<?xml version="1.0" encoding="UTF-8"?>
<testsuite xmlns:xsi="http://www.w3.org/2001/XMLSchema-instance" xsi:noNamespaceSchemaLocation="https://maven.apache.org/surefire/maven-surefire-plugin/xsd/surefire-test-report.xsd" name="org.apache.hadoop.ozone.client.rpc.TestMultiBlockWritesWithDnFailures" time="80.956" tests="2" errors="0" skipped="0" failures="1">
  <properties>
    <property name="awt.toolkit" value="sun.awt.X11.XToolkit"/>
    <property name="file.encoding.pkg" value="sun.io"/>
    <property name="java.specification.version" value="1.8"/>
    <property name="sun.cpu.isalist" value=""/>
    <property name="sun.jnu.encoding" value="ANSI_X3.4-1968"/>
    <property name="java.class.path" value="/workdir/hadoop-ozone/integration-test/target/test-classes:/workdir/hadoop-ozone/integration-test/target/classes:/home/user/.m2/repository/org/apache/hadoop/hadoop-ozone-common/0.5.0-SNAPSHOT/hadoop-ozone-common-0.5.0-SNAPSHOT.jar:/home/user/.m2/repository/org/apache/commons/commons-compress/1.4.1/commons-compress-1.4.1.jar:/home/user/.m2/repository/org/tukaani/xz/1.0/xz-1.0.jar:/home/user/.m2/repository/org/apache/hadoop/hadoop-common/3.2.0/hadoop-common-3.2.0.jar:/home/user/.m2/repository/org/apache/hadoop/hadoop-hdfs/3.2.0/hadoop-hdfs-3.2.0.jar:/home/user/.m2/repository/org/apache/hadoop/hadoop-hdfs-client/3.2.0/hadoop-hdfs-client-3.2.0.jar:/home/user/.m2/repository/com/fasterxml/jackson/core/jackson-annotations/2.9.9/jackson-annotations-2.9.9.jar:/home/user/.m2/repository/org/apache/hadoop/hadoop-hdds-common/0.5.0-SNAPSHOT/hadoop-hdds-common-0.5.0-SNAPSHOT.jar:/home/user/.m2/repository/javax/annotation/javax.annotation-api/1.2/javax.annotation-api-1.2.jar:/home/user/.m2/repository/org/apache/ratis/ratis-server/0.5.0-3f446aa-SNAPSHOT/ratis-server-0.5.0-3f446aa-SNAPSHOT.jar:/home/user/.m2/repository/org/apache/ratis/ratis-thirdparty-misc/0.2.0/ratis-thirdparty-misc-0.2.0.jar:/home/user/.m2/repository/org/apache/ratis/ratis-proto/0.5.0-3f446aa-SNAPSHOT/ratis-proto-0.5.0-3f446aa-SNAPSHOT.jar:/home/user/.m2/repository/org/apache/ratis/ratis-common/0.5.0-3f446aa-SNAPSHOT/ratis-common-0.5.0-3f446aa-SNAPSHOT.jar:/home/user/.m2/repository/org/apache/ratis/ratis-client/0.5.0-3f446aa-SNAPSHOT/ratis-client-0.5.0-3f446aa-SNAPSHOT.jar:/home/user/.m2/repository/org/apache/ratis/ratis-metrics/0.5.0-3f446aa-SNAPSHOT/ratis-metrics-0.5.0-3f446aa-SNAPSHOT.jar:/home/user/.m2/repository/com/github/joshelser/dropwizard-metrics-hadoop-metrics2-reporter/0.1.2/dropwizard-metrics-hadoop-metrics2-reporter-0.1.2.jar:/home/user/.m2/repository/io/dropwizard/metrics/metrics-jvm/3.2.5/metrics-jvm-3.2.5.jar:/home/user/.m2/repository/io/dropwizard/metrics/metrics-ganglia/3.2.5/metrics-ganglia-3.2.5.jar:/home/user/.m2/repository/info/ganglia/gmetric4j/gmetric4j/1.0.7/gmetric4j-1.0.7.jar:/home/user/.m2/repository/org/apache/ratis/ratis-netty/0.5.0-3f446aa-SNAPSHOT/ratis-netty-0.5.0-3f446aa-SNAPSHOT.jar:/home/user/.m2/repository/org/apache/ratis/ratis-grpc/0.5.0-3f446aa-SNAPSHOT/ratis-grpc-0.5.0-3f446aa-SNAPSHOT.jar:/home/user/.m2/repository/org/rocksdb/rocksdbjni/6.0.1/rocksdbjni-6.0.1.jar:/home/user/.m2/repository/org/apache/logging/log4j/log4j-api/2.11.0/log4j-api-2.11.0.jar:/home/user/.m2/repository/org/apache/logging/log4j/log4j-core/2.11.0/log4j-core-2.11.0.jar:/home/user/.m2/repository/com/lmax/disruptor/3.4.2/disruptor-3.4.2.jar:/home/user/.m2/repository/org/apache/commons/commons-pool2/2.6.0/commons-pool2-2.6.0.jar:/home/user/.m2/repository/org/bouncycastle/bcpkix-jdk15on/1.60/bcpkix-jdk15on-1.60.jar:/home/user/.m2/repository/commons-validator/commons-validator/1.6/commons-validator-1.6.jar:/home/user/.m2/repository/commons-digester/commons-digester/1.8.1/commons-digester-1.8.1.jar:/home/user/.m2/repository/io/jaegertracing/jaeger-client/0.34.0/jaeger-client-0.34.0.jar:/home/user/.m2/repository/io/jaegertracing/jaeger-thrift/0.34.0/jaeger-thrift-0.34.0.jar:/home/user/.m2/repository/org/apache/thrift/libthrift/0.12.0/libthrift-0.12.0.jar:/home/user/.m2/repository/com/squareup/okhttp3/okhttp/3.9.0/okhttp-3.9.0.jar:/home/user/.m2/repository/com/squareup/okio/okio/1.13.0/okio-1.13.0.jar:/home/user/.m2/repository/io/jaegertracing/jaeger-core/0.34.0/jaeger-core-0.34.0.jar:/home/user/.m2/repository/io/jaegertracing/jaeger-tracerresolver/0.34.0/jaeger-tracerresolver-0.34.0.jar:/home/user/.m2/repository/io/opentracing/contrib/opentracing-tracerresolver/0.1.5/opentracing-tracerresolver-0.1.5.jar:/home/user/.m2/repository/io/opentracing/opentracing-util/0.31.0/opentracing-util-0.31.0.jar:/home/user/.m2/repository/io/opentracing/opentracing-api/0.31.0/opentracing-api-0.31.0.jar:/home/user/.m2/repository/io/opentracing/opentracing-noop/0.31.0/opentracing-noop-0.31.0.jar:/home/user/.m2/repository/org/apache/hadoop/hadoop-hdds-server-framework/0.5.0-SNAPSHOT/hadoop-hdds-server-framework-0.5.0-SNAPSHOT.jar:/home/user/.m2/repository/org/apache/hadoop/hadoop-hdds-container-service/0.5.0-SNAPSHOT/hadoop-hdds-container-service-0.5.0-SNAPSHOT.jar:/home/user/.m2/repository/org/apache/hadoop/hadoop-hdds-client/0.5.0-SNAPSHOT/hadoop-hdds-client-0.5.0-SNAPSHOT.jar:/home/user/.m2/repository/org/apache/hadoop/hadoop-hdds-tools/0.5.0-SNAPSHOT/hadoop-hdds-tools-0.5.0-SNAPSHOT.jar:/home/user/.m2/repository/org/apache/hadoop/hadoop-hdds-server-scm/0.5.0-SNAPSHOT/hadoop-hdds-server-scm-0.5.0-SNAPSHOT.jar:/home/user/.m2/repository/org/apache/hadoop/hadoop-hdds-docs/0.5.0-SNAPSHOT/hadoop-hdds-docs-0.5.0-SNAPSHOT.jar:/home/user/.m2/repository/io/dropwizard/metrics/metrics-core/3.2.4/metrics-core-3.2.4.jar:/home/user/.m2/repository/org/hamcrest/hamcrest-all/1.3/hamcrest-all-1.3.jar:/home/user/.m2/repository/org/bouncycastle/bcprov-jdk15on/1.60/bcprov-jdk15on-1.60.jar:/home/user/.m2/repository/info/picocli/picocli/3.9.6/picocli-3.9.6.jar:/home/user/.m2/repository/com/google/protobuf/protobuf-java/2.5.0/protobuf-java-2.5.0.jar:/home/user/.m2/repository/com/google/guava/guava/11.0.2/guava-11.0.2.jar:/home/user/.m2/repository/org/apache/hadoop/hadoop-ozone-ozone-manager/0.5.0-SNAPSHOT/hadoop-ozone-ozone-manager-0.5.0-SNAPSHOT.jar:/home/user/.m2/repository/org/apache/hadoop/hadoop-minikdc/3.2.0/hadoop-minikdc-3.2.0.jar:/home/user/.m2/repository/commons-io/commons-io/2.5/commons-io-2.5.jar:/home/user/.m2/repository/org/apache/kerby/kerb-simplekdc/1.0.1/kerb-simplekdc-1.0.1.jar:/home/user/.m2/repository/org/apache/kerby/kerb-client/1.0.1/kerb-client-1.0.1.jar:/home/user/.m2/repository/org/apache/kerby/kerby-config/1.0.1/kerby-config-1.0.1.jar:/home/user/.m2/repository/org/apache/kerby/kerb-core/1.0.1/kerb-core-1.0.1.jar:/home/user/.m2/repository/org/apache/kerby/kerby-pkix/1.0.1/kerby-pkix-1.0.1.jar:/home/user/.m2/repository/org/apache/kerby/kerby-asn1/1.0.1/kerby-asn1-1.0.1.jar:/home/user/.m2/repository/org/apache/kerby/kerby-util/1.0.1/kerby-util-1.0.1.jar:/home/user/.m2/repository/org/apache/kerby/kerb-common/1.0.1/kerb-common-1.0.1.jar:/home/user/.m2/repository/org/apache/kerby/kerb-crypto/1.0.1/kerb-crypto-1.0.1.jar:/home/user/.m2/repository/org/apache/kerby/kerb-util/1.0.1/kerb-util-1.0.1.jar:/home/user/.m2/repository/org/apache/kerby/token-provider/1.0.1/token-provider-1.0.1.jar:/home/user/.m2/repository/org/apache/kerby/kerb-admin/1.0.1/kerb-admin-1.0.1.jar:/home/user/.m2/repository/org/apache/kerby/kerb-server/1.0.1/kerb-server-1.0.1.jar:/home/user/.m2/repository/org/apache/kerby/kerb-identity/1.0.1/kerb-identity-1.0.1.jar:/home/user/.m2/repository/org/apache/kerby/kerby-xdr/1.0.1/kerby-xdr-1.0.1.jar:/home/user/.m2/repository/org/slf4j/slf4j-log4j12/1.7.25/slf4j-log4j12-1.7.25.jar:/home/user/.m2/repository/org/apache/hadoop/hadoop-ozone-s3gateway/0.5.0-SNAPSHOT/hadoop-ozone-s3gateway-0.5.0-SNAPSHOT.jar:/home/user/.m2/repository/org/jboss/weld/servlet/weld-servlet/2.4.7.Final/weld-servlet-2.4.7.Final.jar:/home/user/.m2/repository/org/glassfish/jersey/containers/jersey-container-servlet-core/2.27/jersey-container-servlet-core-2.27.jar:/home/user/.m2/repository/org/glassfish/hk2/external/javax.inject/2.5.0-b42/javax.inject-2.5.0-b42.jar:/home/user/.m2/repository/org/glassfish/jersey/core/jersey-common/2.27/jersey-common-2.27.jar:/home/user/.m2/repository/org/glassfish/hk2/osgi-resource-locator/1.0.1/osgi-resource-locator-1.0.1.jar:/home/user/.m2/repository/javax/ws/rs/javax.ws.rs-api/2.1/javax.ws.rs-api-2.1.jar:/home/user/.m2/repository/org/glassfish/jersey/ext/cdi/jersey-cdi1x/2.27/jersey-cdi1x-2.27.jar:/home/user/.m2/repository/org/glassfish/jersey/inject/jersey-hk2/2.27/jersey-hk2-2.27.jar:/home/user/.m2/repository/org/glassfish/hk2/hk2-locator/2.5.0-b42/hk2-locator-2.5.0-b42.jar:/home/user/.m2/repository/org/javassist/javassist/3.22.0-CR2/javassist-3.22.0-CR2.jar:/home/user/.m2/repository/org/glassfish/hk2/hk2-api/2.5.0/hk2-api-2.5.0.jar:/home/user/.m2/repository/org/glassfish/hk2/external/jakarta.inject/2.5.0/jakarta.inject-2.5.0.jar:/home/user/.m2/repository/org/glassfish/hk2/hk2-utils/2.5.0/hk2-utils-2.5.0.jar:/home/user/.m2/repository/jakarta/annotation/jakarta.annotation-api/1.3.4/jakarta.annotation-api-1.3.4.jar:/home/user/.m2/repository/org/glassfish/hk2/external/aopalliance-repackaged/2.5.0/aopalliance-repackaged-2.5.0.jar:/home/user/.m2/repository/com/fasterxml/jackson/dataformat/jackson-dataformat-xml/2.9.0/jackson-dataformat-xml-2.9.0.jar:/home/user/.m2/repository/com/fasterxml/jackson/core/jackson-core/2.9.9/jackson-core-2.9.9.jar:/home/user/.m2/repository/com/fasterxml/jackson/module/jackson-module-jaxb-annotations/2.9.9/jackson-module-jaxb-annotations-2.9.9.jar:/home/user/.m2/repository/javax/enterprise/cdi-api/1.2/cdi-api-1.2.jar:/home/user/.m2/repository/javax/el/javax.el-api/3.0.0/javax.el-api-3.0.0.jar:/home/user/.m2/repository/javax/interceptor/javax.interceptor-api/1.2/javax.interceptor-api-1.2.jar:/home/user/.m2/repository/javax/inject/javax.inject/1/javax.inject-1.jar:/home/user/.m2/repository/com/sun/xml/bind/jaxb-impl/2.3.0.1/jaxb-impl-2.3.0.1.jar:/home/user/.m2/repository/com/sun/xml/bind/jaxb-core/2.3.0.1/jaxb-core-2.3.0.1.jar:/home/user/.m2/repository/javax/xml/bind/jaxb-api/2.3.0/jaxb-api-2.3.0.jar:/home/user/.m2/repository/javax/activation/activation/1.1.1/activation-1.1.1.jar:/home/user/.m2/repository/org/apache/hadoop/hadoop-ozone-csi/0.5.0-SNAPSHOT/hadoop-ozone-csi-0.5.0-SNAPSHOT.jar:/home/user/.m2/repository/com/google/protobuf/protobuf-java-util/3.5.1/protobuf-java-util-3.5.1.jar:/home/user/.m2/repository/org/apache/hadoop/hadoop-hdds-config/0.5.0-SNAPSHOT/hadoop-hdds-config-0.5.0-SNAPSHOT.jar:/home/user/.m2/repository/io/grpc/grpc-netty/1.17.1/grpc-netty-1.17.1.jar:/home/user/.m2/repository/io/grpc/grpc-core/1.17.1/grpc-core-1.17.1.jar:/home/user/.m2/repository/io/grpc/grpc-context/1.17.1/grpc-context-1.17.1.jar:/home/user/.m2/repository/com/google/errorprone/error_prone_annotations/2.2.0/error_prone_annotations-2.2.0.jar:/home/user/.m2/repository/org/codehaus/mojo/animal-sniffer-annotations/1.17/animal-sniffer-annotations-1.17.jar:/home/user/.m2/repository/io/opencensus/opencensus-api/0.17.0/opencensus-api-0.17.0.jar:/home/user/.m2/repository/io/opencensus/opencensus-contrib-grpc-metrics/0.17.0/opencensus-contrib-grpc-metrics-0.17.0.jar:/home/user/.m2/repository/io/netty/netty-codec-http2/4.1.30.Final/netty-codec-http2-4.1.30.Final.jar:/home/user/.m2/repository/io/netty/netty-codec-http/4.1.30.Final/netty-codec-http-4.1.30.Final.jar:/home/user/.m2/repository/io/netty/netty-codec/4.1.30.Final/netty-codec-4.1.30.Final.jar:/home/user/.m2/repository/io/netty/netty-handler/4.1.30.Final/netty-handler-4.1.30.Final.jar:/home/user/.m2/repository/io/netty/netty-handler-proxy/4.1.30.Final/netty-handler-proxy-4.1.30.Final.jar:/home/user/.m2/repository/io/netty/netty-codec-socks/4.1.30.Final/netty-codec-socks-4.1.30.Final.jar:/home/user/.m2/repository/io/netty/netty-transport-native-epoll/4.1.30.Final/netty-transport-native-epoll-4.1.30.Final.jar:/home/user/.m2/repository/io/netty/netty-common/4.1.30.Final/netty-common-4.1.30.Final.jar:/home/user/.m2/repository/io/netty/netty-buffer/4.1.30.Final/netty-buffer-4.1.30.Final.jar:/home/user/.m2/repository/io/netty/netty-transport/4.1.30.Final/netty-transport-4.1.30.Final.jar:/home/user/.m2/repository/io/netty/netty-resolver/4.1.30.Final/netty-resolver-4.1.30.Final.jar:/home/user/.m2/repository/io/netty/netty-transport-native-unix-common/4.1.30.Final/netty-transport-native-unix-common-4.1.30.Final.jar:/home/user/.m2/repository/io/grpc/grpc-protobuf/1.17.1/grpc-protobuf-1.17.1.jar:/home/user/.m2/repository/com/google/api/grpc/proto-google-common-protos/1.0.0/proto-google-common-protos-1.0.0.jar:/home/user/.m2/repository/io/grpc/grpc-protobuf-lite/1.17.1/grpc-protobuf-lite-1.17.1.jar:/home/user/.m2/repository/io/grpc/grpc-stub/1.17.1/grpc-stub-1.17.1.jar:/home/user/.m2/repository/org/apache/hadoop/hadoop-ozone-recon/0.5.0-SNAPSHOT/hadoop-ozone-recon-0.5.0-SNAPSHOT.jar:/home/user/.m2/repository/org/apache/hadoop/hadoop-ozone-reconcodegen/0.5.0-SNAPSHOT/hadoop-ozone-reconcodegen-0.5.0-SNAPSHOT.jar:/home/user/.m2/repository/com/google/inject/extensions/guice-multibindings/4.0/guice-multibindings-4.0.jar:/home/user/.m2/repository/com/google/inject/guice/4.0/guice-4.0.jar:/home/user/.m2/repository/aopalliance/aopalliance/1.0/aopalliance-1.0.jar:/home/user/.m2/repository/com/google/inject/extensions/guice-servlet/4.0/guice-servlet-4.0.jar:/home/user/.m2/repository/org/glassfish/jersey/containers/jersey-container-servlet/2.27/jersey-container-servlet-2.27.jar:/home/user/.m2/repository/org/glassfish/hk2/guice-bridge/2.5.0/guice-bridge-2.5.0.jar:/home/user/.m2/repository/org/glassfish/jersey/core/jersey-server/2.27/jersey-server-2.27.jar:/home/user/.m2/repository/org/glassfish/jersey/core/jersey-client/2.27/jersey-client-2.27.jar:/home/user/.m2/repository/org/glassfish/jersey/media/jersey-media-jaxb/2.27/jersey-media-jaxb-2.27.jar:/home/user/.m2/repository/javax/validation/validation-api/1.1.0.Final/validation-api-1.1.0.Final.jar:/home/user/.m2/repository/org/glassfish/jersey/media/jersey-media-json-jackson/2.27/jersey-media-json-jackson-2.27.jar:/home/user/.m2/repository/org/glassfish/jersey/ext/jersey-entity-filtering/2.27/jersey-entity-filtering-2.27.jar:/home/user/.m2/repository/com/google/inject/extensions/guice-assistedinject/4.0/guice-assistedinject-4.0.jar:/home/user/.m2/repository/org/jooq/jooq/3.11.10/jooq-3.11.10.jar:/home/user/.m2/repository/org/jooq/jooq-meta/3.11.10/jooq-meta-3.11.10.jar:/home/user/.m2/repository/org/jooq/jooq-codegen/3.11.10/jooq-codegen-3.11.10.jar:/home/user/.m2/repository/com/jolbox/bonecp/0.8.0.RELEASE/bonecp-0.8.0.RELEASE.jar:/home/user/.m2/repository/org/xerial/sqlite-jdbc/3.25.2/sqlite-jdbc-3.25.2.jar:/home/user/.m2/repository/org/springframework/spring-jdbc/5.1.3.RELEASE/spring-jdbc-5.1.3.RELEASE.jar:/home/user/.m2/repository/org/springframework/spring-beans/5.1.3.RELEASE/spring-beans-5.1.3.RELEASE.jar:/home/user/.m2/repository/org/springframework/spring-core/5.1.3.RELEASE/spring-core-5.1.3.RELEASE.jar:/home/user/.m2/repository/org/springframework/spring-jcl/5.1.3.RELEASE/spring-jcl-5.1.3.RELEASE.jar:/home/user/.m2/repository/org/springframework/spring-tx/5.1.3.RELEASE/spring-tx-5.1.3.RELEASE.jar:/home/user/.m2/repository/org/apache/hadoop/hadoop-ozone-client/0.5.0-SNAPSHOT/hadoop-ozone-client-0.5.0-SNAPSHOT.jar:/home/user/.m2/repository/commons-lang/commons-lang/2.6/commons-lang-2.6.jar:/home/user/.m2/repository/org/apache/hadoop/hadoop-ozone-ozone-manager/0.5.0-SNAPSHOT/hadoop-ozone-ozone-manager-0.5.0-SNAPSHOT-tests.jar:/home/user/.m2/repository/junit/junit/4.11/junit-4.11.jar:/home/user/.m2/repository/org/hamcrest/hamcrest-core/1.3/hamcrest-core-1.3.jar:/home/user/.m2/repository/org/openjdk/jmh/jmh-core/1.19/jmh-core-1.19.jar:/home/user/.m2/repository/net/sf/jopt-simple/jopt-simple/4.6/jopt-simple-4.6.jar:/home/user/.m2/repository/org/apache/commons/commons-math3/3.1.1/commons-math3-3.1.1.jar:/home/user/.m2/repository/org/openjdk/jmh/jmh-generator-annprocess/1.19/jmh-generator-annprocess-1.19.jar:/home/user/.m2/repository/org/mockito/mockito-all/1.8.5/mockito-all-1.8.5.jar:/home/user/.m2/repository/org/apache/hadoop/hadoop-kms/3.2.0/hadoop-kms-3.2.0.jar:/home/user/.m2/repository/org/apache/hadoop/hadoop-auth/3.2.0/hadoop-auth-3.2.0.jar:/home/user/.m2/repository/com/nimbusds/nimbus-jose-jwt/4.41.1/nimbus-jose-jwt-4.41.1.jar:/home/user/.m2/repository/com/github/stephenc/jcip/jcip-annotations/1.0-1/jcip-annotations-1.0-1.jar:/home/user/.m2/repository/net/minidev/json-smart/2.3/json-smart-2.3.jar:/home/user/.m2/repository/net/minidev/accessors-smart/1.2/accessors-smart-1.2.jar:/home/user/.m2/repository/org/ow2/asm/asm/5.0.4/asm-5.0.4.jar:/home/user/.m2/repository/org/apache/curator/curator-framework/2.12.0/curator-framework-2.12.0.jar:/home/user/.m2/repository/com/sun/jersey/jersey-core/1.19/jersey-core-1.19.jar:/home/user/.m2/repository/javax/ws/rs/jsr311-api/1.1.1/jsr311-api-1.1.1.jar:/home/user/.m2/repository/com/sun/jersey/jersey-server/1.19/jersey-server-1.19.jar:/home/user/.m2/repository/javax/servlet/javax.servlet-api/3.1.0/javax.servlet-api-3.1.0.jar:/home/user/.m2/repository/org/eclipse/jetty/jetty-server/9.3.25.v20180904/jetty-server-9.3.25.v20180904.jar:/home/user/.m2/repository/org/eclipse/jetty/jetty-http/9.3.25.v20180904/jetty-http-9.3.25.v20180904.jar:/home/user/.m2/repository/org/eclipse/jetty/jetty-io/9.3.25.v20180904/jetty-io-9.3.25.v20180904.jar:/home/user/.m2/repository/org/eclipse/jetty/jetty-webapp/9.3.25.v20180904/jetty-webapp-9.3.25.v20180904.jar:/home/user/.m2/repository/org/eclipse/jetty/jetty-xml/9.3.25.v20180904/jetty-xml-9.3.25.v20180904.jar:/home/user/.m2/repository/log4j/log4j/1.2.17/log4j-1.2.17.jar:/home/user/.m2/repository/org/slf4j/slf4j-api/1.7.25/slf4j-api-1.7.25.jar:/home/user/.m2/repository/org/slf4j/jul-to-slf4j/1.7.25/jul-to-slf4j-1.7.25.jar:/home/user/.m2/repository/org/eclipse/jetty/jetty-util/9.3.25.v20180904/jetty-util-9.3.25.v20180904.jar:/home/user/.m2/repository/com/fasterxml/jackson/core/jackson-databind/2.9.9/jackson-databind-2.9.9.jar:/home/user/.m2/repository/org/apache/hadoop/hadoop-kms/3.2.0/hadoop-kms-3.2.0-tests.jar:/home/user/.m2/repository/org/apache/hadoop/hadoop-hdds-server-scm/0.5.0-SNAPSHOT/hadoop-hdds-server-scm-0.5.0-SNAPSHOT-tests.jar:/home/user/.m2/repository/org/apache/hadoop/hadoop-hdds-container-service/0.5.0-SNAPSHOT/hadoop-hdds-container-service-0.5.0-SNAPSHOT-tests.jar:/home/user/.m2/repository/org/yaml/snakeyaml/1.16/snakeyaml-1.16.jar:/home/user/.m2/repository/org/apache/hadoop/hadoop-common/3.2.0/hadoop-common-3.2.0-tests.jar:/home/user/.m2/repository/org/apache/hadoop/hadoop-annotations/3.2.0/hadoop-annotations-3.2.0.jar:/usr/lib/jvm/java-1.8.0-openjdk-1.8.0.222.b10-1.el7_7.x86_64/jre/../lib/tools.jar:/home/user/.m2/repository/commons-cli/commons-cli/1.2/commons-cli-1.2.jar:/home/user/.m2/repository/org/apache/httpcomponents/httpclient/4.5.2/httpclient-4.5.2.jar:/home/user/.m2/repository/org/apache/httpcomponents/httpcore/4.4.4/httpcore-4.4.4.jar:/home/user/.m2/repository/commons-codec/commons-codec/1.11/commons-codec-1.11.jar:/home/user/.m2/repository/commons-net/commons-net/3.6/commons-net-3.6.jar:/home/user/.m2/repository/commons-collections/commons-collections/3.2.2/commons-collections-3.2.2.jar:/home/user/.m2/repository/org/eclipse/jetty/jetty-servlet/9.3.25.v20180904/jetty-servlet-9.3.25.v20180904.jar:/home/user/.m2/repository/org/eclipse/jetty/jetty-security/9.3.25.v20180904/jetty-security-9.3.25.v20180904.jar:/home/user/.m2/repository/javax/servlet/jsp/jsp-api/2.1/jsp-api-2.1.jar:/home/user/.m2/repository/com/sun/jersey/jersey-servlet/1.19/jersey-servlet-1.19.jar:/home/user/.m2/repository/com/sun/jersey/jersey-json/1.19/jersey-json-1.19.jar:/home/user/.m2/repository/org/codehaus/jettison/jettison/1.1/jettison-1.1.jar:/home/user/.m2/repository/org/codehaus/jackson/jackson-core-asl/1.9.13/jackson-core-asl-1.9.13.jar:/home/user/.m2/repository/org/codehaus/jackson/jackson-mapper-asl/1.9.13/jackson-mapper-asl-1.9.13.jar:/home/user/.m2/repository/org/codehaus/jackson/jackson-jaxrs/1.9.13/jackson-jaxrs-1.9.13.jar:/home/user/.m2/repository/org/codehaus/jackson/jackson-xc/1.9.13/jackson-xc-1.9.13.jar:/home/user/.m2/repository/commons-logging/commons-logging/1.1.3/commons-logging-1.1.3.jar:/home/user/.m2/repository/commons-beanutils/commons-beanutils/1.9.4/commons-beanutils-1.9.4.jar:/home/user/.m2/repository/org/apache/commons/commons-configuration2/2.1.1/commons-configuration2-2.1.1.jar:/home/user/.m2/repository/org/apache/commons/commons-lang3/3.7/commons-lang3-3.7.jar:/home/user/.m2/repository/org/apache/commons/commons-text/1.4/commons-text-1.4.jar:/home/user/.m2/repository/org/apache/avro/avro/1.7.7/avro-1.7.7.jar:/home/user/.m2/repository/com/thoughtworks/paranamer/paranamer/2.3/paranamer-2.3.jar:/home/user/.m2/repository/org/xerial/snappy/snappy-java/1.0.5/snappy-java-1.0.5.jar:/home/user/.m2/repository/com/google/re2j/re2j/1.1/re2j-1.1.jar:/home/user/.m2/repository/com/google/code/gson/gson/2.2.4/gson-2.2.4.jar:/home/user/.m2/repository/com/jcraft/jsch/0.1.54/jsch-0.1.54.jar:/home/user/.m2/repository/org/apache/curator/curator-client/2.12.0/curator-client-2.12.0.jar:/home/user/.m2/repository/org/apache/curator/curator-recipes/2.12.0/curator-recipes-2.12.0.jar:/home/user/.m2/repository/com/google/code/findbugs/jsr305/3.0.0/jsr305-3.0.0.jar:/home/user/.m2/repository/org/apache/htrace/htrace-core4/4.1.0-incubating/htrace-core4-4.1.0-incubating.jar:/home/user/.m2/repository/org/apache/zookeeper/zookeeper/3.4.13/zookeeper-3.4.13.jar:/home/user/.m2/repository/jline/jline/0.9.94/jline-0.9.94.jar:/home/user/.m2/repository/org/apache/yetus/audience-annotations/0.5.0/audience-annotations-0.5.0.jar:/home/user/.m2/repository/org/codehaus/woodstox/stax2-api/3.1.4/stax2-api-3.1.4.jar:/home/user/.m2/repository/com/fasterxml/woodstox/woodstox-core/5.0.3/woodstox-core-5.0.3.jar:/home/user/.m2/repository/dnsjava/dnsjava/2.1.7/dnsjava-2.1.7.jar:/home/user/.m2/repository/org/apache/hadoop/hadoop-hdfs/3.2.0/hadoop-hdfs-3.2.0-tests.jar:/home/user/.m2/repository/org/eclipse/jetty/jetty-util-ajax/9.3.25.v20180904/jetty-util-ajax-9.3.25.v20180904.jar:/home/user/.m2/repository/commons-daemon/commons-daemon/1.0.13/commons-daemon-1.0.13.jar:/home/user/.m2/repository/io/netty/netty/3.10.5.Final/netty-3.10.5.Final.jar:/home/user/.m2/repository/io/netty/netty-all/4.0.52.Final/netty-all-4.0.52.Final.jar:/home/user/.m2/repository/org/fusesource/leveldbjni/leveldbjni-all/1.8/leveldbjni-all-1.8.jar:"/>
    <property name="java.vm.vendor" value="Oracle Corporation"/>
    <property name="sun.arch.data.model" value="64"/>
    <property name="test.build.dir" value="/workdir/hadoop-ozone/integration-test/target/test-dir"/>
    <property name="test.cache.data" value=""/>
    <property name="java.vendor.url" value="http://java.oracle.com/"/>
    <property name="user.timezone" value=""/>
    <property name="java.vm.specification.version" value="1.8"/>
    <property name="os.name" value="Linux"/>
    <property name="test.build.data" value="/workdir/hadoop-ozone/integration-test/target/test-dir"/>
    <property name="user.country" value="US"/>
    <property name="sun.java.launcher" value="SUN_STANDARD"/>
    <property name="sun.boot.library.path" value="/usr/lib/jvm/java-1.8.0-openjdk-1.8.0.222.b10-1.el7_7.x86_64/jre/lib/amd64"/>
    <property name="sun.java.command" value="/workdir/hadoop-ozone/integration-test/target/surefire/surefirebooter6901496386849529329.jar /workdir/hadoop-ozone/integration-test/target/surefire 2019-10-21T21-03-38_375-jvmRun1 surefire2676420011476686551tmp surefire_476013075644333165392tmp"/>
    <property name="surefire.test.class.path" value="/workdir/hadoop-ozone/integration-test/target/test-classes:/workdir/hadoop-ozone/integration-test/target/classes:/home/user/.m2/repository/org/apache/hadoop/hadoop-ozone-common/0.5.0-SNAPSHOT/hadoop-ozone-common-0.5.0-SNAPSHOT.jar:/home/user/.m2/repository/org/apache/commons/commons-compress/1.4.1/commons-compress-1.4.1.jar:/home/user/.m2/repository/org/tukaani/xz/1.0/xz-1.0.jar:/home/user/.m2/repository/org/apache/hadoop/hadoop-common/3.2.0/hadoop-common-3.2.0.jar:/home/user/.m2/repository/org/apache/hadoop/hadoop-hdfs/3.2.0/hadoop-hdfs-3.2.0.jar:/home/user/.m2/repository/org/apache/hadoop/hadoop-hdfs-client/3.2.0/hadoop-hdfs-client-3.2.0.jar:/home/user/.m2/repository/com/fasterxml/jackson/core/jackson-annotations/2.9.9/jackson-annotations-2.9.9.jar:/home/user/.m2/repository/org/apache/hadoop/hadoop-hdds-common/0.5.0-SNAPSHOT/hadoop-hdds-common-0.5.0-SNAPSHOT.jar:/home/user/.m2/repository/javax/annotation/javax.annotation-api/1.2/javax.annotation-api-1.2.jar:/home/user/.m2/repository/org/apache/ratis/ratis-server/0.5.0-3f446aa-SNAPSHOT/ratis-server-0.5.0-3f446aa-SNAPSHOT.jar:/home/user/.m2/repository/org/apache/ratis/ratis-thirdparty-misc/0.2.0/ratis-thirdparty-misc-0.2.0.jar:/home/user/.m2/repository/org/apache/ratis/ratis-proto/0.5.0-3f446aa-SNAPSHOT/ratis-proto-0.5.0-3f446aa-SNAPSHOT.jar:/home/user/.m2/repository/org/apache/ratis/ratis-common/0.5.0-3f446aa-SNAPSHOT/ratis-common-0.5.0-3f446aa-SNAPSHOT.jar:/home/user/.m2/repository/org/apache/ratis/ratis-client/0.5.0-3f446aa-SNAPSHOT/ratis-client-0.5.0-3f446aa-SNAPSHOT.jar:/home/user/.m2/repository/org/apache/ratis/ratis-metrics/0.5.0-3f446aa-SNAPSHOT/ratis-metrics-0.5.0-3f446aa-SNAPSHOT.jar:/home/user/.m2/repository/com/github/joshelser/dropwizard-metrics-hadoop-metrics2-reporter/0.1.2/dropwizard-metrics-hadoop-metrics2-reporter-0.1.2.jar:/home/user/.m2/repository/io/dropwizard/metrics/metrics-jvm/3.2.5/metrics-jvm-3.2.5.jar:/home/user/.m2/repository/io/dropwizard/metrics/metrics-ganglia/3.2.5/metrics-ganglia-3.2.5.jar:/home/user/.m2/repository/info/ganglia/gmetric4j/gmetric4j/1.0.7/gmetric4j-1.0.7.jar:/home/user/.m2/repository/org/apache/ratis/ratis-netty/0.5.0-3f446aa-SNAPSHOT/ratis-netty-0.5.0-3f446aa-SNAPSHOT.jar:/home/user/.m2/repository/org/apache/ratis/ratis-grpc/0.5.0-3f446aa-SNAPSHOT/ratis-grpc-0.5.0-3f446aa-SNAPSHOT.jar:/home/user/.m2/repository/org/rocksdb/rocksdbjni/6.0.1/rocksdbjni-6.0.1.jar:/home/user/.m2/repository/org/apache/logging/log4j/log4j-api/2.11.0/log4j-api-2.11.0.jar:/home/user/.m2/repository/org/apache/logging/log4j/log4j-core/2.11.0/log4j-core-2.11.0.jar:/home/user/.m2/repository/com/lmax/disruptor/3.4.2/disruptor-3.4.2.jar:/home/user/.m2/repository/org/apache/commons/commons-pool2/2.6.0/commons-pool2-2.6.0.jar:/home/user/.m2/repository/org/bouncycastle/bcpkix-jdk15on/1.60/bcpkix-jdk15on-1.60.jar:/home/user/.m2/repository/commons-validator/commons-validator/1.6/commons-validator-1.6.jar:/home/user/.m2/repository/commons-digester/commons-digester/1.8.1/commons-digester-1.8.1.jar:/home/user/.m2/repository/io/jaegertracing/jaeger-client/0.34.0/jaeger-client-0.34.0.jar:/home/user/.m2/repository/io/jaegertracing/jaeger-thrift/0.34.0/jaeger-thrift-0.34.0.jar:/home/user/.m2/repository/org/apache/thrift/libthrift/0.12.0/libthrift-0.12.0.jar:/home/user/.m2/repository/com/squareup/okhttp3/okhttp/3.9.0/okhttp-3.9.0.jar:/home/user/.m2/repository/com/squareup/okio/okio/1.13.0/okio-1.13.0.jar:/home/user/.m2/repository/io/jaegertracing/jaeger-core/0.34.0/jaeger-core-0.34.0.jar:/home/user/.m2/repository/io/jaegertracing/jaeger-tracerresolver/0.34.0/jaeger-tracerresolver-0.34.0.jar:/home/user/.m2/repository/io/opentracing/contrib/opentracing-tracerresolver/0.1.5/opentracing-tracerresolver-0.1.5.jar:/home/user/.m2/repository/io/opentracing/opentracing-util/0.31.0/opentracing-util-0.31.0.jar:/home/user/.m2/repository/io/opentracing/opentracing-api/0.31.0/opentracing-api-0.31.0.jar:/home/user/.m2/repository/io/opentracing/opentracing-noop/0.31.0/opentracing-noop-0.31.0.jar:/home/user/.m2/repository/org/apache/hadoop/hadoop-hdds-server-framework/0.5.0-SNAPSHOT/hadoop-hdds-server-framework-0.5.0-SNAPSHOT.jar:/home/user/.m2/repository/org/apache/hadoop/hadoop-hdds-container-service/0.5.0-SNAPSHOT/hadoop-hdds-container-service-0.5.0-SNAPSHOT.jar:/home/user/.m2/repository/org/apache/hadoop/hadoop-hdds-client/0.5.0-SNAPSHOT/hadoop-hdds-client-0.5.0-SNAPSHOT.jar:/home/user/.m2/repository/org/apache/hadoop/hadoop-hdds-tools/0.5.0-SNAPSHOT/hadoop-hdds-tools-0.5.0-SNAPSHOT.jar:/home/user/.m2/repository/org/apache/hadoop/hadoop-hdds-server-scm/0.5.0-SNAPSHOT/hadoop-hdds-server-scm-0.5.0-SNAPSHOT.jar:/home/user/.m2/repository/org/apache/hadoop/hadoop-hdds-docs/0.5.0-SNAPSHOT/hadoop-hdds-docs-0.5.0-SNAPSHOT.jar:/home/user/.m2/repository/io/dropwizard/metrics/metrics-core/3.2.4/metrics-core-3.2.4.jar:/home/user/.m2/repository/org/hamcrest/hamcrest-all/1.3/hamcrest-all-1.3.jar:/home/user/.m2/repository/org/bouncycastle/bcprov-jdk15on/1.60/bcprov-jdk15on-1.60.jar:/home/user/.m2/repository/info/picocli/picocli/3.9.6/picocli-3.9.6.jar:/home/user/.m2/repository/com/google/protobuf/protobuf-java/2.5.0/protobuf-java-2.5.0.jar:/home/user/.m2/repository/com/google/guava/guava/11.0.2/guava-11.0.2.jar:/home/user/.m2/repository/org/apache/hadoop/hadoop-ozone-ozone-manager/0.5.0-SNAPSHOT/hadoop-ozone-ozone-manager-0.5.0-SNAPSHOT.jar:/home/user/.m2/repository/org/apache/hadoop/hadoop-minikdc/3.2.0/hadoop-minikdc-3.2.0.jar:/home/user/.m2/repository/commons-io/commons-io/2.5/commons-io-2.5.jar:/home/user/.m2/repository/org/apache/kerby/kerb-simplekdc/1.0.1/kerb-simplekdc-1.0.1.jar:/home/user/.m2/repository/org/apache/kerby/kerb-client/1.0.1/kerb-client-1.0.1.jar:/home/user/.m2/repository/org/apache/kerby/kerby-config/1.0.1/kerby-config-1.0.1.jar:/home/user/.m2/repository/org/apache/kerby/kerb-core/1.0.1/kerb-core-1.0.1.jar:/home/user/.m2/repository/org/apache/kerby/kerby-pkix/1.0.1/kerby-pkix-1.0.1.jar:/home/user/.m2/repository/org/apache/kerby/kerby-asn1/1.0.1/kerby-asn1-1.0.1.jar:/home/user/.m2/repository/org/apache/kerby/kerby-util/1.0.1/kerby-util-1.0.1.jar:/home/user/.m2/repository/org/apache/kerby/kerb-common/1.0.1/kerb-common-1.0.1.jar:/home/user/.m2/repository/org/apache/kerby/kerb-crypto/1.0.1/kerb-crypto-1.0.1.jar:/home/user/.m2/repository/org/apache/kerby/kerb-util/1.0.1/kerb-util-1.0.1.jar:/home/user/.m2/repository/org/apache/kerby/token-provider/1.0.1/token-provider-1.0.1.jar:/home/user/.m2/repository/org/apache/kerby/kerb-admin/1.0.1/kerb-admin-1.0.1.jar:/home/user/.m2/repository/org/apache/kerby/kerb-server/1.0.1/kerb-server-1.0.1.jar:/home/user/.m2/repository/org/apache/kerby/kerb-identity/1.0.1/kerb-identity-1.0.1.jar:/home/user/.m2/repository/org/apache/kerby/kerby-xdr/1.0.1/kerby-xdr-1.0.1.jar:/home/user/.m2/repository/org/slf4j/slf4j-log4j12/1.7.25/slf4j-log4j12-1.7.25.jar:/home/user/.m2/repository/org/apache/hadoop/hadoop-ozone-s3gateway/0.5.0-SNAPSHOT/hadoop-ozone-s3gateway-0.5.0-SNAPSHOT.jar:/home/user/.m2/repository/org/jboss/weld/servlet/weld-servlet/2.4.7.Final/weld-servlet-2.4.7.Final.jar:/home/user/.m2/repository/org/glassfish/jersey/containers/jersey-container-servlet-core/2.27/jersey-container-servlet-core-2.27.jar:/home/user/.m2/repository/org/glassfish/hk2/external/javax.inject/2.5.0-b42/javax.inject-2.5.0-b42.jar:/home/user/.m2/repository/org/glassfish/jersey/core/jersey-common/2.27/jersey-common-2.27.jar:/home/user/.m2/repository/org/glassfish/hk2/osgi-resource-locator/1.0.1/osgi-resource-locator-1.0.1.jar:/home/user/.m2/repository/javax/ws/rs/javax.ws.rs-api/2.1/javax.ws.rs-api-2.1.jar:/home/user/.m2/repository/org/glassfish/jersey/ext/cdi/jersey-cdi1x/2.27/jersey-cdi1x-2.27.jar:/home/user/.m2/repository/org/glassfish/jersey/inject/jersey-hk2/2.27/jersey-hk2-2.27.jar:/home/user/.m2/repository/org/glassfish/hk2/hk2-locator/2.5.0-b42/hk2-locator-2.5.0-b42.jar:/home/user/.m2/repository/org/javassist/javassist/3.22.0-CR2/javassist-3.22.0-CR2.jar:/home/user/.m2/repository/org/glassfish/hk2/hk2-api/2.5.0/hk2-api-2.5.0.jar:/home/user/.m2/repository/org/glassfish/hk2/external/jakarta.inject/2.5.0/jakarta.inject-2.5.0.jar:/home/user/.m2/repository/org/glassfish/hk2/hk2-utils/2.5.0/hk2-utils-2.5.0.jar:/home/user/.m2/repository/jakarta/annotation/jakarta.annotation-api/1.3.4/jakarta.annotation-api-1.3.4.jar:/home/user/.m2/repository/org/glassfish/hk2/external/aopalliance-repackaged/2.5.0/aopalliance-repackaged-2.5.0.jar:/home/user/.m2/repository/com/fasterxml/jackson/dataformat/jackson-dataformat-xml/2.9.0/jackson-dataformat-xml-2.9.0.jar:/home/user/.m2/repository/com/fasterxml/jackson/core/jackson-core/2.9.9/jackson-core-2.9.9.jar:/home/user/.m2/repository/com/fasterxml/jackson/module/jackson-module-jaxb-annotations/2.9.9/jackson-module-jaxb-annotations-2.9.9.jar:/home/user/.m2/repository/javax/enterprise/cdi-api/1.2/cdi-api-1.2.jar:/home/user/.m2/repository/javax/el/javax.el-api/3.0.0/javax.el-api-3.0.0.jar:/home/user/.m2/repository/javax/interceptor/javax.interceptor-api/1.2/javax.interceptor-api-1.2.jar:/home/user/.m2/repository/javax/inject/javax.inject/1/javax.inject-1.jar:/home/user/.m2/repository/com/sun/xml/bind/jaxb-impl/2.3.0.1/jaxb-impl-2.3.0.1.jar:/home/user/.m2/repository/com/sun/xml/bind/jaxb-core/2.3.0.1/jaxb-core-2.3.0.1.jar:/home/user/.m2/repository/javax/xml/bind/jaxb-api/2.3.0/jaxb-api-2.3.0.jar:/home/user/.m2/repository/javax/activation/activation/1.1.1/activation-1.1.1.jar:/home/user/.m2/repository/org/apache/hadoop/hadoop-ozone-csi/0.5.0-SNAPSHOT/hadoop-ozone-csi-0.5.0-SNAPSHOT.jar:/home/user/.m2/repository/com/google/protobuf/protobuf-java-util/3.5.1/protobuf-java-util-3.5.1.jar:/home/user/.m2/repository/org/apache/hadoop/hadoop-hdds-config/0.5.0-SNAPSHOT/hadoop-hdds-config-0.5.0-SNAPSHOT.jar:/home/user/.m2/repository/io/grpc/grpc-netty/1.17.1/grpc-netty-1.17.1.jar:/home/user/.m2/repository/io/grpc/grpc-core/1.17.1/grpc-core-1.17.1.jar:/home/user/.m2/repository/io/grpc/grpc-context/1.17.1/grpc-context-1.17.1.jar:/home/user/.m2/repository/com/google/errorprone/error_prone_annotations/2.2.0/error_prone_annotations-2.2.0.jar:/home/user/.m2/repository/org/codehaus/mojo/animal-sniffer-annotations/1.17/animal-sniffer-annotations-1.17.jar:/home/user/.m2/repository/io/opencensus/opencensus-api/0.17.0/opencensus-api-0.17.0.jar:/home/user/.m2/repository/io/opencensus/opencensus-contrib-grpc-metrics/0.17.0/opencensus-contrib-grpc-metrics-0.17.0.jar:/home/user/.m2/repository/io/netty/netty-codec-http2/4.1.30.Final/netty-codec-http2-4.1.30.Final.jar:/home/user/.m2/repository/io/netty/netty-codec-http/4.1.30.Final/netty-codec-http-4.1.30.Final.jar:/home/user/.m2/repository/io/netty/netty-codec/4.1.30.Final/netty-codec-4.1.30.Final.jar:/home/user/.m2/repository/io/netty/netty-handler/4.1.30.Final/netty-handler-4.1.30.Final.jar:/home/user/.m2/repository/io/netty/netty-handler-proxy/4.1.30.Final/netty-handler-proxy-4.1.30.Final.jar:/home/user/.m2/repository/io/netty/netty-codec-socks/4.1.30.Final/netty-codec-socks-4.1.30.Final.jar:/home/user/.m2/repository/io/netty/netty-transport-native-epoll/4.1.30.Final/netty-transport-native-epoll-4.1.30.Final.jar:/home/user/.m2/repository/io/netty/netty-common/4.1.30.Final/netty-common-4.1.30.Final.jar:/home/user/.m2/repository/io/netty/netty-buffer/4.1.30.Final/netty-buffer-4.1.30.Final.jar:/home/user/.m2/repository/io/netty/netty-transport/4.1.30.Final/netty-transport-4.1.30.Final.jar:/home/user/.m2/repository/io/netty/netty-resolver/4.1.30.Final/netty-resolver-4.1.30.Final.jar:/home/user/.m2/repository/io/netty/netty-transport-native-unix-common/4.1.30.Final/netty-transport-native-unix-common-4.1.30.Final.jar:/home/user/.m2/repository/io/grpc/grpc-protobuf/1.17.1/grpc-protobuf-1.17.1.jar:/home/user/.m2/repository/com/google/api/grpc/proto-google-common-protos/1.0.0/proto-google-common-protos-1.0.0.jar:/home/user/.m2/repository/io/grpc/grpc-protobuf-lite/1.17.1/grpc-protobuf-lite-1.17.1.jar:/home/user/.m2/repository/io/grpc/grpc-stub/1.17.1/grpc-stub-1.17.1.jar:/home/user/.m2/repository/org/apache/hadoop/hadoop-ozone-recon/0.5.0-SNAPSHOT/hadoop-ozone-recon-0.5.0-SNAPSHOT.jar:/home/user/.m2/repository/org/apache/hadoop/hadoop-ozone-reconcodegen/0.5.0-SNAPSHOT/hadoop-ozone-reconcodegen-0.5.0-SNAPSHOT.jar:/home/user/.m2/repository/com/google/inject/extensions/guice-multibindings/4.0/guice-multibindings-4.0.jar:/home/user/.m2/repository/com/google/inject/guice/4.0/guice-4.0.jar:/home/user/.m2/repository/aopalliance/aopalliance/1.0/aopalliance-1.0.jar:/home/user/.m2/repository/com/google/inject/extensions/guice-servlet/4.0/guice-servlet-4.0.jar:/home/user/.m2/repository/org/glassfish/jersey/containers/jersey-container-servlet/2.27/jersey-container-servlet-2.27.jar:/home/user/.m2/repository/org/glassfish/hk2/guice-bridge/2.5.0/guice-bridge-2.5.0.jar:/home/user/.m2/repository/org/glassfish/jersey/core/jersey-server/2.27/jersey-server-2.27.jar:/home/user/.m2/repository/org/glassfish/jersey/core/jersey-client/2.27/jersey-client-2.27.jar:/home/user/.m2/repository/org/glassfish/jersey/media/jersey-media-jaxb/2.27/jersey-media-jaxb-2.27.jar:/home/user/.m2/repository/javax/validation/validation-api/1.1.0.Final/validation-api-1.1.0.Final.jar:/home/user/.m2/repository/org/glassfish/jersey/media/jersey-media-json-jackson/2.27/jersey-media-json-jackson-2.27.jar:/home/user/.m2/repository/org/glassfish/jersey/ext/jersey-entity-filtering/2.27/jersey-entity-filtering-2.27.jar:/home/user/.m2/repository/com/google/inject/extensions/guice-assistedinject/4.0/guice-assistedinject-4.0.jar:/home/user/.m2/repository/org/jooq/jooq/3.11.10/jooq-3.11.10.jar:/home/user/.m2/repository/org/jooq/jooq-meta/3.11.10/jooq-meta-3.11.10.jar:/home/user/.m2/repository/org/jooq/jooq-codegen/3.11.10/jooq-codegen-3.11.10.jar:/home/user/.m2/repository/com/jolbox/bonecp/0.8.0.RELEASE/bonecp-0.8.0.RELEASE.jar:/home/user/.m2/repository/org/xerial/sqlite-jdbc/3.25.2/sqlite-jdbc-3.25.2.jar:/home/user/.m2/repository/org/springframework/spring-jdbc/5.1.3.RELEASE/spring-jdbc-5.1.3.RELEASE.jar:/home/user/.m2/repository/org/springframework/spring-beans/5.1.3.RELEASE/spring-beans-5.1.3.RELEASE.jar:/home/user/.m2/repository/org/springframework/spring-core/5.1.3.RELEASE/spring-core-5.1.3.RELEASE.jar:/home/user/.m2/repository/org/springframework/spring-jcl/5.1.3.RELEASE/spring-jcl-5.1.3.RELEASE.jar:/home/user/.m2/repository/org/springframework/spring-tx/5.1.3.RELEASE/spring-tx-5.1.3.RELEASE.jar:/home/user/.m2/repository/org/apache/hadoop/hadoop-ozone-client/0.5.0-SNAPSHOT/hadoop-ozone-client-0.5.0-SNAPSHOT.jar:/home/user/.m2/repository/commons-lang/commons-lang/2.6/commons-lang-2.6.jar:/home/user/.m2/repository/org/apache/hadoop/hadoop-ozone-ozone-manager/0.5.0-SNAPSHOT/hadoop-ozone-ozone-manager-0.5.0-SNAPSHOT-tests.jar:/home/user/.m2/repository/junit/junit/4.11/junit-4.11.jar:/home/user/.m2/repository/org/hamcrest/hamcrest-core/1.3/hamcrest-core-1.3.jar:/home/user/.m2/repository/org/openjdk/jmh/jmh-core/1.19/jmh-core-1.19.jar:/home/user/.m2/repository/net/sf/jopt-simple/jopt-simple/4.6/jopt-simple-4.6.jar:/home/user/.m2/repository/org/apache/commons/commons-math3/3.1.1/commons-math3-3.1.1.jar:/home/user/.m2/repository/org/openjdk/jmh/jmh-generator-annprocess/1.19/jmh-generator-annprocess-1.19.jar:/home/user/.m2/repository/org/mockito/mockito-all/1.8.5/mockito-all-1.8.5.jar:/home/user/.m2/repository/org/apache/hadoop/hadoop-kms/3.2.0/hadoop-kms-3.2.0.jar:/home/user/.m2/repository/org/apache/hadoop/hadoop-auth/3.2.0/hadoop-auth-3.2.0.jar:/home/user/.m2/repository/com/nimbusds/nimbus-jose-jwt/4.41.1/nimbus-jose-jwt-4.41.1.jar:/home/user/.m2/repository/com/github/stephenc/jcip/jcip-annotations/1.0-1/jcip-annotations-1.0-1.jar:/home/user/.m2/repository/net/minidev/json-smart/2.3/json-smart-2.3.jar:/home/user/.m2/repository/net/minidev/accessors-smart/1.2/accessors-smart-1.2.jar:/home/user/.m2/repository/org/ow2/asm/asm/5.0.4/asm-5.0.4.jar:/home/user/.m2/repository/org/apache/curator/curator-framework/2.12.0/curator-framework-2.12.0.jar:/home/user/.m2/repository/com/sun/jersey/jersey-core/1.19/jersey-core-1.19.jar:/home/user/.m2/repository/javax/ws/rs/jsr311-api/1.1.1/jsr311-api-1.1.1.jar:/home/user/.m2/repository/com/sun/jersey/jersey-server/1.19/jersey-server-1.19.jar:/home/user/.m2/repository/javax/servlet/javax.servlet-api/3.1.0/javax.servlet-api-3.1.0.jar:/home/user/.m2/repository/org/eclipse/jetty/jetty-server/9.3.25.v20180904/jetty-server-9.3.25.v20180904.jar:/home/user/.m2/repository/org/eclipse/jetty/jetty-http/9.3.25.v20180904/jetty-http-9.3.25.v20180904.jar:/home/user/.m2/repository/org/eclipse/jetty/jetty-io/9.3.25.v20180904/jetty-io-9.3.25.v20180904.jar:/home/user/.m2/repository/org/eclipse/jetty/jetty-webapp/9.3.25.v20180904/jetty-webapp-9.3.25.v20180904.jar:/home/user/.m2/repository/org/eclipse/jetty/jetty-xml/9.3.25.v20180904/jetty-xml-9.3.25.v20180904.jar:/home/user/.m2/repository/log4j/log4j/1.2.17/log4j-1.2.17.jar:/home/user/.m2/repository/org/slf4j/slf4j-api/1.7.25/slf4j-api-1.7.25.jar:/home/user/.m2/repository/org/slf4j/jul-to-slf4j/1.7.25/jul-to-slf4j-1.7.25.jar:/home/user/.m2/repository/org/eclipse/jetty/jetty-util/9.3.25.v20180904/jetty-util-9.3.25.v20180904.jar:/home/user/.m2/repository/com/fasterxml/jackson/core/jackson-databind/2.9.9/jackson-databind-2.9.9.jar:/home/user/.m2/repository/org/apache/hadoop/hadoop-kms/3.2.0/hadoop-kms-3.2.0-tests.jar:/home/user/.m2/repository/org/apache/hadoop/hadoop-hdds-server-scm/0.5.0-SNAPSHOT/hadoop-hdds-server-scm-0.5.0-SNAPSHOT-tests.jar:/home/user/.m2/repository/org/apache/hadoop/hadoop-hdds-container-service/0.5.0-SNAPSHOT/hadoop-hdds-container-service-0.5.0-SNAPSHOT-tests.jar:/home/user/.m2/repository/org/yaml/snakeyaml/1.16/snakeyaml-1.16.jar:/home/user/.m2/repository/org/apache/hadoop/hadoop-common/3.2.0/hadoop-common-3.2.0-tests.jar:/home/user/.m2/repository/org/apache/hadoop/hadoop-annotations/3.2.0/hadoop-annotations-3.2.0.jar:/usr/lib/jvm/java-1.8.0-openjdk-1.8.0.222.b10-1.el7_7.x86_64/jre/../lib/tools.jar:/home/user/.m2/repository/commons-cli/commons-cli/1.2/commons-cli-1.2.jar:/home/user/.m2/repository/org/apache/httpcomponents/httpclient/4.5.2/httpclient-4.5.2.jar:/home/user/.m2/repository/org/apache/httpcomponents/httpcore/4.4.4/httpcore-4.4.4.jar:/home/user/.m2/repository/commons-codec/commons-codec/1.11/commons-codec-1.11.jar:/home/user/.m2/repository/commons-net/commons-net/3.6/commons-net-3.6.jar:/home/user/.m2/repository/commons-collections/commons-collections/3.2.2/commons-collections-3.2.2.jar:/home/user/.m2/repository/org/eclipse/jetty/jetty-servlet/9.3.25.v20180904/jetty-servlet-9.3.25.v20180904.jar:/home/user/.m2/repository/org/eclipse/jetty/jetty-security/9.3.25.v20180904/jetty-security-9.3.25.v20180904.jar:/home/user/.m2/repository/javax/servlet/jsp/jsp-api/2.1/jsp-api-2.1.jar:/home/user/.m2/repository/com/sun/jersey/jersey-servlet/1.19/jersey-servlet-1.19.jar:/home/user/.m2/repository/com/sun/jersey/jersey-json/1.19/jersey-json-1.19.jar:/home/user/.m2/repository/org/codehaus/jettison/jettison/1.1/jettison-1.1.jar:/home/user/.m2/repository/org/codehaus/jackson/jackson-core-asl/1.9.13/jackson-core-asl-1.9.13.jar:/home/user/.m2/repository/org/codehaus/jackson/jackson-mapper-asl/1.9.13/jackson-mapper-asl-1.9.13.jar:/home/user/.m2/repository/org/codehaus/jackson/jackson-jaxrs/1.9.13/jackson-jaxrs-1.9.13.jar:/home/user/.m2/repository/org/codehaus/jackson/jackson-xc/1.9.13/jackson-xc-1.9.13.jar:/home/user/.m2/repository/commons-logging/commons-logging/1.1.3/commons-logging-1.1.3.jar:/home/user/.m2/repository/commons-beanutils/commons-beanutils/1.9.4/commons-beanutils-1.9.4.jar:/home/user/.m2/repository/org/apache/commons/commons-configuration2/2.1.1/commons-configuration2-2.1.1.jar:/home/user/.m2/repository/org/apache/commons/commons-lang3/3.7/commons-lang3-3.7.jar:/home/user/.m2/repository/org/apache/commons/commons-text/1.4/commons-text-1.4.jar:/home/user/.m2/repository/org/apache/avro/avro/1.7.7/avro-1.7.7.jar:/home/user/.m2/repository/com/thoughtworks/paranamer/paranamer/2.3/paranamer-2.3.jar:/home/user/.m2/repository/org/xerial/snappy/snappy-java/1.0.5/snappy-java-1.0.5.jar:/home/user/.m2/repository/com/google/re2j/re2j/1.1/re2j-1.1.jar:/home/user/.m2/repository/com/google/code/gson/gson/2.2.4/gson-2.2.4.jar:/home/user/.m2/repository/com/jcraft/jsch/0.1.54/jsch-0.1.54.jar:/home/user/.m2/repository/org/apache/curator/curator-client/2.12.0/curator-client-2.12.0.jar:/home/user/.m2/repository/org/apache/curator/curator-recipes/2.12.0/curator-recipes-2.12.0.jar:/home/user/.m2/repository/com/google/code/findbugs/jsr305/3.0.0/jsr305-3.0.0.jar:/home/user/.m2/repository/org/apache/htrace/htrace-core4/4.1.0-incubating/htrace-core4-4.1.0-incubating.jar:/home/user/.m2/repository/org/apache/zookeeper/zookeeper/3.4.13/zookeeper-3.4.13.jar:/home/user/.m2/repository/jline/jline/0.9.94/jline-0.9.94.jar:/home/user/.m2/repository/org/apache/yetus/audience-annotations/0.5.0/audience-annotations-0.5.0.jar:/home/user/.m2/repository/org/codehaus/woodstox/stax2-api/3.1.4/stax2-api-3.1.4.jar:/home/user/.m2/repository/com/fasterxml/woodstox/woodstox-core/5.0.3/woodstox-core-5.0.3.jar:/home/user/.m2/repository/dnsjava/dnsjava/2.1.7/dnsjava-2.1.7.jar:/home/user/.m2/repository/org/apache/hadoop/hadoop-hdfs/3.2.0/hadoop-hdfs-3.2.0-tests.jar:/home/user/.m2/repository/org/eclipse/jetty/jetty-util-ajax/9.3.25.v20180904/jetty-util-ajax-9.3.25.v20180904.jar:/home/user/.m2/repository/commons-daemon/commons-daemon/1.0.13/commons-daemon-1.0.13.jar:/home/user/.m2/repository/io/netty/netty/3.10.5.Final/netty-3.10.5.Final.jar:/home/user/.m2/repository/io/netty/netty-all/4.0.52.Final/netty-all-4.0.52.Final.jar:/home/user/.m2/repository/org/fusesource/leveldbjni/leveldbjni-all/1.8/leveldbjni-all-1.8.jar:"/>
    <property name="sun.cpu.endian" value="little"/>
    <property name="user.home" value="/home/user"/>
    <property name="user.language" value="en"/>
    <property name="java.specification.vendor" value="Oracle Corporation"/>
    <property name="java.home" value="/usr/lib/jvm/java-1.8.0-openjdk-1.8.0.222.b10-1.el7_7.x86_64/jre"/>
    <property name="surefire.excludesFile" value="/tools/ozone-bad-unit-tests"/>
    <property name="java.security.krb5.conf" value="/workdir/hadoop-ozone/integration-test/target/test-classes/krb5.conf"/>
    <property name="basedir" value="/workdir/hadoop-ozone/integration-test"/>
    <property name="file.separator" value="/"/>
    <property name="line.separator" value="&#10;"/>
    <property name="java.vm.specification.vendor" value="Oracle Corporation"/>
    <property name="java.specification.name" value="Java Platform API Specification"/>
    <property name="java.awt.graphicsenv" value="sun.awt.X11GraphicsEnvironment"/>
    <property name="surefire.real.class.path" value="/workdir/hadoop-ozone/integration-test/target/surefire/surefirebooter6901496386849529329.jar"/>
    <property name="hadoop.log.dir" value="/workdir/hadoop-ozone/integration-test/target/log"/>
    <property name="sun.boot.class.path" value="/usr/lib/jvm/java-1.8.0-openjdk-1.8.0.222.b10-1.el7_7.x86_64/jre/lib/resources.jar:/usr/lib/jvm/java-1.8.0-openjdk-1.8.0.222.b10-1.el7_7.x86_64/jre/lib/rt.jar:/usr/lib/jvm/java-1.8.0-openjdk-1.8.0.222.b10-1.el7_7.x86_64/jre/lib/sunrsasign.jar:/usr/lib/jvm/java-1.8.0-openjdk-1.8.0.222.b10-1.el7_7.x86_64/jre/lib/jsse.jar:/usr/lib/jvm/java-1.8.0-openjdk-1.8.0.222.b10-1.el7_7.x86_64/jre/lib/jce.jar:/usr/lib/jvm/java-1.8.0-openjdk-1.8.0.222.b10-1.el7_7.x86_64/jre/lib/charsets.jar:/usr/lib/jvm/java-1.8.0-openjdk-1.8.0.222.b10-1.el7_7.x86_64/jre/lib/jfr.jar:/usr/lib/jvm/java-1.8.0-openjdk-1.8.0.222.b10-1.el7_7.x86_64/jre/classes"/>
    <property name="sun.management.compiler" value="HotSpot 64-Bit Tiered Compilers"/>
    <property name="java.runtime.version" value="1.8.0_222-b10"/>
    <property name="java.net.preferIPv4Stack" value="true"/>
    <property name="user.name" value="jenkins1000"/>
    <property name="path.separator" value=":"/>
    <property name="java.security.egd" value="file:///dev/urandom"/>
    <property name="os.version" value="3.10.0-957.12.2.el7.x86_64"/>
    <property name="java.endorsed.dirs" value="/usr/lib/jvm/java-1.8.0-openjdk-1.8.0.222.b10-1.el7_7.x86_64/jre/lib/endorsed"/>
    <property name="java.runtime.name" value="OpenJDK Runtime Environment"/>
    <property name="file.encoding" value="ANSI_X3.4-1968"/>
    <property name="java.vm.name" value="OpenJDK 64-Bit Server VM"/>
    <property name="test.build.webapps" value=""/>
    <property name="localRepository" value="/home/user/.m2/repository"/>
    <property name="java.vendor.url.bug" value="http://bugreport.sun.com/bugreport/"/>
    <property name="java.io.tmpdir" value="/tmp"/>
    <property name="require.test.libhadoop" value=""/>
    <property name="java.version" value="1.8.0_222"/>
    <property name="user.dir" value="/workdir/hadoop-ozone/integration-test"/>
    <property name="os.arch" value="amd64"/>
    <property name="java.vm.specification.name" value="Java Virtual Machine Specification"/>
    <property name="test.build.classes" value="/workdir/hadoop-ozone/integration-test/target/test-classes"/>
    <property name="java.awt.printerjob" value="sun.print.PSPrinterJob"/>
    <property name="sun.os.patch.level" value="unknown"/>
    <property name="hadoop.tmp.dir" value="/workdir/hadoop-ozone/integration-test/target/tmp"/>
    <property name="java.library.path" value="/usr/lib:/workdir/hadoop-ozone/integration-test/target/native/target/usr/local/lib:/workdir/hadoop-ozone/integration-test/../../hadoop-common-project/hadoop-common/target/native/target/usr/local/lib:/usr/java/packages/lib/amd64:/usr/lib64:/lib64:/lib:/usr/lib"/>
    <property name="java.vm.info" value="mixed mode"/>
    <property name="java.vendor" value="Oracle Corporation"/>
    <property name="java.vm.version" value="25.222-b10"/>
    <property name="java.ext.dirs" value="/usr/lib/jvm/java-1.8.0-openjdk-1.8.0.222.b10-1.el7_7.x86_64/jre/lib/ext:/usr/java/packages/lib/ext"/>
    <property name="sun.io.unicode.encoding" value="UnicodeLittle"/>
    <property name="java.class.version" value="52.0"/>
  </properties>
  <testcase name="testMultiBlockWritesWithIntermittentDnFailures" classname="org.apache.hadoop.ozone.client.rpc.TestMultiBlockWritesWithDnFailures" time="48.651">
    <failure message="expected:&lt;6&gt; but was:&lt;5&gt;" type="java.lang.AssertionError"><![CDATA[java.lang.AssertionError: expected:<6> but was:<5>
	at org.junit.Assert.fail(Assert.java:88)
	at org.junit.Assert.failNotEquals(Assert.java:743)
	at org.junit.Assert.assertEquals(Assert.java:118)
	at org.junit.Assert.assertEquals(Assert.java:555)
	at org.junit.Assert.assertEquals(Assert.java:542)
	at org.apache.hadoop.ozone.client.rpc.TestMultiBlockWritesWithDnFailures.testMultiBlockWritesWithIntermittentDnFailures(TestMultiBlockWritesWithDnFailures.java:176)
	at sun.reflect.NativeMethodAccessorImpl.invoke0(Native Method)
	at sun.reflect.NativeMethodAccessorImpl.invoke(NativeMethodAccessorImpl.java:62)
	at sun.reflect.DelegatingMethodAccessorImpl.invoke(DelegatingMethodAccessorImpl.java:43)
	at java.lang.reflect.Method.invoke(Method.java:498)
	at org.junit.runners.model.FrameworkMethod$1.runReflectiveCall(FrameworkMethod.java:47)
	at org.junit.internal.runners.model.ReflectiveCallable.run(ReflectiveCallable.java:12)
	at org.junit.runners.model.FrameworkMethod.invokeExplosively(FrameworkMethod.java:44)
	at org.junit.internal.runners.statements.InvokeMethod.evaluate(InvokeMethod.java:17)
	at org.junit.internal.runners.statements.RunAfters.evaluate(RunAfters.java:27)
	at org.junit.runners.ParentRunner.runLeaf(ParentRunner.java:271)
	at org.junit.runners.BlockJUnit4ClassRunner.runChild(BlockJUnit4ClassRunner.java:70)
	at org.junit.runners.BlockJUnit4ClassRunner.runChild(BlockJUnit4ClassRunner.java:50)
	at org.junit.runners.ParentRunner$3.run(ParentRunner.java:238)
	at org.junit.runners.ParentRunner$1.schedule(ParentRunner.java:63)
	at org.junit.runners.ParentRunner.runChildren(ParentRunner.java:236)
	at org.junit.runners.ParentRunner.access$000(ParentRunner.java:53)
	at org.junit.runners.ParentRunner$2.evaluate(ParentRunner.java:229)
	at org.junit.runners.ParentRunner.run(ParentRunner.java:309)
	at org.apache.maven.surefire.junit4.JUnit4Provider.execute(JUnit4Provider.java:365)
	at org.apache.maven.surefire.junit4.JUnit4Provider.executeWithRerun(JUnit4Provider.java:273)
	at org.apache.maven.surefire.junit4.JUnit4Provider.executeTestSet(JUnit4Provider.java:238)
	at org.apache.maven.surefire.junit4.JUnit4Provider.invoke(JUnit4Provider.java:159)
	at org.apache.maven.surefire.booter.ForkedBooter.invokeProviderInSameClassLoader(ForkedBooter.java:384)
	at org.apache.maven.surefire.booter.ForkedBooter.runSuitesInProcess(ForkedBooter.java:345)
	at org.apache.maven.surefire.booter.ForkedBooter.execute(ForkedBooter.java:126)
	at org.apache.maven.surefire.booter.ForkedBooter.main(ForkedBooter.java:418)
]]></failure>
    <system-out><![CDATA[2019-10-21 22:01:11,683 [main] WARN  server.ServerUtils (ServerUtils.java:getScmDbDir(145)) - ozone.scm.db.dirs is not configured. We recommend adding this setting. Falling back to ozone.metadata.dirs instead.
2019-10-21 22:01:11,787 [main] WARN  server.ServerUtils (ServerUtils.java:getScmDbDir(145)) - ozone.scm.db.dirs is not configured. We recommend adding this setting. Falling back to ozone.metadata.dirs instead.
2019-10-21 22:01:11,790 [main] WARN  server.ServerUtils (ServerUtils.java:getScmDbDir(145)) - ozone.scm.db.dirs is not configured. We recommend adding this setting. Falling back to ozone.metadata.dirs instead.
2019-10-21 22:01:11,819 [main] INFO  util.log (Log.java:initialized(192)) - Logging initialized @860ms
2019-10-21 22:01:11,934 [main] INFO  db.DBStoreBuilder (DBStoreBuilder.java:addTable(117)) - using custom profile for table: deletedBlocks
2019-10-21 22:01:11,934 [main] INFO  db.DBStoreBuilder (DBStoreBuilder.java:processTables(168)) - Using default column profile:DBProfile.DISK for Table:deletedBlocks
2019-10-21 22:01:11,935 [main] INFO  db.DBStoreBuilder (DBStoreBuilder.java:addTable(117)) - using custom profile for table: validCerts
2019-10-21 22:01:11,935 [main] INFO  db.DBStoreBuilder (DBStoreBuilder.java:processTables(168)) - Using default column profile:DBProfile.DISK for Table:validCerts
2019-10-21 22:01:11,935 [main] INFO  db.DBStoreBuilder (DBStoreBuilder.java:addTable(117)) - using custom profile for table: revokedCerts
2019-10-21 22:01:11,936 [main] INFO  db.DBStoreBuilder (DBStoreBuilder.java:processTables(168)) - Using default column profile:DBProfile.DISK for Table:revokedCerts
2019-10-21 22:01:11,947 [main] INFO  db.DBStoreBuilder (DBStoreBuilder.java:addTable(117)) - using custom profile for table: default
2019-10-21 22:01:11,947 [main] INFO  db.DBStoreBuilder (DBStoreBuilder.java:processTables(174)) - Using default column profile:DBProfile.DISK for Table:default
2019-10-21 22:01:11,949 [main] INFO  db.DBStoreBuilder (DBStoreBuilder.java:getDbProfile(205)) - Using default options. DBProfile.DISK
2019-10-21 22:01:12,215 [main] INFO  net.NodeSchemaLoader (NodeSchemaLoader.java:loadSchemaFromFile(125)) - Loading file from sun.misc.CompoundEnumeration@51399530
2019-10-21 22:01:12,218 [main] INFO  net.NodeSchemaLoader (NodeSchemaLoader.java:loadSchema(171)) - Loading network topology layer schema file
2019-10-21 22:01:12,278 [main] INFO  node.SCMNodeManager (SCMNodeManager.java:<init>(116)) - Entering startup safe mode.
2019-10-21 22:01:12,342 [main] INFO  algorithms.ContainerPlacementPolicyFactory (ContainerPlacementPolicyFactory.java:getPolicy(57)) - Create container placement policy of type org.apache.hadoop.hdds.scm.container.placement.algorithms.SCMContainerPlacementRandom
2019-10-21 22:01:12,356 [main] WARN  server.ServerUtils (ServerUtils.java:getScmDbDir(145)) - ozone.scm.db.dirs is not configured. We recommend adding this setting. Falling back to ozone.metadata.dirs instead.
2019-10-21 22:01:12,414 [main] INFO  pipeline.SCMPipelineManager (SCMPipelineManager.java:initializePipelineState(132)) - No pipeline exists in current db
2019-10-21 22:01:12,417 [main] WARN  server.ServerUtils (ServerUtils.java:getScmDbDir(145)) - ozone.scm.db.dirs is not configured. We recommend adding this setting. Falling back to ozone.metadata.dirs instead.
2019-10-21 22:01:12,536 [main] WARN  events.EventQueue (EventQueue.java:fireEvent(183)) - No event handler registered for event TypedEvent{payloadType=SafeModeStatus, name='SafeModeStatus'}
2019-10-21 22:01:12,901 [main] INFO  ipc.CallQueueManager (CallQueueManager.java:<init>(84)) - Using callQueue: class java.util.concurrent.LinkedBlockingQueue, queueCapacity: 2000, scheduler: class org.apache.hadoop.ipc.DefaultRpcScheduler, ipcBackoff: false.
2019-10-21 22:01:12,925 [Socket Reader #1 for port 43883] INFO  ipc.Server (Server.java:run(1074)) - Starting Socket Reader #1 for port 43883
2019-10-21 22:01:13,061 [main] INFO  ipc.CallQueueManager (CallQueueManager.java:<init>(84)) - Using callQueue: class java.util.concurrent.LinkedBlockingQueue, queueCapacity: 2000, scheduler: class org.apache.hadoop.ipc.DefaultRpcScheduler, ipcBackoff: false.
2019-10-21 22:01:13,063 [Socket Reader #1 for port 35641] INFO  ipc.Server (Server.java:run(1074)) - Starting Socket Reader #1 for port 35641
2019-10-21 22:01:13,073 [main] INFO  ipc.CallQueueManager (CallQueueManager.java:<init>(84)) - Using callQueue: class java.util.concurrent.LinkedBlockingQueue, queueCapacity: 2000, scheduler: class org.apache.hadoop.ipc.DefaultRpcScheduler, ipcBackoff: false.
2019-10-21 22:01:13,074 [Socket Reader #1 for port 43731] INFO  ipc.Server (Server.java:run(1074)) - Starting Socket Reader #1 for port 43731
2019-10-21 22:01:13,101 [main] INFO  hdfs.DFSUtil (DFSUtil.java:httpServerTemplateForNNAndJN(1641)) - Starting Web-server for scm at: http://0.0.0.0:0
2019-10-21 22:01:13,270 [main] INFO  server.AuthenticationFilter (AuthenticationFilter.java:constructSecretProvider(240)) - Unable to initialize FileSignerSecretProvider, falling back to use random secrets.
2019-10-21 22:01:13,281 [main] WARN  http.HttpRequestLog (HttpRequestLog.java:getRequestLog(97)) - Jetty request log can only be enabled using Log4j
2019-10-21 22:01:13,291 [main] INFO  http.HttpServer2 (HttpServer2.java:addGlobalFilter(975)) - Added global filter 'safety' (class=org.apache.hadoop.http.HttpServer2$QuotingInputFilter)
2019-10-21 22:01:13,294 [main] INFO  http.HttpServer2 (HttpServer2.java:addFilter(948)) - Added filter static_user_filter (class=org.apache.hadoop.http.lib.StaticUserWebFilter$StaticUserFilter) to context scm
2019-10-21 22:01:13,294 [main] INFO  http.HttpServer2 (HttpServer2.java:addFilter(958)) - Added filter static_user_filter (class=org.apache.hadoop.http.lib.StaticUserWebFilter$StaticUserFilter) to context logs
2019-10-21 22:01:13,295 [main] INFO  http.HttpServer2 (HttpServer2.java:addFilter(958)) - Added filter static_user_filter (class=org.apache.hadoop.http.lib.StaticUserWebFilter$StaticUserFilter) to context static
2019-10-21 22:01:13,331 [main] INFO  server.StorageContainerManager (StorageContainerManager.java:start(772)) - StorageContainerLocationProtocol RPC server is listening at /0.0.0.0:43731
2019-10-21 22:01:13,410 [main] WARN  impl.MetricsConfig (MetricsConfig.java:loadFirst(134)) - Cannot locate configuration: tried hadoop-metrics2-storagecontainermanager.properties,hadoop-metrics2.properties
2019-10-21 22:01:13,425 [main] INFO  impl.MetricsSystemImpl (MetricsSystemImpl.java:startTimer(374)) - Scheduled Metric snapshot period at 10 second(s).
2019-10-21 22:01:13,425 [main] INFO  impl.MetricsSystemImpl (MetricsSystemImpl.java:start(191)) - StorageContainerManager metrics system started
2019-10-21 22:01:13,677 [main] INFO  server.SCMClientProtocolServer (SCMClientProtocolServer.java:start(159)) - RPC server for Client  is listening at /0.0.0.0:43731
2019-10-21 22:01:13,678 [IPC Server Responder] INFO  ipc.Server (Server.java:run(1314)) - IPC Server Responder: starting
2019-10-21 22:01:13,678 [IPC Server listener on 43731] INFO  ipc.Server (Server.java:run(1153)) - IPC Server listener on 43731: starting
2019-10-21 22:01:13,681 [main] INFO  server.StorageContainerManager (StorageContainerManager.java:start(782)) - ScmBlockLocationProtocol RPC server is listening at /0.0.0.0:35641
2019-10-21 22:01:13,682 [main] INFO  server.SCMBlockProtocolServer (SCMBlockProtocolServer.java:start(146)) - RPC server for Block Protocol is listening at /0.0.0.0:35641
2019-10-21 22:01:13,683 [IPC Server Responder] INFO  ipc.Server (Server.java:run(1314)) - IPC Server Responder: starting
2019-10-21 22:01:13,683 [IPC Server listener on 35641] INFO  ipc.Server (Server.java:run(1153)) - IPC Server listener on 35641: starting
2019-10-21 22:01:13,685 [main] INFO  server.StorageContainerManager (StorageContainerManager.java:start(786)) - ScmDatanodeProtocl RPC server is listening at /0.0.0.0:43883
2019-10-21 22:01:13,686 [main] INFO  server.SCMDatanodeProtocolServer (SCMDatanodeProtocolServer.java:start(169)) - RPC server for DataNodes is listening at /0.0.0.0:43883
2019-10-21 22:01:13,687 [IPC Server Responder] INFO  ipc.Server (Server.java:run(1314)) - IPC Server Responder: starting
2019-10-21 22:01:13,687 [IPC Server listener on 43883] INFO  ipc.Server (Server.java:run(1153)) - IPC Server listener on 43883: starting
2019-10-21 22:01:13,691 [main] INFO  http.HttpServer2 (HttpServer2.java:bindListener(1191)) - Jetty bound to port 40056
2019-10-21 22:01:13,693 [main] INFO  server.Server (Server.java:doStart(351)) - jetty-9.3.25.v20180904, build timestamp: 2018-09-04T21:11:46Z, git hash: 3ce520221d0240229c862b122d2b06c12a625732
2019-10-21 22:01:13,744 [main] INFO  handler.ContextHandler (ContextHandler.java:doStart(781)) - Started o.e.j.s.ServletContextHandler@6b53bcc2{/logs,file:///workdir/hadoop-ozone/integration-test/target/log,AVAILABLE}
2019-10-21 22:01:13,745 [main] INFO  handler.ContextHandler (ContextHandler.java:doStart(781)) - Started o.e.j.s.ServletContextHandler@a43ce46{/static,file:///workdir/hadoop-ozone/integration-test/target/test-classes/webapps/static,AVAILABLE}
2019-10-21 22:01:13,781 [main] INFO  handler.ContextHandler (ContextHandler.java:doStart(781)) - Started o.e.j.w.WebAppContext@532721fd{/,file:///workdir/hadoop-ozone/integration-test/target/test-classes/webapps/scm/,AVAILABLE}{/scm}
2019-10-21 22:01:13,788 [main] INFO  server.AbstractConnector (AbstractConnector.java:doStart(278)) - Started ServerConnector@7e1a1da6{HTTP/1.1,[http/1.1]}{0.0.0.0:40056}
2019-10-21 22:01:13,788 [main] INFO  server.Server (Server.java:doStart(419)) - Started @2829ms
2019-10-21 22:01:13,790 [main] INFO  impl.MetricsSinkAdapter (MetricsSinkAdapter.java:start(204)) - Sink prometheus started
2019-10-21 22:01:13,790 [main] INFO  impl.MetricsSystemImpl (MetricsSystemImpl.java:registerSink(301)) - Registered sink prometheus
2019-10-21 22:01:13,792 [main] INFO  server.BaseHttpServer (BaseHttpServer.java:updateConnectorAddress(215)) - HTTP server of SCM is listening at http://0.0.0.0:40056
2019-10-21 22:01:13,800 [org.apache.hadoop.util.JvmPauseMonitor$Monitor@55e7a35c] INFO  util.JvmPauseMonitor (JvmPauseMonitor.java:run(188)) - Starting JVM pause monitor
2019-10-21 22:01:13,804 [main] WARN  server.ServerUtils (ServerUtils.java:getDBPath(222)) - ozone.om.db.dirs is not configured. We recommend adding this setting. Falling back to ozone.metadata.dirs instead.
2019-10-21 22:01:13,924 [main] INFO  ha.OMHANodeDetails (OMHANodeDetails.java:loadOMHAConfig(190)) - Configuration either no ozone.om.address set. Falling back to the default OM address /127.0.0.1:0
2019-10-21 22:01:13,924 [main] INFO  ha.OMHANodeDetails (OMHANodeDetails.java:getOMNodeDetails(220)) - OM Service ID is not set. Setting it to the default ID: omServiceIdDefault
2019-10-21 22:01:13,926 [main] WARN  server.ServerUtils (ServerUtils.java:getDBPath(222)) - ozone.om.db.dirs is not configured. We recommend adding this setting. Falling back to ozone.metadata.dirs instead.
2019-10-21 22:01:13,927 [main] WARN  server.ServerUtils (ServerUtils.java:getDBPath(222)) - ozone.om.db.dirs is not configured. We recommend adding this setting. Falling back to ozone.metadata.dirs instead.
2019-10-21 22:01:14,605 [main] WARN  server.ServerUtils (ServerUtils.java:getDBPath(222)) - ozone.om.db.dirs is not configured. We recommend adding this setting. Falling back to ozone.metadata.dirs instead.
2019-10-21 22:01:14,613 [main] INFO  db.DBStoreBuilder (DBStoreBuilder.java:addTable(117)) - using custom profile for table: userTable
2019-10-21 22:01:14,613 [main] INFO  db.DBStoreBuilder (DBStoreBuilder.java:processTables(168)) - Using default column profile:DBProfile.DISK for Table:userTable
2019-10-21 22:01:14,613 [main] INFO  db.DBStoreBuilder (DBStoreBuilder.java:addTable(117)) - using custom profile for table: volumeTable
2019-10-21 22:01:14,613 [main] INFO  db.DBStoreBuilder (DBStoreBuilder.java:processTables(168)) - Using default column profile:DBProfile.DISK for Table:volumeTable
2019-10-21 22:01:14,614 [main] INFO  db.DBStoreBuilder (DBStoreBuilder.java:addTable(117)) - using custom profile for table: bucketTable
2019-10-21 22:01:14,614 [main] INFO  db.DBStoreBuilder (DBStoreBuilder.java:processTables(168)) - Using default column profile:DBProfile.DISK for Table:bucketTable
2019-10-21 22:01:14,614 [main] INFO  db.DBStoreBuilder (DBStoreBuilder.java:addTable(117)) - using custom profile for table: keyTable
2019-10-21 22:01:14,614 [main] INFO  db.DBStoreBuilder (DBStoreBuilder.java:processTables(168)) - Using default column profile:DBProfile.DISK for Table:keyTable
2019-10-21 22:01:14,615 [main] INFO  db.DBStoreBuilder (DBStoreBuilder.java:addTable(117)) - using custom profile for table: deletedTable
2019-10-21 22:01:14,615 [main] INFO  db.DBStoreBuilder (DBStoreBuilder.java:processTables(168)) - Using default column profile:DBProfile.DISK for Table:deletedTable
2019-10-21 22:01:14,615 [main] INFO  db.DBStoreBuilder (DBStoreBuilder.java:addTable(117)) - using custom profile for table: openKeyTable
2019-10-21 22:01:14,615 [main] INFO  db.DBStoreBuilder (DBStoreBuilder.java:processTables(168)) - Using default column profile:DBProfile.DISK for Table:openKeyTable
2019-10-21 22:01:14,616 [main] INFO  db.DBStoreBuilder (DBStoreBuilder.java:addTable(117)) - using custom profile for table: s3Table
2019-10-21 22:01:14,616 [main] INFO  db.DBStoreBuilder (DBStoreBuilder.java:processTables(168)) - Using default column profile:DBProfile.DISK for Table:s3Table
2019-10-21 22:01:14,616 [main] INFO  db.DBStoreBuilder (DBStoreBuilder.java:addTable(117)) - using custom profile for table: multipartInfoTable
2019-10-21 22:01:14,616 [main] INFO  db.DBStoreBuilder (DBStoreBuilder.java:processTables(168)) - Using default column profile:DBProfile.DISK for Table:multipartInfoTable
2019-10-21 22:01:14,617 [main] INFO  db.DBStoreBuilder (DBStoreBuilder.java:addTable(117)) - using custom profile for table: dTokenTable
2019-10-21 22:01:14,617 [main] INFO  db.DBStoreBuilder (DBStoreBuilder.java:processTables(168)) - Using default column profile:DBProfile.DISK for Table:dTokenTable
2019-10-21 22:01:14,617 [main] INFO  db.DBStoreBuilder (DBStoreBuilder.java:addTable(117)) - using custom profile for table: s3SecretTable
2019-10-21 22:01:14,617 [main] INFO  db.DBStoreBuilder (DBStoreBuilder.java:processTables(168)) - Using default column profile:DBProfile.DISK for Table:s3SecretTable
2019-10-21 22:01:14,618 [main] INFO  db.DBStoreBuilder (DBStoreBuilder.java:addTable(117)) - using custom profile for table: prefixTable
2019-10-21 22:01:14,618 [main] INFO  db.DBStoreBuilder (DBStoreBuilder.java:processTables(168)) - Using default column profile:DBProfile.DISK for Table:prefixTable
2019-10-21 22:01:14,618 [main] INFO  db.DBStoreBuilder (DBStoreBuilder.java:addTable(117)) - using custom profile for table: default
2019-10-21 22:01:14,618 [main] INFO  db.DBStoreBuilder (DBStoreBuilder.java:processTables(174)) - Using default column profile:DBProfile.DISK for Table:default
2019-10-21 22:01:14,619 [main] INFO  db.DBStoreBuilder (DBStoreBuilder.java:getDbProfile(205)) - Using default options. DBProfile.DISK
2019-10-21 22:01:14,970 [main] INFO  ipc.CallQueueManager (CallQueueManager.java:<init>(84)) - Using callQueue: class java.util.concurrent.LinkedBlockingQueue, queueCapacity: 2000, scheduler: class org.apache.hadoop.ipc.DefaultRpcScheduler, ipcBackoff: false.
2019-10-21 22:01:14,971 [Socket Reader #1 for port 42970] INFO  ipc.Server (Server.java:run(1074)) - Starting Socket Reader #1 for port 42970
2019-10-21 22:01:14,991 [main] INFO  om.OzoneManager (OzoneManager.java:start(1074)) - OzoneManager RPC server is listening at localhost/127.0.0.1:42970
2019-10-21 22:01:14,992 [main] INFO  impl.MetricsSystemImpl (MetricsSystemImpl.java:init(158)) - OzoneManager metrics system started (again)
2019-10-21 22:01:15,000 [IPC Server Responder] INFO  ipc.Server (Server.java:run(1314)) - IPC Server Responder: starting
2019-10-21 22:01:15,000 [IPC Server listener on 42970] INFO  ipc.Server (Server.java:run(1153)) - IPC Server listener on 42970: starting
2019-10-21 22:01:15,005 [main] INFO  hdfs.DFSUtil (DFSUtil.java:httpServerTemplateForNNAndJN(1641)) - Starting Web-server for ozoneManager at: http://0.0.0.0:0
2019-10-21 22:01:15,007 [main] INFO  server.AuthenticationFilter (AuthenticationFilter.java:constructSecretProvider(240)) - Unable to initialize FileSignerSecretProvider, falling back to use random secrets.
2019-10-21 22:01:15,007 [main] WARN  http.HttpRequestLog (HttpRequestLog.java:getRequestLog(97)) - Jetty request log can only be enabled using Log4j
2019-10-21 22:01:15,009 [main] INFO  http.HttpServer2 (HttpServer2.java:addGlobalFilter(975)) - Added global filter 'safety' (class=org.apache.hadoop.http.HttpServer2$QuotingInputFilter)
2019-10-21 22:01:15,010 [main] INFO  http.HttpServer2 (HttpServer2.java:addFilter(948)) - Added filter static_user_filter (class=org.apache.hadoop.http.lib.StaticUserWebFilter$StaticUserFilter) to context ozoneManager
2019-10-21 22:01:15,010 [main] INFO  http.HttpServer2 (HttpServer2.java:addFilter(958)) - Added filter static_user_filter (class=org.apache.hadoop.http.lib.StaticUserWebFilter$StaticUserFilter) to context static
2019-10-21 22:01:15,010 [main] INFO  http.HttpServer2 (HttpServer2.java:addFilter(958)) - Added filter static_user_filter (class=org.apache.hadoop.http.lib.StaticUserWebFilter$StaticUserFilter) to context logs
2019-10-21 22:01:15,012 [main] INFO  http.HttpServer2 (HttpServer2.java:bindListener(1191)) - Jetty bound to port 43312
2019-10-21 22:01:15,013 [main] INFO  server.Server (Server.java:doStart(351)) - jetty-9.3.25.v20180904, build timestamp: 2018-09-04T21:11:46Z, git hash: 3ce520221d0240229c862b122d2b06c12a625732
2019-10-21 22:01:15,014 [main] INFO  handler.ContextHandler (ContextHandler.java:doStart(781)) - Started o.e.j.s.ServletContextHandler@2ca6546f{/logs,file:///workdir/hadoop-ozone/integration-test/target/log,AVAILABLE}
2019-10-21 22:01:15,015 [main] INFO  handler.ContextHandler (ContextHandler.java:doStart(781)) - Started o.e.j.s.ServletContextHandler@7923f5b3{/static,file:///workdir/hadoop-ozone/integration-test/target/test-classes/webapps/static,AVAILABLE}
2019-10-21 22:01:15,020 [main] INFO  handler.ContextHandler (ContextHandler.java:doStart(781)) - Started o.e.j.w.WebAppContext@31fc71ab{/,file:///workdir/hadoop-ozone/integration-test/target/test-classes/webapps/ozoneManager/,AVAILABLE}{/ozoneManager}
2019-10-21 22:01:15,020 [main] INFO  server.AbstractConnector (AbstractConnector.java:doStart(278)) - Started ServerConnector@71391b3f{HTTP/1.1,[http/1.1]}{0.0.0.0:43312}
2019-10-21 22:01:15,020 [main] INFO  server.Server (Server.java:doStart(419)) - Started @4061ms
2019-10-21 22:01:15,021 [main] WARN  impl.MetricsSystemImpl (MetricsSystemImpl.java:register(276)) - Sink prometheus already exists!
2019-10-21 22:01:15,022 [main] INFO  server.BaseHttpServer (BaseHttpServer.java:updateConnectorAddress(215)) - HTTP server of OZONEMANAGER is listening at http://0.0.0.0:43312
2019-10-21 22:01:15,321 [main] INFO  impl.MetricsSystemImpl (MetricsSystemImpl.java:init(158)) - HddsDatanode metrics system started (again)
2019-10-21 22:01:15,368 [main] INFO  ozone.HddsDatanodeService (HddsDatanodeService.java:start(184)) - HddsDatanodeService host:pr-hdds-2310-sp97z-1197097266 ip:192.168.34.8
2019-10-21 22:01:15,402 [main] INFO  volume.HddsVolume (HddsVolume.java:<init>(176)) - Creating Volume: /workdir/hadoop-ozone/integration-test/target/test-dir/MiniOzoneClusterImpl-55d22b23-1d78-4564-93d7-1f68b9a0b903/datanode-0/data/containers/hdds of  storage type : DISK and capacity : 1482555576320
2019-10-21 22:01:15,404 [main] INFO  volume.VolumeSet (VolumeSet.java:initializeVolumeSet(170)) - Added Volume : /workdir/hadoop-ozone/integration-test/target/test-dir/MiniOzoneClusterImpl-55d22b23-1d78-4564-93d7-1f68b9a0b903/datanode-0/data/containers/hdds to VolumeSet
2019-10-21 22:01:15,406 [main] INFO  volume.ThrottledAsyncChecker (ThrottledAsyncChecker.java:schedule(141)) - Scheduling a check for /workdir/hadoop-ozone/integration-test/target/test-dir/MiniOzoneClusterImpl-55d22b23-1d78-4564-93d7-1f68b9a0b903/datanode-0/data/containers/hdds
2019-10-21 22:01:15,423 [main] INFO  volume.HddsVolumeChecker (HddsVolumeChecker.java:checkAllVolumes(204)) - Scheduled health check for volume /workdir/hadoop-ozone/integration-test/target/test-dir/MiniOzoneClusterImpl-55d22b23-1d78-4564-93d7-1f68b9a0b903/datanode-0/data/containers/hdds
2019-10-21 22:01:15,530 [main] INFO  impl.RaftServerProxy (ConfUtils.java:logGet(43)) - raft.rpc.type = GRPC (default)
2019-10-21 22:01:15,593 [main] INFO  grpc.GrpcFactory (GrpcFactory.java:checkPooledByteBufAllocatorUseCacheForAllThreads(45)) - PERFORMANCE WARNING: useCacheForAllThreads is true that may cause Netty to create a lot garbage objects and, as a result, trigger GC.
	It is recommended to disable useCacheForAllThreads by setting -Dorg.apache.ratis.thirdparty.io.netty.allocator.useCacheForAllThreads=false in command line.
2019-10-21 22:01:15,598 [main] INFO  grpc.GrpcConfigKeys$Server (ConfUtils.java:logGet(43)) - raft.grpc.server.port = 0 (default)
2019-10-21 22:01:15,599 [main] INFO  server.GrpcService (ConfUtils.java:logGet(43)) - raft.grpc.message.size.max = 33570816 (custom)
2019-10-21 22:01:15,600 [main] INFO  server.RaftServerConfigKeys (ConfUtils.java:logGet(43)) - raft.server.log.appender.buffer.byte-limit = 33554432 (custom)
2019-10-21 22:01:15,601 [main] INFO  server.GrpcService (ConfUtils.java:logGet(43)) - raft.grpc.flow.control.window = 1MB (=1048576) (default)
2019-10-21 22:01:15,602 [main] INFO  server.RaftServerConfigKeys (ConfUtils.java:logGet(43)) - raft.server.rpc.request.timeout = 3000ms (default)
2019-10-21 22:01:15,760 [main] INFO  server.RaftServerConfigKeys (ConfUtils.java:logGet(43)) - raft.server.storage.dir = [/workdir/hadoop-ozone/integration-test/target/test-dir/MiniOzoneClusterImpl-55d22b23-1d78-4564-93d7-1f68b9a0b903/datanode-0/data/ratis] (custom)
2019-10-21 22:01:15,819 [main] INFO  hdfs.DFSUtil (DFSUtil.java:httpServerTemplateForNNAndJN(1641)) - Starting Web-server for hddsDatanode at: http://0.0.0.0:0
2019-10-21 22:01:15,820 [main] INFO  server.AuthenticationFilter (AuthenticationFilter.java:constructSecretProvider(240)) - Unable to initialize FileSignerSecretProvider, falling back to use random secrets.
2019-10-21 22:01:15,821 [main] WARN  http.HttpRequestLog (HttpRequestLog.java:getRequestLog(97)) - Jetty request log can only be enabled using Log4j
2019-10-21 22:01:15,823 [main] INFO  http.HttpServer2 (HttpServer2.java:addGlobalFilter(975)) - Added global filter 'safety' (class=org.apache.hadoop.http.HttpServer2$QuotingInputFilter)
2019-10-21 22:01:15,823 [main] INFO  http.HttpServer2 (HttpServer2.java:addFilter(948)) - Added filter static_user_filter (class=org.apache.hadoop.http.lib.StaticUserWebFilter$StaticUserFilter) to context hddsDatanode
2019-10-21 22:01:15,823 [main] INFO  http.HttpServer2 (HttpServer2.java:addFilter(958)) - Added filter static_user_filter (class=org.apache.hadoop.http.lib.StaticUserWebFilter$StaticUserFilter) to context logs
2019-10-21 22:01:15,824 [main] INFO  http.HttpServer2 (HttpServer2.java:addFilter(958)) - Added filter static_user_filter (class=org.apache.hadoop.http.lib.StaticUserWebFilter$StaticUserFilter) to context static
2019-10-21 22:01:15,824 [main] INFO  http.HttpServer2 (HttpServer2.java:bindListener(1191)) - Jetty bound to port 41616
2019-10-21 22:01:15,825 [main] INFO  server.Server (Server.java:doStart(351)) - jetty-9.3.25.v20180904, build timestamp: 2018-09-04T21:11:46Z, git hash: 3ce520221d0240229c862b122d2b06c12a625732
2019-10-21 22:01:15,829 [main] INFO  handler.ContextHandler (ContextHandler.java:doStart(781)) - Started o.e.j.s.ServletContextHandler@7899de11{/logs,file:///workdir/hadoop-ozone/integration-test/target/log,AVAILABLE}
2019-10-21 22:01:15,830 [main] INFO  handler.ContextHandler (ContextHandler.java:doStart(781)) - Started o.e.j.s.ServletContextHandler@1bc0d349{/static,jar:file:/home/user/.m2/repository/org/apache/hadoop/hadoop-hdds-container-service/0.5.0-SNAPSHOT/hadoop-hdds-container-service-0.5.0-SNAPSHOT.jar!/webapps/static,AVAILABLE}
2019-10-21 22:01:15,863 [main] INFO  handler.ContextHandler (ContextHandler.java:doStart(781)) - Started o.e.j.w.WebAppContext@7e7f0216{/,file:///tmp/jetty-0.0.0.0-41616-hddsDatanode-_-any-1562210555057937518.dir/webapp/,AVAILABLE}{/hddsDatanode}
2019-10-21 22:01:15,864 [main] INFO  server.AbstractConnector (AbstractConnector.java:doStart(278)) - Started ServerConnector@4339baec{HTTP/1.1,[http/1.1]}{0.0.0.0:41616}
2019-10-21 22:01:15,865 [main] INFO  server.Server (Server.java:doStart(419)) - Started @4906ms
2019-10-21 22:01:15,866 [main] WARN  impl.MetricsSystemImpl (MetricsSystemImpl.java:register(276)) - Sink prometheus already exists!
2019-10-21 22:01:15,867 [main] INFO  server.BaseHttpServer (BaseHttpServer.java:updateConnectorAddress(215)) - HTTP server of HDDSDATANODE is listening at http://0.0.0.0:41616
2019-10-21 22:01:15,869 [main] INFO  impl.MetricsSystemImpl (MetricsSystemImpl.java:init(158)) - HddsDatanode metrics system started (again)
2019-10-21 22:01:15,873 [main] INFO  ozone.HddsDatanodeService (HddsDatanodeService.java:start(184)) - HddsDatanodeService host:pr-hdds-2310-sp97z-1197097266 ip:192.168.34.8
2019-10-21 22:01:15,875 [org.apache.hadoop.util.JvmPauseMonitor$Monitor@1003ffeb] INFO  util.JvmPauseMonitor (JvmPauseMonitor.java:run(188)) - Starting JVM pause monitor
2019-10-21 22:01:15,884 [main] INFO  volume.HddsVolume (HddsVolume.java:<init>(176)) - Creating Volume: /workdir/hadoop-ozone/integration-test/target/test-dir/MiniOzoneClusterImpl-55d22b23-1d78-4564-93d7-1f68b9a0b903/datanode-1/data/containers/hdds of  storage type : DISK and capacity : 1482555576320
2019-10-21 22:01:15,884 [main] INFO  volume.VolumeSet (VolumeSet.java:initializeVolumeSet(170)) - Added Volume : /workdir/hadoop-ozone/integration-test/target/test-dir/MiniOzoneClusterImpl-55d22b23-1d78-4564-93d7-1f68b9a0b903/datanode-1/data/containers/hdds to VolumeSet
2019-10-21 22:01:15,885 [main] INFO  volume.ThrottledAsyncChecker (ThrottledAsyncChecker.java:schedule(141)) - Scheduling a check for /workdir/hadoop-ozone/integration-test/target/test-dir/MiniOzoneClusterImpl-55d22b23-1d78-4564-93d7-1f68b9a0b903/datanode-1/data/containers/hdds
2019-10-21 22:01:15,886 [main] INFO  volume.HddsVolumeChecker (HddsVolumeChecker.java:checkAllVolumes(204)) - Scheduled health check for volume /workdir/hadoop-ozone/integration-test/target/test-dir/MiniOzoneClusterImpl-55d22b23-1d78-4564-93d7-1f68b9a0b903/datanode-1/data/containers/hdds
2019-10-21 22:01:15,906 [main] INFO  impl.RaftServerProxy (ConfUtils.java:logGet(43)) - raft.rpc.type = GRPC (default)
2019-10-21 22:01:15,906 [main] INFO  grpc.GrpcFactory (GrpcFactory.java:checkPooledByteBufAllocatorUseCacheForAllThreads(45)) - PERFORMANCE WARNING: useCacheForAllThreads is true that may cause Netty to create a lot garbage objects and, as a result, trigger GC.
	It is recommended to disable useCacheForAllThreads by setting -Dorg.apache.ratis.thirdparty.io.netty.allocator.useCacheForAllThreads=false in command line.
2019-10-21 22:01:15,906 [main] INFO  grpc.GrpcConfigKeys$Server (ConfUtils.java:logGet(43)) - raft.grpc.server.port = 0 (default)
2019-10-21 22:01:15,907 [main] INFO  server.GrpcService (ConfUtils.java:logGet(43)) - raft.grpc.message.size.max = 33570816 (custom)
2019-10-21 22:01:15,907 [main] INFO  server.RaftServerConfigKeys (ConfUtils.java:logGet(43)) - raft.server.log.appender.buffer.byte-limit = 33554432 (custom)
2019-10-21 22:01:15,908 [main] INFO  server.GrpcService (ConfUtils.java:logGet(43)) - raft.grpc.flow.control.window = 1MB (=1048576) (default)
2019-10-21 22:01:15,908 [main] INFO  server.RaftServerConfigKeys (ConfUtils.java:logGet(43)) - raft.server.rpc.request.timeout = 3000ms (default)
2019-10-21 22:01:15,909 [main] INFO  server.RaftServerConfigKeys (ConfUtils.java:logGet(43)) - raft.server.storage.dir = [/workdir/hadoop-ozone/integration-test/target/test-dir/MiniOzoneClusterImpl-55d22b23-1d78-4564-93d7-1f68b9a0b903/datanode-1/data/ratis] (custom)
2019-10-21 22:01:15,912 [main] INFO  hdfs.DFSUtil (DFSUtil.java:httpServerTemplateForNNAndJN(1641)) - Starting Web-server for hddsDatanode at: http://0.0.0.0:0
2019-10-21 22:01:15,913 [main] INFO  server.AuthenticationFilter (AuthenticationFilter.java:constructSecretProvider(240)) - Unable to initialize FileSignerSecretProvider, falling back to use random secrets.
2019-10-21 22:01:15,914 [main] WARN  http.HttpRequestLog (HttpRequestLog.java:getRequestLog(97)) - Jetty request log can only be enabled using Log4j
2019-10-21 22:01:15,916 [main] INFO  http.HttpServer2 (HttpServer2.java:addGlobalFilter(975)) - Added global filter 'safety' (class=org.apache.hadoop.http.HttpServer2$QuotingInputFilter)
2019-10-21 22:01:15,917 [main] INFO  http.HttpServer2 (HttpServer2.java:addFilter(948)) - Added filter static_user_filter (class=org.apache.hadoop.http.lib.StaticUserWebFilter$StaticUserFilter) to context hddsDatanode
2019-10-21 22:01:15,917 [main] INFO  http.HttpServer2 (HttpServer2.java:addFilter(958)) - Added filter static_user_filter (class=org.apache.hadoop.http.lib.StaticUserWebFilter$StaticUserFilter) to context logs
2019-10-21 22:01:15,917 [main] INFO  http.HttpServer2 (HttpServer2.java:addFilter(958)) - Added filter static_user_filter (class=org.apache.hadoop.http.lib.StaticUserWebFilter$StaticUserFilter) to context static
2019-10-21 22:01:15,919 [main] INFO  http.HttpServer2 (HttpServer2.java:bindListener(1191)) - Jetty bound to port 37279
2019-10-21 22:01:15,919 [main] INFO  server.Server (Server.java:doStart(351)) - jetty-9.3.25.v20180904, build timestamp: 2018-09-04T21:11:46Z, git hash: 3ce520221d0240229c862b122d2b06c12a625732
2019-10-21 22:01:15,922 [main] INFO  handler.ContextHandler (ContextHandler.java:doStart(781)) - Started o.e.j.s.ServletContextHandler@730f9695{/logs,file:///workdir/hadoop-ozone/integration-test/target/log,AVAILABLE}
2019-10-21 22:01:15,922 [main] INFO  handler.ContextHandler (ContextHandler.java:doStart(781)) - Started o.e.j.s.ServletContextHandler@fab35b1{/static,jar:file:/home/user/.m2/repository/org/apache/hadoop/hadoop-hdds-container-service/0.5.0-SNAPSHOT/hadoop-hdds-container-service-0.5.0-SNAPSHOT.jar!/webapps/static,AVAILABLE}
2019-10-21 22:01:15,958 [main] INFO  handler.ContextHandler (ContextHandler.java:doStart(781)) - Started o.e.j.w.WebAppContext@3d904e9c{/,file:///tmp/jetty-0.0.0.0-37279-hddsDatanode-_-any-5443784502179122617.dir/webapp/,AVAILABLE}{/hddsDatanode}
2019-10-21 22:01:15,958 [main] INFO  server.AbstractConnector (AbstractConnector.java:doStart(278)) - Started ServerConnector@508a65bf{HTTP/1.1,[http/1.1]}{0.0.0.0:37279}
2019-10-21 22:01:15,959 [main] INFO  server.Server (Server.java:doStart(419)) - Started @5000ms
2019-10-21 22:01:15,959 [main] WARN  impl.MetricsSystemImpl (MetricsSystemImpl.java:register(276)) - Sink prometheus already exists!
2019-10-21 22:01:15,961 [main] INFO  server.BaseHttpServer (BaseHttpServer.java:updateConnectorAddress(215)) - HTTP server of HDDSDATANODE is listening at http://0.0.0.0:37279
2019-10-21 22:01:15,961 [main] INFO  impl.MetricsSystemImpl (MetricsSystemImpl.java:init(158)) - HddsDatanode metrics system started (again)
2019-10-21 22:01:15,964 [main] INFO  ozone.HddsDatanodeService (HddsDatanodeService.java:start(184)) - HddsDatanodeService host:pr-hdds-2310-sp97z-1197097266 ip:192.168.34.8
2019-10-21 22:01:15,964 [org.apache.hadoop.util.JvmPauseMonitor$Monitor@6ba8db84] INFO  util.JvmPauseMonitor (JvmPauseMonitor.java:run(188)) - Starting JVM pause monitor
2019-10-21 22:01:15,973 [main] INFO  volume.HddsVolume (HddsVolume.java:<init>(176)) - Creating Volume: /workdir/hadoop-ozone/integration-test/target/test-dir/MiniOzoneClusterImpl-55d22b23-1d78-4564-93d7-1f68b9a0b903/datanode-2/data/containers/hdds of  storage type : DISK and capacity : 1482555576320
2019-10-21 22:01:15,973 [main] INFO  volume.VolumeSet (VolumeSet.java:initializeVolumeSet(170)) - Added Volume : /workdir/hadoop-ozone/integration-test/target/test-dir/MiniOzoneClusterImpl-55d22b23-1d78-4564-93d7-1f68b9a0b903/datanode-2/data/containers/hdds to VolumeSet
2019-10-21 22:01:15,974 [main] INFO  volume.ThrottledAsyncChecker (ThrottledAsyncChecker.java:schedule(141)) - Scheduling a check for /workdir/hadoop-ozone/integration-test/target/test-dir/MiniOzoneClusterImpl-55d22b23-1d78-4564-93d7-1f68b9a0b903/datanode-2/data/containers/hdds
2019-10-21 22:01:15,974 [main] INFO  volume.HddsVolumeChecker (HddsVolumeChecker.java:checkAllVolumes(204)) - Scheduled health check for volume /workdir/hadoop-ozone/integration-test/target/test-dir/MiniOzoneClusterImpl-55d22b23-1d78-4564-93d7-1f68b9a0b903/datanode-2/data/containers/hdds
2019-10-21 22:01:15,987 [main] INFO  impl.RaftServerProxy (ConfUtils.java:logGet(43)) - raft.rpc.type = GRPC (default)
2019-10-21 22:01:15,988 [main] INFO  grpc.GrpcFactory (GrpcFactory.java:checkPooledByteBufAllocatorUseCacheForAllThreads(45)) - PERFORMANCE WARNING: useCacheForAllThreads is true that may cause Netty to create a lot garbage objects and, as a result, trigger GC.
	It is recommended to disable useCacheForAllThreads by setting -Dorg.apache.ratis.thirdparty.io.netty.allocator.useCacheForAllThreads=false in command line.
2019-10-21 22:01:15,988 [main] INFO  grpc.GrpcConfigKeys$Server (ConfUtils.java:logGet(43)) - raft.grpc.server.port = 0 (default)
2019-10-21 22:01:15,988 [main] INFO  server.GrpcService (ConfUtils.java:logGet(43)) - raft.grpc.message.size.max = 33570816 (custom)
2019-10-21 22:01:15,988 [main] INFO  server.RaftServerConfigKeys (ConfUtils.java:logGet(43)) - raft.server.log.appender.buffer.byte-limit = 33554432 (custom)
2019-10-21 22:01:15,989 [main] INFO  server.GrpcService (ConfUtils.java:logGet(43)) - raft.grpc.flow.control.window = 1MB (=1048576) (default)
2019-10-21 22:01:15,989 [main] INFO  server.RaftServerConfigKeys (ConfUtils.java:logGet(43)) - raft.server.rpc.request.timeout = 3000ms (default)
2019-10-21 22:01:15,989 [main] INFO  server.RaftServerConfigKeys (ConfUtils.java:logGet(43)) - raft.server.storage.dir = [/workdir/hadoop-ozone/integration-test/target/test-dir/MiniOzoneClusterImpl-55d22b23-1d78-4564-93d7-1f68b9a0b903/datanode-2/data/ratis] (custom)
2019-10-21 22:01:15,992 [main] INFO  hdfs.DFSUtil (DFSUtil.java:httpServerTemplateForNNAndJN(1641)) - Starting Web-server for hddsDatanode at: http://0.0.0.0:0
2019-10-21 22:01:15,993 [main] INFO  server.AuthenticationFilter (AuthenticationFilter.java:constructSecretProvider(240)) - Unable to initialize FileSignerSecretProvider, falling back to use random secrets.
2019-10-21 22:01:15,994 [main] WARN  http.HttpRequestLog (HttpRequestLog.java:getRequestLog(97)) - Jetty request log can only be enabled using Log4j
2019-10-21 22:01:15,995 [main] INFO  http.HttpServer2 (HttpServer2.java:addGlobalFilter(975)) - Added global filter 'safety' (class=org.apache.hadoop.http.HttpServer2$QuotingInputFilter)
2019-10-21 22:01:15,996 [main] INFO  http.HttpServer2 (HttpServer2.java:addFilter(948)) - Added filter static_user_filter (class=org.apache.hadoop.http.lib.StaticUserWebFilter$StaticUserFilter) to context hddsDatanode
2019-10-21 22:01:15,996 [main] INFO  http.HttpServer2 (HttpServer2.java:addFilter(958)) - Added filter static_user_filter (class=org.apache.hadoop.http.lib.StaticUserWebFilter$StaticUserFilter) to context static
2019-10-21 22:01:15,996 [main] INFO  http.HttpServer2 (HttpServer2.java:addFilter(958)) - Added filter static_user_filter (class=org.apache.hadoop.http.lib.StaticUserWebFilter$StaticUserFilter) to context logs
2019-10-21 22:01:15,997 [main] INFO  http.HttpServer2 (HttpServer2.java:bindListener(1191)) - Jetty bound to port 38197
2019-10-21 22:01:15,997 [main] INFO  server.Server (Server.java:doStart(351)) - jetty-9.3.25.v20180904, build timestamp: 2018-09-04T21:11:46Z, git hash: 3ce520221d0240229c862b122d2b06c12a625732
2019-10-21 22:01:16,000 [main] INFO  handler.ContextHandler (ContextHandler.java:doStart(781)) - Started o.e.j.s.ServletContextHandler@6403e24c{/logs,file:///workdir/hadoop-ozone/integration-test/target/log,AVAILABLE}
2019-10-21 22:01:16,001 [main] INFO  handler.ContextHandler (ContextHandler.java:doStart(781)) - Started o.e.j.s.ServletContextHandler@4eba373c{/static,jar:file:/home/user/.m2/repository/org/apache/hadoop/hadoop-hdds-container-service/0.5.0-SNAPSHOT/hadoop-hdds-container-service-0.5.0-SNAPSHOT.jar!/webapps/static,AVAILABLE}
2019-10-21 22:01:16,018 [Datanode State Machine Thread - 0] INFO  datanode.InitDatanodeState (InitDatanodeState.java:persistContainerDatanodeDetails(140)) - DatanodeDetails is persisted to /workdir/hadoop-ozone/integration-test/target/test-dir/MiniOzoneClusterImpl-55d22b23-1d78-4564-93d7-1f68b9a0b903/datanode-0/meta/datanode.id
2019-10-21 22:01:16,023 [Datanode State Machine Thread - 0] INFO  datanode.InitDatanodeState (InitDatanodeState.java:persistContainerDatanodeDetails(140)) - DatanodeDetails is persisted to /workdir/hadoop-ozone/integration-test/target/test-dir/MiniOzoneClusterImpl-55d22b23-1d78-4564-93d7-1f68b9a0b903/datanode-1/meta/datanode.id
2019-10-21 22:01:16,039 [main] INFO  handler.ContextHandler (ContextHandler.java:doStart(781)) - Started o.e.j.w.WebAppContext@895416d{/,file:///tmp/jetty-0.0.0.0-38197-hddsDatanode-_-any-152465899937285263.dir/webapp/,AVAILABLE}{/hddsDatanode}
2019-10-21 22:01:16,040 [main] INFO  server.AbstractConnector (AbstractConnector.java:doStart(278)) - Started ServerConnector@71a06021{HTTP/1.1,[http/1.1]}{0.0.0.0:38197}
2019-10-21 22:01:16,040 [main] INFO  server.Server (Server.java:doStart(419)) - Started @5081ms
2019-10-21 22:01:16,043 [main] WARN  impl.MetricsSystemImpl (MetricsSystemImpl.java:register(276)) - Sink prometheus already exists!
2019-10-21 22:01:16,044 [main] INFO  server.BaseHttpServer (BaseHttpServer.java:updateConnectorAddress(215)) - HTTP server of HDDSDATANODE is listening at http://0.0.0.0:38197
2019-10-21 22:01:16,045 [main] INFO  impl.MetricsSystemImpl (MetricsSystemImpl.java:init(158)) - HddsDatanode metrics system started (again)
2019-10-21 22:01:16,047 [main] INFO  ozone.HddsDatanodeService (HddsDatanodeService.java:start(184)) - HddsDatanodeService host:pr-hdds-2310-sp97z-1197097266 ip:192.168.34.8
2019-10-21 22:01:16,047 [org.apache.hadoop.util.JvmPauseMonitor$Monitor@11dd0b8c] INFO  util.JvmPauseMonitor (JvmPauseMonitor.java:run(188)) - Starting JVM pause monitor
2019-10-21 22:01:16,049 [Datanode State Machine Thread - 0] INFO  datanode.InitDatanodeState (InitDatanodeState.java:persistContainerDatanodeDetails(140)) - DatanodeDetails is persisted to /workdir/hadoop-ozone/integration-test/target/test-dir/MiniOzoneClusterImpl-55d22b23-1d78-4564-93d7-1f68b9a0b903/datanode-2/meta/datanode.id
2019-10-21 22:01:16,055 [main] INFO  volume.HddsVolume (HddsVolume.java:<init>(176)) - Creating Volume: /workdir/hadoop-ozone/integration-test/target/test-dir/MiniOzoneClusterImpl-55d22b23-1d78-4564-93d7-1f68b9a0b903/datanode-3/data/containers/hdds of  storage type : DISK and capacity : 1482555576320
2019-10-21 22:01:16,055 [main] INFO  volume.VolumeSet (VolumeSet.java:initializeVolumeSet(170)) - Added Volume : /workdir/hadoop-ozone/integration-test/target/test-dir/MiniOzoneClusterImpl-55d22b23-1d78-4564-93d7-1f68b9a0b903/datanode-3/data/containers/hdds to VolumeSet
2019-10-21 22:01:16,055 [main] INFO  volume.ThrottledAsyncChecker (ThrottledAsyncChecker.java:schedule(141)) - Scheduling a check for /workdir/hadoop-ozone/integration-test/target/test-dir/MiniOzoneClusterImpl-55d22b23-1d78-4564-93d7-1f68b9a0b903/datanode-3/data/containers/hdds
2019-10-21 22:01:16,056 [main] INFO  volume.HddsVolumeChecker (HddsVolumeChecker.java:checkAllVolumes(204)) - Scheduled health check for volume /workdir/hadoop-ozone/integration-test/target/test-dir/MiniOzoneClusterImpl-55d22b23-1d78-4564-93d7-1f68b9a0b903/datanode-3/data/containers/hdds
2019-10-21 22:01:16,069 [main] INFO  impl.RaftServerProxy (ConfUtils.java:logGet(43)) - raft.rpc.type = GRPC (default)
2019-10-21 22:01:16,069 [main] INFO  grpc.GrpcFactory (GrpcFactory.java:checkPooledByteBufAllocatorUseCacheForAllThreads(45)) - PERFORMANCE WARNING: useCacheForAllThreads is true that may cause Netty to create a lot garbage objects and, as a result, trigger GC.
	It is recommended to disable useCacheForAllThreads by setting -Dorg.apache.ratis.thirdparty.io.netty.allocator.useCacheForAllThreads=false in command line.
2019-10-21 22:01:16,069 [main] INFO  grpc.GrpcConfigKeys$Server (ConfUtils.java:logGet(43)) - raft.grpc.server.port = 0 (default)
2019-10-21 22:01:16,069 [main] INFO  server.GrpcService (ConfUtils.java:logGet(43)) - raft.grpc.message.size.max = 33570816 (custom)
2019-10-21 22:01:16,069 [main] INFO  server.RaftServerConfigKeys (ConfUtils.java:logGet(43)) - raft.server.log.appender.buffer.byte-limit = 33554432 (custom)
2019-10-21 22:01:16,070 [main] INFO  server.GrpcService (ConfUtils.java:logGet(43)) - raft.grpc.flow.control.window = 1MB (=1048576) (default)
2019-10-21 22:01:16,070 [main] INFO  server.RaftServerConfigKeys (ConfUtils.java:logGet(43)) - raft.server.rpc.request.timeout = 3000ms (default)
2019-10-21 22:01:16,070 [main] INFO  server.RaftServerConfigKeys (ConfUtils.java:logGet(43)) - raft.server.storage.dir = [/workdir/hadoop-ozone/integration-test/target/test-dir/MiniOzoneClusterImpl-55d22b23-1d78-4564-93d7-1f68b9a0b903/datanode-3/data/ratis] (custom)
2019-10-21 22:01:16,072 [main] INFO  hdfs.DFSUtil (DFSUtil.java:httpServerTemplateForNNAndJN(1641)) - Starting Web-server for hddsDatanode at: http://0.0.0.0:0
2019-10-21 22:01:16,074 [main] INFO  server.AuthenticationFilter (AuthenticationFilter.java:constructSecretProvider(240)) - Unable to initialize FileSignerSecretProvider, falling back to use random secrets.
2019-10-21 22:01:16,074 [main] WARN  http.HttpRequestLog (HttpRequestLog.java:getRequestLog(97)) - Jetty request log can only be enabled using Log4j
2019-10-21 22:01:16,075 [main] INFO  http.HttpServer2 (HttpServer2.java:addGlobalFilter(975)) - Added global filter 'safety' (class=org.apache.hadoop.http.HttpServer2$QuotingInputFilter)
2019-10-21 22:01:16,076 [main] INFO  http.HttpServer2 (HttpServer2.java:addFilter(948)) - Added filter static_user_filter (class=org.apache.hadoop.http.lib.StaticUserWebFilter$StaticUserFilter) to context hddsDatanode
2019-10-21 22:01:16,076 [main] INFO  http.HttpServer2 (HttpServer2.java:addFilter(958)) - Added filter static_user_filter (class=org.apache.hadoop.http.lib.StaticUserWebFilter$StaticUserFilter) to context logs
2019-10-21 22:01:16,077 [main] INFO  http.HttpServer2 (HttpServer2.java:addFilter(958)) - Added filter static_user_filter (class=org.apache.hadoop.http.lib.StaticUserWebFilter$StaticUserFilter) to context static
2019-10-21 22:01:16,077 [main] INFO  http.HttpServer2 (HttpServer2.java:bindListener(1191)) - Jetty bound to port 38786
2019-10-21 22:01:16,077 [main] INFO  server.Server (Server.java:doStart(351)) - jetty-9.3.25.v20180904, build timestamp: 2018-09-04T21:11:46Z, git hash: 3ce520221d0240229c862b122d2b06c12a625732
2019-10-21 22:01:16,079 [main] INFO  handler.ContextHandler (ContextHandler.java:doStart(781)) - Started o.e.j.s.ServletContextHandler@5460b754{/logs,file:///workdir/hadoop-ozone/integration-test/target/log,AVAILABLE}
2019-10-21 22:01:16,080 [main] INFO  handler.ContextHandler (ContextHandler.java:doStart(781)) - Started o.e.j.s.ServletContextHandler@c27a3a2{/static,jar:file:/home/user/.m2/repository/org/apache/hadoop/hadoop-hdds-container-service/0.5.0-SNAPSHOT/hadoop-hdds-container-service-0.5.0-SNAPSHOT.jar!/webapps/static,AVAILABLE}
2019-10-21 22:01:16,110 [main] INFO  handler.ContextHandler (ContextHandler.java:doStart(781)) - Started o.e.j.w.WebAppContext@53e800f9{/,file:///tmp/jetty-0.0.0.0-38786-hddsDatanode-_-any-4425249254432342240.dir/webapp/,AVAILABLE}{/hddsDatanode}
2019-10-21 22:01:16,111 [main] INFO  server.AbstractConnector (AbstractConnector.java:doStart(278)) - Started ServerConnector@337bbfdf{HTTP/1.1,[http/1.1]}{0.0.0.0:38786}
2019-10-21 22:01:16,112 [main] INFO  server.Server (Server.java:doStart(419)) - Started @5153ms
2019-10-21 22:01:16,112 [main] WARN  impl.MetricsSystemImpl (MetricsSystemImpl.java:register(276)) - Sink prometheus already exists!
2019-10-21 22:01:16,113 [main] INFO  server.BaseHttpServer (BaseHttpServer.java:updateConnectorAddress(215)) - HTTP server of HDDSDATANODE is listening at http://0.0.0.0:38786
2019-10-21 22:01:16,113 [main] INFO  impl.MetricsSystemImpl (MetricsSystemImpl.java:init(158)) - HddsDatanode metrics system started (again)
2019-10-21 22:01:16,116 [org.apache.hadoop.util.JvmPauseMonitor$Monitor@64b8cff8] INFO  util.JvmPauseMonitor (JvmPauseMonitor.java:run(188)) - Starting JVM pause monitor
2019-10-21 22:01:16,116 [main] INFO  ozone.HddsDatanodeService (HddsDatanodeService.java:start(184)) - HddsDatanodeService host:pr-hdds-2310-sp97z-1197097266 ip:192.168.34.8
2019-10-21 22:01:16,119 [Datanode State Machine Thread - 0] INFO  datanode.InitDatanodeState (InitDatanodeState.java:persistContainerDatanodeDetails(140)) - DatanodeDetails is persisted to /workdir/hadoop-ozone/integration-test/target/test-dir/MiniOzoneClusterImpl-55d22b23-1d78-4564-93d7-1f68b9a0b903/datanode-3/meta/datanode.id
2019-10-21 22:01:16,124 [main] INFO  volume.HddsVolume (HddsVolume.java:<init>(176)) - Creating Volume: /workdir/hadoop-ozone/integration-test/target/test-dir/MiniOzoneClusterImpl-55d22b23-1d78-4564-93d7-1f68b9a0b903/datanode-4/data/containers/hdds of  storage type : DISK and capacity : 1482555576320
2019-10-21 22:01:16,124 [main] INFO  volume.VolumeSet (VolumeSet.java:initializeVolumeSet(170)) - Added Volume : /workdir/hadoop-ozone/integration-test/target/test-dir/MiniOzoneClusterImpl-55d22b23-1d78-4564-93d7-1f68b9a0b903/datanode-4/data/containers/hdds to VolumeSet
2019-10-21 22:01:16,125 [main] INFO  volume.ThrottledAsyncChecker (ThrottledAsyncChecker.java:schedule(141)) - Scheduling a check for /workdir/hadoop-ozone/integration-test/target/test-dir/MiniOzoneClusterImpl-55d22b23-1d78-4564-93d7-1f68b9a0b903/datanode-4/data/containers/hdds
2019-10-21 22:01:16,125 [main] INFO  volume.HddsVolumeChecker (HddsVolumeChecker.java:checkAllVolumes(204)) - Scheduled health check for volume /workdir/hadoop-ozone/integration-test/target/test-dir/MiniOzoneClusterImpl-55d22b23-1d78-4564-93d7-1f68b9a0b903/datanode-4/data/containers/hdds
2019-10-21 22:01:16,139 [main] INFO  impl.RaftServerProxy (ConfUtils.java:logGet(43)) - raft.rpc.type = GRPC (default)
2019-10-21 22:01:16,139 [main] INFO  grpc.GrpcFactory (GrpcFactory.java:checkPooledByteBufAllocatorUseCacheForAllThreads(45)) - PERFORMANCE WARNING: useCacheForAllThreads is true that may cause Netty to create a lot garbage objects and, as a result, trigger GC.
	It is recommended to disable useCacheForAllThreads by setting -Dorg.apache.ratis.thirdparty.io.netty.allocator.useCacheForAllThreads=false in command line.
2019-10-21 22:01:16,140 [main] INFO  grpc.GrpcConfigKeys$Server (ConfUtils.java:logGet(43)) - raft.grpc.server.port = 0 (default)
2019-10-21 22:01:16,140 [main] INFO  server.GrpcService (ConfUtils.java:logGet(43)) - raft.grpc.message.size.max = 33570816 (custom)
2019-10-21 22:01:16,140 [main] INFO  server.RaftServerConfigKeys (ConfUtils.java:logGet(43)) - raft.server.log.appender.buffer.byte-limit = 33554432 (custom)
2019-10-21 22:01:16,140 [main] INFO  server.GrpcService (ConfUtils.java:logGet(43)) - raft.grpc.flow.control.window = 1MB (=1048576) (default)
2019-10-21 22:01:16,140 [main] INFO  server.RaftServerConfigKeys (ConfUtils.java:logGet(43)) - raft.server.rpc.request.timeout = 3000ms (default)
2019-10-21 22:01:16,141 [main] INFO  server.RaftServerConfigKeys (ConfUtils.java:logGet(43)) - raft.server.storage.dir = [/workdir/hadoop-ozone/integration-test/target/test-dir/MiniOzoneClusterImpl-55d22b23-1d78-4564-93d7-1f68b9a0b903/datanode-4/data/ratis] (custom)
2019-10-21 22:01:16,143 [main] INFO  hdfs.DFSUtil (DFSUtil.java:httpServerTemplateForNNAndJN(1641)) - Starting Web-server for hddsDatanode at: http://0.0.0.0:0
2019-10-21 22:01:16,145 [main] INFO  server.AuthenticationFilter (AuthenticationFilter.java:constructSecretProvider(240)) - Unable to initialize FileSignerSecretProvider, falling back to use random secrets.
2019-10-21 22:01:16,150 [main] WARN  http.HttpRequestLog (HttpRequestLog.java:getRequestLog(97)) - Jetty request log can only be enabled using Log4j
2019-10-21 22:01:16,151 [main] INFO  http.HttpServer2 (HttpServer2.java:addGlobalFilter(975)) - Added global filter 'safety' (class=org.apache.hadoop.http.HttpServer2$QuotingInputFilter)
2019-10-21 22:01:16,152 [main] INFO  http.HttpServer2 (HttpServer2.java:addFilter(948)) - Added filter static_user_filter (class=org.apache.hadoop.http.lib.StaticUserWebFilter$StaticUserFilter) to context hddsDatanode
2019-10-21 22:01:16,152 [main] INFO  http.HttpServer2 (HttpServer2.java:addFilter(958)) - Added filter static_user_filter (class=org.apache.hadoop.http.lib.StaticUserWebFilter$StaticUserFilter) to context static
2019-10-21 22:01:16,152 [main] INFO  http.HttpServer2 (HttpServer2.java:addFilter(958)) - Added filter static_user_filter (class=org.apache.hadoop.http.lib.StaticUserWebFilter$StaticUserFilter) to context logs
2019-10-21 22:01:16,153 [main] INFO  http.HttpServer2 (HttpServer2.java:bindListener(1191)) - Jetty bound to port 46442
2019-10-21 22:01:16,153 [main] INFO  server.Server (Server.java:doStart(351)) - jetty-9.3.25.v20180904, build timestamp: 2018-09-04T21:11:46Z, git hash: 3ce520221d0240229c862b122d2b06c12a625732
2019-10-21 22:01:16,156 [main] INFO  handler.ContextHandler (ContextHandler.java:doStart(781)) - Started o.e.j.s.ServletContextHandler@4d21c56e{/logs,file:///workdir/hadoop-ozone/integration-test/target/log,AVAILABLE}
2019-10-21 22:01:16,157 [main] INFO  handler.ContextHandler (ContextHandler.java:doStart(781)) - Started o.e.j.s.ServletContextHandler@7100dea{/static,jar:file:/home/user/.m2/repository/org/apache/hadoop/hadoop-hdds-container-service/0.5.0-SNAPSHOT/hadoop-hdds-container-service-0.5.0-SNAPSHOT.jar!/webapps/static,AVAILABLE}
2019-10-21 22:01:16,183 [main] INFO  handler.ContextHandler (ContextHandler.java:doStart(781)) - Started o.e.j.w.WebAppContext@6b350309{/,file:///tmp/jetty-0.0.0.0-46442-hddsDatanode-_-any-3014097548502593164.dir/webapp/,AVAILABLE}{/hddsDatanode}
2019-10-21 22:01:16,184 [main] INFO  server.AbstractConnector (AbstractConnector.java:doStart(278)) - Started ServerConnector@7ecec90d{HTTP/1.1,[http/1.1]}{0.0.0.0:46442}
2019-10-21 22:01:16,184 [main] INFO  server.Server (Server.java:doStart(419)) - Started @5225ms
2019-10-21 22:01:16,185 [main] WARN  impl.MetricsSystemImpl (MetricsSystemImpl.java:register(276)) - Sink prometheus already exists!
2019-10-21 22:01:16,187 [main] INFO  server.BaseHttpServer (BaseHttpServer.java:updateConnectorAddress(215)) - HTTP server of HDDSDATANODE is listening at http://0.0.0.0:46442
2019-10-21 22:01:16,187 [main] INFO  impl.MetricsSystemImpl (MetricsSystemImpl.java:init(158)) - HddsDatanode metrics system started (again)
2019-10-21 22:01:16,190 [main] INFO  ozone.HddsDatanodeService (HddsDatanodeService.java:start(184)) - HddsDatanodeService host:pr-hdds-2310-sp97z-1197097266 ip:192.168.34.8
2019-10-21 22:01:16,190 [org.apache.hadoop.util.JvmPauseMonitor$Monitor@45872047] INFO  util.JvmPauseMonitor (JvmPauseMonitor.java:run(188)) - Starting JVM pause monitor
2019-10-21 22:01:16,194 [Datanode State Machine Thread - 0] INFO  datanode.InitDatanodeState (InitDatanodeState.java:persistContainerDatanodeDetails(140)) - DatanodeDetails is persisted to /workdir/hadoop-ozone/integration-test/target/test-dir/MiniOzoneClusterImpl-55d22b23-1d78-4564-93d7-1f68b9a0b903/datanode-4/meta/datanode.id
2019-10-21 22:01:16,199 [main] INFO  volume.HddsVolume (HddsVolume.java:<init>(176)) - Creating Volume: /workdir/hadoop-ozone/integration-test/target/test-dir/MiniOzoneClusterImpl-55d22b23-1d78-4564-93d7-1f68b9a0b903/datanode-5/data/containers/hdds of  storage type : DISK and capacity : 1482555576320
2019-10-21 22:01:16,199 [main] INFO  volume.VolumeSet (VolumeSet.java:initializeVolumeSet(170)) - Added Volume : /workdir/hadoop-ozone/integration-test/target/test-dir/MiniOzoneClusterImpl-55d22b23-1d78-4564-93d7-1f68b9a0b903/datanode-5/data/containers/hdds to VolumeSet
2019-10-21 22:01:16,200 [main] INFO  volume.ThrottledAsyncChecker (ThrottledAsyncChecker.java:schedule(141)) - Scheduling a check for /workdir/hadoop-ozone/integration-test/target/test-dir/MiniOzoneClusterImpl-55d22b23-1d78-4564-93d7-1f68b9a0b903/datanode-5/data/containers/hdds
2019-10-21 22:01:16,200 [main] INFO  volume.HddsVolumeChecker (HddsVolumeChecker.java:checkAllVolumes(204)) - Scheduled health check for volume /workdir/hadoop-ozone/integration-test/target/test-dir/MiniOzoneClusterImpl-55d22b23-1d78-4564-93d7-1f68b9a0b903/datanode-5/data/containers/hdds
2019-10-21 22:01:16,221 [main] INFO  impl.RaftServerProxy (ConfUtils.java:logGet(43)) - raft.rpc.type = GRPC (default)
2019-10-21 22:01:16,221 [main] INFO  grpc.GrpcFactory (GrpcFactory.java:checkPooledByteBufAllocatorUseCacheForAllThreads(45)) - PERFORMANCE WARNING: useCacheForAllThreads is true that may cause Netty to create a lot garbage objects and, as a result, trigger GC.
	It is recommended to disable useCacheForAllThreads by setting -Dorg.apache.ratis.thirdparty.io.netty.allocator.useCacheForAllThreads=false in command line.
2019-10-21 22:01:16,221 [main] INFO  grpc.GrpcConfigKeys$Server (ConfUtils.java:logGet(43)) - raft.grpc.server.port = 0 (default)
2019-10-21 22:01:16,222 [main] INFO  server.GrpcService (ConfUtils.java:logGet(43)) - raft.grpc.message.size.max = 33570816 (custom)
2019-10-21 22:01:16,222 [main] INFO  server.RaftServerConfigKeys (ConfUtils.java:logGet(43)) - raft.server.log.appender.buffer.byte-limit = 33554432 (custom)
2019-10-21 22:01:16,222 [main] INFO  server.GrpcService (ConfUtils.java:logGet(43)) - raft.grpc.flow.control.window = 1MB (=1048576) (default)
2019-10-21 22:01:16,223 [main] INFO  server.RaftServerConfigKeys (ConfUtils.java:logGet(43)) - raft.server.rpc.request.timeout = 3000ms (default)
2019-10-21 22:01:16,223 [main] INFO  server.RaftServerConfigKeys (ConfUtils.java:logGet(43)) - raft.server.storage.dir = [/workdir/hadoop-ozone/integration-test/target/test-dir/MiniOzoneClusterImpl-55d22b23-1d78-4564-93d7-1f68b9a0b903/datanode-5/data/ratis] (custom)
2019-10-21 22:01:16,226 [main] INFO  hdfs.DFSUtil (DFSUtil.java:httpServerTemplateForNNAndJN(1641)) - Starting Web-server for hddsDatanode at: http://0.0.0.0:0
2019-10-21 22:01:16,228 [main] INFO  server.AuthenticationFilter (AuthenticationFilter.java:constructSecretProvider(240)) - Unable to initialize FileSignerSecretProvider, falling back to use random secrets.
2019-10-21 22:01:16,229 [main] WARN  http.HttpRequestLog (HttpRequestLog.java:getRequestLog(97)) - Jetty request log can only be enabled using Log4j
2019-10-21 22:01:16,231 [main] INFO  http.HttpServer2 (HttpServer2.java:addGlobalFilter(975)) - Added global filter 'safety' (class=org.apache.hadoop.http.HttpServer2$QuotingInputFilter)
2019-10-21 22:01:16,232 [main] INFO  http.HttpServer2 (HttpServer2.java:addFilter(948)) - Added filter static_user_filter (class=org.apache.hadoop.http.lib.StaticUserWebFilter$StaticUserFilter) to context hddsDatanode
2019-10-21 22:01:16,233 [main] INFO  http.HttpServer2 (HttpServer2.java:addFilter(958)) - Added filter static_user_filter (class=org.apache.hadoop.http.lib.StaticUserWebFilter$StaticUserFilter) to context static
2019-10-21 22:01:16,233 [main] INFO  http.HttpServer2 (HttpServer2.java:addFilter(958)) - Added filter static_user_filter (class=org.apache.hadoop.http.lib.StaticUserWebFilter$StaticUserFilter) to context logs
2019-10-21 22:01:16,234 [main] INFO  http.HttpServer2 (HttpServer2.java:bindListener(1191)) - Jetty bound to port 37490
2019-10-21 22:01:16,235 [main] INFO  server.Server (Server.java:doStart(351)) - jetty-9.3.25.v20180904, build timestamp: 2018-09-04T21:11:46Z, git hash: 3ce520221d0240229c862b122d2b06c12a625732
2019-10-21 22:01:16,237 [main] INFO  handler.ContextHandler (ContextHandler.java:doStart(781)) - Started o.e.j.s.ServletContextHandler@97d0c06{/logs,file:///workdir/hadoop-ozone/integration-test/target/log,AVAILABLE}
2019-10-21 22:01:16,238 [main] INFO  handler.ContextHandler (ContextHandler.java:doStart(781)) - Started o.e.j.s.ServletContextHandler@43af351a{/static,jar:file:/home/user/.m2/repository/org/apache/hadoop/hadoop-hdds-container-service/0.5.0-SNAPSHOT/hadoop-hdds-container-service-0.5.0-SNAPSHOT.jar!/webapps/static,AVAILABLE}
2019-10-21 22:01:16,291 [main] INFO  handler.ContextHandler (ContextHandler.java:doStart(781)) - Started o.e.j.w.WebAppContext@518bfd90{/,file:///tmp/jetty-0.0.0.0-37490-hddsDatanode-_-any-8512247088410478359.dir/webapp/,AVAILABLE}{/hddsDatanode}
2019-10-21 22:01:16,293 [main] INFO  server.AbstractConnector (AbstractConnector.java:doStart(278)) - Started ServerConnector@317a118b{HTTP/1.1,[http/1.1]}{0.0.0.0:37490}
2019-10-21 22:01:16,294 [main] INFO  server.Server (Server.java:doStart(419)) - Started @5335ms
2019-10-21 22:01:16,294 [main] WARN  impl.MetricsSystemImpl (MetricsSystemImpl.java:register(276)) - Sink prometheus already exists!
2019-10-21 22:01:16,296 [main] INFO  server.BaseHttpServer (BaseHttpServer.java:updateConnectorAddress(215)) - HTTP server of HDDSDATANODE is listening at http://0.0.0.0:37490
2019-10-21 22:01:16,296 [main] INFO  impl.MetricsSystemImpl (MetricsSystemImpl.java:init(158)) - HddsDatanode metrics system started (again)
2019-10-21 22:01:16,300 [org.apache.hadoop.util.JvmPauseMonitor$Monitor@6bdf36b4] INFO  util.JvmPauseMonitor (JvmPauseMonitor.java:run(188)) - Starting JVM pause monitor
2019-10-21 22:01:16,301 [main] INFO  ozone.HddsDatanodeService (HddsDatanodeService.java:start(184)) - HddsDatanodeService host:pr-hdds-2310-sp97z-1197097266 ip:192.168.34.8
2019-10-21 22:01:16,302 [Datanode State Machine Thread - 0] INFO  datanode.InitDatanodeState (InitDatanodeState.java:persistContainerDatanodeDetails(140)) - DatanodeDetails is persisted to /workdir/hadoop-ozone/integration-test/target/test-dir/MiniOzoneClusterImpl-55d22b23-1d78-4564-93d7-1f68b9a0b903/datanode-5/meta/datanode.id
2019-10-21 22:01:16,308 [main] INFO  volume.HddsVolume (HddsVolume.java:<init>(176)) - Creating Volume: /workdir/hadoop-ozone/integration-test/target/test-dir/MiniOzoneClusterImpl-55d22b23-1d78-4564-93d7-1f68b9a0b903/datanode-6/data/containers/hdds of  storage type : DISK and capacity : 1482555576320
2019-10-21 22:01:16,309 [main] INFO  volume.VolumeSet (VolumeSet.java:initializeVolumeSet(170)) - Added Volume : /workdir/hadoop-ozone/integration-test/target/test-dir/MiniOzoneClusterImpl-55d22b23-1d78-4564-93d7-1f68b9a0b903/datanode-6/data/containers/hdds to VolumeSet
2019-10-21 22:01:16,309 [main] INFO  volume.ThrottledAsyncChecker (ThrottledAsyncChecker.java:schedule(141)) - Scheduling a check for /workdir/hadoop-ozone/integration-test/target/test-dir/MiniOzoneClusterImpl-55d22b23-1d78-4564-93d7-1f68b9a0b903/datanode-6/data/containers/hdds
2019-10-21 22:01:16,310 [main] INFO  volume.HddsVolumeChecker (HddsVolumeChecker.java:checkAllVolumes(204)) - Scheduled health check for volume /workdir/hadoop-ozone/integration-test/target/test-dir/MiniOzoneClusterImpl-55d22b23-1d78-4564-93d7-1f68b9a0b903/datanode-6/data/containers/hdds
2019-10-21 22:01:16,328 [main] INFO  impl.RaftServerProxy (ConfUtils.java:logGet(43)) - raft.rpc.type = GRPC (default)
2019-10-21 22:01:16,328 [main] INFO  grpc.GrpcFactory (GrpcFactory.java:checkPooledByteBufAllocatorUseCacheForAllThreads(45)) - PERFORMANCE WARNING: useCacheForAllThreads is true that may cause Netty to create a lot garbage objects and, as a result, trigger GC.
	It is recommended to disable useCacheForAllThreads by setting -Dorg.apache.ratis.thirdparty.io.netty.allocator.useCacheForAllThreads=false in command line.
2019-10-21 22:01:16,329 [main] INFO  grpc.GrpcConfigKeys$Server (ConfUtils.java:logGet(43)) - raft.grpc.server.port = 0 (default)
2019-10-21 22:01:16,329 [main] INFO  server.GrpcService (ConfUtils.java:logGet(43)) - raft.grpc.message.size.max = 33570816 (custom)
2019-10-21 22:01:16,329 [main] INFO  server.RaftServerConfigKeys (ConfUtils.java:logGet(43)) - raft.server.log.appender.buffer.byte-limit = 33554432 (custom)
2019-10-21 22:01:16,329 [main] INFO  server.GrpcService (ConfUtils.java:logGet(43)) - raft.grpc.flow.control.window = 1MB (=1048576) (default)
2019-10-21 22:01:16,330 [main] INFO  server.RaftServerConfigKeys (ConfUtils.java:logGet(43)) - raft.server.rpc.request.timeout = 3000ms (default)
2019-10-21 22:01:16,330 [main] INFO  server.RaftServerConfigKeys (ConfUtils.java:logGet(43)) - raft.server.storage.dir = [/workdir/hadoop-ozone/integration-test/target/test-dir/MiniOzoneClusterImpl-55d22b23-1d78-4564-93d7-1f68b9a0b903/datanode-6/data/ratis] (custom)
2019-10-21 22:01:16,332 [main] INFO  hdfs.DFSUtil (DFSUtil.java:httpServerTemplateForNNAndJN(1641)) - Starting Web-server for hddsDatanode at: http://0.0.0.0:0
2019-10-21 22:01:16,335 [main] INFO  server.AuthenticationFilter (AuthenticationFilter.java:constructSecretProvider(240)) - Unable to initialize FileSignerSecretProvider, falling back to use random secrets.
2019-10-21 22:01:16,336 [main] WARN  http.HttpRequestLog (HttpRequestLog.java:getRequestLog(97)) - Jetty request log can only be enabled using Log4j
2019-10-21 22:01:16,338 [main] INFO  http.HttpServer2 (HttpServer2.java:addGlobalFilter(975)) - Added global filter 'safety' (class=org.apache.hadoop.http.HttpServer2$QuotingInputFilter)
2019-10-21 22:01:16,339 [main] INFO  http.HttpServer2 (HttpServer2.java:addFilter(948)) - Added filter static_user_filter (class=org.apache.hadoop.http.lib.StaticUserWebFilter$StaticUserFilter) to context hddsDatanode
2019-10-21 22:01:16,339 [main] INFO  http.HttpServer2 (HttpServer2.java:addFilter(958)) - Added filter static_user_filter (class=org.apache.hadoop.http.lib.StaticUserWebFilter$StaticUserFilter) to context logs
2019-10-21 22:01:16,340 [main] INFO  http.HttpServer2 (HttpServer2.java:addFilter(958)) - Added filter static_user_filter (class=org.apache.hadoop.http.lib.StaticUserWebFilter$StaticUserFilter) to context static
2019-10-21 22:01:16,341 [main] INFO  http.HttpServer2 (HttpServer2.java:bindListener(1191)) - Jetty bound to port 40490
2019-10-21 22:01:16,341 [main] INFO  server.Server (Server.java:doStart(351)) - jetty-9.3.25.v20180904, build timestamp: 2018-09-04T21:11:46Z, git hash: 3ce520221d0240229c862b122d2b06c12a625732
2019-10-21 22:01:16,344 [main] INFO  handler.ContextHandler (ContextHandler.java:doStart(781)) - Started o.e.j.s.ServletContextHandler@2cae9b8{/logs,file:///workdir/hadoop-ozone/integration-test/target/log,AVAILABLE}
2019-10-21 22:01:16,345 [main] INFO  handler.ContextHandler (ContextHandler.java:doStart(781)) - Started o.e.j.s.ServletContextHandler@6f94fb9d{/static,jar:file:/home/user/.m2/repository/org/apache/hadoop/hadoop-hdds-container-service/0.5.0-SNAPSHOT/hadoop-hdds-container-service-0.5.0-SNAPSHOT.jar!/webapps/static,AVAILABLE}
2019-10-21 22:01:16,395 [main] INFO  handler.ContextHandler (ContextHandler.java:doStart(781)) - Started o.e.j.w.WebAppContext@7b306b9f{/,file:///tmp/jetty-0.0.0.0-40490-hddsDatanode-_-any-8945434679388309758.dir/webapp/,AVAILABLE}{/hddsDatanode}
2019-10-21 22:01:16,396 [main] INFO  server.AbstractConnector (AbstractConnector.java:doStart(278)) - Started ServerConnector@142213d5{HTTP/1.1,[http/1.1]}{0.0.0.0:40490}
2019-10-21 22:01:16,397 [main] INFO  server.Server (Server.java:doStart(419)) - Started @5438ms
2019-10-21 22:01:16,397 [main] WARN  impl.MetricsSystemImpl (MetricsSystemImpl.java:register(276)) - Sink prometheus already exists!
2019-10-21 22:01:16,398 [main] INFO  server.BaseHttpServer (BaseHttpServer.java:updateConnectorAddress(215)) - HTTP server of HDDSDATANODE is listening at http://0.0.0.0:40490
2019-10-21 22:01:16,399 [main] INFO  impl.MetricsSystemImpl (MetricsSystemImpl.java:init(158)) - HddsDatanode metrics system started (again)
2019-10-21 22:01:16,403 [org.apache.hadoop.util.JvmPauseMonitor$Monitor@51f0c7bf] INFO  util.JvmPauseMonitor (JvmPauseMonitor.java:run(188)) - Starting JVM pause monitor
2019-10-21 22:01:16,405 [main] INFO  ozone.HddsDatanodeService (HddsDatanodeService.java:start(184)) - HddsDatanodeService host:pr-hdds-2310-sp97z-1197097266 ip:192.168.34.8
2019-10-21 22:01:16,406 [Datanode State Machine Thread - 0] INFO  datanode.InitDatanodeState (InitDatanodeState.java:persistContainerDatanodeDetails(140)) - DatanodeDetails is persisted to /workdir/hadoop-ozone/integration-test/target/test-dir/MiniOzoneClusterImpl-55d22b23-1d78-4564-93d7-1f68b9a0b903/datanode-6/meta/datanode.id
2019-10-21 22:01:16,413 [main] INFO  volume.HddsVolume (HddsVolume.java:<init>(176)) - Creating Volume: /workdir/hadoop-ozone/integration-test/target/test-dir/MiniOzoneClusterImpl-55d22b23-1d78-4564-93d7-1f68b9a0b903/datanode-7/data/containers/hdds of  storage type : DISK and capacity : 1482555576320
2019-10-21 22:01:16,413 [main] INFO  volume.VolumeSet (VolumeSet.java:initializeVolumeSet(170)) - Added Volume : /workdir/hadoop-ozone/integration-test/target/test-dir/MiniOzoneClusterImpl-55d22b23-1d78-4564-93d7-1f68b9a0b903/datanode-7/data/containers/hdds to VolumeSet
2019-10-21 22:01:16,413 [main] INFO  volume.ThrottledAsyncChecker (ThrottledAsyncChecker.java:schedule(141)) - Scheduling a check for /workdir/hadoop-ozone/integration-test/target/test-dir/MiniOzoneClusterImpl-55d22b23-1d78-4564-93d7-1f68b9a0b903/datanode-7/data/containers/hdds
2019-10-21 22:01:16,414 [main] INFO  volume.HddsVolumeChecker (HddsVolumeChecker.java:checkAllVolumes(204)) - Scheduled health check for volume /workdir/hadoop-ozone/integration-test/target/test-dir/MiniOzoneClusterImpl-55d22b23-1d78-4564-93d7-1f68b9a0b903/datanode-7/data/containers/hdds
2019-10-21 22:01:16,434 [main] INFO  impl.RaftServerProxy (ConfUtils.java:logGet(43)) - raft.rpc.type = GRPC (default)
2019-10-21 22:01:16,434 [main] INFO  grpc.GrpcFactory (GrpcFactory.java:checkPooledByteBufAllocatorUseCacheForAllThreads(45)) - PERFORMANCE WARNING: useCacheForAllThreads is true that may cause Netty to create a lot garbage objects and, as a result, trigger GC.
	It is recommended to disable useCacheForAllThreads by setting -Dorg.apache.ratis.thirdparty.io.netty.allocator.useCacheForAllThreads=false in command line.
2019-10-21 22:01:16,434 [main] INFO  grpc.GrpcConfigKeys$Server (ConfUtils.java:logGet(43)) - raft.grpc.server.port = 0 (default)
2019-10-21 22:01:16,434 [main] INFO  server.GrpcService (ConfUtils.java:logGet(43)) - raft.grpc.message.size.max = 33570816 (custom)
2019-10-21 22:01:16,435 [main] INFO  server.RaftServerConfigKeys (ConfUtils.java:logGet(43)) - raft.server.log.appender.buffer.byte-limit = 33554432 (custom)
2019-10-21 22:01:16,435 [main] INFO  server.GrpcService (ConfUtils.java:logGet(43)) - raft.grpc.flow.control.window = 1MB (=1048576) (default)
2019-10-21 22:01:16,435 [main] INFO  server.RaftServerConfigKeys (ConfUtils.java:logGet(43)) - raft.server.rpc.request.timeout = 3000ms (default)
2019-10-21 22:01:16,436 [main] INFO  server.RaftServerConfigKeys (ConfUtils.java:logGet(43)) - raft.server.storage.dir = [/workdir/hadoop-ozone/integration-test/target/test-dir/MiniOzoneClusterImpl-55d22b23-1d78-4564-93d7-1f68b9a0b903/datanode-7/data/ratis] (custom)
2019-10-21 22:01:16,439 [main] INFO  hdfs.DFSUtil (DFSUtil.java:httpServerTemplateForNNAndJN(1641)) - Starting Web-server for hddsDatanode at: http://0.0.0.0:0
2019-10-21 22:01:16,441 [main] INFO  server.AuthenticationFilter (AuthenticationFilter.java:constructSecretProvider(240)) - Unable to initialize FileSignerSecretProvider, falling back to use random secrets.
2019-10-21 22:01:16,441 [main] WARN  http.HttpRequestLog (HttpRequestLog.java:getRequestLog(97)) - Jetty request log can only be enabled using Log4j
2019-10-21 22:01:16,443 [main] INFO  http.HttpServer2 (HttpServer2.java:addGlobalFilter(975)) - Added global filter 'safety' (class=org.apache.hadoop.http.HttpServer2$QuotingInputFilter)
2019-10-21 22:01:16,444 [main] INFO  http.HttpServer2 (HttpServer2.java:addFilter(948)) - Added filter static_user_filter (class=org.apache.hadoop.http.lib.StaticUserWebFilter$StaticUserFilter) to context hddsDatanode
2019-10-21 22:01:16,444 [main] INFO  http.HttpServer2 (HttpServer2.java:addFilter(958)) - Added filter static_user_filter (class=org.apache.hadoop.http.lib.StaticUserWebFilter$StaticUserFilter) to context logs
2019-10-21 22:01:16,444 [main] INFO  http.HttpServer2 (HttpServer2.java:addFilter(958)) - Added filter static_user_filter (class=org.apache.hadoop.http.lib.StaticUserWebFilter$StaticUserFilter) to context static
2019-10-21 22:01:16,445 [main] INFO  http.HttpServer2 (HttpServer2.java:bindListener(1191)) - Jetty bound to port 45874
2019-10-21 22:01:16,445 [main] INFO  server.Server (Server.java:doStart(351)) - jetty-9.3.25.v20180904, build timestamp: 2018-09-04T21:11:46Z, git hash: 3ce520221d0240229c862b122d2b06c12a625732
2019-10-21 22:01:16,447 [main] INFO  handler.ContextHandler (ContextHandler.java:doStart(781)) - Started o.e.j.s.ServletContextHandler@7e53339{/logs,file:///workdir/hadoop-ozone/integration-test/target/log,AVAILABLE}
2019-10-21 22:01:16,448 [main] INFO  handler.ContextHandler (ContextHandler.java:doStart(781)) - Started o.e.j.s.ServletContextHandler@31ddb930{/static,jar:file:/home/user/.m2/repository/org/apache/hadoop/hadoop-hdds-container-service/0.5.0-SNAPSHOT/hadoop-hdds-container-service-0.5.0-SNAPSHOT.jar!/webapps/static,AVAILABLE}
2019-10-21 22:01:16,488 [main] INFO  handler.ContextHandler (ContextHandler.java:doStart(781)) - Started o.e.j.w.WebAppContext@100c8b75{/,file:///tmp/jetty-0.0.0.0-45874-hddsDatanode-_-any-7945970469943630651.dir/webapp/,AVAILABLE}{/hddsDatanode}
2019-10-21 22:01:16,488 [main] INFO  server.AbstractConnector (AbstractConnector.java:doStart(278)) - Started ServerConnector@2bc378f7{HTTP/1.1,[http/1.1]}{0.0.0.0:45874}
2019-10-21 22:01:16,489 [main] INFO  server.Server (Server.java:doStart(419)) - Started @5530ms
2019-10-21 22:01:16,489 [main] WARN  impl.MetricsSystemImpl (MetricsSystemImpl.java:register(276)) - Sink prometheus already exists!
2019-10-21 22:01:16,490 [main] INFO  server.BaseHttpServer (BaseHttpServer.java:updateConnectorAddress(215)) - HTTP server of HDDSDATANODE is listening at http://0.0.0.0:45874
2019-10-21 22:01:16,491 [main] INFO  impl.MetricsSystemImpl (MetricsSystemImpl.java:init(158)) - HddsDatanode metrics system started (again)
2019-10-21 22:01:16,496 [org.apache.hadoop.util.JvmPauseMonitor$Monitor@5484b262] INFO  util.JvmPauseMonitor (JvmPauseMonitor.java:run(188)) - Starting JVM pause monitor
2019-10-21 22:01:16,496 [main] INFO  ozone.HddsDatanodeService (HddsDatanodeService.java:start(184)) - HddsDatanodeService host:pr-hdds-2310-sp97z-1197097266 ip:192.168.34.8
2019-10-21 22:01:16,500 [Datanode State Machine Thread - 0] INFO  datanode.InitDatanodeState (InitDatanodeState.java:persistContainerDatanodeDetails(140)) - DatanodeDetails is persisted to /workdir/hadoop-ozone/integration-test/target/test-dir/MiniOzoneClusterImpl-55d22b23-1d78-4564-93d7-1f68b9a0b903/datanode-7/meta/datanode.id
2019-10-21 22:01:16,506 [main] INFO  volume.HddsVolume (HddsVolume.java:<init>(176)) - Creating Volume: /workdir/hadoop-ozone/integration-test/target/test-dir/MiniOzoneClusterImpl-55d22b23-1d78-4564-93d7-1f68b9a0b903/datanode-8/data/containers/hdds of  storage type : DISK and capacity : 1482555576320
2019-10-21 22:01:16,507 [main] INFO  volume.VolumeSet (VolumeSet.java:initializeVolumeSet(170)) - Added Volume : /workdir/hadoop-ozone/integration-test/target/test-dir/MiniOzoneClusterImpl-55d22b23-1d78-4564-93d7-1f68b9a0b903/datanode-8/data/containers/hdds to VolumeSet
2019-10-21 22:01:16,507 [main] INFO  volume.ThrottledAsyncChecker (ThrottledAsyncChecker.java:schedule(141)) - Scheduling a check for /workdir/hadoop-ozone/integration-test/target/test-dir/MiniOzoneClusterImpl-55d22b23-1d78-4564-93d7-1f68b9a0b903/datanode-8/data/containers/hdds
2019-10-21 22:01:16,507 [main] INFO  volume.HddsVolumeChecker (HddsVolumeChecker.java:checkAllVolumes(204)) - Scheduled health check for volume /workdir/hadoop-ozone/integration-test/target/test-dir/MiniOzoneClusterImpl-55d22b23-1d78-4564-93d7-1f68b9a0b903/datanode-8/data/containers/hdds
2019-10-21 22:01:16,523 [main] INFO  impl.RaftServerProxy (ConfUtils.java:logGet(43)) - raft.rpc.type = GRPC (default)
2019-10-21 22:01:16,523 [main] INFO  grpc.GrpcFactory (GrpcFactory.java:checkPooledByteBufAllocatorUseCacheForAllThreads(45)) - PERFORMANCE WARNING: useCacheForAllThreads is true that may cause Netty to create a lot garbage objects and, as a result, trigger GC.
	It is recommended to disable useCacheForAllThreads by setting -Dorg.apache.ratis.thirdparty.io.netty.allocator.useCacheForAllThreads=false in command line.
2019-10-21 22:01:16,523 [main] INFO  grpc.GrpcConfigKeys$Server (ConfUtils.java:logGet(43)) - raft.grpc.server.port = 0 (default)
2019-10-21 22:01:16,524 [main] INFO  server.GrpcService (ConfUtils.java:logGet(43)) - raft.grpc.message.size.max = 33570816 (custom)
2019-10-21 22:01:16,524 [main] INFO  server.RaftServerConfigKeys (ConfUtils.java:logGet(43)) - raft.server.log.appender.buffer.byte-limit = 33554432 (custom)
2019-10-21 22:01:16,524 [main] INFO  server.GrpcService (ConfUtils.java:logGet(43)) - raft.grpc.flow.control.window = 1MB (=1048576) (default)
2019-10-21 22:01:16,524 [main] INFO  server.RaftServerConfigKeys (ConfUtils.java:logGet(43)) - raft.server.rpc.request.timeout = 3000ms (default)
2019-10-21 22:01:16,525 [main] INFO  server.RaftServerConfigKeys (ConfUtils.java:logGet(43)) - raft.server.storage.dir = [/workdir/hadoop-ozone/integration-test/target/test-dir/MiniOzoneClusterImpl-55d22b23-1d78-4564-93d7-1f68b9a0b903/datanode-8/data/ratis] (custom)
2019-10-21 22:01:16,527 [main] INFO  hdfs.DFSUtil (DFSUtil.java:httpServerTemplateForNNAndJN(1641)) - Starting Web-server for hddsDatanode at: http://0.0.0.0:0
2019-10-21 22:01:16,528 [main] INFO  server.AuthenticationFilter (AuthenticationFilter.java:constructSecretProvider(240)) - Unable to initialize FileSignerSecretProvider, falling back to use random secrets.
2019-10-21 22:01:16,528 [main] WARN  http.HttpRequestLog (HttpRequestLog.java:getRequestLog(97)) - Jetty request log can only be enabled using Log4j
2019-10-21 22:01:16,530 [main] INFO  http.HttpServer2 (HttpServer2.java:addGlobalFilter(975)) - Added global filter 'safety' (class=org.apache.hadoop.http.HttpServer2$QuotingInputFilter)
2019-10-21 22:01:16,531 [main] INFO  http.HttpServer2 (HttpServer2.java:addFilter(948)) - Added filter static_user_filter (class=org.apache.hadoop.http.lib.StaticUserWebFilter$StaticUserFilter) to context hddsDatanode
2019-10-21 22:01:16,531 [main] INFO  http.HttpServer2 (HttpServer2.java:addFilter(958)) - Added filter static_user_filter (class=org.apache.hadoop.http.lib.StaticUserWebFilter$StaticUserFilter) to context logs
2019-10-21 22:01:16,531 [main] INFO  http.HttpServer2 (HttpServer2.java:addFilter(958)) - Added filter static_user_filter (class=org.apache.hadoop.http.lib.StaticUserWebFilter$StaticUserFilter) to context static
2019-10-21 22:01:16,532 [main] INFO  http.HttpServer2 (HttpServer2.java:bindListener(1191)) - Jetty bound to port 46386
2019-10-21 22:01:16,532 [main] INFO  server.Server (Server.java:doStart(351)) - jetty-9.3.25.v20180904, build timestamp: 2018-09-04T21:11:46Z, git hash: 3ce520221d0240229c862b122d2b06c12a625732
2019-10-21 22:01:16,534 [main] INFO  handler.ContextHandler (ContextHandler.java:doStart(781)) - Started o.e.j.s.ServletContextHandler@623ebac7{/logs,file:///workdir/hadoop-ozone/integration-test/target/log,AVAILABLE}
2019-10-21 22:01:16,534 [main] INFO  handler.ContextHandler (ContextHandler.java:doStart(781)) - Started o.e.j.s.ServletContextHandler@1ab5f08a{/static,jar:file:/home/user/.m2/repository/org/apache/hadoop/hadoop-hdds-container-service/0.5.0-SNAPSHOT/hadoop-hdds-container-service-0.5.0-SNAPSHOT.jar!/webapps/static,AVAILABLE}
2019-10-21 22:01:16,564 [main] INFO  handler.ContextHandler (ContextHandler.java:doStart(781)) - Started o.e.j.w.WebAppContext@26350ea2{/,file:///tmp/jetty-0.0.0.0-46386-hddsDatanode-_-any-1352316277770508693.dir/webapp/,AVAILABLE}{/hddsDatanode}
2019-10-21 22:01:16,565 [main] INFO  server.AbstractConnector (AbstractConnector.java:doStart(278)) - Started ServerConnector@1e9469b8{HTTP/1.1,[http/1.1]}{0.0.0.0:46386}
2019-10-21 22:01:16,566 [main] INFO  server.Server (Server.java:doStart(419)) - Started @5607ms
2019-10-21 22:01:16,566 [main] WARN  impl.MetricsSystemImpl (MetricsSystemImpl.java:register(276)) - Sink prometheus already exists!
2019-10-21 22:01:16,567 [main] INFO  server.BaseHttpServer (BaseHttpServer.java:updateConnectorAddress(215)) - HTTP server of HDDSDATANODE is listening at http://0.0.0.0:46386
2019-10-21 22:01:16,568 [main] INFO  impl.MetricsSystemImpl (MetricsSystemImpl.java:init(158)) - HddsDatanode metrics system started (again)
2019-10-21 22:01:16,573 [org.apache.hadoop.util.JvmPauseMonitor$Monitor@720dbf82] INFO  util.JvmPauseMonitor (JvmPauseMonitor.java:run(188)) - Starting JVM pause monitor
2019-10-21 22:01:16,575 [main] INFO  ozone.HddsDatanodeService (HddsDatanodeService.java:start(184)) - HddsDatanodeService host:pr-hdds-2310-sp97z-1197097266 ip:192.168.34.8
2019-10-21 22:01:16,576 [Datanode State Machine Thread - 0] INFO  datanode.InitDatanodeState (InitDatanodeState.java:persistContainerDatanodeDetails(140)) - DatanodeDetails is persisted to /workdir/hadoop-ozone/integration-test/target/test-dir/MiniOzoneClusterImpl-55d22b23-1d78-4564-93d7-1f68b9a0b903/datanode-8/meta/datanode.id
2019-10-21 22:01:16,585 [main] INFO  volume.HddsVolume (HddsVolume.java:<init>(176)) - Creating Volume: /workdir/hadoop-ozone/integration-test/target/test-dir/MiniOzoneClusterImpl-55d22b23-1d78-4564-93d7-1f68b9a0b903/datanode-9/data/containers/hdds of  storage type : DISK and capacity : 1482555576320
2019-10-21 22:01:16,585 [main] INFO  volume.VolumeSet (VolumeSet.java:initializeVolumeSet(170)) - Added Volume : /workdir/hadoop-ozone/integration-test/target/test-dir/MiniOzoneClusterImpl-55d22b23-1d78-4564-93d7-1f68b9a0b903/datanode-9/data/containers/hdds to VolumeSet
2019-10-21 22:01:16,586 [main] INFO  volume.ThrottledAsyncChecker (ThrottledAsyncChecker.java:schedule(141)) - Scheduling a check for /workdir/hadoop-ozone/integration-test/target/test-dir/MiniOzoneClusterImpl-55d22b23-1d78-4564-93d7-1f68b9a0b903/datanode-9/data/containers/hdds
2019-10-21 22:01:16,587 [main] INFO  volume.HddsVolumeChecker (HddsVolumeChecker.java:checkAllVolumes(204)) - Scheduled health check for volume /workdir/hadoop-ozone/integration-test/target/test-dir/MiniOzoneClusterImpl-55d22b23-1d78-4564-93d7-1f68b9a0b903/datanode-9/data/containers/hdds
2019-10-21 22:01:16,610 [main] INFO  impl.RaftServerProxy (ConfUtils.java:logGet(43)) - raft.rpc.type = GRPC (default)
2019-10-21 22:01:16,610 [main] INFO  grpc.GrpcFactory (GrpcFactory.java:checkPooledByteBufAllocatorUseCacheForAllThreads(45)) - PERFORMANCE WARNING: useCacheForAllThreads is true that may cause Netty to create a lot garbage objects and, as a result, trigger GC.
	It is recommended to disable useCacheForAllThreads by setting -Dorg.apache.ratis.thirdparty.io.netty.allocator.useCacheForAllThreads=false in command line.
2019-10-21 22:01:16,611 [main] INFO  grpc.GrpcConfigKeys$Server (ConfUtils.java:logGet(43)) - raft.grpc.server.port = 0 (default)
2019-10-21 22:01:16,611 [main] INFO  server.GrpcService (ConfUtils.java:logGet(43)) - raft.grpc.message.size.max = 33570816 (custom)
2019-10-21 22:01:16,611 [main] INFO  server.RaftServerConfigKeys (ConfUtils.java:logGet(43)) - raft.server.log.appender.buffer.byte-limit = 33554432 (custom)
2019-10-21 22:01:16,611 [main] INFO  server.GrpcService (ConfUtils.java:logGet(43)) - raft.grpc.flow.control.window = 1MB (=1048576) (default)
2019-10-21 22:01:16,612 [main] INFO  server.RaftServerConfigKeys (ConfUtils.java:logGet(43)) - raft.server.rpc.request.timeout = 3000ms (default)
2019-10-21 22:01:16,612 [main] INFO  server.RaftServerConfigKeys (ConfUtils.java:logGet(43)) - raft.server.storage.dir = [/workdir/hadoop-ozone/integration-test/target/test-dir/MiniOzoneClusterImpl-55d22b23-1d78-4564-93d7-1f68b9a0b903/datanode-9/data/ratis] (custom)
2019-10-21 22:01:16,615 [main] INFO  hdfs.DFSUtil (DFSUtil.java:httpServerTemplateForNNAndJN(1641)) - Starting Web-server for hddsDatanode at: http://0.0.0.0:0
2019-10-21 22:01:16,617 [main] INFO  server.AuthenticationFilter (AuthenticationFilter.java:constructSecretProvider(240)) - Unable to initialize FileSignerSecretProvider, falling back to use random secrets.
2019-10-21 22:01:16,617 [main] WARN  http.HttpRequestLog (HttpRequestLog.java:getRequestLog(97)) - Jetty request log can only be enabled using Log4j
2019-10-21 22:01:16,619 [main] INFO  http.HttpServer2 (HttpServer2.java:addGlobalFilter(975)) - Added global filter 'safety' (class=org.apache.hadoop.http.HttpServer2$QuotingInputFilter)
2019-10-21 22:01:16,620 [main] INFO  http.HttpServer2 (HttpServer2.java:addFilter(948)) - Added filter static_user_filter (class=org.apache.hadoop.http.lib.StaticUserWebFilter$StaticUserFilter) to context hddsDatanode
2019-10-21 22:01:16,621 [main] INFO  http.HttpServer2 (HttpServer2.java:addFilter(958)) - Added filter static_user_filter (class=org.apache.hadoop.http.lib.StaticUserWebFilter$StaticUserFilter) to context logs
2019-10-21 22:01:16,621 [main] INFO  http.HttpServer2 (HttpServer2.java:addFilter(958)) - Added filter static_user_filter (class=org.apache.hadoop.http.lib.StaticUserWebFilter$StaticUserFilter) to context static
2019-10-21 22:01:16,622 [main] INFO  http.HttpServer2 (HttpServer2.java:bindListener(1191)) - Jetty bound to port 41636
2019-10-21 22:01:16,622 [main] INFO  server.Server (Server.java:doStart(351)) - jetty-9.3.25.v20180904, build timestamp: 2018-09-04T21:11:46Z, git hash: 3ce520221d0240229c862b122d2b06c12a625732
2019-10-21 22:01:16,624 [main] INFO  handler.ContextHandler (ContextHandler.java:doStart(781)) - Started o.e.j.s.ServletContextHandler@1645f294{/logs,file:///workdir/hadoop-ozone/integration-test/target/log,AVAILABLE}
2019-10-21 22:01:16,625 [main] INFO  handler.ContextHandler (ContextHandler.java:doStart(781)) - Started o.e.j.s.ServletContextHandler@15c4af7a{/static,jar:file:/home/user/.m2/repository/org/apache/hadoop/hadoop-hdds-container-service/0.5.0-SNAPSHOT/hadoop-hdds-container-service-0.5.0-SNAPSHOT.jar!/webapps/static,AVAILABLE}
2019-10-21 22:01:16,665 [main] INFO  handler.ContextHandler (ContextHandler.java:doStart(781)) - Started o.e.j.w.WebAppContext@340a8894{/,file:///tmp/jetty-0.0.0.0-41636-hddsDatanode-_-any-693140544389235374.dir/webapp/,AVAILABLE}{/hddsDatanode}
2019-10-21 22:01:16,665 [main] INFO  server.AbstractConnector (AbstractConnector.java:doStart(278)) - Started ServerConnector@7a8b9166{HTTP/1.1,[http/1.1]}{0.0.0.0:41636}
2019-10-21 22:01:16,667 [main] INFO  server.Server (Server.java:doStart(419)) - Started @5707ms
2019-10-21 22:01:16,667 [main] WARN  impl.MetricsSystemImpl (MetricsSystemImpl.java:register(276)) - Sink prometheus already exists!
2019-10-21 22:01:16,668 [main] INFO  server.BaseHttpServer (BaseHttpServer.java:updateConnectorAddress(215)) - HTTP server of HDDSDATANODE is listening at http://0.0.0.0:41636
2019-10-21 22:01:16,670 [main] INFO  ozone.MiniOzoneClusterImpl (MiniOzoneClusterImpl.java:lambda$waitForClusterToBeReady$0(147)) - Waiting for cluster to be ready. Got 0 of 10 DN Heartbeats.
2019-10-21 22:01:16,672 [org.apache.hadoop.util.JvmPauseMonitor$Monitor@53af32d6] INFO  util.JvmPauseMonitor (JvmPauseMonitor.java:run(188)) - Starting JVM pause monitor
2019-10-21 22:01:16,674 [Datanode State Machine Thread - 0] INFO  datanode.InitDatanodeState (InitDatanodeState.java:persistContainerDatanodeDetails(140)) - DatanodeDetails is persisted to /workdir/hadoop-ozone/integration-test/target/test-dir/MiniOzoneClusterImpl-55d22b23-1d78-4564-93d7-1f68b9a0b903/datanode-9/meta/datanode.id
2019-10-21 22:01:17,671 [main] INFO  ozone.MiniOzoneClusterImpl (MiniOzoneClusterImpl.java:lambda$waitForClusterToBeReady$0(147)) - Waiting for cluster to be ready. Got 0 of 10 DN Heartbeats.
2019-10-21 22:01:17,985 [Datanode State Machine Thread - 0] INFO  ozoneimpl.OzoneContainer (OzoneContainer.java:start(213)) - Attempting to start container services.
2019-10-21 22:01:17,986 [Datanode State Machine Thread - 0] INFO  ozoneimpl.OzoneContainer (OzoneContainer.java:start(213)) - Attempting to start container services.
2019-10-21 22:01:17,991 [Datanode State Machine Thread - 0] INFO  ozoneimpl.OzoneContainer (OzoneContainer.java:startContainerScrub(177)) - Background container scanner has been disabled.
2019-10-21 22:01:17,991 [Datanode State Machine Thread - 0] INFO  ozoneimpl.OzoneContainer (OzoneContainer.java:startContainerScrub(177)) - Background container scanner has been disabled.
2019-10-21 22:01:17,991 [Datanode State Machine Thread - 0] INFO  ratis.XceiverServerRatis (XceiverServerRatis.java:start(418)) - Starting XceiverServerRatis 1d0c6007-e48f-4ec0-bdc7-6df2bfd38833 at port 0
2019-10-21 22:01:17,991 [Datanode State Machine Thread - 0] INFO  ratis.XceiverServerRatis (XceiverServerRatis.java:start(418)) - Starting XceiverServerRatis eb218cae-34fb-4b75-a560-8fba2ee61629 at port 0
2019-10-21 22:01:18,019 [Datanode State Machine Thread - 0] INFO  impl.RaftServerProxy (RaftServerProxy.java:lambda$start$3(299)) - 1d0c6007-e48f-4ec0-bdc7-6df2bfd38833: start RPC server
2019-10-21 22:01:18,019 [Datanode State Machine Thread - 0] INFO  impl.RaftServerProxy (RaftServerProxy.java:lambda$start$3(299)) - eb218cae-34fb-4b75-a560-8fba2ee61629: start RPC server
2019-10-21 22:01:18,062 [Datanode State Machine Thread - 0] INFO  ozoneimpl.OzoneContainer (OzoneContainer.java:start(213)) - Attempting to start container services.
2019-10-21 22:01:18,068 [Datanode State Machine Thread - 0] INFO  ozoneimpl.OzoneContainer (OzoneContainer.java:startContainerScrub(177)) - Background container scanner has been disabled.
2019-10-21 22:01:18,068 [Datanode State Machine Thread - 0] INFO  ratis.XceiverServerRatis (XceiverServerRatis.java:start(418)) - Starting XceiverServerRatis 28432215-63ab-4c85-86e9-79fb72521e72 at port 0
2019-10-21 22:01:18,078 [Datanode State Machine Thread - 0] INFO  impl.RaftServerProxy (RaftServerProxy.java:lambda$start$3(299)) - 28432215-63ab-4c85-86e9-79fb72521e72: start RPC server
2019-10-21 22:01:18,132 [Datanode State Machine Thread - 0] INFO  ozoneimpl.OzoneContainer (OzoneContainer.java:start(213)) - Attempting to start container services.
2019-10-21 22:01:18,133 [Datanode State Machine Thread - 0] INFO  ozoneimpl.OzoneContainer (OzoneContainer.java:startContainerScrub(177)) - Background container scanner has been disabled.
2019-10-21 22:01:18,133 [Datanode State Machine Thread - 0] INFO  ratis.XceiverServerRatis (XceiverServerRatis.java:start(418)) - Starting XceiverServerRatis d2d0250e-a378-4f8a-a4ff-ce07d96628f4 at port 0
2019-10-21 22:01:18,152 [Datanode State Machine Thread - 0] INFO  impl.RaftServerProxy (RaftServerProxy.java:lambda$start$3(299)) - d2d0250e-a378-4f8a-a4ff-ce07d96628f4: start RPC server
2019-10-21 22:01:18,169 [Datanode State Machine Thread - 0] INFO  server.GrpcService (GrpcService.java:startImpl(158)) - 1d0c6007-e48f-4ec0-bdc7-6df2bfd38833: GrpcService started, listening on 0.0.0.0/0.0.0.0:33242
2019-10-21 22:01:18,169 [Datanode State Machine Thread - 0] INFO  server.GrpcService (GrpcService.java:startImpl(158)) - eb218cae-34fb-4b75-a560-8fba2ee61629: GrpcService started, listening on 0.0.0.0/0.0.0.0:34887
2019-10-21 22:01:18,169 [Datanode State Machine Thread - 0] INFO  server.GrpcService (GrpcService.java:startImpl(158)) - 28432215-63ab-4c85-86e9-79fb72521e72: GrpcService started, listening on 0.0.0.0/0.0.0.0:33589
2019-10-21 22:01:18,170 [Datanode State Machine Thread - 0] INFO  server.GrpcService (GrpcService.java:startImpl(158)) - d2d0250e-a378-4f8a-a4ff-ce07d96628f4: GrpcService started, listening on 0.0.0.0/0.0.0.0:43170
2019-10-21 22:01:18,171 [Datanode State Machine Thread - 0] INFO  ratis.XceiverServerRatis (XceiverServerRatis.java:start(428)) - XceiverServerRatis 28432215-63ab-4c85-86e9-79fb72521e72 is started using port 33589
2019-10-21 22:01:18,171 [Datanode State Machine Thread - 0] INFO  ratis.XceiverServerRatis (XceiverServerRatis.java:start(428)) - XceiverServerRatis eb218cae-34fb-4b75-a560-8fba2ee61629 is started using port 34887
2019-10-21 22:01:18,170 [Datanode State Machine Thread - 0] INFO  ratis.XceiverServerRatis (XceiverServerRatis.java:start(428)) - XceiverServerRatis 1d0c6007-e48f-4ec0-bdc7-6df2bfd38833 is started using port 33242
2019-10-21 22:01:18,171 [Datanode State Machine Thread - 0] INFO  ratis.XceiverServerRatis (XceiverServerRatis.java:start(428)) - XceiverServerRatis d2d0250e-a378-4f8a-a4ff-ce07d96628f4 is started using port 43170
2019-10-21 22:01:18,178 [Datanode State Machine Thread - 0] INFO  server.XceiverServerGrpc (XceiverServerGrpc.java:start(149)) - XceiverServerGrpc eb218cae-34fb-4b75-a560-8fba2ee61629 is started using port 33093
2019-10-21 22:01:18,178 [Datanode State Machine Thread - 0] INFO  server.XceiverServerGrpc (XceiverServerGrpc.java:start(149)) - XceiverServerGrpc 1d0c6007-e48f-4ec0-bdc7-6df2bfd38833 is started using port 46205
2019-10-21 22:01:18,178 [Datanode State Machine Thread - 0] INFO  server.XceiverServerGrpc (XceiverServerGrpc.java:start(149)) - XceiverServerGrpc 28432215-63ab-4c85-86e9-79fb72521e72 is started using port 44762
2019-10-21 22:01:18,178 [Datanode State Machine Thread - 0] INFO  server.XceiverServerGrpc (XceiverServerGrpc.java:start(149)) - XceiverServerGrpc d2d0250e-a378-4f8a-a4ff-ce07d96628f4 is started using port 34796
2019-10-21 22:01:18,205 [Datanode State Machine Thread - 0] INFO  ozoneimpl.OzoneContainer (OzoneContainer.java:start(213)) - Attempting to start container services.
2019-10-21 22:01:18,205 [Datanode State Machine Thread - 0] INFO  ozoneimpl.OzoneContainer (OzoneContainer.java:startContainerScrub(177)) - Background container scanner has been disabled.
2019-10-21 22:01:18,205 [Datanode State Machine Thread - 0] INFO  ratis.XceiverServerRatis (XceiverServerRatis.java:start(418)) - Starting XceiverServerRatis a36a670b-6f05-41e5-b505-2b1a8d9f1f79 at port 0
2019-10-21 22:01:18,213 [Datanode State Machine Thread - 0] INFO  impl.RaftServerProxy (RaftServerProxy.java:lambda$start$3(299)) - a36a670b-6f05-41e5-b505-2b1a8d9f1f79: start RPC server
2019-10-21 22:01:18,216 [Datanode State Machine Thread - 0] INFO  server.GrpcService (GrpcService.java:startImpl(158)) - a36a670b-6f05-41e5-b505-2b1a8d9f1f79: GrpcService started, listening on 0.0.0.0/0.0.0.0:32869
2019-10-21 22:01:18,216 [Datanode State Machine Thread - 0] INFO  ratis.XceiverServerRatis (XceiverServerRatis.java:start(428)) - XceiverServerRatis a36a670b-6f05-41e5-b505-2b1a8d9f1f79 is started using port 32869
2019-10-21 22:01:18,218 [Datanode State Machine Thread - 0] INFO  server.XceiverServerGrpc (XceiverServerGrpc.java:start(149)) - XceiverServerGrpc a36a670b-6f05-41e5-b505-2b1a8d9f1f79 is started using port 45298
2019-10-21 22:01:18,318 [Datanode State Machine Thread - 0] INFO  ozoneimpl.OzoneContainer (OzoneContainer.java:start(213)) - Attempting to start container services.
2019-10-21 22:01:18,318 [Datanode State Machine Thread - 0] INFO  ozoneimpl.OzoneContainer (OzoneContainer.java:startContainerScrub(177)) - Background container scanner has been disabled.
2019-10-21 22:01:18,319 [Datanode State Machine Thread - 0] INFO  ratis.XceiverServerRatis (XceiverServerRatis.java:start(418)) - Starting XceiverServerRatis 0edd2ec6-20bf-4809-95ac-80dc11748221 at port 0
2019-10-21 22:01:18,327 [Datanode State Machine Thread - 0] INFO  impl.RaftServerProxy (RaftServerProxy.java:lambda$start$3(299)) - 0edd2ec6-20bf-4809-95ac-80dc11748221: start RPC server
2019-10-21 22:01:18,331 [Datanode State Machine Thread - 0] INFO  server.GrpcService (GrpcService.java:startImpl(158)) - 0edd2ec6-20bf-4809-95ac-80dc11748221: GrpcService started, listening on 0.0.0.0/0.0.0.0:43533
2019-10-21 22:01:18,331 [Datanode State Machine Thread - 0] INFO  ratis.XceiverServerRatis (XceiverServerRatis.java:start(428)) - XceiverServerRatis 0edd2ec6-20bf-4809-95ac-80dc11748221 is started using port 43533
2019-10-21 22:01:18,334 [Datanode State Machine Thread - 0] INFO  server.XceiverServerGrpc (XceiverServerGrpc.java:start(149)) - XceiverServerGrpc 0edd2ec6-20bf-4809-95ac-80dc11748221 is started using port 35426
2019-10-21 22:01:18,424 [Datanode State Machine Thread - 0] INFO  ozoneimpl.OzoneContainer (OzoneContainer.java:start(213)) - Attempting to start container services.
2019-10-21 22:01:18,424 [Datanode State Machine Thread - 0] INFO  ozoneimpl.OzoneContainer (OzoneContainer.java:startContainerScrub(177)) - Background container scanner has been disabled.
2019-10-21 22:01:18,424 [Datanode State Machine Thread - 0] INFO  ratis.XceiverServerRatis (XceiverServerRatis.java:start(418)) - Starting XceiverServerRatis 756f57d6-6136-46f3-b5ea-af957dae1eda at port 0
2019-10-21 22:01:18,433 [Datanode State Machine Thread - 0] INFO  impl.RaftServerProxy (RaftServerProxy.java:lambda$start$3(299)) - 756f57d6-6136-46f3-b5ea-af957dae1eda: start RPC server
2019-10-21 22:01:18,436 [Datanode State Machine Thread - 0] INFO  server.GrpcService (GrpcService.java:startImpl(158)) - 756f57d6-6136-46f3-b5ea-af957dae1eda: GrpcService started, listening on 0.0.0.0/0.0.0.0:33063
2019-10-21 22:01:18,436 [Datanode State Machine Thread - 0] INFO  ratis.XceiverServerRatis (XceiverServerRatis.java:start(428)) - XceiverServerRatis 756f57d6-6136-46f3-b5ea-af957dae1eda is started using port 33063
2019-10-21 22:01:18,439 [Datanode State Machine Thread - 0] INFO  server.XceiverServerGrpc (XceiverServerGrpc.java:start(149)) - XceiverServerGrpc 756f57d6-6136-46f3-b5ea-af957dae1eda is started using port 40019
2019-10-21 22:01:18,514 [Datanode State Machine Thread - 0] INFO  ozoneimpl.OzoneContainer (OzoneContainer.java:start(213)) - Attempting to start container services.
2019-10-21 22:01:18,515 [Datanode State Machine Thread - 0] INFO  ozoneimpl.OzoneContainer (OzoneContainer.java:startContainerScrub(177)) - Background container scanner has been disabled.
2019-10-21 22:01:18,515 [Datanode State Machine Thread - 0] INFO  ratis.XceiverServerRatis (XceiverServerRatis.java:start(418)) - Starting XceiverServerRatis f2d88f4a-90c5-4f7b-9da8-5a827903dfc6 at port 0
2019-10-21 22:01:18,523 [Datanode State Machine Thread - 0] INFO  impl.RaftServerProxy (RaftServerProxy.java:lambda$start$3(299)) - f2d88f4a-90c5-4f7b-9da8-5a827903dfc6: start RPC server
2019-10-21 22:01:18,527 [Datanode State Machine Thread - 0] INFO  server.GrpcService (GrpcService.java:startImpl(158)) - f2d88f4a-90c5-4f7b-9da8-5a827903dfc6: GrpcService started, listening on 0.0.0.0/0.0.0.0:35483
2019-10-21 22:01:18,528 [Datanode State Machine Thread - 0] INFO  ratis.XceiverServerRatis (XceiverServerRatis.java:start(428)) - XceiverServerRatis f2d88f4a-90c5-4f7b-9da8-5a827903dfc6 is started using port 35483
2019-10-21 22:01:18,532 [Datanode State Machine Thread - 0] INFO  server.XceiverServerGrpc (XceiverServerGrpc.java:start(149)) - XceiverServerGrpc f2d88f4a-90c5-4f7b-9da8-5a827903dfc6 is started using port 39264
2019-10-21 22:01:18,591 [Datanode State Machine Thread - 0] INFO  ozoneimpl.OzoneContainer (OzoneContainer.java:start(213)) - Attempting to start container services.
2019-10-21 22:01:18,591 [Datanode State Machine Thread - 0] INFO  ozoneimpl.OzoneContainer (OzoneContainer.java:startContainerScrub(177)) - Background container scanner has been disabled.
2019-10-21 22:01:18,591 [Datanode State Machine Thread - 0] INFO  ratis.XceiverServerRatis (XceiverServerRatis.java:start(418)) - Starting XceiverServerRatis a3449565-ce80-4cb6-865e-87dc6512587b at port 0
2019-10-21 22:01:18,600 [Datanode State Machine Thread - 0] INFO  impl.RaftServerProxy (RaftServerProxy.java:lambda$start$3(299)) - a3449565-ce80-4cb6-865e-87dc6512587b: start RPC server
2019-10-21 22:01:18,604 [Datanode State Machine Thread - 0] INFO  server.GrpcService (GrpcService.java:startImpl(158)) - a3449565-ce80-4cb6-865e-87dc6512587b: GrpcService started, listening on 0.0.0.0/0.0.0.0:42030
2019-10-21 22:01:18,604 [Datanode State Machine Thread - 0] INFO  ratis.XceiverServerRatis (XceiverServerRatis.java:start(428)) - XceiverServerRatis a3449565-ce80-4cb6-865e-87dc6512587b is started using port 42030
2019-10-21 22:01:18,606 [Datanode State Machine Thread - 0] INFO  server.XceiverServerGrpc (XceiverServerGrpc.java:start(149)) - XceiverServerGrpc a3449565-ce80-4cb6-865e-87dc6512587b is started using port 33879
2019-10-21 22:01:18,672 [main] INFO  ozone.MiniOzoneClusterImpl (MiniOzoneClusterImpl.java:lambda$waitForClusterToBeReady$0(147)) - Waiting for cluster to be ready. Got 0 of 10 DN Heartbeats.
2019-10-21 22:01:18,691 [Datanode State Machine Thread - 0] INFO  ozoneimpl.OzoneContainer (OzoneContainer.java:start(213)) - Attempting to start container services.
2019-10-21 22:01:18,691 [Datanode State Machine Thread - 0] INFO  ozoneimpl.OzoneContainer (OzoneContainer.java:startContainerScrub(177)) - Background container scanner has been disabled.
2019-10-21 22:01:18,692 [Datanode State Machine Thread - 0] INFO  ratis.XceiverServerRatis (XceiverServerRatis.java:start(418)) - Starting XceiverServerRatis e152cc11-8922-4c62-a829-a835e5f58570 at port 0
2019-10-21 22:01:18,698 [Datanode State Machine Thread - 0] INFO  impl.RaftServerProxy (RaftServerProxy.java:lambda$start$3(299)) - e152cc11-8922-4c62-a829-a835e5f58570: start RPC server
2019-10-21 22:01:18,713 [Datanode State Machine Thread - 0] INFO  server.GrpcService (GrpcService.java:startImpl(158)) - e152cc11-8922-4c62-a829-a835e5f58570: GrpcService started, listening on 0.0.0.0/0.0.0.0:34707
2019-10-21 22:01:18,713 [Datanode State Machine Thread - 0] INFO  ratis.XceiverServerRatis (XceiverServerRatis.java:start(428)) - XceiverServerRatis e152cc11-8922-4c62-a829-a835e5f58570 is started using port 34707
2019-10-21 22:01:18,733 [Datanode State Machine Thread - 0] INFO  server.XceiverServerGrpc (XceiverServerGrpc.java:start(149)) - XceiverServerGrpc e152cc11-8922-4c62-a829-a835e5f58570 is started using port 36440
2019-10-21 22:01:19,672 [main] INFO  ozone.MiniOzoneClusterImpl (MiniOzoneClusterImpl.java:lambda$waitForClusterToBeReady$0(147)) - Waiting for cluster to be ready. Got 0 of 10 DN Heartbeats.
2019-10-21 22:01:19,921 [IPC Server handler 0 on 43883] INFO  net.NetworkTopology (NetworkTopologyImpl.java:add(111)) - Added a new node: /default-rack/1d0c6007-e48f-4ec0-bdc7-6df2bfd38833
2019-10-21 22:01:19,921 [IPC Server handler 0 on 43883] INFO  node.SCMNodeManager (SCMNodeManager.java:register(268)) - Registered Data node : 1d0c6007-e48f-4ec0-bdc7-6df2bfd38833{ip: 192.168.34.8, host: pr-hdds-2310-sp97z-1197097266, networkLocation: /default-rack, certSerialId: null}
2019-10-21 22:01:19,927 [EventQueue-NodeRegistrationContainerReportForDataNodeSafeModeRule] INFO  safemode.SCMSafeModeManager (DataNodeSafeModeRule.java:process(71)) - SCM in safe mode. 1 DataNodes registered, 1 required.
2019-10-21 22:01:19,927 [EventQueue-NodeRegistrationContainerReportForDataNodeSafeModeRule] INFO  safemode.SCMSafeModeManager (SCMSafeModeManager.java:validateSafeModeExitRules(177)) - ScmSafeModeManager, all rules are successfully validated
2019-10-21 22:01:19,927 [EventQueue-NodeRegistrationContainerReportForDataNodeSafeModeRule] INFO  safemode.SCMSafeModeManager (SCMSafeModeManager.java:exitSafeMode(193)) - SCM exiting safe mode.
2019-10-21 22:01:19,971 [IPC Server handler 2 on 43883] INFO  net.NetworkTopology (NetworkTopologyImpl.java:add(111)) - Added a new node: /default-rack/eb218cae-34fb-4b75-a560-8fba2ee61629
2019-10-21 22:01:19,971 [IPC Server handler 2 on 43883] INFO  node.SCMNodeManager (SCMNodeManager.java:register(268)) - Registered Data node : eb218cae-34fb-4b75-a560-8fba2ee61629{ip: 192.168.34.8, host: pr-hdds-2310-sp97z-1197097266, networkLocation: /default-rack, certSerialId: null}
2019-10-21 22:01:20,052 [IPC Server handler 4 on 43883] INFO  net.NetworkTopology (NetworkTopologyImpl.java:add(111)) - Added a new node: /default-rack/28432215-63ab-4c85-86e9-79fb72521e72
2019-10-21 22:01:20,052 [IPC Server handler 4 on 43883] INFO  node.SCMNodeManager (SCMNodeManager.java:register(268)) - Registered Data node : 28432215-63ab-4c85-86e9-79fb72521e72{ip: 192.168.34.8, host: pr-hdds-2310-sp97z-1197097266, networkLocation: /default-rack, certSerialId: null}
2019-10-21 22:01:20,136 [IPC Server handler 5 on 43883] INFO  net.NetworkTopology (NetworkTopologyImpl.java:add(111)) - Added a new node: /default-rack/d2d0250e-a378-4f8a-a4ff-ce07d96628f4
2019-10-21 22:01:20,137 [IPC Server handler 5 on 43883] INFO  node.SCMNodeManager (SCMNodeManager.java:register(268)) - Registered Data node : d2d0250e-a378-4f8a-a4ff-ce07d96628f4{ip: 192.168.34.8, host: pr-hdds-2310-sp97z-1197097266, networkLocation: /default-rack, certSerialId: null}
2019-10-21 22:01:20,197 [IPC Server handler 3 on 43883] INFO  net.NetworkTopology (NetworkTopologyImpl.java:add(111)) - Added a new node: /default-rack/a36a670b-6f05-41e5-b505-2b1a8d9f1f79
2019-10-21 22:01:20,197 [IPC Server handler 3 on 43883] INFO  node.SCMNodeManager (SCMNodeManager.java:register(268)) - Registered Data node : a36a670b-6f05-41e5-b505-2b1a8d9f1f79{ip: 192.168.34.8, host: pr-hdds-2310-sp97z-1197097266, networkLocation: /default-rack, certSerialId: null}
2019-10-21 22:01:20,344 [IPC Server handler 6 on 43883] INFO  net.NetworkTopology (NetworkTopologyImpl.java:add(111)) - Added a new node: /default-rack/0edd2ec6-20bf-4809-95ac-80dc11748221
2019-10-21 22:01:20,344 [IPC Server handler 6 on 43883] INFO  node.SCMNodeManager (SCMNodeManager.java:register(268)) - Registered Data node : 0edd2ec6-20bf-4809-95ac-80dc11748221{ip: 192.168.34.8, host: pr-hdds-2310-sp97z-1197097266, networkLocation: /default-rack, certSerialId: null}
2019-10-21 22:01:20,410 [IPC Server handler 7 on 43883] INFO  net.NetworkTopology (NetworkTopologyImpl.java:add(111)) - Added a new node: /default-rack/756f57d6-6136-46f3-b5ea-af957dae1eda
2019-10-21 22:01:20,410 [IPC Server handler 7 on 43883] INFO  node.SCMNodeManager (SCMNodeManager.java:register(268)) - Registered Data node : 756f57d6-6136-46f3-b5ea-af957dae1eda{ip: 192.168.34.8, host: pr-hdds-2310-sp97z-1197097266, networkLocation: /default-rack, certSerialId: null}
2019-10-21 22:01:20,501 [IPC Server handler 8 on 43883] INFO  net.NetworkTopology (NetworkTopologyImpl.java:add(111)) - Added a new node: /default-rack/f2d88f4a-90c5-4f7b-9da8-5a827903dfc6
2019-10-21 22:01:20,502 [IPC Server handler 8 on 43883] INFO  node.SCMNodeManager (SCMNodeManager.java:register(268)) - Registered Data node : f2d88f4a-90c5-4f7b-9da8-5a827903dfc6{ip: 192.168.34.8, host: pr-hdds-2310-sp97z-1197097266, networkLocation: /default-rack, certSerialId: null}
2019-10-21 22:01:20,539 [grpc-default-executor-0] INFO  impl.RaftServerProxy (RaftServerProxy.java:addNew(89)) - 1d0c6007-e48f-4ec0-bdc7-6df2bfd38833: addNew group-456BDF4933C6:[1d0c6007-e48f-4ec0-bdc7-6df2bfd38833:192.168.34.8:33242] returns group-456BDF4933C6:java.util.concurrent.CompletableFuture@36e54e1a[Not completed]
2019-10-21 22:01:20,560 [pool-27-thread-1] INFO  impl.RaftServerImpl (RaftServerImpl.java:<init>(104)) - 1d0c6007-e48f-4ec0-bdc7-6df2bfd38833: new RaftServerImpl for group-456BDF4933C6:[1d0c6007-e48f-4ec0-bdc7-6df2bfd38833:192.168.34.8:33242] with ContainerStateMachine:uninitialized
2019-10-21 22:01:20,562 [pool-27-thread-1] INFO  server.RaftServerConfigKeys (ConfUtils.java:logGet(43)) - raft.server.rpc.timeout.min = 1s (custom)
2019-10-21 22:01:20,564 [pool-27-thread-1] INFO  server.RaftServerConfigKeys (ConfUtils.java:logGet(43)) - raft.server.rpc.timeout.max = 1200ms (custom)
2019-10-21 22:01:20,564 [pool-27-thread-1] INFO  server.RaftServerConfigKeys (ConfUtils.java:logGet(43)) - raft.server.rpcslowness.timeout = 120s (custom)
2019-10-21 22:01:20,565 [pool-27-thread-1] INFO  server.RaftServerConfigKeys (ConfUtils.java:logGet(43)) - raft.server.sleep.deviation.threshold = 300 (default)
2019-10-21 22:01:20,566 [pool-27-thread-1] INFO  server.RaftServerConfigKeys (ConfUtils.java:logGet(43)) - raft.server.log.appender.install.snapshot.enabled = false (custom)
2019-10-21 22:01:20,577 [IPC Server handler 9 on 43883] INFO  net.NetworkTopology (NetworkTopologyImpl.java:add(111)) - Added a new node: /default-rack/a3449565-ce80-4cb6-865e-87dc6512587b
2019-10-21 22:01:20,577 [IPC Server handler 9 on 43883] INFO  node.SCMNodeManager (SCMNodeManager.java:register(268)) - Registered Data node : a3449565-ce80-4cb6-865e-87dc6512587b{ip: 192.168.34.8, host: pr-hdds-2310-sp97z-1197097266, networkLocation: /default-rack, certSerialId: null}
2019-10-21 22:01:20,578 [pool-27-thread-1] INFO  impl.RaftServerImpl (ServerState.java:<init>(103)) - 1d0c6007-e48f-4ec0-bdc7-6df2bfd38833@group-456BDF4933C6: ConfigurationManager, init=-1: [1d0c6007-e48f-4ec0-bdc7-6df2bfd38833:192.168.34.8:33242], old=null, confs=<EMPTY_MAP>
2019-10-21 22:01:20,579 [pool-27-thread-1] INFO  server.RaftServerConfigKeys (ConfUtils.java:logGet(43)) - raft.server.storage.dir = [/workdir/hadoop-ozone/integration-test/target/test-dir/MiniOzoneClusterImpl-55d22b23-1d78-4564-93d7-1f68b9a0b903/datanode-0/data/ratis] (custom)
2019-10-21 22:01:20,586 [pool-27-thread-1] INFO  server.RaftServerConfigKeys (ConfUtils.java:logGet(43)) - raft.server.log.corruption.policy = EXCEPTION (default)
2019-10-21 22:01:20,588 [pool-27-thread-1] INFO  storage.RaftStorageDirectory (RaftStorageDirectory.java:analyzeStorage(246)) - The storage directory /workdir/hadoop-ozone/integration-test/target/test-dir/MiniOzoneClusterImpl-55d22b23-1d78-4564-93d7-1f68b9a0b903/datanode-0/data/ratis/5977928a-d905-499d-bd55-456bdf4933c6 does not exist. Creating ...
2019-10-21 22:01:20,607 [pool-27-thread-1] INFO  storage.RaftStorageDirectory (RaftStorageDirectory.java:tryLock(328)) - Lock on /workdir/hadoop-ozone/integration-test/target/test-dir/MiniOzoneClusterImpl-55d22b23-1d78-4564-93d7-1f68b9a0b903/datanode-0/data/ratis/5977928a-d905-499d-bd55-456bdf4933c6/in_use.lock acquired by nodename 8670@pr-hdds-2310-sp97z-1197097266
2019-10-21 22:01:20,624 [pool-27-thread-1] INFO  storage.RaftStorage (RaftStorage.java:format(84)) - Storage directory /workdir/hadoop-ozone/integration-test/target/test-dir/MiniOzoneClusterImpl-55d22b23-1d78-4564-93d7-1f68b9a0b903/datanode-0/data/ratis/5977928a-d905-499d-bd55-456bdf4933c6 has been successfully formatted.
2019-10-21 22:01:20,627 [pool-27-thread-1] INFO  ratis.ContainerStateMachine (ContainerStateMachine.java:loadSnapshot(231)) - group-456BDF4933C6: The snapshot info is null. Setting the last applied indexto:(t:0, i:~)
2019-10-21 22:01:20,628 [pool-27-thread-1] INFO  server.RaftServerConfigKeys (ConfUtils.java:logGet(43)) - raft.server.notification.no-leader.timeout = 120s (custom)
2019-10-21 22:01:20,630 [pool-27-thread-1] INFO  server.RaftServerConfigKeys (ConfUtils.java:logGet(43)) - raft.server.log.use.memory = false (default)
2019-10-21 22:01:20,638 [pool-27-thread-1] INFO  server.RaftServerConfigKeys (ConfUtils.java:logGet(43)) - raft.server.log.purge.gap = 1000000 (custom)
2019-10-21 22:01:20,638 [pool-27-thread-1] INFO  server.RaftServerConfigKeys (ConfUtils.java:logGet(43)) - raft.server.log.appender.buffer.byte-limit = 33554432 (custom)
2019-10-21 22:01:20,641 [pool-27-thread-1] INFO  server.RaftServerConfigKeys (ConfUtils.java:logGet(43)) - raft.server.log.segment.size.max = 1048576 (custom)
2019-10-21 22:01:20,643 [pool-27-thread-1] INFO  impl.MetricsSystemImpl (MetricsSystemImpl.java:init(158)) - ratis metrics system started (again)
2019-10-21 22:01:20,653 [pool-27-thread-1] INFO  metrics.MetricRegistries (MetricRegistriesLoader.java:load(64)) - Loaded MetricRegistries class org.apache.ratis.metrics.impl.MetricRegistriesImpl
2019-10-21 22:01:20,674 [main] INFO  ozone.MiniOzoneClusterImpl (MiniOzoneClusterImpl.java:lambda$waitForClusterToBeReady$0(147)) - Waiting for cluster to be ready. Got 9 of 10 DN Heartbeats.
2019-10-21 22:01:20,691 [IPC Server handler 0 on 43883] INFO  net.NetworkTopology (NetworkTopologyImpl.java:add(111)) - Added a new node: /default-rack/e152cc11-8922-4c62-a829-a835e5f58570
2019-10-21 22:01:20,692 [IPC Server handler 0 on 43883] INFO  node.SCMNodeManager (SCMNodeManager.java:register(268)) - Registered Data node : e152cc11-8922-4c62-a829-a835e5f58570{ip: 192.168.34.8, host: pr-hdds-2310-sp97z-1197097266, networkLocation: /default-rack, certSerialId: null}
2019-10-21 22:01:20,722 [pool-27-thread-1] INFO  server.RaftServerConfigKeys (ConfUtils.java:logGet(43)) - raft.server.log.segment.cache.num.max = 2 (custom)
2019-10-21 22:01:20,729 [pool-27-thread-1] INFO  segmented.SegmentedRaftLogWorker (SegmentedRaftLogWorker.java:<init>(173)) - new 1d0c6007-e48f-4ec0-bdc7-6df2bfd38833@group-456BDF4933C6-SegmentedRaftLogWorker for RaftStorage:Storage Directory /workdir/hadoop-ozone/integration-test/target/test-dir/MiniOzoneClusterImpl-55d22b23-1d78-4564-93d7-1f68b9a0b903/datanode-0/data/ratis/5977928a-d905-499d-bd55-456bdf4933c6
2019-10-21 22:01:20,730 [pool-27-thread-1] INFO  server.RaftServerConfigKeys (ConfUtils.java:logGet(43)) - raft.server.log.queue.byte-limit = 2147483647 (custom)
2019-10-21 22:01:20,730 [pool-27-thread-1] INFO  server.RaftServerConfigKeys (ConfUtils.java:logGet(43)) - raft.server.log.queue.element-limit = 1024 (custom)
2019-10-21 22:01:20,732 [pool-27-thread-1] INFO  server.RaftServerConfigKeys (ConfUtils.java:logGet(43)) - raft.server.log.segment.size.max = 1048576 (custom)
2019-10-21 22:01:20,732 [pool-27-thread-1] INFO  server.RaftServerConfigKeys (ConfUtils.java:logGet(43)) - raft.server.log.preallocated.size = 16384 (custom)
2019-10-21 22:01:20,733 [pool-27-thread-1] INFO  server.RaftServerConfigKeys (ConfUtils.java:logGet(43)) - raft.server.log.write.buffer.size = 33554432 (custom)
2019-10-21 22:01:20,733 [pool-27-thread-1] INFO  server.RaftServerConfigKeys (ConfUtils.java:logGet(43)) - raft.server.log.force.sync.num = 128 (default)
2019-10-21 22:01:20,734 [pool-27-thread-1] INFO  server.RaftServerConfigKeys (ConfUtils.java:logGet(43)) - raft.server.log.statemachine.data.sync = true (default)
2019-10-21 22:01:20,734 [pool-27-thread-1] INFO  server.RaftServerConfigKeys (ConfUtils.java:logGet(43)) - raft.server.log.statemachine.data.sync.timeout = 10s (default)
2019-10-21 22:01:20,734 [pool-27-thread-1] INFO  server.RaftServerConfigKeys (ConfUtils.java:logGet(43)) - raft.server.log.statemachine.data.sync.timeout.retry = -1 (default)
2019-10-21 22:01:20,745 [pool-27-thread-1] INFO  server.RaftServerConfigKeys (ConfUtils.java:logGet(43)) - raft.server.log.statemachine.data.caching.enabled = true (custom)
2019-10-21 22:01:20,750 [pool-27-thread-1] INFO  segmented.SegmentedRaftLogWorker (SegmentedRaftLogWorker.java:lambda$new$0(128)) - 1d0c6007-e48f-4ec0-bdc7-6df2bfd38833@group-456BDF4933C6-SegmentedRaftLogWorker: flushIndex: setUnconditionally 0 -> -1
2019-10-21 22:01:20,754 [pool-27-thread-1] INFO  server.RaftServerConfigKeys (ConfUtils.java:logGet(43)) - raft.server.snapshot.auto.trigger.enabled = true (custom)
2019-10-21 22:01:20,755 [pool-27-thread-1] INFO  server.RaftServerConfigKeys (ConfUtils.java:logGet(43)) - raft.server.snapshot.auto.trigger.threshold = 10000 (custom)
2019-10-21 22:01:20,755 [pool-27-thread-1] INFO  server.RaftServerConfigKeys (ConfUtils.java:logGet(43)) - raft.server.snapshot.retention.file.num = 5 (custom)
2019-10-21 22:01:20,755 [pool-27-thread-1] INFO  server.RaftServerConfigKeys (ConfUtils.java:logGet(43)) - raft.server.retrycache.expirytime = 600000ms (custom)
2019-10-21 22:01:20,784 [pool-27-thread-1] INFO  impl.RaftServerImpl (RaftServerImpl.java:start(195)) - 1d0c6007-e48f-4ec0-bdc7-6df2bfd38833@group-456BDF4933C6: start as a follower, conf=-1: [1d0c6007-e48f-4ec0-bdc7-6df2bfd38833:192.168.34.8:33242], old=null
2019-10-21 22:01:20,785 [pool-27-thread-1] INFO  impl.RaftServerImpl (RaftServerImpl.java:setRole(184)) - 1d0c6007-e48f-4ec0-bdc7-6df2bfd38833@group-456BDF4933C6: changes role from      null to FOLLOWER at term 0 for startAsFollower
2019-10-21 22:01:20,786 [pool-27-thread-1] INFO  impl.RoleInfo (RoleInfo.java:updateAndGet(143)) - 1d0c6007-e48f-4ec0-bdc7-6df2bfd38833: start FollowerState
2019-10-21 22:01:20,787 [pool-27-thread-1] INFO  util.JmxRegister (JmxRegister.java:tryRegister(44)) - Successfully registered JMX Bean with object name Ratis:service=RaftServer,group=group-456BDF4933C6,id=1d0c6007-e48f-4ec0-bdc7-6df2bfd38833
2019-10-21 22:01:20,788 [Thread-285] INFO  impl.FollowerState (FollowerState.java:run(108)) - 1d0c6007-e48f-4ec0-bdc7-6df2bfd38833@group-456BDF4933C6-FollowerState: change to CANDIDATE, lastRpcTime:2ms, electionTimeout:2ms
2019-10-21 22:01:20,795 [Thread-285] INFO  impl.RoleInfo (RoleInfo.java:shutdownFollowerState(121)) - 1d0c6007-e48f-4ec0-bdc7-6df2bfd38833: shutdown FollowerState
2019-10-21 22:01:20,796 [Thread-285] INFO  impl.RaftServerImpl (RaftServerImpl.java:setRole(184)) - 1d0c6007-e48f-4ec0-bdc7-6df2bfd38833@group-456BDF4933C6: changes role from  FOLLOWER to CANDIDATE at term 0 for changeToCandidate
2019-10-21 22:01:20,804 [Thread-285] INFO  impl.RoleInfo (RoleInfo.java:updateAndGet(143)) - 1d0c6007-e48f-4ec0-bdc7-6df2bfd38833: start LeaderElection
2019-10-21 22:01:20,820 [1d0c6007-e48f-4ec0-bdc7-6df2bfd38833@group-456BDF4933C6-LeaderElection1] INFO  impl.LeaderElection (LeaderElection.java:askForVotes(178)) - 1d0c6007-e48f-4ec0-bdc7-6df2bfd38833@group-456BDF4933C6-LeaderElection1: begin an election at term 1 for -1: [1d0c6007-e48f-4ec0-bdc7-6df2bfd38833:192.168.34.8:33242], old=null
2019-10-21 22:01:20,822 [1d0c6007-e48f-4ec0-bdc7-6df2bfd38833@group-456BDF4933C6-LeaderElection1] INFO  impl.RoleInfo (RoleInfo.java:shutdownLeaderElection(134)) - 1d0c6007-e48f-4ec0-bdc7-6df2bfd38833: shutdown LeaderElection
2019-10-21 22:01:20,822 [1d0c6007-e48f-4ec0-bdc7-6df2bfd38833@group-456BDF4933C6-LeaderElection1] INFO  impl.RaftServerImpl (RaftServerImpl.java:setRole(184)) - 1d0c6007-e48f-4ec0-bdc7-6df2bfd38833@group-456BDF4933C6: changes role from CANDIDATE to LEADER at term 1 for changeToLeader
2019-10-21 22:01:20,822 [1d0c6007-e48f-4ec0-bdc7-6df2bfd38833@group-456BDF4933C6-LeaderElection1] INFO  impl.RaftServerImpl (ServerState.java:setLeader(256)) - 1d0c6007-e48f-4ec0-bdc7-6df2bfd38833@group-456BDF4933C6: change Leader from null to 1d0c6007-e48f-4ec0-bdc7-6df2bfd38833 at term 1 for becomeLeader, leader elected after 194ms
2019-10-21 22:01:20,828 [1d0c6007-e48f-4ec0-bdc7-6df2bfd38833@group-456BDF4933C6-LeaderElection1] INFO  server.RaftServerConfigKeys (ConfUtils.java:logGet(43)) - raft.server.staging.catchup.gap = 1000 (default)
2019-10-21 22:01:20,829 [1d0c6007-e48f-4ec0-bdc7-6df2bfd38833@group-456BDF4933C6-LeaderElection1] INFO  server.RaftServerConfigKeys (ConfUtils.java:logGet(43)) - raft.server.rpc.sleep.time = 25ms (default)
2019-10-21 22:01:20,832 [1d0c6007-e48f-4ec0-bdc7-6df2bfd38833@group-456BDF4933C6-LeaderElection1] INFO  server.RaftServerConfigKeys (ConfUtils.java:logGet(43)) - raft.server.write.element-limit = 4096 (default)
2019-10-21 22:01:20,834 [1d0c6007-e48f-4ec0-bdc7-6df2bfd38833@group-456BDF4933C6-LeaderElection1] INFO  server.RaftServerConfigKeys (ConfUtils.java:logGet(43)) - raft.server.watch.timeout = 10s (default)
2019-10-21 22:01:20,834 [1d0c6007-e48f-4ec0-bdc7-6df2bfd38833@group-456BDF4933C6-LeaderElection1] INFO  server.RaftServerConfigKeys (ConfUtils.java:logGet(43)) - raft.server.watch.timeout.denomination = 1s (default)
2019-10-21 22:01:20,835 [1d0c6007-e48f-4ec0-bdc7-6df2bfd38833@group-456BDF4933C6-LeaderElection1] INFO  server.RaftServerConfigKeys (ConfUtils.java:logGet(43)) - raft.server.watch.element-limit = 65536 (default)
2019-10-21 22:01:20,900 [1d0c6007-e48f-4ec0-bdc7-6df2bfd38833@group-456BDF4933C6-LeaderElection1] INFO  impl.RoleInfo (RoleInfo.java:updateAndGet(143)) - 1d0c6007-e48f-4ec0-bdc7-6df2bfd38833: start LeaderState
2019-10-21 22:01:20,927 [1d0c6007-e48f-4ec0-bdc7-6df2bfd38833@group-456BDF4933C6-LeaderElection1] INFO  segmented.SegmentedRaftLogWorker (SegmentedRaftLogWorker.java:startLogSegment(385)) - 1d0c6007-e48f-4ec0-bdc7-6df2bfd38833@group-456BDF4933C6-SegmentedRaftLogWorker: Starting segment from index:0
2019-10-21 22:01:20,931 [RatisPipelineUtilsThread] INFO  pipeline.PipelineStateManager (PipelineStateManager.java:addPipeline(56)) - Created pipeline Pipeline[ Id: 5977928a-d905-499d-bd55-456bdf4933c6, Nodes: 1d0c6007-e48f-4ec0-bdc7-6df2bfd38833{ip: 192.168.34.8, host: pr-hdds-2310-sp97z-1197097266, networkLocation: /default-rack, certSerialId: null}, Type:RATIS, Factor:ONE, State:OPEN]
2019-10-21 22:01:20,959 [grpc-default-executor-0] INFO  impl.RaftServerProxy (RaftServerProxy.java:addNew(89)) - f2d88f4a-90c5-4f7b-9da8-5a827903dfc6: addNew group-6943820B7BA6:[f2d88f4a-90c5-4f7b-9da8-5a827903dfc6:192.168.34.8:35483] returns group-6943820B7BA6:java.util.concurrent.CompletableFuture@7a02937c[Not completed]
2019-10-21 22:01:20,959 [1d0c6007-e48f-4ec0-bdc7-6df2bfd38833@group-456BDF4933C6-LeaderElection1] INFO  impl.RaftServerImpl (ServerState.java:setRaftConf(357)) - 1d0c6007-e48f-4ec0-bdc7-6df2bfd38833@group-456BDF4933C6: set configuration 0: [1d0c6007-e48f-4ec0-bdc7-6df2bfd38833:192.168.34.8:33242], old=null at 0
2019-10-21 22:01:20,964 [pool-97-thread-1] INFO  impl.RaftServerImpl (RaftServerImpl.java:<init>(104)) - f2d88f4a-90c5-4f7b-9da8-5a827903dfc6: new RaftServerImpl for group-6943820B7BA6:[f2d88f4a-90c5-4f7b-9da8-5a827903dfc6:192.168.34.8:35483] with ContainerStateMachine:uninitialized
2019-10-21 22:01:20,965 [pool-97-thread-1] INFO  server.RaftServerConfigKeys (ConfUtils.java:logGet(43)) - raft.server.rpc.timeout.min = 1s (custom)
2019-10-21 22:01:20,965 [pool-97-thread-1] INFO  server.RaftServerConfigKeys (ConfUtils.java:logGet(43)) - raft.server.rpc.timeout.max = 1200ms (custom)
2019-10-21 22:01:20,965 [pool-97-thread-1] INFO  server.RaftServerConfigKeys (ConfUtils.java:logGet(43)) - raft.server.rpcslowness.timeout = 120s (custom)
2019-10-21 22:01:20,965 [pool-97-thread-1] INFO  server.RaftServerConfigKeys (ConfUtils.java:logGet(43)) - raft.server.sleep.deviation.threshold = 300 (default)
2019-10-21 22:01:20,965 [pool-97-thread-1] INFO  server.RaftServerConfigKeys (ConfUtils.java:logGet(43)) - raft.server.log.appender.install.snapshot.enabled = false (custom)
2019-10-21 22:01:20,965 [pool-97-thread-1] INFO  impl.RaftServerImpl (ServerState.java:<init>(103)) - f2d88f4a-90c5-4f7b-9da8-5a827903dfc6@group-6943820B7BA6: ConfigurationManager, init=-1: [f2d88f4a-90c5-4f7b-9da8-5a827903dfc6:192.168.34.8:35483], old=null, confs=<EMPTY_MAP>
2019-10-21 22:01:20,966 [pool-97-thread-1] INFO  server.RaftServerConfigKeys (ConfUtils.java:logGet(43)) - raft.server.storage.dir = [/workdir/hadoop-ozone/integration-test/target/test-dir/MiniOzoneClusterImpl-55d22b23-1d78-4564-93d7-1f68b9a0b903/datanode-7/data/ratis] (custom)
2019-10-21 22:01:20,966 [pool-97-thread-1] INFO  server.RaftServerConfigKeys (ConfUtils.java:logGet(43)) - raft.server.log.corruption.policy = EXCEPTION (default)
2019-10-21 22:01:20,966 [pool-97-thread-1] INFO  storage.RaftStorageDirectory (RaftStorageDirectory.java:analyzeStorage(246)) - The storage directory /workdir/hadoop-ozone/integration-test/target/test-dir/MiniOzoneClusterImpl-55d22b23-1d78-4564-93d7-1f68b9a0b903/datanode-7/data/ratis/de7754ce-1a3b-403f-9060-6943820b7ba6 does not exist. Creating ...
2019-10-21 22:01:20,980 [pool-97-thread-1] INFO  storage.RaftStorageDirectory (RaftStorageDirectory.java:tryLock(328)) - Lock on /workdir/hadoop-ozone/integration-test/target/test-dir/MiniOzoneClusterImpl-55d22b23-1d78-4564-93d7-1f68b9a0b903/datanode-7/data/ratis/de7754ce-1a3b-403f-9060-6943820b7ba6/in_use.lock acquired by nodename 8670@pr-hdds-2310-sp97z-1197097266
2019-10-21 22:01:20,994 [pool-97-thread-1] INFO  storage.RaftStorage (RaftStorage.java:format(84)) - Storage directory /workdir/hadoop-ozone/integration-test/target/test-dir/MiniOzoneClusterImpl-55d22b23-1d78-4564-93d7-1f68b9a0b903/datanode-7/data/ratis/de7754ce-1a3b-403f-9060-6943820b7ba6 has been successfully formatted.
2019-10-21 22:01:20,996 [pool-97-thread-1] INFO  ratis.ContainerStateMachine (ContainerStateMachine.java:loadSnapshot(231)) - group-6943820B7BA6: The snapshot info is null. Setting the last applied indexto:(t:0, i:~)
2019-10-21 22:01:20,998 [pool-97-thread-1] INFO  server.RaftServerConfigKeys (ConfUtils.java:logGet(43)) - raft.server.notification.no-leader.timeout = 120s (custom)
2019-10-21 22:01:20,999 [pool-97-thread-1] INFO  server.RaftServerConfigKeys (ConfUtils.java:logGet(43)) - raft.server.log.use.memory = false (default)
2019-10-21 22:01:20,999 [pool-97-thread-1] INFO  server.RaftServerConfigKeys (ConfUtils.java:logGet(43)) - raft.server.log.purge.gap = 1000000 (custom)
2019-10-21 22:01:20,999 [pool-97-thread-1] INFO  server.RaftServerConfigKeys (ConfUtils.java:logGet(43)) - raft.server.log.appender.buffer.byte-limit = 33554432 (custom)
2019-10-21 22:01:20,999 [pool-97-thread-1] INFO  server.RaftServerConfigKeys (ConfUtils.java:logGet(43)) - raft.server.log.segment.size.max = 1048576 (custom)
2019-10-21 22:01:21,039 [pool-97-thread-1] INFO  server.RaftServerConfigKeys (ConfUtils.java:logGet(43)) - raft.server.log.segment.cache.num.max = 2 (custom)
2019-10-21 22:01:21,039 [pool-97-thread-1] INFO  segmented.SegmentedRaftLogWorker (SegmentedRaftLogWorker.java:<init>(173)) - new f2d88f4a-90c5-4f7b-9da8-5a827903dfc6@group-6943820B7BA6-SegmentedRaftLogWorker for RaftStorage:Storage Directory /workdir/hadoop-ozone/integration-test/target/test-dir/MiniOzoneClusterImpl-55d22b23-1d78-4564-93d7-1f68b9a0b903/datanode-7/data/ratis/de7754ce-1a3b-403f-9060-6943820b7ba6
2019-10-21 22:01:21,040 [pool-97-thread-1] INFO  server.RaftServerConfigKeys (ConfUtils.java:logGet(43)) - raft.server.log.queue.byte-limit = 2147483647 (custom)
2019-10-21 22:01:21,040 [pool-97-thread-1] INFO  server.RaftServerConfigKeys (ConfUtils.java:logGet(43)) - raft.server.log.queue.element-limit = 1024 (custom)
2019-10-21 22:01:21,040 [pool-97-thread-1] INFO  server.RaftServerConfigKeys (ConfUtils.java:logGet(43)) - raft.server.log.segment.size.max = 1048576 (custom)
2019-10-21 22:01:21,040 [pool-97-thread-1] INFO  server.RaftServerConfigKeys (ConfUtils.java:logGet(43)) - raft.server.log.preallocated.size = 16384 (custom)
2019-10-21 22:01:21,040 [pool-97-thread-1] INFO  server.RaftServerConfigKeys (ConfUtils.java:logGet(43)) - raft.server.log.write.buffer.size = 33554432 (custom)
2019-10-21 22:01:21,040 [pool-97-thread-1] INFO  server.RaftServerConfigKeys (ConfUtils.java:logGet(43)) - raft.server.log.force.sync.num = 128 (default)
2019-10-21 22:01:21,040 [pool-97-thread-1] INFO  server.RaftServerConfigKeys (ConfUtils.java:logGet(43)) - raft.server.log.statemachine.data.sync = true (default)
2019-10-21 22:01:21,040 [pool-97-thread-1] INFO  server.RaftServerConfigKeys (ConfUtils.java:logGet(43)) - raft.server.log.statemachine.data.sync.timeout = 10s (default)
2019-10-21 22:01:21,040 [pool-97-thread-1] INFO  server.RaftServerConfigKeys (ConfUtils.java:logGet(43)) - raft.server.log.statemachine.data.sync.timeout.retry = -1 (default)
2019-10-21 22:01:21,041 [pool-97-thread-1] INFO  server.RaftServerConfigKeys (ConfUtils.java:logGet(43)) - raft.server.log.statemachine.data.caching.enabled = true (custom)
2019-10-21 22:01:21,042 [pool-97-thread-1] INFO  segmented.SegmentedRaftLogWorker (SegmentedRaftLogWorker.java:lambda$new$0(128)) - f2d88f4a-90c5-4f7b-9da8-5a827903dfc6@group-6943820B7BA6-SegmentedRaftLogWorker: flushIndex: setUnconditionally 0 -> -1
2019-10-21 22:01:21,042 [pool-97-thread-1] INFO  server.RaftServerConfigKeys (ConfUtils.java:logGet(43)) - raft.server.snapshot.auto.trigger.enabled = true (custom)
2019-10-21 22:01:21,042 [pool-97-thread-1] INFO  server.RaftServerConfigKeys (ConfUtils.java:logGet(43)) - raft.server.snapshot.auto.trigger.threshold = 10000 (custom)
2019-10-21 22:01:21,042 [pool-97-thread-1] INFO  server.RaftServerConfigKeys (ConfUtils.java:logGet(43)) - raft.server.snapshot.retention.file.num = 5 (custom)
2019-10-21 22:01:21,043 [pool-97-thread-1] INFO  server.RaftServerConfigKeys (ConfUtils.java:logGet(43)) - raft.server.retrycache.expirytime = 600000ms (custom)
2019-10-21 22:01:21,051 [pool-97-thread-1] INFO  impl.RaftServerImpl (RaftServerImpl.java:start(195)) - f2d88f4a-90c5-4f7b-9da8-5a827903dfc6@group-6943820B7BA6: start as a follower, conf=-1: [f2d88f4a-90c5-4f7b-9da8-5a827903dfc6:192.168.34.8:35483], old=null
2019-10-21 22:01:21,051 [pool-97-thread-1] INFO  impl.RaftServerImpl (RaftServerImpl.java:setRole(184)) - f2d88f4a-90c5-4f7b-9da8-5a827903dfc6@group-6943820B7BA6: changes role from      null to FOLLOWER at term 0 for startAsFollower
2019-10-21 22:01:21,051 [pool-97-thread-1] INFO  impl.RoleInfo (RoleInfo.java:updateAndGet(143)) - f2d88f4a-90c5-4f7b-9da8-5a827903dfc6: start FollowerState
2019-10-21 22:01:21,052 [pool-97-thread-1] INFO  util.JmxRegister (JmxRegister.java:tryRegister(44)) - Successfully registered JMX Bean with object name Ratis:service=RaftServer,group=group-6943820B7BA6,id=f2d88f4a-90c5-4f7b-9da8-5a827903dfc6
2019-10-21 22:01:21,116 [Thread-290] INFO  impl.FollowerState (FollowerState.java:run(108)) - f2d88f4a-90c5-4f7b-9da8-5a827903dfc6@group-6943820B7BA6-FollowerState: change to CANDIDATE, lastRpcTime:65ms, electionTimeout:48ms
2019-10-21 22:01:21,124 [Thread-290] INFO  impl.RoleInfo (RoleInfo.java:shutdownFollowerState(121)) - f2d88f4a-90c5-4f7b-9da8-5a827903dfc6: shutdown FollowerState
2019-10-21 22:01:21,126 [Thread-290] INFO  impl.RaftServerImpl (RaftServerImpl.java:setRole(184)) - f2d88f4a-90c5-4f7b-9da8-5a827903dfc6@group-6943820B7BA6: changes role from  FOLLOWER to CANDIDATE at term 0 for changeToCandidate
2019-10-21 22:01:21,126 [Thread-290] INFO  impl.RoleInfo (RoleInfo.java:updateAndGet(143)) - f2d88f4a-90c5-4f7b-9da8-5a827903dfc6: start LeaderElection
2019-10-21 22:01:21,181 [f2d88f4a-90c5-4f7b-9da8-5a827903dfc6@group-6943820B7BA6-LeaderElection2] INFO  impl.LeaderElection (LeaderElection.java:askForVotes(178)) - f2d88f4a-90c5-4f7b-9da8-5a827903dfc6@group-6943820B7BA6-LeaderElection2: begin an election at term 1 for -1: [f2d88f4a-90c5-4f7b-9da8-5a827903dfc6:192.168.34.8:35483], old=null
2019-10-21 22:01:21,197 [f2d88f4a-90c5-4f7b-9da8-5a827903dfc6@group-6943820B7BA6-LeaderElection2] INFO  impl.RoleInfo (RoleInfo.java:shutdownLeaderElection(134)) - f2d88f4a-90c5-4f7b-9da8-5a827903dfc6: shutdown LeaderElection
2019-10-21 22:01:21,198 [f2d88f4a-90c5-4f7b-9da8-5a827903dfc6@group-6943820B7BA6-LeaderElection2] INFO  impl.RaftServerImpl (RaftServerImpl.java:setRole(184)) - f2d88f4a-90c5-4f7b-9da8-5a827903dfc6@group-6943820B7BA6: changes role from CANDIDATE to LEADER at term 1 for changeToLeader
2019-10-21 22:01:21,198 [f2d88f4a-90c5-4f7b-9da8-5a827903dfc6@group-6943820B7BA6-LeaderElection2] INFO  impl.RaftServerImpl (ServerState.java:setLeader(256)) - f2d88f4a-90c5-4f7b-9da8-5a827903dfc6@group-6943820B7BA6: change Leader from null to f2d88f4a-90c5-4f7b-9da8-5a827903dfc6 at term 1 for becomeLeader, leader elected after 199ms
2019-10-21 22:01:21,199 [f2d88f4a-90c5-4f7b-9da8-5a827903dfc6@group-6943820B7BA6-LeaderElection2] INFO  server.RaftServerConfigKeys (ConfUtils.java:logGet(43)) - raft.server.staging.catchup.gap = 1000 (default)
2019-10-21 22:01:21,199 [RatisPipelineUtilsThread] INFO  pipeline.PipelineStateManager (PipelineStateManager.java:addPipeline(56)) - Created pipeline Pipeline[ Id: de7754ce-1a3b-403f-9060-6943820b7ba6, Nodes: f2d88f4a-90c5-4f7b-9da8-5a827903dfc6{ip: 192.168.34.8, host: pr-hdds-2310-sp97z-1197097266, networkLocation: /default-rack, certSerialId: null}, Type:RATIS, Factor:ONE, State:OPEN]
2019-10-21 22:01:21,200 [f2d88f4a-90c5-4f7b-9da8-5a827903dfc6@group-6943820B7BA6-LeaderElection2] INFO  server.RaftServerConfigKeys (ConfUtils.java:logGet(43)) - raft.server.rpc.sleep.time = 25ms (default)
2019-10-21 22:01:21,201 [f2d88f4a-90c5-4f7b-9da8-5a827903dfc6@group-6943820B7BA6-LeaderElection2] INFO  server.RaftServerConfigKeys (ConfUtils.java:logGet(43)) - raft.server.write.element-limit = 4096 (default)
2019-10-21 22:01:21,202 [f2d88f4a-90c5-4f7b-9da8-5a827903dfc6@group-6943820B7BA6-LeaderElection2] INFO  server.RaftServerConfigKeys (ConfUtils.java:logGet(43)) - raft.server.watch.timeout = 10s (default)
2019-10-21 22:01:21,202 [f2d88f4a-90c5-4f7b-9da8-5a827903dfc6@group-6943820B7BA6-LeaderElection2] INFO  server.RaftServerConfigKeys (ConfUtils.java:logGet(43)) - raft.server.watch.timeout.denomination = 1s (default)
2019-10-21 22:01:21,202 [f2d88f4a-90c5-4f7b-9da8-5a827903dfc6@group-6943820B7BA6-LeaderElection2] INFO  server.RaftServerConfigKeys (ConfUtils.java:logGet(43)) - raft.server.watch.element-limit = 65536 (default)
2019-10-21 22:01:21,212 [f2d88f4a-90c5-4f7b-9da8-5a827903dfc6@group-6943820B7BA6-LeaderElection2] INFO  impl.RoleInfo (RoleInfo.java:updateAndGet(143)) - f2d88f4a-90c5-4f7b-9da8-5a827903dfc6: start LeaderState
2019-10-21 22:01:21,213 [f2d88f4a-90c5-4f7b-9da8-5a827903dfc6@group-6943820B7BA6-LeaderElection2] INFO  segmented.SegmentedRaftLogWorker (SegmentedRaftLogWorker.java:startLogSegment(385)) - f2d88f4a-90c5-4f7b-9da8-5a827903dfc6@group-6943820B7BA6-SegmentedRaftLogWorker: Starting segment from index:0
2019-10-21 22:01:21,215 [f2d88f4a-90c5-4f7b-9da8-5a827903dfc6@group-6943820B7BA6-LeaderElection2] INFO  impl.RaftServerImpl (ServerState.java:setRaftConf(357)) - f2d88f4a-90c5-4f7b-9da8-5a827903dfc6@group-6943820B7BA6: set configuration 0: [f2d88f4a-90c5-4f7b-9da8-5a827903dfc6:192.168.34.8:35483], old=null at 0
2019-10-21 22:01:21,223 [grpc-default-executor-0] INFO  impl.RaftServerProxy (RaftServerProxy.java:addNew(89)) - eb218cae-34fb-4b75-a560-8fba2ee61629: addNew group-C1FB12D5B622:[eb218cae-34fb-4b75-a560-8fba2ee61629:192.168.34.8:34887] returns group-C1FB12D5B622:java.util.concurrent.CompletableFuture@1ffef348[Not completed]
2019-10-21 22:01:21,244 [pool-37-thread-1] INFO  impl.RaftServerImpl (RaftServerImpl.java:<init>(104)) - eb218cae-34fb-4b75-a560-8fba2ee61629: new RaftServerImpl for group-C1FB12D5B622:[eb218cae-34fb-4b75-a560-8fba2ee61629:192.168.34.8:34887] with ContainerStateMachine:uninitialized
2019-10-21 22:01:21,245 [pool-37-thread-1] INFO  server.RaftServerConfigKeys (ConfUtils.java:logGet(43)) - raft.server.rpc.timeout.min = 1s (custom)
2019-10-21 22:01:21,245 [pool-37-thread-1] INFO  server.RaftServerConfigKeys (ConfUtils.java:logGet(43)) - raft.server.rpc.timeout.max = 1200ms (custom)
2019-10-21 22:01:21,245 [pool-37-thread-1] INFO  server.RaftServerConfigKeys (ConfUtils.java:logGet(43)) - raft.server.rpcslowness.timeout = 120s (custom)
2019-10-21 22:01:21,245 [pool-37-thread-1] INFO  server.RaftServerConfigKeys (ConfUtils.java:logGet(43)) - raft.server.sleep.deviation.threshold = 300 (default)
2019-10-21 22:01:21,246 [pool-37-thread-1] INFO  server.RaftServerConfigKeys (ConfUtils.java:logGet(43)) - raft.server.log.appender.install.snapshot.enabled = false (custom)
2019-10-21 22:01:21,246 [pool-37-thread-1] INFO  impl.RaftServerImpl (ServerState.java:<init>(103)) - eb218cae-34fb-4b75-a560-8fba2ee61629@group-C1FB12D5B622: ConfigurationManager, init=-1: [eb218cae-34fb-4b75-a560-8fba2ee61629:192.168.34.8:34887], old=null, confs=<EMPTY_MAP>
2019-10-21 22:01:21,246 [pool-37-thread-1] INFO  server.RaftServerConfigKeys (ConfUtils.java:logGet(43)) - raft.server.storage.dir = [/workdir/hadoop-ozone/integration-test/target/test-dir/MiniOzoneClusterImpl-55d22b23-1d78-4564-93d7-1f68b9a0b903/datanode-1/data/ratis] (custom)
2019-10-21 22:01:21,246 [pool-37-thread-1] INFO  server.RaftServerConfigKeys (ConfUtils.java:logGet(43)) - raft.server.log.corruption.policy = EXCEPTION (default)
2019-10-21 22:01:21,247 [pool-37-thread-1] INFO  storage.RaftStorageDirectory (RaftStorageDirectory.java:analyzeStorage(246)) - The storage directory /workdir/hadoop-ozone/integration-test/target/test-dir/MiniOzoneClusterImpl-55d22b23-1d78-4564-93d7-1f68b9a0b903/datanode-1/data/ratis/62d5e150-5bce-4d20-9265-c1fb12d5b622 does not exist. Creating ...
2019-10-21 22:01:21,260 [pool-37-thread-1] INFO  storage.RaftStorageDirectory (RaftStorageDirectory.java:tryLock(328)) - Lock on /workdir/hadoop-ozone/integration-test/target/test-dir/MiniOzoneClusterImpl-55d22b23-1d78-4564-93d7-1f68b9a0b903/datanode-1/data/ratis/62d5e150-5bce-4d20-9265-c1fb12d5b622/in_use.lock acquired by nodename 8670@pr-hdds-2310-sp97z-1197097266
2019-10-21 22:01:21,277 [pool-37-thread-1] INFO  storage.RaftStorage (RaftStorage.java:format(84)) - Storage directory /workdir/hadoop-ozone/integration-test/target/test-dir/MiniOzoneClusterImpl-55d22b23-1d78-4564-93d7-1f68b9a0b903/datanode-1/data/ratis/62d5e150-5bce-4d20-9265-c1fb12d5b622 has been successfully formatted.
2019-10-21 22:01:21,277 [pool-37-thread-1] INFO  ratis.ContainerStateMachine (ContainerStateMachine.java:loadSnapshot(231)) - group-C1FB12D5B622: The snapshot info is null. Setting the last applied indexto:(t:0, i:~)
2019-10-21 22:01:21,278 [pool-37-thread-1] INFO  server.RaftServerConfigKeys (ConfUtils.java:logGet(43)) - raft.server.notification.no-leader.timeout = 120s (custom)
2019-10-21 22:01:21,278 [pool-37-thread-1] INFO  server.RaftServerConfigKeys (ConfUtils.java:logGet(43)) - raft.server.log.use.memory = false (default)
2019-10-21 22:01:21,278 [pool-37-thread-1] INFO  server.RaftServerConfigKeys (ConfUtils.java:logGet(43)) - raft.server.log.purge.gap = 1000000 (custom)
2019-10-21 22:01:21,278 [pool-37-thread-1] INFO  server.RaftServerConfigKeys (ConfUtils.java:logGet(43)) - raft.server.log.appender.buffer.byte-limit = 33554432 (custom)
2019-10-21 22:01:21,279 [pool-37-thread-1] INFO  server.RaftServerConfigKeys (ConfUtils.java:logGet(43)) - raft.server.log.segment.size.max = 1048576 (custom)
2019-10-21 22:01:21,284 [pool-37-thread-1] INFO  server.RaftServerConfigKeys (ConfUtils.java:logGet(43)) - raft.server.log.segment.cache.num.max = 2 (custom)
2019-10-21 22:01:21,284 [pool-37-thread-1] INFO  segmented.SegmentedRaftLogWorker (SegmentedRaftLogWorker.java:<init>(173)) - new eb218cae-34fb-4b75-a560-8fba2ee61629@group-C1FB12D5B622-SegmentedRaftLogWorker for RaftStorage:Storage Directory /workdir/hadoop-ozone/integration-test/target/test-dir/MiniOzoneClusterImpl-55d22b23-1d78-4564-93d7-1f68b9a0b903/datanode-1/data/ratis/62d5e150-5bce-4d20-9265-c1fb12d5b622
2019-10-21 22:01:21,284 [pool-37-thread-1] INFO  server.RaftServerConfigKeys (ConfUtils.java:logGet(43)) - raft.server.log.queue.byte-limit = 2147483647 (custom)
2019-10-21 22:01:21,284 [pool-37-thread-1] INFO  server.RaftServerConfigKeys (ConfUtils.java:logGet(43)) - raft.server.log.queue.element-limit = 1024 (custom)
2019-10-21 22:01:21,284 [pool-37-thread-1] INFO  server.RaftServerConfigKeys (ConfUtils.java:logGet(43)) - raft.server.log.segment.size.max = 1048576 (custom)
2019-10-21 22:01:21,284 [pool-37-thread-1] INFO  server.RaftServerConfigKeys (ConfUtils.java:logGet(43)) - raft.server.log.preallocated.size = 16384 (custom)
2019-10-21 22:01:21,285 [pool-37-thread-1] INFO  server.RaftServerConfigKeys (ConfUtils.java:logGet(43)) - raft.server.log.write.buffer.size = 33554432 (custom)
2019-10-21 22:01:21,285 [pool-37-thread-1] INFO  server.RaftServerConfigKeys (ConfUtils.java:logGet(43)) - raft.server.log.force.sync.num = 128 (default)
2019-10-21 22:01:21,285 [pool-37-thread-1] INFO  server.RaftServerConfigKeys (ConfUtils.java:logGet(43)) - raft.server.log.statemachine.data.sync = true (default)
2019-10-21 22:01:21,285 [pool-37-thread-1] INFO  server.RaftServerConfigKeys (ConfUtils.java:logGet(43)) - raft.server.log.statemachine.data.sync.timeout = 10s (default)
2019-10-21 22:01:21,285 [pool-37-thread-1] INFO  server.RaftServerConfigKeys (ConfUtils.java:logGet(43)) - raft.server.log.statemachine.data.sync.timeout.retry = -1 (default)
2019-10-21 22:01:21,286 [pool-37-thread-1] INFO  server.RaftServerConfigKeys (ConfUtils.java:logGet(43)) - raft.server.log.statemachine.data.caching.enabled = true (custom)
2019-10-21 22:01:21,286 [pool-37-thread-1] INFO  segmented.SegmentedRaftLogWorker (SegmentedRaftLogWorker.java:lambda$new$0(128)) - eb218cae-34fb-4b75-a560-8fba2ee61629@group-C1FB12D5B622-SegmentedRaftLogWorker: flushIndex: setUnconditionally 0 -> -1
2019-10-21 22:01:21,286 [pool-37-thread-1] INFO  server.RaftServerConfigKeys (ConfUtils.java:logGet(43)) - raft.server.snapshot.auto.trigger.enabled = true (custom)
2019-10-21 22:01:21,287 [pool-37-thread-1] INFO  server.RaftServerConfigKeys (ConfUtils.java:logGet(43)) - raft.server.snapshot.auto.trigger.threshold = 10000 (custom)
2019-10-21 22:01:21,287 [pool-37-thread-1] INFO  server.RaftServerConfigKeys (ConfUtils.java:logGet(43)) - raft.server.snapshot.retention.file.num = 5 (custom)
2019-10-21 22:01:21,287 [pool-37-thread-1] INFO  server.RaftServerConfigKeys (ConfUtils.java:logGet(43)) - raft.server.retrycache.expirytime = 600000ms (custom)
2019-10-21 22:01:21,294 [pool-37-thread-1] INFO  impl.RaftServerImpl (RaftServerImpl.java:start(195)) - eb218cae-34fb-4b75-a560-8fba2ee61629@group-C1FB12D5B622: start as a follower, conf=-1: [eb218cae-34fb-4b75-a560-8fba2ee61629:192.168.34.8:34887], old=null
2019-10-21 22:01:21,294 [pool-37-thread-1] INFO  impl.RaftServerImpl (RaftServerImpl.java:setRole(184)) - eb218cae-34fb-4b75-a560-8fba2ee61629@group-C1FB12D5B622: changes role from      null to FOLLOWER at term 0 for startAsFollower
2019-10-21 22:01:21,295 [pool-37-thread-1] INFO  impl.RoleInfo (RoleInfo.java:updateAndGet(143)) - eb218cae-34fb-4b75-a560-8fba2ee61629: start FollowerState
2019-10-21 22:01:21,295 [pool-37-thread-1] INFO  util.JmxRegister (JmxRegister.java:tryRegister(44)) - Successfully registered JMX Bean with object name Ratis:service=RaftServer,group=group-C1FB12D5B622,id=eb218cae-34fb-4b75-a560-8fba2ee61629
2019-10-21 22:01:21,310 [RatisPipelineUtilsThread] INFO  pipeline.PipelineStateManager (PipelineStateManager.java:addPipeline(56)) - Created pipeline Pipeline[ Id: 62d5e150-5bce-4d20-9265-c1fb12d5b622, Nodes: eb218cae-34fb-4b75-a560-8fba2ee61629{ip: 192.168.34.8, host: pr-hdds-2310-sp97z-1197097266, networkLocation: /default-rack, certSerialId: null}, Type:RATIS, Factor:ONE, State:OPEN]
2019-10-21 22:01:21,313 [Thread-295] INFO  impl.FollowerState (FollowerState.java:run(108)) - eb218cae-34fb-4b75-a560-8fba2ee61629@group-C1FB12D5B622-FollowerState: change to CANDIDATE, lastRpcTime:18ms, electionTimeout:18ms
2019-10-21 22:01:21,316 [Thread-295] INFO  impl.RoleInfo (RoleInfo.java:shutdownFollowerState(121)) - eb218cae-34fb-4b75-a560-8fba2ee61629: shutdown FollowerState
2019-10-21 22:01:21,316 [Thread-295] INFO  impl.RaftServerImpl (RaftServerImpl.java:setRole(184)) - eb218cae-34fb-4b75-a560-8fba2ee61629@group-C1FB12D5B622: changes role from  FOLLOWER to CANDIDATE at term 0 for changeToCandidate
2019-10-21 22:01:21,316 [Thread-295] INFO  impl.RoleInfo (RoleInfo.java:updateAndGet(143)) - eb218cae-34fb-4b75-a560-8fba2ee61629: start LeaderElection
2019-10-21 22:01:21,335 [eb218cae-34fb-4b75-a560-8fba2ee61629@group-C1FB12D5B622-LeaderElection3] INFO  impl.LeaderElection (LeaderElection.java:askForVotes(178)) - eb218cae-34fb-4b75-a560-8fba2ee61629@group-C1FB12D5B622-LeaderElection3: begin an election at term 1 for -1: [eb218cae-34fb-4b75-a560-8fba2ee61629:192.168.34.8:34887], old=null
2019-10-21 22:01:21,336 [eb218cae-34fb-4b75-a560-8fba2ee61629@group-C1FB12D5B622-LeaderElection3] INFO  impl.RoleInfo (RoleInfo.java:shutdownLeaderElection(134)) - eb218cae-34fb-4b75-a560-8fba2ee61629: shutdown LeaderElection
2019-10-21 22:01:21,337 [eb218cae-34fb-4b75-a560-8fba2ee61629@group-C1FB12D5B622-LeaderElection3] INFO  impl.RaftServerImpl (RaftServerImpl.java:setRole(184)) - eb218cae-34fb-4b75-a560-8fba2ee61629@group-C1FB12D5B622: changes role from CANDIDATE to LEADER at term 1 for changeToLeader
2019-10-21 22:01:21,337 [eb218cae-34fb-4b75-a560-8fba2ee61629@group-C1FB12D5B622-LeaderElection3] INFO  impl.RaftServerImpl (ServerState.java:setLeader(256)) - eb218cae-34fb-4b75-a560-8fba2ee61629@group-C1FB12D5B622: change Leader from null to eb218cae-34fb-4b75-a560-8fba2ee61629 at term 1 for becomeLeader, leader elected after 59ms
2019-10-21 22:01:21,338 [eb218cae-34fb-4b75-a560-8fba2ee61629@group-C1FB12D5B622-LeaderElection3] INFO  server.RaftServerConfigKeys (ConfUtils.java:logGet(43)) - raft.server.staging.catchup.gap = 1000 (default)
2019-10-21 22:01:21,339 [eb218cae-34fb-4b75-a560-8fba2ee61629@group-C1FB12D5B622-LeaderElection3] INFO  server.RaftServerConfigKeys (ConfUtils.java:logGet(43)) - raft.server.rpc.sleep.time = 25ms (default)
2019-10-21 22:01:21,341 [eb218cae-34fb-4b75-a560-8fba2ee61629@group-C1FB12D5B622-LeaderElection3] INFO  server.RaftServerConfigKeys (ConfUtils.java:logGet(43)) - raft.server.write.element-limit = 4096 (default)
2019-10-21 22:01:21,341 [eb218cae-34fb-4b75-a560-8fba2ee61629@group-C1FB12D5B622-LeaderElection3] INFO  server.RaftServerConfigKeys (ConfUtils.java:logGet(43)) - raft.server.watch.timeout = 10s (default)
2019-10-21 22:01:21,341 [eb218cae-34fb-4b75-a560-8fba2ee61629@group-C1FB12D5B622-LeaderElection3] INFO  server.RaftServerConfigKeys (ConfUtils.java:logGet(43)) - raft.server.watch.timeout.denomination = 1s (default)
2019-10-21 22:01:21,342 [eb218cae-34fb-4b75-a560-8fba2ee61629@group-C1FB12D5B622-LeaderElection3] INFO  server.RaftServerConfigKeys (ConfUtils.java:logGet(43)) - raft.server.watch.element-limit = 65536 (default)
2019-10-21 22:01:21,344 [grpc-default-executor-0] INFO  impl.RaftServerProxy (RaftServerProxy.java:addNew(89)) - d2d0250e-a378-4f8a-a4ff-ce07d96628f4: addNew group-0B343ED8497F:[d2d0250e-a378-4f8a-a4ff-ce07d96628f4:192.168.34.8:43170] returns group-0B343ED8497F:java.util.concurrent.CompletableFuture@e2d404f[Not completed]
2019-10-21 22:01:21,346 [eb218cae-34fb-4b75-a560-8fba2ee61629@group-C1FB12D5B622-LeaderElection3] INFO  impl.RoleInfo (RoleInfo.java:updateAndGet(143)) - eb218cae-34fb-4b75-a560-8fba2ee61629: start LeaderState
2019-10-21 22:01:21,382 [pool-57-thread-1] INFO  impl.RaftServerImpl (RaftServerImpl.java:<init>(104)) - d2d0250e-a378-4f8a-a4ff-ce07d96628f4: new RaftServerImpl for group-0B343ED8497F:[d2d0250e-a378-4f8a-a4ff-ce07d96628f4:192.168.34.8:43170] with ContainerStateMachine:uninitialized
2019-10-21 22:01:21,382 [eb218cae-34fb-4b75-a560-8fba2ee61629@group-C1FB12D5B622-LeaderElection3] INFO  segmented.SegmentedRaftLogWorker (SegmentedRaftLogWorker.java:startLogSegment(385)) - eb218cae-34fb-4b75-a560-8fba2ee61629@group-C1FB12D5B622-SegmentedRaftLogWorker: Starting segment from index:0
2019-10-21 22:01:21,382 [pool-57-thread-1] INFO  server.RaftServerConfigKeys (ConfUtils.java:logGet(43)) - raft.server.rpc.timeout.min = 1s (custom)
2019-10-21 22:01:21,382 [pool-57-thread-1] INFO  server.RaftServerConfigKeys (ConfUtils.java:logGet(43)) - raft.server.rpc.timeout.max = 1200ms (custom)
2019-10-21 22:01:21,382 [pool-57-thread-1] INFO  server.RaftServerConfigKeys (ConfUtils.java:logGet(43)) - raft.server.rpcslowness.timeout = 120s (custom)
2019-10-21 22:01:21,382 [pool-57-thread-1] INFO  server.RaftServerConfigKeys (ConfUtils.java:logGet(43)) - raft.server.sleep.deviation.threshold = 300 (default)
2019-10-21 22:01:21,383 [pool-57-thread-1] INFO  server.RaftServerConfigKeys (ConfUtils.java:logGet(43)) - raft.server.log.appender.install.snapshot.enabled = false (custom)
2019-10-21 22:01:21,383 [pool-57-thread-1] INFO  impl.RaftServerImpl (ServerState.java:<init>(103)) - d2d0250e-a378-4f8a-a4ff-ce07d96628f4@group-0B343ED8497F: ConfigurationManager, init=-1: [d2d0250e-a378-4f8a-a4ff-ce07d96628f4:192.168.34.8:43170], old=null, confs=<EMPTY_MAP>
2019-10-21 22:01:21,383 [eb218cae-34fb-4b75-a560-8fba2ee61629@group-C1FB12D5B622-LeaderElection3] INFO  impl.RaftServerImpl (ServerState.java:setRaftConf(357)) - eb218cae-34fb-4b75-a560-8fba2ee61629@group-C1FB12D5B622: set configuration 0: [eb218cae-34fb-4b75-a560-8fba2ee61629:192.168.34.8:34887], old=null at 0
2019-10-21 22:01:21,383 [pool-57-thread-1] INFO  server.RaftServerConfigKeys (ConfUtils.java:logGet(43)) - raft.server.storage.dir = [/workdir/hadoop-ozone/integration-test/target/test-dir/MiniOzoneClusterImpl-55d22b23-1d78-4564-93d7-1f68b9a0b903/datanode-3/data/ratis] (custom)
2019-10-21 22:01:21,416 [pool-57-thread-1] INFO  server.RaftServerConfigKeys (ConfUtils.java:logGet(43)) - raft.server.log.corruption.policy = EXCEPTION (default)
2019-10-21 22:01:21,416 [pool-57-thread-1] INFO  storage.RaftStorageDirectory (RaftStorageDirectory.java:analyzeStorage(246)) - The storage directory /workdir/hadoop-ozone/integration-test/target/test-dir/MiniOzoneClusterImpl-55d22b23-1d78-4564-93d7-1f68b9a0b903/datanode-3/data/ratis/4f17ab16-efae-43b7-929d-0b343ed8497f does not exist. Creating ...
2019-10-21 22:01:21,431 [pool-57-thread-1] INFO  storage.RaftStorageDirectory (RaftStorageDirectory.java:tryLock(328)) - Lock on /workdir/hadoop-ozone/integration-test/target/test-dir/MiniOzoneClusterImpl-55d22b23-1d78-4564-93d7-1f68b9a0b903/datanode-3/data/ratis/4f17ab16-efae-43b7-929d-0b343ed8497f/in_use.lock acquired by nodename 8670@pr-hdds-2310-sp97z-1197097266
2019-10-21 22:01:21,431 [1d0c6007-e48f-4ec0-bdc7-6df2bfd38833@group-456BDF4933C6-SegmentedRaftLogWorker] INFO  segmented.SegmentedRaftLogWorker (SegmentedRaftLogWorker.java:execute(576)) - 1d0c6007-e48f-4ec0-bdc7-6df2bfd38833@group-456BDF4933C6-SegmentedRaftLogWorker: created new log segment /workdir/hadoop-ozone/integration-test/target/test-dir/MiniOzoneClusterImpl-55d22b23-1d78-4564-93d7-1f68b9a0b903/datanode-0/data/ratis/5977928a-d905-499d-bd55-456bdf4933c6/current/log_inprogress_0
2019-10-21 22:01:21,431 [f2d88f4a-90c5-4f7b-9da8-5a827903dfc6@group-6943820B7BA6-SegmentedRaftLogWorker] INFO  segmented.SegmentedRaftLogWorker (SegmentedRaftLogWorker.java:execute(576)) - f2d88f4a-90c5-4f7b-9da8-5a827903dfc6@group-6943820B7BA6-SegmentedRaftLogWorker: created new log segment /workdir/hadoop-ozone/integration-test/target/test-dir/MiniOzoneClusterImpl-55d22b23-1d78-4564-93d7-1f68b9a0b903/datanode-7/data/ratis/de7754ce-1a3b-403f-9060-6943820b7ba6/current/log_inprogress_0
2019-10-21 22:01:21,431 [eb218cae-34fb-4b75-a560-8fba2ee61629@group-C1FB12D5B622-SegmentedRaftLogWorker] INFO  segmented.SegmentedRaftLogWorker (SegmentedRaftLogWorker.java:execute(576)) - eb218cae-34fb-4b75-a560-8fba2ee61629@group-C1FB12D5B622-SegmentedRaftLogWorker: created new log segment /workdir/hadoop-ozone/integration-test/target/test-dir/MiniOzoneClusterImpl-55d22b23-1d78-4564-93d7-1f68b9a0b903/datanode-1/data/ratis/62d5e150-5bce-4d20-9265-c1fb12d5b622/current/log_inprogress_0
2019-10-21 22:01:21,445 [pool-57-thread-1] INFO  storage.RaftStorage (RaftStorage.java:format(84)) - Storage directory /workdir/hadoop-ozone/integration-test/target/test-dir/MiniOzoneClusterImpl-55d22b23-1d78-4564-93d7-1f68b9a0b903/datanode-3/data/ratis/4f17ab16-efae-43b7-929d-0b343ed8497f has been successfully formatted.
2019-10-21 22:01:21,445 [pool-57-thread-1] INFO  ratis.ContainerStateMachine (ContainerStateMachine.java:loadSnapshot(231)) - group-0B343ED8497F: The snapshot info is null. Setting the last applied indexto:(t:0, i:~)
2019-10-21 22:01:21,446 [pool-57-thread-1] INFO  server.RaftServerConfigKeys (ConfUtils.java:logGet(43)) - raft.server.notification.no-leader.timeout = 120s (custom)
2019-10-21 22:01:21,446 [pool-57-thread-1] INFO  server.RaftServerConfigKeys (ConfUtils.java:logGet(43)) - raft.server.log.use.memory = false (default)
2019-10-21 22:01:21,446 [pool-57-thread-1] INFO  server.RaftServerConfigKeys (ConfUtils.java:logGet(43)) - raft.server.log.purge.gap = 1000000 (custom)
2019-10-21 22:01:21,446 [pool-57-thread-1] INFO  server.RaftServerConfigKeys (ConfUtils.java:logGet(43)) - raft.server.log.appender.buffer.byte-limit = 33554432 (custom)
2019-10-21 22:01:21,446 [pool-57-thread-1] INFO  server.RaftServerConfigKeys (ConfUtils.java:logGet(43)) - raft.server.log.segment.size.max = 1048576 (custom)
2019-10-21 22:01:21,450 [pool-57-thread-1] INFO  server.RaftServerConfigKeys (ConfUtils.java:logGet(43)) - raft.server.log.segment.cache.num.max = 2 (custom)
2019-10-21 22:01:21,450 [pool-57-thread-1] INFO  segmented.SegmentedRaftLogWorker (SegmentedRaftLogWorker.java:<init>(173)) - new d2d0250e-a378-4f8a-a4ff-ce07d96628f4@group-0B343ED8497F-SegmentedRaftLogWorker for RaftStorage:Storage Directory /workdir/hadoop-ozone/integration-test/target/test-dir/MiniOzoneClusterImpl-55d22b23-1d78-4564-93d7-1f68b9a0b903/datanode-3/data/ratis/4f17ab16-efae-43b7-929d-0b343ed8497f
2019-10-21 22:01:21,450 [pool-57-thread-1] INFO  server.RaftServerConfigKeys (ConfUtils.java:logGet(43)) - raft.server.log.queue.byte-limit = 2147483647 (custom)
2019-10-21 22:01:21,450 [pool-57-thread-1] INFO  server.RaftServerConfigKeys (ConfUtils.java:logGet(43)) - raft.server.log.queue.element-limit = 1024 (custom)
2019-10-21 22:01:21,450 [pool-57-thread-1] INFO  server.RaftServerConfigKeys (ConfUtils.java:logGet(43)) - raft.server.log.segment.size.max = 1048576 (custom)
2019-10-21 22:01:21,450 [pool-57-thread-1] INFO  server.RaftServerConfigKeys (ConfUtils.java:logGet(43)) - raft.server.log.preallocated.size = 16384 (custom)
2019-10-21 22:01:21,450 [pool-57-thread-1] INFO  server.RaftServerConfigKeys (ConfUtils.java:logGet(43)) - raft.server.log.write.buffer.size = 33554432 (custom)
2019-10-21 22:01:21,451 [pool-57-thread-1] INFO  server.RaftServerConfigKeys (ConfUtils.java:logGet(43)) - raft.server.log.force.sync.num = 128 (default)
2019-10-21 22:01:21,451 [pool-57-thread-1] INFO  server.RaftServerConfigKeys (ConfUtils.java:logGet(43)) - raft.server.log.statemachine.data.sync = true (default)
2019-10-21 22:01:21,451 [pool-57-thread-1] INFO  server.RaftServerConfigKeys (ConfUtils.java:logGet(43)) - raft.server.log.statemachine.data.sync.timeout = 10s (default)
2019-10-21 22:01:21,451 [pool-57-thread-1] INFO  server.RaftServerConfigKeys (ConfUtils.java:logGet(43)) - raft.server.log.statemachine.data.sync.timeout.retry = -1 (default)
2019-10-21 22:01:21,452 [pool-57-thread-1] INFO  server.RaftServerConfigKeys (ConfUtils.java:logGet(43)) - raft.server.log.statemachine.data.caching.enabled = true (custom)
2019-10-21 22:01:21,452 [pool-57-thread-1] INFO  segmented.SegmentedRaftLogWorker (SegmentedRaftLogWorker.java:lambda$new$0(128)) - d2d0250e-a378-4f8a-a4ff-ce07d96628f4@group-0B343ED8497F-SegmentedRaftLogWorker: flushIndex: setUnconditionally 0 -> -1
2019-10-21 22:01:21,453 [pool-57-thread-1] INFO  server.RaftServerConfigKeys (ConfUtils.java:logGet(43)) - raft.server.snapshot.auto.trigger.enabled = true (custom)
2019-10-21 22:01:21,453 [pool-57-thread-1] INFO  server.RaftServerConfigKeys (ConfUtils.java:logGet(43)) - raft.server.snapshot.auto.trigger.threshold = 10000 (custom)
2019-10-21 22:01:21,453 [pool-57-thread-1] INFO  server.RaftServerConfigKeys (ConfUtils.java:logGet(43)) - raft.server.snapshot.retention.file.num = 5 (custom)
2019-10-21 22:01:21,453 [pool-57-thread-1] INFO  server.RaftServerConfigKeys (ConfUtils.java:logGet(43)) - raft.server.retrycache.expirytime = 600000ms (custom)
2019-10-21 22:01:21,458 [pool-57-thread-1] INFO  impl.RaftServerImpl (RaftServerImpl.java:start(195)) - d2d0250e-a378-4f8a-a4ff-ce07d96628f4@group-0B343ED8497F: start as a follower, conf=-1: [d2d0250e-a378-4f8a-a4ff-ce07d96628f4:192.168.34.8:43170], old=null
2019-10-21 22:01:21,458 [pool-57-thread-1] INFO  impl.RaftServerImpl (RaftServerImpl.java:setRole(184)) - d2d0250e-a378-4f8a-a4ff-ce07d96628f4@group-0B343ED8497F: changes role from      null to FOLLOWER at term 0 for startAsFollower
2019-10-21 22:01:21,458 [pool-57-thread-1] INFO  impl.RoleInfo (RoleInfo.java:updateAndGet(143)) - d2d0250e-a378-4f8a-a4ff-ce07d96628f4: start FollowerState
2019-10-21 22:01:21,459 [pool-57-thread-1] INFO  util.JmxRegister (JmxRegister.java:tryRegister(44)) - Successfully registered JMX Bean with object name Ratis:service=RaftServer,group=group-0B343ED8497F,id=d2d0250e-a378-4f8a-a4ff-ce07d96628f4
2019-10-21 22:01:21,481 [RatisPipelineUtilsThread] INFO  pipeline.PipelineStateManager (PipelineStateManager.java:addPipeline(56)) - Created pipeline Pipeline[ Id: 4f17ab16-efae-43b7-929d-0b343ed8497f, Nodes: d2d0250e-a378-4f8a-a4ff-ce07d96628f4{ip: 192.168.34.8, host: pr-hdds-2310-sp97z-1197097266, networkLocation: /default-rack, certSerialId: null}, Type:RATIS, Factor:ONE, State:OPEN]
2019-10-21 22:01:21,499 [grpc-default-executor-0] INFO  impl.RaftServerProxy (RaftServerProxy.java:addNew(89)) - 756f57d6-6136-46f3-b5ea-af957dae1eda: addNew group-D85F55E94C75:[756f57d6-6136-46f3-b5ea-af957dae1eda:192.168.34.8:33063] returns group-D85F55E94C75:java.util.concurrent.CompletableFuture@3594b0a6[Not completed]
2019-10-21 22:01:21,503 [pool-87-thread-1] INFO  impl.RaftServerImpl (RaftServerImpl.java:<init>(104)) - 756f57d6-6136-46f3-b5ea-af957dae1eda: new RaftServerImpl for group-D85F55E94C75:[756f57d6-6136-46f3-b5ea-af957dae1eda:192.168.34.8:33063] with ContainerStateMachine:uninitialized
2019-10-21 22:01:21,503 [pool-87-thread-1] INFO  server.RaftServerConfigKeys (ConfUtils.java:logGet(43)) - raft.server.rpc.timeout.min = 1s (custom)
2019-10-21 22:01:21,503 [pool-87-thread-1] INFO  server.RaftServerConfigKeys (ConfUtils.java:logGet(43)) - raft.server.rpc.timeout.max = 1200ms (custom)
2019-10-21 22:01:21,503 [pool-87-thread-1] INFO  server.RaftServerConfigKeys (ConfUtils.java:logGet(43)) - raft.server.rpcslowness.timeout = 120s (custom)
2019-10-21 22:01:21,503 [pool-87-thread-1] INFO  server.RaftServerConfigKeys (ConfUtils.java:logGet(43)) - raft.server.sleep.deviation.threshold = 300 (default)
2019-10-21 22:01:21,504 [pool-87-thread-1] INFO  server.RaftServerConfigKeys (ConfUtils.java:logGet(43)) - raft.server.log.appender.install.snapshot.enabled = false (custom)
2019-10-21 22:01:21,504 [pool-87-thread-1] INFO  impl.RaftServerImpl (ServerState.java:<init>(103)) - 756f57d6-6136-46f3-b5ea-af957dae1eda@group-D85F55E94C75: ConfigurationManager, init=-1: [756f57d6-6136-46f3-b5ea-af957dae1eda:192.168.34.8:33063], old=null, confs=<EMPTY_MAP>
2019-10-21 22:01:21,504 [pool-87-thread-1] INFO  server.RaftServerConfigKeys (ConfUtils.java:logGet(43)) - raft.server.storage.dir = [/workdir/hadoop-ozone/integration-test/target/test-dir/MiniOzoneClusterImpl-55d22b23-1d78-4564-93d7-1f68b9a0b903/datanode-6/data/ratis] (custom)
2019-10-21 22:01:21,504 [pool-87-thread-1] INFO  server.RaftServerConfigKeys (ConfUtils.java:logGet(43)) - raft.server.log.corruption.policy = EXCEPTION (default)
2019-10-21 22:01:21,505 [pool-87-thread-1] INFO  storage.RaftStorageDirectory (RaftStorageDirectory.java:analyzeStorage(246)) - The storage directory /workdir/hadoop-ozone/integration-test/target/test-dir/MiniOzoneClusterImpl-55d22b23-1d78-4564-93d7-1f68b9a0b903/datanode-6/data/ratis/b43f5f30-14e3-41b2-8539-d85f55e94c75 does not exist. Creating ...
2019-10-21 22:01:21,519 [pool-87-thread-1] INFO  storage.RaftStorageDirectory (RaftStorageDirectory.java:tryLock(328)) - Lock on /workdir/hadoop-ozone/integration-test/target/test-dir/MiniOzoneClusterImpl-55d22b23-1d78-4564-93d7-1f68b9a0b903/datanode-6/data/ratis/b43f5f30-14e3-41b2-8539-d85f55e94c75/in_use.lock acquired by nodename 8670@pr-hdds-2310-sp97z-1197097266
2019-10-21 22:01:21,529 [pool-87-thread-1] INFO  storage.RaftStorage (RaftStorage.java:format(84)) - Storage directory /workdir/hadoop-ozone/integration-test/target/test-dir/MiniOzoneClusterImpl-55d22b23-1d78-4564-93d7-1f68b9a0b903/datanode-6/data/ratis/b43f5f30-14e3-41b2-8539-d85f55e94c75 has been successfully formatted.
2019-10-21 22:01:21,529 [pool-87-thread-1] INFO  ratis.ContainerStateMachine (ContainerStateMachine.java:loadSnapshot(231)) - group-D85F55E94C75: The snapshot info is null. Setting the last applied indexto:(t:0, i:~)
2019-10-21 22:01:21,530 [pool-87-thread-1] INFO  server.RaftServerConfigKeys (ConfUtils.java:logGet(43)) - raft.server.notification.no-leader.timeout = 120s (custom)
2019-10-21 22:01:21,530 [pool-87-thread-1] INFO  server.RaftServerConfigKeys (ConfUtils.java:logGet(43)) - raft.server.log.use.memory = false (default)
2019-10-21 22:01:21,530 [pool-87-thread-1] INFO  server.RaftServerConfigKeys (ConfUtils.java:logGet(43)) - raft.server.log.purge.gap = 1000000 (custom)
2019-10-21 22:01:21,530 [pool-87-thread-1] INFO  server.RaftServerConfigKeys (ConfUtils.java:logGet(43)) - raft.server.log.appender.buffer.byte-limit = 33554432 (custom)
2019-10-21 22:01:21,530 [pool-87-thread-1] INFO  server.RaftServerConfigKeys (ConfUtils.java:logGet(43)) - raft.server.log.segment.size.max = 1048576 (custom)
2019-10-21 22:01:21,533 [pool-87-thread-1] INFO  server.RaftServerConfigKeys (ConfUtils.java:logGet(43)) - raft.server.log.segment.cache.num.max = 2 (custom)
2019-10-21 22:01:21,533 [pool-87-thread-1] INFO  segmented.SegmentedRaftLogWorker (SegmentedRaftLogWorker.java:<init>(173)) - new 756f57d6-6136-46f3-b5ea-af957dae1eda@group-D85F55E94C75-SegmentedRaftLogWorker for RaftStorage:Storage Directory /workdir/hadoop-ozone/integration-test/target/test-dir/MiniOzoneClusterImpl-55d22b23-1d78-4564-93d7-1f68b9a0b903/datanode-6/data/ratis/b43f5f30-14e3-41b2-8539-d85f55e94c75
2019-10-21 22:01:21,533 [pool-87-thread-1] INFO  server.RaftServerConfigKeys (ConfUtils.java:logGet(43)) - raft.server.log.queue.byte-limit = 2147483647 (custom)
2019-10-21 22:01:21,533 [pool-87-thread-1] INFO  server.RaftServerConfigKeys (ConfUtils.java:logGet(43)) - raft.server.log.queue.element-limit = 1024 (custom)
2019-10-21 22:01:21,533 [pool-87-thread-1] INFO  server.RaftServerConfigKeys (ConfUtils.java:logGet(43)) - raft.server.log.segment.size.max = 1048576 (custom)
2019-10-21 22:01:21,533 [pool-87-thread-1] INFO  server.RaftServerConfigKeys (ConfUtils.java:logGet(43)) - raft.server.log.preallocated.size = 16384 (custom)
2019-10-21 22:01:21,533 [pool-87-thread-1] INFO  server.RaftServerConfigKeys (ConfUtils.java:logGet(43)) - raft.server.log.write.buffer.size = 33554432 (custom)
2019-10-21 22:01:21,533 [pool-87-thread-1] INFO  server.RaftServerConfigKeys (ConfUtils.java:logGet(43)) - raft.server.log.force.sync.num = 128 (default)
2019-10-21 22:01:21,534 [pool-87-thread-1] INFO  server.RaftServerConfigKeys (ConfUtils.java:logGet(43)) - raft.server.log.statemachine.data.sync = true (default)
2019-10-21 22:01:21,534 [pool-87-thread-1] INFO  server.RaftServerConfigKeys (ConfUtils.java:logGet(43)) - raft.server.log.statemachine.data.sync.timeout = 10s (default)
2019-10-21 22:01:21,534 [pool-87-thread-1] INFO  server.RaftServerConfigKeys (ConfUtils.java:logGet(43)) - raft.server.log.statemachine.data.sync.timeout.retry = -1 (default)
2019-10-21 22:01:21,534 [pool-87-thread-1] INFO  server.RaftServerConfigKeys (ConfUtils.java:logGet(43)) - raft.server.log.statemachine.data.caching.enabled = true (custom)
2019-10-21 22:01:21,535 [pool-87-thread-1] INFO  segmented.SegmentedRaftLogWorker (SegmentedRaftLogWorker.java:lambda$new$0(128)) - 756f57d6-6136-46f3-b5ea-af957dae1eda@group-D85F55E94C75-SegmentedRaftLogWorker: flushIndex: setUnconditionally 0 -> -1
2019-10-21 22:01:21,535 [pool-87-thread-1] INFO  server.RaftServerConfigKeys (ConfUtils.java:logGet(43)) - raft.server.snapshot.auto.trigger.enabled = true (custom)
2019-10-21 22:01:21,535 [pool-87-thread-1] INFO  server.RaftServerConfigKeys (ConfUtils.java:logGet(43)) - raft.server.snapshot.auto.trigger.threshold = 10000 (custom)
2019-10-21 22:01:21,535 [pool-87-thread-1] INFO  server.RaftServerConfigKeys (ConfUtils.java:logGet(43)) - raft.server.snapshot.retention.file.num = 5 (custom)
2019-10-21 22:01:21,535 [pool-87-thread-1] INFO  server.RaftServerConfigKeys (ConfUtils.java:logGet(43)) - raft.server.retrycache.expirytime = 600000ms (custom)
2019-10-21 22:01:21,541 [pool-87-thread-1] INFO  impl.RaftServerImpl (RaftServerImpl.java:start(195)) - 756f57d6-6136-46f3-b5ea-af957dae1eda@group-D85F55E94C75: start as a follower, conf=-1: [756f57d6-6136-46f3-b5ea-af957dae1eda:192.168.34.8:33063], old=null
2019-10-21 22:01:21,541 [pool-87-thread-1] INFO  impl.RaftServerImpl (RaftServerImpl.java:setRole(184)) - 756f57d6-6136-46f3-b5ea-af957dae1eda@group-D85F55E94C75: changes role from      null to FOLLOWER at term 0 for startAsFollower
2019-10-21 22:01:21,541 [pool-87-thread-1] INFO  impl.RoleInfo (RoleInfo.java:updateAndGet(143)) - 756f57d6-6136-46f3-b5ea-af957dae1eda: start FollowerState
2019-10-21 22:01:21,541 [pool-87-thread-1] INFO  util.JmxRegister (JmxRegister.java:tryRegister(44)) - Successfully registered JMX Bean with object name Ratis:service=RaftServer,group=group-D85F55E94C75,id=756f57d6-6136-46f3-b5ea-af957dae1eda
2019-10-21 22:01:21,555 [RatisPipelineUtilsThread] INFO  pipeline.PipelineStateManager (PipelineStateManager.java:addPipeline(56)) - Created pipeline Pipeline[ Id: b43f5f30-14e3-41b2-8539-d85f55e94c75, Nodes: 756f57d6-6136-46f3-b5ea-af957dae1eda{ip: 192.168.34.8, host: pr-hdds-2310-sp97z-1197097266, networkLocation: /default-rack, certSerialId: null}, Type:RATIS, Factor:ONE, State:OPEN]
2019-10-21 22:01:21,569 [Thread-300] INFO  impl.FollowerState (FollowerState.java:run(108)) - d2d0250e-a378-4f8a-a4ff-ce07d96628f4@group-0B343ED8497F-FollowerState: change to CANDIDATE, lastRpcTime:110ms, electionTimeout:110ms
2019-10-21 22:01:21,569 [grpc-default-executor-0] INFO  impl.RaftServerProxy (RaftServerProxy.java:addNew(89)) - a36a670b-6f05-41e5-b505-2b1a8d9f1f79: addNew group-81D257CB4385:[a36a670b-6f05-41e5-b505-2b1a8d9f1f79:192.168.34.8:32869] returns group-81D257CB4385:java.util.concurrent.CompletableFuture@40feb630[Not completed]
2019-10-21 22:01:21,570 [Thread-300] INFO  impl.RoleInfo (RoleInfo.java:shutdownFollowerState(121)) - d2d0250e-a378-4f8a-a4ff-ce07d96628f4: shutdown FollowerState
2019-10-21 22:01:21,570 [Thread-300] INFO  impl.RaftServerImpl (RaftServerImpl.java:setRole(184)) - d2d0250e-a378-4f8a-a4ff-ce07d96628f4@group-0B343ED8497F: changes role from  FOLLOWER to CANDIDATE at term 0 for changeToCandidate
2019-10-21 22:01:21,570 [Thread-300] INFO  impl.RoleInfo (RoleInfo.java:updateAndGet(143)) - d2d0250e-a378-4f8a-a4ff-ce07d96628f4: start LeaderElection
2019-10-21 22:01:21,575 [pool-67-thread-1] INFO  impl.RaftServerImpl (RaftServerImpl.java:<init>(104)) - a36a670b-6f05-41e5-b505-2b1a8d9f1f79: new RaftServerImpl for group-81D257CB4385:[a36a670b-6f05-41e5-b505-2b1a8d9f1f79:192.168.34.8:32869] with ContainerStateMachine:uninitialized
2019-10-21 22:01:21,575 [pool-67-thread-1] INFO  server.RaftServerConfigKeys (ConfUtils.java:logGet(43)) - raft.server.rpc.timeout.min = 1s (custom)
2019-10-21 22:01:21,575 [pool-67-thread-1] INFO  server.RaftServerConfigKeys (ConfUtils.java:logGet(43)) - raft.server.rpc.timeout.max = 1200ms (custom)
2019-10-21 22:01:21,575 [pool-67-thread-1] INFO  server.RaftServerConfigKeys (ConfUtils.java:logGet(43)) - raft.server.rpcslowness.timeout = 120s (custom)
2019-10-21 22:01:21,575 [pool-67-thread-1] INFO  server.RaftServerConfigKeys (ConfUtils.java:logGet(43)) - raft.server.sleep.deviation.threshold = 300 (default)
2019-10-21 22:01:21,576 [pool-67-thread-1] INFO  server.RaftServerConfigKeys (ConfUtils.java:logGet(43)) - raft.server.log.appender.install.snapshot.enabled = false (custom)
2019-10-21 22:01:21,576 [pool-67-thread-1] INFO  impl.RaftServerImpl (ServerState.java:<init>(103)) - a36a670b-6f05-41e5-b505-2b1a8d9f1f79@group-81D257CB4385: ConfigurationManager, init=-1: [a36a670b-6f05-41e5-b505-2b1a8d9f1f79:192.168.34.8:32869], old=null, confs=<EMPTY_MAP>
2019-10-21 22:01:21,576 [pool-67-thread-1] INFO  server.RaftServerConfigKeys (ConfUtils.java:logGet(43)) - raft.server.storage.dir = [/workdir/hadoop-ozone/integration-test/target/test-dir/MiniOzoneClusterImpl-55d22b23-1d78-4564-93d7-1f68b9a0b903/datanode-4/data/ratis] (custom)
2019-10-21 22:01:21,576 [pool-67-thread-1] INFO  server.RaftServerConfigKeys (ConfUtils.java:logGet(43)) - raft.server.log.corruption.policy = EXCEPTION (default)
2019-10-21 22:01:21,576 [pool-67-thread-1] INFO  storage.RaftStorageDirectory (RaftStorageDirectory.java:analyzeStorage(246)) - The storage directory /workdir/hadoop-ozone/integration-test/target/test-dir/MiniOzoneClusterImpl-55d22b23-1d78-4564-93d7-1f68b9a0b903/datanode-4/data/ratis/0c2c76bd-5803-477c-81a4-81d257cb4385 does not exist. Creating ...
2019-10-21 22:01:21,588 [pool-67-thread-1] INFO  storage.RaftStorageDirectory (RaftStorageDirectory.java:tryLock(328)) - Lock on /workdir/hadoop-ozone/integration-test/target/test-dir/MiniOzoneClusterImpl-55d22b23-1d78-4564-93d7-1f68b9a0b903/datanode-4/data/ratis/0c2c76bd-5803-477c-81a4-81d257cb4385/in_use.lock acquired by nodename 8670@pr-hdds-2310-sp97z-1197097266
2019-10-21 22:01:21,588 [d2d0250e-a378-4f8a-a4ff-ce07d96628f4@group-0B343ED8497F-LeaderElection4] INFO  impl.LeaderElection (LeaderElection.java:askForVotes(178)) - d2d0250e-a378-4f8a-a4ff-ce07d96628f4@group-0B343ED8497F-LeaderElection4: begin an election at term 1 for -1: [d2d0250e-a378-4f8a-a4ff-ce07d96628f4:192.168.34.8:43170], old=null
2019-10-21 22:01:21,588 [d2d0250e-a378-4f8a-a4ff-ce07d96628f4@group-0B343ED8497F-LeaderElection4] INFO  impl.RoleInfo (RoleInfo.java:shutdownLeaderElection(134)) - d2d0250e-a378-4f8a-a4ff-ce07d96628f4: shutdown LeaderElection
2019-10-21 22:01:21,588 [d2d0250e-a378-4f8a-a4ff-ce07d96628f4@group-0B343ED8497F-LeaderElection4] INFO  impl.RaftServerImpl (RaftServerImpl.java:setRole(184)) - d2d0250e-a378-4f8a-a4ff-ce07d96628f4@group-0B343ED8497F: changes role from CANDIDATE to LEADER at term 1 for changeToLeader
2019-10-21 22:01:21,588 [d2d0250e-a378-4f8a-a4ff-ce07d96628f4@group-0B343ED8497F-LeaderElection4] INFO  impl.RaftServerImpl (ServerState.java:setLeader(256)) - d2d0250e-a378-4f8a-a4ff-ce07d96628f4@group-0B343ED8497F: change Leader from null to d2d0250e-a378-4f8a-a4ff-ce07d96628f4 at term 1 for becomeLeader, leader elected after 142ms
2019-10-21 22:01:21,589 [d2d0250e-a378-4f8a-a4ff-ce07d96628f4@group-0B343ED8497F-LeaderElection4] INFO  server.RaftServerConfigKeys (ConfUtils.java:logGet(43)) - raft.server.staging.catchup.gap = 1000 (default)
2019-10-21 22:01:21,589 [d2d0250e-a378-4f8a-a4ff-ce07d96628f4@group-0B343ED8497F-LeaderElection4] INFO  server.RaftServerConfigKeys (ConfUtils.java:logGet(43)) - raft.server.rpc.sleep.time = 25ms (default)
2019-10-21 22:01:21,590 [d2d0250e-a378-4f8a-a4ff-ce07d96628f4@group-0B343ED8497F-LeaderElection4] INFO  server.RaftServerConfigKeys (ConfUtils.java:logGet(43)) - raft.server.write.element-limit = 4096 (default)
2019-10-21 22:01:21,590 [d2d0250e-a378-4f8a-a4ff-ce07d96628f4@group-0B343ED8497F-LeaderElection4] INFO  server.RaftServerConfigKeys (ConfUtils.java:logGet(43)) - raft.server.watch.timeout = 10s (default)
2019-10-21 22:01:21,590 [d2d0250e-a378-4f8a-a4ff-ce07d96628f4@group-0B343ED8497F-LeaderElection4] INFO  server.RaftServerConfigKeys (ConfUtils.java:logGet(43)) - raft.server.watch.timeout.denomination = 1s (default)
2019-10-21 22:01:21,590 [d2d0250e-a378-4f8a-a4ff-ce07d96628f4@group-0B343ED8497F-LeaderElection4] INFO  server.RaftServerConfigKeys (ConfUtils.java:logGet(43)) - raft.server.watch.element-limit = 65536 (default)
2019-10-21 22:01:21,593 [d2d0250e-a378-4f8a-a4ff-ce07d96628f4@group-0B343ED8497F-LeaderElection4] INFO  impl.RoleInfo (RoleInfo.java:updateAndGet(143)) - d2d0250e-a378-4f8a-a4ff-ce07d96628f4: start LeaderState
2019-10-21 22:01:21,593 [d2d0250e-a378-4f8a-a4ff-ce07d96628f4@group-0B343ED8497F-LeaderElection4] INFO  segmented.SegmentedRaftLogWorker (SegmentedRaftLogWorker.java:startLogSegment(385)) - d2d0250e-a378-4f8a-a4ff-ce07d96628f4@group-0B343ED8497F-SegmentedRaftLogWorker: Starting segment from index:0
2019-10-21 22:01:21,594 [d2d0250e-a378-4f8a-a4ff-ce07d96628f4@group-0B343ED8497F-LeaderElection4] INFO  impl.RaftServerImpl (ServerState.java:setRaftConf(357)) - d2d0250e-a378-4f8a-a4ff-ce07d96628f4@group-0B343ED8497F: set configuration 0: [d2d0250e-a378-4f8a-a4ff-ce07d96628f4:192.168.34.8:43170], old=null at 0
2019-10-21 22:01:21,622 [pool-67-thread-1] INFO  storage.RaftStorage (RaftStorage.java:format(84)) - Storage directory /workdir/hadoop-ozone/integration-test/target/test-dir/MiniOzoneClusterImpl-55d22b23-1d78-4564-93d7-1f68b9a0b903/datanode-4/data/ratis/0c2c76bd-5803-477c-81a4-81d257cb4385 has been successfully formatted.
2019-10-21 22:01:21,622 [pool-67-thread-1] INFO  ratis.ContainerStateMachine (ContainerStateMachine.java:loadSnapshot(231)) - group-81D257CB4385: The snapshot info is null. Setting the last applied indexto:(t:0, i:~)
2019-10-21 22:01:21,622 [pool-67-thread-1] INFO  server.RaftServerConfigKeys (ConfUtils.java:logGet(43)) - raft.server.notification.no-leader.timeout = 120s (custom)
2019-10-21 22:01:21,622 [pool-67-thread-1] INFO  server.RaftServerConfigKeys (ConfUtils.java:logGet(43)) - raft.server.log.use.memory = false (default)
2019-10-21 22:01:21,622 [pool-67-thread-1] INFO  server.RaftServerConfigKeys (ConfUtils.java:logGet(43)) - raft.server.log.purge.gap = 1000000 (custom)
2019-10-21 22:01:21,623 [pool-67-thread-1] INFO  server.RaftServerConfigKeys (ConfUtils.java:logGet(43)) - raft.server.log.appender.buffer.byte-limit = 33554432 (custom)
2019-10-21 22:01:21,623 [pool-67-thread-1] INFO  server.RaftServerConfigKeys (ConfUtils.java:logGet(43)) - raft.server.log.segment.size.max = 1048576 (custom)
2019-10-21 22:01:21,625 [pool-67-thread-1] INFO  server.RaftServerConfigKeys (ConfUtils.java:logGet(43)) - raft.server.log.segment.cache.num.max = 2 (custom)
2019-10-21 22:01:21,625 [pool-67-thread-1] INFO  segmented.SegmentedRaftLogWorker (SegmentedRaftLogWorker.java:<init>(173)) - new a36a670b-6f05-41e5-b505-2b1a8d9f1f79@group-81D257CB4385-SegmentedRaftLogWorker for RaftStorage:Storage Directory /workdir/hadoop-ozone/integration-test/target/test-dir/MiniOzoneClusterImpl-55d22b23-1d78-4564-93d7-1f68b9a0b903/datanode-4/data/ratis/0c2c76bd-5803-477c-81a4-81d257cb4385
2019-10-21 22:01:21,625 [pool-67-thread-1] INFO  server.RaftServerConfigKeys (ConfUtils.java:logGet(43)) - raft.server.log.queue.byte-limit = 2147483647 (custom)
2019-10-21 22:01:21,625 [pool-67-thread-1] INFO  server.RaftServerConfigKeys (ConfUtils.java:logGet(43)) - raft.server.log.queue.element-limit = 1024 (custom)
2019-10-21 22:01:21,625 [pool-67-thread-1] INFO  server.RaftServerConfigKeys (ConfUtils.java:logGet(43)) - raft.server.log.segment.size.max = 1048576 (custom)
2019-10-21 22:01:21,625 [pool-67-thread-1] INFO  server.RaftServerConfigKeys (ConfUtils.java:logGet(43)) - raft.server.log.preallocated.size = 16384 (custom)
2019-10-21 22:01:21,625 [pool-67-thread-1] INFO  server.RaftServerConfigKeys (ConfUtils.java:logGet(43)) - raft.server.log.write.buffer.size = 33554432 (custom)
2019-10-21 22:01:21,625 [pool-67-thread-1] INFO  server.RaftServerConfigKeys (ConfUtils.java:logGet(43)) - raft.server.log.force.sync.num = 128 (default)
2019-10-21 22:01:21,625 [pool-67-thread-1] INFO  server.RaftServerConfigKeys (ConfUtils.java:logGet(43)) - raft.server.log.statemachine.data.sync = true (default)
2019-10-21 22:01:21,626 [pool-67-thread-1] INFO  server.RaftServerConfigKeys (ConfUtils.java:logGet(43)) - raft.server.log.statemachine.data.sync.timeout = 10s (default)
2019-10-21 22:01:21,626 [pool-67-thread-1] INFO  server.RaftServerConfigKeys (ConfUtils.java:logGet(43)) - raft.server.log.statemachine.data.sync.timeout.retry = -1 (default)
2019-10-21 22:01:21,626 [pool-67-thread-1] INFO  server.RaftServerConfigKeys (ConfUtils.java:logGet(43)) - raft.server.log.statemachine.data.caching.enabled = true (custom)
2019-10-21 22:01:21,626 [pool-67-thread-1] INFO  segmented.SegmentedRaftLogWorker (SegmentedRaftLogWorker.java:lambda$new$0(128)) - a36a670b-6f05-41e5-b505-2b1a8d9f1f79@group-81D257CB4385-SegmentedRaftLogWorker: flushIndex: setUnconditionally 0 -> -1
2019-10-21 22:01:21,627 [pool-67-thread-1] INFO  server.RaftServerConfigKeys (ConfUtils.java:logGet(43)) - raft.server.snapshot.auto.trigger.enabled = true (custom)
2019-10-21 22:01:21,627 [pool-67-thread-1] INFO  server.RaftServerConfigKeys (ConfUtils.java:logGet(43)) - raft.server.snapshot.auto.trigger.threshold = 10000 (custom)
2019-10-21 22:01:21,627 [pool-67-thread-1] INFO  server.RaftServerConfigKeys (ConfUtils.java:logGet(43)) - raft.server.snapshot.retention.file.num = 5 (custom)
2019-10-21 22:01:21,627 [pool-67-thread-1] INFO  server.RaftServerConfigKeys (ConfUtils.java:logGet(43)) - raft.server.retrycache.expirytime = 600000ms (custom)
2019-10-21 22:01:21,630 [pool-67-thread-1] INFO  impl.RaftServerImpl (RaftServerImpl.java:start(195)) - a36a670b-6f05-41e5-b505-2b1a8d9f1f79@group-81D257CB4385: start as a follower, conf=-1: [a36a670b-6f05-41e5-b505-2b1a8d9f1f79:192.168.34.8:32869], old=null
2019-10-21 22:01:21,630 [pool-67-thread-1] INFO  impl.RaftServerImpl (RaftServerImpl.java:setRole(184)) - a36a670b-6f05-41e5-b505-2b1a8d9f1f79@group-81D257CB4385: changes role from      null to FOLLOWER at term 0 for startAsFollower
2019-10-21 22:01:21,630 [pool-67-thread-1] INFO  impl.RoleInfo (RoleInfo.java:updateAndGet(143)) - a36a670b-6f05-41e5-b505-2b1a8d9f1f79: start FollowerState
2019-10-21 22:01:21,631 [pool-67-thread-1] INFO  util.JmxRegister (JmxRegister.java:tryRegister(44)) - Successfully registered JMX Bean with object name Ratis:service=RaftServer,group=group-81D257CB4385,id=a36a670b-6f05-41e5-b505-2b1a8d9f1f79
2019-10-21 22:01:21,635 [d2d0250e-a378-4f8a-a4ff-ce07d96628f4@group-0B343ED8497F-SegmentedRaftLogWorker] INFO  segmented.SegmentedRaftLogWorker (SegmentedRaftLogWorker.java:execute(576)) - d2d0250e-a378-4f8a-a4ff-ce07d96628f4@group-0B343ED8497F-SegmentedRaftLogWorker: created new log segment /workdir/hadoop-ozone/integration-test/target/test-dir/MiniOzoneClusterImpl-55d22b23-1d78-4564-93d7-1f68b9a0b903/datanode-3/data/ratis/4f17ab16-efae-43b7-929d-0b343ed8497f/current/log_inprogress_0
2019-10-21 22:01:21,642 [RatisPipelineUtilsThread] INFO  pipeline.PipelineStateManager (PipelineStateManager.java:addPipeline(56)) - Created pipeline Pipeline[ Id: 0c2c76bd-5803-477c-81a4-81d257cb4385, Nodes: a36a670b-6f05-41e5-b505-2b1a8d9f1f79{ip: 192.168.34.8, host: pr-hdds-2310-sp97z-1197097266, networkLocation: /default-rack, certSerialId: null}, Type:RATIS, Factor:ONE, State:OPEN]
2019-10-21 22:01:21,654 [grpc-default-executor-0] INFO  impl.RaftServerProxy (RaftServerProxy.java:addNew(89)) - 0edd2ec6-20bf-4809-95ac-80dc11748221: addNew group-80038C8F935E:[0edd2ec6-20bf-4809-95ac-80dc11748221:192.168.34.8:43533] returns group-80038C8F935E:java.util.concurrent.CompletableFuture@7a9f5674[Not completed]
2019-10-21 22:01:21,657 [pool-77-thread-1] INFO  impl.RaftServerImpl (RaftServerImpl.java:<init>(104)) - 0edd2ec6-20bf-4809-95ac-80dc11748221: new RaftServerImpl for group-80038C8F935E:[0edd2ec6-20bf-4809-95ac-80dc11748221:192.168.34.8:43533] with ContainerStateMachine:uninitialized
2019-10-21 22:01:21,657 [pool-77-thread-1] INFO  server.RaftServerConfigKeys (ConfUtils.java:logGet(43)) - raft.server.rpc.timeout.min = 1s (custom)
2019-10-21 22:01:21,657 [pool-77-thread-1] INFO  server.RaftServerConfigKeys (ConfUtils.java:logGet(43)) - raft.server.rpc.timeout.max = 1200ms (custom)
2019-10-21 22:01:21,658 [pool-77-thread-1] INFO  server.RaftServerConfigKeys (ConfUtils.java:logGet(43)) - raft.server.rpcslowness.timeout = 120s (custom)
2019-10-21 22:01:21,658 [pool-77-thread-1] INFO  server.RaftServerConfigKeys (ConfUtils.java:logGet(43)) - raft.server.sleep.deviation.threshold = 300 (default)
2019-10-21 22:01:21,658 [pool-77-thread-1] INFO  server.RaftServerConfigKeys (ConfUtils.java:logGet(43)) - raft.server.log.appender.install.snapshot.enabled = false (custom)
2019-10-21 22:01:21,658 [pool-77-thread-1] INFO  impl.RaftServerImpl (ServerState.java:<init>(103)) - 0edd2ec6-20bf-4809-95ac-80dc11748221@group-80038C8F935E: ConfigurationManager, init=-1: [0edd2ec6-20bf-4809-95ac-80dc11748221:192.168.34.8:43533], old=null, confs=<EMPTY_MAP>
2019-10-21 22:01:21,658 [pool-77-thread-1] INFO  server.RaftServerConfigKeys (ConfUtils.java:logGet(43)) - raft.server.storage.dir = [/workdir/hadoop-ozone/integration-test/target/test-dir/MiniOzoneClusterImpl-55d22b23-1d78-4564-93d7-1f68b9a0b903/datanode-5/data/ratis] (custom)
2019-10-21 22:01:21,658 [pool-77-thread-1] INFO  server.RaftServerConfigKeys (ConfUtils.java:logGet(43)) - raft.server.log.corruption.policy = EXCEPTION (default)
2019-10-21 22:01:21,658 [pool-77-thread-1] INFO  storage.RaftStorageDirectory (RaftStorageDirectory.java:analyzeStorage(246)) - The storage directory /workdir/hadoop-ozone/integration-test/target/test-dir/MiniOzoneClusterImpl-55d22b23-1d78-4564-93d7-1f68b9a0b903/datanode-5/data/ratis/428c8db8-9e39-4878-972e-80038c8f935e does not exist. Creating ...
2019-10-21 22:01:21,671 [pool-77-thread-1] INFO  storage.RaftStorageDirectory (RaftStorageDirectory.java:tryLock(328)) - Lock on /workdir/hadoop-ozone/integration-test/target/test-dir/MiniOzoneClusterImpl-55d22b23-1d78-4564-93d7-1f68b9a0b903/datanode-5/data/ratis/428c8db8-9e39-4878-972e-80038c8f935e/in_use.lock acquired by nodename 8670@pr-hdds-2310-sp97z-1197097266
2019-10-21 22:01:21,675 [main] INFO  ozone.MiniOzoneClusterImpl (MiniOzoneClusterImpl.java:lambda$waitForClusterToBeReady$0(147)) - Cluster is ready. Got 10 of 10 DN Heartbeats.
2019-10-21 22:01:21,684 [pool-77-thread-1] INFO  storage.RaftStorage (RaftStorage.java:format(84)) - Storage directory /workdir/hadoop-ozone/integration-test/target/test-dir/MiniOzoneClusterImpl-55d22b23-1d78-4564-93d7-1f68b9a0b903/datanode-5/data/ratis/428c8db8-9e39-4878-972e-80038c8f935e has been successfully formatted.
2019-10-21 22:01:21,685 [pool-77-thread-1] INFO  ratis.ContainerStateMachine (ContainerStateMachine.java:loadSnapshot(231)) - group-80038C8F935E: The snapshot info is null. Setting the last applied indexto:(t:0, i:~)
2019-10-21 22:01:21,685 [pool-77-thread-1] INFO  server.RaftServerConfigKeys (ConfUtils.java:logGet(43)) - raft.server.notification.no-leader.timeout = 120s (custom)
2019-10-21 22:01:21,685 [pool-77-thread-1] INFO  server.RaftServerConfigKeys (ConfUtils.java:logGet(43)) - raft.server.log.use.memory = false (default)
2019-10-21 22:01:21,685 [pool-77-thread-1] INFO  server.RaftServerConfigKeys (ConfUtils.java:logGet(43)) - raft.server.log.purge.gap = 1000000 (custom)
2019-10-21 22:01:21,685 [pool-77-thread-1] INFO  server.RaftServerConfigKeys (ConfUtils.java:logGet(43)) - raft.server.log.appender.buffer.byte-limit = 33554432 (custom)
2019-10-21 22:01:21,685 [pool-77-thread-1] INFO  server.RaftServerConfigKeys (ConfUtils.java:logGet(43)) - raft.server.log.segment.size.max = 1048576 (custom)
2019-10-21 22:01:21,685 [Thread-303] INFO  impl.FollowerState (FollowerState.java:run(108)) - 756f57d6-6136-46f3-b5ea-af957dae1eda@group-D85F55E94C75-FollowerState: change to CANDIDATE, lastRpcTime:144ms, electionTimeout:144ms
2019-10-21 22:01:21,686 [Thread-303] INFO  impl.RoleInfo (RoleInfo.java:shutdownFollowerState(121)) - 756f57d6-6136-46f3-b5ea-af957dae1eda: shutdown FollowerState
2019-10-21 22:01:21,686 [Thread-303] INFO  impl.RaftServerImpl (RaftServerImpl.java:setRole(184)) - 756f57d6-6136-46f3-b5ea-af957dae1eda@group-D85F55E94C75: changes role from  FOLLOWER to CANDIDATE at term 0 for changeToCandidate
2019-10-21 22:01:21,686 [Thread-303] INFO  impl.RoleInfo (RoleInfo.java:updateAndGet(143)) - 756f57d6-6136-46f3-b5ea-af957dae1eda: start LeaderElection
2019-10-21 22:01:21,692 [pool-77-thread-1] INFO  server.RaftServerConfigKeys (ConfUtils.java:logGet(43)) - raft.server.log.segment.cache.num.max = 2 (custom)
2019-10-21 22:01:21,692 [pool-77-thread-1] INFO  segmented.SegmentedRaftLogWorker (SegmentedRaftLogWorker.java:<init>(173)) - new 0edd2ec6-20bf-4809-95ac-80dc11748221@group-80038C8F935E-SegmentedRaftLogWorker for RaftStorage:Storage Directory /workdir/hadoop-ozone/integration-test/target/test-dir/MiniOzoneClusterImpl-55d22b23-1d78-4564-93d7-1f68b9a0b903/datanode-5/data/ratis/428c8db8-9e39-4878-972e-80038c8f935e
2019-10-21 22:01:21,692 [pool-77-thread-1] INFO  server.RaftServerConfigKeys (ConfUtils.java:logGet(43)) - raft.server.log.queue.byte-limit = 2147483647 (custom)
2019-10-21 22:01:21,692 [pool-77-thread-1] INFO  server.RaftServerConfigKeys (ConfUtils.java:logGet(43)) - raft.server.log.queue.element-limit = 1024 (custom)
2019-10-21 22:01:21,692 [pool-77-thread-1] INFO  server.RaftServerConfigKeys (ConfUtils.java:logGet(43)) - raft.server.log.segment.size.max = 1048576 (custom)
2019-10-21 22:01:21,692 [pool-77-thread-1] INFO  server.RaftServerConfigKeys (ConfUtils.java:logGet(43)) - raft.server.log.preallocated.size = 16384 (custom)
2019-10-21 22:01:21,692 [pool-77-thread-1] INFO  server.RaftServerConfigKeys (ConfUtils.java:logGet(43)) - raft.server.log.write.buffer.size = 33554432 (custom)
2019-10-21 22:01:21,692 [pool-77-thread-1] INFO  server.RaftServerConfigKeys (ConfUtils.java:logGet(43)) - raft.server.log.force.sync.num = 128 (default)
2019-10-21 22:01:21,693 [pool-77-thread-1] INFO  server.RaftServerConfigKeys (ConfUtils.java:logGet(43)) - raft.server.log.statemachine.data.sync = true (default)
2019-10-21 22:01:21,693 [pool-77-thread-1] INFO  server.RaftServerConfigKeys (ConfUtils.java:logGet(43)) - raft.server.log.statemachine.data.sync.timeout = 10s (default)
2019-10-21 22:01:21,693 [pool-77-thread-1] INFO  server.RaftServerConfigKeys (ConfUtils.java:logGet(43)) - raft.server.log.statemachine.data.sync.timeout.retry = -1 (default)
2019-10-21 22:01:21,694 [pool-77-thread-1] INFO  server.RaftServerConfigKeys (ConfUtils.java:logGet(43)) - raft.server.log.statemachine.data.caching.enabled = true (custom)
2019-10-21 22:01:21,695 [pool-77-thread-1] INFO  segmented.SegmentedRaftLogWorker (SegmentedRaftLogWorker.java:lambda$new$0(128)) - 0edd2ec6-20bf-4809-95ac-80dc11748221@group-80038C8F935E-SegmentedRaftLogWorker: flushIndex: setUnconditionally 0 -> -1
2019-10-21 22:01:21,695 [pool-77-thread-1] INFO  server.RaftServerConfigKeys (ConfUtils.java:logGet(43)) - raft.server.snapshot.auto.trigger.enabled = true (custom)
2019-10-21 22:01:21,695 [pool-77-thread-1] INFO  server.RaftServerConfigKeys (ConfUtils.java:logGet(43)) - raft.server.snapshot.auto.trigger.threshold = 10000 (custom)
2019-10-21 22:01:21,695 [pool-77-thread-1] INFO  server.RaftServerConfigKeys (ConfUtils.java:logGet(43)) - raft.server.snapshot.retention.file.num = 5 (custom)
2019-10-21 22:01:21,695 [pool-77-thread-1] INFO  server.RaftServerConfigKeys (ConfUtils.java:logGet(43)) - raft.server.retrycache.expirytime = 600000ms (custom)
2019-10-21 22:01:21,698 [pool-77-thread-1] INFO  impl.RaftServerImpl (RaftServerImpl.java:start(195)) - 0edd2ec6-20bf-4809-95ac-80dc11748221@group-80038C8F935E: start as a follower, conf=-1: [0edd2ec6-20bf-4809-95ac-80dc11748221:192.168.34.8:43533], old=null
2019-10-21 22:01:21,699 [pool-77-thread-1] INFO  impl.RaftServerImpl (RaftServerImpl.java:setRole(184)) - 0edd2ec6-20bf-4809-95ac-80dc11748221@group-80038C8F935E: changes role from      null to FOLLOWER at term 0 for startAsFollower
2019-10-21 22:01:21,699 [pool-77-thread-1] INFO  impl.RoleInfo (RoleInfo.java:updateAndGet(143)) - 0edd2ec6-20bf-4809-95ac-80dc11748221: start FollowerState
2019-10-21 22:01:21,699 [pool-77-thread-1] INFO  util.JmxRegister (JmxRegister.java:tryRegister(44)) - Successfully registered JMX Bean with object name Ratis:service=RaftServer,group=group-80038C8F935E,id=0edd2ec6-20bf-4809-95ac-80dc11748221
2019-10-21 22:01:21,704 [756f57d6-6136-46f3-b5ea-af957dae1eda@group-D85F55E94C75-LeaderElection5] INFO  impl.LeaderElection (LeaderElection.java:askForVotes(178)) - 756f57d6-6136-46f3-b5ea-af957dae1eda@group-D85F55E94C75-LeaderElection5: begin an election at term 1 for -1: [756f57d6-6136-46f3-b5ea-af957dae1eda:192.168.34.8:33063], old=null
2019-10-21 22:01:21,705 [756f57d6-6136-46f3-b5ea-af957dae1eda@group-D85F55E94C75-LeaderElection5] INFO  impl.RoleInfo (RoleInfo.java:shutdownLeaderElection(134)) - 756f57d6-6136-46f3-b5ea-af957dae1eda: shutdown LeaderElection
2019-10-21 22:01:21,707 [756f57d6-6136-46f3-b5ea-af957dae1eda@group-D85F55E94C75-LeaderElection5] INFO  impl.RaftServerImpl (RaftServerImpl.java:setRole(184)) - 756f57d6-6136-46f3-b5ea-af957dae1eda@group-D85F55E94C75: changes role from CANDIDATE to LEADER at term 1 for changeToLeader
2019-10-21 22:01:21,707 [756f57d6-6136-46f3-b5ea-af957dae1eda@group-D85F55E94C75-LeaderElection5] INFO  impl.RaftServerImpl (ServerState.java:setLeader(256)) - 756f57d6-6136-46f3-b5ea-af957dae1eda@group-D85F55E94C75: change Leader from null to 756f57d6-6136-46f3-b5ea-af957dae1eda at term 1 for becomeLeader, leader elected after 177ms
2019-10-21 22:01:21,708 [756f57d6-6136-46f3-b5ea-af957dae1eda@group-D85F55E94C75-LeaderElection5] INFO  server.RaftServerConfigKeys (ConfUtils.java:logGet(43)) - raft.server.staging.catchup.gap = 1000 (default)
2019-10-21 22:01:21,708 [756f57d6-6136-46f3-b5ea-af957dae1eda@group-D85F55E94C75-LeaderElection5] INFO  server.RaftServerConfigKeys (ConfUtils.java:logGet(43)) - raft.server.rpc.sleep.time = 25ms (default)
2019-10-21 22:01:21,714 [756f57d6-6136-46f3-b5ea-af957dae1eda@group-D85F55E94C75-LeaderElection5] INFO  server.RaftServerConfigKeys (ConfUtils.java:logGet(43)) - raft.server.write.element-limit = 4096 (default)
2019-10-21 22:01:21,715 [756f57d6-6136-46f3-b5ea-af957dae1eda@group-D85F55E94C75-LeaderElection5] INFO  server.RaftServerConfigKeys (ConfUtils.java:logGet(43)) - raft.server.watch.timeout = 10s (default)
2019-10-21 22:01:21,716 [756f57d6-6136-46f3-b5ea-af957dae1eda@group-D85F55E94C75-LeaderElection5] INFO  server.RaftServerConfigKeys (ConfUtils.java:logGet(43)) - raft.server.watch.timeout.denomination = 1s (default)
2019-10-21 22:01:21,716 [756f57d6-6136-46f3-b5ea-af957dae1eda@group-D85F55E94C75-LeaderElection5] INFO  server.RaftServerConfigKeys (ConfUtils.java:logGet(43)) - raft.server.watch.element-limit = 65536 (default)
2019-10-21 22:01:21,717 [RatisPipelineUtilsThread] INFO  pipeline.PipelineStateManager (PipelineStateManager.java:addPipeline(56)) - Created pipeline Pipeline[ Id: 428c8db8-9e39-4878-972e-80038c8f935e, Nodes: 0edd2ec6-20bf-4809-95ac-80dc11748221{ip: 192.168.34.8, host: pr-hdds-2310-sp97z-1197097266, networkLocation: /default-rack, certSerialId: null}, Type:RATIS, Factor:ONE, State:OPEN]
2019-10-21 22:01:21,721 [756f57d6-6136-46f3-b5ea-af957dae1eda@group-D85F55E94C75-LeaderElection5] INFO  impl.RoleInfo (RoleInfo.java:updateAndGet(143)) - 756f57d6-6136-46f3-b5ea-af957dae1eda: start LeaderState
2019-10-21 22:01:21,721 [756f57d6-6136-46f3-b5ea-af957dae1eda@group-D85F55E94C75-LeaderElection5] INFO  segmented.SegmentedRaftLogWorker (SegmentedRaftLogWorker.java:startLogSegment(385)) - 756f57d6-6136-46f3-b5ea-af957dae1eda@group-D85F55E94C75-SegmentedRaftLogWorker: Starting segment from index:0
2019-10-21 22:01:21,755 [Thread-312] INFO  impl.FollowerState (FollowerState.java:run(108)) - 0edd2ec6-20bf-4809-95ac-80dc11748221@group-80038C8F935E-FollowerState: change to CANDIDATE, lastRpcTime:56ms, electionTimeout:26ms
2019-10-21 22:01:21,755 [756f57d6-6136-46f3-b5ea-af957dae1eda@group-D85F55E94C75-LeaderElection5] INFO  impl.RaftServerImpl (ServerState.java:setRaftConf(357)) - 756f57d6-6136-46f3-b5ea-af957dae1eda@group-D85F55E94C75: set configuration 0: [756f57d6-6136-46f3-b5ea-af957dae1eda:192.168.34.8:33063], old=null at 0
2019-10-21 22:01:21,755 [Thread-312] INFO  impl.RoleInfo (RoleInfo.java:shutdownFollowerState(121)) - 0edd2ec6-20bf-4809-95ac-80dc11748221: shutdown FollowerState
2019-10-21 22:01:21,757 [Thread-312] INFO  impl.RaftServerImpl (RaftServerImpl.java:setRole(184)) - 0edd2ec6-20bf-4809-95ac-80dc11748221@group-80038C8F935E: changes role from  FOLLOWER to CANDIDATE at term 0 for changeToCandidate
2019-10-21 22:01:21,758 [Thread-312] INFO  impl.RoleInfo (RoleInfo.java:updateAndGet(143)) - 0edd2ec6-20bf-4809-95ac-80dc11748221: start LeaderElection
2019-10-21 22:01:21,768 [756f57d6-6136-46f3-b5ea-af957dae1eda@group-D85F55E94C75-SegmentedRaftLogWorker] INFO  segmented.SegmentedRaftLogWorker (SegmentedRaftLogWorker.java:execute(576)) - 756f57d6-6136-46f3-b5ea-af957dae1eda@group-D85F55E94C75-SegmentedRaftLogWorker: created new log segment /workdir/hadoop-ozone/integration-test/target/test-dir/MiniOzoneClusterImpl-55d22b23-1d78-4564-93d7-1f68b9a0b903/datanode-6/data/ratis/b43f5f30-14e3-41b2-8539-d85f55e94c75/current/log_inprogress_0
2019-10-21 22:01:21,768 [0edd2ec6-20bf-4809-95ac-80dc11748221@group-80038C8F935E-LeaderElection6] INFO  impl.LeaderElection (LeaderElection.java:askForVotes(178)) - 0edd2ec6-20bf-4809-95ac-80dc11748221@group-80038C8F935E-LeaderElection6: begin an election at term 1 for -1: [0edd2ec6-20bf-4809-95ac-80dc11748221:192.168.34.8:43533], old=null
2019-10-21 22:01:21,768 [grpc-default-executor-0] INFO  impl.RaftServerProxy (RaftServerProxy.java:addNew(89)) - 28432215-63ab-4c85-86e9-79fb72521e72: addNew group-6C191D71183F:[28432215-63ab-4c85-86e9-79fb72521e72:192.168.34.8:33589] returns group-6C191D71183F:java.util.concurrent.CompletableFuture@24483c9e[Not completed]
2019-10-21 22:01:21,768 [0edd2ec6-20bf-4809-95ac-80dc11748221@group-80038C8F935E-LeaderElection6] INFO  impl.RoleInfo (RoleInfo.java:shutdownLeaderElection(134)) - 0edd2ec6-20bf-4809-95ac-80dc11748221: shutdown LeaderElection
2019-10-21 22:01:21,768 [0edd2ec6-20bf-4809-95ac-80dc11748221@group-80038C8F935E-LeaderElection6] INFO  impl.RaftServerImpl (RaftServerImpl.java:setRole(184)) - 0edd2ec6-20bf-4809-95ac-80dc11748221@group-80038C8F935E: changes role from CANDIDATE to LEADER at term 1 for changeToLeader
2019-10-21 22:01:21,768 [0edd2ec6-20bf-4809-95ac-80dc11748221@group-80038C8F935E-LeaderElection6] INFO  impl.RaftServerImpl (ServerState.java:setLeader(256)) - 0edd2ec6-20bf-4809-95ac-80dc11748221@group-80038C8F935E: change Leader from null to 0edd2ec6-20bf-4809-95ac-80dc11748221 at term 1 for becomeLeader, leader elected after 83ms
2019-10-21 22:01:21,770 [0edd2ec6-20bf-4809-95ac-80dc11748221@group-80038C8F935E-LeaderElection6] INFO  server.RaftServerConfigKeys (ConfUtils.java:logGet(43)) - raft.server.staging.catchup.gap = 1000 (default)
2019-10-21 22:01:21,770 [0edd2ec6-20bf-4809-95ac-80dc11748221@group-80038C8F935E-LeaderElection6] INFO  server.RaftServerConfigKeys (ConfUtils.java:logGet(43)) - raft.server.rpc.sleep.time = 25ms (default)
2019-10-21 22:01:21,770 [0edd2ec6-20bf-4809-95ac-80dc11748221@group-80038C8F935E-LeaderElection6] INFO  server.RaftServerConfigKeys (ConfUtils.java:logGet(43)) - raft.server.write.element-limit = 4096 (default)
2019-10-21 22:01:21,770 [0edd2ec6-20bf-4809-95ac-80dc11748221@group-80038C8F935E-LeaderElection6] INFO  server.RaftServerConfigKeys (ConfUtils.java:logGet(43)) - raft.server.watch.timeout = 10s (default)
2019-10-21 22:01:21,770 [0edd2ec6-20bf-4809-95ac-80dc11748221@group-80038C8F935E-LeaderElection6] INFO  server.RaftServerConfigKeys (ConfUtils.java:logGet(43)) - raft.server.watch.timeout.denomination = 1s (default)
2019-10-21 22:01:21,771 [0edd2ec6-20bf-4809-95ac-80dc11748221@group-80038C8F935E-LeaderElection6] INFO  server.RaftServerConfigKeys (ConfUtils.java:logGet(43)) - raft.server.watch.element-limit = 65536 (default)
2019-10-21 22:01:21,779 [pool-47-thread-1] INFO  impl.RaftServerImpl (RaftServerImpl.java:<init>(104)) - 28432215-63ab-4c85-86e9-79fb72521e72: new RaftServerImpl for group-6C191D71183F:[28432215-63ab-4c85-86e9-79fb72521e72:192.168.34.8:33589] with ContainerStateMachine:uninitialized
2019-10-21 22:01:21,779 [pool-47-thread-1] INFO  server.RaftServerConfigKeys (ConfUtils.java:logGet(43)) - raft.server.rpc.timeout.min = 1s (custom)
2019-10-21 22:01:21,779 [pool-47-thread-1] INFO  server.RaftServerConfigKeys (ConfUtils.java:logGet(43)) - raft.server.rpc.timeout.max = 1200ms (custom)
2019-10-21 22:01:21,779 [pool-47-thread-1] INFO  server.RaftServerConfigKeys (ConfUtils.java:logGet(43)) - raft.server.rpcslowness.timeout = 120s (custom)
2019-10-21 22:01:21,781 [pool-47-thread-1] INFO  server.RaftServerConfigKeys (ConfUtils.java:logGet(43)) - raft.server.sleep.deviation.threshold = 300 (default)
2019-10-21 22:01:21,782 [pool-47-thread-1] INFO  server.RaftServerConfigKeys (ConfUtils.java:logGet(43)) - raft.server.log.appender.install.snapshot.enabled = false (custom)
2019-10-21 22:01:21,782 [pool-47-thread-1] INFO  impl.RaftServerImpl (ServerState.java:<init>(103)) - 28432215-63ab-4c85-86e9-79fb72521e72@group-6C191D71183F: ConfigurationManager, init=-1: [28432215-63ab-4c85-86e9-79fb72521e72:192.168.34.8:33589], old=null, confs=<EMPTY_MAP>
2019-10-21 22:01:21,782 [pool-47-thread-1] INFO  server.RaftServerConfigKeys (ConfUtils.java:logGet(43)) - raft.server.storage.dir = [/workdir/hadoop-ozone/integration-test/target/test-dir/MiniOzoneClusterImpl-55d22b23-1d78-4564-93d7-1f68b9a0b903/datanode-2/data/ratis] (custom)
2019-10-21 22:01:21,782 [pool-47-thread-1] INFO  server.RaftServerConfigKeys (ConfUtils.java:logGet(43)) - raft.server.log.corruption.policy = EXCEPTION (default)
2019-10-21 22:01:21,783 [pool-47-thread-1] INFO  storage.RaftStorageDirectory (RaftStorageDirectory.java:analyzeStorage(246)) - The storage directory /workdir/hadoop-ozone/integration-test/target/test-dir/MiniOzoneClusterImpl-55d22b23-1d78-4564-93d7-1f68b9a0b903/datanode-2/data/ratis/10428866-c30d-45c4-adf4-6c191d71183f does not exist. Creating ...
2019-10-21 22:01:21,783 [0edd2ec6-20bf-4809-95ac-80dc11748221@group-80038C8F935E-LeaderElection6] INFO  impl.RoleInfo (RoleInfo.java:updateAndGet(143)) - 0edd2ec6-20bf-4809-95ac-80dc11748221: start LeaderState
2019-10-21 22:01:21,783 [0edd2ec6-20bf-4809-95ac-80dc11748221@group-80038C8F935E-LeaderElection6] INFO  segmented.SegmentedRaftLogWorker (SegmentedRaftLogWorker.java:startLogSegment(385)) - 0edd2ec6-20bf-4809-95ac-80dc11748221@group-80038C8F935E-SegmentedRaftLogWorker: Starting segment from index:0
2019-10-21 22:01:21,784 [0edd2ec6-20bf-4809-95ac-80dc11748221@group-80038C8F935E-LeaderElection6] INFO  impl.RaftServerImpl (ServerState.java:setRaftConf(357)) - 0edd2ec6-20bf-4809-95ac-80dc11748221@group-80038C8F935E: set configuration 0: [0edd2ec6-20bf-4809-95ac-80dc11748221:192.168.34.8:43533], old=null at 0
2019-10-21 22:01:21,819 [Thread-308] INFO  impl.FollowerState (FollowerState.java:run(108)) - a36a670b-6f05-41e5-b505-2b1a8d9f1f79@group-81D257CB4385-FollowerState: change to CANDIDATE, lastRpcTime:188ms, electionTimeout:180ms
2019-10-21 22:01:21,820 [pool-47-thread-1] INFO  storage.RaftStorageDirectory (RaftStorageDirectory.java:tryLock(328)) - Lock on /workdir/hadoop-ozone/integration-test/target/test-dir/MiniOzoneClusterImpl-55d22b23-1d78-4564-93d7-1f68b9a0b903/datanode-2/data/ratis/10428866-c30d-45c4-adf4-6c191d71183f/in_use.lock acquired by nodename 8670@pr-hdds-2310-sp97z-1197097266
2019-10-21 22:01:21,823 [Thread-308] INFO  impl.RoleInfo (RoleInfo.java:shutdownFollowerState(121)) - a36a670b-6f05-41e5-b505-2b1a8d9f1f79: shutdown FollowerState
2019-10-21 22:01:21,823 [Thread-308] INFO  impl.RaftServerImpl (RaftServerImpl.java:setRole(184)) - a36a670b-6f05-41e5-b505-2b1a8d9f1f79@group-81D257CB4385: changes role from  FOLLOWER to CANDIDATE at term 0 for changeToCandidate
2019-10-21 22:01:21,823 [Thread-308] INFO  impl.RoleInfo (RoleInfo.java:updateAndGet(143)) - a36a670b-6f05-41e5-b505-2b1a8d9f1f79: start LeaderElection
2019-10-21 22:01:21,836 [0edd2ec6-20bf-4809-95ac-80dc11748221@group-80038C8F935E-SegmentedRaftLogWorker] INFO  segmented.SegmentedRaftLogWorker (SegmentedRaftLogWorker.java:execute(576)) - 0edd2ec6-20bf-4809-95ac-80dc11748221@group-80038C8F935E-SegmentedRaftLogWorker: created new log segment /workdir/hadoop-ozone/integration-test/target/test-dir/MiniOzoneClusterImpl-55d22b23-1d78-4564-93d7-1f68b9a0b903/datanode-5/data/ratis/428c8db8-9e39-4878-972e-80038c8f935e/current/log_inprogress_0
2019-10-21 22:01:21,836 [a36a670b-6f05-41e5-b505-2b1a8d9f1f79@group-81D257CB4385-LeaderElection7] INFO  impl.LeaderElection (LeaderElection.java:askForVotes(178)) - a36a670b-6f05-41e5-b505-2b1a8d9f1f79@group-81D257CB4385-LeaderElection7: begin an election at term 1 for -1: [a36a670b-6f05-41e5-b505-2b1a8d9f1f79:192.168.34.8:32869], old=null
2019-10-21 22:01:21,836 [pool-47-thread-1] INFO  storage.RaftStorage (RaftStorage.java:format(84)) - Storage directory /workdir/hadoop-ozone/integration-test/target/test-dir/MiniOzoneClusterImpl-55d22b23-1d78-4564-93d7-1f68b9a0b903/datanode-2/data/ratis/10428866-c30d-45c4-adf4-6c191d71183f has been successfully formatted.
2019-10-21 22:01:21,837 [a36a670b-6f05-41e5-b505-2b1a8d9f1f79@group-81D257CB4385-LeaderElection7] INFO  impl.RoleInfo (RoleInfo.java:shutdownLeaderElection(134)) - a36a670b-6f05-41e5-b505-2b1a8d9f1f79: shutdown LeaderElection
2019-10-21 22:01:21,837 [a36a670b-6f05-41e5-b505-2b1a8d9f1f79@group-81D257CB4385-LeaderElection7] INFO  impl.RaftServerImpl (RaftServerImpl.java:setRole(184)) - a36a670b-6f05-41e5-b505-2b1a8d9f1f79@group-81D257CB4385: changes role from CANDIDATE to LEADER at term 1 for changeToLeader
2019-10-21 22:01:21,837 [pool-47-thread-1] INFO  ratis.ContainerStateMachine (ContainerStateMachine.java:loadSnapshot(231)) - group-6C191D71183F: The snapshot info is null. Setting the last applied indexto:(t:0, i:~)
2019-10-21 22:01:21,837 [a36a670b-6f05-41e5-b505-2b1a8d9f1f79@group-81D257CB4385-LeaderElection7] INFO  impl.RaftServerImpl (ServerState.java:setLeader(256)) - a36a670b-6f05-41e5-b505-2b1a8d9f1f79@group-81D257CB4385: change Leader from null to a36a670b-6f05-41e5-b505-2b1a8d9f1f79 at term 1 for becomeLeader, leader elected after 214ms
2019-10-21 22:01:21,837 [pool-47-thread-1] INFO  server.RaftServerConfigKeys (ConfUtils.java:logGet(43)) - raft.server.notification.no-leader.timeout = 120s (custom)
2019-10-21 22:01:21,837 [a36a670b-6f05-41e5-b505-2b1a8d9f1f79@group-81D257CB4385-LeaderElection7] INFO  server.RaftServerConfigKeys (ConfUtils.java:logGet(43)) - raft.server.staging.catchup.gap = 1000 (default)
2019-10-21 22:01:21,837 [pool-47-thread-1] INFO  server.RaftServerConfigKeys (ConfUtils.java:logGet(43)) - raft.server.log.use.memory = false (default)
2019-10-21 22:01:21,838 [a36a670b-6f05-41e5-b505-2b1a8d9f1f79@group-81D257CB4385-LeaderElection7] INFO  server.RaftServerConfigKeys (ConfUtils.java:logGet(43)) - raft.server.rpc.sleep.time = 25ms (default)
2019-10-21 22:01:21,838 [pool-47-thread-1] INFO  server.RaftServerConfigKeys (ConfUtils.java:logGet(43)) - raft.server.log.purge.gap = 1000000 (custom)
2019-10-21 22:01:21,838 [pool-47-thread-1] INFO  server.RaftServerConfigKeys (ConfUtils.java:logGet(43)) - raft.server.log.appender.buffer.byte-limit = 33554432 (custom)
2019-10-21 22:01:21,838 [a36a670b-6f05-41e5-b505-2b1a8d9f1f79@group-81D257CB4385-LeaderElection7] INFO  server.RaftServerConfigKeys (ConfUtils.java:logGet(43)) - raft.server.write.element-limit = 4096 (default)
2019-10-21 22:01:21,838 [pool-47-thread-1] INFO  server.RaftServerConfigKeys (ConfUtils.java:logGet(43)) - raft.server.log.segment.size.max = 1048576 (custom)
2019-10-21 22:01:21,838 [a36a670b-6f05-41e5-b505-2b1a8d9f1f79@group-81D257CB4385-LeaderElection7] INFO  server.RaftServerConfigKeys (ConfUtils.java:logGet(43)) - raft.server.watch.timeout = 10s (default)
2019-10-21 22:01:21,838 [a36a670b-6f05-41e5-b505-2b1a8d9f1f79@group-81D257CB4385-LeaderElection7] INFO  server.RaftServerConfigKeys (ConfUtils.java:logGet(43)) - raft.server.watch.timeout.denomination = 1s (default)
2019-10-21 22:01:21,839 [a36a670b-6f05-41e5-b505-2b1a8d9f1f79@group-81D257CB4385-LeaderElection7] INFO  server.RaftServerConfigKeys (ConfUtils.java:logGet(43)) - raft.server.watch.element-limit = 65536 (default)
2019-10-21 22:01:21,842 [pool-47-thread-1] INFO  server.RaftServerConfigKeys (ConfUtils.java:logGet(43)) - raft.server.log.segment.cache.num.max = 2 (custom)
2019-10-21 22:01:21,842 [pool-47-thread-1] INFO  segmented.SegmentedRaftLogWorker (SegmentedRaftLogWorker.java:<init>(173)) - new 28432215-63ab-4c85-86e9-79fb72521e72@group-6C191D71183F-SegmentedRaftLogWorker for RaftStorage:Storage Directory /workdir/hadoop-ozone/integration-test/target/test-dir/MiniOzoneClusterImpl-55d22b23-1d78-4564-93d7-1f68b9a0b903/datanode-2/data/ratis/10428866-c30d-45c4-adf4-6c191d71183f
2019-10-21 22:01:21,842 [pool-47-thread-1] INFO  server.RaftServerConfigKeys (ConfUtils.java:logGet(43)) - raft.server.log.queue.byte-limit = 2147483647 (custom)
2019-10-21 22:01:21,842 [a36a670b-6f05-41e5-b505-2b1a8d9f1f79@group-81D257CB4385-LeaderElection7] INFO  impl.RoleInfo (RoleInfo.java:updateAndGet(143)) - a36a670b-6f05-41e5-b505-2b1a8d9f1f79: start LeaderState
2019-10-21 22:01:21,842 [pool-47-thread-1] INFO  server.RaftServerConfigKeys (ConfUtils.java:logGet(43)) - raft.server.log.queue.element-limit = 1024 (custom)
2019-10-21 22:01:21,843 [pool-47-thread-1] INFO  server.RaftServerConfigKeys (ConfUtils.java:logGet(43)) - raft.server.log.segment.size.max = 1048576 (custom)
2019-10-21 22:01:21,843 [a36a670b-6f05-41e5-b505-2b1a8d9f1f79@group-81D257CB4385-LeaderElection7] INFO  segmented.SegmentedRaftLogWorker (SegmentedRaftLogWorker.java:startLogSegment(385)) - a36a670b-6f05-41e5-b505-2b1a8d9f1f79@group-81D257CB4385-SegmentedRaftLogWorker: Starting segment from index:0
2019-10-21 22:01:21,843 [pool-47-thread-1] INFO  server.RaftServerConfigKeys (ConfUtils.java:logGet(43)) - raft.server.log.preallocated.size = 16384 (custom)
2019-10-21 22:01:21,843 [pool-47-thread-1] INFO  server.RaftServerConfigKeys (ConfUtils.java:logGet(43)) - raft.server.log.write.buffer.size = 33554432 (custom)
2019-10-21 22:01:21,843 [pool-47-thread-1] INFO  server.RaftServerConfigKeys (ConfUtils.java:logGet(43)) - raft.server.log.force.sync.num = 128 (default)
2019-10-21 22:01:21,843 [pool-47-thread-1] INFO  server.RaftServerConfigKeys (ConfUtils.java:logGet(43)) - raft.server.log.statemachine.data.sync = true (default)
2019-10-21 22:01:21,843 [a36a670b-6f05-41e5-b505-2b1a8d9f1f79@group-81D257CB4385-LeaderElection7] INFO  impl.RaftServerImpl (ServerState.java:setRaftConf(357)) - a36a670b-6f05-41e5-b505-2b1a8d9f1f79@group-81D257CB4385: set configuration 0: [a36a670b-6f05-41e5-b505-2b1a8d9f1f79:192.168.34.8:32869], old=null at 0
2019-10-21 22:01:21,843 [pool-47-thread-1] INFO  server.RaftServerConfigKeys (ConfUtils.java:logGet(43)) - raft.server.log.statemachine.data.sync.timeout = 10s (default)
2019-10-21 22:01:21,884 [pool-47-thread-1] INFO  server.RaftServerConfigKeys (ConfUtils.java:logGet(43)) - raft.server.log.statemachine.data.sync.timeout.retry = -1 (default)
2019-10-21 22:01:21,884 [pool-47-thread-1] INFO  server.RaftServerConfigKeys (ConfUtils.java:logGet(43)) - raft.server.log.statemachine.data.caching.enabled = true (custom)
2019-10-21 22:01:21,885 [pool-47-thread-1] INFO  segmented.SegmentedRaftLogWorker (SegmentedRaftLogWorker.java:lambda$new$0(128)) - 28432215-63ab-4c85-86e9-79fb72521e72@group-6C191D71183F-SegmentedRaftLogWorker: flushIndex: setUnconditionally 0 -> -1
2019-10-21 22:01:21,886 [pool-47-thread-1] INFO  server.RaftServerConfigKeys (ConfUtils.java:logGet(43)) - raft.server.snapshot.auto.trigger.enabled = true (custom)
2019-10-21 22:01:21,886 [pool-47-thread-1] INFO  server.RaftServerConfigKeys (ConfUtils.java:logGet(43)) - raft.server.snapshot.auto.trigger.threshold = 10000 (custom)
2019-10-21 22:01:21,886 [pool-47-thread-1] INFO  server.RaftServerConfigKeys (ConfUtils.java:logGet(43)) - raft.server.snapshot.retention.file.num = 5 (custom)
2019-10-21 22:01:21,886 [pool-47-thread-1] INFO  server.RaftServerConfigKeys (ConfUtils.java:logGet(43)) - raft.server.retrycache.expirytime = 600000ms (custom)
2019-10-21 22:01:21,895 [a36a670b-6f05-41e5-b505-2b1a8d9f1f79@group-81D257CB4385-SegmentedRaftLogWorker] INFO  segmented.SegmentedRaftLogWorker (SegmentedRaftLogWorker.java:execute(576)) - a36a670b-6f05-41e5-b505-2b1a8d9f1f79@group-81D257CB4385-SegmentedRaftLogWorker: created new log segment /workdir/hadoop-ozone/integration-test/target/test-dir/MiniOzoneClusterImpl-55d22b23-1d78-4564-93d7-1f68b9a0b903/datanode-4/data/ratis/0c2c76bd-5803-477c-81a4-81d257cb4385/current/log_inprogress_0
2019-10-21 22:01:21,895 [pool-47-thread-1] INFO  impl.RaftServerImpl (RaftServerImpl.java:start(195)) - 28432215-63ab-4c85-86e9-79fb72521e72@group-6C191D71183F: start as a follower, conf=-1: [28432215-63ab-4c85-86e9-79fb72521e72:192.168.34.8:33589], old=null
2019-10-21 22:01:21,896 [pool-47-thread-1] INFO  impl.RaftServerImpl (RaftServerImpl.java:setRole(184)) - 28432215-63ab-4c85-86e9-79fb72521e72@group-6C191D71183F: changes role from      null to FOLLOWER at term 0 for startAsFollower
2019-10-21 22:01:21,896 [pool-47-thread-1] INFO  impl.RoleInfo (RoleInfo.java:updateAndGet(143)) - 28432215-63ab-4c85-86e9-79fb72521e72: start FollowerState
2019-10-21 22:01:21,897 [pool-47-thread-1] INFO  util.JmxRegister (JmxRegister.java:tryRegister(44)) - Successfully registered JMX Bean with object name Ratis:service=RaftServer,group=group-6C191D71183F,id=28432215-63ab-4c85-86e9-79fb72521e72
2019-10-21 22:01:21,912 [RatisPipelineUtilsThread] INFO  pipeline.PipelineStateManager (PipelineStateManager.java:addPipeline(56)) - Created pipeline Pipeline[ Id: 10428866-c30d-45c4-adf4-6c191d71183f, Nodes: 28432215-63ab-4c85-86e9-79fb72521e72{ip: 192.168.34.8, host: pr-hdds-2310-sp97z-1197097266, networkLocation: /default-rack, certSerialId: null}, Type:RATIS, Factor:ONE, State:OPEN]
2019-10-21 22:01:21,925 [grpc-default-executor-0] INFO  impl.RaftServerProxy (RaftServerProxy.java:addNew(89)) - e152cc11-8922-4c62-a829-a835e5f58570: addNew group-B254D29705CD:[e152cc11-8922-4c62-a829-a835e5f58570:192.168.34.8:34707] returns group-B254D29705CD:java.util.concurrent.CompletableFuture@7ad8f52e[Not completed]
2019-10-21 22:01:21,927 [pool-117-thread-1] INFO  impl.RaftServerImpl (RaftServerImpl.java:<init>(104)) - e152cc11-8922-4c62-a829-a835e5f58570: new RaftServerImpl for group-B254D29705CD:[e152cc11-8922-4c62-a829-a835e5f58570:192.168.34.8:34707] with ContainerStateMachine:uninitialized
2019-10-21 22:01:21,928 [pool-117-thread-1] INFO  server.RaftServerConfigKeys (ConfUtils.java:logGet(43)) - raft.server.rpc.timeout.min = 1s (custom)
2019-10-21 22:01:21,928 [pool-117-thread-1] INFO  server.RaftServerConfigKeys (ConfUtils.java:logGet(43)) - raft.server.rpc.timeout.max = 1200ms (custom)
2019-10-21 22:01:21,928 [pool-117-thread-1] INFO  server.RaftServerConfigKeys (ConfUtils.java:logGet(43)) - raft.server.rpcslowness.timeout = 120s (custom)
2019-10-21 22:01:21,928 [pool-117-thread-1] INFO  server.RaftServerConfigKeys (ConfUtils.java:logGet(43)) - raft.server.sleep.deviation.threshold = 300 (default)
2019-10-21 22:01:21,928 [pool-117-thread-1] INFO  server.RaftServerConfigKeys (ConfUtils.java:logGet(43)) - raft.server.log.appender.install.snapshot.enabled = false (custom)
2019-10-21 22:01:21,929 [pool-117-thread-1] INFO  impl.RaftServerImpl (ServerState.java:<init>(103)) - e152cc11-8922-4c62-a829-a835e5f58570@group-B254D29705CD: ConfigurationManager, init=-1: [e152cc11-8922-4c62-a829-a835e5f58570:192.168.34.8:34707], old=null, confs=<EMPTY_MAP>
2019-10-21 22:01:21,929 [pool-117-thread-1] INFO  server.RaftServerConfigKeys (ConfUtils.java:logGet(43)) - raft.server.storage.dir = [/workdir/hadoop-ozone/integration-test/target/test-dir/MiniOzoneClusterImpl-55d22b23-1d78-4564-93d7-1f68b9a0b903/datanode-9/data/ratis] (custom)
2019-10-21 22:01:21,929 [pool-117-thread-1] INFO  server.RaftServerConfigKeys (ConfUtils.java:logGet(43)) - raft.server.log.corruption.policy = EXCEPTION (default)
2019-10-21 22:01:21,930 [pool-117-thread-1] INFO  storage.RaftStorageDirectory (RaftStorageDirectory.java:analyzeStorage(246)) - The storage directory /workdir/hadoop-ozone/integration-test/target/test-dir/MiniOzoneClusterImpl-55d22b23-1d78-4564-93d7-1f68b9a0b903/datanode-9/data/ratis/f665a793-ac47-4ff1-9400-b254d29705cd does not exist. Creating ...
2019-10-21 22:01:21,943 [pool-117-thread-1] INFO  storage.RaftStorageDirectory (RaftStorageDirectory.java:tryLock(328)) - Lock on /workdir/hadoop-ozone/integration-test/target/test-dir/MiniOzoneClusterImpl-55d22b23-1d78-4564-93d7-1f68b9a0b903/datanode-9/data/ratis/f665a793-ac47-4ff1-9400-b254d29705cd/in_use.lock acquired by nodename 8670@pr-hdds-2310-sp97z-1197097266
2019-10-21 22:01:21,958 [pool-117-thread-1] INFO  storage.RaftStorage (RaftStorage.java:format(84)) - Storage directory /workdir/hadoop-ozone/integration-test/target/test-dir/MiniOzoneClusterImpl-55d22b23-1d78-4564-93d7-1f68b9a0b903/datanode-9/data/ratis/f665a793-ac47-4ff1-9400-b254d29705cd has been successfully formatted.
2019-10-21 22:01:21,958 [pool-117-thread-1] INFO  ratis.ContainerStateMachine (ContainerStateMachine.java:loadSnapshot(231)) - group-B254D29705CD: The snapshot info is null. Setting the last applied indexto:(t:0, i:~)
2019-10-21 22:01:21,959 [pool-117-thread-1] INFO  server.RaftServerConfigKeys (ConfUtils.java:logGet(43)) - raft.server.notification.no-leader.timeout = 120s (custom)
2019-10-21 22:01:21,959 [pool-117-thread-1] INFO  server.RaftServerConfigKeys (ConfUtils.java:logGet(43)) - raft.server.log.use.memory = false (default)
2019-10-21 22:01:21,959 [pool-117-thread-1] INFO  server.RaftServerConfigKeys (ConfUtils.java:logGet(43)) - raft.server.log.purge.gap = 1000000 (custom)
2019-10-21 22:01:21,959 [pool-117-thread-1] INFO  server.RaftServerConfigKeys (ConfUtils.java:logGet(43)) - raft.server.log.appender.buffer.byte-limit = 33554432 (custom)
2019-10-21 22:01:21,959 [pool-117-thread-1] INFO  server.RaftServerConfigKeys (ConfUtils.java:logGet(43)) - raft.server.log.segment.size.max = 1048576 (custom)
2019-10-21 22:01:21,963 [pool-117-thread-1] INFO  server.RaftServerConfigKeys (ConfUtils.java:logGet(43)) - raft.server.log.segment.cache.num.max = 2 (custom)
2019-10-21 22:01:21,964 [pool-117-thread-1] INFO  segmented.SegmentedRaftLogWorker (SegmentedRaftLogWorker.java:<init>(173)) - new e152cc11-8922-4c62-a829-a835e5f58570@group-B254D29705CD-SegmentedRaftLogWorker for RaftStorage:Storage Directory /workdir/hadoop-ozone/integration-test/target/test-dir/MiniOzoneClusterImpl-55d22b23-1d78-4564-93d7-1f68b9a0b903/datanode-9/data/ratis/f665a793-ac47-4ff1-9400-b254d29705cd
2019-10-21 22:01:21,964 [pool-117-thread-1] INFO  server.RaftServerConfigKeys (ConfUtils.java:logGet(43)) - raft.server.log.queue.byte-limit = 2147483647 (custom)
2019-10-21 22:01:21,964 [pool-117-thread-1] INFO  server.RaftServerConfigKeys (ConfUtils.java:logGet(43)) - raft.server.log.queue.element-limit = 1024 (custom)
2019-10-21 22:01:21,964 [pool-117-thread-1] INFO  server.RaftServerConfigKeys (ConfUtils.java:logGet(43)) - raft.server.log.segment.size.max = 1048576 (custom)
2019-10-21 22:01:21,964 [pool-117-thread-1] INFO  server.RaftServerConfigKeys (ConfUtils.java:logGet(43)) - raft.server.log.preallocated.size = 16384 (custom)
2019-10-21 22:01:21,964 [pool-117-thread-1] INFO  server.RaftServerConfigKeys (ConfUtils.java:logGet(43)) - raft.server.log.write.buffer.size = 33554432 (custom)
2019-10-21 22:01:21,965 [pool-117-thread-1] INFO  server.RaftServerConfigKeys (ConfUtils.java:logGet(43)) - raft.server.log.force.sync.num = 128 (default)
2019-10-21 22:01:21,965 [pool-117-thread-1] INFO  server.RaftServerConfigKeys (ConfUtils.java:logGet(43)) - raft.server.log.statemachine.data.sync = true (default)
2019-10-21 22:01:21,965 [pool-117-thread-1] INFO  server.RaftServerConfigKeys (ConfUtils.java:logGet(43)) - raft.server.log.statemachine.data.sync.timeout = 10s (default)
2019-10-21 22:01:21,966 [pool-117-thread-1] INFO  server.RaftServerConfigKeys (ConfUtils.java:logGet(43)) - raft.server.log.statemachine.data.sync.timeout.retry = -1 (default)
2019-10-21 22:01:21,967 [pool-117-thread-1] INFO  server.RaftServerConfigKeys (ConfUtils.java:logGet(43)) - raft.server.log.statemachine.data.caching.enabled = true (custom)
2019-10-21 22:01:21,967 [pool-117-thread-1] INFO  segmented.SegmentedRaftLogWorker (SegmentedRaftLogWorker.java:lambda$new$0(128)) - e152cc11-8922-4c62-a829-a835e5f58570@group-B254D29705CD-SegmentedRaftLogWorker: flushIndex: setUnconditionally 0 -> -1
2019-10-21 22:01:21,968 [pool-117-thread-1] INFO  server.RaftServerConfigKeys (ConfUtils.java:logGet(43)) - raft.server.snapshot.auto.trigger.enabled = true (custom)
2019-10-21 22:01:21,968 [pool-117-thread-1] INFO  server.RaftServerConfigKeys (ConfUtils.java:logGet(43)) - raft.server.snapshot.auto.trigger.threshold = 10000 (custom)
2019-10-21 22:01:21,968 [pool-117-thread-1] INFO  server.RaftServerConfigKeys (ConfUtils.java:logGet(43)) - raft.server.snapshot.retention.file.num = 5 (custom)
2019-10-21 22:01:21,968 [pool-117-thread-1] INFO  server.RaftServerConfigKeys (ConfUtils.java:logGet(43)) - raft.server.retrycache.expirytime = 600000ms (custom)
2019-10-21 22:01:21,973 [pool-117-thread-1] INFO  impl.RaftServerImpl (RaftServerImpl.java:start(195)) - e152cc11-8922-4c62-a829-a835e5f58570@group-B254D29705CD: start as a follower, conf=-1: [e152cc11-8922-4c62-a829-a835e5f58570:192.168.34.8:34707], old=null
2019-10-21 22:01:21,973 [pool-117-thread-1] INFO  impl.RaftServerImpl (RaftServerImpl.java:setRole(184)) - e152cc11-8922-4c62-a829-a835e5f58570@group-B254D29705CD: changes role from      null to FOLLOWER at term 0 for startAsFollower
2019-10-21 22:01:21,973 [pool-117-thread-1] INFO  impl.RoleInfo (RoleInfo.java:updateAndGet(143)) - e152cc11-8922-4c62-a829-a835e5f58570: start FollowerState
2019-10-21 22:01:21,974 [pool-117-thread-1] INFO  util.JmxRegister (JmxRegister.java:tryRegister(44)) - Successfully registered JMX Bean with object name Ratis:service=RaftServer,group=group-B254D29705CD,id=e152cc11-8922-4c62-a829-a835e5f58570
2019-10-21 22:01:21,988 [RatisPipelineUtilsThread] INFO  pipeline.PipelineStateManager (PipelineStateManager.java:addPipeline(56)) - Created pipeline Pipeline[ Id: f665a793-ac47-4ff1-9400-b254d29705cd, Nodes: e152cc11-8922-4c62-a829-a835e5f58570{ip: 192.168.34.8, host: pr-hdds-2310-sp97z-1197097266, networkLocation: /default-rack, certSerialId: null}, Type:RATIS, Factor:ONE, State:OPEN]
2019-10-21 22:01:22,010 [grpc-default-executor-0] INFO  impl.RaftServerProxy (RaftServerProxy.java:addNew(89)) - a3449565-ce80-4cb6-865e-87dc6512587b: addNew group-67620659F319:[a3449565-ce80-4cb6-865e-87dc6512587b:192.168.34.8:42030] returns group-67620659F319:java.util.concurrent.CompletableFuture@6f272cbc[Not completed]
2019-10-21 22:01:22,013 [pool-107-thread-1] INFO  impl.RaftServerImpl (RaftServerImpl.java:<init>(104)) - a3449565-ce80-4cb6-865e-87dc6512587b: new RaftServerImpl for group-67620659F319:[a3449565-ce80-4cb6-865e-87dc6512587b:192.168.34.8:42030] with ContainerStateMachine:uninitialized
2019-10-21 22:01:22,013 [pool-107-thread-1] INFO  server.RaftServerConfigKeys (ConfUtils.java:logGet(43)) - raft.server.rpc.timeout.min = 1s (custom)
2019-10-21 22:01:22,013 [pool-107-thread-1] INFO  server.RaftServerConfigKeys (ConfUtils.java:logGet(43)) - raft.server.rpc.timeout.max = 1200ms (custom)
2019-10-21 22:01:22,013 [pool-107-thread-1] INFO  server.RaftServerConfigKeys (ConfUtils.java:logGet(43)) - raft.server.rpcslowness.timeout = 120s (custom)
2019-10-21 22:01:22,013 [pool-107-thread-1] INFO  server.RaftServerConfigKeys (ConfUtils.java:logGet(43)) - raft.server.sleep.deviation.threshold = 300 (default)
2019-10-21 22:01:22,014 [pool-107-thread-1] INFO  server.RaftServerConfigKeys (ConfUtils.java:logGet(43)) - raft.server.log.appender.install.snapshot.enabled = false (custom)
2019-10-21 22:01:22,014 [pool-107-thread-1] INFO  impl.RaftServerImpl (ServerState.java:<init>(103)) - a3449565-ce80-4cb6-865e-87dc6512587b@group-67620659F319: ConfigurationManager, init=-1: [a3449565-ce80-4cb6-865e-87dc6512587b:192.168.34.8:42030], old=null, confs=<EMPTY_MAP>
2019-10-21 22:01:22,014 [pool-107-thread-1] INFO  server.RaftServerConfigKeys (ConfUtils.java:logGet(43)) - raft.server.storage.dir = [/workdir/hadoop-ozone/integration-test/target/test-dir/MiniOzoneClusterImpl-55d22b23-1d78-4564-93d7-1f68b9a0b903/datanode-8/data/ratis] (custom)
2019-10-21 22:01:22,014 [pool-107-thread-1] INFO  server.RaftServerConfigKeys (ConfUtils.java:logGet(43)) - raft.server.log.corruption.policy = EXCEPTION (default)
2019-10-21 22:01:22,015 [pool-107-thread-1] INFO  storage.RaftStorageDirectory (RaftStorageDirectory.java:analyzeStorage(246)) - The storage directory /workdir/hadoop-ozone/integration-test/target/test-dir/MiniOzoneClusterImpl-55d22b23-1d78-4564-93d7-1f68b9a0b903/datanode-8/data/ratis/05707b07-c9c6-40ff-8670-67620659f319 does not exist. Creating ...
2019-10-21 22:01:22,028 [pool-107-thread-1] INFO  storage.RaftStorageDirectory (RaftStorageDirectory.java:tryLock(328)) - Lock on /workdir/hadoop-ozone/integration-test/target/test-dir/MiniOzoneClusterImpl-55d22b23-1d78-4564-93d7-1f68b9a0b903/datanode-8/data/ratis/05707b07-c9c6-40ff-8670-67620659f319/in_use.lock acquired by nodename 8670@pr-hdds-2310-sp97z-1197097266
2019-10-21 22:01:22,044 [Thread-320] INFO  impl.FollowerState (FollowerState.java:run(108)) - 28432215-63ab-4c85-86e9-79fb72521e72@group-6C191D71183F-FollowerState: change to CANDIDATE, lastRpcTime:147ms, electionTimeout:144ms
2019-10-21 22:01:22,044 [Thread-320] INFO  impl.RoleInfo (RoleInfo.java:shutdownFollowerState(121)) - 28432215-63ab-4c85-86e9-79fb72521e72: shutdown FollowerState
2019-10-21 22:01:22,044 [Thread-320] INFO  impl.RaftServerImpl (RaftServerImpl.java:setRole(184)) - 28432215-63ab-4c85-86e9-79fb72521e72@group-6C191D71183F: changes role from  FOLLOWER to CANDIDATE at term 0 for changeToCandidate
2019-10-21 22:01:22,045 [Thread-320] INFO  impl.RoleInfo (RoleInfo.java:updateAndGet(143)) - 28432215-63ab-4c85-86e9-79fb72521e72: start LeaderElection
2019-10-21 22:01:22,048 [pool-107-thread-1] INFO  storage.RaftStorage (RaftStorage.java:format(84)) - Storage directory /workdir/hadoop-ozone/integration-test/target/test-dir/MiniOzoneClusterImpl-55d22b23-1d78-4564-93d7-1f68b9a0b903/datanode-8/data/ratis/05707b07-c9c6-40ff-8670-67620659f319 has been successfully formatted.
2019-10-21 22:01:22,049 [pool-107-thread-1] INFO  ratis.ContainerStateMachine (ContainerStateMachine.java:loadSnapshot(231)) - group-67620659F319: The snapshot info is null. Setting the last applied indexto:(t:0, i:~)
2019-10-21 22:01:22,049 [pool-107-thread-1] INFO  server.RaftServerConfigKeys (ConfUtils.java:logGet(43)) - raft.server.notification.no-leader.timeout = 120s (custom)
2019-10-21 22:01:22,050 [pool-107-thread-1] INFO  server.RaftServerConfigKeys (ConfUtils.java:logGet(43)) - raft.server.log.use.memory = false (default)
2019-10-21 22:01:22,050 [pool-107-thread-1] INFO  server.RaftServerConfigKeys (ConfUtils.java:logGet(43)) - raft.server.log.purge.gap = 1000000 (custom)
2019-10-21 22:01:22,051 [pool-107-thread-1] INFO  server.RaftServerConfigKeys (ConfUtils.java:logGet(43)) - raft.server.log.appender.buffer.byte-limit = 33554432 (custom)
2019-10-21 22:01:22,051 [pool-107-thread-1] INFO  server.RaftServerConfigKeys (ConfUtils.java:logGet(43)) - raft.server.log.segment.size.max = 1048576 (custom)
2019-10-21 22:01:22,057 [28432215-63ab-4c85-86e9-79fb72521e72@group-6C191D71183F-LeaderElection8] INFO  impl.LeaderElection (LeaderElection.java:askForVotes(178)) - 28432215-63ab-4c85-86e9-79fb72521e72@group-6C191D71183F-LeaderElection8: begin an election at term 1 for -1: [28432215-63ab-4c85-86e9-79fb72521e72:192.168.34.8:33589], old=null
2019-10-21 22:01:22,057 [28432215-63ab-4c85-86e9-79fb72521e72@group-6C191D71183F-LeaderElection8] INFO  impl.RoleInfo (RoleInfo.java:shutdownLeaderElection(134)) - 28432215-63ab-4c85-86e9-79fb72521e72: shutdown LeaderElection
2019-10-21 22:01:22,057 [28432215-63ab-4c85-86e9-79fb72521e72@group-6C191D71183F-LeaderElection8] INFO  impl.RaftServerImpl (RaftServerImpl.java:setRole(184)) - 28432215-63ab-4c85-86e9-79fb72521e72@group-6C191D71183F: changes role from CANDIDATE to LEADER at term 1 for changeToLeader
2019-10-21 22:01:22,057 [28432215-63ab-4c85-86e9-79fb72521e72@group-6C191D71183F-LeaderElection8] INFO  impl.RaftServerImpl (ServerState.java:setLeader(256)) - 28432215-63ab-4c85-86e9-79fb72521e72@group-6C191D71183F: change Leader from null to 28432215-63ab-4c85-86e9-79fb72521e72 at term 1 for becomeLeader, leader elected after 220ms
2019-10-21 22:01:22,057 [pool-107-thread-1] INFO  server.RaftServerConfigKeys (ConfUtils.java:logGet(43)) - raft.server.log.segment.cache.num.max = 2 (custom)
2019-10-21 22:01:22,057 [28432215-63ab-4c85-86e9-79fb72521e72@group-6C191D71183F-LeaderElection8] INFO  server.RaftServerConfigKeys (ConfUtils.java:logGet(43)) - raft.server.staging.catchup.gap = 1000 (default)
2019-10-21 22:01:22,058 [pool-107-thread-1] INFO  segmented.SegmentedRaftLogWorker (SegmentedRaftLogWorker.java:<init>(173)) - new a3449565-ce80-4cb6-865e-87dc6512587b@group-67620659F319-SegmentedRaftLogWorker for RaftStorage:Storage Directory /workdir/hadoop-ozone/integration-test/target/test-dir/MiniOzoneClusterImpl-55d22b23-1d78-4564-93d7-1f68b9a0b903/datanode-8/data/ratis/05707b07-c9c6-40ff-8670-67620659f319
2019-10-21 22:01:22,058 [28432215-63ab-4c85-86e9-79fb72521e72@group-6C191D71183F-LeaderElection8] INFO  server.RaftServerConfigKeys (ConfUtils.java:logGet(43)) - raft.server.rpc.sleep.time = 25ms (default)
2019-10-21 22:01:22,058 [pool-107-thread-1] INFO  server.RaftServerConfigKeys (ConfUtils.java:logGet(43)) - raft.server.log.queue.byte-limit = 2147483647 (custom)
2019-10-21 22:01:22,058 [28432215-63ab-4c85-86e9-79fb72521e72@group-6C191D71183F-LeaderElection8] INFO  server.RaftServerConfigKeys (ConfUtils.java:logGet(43)) - raft.server.write.element-limit = 4096 (default)
2019-10-21 22:01:22,058 [pool-107-thread-1] INFO  server.RaftServerConfigKeys (ConfUtils.java:logGet(43)) - raft.server.log.queue.element-limit = 1024 (custom)
2019-10-21 22:01:22,058 [28432215-63ab-4c85-86e9-79fb72521e72@group-6C191D71183F-LeaderElection8] INFO  server.RaftServerConfigKeys (ConfUtils.java:logGet(43)) - raft.server.watch.timeout = 10s (default)
2019-10-21 22:01:22,058 [pool-107-thread-1] INFO  server.RaftServerConfigKeys (ConfUtils.java:logGet(43)) - raft.server.log.segment.size.max = 1048576 (custom)
2019-10-21 22:01:22,058 [28432215-63ab-4c85-86e9-79fb72521e72@group-6C191D71183F-LeaderElection8] INFO  server.RaftServerConfigKeys (ConfUtils.java:logGet(43)) - raft.server.watch.timeout.denomination = 1s (default)
2019-10-21 22:01:22,059 [pool-107-thread-1] INFO  server.RaftServerConfigKeys (ConfUtils.java:logGet(43)) - raft.server.log.preallocated.size = 16384 (custom)
2019-10-21 22:01:22,059 [28432215-63ab-4c85-86e9-79fb72521e72@group-6C191D71183F-LeaderElection8] INFO  server.RaftServerConfigKeys (ConfUtils.java:logGet(43)) - raft.server.watch.element-limit = 65536 (default)
2019-10-21 22:01:22,059 [pool-107-thread-1] INFO  server.RaftServerConfigKeys (ConfUtils.java:logGet(43)) - raft.server.log.write.buffer.size = 33554432 (custom)
2019-10-21 22:01:22,059 [pool-107-thread-1] INFO  server.RaftServerConfigKeys (ConfUtils.java:logGet(43)) - raft.server.log.force.sync.num = 128 (default)
2019-10-21 22:01:22,059 [pool-107-thread-1] INFO  server.RaftServerConfigKeys (ConfUtils.java:logGet(43)) - raft.server.log.statemachine.data.sync = true (default)
2019-10-21 22:01:22,059 [pool-107-thread-1] INFO  server.RaftServerConfigKeys (ConfUtils.java:logGet(43)) - raft.server.log.statemachine.data.sync.timeout = 10s (default)
2019-10-21 22:01:22,059 [pool-107-thread-1] INFO  server.RaftServerConfigKeys (ConfUtils.java:logGet(43)) - raft.server.log.statemachine.data.sync.timeout.retry = -1 (default)
2019-10-21 22:01:22,060 [pool-107-thread-1] INFO  server.RaftServerConfigKeys (ConfUtils.java:logGet(43)) - raft.server.log.statemachine.data.caching.enabled = true (custom)
2019-10-21 22:01:22,060 [pool-107-thread-1] INFO  segmented.SegmentedRaftLogWorker (SegmentedRaftLogWorker.java:lambda$new$0(128)) - a3449565-ce80-4cb6-865e-87dc6512587b@group-67620659F319-SegmentedRaftLogWorker: flushIndex: setUnconditionally 0 -> -1
2019-10-21 22:01:22,061 [pool-107-thread-1] INFO  server.RaftServerConfigKeys (ConfUtils.java:logGet(43)) - raft.server.snapshot.auto.trigger.enabled = true (custom)
2019-10-21 22:01:22,061 [pool-107-thread-1] INFO  server.RaftServerConfigKeys (ConfUtils.java:logGet(43)) - raft.server.snapshot.auto.trigger.threshold = 10000 (custom)
2019-10-21 22:01:22,061 [pool-107-thread-1] INFO  server.RaftServerConfigKeys (ConfUtils.java:logGet(43)) - raft.server.snapshot.retention.file.num = 5 (custom)
2019-10-21 22:01:22,061 [pool-107-thread-1] INFO  server.RaftServerConfigKeys (ConfUtils.java:logGet(43)) - raft.server.retrycache.expirytime = 600000ms (custom)
2019-10-21 22:01:22,061 [28432215-63ab-4c85-86e9-79fb72521e72@group-6C191D71183F-LeaderElection8] INFO  impl.RoleInfo (RoleInfo.java:updateAndGet(143)) - 28432215-63ab-4c85-86e9-79fb72521e72: start LeaderState
2019-10-21 22:01:22,062 [28432215-63ab-4c85-86e9-79fb72521e72@group-6C191D71183F-LeaderElection8] INFO  segmented.SegmentedRaftLogWorker (SegmentedRaftLogWorker.java:startLogSegment(385)) - 28432215-63ab-4c85-86e9-79fb72521e72@group-6C191D71183F-SegmentedRaftLogWorker: Starting segment from index:0
2019-10-21 22:01:22,062 [28432215-63ab-4c85-86e9-79fb72521e72@group-6C191D71183F-LeaderElection8] INFO  impl.RaftServerImpl (ServerState.java:setRaftConf(357)) - 28432215-63ab-4c85-86e9-79fb72521e72@group-6C191D71183F: set configuration 0: [28432215-63ab-4c85-86e9-79fb72521e72:192.168.34.8:33589], old=null at 0
2019-10-21 22:01:22,100 [pool-107-thread-1] INFO  impl.RaftServerImpl (RaftServerImpl.java:start(195)) - a3449565-ce80-4cb6-865e-87dc6512587b@group-67620659F319: start as a follower, conf=-1: [a3449565-ce80-4cb6-865e-87dc6512587b:192.168.34.8:42030], old=null
2019-10-21 22:01:22,100 [pool-107-thread-1] INFO  impl.RaftServerImpl (RaftServerImpl.java:setRole(184)) - a3449565-ce80-4cb6-865e-87dc6512587b@group-67620659F319: changes role from      null to FOLLOWER at term 0 for startAsFollower
2019-10-21 22:01:22,101 [pool-107-thread-1] INFO  impl.RoleInfo (RoleInfo.java:updateAndGet(143)) - a3449565-ce80-4cb6-865e-87dc6512587b: start FollowerState
2019-10-21 22:01:22,101 [pool-107-thread-1] INFO  util.JmxRegister (JmxRegister.java:tryRegister(44)) - Successfully registered JMX Bean with object name Ratis:service=RaftServer,group=group-67620659F319,id=a3449565-ce80-4cb6-865e-87dc6512587b
2019-10-21 22:01:22,108 [28432215-63ab-4c85-86e9-79fb72521e72@group-6C191D71183F-SegmentedRaftLogWorker] INFO  segmented.SegmentedRaftLogWorker (SegmentedRaftLogWorker.java:execute(576)) - 28432215-63ab-4c85-86e9-79fb72521e72@group-6C191D71183F-SegmentedRaftLogWorker: created new log segment /workdir/hadoop-ozone/integration-test/target/test-dir/MiniOzoneClusterImpl-55d22b23-1d78-4564-93d7-1f68b9a0b903/datanode-2/data/ratis/10428866-c30d-45c4-adf4-6c191d71183f/current/log_inprogress_0
2019-10-21 22:01:22,115 [RatisPipelineUtilsThread] INFO  pipeline.PipelineStateManager (PipelineStateManager.java:addPipeline(56)) - Created pipeline Pipeline[ Id: 05707b07-c9c6-40ff-8670-67620659f319, Nodes: a3449565-ce80-4cb6-865e-87dc6512587b{ip: 192.168.34.8, host: pr-hdds-2310-sp97z-1197097266, networkLocation: /default-rack, certSerialId: null}, Type:RATIS, Factor:ONE, State:OPEN]
2019-10-21 22:01:22,136 [grpc-default-executor-1] INFO  impl.RaftServerProxy (RaftServerProxy.java:addNew(89)) - f2d88f4a-90c5-4f7b-9da8-5a827903dfc6: addNew group-82AD40169C32:[f2d88f4a-90c5-4f7b-9da8-5a827903dfc6:192.168.34.8:35483, eb218cae-34fb-4b75-a560-8fba2ee61629:192.168.34.8:34887, 1d0c6007-e48f-4ec0-bdc7-6df2bfd38833:192.168.34.8:33242] returns group-82AD40169C32:java.util.concurrent.CompletableFuture@33e346c5[Not completed]
2019-10-21 22:01:22,138 [grpc-default-executor-2] INFO  impl.RaftServerProxy (RaftServerProxy.java:addNew(89)) - eb218cae-34fb-4b75-a560-8fba2ee61629: addNew group-82AD40169C32:[f2d88f4a-90c5-4f7b-9da8-5a827903dfc6:192.168.34.8:35483, eb218cae-34fb-4b75-a560-8fba2ee61629:192.168.34.8:34887, 1d0c6007-e48f-4ec0-bdc7-6df2bfd38833:192.168.34.8:33242] returns group-82AD40169C32:java.util.concurrent.CompletableFuture@386eedb6[Not completed]
2019-10-21 22:01:22,141 [grpc-default-executor-1] INFO  impl.RaftServerProxy (RaftServerProxy.java:addNew(89)) - 1d0c6007-e48f-4ec0-bdc7-6df2bfd38833: addNew group-82AD40169C32:[f2d88f4a-90c5-4f7b-9da8-5a827903dfc6:192.168.34.8:35483, eb218cae-34fb-4b75-a560-8fba2ee61629:192.168.34.8:34887, 1d0c6007-e48f-4ec0-bdc7-6df2bfd38833:192.168.34.8:33242] returns group-82AD40169C32:java.util.concurrent.CompletableFuture@37dcc461[Not completed]
2019-10-21 22:01:22,141 [pool-97-thread-1] INFO  impl.RaftServerImpl (RaftServerImpl.java:<init>(104)) - f2d88f4a-90c5-4f7b-9da8-5a827903dfc6: new RaftServerImpl for group-82AD40169C32:[f2d88f4a-90c5-4f7b-9da8-5a827903dfc6:192.168.34.8:35483, eb218cae-34fb-4b75-a560-8fba2ee61629:192.168.34.8:34887, 1d0c6007-e48f-4ec0-bdc7-6df2bfd38833:192.168.34.8:33242] with ContainerStateMachine:uninitialized
2019-10-21 22:01:22,141 [pool-97-thread-1] INFO  server.RaftServerConfigKeys (ConfUtils.java:logGet(43)) - raft.server.rpc.timeout.min = 1s (custom)
2019-10-21 22:01:22,141 [pool-97-thread-1] INFO  server.RaftServerConfigKeys (ConfUtils.java:logGet(43)) - raft.server.rpc.timeout.max = 1200ms (custom)
2019-10-21 22:01:22,142 [pool-97-thread-1] INFO  server.RaftServerConfigKeys (ConfUtils.java:logGet(43)) - raft.server.rpcslowness.timeout = 120s (custom)
2019-10-21 22:01:22,142 [pool-97-thread-1] INFO  server.RaftServerConfigKeys (ConfUtils.java:logGet(43)) - raft.server.sleep.deviation.threshold = 300 (default)
2019-10-21 22:01:22,142 [pool-97-thread-1] INFO  server.RaftServerConfigKeys (ConfUtils.java:logGet(43)) - raft.server.log.appender.install.snapshot.enabled = false (custom)
2019-10-21 22:01:22,142 [pool-97-thread-1] INFO  impl.RaftServerImpl (ServerState.java:<init>(103)) - f2d88f4a-90c5-4f7b-9da8-5a827903dfc6@group-82AD40169C32: ConfigurationManager, init=-1: [f2d88f4a-90c5-4f7b-9da8-5a827903dfc6:192.168.34.8:35483, eb218cae-34fb-4b75-a560-8fba2ee61629:192.168.34.8:34887, 1d0c6007-e48f-4ec0-bdc7-6df2bfd38833:192.168.34.8:33242], old=null, confs=<EMPTY_MAP>
2019-10-21 22:01:22,142 [pool-97-thread-1] INFO  server.RaftServerConfigKeys (ConfUtils.java:logGet(43)) - raft.server.storage.dir = [/workdir/hadoop-ozone/integration-test/target/test-dir/MiniOzoneClusterImpl-55d22b23-1d78-4564-93d7-1f68b9a0b903/datanode-7/data/ratis] (custom)
2019-10-21 22:01:22,142 [pool-97-thread-1] INFO  server.RaftServerConfigKeys (ConfUtils.java:logGet(43)) - raft.server.log.corruption.policy = EXCEPTION (default)
2019-10-21 22:01:22,142 [pool-37-thread-1] INFO  impl.RaftServerImpl (RaftServerImpl.java:<init>(104)) - eb218cae-34fb-4b75-a560-8fba2ee61629: new RaftServerImpl for group-82AD40169C32:[f2d88f4a-90c5-4f7b-9da8-5a827903dfc6:192.168.34.8:35483, eb218cae-34fb-4b75-a560-8fba2ee61629:192.168.34.8:34887, 1d0c6007-e48f-4ec0-bdc7-6df2bfd38833:192.168.34.8:33242] with ContainerStateMachine:uninitialized
2019-10-21 22:01:22,143 [pool-97-thread-1] INFO  storage.RaftStorageDirectory (RaftStorageDirectory.java:analyzeStorage(246)) - The storage directory /workdir/hadoop-ozone/integration-test/target/test-dir/MiniOzoneClusterImpl-55d22b23-1d78-4564-93d7-1f68b9a0b903/datanode-7/data/ratis/cd3b640d-a296-49d1-813b-82ad40169c32 does not exist. Creating ...
2019-10-21 22:01:22,143 [pool-37-thread-1] INFO  server.RaftServerConfigKeys (ConfUtils.java:logGet(43)) - raft.server.rpc.timeout.min = 1s (custom)
2019-10-21 22:01:22,143 [pool-37-thread-1] INFO  server.RaftServerConfigKeys (ConfUtils.java:logGet(43)) - raft.server.rpc.timeout.max = 1200ms (custom)
2019-10-21 22:01:22,143 [pool-37-thread-1] INFO  server.RaftServerConfigKeys (ConfUtils.java:logGet(43)) - raft.server.rpcslowness.timeout = 120s (custom)
2019-10-21 22:01:22,143 [pool-37-thread-1] INFO  server.RaftServerConfigKeys (ConfUtils.java:logGet(43)) - raft.server.sleep.deviation.threshold = 300 (default)
2019-10-21 22:01:22,143 [pool-37-thread-1] INFO  server.RaftServerConfigKeys (ConfUtils.java:logGet(43)) - raft.server.log.appender.install.snapshot.enabled = false (custom)
2019-10-21 22:01:22,143 [pool-37-thread-1] INFO  impl.RaftServerImpl (ServerState.java:<init>(103)) - eb218cae-34fb-4b75-a560-8fba2ee61629@group-82AD40169C32: ConfigurationManager, init=-1: [f2d88f4a-90c5-4f7b-9da8-5a827903dfc6:192.168.34.8:35483, eb218cae-34fb-4b75-a560-8fba2ee61629:192.168.34.8:34887, 1d0c6007-e48f-4ec0-bdc7-6df2bfd38833:192.168.34.8:33242], old=null, confs=<EMPTY_MAP>
2019-10-21 22:01:22,144 [pool-27-thread-1] INFO  impl.RaftServerImpl (RaftServerImpl.java:<init>(104)) - 1d0c6007-e48f-4ec0-bdc7-6df2bfd38833: new RaftServerImpl for group-82AD40169C32:[f2d88f4a-90c5-4f7b-9da8-5a827903dfc6:192.168.34.8:35483, eb218cae-34fb-4b75-a560-8fba2ee61629:192.168.34.8:34887, 1d0c6007-e48f-4ec0-bdc7-6df2bfd38833:192.168.34.8:33242] with ContainerStateMachine:uninitialized
2019-10-21 22:01:22,144 [pool-37-thread-1] INFO  server.RaftServerConfigKeys (ConfUtils.java:logGet(43)) - raft.server.storage.dir = [/workdir/hadoop-ozone/integration-test/target/test-dir/MiniOzoneClusterImpl-55d22b23-1d78-4564-93d7-1f68b9a0b903/datanode-1/data/ratis] (custom)
2019-10-21 22:01:22,144 [pool-27-thread-1] INFO  server.RaftServerConfigKeys (ConfUtils.java:logGet(43)) - raft.server.rpc.timeout.min = 1s (custom)
2019-10-21 22:01:22,144 [pool-37-thread-1] INFO  server.RaftServerConfigKeys (ConfUtils.java:logGet(43)) - raft.server.log.corruption.policy = EXCEPTION (default)
2019-10-21 22:01:22,144 [pool-27-thread-1] INFO  server.RaftServerConfigKeys (ConfUtils.java:logGet(43)) - raft.server.rpc.timeout.max = 1200ms (custom)
2019-10-21 22:01:22,144 [pool-37-thread-1] INFO  storage.RaftStorageDirectory (RaftStorageDirectory.java:analyzeStorage(246)) - The storage directory /workdir/hadoop-ozone/integration-test/target/test-dir/MiniOzoneClusterImpl-55d22b23-1d78-4564-93d7-1f68b9a0b903/datanode-1/data/ratis/cd3b640d-a296-49d1-813b-82ad40169c32 does not exist. Creating ...
2019-10-21 22:01:22,144 [pool-27-thread-1] INFO  server.RaftServerConfigKeys (ConfUtils.java:logGet(43)) - raft.server.rpcslowness.timeout = 120s (custom)
2019-10-21 22:01:22,145 [pool-27-thread-1] INFO  server.RaftServerConfigKeys (ConfUtils.java:logGet(43)) - raft.server.sleep.deviation.threshold = 300 (default)
2019-10-21 22:01:22,145 [pool-27-thread-1] INFO  server.RaftServerConfigKeys (ConfUtils.java:logGet(43)) - raft.server.log.appender.install.snapshot.enabled = false (custom)
2019-10-21 22:01:22,145 [pool-27-thread-1] INFO  impl.RaftServerImpl (ServerState.java:<init>(103)) - 1d0c6007-e48f-4ec0-bdc7-6df2bfd38833@group-82AD40169C32: ConfigurationManager, init=-1: [f2d88f4a-90c5-4f7b-9da8-5a827903dfc6:192.168.34.8:35483, eb218cae-34fb-4b75-a560-8fba2ee61629:192.168.34.8:34887, 1d0c6007-e48f-4ec0-bdc7-6df2bfd38833:192.168.34.8:33242], old=null, confs=<EMPTY_MAP>
2019-10-21 22:01:22,145 [pool-27-thread-1] INFO  server.RaftServerConfigKeys (ConfUtils.java:logGet(43)) - raft.server.storage.dir = [/workdir/hadoop-ozone/integration-test/target/test-dir/MiniOzoneClusterImpl-55d22b23-1d78-4564-93d7-1f68b9a0b903/datanode-0/data/ratis] (custom)
2019-10-21 22:01:22,146 [pool-27-thread-1] INFO  server.RaftServerConfigKeys (ConfUtils.java:logGet(43)) - raft.server.log.corruption.policy = EXCEPTION (default)
2019-10-21 22:01:22,146 [pool-27-thread-1] INFO  storage.RaftStorageDirectory (RaftStorageDirectory.java:analyzeStorage(246)) - The storage directory /workdir/hadoop-ozone/integration-test/target/test-dir/MiniOzoneClusterImpl-55d22b23-1d78-4564-93d7-1f68b9a0b903/datanode-0/data/ratis/cd3b640d-a296-49d1-813b-82ad40169c32 does not exist. Creating ...
2019-10-21 22:01:22,156 [Thread-323] INFO  impl.FollowerState (FollowerState.java:run(108)) - e152cc11-8922-4c62-a829-a835e5f58570@group-B254D29705CD-FollowerState: change to CANDIDATE, lastRpcTime:182ms, electionTimeout:182ms
2019-10-21 22:01:22,156 [pool-97-thread-1] INFO  storage.RaftStorageDirectory (RaftStorageDirectory.java:tryLock(328)) - Lock on /workdir/hadoop-ozone/integration-test/target/test-dir/MiniOzoneClusterImpl-55d22b23-1d78-4564-93d7-1f68b9a0b903/datanode-7/data/ratis/cd3b640d-a296-49d1-813b-82ad40169c32/in_use.lock acquired by nodename 8670@pr-hdds-2310-sp97z-1197097266
2019-10-21 22:01:22,156 [pool-27-thread-1] INFO  storage.RaftStorageDirectory (RaftStorageDirectory.java:tryLock(328)) - Lock on /workdir/hadoop-ozone/integration-test/target/test-dir/MiniOzoneClusterImpl-55d22b23-1d78-4564-93d7-1f68b9a0b903/datanode-0/data/ratis/cd3b640d-a296-49d1-813b-82ad40169c32/in_use.lock acquired by nodename 8670@pr-hdds-2310-sp97z-1197097266
2019-10-21 22:01:22,156 [pool-37-thread-1] INFO  storage.RaftStorageDirectory (RaftStorageDirectory.java:tryLock(328)) - Lock on /workdir/hadoop-ozone/integration-test/target/test-dir/MiniOzoneClusterImpl-55d22b23-1d78-4564-93d7-1f68b9a0b903/datanode-1/data/ratis/cd3b640d-a296-49d1-813b-82ad40169c32/in_use.lock acquired by nodename 8670@pr-hdds-2310-sp97z-1197097266
2019-10-21 22:01:22,156 [Thread-323] INFO  impl.RoleInfo (RoleInfo.java:shutdownFollowerState(121)) - e152cc11-8922-4c62-a829-a835e5f58570: shutdown FollowerState
2019-10-21 22:01:22,157 [Thread-323] INFO  impl.RaftServerImpl (RaftServerImpl.java:setRole(184)) - e152cc11-8922-4c62-a829-a835e5f58570@group-B254D29705CD: changes role from  FOLLOWER to CANDIDATE at term 0 for changeToCandidate
2019-10-21 22:01:22,157 [Thread-323] INFO  impl.RoleInfo (RoleInfo.java:updateAndGet(143)) - e152cc11-8922-4c62-a829-a835e5f58570: start LeaderElection
2019-10-21 22:01:22,170 [pool-97-thread-1] INFO  storage.RaftStorage (RaftStorage.java:format(84)) - Storage directory /workdir/hadoop-ozone/integration-test/target/test-dir/MiniOzoneClusterImpl-55d22b23-1d78-4564-93d7-1f68b9a0b903/datanode-7/data/ratis/cd3b640d-a296-49d1-813b-82ad40169c32 has been successfully formatted.
2019-10-21 22:01:22,170 [e152cc11-8922-4c62-a829-a835e5f58570@group-B254D29705CD-LeaderElection9] INFO  impl.LeaderElection (LeaderElection.java:askForVotes(178)) - e152cc11-8922-4c62-a829-a835e5f58570@group-B254D29705CD-LeaderElection9: begin an election at term 1 for -1: [e152cc11-8922-4c62-a829-a835e5f58570:192.168.34.8:34707], old=null
2019-10-21 22:01:22,170 [pool-37-thread-1] INFO  storage.RaftStorage (RaftStorage.java:format(84)) - Storage directory /workdir/hadoop-ozone/integration-test/target/test-dir/MiniOzoneClusterImpl-55d22b23-1d78-4564-93d7-1f68b9a0b903/datanode-1/data/ratis/cd3b640d-a296-49d1-813b-82ad40169c32 has been successfully formatted.
2019-10-21 22:01:22,170 [pool-27-thread-1] INFO  storage.RaftStorage (RaftStorage.java:format(84)) - Storage directory /workdir/hadoop-ozone/integration-test/target/test-dir/MiniOzoneClusterImpl-55d22b23-1d78-4564-93d7-1f68b9a0b903/datanode-0/data/ratis/cd3b640d-a296-49d1-813b-82ad40169c32 has been successfully formatted.
2019-10-21 22:01:22,170 [pool-37-thread-1] INFO  ratis.ContainerStateMachine (ContainerStateMachine.java:loadSnapshot(231)) - group-82AD40169C32: The snapshot info is null. Setting the last applied indexto:(t:0, i:~)
2019-10-21 22:01:22,170 [pool-97-thread-1] INFO  ratis.ContainerStateMachine (ContainerStateMachine.java:loadSnapshot(231)) - group-82AD40169C32: The snapshot info is null. Setting the last applied indexto:(t:0, i:~)
2019-10-21 22:01:22,171 [pool-37-thread-1] INFO  server.RaftServerConfigKeys (ConfUtils.java:logGet(43)) - raft.server.notification.no-leader.timeout = 120s (custom)
2019-10-21 22:01:22,170 [e152cc11-8922-4c62-a829-a835e5f58570@group-B254D29705CD-LeaderElection9] INFO  impl.RoleInfo (RoleInfo.java:shutdownLeaderElection(134)) - e152cc11-8922-4c62-a829-a835e5f58570: shutdown LeaderElection
2019-10-21 22:01:22,171 [pool-37-thread-1] INFO  server.RaftServerConfigKeys (ConfUtils.java:logGet(43)) - raft.server.log.use.memory = false (default)
2019-10-21 22:01:22,171 [pool-97-thread-1] INFO  server.RaftServerConfigKeys (ConfUtils.java:logGet(43)) - raft.server.notification.no-leader.timeout = 120s (custom)
2019-10-21 22:01:22,171 [pool-27-thread-1] INFO  ratis.ContainerStateMachine (ContainerStateMachine.java:loadSnapshot(231)) - group-82AD40169C32: The snapshot info is null. Setting the last applied indexto:(t:0, i:~)
2019-10-21 22:01:22,171 [pool-97-thread-1] INFO  server.RaftServerConfigKeys (ConfUtils.java:logGet(43)) - raft.server.log.use.memory = false (default)
2019-10-21 22:01:22,171 [pool-37-thread-1] INFO  server.RaftServerConfigKeys (ConfUtils.java:logGet(43)) - raft.server.log.purge.gap = 1000000 (custom)
2019-10-21 22:01:22,171 [e152cc11-8922-4c62-a829-a835e5f58570@group-B254D29705CD-LeaderElection9] INFO  impl.RaftServerImpl (RaftServerImpl.java:setRole(184)) - e152cc11-8922-4c62-a829-a835e5f58570@group-B254D29705CD: changes role from CANDIDATE to LEADER at term 1 for changeToLeader
2019-10-21 22:01:22,172 [pool-37-thread-1] INFO  server.RaftServerConfigKeys (ConfUtils.java:logGet(43)) - raft.server.log.appender.buffer.byte-limit = 33554432 (custom)
2019-10-21 22:01:22,171 [pool-97-thread-1] INFO  server.RaftServerConfigKeys (ConfUtils.java:logGet(43)) - raft.server.log.purge.gap = 1000000 (custom)
2019-10-21 22:01:22,171 [pool-27-thread-1] INFO  server.RaftServerConfigKeys (ConfUtils.java:logGet(43)) - raft.server.notification.no-leader.timeout = 120s (custom)
2019-10-21 22:01:22,172 [pool-97-thread-1] INFO  server.RaftServerConfigKeys (ConfUtils.java:logGet(43)) - raft.server.log.appender.buffer.byte-limit = 33554432 (custom)
2019-10-21 22:01:22,172 [pool-37-thread-1] INFO  server.RaftServerConfigKeys (ConfUtils.java:logGet(43)) - raft.server.log.segment.size.max = 1048576 (custom)
2019-10-21 22:01:22,172 [e152cc11-8922-4c62-a829-a835e5f58570@group-B254D29705CD-LeaderElection9] INFO  impl.RaftServerImpl (ServerState.java:setLeader(256)) - e152cc11-8922-4c62-a829-a835e5f58570@group-B254D29705CD: change Leader from null to e152cc11-8922-4c62-a829-a835e5f58570 at term 1 for becomeLeader, leader elected after 213ms
2019-10-21 22:01:22,172 [pool-37-thread-1] INFO  server.RaftServerConfigKeys (ConfUtils.java:logGet(43)) - raft.server.log.segment.cache.num.max = 2 (custom)
2019-10-21 22:01:22,172 [pool-97-thread-1] INFO  server.RaftServerConfigKeys (ConfUtils.java:logGet(43)) - raft.server.log.segment.size.max = 1048576 (custom)
2019-10-21 22:01:22,172 [pool-27-thread-1] INFO  server.RaftServerConfigKeys (ConfUtils.java:logGet(43)) - raft.server.log.use.memory = false (default)
2019-10-21 22:01:22,173 [pool-37-thread-1] INFO  segmented.SegmentedRaftLogWorker (SegmentedRaftLogWorker.java:<init>(173)) - new eb218cae-34fb-4b75-a560-8fba2ee61629@group-82AD40169C32-SegmentedRaftLogWorker for RaftStorage:Storage Directory /workdir/hadoop-ozone/integration-test/target/test-dir/MiniOzoneClusterImpl-55d22b23-1d78-4564-93d7-1f68b9a0b903/datanode-1/data/ratis/cd3b640d-a296-49d1-813b-82ad40169c32
2019-10-21 22:01:22,173 [e152cc11-8922-4c62-a829-a835e5f58570@group-B254D29705CD-LeaderElection9] INFO  server.RaftServerConfigKeys (ConfUtils.java:logGet(43)) - raft.server.staging.catchup.gap = 1000 (default)
2019-10-21 22:01:22,173 [pool-37-thread-1] INFO  server.RaftServerConfigKeys (ConfUtils.java:logGet(43)) - raft.server.log.queue.byte-limit = 2147483647 (custom)
2019-10-21 22:01:22,173 [pool-27-thread-1] INFO  server.RaftServerConfigKeys (ConfUtils.java:logGet(43)) - raft.server.log.purge.gap = 1000000 (custom)
2019-10-21 22:01:22,173 [pool-97-thread-1] INFO  server.RaftServerConfigKeys (ConfUtils.java:logGet(43)) - raft.server.log.segment.cache.num.max = 2 (custom)
2019-10-21 22:01:22,173 [pool-27-thread-1] INFO  server.RaftServerConfigKeys (ConfUtils.java:logGet(43)) - raft.server.log.appender.buffer.byte-limit = 33554432 (custom)
2019-10-21 22:01:22,173 [pool-37-thread-1] INFO  server.RaftServerConfigKeys (ConfUtils.java:logGet(43)) - raft.server.log.queue.element-limit = 1024 (custom)
2019-10-21 22:01:22,173 [e152cc11-8922-4c62-a829-a835e5f58570@group-B254D29705CD-LeaderElection9] INFO  server.RaftServerConfigKeys (ConfUtils.java:logGet(43)) - raft.server.rpc.sleep.time = 25ms (default)
2019-10-21 22:01:22,174 [pool-37-thread-1] INFO  server.RaftServerConfigKeys (ConfUtils.java:logGet(43)) - raft.server.log.segment.size.max = 1048576 (custom)
2019-10-21 22:01:22,174 [pool-27-thread-1] INFO  server.RaftServerConfigKeys (ConfUtils.java:logGet(43)) - raft.server.log.segment.size.max = 1048576 (custom)
2019-10-21 22:01:22,173 [pool-97-thread-1] INFO  segmented.SegmentedRaftLogWorker (SegmentedRaftLogWorker.java:<init>(173)) - new f2d88f4a-90c5-4f7b-9da8-5a827903dfc6@group-82AD40169C32-SegmentedRaftLogWorker for RaftStorage:Storage Directory /workdir/hadoop-ozone/integration-test/target/test-dir/MiniOzoneClusterImpl-55d22b23-1d78-4564-93d7-1f68b9a0b903/datanode-7/data/ratis/cd3b640d-a296-49d1-813b-82ad40169c32
2019-10-21 22:01:22,174 [pool-27-thread-1] INFO  server.RaftServerConfigKeys (ConfUtils.java:logGet(43)) - raft.server.log.segment.cache.num.max = 2 (custom)
2019-10-21 22:01:22,174 [pool-37-thread-1] INFO  server.RaftServerConfigKeys (ConfUtils.java:logGet(43)) - raft.server.log.preallocated.size = 16384 (custom)
2019-10-21 22:01:22,174 [e152cc11-8922-4c62-a829-a835e5f58570@group-B254D29705CD-LeaderElection9] INFO  server.RaftServerConfigKeys (ConfUtils.java:logGet(43)) - raft.server.write.element-limit = 4096 (default)
2019-10-21 22:01:22,174 [pool-37-thread-1] INFO  server.RaftServerConfigKeys (ConfUtils.java:logGet(43)) - raft.server.log.write.buffer.size = 33554432 (custom)
2019-10-21 22:01:22,174 [pool-27-thread-1] INFO  segmented.SegmentedRaftLogWorker (SegmentedRaftLogWorker.java:<init>(173)) - new 1d0c6007-e48f-4ec0-bdc7-6df2bfd38833@group-82AD40169C32-SegmentedRaftLogWorker for RaftStorage:Storage Directory /workdir/hadoop-ozone/integration-test/target/test-dir/MiniOzoneClusterImpl-55d22b23-1d78-4564-93d7-1f68b9a0b903/datanode-0/data/ratis/cd3b640d-a296-49d1-813b-82ad40169c32
2019-10-21 22:01:22,175 [pool-27-thread-1] INFO  server.RaftServerConfigKeys (ConfUtils.java:logGet(43)) - raft.server.log.queue.byte-limit = 2147483647 (custom)
2019-10-21 22:01:22,174 [pool-97-thread-1] INFO  server.RaftServerConfigKeys (ConfUtils.java:logGet(43)) - raft.server.log.queue.byte-limit = 2147483647 (custom)
2019-10-21 22:01:22,175 [pool-27-thread-1] INFO  server.RaftServerConfigKeys (ConfUtils.java:logGet(43)) - raft.server.log.queue.element-limit = 1024 (custom)
2019-10-21 22:01:22,175 [pool-37-thread-1] INFO  server.RaftServerConfigKeys (ConfUtils.java:logGet(43)) - raft.server.log.force.sync.num = 128 (default)
2019-10-21 22:01:22,175 [e152cc11-8922-4c62-a829-a835e5f58570@group-B254D29705CD-LeaderElection9] INFO  server.RaftServerConfigKeys (ConfUtils.java:logGet(43)) - raft.server.watch.timeout = 10s (default)
2019-10-21 22:01:22,176 [pool-37-thread-1] INFO  server.RaftServerConfigKeys (ConfUtils.java:logGet(43)) - raft.server.log.statemachine.data.sync = true (default)
2019-10-21 22:01:22,175 [pool-27-thread-1] INFO  server.RaftServerConfigKeys (ConfUtils.java:logGet(43)) - raft.server.log.segment.size.max = 1048576 (custom)
2019-10-21 22:01:22,175 [pool-97-thread-1] INFO  server.RaftServerConfigKeys (ConfUtils.java:logGet(43)) - raft.server.log.queue.element-limit = 1024 (custom)
2019-10-21 22:01:22,176 [pool-27-thread-1] INFO  server.RaftServerConfigKeys (ConfUtils.java:logGet(43)) - raft.server.log.preallocated.size = 16384 (custom)
2019-10-21 22:01:22,176 [pool-37-thread-1] INFO  server.RaftServerConfigKeys (ConfUtils.java:logGet(43)) - raft.server.log.statemachine.data.sync.timeout = 10s (default)
2019-10-21 22:01:22,176 [e152cc11-8922-4c62-a829-a835e5f58570@group-B254D29705CD-LeaderElection9] INFO  server.RaftServerConfigKeys (ConfUtils.java:logGet(43)) - raft.server.watch.timeout.denomination = 1s (default)
2019-10-21 22:01:22,176 [pool-37-thread-1] INFO  server.RaftServerConfigKeys (ConfUtils.java:logGet(43)) - raft.server.log.statemachine.data.sync.timeout.retry = -1 (default)
2019-10-21 22:01:22,176 [pool-27-thread-1] INFO  server.RaftServerConfigKeys (ConfUtils.java:logGet(43)) - raft.server.log.write.buffer.size = 33554432 (custom)
2019-10-21 22:01:22,176 [pool-97-thread-1] INFO  server.RaftServerConfigKeys (ConfUtils.java:logGet(43)) - raft.server.log.segment.size.max = 1048576 (custom)
2019-10-21 22:01:22,177 [pool-37-thread-1] INFO  server.RaftServerConfigKeys (ConfUtils.java:logGet(43)) - raft.server.log.statemachine.data.caching.enabled = true (custom)
2019-10-21 22:01:22,177 [pool-27-thread-1] INFO  server.RaftServerConfigKeys (ConfUtils.java:logGet(43)) - raft.server.log.force.sync.num = 128 (default)
2019-10-21 22:01:22,177 [pool-27-thread-1] INFO  server.RaftServerConfigKeys (ConfUtils.java:logGet(43)) - raft.server.log.statemachine.data.sync = true (default)
2019-10-21 22:01:22,176 [e152cc11-8922-4c62-a829-a835e5f58570@group-B254D29705CD-LeaderElection9] INFO  server.RaftServerConfigKeys (ConfUtils.java:logGet(43)) - raft.server.watch.element-limit = 65536 (default)
2019-10-21 22:01:22,177 [pool-37-thread-1] INFO  segmented.SegmentedRaftLogWorker (SegmentedRaftLogWorker.java:lambda$new$0(128)) - eb218cae-34fb-4b75-a560-8fba2ee61629@group-82AD40169C32-SegmentedRaftLogWorker: flushIndex: setUnconditionally 0 -> -1
2019-10-21 22:01:22,177 [pool-27-thread-1] INFO  server.RaftServerConfigKeys (ConfUtils.java:logGet(43)) - raft.server.log.statemachine.data.sync.timeout = 10s (default)
2019-10-21 22:01:22,177 [pool-97-thread-1] INFO  server.RaftServerConfigKeys (ConfUtils.java:logGet(43)) - raft.server.log.preallocated.size = 16384 (custom)
2019-10-21 22:01:22,178 [pool-37-thread-1] INFO  server.RaftServerConfigKeys (ConfUtils.java:logGet(43)) - raft.server.snapshot.auto.trigger.enabled = true (custom)
2019-10-21 22:01:22,178 [pool-27-thread-1] INFO  server.RaftServerConfigKeys (ConfUtils.java:logGet(43)) - raft.server.log.statemachine.data.sync.timeout.retry = -1 (default)
2019-10-21 22:01:22,178 [pool-37-thread-1] INFO  server.RaftServerConfigKeys (ConfUtils.java:logGet(43)) - raft.server.snapshot.auto.trigger.threshold = 10000 (custom)
2019-10-21 22:01:22,178 [pool-97-thread-1] INFO  server.RaftServerConfigKeys (ConfUtils.java:logGet(43)) - raft.server.log.write.buffer.size = 33554432 (custom)
2019-10-21 22:01:22,178 [pool-27-thread-1] INFO  server.RaftServerConfigKeys (ConfUtils.java:logGet(43)) - raft.server.log.statemachine.data.caching.enabled = true (custom)
2019-10-21 22:01:22,178 [pool-37-thread-1] INFO  server.RaftServerConfigKeys (ConfUtils.java:logGet(43)) - raft.server.snapshot.retention.file.num = 5 (custom)
2019-10-21 22:01:22,178 [pool-97-thread-1] INFO  server.RaftServerConfigKeys (ConfUtils.java:logGet(43)) - raft.server.log.force.sync.num = 128 (default)
2019-10-21 22:01:22,178 [pool-37-thread-1] INFO  server.RaftServerConfigKeys (ConfUtils.java:logGet(43)) - raft.server.retrycache.expirytime = 600000ms (custom)
2019-10-21 22:01:22,178 [pool-27-thread-1] INFO  segmented.SegmentedRaftLogWorker (SegmentedRaftLogWorker.java:lambda$new$0(128)) - 1d0c6007-e48f-4ec0-bdc7-6df2bfd38833@group-82AD40169C32-SegmentedRaftLogWorker: flushIndex: setUnconditionally 0 -> -1
2019-10-21 22:01:22,179 [pool-97-thread-1] INFO  server.RaftServerConfigKeys (ConfUtils.java:logGet(43)) - raft.server.log.statemachine.data.sync = true (default)
2019-10-21 22:01:22,179 [pool-97-thread-1] INFO  server.RaftServerConfigKeys (ConfUtils.java:logGet(43)) - raft.server.log.statemachine.data.sync.timeout = 10s (default)
2019-10-21 22:01:22,179 [pool-27-thread-1] INFO  server.RaftServerConfigKeys (ConfUtils.java:logGet(43)) - raft.server.snapshot.auto.trigger.enabled = true (custom)
2019-10-21 22:01:22,179 [pool-97-thread-1] INFO  server.RaftServerConfigKeys (ConfUtils.java:logGet(43)) - raft.server.log.statemachine.data.sync.timeout.retry = -1 (default)
2019-10-21 22:01:22,179 [pool-27-thread-1] INFO  server.RaftServerConfigKeys (ConfUtils.java:logGet(43)) - raft.server.snapshot.auto.trigger.threshold = 10000 (custom)
2019-10-21 22:01:22,179 [pool-27-thread-1] INFO  server.RaftServerConfigKeys (ConfUtils.java:logGet(43)) - raft.server.snapshot.retention.file.num = 5 (custom)
2019-10-21 22:01:22,180 [pool-97-thread-1] INFO  server.RaftServerConfigKeys (ConfUtils.java:logGet(43)) - raft.server.log.statemachine.data.caching.enabled = true (custom)
2019-10-21 22:01:22,180 [pool-27-thread-1] INFO  server.RaftServerConfigKeys (ConfUtils.java:logGet(43)) - raft.server.retrycache.expirytime = 600000ms (custom)
2019-10-21 22:01:22,180 [e152cc11-8922-4c62-a829-a835e5f58570@group-B254D29705CD-LeaderElection9] INFO  impl.RoleInfo (RoleInfo.java:updateAndGet(143)) - e152cc11-8922-4c62-a829-a835e5f58570: start LeaderState
2019-10-21 22:01:22,180 [pool-97-thread-1] INFO  segmented.SegmentedRaftLogWorker (SegmentedRaftLogWorker.java:lambda$new$0(128)) - f2d88f4a-90c5-4f7b-9da8-5a827903dfc6@group-82AD40169C32-SegmentedRaftLogWorker: flushIndex: setUnconditionally 0 -> -1
2019-10-21 22:01:22,180 [e152cc11-8922-4c62-a829-a835e5f58570@group-B254D29705CD-LeaderElection9] INFO  segmented.SegmentedRaftLogWorker (SegmentedRaftLogWorker.java:startLogSegment(385)) - e152cc11-8922-4c62-a829-a835e5f58570@group-B254D29705CD-SegmentedRaftLogWorker: Starting segment from index:0
2019-10-21 22:01:22,180 [pool-97-thread-1] INFO  server.RaftServerConfigKeys (ConfUtils.java:logGet(43)) - raft.server.snapshot.auto.trigger.enabled = true (custom)
2019-10-21 22:01:22,180 [pool-97-thread-1] INFO  server.RaftServerConfigKeys (ConfUtils.java:logGet(43)) - raft.server.snapshot.auto.trigger.threshold = 10000 (custom)
2019-10-21 22:01:22,181 [pool-97-thread-1] INFO  server.RaftServerConfigKeys (ConfUtils.java:logGet(43)) - raft.server.snapshot.retention.file.num = 5 (custom)
2019-10-21 22:01:22,181 [pool-97-thread-1] INFO  server.RaftServerConfigKeys (ConfUtils.java:logGet(43)) - raft.server.retrycache.expirytime = 600000ms (custom)
2019-10-21 22:01:22,181 [e152cc11-8922-4c62-a829-a835e5f58570@group-B254D29705CD-LeaderElection9] INFO  impl.RaftServerImpl (ServerState.java:setRaftConf(357)) - e152cc11-8922-4c62-a829-a835e5f58570@group-B254D29705CD: set configuration 0: [e152cc11-8922-4c62-a829-a835e5f58570:192.168.34.8:34707], old=null at 0
2019-10-21 22:01:22,210 [Thread-329] INFO  impl.FollowerState (FollowerState.java:run(108)) - a3449565-ce80-4cb6-865e-87dc6512587b@group-67620659F319-FollowerState: change to CANDIDATE, lastRpcTime:109ms, electionTimeout:83ms
2019-10-21 22:01:22,211 [Thread-329] INFO  impl.RoleInfo (RoleInfo.java:shutdownFollowerState(121)) - a3449565-ce80-4cb6-865e-87dc6512587b: shutdown FollowerState
2019-10-21 22:01:22,211 [pool-37-thread-1] INFO  impl.RaftServerImpl (RaftServerImpl.java:start(195)) - eb218cae-34fb-4b75-a560-8fba2ee61629@group-82AD40169C32: start as a follower, conf=-1: [f2d88f4a-90c5-4f7b-9da8-5a827903dfc6:192.168.34.8:35483, eb218cae-34fb-4b75-a560-8fba2ee61629:192.168.34.8:34887, 1d0c6007-e48f-4ec0-bdc7-6df2bfd38833:192.168.34.8:33242], old=null
2019-10-21 22:01:22,211 [Thread-329] INFO  impl.RaftServerImpl (RaftServerImpl.java:setRole(184)) - a3449565-ce80-4cb6-865e-87dc6512587b@group-67620659F319: changes role from  FOLLOWER to CANDIDATE at term 0 for changeToCandidate
2019-10-21 22:01:22,214 [pool-37-thread-1] INFO  impl.RaftServerImpl (RaftServerImpl.java:setRole(184)) - eb218cae-34fb-4b75-a560-8fba2ee61629@group-82AD40169C32: changes role from      null to FOLLOWER at term 0 for startAsFollower
2019-10-21 22:01:22,214 [Thread-329] INFO  impl.RoleInfo (RoleInfo.java:updateAndGet(143)) - a3449565-ce80-4cb6-865e-87dc6512587b: start LeaderElection
2019-10-21 22:01:22,214 [pool-37-thread-1] INFO  impl.RoleInfo (RoleInfo.java:updateAndGet(143)) - eb218cae-34fb-4b75-a560-8fba2ee61629: start FollowerState
2019-10-21 22:01:22,214 [pool-27-thread-1] INFO  impl.RaftServerImpl (RaftServerImpl.java:start(195)) - 1d0c6007-e48f-4ec0-bdc7-6df2bfd38833@group-82AD40169C32: start as a follower, conf=-1: [f2d88f4a-90c5-4f7b-9da8-5a827903dfc6:192.168.34.8:35483, eb218cae-34fb-4b75-a560-8fba2ee61629:192.168.34.8:34887, 1d0c6007-e48f-4ec0-bdc7-6df2bfd38833:192.168.34.8:33242], old=null
2019-10-21 22:01:22,215 [pool-27-thread-1] INFO  impl.RaftServerImpl (RaftServerImpl.java:setRole(184)) - 1d0c6007-e48f-4ec0-bdc7-6df2bfd38833@group-82AD40169C32: changes role from      null to FOLLOWER at term 0 for startAsFollower
2019-10-21 22:01:22,219 [pool-27-thread-1] INFO  impl.RoleInfo (RoleInfo.java:updateAndGet(143)) - 1d0c6007-e48f-4ec0-bdc7-6df2bfd38833: start FollowerState
2019-10-21 22:01:22,219 [pool-37-thread-1] INFO  util.JmxRegister (JmxRegister.java:tryRegister(44)) - Successfully registered JMX Bean with object name Ratis:service=RaftServer,group=group-82AD40169C32,id=eb218cae-34fb-4b75-a560-8fba2ee61629
2019-10-21 22:01:22,219 [pool-27-thread-1] INFO  util.JmxRegister (JmxRegister.java:tryRegister(44)) - Successfully registered JMX Bean with object name Ratis:service=RaftServer,group=group-82AD40169C32,id=1d0c6007-e48f-4ec0-bdc7-6df2bfd38833
2019-10-21 22:01:22,220 [pool-97-thread-1] INFO  impl.RaftServerImpl (RaftServerImpl.java:start(195)) - f2d88f4a-90c5-4f7b-9da8-5a827903dfc6@group-82AD40169C32: start as a follower, conf=-1: [f2d88f4a-90c5-4f7b-9da8-5a827903dfc6:192.168.34.8:35483, eb218cae-34fb-4b75-a560-8fba2ee61629:192.168.34.8:34887, 1d0c6007-e48f-4ec0-bdc7-6df2bfd38833:192.168.34.8:33242], old=null
2019-10-21 22:01:22,220 [pool-97-thread-1] INFO  impl.RaftServerImpl (RaftServerImpl.java:setRole(184)) - f2d88f4a-90c5-4f7b-9da8-5a827903dfc6@group-82AD40169C32: changes role from      null to FOLLOWER at term 0 for startAsFollower
2019-10-21 22:01:22,220 [pool-97-thread-1] INFO  impl.RoleInfo (RoleInfo.java:updateAndGet(143)) - f2d88f4a-90c5-4f7b-9da8-5a827903dfc6: start FollowerState
2019-10-21 22:01:22,220 [pool-97-thread-1] INFO  util.JmxRegister (JmxRegister.java:tryRegister(44)) - Successfully registered JMX Bean with object name Ratis:service=RaftServer,group=group-82AD40169C32,id=f2d88f4a-90c5-4f7b-9da8-5a827903dfc6
2019-10-21 22:01:22,223 [e152cc11-8922-4c62-a829-a835e5f58570@group-B254D29705CD-SegmentedRaftLogWorker] INFO  segmented.SegmentedRaftLogWorker (SegmentedRaftLogWorker.java:execute(576)) - e152cc11-8922-4c62-a829-a835e5f58570@group-B254D29705CD-SegmentedRaftLogWorker: created new log segment /workdir/hadoop-ozone/integration-test/target/test-dir/MiniOzoneClusterImpl-55d22b23-1d78-4564-93d7-1f68b9a0b903/datanode-9/data/ratis/f665a793-ac47-4ff1-9400-b254d29705cd/current/log_inprogress_0
2019-10-21 22:01:22,223 [a3449565-ce80-4cb6-865e-87dc6512587b@group-67620659F319-LeaderElection10] INFO  impl.LeaderElection (LeaderElection.java:askForVotes(178)) - a3449565-ce80-4cb6-865e-87dc6512587b@group-67620659F319-LeaderElection10: begin an election at term 1 for -1: [a3449565-ce80-4cb6-865e-87dc6512587b:192.168.34.8:42030], old=null
2019-10-21 22:01:22,224 [a3449565-ce80-4cb6-865e-87dc6512587b@group-67620659F319-LeaderElection10] INFO  impl.RoleInfo (RoleInfo.java:shutdownLeaderElection(134)) - a3449565-ce80-4cb6-865e-87dc6512587b: shutdown LeaderElection
2019-10-21 22:01:22,224 [a3449565-ce80-4cb6-865e-87dc6512587b@group-67620659F319-LeaderElection10] INFO  impl.RaftServerImpl (RaftServerImpl.java:setRole(184)) - a3449565-ce80-4cb6-865e-87dc6512587b@group-67620659F319: changes role from CANDIDATE to LEADER at term 1 for changeToLeader
2019-10-21 22:01:22,224 [a3449565-ce80-4cb6-865e-87dc6512587b@group-67620659F319-LeaderElection10] INFO  impl.RaftServerImpl (ServerState.java:setLeader(256)) - a3449565-ce80-4cb6-865e-87dc6512587b@group-67620659F319: change Leader from null to a3449565-ce80-4cb6-865e-87dc6512587b at term 1 for becomeLeader, leader elected after 175ms
2019-10-21 22:01:22,224 [a3449565-ce80-4cb6-865e-87dc6512587b@group-67620659F319-LeaderElection10] INFO  server.RaftServerConfigKeys (ConfUtils.java:logGet(43)) - raft.server.staging.catchup.gap = 1000 (default)
2019-10-21 22:01:22,224 [a3449565-ce80-4cb6-865e-87dc6512587b@group-67620659F319-LeaderElection10] INFO  server.RaftServerConfigKeys (ConfUtils.java:logGet(43)) - raft.server.rpc.sleep.time = 25ms (default)
2019-10-21 22:01:22,225 [a3449565-ce80-4cb6-865e-87dc6512587b@group-67620659F319-LeaderElection10] INFO  server.RaftServerConfigKeys (ConfUtils.java:logGet(43)) - raft.server.write.element-limit = 4096 (default)
2019-10-21 22:01:22,227 [a3449565-ce80-4cb6-865e-87dc6512587b@group-67620659F319-LeaderElection10] INFO  server.RaftServerConfigKeys (ConfUtils.java:logGet(43)) - raft.server.watch.timeout = 10s (default)
2019-10-21 22:01:22,227 [a3449565-ce80-4cb6-865e-87dc6512587b@group-67620659F319-LeaderElection10] INFO  server.RaftServerConfigKeys (ConfUtils.java:logGet(43)) - raft.server.watch.timeout.denomination = 1s (default)
2019-10-21 22:01:22,229 [a3449565-ce80-4cb6-865e-87dc6512587b@group-67620659F319-LeaderElection10] INFO  server.RaftServerConfigKeys (ConfUtils.java:logGet(43)) - raft.server.watch.element-limit = 65536 (default)
2019-10-21 22:01:22,249 [a3449565-ce80-4cb6-865e-87dc6512587b@group-67620659F319-LeaderElection10] INFO  impl.RoleInfo (RoleInfo.java:updateAndGet(143)) - a3449565-ce80-4cb6-865e-87dc6512587b: start LeaderState
2019-10-21 22:01:22,249 [a3449565-ce80-4cb6-865e-87dc6512587b@group-67620659F319-LeaderElection10] INFO  segmented.SegmentedRaftLogWorker (SegmentedRaftLogWorker.java:startLogSegment(385)) - a3449565-ce80-4cb6-865e-87dc6512587b@group-67620659F319-SegmentedRaftLogWorker: Starting segment from index:0
2019-10-21 22:01:22,250 [RatisPipelineUtilsThread] INFO  pipeline.PipelineStateManager (PipelineStateManager.java:addPipeline(56)) - Created pipeline Pipeline[ Id: cd3b640d-a296-49d1-813b-82ad40169c32, Nodes: 1d0c6007-e48f-4ec0-bdc7-6df2bfd38833{ip: 192.168.34.8, host: pr-hdds-2310-sp97z-1197097266, networkLocation: /default-rack, certSerialId: null}f2d88f4a-90c5-4f7b-9da8-5a827903dfc6{ip: 192.168.34.8, host: pr-hdds-2310-sp97z-1197097266, networkLocation: /default-rack, certSerialId: null}eb218cae-34fb-4b75-a560-8fba2ee61629{ip: 192.168.34.8, host: pr-hdds-2310-sp97z-1197097266, networkLocation: /default-rack, certSerialId: null}, Type:RATIS, Factor:THREE, State:OPEN]
2019-10-21 22:01:22,250 [a3449565-ce80-4cb6-865e-87dc6512587b@group-67620659F319-LeaderElection10] INFO  impl.RaftServerImpl (ServerState.java:setRaftConf(357)) - a3449565-ce80-4cb6-865e-87dc6512587b@group-67620659F319: set configuration 0: [a3449565-ce80-4cb6-865e-87dc6512587b:192.168.34.8:42030], old=null at 0
2019-10-21 22:01:22,298 [a3449565-ce80-4cb6-865e-87dc6512587b@group-67620659F319-SegmentedRaftLogWorker] INFO  segmented.SegmentedRaftLogWorker (SegmentedRaftLogWorker.java:execute(576)) - a3449565-ce80-4cb6-865e-87dc6512587b@group-67620659F319-SegmentedRaftLogWorker: created new log segment /workdir/hadoop-ozone/integration-test/target/test-dir/MiniOzoneClusterImpl-55d22b23-1d78-4564-93d7-1f68b9a0b903/datanode-8/data/ratis/05707b07-c9c6-40ff-8670-67620659f319/current/log_inprogress_0
2019-10-21 22:01:22,312 [grpc-default-executor-0] INFO  impl.RaftServerProxy (RaftServerProxy.java:addNew(89)) - d2d0250e-a378-4f8a-a4ff-ce07d96628f4: addNew group-129E33F6DE87:[756f57d6-6136-46f3-b5ea-af957dae1eda:192.168.34.8:33063, d2d0250e-a378-4f8a-a4ff-ce07d96628f4:192.168.34.8:43170, a36a670b-6f05-41e5-b505-2b1a8d9f1f79:192.168.34.8:32869] returns group-129E33F6DE87:java.util.concurrent.CompletableFuture@12173169[Not completed]
2019-10-21 22:01:22,312 [grpc-default-executor-2] INFO  impl.RaftServerProxy (RaftServerProxy.java:addNew(89)) - 756f57d6-6136-46f3-b5ea-af957dae1eda: addNew group-129E33F6DE87:[756f57d6-6136-46f3-b5ea-af957dae1eda:192.168.34.8:33063, d2d0250e-a378-4f8a-a4ff-ce07d96628f4:192.168.34.8:43170, a36a670b-6f05-41e5-b505-2b1a8d9f1f79:192.168.34.8:32869] returns group-129E33F6DE87:java.util.concurrent.CompletableFuture@4cdb8ad1[Not completed]
2019-10-21 22:01:22,313 [grpc-default-executor-1] INFO  impl.RaftServerProxy (RaftServerProxy.java:addNew(89)) - a36a670b-6f05-41e5-b505-2b1a8d9f1f79: addNew group-129E33F6DE87:[756f57d6-6136-46f3-b5ea-af957dae1eda:192.168.34.8:33063, d2d0250e-a378-4f8a-a4ff-ce07d96628f4:192.168.34.8:43170, a36a670b-6f05-41e5-b505-2b1a8d9f1f79:192.168.34.8:32869] returns group-129E33F6DE87:java.util.concurrent.CompletableFuture@6a1a3993[Not completed]
2019-10-21 22:01:22,314 [pool-87-thread-1] INFO  impl.RaftServerImpl (RaftServerImpl.java:<init>(104)) - 756f57d6-6136-46f3-b5ea-af957dae1eda: new RaftServerImpl for group-129E33F6DE87:[756f57d6-6136-46f3-b5ea-af957dae1eda:192.168.34.8:33063, d2d0250e-a378-4f8a-a4ff-ce07d96628f4:192.168.34.8:43170, a36a670b-6f05-41e5-b505-2b1a8d9f1f79:192.168.34.8:32869] with ContainerStateMachine:uninitialized
2019-10-21 22:01:22,314 [pool-87-thread-1] INFO  server.RaftServerConfigKeys (ConfUtils.java:logGet(43)) - raft.server.rpc.timeout.min = 1s (custom)
2019-10-21 22:01:22,314 [pool-87-thread-1] INFO  server.RaftServerConfigKeys (ConfUtils.java:logGet(43)) - raft.server.rpc.timeout.max = 1200ms (custom)
2019-10-21 22:01:22,314 [pool-87-thread-1] INFO  server.RaftServerConfigKeys (ConfUtils.java:logGet(43)) - raft.server.rpcslowness.timeout = 120s (custom)
2019-10-21 22:01:22,314 [pool-87-thread-1] INFO  server.RaftServerConfigKeys (ConfUtils.java:logGet(43)) - raft.server.sleep.deviation.threshold = 300 (default)
2019-10-21 22:01:22,314 [pool-87-thread-1] INFO  server.RaftServerConfigKeys (ConfUtils.java:logGet(43)) - raft.server.log.appender.install.snapshot.enabled = false (custom)
2019-10-21 22:01:22,315 [pool-87-thread-1] INFO  impl.RaftServerImpl (ServerState.java:<init>(103)) - 756f57d6-6136-46f3-b5ea-af957dae1eda@group-129E33F6DE87: ConfigurationManager, init=-1: [756f57d6-6136-46f3-b5ea-af957dae1eda:192.168.34.8:33063, d2d0250e-a378-4f8a-a4ff-ce07d96628f4:192.168.34.8:43170, a36a670b-6f05-41e5-b505-2b1a8d9f1f79:192.168.34.8:32869], old=null, confs=<EMPTY_MAP>
2019-10-21 22:01:22,315 [pool-87-thread-1] INFO  server.RaftServerConfigKeys (ConfUtils.java:logGet(43)) - raft.server.storage.dir = [/workdir/hadoop-ozone/integration-test/target/test-dir/MiniOzoneClusterImpl-55d22b23-1d78-4564-93d7-1f68b9a0b903/datanode-6/data/ratis] (custom)
2019-10-21 22:01:22,315 [pool-67-thread-1] INFO  impl.RaftServerImpl (RaftServerImpl.java:<init>(104)) - a36a670b-6f05-41e5-b505-2b1a8d9f1f79: new RaftServerImpl for group-129E33F6DE87:[756f57d6-6136-46f3-b5ea-af957dae1eda:192.168.34.8:33063, d2d0250e-a378-4f8a-a4ff-ce07d96628f4:192.168.34.8:43170, a36a670b-6f05-41e5-b505-2b1a8d9f1f79:192.168.34.8:32869] with ContainerStateMachine:uninitialized
2019-10-21 22:01:22,315 [pool-87-thread-1] INFO  server.RaftServerConfigKeys (ConfUtils.java:logGet(43)) - raft.server.log.corruption.policy = EXCEPTION (default)
2019-10-21 22:01:22,315 [pool-67-thread-1] INFO  server.RaftServerConfigKeys (ConfUtils.java:logGet(43)) - raft.server.rpc.timeout.min = 1s (custom)
2019-10-21 22:01:22,315 [pool-87-thread-1] INFO  storage.RaftStorageDirectory (RaftStorageDirectory.java:analyzeStorage(246)) - The storage directory /workdir/hadoop-ozone/integration-test/target/test-dir/MiniOzoneClusterImpl-55d22b23-1d78-4564-93d7-1f68b9a0b903/datanode-6/data/ratis/016262df-1d97-4b0a-a602-129e33f6de87 does not exist. Creating ...
2019-10-21 22:01:22,315 [pool-67-thread-1] INFO  server.RaftServerConfigKeys (ConfUtils.java:logGet(43)) - raft.server.rpc.timeout.max = 1200ms (custom)
2019-10-21 22:01:22,315 [pool-67-thread-1] INFO  server.RaftServerConfigKeys (ConfUtils.java:logGet(43)) - raft.server.rpcslowness.timeout = 120s (custom)
2019-10-21 22:01:22,315 [pool-57-thread-1] INFO  impl.RaftServerImpl (RaftServerImpl.java:<init>(104)) - d2d0250e-a378-4f8a-a4ff-ce07d96628f4: new RaftServerImpl for group-129E33F6DE87:[756f57d6-6136-46f3-b5ea-af957dae1eda:192.168.34.8:33063, d2d0250e-a378-4f8a-a4ff-ce07d96628f4:192.168.34.8:43170, a36a670b-6f05-41e5-b505-2b1a8d9f1f79:192.168.34.8:32869] with ContainerStateMachine:uninitialized
2019-10-21 22:01:22,316 [pool-67-thread-1] INFO  server.RaftServerConfigKeys (ConfUtils.java:logGet(43)) - raft.server.sleep.deviation.threshold = 300 (default)
2019-10-21 22:01:22,316 [pool-57-thread-1] INFO  server.RaftServerConfigKeys (ConfUtils.java:logGet(43)) - raft.server.rpc.timeout.min = 1s (custom)
2019-10-21 22:01:22,316 [pool-67-thread-1] INFO  server.RaftServerConfigKeys (ConfUtils.java:logGet(43)) - raft.server.log.appender.install.snapshot.enabled = false (custom)
2019-10-21 22:01:22,316 [pool-57-thread-1] INFO  server.RaftServerConfigKeys (ConfUtils.java:logGet(43)) - raft.server.rpc.timeout.max = 1200ms (custom)
2019-10-21 22:01:22,316 [pool-67-thread-1] INFO  impl.RaftServerImpl (ServerState.java:<init>(103)) - a36a670b-6f05-41e5-b505-2b1a8d9f1f79@group-129E33F6DE87: ConfigurationManager, init=-1: [756f57d6-6136-46f3-b5ea-af957dae1eda:192.168.34.8:33063, d2d0250e-a378-4f8a-a4ff-ce07d96628f4:192.168.34.8:43170, a36a670b-6f05-41e5-b505-2b1a8d9f1f79:192.168.34.8:32869], old=null, confs=<EMPTY_MAP>
2019-10-21 22:01:22,316 [pool-57-thread-1] INFO  server.RaftServerConfigKeys (ConfUtils.java:logGet(43)) - raft.server.rpcslowness.timeout = 120s (custom)
2019-10-21 22:01:22,316 [pool-67-thread-1] INFO  server.RaftServerConfigKeys (ConfUtils.java:logGet(43)) - raft.server.storage.dir = [/workdir/hadoop-ozone/integration-test/target/test-dir/MiniOzoneClusterImpl-55d22b23-1d78-4564-93d7-1f68b9a0b903/datanode-4/data/ratis] (custom)
2019-10-21 22:01:22,316 [pool-57-thread-1] INFO  server.RaftServerConfigKeys (ConfUtils.java:logGet(43)) - raft.server.sleep.deviation.threshold = 300 (default)
2019-10-21 22:01:22,317 [pool-57-thread-1] INFO  server.RaftServerConfigKeys (ConfUtils.java:logGet(43)) - raft.server.log.appender.install.snapshot.enabled = false (custom)
2019-10-21 22:01:22,317 [pool-67-thread-1] INFO  server.RaftServerConfigKeys (ConfUtils.java:logGet(43)) - raft.server.log.corruption.policy = EXCEPTION (default)
2019-10-21 22:01:22,317 [pool-57-thread-1] INFO  impl.RaftServerImpl (ServerState.java:<init>(103)) - d2d0250e-a378-4f8a-a4ff-ce07d96628f4@group-129E33F6DE87: ConfigurationManager, init=-1: [756f57d6-6136-46f3-b5ea-af957dae1eda:192.168.34.8:33063, d2d0250e-a378-4f8a-a4ff-ce07d96628f4:192.168.34.8:43170, a36a670b-6f05-41e5-b505-2b1a8d9f1f79:192.168.34.8:32869], old=null, confs=<EMPTY_MAP>
2019-10-21 22:01:22,317 [pool-57-thread-1] INFO  server.RaftServerConfigKeys (ConfUtils.java:logGet(43)) - raft.server.storage.dir = [/workdir/hadoop-ozone/integration-test/target/test-dir/MiniOzoneClusterImpl-55d22b23-1d78-4564-93d7-1f68b9a0b903/datanode-3/data/ratis] (custom)
2019-10-21 22:01:22,317 [pool-67-thread-1] INFO  storage.RaftStorageDirectory (RaftStorageDirectory.java:analyzeStorage(246)) - The storage directory /workdir/hadoop-ozone/integration-test/target/test-dir/MiniOzoneClusterImpl-55d22b23-1d78-4564-93d7-1f68b9a0b903/datanode-4/data/ratis/016262df-1d97-4b0a-a602-129e33f6de87 does not exist. Creating ...
2019-10-21 22:01:22,317 [pool-57-thread-1] INFO  server.RaftServerConfigKeys (ConfUtils.java:logGet(43)) - raft.server.log.corruption.policy = EXCEPTION (default)
2019-10-21 22:01:22,317 [pool-57-thread-1] INFO  storage.RaftStorageDirectory (RaftStorageDirectory.java:analyzeStorage(246)) - The storage directory /workdir/hadoop-ozone/integration-test/target/test-dir/MiniOzoneClusterImpl-55d22b23-1d78-4564-93d7-1f68b9a0b903/datanode-3/data/ratis/016262df-1d97-4b0a-a602-129e33f6de87 does not exist. Creating ...
2019-10-21 22:01:22,337 [Thread-339] INFO  impl.FollowerState (FollowerState.java:run(108)) - f2d88f4a-90c5-4f7b-9da8-5a827903dfc6@group-82AD40169C32-FollowerState: change to CANDIDATE, lastRpcTime:116ms, electionTimeout:116ms
2019-10-21 22:01:22,337 [Thread-339] INFO  impl.RoleInfo (RoleInfo.java:shutdownFollowerState(121)) - f2d88f4a-90c5-4f7b-9da8-5a827903dfc6: shutdown FollowerState
2019-10-21 22:01:22,337 [Thread-339] INFO  impl.RaftServerImpl (RaftServerImpl.java:setRole(184)) - f2d88f4a-90c5-4f7b-9da8-5a827903dfc6@group-82AD40169C32: changes role from  FOLLOWER to CANDIDATE at term 0 for changeToCandidate
2019-10-21 22:01:22,337 [Thread-339] INFO  impl.RoleInfo (RoleInfo.java:updateAndGet(143)) - f2d88f4a-90c5-4f7b-9da8-5a827903dfc6: start LeaderElection
2019-10-21 22:01:22,347 [Thread-337] INFO  impl.FollowerState (FollowerState.java:run(108)) - eb218cae-34fb-4b75-a560-8fba2ee61629@group-82AD40169C32-FollowerState: change to CANDIDATE, lastRpcTime:132ms, electionTimeout:123ms
2019-10-21 22:01:22,348 [Thread-337] INFO  impl.RoleInfo (RoleInfo.java:shutdownFollowerState(121)) - eb218cae-34fb-4b75-a560-8fba2ee61629: shutdown FollowerState
2019-10-21 22:01:22,348 [Thread-337] INFO  impl.RaftServerImpl (RaftServerImpl.java:setRole(184)) - eb218cae-34fb-4b75-a560-8fba2ee61629@group-82AD40169C32: changes role from  FOLLOWER to CANDIDATE at term 0 for changeToCandidate
2019-10-21 22:01:22,350 [Thread-337] INFO  impl.RoleInfo (RoleInfo.java:updateAndGet(143)) - eb218cae-34fb-4b75-a560-8fba2ee61629: start LeaderElection
2019-10-21 22:01:22,354 [pool-67-thread-1] INFO  storage.RaftStorageDirectory (RaftStorageDirectory.java:tryLock(328)) - Lock on /workdir/hadoop-ozone/integration-test/target/test-dir/MiniOzoneClusterImpl-55d22b23-1d78-4564-93d7-1f68b9a0b903/datanode-4/data/ratis/016262df-1d97-4b0a-a602-129e33f6de87/in_use.lock acquired by nodename 8670@pr-hdds-2310-sp97z-1197097266
2019-10-21 22:01:22,355 [f2d88f4a-90c5-4f7b-9da8-5a827903dfc6@group-82AD40169C32-LeaderElection11] INFO  impl.LeaderElection (LeaderElection.java:askForVotes(178)) - f2d88f4a-90c5-4f7b-9da8-5a827903dfc6@group-82AD40169C32-LeaderElection11: begin an election at term 1 for -1: [f2d88f4a-90c5-4f7b-9da8-5a827903dfc6:192.168.34.8:35483, eb218cae-34fb-4b75-a560-8fba2ee61629:192.168.34.8:34887, 1d0c6007-e48f-4ec0-bdc7-6df2bfd38833:192.168.34.8:33242], old=null
2019-10-21 22:01:22,354 [pool-57-thread-1] INFO  storage.RaftStorageDirectory (RaftStorageDirectory.java:tryLock(328)) - Lock on /workdir/hadoop-ozone/integration-test/target/test-dir/MiniOzoneClusterImpl-55d22b23-1d78-4564-93d7-1f68b9a0b903/datanode-3/data/ratis/016262df-1d97-4b0a-a602-129e33f6de87/in_use.lock acquired by nodename 8670@pr-hdds-2310-sp97z-1197097266
2019-10-21 22:01:22,354 [pool-87-thread-1] INFO  storage.RaftStorageDirectory (RaftStorageDirectory.java:tryLock(328)) - Lock on /workdir/hadoop-ozone/integration-test/target/test-dir/MiniOzoneClusterImpl-55d22b23-1d78-4564-93d7-1f68b9a0b903/datanode-6/data/ratis/016262df-1d97-4b0a-a602-129e33f6de87/in_use.lock acquired by nodename 8670@pr-hdds-2310-sp97z-1197097266
2019-10-21 22:01:22,368 [pool-87-thread-1] INFO  storage.RaftStorage (RaftStorage.java:format(84)) - Storage directory /workdir/hadoop-ozone/integration-test/target/test-dir/MiniOzoneClusterImpl-55d22b23-1d78-4564-93d7-1f68b9a0b903/datanode-6/data/ratis/016262df-1d97-4b0a-a602-129e33f6de87 has been successfully formatted.
2019-10-21 22:01:22,369 [eb218cae-34fb-4b75-a560-8fba2ee61629@group-82AD40169C32-LeaderElection12] INFO  impl.LeaderElection (LeaderElection.java:askForVotes(178)) - eb218cae-34fb-4b75-a560-8fba2ee61629@group-82AD40169C32-LeaderElection12: begin an election at term 1 for -1: [f2d88f4a-90c5-4f7b-9da8-5a827903dfc6:192.168.34.8:35483, eb218cae-34fb-4b75-a560-8fba2ee61629:192.168.34.8:34887, 1d0c6007-e48f-4ec0-bdc7-6df2bfd38833:192.168.34.8:33242], old=null
2019-10-21 22:01:22,368 [pool-57-thread-1] INFO  storage.RaftStorage (RaftStorage.java:format(84)) - Storage directory /workdir/hadoop-ozone/integration-test/target/test-dir/MiniOzoneClusterImpl-55d22b23-1d78-4564-93d7-1f68b9a0b903/datanode-3/data/ratis/016262df-1d97-4b0a-a602-129e33f6de87 has been successfully formatted.
2019-10-21 22:01:22,368 [pool-67-thread-1] INFO  storage.RaftStorage (RaftStorage.java:format(84)) - Storage directory /workdir/hadoop-ozone/integration-test/target/test-dir/MiniOzoneClusterImpl-55d22b23-1d78-4564-93d7-1f68b9a0b903/datanode-4/data/ratis/016262df-1d97-4b0a-a602-129e33f6de87 has been successfully formatted.
2019-10-21 22:01:22,369 [pool-87-thread-1] INFO  ratis.ContainerStateMachine (ContainerStateMachine.java:loadSnapshot(231)) - group-129E33F6DE87: The snapshot info is null. Setting the last applied indexto:(t:0, i:~)
2019-10-21 22:01:22,369 [pool-57-thread-1] INFO  ratis.ContainerStateMachine (ContainerStateMachine.java:loadSnapshot(231)) - group-129E33F6DE87: The snapshot info is null. Setting the last applied indexto:(t:0, i:~)
2019-10-21 22:01:22,369 [pool-67-thread-1] INFO  ratis.ContainerStateMachine (ContainerStateMachine.java:loadSnapshot(231)) - group-129E33F6DE87: The snapshot info is null. Setting the last applied indexto:(t:0, i:~)
2019-10-21 22:01:22,369 [pool-87-thread-1] INFO  server.RaftServerConfigKeys (ConfUtils.java:logGet(43)) - raft.server.notification.no-leader.timeout = 120s (custom)
2019-10-21 22:01:22,370 [pool-67-thread-1] INFO  server.RaftServerConfigKeys (ConfUtils.java:logGet(43)) - raft.server.notification.no-leader.timeout = 120s (custom)
2019-10-21 22:01:22,370 [pool-57-thread-1] INFO  server.RaftServerConfigKeys (ConfUtils.java:logGet(43)) - raft.server.notification.no-leader.timeout = 120s (custom)
2019-10-21 22:01:22,370 [pool-67-thread-1] INFO  server.RaftServerConfigKeys (ConfUtils.java:logGet(43)) - raft.server.log.use.memory = false (default)
2019-10-21 22:01:22,370 [pool-87-thread-1] INFO  server.RaftServerConfigKeys (ConfUtils.java:logGet(43)) - raft.server.log.use.memory = false (default)
2019-10-21 22:01:22,370 [pool-67-thread-1] INFO  server.RaftServerConfigKeys (ConfUtils.java:logGet(43)) - raft.server.log.purge.gap = 1000000 (custom)
2019-10-21 22:01:22,370 [pool-57-thread-1] INFO  server.RaftServerConfigKeys (ConfUtils.java:logGet(43)) - raft.server.log.use.memory = false (default)
2019-10-21 22:01:22,373 [pool-67-thread-1] INFO  server.RaftServerConfigKeys (ConfUtils.java:logGet(43)) - raft.server.log.appender.buffer.byte-limit = 33554432 (custom)
2019-10-21 22:01:22,380 [Thread-338] INFO  impl.FollowerState (FollowerState.java:run(108)) - 1d0c6007-e48f-4ec0-bdc7-6df2bfd38833@group-82AD40169C32-FollowerState: change to CANDIDATE, lastRpcTime:161ms, electionTimeout:158ms
2019-10-21 22:01:22,372 [pool-87-thread-1] INFO  server.RaftServerConfigKeys (ConfUtils.java:logGet(43)) - raft.server.log.purge.gap = 1000000 (custom)
2019-10-21 22:01:22,381 [pool-67-thread-1] INFO  server.RaftServerConfigKeys (ConfUtils.java:logGet(43)) - raft.server.log.segment.size.max = 1048576 (custom)
2019-10-21 22:01:22,381 [pool-57-thread-1] INFO  server.RaftServerConfigKeys (ConfUtils.java:logGet(43)) - raft.server.log.purge.gap = 1000000 (custom)
2019-10-21 22:01:22,381 [pool-67-thread-1] INFO  server.RaftServerConfigKeys (ConfUtils.java:logGet(43)) - raft.server.log.segment.cache.num.max = 2 (custom)
2019-10-21 22:01:22,381 [pool-87-thread-1] INFO  server.RaftServerConfigKeys (ConfUtils.java:logGet(43)) - raft.server.log.appender.buffer.byte-limit = 33554432 (custom)
2019-10-21 22:01:22,381 [Thread-338] INFO  impl.RoleInfo (RoleInfo.java:shutdownFollowerState(121)) - 1d0c6007-e48f-4ec0-bdc7-6df2bfd38833: shutdown FollowerState
2019-10-21 22:01:22,382 [pool-87-thread-1] INFO  server.RaftServerConfigKeys (ConfUtils.java:logGet(43)) - raft.server.log.segment.size.max = 1048576 (custom)
2019-10-21 22:01:22,382 [pool-67-thread-1] INFO  segmented.SegmentedRaftLogWorker (SegmentedRaftLogWorker.java:<init>(173)) - new a36a670b-6f05-41e5-b505-2b1a8d9f1f79@group-129E33F6DE87-SegmentedRaftLogWorker for RaftStorage:Storage Directory /workdir/hadoop-ozone/integration-test/target/test-dir/MiniOzoneClusterImpl-55d22b23-1d78-4564-93d7-1f68b9a0b903/datanode-4/data/ratis/016262df-1d97-4b0a-a602-129e33f6de87
2019-10-21 22:01:22,381 [pool-57-thread-1] INFO  server.RaftServerConfigKeys (ConfUtils.java:logGet(43)) - raft.server.log.appender.buffer.byte-limit = 33554432 (custom)
2019-10-21 22:01:22,382 [pool-67-thread-1] INFO  server.RaftServerConfigKeys (ConfUtils.java:logGet(43)) - raft.server.log.queue.byte-limit = 2147483647 (custom)
2019-10-21 22:01:22,382 [pool-87-thread-1] INFO  server.RaftServerConfigKeys (ConfUtils.java:logGet(43)) - raft.server.log.segment.cache.num.max = 2 (custom)
2019-10-21 22:01:22,382 [Thread-338] INFO  impl.RaftServerImpl (RaftServerImpl.java:setRole(184)) - 1d0c6007-e48f-4ec0-bdc7-6df2bfd38833@group-82AD40169C32: changes role from  FOLLOWER to CANDIDATE at term 0 for changeToCandidate
2019-10-21 22:01:22,382 [pool-87-thread-1] INFO  segmented.SegmentedRaftLogWorker (SegmentedRaftLogWorker.java:<init>(173)) - new 756f57d6-6136-46f3-b5ea-af957dae1eda@group-129E33F6DE87-SegmentedRaftLogWorker for RaftStorage:Storage Directory /workdir/hadoop-ozone/integration-test/target/test-dir/MiniOzoneClusterImpl-55d22b23-1d78-4564-93d7-1f68b9a0b903/datanode-6/data/ratis/016262df-1d97-4b0a-a602-129e33f6de87
2019-10-21 22:01:22,388 [Thread-338] INFO  impl.RoleInfo (RoleInfo.java:updateAndGet(143)) - 1d0c6007-e48f-4ec0-bdc7-6df2bfd38833: start LeaderElection
2019-10-21 22:01:22,382 [pool-67-thread-1] INFO  server.RaftServerConfigKeys (ConfUtils.java:logGet(43)) - raft.server.log.queue.element-limit = 1024 (custom)
2019-10-21 22:01:22,382 [pool-57-thread-1] INFO  server.RaftServerConfigKeys (ConfUtils.java:logGet(43)) - raft.server.log.segment.size.max = 1048576 (custom)
2019-10-21 22:01:22,389 [pool-67-thread-1] INFO  server.RaftServerConfigKeys (ConfUtils.java:logGet(43)) - raft.server.log.segment.size.max = 1048576 (custom)
2019-10-21 22:01:22,388 [pool-87-thread-1] INFO  server.RaftServerConfigKeys (ConfUtils.java:logGet(43)) - raft.server.log.queue.byte-limit = 2147483647 (custom)
2019-10-21 22:01:22,394 [pool-67-thread-1] INFO  server.RaftServerConfigKeys (ConfUtils.java:logGet(43)) - raft.server.log.preallocated.size = 16384 (custom)
2019-10-21 22:01:22,394 [pool-67-thread-1] INFO  server.RaftServerConfigKeys (ConfUtils.java:logGet(43)) - raft.server.log.write.buffer.size = 33554432 (custom)
2019-10-21 22:01:22,394 [pool-57-thread-1] INFO  server.RaftServerConfigKeys (ConfUtils.java:logGet(43)) - raft.server.log.segment.cache.num.max = 2 (custom)
2019-10-21 22:01:22,394 [pool-67-thread-1] INFO  server.RaftServerConfigKeys (ConfUtils.java:logGet(43)) - raft.server.log.force.sync.num = 128 (default)
2019-10-21 22:01:22,394 [pool-87-thread-1] INFO  server.RaftServerConfigKeys (ConfUtils.java:logGet(43)) - raft.server.log.queue.element-limit = 1024 (custom)
2019-10-21 22:01:22,395 [pool-67-thread-1] INFO  server.RaftServerConfigKeys (ConfUtils.java:logGet(43)) - raft.server.log.statemachine.data.sync = true (default)
2019-10-21 22:01:22,395 [pool-57-thread-1] INFO  segmented.SegmentedRaftLogWorker (SegmentedRaftLogWorker.java:<init>(173)) - new d2d0250e-a378-4f8a-a4ff-ce07d96628f4@group-129E33F6DE87-SegmentedRaftLogWorker for RaftStorage:Storage Directory /workdir/hadoop-ozone/integration-test/target/test-dir/MiniOzoneClusterImpl-55d22b23-1d78-4564-93d7-1f68b9a0b903/datanode-3/data/ratis/016262df-1d97-4b0a-a602-129e33f6de87
2019-10-21 22:01:22,395 [pool-67-thread-1] INFO  server.RaftServerConfigKeys (ConfUtils.java:logGet(43)) - raft.server.log.statemachine.data.sync.timeout = 10s (default)
2019-10-21 22:01:22,395 [pool-87-thread-1] INFO  server.RaftServerConfigKeys (ConfUtils.java:logGet(43)) - raft.server.log.segment.size.max = 1048576 (custom)
2019-10-21 22:01:22,395 [pool-67-thread-1] INFO  server.RaftServerConfigKeys (ConfUtils.java:logGet(43)) - raft.server.log.statemachine.data.sync.timeout.retry = -1 (default)
2019-10-21 22:01:22,395 [pool-57-thread-1] INFO  server.RaftServerConfigKeys (ConfUtils.java:logGet(43)) - raft.server.log.queue.byte-limit = 2147483647 (custom)
2019-10-21 22:01:22,396 [f2d88f4a-90c5-4f7b-9da8-5a827903dfc6@group-82AD40169C32-LeaderElection11] INFO  impl.LeaderElection (LeaderElection.java:logAndReturn(56)) - f2d88f4a-90c5-4f7b-9da8-5a827903dfc6@group-82AD40169C32-LeaderElection11: Election TIMEOUT; received 0 response(s) [] and 0 exception(s); f2d88f4a-90c5-4f7b-9da8-5a827903dfc6@group-82AD40169C32:t1, leader=null, voted=f2d88f4a-90c5-4f7b-9da8-5a827903dfc6, raftlog=f2d88f4a-90c5-4f7b-9da8-5a827903dfc6@group-82AD40169C32-SegmentedRaftLog:OPENED:c-1,f-1,i0, conf=-1: [f2d88f4a-90c5-4f7b-9da8-5a827903dfc6:192.168.34.8:35483, eb218cae-34fb-4b75-a560-8fba2ee61629:192.168.34.8:34887, 1d0c6007-e48f-4ec0-bdc7-6df2bfd38833:192.168.34.8:33242], old=null
2019-10-21 22:01:22,395 [pool-87-thread-1] INFO  server.RaftServerConfigKeys (ConfUtils.java:logGet(43)) - raft.server.log.preallocated.size = 16384 (custom)
2019-10-21 22:01:22,396 [pool-57-thread-1] INFO  server.RaftServerConfigKeys (ConfUtils.java:logGet(43)) - raft.server.log.queue.element-limit = 1024 (custom)
2019-10-21 22:01:22,396 [pool-67-thread-1] INFO  server.RaftServerConfigKeys (ConfUtils.java:logGet(43)) - raft.server.log.statemachine.data.caching.enabled = true (custom)
2019-10-21 22:01:22,399 [pool-57-thread-1] INFO  server.RaftServerConfigKeys (ConfUtils.java:logGet(43)) - raft.server.log.segment.size.max = 1048576 (custom)
2019-10-21 22:01:22,396 [pool-87-thread-1] INFO  server.RaftServerConfigKeys (ConfUtils.java:logGet(43)) - raft.server.log.write.buffer.size = 33554432 (custom)
2019-10-21 22:01:22,399 [pool-57-thread-1] INFO  server.RaftServerConfigKeys (ConfUtils.java:logGet(43)) - raft.server.log.preallocated.size = 16384 (custom)
2019-10-21 22:01:22,399 [pool-67-thread-1] INFO  segmented.SegmentedRaftLogWorker (SegmentedRaftLogWorker.java:lambda$new$0(128)) - a36a670b-6f05-41e5-b505-2b1a8d9f1f79@group-129E33F6DE87-SegmentedRaftLogWorker: flushIndex: setUnconditionally 0 -> -1
2019-10-21 22:01:22,399 [pool-87-thread-1] INFO  server.RaftServerConfigKeys (ConfUtils.java:logGet(43)) - raft.server.log.force.sync.num = 128 (default)
2019-10-21 22:01:22,400 [pool-57-thread-1] INFO  server.RaftServerConfigKeys (ConfUtils.java:logGet(43)) - raft.server.log.write.buffer.size = 33554432 (custom)
2019-10-21 22:01:22,400 [pool-67-thread-1] INFO  server.RaftServerConfigKeys (ConfUtils.java:logGet(43)) - raft.server.snapshot.auto.trigger.enabled = true (custom)
2019-10-21 22:01:22,400 [pool-87-thread-1] INFO  server.RaftServerConfigKeys (ConfUtils.java:logGet(43)) - raft.server.log.statemachine.data.sync = true (default)
2019-10-21 22:01:22,400 [pool-67-thread-1] INFO  server.RaftServerConfigKeys (ConfUtils.java:logGet(43)) - raft.server.snapshot.auto.trigger.threshold = 10000 (custom)
2019-10-21 22:01:22,400 [pool-57-thread-1] INFO  server.RaftServerConfigKeys (ConfUtils.java:logGet(43)) - raft.server.log.force.sync.num = 128 (default)
2019-10-21 22:01:22,400 [pool-67-thread-1] INFO  server.RaftServerConfigKeys (ConfUtils.java:logGet(43)) - raft.server.snapshot.retention.file.num = 5 (custom)
2019-10-21 22:01:22,400 [pool-87-thread-1] INFO  server.RaftServerConfigKeys (ConfUtils.java:logGet(43)) - raft.server.log.statemachine.data.sync.timeout = 10s (default)
2019-10-21 22:01:22,402 [pool-57-thread-1] INFO  server.RaftServerConfigKeys (ConfUtils.java:logGet(43)) - raft.server.log.statemachine.data.sync = true (default)
2019-10-21 22:01:22,411 [f2d88f4a-90c5-4f7b-9da8-5a827903dfc6@group-82AD40169C32-LeaderElection11] INFO  impl.LeaderElection (LeaderElection.java:askForVotes(178)) - f2d88f4a-90c5-4f7b-9da8-5a827903dfc6@group-82AD40169C32-LeaderElection11: begin an election at term 2 for -1: [f2d88f4a-90c5-4f7b-9da8-5a827903dfc6:192.168.34.8:35483, eb218cae-34fb-4b75-a560-8fba2ee61629:192.168.34.8:34887, 1d0c6007-e48f-4ec0-bdc7-6df2bfd38833:192.168.34.8:33242], old=null
2019-10-21 22:01:22,411 [1d0c6007-e48f-4ec0-bdc7-6df2bfd38833@group-82AD40169C32-LeaderElection13] INFO  impl.LeaderElection (LeaderElection.java:askForVotes(178)) - 1d0c6007-e48f-4ec0-bdc7-6df2bfd38833@group-82AD40169C32-LeaderElection13: begin an election at term 1 for -1: [f2d88f4a-90c5-4f7b-9da8-5a827903dfc6:192.168.34.8:35483, eb218cae-34fb-4b75-a560-8fba2ee61629:192.168.34.8:34887, 1d0c6007-e48f-4ec0-bdc7-6df2bfd38833:192.168.34.8:33242], old=null
2019-10-21 22:01:22,411 [pool-67-thread-1] INFO  server.RaftServerConfigKeys (ConfUtils.java:logGet(43)) - raft.server.retrycache.expirytime = 600000ms (custom)
2019-10-21 22:01:22,403 [pool-87-thread-1] INFO  server.RaftServerConfigKeys (ConfUtils.java:logGet(43)) - raft.server.log.statemachine.data.sync.timeout.retry = -1 (default)
2019-10-21 22:01:22,411 [pool-57-thread-1] INFO  server.RaftServerConfigKeys (ConfUtils.java:logGet(43)) - raft.server.log.statemachine.data.sync.timeout = 10s (default)
2019-10-21 22:01:22,414 [pool-57-thread-1] INFO  server.RaftServerConfigKeys (ConfUtils.java:logGet(43)) - raft.server.log.statemachine.data.sync.timeout.retry = -1 (default)
2019-10-21 22:01:22,414 [pool-87-thread-1] INFO  server.RaftServerConfigKeys (ConfUtils.java:logGet(43)) - raft.server.log.statemachine.data.caching.enabled = true (custom)
2019-10-21 22:01:22,414 [pool-57-thread-1] INFO  server.RaftServerConfigKeys (ConfUtils.java:logGet(43)) - raft.server.log.statemachine.data.caching.enabled = true (custom)
2019-10-21 22:01:22,415 [pool-87-thread-1] INFO  segmented.SegmentedRaftLogWorker (SegmentedRaftLogWorker.java:lambda$new$0(128)) - 756f57d6-6136-46f3-b5ea-af957dae1eda@group-129E33F6DE87-SegmentedRaftLogWorker: flushIndex: setUnconditionally 0 -> -1
2019-10-21 22:01:22,415 [pool-57-thread-1] INFO  segmented.SegmentedRaftLogWorker (SegmentedRaftLogWorker.java:lambda$new$0(128)) - d2d0250e-a378-4f8a-a4ff-ce07d96628f4@group-129E33F6DE87-SegmentedRaftLogWorker: flushIndex: setUnconditionally 0 -> -1
2019-10-21 22:01:22,415 [pool-87-thread-1] INFO  server.RaftServerConfigKeys (ConfUtils.java:logGet(43)) - raft.server.snapshot.auto.trigger.enabled = true (custom)
2019-10-21 22:01:22,415 [pool-87-thread-1] INFO  server.RaftServerConfigKeys (ConfUtils.java:logGet(43)) - raft.server.snapshot.auto.trigger.threshold = 10000 (custom)
2019-10-21 22:01:22,415 [pool-87-thread-1] INFO  server.RaftServerConfigKeys (ConfUtils.java:logGet(43)) - raft.server.snapshot.retention.file.num = 5 (custom)
2019-10-21 22:01:22,415 [pool-57-thread-1] INFO  server.RaftServerConfigKeys (ConfUtils.java:logGet(43)) - raft.server.snapshot.auto.trigger.enabled = true (custom)
2019-10-21 22:01:22,416 [pool-87-thread-1] INFO  server.RaftServerConfigKeys (ConfUtils.java:logGet(43)) - raft.server.retrycache.expirytime = 600000ms (custom)
2019-10-21 22:01:22,416 [pool-57-thread-1] INFO  server.RaftServerConfigKeys (ConfUtils.java:logGet(43)) - raft.server.snapshot.auto.trigger.threshold = 10000 (custom)
2019-10-21 22:01:22,416 [pool-67-thread-1] INFO  impl.RaftServerImpl (RaftServerImpl.java:start(195)) - a36a670b-6f05-41e5-b505-2b1a8d9f1f79@group-129E33F6DE87: start as a follower, conf=-1: [756f57d6-6136-46f3-b5ea-af957dae1eda:192.168.34.8:33063, d2d0250e-a378-4f8a-a4ff-ce07d96628f4:192.168.34.8:43170, a36a670b-6f05-41e5-b505-2b1a8d9f1f79:192.168.34.8:32869], old=null
2019-10-21 22:01:22,419 [pool-57-thread-1] INFO  server.RaftServerConfigKeys (ConfUtils.java:logGet(43)) - raft.server.snapshot.retention.file.num = 5 (custom)
2019-10-21 22:01:22,419 [pool-67-thread-1] INFO  impl.RaftServerImpl (RaftServerImpl.java:setRole(184)) - a36a670b-6f05-41e5-b505-2b1a8d9f1f79@group-129E33F6DE87: changes role from      null to FOLLOWER at term 0 for startAsFollower
2019-10-21 22:01:22,420 [pool-57-thread-1] INFO  server.RaftServerConfigKeys (ConfUtils.java:logGet(43)) - raft.server.retrycache.expirytime = 600000ms (custom)
2019-10-21 22:01:22,420 [pool-67-thread-1] INFO  impl.RoleInfo (RoleInfo.java:updateAndGet(143)) - a36a670b-6f05-41e5-b505-2b1a8d9f1f79: start FollowerState
2019-10-21 22:01:22,428 [pool-67-thread-1] INFO  util.JmxRegister (JmxRegister.java:tryRegister(44)) - Successfully registered JMX Bean with object name Ratis:service=RaftServer,group=group-129E33F6DE87,id=a36a670b-6f05-41e5-b505-2b1a8d9f1f79
2019-10-21 22:01:22,436 [eb218cae-34fb-4b75-a560-8fba2ee61629@group-82AD40169C32-LeaderElection12] INFO  impl.LeaderElection (LeaderElection.java:logAndReturn(56)) - eb218cae-34fb-4b75-a560-8fba2ee61629@group-82AD40169C32-LeaderElection12: Election DISCOVERED_A_NEW_TERM; received 2 response(s) [eb218cae-34fb-4b75-a560-8fba2ee61629<-f2d88f4a-90c5-4f7b-9da8-5a827903dfc6#0:FAIL-t2, eb218cae-34fb-4b75-a560-8fba2ee61629<-1d0c6007-e48f-4ec0-bdc7-6df2bfd38833#0:FAIL-t1] and 0 exception(s); eb218cae-34fb-4b75-a560-8fba2ee61629@group-82AD40169C32:t1, leader=null, voted=eb218cae-34fb-4b75-a560-8fba2ee61629, raftlog=eb218cae-34fb-4b75-a560-8fba2ee61629@group-82AD40169C32-SegmentedRaftLog:OPENED:c-1,f-1,i0, conf=-1: [f2d88f4a-90c5-4f7b-9da8-5a827903dfc6:192.168.34.8:35483, eb218cae-34fb-4b75-a560-8fba2ee61629:192.168.34.8:34887, 1d0c6007-e48f-4ec0-bdc7-6df2bfd38833:192.168.34.8:33242], old=null
2019-10-21 22:01:22,436 [pool-87-thread-1] INFO  impl.RaftServerImpl (RaftServerImpl.java:start(195)) - 756f57d6-6136-46f3-b5ea-af957dae1eda@group-129E33F6DE87: start as a follower, conf=-1: [756f57d6-6136-46f3-b5ea-af957dae1eda:192.168.34.8:33063, d2d0250e-a378-4f8a-a4ff-ce07d96628f4:192.168.34.8:43170, a36a670b-6f05-41e5-b505-2b1a8d9f1f79:192.168.34.8:32869], old=null
2019-10-21 22:01:22,441 [pool-87-thread-1] INFO  impl.RaftServerImpl (RaftServerImpl.java:setRole(184)) - 756f57d6-6136-46f3-b5ea-af957dae1eda@group-129E33F6DE87: changes role from      null to FOLLOWER at term 0 for startAsFollower
2019-10-21 22:01:22,441 [grpc-default-executor-0] INFO  impl.RaftServerImpl (RaftServerImpl.java:setRole(184)) - eb218cae-34fb-4b75-a560-8fba2ee61629@group-82AD40169C32: changes role from CANDIDATE to FOLLOWER at term 2 for recognizeCandidate:f2d88f4a-90c5-4f7b-9da8-5a827903dfc6
2019-10-21 22:01:22,442 [pool-87-thread-1] INFO  impl.RoleInfo (RoleInfo.java:updateAndGet(143)) - 756f57d6-6136-46f3-b5ea-af957dae1eda: start FollowerState
2019-10-21 22:01:22,442 [grpc-default-executor-0] INFO  impl.RoleInfo (RoleInfo.java:shutdownLeaderElection(134)) - eb218cae-34fb-4b75-a560-8fba2ee61629: shutdown LeaderElection
2019-10-21 22:01:22,443 [grpc-default-executor-0] INFO  impl.RoleInfo (RoleInfo.java:updateAndGet(143)) - eb218cae-34fb-4b75-a560-8fba2ee61629: start FollowerState
2019-10-21 22:01:22,443 [pool-87-thread-1] INFO  util.JmxRegister (JmxRegister.java:tryRegister(44)) - Successfully registered JMX Bean with object name Ratis:service=RaftServer,group=group-129E33F6DE87,id=756f57d6-6136-46f3-b5ea-af957dae1eda
2019-10-21 22:01:22,445 [pool-57-thread-1] INFO  impl.RaftServerImpl (RaftServerImpl.java:start(195)) - d2d0250e-a378-4f8a-a4ff-ce07d96628f4@group-129E33F6DE87: start as a follower, conf=-1: [756f57d6-6136-46f3-b5ea-af957dae1eda:192.168.34.8:33063, d2d0250e-a378-4f8a-a4ff-ce07d96628f4:192.168.34.8:43170, a36a670b-6f05-41e5-b505-2b1a8d9f1f79:192.168.34.8:32869], old=null
2019-10-21 22:01:22,445 [pool-57-thread-1] INFO  impl.RaftServerImpl (RaftServerImpl.java:setRole(184)) - d2d0250e-a378-4f8a-a4ff-ce07d96628f4@group-129E33F6DE87: changes role from      null to FOLLOWER at term 0 for startAsFollower
2019-10-21 22:01:22,445 [pool-57-thread-1] INFO  impl.RoleInfo (RoleInfo.java:updateAndGet(143)) - d2d0250e-a378-4f8a-a4ff-ce07d96628f4: start FollowerState
2019-10-21 22:01:22,446 [pool-57-thread-1] INFO  util.JmxRegister (JmxRegister.java:tryRegister(44)) - Successfully registered JMX Bean with object name Ratis:service=RaftServer,group=group-129E33F6DE87,id=d2d0250e-a378-4f8a-a4ff-ce07d96628f4
2019-10-21 22:01:22,446 [grpc-default-executor-2] INFO  impl.RaftServerImpl (RaftServerImpl.java:setRole(184)) - 1d0c6007-e48f-4ec0-bdc7-6df2bfd38833@group-82AD40169C32: changes role from CANDIDATE to FOLLOWER at term 2 for recognizeCandidate:f2d88f4a-90c5-4f7b-9da8-5a827903dfc6
2019-10-21 22:01:22,446 [grpc-default-executor-2] INFO  impl.RoleInfo (RoleInfo.java:shutdownLeaderElection(134)) - 1d0c6007-e48f-4ec0-bdc7-6df2bfd38833: shutdown LeaderElection
2019-10-21 22:01:22,447 [grpc-default-executor-2] INFO  impl.RoleInfo (RoleInfo.java:updateAndGet(143)) - 1d0c6007-e48f-4ec0-bdc7-6df2bfd38833: start FollowerState
2019-10-21 22:01:22,470 [Thread-358] INFO  impl.FollowerState (FollowerState.java:run(108)) - a36a670b-6f05-41e5-b505-2b1a8d9f1f79@group-129E33F6DE87-FollowerState: change to CANDIDATE, lastRpcTime:50ms, electionTimeout:41ms
2019-10-21 22:01:22,474 [Thread-358] INFO  impl.RoleInfo (RoleInfo.java:shutdownFollowerState(121)) - a36a670b-6f05-41e5-b505-2b1a8d9f1f79: shutdown FollowerState
2019-10-21 22:01:22,481 [Thread-358] INFO  impl.RaftServerImpl (RaftServerImpl.java:setRole(184)) - a36a670b-6f05-41e5-b505-2b1a8d9f1f79@group-129E33F6DE87: changes role from  FOLLOWER to CANDIDATE at term 0 for changeToCandidate
2019-10-21 22:01:22,481 [Thread-358] INFO  impl.RoleInfo (RoleInfo.java:updateAndGet(143)) - a36a670b-6f05-41e5-b505-2b1a8d9f1f79: start LeaderElection
2019-10-21 22:01:22,482 [1d0c6007-e48f-4ec0-bdc7-6df2bfd38833@group-82AD40169C32-LeaderElection13] INFO  impl.LeaderElection (LeaderElection.java:logAndReturn(56)) - 1d0c6007-e48f-4ec0-bdc7-6df2bfd38833@group-82AD40169C32-LeaderElection13: Election DISCOVERED_A_NEW_TERM; received 1 response(s) [1d0c6007-e48f-4ec0-bdc7-6df2bfd38833<-eb218cae-34fb-4b75-a560-8fba2ee61629#0:FAIL-t2] and 0 exception(s); 1d0c6007-e48f-4ec0-bdc7-6df2bfd38833@group-82AD40169C32:t2, leader=null, voted=null, raftlog=1d0c6007-e48f-4ec0-bdc7-6df2bfd38833@group-82AD40169C32-SegmentedRaftLog:OPENED:c-1,f-1,i0, conf=-1: [f2d88f4a-90c5-4f7b-9da8-5a827903dfc6:192.168.34.8:35483, eb218cae-34fb-4b75-a560-8fba2ee61629:192.168.34.8:34887, 1d0c6007-e48f-4ec0-bdc7-6df2bfd38833:192.168.34.8:33242], old=null
2019-10-21 22:01:22,485 [RatisPipelineUtilsThread] INFO  pipeline.PipelineStateManager (PipelineStateManager.java:addPipeline(56)) - Created pipeline Pipeline[ Id: 016262df-1d97-4b0a-a602-129e33f6de87, Nodes: d2d0250e-a378-4f8a-a4ff-ce07d96628f4{ip: 192.168.34.8, host: pr-hdds-2310-sp97z-1197097266, networkLocation: /default-rack, certSerialId: null}756f57d6-6136-46f3-b5ea-af957dae1eda{ip: 192.168.34.8, host: pr-hdds-2310-sp97z-1197097266, networkLocation: /default-rack, certSerialId: null}a36a670b-6f05-41e5-b505-2b1a8d9f1f79{ip: 192.168.34.8, host: pr-hdds-2310-sp97z-1197097266, networkLocation: /default-rack, certSerialId: null}, Type:RATIS, Factor:THREE, State:OPEN]
2019-10-21 22:01:22,483 [f2d88f4a-90c5-4f7b-9da8-5a827903dfc6@group-82AD40169C32-LeaderElection11] INFO  impl.LeaderElection (LeaderElection.java:logAndReturn(56)) - f2d88f4a-90c5-4f7b-9da8-5a827903dfc6@group-82AD40169C32-LeaderElection11: Election REJECTED; received 2 response(s) [f2d88f4a-90c5-4f7b-9da8-5a827903dfc6<-eb218cae-34fb-4b75-a560-8fba2ee61629#0:FAIL-t2, f2d88f4a-90c5-4f7b-9da8-5a827903dfc6<-1d0c6007-e48f-4ec0-bdc7-6df2bfd38833#0:FAIL-t2] and 0 exception(s); f2d88f4a-90c5-4f7b-9da8-5a827903dfc6@group-82AD40169C32:t2, leader=null, voted=f2d88f4a-90c5-4f7b-9da8-5a827903dfc6, raftlog=f2d88f4a-90c5-4f7b-9da8-5a827903dfc6@group-82AD40169C32-SegmentedRaftLog:OPENED:c-1,f-1,i0, conf=-1: [f2d88f4a-90c5-4f7b-9da8-5a827903dfc6:192.168.34.8:35483, eb218cae-34fb-4b75-a560-8fba2ee61629:192.168.34.8:34887, 1d0c6007-e48f-4ec0-bdc7-6df2bfd38833:192.168.34.8:33242], old=null
2019-10-21 22:01:22,489 [f2d88f4a-90c5-4f7b-9da8-5a827903dfc6@group-82AD40169C32-LeaderElection11] INFO  impl.RaftServerImpl (RaftServerImpl.java:setRole(184)) - f2d88f4a-90c5-4f7b-9da8-5a827903dfc6@group-82AD40169C32: changes role from CANDIDATE to FOLLOWER at term 2 for DISCOVERED_A_NEW_TERM
2019-10-21 22:01:22,494 [f2d88f4a-90c5-4f7b-9da8-5a827903dfc6@group-82AD40169C32-LeaderElection11] INFO  impl.RoleInfo (RoleInfo.java:shutdownLeaderElection(134)) - f2d88f4a-90c5-4f7b-9da8-5a827903dfc6: shutdown LeaderElection
2019-10-21 22:01:22,509 [f2d88f4a-90c5-4f7b-9da8-5a827903dfc6@group-82AD40169C32-LeaderElection11] INFO  impl.RoleInfo (RoleInfo.java:updateAndGet(143)) - f2d88f4a-90c5-4f7b-9da8-5a827903dfc6: start FollowerState
2019-10-21 22:01:22,517 [a36a670b-6f05-41e5-b505-2b1a8d9f1f79@group-129E33F6DE87-LeaderElection14] INFO  impl.LeaderElection (LeaderElection.java:askForVotes(178)) - a36a670b-6f05-41e5-b505-2b1a8d9f1f79@group-129E33F6DE87-LeaderElection14: begin an election at term 1 for -1: [756f57d6-6136-46f3-b5ea-af957dae1eda:192.168.34.8:33063, d2d0250e-a378-4f8a-a4ff-ce07d96628f4:192.168.34.8:43170, a36a670b-6f05-41e5-b505-2b1a8d9f1f79:192.168.34.8:32869], old=null
2019-10-21 22:01:22,533 [grpc-default-executor-2] INFO  impl.RaftServerProxy (RaftServerProxy.java:addNew(89)) - 28432215-63ab-4c85-86e9-79fb72521e72: addNew group-6834AB77F819:[e152cc11-8922-4c62-a829-a835e5f58570:192.168.34.8:34707, 0edd2ec6-20bf-4809-95ac-80dc11748221:192.168.34.8:43533, 28432215-63ab-4c85-86e9-79fb72521e72:192.168.34.8:33589] returns group-6834AB77F819:java.util.concurrent.CompletableFuture@7df38601[Not completed]
2019-10-21 22:01:22,534 [grpc-default-executor-4] INFO  impl.RaftServerImpl (RaftServerImpl.java:setRole(184)) - d2d0250e-a378-4f8a-a4ff-ce07d96628f4@group-129E33F6DE87: changes role from  FOLLOWER to FOLLOWER at term 1 for recognizeCandidate:a36a670b-6f05-41e5-b505-2b1a8d9f1f79
2019-10-21 22:01:22,534 [grpc-default-executor-4] INFO  impl.RoleInfo (RoleInfo.java:shutdownFollowerState(121)) - d2d0250e-a378-4f8a-a4ff-ce07d96628f4: shutdown FollowerState
2019-10-21 22:01:22,534 [Thread-361] INFO  impl.FollowerState (FollowerState.java:run(117)) - d2d0250e-a378-4f8a-a4ff-ce07d96628f4@group-129E33F6DE87-FollowerState was interrupted: java.lang.InterruptedException: sleep interrupted
2019-10-21 22:01:22,534 [grpc-default-executor-2] INFO  impl.RaftServerProxy (RaftServerProxy.java:addNew(89)) - e152cc11-8922-4c62-a829-a835e5f58570: addNew group-6834AB77F819:[e152cc11-8922-4c62-a829-a835e5f58570:192.168.34.8:34707, 0edd2ec6-20bf-4809-95ac-80dc11748221:192.168.34.8:43533, 28432215-63ab-4c85-86e9-79fb72521e72:192.168.34.8:33589] returns group-6834AB77F819:java.util.concurrent.CompletableFuture@239b1da5[Not completed]
2019-10-21 22:01:22,534 [grpc-default-executor-4] INFO  impl.RoleInfo (RoleInfo.java:updateAndGet(143)) - d2d0250e-a378-4f8a-a4ff-ce07d96628f4: start FollowerState
2019-10-21 22:01:22,536 [grpc-default-executor-3] INFO  impl.RaftServerProxy (RaftServerProxy.java:addNew(89)) - 0edd2ec6-20bf-4809-95ac-80dc11748221: addNew group-6834AB77F819:[e152cc11-8922-4c62-a829-a835e5f58570:192.168.34.8:34707, 0edd2ec6-20bf-4809-95ac-80dc11748221:192.168.34.8:43533, 28432215-63ab-4c85-86e9-79fb72521e72:192.168.34.8:33589] returns group-6834AB77F819:java.util.concurrent.CompletableFuture@16cb233e[Not completed]
2019-10-21 22:01:22,536 [pool-47-thread-1] INFO  impl.RaftServerImpl (RaftServerImpl.java:<init>(104)) - 28432215-63ab-4c85-86e9-79fb72521e72: new RaftServerImpl for group-6834AB77F819:[e152cc11-8922-4c62-a829-a835e5f58570:192.168.34.8:34707, 0edd2ec6-20bf-4809-95ac-80dc11748221:192.168.34.8:43533, 28432215-63ab-4c85-86e9-79fb72521e72:192.168.34.8:33589] with ContainerStateMachine:uninitialized
2019-10-21 22:01:22,536 [pool-47-thread-1] INFO  server.RaftServerConfigKeys (ConfUtils.java:logGet(43)) - raft.server.rpc.timeout.min = 1s (custom)
2019-10-21 22:01:22,536 [pool-47-thread-1] INFO  server.RaftServerConfigKeys (ConfUtils.java:logGet(43)) - raft.server.rpc.timeout.max = 1200ms (custom)
2019-10-21 22:01:22,538 [pool-47-thread-1] INFO  server.RaftServerConfigKeys (ConfUtils.java:logGet(43)) - raft.server.rpcslowness.timeout = 120s (custom)
2019-10-21 22:01:22,539 [pool-47-thread-1] INFO  server.RaftServerConfigKeys (ConfUtils.java:logGet(43)) - raft.server.sleep.deviation.threshold = 300 (default)
2019-10-21 22:01:22,539 [pool-47-thread-1] INFO  server.RaftServerConfigKeys (ConfUtils.java:logGet(43)) - raft.server.log.appender.install.snapshot.enabled = false (custom)
2019-10-21 22:01:22,540 [grpc-default-executor-3] INFO  impl.RaftServerImpl (RaftServerImpl.java:setRole(184)) - 756f57d6-6136-46f3-b5ea-af957dae1eda@group-129E33F6DE87: changes role from  FOLLOWER to FOLLOWER at term 1 for recognizeCandidate:a36a670b-6f05-41e5-b505-2b1a8d9f1f79
2019-10-21 22:01:22,540 [grpc-default-executor-3] INFO  impl.RoleInfo (RoleInfo.java:shutdownFollowerState(121)) - 756f57d6-6136-46f3-b5ea-af957dae1eda: shutdown FollowerState
2019-10-21 22:01:22,539 [pool-117-thread-1] INFO  impl.RaftServerImpl (RaftServerImpl.java:<init>(104)) - e152cc11-8922-4c62-a829-a835e5f58570: new RaftServerImpl for group-6834AB77F819:[e152cc11-8922-4c62-a829-a835e5f58570:192.168.34.8:34707, 0edd2ec6-20bf-4809-95ac-80dc11748221:192.168.34.8:43533, 28432215-63ab-4c85-86e9-79fb72521e72:192.168.34.8:33589] with ContainerStateMachine:uninitialized
2019-10-21 22:01:22,541 [grpc-default-executor-3] INFO  impl.RoleInfo (RoleInfo.java:updateAndGet(143)) - 756f57d6-6136-46f3-b5ea-af957dae1eda: start FollowerState
2019-10-21 22:01:22,541 [Thread-359] INFO  impl.FollowerState (FollowerState.java:run(117)) - 756f57d6-6136-46f3-b5ea-af957dae1eda@group-129E33F6DE87-FollowerState was interrupted: java.lang.InterruptedException: sleep interrupted
2019-10-21 22:01:22,540 [pool-47-thread-1] INFO  impl.RaftServerImpl (ServerState.java:<init>(103)) - 28432215-63ab-4c85-86e9-79fb72521e72@group-6834AB77F819: ConfigurationManager, init=-1: [e152cc11-8922-4c62-a829-a835e5f58570:192.168.34.8:34707, 0edd2ec6-20bf-4809-95ac-80dc11748221:192.168.34.8:43533, 28432215-63ab-4c85-86e9-79fb72521e72:192.168.34.8:33589], old=null, confs=<EMPTY_MAP>
2019-10-21 22:01:22,541 [pool-77-thread-1] INFO  impl.RaftServerImpl (RaftServerImpl.java:<init>(104)) - 0edd2ec6-20bf-4809-95ac-80dc11748221: new RaftServerImpl for group-6834AB77F819:[e152cc11-8922-4c62-a829-a835e5f58570:192.168.34.8:34707, 0edd2ec6-20bf-4809-95ac-80dc11748221:192.168.34.8:43533, 28432215-63ab-4c85-86e9-79fb72521e72:192.168.34.8:33589] with ContainerStateMachine:uninitialized
2019-10-21 22:01:22,541 [pool-117-thread-1] INFO  server.RaftServerConfigKeys (ConfUtils.java:logGet(43)) - raft.server.rpc.timeout.min = 1s (custom)
2019-10-21 22:01:22,543 [pool-77-thread-1] INFO  server.RaftServerConfigKeys (ConfUtils.java:logGet(43)) - raft.server.rpc.timeout.min = 1s (custom)
2019-10-21 22:01:22,543 [pool-47-thread-1] INFO  server.RaftServerConfigKeys (ConfUtils.java:logGet(43)) - raft.server.storage.dir = [/workdir/hadoop-ozone/integration-test/target/test-dir/MiniOzoneClusterImpl-55d22b23-1d78-4564-93d7-1f68b9a0b903/datanode-2/data/ratis] (custom)
2019-10-21 22:01:22,543 [pool-77-thread-1] INFO  server.RaftServerConfigKeys (ConfUtils.java:logGet(43)) - raft.server.rpc.timeout.max = 1200ms (custom)
2019-10-21 22:01:22,543 [pool-117-thread-1] INFO  server.RaftServerConfigKeys (ConfUtils.java:logGet(43)) - raft.server.rpc.timeout.max = 1200ms (custom)
2019-10-21 22:01:22,543 [pool-77-thread-1] INFO  server.RaftServerConfigKeys (ConfUtils.java:logGet(43)) - raft.server.rpcslowness.timeout = 120s (custom)
2019-10-21 22:01:22,544 [pool-47-thread-1] INFO  server.RaftServerConfigKeys (ConfUtils.java:logGet(43)) - raft.server.log.corruption.policy = EXCEPTION (default)
2019-10-21 22:01:22,544 [pool-117-thread-1] INFO  server.RaftServerConfigKeys (ConfUtils.java:logGet(43)) - raft.server.rpcslowness.timeout = 120s (custom)
2019-10-21 22:01:22,544 [pool-77-thread-1] INFO  server.RaftServerConfigKeys (ConfUtils.java:logGet(43)) - raft.server.sleep.deviation.threshold = 300 (default)
2019-10-21 22:01:22,544 [pool-117-thread-1] INFO  server.RaftServerConfigKeys (ConfUtils.java:logGet(43)) - raft.server.sleep.deviation.threshold = 300 (default)
2019-10-21 22:01:22,544 [pool-47-thread-1] INFO  storage.RaftStorageDirectory (RaftStorageDirectory.java:analyzeStorage(246)) - The storage directory /workdir/hadoop-ozone/integration-test/target/test-dir/MiniOzoneClusterImpl-55d22b23-1d78-4564-93d7-1f68b9a0b903/datanode-2/data/ratis/4e43fd85-fb0f-4fb0-96cc-6834ab77f819 does not exist. Creating ...
2019-10-21 22:01:22,544 [pool-117-thread-1] INFO  server.RaftServerConfigKeys (ConfUtils.java:logGet(43)) - raft.server.log.appender.install.snapshot.enabled = false (custom)
2019-10-21 22:01:22,544 [pool-77-thread-1] INFO  server.RaftServerConfigKeys (ConfUtils.java:logGet(43)) - raft.server.log.appender.install.snapshot.enabled = false (custom)
2019-10-21 22:01:22,544 [pool-117-thread-1] INFO  impl.RaftServerImpl (ServerState.java:<init>(103)) - e152cc11-8922-4c62-a829-a835e5f58570@group-6834AB77F819: ConfigurationManager, init=-1: [e152cc11-8922-4c62-a829-a835e5f58570:192.168.34.8:34707, 0edd2ec6-20bf-4809-95ac-80dc11748221:192.168.34.8:43533, 28432215-63ab-4c85-86e9-79fb72521e72:192.168.34.8:33589], old=null, confs=<EMPTY_MAP>
2019-10-21 22:01:22,544 [pool-77-thread-1] INFO  impl.RaftServerImpl (ServerState.java:<init>(103)) - 0edd2ec6-20bf-4809-95ac-80dc11748221@group-6834AB77F819: ConfigurationManager, init=-1: [e152cc11-8922-4c62-a829-a835e5f58570:192.168.34.8:34707, 0edd2ec6-20bf-4809-95ac-80dc11748221:192.168.34.8:43533, 28432215-63ab-4c85-86e9-79fb72521e72:192.168.34.8:33589], old=null, confs=<EMPTY_MAP>
2019-10-21 22:01:22,544 [pool-117-thread-1] INFO  server.RaftServerConfigKeys (ConfUtils.java:logGet(43)) - raft.server.storage.dir = [/workdir/hadoop-ozone/integration-test/target/test-dir/MiniOzoneClusterImpl-55d22b23-1d78-4564-93d7-1f68b9a0b903/datanode-9/data/ratis] (custom)
2019-10-21 22:01:22,544 [pool-77-thread-1] INFO  server.RaftServerConfigKeys (ConfUtils.java:logGet(43)) - raft.server.storage.dir = [/workdir/hadoop-ozone/integration-test/target/test-dir/MiniOzoneClusterImpl-55d22b23-1d78-4564-93d7-1f68b9a0b903/datanode-5/data/ratis] (custom)
2019-10-21 22:01:22,545 [pool-117-thread-1] INFO  server.RaftServerConfigKeys (ConfUtils.java:logGet(43)) - raft.server.log.corruption.policy = EXCEPTION (default)
2019-10-21 22:01:22,545 [pool-77-thread-1] INFO  server.RaftServerConfigKeys (ConfUtils.java:logGet(43)) - raft.server.log.corruption.policy = EXCEPTION (default)
2019-10-21 22:01:22,545 [pool-117-thread-1] INFO  storage.RaftStorageDirectory (RaftStorageDirectory.java:analyzeStorage(246)) - The storage directory /workdir/hadoop-ozone/integration-test/target/test-dir/MiniOzoneClusterImpl-55d22b23-1d78-4564-93d7-1f68b9a0b903/datanode-9/data/ratis/4e43fd85-fb0f-4fb0-96cc-6834ab77f819 does not exist. Creating ...
2019-10-21 22:01:22,545 [pool-77-thread-1] INFO  storage.RaftStorageDirectory (RaftStorageDirectory.java:analyzeStorage(246)) - The storage directory /workdir/hadoop-ozone/integration-test/target/test-dir/MiniOzoneClusterImpl-55d22b23-1d78-4564-93d7-1f68b9a0b903/datanode-5/data/ratis/4e43fd85-fb0f-4fb0-96cc-6834ab77f819 does not exist. Creating ...
2019-10-21 22:01:22,546 [Thread-360] INFO  impl.FollowerState (FollowerState.java:run(108)) - eb218cae-34fb-4b75-a560-8fba2ee61629@group-82AD40169C32-FollowerState: change to CANDIDATE, lastRpcTime:103ms, electionTimeout:103ms
2019-10-21 22:01:22,546 [Thread-360] INFO  impl.RoleInfo (RoleInfo.java:shutdownFollowerState(121)) - eb218cae-34fb-4b75-a560-8fba2ee61629: shutdown FollowerState
2019-10-21 22:01:22,546 [Thread-360] INFO  impl.RaftServerImpl (RaftServerImpl.java:setRole(184)) - eb218cae-34fb-4b75-a560-8fba2ee61629@group-82AD40169C32: changes role from  FOLLOWER to CANDIDATE at term 2 for changeToCandidate
2019-10-21 22:01:22,547 [Thread-360] INFO  impl.RoleInfo (RoleInfo.java:updateAndGet(143)) - eb218cae-34fb-4b75-a560-8fba2ee61629: start LeaderElection
2019-10-21 22:01:22,558 [pool-47-thread-1] INFO  storage.RaftStorageDirectory (RaftStorageDirectory.java:tryLock(328)) - Lock on /workdir/hadoop-ozone/integration-test/target/test-dir/MiniOzoneClusterImpl-55d22b23-1d78-4564-93d7-1f68b9a0b903/datanode-2/data/ratis/4e43fd85-fb0f-4fb0-96cc-6834ab77f819/in_use.lock acquired by nodename 8670@pr-hdds-2310-sp97z-1197097266
2019-10-21 22:01:22,558 [eb218cae-34fb-4b75-a560-8fba2ee61629@group-82AD40169C32-LeaderElection15] INFO  impl.LeaderElection (LeaderElection.java:askForVotes(178)) - eb218cae-34fb-4b75-a560-8fba2ee61629@group-82AD40169C32-LeaderElection15: begin an election at term 3 for -1: [f2d88f4a-90c5-4f7b-9da8-5a827903dfc6:192.168.34.8:35483, eb218cae-34fb-4b75-a560-8fba2ee61629:192.168.34.8:34887, 1d0c6007-e48f-4ec0-bdc7-6df2bfd38833:192.168.34.8:33242], old=null
2019-10-21 22:01:22,558 [pool-117-thread-1] INFO  storage.RaftStorageDirectory (RaftStorageDirectory.java:tryLock(328)) - Lock on /workdir/hadoop-ozone/integration-test/target/test-dir/MiniOzoneClusterImpl-55d22b23-1d78-4564-93d7-1f68b9a0b903/datanode-9/data/ratis/4e43fd85-fb0f-4fb0-96cc-6834ab77f819/in_use.lock acquired by nodename 8670@pr-hdds-2310-sp97z-1197097266
2019-10-21 22:01:22,558 [pool-77-thread-1] INFO  storage.RaftStorageDirectory (RaftStorageDirectory.java:tryLock(328)) - Lock on /workdir/hadoop-ozone/integration-test/target/test-dir/MiniOzoneClusterImpl-55d22b23-1d78-4564-93d7-1f68b9a0b903/datanode-5/data/ratis/4e43fd85-fb0f-4fb0-96cc-6834ab77f819/in_use.lock acquired by nodename 8670@pr-hdds-2310-sp97z-1197097266
2019-10-21 22:01:22,566 [a36a670b-6f05-41e5-b505-2b1a8d9f1f79@group-129E33F6DE87-LeaderElection14] INFO  impl.LeaderElection (LeaderElection.java:logAndReturn(56)) - a36a670b-6f05-41e5-b505-2b1a8d9f1f79@group-129E33F6DE87-LeaderElection14: Election PASSED; received 1 response(s) [a36a670b-6f05-41e5-b505-2b1a8d9f1f79<-d2d0250e-a378-4f8a-a4ff-ce07d96628f4#0:OK-t1] and 0 exception(s); a36a670b-6f05-41e5-b505-2b1a8d9f1f79@group-129E33F6DE87:t1, leader=null, voted=a36a670b-6f05-41e5-b505-2b1a8d9f1f79, raftlog=a36a670b-6f05-41e5-b505-2b1a8d9f1f79@group-129E33F6DE87-SegmentedRaftLog:OPENED:c-1,f-1,i0, conf=-1: [756f57d6-6136-46f3-b5ea-af957dae1eda:192.168.34.8:33063, d2d0250e-a378-4f8a-a4ff-ce07d96628f4:192.168.34.8:43170, a36a670b-6f05-41e5-b505-2b1a8d9f1f79:192.168.34.8:32869], old=null
2019-10-21 22:01:22,567 [a36a670b-6f05-41e5-b505-2b1a8d9f1f79@group-129E33F6DE87-LeaderElection14] INFO  impl.RoleInfo (RoleInfo.java:shutdownLeaderElection(134)) - a36a670b-6f05-41e5-b505-2b1a8d9f1f79: shutdown LeaderElection
2019-10-21 22:01:22,570 [a36a670b-6f05-41e5-b505-2b1a8d9f1f79@group-129E33F6DE87-LeaderElection14] INFO  impl.RaftServerImpl (RaftServerImpl.java:setRole(184)) - a36a670b-6f05-41e5-b505-2b1a8d9f1f79@group-129E33F6DE87: changes role from CANDIDATE to LEADER at term 1 for changeToLeader
2019-10-21 22:01:22,570 [a36a670b-6f05-41e5-b505-2b1a8d9f1f79@group-129E33F6DE87-LeaderElection14] INFO  impl.RaftServerImpl (ServerState.java:setLeader(256)) - a36a670b-6f05-41e5-b505-2b1a8d9f1f79@group-129E33F6DE87: change Leader from null to a36a670b-6f05-41e5-b505-2b1a8d9f1f79 at term 1 for becomeLeader, leader elected after 200ms
2019-10-21 22:01:22,571 [a36a670b-6f05-41e5-b505-2b1a8d9f1f79@group-129E33F6DE87-LeaderElection14] INFO  server.RaftServerConfigKeys (ConfUtils.java:logGet(43)) - raft.server.staging.catchup.gap = 1000 (default)
2019-10-21 22:01:22,572 [a36a670b-6f05-41e5-b505-2b1a8d9f1f79@group-129E33F6DE87-LeaderElection14] INFO  server.RaftServerConfigKeys (ConfUtils.java:logGet(43)) - raft.server.rpc.sleep.time = 25ms (default)
2019-10-21 22:01:22,574 [grpc-default-executor-4] INFO  impl.RaftServerImpl (RaftServerImpl.java:setRole(184)) - f2d88f4a-90c5-4f7b-9da8-5a827903dfc6@group-82AD40169C32: changes role from  FOLLOWER to FOLLOWER at term 3 for recognizeCandidate:eb218cae-34fb-4b75-a560-8fba2ee61629
2019-10-21 22:01:22,576 [grpc-default-executor-3] INFO  impl.RaftServerImpl (RaftServerImpl.java:setRole(184)) - 1d0c6007-e48f-4ec0-bdc7-6df2bfd38833@group-82AD40169C32: changes role from  FOLLOWER to FOLLOWER at term 3 for recognizeCandidate:eb218cae-34fb-4b75-a560-8fba2ee61629
2019-10-21 22:01:22,574 [a36a670b-6f05-41e5-b505-2b1a8d9f1f79@group-129E33F6DE87-LeaderElection14] INFO  server.RaftServerConfigKeys (ConfUtils.java:logGet(43)) - raft.server.write.element-limit = 4096 (default)
2019-10-21 22:01:22,576 [grpc-default-executor-3] INFO  impl.RoleInfo (RoleInfo.java:shutdownFollowerState(121)) - 1d0c6007-e48f-4ec0-bdc7-6df2bfd38833: shutdown FollowerState
2019-10-21 22:01:22,576 [grpc-default-executor-4] INFO  impl.RoleInfo (RoleInfo.java:shutdownFollowerState(121)) - f2d88f4a-90c5-4f7b-9da8-5a827903dfc6: shutdown FollowerState
2019-10-21 22:01:22,576 [pool-77-thread-1] INFO  storage.RaftStorage (RaftStorage.java:format(84)) - Storage directory /workdir/hadoop-ozone/integration-test/target/test-dir/MiniOzoneClusterImpl-55d22b23-1d78-4564-93d7-1f68b9a0b903/datanode-5/data/ratis/4e43fd85-fb0f-4fb0-96cc-6834ab77f819 has been successfully formatted.
2019-10-21 22:01:22,576 [pool-117-thread-1] INFO  storage.RaftStorage (RaftStorage.java:format(84)) - Storage directory /workdir/hadoop-ozone/integration-test/target/test-dir/MiniOzoneClusterImpl-55d22b23-1d78-4564-93d7-1f68b9a0b903/datanode-9/data/ratis/4e43fd85-fb0f-4fb0-96cc-6834ab77f819 has been successfully formatted.
2019-10-21 22:01:22,576 [pool-47-thread-1] INFO  storage.RaftStorage (RaftStorage.java:format(84)) - Storage directory /workdir/hadoop-ozone/integration-test/target/test-dir/MiniOzoneClusterImpl-55d22b23-1d78-4564-93d7-1f68b9a0b903/datanode-2/data/ratis/4e43fd85-fb0f-4fb0-96cc-6834ab77f819 has been successfully formatted.
2019-10-21 22:01:22,578 [Thread-368] INFO  impl.FollowerState (FollowerState.java:run(117)) - f2d88f4a-90c5-4f7b-9da8-5a827903dfc6@group-82AD40169C32-FollowerState was interrupted: java.lang.InterruptedException: sleep interrupted
2019-10-21 22:01:22,578 [grpc-default-executor-4] INFO  impl.RoleInfo (RoleInfo.java:updateAndGet(143)) - f2d88f4a-90c5-4f7b-9da8-5a827903dfc6: start FollowerState
2019-10-21 22:01:22,576 [Thread-363] INFO  impl.FollowerState (FollowerState.java:run(117)) - 1d0c6007-e48f-4ec0-bdc7-6df2bfd38833@group-82AD40169C32-FollowerState was interrupted: java.lang.InterruptedException: sleep interrupted
2019-10-21 22:01:22,576 [grpc-default-executor-3] INFO  impl.RoleInfo (RoleInfo.java:updateAndGet(143)) - 1d0c6007-e48f-4ec0-bdc7-6df2bfd38833: start FollowerState
2019-10-21 22:01:22,576 [a36a670b-6f05-41e5-b505-2b1a8d9f1f79@group-129E33F6DE87-LeaderElection14] INFO  server.RaftServerConfigKeys (ConfUtils.java:logGet(43)) - raft.server.watch.timeout = 10s (default)
2019-10-21 22:01:22,579 [pool-47-thread-1] INFO  ratis.ContainerStateMachine (ContainerStateMachine.java:loadSnapshot(231)) - group-6834AB77F819: The snapshot info is null. Setting the last applied indexto:(t:0, i:~)
2019-10-21 22:01:22,578 [pool-77-thread-1] INFO  ratis.ContainerStateMachine (ContainerStateMachine.java:loadSnapshot(231)) - group-6834AB77F819: The snapshot info is null. Setting the last applied indexto:(t:0, i:~)
2019-10-21 22:01:22,578 [pool-117-thread-1] INFO  ratis.ContainerStateMachine (ContainerStateMachine.java:loadSnapshot(231)) - group-6834AB77F819: The snapshot info is null. Setting the last applied indexto:(t:0, i:~)
2019-10-21 22:01:22,582 [pool-77-thread-1] INFO  server.RaftServerConfigKeys (ConfUtils.java:logGet(43)) - raft.server.notification.no-leader.timeout = 120s (custom)
2019-10-21 22:01:22,582 [pool-47-thread-1] INFO  server.RaftServerConfigKeys (ConfUtils.java:logGet(43)) - raft.server.notification.no-leader.timeout = 120s (custom)
2019-10-21 22:01:22,582 [a36a670b-6f05-41e5-b505-2b1a8d9f1f79@group-129E33F6DE87-LeaderElection14] INFO  server.RaftServerConfigKeys (ConfUtils.java:logGet(43)) - raft.server.watch.timeout.denomination = 1s (default)
2019-10-21 22:01:22,582 [pool-47-thread-1] INFO  server.RaftServerConfigKeys (ConfUtils.java:logGet(43)) - raft.server.log.use.memory = false (default)
2019-10-21 22:01:22,582 [pool-77-thread-1] INFO  server.RaftServerConfigKeys (ConfUtils.java:logGet(43)) - raft.server.log.use.memory = false (default)
2019-10-21 22:01:22,582 [pool-117-thread-1] INFO  server.RaftServerConfigKeys (ConfUtils.java:logGet(43)) - raft.server.notification.no-leader.timeout = 120s (custom)
2019-10-21 22:01:22,583 [pool-77-thread-1] INFO  server.RaftServerConfigKeys (ConfUtils.java:logGet(43)) - raft.server.log.purge.gap = 1000000 (custom)
2019-10-21 22:01:22,583 [pool-47-thread-1] INFO  server.RaftServerConfigKeys (ConfUtils.java:logGet(43)) - raft.server.log.purge.gap = 1000000 (custom)
2019-10-21 22:01:22,583 [a36a670b-6f05-41e5-b505-2b1a8d9f1f79@group-129E33F6DE87-LeaderElection14] INFO  server.RaftServerConfigKeys (ConfUtils.java:logGet(43)) - raft.server.watch.element-limit = 65536 (default)
2019-10-21 22:01:22,583 [pool-47-thread-1] INFO  server.RaftServerConfigKeys (ConfUtils.java:logGet(43)) - raft.server.log.appender.buffer.byte-limit = 33554432 (custom)
2019-10-21 22:01:22,583 [pool-77-thread-1] INFO  server.RaftServerConfigKeys (ConfUtils.java:logGet(43)) - raft.server.log.appender.buffer.byte-limit = 33554432 (custom)
2019-10-21 22:01:22,583 [pool-117-thread-1] INFO  server.RaftServerConfigKeys (ConfUtils.java:logGet(43)) - raft.server.log.use.memory = false (default)
2019-10-21 22:01:22,584 [pool-77-thread-1] INFO  server.RaftServerConfigKeys (ConfUtils.java:logGet(43)) - raft.server.log.segment.size.max = 1048576 (custom)
2019-10-21 22:01:22,584 [pool-47-thread-1] INFO  server.RaftServerConfigKeys (ConfUtils.java:logGet(43)) - raft.server.log.segment.size.max = 1048576 (custom)
2019-10-21 22:01:22,584 [pool-77-thread-1] INFO  server.RaftServerConfigKeys (ConfUtils.java:logGet(43)) - raft.server.log.segment.cache.num.max = 2 (custom)
2019-10-21 22:01:22,584 [pool-117-thread-1] INFO  server.RaftServerConfigKeys (ConfUtils.java:logGet(43)) - raft.server.log.purge.gap = 1000000 (custom)
2019-10-21 22:01:22,584 [pool-77-thread-1] INFO  segmented.SegmentedRaftLogWorker (SegmentedRaftLogWorker.java:<init>(173)) - new 0edd2ec6-20bf-4809-95ac-80dc11748221@group-6834AB77F819-SegmentedRaftLogWorker for RaftStorage:Storage Directory /workdir/hadoop-ozone/integration-test/target/test-dir/MiniOzoneClusterImpl-55d22b23-1d78-4564-93d7-1f68b9a0b903/datanode-5/data/ratis/4e43fd85-fb0f-4fb0-96cc-6834ab77f819
2019-10-21 22:01:22,584 [pool-47-thread-1] INFO  server.RaftServerConfigKeys (ConfUtils.java:logGet(43)) - raft.server.log.segment.cache.num.max = 2 (custom)
2019-10-21 22:01:22,584 [pool-77-thread-1] INFO  server.RaftServerConfigKeys (ConfUtils.java:logGet(43)) - raft.server.log.queue.byte-limit = 2147483647 (custom)
2019-10-21 22:01:22,584 [pool-117-thread-1] INFO  server.RaftServerConfigKeys (ConfUtils.java:logGet(43)) - raft.server.log.appender.buffer.byte-limit = 33554432 (custom)
2019-10-21 22:01:22,585 [pool-77-thread-1] INFO  server.RaftServerConfigKeys (ConfUtils.java:logGet(43)) - raft.server.log.queue.element-limit = 1024 (custom)
2019-10-21 22:01:22,585 [pool-47-thread-1] INFO  segmented.SegmentedRaftLogWorker (SegmentedRaftLogWorker.java:<init>(173)) - new 28432215-63ab-4c85-86e9-79fb72521e72@group-6834AB77F819-SegmentedRaftLogWorker for RaftStorage:Storage Directory /workdir/hadoop-ozone/integration-test/target/test-dir/MiniOzoneClusterImpl-55d22b23-1d78-4564-93d7-1f68b9a0b903/datanode-2/data/ratis/4e43fd85-fb0f-4fb0-96cc-6834ab77f819
2019-10-21 22:01:22,585 [pool-77-thread-1] INFO  server.RaftServerConfigKeys (ConfUtils.java:logGet(43)) - raft.server.log.segment.size.max = 1048576 (custom)
2019-10-21 22:01:22,585 [pool-117-thread-1] INFO  server.RaftServerConfigKeys (ConfUtils.java:logGet(43)) - raft.server.log.segment.size.max = 1048576 (custom)
2019-10-21 22:01:22,585 [pool-77-thread-1] INFO  server.RaftServerConfigKeys (ConfUtils.java:logGet(43)) - raft.server.log.preallocated.size = 16384 (custom)
2019-10-21 22:01:22,585 [pool-47-thread-1] INFO  server.RaftServerConfigKeys (ConfUtils.java:logGet(43)) - raft.server.log.queue.byte-limit = 2147483647 (custom)
2019-10-21 22:01:22,585 [pool-77-thread-1] INFO  server.RaftServerConfigKeys (ConfUtils.java:logGet(43)) - raft.server.log.write.buffer.size = 33554432 (custom)
2019-10-21 22:01:22,585 [pool-117-thread-1] INFO  server.RaftServerConfigKeys (ConfUtils.java:logGet(43)) - raft.server.log.segment.cache.num.max = 2 (custom)
2019-10-21 22:01:22,586 [pool-77-thread-1] INFO  server.RaftServerConfigKeys (ConfUtils.java:logGet(43)) - raft.server.log.force.sync.num = 128 (default)
2019-10-21 22:01:22,585 [pool-47-thread-1] INFO  server.RaftServerConfigKeys (ConfUtils.java:logGet(43)) - raft.server.log.queue.element-limit = 1024 (custom)
2019-10-21 22:01:22,586 [pool-77-thread-1] INFO  server.RaftServerConfigKeys (ConfUtils.java:logGet(43)) - raft.server.log.statemachine.data.sync = true (default)
2019-10-21 22:01:22,586 [pool-117-thread-1] INFO  segmented.SegmentedRaftLogWorker (SegmentedRaftLogWorker.java:<init>(173)) - new e152cc11-8922-4c62-a829-a835e5f58570@group-6834AB77F819-SegmentedRaftLogWorker for RaftStorage:Storage Directory /workdir/hadoop-ozone/integration-test/target/test-dir/MiniOzoneClusterImpl-55d22b23-1d78-4564-93d7-1f68b9a0b903/datanode-9/data/ratis/4e43fd85-fb0f-4fb0-96cc-6834ab77f819
2019-10-21 22:01:22,586 [pool-77-thread-1] INFO  server.RaftServerConfigKeys (ConfUtils.java:logGet(43)) - raft.server.log.statemachine.data.sync.timeout = 10s (default)
2019-10-21 22:01:22,586 [pool-47-thread-1] INFO  server.RaftServerConfigKeys (ConfUtils.java:logGet(43)) - raft.server.log.segment.size.max = 1048576 (custom)
2019-10-21 22:01:22,586 [pool-77-thread-1] INFO  server.RaftServerConfigKeys (ConfUtils.java:logGet(43)) - raft.server.log.statemachine.data.sync.timeout.retry = -1 (default)
2019-10-21 22:01:22,586 [pool-117-thread-1] INFO  server.RaftServerConfigKeys (ConfUtils.java:logGet(43)) - raft.server.log.queue.byte-limit = 2147483647 (custom)
2019-10-21 22:01:22,586 [pool-47-thread-1] INFO  server.RaftServerConfigKeys (ConfUtils.java:logGet(43)) - raft.server.log.preallocated.size = 16384 (custom)
2019-10-21 22:01:22,587 [pool-77-thread-1] INFO  server.RaftServerConfigKeys (ConfUtils.java:logGet(43)) - raft.server.log.statemachine.data.caching.enabled = true (custom)
2019-10-21 22:01:22,587 [pool-117-thread-1] INFO  server.RaftServerConfigKeys (ConfUtils.java:logGet(43)) - raft.server.log.queue.element-limit = 1024 (custom)
2019-10-21 22:01:22,587 [pool-47-thread-1] INFO  server.RaftServerConfigKeys (ConfUtils.java:logGet(43)) - raft.server.log.write.buffer.size = 33554432 (custom)
2019-10-21 22:01:22,587 [pool-117-thread-1] INFO  server.RaftServerConfigKeys (ConfUtils.java:logGet(43)) - raft.server.log.segment.size.max = 1048576 (custom)
2019-10-21 22:01:22,587 [pool-47-thread-1] INFO  server.RaftServerConfigKeys (ConfUtils.java:logGet(43)) - raft.server.log.force.sync.num = 128 (default)
2019-10-21 22:01:22,589 [pool-117-thread-1] INFO  server.RaftServerConfigKeys (ConfUtils.java:logGet(43)) - raft.server.log.preallocated.size = 16384 (custom)
2019-10-21 22:01:22,589 [pool-77-thread-1] INFO  segmented.SegmentedRaftLogWorker (SegmentedRaftLogWorker.java:lambda$new$0(128)) - 0edd2ec6-20bf-4809-95ac-80dc11748221@group-6834AB77F819-SegmentedRaftLogWorker: flushIndex: setUnconditionally 0 -> -1
2019-10-21 22:01:22,589 [pool-47-thread-1] INFO  server.RaftServerConfigKeys (ConfUtils.java:logGet(43)) - raft.server.log.statemachine.data.sync = true (default)
2019-10-21 22:01:22,589 [a36a670b-6f05-41e5-b505-2b1a8d9f1f79@group-129E33F6DE87-LeaderElection14] INFO  server.RaftServerConfigKeys (ConfUtils.java:logGet(43)) - raft.server.log.appender.snapshot.chunk.size.max = 16MB (=16777216) (default)
2019-10-21 22:01:22,589 [pool-117-thread-1] INFO  server.RaftServerConfigKeys (ConfUtils.java:logGet(43)) - raft.server.log.write.buffer.size = 33554432 (custom)
2019-10-21 22:01:22,589 [a36a670b-6f05-41e5-b505-2b1a8d9f1f79@group-129E33F6DE87-LeaderElection14] INFO  server.RaftServerConfigKeys (ConfUtils.java:logGet(43)) - raft.server.log.appender.buffer.byte-limit = 33554432 (custom)
2019-10-21 22:01:22,589 [pool-77-thread-1] INFO  server.RaftServerConfigKeys (ConfUtils.java:logGet(43)) - raft.server.snapshot.auto.trigger.enabled = true (custom)
2019-10-21 22:01:22,589 [pool-47-thread-1] INFO  server.RaftServerConfigKeys (ConfUtils.java:logGet(43)) - raft.server.log.statemachine.data.sync.timeout = 10s (default)
2019-10-21 22:01:22,590 [pool-77-thread-1] INFO  server.RaftServerConfigKeys (ConfUtils.java:logGet(43)) - raft.server.snapshot.auto.trigger.threshold = 10000 (custom)
2019-10-21 22:01:22,590 [pool-77-thread-1] INFO  server.RaftServerConfigKeys (ConfUtils.java:logGet(43)) - raft.server.snapshot.retention.file.num = 5 (custom)
2019-10-21 22:01:22,590 [pool-117-thread-1] INFO  server.RaftServerConfigKeys (ConfUtils.java:logGet(43)) - raft.server.log.force.sync.num = 128 (default)
2019-10-21 22:01:22,590 [pool-77-thread-1] INFO  server.RaftServerConfigKeys (ConfUtils.java:logGet(43)) - raft.server.retrycache.expirytime = 600000ms (custom)
2019-10-21 22:01:22,590 [pool-117-thread-1] INFO  server.RaftServerConfigKeys (ConfUtils.java:logGet(43)) - raft.server.log.statemachine.data.sync = true (default)
2019-10-21 22:01:22,590 [a36a670b-6f05-41e5-b505-2b1a8d9f1f79@group-129E33F6DE87-LeaderElection14] INFO  server.RaftServerConfigKeys (ConfUtils.java:logGet(43)) - raft.server.log.appender.buffer.element-limit = 1 (custom)
2019-10-21 22:01:22,590 [pool-47-thread-1] INFO  server.RaftServerConfigKeys (ConfUtils.java:logGet(43)) - raft.server.log.statemachine.data.sync.timeout.retry = -1 (default)
2019-10-21 22:01:22,590 [pool-117-thread-1] INFO  server.RaftServerConfigKeys (ConfUtils.java:logGet(43)) - raft.server.log.statemachine.data.sync.timeout = 10s (default)
2019-10-21 22:01:22,591 [pool-47-thread-1] INFO  server.RaftServerConfigKeys (ConfUtils.java:logGet(43)) - raft.server.log.statemachine.data.caching.enabled = true (custom)
2019-10-21 22:01:22,591 [eb218cae-34fb-4b75-a560-8fba2ee61629@group-82AD40169C32-LeaderElection15] INFO  impl.LeaderElection (LeaderElection.java:logAndReturn(56)) - eb218cae-34fb-4b75-a560-8fba2ee61629@group-82AD40169C32-LeaderElection15: Election PASSED; received 1 response(s) [eb218cae-34fb-4b75-a560-8fba2ee61629<-1d0c6007-e48f-4ec0-bdc7-6df2bfd38833#0:OK-t3] and 0 exception(s); eb218cae-34fb-4b75-a560-8fba2ee61629@group-82AD40169C32:t3, leader=null, voted=eb218cae-34fb-4b75-a560-8fba2ee61629, raftlog=eb218cae-34fb-4b75-a560-8fba2ee61629@group-82AD40169C32-SegmentedRaftLog:OPENED:c-1,f-1,i0, conf=-1: [f2d88f4a-90c5-4f7b-9da8-5a827903dfc6:192.168.34.8:35483, eb218cae-34fb-4b75-a560-8fba2ee61629:192.168.34.8:34887, 1d0c6007-e48f-4ec0-bdc7-6df2bfd38833:192.168.34.8:33242], old=null
2019-10-21 22:01:22,591 [pool-117-thread-1] INFO  server.RaftServerConfigKeys (ConfUtils.java:logGet(43)) - raft.server.log.statemachine.data.sync.timeout.retry = -1 (default)
2019-10-21 22:01:22,591 [pool-47-thread-1] INFO  segmented.SegmentedRaftLogWorker (SegmentedRaftLogWorker.java:lambda$new$0(128)) - 28432215-63ab-4c85-86e9-79fb72521e72@group-6834AB77F819-SegmentedRaftLogWorker: flushIndex: setUnconditionally 0 -> -1
2019-10-21 22:01:22,593 [pool-117-thread-1] INFO  server.RaftServerConfigKeys (ConfUtils.java:logGet(43)) - raft.server.log.statemachine.data.caching.enabled = true (custom)
2019-10-21 22:01:22,593 [eb218cae-34fb-4b75-a560-8fba2ee61629@group-82AD40169C32-LeaderElection15] INFO  impl.RoleInfo (RoleInfo.java:shutdownLeaderElection(134)) - eb218cae-34fb-4b75-a560-8fba2ee61629: shutdown LeaderElection
2019-10-21 22:01:22,593 [pool-47-thread-1] INFO  server.RaftServerConfigKeys (ConfUtils.java:logGet(43)) - raft.server.snapshot.auto.trigger.enabled = true (custom)
2019-10-21 22:01:22,593 [eb218cae-34fb-4b75-a560-8fba2ee61629@group-82AD40169C32-LeaderElection15] INFO  impl.RaftServerImpl (RaftServerImpl.java:setRole(184)) - eb218cae-34fb-4b75-a560-8fba2ee61629@group-82AD40169C32: changes role from CANDIDATE to LEADER at term 3 for changeToLeader
2019-10-21 22:01:22,595 [pool-117-thread-1] INFO  segmented.SegmentedRaftLogWorker (SegmentedRaftLogWorker.java:lambda$new$0(128)) - e152cc11-8922-4c62-a829-a835e5f58570@group-6834AB77F819-SegmentedRaftLogWorker: flushIndex: setUnconditionally 0 -> -1
2019-10-21 22:01:22,595 [pool-47-thread-1] INFO  server.RaftServerConfigKeys (ConfUtils.java:logGet(43)) - raft.server.snapshot.auto.trigger.threshold = 10000 (custom)
2019-10-21 22:01:22,596 [eb218cae-34fb-4b75-a560-8fba2ee61629@group-82AD40169C32-LeaderElection15] INFO  impl.RaftServerImpl (ServerState.java:setLeader(256)) - eb218cae-34fb-4b75-a560-8fba2ee61629@group-82AD40169C32: change Leader from null to eb218cae-34fb-4b75-a560-8fba2ee61629 at term 3 for becomeLeader, leader elected after 424ms
2019-10-21 22:01:22,596 [pool-47-thread-1] INFO  server.RaftServerConfigKeys (ConfUtils.java:logGet(43)) - raft.server.snapshot.retention.file.num = 5 (custom)
2019-10-21 22:01:22,596 [eb218cae-34fb-4b75-a560-8fba2ee61629@group-82AD40169C32-LeaderElection15] INFO  server.RaftServerConfigKeys (ConfUtils.java:logGet(43)) - raft.server.staging.catchup.gap = 1000 (default)
2019-10-21 22:01:22,597 [pool-47-thread-1] INFO  server.RaftServerConfigKeys (ConfUtils.java:logGet(43)) - raft.server.retrycache.expirytime = 600000ms (custom)
2019-10-21 22:01:22,596 [pool-117-thread-1] INFO  server.RaftServerConfigKeys (ConfUtils.java:logGet(43)) - raft.server.snapshot.auto.trigger.enabled = true (custom)
2019-10-21 22:01:22,597 [eb218cae-34fb-4b75-a560-8fba2ee61629@group-82AD40169C32-LeaderElection15] INFO  server.RaftServerConfigKeys (ConfUtils.java:logGet(43)) - raft.server.rpc.sleep.time = 25ms (default)
2019-10-21 22:01:22,597 [pool-77-thread-1] INFO  impl.RaftServerImpl (RaftServerImpl.java:start(195)) - 0edd2ec6-20bf-4809-95ac-80dc11748221@group-6834AB77F819: start as a follower, conf=-1: [e152cc11-8922-4c62-a829-a835e5f58570:192.168.34.8:34707, 0edd2ec6-20bf-4809-95ac-80dc11748221:192.168.34.8:43533, 28432215-63ab-4c85-86e9-79fb72521e72:192.168.34.8:33589], old=null
2019-10-21 22:01:22,597 [pool-117-thread-1] INFO  server.RaftServerConfigKeys (ConfUtils.java:logGet(43)) - raft.server.snapshot.auto.trigger.threshold = 10000 (custom)
2019-10-21 22:01:22,597 [pool-77-thread-1] INFO  impl.RaftServerImpl (RaftServerImpl.java:setRole(184)) - 0edd2ec6-20bf-4809-95ac-80dc11748221@group-6834AB77F819: changes role from      null to FOLLOWER at term 0 for startAsFollower
2019-10-21 22:01:22,597 [eb218cae-34fb-4b75-a560-8fba2ee61629@group-82AD40169C32-LeaderElection15] INFO  server.RaftServerConfigKeys (ConfUtils.java:logGet(43)) - raft.server.write.element-limit = 4096 (default)
2019-10-21 22:01:22,597 [pool-117-thread-1] INFO  server.RaftServerConfigKeys (ConfUtils.java:logGet(43)) - raft.server.snapshot.retention.file.num = 5 (custom)
2019-10-21 22:01:22,597 [eb218cae-34fb-4b75-a560-8fba2ee61629@group-82AD40169C32-LeaderElection15] INFO  server.RaftServerConfigKeys (ConfUtils.java:logGet(43)) - raft.server.watch.timeout = 10s (default)
2019-10-21 22:01:22,597 [pool-117-thread-1] INFO  server.RaftServerConfigKeys (ConfUtils.java:logGet(43)) - raft.server.retrycache.expirytime = 600000ms (custom)
2019-10-21 22:01:22,597 [pool-77-thread-1] INFO  impl.RoleInfo (RoleInfo.java:updateAndGet(143)) - 0edd2ec6-20bf-4809-95ac-80dc11748221: start FollowerState
2019-10-21 22:01:22,597 [eb218cae-34fb-4b75-a560-8fba2ee61629@group-82AD40169C32-LeaderElection15] INFO  server.RaftServerConfigKeys (ConfUtils.java:logGet(43)) - raft.server.watch.timeout.denomination = 1s (default)
2019-10-21 22:01:22,597 [a36a670b-6f05-41e5-b505-2b1a8d9f1f79@group-129E33F6DE87-LeaderElection14] INFO  grpc.GrpcConfigKeys$Server (ConfUtils.java:logGet(43)) - raft.grpc.server.leader.outstanding.appends.max = 128 (default)
2019-10-21 22:01:22,598 [eb218cae-34fb-4b75-a560-8fba2ee61629@group-82AD40169C32-LeaderElection15] INFO  server.RaftServerConfigKeys (ConfUtils.java:logGet(43)) - raft.server.watch.element-limit = 65536 (default)
2019-10-21 22:01:22,598 [pool-77-thread-1] INFO  util.JmxRegister (JmxRegister.java:tryRegister(44)) - Successfully registered JMX Bean with object name Ratis:service=RaftServer,group=group-6834AB77F819,id=0edd2ec6-20bf-4809-95ac-80dc11748221
2019-10-21 22:01:22,598 [a36a670b-6f05-41e5-b505-2b1a8d9f1f79@group-129E33F6DE87-LeaderElection14] INFO  server.RaftServerConfigKeys (ConfUtils.java:logGet(43)) - raft.server.rpc.request.timeout = 3000ms (default)
2019-10-21 22:01:22,598 [a36a670b-6f05-41e5-b505-2b1a8d9f1f79@group-129E33F6DE87-LeaderElection14] INFO  server.RaftServerConfigKeys (ConfUtils.java:logGet(43)) - raft.server.log.appender.install.snapshot.enabled = false (custom)
2019-10-21 22:01:22,601 [pool-47-thread-1] INFO  impl.RaftServerImpl (RaftServerImpl.java:start(195)) - 28432215-63ab-4c85-86e9-79fb72521e72@group-6834AB77F819: start as a follower, conf=-1: [e152cc11-8922-4c62-a829-a835e5f58570:192.168.34.8:34707, 0edd2ec6-20bf-4809-95ac-80dc11748221:192.168.34.8:43533, 28432215-63ab-4c85-86e9-79fb72521e72:192.168.34.8:33589], old=null
2019-10-21 22:01:22,601 [pool-47-thread-1] INFO  impl.RaftServerImpl (RaftServerImpl.java:setRole(184)) - 28432215-63ab-4c85-86e9-79fb72521e72@group-6834AB77F819: changes role from      null to FOLLOWER at term 0 for startAsFollower
2019-10-21 22:01:22,601 [pool-47-thread-1] INFO  impl.RoleInfo (RoleInfo.java:updateAndGet(143)) - 28432215-63ab-4c85-86e9-79fb72521e72: start FollowerState
2019-10-21 22:01:22,601 [pool-47-thread-1] INFO  util.JmxRegister (JmxRegister.java:tryRegister(44)) - Successfully registered JMX Bean with object name Ratis:service=RaftServer,group=group-6834AB77F819,id=28432215-63ab-4c85-86e9-79fb72521e72
2019-10-21 22:01:22,607 [pool-117-thread-1] INFO  impl.RaftServerImpl (RaftServerImpl.java:start(195)) - e152cc11-8922-4c62-a829-a835e5f58570@group-6834AB77F819: start as a follower, conf=-1: [e152cc11-8922-4c62-a829-a835e5f58570:192.168.34.8:34707, 0edd2ec6-20bf-4809-95ac-80dc11748221:192.168.34.8:43533, 28432215-63ab-4c85-86e9-79fb72521e72:192.168.34.8:33589], old=null
2019-10-21 22:01:22,607 [pool-117-thread-1] INFO  impl.RaftServerImpl (RaftServerImpl.java:setRole(184)) - e152cc11-8922-4c62-a829-a835e5f58570@group-6834AB77F819: changes role from      null to FOLLOWER at term 0 for startAsFollower
2019-10-21 22:01:22,607 [pool-117-thread-1] INFO  impl.RoleInfo (RoleInfo.java:updateAndGet(143)) - e152cc11-8922-4c62-a829-a835e5f58570: start FollowerState
2019-10-21 22:01:22,607 [eb218cae-34fb-4b75-a560-8fba2ee61629@group-82AD40169C32-LeaderElection15] INFO  server.RaftServerConfigKeys (ConfUtils.java:logGet(43)) - raft.server.log.appender.snapshot.chunk.size.max = 16MB (=16777216) (default)
2019-10-21 22:01:22,607 [eb218cae-34fb-4b75-a560-8fba2ee61629@group-82AD40169C32-LeaderElection15] INFO  server.RaftServerConfigKeys (ConfUtils.java:logGet(43)) - raft.server.log.appender.buffer.byte-limit = 33554432 (custom)
2019-10-21 22:01:22,608 [pool-117-thread-1] INFO  util.JmxRegister (JmxRegister.java:tryRegister(44)) - Successfully registered JMX Bean with object name Ratis:service=RaftServer,group=group-6834AB77F819,id=e152cc11-8922-4c62-a829-a835e5f58570
2019-10-21 22:01:22,608 [eb218cae-34fb-4b75-a560-8fba2ee61629@group-82AD40169C32-LeaderElection15] INFO  server.RaftServerConfigKeys (ConfUtils.java:logGet(43)) - raft.server.log.appender.buffer.element-limit = 1 (custom)
2019-10-21 22:01:22,608 [eb218cae-34fb-4b75-a560-8fba2ee61629@group-82AD40169C32-LeaderElection15] INFO  grpc.GrpcConfigKeys$Server (ConfUtils.java:logGet(43)) - raft.grpc.server.leader.outstanding.appends.max = 128 (default)
2019-10-21 22:01:22,610 [eb218cae-34fb-4b75-a560-8fba2ee61629@group-82AD40169C32-LeaderElection15] INFO  server.RaftServerConfigKeys (ConfUtils.java:logGet(43)) - raft.server.rpc.request.timeout = 3000ms (default)
2019-10-21 22:01:22,610 [eb218cae-34fb-4b75-a560-8fba2ee61629@group-82AD40169C32-LeaderElection15] INFO  server.RaftServerConfigKeys (ConfUtils.java:logGet(43)) - raft.server.log.appender.install.snapshot.enabled = false (custom)
2019-10-21 22:01:22,610 [a36a670b-6f05-41e5-b505-2b1a8d9f1f79@group-129E33F6DE87-LeaderElection14] INFO  server.RaftServerConfigKeys (ConfUtils.java:logGet(43)) - raft.server.log.appender.snapshot.chunk.size.max = 16MB (=16777216) (default)
2019-10-21 22:01:22,610 [a36a670b-6f05-41e5-b505-2b1a8d9f1f79@group-129E33F6DE87-LeaderElection14] INFO  server.RaftServerConfigKeys (ConfUtils.java:logGet(43)) - raft.server.log.appender.buffer.byte-limit = 33554432 (custom)
2019-10-21 22:01:22,610 [a36a670b-6f05-41e5-b505-2b1a8d9f1f79@group-129E33F6DE87-LeaderElection14] INFO  server.RaftServerConfigKeys (ConfUtils.java:logGet(43)) - raft.server.log.appender.buffer.element-limit = 1 (custom)
2019-10-21 22:01:22,611 [a36a670b-6f05-41e5-b505-2b1a8d9f1f79@group-129E33F6DE87-LeaderElection14] INFO  grpc.GrpcConfigKeys$Server (ConfUtils.java:logGet(43)) - raft.grpc.server.leader.outstanding.appends.max = 128 (default)
2019-10-21 22:01:22,611 [a36a670b-6f05-41e5-b505-2b1a8d9f1f79@group-129E33F6DE87-LeaderElection14] INFO  server.RaftServerConfigKeys (ConfUtils.java:logGet(43)) - raft.server.rpc.request.timeout = 3000ms (default)
2019-10-21 22:01:22,612 [a36a670b-6f05-41e5-b505-2b1a8d9f1f79@group-129E33F6DE87-LeaderElection14] INFO  server.RaftServerConfigKeys (ConfUtils.java:logGet(43)) - raft.server.log.appender.install.snapshot.enabled = false (custom)
2019-10-21 22:01:22,615 [eb218cae-34fb-4b75-a560-8fba2ee61629@group-82AD40169C32-LeaderElection15] INFO  server.RaftServerConfigKeys (ConfUtils.java:logGet(43)) - raft.server.log.appender.snapshot.chunk.size.max = 16MB (=16777216) (default)
2019-10-21 22:01:22,616 [eb218cae-34fb-4b75-a560-8fba2ee61629@group-82AD40169C32-LeaderElection15] INFO  server.RaftServerConfigKeys (ConfUtils.java:logGet(43)) - raft.server.log.appender.buffer.byte-limit = 33554432 (custom)
2019-10-21 22:01:22,616 [eb218cae-34fb-4b75-a560-8fba2ee61629@group-82AD40169C32-LeaderElection15] INFO  server.RaftServerConfigKeys (ConfUtils.java:logGet(43)) - raft.server.log.appender.buffer.element-limit = 1 (custom)
2019-10-21 22:01:22,616 [eb218cae-34fb-4b75-a560-8fba2ee61629@group-82AD40169C32-LeaderElection15] INFO  grpc.GrpcConfigKeys$Server (ConfUtils.java:logGet(43)) - raft.grpc.server.leader.outstanding.appends.max = 128 (default)
2019-10-21 22:01:22,616 [eb218cae-34fb-4b75-a560-8fba2ee61629@group-82AD40169C32-LeaderElection15] INFO  server.RaftServerConfigKeys (ConfUtils.java:logGet(43)) - raft.server.rpc.request.timeout = 3000ms (default)
2019-10-21 22:01:22,616 [eb218cae-34fb-4b75-a560-8fba2ee61629@group-82AD40169C32-LeaderElection15] INFO  server.RaftServerConfigKeys (ConfUtils.java:logGet(43)) - raft.server.log.appender.install.snapshot.enabled = false (custom)
2019-10-21 22:01:22,619 [Thread-386] INFO  impl.FollowerState (FollowerState.java:run(108)) - e152cc11-8922-4c62-a829-a835e5f58570@group-6834AB77F819-FollowerState: change to CANDIDATE, lastRpcTime:12ms, electionTimeout:9ms
2019-10-21 22:01:22,619 [Thread-386] INFO  impl.RoleInfo (RoleInfo.java:shutdownFollowerState(121)) - e152cc11-8922-4c62-a829-a835e5f58570: shutdown FollowerState
2019-10-21 22:01:22,619 [Thread-386] INFO  impl.RaftServerImpl (RaftServerImpl.java:setRole(184)) - e152cc11-8922-4c62-a829-a835e5f58570@group-6834AB77F819: changes role from  FOLLOWER to CANDIDATE at term 0 for changeToCandidate
2019-10-21 22:01:22,620 [Thread-386] INFO  impl.RoleInfo (RoleInfo.java:updateAndGet(143)) - e152cc11-8922-4c62-a829-a835e5f58570: start LeaderElection
2019-10-21 22:01:22,630 [Thread-377] INFO  impl.FollowerState (FollowerState.java:run(108)) - 1d0c6007-e48f-4ec0-bdc7-6df2bfd38833@group-82AD40169C32-FollowerState: change to CANDIDATE, lastRpcTime:53ms, electionTimeout:48ms
2019-10-21 22:01:22,631 [Thread-385] INFO  impl.FollowerState (FollowerState.java:run(108)) - 28432215-63ab-4c85-86e9-79fb72521e72@group-6834AB77F819-FollowerState: change to CANDIDATE, lastRpcTime:30ms, electionTimeout:29ms
2019-10-21 22:01:22,631 [Thread-377] INFO  impl.RoleInfo (RoleInfo.java:shutdownFollowerState(121)) - 1d0c6007-e48f-4ec0-bdc7-6df2bfd38833: shutdown FollowerState
2019-10-21 22:01:22,632 [Thread-385] INFO  impl.RoleInfo (RoleInfo.java:shutdownFollowerState(121)) - 28432215-63ab-4c85-86e9-79fb72521e72: shutdown FollowerState
2019-10-21 22:01:22,632 [Thread-377] INFO  impl.RaftServerImpl (RaftServerImpl.java:setRole(184)) - 1d0c6007-e48f-4ec0-bdc7-6df2bfd38833@group-82AD40169C32: changes role from  FOLLOWER to CANDIDATE at term 3 for changeToCandidate
2019-10-21 22:01:22,632 [Thread-385] INFO  impl.RaftServerImpl (RaftServerImpl.java:setRole(184)) - 28432215-63ab-4c85-86e9-79fb72521e72@group-6834AB77F819: changes role from  FOLLOWER to CANDIDATE at term 0 for changeToCandidate
2019-10-21 22:01:22,632 [Thread-377] INFO  impl.RoleInfo (RoleInfo.java:updateAndGet(143)) - 1d0c6007-e48f-4ec0-bdc7-6df2bfd38833: start LeaderElection
2019-10-21 22:01:22,632 [Thread-385] INFO  impl.RoleInfo (RoleInfo.java:updateAndGet(143)) - 28432215-63ab-4c85-86e9-79fb72521e72: start LeaderElection
2019-10-21 22:01:22,635 [RatisPipelineUtilsThread] INFO  pipeline.PipelineStateManager (PipelineStateManager.java:addPipeline(56)) - Created pipeline Pipeline[ Id: 4e43fd85-fb0f-4fb0-96cc-6834ab77f819, Nodes: 0edd2ec6-20bf-4809-95ac-80dc11748221{ip: 192.168.34.8, host: pr-hdds-2310-sp97z-1197097266, networkLocation: /default-rack, certSerialId: null}28432215-63ab-4c85-86e9-79fb72521e72{ip: 192.168.34.8, host: pr-hdds-2310-sp97z-1197097266, networkLocation: /default-rack, certSerialId: null}e152cc11-8922-4c62-a829-a835e5f58570{ip: 192.168.34.8, host: pr-hdds-2310-sp97z-1197097266, networkLocation: /default-rack, certSerialId: null}, Type:RATIS, Factor:THREE, State:OPEN]
2019-10-21 22:01:22,928 [a36a670b-6f05-41e5-b505-2b1a8d9f1f79@group-129E33F6DE87-LeaderElection14] INFO  impl.RoleInfo (RoleInfo.java:updateAndGet(143)) - a36a670b-6f05-41e5-b505-2b1a8d9f1f79: start LeaderState
2019-10-21 22:01:22,928 [Thread-378] INFO  impl.FollowerState (FollowerState.java:run(108)) - f2d88f4a-90c5-4f7b-9da8-5a827903dfc6@group-82AD40169C32-FollowerState: change to CANDIDATE, lastRpcTime:346ms, electionTimeout:99ms
2019-10-21 22:01:22,928 [e152cc11-8922-4c62-a829-a835e5f58570@group-6834AB77F819-LeaderElection16] INFO  impl.LeaderElection (LeaderElection.java:askForVotes(178)) - e152cc11-8922-4c62-a829-a835e5f58570@group-6834AB77F819-LeaderElection16: begin an election at term 1 for -1: [e152cc11-8922-4c62-a829-a835e5f58570:192.168.34.8:34707, 0edd2ec6-20bf-4809-95ac-80dc11748221:192.168.34.8:43533, 28432215-63ab-4c85-86e9-79fb72521e72:192.168.34.8:33589], old=null
2019-10-21 22:01:22,928 [Thread-371] INFO  impl.FollowerState (FollowerState.java:run(108)) - d2d0250e-a378-4f8a-a4ff-ce07d96628f4@group-129E33F6DE87-FollowerState: change to CANDIDATE, lastRpcTime:393ms, electionTimeout:176ms
2019-10-21 22:01:22,928 [Thread-383] INFO  impl.FollowerState (FollowerState.java:run(108)) - 0edd2ec6-20bf-4809-95ac-80dc11748221@group-6834AB77F819-FollowerState: change to CANDIDATE, lastRpcTime:327ms, electionTimeout:42ms
2019-10-21 22:01:22,928 [Thread-372] INFO  impl.FollowerState (FollowerState.java:run(108)) - 756f57d6-6136-46f3-b5ea-af957dae1eda@group-129E33F6DE87-FollowerState: change to CANDIDATE, lastRpcTime:387ms, electionTimeout:110ms
2019-10-21 22:01:22,928 [1d0c6007-e48f-4ec0-bdc7-6df2bfd38833@group-82AD40169C32-LeaderElection17] INFO  impl.LeaderElection (LeaderElection.java:askForVotes(178)) - 1d0c6007-e48f-4ec0-bdc7-6df2bfd38833@group-82AD40169C32-LeaderElection17: begin an election at term 4 for -1: [f2d88f4a-90c5-4f7b-9da8-5a827903dfc6:192.168.34.8:35483, eb218cae-34fb-4b75-a560-8fba2ee61629:192.168.34.8:34887, 1d0c6007-e48f-4ec0-bdc7-6df2bfd38833:192.168.34.8:33242], old=null
2019-10-21 22:01:22,940 [Thread-371] INFO  impl.RoleInfo (RoleInfo.java:shutdownFollowerState(121)) - d2d0250e-a378-4f8a-a4ff-ce07d96628f4: shutdown FollowerState
2019-10-21 22:01:22,940 [Thread-383] INFO  impl.RoleInfo (RoleInfo.java:shutdownFollowerState(121)) - 0edd2ec6-20bf-4809-95ac-80dc11748221: shutdown FollowerState
2019-10-21 22:01:22,940 [a36a670b-6f05-41e5-b505-2b1a8d9f1f79@group-129E33F6DE87-LeaderElection14] INFO  segmented.SegmentedRaftLogWorker (SegmentedRaftLogWorker.java:startLogSegment(385)) - a36a670b-6f05-41e5-b505-2b1a8d9f1f79@group-129E33F6DE87-SegmentedRaftLogWorker: Starting segment from index:0
2019-10-21 22:01:22,938 [Thread-378] INFO  impl.RoleInfo (RoleInfo.java:shutdownFollowerState(121)) - f2d88f4a-90c5-4f7b-9da8-5a827903dfc6: shutdown FollowerState
2019-10-21 22:01:22,930 [eb218cae-34fb-4b75-a560-8fba2ee61629@group-82AD40169C32-LeaderElection15] INFO  impl.RoleInfo (RoleInfo.java:updateAndGet(143)) - eb218cae-34fb-4b75-a560-8fba2ee61629: start LeaderState
2019-10-21 22:01:22,941 [28432215-63ab-4c85-86e9-79fb72521e72@group-6834AB77F819-LeaderElection18] INFO  impl.LeaderElection (LeaderElection.java:askForVotes(178)) - 28432215-63ab-4c85-86e9-79fb72521e72@group-6834AB77F819-LeaderElection18: begin an election at term 1 for -1: [e152cc11-8922-4c62-a829-a835e5f58570:192.168.34.8:34707, 0edd2ec6-20bf-4809-95ac-80dc11748221:192.168.34.8:43533, 28432215-63ab-4c85-86e9-79fb72521e72:192.168.34.8:33589], old=null
2019-10-21 22:01:22,941 [Thread-378] INFO  impl.RaftServerImpl (RaftServerImpl.java:setRole(184)) - f2d88f4a-90c5-4f7b-9da8-5a827903dfc6@group-82AD40169C32: changes role from  FOLLOWER to CANDIDATE at term 3 for changeToCandidate
2019-10-21 22:01:22,941 [Thread-383] INFO  impl.RaftServerImpl (RaftServerImpl.java:setRole(184)) - 0edd2ec6-20bf-4809-95ac-80dc11748221@group-6834AB77F819: changes role from  FOLLOWER to CANDIDATE at term 0 for changeToCandidate
2019-10-21 22:01:22,941 [Thread-371] INFO  impl.RaftServerImpl (RaftServerImpl.java:setRole(184)) - d2d0250e-a378-4f8a-a4ff-ce07d96628f4@group-129E33F6DE87: changes role from  FOLLOWER to CANDIDATE at term 1 for changeToCandidate
2019-10-21 22:01:22,944 [Thread-383] INFO  impl.RoleInfo (RoleInfo.java:updateAndGet(143)) - 0edd2ec6-20bf-4809-95ac-80dc11748221: start LeaderElection
2019-10-21 22:01:22,941 [Thread-372] INFO  impl.RoleInfo (RoleInfo.java:shutdownFollowerState(121)) - 756f57d6-6136-46f3-b5ea-af957dae1eda: shutdown FollowerState
2019-10-21 22:01:22,944 [eb218cae-34fb-4b75-a560-8fba2ee61629@group-82AD40169C32-LeaderElection15] INFO  segmented.SegmentedRaftLogWorker (SegmentedRaftLogWorker.java:startLogSegment(385)) - eb218cae-34fb-4b75-a560-8fba2ee61629@group-82AD40169C32-SegmentedRaftLogWorker: Starting segment from index:0
2019-10-21 22:01:22,944 [Thread-372] INFO  impl.RaftServerImpl (RaftServerImpl.java:setRole(184)) - 756f57d6-6136-46f3-b5ea-af957dae1eda@group-129E33F6DE87: changes role from  FOLLOWER to CANDIDATE at term 1 for changeToCandidate
2019-10-21 22:01:22,945 [Thread-378] INFO  impl.RoleInfo (RoleInfo.java:updateAndGet(143)) - f2d88f4a-90c5-4f7b-9da8-5a827903dfc6: start LeaderElection
2019-10-21 22:01:22,945 [Thread-371] INFO  impl.RoleInfo (RoleInfo.java:updateAndGet(143)) - d2d0250e-a378-4f8a-a4ff-ce07d96628f4: start LeaderElection
2019-10-21 22:01:22,986 [1d0c6007-e48f-4ec0-bdc7-6df2bfd38833@group-82AD40169C32-LeaderElection17] INFO  impl.LeaderElection (LeaderElection.java:logAndReturn(56)) - 1d0c6007-e48f-4ec0-bdc7-6df2bfd38833@group-82AD40169C32-LeaderElection17: Election TIMEOUT; received 0 response(s) [] and 0 exception(s); 1d0c6007-e48f-4ec0-bdc7-6df2bfd38833@group-82AD40169C32:t4, leader=null, voted=1d0c6007-e48f-4ec0-bdc7-6df2bfd38833, raftlog=1d0c6007-e48f-4ec0-bdc7-6df2bfd38833@group-82AD40169C32-SegmentedRaftLog:OPENED:c-1,f-1,i0, conf=-1: [f2d88f4a-90c5-4f7b-9da8-5a827903dfc6:192.168.34.8:35483, eb218cae-34fb-4b75-a560-8fba2ee61629:192.168.34.8:34887, 1d0c6007-e48f-4ec0-bdc7-6df2bfd38833:192.168.34.8:33242], old=null
2019-10-21 22:01:22,992 [eb218cae-34fb-4b75-a560-8fba2ee61629@group-82AD40169C32-LeaderElection15] INFO  impl.RaftServerImpl (ServerState.java:setRaftConf(357)) - eb218cae-34fb-4b75-a560-8fba2ee61629@group-82AD40169C32: set configuration 0: [f2d88f4a-90c5-4f7b-9da8-5a827903dfc6:192.168.34.8:35483, eb218cae-34fb-4b75-a560-8fba2ee61629:192.168.34.8:34887, 1d0c6007-e48f-4ec0-bdc7-6df2bfd38833:192.168.34.8:33242], old=null at 0
2019-10-21 22:01:22,992 [Thread-372] INFO  impl.RoleInfo (RoleInfo.java:updateAndGet(143)) - 756f57d6-6136-46f3-b5ea-af957dae1eda: start LeaderElection
2019-10-21 22:01:22,997 [a36a670b-6f05-41e5-b505-2b1a8d9f1f79@group-129E33F6DE87-LeaderElection14] INFO  impl.RaftServerImpl (ServerState.java:setRaftConf(357)) - a36a670b-6f05-41e5-b505-2b1a8d9f1f79@group-129E33F6DE87: set configuration 0: [756f57d6-6136-46f3-b5ea-af957dae1eda:192.168.34.8:33063, d2d0250e-a378-4f8a-a4ff-ce07d96628f4:192.168.34.8:43170, a36a670b-6f05-41e5-b505-2b1a8d9f1f79:192.168.34.8:32869], old=null at 0
2019-10-21 22:01:22,998 [grpc-default-executor-4] INFO  impl.RaftServerImpl (ServerState.java:setLeader(256)) - eb218cae-34fb-4b75-a560-8fba2ee61629@group-82AD40169C32: change Leader from eb218cae-34fb-4b75-a560-8fba2ee61629 to null at term 4 for updateCurrentTerm
2019-10-21 22:01:22,998 [Thread-283] INFO  container.ReplicationManager (ReplicationManager.java:start(162)) - Starting Replication Monitor Thread.
2019-10-21 22:01:22,998 [grpc-default-executor-4] INFO  impl.RaftServerImpl (RaftServerImpl.java:setRole(184)) - eb218cae-34fb-4b75-a560-8fba2ee61629@group-82AD40169C32: changes role from    LEADER to FOLLOWER at term 4 for recognizeCandidate:1d0c6007-e48f-4ec0-bdc7-6df2bfd38833
2019-10-21 22:01:22,998 [grpc-default-executor-4] INFO  impl.RoleInfo (RoleInfo.java:shutdownLeaderState(104)) - eb218cae-34fb-4b75-a560-8fba2ee61629: shutdown LeaderState
2019-10-21 22:01:23,000 [eb218cae-34fb-4b75-a560-8fba2ee61629@group-82AD40169C32-SegmentedRaftLogWorker] INFO  segmented.SegmentedRaftLogWorker (SegmentedRaftLogWorker.java:execute(576)) - eb218cae-34fb-4b75-a560-8fba2ee61629@group-82AD40169C32-SegmentedRaftLogWorker: created new log segment /workdir/hadoop-ozone/integration-test/target/test-dir/MiniOzoneClusterImpl-55d22b23-1d78-4564-93d7-1f68b9a0b903/datanode-1/data/ratis/cd3b640d-a296-49d1-813b-82ad40169c32/current/log_inprogress_0
2019-10-21 22:01:23,000 [a36a670b-6f05-41e5-b505-2b1a8d9f1f79@group-129E33F6DE87-SegmentedRaftLogWorker] INFO  segmented.SegmentedRaftLogWorker (SegmentedRaftLogWorker.java:execute(576)) - a36a670b-6f05-41e5-b505-2b1a8d9f1f79@group-129E33F6DE87-SegmentedRaftLogWorker: created new log segment /workdir/hadoop-ozone/integration-test/target/test-dir/MiniOzoneClusterImpl-55d22b23-1d78-4564-93d7-1f68b9a0b903/datanode-4/data/ratis/016262df-1d97-4b0a-a602-129e33f6de87/current/log_inprogress_0
2019-10-21 22:01:23,005 [ReplicationMonitor] INFO  container.ReplicationManager (ReplicationManager.java:run(225)) - Replication Monitor Thread took 2 milliseconds for processing 0 containers.
2019-10-21 22:01:23,006 [grpc-default-executor-4] INFO  impl.PendingRequests (PendingRequests.java:sendNotLeaderResponses(202)) - eb218cae-34fb-4b75-a560-8fba2ee61629@group-82AD40169C32-PendingRequests: sendNotLeaderResponses
2019-10-21 22:01:23,009 [grpc-default-executor-4] INFO  impl.RoleInfo (RoleInfo.java:updateAndGet(143)) - eb218cae-34fb-4b75-a560-8fba2ee61629: start FollowerState
2019-10-21 22:01:23,015 [f2d88f4a-90c5-4f7b-9da8-5a827903dfc6@group-82AD40169C32-LeaderElection19] INFO  impl.LeaderElection (LeaderElection.java:askForVotes(178)) - f2d88f4a-90c5-4f7b-9da8-5a827903dfc6@group-82AD40169C32-LeaderElection19: begin an election at term 4 for -1: [f2d88f4a-90c5-4f7b-9da8-5a827903dfc6:192.168.34.8:35483, eb218cae-34fb-4b75-a560-8fba2ee61629:192.168.34.8:34887, 1d0c6007-e48f-4ec0-bdc7-6df2bfd38833:192.168.34.8:33242], old=null
2019-10-21 22:01:23,015 [1d0c6007-e48f-4ec0-bdc7-6df2bfd38833@group-82AD40169C32-LeaderElection17] INFO  impl.LeaderElection (LeaderElection.java:askForVotes(178)) - 1d0c6007-e48f-4ec0-bdc7-6df2bfd38833@group-82AD40169C32-LeaderElection17: begin an election at term 5 for -1: [f2d88f4a-90c5-4f7b-9da8-5a827903dfc6:192.168.34.8:35483, eb218cae-34fb-4b75-a560-8fba2ee61629:192.168.34.8:34887, 1d0c6007-e48f-4ec0-bdc7-6df2bfd38833:192.168.34.8:33242], old=null
2019-10-21 22:01:23,017 [0edd2ec6-20bf-4809-95ac-80dc11748221@group-6834AB77F819-LeaderElection20] INFO  impl.LeaderElection (LeaderElection.java:askForVotes(178)) - 0edd2ec6-20bf-4809-95ac-80dc11748221@group-6834AB77F819-LeaderElection20: begin an election at term 1 for -1: [e152cc11-8922-4c62-a829-a835e5f58570:192.168.34.8:34707, 0edd2ec6-20bf-4809-95ac-80dc11748221:192.168.34.8:43533, 28432215-63ab-4c85-86e9-79fb72521e72:192.168.34.8:33589], old=null
2019-10-21 22:01:23,015 [756f57d6-6136-46f3-b5ea-af957dae1eda@group-129E33F6DE87-LeaderElection22] INFO  impl.LeaderElection (LeaderElection.java:askForVotes(178)) - 756f57d6-6136-46f3-b5ea-af957dae1eda@group-129E33F6DE87-LeaderElection22: begin an election at term 2 for -1: [756f57d6-6136-46f3-b5ea-af957dae1eda:192.168.34.8:33063, d2d0250e-a378-4f8a-a4ff-ce07d96628f4:192.168.34.8:43170, a36a670b-6f05-41e5-b505-2b1a8d9f1f79:192.168.34.8:32869], old=null
2019-10-21 22:01:23,015 [d2d0250e-a378-4f8a-a4ff-ce07d96628f4@group-129E33F6DE87-LeaderElection21] INFO  impl.LeaderElection (LeaderElection.java:askForVotes(178)) - d2d0250e-a378-4f8a-a4ff-ce07d96628f4@group-129E33F6DE87-LeaderElection21: begin an election at term 2 for -1: [756f57d6-6136-46f3-b5ea-af957dae1eda:192.168.34.8:33063, d2d0250e-a378-4f8a-a4ff-ce07d96628f4:192.168.34.8:43170, a36a670b-6f05-41e5-b505-2b1a8d9f1f79:192.168.34.8:32869], old=null
2019-10-21 22:01:23,031 [org.apache.ratis.server.impl.LogAppender$AppenderDaemon$$Lambda$446/1128881196@1aa458bf] WARN  server.GrpcLogAppender (GrpcLogAppender.java:mayWait(149)) - eb218cae-34fb-4b75-a560-8fba2ee61629@group-82AD40169C32->1d0c6007-e48f-4ec0-bdc7-6df2bfd38833-GrpcLogAppender: Wait interrupted by java.lang.InterruptedException
2019-10-21 22:01:23,031 [org.apache.ratis.server.impl.LogAppender$AppenderDaemon$$Lambda$446/1128881196@2bc5d1af] WARN  server.GrpcLogAppender (GrpcLogAppender.java:mayWait(149)) - eb218cae-34fb-4b75-a560-8fba2ee61629@group-82AD40169C32->f2d88f4a-90c5-4f7b-9da8-5a827903dfc6-GrpcLogAppender: Wait interrupted by java.lang.InterruptedException
2019-10-21 22:01:23,036 [e152cc11-8922-4c62-a829-a835e5f58570@group-6834AB77F819-LeaderElection16] INFO  impl.LeaderElection (LeaderElection.java:logAndReturn(56)) - e152cc11-8922-4c62-a829-a835e5f58570@group-6834AB77F819-LeaderElection16: Election REJECTED; received 2 response(s) [e152cc11-8922-4c62-a829-a835e5f58570<-0edd2ec6-20bf-4809-95ac-80dc11748221#0:FAIL-t1, e152cc11-8922-4c62-a829-a835e5f58570<-28432215-63ab-4c85-86e9-79fb72521e72#0:FAIL-t1] and 0 exception(s); e152cc11-8922-4c62-a829-a835e5f58570@group-6834AB77F819:t1, leader=null, voted=e152cc11-8922-4c62-a829-a835e5f58570, raftlog=e152cc11-8922-4c62-a829-a835e5f58570@group-6834AB77F819-SegmentedRaftLog:OPENED:c-1,f-1,i0, conf=-1: [e152cc11-8922-4c62-a829-a835e5f58570:192.168.34.8:34707, 0edd2ec6-20bf-4809-95ac-80dc11748221:192.168.34.8:43533, 28432215-63ab-4c85-86e9-79fb72521e72:192.168.34.8:33589], old=null
2019-10-21 22:01:23,041 [e152cc11-8922-4c62-a829-a835e5f58570@group-6834AB77F819-LeaderElection16] INFO  impl.RaftServerImpl (RaftServerImpl.java:setRole(184)) - e152cc11-8922-4c62-a829-a835e5f58570@group-6834AB77F819: changes role from CANDIDATE to FOLLOWER at term 1 for DISCOVERED_A_NEW_TERM
2019-10-21 22:01:23,042 [e152cc11-8922-4c62-a829-a835e5f58570@group-6834AB77F819-LeaderElection16] INFO  impl.RoleInfo (RoleInfo.java:shutdownLeaderElection(134)) - e152cc11-8922-4c62-a829-a835e5f58570: shutdown LeaderElection
2019-10-21 22:01:23,042 [e152cc11-8922-4c62-a829-a835e5f58570@group-6834AB77F819-LeaderElection16] INFO  impl.RoleInfo (RoleInfo.java:updateAndGet(143)) - e152cc11-8922-4c62-a829-a835e5f58570: start FollowerState
2019-10-21 22:01:23,045 [28432215-63ab-4c85-86e9-79fb72521e72@group-6834AB77F819-LeaderElection18] INFO  impl.LeaderElection (LeaderElection.java:logAndReturn(56)) - 28432215-63ab-4c85-86e9-79fb72521e72@group-6834AB77F819-LeaderElection18: Election TIMEOUT; received 0 response(s) [] and 0 exception(s); 28432215-63ab-4c85-86e9-79fb72521e72@group-6834AB77F819:t1, leader=null, voted=28432215-63ab-4c85-86e9-79fb72521e72, raftlog=28432215-63ab-4c85-86e9-79fb72521e72@group-6834AB77F819-SegmentedRaftLog:OPENED:c-1,f-1,i0, conf=-1: [e152cc11-8922-4c62-a829-a835e5f58570:192.168.34.8:34707, 0edd2ec6-20bf-4809-95ac-80dc11748221:192.168.34.8:43533, 28432215-63ab-4c85-86e9-79fb72521e72:192.168.34.8:33589], old=null
2019-10-21 22:01:23,059 [0edd2ec6-20bf-4809-95ac-80dc11748221@group-6834AB77F819-LeaderElection20] INFO  impl.LeaderElection (LeaderElection.java:logAndReturn(56)) - 0edd2ec6-20bf-4809-95ac-80dc11748221@group-6834AB77F819-LeaderElection20: Election TIMEOUT; received 0 response(s) [] and 0 exception(s); 0edd2ec6-20bf-4809-95ac-80dc11748221@group-6834AB77F819:t1, leader=null, voted=0edd2ec6-20bf-4809-95ac-80dc11748221, raftlog=0edd2ec6-20bf-4809-95ac-80dc11748221@group-6834AB77F819-SegmentedRaftLog:OPENED:c-1,f-1,i0, conf=-1: [e152cc11-8922-4c62-a829-a835e5f58570:192.168.34.8:34707, 0edd2ec6-20bf-4809-95ac-80dc11748221:192.168.34.8:43533, 28432215-63ab-4c85-86e9-79fb72521e72:192.168.34.8:33589], old=null
2019-10-21 22:01:23,059 [grpc-default-executor-3] INFO  impl.RaftServerImpl (RaftServerImpl.java:setRole(184)) - eb218cae-34fb-4b75-a560-8fba2ee61629@group-82AD40169C32: changes role from  FOLLOWER to FOLLOWER at term 4 for recognizeCandidate:f2d88f4a-90c5-4f7b-9da8-5a827903dfc6
2019-10-21 22:01:23,060 [grpc-default-executor-3] INFO  impl.RoleInfo (RoleInfo.java:shutdownFollowerState(121)) - eb218cae-34fb-4b75-a560-8fba2ee61629: shutdown FollowerState
2019-10-21 22:01:23,061 [grpc-default-executor-3] INFO  impl.RoleInfo (RoleInfo.java:updateAndGet(143)) - eb218cae-34fb-4b75-a560-8fba2ee61629: start FollowerState
2019-10-21 22:01:23,061 [Thread-407] INFO  impl.FollowerState (FollowerState.java:run(117)) - eb218cae-34fb-4b75-a560-8fba2ee61629@group-82AD40169C32-FollowerState was interrupted: java.lang.InterruptedException: sleep interrupted
2019-10-21 22:01:23,065 [grpc-default-executor-2] INFO  impl.RaftServerImpl (RaftServerImpl.java:setRole(184)) - eb218cae-34fb-4b75-a560-8fba2ee61629@group-82AD40169C32: changes role from  FOLLOWER to FOLLOWER at term 5 for recognizeCandidate:1d0c6007-e48f-4ec0-bdc7-6df2bfd38833
2019-10-21 22:01:23,067 [grpc-default-executor-2] INFO  impl.RoleInfo (RoleInfo.java:shutdownFollowerState(121)) - eb218cae-34fb-4b75-a560-8fba2ee61629: shutdown FollowerState
2019-10-21 22:01:23,067 [0edd2ec6-20bf-4809-95ac-80dc11748221@group-6834AB77F819-LeaderElection20] INFO  impl.LeaderElection (LeaderElection.java:askForVotes(178)) - 0edd2ec6-20bf-4809-95ac-80dc11748221@group-6834AB77F819-LeaderElection20: begin an election at term 2 for -1: [e152cc11-8922-4c62-a829-a835e5f58570:192.168.34.8:34707, 0edd2ec6-20bf-4809-95ac-80dc11748221:192.168.34.8:43533, 28432215-63ab-4c85-86e9-79fb72521e72:192.168.34.8:33589], old=null
2019-10-21 22:01:23,067 [Thread-419] INFO  impl.FollowerState (FollowerState.java:run(117)) - eb218cae-34fb-4b75-a560-8fba2ee61629@group-82AD40169C32-FollowerState was interrupted: java.lang.InterruptedException: sleep interrupted
2019-10-21 22:01:23,067 [28432215-63ab-4c85-86e9-79fb72521e72@group-6834AB77F819-LeaderElection18] INFO  impl.LeaderElection (LeaderElection.java:askForVotes(178)) - 28432215-63ab-4c85-86e9-79fb72521e72@group-6834AB77F819-LeaderElection18: begin an election at term 2 for -1: [e152cc11-8922-4c62-a829-a835e5f58570:192.168.34.8:34707, 0edd2ec6-20bf-4809-95ac-80dc11748221:192.168.34.8:43533, 28432215-63ab-4c85-86e9-79fb72521e72:192.168.34.8:33589], old=null
2019-10-21 22:01:23,067 [grpc-default-executor-2] INFO  impl.RoleInfo (RoleInfo.java:updateAndGet(143)) - eb218cae-34fb-4b75-a560-8fba2ee61629: start FollowerState
2019-10-21 22:01:23,069 [grpc-default-executor-0] INFO  server.GrpcServerProtocolService (GrpcServerProtocolService.java:onCompleted(113)) - 1d0c6007-e48f-4ec0-bdc7-6df2bfd38833: Completed APPEND_ENTRIES, lastRequest: null
2019-10-21 22:01:23,069 [grpc-default-executor-4] INFO  server.GrpcServerProtocolService (GrpcServerProtocolService.java:onCompleted(113)) - f2d88f4a-90c5-4f7b-9da8-5a827903dfc6: Completed APPEND_ENTRIES, lastRequest: null
2019-10-21 22:01:23,074 [f2d88f4a-90c5-4f7b-9da8-5a827903dfc6@group-82AD40169C32-LeaderElection19] INFO  impl.LeaderElection (LeaderElection.java:logAndReturn(56)) - f2d88f4a-90c5-4f7b-9da8-5a827903dfc6@group-82AD40169C32-LeaderElection19: Election TIMEOUT; received 1 response(s) [f2d88f4a-90c5-4f7b-9da8-5a827903dfc6<-eb218cae-34fb-4b75-a560-8fba2ee61629#0:FAIL-t4] and 0 exception(s); f2d88f4a-90c5-4f7b-9da8-5a827903dfc6@group-82AD40169C32:t4, leader=null, voted=f2d88f4a-90c5-4f7b-9da8-5a827903dfc6, raftlog=f2d88f4a-90c5-4f7b-9da8-5a827903dfc6@group-82AD40169C32-SegmentedRaftLog:OPENED:c-1,f-1,i0, conf=-1: [f2d88f4a-90c5-4f7b-9da8-5a827903dfc6:192.168.34.8:35483, eb218cae-34fb-4b75-a560-8fba2ee61629:192.168.34.8:34887, 1d0c6007-e48f-4ec0-bdc7-6df2bfd38833:192.168.34.8:33242], old=null
2019-10-21 22:01:23,076 [grpc-default-executor-1] INFO  impl.RaftServerImpl (ServerState.java:setLeader(256)) - a36a670b-6f05-41e5-b505-2b1a8d9f1f79@group-129E33F6DE87: change Leader from a36a670b-6f05-41e5-b505-2b1a8d9f1f79 to null at term 2 for updateCurrentTerm
2019-10-21 22:01:23,076 [grpc-default-executor-1] INFO  impl.RaftServerImpl (RaftServerImpl.java:setRole(184)) - a36a670b-6f05-41e5-b505-2b1a8d9f1f79@group-129E33F6DE87: changes role from    LEADER to FOLLOWER at term 2 for recognizeCandidate:d2d0250e-a378-4f8a-a4ff-ce07d96628f4
2019-10-21 22:01:23,076 [grpc-default-executor-1] INFO  impl.RoleInfo (RoleInfo.java:shutdownLeaderState(104)) - a36a670b-6f05-41e5-b505-2b1a8d9f1f79: shutdown LeaderState
2019-10-21 22:01:23,079 [org.apache.ratis.server.impl.LogAppender$AppenderDaemon$$Lambda$446/1128881196@55e9813f] WARN  server.GrpcLogAppender (GrpcLogAppender.java:mayWait(149)) - a36a670b-6f05-41e5-b505-2b1a8d9f1f79@group-129E33F6DE87->d2d0250e-a378-4f8a-a4ff-ce07d96628f4-GrpcLogAppender: Wait interrupted by java.lang.InterruptedException
2019-10-21 22:01:23,081 [org.apache.ratis.server.impl.LogAppender$AppenderDaemon$$Lambda$446/1128881196@a85661b] WARN  server.GrpcLogAppender (GrpcLogAppender.java:mayWait(149)) - a36a670b-6f05-41e5-b505-2b1a8d9f1f79@group-129E33F6DE87->756f57d6-6136-46f3-b5ea-af957dae1eda-GrpcLogAppender: Wait interrupted by java.lang.InterruptedException
2019-10-21 22:01:23,081 [grpc-default-executor-1] INFO  impl.PendingRequests (PendingRequests.java:sendNotLeaderResponses(202)) - a36a670b-6f05-41e5-b505-2b1a8d9f1f79@group-129E33F6DE87-PendingRequests: sendNotLeaderResponses
2019-10-21 22:01:23,083 [f2d88f4a-90c5-4f7b-9da8-5a827903dfc6@group-82AD40169C32-LeaderElection19] INFO  impl.LeaderElection (LeaderElection.java:askForVotes(178)) - f2d88f4a-90c5-4f7b-9da8-5a827903dfc6@group-82AD40169C32-LeaderElection19: begin an election at term 5 for -1: [f2d88f4a-90c5-4f7b-9da8-5a827903dfc6:192.168.34.8:35483, eb218cae-34fb-4b75-a560-8fba2ee61629:192.168.34.8:34887, 1d0c6007-e48f-4ec0-bdc7-6df2bfd38833:192.168.34.8:33242], old=null
2019-10-21 22:01:23,093 [grpc-default-executor-1] INFO  impl.RoleInfo (RoleInfo.java:updateAndGet(143)) - a36a670b-6f05-41e5-b505-2b1a8d9f1f79: start FollowerState
2019-10-21 22:01:23,095 [grpc-default-executor-2] INFO  server.GrpcLogAppender (GrpcLogAppender.java:onCompleted(308)) - eb218cae-34fb-4b75-a560-8fba2ee61629@group-82AD40169C32->f2d88f4a-90c5-4f7b-9da8-5a827903dfc6-AppendLogResponseHandler: follower responses appendEntries COMPLETED
2019-10-21 22:01:23,103 [756f57d6-6136-46f3-b5ea-af957dae1eda@group-129E33F6DE87-LeaderElection22] INFO  impl.LeaderElection (LeaderElection.java:logAndReturn(56)) - 756f57d6-6136-46f3-b5ea-af957dae1eda@group-129E33F6DE87-LeaderElection22: Election TIMEOUT; received 1 response(s) [756f57d6-6136-46f3-b5ea-af957dae1eda<-d2d0250e-a378-4f8a-a4ff-ce07d96628f4#0:FAIL-t2] and 0 exception(s); 756f57d6-6136-46f3-b5ea-af957dae1eda@group-129E33F6DE87:t2, leader=null, voted=756f57d6-6136-46f3-b5ea-af957dae1eda, raftlog=756f57d6-6136-46f3-b5ea-af957dae1eda@group-129E33F6DE87-SegmentedRaftLog:OPENED:c-1,f-1,i0, conf=-1: [756f57d6-6136-46f3-b5ea-af957dae1eda:192.168.34.8:33063, d2d0250e-a378-4f8a-a4ff-ce07d96628f4:192.168.34.8:43170, a36a670b-6f05-41e5-b505-2b1a8d9f1f79:192.168.34.8:32869], old=null
2019-10-21 22:01:23,105 [0edd2ec6-20bf-4809-95ac-80dc11748221@group-6834AB77F819-LeaderElection20] INFO  impl.LeaderElection (LeaderElection.java:logAndReturn(56)) - 0edd2ec6-20bf-4809-95ac-80dc11748221@group-6834AB77F819-LeaderElection20: Election TIMEOUT; received 0 response(s) [] and 0 exception(s); 0edd2ec6-20bf-4809-95ac-80dc11748221@group-6834AB77F819:t2, leader=null, voted=0edd2ec6-20bf-4809-95ac-80dc11748221, raftlog=0edd2ec6-20bf-4809-95ac-80dc11748221@group-6834AB77F819-SegmentedRaftLog:OPENED:c-1,f-1,i0, conf=-1: [e152cc11-8922-4c62-a829-a835e5f58570:192.168.34.8:34707, 0edd2ec6-20bf-4809-95ac-80dc11748221:192.168.34.8:43533, 28432215-63ab-4c85-86e9-79fb72521e72:192.168.34.8:33589], old=null
2019-10-21 22:01:23,105 [1d0c6007-e48f-4ec0-bdc7-6df2bfd38833@group-82AD40169C32-LeaderElection17] INFO  impl.LeaderElection (LeaderElection.java:logAndReturn(56)) - 1d0c6007-e48f-4ec0-bdc7-6df2bfd38833@group-82AD40169C32-LeaderElection17: Election REJECTED; received 2 response(s) [1d0c6007-e48f-4ec0-bdc7-6df2bfd38833<-f2d88f4a-90c5-4f7b-9da8-5a827903dfc6#0:FAIL-t5, 1d0c6007-e48f-4ec0-bdc7-6df2bfd38833<-eb218cae-34fb-4b75-a560-8fba2ee61629#0:FAIL-t5] and 0 exception(s); 1d0c6007-e48f-4ec0-bdc7-6df2bfd38833@group-82AD40169C32:t5, leader=null, voted=1d0c6007-e48f-4ec0-bdc7-6df2bfd38833, raftlog=1d0c6007-e48f-4ec0-bdc7-6df2bfd38833@group-82AD40169C32-SegmentedRaftLog:OPENED:c-1,f-1,i0, conf=-1: [f2d88f4a-90c5-4f7b-9da8-5a827903dfc6:192.168.34.8:35483, eb218cae-34fb-4b75-a560-8fba2ee61629:192.168.34.8:34887, 1d0c6007-e48f-4ec0-bdc7-6df2bfd38833:192.168.34.8:33242], old=null
2019-10-21 22:01:23,107 [1d0c6007-e48f-4ec0-bdc7-6df2bfd38833@group-82AD40169C32-LeaderElection17] INFO  impl.RaftServerImpl (RaftServerImpl.java:setRole(184)) - 1d0c6007-e48f-4ec0-bdc7-6df2bfd38833@group-82AD40169C32: changes role from CANDIDATE to FOLLOWER at term 5 for DISCOVERED_A_NEW_TERM
2019-10-21 22:01:23,108 [1d0c6007-e48f-4ec0-bdc7-6df2bfd38833@group-82AD40169C32-LeaderElection17] INFO  impl.RoleInfo (RoleInfo.java:shutdownLeaderElection(134)) - 1d0c6007-e48f-4ec0-bdc7-6df2bfd38833: shutdown LeaderElection
2019-10-21 22:01:23,117 [1d0c6007-e48f-4ec0-bdc7-6df2bfd38833@group-82AD40169C32-LeaderElection17] INFO  impl.RoleInfo (RoleInfo.java:updateAndGet(143)) - 1d0c6007-e48f-4ec0-bdc7-6df2bfd38833: start FollowerState
2019-10-21 22:01:23,117 [Thread-418] INFO  impl.FollowerState (FollowerState.java:run(108)) - e152cc11-8922-4c62-a829-a835e5f58570@group-6834AB77F819-FollowerState: change to CANDIDATE, lastRpcTime:75ms, electionTimeout:68ms
2019-10-21 22:01:23,120 [Thread-418] INFO  impl.RoleInfo (RoleInfo.java:shutdownFollowerState(121)) - e152cc11-8922-4c62-a829-a835e5f58570: shutdown FollowerState
2019-10-21 22:01:23,120 [Thread-418] INFO  impl.RaftServerImpl (RaftServerImpl.java:setRole(184)) - e152cc11-8922-4c62-a829-a835e5f58570@group-6834AB77F819: changes role from  FOLLOWER to CANDIDATE at term 1 for changeToCandidate
2019-10-21 22:01:23,120 [Thread-418] INFO  impl.RoleInfo (RoleInfo.java:updateAndGet(143)) - e152cc11-8922-4c62-a829-a835e5f58570: start LeaderElection
2019-10-21 22:01:23,122 [d2d0250e-a378-4f8a-a4ff-ce07d96628f4@group-129E33F6DE87-LeaderElection21] INFO  impl.LeaderElection (LeaderElection.java:logAndReturn(56)) - d2d0250e-a378-4f8a-a4ff-ce07d96628f4@group-129E33F6DE87-LeaderElection21: Election TIMEOUT; received 0 response(s) [] and 0 exception(s); d2d0250e-a378-4f8a-a4ff-ce07d96628f4@group-129E33F6DE87:t2, leader=null, voted=d2d0250e-a378-4f8a-a4ff-ce07d96628f4, raftlog=d2d0250e-a378-4f8a-a4ff-ce07d96628f4@group-129E33F6DE87-SegmentedRaftLog:OPENED:c-1,f-1,i0, conf=-1: [756f57d6-6136-46f3-b5ea-af957dae1eda:192.168.34.8:33063, d2d0250e-a378-4f8a-a4ff-ce07d96628f4:192.168.34.8:43170, a36a670b-6f05-41e5-b505-2b1a8d9f1f79:192.168.34.8:32869], old=null
2019-10-21 22:01:23,130 [grpc-default-executor-0] INFO  server.GrpcServerProtocolService (GrpcServerProtocolService.java:onCompleted(113)) - 756f57d6-6136-46f3-b5ea-af957dae1eda: Completed APPEND_ENTRIES, lastRequest: a36a670b-6f05-41e5-b505-2b1a8d9f1f79->756f57d6-6136-46f3-b5ea-af957dae1eda#0-t1, previous=(t:0, i:0), leaderCommit=-1, initializing? false, entries: <empty>
2019-10-21 22:01:23,130 [grpc-default-executor-5] INFO  impl.RaftServerImpl (RaftServerImpl.java:setRole(184)) - eb218cae-34fb-4b75-a560-8fba2ee61629@group-82AD40169C32: changes role from  FOLLOWER to FOLLOWER at term 5 for recognizeCandidate:f2d88f4a-90c5-4f7b-9da8-5a827903dfc6
2019-10-21 22:01:23,132 [grpc-default-executor-5] INFO  impl.RoleInfo (RoleInfo.java:shutdownFollowerState(121)) - eb218cae-34fb-4b75-a560-8fba2ee61629: shutdown FollowerState
2019-10-21 22:01:23,130 [grpc-default-executor-2] INFO  impl.FollowerInfo (FollowerInfo.java:lambda$new$0(51)) - eb218cae-34fb-4b75-a560-8fba2ee61629@group-82AD40169C32->f2d88f4a-90c5-4f7b-9da8-5a827903dfc6: nextIndex: updateUnconditionally 0 -> 0
2019-10-21 22:01:23,132 [grpc-default-executor-5] INFO  impl.RoleInfo (RoleInfo.java:updateAndGet(143)) - eb218cae-34fb-4b75-a560-8fba2ee61629: start FollowerState
2019-10-21 22:01:23,132 [Thread-422] INFO  impl.FollowerState (FollowerState.java:run(117)) - eb218cae-34fb-4b75-a560-8fba2ee61629@group-82AD40169C32-FollowerState was interrupted: java.lang.InterruptedException: sleep interrupted
2019-10-21 22:01:23,132 [e152cc11-8922-4c62-a829-a835e5f58570@group-6834AB77F819-LeaderElection23] INFO  impl.LeaderElection (LeaderElection.java:askForVotes(178)) - e152cc11-8922-4c62-a829-a835e5f58570@group-6834AB77F819-LeaderElection23: begin an election at term 2 for -1: [e152cc11-8922-4c62-a829-a835e5f58570:192.168.34.8:34707, 0edd2ec6-20bf-4809-95ac-80dc11748221:192.168.34.8:43533, 28432215-63ab-4c85-86e9-79fb72521e72:192.168.34.8:33589], old=null
2019-10-21 22:01:23,132 [0edd2ec6-20bf-4809-95ac-80dc11748221@group-6834AB77F819-LeaderElection20] INFO  impl.LeaderElection (LeaderElection.java:askForVotes(178)) - 0edd2ec6-20bf-4809-95ac-80dc11748221@group-6834AB77F819-LeaderElection20: begin an election at term 3 for -1: [e152cc11-8922-4c62-a829-a835e5f58570:192.168.34.8:34707, 0edd2ec6-20bf-4809-95ac-80dc11748221:192.168.34.8:43533, 28432215-63ab-4c85-86e9-79fb72521e72:192.168.34.8:33589], old=null
2019-10-21 22:01:23,132 [grpc-default-executor-2] INFO  server.GrpcServerProtocolService (GrpcServerProtocolService.java:onCompleted(113)) - d2d0250e-a378-4f8a-a4ff-ce07d96628f4: Completed APPEND_ENTRIES, lastRequest: a36a670b-6f05-41e5-b505-2b1a8d9f1f79->d2d0250e-a378-4f8a-a4ff-ce07d96628f4#0-t1, previous=(t:0, i:0), leaderCommit=-1, initializing? false, entries: <empty>
2019-10-21 22:01:23,134 [756f57d6-6136-46f3-b5ea-af957dae1eda@group-129E33F6DE87-LeaderElection22] INFO  impl.LeaderElection (LeaderElection.java:askForVotes(178)) - 756f57d6-6136-46f3-b5ea-af957dae1eda@group-129E33F6DE87-LeaderElection22: begin an election at term 3 for -1: [756f57d6-6136-46f3-b5ea-af957dae1eda:192.168.34.8:33063, d2d0250e-a378-4f8a-a4ff-ce07d96628f4:192.168.34.8:43170, a36a670b-6f05-41e5-b505-2b1a8d9f1f79:192.168.34.8:32869], old=null
2019-10-21 22:01:23,134 [d2d0250e-a378-4f8a-a4ff-ce07d96628f4@group-129E33F6DE87-LeaderElection21] INFO  impl.LeaderElection (LeaderElection.java:askForVotes(178)) - d2d0250e-a378-4f8a-a4ff-ce07d96628f4@group-129E33F6DE87-LeaderElection21: begin an election at term 3 for -1: [756f57d6-6136-46f3-b5ea-af957dae1eda:192.168.34.8:33063, d2d0250e-a378-4f8a-a4ff-ce07d96628f4:192.168.34.8:43170, a36a670b-6f05-41e5-b505-2b1a8d9f1f79:192.168.34.8:32869], old=null
2019-10-21 22:01:23,134 [grpc-default-executor-2] INFO  server.GrpcLogAppender (GrpcLogAppender.java:onCompleted(308)) - eb218cae-34fb-4b75-a560-8fba2ee61629@group-82AD40169C32->1d0c6007-e48f-4ec0-bdc7-6df2bfd38833-AppendLogResponseHandler: follower responses appendEntries COMPLETED
2019-10-21 22:01:23,138 [f2d88f4a-90c5-4f7b-9da8-5a827903dfc6@group-82AD40169C32-LeaderElection19] INFO  impl.LeaderElection (LeaderElection.java:logAndReturn(56)) - f2d88f4a-90c5-4f7b-9da8-5a827903dfc6@group-82AD40169C32-LeaderElection19: Election TIMEOUT; received 0 response(s) [] and 0 exception(s); f2d88f4a-90c5-4f7b-9da8-5a827903dfc6@group-82AD40169C32:t5, leader=null, voted=f2d88f4a-90c5-4f7b-9da8-5a827903dfc6, raftlog=f2d88f4a-90c5-4f7b-9da8-5a827903dfc6@group-82AD40169C32-SegmentedRaftLog:OPENED:c-1,f-1,i0, conf=-1: [f2d88f4a-90c5-4f7b-9da8-5a827903dfc6:192.168.34.8:35483, eb218cae-34fb-4b75-a560-8fba2ee61629:192.168.34.8:34887, 1d0c6007-e48f-4ec0-bdc7-6df2bfd38833:192.168.34.8:33242], old=null
2019-10-21 22:01:23,142 [grpc-default-executor-0] INFO  server.GrpcLogAppender (GrpcLogAppender.java:onCompleted(308)) - a36a670b-6f05-41e5-b505-2b1a8d9f1f79@group-129E33F6DE87->756f57d6-6136-46f3-b5ea-af957dae1eda-AppendLogResponseHandler: follower responses appendEntries COMPLETED
2019-10-21 22:01:23,143 [grpc-default-executor-4] INFO  impl.RaftServerImpl (RaftServerImpl.java:setRole(184)) - a36a670b-6f05-41e5-b505-2b1a8d9f1f79@group-129E33F6DE87: changes role from  FOLLOWER to FOLLOWER at term 3 for recognizeCandidate:d2d0250e-a378-4f8a-a4ff-ce07d96628f4
2019-10-21 22:01:23,145 [grpc-default-executor-4] INFO  impl.RoleInfo (RoleInfo.java:shutdownFollowerState(121)) - a36a670b-6f05-41e5-b505-2b1a8d9f1f79: shutdown FollowerState
2019-10-21 22:01:23,145 [Thread-427] INFO  impl.FollowerState (FollowerState.java:run(117)) - a36a670b-6f05-41e5-b505-2b1a8d9f1f79@group-129E33F6DE87-FollowerState was interrupted: java.lang.InterruptedException: sleep interrupted
2019-10-21 22:01:23,145 [grpc-default-executor-4] INFO  impl.RoleInfo (RoleInfo.java:updateAndGet(143)) - a36a670b-6f05-41e5-b505-2b1a8d9f1f79: start FollowerState
2019-10-21 22:01:23,145 [grpc-default-executor-0] INFO  impl.FollowerInfo (FollowerInfo.java:lambda$new$0(51)) - a36a670b-6f05-41e5-b505-2b1a8d9f1f79@group-129E33F6DE87->756f57d6-6136-46f3-b5ea-af957dae1eda: nextIndex: updateUnconditionally 0 -> 0
2019-10-21 22:01:23,145 [grpc-default-executor-2] INFO  impl.FollowerInfo (FollowerInfo.java:lambda$new$0(51)) - eb218cae-34fb-4b75-a560-8fba2ee61629@group-82AD40169C32->1d0c6007-e48f-4ec0-bdc7-6df2bfd38833: nextIndex: updateUnconditionally 0 -> 0
2019-10-21 22:01:23,149 [grpc-default-executor-3] INFO  impl.RaftServerImpl (RaftServerImpl.java:setRole(184)) - e152cc11-8922-4c62-a829-a835e5f58570@group-6834AB77F819: changes role from CANDIDATE to FOLLOWER at term 3 for recognizeCandidate:0edd2ec6-20bf-4809-95ac-80dc11748221
2019-10-21 22:01:23,149 [grpc-default-executor-6] INFO  impl.RaftServerImpl (RaftServerImpl.java:setRole(184)) - 28432215-63ab-4c85-86e9-79fb72521e72@group-6834AB77F819: changes role from CANDIDATE to FOLLOWER at term 3 for recognizeCandidate:0edd2ec6-20bf-4809-95ac-80dc11748221
2019-10-21 22:01:23,149 [grpc-default-executor-3] INFO  impl.RoleInfo (RoleInfo.java:shutdownLeaderElection(134)) - e152cc11-8922-4c62-a829-a835e5f58570: shutdown LeaderElection
2019-10-21 22:01:23,149 [grpc-default-executor-6] INFO  impl.RoleInfo (RoleInfo.java:shutdownLeaderElection(134)) - 28432215-63ab-4c85-86e9-79fb72521e72: shutdown LeaderElection
2019-10-21 22:01:23,150 [grpc-default-executor-3] INFO  impl.RoleInfo (RoleInfo.java:updateAndGet(143)) - e152cc11-8922-4c62-a829-a835e5f58570: start FollowerState
2019-10-21 22:01:23,150 [grpc-default-executor-6] INFO  impl.RoleInfo (RoleInfo.java:updateAndGet(143)) - 28432215-63ab-4c85-86e9-79fb72521e72: start FollowerState
2019-10-21 22:01:23,150 [28432215-63ab-4c85-86e9-79fb72521e72@group-6834AB77F819-LeaderElection18] INFO  impl.LeaderElection (LeaderElection.java:logAndReturn(56)) - 28432215-63ab-4c85-86e9-79fb72521e72@group-6834AB77F819-LeaderElection18: Election DISCOVERED_A_NEW_TERM; received 1 response(s) [28432215-63ab-4c85-86e9-79fb72521e72<-0edd2ec6-20bf-4809-95ac-80dc11748221#0:FAIL-t3] and 0 exception(s); 28432215-63ab-4c85-86e9-79fb72521e72@group-6834AB77F819:t3, leader=null, voted=null, raftlog=28432215-63ab-4c85-86e9-79fb72521e72@group-6834AB77F819-SegmentedRaftLog:OPENED:c-1,f-1,i0, conf=-1: [e152cc11-8922-4c62-a829-a835e5f58570:192.168.34.8:34707, 0edd2ec6-20bf-4809-95ac-80dc11748221:192.168.34.8:43533, 28432215-63ab-4c85-86e9-79fb72521e72:192.168.34.8:33589], old=null
2019-10-21 22:01:23,152 [e152cc11-8922-4c62-a829-a835e5f58570@group-6834AB77F819-LeaderElection23] INFO  impl.LeaderElection (LeaderElection.java:logAndReturn(56)) - e152cc11-8922-4c62-a829-a835e5f58570@group-6834AB77F819-LeaderElection23: Election REJECTED; received 1 response(s) [e152cc11-8922-4c62-a829-a835e5f58570<-28432215-63ab-4c85-86e9-79fb72521e72#0:FAIL-t2] and 0 exception(s); e152cc11-8922-4c62-a829-a835e5f58570@group-6834AB77F819:t3, leader=null, voted=null, raftlog=e152cc11-8922-4c62-a829-a835e5f58570@group-6834AB77F819-SegmentedRaftLog:OPENED:c-1,f-1,i0, conf=-1: [e152cc11-8922-4c62-a829-a835e5f58570:192.168.34.8:34707, 0edd2ec6-20bf-4809-95ac-80dc11748221:192.168.34.8:43533, 28432215-63ab-4c85-86e9-79fb72521e72:192.168.34.8:33589], old=null
2019-10-21 22:01:23,152 [f2d88f4a-90c5-4f7b-9da8-5a827903dfc6@group-82AD40169C32-LeaderElection19] INFO  impl.LeaderElection (LeaderElection.java:askForVotes(178)) - f2d88f4a-90c5-4f7b-9da8-5a827903dfc6@group-82AD40169C32-LeaderElection19: begin an election at term 6 for -1: [f2d88f4a-90c5-4f7b-9da8-5a827903dfc6:192.168.34.8:35483, eb218cae-34fb-4b75-a560-8fba2ee61629:192.168.34.8:34887, 1d0c6007-e48f-4ec0-bdc7-6df2bfd38833:192.168.34.8:33242], old=null
2019-10-21 22:01:23,156 [grpc-default-executor-7] INFO  server.GrpcLogAppender (GrpcLogAppender.java:onCompleted(308)) - a36a670b-6f05-41e5-b505-2b1a8d9f1f79@group-129E33F6DE87->d2d0250e-a378-4f8a-a4ff-ce07d96628f4-AppendLogResponseHandler: follower responses appendEntries COMPLETED
2019-10-21 22:01:23,163 [grpc-default-executor-4] INFO  impl.RaftServerImpl (RaftServerImpl.java:setRole(184)) - a36a670b-6f05-41e5-b505-2b1a8d9f1f79@group-129E33F6DE87: changes role from  FOLLOWER to FOLLOWER at term 3 for recognizeCandidate:756f57d6-6136-46f3-b5ea-af957dae1eda
2019-10-21 22:01:23,163 [grpc-default-executor-5] INFO  impl.RaftServerImpl (RaftServerImpl.java:setRole(184)) - 1d0c6007-e48f-4ec0-bdc7-6df2bfd38833@group-82AD40169C32: changes role from  FOLLOWER to FOLLOWER at term 6 for recognizeCandidate:f2d88f4a-90c5-4f7b-9da8-5a827903dfc6
2019-10-21 22:01:23,163 [grpc-default-executor-0] INFO  impl.RaftServerImpl (RaftServerImpl.java:setRole(184)) - eb218cae-34fb-4b75-a560-8fba2ee61629@group-82AD40169C32: changes role from  FOLLOWER to FOLLOWER at term 6 for recognizeCandidate:f2d88f4a-90c5-4f7b-9da8-5a827903dfc6
2019-10-21 22:01:23,163 [grpc-default-executor-4] INFO  impl.RoleInfo (RoleInfo.java:shutdownFollowerState(121)) - a36a670b-6f05-41e5-b505-2b1a8d9f1f79: shutdown FollowerState
2019-10-21 22:01:23,164 [grpc-default-executor-0] INFO  impl.RoleInfo (RoleInfo.java:shutdownFollowerState(121)) - eb218cae-34fb-4b75-a560-8fba2ee61629: shutdown FollowerState
2019-10-21 22:01:23,163 [grpc-default-executor-5] INFO  impl.RoleInfo (RoleInfo.java:shutdownFollowerState(121)) - 1d0c6007-e48f-4ec0-bdc7-6df2bfd38833: shutdown FollowerState
2019-10-21 22:01:23,164 [grpc-default-executor-0] INFO  impl.RoleInfo (RoleInfo.java:updateAndGet(143)) - eb218cae-34fb-4b75-a560-8fba2ee61629: start FollowerState
2019-10-21 22:01:23,164 [Thread-432] INFO  impl.FollowerState (FollowerState.java:run(117)) - eb218cae-34fb-4b75-a560-8fba2ee61629@group-82AD40169C32-FollowerState was interrupted: java.lang.InterruptedException: sleep interrupted
2019-10-21 22:01:23,164 [grpc-default-executor-4] INFO  impl.RoleInfo (RoleInfo.java:updateAndGet(143)) - a36a670b-6f05-41e5-b505-2b1a8d9f1f79: start FollowerState
2019-10-21 22:01:23,164 [Thread-441] INFO  impl.FollowerState (FollowerState.java:run(117)) - a36a670b-6f05-41e5-b505-2b1a8d9f1f79@group-129E33F6DE87-FollowerState was interrupted: java.lang.InterruptedException: sleep interrupted
2019-10-21 22:01:23,164 [grpc-default-executor-5] INFO  impl.RoleInfo (RoleInfo.java:updateAndGet(143)) - 1d0c6007-e48f-4ec0-bdc7-6df2bfd38833: start FollowerState
2019-10-21 22:01:23,164 [Thread-430] INFO  impl.FollowerState (FollowerState.java:run(117)) - 1d0c6007-e48f-4ec0-bdc7-6df2bfd38833@group-82AD40169C32-FollowerState was interrupted: java.lang.InterruptedException: sleep interrupted
2019-10-21 22:01:23,171 [d2d0250e-a378-4f8a-a4ff-ce07d96628f4@group-129E33F6DE87-LeaderElection21] INFO  impl.LeaderElection (LeaderElection.java:logAndReturn(56)) - d2d0250e-a378-4f8a-a4ff-ce07d96628f4@group-129E33F6DE87-LeaderElection21: Election REJECTED; received 2 response(s) [d2d0250e-a378-4f8a-a4ff-ce07d96628f4<-756f57d6-6136-46f3-b5ea-af957dae1eda#0:FAIL-t3, d2d0250e-a378-4f8a-a4ff-ce07d96628f4<-a36a670b-6f05-41e5-b505-2b1a8d9f1f79#0:FAIL-t3] and 0 exception(s); d2d0250e-a378-4f8a-a4ff-ce07d96628f4@group-129E33F6DE87:t3, leader=null, voted=d2d0250e-a378-4f8a-a4ff-ce07d96628f4, raftlog=d2d0250e-a378-4f8a-a4ff-ce07d96628f4@group-129E33F6DE87-SegmentedRaftLog:OPENED:c-1,f-1,i0, conf=-1: [756f57d6-6136-46f3-b5ea-af957dae1eda:192.168.34.8:33063, d2d0250e-a378-4f8a-a4ff-ce07d96628f4:192.168.34.8:43170, a36a670b-6f05-41e5-b505-2b1a8d9f1f79:192.168.34.8:32869], old=null
2019-10-21 22:01:23,176 [d2d0250e-a378-4f8a-a4ff-ce07d96628f4@group-129E33F6DE87-LeaderElection21] INFO  impl.RaftServerImpl (RaftServerImpl.java:setRole(184)) - d2d0250e-a378-4f8a-a4ff-ce07d96628f4@group-129E33F6DE87: changes role from CANDIDATE to FOLLOWER at term 3 for DISCOVERED_A_NEW_TERM
2019-10-21 22:01:23,176 [d2d0250e-a378-4f8a-a4ff-ce07d96628f4@group-129E33F6DE87-LeaderElection21] INFO  impl.RoleInfo (RoleInfo.java:shutdownLeaderElection(134)) - d2d0250e-a378-4f8a-a4ff-ce07d96628f4: shutdown LeaderElection
2019-10-21 22:01:23,176 [grpc-default-executor-7] INFO  impl.FollowerInfo (FollowerInfo.java:lambda$new$0(51)) - a36a670b-6f05-41e5-b505-2b1a8d9f1f79@group-129E33F6DE87->d2d0250e-a378-4f8a-a4ff-ce07d96628f4: nextIndex: updateUnconditionally 0 -> 0
2019-10-21 22:01:23,182 [d2d0250e-a378-4f8a-a4ff-ce07d96628f4@group-129E33F6DE87-LeaderElection21] INFO  impl.RoleInfo (RoleInfo.java:updateAndGet(143)) - d2d0250e-a378-4f8a-a4ff-ce07d96628f4: start FollowerState
2019-10-21 22:01:23,187 [756f57d6-6136-46f3-b5ea-af957dae1eda@group-129E33F6DE87-LeaderElection22] INFO  impl.LeaderElection (LeaderElection.java:logAndReturn(56)) - 756f57d6-6136-46f3-b5ea-af957dae1eda@group-129E33F6DE87-LeaderElection22: Election REJECTED; received 2 response(s) [756f57d6-6136-46f3-b5ea-af957dae1eda<-d2d0250e-a378-4f8a-a4ff-ce07d96628f4#0:FAIL-t3, 756f57d6-6136-46f3-b5ea-af957dae1eda<-a36a670b-6f05-41e5-b505-2b1a8d9f1f79#0:FAIL-t3] and 0 exception(s); 756f57d6-6136-46f3-b5ea-af957dae1eda@group-129E33F6DE87:t3, leader=null, voted=756f57d6-6136-46f3-b5ea-af957dae1eda, raftlog=756f57d6-6136-46f3-b5ea-af957dae1eda@group-129E33F6DE87-SegmentedRaftLog:OPENED:c-1,f-1,i0, conf=-1: [756f57d6-6136-46f3-b5ea-af957dae1eda:192.168.34.8:33063, d2d0250e-a378-4f8a-a4ff-ce07d96628f4:192.168.34.8:43170, a36a670b-6f05-41e5-b505-2b1a8d9f1f79:192.168.34.8:32869], old=null
2019-10-21 22:01:23,189 [756f57d6-6136-46f3-b5ea-af957dae1eda@group-129E33F6DE87-LeaderElection22] INFO  impl.RaftServerImpl (RaftServerImpl.java:setRole(184)) - 756f57d6-6136-46f3-b5ea-af957dae1eda@group-129E33F6DE87: changes role from CANDIDATE to FOLLOWER at term 3 for DISCOVERED_A_NEW_TERM
2019-10-21 22:01:23,189 [756f57d6-6136-46f3-b5ea-af957dae1eda@group-129E33F6DE87-LeaderElection22] INFO  impl.RoleInfo (RoleInfo.java:shutdownLeaderElection(134)) - 756f57d6-6136-46f3-b5ea-af957dae1eda: shutdown LeaderElection
2019-10-21 22:01:23,189 [756f57d6-6136-46f3-b5ea-af957dae1eda@group-129E33F6DE87-LeaderElection22] INFO  impl.RoleInfo (RoleInfo.java:updateAndGet(143)) - 756f57d6-6136-46f3-b5ea-af957dae1eda: start FollowerState
2019-10-21 22:01:23,190 [0edd2ec6-20bf-4809-95ac-80dc11748221@group-6834AB77F819-LeaderElection20] INFO  impl.LeaderElection (LeaderElection.java:logAndReturn(56)) - 0edd2ec6-20bf-4809-95ac-80dc11748221@group-6834AB77F819-LeaderElection20: Election REJECTED; received 2 response(s) [0edd2ec6-20bf-4809-95ac-80dc11748221<-e152cc11-8922-4c62-a829-a835e5f58570#0:FAIL-t3, 0edd2ec6-20bf-4809-95ac-80dc11748221<-28432215-63ab-4c85-86e9-79fb72521e72#0:FAIL-t3] and 0 exception(s); 0edd2ec6-20bf-4809-95ac-80dc11748221@group-6834AB77F819:t3, leader=null, voted=0edd2ec6-20bf-4809-95ac-80dc11748221, raftlog=0edd2ec6-20bf-4809-95ac-80dc11748221@group-6834AB77F819-SegmentedRaftLog:OPENED:c-1,f-1,i0, conf=-1: [e152cc11-8922-4c62-a829-a835e5f58570:192.168.34.8:34707, 0edd2ec6-20bf-4809-95ac-80dc11748221:192.168.34.8:43533, 28432215-63ab-4c85-86e9-79fb72521e72:192.168.34.8:33589], old=null
2019-10-21 22:01:23,192 [0edd2ec6-20bf-4809-95ac-80dc11748221@group-6834AB77F819-LeaderElection20] INFO  impl.RaftServerImpl (RaftServerImpl.java:setRole(184)) - 0edd2ec6-20bf-4809-95ac-80dc11748221@group-6834AB77F819: changes role from CANDIDATE to FOLLOWER at term 3 for DISCOVERED_A_NEW_TERM
2019-10-21 22:01:23,192 [0edd2ec6-20bf-4809-95ac-80dc11748221@group-6834AB77F819-LeaderElection20] INFO  impl.RoleInfo (RoleInfo.java:shutdownLeaderElection(134)) - 0edd2ec6-20bf-4809-95ac-80dc11748221: shutdown LeaderElection
2019-10-21 22:01:23,192 [0edd2ec6-20bf-4809-95ac-80dc11748221@group-6834AB77F819-LeaderElection20] INFO  impl.RoleInfo (RoleInfo.java:updateAndGet(143)) - 0edd2ec6-20bf-4809-95ac-80dc11748221: start FollowerState
2019-10-21 22:01:23,192 [f2d88f4a-90c5-4f7b-9da8-5a827903dfc6@group-82AD40169C32-LeaderElection19] INFO  impl.LeaderElection (LeaderElection.java:logAndReturn(56)) - f2d88f4a-90c5-4f7b-9da8-5a827903dfc6@group-82AD40169C32-LeaderElection19: Election PASSED; received 1 response(s) [f2d88f4a-90c5-4f7b-9da8-5a827903dfc6<-1d0c6007-e48f-4ec0-bdc7-6df2bfd38833#0:OK-t6] and 0 exception(s); f2d88f4a-90c5-4f7b-9da8-5a827903dfc6@group-82AD40169C32:t6, leader=null, voted=f2d88f4a-90c5-4f7b-9da8-5a827903dfc6, raftlog=f2d88f4a-90c5-4f7b-9da8-5a827903dfc6@group-82AD40169C32-SegmentedRaftLog:OPENED:c-1,f-1,i0, conf=-1: [f2d88f4a-90c5-4f7b-9da8-5a827903dfc6:192.168.34.8:35483, eb218cae-34fb-4b75-a560-8fba2ee61629:192.168.34.8:34887, 1d0c6007-e48f-4ec0-bdc7-6df2bfd38833:192.168.34.8:33242], old=null
2019-10-21 22:01:23,194 [main] INFO  rpc.RpcClient (RpcClient.java:createVolume(272)) - Creating Volume: datanodefailurehandlingtest, with jenkins1000 as owner.
2019-10-21 22:01:23,194 [f2d88f4a-90c5-4f7b-9da8-5a827903dfc6@group-82AD40169C32-LeaderElection19] INFO  impl.RoleInfo (RoleInfo.java:shutdownLeaderElection(134)) - f2d88f4a-90c5-4f7b-9da8-5a827903dfc6: shutdown LeaderElection
2019-10-21 22:01:23,195 [f2d88f4a-90c5-4f7b-9da8-5a827903dfc6@group-82AD40169C32-LeaderElection19] INFO  impl.RaftServerImpl (RaftServerImpl.java:setRole(184)) - f2d88f4a-90c5-4f7b-9da8-5a827903dfc6@group-82AD40169C32: changes role from CANDIDATE to LEADER at term 6 for changeToLeader
2019-10-21 22:01:23,195 [f2d88f4a-90c5-4f7b-9da8-5a827903dfc6@group-82AD40169C32-LeaderElection19] INFO  impl.RaftServerImpl (ServerState.java:setLeader(256)) - f2d88f4a-90c5-4f7b-9da8-5a827903dfc6@group-82AD40169C32: change Leader from null to f2d88f4a-90c5-4f7b-9da8-5a827903dfc6 at term 6 for becomeLeader, leader elected after 1024ms
2019-10-21 22:01:23,195 [f2d88f4a-90c5-4f7b-9da8-5a827903dfc6@group-82AD40169C32-LeaderElection19] INFO  server.RaftServerConfigKeys (ConfUtils.java:logGet(43)) - raft.server.staging.catchup.gap = 1000 (default)
2019-10-21 22:01:23,195 [f2d88f4a-90c5-4f7b-9da8-5a827903dfc6@group-82AD40169C32-LeaderElection19] INFO  server.RaftServerConfigKeys (ConfUtils.java:logGet(43)) - raft.server.rpc.sleep.time = 25ms (default)
2019-10-21 22:01:23,196 [f2d88f4a-90c5-4f7b-9da8-5a827903dfc6@group-82AD40169C32-LeaderElection19] INFO  server.RaftServerConfigKeys (ConfUtils.java:logGet(43)) - raft.server.write.element-limit = 4096 (default)
2019-10-21 22:01:23,196 [f2d88f4a-90c5-4f7b-9da8-5a827903dfc6@group-82AD40169C32-LeaderElection19] INFO  server.RaftServerConfigKeys (ConfUtils.java:logGet(43)) - raft.server.watch.timeout = 10s (default)
2019-10-21 22:01:23,196 [f2d88f4a-90c5-4f7b-9da8-5a827903dfc6@group-82AD40169C32-LeaderElection19] INFO  server.RaftServerConfigKeys (ConfUtils.java:logGet(43)) - raft.server.watch.timeout.denomination = 1s (default)
2019-10-21 22:01:23,196 [f2d88f4a-90c5-4f7b-9da8-5a827903dfc6@group-82AD40169C32-LeaderElection19] INFO  server.RaftServerConfigKeys (ConfUtils.java:logGet(43)) - raft.server.watch.element-limit = 65536 (default)
2019-10-21 22:01:23,198 [f2d88f4a-90c5-4f7b-9da8-5a827903dfc6@group-82AD40169C32-LeaderElection19] INFO  server.RaftServerConfigKeys (ConfUtils.java:logGet(43)) - raft.server.log.appender.snapshot.chunk.size.max = 16MB (=16777216) (default)
2019-10-21 22:01:23,198 [f2d88f4a-90c5-4f7b-9da8-5a827903dfc6@group-82AD40169C32-LeaderElection19] INFO  server.RaftServerConfigKeys (ConfUtils.java:logGet(43)) - raft.server.log.appender.buffer.byte-limit = 33554432 (custom)
2019-10-21 22:01:23,198 [f2d88f4a-90c5-4f7b-9da8-5a827903dfc6@group-82AD40169C32-LeaderElection19] INFO  server.RaftServerConfigKeys (ConfUtils.java:logGet(43)) - raft.server.log.appender.buffer.element-limit = 1 (custom)
2019-10-21 22:01:23,198 [f2d88f4a-90c5-4f7b-9da8-5a827903dfc6@group-82AD40169C32-LeaderElection19] INFO  grpc.GrpcConfigKeys$Server (ConfUtils.java:logGet(43)) - raft.grpc.server.leader.outstanding.appends.max = 128 (default)
2019-10-21 22:01:23,198 [f2d88f4a-90c5-4f7b-9da8-5a827903dfc6@group-82AD40169C32-LeaderElection19] INFO  server.RaftServerConfigKeys (ConfUtils.java:logGet(43)) - raft.server.rpc.request.timeout = 3000ms (default)
2019-10-21 22:01:23,198 [f2d88f4a-90c5-4f7b-9da8-5a827903dfc6@group-82AD40169C32-LeaderElection19] INFO  server.RaftServerConfigKeys (ConfUtils.java:logGet(43)) - raft.server.log.appender.install.snapshot.enabled = false (custom)
2019-10-21 22:01:23,201 [f2d88f4a-90c5-4f7b-9da8-5a827903dfc6@group-82AD40169C32-LeaderElection19] INFO  server.RaftServerConfigKeys (ConfUtils.java:logGet(43)) - raft.server.log.appender.snapshot.chunk.size.max = 16MB (=16777216) (default)
2019-10-21 22:01:23,201 [f2d88f4a-90c5-4f7b-9da8-5a827903dfc6@group-82AD40169C32-LeaderElection19] INFO  server.RaftServerConfigKeys (ConfUtils.java:logGet(43)) - raft.server.log.appender.buffer.byte-limit = 33554432 (custom)
2019-10-21 22:01:23,201 [f2d88f4a-90c5-4f7b-9da8-5a827903dfc6@group-82AD40169C32-LeaderElection19] INFO  server.RaftServerConfigKeys (ConfUtils.java:logGet(43)) - raft.server.log.appender.buffer.element-limit = 1 (custom)
2019-10-21 22:01:23,202 [f2d88f4a-90c5-4f7b-9da8-5a827903dfc6@group-82AD40169C32-LeaderElection19] INFO  grpc.GrpcConfigKeys$Server (ConfUtils.java:logGet(43)) - raft.grpc.server.leader.outstanding.appends.max = 128 (default)
2019-10-21 22:01:23,202 [f2d88f4a-90c5-4f7b-9da8-5a827903dfc6@group-82AD40169C32-LeaderElection19] INFO  server.RaftServerConfigKeys (ConfUtils.java:logGet(43)) - raft.server.rpc.request.timeout = 3000ms (default)
2019-10-21 22:01:23,202 [f2d88f4a-90c5-4f7b-9da8-5a827903dfc6@group-82AD40169C32-LeaderElection19] INFO  server.RaftServerConfigKeys (ConfUtils.java:logGet(43)) - raft.server.log.appender.install.snapshot.enabled = false (custom)
2019-10-21 22:01:23,203 [f2d88f4a-90c5-4f7b-9da8-5a827903dfc6@group-82AD40169C32-LeaderElection19] INFO  impl.RoleInfo (RoleInfo.java:updateAndGet(143)) - f2d88f4a-90c5-4f7b-9da8-5a827903dfc6: start LeaderState
2019-10-21 22:01:23,204 [f2d88f4a-90c5-4f7b-9da8-5a827903dfc6@group-82AD40169C32-LeaderElection19] INFO  segmented.SegmentedRaftLogWorker (SegmentedRaftLogWorker.java:startLogSegment(385)) - f2d88f4a-90c5-4f7b-9da8-5a827903dfc6@group-82AD40169C32-SegmentedRaftLogWorker: Starting segment from index:0
2019-10-21 22:01:23,204 [f2d88f4a-90c5-4f7b-9da8-5a827903dfc6@group-82AD40169C32-LeaderElection19] INFO  impl.RaftServerImpl (ServerState.java:setRaftConf(357)) - f2d88f4a-90c5-4f7b-9da8-5a827903dfc6@group-82AD40169C32: set configuration 0: [f2d88f4a-90c5-4f7b-9da8-5a827903dfc6:192.168.34.8:35483, eb218cae-34fb-4b75-a560-8fba2ee61629:192.168.34.8:34887, 1d0c6007-e48f-4ec0-bdc7-6df2bfd38833:192.168.34.8:33242], old=null at 0
2019-10-21 22:01:23,227 [Thread-451] INFO  impl.FollowerState (FollowerState.java:run(108)) - 756f57d6-6136-46f3-b5ea-af957dae1eda@group-129E33F6DE87-FollowerState: change to CANDIDATE, lastRpcTime:38ms, electionTimeout:34ms
2019-10-21 22:01:23,227 [Thread-443] INFO  impl.FollowerState (FollowerState.java:run(108)) - 28432215-63ab-4c85-86e9-79fb72521e72@group-6834AB77F819-FollowerState: change to CANDIDATE, lastRpcTime:77ms, electionTimeout:60ms
2019-10-21 22:01:23,228 [Thread-451] INFO  impl.RoleInfo (RoleInfo.java:shutdownFollowerState(121)) - 756f57d6-6136-46f3-b5ea-af957dae1eda: shutdown FollowerState
2019-10-21 22:01:23,228 [Thread-443] INFO  impl.RoleInfo (RoleInfo.java:shutdownFollowerState(121)) - 28432215-63ab-4c85-86e9-79fb72521e72: shutdown FollowerState
2019-10-21 22:01:23,228 [Thread-451] INFO  impl.RaftServerImpl (RaftServerImpl.java:setRole(184)) - 756f57d6-6136-46f3-b5ea-af957dae1eda@group-129E33F6DE87: changes role from  FOLLOWER to CANDIDATE at term 3 for changeToCandidate
2019-10-21 22:01:23,228 [Thread-443] INFO  impl.RaftServerImpl (RaftServerImpl.java:setRole(184)) - 28432215-63ab-4c85-86e9-79fb72521e72@group-6834AB77F819: changes role from  FOLLOWER to CANDIDATE at term 3 for changeToCandidate
2019-10-21 22:01:23,230 [Thread-443] INFO  impl.RoleInfo (RoleInfo.java:updateAndGet(143)) - 28432215-63ab-4c85-86e9-79fb72521e72: start LeaderElection
2019-10-21 22:01:23,230 [Thread-451] INFO  impl.RoleInfo (RoleInfo.java:updateAndGet(143)) - 756f57d6-6136-46f3-b5ea-af957dae1eda: start LeaderElection
2019-10-21 22:01:23,234 [grpc-default-executor-0] INFO  impl.RaftServerImpl (ServerState.java:setLeader(256)) - 1d0c6007-e48f-4ec0-bdc7-6df2bfd38833@group-82AD40169C32: change Leader from null to f2d88f4a-90c5-4f7b-9da8-5a827903dfc6 at term 6 for appendEntries, leader elected after 1062ms
2019-10-21 22:01:23,234 [grpc-default-executor-5] INFO  impl.RaftServerImpl (ServerState.java:setLeader(256)) - eb218cae-34fb-4b75-a560-8fba2ee61629@group-82AD40169C32: change Leader from null to f2d88f4a-90c5-4f7b-9da8-5a827903dfc6 at term 6 for appendEntries, leader elected after 236ms
2019-10-21 22:01:23,241 [f2d88f4a-90c5-4f7b-9da8-5a827903dfc6@group-82AD40169C32-SegmentedRaftLogWorker] INFO  segmented.SegmentedRaftLogWorker (SegmentedRaftLogWorker.java:execute(576)) - f2d88f4a-90c5-4f7b-9da8-5a827903dfc6@group-82AD40169C32-SegmentedRaftLogWorker: created new log segment /workdir/hadoop-ozone/integration-test/target/test-dir/MiniOzoneClusterImpl-55d22b23-1d78-4564-93d7-1f68b9a0b903/datanode-7/data/ratis/cd3b640d-a296-49d1-813b-82ad40169c32/current/log_inprogress_0
2019-10-21 22:01:23,241 [28432215-63ab-4c85-86e9-79fb72521e72@group-6834AB77F819-LeaderElection24] INFO  impl.LeaderElection (LeaderElection.java:askForVotes(178)) - 28432215-63ab-4c85-86e9-79fb72521e72@group-6834AB77F819-LeaderElection24: begin an election at term 4 for -1: [e152cc11-8922-4c62-a829-a835e5f58570:192.168.34.8:34707, 0edd2ec6-20bf-4809-95ac-80dc11748221:192.168.34.8:43533, 28432215-63ab-4c85-86e9-79fb72521e72:192.168.34.8:33589], old=null
2019-10-21 22:01:23,241 [756f57d6-6136-46f3-b5ea-af957dae1eda@group-129E33F6DE87-LeaderElection25] INFO  impl.LeaderElection (LeaderElection.java:askForVotes(178)) - 756f57d6-6136-46f3-b5ea-af957dae1eda@group-129E33F6DE87-LeaderElection25: begin an election at term 4 for -1: [756f57d6-6136-46f3-b5ea-af957dae1eda:192.168.34.8:33063, d2d0250e-a378-4f8a-a4ff-ce07d96628f4:192.168.34.8:43170, a36a670b-6f05-41e5-b505-2b1a8d9f1f79:192.168.34.8:32869], old=null
2019-10-21 22:01:23,246 [grpc-default-executor-0] INFO  impl.RaftServerImpl (RaftServerImpl.java:setRole(184)) - e152cc11-8922-4c62-a829-a835e5f58570@group-6834AB77F819: changes role from  FOLLOWER to FOLLOWER at term 4 for recognizeCandidate:28432215-63ab-4c85-86e9-79fb72521e72
2019-10-21 22:01:23,247 [grpc-default-executor-0] INFO  impl.RoleInfo (RoleInfo.java:shutdownFollowerState(121)) - e152cc11-8922-4c62-a829-a835e5f58570: shutdown FollowerState
2019-10-21 22:01:23,247 [Thread-442] INFO  impl.FollowerState (FollowerState.java:run(117)) - e152cc11-8922-4c62-a829-a835e5f58570@group-6834AB77F819-FollowerState was interrupted: java.lang.InterruptedException: sleep interrupted
2019-10-21 22:01:23,247 [grpc-default-executor-0] INFO  impl.RoleInfo (RoleInfo.java:updateAndGet(143)) - e152cc11-8922-4c62-a829-a835e5f58570: start FollowerState
2019-10-21 22:01:23,248 [grpc-default-executor-5] INFO  impl.RaftServerImpl (RaftServerImpl.java:setRole(184)) - d2d0250e-a378-4f8a-a4ff-ce07d96628f4@group-129E33F6DE87: changes role from  FOLLOWER to FOLLOWER at term 4 for recognizeCandidate:756f57d6-6136-46f3-b5ea-af957dae1eda
2019-10-21 22:01:23,248 [grpc-default-executor-5] INFO  impl.RoleInfo (RoleInfo.java:shutdownFollowerState(121)) - d2d0250e-a378-4f8a-a4ff-ce07d96628f4: shutdown FollowerState
2019-10-21 22:01:23,249 [grpc-default-executor-5] INFO  impl.RoleInfo (RoleInfo.java:updateAndGet(143)) - d2d0250e-a378-4f8a-a4ff-ce07d96628f4: start FollowerState
2019-10-21 22:01:23,249 [Thread-450] INFO  impl.FollowerState (FollowerState.java:run(117)) - d2d0250e-a378-4f8a-a4ff-ce07d96628f4@group-129E33F6DE87-FollowerState was interrupted: java.lang.InterruptedException: sleep interrupted
2019-10-21 22:01:23,251 [grpc-default-executor-3] INFO  impl.RaftServerImpl (RaftServerImpl.java:setRole(184)) - a36a670b-6f05-41e5-b505-2b1a8d9f1f79@group-129E33F6DE87: changes role from  FOLLOWER to FOLLOWER at term 4 for recognizeCandidate:756f57d6-6136-46f3-b5ea-af957dae1eda
2019-10-21 22:01:23,251 [grpc-default-executor-4] INFO  impl.RaftServerImpl (RaftServerImpl.java:setRole(184)) - 0edd2ec6-20bf-4809-95ac-80dc11748221@group-6834AB77F819: changes role from  FOLLOWER to FOLLOWER at term 4 for recognizeCandidate:28432215-63ab-4c85-86e9-79fb72521e72
2019-10-21 22:01:23,253 [grpc-default-executor-3] INFO  impl.RoleInfo (RoleInfo.java:shutdownFollowerState(121)) - a36a670b-6f05-41e5-b505-2b1a8d9f1f79: shutdown FollowerState
2019-10-21 22:01:23,253 [grpc-default-executor-4] INFO  impl.RoleInfo (RoleInfo.java:shutdownFollowerState(121)) - 0edd2ec6-20bf-4809-95ac-80dc11748221: shutdown FollowerState
2019-10-21 22:01:23,254 [Thread-447] INFO  impl.FollowerState (FollowerState.java:run(117)) - a36a670b-6f05-41e5-b505-2b1a8d9f1f79@group-129E33F6DE87-FollowerState was interrupted: java.lang.InterruptedException: sleep interrupted
2019-10-21 22:01:23,254 [grpc-default-executor-4] INFO  impl.RoleInfo (RoleInfo.java:updateAndGet(143)) - 0edd2ec6-20bf-4809-95ac-80dc11748221: start FollowerState
2019-10-21 22:01:23,254 [grpc-default-executor-3] INFO  impl.RoleInfo (RoleInfo.java:updateAndGet(143)) - a36a670b-6f05-41e5-b505-2b1a8d9f1f79: start FollowerState
2019-10-21 22:01:23,256 [Thread-467] INFO  impl.FollowerState (FollowerState.java:run(108)) - d2d0250e-a378-4f8a-a4ff-ce07d96628f4@group-129E33F6DE87-FollowerState: change to CANDIDATE, lastRpcTime:7ms, electionTimeout:3ms
2019-10-21 22:01:23,254 [Thread-452] INFO  impl.FollowerState (FollowerState.java:run(117)) - 0edd2ec6-20bf-4809-95ac-80dc11748221@group-6834AB77F819-FollowerState was interrupted: java.lang.InterruptedException: sleep interrupted
2019-10-21 22:01:23,256 [Thread-467] INFO  impl.RoleInfo (RoleInfo.java:shutdownFollowerState(121)) - d2d0250e-a378-4f8a-a4ff-ce07d96628f4: shutdown FollowerState
2019-10-21 22:01:23,258 [Thread-467] INFO  impl.RaftServerImpl (RaftServerImpl.java:setRole(184)) - d2d0250e-a378-4f8a-a4ff-ce07d96628f4@group-129E33F6DE87: changes role from  FOLLOWER to CANDIDATE at term 4 for changeToCandidate
2019-10-21 22:01:23,262 [Thread-467] INFO  impl.RoleInfo (RoleInfo.java:updateAndGet(143)) - d2d0250e-a378-4f8a-a4ff-ce07d96628f4: start LeaderElection
2019-10-21 22:01:23,265 [756f57d6-6136-46f3-b5ea-af957dae1eda@group-129E33F6DE87-LeaderElection25] INFO  impl.LeaderElection (LeaderElection.java:logAndReturn(56)) - 756f57d6-6136-46f3-b5ea-af957dae1eda@group-129E33F6DE87-LeaderElection25: Election PASSED; received 1 response(s) [756f57d6-6136-46f3-b5ea-af957dae1eda<-d2d0250e-a378-4f8a-a4ff-ce07d96628f4#0:OK-t4] and 0 exception(s); 756f57d6-6136-46f3-b5ea-af957dae1eda@group-129E33F6DE87:t4, leader=null, voted=756f57d6-6136-46f3-b5ea-af957dae1eda, raftlog=756f57d6-6136-46f3-b5ea-af957dae1eda@group-129E33F6DE87-SegmentedRaftLog:OPENED:c-1,f-1,i0, conf=-1: [756f57d6-6136-46f3-b5ea-af957dae1eda:192.168.34.8:33063, d2d0250e-a378-4f8a-a4ff-ce07d96628f4:192.168.34.8:43170, a36a670b-6f05-41e5-b505-2b1a8d9f1f79:192.168.34.8:32869], old=null
2019-10-21 22:01:23,265 [28432215-63ab-4c85-86e9-79fb72521e72@group-6834AB77F819-LeaderElection24] INFO  impl.LeaderElection (LeaderElection.java:logAndReturn(56)) - 28432215-63ab-4c85-86e9-79fb72521e72@group-6834AB77F819-LeaderElection24: Election PASSED; received 1 response(s) [28432215-63ab-4c85-86e9-79fb72521e72<-e152cc11-8922-4c62-a829-a835e5f58570#0:OK-t4] and 0 exception(s); 28432215-63ab-4c85-86e9-79fb72521e72@group-6834AB77F819:t4, leader=null, voted=28432215-63ab-4c85-86e9-79fb72521e72, raftlog=28432215-63ab-4c85-86e9-79fb72521e72@group-6834AB77F819-SegmentedRaftLog:OPENED:c-1,f-1,i0, conf=-1: [e152cc11-8922-4c62-a829-a835e5f58570:192.168.34.8:34707, 0edd2ec6-20bf-4809-95ac-80dc11748221:192.168.34.8:43533, 28432215-63ab-4c85-86e9-79fb72521e72:192.168.34.8:33589], old=null
2019-10-21 22:01:23,265 [756f57d6-6136-46f3-b5ea-af957dae1eda@group-129E33F6DE87-LeaderElection25] INFO  impl.RoleInfo (RoleInfo.java:shutdownLeaderElection(134)) - 756f57d6-6136-46f3-b5ea-af957dae1eda: shutdown LeaderElection
2019-10-21 22:01:23,266 [28432215-63ab-4c85-86e9-79fb72521e72@group-6834AB77F819-LeaderElection24] INFO  impl.RoleInfo (RoleInfo.java:shutdownLeaderElection(134)) - 28432215-63ab-4c85-86e9-79fb72521e72: shutdown LeaderElection
2019-10-21 22:01:23,268 [756f57d6-6136-46f3-b5ea-af957dae1eda@group-129E33F6DE87-LeaderElection25] INFO  impl.RaftServerImpl (RaftServerImpl.java:setRole(184)) - 756f57d6-6136-46f3-b5ea-af957dae1eda@group-129E33F6DE87: changes role from CANDIDATE to LEADER at term 4 for changeToLeader
2019-10-21 22:01:23,268 [28432215-63ab-4c85-86e9-79fb72521e72@group-6834AB77F819-LeaderElection24] INFO  impl.RaftServerImpl (RaftServerImpl.java:setRole(184)) - 28432215-63ab-4c85-86e9-79fb72521e72@group-6834AB77F819: changes role from CANDIDATE to LEADER at term 4 for changeToLeader
2019-10-21 22:01:23,268 [756f57d6-6136-46f3-b5ea-af957dae1eda@group-129E33F6DE87-LeaderElection25] INFO  impl.RaftServerImpl (ServerState.java:setLeader(256)) - 756f57d6-6136-46f3-b5ea-af957dae1eda@group-129E33F6DE87: change Leader from null to 756f57d6-6136-46f3-b5ea-af957dae1eda at term 4 for becomeLeader, leader elected after 898ms
2019-10-21 22:01:23,268 [28432215-63ab-4c85-86e9-79fb72521e72@group-6834AB77F819-LeaderElection24] INFO  impl.RaftServerImpl (ServerState.java:setLeader(256)) - 28432215-63ab-4c85-86e9-79fb72521e72@group-6834AB77F819: change Leader from null to 28432215-63ab-4c85-86e9-79fb72521e72 at term 4 for becomeLeader, leader elected after 686ms
2019-10-21 22:01:23,268 [756f57d6-6136-46f3-b5ea-af957dae1eda@group-129E33F6DE87-LeaderElection25] INFO  server.RaftServerConfigKeys (ConfUtils.java:logGet(43)) - raft.server.staging.catchup.gap = 1000 (default)
2019-10-21 22:01:23,268 [28432215-63ab-4c85-86e9-79fb72521e72@group-6834AB77F819-LeaderElection24] INFO  server.RaftServerConfigKeys (ConfUtils.java:logGet(43)) - raft.server.staging.catchup.gap = 1000 (default)
2019-10-21 22:01:23,268 [756f57d6-6136-46f3-b5ea-af957dae1eda@group-129E33F6DE87-LeaderElection25] INFO  server.RaftServerConfigKeys (ConfUtils.java:logGet(43)) - raft.server.rpc.sleep.time = 25ms (default)
2019-10-21 22:01:23,268 [28432215-63ab-4c85-86e9-79fb72521e72@group-6834AB77F819-LeaderElection24] INFO  server.RaftServerConfigKeys (ConfUtils.java:logGet(43)) - raft.server.rpc.sleep.time = 25ms (default)
2019-10-21 22:01:23,269 [756f57d6-6136-46f3-b5ea-af957dae1eda@group-129E33F6DE87-LeaderElection25] INFO  server.RaftServerConfigKeys (ConfUtils.java:logGet(43)) - raft.server.write.element-limit = 4096 (default)
2019-10-21 22:01:23,269 [28432215-63ab-4c85-86e9-79fb72521e72@group-6834AB77F819-LeaderElection24] INFO  server.RaftServerConfigKeys (ConfUtils.java:logGet(43)) - raft.server.write.element-limit = 4096 (default)
2019-10-21 22:01:23,269 [756f57d6-6136-46f3-b5ea-af957dae1eda@group-129E33F6DE87-LeaderElection25] INFO  server.RaftServerConfigKeys (ConfUtils.java:logGet(43)) - raft.server.watch.timeout = 10s (default)
2019-10-21 22:01:23,269 [28432215-63ab-4c85-86e9-79fb72521e72@group-6834AB77F819-LeaderElection24] INFO  server.RaftServerConfigKeys (ConfUtils.java:logGet(43)) - raft.server.watch.timeout = 10s (default)
2019-10-21 22:01:23,269 [756f57d6-6136-46f3-b5ea-af957dae1eda@group-129E33F6DE87-LeaderElection25] INFO  server.RaftServerConfigKeys (ConfUtils.java:logGet(43)) - raft.server.watch.timeout.denomination = 1s (default)
2019-10-21 22:01:23,269 [28432215-63ab-4c85-86e9-79fb72521e72@group-6834AB77F819-LeaderElection24] INFO  server.RaftServerConfigKeys (ConfUtils.java:logGet(43)) - raft.server.watch.timeout.denomination = 1s (default)
2019-10-21 22:01:23,269 [756f57d6-6136-46f3-b5ea-af957dae1eda@group-129E33F6DE87-LeaderElection25] INFO  server.RaftServerConfigKeys (ConfUtils.java:logGet(43)) - raft.server.watch.element-limit = 65536 (default)
2019-10-21 22:01:23,269 [28432215-63ab-4c85-86e9-79fb72521e72@group-6834AB77F819-LeaderElection24] INFO  server.RaftServerConfigKeys (ConfUtils.java:logGet(43)) - raft.server.watch.element-limit = 65536 (default)
2019-10-21 22:01:23,273 [756f57d6-6136-46f3-b5ea-af957dae1eda@group-129E33F6DE87-LeaderElection25] INFO  server.RaftServerConfigKeys (ConfUtils.java:logGet(43)) - raft.server.log.appender.snapshot.chunk.size.max = 16MB (=16777216) (default)
2019-10-21 22:01:23,274 [756f57d6-6136-46f3-b5ea-af957dae1eda@group-129E33F6DE87-LeaderElection25] INFO  server.RaftServerConfigKeys (ConfUtils.java:logGet(43)) - raft.server.log.appender.buffer.byte-limit = 33554432 (custom)
2019-10-21 22:01:23,274 [grpc-default-executor-6] INFO  impl.RaftServerImpl (ServerState.java:setRaftConf(357)) - eb218cae-34fb-4b75-a560-8fba2ee61629@group-82AD40169C32: set configuration 0: [f2d88f4a-90c5-4f7b-9da8-5a827903dfc6:192.168.34.8:35483, eb218cae-34fb-4b75-a560-8fba2ee61629:192.168.34.8:34887, 1d0c6007-e48f-4ec0-bdc7-6df2bfd38833:192.168.34.8:33242], old=null at 0
2019-10-21 22:01:23,274 [28432215-63ab-4c85-86e9-79fb72521e72@group-6834AB77F819-LeaderElection24] INFO  server.RaftServerConfigKeys (ConfUtils.java:logGet(43)) - raft.server.log.appender.snapshot.chunk.size.max = 16MB (=16777216) (default)
2019-10-21 22:01:23,274 [grpc-default-executor-7] INFO  impl.RaftServerImpl (ServerState.java:setRaftConf(357)) - 1d0c6007-e48f-4ec0-bdc7-6df2bfd38833@group-82AD40169C32: set configuration 0: [f2d88f4a-90c5-4f7b-9da8-5a827903dfc6:192.168.34.8:35483, eb218cae-34fb-4b75-a560-8fba2ee61629:192.168.34.8:34887, 1d0c6007-e48f-4ec0-bdc7-6df2bfd38833:192.168.34.8:33242], old=null at 0
2019-10-21 22:01:23,274 [28432215-63ab-4c85-86e9-79fb72521e72@group-6834AB77F819-LeaderElection24] INFO  server.RaftServerConfigKeys (ConfUtils.java:logGet(43)) - raft.server.log.appender.buffer.byte-limit = 33554432 (custom)
2019-10-21 22:01:23,274 [28432215-63ab-4c85-86e9-79fb72521e72@group-6834AB77F819-LeaderElection24] INFO  server.RaftServerConfigKeys (ConfUtils.java:logGet(43)) - raft.server.log.appender.buffer.element-limit = 1 (custom)
2019-10-21 22:01:23,274 [756f57d6-6136-46f3-b5ea-af957dae1eda@group-129E33F6DE87-LeaderElection25] INFO  server.RaftServerConfigKeys (ConfUtils.java:logGet(43)) - raft.server.log.appender.buffer.element-limit = 1 (custom)
2019-10-21 22:01:23,274 [28432215-63ab-4c85-86e9-79fb72521e72@group-6834AB77F819-LeaderElection24] INFO  grpc.GrpcConfigKeys$Server (ConfUtils.java:logGet(43)) - raft.grpc.server.leader.outstanding.appends.max = 128 (default)
2019-10-21 22:01:23,274 [grpc-default-executor-7] INFO  segmented.SegmentedRaftLogWorker (SegmentedRaftLogWorker.java:startLogSegment(385)) - 1d0c6007-e48f-4ec0-bdc7-6df2bfd38833@group-82AD40169C32-SegmentedRaftLogWorker: Starting segment from index:0
2019-10-21 22:01:23,275 [28432215-63ab-4c85-86e9-79fb72521e72@group-6834AB77F819-LeaderElection24] INFO  server.RaftServerConfigKeys (ConfUtils.java:logGet(43)) - raft.server.rpc.request.timeout = 3000ms (default)
2019-10-21 22:01:23,275 [756f57d6-6136-46f3-b5ea-af957dae1eda@group-129E33F6DE87-LeaderElection25] INFO  grpc.GrpcConfigKeys$Server (ConfUtils.java:logGet(43)) - raft.grpc.server.leader.outstanding.appends.max = 128 (default)
2019-10-21 22:01:23,275 [28432215-63ab-4c85-86e9-79fb72521e72@group-6834AB77F819-LeaderElection24] INFO  server.RaftServerConfigKeys (ConfUtils.java:logGet(43)) - raft.server.log.appender.install.snapshot.enabled = false (custom)
2019-10-21 22:01:23,275 [d2d0250e-a378-4f8a-a4ff-ce07d96628f4@group-129E33F6DE87-LeaderElection26] INFO  impl.LeaderElection (LeaderElection.java:askForVotes(178)) - d2d0250e-a378-4f8a-a4ff-ce07d96628f4@group-129E33F6DE87-LeaderElection26: begin an election at term 5 for -1: [756f57d6-6136-46f3-b5ea-af957dae1eda:192.168.34.8:33063, d2d0250e-a378-4f8a-a4ff-ce07d96628f4:192.168.34.8:43170, a36a670b-6f05-41e5-b505-2b1a8d9f1f79:192.168.34.8:32869], old=null
2019-10-21 22:01:23,275 [756f57d6-6136-46f3-b5ea-af957dae1eda@group-129E33F6DE87-LeaderElection25] INFO  server.RaftServerConfigKeys (ConfUtils.java:logGet(43)) - raft.server.rpc.request.timeout = 3000ms (default)
2019-10-21 22:01:23,275 [756f57d6-6136-46f3-b5ea-af957dae1eda@group-129E33F6DE87-LeaderElection25] INFO  server.RaftServerConfigKeys (ConfUtils.java:logGet(43)) - raft.server.log.appender.install.snapshot.enabled = false (custom)
2019-10-21 22:01:23,276 [grpc-default-executor-6] INFO  segmented.SegmentedRaftLogWorker (SegmentedRaftLogWorker.java:truncate(401)) - eb218cae-34fb-4b75-a560-8fba2ee61629@group-82AD40169C32-SegmentedRaftLogWorker: Truncating segments toTruncate: null
  toDelete: [(0, 0) isOpen? true, length=0, newEndIndex=-1], start index 0
2019-10-21 22:01:23,276 [grpc-default-executor-6] INFO  segmented.SegmentedRaftLogWorker (SegmentedRaftLogWorker.java:startLogSegment(385)) - eb218cae-34fb-4b75-a560-8fba2ee61629@group-82AD40169C32-SegmentedRaftLogWorker: Starting segment from index:0
2019-10-21 22:01:23,277 [28432215-63ab-4c85-86e9-79fb72521e72@group-6834AB77F819-LeaderElection24] INFO  server.RaftServerConfigKeys (ConfUtils.java:logGet(43)) - raft.server.log.appender.snapshot.chunk.size.max = 16MB (=16777216) (default)
2019-10-21 22:01:23,277 [28432215-63ab-4c85-86e9-79fb72521e72@group-6834AB77F819-LeaderElection24] INFO  server.RaftServerConfigKeys (ConfUtils.java:logGet(43)) - raft.server.log.appender.buffer.byte-limit = 33554432 (custom)
2019-10-21 22:01:23,278 [28432215-63ab-4c85-86e9-79fb72521e72@group-6834AB77F819-LeaderElection24] INFO  server.RaftServerConfigKeys (ConfUtils.java:logGet(43)) - raft.server.log.appender.buffer.element-limit = 1 (custom)
2019-10-21 22:01:23,278 [28432215-63ab-4c85-86e9-79fb72521e72@group-6834AB77F819-LeaderElection24] INFO  grpc.GrpcConfigKeys$Server (ConfUtils.java:logGet(43)) - raft.grpc.server.leader.outstanding.appends.max = 128 (default)
2019-10-21 22:01:23,278 [28432215-63ab-4c85-86e9-79fb72521e72@group-6834AB77F819-LeaderElection24] INFO  server.RaftServerConfigKeys (ConfUtils.java:logGet(43)) - raft.server.rpc.request.timeout = 3000ms (default)
2019-10-21 22:01:23,278 [eb218cae-34fb-4b75-a560-8fba2ee61629@group-82AD40169C32-SegmentedRaftLogWorker] INFO  segmented.SegmentedRaftLogWorker (SegmentedRaftLogWorker.java:execute(640)) - eb218cae-34fb-4b75-a560-8fba2ee61629@group-82AD40169C32-SegmentedRaftLogWorker: Deleted log file /workdir/hadoop-ozone/integration-test/target/test-dir/MiniOzoneClusterImpl-55d22b23-1d78-4564-93d7-1f68b9a0b903/datanode-1/data/ratis/cd3b640d-a296-49d1-813b-82ad40169c32/current/log_inprogress_0
2019-10-21 22:01:23,278 [grpc-default-executor-6] INFO  impl.RaftServerImpl (RaftServerImpl.java:setRole(184)) - a36a670b-6f05-41e5-b505-2b1a8d9f1f79@group-129E33F6DE87: changes role from  FOLLOWER to FOLLOWER at term 5 for recognizeCandidate:d2d0250e-a378-4f8a-a4ff-ce07d96628f4
2019-10-21 22:01:23,278 [28432215-63ab-4c85-86e9-79fb72521e72@group-6834AB77F819-LeaderElection24] INFO  server.RaftServerConfigKeys (ConfUtils.java:logGet(43)) - raft.server.log.appender.install.snapshot.enabled = false (custom)
2019-10-21 22:01:23,278 [grpc-default-executor-6] INFO  impl.RoleInfo (RoleInfo.java:shutdownFollowerState(121)) - a36a670b-6f05-41e5-b505-2b1a8d9f1f79: shutdown FollowerState
2019-10-21 22:01:23,278 [756f57d6-6136-46f3-b5ea-af957dae1eda@group-129E33F6DE87-LeaderElection25] INFO  server.RaftServerConfigKeys (ConfUtils.java:logGet(43)) - raft.server.log.appender.snapshot.chunk.size.max = 16MB (=16777216) (default)
2019-10-21 22:01:23,278 [eb218cae-34fb-4b75-a560-8fba2ee61629@group-82AD40169C32-SegmentedRaftLogWorker] INFO  segmented.SegmentedRaftLogWorker (SegmentedRaftLogWorker.java:lambda$new$0(128)) - eb218cae-34fb-4b75-a560-8fba2ee61629@group-82AD40169C32-SegmentedRaftLogWorker: flushIndex: setUnconditionally 0 -> -1
2019-10-21 22:01:23,278 [grpc-default-executor-6] INFO  impl.RoleInfo (RoleInfo.java:updateAndGet(143)) - a36a670b-6f05-41e5-b505-2b1a8d9f1f79: start FollowerState
2019-10-21 22:01:23,278 [Thread-468] INFO  impl.FollowerState (FollowerState.java:run(117)) - a36a670b-6f05-41e5-b505-2b1a8d9f1f79@group-129E33F6DE87-FollowerState was interrupted: java.lang.InterruptedException: sleep interrupted
2019-10-21 22:01:23,278 [756f57d6-6136-46f3-b5ea-af957dae1eda@group-129E33F6DE87-LeaderElection25] INFO  server.RaftServerConfigKeys (ConfUtils.java:logGet(43)) - raft.server.log.appender.buffer.byte-limit = 33554432 (custom)
2019-10-21 22:01:23,301 [756f57d6-6136-46f3-b5ea-af957dae1eda@group-129E33F6DE87-LeaderElection25] INFO  server.RaftServerConfigKeys (ConfUtils.java:logGet(43)) - raft.server.log.appender.buffer.element-limit = 1 (custom)
2019-10-21 22:01:23,301 [756f57d6-6136-46f3-b5ea-af957dae1eda@group-129E33F6DE87-LeaderElection25] INFO  grpc.GrpcConfigKeys$Server (ConfUtils.java:logGet(43)) - raft.grpc.server.leader.outstanding.appends.max = 128 (default)
2019-10-21 22:01:23,301 [756f57d6-6136-46f3-b5ea-af957dae1eda@group-129E33F6DE87-LeaderElection25] INFO  server.RaftServerConfigKeys (ConfUtils.java:logGet(43)) - raft.server.rpc.request.timeout = 3000ms (default)
2019-10-21 22:01:23,302 [756f57d6-6136-46f3-b5ea-af957dae1eda@group-129E33F6DE87-LeaderElection25] INFO  server.RaftServerConfigKeys (ConfUtils.java:logGet(43)) - raft.server.log.appender.install.snapshot.enabled = false (custom)
2019-10-21 22:01:23,302 [28432215-63ab-4c85-86e9-79fb72521e72@group-6834AB77F819-LeaderElection24] INFO  impl.RoleInfo (RoleInfo.java:updateAndGet(143)) - 28432215-63ab-4c85-86e9-79fb72521e72: start LeaderState
2019-10-21 22:01:23,303 [28432215-63ab-4c85-86e9-79fb72521e72@group-6834AB77F819-LeaderElection24] INFO  segmented.SegmentedRaftLogWorker (SegmentedRaftLogWorker.java:startLogSegment(385)) - 28432215-63ab-4c85-86e9-79fb72521e72@group-6834AB77F819-SegmentedRaftLogWorker: Starting segment from index:0
2019-10-21 22:01:23,304 [28432215-63ab-4c85-86e9-79fb72521e72@group-6834AB77F819-LeaderElection24] INFO  impl.RaftServerImpl (ServerState.java:setRaftConf(357)) - 28432215-63ab-4c85-86e9-79fb72521e72@group-6834AB77F819: set configuration 0: [e152cc11-8922-4c62-a829-a835e5f58570:192.168.34.8:34707, 0edd2ec6-20bf-4809-95ac-80dc11748221:192.168.34.8:43533, 28432215-63ab-4c85-86e9-79fb72521e72:192.168.34.8:33589], old=null at 0
2019-10-21 22:01:23,305 [756f57d6-6136-46f3-b5ea-af957dae1eda@group-129E33F6DE87-LeaderElection25] INFO  impl.RoleInfo (RoleInfo.java:updateAndGet(143)) - 756f57d6-6136-46f3-b5ea-af957dae1eda: start LeaderState
2019-10-21 22:01:23,305 [756f57d6-6136-46f3-b5ea-af957dae1eda@group-129E33F6DE87-LeaderElection25] INFO  segmented.SegmentedRaftLogWorker (SegmentedRaftLogWorker.java:startLogSegment(385)) - 756f57d6-6136-46f3-b5ea-af957dae1eda@group-129E33F6DE87-SegmentedRaftLogWorker: Starting segment from index:0
2019-10-21 22:01:23,306 [Thread-466] INFO  impl.FollowerState (FollowerState.java:run(108)) - e152cc11-8922-4c62-a829-a835e5f58570@group-6834AB77F819-FollowerState: change to CANDIDATE, lastRpcTime:58ms, electionTimeout:57ms
2019-10-21 22:01:23,306 [Thread-466] INFO  impl.RoleInfo (RoleInfo.java:shutdownFollowerState(121)) - e152cc11-8922-4c62-a829-a835e5f58570: shutdown FollowerState
2019-10-21 22:01:23,306 [Thread-466] INFO  impl.RaftServerImpl (RaftServerImpl.java:setRole(184)) - e152cc11-8922-4c62-a829-a835e5f58570@group-6834AB77F819: changes role from  FOLLOWER to CANDIDATE at term 4 for changeToCandidate
2019-10-21 22:01:23,306 [Thread-466] INFO  impl.RoleInfo (RoleInfo.java:updateAndGet(143)) - e152cc11-8922-4c62-a829-a835e5f58570: start LeaderElection
2019-10-21 22:01:23,306 [grpc-default-executor-3] INFO  impl.RaftServerImpl (RaftServerImpl.java:setRole(184)) - e152cc11-8922-4c62-a829-a835e5f58570@group-6834AB77F819: changes role from CANDIDATE to FOLLOWER at term 4 for appendEntries
2019-10-21 22:01:23,337 [1d0c6007-e48f-4ec0-bdc7-6df2bfd38833@group-82AD40169C32-SegmentedRaftLogWorker] INFO  segmented.SegmentedRaftLogWorker (SegmentedRaftLogWorker.java:execute(576)) - 1d0c6007-e48f-4ec0-bdc7-6df2bfd38833@group-82AD40169C32-SegmentedRaftLogWorker: created new log segment /workdir/hadoop-ozone/integration-test/target/test-dir/MiniOzoneClusterImpl-55d22b23-1d78-4564-93d7-1f68b9a0b903/datanode-0/data/ratis/cd3b640d-a296-49d1-813b-82ad40169c32/current/log_inprogress_0
2019-10-21 22:01:23,337 [grpc-default-executor-4] INFO  impl.RaftServerImpl (ServerState.java:setLeader(256)) - 0edd2ec6-20bf-4809-95ac-80dc11748221@group-6834AB77F819: change Leader from null to 28432215-63ab-4c85-86e9-79fb72521e72 at term 4 for appendEntries, leader elected after 755ms
2019-10-21 22:01:23,337 [grpc-default-executor-3] INFO  impl.RoleInfo (RoleInfo.java:shutdownLeaderElection(134)) - e152cc11-8922-4c62-a829-a835e5f58570: shutdown LeaderElection
2019-10-21 22:01:23,337 [756f57d6-6136-46f3-b5ea-af957dae1eda@group-129E33F6DE87-LeaderElection25] INFO  impl.RaftServerImpl (ServerState.java:setRaftConf(357)) - 756f57d6-6136-46f3-b5ea-af957dae1eda@group-129E33F6DE87: set configuration 0: [756f57d6-6136-46f3-b5ea-af957dae1eda:192.168.34.8:33063, d2d0250e-a378-4f8a-a4ff-ce07d96628f4:192.168.34.8:43170, a36a670b-6f05-41e5-b505-2b1a8d9f1f79:192.168.34.8:32869], old=null at 0
2019-10-21 22:01:23,338 [grpc-default-executor-3] INFO  impl.RoleInfo (RoleInfo.java:updateAndGet(143)) - e152cc11-8922-4c62-a829-a835e5f58570: start FollowerState
2019-10-21 22:01:23,338 [grpc-default-executor-7] INFO  impl.RaftServerImpl (ServerState.java:setLeader(256)) - 756f57d6-6136-46f3-b5ea-af957dae1eda@group-129E33F6DE87: change Leader from 756f57d6-6136-46f3-b5ea-af957dae1eda to null at term 5 for updateCurrentTerm
2019-10-21 22:01:23,338 [grpc-default-executor-7] INFO  impl.RaftServerImpl (RaftServerImpl.java:setRole(184)) - 756f57d6-6136-46f3-b5ea-af957dae1eda@group-129E33F6DE87: changes role from    LEADER to FOLLOWER at term 5 for recognizeCandidate:d2d0250e-a378-4f8a-a4ff-ce07d96628f4
2019-10-21 22:01:23,338 [grpc-default-executor-3] INFO  impl.RaftServerImpl (ServerState.java:setLeader(256)) - e152cc11-8922-4c62-a829-a835e5f58570@group-6834AB77F819: change Leader from null to 28432215-63ab-4c85-86e9-79fb72521e72 at term 4 for appendEntries, leader elected after 755ms
2019-10-21 22:01:23,338 [grpc-default-executor-7] INFO  impl.RoleInfo (RoleInfo.java:shutdownLeaderState(104)) - 756f57d6-6136-46f3-b5ea-af957dae1eda: shutdown LeaderState
2019-10-21 22:01:23,339 [e152cc11-8922-4c62-a829-a835e5f58570@group-6834AB77F819-LeaderElection27] INFO  impl.RaftServerImpl (ServerState.java:setLeader(256)) - e152cc11-8922-4c62-a829-a835e5f58570@group-6834AB77F819: change Leader from 28432215-63ab-4c85-86e9-79fb72521e72 to null at term 4 for initElection
2019-10-21 22:01:23,343 [28432215-63ab-4c85-86e9-79fb72521e72@group-6834AB77F819-SegmentedRaftLogWorker] INFO  segmented.SegmentedRaftLogWorker (SegmentedRaftLogWorker.java:execute(576)) - 28432215-63ab-4c85-86e9-79fb72521e72@group-6834AB77F819-SegmentedRaftLogWorker: created new log segment /workdir/hadoop-ozone/integration-test/target/test-dir/MiniOzoneClusterImpl-55d22b23-1d78-4564-93d7-1f68b9a0b903/datanode-2/data/ratis/4e43fd85-fb0f-4fb0-96cc-6834ab77f819/current/log_inprogress_0
2019-10-21 22:01:23,343 [org.apache.ratis.server.impl.LogAppender$AppenderDaemon$$Lambda$446/1128881196@66882849] WARN  server.GrpcLogAppender (GrpcLogAppender.java:mayWait(149)) - 756f57d6-6136-46f3-b5ea-af957dae1eda@group-129E33F6DE87->a36a670b-6f05-41e5-b505-2b1a8d9f1f79-GrpcLogAppender: Wait interrupted by java.lang.InterruptedException
2019-10-21 22:01:23,343 [grpc-default-executor-7] INFO  impl.PendingRequests (PendingRequests.java:sendNotLeaderResponses(202)) - 756f57d6-6136-46f3-b5ea-af957dae1eda@group-129E33F6DE87-PendingRequests: sendNotLeaderResponses
2019-10-21 22:01:23,344 [eb218cae-34fb-4b75-a560-8fba2ee61629@group-82AD40169C32-SegmentedRaftLogWorker] INFO  segmented.SegmentedRaftLogWorker (SegmentedRaftLogWorker.java:execute(576)) - eb218cae-34fb-4b75-a560-8fba2ee61629@group-82AD40169C32-SegmentedRaftLogWorker: created new log segment /workdir/hadoop-ozone/integration-test/target/test-dir/MiniOzoneClusterImpl-55d22b23-1d78-4564-93d7-1f68b9a0b903/datanode-1/data/ratis/cd3b640d-a296-49d1-813b-82ad40169c32/current/log_inprogress_0
2019-10-21 22:01:23,344 [org.apache.ratis.server.impl.LogAppender$AppenderDaemon$$Lambda$446/1128881196@57159dca] WARN  server.GrpcLogAppender (GrpcLogAppender.java:mayWait(149)) - 756f57d6-6136-46f3-b5ea-af957dae1eda@group-129E33F6DE87->d2d0250e-a378-4f8a-a4ff-ce07d96628f4-GrpcLogAppender: Wait interrupted by java.lang.InterruptedException
2019-10-21 22:01:23,344 [grpc-default-executor-7] INFO  impl.RoleInfo (RoleInfo.java:updateAndGet(143)) - 756f57d6-6136-46f3-b5ea-af957dae1eda: start FollowerState
2019-10-21 22:01:23,344 [756f57d6-6136-46f3-b5ea-af957dae1eda@group-129E33F6DE87-SegmentedRaftLogWorker] INFO  segmented.SegmentedRaftLogWorker (SegmentedRaftLogWorker.java:execute(576)) - 756f57d6-6136-46f3-b5ea-af957dae1eda@group-129E33F6DE87-SegmentedRaftLogWorker: created new log segment /workdir/hadoop-ozone/integration-test/target/test-dir/MiniOzoneClusterImpl-55d22b23-1d78-4564-93d7-1f68b9a0b903/datanode-6/data/ratis/016262df-1d97-4b0a-a602-129e33f6de87/current/log_inprogress_0
2019-10-21 22:01:23,346 [grpc-default-executor-3] INFO  server.GrpcServerProtocolService (GrpcServerProtocolService.java:onCompleted(113)) - d2d0250e-a378-4f8a-a4ff-ce07d96628f4: Completed APPEND_ENTRIES, lastRequest: 756f57d6-6136-46f3-b5ea-af957dae1eda->d2d0250e-a378-4f8a-a4ff-ce07d96628f4#0-t4, previous=(t:0, i:0), leaderCommit=-1, initializing? false, entries: <empty>
2019-10-21 22:01:23,346 [grpc-default-executor-0] INFO  server.GrpcServerProtocolService (GrpcServerProtocolService.java:onCompleted(113)) - a36a670b-6f05-41e5-b505-2b1a8d9f1f79: Completed APPEND_ENTRIES, lastRequest: 756f57d6-6136-46f3-b5ea-af957dae1eda->a36a670b-6f05-41e5-b505-2b1a8d9f1f79#0-t4, previous=(t:0, i:0), leaderCommit=-1, initializing? false, entries: <empty>
2019-10-21 22:01:23,369 [e152cc11-8922-4c62-a829-a835e5f58570@group-6834AB77F819-LeaderElection27] INFO  impl.LeaderElection (LeaderElection.java:askForVotes(178)) - e152cc11-8922-4c62-a829-a835e5f58570@group-6834AB77F819-LeaderElection27: begin an election at term 5 for -1: [e152cc11-8922-4c62-a829-a835e5f58570:192.168.34.8:34707, 0edd2ec6-20bf-4809-95ac-80dc11748221:192.168.34.8:43533, 28432215-63ab-4c85-86e9-79fb72521e72:192.168.34.8:33589], old=null
2019-10-21 22:01:23,369 [grpc-default-executor-0] INFO  server.GrpcLogAppender (GrpcLogAppender.java:onCompleted(308)) - 756f57d6-6136-46f3-b5ea-af957dae1eda@group-129E33F6DE87->d2d0250e-a378-4f8a-a4ff-ce07d96628f4-AppendLogResponseHandler: follower responses appendEntries COMPLETED
2019-10-21 22:01:23,372 [grpc-default-executor-0] INFO  impl.FollowerInfo (FollowerInfo.java:lambda$new$0(51)) - 756f57d6-6136-46f3-b5ea-af957dae1eda@group-129E33F6DE87->d2d0250e-a378-4f8a-a4ff-ce07d96628f4: nextIndex: updateUnconditionally 0 -> 0
2019-10-21 22:01:23,372 [e152cc11-8922-4c62-a829-a835e5f58570@group-6834AB77F819-LeaderElection27] INFO  impl.LeaderElection (LeaderElection.java:logAndReturn(56)) - e152cc11-8922-4c62-a829-a835e5f58570@group-6834AB77F819-LeaderElection27: Election REJECTED; received 0 response(s) [] and 0 exception(s); e152cc11-8922-4c62-a829-a835e5f58570@group-6834AB77F819:t5, leader=null, voted=e152cc11-8922-4c62-a829-a835e5f58570, raftlog=e152cc11-8922-4c62-a829-a835e5f58570@group-6834AB77F819-SegmentedRaftLog:OPENED:c-1,f-1,i0, conf=-1: [e152cc11-8922-4c62-a829-a835e5f58570:192.168.34.8:34707, 0edd2ec6-20bf-4809-95ac-80dc11748221:192.168.34.8:43533, 28432215-63ab-4c85-86e9-79fb72521e72:192.168.34.8:33589], old=null
2019-10-21 22:01:23,373 [grpc-default-executor-7] INFO  server.GrpcLogAppender (GrpcLogAppender.java:onCompleted(308)) - 756f57d6-6136-46f3-b5ea-af957dae1eda@group-129E33F6DE87->a36a670b-6f05-41e5-b505-2b1a8d9f1f79-AppendLogResponseHandler: follower responses appendEntries COMPLETED
2019-10-21 22:01:23,375 [grpc-default-executor-0] INFO  impl.RaftServerImpl (ServerState.java:setRaftConf(357)) - 0edd2ec6-20bf-4809-95ac-80dc11748221@group-6834AB77F819: set configuration 0: [e152cc11-8922-4c62-a829-a835e5f58570:192.168.34.8:34707, 0edd2ec6-20bf-4809-95ac-80dc11748221:192.168.34.8:43533, 28432215-63ab-4c85-86e9-79fb72521e72:192.168.34.8:33589], old=null at 0
2019-10-21 22:01:23,377 [grpc-default-executor-0] INFO  segmented.SegmentedRaftLogWorker (SegmentedRaftLogWorker.java:startLogSegment(385)) - 0edd2ec6-20bf-4809-95ac-80dc11748221@group-6834AB77F819-SegmentedRaftLogWorker: Starting segment from index:0
2019-10-21 22:01:23,377 [grpc-default-executor-7] INFO  impl.FollowerInfo (FollowerInfo.java:lambda$new$0(51)) - 756f57d6-6136-46f3-b5ea-af957dae1eda@group-129E33F6DE87->a36a670b-6f05-41e5-b505-2b1a8d9f1f79: nextIndex: updateUnconditionally 0 -> 0
2019-10-21 22:01:23,378 [d2d0250e-a378-4f8a-a4ff-ce07d96628f4@group-129E33F6DE87-LeaderElection26] INFO  impl.LeaderElection (LeaderElection.java:logAndReturn(56)) - d2d0250e-a378-4f8a-a4ff-ce07d96628f4@group-129E33F6DE87-LeaderElection26: Election REJECTED; received 2 response(s) [d2d0250e-a378-4f8a-a4ff-ce07d96628f4<-756f57d6-6136-46f3-b5ea-af957dae1eda#0:FAIL-t5, d2d0250e-a378-4f8a-a4ff-ce07d96628f4<-a36a670b-6f05-41e5-b505-2b1a8d9f1f79#0:FAIL-t5] and 0 exception(s); d2d0250e-a378-4f8a-a4ff-ce07d96628f4@group-129E33F6DE87:t5, leader=null, voted=d2d0250e-a378-4f8a-a4ff-ce07d96628f4, raftlog=d2d0250e-a378-4f8a-a4ff-ce07d96628f4@group-129E33F6DE87-SegmentedRaftLog:OPENED:c-1,f-1,i0, conf=-1: [756f57d6-6136-46f3-b5ea-af957dae1eda:192.168.34.8:33063, d2d0250e-a378-4f8a-a4ff-ce07d96628f4:192.168.34.8:43170, a36a670b-6f05-41e5-b505-2b1a8d9f1f79:192.168.34.8:32869], old=null
2019-10-21 22:01:23,378 [d2d0250e-a378-4f8a-a4ff-ce07d96628f4@group-129E33F6DE87-LeaderElection26] INFO  impl.RaftServerImpl (RaftServerImpl.java:setRole(184)) - d2d0250e-a378-4f8a-a4ff-ce07d96628f4@group-129E33F6DE87: changes role from CANDIDATE to FOLLOWER at term 5 for DISCOVERED_A_NEW_TERM
2019-10-21 22:01:23,378 [d2d0250e-a378-4f8a-a4ff-ce07d96628f4@group-129E33F6DE87-LeaderElection26] INFO  impl.RoleInfo (RoleInfo.java:shutdownLeaderElection(134)) - d2d0250e-a378-4f8a-a4ff-ce07d96628f4: shutdown LeaderElection
2019-10-21 22:01:23,378 [grpc-default-executor-3] INFO  impl.RaftServerImpl (ServerState.java:setLeader(256)) - 28432215-63ab-4c85-86e9-79fb72521e72@group-6834AB77F819: change Leader from 28432215-63ab-4c85-86e9-79fb72521e72 to null at term 5 for updateCurrentTerm
2019-10-21 22:01:23,378 [d2d0250e-a378-4f8a-a4ff-ce07d96628f4@group-129E33F6DE87-LeaderElection26] INFO  impl.RoleInfo (RoleInfo.java:updateAndGet(143)) - d2d0250e-a378-4f8a-a4ff-ce07d96628f4: start FollowerState
2019-10-21 22:01:23,416 [grpc-default-executor-7] INFO  impl.RaftServerImpl (ServerState.java:setLeader(256)) - 0edd2ec6-20bf-4809-95ac-80dc11748221@group-6834AB77F819: change Leader from 28432215-63ab-4c85-86e9-79fb72521e72 to null at term 5 for updateCurrentTerm
2019-10-21 22:01:23,416 [grpc-default-executor-3] INFO  impl.RaftServerImpl (RaftServerImpl.java:setRole(184)) - 28432215-63ab-4c85-86e9-79fb72521e72@group-6834AB77F819: changes role from    LEADER to FOLLOWER at term 5 for recognizeCandidate:e152cc11-8922-4c62-a829-a835e5f58570
2019-10-21 22:01:23,416 [grpc-default-executor-7] INFO  impl.RaftServerImpl (RaftServerImpl.java:setRole(184)) - 0edd2ec6-20bf-4809-95ac-80dc11748221@group-6834AB77F819: changes role from  FOLLOWER to FOLLOWER at term 5 for recognizeCandidate:e152cc11-8922-4c62-a829-a835e5f58570
2019-10-21 22:01:23,417 [grpc-default-executor-3] INFO  impl.RoleInfo (RoleInfo.java:shutdownLeaderState(104)) - 28432215-63ab-4c85-86e9-79fb72521e72: shutdown LeaderState
2019-10-21 22:01:23,417 [grpc-default-executor-7] INFO  impl.RoleInfo (RoleInfo.java:shutdownFollowerState(121)) - 0edd2ec6-20bf-4809-95ac-80dc11748221: shutdown FollowerState
2019-10-21 22:01:23,421 [org.apache.ratis.server.impl.LogAppender$AppenderDaemon$$Lambda$446/1128881196@7eb96356] WARN  server.GrpcLogAppender (GrpcLogAppender.java:mayWait(149)) - 28432215-63ab-4c85-86e9-79fb72521e72@group-6834AB77F819->0edd2ec6-20bf-4809-95ac-80dc11748221-GrpcLogAppender: Wait interrupted by java.lang.InterruptedException
2019-10-21 22:01:23,421 [grpc-default-executor-3] INFO  impl.PendingRequests (PendingRequests.java:sendNotLeaderResponses(202)) - 28432215-63ab-4c85-86e9-79fb72521e72@group-6834AB77F819-PendingRequests: sendNotLeaderResponses
2019-10-21 22:01:23,421 [grpc-default-executor-7] INFO  impl.RoleInfo (RoleInfo.java:updateAndGet(143)) - 0edd2ec6-20bf-4809-95ac-80dc11748221: start FollowerState
2019-10-21 22:01:23,421 [Thread-469] INFO  impl.FollowerState (FollowerState.java:run(117)) - 0edd2ec6-20bf-4809-95ac-80dc11748221@group-6834AB77F819-FollowerState was interrupted: java.lang.InterruptedException: sleep interrupted
2019-10-21 22:01:23,421 [org.apache.ratis.server.impl.LogAppender$AppenderDaemon$$Lambda$446/1128881196@4fbcef15] WARN  server.GrpcLogAppender (GrpcLogAppender.java:mayWait(149)) - 28432215-63ab-4c85-86e9-79fb72521e72@group-6834AB77F819->e152cc11-8922-4c62-a829-a835e5f58570-GrpcLogAppender: Wait interrupted by java.lang.InterruptedException
2019-10-21 22:01:23,422 [grpc-default-executor-3] INFO  impl.RoleInfo (RoleInfo.java:updateAndGet(143)) - 28432215-63ab-4c85-86e9-79fb72521e72: start FollowerState
2019-10-21 22:01:23,425 [grpc-default-executor-0] INFO  server.GrpcServerProtocolService (GrpcServerProtocolService.java:onCompleted(113)) - 0edd2ec6-20bf-4809-95ac-80dc11748221: Completed APPEND_ENTRIES, lastRequest: 28432215-63ab-4c85-86e9-79fb72521e72->0edd2ec6-20bf-4809-95ac-80dc11748221#1-t4, previous=(t:0, i:0), leaderCommit=-1, initializing? false, entries: size=1, first=(t:4, i:0), CONFIGURATIONENTRY
2019-10-21 22:01:23,425 [grpc-default-executor-4] INFO  server.GrpcServerProtocolService (GrpcServerProtocolService.java:onCompleted(113)) - e152cc11-8922-4c62-a829-a835e5f58570: Completed APPEND_ENTRIES, lastRequest: 28432215-63ab-4c85-86e9-79fb72521e72->e152cc11-8922-4c62-a829-a835e5f58570#1-t4, previous=(t:0, i:0), leaderCommit=0, initializing? false, entries: size=1, first=(t:4, i:0), CONFIGURATIONENTRY
2019-10-21 22:01:23,430 [0edd2ec6-20bf-4809-95ac-80dc11748221@group-6834AB77F819-SegmentedRaftLogWorker] INFO  segmented.SegmentedRaftLogWorker (SegmentedRaftLogWorker.java:execute(576)) - 0edd2ec6-20bf-4809-95ac-80dc11748221@group-6834AB77F819-SegmentedRaftLogWorker: created new log segment /workdir/hadoop-ozone/integration-test/target/test-dir/MiniOzoneClusterImpl-55d22b23-1d78-4564-93d7-1f68b9a0b903/datanode-5/data/ratis/4e43fd85-fb0f-4fb0-96cc-6834ab77f819/current/log_inprogress_0
2019-10-21 22:01:23,430 [grpc-default-executor-6] INFO  server.GrpcLogAppender (GrpcLogAppender.java:onCompleted(308)) - 28432215-63ab-4c85-86e9-79fb72521e72@group-6834AB77F819->0edd2ec6-20bf-4809-95ac-80dc11748221-AppendLogResponseHandler: follower responses appendEntries COMPLETED
2019-10-21 22:01:23,430 [grpc-default-executor-0] INFO  server.GrpcLogAppender (GrpcLogAppender.java:onCompleted(308)) - 28432215-63ab-4c85-86e9-79fb72521e72@group-6834AB77F819->e152cc11-8922-4c62-a829-a835e5f58570-AppendLogResponseHandler: follower responses appendEntries COMPLETED
2019-10-21 22:01:23,434 [grpc-default-executor-6] INFO  impl.FollowerInfo (FollowerInfo.java:lambda$new$0(51)) - 28432215-63ab-4c85-86e9-79fb72521e72@group-6834AB77F819->0edd2ec6-20bf-4809-95ac-80dc11748221: nextIndex: updateUnconditionally 1 -> 0
2019-10-21 22:01:23,435 [grpc-default-executor-0] INFO  impl.FollowerInfo (FollowerInfo.java:lambda$new$0(51)) - 28432215-63ab-4c85-86e9-79fb72521e72@group-6834AB77F819->e152cc11-8922-4c62-a829-a835e5f58570: nextIndex: updateUnconditionally 1 -> 0
2019-10-21 22:01:23,503 [IPC Server handler 18 on 42970] INFO  volume.OMVolumeCreateRequest (OMVolumeCreateRequest.java:validateAndUpdateCache(193)) - created volume:datanodefailurehandlingtest for user:jenkins1000
2019-10-21 22:01:23,528 [Thread-493] INFO  impl.FollowerState (FollowerState.java:run(108)) - d2d0250e-a378-4f8a-a4ff-ce07d96628f4@group-129E33F6DE87-FollowerState: change to CANDIDATE, lastRpcTime:149ms, electionTimeout:109ms
2019-10-21 22:01:23,536 [Thread-493] INFO  impl.RoleInfo (RoleInfo.java:shutdownFollowerState(121)) - d2d0250e-a378-4f8a-a4ff-ce07d96628f4: shutdown FollowerState
2019-10-21 22:01:23,543 [Thread-493] INFO  impl.RaftServerImpl (RaftServerImpl.java:setRole(184)) - d2d0250e-a378-4f8a-a4ff-ce07d96628f4@group-129E33F6DE87: changes role from  FOLLOWER to CANDIDATE at term 5 for changeToCandidate
2019-10-21 22:01:23,544 [Thread-493] INFO  impl.RoleInfo (RoleInfo.java:updateAndGet(143)) - d2d0250e-a378-4f8a-a4ff-ce07d96628f4: start LeaderElection
2019-10-21 22:01:23,570 [d2d0250e-a378-4f8a-a4ff-ce07d96628f4@group-129E33F6DE87-LeaderElection28] INFO  impl.LeaderElection (LeaderElection.java:askForVotes(178)) - d2d0250e-a378-4f8a-a4ff-ce07d96628f4@group-129E33F6DE87-LeaderElection28: begin an election at term 6 for -1: [756f57d6-6136-46f3-b5ea-af957dae1eda:192.168.34.8:33063, d2d0250e-a378-4f8a-a4ff-ce07d96628f4:192.168.34.8:43170, a36a670b-6f05-41e5-b505-2b1a8d9f1f79:192.168.34.8:32869], old=null
2019-10-21 22:01:23,624 [grpc-default-executor-3] INFO  impl.RaftServerImpl (RaftServerImpl.java:setRole(184)) - a36a670b-6f05-41e5-b505-2b1a8d9f1f79@group-129E33F6DE87: changes role from  FOLLOWER to FOLLOWER at term 6 for recognizeCandidate:d2d0250e-a378-4f8a-a4ff-ce07d96628f4
2019-10-21 22:01:23,624 [grpc-default-executor-0] INFO  impl.RaftServerImpl (RaftServerImpl.java:setRole(184)) - 756f57d6-6136-46f3-b5ea-af957dae1eda@group-129E33F6DE87: changes role from  FOLLOWER to FOLLOWER at term 6 for recognizeCandidate:d2d0250e-a378-4f8a-a4ff-ce07d96628f4
2019-10-21 22:01:23,624 [grpc-default-executor-3] INFO  impl.RoleInfo (RoleInfo.java:shutdownFollowerState(121)) - a36a670b-6f05-41e5-b505-2b1a8d9f1f79: shutdown FollowerState
2019-10-21 22:01:23,625 [grpc-default-executor-0] INFO  impl.RoleInfo (RoleInfo.java:shutdownFollowerState(121)) - 756f57d6-6136-46f3-b5ea-af957dae1eda: shutdown FollowerState
2019-10-21 22:01:23,627 [main] INFO  rpc.RpcClient (RpcClient.java:createBucket(411)) - Creating Bucket: datanodefailurehandlingtest/datanodefailurehandlingtest, with Versioning false and Storage Type set to DISK and Encryption set to false 
2019-10-21 22:01:23,658 [Thread-489] INFO  impl.FollowerState (FollowerState.java:run(117)) - 756f57d6-6136-46f3-b5ea-af957dae1eda@group-129E33F6DE87-FollowerState was interrupted: java.lang.InterruptedException: sleep interrupted
2019-10-21 22:01:23,658 [Thread-478] INFO  impl.FollowerState (FollowerState.java:run(117)) - a36a670b-6f05-41e5-b505-2b1a8d9f1f79@group-129E33F6DE87-FollowerState was interrupted: java.lang.InterruptedException: sleep interrupted
2019-10-21 22:01:23,658 [grpc-default-executor-0] INFO  impl.RoleInfo (RoleInfo.java:updateAndGet(143)) - 756f57d6-6136-46f3-b5ea-af957dae1eda: start FollowerState
2019-10-21 22:01:23,658 [grpc-default-executor-3] INFO  impl.RoleInfo (RoleInfo.java:updateAndGet(143)) - a36a670b-6f05-41e5-b505-2b1a8d9f1f79: start FollowerState
2019-10-21 22:01:23,695 [d2d0250e-a378-4f8a-a4ff-ce07d96628f4@group-129E33F6DE87-LeaderElection28] INFO  impl.LeaderElection (LeaderElection.java:logAndReturn(56)) - d2d0250e-a378-4f8a-a4ff-ce07d96628f4@group-129E33F6DE87-LeaderElection28: Election REJECTED; received 2 response(s) [d2d0250e-a378-4f8a-a4ff-ce07d96628f4<-756f57d6-6136-46f3-b5ea-af957dae1eda#0:FAIL-t6, d2d0250e-a378-4f8a-a4ff-ce07d96628f4<-a36a670b-6f05-41e5-b505-2b1a8d9f1f79#0:FAIL-t6] and 0 exception(s); d2d0250e-a378-4f8a-a4ff-ce07d96628f4@group-129E33F6DE87:t6, leader=null, voted=d2d0250e-a378-4f8a-a4ff-ce07d96628f4, raftlog=d2d0250e-a378-4f8a-a4ff-ce07d96628f4@group-129E33F6DE87-SegmentedRaftLog:OPENED:c-1,f-1,i0, conf=-1: [756f57d6-6136-46f3-b5ea-af957dae1eda:192.168.34.8:33063, d2d0250e-a378-4f8a-a4ff-ce07d96628f4:192.168.34.8:43170, a36a670b-6f05-41e5-b505-2b1a8d9f1f79:192.168.34.8:32869], old=null
2019-10-21 22:01:23,695 [d2d0250e-a378-4f8a-a4ff-ce07d96628f4@group-129E33F6DE87-LeaderElection28] INFO  impl.RaftServerImpl (RaftServerImpl.java:setRole(184)) - d2d0250e-a378-4f8a-a4ff-ce07d96628f4@group-129E33F6DE87: changes role from CANDIDATE to FOLLOWER at term 6 for DISCOVERED_A_NEW_TERM
2019-10-21 22:01:23,695 [d2d0250e-a378-4f8a-a4ff-ce07d96628f4@group-129E33F6DE87-LeaderElection28] INFO  impl.RoleInfo (RoleInfo.java:shutdownLeaderElection(134)) - d2d0250e-a378-4f8a-a4ff-ce07d96628f4: shutdown LeaderElection
2019-10-21 22:01:23,696 [d2d0250e-a378-4f8a-a4ff-ce07d96628f4@group-129E33F6DE87-LeaderElection28] INFO  impl.RoleInfo (RoleInfo.java:updateAndGet(143)) - d2d0250e-a378-4f8a-a4ff-ce07d96628f4: start FollowerState
2019-10-21 22:01:23,754 [IPC Server handler 11 on 35641] INFO  server.SCMBlockProtocolServer (SCMBlockProtocolServer.java:allocateBlock(179)) - Allocating 6 blocks of size 4194304, with ExcludeList {datanodes = [], containerIds = [], pipelineIds = []}
2019-10-21 22:01:23,768 [Thread-502] INFO  impl.FollowerState (FollowerState.java:run(108)) - d2d0250e-a378-4f8a-a4ff-ce07d96628f4@group-129E33F6DE87-FollowerState: change to CANDIDATE, lastRpcTime:72ms, electionTimeout:72ms
2019-10-21 22:01:23,777 [Thread-502] INFO  impl.RoleInfo (RoleInfo.java:shutdownFollowerState(121)) - d2d0250e-a378-4f8a-a4ff-ce07d96628f4: shutdown FollowerState
2019-10-21 22:01:23,777 [Thread-502] INFO  impl.RaftServerImpl (RaftServerImpl.java:setRole(184)) - d2d0250e-a378-4f8a-a4ff-ce07d96628f4@group-129E33F6DE87: changes role from  FOLLOWER to CANDIDATE at term 6 for changeToCandidate
2019-10-21 22:01:23,778 [Thread-502] INFO  impl.RoleInfo (RoleInfo.java:updateAndGet(143)) - d2d0250e-a378-4f8a-a4ff-ce07d96628f4: start LeaderElection
2019-10-21 22:01:23,793 [d2d0250e-a378-4f8a-a4ff-ce07d96628f4@group-129E33F6DE87-LeaderElection29] INFO  impl.LeaderElection (LeaderElection.java:askForVotes(178)) - d2d0250e-a378-4f8a-a4ff-ce07d96628f4@group-129E33F6DE87-LeaderElection29: begin an election at term 7 for -1: [756f57d6-6136-46f3-b5ea-af957dae1eda:192.168.34.8:33063, d2d0250e-a378-4f8a-a4ff-ce07d96628f4:192.168.34.8:43170, a36a670b-6f05-41e5-b505-2b1a8d9f1f79:192.168.34.8:32869], old=null
2019-10-21 22:01:23,807 [grpc-default-executor-3] INFO  impl.RaftServerImpl (RaftServerImpl.java:setRole(184)) - 756f57d6-6136-46f3-b5ea-af957dae1eda@group-129E33F6DE87: changes role from  FOLLOWER to FOLLOWER at term 7 for recognizeCandidate:d2d0250e-a378-4f8a-a4ff-ce07d96628f4
2019-10-21 22:01:23,807 [grpc-default-executor-0] INFO  impl.RaftServerImpl (RaftServerImpl.java:setRole(184)) - a36a670b-6f05-41e5-b505-2b1a8d9f1f79@group-129E33F6DE87: changes role from  FOLLOWER to FOLLOWER at term 7 for recognizeCandidate:d2d0250e-a378-4f8a-a4ff-ce07d96628f4
2019-10-21 22:01:23,808 [grpc-default-executor-3] INFO  impl.RoleInfo (RoleInfo.java:shutdownFollowerState(121)) - 756f57d6-6136-46f3-b5ea-af957dae1eda: shutdown FollowerState
2019-10-21 22:01:23,808 [grpc-default-executor-0] INFO  impl.RoleInfo (RoleInfo.java:shutdownFollowerState(121)) - a36a670b-6f05-41e5-b505-2b1a8d9f1f79: shutdown FollowerState
2019-10-21 22:01:23,831 [grpc-default-executor-0] INFO  impl.RoleInfo (RoleInfo.java:updateAndGet(143)) - a36a670b-6f05-41e5-b505-2b1a8d9f1f79: start FollowerState
2019-10-21 22:01:23,831 [Thread-500] INFO  impl.FollowerState (FollowerState.java:run(117)) - 756f57d6-6136-46f3-b5ea-af957dae1eda@group-129E33F6DE87-FollowerState was interrupted: java.lang.InterruptedException: sleep interrupted
2019-10-21 22:01:23,831 [Thread-501] INFO  impl.FollowerState (FollowerState.java:run(117)) - a36a670b-6f05-41e5-b505-2b1a8d9f1f79@group-129E33F6DE87-FollowerState was interrupted: java.lang.InterruptedException: sleep interrupted
2019-10-21 22:01:23,831 [grpc-default-executor-3] INFO  impl.RoleInfo (RoleInfo.java:updateAndGet(143)) - 756f57d6-6136-46f3-b5ea-af957dae1eda: start FollowerState
2019-10-21 22:01:23,857 [d2d0250e-a378-4f8a-a4ff-ce07d96628f4@group-129E33F6DE87-LeaderElection29] INFO  impl.LeaderElection (LeaderElection.java:logAndReturn(56)) - d2d0250e-a378-4f8a-a4ff-ce07d96628f4@group-129E33F6DE87-LeaderElection29: Election REJECTED; received 2 response(s) [d2d0250e-a378-4f8a-a4ff-ce07d96628f4<-756f57d6-6136-46f3-b5ea-af957dae1eda#0:FAIL-t7, d2d0250e-a378-4f8a-a4ff-ce07d96628f4<-a36a670b-6f05-41e5-b505-2b1a8d9f1f79#0:FAIL-t7] and 0 exception(s); d2d0250e-a378-4f8a-a4ff-ce07d96628f4@group-129E33F6DE87:t7, leader=null, voted=d2d0250e-a378-4f8a-a4ff-ce07d96628f4, raftlog=d2d0250e-a378-4f8a-a4ff-ce07d96628f4@group-129E33F6DE87-SegmentedRaftLog:OPENED:c-1,f-1,i0, conf=-1: [756f57d6-6136-46f3-b5ea-af957dae1eda:192.168.34.8:33063, d2d0250e-a378-4f8a-a4ff-ce07d96628f4:192.168.34.8:43170, a36a670b-6f05-41e5-b505-2b1a8d9f1f79:192.168.34.8:32869], old=null
2019-10-21 22:01:23,858 [d2d0250e-a378-4f8a-a4ff-ce07d96628f4@group-129E33F6DE87-LeaderElection29] INFO  impl.RaftServerImpl (RaftServerImpl.java:setRole(184)) - d2d0250e-a378-4f8a-a4ff-ce07d96628f4@group-129E33F6DE87: changes role from CANDIDATE to FOLLOWER at term 7 for DISCOVERED_A_NEW_TERM
2019-10-21 22:01:23,858 [d2d0250e-a378-4f8a-a4ff-ce07d96628f4@group-129E33F6DE87-LeaderElection29] INFO  impl.RoleInfo (RoleInfo.java:shutdownLeaderElection(134)) - d2d0250e-a378-4f8a-a4ff-ce07d96628f4: shutdown LeaderElection
2019-10-21 22:01:23,858 [d2d0250e-a378-4f8a-a4ff-ce07d96628f4@group-129E33F6DE87-LeaderElection29] INFO  impl.RoleInfo (RoleInfo.java:updateAndGet(143)) - d2d0250e-a378-4f8a-a4ff-ce07d96628f4: start FollowerState
2019-10-21 22:01:23,888 [Timer for 'StorageContainerManager' metrics system] INFO  lib.Interns (Interns.java:removeEldestEntry(50)) - Metrics intern cache overflow at 2011 for MetricsSystem={MetricsSystem=MetricsInfoImpl{name=MetricsSystem, description=MetricsSystem}, MetricsSystem record=MetricsInfoImpl{name=MetricsSystem, description=MetricsSystem record}}
2019-10-21 22:01:23,954 [Thread-509] INFO  impl.FollowerState (FollowerState.java:run(108)) - d2d0250e-a378-4f8a-a4ff-ce07d96628f4@group-129E33F6DE87-FollowerState: change to CANDIDATE, lastRpcTime:96ms, electionTimeout:96ms
2019-10-21 22:01:23,954 [Thread-509] INFO  impl.RoleInfo (RoleInfo.java:shutdownFollowerState(121)) - d2d0250e-a378-4f8a-a4ff-ce07d96628f4: shutdown FollowerState
2019-10-21 22:01:23,955 [Thread-509] INFO  impl.RaftServerImpl (RaftServerImpl.java:setRole(184)) - d2d0250e-a378-4f8a-a4ff-ce07d96628f4@group-129E33F6DE87: changes role from  FOLLOWER to CANDIDATE at term 7 for changeToCandidate
2019-10-21 22:01:23,955 [Thread-509] INFO  impl.RoleInfo (RoleInfo.java:updateAndGet(143)) - d2d0250e-a378-4f8a-a4ff-ce07d96628f4: start LeaderElection
2019-10-21 22:01:23,969 [d2d0250e-a378-4f8a-a4ff-ce07d96628f4@group-129E33F6DE87-LeaderElection30] INFO  impl.LeaderElection (LeaderElection.java:askForVotes(178)) - d2d0250e-a378-4f8a-a4ff-ce07d96628f4@group-129E33F6DE87-LeaderElection30: begin an election at term 8 for -1: [756f57d6-6136-46f3-b5ea-af957dae1eda:192.168.34.8:33063, d2d0250e-a378-4f8a-a4ff-ce07d96628f4:192.168.34.8:43170, a36a670b-6f05-41e5-b505-2b1a8d9f1f79:192.168.34.8:32869], old=null
2019-10-21 22:01:23,973 [grpc-default-executor-3] INFO  impl.RaftServerImpl (RaftServerImpl.java:setRole(184)) - 756f57d6-6136-46f3-b5ea-af957dae1eda@group-129E33F6DE87: changes role from  FOLLOWER to FOLLOWER at term 8 for recognizeCandidate:d2d0250e-a378-4f8a-a4ff-ce07d96628f4
2019-10-21 22:01:23,973 [grpc-default-executor-0] INFO  impl.RaftServerImpl (RaftServerImpl.java:setRole(184)) - a36a670b-6f05-41e5-b505-2b1a8d9f1f79@group-129E33F6DE87: changes role from  FOLLOWER to FOLLOWER at term 8 for recognizeCandidate:d2d0250e-a378-4f8a-a4ff-ce07d96628f4
2019-10-21 22:01:23,973 [grpc-default-executor-3] INFO  impl.RoleInfo (RoleInfo.java:shutdownFollowerState(121)) - 756f57d6-6136-46f3-b5ea-af957dae1eda: shutdown FollowerState
2019-10-21 22:01:23,973 [grpc-default-executor-0] INFO  impl.RoleInfo (RoleInfo.java:shutdownFollowerState(121)) - a36a670b-6f05-41e5-b505-2b1a8d9f1f79: shutdown FollowerState
2019-10-21 22:01:23,973 [Thread-507] INFO  impl.FollowerState (FollowerState.java:run(117)) - 756f57d6-6136-46f3-b5ea-af957dae1eda@group-129E33F6DE87-FollowerState was interrupted: java.lang.InterruptedException: sleep interrupted
2019-10-21 22:01:23,973 [grpc-default-executor-3] INFO  impl.RoleInfo (RoleInfo.java:updateAndGet(143)) - 756f57d6-6136-46f3-b5ea-af957dae1eda: start FollowerState
2019-10-21 22:01:23,973 [grpc-default-executor-0] INFO  impl.RoleInfo (RoleInfo.java:updateAndGet(143)) - a36a670b-6f05-41e5-b505-2b1a8d9f1f79: start FollowerState
2019-10-21 22:01:23,973 [Thread-506] INFO  impl.FollowerState (FollowerState.java:run(117)) - a36a670b-6f05-41e5-b505-2b1a8d9f1f79@group-129E33F6DE87-FollowerState was interrupted: java.lang.InterruptedException: sleep interrupted
2019-10-21 22:01:23,989 [d2d0250e-a378-4f8a-a4ff-ce07d96628f4@group-129E33F6DE87-LeaderElection30] INFO  impl.LeaderElection (LeaderElection.java:logAndReturn(56)) - d2d0250e-a378-4f8a-a4ff-ce07d96628f4@group-129E33F6DE87-LeaderElection30: Election REJECTED; received 2 response(s) [d2d0250e-a378-4f8a-a4ff-ce07d96628f4<-756f57d6-6136-46f3-b5ea-af957dae1eda#0:FAIL-t8, d2d0250e-a378-4f8a-a4ff-ce07d96628f4<-a36a670b-6f05-41e5-b505-2b1a8d9f1f79#0:FAIL-t8] and 0 exception(s); d2d0250e-a378-4f8a-a4ff-ce07d96628f4@group-129E33F6DE87:t8, leader=null, voted=d2d0250e-a378-4f8a-a4ff-ce07d96628f4, raftlog=d2d0250e-a378-4f8a-a4ff-ce07d96628f4@group-129E33F6DE87-SegmentedRaftLog:OPENED:c-1,f-1,i0, conf=-1: [756f57d6-6136-46f3-b5ea-af957dae1eda:192.168.34.8:33063, d2d0250e-a378-4f8a-a4ff-ce07d96628f4:192.168.34.8:43170, a36a670b-6f05-41e5-b505-2b1a8d9f1f79:192.168.34.8:32869], old=null
2019-10-21 22:01:23,990 [d2d0250e-a378-4f8a-a4ff-ce07d96628f4@group-129E33F6DE87-LeaderElection30] INFO  impl.RaftServerImpl (RaftServerImpl.java:setRole(184)) - d2d0250e-a378-4f8a-a4ff-ce07d96628f4@group-129E33F6DE87: changes role from CANDIDATE to FOLLOWER at term 8 for DISCOVERED_A_NEW_TERM
2019-10-21 22:01:23,990 [d2d0250e-a378-4f8a-a4ff-ce07d96628f4@group-129E33F6DE87-LeaderElection30] INFO  impl.RoleInfo (RoleInfo.java:shutdownLeaderElection(134)) - d2d0250e-a378-4f8a-a4ff-ce07d96628f4: shutdown LeaderElection
2019-10-21 22:01:23,990 [d2d0250e-a378-4f8a-a4ff-ce07d96628f4@group-129E33F6DE87-LeaderElection30] INFO  impl.RoleInfo (RoleInfo.java:updateAndGet(143)) - d2d0250e-a378-4f8a-a4ff-ce07d96628f4: start FollowerState
2019-10-21 22:01:24,031 [main] INFO  impl.MetricsSystemImpl (MetricsSystemImpl.java:init(158)) - XceiverClientMetrics metrics system started (again)
2019-10-21 22:01:24,109 [Thread-516] INFO  impl.FollowerState (FollowerState.java:run(108)) - d2d0250e-a378-4f8a-a4ff-ce07d96628f4@group-129E33F6DE87-FollowerState: change to CANDIDATE, lastRpcTime:118ms, electionTimeout:118ms
2019-10-21 22:01:24,109 [Thread-516] INFO  impl.RoleInfo (RoleInfo.java:shutdownFollowerState(121)) - d2d0250e-a378-4f8a-a4ff-ce07d96628f4: shutdown FollowerState
2019-10-21 22:01:24,109 [Thread-516] INFO  impl.RaftServerImpl (RaftServerImpl.java:setRole(184)) - d2d0250e-a378-4f8a-a4ff-ce07d96628f4@group-129E33F6DE87: changes role from  FOLLOWER to CANDIDATE at term 8 for changeToCandidate
2019-10-21 22:01:24,109 [Thread-516] INFO  impl.RoleInfo (RoleInfo.java:updateAndGet(143)) - d2d0250e-a378-4f8a-a4ff-ce07d96628f4: start LeaderElection
2019-10-21 22:01:24,123 [d2d0250e-a378-4f8a-a4ff-ce07d96628f4@group-129E33F6DE87-LeaderElection31] INFO  impl.LeaderElection (LeaderElection.java:askForVotes(178)) - d2d0250e-a378-4f8a-a4ff-ce07d96628f4@group-129E33F6DE87-LeaderElection31: begin an election at term 9 for -1: [756f57d6-6136-46f3-b5ea-af957dae1eda:192.168.34.8:33063, d2d0250e-a378-4f8a-a4ff-ce07d96628f4:192.168.34.8:43170, a36a670b-6f05-41e5-b505-2b1a8d9f1f79:192.168.34.8:32869], old=null
2019-10-21 22:01:24,127 [grpc-default-executor-3] INFO  impl.RaftServerImpl (RaftServerImpl.java:setRole(184)) - a36a670b-6f05-41e5-b505-2b1a8d9f1f79@group-129E33F6DE87: changes role from  FOLLOWER to FOLLOWER at term 9 for recognizeCandidate:d2d0250e-a378-4f8a-a4ff-ce07d96628f4
2019-10-21 22:01:24,127 [grpc-default-executor-3] INFO  impl.RoleInfo (RoleInfo.java:shutdownFollowerState(121)) - a36a670b-6f05-41e5-b505-2b1a8d9f1f79: shutdown FollowerState
2019-10-21 22:01:24,127 [grpc-default-executor-0] INFO  impl.RaftServerImpl (RaftServerImpl.java:setRole(184)) - 756f57d6-6136-46f3-b5ea-af957dae1eda@group-129E33F6DE87: changes role from  FOLLOWER to FOLLOWER at term 9 for recognizeCandidate:d2d0250e-a378-4f8a-a4ff-ce07d96628f4
2019-10-21 22:01:24,127 [Thread-515] INFO  impl.FollowerState (FollowerState.java:run(117)) - a36a670b-6f05-41e5-b505-2b1a8d9f1f79@group-129E33F6DE87-FollowerState was interrupted: java.lang.InterruptedException: sleep interrupted
2019-10-21 22:01:24,127 [grpc-default-executor-3] INFO  impl.RoleInfo (RoleInfo.java:updateAndGet(143)) - a36a670b-6f05-41e5-b505-2b1a8d9f1f79: start FollowerState
2019-10-21 22:01:24,128 [grpc-default-executor-0] INFO  impl.RoleInfo (RoleInfo.java:shutdownFollowerState(121)) - 756f57d6-6136-46f3-b5ea-af957dae1eda: shutdown FollowerState
2019-10-21 22:01:24,128 [Thread-514] INFO  impl.FollowerState (FollowerState.java:run(117)) - 756f57d6-6136-46f3-b5ea-af957dae1eda@group-129E33F6DE87-FollowerState was interrupted: java.lang.InterruptedException: sleep interrupted
2019-10-21 22:01:24,128 [grpc-default-executor-0] INFO  impl.RoleInfo (RoleInfo.java:updateAndGet(143)) - 756f57d6-6136-46f3-b5ea-af957dae1eda: start FollowerState
2019-10-21 22:01:24,143 [d2d0250e-a378-4f8a-a4ff-ce07d96628f4@group-129E33F6DE87-LeaderElection31] INFO  impl.LeaderElection (LeaderElection.java:logAndReturn(56)) - d2d0250e-a378-4f8a-a4ff-ce07d96628f4@group-129E33F6DE87-LeaderElection31: Election REJECTED; received 2 response(s) [d2d0250e-a378-4f8a-a4ff-ce07d96628f4<-756f57d6-6136-46f3-b5ea-af957dae1eda#0:FAIL-t9, d2d0250e-a378-4f8a-a4ff-ce07d96628f4<-a36a670b-6f05-41e5-b505-2b1a8d9f1f79#0:FAIL-t9] and 0 exception(s); d2d0250e-a378-4f8a-a4ff-ce07d96628f4@group-129E33F6DE87:t9, leader=null, voted=d2d0250e-a378-4f8a-a4ff-ce07d96628f4, raftlog=d2d0250e-a378-4f8a-a4ff-ce07d96628f4@group-129E33F6DE87-SegmentedRaftLog:OPENED:c-1,f-1,i0, conf=-1: [756f57d6-6136-46f3-b5ea-af957dae1eda:192.168.34.8:33063, d2d0250e-a378-4f8a-a4ff-ce07d96628f4:192.168.34.8:43170, a36a670b-6f05-41e5-b505-2b1a8d9f1f79:192.168.34.8:32869], old=null
2019-10-21 22:01:24,143 [d2d0250e-a378-4f8a-a4ff-ce07d96628f4@group-129E33F6DE87-LeaderElection31] INFO  impl.RaftServerImpl (RaftServerImpl.java:setRole(184)) - d2d0250e-a378-4f8a-a4ff-ce07d96628f4@group-129E33F6DE87: changes role from CANDIDATE to FOLLOWER at term 9 for DISCOVERED_A_NEW_TERM
2019-10-21 22:01:24,144 [d2d0250e-a378-4f8a-a4ff-ce07d96628f4@group-129E33F6DE87-LeaderElection31] INFO  impl.RoleInfo (RoleInfo.java:shutdownLeaderElection(134)) - d2d0250e-a378-4f8a-a4ff-ce07d96628f4: shutdown LeaderElection
2019-10-21 22:01:24,144 [d2d0250e-a378-4f8a-a4ff-ce07d96628f4@group-129E33F6DE87-LeaderElection31] INFO  impl.RoleInfo (RoleInfo.java:updateAndGet(143)) - d2d0250e-a378-4f8a-a4ff-ce07d96628f4: start FollowerState
2019-10-21 22:01:24,180 [Thread-522] INFO  impl.FollowerState (FollowerState.java:run(108)) - d2d0250e-a378-4f8a-a4ff-ce07d96628f4@group-129E33F6DE87-FollowerState: change to CANDIDATE, lastRpcTime:36ms, electionTimeout:34ms
2019-10-21 22:01:24,182 [Thread-522] INFO  impl.RoleInfo (RoleInfo.java:shutdownFollowerState(121)) - d2d0250e-a378-4f8a-a4ff-ce07d96628f4: shutdown FollowerState
2019-10-21 22:01:24,182 [Thread-522] INFO  impl.RaftServerImpl (RaftServerImpl.java:setRole(184)) - d2d0250e-a378-4f8a-a4ff-ce07d96628f4@group-129E33F6DE87: changes role from  FOLLOWER to CANDIDATE at term 9 for changeToCandidate
2019-10-21 22:01:24,182 [Thread-522] INFO  impl.RoleInfo (RoleInfo.java:updateAndGet(143)) - d2d0250e-a378-4f8a-a4ff-ce07d96628f4: start LeaderElection
2019-10-21 22:01:24,199 [d2d0250e-a378-4f8a-a4ff-ce07d96628f4@group-129E33F6DE87-LeaderElection32] INFO  impl.LeaderElection (LeaderElection.java:askForVotes(178)) - d2d0250e-a378-4f8a-a4ff-ce07d96628f4@group-129E33F6DE87-LeaderElection32: begin an election at term 10 for -1: [756f57d6-6136-46f3-b5ea-af957dae1eda:192.168.34.8:33063, d2d0250e-a378-4f8a-a4ff-ce07d96628f4:192.168.34.8:43170, a36a670b-6f05-41e5-b505-2b1a8d9f1f79:192.168.34.8:32869], old=null
2019-10-21 22:01:24,208 [grpc-default-executor-7] INFO  impl.RaftServerImpl (RaftServerImpl.java:setRole(184)) - a36a670b-6f05-41e5-b505-2b1a8d9f1f79@group-129E33F6DE87: changes role from  FOLLOWER to FOLLOWER at term 10 for recognizeCandidate:d2d0250e-a378-4f8a-a4ff-ce07d96628f4
2019-10-21 22:01:24,208 [grpc-default-executor-6] INFO  impl.RaftServerImpl (RaftServerImpl.java:setRole(184)) - 756f57d6-6136-46f3-b5ea-af957dae1eda@group-129E33F6DE87: changes role from  FOLLOWER to FOLLOWER at term 10 for recognizeCandidate:d2d0250e-a378-4f8a-a4ff-ce07d96628f4
2019-10-21 22:01:24,210 [grpc-default-executor-6] INFO  impl.RoleInfo (RoleInfo.java:shutdownFollowerState(121)) - 756f57d6-6136-46f3-b5ea-af957dae1eda: shutdown FollowerState
2019-10-21 22:01:24,208 [grpc-default-executor-7] INFO  impl.RoleInfo (RoleInfo.java:shutdownFollowerState(121)) - a36a670b-6f05-41e5-b505-2b1a8d9f1f79: shutdown FollowerState
2019-10-21 22:01:24,210 [grpc-default-executor-6] INFO  impl.RoleInfo (RoleInfo.java:updateAndGet(143)) - 756f57d6-6136-46f3-b5ea-af957dae1eda: start FollowerState
2019-10-21 22:01:24,210 [Thread-521] INFO  impl.FollowerState (FollowerState.java:run(117)) - 756f57d6-6136-46f3-b5ea-af957dae1eda@group-129E33F6DE87-FollowerState was interrupted: java.lang.InterruptedException: sleep interrupted
2019-10-21 22:01:24,210 [grpc-default-executor-7] INFO  impl.RoleInfo (RoleInfo.java:updateAndGet(143)) - a36a670b-6f05-41e5-b505-2b1a8d9f1f79: start FollowerState
2019-10-21 22:01:24,210 [Thread-520] INFO  impl.FollowerState (FollowerState.java:run(117)) - a36a670b-6f05-41e5-b505-2b1a8d9f1f79@group-129E33F6DE87-FollowerState was interrupted: java.lang.InterruptedException: sleep interrupted
2019-10-21 22:01:24,217 [d2d0250e-a378-4f8a-a4ff-ce07d96628f4@group-129E33F6DE87-LeaderElection32] INFO  impl.LeaderElection (LeaderElection.java:logAndReturn(56)) - d2d0250e-a378-4f8a-a4ff-ce07d96628f4@group-129E33F6DE87-LeaderElection32: Election REJECTED; received 2 response(s) [d2d0250e-a378-4f8a-a4ff-ce07d96628f4<-756f57d6-6136-46f3-b5ea-af957dae1eda#0:FAIL-t10, d2d0250e-a378-4f8a-a4ff-ce07d96628f4<-a36a670b-6f05-41e5-b505-2b1a8d9f1f79#0:FAIL-t10] and 0 exception(s); d2d0250e-a378-4f8a-a4ff-ce07d96628f4@group-129E33F6DE87:t10, leader=null, voted=d2d0250e-a378-4f8a-a4ff-ce07d96628f4, raftlog=d2d0250e-a378-4f8a-a4ff-ce07d96628f4@group-129E33F6DE87-SegmentedRaftLog:OPENED:c-1,f-1,i0, conf=-1: [756f57d6-6136-46f3-b5ea-af957dae1eda:192.168.34.8:33063, d2d0250e-a378-4f8a-a4ff-ce07d96628f4:192.168.34.8:43170, a36a670b-6f05-41e5-b505-2b1a8d9f1f79:192.168.34.8:32869], old=null
2019-10-21 22:01:24,218 [d2d0250e-a378-4f8a-a4ff-ce07d96628f4@group-129E33F6DE87-LeaderElection32] INFO  impl.RaftServerImpl (RaftServerImpl.java:setRole(184)) - d2d0250e-a378-4f8a-a4ff-ce07d96628f4@group-129E33F6DE87: changes role from CANDIDATE to FOLLOWER at term 10 for DISCOVERED_A_NEW_TERM
2019-10-21 22:01:24,218 [d2d0250e-a378-4f8a-a4ff-ce07d96628f4@group-129E33F6DE87-LeaderElection32] INFO  impl.RoleInfo (RoleInfo.java:shutdownLeaderElection(134)) - d2d0250e-a378-4f8a-a4ff-ce07d96628f4: shutdown LeaderElection
2019-10-21 22:01:24,218 [d2d0250e-a378-4f8a-a4ff-ce07d96628f4@group-129E33F6DE87-LeaderElection32] INFO  impl.RoleInfo (RoleInfo.java:updateAndGet(143)) - d2d0250e-a378-4f8a-a4ff-ce07d96628f4: start FollowerState
2019-10-21 22:01:24,234 [Thread-531] INFO  impl.FollowerState (FollowerState.java:run(108)) - d2d0250e-a378-4f8a-a4ff-ce07d96628f4@group-129E33F6DE87-FollowerState: change to CANDIDATE, lastRpcTime:16ms, electionTimeout:15ms
2019-10-21 22:01:24,236 [Thread-531] INFO  impl.RoleInfo (RoleInfo.java:shutdownFollowerState(121)) - d2d0250e-a378-4f8a-a4ff-ce07d96628f4: shutdown FollowerState
2019-10-21 22:01:24,236 [Thread-531] INFO  impl.RaftServerImpl (RaftServerImpl.java:setRole(184)) - d2d0250e-a378-4f8a-a4ff-ce07d96628f4@group-129E33F6DE87: changes role from  FOLLOWER to CANDIDATE at term 10 for changeToCandidate
2019-10-21 22:01:24,236 [Thread-531] INFO  impl.RoleInfo (RoleInfo.java:updateAndGet(143)) - d2d0250e-a378-4f8a-a4ff-ce07d96628f4: start LeaderElection
2019-10-21 22:01:24,250 [d2d0250e-a378-4f8a-a4ff-ce07d96628f4@group-129E33F6DE87-LeaderElection33] INFO  impl.LeaderElection (LeaderElection.java:askForVotes(178)) - d2d0250e-a378-4f8a-a4ff-ce07d96628f4@group-129E33F6DE87-LeaderElection33: begin an election at term 11 for -1: [756f57d6-6136-46f3-b5ea-af957dae1eda:192.168.34.8:33063, d2d0250e-a378-4f8a-a4ff-ce07d96628f4:192.168.34.8:43170, a36a670b-6f05-41e5-b505-2b1a8d9f1f79:192.168.34.8:32869], old=null
2019-10-21 22:01:24,256 [grpc-default-executor-6] INFO  impl.RaftServerImpl (RaftServerImpl.java:setRole(184)) - 756f57d6-6136-46f3-b5ea-af957dae1eda@group-129E33F6DE87: changes role from  FOLLOWER to FOLLOWER at term 11 for recognizeCandidate:d2d0250e-a378-4f8a-a4ff-ce07d96628f4
2019-10-21 22:01:24,256 [grpc-default-executor-7] INFO  impl.RaftServerImpl (RaftServerImpl.java:setRole(184)) - a36a670b-6f05-41e5-b505-2b1a8d9f1f79@group-129E33F6DE87: changes role from  FOLLOWER to FOLLOWER at term 11 for recognizeCandidate:d2d0250e-a378-4f8a-a4ff-ce07d96628f4
2019-10-21 22:01:24,256 [grpc-default-executor-6] INFO  impl.RoleInfo (RoleInfo.java:shutdownFollowerState(121)) - 756f57d6-6136-46f3-b5ea-af957dae1eda: shutdown FollowerState
2019-10-21 22:01:24,256 [grpc-default-executor-7] INFO  impl.RoleInfo (RoleInfo.java:shutdownFollowerState(121)) - a36a670b-6f05-41e5-b505-2b1a8d9f1f79: shutdown FollowerState
2019-10-21 22:01:24,256 [grpc-default-executor-6] INFO  impl.RoleInfo (RoleInfo.java:updateAndGet(143)) - 756f57d6-6136-46f3-b5ea-af957dae1eda: start FollowerState
2019-10-21 22:01:24,256 [Thread-528] INFO  impl.FollowerState (FollowerState.java:run(117)) - 756f57d6-6136-46f3-b5ea-af957dae1eda@group-129E33F6DE87-FollowerState was interrupted: java.lang.InterruptedException: sleep interrupted
2019-10-21 22:01:24,256 [grpc-default-executor-7] INFO  impl.RoleInfo (RoleInfo.java:updateAndGet(143)) - a36a670b-6f05-41e5-b505-2b1a8d9f1f79: start FollowerState
2019-10-21 22:01:24,256 [Thread-529] INFO  impl.FollowerState (FollowerState.java:run(117)) - a36a670b-6f05-41e5-b505-2b1a8d9f1f79@group-129E33F6DE87-FollowerState was interrupted: java.lang.InterruptedException: sleep interrupted
2019-10-21 22:01:24,271 [d2d0250e-a378-4f8a-a4ff-ce07d96628f4@group-129E33F6DE87-LeaderElection33] INFO  impl.LeaderElection (LeaderElection.java:logAndReturn(56)) - d2d0250e-a378-4f8a-a4ff-ce07d96628f4@group-129E33F6DE87-LeaderElection33: Election REJECTED; received 2 response(s) [d2d0250e-a378-4f8a-a4ff-ce07d96628f4<-756f57d6-6136-46f3-b5ea-af957dae1eda#0:FAIL-t11, d2d0250e-a378-4f8a-a4ff-ce07d96628f4<-a36a670b-6f05-41e5-b505-2b1a8d9f1f79#0:FAIL-t11] and 0 exception(s); d2d0250e-a378-4f8a-a4ff-ce07d96628f4@group-129E33F6DE87:t11, leader=null, voted=d2d0250e-a378-4f8a-a4ff-ce07d96628f4, raftlog=d2d0250e-a378-4f8a-a4ff-ce07d96628f4@group-129E33F6DE87-SegmentedRaftLog:OPENED:c-1,f-1,i0, conf=-1: [756f57d6-6136-46f3-b5ea-af957dae1eda:192.168.34.8:33063, d2d0250e-a378-4f8a-a4ff-ce07d96628f4:192.168.34.8:43170, a36a670b-6f05-41e5-b505-2b1a8d9f1f79:192.168.34.8:32869], old=null
2019-10-21 22:01:24,271 [d2d0250e-a378-4f8a-a4ff-ce07d96628f4@group-129E33F6DE87-LeaderElection33] INFO  impl.RaftServerImpl (RaftServerImpl.java:setRole(184)) - d2d0250e-a378-4f8a-a4ff-ce07d96628f4@group-129E33F6DE87: changes role from CANDIDATE to FOLLOWER at term 11 for DISCOVERED_A_NEW_TERM
2019-10-21 22:01:24,272 [d2d0250e-a378-4f8a-a4ff-ce07d96628f4@group-129E33F6DE87-LeaderElection33] INFO  impl.RoleInfo (RoleInfo.java:shutdownLeaderElection(134)) - d2d0250e-a378-4f8a-a4ff-ce07d96628f4: shutdown LeaderElection
2019-10-21 22:01:24,272 [d2d0250e-a378-4f8a-a4ff-ce07d96628f4@group-129E33F6DE87-LeaderElection33] INFO  impl.RoleInfo (RoleInfo.java:updateAndGet(143)) - d2d0250e-a378-4f8a-a4ff-ce07d96628f4: start FollowerState
2019-10-21 22:01:24,427 [Thread-537] INFO  impl.FollowerState (FollowerState.java:run(108)) - d2d0250e-a378-4f8a-a4ff-ce07d96628f4@group-129E33F6DE87-FollowerState: change to CANDIDATE, lastRpcTime:155ms, electionTimeout:155ms
2019-10-21 22:01:24,430 [Thread-537] INFO  impl.RoleInfo (RoleInfo.java:shutdownFollowerState(121)) - d2d0250e-a378-4f8a-a4ff-ce07d96628f4: shutdown FollowerState
2019-10-21 22:01:24,431 [Thread-537] INFO  impl.RaftServerImpl (RaftServerImpl.java:setRole(184)) - d2d0250e-a378-4f8a-a4ff-ce07d96628f4@group-129E33F6DE87: changes role from  FOLLOWER to CANDIDATE at term 11 for changeToCandidate
2019-10-21 22:01:24,431 [Thread-537] INFO  impl.RoleInfo (RoleInfo.java:updateAndGet(143)) - d2d0250e-a378-4f8a-a4ff-ce07d96628f4: start LeaderElection
2019-10-21 22:01:24,445 [d2d0250e-a378-4f8a-a4ff-ce07d96628f4@group-129E33F6DE87-LeaderElection34] INFO  impl.LeaderElection (LeaderElection.java:askForVotes(178)) - d2d0250e-a378-4f8a-a4ff-ce07d96628f4@group-129E33F6DE87-LeaderElection34: begin an election at term 12 for -1: [756f57d6-6136-46f3-b5ea-af957dae1eda:192.168.34.8:33063, d2d0250e-a378-4f8a-a4ff-ce07d96628f4:192.168.34.8:43170, a36a670b-6f05-41e5-b505-2b1a8d9f1f79:192.168.34.8:32869], old=null
2019-10-21 22:01:24,449 [grpc-default-executor-7] INFO  impl.RaftServerImpl (RaftServerImpl.java:setRole(184)) - a36a670b-6f05-41e5-b505-2b1a8d9f1f79@group-129E33F6DE87: changes role from  FOLLOWER to FOLLOWER at term 12 for recognizeCandidate:d2d0250e-a378-4f8a-a4ff-ce07d96628f4
2019-10-21 22:01:24,449 [grpc-default-executor-6] INFO  impl.RaftServerImpl (RaftServerImpl.java:setRole(184)) - 756f57d6-6136-46f3-b5ea-af957dae1eda@group-129E33F6DE87: changes role from  FOLLOWER to FOLLOWER at term 12 for recognizeCandidate:d2d0250e-a378-4f8a-a4ff-ce07d96628f4
2019-10-21 22:01:24,449 [grpc-default-executor-7] INFO  impl.RoleInfo (RoleInfo.java:shutdownFollowerState(121)) - a36a670b-6f05-41e5-b505-2b1a8d9f1f79: shutdown FollowerState
2019-10-21 22:01:24,450 [grpc-default-executor-6] INFO  impl.RoleInfo (RoleInfo.java:shutdownFollowerState(121)) - 756f57d6-6136-46f3-b5ea-af957dae1eda: shutdown FollowerState
2019-10-21 22:01:24,450 [grpc-default-executor-7] INFO  impl.RoleInfo (RoleInfo.java:updateAndGet(143)) - a36a670b-6f05-41e5-b505-2b1a8d9f1f79: start FollowerState
2019-10-21 22:01:24,450 [Thread-535] INFO  impl.FollowerState (FollowerState.java:run(117)) - 756f57d6-6136-46f3-b5ea-af957dae1eda@group-129E33F6DE87-FollowerState was interrupted: java.lang.InterruptedException: sleep interrupted
2019-10-21 22:01:24,450 [grpc-default-executor-6] INFO  impl.RoleInfo (RoleInfo.java:updateAndGet(143)) - 756f57d6-6136-46f3-b5ea-af957dae1eda: start FollowerState
2019-10-21 22:01:24,450 [Thread-536] INFO  impl.FollowerState (FollowerState.java:run(117)) - a36a670b-6f05-41e5-b505-2b1a8d9f1f79@group-129E33F6DE87-FollowerState was interrupted: java.lang.InterruptedException: sleep interrupted
2019-10-21 22:01:24,458 [Thread-495] INFO  impl.FollowerState (FollowerState.java:run(108)) - 28432215-63ab-4c85-86e9-79fb72521e72@group-6834AB77F819-FollowerState: change to CANDIDATE, lastRpcTime:1036ms, electionTimeout:1034ms
2019-10-21 22:01:24,458 [Thread-495] INFO  impl.RoleInfo (RoleInfo.java:shutdownFollowerState(121)) - 28432215-63ab-4c85-86e9-79fb72521e72: shutdown FollowerState
2019-10-21 22:01:24,458 [Thread-495] INFO  impl.RaftServerImpl (RaftServerImpl.java:setRole(184)) - 28432215-63ab-4c85-86e9-79fb72521e72@group-6834AB77F819: changes role from  FOLLOWER to CANDIDATE at term 5 for changeToCandidate
2019-10-21 22:01:24,459 [Thread-495] INFO  impl.RoleInfo (RoleInfo.java:updateAndGet(143)) - 28432215-63ab-4c85-86e9-79fb72521e72: start LeaderElection
2019-10-21 22:01:24,464 [28432215-63ab-4c85-86e9-79fb72521e72@group-6834AB77F819-LeaderElection35] INFO  impl.LeaderElection (LeaderElection.java:askForVotes(178)) - 28432215-63ab-4c85-86e9-79fb72521e72@group-6834AB77F819-LeaderElection35: begin an election at term 6 for 0: [e152cc11-8922-4c62-a829-a835e5f58570:192.168.34.8:34707, 0edd2ec6-20bf-4809-95ac-80dc11748221:192.168.34.8:43533, 28432215-63ab-4c85-86e9-79fb72521e72:192.168.34.8:33589], old=null
2019-10-21 22:01:24,477 [d2d0250e-a378-4f8a-a4ff-ce07d96628f4@group-129E33F6DE87-LeaderElection34] INFO  impl.LeaderElection (LeaderElection.java:logAndReturn(56)) - d2d0250e-a378-4f8a-a4ff-ce07d96628f4@group-129E33F6DE87-LeaderElection34: Election REJECTED; received 2 response(s) [d2d0250e-a378-4f8a-a4ff-ce07d96628f4<-756f57d6-6136-46f3-b5ea-af957dae1eda#0:FAIL-t12, d2d0250e-a378-4f8a-a4ff-ce07d96628f4<-a36a670b-6f05-41e5-b505-2b1a8d9f1f79#0:FAIL-t12] and 0 exception(s); d2d0250e-a378-4f8a-a4ff-ce07d96628f4@group-129E33F6DE87:t12, leader=null, voted=d2d0250e-a378-4f8a-a4ff-ce07d96628f4, raftlog=d2d0250e-a378-4f8a-a4ff-ce07d96628f4@group-129E33F6DE87-SegmentedRaftLog:OPENED:c-1,f-1,i0, conf=-1: [756f57d6-6136-46f3-b5ea-af957dae1eda:192.168.34.8:33063, d2d0250e-a378-4f8a-a4ff-ce07d96628f4:192.168.34.8:43170, a36a670b-6f05-41e5-b505-2b1a8d9f1f79:192.168.34.8:32869], old=null
2019-10-21 22:01:24,478 [d2d0250e-a378-4f8a-a4ff-ce07d96628f4@group-129E33F6DE87-LeaderElection34] INFO  impl.RaftServerImpl (RaftServerImpl.java:setRole(184)) - d2d0250e-a378-4f8a-a4ff-ce07d96628f4@group-129E33F6DE87: changes role from CANDIDATE to FOLLOWER at term 12 for DISCOVERED_A_NEW_TERM
2019-10-21 22:01:24,478 [d2d0250e-a378-4f8a-a4ff-ce07d96628f4@group-129E33F6DE87-LeaderElection34] INFO  impl.RoleInfo (RoleInfo.java:shutdownLeaderElection(134)) - d2d0250e-a378-4f8a-a4ff-ce07d96628f4: shutdown LeaderElection
2019-10-21 22:01:24,478 [d2d0250e-a378-4f8a-a4ff-ce07d96628f4@group-129E33F6DE87-LeaderElection34] INFO  impl.RoleInfo (RoleInfo.java:updateAndGet(143)) - d2d0250e-a378-4f8a-a4ff-ce07d96628f4: start FollowerState
2019-10-21 22:01:24,481 [grpc-default-executor-7] INFO  impl.RaftServerImpl (RaftServerImpl.java:setRole(184)) - 0edd2ec6-20bf-4809-95ac-80dc11748221@group-6834AB77F819: changes role from  FOLLOWER to FOLLOWER at term 6 for recognizeCandidate:28432215-63ab-4c85-86e9-79fb72521e72
2019-10-21 22:01:24,485 [grpc-default-executor-7] INFO  impl.RoleInfo (RoleInfo.java:shutdownFollowerState(121)) - 0edd2ec6-20bf-4809-95ac-80dc11748221: shutdown FollowerState
2019-10-21 22:01:24,485 [grpc-default-executor-6] INFO  impl.RaftServerImpl (RaftServerImpl.java:setRole(184)) - e152cc11-8922-4c62-a829-a835e5f58570@group-6834AB77F819: changes role from  FOLLOWER to FOLLOWER at term 6 for recognizeCandidate:28432215-63ab-4c85-86e9-79fb72521e72
2019-10-21 22:01:24,485 [grpc-default-executor-7] INFO  impl.RoleInfo (RoleInfo.java:updateAndGet(143)) - 0edd2ec6-20bf-4809-95ac-80dc11748221: start FollowerState
2019-10-21 22:01:24,485 [Thread-494] INFO  impl.FollowerState (FollowerState.java:run(117)) - 0edd2ec6-20bf-4809-95ac-80dc11748221@group-6834AB77F819-FollowerState was interrupted: java.lang.InterruptedException: sleep interrupted
2019-10-21 22:01:24,486 [grpc-default-executor-6] INFO  impl.RoleInfo (RoleInfo.java:shutdownFollowerState(121)) - e152cc11-8922-4c62-a829-a835e5f58570: shutdown FollowerState
2019-10-21 22:01:24,486 [Thread-483] INFO  impl.FollowerState (FollowerState.java:run(117)) - e152cc11-8922-4c62-a829-a835e5f58570@group-6834AB77F819-FollowerState was interrupted: java.lang.InterruptedException: sleep interrupted
2019-10-21 22:01:24,486 [grpc-default-executor-6] INFO  impl.RoleInfo (RoleInfo.java:updateAndGet(143)) - e152cc11-8922-4c62-a829-a835e5f58570: start FollowerState
2019-10-21 22:01:24,504 [28432215-63ab-4c85-86e9-79fb72521e72@group-6834AB77F819-LeaderElection35] INFO  impl.LeaderElection (LeaderElection.java:logAndReturn(56)) - 28432215-63ab-4c85-86e9-79fb72521e72@group-6834AB77F819-LeaderElection35: Election PASSED; received 1 response(s) [28432215-63ab-4c85-86e9-79fb72521e72<-0edd2ec6-20bf-4809-95ac-80dc11748221#0:OK-t6] and 0 exception(s); 28432215-63ab-4c85-86e9-79fb72521e72@group-6834AB77F819:t6, leader=null, voted=28432215-63ab-4c85-86e9-79fb72521e72, raftlog=28432215-63ab-4c85-86e9-79fb72521e72@group-6834AB77F819-SegmentedRaftLog:OPENED:c0,f0,i0, conf=0: [e152cc11-8922-4c62-a829-a835e5f58570:192.168.34.8:34707, 0edd2ec6-20bf-4809-95ac-80dc11748221:192.168.34.8:43533, 28432215-63ab-4c85-86e9-79fb72521e72:192.168.34.8:33589], old=null
2019-10-21 22:01:24,504 [28432215-63ab-4c85-86e9-79fb72521e72@group-6834AB77F819-LeaderElection35] INFO  impl.RoleInfo (RoleInfo.java:shutdownLeaderElection(134)) - 28432215-63ab-4c85-86e9-79fb72521e72: shutdown LeaderElection
2019-10-21 22:01:24,505 [28432215-63ab-4c85-86e9-79fb72521e72@group-6834AB77F819-LeaderElection35] INFO  impl.RaftServerImpl (RaftServerImpl.java:setRole(184)) - 28432215-63ab-4c85-86e9-79fb72521e72@group-6834AB77F819: changes role from CANDIDATE to LEADER at term 6 for changeToLeader
2019-10-21 22:01:24,505 [28432215-63ab-4c85-86e9-79fb72521e72@group-6834AB77F819-LeaderElection35] INFO  impl.RaftServerImpl (ServerState.java:setLeader(256)) - 28432215-63ab-4c85-86e9-79fb72521e72@group-6834AB77F819: change Leader from null to 28432215-63ab-4c85-86e9-79fb72521e72 at term 6 for becomeLeader, leader elected after 1126ms
2019-10-21 22:01:24,505 [28432215-63ab-4c85-86e9-79fb72521e72@group-6834AB77F819-LeaderElection35] INFO  server.RaftServerConfigKeys (ConfUtils.java:logGet(43)) - raft.server.staging.catchup.gap = 1000 (default)
2019-10-21 22:01:24,505 [28432215-63ab-4c85-86e9-79fb72521e72@group-6834AB77F819-LeaderElection35] INFO  server.RaftServerConfigKeys (ConfUtils.java:logGet(43)) - raft.server.rpc.sleep.time = 25ms (default)
2019-10-21 22:01:24,505 [28432215-63ab-4c85-86e9-79fb72521e72@group-6834AB77F819-LeaderElection35] INFO  server.RaftServerConfigKeys (ConfUtils.java:logGet(43)) - raft.server.write.element-limit = 4096 (default)
2019-10-21 22:01:24,505 [28432215-63ab-4c85-86e9-79fb72521e72@group-6834AB77F819-LeaderElection35] INFO  server.RaftServerConfigKeys (ConfUtils.java:logGet(43)) - raft.server.watch.timeout = 10s (default)
2019-10-21 22:01:24,505 [28432215-63ab-4c85-86e9-79fb72521e72@group-6834AB77F819-LeaderElection35] INFO  server.RaftServerConfigKeys (ConfUtils.java:logGet(43)) - raft.server.watch.timeout.denomination = 1s (default)
2019-10-21 22:01:24,506 [28432215-63ab-4c85-86e9-79fb72521e72@group-6834AB77F819-LeaderElection35] INFO  server.RaftServerConfigKeys (ConfUtils.java:logGet(43)) - raft.server.watch.element-limit = 65536 (default)
2019-10-21 22:01:24,506 [28432215-63ab-4c85-86e9-79fb72521e72@group-6834AB77F819-LeaderElection35] INFO  server.RaftServerConfigKeys (ConfUtils.java:logGet(43)) - raft.server.log.appender.snapshot.chunk.size.max = 16MB (=16777216) (default)
2019-10-21 22:01:24,506 [28432215-63ab-4c85-86e9-79fb72521e72@group-6834AB77F819-LeaderElection35] INFO  server.RaftServerConfigKeys (ConfUtils.java:logGet(43)) - raft.server.log.appender.buffer.byte-limit = 33554432 (custom)
2019-10-21 22:01:24,506 [28432215-63ab-4c85-86e9-79fb72521e72@group-6834AB77F819-LeaderElection35] INFO  server.RaftServerConfigKeys (ConfUtils.java:logGet(43)) - raft.server.log.appender.buffer.element-limit = 1 (custom)
2019-10-21 22:01:24,506 [28432215-63ab-4c85-86e9-79fb72521e72@group-6834AB77F819-LeaderElection35] INFO  grpc.GrpcConfigKeys$Server (ConfUtils.java:logGet(43)) - raft.grpc.server.leader.outstanding.appends.max = 128 (default)
2019-10-21 22:01:24,507 [28432215-63ab-4c85-86e9-79fb72521e72@group-6834AB77F819-LeaderElection35] INFO  server.RaftServerConfigKeys (ConfUtils.java:logGet(43)) - raft.server.rpc.request.timeout = 3000ms (default)
2019-10-21 22:01:24,507 [28432215-63ab-4c85-86e9-79fb72521e72@group-6834AB77F819-LeaderElection35] INFO  server.RaftServerConfigKeys (ConfUtils.java:logGet(43)) - raft.server.log.appender.install.snapshot.enabled = false (custom)
2019-10-21 22:01:24,510 [28432215-63ab-4c85-86e9-79fb72521e72@group-6834AB77F819-LeaderElection35] INFO  server.RaftServerConfigKeys (ConfUtils.java:logGet(43)) - raft.server.log.appender.snapshot.chunk.size.max = 16MB (=16777216) (default)
2019-10-21 22:01:24,510 [28432215-63ab-4c85-86e9-79fb72521e72@group-6834AB77F819-LeaderElection35] INFO  server.RaftServerConfigKeys (ConfUtils.java:logGet(43)) - raft.server.log.appender.buffer.byte-limit = 33554432 (custom)
2019-10-21 22:01:24,510 [28432215-63ab-4c85-86e9-79fb72521e72@group-6834AB77F819-LeaderElection35] INFO  server.RaftServerConfigKeys (ConfUtils.java:logGet(43)) - raft.server.log.appender.buffer.element-limit = 1 (custom)
2019-10-21 22:01:24,510 [28432215-63ab-4c85-86e9-79fb72521e72@group-6834AB77F819-LeaderElection35] INFO  grpc.GrpcConfigKeys$Server (ConfUtils.java:logGet(43)) - raft.grpc.server.leader.outstanding.appends.max = 128 (default)
2019-10-21 22:01:24,510 [28432215-63ab-4c85-86e9-79fb72521e72@group-6834AB77F819-LeaderElection35] INFO  server.RaftServerConfigKeys (ConfUtils.java:logGet(43)) - raft.server.rpc.request.timeout = 3000ms (default)
2019-10-21 22:01:24,510 [28432215-63ab-4c85-86e9-79fb72521e72@group-6834AB77F819-LeaderElection35] INFO  server.RaftServerConfigKeys (ConfUtils.java:logGet(43)) - raft.server.log.appender.install.snapshot.enabled = false (custom)
2019-10-21 22:01:24,513 [28432215-63ab-4c85-86e9-79fb72521e72@group-6834AB77F819-LeaderElection35] INFO  impl.RoleInfo (RoleInfo.java:updateAndGet(143)) - 28432215-63ab-4c85-86e9-79fb72521e72: start LeaderState
2019-10-21 22:01:24,513 [28432215-63ab-4c85-86e9-79fb72521e72@group-6834AB77F819-LeaderElection35] INFO  segmented.SegmentedRaftLogWorker (SegmentedRaftLogWorker.java:rollLogSegment(390)) - 28432215-63ab-4c85-86e9-79fb72521e72@group-6834AB77F819-SegmentedRaftLogWorker: Rolling segment log-0_0 to index:0
2019-10-21 22:01:24,516 [28432215-63ab-4c85-86e9-79fb72521e72@group-6834AB77F819-SegmentedRaftLogWorker] INFO  segmented.SegmentedRaftLogWorker (SegmentedRaftLogWorker.java:execute(533)) - 28432215-63ab-4c85-86e9-79fb72521e72@group-6834AB77F819-SegmentedRaftLogWorker: Rolled log segment from /workdir/hadoop-ozone/integration-test/target/test-dir/MiniOzoneClusterImpl-55d22b23-1d78-4564-93d7-1f68b9a0b903/datanode-2/data/ratis/4e43fd85-fb0f-4fb0-96cc-6834ab77f819/current/log_inprogress_0 to /workdir/hadoop-ozone/integration-test/target/test-dir/MiniOzoneClusterImpl-55d22b23-1d78-4564-93d7-1f68b9a0b903/datanode-2/data/ratis/4e43fd85-fb0f-4fb0-96cc-6834ab77f819/current/log_0-0
2019-10-21 22:01:24,520 [28432215-63ab-4c85-86e9-79fb72521e72@group-6834AB77F819-LeaderElection35] INFO  impl.RaftServerImpl (ServerState.java:setRaftConf(357)) - 28432215-63ab-4c85-86e9-79fb72521e72@group-6834AB77F819: set configuration 1: [e152cc11-8922-4c62-a829-a835e5f58570:192.168.34.8:34707, 0edd2ec6-20bf-4809-95ac-80dc11748221:192.168.34.8:43533, 28432215-63ab-4c85-86e9-79fb72521e72:192.168.34.8:33589], old=null at 1
2019-10-21 22:01:24,522 [grpc-default-executor-6] INFO  impl.RaftServerImpl (ServerState.java:setLeader(256)) - 0edd2ec6-20bf-4809-95ac-80dc11748221@group-6834AB77F819: change Leader from null to 28432215-63ab-4c85-86e9-79fb72521e72 at term 6 for appendEntries, leader elected after 1105ms
2019-10-21 22:01:24,553 [grpc-default-executor-7] INFO  impl.RaftServerImpl (ServerState.java:setLeader(256)) - e152cc11-8922-4c62-a829-a835e5f58570@group-6834AB77F819: change Leader from null to 28432215-63ab-4c85-86e9-79fb72521e72 at term 6 for appendEntries, leader elected after 1214ms
2019-10-21 22:01:24,554 [grpc-default-executor-7] INFO  impl.RaftServerImpl (RaftServerImpl.java:checkInconsistentAppendEntries(1023)) - e152cc11-8922-4c62-a829-a835e5f58570@group-6834AB77F819: Failed appendEntries as previous log entry ((t:4, i:0)) is not found
2019-10-21 22:01:24,554 [grpc-default-executor-7] INFO  impl.RaftServerImpl (RaftServerImpl.java:checkInconsistentAppendEntries(996)) - e152cc11-8922-4c62-a829-a835e5f58570@group-6834AB77F819: inconsistency entries. Reply:28432215-63ab-4c85-86e9-79fb72521e72<-e152cc11-8922-4c62-a829-a835e5f58570#0:FAIL,INCONSISTENCY,nextIndex:0,term:6,followerCommit:-1
2019-10-21 22:01:24,557 [grpc-default-executor-6] INFO  impl.FollowerInfo (FollowerInfo.java:lambda$new$0(51)) - 28432215-63ab-4c85-86e9-79fb72521e72@group-6834AB77F819->e152cc11-8922-4c62-a829-a835e5f58570: nextIndex: updateUnconditionally 1 -> 0
2019-10-21 22:01:24,558 [grpc-default-executor-6] INFO  impl.RaftServerImpl (ServerState.java:setRaftConf(357)) - 0edd2ec6-20bf-4809-95ac-80dc11748221@group-6834AB77F819: set configuration 1: [e152cc11-8922-4c62-a829-a835e5f58570:192.168.34.8:34707, 0edd2ec6-20bf-4809-95ac-80dc11748221:192.168.34.8:43533, 28432215-63ab-4c85-86e9-79fb72521e72:192.168.34.8:33589], old=null at 1
2019-10-21 22:01:24,559 [grpc-default-executor-7] INFO  impl.RaftServerImpl (ServerState.java:setRaftConf(357)) - e152cc11-8922-4c62-a829-a835e5f58570@group-6834AB77F819: set configuration 0: [e152cc11-8922-4c62-a829-a835e5f58570:192.168.34.8:34707, 0edd2ec6-20bf-4809-95ac-80dc11748221:192.168.34.8:43533, 28432215-63ab-4c85-86e9-79fb72521e72:192.168.34.8:33589], old=null at 0
2019-10-21 22:01:24,561 [grpc-default-executor-6] INFO  segmented.SegmentedRaftLogWorker (SegmentedRaftLogWorker.java:rollLogSegment(390)) - 0edd2ec6-20bf-4809-95ac-80dc11748221@group-6834AB77F819-SegmentedRaftLogWorker: Rolling segment log-0_0 to index:0
2019-10-21 22:01:24,561 [grpc-default-executor-7] INFO  segmented.SegmentedRaftLogWorker (SegmentedRaftLogWorker.java:startLogSegment(385)) - e152cc11-8922-4c62-a829-a835e5f58570@group-6834AB77F819-SegmentedRaftLogWorker: Starting segment from index:0
2019-10-21 22:01:24,564 [28432215-63ab-4c85-86e9-79fb72521e72@group-6834AB77F819-SegmentedRaftLogWorker] INFO  segmented.SegmentedRaftLogWorker (SegmentedRaftLogWorker.java:execute(576)) - 28432215-63ab-4c85-86e9-79fb72521e72@group-6834AB77F819-SegmentedRaftLogWorker: created new log segment /workdir/hadoop-ozone/integration-test/target/test-dir/MiniOzoneClusterImpl-55d22b23-1d78-4564-93d7-1f68b9a0b903/datanode-2/data/ratis/4e43fd85-fb0f-4fb0-96cc-6834ab77f819/current/log_inprogress_1
2019-10-21 22:01:24,571 [grpc-default-executor-6] INFO  impl.RaftServerImpl (ServerState.java:setRaftConf(357)) - e152cc11-8922-4c62-a829-a835e5f58570@group-6834AB77F819: set configuration 1: [e152cc11-8922-4c62-a829-a835e5f58570:192.168.34.8:34707, 0edd2ec6-20bf-4809-95ac-80dc11748221:192.168.34.8:43533, 28432215-63ab-4c85-86e9-79fb72521e72:192.168.34.8:33589], old=null at 1
2019-10-21 22:01:24,571 [0edd2ec6-20bf-4809-95ac-80dc11748221@group-6834AB77F819-SegmentedRaftLogWorker] INFO  segmented.SegmentedRaftLogWorker (SegmentedRaftLogWorker.java:execute(533)) - 0edd2ec6-20bf-4809-95ac-80dc11748221@group-6834AB77F819-SegmentedRaftLogWorker: Rolled log segment from /workdir/hadoop-ozone/integration-test/target/test-dir/MiniOzoneClusterImpl-55d22b23-1d78-4564-93d7-1f68b9a0b903/datanode-5/data/ratis/4e43fd85-fb0f-4fb0-96cc-6834ab77f819/current/log_inprogress_0 to /workdir/hadoop-ozone/integration-test/target/test-dir/MiniOzoneClusterImpl-55d22b23-1d78-4564-93d7-1f68b9a0b903/datanode-5/data/ratis/4e43fd85-fb0f-4fb0-96cc-6834ab77f819/current/log_0-0
2019-10-21 22:01:24,571 [grpc-default-executor-6] INFO  segmented.SegmentedRaftLogWorker (SegmentedRaftLogWorker.java:rollLogSegment(390)) - e152cc11-8922-4c62-a829-a835e5f58570@group-6834AB77F819-SegmentedRaftLogWorker: Rolling segment log-0_0 to index:0
2019-10-21 22:01:24,615 [0edd2ec6-20bf-4809-95ac-80dc11748221@group-6834AB77F819-SegmentedRaftLogWorker] INFO  segmented.SegmentedRaftLogWorker (SegmentedRaftLogWorker.java:execute(576)) - 0edd2ec6-20bf-4809-95ac-80dc11748221@group-6834AB77F819-SegmentedRaftLogWorker: created new log segment /workdir/hadoop-ozone/integration-test/target/test-dir/MiniOzoneClusterImpl-55d22b23-1d78-4564-93d7-1f68b9a0b903/datanode-5/data/ratis/4e43fd85-fb0f-4fb0-96cc-6834ab77f819/current/log_inprogress_1
2019-10-21 22:01:24,615 [e152cc11-8922-4c62-a829-a835e5f58570@group-6834AB77F819-SegmentedRaftLogWorker] INFO  segmented.SegmentedRaftLogWorker (SegmentedRaftLogWorker.java:execute(576)) - e152cc11-8922-4c62-a829-a835e5f58570@group-6834AB77F819-SegmentedRaftLogWorker: created new log segment /workdir/hadoop-ozone/integration-test/target/test-dir/MiniOzoneClusterImpl-55d22b23-1d78-4564-93d7-1f68b9a0b903/datanode-9/data/ratis/4e43fd85-fb0f-4fb0-96cc-6834ab77f819/current/log_inprogress_0
2019-10-21 22:01:24,630 [e152cc11-8922-4c62-a829-a835e5f58570@group-6834AB77F819-SegmentedRaftLogWorker] INFO  segmented.SegmentedRaftLogWorker (SegmentedRaftLogWorker.java:execute(533)) - e152cc11-8922-4c62-a829-a835e5f58570@group-6834AB77F819-SegmentedRaftLogWorker: Rolled log segment from /workdir/hadoop-ozone/integration-test/target/test-dir/MiniOzoneClusterImpl-55d22b23-1d78-4564-93d7-1f68b9a0b903/datanode-9/data/ratis/4e43fd85-fb0f-4fb0-96cc-6834ab77f819/current/log_inprogress_0 to /workdir/hadoop-ozone/integration-test/target/test-dir/MiniOzoneClusterImpl-55d22b23-1d78-4564-93d7-1f68b9a0b903/datanode-9/data/ratis/4e43fd85-fb0f-4fb0-96cc-6834ab77f819/current/log_0-0
2019-10-21 22:01:24,671 [Thread-548] INFO  impl.FollowerState (FollowerState.java:run(108)) - d2d0250e-a378-4f8a-a4ff-ce07d96628f4@group-129E33F6DE87-FollowerState: change to CANDIDATE, lastRpcTime:192ms, electionTimeout:192ms
2019-10-21 22:01:24,671 [Thread-548] INFO  impl.RoleInfo (RoleInfo.java:shutdownFollowerState(121)) - d2d0250e-a378-4f8a-a4ff-ce07d96628f4: shutdown FollowerState
2019-10-21 22:01:24,671 [Thread-548] INFO  impl.RaftServerImpl (RaftServerImpl.java:setRole(184)) - d2d0250e-a378-4f8a-a4ff-ce07d96628f4@group-129E33F6DE87: changes role from  FOLLOWER to CANDIDATE at term 12 for changeToCandidate
2019-10-21 22:01:24,671 [Thread-548] INFO  impl.RoleInfo (RoleInfo.java:updateAndGet(143)) - d2d0250e-a378-4f8a-a4ff-ce07d96628f4: start LeaderElection
2019-10-21 22:01:24,673 [e152cc11-8922-4c62-a829-a835e5f58570@group-6834AB77F819-SegmentedRaftLogWorker] INFO  segmented.SegmentedRaftLogWorker (SegmentedRaftLogWorker.java:execute(576)) - e152cc11-8922-4c62-a829-a835e5f58570@group-6834AB77F819-SegmentedRaftLogWorker: created new log segment /workdir/hadoop-ozone/integration-test/target/test-dir/MiniOzoneClusterImpl-55d22b23-1d78-4564-93d7-1f68b9a0b903/datanode-9/data/ratis/4e43fd85-fb0f-4fb0-96cc-6834ab77f819/current/log_inprogress_1
2019-10-21 22:01:24,676 [d2d0250e-a378-4f8a-a4ff-ce07d96628f4@group-129E33F6DE87-LeaderElection36] INFO  impl.LeaderElection (LeaderElection.java:askForVotes(178)) - d2d0250e-a378-4f8a-a4ff-ce07d96628f4@group-129E33F6DE87-LeaderElection36: begin an election at term 13 for -1: [756f57d6-6136-46f3-b5ea-af957dae1eda:192.168.34.8:33063, d2d0250e-a378-4f8a-a4ff-ce07d96628f4:192.168.34.8:43170, a36a670b-6f05-41e5-b505-2b1a8d9f1f79:192.168.34.8:32869], old=null
2019-10-21 22:01:24,679 [grpc-default-executor-6] INFO  impl.RaftServerImpl (RaftServerImpl.java:setRole(184)) - 756f57d6-6136-46f3-b5ea-af957dae1eda@group-129E33F6DE87: changes role from  FOLLOWER to FOLLOWER at term 13 for recognizeCandidate:d2d0250e-a378-4f8a-a4ff-ce07d96628f4
2019-10-21 22:01:24,679 [grpc-default-executor-6] INFO  impl.RoleInfo (RoleInfo.java:shutdownFollowerState(121)) - 756f57d6-6136-46f3-b5ea-af957dae1eda: shutdown FollowerState
2019-10-21 22:01:24,679 [Thread-544] INFO  impl.FollowerState (FollowerState.java:run(117)) - 756f57d6-6136-46f3-b5ea-af957dae1eda@group-129E33F6DE87-FollowerState was interrupted: java.lang.InterruptedException: sleep interrupted
2019-10-21 22:01:24,679 [grpc-default-executor-6] INFO  impl.RoleInfo (RoleInfo.java:updateAndGet(143)) - 756f57d6-6136-46f3-b5ea-af957dae1eda: start FollowerState
2019-10-21 22:01:24,686 [grpc-default-executor-7] INFO  impl.RaftServerImpl (RaftServerImpl.java:setRole(184)) - a36a670b-6f05-41e5-b505-2b1a8d9f1f79@group-129E33F6DE87: changes role from  FOLLOWER to FOLLOWER at term 13 for recognizeCandidate:d2d0250e-a378-4f8a-a4ff-ce07d96628f4
2019-10-21 22:01:24,686 [grpc-default-executor-7] INFO  impl.RoleInfo (RoleInfo.java:shutdownFollowerState(121)) - a36a670b-6f05-41e5-b505-2b1a8d9f1f79: shutdown FollowerState
2019-10-21 22:01:24,686 [Thread-543] INFO  impl.FollowerState (FollowerState.java:run(117)) - a36a670b-6f05-41e5-b505-2b1a8d9f1f79@group-129E33F6DE87-FollowerState was interrupted: java.lang.InterruptedException: sleep interrupted
2019-10-21 22:01:24,686 [grpc-default-executor-7] INFO  impl.RoleInfo (RoleInfo.java:updateAndGet(143)) - a36a670b-6f05-41e5-b505-2b1a8d9f1f79: start FollowerState
2019-10-21 22:01:24,694 [d2d0250e-a378-4f8a-a4ff-ce07d96628f4@group-129E33F6DE87-LeaderElection36] INFO  impl.LeaderElection (LeaderElection.java:logAndReturn(56)) - d2d0250e-a378-4f8a-a4ff-ce07d96628f4@group-129E33F6DE87-LeaderElection36: Election REJECTED; received 2 response(s) [d2d0250e-a378-4f8a-a4ff-ce07d96628f4<-756f57d6-6136-46f3-b5ea-af957dae1eda#0:FAIL-t13, d2d0250e-a378-4f8a-a4ff-ce07d96628f4<-a36a670b-6f05-41e5-b505-2b1a8d9f1f79#0:FAIL-t13] and 0 exception(s); d2d0250e-a378-4f8a-a4ff-ce07d96628f4@group-129E33F6DE87:t13, leader=null, voted=d2d0250e-a378-4f8a-a4ff-ce07d96628f4, raftlog=d2d0250e-a378-4f8a-a4ff-ce07d96628f4@group-129E33F6DE87-SegmentedRaftLog:OPENED:c-1,f-1,i0, conf=-1: [756f57d6-6136-46f3-b5ea-af957dae1eda:192.168.34.8:33063, d2d0250e-a378-4f8a-a4ff-ce07d96628f4:192.168.34.8:43170, a36a670b-6f05-41e5-b505-2b1a8d9f1f79:192.168.34.8:32869], old=null
2019-10-21 22:01:24,695 [d2d0250e-a378-4f8a-a4ff-ce07d96628f4@group-129E33F6DE87-LeaderElection36] INFO  impl.RaftServerImpl (RaftServerImpl.java:setRole(184)) - d2d0250e-a378-4f8a-a4ff-ce07d96628f4@group-129E33F6DE87: changes role from CANDIDATE to FOLLOWER at term 13 for DISCOVERED_A_NEW_TERM
2019-10-21 22:01:24,695 [d2d0250e-a378-4f8a-a4ff-ce07d96628f4@group-129E33F6DE87-LeaderElection36] INFO  impl.RoleInfo (RoleInfo.java:shutdownLeaderElection(134)) - d2d0250e-a378-4f8a-a4ff-ce07d96628f4: shutdown LeaderElection
2019-10-21 22:01:24,695 [d2d0250e-a378-4f8a-a4ff-ce07d96628f4@group-129E33F6DE87-LeaderElection36] INFO  impl.RoleInfo (RoleInfo.java:updateAndGet(143)) - d2d0250e-a378-4f8a-a4ff-ce07d96628f4: start FollowerState
2019-10-21 22:01:24,723 [Thread-567] INFO  impl.FollowerState (FollowerState.java:run(108)) - d2d0250e-a378-4f8a-a4ff-ce07d96628f4@group-129E33F6DE87-FollowerState: change to CANDIDATE, lastRpcTime:28ms, electionTimeout:28ms
2019-10-21 22:01:24,732 [Thread-567] INFO  impl.RoleInfo (RoleInfo.java:shutdownFollowerState(121)) - d2d0250e-a378-4f8a-a4ff-ce07d96628f4: shutdown FollowerState
2019-10-21 22:01:24,732 [Thread-567] INFO  impl.RaftServerImpl (RaftServerImpl.java:setRole(184)) - d2d0250e-a378-4f8a-a4ff-ce07d96628f4@group-129E33F6DE87: changes role from  FOLLOWER to CANDIDATE at term 13 for changeToCandidate
2019-10-21 22:01:24,732 [Thread-567] INFO  impl.RoleInfo (RoleInfo.java:updateAndGet(143)) - d2d0250e-a378-4f8a-a4ff-ce07d96628f4: start LeaderElection
2019-10-21 22:01:24,747 [d2d0250e-a378-4f8a-a4ff-ce07d96628f4@group-129E33F6DE87-LeaderElection37] INFO  impl.LeaderElection (LeaderElection.java:askForVotes(178)) - d2d0250e-a378-4f8a-a4ff-ce07d96628f4@group-129E33F6DE87-LeaderElection37: begin an election at term 14 for -1: [756f57d6-6136-46f3-b5ea-af957dae1eda:192.168.34.8:33063, d2d0250e-a378-4f8a-a4ff-ce07d96628f4:192.168.34.8:43170, a36a670b-6f05-41e5-b505-2b1a8d9f1f79:192.168.34.8:32869], old=null
2019-10-21 22:01:24,750 [grpc-default-executor-6] INFO  impl.RaftServerImpl (RaftServerImpl.java:setRole(184)) - 756f57d6-6136-46f3-b5ea-af957dae1eda@group-129E33F6DE87: changes role from  FOLLOWER to FOLLOWER at term 14 for recognizeCandidate:d2d0250e-a378-4f8a-a4ff-ce07d96628f4
2019-10-21 22:01:24,750 [grpc-default-executor-6] INFO  impl.RoleInfo (RoleInfo.java:shutdownFollowerState(121)) - 756f57d6-6136-46f3-b5ea-af957dae1eda: shutdown FollowerState
2019-10-21 22:01:24,750 [grpc-default-executor-7] INFO  impl.RaftServerImpl (RaftServerImpl.java:setRole(184)) - a36a670b-6f05-41e5-b505-2b1a8d9f1f79@group-129E33F6DE87: changes role from  FOLLOWER to FOLLOWER at term 14 for recognizeCandidate:d2d0250e-a378-4f8a-a4ff-ce07d96628f4
2019-10-21 22:01:24,750 [grpc-default-executor-6] INFO  impl.RoleInfo (RoleInfo.java:updateAndGet(143)) - 756f57d6-6136-46f3-b5ea-af957dae1eda: start FollowerState
2019-10-21 22:01:24,750 [Thread-565] INFO  impl.FollowerState (FollowerState.java:run(117)) - 756f57d6-6136-46f3-b5ea-af957dae1eda@group-129E33F6DE87-FollowerState was interrupted: java.lang.InterruptedException: sleep interrupted
2019-10-21 22:01:24,750 [grpc-default-executor-7] INFO  impl.RoleInfo (RoleInfo.java:shutdownFollowerState(121)) - a36a670b-6f05-41e5-b505-2b1a8d9f1f79: shutdown FollowerState
2019-10-21 22:01:24,751 [Thread-566] INFO  impl.FollowerState (FollowerState.java:run(117)) - a36a670b-6f05-41e5-b505-2b1a8d9f1f79@group-129E33F6DE87-FollowerState was interrupted: java.lang.InterruptedException: sleep interrupted
2019-10-21 22:01:24,751 [grpc-default-executor-7] INFO  impl.RoleInfo (RoleInfo.java:updateAndGet(143)) - a36a670b-6f05-41e5-b505-2b1a8d9f1f79: start FollowerState
2019-10-21 22:01:24,767 [d2d0250e-a378-4f8a-a4ff-ce07d96628f4@group-129E33F6DE87-LeaderElection37] INFO  impl.LeaderElection (LeaderElection.java:logAndReturn(56)) - d2d0250e-a378-4f8a-a4ff-ce07d96628f4@group-129E33F6DE87-LeaderElection37: Election REJECTED; received 2 response(s) [d2d0250e-a378-4f8a-a4ff-ce07d96628f4<-756f57d6-6136-46f3-b5ea-af957dae1eda#0:FAIL-t14, d2d0250e-a378-4f8a-a4ff-ce07d96628f4<-a36a670b-6f05-41e5-b505-2b1a8d9f1f79#0:FAIL-t14] and 0 exception(s); d2d0250e-a378-4f8a-a4ff-ce07d96628f4@group-129E33F6DE87:t14, leader=null, voted=d2d0250e-a378-4f8a-a4ff-ce07d96628f4, raftlog=d2d0250e-a378-4f8a-a4ff-ce07d96628f4@group-129E33F6DE87-SegmentedRaftLog:OPENED:c-1,f-1,i0, conf=-1: [756f57d6-6136-46f3-b5ea-af957dae1eda:192.168.34.8:33063, d2d0250e-a378-4f8a-a4ff-ce07d96628f4:192.168.34.8:43170, a36a670b-6f05-41e5-b505-2b1a8d9f1f79:192.168.34.8:32869], old=null
2019-10-21 22:01:24,767 [d2d0250e-a378-4f8a-a4ff-ce07d96628f4@group-129E33F6DE87-LeaderElection37] INFO  impl.RaftServerImpl (RaftServerImpl.java:setRole(184)) - d2d0250e-a378-4f8a-a4ff-ce07d96628f4@group-129E33F6DE87: changes role from CANDIDATE to FOLLOWER at term 14 for DISCOVERED_A_NEW_TERM
2019-10-21 22:01:24,767 [d2d0250e-a378-4f8a-a4ff-ce07d96628f4@group-129E33F6DE87-LeaderElection37] INFO  impl.RoleInfo (RoleInfo.java:shutdownLeaderElection(134)) - d2d0250e-a378-4f8a-a4ff-ce07d96628f4: shutdown LeaderElection
2019-10-21 22:01:24,767 [d2d0250e-a378-4f8a-a4ff-ce07d96628f4@group-129E33F6DE87-LeaderElection37] INFO  impl.RoleInfo (RoleInfo.java:updateAndGet(143)) - d2d0250e-a378-4f8a-a4ff-ce07d96628f4: start FollowerState
2019-10-21 22:01:24,902 [Thread-573] INFO  impl.FollowerState (FollowerState.java:run(108)) - d2d0250e-a378-4f8a-a4ff-ce07d96628f4@group-129E33F6DE87-FollowerState: change to CANDIDATE, lastRpcTime:134ms, electionTimeout:134ms
2019-10-21 22:01:24,902 [Thread-573] INFO  impl.RoleInfo (RoleInfo.java:shutdownFollowerState(121)) - d2d0250e-a378-4f8a-a4ff-ce07d96628f4: shutdown FollowerState
2019-10-21 22:01:24,902 [Thread-573] INFO  impl.RaftServerImpl (RaftServerImpl.java:setRole(184)) - d2d0250e-a378-4f8a-a4ff-ce07d96628f4@group-129E33F6DE87: changes role from  FOLLOWER to CANDIDATE at term 14 for changeToCandidate
2019-10-21 22:01:24,903 [Thread-573] INFO  impl.RoleInfo (RoleInfo.java:updateAndGet(143)) - d2d0250e-a378-4f8a-a4ff-ce07d96628f4: start LeaderElection
2019-10-21 22:01:24,917 [d2d0250e-a378-4f8a-a4ff-ce07d96628f4@group-129E33F6DE87-LeaderElection38] INFO  impl.LeaderElection (LeaderElection.java:askForVotes(178)) - d2d0250e-a378-4f8a-a4ff-ce07d96628f4@group-129E33F6DE87-LeaderElection38: begin an election at term 15 for -1: [756f57d6-6136-46f3-b5ea-af957dae1eda:192.168.34.8:33063, d2d0250e-a378-4f8a-a4ff-ce07d96628f4:192.168.34.8:43170, a36a670b-6f05-41e5-b505-2b1a8d9f1f79:192.168.34.8:32869], old=null
2019-10-21 22:01:24,925 [grpc-default-executor-7] INFO  impl.RaftServerImpl (RaftServerImpl.java:setRole(184)) - a36a670b-6f05-41e5-b505-2b1a8d9f1f79@group-129E33F6DE87: changes role from  FOLLOWER to FOLLOWER at term 15 for recognizeCandidate:d2d0250e-a378-4f8a-a4ff-ce07d96628f4
2019-10-21 22:01:24,925 [grpc-default-executor-6] INFO  impl.RaftServerImpl (RaftServerImpl.java:setRole(184)) - 756f57d6-6136-46f3-b5ea-af957dae1eda@group-129E33F6DE87: changes role from  FOLLOWER to FOLLOWER at term 15 for recognizeCandidate:d2d0250e-a378-4f8a-a4ff-ce07d96628f4
2019-10-21 22:01:24,925 [grpc-default-executor-6] INFO  impl.RoleInfo (RoleInfo.java:shutdownFollowerState(121)) - 756f57d6-6136-46f3-b5ea-af957dae1eda: shutdown FollowerState
2019-10-21 22:01:24,925 [grpc-default-executor-7] INFO  impl.RoleInfo (RoleInfo.java:shutdownFollowerState(121)) - a36a670b-6f05-41e5-b505-2b1a8d9f1f79: shutdown FollowerState
2019-10-21 22:01:24,926 [Thread-572] INFO  impl.FollowerState (FollowerState.java:run(117)) - a36a670b-6f05-41e5-b505-2b1a8d9f1f79@group-129E33F6DE87-FollowerState was interrupted: java.lang.InterruptedException: sleep interrupted
2019-10-21 22:01:24,925 [Thread-571] INFO  impl.FollowerState (FollowerState.java:run(117)) - 756f57d6-6136-46f3-b5ea-af957dae1eda@group-129E33F6DE87-FollowerState was interrupted: java.lang.InterruptedException: sleep interrupted
2019-10-21 22:01:24,925 [grpc-default-executor-6] INFO  impl.RoleInfo (RoleInfo.java:updateAndGet(143)) - 756f57d6-6136-46f3-b5ea-af957dae1eda: start FollowerState
2019-10-21 22:01:24,926 [grpc-default-executor-7] INFO  impl.RoleInfo (RoleInfo.java:updateAndGet(143)) - a36a670b-6f05-41e5-b505-2b1a8d9f1f79: start FollowerState
2019-10-21 22:01:24,942 [d2d0250e-a378-4f8a-a4ff-ce07d96628f4@group-129E33F6DE87-LeaderElection38] INFO  impl.LeaderElection (LeaderElection.java:logAndReturn(56)) - d2d0250e-a378-4f8a-a4ff-ce07d96628f4@group-129E33F6DE87-LeaderElection38: Election REJECTED; received 2 response(s) [d2d0250e-a378-4f8a-a4ff-ce07d96628f4<-756f57d6-6136-46f3-b5ea-af957dae1eda#0:FAIL-t15, d2d0250e-a378-4f8a-a4ff-ce07d96628f4<-a36a670b-6f05-41e5-b505-2b1a8d9f1f79#0:FAIL-t15] and 0 exception(s); d2d0250e-a378-4f8a-a4ff-ce07d96628f4@group-129E33F6DE87:t15, leader=null, voted=d2d0250e-a378-4f8a-a4ff-ce07d96628f4, raftlog=d2d0250e-a378-4f8a-a4ff-ce07d96628f4@group-129E33F6DE87-SegmentedRaftLog:OPENED:c-1,f-1,i0, conf=-1: [756f57d6-6136-46f3-b5ea-af957dae1eda:192.168.34.8:33063, d2d0250e-a378-4f8a-a4ff-ce07d96628f4:192.168.34.8:43170, a36a670b-6f05-41e5-b505-2b1a8d9f1f79:192.168.34.8:32869], old=null
2019-10-21 22:01:24,942 [d2d0250e-a378-4f8a-a4ff-ce07d96628f4@group-129E33F6DE87-LeaderElection38] INFO  impl.RaftServerImpl (RaftServerImpl.java:setRole(184)) - d2d0250e-a378-4f8a-a4ff-ce07d96628f4@group-129E33F6DE87: changes role from CANDIDATE to FOLLOWER at term 15 for DISCOVERED_A_NEW_TERM
2019-10-21 22:01:24,942 [d2d0250e-a378-4f8a-a4ff-ce07d96628f4@group-129E33F6DE87-LeaderElection38] INFO  impl.RoleInfo (RoleInfo.java:shutdownLeaderElection(134)) - d2d0250e-a378-4f8a-a4ff-ce07d96628f4: shutdown LeaderElection
2019-10-21 22:01:24,943 [d2d0250e-a378-4f8a-a4ff-ce07d96628f4@group-129E33F6DE87-LeaderElection38] INFO  impl.RoleInfo (RoleInfo.java:updateAndGet(143)) - d2d0250e-a378-4f8a-a4ff-ce07d96628f4: start FollowerState
2019-10-21 22:01:25,072 [Thread-581] INFO  impl.FollowerState (FollowerState.java:run(108)) - d2d0250e-a378-4f8a-a4ff-ce07d96628f4@group-129E33F6DE87-FollowerState: change to CANDIDATE, lastRpcTime:129ms, electionTimeout:129ms
2019-10-21 22:01:25,073 [Thread-581] INFO  impl.RoleInfo (RoleInfo.java:shutdownFollowerState(121)) - d2d0250e-a378-4f8a-a4ff-ce07d96628f4: shutdown FollowerState
2019-10-21 22:01:25,073 [Thread-581] INFO  impl.RaftServerImpl (RaftServerImpl.java:setRole(184)) - d2d0250e-a378-4f8a-a4ff-ce07d96628f4@group-129E33F6DE87: changes role from  FOLLOWER to CANDIDATE at term 15 for changeToCandidate
2019-10-21 22:01:25,073 [Thread-581] INFO  impl.RoleInfo (RoleInfo.java:updateAndGet(143)) - d2d0250e-a378-4f8a-a4ff-ce07d96628f4: start LeaderElection
2019-10-21 22:01:25,088 [d2d0250e-a378-4f8a-a4ff-ce07d96628f4@group-129E33F6DE87-LeaderElection39] INFO  impl.LeaderElection (LeaderElection.java:askForVotes(178)) - d2d0250e-a378-4f8a-a4ff-ce07d96628f4@group-129E33F6DE87-LeaderElection39: begin an election at term 16 for -1: [756f57d6-6136-46f3-b5ea-af957dae1eda:192.168.34.8:33063, d2d0250e-a378-4f8a-a4ff-ce07d96628f4:192.168.34.8:43170, a36a670b-6f05-41e5-b505-2b1a8d9f1f79:192.168.34.8:32869], old=null
2019-10-21 22:01:25,092 [grpc-default-executor-7] INFO  impl.RaftServerImpl (RaftServerImpl.java:setRole(184)) - a36a670b-6f05-41e5-b505-2b1a8d9f1f79@group-129E33F6DE87: changes role from  FOLLOWER to FOLLOWER at term 16 for recognizeCandidate:d2d0250e-a378-4f8a-a4ff-ce07d96628f4
2019-10-21 22:01:25,092 [grpc-default-executor-6] INFO  impl.RaftServerImpl (RaftServerImpl.java:setRole(184)) - 756f57d6-6136-46f3-b5ea-af957dae1eda@group-129E33F6DE87: changes role from  FOLLOWER to FOLLOWER at term 16 for recognizeCandidate:d2d0250e-a378-4f8a-a4ff-ce07d96628f4
2019-10-21 22:01:25,092 [grpc-default-executor-7] INFO  impl.RoleInfo (RoleInfo.java:shutdownFollowerState(121)) - a36a670b-6f05-41e5-b505-2b1a8d9f1f79: shutdown FollowerState
2019-10-21 22:01:25,092 [grpc-default-executor-6] INFO  impl.RoleInfo (RoleInfo.java:shutdownFollowerState(121)) - 756f57d6-6136-46f3-b5ea-af957dae1eda: shutdown FollowerState
2019-10-21 22:01:25,093 [grpc-default-executor-7] INFO  impl.RoleInfo (RoleInfo.java:updateAndGet(143)) - a36a670b-6f05-41e5-b505-2b1a8d9f1f79: start FollowerState
2019-10-21 22:01:25,093 [Thread-579] INFO  impl.FollowerState (FollowerState.java:run(117)) - a36a670b-6f05-41e5-b505-2b1a8d9f1f79@group-129E33F6DE87-FollowerState was interrupted: java.lang.InterruptedException: sleep interrupted
2019-10-21 22:01:25,093 [Thread-578] INFO  impl.FollowerState (FollowerState.java:run(117)) - 756f57d6-6136-46f3-b5ea-af957dae1eda@group-129E33F6DE87-FollowerState was interrupted: java.lang.InterruptedException: sleep interrupted
2019-10-21 22:01:25,093 [grpc-default-executor-6] INFO  impl.RoleInfo (RoleInfo.java:updateAndGet(143)) - 756f57d6-6136-46f3-b5ea-af957dae1eda: start FollowerState
2019-10-21 22:01:25,111 [d2d0250e-a378-4f8a-a4ff-ce07d96628f4@group-129E33F6DE87-LeaderElection39] INFO  impl.LeaderElection (LeaderElection.java:logAndReturn(56)) - d2d0250e-a378-4f8a-a4ff-ce07d96628f4@group-129E33F6DE87-LeaderElection39: Election REJECTED; received 2 response(s) [d2d0250e-a378-4f8a-a4ff-ce07d96628f4<-756f57d6-6136-46f3-b5ea-af957dae1eda#0:FAIL-t16, d2d0250e-a378-4f8a-a4ff-ce07d96628f4<-a36a670b-6f05-41e5-b505-2b1a8d9f1f79#0:FAIL-t16] and 0 exception(s); d2d0250e-a378-4f8a-a4ff-ce07d96628f4@group-129E33F6DE87:t16, leader=null, voted=d2d0250e-a378-4f8a-a4ff-ce07d96628f4, raftlog=d2d0250e-a378-4f8a-a4ff-ce07d96628f4@group-129E33F6DE87-SegmentedRaftLog:OPENED:c-1,f-1,i0, conf=-1: [756f57d6-6136-46f3-b5ea-af957dae1eda:192.168.34.8:33063, d2d0250e-a378-4f8a-a4ff-ce07d96628f4:192.168.34.8:43170, a36a670b-6f05-41e5-b505-2b1a8d9f1f79:192.168.34.8:32869], old=null
2019-10-21 22:01:25,111 [d2d0250e-a378-4f8a-a4ff-ce07d96628f4@group-129E33F6DE87-LeaderElection39] INFO  impl.RaftServerImpl (RaftServerImpl.java:setRole(184)) - d2d0250e-a378-4f8a-a4ff-ce07d96628f4@group-129E33F6DE87: changes role from CANDIDATE to FOLLOWER at term 16 for DISCOVERED_A_NEW_TERM
2019-10-21 22:01:25,111 [d2d0250e-a378-4f8a-a4ff-ce07d96628f4@group-129E33F6DE87-LeaderElection39] INFO  impl.RoleInfo (RoleInfo.java:shutdownLeaderElection(134)) - d2d0250e-a378-4f8a-a4ff-ce07d96628f4: shutdown LeaderElection
2019-10-21 22:01:25,111 [d2d0250e-a378-4f8a-a4ff-ce07d96628f4@group-129E33F6DE87-LeaderElection39] INFO  impl.RoleInfo (RoleInfo.java:updateAndGet(143)) - d2d0250e-a378-4f8a-a4ff-ce07d96628f4: start FollowerState
2019-10-21 22:01:25,305 [Thread-587] INFO  impl.FollowerState (FollowerState.java:run(108)) - d2d0250e-a378-4f8a-a4ff-ce07d96628f4@group-129E33F6DE87-FollowerState: change to CANDIDATE, lastRpcTime:193ms, electionTimeout:193ms
2019-10-21 22:01:25,305 [Thread-587] INFO  impl.RoleInfo (RoleInfo.java:shutdownFollowerState(121)) - d2d0250e-a378-4f8a-a4ff-ce07d96628f4: shutdown FollowerState
2019-10-21 22:01:25,305 [Thread-587] INFO  impl.RaftServerImpl (RaftServerImpl.java:setRole(184)) - d2d0250e-a378-4f8a-a4ff-ce07d96628f4@group-129E33F6DE87: changes role from  FOLLOWER to CANDIDATE at term 16 for changeToCandidate
2019-10-21 22:01:25,306 [Thread-587] INFO  impl.RoleInfo (RoleInfo.java:updateAndGet(143)) - d2d0250e-a378-4f8a-a4ff-ce07d96628f4: start LeaderElection
2019-10-21 22:01:25,378 [d2d0250e-a378-4f8a-a4ff-ce07d96628f4@group-129E33F6DE87-LeaderElection40] INFO  impl.LeaderElection (LeaderElection.java:askForVotes(178)) - d2d0250e-a378-4f8a-a4ff-ce07d96628f4@group-129E33F6DE87-LeaderElection40: begin an election at term 17 for -1: [756f57d6-6136-46f3-b5ea-af957dae1eda:192.168.34.8:33063, d2d0250e-a378-4f8a-a4ff-ce07d96628f4:192.168.34.8:43170, a36a670b-6f05-41e5-b505-2b1a8d9f1f79:192.168.34.8:32869], old=null
2019-10-21 22:01:25,384 [grpc-default-executor-7] INFO  impl.RaftServerImpl (RaftServerImpl.java:setRole(184)) - 756f57d6-6136-46f3-b5ea-af957dae1eda@group-129E33F6DE87: changes role from  FOLLOWER to FOLLOWER at term 17 for recognizeCandidate:d2d0250e-a378-4f8a-a4ff-ce07d96628f4
2019-10-21 22:01:25,384 [grpc-default-executor-6] INFO  impl.RaftServerImpl (RaftServerImpl.java:setRole(184)) - a36a670b-6f05-41e5-b505-2b1a8d9f1f79@group-129E33F6DE87: changes role from  FOLLOWER to FOLLOWER at term 17 for recognizeCandidate:d2d0250e-a378-4f8a-a4ff-ce07d96628f4
2019-10-21 22:01:25,384 [grpc-default-executor-7] INFO  impl.RoleInfo (RoleInfo.java:shutdownFollowerState(121)) - 756f57d6-6136-46f3-b5ea-af957dae1eda: shutdown FollowerState
2019-10-21 22:01:25,384 [grpc-default-executor-6] INFO  impl.RoleInfo (RoleInfo.java:shutdownFollowerState(121)) - a36a670b-6f05-41e5-b505-2b1a8d9f1f79: shutdown FollowerState
2019-10-21 22:01:25,384 [Thread-586] INFO  impl.FollowerState (FollowerState.java:run(117)) - 756f57d6-6136-46f3-b5ea-af957dae1eda@group-129E33F6DE87-FollowerState was interrupted: java.lang.InterruptedException: sleep interrupted
2019-10-21 22:01:25,384 [Thread-585] INFO  impl.FollowerState (FollowerState.java:run(117)) - a36a670b-6f05-41e5-b505-2b1a8d9f1f79@group-129E33F6DE87-FollowerState was interrupted: java.lang.InterruptedException: sleep interrupted
2019-10-21 22:01:25,384 [grpc-default-executor-7] INFO  impl.RoleInfo (RoleInfo.java:updateAndGet(143)) - 756f57d6-6136-46f3-b5ea-af957dae1eda: start FollowerState
2019-10-21 22:01:25,384 [grpc-default-executor-6] INFO  impl.RoleInfo (RoleInfo.java:updateAndGet(143)) - a36a670b-6f05-41e5-b505-2b1a8d9f1f79: start FollowerState
2019-10-21 22:01:25,396 [d2d0250e-a378-4f8a-a4ff-ce07d96628f4@group-129E33F6DE87-LeaderElection40] INFO  impl.LeaderElection (LeaderElection.java:logAndReturn(56)) - d2d0250e-a378-4f8a-a4ff-ce07d96628f4@group-129E33F6DE87-LeaderElection40: Election REJECTED; received 2 response(s) [d2d0250e-a378-4f8a-a4ff-ce07d96628f4<-756f57d6-6136-46f3-b5ea-af957dae1eda#0:FAIL-t17, d2d0250e-a378-4f8a-a4ff-ce07d96628f4<-a36a670b-6f05-41e5-b505-2b1a8d9f1f79#0:FAIL-t17] and 0 exception(s); d2d0250e-a378-4f8a-a4ff-ce07d96628f4@group-129E33F6DE87:t17, leader=null, voted=d2d0250e-a378-4f8a-a4ff-ce07d96628f4, raftlog=d2d0250e-a378-4f8a-a4ff-ce07d96628f4@group-129E33F6DE87-SegmentedRaftLog:OPENED:c-1,f-1,i0, conf=-1: [756f57d6-6136-46f3-b5ea-af957dae1eda:192.168.34.8:33063, d2d0250e-a378-4f8a-a4ff-ce07d96628f4:192.168.34.8:43170, a36a670b-6f05-41e5-b505-2b1a8d9f1f79:192.168.34.8:32869], old=null
2019-10-21 22:01:25,396 [d2d0250e-a378-4f8a-a4ff-ce07d96628f4@group-129E33F6DE87-LeaderElection40] INFO  impl.RaftServerImpl (RaftServerImpl.java:setRole(184)) - d2d0250e-a378-4f8a-a4ff-ce07d96628f4@group-129E33F6DE87: changes role from CANDIDATE to FOLLOWER at term 17 for DISCOVERED_A_NEW_TERM
2019-10-21 22:01:25,396 [d2d0250e-a378-4f8a-a4ff-ce07d96628f4@group-129E33F6DE87-LeaderElection40] INFO  impl.RoleInfo (RoleInfo.java:shutdownLeaderElection(134)) - d2d0250e-a378-4f8a-a4ff-ce07d96628f4: shutdown LeaderElection
2019-10-21 22:01:25,396 [d2d0250e-a378-4f8a-a4ff-ce07d96628f4@group-129E33F6DE87-LeaderElection40] INFO  impl.RoleInfo (RoleInfo.java:updateAndGet(143)) - d2d0250e-a378-4f8a-a4ff-ce07d96628f4: start FollowerState
2019-10-21 22:01:25,486 [Thread-598] INFO  impl.FollowerState (FollowerState.java:run(108)) - d2d0250e-a378-4f8a-a4ff-ce07d96628f4@group-129E33F6DE87-FollowerState: change to CANDIDATE, lastRpcTime:89ms, electionTimeout:89ms
2019-10-21 22:01:25,486 [Thread-598] INFO  impl.RoleInfo (RoleInfo.java:shutdownFollowerState(121)) - d2d0250e-a378-4f8a-a4ff-ce07d96628f4: shutdown FollowerState
2019-10-21 22:01:25,486 [Thread-598] INFO  impl.RaftServerImpl (RaftServerImpl.java:setRole(184)) - d2d0250e-a378-4f8a-a4ff-ce07d96628f4@group-129E33F6DE87: changes role from  FOLLOWER to CANDIDATE at term 17 for changeToCandidate
2019-10-21 22:01:25,487 [Thread-598] INFO  impl.RoleInfo (RoleInfo.java:updateAndGet(143)) - d2d0250e-a378-4f8a-a4ff-ce07d96628f4: start LeaderElection
2019-10-21 22:01:25,501 [d2d0250e-a378-4f8a-a4ff-ce07d96628f4@group-129E33F6DE87-LeaderElection41] INFO  impl.LeaderElection (LeaderElection.java:askForVotes(178)) - d2d0250e-a378-4f8a-a4ff-ce07d96628f4@group-129E33F6DE87-LeaderElection41: begin an election at term 18 for -1: [756f57d6-6136-46f3-b5ea-af957dae1eda:192.168.34.8:33063, d2d0250e-a378-4f8a-a4ff-ce07d96628f4:192.168.34.8:43170, a36a670b-6f05-41e5-b505-2b1a8d9f1f79:192.168.34.8:32869], old=null
2019-10-21 22:01:25,505 [grpc-default-executor-6] INFO  impl.RaftServerImpl (RaftServerImpl.java:setRole(184)) - a36a670b-6f05-41e5-b505-2b1a8d9f1f79@group-129E33F6DE87: changes role from  FOLLOWER to FOLLOWER at term 18 for recognizeCandidate:d2d0250e-a378-4f8a-a4ff-ce07d96628f4
2019-10-21 22:01:25,505 [grpc-default-executor-7] INFO  impl.RaftServerImpl (RaftServerImpl.java:setRole(184)) - 756f57d6-6136-46f3-b5ea-af957dae1eda@group-129E33F6DE87: changes role from  FOLLOWER to FOLLOWER at term 18 for recognizeCandidate:d2d0250e-a378-4f8a-a4ff-ce07d96628f4
2019-10-21 22:01:25,505 [grpc-default-executor-6] INFO  impl.RoleInfo (RoleInfo.java:shutdownFollowerState(121)) - a36a670b-6f05-41e5-b505-2b1a8d9f1f79: shutdown FollowerState
2019-10-21 22:01:25,505 [grpc-default-executor-7] INFO  impl.RoleInfo (RoleInfo.java:shutdownFollowerState(121)) - 756f57d6-6136-46f3-b5ea-af957dae1eda: shutdown FollowerState
2019-10-21 22:01:25,505 [Thread-597] INFO  impl.FollowerState (FollowerState.java:run(117)) - a36a670b-6f05-41e5-b505-2b1a8d9f1f79@group-129E33F6DE87-FollowerState was interrupted: java.lang.InterruptedException: sleep interrupted
2019-10-21 22:01:25,505 [grpc-default-executor-6] INFO  impl.RoleInfo (RoleInfo.java:updateAndGet(143)) - a36a670b-6f05-41e5-b505-2b1a8d9f1f79: start FollowerState
2019-10-21 22:01:25,505 [Thread-596] INFO  impl.FollowerState (FollowerState.java:run(117)) - 756f57d6-6136-46f3-b5ea-af957dae1eda@group-129E33F6DE87-FollowerState was interrupted: java.lang.InterruptedException: sleep interrupted
2019-10-21 22:01:25,505 [grpc-default-executor-7] INFO  impl.RoleInfo (RoleInfo.java:updateAndGet(143)) - 756f57d6-6136-46f3-b5ea-af957dae1eda: start FollowerState
2019-10-21 22:01:25,521 [d2d0250e-a378-4f8a-a4ff-ce07d96628f4@group-129E33F6DE87-LeaderElection41] INFO  impl.LeaderElection (LeaderElection.java:logAndReturn(56)) - d2d0250e-a378-4f8a-a4ff-ce07d96628f4@group-129E33F6DE87-LeaderElection41: Election REJECTED; received 2 response(s) [d2d0250e-a378-4f8a-a4ff-ce07d96628f4<-756f57d6-6136-46f3-b5ea-af957dae1eda#0:FAIL-t18, d2d0250e-a378-4f8a-a4ff-ce07d96628f4<-a36a670b-6f05-41e5-b505-2b1a8d9f1f79#0:FAIL-t18] and 0 exception(s); d2d0250e-a378-4f8a-a4ff-ce07d96628f4@group-129E33F6DE87:t18, leader=null, voted=d2d0250e-a378-4f8a-a4ff-ce07d96628f4, raftlog=d2d0250e-a378-4f8a-a4ff-ce07d96628f4@group-129E33F6DE87-SegmentedRaftLog:OPENED:c-1,f-1,i0, conf=-1: [756f57d6-6136-46f3-b5ea-af957dae1eda:192.168.34.8:33063, d2d0250e-a378-4f8a-a4ff-ce07d96628f4:192.168.34.8:43170, a36a670b-6f05-41e5-b505-2b1a8d9f1f79:192.168.34.8:32869], old=null
2019-10-21 22:01:25,521 [d2d0250e-a378-4f8a-a4ff-ce07d96628f4@group-129E33F6DE87-LeaderElection41] INFO  impl.RaftServerImpl (RaftServerImpl.java:setRole(184)) - d2d0250e-a378-4f8a-a4ff-ce07d96628f4@group-129E33F6DE87: changes role from CANDIDATE to FOLLOWER at term 18 for DISCOVERED_A_NEW_TERM
2019-10-21 22:01:25,521 [d2d0250e-a378-4f8a-a4ff-ce07d96628f4@group-129E33F6DE87-LeaderElection41] INFO  impl.RoleInfo (RoleInfo.java:shutdownLeaderElection(134)) - d2d0250e-a378-4f8a-a4ff-ce07d96628f4: shutdown LeaderElection
2019-10-21 22:01:25,521 [d2d0250e-a378-4f8a-a4ff-ce07d96628f4@group-129E33F6DE87-LeaderElection41] INFO  impl.RoleInfo (RoleInfo.java:updateAndGet(143)) - d2d0250e-a378-4f8a-a4ff-ce07d96628f4: start FollowerState
2019-10-21 22:01:25,620 [Thread-605] INFO  impl.FollowerState (FollowerState.java:run(108)) - d2d0250e-a378-4f8a-a4ff-ce07d96628f4@group-129E33F6DE87-FollowerState: change to CANDIDATE, lastRpcTime:98ms, electionTimeout:98ms
2019-10-21 22:01:25,620 [Thread-605] INFO  impl.RoleInfo (RoleInfo.java:shutdownFollowerState(121)) - d2d0250e-a378-4f8a-a4ff-ce07d96628f4: shutdown FollowerState
2019-10-21 22:01:25,620 [Thread-605] INFO  impl.RaftServerImpl (RaftServerImpl.java:setRole(184)) - d2d0250e-a378-4f8a-a4ff-ce07d96628f4@group-129E33F6DE87: changes role from  FOLLOWER to CANDIDATE at term 18 for changeToCandidate
2019-10-21 22:01:25,620 [Thread-605] INFO  impl.RoleInfo (RoleInfo.java:updateAndGet(143)) - d2d0250e-a378-4f8a-a4ff-ce07d96628f4: start LeaderElection
2019-10-21 22:01:25,634 [d2d0250e-a378-4f8a-a4ff-ce07d96628f4@group-129E33F6DE87-LeaderElection42] INFO  impl.LeaderElection (LeaderElection.java:askForVotes(178)) - d2d0250e-a378-4f8a-a4ff-ce07d96628f4@group-129E33F6DE87-LeaderElection42: begin an election at term 19 for -1: [756f57d6-6136-46f3-b5ea-af957dae1eda:192.168.34.8:33063, d2d0250e-a378-4f8a-a4ff-ce07d96628f4:192.168.34.8:43170, a36a670b-6f05-41e5-b505-2b1a8d9f1f79:192.168.34.8:32869], old=null
2019-10-21 22:01:25,640 [grpc-default-executor-7] INFO  impl.RaftServerImpl (RaftServerImpl.java:setRole(184)) - a36a670b-6f05-41e5-b505-2b1a8d9f1f79@group-129E33F6DE87: changes role from  FOLLOWER to FOLLOWER at term 19 for recognizeCandidate:d2d0250e-a378-4f8a-a4ff-ce07d96628f4
2019-10-21 22:01:25,640 [grpc-default-executor-6] INFO  impl.RaftServerImpl (RaftServerImpl.java:setRole(184)) - 756f57d6-6136-46f3-b5ea-af957dae1eda@group-129E33F6DE87: changes role from  FOLLOWER to FOLLOWER at term 19 for recognizeCandidate:d2d0250e-a378-4f8a-a4ff-ce07d96628f4
2019-10-21 22:01:25,640 [grpc-default-executor-7] INFO  impl.RoleInfo (RoleInfo.java:shutdownFollowerState(121)) - a36a670b-6f05-41e5-b505-2b1a8d9f1f79: shutdown FollowerState
2019-10-21 22:01:25,641 [grpc-default-executor-6] INFO  impl.RoleInfo (RoleInfo.java:shutdownFollowerState(121)) - 756f57d6-6136-46f3-b5ea-af957dae1eda: shutdown FollowerState
2019-10-21 22:01:25,641 [grpc-default-executor-7] INFO  impl.RoleInfo (RoleInfo.java:updateAndGet(143)) - a36a670b-6f05-41e5-b505-2b1a8d9f1f79: start FollowerState
2019-10-21 22:01:25,641 [Thread-603] INFO  impl.FollowerState (FollowerState.java:run(117)) - a36a670b-6f05-41e5-b505-2b1a8d9f1f79@group-129E33F6DE87-FollowerState was interrupted: java.lang.InterruptedException: sleep interrupted
2019-10-21 22:01:25,641 [grpc-default-executor-6] INFO  impl.RoleInfo (RoleInfo.java:updateAndGet(143)) - 756f57d6-6136-46f3-b5ea-af957dae1eda: start FollowerState
2019-10-21 22:01:25,641 [Thread-604] INFO  impl.FollowerState (FollowerState.java:run(117)) - 756f57d6-6136-46f3-b5ea-af957dae1eda@group-129E33F6DE87-FollowerState was interrupted: java.lang.InterruptedException: sleep interrupted
2019-10-21 22:01:25,658 [d2d0250e-a378-4f8a-a4ff-ce07d96628f4@group-129E33F6DE87-LeaderElection42] INFO  impl.LeaderElection (LeaderElection.java:logAndReturn(56)) - d2d0250e-a378-4f8a-a4ff-ce07d96628f4@group-129E33F6DE87-LeaderElection42: Election REJECTED; received 2 response(s) [d2d0250e-a378-4f8a-a4ff-ce07d96628f4<-756f57d6-6136-46f3-b5ea-af957dae1eda#0:FAIL-t19, d2d0250e-a378-4f8a-a4ff-ce07d96628f4<-a36a670b-6f05-41e5-b505-2b1a8d9f1f79#0:FAIL-t19] and 0 exception(s); d2d0250e-a378-4f8a-a4ff-ce07d96628f4@group-129E33F6DE87:t19, leader=null, voted=d2d0250e-a378-4f8a-a4ff-ce07d96628f4, raftlog=d2d0250e-a378-4f8a-a4ff-ce07d96628f4@group-129E33F6DE87-SegmentedRaftLog:OPENED:c-1,f-1,i0, conf=-1: [756f57d6-6136-46f3-b5ea-af957dae1eda:192.168.34.8:33063, d2d0250e-a378-4f8a-a4ff-ce07d96628f4:192.168.34.8:43170, a36a670b-6f05-41e5-b505-2b1a8d9f1f79:192.168.34.8:32869], old=null
2019-10-21 22:01:25,658 [d2d0250e-a378-4f8a-a4ff-ce07d96628f4@group-129E33F6DE87-LeaderElection42] INFO  impl.RaftServerImpl (RaftServerImpl.java:setRole(184)) - d2d0250e-a378-4f8a-a4ff-ce07d96628f4@group-129E33F6DE87: changes role from CANDIDATE to FOLLOWER at term 19 for DISCOVERED_A_NEW_TERM
2019-10-21 22:01:25,658 [d2d0250e-a378-4f8a-a4ff-ce07d96628f4@group-129E33F6DE87-LeaderElection42] INFO  impl.RoleInfo (RoleInfo.java:shutdownLeaderElection(134)) - d2d0250e-a378-4f8a-a4ff-ce07d96628f4: shutdown LeaderElection
2019-10-21 22:01:25,658 [d2d0250e-a378-4f8a-a4ff-ce07d96628f4@group-129E33F6DE87-LeaderElection42] INFO  impl.RoleInfo (RoleInfo.java:updateAndGet(143)) - d2d0250e-a378-4f8a-a4ff-ce07d96628f4: start FollowerState
2019-10-21 22:01:25,825 [Thread-611] INFO  impl.FollowerState (FollowerState.java:run(108)) - d2d0250e-a378-4f8a-a4ff-ce07d96628f4@group-129E33F6DE87-FollowerState: change to CANDIDATE, lastRpcTime:166ms, electionTimeout:166ms
2019-10-21 22:01:25,825 [Thread-611] INFO  impl.RoleInfo (RoleInfo.java:shutdownFollowerState(121)) - d2d0250e-a378-4f8a-a4ff-ce07d96628f4: shutdown FollowerState
2019-10-21 22:01:25,825 [Thread-611] INFO  impl.RaftServerImpl (RaftServerImpl.java:setRole(184)) - d2d0250e-a378-4f8a-a4ff-ce07d96628f4@group-129E33F6DE87: changes role from  FOLLOWER to CANDIDATE at term 19 for changeToCandidate
2019-10-21 22:01:25,825 [Thread-611] INFO  impl.RoleInfo (RoleInfo.java:updateAndGet(143)) - d2d0250e-a378-4f8a-a4ff-ce07d96628f4: start LeaderElection
2019-10-21 22:01:25,839 [d2d0250e-a378-4f8a-a4ff-ce07d96628f4@group-129E33F6DE87-LeaderElection43] INFO  impl.LeaderElection (LeaderElection.java:askForVotes(178)) - d2d0250e-a378-4f8a-a4ff-ce07d96628f4@group-129E33F6DE87-LeaderElection43: begin an election at term 20 for -1: [756f57d6-6136-46f3-b5ea-af957dae1eda:192.168.34.8:33063, d2d0250e-a378-4f8a-a4ff-ce07d96628f4:192.168.34.8:43170, a36a670b-6f05-41e5-b505-2b1a8d9f1f79:192.168.34.8:32869], old=null
2019-10-21 22:01:25,842 [grpc-default-executor-7] INFO  impl.RaftServerImpl (RaftServerImpl.java:setRole(184)) - 756f57d6-6136-46f3-b5ea-af957dae1eda@group-129E33F6DE87: changes role from  FOLLOWER to FOLLOWER at term 20 for recognizeCandidate:d2d0250e-a378-4f8a-a4ff-ce07d96628f4
2019-10-21 22:01:25,842 [grpc-default-executor-6] INFO  impl.RaftServerImpl (RaftServerImpl.java:setRole(184)) - a36a670b-6f05-41e5-b505-2b1a8d9f1f79@group-129E33F6DE87: changes role from  FOLLOWER to FOLLOWER at term 20 for recognizeCandidate:d2d0250e-a378-4f8a-a4ff-ce07d96628f4
2019-10-21 22:01:25,842 [grpc-default-executor-7] INFO  impl.RoleInfo (RoleInfo.java:shutdownFollowerState(121)) - 756f57d6-6136-46f3-b5ea-af957dae1eda: shutdown FollowerState
2019-10-21 22:01:25,842 [grpc-default-executor-6] INFO  impl.RoleInfo (RoleInfo.java:shutdownFollowerState(121)) - a36a670b-6f05-41e5-b505-2b1a8d9f1f79: shutdown FollowerState
2019-10-21 22:01:25,843 [Thread-610] INFO  impl.FollowerState (FollowerState.java:run(117)) - 756f57d6-6136-46f3-b5ea-af957dae1eda@group-129E33F6DE87-FollowerState was interrupted: java.lang.InterruptedException: sleep interrupted
2019-10-21 22:01:25,843 [grpc-default-executor-6] INFO  impl.RoleInfo (RoleInfo.java:updateAndGet(143)) - a36a670b-6f05-41e5-b505-2b1a8d9f1f79: start FollowerState
2019-10-21 22:01:25,843 [grpc-default-executor-7] INFO  impl.RoleInfo (RoleInfo.java:updateAndGet(143)) - 756f57d6-6136-46f3-b5ea-af957dae1eda: start FollowerState
2019-10-21 22:01:25,843 [Thread-609] INFO  impl.FollowerState (FollowerState.java:run(117)) - a36a670b-6f05-41e5-b505-2b1a8d9f1f79@group-129E33F6DE87-FollowerState was interrupted: java.lang.InterruptedException: sleep interrupted
2019-10-21 22:01:25,859 [d2d0250e-a378-4f8a-a4ff-ce07d96628f4@group-129E33F6DE87-LeaderElection43] INFO  impl.LeaderElection (LeaderElection.java:logAndReturn(56)) - d2d0250e-a378-4f8a-a4ff-ce07d96628f4@group-129E33F6DE87-LeaderElection43: Election REJECTED; received 2 response(s) [d2d0250e-a378-4f8a-a4ff-ce07d96628f4<-756f57d6-6136-46f3-b5ea-af957dae1eda#0:FAIL-t20, d2d0250e-a378-4f8a-a4ff-ce07d96628f4<-a36a670b-6f05-41e5-b505-2b1a8d9f1f79#0:FAIL-t20] and 0 exception(s); d2d0250e-a378-4f8a-a4ff-ce07d96628f4@group-129E33F6DE87:t20, leader=null, voted=d2d0250e-a378-4f8a-a4ff-ce07d96628f4, raftlog=d2d0250e-a378-4f8a-a4ff-ce07d96628f4@group-129E33F6DE87-SegmentedRaftLog:OPENED:c-1,f-1,i0, conf=-1: [756f57d6-6136-46f3-b5ea-af957dae1eda:192.168.34.8:33063, d2d0250e-a378-4f8a-a4ff-ce07d96628f4:192.168.34.8:43170, a36a670b-6f05-41e5-b505-2b1a8d9f1f79:192.168.34.8:32869], old=null
2019-10-21 22:01:25,859 [d2d0250e-a378-4f8a-a4ff-ce07d96628f4@group-129E33F6DE87-LeaderElection43] INFO  impl.RaftServerImpl (RaftServerImpl.java:setRole(184)) - d2d0250e-a378-4f8a-a4ff-ce07d96628f4@group-129E33F6DE87: changes role from CANDIDATE to FOLLOWER at term 20 for DISCOVERED_A_NEW_TERM
2019-10-21 22:01:25,859 [d2d0250e-a378-4f8a-a4ff-ce07d96628f4@group-129E33F6DE87-LeaderElection43] INFO  impl.RoleInfo (RoleInfo.java:shutdownLeaderElection(134)) - d2d0250e-a378-4f8a-a4ff-ce07d96628f4: shutdown LeaderElection
2019-10-21 22:01:25,859 [d2d0250e-a378-4f8a-a4ff-ce07d96628f4@group-129E33F6DE87-LeaderElection43] INFO  impl.RoleInfo (RoleInfo.java:updateAndGet(143)) - d2d0250e-a378-4f8a-a4ff-ce07d96628f4: start FollowerState
2019-10-21 22:01:25,925 [Thread-619] INFO  impl.FollowerState (FollowerState.java:run(108)) - d2d0250e-a378-4f8a-a4ff-ce07d96628f4@group-129E33F6DE87-FollowerState: change to CANDIDATE, lastRpcTime:65ms, electionTimeout:65ms
2019-10-21 22:01:25,925 [Thread-619] INFO  impl.RoleInfo (RoleInfo.java:shutdownFollowerState(121)) - d2d0250e-a378-4f8a-a4ff-ce07d96628f4: shutdown FollowerState
2019-10-21 22:01:25,925 [Thread-619] INFO  impl.RaftServerImpl (RaftServerImpl.java:setRole(184)) - d2d0250e-a378-4f8a-a4ff-ce07d96628f4@group-129E33F6DE87: changes role from  FOLLOWER to CANDIDATE at term 20 for changeToCandidate
2019-10-21 22:01:25,925 [Thread-619] INFO  impl.RoleInfo (RoleInfo.java:updateAndGet(143)) - d2d0250e-a378-4f8a-a4ff-ce07d96628f4: start LeaderElection
2019-10-21 22:01:25,939 [d2d0250e-a378-4f8a-a4ff-ce07d96628f4@group-129E33F6DE87-LeaderElection44] INFO  impl.LeaderElection (LeaderElection.java:askForVotes(178)) - d2d0250e-a378-4f8a-a4ff-ce07d96628f4@group-129E33F6DE87-LeaderElection44: begin an election at term 21 for -1: [756f57d6-6136-46f3-b5ea-af957dae1eda:192.168.34.8:33063, d2d0250e-a378-4f8a-a4ff-ce07d96628f4:192.168.34.8:43170, a36a670b-6f05-41e5-b505-2b1a8d9f1f79:192.168.34.8:32869], old=null
2019-10-21 22:01:25,946 [grpc-default-executor-7] INFO  impl.RaftServerImpl (RaftServerImpl.java:setRole(184)) - 756f57d6-6136-46f3-b5ea-af957dae1eda@group-129E33F6DE87: changes role from  FOLLOWER to FOLLOWER at term 21 for recognizeCandidate:d2d0250e-a378-4f8a-a4ff-ce07d96628f4
2019-10-21 22:01:25,946 [grpc-default-executor-6] INFO  impl.RaftServerImpl (RaftServerImpl.java:setRole(184)) - a36a670b-6f05-41e5-b505-2b1a8d9f1f79@group-129E33F6DE87: changes role from  FOLLOWER to FOLLOWER at term 21 for recognizeCandidate:d2d0250e-a378-4f8a-a4ff-ce07d96628f4
2019-10-21 22:01:25,946 [grpc-default-executor-7] INFO  impl.RoleInfo (RoleInfo.java:shutdownFollowerState(121)) - 756f57d6-6136-46f3-b5ea-af957dae1eda: shutdown FollowerState
2019-10-21 22:01:25,946 [grpc-default-executor-6] INFO  impl.RoleInfo (RoleInfo.java:shutdownFollowerState(121)) - a36a670b-6f05-41e5-b505-2b1a8d9f1f79: shutdown FollowerState
2019-10-21 22:01:25,946 [grpc-default-executor-7] INFO  impl.RoleInfo (RoleInfo.java:updateAndGet(143)) - 756f57d6-6136-46f3-b5ea-af957dae1eda: start FollowerState
2019-10-21 22:01:25,946 [Thread-617] INFO  impl.FollowerState (FollowerState.java:run(117)) - 756f57d6-6136-46f3-b5ea-af957dae1eda@group-129E33F6DE87-FollowerState was interrupted: java.lang.InterruptedException: sleep interrupted
2019-10-21 22:01:25,947 [grpc-default-executor-6] INFO  impl.RoleInfo (RoleInfo.java:updateAndGet(143)) - a36a670b-6f05-41e5-b505-2b1a8d9f1f79: start FollowerState
2019-10-21 22:01:25,947 [Thread-618] INFO  impl.FollowerState (FollowerState.java:run(117)) - a36a670b-6f05-41e5-b505-2b1a8d9f1f79@group-129E33F6DE87-FollowerState was interrupted: java.lang.InterruptedException: sleep interrupted
2019-10-21 22:01:25,960 [d2d0250e-a378-4f8a-a4ff-ce07d96628f4@group-129E33F6DE87-LeaderElection44] INFO  impl.LeaderElection (LeaderElection.java:logAndReturn(56)) - d2d0250e-a378-4f8a-a4ff-ce07d96628f4@group-129E33F6DE87-LeaderElection44: Election TIMEOUT; received 0 response(s) [] and 0 exception(s); d2d0250e-a378-4f8a-a4ff-ce07d96628f4@group-129E33F6DE87:t21, leader=null, voted=d2d0250e-a378-4f8a-a4ff-ce07d96628f4, raftlog=d2d0250e-a378-4f8a-a4ff-ce07d96628f4@group-129E33F6DE87-SegmentedRaftLog:OPENED:c-1,f-1,i0, conf=-1: [756f57d6-6136-46f3-b5ea-af957dae1eda:192.168.34.8:33063, d2d0250e-a378-4f8a-a4ff-ce07d96628f4:192.168.34.8:43170, a36a670b-6f05-41e5-b505-2b1a8d9f1f79:192.168.34.8:32869], old=null
2019-10-21 22:01:25,974 [d2d0250e-a378-4f8a-a4ff-ce07d96628f4@group-129E33F6DE87-LeaderElection44] INFO  impl.LeaderElection (LeaderElection.java:askForVotes(178)) - d2d0250e-a378-4f8a-a4ff-ce07d96628f4@group-129E33F6DE87-LeaderElection44: begin an election at term 22 for -1: [756f57d6-6136-46f3-b5ea-af957dae1eda:192.168.34.8:33063, d2d0250e-a378-4f8a-a4ff-ce07d96628f4:192.168.34.8:43170, a36a670b-6f05-41e5-b505-2b1a8d9f1f79:192.168.34.8:32869], old=null
2019-10-21 22:01:25,977 [grpc-default-executor-7] INFO  impl.RaftServerImpl (RaftServerImpl.java:setRole(184)) - 756f57d6-6136-46f3-b5ea-af957dae1eda@group-129E33F6DE87: changes role from  FOLLOWER to FOLLOWER at term 22 for recognizeCandidate:d2d0250e-a378-4f8a-a4ff-ce07d96628f4
2019-10-21 22:01:25,977 [grpc-default-executor-6] INFO  impl.RaftServerImpl (RaftServerImpl.java:setRole(184)) - a36a670b-6f05-41e5-b505-2b1a8d9f1f79@group-129E33F6DE87: changes role from  FOLLOWER to FOLLOWER at term 22 for recognizeCandidate:d2d0250e-a378-4f8a-a4ff-ce07d96628f4
2019-10-21 22:01:25,977 [grpc-default-executor-7] INFO  impl.RoleInfo (RoleInfo.java:shutdownFollowerState(121)) - 756f57d6-6136-46f3-b5ea-af957dae1eda: shutdown FollowerState
2019-10-21 22:01:25,977 [grpc-default-executor-6] INFO  impl.RoleInfo (RoleInfo.java:shutdownFollowerState(121)) - a36a670b-6f05-41e5-b505-2b1a8d9f1f79: shutdown FollowerState
2019-10-21 22:01:25,978 [Thread-625] INFO  impl.FollowerState (FollowerState.java:run(117)) - 756f57d6-6136-46f3-b5ea-af957dae1eda@group-129E33F6DE87-FollowerState was interrupted: java.lang.InterruptedException: sleep interrupted
2019-10-21 22:01:25,978 [grpc-default-executor-7] INFO  impl.RoleInfo (RoleInfo.java:updateAndGet(143)) - 756f57d6-6136-46f3-b5ea-af957dae1eda: start FollowerState
2019-10-21 22:01:25,978 [grpc-default-executor-6] INFO  impl.RoleInfo (RoleInfo.java:updateAndGet(143)) - a36a670b-6f05-41e5-b505-2b1a8d9f1f79: start FollowerState
2019-10-21 22:01:25,978 [Thread-626] INFO  impl.FollowerState (FollowerState.java:run(117)) - a36a670b-6f05-41e5-b505-2b1a8d9f1f79@group-129E33F6DE87-FollowerState was interrupted: java.lang.InterruptedException: sleep interrupted
2019-10-21 22:01:25,993 [d2d0250e-a378-4f8a-a4ff-ce07d96628f4@group-129E33F6DE87-LeaderElection44] INFO  impl.LeaderElection (LeaderElection.java:logAndReturn(56)) - d2d0250e-a378-4f8a-a4ff-ce07d96628f4@group-129E33F6DE87-LeaderElection44: Election REJECTED; received 2 response(s) [d2d0250e-a378-4f8a-a4ff-ce07d96628f4<-756f57d6-6136-46f3-b5ea-af957dae1eda#0:FAIL-t22, d2d0250e-a378-4f8a-a4ff-ce07d96628f4<-a36a670b-6f05-41e5-b505-2b1a8d9f1f79#0:FAIL-t22] and 0 exception(s); d2d0250e-a378-4f8a-a4ff-ce07d96628f4@group-129E33F6DE87:t22, leader=null, voted=d2d0250e-a378-4f8a-a4ff-ce07d96628f4, raftlog=d2d0250e-a378-4f8a-a4ff-ce07d96628f4@group-129E33F6DE87-SegmentedRaftLog:OPENED:c-1,f-1,i0, conf=-1: [756f57d6-6136-46f3-b5ea-af957dae1eda:192.168.34.8:33063, d2d0250e-a378-4f8a-a4ff-ce07d96628f4:192.168.34.8:43170, a36a670b-6f05-41e5-b505-2b1a8d9f1f79:192.168.34.8:32869], old=null
2019-10-21 22:01:25,993 [d2d0250e-a378-4f8a-a4ff-ce07d96628f4@group-129E33F6DE87-LeaderElection44] INFO  impl.RaftServerImpl (RaftServerImpl.java:setRole(184)) - d2d0250e-a378-4f8a-a4ff-ce07d96628f4@group-129E33F6DE87: changes role from CANDIDATE to FOLLOWER at term 22 for DISCOVERED_A_NEW_TERM
2019-10-21 22:01:25,993 [d2d0250e-a378-4f8a-a4ff-ce07d96628f4@group-129E33F6DE87-LeaderElection44] INFO  impl.RoleInfo (RoleInfo.java:shutdownLeaderElection(134)) - d2d0250e-a378-4f8a-a4ff-ce07d96628f4: shutdown LeaderElection
2019-10-21 22:01:25,994 [d2d0250e-a378-4f8a-a4ff-ce07d96628f4@group-129E33F6DE87-LeaderElection44] INFO  impl.RoleInfo (RoleInfo.java:updateAndGet(143)) - d2d0250e-a378-4f8a-a4ff-ce07d96628f4: start FollowerState
2019-10-21 22:01:26,107 [Thread-631] INFO  impl.FollowerState (FollowerState.java:run(108)) - d2d0250e-a378-4f8a-a4ff-ce07d96628f4@group-129E33F6DE87-FollowerState: change to CANDIDATE, lastRpcTime:113ms, electionTimeout:113ms
2019-10-21 22:01:26,108 [Thread-631] INFO  impl.RoleInfo (RoleInfo.java:shutdownFollowerState(121)) - d2d0250e-a378-4f8a-a4ff-ce07d96628f4: shutdown FollowerState
2019-10-21 22:01:26,108 [Thread-631] INFO  impl.RaftServerImpl (RaftServerImpl.java:setRole(184)) - d2d0250e-a378-4f8a-a4ff-ce07d96628f4@group-129E33F6DE87: changes role from  FOLLOWER to CANDIDATE at term 22 for changeToCandidate
2019-10-21 22:01:26,108 [Thread-631] INFO  impl.RoleInfo (RoleInfo.java:updateAndGet(143)) - d2d0250e-a378-4f8a-a4ff-ce07d96628f4: start LeaderElection
2019-10-21 22:01:26,129 [d2d0250e-a378-4f8a-a4ff-ce07d96628f4@group-129E33F6DE87-LeaderElection45] INFO  impl.LeaderElection (LeaderElection.java:askForVotes(178)) - d2d0250e-a378-4f8a-a4ff-ce07d96628f4@group-129E33F6DE87-LeaderElection45: begin an election at term 23 for -1: [756f57d6-6136-46f3-b5ea-af957dae1eda:192.168.34.8:33063, d2d0250e-a378-4f8a-a4ff-ce07d96628f4:192.168.34.8:43170, a36a670b-6f05-41e5-b505-2b1a8d9f1f79:192.168.34.8:32869], old=null
2019-10-21 22:01:26,144 [grpc-default-executor-7] INFO  impl.RaftServerImpl (RaftServerImpl.java:setRole(184)) - a36a670b-6f05-41e5-b505-2b1a8d9f1f79@group-129E33F6DE87: changes role from  FOLLOWER to FOLLOWER at term 23 for recognizeCandidate:d2d0250e-a378-4f8a-a4ff-ce07d96628f4
2019-10-21 22:01:26,144 [grpc-default-executor-6] INFO  impl.RaftServerImpl (RaftServerImpl.java:setRole(184)) - 756f57d6-6136-46f3-b5ea-af957dae1eda@group-129E33F6DE87: changes role from  FOLLOWER to FOLLOWER at term 23 for recognizeCandidate:d2d0250e-a378-4f8a-a4ff-ce07d96628f4
2019-10-21 22:01:26,144 [grpc-default-executor-7] INFO  impl.RoleInfo (RoleInfo.java:shutdownFollowerState(121)) - a36a670b-6f05-41e5-b505-2b1a8d9f1f79: shutdown FollowerState
2019-10-21 22:01:26,144 [grpc-default-executor-6] INFO  impl.RoleInfo (RoleInfo.java:shutdownFollowerState(121)) - 756f57d6-6136-46f3-b5ea-af957dae1eda: shutdown FollowerState
2019-10-21 22:01:26,145 [Thread-630] INFO  impl.FollowerState (FollowerState.java:run(117)) - a36a670b-6f05-41e5-b505-2b1a8d9f1f79@group-129E33F6DE87-FollowerState was interrupted: java.lang.InterruptedException: sleep interrupted
2019-10-21 22:01:26,145 [Thread-629] INFO  impl.FollowerState (FollowerState.java:run(117)) - 756f57d6-6136-46f3-b5ea-af957dae1eda@group-129E33F6DE87-FollowerState was interrupted: java.lang.InterruptedException: sleep interrupted
2019-10-21 22:01:26,145 [grpc-default-executor-7] INFO  impl.RoleInfo (RoleInfo.java:updateAndGet(143)) - a36a670b-6f05-41e5-b505-2b1a8d9f1f79: start FollowerState
2019-10-21 22:01:26,145 [grpc-default-executor-6] INFO  impl.RoleInfo (RoleInfo.java:updateAndGet(143)) - 756f57d6-6136-46f3-b5ea-af957dae1eda: start FollowerState
2019-10-21 22:01:26,161 [d2d0250e-a378-4f8a-a4ff-ce07d96628f4@group-129E33F6DE87-LeaderElection45] INFO  impl.LeaderElection (LeaderElection.java:logAndReturn(56)) - d2d0250e-a378-4f8a-a4ff-ce07d96628f4@group-129E33F6DE87-LeaderElection45: Election REJECTED; received 2 response(s) [d2d0250e-a378-4f8a-a4ff-ce07d96628f4<-756f57d6-6136-46f3-b5ea-af957dae1eda#0:FAIL-t23, d2d0250e-a378-4f8a-a4ff-ce07d96628f4<-a36a670b-6f05-41e5-b505-2b1a8d9f1f79#0:FAIL-t23] and 0 exception(s); d2d0250e-a378-4f8a-a4ff-ce07d96628f4@group-129E33F6DE87:t23, leader=null, voted=d2d0250e-a378-4f8a-a4ff-ce07d96628f4, raftlog=d2d0250e-a378-4f8a-a4ff-ce07d96628f4@group-129E33F6DE87-SegmentedRaftLog:OPENED:c-1,f-1,i0, conf=-1: [756f57d6-6136-46f3-b5ea-af957dae1eda:192.168.34.8:33063, d2d0250e-a378-4f8a-a4ff-ce07d96628f4:192.168.34.8:43170, a36a670b-6f05-41e5-b505-2b1a8d9f1f79:192.168.34.8:32869], old=null
2019-10-21 22:01:26,161 [d2d0250e-a378-4f8a-a4ff-ce07d96628f4@group-129E33F6DE87-LeaderElection45] INFO  impl.RaftServerImpl (RaftServerImpl.java:setRole(184)) - d2d0250e-a378-4f8a-a4ff-ce07d96628f4@group-129E33F6DE87: changes role from CANDIDATE to FOLLOWER at term 23 for DISCOVERED_A_NEW_TERM
2019-10-21 22:01:26,161 [d2d0250e-a378-4f8a-a4ff-ce07d96628f4@group-129E33F6DE87-LeaderElection45] INFO  impl.RoleInfo (RoleInfo.java:shutdownLeaderElection(134)) - d2d0250e-a378-4f8a-a4ff-ce07d96628f4: shutdown LeaderElection
2019-10-21 22:01:26,162 [d2d0250e-a378-4f8a-a4ff-ce07d96628f4@group-129E33F6DE87-LeaderElection45] INFO  impl.RoleInfo (RoleInfo.java:updateAndGet(143)) - d2d0250e-a378-4f8a-a4ff-ce07d96628f4: start FollowerState
2019-10-21 22:01:26,281 [Thread-637] INFO  impl.FollowerState (FollowerState.java:run(108)) - d2d0250e-a378-4f8a-a4ff-ce07d96628f4@group-129E33F6DE87-FollowerState: change to CANDIDATE, lastRpcTime:119ms, electionTimeout:119ms
2019-10-21 22:01:26,281 [Thread-637] INFO  impl.RoleInfo (RoleInfo.java:shutdownFollowerState(121)) - d2d0250e-a378-4f8a-a4ff-ce07d96628f4: shutdown FollowerState
2019-10-21 22:01:26,282 [Thread-637] INFO  impl.RaftServerImpl (RaftServerImpl.java:setRole(184)) - d2d0250e-a378-4f8a-a4ff-ce07d96628f4@group-129E33F6DE87: changes role from  FOLLOWER to CANDIDATE at term 23 for changeToCandidate
2019-10-21 22:01:26,282 [Thread-637] INFO  impl.RoleInfo (RoleInfo.java:updateAndGet(143)) - d2d0250e-a378-4f8a-a4ff-ce07d96628f4: start LeaderElection
2019-10-21 22:01:26,296 [d2d0250e-a378-4f8a-a4ff-ce07d96628f4@group-129E33F6DE87-LeaderElection46] INFO  impl.LeaderElection (LeaderElection.java:askForVotes(178)) - d2d0250e-a378-4f8a-a4ff-ce07d96628f4@group-129E33F6DE87-LeaderElection46: begin an election at term 24 for -1: [756f57d6-6136-46f3-b5ea-af957dae1eda:192.168.34.8:33063, d2d0250e-a378-4f8a-a4ff-ce07d96628f4:192.168.34.8:43170, a36a670b-6f05-41e5-b505-2b1a8d9f1f79:192.168.34.8:32869], old=null
2019-10-21 22:01:26,299 [grpc-default-executor-7] INFO  impl.RaftServerImpl (RaftServerImpl.java:setRole(184)) - a36a670b-6f05-41e5-b505-2b1a8d9f1f79@group-129E33F6DE87: changes role from  FOLLOWER to FOLLOWER at term 24 for recognizeCandidate:d2d0250e-a378-4f8a-a4ff-ce07d96628f4
2019-10-21 22:01:26,299 [grpc-default-executor-6] INFO  impl.RaftServerImpl (RaftServerImpl.java:setRole(184)) - 756f57d6-6136-46f3-b5ea-af957dae1eda@group-129E33F6DE87: changes role from  FOLLOWER to FOLLOWER at term 24 for recognizeCandidate:d2d0250e-a378-4f8a-a4ff-ce07d96628f4
2019-10-21 22:01:26,299 [grpc-default-executor-7] INFO  impl.RoleInfo (RoleInfo.java:shutdownFollowerState(121)) - a36a670b-6f05-41e5-b505-2b1a8d9f1f79: shutdown FollowerState
2019-10-21 22:01:26,300 [grpc-default-executor-6] INFO  impl.RoleInfo (RoleInfo.java:shutdownFollowerState(121)) - 756f57d6-6136-46f3-b5ea-af957dae1eda: shutdown FollowerState
2019-10-21 22:01:26,300 [Thread-635] INFO  impl.FollowerState (FollowerState.java:run(117)) - a36a670b-6f05-41e5-b505-2b1a8d9f1f79@group-129E33F6DE87-FollowerState was interrupted: java.lang.InterruptedException: sleep interrupted
2019-10-21 22:01:26,300 [grpc-default-executor-7] INFO  impl.RoleInfo (RoleInfo.java:updateAndGet(143)) - a36a670b-6f05-41e5-b505-2b1a8d9f1f79: start FollowerState
2019-10-21 22:01:26,300 [Thread-636] INFO  impl.FollowerState (FollowerState.java:run(117)) - 756f57d6-6136-46f3-b5ea-af957dae1eda@group-129E33F6DE87-FollowerState was interrupted: java.lang.InterruptedException: sleep interrupted
2019-10-21 22:01:26,300 [grpc-default-executor-6] INFO  impl.RoleInfo (RoleInfo.java:updateAndGet(143)) - 756f57d6-6136-46f3-b5ea-af957dae1eda: start FollowerState
2019-10-21 22:01:26,316 [d2d0250e-a378-4f8a-a4ff-ce07d96628f4@group-129E33F6DE87-LeaderElection46] INFO  impl.LeaderElection (LeaderElection.java:logAndReturn(56)) - d2d0250e-a378-4f8a-a4ff-ce07d96628f4@group-129E33F6DE87-LeaderElection46: Election REJECTED; received 2 response(s) [d2d0250e-a378-4f8a-a4ff-ce07d96628f4<-756f57d6-6136-46f3-b5ea-af957dae1eda#0:FAIL-t24, d2d0250e-a378-4f8a-a4ff-ce07d96628f4<-a36a670b-6f05-41e5-b505-2b1a8d9f1f79#0:FAIL-t24] and 0 exception(s); d2d0250e-a378-4f8a-a4ff-ce07d96628f4@group-129E33F6DE87:t24, leader=null, voted=d2d0250e-a378-4f8a-a4ff-ce07d96628f4, raftlog=d2d0250e-a378-4f8a-a4ff-ce07d96628f4@group-129E33F6DE87-SegmentedRaftLog:OPENED:c-1,f-1,i0, conf=-1: [756f57d6-6136-46f3-b5ea-af957dae1eda:192.168.34.8:33063, d2d0250e-a378-4f8a-a4ff-ce07d96628f4:192.168.34.8:43170, a36a670b-6f05-41e5-b505-2b1a8d9f1f79:192.168.34.8:32869], old=null
2019-10-21 22:01:26,317 [d2d0250e-a378-4f8a-a4ff-ce07d96628f4@group-129E33F6DE87-LeaderElection46] INFO  impl.RaftServerImpl (RaftServerImpl.java:setRole(184)) - d2d0250e-a378-4f8a-a4ff-ce07d96628f4@group-129E33F6DE87: changes role from CANDIDATE to FOLLOWER at term 24 for DISCOVERED_A_NEW_TERM
2019-10-21 22:01:26,317 [d2d0250e-a378-4f8a-a4ff-ce07d96628f4@group-129E33F6DE87-LeaderElection46] INFO  impl.RoleInfo (RoleInfo.java:shutdownLeaderElection(134)) - d2d0250e-a378-4f8a-a4ff-ce07d96628f4: shutdown LeaderElection
2019-10-21 22:01:26,317 [d2d0250e-a378-4f8a-a4ff-ce07d96628f4@group-129E33F6DE87-LeaderElection46] INFO  impl.RoleInfo (RoleInfo.java:updateAndGet(143)) - d2d0250e-a378-4f8a-a4ff-ce07d96628f4: start FollowerState
2019-10-21 22:01:26,370 [Thread-647] INFO  impl.FollowerState (FollowerState.java:run(108)) - d2d0250e-a378-4f8a-a4ff-ce07d96628f4@group-129E33F6DE87-FollowerState: change to CANDIDATE, lastRpcTime:53ms, electionTimeout:53ms
2019-10-21 22:01:26,371 [Thread-647] INFO  impl.RoleInfo (RoleInfo.java:shutdownFollowerState(121)) - d2d0250e-a378-4f8a-a4ff-ce07d96628f4: shutdown FollowerState
2019-10-21 22:01:26,371 [Thread-647] INFO  impl.RaftServerImpl (RaftServerImpl.java:setRole(184)) - d2d0250e-a378-4f8a-a4ff-ce07d96628f4@group-129E33F6DE87: changes role from  FOLLOWER to CANDIDATE at term 24 for changeToCandidate
2019-10-21 22:01:26,371 [Thread-647] INFO  impl.RoleInfo (RoleInfo.java:updateAndGet(143)) - d2d0250e-a378-4f8a-a4ff-ce07d96628f4: start LeaderElection
2019-10-21 22:01:26,385 [d2d0250e-a378-4f8a-a4ff-ce07d96628f4@group-129E33F6DE87-LeaderElection47] INFO  impl.LeaderElection (LeaderElection.java:askForVotes(178)) - d2d0250e-a378-4f8a-a4ff-ce07d96628f4@group-129E33F6DE87-LeaderElection47: begin an election at term 25 for -1: [756f57d6-6136-46f3-b5ea-af957dae1eda:192.168.34.8:33063, d2d0250e-a378-4f8a-a4ff-ce07d96628f4:192.168.34.8:43170, a36a670b-6f05-41e5-b505-2b1a8d9f1f79:192.168.34.8:32869], old=null
2019-10-21 22:01:26,388 [grpc-default-executor-6] INFO  impl.RaftServerImpl (RaftServerImpl.java:setRole(184)) - 756f57d6-6136-46f3-b5ea-af957dae1eda@group-129E33F6DE87: changes role from  FOLLOWER to FOLLOWER at term 25 for recognizeCandidate:d2d0250e-a378-4f8a-a4ff-ce07d96628f4
2019-10-21 22:01:26,389 [grpc-default-executor-7] INFO  impl.RaftServerImpl (RaftServerImpl.java:setRole(184)) - a36a670b-6f05-41e5-b505-2b1a8d9f1f79@group-129E33F6DE87: changes role from  FOLLOWER to FOLLOWER at term 25 for recognizeCandidate:d2d0250e-a378-4f8a-a4ff-ce07d96628f4
2019-10-21 22:01:26,389 [grpc-default-executor-6] INFO  impl.RoleInfo (RoleInfo.java:shutdownFollowerState(121)) - 756f57d6-6136-46f3-b5ea-af957dae1eda: shutdown FollowerState
2019-10-21 22:01:26,389 [grpc-default-executor-7] INFO  impl.RoleInfo (RoleInfo.java:shutdownFollowerState(121)) - a36a670b-6f05-41e5-b505-2b1a8d9f1f79: shutdown FollowerState
2019-10-21 22:01:26,389 [Thread-646] INFO  impl.FollowerState (FollowerState.java:run(117)) - 756f57d6-6136-46f3-b5ea-af957dae1eda@group-129E33F6DE87-FollowerState was interrupted: java.lang.InterruptedException: sleep interrupted
2019-10-21 22:01:26,389 [grpc-default-executor-6] INFO  impl.RoleInfo (RoleInfo.java:updateAndGet(143)) - 756f57d6-6136-46f3-b5ea-af957dae1eda: start FollowerState
2019-10-21 22:01:26,389 [Thread-645] INFO  impl.FollowerState (FollowerState.java:run(117)) - a36a670b-6f05-41e5-b505-2b1a8d9f1f79@group-129E33F6DE87-FollowerState was interrupted: java.lang.InterruptedException: sleep interrupted
2019-10-21 22:01:26,389 [grpc-default-executor-7] INFO  impl.RoleInfo (RoleInfo.java:updateAndGet(143)) - a36a670b-6f05-41e5-b505-2b1a8d9f1f79: start FollowerState
2019-10-21 22:01:26,393 [d2d0250e-a378-4f8a-a4ff-ce07d96628f4@group-129E33F6DE87-LeaderElection47] INFO  impl.LeaderElection (LeaderElection.java:logAndReturn(56)) - d2d0250e-a378-4f8a-a4ff-ce07d96628f4@group-129E33F6DE87-LeaderElection47: Election TIMEOUT; received 0 response(s) [] and 0 exception(s); d2d0250e-a378-4f8a-a4ff-ce07d96628f4@group-129E33F6DE87:t25, leader=null, voted=d2d0250e-a378-4f8a-a4ff-ce07d96628f4, raftlog=d2d0250e-a378-4f8a-a4ff-ce07d96628f4@group-129E33F6DE87-SegmentedRaftLog:OPENED:c-1,f-1,i0, conf=-1: [756f57d6-6136-46f3-b5ea-af957dae1eda:192.168.34.8:33063, d2d0250e-a378-4f8a-a4ff-ce07d96628f4:192.168.34.8:43170, a36a670b-6f05-41e5-b505-2b1a8d9f1f79:192.168.34.8:32869], old=null
2019-10-21 22:01:26,401 [d2d0250e-a378-4f8a-a4ff-ce07d96628f4@group-129E33F6DE87-LeaderElection47] INFO  impl.LeaderElection (LeaderElection.java:askForVotes(178)) - d2d0250e-a378-4f8a-a4ff-ce07d96628f4@group-129E33F6DE87-LeaderElection47: begin an election at term 26 for -1: [756f57d6-6136-46f3-b5ea-af957dae1eda:192.168.34.8:33063, d2d0250e-a378-4f8a-a4ff-ce07d96628f4:192.168.34.8:43170, a36a670b-6f05-41e5-b505-2b1a8d9f1f79:192.168.34.8:32869], old=null
2019-10-21 22:01:26,404 [grpc-default-executor-7] INFO  impl.RaftServerImpl (RaftServerImpl.java:setRole(184)) - a36a670b-6f05-41e5-b505-2b1a8d9f1f79@group-129E33F6DE87: changes role from  FOLLOWER to FOLLOWER at term 26 for recognizeCandidate:d2d0250e-a378-4f8a-a4ff-ce07d96628f4
2019-10-21 22:01:26,404 [grpc-default-executor-6] INFO  impl.RaftServerImpl (RaftServerImpl.java:setRole(184)) - 756f57d6-6136-46f3-b5ea-af957dae1eda@group-129E33F6DE87: changes role from  FOLLOWER to FOLLOWER at term 26 for recognizeCandidate:d2d0250e-a378-4f8a-a4ff-ce07d96628f4
2019-10-21 22:01:26,405 [grpc-default-executor-7] INFO  impl.RoleInfo (RoleInfo.java:shutdownFollowerState(121)) - a36a670b-6f05-41e5-b505-2b1a8d9f1f79: shutdown FollowerState
2019-10-21 22:01:26,405 [grpc-default-executor-6] INFO  impl.RoleInfo (RoleInfo.java:shutdownFollowerState(121)) - 756f57d6-6136-46f3-b5ea-af957dae1eda: shutdown FollowerState
2019-10-21 22:01:26,405 [Thread-653] INFO  impl.FollowerState (FollowerState.java:run(117)) - a36a670b-6f05-41e5-b505-2b1a8d9f1f79@group-129E33F6DE87-FollowerState was interrupted: java.lang.InterruptedException: sleep interrupted
2019-10-21 22:01:26,405 [grpc-default-executor-7] INFO  impl.RoleInfo (RoleInfo.java:updateAndGet(143)) - a36a670b-6f05-41e5-b505-2b1a8d9f1f79: start FollowerState
2019-10-21 22:01:26,405 [Thread-652] INFO  impl.FollowerState (FollowerState.java:run(117)) - 756f57d6-6136-46f3-b5ea-af957dae1eda@group-129E33F6DE87-FollowerState was interrupted: java.lang.InterruptedException: sleep interrupted
2019-10-21 22:01:26,405 [grpc-default-executor-6] INFO  impl.RoleInfo (RoleInfo.java:updateAndGet(143)) - 756f57d6-6136-46f3-b5ea-af957dae1eda: start FollowerState
2019-10-21 22:01:26,421 [d2d0250e-a378-4f8a-a4ff-ce07d96628f4@group-129E33F6DE87-LeaderElection47] INFO  impl.LeaderElection (LeaderElection.java:logAndReturn(56)) - d2d0250e-a378-4f8a-a4ff-ce07d96628f4@group-129E33F6DE87-LeaderElection47: Election REJECTED; received 2 response(s) [d2d0250e-a378-4f8a-a4ff-ce07d96628f4<-756f57d6-6136-46f3-b5ea-af957dae1eda#0:FAIL-t26, d2d0250e-a378-4f8a-a4ff-ce07d96628f4<-a36a670b-6f05-41e5-b505-2b1a8d9f1f79#0:FAIL-t26] and 0 exception(s); d2d0250e-a378-4f8a-a4ff-ce07d96628f4@group-129E33F6DE87:t26, leader=null, voted=d2d0250e-a378-4f8a-a4ff-ce07d96628f4, raftlog=d2d0250e-a378-4f8a-a4ff-ce07d96628f4@group-129E33F6DE87-SegmentedRaftLog:OPENED:c-1,f-1,i0, conf=-1: [756f57d6-6136-46f3-b5ea-af957dae1eda:192.168.34.8:33063, d2d0250e-a378-4f8a-a4ff-ce07d96628f4:192.168.34.8:43170, a36a670b-6f05-41e5-b505-2b1a8d9f1f79:192.168.34.8:32869], old=null
2019-10-21 22:01:26,421 [d2d0250e-a378-4f8a-a4ff-ce07d96628f4@group-129E33F6DE87-LeaderElection47] INFO  impl.RaftServerImpl (RaftServerImpl.java:setRole(184)) - d2d0250e-a378-4f8a-a4ff-ce07d96628f4@group-129E33F6DE87: changes role from CANDIDATE to FOLLOWER at term 26 for DISCOVERED_A_NEW_TERM
2019-10-21 22:01:26,421 [d2d0250e-a378-4f8a-a4ff-ce07d96628f4@group-129E33F6DE87-LeaderElection47] INFO  impl.RoleInfo (RoleInfo.java:shutdownLeaderElection(134)) - d2d0250e-a378-4f8a-a4ff-ce07d96628f4: shutdown LeaderElection
2019-10-21 22:01:26,422 [d2d0250e-a378-4f8a-a4ff-ce07d96628f4@group-129E33F6DE87-LeaderElection47] INFO  impl.RoleInfo (RoleInfo.java:updateAndGet(143)) - d2d0250e-a378-4f8a-a4ff-ce07d96628f4: start FollowerState
2019-10-21 22:01:26,568 [Thread-658] INFO  impl.FollowerState (FollowerState.java:run(108)) - d2d0250e-a378-4f8a-a4ff-ce07d96628f4@group-129E33F6DE87-FollowerState: change to CANDIDATE, lastRpcTime:146ms, electionTimeout:146ms
2019-10-21 22:01:26,568 [Thread-658] INFO  impl.RoleInfo (RoleInfo.java:shutdownFollowerState(121)) - d2d0250e-a378-4f8a-a4ff-ce07d96628f4: shutdown FollowerState
2019-10-21 22:01:26,569 [Thread-658] INFO  impl.RaftServerImpl (RaftServerImpl.java:setRole(184)) - d2d0250e-a378-4f8a-a4ff-ce07d96628f4@group-129E33F6DE87: changes role from  FOLLOWER to CANDIDATE at term 26 for changeToCandidate
2019-10-21 22:01:26,569 [Thread-658] INFO  impl.RoleInfo (RoleInfo.java:updateAndGet(143)) - d2d0250e-a378-4f8a-a4ff-ce07d96628f4: start LeaderElection
2019-10-21 22:01:26,583 [d2d0250e-a378-4f8a-a4ff-ce07d96628f4@group-129E33F6DE87-LeaderElection48] INFO  impl.LeaderElection (LeaderElection.java:askForVotes(178)) - d2d0250e-a378-4f8a-a4ff-ce07d96628f4@group-129E33F6DE87-LeaderElection48: begin an election at term 27 for -1: [756f57d6-6136-46f3-b5ea-af957dae1eda:192.168.34.8:33063, d2d0250e-a378-4f8a-a4ff-ce07d96628f4:192.168.34.8:43170, a36a670b-6f05-41e5-b505-2b1a8d9f1f79:192.168.34.8:32869], old=null
2019-10-21 22:01:26,590 [grpc-default-executor-6] INFO  impl.RaftServerImpl (RaftServerImpl.java:setRole(184)) - a36a670b-6f05-41e5-b505-2b1a8d9f1f79@group-129E33F6DE87: changes role from  FOLLOWER to FOLLOWER at term 27 for recognizeCandidate:d2d0250e-a378-4f8a-a4ff-ce07d96628f4
2019-10-21 22:01:26,590 [grpc-default-executor-7] INFO  impl.RaftServerImpl (RaftServerImpl.java:setRole(184)) - 756f57d6-6136-46f3-b5ea-af957dae1eda@group-129E33F6DE87: changes role from  FOLLOWER to FOLLOWER at term 27 for recognizeCandidate:d2d0250e-a378-4f8a-a4ff-ce07d96628f4
2019-10-21 22:01:26,590 [grpc-default-executor-6] INFO  impl.RoleInfo (RoleInfo.java:shutdownFollowerState(121)) - a36a670b-6f05-41e5-b505-2b1a8d9f1f79: shutdown FollowerState
2019-10-21 22:01:26,591 [grpc-default-executor-7] INFO  impl.RoleInfo (RoleInfo.java:shutdownFollowerState(121)) - 756f57d6-6136-46f3-b5ea-af957dae1eda: shutdown FollowerState
2019-10-21 22:01:26,591 [Thread-656] INFO  impl.FollowerState (FollowerState.java:run(117)) - a36a670b-6f05-41e5-b505-2b1a8d9f1f79@group-129E33F6DE87-FollowerState was interrupted: java.lang.InterruptedException: sleep interrupted
2019-10-21 22:01:26,591 [grpc-default-executor-6] INFO  impl.RoleInfo (RoleInfo.java:updateAndGet(143)) - a36a670b-6f05-41e5-b505-2b1a8d9f1f79: start FollowerState
2019-10-21 22:01:26,591 [grpc-default-executor-7] INFO  impl.RoleInfo (RoleInfo.java:updateAndGet(143)) - 756f57d6-6136-46f3-b5ea-af957dae1eda: start FollowerState
2019-10-21 22:01:26,591 [Thread-657] INFO  impl.FollowerState (FollowerState.java:run(117)) - 756f57d6-6136-46f3-b5ea-af957dae1eda@group-129E33F6DE87-FollowerState was interrupted: java.lang.InterruptedException: sleep interrupted
2019-10-21 22:01:26,608 [d2d0250e-a378-4f8a-a4ff-ce07d96628f4@group-129E33F6DE87-LeaderElection48] INFO  impl.LeaderElection (LeaderElection.java:logAndReturn(56)) - d2d0250e-a378-4f8a-a4ff-ce07d96628f4@group-129E33F6DE87-LeaderElection48: Election REJECTED; received 2 response(s) [d2d0250e-a378-4f8a-a4ff-ce07d96628f4<-756f57d6-6136-46f3-b5ea-af957dae1eda#0:FAIL-t27, d2d0250e-a378-4f8a-a4ff-ce07d96628f4<-a36a670b-6f05-41e5-b505-2b1a8d9f1f79#0:FAIL-t27] and 0 exception(s); d2d0250e-a378-4f8a-a4ff-ce07d96628f4@group-129E33F6DE87:t27, leader=null, voted=d2d0250e-a378-4f8a-a4ff-ce07d96628f4, raftlog=d2d0250e-a378-4f8a-a4ff-ce07d96628f4@group-129E33F6DE87-SegmentedRaftLog:OPENED:c-1,f-1,i0, conf=-1: [756f57d6-6136-46f3-b5ea-af957dae1eda:192.168.34.8:33063, d2d0250e-a378-4f8a-a4ff-ce07d96628f4:192.168.34.8:43170, a36a670b-6f05-41e5-b505-2b1a8d9f1f79:192.168.34.8:32869], old=null
2019-10-21 22:01:26,608 [d2d0250e-a378-4f8a-a4ff-ce07d96628f4@group-129E33F6DE87-LeaderElection48] INFO  impl.RaftServerImpl (RaftServerImpl.java:setRole(184)) - d2d0250e-a378-4f8a-a4ff-ce07d96628f4@group-129E33F6DE87: changes role from CANDIDATE to FOLLOWER at term 27 for DISCOVERED_A_NEW_TERM
2019-10-21 22:01:26,608 [d2d0250e-a378-4f8a-a4ff-ce07d96628f4@group-129E33F6DE87-LeaderElection48] INFO  impl.RoleInfo (RoleInfo.java:shutdownLeaderElection(134)) - d2d0250e-a378-4f8a-a4ff-ce07d96628f4: shutdown LeaderElection
2019-10-21 22:01:26,608 [d2d0250e-a378-4f8a-a4ff-ce07d96628f4@group-129E33F6DE87-LeaderElection48] INFO  impl.RoleInfo (RoleInfo.java:updateAndGet(143)) - d2d0250e-a378-4f8a-a4ff-ce07d96628f4: start FollowerState
2019-10-21 22:01:26,651 [Thread-665] INFO  impl.FollowerState (FollowerState.java:run(108)) - d2d0250e-a378-4f8a-a4ff-ce07d96628f4@group-129E33F6DE87-FollowerState: change to CANDIDATE, lastRpcTime:42ms, electionTimeout:42ms
2019-10-21 22:01:26,651 [Thread-665] INFO  impl.RoleInfo (RoleInfo.java:shutdownFollowerState(121)) - d2d0250e-a378-4f8a-a4ff-ce07d96628f4: shutdown FollowerState
2019-10-21 22:01:26,651 [Thread-665] INFO  impl.RaftServerImpl (RaftServerImpl.java:setRole(184)) - d2d0250e-a378-4f8a-a4ff-ce07d96628f4@group-129E33F6DE87: changes role from  FOLLOWER to CANDIDATE at term 27 for changeToCandidate
2019-10-21 22:01:26,651 [Thread-665] INFO  impl.RoleInfo (RoleInfo.java:updateAndGet(143)) - d2d0250e-a378-4f8a-a4ff-ce07d96628f4: start LeaderElection
2019-10-21 22:01:26,665 [d2d0250e-a378-4f8a-a4ff-ce07d96628f4@group-129E33F6DE87-LeaderElection49] INFO  impl.LeaderElection (LeaderElection.java:askForVotes(178)) - d2d0250e-a378-4f8a-a4ff-ce07d96628f4@group-129E33F6DE87-LeaderElection49: begin an election at term 28 for -1: [756f57d6-6136-46f3-b5ea-af957dae1eda:192.168.34.8:33063, d2d0250e-a378-4f8a-a4ff-ce07d96628f4:192.168.34.8:43170, a36a670b-6f05-41e5-b505-2b1a8d9f1f79:192.168.34.8:32869], old=null
2019-10-21 22:01:26,668 [grpc-default-executor-6] INFO  impl.RaftServerImpl (RaftServerImpl.java:setRole(184)) - 756f57d6-6136-46f3-b5ea-af957dae1eda@group-129E33F6DE87: changes role from  FOLLOWER to FOLLOWER at term 28 for recognizeCandidate:d2d0250e-a378-4f8a-a4ff-ce07d96628f4
2019-10-21 22:01:26,668 [grpc-default-executor-6] INFO  impl.RoleInfo (RoleInfo.java:shutdownFollowerState(121)) - 756f57d6-6136-46f3-b5ea-af957dae1eda: shutdown FollowerState
2019-10-21 22:01:26,668 [grpc-default-executor-7] INFO  impl.RaftServerImpl (RaftServerImpl.java:setRole(184)) - a36a670b-6f05-41e5-b505-2b1a8d9f1f79@group-129E33F6DE87: changes role from  FOLLOWER to FOLLOWER at term 28 for recognizeCandidate:d2d0250e-a378-4f8a-a4ff-ce07d96628f4
2019-10-21 22:01:26,669 [grpc-default-executor-6] INFO  impl.RoleInfo (RoleInfo.java:updateAndGet(143)) - 756f57d6-6136-46f3-b5ea-af957dae1eda: start FollowerState
2019-10-21 22:01:26,669 [grpc-default-executor-7] INFO  impl.RoleInfo (RoleInfo.java:shutdownFollowerState(121)) - a36a670b-6f05-41e5-b505-2b1a8d9f1f79: shutdown FollowerState
2019-10-21 22:01:26,669 [Thread-664] INFO  impl.FollowerState (FollowerState.java:run(117)) - 756f57d6-6136-46f3-b5ea-af957dae1eda@group-129E33F6DE87-FollowerState was interrupted: java.lang.InterruptedException: sleep interrupted
2019-10-21 22:01:26,669 [Thread-663] INFO  impl.FollowerState (FollowerState.java:run(117)) - a36a670b-6f05-41e5-b505-2b1a8d9f1f79@group-129E33F6DE87-FollowerState was interrupted: java.lang.InterruptedException: sleep interrupted
2019-10-21 22:01:26,669 [grpc-default-executor-7] INFO  impl.RoleInfo (RoleInfo.java:updateAndGet(143)) - a36a670b-6f05-41e5-b505-2b1a8d9f1f79: start FollowerState
2019-10-21 22:01:26,682 [d2d0250e-a378-4f8a-a4ff-ce07d96628f4@group-129E33F6DE87-LeaderElection49] INFO  impl.LeaderElection (LeaderElection.java:logAndReturn(56)) - d2d0250e-a378-4f8a-a4ff-ce07d96628f4@group-129E33F6DE87-LeaderElection49: Election REJECTED; received 2 response(s) [d2d0250e-a378-4f8a-a4ff-ce07d96628f4<-756f57d6-6136-46f3-b5ea-af957dae1eda#0:FAIL-t28, d2d0250e-a378-4f8a-a4ff-ce07d96628f4<-a36a670b-6f05-41e5-b505-2b1a8d9f1f79#0:FAIL-t28] and 0 exception(s); d2d0250e-a378-4f8a-a4ff-ce07d96628f4@group-129E33F6DE87:t28, leader=null, voted=d2d0250e-a378-4f8a-a4ff-ce07d96628f4, raftlog=d2d0250e-a378-4f8a-a4ff-ce07d96628f4@group-129E33F6DE87-SegmentedRaftLog:OPENED:c-1,f-1,i0, conf=-1: [756f57d6-6136-46f3-b5ea-af957dae1eda:192.168.34.8:33063, d2d0250e-a378-4f8a-a4ff-ce07d96628f4:192.168.34.8:43170, a36a670b-6f05-41e5-b505-2b1a8d9f1f79:192.168.34.8:32869], old=null
2019-10-21 22:01:26,682 [d2d0250e-a378-4f8a-a4ff-ce07d96628f4@group-129E33F6DE87-LeaderElection49] INFO  impl.RaftServerImpl (RaftServerImpl.java:setRole(184)) - d2d0250e-a378-4f8a-a4ff-ce07d96628f4@group-129E33F6DE87: changes role from CANDIDATE to FOLLOWER at term 28 for DISCOVERED_A_NEW_TERM
2019-10-21 22:01:26,682 [d2d0250e-a378-4f8a-a4ff-ce07d96628f4@group-129E33F6DE87-LeaderElection49] INFO  impl.RoleInfo (RoleInfo.java:shutdownLeaderElection(134)) - d2d0250e-a378-4f8a-a4ff-ce07d96628f4: shutdown LeaderElection
2019-10-21 22:01:26,682 [d2d0250e-a378-4f8a-a4ff-ce07d96628f4@group-129E33F6DE87-LeaderElection49] INFO  impl.RoleInfo (RoleInfo.java:updateAndGet(143)) - d2d0250e-a378-4f8a-a4ff-ce07d96628f4: start FollowerState
2019-10-21 22:01:26,869 [Thread-671] INFO  impl.FollowerState (FollowerState.java:run(108)) - d2d0250e-a378-4f8a-a4ff-ce07d96628f4@group-129E33F6DE87-FollowerState: change to CANDIDATE, lastRpcTime:187ms, electionTimeout:186ms
2019-10-21 22:01:26,870 [Thread-671] INFO  impl.RoleInfo (RoleInfo.java:shutdownFollowerState(121)) - d2d0250e-a378-4f8a-a4ff-ce07d96628f4: shutdown FollowerState
2019-10-21 22:01:26,870 [Thread-671] INFO  impl.RaftServerImpl (RaftServerImpl.java:setRole(184)) - d2d0250e-a378-4f8a-a4ff-ce07d96628f4@group-129E33F6DE87: changes role from  FOLLOWER to CANDIDATE at term 28 for changeToCandidate
2019-10-21 22:01:26,870 [Thread-671] INFO  impl.RoleInfo (RoleInfo.java:updateAndGet(143)) - d2d0250e-a378-4f8a-a4ff-ce07d96628f4: start LeaderElection
2019-10-21 22:01:26,886 [d2d0250e-a378-4f8a-a4ff-ce07d96628f4@group-129E33F6DE87-LeaderElection50] INFO  impl.LeaderElection (LeaderElection.java:askForVotes(178)) - d2d0250e-a378-4f8a-a4ff-ce07d96628f4@group-129E33F6DE87-LeaderElection50: begin an election at term 29 for -1: [756f57d6-6136-46f3-b5ea-af957dae1eda:192.168.34.8:33063, d2d0250e-a378-4f8a-a4ff-ce07d96628f4:192.168.34.8:43170, a36a670b-6f05-41e5-b505-2b1a8d9f1f79:192.168.34.8:32869], old=null
2019-10-21 22:01:26,892 [grpc-default-executor-7] INFO  impl.RaftServerImpl (RaftServerImpl.java:setRole(184)) - 756f57d6-6136-46f3-b5ea-af957dae1eda@group-129E33F6DE87: changes role from  FOLLOWER to FOLLOWER at term 29 for recognizeCandidate:d2d0250e-a378-4f8a-a4ff-ce07d96628f4
2019-10-21 22:01:26,892 [grpc-default-executor-6] INFO  impl.RaftServerImpl (RaftServerImpl.java:setRole(184)) - a36a670b-6f05-41e5-b505-2b1a8d9f1f79@group-129E33F6DE87: changes role from  FOLLOWER to FOLLOWER at term 29 for recognizeCandidate:d2d0250e-a378-4f8a-a4ff-ce07d96628f4
2019-10-21 22:01:26,892 [grpc-default-executor-7] INFO  impl.RoleInfo (RoleInfo.java:shutdownFollowerState(121)) - 756f57d6-6136-46f3-b5ea-af957dae1eda: shutdown FollowerState
2019-10-21 22:01:26,892 [grpc-default-executor-6] INFO  impl.RoleInfo (RoleInfo.java:shutdownFollowerState(121)) - a36a670b-6f05-41e5-b505-2b1a8d9f1f79: shutdown FollowerState
2019-10-21 22:01:26,893 [Thread-669] INFO  impl.FollowerState (FollowerState.java:run(117)) - 756f57d6-6136-46f3-b5ea-af957dae1eda@group-129E33F6DE87-FollowerState was interrupted: java.lang.InterruptedException: sleep interrupted
2019-10-21 22:01:26,893 [grpc-default-executor-6] INFO  impl.RoleInfo (RoleInfo.java:updateAndGet(143)) - a36a670b-6f05-41e5-b505-2b1a8d9f1f79: start FollowerState
2019-10-21 22:01:26,893 [grpc-default-executor-7] INFO  impl.RoleInfo (RoleInfo.java:updateAndGet(143)) - 756f57d6-6136-46f3-b5ea-af957dae1eda: start FollowerState
2019-10-21 22:01:26,893 [Thread-670] INFO  impl.FollowerState (FollowerState.java:run(117)) - a36a670b-6f05-41e5-b505-2b1a8d9f1f79@group-129E33F6DE87-FollowerState was interrupted: java.lang.InterruptedException: sleep interrupted
2019-10-21 22:01:26,918 [d2d0250e-a378-4f8a-a4ff-ce07d96628f4@group-129E33F6DE87-LeaderElection50] INFO  impl.LeaderElection (LeaderElection.java:logAndReturn(56)) - d2d0250e-a378-4f8a-a4ff-ce07d96628f4@group-129E33F6DE87-LeaderElection50: Election REJECTED; received 2 response(s) [d2d0250e-a378-4f8a-a4ff-ce07d96628f4<-756f57d6-6136-46f3-b5ea-af957dae1eda#0:FAIL-t29, d2d0250e-a378-4f8a-a4ff-ce07d96628f4<-a36a670b-6f05-41e5-b505-2b1a8d9f1f79#0:FAIL-t29] and 0 exception(s); d2d0250e-a378-4f8a-a4ff-ce07d96628f4@group-129E33F6DE87:t29, leader=null, voted=d2d0250e-a378-4f8a-a4ff-ce07d96628f4, raftlog=d2d0250e-a378-4f8a-a4ff-ce07d96628f4@group-129E33F6DE87-SegmentedRaftLog:OPENED:c-1,f-1,i0, conf=-1: [756f57d6-6136-46f3-b5ea-af957dae1eda:192.168.34.8:33063, d2d0250e-a378-4f8a-a4ff-ce07d96628f4:192.168.34.8:43170, a36a670b-6f05-41e5-b505-2b1a8d9f1f79:192.168.34.8:32869], old=null
2019-10-21 22:01:26,918 [d2d0250e-a378-4f8a-a4ff-ce07d96628f4@group-129E33F6DE87-LeaderElection50] INFO  impl.RaftServerImpl (RaftServerImpl.java:setRole(184)) - d2d0250e-a378-4f8a-a4ff-ce07d96628f4@group-129E33F6DE87: changes role from CANDIDATE to FOLLOWER at term 29 for DISCOVERED_A_NEW_TERM
2019-10-21 22:01:26,918 [d2d0250e-a378-4f8a-a4ff-ce07d96628f4@group-129E33F6DE87-LeaderElection50] INFO  impl.RoleInfo (RoleInfo.java:shutdownLeaderElection(134)) - d2d0250e-a378-4f8a-a4ff-ce07d96628f4: shutdown LeaderElection
2019-10-21 22:01:26,918 [d2d0250e-a378-4f8a-a4ff-ce07d96628f4@group-129E33F6DE87-LeaderElection50] INFO  impl.RoleInfo (RoleInfo.java:updateAndGet(143)) - d2d0250e-a378-4f8a-a4ff-ce07d96628f4: start FollowerState
2019-10-21 22:01:26,959 [Thread-680] INFO  impl.FollowerState (FollowerState.java:run(108)) - d2d0250e-a378-4f8a-a4ff-ce07d96628f4@group-129E33F6DE87-FollowerState: change to CANDIDATE, lastRpcTime:40ms, electionTimeout:40ms
2019-10-21 22:01:26,959 [Thread-680] INFO  impl.RoleInfo (RoleInfo.java:shutdownFollowerState(121)) - d2d0250e-a378-4f8a-a4ff-ce07d96628f4: shutdown FollowerState
2019-10-21 22:01:26,959 [Thread-680] INFO  impl.RaftServerImpl (RaftServerImpl.java:setRole(184)) - d2d0250e-a378-4f8a-a4ff-ce07d96628f4@group-129E33F6DE87: changes role from  FOLLOWER to CANDIDATE at term 29 for changeToCandidate
2019-10-21 22:01:26,959 [Thread-680] INFO  impl.RoleInfo (RoleInfo.java:updateAndGet(143)) - d2d0250e-a378-4f8a-a4ff-ce07d96628f4: start LeaderElection
2019-10-21 22:01:26,974 [d2d0250e-a378-4f8a-a4ff-ce07d96628f4@group-129E33F6DE87-LeaderElection51] INFO  impl.LeaderElection (LeaderElection.java:askForVotes(178)) - d2d0250e-a378-4f8a-a4ff-ce07d96628f4@group-129E33F6DE87-LeaderElection51: begin an election at term 30 for -1: [756f57d6-6136-46f3-b5ea-af957dae1eda:192.168.34.8:33063, d2d0250e-a378-4f8a-a4ff-ce07d96628f4:192.168.34.8:43170, a36a670b-6f05-41e5-b505-2b1a8d9f1f79:192.168.34.8:32869], old=null
2019-10-21 22:01:26,976 [grpc-default-executor-7] INFO  impl.RaftServerImpl (RaftServerImpl.java:setRole(184)) - 756f57d6-6136-46f3-b5ea-af957dae1eda@group-129E33F6DE87: changes role from  FOLLOWER to FOLLOWER at term 30 for recognizeCandidate:d2d0250e-a378-4f8a-a4ff-ce07d96628f4
2019-10-21 22:01:26,976 [grpc-default-executor-6] INFO  impl.RaftServerImpl (RaftServerImpl.java:setRole(184)) - a36a670b-6f05-41e5-b505-2b1a8d9f1f79@group-129E33F6DE87: changes role from  FOLLOWER to FOLLOWER at term 30 for recognizeCandidate:d2d0250e-a378-4f8a-a4ff-ce07d96628f4
2019-10-21 22:01:26,977 [grpc-default-executor-7] INFO  impl.RoleInfo (RoleInfo.java:shutdownFollowerState(121)) - 756f57d6-6136-46f3-b5ea-af957dae1eda: shutdown FollowerState
2019-10-21 22:01:26,977 [grpc-default-executor-6] INFO  impl.RoleInfo (RoleInfo.java:shutdownFollowerState(121)) - a36a670b-6f05-41e5-b505-2b1a8d9f1f79: shutdown FollowerState
2019-10-21 22:01:26,977 [Thread-678] INFO  impl.FollowerState (FollowerState.java:run(117)) - 756f57d6-6136-46f3-b5ea-af957dae1eda@group-129E33F6DE87-FollowerState was interrupted: java.lang.InterruptedException: sleep interrupted
2019-10-21 22:01:26,977 [Thread-679] INFO  impl.FollowerState (FollowerState.java:run(117)) - a36a670b-6f05-41e5-b505-2b1a8d9f1f79@group-129E33F6DE87-FollowerState was interrupted: java.lang.InterruptedException: sleep interrupted
2019-10-21 22:01:26,977 [grpc-default-executor-7] INFO  impl.RoleInfo (RoleInfo.java:updateAndGet(143)) - 756f57d6-6136-46f3-b5ea-af957dae1eda: start FollowerState
2019-10-21 22:01:26,977 [grpc-default-executor-6] INFO  impl.RoleInfo (RoleInfo.java:updateAndGet(143)) - a36a670b-6f05-41e5-b505-2b1a8d9f1f79: start FollowerState
2019-10-21 22:01:26,994 [d2d0250e-a378-4f8a-a4ff-ce07d96628f4@group-129E33F6DE87-LeaderElection51] INFO  impl.LeaderElection (LeaderElection.java:logAndReturn(56)) - d2d0250e-a378-4f8a-a4ff-ce07d96628f4@group-129E33F6DE87-LeaderElection51: Election REJECTED; received 2 response(s) [d2d0250e-a378-4f8a-a4ff-ce07d96628f4<-756f57d6-6136-46f3-b5ea-af957dae1eda#0:FAIL-t30, d2d0250e-a378-4f8a-a4ff-ce07d96628f4<-a36a670b-6f05-41e5-b505-2b1a8d9f1f79#0:FAIL-t30] and 0 exception(s); d2d0250e-a378-4f8a-a4ff-ce07d96628f4@group-129E33F6DE87:t30, leader=null, voted=d2d0250e-a378-4f8a-a4ff-ce07d96628f4, raftlog=d2d0250e-a378-4f8a-a4ff-ce07d96628f4@group-129E33F6DE87-SegmentedRaftLog:OPENED:c-1,f-1,i0, conf=-1: [756f57d6-6136-46f3-b5ea-af957dae1eda:192.168.34.8:33063, d2d0250e-a378-4f8a-a4ff-ce07d96628f4:192.168.34.8:43170, a36a670b-6f05-41e5-b505-2b1a8d9f1f79:192.168.34.8:32869], old=null
2019-10-21 22:01:26,994 [d2d0250e-a378-4f8a-a4ff-ce07d96628f4@group-129E33F6DE87-LeaderElection51] INFO  impl.RaftServerImpl (RaftServerImpl.java:setRole(184)) - d2d0250e-a378-4f8a-a4ff-ce07d96628f4@group-129E33F6DE87: changes role from CANDIDATE to FOLLOWER at term 30 for DISCOVERED_A_NEW_TERM
2019-10-21 22:01:26,994 [d2d0250e-a378-4f8a-a4ff-ce07d96628f4@group-129E33F6DE87-LeaderElection51] INFO  impl.RoleInfo (RoleInfo.java:shutdownLeaderElection(134)) - d2d0250e-a378-4f8a-a4ff-ce07d96628f4: shutdown LeaderElection
2019-10-21 22:01:26,994 [d2d0250e-a378-4f8a-a4ff-ce07d96628f4@group-129E33F6DE87-LeaderElection51] INFO  impl.RoleInfo (RoleInfo.java:updateAndGet(143)) - d2d0250e-a378-4f8a-a4ff-ce07d96628f4: start FollowerState
2019-10-21 22:01:27,088 [Thread-687] INFO  impl.FollowerState (FollowerState.java:run(108)) - d2d0250e-a378-4f8a-a4ff-ce07d96628f4@group-129E33F6DE87-FollowerState: change to CANDIDATE, lastRpcTime:93ms, electionTimeout:93ms
2019-10-21 22:01:27,088 [Thread-687] INFO  impl.RoleInfo (RoleInfo.java:shutdownFollowerState(121)) - d2d0250e-a378-4f8a-a4ff-ce07d96628f4: shutdown FollowerState
2019-10-21 22:01:27,089 [Thread-687] INFO  impl.RaftServerImpl (RaftServerImpl.java:setRole(184)) - d2d0250e-a378-4f8a-a4ff-ce07d96628f4@group-129E33F6DE87: changes role from  FOLLOWER to CANDIDATE at term 30 for changeToCandidate
2019-10-21 22:01:27,089 [Thread-687] INFO  impl.RoleInfo (RoleInfo.java:updateAndGet(143)) - d2d0250e-a378-4f8a-a4ff-ce07d96628f4: start LeaderElection
2019-10-21 22:01:27,104 [d2d0250e-a378-4f8a-a4ff-ce07d96628f4@group-129E33F6DE87-LeaderElection52] INFO  impl.LeaderElection (LeaderElection.java:askForVotes(178)) - d2d0250e-a378-4f8a-a4ff-ce07d96628f4@group-129E33F6DE87-LeaderElection52: begin an election at term 31 for -1: [756f57d6-6136-46f3-b5ea-af957dae1eda:192.168.34.8:33063, d2d0250e-a378-4f8a-a4ff-ce07d96628f4:192.168.34.8:43170, a36a670b-6f05-41e5-b505-2b1a8d9f1f79:192.168.34.8:32869], old=null
2019-10-21 22:01:27,116 [grpc-default-executor-7] INFO  impl.RaftServerImpl (RaftServerImpl.java:setRole(184)) - 756f57d6-6136-46f3-b5ea-af957dae1eda@group-129E33F6DE87: changes role from  FOLLOWER to FOLLOWER at term 31 for recognizeCandidate:d2d0250e-a378-4f8a-a4ff-ce07d96628f4
2019-10-21 22:01:27,116 [grpc-default-executor-6] INFO  impl.RaftServerImpl (RaftServerImpl.java:setRole(184)) - a36a670b-6f05-41e5-b505-2b1a8d9f1f79@group-129E33F6DE87: changes role from  FOLLOWER to FOLLOWER at term 31 for recognizeCandidate:d2d0250e-a378-4f8a-a4ff-ce07d96628f4
2019-10-21 22:01:27,116 [grpc-default-executor-6] INFO  impl.RoleInfo (RoleInfo.java:shutdownFollowerState(121)) - a36a670b-6f05-41e5-b505-2b1a8d9f1f79: shutdown FollowerState
2019-10-21 22:01:27,116 [grpc-default-executor-7] INFO  impl.RoleInfo (RoleInfo.java:shutdownFollowerState(121)) - 756f57d6-6136-46f3-b5ea-af957dae1eda: shutdown FollowerState
2019-10-21 22:01:27,117 [grpc-default-executor-6] INFO  impl.RoleInfo (RoleInfo.java:updateAndGet(143)) - a36a670b-6f05-41e5-b505-2b1a8d9f1f79: start FollowerState
2019-10-21 22:01:27,117 [Thread-685] INFO  impl.FollowerState (FollowerState.java:run(117)) - 756f57d6-6136-46f3-b5ea-af957dae1eda@group-129E33F6DE87-FollowerState was interrupted: java.lang.InterruptedException: sleep interrupted
2019-10-21 22:01:27,117 [Thread-686] INFO  impl.FollowerState (FollowerState.java:run(117)) - a36a670b-6f05-41e5-b505-2b1a8d9f1f79@group-129E33F6DE87-FollowerState was interrupted: java.lang.InterruptedException: sleep interrupted
2019-10-21 22:01:27,117 [grpc-default-executor-7] INFO  impl.RoleInfo (RoleInfo.java:updateAndGet(143)) - 756f57d6-6136-46f3-b5ea-af957dae1eda: start FollowerState
2019-10-21 22:01:27,132 [d2d0250e-a378-4f8a-a4ff-ce07d96628f4@group-129E33F6DE87-LeaderElection52] INFO  impl.LeaderElection (LeaderElection.java:logAndReturn(56)) - d2d0250e-a378-4f8a-a4ff-ce07d96628f4@group-129E33F6DE87-LeaderElection52: Election TIMEOUT; received 0 response(s) [] and 0 exception(s); d2d0250e-a378-4f8a-a4ff-ce07d96628f4@group-129E33F6DE87:t31, leader=null, voted=d2d0250e-a378-4f8a-a4ff-ce07d96628f4, raftlog=d2d0250e-a378-4f8a-a4ff-ce07d96628f4@group-129E33F6DE87-SegmentedRaftLog:OPENED:c-1,f-1,i0, conf=-1: [756f57d6-6136-46f3-b5ea-af957dae1eda:192.168.34.8:33063, d2d0250e-a378-4f8a-a4ff-ce07d96628f4:192.168.34.8:43170, a36a670b-6f05-41e5-b505-2b1a8d9f1f79:192.168.34.8:32869], old=null
2019-10-21 22:01:27,146 [d2d0250e-a378-4f8a-a4ff-ce07d96628f4@group-129E33F6DE87-LeaderElection52] INFO  impl.LeaderElection (LeaderElection.java:askForVotes(178)) - d2d0250e-a378-4f8a-a4ff-ce07d96628f4@group-129E33F6DE87-LeaderElection52: begin an election at term 32 for -1: [756f57d6-6136-46f3-b5ea-af957dae1eda:192.168.34.8:33063, d2d0250e-a378-4f8a-a4ff-ce07d96628f4:192.168.34.8:43170, a36a670b-6f05-41e5-b505-2b1a8d9f1f79:192.168.34.8:32869], old=null
2019-10-21 22:01:27,148 [grpc-default-executor-7] INFO  impl.RaftServerImpl (RaftServerImpl.java:setRole(184)) - a36a670b-6f05-41e5-b505-2b1a8d9f1f79@group-129E33F6DE87: changes role from  FOLLOWER to FOLLOWER at term 32 for recognizeCandidate:d2d0250e-a378-4f8a-a4ff-ce07d96628f4
2019-10-21 22:01:27,148 [grpc-default-executor-6] INFO  impl.RaftServerImpl (RaftServerImpl.java:setRole(184)) - 756f57d6-6136-46f3-b5ea-af957dae1eda@group-129E33F6DE87: changes role from  FOLLOWER to FOLLOWER at term 32 for recognizeCandidate:d2d0250e-a378-4f8a-a4ff-ce07d96628f4
2019-10-21 22:01:27,149 [grpc-default-executor-7] INFO  impl.RoleInfo (RoleInfo.java:shutdownFollowerState(121)) - a36a670b-6f05-41e5-b505-2b1a8d9f1f79: shutdown FollowerState
2019-10-21 22:01:27,149 [grpc-default-executor-6] INFO  impl.RoleInfo (RoleInfo.java:shutdownFollowerState(121)) - 756f57d6-6136-46f3-b5ea-af957dae1eda: shutdown FollowerState
2019-10-21 22:01:27,149 [grpc-default-executor-7] INFO  impl.RoleInfo (RoleInfo.java:updateAndGet(143)) - a36a670b-6f05-41e5-b505-2b1a8d9f1f79: start FollowerState
2019-10-21 22:01:27,149 [grpc-default-executor-6] INFO  impl.RoleInfo (RoleInfo.java:updateAndGet(143)) - 756f57d6-6136-46f3-b5ea-af957dae1eda: start FollowerState
2019-10-21 22:01:27,149 [Thread-691] INFO  impl.FollowerState (FollowerState.java:run(117)) - a36a670b-6f05-41e5-b505-2b1a8d9f1f79@group-129E33F6DE87-FollowerState was interrupted: java.lang.InterruptedException: sleep interrupted
2019-10-21 22:01:27,149 [Thread-692] INFO  impl.FollowerState (FollowerState.java:run(117)) - 756f57d6-6136-46f3-b5ea-af957dae1eda@group-129E33F6DE87-FollowerState was interrupted: java.lang.InterruptedException: sleep interrupted
2019-10-21 22:01:27,164 [d2d0250e-a378-4f8a-a4ff-ce07d96628f4@group-129E33F6DE87-LeaderElection52] INFO  impl.LeaderElection (LeaderElection.java:logAndReturn(56)) - d2d0250e-a378-4f8a-a4ff-ce07d96628f4@group-129E33F6DE87-LeaderElection52: Election REJECTED; received 2 response(s) [d2d0250e-a378-4f8a-a4ff-ce07d96628f4<-756f57d6-6136-46f3-b5ea-af957dae1eda#0:FAIL-t32, d2d0250e-a378-4f8a-a4ff-ce07d96628f4<-a36a670b-6f05-41e5-b505-2b1a8d9f1f79#0:FAIL-t32] and 0 exception(s); d2d0250e-a378-4f8a-a4ff-ce07d96628f4@group-129E33F6DE87:t32, leader=null, voted=d2d0250e-a378-4f8a-a4ff-ce07d96628f4, raftlog=d2d0250e-a378-4f8a-a4ff-ce07d96628f4@group-129E33F6DE87-SegmentedRaftLog:OPENED:c-1,f-1,i0, conf=-1: [756f57d6-6136-46f3-b5ea-af957dae1eda:192.168.34.8:33063, d2d0250e-a378-4f8a-a4ff-ce07d96628f4:192.168.34.8:43170, a36a670b-6f05-41e5-b505-2b1a8d9f1f79:192.168.34.8:32869], old=null
2019-10-21 22:01:27,164 [d2d0250e-a378-4f8a-a4ff-ce07d96628f4@group-129E33F6DE87-LeaderElection52] INFO  impl.RaftServerImpl (RaftServerImpl.java:setRole(184)) - d2d0250e-a378-4f8a-a4ff-ce07d96628f4@group-129E33F6DE87: changes role from CANDIDATE to FOLLOWER at term 32 for DISCOVERED_A_NEW_TERM
2019-10-21 22:01:27,164 [d2d0250e-a378-4f8a-a4ff-ce07d96628f4@group-129E33F6DE87-LeaderElection52] INFO  impl.RoleInfo (RoleInfo.java:shutdownLeaderElection(134)) - d2d0250e-a378-4f8a-a4ff-ce07d96628f4: shutdown LeaderElection
2019-10-21 22:01:27,164 [d2d0250e-a378-4f8a-a4ff-ce07d96628f4@group-129E33F6DE87-LeaderElection52] INFO  impl.RoleInfo (RoleInfo.java:updateAndGet(143)) - d2d0250e-a378-4f8a-a4ff-ce07d96628f4: start FollowerState
2019-10-21 22:01:27,347 [Thread-697] INFO  impl.FollowerState (FollowerState.java:run(108)) - d2d0250e-a378-4f8a-a4ff-ce07d96628f4@group-129E33F6DE87-FollowerState: change to CANDIDATE, lastRpcTime:182ms, electionTimeout:182ms
2019-10-21 22:01:27,347 [Thread-697] INFO  impl.RoleInfo (RoleInfo.java:shutdownFollowerState(121)) - d2d0250e-a378-4f8a-a4ff-ce07d96628f4: shutdown FollowerState
2019-10-21 22:01:27,347 [Thread-697] INFO  impl.RaftServerImpl (RaftServerImpl.java:setRole(184)) - d2d0250e-a378-4f8a-a4ff-ce07d96628f4@group-129E33F6DE87: changes role from  FOLLOWER to CANDIDATE at term 32 for changeToCandidate
2019-10-21 22:01:27,348 [Thread-697] INFO  impl.RoleInfo (RoleInfo.java:updateAndGet(143)) - d2d0250e-a378-4f8a-a4ff-ce07d96628f4: start LeaderElection
2019-10-21 22:01:27,362 [d2d0250e-a378-4f8a-a4ff-ce07d96628f4@group-129E33F6DE87-LeaderElection53] INFO  impl.LeaderElection (LeaderElection.java:askForVotes(178)) - d2d0250e-a378-4f8a-a4ff-ce07d96628f4@group-129E33F6DE87-LeaderElection53: begin an election at term 33 for -1: [756f57d6-6136-46f3-b5ea-af957dae1eda:192.168.34.8:33063, d2d0250e-a378-4f8a-a4ff-ce07d96628f4:192.168.34.8:43170, a36a670b-6f05-41e5-b505-2b1a8d9f1f79:192.168.34.8:32869], old=null
2019-10-21 22:01:27,368 [grpc-default-executor-7] INFO  impl.RaftServerImpl (RaftServerImpl.java:setRole(184)) - 756f57d6-6136-46f3-b5ea-af957dae1eda@group-129E33F6DE87: changes role from  FOLLOWER to FOLLOWER at term 33 for recognizeCandidate:d2d0250e-a378-4f8a-a4ff-ce07d96628f4
2019-10-21 22:01:27,368 [grpc-default-executor-6] INFO  impl.RaftServerImpl (RaftServerImpl.java:setRole(184)) - a36a670b-6f05-41e5-b505-2b1a8d9f1f79@group-129E33F6DE87: changes role from  FOLLOWER to FOLLOWER at term 33 for recognizeCandidate:d2d0250e-a378-4f8a-a4ff-ce07d96628f4
2019-10-21 22:01:27,368 [grpc-default-executor-7] INFO  impl.RoleInfo (RoleInfo.java:shutdownFollowerState(121)) - 756f57d6-6136-46f3-b5ea-af957dae1eda: shutdown FollowerState
2019-10-21 22:01:27,368 [grpc-default-executor-6] INFO  impl.RoleInfo (RoleInfo.java:shutdownFollowerState(121)) - a36a670b-6f05-41e5-b505-2b1a8d9f1f79: shutdown FollowerState
2019-10-21 22:01:27,368 [Thread-696] INFO  impl.FollowerState (FollowerState.java:run(117)) - 756f57d6-6136-46f3-b5ea-af957dae1eda@group-129E33F6DE87-FollowerState was interrupted: java.lang.InterruptedException: sleep interrupted
2019-10-21 22:01:27,368 [Thread-695] INFO  impl.FollowerState (FollowerState.java:run(117)) - a36a670b-6f05-41e5-b505-2b1a8d9f1f79@group-129E33F6DE87-FollowerState was interrupted: java.lang.InterruptedException: sleep interrupted
2019-10-21 22:01:27,368 [grpc-default-executor-7] INFO  impl.RoleInfo (RoleInfo.java:updateAndGet(143)) - 756f57d6-6136-46f3-b5ea-af957dae1eda: start FollowerState
2019-10-21 22:01:27,368 [grpc-default-executor-6] INFO  impl.RoleInfo (RoleInfo.java:updateAndGet(143)) - a36a670b-6f05-41e5-b505-2b1a8d9f1f79: start FollowerState
2019-10-21 22:01:27,384 [d2d0250e-a378-4f8a-a4ff-ce07d96628f4@group-129E33F6DE87-LeaderElection53] INFO  impl.LeaderElection (LeaderElection.java:logAndReturn(56)) - d2d0250e-a378-4f8a-a4ff-ce07d96628f4@group-129E33F6DE87-LeaderElection53: Election REJECTED; received 2 response(s) [d2d0250e-a378-4f8a-a4ff-ce07d96628f4<-756f57d6-6136-46f3-b5ea-af957dae1eda#0:FAIL-t33, d2d0250e-a378-4f8a-a4ff-ce07d96628f4<-a36a670b-6f05-41e5-b505-2b1a8d9f1f79#0:FAIL-t33] and 0 exception(s); d2d0250e-a378-4f8a-a4ff-ce07d96628f4@group-129E33F6DE87:t33, leader=null, voted=d2d0250e-a378-4f8a-a4ff-ce07d96628f4, raftlog=d2d0250e-a378-4f8a-a4ff-ce07d96628f4@group-129E33F6DE87-SegmentedRaftLog:OPENED:c-1,f-1,i0, conf=-1: [756f57d6-6136-46f3-b5ea-af957dae1eda:192.168.34.8:33063, d2d0250e-a378-4f8a-a4ff-ce07d96628f4:192.168.34.8:43170, a36a670b-6f05-41e5-b505-2b1a8d9f1f79:192.168.34.8:32869], old=null
2019-10-21 22:01:27,384 [d2d0250e-a378-4f8a-a4ff-ce07d96628f4@group-129E33F6DE87-LeaderElection53] INFO  impl.RaftServerImpl (RaftServerImpl.java:setRole(184)) - d2d0250e-a378-4f8a-a4ff-ce07d96628f4@group-129E33F6DE87: changes role from CANDIDATE to FOLLOWER at term 33 for DISCOVERED_A_NEW_TERM
2019-10-21 22:01:27,384 [d2d0250e-a378-4f8a-a4ff-ce07d96628f4@group-129E33F6DE87-LeaderElection53] INFO  impl.RoleInfo (RoleInfo.java:shutdownLeaderElection(134)) - d2d0250e-a378-4f8a-a4ff-ce07d96628f4: shutdown LeaderElection
2019-10-21 22:01:27,384 [d2d0250e-a378-4f8a-a4ff-ce07d96628f4@group-129E33F6DE87-LeaderElection53] INFO  impl.RoleInfo (RoleInfo.java:updateAndGet(143)) - d2d0250e-a378-4f8a-a4ff-ce07d96628f4: start FollowerState
2019-10-21 22:01:27,497 [Thread-707] INFO  impl.FollowerState (FollowerState.java:run(108)) - d2d0250e-a378-4f8a-a4ff-ce07d96628f4@group-129E33F6DE87-FollowerState: change to CANDIDATE, lastRpcTime:112ms, electionTimeout:112ms
2019-10-21 22:01:27,497 [Thread-707] INFO  impl.RoleInfo (RoleInfo.java:shutdownFollowerState(121)) - d2d0250e-a378-4f8a-a4ff-ce07d96628f4: shutdown FollowerState
2019-10-21 22:01:27,498 [Thread-707] INFO  impl.RaftServerImpl (RaftServerImpl.java:setRole(184)) - d2d0250e-a378-4f8a-a4ff-ce07d96628f4@group-129E33F6DE87: changes role from  FOLLOWER to CANDIDATE at term 33 for changeToCandidate
2019-10-21 22:01:27,498 [Thread-707] INFO  impl.RoleInfo (RoleInfo.java:updateAndGet(143)) - d2d0250e-a378-4f8a-a4ff-ce07d96628f4: start LeaderElection
2019-10-21 22:01:27,512 [d2d0250e-a378-4f8a-a4ff-ce07d96628f4@group-129E33F6DE87-LeaderElection54] INFO  impl.LeaderElection (LeaderElection.java:askForVotes(178)) - d2d0250e-a378-4f8a-a4ff-ce07d96628f4@group-129E33F6DE87-LeaderElection54: begin an election at term 34 for -1: [756f57d6-6136-46f3-b5ea-af957dae1eda:192.168.34.8:33063, d2d0250e-a378-4f8a-a4ff-ce07d96628f4:192.168.34.8:43170, a36a670b-6f05-41e5-b505-2b1a8d9f1f79:192.168.34.8:32869], old=null
2019-10-21 22:01:27,516 [grpc-default-executor-6] INFO  impl.RaftServerImpl (RaftServerImpl.java:setRole(184)) - 756f57d6-6136-46f3-b5ea-af957dae1eda@group-129E33F6DE87: changes role from  FOLLOWER to FOLLOWER at term 34 for recognizeCandidate:d2d0250e-a378-4f8a-a4ff-ce07d96628f4
2019-10-21 22:01:27,516 [grpc-default-executor-7] INFO  impl.RaftServerImpl (RaftServerImpl.java:setRole(184)) - a36a670b-6f05-41e5-b505-2b1a8d9f1f79@group-129E33F6DE87: changes role from  FOLLOWER to FOLLOWER at term 34 for recognizeCandidate:d2d0250e-a378-4f8a-a4ff-ce07d96628f4
2019-10-21 22:01:27,516 [grpc-default-executor-6] INFO  impl.RoleInfo (RoleInfo.java:shutdownFollowerState(121)) - 756f57d6-6136-46f3-b5ea-af957dae1eda: shutdown FollowerState
2019-10-21 22:01:27,516 [grpc-default-executor-7] INFO  impl.RoleInfo (RoleInfo.java:shutdownFollowerState(121)) - a36a670b-6f05-41e5-b505-2b1a8d9f1f79: shutdown FollowerState
2019-10-21 22:01:27,517 [Thread-705] INFO  impl.FollowerState (FollowerState.java:run(117)) - 756f57d6-6136-46f3-b5ea-af957dae1eda@group-129E33F6DE87-FollowerState was interrupted: java.lang.InterruptedException: sleep interrupted
2019-10-21 22:01:27,517 [Thread-706] INFO  impl.FollowerState (FollowerState.java:run(117)) - a36a670b-6f05-41e5-b505-2b1a8d9f1f79@group-129E33F6DE87-FollowerState was interrupted: java.lang.InterruptedException: sleep interrupted
2019-10-21 22:01:27,516 [grpc-default-executor-6] INFO  impl.RoleInfo (RoleInfo.java:updateAndGet(143)) - 756f57d6-6136-46f3-b5ea-af957dae1eda: start FollowerState
2019-10-21 22:01:27,517 [grpc-default-executor-7] INFO  impl.RoleInfo (RoleInfo.java:updateAndGet(143)) - a36a670b-6f05-41e5-b505-2b1a8d9f1f79: start FollowerState
2019-10-21 22:01:27,533 [d2d0250e-a378-4f8a-a4ff-ce07d96628f4@group-129E33F6DE87-LeaderElection54] INFO  impl.LeaderElection (LeaderElection.java:logAndReturn(56)) - d2d0250e-a378-4f8a-a4ff-ce07d96628f4@group-129E33F6DE87-LeaderElection54: Election REJECTED; received 2 response(s) [d2d0250e-a378-4f8a-a4ff-ce07d96628f4<-756f57d6-6136-46f3-b5ea-af957dae1eda#0:FAIL-t34, d2d0250e-a378-4f8a-a4ff-ce07d96628f4<-a36a670b-6f05-41e5-b505-2b1a8d9f1f79#0:FAIL-t34] and 0 exception(s); d2d0250e-a378-4f8a-a4ff-ce07d96628f4@group-129E33F6DE87:t34, leader=null, voted=d2d0250e-a378-4f8a-a4ff-ce07d96628f4, raftlog=d2d0250e-a378-4f8a-a4ff-ce07d96628f4@group-129E33F6DE87-SegmentedRaftLog:OPENED:c-1,f-1,i0, conf=-1: [756f57d6-6136-46f3-b5ea-af957dae1eda:192.168.34.8:33063, d2d0250e-a378-4f8a-a4ff-ce07d96628f4:192.168.34.8:43170, a36a670b-6f05-41e5-b505-2b1a8d9f1f79:192.168.34.8:32869], old=null
2019-10-21 22:01:27,533 [d2d0250e-a378-4f8a-a4ff-ce07d96628f4@group-129E33F6DE87-LeaderElection54] INFO  impl.RaftServerImpl (RaftServerImpl.java:setRole(184)) - d2d0250e-a378-4f8a-a4ff-ce07d96628f4@group-129E33F6DE87: changes role from CANDIDATE to FOLLOWER at term 34 for DISCOVERED_A_NEW_TERM
2019-10-21 22:01:27,533 [d2d0250e-a378-4f8a-a4ff-ce07d96628f4@group-129E33F6DE87-LeaderElection54] INFO  impl.RoleInfo (RoleInfo.java:shutdownLeaderElection(134)) - d2d0250e-a378-4f8a-a4ff-ce07d96628f4: shutdown LeaderElection
2019-10-21 22:01:27,533 [d2d0250e-a378-4f8a-a4ff-ce07d96628f4@group-129E33F6DE87-LeaderElection54] INFO  impl.RoleInfo (RoleInfo.java:updateAndGet(143)) - d2d0250e-a378-4f8a-a4ff-ce07d96628f4: start FollowerState
2019-10-21 22:01:27,570 [Thread-715] INFO  impl.FollowerState (FollowerState.java:run(108)) - d2d0250e-a378-4f8a-a4ff-ce07d96628f4@group-129E33F6DE87-FollowerState: change to CANDIDATE, lastRpcTime:36ms, electionTimeout:36ms
2019-10-21 22:01:27,570 [Thread-715] INFO  impl.RoleInfo (RoleInfo.java:shutdownFollowerState(121)) - d2d0250e-a378-4f8a-a4ff-ce07d96628f4: shutdown FollowerState
2019-10-21 22:01:27,570 [Thread-715] INFO  impl.RaftServerImpl (RaftServerImpl.java:setRole(184)) - d2d0250e-a378-4f8a-a4ff-ce07d96628f4@group-129E33F6DE87: changes role from  FOLLOWER to CANDIDATE at term 34 for changeToCandidate
2019-10-21 22:01:27,571 [Thread-715] INFO  impl.RoleInfo (RoleInfo.java:updateAndGet(143)) - d2d0250e-a378-4f8a-a4ff-ce07d96628f4: start LeaderElection
2019-10-21 22:01:27,585 [d2d0250e-a378-4f8a-a4ff-ce07d96628f4@group-129E33F6DE87-LeaderElection55] INFO  impl.LeaderElection (LeaderElection.java:askForVotes(178)) - d2d0250e-a378-4f8a-a4ff-ce07d96628f4@group-129E33F6DE87-LeaderElection55: begin an election at term 35 for -1: [756f57d6-6136-46f3-b5ea-af957dae1eda:192.168.34.8:33063, d2d0250e-a378-4f8a-a4ff-ce07d96628f4:192.168.34.8:43170, a36a670b-6f05-41e5-b505-2b1a8d9f1f79:192.168.34.8:32869], old=null
2019-10-21 22:01:27,588 [grpc-default-executor-6] INFO  impl.RaftServerImpl (RaftServerImpl.java:setRole(184)) - 756f57d6-6136-46f3-b5ea-af957dae1eda@group-129E33F6DE87: changes role from  FOLLOWER to FOLLOWER at term 35 for recognizeCandidate:d2d0250e-a378-4f8a-a4ff-ce07d96628f4
2019-10-21 22:01:27,588 [grpc-default-executor-7] INFO  impl.RaftServerImpl (RaftServerImpl.java:setRole(184)) - a36a670b-6f05-41e5-b505-2b1a8d9f1f79@group-129E33F6DE87: changes role from  FOLLOWER to FOLLOWER at term 35 for recognizeCandidate:d2d0250e-a378-4f8a-a4ff-ce07d96628f4
2019-10-21 22:01:27,588 [grpc-default-executor-6] INFO  impl.RoleInfo (RoleInfo.java:shutdownFollowerState(121)) - 756f57d6-6136-46f3-b5ea-af957dae1eda: shutdown FollowerState
2019-10-21 22:01:27,588 [grpc-default-executor-7] INFO  impl.RoleInfo (RoleInfo.java:shutdownFollowerState(121)) - a36a670b-6f05-41e5-b505-2b1a8d9f1f79: shutdown FollowerState
2019-10-21 22:01:27,588 [Thread-713] INFO  impl.FollowerState (FollowerState.java:run(117)) - 756f57d6-6136-46f3-b5ea-af957dae1eda@group-129E33F6DE87-FollowerState was interrupted: java.lang.InterruptedException: sleep interrupted
2019-10-21 22:01:27,588 [grpc-default-executor-6] INFO  impl.RoleInfo (RoleInfo.java:updateAndGet(143)) - 756f57d6-6136-46f3-b5ea-af957dae1eda: start FollowerState
2019-10-21 22:01:27,588 [Thread-714] INFO  impl.FollowerState (FollowerState.java:run(117)) - a36a670b-6f05-41e5-b505-2b1a8d9f1f79@group-129E33F6DE87-FollowerState was interrupted: java.lang.InterruptedException: sleep interrupted
2019-10-21 22:01:27,588 [grpc-default-executor-7] INFO  impl.RoleInfo (RoleInfo.java:updateAndGet(143)) - a36a670b-6f05-41e5-b505-2b1a8d9f1f79: start FollowerState
2019-10-21 22:01:27,603 [d2d0250e-a378-4f8a-a4ff-ce07d96628f4@group-129E33F6DE87-LeaderElection55] INFO  impl.LeaderElection (LeaderElection.java:logAndReturn(56)) - d2d0250e-a378-4f8a-a4ff-ce07d96628f4@group-129E33F6DE87-LeaderElection55: Election REJECTED; received 2 response(s) [d2d0250e-a378-4f8a-a4ff-ce07d96628f4<-756f57d6-6136-46f3-b5ea-af957dae1eda#0:FAIL-t35, d2d0250e-a378-4f8a-a4ff-ce07d96628f4<-a36a670b-6f05-41e5-b505-2b1a8d9f1f79#0:FAIL-t35] and 0 exception(s); d2d0250e-a378-4f8a-a4ff-ce07d96628f4@group-129E33F6DE87:t35, leader=null, voted=d2d0250e-a378-4f8a-a4ff-ce07d96628f4, raftlog=d2d0250e-a378-4f8a-a4ff-ce07d96628f4@group-129E33F6DE87-SegmentedRaftLog:OPENED:c-1,f-1,i0, conf=-1: [756f57d6-6136-46f3-b5ea-af957dae1eda:192.168.34.8:33063, d2d0250e-a378-4f8a-a4ff-ce07d96628f4:192.168.34.8:43170, a36a670b-6f05-41e5-b505-2b1a8d9f1f79:192.168.34.8:32869], old=null
2019-10-21 22:01:27,604 [d2d0250e-a378-4f8a-a4ff-ce07d96628f4@group-129E33F6DE87-LeaderElection55] INFO  impl.RaftServerImpl (RaftServerImpl.java:setRole(184)) - d2d0250e-a378-4f8a-a4ff-ce07d96628f4@group-129E33F6DE87: changes role from CANDIDATE to FOLLOWER at term 35 for DISCOVERED_A_NEW_TERM
2019-10-21 22:01:27,604 [d2d0250e-a378-4f8a-a4ff-ce07d96628f4@group-129E33F6DE87-LeaderElection55] INFO  impl.RoleInfo (RoleInfo.java:shutdownLeaderElection(134)) - d2d0250e-a378-4f8a-a4ff-ce07d96628f4: shutdown LeaderElection
2019-10-21 22:01:27,604 [d2d0250e-a378-4f8a-a4ff-ce07d96628f4@group-129E33F6DE87-LeaderElection55] INFO  impl.RoleInfo (RoleInfo.java:updateAndGet(143)) - d2d0250e-a378-4f8a-a4ff-ce07d96628f4: start FollowerState
2019-10-21 22:01:27,773 [Thread-721] INFO  impl.FollowerState (FollowerState.java:run(108)) - d2d0250e-a378-4f8a-a4ff-ce07d96628f4@group-129E33F6DE87-FollowerState: change to CANDIDATE, lastRpcTime:169ms, electionTimeout:169ms
2019-10-21 22:01:27,773 [Thread-721] INFO  impl.RoleInfo (RoleInfo.java:shutdownFollowerState(121)) - d2d0250e-a378-4f8a-a4ff-ce07d96628f4: shutdown FollowerState
2019-10-21 22:01:27,774 [Thread-721] INFO  impl.RaftServerImpl (RaftServerImpl.java:setRole(184)) - d2d0250e-a378-4f8a-a4ff-ce07d96628f4@group-129E33F6DE87: changes role from  FOLLOWER to CANDIDATE at term 35 for changeToCandidate
2019-10-21 22:01:27,774 [Thread-721] INFO  impl.RoleInfo (RoleInfo.java:updateAndGet(143)) - d2d0250e-a378-4f8a-a4ff-ce07d96628f4: start LeaderElection
2019-10-21 22:01:27,789 [d2d0250e-a378-4f8a-a4ff-ce07d96628f4@group-129E33F6DE87-LeaderElection56] INFO  impl.LeaderElection (LeaderElection.java:askForVotes(178)) - d2d0250e-a378-4f8a-a4ff-ce07d96628f4@group-129E33F6DE87-LeaderElection56: begin an election at term 36 for -1: [756f57d6-6136-46f3-b5ea-af957dae1eda:192.168.34.8:33063, d2d0250e-a378-4f8a-a4ff-ce07d96628f4:192.168.34.8:43170, a36a670b-6f05-41e5-b505-2b1a8d9f1f79:192.168.34.8:32869], old=null
2019-10-21 22:01:27,792 [grpc-default-executor-6] INFO  impl.RaftServerImpl (RaftServerImpl.java:setRole(184)) - a36a670b-6f05-41e5-b505-2b1a8d9f1f79@group-129E33F6DE87: changes role from  FOLLOWER to FOLLOWER at term 36 for recognizeCandidate:d2d0250e-a378-4f8a-a4ff-ce07d96628f4
2019-10-21 22:01:27,792 [grpc-default-executor-7] INFO  impl.RaftServerImpl (RaftServerImpl.java:setRole(184)) - 756f57d6-6136-46f3-b5ea-af957dae1eda@group-129E33F6DE87: changes role from  FOLLOWER to FOLLOWER at term 36 for recognizeCandidate:d2d0250e-a378-4f8a-a4ff-ce07d96628f4
2019-10-21 22:01:27,792 [grpc-default-executor-6] INFO  impl.RoleInfo (RoleInfo.java:shutdownFollowerState(121)) - a36a670b-6f05-41e5-b505-2b1a8d9f1f79: shutdown FollowerState
2019-10-21 22:01:27,792 [grpc-default-executor-7] INFO  impl.RoleInfo (RoleInfo.java:shutdownFollowerState(121)) - 756f57d6-6136-46f3-b5ea-af957dae1eda: shutdown FollowerState
2019-10-21 22:01:27,793 [Thread-720] INFO  impl.FollowerState (FollowerState.java:run(117)) - a36a670b-6f05-41e5-b505-2b1a8d9f1f79@group-129E33F6DE87-FollowerState was interrupted: java.lang.InterruptedException: sleep interrupted
2019-10-21 22:01:27,793 [Thread-719] INFO  impl.FollowerState (FollowerState.java:run(117)) - 756f57d6-6136-46f3-b5ea-af957dae1eda@group-129E33F6DE87-FollowerState was interrupted: java.lang.InterruptedException: sleep interrupted
2019-10-21 22:01:27,793 [grpc-default-executor-7] INFO  impl.RoleInfo (RoleInfo.java:updateAndGet(143)) - 756f57d6-6136-46f3-b5ea-af957dae1eda: start FollowerState
2019-10-21 22:01:27,793 [grpc-default-executor-6] INFO  impl.RoleInfo (RoleInfo.java:updateAndGet(143)) - a36a670b-6f05-41e5-b505-2b1a8d9f1f79: start FollowerState
2019-10-21 22:01:27,810 [d2d0250e-a378-4f8a-a4ff-ce07d96628f4@group-129E33F6DE87-LeaderElection56] INFO  impl.LeaderElection (LeaderElection.java:logAndReturn(56)) - d2d0250e-a378-4f8a-a4ff-ce07d96628f4@group-129E33F6DE87-LeaderElection56: Election REJECTED; received 2 response(s) [d2d0250e-a378-4f8a-a4ff-ce07d96628f4<-756f57d6-6136-46f3-b5ea-af957dae1eda#0:FAIL-t36, d2d0250e-a378-4f8a-a4ff-ce07d96628f4<-a36a670b-6f05-41e5-b505-2b1a8d9f1f79#0:FAIL-t36] and 0 exception(s); d2d0250e-a378-4f8a-a4ff-ce07d96628f4@group-129E33F6DE87:t36, leader=null, voted=d2d0250e-a378-4f8a-a4ff-ce07d96628f4, raftlog=d2d0250e-a378-4f8a-a4ff-ce07d96628f4@group-129E33F6DE87-SegmentedRaftLog:OPENED:c-1,f-1,i0, conf=-1: [756f57d6-6136-46f3-b5ea-af957dae1eda:192.168.34.8:33063, d2d0250e-a378-4f8a-a4ff-ce07d96628f4:192.168.34.8:43170, a36a670b-6f05-41e5-b505-2b1a8d9f1f79:192.168.34.8:32869], old=null
2019-10-21 22:01:27,810 [d2d0250e-a378-4f8a-a4ff-ce07d96628f4@group-129E33F6DE87-LeaderElection56] INFO  impl.RaftServerImpl (RaftServerImpl.java:setRole(184)) - d2d0250e-a378-4f8a-a4ff-ce07d96628f4@group-129E33F6DE87: changes role from CANDIDATE to FOLLOWER at term 36 for DISCOVERED_A_NEW_TERM
2019-10-21 22:01:27,810 [d2d0250e-a378-4f8a-a4ff-ce07d96628f4@group-129E33F6DE87-LeaderElection56] INFO  impl.RoleInfo (RoleInfo.java:shutdownLeaderElection(134)) - d2d0250e-a378-4f8a-a4ff-ce07d96628f4: shutdown LeaderElection
2019-10-21 22:01:27,810 [d2d0250e-a378-4f8a-a4ff-ce07d96628f4@group-129E33F6DE87-LeaderElection56] INFO  impl.RoleInfo (RoleInfo.java:updateAndGet(143)) - d2d0250e-a378-4f8a-a4ff-ce07d96628f4: start FollowerState
2019-10-21 22:01:27,926 [Thread-729] INFO  impl.FollowerState (FollowerState.java:run(108)) - d2d0250e-a378-4f8a-a4ff-ce07d96628f4@group-129E33F6DE87-FollowerState: change to CANDIDATE, lastRpcTime:115ms, electionTimeout:115ms
2019-10-21 22:01:27,926 [Thread-729] INFO  impl.RoleInfo (RoleInfo.java:shutdownFollowerState(121)) - d2d0250e-a378-4f8a-a4ff-ce07d96628f4: shutdown FollowerState
2019-10-21 22:01:27,926 [Thread-729] INFO  impl.RaftServerImpl (RaftServerImpl.java:setRole(184)) - d2d0250e-a378-4f8a-a4ff-ce07d96628f4@group-129E33F6DE87: changes role from  FOLLOWER to CANDIDATE at term 36 for changeToCandidate
2019-10-21 22:01:27,926 [Thread-729] INFO  impl.RoleInfo (RoleInfo.java:updateAndGet(143)) - d2d0250e-a378-4f8a-a4ff-ce07d96628f4: start LeaderElection
2019-10-21 22:01:27,940 [d2d0250e-a378-4f8a-a4ff-ce07d96628f4@group-129E33F6DE87-LeaderElection57] INFO  impl.LeaderElection (LeaderElection.java:askForVotes(178)) - d2d0250e-a378-4f8a-a4ff-ce07d96628f4@group-129E33F6DE87-LeaderElection57: begin an election at term 37 for -1: [756f57d6-6136-46f3-b5ea-af957dae1eda:192.168.34.8:33063, d2d0250e-a378-4f8a-a4ff-ce07d96628f4:192.168.34.8:43170, a36a670b-6f05-41e5-b505-2b1a8d9f1f79:192.168.34.8:32869], old=null
2019-10-21 22:01:27,947 [grpc-default-executor-7] INFO  impl.RaftServerImpl (RaftServerImpl.java:setRole(184)) - 756f57d6-6136-46f3-b5ea-af957dae1eda@group-129E33F6DE87: changes role from  FOLLOWER to FOLLOWER at term 37 for recognizeCandidate:d2d0250e-a378-4f8a-a4ff-ce07d96628f4
2019-10-21 22:01:27,947 [grpc-default-executor-6] INFO  impl.RaftServerImpl (RaftServerImpl.java:setRole(184)) - a36a670b-6f05-41e5-b505-2b1a8d9f1f79@group-129E33F6DE87: changes role from  FOLLOWER to FOLLOWER at term 37 for recognizeCandidate:d2d0250e-a378-4f8a-a4ff-ce07d96628f4
2019-10-21 22:01:27,947 [grpc-default-executor-7] INFO  impl.RoleInfo (RoleInfo.java:shutdownFollowerState(121)) - 756f57d6-6136-46f3-b5ea-af957dae1eda: shutdown FollowerState
2019-10-21 22:01:27,948 [grpc-default-executor-6] INFO  impl.RoleInfo (RoleInfo.java:shutdownFollowerState(121)) - a36a670b-6f05-41e5-b505-2b1a8d9f1f79: shutdown FollowerState
2019-10-21 22:01:27,948 [Thread-728] INFO  impl.FollowerState (FollowerState.java:run(117)) - 756f57d6-6136-46f3-b5ea-af957dae1eda@group-129E33F6DE87-FollowerState was interrupted: java.lang.InterruptedException: sleep interrupted
2019-10-21 22:01:27,948 [grpc-default-executor-7] INFO  impl.RoleInfo (RoleInfo.java:updateAndGet(143)) - 756f57d6-6136-46f3-b5ea-af957dae1eda: start FollowerState
2019-10-21 22:01:27,948 [Thread-727] INFO  impl.FollowerState (FollowerState.java:run(117)) - a36a670b-6f05-41e5-b505-2b1a8d9f1f79@group-129E33F6DE87-FollowerState was interrupted: java.lang.InterruptedException: sleep interrupted
2019-10-21 22:01:27,948 [grpc-default-executor-6] INFO  impl.RoleInfo (RoleInfo.java:updateAndGet(143)) - a36a670b-6f05-41e5-b505-2b1a8d9f1f79: start FollowerState
2019-10-21 22:01:27,963 [d2d0250e-a378-4f8a-a4ff-ce07d96628f4@group-129E33F6DE87-LeaderElection57] INFO  impl.LeaderElection (LeaderElection.java:logAndReturn(56)) - d2d0250e-a378-4f8a-a4ff-ce07d96628f4@group-129E33F6DE87-LeaderElection57: Election REJECTED; received 2 response(s) [d2d0250e-a378-4f8a-a4ff-ce07d96628f4<-756f57d6-6136-46f3-b5ea-af957dae1eda#0:FAIL-t37, d2d0250e-a378-4f8a-a4ff-ce07d96628f4<-a36a670b-6f05-41e5-b505-2b1a8d9f1f79#0:FAIL-t37] and 0 exception(s); d2d0250e-a378-4f8a-a4ff-ce07d96628f4@group-129E33F6DE87:t37, leader=null, voted=d2d0250e-a378-4f8a-a4ff-ce07d96628f4, raftlog=d2d0250e-a378-4f8a-a4ff-ce07d96628f4@group-129E33F6DE87-SegmentedRaftLog:OPENED:c-1,f-1,i0, conf=-1: [756f57d6-6136-46f3-b5ea-af957dae1eda:192.168.34.8:33063, d2d0250e-a378-4f8a-a4ff-ce07d96628f4:192.168.34.8:43170, a36a670b-6f05-41e5-b505-2b1a8d9f1f79:192.168.34.8:32869], old=null
2019-10-21 22:01:27,964 [d2d0250e-a378-4f8a-a4ff-ce07d96628f4@group-129E33F6DE87-LeaderElection57] INFO  impl.RaftServerImpl (RaftServerImpl.java:setRole(184)) - d2d0250e-a378-4f8a-a4ff-ce07d96628f4@group-129E33F6DE87: changes role from CANDIDATE to FOLLOWER at term 37 for DISCOVERED_A_NEW_TERM
2019-10-21 22:01:27,964 [d2d0250e-a378-4f8a-a4ff-ce07d96628f4@group-129E33F6DE87-LeaderElection57] INFO  impl.RoleInfo (RoleInfo.java:shutdownLeaderElection(134)) - d2d0250e-a378-4f8a-a4ff-ce07d96628f4: shutdown LeaderElection
2019-10-21 22:01:27,964 [d2d0250e-a378-4f8a-a4ff-ce07d96628f4@group-129E33F6DE87-LeaderElection57] INFO  impl.RoleInfo (RoleInfo.java:updateAndGet(143)) - d2d0250e-a378-4f8a-a4ff-ce07d96628f4: start FollowerState
2019-10-21 22:01:28,073 [Thread-737] INFO  impl.FollowerState (FollowerState.java:run(108)) - d2d0250e-a378-4f8a-a4ff-ce07d96628f4@group-129E33F6DE87-FollowerState: change to CANDIDATE, lastRpcTime:109ms, electionTimeout:109ms
2019-10-21 22:01:28,074 [Thread-737] INFO  impl.RoleInfo (RoleInfo.java:shutdownFollowerState(121)) - d2d0250e-a378-4f8a-a4ff-ce07d96628f4: shutdown FollowerState
2019-10-21 22:01:28,074 [Thread-737] INFO  impl.RaftServerImpl (RaftServerImpl.java:setRole(184)) - d2d0250e-a378-4f8a-a4ff-ce07d96628f4@group-129E33F6DE87: changes role from  FOLLOWER to CANDIDATE at term 37 for changeToCandidate
2019-10-21 22:01:28,074 [Thread-737] INFO  impl.RoleInfo (RoleInfo.java:updateAndGet(143)) - d2d0250e-a378-4f8a-a4ff-ce07d96628f4: start LeaderElection
2019-10-21 22:01:28,089 [d2d0250e-a378-4f8a-a4ff-ce07d96628f4@group-129E33F6DE87-LeaderElection58] INFO  impl.LeaderElection (LeaderElection.java:askForVotes(178)) - d2d0250e-a378-4f8a-a4ff-ce07d96628f4@group-129E33F6DE87-LeaderElection58: begin an election at term 38 for -1: [756f57d6-6136-46f3-b5ea-af957dae1eda:192.168.34.8:33063, d2d0250e-a378-4f8a-a4ff-ce07d96628f4:192.168.34.8:43170, a36a670b-6f05-41e5-b505-2b1a8d9f1f79:192.168.34.8:32869], old=null
2019-10-21 22:01:28,093 [grpc-default-executor-6] INFO  impl.RaftServerImpl (RaftServerImpl.java:setRole(184)) - a36a670b-6f05-41e5-b505-2b1a8d9f1f79@group-129E33F6DE87: changes role from  FOLLOWER to FOLLOWER at term 38 for recognizeCandidate:d2d0250e-a378-4f8a-a4ff-ce07d96628f4
2019-10-21 22:01:28,093 [grpc-default-executor-7] INFO  impl.RaftServerImpl (RaftServerImpl.java:setRole(184)) - 756f57d6-6136-46f3-b5ea-af957dae1eda@group-129E33F6DE87: changes role from  FOLLOWER to FOLLOWER at term 38 for recognizeCandidate:d2d0250e-a378-4f8a-a4ff-ce07d96628f4
2019-10-21 22:01:28,093 [grpc-default-executor-6] INFO  impl.RoleInfo (RoleInfo.java:shutdownFollowerState(121)) - a36a670b-6f05-41e5-b505-2b1a8d9f1f79: shutdown FollowerState
2019-10-21 22:01:28,093 [grpc-default-executor-7] INFO  impl.RoleInfo (RoleInfo.java:shutdownFollowerState(121)) - 756f57d6-6136-46f3-b5ea-af957dae1eda: shutdown FollowerState
2019-10-21 22:01:28,093 [grpc-default-executor-6] INFO  impl.RoleInfo (RoleInfo.java:updateAndGet(143)) - a36a670b-6f05-41e5-b505-2b1a8d9f1f79: start FollowerState
2019-10-21 22:01:28,093 [Thread-735] INFO  impl.FollowerState (FollowerState.java:run(117)) - 756f57d6-6136-46f3-b5ea-af957dae1eda@group-129E33F6DE87-FollowerState was interrupted: java.lang.InterruptedException: sleep interrupted
2019-10-21 22:01:28,093 [grpc-default-executor-7] INFO  impl.RoleInfo (RoleInfo.java:updateAndGet(143)) - 756f57d6-6136-46f3-b5ea-af957dae1eda: start FollowerState
2019-10-21 22:01:28,093 [Thread-736] INFO  impl.FollowerState (FollowerState.java:run(117)) - a36a670b-6f05-41e5-b505-2b1a8d9f1f79@group-129E33F6DE87-FollowerState was interrupted: java.lang.InterruptedException: sleep interrupted
2019-10-21 22:01:28,110 [d2d0250e-a378-4f8a-a4ff-ce07d96628f4@group-129E33F6DE87-LeaderElection58] INFO  impl.LeaderElection (LeaderElection.java:logAndReturn(56)) - d2d0250e-a378-4f8a-a4ff-ce07d96628f4@group-129E33F6DE87-LeaderElection58: Election REJECTED; received 2 response(s) [d2d0250e-a378-4f8a-a4ff-ce07d96628f4<-756f57d6-6136-46f3-b5ea-af957dae1eda#0:FAIL-t38, d2d0250e-a378-4f8a-a4ff-ce07d96628f4<-a36a670b-6f05-41e5-b505-2b1a8d9f1f79#0:FAIL-t38] and 0 exception(s); d2d0250e-a378-4f8a-a4ff-ce07d96628f4@group-129E33F6DE87:t38, leader=null, voted=d2d0250e-a378-4f8a-a4ff-ce07d96628f4, raftlog=d2d0250e-a378-4f8a-a4ff-ce07d96628f4@group-129E33F6DE87-SegmentedRaftLog:OPENED:c-1,f-1,i0, conf=-1: [756f57d6-6136-46f3-b5ea-af957dae1eda:192.168.34.8:33063, d2d0250e-a378-4f8a-a4ff-ce07d96628f4:192.168.34.8:43170, a36a670b-6f05-41e5-b505-2b1a8d9f1f79:192.168.34.8:32869], old=null
2019-10-21 22:01:28,110 [d2d0250e-a378-4f8a-a4ff-ce07d96628f4@group-129E33F6DE87-LeaderElection58] INFO  impl.RaftServerImpl (RaftServerImpl.java:setRole(184)) - d2d0250e-a378-4f8a-a4ff-ce07d96628f4@group-129E33F6DE87: changes role from CANDIDATE to FOLLOWER at term 38 for DISCOVERED_A_NEW_TERM
2019-10-21 22:01:28,110 [d2d0250e-a378-4f8a-a4ff-ce07d96628f4@group-129E33F6DE87-LeaderElection58] INFO  impl.RoleInfo (RoleInfo.java:shutdownLeaderElection(134)) - d2d0250e-a378-4f8a-a4ff-ce07d96628f4: shutdown LeaderElection
2019-10-21 22:01:28,110 [d2d0250e-a378-4f8a-a4ff-ce07d96628f4@group-129E33F6DE87-LeaderElection58] INFO  impl.RoleInfo (RoleInfo.java:updateAndGet(143)) - d2d0250e-a378-4f8a-a4ff-ce07d96628f4: start FollowerState
2019-10-21 22:01:28,130 [Thread-743] INFO  impl.FollowerState (FollowerState.java:run(108)) - d2d0250e-a378-4f8a-a4ff-ce07d96628f4@group-129E33F6DE87-FollowerState: change to CANDIDATE, lastRpcTime:19ms, electionTimeout:19ms
2019-10-21 22:01:28,130 [Thread-743] INFO  impl.RoleInfo (RoleInfo.java:shutdownFollowerState(121)) - d2d0250e-a378-4f8a-a4ff-ce07d96628f4: shutdown FollowerState
2019-10-21 22:01:28,130 [Thread-743] INFO  impl.RaftServerImpl (RaftServerImpl.java:setRole(184)) - d2d0250e-a378-4f8a-a4ff-ce07d96628f4@group-129E33F6DE87: changes role from  FOLLOWER to CANDIDATE at term 38 for changeToCandidate
2019-10-21 22:01:28,130 [Thread-743] INFO  impl.RoleInfo (RoleInfo.java:updateAndGet(143)) - d2d0250e-a378-4f8a-a4ff-ce07d96628f4: start LeaderElection
2019-10-21 22:01:28,145 [d2d0250e-a378-4f8a-a4ff-ce07d96628f4@group-129E33F6DE87-LeaderElection59] INFO  impl.LeaderElection (LeaderElection.java:askForVotes(178)) - d2d0250e-a378-4f8a-a4ff-ce07d96628f4@group-129E33F6DE87-LeaderElection59: begin an election at term 39 for -1: [756f57d6-6136-46f3-b5ea-af957dae1eda:192.168.34.8:33063, d2d0250e-a378-4f8a-a4ff-ce07d96628f4:192.168.34.8:43170, a36a670b-6f05-41e5-b505-2b1a8d9f1f79:192.168.34.8:32869], old=null
2019-10-21 22:01:28,151 [grpc-default-executor-7] INFO  impl.RaftServerImpl (RaftServerImpl.java:setRole(184)) - 756f57d6-6136-46f3-b5ea-af957dae1eda@group-129E33F6DE87: changes role from  FOLLOWER to FOLLOWER at term 39 for recognizeCandidate:d2d0250e-a378-4f8a-a4ff-ce07d96628f4
2019-10-21 22:01:28,151 [grpc-default-executor-6] INFO  impl.RaftServerImpl (RaftServerImpl.java:setRole(184)) - a36a670b-6f05-41e5-b505-2b1a8d9f1f79@group-129E33F6DE87: changes role from  FOLLOWER to FOLLOWER at term 39 for recognizeCandidate:d2d0250e-a378-4f8a-a4ff-ce07d96628f4
2019-10-21 22:01:28,152 [grpc-default-executor-7] INFO  impl.RoleInfo (RoleInfo.java:shutdownFollowerState(121)) - 756f57d6-6136-46f3-b5ea-af957dae1eda: shutdown FollowerState
2019-10-21 22:01:28,152 [grpc-default-executor-6] INFO  impl.RoleInfo (RoleInfo.java:shutdownFollowerState(121)) - a36a670b-6f05-41e5-b505-2b1a8d9f1f79: shutdown FollowerState
2019-10-21 22:01:28,152 [Thread-742] INFO  impl.FollowerState (FollowerState.java:run(117)) - 756f57d6-6136-46f3-b5ea-af957dae1eda@group-129E33F6DE87-FollowerState was interrupted: java.lang.InterruptedException: sleep interrupted
2019-10-21 22:01:28,152 [grpc-default-executor-7] INFO  impl.RoleInfo (RoleInfo.java:updateAndGet(143)) - 756f57d6-6136-46f3-b5ea-af957dae1eda: start FollowerState
2019-10-21 22:01:28,152 [Thread-741] INFO  impl.FollowerState (FollowerState.java:run(117)) - a36a670b-6f05-41e5-b505-2b1a8d9f1f79@group-129E33F6DE87-FollowerState was interrupted: java.lang.InterruptedException: sleep interrupted
2019-10-21 22:01:28,152 [grpc-default-executor-6] INFO  impl.RoleInfo (RoleInfo.java:updateAndGet(143)) - a36a670b-6f05-41e5-b505-2b1a8d9f1f79: start FollowerState
2019-10-21 22:01:28,167 [d2d0250e-a378-4f8a-a4ff-ce07d96628f4@group-129E33F6DE87-LeaderElection59] INFO  impl.LeaderElection (LeaderElection.java:logAndReturn(56)) - d2d0250e-a378-4f8a-a4ff-ce07d96628f4@group-129E33F6DE87-LeaderElection59: Election REJECTED; received 2 response(s) [d2d0250e-a378-4f8a-a4ff-ce07d96628f4<-756f57d6-6136-46f3-b5ea-af957dae1eda#0:FAIL-t39, d2d0250e-a378-4f8a-a4ff-ce07d96628f4<-a36a670b-6f05-41e5-b505-2b1a8d9f1f79#0:FAIL-t39] and 0 exception(s); d2d0250e-a378-4f8a-a4ff-ce07d96628f4@group-129E33F6DE87:t39, leader=null, voted=d2d0250e-a378-4f8a-a4ff-ce07d96628f4, raftlog=d2d0250e-a378-4f8a-a4ff-ce07d96628f4@group-129E33F6DE87-SegmentedRaftLog:OPENED:c-1,f-1,i0, conf=-1: [756f57d6-6136-46f3-b5ea-af957dae1eda:192.168.34.8:33063, d2d0250e-a378-4f8a-a4ff-ce07d96628f4:192.168.34.8:43170, a36a670b-6f05-41e5-b505-2b1a8d9f1f79:192.168.34.8:32869], old=null
2019-10-21 22:01:28,168 [d2d0250e-a378-4f8a-a4ff-ce07d96628f4@group-129E33F6DE87-LeaderElection59] INFO  impl.RaftServerImpl (RaftServerImpl.java:setRole(184)) - d2d0250e-a378-4f8a-a4ff-ce07d96628f4@group-129E33F6DE87: changes role from CANDIDATE to FOLLOWER at term 39 for DISCOVERED_A_NEW_TERM
2019-10-21 22:01:28,168 [d2d0250e-a378-4f8a-a4ff-ce07d96628f4@group-129E33F6DE87-LeaderElection59] INFO  impl.RoleInfo (RoleInfo.java:shutdownLeaderElection(134)) - d2d0250e-a378-4f8a-a4ff-ce07d96628f4: shutdown LeaderElection
2019-10-21 22:01:28,168 [d2d0250e-a378-4f8a-a4ff-ce07d96628f4@group-129E33F6DE87-LeaderElection59] INFO  impl.RoleInfo (RoleInfo.java:updateAndGet(143)) - d2d0250e-a378-4f8a-a4ff-ce07d96628f4: start FollowerState
2019-10-21 22:01:28,351 [Thread-749] INFO  impl.FollowerState (FollowerState.java:run(108)) - d2d0250e-a378-4f8a-a4ff-ce07d96628f4@group-129E33F6DE87-FollowerState: change to CANDIDATE, lastRpcTime:183ms, electionTimeout:183ms
2019-10-21 22:01:28,352 [Thread-749] INFO  impl.RoleInfo (RoleInfo.java:shutdownFollowerState(121)) - d2d0250e-a378-4f8a-a4ff-ce07d96628f4: shutdown FollowerState
2019-10-21 22:01:28,352 [Thread-749] INFO  impl.RaftServerImpl (RaftServerImpl.java:setRole(184)) - d2d0250e-a378-4f8a-a4ff-ce07d96628f4@group-129E33F6DE87: changes role from  FOLLOWER to CANDIDATE at term 39 for changeToCandidate
2019-10-21 22:01:28,352 [Thread-749] INFO  impl.RoleInfo (RoleInfo.java:updateAndGet(143)) - d2d0250e-a378-4f8a-a4ff-ce07d96628f4: start LeaderElection
2019-10-21 22:01:28,366 [d2d0250e-a378-4f8a-a4ff-ce07d96628f4@group-129E33F6DE87-LeaderElection60] INFO  impl.LeaderElection (LeaderElection.java:askForVotes(178)) - d2d0250e-a378-4f8a-a4ff-ce07d96628f4@group-129E33F6DE87-LeaderElection60: begin an election at term 40 for -1: [756f57d6-6136-46f3-b5ea-af957dae1eda:192.168.34.8:33063, d2d0250e-a378-4f8a-a4ff-ce07d96628f4:192.168.34.8:43170, a36a670b-6f05-41e5-b505-2b1a8d9f1f79:192.168.34.8:32869], old=null
2019-10-21 22:01:28,369 [grpc-default-executor-6] INFO  impl.RaftServerImpl (RaftServerImpl.java:setRole(184)) - a36a670b-6f05-41e5-b505-2b1a8d9f1f79@group-129E33F6DE87: changes role from  FOLLOWER to FOLLOWER at term 40 for recognizeCandidate:d2d0250e-a378-4f8a-a4ff-ce07d96628f4
2019-10-21 22:01:28,369 [grpc-default-executor-7] INFO  impl.RaftServerImpl (RaftServerImpl.java:setRole(184)) - 756f57d6-6136-46f3-b5ea-af957dae1eda@group-129E33F6DE87: changes role from  FOLLOWER to FOLLOWER at term 40 for recognizeCandidate:d2d0250e-a378-4f8a-a4ff-ce07d96628f4
2019-10-21 22:01:28,369 [grpc-default-executor-6] INFO  impl.RoleInfo (RoleInfo.java:shutdownFollowerState(121)) - a36a670b-6f05-41e5-b505-2b1a8d9f1f79: shutdown FollowerState
2019-10-21 22:01:28,369 [grpc-default-executor-7] INFO  impl.RoleInfo (RoleInfo.java:shutdownFollowerState(121)) - 756f57d6-6136-46f3-b5ea-af957dae1eda: shutdown FollowerState
2019-10-21 22:01:28,370 [Thread-748] INFO  impl.FollowerState (FollowerState.java:run(117)) - a36a670b-6f05-41e5-b505-2b1a8d9f1f79@group-129E33F6DE87-FollowerState was interrupted: java.lang.InterruptedException: sleep interrupted
2019-10-21 22:01:28,370 [Thread-747] INFO  impl.FollowerState (FollowerState.java:run(117)) - 756f57d6-6136-46f3-b5ea-af957dae1eda@group-129E33F6DE87-FollowerState was interrupted: java.lang.InterruptedException: sleep interrupted
2019-10-21 22:01:28,370 [grpc-default-executor-6] INFO  impl.RoleInfo (RoleInfo.java:updateAndGet(143)) - a36a670b-6f05-41e5-b505-2b1a8d9f1f79: start FollowerState
2019-10-21 22:01:28,370 [grpc-default-executor-7] INFO  impl.RoleInfo (RoleInfo.java:updateAndGet(143)) - 756f57d6-6136-46f3-b5ea-af957dae1eda: start FollowerState
2019-10-21 22:01:28,387 [d2d0250e-a378-4f8a-a4ff-ce07d96628f4@group-129E33F6DE87-LeaderElection60] INFO  impl.LeaderElection (LeaderElection.java:logAndReturn(56)) - d2d0250e-a378-4f8a-a4ff-ce07d96628f4@group-129E33F6DE87-LeaderElection60: Election REJECTED; received 2 response(s) [d2d0250e-a378-4f8a-a4ff-ce07d96628f4<-756f57d6-6136-46f3-b5ea-af957dae1eda#0:FAIL-t40, d2d0250e-a378-4f8a-a4ff-ce07d96628f4<-a36a670b-6f05-41e5-b505-2b1a8d9f1f79#0:FAIL-t40] and 0 exception(s); d2d0250e-a378-4f8a-a4ff-ce07d96628f4@group-129E33F6DE87:t40, leader=null, voted=d2d0250e-a378-4f8a-a4ff-ce07d96628f4, raftlog=d2d0250e-a378-4f8a-a4ff-ce07d96628f4@group-129E33F6DE87-SegmentedRaftLog:OPENED:c-1,f-1,i0, conf=-1: [756f57d6-6136-46f3-b5ea-af957dae1eda:192.168.34.8:33063, d2d0250e-a378-4f8a-a4ff-ce07d96628f4:192.168.34.8:43170, a36a670b-6f05-41e5-b505-2b1a8d9f1f79:192.168.34.8:32869], old=null
2019-10-21 22:01:28,387 [d2d0250e-a378-4f8a-a4ff-ce07d96628f4@group-129E33F6DE87-LeaderElection60] INFO  impl.RaftServerImpl (RaftServerImpl.java:setRole(184)) - d2d0250e-a378-4f8a-a4ff-ce07d96628f4@group-129E33F6DE87: changes role from CANDIDATE to FOLLOWER at term 40 for DISCOVERED_A_NEW_TERM
2019-10-21 22:01:28,387 [d2d0250e-a378-4f8a-a4ff-ce07d96628f4@group-129E33F6DE87-LeaderElection60] INFO  impl.RoleInfo (RoleInfo.java:shutdownLeaderElection(134)) - d2d0250e-a378-4f8a-a4ff-ce07d96628f4: shutdown LeaderElection
2019-10-21 22:01:28,387 [d2d0250e-a378-4f8a-a4ff-ce07d96628f4@group-129E33F6DE87-LeaderElection60] INFO  impl.RoleInfo (RoleInfo.java:updateAndGet(143)) - d2d0250e-a378-4f8a-a4ff-ce07d96628f4: start FollowerState
2019-10-21 22:01:28,412 [Thread-759] INFO  impl.FollowerState (FollowerState.java:run(108)) - d2d0250e-a378-4f8a-a4ff-ce07d96628f4@group-129E33F6DE87-FollowerState: change to CANDIDATE, lastRpcTime:24ms, electionTimeout:24ms
2019-10-21 22:01:28,412 [Thread-759] INFO  impl.RoleInfo (RoleInfo.java:shutdownFollowerState(121)) - d2d0250e-a378-4f8a-a4ff-ce07d96628f4: shutdown FollowerState
2019-10-21 22:01:28,412 [Thread-759] INFO  impl.RaftServerImpl (RaftServerImpl.java:setRole(184)) - d2d0250e-a378-4f8a-a4ff-ce07d96628f4@group-129E33F6DE87: changes role from  FOLLOWER to CANDIDATE at term 40 for changeToCandidate
2019-10-21 22:01:28,412 [Thread-759] INFO  impl.RoleInfo (RoleInfo.java:updateAndGet(143)) - d2d0250e-a378-4f8a-a4ff-ce07d96628f4: start LeaderElection
2019-10-21 22:01:28,426 [d2d0250e-a378-4f8a-a4ff-ce07d96628f4@group-129E33F6DE87-LeaderElection61] INFO  impl.LeaderElection (LeaderElection.java:askForVotes(178)) - d2d0250e-a378-4f8a-a4ff-ce07d96628f4@group-129E33F6DE87-LeaderElection61: begin an election at term 41 for -1: [756f57d6-6136-46f3-b5ea-af957dae1eda:192.168.34.8:33063, d2d0250e-a378-4f8a-a4ff-ce07d96628f4:192.168.34.8:43170, a36a670b-6f05-41e5-b505-2b1a8d9f1f79:192.168.34.8:32869], old=null
2019-10-21 22:01:28,432 [grpc-default-executor-6] INFO  impl.RaftServerImpl (RaftServerImpl.java:setRole(184)) - 756f57d6-6136-46f3-b5ea-af957dae1eda@group-129E33F6DE87: changes role from  FOLLOWER to FOLLOWER at term 41 for recognizeCandidate:d2d0250e-a378-4f8a-a4ff-ce07d96628f4
2019-10-21 22:01:28,432 [grpc-default-executor-7] INFO  impl.RaftServerImpl (RaftServerImpl.java:setRole(184)) - a36a670b-6f05-41e5-b505-2b1a8d9f1f79@group-129E33F6DE87: changes role from  FOLLOWER to FOLLOWER at term 41 for recognizeCandidate:d2d0250e-a378-4f8a-a4ff-ce07d96628f4
2019-10-21 22:01:28,432 [grpc-default-executor-6] INFO  impl.RoleInfo (RoleInfo.java:shutdownFollowerState(121)) - 756f57d6-6136-46f3-b5ea-af957dae1eda: shutdown FollowerState
2019-10-21 22:01:28,432 [grpc-default-executor-7] INFO  impl.RoleInfo (RoleInfo.java:shutdownFollowerState(121)) - a36a670b-6f05-41e5-b505-2b1a8d9f1f79: shutdown FollowerState
2019-10-21 22:01:28,432 [Thread-758] INFO  impl.FollowerState (FollowerState.java:run(117)) - 756f57d6-6136-46f3-b5ea-af957dae1eda@group-129E33F6DE87-FollowerState was interrupted: java.lang.InterruptedException: sleep interrupted
2019-10-21 22:01:28,432 [grpc-default-executor-6] INFO  impl.RoleInfo (RoleInfo.java:updateAndGet(143)) - 756f57d6-6136-46f3-b5ea-af957dae1eda: start FollowerState
2019-10-21 22:01:28,433 [grpc-default-executor-7] INFO  impl.RoleInfo (RoleInfo.java:updateAndGet(143)) - a36a670b-6f05-41e5-b505-2b1a8d9f1f79: start FollowerState
2019-10-21 22:01:28,433 [Thread-757] INFO  impl.FollowerState (FollowerState.java:run(117)) - a36a670b-6f05-41e5-b505-2b1a8d9f1f79@group-129E33F6DE87-FollowerState was interrupted: java.lang.InterruptedException: sleep interrupted
2019-10-21 22:01:28,448 [d2d0250e-a378-4f8a-a4ff-ce07d96628f4@group-129E33F6DE87-LeaderElection61] INFO  impl.LeaderElection (LeaderElection.java:logAndReturn(56)) - d2d0250e-a378-4f8a-a4ff-ce07d96628f4@group-129E33F6DE87-LeaderElection61: Election REJECTED; received 2 response(s) [d2d0250e-a378-4f8a-a4ff-ce07d96628f4<-756f57d6-6136-46f3-b5ea-af957dae1eda#0:FAIL-t41, d2d0250e-a378-4f8a-a4ff-ce07d96628f4<-a36a670b-6f05-41e5-b505-2b1a8d9f1f79#0:FAIL-t41] and 0 exception(s); d2d0250e-a378-4f8a-a4ff-ce07d96628f4@group-129E33F6DE87:t41, leader=null, voted=d2d0250e-a378-4f8a-a4ff-ce07d96628f4, raftlog=d2d0250e-a378-4f8a-a4ff-ce07d96628f4@group-129E33F6DE87-SegmentedRaftLog:OPENED:c-1,f-1,i0, conf=-1: [756f57d6-6136-46f3-b5ea-af957dae1eda:192.168.34.8:33063, d2d0250e-a378-4f8a-a4ff-ce07d96628f4:192.168.34.8:43170, a36a670b-6f05-41e5-b505-2b1a8d9f1f79:192.168.34.8:32869], old=null
2019-10-21 22:01:28,448 [d2d0250e-a378-4f8a-a4ff-ce07d96628f4@group-129E33F6DE87-LeaderElection61] INFO  impl.RaftServerImpl (RaftServerImpl.java:setRole(184)) - d2d0250e-a378-4f8a-a4ff-ce07d96628f4@group-129E33F6DE87: changes role from CANDIDATE to FOLLOWER at term 41 for DISCOVERED_A_NEW_TERM
2019-10-21 22:01:28,448 [d2d0250e-a378-4f8a-a4ff-ce07d96628f4@group-129E33F6DE87-LeaderElection61] INFO  impl.RoleInfo (RoleInfo.java:shutdownLeaderElection(134)) - d2d0250e-a378-4f8a-a4ff-ce07d96628f4: shutdown LeaderElection
2019-10-21 22:01:28,448 [d2d0250e-a378-4f8a-a4ff-ce07d96628f4@group-129E33F6DE87-LeaderElection61] INFO  impl.RoleInfo (RoleInfo.java:updateAndGet(143)) - d2d0250e-a378-4f8a-a4ff-ce07d96628f4: start FollowerState
2019-10-21 22:01:28,631 [Thread-766] INFO  impl.FollowerState (FollowerState.java:run(108)) - d2d0250e-a378-4f8a-a4ff-ce07d96628f4@group-129E33F6DE87-FollowerState: change to CANDIDATE, lastRpcTime:182ms, electionTimeout:182ms
2019-10-21 22:01:28,631 [Thread-766] INFO  impl.RoleInfo (RoleInfo.java:shutdownFollowerState(121)) - d2d0250e-a378-4f8a-a4ff-ce07d96628f4: shutdown FollowerState
2019-10-21 22:01:28,631 [Thread-766] INFO  impl.RaftServerImpl (RaftServerImpl.java:setRole(184)) - d2d0250e-a378-4f8a-a4ff-ce07d96628f4@group-129E33F6DE87: changes role from  FOLLOWER to CANDIDATE at term 41 for changeToCandidate
2019-10-21 22:01:28,631 [Thread-766] INFO  impl.RoleInfo (RoleInfo.java:updateAndGet(143)) - d2d0250e-a378-4f8a-a4ff-ce07d96628f4: start LeaderElection
2019-10-21 22:01:28,645 [d2d0250e-a378-4f8a-a4ff-ce07d96628f4@group-129E33F6DE87-LeaderElection62] INFO  impl.LeaderElection (LeaderElection.java:askForVotes(178)) - d2d0250e-a378-4f8a-a4ff-ce07d96628f4@group-129E33F6DE87-LeaderElection62: begin an election at term 42 for -1: [756f57d6-6136-46f3-b5ea-af957dae1eda:192.168.34.8:33063, d2d0250e-a378-4f8a-a4ff-ce07d96628f4:192.168.34.8:43170, a36a670b-6f05-41e5-b505-2b1a8d9f1f79:192.168.34.8:32869], old=null
2019-10-21 22:01:28,648 [grpc-default-executor-7] INFO  impl.RaftServerImpl (RaftServerImpl.java:setRole(184)) - 756f57d6-6136-46f3-b5ea-af957dae1eda@group-129E33F6DE87: changes role from  FOLLOWER to FOLLOWER at term 42 for recognizeCandidate:d2d0250e-a378-4f8a-a4ff-ce07d96628f4
2019-10-21 22:01:28,648 [grpc-default-executor-6] INFO  impl.RaftServerImpl (RaftServerImpl.java:setRole(184)) - a36a670b-6f05-41e5-b505-2b1a8d9f1f79@group-129E33F6DE87: changes role from  FOLLOWER to FOLLOWER at term 42 for recognizeCandidate:d2d0250e-a378-4f8a-a4ff-ce07d96628f4
2019-10-21 22:01:28,649 [grpc-default-executor-7] INFO  impl.RoleInfo (RoleInfo.java:shutdownFollowerState(121)) - 756f57d6-6136-46f3-b5ea-af957dae1eda: shutdown FollowerState
2019-10-21 22:01:28,649 [grpc-default-executor-6] INFO  impl.RoleInfo (RoleInfo.java:shutdownFollowerState(121)) - a36a670b-6f05-41e5-b505-2b1a8d9f1f79: shutdown FollowerState
2019-10-21 22:01:28,649 [Thread-764] INFO  impl.FollowerState (FollowerState.java:run(117)) - 756f57d6-6136-46f3-b5ea-af957dae1eda@group-129E33F6DE87-FollowerState was interrupted: java.lang.InterruptedException: sleep interrupted
2019-10-21 22:01:28,649 [grpc-default-executor-7] INFO  impl.RoleInfo (RoleInfo.java:updateAndGet(143)) - 756f57d6-6136-46f3-b5ea-af957dae1eda: start FollowerState
2019-10-21 22:01:28,649 [Thread-765] INFO  impl.FollowerState (FollowerState.java:run(117)) - a36a670b-6f05-41e5-b505-2b1a8d9f1f79@group-129E33F6DE87-FollowerState was interrupted: java.lang.InterruptedException: sleep interrupted
2019-10-21 22:01:28,649 [grpc-default-executor-6] INFO  impl.RoleInfo (RoleInfo.java:updateAndGet(143)) - a36a670b-6f05-41e5-b505-2b1a8d9f1f79: start FollowerState
2019-10-21 22:01:28,664 [d2d0250e-a378-4f8a-a4ff-ce07d96628f4@group-129E33F6DE87-LeaderElection62] INFO  impl.LeaderElection (LeaderElection.java:logAndReturn(56)) - d2d0250e-a378-4f8a-a4ff-ce07d96628f4@group-129E33F6DE87-LeaderElection62: Election REJECTED; received 2 response(s) [d2d0250e-a378-4f8a-a4ff-ce07d96628f4<-756f57d6-6136-46f3-b5ea-af957dae1eda#0:FAIL-t42, d2d0250e-a378-4f8a-a4ff-ce07d96628f4<-a36a670b-6f05-41e5-b505-2b1a8d9f1f79#0:FAIL-t42] and 0 exception(s); d2d0250e-a378-4f8a-a4ff-ce07d96628f4@group-129E33F6DE87:t42, leader=null, voted=d2d0250e-a378-4f8a-a4ff-ce07d96628f4, raftlog=d2d0250e-a378-4f8a-a4ff-ce07d96628f4@group-129E33F6DE87-SegmentedRaftLog:OPENED:c-1,f-1,i0, conf=-1: [756f57d6-6136-46f3-b5ea-af957dae1eda:192.168.34.8:33063, d2d0250e-a378-4f8a-a4ff-ce07d96628f4:192.168.34.8:43170, a36a670b-6f05-41e5-b505-2b1a8d9f1f79:192.168.34.8:32869], old=null
2019-10-21 22:01:28,665 [d2d0250e-a378-4f8a-a4ff-ce07d96628f4@group-129E33F6DE87-LeaderElection62] INFO  impl.RaftServerImpl (RaftServerImpl.java:setRole(184)) - d2d0250e-a378-4f8a-a4ff-ce07d96628f4@group-129E33F6DE87: changes role from CANDIDATE to FOLLOWER at term 42 for DISCOVERED_A_NEW_TERM
2019-10-21 22:01:28,665 [d2d0250e-a378-4f8a-a4ff-ce07d96628f4@group-129E33F6DE87-LeaderElection62] INFO  impl.RoleInfo (RoleInfo.java:shutdownLeaderElection(134)) - d2d0250e-a378-4f8a-a4ff-ce07d96628f4: shutdown LeaderElection
2019-10-21 22:01:28,665 [d2d0250e-a378-4f8a-a4ff-ce07d96628f4@group-129E33F6DE87-LeaderElection62] INFO  impl.RoleInfo (RoleInfo.java:updateAndGet(143)) - d2d0250e-a378-4f8a-a4ff-ce07d96628f4: start FollowerState
2019-10-21 22:01:28,779 [Thread-773] INFO  impl.FollowerState (FollowerState.java:run(108)) - d2d0250e-a378-4f8a-a4ff-ce07d96628f4@group-129E33F6DE87-FollowerState: change to CANDIDATE, lastRpcTime:114ms, electionTimeout:114ms
2019-10-21 22:01:28,780 [Thread-773] INFO  impl.RoleInfo (RoleInfo.java:shutdownFollowerState(121)) - d2d0250e-a378-4f8a-a4ff-ce07d96628f4: shutdown FollowerState
2019-10-21 22:01:28,780 [Thread-773] INFO  impl.RaftServerImpl (RaftServerImpl.java:setRole(184)) - d2d0250e-a378-4f8a-a4ff-ce07d96628f4@group-129E33F6DE87: changes role from  FOLLOWER to CANDIDATE at term 42 for changeToCandidate
2019-10-21 22:01:28,780 [Thread-773] INFO  impl.RoleInfo (RoleInfo.java:updateAndGet(143)) - d2d0250e-a378-4f8a-a4ff-ce07d96628f4: start LeaderElection
2019-10-21 22:01:28,795 [d2d0250e-a378-4f8a-a4ff-ce07d96628f4@group-129E33F6DE87-LeaderElection63] INFO  impl.LeaderElection (LeaderElection.java:askForVotes(178)) - d2d0250e-a378-4f8a-a4ff-ce07d96628f4@group-129E33F6DE87-LeaderElection63: begin an election at term 43 for -1: [756f57d6-6136-46f3-b5ea-af957dae1eda:192.168.34.8:33063, d2d0250e-a378-4f8a-a4ff-ce07d96628f4:192.168.34.8:43170, a36a670b-6f05-41e5-b505-2b1a8d9f1f79:192.168.34.8:32869], old=null
2019-10-21 22:01:28,801 [grpc-default-executor-7] INFO  impl.RaftServerImpl (RaftServerImpl.java:setRole(184)) - 756f57d6-6136-46f3-b5ea-af957dae1eda@group-129E33F6DE87: changes role from  FOLLOWER to FOLLOWER at term 43 for recognizeCandidate:d2d0250e-a378-4f8a-a4ff-ce07d96628f4
2019-10-21 22:01:28,802 [grpc-default-executor-7] INFO  impl.RoleInfo (RoleInfo.java:shutdownFollowerState(121)) - 756f57d6-6136-46f3-b5ea-af957dae1eda: shutdown FollowerState
2019-10-21 22:01:28,801 [grpc-default-executor-6] INFO  impl.RaftServerImpl (RaftServerImpl.java:setRole(184)) - a36a670b-6f05-41e5-b505-2b1a8d9f1f79@group-129E33F6DE87: changes role from  FOLLOWER to FOLLOWER at term 43 for recognizeCandidate:d2d0250e-a378-4f8a-a4ff-ce07d96628f4
2019-10-21 22:01:28,802 [Thread-771] INFO  impl.FollowerState (FollowerState.java:run(117)) - 756f57d6-6136-46f3-b5ea-af957dae1eda@group-129E33F6DE87-FollowerState was interrupted: java.lang.InterruptedException: sleep interrupted
2019-10-21 22:01:28,802 [grpc-default-executor-7] INFO  impl.RoleInfo (RoleInfo.java:updateAndGet(143)) - 756f57d6-6136-46f3-b5ea-af957dae1eda: start FollowerState
2019-10-21 22:01:28,802 [grpc-default-executor-6] INFO  impl.RoleInfo (RoleInfo.java:shutdownFollowerState(121)) - a36a670b-6f05-41e5-b505-2b1a8d9f1f79: shutdown FollowerState
2019-10-21 22:01:28,802 [grpc-default-executor-6] INFO  impl.RoleInfo (RoleInfo.java:updateAndGet(143)) - a36a670b-6f05-41e5-b505-2b1a8d9f1f79: start FollowerState
2019-10-21 22:01:28,803 [Thread-772] INFO  impl.FollowerState (FollowerState.java:run(117)) - a36a670b-6f05-41e5-b505-2b1a8d9f1f79@group-129E33F6DE87-FollowerState was interrupted: java.lang.InterruptedException: sleep interrupted
2019-10-21 22:01:28,818 [d2d0250e-a378-4f8a-a4ff-ce07d96628f4@group-129E33F6DE87-LeaderElection63] INFO  impl.LeaderElection (LeaderElection.java:logAndReturn(56)) - d2d0250e-a378-4f8a-a4ff-ce07d96628f4@group-129E33F6DE87-LeaderElection63: Election REJECTED; received 2 response(s) [d2d0250e-a378-4f8a-a4ff-ce07d96628f4<-756f57d6-6136-46f3-b5ea-af957dae1eda#0:FAIL-t43, d2d0250e-a378-4f8a-a4ff-ce07d96628f4<-a36a670b-6f05-41e5-b505-2b1a8d9f1f79#0:FAIL-t43] and 0 exception(s); d2d0250e-a378-4f8a-a4ff-ce07d96628f4@group-129E33F6DE87:t43, leader=null, voted=d2d0250e-a378-4f8a-a4ff-ce07d96628f4, raftlog=d2d0250e-a378-4f8a-a4ff-ce07d96628f4@group-129E33F6DE87-SegmentedRaftLog:OPENED:c-1,f-1,i0, conf=-1: [756f57d6-6136-46f3-b5ea-af957dae1eda:192.168.34.8:33063, d2d0250e-a378-4f8a-a4ff-ce07d96628f4:192.168.34.8:43170, a36a670b-6f05-41e5-b505-2b1a8d9f1f79:192.168.34.8:32869], old=null
2019-10-21 22:01:28,818 [d2d0250e-a378-4f8a-a4ff-ce07d96628f4@group-129E33F6DE87-LeaderElection63] INFO  impl.RaftServerImpl (RaftServerImpl.java:setRole(184)) - d2d0250e-a378-4f8a-a4ff-ce07d96628f4@group-129E33F6DE87: changes role from CANDIDATE to FOLLOWER at term 43 for DISCOVERED_A_NEW_TERM
2019-10-21 22:01:28,818 [d2d0250e-a378-4f8a-a4ff-ce07d96628f4@group-129E33F6DE87-LeaderElection63] INFO  impl.RoleInfo (RoleInfo.java:shutdownLeaderElection(134)) - d2d0250e-a378-4f8a-a4ff-ce07d96628f4: shutdown LeaderElection
2019-10-21 22:01:28,818 [d2d0250e-a378-4f8a-a4ff-ce07d96628f4@group-129E33F6DE87-LeaderElection63] INFO  impl.RoleInfo (RoleInfo.java:updateAndGet(143)) - d2d0250e-a378-4f8a-a4ff-ce07d96628f4: start FollowerState
2019-10-21 22:01:28,886 [Thread-781] INFO  impl.FollowerState (FollowerState.java:run(108)) - d2d0250e-a378-4f8a-a4ff-ce07d96628f4@group-129E33F6DE87-FollowerState: change to CANDIDATE, lastRpcTime:67ms, electionTimeout:67ms
2019-10-21 22:01:28,886 [Thread-781] INFO  impl.RoleInfo (RoleInfo.java:shutdownFollowerState(121)) - d2d0250e-a378-4f8a-a4ff-ce07d96628f4: shutdown FollowerState
2019-10-21 22:01:28,886 [Thread-781] INFO  impl.RaftServerImpl (RaftServerImpl.java:setRole(184)) - d2d0250e-a378-4f8a-a4ff-ce07d96628f4@group-129E33F6DE87: changes role from  FOLLOWER to CANDIDATE at term 43 for changeToCandidate
2019-10-21 22:01:28,886 [Thread-781] INFO  impl.RoleInfo (RoleInfo.java:updateAndGet(143)) - d2d0250e-a378-4f8a-a4ff-ce07d96628f4: start LeaderElection
2019-10-21 22:01:28,902 [d2d0250e-a378-4f8a-a4ff-ce07d96628f4@group-129E33F6DE87-LeaderElection64] INFO  impl.LeaderElection (LeaderElection.java:askForVotes(178)) - d2d0250e-a378-4f8a-a4ff-ce07d96628f4@group-129E33F6DE87-LeaderElection64: begin an election at term 44 for -1: [756f57d6-6136-46f3-b5ea-af957dae1eda:192.168.34.8:33063, d2d0250e-a378-4f8a-a4ff-ce07d96628f4:192.168.34.8:43170, a36a670b-6f05-41e5-b505-2b1a8d9f1f79:192.168.34.8:32869], old=null
2019-10-21 22:01:28,904 [grpc-default-executor-7] INFO  impl.RaftServerImpl (RaftServerImpl.java:setRole(184)) - a36a670b-6f05-41e5-b505-2b1a8d9f1f79@group-129E33F6DE87: changes role from  FOLLOWER to FOLLOWER at term 44 for recognizeCandidate:d2d0250e-a378-4f8a-a4ff-ce07d96628f4
2019-10-21 22:01:28,904 [grpc-default-executor-7] INFO  impl.RoleInfo (RoleInfo.java:shutdownFollowerState(121)) - a36a670b-6f05-41e5-b505-2b1a8d9f1f79: shutdown FollowerState
2019-10-21 22:01:28,904 [grpc-default-executor-6] INFO  impl.RaftServerImpl (RaftServerImpl.java:setRole(184)) - 756f57d6-6136-46f3-b5ea-af957dae1eda@group-129E33F6DE87: changes role from  FOLLOWER to FOLLOWER at term 44 for recognizeCandidate:d2d0250e-a378-4f8a-a4ff-ce07d96628f4
2019-10-21 22:01:28,905 [Thread-780] INFO  impl.FollowerState (FollowerState.java:run(117)) - a36a670b-6f05-41e5-b505-2b1a8d9f1f79@group-129E33F6DE87-FollowerState was interrupted: java.lang.InterruptedException: sleep interrupted
2019-10-21 22:01:28,904 [grpc-default-executor-7] INFO  impl.RoleInfo (RoleInfo.java:updateAndGet(143)) - a36a670b-6f05-41e5-b505-2b1a8d9f1f79: start FollowerState
2019-10-21 22:01:28,905 [grpc-default-executor-6] INFO  impl.RoleInfo (RoleInfo.java:shutdownFollowerState(121)) - 756f57d6-6136-46f3-b5ea-af957dae1eda: shutdown FollowerState
2019-10-21 22:01:28,905 [grpc-default-executor-6] INFO  impl.RoleInfo (RoleInfo.java:updateAndGet(143)) - 756f57d6-6136-46f3-b5ea-af957dae1eda: start FollowerState
2019-10-21 22:01:28,905 [Thread-779] INFO  impl.FollowerState (FollowerState.java:run(117)) - 756f57d6-6136-46f3-b5ea-af957dae1eda@group-129E33F6DE87-FollowerState was interrupted: java.lang.InterruptedException: sleep interrupted
2019-10-21 22:01:28,918 [d2d0250e-a378-4f8a-a4ff-ce07d96628f4@group-129E33F6DE87-LeaderElection64] INFO  impl.LeaderElection (LeaderElection.java:logAndReturn(56)) - d2d0250e-a378-4f8a-a4ff-ce07d96628f4@group-129E33F6DE87-LeaderElection64: Election REJECTED; received 2 response(s) [d2d0250e-a378-4f8a-a4ff-ce07d96628f4<-756f57d6-6136-46f3-b5ea-af957dae1eda#0:FAIL-t44, d2d0250e-a378-4f8a-a4ff-ce07d96628f4<-a36a670b-6f05-41e5-b505-2b1a8d9f1f79#0:FAIL-t44] and 0 exception(s); d2d0250e-a378-4f8a-a4ff-ce07d96628f4@group-129E33F6DE87:t44, leader=null, voted=d2d0250e-a378-4f8a-a4ff-ce07d96628f4, raftlog=d2d0250e-a378-4f8a-a4ff-ce07d96628f4@group-129E33F6DE87-SegmentedRaftLog:OPENED:c-1,f-1,i0, conf=-1: [756f57d6-6136-46f3-b5ea-af957dae1eda:192.168.34.8:33063, d2d0250e-a378-4f8a-a4ff-ce07d96628f4:192.168.34.8:43170, a36a670b-6f05-41e5-b505-2b1a8d9f1f79:192.168.34.8:32869], old=null
2019-10-21 22:01:28,918 [d2d0250e-a378-4f8a-a4ff-ce07d96628f4@group-129E33F6DE87-LeaderElection64] INFO  impl.RaftServerImpl (RaftServerImpl.java:setRole(184)) - d2d0250e-a378-4f8a-a4ff-ce07d96628f4@group-129E33F6DE87: changes role from CANDIDATE to FOLLOWER at term 44 for DISCOVERED_A_NEW_TERM
2019-10-21 22:01:28,919 [d2d0250e-a378-4f8a-a4ff-ce07d96628f4@group-129E33F6DE87-LeaderElection64] INFO  impl.RoleInfo (RoleInfo.java:shutdownLeaderElection(134)) - d2d0250e-a378-4f8a-a4ff-ce07d96628f4: shutdown LeaderElection
2019-10-21 22:01:28,919 [d2d0250e-a378-4f8a-a4ff-ce07d96628f4@group-129E33F6DE87-LeaderElection64] INFO  impl.RoleInfo (RoleInfo.java:updateAndGet(143)) - d2d0250e-a378-4f8a-a4ff-ce07d96628f4: start FollowerState
2019-10-21 22:01:29,069 [Thread-788] INFO  impl.FollowerState (FollowerState.java:run(108)) - d2d0250e-a378-4f8a-a4ff-ce07d96628f4@group-129E33F6DE87-FollowerState: change to CANDIDATE, lastRpcTime:150ms, electionTimeout:150ms
2019-10-21 22:01:29,070 [Thread-788] INFO  impl.RoleInfo (RoleInfo.java:shutdownFollowerState(121)) - d2d0250e-a378-4f8a-a4ff-ce07d96628f4: shutdown FollowerState
2019-10-21 22:01:29,070 [Thread-788] INFO  impl.RaftServerImpl (RaftServerImpl.java:setRole(184)) - d2d0250e-a378-4f8a-a4ff-ce07d96628f4@group-129E33F6DE87: changes role from  FOLLOWER to CANDIDATE at term 44 for changeToCandidate
2019-10-21 22:01:29,070 [Thread-788] INFO  impl.RoleInfo (RoleInfo.java:updateAndGet(143)) - d2d0250e-a378-4f8a-a4ff-ce07d96628f4: start LeaderElection
2019-10-21 22:01:29,084 [d2d0250e-a378-4f8a-a4ff-ce07d96628f4@group-129E33F6DE87-LeaderElection65] INFO  impl.LeaderElection (LeaderElection.java:askForVotes(178)) - d2d0250e-a378-4f8a-a4ff-ce07d96628f4@group-129E33F6DE87-LeaderElection65: begin an election at term 45 for -1: [756f57d6-6136-46f3-b5ea-af957dae1eda:192.168.34.8:33063, d2d0250e-a378-4f8a-a4ff-ce07d96628f4:192.168.34.8:43170, a36a670b-6f05-41e5-b505-2b1a8d9f1f79:192.168.34.8:32869], old=null
2019-10-21 22:01:29,090 [grpc-default-executor-7] INFO  impl.RaftServerImpl (RaftServerImpl.java:setRole(184)) - 756f57d6-6136-46f3-b5ea-af957dae1eda@group-129E33F6DE87: changes role from  FOLLOWER to FOLLOWER at term 45 for recognizeCandidate:d2d0250e-a378-4f8a-a4ff-ce07d96628f4
2019-10-21 22:01:29,090 [grpc-default-executor-7] INFO  impl.RoleInfo (RoleInfo.java:shutdownFollowerState(121)) - 756f57d6-6136-46f3-b5ea-af957dae1eda: shutdown FollowerState
2019-10-21 22:01:29,090 [grpc-default-executor-6] INFO  impl.RaftServerImpl (RaftServerImpl.java:setRole(184)) - a36a670b-6f05-41e5-b505-2b1a8d9f1f79@group-129E33F6DE87: changes role from  FOLLOWER to FOLLOWER at term 45 for recognizeCandidate:d2d0250e-a378-4f8a-a4ff-ce07d96628f4
2019-10-21 22:01:29,090 [Thread-787] INFO  impl.FollowerState (FollowerState.java:run(117)) - 756f57d6-6136-46f3-b5ea-af957dae1eda@group-129E33F6DE87-FollowerState was interrupted: java.lang.InterruptedException: sleep interrupted
2019-10-21 22:01:29,090 [grpc-default-executor-7] INFO  impl.RoleInfo (RoleInfo.java:updateAndGet(143)) - 756f57d6-6136-46f3-b5ea-af957dae1eda: start FollowerState
2019-10-21 22:01:29,090 [grpc-default-executor-6] INFO  impl.RoleInfo (RoleInfo.java:shutdownFollowerState(121)) - a36a670b-6f05-41e5-b505-2b1a8d9f1f79: shutdown FollowerState
2019-10-21 22:01:29,091 [grpc-default-executor-6] INFO  impl.RoleInfo (RoleInfo.java:updateAndGet(143)) - a36a670b-6f05-41e5-b505-2b1a8d9f1f79: start FollowerState
2019-10-21 22:01:29,091 [Thread-786] INFO  impl.FollowerState (FollowerState.java:run(117)) - a36a670b-6f05-41e5-b505-2b1a8d9f1f79@group-129E33F6DE87-FollowerState was interrupted: java.lang.InterruptedException: sleep interrupted
2019-10-21 22:01:29,106 [d2d0250e-a378-4f8a-a4ff-ce07d96628f4@group-129E33F6DE87-LeaderElection65] INFO  impl.LeaderElection (LeaderElection.java:logAndReturn(56)) - d2d0250e-a378-4f8a-a4ff-ce07d96628f4@group-129E33F6DE87-LeaderElection65: Election REJECTED; received 2 response(s) [d2d0250e-a378-4f8a-a4ff-ce07d96628f4<-756f57d6-6136-46f3-b5ea-af957dae1eda#0:FAIL-t45, d2d0250e-a378-4f8a-a4ff-ce07d96628f4<-a36a670b-6f05-41e5-b505-2b1a8d9f1f79#0:FAIL-t45] and 0 exception(s); d2d0250e-a378-4f8a-a4ff-ce07d96628f4@group-129E33F6DE87:t45, leader=null, voted=d2d0250e-a378-4f8a-a4ff-ce07d96628f4, raftlog=d2d0250e-a378-4f8a-a4ff-ce07d96628f4@group-129E33F6DE87-SegmentedRaftLog:OPENED:c-1,f-1,i0, conf=-1: [756f57d6-6136-46f3-b5ea-af957dae1eda:192.168.34.8:33063, d2d0250e-a378-4f8a-a4ff-ce07d96628f4:192.168.34.8:43170, a36a670b-6f05-41e5-b505-2b1a8d9f1f79:192.168.34.8:32869], old=null
2019-10-21 22:01:29,106 [d2d0250e-a378-4f8a-a4ff-ce07d96628f4@group-129E33F6DE87-LeaderElection65] INFO  impl.RaftServerImpl (RaftServerImpl.java:setRole(184)) - d2d0250e-a378-4f8a-a4ff-ce07d96628f4@group-129E33F6DE87: changes role from CANDIDATE to FOLLOWER at term 45 for DISCOVERED_A_NEW_TERM
2019-10-21 22:01:29,106 [d2d0250e-a378-4f8a-a4ff-ce07d96628f4@group-129E33F6DE87-LeaderElection65] INFO  impl.RoleInfo (RoleInfo.java:shutdownLeaderElection(134)) - d2d0250e-a378-4f8a-a4ff-ce07d96628f4: shutdown LeaderElection
2019-10-21 22:01:29,106 [d2d0250e-a378-4f8a-a4ff-ce07d96628f4@group-129E33F6DE87-LeaderElection65] INFO  impl.RoleInfo (RoleInfo.java:updateAndGet(143)) - d2d0250e-a378-4f8a-a4ff-ce07d96628f4: start FollowerState
2019-10-21 22:01:29,296 [Thread-795] INFO  impl.FollowerState (FollowerState.java:run(108)) - d2d0250e-a378-4f8a-a4ff-ce07d96628f4@group-129E33F6DE87-FollowerState: change to CANDIDATE, lastRpcTime:189ms, electionTimeout:189ms
2019-10-21 22:01:29,296 [Thread-795] INFO  impl.RoleInfo (RoleInfo.java:shutdownFollowerState(121)) - d2d0250e-a378-4f8a-a4ff-ce07d96628f4: shutdown FollowerState
2019-10-21 22:01:29,296 [Thread-795] INFO  impl.RaftServerImpl (RaftServerImpl.java:setRole(184)) - d2d0250e-a378-4f8a-a4ff-ce07d96628f4@group-129E33F6DE87: changes role from  FOLLOWER to CANDIDATE at term 45 for changeToCandidate
2019-10-21 22:01:29,297 [Thread-795] INFO  impl.RoleInfo (RoleInfo.java:updateAndGet(143)) - d2d0250e-a378-4f8a-a4ff-ce07d96628f4: start LeaderElection
2019-10-21 22:01:29,312 [d2d0250e-a378-4f8a-a4ff-ce07d96628f4@group-129E33F6DE87-LeaderElection66] INFO  impl.LeaderElection (LeaderElection.java:askForVotes(178)) - d2d0250e-a378-4f8a-a4ff-ce07d96628f4@group-129E33F6DE87-LeaderElection66: begin an election at term 46 for -1: [756f57d6-6136-46f3-b5ea-af957dae1eda:192.168.34.8:33063, d2d0250e-a378-4f8a-a4ff-ce07d96628f4:192.168.34.8:43170, a36a670b-6f05-41e5-b505-2b1a8d9f1f79:192.168.34.8:32869], old=null
2019-10-21 22:01:29,314 [grpc-default-executor-7] INFO  impl.RaftServerImpl (RaftServerImpl.java:setRole(184)) - 756f57d6-6136-46f3-b5ea-af957dae1eda@group-129E33F6DE87: changes role from  FOLLOWER to FOLLOWER at term 46 for recognizeCandidate:d2d0250e-a378-4f8a-a4ff-ce07d96628f4
2019-10-21 22:01:29,314 [grpc-default-executor-6] INFO  impl.RaftServerImpl (RaftServerImpl.java:setRole(184)) - a36a670b-6f05-41e5-b505-2b1a8d9f1f79@group-129E33F6DE87: changes role from  FOLLOWER to FOLLOWER at term 46 for recognizeCandidate:d2d0250e-a378-4f8a-a4ff-ce07d96628f4
2019-10-21 22:01:29,315 [grpc-default-executor-7] INFO  impl.RoleInfo (RoleInfo.java:shutdownFollowerState(121)) - 756f57d6-6136-46f3-b5ea-af957dae1eda: shutdown FollowerState
2019-10-21 22:01:29,315 [grpc-default-executor-6] INFO  impl.RoleInfo (RoleInfo.java:shutdownFollowerState(121)) - a36a670b-6f05-41e5-b505-2b1a8d9f1f79: shutdown FollowerState
2019-10-21 22:01:29,315 [Thread-793] INFO  impl.FollowerState (FollowerState.java:run(117)) - 756f57d6-6136-46f3-b5ea-af957dae1eda@group-129E33F6DE87-FollowerState was interrupted: java.lang.InterruptedException: sleep interrupted
2019-10-21 22:01:29,315 [grpc-default-executor-7] INFO  impl.RoleInfo (RoleInfo.java:updateAndGet(143)) - 756f57d6-6136-46f3-b5ea-af957dae1eda: start FollowerState
2019-10-21 22:01:29,315 [Thread-794] INFO  impl.FollowerState (FollowerState.java:run(117)) - a36a670b-6f05-41e5-b505-2b1a8d9f1f79@group-129E33F6DE87-FollowerState was interrupted: java.lang.InterruptedException: sleep interrupted
2019-10-21 22:01:29,315 [grpc-default-executor-6] INFO  impl.RoleInfo (RoleInfo.java:updateAndGet(143)) - a36a670b-6f05-41e5-b505-2b1a8d9f1f79: start FollowerState
2019-10-21 22:01:29,331 [d2d0250e-a378-4f8a-a4ff-ce07d96628f4@group-129E33F6DE87-LeaderElection66] INFO  impl.LeaderElection (LeaderElection.java:logAndReturn(56)) - d2d0250e-a378-4f8a-a4ff-ce07d96628f4@group-129E33F6DE87-LeaderElection66: Election REJECTED; received 2 response(s) [d2d0250e-a378-4f8a-a4ff-ce07d96628f4<-756f57d6-6136-46f3-b5ea-af957dae1eda#0:FAIL-t46, d2d0250e-a378-4f8a-a4ff-ce07d96628f4<-a36a670b-6f05-41e5-b505-2b1a8d9f1f79#0:FAIL-t46] and 0 exception(s); d2d0250e-a378-4f8a-a4ff-ce07d96628f4@group-129E33F6DE87:t46, leader=null, voted=d2d0250e-a378-4f8a-a4ff-ce07d96628f4, raftlog=d2d0250e-a378-4f8a-a4ff-ce07d96628f4@group-129E33F6DE87-SegmentedRaftLog:OPENED:c-1,f-1,i0, conf=-1: [756f57d6-6136-46f3-b5ea-af957dae1eda:192.168.34.8:33063, d2d0250e-a378-4f8a-a4ff-ce07d96628f4:192.168.34.8:43170, a36a670b-6f05-41e5-b505-2b1a8d9f1f79:192.168.34.8:32869], old=null
2019-10-21 22:01:29,332 [d2d0250e-a378-4f8a-a4ff-ce07d96628f4@group-129E33F6DE87-LeaderElection66] INFO  impl.RaftServerImpl (RaftServerImpl.java:setRole(184)) - d2d0250e-a378-4f8a-a4ff-ce07d96628f4@group-129E33F6DE87: changes role from CANDIDATE to FOLLOWER at term 46 for DISCOVERED_A_NEW_TERM
2019-10-21 22:01:29,332 [d2d0250e-a378-4f8a-a4ff-ce07d96628f4@group-129E33F6DE87-LeaderElection66] INFO  impl.RoleInfo (RoleInfo.java:shutdownLeaderElection(134)) - d2d0250e-a378-4f8a-a4ff-ce07d96628f4: shutdown LeaderElection
2019-10-21 22:01:29,332 [d2d0250e-a378-4f8a-a4ff-ce07d96628f4@group-129E33F6DE87-LeaderElection66] INFO  impl.RoleInfo (RoleInfo.java:updateAndGet(143)) - d2d0250e-a378-4f8a-a4ff-ce07d96628f4: start FollowerState
2019-10-21 22:01:29,515 [Thread-803] INFO  impl.FollowerState (FollowerState.java:run(108)) - d2d0250e-a378-4f8a-a4ff-ce07d96628f4@group-129E33F6DE87-FollowerState: change to CANDIDATE, lastRpcTime:183ms, electionTimeout:183ms
2019-10-21 22:01:29,516 [Thread-803] INFO  impl.RoleInfo (RoleInfo.java:shutdownFollowerState(121)) - d2d0250e-a378-4f8a-a4ff-ce07d96628f4: shutdown FollowerState
2019-10-21 22:01:29,516 [Thread-803] INFO  impl.RaftServerImpl (RaftServerImpl.java:setRole(184)) - d2d0250e-a378-4f8a-a4ff-ce07d96628f4@group-129E33F6DE87: changes role from  FOLLOWER to CANDIDATE at term 46 for changeToCandidate
2019-10-21 22:01:29,516 [Thread-803] INFO  impl.RoleInfo (RoleInfo.java:updateAndGet(143)) - d2d0250e-a378-4f8a-a4ff-ce07d96628f4: start LeaderElection
2019-10-21 22:01:29,532 [d2d0250e-a378-4f8a-a4ff-ce07d96628f4@group-129E33F6DE87-LeaderElection67] INFO  impl.LeaderElection (LeaderElection.java:askForVotes(178)) - d2d0250e-a378-4f8a-a4ff-ce07d96628f4@group-129E33F6DE87-LeaderElection67: begin an election at term 47 for -1: [756f57d6-6136-46f3-b5ea-af957dae1eda:192.168.34.8:33063, d2d0250e-a378-4f8a-a4ff-ce07d96628f4:192.168.34.8:43170, a36a670b-6f05-41e5-b505-2b1a8d9f1f79:192.168.34.8:32869], old=null
2019-10-21 22:01:29,535 [grpc-default-executor-6] INFO  impl.RaftServerImpl (RaftServerImpl.java:setRole(184)) - a36a670b-6f05-41e5-b505-2b1a8d9f1f79@group-129E33F6DE87: changes role from  FOLLOWER to FOLLOWER at term 47 for recognizeCandidate:d2d0250e-a378-4f8a-a4ff-ce07d96628f4
2019-10-21 22:01:29,535 [grpc-default-executor-7] INFO  impl.RaftServerImpl (RaftServerImpl.java:setRole(184)) - 756f57d6-6136-46f3-b5ea-af957dae1eda@group-129E33F6DE87: changes role from  FOLLOWER to FOLLOWER at term 47 for recognizeCandidate:d2d0250e-a378-4f8a-a4ff-ce07d96628f4
2019-10-21 22:01:29,535 [grpc-default-executor-6] INFO  impl.RoleInfo (RoleInfo.java:shutdownFollowerState(121)) - a36a670b-6f05-41e5-b505-2b1a8d9f1f79: shutdown FollowerState
2019-10-21 22:01:29,535 [grpc-default-executor-7] INFO  impl.RoleInfo (RoleInfo.java:shutdownFollowerState(121)) - 756f57d6-6136-46f3-b5ea-af957dae1eda: shutdown FollowerState
2019-10-21 22:01:29,535 [Thread-802] INFO  impl.FollowerState (FollowerState.java:run(117)) - a36a670b-6f05-41e5-b505-2b1a8d9f1f79@group-129E33F6DE87-FollowerState was interrupted: java.lang.InterruptedException: sleep interrupted
2019-10-21 22:01:29,535 [grpc-default-executor-6] INFO  impl.RoleInfo (RoleInfo.java:updateAndGet(143)) - a36a670b-6f05-41e5-b505-2b1a8d9f1f79: start FollowerState
2019-10-21 22:01:29,536 [Thread-801] INFO  impl.FollowerState (FollowerState.java:run(117)) - 756f57d6-6136-46f3-b5ea-af957dae1eda@group-129E33F6DE87-FollowerState was interrupted: java.lang.InterruptedException: sleep interrupted
2019-10-21 22:01:29,535 [grpc-default-executor-7] INFO  impl.RoleInfo (RoleInfo.java:updateAndGet(143)) - 756f57d6-6136-46f3-b5ea-af957dae1eda: start FollowerState
2019-10-21 22:01:29,552 [d2d0250e-a378-4f8a-a4ff-ce07d96628f4@group-129E33F6DE87-LeaderElection67] INFO  impl.LeaderElection (LeaderElection.java:logAndReturn(56)) - d2d0250e-a378-4f8a-a4ff-ce07d96628f4@group-129E33F6DE87-LeaderElection67: Election REJECTED; received 2 response(s) [d2d0250e-a378-4f8a-a4ff-ce07d96628f4<-756f57d6-6136-46f3-b5ea-af957dae1eda#0:FAIL-t47, d2d0250e-a378-4f8a-a4ff-ce07d96628f4<-a36a670b-6f05-41e5-b505-2b1a8d9f1f79#0:FAIL-t47] and 0 exception(s); d2d0250e-a378-4f8a-a4ff-ce07d96628f4@group-129E33F6DE87:t47, leader=null, voted=d2d0250e-a378-4f8a-a4ff-ce07d96628f4, raftlog=d2d0250e-a378-4f8a-a4ff-ce07d96628f4@group-129E33F6DE87-SegmentedRaftLog:OPENED:c-1,f-1,i0, conf=-1: [756f57d6-6136-46f3-b5ea-af957dae1eda:192.168.34.8:33063, d2d0250e-a378-4f8a-a4ff-ce07d96628f4:192.168.34.8:43170, a36a670b-6f05-41e5-b505-2b1a8d9f1f79:192.168.34.8:32869], old=null
2019-10-21 22:01:29,552 [d2d0250e-a378-4f8a-a4ff-ce07d96628f4@group-129E33F6DE87-LeaderElection67] INFO  impl.RaftServerImpl (RaftServerImpl.java:setRole(184)) - d2d0250e-a378-4f8a-a4ff-ce07d96628f4@group-129E33F6DE87: changes role from CANDIDATE to FOLLOWER at term 47 for DISCOVERED_A_NEW_TERM
2019-10-21 22:01:29,552 [d2d0250e-a378-4f8a-a4ff-ce07d96628f4@group-129E33F6DE87-LeaderElection67] INFO  impl.RoleInfo (RoleInfo.java:shutdownLeaderElection(134)) - d2d0250e-a378-4f8a-a4ff-ce07d96628f4: shutdown LeaderElection
2019-10-21 22:01:29,553 [d2d0250e-a378-4f8a-a4ff-ce07d96628f4@group-129E33F6DE87-LeaderElection67] INFO  impl.RoleInfo (RoleInfo.java:updateAndGet(143)) - d2d0250e-a378-4f8a-a4ff-ce07d96628f4: start FollowerState
2019-10-21 22:01:29,694 [Thread-813] INFO  impl.FollowerState (FollowerState.java:run(108)) - d2d0250e-a378-4f8a-a4ff-ce07d96628f4@group-129E33F6DE87-FollowerState: change to CANDIDATE, lastRpcTime:141ms, electionTimeout:141ms
2019-10-21 22:01:29,694 [Thread-813] INFO  impl.RoleInfo (RoleInfo.java:shutdownFollowerState(121)) - d2d0250e-a378-4f8a-a4ff-ce07d96628f4: shutdown FollowerState
2019-10-21 22:01:29,695 [Thread-813] INFO  impl.RaftServerImpl (RaftServerImpl.java:setRole(184)) - d2d0250e-a378-4f8a-a4ff-ce07d96628f4@group-129E33F6DE87: changes role from  FOLLOWER to CANDIDATE at term 47 for changeToCandidate
2019-10-21 22:01:29,695 [Thread-813] INFO  impl.RoleInfo (RoleInfo.java:updateAndGet(143)) - d2d0250e-a378-4f8a-a4ff-ce07d96628f4: start LeaderElection
2019-10-21 22:01:29,709 [d2d0250e-a378-4f8a-a4ff-ce07d96628f4@group-129E33F6DE87-LeaderElection68] INFO  impl.LeaderElection (LeaderElection.java:askForVotes(178)) - d2d0250e-a378-4f8a-a4ff-ce07d96628f4@group-129E33F6DE87-LeaderElection68: begin an election at term 48 for -1: [756f57d6-6136-46f3-b5ea-af957dae1eda:192.168.34.8:33063, d2d0250e-a378-4f8a-a4ff-ce07d96628f4:192.168.34.8:43170, a36a670b-6f05-41e5-b505-2b1a8d9f1f79:192.168.34.8:32869], old=null
2019-10-21 22:01:29,712 [grpc-default-executor-7] INFO  impl.RaftServerImpl (RaftServerImpl.java:setRole(184)) - 756f57d6-6136-46f3-b5ea-af957dae1eda@group-129E33F6DE87: changes role from  FOLLOWER to FOLLOWER at term 48 for recognizeCandidate:d2d0250e-a378-4f8a-a4ff-ce07d96628f4
2019-10-21 22:01:29,712 [grpc-default-executor-0] INFO  impl.RaftServerImpl (RaftServerImpl.java:setRole(184)) - a36a670b-6f05-41e5-b505-2b1a8d9f1f79@group-129E33F6DE87: changes role from  FOLLOWER to FOLLOWER at term 48 for recognizeCandidate:d2d0250e-a378-4f8a-a4ff-ce07d96628f4
2019-10-21 22:01:29,713 [grpc-default-executor-7] INFO  impl.RoleInfo (RoleInfo.java:shutdownFollowerState(121)) - 756f57d6-6136-46f3-b5ea-af957dae1eda: shutdown FollowerState
2019-10-21 22:01:29,713 [grpc-default-executor-0] INFO  impl.RoleInfo (RoleInfo.java:shutdownFollowerState(121)) - a36a670b-6f05-41e5-b505-2b1a8d9f1f79: shutdown FollowerState
2019-10-21 22:01:29,713 [Thread-812] INFO  impl.FollowerState (FollowerState.java:run(117)) - 756f57d6-6136-46f3-b5ea-af957dae1eda@group-129E33F6DE87-FollowerState was interrupted: java.lang.InterruptedException: sleep interrupted
2019-10-21 22:01:29,713 [grpc-default-executor-7] INFO  impl.RoleInfo (RoleInfo.java:updateAndGet(143)) - 756f57d6-6136-46f3-b5ea-af957dae1eda: start FollowerState
2019-10-21 22:01:29,713 [Thread-811] INFO  impl.FollowerState (FollowerState.java:run(117)) - a36a670b-6f05-41e5-b505-2b1a8d9f1f79@group-129E33F6DE87-FollowerState was interrupted: java.lang.InterruptedException: sleep interrupted
2019-10-21 22:01:29,713 [grpc-default-executor-0] INFO  impl.RoleInfo (RoleInfo.java:updateAndGet(143)) - a36a670b-6f05-41e5-b505-2b1a8d9f1f79: start FollowerState
2019-10-21 22:01:29,724 [d2d0250e-a378-4f8a-a4ff-ce07d96628f4@group-129E33F6DE87-LeaderElection68] INFO  impl.LeaderElection (LeaderElection.java:logAndReturn(56)) - d2d0250e-a378-4f8a-a4ff-ce07d96628f4@group-129E33F6DE87-LeaderElection68: Election TIMEOUT; received 0 response(s) [] and 0 exception(s); d2d0250e-a378-4f8a-a4ff-ce07d96628f4@group-129E33F6DE87:t48, leader=null, voted=d2d0250e-a378-4f8a-a4ff-ce07d96628f4, raftlog=d2d0250e-a378-4f8a-a4ff-ce07d96628f4@group-129E33F6DE87-SegmentedRaftLog:OPENED:c-1,f-1,i0, conf=-1: [756f57d6-6136-46f3-b5ea-af957dae1eda:192.168.34.8:33063, d2d0250e-a378-4f8a-a4ff-ce07d96628f4:192.168.34.8:43170, a36a670b-6f05-41e5-b505-2b1a8d9f1f79:192.168.34.8:32869], old=null
2019-10-21 22:01:29,747 [d2d0250e-a378-4f8a-a4ff-ce07d96628f4@group-129E33F6DE87-LeaderElection68] INFO  impl.LeaderElection (LeaderElection.java:askForVotes(178)) - d2d0250e-a378-4f8a-a4ff-ce07d96628f4@group-129E33F6DE87-LeaderElection68: begin an election at term 49 for -1: [756f57d6-6136-46f3-b5ea-af957dae1eda:192.168.34.8:33063, d2d0250e-a378-4f8a-a4ff-ce07d96628f4:192.168.34.8:43170, a36a670b-6f05-41e5-b505-2b1a8d9f1f79:192.168.34.8:32869], old=null
2019-10-21 22:01:29,749 [grpc-default-executor-0] INFO  impl.RaftServerImpl (RaftServerImpl.java:setRole(184)) - 756f57d6-6136-46f3-b5ea-af957dae1eda@group-129E33F6DE87: changes role from  FOLLOWER to FOLLOWER at term 49 for recognizeCandidate:d2d0250e-a378-4f8a-a4ff-ce07d96628f4
2019-10-21 22:01:29,749 [grpc-default-executor-0] INFO  impl.RoleInfo (RoleInfo.java:shutdownFollowerState(121)) - 756f57d6-6136-46f3-b5ea-af957dae1eda: shutdown FollowerState
2019-10-21 22:01:29,749 [grpc-default-executor-0] INFO  impl.RoleInfo (RoleInfo.java:updateAndGet(143)) - 756f57d6-6136-46f3-b5ea-af957dae1eda: start FollowerState
2019-10-21 22:01:29,749 [Thread-819] INFO  impl.FollowerState (FollowerState.java:run(117)) - 756f57d6-6136-46f3-b5ea-af957dae1eda@group-129E33F6DE87-FollowerState was interrupted: java.lang.InterruptedException: sleep interrupted
2019-10-21 22:01:29,750 [grpc-default-executor-7] INFO  impl.RaftServerImpl (RaftServerImpl.java:setRole(184)) - a36a670b-6f05-41e5-b505-2b1a8d9f1f79@group-129E33F6DE87: changes role from  FOLLOWER to FOLLOWER at term 49 for recognizeCandidate:d2d0250e-a378-4f8a-a4ff-ce07d96628f4
2019-10-21 22:01:29,750 [grpc-default-executor-7] INFO  impl.RoleInfo (RoleInfo.java:shutdownFollowerState(121)) - a36a670b-6f05-41e5-b505-2b1a8d9f1f79: shutdown FollowerState
2019-10-21 22:01:29,750 [grpc-default-executor-7] INFO  impl.RoleInfo (RoleInfo.java:updateAndGet(143)) - a36a670b-6f05-41e5-b505-2b1a8d9f1f79: start FollowerState
2019-10-21 22:01:29,750 [Thread-820] INFO  impl.FollowerState (FollowerState.java:run(117)) - a36a670b-6f05-41e5-b505-2b1a8d9f1f79@group-129E33F6DE87-FollowerState was interrupted: java.lang.InterruptedException: sleep interrupted
2019-10-21 22:01:29,765 [d2d0250e-a378-4f8a-a4ff-ce07d96628f4@group-129E33F6DE87-LeaderElection68] INFO  impl.LeaderElection (LeaderElection.java:logAndReturn(56)) - d2d0250e-a378-4f8a-a4ff-ce07d96628f4@group-129E33F6DE87-LeaderElection68: Election REJECTED; received 2 response(s) [d2d0250e-a378-4f8a-a4ff-ce07d96628f4<-756f57d6-6136-46f3-b5ea-af957dae1eda#0:FAIL-t49, d2d0250e-a378-4f8a-a4ff-ce07d96628f4<-a36a670b-6f05-41e5-b505-2b1a8d9f1f79#0:FAIL-t49] and 0 exception(s); d2d0250e-a378-4f8a-a4ff-ce07d96628f4@group-129E33F6DE87:t49, leader=null, voted=d2d0250e-a378-4f8a-a4ff-ce07d96628f4, raftlog=d2d0250e-a378-4f8a-a4ff-ce07d96628f4@group-129E33F6DE87-SegmentedRaftLog:OPENED:c-1,f-1,i0, conf=-1: [756f57d6-6136-46f3-b5ea-af957dae1eda:192.168.34.8:33063, d2d0250e-a378-4f8a-a4ff-ce07d96628f4:192.168.34.8:43170, a36a670b-6f05-41e5-b505-2b1a8d9f1f79:192.168.34.8:32869], old=null
2019-10-21 22:01:29,765 [d2d0250e-a378-4f8a-a4ff-ce07d96628f4@group-129E33F6DE87-LeaderElection68] INFO  impl.RaftServerImpl (RaftServerImpl.java:setRole(184)) - d2d0250e-a378-4f8a-a4ff-ce07d96628f4@group-129E33F6DE87: changes role from CANDIDATE to FOLLOWER at term 49 for DISCOVERED_A_NEW_TERM
2019-10-21 22:01:29,765 [d2d0250e-a378-4f8a-a4ff-ce07d96628f4@group-129E33F6DE87-LeaderElection68] INFO  impl.RoleInfo (RoleInfo.java:shutdownLeaderElection(134)) - d2d0250e-a378-4f8a-a4ff-ce07d96628f4: shutdown LeaderElection
2019-10-21 22:01:29,765 [d2d0250e-a378-4f8a-a4ff-ce07d96628f4@group-129E33F6DE87-LeaderElection68] INFO  impl.RoleInfo (RoleInfo.java:updateAndGet(143)) - d2d0250e-a378-4f8a-a4ff-ce07d96628f4: start FollowerState
2019-10-21 22:01:29,962 [Thread-825] INFO  impl.FollowerState (FollowerState.java:run(108)) - d2d0250e-a378-4f8a-a4ff-ce07d96628f4@group-129E33F6DE87-FollowerState: change to CANDIDATE, lastRpcTime:196ms, electionTimeout:196ms
2019-10-21 22:01:29,962 [Thread-825] INFO  impl.RoleInfo (RoleInfo.java:shutdownFollowerState(121)) - d2d0250e-a378-4f8a-a4ff-ce07d96628f4: shutdown FollowerState
2019-10-21 22:01:29,962 [Thread-825] INFO  impl.RaftServerImpl (RaftServerImpl.java:setRole(184)) - d2d0250e-a378-4f8a-a4ff-ce07d96628f4@group-129E33F6DE87: changes role from  FOLLOWER to CANDIDATE at term 49 for changeToCandidate
2019-10-21 22:01:29,962 [Thread-825] INFO  impl.RoleInfo (RoleInfo.java:updateAndGet(143)) - d2d0250e-a378-4f8a-a4ff-ce07d96628f4: start LeaderElection
2019-10-21 22:01:29,976 [d2d0250e-a378-4f8a-a4ff-ce07d96628f4@group-129E33F6DE87-LeaderElection69] INFO  impl.LeaderElection (LeaderElection.java:askForVotes(178)) - d2d0250e-a378-4f8a-a4ff-ce07d96628f4@group-129E33F6DE87-LeaderElection69: begin an election at term 50 for -1: [756f57d6-6136-46f3-b5ea-af957dae1eda:192.168.34.8:33063, d2d0250e-a378-4f8a-a4ff-ce07d96628f4:192.168.34.8:43170, a36a670b-6f05-41e5-b505-2b1a8d9f1f79:192.168.34.8:32869], old=null
2019-10-21 22:01:29,978 [d2d0250e-a378-4f8a-a4ff-ce07d96628f4@group-129E33F6DE87-LeaderElection69] INFO  impl.LeaderElection (LeaderElection.java:logAndReturn(56)) - d2d0250e-a378-4f8a-a4ff-ce07d96628f4@group-129E33F6DE87-LeaderElection69: Election TIMEOUT; received 0 response(s) [] and 0 exception(s); d2d0250e-a378-4f8a-a4ff-ce07d96628f4@group-129E33F6DE87:t50, leader=null, voted=d2d0250e-a378-4f8a-a4ff-ce07d96628f4, raftlog=d2d0250e-a378-4f8a-a4ff-ce07d96628f4@group-129E33F6DE87-SegmentedRaftLog:OPENED:c-1,f-1,i0, conf=-1: [756f57d6-6136-46f3-b5ea-af957dae1eda:192.168.34.8:33063, d2d0250e-a378-4f8a-a4ff-ce07d96628f4:192.168.34.8:43170, a36a670b-6f05-41e5-b505-2b1a8d9f1f79:192.168.34.8:32869], old=null
2019-10-21 22:01:29,979 [grpc-default-executor-7] INFO  impl.RaftServerImpl (RaftServerImpl.java:setRole(184)) - 756f57d6-6136-46f3-b5ea-af957dae1eda@group-129E33F6DE87: changes role from  FOLLOWER to FOLLOWER at term 50 for recognizeCandidate:d2d0250e-a378-4f8a-a4ff-ce07d96628f4
2019-10-21 22:01:29,979 [grpc-default-executor-0] INFO  impl.RaftServerImpl (RaftServerImpl.java:setRole(184)) - a36a670b-6f05-41e5-b505-2b1a8d9f1f79@group-129E33F6DE87: changes role from  FOLLOWER to FOLLOWER at term 50 for recognizeCandidate:d2d0250e-a378-4f8a-a4ff-ce07d96628f4
2019-10-21 22:01:29,979 [grpc-default-executor-7] INFO  impl.RoleInfo (RoleInfo.java:shutdownFollowerState(121)) - 756f57d6-6136-46f3-b5ea-af957dae1eda: shutdown FollowerState
2019-10-21 22:01:29,979 [grpc-default-executor-0] INFO  impl.RoleInfo (RoleInfo.java:shutdownFollowerState(121)) - a36a670b-6f05-41e5-b505-2b1a8d9f1f79: shutdown FollowerState
2019-10-21 22:01:29,979 [Thread-823] INFO  impl.FollowerState (FollowerState.java:run(117)) - 756f57d6-6136-46f3-b5ea-af957dae1eda@group-129E33F6DE87-FollowerState was interrupted: java.lang.InterruptedException: sleep interrupted
2019-10-21 22:01:29,979 [grpc-default-executor-7] INFO  impl.RoleInfo (RoleInfo.java:updateAndGet(143)) - 756f57d6-6136-46f3-b5ea-af957dae1eda: start FollowerState
2019-10-21 22:01:29,980 [Thread-824] INFO  impl.FollowerState (FollowerState.java:run(117)) - a36a670b-6f05-41e5-b505-2b1a8d9f1f79@group-129E33F6DE87-FollowerState was interrupted: java.lang.InterruptedException: sleep interrupted
2019-10-21 22:01:29,980 [grpc-default-executor-0] INFO  impl.RoleInfo (RoleInfo.java:updateAndGet(143)) - a36a670b-6f05-41e5-b505-2b1a8d9f1f79: start FollowerState
2019-10-21 22:01:29,992 [d2d0250e-a378-4f8a-a4ff-ce07d96628f4@group-129E33F6DE87-LeaderElection69] INFO  impl.LeaderElection (LeaderElection.java:askForVotes(178)) - d2d0250e-a378-4f8a-a4ff-ce07d96628f4@group-129E33F6DE87-LeaderElection69: begin an election at term 51 for -1: [756f57d6-6136-46f3-b5ea-af957dae1eda:192.168.34.8:33063, d2d0250e-a378-4f8a-a4ff-ce07d96628f4:192.168.34.8:43170, a36a670b-6f05-41e5-b505-2b1a8d9f1f79:192.168.34.8:32869], old=null
2019-10-21 22:01:29,994 [grpc-default-executor-0] INFO  impl.RaftServerImpl (RaftServerImpl.java:setRole(184)) - 756f57d6-6136-46f3-b5ea-af957dae1eda@group-129E33F6DE87: changes role from  FOLLOWER to FOLLOWER at term 51 for recognizeCandidate:d2d0250e-a378-4f8a-a4ff-ce07d96628f4
2019-10-21 22:01:29,994 [grpc-default-executor-0] INFO  impl.RoleInfo (RoleInfo.java:shutdownFollowerState(121)) - 756f57d6-6136-46f3-b5ea-af957dae1eda: shutdown FollowerState
2019-10-21 22:01:29,994 [grpc-default-executor-0] INFO  impl.RoleInfo (RoleInfo.java:updateAndGet(143)) - 756f57d6-6136-46f3-b5ea-af957dae1eda: start FollowerState
2019-10-21 22:01:29,994 [Thread-831] INFO  impl.FollowerState (FollowerState.java:run(117)) - 756f57d6-6136-46f3-b5ea-af957dae1eda@group-129E33F6DE87-FollowerState was interrupted: java.lang.InterruptedException: sleep interrupted
2019-10-21 22:01:29,994 [grpc-default-executor-7] INFO  impl.RaftServerImpl (RaftServerImpl.java:setRole(184)) - a36a670b-6f05-41e5-b505-2b1a8d9f1f79@group-129E33F6DE87: changes role from  FOLLOWER to FOLLOWER at term 51 for recognizeCandidate:d2d0250e-a378-4f8a-a4ff-ce07d96628f4
2019-10-21 22:01:29,995 [grpc-default-executor-7] INFO  impl.RoleInfo (RoleInfo.java:shutdownFollowerState(121)) - a36a670b-6f05-41e5-b505-2b1a8d9f1f79: shutdown FollowerState
2019-10-21 22:01:29,995 [grpc-default-executor-7] INFO  impl.RoleInfo (RoleInfo.java:updateAndGet(143)) - a36a670b-6f05-41e5-b505-2b1a8d9f1f79: start FollowerState
2019-10-21 22:01:29,995 [Thread-832] INFO  impl.FollowerState (FollowerState.java:run(117)) - a36a670b-6f05-41e5-b505-2b1a8d9f1f79@group-129E33F6DE87-FollowerState was interrupted: java.lang.InterruptedException: sleep interrupted
2019-10-21 22:01:30,001 [d2d0250e-a378-4f8a-a4ff-ce07d96628f4@group-129E33F6DE87-LeaderElection69] INFO  impl.LeaderElection (LeaderElection.java:logAndReturn(56)) - d2d0250e-a378-4f8a-a4ff-ce07d96628f4@group-129E33F6DE87-LeaderElection69: Election REJECTED; received 2 response(s) [d2d0250e-a378-4f8a-a4ff-ce07d96628f4<-756f57d6-6136-46f3-b5ea-af957dae1eda#0:FAIL-t51, d2d0250e-a378-4f8a-a4ff-ce07d96628f4<-a36a670b-6f05-41e5-b505-2b1a8d9f1f79#0:FAIL-t51] and 0 exception(s); d2d0250e-a378-4f8a-a4ff-ce07d96628f4@group-129E33F6DE87:t51, leader=null, voted=d2d0250e-a378-4f8a-a4ff-ce07d96628f4, raftlog=d2d0250e-a378-4f8a-a4ff-ce07d96628f4@group-129E33F6DE87-SegmentedRaftLog:OPENED:c-1,f-1,i0, conf=-1: [756f57d6-6136-46f3-b5ea-af957dae1eda:192.168.34.8:33063, d2d0250e-a378-4f8a-a4ff-ce07d96628f4:192.168.34.8:43170, a36a670b-6f05-41e5-b505-2b1a8d9f1f79:192.168.34.8:32869], old=null
2019-10-21 22:01:30,002 [d2d0250e-a378-4f8a-a4ff-ce07d96628f4@group-129E33F6DE87-LeaderElection69] INFO  impl.RaftServerImpl (RaftServerImpl.java:setRole(184)) - d2d0250e-a378-4f8a-a4ff-ce07d96628f4@group-129E33F6DE87: changes role from CANDIDATE to FOLLOWER at term 51 for DISCOVERED_A_NEW_TERM
2019-10-21 22:01:30,002 [d2d0250e-a378-4f8a-a4ff-ce07d96628f4@group-129E33F6DE87-LeaderElection69] INFO  impl.RoleInfo (RoleInfo.java:shutdownLeaderElection(134)) - d2d0250e-a378-4f8a-a4ff-ce07d96628f4: shutdown LeaderElection
2019-10-21 22:01:30,002 [d2d0250e-a378-4f8a-a4ff-ce07d96628f4@group-129E33F6DE87-LeaderElection69] INFO  impl.RoleInfo (RoleInfo.java:updateAndGet(143)) - d2d0250e-a378-4f8a-a4ff-ce07d96628f4: start FollowerState
2019-10-21 22:01:30,144 [Thread-837] INFO  impl.FollowerState (FollowerState.java:run(108)) - d2d0250e-a378-4f8a-a4ff-ce07d96628f4@group-129E33F6DE87-FollowerState: change to CANDIDATE, lastRpcTime:142ms, electionTimeout:142ms
2019-10-21 22:01:30,144 [Thread-837] INFO  impl.RoleInfo (RoleInfo.java:shutdownFollowerState(121)) - d2d0250e-a378-4f8a-a4ff-ce07d96628f4: shutdown FollowerState
2019-10-21 22:01:30,145 [Thread-837] INFO  impl.RaftServerImpl (RaftServerImpl.java:setRole(184)) - d2d0250e-a378-4f8a-a4ff-ce07d96628f4@group-129E33F6DE87: changes role from  FOLLOWER to CANDIDATE at term 51 for changeToCandidate
2019-10-21 22:01:30,145 [Thread-837] INFO  impl.RoleInfo (RoleInfo.java:updateAndGet(143)) - d2d0250e-a378-4f8a-a4ff-ce07d96628f4: start LeaderElection
2019-10-21 22:01:30,161 [d2d0250e-a378-4f8a-a4ff-ce07d96628f4@group-129E33F6DE87-LeaderElection70] INFO  impl.LeaderElection (LeaderElection.java:askForVotes(178)) - d2d0250e-a378-4f8a-a4ff-ce07d96628f4@group-129E33F6DE87-LeaderElection70: begin an election at term 52 for -1: [756f57d6-6136-46f3-b5ea-af957dae1eda:192.168.34.8:33063, d2d0250e-a378-4f8a-a4ff-ce07d96628f4:192.168.34.8:43170, a36a670b-6f05-41e5-b505-2b1a8d9f1f79:192.168.34.8:32869], old=null
2019-10-21 22:01:30,163 [grpc-default-executor-7] INFO  impl.RaftServerImpl (RaftServerImpl.java:setRole(184)) - 756f57d6-6136-46f3-b5ea-af957dae1eda@group-129E33F6DE87: changes role from  FOLLOWER to FOLLOWER at term 52 for recognizeCandidate:d2d0250e-a378-4f8a-a4ff-ce07d96628f4
2019-10-21 22:01:30,163 [grpc-default-executor-0] INFO  impl.RaftServerImpl (RaftServerImpl.java:setRole(184)) - a36a670b-6f05-41e5-b505-2b1a8d9f1f79@group-129E33F6DE87: changes role from  FOLLOWER to FOLLOWER at term 52 for recognizeCandidate:d2d0250e-a378-4f8a-a4ff-ce07d96628f4
2019-10-21 22:01:30,163 [grpc-default-executor-7] INFO  impl.RoleInfo (RoleInfo.java:shutdownFollowerState(121)) - 756f57d6-6136-46f3-b5ea-af957dae1eda: shutdown FollowerState
2019-10-21 22:01:30,164 [grpc-default-executor-0] INFO  impl.RoleInfo (RoleInfo.java:shutdownFollowerState(121)) - a36a670b-6f05-41e5-b505-2b1a8d9f1f79: shutdown FollowerState
2019-10-21 22:01:30,164 [Thread-835] INFO  impl.FollowerState (FollowerState.java:run(117)) - 756f57d6-6136-46f3-b5ea-af957dae1eda@group-129E33F6DE87-FollowerState was interrupted: java.lang.InterruptedException: sleep interrupted
2019-10-21 22:01:30,164 [grpc-default-executor-0] INFO  impl.RoleInfo (RoleInfo.java:updateAndGet(143)) - a36a670b-6f05-41e5-b505-2b1a8d9f1f79: start FollowerState
2019-10-21 22:01:30,164 [grpc-default-executor-7] INFO  impl.RoleInfo (RoleInfo.java:updateAndGet(143)) - 756f57d6-6136-46f3-b5ea-af957dae1eda: start FollowerState
2019-10-21 22:01:30,164 [Thread-836] INFO  impl.FollowerState (FollowerState.java:run(117)) - a36a670b-6f05-41e5-b505-2b1a8d9f1f79@group-129E33F6DE87-FollowerState was interrupted: java.lang.InterruptedException: sleep interrupted
2019-10-21 22:01:30,303 [d2d0250e-a378-4f8a-a4ff-ce07d96628f4@group-129E33F6DE87-LeaderElection70] INFO  impl.LeaderElection (LeaderElection.java:logAndReturn(56)) - d2d0250e-a378-4f8a-a4ff-ce07d96628f4@group-129E33F6DE87-LeaderElection70: Election TIMEOUT; received 0 response(s) [] and 0 exception(s); d2d0250e-a378-4f8a-a4ff-ce07d96628f4@group-129E33F6DE87:t52, leader=null, voted=d2d0250e-a378-4f8a-a4ff-ce07d96628f4, raftlog=d2d0250e-a378-4f8a-a4ff-ce07d96628f4@group-129E33F6DE87-SegmentedRaftLog:OPENED:c-1,f-1,i0, conf=-1: [756f57d6-6136-46f3-b5ea-af957dae1eda:192.168.34.8:33063, d2d0250e-a378-4f8a-a4ff-ce07d96628f4:192.168.34.8:43170, a36a670b-6f05-41e5-b505-2b1a8d9f1f79:192.168.34.8:32869], old=null
2019-10-21 22:01:30,698 [d2d0250e-a378-4f8a-a4ff-ce07d96628f4@group-129E33F6DE87-LeaderElection70] INFO  impl.LeaderElection (LeaderElection.java:askForVotes(178)) - d2d0250e-a378-4f8a-a4ff-ce07d96628f4@group-129E33F6DE87-LeaderElection70: begin an election at term 53 for -1: [756f57d6-6136-46f3-b5ea-af957dae1eda:192.168.34.8:33063, d2d0250e-a378-4f8a-a4ff-ce07d96628f4:192.168.34.8:43170, a36a670b-6f05-41e5-b505-2b1a8d9f1f79:192.168.34.8:32869], old=null
2019-10-21 22:01:30,701 [grpc-default-executor-7] INFO  impl.RaftServerImpl (RaftServerImpl.java:setRole(184)) - 756f57d6-6136-46f3-b5ea-af957dae1eda@group-129E33F6DE87: changes role from  FOLLOWER to FOLLOWER at term 53 for recognizeCandidate:d2d0250e-a378-4f8a-a4ff-ce07d96628f4
2019-10-21 22:01:30,701 [grpc-default-executor-0] INFO  impl.RaftServerImpl (RaftServerImpl.java:setRole(184)) - a36a670b-6f05-41e5-b505-2b1a8d9f1f79@group-129E33F6DE87: changes role from  FOLLOWER to FOLLOWER at term 53 for recognizeCandidate:d2d0250e-a378-4f8a-a4ff-ce07d96628f4
2019-10-21 22:01:30,701 [grpc-default-executor-7] INFO  impl.RoleInfo (RoleInfo.java:shutdownFollowerState(121)) - 756f57d6-6136-46f3-b5ea-af957dae1eda: shutdown FollowerState
2019-10-21 22:01:30,701 [grpc-default-executor-0] INFO  impl.RoleInfo (RoleInfo.java:shutdownFollowerState(121)) - a36a670b-6f05-41e5-b505-2b1a8d9f1f79: shutdown FollowerState
2019-10-21 22:01:30,702 [Thread-841] INFO  impl.FollowerState (FollowerState.java:run(117)) - 756f57d6-6136-46f3-b5ea-af957dae1eda@group-129E33F6DE87-FollowerState was interrupted: java.lang.InterruptedException: sleep interrupted
2019-10-21 22:01:30,702 [grpc-default-executor-7] INFO  impl.RoleInfo (RoleInfo.java:updateAndGet(143)) - 756f57d6-6136-46f3-b5ea-af957dae1eda: start FollowerState
2019-10-21 22:01:30,702 [Thread-842] INFO  impl.FollowerState (FollowerState.java:run(117)) - a36a670b-6f05-41e5-b505-2b1a8d9f1f79@group-129E33F6DE87-FollowerState was interrupted: java.lang.InterruptedException: sleep interrupted
2019-10-21 22:01:30,702 [grpc-default-executor-0] INFO  impl.RoleInfo (RoleInfo.java:updateAndGet(143)) - a36a670b-6f05-41e5-b505-2b1a8d9f1f79: start FollowerState
2019-10-21 22:01:30,712 [d2d0250e-a378-4f8a-a4ff-ce07d96628f4@group-129E33F6DE87-LeaderElection70] INFO  impl.LeaderElection (LeaderElection.java:logAndReturn(56)) - d2d0250e-a378-4f8a-a4ff-ce07d96628f4@group-129E33F6DE87-LeaderElection70: Election REJECTED; received 2 response(s) [d2d0250e-a378-4f8a-a4ff-ce07d96628f4<-756f57d6-6136-46f3-b5ea-af957dae1eda#0:FAIL-t53, d2d0250e-a378-4f8a-a4ff-ce07d96628f4<-a36a670b-6f05-41e5-b505-2b1a8d9f1f79#0:FAIL-t53] and 0 exception(s); d2d0250e-a378-4f8a-a4ff-ce07d96628f4@group-129E33F6DE87:t53, leader=null, voted=d2d0250e-a378-4f8a-a4ff-ce07d96628f4, raftlog=d2d0250e-a378-4f8a-a4ff-ce07d96628f4@group-129E33F6DE87-SegmentedRaftLog:OPENED:c-1,f-1,i0, conf=-1: [756f57d6-6136-46f3-b5ea-af957dae1eda:192.168.34.8:33063, d2d0250e-a378-4f8a-a4ff-ce07d96628f4:192.168.34.8:43170, a36a670b-6f05-41e5-b505-2b1a8d9f1f79:192.168.34.8:32869], old=null
2019-10-21 22:01:30,712 [d2d0250e-a378-4f8a-a4ff-ce07d96628f4@group-129E33F6DE87-LeaderElection70] INFO  impl.RaftServerImpl (RaftServerImpl.java:setRole(184)) - d2d0250e-a378-4f8a-a4ff-ce07d96628f4@group-129E33F6DE87: changes role from CANDIDATE to FOLLOWER at term 53 for DISCOVERED_A_NEW_TERM
2019-10-21 22:01:30,712 [d2d0250e-a378-4f8a-a4ff-ce07d96628f4@group-129E33F6DE87-LeaderElection70] INFO  impl.RoleInfo (RoleInfo.java:shutdownLeaderElection(134)) - d2d0250e-a378-4f8a-a4ff-ce07d96628f4: shutdown LeaderElection
2019-10-21 22:01:30,713 [d2d0250e-a378-4f8a-a4ff-ce07d96628f4@group-129E33F6DE87-LeaderElection70] INFO  impl.RoleInfo (RoleInfo.java:updateAndGet(143)) - d2d0250e-a378-4f8a-a4ff-ce07d96628f4: start FollowerState
2019-10-21 22:01:30,865 [Thread-853] INFO  impl.FollowerState (FollowerState.java:run(108)) - d2d0250e-a378-4f8a-a4ff-ce07d96628f4@group-129E33F6DE87-FollowerState: change to CANDIDATE, lastRpcTime:152ms, electionTimeout:152ms
2019-10-21 22:01:30,865 [Thread-853] INFO  impl.RoleInfo (RoleInfo.java:shutdownFollowerState(121)) - d2d0250e-a378-4f8a-a4ff-ce07d96628f4: shutdown FollowerState
2019-10-21 22:01:30,866 [Thread-853] INFO  impl.RaftServerImpl (RaftServerImpl.java:setRole(184)) - d2d0250e-a378-4f8a-a4ff-ce07d96628f4@group-129E33F6DE87: changes role from  FOLLOWER to CANDIDATE at term 53 for changeToCandidate
2019-10-21 22:01:30,866 [Thread-853] INFO  impl.RoleInfo (RoleInfo.java:updateAndGet(143)) - d2d0250e-a378-4f8a-a4ff-ce07d96628f4: start LeaderElection
2019-10-21 22:01:30,873 [d2d0250e-a378-4f8a-a4ff-ce07d96628f4@group-129E33F6DE87-LeaderElection71] INFO  impl.LeaderElection (LeaderElection.java:askForVotes(178)) - d2d0250e-a378-4f8a-a4ff-ce07d96628f4@group-129E33F6DE87-LeaderElection71: begin an election at term 54 for -1: [756f57d6-6136-46f3-b5ea-af957dae1eda:192.168.34.8:33063, d2d0250e-a378-4f8a-a4ff-ce07d96628f4:192.168.34.8:43170, a36a670b-6f05-41e5-b505-2b1a8d9f1f79:192.168.34.8:32869], old=null
2019-10-21 22:01:30,876 [grpc-default-executor-0] INFO  impl.RaftServerImpl (RaftServerImpl.java:setRole(184)) - a36a670b-6f05-41e5-b505-2b1a8d9f1f79@group-129E33F6DE87: changes role from  FOLLOWER to FOLLOWER at term 54 for recognizeCandidate:d2d0250e-a378-4f8a-a4ff-ce07d96628f4
2019-10-21 22:01:30,876 [grpc-default-executor-7] INFO  impl.RaftServerImpl (RaftServerImpl.java:setRole(184)) - 756f57d6-6136-46f3-b5ea-af957dae1eda@group-129E33F6DE87: changes role from  FOLLOWER to FOLLOWER at term 54 for recognizeCandidate:d2d0250e-a378-4f8a-a4ff-ce07d96628f4
2019-10-21 22:01:30,876 [grpc-default-executor-0] INFO  impl.RoleInfo (RoleInfo.java:shutdownFollowerState(121)) - a36a670b-6f05-41e5-b505-2b1a8d9f1f79: shutdown FollowerState
2019-10-21 22:01:30,877 [grpc-default-executor-7] INFO  impl.RoleInfo (RoleInfo.java:shutdownFollowerState(121)) - 756f57d6-6136-46f3-b5ea-af957dae1eda: shutdown FollowerState
2019-10-21 22:01:30,877 [Thread-852] INFO  impl.FollowerState (FollowerState.java:run(117)) - a36a670b-6f05-41e5-b505-2b1a8d9f1f79@group-129E33F6DE87-FollowerState was interrupted: java.lang.InterruptedException: sleep interrupted
2019-10-21 22:01:30,877 [grpc-default-executor-0] INFO  impl.RoleInfo (RoleInfo.java:updateAndGet(143)) - a36a670b-6f05-41e5-b505-2b1a8d9f1f79: start FollowerState
2019-10-21 22:01:30,877 [grpc-default-executor-7] INFO  impl.RoleInfo (RoleInfo.java:updateAndGet(143)) - 756f57d6-6136-46f3-b5ea-af957dae1eda: start FollowerState
2019-10-21 22:01:30,877 [Thread-851] INFO  impl.FollowerState (FollowerState.java:run(117)) - 756f57d6-6136-46f3-b5ea-af957dae1eda@group-129E33F6DE87-FollowerState was interrupted: java.lang.InterruptedException: sleep interrupted
2019-10-21 22:01:30,887 [d2d0250e-a378-4f8a-a4ff-ce07d96628f4@group-129E33F6DE87-LeaderElection71] INFO  impl.LeaderElection (LeaderElection.java:logAndReturn(56)) - d2d0250e-a378-4f8a-a4ff-ce07d96628f4@group-129E33F6DE87-LeaderElection71: Election REJECTED; received 2 response(s) [d2d0250e-a378-4f8a-a4ff-ce07d96628f4<-756f57d6-6136-46f3-b5ea-af957dae1eda#0:FAIL-t54, d2d0250e-a378-4f8a-a4ff-ce07d96628f4<-a36a670b-6f05-41e5-b505-2b1a8d9f1f79#0:FAIL-t54] and 0 exception(s); d2d0250e-a378-4f8a-a4ff-ce07d96628f4@group-129E33F6DE87:t54, leader=null, voted=d2d0250e-a378-4f8a-a4ff-ce07d96628f4, raftlog=d2d0250e-a378-4f8a-a4ff-ce07d96628f4@group-129E33F6DE87-SegmentedRaftLog:OPENED:c-1,f-1,i0, conf=-1: [756f57d6-6136-46f3-b5ea-af957dae1eda:192.168.34.8:33063, d2d0250e-a378-4f8a-a4ff-ce07d96628f4:192.168.34.8:43170, a36a670b-6f05-41e5-b505-2b1a8d9f1f79:192.168.34.8:32869], old=null
2019-10-21 22:01:30,887 [d2d0250e-a378-4f8a-a4ff-ce07d96628f4@group-129E33F6DE87-LeaderElection71] INFO  impl.RaftServerImpl (RaftServerImpl.java:setRole(184)) - d2d0250e-a378-4f8a-a4ff-ce07d96628f4@group-129E33F6DE87: changes role from CANDIDATE to FOLLOWER at term 54 for DISCOVERED_A_NEW_TERM
2019-10-21 22:01:30,887 [d2d0250e-a378-4f8a-a4ff-ce07d96628f4@group-129E33F6DE87-LeaderElection71] INFO  impl.RoleInfo (RoleInfo.java:shutdownLeaderElection(134)) - d2d0250e-a378-4f8a-a4ff-ce07d96628f4: shutdown LeaderElection
2019-10-21 22:01:30,887 [d2d0250e-a378-4f8a-a4ff-ce07d96628f4@group-129E33F6DE87-LeaderElection71] INFO  impl.RoleInfo (RoleInfo.java:updateAndGet(143)) - d2d0250e-a378-4f8a-a4ff-ce07d96628f4: start FollowerState
2019-10-21 22:01:30,890 [Thread-861] INFO  impl.FollowerState (FollowerState.java:run(108)) - d2d0250e-a378-4f8a-a4ff-ce07d96628f4@group-129E33F6DE87-FollowerState: change to CANDIDATE, lastRpcTime:2ms, electionTimeout:2ms
2019-10-21 22:01:30,890 [Thread-861] INFO  impl.RoleInfo (RoleInfo.java:shutdownFollowerState(121)) - d2d0250e-a378-4f8a-a4ff-ce07d96628f4: shutdown FollowerState
2019-10-21 22:01:30,890 [Thread-861] INFO  impl.RaftServerImpl (RaftServerImpl.java:setRole(184)) - d2d0250e-a378-4f8a-a4ff-ce07d96628f4@group-129E33F6DE87: changes role from  FOLLOWER to CANDIDATE at term 54 for changeToCandidate
2019-10-21 22:01:30,890 [Thread-861] INFO  impl.RoleInfo (RoleInfo.java:updateAndGet(143)) - d2d0250e-a378-4f8a-a4ff-ce07d96628f4: start LeaderElection
2019-10-21 22:01:30,898 [d2d0250e-a378-4f8a-a4ff-ce07d96628f4@group-129E33F6DE87-LeaderElection72] INFO  impl.LeaderElection (LeaderElection.java:askForVotes(178)) - d2d0250e-a378-4f8a-a4ff-ce07d96628f4@group-129E33F6DE87-LeaderElection72: begin an election at term 55 for -1: [756f57d6-6136-46f3-b5ea-af957dae1eda:192.168.34.8:33063, d2d0250e-a378-4f8a-a4ff-ce07d96628f4:192.168.34.8:43170, a36a670b-6f05-41e5-b505-2b1a8d9f1f79:192.168.34.8:32869], old=null
2019-10-21 22:01:30,900 [grpc-default-executor-0] INFO  impl.RaftServerImpl (RaftServerImpl.java:setRole(184)) - a36a670b-6f05-41e5-b505-2b1a8d9f1f79@group-129E33F6DE87: changes role from  FOLLOWER to FOLLOWER at term 55 for recognizeCandidate:d2d0250e-a378-4f8a-a4ff-ce07d96628f4
2019-10-21 22:01:30,900 [grpc-default-executor-0] INFO  impl.RoleInfo (RoleInfo.java:shutdownFollowerState(121)) - a36a670b-6f05-41e5-b505-2b1a8d9f1f79: shutdown FollowerState
2019-10-21 22:01:30,900 [grpc-default-executor-7] INFO  impl.RaftServerImpl (RaftServerImpl.java:setRole(184)) - 756f57d6-6136-46f3-b5ea-af957dae1eda@group-129E33F6DE87: changes role from  FOLLOWER to FOLLOWER at term 55 for recognizeCandidate:d2d0250e-a378-4f8a-a4ff-ce07d96628f4
2019-10-21 22:01:30,900 [Thread-859] INFO  impl.FollowerState (FollowerState.java:run(117)) - a36a670b-6f05-41e5-b505-2b1a8d9f1f79@group-129E33F6DE87-FollowerState was interrupted: java.lang.InterruptedException: sleep interrupted
2019-10-21 22:01:30,900 [grpc-default-executor-0] INFO  impl.RoleInfo (RoleInfo.java:updateAndGet(143)) - a36a670b-6f05-41e5-b505-2b1a8d9f1f79: start FollowerState
2019-10-21 22:01:30,900 [grpc-default-executor-7] INFO  impl.RoleInfo (RoleInfo.java:shutdownFollowerState(121)) - 756f57d6-6136-46f3-b5ea-af957dae1eda: shutdown FollowerState
2019-10-21 22:01:30,901 [grpc-default-executor-7] INFO  impl.RoleInfo (RoleInfo.java:updateAndGet(143)) - 756f57d6-6136-46f3-b5ea-af957dae1eda: start FollowerState
2019-10-21 22:01:30,901 [Thread-860] INFO  impl.FollowerState (FollowerState.java:run(117)) - 756f57d6-6136-46f3-b5ea-af957dae1eda@group-129E33F6DE87-FollowerState was interrupted: java.lang.InterruptedException: sleep interrupted
2019-10-21 22:01:30,908 [d2d0250e-a378-4f8a-a4ff-ce07d96628f4@group-129E33F6DE87-LeaderElection72] INFO  impl.LeaderElection (LeaderElection.java:logAndReturn(56)) - d2d0250e-a378-4f8a-a4ff-ce07d96628f4@group-129E33F6DE87-LeaderElection72: Election REJECTED; received 2 response(s) [d2d0250e-a378-4f8a-a4ff-ce07d96628f4<-756f57d6-6136-46f3-b5ea-af957dae1eda#0:FAIL-t55, d2d0250e-a378-4f8a-a4ff-ce07d96628f4<-a36a670b-6f05-41e5-b505-2b1a8d9f1f79#0:FAIL-t55] and 0 exception(s); d2d0250e-a378-4f8a-a4ff-ce07d96628f4@group-129E33F6DE87:t55, leader=null, voted=d2d0250e-a378-4f8a-a4ff-ce07d96628f4, raftlog=d2d0250e-a378-4f8a-a4ff-ce07d96628f4@group-129E33F6DE87-SegmentedRaftLog:OPENED:c-1,f-1,i0, conf=-1: [756f57d6-6136-46f3-b5ea-af957dae1eda:192.168.34.8:33063, d2d0250e-a378-4f8a-a4ff-ce07d96628f4:192.168.34.8:43170, a36a670b-6f05-41e5-b505-2b1a8d9f1f79:192.168.34.8:32869], old=null
2019-10-21 22:01:30,908 [d2d0250e-a378-4f8a-a4ff-ce07d96628f4@group-129E33F6DE87-LeaderElection72] INFO  impl.RaftServerImpl (RaftServerImpl.java:setRole(184)) - d2d0250e-a378-4f8a-a4ff-ce07d96628f4@group-129E33F6DE87: changes role from CANDIDATE to FOLLOWER at term 55 for DISCOVERED_A_NEW_TERM
2019-10-21 22:01:30,908 [d2d0250e-a378-4f8a-a4ff-ce07d96628f4@group-129E33F6DE87-LeaderElection72] INFO  impl.RoleInfo (RoleInfo.java:shutdownLeaderElection(134)) - d2d0250e-a378-4f8a-a4ff-ce07d96628f4: shutdown LeaderElection
2019-10-21 22:01:30,908 [d2d0250e-a378-4f8a-a4ff-ce07d96628f4@group-129E33F6DE87-LeaderElection72] INFO  impl.RoleInfo (RoleInfo.java:updateAndGet(143)) - d2d0250e-a378-4f8a-a4ff-ce07d96628f4: start FollowerState
2019-10-21 22:01:31,003 [Thread-867] INFO  impl.FollowerState (FollowerState.java:run(108)) - d2d0250e-a378-4f8a-a4ff-ce07d96628f4@group-129E33F6DE87-FollowerState: change to CANDIDATE, lastRpcTime:95ms, electionTimeout:95ms
2019-10-21 22:01:31,004 [Thread-867] INFO  impl.RoleInfo (RoleInfo.java:shutdownFollowerState(121)) - d2d0250e-a378-4f8a-a4ff-ce07d96628f4: shutdown FollowerState
2019-10-21 22:01:31,004 [Thread-867] INFO  impl.RaftServerImpl (RaftServerImpl.java:setRole(184)) - d2d0250e-a378-4f8a-a4ff-ce07d96628f4@group-129E33F6DE87: changes role from  FOLLOWER to CANDIDATE at term 55 for changeToCandidate
2019-10-21 22:01:31,004 [Thread-867] INFO  impl.RoleInfo (RoleInfo.java:updateAndGet(143)) - d2d0250e-a378-4f8a-a4ff-ce07d96628f4: start LeaderElection
2019-10-21 22:01:31,022 [d2d0250e-a378-4f8a-a4ff-ce07d96628f4@group-129E33F6DE87-LeaderElection73] INFO  impl.LeaderElection (LeaderElection.java:askForVotes(178)) - d2d0250e-a378-4f8a-a4ff-ce07d96628f4@group-129E33F6DE87-LeaderElection73: begin an election at term 56 for -1: [756f57d6-6136-46f3-b5ea-af957dae1eda:192.168.34.8:33063, d2d0250e-a378-4f8a-a4ff-ce07d96628f4:192.168.34.8:43170, a36a670b-6f05-41e5-b505-2b1a8d9f1f79:192.168.34.8:32869], old=null
2019-10-21 22:01:31,025 [grpc-default-executor-0] INFO  impl.RaftServerImpl (RaftServerImpl.java:setRole(184)) - 756f57d6-6136-46f3-b5ea-af957dae1eda@group-129E33F6DE87: changes role from  FOLLOWER to FOLLOWER at term 56 for recognizeCandidate:d2d0250e-a378-4f8a-a4ff-ce07d96628f4
2019-10-21 22:01:31,025 [grpc-default-executor-0] INFO  impl.RoleInfo (RoleInfo.java:shutdownFollowerState(121)) - 756f57d6-6136-46f3-b5ea-af957dae1eda: shutdown FollowerState
2019-10-21 22:01:31,025 [grpc-default-executor-7] INFO  impl.RaftServerImpl (RaftServerImpl.java:setRole(184)) - a36a670b-6f05-41e5-b505-2b1a8d9f1f79@group-129E33F6DE87: changes role from  FOLLOWER to FOLLOWER at term 56 for recognizeCandidate:d2d0250e-a378-4f8a-a4ff-ce07d96628f4
2019-10-21 22:01:31,025 [Thread-866] INFO  impl.FollowerState (FollowerState.java:run(117)) - 756f57d6-6136-46f3-b5ea-af957dae1eda@group-129E33F6DE87-FollowerState was interrupted: java.lang.InterruptedException: sleep interrupted
2019-10-21 22:01:31,025 [grpc-default-executor-0] INFO  impl.RoleInfo (RoleInfo.java:updateAndGet(143)) - 756f57d6-6136-46f3-b5ea-af957dae1eda: start FollowerState
2019-10-21 22:01:31,025 [grpc-default-executor-7] INFO  impl.RoleInfo (RoleInfo.java:shutdownFollowerState(121)) - a36a670b-6f05-41e5-b505-2b1a8d9f1f79: shutdown FollowerState
2019-10-21 22:01:31,025 [grpc-default-executor-7] INFO  impl.RoleInfo (RoleInfo.java:updateAndGet(143)) - a36a670b-6f05-41e5-b505-2b1a8d9f1f79: start FollowerState
2019-10-21 22:01:31,025 [Thread-865] INFO  impl.FollowerState (FollowerState.java:run(117)) - a36a670b-6f05-41e5-b505-2b1a8d9f1f79@group-129E33F6DE87-FollowerState was interrupted: java.lang.InterruptedException: sleep interrupted
2019-10-21 22:01:31,040 [d2d0250e-a378-4f8a-a4ff-ce07d96628f4@group-129E33F6DE87-LeaderElection73] INFO  impl.LeaderElection (LeaderElection.java:logAndReturn(56)) - d2d0250e-a378-4f8a-a4ff-ce07d96628f4@group-129E33F6DE87-LeaderElection73: Election REJECTED; received 2 response(s) [d2d0250e-a378-4f8a-a4ff-ce07d96628f4<-756f57d6-6136-46f3-b5ea-af957dae1eda#0:FAIL-t56, d2d0250e-a378-4f8a-a4ff-ce07d96628f4<-a36a670b-6f05-41e5-b505-2b1a8d9f1f79#0:FAIL-t56] and 0 exception(s); d2d0250e-a378-4f8a-a4ff-ce07d96628f4@group-129E33F6DE87:t56, leader=null, voted=d2d0250e-a378-4f8a-a4ff-ce07d96628f4, raftlog=d2d0250e-a378-4f8a-a4ff-ce07d96628f4@group-129E33F6DE87-SegmentedRaftLog:OPENED:c-1,f-1,i0, conf=-1: [756f57d6-6136-46f3-b5ea-af957dae1eda:192.168.34.8:33063, d2d0250e-a378-4f8a-a4ff-ce07d96628f4:192.168.34.8:43170, a36a670b-6f05-41e5-b505-2b1a8d9f1f79:192.168.34.8:32869], old=null
2019-10-21 22:01:31,040 [d2d0250e-a378-4f8a-a4ff-ce07d96628f4@group-129E33F6DE87-LeaderElection73] INFO  impl.RaftServerImpl (RaftServerImpl.java:setRole(184)) - d2d0250e-a378-4f8a-a4ff-ce07d96628f4@group-129E33F6DE87: changes role from CANDIDATE to FOLLOWER at term 56 for DISCOVERED_A_NEW_TERM
2019-10-21 22:01:31,040 [d2d0250e-a378-4f8a-a4ff-ce07d96628f4@group-129E33F6DE87-LeaderElection73] INFO  impl.RoleInfo (RoleInfo.java:shutdownLeaderElection(134)) - d2d0250e-a378-4f8a-a4ff-ce07d96628f4: shutdown LeaderElection
2019-10-21 22:01:31,040 [d2d0250e-a378-4f8a-a4ff-ce07d96628f4@group-129E33F6DE87-LeaderElection73] INFO  impl.RoleInfo (RoleInfo.java:updateAndGet(143)) - d2d0250e-a378-4f8a-a4ff-ce07d96628f4: start FollowerState
2019-10-21 22:01:31,224 [Thread-875] INFO  impl.FollowerState (FollowerState.java:run(108)) - d2d0250e-a378-4f8a-a4ff-ce07d96628f4@group-129E33F6DE87-FollowerState: change to CANDIDATE, lastRpcTime:183ms, electionTimeout:183ms
2019-10-21 22:01:31,224 [Thread-875] INFO  impl.RoleInfo (RoleInfo.java:shutdownFollowerState(121)) - d2d0250e-a378-4f8a-a4ff-ce07d96628f4: shutdown FollowerState
2019-10-21 22:01:31,224 [Thread-875] INFO  impl.RaftServerImpl (RaftServerImpl.java:setRole(184)) - d2d0250e-a378-4f8a-a4ff-ce07d96628f4@group-129E33F6DE87: changes role from  FOLLOWER to CANDIDATE at term 56 for changeToCandidate
2019-10-21 22:01:31,224 [Thread-875] INFO  impl.RoleInfo (RoleInfo.java:updateAndGet(143)) - d2d0250e-a378-4f8a-a4ff-ce07d96628f4: start LeaderElection
2019-10-21 22:01:31,238 [d2d0250e-a378-4f8a-a4ff-ce07d96628f4@group-129E33F6DE87-LeaderElection74] INFO  impl.LeaderElection (LeaderElection.java:askForVotes(178)) - d2d0250e-a378-4f8a-a4ff-ce07d96628f4@group-129E33F6DE87-LeaderElection74: begin an election at term 57 for -1: [756f57d6-6136-46f3-b5ea-af957dae1eda:192.168.34.8:33063, d2d0250e-a378-4f8a-a4ff-ce07d96628f4:192.168.34.8:43170, a36a670b-6f05-41e5-b505-2b1a8d9f1f79:192.168.34.8:32869], old=null
2019-10-21 22:01:31,244 [grpc-default-executor-7] INFO  impl.RaftServerImpl (RaftServerImpl.java:setRole(184)) - a36a670b-6f05-41e5-b505-2b1a8d9f1f79@group-129E33F6DE87: changes role from  FOLLOWER to FOLLOWER at term 57 for recognizeCandidate:d2d0250e-a378-4f8a-a4ff-ce07d96628f4
2019-10-21 22:01:31,244 [grpc-default-executor-0] INFO  impl.RaftServerImpl (RaftServerImpl.java:setRole(184)) - 756f57d6-6136-46f3-b5ea-af957dae1eda@group-129E33F6DE87: changes role from  FOLLOWER to FOLLOWER at term 57 for recognizeCandidate:d2d0250e-a378-4f8a-a4ff-ce07d96628f4
2019-10-21 22:01:31,244 [grpc-default-executor-7] INFO  impl.RoleInfo (RoleInfo.java:shutdownFollowerState(121)) - a36a670b-6f05-41e5-b505-2b1a8d9f1f79: shutdown FollowerState
2019-10-21 22:01:31,244 [grpc-default-executor-0] INFO  impl.RoleInfo (RoleInfo.java:shutdownFollowerState(121)) - 756f57d6-6136-46f3-b5ea-af957dae1eda: shutdown FollowerState
2019-10-21 22:01:31,245 [Thread-874] INFO  impl.FollowerState (FollowerState.java:run(117)) - a36a670b-6f05-41e5-b505-2b1a8d9f1f79@group-129E33F6DE87-FollowerState was interrupted: java.lang.InterruptedException: sleep interrupted
2019-10-21 22:01:31,245 [grpc-default-executor-7] INFO  impl.RoleInfo (RoleInfo.java:updateAndGet(143)) - a36a670b-6f05-41e5-b505-2b1a8d9f1f79: start FollowerState
2019-10-21 22:01:31,245 [Thread-873] INFO  impl.FollowerState (FollowerState.java:run(117)) - 756f57d6-6136-46f3-b5ea-af957dae1eda@group-129E33F6DE87-FollowerState was interrupted: java.lang.InterruptedException: sleep interrupted
2019-10-21 22:01:31,245 [grpc-default-executor-0] INFO  impl.RoleInfo (RoleInfo.java:updateAndGet(143)) - 756f57d6-6136-46f3-b5ea-af957dae1eda: start FollowerState
2019-10-21 22:01:31,260 [d2d0250e-a378-4f8a-a4ff-ce07d96628f4@group-129E33F6DE87-LeaderElection74] INFO  impl.LeaderElection (LeaderElection.java:logAndReturn(56)) - d2d0250e-a378-4f8a-a4ff-ce07d96628f4@group-129E33F6DE87-LeaderElection74: Election REJECTED; received 2 response(s) [d2d0250e-a378-4f8a-a4ff-ce07d96628f4<-756f57d6-6136-46f3-b5ea-af957dae1eda#0:FAIL-t57, d2d0250e-a378-4f8a-a4ff-ce07d96628f4<-a36a670b-6f05-41e5-b505-2b1a8d9f1f79#0:FAIL-t57] and 0 exception(s); d2d0250e-a378-4f8a-a4ff-ce07d96628f4@group-129E33F6DE87:t57, leader=null, voted=d2d0250e-a378-4f8a-a4ff-ce07d96628f4, raftlog=d2d0250e-a378-4f8a-a4ff-ce07d96628f4@group-129E33F6DE87-SegmentedRaftLog:OPENED:c-1,f-1,i0, conf=-1: [756f57d6-6136-46f3-b5ea-af957dae1eda:192.168.34.8:33063, d2d0250e-a378-4f8a-a4ff-ce07d96628f4:192.168.34.8:43170, a36a670b-6f05-41e5-b505-2b1a8d9f1f79:192.168.34.8:32869], old=null
2019-10-21 22:01:31,260 [d2d0250e-a378-4f8a-a4ff-ce07d96628f4@group-129E33F6DE87-LeaderElection74] INFO  impl.RaftServerImpl (RaftServerImpl.java:setRole(184)) - d2d0250e-a378-4f8a-a4ff-ce07d96628f4@group-129E33F6DE87: changes role from CANDIDATE to FOLLOWER at term 57 for DISCOVERED_A_NEW_TERM
2019-10-21 22:01:31,260 [d2d0250e-a378-4f8a-a4ff-ce07d96628f4@group-129E33F6DE87-LeaderElection74] INFO  impl.RoleInfo (RoleInfo.java:shutdownLeaderElection(134)) - d2d0250e-a378-4f8a-a4ff-ce07d96628f4: shutdown LeaderElection
2019-10-21 22:01:31,260 [d2d0250e-a378-4f8a-a4ff-ce07d96628f4@group-129E33F6DE87-LeaderElection74] INFO  impl.RoleInfo (RoleInfo.java:updateAndGet(143)) - d2d0250e-a378-4f8a-a4ff-ce07d96628f4: start FollowerState
2019-10-21 22:01:31,429 [Thread-883] INFO  impl.FollowerState (FollowerState.java:run(108)) - d2d0250e-a378-4f8a-a4ff-ce07d96628f4@group-129E33F6DE87-FollowerState: change to CANDIDATE, lastRpcTime:168ms, electionTimeout:168ms
2019-10-21 22:01:31,429 [Thread-883] INFO  impl.RoleInfo (RoleInfo.java:shutdownFollowerState(121)) - d2d0250e-a378-4f8a-a4ff-ce07d96628f4: shutdown FollowerState
2019-10-21 22:01:31,429 [Thread-883] INFO  impl.RaftServerImpl (RaftServerImpl.java:setRole(184)) - d2d0250e-a378-4f8a-a4ff-ce07d96628f4@group-129E33F6DE87: changes role from  FOLLOWER to CANDIDATE at term 57 for changeToCandidate
2019-10-21 22:01:31,430 [Thread-883] INFO  impl.RoleInfo (RoleInfo.java:updateAndGet(143)) - d2d0250e-a378-4f8a-a4ff-ce07d96628f4: start LeaderElection
2019-10-21 22:01:31,444 [d2d0250e-a378-4f8a-a4ff-ce07d96628f4@group-129E33F6DE87-LeaderElection75] INFO  impl.LeaderElection (LeaderElection.java:askForVotes(178)) - d2d0250e-a378-4f8a-a4ff-ce07d96628f4@group-129E33F6DE87-LeaderElection75: begin an election at term 58 for -1: [756f57d6-6136-46f3-b5ea-af957dae1eda:192.168.34.8:33063, d2d0250e-a378-4f8a-a4ff-ce07d96628f4:192.168.34.8:43170, a36a670b-6f05-41e5-b505-2b1a8d9f1f79:192.168.34.8:32869], old=null
2019-10-21 22:01:31,447 [grpc-default-executor-0] INFO  impl.RaftServerImpl (RaftServerImpl.java:setRole(184)) - a36a670b-6f05-41e5-b505-2b1a8d9f1f79@group-129E33F6DE87: changes role from  FOLLOWER to FOLLOWER at term 58 for recognizeCandidate:d2d0250e-a378-4f8a-a4ff-ce07d96628f4
2019-10-21 22:01:31,448 [grpc-default-executor-0] INFO  impl.RoleInfo (RoleInfo.java:shutdownFollowerState(121)) - a36a670b-6f05-41e5-b505-2b1a8d9f1f79: shutdown FollowerState
2019-10-21 22:01:31,448 [grpc-default-executor-0] INFO  impl.RoleInfo (RoleInfo.java:updateAndGet(143)) - a36a670b-6f05-41e5-b505-2b1a8d9f1f79: start FollowerState
2019-10-21 22:01:31,448 [Thread-881] INFO  impl.FollowerState (FollowerState.java:run(117)) - a36a670b-6f05-41e5-b505-2b1a8d9f1f79@group-129E33F6DE87-FollowerState was interrupted: java.lang.InterruptedException: sleep interrupted
2019-10-21 22:01:31,448 [grpc-default-executor-7] INFO  impl.RaftServerImpl (RaftServerImpl.java:setRole(184)) - 756f57d6-6136-46f3-b5ea-af957dae1eda@group-129E33F6DE87: changes role from  FOLLOWER to FOLLOWER at term 58 for recognizeCandidate:d2d0250e-a378-4f8a-a4ff-ce07d96628f4
2019-10-21 22:01:31,448 [grpc-default-executor-7] INFO  impl.RoleInfo (RoleInfo.java:shutdownFollowerState(121)) - 756f57d6-6136-46f3-b5ea-af957dae1eda: shutdown FollowerState
2019-10-21 22:01:31,449 [grpc-default-executor-7] INFO  impl.RoleInfo (RoleInfo.java:updateAndGet(143)) - 756f57d6-6136-46f3-b5ea-af957dae1eda: start FollowerState
2019-10-21 22:01:31,449 [Thread-882] INFO  impl.FollowerState (FollowerState.java:run(117)) - 756f57d6-6136-46f3-b5ea-af957dae1eda@group-129E33F6DE87-FollowerState was interrupted: java.lang.InterruptedException: sleep interrupted
2019-10-21 22:01:31,463 [d2d0250e-a378-4f8a-a4ff-ce07d96628f4@group-129E33F6DE87-LeaderElection75] INFO  impl.LeaderElection (LeaderElection.java:logAndReturn(56)) - d2d0250e-a378-4f8a-a4ff-ce07d96628f4@group-129E33F6DE87-LeaderElection75: Election REJECTED; received 2 response(s) [d2d0250e-a378-4f8a-a4ff-ce07d96628f4<-756f57d6-6136-46f3-b5ea-af957dae1eda#0:FAIL-t58, d2d0250e-a378-4f8a-a4ff-ce07d96628f4<-a36a670b-6f05-41e5-b505-2b1a8d9f1f79#0:FAIL-t58] and 0 exception(s); d2d0250e-a378-4f8a-a4ff-ce07d96628f4@group-129E33F6DE87:t58, leader=null, voted=d2d0250e-a378-4f8a-a4ff-ce07d96628f4, raftlog=d2d0250e-a378-4f8a-a4ff-ce07d96628f4@group-129E33F6DE87-SegmentedRaftLog:OPENED:c-1,f-1,i0, conf=-1: [756f57d6-6136-46f3-b5ea-af957dae1eda:192.168.34.8:33063, d2d0250e-a378-4f8a-a4ff-ce07d96628f4:192.168.34.8:43170, a36a670b-6f05-41e5-b505-2b1a8d9f1f79:192.168.34.8:32869], old=null
2019-10-21 22:01:31,463 [d2d0250e-a378-4f8a-a4ff-ce07d96628f4@group-129E33F6DE87-LeaderElection75] INFO  impl.RaftServerImpl (RaftServerImpl.java:setRole(184)) - d2d0250e-a378-4f8a-a4ff-ce07d96628f4@group-129E33F6DE87: changes role from CANDIDATE to FOLLOWER at term 58 for DISCOVERED_A_NEW_TERM
2019-10-21 22:01:31,463 [d2d0250e-a378-4f8a-a4ff-ce07d96628f4@group-129E33F6DE87-LeaderElection75] INFO  impl.RoleInfo (RoleInfo.java:shutdownLeaderElection(134)) - d2d0250e-a378-4f8a-a4ff-ce07d96628f4: shutdown LeaderElection
2019-10-21 22:01:31,463 [d2d0250e-a378-4f8a-a4ff-ce07d96628f4@group-129E33F6DE87-LeaderElection75] INFO  impl.RoleInfo (RoleInfo.java:updateAndGet(143)) - d2d0250e-a378-4f8a-a4ff-ce07d96628f4: start FollowerState
2019-10-21 22:01:31,664 [Thread-892] INFO  impl.FollowerState (FollowerState.java:run(108)) - d2d0250e-a378-4f8a-a4ff-ce07d96628f4@group-129E33F6DE87-FollowerState: change to CANDIDATE, lastRpcTime:200ms, electionTimeout:200ms
2019-10-21 22:01:31,664 [Thread-892] INFO  impl.RoleInfo (RoleInfo.java:shutdownFollowerState(121)) - d2d0250e-a378-4f8a-a4ff-ce07d96628f4: shutdown FollowerState
2019-10-21 22:01:31,664 [Thread-892] INFO  impl.RaftServerImpl (RaftServerImpl.java:setRole(184)) - d2d0250e-a378-4f8a-a4ff-ce07d96628f4@group-129E33F6DE87: changes role from  FOLLOWER to CANDIDATE at term 58 for changeToCandidate
2019-10-21 22:01:31,664 [Thread-892] INFO  impl.RoleInfo (RoleInfo.java:updateAndGet(143)) - d2d0250e-a378-4f8a-a4ff-ce07d96628f4: start LeaderElection
2019-10-21 22:01:31,679 [d2d0250e-a378-4f8a-a4ff-ce07d96628f4@group-129E33F6DE87-LeaderElection76] INFO  impl.LeaderElection (LeaderElection.java:askForVotes(178)) - d2d0250e-a378-4f8a-a4ff-ce07d96628f4@group-129E33F6DE87-LeaderElection76: begin an election at term 59 for -1: [756f57d6-6136-46f3-b5ea-af957dae1eda:192.168.34.8:33063, d2d0250e-a378-4f8a-a4ff-ce07d96628f4:192.168.34.8:43170, a36a670b-6f05-41e5-b505-2b1a8d9f1f79:192.168.34.8:32869], old=null
2019-10-21 22:01:31,682 [grpc-default-executor-7] INFO  impl.RaftServerImpl (RaftServerImpl.java:setRole(184)) - 756f57d6-6136-46f3-b5ea-af957dae1eda@group-129E33F6DE87: changes role from  FOLLOWER to FOLLOWER at term 59 for recognizeCandidate:d2d0250e-a378-4f8a-a4ff-ce07d96628f4
2019-10-21 22:01:31,682 [grpc-default-executor-0] INFO  impl.RaftServerImpl (RaftServerImpl.java:setRole(184)) - a36a670b-6f05-41e5-b505-2b1a8d9f1f79@group-129E33F6DE87: changes role from  FOLLOWER to FOLLOWER at term 59 for recognizeCandidate:d2d0250e-a378-4f8a-a4ff-ce07d96628f4
2019-10-21 22:01:31,682 [grpc-default-executor-7] INFO  impl.RoleInfo (RoleInfo.java:shutdownFollowerState(121)) - 756f57d6-6136-46f3-b5ea-af957dae1eda: shutdown FollowerState
2019-10-21 22:01:31,683 [grpc-default-executor-0] INFO  impl.RoleInfo (RoleInfo.java:shutdownFollowerState(121)) - a36a670b-6f05-41e5-b505-2b1a8d9f1f79: shutdown FollowerState
2019-10-21 22:01:31,683 [grpc-default-executor-7] INFO  impl.RoleInfo (RoleInfo.java:updateAndGet(143)) - 756f57d6-6136-46f3-b5ea-af957dae1eda: start FollowerState
2019-10-21 22:01:31,683 [Thread-891] INFO  impl.FollowerState (FollowerState.java:run(117)) - 756f57d6-6136-46f3-b5ea-af957dae1eda@group-129E33F6DE87-FollowerState was interrupted: java.lang.InterruptedException: sleep interrupted
2019-10-21 22:01:31,683 [Thread-890] INFO  impl.FollowerState (FollowerState.java:run(117)) - a36a670b-6f05-41e5-b505-2b1a8d9f1f79@group-129E33F6DE87-FollowerState was interrupted: java.lang.InterruptedException: sleep interrupted
2019-10-21 22:01:31,683 [grpc-default-executor-0] INFO  impl.RoleInfo (RoleInfo.java:updateAndGet(143)) - a36a670b-6f05-41e5-b505-2b1a8d9f1f79: start FollowerState
2019-10-21 22:01:31,698 [d2d0250e-a378-4f8a-a4ff-ce07d96628f4@group-129E33F6DE87-LeaderElection76] INFO  impl.LeaderElection (LeaderElection.java:logAndReturn(56)) - d2d0250e-a378-4f8a-a4ff-ce07d96628f4@group-129E33F6DE87-LeaderElection76: Election REJECTED; received 2 response(s) [d2d0250e-a378-4f8a-a4ff-ce07d96628f4<-756f57d6-6136-46f3-b5ea-af957dae1eda#0:FAIL-t59, d2d0250e-a378-4f8a-a4ff-ce07d96628f4<-a36a670b-6f05-41e5-b505-2b1a8d9f1f79#0:FAIL-t59] and 0 exception(s); d2d0250e-a378-4f8a-a4ff-ce07d96628f4@group-129E33F6DE87:t59, leader=null, voted=d2d0250e-a378-4f8a-a4ff-ce07d96628f4, raftlog=d2d0250e-a378-4f8a-a4ff-ce07d96628f4@group-129E33F6DE87-SegmentedRaftLog:OPENED:c-1,f-1,i0, conf=-1: [756f57d6-6136-46f3-b5ea-af957dae1eda:192.168.34.8:33063, d2d0250e-a378-4f8a-a4ff-ce07d96628f4:192.168.34.8:43170, a36a670b-6f05-41e5-b505-2b1a8d9f1f79:192.168.34.8:32869], old=null
2019-10-21 22:01:31,698 [d2d0250e-a378-4f8a-a4ff-ce07d96628f4@group-129E33F6DE87-LeaderElection76] INFO  impl.RaftServerImpl (RaftServerImpl.java:setRole(184)) - d2d0250e-a378-4f8a-a4ff-ce07d96628f4@group-129E33F6DE87: changes role from CANDIDATE to FOLLOWER at term 59 for DISCOVERED_A_NEW_TERM
2019-10-21 22:01:31,698 [d2d0250e-a378-4f8a-a4ff-ce07d96628f4@group-129E33F6DE87-LeaderElection76] INFO  impl.RoleInfo (RoleInfo.java:shutdownLeaderElection(134)) - d2d0250e-a378-4f8a-a4ff-ce07d96628f4: shutdown LeaderElection
2019-10-21 22:01:31,699 [d2d0250e-a378-4f8a-a4ff-ce07d96628f4@group-129E33F6DE87-LeaderElection76] INFO  impl.RoleInfo (RoleInfo.java:updateAndGet(143)) - d2d0250e-a378-4f8a-a4ff-ce07d96628f4: start FollowerState
2019-10-21 22:01:31,831 [Thread-899] INFO  impl.FollowerState (FollowerState.java:run(108)) - d2d0250e-a378-4f8a-a4ff-ce07d96628f4@group-129E33F6DE87-FollowerState: change to CANDIDATE, lastRpcTime:132ms, electionTimeout:132ms
2019-10-21 22:01:31,831 [Thread-899] INFO  impl.RoleInfo (RoleInfo.java:shutdownFollowerState(121)) - d2d0250e-a378-4f8a-a4ff-ce07d96628f4: shutdown FollowerState
2019-10-21 22:01:31,832 [Thread-899] INFO  impl.RaftServerImpl (RaftServerImpl.java:setRole(184)) - d2d0250e-a378-4f8a-a4ff-ce07d96628f4@group-129E33F6DE87: changes role from  FOLLOWER to CANDIDATE at term 59 for changeToCandidate
2019-10-21 22:01:31,832 [Thread-899] INFO  impl.RoleInfo (RoleInfo.java:updateAndGet(143)) - d2d0250e-a378-4f8a-a4ff-ce07d96628f4: start LeaderElection
2019-10-21 22:01:31,846 [d2d0250e-a378-4f8a-a4ff-ce07d96628f4@group-129E33F6DE87-LeaderElection77] INFO  impl.LeaderElection (LeaderElection.java:askForVotes(178)) - d2d0250e-a378-4f8a-a4ff-ce07d96628f4@group-129E33F6DE87-LeaderElection77: begin an election at term 60 for -1: [756f57d6-6136-46f3-b5ea-af957dae1eda:192.168.34.8:33063, d2d0250e-a378-4f8a-a4ff-ce07d96628f4:192.168.34.8:43170, a36a670b-6f05-41e5-b505-2b1a8d9f1f79:192.168.34.8:32869], old=null
2019-10-21 22:01:31,850 [grpc-default-executor-0] INFO  impl.RaftServerImpl (RaftServerImpl.java:setRole(184)) - 756f57d6-6136-46f3-b5ea-af957dae1eda@group-129E33F6DE87: changes role from  FOLLOWER to FOLLOWER at term 60 for recognizeCandidate:d2d0250e-a378-4f8a-a4ff-ce07d96628f4
2019-10-21 22:01:31,850 [grpc-default-executor-7] INFO  impl.RaftServerImpl (RaftServerImpl.java:setRole(184)) - a36a670b-6f05-41e5-b505-2b1a8d9f1f79@group-129E33F6DE87: changes role from  FOLLOWER to FOLLOWER at term 60 for recognizeCandidate:d2d0250e-a378-4f8a-a4ff-ce07d96628f4
2019-10-21 22:01:31,850 [grpc-default-executor-0] INFO  impl.RoleInfo (RoleInfo.java:shutdownFollowerState(121)) - 756f57d6-6136-46f3-b5ea-af957dae1eda: shutdown FollowerState
2019-10-21 22:01:31,850 [grpc-default-executor-7] INFO  impl.RoleInfo (RoleInfo.java:shutdownFollowerState(121)) - a36a670b-6f05-41e5-b505-2b1a8d9f1f79: shutdown FollowerState
2019-10-21 22:01:31,850 [Thread-897] INFO  impl.FollowerState (FollowerState.java:run(117)) - 756f57d6-6136-46f3-b5ea-af957dae1eda@group-129E33F6DE87-FollowerState was interrupted: java.lang.InterruptedException: sleep interrupted
2019-10-21 22:01:31,850 [grpc-default-executor-0] INFO  impl.RoleInfo (RoleInfo.java:updateAndGet(143)) - 756f57d6-6136-46f3-b5ea-af957dae1eda: start FollowerState
2019-10-21 22:01:31,851 [Thread-898] INFO  impl.FollowerState (FollowerState.java:run(117)) - a36a670b-6f05-41e5-b505-2b1a8d9f1f79@group-129E33F6DE87-FollowerState was interrupted: java.lang.InterruptedException: sleep interrupted
2019-10-21 22:01:31,851 [grpc-default-executor-7] INFO  impl.RoleInfo (RoleInfo.java:updateAndGet(143)) - a36a670b-6f05-41e5-b505-2b1a8d9f1f79: start FollowerState
2019-10-21 22:01:31,872 [d2d0250e-a378-4f8a-a4ff-ce07d96628f4@group-129E33F6DE87-LeaderElection77] INFO  impl.LeaderElection (LeaderElection.java:logAndReturn(56)) - d2d0250e-a378-4f8a-a4ff-ce07d96628f4@group-129E33F6DE87-LeaderElection77: Election REJECTED; received 2 response(s) [d2d0250e-a378-4f8a-a4ff-ce07d96628f4<-756f57d6-6136-46f3-b5ea-af957dae1eda#0:FAIL-t60, d2d0250e-a378-4f8a-a4ff-ce07d96628f4<-a36a670b-6f05-41e5-b505-2b1a8d9f1f79#0:FAIL-t60] and 0 exception(s); d2d0250e-a378-4f8a-a4ff-ce07d96628f4@group-129E33F6DE87:t60, leader=null, voted=d2d0250e-a378-4f8a-a4ff-ce07d96628f4, raftlog=d2d0250e-a378-4f8a-a4ff-ce07d96628f4@group-129E33F6DE87-SegmentedRaftLog:OPENED:c-1,f-1,i0, conf=-1: [756f57d6-6136-46f3-b5ea-af957dae1eda:192.168.34.8:33063, d2d0250e-a378-4f8a-a4ff-ce07d96628f4:192.168.34.8:43170, a36a670b-6f05-41e5-b505-2b1a8d9f1f79:192.168.34.8:32869], old=null
2019-10-21 22:01:31,872 [d2d0250e-a378-4f8a-a4ff-ce07d96628f4@group-129E33F6DE87-LeaderElection77] INFO  impl.RaftServerImpl (RaftServerImpl.java:setRole(184)) - d2d0250e-a378-4f8a-a4ff-ce07d96628f4@group-129E33F6DE87: changes role from CANDIDATE to FOLLOWER at term 60 for DISCOVERED_A_NEW_TERM
2019-10-21 22:01:31,873 [d2d0250e-a378-4f8a-a4ff-ce07d96628f4@group-129E33F6DE87-LeaderElection77] INFO  impl.RoleInfo (RoleInfo.java:shutdownLeaderElection(134)) - d2d0250e-a378-4f8a-a4ff-ce07d96628f4: shutdown LeaderElection
2019-10-21 22:01:31,873 [d2d0250e-a378-4f8a-a4ff-ce07d96628f4@group-129E33F6DE87-LeaderElection77] INFO  impl.RoleInfo (RoleInfo.java:updateAndGet(143)) - d2d0250e-a378-4f8a-a4ff-ce07d96628f4: start FollowerState
2019-10-21 22:01:31,929 [Thread-907] INFO  impl.FollowerState (FollowerState.java:run(108)) - d2d0250e-a378-4f8a-a4ff-ce07d96628f4@group-129E33F6DE87-FollowerState: change to CANDIDATE, lastRpcTime:56ms, electionTimeout:56ms
2019-10-21 22:01:31,929 [Thread-907] INFO  impl.RoleInfo (RoleInfo.java:shutdownFollowerState(121)) - d2d0250e-a378-4f8a-a4ff-ce07d96628f4: shutdown FollowerState
2019-10-21 22:01:31,930 [Thread-907] INFO  impl.RaftServerImpl (RaftServerImpl.java:setRole(184)) - d2d0250e-a378-4f8a-a4ff-ce07d96628f4@group-129E33F6DE87: changes role from  FOLLOWER to CANDIDATE at term 60 for changeToCandidate
2019-10-21 22:01:31,930 [Thread-907] INFO  impl.RoleInfo (RoleInfo.java:updateAndGet(143)) - d2d0250e-a378-4f8a-a4ff-ce07d96628f4: start LeaderElection
2019-10-21 22:01:31,944 [d2d0250e-a378-4f8a-a4ff-ce07d96628f4@group-129E33F6DE87-LeaderElection78] INFO  impl.LeaderElection (LeaderElection.java:askForVotes(178)) - d2d0250e-a378-4f8a-a4ff-ce07d96628f4@group-129E33F6DE87-LeaderElection78: begin an election at term 61 for -1: [756f57d6-6136-46f3-b5ea-af957dae1eda:192.168.34.8:33063, d2d0250e-a378-4f8a-a4ff-ce07d96628f4:192.168.34.8:43170, a36a670b-6f05-41e5-b505-2b1a8d9f1f79:192.168.34.8:32869], old=null
2019-10-21 22:01:31,947 [grpc-default-executor-0] INFO  impl.RaftServerImpl (RaftServerImpl.java:setRole(184)) - 756f57d6-6136-46f3-b5ea-af957dae1eda@group-129E33F6DE87: changes role from  FOLLOWER to FOLLOWER at term 61 for recognizeCandidate:d2d0250e-a378-4f8a-a4ff-ce07d96628f4
2019-10-21 22:01:31,947 [grpc-default-executor-0] INFO  impl.RoleInfo (RoleInfo.java:shutdownFollowerState(121)) - 756f57d6-6136-46f3-b5ea-af957dae1eda: shutdown FollowerState
2019-10-21 22:01:31,947 [grpc-default-executor-7] INFO  impl.RaftServerImpl (RaftServerImpl.java:setRole(184)) - a36a670b-6f05-41e5-b505-2b1a8d9f1f79@group-129E33F6DE87: changes role from  FOLLOWER to FOLLOWER at term 61 for recognizeCandidate:d2d0250e-a378-4f8a-a4ff-ce07d96628f4
2019-10-21 22:01:31,947 [Thread-905] INFO  impl.FollowerState (FollowerState.java:run(117)) - 756f57d6-6136-46f3-b5ea-af957dae1eda@group-129E33F6DE87-FollowerState was interrupted: java.lang.InterruptedException: sleep interrupted
2019-10-21 22:01:31,947 [grpc-default-executor-0] INFO  impl.RoleInfo (RoleInfo.java:updateAndGet(143)) - 756f57d6-6136-46f3-b5ea-af957dae1eda: start FollowerState
2019-10-21 22:01:31,947 [grpc-default-executor-7] INFO  impl.RoleInfo (RoleInfo.java:shutdownFollowerState(121)) - a36a670b-6f05-41e5-b505-2b1a8d9f1f79: shutdown FollowerState
2019-10-21 22:01:31,948 [grpc-default-executor-7] INFO  impl.RoleInfo (RoleInfo.java:updateAndGet(143)) - a36a670b-6f05-41e5-b505-2b1a8d9f1f79: start FollowerState
2019-10-21 22:01:31,948 [Thread-906] INFO  impl.FollowerState (FollowerState.java:run(117)) - a36a670b-6f05-41e5-b505-2b1a8d9f1f79@group-129E33F6DE87-FollowerState was interrupted: java.lang.InterruptedException: sleep interrupted
2019-10-21 22:01:31,963 [d2d0250e-a378-4f8a-a4ff-ce07d96628f4@group-129E33F6DE87-LeaderElection78] INFO  impl.LeaderElection (LeaderElection.java:logAndReturn(56)) - d2d0250e-a378-4f8a-a4ff-ce07d96628f4@group-129E33F6DE87-LeaderElection78: Election REJECTED; received 2 response(s) [d2d0250e-a378-4f8a-a4ff-ce07d96628f4<-756f57d6-6136-46f3-b5ea-af957dae1eda#0:FAIL-t61, d2d0250e-a378-4f8a-a4ff-ce07d96628f4<-a36a670b-6f05-41e5-b505-2b1a8d9f1f79#0:FAIL-t61] and 0 exception(s); d2d0250e-a378-4f8a-a4ff-ce07d96628f4@group-129E33F6DE87:t61, leader=null, voted=d2d0250e-a378-4f8a-a4ff-ce07d96628f4, raftlog=d2d0250e-a378-4f8a-a4ff-ce07d96628f4@group-129E33F6DE87-SegmentedRaftLog:OPENED:c-1,f-1,i0, conf=-1: [756f57d6-6136-46f3-b5ea-af957dae1eda:192.168.34.8:33063, d2d0250e-a378-4f8a-a4ff-ce07d96628f4:192.168.34.8:43170, a36a670b-6f05-41e5-b505-2b1a8d9f1f79:192.168.34.8:32869], old=null
2019-10-21 22:01:31,963 [d2d0250e-a378-4f8a-a4ff-ce07d96628f4@group-129E33F6DE87-LeaderElection78] INFO  impl.RaftServerImpl (RaftServerImpl.java:setRole(184)) - d2d0250e-a378-4f8a-a4ff-ce07d96628f4@group-129E33F6DE87: changes role from CANDIDATE to FOLLOWER at term 61 for DISCOVERED_A_NEW_TERM
2019-10-21 22:01:31,963 [d2d0250e-a378-4f8a-a4ff-ce07d96628f4@group-129E33F6DE87-LeaderElection78] INFO  impl.RoleInfo (RoleInfo.java:shutdownLeaderElection(134)) - d2d0250e-a378-4f8a-a4ff-ce07d96628f4: shutdown LeaderElection
2019-10-21 22:01:31,963 [d2d0250e-a378-4f8a-a4ff-ce07d96628f4@group-129E33F6DE87-LeaderElection78] INFO  impl.RoleInfo (RoleInfo.java:updateAndGet(143)) - d2d0250e-a378-4f8a-a4ff-ce07d96628f4: start FollowerState
2019-10-21 22:01:32,129 [Thread-914] INFO  impl.FollowerState (FollowerState.java:run(108)) - d2d0250e-a378-4f8a-a4ff-ce07d96628f4@group-129E33F6DE87-FollowerState: change to CANDIDATE, lastRpcTime:165ms, electionTimeout:165ms
2019-10-21 22:01:32,129 [Thread-914] INFO  impl.RoleInfo (RoleInfo.java:shutdownFollowerState(121)) - d2d0250e-a378-4f8a-a4ff-ce07d96628f4: shutdown FollowerState
2019-10-21 22:01:32,129 [Thread-914] INFO  impl.RaftServerImpl (RaftServerImpl.java:setRole(184)) - d2d0250e-a378-4f8a-a4ff-ce07d96628f4@group-129E33F6DE87: changes role from  FOLLOWER to CANDIDATE at term 61 for changeToCandidate
2019-10-21 22:01:32,130 [Thread-914] INFO  impl.RoleInfo (RoleInfo.java:updateAndGet(143)) - d2d0250e-a378-4f8a-a4ff-ce07d96628f4: start LeaderElection
2019-10-21 22:01:32,144 [d2d0250e-a378-4f8a-a4ff-ce07d96628f4@group-129E33F6DE87-LeaderElection79] INFO  impl.LeaderElection (LeaderElection.java:askForVotes(178)) - d2d0250e-a378-4f8a-a4ff-ce07d96628f4@group-129E33F6DE87-LeaderElection79: begin an election at term 62 for -1: [756f57d6-6136-46f3-b5ea-af957dae1eda:192.168.34.8:33063, d2d0250e-a378-4f8a-a4ff-ce07d96628f4:192.168.34.8:43170, a36a670b-6f05-41e5-b505-2b1a8d9f1f79:192.168.34.8:32869], old=null
2019-10-21 22:01:32,147 [grpc-default-executor-7] INFO  impl.RaftServerImpl (RaftServerImpl.java:setRole(184)) - a36a670b-6f05-41e5-b505-2b1a8d9f1f79@group-129E33F6DE87: changes role from  FOLLOWER to FOLLOWER at term 62 for recognizeCandidate:d2d0250e-a378-4f8a-a4ff-ce07d96628f4
2019-10-21 22:01:32,147 [grpc-default-executor-0] INFO  impl.RaftServerImpl (RaftServerImpl.java:setRole(184)) - 756f57d6-6136-46f3-b5ea-af957dae1eda@group-129E33F6DE87: changes role from  FOLLOWER to FOLLOWER at term 62 for recognizeCandidate:d2d0250e-a378-4f8a-a4ff-ce07d96628f4
2019-10-21 22:01:32,147 [grpc-default-executor-7] INFO  impl.RoleInfo (RoleInfo.java:shutdownFollowerState(121)) - a36a670b-6f05-41e5-b505-2b1a8d9f1f79: shutdown FollowerState
2019-10-21 22:01:32,147 [grpc-default-executor-0] INFO  impl.RoleInfo (RoleInfo.java:shutdownFollowerState(121)) - 756f57d6-6136-46f3-b5ea-af957dae1eda: shutdown FollowerState
2019-10-21 22:01:32,148 [grpc-default-executor-0] INFO  impl.RoleInfo (RoleInfo.java:updateAndGet(143)) - 756f57d6-6136-46f3-b5ea-af957dae1eda: start FollowerState
2019-10-21 22:01:32,148 [Thread-913] INFO  impl.FollowerState (FollowerState.java:run(117)) - a36a670b-6f05-41e5-b505-2b1a8d9f1f79@group-129E33F6DE87-FollowerState was interrupted: java.lang.InterruptedException: sleep interrupted
2019-10-21 22:01:32,147 [grpc-default-executor-7] INFO  impl.RoleInfo (RoleInfo.java:updateAndGet(143)) - a36a670b-6f05-41e5-b505-2b1a8d9f1f79: start FollowerState
2019-10-21 22:01:32,148 [Thread-912] INFO  impl.FollowerState (FollowerState.java:run(117)) - 756f57d6-6136-46f3-b5ea-af957dae1eda@group-129E33F6DE87-FollowerState was interrupted: java.lang.InterruptedException: sleep interrupted
2019-10-21 22:01:32,163 [d2d0250e-a378-4f8a-a4ff-ce07d96628f4@group-129E33F6DE87-LeaderElection79] INFO  impl.LeaderElection (LeaderElection.java:logAndReturn(56)) - d2d0250e-a378-4f8a-a4ff-ce07d96628f4@group-129E33F6DE87-LeaderElection79: Election REJECTED; received 2 response(s) [d2d0250e-a378-4f8a-a4ff-ce07d96628f4<-756f57d6-6136-46f3-b5ea-af957dae1eda#0:FAIL-t62, d2d0250e-a378-4f8a-a4ff-ce07d96628f4<-a36a670b-6f05-41e5-b505-2b1a8d9f1f79#0:FAIL-t62] and 0 exception(s); d2d0250e-a378-4f8a-a4ff-ce07d96628f4@group-129E33F6DE87:t62, leader=null, voted=d2d0250e-a378-4f8a-a4ff-ce07d96628f4, raftlog=d2d0250e-a378-4f8a-a4ff-ce07d96628f4@group-129E33F6DE87-SegmentedRaftLog:OPENED:c-1,f-1,i0, conf=-1: [756f57d6-6136-46f3-b5ea-af957dae1eda:192.168.34.8:33063, d2d0250e-a378-4f8a-a4ff-ce07d96628f4:192.168.34.8:43170, a36a670b-6f05-41e5-b505-2b1a8d9f1f79:192.168.34.8:32869], old=null
2019-10-21 22:01:32,163 [d2d0250e-a378-4f8a-a4ff-ce07d96628f4@group-129E33F6DE87-LeaderElection79] INFO  impl.RaftServerImpl (RaftServerImpl.java:setRole(184)) - d2d0250e-a378-4f8a-a4ff-ce07d96628f4@group-129E33F6DE87: changes role from CANDIDATE to FOLLOWER at term 62 for DISCOVERED_A_NEW_TERM
2019-10-21 22:01:32,163 [d2d0250e-a378-4f8a-a4ff-ce07d96628f4@group-129E33F6DE87-LeaderElection79] INFO  impl.RoleInfo (RoleInfo.java:shutdownLeaderElection(134)) - d2d0250e-a378-4f8a-a4ff-ce07d96628f4: shutdown LeaderElection
2019-10-21 22:01:32,164 [d2d0250e-a378-4f8a-a4ff-ce07d96628f4@group-129E33F6DE87-LeaderElection79] INFO  impl.RoleInfo (RoleInfo.java:updateAndGet(143)) - d2d0250e-a378-4f8a-a4ff-ce07d96628f4: start FollowerState
2019-10-21 22:01:32,328 [Thread-921] INFO  impl.FollowerState (FollowerState.java:run(108)) - d2d0250e-a378-4f8a-a4ff-ce07d96628f4@group-129E33F6DE87-FollowerState: change to CANDIDATE, lastRpcTime:164ms, electionTimeout:164ms
2019-10-21 22:01:32,329 [Thread-921] INFO  impl.RoleInfo (RoleInfo.java:shutdownFollowerState(121)) - d2d0250e-a378-4f8a-a4ff-ce07d96628f4: shutdown FollowerState
2019-10-21 22:01:32,329 [Thread-921] INFO  impl.RaftServerImpl (RaftServerImpl.java:setRole(184)) - d2d0250e-a378-4f8a-a4ff-ce07d96628f4@group-129E33F6DE87: changes role from  FOLLOWER to CANDIDATE at term 62 for changeToCandidate
2019-10-21 22:01:32,329 [Thread-921] INFO  impl.RoleInfo (RoleInfo.java:updateAndGet(143)) - d2d0250e-a378-4f8a-a4ff-ce07d96628f4: start LeaderElection
2019-10-21 22:01:32,343 [d2d0250e-a378-4f8a-a4ff-ce07d96628f4@group-129E33F6DE87-LeaderElection80] INFO  impl.LeaderElection (LeaderElection.java:askForVotes(178)) - d2d0250e-a378-4f8a-a4ff-ce07d96628f4@group-129E33F6DE87-LeaderElection80: begin an election at term 63 for -1: [756f57d6-6136-46f3-b5ea-af957dae1eda:192.168.34.8:33063, d2d0250e-a378-4f8a-a4ff-ce07d96628f4:192.168.34.8:43170, a36a670b-6f05-41e5-b505-2b1a8d9f1f79:192.168.34.8:32869], old=null
2019-10-21 22:01:32,346 [grpc-default-executor-0] INFO  impl.RaftServerImpl (RaftServerImpl.java:setRole(184)) - a36a670b-6f05-41e5-b505-2b1a8d9f1f79@group-129E33F6DE87: changes role from  FOLLOWER to FOLLOWER at term 63 for recognizeCandidate:d2d0250e-a378-4f8a-a4ff-ce07d96628f4
2019-10-21 22:01:32,346 [grpc-default-executor-7] INFO  impl.RaftServerImpl (RaftServerImpl.java:setRole(184)) - 756f57d6-6136-46f3-b5ea-af957dae1eda@group-129E33F6DE87: changes role from  FOLLOWER to FOLLOWER at term 63 for recognizeCandidate:d2d0250e-a378-4f8a-a4ff-ce07d96628f4
2019-10-21 22:01:32,347 [grpc-default-executor-0] INFO  impl.RoleInfo (RoleInfo.java:shutdownFollowerState(121)) - a36a670b-6f05-41e5-b505-2b1a8d9f1f79: shutdown FollowerState
2019-10-21 22:01:32,347 [grpc-default-executor-7] INFO  impl.RoleInfo (RoleInfo.java:shutdownFollowerState(121)) - 756f57d6-6136-46f3-b5ea-af957dae1eda: shutdown FollowerState
2019-10-21 22:01:32,347 [Thread-919] INFO  impl.FollowerState (FollowerState.java:run(117)) - a36a670b-6f05-41e5-b505-2b1a8d9f1f79@group-129E33F6DE87-FollowerState was interrupted: java.lang.InterruptedException: sleep interrupted
2019-10-21 22:01:32,347 [grpc-default-executor-0] INFO  impl.RoleInfo (RoleInfo.java:updateAndGet(143)) - a36a670b-6f05-41e5-b505-2b1a8d9f1f79: start FollowerState
2019-10-21 22:01:32,347 [Thread-920] INFO  impl.FollowerState (FollowerState.java:run(117)) - 756f57d6-6136-46f3-b5ea-af957dae1eda@group-129E33F6DE87-FollowerState was interrupted: java.lang.InterruptedException: sleep interrupted
2019-10-21 22:01:32,347 [grpc-default-executor-7] INFO  impl.RoleInfo (RoleInfo.java:updateAndGet(143)) - 756f57d6-6136-46f3-b5ea-af957dae1eda: start FollowerState
2019-10-21 22:01:32,363 [d2d0250e-a378-4f8a-a4ff-ce07d96628f4@group-129E33F6DE87-LeaderElection80] INFO  impl.LeaderElection (LeaderElection.java:logAndReturn(56)) - d2d0250e-a378-4f8a-a4ff-ce07d96628f4@group-129E33F6DE87-LeaderElection80: Election REJECTED; received 2 response(s) [d2d0250e-a378-4f8a-a4ff-ce07d96628f4<-756f57d6-6136-46f3-b5ea-af957dae1eda#0:FAIL-t63, d2d0250e-a378-4f8a-a4ff-ce07d96628f4<-a36a670b-6f05-41e5-b505-2b1a8d9f1f79#0:FAIL-t63] and 0 exception(s); d2d0250e-a378-4f8a-a4ff-ce07d96628f4@group-129E33F6DE87:t63, leader=null, voted=d2d0250e-a378-4f8a-a4ff-ce07d96628f4, raftlog=d2d0250e-a378-4f8a-a4ff-ce07d96628f4@group-129E33F6DE87-SegmentedRaftLog:OPENED:c-1,f-1,i0, conf=-1: [756f57d6-6136-46f3-b5ea-af957dae1eda:192.168.34.8:33063, d2d0250e-a378-4f8a-a4ff-ce07d96628f4:192.168.34.8:43170, a36a670b-6f05-41e5-b505-2b1a8d9f1f79:192.168.34.8:32869], old=null
2019-10-21 22:01:32,363 [d2d0250e-a378-4f8a-a4ff-ce07d96628f4@group-129E33F6DE87-LeaderElection80] INFO  impl.RaftServerImpl (RaftServerImpl.java:setRole(184)) - d2d0250e-a378-4f8a-a4ff-ce07d96628f4@group-129E33F6DE87: changes role from CANDIDATE to FOLLOWER at term 63 for DISCOVERED_A_NEW_TERM
2019-10-21 22:01:32,363 [d2d0250e-a378-4f8a-a4ff-ce07d96628f4@group-129E33F6DE87-LeaderElection80] INFO  impl.RoleInfo (RoleInfo.java:shutdownLeaderElection(134)) - d2d0250e-a378-4f8a-a4ff-ce07d96628f4: shutdown LeaderElection
2019-10-21 22:01:32,363 [d2d0250e-a378-4f8a-a4ff-ce07d96628f4@group-129E33F6DE87-LeaderElection80] INFO  impl.RoleInfo (RoleInfo.java:updateAndGet(143)) - d2d0250e-a378-4f8a-a4ff-ce07d96628f4: start FollowerState
2019-10-21 22:01:32,425 [Thread-929] INFO  impl.FollowerState (FollowerState.java:run(108)) - d2d0250e-a378-4f8a-a4ff-ce07d96628f4@group-129E33F6DE87-FollowerState: change to CANDIDATE, lastRpcTime:61ms, electionTimeout:59ms
2019-10-21 22:01:32,425 [Thread-929] INFO  impl.RoleInfo (RoleInfo.java:shutdownFollowerState(121)) - d2d0250e-a378-4f8a-a4ff-ce07d96628f4: shutdown FollowerState
2019-10-21 22:01:32,425 [Thread-929] INFO  impl.RaftServerImpl (RaftServerImpl.java:setRole(184)) - d2d0250e-a378-4f8a-a4ff-ce07d96628f4@group-129E33F6DE87: changes role from  FOLLOWER to CANDIDATE at term 63 for changeToCandidate
2019-10-21 22:01:32,426 [Thread-929] INFO  impl.RoleInfo (RoleInfo.java:updateAndGet(143)) - d2d0250e-a378-4f8a-a4ff-ce07d96628f4: start LeaderElection
2019-10-21 22:01:32,444 [d2d0250e-a378-4f8a-a4ff-ce07d96628f4@group-129E33F6DE87-LeaderElection81] INFO  impl.LeaderElection (LeaderElection.java:askForVotes(178)) - d2d0250e-a378-4f8a-a4ff-ce07d96628f4@group-129E33F6DE87-LeaderElection81: begin an election at term 64 for -1: [756f57d6-6136-46f3-b5ea-af957dae1eda:192.168.34.8:33063, d2d0250e-a378-4f8a-a4ff-ce07d96628f4:192.168.34.8:43170, a36a670b-6f05-41e5-b505-2b1a8d9f1f79:192.168.34.8:32869], old=null
2019-10-21 22:01:32,446 [grpc-default-executor-0] INFO  impl.RaftServerImpl (RaftServerImpl.java:setRole(184)) - a36a670b-6f05-41e5-b505-2b1a8d9f1f79@group-129E33F6DE87: changes role from  FOLLOWER to FOLLOWER at term 64 for recognizeCandidate:d2d0250e-a378-4f8a-a4ff-ce07d96628f4
2019-10-21 22:01:32,446 [grpc-default-executor-7] INFO  impl.RaftServerImpl (RaftServerImpl.java:setRole(184)) - 756f57d6-6136-46f3-b5ea-af957dae1eda@group-129E33F6DE87: changes role from  FOLLOWER to FOLLOWER at term 64 for recognizeCandidate:d2d0250e-a378-4f8a-a4ff-ce07d96628f4
2019-10-21 22:01:32,446 [grpc-default-executor-0] INFO  impl.RoleInfo (RoleInfo.java:shutdownFollowerState(121)) - a36a670b-6f05-41e5-b505-2b1a8d9f1f79: shutdown FollowerState
2019-10-21 22:01:32,447 [grpc-default-executor-7] INFO  impl.RoleInfo (RoleInfo.java:shutdownFollowerState(121)) - 756f57d6-6136-46f3-b5ea-af957dae1eda: shutdown FollowerState
2019-10-21 22:01:32,447 [Thread-927] INFO  impl.FollowerState (FollowerState.java:run(117)) - a36a670b-6f05-41e5-b505-2b1a8d9f1f79@group-129E33F6DE87-FollowerState was interrupted: java.lang.InterruptedException: sleep interrupted
2019-10-21 22:01:32,447 [grpc-default-executor-0] INFO  impl.RoleInfo (RoleInfo.java:updateAndGet(143)) - a36a670b-6f05-41e5-b505-2b1a8d9f1f79: start FollowerState
2019-10-21 22:01:32,447 [Thread-928] INFO  impl.FollowerState (FollowerState.java:run(117)) - 756f57d6-6136-46f3-b5ea-af957dae1eda@group-129E33F6DE87-FollowerState was interrupted: java.lang.InterruptedException: sleep interrupted
2019-10-21 22:01:32,447 [grpc-default-executor-7] INFO  impl.RoleInfo (RoleInfo.java:updateAndGet(143)) - 756f57d6-6136-46f3-b5ea-af957dae1eda: start FollowerState
2019-10-21 22:01:32,462 [d2d0250e-a378-4f8a-a4ff-ce07d96628f4@group-129E33F6DE87-LeaderElection81] INFO  impl.LeaderElection (LeaderElection.java:logAndReturn(56)) - d2d0250e-a378-4f8a-a4ff-ce07d96628f4@group-129E33F6DE87-LeaderElection81: Election REJECTED; received 2 response(s) [d2d0250e-a378-4f8a-a4ff-ce07d96628f4<-756f57d6-6136-46f3-b5ea-af957dae1eda#0:FAIL-t64, d2d0250e-a378-4f8a-a4ff-ce07d96628f4<-a36a670b-6f05-41e5-b505-2b1a8d9f1f79#0:FAIL-t64] and 0 exception(s); d2d0250e-a378-4f8a-a4ff-ce07d96628f4@group-129E33F6DE87:t64, leader=null, voted=d2d0250e-a378-4f8a-a4ff-ce07d96628f4, raftlog=d2d0250e-a378-4f8a-a4ff-ce07d96628f4@group-129E33F6DE87-SegmentedRaftLog:OPENED:c-1,f-1,i0, conf=-1: [756f57d6-6136-46f3-b5ea-af957dae1eda:192.168.34.8:33063, d2d0250e-a378-4f8a-a4ff-ce07d96628f4:192.168.34.8:43170, a36a670b-6f05-41e5-b505-2b1a8d9f1f79:192.168.34.8:32869], old=null
2019-10-21 22:01:32,462 [d2d0250e-a378-4f8a-a4ff-ce07d96628f4@group-129E33F6DE87-LeaderElection81] INFO  impl.RaftServerImpl (RaftServerImpl.java:setRole(184)) - d2d0250e-a378-4f8a-a4ff-ce07d96628f4@group-129E33F6DE87: changes role from CANDIDATE to FOLLOWER at term 64 for DISCOVERED_A_NEW_TERM
2019-10-21 22:01:32,462 [d2d0250e-a378-4f8a-a4ff-ce07d96628f4@group-129E33F6DE87-LeaderElection81] INFO  impl.RoleInfo (RoleInfo.java:shutdownLeaderElection(134)) - d2d0250e-a378-4f8a-a4ff-ce07d96628f4: shutdown LeaderElection
2019-10-21 22:01:32,463 [d2d0250e-a378-4f8a-a4ff-ce07d96628f4@group-129E33F6DE87-LeaderElection81] INFO  impl.RoleInfo (RoleInfo.java:updateAndGet(143)) - d2d0250e-a378-4f8a-a4ff-ce07d96628f4: start FollowerState
2019-10-21 22:01:32,543 [Thread-938] INFO  impl.FollowerState (FollowerState.java:run(108)) - d2d0250e-a378-4f8a-a4ff-ce07d96628f4@group-129E33F6DE87-FollowerState: change to CANDIDATE, lastRpcTime:80ms, electionTimeout:80ms
2019-10-21 22:01:32,543 [Thread-938] INFO  impl.RoleInfo (RoleInfo.java:shutdownFollowerState(121)) - d2d0250e-a378-4f8a-a4ff-ce07d96628f4: shutdown FollowerState
2019-10-21 22:01:32,543 [Thread-938] INFO  impl.RaftServerImpl (RaftServerImpl.java:setRole(184)) - d2d0250e-a378-4f8a-a4ff-ce07d96628f4@group-129E33F6DE87: changes role from  FOLLOWER to CANDIDATE at term 64 for changeToCandidate
2019-10-21 22:01:32,544 [Thread-938] INFO  impl.RoleInfo (RoleInfo.java:updateAndGet(143)) - d2d0250e-a378-4f8a-a4ff-ce07d96628f4: start LeaderElection
2019-10-21 22:01:32,558 [d2d0250e-a378-4f8a-a4ff-ce07d96628f4@group-129E33F6DE87-LeaderElection82] INFO  impl.LeaderElection (LeaderElection.java:askForVotes(178)) - d2d0250e-a378-4f8a-a4ff-ce07d96628f4@group-129E33F6DE87-LeaderElection82: begin an election at term 65 for -1: [756f57d6-6136-46f3-b5ea-af957dae1eda:192.168.34.8:33063, d2d0250e-a378-4f8a-a4ff-ce07d96628f4:192.168.34.8:43170, a36a670b-6f05-41e5-b505-2b1a8d9f1f79:192.168.34.8:32869], old=null
2019-10-21 22:01:32,561 [grpc-default-executor-0] INFO  impl.RaftServerImpl (RaftServerImpl.java:setRole(184)) - a36a670b-6f05-41e5-b505-2b1a8d9f1f79@group-129E33F6DE87: changes role from  FOLLOWER to FOLLOWER at term 65 for recognizeCandidate:d2d0250e-a378-4f8a-a4ff-ce07d96628f4
2019-10-21 22:01:32,561 [grpc-default-executor-7] INFO  impl.RaftServerImpl (RaftServerImpl.java:setRole(184)) - 756f57d6-6136-46f3-b5ea-af957dae1eda@group-129E33F6DE87: changes role from  FOLLOWER to FOLLOWER at term 65 for recognizeCandidate:d2d0250e-a378-4f8a-a4ff-ce07d96628f4
2019-10-21 22:01:32,561 [grpc-default-executor-0] INFO  impl.RoleInfo (RoleInfo.java:shutdownFollowerState(121)) - a36a670b-6f05-41e5-b505-2b1a8d9f1f79: shutdown FollowerState
2019-10-21 22:01:32,561 [grpc-default-executor-7] INFO  impl.RoleInfo (RoleInfo.java:shutdownFollowerState(121)) - 756f57d6-6136-46f3-b5ea-af957dae1eda: shutdown FollowerState
2019-10-21 22:01:32,561 [Thread-937] INFO  impl.FollowerState (FollowerState.java:run(117)) - 756f57d6-6136-46f3-b5ea-af957dae1eda@group-129E33F6DE87-FollowerState was interrupted: java.lang.InterruptedException: sleep interrupted
2019-10-21 22:01:32,561 [Thread-936] INFO  impl.FollowerState (FollowerState.java:run(117)) - a36a670b-6f05-41e5-b505-2b1a8d9f1f79@group-129E33F6DE87-FollowerState was interrupted: java.lang.InterruptedException: sleep interrupted
2019-10-21 22:01:32,561 [grpc-default-executor-0] INFO  impl.RoleInfo (RoleInfo.java:updateAndGet(143)) - a36a670b-6f05-41e5-b505-2b1a8d9f1f79: start FollowerState
2019-10-21 22:01:32,561 [grpc-default-executor-7] INFO  impl.RoleInfo (RoleInfo.java:updateAndGet(143)) - 756f57d6-6136-46f3-b5ea-af957dae1eda: start FollowerState
2019-10-21 22:01:32,577 [d2d0250e-a378-4f8a-a4ff-ce07d96628f4@group-129E33F6DE87-LeaderElection82] INFO  impl.LeaderElection (LeaderElection.java:logAndReturn(56)) - d2d0250e-a378-4f8a-a4ff-ce07d96628f4@group-129E33F6DE87-LeaderElection82: Election REJECTED; received 2 response(s) [d2d0250e-a378-4f8a-a4ff-ce07d96628f4<-756f57d6-6136-46f3-b5ea-af957dae1eda#0:FAIL-t65, d2d0250e-a378-4f8a-a4ff-ce07d96628f4<-a36a670b-6f05-41e5-b505-2b1a8d9f1f79#0:FAIL-t65] and 0 exception(s); d2d0250e-a378-4f8a-a4ff-ce07d96628f4@group-129E33F6DE87:t65, leader=null, voted=d2d0250e-a378-4f8a-a4ff-ce07d96628f4, raftlog=d2d0250e-a378-4f8a-a4ff-ce07d96628f4@group-129E33F6DE87-SegmentedRaftLog:OPENED:c-1,f-1,i0, conf=-1: [756f57d6-6136-46f3-b5ea-af957dae1eda:192.168.34.8:33063, d2d0250e-a378-4f8a-a4ff-ce07d96628f4:192.168.34.8:43170, a36a670b-6f05-41e5-b505-2b1a8d9f1f79:192.168.34.8:32869], old=null
2019-10-21 22:01:32,577 [d2d0250e-a378-4f8a-a4ff-ce07d96628f4@group-129E33F6DE87-LeaderElection82] INFO  impl.RaftServerImpl (RaftServerImpl.java:setRole(184)) - d2d0250e-a378-4f8a-a4ff-ce07d96628f4@group-129E33F6DE87: changes role from CANDIDATE to FOLLOWER at term 65 for DISCOVERED_A_NEW_TERM
2019-10-21 22:01:32,577 [d2d0250e-a378-4f8a-a4ff-ce07d96628f4@group-129E33F6DE87-LeaderElection82] INFO  impl.RoleInfo (RoleInfo.java:shutdownLeaderElection(134)) - d2d0250e-a378-4f8a-a4ff-ce07d96628f4: shutdown LeaderElection
2019-10-21 22:01:32,578 [d2d0250e-a378-4f8a-a4ff-ce07d96628f4@group-129E33F6DE87-LeaderElection82] INFO  impl.RoleInfo (RoleInfo.java:updateAndGet(143)) - d2d0250e-a378-4f8a-a4ff-ce07d96628f4: start FollowerState
2019-10-21 22:01:32,750 [Thread-945] INFO  impl.FollowerState (FollowerState.java:run(108)) - d2d0250e-a378-4f8a-a4ff-ce07d96628f4@group-129E33F6DE87-FollowerState: change to CANDIDATE, lastRpcTime:172ms, electionTimeout:172ms
2019-10-21 22:01:32,750 [Thread-945] INFO  impl.RoleInfo (RoleInfo.java:shutdownFollowerState(121)) - d2d0250e-a378-4f8a-a4ff-ce07d96628f4: shutdown FollowerState
2019-10-21 22:01:32,750 [Thread-945] INFO  impl.RaftServerImpl (RaftServerImpl.java:setRole(184)) - d2d0250e-a378-4f8a-a4ff-ce07d96628f4@group-129E33F6DE87: changes role from  FOLLOWER to CANDIDATE at term 65 for changeToCandidate
2019-10-21 22:01:32,751 [Thread-945] INFO  impl.RoleInfo (RoleInfo.java:updateAndGet(143)) - d2d0250e-a378-4f8a-a4ff-ce07d96628f4: start LeaderElection
2019-10-21 22:01:32,764 [d2d0250e-a378-4f8a-a4ff-ce07d96628f4@group-129E33F6DE87-LeaderElection83] INFO  impl.LeaderElection (LeaderElection.java:askForVotes(178)) - d2d0250e-a378-4f8a-a4ff-ce07d96628f4@group-129E33F6DE87-LeaderElection83: begin an election at term 66 for -1: [756f57d6-6136-46f3-b5ea-af957dae1eda:192.168.34.8:33063, d2d0250e-a378-4f8a-a4ff-ce07d96628f4:192.168.34.8:43170, a36a670b-6f05-41e5-b505-2b1a8d9f1f79:192.168.34.8:32869], old=null
2019-10-21 22:01:32,767 [grpc-default-executor-0] INFO  impl.RaftServerImpl (RaftServerImpl.java:setRole(184)) - 756f57d6-6136-46f3-b5ea-af957dae1eda@group-129E33F6DE87: changes role from  FOLLOWER to FOLLOWER at term 66 for recognizeCandidate:d2d0250e-a378-4f8a-a4ff-ce07d96628f4
2019-10-21 22:01:32,767 [grpc-default-executor-7] INFO  impl.RaftServerImpl (RaftServerImpl.java:setRole(184)) - a36a670b-6f05-41e5-b505-2b1a8d9f1f79@group-129E33F6DE87: changes role from  FOLLOWER to FOLLOWER at term 66 for recognizeCandidate:d2d0250e-a378-4f8a-a4ff-ce07d96628f4
2019-10-21 22:01:32,767 [grpc-default-executor-0] INFO  impl.RoleInfo (RoleInfo.java:shutdownFollowerState(121)) - 756f57d6-6136-46f3-b5ea-af957dae1eda: shutdown FollowerState
2019-10-21 22:01:32,767 [grpc-default-executor-7] INFO  impl.RoleInfo (RoleInfo.java:shutdownFollowerState(121)) - a36a670b-6f05-41e5-b505-2b1a8d9f1f79: shutdown FollowerState
2019-10-21 22:01:32,768 [Thread-944] INFO  impl.FollowerState (FollowerState.java:run(117)) - 756f57d6-6136-46f3-b5ea-af957dae1eda@group-129E33F6DE87-FollowerState was interrupted: java.lang.InterruptedException: sleep interrupted
2019-10-21 22:01:32,768 [grpc-default-executor-0] INFO  impl.RoleInfo (RoleInfo.java:updateAndGet(143)) - 756f57d6-6136-46f3-b5ea-af957dae1eda: start FollowerState
2019-10-21 22:01:32,768 [Thread-943] INFO  impl.FollowerState (FollowerState.java:run(117)) - a36a670b-6f05-41e5-b505-2b1a8d9f1f79@group-129E33F6DE87-FollowerState was interrupted: java.lang.InterruptedException: sleep interrupted
2019-10-21 22:01:32,768 [grpc-default-executor-7] INFO  impl.RoleInfo (RoleInfo.java:updateAndGet(143)) - a36a670b-6f05-41e5-b505-2b1a8d9f1f79: start FollowerState
2019-10-21 22:01:32,808 [d2d0250e-a378-4f8a-a4ff-ce07d96628f4@group-129E33F6DE87-LeaderElection83] INFO  impl.LeaderElection (LeaderElection.java:logAndReturn(56)) - d2d0250e-a378-4f8a-a4ff-ce07d96628f4@group-129E33F6DE87-LeaderElection83: Election REJECTED; received 2 response(s) [d2d0250e-a378-4f8a-a4ff-ce07d96628f4<-756f57d6-6136-46f3-b5ea-af957dae1eda#0:FAIL-t66, d2d0250e-a378-4f8a-a4ff-ce07d96628f4<-a36a670b-6f05-41e5-b505-2b1a8d9f1f79#0:FAIL-t66] and 0 exception(s); d2d0250e-a378-4f8a-a4ff-ce07d96628f4@group-129E33F6DE87:t66, leader=null, voted=d2d0250e-a378-4f8a-a4ff-ce07d96628f4, raftlog=d2d0250e-a378-4f8a-a4ff-ce07d96628f4@group-129E33F6DE87-SegmentedRaftLog:OPENED:c-1,f-1,i0, conf=-1: [756f57d6-6136-46f3-b5ea-af957dae1eda:192.168.34.8:33063, d2d0250e-a378-4f8a-a4ff-ce07d96628f4:192.168.34.8:43170, a36a670b-6f05-41e5-b505-2b1a8d9f1f79:192.168.34.8:32869], old=null
2019-10-21 22:01:32,808 [d2d0250e-a378-4f8a-a4ff-ce07d96628f4@group-129E33F6DE87-LeaderElection83] INFO  impl.RaftServerImpl (RaftServerImpl.java:setRole(184)) - d2d0250e-a378-4f8a-a4ff-ce07d96628f4@group-129E33F6DE87: changes role from CANDIDATE to FOLLOWER at term 66 for DISCOVERED_A_NEW_TERM
2019-10-21 22:01:32,808 [d2d0250e-a378-4f8a-a4ff-ce07d96628f4@group-129E33F6DE87-LeaderElection83] INFO  impl.RoleInfo (RoleInfo.java:shutdownLeaderElection(134)) - d2d0250e-a378-4f8a-a4ff-ce07d96628f4: shutdown LeaderElection
2019-10-21 22:01:32,808 [d2d0250e-a378-4f8a-a4ff-ce07d96628f4@group-129E33F6DE87-LeaderElection83] INFO  impl.RoleInfo (RoleInfo.java:updateAndGet(143)) - d2d0250e-a378-4f8a-a4ff-ce07d96628f4: start FollowerState
2019-10-21 22:01:32,988 [Thread-953] INFO  impl.FollowerState (FollowerState.java:run(108)) - d2d0250e-a378-4f8a-a4ff-ce07d96628f4@group-129E33F6DE87-FollowerState: change to CANDIDATE, lastRpcTime:179ms, electionTimeout:179ms
2019-10-21 22:01:32,988 [Thread-953] INFO  impl.RoleInfo (RoleInfo.java:shutdownFollowerState(121)) - d2d0250e-a378-4f8a-a4ff-ce07d96628f4: shutdown FollowerState
2019-10-21 22:01:32,988 [Thread-953] INFO  impl.RaftServerImpl (RaftServerImpl.java:setRole(184)) - d2d0250e-a378-4f8a-a4ff-ce07d96628f4@group-129E33F6DE87: changes role from  FOLLOWER to CANDIDATE at term 66 for changeToCandidate
2019-10-21 22:01:32,989 [Thread-953] INFO  impl.RoleInfo (RoleInfo.java:updateAndGet(143)) - d2d0250e-a378-4f8a-a4ff-ce07d96628f4: start LeaderElection
2019-10-21 22:01:33,003 [d2d0250e-a378-4f8a-a4ff-ce07d96628f4@group-129E33F6DE87-LeaderElection84] INFO  impl.LeaderElection (LeaderElection.java:askForVotes(178)) - d2d0250e-a378-4f8a-a4ff-ce07d96628f4@group-129E33F6DE87-LeaderElection84: begin an election at term 67 for -1: [756f57d6-6136-46f3-b5ea-af957dae1eda:192.168.34.8:33063, d2d0250e-a378-4f8a-a4ff-ce07d96628f4:192.168.34.8:43170, a36a670b-6f05-41e5-b505-2b1a8d9f1f79:192.168.34.8:32869], old=null
2019-10-21 22:01:33,006 [grpc-default-executor-0] INFO  impl.RaftServerImpl (RaftServerImpl.java:setRole(184)) - a36a670b-6f05-41e5-b505-2b1a8d9f1f79@group-129E33F6DE87: changes role from  FOLLOWER to FOLLOWER at term 67 for recognizeCandidate:d2d0250e-a378-4f8a-a4ff-ce07d96628f4
2019-10-21 22:01:33,006 [grpc-default-executor-7] INFO  impl.RaftServerImpl (RaftServerImpl.java:setRole(184)) - 756f57d6-6136-46f3-b5ea-af957dae1eda@group-129E33F6DE87: changes role from  FOLLOWER to FOLLOWER at term 67 for recognizeCandidate:d2d0250e-a378-4f8a-a4ff-ce07d96628f4
2019-10-21 22:01:33,007 [grpc-default-executor-0] INFO  impl.RoleInfo (RoleInfo.java:shutdownFollowerState(121)) - a36a670b-6f05-41e5-b505-2b1a8d9f1f79: shutdown FollowerState
2019-10-21 22:01:33,007 [grpc-default-executor-7] INFO  impl.RoleInfo (RoleInfo.java:shutdownFollowerState(121)) - 756f57d6-6136-46f3-b5ea-af957dae1eda: shutdown FollowerState
2019-10-21 22:01:33,007 [Thread-952] INFO  impl.FollowerState (FollowerState.java:run(117)) - a36a670b-6f05-41e5-b505-2b1a8d9f1f79@group-129E33F6DE87-FollowerState was interrupted: java.lang.InterruptedException: sleep interrupted
2019-10-21 22:01:33,007 [grpc-default-executor-0] INFO  impl.RoleInfo (RoleInfo.java:updateAndGet(143)) - a36a670b-6f05-41e5-b505-2b1a8d9f1f79: start FollowerState
2019-10-21 22:01:33,007 [Thread-951] INFO  impl.FollowerState (FollowerState.java:run(117)) - 756f57d6-6136-46f3-b5ea-af957dae1eda@group-129E33F6DE87-FollowerState was interrupted: java.lang.InterruptedException: sleep interrupted
2019-10-21 22:01:33,007 [grpc-default-executor-7] INFO  impl.RoleInfo (RoleInfo.java:updateAndGet(143)) - 756f57d6-6136-46f3-b5ea-af957dae1eda: start FollowerState
2019-10-21 22:01:33,023 [d2d0250e-a378-4f8a-a4ff-ce07d96628f4@group-129E33F6DE87-LeaderElection84] INFO  impl.LeaderElection (LeaderElection.java:logAndReturn(56)) - d2d0250e-a378-4f8a-a4ff-ce07d96628f4@group-129E33F6DE87-LeaderElection84: Election REJECTED; received 2 response(s) [d2d0250e-a378-4f8a-a4ff-ce07d96628f4<-756f57d6-6136-46f3-b5ea-af957dae1eda#0:FAIL-t67, d2d0250e-a378-4f8a-a4ff-ce07d96628f4<-a36a670b-6f05-41e5-b505-2b1a8d9f1f79#0:FAIL-t67] and 0 exception(s); d2d0250e-a378-4f8a-a4ff-ce07d96628f4@group-129E33F6DE87:t67, leader=null, voted=d2d0250e-a378-4f8a-a4ff-ce07d96628f4, raftlog=d2d0250e-a378-4f8a-a4ff-ce07d96628f4@group-129E33F6DE87-SegmentedRaftLog:OPENED:c-1,f-1,i0, conf=-1: [756f57d6-6136-46f3-b5ea-af957dae1eda:192.168.34.8:33063, d2d0250e-a378-4f8a-a4ff-ce07d96628f4:192.168.34.8:43170, a36a670b-6f05-41e5-b505-2b1a8d9f1f79:192.168.34.8:32869], old=null
2019-10-21 22:01:33,023 [d2d0250e-a378-4f8a-a4ff-ce07d96628f4@group-129E33F6DE87-LeaderElection84] INFO  impl.RaftServerImpl (RaftServerImpl.java:setRole(184)) - d2d0250e-a378-4f8a-a4ff-ce07d96628f4@group-129E33F6DE87: changes role from CANDIDATE to FOLLOWER at term 67 for DISCOVERED_A_NEW_TERM
2019-10-21 22:01:33,023 [d2d0250e-a378-4f8a-a4ff-ce07d96628f4@group-129E33F6DE87-LeaderElection84] INFO  impl.RoleInfo (RoleInfo.java:shutdownLeaderElection(134)) - d2d0250e-a378-4f8a-a4ff-ce07d96628f4: shutdown LeaderElection
2019-10-21 22:01:33,023 [d2d0250e-a378-4f8a-a4ff-ce07d96628f4@group-129E33F6DE87-LeaderElection84] INFO  impl.RoleInfo (RoleInfo.java:updateAndGet(143)) - d2d0250e-a378-4f8a-a4ff-ce07d96628f4: start FollowerState
2019-10-21 22:01:33,101 [Thread-961] INFO  impl.FollowerState (FollowerState.java:run(108)) - d2d0250e-a378-4f8a-a4ff-ce07d96628f4@group-129E33F6DE87-FollowerState: change to CANDIDATE, lastRpcTime:77ms, electionTimeout:77ms
2019-10-21 22:01:33,101 [Thread-961] INFO  impl.RoleInfo (RoleInfo.java:shutdownFollowerState(121)) - d2d0250e-a378-4f8a-a4ff-ce07d96628f4: shutdown FollowerState
2019-10-21 22:01:33,101 [Thread-961] INFO  impl.RaftServerImpl (RaftServerImpl.java:setRole(184)) - d2d0250e-a378-4f8a-a4ff-ce07d96628f4@group-129E33F6DE87: changes role from  FOLLOWER to CANDIDATE at term 67 for changeToCandidate
2019-10-21 22:01:33,102 [Thread-961] INFO  impl.RoleInfo (RoleInfo.java:updateAndGet(143)) - d2d0250e-a378-4f8a-a4ff-ce07d96628f4: start LeaderElection
2019-10-21 22:01:33,116 [d2d0250e-a378-4f8a-a4ff-ce07d96628f4@group-129E33F6DE87-LeaderElection85] INFO  impl.LeaderElection (LeaderElection.java:askForVotes(178)) - d2d0250e-a378-4f8a-a4ff-ce07d96628f4@group-129E33F6DE87-LeaderElection85: begin an election at term 68 for -1: [756f57d6-6136-46f3-b5ea-af957dae1eda:192.168.34.8:33063, d2d0250e-a378-4f8a-a4ff-ce07d96628f4:192.168.34.8:43170, a36a670b-6f05-41e5-b505-2b1a8d9f1f79:192.168.34.8:32869], old=null
2019-10-21 22:01:33,119 [grpc-default-executor-7] INFO  impl.RaftServerImpl (RaftServerImpl.java:setRole(184)) - 756f57d6-6136-46f3-b5ea-af957dae1eda@group-129E33F6DE87: changes role from  FOLLOWER to FOLLOWER at term 68 for recognizeCandidate:d2d0250e-a378-4f8a-a4ff-ce07d96628f4
2019-10-21 22:01:33,119 [grpc-default-executor-0] INFO  impl.RaftServerImpl (RaftServerImpl.java:setRole(184)) - a36a670b-6f05-41e5-b505-2b1a8d9f1f79@group-129E33F6DE87: changes role from  FOLLOWER to FOLLOWER at term 68 for recognizeCandidate:d2d0250e-a378-4f8a-a4ff-ce07d96628f4
2019-10-21 22:01:33,120 [grpc-default-executor-7] INFO  impl.RoleInfo (RoleInfo.java:shutdownFollowerState(121)) - 756f57d6-6136-46f3-b5ea-af957dae1eda: shutdown FollowerState
2019-10-21 22:01:33,120 [grpc-default-executor-0] INFO  impl.RoleInfo (RoleInfo.java:shutdownFollowerState(121)) - a36a670b-6f05-41e5-b505-2b1a8d9f1f79: shutdown FollowerState
2019-10-21 22:01:33,120 [grpc-default-executor-7] INFO  impl.RoleInfo (RoleInfo.java:updateAndGet(143)) - 756f57d6-6136-46f3-b5ea-af957dae1eda: start FollowerState
2019-10-21 22:01:33,120 [grpc-default-executor-0] INFO  impl.RoleInfo (RoleInfo.java:updateAndGet(143)) - a36a670b-6f05-41e5-b505-2b1a8d9f1f79: start FollowerState
2019-10-21 22:01:33,120 [Thread-960] INFO  impl.FollowerState (FollowerState.java:run(117)) - 756f57d6-6136-46f3-b5ea-af957dae1eda@group-129E33F6DE87-FollowerState was interrupted: java.lang.InterruptedException: sleep interrupted
2019-10-21 22:01:33,120 [Thread-959] INFO  impl.FollowerState (FollowerState.java:run(117)) - a36a670b-6f05-41e5-b505-2b1a8d9f1f79@group-129E33F6DE87-FollowerState was interrupted: java.lang.InterruptedException: sleep interrupted
2019-10-21 22:01:33,135 [d2d0250e-a378-4f8a-a4ff-ce07d96628f4@group-129E33F6DE87-LeaderElection85] INFO  impl.LeaderElection (LeaderElection.java:logAndReturn(56)) - d2d0250e-a378-4f8a-a4ff-ce07d96628f4@group-129E33F6DE87-LeaderElection85: Election REJECTED; received 2 response(s) [d2d0250e-a378-4f8a-a4ff-ce07d96628f4<-756f57d6-6136-46f3-b5ea-af957dae1eda#0:FAIL-t68, d2d0250e-a378-4f8a-a4ff-ce07d96628f4<-a36a670b-6f05-41e5-b505-2b1a8d9f1f79#0:FAIL-t68] and 0 exception(s); d2d0250e-a378-4f8a-a4ff-ce07d96628f4@group-129E33F6DE87:t68, leader=null, voted=d2d0250e-a378-4f8a-a4ff-ce07d96628f4, raftlog=d2d0250e-a378-4f8a-a4ff-ce07d96628f4@group-129E33F6DE87-SegmentedRaftLog:OPENED:c-1,f-1,i0, conf=-1: [756f57d6-6136-46f3-b5ea-af957dae1eda:192.168.34.8:33063, d2d0250e-a378-4f8a-a4ff-ce07d96628f4:192.168.34.8:43170, a36a670b-6f05-41e5-b505-2b1a8d9f1f79:192.168.34.8:32869], old=null
2019-10-21 22:01:33,135 [d2d0250e-a378-4f8a-a4ff-ce07d96628f4@group-129E33F6DE87-LeaderElection85] INFO  impl.RaftServerImpl (RaftServerImpl.java:setRole(184)) - d2d0250e-a378-4f8a-a4ff-ce07d96628f4@group-129E33F6DE87: changes role from CANDIDATE to FOLLOWER at term 68 for DISCOVERED_A_NEW_TERM
2019-10-21 22:01:33,135 [d2d0250e-a378-4f8a-a4ff-ce07d96628f4@group-129E33F6DE87-LeaderElection85] INFO  impl.RoleInfo (RoleInfo.java:shutdownLeaderElection(134)) - d2d0250e-a378-4f8a-a4ff-ce07d96628f4: shutdown LeaderElection
2019-10-21 22:01:33,136 [d2d0250e-a378-4f8a-a4ff-ce07d96628f4@group-129E33F6DE87-LeaderElection85] INFO  impl.RoleInfo (RoleInfo.java:updateAndGet(143)) - d2d0250e-a378-4f8a-a4ff-ce07d96628f4: start FollowerState
2019-10-21 22:01:33,260 [Thread-967] INFO  impl.FollowerState (FollowerState.java:run(108)) - d2d0250e-a378-4f8a-a4ff-ce07d96628f4@group-129E33F6DE87-FollowerState: change to CANDIDATE, lastRpcTime:124ms, electionTimeout:124ms
2019-10-21 22:01:33,260 [Thread-967] INFO  impl.RoleInfo (RoleInfo.java:shutdownFollowerState(121)) - d2d0250e-a378-4f8a-a4ff-ce07d96628f4: shutdown FollowerState
2019-10-21 22:01:33,260 [Thread-967] INFO  impl.RaftServerImpl (RaftServerImpl.java:setRole(184)) - d2d0250e-a378-4f8a-a4ff-ce07d96628f4@group-129E33F6DE87: changes role from  FOLLOWER to CANDIDATE at term 68 for changeToCandidate
2019-10-21 22:01:33,261 [Thread-967] INFO  impl.RoleInfo (RoleInfo.java:updateAndGet(143)) - d2d0250e-a378-4f8a-a4ff-ce07d96628f4: start LeaderElection
2019-10-21 22:01:33,284 [d2d0250e-a378-4f8a-a4ff-ce07d96628f4@group-129E33F6DE87-LeaderElection86] INFO  impl.LeaderElection (LeaderElection.java:askForVotes(178)) - d2d0250e-a378-4f8a-a4ff-ce07d96628f4@group-129E33F6DE87-LeaderElection86: begin an election at term 69 for -1: [756f57d6-6136-46f3-b5ea-af957dae1eda:192.168.34.8:33063, d2d0250e-a378-4f8a-a4ff-ce07d96628f4:192.168.34.8:43170, a36a670b-6f05-41e5-b505-2b1a8d9f1f79:192.168.34.8:32869], old=null
2019-10-21 22:01:33,287 [grpc-default-executor-7] INFO  impl.RaftServerImpl (RaftServerImpl.java:setRole(184)) - 756f57d6-6136-46f3-b5ea-af957dae1eda@group-129E33F6DE87: changes role from  FOLLOWER to FOLLOWER at term 69 for recognizeCandidate:d2d0250e-a378-4f8a-a4ff-ce07d96628f4
2019-10-21 22:01:33,287 [grpc-default-executor-0] INFO  impl.RaftServerImpl (RaftServerImpl.java:setRole(184)) - a36a670b-6f05-41e5-b505-2b1a8d9f1f79@group-129E33F6DE87: changes role from  FOLLOWER to FOLLOWER at term 69 for recognizeCandidate:d2d0250e-a378-4f8a-a4ff-ce07d96628f4
2019-10-21 22:01:33,287 [grpc-default-executor-7] INFO  impl.RoleInfo (RoleInfo.java:shutdownFollowerState(121)) - 756f57d6-6136-46f3-b5ea-af957dae1eda: shutdown FollowerState
2019-10-21 22:01:33,287 [grpc-default-executor-0] INFO  impl.RoleInfo (RoleInfo.java:shutdownFollowerState(121)) - a36a670b-6f05-41e5-b505-2b1a8d9f1f79: shutdown FollowerState
2019-10-21 22:01:33,288 [Thread-965] INFO  impl.FollowerState (FollowerState.java:run(117)) - 756f57d6-6136-46f3-b5ea-af957dae1eda@group-129E33F6DE87-FollowerState was interrupted: java.lang.InterruptedException: sleep interrupted
2019-10-21 22:01:33,288 [grpc-default-executor-7] INFO  impl.RoleInfo (RoleInfo.java:updateAndGet(143)) - 756f57d6-6136-46f3-b5ea-af957dae1eda: start FollowerState
2019-10-21 22:01:33,288 [Thread-966] INFO  impl.FollowerState (FollowerState.java:run(117)) - a36a670b-6f05-41e5-b505-2b1a8d9f1f79@group-129E33F6DE87-FollowerState was interrupted: java.lang.InterruptedException: sleep interrupted
2019-10-21 22:01:33,288 [grpc-default-executor-0] INFO  impl.RoleInfo (RoleInfo.java:updateAndGet(143)) - a36a670b-6f05-41e5-b505-2b1a8d9f1f79: start FollowerState
2019-10-21 22:01:33,303 [d2d0250e-a378-4f8a-a4ff-ce07d96628f4@group-129E33F6DE87-LeaderElection86] INFO  impl.LeaderElection (LeaderElection.java:logAndReturn(56)) - d2d0250e-a378-4f8a-a4ff-ce07d96628f4@group-129E33F6DE87-LeaderElection86: Election REJECTED; received 2 response(s) [d2d0250e-a378-4f8a-a4ff-ce07d96628f4<-756f57d6-6136-46f3-b5ea-af957dae1eda#0:FAIL-t69, d2d0250e-a378-4f8a-a4ff-ce07d96628f4<-a36a670b-6f05-41e5-b505-2b1a8d9f1f79#0:FAIL-t69] and 0 exception(s); d2d0250e-a378-4f8a-a4ff-ce07d96628f4@group-129E33F6DE87:t69, leader=null, voted=d2d0250e-a378-4f8a-a4ff-ce07d96628f4, raftlog=d2d0250e-a378-4f8a-a4ff-ce07d96628f4@group-129E33F6DE87-SegmentedRaftLog:OPENED:c-1,f-1,i0, conf=-1: [756f57d6-6136-46f3-b5ea-af957dae1eda:192.168.34.8:33063, d2d0250e-a378-4f8a-a4ff-ce07d96628f4:192.168.34.8:43170, a36a670b-6f05-41e5-b505-2b1a8d9f1f79:192.168.34.8:32869], old=null
2019-10-21 22:01:33,303 [d2d0250e-a378-4f8a-a4ff-ce07d96628f4@group-129E33F6DE87-LeaderElection86] INFO  impl.RaftServerImpl (RaftServerImpl.java:setRole(184)) - d2d0250e-a378-4f8a-a4ff-ce07d96628f4@group-129E33F6DE87: changes role from CANDIDATE to FOLLOWER at term 69 for DISCOVERED_A_NEW_TERM
2019-10-21 22:01:33,304 [d2d0250e-a378-4f8a-a4ff-ce07d96628f4@group-129E33F6DE87-LeaderElection86] INFO  impl.RoleInfo (RoleInfo.java:shutdownLeaderElection(134)) - d2d0250e-a378-4f8a-a4ff-ce07d96628f4: shutdown LeaderElection
2019-10-21 22:01:33,304 [d2d0250e-a378-4f8a-a4ff-ce07d96628f4@group-129E33F6DE87-LeaderElection86] INFO  impl.RoleInfo (RoleInfo.java:updateAndGet(143)) - d2d0250e-a378-4f8a-a4ff-ce07d96628f4: start FollowerState
2019-10-21 22:01:33,410 [Thread-975] INFO  impl.FollowerState (FollowerState.java:run(108)) - d2d0250e-a378-4f8a-a4ff-ce07d96628f4@group-129E33F6DE87-FollowerState: change to CANDIDATE, lastRpcTime:106ms, electionTimeout:106ms
2019-10-21 22:01:33,410 [Thread-975] INFO  impl.RoleInfo (RoleInfo.java:shutdownFollowerState(121)) - d2d0250e-a378-4f8a-a4ff-ce07d96628f4: shutdown FollowerState
2019-10-21 22:01:33,411 [Thread-975] INFO  impl.RaftServerImpl (RaftServerImpl.java:setRole(184)) - d2d0250e-a378-4f8a-a4ff-ce07d96628f4@group-129E33F6DE87: changes role from  FOLLOWER to CANDIDATE at term 69 for changeToCandidate
2019-10-21 22:01:33,411 [Thread-975] INFO  impl.RoleInfo (RoleInfo.java:updateAndGet(143)) - d2d0250e-a378-4f8a-a4ff-ce07d96628f4: start LeaderElection
2019-10-21 22:01:33,424 [d2d0250e-a378-4f8a-a4ff-ce07d96628f4@group-129E33F6DE87-LeaderElection87] INFO  impl.LeaderElection (LeaderElection.java:askForVotes(178)) - d2d0250e-a378-4f8a-a4ff-ce07d96628f4@group-129E33F6DE87-LeaderElection87: begin an election at term 70 for -1: [756f57d6-6136-46f3-b5ea-af957dae1eda:192.168.34.8:33063, d2d0250e-a378-4f8a-a4ff-ce07d96628f4:192.168.34.8:43170, a36a670b-6f05-41e5-b505-2b1a8d9f1f79:192.168.34.8:32869], old=null
2019-10-21 22:01:33,430 [grpc-default-executor-0] INFO  impl.RaftServerImpl (RaftServerImpl.java:setRole(184)) - 756f57d6-6136-46f3-b5ea-af957dae1eda@group-129E33F6DE87: changes role from  FOLLOWER to FOLLOWER at term 70 for recognizeCandidate:d2d0250e-a378-4f8a-a4ff-ce07d96628f4
2019-10-21 22:01:33,430 [grpc-default-executor-3] INFO  impl.RaftServerImpl (RaftServerImpl.java:setRole(184)) - a36a670b-6f05-41e5-b505-2b1a8d9f1f79@group-129E33F6DE87: changes role from  FOLLOWER to FOLLOWER at term 70 for recognizeCandidate:d2d0250e-a378-4f8a-a4ff-ce07d96628f4
2019-10-21 22:01:33,430 [grpc-default-executor-0] INFO  impl.RoleInfo (RoleInfo.java:shutdownFollowerState(121)) - 756f57d6-6136-46f3-b5ea-af957dae1eda: shutdown FollowerState
2019-10-21 22:01:33,444 [grpc-default-executor-3] INFO  impl.RoleInfo (RoleInfo.java:shutdownFollowerState(121)) - a36a670b-6f05-41e5-b505-2b1a8d9f1f79: shutdown FollowerState
2019-10-21 22:01:33,444 [Thread-973] INFO  impl.FollowerState (FollowerState.java:run(117)) - 756f57d6-6136-46f3-b5ea-af957dae1eda@group-129E33F6DE87-FollowerState was interrupted: java.lang.InterruptedException: sleep interrupted
2019-10-21 22:01:33,444 [grpc-default-executor-0] INFO  impl.RoleInfo (RoleInfo.java:updateAndGet(143)) - 756f57d6-6136-46f3-b5ea-af957dae1eda: start FollowerState
2019-10-21 22:01:33,445 [Thread-974] INFO  impl.FollowerState (FollowerState.java:run(117)) - a36a670b-6f05-41e5-b505-2b1a8d9f1f79@group-129E33F6DE87-FollowerState was interrupted: java.lang.InterruptedException: sleep interrupted
2019-10-21 22:01:33,445 [grpc-default-executor-3] INFO  impl.RoleInfo (RoleInfo.java:updateAndGet(143)) - a36a670b-6f05-41e5-b505-2b1a8d9f1f79: start FollowerState
2019-10-21 22:01:33,481 [d2d0250e-a378-4f8a-a4ff-ce07d96628f4@group-129E33F6DE87-LeaderElection87] INFO  impl.LeaderElection (LeaderElection.java:logAndReturn(56)) - d2d0250e-a378-4f8a-a4ff-ce07d96628f4@group-129E33F6DE87-LeaderElection87: Election REJECTED; received 2 response(s) [d2d0250e-a378-4f8a-a4ff-ce07d96628f4<-756f57d6-6136-46f3-b5ea-af957dae1eda#0:FAIL-t70, d2d0250e-a378-4f8a-a4ff-ce07d96628f4<-a36a670b-6f05-41e5-b505-2b1a8d9f1f79#0:FAIL-t70] and 0 exception(s); d2d0250e-a378-4f8a-a4ff-ce07d96628f4@group-129E33F6DE87:t70, leader=null, voted=d2d0250e-a378-4f8a-a4ff-ce07d96628f4, raftlog=d2d0250e-a378-4f8a-a4ff-ce07d96628f4@group-129E33F6DE87-SegmentedRaftLog:OPENED:c-1,f-1,i0, conf=-1: [756f57d6-6136-46f3-b5ea-af957dae1eda:192.168.34.8:33063, d2d0250e-a378-4f8a-a4ff-ce07d96628f4:192.168.34.8:43170, a36a670b-6f05-41e5-b505-2b1a8d9f1f79:192.168.34.8:32869], old=null
2019-10-21 22:01:33,484 [d2d0250e-a378-4f8a-a4ff-ce07d96628f4@group-129E33F6DE87-LeaderElection87] INFO  impl.RaftServerImpl (RaftServerImpl.java:setRole(184)) - d2d0250e-a378-4f8a-a4ff-ce07d96628f4@group-129E33F6DE87: changes role from CANDIDATE to FOLLOWER at term 70 for DISCOVERED_A_NEW_TERM
2019-10-21 22:01:33,484 [d2d0250e-a378-4f8a-a4ff-ce07d96628f4@group-129E33F6DE87-LeaderElection87] INFO  impl.RoleInfo (RoleInfo.java:shutdownLeaderElection(134)) - d2d0250e-a378-4f8a-a4ff-ce07d96628f4: shutdown LeaderElection
2019-10-21 22:01:33,484 [d2d0250e-a378-4f8a-a4ff-ce07d96628f4@group-129E33F6DE87-LeaderElection87] INFO  impl.RoleInfo (RoleInfo.java:updateAndGet(143)) - d2d0250e-a378-4f8a-a4ff-ce07d96628f4: start FollowerState
2019-10-21 22:01:33,540 [Thread-985] INFO  impl.FollowerState (FollowerState.java:run(108)) - d2d0250e-a378-4f8a-a4ff-ce07d96628f4@group-129E33F6DE87-FollowerState: change to CANDIDATE, lastRpcTime:55ms, electionTimeout:55ms
2019-10-21 22:01:33,540 [Thread-985] INFO  impl.RoleInfo (RoleInfo.java:shutdownFollowerState(121)) - d2d0250e-a378-4f8a-a4ff-ce07d96628f4: shutdown FollowerState
2019-10-21 22:01:33,540 [Thread-985] INFO  impl.RaftServerImpl (RaftServerImpl.java:setRole(184)) - d2d0250e-a378-4f8a-a4ff-ce07d96628f4@group-129E33F6DE87: changes role from  FOLLOWER to CANDIDATE at term 70 for changeToCandidate
2019-10-21 22:01:33,543 [Thread-985] INFO  impl.RoleInfo (RoleInfo.java:updateAndGet(143)) - d2d0250e-a378-4f8a-a4ff-ce07d96628f4: start LeaderElection
2019-10-21 22:01:33,557 [d2d0250e-a378-4f8a-a4ff-ce07d96628f4@group-129E33F6DE87-LeaderElection88] INFO  impl.LeaderElection (LeaderElection.java:askForVotes(178)) - d2d0250e-a378-4f8a-a4ff-ce07d96628f4@group-129E33F6DE87-LeaderElection88: begin an election at term 71 for -1: [756f57d6-6136-46f3-b5ea-af957dae1eda:192.168.34.8:33063, d2d0250e-a378-4f8a-a4ff-ce07d96628f4:192.168.34.8:43170, a36a670b-6f05-41e5-b505-2b1a8d9f1f79:192.168.34.8:32869], old=null
2019-10-21 22:01:33,570 [grpc-default-executor-6] INFO  impl.RaftServerImpl (RaftServerImpl.java:setRole(184)) - 756f57d6-6136-46f3-b5ea-af957dae1eda@group-129E33F6DE87: changes role from  FOLLOWER to FOLLOWER at term 71 for recognizeCandidate:d2d0250e-a378-4f8a-a4ff-ce07d96628f4
2019-10-21 22:01:33,570 [grpc-default-executor-3] INFO  impl.RaftServerImpl (RaftServerImpl.java:setRole(184)) - a36a670b-6f05-41e5-b505-2b1a8d9f1f79@group-129E33F6DE87: changes role from  FOLLOWER to FOLLOWER at term 71 for recognizeCandidate:d2d0250e-a378-4f8a-a4ff-ce07d96628f4
2019-10-21 22:01:33,570 [grpc-default-executor-6] INFO  impl.RoleInfo (RoleInfo.java:shutdownFollowerState(121)) - 756f57d6-6136-46f3-b5ea-af957dae1eda: shutdown FollowerState
2019-10-21 22:01:33,571 [grpc-default-executor-3] INFO  impl.RoleInfo (RoleInfo.java:shutdownFollowerState(121)) - a36a670b-6f05-41e5-b505-2b1a8d9f1f79: shutdown FollowerState
2019-10-21 22:01:33,595 [Thread-981] INFO  impl.FollowerState (FollowerState.java:run(117)) - a36a670b-6f05-41e5-b505-2b1a8d9f1f79@group-129E33F6DE87-FollowerState was interrupted: java.lang.InterruptedException: sleep interrupted
2019-10-21 22:01:33,595 [Thread-980] INFO  impl.FollowerState (FollowerState.java:run(117)) - 756f57d6-6136-46f3-b5ea-af957dae1eda@group-129E33F6DE87-FollowerState was interrupted: java.lang.InterruptedException: sleep interrupted
2019-10-21 22:01:33,595 [grpc-default-executor-6] INFO  impl.RoleInfo (RoleInfo.java:updateAndGet(143)) - 756f57d6-6136-46f3-b5ea-af957dae1eda: start FollowerState
2019-10-21 22:01:33,595 [grpc-default-executor-3] INFO  impl.RoleInfo (RoleInfo.java:updateAndGet(143)) - a36a670b-6f05-41e5-b505-2b1a8d9f1f79: start FollowerState
2019-10-21 22:01:33,632 [d2d0250e-a378-4f8a-a4ff-ce07d96628f4@group-129E33F6DE87-LeaderElection88] INFO  impl.LeaderElection (LeaderElection.java:logAndReturn(56)) - d2d0250e-a378-4f8a-a4ff-ce07d96628f4@group-129E33F6DE87-LeaderElection88: Election REJECTED; received 2 response(s) [d2d0250e-a378-4f8a-a4ff-ce07d96628f4<-756f57d6-6136-46f3-b5ea-af957dae1eda#0:FAIL-t71, d2d0250e-a378-4f8a-a4ff-ce07d96628f4<-a36a670b-6f05-41e5-b505-2b1a8d9f1f79#0:FAIL-t71] and 0 exception(s); d2d0250e-a378-4f8a-a4ff-ce07d96628f4@group-129E33F6DE87:t71, leader=null, voted=d2d0250e-a378-4f8a-a4ff-ce07d96628f4, raftlog=d2d0250e-a378-4f8a-a4ff-ce07d96628f4@group-129E33F6DE87-SegmentedRaftLog:OPENED:c-1,f-1,i0, conf=-1: [756f57d6-6136-46f3-b5ea-af957dae1eda:192.168.34.8:33063, d2d0250e-a378-4f8a-a4ff-ce07d96628f4:192.168.34.8:43170, a36a670b-6f05-41e5-b505-2b1a8d9f1f79:192.168.34.8:32869], old=null
2019-10-21 22:01:33,632 [main] WARN  io.KeyOutputStream (KeyOutputStream.java:handleException(274)) - Encountered exception java.io.IOException: Unexpected Storage Container Exception: java.util.concurrent.CompletionException: java.util.concurrent.CompletionException: org.apache.ratis.protocol.RaftRetryFailureException: Failed RaftClientRequest:client-40A5D482CFC1->d2d0250e-a378-4f8a-a4ff-ce07d96628f4@group-129E33F6DE87, cid=19, seq=1*, RW, cmdType: WriteChunk
traceID: "38c0b54be9335809:38c0b54be9335809:0:0"
containerID: 1
datanodeUuid: "d2d0250e-a378-4f8a-a4ff-ce07d96628f4"
writeChunk {
  blockID {
    containerID: 1
    localID: 103002622118526976
    blockCommitSequenceId: 0
  }
  chunkData {
    chunkName: "103002622118526976_chunk_1"
    offset: 0
    len: 1048576
    checksumData {
      type: CRC32
      bytesPerChecksum: 1048576
      checksums: "\361\003\002\247"
    }
  }
}
, data.size=1048576 for 10 attempts with RetryLimited(maxAttempts=10, sleepTime=1000ms) on the pipeline Pipeline[ Id: 016262df-1d97-4b0a-a602-129e33f6de87, Nodes: d2d0250e-a378-4f8a-a4ff-ce07d96628f4{ip: 192.168.34.8, host: pr-hdds-2310-sp97z-1197097266, networkLocation: /default-rack, certSerialId: null}756f57d6-6136-46f3-b5ea-af957dae1eda{ip: 192.168.34.8, host: pr-hdds-2310-sp97z-1197097266, networkLocation: /default-rack, certSerialId: null}a36a670b-6f05-41e5-b505-2b1a8d9f1f79{ip: 192.168.34.8, host: pr-hdds-2310-sp97z-1197097266, networkLocation: /default-rack, certSerialId: null}, Type:RATIS, Factor:THREE, State:OPEN]. The last committed block length is 0, uncommitted data length is 2097152 retry count 0
2019-10-21 22:01:33,632 [d2d0250e-a378-4f8a-a4ff-ce07d96628f4@group-129E33F6DE87-LeaderElection88] INFO  impl.RaftServerImpl (RaftServerImpl.java:setRole(184)) - d2d0250e-a378-4f8a-a4ff-ce07d96628f4@group-129E33F6DE87: changes role from CANDIDATE to FOLLOWER at term 71 for DISCOVERED_A_NEW_TERM
2019-10-21 22:01:33,633 [d2d0250e-a378-4f8a-a4ff-ce07d96628f4@group-129E33F6DE87-LeaderElection88] INFO  impl.RoleInfo (RoleInfo.java:shutdownLeaderElection(134)) - d2d0250e-a378-4f8a-a4ff-ce07d96628f4: shutdown LeaderElection
2019-10-21 22:01:33,633 [d2d0250e-a378-4f8a-a4ff-ce07d96628f4@group-129E33F6DE87-LeaderElection88] INFO  impl.RoleInfo (RoleInfo.java:updateAndGet(143)) - d2d0250e-a378-4f8a-a4ff-ce07d96628f4: start FollowerState
2019-10-21 22:01:33,727 [Thread-991] INFO  impl.FollowerState (FollowerState.java:run(108)) - d2d0250e-a378-4f8a-a4ff-ce07d96628f4@group-129E33F6DE87-FollowerState: change to CANDIDATE, lastRpcTime:93ms, electionTimeout:93ms
2019-10-21 22:01:33,727 [Thread-991] INFO  impl.RoleInfo (RoleInfo.java:shutdownFollowerState(121)) - d2d0250e-a378-4f8a-a4ff-ce07d96628f4: shutdown FollowerState
2019-10-21 22:01:33,727 [Thread-991] INFO  impl.RaftServerImpl (RaftServerImpl.java:setRole(184)) - d2d0250e-a378-4f8a-a4ff-ce07d96628f4@group-129E33F6DE87: changes role from  FOLLOWER to CANDIDATE at term 71 for changeToCandidate
2019-10-21 22:01:33,747 [Thread-991] INFO  impl.RoleInfo (RoleInfo.java:updateAndGet(143)) - d2d0250e-a378-4f8a-a4ff-ce07d96628f4: start LeaderElection
2019-10-21 22:01:33,762 [d2d0250e-a378-4f8a-a4ff-ce07d96628f4@group-129E33F6DE87-LeaderElection89] INFO  impl.LeaderElection (LeaderElection.java:askForVotes(178)) - d2d0250e-a378-4f8a-a4ff-ce07d96628f4@group-129E33F6DE87-LeaderElection89: begin an election at term 72 for -1: [756f57d6-6136-46f3-b5ea-af957dae1eda:192.168.34.8:33063, d2d0250e-a378-4f8a-a4ff-ce07d96628f4:192.168.34.8:43170, a36a670b-6f05-41e5-b505-2b1a8d9f1f79:192.168.34.8:32869], old=null
2019-10-21 22:01:33,775 [grpc-default-executor-6] INFO  impl.RaftServerImpl (RaftServerImpl.java:setRole(184)) - a36a670b-6f05-41e5-b505-2b1a8d9f1f79@group-129E33F6DE87: changes role from  FOLLOWER to FOLLOWER at term 72 for recognizeCandidate:d2d0250e-a378-4f8a-a4ff-ce07d96628f4
2019-10-21 22:01:33,775 [grpc-default-executor-3] INFO  impl.RaftServerImpl (RaftServerImpl.java:setRole(184)) - 756f57d6-6136-46f3-b5ea-af957dae1eda@group-129E33F6DE87: changes role from  FOLLOWER to FOLLOWER at term 72 for recognizeCandidate:d2d0250e-a378-4f8a-a4ff-ce07d96628f4
2019-10-21 22:01:33,775 [grpc-default-executor-6] INFO  impl.RoleInfo (RoleInfo.java:shutdownFollowerState(121)) - a36a670b-6f05-41e5-b505-2b1a8d9f1f79: shutdown FollowerState
2019-10-21 22:01:33,776 [grpc-default-executor-3] INFO  impl.RoleInfo (RoleInfo.java:shutdownFollowerState(121)) - 756f57d6-6136-46f3-b5ea-af957dae1eda: shutdown FollowerState
2019-10-21 22:01:33,776 [Thread-989] INFO  impl.FollowerState (FollowerState.java:run(117)) - a36a670b-6f05-41e5-b505-2b1a8d9f1f79@group-129E33F6DE87-FollowerState was interrupted: java.lang.InterruptedException: sleep interrupted
2019-10-21 22:01:33,776 [grpc-default-executor-6] INFO  impl.RoleInfo (RoleInfo.java:updateAndGet(143)) - a36a670b-6f05-41e5-b505-2b1a8d9f1f79: start FollowerState
2019-10-21 22:01:33,776 [grpc-default-executor-3] INFO  impl.RoleInfo (RoleInfo.java:updateAndGet(143)) - 756f57d6-6136-46f3-b5ea-af957dae1eda: start FollowerState
2019-10-21 22:01:33,776 [Thread-990] INFO  impl.FollowerState (FollowerState.java:run(117)) - 756f57d6-6136-46f3-b5ea-af957dae1eda@group-129E33F6DE87-FollowerState was interrupted: java.lang.InterruptedException: sleep interrupted
2019-10-21 22:01:33,780 [d2d0250e-a378-4f8a-a4ff-ce07d96628f4@group-129E33F6DE87-LeaderElection89] INFO  impl.LeaderElection (LeaderElection.java:logAndReturn(56)) - d2d0250e-a378-4f8a-a4ff-ce07d96628f4@group-129E33F6DE87-LeaderElection89: Election REJECTED; received 2 response(s) [d2d0250e-a378-4f8a-a4ff-ce07d96628f4<-756f57d6-6136-46f3-b5ea-af957dae1eda#0:FAIL-t72, d2d0250e-a378-4f8a-a4ff-ce07d96628f4<-a36a670b-6f05-41e5-b505-2b1a8d9f1f79#0:FAIL-t72] and 0 exception(s); d2d0250e-a378-4f8a-a4ff-ce07d96628f4@group-129E33F6DE87:t72, leader=null, voted=d2d0250e-a378-4f8a-a4ff-ce07d96628f4, raftlog=d2d0250e-a378-4f8a-a4ff-ce07d96628f4@group-129E33F6DE87-SegmentedRaftLog:OPENED:c-1,f-1,i0, conf=-1: [756f57d6-6136-46f3-b5ea-af957dae1eda:192.168.34.8:33063, d2d0250e-a378-4f8a-a4ff-ce07d96628f4:192.168.34.8:43170, a36a670b-6f05-41e5-b505-2b1a8d9f1f79:192.168.34.8:32869], old=null
2019-10-21 22:01:33,781 [d2d0250e-a378-4f8a-a4ff-ce07d96628f4@group-129E33F6DE87-LeaderElection89] INFO  impl.RaftServerImpl (RaftServerImpl.java:setRole(184)) - d2d0250e-a378-4f8a-a4ff-ce07d96628f4@group-129E33F6DE87: changes role from CANDIDATE to FOLLOWER at term 72 for DISCOVERED_A_NEW_TERM
2019-10-21 22:01:33,781 [d2d0250e-a378-4f8a-a4ff-ce07d96628f4@group-129E33F6DE87-LeaderElection89] INFO  impl.RoleInfo (RoleInfo.java:shutdownLeaderElection(134)) - d2d0250e-a378-4f8a-a4ff-ce07d96628f4: shutdown LeaderElection
2019-10-21 22:01:33,781 [d2d0250e-a378-4f8a-a4ff-ce07d96628f4@group-129E33F6DE87-LeaderElection89] INFO  impl.RoleInfo (RoleInfo.java:updateAndGet(143)) - d2d0250e-a378-4f8a-a4ff-ce07d96628f4: start FollowerState
2019-10-21 22:01:33,790 [Thread-1003] INFO  impl.FollowerState (FollowerState.java:run(108)) - d2d0250e-a378-4f8a-a4ff-ce07d96628f4@group-129E33F6DE87-FollowerState: change to CANDIDATE, lastRpcTime:9ms, electionTimeout:7ms
2019-10-21 22:01:33,802 [Thread-1003] INFO  impl.RoleInfo (RoleInfo.java:shutdownFollowerState(121)) - d2d0250e-a378-4f8a-a4ff-ce07d96628f4: shutdown FollowerState
2019-10-21 22:01:33,803 [Thread-1003] INFO  impl.RaftServerImpl (RaftServerImpl.java:setRole(184)) - d2d0250e-a378-4f8a-a4ff-ce07d96628f4@group-129E33F6DE87: changes role from  FOLLOWER to CANDIDATE at term 72 for changeToCandidate
2019-10-21 22:01:33,803 [Thread-1003] INFO  impl.RoleInfo (RoleInfo.java:updateAndGet(143)) - d2d0250e-a378-4f8a-a4ff-ce07d96628f4: start LeaderElection
2019-10-21 22:01:33,810 [d2d0250e-a378-4f8a-a4ff-ce07d96628f4@group-129E33F6DE87-LeaderElection90] INFO  impl.LeaderElection (LeaderElection.java:askForVotes(178)) - d2d0250e-a378-4f8a-a4ff-ce07d96628f4@group-129E33F6DE87-LeaderElection90: begin an election at term 73 for -1: [756f57d6-6136-46f3-b5ea-af957dae1eda:192.168.34.8:33063, d2d0250e-a378-4f8a-a4ff-ce07d96628f4:192.168.34.8:43170, a36a670b-6f05-41e5-b505-2b1a8d9f1f79:192.168.34.8:32869], old=null
2019-10-21 22:01:33,813 [grpc-default-executor-7] INFO  impl.RaftServerImpl (RaftServerImpl.java:setRole(184)) - 756f57d6-6136-46f3-b5ea-af957dae1eda@group-129E33F6DE87: changes role from  FOLLOWER to FOLLOWER at term 73 for recognizeCandidate:d2d0250e-a378-4f8a-a4ff-ce07d96628f4
2019-10-21 22:01:33,813 [grpc-default-executor-7] INFO  impl.RoleInfo (RoleInfo.java:shutdownFollowerState(121)) - 756f57d6-6136-46f3-b5ea-af957dae1eda: shutdown FollowerState
2019-10-21 22:01:33,814 [grpc-default-executor-7] INFO  impl.RoleInfo (RoleInfo.java:updateAndGet(143)) - 756f57d6-6136-46f3-b5ea-af957dae1eda: start FollowerState
2019-10-21 22:01:33,814 [Thread-1002] INFO  impl.FollowerState (FollowerState.java:run(117)) - 756f57d6-6136-46f3-b5ea-af957dae1eda@group-129E33F6DE87-FollowerState was interrupted: java.lang.InterruptedException: sleep interrupted
2019-10-21 22:01:33,814 [grpc-default-executor-0] INFO  impl.RaftServerImpl (RaftServerImpl.java:setRole(184)) - a36a670b-6f05-41e5-b505-2b1a8d9f1f79@group-129E33F6DE87: changes role from  FOLLOWER to FOLLOWER at term 73 for recognizeCandidate:d2d0250e-a378-4f8a-a4ff-ce07d96628f4
2019-10-21 22:01:33,814 [grpc-default-executor-0] INFO  impl.RoleInfo (RoleInfo.java:shutdownFollowerState(121)) - a36a670b-6f05-41e5-b505-2b1a8d9f1f79: shutdown FollowerState
2019-10-21 22:01:33,814 [grpc-default-executor-0] INFO  impl.RoleInfo (RoleInfo.java:updateAndGet(143)) - a36a670b-6f05-41e5-b505-2b1a8d9f1f79: start FollowerState
2019-10-21 22:01:33,814 [Thread-1001] INFO  impl.FollowerState (FollowerState.java:run(117)) - a36a670b-6f05-41e5-b505-2b1a8d9f1f79@group-129E33F6DE87-FollowerState was interrupted: java.lang.InterruptedException: sleep interrupted
2019-10-21 22:01:33,821 [d2d0250e-a378-4f8a-a4ff-ce07d96628f4@group-129E33F6DE87-LeaderElection90] INFO  impl.LeaderElection (LeaderElection.java:logAndReturn(56)) - d2d0250e-a378-4f8a-a4ff-ce07d96628f4@group-129E33F6DE87-LeaderElection90: Election REJECTED; received 2 response(s) [d2d0250e-a378-4f8a-a4ff-ce07d96628f4<-756f57d6-6136-46f3-b5ea-af957dae1eda#0:FAIL-t73, d2d0250e-a378-4f8a-a4ff-ce07d96628f4<-a36a670b-6f05-41e5-b505-2b1a8d9f1f79#0:FAIL-t73] and 0 exception(s); d2d0250e-a378-4f8a-a4ff-ce07d96628f4@group-129E33F6DE87:t73, leader=null, voted=d2d0250e-a378-4f8a-a4ff-ce07d96628f4, raftlog=d2d0250e-a378-4f8a-a4ff-ce07d96628f4@group-129E33F6DE87-SegmentedRaftLog:OPENED:c-1,f-1,i0, conf=-1: [756f57d6-6136-46f3-b5ea-af957dae1eda:192.168.34.8:33063, d2d0250e-a378-4f8a-a4ff-ce07d96628f4:192.168.34.8:43170, a36a670b-6f05-41e5-b505-2b1a8d9f1f79:192.168.34.8:32869], old=null
2019-10-21 22:01:33,821 [d2d0250e-a378-4f8a-a4ff-ce07d96628f4@group-129E33F6DE87-LeaderElection90] INFO  impl.RaftServerImpl (RaftServerImpl.java:setRole(184)) - d2d0250e-a378-4f8a-a4ff-ce07d96628f4@group-129E33F6DE87: changes role from CANDIDATE to FOLLOWER at term 73 for DISCOVERED_A_NEW_TERM
2019-10-21 22:01:33,821 [d2d0250e-a378-4f8a-a4ff-ce07d96628f4@group-129E33F6DE87-LeaderElection90] INFO  impl.RoleInfo (RoleInfo.java:shutdownLeaderElection(134)) - d2d0250e-a378-4f8a-a4ff-ce07d96628f4: shutdown LeaderElection
2019-10-21 22:01:33,822 [d2d0250e-a378-4f8a-a4ff-ce07d96628f4@group-129E33F6DE87-LeaderElection90] INFO  impl.RoleInfo (RoleInfo.java:updateAndGet(143)) - d2d0250e-a378-4f8a-a4ff-ce07d96628f4: start FollowerState
2019-10-21 22:01:33,853 [Thread-1009] INFO  impl.FollowerState (FollowerState.java:run(108)) - d2d0250e-a378-4f8a-a4ff-ce07d96628f4@group-129E33F6DE87-FollowerState: change to CANDIDATE, lastRpcTime:31ms, electionTimeout:31ms
2019-10-21 22:01:33,853 [Thread-1009] INFO  impl.RoleInfo (RoleInfo.java:shutdownFollowerState(121)) - d2d0250e-a378-4f8a-a4ff-ce07d96628f4: shutdown FollowerState
2019-10-21 22:01:33,853 [Thread-1009] INFO  impl.RaftServerImpl (RaftServerImpl.java:setRole(184)) - d2d0250e-a378-4f8a-a4ff-ce07d96628f4@group-129E33F6DE87: changes role from  FOLLOWER to CANDIDATE at term 73 for changeToCandidate
2019-10-21 22:01:33,853 [Thread-1009] INFO  impl.RoleInfo (RoleInfo.java:updateAndGet(143)) - d2d0250e-a378-4f8a-a4ff-ce07d96628f4: start LeaderElection
2019-10-21 22:01:33,857 [d2d0250e-a378-4f8a-a4ff-ce07d96628f4@group-129E33F6DE87-LeaderElection91] INFO  impl.LeaderElection (LeaderElection.java:askForVotes(178)) - d2d0250e-a378-4f8a-a4ff-ce07d96628f4@group-129E33F6DE87-LeaderElection91: begin an election at term 74 for -1: [756f57d6-6136-46f3-b5ea-af957dae1eda:192.168.34.8:33063, d2d0250e-a378-4f8a-a4ff-ce07d96628f4:192.168.34.8:43170, a36a670b-6f05-41e5-b505-2b1a8d9f1f79:192.168.34.8:32869], old=null
2019-10-21 22:01:33,862 [grpc-default-executor-0] INFO  impl.RaftServerImpl (RaftServerImpl.java:setRole(184)) - 756f57d6-6136-46f3-b5ea-af957dae1eda@group-129E33F6DE87: changes role from  FOLLOWER to FOLLOWER at term 74 for recognizeCandidate:d2d0250e-a378-4f8a-a4ff-ce07d96628f4
2019-10-21 22:01:33,862 [grpc-default-executor-7] INFO  impl.RaftServerImpl (RaftServerImpl.java:setRole(184)) - a36a670b-6f05-41e5-b505-2b1a8d9f1f79@group-129E33F6DE87: changes role from  FOLLOWER to FOLLOWER at term 74 for recognizeCandidate:d2d0250e-a378-4f8a-a4ff-ce07d96628f4
2019-10-21 22:01:33,863 [grpc-default-executor-0] INFO  impl.RoleInfo (RoleInfo.java:shutdownFollowerState(121)) - 756f57d6-6136-46f3-b5ea-af957dae1eda: shutdown FollowerState
2019-10-21 22:01:33,863 [grpc-default-executor-7] INFO  impl.RoleInfo (RoleInfo.java:shutdownFollowerState(121)) - a36a670b-6f05-41e5-b505-2b1a8d9f1f79: shutdown FollowerState
2019-10-21 22:01:33,863 [Thread-1007] INFO  impl.FollowerState (FollowerState.java:run(117)) - 756f57d6-6136-46f3-b5ea-af957dae1eda@group-129E33F6DE87-FollowerState was interrupted: java.lang.InterruptedException: sleep interrupted
2019-10-21 22:01:33,863 [grpc-default-executor-0] INFO  impl.RoleInfo (RoleInfo.java:updateAndGet(143)) - 756f57d6-6136-46f3-b5ea-af957dae1eda: start FollowerState
2019-10-21 22:01:33,863 [grpc-default-executor-7] INFO  impl.RoleInfo (RoleInfo.java:updateAndGet(143)) - a36a670b-6f05-41e5-b505-2b1a8d9f1f79: start FollowerState
2019-10-21 22:01:33,863 [Thread-1008] INFO  impl.FollowerState (FollowerState.java:run(117)) - a36a670b-6f05-41e5-b505-2b1a8d9f1f79@group-129E33F6DE87-FollowerState was interrupted: java.lang.InterruptedException: sleep interrupted
2019-10-21 22:01:33,880 [d2d0250e-a378-4f8a-a4ff-ce07d96628f4@group-129E33F6DE87-LeaderElection91] INFO  impl.LeaderElection (LeaderElection.java:logAndReturn(56)) - d2d0250e-a378-4f8a-a4ff-ce07d96628f4@group-129E33F6DE87-LeaderElection91: Election REJECTED; received 2 response(s) [d2d0250e-a378-4f8a-a4ff-ce07d96628f4<-756f57d6-6136-46f3-b5ea-af957dae1eda#0:FAIL-t74, d2d0250e-a378-4f8a-a4ff-ce07d96628f4<-a36a670b-6f05-41e5-b505-2b1a8d9f1f79#0:FAIL-t74] and 0 exception(s); d2d0250e-a378-4f8a-a4ff-ce07d96628f4@group-129E33F6DE87:t74, leader=null, voted=d2d0250e-a378-4f8a-a4ff-ce07d96628f4, raftlog=d2d0250e-a378-4f8a-a4ff-ce07d96628f4@group-129E33F6DE87-SegmentedRaftLog:OPENED:c-1,f-1,i0, conf=-1: [756f57d6-6136-46f3-b5ea-af957dae1eda:192.168.34.8:33063, d2d0250e-a378-4f8a-a4ff-ce07d96628f4:192.168.34.8:43170, a36a670b-6f05-41e5-b505-2b1a8d9f1f79:192.168.34.8:32869], old=null
2019-10-21 22:01:33,880 [d2d0250e-a378-4f8a-a4ff-ce07d96628f4@group-129E33F6DE87-LeaderElection91] INFO  impl.RaftServerImpl (RaftServerImpl.java:setRole(184)) - d2d0250e-a378-4f8a-a4ff-ce07d96628f4@group-129E33F6DE87: changes role from CANDIDATE to FOLLOWER at term 74 for DISCOVERED_A_NEW_TERM
2019-10-21 22:01:33,880 [d2d0250e-a378-4f8a-a4ff-ce07d96628f4@group-129E33F6DE87-LeaderElection91] INFO  impl.RoleInfo (RoleInfo.java:shutdownLeaderElection(134)) - d2d0250e-a378-4f8a-a4ff-ce07d96628f4: shutdown LeaderElection
2019-10-21 22:01:33,880 [d2d0250e-a378-4f8a-a4ff-ce07d96628f4@group-129E33F6DE87-LeaderElection91] INFO  impl.RoleInfo (RoleInfo.java:updateAndGet(143)) - d2d0250e-a378-4f8a-a4ff-ce07d96628f4: start FollowerState
2019-10-21 22:01:33,922 [Thread-1016] INFO  impl.FollowerState (FollowerState.java:run(108)) - d2d0250e-a378-4f8a-a4ff-ce07d96628f4@group-129E33F6DE87-FollowerState: change to CANDIDATE, lastRpcTime:42ms, electionTimeout:41ms
2019-10-21 22:01:33,923 [Thread-1016] INFO  impl.RoleInfo (RoleInfo.java:shutdownFollowerState(121)) - d2d0250e-a378-4f8a-a4ff-ce07d96628f4: shutdown FollowerState
2019-10-21 22:01:33,924 [Thread-1016] INFO  impl.RaftServerImpl (RaftServerImpl.java:setRole(184)) - d2d0250e-a378-4f8a-a4ff-ce07d96628f4@group-129E33F6DE87: changes role from  FOLLOWER to CANDIDATE at term 74 for changeToCandidate
2019-10-21 22:01:33,927 [Thread-1016] INFO  impl.RoleInfo (RoleInfo.java:updateAndGet(143)) - d2d0250e-a378-4f8a-a4ff-ce07d96628f4: start LeaderElection
2019-10-21 22:01:33,933 [d2d0250e-a378-4f8a-a4ff-ce07d96628f4@group-129E33F6DE87-LeaderElection92] INFO  impl.LeaderElection (LeaderElection.java:askForVotes(178)) - d2d0250e-a378-4f8a-a4ff-ce07d96628f4@group-129E33F6DE87-LeaderElection92: begin an election at term 75 for -1: [756f57d6-6136-46f3-b5ea-af957dae1eda:192.168.34.8:33063, d2d0250e-a378-4f8a-a4ff-ce07d96628f4:192.168.34.8:43170, a36a670b-6f05-41e5-b505-2b1a8d9f1f79:192.168.34.8:32869], old=null
2019-10-21 22:01:33,935 [grpc-default-executor-0] INFO  impl.RaftServerImpl (RaftServerImpl.java:setRole(184)) - a36a670b-6f05-41e5-b505-2b1a8d9f1f79@group-129E33F6DE87: changes role from  FOLLOWER to FOLLOWER at term 75 for recognizeCandidate:d2d0250e-a378-4f8a-a4ff-ce07d96628f4
2019-10-21 22:01:33,938 [grpc-default-executor-0] INFO  impl.RoleInfo (RoleInfo.java:shutdownFollowerState(121)) - a36a670b-6f05-41e5-b505-2b1a8d9f1f79: shutdown FollowerState
2019-10-21 22:01:33,938 [grpc-default-executor-0] INFO  impl.RoleInfo (RoleInfo.java:updateAndGet(143)) - a36a670b-6f05-41e5-b505-2b1a8d9f1f79: start FollowerState
2019-10-21 22:01:33,938 [Thread-1015] INFO  impl.FollowerState (FollowerState.java:run(117)) - a36a670b-6f05-41e5-b505-2b1a8d9f1f79@group-129E33F6DE87-FollowerState was interrupted: java.lang.InterruptedException: sleep interrupted
2019-10-21 22:01:33,939 [grpc-default-executor-6] INFO  impl.RaftServerImpl (RaftServerImpl.java:setRole(184)) - 756f57d6-6136-46f3-b5ea-af957dae1eda@group-129E33F6DE87: changes role from  FOLLOWER to FOLLOWER at term 75 for recognizeCandidate:d2d0250e-a378-4f8a-a4ff-ce07d96628f4
2019-10-21 22:01:33,939 [grpc-default-executor-6] INFO  impl.RoleInfo (RoleInfo.java:shutdownFollowerState(121)) - 756f57d6-6136-46f3-b5ea-af957dae1eda: shutdown FollowerState
2019-10-21 22:01:33,939 [grpc-default-executor-6] INFO  impl.RoleInfo (RoleInfo.java:updateAndGet(143)) - 756f57d6-6136-46f3-b5ea-af957dae1eda: start FollowerState
2019-10-21 22:01:33,939 [Thread-1014] INFO  impl.FollowerState (FollowerState.java:run(117)) - 756f57d6-6136-46f3-b5ea-af957dae1eda@group-129E33F6DE87-FollowerState was interrupted: java.lang.InterruptedException: sleep interrupted
2019-10-21 22:01:33,962 [d2d0250e-a378-4f8a-a4ff-ce07d96628f4@group-129E33F6DE87-LeaderElection92] INFO  impl.LeaderElection (LeaderElection.java:logAndReturn(56)) - d2d0250e-a378-4f8a-a4ff-ce07d96628f4@group-129E33F6DE87-LeaderElection92: Election REJECTED; received 2 response(s) [d2d0250e-a378-4f8a-a4ff-ce07d96628f4<-756f57d6-6136-46f3-b5ea-af957dae1eda#0:FAIL-t75, d2d0250e-a378-4f8a-a4ff-ce07d96628f4<-a36a670b-6f05-41e5-b505-2b1a8d9f1f79#0:FAIL-t75] and 0 exception(s); d2d0250e-a378-4f8a-a4ff-ce07d96628f4@group-129E33F6DE87:t75, leader=null, voted=d2d0250e-a378-4f8a-a4ff-ce07d96628f4, raftlog=d2d0250e-a378-4f8a-a4ff-ce07d96628f4@group-129E33F6DE87-SegmentedRaftLog:OPENED:c-1,f-1,i0, conf=-1: [756f57d6-6136-46f3-b5ea-af957dae1eda:192.168.34.8:33063, d2d0250e-a378-4f8a-a4ff-ce07d96628f4:192.168.34.8:43170, a36a670b-6f05-41e5-b505-2b1a8d9f1f79:192.168.34.8:32869], old=null
2019-10-21 22:01:33,962 [d2d0250e-a378-4f8a-a4ff-ce07d96628f4@group-129E33F6DE87-LeaderElection92] INFO  impl.RaftServerImpl (RaftServerImpl.java:setRole(184)) - d2d0250e-a378-4f8a-a4ff-ce07d96628f4@group-129E33F6DE87: changes role from CANDIDATE to FOLLOWER at term 75 for DISCOVERED_A_NEW_TERM
2019-10-21 22:01:33,962 [d2d0250e-a378-4f8a-a4ff-ce07d96628f4@group-129E33F6DE87-LeaderElection92] INFO  impl.RoleInfo (RoleInfo.java:shutdownLeaderElection(134)) - d2d0250e-a378-4f8a-a4ff-ce07d96628f4: shutdown LeaderElection
2019-10-21 22:01:33,962 [d2d0250e-a378-4f8a-a4ff-ce07d96628f4@group-129E33F6DE87-LeaderElection92] INFO  impl.RoleInfo (RoleInfo.java:updateAndGet(143)) - d2d0250e-a378-4f8a-a4ff-ce07d96628f4: start FollowerState
2019-10-21 22:01:34,103 [Thread-1038] INFO  impl.FollowerState (FollowerState.java:run(108)) - d2d0250e-a378-4f8a-a4ff-ce07d96628f4@group-129E33F6DE87-FollowerState: change to CANDIDATE, lastRpcTime:140ms, electionTimeout:140ms
2019-10-21 22:01:34,103 [Thread-1038] INFO  impl.RoleInfo (RoleInfo.java:shutdownFollowerState(121)) - d2d0250e-a378-4f8a-a4ff-ce07d96628f4: shutdown FollowerState
2019-10-21 22:01:34,103 [Thread-1038] INFO  impl.RaftServerImpl (RaftServerImpl.java:setRole(184)) - d2d0250e-a378-4f8a-a4ff-ce07d96628f4@group-129E33F6DE87: changes role from  FOLLOWER to CANDIDATE at term 75 for changeToCandidate
2019-10-21 22:01:34,103 [Thread-1038] INFO  impl.RoleInfo (RoleInfo.java:updateAndGet(143)) - d2d0250e-a378-4f8a-a4ff-ce07d96628f4: start LeaderElection
2019-10-21 22:01:34,117 [d2d0250e-a378-4f8a-a4ff-ce07d96628f4@group-129E33F6DE87-LeaderElection93] INFO  impl.LeaderElection (LeaderElection.java:askForVotes(178)) - d2d0250e-a378-4f8a-a4ff-ce07d96628f4@group-129E33F6DE87-LeaderElection93: begin an election at term 76 for -1: [756f57d6-6136-46f3-b5ea-af957dae1eda:192.168.34.8:33063, d2d0250e-a378-4f8a-a4ff-ce07d96628f4:192.168.34.8:43170, a36a670b-6f05-41e5-b505-2b1a8d9f1f79:192.168.34.8:32869], old=null
2019-10-21 22:01:34,120 [grpc-default-executor-3] INFO  impl.RaftServerImpl (RaftServerImpl.java:setRole(184)) - a36a670b-6f05-41e5-b505-2b1a8d9f1f79@group-129E33F6DE87: changes role from  FOLLOWER to FOLLOWER at term 76 for recognizeCandidate:d2d0250e-a378-4f8a-a4ff-ce07d96628f4
2019-10-21 22:01:34,120 [grpc-default-executor-0] INFO  impl.RaftServerImpl (RaftServerImpl.java:setRole(184)) - 756f57d6-6136-46f3-b5ea-af957dae1eda@group-129E33F6DE87: changes role from  FOLLOWER to FOLLOWER at term 76 for recognizeCandidate:d2d0250e-a378-4f8a-a4ff-ce07d96628f4
2019-10-21 22:01:34,120 [grpc-default-executor-3] INFO  impl.RoleInfo (RoleInfo.java:shutdownFollowerState(121)) - a36a670b-6f05-41e5-b505-2b1a8d9f1f79: shutdown FollowerState
2019-10-21 22:01:34,120 [grpc-default-executor-0] INFO  impl.RoleInfo (RoleInfo.java:shutdownFollowerState(121)) - 756f57d6-6136-46f3-b5ea-af957dae1eda: shutdown FollowerState
2019-10-21 22:01:34,120 [Thread-1029] INFO  impl.FollowerState (FollowerState.java:run(117)) - a36a670b-6f05-41e5-b505-2b1a8d9f1f79@group-129E33F6DE87-FollowerState was interrupted: java.lang.InterruptedException: sleep interrupted
2019-10-21 22:01:34,120 [grpc-default-executor-3] INFO  impl.RoleInfo (RoleInfo.java:updateAndGet(143)) - a36a670b-6f05-41e5-b505-2b1a8d9f1f79: start FollowerState
2019-10-21 22:01:34,120 [Thread-1030] INFO  impl.FollowerState (FollowerState.java:run(117)) - 756f57d6-6136-46f3-b5ea-af957dae1eda@group-129E33F6DE87-FollowerState was interrupted: java.lang.InterruptedException: sleep interrupted
2019-10-21 22:01:34,120 [grpc-default-executor-0] INFO  impl.RoleInfo (RoleInfo.java:updateAndGet(143)) - 756f57d6-6136-46f3-b5ea-af957dae1eda: start FollowerState
2019-10-21 22:01:34,140 [d2d0250e-a378-4f8a-a4ff-ce07d96628f4@group-129E33F6DE87-LeaderElection93] INFO  impl.LeaderElection (LeaderElection.java:logAndReturn(56)) - d2d0250e-a378-4f8a-a4ff-ce07d96628f4@group-129E33F6DE87-LeaderElection93: Election REJECTED; received 2 response(s) [d2d0250e-a378-4f8a-a4ff-ce07d96628f4<-756f57d6-6136-46f3-b5ea-af957dae1eda#0:FAIL-t76, d2d0250e-a378-4f8a-a4ff-ce07d96628f4<-a36a670b-6f05-41e5-b505-2b1a8d9f1f79#0:FAIL-t76] and 0 exception(s); d2d0250e-a378-4f8a-a4ff-ce07d96628f4@group-129E33F6DE87:t76, leader=null, voted=d2d0250e-a378-4f8a-a4ff-ce07d96628f4, raftlog=d2d0250e-a378-4f8a-a4ff-ce07d96628f4@group-129E33F6DE87-SegmentedRaftLog:OPENED:c-1,f-1,i0, conf=-1: [756f57d6-6136-46f3-b5ea-af957dae1eda:192.168.34.8:33063, d2d0250e-a378-4f8a-a4ff-ce07d96628f4:192.168.34.8:43170, a36a670b-6f05-41e5-b505-2b1a8d9f1f79:192.168.34.8:32869], old=null
2019-10-21 22:01:34,140 [d2d0250e-a378-4f8a-a4ff-ce07d96628f4@group-129E33F6DE87-LeaderElection93] INFO  impl.RaftServerImpl (RaftServerImpl.java:setRole(184)) - d2d0250e-a378-4f8a-a4ff-ce07d96628f4@group-129E33F6DE87: changes role from CANDIDATE to FOLLOWER at term 76 for DISCOVERED_A_NEW_TERM
2019-10-21 22:01:34,140 [d2d0250e-a378-4f8a-a4ff-ce07d96628f4@group-129E33F6DE87-LeaderElection93] INFO  impl.RoleInfo (RoleInfo.java:shutdownLeaderElection(134)) - d2d0250e-a378-4f8a-a4ff-ce07d96628f4: shutdown LeaderElection
2019-10-21 22:01:34,140 [d2d0250e-a378-4f8a-a4ff-ce07d96628f4@group-129E33F6DE87-LeaderElection93] INFO  impl.RoleInfo (RoleInfo.java:updateAndGet(143)) - d2d0250e-a378-4f8a-a4ff-ce07d96628f4: start FollowerState
2019-10-21 22:01:34,172 [main] INFO  ozone.MiniOzoneClusterImpl (MiniOzoneClusterImpl.java:shutdown(314)) - Shutting down the Mini Ozone Cluster
2019-10-21 22:01:34,172 [main] INFO  ozone.MiniOzoneClusterImpl (MiniOzoneClusterImpl.java:stop(330)) - Stopping the Mini Ozone Cluster
2019-10-21 22:01:34,172 [main] INFO  ozone.MiniOzoneClusterImpl (MiniOzoneClusterImpl.java:stopOM(400)) - Stopping the OzoneManager
2019-10-21 22:01:34,172 [main] INFO  ipc.Server (Server.java:stop(3082)) - Stopping server on 42970
2019-10-21 22:01:34,173 [IPC Server listener on 42970] INFO  ipc.Server (Server.java:run(1185)) - Stopping IPC Server listener on 42970
2019-10-21 22:01:34,173 [main] INFO  ratis.OzoneManagerDoubleBuffer (OzoneManagerDoubleBuffer.java:stop(250)) - Stopping OMDoubleBuffer flush thread
2019-10-21 22:01:34,173 [IPC Server Responder] INFO  ipc.Server (Server.java:run(1319)) - Stopping IPC Server Responder
2019-10-21 22:01:34,174 [OMDoubleBufferFlushThread] INFO  ratis.OzoneManagerDoubleBuffer (OzoneManagerDoubleBuffer.java:flushTransactions(193)) - OMDoubleBuffer flush thread OMDoubleBufferFlushThread is interrupted and will exit. OMDoubleBufferFlushThread
2019-10-21 22:01:34,174 [main] INFO  utils.BackgroundService (BackgroundService.java:shutdown(151)) - Shutting down service KeyDeletingService
2019-10-21 22:01:34,177 [main] INFO  handler.ContextHandler (ContextHandler.java:doStop(910)) - Stopped o.e.j.w.WebAppContext@31fc71ab{/,null,UNAVAILABLE}{/ozoneManager}
2019-10-21 22:01:34,184 [main] INFO  server.AbstractConnector (AbstractConnector.java:doStop(318)) - Stopped ServerConnector@71391b3f{HTTP/1.1,[http/1.1]}{0.0.0.0:0}
2019-10-21 22:01:34,185 [main] INFO  handler.ContextHandler (ContextHandler.java:doStop(910)) - Stopped o.e.j.s.ServletContextHandler@7923f5b3{/static,file:///workdir/hadoop-ozone/integration-test/target/test-classes/webapps/static,UNAVAILABLE}
2019-10-21 22:01:34,185 [main] INFO  handler.ContextHandler (ContextHandler.java:doStop(910)) - Stopped o.e.j.s.ServletContextHandler@2ca6546f{/logs,file:///workdir/hadoop-ozone/integration-test/target/log,UNAVAILABLE}
2019-10-21 22:01:34,206 [main] INFO  ozone.MiniOzoneClusterImpl (MiniOzoneClusterImpl.java:stopDatanodes(377)) - Stopping the HddsDatanodes
2019-10-21 22:01:34,253 [Thread-1063] INFO  impl.FollowerState (FollowerState.java:run(108)) - d2d0250e-a378-4f8a-a4ff-ce07d96628f4@group-129E33F6DE87-FollowerState: change to CANDIDATE, lastRpcTime:113ms, electionTimeout:113ms
2019-10-21 22:01:34,254 [Thread-1063] INFO  impl.RoleInfo (RoleInfo.java:shutdownFollowerState(121)) - d2d0250e-a378-4f8a-a4ff-ce07d96628f4: shutdown FollowerState
2019-10-21 22:01:34,254 [Thread-1063] INFO  impl.RaftServerImpl (RaftServerImpl.java:setRole(184)) - d2d0250e-a378-4f8a-a4ff-ce07d96628f4@group-129E33F6DE87: changes role from  FOLLOWER to CANDIDATE at term 76 for changeToCandidate
2019-10-21 22:01:34,254 [Thread-1063] INFO  impl.RoleInfo (RoleInfo.java:updateAndGet(143)) - d2d0250e-a378-4f8a-a4ff-ce07d96628f4: start LeaderElection
2019-10-21 22:01:34,263 [d2d0250e-a378-4f8a-a4ff-ce07d96628f4@group-129E33F6DE87-LeaderElection94] INFO  impl.LeaderElection (LeaderElection.java:askForVotes(178)) - d2d0250e-a378-4f8a-a4ff-ce07d96628f4@group-129E33F6DE87-LeaderElection94: begin an election at term 77 for -1: [756f57d6-6136-46f3-b5ea-af957dae1eda:192.168.34.8:33063, d2d0250e-a378-4f8a-a4ff-ce07d96628f4:192.168.34.8:43170, a36a670b-6f05-41e5-b505-2b1a8d9f1f79:192.168.34.8:32869], old=null
2019-10-21 22:01:34,265 [grpc-default-executor-4] INFO  impl.RaftServerImpl (RaftServerImpl.java:setRole(184)) - 756f57d6-6136-46f3-b5ea-af957dae1eda@group-129E33F6DE87: changes role from  FOLLOWER to FOLLOWER at term 77 for recognizeCandidate:d2d0250e-a378-4f8a-a4ff-ce07d96628f4
2019-10-21 22:01:34,265 [grpc-default-executor-3] INFO  impl.RaftServerImpl (RaftServerImpl.java:setRole(184)) - a36a670b-6f05-41e5-b505-2b1a8d9f1f79@group-129E33F6DE87: changes role from  FOLLOWER to FOLLOWER at term 77 for recognizeCandidate:d2d0250e-a378-4f8a-a4ff-ce07d96628f4
2019-10-21 22:01:34,266 [grpc-default-executor-4] INFO  impl.RoleInfo (RoleInfo.java:shutdownFollowerState(121)) - 756f57d6-6136-46f3-b5ea-af957dae1eda: shutdown FollowerState
2019-10-21 22:01:34,266 [grpc-default-executor-3] INFO  impl.RoleInfo (RoleInfo.java:shutdownFollowerState(121)) - a36a670b-6f05-41e5-b505-2b1a8d9f1f79: shutdown FollowerState
2019-10-21 22:01:34,266 [grpc-default-executor-4] INFO  impl.RoleInfo (RoleInfo.java:updateAndGet(143)) - 756f57d6-6136-46f3-b5ea-af957dae1eda: start FollowerState
2019-10-21 22:01:34,266 [Thread-1049] INFO  impl.FollowerState (FollowerState.java:run(117)) - a36a670b-6f05-41e5-b505-2b1a8d9f1f79@group-129E33F6DE87-FollowerState was interrupted: java.lang.InterruptedException: sleep interrupted
2019-10-21 22:01:34,266 [grpc-default-executor-3] INFO  impl.RoleInfo (RoleInfo.java:updateAndGet(143)) - a36a670b-6f05-41e5-b505-2b1a8d9f1f79: start FollowerState
2019-10-21 22:01:34,266 [Thread-1050] INFO  impl.FollowerState (FollowerState.java:run(117)) - 756f57d6-6136-46f3-b5ea-af957dae1eda@group-129E33F6DE87-FollowerState was interrupted: java.lang.InterruptedException: sleep interrupted
2019-10-21 22:01:34,278 [d2d0250e-a378-4f8a-a4ff-ce07d96628f4@group-129E33F6DE87-LeaderElection94] INFO  impl.LeaderElection (LeaderElection.java:logAndReturn(56)) - d2d0250e-a378-4f8a-a4ff-ce07d96628f4@group-129E33F6DE87-LeaderElection94: Election REJECTED; received 2 response(s) [d2d0250e-a378-4f8a-a4ff-ce07d96628f4<-756f57d6-6136-46f3-b5ea-af957dae1eda#0:FAIL-t77, d2d0250e-a378-4f8a-a4ff-ce07d96628f4<-a36a670b-6f05-41e5-b505-2b1a8d9f1f79#0:FAIL-t77] and 0 exception(s); d2d0250e-a378-4f8a-a4ff-ce07d96628f4@group-129E33F6DE87:t77, leader=null, voted=d2d0250e-a378-4f8a-a4ff-ce07d96628f4, raftlog=d2d0250e-a378-4f8a-a4ff-ce07d96628f4@group-129E33F6DE87-SegmentedRaftLog:OPENED:c-1,f-1,i0, conf=-1: [756f57d6-6136-46f3-b5ea-af957dae1eda:192.168.34.8:33063, d2d0250e-a378-4f8a-a4ff-ce07d96628f4:192.168.34.8:43170, a36a670b-6f05-41e5-b505-2b1a8d9f1f79:192.168.34.8:32869], old=null
2019-10-21 22:01:34,278 [d2d0250e-a378-4f8a-a4ff-ce07d96628f4@group-129E33F6DE87-LeaderElection94] INFO  impl.RaftServerImpl (RaftServerImpl.java:setRole(184)) - d2d0250e-a378-4f8a-a4ff-ce07d96628f4@group-129E33F6DE87: changes role from CANDIDATE to FOLLOWER at term 77 for DISCOVERED_A_NEW_TERM
2019-10-21 22:01:34,279 [d2d0250e-a378-4f8a-a4ff-ce07d96628f4@group-129E33F6DE87-LeaderElection94] INFO  impl.RoleInfo (RoleInfo.java:shutdownLeaderElection(134)) - d2d0250e-a378-4f8a-a4ff-ce07d96628f4: shutdown LeaderElection
2019-10-21 22:01:34,279 [d2d0250e-a378-4f8a-a4ff-ce07d96628f4@group-129E33F6DE87-LeaderElection94] INFO  impl.RoleInfo (RoleInfo.java:updateAndGet(143)) - d2d0250e-a378-4f8a-a4ff-ce07d96628f4: start FollowerState
2019-10-21 22:01:34,293 [Datanode State Machine Thread - 0] INFO  statemachine.DatanodeStateMachine (DatanodeStateMachine.java:lambda$startDaemon$0(350)) - Ozone container server started.
2019-10-21 22:01:34,293 [Datanode State Machine Thread - 0] INFO  statemachine.DatanodeStateMachine (DatanodeStateMachine.java:lambda$startDaemon$0(350)) - Ozone container server started.
2019-10-21 22:01:34,431 [Thread-1085] INFO  impl.FollowerState (FollowerState.java:run(108)) - d2d0250e-a378-4f8a-a4ff-ce07d96628f4@group-129E33F6DE87-FollowerState: change to CANDIDATE, lastRpcTime:152ms, electionTimeout:152ms
2019-10-21 22:01:34,431 [Thread-1085] INFO  impl.RoleInfo (RoleInfo.java:shutdownFollowerState(121)) - d2d0250e-a378-4f8a-a4ff-ce07d96628f4: shutdown FollowerState
2019-10-21 22:01:34,431 [Thread-1085] INFO  impl.RaftServerImpl (RaftServerImpl.java:setRole(184)) - d2d0250e-a378-4f8a-a4ff-ce07d96628f4@group-129E33F6DE87: changes role from  FOLLOWER to CANDIDATE at term 77 for changeToCandidate
2019-10-21 22:01:34,432 [Thread-1085] INFO  impl.RoleInfo (RoleInfo.java:updateAndGet(143)) - d2d0250e-a378-4f8a-a4ff-ce07d96628f4: start LeaderElection
2019-10-21 22:01:34,469 [d2d0250e-a378-4f8a-a4ff-ce07d96628f4@group-129E33F6DE87-LeaderElection95] INFO  impl.LeaderElection (LeaderElection.java:askForVotes(178)) - d2d0250e-a378-4f8a-a4ff-ce07d96628f4@group-129E33F6DE87-LeaderElection95: begin an election at term 78 for -1: [756f57d6-6136-46f3-b5ea-af957dae1eda:192.168.34.8:33063, d2d0250e-a378-4f8a-a4ff-ce07d96628f4:192.168.34.8:43170, a36a670b-6f05-41e5-b505-2b1a8d9f1f79:192.168.34.8:32869], old=null
2019-10-21 22:01:34,472 [grpc-default-executor-3] INFO  impl.RaftServerImpl (RaftServerImpl.java:setRole(184)) - 756f57d6-6136-46f3-b5ea-af957dae1eda@group-129E33F6DE87: changes role from  FOLLOWER to FOLLOWER at term 78 for recognizeCandidate:d2d0250e-a378-4f8a-a4ff-ce07d96628f4
2019-10-21 22:01:34,473 [grpc-default-executor-3] INFO  impl.RoleInfo (RoleInfo.java:shutdownFollowerState(121)) - 756f57d6-6136-46f3-b5ea-af957dae1eda: shutdown FollowerState
2019-10-21 22:01:34,472 [grpc-default-executor-4] INFO  impl.RaftServerImpl (RaftServerImpl.java:setRole(184)) - a36a670b-6f05-41e5-b505-2b1a8d9f1f79@group-129E33F6DE87: changes role from  FOLLOWER to FOLLOWER at term 78 for recognizeCandidate:d2d0250e-a378-4f8a-a4ff-ce07d96628f4
2019-10-21 22:01:34,473 [Thread-1083] INFO  impl.FollowerState (FollowerState.java:run(117)) - 756f57d6-6136-46f3-b5ea-af957dae1eda@group-129E33F6DE87-FollowerState was interrupted: java.lang.InterruptedException: sleep interrupted
2019-10-21 22:01:34,473 [grpc-default-executor-3] INFO  impl.RoleInfo (RoleInfo.java:updateAndGet(143)) - 756f57d6-6136-46f3-b5ea-af957dae1eda: start FollowerState
2019-10-21 22:01:34,473 [grpc-default-executor-4] INFO  impl.RoleInfo (RoleInfo.java:shutdownFollowerState(121)) - a36a670b-6f05-41e5-b505-2b1a8d9f1f79: shutdown FollowerState
2019-10-21 22:01:34,474 [Thread-1084] INFO  impl.FollowerState (FollowerState.java:run(117)) - a36a670b-6f05-41e5-b505-2b1a8d9f1f79@group-129E33F6DE87-FollowerState was interrupted: java.lang.InterruptedException: sleep interrupted
2019-10-21 22:01:34,474 [grpc-default-executor-4] INFO  impl.RoleInfo (RoleInfo.java:updateAndGet(143)) - a36a670b-6f05-41e5-b505-2b1a8d9f1f79: start FollowerState
2019-10-21 22:01:34,488 [d2d0250e-a378-4f8a-a4ff-ce07d96628f4@group-129E33F6DE87-LeaderElection95] INFO  impl.LeaderElection (LeaderElection.java:logAndReturn(56)) - d2d0250e-a378-4f8a-a4ff-ce07d96628f4@group-129E33F6DE87-LeaderElection95: Election REJECTED; received 2 response(s) [d2d0250e-a378-4f8a-a4ff-ce07d96628f4<-756f57d6-6136-46f3-b5ea-af957dae1eda#0:FAIL-t78, d2d0250e-a378-4f8a-a4ff-ce07d96628f4<-a36a670b-6f05-41e5-b505-2b1a8d9f1f79#0:FAIL-t78] and 0 exception(s); d2d0250e-a378-4f8a-a4ff-ce07d96628f4@group-129E33F6DE87:t78, leader=null, voted=d2d0250e-a378-4f8a-a4ff-ce07d96628f4, raftlog=d2d0250e-a378-4f8a-a4ff-ce07d96628f4@group-129E33F6DE87-SegmentedRaftLog:OPENED:c-1,f-1,i0, conf=-1: [756f57d6-6136-46f3-b5ea-af957dae1eda:192.168.34.8:33063, d2d0250e-a378-4f8a-a4ff-ce07d96628f4:192.168.34.8:43170, a36a670b-6f05-41e5-b505-2b1a8d9f1f79:192.168.34.8:32869], old=null
2019-10-21 22:01:34,489 [d2d0250e-a378-4f8a-a4ff-ce07d96628f4@group-129E33F6DE87-LeaderElection95] INFO  impl.RaftServerImpl (RaftServerImpl.java:setRole(184)) - d2d0250e-a378-4f8a-a4ff-ce07d96628f4@group-129E33F6DE87: changes role from CANDIDATE to FOLLOWER at term 78 for DISCOVERED_A_NEW_TERM
2019-10-21 22:01:34,489 [d2d0250e-a378-4f8a-a4ff-ce07d96628f4@group-129E33F6DE87-LeaderElection95] INFO  impl.RoleInfo (RoleInfo.java:shutdownLeaderElection(134)) - d2d0250e-a378-4f8a-a4ff-ce07d96628f4: shutdown LeaderElection
2019-10-21 22:01:34,489 [d2d0250e-a378-4f8a-a4ff-ce07d96628f4@group-129E33F6DE87-LeaderElection95] INFO  impl.RoleInfo (RoleInfo.java:updateAndGet(143)) - d2d0250e-a378-4f8a-a4ff-ce07d96628f4: start FollowerState
2019-10-21 22:01:34,538 [Thread-1104] INFO  impl.FollowerState (FollowerState.java:run(108)) - d2d0250e-a378-4f8a-a4ff-ce07d96628f4@group-129E33F6DE87-FollowerState: change to CANDIDATE, lastRpcTime:49ms, electionTimeout:49ms
2019-10-21 22:01:34,538 [Thread-1104] INFO  impl.RoleInfo (RoleInfo.java:shutdownFollowerState(121)) - d2d0250e-a378-4f8a-a4ff-ce07d96628f4: shutdown FollowerState
2019-10-21 22:01:34,538 [Thread-1104] INFO  impl.RaftServerImpl (RaftServerImpl.java:setRole(184)) - d2d0250e-a378-4f8a-a4ff-ce07d96628f4@group-129E33F6DE87: changes role from  FOLLOWER to CANDIDATE at term 78 for changeToCandidate
2019-10-21 22:01:34,539 [Thread-1104] INFO  impl.RoleInfo (RoleInfo.java:updateAndGet(143)) - d2d0250e-a378-4f8a-a4ff-ce07d96628f4: start LeaderElection
2019-10-21 22:01:34,552 [d2d0250e-a378-4f8a-a4ff-ce07d96628f4@group-129E33F6DE87-LeaderElection96] INFO  impl.LeaderElection (LeaderElection.java:askForVotes(178)) - d2d0250e-a378-4f8a-a4ff-ce07d96628f4@group-129E33F6DE87-LeaderElection96: begin an election at term 79 for -1: [756f57d6-6136-46f3-b5ea-af957dae1eda:192.168.34.8:33063, d2d0250e-a378-4f8a-a4ff-ce07d96628f4:192.168.34.8:43170, a36a670b-6f05-41e5-b505-2b1a8d9f1f79:192.168.34.8:32869], old=null
2019-10-21 22:01:34,555 [grpc-default-executor-4] INFO  impl.RaftServerImpl (RaftServerImpl.java:setRole(184)) - a36a670b-6f05-41e5-b505-2b1a8d9f1f79@group-129E33F6DE87: changes role from  FOLLOWER to FOLLOWER at term 79 for recognizeCandidate:d2d0250e-a378-4f8a-a4ff-ce07d96628f4
2019-10-21 22:01:34,555 [grpc-default-executor-3] INFO  impl.RaftServerImpl (RaftServerImpl.java:setRole(184)) - 756f57d6-6136-46f3-b5ea-af957dae1eda@group-129E33F6DE87: changes role from  FOLLOWER to FOLLOWER at term 79 for recognizeCandidate:d2d0250e-a378-4f8a-a4ff-ce07d96628f4
2019-10-21 22:01:34,555 [grpc-default-executor-4] INFO  impl.RoleInfo (RoleInfo.java:shutdownFollowerState(121)) - a36a670b-6f05-41e5-b505-2b1a8d9f1f79: shutdown FollowerState
2019-10-21 22:01:34,555 [grpc-default-executor-3] INFO  impl.RoleInfo (RoleInfo.java:shutdownFollowerState(121)) - 756f57d6-6136-46f3-b5ea-af957dae1eda: shutdown FollowerState
2019-10-21 22:01:34,556 [grpc-default-executor-4] INFO  impl.RoleInfo (RoleInfo.java:updateAndGet(143)) - a36a670b-6f05-41e5-b505-2b1a8d9f1f79: start FollowerState
2019-10-21 22:01:34,556 [Thread-1103] INFO  impl.FollowerState (FollowerState.java:run(117)) - a36a670b-6f05-41e5-b505-2b1a8d9f1f79@group-129E33F6DE87-FollowerState was interrupted: java.lang.InterruptedException: sleep interrupted
2019-10-21 22:01:34,556 [Thread-1102] INFO  impl.FollowerState (FollowerState.java:run(117)) - 756f57d6-6136-46f3-b5ea-af957dae1eda@group-129E33F6DE87-FollowerState was interrupted: java.lang.InterruptedException: sleep interrupted
2019-10-21 22:01:34,556 [grpc-default-executor-3] INFO  impl.RoleInfo (RoleInfo.java:updateAndGet(143)) - 756f57d6-6136-46f3-b5ea-af957dae1eda: start FollowerState
2019-10-21 22:01:34,569 [d2d0250e-a378-4f8a-a4ff-ce07d96628f4@group-129E33F6DE87-LeaderElection96] INFO  impl.LeaderElection (LeaderElection.java:logAndReturn(56)) - d2d0250e-a378-4f8a-a4ff-ce07d96628f4@group-129E33F6DE87-LeaderElection96: Election REJECTED; received 2 response(s) [d2d0250e-a378-4f8a-a4ff-ce07d96628f4<-756f57d6-6136-46f3-b5ea-af957dae1eda#0:FAIL-t79, d2d0250e-a378-4f8a-a4ff-ce07d96628f4<-a36a670b-6f05-41e5-b505-2b1a8d9f1f79#0:FAIL-t79] and 0 exception(s); d2d0250e-a378-4f8a-a4ff-ce07d96628f4@group-129E33F6DE87:t79, leader=null, voted=d2d0250e-a378-4f8a-a4ff-ce07d96628f4, raftlog=d2d0250e-a378-4f8a-a4ff-ce07d96628f4@group-129E33F6DE87-SegmentedRaftLog:OPENED:c-1,f-1,i0, conf=-1: [756f57d6-6136-46f3-b5ea-af957dae1eda:192.168.34.8:33063, d2d0250e-a378-4f8a-a4ff-ce07d96628f4:192.168.34.8:43170, a36a670b-6f05-41e5-b505-2b1a8d9f1f79:192.168.34.8:32869], old=null
2019-10-21 22:01:34,569 [d2d0250e-a378-4f8a-a4ff-ce07d96628f4@group-129E33F6DE87-LeaderElection96] INFO  impl.RaftServerImpl (RaftServerImpl.java:setRole(184)) - d2d0250e-a378-4f8a-a4ff-ce07d96628f4@group-129E33F6DE87: changes role from CANDIDATE to FOLLOWER at term 79 for DISCOVERED_A_NEW_TERM
2019-10-21 22:01:34,569 [d2d0250e-a378-4f8a-a4ff-ce07d96628f4@group-129E33F6DE87-LeaderElection96] INFO  impl.RoleInfo (RoleInfo.java:shutdownLeaderElection(134)) - d2d0250e-a378-4f8a-a4ff-ce07d96628f4: shutdown LeaderElection
2019-10-21 22:01:34,570 [d2d0250e-a378-4f8a-a4ff-ce07d96628f4@group-129E33F6DE87-LeaderElection96] INFO  impl.RoleInfo (RoleInfo.java:updateAndGet(143)) - d2d0250e-a378-4f8a-a4ff-ce07d96628f4: start FollowerState
2019-10-21 22:01:34,748 [Thread-1110] INFO  impl.FollowerState (FollowerState.java:run(108)) - d2d0250e-a378-4f8a-a4ff-ce07d96628f4@group-129E33F6DE87-FollowerState: change to CANDIDATE, lastRpcTime:178ms, electionTimeout:178ms
2019-10-21 22:01:34,748 [Thread-1110] INFO  impl.RoleInfo (RoleInfo.java:shutdownFollowerState(121)) - d2d0250e-a378-4f8a-a4ff-ce07d96628f4: shutdown FollowerState
2019-10-21 22:01:34,748 [Thread-1110] INFO  impl.RaftServerImpl (RaftServerImpl.java:setRole(184)) - d2d0250e-a378-4f8a-a4ff-ce07d96628f4@group-129E33F6DE87: changes role from  FOLLOWER to CANDIDATE at term 79 for changeToCandidate
2019-10-21 22:01:34,749 [Thread-1110] INFO  impl.RoleInfo (RoleInfo.java:updateAndGet(143)) - d2d0250e-a378-4f8a-a4ff-ce07d96628f4: start LeaderElection
2019-10-21 22:01:34,763 [d2d0250e-a378-4f8a-a4ff-ce07d96628f4@group-129E33F6DE87-LeaderElection97] INFO  impl.LeaderElection (LeaderElection.java:askForVotes(178)) - d2d0250e-a378-4f8a-a4ff-ce07d96628f4@group-129E33F6DE87-LeaderElection97: begin an election at term 80 for -1: [756f57d6-6136-46f3-b5ea-af957dae1eda:192.168.34.8:33063, d2d0250e-a378-4f8a-a4ff-ce07d96628f4:192.168.34.8:43170, a36a670b-6f05-41e5-b505-2b1a8d9f1f79:192.168.34.8:32869], old=null
2019-10-21 22:01:34,766 [grpc-default-executor-3] INFO  impl.RaftServerImpl (RaftServerImpl.java:setRole(184)) - a36a670b-6f05-41e5-b505-2b1a8d9f1f79@group-129E33F6DE87: changes role from  FOLLOWER to FOLLOWER at term 80 for recognizeCandidate:d2d0250e-a378-4f8a-a4ff-ce07d96628f4
2019-10-21 22:01:34,766 [grpc-default-executor-4] INFO  impl.RaftServerImpl (RaftServerImpl.java:setRole(184)) - 756f57d6-6136-46f3-b5ea-af957dae1eda@group-129E33F6DE87: changes role from  FOLLOWER to FOLLOWER at term 80 for recognizeCandidate:d2d0250e-a378-4f8a-a4ff-ce07d96628f4
2019-10-21 22:01:34,766 [grpc-default-executor-3] INFO  impl.RoleInfo (RoleInfo.java:shutdownFollowerState(121)) - a36a670b-6f05-41e5-b505-2b1a8d9f1f79: shutdown FollowerState
2019-10-21 22:01:34,767 [grpc-default-executor-4] INFO  impl.RoleInfo (RoleInfo.java:shutdownFollowerState(121)) - 756f57d6-6136-46f3-b5ea-af957dae1eda: shutdown FollowerState
2019-10-21 22:01:34,767 [Thread-1108] INFO  impl.FollowerState (FollowerState.java:run(117)) - a36a670b-6f05-41e5-b505-2b1a8d9f1f79@group-129E33F6DE87-FollowerState was interrupted: java.lang.InterruptedException: sleep interrupted
2019-10-21 22:01:34,767 [Thread-1109] INFO  impl.FollowerState (FollowerState.java:run(117)) - 756f57d6-6136-46f3-b5ea-af957dae1eda@group-129E33F6DE87-FollowerState was interrupted: java.lang.InterruptedException: sleep interrupted
2019-10-21 22:01:34,767 [grpc-default-executor-3] INFO  impl.RoleInfo (RoleInfo.java:updateAndGet(143)) - a36a670b-6f05-41e5-b505-2b1a8d9f1f79: start FollowerState
2019-10-21 22:01:34,767 [grpc-default-executor-4] INFO  impl.RoleInfo (RoleInfo.java:updateAndGet(143)) - 756f57d6-6136-46f3-b5ea-af957dae1eda: start FollowerState
2019-10-21 22:01:34,783 [d2d0250e-a378-4f8a-a4ff-ce07d96628f4@group-129E33F6DE87-LeaderElection97] INFO  impl.LeaderElection (LeaderElection.java:logAndReturn(56)) - d2d0250e-a378-4f8a-a4ff-ce07d96628f4@group-129E33F6DE87-LeaderElection97: Election REJECTED; received 2 response(s) [d2d0250e-a378-4f8a-a4ff-ce07d96628f4<-756f57d6-6136-46f3-b5ea-af957dae1eda#0:FAIL-t80, d2d0250e-a378-4f8a-a4ff-ce07d96628f4<-a36a670b-6f05-41e5-b505-2b1a8d9f1f79#0:FAIL-t80] and 0 exception(s); d2d0250e-a378-4f8a-a4ff-ce07d96628f4@group-129E33F6DE87:t80, leader=null, voted=d2d0250e-a378-4f8a-a4ff-ce07d96628f4, raftlog=d2d0250e-a378-4f8a-a4ff-ce07d96628f4@group-129E33F6DE87-SegmentedRaftLog:OPENED:c-1,f-1,i0, conf=-1: [756f57d6-6136-46f3-b5ea-af957dae1eda:192.168.34.8:33063, d2d0250e-a378-4f8a-a4ff-ce07d96628f4:192.168.34.8:43170, a36a670b-6f05-41e5-b505-2b1a8d9f1f79:192.168.34.8:32869], old=null
2019-10-21 22:01:34,783 [d2d0250e-a378-4f8a-a4ff-ce07d96628f4@group-129E33F6DE87-LeaderElection97] INFO  impl.RaftServerImpl (RaftServerImpl.java:setRole(184)) - d2d0250e-a378-4f8a-a4ff-ce07d96628f4@group-129E33F6DE87: changes role from CANDIDATE to FOLLOWER at term 80 for DISCOVERED_A_NEW_TERM
2019-10-21 22:01:34,783 [d2d0250e-a378-4f8a-a4ff-ce07d96628f4@group-129E33F6DE87-LeaderElection97] INFO  impl.RoleInfo (RoleInfo.java:shutdownLeaderElection(134)) - d2d0250e-a378-4f8a-a4ff-ce07d96628f4: shutdown LeaderElection
2019-10-21 22:01:34,783 [d2d0250e-a378-4f8a-a4ff-ce07d96628f4@group-129E33F6DE87-LeaderElection97] INFO  impl.RoleInfo (RoleInfo.java:updateAndGet(143)) - d2d0250e-a378-4f8a-a4ff-ce07d96628f4: start FollowerState
2019-10-21 22:01:34,862 [Thread-1118] INFO  impl.FollowerState (FollowerState.java:run(108)) - d2d0250e-a378-4f8a-a4ff-ce07d96628f4@group-129E33F6DE87-FollowerState: change to CANDIDATE, lastRpcTime:78ms, electionTimeout:78ms
2019-10-21 22:01:34,862 [Thread-1118] INFO  impl.RoleInfo (RoleInfo.java:shutdownFollowerState(121)) - d2d0250e-a378-4f8a-a4ff-ce07d96628f4: shutdown FollowerState
2019-10-21 22:01:34,862 [Thread-1118] INFO  impl.RaftServerImpl (RaftServerImpl.java:setRole(184)) - d2d0250e-a378-4f8a-a4ff-ce07d96628f4@group-129E33F6DE87: changes role from  FOLLOWER to CANDIDATE at term 80 for changeToCandidate
2019-10-21 22:01:34,862 [Thread-1118] INFO  impl.RoleInfo (RoleInfo.java:updateAndGet(143)) - d2d0250e-a378-4f8a-a4ff-ce07d96628f4: start LeaderElection
2019-10-21 22:01:34,876 [d2d0250e-a378-4f8a-a4ff-ce07d96628f4@group-129E33F6DE87-LeaderElection98] INFO  impl.LeaderElection (LeaderElection.java:askForVotes(178)) - d2d0250e-a378-4f8a-a4ff-ce07d96628f4@group-129E33F6DE87-LeaderElection98: begin an election at term 81 for -1: [756f57d6-6136-46f3-b5ea-af957dae1eda:192.168.34.8:33063, d2d0250e-a378-4f8a-a4ff-ce07d96628f4:192.168.34.8:43170, a36a670b-6f05-41e5-b505-2b1a8d9f1f79:192.168.34.8:32869], old=null
2019-10-21 22:01:34,880 [grpc-default-executor-4] INFO  impl.RaftServerImpl (RaftServerImpl.java:setRole(184)) - a36a670b-6f05-41e5-b505-2b1a8d9f1f79@group-129E33F6DE87: changes role from  FOLLOWER to FOLLOWER at term 81 for recognizeCandidate:d2d0250e-a378-4f8a-a4ff-ce07d96628f4
2019-10-21 22:01:34,880 [grpc-default-executor-3] INFO  impl.RaftServerImpl (RaftServerImpl.java:setRole(184)) - 756f57d6-6136-46f3-b5ea-af957dae1eda@group-129E33F6DE87: changes role from  FOLLOWER to FOLLOWER at term 81 for recognizeCandidate:d2d0250e-a378-4f8a-a4ff-ce07d96628f4
2019-10-21 22:01:34,880 [grpc-default-executor-4] INFO  impl.RoleInfo (RoleInfo.java:shutdownFollowerState(121)) - a36a670b-6f05-41e5-b505-2b1a8d9f1f79: shutdown FollowerState
2019-10-21 22:01:34,880 [grpc-default-executor-3] INFO  impl.RoleInfo (RoleInfo.java:shutdownFollowerState(121)) - 756f57d6-6136-46f3-b5ea-af957dae1eda: shutdown FollowerState
2019-10-21 22:01:34,880 [Thread-1116] INFO  impl.FollowerState (FollowerState.java:run(117)) - a36a670b-6f05-41e5-b505-2b1a8d9f1f79@group-129E33F6DE87-FollowerState was interrupted: java.lang.InterruptedException: sleep interrupted
2019-10-21 22:01:34,880 [grpc-default-executor-4] INFO  impl.RoleInfo (RoleInfo.java:updateAndGet(143)) - a36a670b-6f05-41e5-b505-2b1a8d9f1f79: start FollowerState
2019-10-21 22:01:34,880 [grpc-default-executor-3] INFO  impl.RoleInfo (RoleInfo.java:updateAndGet(143)) - 756f57d6-6136-46f3-b5ea-af957dae1eda: start FollowerState
2019-10-21 22:01:34,880 [Thread-1117] INFO  impl.FollowerState (FollowerState.java:run(117)) - 756f57d6-6136-46f3-b5ea-af957dae1eda@group-129E33F6DE87-FollowerState was interrupted: java.lang.InterruptedException: sleep interrupted
2019-10-21 22:01:34,895 [d2d0250e-a378-4f8a-a4ff-ce07d96628f4@group-129E33F6DE87-LeaderElection98] INFO  impl.LeaderElection (LeaderElection.java:logAndReturn(56)) - d2d0250e-a378-4f8a-a4ff-ce07d96628f4@group-129E33F6DE87-LeaderElection98: Election REJECTED; received 2 response(s) [d2d0250e-a378-4f8a-a4ff-ce07d96628f4<-756f57d6-6136-46f3-b5ea-af957dae1eda#0:FAIL-t81, d2d0250e-a378-4f8a-a4ff-ce07d96628f4<-a36a670b-6f05-41e5-b505-2b1a8d9f1f79#0:FAIL-t81] and 0 exception(s); d2d0250e-a378-4f8a-a4ff-ce07d96628f4@group-129E33F6DE87:t81, leader=null, voted=d2d0250e-a378-4f8a-a4ff-ce07d96628f4, raftlog=d2d0250e-a378-4f8a-a4ff-ce07d96628f4@group-129E33F6DE87-SegmentedRaftLog:OPENED:c-1,f-1,i0, conf=-1: [756f57d6-6136-46f3-b5ea-af957dae1eda:192.168.34.8:33063, d2d0250e-a378-4f8a-a4ff-ce07d96628f4:192.168.34.8:43170, a36a670b-6f05-41e5-b505-2b1a8d9f1f79:192.168.34.8:32869], old=null
2019-10-21 22:01:34,896 [d2d0250e-a378-4f8a-a4ff-ce07d96628f4@group-129E33F6DE87-LeaderElection98] INFO  impl.RaftServerImpl (RaftServerImpl.java:setRole(184)) - d2d0250e-a378-4f8a-a4ff-ce07d96628f4@group-129E33F6DE87: changes role from CANDIDATE to FOLLOWER at term 81 for DISCOVERED_A_NEW_TERM
2019-10-21 22:01:34,896 [d2d0250e-a378-4f8a-a4ff-ce07d96628f4@group-129E33F6DE87-LeaderElection98] INFO  impl.RoleInfo (RoleInfo.java:shutdownLeaderElection(134)) - d2d0250e-a378-4f8a-a4ff-ce07d96628f4: shutdown LeaderElection
2019-10-21 22:01:34,896 [d2d0250e-a378-4f8a-a4ff-ce07d96628f4@group-129E33F6DE87-LeaderElection98] INFO  impl.RoleInfo (RoleInfo.java:updateAndGet(143)) - d2d0250e-a378-4f8a-a4ff-ce07d96628f4: start FollowerState
2019-10-21 22:01:35,044 [Thread-1126] INFO  impl.FollowerState (FollowerState.java:run(108)) - d2d0250e-a378-4f8a-a4ff-ce07d96628f4@group-129E33F6DE87-FollowerState: change to CANDIDATE, lastRpcTime:148ms, electionTimeout:148ms
2019-10-21 22:01:35,045 [Thread-1126] INFO  impl.RoleInfo (RoleInfo.java:shutdownFollowerState(121)) - d2d0250e-a378-4f8a-a4ff-ce07d96628f4: shutdown FollowerState
2019-10-21 22:01:35,045 [Thread-1126] INFO  impl.RaftServerImpl (RaftServerImpl.java:setRole(184)) - d2d0250e-a378-4f8a-a4ff-ce07d96628f4@group-129E33F6DE87: changes role from  FOLLOWER to CANDIDATE at term 81 for changeToCandidate
2019-10-21 22:01:35,045 [Thread-1126] INFO  impl.RoleInfo (RoleInfo.java:updateAndGet(143)) - d2d0250e-a378-4f8a-a4ff-ce07d96628f4: start LeaderElection
2019-10-21 22:01:35,060 [d2d0250e-a378-4f8a-a4ff-ce07d96628f4@group-129E33F6DE87-LeaderElection99] INFO  impl.LeaderElection (LeaderElection.java:askForVotes(178)) - d2d0250e-a378-4f8a-a4ff-ce07d96628f4@group-129E33F6DE87-LeaderElection99: begin an election at term 82 for -1: [756f57d6-6136-46f3-b5ea-af957dae1eda:192.168.34.8:33063, d2d0250e-a378-4f8a-a4ff-ce07d96628f4:192.168.34.8:43170, a36a670b-6f05-41e5-b505-2b1a8d9f1f79:192.168.34.8:32869], old=null
2019-10-21 22:01:35,063 [grpc-default-executor-4] INFO  impl.RaftServerImpl (RaftServerImpl.java:setRole(184)) - 756f57d6-6136-46f3-b5ea-af957dae1eda@group-129E33F6DE87: changes role from  FOLLOWER to FOLLOWER at term 82 for recognizeCandidate:d2d0250e-a378-4f8a-a4ff-ce07d96628f4
2019-10-21 22:01:35,063 [grpc-default-executor-3] INFO  impl.RaftServerImpl (RaftServerImpl.java:setRole(184)) - a36a670b-6f05-41e5-b505-2b1a8d9f1f79@group-129E33F6DE87: changes role from  FOLLOWER to FOLLOWER at term 82 for recognizeCandidate:d2d0250e-a378-4f8a-a4ff-ce07d96628f4
2019-10-21 22:01:35,063 [grpc-default-executor-4] INFO  impl.RoleInfo (RoleInfo.java:shutdownFollowerState(121)) - 756f57d6-6136-46f3-b5ea-af957dae1eda: shutdown FollowerState
2019-10-21 22:01:35,063 [grpc-default-executor-3] INFO  impl.RoleInfo (RoleInfo.java:shutdownFollowerState(121)) - a36a670b-6f05-41e5-b505-2b1a8d9f1f79: shutdown FollowerState
2019-10-21 22:01:35,063 [Thread-1125] INFO  impl.FollowerState (FollowerState.java:run(117)) - 756f57d6-6136-46f3-b5ea-af957dae1eda@group-129E33F6DE87-FollowerState was interrupted: java.lang.InterruptedException: sleep interrupted
2019-10-21 22:01:35,063 [grpc-default-executor-4] INFO  impl.RoleInfo (RoleInfo.java:updateAndGet(143)) - 756f57d6-6136-46f3-b5ea-af957dae1eda: start FollowerState
2019-10-21 22:01:35,063 [Thread-1124] INFO  impl.FollowerState (FollowerState.java:run(117)) - a36a670b-6f05-41e5-b505-2b1a8d9f1f79@group-129E33F6DE87-FollowerState was interrupted: java.lang.InterruptedException: sleep interrupted
2019-10-21 22:01:35,063 [grpc-default-executor-3] INFO  impl.RoleInfo (RoleInfo.java:updateAndGet(143)) - a36a670b-6f05-41e5-b505-2b1a8d9f1f79: start FollowerState
2019-10-21 22:01:35,079 [d2d0250e-a378-4f8a-a4ff-ce07d96628f4@group-129E33F6DE87-LeaderElection99] INFO  impl.LeaderElection (LeaderElection.java:logAndReturn(56)) - d2d0250e-a378-4f8a-a4ff-ce07d96628f4@group-129E33F6DE87-LeaderElection99: Election REJECTED; received 2 response(s) [d2d0250e-a378-4f8a-a4ff-ce07d96628f4<-756f57d6-6136-46f3-b5ea-af957dae1eda#0:FAIL-t82, d2d0250e-a378-4f8a-a4ff-ce07d96628f4<-a36a670b-6f05-41e5-b505-2b1a8d9f1f79#0:FAIL-t82] and 0 exception(s); d2d0250e-a378-4f8a-a4ff-ce07d96628f4@group-129E33F6DE87:t82, leader=null, voted=d2d0250e-a378-4f8a-a4ff-ce07d96628f4, raftlog=d2d0250e-a378-4f8a-a4ff-ce07d96628f4@group-129E33F6DE87-SegmentedRaftLog:OPENED:c-1,f-1,i0, conf=-1: [756f57d6-6136-46f3-b5ea-af957dae1eda:192.168.34.8:33063, d2d0250e-a378-4f8a-a4ff-ce07d96628f4:192.168.34.8:43170, a36a670b-6f05-41e5-b505-2b1a8d9f1f79:192.168.34.8:32869], old=null
2019-10-21 22:01:35,080 [d2d0250e-a378-4f8a-a4ff-ce07d96628f4@group-129E33F6DE87-LeaderElection99] INFO  impl.RaftServerImpl (RaftServerImpl.java:setRole(184)) - d2d0250e-a378-4f8a-a4ff-ce07d96628f4@group-129E33F6DE87: changes role from CANDIDATE to FOLLOWER at term 82 for DISCOVERED_A_NEW_TERM
2019-10-21 22:01:35,080 [d2d0250e-a378-4f8a-a4ff-ce07d96628f4@group-129E33F6DE87-LeaderElection99] INFO  impl.RoleInfo (RoleInfo.java:shutdownLeaderElection(134)) - d2d0250e-a378-4f8a-a4ff-ce07d96628f4: shutdown LeaderElection
2019-10-21 22:01:35,080 [d2d0250e-a378-4f8a-a4ff-ce07d96628f4@group-129E33F6DE87-LeaderElection99] INFO  impl.RoleInfo (RoleInfo.java:updateAndGet(143)) - d2d0250e-a378-4f8a-a4ff-ce07d96628f4: start FollowerState
2019-10-21 22:01:35,127 [Thread-1132] INFO  impl.FollowerState (FollowerState.java:run(108)) - d2d0250e-a378-4f8a-a4ff-ce07d96628f4@group-129E33F6DE87-FollowerState: change to CANDIDATE, lastRpcTime:46ms, electionTimeout:46ms
2019-10-21 22:01:35,127 [Thread-1132] INFO  impl.RoleInfo (RoleInfo.java:shutdownFollowerState(121)) - d2d0250e-a378-4f8a-a4ff-ce07d96628f4: shutdown FollowerState
2019-10-21 22:01:35,127 [Thread-1132] INFO  impl.RaftServerImpl (RaftServerImpl.java:setRole(184)) - d2d0250e-a378-4f8a-a4ff-ce07d96628f4@group-129E33F6DE87: changes role from  FOLLOWER to CANDIDATE at term 82 for changeToCandidate
2019-10-21 22:01:35,127 [Thread-1132] INFO  impl.RoleInfo (RoleInfo.java:updateAndGet(143)) - d2d0250e-a378-4f8a-a4ff-ce07d96628f4: start LeaderElection
2019-10-21 22:01:35,142 [d2d0250e-a378-4f8a-a4ff-ce07d96628f4@group-129E33F6DE87-LeaderElection100] INFO  impl.LeaderElection (LeaderElection.java:askForVotes(178)) - d2d0250e-a378-4f8a-a4ff-ce07d96628f4@group-129E33F6DE87-LeaderElection100: begin an election at term 83 for -1: [756f57d6-6136-46f3-b5ea-af957dae1eda:192.168.34.8:33063, d2d0250e-a378-4f8a-a4ff-ce07d96628f4:192.168.34.8:43170, a36a670b-6f05-41e5-b505-2b1a8d9f1f79:192.168.34.8:32869], old=null
2019-10-21 22:01:35,144 [grpc-default-executor-4] INFO  impl.RaftServerImpl (RaftServerImpl.java:setRole(184)) - a36a670b-6f05-41e5-b505-2b1a8d9f1f79@group-129E33F6DE87: changes role from  FOLLOWER to FOLLOWER at term 83 for recognizeCandidate:d2d0250e-a378-4f8a-a4ff-ce07d96628f4
2019-10-21 22:01:35,144 [grpc-default-executor-3] INFO  impl.RaftServerImpl (RaftServerImpl.java:setRole(184)) - 756f57d6-6136-46f3-b5ea-af957dae1eda@group-129E33F6DE87: changes role from  FOLLOWER to FOLLOWER at term 83 for recognizeCandidate:d2d0250e-a378-4f8a-a4ff-ce07d96628f4
2019-10-21 22:01:35,145 [grpc-default-executor-3] INFO  impl.RoleInfo (RoleInfo.java:shutdownFollowerState(121)) - 756f57d6-6136-46f3-b5ea-af957dae1eda: shutdown FollowerState
2019-10-21 22:01:35,145 [grpc-default-executor-4] INFO  impl.RoleInfo (RoleInfo.java:shutdownFollowerState(121)) - a36a670b-6f05-41e5-b505-2b1a8d9f1f79: shutdown FollowerState
2019-10-21 22:01:35,145 [grpc-default-executor-3] INFO  impl.RoleInfo (RoleInfo.java:updateAndGet(143)) - 756f57d6-6136-46f3-b5ea-af957dae1eda: start FollowerState
2019-10-21 22:01:35,145 [Thread-1131] INFO  impl.FollowerState (FollowerState.java:run(117)) - a36a670b-6f05-41e5-b505-2b1a8d9f1f79@group-129E33F6DE87-FollowerState was interrupted: java.lang.InterruptedException: sleep interrupted
2019-10-21 22:01:35,145 [Thread-1130] INFO  impl.FollowerState (FollowerState.java:run(117)) - 756f57d6-6136-46f3-b5ea-af957dae1eda@group-129E33F6DE87-FollowerState was interrupted: java.lang.InterruptedException: sleep interrupted
2019-10-21 22:01:35,145 [grpc-default-executor-4] INFO  impl.RoleInfo (RoleInfo.java:updateAndGet(143)) - a36a670b-6f05-41e5-b505-2b1a8d9f1f79: start FollowerState
2019-10-21 22:01:35,160 [d2d0250e-a378-4f8a-a4ff-ce07d96628f4@group-129E33F6DE87-LeaderElection100] INFO  impl.LeaderElection (LeaderElection.java:logAndReturn(56)) - d2d0250e-a378-4f8a-a4ff-ce07d96628f4@group-129E33F6DE87-LeaderElection100: Election REJECTED; received 2 response(s) [d2d0250e-a378-4f8a-a4ff-ce07d96628f4<-756f57d6-6136-46f3-b5ea-af957dae1eda#0:FAIL-t83, d2d0250e-a378-4f8a-a4ff-ce07d96628f4<-a36a670b-6f05-41e5-b505-2b1a8d9f1f79#0:FAIL-t83] and 0 exception(s); d2d0250e-a378-4f8a-a4ff-ce07d96628f4@group-129E33F6DE87:t83, leader=null, voted=d2d0250e-a378-4f8a-a4ff-ce07d96628f4, raftlog=d2d0250e-a378-4f8a-a4ff-ce07d96628f4@group-129E33F6DE87-SegmentedRaftLog:OPENED:c-1,f-1,i0, conf=-1: [756f57d6-6136-46f3-b5ea-af957dae1eda:192.168.34.8:33063, d2d0250e-a378-4f8a-a4ff-ce07d96628f4:192.168.34.8:43170, a36a670b-6f05-41e5-b505-2b1a8d9f1f79:192.168.34.8:32869], old=null
2019-10-21 22:01:35,160 [d2d0250e-a378-4f8a-a4ff-ce07d96628f4@group-129E33F6DE87-LeaderElection100] INFO  impl.RaftServerImpl (RaftServerImpl.java:setRole(184)) - d2d0250e-a378-4f8a-a4ff-ce07d96628f4@group-129E33F6DE87: changes role from CANDIDATE to FOLLOWER at term 83 for DISCOVERED_A_NEW_TERM
2019-10-21 22:01:35,160 [d2d0250e-a378-4f8a-a4ff-ce07d96628f4@group-129E33F6DE87-LeaderElection100] INFO  impl.RoleInfo (RoleInfo.java:shutdownLeaderElection(134)) - d2d0250e-a378-4f8a-a4ff-ce07d96628f4: shutdown LeaderElection
2019-10-21 22:01:35,160 [d2d0250e-a378-4f8a-a4ff-ce07d96628f4@group-129E33F6DE87-LeaderElection100] INFO  impl.RoleInfo (RoleInfo.java:updateAndGet(143)) - d2d0250e-a378-4f8a-a4ff-ce07d96628f4: start FollowerState
2019-10-21 22:01:35,309 [Thread-1140] INFO  impl.FollowerState (FollowerState.java:run(108)) - d2d0250e-a378-4f8a-a4ff-ce07d96628f4@group-129E33F6DE87-FollowerState: change to CANDIDATE, lastRpcTime:148ms, electionTimeout:148ms
2019-10-21 22:01:35,309 [Thread-1140] INFO  impl.RoleInfo (RoleInfo.java:shutdownFollowerState(121)) - d2d0250e-a378-4f8a-a4ff-ce07d96628f4: shutdown FollowerState
2019-10-21 22:01:35,309 [Thread-1140] INFO  impl.RaftServerImpl (RaftServerImpl.java:setRole(184)) - d2d0250e-a378-4f8a-a4ff-ce07d96628f4@group-129E33F6DE87: changes role from  FOLLOWER to CANDIDATE at term 83 for changeToCandidate
2019-10-21 22:01:35,309 [Thread-1140] INFO  impl.RoleInfo (RoleInfo.java:updateAndGet(143)) - d2d0250e-a378-4f8a-a4ff-ce07d96628f4: start LeaderElection
2019-10-21 22:01:35,332 [d2d0250e-a378-4f8a-a4ff-ce07d96628f4@group-129E33F6DE87-LeaderElection101] INFO  impl.LeaderElection (LeaderElection.java:askForVotes(178)) - d2d0250e-a378-4f8a-a4ff-ce07d96628f4@group-129E33F6DE87-LeaderElection101: begin an election at term 84 for -1: [756f57d6-6136-46f3-b5ea-af957dae1eda:192.168.34.8:33063, d2d0250e-a378-4f8a-a4ff-ce07d96628f4:192.168.34.8:43170, a36a670b-6f05-41e5-b505-2b1a8d9f1f79:192.168.34.8:32869], old=null
2019-10-21 22:01:35,335 [grpc-default-executor-3] INFO  impl.RaftServerImpl (RaftServerImpl.java:setRole(184)) - 756f57d6-6136-46f3-b5ea-af957dae1eda@group-129E33F6DE87: changes role from  FOLLOWER to FOLLOWER at term 84 for recognizeCandidate:d2d0250e-a378-4f8a-a4ff-ce07d96628f4
2019-10-21 22:01:35,335 [grpc-default-executor-4] INFO  impl.RaftServerImpl (RaftServerImpl.java:setRole(184)) - a36a670b-6f05-41e5-b505-2b1a8d9f1f79@group-129E33F6DE87: changes role from  FOLLOWER to FOLLOWER at term 84 for recognizeCandidate:d2d0250e-a378-4f8a-a4ff-ce07d96628f4
2019-10-21 22:01:35,335 [grpc-default-executor-3] INFO  impl.RoleInfo (RoleInfo.java:shutdownFollowerState(121)) - 756f57d6-6136-46f3-b5ea-af957dae1eda: shutdown FollowerState
2019-10-21 22:01:35,336 [grpc-default-executor-4] INFO  impl.RoleInfo (RoleInfo.java:shutdownFollowerState(121)) - a36a670b-6f05-41e5-b505-2b1a8d9f1f79: shutdown FollowerState
2019-10-21 22:01:35,336 [Thread-1136] INFO  impl.FollowerState (FollowerState.java:run(117)) - 756f57d6-6136-46f3-b5ea-af957dae1eda@group-129E33F6DE87-FollowerState was interrupted: java.lang.InterruptedException: sleep interrupted
2019-10-21 22:01:35,336 [Thread-1137] INFO  impl.FollowerState (FollowerState.java:run(117)) - a36a670b-6f05-41e5-b505-2b1a8d9f1f79@group-129E33F6DE87-FollowerState was interrupted: java.lang.InterruptedException: sleep interrupted
2019-10-21 22:01:35,336 [grpc-default-executor-3] INFO  impl.RoleInfo (RoleInfo.java:updateAndGet(143)) - 756f57d6-6136-46f3-b5ea-af957dae1eda: start FollowerState
2019-10-21 22:01:35,336 [grpc-default-executor-4] INFO  impl.RoleInfo (RoleInfo.java:updateAndGet(143)) - a36a670b-6f05-41e5-b505-2b1a8d9f1f79: start FollowerState
2019-10-21 22:01:35,351 [d2d0250e-a378-4f8a-a4ff-ce07d96628f4@group-129E33F6DE87-LeaderElection101] INFO  impl.LeaderElection (LeaderElection.java:logAndReturn(56)) - d2d0250e-a378-4f8a-a4ff-ce07d96628f4@group-129E33F6DE87-LeaderElection101: Election REJECTED; received 2 response(s) [d2d0250e-a378-4f8a-a4ff-ce07d96628f4<-756f57d6-6136-46f3-b5ea-af957dae1eda#0:FAIL-t84, d2d0250e-a378-4f8a-a4ff-ce07d96628f4<-a36a670b-6f05-41e5-b505-2b1a8d9f1f79#0:FAIL-t84] and 0 exception(s); d2d0250e-a378-4f8a-a4ff-ce07d96628f4@group-129E33F6DE87:t84, leader=null, voted=d2d0250e-a378-4f8a-a4ff-ce07d96628f4, raftlog=d2d0250e-a378-4f8a-a4ff-ce07d96628f4@group-129E33F6DE87-SegmentedRaftLog:OPENED:c-1,f-1,i0, conf=-1: [756f57d6-6136-46f3-b5ea-af957dae1eda:192.168.34.8:33063, d2d0250e-a378-4f8a-a4ff-ce07d96628f4:192.168.34.8:43170, a36a670b-6f05-41e5-b505-2b1a8d9f1f79:192.168.34.8:32869], old=null
2019-10-21 22:01:35,351 [d2d0250e-a378-4f8a-a4ff-ce07d96628f4@group-129E33F6DE87-LeaderElection101] INFO  impl.RaftServerImpl (RaftServerImpl.java:setRole(184)) - d2d0250e-a378-4f8a-a4ff-ce07d96628f4@group-129E33F6DE87: changes role from CANDIDATE to FOLLOWER at term 84 for DISCOVERED_A_NEW_TERM
2019-10-21 22:01:35,351 [d2d0250e-a378-4f8a-a4ff-ce07d96628f4@group-129E33F6DE87-LeaderElection101] INFO  impl.RoleInfo (RoleInfo.java:shutdownLeaderElection(134)) - d2d0250e-a378-4f8a-a4ff-ce07d96628f4: shutdown LeaderElection
2019-10-21 22:01:35,351 [d2d0250e-a378-4f8a-a4ff-ce07d96628f4@group-129E33F6DE87-LeaderElection101] INFO  impl.RoleInfo (RoleInfo.java:updateAndGet(143)) - d2d0250e-a378-4f8a-a4ff-ce07d96628f4: start FollowerState
2019-10-21 22:01:35,422 [Thread-1148] INFO  impl.FollowerState (FollowerState.java:run(108)) - d2d0250e-a378-4f8a-a4ff-ce07d96628f4@group-129E33F6DE87-FollowerState: change to CANDIDATE, lastRpcTime:70ms, electionTimeout:70ms
2019-10-21 22:01:35,422 [Thread-1148] INFO  impl.RoleInfo (RoleInfo.java:shutdownFollowerState(121)) - d2d0250e-a378-4f8a-a4ff-ce07d96628f4: shutdown FollowerState
2019-10-21 22:01:35,422 [Thread-1148] INFO  impl.RaftServerImpl (RaftServerImpl.java:setRole(184)) - d2d0250e-a378-4f8a-a4ff-ce07d96628f4@group-129E33F6DE87: changes role from  FOLLOWER to CANDIDATE at term 84 for changeToCandidate
2019-10-21 22:01:35,422 [Thread-1148] INFO  impl.RoleInfo (RoleInfo.java:updateAndGet(143)) - d2d0250e-a378-4f8a-a4ff-ce07d96628f4: start LeaderElection
2019-10-21 22:01:35,436 [d2d0250e-a378-4f8a-a4ff-ce07d96628f4@group-129E33F6DE87-LeaderElection102] INFO  impl.LeaderElection (LeaderElection.java:askForVotes(178)) - d2d0250e-a378-4f8a-a4ff-ce07d96628f4@group-129E33F6DE87-LeaderElection102: begin an election at term 85 for -1: [756f57d6-6136-46f3-b5ea-af957dae1eda:192.168.34.8:33063, d2d0250e-a378-4f8a-a4ff-ce07d96628f4:192.168.34.8:43170, a36a670b-6f05-41e5-b505-2b1a8d9f1f79:192.168.34.8:32869], old=null
2019-10-21 22:01:35,439 [grpc-default-executor-3] INFO  impl.RaftServerImpl (RaftServerImpl.java:setRole(184)) - a36a670b-6f05-41e5-b505-2b1a8d9f1f79@group-129E33F6DE87: changes role from  FOLLOWER to FOLLOWER at term 85 for recognizeCandidate:d2d0250e-a378-4f8a-a4ff-ce07d96628f4
2019-10-21 22:01:35,440 [grpc-default-executor-3] INFO  impl.RoleInfo (RoleInfo.java:shutdownFollowerState(121)) - a36a670b-6f05-41e5-b505-2b1a8d9f1f79: shutdown FollowerState
2019-10-21 22:01:35,440 [grpc-default-executor-3] INFO  impl.RoleInfo (RoleInfo.java:updateAndGet(143)) - a36a670b-6f05-41e5-b505-2b1a8d9f1f79: start FollowerState
2019-10-21 22:01:35,440 [grpc-default-executor-4] INFO  impl.RaftServerImpl (RaftServerImpl.java:setRole(184)) - 756f57d6-6136-46f3-b5ea-af957dae1eda@group-129E33F6DE87: changes role from  FOLLOWER to FOLLOWER at term 85 for recognizeCandidate:d2d0250e-a378-4f8a-a4ff-ce07d96628f4
2019-10-21 22:01:35,440 [Thread-1145] INFO  impl.FollowerState (FollowerState.java:run(117)) - a36a670b-6f05-41e5-b505-2b1a8d9f1f79@group-129E33F6DE87-FollowerState was interrupted: java.lang.InterruptedException: sleep interrupted
2019-10-21 22:01:35,440 [grpc-default-executor-4] INFO  impl.RoleInfo (RoleInfo.java:shutdownFollowerState(121)) - 756f57d6-6136-46f3-b5ea-af957dae1eda: shutdown FollowerState
2019-10-21 22:01:35,440 [grpc-default-executor-4] INFO  impl.RoleInfo (RoleInfo.java:updateAndGet(143)) - 756f57d6-6136-46f3-b5ea-af957dae1eda: start FollowerState
2019-10-21 22:01:35,440 [Thread-1144] INFO  impl.FollowerState (FollowerState.java:run(117)) - 756f57d6-6136-46f3-b5ea-af957dae1eda@group-129E33F6DE87-FollowerState was interrupted: java.lang.InterruptedException: sleep interrupted
2019-10-21 22:01:35,454 [d2d0250e-a378-4f8a-a4ff-ce07d96628f4@group-129E33F6DE87-LeaderElection102] INFO  impl.LeaderElection (LeaderElection.java:logAndReturn(56)) - d2d0250e-a378-4f8a-a4ff-ce07d96628f4@group-129E33F6DE87-LeaderElection102: Election REJECTED; received 2 response(s) [d2d0250e-a378-4f8a-a4ff-ce07d96628f4<-756f57d6-6136-46f3-b5ea-af957dae1eda#0:FAIL-t85, d2d0250e-a378-4f8a-a4ff-ce07d96628f4<-a36a670b-6f05-41e5-b505-2b1a8d9f1f79#0:FAIL-t85] and 0 exception(s); d2d0250e-a378-4f8a-a4ff-ce07d96628f4@group-129E33F6DE87:t85, leader=null, voted=d2d0250e-a378-4f8a-a4ff-ce07d96628f4, raftlog=d2d0250e-a378-4f8a-a4ff-ce07d96628f4@group-129E33F6DE87-SegmentedRaftLog:OPENED:c-1,f-1,i0, conf=-1: [756f57d6-6136-46f3-b5ea-af957dae1eda:192.168.34.8:33063, d2d0250e-a378-4f8a-a4ff-ce07d96628f4:192.168.34.8:43170, a36a670b-6f05-41e5-b505-2b1a8d9f1f79:192.168.34.8:32869], old=null
2019-10-21 22:01:35,455 [d2d0250e-a378-4f8a-a4ff-ce07d96628f4@group-129E33F6DE87-LeaderElection102] INFO  impl.RaftServerImpl (RaftServerImpl.java:setRole(184)) - d2d0250e-a378-4f8a-a4ff-ce07d96628f4@group-129E33F6DE87: changes role from CANDIDATE to FOLLOWER at term 85 for DISCOVERED_A_NEW_TERM
2019-10-21 22:01:35,455 [d2d0250e-a378-4f8a-a4ff-ce07d96628f4@group-129E33F6DE87-LeaderElection102] INFO  impl.RoleInfo (RoleInfo.java:shutdownLeaderElection(134)) - d2d0250e-a378-4f8a-a4ff-ce07d96628f4: shutdown LeaderElection
2019-10-21 22:01:35,455 [d2d0250e-a378-4f8a-a4ff-ce07d96628f4@group-129E33F6DE87-LeaderElection102] INFO  impl.RoleInfo (RoleInfo.java:updateAndGet(143)) - d2d0250e-a378-4f8a-a4ff-ce07d96628f4: start FollowerState
2019-10-21 22:01:35,455 [Thread-1154] INFO  impl.FollowerState (FollowerState.java:run(108)) - d2d0250e-a378-4f8a-a4ff-ce07d96628f4@group-129E33F6DE87-FollowerState: change to CANDIDATE, lastRpcTime:0ms, electionTimeout:0ms
2019-10-21 22:01:35,455 [Thread-1154] INFO  impl.RoleInfo (RoleInfo.java:shutdownFollowerState(121)) - d2d0250e-a378-4f8a-a4ff-ce07d96628f4: shutdown FollowerState
2019-10-21 22:01:35,456 [Thread-1154] INFO  impl.RaftServerImpl (RaftServerImpl.java:setRole(184)) - d2d0250e-a378-4f8a-a4ff-ce07d96628f4@group-129E33F6DE87: changes role from  FOLLOWER to CANDIDATE at term 85 for changeToCandidate
2019-10-21 22:01:35,456 [Thread-1154] INFO  impl.RoleInfo (RoleInfo.java:updateAndGet(143)) - d2d0250e-a378-4f8a-a4ff-ce07d96628f4: start LeaderElection
2019-10-21 22:01:35,470 [d2d0250e-a378-4f8a-a4ff-ce07d96628f4@group-129E33F6DE87-LeaderElection103] INFO  impl.LeaderElection (LeaderElection.java:askForVotes(178)) - d2d0250e-a378-4f8a-a4ff-ce07d96628f4@group-129E33F6DE87-LeaderElection103: begin an election at term 86 for -1: [756f57d6-6136-46f3-b5ea-af957dae1eda:192.168.34.8:33063, d2d0250e-a378-4f8a-a4ff-ce07d96628f4:192.168.34.8:43170, a36a670b-6f05-41e5-b505-2b1a8d9f1f79:192.168.34.8:32869], old=null
2019-10-21 22:01:35,473 [grpc-default-executor-3] INFO  impl.RaftServerImpl (RaftServerImpl.java:setRole(184)) - 756f57d6-6136-46f3-b5ea-af957dae1eda@group-129E33F6DE87: changes role from  FOLLOWER to FOLLOWER at term 86 for recognizeCandidate:d2d0250e-a378-4f8a-a4ff-ce07d96628f4
2019-10-21 22:01:35,473 [grpc-default-executor-3] INFO  impl.RoleInfo (RoleInfo.java:shutdownFollowerState(121)) - 756f57d6-6136-46f3-b5ea-af957dae1eda: shutdown FollowerState
2019-10-21 22:01:35,473 [grpc-default-executor-4] INFO  impl.RaftServerImpl (RaftServerImpl.java:setRole(184)) - a36a670b-6f05-41e5-b505-2b1a8d9f1f79@group-129E33F6DE87: changes role from  FOLLOWER to FOLLOWER at term 86 for recognizeCandidate:d2d0250e-a378-4f8a-a4ff-ce07d96628f4
2019-10-21 22:01:35,474 [grpc-default-executor-4] INFO  impl.RoleInfo (RoleInfo.java:shutdownFollowerState(121)) - a36a670b-6f05-41e5-b505-2b1a8d9f1f79: shutdown FollowerState
2019-10-21 22:01:35,474 [Thread-1153] INFO  impl.FollowerState (FollowerState.java:run(117)) - 756f57d6-6136-46f3-b5ea-af957dae1eda@group-129E33F6DE87-FollowerState was interrupted: java.lang.InterruptedException: sleep interrupted
2019-10-21 22:01:35,474 [grpc-default-executor-3] INFO  impl.RoleInfo (RoleInfo.java:updateAndGet(143)) - 756f57d6-6136-46f3-b5ea-af957dae1eda: start FollowerState
2019-10-21 22:01:35,474 [Thread-1152] INFO  impl.FollowerState (FollowerState.java:run(117)) - a36a670b-6f05-41e5-b505-2b1a8d9f1f79@group-129E33F6DE87-FollowerState was interrupted: java.lang.InterruptedException: sleep interrupted
2019-10-21 22:01:35,474 [grpc-default-executor-4] INFO  impl.RoleInfo (RoleInfo.java:updateAndGet(143)) - a36a670b-6f05-41e5-b505-2b1a8d9f1f79: start FollowerState
2019-10-21 22:01:35,497 [d2d0250e-a378-4f8a-a4ff-ce07d96628f4@group-129E33F6DE87-LeaderElection103] INFO  impl.LeaderElection (LeaderElection.java:logAndReturn(56)) - d2d0250e-a378-4f8a-a4ff-ce07d96628f4@group-129E33F6DE87-LeaderElection103: Election REJECTED; received 2 response(s) [d2d0250e-a378-4f8a-a4ff-ce07d96628f4<-756f57d6-6136-46f3-b5ea-af957dae1eda#0:FAIL-t86, d2d0250e-a378-4f8a-a4ff-ce07d96628f4<-a36a670b-6f05-41e5-b505-2b1a8d9f1f79#0:FAIL-t86] and 0 exception(s); d2d0250e-a378-4f8a-a4ff-ce07d96628f4@group-129E33F6DE87:t86, leader=null, voted=d2d0250e-a378-4f8a-a4ff-ce07d96628f4, raftlog=d2d0250e-a378-4f8a-a4ff-ce07d96628f4@group-129E33F6DE87-SegmentedRaftLog:OPENED:c-1,f-1,i0, conf=-1: [756f57d6-6136-46f3-b5ea-af957dae1eda:192.168.34.8:33063, d2d0250e-a378-4f8a-a4ff-ce07d96628f4:192.168.34.8:43170, a36a670b-6f05-41e5-b505-2b1a8d9f1f79:192.168.34.8:32869], old=null
2019-10-21 22:01:35,497 [d2d0250e-a378-4f8a-a4ff-ce07d96628f4@group-129E33F6DE87-LeaderElection103] INFO  impl.RaftServerImpl (RaftServerImpl.java:setRole(184)) - d2d0250e-a378-4f8a-a4ff-ce07d96628f4@group-129E33F6DE87: changes role from CANDIDATE to FOLLOWER at term 86 for DISCOVERED_A_NEW_TERM
2019-10-21 22:01:35,498 [d2d0250e-a378-4f8a-a4ff-ce07d96628f4@group-129E33F6DE87-LeaderElection103] INFO  impl.RoleInfo (RoleInfo.java:shutdownLeaderElection(134)) - d2d0250e-a378-4f8a-a4ff-ce07d96628f4: shutdown LeaderElection
2019-10-21 22:01:35,498 [d2d0250e-a378-4f8a-a4ff-ce07d96628f4@group-129E33F6DE87-LeaderElection103] INFO  impl.RoleInfo (RoleInfo.java:updateAndGet(143)) - d2d0250e-a378-4f8a-a4ff-ce07d96628f4: start FollowerState
2019-10-21 22:01:35,647 [Thread-1160] INFO  impl.FollowerState (FollowerState.java:run(108)) - d2d0250e-a378-4f8a-a4ff-ce07d96628f4@group-129E33F6DE87-FollowerState: change to CANDIDATE, lastRpcTime:149ms, electionTimeout:149ms
2019-10-21 22:01:35,648 [Thread-1160] INFO  impl.RoleInfo (RoleInfo.java:shutdownFollowerState(121)) - d2d0250e-a378-4f8a-a4ff-ce07d96628f4: shutdown FollowerState
2019-10-21 22:01:35,648 [Thread-1160] INFO  impl.RaftServerImpl (RaftServerImpl.java:setRole(184)) - d2d0250e-a378-4f8a-a4ff-ce07d96628f4@group-129E33F6DE87: changes role from  FOLLOWER to CANDIDATE at term 86 for changeToCandidate
2019-10-21 22:01:35,648 [Thread-1160] INFO  impl.RoleInfo (RoleInfo.java:updateAndGet(143)) - d2d0250e-a378-4f8a-a4ff-ce07d96628f4: start LeaderElection
2019-10-21 22:01:35,679 [d2d0250e-a378-4f8a-a4ff-ce07d96628f4@group-129E33F6DE87-LeaderElection104] INFO  impl.LeaderElection (LeaderElection.java:askForVotes(178)) - d2d0250e-a378-4f8a-a4ff-ce07d96628f4@group-129E33F6DE87-LeaderElection104: begin an election at term 87 for -1: [756f57d6-6136-46f3-b5ea-af957dae1eda:192.168.34.8:33063, d2d0250e-a378-4f8a-a4ff-ce07d96628f4:192.168.34.8:43170, a36a670b-6f05-41e5-b505-2b1a8d9f1f79:192.168.34.8:32869], old=null
2019-10-21 22:01:35,682 [grpc-default-executor-4] INFO  impl.RaftServerImpl (RaftServerImpl.java:setRole(184)) - 756f57d6-6136-46f3-b5ea-af957dae1eda@group-129E33F6DE87: changes role from  FOLLOWER to FOLLOWER at term 87 for recognizeCandidate:d2d0250e-a378-4f8a-a4ff-ce07d96628f4
2019-10-21 22:01:35,682 [grpc-default-executor-4] INFO  impl.RoleInfo (RoleInfo.java:shutdownFollowerState(121)) - 756f57d6-6136-46f3-b5ea-af957dae1eda: shutdown FollowerState
2019-10-21 22:01:35,682 [grpc-default-executor-4] INFO  impl.RoleInfo (RoleInfo.java:updateAndGet(143)) - 756f57d6-6136-46f3-b5ea-af957dae1eda: start FollowerState
2019-10-21 22:01:35,683 [Thread-1158] INFO  impl.FollowerState (FollowerState.java:run(117)) - 756f57d6-6136-46f3-b5ea-af957dae1eda@group-129E33F6DE87-FollowerState was interrupted: java.lang.InterruptedException: sleep interrupted
2019-10-21 22:01:35,683 [grpc-default-executor-3] INFO  impl.RaftServerImpl (RaftServerImpl.java:setRole(184)) - a36a670b-6f05-41e5-b505-2b1a8d9f1f79@group-129E33F6DE87: changes role from  FOLLOWER to FOLLOWER at term 87 for recognizeCandidate:d2d0250e-a378-4f8a-a4ff-ce07d96628f4
2019-10-21 22:01:35,683 [grpc-default-executor-3] INFO  impl.RoleInfo (RoleInfo.java:shutdownFollowerState(121)) - a36a670b-6f05-41e5-b505-2b1a8d9f1f79: shutdown FollowerState
2019-10-21 22:01:35,683 [grpc-default-executor-3] INFO  impl.RoleInfo (RoleInfo.java:updateAndGet(143)) - a36a670b-6f05-41e5-b505-2b1a8d9f1f79: start FollowerState
2019-10-21 22:01:35,683 [Thread-1159] INFO  impl.FollowerState (FollowerState.java:run(117)) - a36a670b-6f05-41e5-b505-2b1a8d9f1f79@group-129E33F6DE87-FollowerState was interrupted: java.lang.InterruptedException: sleep interrupted
2019-10-21 22:01:35,691 [d2d0250e-a378-4f8a-a4ff-ce07d96628f4@group-129E33F6DE87-LeaderElection104] INFO  impl.LeaderElection (LeaderElection.java:logAndReturn(56)) - d2d0250e-a378-4f8a-a4ff-ce07d96628f4@group-129E33F6DE87-LeaderElection104: Election REJECTED; received 2 response(s) [d2d0250e-a378-4f8a-a4ff-ce07d96628f4<-756f57d6-6136-46f3-b5ea-af957dae1eda#0:FAIL-t87, d2d0250e-a378-4f8a-a4ff-ce07d96628f4<-a36a670b-6f05-41e5-b505-2b1a8d9f1f79#0:FAIL-t87] and 0 exception(s); d2d0250e-a378-4f8a-a4ff-ce07d96628f4@group-129E33F6DE87:t87, leader=null, voted=d2d0250e-a378-4f8a-a4ff-ce07d96628f4, raftlog=d2d0250e-a378-4f8a-a4ff-ce07d96628f4@group-129E33F6DE87-SegmentedRaftLog:OPENED:c-1,f-1,i0, conf=-1: [756f57d6-6136-46f3-b5ea-af957dae1eda:192.168.34.8:33063, d2d0250e-a378-4f8a-a4ff-ce07d96628f4:192.168.34.8:43170, a36a670b-6f05-41e5-b505-2b1a8d9f1f79:192.168.34.8:32869], old=null
2019-10-21 22:01:35,691 [d2d0250e-a378-4f8a-a4ff-ce07d96628f4@group-129E33F6DE87-LeaderElection104] INFO  impl.RaftServerImpl (RaftServerImpl.java:setRole(184)) - d2d0250e-a378-4f8a-a4ff-ce07d96628f4@group-129E33F6DE87: changes role from CANDIDATE to FOLLOWER at term 87 for DISCOVERED_A_NEW_TERM
2019-10-21 22:01:35,692 [d2d0250e-a378-4f8a-a4ff-ce07d96628f4@group-129E33F6DE87-LeaderElection104] INFO  impl.RoleInfo (RoleInfo.java:shutdownLeaderElection(134)) - d2d0250e-a378-4f8a-a4ff-ce07d96628f4: shutdown LeaderElection
2019-10-21 22:01:35,692 [d2d0250e-a378-4f8a-a4ff-ce07d96628f4@group-129E33F6DE87-LeaderElection104] INFO  impl.RoleInfo (RoleInfo.java:updateAndGet(143)) - d2d0250e-a378-4f8a-a4ff-ce07d96628f4: start FollowerState
2019-10-21 22:01:35,831 [Thread-1168] INFO  impl.FollowerState (FollowerState.java:run(108)) - d2d0250e-a378-4f8a-a4ff-ce07d96628f4@group-129E33F6DE87-FollowerState: change to CANDIDATE, lastRpcTime:139ms, electionTimeout:139ms
2019-10-21 22:01:35,831 [Thread-1168] INFO  impl.RoleInfo (RoleInfo.java:shutdownFollowerState(121)) - d2d0250e-a378-4f8a-a4ff-ce07d96628f4: shutdown FollowerState
2019-10-21 22:01:35,832 [Thread-1168] INFO  impl.RaftServerImpl (RaftServerImpl.java:setRole(184)) - d2d0250e-a378-4f8a-a4ff-ce07d96628f4@group-129E33F6DE87: changes role from  FOLLOWER to CANDIDATE at term 87 for changeToCandidate
2019-10-21 22:01:35,832 [Thread-1168] INFO  impl.RoleInfo (RoleInfo.java:updateAndGet(143)) - d2d0250e-a378-4f8a-a4ff-ce07d96628f4: start LeaderElection
2019-10-21 22:01:35,846 [d2d0250e-a378-4f8a-a4ff-ce07d96628f4@group-129E33F6DE87-LeaderElection105] INFO  impl.LeaderElection (LeaderElection.java:askForVotes(178)) - d2d0250e-a378-4f8a-a4ff-ce07d96628f4@group-129E33F6DE87-LeaderElection105: begin an election at term 88 for -1: [756f57d6-6136-46f3-b5ea-af957dae1eda:192.168.34.8:33063, d2d0250e-a378-4f8a-a4ff-ce07d96628f4:192.168.34.8:43170, a36a670b-6f05-41e5-b505-2b1a8d9f1f79:192.168.34.8:32869], old=null
2019-10-21 22:01:35,849 [grpc-default-executor-4] INFO  impl.RaftServerImpl (RaftServerImpl.java:setRole(184)) - 756f57d6-6136-46f3-b5ea-af957dae1eda@group-129E33F6DE87: changes role from  FOLLOWER to FOLLOWER at term 88 for recognizeCandidate:d2d0250e-a378-4f8a-a4ff-ce07d96628f4
2019-10-21 22:01:35,849 [grpc-default-executor-4] INFO  impl.RoleInfo (RoleInfo.java:shutdownFollowerState(121)) - 756f57d6-6136-46f3-b5ea-af957dae1eda: shutdown FollowerState
2019-10-21 22:01:35,849 [grpc-default-executor-3] INFO  impl.RaftServerImpl (RaftServerImpl.java:setRole(184)) - a36a670b-6f05-41e5-b505-2b1a8d9f1f79@group-129E33F6DE87: changes role from  FOLLOWER to FOLLOWER at term 88 for recognizeCandidate:d2d0250e-a378-4f8a-a4ff-ce07d96628f4
2019-10-21 22:01:35,849 [Thread-1166] INFO  impl.FollowerState (FollowerState.java:run(117)) - 756f57d6-6136-46f3-b5ea-af957dae1eda@group-129E33F6DE87-FollowerState was interrupted: java.lang.InterruptedException: sleep interrupted
2019-10-21 22:01:35,849 [grpc-default-executor-4] INFO  impl.RoleInfo (RoleInfo.java:updateAndGet(143)) - 756f57d6-6136-46f3-b5ea-af957dae1eda: start FollowerState
2019-10-21 22:01:35,849 [grpc-default-executor-3] INFO  impl.RoleInfo (RoleInfo.java:shutdownFollowerState(121)) - a36a670b-6f05-41e5-b505-2b1a8d9f1f79: shutdown FollowerState
2019-10-21 22:01:35,850 [grpc-default-executor-3] INFO  impl.RoleInfo (RoleInfo.java:updateAndGet(143)) - a36a670b-6f05-41e5-b505-2b1a8d9f1f79: start FollowerState
2019-10-21 22:01:35,850 [Thread-1167] INFO  impl.FollowerState (FollowerState.java:run(117)) - a36a670b-6f05-41e5-b505-2b1a8d9f1f79@group-129E33F6DE87-FollowerState was interrupted: java.lang.InterruptedException: sleep interrupted
2019-10-21 22:01:35,864 [d2d0250e-a378-4f8a-a4ff-ce07d96628f4@group-129E33F6DE87-LeaderElection105] INFO  impl.LeaderElection (LeaderElection.java:logAndReturn(56)) - d2d0250e-a378-4f8a-a4ff-ce07d96628f4@group-129E33F6DE87-LeaderElection105: Election REJECTED; received 2 response(s) [d2d0250e-a378-4f8a-a4ff-ce07d96628f4<-756f57d6-6136-46f3-b5ea-af957dae1eda#0:FAIL-t88, d2d0250e-a378-4f8a-a4ff-ce07d96628f4<-a36a670b-6f05-41e5-b505-2b1a8d9f1f79#0:FAIL-t88] and 0 exception(s); d2d0250e-a378-4f8a-a4ff-ce07d96628f4@group-129E33F6DE87:t88, leader=null, voted=d2d0250e-a378-4f8a-a4ff-ce07d96628f4, raftlog=d2d0250e-a378-4f8a-a4ff-ce07d96628f4@group-129E33F6DE87-SegmentedRaftLog:OPENED:c-1,f-1,i0, conf=-1: [756f57d6-6136-46f3-b5ea-af957dae1eda:192.168.34.8:33063, d2d0250e-a378-4f8a-a4ff-ce07d96628f4:192.168.34.8:43170, a36a670b-6f05-41e5-b505-2b1a8d9f1f79:192.168.34.8:32869], old=null
2019-10-21 22:01:35,864 [d2d0250e-a378-4f8a-a4ff-ce07d96628f4@group-129E33F6DE87-LeaderElection105] INFO  impl.RaftServerImpl (RaftServerImpl.java:setRole(184)) - d2d0250e-a378-4f8a-a4ff-ce07d96628f4@group-129E33F6DE87: changes role from CANDIDATE to FOLLOWER at term 88 for DISCOVERED_A_NEW_TERM
2019-10-21 22:01:35,864 [d2d0250e-a378-4f8a-a4ff-ce07d96628f4@group-129E33F6DE87-LeaderElection105] INFO  impl.RoleInfo (RoleInfo.java:shutdownLeaderElection(134)) - d2d0250e-a378-4f8a-a4ff-ce07d96628f4: shutdown LeaderElection
2019-10-21 22:01:35,865 [d2d0250e-a378-4f8a-a4ff-ce07d96628f4@group-129E33F6DE87-LeaderElection105] INFO  impl.RoleInfo (RoleInfo.java:updateAndGet(143)) - d2d0250e-a378-4f8a-a4ff-ce07d96628f4: start FollowerState
2019-10-21 22:01:35,917 [Thread-1176] INFO  impl.FollowerState (FollowerState.java:run(108)) - d2d0250e-a378-4f8a-a4ff-ce07d96628f4@group-129E33F6DE87-FollowerState: change to CANDIDATE, lastRpcTime:52ms, electionTimeout:52ms
2019-10-21 22:01:35,917 [Thread-1176] INFO  impl.RoleInfo (RoleInfo.java:shutdownFollowerState(121)) - d2d0250e-a378-4f8a-a4ff-ce07d96628f4: shutdown FollowerState
2019-10-21 22:01:35,918 [Thread-1176] INFO  impl.RaftServerImpl (RaftServerImpl.java:setRole(184)) - d2d0250e-a378-4f8a-a4ff-ce07d96628f4@group-129E33F6DE87: changes role from  FOLLOWER to CANDIDATE at term 88 for changeToCandidate
2019-10-21 22:01:35,918 [Thread-1176] INFO  impl.RoleInfo (RoleInfo.java:updateAndGet(143)) - d2d0250e-a378-4f8a-a4ff-ce07d96628f4: start LeaderElection
2019-10-21 22:01:35,932 [d2d0250e-a378-4f8a-a4ff-ce07d96628f4@group-129E33F6DE87-LeaderElection106] INFO  impl.LeaderElection (LeaderElection.java:askForVotes(178)) - d2d0250e-a378-4f8a-a4ff-ce07d96628f4@group-129E33F6DE87-LeaderElection106: begin an election at term 89 for -1: [756f57d6-6136-46f3-b5ea-af957dae1eda:192.168.34.8:33063, d2d0250e-a378-4f8a-a4ff-ce07d96628f4:192.168.34.8:43170, a36a670b-6f05-41e5-b505-2b1a8d9f1f79:192.168.34.8:32869], old=null
2019-10-21 22:01:35,935 [grpc-default-executor-4] INFO  impl.RaftServerImpl (RaftServerImpl.java:setRole(184)) - 756f57d6-6136-46f3-b5ea-af957dae1eda@group-129E33F6DE87: changes role from  FOLLOWER to FOLLOWER at term 89 for recognizeCandidate:d2d0250e-a378-4f8a-a4ff-ce07d96628f4
2019-10-21 22:01:35,935 [grpc-default-executor-4] INFO  impl.RoleInfo (RoleInfo.java:shutdownFollowerState(121)) - 756f57d6-6136-46f3-b5ea-af957dae1eda: shutdown FollowerState
2019-10-21 22:01:35,935 [grpc-default-executor-3] INFO  impl.RaftServerImpl (RaftServerImpl.java:setRole(184)) - a36a670b-6f05-41e5-b505-2b1a8d9f1f79@group-129E33F6DE87: changes role from  FOLLOWER to FOLLOWER at term 89 for recognizeCandidate:d2d0250e-a378-4f8a-a4ff-ce07d96628f4
2019-10-21 22:01:35,935 [Thread-1172] INFO  impl.FollowerState (FollowerState.java:run(117)) - 756f57d6-6136-46f3-b5ea-af957dae1eda@group-129E33F6DE87-FollowerState was interrupted: java.lang.InterruptedException: sleep interrupted
2019-10-21 22:01:35,935 [grpc-default-executor-4] INFO  impl.RoleInfo (RoleInfo.java:updateAndGet(143)) - 756f57d6-6136-46f3-b5ea-af957dae1eda: start FollowerState
2019-10-21 22:01:35,935 [grpc-default-executor-3] INFO  impl.RoleInfo (RoleInfo.java:shutdownFollowerState(121)) - a36a670b-6f05-41e5-b505-2b1a8d9f1f79: shutdown FollowerState
2019-10-21 22:01:35,936 [grpc-default-executor-3] INFO  impl.RoleInfo (RoleInfo.java:updateAndGet(143)) - a36a670b-6f05-41e5-b505-2b1a8d9f1f79: start FollowerState
2019-10-21 22:01:35,936 [Thread-1173] INFO  impl.FollowerState (FollowerState.java:run(117)) - a36a670b-6f05-41e5-b505-2b1a8d9f1f79@group-129E33F6DE87-FollowerState was interrupted: java.lang.InterruptedException: sleep interrupted
2019-10-21 22:01:35,949 [d2d0250e-a378-4f8a-a4ff-ce07d96628f4@group-129E33F6DE87-LeaderElection106] INFO  impl.LeaderElection (LeaderElection.java:logAndReturn(56)) - d2d0250e-a378-4f8a-a4ff-ce07d96628f4@group-129E33F6DE87-LeaderElection106: Election REJECTED; received 2 response(s) [d2d0250e-a378-4f8a-a4ff-ce07d96628f4<-756f57d6-6136-46f3-b5ea-af957dae1eda#0:FAIL-t89, d2d0250e-a378-4f8a-a4ff-ce07d96628f4<-a36a670b-6f05-41e5-b505-2b1a8d9f1f79#0:FAIL-t89] and 0 exception(s); d2d0250e-a378-4f8a-a4ff-ce07d96628f4@group-129E33F6DE87:t89, leader=null, voted=d2d0250e-a378-4f8a-a4ff-ce07d96628f4, raftlog=d2d0250e-a378-4f8a-a4ff-ce07d96628f4@group-129E33F6DE87-SegmentedRaftLog:OPENED:c-1,f-1,i0, conf=-1: [756f57d6-6136-46f3-b5ea-af957dae1eda:192.168.34.8:33063, d2d0250e-a378-4f8a-a4ff-ce07d96628f4:192.168.34.8:43170, a36a670b-6f05-41e5-b505-2b1a8d9f1f79:192.168.34.8:32869], old=null
2019-10-21 22:01:35,950 [d2d0250e-a378-4f8a-a4ff-ce07d96628f4@group-129E33F6DE87-LeaderElection106] INFO  impl.RaftServerImpl (RaftServerImpl.java:setRole(184)) - d2d0250e-a378-4f8a-a4ff-ce07d96628f4@group-129E33F6DE87: changes role from CANDIDATE to FOLLOWER at term 89 for DISCOVERED_A_NEW_TERM
2019-10-21 22:01:35,950 [d2d0250e-a378-4f8a-a4ff-ce07d96628f4@group-129E33F6DE87-LeaderElection106] INFO  impl.RoleInfo (RoleInfo.java:shutdownLeaderElection(134)) - d2d0250e-a378-4f8a-a4ff-ce07d96628f4: shutdown LeaderElection
2019-10-21 22:01:35,950 [d2d0250e-a378-4f8a-a4ff-ce07d96628f4@group-129E33F6DE87-LeaderElection106] INFO  impl.RoleInfo (RoleInfo.java:updateAndGet(143)) - d2d0250e-a378-4f8a-a4ff-ce07d96628f4: start FollowerState
2019-10-21 22:01:35,952 [Thread-1182] INFO  impl.FollowerState (FollowerState.java:run(108)) - d2d0250e-a378-4f8a-a4ff-ce07d96628f4@group-129E33F6DE87-FollowerState: change to CANDIDATE, lastRpcTime:1ms, electionTimeout:1ms
2019-10-21 22:01:35,952 [Thread-1182] INFO  impl.RoleInfo (RoleInfo.java:shutdownFollowerState(121)) - d2d0250e-a378-4f8a-a4ff-ce07d96628f4: shutdown FollowerState
2019-10-21 22:01:35,952 [Thread-1182] INFO  impl.RaftServerImpl (RaftServerImpl.java:setRole(184)) - d2d0250e-a378-4f8a-a4ff-ce07d96628f4@group-129E33F6DE87: changes role from  FOLLOWER to CANDIDATE at term 89 for changeToCandidate
2019-10-21 22:01:35,952 [Thread-1182] INFO  impl.RoleInfo (RoleInfo.java:updateAndGet(143)) - d2d0250e-a378-4f8a-a4ff-ce07d96628f4: start LeaderElection
2019-10-21 22:01:35,966 [d2d0250e-a378-4f8a-a4ff-ce07d96628f4@group-129E33F6DE87-LeaderElection107] INFO  impl.LeaderElection (LeaderElection.java:askForVotes(178)) - d2d0250e-a378-4f8a-a4ff-ce07d96628f4@group-129E33F6DE87-LeaderElection107: begin an election at term 90 for -1: [756f57d6-6136-46f3-b5ea-af957dae1eda:192.168.34.8:33063, d2d0250e-a378-4f8a-a4ff-ce07d96628f4:192.168.34.8:43170, a36a670b-6f05-41e5-b505-2b1a8d9f1f79:192.168.34.8:32869], old=null
2019-10-21 22:01:35,969 [grpc-default-executor-4] INFO  impl.RaftServerImpl (RaftServerImpl.java:setRole(184)) - 756f57d6-6136-46f3-b5ea-af957dae1eda@group-129E33F6DE87: changes role from  FOLLOWER to FOLLOWER at term 90 for recognizeCandidate:d2d0250e-a378-4f8a-a4ff-ce07d96628f4
2019-10-21 22:01:35,969 [grpc-default-executor-4] INFO  impl.RoleInfo (RoleInfo.java:shutdownFollowerState(121)) - 756f57d6-6136-46f3-b5ea-af957dae1eda: shutdown FollowerState
2019-10-21 22:01:35,969 [grpc-default-executor-3] INFO  impl.RaftServerImpl (RaftServerImpl.java:setRole(184)) - a36a670b-6f05-41e5-b505-2b1a8d9f1f79@group-129E33F6DE87: changes role from  FOLLOWER to FOLLOWER at term 90 for recognizeCandidate:d2d0250e-a378-4f8a-a4ff-ce07d96628f4
2019-10-21 22:01:35,969 [Thread-1180] INFO  impl.FollowerState (FollowerState.java:run(117)) - 756f57d6-6136-46f3-b5ea-af957dae1eda@group-129E33F6DE87-FollowerState was interrupted: java.lang.InterruptedException: sleep interrupted
2019-10-21 22:01:35,969 [grpc-default-executor-4] INFO  impl.RoleInfo (RoleInfo.java:updateAndGet(143)) - 756f57d6-6136-46f3-b5ea-af957dae1eda: start FollowerState
2019-10-21 22:01:35,970 [grpc-default-executor-3] INFO  impl.RoleInfo (RoleInfo.java:shutdownFollowerState(121)) - a36a670b-6f05-41e5-b505-2b1a8d9f1f79: shutdown FollowerState
2019-10-21 22:01:35,970 [grpc-default-executor-3] INFO  impl.RoleInfo (RoleInfo.java:updateAndGet(143)) - a36a670b-6f05-41e5-b505-2b1a8d9f1f79: start FollowerState
2019-10-21 22:01:35,970 [Thread-1181] INFO  impl.FollowerState (FollowerState.java:run(117)) - a36a670b-6f05-41e5-b505-2b1a8d9f1f79@group-129E33F6DE87-FollowerState was interrupted: java.lang.InterruptedException: sleep interrupted
2019-10-21 22:01:35,985 [d2d0250e-a378-4f8a-a4ff-ce07d96628f4@group-129E33F6DE87-LeaderElection107] INFO  impl.LeaderElection (LeaderElection.java:logAndReturn(56)) - d2d0250e-a378-4f8a-a4ff-ce07d96628f4@group-129E33F6DE87-LeaderElection107: Election REJECTED; received 2 response(s) [d2d0250e-a378-4f8a-a4ff-ce07d96628f4<-756f57d6-6136-46f3-b5ea-af957dae1eda#0:FAIL-t90, d2d0250e-a378-4f8a-a4ff-ce07d96628f4<-a36a670b-6f05-41e5-b505-2b1a8d9f1f79#0:FAIL-t90] and 0 exception(s); d2d0250e-a378-4f8a-a4ff-ce07d96628f4@group-129E33F6DE87:t90, leader=null, voted=d2d0250e-a378-4f8a-a4ff-ce07d96628f4, raftlog=d2d0250e-a378-4f8a-a4ff-ce07d96628f4@group-129E33F6DE87-SegmentedRaftLog:OPENED:c-1,f-1,i0, conf=-1: [756f57d6-6136-46f3-b5ea-af957dae1eda:192.168.34.8:33063, d2d0250e-a378-4f8a-a4ff-ce07d96628f4:192.168.34.8:43170, a36a670b-6f05-41e5-b505-2b1a8d9f1f79:192.168.34.8:32869], old=null
2019-10-21 22:01:35,986 [d2d0250e-a378-4f8a-a4ff-ce07d96628f4@group-129E33F6DE87-LeaderElection107] INFO  impl.RaftServerImpl (RaftServerImpl.java:setRole(184)) - d2d0250e-a378-4f8a-a4ff-ce07d96628f4@group-129E33F6DE87: changes role from CANDIDATE to FOLLOWER at term 90 for DISCOVERED_A_NEW_TERM
2019-10-21 22:01:35,986 [d2d0250e-a378-4f8a-a4ff-ce07d96628f4@group-129E33F6DE87-LeaderElection107] INFO  impl.RoleInfo (RoleInfo.java:shutdownLeaderElection(134)) - d2d0250e-a378-4f8a-a4ff-ce07d96628f4: shutdown LeaderElection
2019-10-21 22:01:35,986 [d2d0250e-a378-4f8a-a4ff-ce07d96628f4@group-129E33F6DE87-LeaderElection107] INFO  impl.RoleInfo (RoleInfo.java:updateAndGet(143)) - d2d0250e-a378-4f8a-a4ff-ce07d96628f4: start FollowerState
2019-10-21 22:01:36,183 [Thread-1188] INFO  impl.FollowerState (FollowerState.java:run(108)) - d2d0250e-a378-4f8a-a4ff-ce07d96628f4@group-129E33F6DE87-FollowerState: change to CANDIDATE, lastRpcTime:197ms, electionTimeout:197ms
2019-10-21 22:01:36,183 [Thread-1188] INFO  impl.RoleInfo (RoleInfo.java:shutdownFollowerState(121)) - d2d0250e-a378-4f8a-a4ff-ce07d96628f4: shutdown FollowerState
2019-10-21 22:01:36,184 [Thread-1188] INFO  impl.RaftServerImpl (RaftServerImpl.java:setRole(184)) - d2d0250e-a378-4f8a-a4ff-ce07d96628f4@group-129E33F6DE87: changes role from  FOLLOWER to CANDIDATE at term 90 for changeToCandidate
2019-10-21 22:01:36,184 [Thread-1188] INFO  impl.RoleInfo (RoleInfo.java:updateAndGet(143)) - d2d0250e-a378-4f8a-a4ff-ce07d96628f4: start LeaderElection
2019-10-21 22:01:36,198 [d2d0250e-a378-4f8a-a4ff-ce07d96628f4@group-129E33F6DE87-LeaderElection108] INFO  impl.LeaderElection (LeaderElection.java:askForVotes(178)) - d2d0250e-a378-4f8a-a4ff-ce07d96628f4@group-129E33F6DE87-LeaderElection108: begin an election at term 91 for -1: [756f57d6-6136-46f3-b5ea-af957dae1eda:192.168.34.8:33063, d2d0250e-a378-4f8a-a4ff-ce07d96628f4:192.168.34.8:43170, a36a670b-6f05-41e5-b505-2b1a8d9f1f79:192.168.34.8:32869], old=null
2019-10-21 22:01:36,200 [grpc-default-executor-3] INFO  impl.RaftServerImpl (RaftServerImpl.java:setRole(184)) - a36a670b-6f05-41e5-b505-2b1a8d9f1f79@group-129E33F6DE87: changes role from  FOLLOWER to FOLLOWER at term 91 for recognizeCandidate:d2d0250e-a378-4f8a-a4ff-ce07d96628f4
2019-10-21 22:01:36,200 [grpc-default-executor-4] INFO  impl.RaftServerImpl (RaftServerImpl.java:setRole(184)) - 756f57d6-6136-46f3-b5ea-af957dae1eda@group-129E33F6DE87: changes role from  FOLLOWER to FOLLOWER at term 91 for recognizeCandidate:d2d0250e-a378-4f8a-a4ff-ce07d96628f4
2019-10-21 22:01:36,200 [grpc-default-executor-3] INFO  impl.RoleInfo (RoleInfo.java:shutdownFollowerState(121)) - a36a670b-6f05-41e5-b505-2b1a8d9f1f79: shutdown FollowerState
2019-10-21 22:01:36,201 [grpc-default-executor-4] INFO  impl.RoleInfo (RoleInfo.java:shutdownFollowerState(121)) - 756f57d6-6136-46f3-b5ea-af957dae1eda: shutdown FollowerState
2019-10-21 22:01:36,201 [Thread-1187] INFO  impl.FollowerState (FollowerState.java:run(117)) - a36a670b-6f05-41e5-b505-2b1a8d9f1f79@group-129E33F6DE87-FollowerState was interrupted: java.lang.InterruptedException: sleep interrupted
2019-10-21 22:01:36,201 [grpc-default-executor-3] INFO  impl.RoleInfo (RoleInfo.java:updateAndGet(143)) - a36a670b-6f05-41e5-b505-2b1a8d9f1f79: start FollowerState
2019-10-21 22:01:36,201 [Thread-1186] INFO  impl.FollowerState (FollowerState.java:run(117)) - 756f57d6-6136-46f3-b5ea-af957dae1eda@group-129E33F6DE87-FollowerState was interrupted: java.lang.InterruptedException: sleep interrupted
2019-10-21 22:01:36,201 [grpc-default-executor-4] INFO  impl.RoleInfo (RoleInfo.java:updateAndGet(143)) - 756f57d6-6136-46f3-b5ea-af957dae1eda: start FollowerState
2019-10-21 22:01:36,216 [d2d0250e-a378-4f8a-a4ff-ce07d96628f4@group-129E33F6DE87-LeaderElection108] INFO  impl.LeaderElection (LeaderElection.java:logAndReturn(56)) - d2d0250e-a378-4f8a-a4ff-ce07d96628f4@group-129E33F6DE87-LeaderElection108: Election REJECTED; received 2 response(s) [d2d0250e-a378-4f8a-a4ff-ce07d96628f4<-756f57d6-6136-46f3-b5ea-af957dae1eda#0:FAIL-t91, d2d0250e-a378-4f8a-a4ff-ce07d96628f4<-a36a670b-6f05-41e5-b505-2b1a8d9f1f79#0:FAIL-t91] and 0 exception(s); d2d0250e-a378-4f8a-a4ff-ce07d96628f4@group-129E33F6DE87:t91, leader=null, voted=d2d0250e-a378-4f8a-a4ff-ce07d96628f4, raftlog=d2d0250e-a378-4f8a-a4ff-ce07d96628f4@group-129E33F6DE87-SegmentedRaftLog:OPENED:c-1,f-1,i0, conf=-1: [756f57d6-6136-46f3-b5ea-af957dae1eda:192.168.34.8:33063, d2d0250e-a378-4f8a-a4ff-ce07d96628f4:192.168.34.8:43170, a36a670b-6f05-41e5-b505-2b1a8d9f1f79:192.168.34.8:32869], old=null
2019-10-21 22:01:36,217 [d2d0250e-a378-4f8a-a4ff-ce07d96628f4@group-129E33F6DE87-LeaderElection108] INFO  impl.RaftServerImpl (RaftServerImpl.java:setRole(184)) - d2d0250e-a378-4f8a-a4ff-ce07d96628f4@group-129E33F6DE87: changes role from CANDIDATE to FOLLOWER at term 91 for DISCOVERED_A_NEW_TERM
2019-10-21 22:01:36,217 [d2d0250e-a378-4f8a-a4ff-ce07d96628f4@group-129E33F6DE87-LeaderElection108] INFO  impl.RoleInfo (RoleInfo.java:shutdownLeaderElection(134)) - d2d0250e-a378-4f8a-a4ff-ce07d96628f4: shutdown LeaderElection
2019-10-21 22:01:36,217 [d2d0250e-a378-4f8a-a4ff-ce07d96628f4@group-129E33F6DE87-LeaderElection108] INFO  impl.RoleInfo (RoleInfo.java:updateAndGet(143)) - d2d0250e-a378-4f8a-a4ff-ce07d96628f4: start FollowerState
2019-10-21 22:01:36,386 [Thread-1196] INFO  impl.FollowerState (FollowerState.java:run(108)) - d2d0250e-a378-4f8a-a4ff-ce07d96628f4@group-129E33F6DE87-FollowerState: change to CANDIDATE, lastRpcTime:169ms, electionTimeout:169ms
2019-10-21 22:01:36,387 [Thread-1196] INFO  impl.RoleInfo (RoleInfo.java:shutdownFollowerState(121)) - d2d0250e-a378-4f8a-a4ff-ce07d96628f4: shutdown FollowerState
2019-10-21 22:01:36,387 [Thread-1196] INFO  impl.RaftServerImpl (RaftServerImpl.java:setRole(184)) - d2d0250e-a378-4f8a-a4ff-ce07d96628f4@group-129E33F6DE87: changes role from  FOLLOWER to CANDIDATE at term 91 for changeToCandidate
2019-10-21 22:01:36,387 [Thread-1196] INFO  impl.RoleInfo (RoleInfo.java:updateAndGet(143)) - d2d0250e-a378-4f8a-a4ff-ce07d96628f4: start LeaderElection
2019-10-21 22:01:36,401 [d2d0250e-a378-4f8a-a4ff-ce07d96628f4@group-129E33F6DE87-LeaderElection109] INFO  impl.LeaderElection (LeaderElection.java:askForVotes(178)) - d2d0250e-a378-4f8a-a4ff-ce07d96628f4@group-129E33F6DE87-LeaderElection109: begin an election at term 92 for -1: [756f57d6-6136-46f3-b5ea-af957dae1eda:192.168.34.8:33063, d2d0250e-a378-4f8a-a4ff-ce07d96628f4:192.168.34.8:43170, a36a670b-6f05-41e5-b505-2b1a8d9f1f79:192.168.34.8:32869], old=null
2019-10-21 22:01:36,406 [grpc-default-executor-3] INFO  impl.RaftServerImpl (RaftServerImpl.java:setRole(184)) - 756f57d6-6136-46f3-b5ea-af957dae1eda@group-129E33F6DE87: changes role from  FOLLOWER to FOLLOWER at term 92 for recognizeCandidate:d2d0250e-a378-4f8a-a4ff-ce07d96628f4
2019-10-21 22:01:36,406 [grpc-default-executor-4] INFO  impl.RaftServerImpl (RaftServerImpl.java:setRole(184)) - a36a670b-6f05-41e5-b505-2b1a8d9f1f79@group-129E33F6DE87: changes role from  FOLLOWER to FOLLOWER at term 92 for recognizeCandidate:d2d0250e-a378-4f8a-a4ff-ce07d96628f4
2019-10-21 22:01:36,406 [grpc-default-executor-3] INFO  impl.RoleInfo (RoleInfo.java:shutdownFollowerState(121)) - 756f57d6-6136-46f3-b5ea-af957dae1eda: shutdown FollowerState
2019-10-21 22:01:36,406 [grpc-default-executor-4] INFO  impl.RoleInfo (RoleInfo.java:shutdownFollowerState(121)) - a36a670b-6f05-41e5-b505-2b1a8d9f1f79: shutdown FollowerState
2019-10-21 22:01:36,407 [grpc-default-executor-3] INFO  impl.RoleInfo (RoleInfo.java:updateAndGet(143)) - 756f57d6-6136-46f3-b5ea-af957dae1eda: start FollowerState
2019-10-21 22:01:36,407 [Thread-1195] INFO  impl.FollowerState (FollowerState.java:run(117)) - 756f57d6-6136-46f3-b5ea-af957dae1eda@group-129E33F6DE87-FollowerState was interrupted: java.lang.InterruptedException: sleep interrupted
2019-10-21 22:01:36,407 [grpc-default-executor-4] INFO  impl.RoleInfo (RoleInfo.java:updateAndGet(143)) - a36a670b-6f05-41e5-b505-2b1a8d9f1f79: start FollowerState
2019-10-21 22:01:36,407 [Thread-1194] INFO  impl.FollowerState (FollowerState.java:run(117)) - a36a670b-6f05-41e5-b505-2b1a8d9f1f79@group-129E33F6DE87-FollowerState was interrupted: java.lang.InterruptedException: sleep interrupted
2019-10-21 22:01:36,422 [d2d0250e-a378-4f8a-a4ff-ce07d96628f4@group-129E33F6DE87-LeaderElection109] INFO  impl.LeaderElection (LeaderElection.java:logAndReturn(56)) - d2d0250e-a378-4f8a-a4ff-ce07d96628f4@group-129E33F6DE87-LeaderElection109: Election REJECTED; received 2 response(s) [d2d0250e-a378-4f8a-a4ff-ce07d96628f4<-756f57d6-6136-46f3-b5ea-af957dae1eda#0:FAIL-t92, d2d0250e-a378-4f8a-a4ff-ce07d96628f4<-a36a670b-6f05-41e5-b505-2b1a8d9f1f79#0:FAIL-t92] and 0 exception(s); d2d0250e-a378-4f8a-a4ff-ce07d96628f4@group-129E33F6DE87:t92, leader=null, voted=d2d0250e-a378-4f8a-a4ff-ce07d96628f4, raftlog=d2d0250e-a378-4f8a-a4ff-ce07d96628f4@group-129E33F6DE87-SegmentedRaftLog:OPENED:c-1,f-1,i0, conf=-1: [756f57d6-6136-46f3-b5ea-af957dae1eda:192.168.34.8:33063, d2d0250e-a378-4f8a-a4ff-ce07d96628f4:192.168.34.8:43170, a36a670b-6f05-41e5-b505-2b1a8d9f1f79:192.168.34.8:32869], old=null
2019-10-21 22:01:36,422 [d2d0250e-a378-4f8a-a4ff-ce07d96628f4@group-129E33F6DE87-LeaderElection109] INFO  impl.RaftServerImpl (RaftServerImpl.java:setRole(184)) - d2d0250e-a378-4f8a-a4ff-ce07d96628f4@group-129E33F6DE87: changes role from CANDIDATE to FOLLOWER at term 92 for DISCOVERED_A_NEW_TERM
2019-10-21 22:01:36,422 [d2d0250e-a378-4f8a-a4ff-ce07d96628f4@group-129E33F6DE87-LeaderElection109] INFO  impl.RoleInfo (RoleInfo.java:shutdownLeaderElection(134)) - d2d0250e-a378-4f8a-a4ff-ce07d96628f4: shutdown LeaderElection
2019-10-21 22:01:36,423 [d2d0250e-a378-4f8a-a4ff-ce07d96628f4@group-129E33F6DE87-LeaderElection109] INFO  impl.RoleInfo (RoleInfo.java:updateAndGet(143)) - d2d0250e-a378-4f8a-a4ff-ce07d96628f4: start FollowerState
2019-10-21 22:01:36,606 [Thread-1204] INFO  impl.FollowerState (FollowerState.java:run(108)) - d2d0250e-a378-4f8a-a4ff-ce07d96628f4@group-129E33F6DE87-FollowerState: change to CANDIDATE, lastRpcTime:183ms, electionTimeout:183ms
2019-10-21 22:01:36,606 [Thread-1204] INFO  impl.RoleInfo (RoleInfo.java:shutdownFollowerState(121)) - d2d0250e-a378-4f8a-a4ff-ce07d96628f4: shutdown FollowerState
2019-10-21 22:01:36,607 [Thread-1204] INFO  impl.RaftServerImpl (RaftServerImpl.java:setRole(184)) - d2d0250e-a378-4f8a-a4ff-ce07d96628f4@group-129E33F6DE87: changes role from  FOLLOWER to CANDIDATE at term 92 for changeToCandidate
2019-10-21 22:01:36,607 [Thread-1204] INFO  impl.RoleInfo (RoleInfo.java:updateAndGet(143)) - d2d0250e-a378-4f8a-a4ff-ce07d96628f4: start LeaderElection
2019-10-21 22:01:36,799 [d2d0250e-a378-4f8a-a4ff-ce07d96628f4@group-129E33F6DE87-LeaderElection110] INFO  impl.LeaderElection (LeaderElection.java:askForVotes(178)) - d2d0250e-a378-4f8a-a4ff-ce07d96628f4@group-129E33F6DE87-LeaderElection110: begin an election at term 93 for -1: [756f57d6-6136-46f3-b5ea-af957dae1eda:192.168.34.8:33063, d2d0250e-a378-4f8a-a4ff-ce07d96628f4:192.168.34.8:43170, a36a670b-6f05-41e5-b505-2b1a8d9f1f79:192.168.34.8:32869], old=null
2019-10-21 22:01:36,813 [grpc-default-executor-3] INFO  impl.RaftServerImpl (RaftServerImpl.java:setRole(184)) - 756f57d6-6136-46f3-b5ea-af957dae1eda@group-129E33F6DE87: changes role from  FOLLOWER to FOLLOWER at term 93 for recognizeCandidate:d2d0250e-a378-4f8a-a4ff-ce07d96628f4
2019-10-21 22:01:36,813 [grpc-default-executor-4] INFO  impl.RaftServerImpl (RaftServerImpl.java:setRole(184)) - a36a670b-6f05-41e5-b505-2b1a8d9f1f79@group-129E33F6DE87: changes role from  FOLLOWER to FOLLOWER at term 93 for recognizeCandidate:d2d0250e-a378-4f8a-a4ff-ce07d96628f4
2019-10-21 22:01:36,813 [grpc-default-executor-3] INFO  impl.RoleInfo (RoleInfo.java:shutdownFollowerState(121)) - 756f57d6-6136-46f3-b5ea-af957dae1eda: shutdown FollowerState
2019-10-21 22:01:36,813 [grpc-default-executor-4] INFO  impl.RoleInfo (RoleInfo.java:shutdownFollowerState(121)) - a36a670b-6f05-41e5-b505-2b1a8d9f1f79: shutdown FollowerState
2019-10-21 22:01:36,813 [grpc-default-executor-3] INFO  impl.RoleInfo (RoleInfo.java:updateAndGet(143)) - 756f57d6-6136-46f3-b5ea-af957dae1eda: start FollowerState
2019-10-21 22:01:36,814 [Thread-1202] INFO  impl.FollowerState (FollowerState.java:run(117)) - 756f57d6-6136-46f3-b5ea-af957dae1eda@group-129E33F6DE87-FollowerState was interrupted: java.lang.InterruptedException: sleep interrupted
2019-10-21 22:01:36,814 [grpc-default-executor-4] INFO  impl.RoleInfo (RoleInfo.java:updateAndGet(143)) - a36a670b-6f05-41e5-b505-2b1a8d9f1f79: start FollowerState
2019-10-21 22:01:36,814 [Thread-1203] INFO  impl.FollowerState (FollowerState.java:run(117)) - a36a670b-6f05-41e5-b505-2b1a8d9f1f79@group-129E33F6DE87-FollowerState was interrupted: java.lang.InterruptedException: sleep interrupted
2019-10-21 22:01:36,829 [d2d0250e-a378-4f8a-a4ff-ce07d96628f4@group-129E33F6DE87-LeaderElection110] INFO  impl.LeaderElection (LeaderElection.java:logAndReturn(56)) - d2d0250e-a378-4f8a-a4ff-ce07d96628f4@group-129E33F6DE87-LeaderElection110: Election REJECTED; received 2 response(s) [d2d0250e-a378-4f8a-a4ff-ce07d96628f4<-756f57d6-6136-46f3-b5ea-af957dae1eda#0:FAIL-t93, d2d0250e-a378-4f8a-a4ff-ce07d96628f4<-a36a670b-6f05-41e5-b505-2b1a8d9f1f79#0:FAIL-t93] and 0 exception(s); d2d0250e-a378-4f8a-a4ff-ce07d96628f4@group-129E33F6DE87:t93, leader=null, voted=d2d0250e-a378-4f8a-a4ff-ce07d96628f4, raftlog=d2d0250e-a378-4f8a-a4ff-ce07d96628f4@group-129E33F6DE87-SegmentedRaftLog:OPENED:c-1,f-1,i0, conf=-1: [756f57d6-6136-46f3-b5ea-af957dae1eda:192.168.34.8:33063, d2d0250e-a378-4f8a-a4ff-ce07d96628f4:192.168.34.8:43170, a36a670b-6f05-41e5-b505-2b1a8d9f1f79:192.168.34.8:32869], old=null
2019-10-21 22:01:36,829 [d2d0250e-a378-4f8a-a4ff-ce07d96628f4@group-129E33F6DE87-LeaderElection110] INFO  impl.RaftServerImpl (RaftServerImpl.java:setRole(184)) - d2d0250e-a378-4f8a-a4ff-ce07d96628f4@group-129E33F6DE87: changes role from CANDIDATE to FOLLOWER at term 93 for DISCOVERED_A_NEW_TERM
2019-10-21 22:01:36,829 [d2d0250e-a378-4f8a-a4ff-ce07d96628f4@group-129E33F6DE87-LeaderElection110] INFO  impl.RoleInfo (RoleInfo.java:shutdownLeaderElection(134)) - d2d0250e-a378-4f8a-a4ff-ce07d96628f4: shutdown LeaderElection
2019-10-21 22:01:36,829 [d2d0250e-a378-4f8a-a4ff-ce07d96628f4@group-129E33F6DE87-LeaderElection110] INFO  impl.RoleInfo (RoleInfo.java:updateAndGet(143)) - d2d0250e-a378-4f8a-a4ff-ce07d96628f4: start FollowerState
2019-10-21 22:01:37,024 [Thread-1212] INFO  impl.FollowerState (FollowerState.java:run(108)) - d2d0250e-a378-4f8a-a4ff-ce07d96628f4@group-129E33F6DE87-FollowerState: change to CANDIDATE, lastRpcTime:194ms, electionTimeout:194ms
2019-10-21 22:01:37,024 [Thread-1212] INFO  impl.RoleInfo (RoleInfo.java:shutdownFollowerState(121)) - d2d0250e-a378-4f8a-a4ff-ce07d96628f4: shutdown FollowerState
2019-10-21 22:01:37,024 [Thread-1212] INFO  impl.RaftServerImpl (RaftServerImpl.java:setRole(184)) - d2d0250e-a378-4f8a-a4ff-ce07d96628f4@group-129E33F6DE87: changes role from  FOLLOWER to CANDIDATE at term 93 for changeToCandidate
2019-10-21 22:01:37,024 [Thread-1212] INFO  impl.RoleInfo (RoleInfo.java:updateAndGet(143)) - d2d0250e-a378-4f8a-a4ff-ce07d96628f4: start LeaderElection
2019-10-21 22:01:37,038 [d2d0250e-a378-4f8a-a4ff-ce07d96628f4@group-129E33F6DE87-LeaderElection111] INFO  impl.LeaderElection (LeaderElection.java:askForVotes(178)) - d2d0250e-a378-4f8a-a4ff-ce07d96628f4@group-129E33F6DE87-LeaderElection111: begin an election at term 94 for -1: [756f57d6-6136-46f3-b5ea-af957dae1eda:192.168.34.8:33063, d2d0250e-a378-4f8a-a4ff-ce07d96628f4:192.168.34.8:43170, a36a670b-6f05-41e5-b505-2b1a8d9f1f79:192.168.34.8:32869], old=null
2019-10-21 22:01:37,044 [grpc-default-executor-3] INFO  impl.RaftServerImpl (RaftServerImpl.java:setRole(184)) - 756f57d6-6136-46f3-b5ea-af957dae1eda@group-129E33F6DE87: changes role from  FOLLOWER to FOLLOWER at term 94 for recognizeCandidate:d2d0250e-a378-4f8a-a4ff-ce07d96628f4
2019-10-21 22:01:37,044 [grpc-default-executor-3] INFO  impl.RoleInfo (RoleInfo.java:shutdownFollowerState(121)) - 756f57d6-6136-46f3-b5ea-af957dae1eda: shutdown FollowerState
2019-10-21 22:01:37,044 [grpc-default-executor-3] INFO  impl.RoleInfo (RoleInfo.java:updateAndGet(143)) - 756f57d6-6136-46f3-b5ea-af957dae1eda: start FollowerState
2019-10-21 22:01:37,044 [Thread-1210] INFO  impl.FollowerState (FollowerState.java:run(117)) - 756f57d6-6136-46f3-b5ea-af957dae1eda@group-129E33F6DE87-FollowerState was interrupted: java.lang.InterruptedException: sleep interrupted
2019-10-21 22:01:37,045 [grpc-default-executor-4] INFO  impl.RaftServerImpl (RaftServerImpl.java:setRole(184)) - a36a670b-6f05-41e5-b505-2b1a8d9f1f79@group-129E33F6DE87: changes role from  FOLLOWER to FOLLOWER at term 94 for recognizeCandidate:d2d0250e-a378-4f8a-a4ff-ce07d96628f4
2019-10-21 22:01:37,045 [grpc-default-executor-4] INFO  impl.RoleInfo (RoleInfo.java:shutdownFollowerState(121)) - a36a670b-6f05-41e5-b505-2b1a8d9f1f79: shutdown FollowerState
2019-10-21 22:01:37,046 [grpc-default-executor-4] INFO  impl.RoleInfo (RoleInfo.java:updateAndGet(143)) - a36a670b-6f05-41e5-b505-2b1a8d9f1f79: start FollowerState
2019-10-21 22:01:37,046 [Thread-1211] INFO  impl.FollowerState (FollowerState.java:run(117)) - a36a670b-6f05-41e5-b505-2b1a8d9f1f79@group-129E33F6DE87-FollowerState was interrupted: java.lang.InterruptedException: sleep interrupted
2019-10-21 22:01:37,061 [d2d0250e-a378-4f8a-a4ff-ce07d96628f4@group-129E33F6DE87-LeaderElection111] INFO  impl.LeaderElection (LeaderElection.java:logAndReturn(56)) - d2d0250e-a378-4f8a-a4ff-ce07d96628f4@group-129E33F6DE87-LeaderElection111: Election REJECTED; received 2 response(s) [d2d0250e-a378-4f8a-a4ff-ce07d96628f4<-756f57d6-6136-46f3-b5ea-af957dae1eda#0:FAIL-t94, d2d0250e-a378-4f8a-a4ff-ce07d96628f4<-a36a670b-6f05-41e5-b505-2b1a8d9f1f79#0:FAIL-t94] and 0 exception(s); d2d0250e-a378-4f8a-a4ff-ce07d96628f4@group-129E33F6DE87:t94, leader=null, voted=d2d0250e-a378-4f8a-a4ff-ce07d96628f4, raftlog=d2d0250e-a378-4f8a-a4ff-ce07d96628f4@group-129E33F6DE87-SegmentedRaftLog:OPENED:c-1,f-1,i0, conf=-1: [756f57d6-6136-46f3-b5ea-af957dae1eda:192.168.34.8:33063, d2d0250e-a378-4f8a-a4ff-ce07d96628f4:192.168.34.8:43170, a36a670b-6f05-41e5-b505-2b1a8d9f1f79:192.168.34.8:32869], old=null
2019-10-21 22:01:37,062 [d2d0250e-a378-4f8a-a4ff-ce07d96628f4@group-129E33F6DE87-LeaderElection111] INFO  impl.RaftServerImpl (RaftServerImpl.java:setRole(184)) - d2d0250e-a378-4f8a-a4ff-ce07d96628f4@group-129E33F6DE87: changes role from CANDIDATE to FOLLOWER at term 94 for DISCOVERED_A_NEW_TERM
2019-10-21 22:01:37,062 [d2d0250e-a378-4f8a-a4ff-ce07d96628f4@group-129E33F6DE87-LeaderElection111] INFO  impl.RoleInfo (RoleInfo.java:shutdownLeaderElection(134)) - d2d0250e-a378-4f8a-a4ff-ce07d96628f4: shutdown LeaderElection
2019-10-21 22:01:37,062 [d2d0250e-a378-4f8a-a4ff-ce07d96628f4@group-129E33F6DE87-LeaderElection111] INFO  impl.RoleInfo (RoleInfo.java:updateAndGet(143)) - d2d0250e-a378-4f8a-a4ff-ce07d96628f4: start FollowerState
2019-10-21 22:01:37,085 [Thread-1220] INFO  impl.FollowerState (FollowerState.java:run(108)) - d2d0250e-a378-4f8a-a4ff-ce07d96628f4@group-129E33F6DE87-FollowerState: change to CANDIDATE, lastRpcTime:22ms, electionTimeout:22ms
2019-10-21 22:01:37,085 [Thread-1220] INFO  impl.RoleInfo (RoleInfo.java:shutdownFollowerState(121)) - d2d0250e-a378-4f8a-a4ff-ce07d96628f4: shutdown FollowerState
2019-10-21 22:01:37,085 [Thread-1220] INFO  impl.RaftServerImpl (RaftServerImpl.java:setRole(184)) - d2d0250e-a378-4f8a-a4ff-ce07d96628f4@group-129E33F6DE87: changes role from  FOLLOWER to CANDIDATE at term 94 for changeToCandidate
2019-10-21 22:01:37,085 [Thread-1220] INFO  impl.RoleInfo (RoleInfo.java:updateAndGet(143)) - d2d0250e-a378-4f8a-a4ff-ce07d96628f4: start LeaderElection
2019-10-21 22:01:37,099 [d2d0250e-a378-4f8a-a4ff-ce07d96628f4@group-129E33F6DE87-LeaderElection112] INFO  impl.LeaderElection (LeaderElection.java:askForVotes(178)) - d2d0250e-a378-4f8a-a4ff-ce07d96628f4@group-129E33F6DE87-LeaderElection112: begin an election at term 95 for -1: [756f57d6-6136-46f3-b5ea-af957dae1eda:192.168.34.8:33063, d2d0250e-a378-4f8a-a4ff-ce07d96628f4:192.168.34.8:43170, a36a670b-6f05-41e5-b505-2b1a8d9f1f79:192.168.34.8:32869], old=null
2019-10-21 22:01:37,101 [grpc-default-executor-4] INFO  impl.RaftServerImpl (RaftServerImpl.java:setRole(184)) - 756f57d6-6136-46f3-b5ea-af957dae1eda@group-129E33F6DE87: changes role from  FOLLOWER to FOLLOWER at term 95 for recognizeCandidate:d2d0250e-a378-4f8a-a4ff-ce07d96628f4
2019-10-21 22:01:37,101 [grpc-default-executor-3] INFO  impl.RaftServerImpl (RaftServerImpl.java:setRole(184)) - a36a670b-6f05-41e5-b505-2b1a8d9f1f79@group-129E33F6DE87: changes role from  FOLLOWER to FOLLOWER at term 95 for recognizeCandidate:d2d0250e-a378-4f8a-a4ff-ce07d96628f4
2019-10-21 22:01:37,101 [grpc-default-executor-4] INFO  impl.RoleInfo (RoleInfo.java:shutdownFollowerState(121)) - 756f57d6-6136-46f3-b5ea-af957dae1eda: shutdown FollowerState
2019-10-21 22:01:37,101 [grpc-default-executor-3] INFO  impl.RoleInfo (RoleInfo.java:shutdownFollowerState(121)) - a36a670b-6f05-41e5-b505-2b1a8d9f1f79: shutdown FollowerState
2019-10-21 22:01:37,101 [Thread-1218] INFO  impl.FollowerState (FollowerState.java:run(117)) - 756f57d6-6136-46f3-b5ea-af957dae1eda@group-129E33F6DE87-FollowerState was interrupted: java.lang.InterruptedException: sleep interrupted
2019-10-21 22:01:37,101 [grpc-default-executor-4] INFO  impl.RoleInfo (RoleInfo.java:updateAndGet(143)) - 756f57d6-6136-46f3-b5ea-af957dae1eda: start FollowerState
2019-10-21 22:01:37,101 [grpc-default-executor-3] INFO  impl.RoleInfo (RoleInfo.java:updateAndGet(143)) - a36a670b-6f05-41e5-b505-2b1a8d9f1f79: start FollowerState
2019-10-21 22:01:37,101 [Thread-1219] INFO  impl.FollowerState (FollowerState.java:run(117)) - a36a670b-6f05-41e5-b505-2b1a8d9f1f79@group-129E33F6DE87-FollowerState was interrupted: java.lang.InterruptedException: sleep interrupted
2019-10-21 22:01:37,114 [d2d0250e-a378-4f8a-a4ff-ce07d96628f4@group-129E33F6DE87-LeaderElection112] INFO  impl.LeaderElection (LeaderElection.java:logAndReturn(56)) - d2d0250e-a378-4f8a-a4ff-ce07d96628f4@group-129E33F6DE87-LeaderElection112: Election REJECTED; received 2 response(s) [d2d0250e-a378-4f8a-a4ff-ce07d96628f4<-756f57d6-6136-46f3-b5ea-af957dae1eda#0:FAIL-t95, d2d0250e-a378-4f8a-a4ff-ce07d96628f4<-a36a670b-6f05-41e5-b505-2b1a8d9f1f79#0:FAIL-t95] and 0 exception(s); d2d0250e-a378-4f8a-a4ff-ce07d96628f4@group-129E33F6DE87:t95, leader=null, voted=d2d0250e-a378-4f8a-a4ff-ce07d96628f4, raftlog=d2d0250e-a378-4f8a-a4ff-ce07d96628f4@group-129E33F6DE87-SegmentedRaftLog:OPENED:c-1,f-1,i0, conf=-1: [756f57d6-6136-46f3-b5ea-af957dae1eda:192.168.34.8:33063, d2d0250e-a378-4f8a-a4ff-ce07d96628f4:192.168.34.8:43170, a36a670b-6f05-41e5-b505-2b1a8d9f1f79:192.168.34.8:32869], old=null
2019-10-21 22:01:37,115 [d2d0250e-a378-4f8a-a4ff-ce07d96628f4@group-129E33F6DE87-LeaderElection112] INFO  impl.RaftServerImpl (RaftServerImpl.java:setRole(184)) - d2d0250e-a378-4f8a-a4ff-ce07d96628f4@group-129E33F6DE87: changes role from CANDIDATE to FOLLOWER at term 95 for DISCOVERED_A_NEW_TERM
2019-10-21 22:01:37,115 [d2d0250e-a378-4f8a-a4ff-ce07d96628f4@group-129E33F6DE87-LeaderElection112] INFO  impl.RoleInfo (RoleInfo.java:shutdownLeaderElection(134)) - d2d0250e-a378-4f8a-a4ff-ce07d96628f4: shutdown LeaderElection
2019-10-21 22:01:37,115 [d2d0250e-a378-4f8a-a4ff-ce07d96628f4@group-129E33F6DE87-LeaderElection112] INFO  impl.RoleInfo (RoleInfo.java:updateAndGet(143)) - d2d0250e-a378-4f8a-a4ff-ce07d96628f4: start FollowerState
2019-10-21 22:01:37,125 [Thread-1226] INFO  impl.FollowerState (FollowerState.java:run(108)) - d2d0250e-a378-4f8a-a4ff-ce07d96628f4@group-129E33F6DE87-FollowerState: change to CANDIDATE, lastRpcTime:10ms, electionTimeout:10ms
2019-10-21 22:01:37,125 [Thread-1226] INFO  impl.RoleInfo (RoleInfo.java:shutdownFollowerState(121)) - d2d0250e-a378-4f8a-a4ff-ce07d96628f4: shutdown FollowerState
2019-10-21 22:01:37,125 [Thread-1226] INFO  impl.RaftServerImpl (RaftServerImpl.java:setRole(184)) - d2d0250e-a378-4f8a-a4ff-ce07d96628f4@group-129E33F6DE87: changes role from  FOLLOWER to CANDIDATE at term 95 for changeToCandidate
2019-10-21 22:01:37,126 [Thread-1226] INFO  impl.RoleInfo (RoleInfo.java:updateAndGet(143)) - d2d0250e-a378-4f8a-a4ff-ce07d96628f4: start LeaderElection
2019-10-21 22:01:37,139 [d2d0250e-a378-4f8a-a4ff-ce07d96628f4@group-129E33F6DE87-LeaderElection113] INFO  impl.LeaderElection (LeaderElection.java:askForVotes(178)) - d2d0250e-a378-4f8a-a4ff-ce07d96628f4@group-129E33F6DE87-LeaderElection113: begin an election at term 96 for -1: [756f57d6-6136-46f3-b5ea-af957dae1eda:192.168.34.8:33063, d2d0250e-a378-4f8a-a4ff-ce07d96628f4:192.168.34.8:43170, a36a670b-6f05-41e5-b505-2b1a8d9f1f79:192.168.34.8:32869], old=null
2019-10-21 22:01:37,142 [grpc-default-executor-4] INFO  impl.RaftServerImpl (RaftServerImpl.java:setRole(184)) - 756f57d6-6136-46f3-b5ea-af957dae1eda@group-129E33F6DE87: changes role from  FOLLOWER to FOLLOWER at term 96 for recognizeCandidate:d2d0250e-a378-4f8a-a4ff-ce07d96628f4
2019-10-21 22:01:37,142 [grpc-default-executor-4] INFO  impl.RoleInfo (RoleInfo.java:shutdownFollowerState(121)) - 756f57d6-6136-46f3-b5ea-af957dae1eda: shutdown FollowerState
2019-10-21 22:01:37,142 [grpc-default-executor-4] INFO  impl.RoleInfo (RoleInfo.java:updateAndGet(143)) - 756f57d6-6136-46f3-b5ea-af957dae1eda: start FollowerState
2019-10-21 22:01:37,142 [grpc-default-executor-3] INFO  impl.RaftServerImpl (RaftServerImpl.java:setRole(184)) - a36a670b-6f05-41e5-b505-2b1a8d9f1f79@group-129E33F6DE87: changes role from  FOLLOWER to FOLLOWER at term 96 for recognizeCandidate:d2d0250e-a378-4f8a-a4ff-ce07d96628f4
2019-10-21 22:01:37,142 [grpc-default-executor-3] INFO  impl.RoleInfo (RoleInfo.java:shutdownFollowerState(121)) - a36a670b-6f05-41e5-b505-2b1a8d9f1f79: shutdown FollowerState
2019-10-21 22:01:37,142 [Thread-1224] INFO  impl.FollowerState (FollowerState.java:run(117)) - 756f57d6-6136-46f3-b5ea-af957dae1eda@group-129E33F6DE87-FollowerState was interrupted: java.lang.InterruptedException: sleep interrupted
2019-10-21 22:01:37,142 [Thread-1225] INFO  impl.FollowerState (FollowerState.java:run(117)) - a36a670b-6f05-41e5-b505-2b1a8d9f1f79@group-129E33F6DE87-FollowerState was interrupted: java.lang.InterruptedException: sleep interrupted
2019-10-21 22:01:37,142 [grpc-default-executor-3] INFO  impl.RoleInfo (RoleInfo.java:updateAndGet(143)) - a36a670b-6f05-41e5-b505-2b1a8d9f1f79: start FollowerState
2019-10-21 22:01:37,157 [d2d0250e-a378-4f8a-a4ff-ce07d96628f4@group-129E33F6DE87-LeaderElection113] INFO  impl.LeaderElection (LeaderElection.java:logAndReturn(56)) - d2d0250e-a378-4f8a-a4ff-ce07d96628f4@group-129E33F6DE87-LeaderElection113: Election REJECTED; received 2 response(s) [d2d0250e-a378-4f8a-a4ff-ce07d96628f4<-756f57d6-6136-46f3-b5ea-af957dae1eda#0:FAIL-t96, d2d0250e-a378-4f8a-a4ff-ce07d96628f4<-a36a670b-6f05-41e5-b505-2b1a8d9f1f79#0:FAIL-t96] and 0 exception(s); d2d0250e-a378-4f8a-a4ff-ce07d96628f4@group-129E33F6DE87:t96, leader=null, voted=d2d0250e-a378-4f8a-a4ff-ce07d96628f4, raftlog=d2d0250e-a378-4f8a-a4ff-ce07d96628f4@group-129E33F6DE87-SegmentedRaftLog:OPENED:c-1,f-1,i0, conf=-1: [756f57d6-6136-46f3-b5ea-af957dae1eda:192.168.34.8:33063, d2d0250e-a378-4f8a-a4ff-ce07d96628f4:192.168.34.8:43170, a36a670b-6f05-41e5-b505-2b1a8d9f1f79:192.168.34.8:32869], old=null
2019-10-21 22:01:37,157 [d2d0250e-a378-4f8a-a4ff-ce07d96628f4@group-129E33F6DE87-LeaderElection113] INFO  impl.RaftServerImpl (RaftServerImpl.java:setRole(184)) - d2d0250e-a378-4f8a-a4ff-ce07d96628f4@group-129E33F6DE87: changes role from CANDIDATE to FOLLOWER at term 96 for DISCOVERED_A_NEW_TERM
2019-10-21 22:01:37,158 [d2d0250e-a378-4f8a-a4ff-ce07d96628f4@group-129E33F6DE87-LeaderElection113] INFO  impl.RoleInfo (RoleInfo.java:shutdownLeaderElection(134)) - d2d0250e-a378-4f8a-a4ff-ce07d96628f4: shutdown LeaderElection
2019-10-21 22:01:37,158 [d2d0250e-a378-4f8a-a4ff-ce07d96628f4@group-129E33F6DE87-LeaderElection113] INFO  impl.RoleInfo (RoleInfo.java:updateAndGet(143)) - d2d0250e-a378-4f8a-a4ff-ce07d96628f4: start FollowerState
2019-10-21 22:01:37,343 [Thread-1232] INFO  impl.FollowerState (FollowerState.java:run(108)) - d2d0250e-a378-4f8a-a4ff-ce07d96628f4@group-129E33F6DE87-FollowerState: change to CANDIDATE, lastRpcTime:185ms, electionTimeout:185ms
2019-10-21 22:01:37,344 [Thread-1232] INFO  impl.RoleInfo (RoleInfo.java:shutdownFollowerState(121)) - d2d0250e-a378-4f8a-a4ff-ce07d96628f4: shutdown FollowerState
2019-10-21 22:01:37,344 [Thread-1232] INFO  impl.RaftServerImpl (RaftServerImpl.java:setRole(184)) - d2d0250e-a378-4f8a-a4ff-ce07d96628f4@group-129E33F6DE87: changes role from  FOLLOWER to CANDIDATE at term 96 for changeToCandidate
2019-10-21 22:01:37,344 [Thread-1232] INFO  impl.RoleInfo (RoleInfo.java:updateAndGet(143)) - d2d0250e-a378-4f8a-a4ff-ce07d96628f4: start LeaderElection
2019-10-21 22:01:37,358 [d2d0250e-a378-4f8a-a4ff-ce07d96628f4@group-129E33F6DE87-LeaderElection114] INFO  impl.LeaderElection (LeaderElection.java:askForVotes(178)) - d2d0250e-a378-4f8a-a4ff-ce07d96628f4@group-129E33F6DE87-LeaderElection114: begin an election at term 97 for -1: [756f57d6-6136-46f3-b5ea-af957dae1eda:192.168.34.8:33063, d2d0250e-a378-4f8a-a4ff-ce07d96628f4:192.168.34.8:43170, a36a670b-6f05-41e5-b505-2b1a8d9f1f79:192.168.34.8:32869], old=null
2019-10-21 22:01:37,362 [grpc-default-executor-4] INFO  impl.RaftServerImpl (RaftServerImpl.java:setRole(184)) - 756f57d6-6136-46f3-b5ea-af957dae1eda@group-129E33F6DE87: changes role from  FOLLOWER to FOLLOWER at term 97 for recognizeCandidate:d2d0250e-a378-4f8a-a4ff-ce07d96628f4
2019-10-21 22:01:37,362 [grpc-default-executor-3] INFO  impl.RaftServerImpl (RaftServerImpl.java:setRole(184)) - a36a670b-6f05-41e5-b505-2b1a8d9f1f79@group-129E33F6DE87: changes role from  FOLLOWER to FOLLOWER at term 97 for recognizeCandidate:d2d0250e-a378-4f8a-a4ff-ce07d96628f4
2019-10-21 22:01:37,362 [grpc-default-executor-4] INFO  impl.RoleInfo (RoleInfo.java:shutdownFollowerState(121)) - 756f57d6-6136-46f3-b5ea-af957dae1eda: shutdown FollowerState
2019-10-21 22:01:37,363 [grpc-default-executor-3] INFO  impl.RoleInfo (RoleInfo.java:shutdownFollowerState(121)) - a36a670b-6f05-41e5-b505-2b1a8d9f1f79: shutdown FollowerState
2019-10-21 22:01:37,363 [Thread-1230] INFO  impl.FollowerState (FollowerState.java:run(117)) - 756f57d6-6136-46f3-b5ea-af957dae1eda@group-129E33F6DE87-FollowerState was interrupted: java.lang.InterruptedException: sleep interrupted
2019-10-21 22:01:37,363 [grpc-default-executor-4] INFO  impl.RoleInfo (RoleInfo.java:updateAndGet(143)) - 756f57d6-6136-46f3-b5ea-af957dae1eda: start FollowerState
2019-10-21 22:01:37,363 [Thread-1231] INFO  impl.FollowerState (FollowerState.java:run(117)) - a36a670b-6f05-41e5-b505-2b1a8d9f1f79@group-129E33F6DE87-FollowerState was interrupted: java.lang.InterruptedException: sleep interrupted
2019-10-21 22:01:37,363 [grpc-default-executor-3] INFO  impl.RoleInfo (RoleInfo.java:updateAndGet(143)) - a36a670b-6f05-41e5-b505-2b1a8d9f1f79: start FollowerState
2019-10-21 22:01:37,374 [d2d0250e-a378-4f8a-a4ff-ce07d96628f4@group-129E33F6DE87-LeaderElection114] INFO  impl.LeaderElection (LeaderElection.java:logAndReturn(56)) - d2d0250e-a378-4f8a-a4ff-ce07d96628f4@group-129E33F6DE87-LeaderElection114: Election REJECTED; received 2 response(s) [d2d0250e-a378-4f8a-a4ff-ce07d96628f4<-756f57d6-6136-46f3-b5ea-af957dae1eda#0:FAIL-t97, d2d0250e-a378-4f8a-a4ff-ce07d96628f4<-a36a670b-6f05-41e5-b505-2b1a8d9f1f79#0:FAIL-t97] and 0 exception(s); d2d0250e-a378-4f8a-a4ff-ce07d96628f4@group-129E33F6DE87:t97, leader=null, voted=d2d0250e-a378-4f8a-a4ff-ce07d96628f4, raftlog=d2d0250e-a378-4f8a-a4ff-ce07d96628f4@group-129E33F6DE87-SegmentedRaftLog:OPENED:c-1,f-1,i0, conf=-1: [756f57d6-6136-46f3-b5ea-af957dae1eda:192.168.34.8:33063, d2d0250e-a378-4f8a-a4ff-ce07d96628f4:192.168.34.8:43170, a36a670b-6f05-41e5-b505-2b1a8d9f1f79:192.168.34.8:32869], old=null
2019-10-21 22:01:37,374 [d2d0250e-a378-4f8a-a4ff-ce07d96628f4@group-129E33F6DE87-LeaderElection114] INFO  impl.RaftServerImpl (RaftServerImpl.java:setRole(184)) - d2d0250e-a378-4f8a-a4ff-ce07d96628f4@group-129E33F6DE87: changes role from CANDIDATE to FOLLOWER at term 97 for DISCOVERED_A_NEW_TERM
2019-10-21 22:01:37,374 [d2d0250e-a378-4f8a-a4ff-ce07d96628f4@group-129E33F6DE87-LeaderElection114] INFO  impl.RoleInfo (RoleInfo.java:shutdownLeaderElection(134)) - d2d0250e-a378-4f8a-a4ff-ce07d96628f4: shutdown LeaderElection
2019-10-21 22:01:37,374 [d2d0250e-a378-4f8a-a4ff-ce07d96628f4@group-129E33F6DE87-LeaderElection114] INFO  impl.RoleInfo (RoleInfo.java:updateAndGet(143)) - d2d0250e-a378-4f8a-a4ff-ce07d96628f4: start FollowerState
2019-10-21 22:01:37,510 [Thread-1242] INFO  impl.FollowerState (FollowerState.java:run(108)) - d2d0250e-a378-4f8a-a4ff-ce07d96628f4@group-129E33F6DE87-FollowerState: change to CANDIDATE, lastRpcTime:135ms, electionTimeout:135ms
2019-10-21 22:01:37,510 [Thread-1242] INFO  impl.RoleInfo (RoleInfo.java:shutdownFollowerState(121)) - d2d0250e-a378-4f8a-a4ff-ce07d96628f4: shutdown FollowerState
2019-10-21 22:01:37,510 [Thread-1242] INFO  impl.RaftServerImpl (RaftServerImpl.java:setRole(184)) - d2d0250e-a378-4f8a-a4ff-ce07d96628f4@group-129E33F6DE87: changes role from  FOLLOWER to CANDIDATE at term 97 for changeToCandidate
2019-10-21 22:01:37,510 [Thread-1242] INFO  impl.RoleInfo (RoleInfo.java:updateAndGet(143)) - d2d0250e-a378-4f8a-a4ff-ce07d96628f4: start LeaderElection
2019-10-21 22:01:37,525 [d2d0250e-a378-4f8a-a4ff-ce07d96628f4@group-129E33F6DE87-LeaderElection115] INFO  impl.LeaderElection (LeaderElection.java:askForVotes(178)) - d2d0250e-a378-4f8a-a4ff-ce07d96628f4@group-129E33F6DE87-LeaderElection115: begin an election at term 98 for -1: [756f57d6-6136-46f3-b5ea-af957dae1eda:192.168.34.8:33063, d2d0250e-a378-4f8a-a4ff-ce07d96628f4:192.168.34.8:43170, a36a670b-6f05-41e5-b505-2b1a8d9f1f79:192.168.34.8:32869], old=null
2019-10-21 22:01:37,527 [grpc-default-executor-4] INFO  impl.RaftServerImpl (RaftServerImpl.java:setRole(184)) - 756f57d6-6136-46f3-b5ea-af957dae1eda@group-129E33F6DE87: changes role from  FOLLOWER to FOLLOWER at term 98 for recognizeCandidate:d2d0250e-a378-4f8a-a4ff-ce07d96628f4
2019-10-21 22:01:37,527 [grpc-default-executor-3] INFO  impl.RaftServerImpl (RaftServerImpl.java:setRole(184)) - a36a670b-6f05-41e5-b505-2b1a8d9f1f79@group-129E33F6DE87: changes role from  FOLLOWER to FOLLOWER at term 98 for recognizeCandidate:d2d0250e-a378-4f8a-a4ff-ce07d96628f4
2019-10-21 22:01:37,528 [grpc-default-executor-4] INFO  impl.RoleInfo (RoleInfo.java:shutdownFollowerState(121)) - 756f57d6-6136-46f3-b5ea-af957dae1eda: shutdown FollowerState
2019-10-21 22:01:37,528 [grpc-default-executor-3] INFO  impl.RoleInfo (RoleInfo.java:shutdownFollowerState(121)) - a36a670b-6f05-41e5-b505-2b1a8d9f1f79: shutdown FollowerState
2019-10-21 22:01:37,528 [Thread-1240] INFO  impl.FollowerState (FollowerState.java:run(117)) - 756f57d6-6136-46f3-b5ea-af957dae1eda@group-129E33F6DE87-FollowerState was interrupted: java.lang.InterruptedException: sleep interrupted
2019-10-21 22:01:37,528 [grpc-default-executor-4] INFO  impl.RoleInfo (RoleInfo.java:updateAndGet(143)) - 756f57d6-6136-46f3-b5ea-af957dae1eda: start FollowerState
2019-10-21 22:01:37,528 [Thread-1241] INFO  impl.FollowerState (FollowerState.java:run(117)) - a36a670b-6f05-41e5-b505-2b1a8d9f1f79@group-129E33F6DE87-FollowerState was interrupted: java.lang.InterruptedException: sleep interrupted
2019-10-21 22:01:37,528 [grpc-default-executor-3] INFO  impl.RoleInfo (RoleInfo.java:updateAndGet(143)) - a36a670b-6f05-41e5-b505-2b1a8d9f1f79: start FollowerState
2019-10-21 22:01:37,543 [d2d0250e-a378-4f8a-a4ff-ce07d96628f4@group-129E33F6DE87-LeaderElection115] INFO  impl.LeaderElection (LeaderElection.java:logAndReturn(56)) - d2d0250e-a378-4f8a-a4ff-ce07d96628f4@group-129E33F6DE87-LeaderElection115: Election REJECTED; received 2 response(s) [d2d0250e-a378-4f8a-a4ff-ce07d96628f4<-756f57d6-6136-46f3-b5ea-af957dae1eda#0:FAIL-t98, d2d0250e-a378-4f8a-a4ff-ce07d96628f4<-a36a670b-6f05-41e5-b505-2b1a8d9f1f79#0:FAIL-t98] and 0 exception(s); d2d0250e-a378-4f8a-a4ff-ce07d96628f4@group-129E33F6DE87:t98, leader=null, voted=d2d0250e-a378-4f8a-a4ff-ce07d96628f4, raftlog=d2d0250e-a378-4f8a-a4ff-ce07d96628f4@group-129E33F6DE87-SegmentedRaftLog:OPENED:c-1,f-1,i0, conf=-1: [756f57d6-6136-46f3-b5ea-af957dae1eda:192.168.34.8:33063, d2d0250e-a378-4f8a-a4ff-ce07d96628f4:192.168.34.8:43170, a36a670b-6f05-41e5-b505-2b1a8d9f1f79:192.168.34.8:32869], old=null
2019-10-21 22:01:37,544 [d2d0250e-a378-4f8a-a4ff-ce07d96628f4@group-129E33F6DE87-LeaderElection115] INFO  impl.RaftServerImpl (RaftServerImpl.java:setRole(184)) - d2d0250e-a378-4f8a-a4ff-ce07d96628f4@group-129E33F6DE87: changes role from CANDIDATE to FOLLOWER at term 98 for DISCOVERED_A_NEW_TERM
2019-10-21 22:01:37,544 [d2d0250e-a378-4f8a-a4ff-ce07d96628f4@group-129E33F6DE87-LeaderElection115] INFO  impl.RoleInfo (RoleInfo.java:shutdownLeaderElection(134)) - d2d0250e-a378-4f8a-a4ff-ce07d96628f4: shutdown LeaderElection
2019-10-21 22:01:37,544 [d2d0250e-a378-4f8a-a4ff-ce07d96628f4@group-129E33F6DE87-LeaderElection115] INFO  impl.RoleInfo (RoleInfo.java:updateAndGet(143)) - d2d0250e-a378-4f8a-a4ff-ce07d96628f4: start FollowerState
2019-10-21 22:01:37,551 [Thread-1248] INFO  impl.FollowerState (FollowerState.java:run(108)) - d2d0250e-a378-4f8a-a4ff-ce07d96628f4@group-129E33F6DE87-FollowerState: change to CANDIDATE, lastRpcTime:6ms, electionTimeout:6ms
2019-10-21 22:01:37,551 [Thread-1248] INFO  impl.RoleInfo (RoleInfo.java:shutdownFollowerState(121)) - d2d0250e-a378-4f8a-a4ff-ce07d96628f4: shutdown FollowerState
2019-10-21 22:01:37,551 [Thread-1248] INFO  impl.RaftServerImpl (RaftServerImpl.java:setRole(184)) - d2d0250e-a378-4f8a-a4ff-ce07d96628f4@group-129E33F6DE87: changes role from  FOLLOWER to CANDIDATE at term 98 for changeToCandidate
2019-10-21 22:01:37,551 [Thread-1248] INFO  impl.RoleInfo (RoleInfo.java:updateAndGet(143)) - d2d0250e-a378-4f8a-a4ff-ce07d96628f4: start LeaderElection
2019-10-21 22:01:37,565 [d2d0250e-a378-4f8a-a4ff-ce07d96628f4@group-129E33F6DE87-LeaderElection116] INFO  impl.LeaderElection (LeaderElection.java:askForVotes(178)) - d2d0250e-a378-4f8a-a4ff-ce07d96628f4@group-129E33F6DE87-LeaderElection116: begin an election at term 99 for -1: [756f57d6-6136-46f3-b5ea-af957dae1eda:192.168.34.8:33063, d2d0250e-a378-4f8a-a4ff-ce07d96628f4:192.168.34.8:43170, a36a670b-6f05-41e5-b505-2b1a8d9f1f79:192.168.34.8:32869], old=null
2019-10-21 22:01:37,567 [grpc-default-executor-4] INFO  impl.RaftServerImpl (RaftServerImpl.java:setRole(184)) - a36a670b-6f05-41e5-b505-2b1a8d9f1f79@group-129E33F6DE87: changes role from  FOLLOWER to FOLLOWER at term 99 for recognizeCandidate:d2d0250e-a378-4f8a-a4ff-ce07d96628f4
2019-10-21 22:01:37,567 [grpc-default-executor-3] INFO  impl.RaftServerImpl (RaftServerImpl.java:setRole(184)) - 756f57d6-6136-46f3-b5ea-af957dae1eda@group-129E33F6DE87: changes role from  FOLLOWER to FOLLOWER at term 99 for recognizeCandidate:d2d0250e-a378-4f8a-a4ff-ce07d96628f4
2019-10-21 22:01:37,567 [grpc-default-executor-4] INFO  impl.RoleInfo (RoleInfo.java:shutdownFollowerState(121)) - a36a670b-6f05-41e5-b505-2b1a8d9f1f79: shutdown FollowerState
2019-10-21 22:01:37,567 [grpc-default-executor-3] INFO  impl.RoleInfo (RoleInfo.java:shutdownFollowerState(121)) - 756f57d6-6136-46f3-b5ea-af957dae1eda: shutdown FollowerState
2019-10-21 22:01:37,568 [Thread-1247] INFO  impl.FollowerState (FollowerState.java:run(117)) - a36a670b-6f05-41e5-b505-2b1a8d9f1f79@group-129E33F6DE87-FollowerState was interrupted: java.lang.InterruptedException: sleep interrupted
2019-10-21 22:01:37,567 [grpc-default-executor-4] INFO  impl.RoleInfo (RoleInfo.java:updateAndGet(143)) - a36a670b-6f05-41e5-b505-2b1a8d9f1f79: start FollowerState
2019-10-21 22:01:37,568 [Thread-1246] INFO  impl.FollowerState (FollowerState.java:run(117)) - 756f57d6-6136-46f3-b5ea-af957dae1eda@group-129E33F6DE87-FollowerState was interrupted: java.lang.InterruptedException: sleep interrupted
2019-10-21 22:01:37,568 [grpc-default-executor-3] INFO  impl.RoleInfo (RoleInfo.java:updateAndGet(143)) - 756f57d6-6136-46f3-b5ea-af957dae1eda: start FollowerState
2019-10-21 22:01:37,582 [d2d0250e-a378-4f8a-a4ff-ce07d96628f4@group-129E33F6DE87-LeaderElection116] INFO  impl.LeaderElection (LeaderElection.java:logAndReturn(56)) - d2d0250e-a378-4f8a-a4ff-ce07d96628f4@group-129E33F6DE87-LeaderElection116: Election REJECTED; received 2 response(s) [d2d0250e-a378-4f8a-a4ff-ce07d96628f4<-756f57d6-6136-46f3-b5ea-af957dae1eda#0:FAIL-t99, d2d0250e-a378-4f8a-a4ff-ce07d96628f4<-a36a670b-6f05-41e5-b505-2b1a8d9f1f79#0:FAIL-t99] and 0 exception(s); d2d0250e-a378-4f8a-a4ff-ce07d96628f4@group-129E33F6DE87:t99, leader=null, voted=d2d0250e-a378-4f8a-a4ff-ce07d96628f4, raftlog=d2d0250e-a378-4f8a-a4ff-ce07d96628f4@group-129E33F6DE87-SegmentedRaftLog:OPENED:c-1,f-1,i0, conf=-1: [756f57d6-6136-46f3-b5ea-af957dae1eda:192.168.34.8:33063, d2d0250e-a378-4f8a-a4ff-ce07d96628f4:192.168.34.8:43170, a36a670b-6f05-41e5-b505-2b1a8d9f1f79:192.168.34.8:32869], old=null
2019-10-21 22:01:37,582 [d2d0250e-a378-4f8a-a4ff-ce07d96628f4@group-129E33F6DE87-LeaderElection116] INFO  impl.RaftServerImpl (RaftServerImpl.java:setRole(184)) - d2d0250e-a378-4f8a-a4ff-ce07d96628f4@group-129E33F6DE87: changes role from CANDIDATE to FOLLOWER at term 99 for DISCOVERED_A_NEW_TERM
2019-10-21 22:01:37,582 [d2d0250e-a378-4f8a-a4ff-ce07d96628f4@group-129E33F6DE87-LeaderElection116] INFO  impl.RoleInfo (RoleInfo.java:shutdownLeaderElection(134)) - d2d0250e-a378-4f8a-a4ff-ce07d96628f4: shutdown LeaderElection
2019-10-21 22:01:37,583 [d2d0250e-a378-4f8a-a4ff-ce07d96628f4@group-129E33F6DE87-LeaderElection116] INFO  impl.RoleInfo (RoleInfo.java:updateAndGet(143)) - d2d0250e-a378-4f8a-a4ff-ce07d96628f4: start FollowerState
2019-10-21 22:01:37,654 [Thread-1254] INFO  impl.FollowerState (FollowerState.java:run(108)) - d2d0250e-a378-4f8a-a4ff-ce07d96628f4@group-129E33F6DE87-FollowerState: change to CANDIDATE, lastRpcTime:71ms, electionTimeout:71ms
2019-10-21 22:01:37,654 [Thread-1254] INFO  impl.RoleInfo (RoleInfo.java:shutdownFollowerState(121)) - d2d0250e-a378-4f8a-a4ff-ce07d96628f4: shutdown FollowerState
2019-10-21 22:01:37,654 [Thread-1254] INFO  impl.RaftServerImpl (RaftServerImpl.java:setRole(184)) - d2d0250e-a378-4f8a-a4ff-ce07d96628f4@group-129E33F6DE87: changes role from  FOLLOWER to CANDIDATE at term 99 for changeToCandidate
2019-10-21 22:01:37,655 [Thread-1254] INFO  impl.RoleInfo (RoleInfo.java:updateAndGet(143)) - d2d0250e-a378-4f8a-a4ff-ce07d96628f4: start LeaderElection
2019-10-21 22:01:37,669 [d2d0250e-a378-4f8a-a4ff-ce07d96628f4@group-129E33F6DE87-LeaderElection117] INFO  impl.LeaderElection (LeaderElection.java:askForVotes(178)) - d2d0250e-a378-4f8a-a4ff-ce07d96628f4@group-129E33F6DE87-LeaderElection117: begin an election at term 100 for -1: [756f57d6-6136-46f3-b5ea-af957dae1eda:192.168.34.8:33063, d2d0250e-a378-4f8a-a4ff-ce07d96628f4:192.168.34.8:43170, a36a670b-6f05-41e5-b505-2b1a8d9f1f79:192.168.34.8:32869], old=null
2019-10-21 22:01:37,671 [grpc-default-executor-3] INFO  impl.RaftServerImpl (RaftServerImpl.java:setRole(184)) - 756f57d6-6136-46f3-b5ea-af957dae1eda@group-129E33F6DE87: changes role from  FOLLOWER to FOLLOWER at term 100 for recognizeCandidate:d2d0250e-a378-4f8a-a4ff-ce07d96628f4
2019-10-21 22:01:37,671 [grpc-default-executor-4] INFO  impl.RaftServerImpl (RaftServerImpl.java:setRole(184)) - a36a670b-6f05-41e5-b505-2b1a8d9f1f79@group-129E33F6DE87: changes role from  FOLLOWER to FOLLOWER at term 100 for recognizeCandidate:d2d0250e-a378-4f8a-a4ff-ce07d96628f4
2019-10-21 22:01:37,671 [grpc-default-executor-3] INFO  impl.RoleInfo (RoleInfo.java:shutdownFollowerState(121)) - 756f57d6-6136-46f3-b5ea-af957dae1eda: shutdown FollowerState
2019-10-21 22:01:37,671 [grpc-default-executor-4] INFO  impl.RoleInfo (RoleInfo.java:shutdownFollowerState(121)) - a36a670b-6f05-41e5-b505-2b1a8d9f1f79: shutdown FollowerState
2019-10-21 22:01:37,672 [Thread-1253] INFO  impl.FollowerState (FollowerState.java:run(117)) - 756f57d6-6136-46f3-b5ea-af957dae1eda@group-129E33F6DE87-FollowerState was interrupted: java.lang.InterruptedException: sleep interrupted
2019-10-21 22:01:37,671 [grpc-default-executor-3] INFO  impl.RoleInfo (RoleInfo.java:updateAndGet(143)) - 756f57d6-6136-46f3-b5ea-af957dae1eda: start FollowerState
2019-10-21 22:01:37,672 [Thread-1252] INFO  impl.FollowerState (FollowerState.java:run(117)) - a36a670b-6f05-41e5-b505-2b1a8d9f1f79@group-129E33F6DE87-FollowerState was interrupted: java.lang.InterruptedException: sleep interrupted
2019-10-21 22:01:37,672 [grpc-default-executor-4] INFO  impl.RoleInfo (RoleInfo.java:updateAndGet(143)) - a36a670b-6f05-41e5-b505-2b1a8d9f1f79: start FollowerState
2019-10-21 22:01:37,686 [d2d0250e-a378-4f8a-a4ff-ce07d96628f4@group-129E33F6DE87-LeaderElection117] INFO  impl.LeaderElection (LeaderElection.java:logAndReturn(56)) - d2d0250e-a378-4f8a-a4ff-ce07d96628f4@group-129E33F6DE87-LeaderElection117: Election REJECTED; received 2 response(s) [d2d0250e-a378-4f8a-a4ff-ce07d96628f4<-756f57d6-6136-46f3-b5ea-af957dae1eda#0:FAIL-t100, d2d0250e-a378-4f8a-a4ff-ce07d96628f4<-a36a670b-6f05-41e5-b505-2b1a8d9f1f79#0:FAIL-t100] and 0 exception(s); d2d0250e-a378-4f8a-a4ff-ce07d96628f4@group-129E33F6DE87:t100, leader=null, voted=d2d0250e-a378-4f8a-a4ff-ce07d96628f4, raftlog=d2d0250e-a378-4f8a-a4ff-ce07d96628f4@group-129E33F6DE87-SegmentedRaftLog:OPENED:c-1,f-1,i0, conf=-1: [756f57d6-6136-46f3-b5ea-af957dae1eda:192.168.34.8:33063, d2d0250e-a378-4f8a-a4ff-ce07d96628f4:192.168.34.8:43170, a36a670b-6f05-41e5-b505-2b1a8d9f1f79:192.168.34.8:32869], old=null
2019-10-21 22:01:37,686 [d2d0250e-a378-4f8a-a4ff-ce07d96628f4@group-129E33F6DE87-LeaderElection117] INFO  impl.RaftServerImpl (RaftServerImpl.java:setRole(184)) - d2d0250e-a378-4f8a-a4ff-ce07d96628f4@group-129E33F6DE87: changes role from CANDIDATE to FOLLOWER at term 100 for DISCOVERED_A_NEW_TERM
2019-10-21 22:01:37,686 [d2d0250e-a378-4f8a-a4ff-ce07d96628f4@group-129E33F6DE87-LeaderElection117] INFO  impl.RoleInfo (RoleInfo.java:shutdownLeaderElection(134)) - d2d0250e-a378-4f8a-a4ff-ce07d96628f4: shutdown LeaderElection
2019-10-21 22:01:37,686 [d2d0250e-a378-4f8a-a4ff-ce07d96628f4@group-129E33F6DE87-LeaderElection117] INFO  impl.RoleInfo (RoleInfo.java:updateAndGet(143)) - d2d0250e-a378-4f8a-a4ff-ce07d96628f4: start FollowerState
2019-10-21 22:01:37,811 [Thread-1260] INFO  impl.FollowerState (FollowerState.java:run(108)) - d2d0250e-a378-4f8a-a4ff-ce07d96628f4@group-129E33F6DE87-FollowerState: change to CANDIDATE, lastRpcTime:124ms, electionTimeout:120ms
2019-10-21 22:01:37,812 [Thread-1260] INFO  impl.RoleInfo (RoleInfo.java:shutdownFollowerState(121)) - d2d0250e-a378-4f8a-a4ff-ce07d96628f4: shutdown FollowerState
2019-10-21 22:01:37,812 [Thread-1260] INFO  impl.RaftServerImpl (RaftServerImpl.java:setRole(184)) - d2d0250e-a378-4f8a-a4ff-ce07d96628f4@group-129E33F6DE87: changes role from  FOLLOWER to CANDIDATE at term 100 for changeToCandidate
2019-10-21 22:01:37,812 [Thread-1260] INFO  impl.RoleInfo (RoleInfo.java:updateAndGet(143)) - d2d0250e-a378-4f8a-a4ff-ce07d96628f4: start LeaderElection
2019-10-21 22:01:37,826 [d2d0250e-a378-4f8a-a4ff-ce07d96628f4@group-129E33F6DE87-LeaderElection118] INFO  impl.LeaderElection (LeaderElection.java:askForVotes(178)) - d2d0250e-a378-4f8a-a4ff-ce07d96628f4@group-129E33F6DE87-LeaderElection118: begin an election at term 101 for -1: [756f57d6-6136-46f3-b5ea-af957dae1eda:192.168.34.8:33063, d2d0250e-a378-4f8a-a4ff-ce07d96628f4:192.168.34.8:43170, a36a670b-6f05-41e5-b505-2b1a8d9f1f79:192.168.34.8:32869], old=null
2019-10-21 22:01:37,833 [grpc-default-executor-4] INFO  impl.RaftServerImpl (RaftServerImpl.java:setRole(184)) - a36a670b-6f05-41e5-b505-2b1a8d9f1f79@group-129E33F6DE87: changes role from  FOLLOWER to FOLLOWER at term 101 for recognizeCandidate:d2d0250e-a378-4f8a-a4ff-ce07d96628f4
2019-10-21 22:01:37,833 [grpc-default-executor-3] INFO  impl.RaftServerImpl (RaftServerImpl.java:setRole(184)) - 756f57d6-6136-46f3-b5ea-af957dae1eda@group-129E33F6DE87: changes role from  FOLLOWER to FOLLOWER at term 101 for recognizeCandidate:d2d0250e-a378-4f8a-a4ff-ce07d96628f4
2019-10-21 22:01:37,833 [grpc-default-executor-4] INFO  impl.RoleInfo (RoleInfo.java:shutdownFollowerState(121)) - a36a670b-6f05-41e5-b505-2b1a8d9f1f79: shutdown FollowerState
2019-10-21 22:01:37,834 [grpc-default-executor-3] INFO  impl.RoleInfo (RoleInfo.java:shutdownFollowerState(121)) - 756f57d6-6136-46f3-b5ea-af957dae1eda: shutdown FollowerState
2019-10-21 22:01:37,834 [grpc-default-executor-4] INFO  impl.RoleInfo (RoleInfo.java:updateAndGet(143)) - a36a670b-6f05-41e5-b505-2b1a8d9f1f79: start FollowerState
2019-10-21 22:01:37,834 [Thread-1258] INFO  impl.FollowerState (FollowerState.java:run(117)) - 756f57d6-6136-46f3-b5ea-af957dae1eda@group-129E33F6DE87-FollowerState was interrupted: java.lang.InterruptedException: sleep interrupted
2019-10-21 22:01:37,834 [grpc-default-executor-3] INFO  impl.RoleInfo (RoleInfo.java:updateAndGet(143)) - 756f57d6-6136-46f3-b5ea-af957dae1eda: start FollowerState
2019-10-21 22:01:37,834 [Thread-1259] INFO  impl.FollowerState (FollowerState.java:run(117)) - a36a670b-6f05-41e5-b505-2b1a8d9f1f79@group-129E33F6DE87-FollowerState was interrupted: java.lang.InterruptedException: sleep interrupted
2019-10-21 22:01:37,848 [d2d0250e-a378-4f8a-a4ff-ce07d96628f4@group-129E33F6DE87-LeaderElection118] INFO  impl.LeaderElection (LeaderElection.java:logAndReturn(56)) - d2d0250e-a378-4f8a-a4ff-ce07d96628f4@group-129E33F6DE87-LeaderElection118: Election REJECTED; received 2 response(s) [d2d0250e-a378-4f8a-a4ff-ce07d96628f4<-756f57d6-6136-46f3-b5ea-af957dae1eda#0:FAIL-t101, d2d0250e-a378-4f8a-a4ff-ce07d96628f4<-a36a670b-6f05-41e5-b505-2b1a8d9f1f79#0:FAIL-t101] and 0 exception(s); d2d0250e-a378-4f8a-a4ff-ce07d96628f4@group-129E33F6DE87:t101, leader=null, voted=d2d0250e-a378-4f8a-a4ff-ce07d96628f4, raftlog=d2d0250e-a378-4f8a-a4ff-ce07d96628f4@group-129E33F6DE87-SegmentedRaftLog:OPENED:c-1,f-1,i0, conf=-1: [756f57d6-6136-46f3-b5ea-af957dae1eda:192.168.34.8:33063, d2d0250e-a378-4f8a-a4ff-ce07d96628f4:192.168.34.8:43170, a36a670b-6f05-41e5-b505-2b1a8d9f1f79:192.168.34.8:32869], old=null
2019-10-21 22:01:37,848 [d2d0250e-a378-4f8a-a4ff-ce07d96628f4@group-129E33F6DE87-LeaderElection118] INFO  impl.RaftServerImpl (RaftServerImpl.java:setRole(184)) - d2d0250e-a378-4f8a-a4ff-ce07d96628f4@group-129E33F6DE87: changes role from CANDIDATE to FOLLOWER at term 101 for DISCOVERED_A_NEW_TERM
2019-10-21 22:01:37,848 [d2d0250e-a378-4f8a-a4ff-ce07d96628f4@group-129E33F6DE87-LeaderElection118] INFO  impl.RoleInfo (RoleInfo.java:shutdownLeaderElection(134)) - d2d0250e-a378-4f8a-a4ff-ce07d96628f4: shutdown LeaderElection
2019-10-21 22:01:37,848 [d2d0250e-a378-4f8a-a4ff-ce07d96628f4@group-129E33F6DE87-LeaderElection118] INFO  impl.RoleInfo (RoleInfo.java:updateAndGet(143)) - d2d0250e-a378-4f8a-a4ff-ce07d96628f4: start FollowerState
2019-10-21 22:01:37,999 [Thread-1268] INFO  impl.FollowerState (FollowerState.java:run(108)) - d2d0250e-a378-4f8a-a4ff-ce07d96628f4@group-129E33F6DE87-FollowerState: change to CANDIDATE, lastRpcTime:150ms, electionTimeout:150ms
2019-10-21 22:01:37,999 [Thread-1268] INFO  impl.RoleInfo (RoleInfo.java:shutdownFollowerState(121)) - d2d0250e-a378-4f8a-a4ff-ce07d96628f4: shutdown FollowerState
2019-10-21 22:01:37,999 [Thread-1268] INFO  impl.RaftServerImpl (RaftServerImpl.java:setRole(184)) - d2d0250e-a378-4f8a-a4ff-ce07d96628f4@group-129E33F6DE87: changes role from  FOLLOWER to CANDIDATE at term 101 for changeToCandidate
2019-10-21 22:01:38,000 [Thread-1268] INFO  impl.RoleInfo (RoleInfo.java:updateAndGet(143)) - d2d0250e-a378-4f8a-a4ff-ce07d96628f4: start LeaderElection
2019-10-21 22:01:38,013 [d2d0250e-a378-4f8a-a4ff-ce07d96628f4@group-129E33F6DE87-LeaderElection119] INFO  impl.LeaderElection (LeaderElection.java:askForVotes(178)) - d2d0250e-a378-4f8a-a4ff-ce07d96628f4@group-129E33F6DE87-LeaderElection119: begin an election at term 102 for -1: [756f57d6-6136-46f3-b5ea-af957dae1eda:192.168.34.8:33063, d2d0250e-a378-4f8a-a4ff-ce07d96628f4:192.168.34.8:43170, a36a670b-6f05-41e5-b505-2b1a8d9f1f79:192.168.34.8:32869], old=null
2019-10-21 22:01:38,016 [grpc-default-executor-3] INFO  impl.RaftServerImpl (RaftServerImpl.java:setRole(184)) - a36a670b-6f05-41e5-b505-2b1a8d9f1f79@group-129E33F6DE87: changes role from  FOLLOWER to FOLLOWER at term 102 for recognizeCandidate:d2d0250e-a378-4f8a-a4ff-ce07d96628f4
2019-10-21 22:01:38,016 [grpc-default-executor-4] INFO  impl.RaftServerImpl (RaftServerImpl.java:setRole(184)) - 756f57d6-6136-46f3-b5ea-af957dae1eda@group-129E33F6DE87: changes role from  FOLLOWER to FOLLOWER at term 102 for recognizeCandidate:d2d0250e-a378-4f8a-a4ff-ce07d96628f4
2019-10-21 22:01:38,016 [grpc-default-executor-3] INFO  impl.RoleInfo (RoleInfo.java:shutdownFollowerState(121)) - a36a670b-6f05-41e5-b505-2b1a8d9f1f79: shutdown FollowerState
2019-10-21 22:01:38,017 [grpc-default-executor-4] INFO  impl.RoleInfo (RoleInfo.java:shutdownFollowerState(121)) - 756f57d6-6136-46f3-b5ea-af957dae1eda: shutdown FollowerState
2019-10-21 22:01:38,017 [grpc-default-executor-3] INFO  impl.RoleInfo (RoleInfo.java:updateAndGet(143)) - a36a670b-6f05-41e5-b505-2b1a8d9f1f79: start FollowerState
2019-10-21 22:01:38,017 [Thread-1266] INFO  impl.FollowerState (FollowerState.java:run(117)) - a36a670b-6f05-41e5-b505-2b1a8d9f1f79@group-129E33F6DE87-FollowerState was interrupted: java.lang.InterruptedException: sleep interrupted
2019-10-21 22:01:38,017 [Thread-1267] INFO  impl.FollowerState (FollowerState.java:run(117)) - 756f57d6-6136-46f3-b5ea-af957dae1eda@group-129E33F6DE87-FollowerState was interrupted: java.lang.InterruptedException: sleep interrupted
2019-10-21 22:01:38,017 [grpc-default-executor-4] INFO  impl.RoleInfo (RoleInfo.java:updateAndGet(143)) - 756f57d6-6136-46f3-b5ea-af957dae1eda: start FollowerState
2019-10-21 22:01:38,018 [d2d0250e-a378-4f8a-a4ff-ce07d96628f4@group-129E33F6DE87-LeaderElection119] INFO  impl.LeaderElection (LeaderElection.java:logAndReturn(56)) - d2d0250e-a378-4f8a-a4ff-ce07d96628f4@group-129E33F6DE87-LeaderElection119: Election TIMEOUT; received 0 response(s) [] and 0 exception(s); d2d0250e-a378-4f8a-a4ff-ce07d96628f4@group-129E33F6DE87:t102, leader=null, voted=d2d0250e-a378-4f8a-a4ff-ce07d96628f4, raftlog=d2d0250e-a378-4f8a-a4ff-ce07d96628f4@group-129E33F6DE87-SegmentedRaftLog:OPENED:c-1,f-1,i0, conf=-1: [756f57d6-6136-46f3-b5ea-af957dae1eda:192.168.34.8:33063, d2d0250e-a378-4f8a-a4ff-ce07d96628f4:192.168.34.8:43170, a36a670b-6f05-41e5-b505-2b1a8d9f1f79:192.168.34.8:32869], old=null
2019-10-21 22:01:38,030 [d2d0250e-a378-4f8a-a4ff-ce07d96628f4@group-129E33F6DE87-LeaderElection119] INFO  impl.LeaderElection (LeaderElection.java:askForVotes(178)) - d2d0250e-a378-4f8a-a4ff-ce07d96628f4@group-129E33F6DE87-LeaderElection119: begin an election at term 103 for -1: [756f57d6-6136-46f3-b5ea-af957dae1eda:192.168.34.8:33063, d2d0250e-a378-4f8a-a4ff-ce07d96628f4:192.168.34.8:43170, a36a670b-6f05-41e5-b505-2b1a8d9f1f79:192.168.34.8:32869], old=null
2019-10-21 22:01:38,032 [grpc-default-executor-4] INFO  impl.RaftServerImpl (RaftServerImpl.java:setRole(184)) - 756f57d6-6136-46f3-b5ea-af957dae1eda@group-129E33F6DE87: changes role from  FOLLOWER to FOLLOWER at term 103 for recognizeCandidate:d2d0250e-a378-4f8a-a4ff-ce07d96628f4
2019-10-21 22:01:38,032 [grpc-default-executor-4] INFO  impl.RoleInfo (RoleInfo.java:shutdownFollowerState(121)) - 756f57d6-6136-46f3-b5ea-af957dae1eda: shutdown FollowerState
2019-10-21 22:01:38,033 [grpc-default-executor-4] INFO  impl.RoleInfo (RoleInfo.java:updateAndGet(143)) - 756f57d6-6136-46f3-b5ea-af957dae1eda: start FollowerState
2019-10-21 22:01:38,033 [Thread-1275] INFO  impl.FollowerState (FollowerState.java:run(117)) - 756f57d6-6136-46f3-b5ea-af957dae1eda@group-129E33F6DE87-FollowerState was interrupted: java.lang.InterruptedException: sleep interrupted
2019-10-21 22:01:38,033 [grpc-default-executor-3] INFO  impl.RaftServerImpl (RaftServerImpl.java:setRole(184)) - a36a670b-6f05-41e5-b505-2b1a8d9f1f79@group-129E33F6DE87: changes role from  FOLLOWER to FOLLOWER at term 103 for recognizeCandidate:d2d0250e-a378-4f8a-a4ff-ce07d96628f4
2019-10-21 22:01:38,033 [grpc-default-executor-3] INFO  impl.RoleInfo (RoleInfo.java:shutdownFollowerState(121)) - a36a670b-6f05-41e5-b505-2b1a8d9f1f79: shutdown FollowerState
2019-10-21 22:01:38,034 [grpc-default-executor-3] INFO  impl.RoleInfo (RoleInfo.java:updateAndGet(143)) - a36a670b-6f05-41e5-b505-2b1a8d9f1f79: start FollowerState
2019-10-21 22:01:38,034 [Thread-1274] INFO  impl.FollowerState (FollowerState.java:run(117)) - a36a670b-6f05-41e5-b505-2b1a8d9f1f79@group-129E33F6DE87-FollowerState was interrupted: java.lang.InterruptedException: sleep interrupted
2019-10-21 22:01:38,048 [d2d0250e-a378-4f8a-a4ff-ce07d96628f4@group-129E33F6DE87-LeaderElection119] INFO  impl.LeaderElection (LeaderElection.java:logAndReturn(56)) - d2d0250e-a378-4f8a-a4ff-ce07d96628f4@group-129E33F6DE87-LeaderElection119: Election REJECTED; received 2 response(s) [d2d0250e-a378-4f8a-a4ff-ce07d96628f4<-756f57d6-6136-46f3-b5ea-af957dae1eda#0:FAIL-t103, d2d0250e-a378-4f8a-a4ff-ce07d96628f4<-a36a670b-6f05-41e5-b505-2b1a8d9f1f79#0:FAIL-t103] and 0 exception(s); d2d0250e-a378-4f8a-a4ff-ce07d96628f4@group-129E33F6DE87:t103, leader=null, voted=d2d0250e-a378-4f8a-a4ff-ce07d96628f4, raftlog=d2d0250e-a378-4f8a-a4ff-ce07d96628f4@group-129E33F6DE87-SegmentedRaftLog:OPENED:c-1,f-1,i0, conf=-1: [756f57d6-6136-46f3-b5ea-af957dae1eda:192.168.34.8:33063, d2d0250e-a378-4f8a-a4ff-ce07d96628f4:192.168.34.8:43170, a36a670b-6f05-41e5-b505-2b1a8d9f1f79:192.168.34.8:32869], old=null
2019-10-21 22:01:38,048 [d2d0250e-a378-4f8a-a4ff-ce07d96628f4@group-129E33F6DE87-LeaderElection119] INFO  impl.RaftServerImpl (RaftServerImpl.java:setRole(184)) - d2d0250e-a378-4f8a-a4ff-ce07d96628f4@group-129E33F6DE87: changes role from CANDIDATE to FOLLOWER at term 103 for DISCOVERED_A_NEW_TERM
2019-10-21 22:01:38,048 [d2d0250e-a378-4f8a-a4ff-ce07d96628f4@group-129E33F6DE87-LeaderElection119] INFO  impl.RoleInfo (RoleInfo.java:shutdownLeaderElection(134)) - d2d0250e-a378-4f8a-a4ff-ce07d96628f4: shutdown LeaderElection
2019-10-21 22:01:38,048 [d2d0250e-a378-4f8a-a4ff-ce07d96628f4@group-129E33F6DE87-LeaderElection119] INFO  impl.RoleInfo (RoleInfo.java:updateAndGet(143)) - d2d0250e-a378-4f8a-a4ff-ce07d96628f4: start FollowerState
2019-10-21 22:01:38,091 [Thread-1280] INFO  impl.FollowerState (FollowerState.java:run(108)) - d2d0250e-a378-4f8a-a4ff-ce07d96628f4@group-129E33F6DE87-FollowerState: change to CANDIDATE, lastRpcTime:42ms, electionTimeout:42ms
2019-10-21 22:01:38,091 [Thread-1280] INFO  impl.RoleInfo (RoleInfo.java:shutdownFollowerState(121)) - d2d0250e-a378-4f8a-a4ff-ce07d96628f4: shutdown FollowerState
2019-10-21 22:01:38,091 [Thread-1280] INFO  impl.RaftServerImpl (RaftServerImpl.java:setRole(184)) - d2d0250e-a378-4f8a-a4ff-ce07d96628f4@group-129E33F6DE87: changes role from  FOLLOWER to CANDIDATE at term 103 for changeToCandidate
2019-10-21 22:01:38,091 [Thread-1280] INFO  impl.RoleInfo (RoleInfo.java:updateAndGet(143)) - d2d0250e-a378-4f8a-a4ff-ce07d96628f4: start LeaderElection
2019-10-21 22:01:38,106 [d2d0250e-a378-4f8a-a4ff-ce07d96628f4@group-129E33F6DE87-LeaderElection120] INFO  impl.LeaderElection (LeaderElection.java:askForVotes(178)) - d2d0250e-a378-4f8a-a4ff-ce07d96628f4@group-129E33F6DE87-LeaderElection120: begin an election at term 104 for -1: [756f57d6-6136-46f3-b5ea-af957dae1eda:192.168.34.8:33063, d2d0250e-a378-4f8a-a4ff-ce07d96628f4:192.168.34.8:43170, a36a670b-6f05-41e5-b505-2b1a8d9f1f79:192.168.34.8:32869], old=null
2019-10-21 22:01:38,109 [grpc-default-executor-3] INFO  impl.RaftServerImpl (RaftServerImpl.java:setRole(184)) - a36a670b-6f05-41e5-b505-2b1a8d9f1f79@group-129E33F6DE87: changes role from  FOLLOWER to FOLLOWER at term 104 for recognizeCandidate:d2d0250e-a378-4f8a-a4ff-ce07d96628f4
2019-10-21 22:01:38,109 [grpc-default-executor-3] INFO  impl.RoleInfo (RoleInfo.java:shutdownFollowerState(121)) - a36a670b-6f05-41e5-b505-2b1a8d9f1f79: shutdown FollowerState
2019-10-21 22:01:38,109 [grpc-default-executor-3] INFO  impl.RoleInfo (RoleInfo.java:updateAndGet(143)) - a36a670b-6f05-41e5-b505-2b1a8d9f1f79: start FollowerState
2019-10-21 22:01:38,110 [Thread-1279] INFO  impl.FollowerState (FollowerState.java:run(117)) - a36a670b-6f05-41e5-b505-2b1a8d9f1f79@group-129E33F6DE87-FollowerState was interrupted: java.lang.InterruptedException: sleep interrupted
2019-10-21 22:01:38,110 [grpc-default-executor-4] INFO  impl.RaftServerImpl (RaftServerImpl.java:setRole(184)) - 756f57d6-6136-46f3-b5ea-af957dae1eda@group-129E33F6DE87: changes role from  FOLLOWER to FOLLOWER at term 104 for recognizeCandidate:d2d0250e-a378-4f8a-a4ff-ce07d96628f4
2019-10-21 22:01:38,110 [grpc-default-executor-4] INFO  impl.RoleInfo (RoleInfo.java:shutdownFollowerState(121)) - 756f57d6-6136-46f3-b5ea-af957dae1eda: shutdown FollowerState
2019-10-21 22:01:38,110 [grpc-default-executor-4] INFO  impl.RoleInfo (RoleInfo.java:updateAndGet(143)) - 756f57d6-6136-46f3-b5ea-af957dae1eda: start FollowerState
2019-10-21 22:01:38,110 [Thread-1278] INFO  impl.FollowerState (FollowerState.java:run(117)) - 756f57d6-6136-46f3-b5ea-af957dae1eda@group-129E33F6DE87-FollowerState was interrupted: java.lang.InterruptedException: sleep interrupted
2019-10-21 22:01:38,124 [d2d0250e-a378-4f8a-a4ff-ce07d96628f4@group-129E33F6DE87-LeaderElection120] INFO  impl.LeaderElection (LeaderElection.java:logAndReturn(56)) - d2d0250e-a378-4f8a-a4ff-ce07d96628f4@group-129E33F6DE87-LeaderElection120: Election REJECTED; received 2 response(s) [d2d0250e-a378-4f8a-a4ff-ce07d96628f4<-756f57d6-6136-46f3-b5ea-af957dae1eda#0:FAIL-t104, d2d0250e-a378-4f8a-a4ff-ce07d96628f4<-a36a670b-6f05-41e5-b505-2b1a8d9f1f79#0:FAIL-t104] and 0 exception(s); d2d0250e-a378-4f8a-a4ff-ce07d96628f4@group-129E33F6DE87:t104, leader=null, voted=d2d0250e-a378-4f8a-a4ff-ce07d96628f4, raftlog=d2d0250e-a378-4f8a-a4ff-ce07d96628f4@group-129E33F6DE87-SegmentedRaftLog:OPENED:c-1,f-1,i0, conf=-1: [756f57d6-6136-46f3-b5ea-af957dae1eda:192.168.34.8:33063, d2d0250e-a378-4f8a-a4ff-ce07d96628f4:192.168.34.8:43170, a36a670b-6f05-41e5-b505-2b1a8d9f1f79:192.168.34.8:32869], old=null
2019-10-21 22:01:38,124 [d2d0250e-a378-4f8a-a4ff-ce07d96628f4@group-129E33F6DE87-LeaderElection120] INFO  impl.RaftServerImpl (RaftServerImpl.java:setRole(184)) - d2d0250e-a378-4f8a-a4ff-ce07d96628f4@group-129E33F6DE87: changes role from CANDIDATE to FOLLOWER at term 104 for DISCOVERED_A_NEW_TERM
2019-10-21 22:01:38,124 [d2d0250e-a378-4f8a-a4ff-ce07d96628f4@group-129E33F6DE87-LeaderElection120] INFO  impl.RoleInfo (RoleInfo.java:shutdownLeaderElection(134)) - d2d0250e-a378-4f8a-a4ff-ce07d96628f4: shutdown LeaderElection
2019-10-21 22:01:38,124 [d2d0250e-a378-4f8a-a4ff-ce07d96628f4@group-129E33F6DE87-LeaderElection120] INFO  impl.RoleInfo (RoleInfo.java:updateAndGet(143)) - d2d0250e-a378-4f8a-a4ff-ce07d96628f4: start FollowerState
2019-10-21 22:01:38,233 [Thread-1286] INFO  impl.FollowerState (FollowerState.java:run(108)) - d2d0250e-a378-4f8a-a4ff-ce07d96628f4@group-129E33F6DE87-FollowerState: change to CANDIDATE, lastRpcTime:108ms, electionTimeout:108ms
2019-10-21 22:01:38,233 [Thread-1286] INFO  impl.RoleInfo (RoleInfo.java:shutdownFollowerState(121)) - d2d0250e-a378-4f8a-a4ff-ce07d96628f4: shutdown FollowerState
2019-10-21 22:01:38,233 [Thread-1286] INFO  impl.RaftServerImpl (RaftServerImpl.java:setRole(184)) - d2d0250e-a378-4f8a-a4ff-ce07d96628f4@group-129E33F6DE87: changes role from  FOLLOWER to CANDIDATE at term 104 for changeToCandidate
2019-10-21 22:01:38,234 [Thread-1286] INFO  impl.RoleInfo (RoleInfo.java:updateAndGet(143)) - d2d0250e-a378-4f8a-a4ff-ce07d96628f4: start LeaderElection
2019-10-21 22:01:38,248 [d2d0250e-a378-4f8a-a4ff-ce07d96628f4@group-129E33F6DE87-LeaderElection121] INFO  impl.LeaderElection (LeaderElection.java:askForVotes(178)) - d2d0250e-a378-4f8a-a4ff-ce07d96628f4@group-129E33F6DE87-LeaderElection121: begin an election at term 105 for -1: [756f57d6-6136-46f3-b5ea-af957dae1eda:192.168.34.8:33063, d2d0250e-a378-4f8a-a4ff-ce07d96628f4:192.168.34.8:43170, a36a670b-6f05-41e5-b505-2b1a8d9f1f79:192.168.34.8:32869], old=null
2019-10-21 22:01:38,251 [grpc-default-executor-3] INFO  impl.RaftServerImpl (RaftServerImpl.java:setRole(184)) - 756f57d6-6136-46f3-b5ea-af957dae1eda@group-129E33F6DE87: changes role from  FOLLOWER to FOLLOWER at term 105 for recognizeCandidate:d2d0250e-a378-4f8a-a4ff-ce07d96628f4
2019-10-21 22:01:38,251 [grpc-default-executor-3] INFO  impl.RoleInfo (RoleInfo.java:shutdownFollowerState(121)) - 756f57d6-6136-46f3-b5ea-af957dae1eda: shutdown FollowerState
2019-10-21 22:01:38,251 [grpc-default-executor-3] INFO  impl.RoleInfo (RoleInfo.java:updateAndGet(143)) - 756f57d6-6136-46f3-b5ea-af957dae1eda: start FollowerState
2019-10-21 22:01:38,251 [Thread-1285] INFO  impl.FollowerState (FollowerState.java:run(117)) - 756f57d6-6136-46f3-b5ea-af957dae1eda@group-129E33F6DE87-FollowerState was interrupted: java.lang.InterruptedException: sleep interrupted
2019-10-21 22:01:38,252 [grpc-default-executor-4] INFO  impl.RaftServerImpl (RaftServerImpl.java:setRole(184)) - a36a670b-6f05-41e5-b505-2b1a8d9f1f79@group-129E33F6DE87: changes role from  FOLLOWER to FOLLOWER at term 105 for recognizeCandidate:d2d0250e-a378-4f8a-a4ff-ce07d96628f4
2019-10-21 22:01:38,252 [grpc-default-executor-4] INFO  impl.RoleInfo (RoleInfo.java:shutdownFollowerState(121)) - a36a670b-6f05-41e5-b505-2b1a8d9f1f79: shutdown FollowerState
2019-10-21 22:01:38,252 [grpc-default-executor-4] INFO  impl.RoleInfo (RoleInfo.java:updateAndGet(143)) - a36a670b-6f05-41e5-b505-2b1a8d9f1f79: start FollowerState
2019-10-21 22:01:38,252 [Thread-1284] INFO  impl.FollowerState (FollowerState.java:run(117)) - a36a670b-6f05-41e5-b505-2b1a8d9f1f79@group-129E33F6DE87-FollowerState was interrupted: java.lang.InterruptedException: sleep interrupted
2019-10-21 22:01:38,266 [d2d0250e-a378-4f8a-a4ff-ce07d96628f4@group-129E33F6DE87-LeaderElection121] INFO  impl.LeaderElection (LeaderElection.java:logAndReturn(56)) - d2d0250e-a378-4f8a-a4ff-ce07d96628f4@group-129E33F6DE87-LeaderElection121: Election REJECTED; received 2 response(s) [d2d0250e-a378-4f8a-a4ff-ce07d96628f4<-756f57d6-6136-46f3-b5ea-af957dae1eda#0:FAIL-t105, d2d0250e-a378-4f8a-a4ff-ce07d96628f4<-a36a670b-6f05-41e5-b505-2b1a8d9f1f79#0:FAIL-t105] and 0 exception(s); d2d0250e-a378-4f8a-a4ff-ce07d96628f4@group-129E33F6DE87:t105, leader=null, voted=d2d0250e-a378-4f8a-a4ff-ce07d96628f4, raftlog=d2d0250e-a378-4f8a-a4ff-ce07d96628f4@group-129E33F6DE87-SegmentedRaftLog:OPENED:c-1,f-1,i0, conf=-1: [756f57d6-6136-46f3-b5ea-af957dae1eda:192.168.34.8:33063, d2d0250e-a378-4f8a-a4ff-ce07d96628f4:192.168.34.8:43170, a36a670b-6f05-41e5-b505-2b1a8d9f1f79:192.168.34.8:32869], old=null
2019-10-21 22:01:38,266 [d2d0250e-a378-4f8a-a4ff-ce07d96628f4@group-129E33F6DE87-LeaderElection121] INFO  impl.RaftServerImpl (RaftServerImpl.java:setRole(184)) - d2d0250e-a378-4f8a-a4ff-ce07d96628f4@group-129E33F6DE87: changes role from CANDIDATE to FOLLOWER at term 105 for DISCOVERED_A_NEW_TERM
2019-10-21 22:01:38,267 [d2d0250e-a378-4f8a-a4ff-ce07d96628f4@group-129E33F6DE87-LeaderElection121] INFO  impl.RoleInfo (RoleInfo.java:shutdownLeaderElection(134)) - d2d0250e-a378-4f8a-a4ff-ce07d96628f4: shutdown LeaderElection
2019-10-21 22:01:38,267 [d2d0250e-a378-4f8a-a4ff-ce07d96628f4@group-129E33F6DE87-LeaderElection121] INFO  impl.RoleInfo (RoleInfo.java:updateAndGet(143)) - d2d0250e-a378-4f8a-a4ff-ce07d96628f4: start FollowerState
2019-10-21 22:01:38,309 [Thread-1292] INFO  impl.FollowerState (FollowerState.java:run(108)) - d2d0250e-a378-4f8a-a4ff-ce07d96628f4@group-129E33F6DE87-FollowerState: change to CANDIDATE, lastRpcTime:42ms, electionTimeout:42ms
2019-10-21 22:01:38,309 [Thread-1292] INFO  impl.RoleInfo (RoleInfo.java:shutdownFollowerState(121)) - d2d0250e-a378-4f8a-a4ff-ce07d96628f4: shutdown FollowerState
2019-10-21 22:01:38,310 [Thread-1292] INFO  impl.RaftServerImpl (RaftServerImpl.java:setRole(184)) - d2d0250e-a378-4f8a-a4ff-ce07d96628f4@group-129E33F6DE87: changes role from  FOLLOWER to CANDIDATE at term 105 for changeToCandidate
2019-10-21 22:01:38,310 [Thread-1292] INFO  impl.RoleInfo (RoleInfo.java:updateAndGet(143)) - d2d0250e-a378-4f8a-a4ff-ce07d96628f4: start LeaderElection
2019-10-21 22:01:38,324 [d2d0250e-a378-4f8a-a4ff-ce07d96628f4@group-129E33F6DE87-LeaderElection122] INFO  impl.LeaderElection (LeaderElection.java:askForVotes(178)) - d2d0250e-a378-4f8a-a4ff-ce07d96628f4@group-129E33F6DE87-LeaderElection122: begin an election at term 106 for -1: [756f57d6-6136-46f3-b5ea-af957dae1eda:192.168.34.8:33063, d2d0250e-a378-4f8a-a4ff-ce07d96628f4:192.168.34.8:43170, a36a670b-6f05-41e5-b505-2b1a8d9f1f79:192.168.34.8:32869], old=null
2019-10-21 22:01:38,326 [d2d0250e-a378-4f8a-a4ff-ce07d96628f4@group-129E33F6DE87-LeaderElection122] INFO  impl.LeaderElection (LeaderElection.java:logAndReturn(56)) - d2d0250e-a378-4f8a-a4ff-ce07d96628f4@group-129E33F6DE87-LeaderElection122: Election TIMEOUT; received 0 response(s) [] and 0 exception(s); d2d0250e-a378-4f8a-a4ff-ce07d96628f4@group-129E33F6DE87:t106, leader=null, voted=d2d0250e-a378-4f8a-a4ff-ce07d96628f4, raftlog=d2d0250e-a378-4f8a-a4ff-ce07d96628f4@group-129E33F6DE87-SegmentedRaftLog:OPENED:c-1,f-1,i0, conf=-1: [756f57d6-6136-46f3-b5ea-af957dae1eda:192.168.34.8:33063, d2d0250e-a378-4f8a-a4ff-ce07d96628f4:192.168.34.8:43170, a36a670b-6f05-41e5-b505-2b1a8d9f1f79:192.168.34.8:32869], old=null
2019-10-21 22:01:38,327 [grpc-default-executor-3] INFO  impl.RaftServerImpl (RaftServerImpl.java:setRole(184)) - 756f57d6-6136-46f3-b5ea-af957dae1eda@group-129E33F6DE87: changes role from  FOLLOWER to FOLLOWER at term 106 for recognizeCandidate:d2d0250e-a378-4f8a-a4ff-ce07d96628f4
2019-10-21 22:01:38,327 [grpc-default-executor-3] INFO  impl.RoleInfo (RoleInfo.java:shutdownFollowerState(121)) - 756f57d6-6136-46f3-b5ea-af957dae1eda: shutdown FollowerState
2019-10-21 22:01:38,327 [grpc-default-executor-3] INFO  impl.RoleInfo (RoleInfo.java:updateAndGet(143)) - 756f57d6-6136-46f3-b5ea-af957dae1eda: start FollowerState
2019-10-21 22:01:38,327 [Thread-1290] INFO  impl.FollowerState (FollowerState.java:run(117)) - 756f57d6-6136-46f3-b5ea-af957dae1eda@group-129E33F6DE87-FollowerState was interrupted: java.lang.InterruptedException: sleep interrupted
2019-10-21 22:01:38,328 [grpc-default-executor-4] INFO  impl.RaftServerImpl (RaftServerImpl.java:setRole(184)) - a36a670b-6f05-41e5-b505-2b1a8d9f1f79@group-129E33F6DE87: changes role from  FOLLOWER to FOLLOWER at term 106 for recognizeCandidate:d2d0250e-a378-4f8a-a4ff-ce07d96628f4
2019-10-21 22:01:38,328 [grpc-default-executor-4] INFO  impl.RoleInfo (RoleInfo.java:shutdownFollowerState(121)) - a36a670b-6f05-41e5-b505-2b1a8d9f1f79: shutdown FollowerState
2019-10-21 22:01:38,328 [grpc-default-executor-4] INFO  impl.RoleInfo (RoleInfo.java:updateAndGet(143)) - a36a670b-6f05-41e5-b505-2b1a8d9f1f79: start FollowerState
2019-10-21 22:01:38,328 [Thread-1291] INFO  impl.FollowerState (FollowerState.java:run(117)) - a36a670b-6f05-41e5-b505-2b1a8d9f1f79@group-129E33F6DE87-FollowerState was interrupted: java.lang.InterruptedException: sleep interrupted
2019-10-21 22:01:38,341 [d2d0250e-a378-4f8a-a4ff-ce07d96628f4@group-129E33F6DE87-LeaderElection122] INFO  impl.LeaderElection (LeaderElection.java:askForVotes(178)) - d2d0250e-a378-4f8a-a4ff-ce07d96628f4@group-129E33F6DE87-LeaderElection122: begin an election at term 107 for -1: [756f57d6-6136-46f3-b5ea-af957dae1eda:192.168.34.8:33063, d2d0250e-a378-4f8a-a4ff-ce07d96628f4:192.168.34.8:43170, a36a670b-6f05-41e5-b505-2b1a8d9f1f79:192.168.34.8:32869], old=null
2019-10-21 22:01:38,343 [grpc-default-executor-4] INFO  impl.RaftServerImpl (RaftServerImpl.java:setRole(184)) - a36a670b-6f05-41e5-b505-2b1a8d9f1f79@group-129E33F6DE87: changes role from  FOLLOWER to FOLLOWER at term 107 for recognizeCandidate:d2d0250e-a378-4f8a-a4ff-ce07d96628f4
2019-10-21 22:01:38,344 [grpc-default-executor-4] INFO  impl.RoleInfo (RoleInfo.java:shutdownFollowerState(121)) - a36a670b-6f05-41e5-b505-2b1a8d9f1f79: shutdown FollowerState
2019-10-21 22:01:38,344 [grpc-default-executor-4] INFO  impl.RoleInfo (RoleInfo.java:updateAndGet(143)) - a36a670b-6f05-41e5-b505-2b1a8d9f1f79: start FollowerState
2019-10-21 22:01:38,344 [grpc-default-executor-3] INFO  impl.RaftServerImpl (RaftServerImpl.java:setRole(184)) - 756f57d6-6136-46f3-b5ea-af957dae1eda@group-129E33F6DE87: changes role from  FOLLOWER to FOLLOWER at term 107 for recognizeCandidate:d2d0250e-a378-4f8a-a4ff-ce07d96628f4
2019-10-21 22:01:38,344 [grpc-default-executor-3] INFO  impl.RoleInfo (RoleInfo.java:shutdownFollowerState(121)) - 756f57d6-6136-46f3-b5ea-af957dae1eda: shutdown FollowerState
2019-10-21 22:01:38,344 [Thread-1299] INFO  impl.FollowerState (FollowerState.java:run(117)) - a36a670b-6f05-41e5-b505-2b1a8d9f1f79@group-129E33F6DE87-FollowerState was interrupted: java.lang.InterruptedException: sleep interrupted
2019-10-21 22:01:38,344 [Thread-1298] INFO  impl.FollowerState (FollowerState.java:run(117)) - 756f57d6-6136-46f3-b5ea-af957dae1eda@group-129E33F6DE87-FollowerState was interrupted: java.lang.InterruptedException: sleep interrupted
2019-10-21 22:01:38,344 [grpc-default-executor-3] INFO  impl.RoleInfo (RoleInfo.java:updateAndGet(143)) - 756f57d6-6136-46f3-b5ea-af957dae1eda: start FollowerState
2019-10-21 22:01:38,359 [d2d0250e-a378-4f8a-a4ff-ce07d96628f4@group-129E33F6DE87-LeaderElection122] INFO  impl.LeaderElection (LeaderElection.java:logAndReturn(56)) - d2d0250e-a378-4f8a-a4ff-ce07d96628f4@group-129E33F6DE87-LeaderElection122: Election REJECTED; received 2 response(s) [d2d0250e-a378-4f8a-a4ff-ce07d96628f4<-756f57d6-6136-46f3-b5ea-af957dae1eda#0:FAIL-t107, d2d0250e-a378-4f8a-a4ff-ce07d96628f4<-a36a670b-6f05-41e5-b505-2b1a8d9f1f79#0:FAIL-t107] and 0 exception(s); d2d0250e-a378-4f8a-a4ff-ce07d96628f4@group-129E33F6DE87:t107, leader=null, voted=d2d0250e-a378-4f8a-a4ff-ce07d96628f4, raftlog=d2d0250e-a378-4f8a-a4ff-ce07d96628f4@group-129E33F6DE87-SegmentedRaftLog:OPENED:c-1,f-1,i0, conf=-1: [756f57d6-6136-46f3-b5ea-af957dae1eda:192.168.34.8:33063, d2d0250e-a378-4f8a-a4ff-ce07d96628f4:192.168.34.8:43170, a36a670b-6f05-41e5-b505-2b1a8d9f1f79:192.168.34.8:32869], old=null
2019-10-21 22:01:38,359 [d2d0250e-a378-4f8a-a4ff-ce07d96628f4@group-129E33F6DE87-LeaderElection122] INFO  impl.RaftServerImpl (RaftServerImpl.java:setRole(184)) - d2d0250e-a378-4f8a-a4ff-ce07d96628f4@group-129E33F6DE87: changes role from CANDIDATE to FOLLOWER at term 107 for DISCOVERED_A_NEW_TERM
2019-10-21 22:01:38,359 [d2d0250e-a378-4f8a-a4ff-ce07d96628f4@group-129E33F6DE87-LeaderElection122] INFO  impl.RoleInfo (RoleInfo.java:shutdownLeaderElection(134)) - d2d0250e-a378-4f8a-a4ff-ce07d96628f4: shutdown LeaderElection
2019-10-21 22:01:38,359 [d2d0250e-a378-4f8a-a4ff-ce07d96628f4@group-129E33F6DE87-LeaderElection122] INFO  impl.RoleInfo (RoleInfo.java:updateAndGet(143)) - d2d0250e-a378-4f8a-a4ff-ce07d96628f4: start FollowerState
2019-10-21 22:01:38,473 [Thread-1304] INFO  impl.FollowerState (FollowerState.java:run(108)) - d2d0250e-a378-4f8a-a4ff-ce07d96628f4@group-129E33F6DE87-FollowerState: change to CANDIDATE, lastRpcTime:113ms, electionTimeout:113ms
2019-10-21 22:01:38,473 [Thread-1304] INFO  impl.RoleInfo (RoleInfo.java:shutdownFollowerState(121)) - d2d0250e-a378-4f8a-a4ff-ce07d96628f4: shutdown FollowerState
2019-10-21 22:01:38,473 [Thread-1304] INFO  impl.RaftServerImpl (RaftServerImpl.java:setRole(184)) - d2d0250e-a378-4f8a-a4ff-ce07d96628f4@group-129E33F6DE87: changes role from  FOLLOWER to CANDIDATE at term 107 for changeToCandidate
2019-10-21 22:01:38,474 [Thread-1304] INFO  impl.RoleInfo (RoleInfo.java:updateAndGet(143)) - d2d0250e-a378-4f8a-a4ff-ce07d96628f4: start LeaderElection
2019-10-21 22:01:38,488 [d2d0250e-a378-4f8a-a4ff-ce07d96628f4@group-129E33F6DE87-LeaderElection123] INFO  impl.LeaderElection (LeaderElection.java:askForVotes(178)) - d2d0250e-a378-4f8a-a4ff-ce07d96628f4@group-129E33F6DE87-LeaderElection123: begin an election at term 108 for -1: [756f57d6-6136-46f3-b5ea-af957dae1eda:192.168.34.8:33063, d2d0250e-a378-4f8a-a4ff-ce07d96628f4:192.168.34.8:43170, a36a670b-6f05-41e5-b505-2b1a8d9f1f79:192.168.34.8:32869], old=null
2019-10-21 22:01:38,491 [grpc-default-executor-4] INFO  impl.RaftServerImpl (RaftServerImpl.java:setRole(184)) - 756f57d6-6136-46f3-b5ea-af957dae1eda@group-129E33F6DE87: changes role from  FOLLOWER to FOLLOWER at term 108 for recognizeCandidate:d2d0250e-a378-4f8a-a4ff-ce07d96628f4
2019-10-21 22:01:38,491 [grpc-default-executor-3] INFO  impl.RaftServerImpl (RaftServerImpl.java:setRole(184)) - a36a670b-6f05-41e5-b505-2b1a8d9f1f79@group-129E33F6DE87: changes role from  FOLLOWER to FOLLOWER at term 108 for recognizeCandidate:d2d0250e-a378-4f8a-a4ff-ce07d96628f4
2019-10-21 22:01:38,491 [grpc-default-executor-4] INFO  impl.RoleInfo (RoleInfo.java:shutdownFollowerState(121)) - 756f57d6-6136-46f3-b5ea-af957dae1eda: shutdown FollowerState
2019-10-21 22:01:38,491 [grpc-default-executor-3] INFO  impl.RoleInfo (RoleInfo.java:shutdownFollowerState(121)) - a36a670b-6f05-41e5-b505-2b1a8d9f1f79: shutdown FollowerState
2019-10-21 22:01:38,492 [Thread-1303] INFO  impl.FollowerState (FollowerState.java:run(117)) - 756f57d6-6136-46f3-b5ea-af957dae1eda@group-129E33F6DE87-FollowerState was interrupted: java.lang.InterruptedException: sleep interrupted
2019-10-21 22:01:38,492 [grpc-default-executor-4] INFO  impl.RoleInfo (RoleInfo.java:updateAndGet(143)) - 756f57d6-6136-46f3-b5ea-af957dae1eda: start FollowerState
2019-10-21 22:01:38,492 [Thread-1302] INFO  impl.FollowerState (FollowerState.java:run(117)) - a36a670b-6f05-41e5-b505-2b1a8d9f1f79@group-129E33F6DE87-FollowerState was interrupted: java.lang.InterruptedException: sleep interrupted
2019-10-21 22:01:38,492 [grpc-default-executor-3] INFO  impl.RoleInfo (RoleInfo.java:updateAndGet(143)) - a36a670b-6f05-41e5-b505-2b1a8d9f1f79: start FollowerState
2019-10-21 22:01:38,506 [d2d0250e-a378-4f8a-a4ff-ce07d96628f4@group-129E33F6DE87-LeaderElection123] INFO  impl.LeaderElection (LeaderElection.java:logAndReturn(56)) - d2d0250e-a378-4f8a-a4ff-ce07d96628f4@group-129E33F6DE87-LeaderElection123: Election REJECTED; received 2 response(s) [d2d0250e-a378-4f8a-a4ff-ce07d96628f4<-756f57d6-6136-46f3-b5ea-af957dae1eda#0:FAIL-t108, d2d0250e-a378-4f8a-a4ff-ce07d96628f4<-a36a670b-6f05-41e5-b505-2b1a8d9f1f79#0:FAIL-t108] and 0 exception(s); d2d0250e-a378-4f8a-a4ff-ce07d96628f4@group-129E33F6DE87:t108, leader=null, voted=d2d0250e-a378-4f8a-a4ff-ce07d96628f4, raftlog=d2d0250e-a378-4f8a-a4ff-ce07d96628f4@group-129E33F6DE87-SegmentedRaftLog:OPENED:c-1,f-1,i0, conf=-1: [756f57d6-6136-46f3-b5ea-af957dae1eda:192.168.34.8:33063, d2d0250e-a378-4f8a-a4ff-ce07d96628f4:192.168.34.8:43170, a36a670b-6f05-41e5-b505-2b1a8d9f1f79:192.168.34.8:32869], old=null
2019-10-21 22:01:38,506 [d2d0250e-a378-4f8a-a4ff-ce07d96628f4@group-129E33F6DE87-LeaderElection123] INFO  impl.RaftServerImpl (RaftServerImpl.java:setRole(184)) - d2d0250e-a378-4f8a-a4ff-ce07d96628f4@group-129E33F6DE87: changes role from CANDIDATE to FOLLOWER at term 108 for DISCOVERED_A_NEW_TERM
2019-10-21 22:01:38,506 [d2d0250e-a378-4f8a-a4ff-ce07d96628f4@group-129E33F6DE87-LeaderElection123] INFO  impl.RoleInfo (RoleInfo.java:shutdownLeaderElection(134)) - d2d0250e-a378-4f8a-a4ff-ce07d96628f4: shutdown LeaderElection
2019-10-21 22:01:38,506 [d2d0250e-a378-4f8a-a4ff-ce07d96628f4@group-129E33F6DE87-LeaderElection123] INFO  impl.RoleInfo (RoleInfo.java:updateAndGet(143)) - d2d0250e-a378-4f8a-a4ff-ce07d96628f4: start FollowerState
2019-10-21 22:01:38,636 [Thread-1312] INFO  impl.FollowerState (FollowerState.java:run(108)) - d2d0250e-a378-4f8a-a4ff-ce07d96628f4@group-129E33F6DE87-FollowerState: change to CANDIDATE, lastRpcTime:129ms, electionTimeout:129ms
2019-10-21 22:01:38,636 [Thread-1312] INFO  impl.RoleInfo (RoleInfo.java:shutdownFollowerState(121)) - d2d0250e-a378-4f8a-a4ff-ce07d96628f4: shutdown FollowerState
2019-10-21 22:01:38,636 [Thread-1312] INFO  impl.RaftServerImpl (RaftServerImpl.java:setRole(184)) - d2d0250e-a378-4f8a-a4ff-ce07d96628f4@group-129E33F6DE87: changes role from  FOLLOWER to CANDIDATE at term 108 for changeToCandidate
2019-10-21 22:01:38,636 [Thread-1312] INFO  impl.RoleInfo (RoleInfo.java:updateAndGet(143)) - d2d0250e-a378-4f8a-a4ff-ce07d96628f4: start LeaderElection
2019-10-21 22:01:38,650 [d2d0250e-a378-4f8a-a4ff-ce07d96628f4@group-129E33F6DE87-LeaderElection124] INFO  impl.LeaderElection (LeaderElection.java:askForVotes(178)) - d2d0250e-a378-4f8a-a4ff-ce07d96628f4@group-129E33F6DE87-LeaderElection124: begin an election at term 109 for -1: [756f57d6-6136-46f3-b5ea-af957dae1eda:192.168.34.8:33063, d2d0250e-a378-4f8a-a4ff-ce07d96628f4:192.168.34.8:43170, a36a670b-6f05-41e5-b505-2b1a8d9f1f79:192.168.34.8:32869], old=null
2019-10-21 22:01:38,653 [grpc-default-executor-4] INFO  impl.RaftServerImpl (RaftServerImpl.java:setRole(184)) - 756f57d6-6136-46f3-b5ea-af957dae1eda@group-129E33F6DE87: changes role from  FOLLOWER to FOLLOWER at term 109 for recognizeCandidate:d2d0250e-a378-4f8a-a4ff-ce07d96628f4
2019-10-21 22:01:38,653 [grpc-default-executor-3] INFO  impl.RaftServerImpl (RaftServerImpl.java:setRole(184)) - a36a670b-6f05-41e5-b505-2b1a8d9f1f79@group-129E33F6DE87: changes role from  FOLLOWER to FOLLOWER at term 109 for recognizeCandidate:d2d0250e-a378-4f8a-a4ff-ce07d96628f4
2019-10-21 22:01:38,653 [grpc-default-executor-3] INFO  impl.RoleInfo (RoleInfo.java:shutdownFollowerState(121)) - a36a670b-6f05-41e5-b505-2b1a8d9f1f79: shutdown FollowerState
2019-10-21 22:01:38,653 [grpc-default-executor-4] INFO  impl.RoleInfo (RoleInfo.java:shutdownFollowerState(121)) - 756f57d6-6136-46f3-b5ea-af957dae1eda: shutdown FollowerState
2019-10-21 22:01:38,653 [Thread-1311] INFO  impl.FollowerState (FollowerState.java:run(117)) - a36a670b-6f05-41e5-b505-2b1a8d9f1f79@group-129E33F6DE87-FollowerState was interrupted: java.lang.InterruptedException: sleep interrupted
2019-10-21 22:01:38,653 [grpc-default-executor-3] INFO  impl.RoleInfo (RoleInfo.java:updateAndGet(143)) - a36a670b-6f05-41e5-b505-2b1a8d9f1f79: start FollowerState
2019-10-21 22:01:38,654 [Thread-1310] INFO  impl.FollowerState (FollowerState.java:run(117)) - 756f57d6-6136-46f3-b5ea-af957dae1eda@group-129E33F6DE87-FollowerState was interrupted: java.lang.InterruptedException: sleep interrupted
2019-10-21 22:01:38,654 [grpc-default-executor-4] INFO  impl.RoleInfo (RoleInfo.java:updateAndGet(143)) - 756f57d6-6136-46f3-b5ea-af957dae1eda: start FollowerState
2019-10-21 22:01:38,669 [d2d0250e-a378-4f8a-a4ff-ce07d96628f4@group-129E33F6DE87-LeaderElection124] INFO  impl.LeaderElection (LeaderElection.java:logAndReturn(56)) - d2d0250e-a378-4f8a-a4ff-ce07d96628f4@group-129E33F6DE87-LeaderElection124: Election REJECTED; received 2 response(s) [d2d0250e-a378-4f8a-a4ff-ce07d96628f4<-756f57d6-6136-46f3-b5ea-af957dae1eda#0:FAIL-t109, d2d0250e-a378-4f8a-a4ff-ce07d96628f4<-a36a670b-6f05-41e5-b505-2b1a8d9f1f79#0:FAIL-t109] and 0 exception(s); d2d0250e-a378-4f8a-a4ff-ce07d96628f4@group-129E33F6DE87:t109, leader=null, voted=d2d0250e-a378-4f8a-a4ff-ce07d96628f4, raftlog=d2d0250e-a378-4f8a-a4ff-ce07d96628f4@group-129E33F6DE87-SegmentedRaftLog:OPENED:c-1,f-1,i0, conf=-1: [756f57d6-6136-46f3-b5ea-af957dae1eda:192.168.34.8:33063, d2d0250e-a378-4f8a-a4ff-ce07d96628f4:192.168.34.8:43170, a36a670b-6f05-41e5-b505-2b1a8d9f1f79:192.168.34.8:32869], old=null
2019-10-21 22:01:38,669 [d2d0250e-a378-4f8a-a4ff-ce07d96628f4@group-129E33F6DE87-LeaderElection124] INFO  impl.RaftServerImpl (RaftServerImpl.java:setRole(184)) - d2d0250e-a378-4f8a-a4ff-ce07d96628f4@group-129E33F6DE87: changes role from CANDIDATE to FOLLOWER at term 109 for DISCOVERED_A_NEW_TERM
2019-10-21 22:01:38,669 [d2d0250e-a378-4f8a-a4ff-ce07d96628f4@group-129E33F6DE87-LeaderElection124] INFO  impl.RoleInfo (RoleInfo.java:shutdownLeaderElection(134)) - d2d0250e-a378-4f8a-a4ff-ce07d96628f4: shutdown LeaderElection
2019-10-21 22:01:38,669 [d2d0250e-a378-4f8a-a4ff-ce07d96628f4@group-129E33F6DE87-LeaderElection124] INFO  impl.RoleInfo (RoleInfo.java:updateAndGet(143)) - d2d0250e-a378-4f8a-a4ff-ce07d96628f4: start FollowerState
2019-10-21 22:01:38,699 [Thread-1318] INFO  impl.FollowerState (FollowerState.java:run(108)) - d2d0250e-a378-4f8a-a4ff-ce07d96628f4@group-129E33F6DE87-FollowerState: change to CANDIDATE, lastRpcTime:29ms, electionTimeout:29ms
2019-10-21 22:01:38,699 [Thread-1318] INFO  impl.RoleInfo (RoleInfo.java:shutdownFollowerState(121)) - d2d0250e-a378-4f8a-a4ff-ce07d96628f4: shutdown FollowerState
2019-10-21 22:01:38,699 [Thread-1318] INFO  impl.RaftServerImpl (RaftServerImpl.java:setRole(184)) - d2d0250e-a378-4f8a-a4ff-ce07d96628f4@group-129E33F6DE87: changes role from  FOLLOWER to CANDIDATE at term 109 for changeToCandidate
2019-10-21 22:01:38,699 [Thread-1318] INFO  impl.RoleInfo (RoleInfo.java:updateAndGet(143)) - d2d0250e-a378-4f8a-a4ff-ce07d96628f4: start LeaderElection
2019-10-21 22:01:38,712 [d2d0250e-a378-4f8a-a4ff-ce07d96628f4@group-129E33F6DE87-LeaderElection125] INFO  impl.LeaderElection (LeaderElection.java:askForVotes(178)) - d2d0250e-a378-4f8a-a4ff-ce07d96628f4@group-129E33F6DE87-LeaderElection125: begin an election at term 110 for -1: [756f57d6-6136-46f3-b5ea-af957dae1eda:192.168.34.8:33063, d2d0250e-a378-4f8a-a4ff-ce07d96628f4:192.168.34.8:43170, a36a670b-6f05-41e5-b505-2b1a8d9f1f79:192.168.34.8:32869], old=null
2019-10-21 22:01:38,714 [grpc-default-executor-4] INFO  impl.RaftServerImpl (RaftServerImpl.java:setRole(184)) - 756f57d6-6136-46f3-b5ea-af957dae1eda@group-129E33F6DE87: changes role from  FOLLOWER to FOLLOWER at term 110 for recognizeCandidate:d2d0250e-a378-4f8a-a4ff-ce07d96628f4
2019-10-21 22:01:38,714 [grpc-default-executor-3] INFO  impl.RaftServerImpl (RaftServerImpl.java:setRole(184)) - a36a670b-6f05-41e5-b505-2b1a8d9f1f79@group-129E33F6DE87: changes role from  FOLLOWER to FOLLOWER at term 110 for recognizeCandidate:d2d0250e-a378-4f8a-a4ff-ce07d96628f4
2019-10-21 22:01:38,714 [grpc-default-executor-4] INFO  impl.RoleInfo (RoleInfo.java:shutdownFollowerState(121)) - 756f57d6-6136-46f3-b5ea-af957dae1eda: shutdown FollowerState
2019-10-21 22:01:38,715 [grpc-default-executor-3] INFO  impl.RoleInfo (RoleInfo.java:shutdownFollowerState(121)) - a36a670b-6f05-41e5-b505-2b1a8d9f1f79: shutdown FollowerState
2019-10-21 22:01:38,715 [Thread-1317] INFO  impl.FollowerState (FollowerState.java:run(117)) - 756f57d6-6136-46f3-b5ea-af957dae1eda@group-129E33F6DE87-FollowerState was interrupted: java.lang.InterruptedException: sleep interrupted
2019-10-21 22:01:38,715 [grpc-default-executor-4] INFO  impl.RoleInfo (RoleInfo.java:updateAndGet(143)) - 756f57d6-6136-46f3-b5ea-af957dae1eda: start FollowerState
2019-10-21 22:01:38,715 [Thread-1316] INFO  impl.FollowerState (FollowerState.java:run(117)) - a36a670b-6f05-41e5-b505-2b1a8d9f1f79@group-129E33F6DE87-FollowerState was interrupted: java.lang.InterruptedException: sleep interrupted
2019-10-21 22:01:38,715 [grpc-default-executor-3] INFO  impl.RoleInfo (RoleInfo.java:updateAndGet(143)) - a36a670b-6f05-41e5-b505-2b1a8d9f1f79: start FollowerState
2019-10-21 22:01:38,730 [d2d0250e-a378-4f8a-a4ff-ce07d96628f4@group-129E33F6DE87-LeaderElection125] INFO  impl.LeaderElection (LeaderElection.java:logAndReturn(56)) - d2d0250e-a378-4f8a-a4ff-ce07d96628f4@group-129E33F6DE87-LeaderElection125: Election REJECTED; received 2 response(s) [d2d0250e-a378-4f8a-a4ff-ce07d96628f4<-756f57d6-6136-46f3-b5ea-af957dae1eda#0:FAIL-t110, d2d0250e-a378-4f8a-a4ff-ce07d96628f4<-a36a670b-6f05-41e5-b505-2b1a8d9f1f79#0:FAIL-t110] and 0 exception(s); d2d0250e-a378-4f8a-a4ff-ce07d96628f4@group-129E33F6DE87:t110, leader=null, voted=d2d0250e-a378-4f8a-a4ff-ce07d96628f4, raftlog=d2d0250e-a378-4f8a-a4ff-ce07d96628f4@group-129E33F6DE87-SegmentedRaftLog:OPENED:c-1,f-1,i0, conf=-1: [756f57d6-6136-46f3-b5ea-af957dae1eda:192.168.34.8:33063, d2d0250e-a378-4f8a-a4ff-ce07d96628f4:192.168.34.8:43170, a36a670b-6f05-41e5-b505-2b1a8d9f1f79:192.168.34.8:32869], old=null
2019-10-21 22:01:38,730 [d2d0250e-a378-4f8a-a4ff-ce07d96628f4@group-129E33F6DE87-LeaderElection125] INFO  impl.RaftServerImpl (RaftServerImpl.java:setRole(184)) - d2d0250e-a378-4f8a-a4ff-ce07d96628f4@group-129E33F6DE87: changes role from CANDIDATE to FOLLOWER at term 110 for DISCOVERED_A_NEW_TERM
2019-10-21 22:01:38,730 [d2d0250e-a378-4f8a-a4ff-ce07d96628f4@group-129E33F6DE87-LeaderElection125] INFO  impl.RoleInfo (RoleInfo.java:shutdownLeaderElection(134)) - d2d0250e-a378-4f8a-a4ff-ce07d96628f4: shutdown LeaderElection
2019-10-21 22:01:38,730 [d2d0250e-a378-4f8a-a4ff-ce07d96628f4@group-129E33F6DE87-LeaderElection125] INFO  impl.RoleInfo (RoleInfo.java:updateAndGet(143)) - d2d0250e-a378-4f8a-a4ff-ce07d96628f4: start FollowerState
2019-10-21 22:01:38,857 [Thread-1324] INFO  impl.FollowerState (FollowerState.java:run(108)) - d2d0250e-a378-4f8a-a4ff-ce07d96628f4@group-129E33F6DE87-FollowerState: change to CANDIDATE, lastRpcTime:126ms, electionTimeout:126ms
2019-10-21 22:01:38,857 [Thread-1324] INFO  impl.RoleInfo (RoleInfo.java:shutdownFollowerState(121)) - d2d0250e-a378-4f8a-a4ff-ce07d96628f4: shutdown FollowerState
2019-10-21 22:01:38,857 [Thread-1324] INFO  impl.RaftServerImpl (RaftServerImpl.java:setRole(184)) - d2d0250e-a378-4f8a-a4ff-ce07d96628f4@group-129E33F6DE87: changes role from  FOLLOWER to CANDIDATE at term 110 for changeToCandidate
2019-10-21 22:01:38,857 [Thread-1324] INFO  impl.RoleInfo (RoleInfo.java:updateAndGet(143)) - d2d0250e-a378-4f8a-a4ff-ce07d96628f4: start LeaderElection
2019-10-21 22:01:38,880 [d2d0250e-a378-4f8a-a4ff-ce07d96628f4@group-129E33F6DE87-LeaderElection126] INFO  impl.LeaderElection (LeaderElection.java:askForVotes(178)) - d2d0250e-a378-4f8a-a4ff-ce07d96628f4@group-129E33F6DE87-LeaderElection126: begin an election at term 111 for -1: [756f57d6-6136-46f3-b5ea-af957dae1eda:192.168.34.8:33063, d2d0250e-a378-4f8a-a4ff-ce07d96628f4:192.168.34.8:43170, a36a670b-6f05-41e5-b505-2b1a8d9f1f79:192.168.34.8:32869], old=null
2019-10-21 22:01:38,882 [grpc-default-executor-4] INFO  impl.RaftServerImpl (RaftServerImpl.java:setRole(184)) - 756f57d6-6136-46f3-b5ea-af957dae1eda@group-129E33F6DE87: changes role from  FOLLOWER to FOLLOWER at term 111 for recognizeCandidate:d2d0250e-a378-4f8a-a4ff-ce07d96628f4
2019-10-21 22:01:38,882 [grpc-default-executor-4] INFO  impl.RoleInfo (RoleInfo.java:shutdownFollowerState(121)) - 756f57d6-6136-46f3-b5ea-af957dae1eda: shutdown FollowerState
2019-10-21 22:01:38,882 [grpc-default-executor-3] INFO  impl.RaftServerImpl (RaftServerImpl.java:setRole(184)) - a36a670b-6f05-41e5-b505-2b1a8d9f1f79@group-129E33F6DE87: changes role from  FOLLOWER to FOLLOWER at term 111 for recognizeCandidate:d2d0250e-a378-4f8a-a4ff-ce07d96628f4
2019-10-21 22:01:38,882 [Thread-1322] INFO  impl.FollowerState (FollowerState.java:run(117)) - 756f57d6-6136-46f3-b5ea-af957dae1eda@group-129E33F6DE87-FollowerState was interrupted: java.lang.InterruptedException: sleep interrupted
2019-10-21 22:01:38,882 [grpc-default-executor-4] INFO  impl.RoleInfo (RoleInfo.java:updateAndGet(143)) - 756f57d6-6136-46f3-b5ea-af957dae1eda: start FollowerState
2019-10-21 22:01:38,882 [grpc-default-executor-3] INFO  impl.RoleInfo (RoleInfo.java:shutdownFollowerState(121)) - a36a670b-6f05-41e5-b505-2b1a8d9f1f79: shutdown FollowerState
2019-10-21 22:01:38,883 [grpc-default-executor-3] INFO  impl.RoleInfo (RoleInfo.java:updateAndGet(143)) - a36a670b-6f05-41e5-b505-2b1a8d9f1f79: start FollowerState
2019-10-21 22:01:38,883 [Thread-1323] INFO  impl.FollowerState (FollowerState.java:run(117)) - a36a670b-6f05-41e5-b505-2b1a8d9f1f79@group-129E33F6DE87-FollowerState was interrupted: java.lang.InterruptedException: sleep interrupted
2019-10-21 22:01:38,897 [d2d0250e-a378-4f8a-a4ff-ce07d96628f4@group-129E33F6DE87-LeaderElection126] INFO  impl.LeaderElection (LeaderElection.java:logAndReturn(56)) - d2d0250e-a378-4f8a-a4ff-ce07d96628f4@group-129E33F6DE87-LeaderElection126: Election REJECTED; received 2 response(s) [d2d0250e-a378-4f8a-a4ff-ce07d96628f4<-756f57d6-6136-46f3-b5ea-af957dae1eda#0:FAIL-t111, d2d0250e-a378-4f8a-a4ff-ce07d96628f4<-a36a670b-6f05-41e5-b505-2b1a8d9f1f79#0:FAIL-t111] and 0 exception(s); d2d0250e-a378-4f8a-a4ff-ce07d96628f4@group-129E33F6DE87:t111, leader=null, voted=d2d0250e-a378-4f8a-a4ff-ce07d96628f4, raftlog=d2d0250e-a378-4f8a-a4ff-ce07d96628f4@group-129E33F6DE87-SegmentedRaftLog:OPENED:c-1,f-1,i0, conf=-1: [756f57d6-6136-46f3-b5ea-af957dae1eda:192.168.34.8:33063, d2d0250e-a378-4f8a-a4ff-ce07d96628f4:192.168.34.8:43170, a36a670b-6f05-41e5-b505-2b1a8d9f1f79:192.168.34.8:32869], old=null
2019-10-21 22:01:38,897 [d2d0250e-a378-4f8a-a4ff-ce07d96628f4@group-129E33F6DE87-LeaderElection126] INFO  impl.RaftServerImpl (RaftServerImpl.java:setRole(184)) - d2d0250e-a378-4f8a-a4ff-ce07d96628f4@group-129E33F6DE87: changes role from CANDIDATE to FOLLOWER at term 111 for DISCOVERED_A_NEW_TERM
2019-10-21 22:01:38,897 [d2d0250e-a378-4f8a-a4ff-ce07d96628f4@group-129E33F6DE87-LeaderElection126] INFO  impl.RoleInfo (RoleInfo.java:shutdownLeaderElection(134)) - d2d0250e-a378-4f8a-a4ff-ce07d96628f4: shutdown LeaderElection
2019-10-21 22:01:38,897 [d2d0250e-a378-4f8a-a4ff-ce07d96628f4@group-129E33F6DE87-LeaderElection126] INFO  impl.RoleInfo (RoleInfo.java:updateAndGet(143)) - d2d0250e-a378-4f8a-a4ff-ce07d96628f4: start FollowerState
2019-10-21 22:01:39,012 [Thread-1334] INFO  impl.FollowerState (FollowerState.java:run(108)) - d2d0250e-a378-4f8a-a4ff-ce07d96628f4@group-129E33F6DE87-FollowerState: change to CANDIDATE, lastRpcTime:114ms, electionTimeout:114ms
2019-10-21 22:01:39,012 [Thread-1334] INFO  impl.RoleInfo (RoleInfo.java:shutdownFollowerState(121)) - d2d0250e-a378-4f8a-a4ff-ce07d96628f4: shutdown FollowerState
2019-10-21 22:01:39,013 [Thread-1334] INFO  impl.RaftServerImpl (RaftServerImpl.java:setRole(184)) - d2d0250e-a378-4f8a-a4ff-ce07d96628f4@group-129E33F6DE87: changes role from  FOLLOWER to CANDIDATE at term 111 for changeToCandidate
2019-10-21 22:01:39,013 [Thread-1334] INFO  impl.RoleInfo (RoleInfo.java:updateAndGet(143)) - d2d0250e-a378-4f8a-a4ff-ce07d96628f4: start LeaderElection
2019-10-21 22:01:39,034 [d2d0250e-a378-4f8a-a4ff-ce07d96628f4@group-129E33F6DE87-LeaderElection127] INFO  impl.LeaderElection (LeaderElection.java:askForVotes(178)) - d2d0250e-a378-4f8a-a4ff-ce07d96628f4@group-129E33F6DE87-LeaderElection127: begin an election at term 112 for -1: [756f57d6-6136-46f3-b5ea-af957dae1eda:192.168.34.8:33063, d2d0250e-a378-4f8a-a4ff-ce07d96628f4:192.168.34.8:43170, a36a670b-6f05-41e5-b505-2b1a8d9f1f79:192.168.34.8:32869], old=null
2019-10-21 22:01:39,035 [d2d0250e-a378-4f8a-a4ff-ce07d96628f4@group-129E33F6DE87-LeaderElection127] INFO  impl.LeaderElection (LeaderElection.java:logAndReturn(56)) - d2d0250e-a378-4f8a-a4ff-ce07d96628f4@group-129E33F6DE87-LeaderElection127: Election TIMEOUT; received 0 response(s) [] and 0 exception(s); d2d0250e-a378-4f8a-a4ff-ce07d96628f4@group-129E33F6DE87:t112, leader=null, voted=d2d0250e-a378-4f8a-a4ff-ce07d96628f4, raftlog=d2d0250e-a378-4f8a-a4ff-ce07d96628f4@group-129E33F6DE87-SegmentedRaftLog:OPENED:c-1,f-1,i0, conf=-1: [756f57d6-6136-46f3-b5ea-af957dae1eda:192.168.34.8:33063, d2d0250e-a378-4f8a-a4ff-ce07d96628f4:192.168.34.8:43170, a36a670b-6f05-41e5-b505-2b1a8d9f1f79:192.168.34.8:32869], old=null
2019-10-21 22:01:39,036 [grpc-default-executor-4] INFO  impl.RaftServerImpl (RaftServerImpl.java:setRole(184)) - 756f57d6-6136-46f3-b5ea-af957dae1eda@group-129E33F6DE87: changes role from  FOLLOWER to FOLLOWER at term 112 for recognizeCandidate:d2d0250e-a378-4f8a-a4ff-ce07d96628f4
2019-10-21 22:01:39,036 [grpc-default-executor-3] INFO  impl.RaftServerImpl (RaftServerImpl.java:setRole(184)) - a36a670b-6f05-41e5-b505-2b1a8d9f1f79@group-129E33F6DE87: changes role from  FOLLOWER to FOLLOWER at term 112 for recognizeCandidate:d2d0250e-a378-4f8a-a4ff-ce07d96628f4
2019-10-21 22:01:39,036 [grpc-default-executor-4] INFO  impl.RoleInfo (RoleInfo.java:shutdownFollowerState(121)) - 756f57d6-6136-46f3-b5ea-af957dae1eda: shutdown FollowerState
2019-10-21 22:01:39,037 [grpc-default-executor-3] INFO  impl.RoleInfo (RoleInfo.java:shutdownFollowerState(121)) - a36a670b-6f05-41e5-b505-2b1a8d9f1f79: shutdown FollowerState
2019-10-21 22:01:39,037 [Thread-1332] INFO  impl.FollowerState (FollowerState.java:run(117)) - 756f57d6-6136-46f3-b5ea-af957dae1eda@group-129E33F6DE87-FollowerState was interrupted: java.lang.InterruptedException: sleep interrupted
2019-10-21 22:01:39,037 [Thread-1333] INFO  impl.FollowerState (FollowerState.java:run(117)) - a36a670b-6f05-41e5-b505-2b1a8d9f1f79@group-129E33F6DE87-FollowerState was interrupted: java.lang.InterruptedException: sleep interrupted
2019-10-21 22:01:39,037 [grpc-default-executor-4] INFO  impl.RoleInfo (RoleInfo.java:updateAndGet(143)) - 756f57d6-6136-46f3-b5ea-af957dae1eda: start FollowerState
2019-10-21 22:01:39,037 [grpc-default-executor-3] INFO  impl.RoleInfo (RoleInfo.java:updateAndGet(143)) - a36a670b-6f05-41e5-b505-2b1a8d9f1f79: start FollowerState
2019-10-21 22:01:39,048 [d2d0250e-a378-4f8a-a4ff-ce07d96628f4@group-129E33F6DE87-LeaderElection127] INFO  impl.LeaderElection (LeaderElection.java:askForVotes(178)) - d2d0250e-a378-4f8a-a4ff-ce07d96628f4@group-129E33F6DE87-LeaderElection127: begin an election at term 113 for -1: [756f57d6-6136-46f3-b5ea-af957dae1eda:192.168.34.8:33063, d2d0250e-a378-4f8a-a4ff-ce07d96628f4:192.168.34.8:43170, a36a670b-6f05-41e5-b505-2b1a8d9f1f79:192.168.34.8:32869], old=null
2019-10-21 22:01:39,050 [grpc-default-executor-3] INFO  impl.RaftServerImpl (RaftServerImpl.java:setRole(184)) - a36a670b-6f05-41e5-b505-2b1a8d9f1f79@group-129E33F6DE87: changes role from  FOLLOWER to FOLLOWER at term 113 for recognizeCandidate:d2d0250e-a378-4f8a-a4ff-ce07d96628f4
2019-10-21 22:01:39,050 [grpc-default-executor-4] INFO  impl.RaftServerImpl (RaftServerImpl.java:setRole(184)) - 756f57d6-6136-46f3-b5ea-af957dae1eda@group-129E33F6DE87: changes role from  FOLLOWER to FOLLOWER at term 113 for recognizeCandidate:d2d0250e-a378-4f8a-a4ff-ce07d96628f4
2019-10-21 22:01:39,050 [grpc-default-executor-3] INFO  impl.RoleInfo (RoleInfo.java:shutdownFollowerState(121)) - a36a670b-6f05-41e5-b505-2b1a8d9f1f79: shutdown FollowerState
2019-10-21 22:01:39,050 [grpc-default-executor-4] INFO  impl.RoleInfo (RoleInfo.java:shutdownFollowerState(121)) - 756f57d6-6136-46f3-b5ea-af957dae1eda: shutdown FollowerState
2019-10-21 22:01:39,050 [Thread-1339] INFO  impl.FollowerState (FollowerState.java:run(117)) - a36a670b-6f05-41e5-b505-2b1a8d9f1f79@group-129E33F6DE87-FollowerState was interrupted: java.lang.InterruptedException: sleep interrupted
2019-10-21 22:01:39,050 [grpc-default-executor-3] INFO  impl.RoleInfo (RoleInfo.java:updateAndGet(143)) - a36a670b-6f05-41e5-b505-2b1a8d9f1f79: start FollowerState
2019-10-21 22:01:39,050 [Thread-1338] INFO  impl.FollowerState (FollowerState.java:run(117)) - 756f57d6-6136-46f3-b5ea-af957dae1eda@group-129E33F6DE87-FollowerState was interrupted: java.lang.InterruptedException: sleep interrupted
2019-10-21 22:01:39,050 [grpc-default-executor-4] INFO  impl.RoleInfo (RoleInfo.java:updateAndGet(143)) - 756f57d6-6136-46f3-b5ea-af957dae1eda: start FollowerState
2019-10-21 22:01:39,065 [d2d0250e-a378-4f8a-a4ff-ce07d96628f4@group-129E33F6DE87-LeaderElection127] INFO  impl.LeaderElection (LeaderElection.java:logAndReturn(56)) - d2d0250e-a378-4f8a-a4ff-ce07d96628f4@group-129E33F6DE87-LeaderElection127: Election REJECTED; received 2 response(s) [d2d0250e-a378-4f8a-a4ff-ce07d96628f4<-756f57d6-6136-46f3-b5ea-af957dae1eda#0:FAIL-t113, d2d0250e-a378-4f8a-a4ff-ce07d96628f4<-a36a670b-6f05-41e5-b505-2b1a8d9f1f79#0:FAIL-t113] and 0 exception(s); d2d0250e-a378-4f8a-a4ff-ce07d96628f4@group-129E33F6DE87:t113, leader=null, voted=d2d0250e-a378-4f8a-a4ff-ce07d96628f4, raftlog=d2d0250e-a378-4f8a-a4ff-ce07d96628f4@group-129E33F6DE87-SegmentedRaftLog:OPENED:c-1,f-1,i0, conf=-1: [756f57d6-6136-46f3-b5ea-af957dae1eda:192.168.34.8:33063, d2d0250e-a378-4f8a-a4ff-ce07d96628f4:192.168.34.8:43170, a36a670b-6f05-41e5-b505-2b1a8d9f1f79:192.168.34.8:32869], old=null
2019-10-21 22:01:39,065 [d2d0250e-a378-4f8a-a4ff-ce07d96628f4@group-129E33F6DE87-LeaderElection127] INFO  impl.RaftServerImpl (RaftServerImpl.java:setRole(184)) - d2d0250e-a378-4f8a-a4ff-ce07d96628f4@group-129E33F6DE87: changes role from CANDIDATE to FOLLOWER at term 113 for DISCOVERED_A_NEW_TERM
2019-10-21 22:01:39,065 [d2d0250e-a378-4f8a-a4ff-ce07d96628f4@group-129E33F6DE87-LeaderElection127] INFO  impl.RoleInfo (RoleInfo.java:shutdownLeaderElection(134)) - d2d0250e-a378-4f8a-a4ff-ce07d96628f4: shutdown LeaderElection
2019-10-21 22:01:39,065 [d2d0250e-a378-4f8a-a4ff-ce07d96628f4@group-129E33F6DE87-LeaderElection127] INFO  impl.RoleInfo (RoleInfo.java:updateAndGet(143)) - d2d0250e-a378-4f8a-a4ff-ce07d96628f4: start FollowerState
2019-10-21 22:01:39,198 [Thread-1344] INFO  impl.FollowerState (FollowerState.java:run(108)) - d2d0250e-a378-4f8a-a4ff-ce07d96628f4@group-129E33F6DE87-FollowerState: change to CANDIDATE, lastRpcTime:132ms, electionTimeout:132ms
2019-10-21 22:01:39,198 [Thread-1344] INFO  impl.RoleInfo (RoleInfo.java:shutdownFollowerState(121)) - d2d0250e-a378-4f8a-a4ff-ce07d96628f4: shutdown FollowerState
2019-10-21 22:01:39,198 [Thread-1344] INFO  impl.RaftServerImpl (RaftServerImpl.java:setRole(184)) - d2d0250e-a378-4f8a-a4ff-ce07d96628f4@group-129E33F6DE87: changes role from  FOLLOWER to CANDIDATE at term 113 for changeToCandidate
2019-10-21 22:01:39,198 [Thread-1344] INFO  impl.RoleInfo (RoleInfo.java:updateAndGet(143)) - d2d0250e-a378-4f8a-a4ff-ce07d96628f4: start LeaderElection
2019-10-21 22:01:39,209 [main] INFO  ozoneimpl.OzoneContainer (OzoneContainer.java:stop(227)) - Attempting to stop container services.
2019-10-21 22:01:39,209 [ForkJoinPool.commonPool-worker-0] INFO  ozoneimpl.OzoneContainer (OzoneContainer.java:stop(227)) - Attempting to stop container services.
2019-10-21 22:01:39,210 [main] INFO  impl.RaftServerProxy (RaftServerProxy.java:lambda$close$4(314)) - 0edd2ec6-20bf-4809-95ac-80dc11748221: close
2019-10-21 22:01:39,211 [ForkJoinPool.commonPool-worker-0] INFO  impl.RaftServerProxy (RaftServerProxy.java:lambda$close$4(314)) - 28432215-63ab-4c85-86e9-79fb72521e72: close
2019-10-21 22:01:39,212 [d2d0250e-a378-4f8a-a4ff-ce07d96628f4@group-129E33F6DE87-LeaderElection128] INFO  impl.LeaderElection (LeaderElection.java:askForVotes(178)) - d2d0250e-a378-4f8a-a4ff-ce07d96628f4@group-129E33F6DE87-LeaderElection128: begin an election at term 114 for -1: [756f57d6-6136-46f3-b5ea-af957dae1eda:192.168.34.8:33063, d2d0250e-a378-4f8a-a4ff-ce07d96628f4:192.168.34.8:43170, a36a670b-6f05-41e5-b505-2b1a8d9f1f79:192.168.34.8:32869], old=null
2019-10-21 22:01:39,212 [main] INFO  impl.RaftServerImpl (RaftServerImpl.java:lambda$shutdown$3(261)) - 0edd2ec6-20bf-4809-95ac-80dc11748221@group-80038C8F935E: shutdown
2019-10-21 22:01:39,212 [ForkJoinPool.commonPool-worker-0] INFO  impl.RaftServerImpl (RaftServerImpl.java:lambda$shutdown$3(261)) - 28432215-63ab-4c85-86e9-79fb72521e72@group-6C191D71183F: shutdown
2019-10-21 22:01:39,213 [main] INFO  util.JmxRegister (JmxRegister.java:unregister(73)) - Successfully un-registered JMX Bean with object name Ratis:service=RaftServer,group=group-80038C8F935E,id=0edd2ec6-20bf-4809-95ac-80dc11748221
2019-10-21 22:01:39,213 [ForkJoinPool.commonPool-worker-0] INFO  util.JmxRegister (JmxRegister.java:unregister(73)) - Successfully un-registered JMX Bean with object name Ratis:service=RaftServer,group=group-6C191D71183F,id=28432215-63ab-4c85-86e9-79fb72521e72
2019-10-21 22:01:39,213 [main] INFO  impl.RoleInfo (RoleInfo.java:shutdownLeaderState(104)) - 0edd2ec6-20bf-4809-95ac-80dc11748221: shutdown LeaderState
2019-10-21 22:01:39,213 [ForkJoinPool.commonPool-worker-0] INFO  impl.RoleInfo (RoleInfo.java:shutdownLeaderState(104)) - 28432215-63ab-4c85-86e9-79fb72521e72: shutdown LeaderState
2019-10-21 22:01:39,217 [main] INFO  impl.PendingRequests (PendingRequests.java:sendNotLeaderResponses(202)) - 0edd2ec6-20bf-4809-95ac-80dc11748221@group-80038C8F935E-PendingRequests: sendNotLeaderResponses
2019-10-21 22:01:39,218 [ForkJoinPool.commonPool-worker-0] INFO  impl.PendingRequests (PendingRequests.java:sendNotLeaderResponses(202)) - 28432215-63ab-4c85-86e9-79fb72521e72@group-6C191D71183F-PendingRequests: sendNotLeaderResponses
2019-10-21 22:01:39,218 [main] INFO  impl.StateMachineUpdater (StateMachineUpdater.java:stopAndJoin(136)) - 0edd2ec6-20bf-4809-95ac-80dc11748221@group-80038C8F935E-StateMachineUpdater: set stopIndex = 0
2019-10-21 22:01:39,218 [grpc-default-executor-3] INFO  impl.RaftServerImpl (RaftServerImpl.java:setRole(184)) - a36a670b-6f05-41e5-b505-2b1a8d9f1f79@group-129E33F6DE87: changes role from  FOLLOWER to FOLLOWER at term 114 for recognizeCandidate:d2d0250e-a378-4f8a-a4ff-ce07d96628f4
2019-10-21 22:01:39,221 [grpc-default-executor-3] INFO  impl.RoleInfo (RoleInfo.java:shutdownFollowerState(121)) - a36a670b-6f05-41e5-b505-2b1a8d9f1f79: shutdown FollowerState
2019-10-21 22:01:39,218 [ForkJoinPool.commonPool-worker-0] INFO  impl.StateMachineUpdater (StateMachineUpdater.java:stopAndJoin(136)) - 28432215-63ab-4c85-86e9-79fb72521e72@group-6C191D71183F-StateMachineUpdater: set stopIndex = 0
2019-10-21 22:01:39,221 [ForkJoinPool.commonPool-worker-0] INFO  impl.RaftServerImpl (ServerState.java:close(388)) - 28432215-63ab-4c85-86e9-79fb72521e72@group-6C191D71183F: closes. applyIndex: 0
2019-10-21 22:01:39,218 [grpc-default-executor-4] INFO  impl.RaftServerImpl (RaftServerImpl.java:setRole(184)) - 756f57d6-6136-46f3-b5ea-af957dae1eda@group-129E33F6DE87: changes role from  FOLLOWER to FOLLOWER at term 114 for recognizeCandidate:d2d0250e-a378-4f8a-a4ff-ce07d96628f4
2019-10-21 22:01:39,221 [grpc-default-executor-3] INFO  impl.RoleInfo (RoleInfo.java:updateAndGet(143)) - a36a670b-6f05-41e5-b505-2b1a8d9f1f79: start FollowerState
2019-10-21 22:01:39,221 [Thread-1342] INFO  impl.FollowerState (FollowerState.java:run(117)) - a36a670b-6f05-41e5-b505-2b1a8d9f1f79@group-129E33F6DE87-FollowerState was interrupted: java.lang.InterruptedException: sleep interrupted
2019-10-21 22:01:39,221 [main] INFO  impl.RaftServerImpl (ServerState.java:close(388)) - 0edd2ec6-20bf-4809-95ac-80dc11748221@group-80038C8F935E: closes. applyIndex: 0
2019-10-21 22:01:39,222 [grpc-default-executor-4] INFO  impl.RoleInfo (RoleInfo.java:shutdownFollowerState(121)) - 756f57d6-6136-46f3-b5ea-af957dae1eda: shutdown FollowerState
2019-10-21 22:01:39,223 [grpc-default-executor-4] INFO  impl.RoleInfo (RoleInfo.java:updateAndGet(143)) - 756f57d6-6136-46f3-b5ea-af957dae1eda: start FollowerState
2019-10-21 22:01:39,223 [Thread-1343] INFO  impl.FollowerState (FollowerState.java:run(117)) - 756f57d6-6136-46f3-b5ea-af957dae1eda@group-129E33F6DE87-FollowerState was interrupted: java.lang.InterruptedException: sleep interrupted
2019-10-21 22:01:39,223 [28432215-63ab-4c85-86e9-79fb72521e72@group-6C191D71183F-SegmentedRaftLogWorker] INFO  segmented.SegmentedRaftLogWorker (SegmentedRaftLogWorker.java:run(316)) - 28432215-63ab-4c85-86e9-79fb72521e72@group-6C191D71183F-SegmentedRaftLogWorker was interrupted, exiting. There are 0 tasks remaining in the queue.
2019-10-21 22:01:39,223 [0edd2ec6-20bf-4809-95ac-80dc11748221@group-80038C8F935E-SegmentedRaftLogWorker] INFO  segmented.SegmentedRaftLogWorker (SegmentedRaftLogWorker.java:run(316)) - 0edd2ec6-20bf-4809-95ac-80dc11748221@group-80038C8F935E-SegmentedRaftLogWorker was interrupted, exiting. There are 0 tasks remaining in the queue.
2019-10-21 22:01:39,228 [ForkJoinPool.commonPool-worker-0] INFO  segmented.SegmentedRaftLogWorker (SegmentedRaftLogWorker.java:close(224)) - 28432215-63ab-4c85-86e9-79fb72521e72@group-6C191D71183F-SegmentedRaftLogWorker close()
2019-10-21 22:01:39,228 [main] INFO  segmented.SegmentedRaftLogWorker (SegmentedRaftLogWorker.java:close(224)) - 0edd2ec6-20bf-4809-95ac-80dc11748221@group-80038C8F935E-SegmentedRaftLogWorker close()
2019-10-21 22:01:39,232 [ForkJoinPool.commonPool-worker-0] INFO  impl.RaftServerImpl (RaftServerImpl.java:lambda$shutdown$3(261)) - 28432215-63ab-4c85-86e9-79fb72521e72@group-6834AB77F819: shutdown
2019-10-21 22:01:39,235 [main] INFO  impl.RaftServerImpl (RaftServerImpl.java:lambda$shutdown$3(261)) - 0edd2ec6-20bf-4809-95ac-80dc11748221@group-6834AB77F819: shutdown
2019-10-21 22:01:39,235 [ForkJoinPool.commonPool-worker-0] INFO  util.JmxRegister (JmxRegister.java:unregister(73)) - Successfully un-registered JMX Bean with object name Ratis:service=RaftServer,group=group-6834AB77F819,id=28432215-63ab-4c85-86e9-79fb72521e72
2019-10-21 22:01:39,236 [main] INFO  util.JmxRegister (JmxRegister.java:unregister(73)) - Successfully un-registered JMX Bean with object name Ratis:service=RaftServer,group=group-6834AB77F819,id=0edd2ec6-20bf-4809-95ac-80dc11748221
2019-10-21 22:01:39,236 [ForkJoinPool.commonPool-worker-0] INFO  impl.RoleInfo (RoleInfo.java:shutdownLeaderState(104)) - 28432215-63ab-4c85-86e9-79fb72521e72: shutdown LeaderState
2019-10-21 22:01:39,236 [d2d0250e-a378-4f8a-a4ff-ce07d96628f4@group-129E33F6DE87-LeaderElection128] INFO  impl.LeaderElection (LeaderElection.java:logAndReturn(56)) - d2d0250e-a378-4f8a-a4ff-ce07d96628f4@group-129E33F6DE87-LeaderElection128: Election REJECTED; received 2 response(s) [d2d0250e-a378-4f8a-a4ff-ce07d96628f4<-756f57d6-6136-46f3-b5ea-af957dae1eda#0:FAIL-t114, d2d0250e-a378-4f8a-a4ff-ce07d96628f4<-a36a670b-6f05-41e5-b505-2b1a8d9f1f79#0:FAIL-t114] and 0 exception(s); d2d0250e-a378-4f8a-a4ff-ce07d96628f4@group-129E33F6DE87:t114, leader=null, voted=d2d0250e-a378-4f8a-a4ff-ce07d96628f4, raftlog=d2d0250e-a378-4f8a-a4ff-ce07d96628f4@group-129E33F6DE87-SegmentedRaftLog:OPENED:c-1,f-1,i0, conf=-1: [756f57d6-6136-46f3-b5ea-af957dae1eda:192.168.34.8:33063, d2d0250e-a378-4f8a-a4ff-ce07d96628f4:192.168.34.8:43170, a36a670b-6f05-41e5-b505-2b1a8d9f1f79:192.168.34.8:32869], old=null
2019-10-21 22:01:39,236 [main] INFO  impl.RoleInfo (RoleInfo.java:shutdownFollowerState(121)) - 0edd2ec6-20bf-4809-95ac-80dc11748221: shutdown FollowerState
2019-10-21 22:01:39,239 [d2d0250e-a378-4f8a-a4ff-ce07d96628f4@group-129E33F6DE87-LeaderElection128] INFO  impl.RaftServerImpl (RaftServerImpl.java:setRole(184)) - d2d0250e-a378-4f8a-a4ff-ce07d96628f4@group-129E33F6DE87: changes role from CANDIDATE to FOLLOWER at term 114 for DISCOVERED_A_NEW_TERM
2019-10-21 22:01:39,240 [d2d0250e-a378-4f8a-a4ff-ce07d96628f4@group-129E33F6DE87-LeaderElection128] INFO  impl.RoleInfo (RoleInfo.java:shutdownLeaderElection(134)) - d2d0250e-a378-4f8a-a4ff-ce07d96628f4: shutdown LeaderElection
2019-10-21 22:01:39,240 [0edd2ec6-20bf-4809-95ac-80dc11748221@group-6834AB77F819-StateMachineUpdater] INFO  ratis.ContainerStateMachine (ContainerStateMachine.java:takeSnapshot(294)) - group-6834AB77F819: Taking a snapshot at:(t:6, i:5) file /workdir/hadoop-ozone/integration-test/target/test-dir/MiniOzoneClusterImpl-55d22b23-1d78-4564-93d7-1f68b9a0b903/datanode-5/data/ratis/4e43fd85-fb0f-4fb0-96cc-6834ab77f819/sm/snapshot.6_5
2019-10-21 22:01:39,239 [org.apache.ratis.server.impl.LogAppender$AppenderDaemon$$Lambda$446/1128881196@6485b37f] WARN  server.GrpcLogAppender (GrpcLogAppender.java:mayWait(149)) - 28432215-63ab-4c85-86e9-79fb72521e72@group-6834AB77F819->e152cc11-8922-4c62-a829-a835e5f58570-GrpcLogAppender: Wait interrupted by java.lang.InterruptedException
2019-10-21 22:01:39,239 [org.apache.ratis.server.impl.LogAppender$AppenderDaemon$$Lambda$446/1128881196@213a2814] WARN  server.GrpcLogAppender (GrpcLogAppender.java:mayWait(149)) - 28432215-63ab-4c85-86e9-79fb72521e72@group-6834AB77F819->0edd2ec6-20bf-4809-95ac-80dc11748221-GrpcLogAppender: Wait interrupted by java.lang.InterruptedException
2019-10-21 22:01:39,239 [ForkJoinPool.commonPool-worker-0] INFO  impl.PendingRequests (PendingRequests.java:sendNotLeaderResponses(202)) - 28432215-63ab-4c85-86e9-79fb72521e72@group-6834AB77F819-PendingRequests: sendNotLeaderResponses
2019-10-21 22:01:39,240 [d2d0250e-a378-4f8a-a4ff-ce07d96628f4@group-129E33F6DE87-LeaderElection128] INFO  impl.RoleInfo (RoleInfo.java:updateAndGet(143)) - d2d0250e-a378-4f8a-a4ff-ce07d96628f4: start FollowerState
2019-10-21 22:01:39,241 [grpc-default-executor-3] INFO  server.GrpcServerProtocolService (GrpcServerProtocolService.java:onCompleted(113)) - e152cc11-8922-4c62-a829-a835e5f58570: Completed APPEND_ENTRIES, lastRequest: 28432215-63ab-4c85-86e9-79fb72521e72->e152cc11-8922-4c62-a829-a835e5f58570#34-t6, previous=(t:6, i:6), leaderCommit=6, initializing? false, entries: <empty>
2019-10-21 22:01:39,240 [Thread-549] INFO  impl.FollowerState (FollowerState.java:run(117)) - 0edd2ec6-20bf-4809-95ac-80dc11748221@group-6834AB77F819-FollowerState was interrupted: java.lang.InterruptedException: sleep interrupted
2019-10-21 22:01:39,240 [main] INFO  impl.StateMachineUpdater (StateMachineUpdater.java:stopAndJoin(136)) - 0edd2ec6-20bf-4809-95ac-80dc11748221@group-6834AB77F819-StateMachineUpdater: set stopIndex = 6
2019-10-21 22:01:39,244 [grpc-default-executor-3] INFO  server.GrpcLogAppender (GrpcLogAppender.java:onCompleted(308)) - 28432215-63ab-4c85-86e9-79fb72521e72@group-6834AB77F819->e152cc11-8922-4c62-a829-a835e5f58570-AppendLogResponseHandler: follower responses appendEntries COMPLETED
2019-10-21 22:01:39,241 [grpc-default-executor-4] INFO  server.GrpcServerProtocolService (GrpcServerProtocolService.java:onCompleted(113)) - 0edd2ec6-20bf-4809-95ac-80dc11748221: Completed APPEND_ENTRIES, lastRequest: 28432215-63ab-4c85-86e9-79fb72521e72->0edd2ec6-20bf-4809-95ac-80dc11748221#33-t6, previous=(t:6, i:6), leaderCommit=6, initializing? false, entries: <empty>
2019-10-21 22:01:39,246 [ForkJoinPool.commonPool-worker-0] INFO  impl.StateMachineUpdater (StateMachineUpdater.java:stopAndJoin(136)) - 28432215-63ab-4c85-86e9-79fb72521e72@group-6834AB77F819-StateMachineUpdater: set stopIndex = 6
2019-10-21 22:01:39,247 [28432215-63ab-4c85-86e9-79fb72521e72@group-6834AB77F819-StateMachineUpdater] INFO  ratis.ContainerStateMachine (ContainerStateMachine.java:takeSnapshot(294)) - group-6834AB77F819: Taking a snapshot at:(t:6, i:6) file /workdir/hadoop-ozone/integration-test/target/test-dir/MiniOzoneClusterImpl-55d22b23-1d78-4564-93d7-1f68b9a0b903/datanode-2/data/ratis/4e43fd85-fb0f-4fb0-96cc-6834ab77f819/sm/snapshot.6_6
2019-10-21 22:01:39,248 [grpc-default-executor-0] INFO  server.GrpcLogAppender (GrpcLogAppender.java:onCompleted(308)) - 28432215-63ab-4c85-86e9-79fb72521e72@group-6834AB77F819->0edd2ec6-20bf-4809-95ac-80dc11748221-AppendLogResponseHandler: follower responses appendEntries COMPLETED
2019-10-21 22:01:39,249 [grpc-default-executor-3] INFO  impl.FollowerInfo (FollowerInfo.java:lambda$new$0(51)) - 28432215-63ab-4c85-86e9-79fb72521e72@group-6834AB77F819->e152cc11-8922-4c62-a829-a835e5f58570: nextIndex: updateUnconditionally 7 -> 6
2019-10-21 22:01:39,250 [grpc-default-executor-0] INFO  impl.FollowerInfo (FollowerInfo.java:lambda$new$0(51)) - 28432215-63ab-4c85-86e9-79fb72521e72@group-6834AB77F819->0edd2ec6-20bf-4809-95ac-80dc11748221: nextIndex: updateUnconditionally 7 -> 6
2019-10-21 22:01:39,281 [Thread-1350] INFO  impl.FollowerState (FollowerState.java:run(108)) - d2d0250e-a378-4f8a-a4ff-ce07d96628f4@group-129E33F6DE87-FollowerState: change to CANDIDATE, lastRpcTime:40ms, electionTimeout:37ms
2019-10-21 22:01:39,281 [Thread-1350] INFO  impl.RoleInfo (RoleInfo.java:shutdownFollowerState(121)) - d2d0250e-a378-4f8a-a4ff-ce07d96628f4: shutdown FollowerState
2019-10-21 22:01:39,281 [Thread-1350] INFO  impl.RaftServerImpl (RaftServerImpl.java:setRole(184)) - d2d0250e-a378-4f8a-a4ff-ce07d96628f4@group-129E33F6DE87: changes role from  FOLLOWER to CANDIDATE at term 114 for changeToCandidate
2019-10-21 22:01:39,281 [Thread-1350] INFO  impl.RoleInfo (RoleInfo.java:updateAndGet(143)) - d2d0250e-a378-4f8a-a4ff-ce07d96628f4: start LeaderElection
2019-10-21 22:01:39,325 [0edd2ec6-20bf-4809-95ac-80dc11748221@group-6834AB77F819-StateMachineUpdater] INFO  ratis.ContainerStateMachine (ContainerStateMachine.java:takeSnapshot(305)) - group-6834AB77F819: Finished taking a snapshot at:(t:6, i:5) file:/workdir/hadoop-ozone/integration-test/target/test-dir/MiniOzoneClusterImpl-55d22b23-1d78-4564-93d7-1f68b9a0b903/datanode-5/data/ratis/4e43fd85-fb0f-4fb0-96cc-6834ab77f819/sm/snapshot.6_5 time:85
2019-10-21 22:01:39,325 [28432215-63ab-4c85-86e9-79fb72521e72@group-6834AB77F819-StateMachineUpdater] INFO  ratis.ContainerStateMachine (ContainerStateMachine.java:takeSnapshot(305)) - group-6834AB77F819: Finished taking a snapshot at:(t:6, i:6) file:/workdir/hadoop-ozone/integration-test/target/test-dir/MiniOzoneClusterImpl-55d22b23-1d78-4564-93d7-1f68b9a0b903/datanode-2/data/ratis/4e43fd85-fb0f-4fb0-96cc-6834ab77f819/sm/snapshot.6_6 time:78
2019-10-21 22:01:39,326 [28432215-63ab-4c85-86e9-79fb72521e72@group-6834AB77F819-StateMachineUpdater] INFO  impl.StateMachineUpdater (StateMachineUpdater.java:takeSnapshot(269)) - 28432215-63ab-4c85-86e9-79fb72521e72@group-6834AB77F819-StateMachineUpdater: Took a snapshot at index 6
2019-10-21 22:01:39,326 [0edd2ec6-20bf-4809-95ac-80dc11748221@group-6834AB77F819-StateMachineUpdater] INFO  impl.StateMachineUpdater (StateMachineUpdater.java:takeSnapshot(269)) - 0edd2ec6-20bf-4809-95ac-80dc11748221@group-6834AB77F819-StateMachineUpdater: Took a snapshot at index 5
2019-10-21 22:01:39,327 [28432215-63ab-4c85-86e9-79fb72521e72@group-6834AB77F819-StateMachineUpdater] INFO  impl.StateMachineUpdater (StateMachineUpdater.java:lambda$new$0(84)) - 28432215-63ab-4c85-86e9-79fb72521e72@group-6834AB77F819-StateMachineUpdater: snapshotIndex: updateIncreasingly -1 -> 6
2019-10-21 22:01:39,327 [0edd2ec6-20bf-4809-95ac-80dc11748221@group-6834AB77F819-StateMachineUpdater] INFO  impl.StateMachineUpdater (StateMachineUpdater.java:lambda$new$0(84)) - 0edd2ec6-20bf-4809-95ac-80dc11748221@group-6834AB77F819-StateMachineUpdater: snapshotIndex: updateIncreasingly -1 -> 5
2019-10-21 22:01:39,331 [0edd2ec6-20bf-4809-95ac-80dc11748221@group-6834AB77F819-StateMachineUpdater] INFO  ratis.ContainerStateMachine (ContainerStateMachine.java:takeSnapshot(294)) - group-6834AB77F819: Taking a snapshot at:(t:6, i:5) file /workdir/hadoop-ozone/integration-test/target/test-dir/MiniOzoneClusterImpl-55d22b23-1d78-4564-93d7-1f68b9a0b903/datanode-5/data/ratis/4e43fd85-fb0f-4fb0-96cc-6834ab77f819/sm/snapshot.6_5
2019-10-21 22:01:39,331 [ForkJoinPool.commonPool-worker-0] INFO  impl.RaftServerImpl (ServerState.java:close(388)) - 28432215-63ab-4c85-86e9-79fb72521e72@group-6834AB77F819: closes. applyIndex: 6
2019-10-21 22:01:39,332 [28432215-63ab-4c85-86e9-79fb72521e72@group-6834AB77F819-SegmentedRaftLogWorker] INFO  segmented.SegmentedRaftLogWorker (SegmentedRaftLogWorker.java:run(316)) - 28432215-63ab-4c85-86e9-79fb72521e72@group-6834AB77F819-SegmentedRaftLogWorker was interrupted, exiting. There are 0 tasks remaining in the queue.
2019-10-21 22:01:39,363 [ForkJoinPool.commonPool-worker-0] INFO  segmented.SegmentedRaftLogWorker (SegmentedRaftLogWorker.java:close(224)) - 28432215-63ab-4c85-86e9-79fb72521e72@group-6834AB77F819-SegmentedRaftLogWorker close()
2019-10-21 22:01:39,367 [ForkJoinPool.commonPool-worker-0] INFO  server.GrpcService (GrpcService.java:closeImpl(164)) - 28432215-63ab-4c85-86e9-79fb72521e72: shutdown server with port 33589 now
2019-10-21 22:01:39,370 [ForkJoinPool.commonPool-worker-0] INFO  server.GrpcService (GrpcService.java:closeImpl(172)) - 28432215-63ab-4c85-86e9-79fb72521e72: shutdown server with port 33589 successfully
2019-10-21 22:01:39,371 [d2d0250e-a378-4f8a-a4ff-ce07d96628f4@group-129E33F6DE87-LeaderElection129] INFO  impl.LeaderElection (LeaderElection.java:askForVotes(178)) - d2d0250e-a378-4f8a-a4ff-ce07d96628f4@group-129E33F6DE87-LeaderElection129: begin an election at term 115 for -1: [756f57d6-6136-46f3-b5ea-af957dae1eda:192.168.34.8:33063, d2d0250e-a378-4f8a-a4ff-ce07d96628f4:192.168.34.8:43170, a36a670b-6f05-41e5-b505-2b1a8d9f1f79:192.168.34.8:32869], old=null
2019-10-21 22:01:39,372 [0edd2ec6-20bf-4809-95ac-80dc11748221@group-6834AB77F819-StateMachineUpdater] INFO  ratis.ContainerStateMachine (ContainerStateMachine.java:takeSnapshot(305)) - group-6834AB77F819: Finished taking a snapshot at:(t:6, i:5) file:/workdir/hadoop-ozone/integration-test/target/test-dir/MiniOzoneClusterImpl-55d22b23-1d78-4564-93d7-1f68b9a0b903/datanode-5/data/ratis/4e43fd85-fb0f-4fb0-96cc-6834ab77f819/sm/snapshot.6_5 time:41
2019-10-21 22:01:39,372 [0edd2ec6-20bf-4809-95ac-80dc11748221@group-6834AB77F819-StateMachineUpdater] INFO  impl.StateMachineUpdater (StateMachineUpdater.java:takeSnapshot(269)) - 0edd2ec6-20bf-4809-95ac-80dc11748221@group-6834AB77F819-StateMachineUpdater: Took a snapshot at index 5
2019-10-21 22:01:39,373 [0edd2ec6-20bf-4809-95ac-80dc11748221@group-6834AB77F819-StateMachineUpdater] INFO  impl.StateMachineUpdater (StateMachineUpdater.java:lambda$new$0(84)) - 0edd2ec6-20bf-4809-95ac-80dc11748221@group-6834AB77F819-StateMachineUpdater: snapshotIndex: updateIncreasingly 5 -> 5
2019-10-21 22:01:39,373 [main] INFO  impl.RaftServerImpl (ServerState.java:close(388)) - 0edd2ec6-20bf-4809-95ac-80dc11748221@group-6834AB77F819: closes. applyIndex: 6
2019-10-21 22:01:39,373 [0edd2ec6-20bf-4809-95ac-80dc11748221@group-6834AB77F819-SegmentedRaftLogWorker] INFO  segmented.SegmentedRaftLogWorker (SegmentedRaftLogWorker.java:run(316)) - 0edd2ec6-20bf-4809-95ac-80dc11748221@group-6834AB77F819-SegmentedRaftLogWorker was interrupted, exiting. There are 0 tasks remaining in the queue.
2019-10-21 22:01:39,374 [refreshUsed-/workdir/hadoop-ozone/integration-test/target/test-dir/MiniOzoneClusterImpl-55d22b23-1d78-4564-93d7-1f68b9a0b903/datanode-2/data/containers] WARN  fs.CachingGetSpaceUsed (CachingGetSpaceUsed.java:run(183)) - Thread Interrupted waiting to refresh disk information: sleep interrupted
2019-10-21 22:01:39,374 [grpc-default-executor-3] INFO  impl.RaftServerImpl (RaftServerImpl.java:setRole(184)) - a36a670b-6f05-41e5-b505-2b1a8d9f1f79@group-129E33F6DE87: changes role from  FOLLOWER to FOLLOWER at term 115 for recognizeCandidate:d2d0250e-a378-4f8a-a4ff-ce07d96628f4
2019-10-21 22:01:39,380 [main] INFO  segmented.SegmentedRaftLogWorker (SegmentedRaftLogWorker.java:close(224)) - 0edd2ec6-20bf-4809-95ac-80dc11748221@group-6834AB77F819-SegmentedRaftLogWorker close()
2019-10-21 22:01:39,380 [grpc-default-executor-3] INFO  impl.RoleInfo (RoleInfo.java:shutdownFollowerState(121)) - a36a670b-6f05-41e5-b505-2b1a8d9f1f79: shutdown FollowerState
2019-10-21 22:01:39,380 [grpc-default-executor-4] INFO  impl.RaftServerImpl (RaftServerImpl.java:setRole(184)) - 756f57d6-6136-46f3-b5ea-af957dae1eda@group-129E33F6DE87: changes role from  FOLLOWER to FOLLOWER at term 115 for recognizeCandidate:d2d0250e-a378-4f8a-a4ff-ce07d96628f4
2019-10-21 22:01:39,383 [main] INFO  server.GrpcService (GrpcService.java:closeImpl(164)) - 0edd2ec6-20bf-4809-95ac-80dc11748221: shutdown server with port 43533 now
2019-10-21 22:01:39,383 [grpc-default-executor-4] INFO  impl.RoleInfo (RoleInfo.java:shutdownFollowerState(121)) - 756f57d6-6136-46f3-b5ea-af957dae1eda: shutdown FollowerState
2019-10-21 22:01:39,383 [Thread-1348] INFO  impl.FollowerState (FollowerState.java:run(117)) - a36a670b-6f05-41e5-b505-2b1a8d9f1f79@group-129E33F6DE87-FollowerState was interrupted: java.lang.InterruptedException: sleep interrupted
2019-10-21 22:01:39,383 [grpc-default-executor-3] INFO  impl.RoleInfo (RoleInfo.java:updateAndGet(143)) - a36a670b-6f05-41e5-b505-2b1a8d9f1f79: start FollowerState
2019-10-21 22:01:39,384 [main] INFO  server.GrpcService (GrpcService.java:closeImpl(172)) - 0edd2ec6-20bf-4809-95ac-80dc11748221: shutdown server with port 43533 successfully
2019-10-21 22:01:39,384 [grpc-default-executor-4] INFO  impl.RoleInfo (RoleInfo.java:updateAndGet(143)) - 756f57d6-6136-46f3-b5ea-af957dae1eda: start FollowerState
2019-10-21 22:01:39,384 [Thread-1349] INFO  impl.FollowerState (FollowerState.java:run(117)) - 756f57d6-6136-46f3-b5ea-af957dae1eda@group-129E33F6DE87-FollowerState was interrupted: java.lang.InterruptedException: sleep interrupted
2019-10-21 22:01:39,388 [refreshUsed-/workdir/hadoop-ozone/integration-test/target/test-dir/MiniOzoneClusterImpl-55d22b23-1d78-4564-93d7-1f68b9a0b903/datanode-5/data/containers] WARN  fs.CachingGetSpaceUsed (CachingGetSpaceUsed.java:run(183)) - Thread Interrupted waiting to refresh disk information: sleep interrupted
2019-10-21 22:01:39,402 [ForkJoinPool.commonPool-worker-0] INFO  utils.BackgroundService (BackgroundService.java:shutdown(151)) - Shutting down service BlockDeletingService
2019-10-21 22:01:39,405 [main] INFO  utils.BackgroundService (BackgroundService.java:shutdown(151)) - Shutting down service BlockDeletingService
2019-10-21 22:01:39,409 [ForkJoinPool.commonPool-worker-0] INFO  statemachine.DatanodeStateMachine (DatanodeStateMachine.java:stopDaemon(395)) - Ozone container server stopped.
2019-10-21 22:01:39,417 [main] INFO  statemachine.DatanodeStateMachine (DatanodeStateMachine.java:stopDaemon(395)) - Ozone container server stopped.
2019-10-21 22:01:39,419 [ForkJoinPool.commonPool-worker-0] INFO  handler.ContextHandler (ContextHandler.java:doStop(910)) - Stopped o.e.j.w.WebAppContext@895416d{/,null,UNAVAILABLE}{/hddsDatanode}
2019-10-21 22:01:39,420 [main] INFO  handler.ContextHandler (ContextHandler.java:doStop(910)) - Stopped o.e.j.w.WebAppContext@518bfd90{/,null,UNAVAILABLE}{/hddsDatanode}
2019-10-21 22:01:39,420 [ForkJoinPool.commonPool-worker-0] INFO  server.AbstractConnector (AbstractConnector.java:doStop(318)) - Stopped ServerConnector@71a06021{HTTP/1.1,[http/1.1]}{0.0.0.0:0}
2019-10-21 22:01:39,422 [ForkJoinPool.commonPool-worker-0] INFO  handler.ContextHandler (ContextHandler.java:doStop(910)) - Stopped o.e.j.s.ServletContextHandler@4eba373c{/static,jar:file:/home/user/.m2/repository/org/apache/hadoop/hadoop-hdds-container-service/0.5.0-SNAPSHOT/hadoop-hdds-container-service-0.5.0-SNAPSHOT.jar!/webapps/static,UNAVAILABLE}
2019-10-21 22:01:39,423 [ForkJoinPool.commonPool-worker-0] INFO  handler.ContextHandler (ContextHandler.java:doStop(910)) - Stopped o.e.j.s.ServletContextHandler@6403e24c{/logs,file:///workdir/hadoop-ozone/integration-test/target/log,UNAVAILABLE}
2019-10-21 22:01:39,423 [main] INFO  server.AbstractConnector (AbstractConnector.java:doStop(318)) - Stopped ServerConnector@317a118b{HTTP/1.1,[http/1.1]}{0.0.0.0:0}
2019-10-21 22:01:39,424 [d2d0250e-a378-4f8a-a4ff-ce07d96628f4@group-129E33F6DE87-LeaderElection129] INFO  impl.LeaderElection (LeaderElection.java:logAndReturn(56)) - d2d0250e-a378-4f8a-a4ff-ce07d96628f4@group-129E33F6DE87-LeaderElection129: Election REJECTED; received 2 response(s) [d2d0250e-a378-4f8a-a4ff-ce07d96628f4<-756f57d6-6136-46f3-b5ea-af957dae1eda#0:FAIL-t115, d2d0250e-a378-4f8a-a4ff-ce07d96628f4<-a36a670b-6f05-41e5-b505-2b1a8d9f1f79#0:FAIL-t115] and 0 exception(s); d2d0250e-a378-4f8a-a4ff-ce07d96628f4@group-129E33F6DE87:t115, leader=null, voted=d2d0250e-a378-4f8a-a4ff-ce07d96628f4, raftlog=d2d0250e-a378-4f8a-a4ff-ce07d96628f4@group-129E33F6DE87-SegmentedRaftLog:OPENED:c-1,f-1,i0, conf=-1: [756f57d6-6136-46f3-b5ea-af957dae1eda:192.168.34.8:33063, d2d0250e-a378-4f8a-a4ff-ce07d96628f4:192.168.34.8:43170, a36a670b-6f05-41e5-b505-2b1a8d9f1f79:192.168.34.8:32869], old=null
2019-10-21 22:01:39,424 [d2d0250e-a378-4f8a-a4ff-ce07d96628f4@group-129E33F6DE87-LeaderElection129] INFO  impl.RaftServerImpl (RaftServerImpl.java:setRole(184)) - d2d0250e-a378-4f8a-a4ff-ce07d96628f4@group-129E33F6DE87: changes role from CANDIDATE to FOLLOWER at term 115 for DISCOVERED_A_NEW_TERM
2019-10-21 22:01:39,424 [main] INFO  handler.ContextHandler (ContextHandler.java:doStop(910)) - Stopped o.e.j.s.ServletContextHandler@43af351a{/static,jar:file:/home/user/.m2/repository/org/apache/hadoop/hadoop-hdds-container-service/0.5.0-SNAPSHOT/hadoop-hdds-container-service-0.5.0-SNAPSHOT.jar!/webapps/static,UNAVAILABLE}
2019-10-21 22:01:39,424 [d2d0250e-a378-4f8a-a4ff-ce07d96628f4@group-129E33F6DE87-LeaderElection129] INFO  impl.RoleInfo (RoleInfo.java:shutdownLeaderElection(134)) - d2d0250e-a378-4f8a-a4ff-ce07d96628f4: shutdown LeaderElection
2019-10-21 22:01:39,425 [d2d0250e-a378-4f8a-a4ff-ce07d96628f4@group-129E33F6DE87-LeaderElection129] INFO  impl.RoleInfo (RoleInfo.java:updateAndGet(143)) - d2d0250e-a378-4f8a-a4ff-ce07d96628f4: start FollowerState
2019-10-21 22:01:39,425 [main] INFO  handler.ContextHandler (ContextHandler.java:doStop(910)) - Stopped o.e.j.s.ServletContextHandler@97d0c06{/logs,file:///workdir/hadoop-ozone/integration-test/target/log,UNAVAILABLE}
2019-10-21 22:01:39,609 [Thread-1358] INFO  impl.FollowerState (FollowerState.java:run(108)) - d2d0250e-a378-4f8a-a4ff-ce07d96628f4@group-129E33F6DE87-FollowerState: change to CANDIDATE, lastRpcTime:184ms, electionTimeout:184ms
2019-10-21 22:01:39,609 [Thread-1358] INFO  impl.RoleInfo (RoleInfo.java:shutdownFollowerState(121)) - d2d0250e-a378-4f8a-a4ff-ce07d96628f4: shutdown FollowerState
2019-10-21 22:01:39,609 [Thread-1358] INFO  impl.RaftServerImpl (RaftServerImpl.java:setRole(184)) - d2d0250e-a378-4f8a-a4ff-ce07d96628f4@group-129E33F6DE87: changes role from  FOLLOWER to CANDIDATE at term 115 for changeToCandidate
2019-10-21 22:01:39,610 [Thread-1358] INFO  impl.RoleInfo (RoleInfo.java:updateAndGet(143)) - d2d0250e-a378-4f8a-a4ff-ce07d96628f4: start LeaderElection
2019-10-21 22:01:39,624 [d2d0250e-a378-4f8a-a4ff-ce07d96628f4@group-129E33F6DE87-LeaderElection130] INFO  impl.LeaderElection (LeaderElection.java:askForVotes(178)) - d2d0250e-a378-4f8a-a4ff-ce07d96628f4@group-129E33F6DE87-LeaderElection130: begin an election at term 116 for -1: [756f57d6-6136-46f3-b5ea-af957dae1eda:192.168.34.8:33063, d2d0250e-a378-4f8a-a4ff-ce07d96628f4:192.168.34.8:43170, a36a670b-6f05-41e5-b505-2b1a8d9f1f79:192.168.34.8:32869], old=null
2019-10-21 22:01:39,626 [grpc-default-executor-4] INFO  impl.RaftServerImpl (RaftServerImpl.java:setRole(184)) - a36a670b-6f05-41e5-b505-2b1a8d9f1f79@group-129E33F6DE87: changes role from  FOLLOWER to FOLLOWER at term 116 for recognizeCandidate:d2d0250e-a378-4f8a-a4ff-ce07d96628f4
2019-10-21 22:01:39,626 [grpc-default-executor-3] INFO  impl.RaftServerImpl (RaftServerImpl.java:setRole(184)) - 756f57d6-6136-46f3-b5ea-af957dae1eda@group-129E33F6DE87: changes role from  FOLLOWER to FOLLOWER at term 116 for recognizeCandidate:d2d0250e-a378-4f8a-a4ff-ce07d96628f4
2019-10-21 22:01:39,627 [grpc-default-executor-3] INFO  impl.RoleInfo (RoleInfo.java:shutdownFollowerState(121)) - 756f57d6-6136-46f3-b5ea-af957dae1eda: shutdown FollowerState
2019-10-21 22:01:39,626 [grpc-default-executor-4] INFO  impl.RoleInfo (RoleInfo.java:shutdownFollowerState(121)) - a36a670b-6f05-41e5-b505-2b1a8d9f1f79: shutdown FollowerState
2019-10-21 22:01:39,627 [Thread-1357] INFO  impl.FollowerState (FollowerState.java:run(117)) - 756f57d6-6136-46f3-b5ea-af957dae1eda@group-129E33F6DE87-FollowerState was interrupted: java.lang.InterruptedException: sleep interrupted
2019-10-21 22:01:39,627 [grpc-default-executor-3] INFO  impl.RoleInfo (RoleInfo.java:updateAndGet(143)) - 756f57d6-6136-46f3-b5ea-af957dae1eda: start FollowerState
2019-10-21 22:01:39,627 [Thread-1356] INFO  impl.FollowerState (FollowerState.java:run(117)) - a36a670b-6f05-41e5-b505-2b1a8d9f1f79@group-129E33F6DE87-FollowerState was interrupted: java.lang.InterruptedException: sleep interrupted
2019-10-21 22:01:39,627 [grpc-default-executor-4] INFO  impl.RoleInfo (RoleInfo.java:updateAndGet(143)) - a36a670b-6f05-41e5-b505-2b1a8d9f1f79: start FollowerState
2019-10-21 22:01:39,641 [d2d0250e-a378-4f8a-a4ff-ce07d96628f4@group-129E33F6DE87-LeaderElection130] INFO  impl.LeaderElection (LeaderElection.java:logAndReturn(56)) - d2d0250e-a378-4f8a-a4ff-ce07d96628f4@group-129E33F6DE87-LeaderElection130: Election REJECTED; received 2 response(s) [d2d0250e-a378-4f8a-a4ff-ce07d96628f4<-756f57d6-6136-46f3-b5ea-af957dae1eda#0:FAIL-t116, d2d0250e-a378-4f8a-a4ff-ce07d96628f4<-a36a670b-6f05-41e5-b505-2b1a8d9f1f79#0:FAIL-t116] and 0 exception(s); d2d0250e-a378-4f8a-a4ff-ce07d96628f4@group-129E33F6DE87:t116, leader=null, voted=d2d0250e-a378-4f8a-a4ff-ce07d96628f4, raftlog=d2d0250e-a378-4f8a-a4ff-ce07d96628f4@group-129E33F6DE87-SegmentedRaftLog:OPENED:c-1,f-1,i0, conf=-1: [756f57d6-6136-46f3-b5ea-af957dae1eda:192.168.34.8:33063, d2d0250e-a378-4f8a-a4ff-ce07d96628f4:192.168.34.8:43170, a36a670b-6f05-41e5-b505-2b1a8d9f1f79:192.168.34.8:32869], old=null
2019-10-21 22:01:39,641 [d2d0250e-a378-4f8a-a4ff-ce07d96628f4@group-129E33F6DE87-LeaderElection130] INFO  impl.RaftServerImpl (RaftServerImpl.java:setRole(184)) - d2d0250e-a378-4f8a-a4ff-ce07d96628f4@group-129E33F6DE87: changes role from CANDIDATE to FOLLOWER at term 116 for DISCOVERED_A_NEW_TERM
2019-10-21 22:01:39,641 [d2d0250e-a378-4f8a-a4ff-ce07d96628f4@group-129E33F6DE87-LeaderElection130] INFO  impl.RoleInfo (RoleInfo.java:shutdownLeaderElection(134)) - d2d0250e-a378-4f8a-a4ff-ce07d96628f4: shutdown LeaderElection
2019-10-21 22:01:39,642 [d2d0250e-a378-4f8a-a4ff-ce07d96628f4@group-129E33F6DE87-LeaderElection130] INFO  impl.RoleInfo (RoleInfo.java:updateAndGet(143)) - d2d0250e-a378-4f8a-a4ff-ce07d96628f4: start FollowerState
2019-10-21 22:01:39,798 [Thread-1364] INFO  impl.FollowerState (FollowerState.java:run(108)) - d2d0250e-a378-4f8a-a4ff-ce07d96628f4@group-129E33F6DE87-FollowerState: change to CANDIDATE, lastRpcTime:156ms, electionTimeout:156ms
2019-10-21 22:01:39,798 [Thread-1364] INFO  impl.RoleInfo (RoleInfo.java:shutdownFollowerState(121)) - d2d0250e-a378-4f8a-a4ff-ce07d96628f4: shutdown FollowerState
2019-10-21 22:01:39,798 [Thread-1364] INFO  impl.RaftServerImpl (RaftServerImpl.java:setRole(184)) - d2d0250e-a378-4f8a-a4ff-ce07d96628f4@group-129E33F6DE87: changes role from  FOLLOWER to CANDIDATE at term 116 for changeToCandidate
2019-10-21 22:01:39,799 [Thread-1364] INFO  impl.RoleInfo (RoleInfo.java:updateAndGet(143)) - d2d0250e-a378-4f8a-a4ff-ce07d96628f4: start LeaderElection
2019-10-21 22:01:39,812 [d2d0250e-a378-4f8a-a4ff-ce07d96628f4@group-129E33F6DE87-LeaderElection131] INFO  impl.LeaderElection (LeaderElection.java:askForVotes(178)) - d2d0250e-a378-4f8a-a4ff-ce07d96628f4@group-129E33F6DE87-LeaderElection131: begin an election at term 117 for -1: [756f57d6-6136-46f3-b5ea-af957dae1eda:192.168.34.8:33063, d2d0250e-a378-4f8a-a4ff-ce07d96628f4:192.168.34.8:43170, a36a670b-6f05-41e5-b505-2b1a8d9f1f79:192.168.34.8:32869], old=null
2019-10-21 22:01:39,814 [grpc-default-executor-3] INFO  impl.RaftServerImpl (RaftServerImpl.java:setRole(184)) - 756f57d6-6136-46f3-b5ea-af957dae1eda@group-129E33F6DE87: changes role from  FOLLOWER to FOLLOWER at term 117 for recognizeCandidate:d2d0250e-a378-4f8a-a4ff-ce07d96628f4
2019-10-21 22:01:39,814 [grpc-default-executor-4] INFO  impl.RaftServerImpl (RaftServerImpl.java:setRole(184)) - a36a670b-6f05-41e5-b505-2b1a8d9f1f79@group-129E33F6DE87: changes role from  FOLLOWER to FOLLOWER at term 117 for recognizeCandidate:d2d0250e-a378-4f8a-a4ff-ce07d96628f4
2019-10-21 22:01:39,815 [grpc-default-executor-3] INFO  impl.RoleInfo (RoleInfo.java:shutdownFollowerState(121)) - 756f57d6-6136-46f3-b5ea-af957dae1eda: shutdown FollowerState
2019-10-21 22:01:39,815 [grpc-default-executor-4] INFO  impl.RoleInfo (RoleInfo.java:shutdownFollowerState(121)) - a36a670b-6f05-41e5-b505-2b1a8d9f1f79: shutdown FollowerState
2019-10-21 22:01:39,815 [Thread-1362] INFO  impl.FollowerState (FollowerState.java:run(117)) - 756f57d6-6136-46f3-b5ea-af957dae1eda@group-129E33F6DE87-FollowerState was interrupted: java.lang.InterruptedException: sleep interrupted
2019-10-21 22:01:39,815 [grpc-default-executor-3] INFO  impl.RoleInfo (RoleInfo.java:updateAndGet(143)) - 756f57d6-6136-46f3-b5ea-af957dae1eda: start FollowerState
2019-10-21 22:01:39,815 [Thread-1363] INFO  impl.FollowerState (FollowerState.java:run(117)) - a36a670b-6f05-41e5-b505-2b1a8d9f1f79@group-129E33F6DE87-FollowerState was interrupted: java.lang.InterruptedException: sleep interrupted
2019-10-21 22:01:39,815 [grpc-default-executor-4] INFO  impl.RoleInfo (RoleInfo.java:updateAndGet(143)) - a36a670b-6f05-41e5-b505-2b1a8d9f1f79: start FollowerState
2019-10-21 22:01:39,835 [d2d0250e-a378-4f8a-a4ff-ce07d96628f4@group-129E33F6DE87-LeaderElection131] INFO  impl.LeaderElection (LeaderElection.java:logAndReturn(56)) - d2d0250e-a378-4f8a-a4ff-ce07d96628f4@group-129E33F6DE87-LeaderElection131: Election REJECTED; received 2 response(s) [d2d0250e-a378-4f8a-a4ff-ce07d96628f4<-756f57d6-6136-46f3-b5ea-af957dae1eda#0:FAIL-t117, d2d0250e-a378-4f8a-a4ff-ce07d96628f4<-a36a670b-6f05-41e5-b505-2b1a8d9f1f79#0:FAIL-t117] and 0 exception(s); d2d0250e-a378-4f8a-a4ff-ce07d96628f4@group-129E33F6DE87:t117, leader=null, voted=d2d0250e-a378-4f8a-a4ff-ce07d96628f4, raftlog=d2d0250e-a378-4f8a-a4ff-ce07d96628f4@group-129E33F6DE87-SegmentedRaftLog:OPENED:c-1,f-1,i0, conf=-1: [756f57d6-6136-46f3-b5ea-af957dae1eda:192.168.34.8:33063, d2d0250e-a378-4f8a-a4ff-ce07d96628f4:192.168.34.8:43170, a36a670b-6f05-41e5-b505-2b1a8d9f1f79:192.168.34.8:32869], old=null
2019-10-21 22:01:39,836 [d2d0250e-a378-4f8a-a4ff-ce07d96628f4@group-129E33F6DE87-LeaderElection131] INFO  impl.RaftServerImpl (RaftServerImpl.java:setRole(184)) - d2d0250e-a378-4f8a-a4ff-ce07d96628f4@group-129E33F6DE87: changes role from CANDIDATE to FOLLOWER at term 117 for DISCOVERED_A_NEW_TERM
2019-10-21 22:01:39,836 [d2d0250e-a378-4f8a-a4ff-ce07d96628f4@group-129E33F6DE87-LeaderElection131] INFO  impl.RoleInfo (RoleInfo.java:shutdownLeaderElection(134)) - d2d0250e-a378-4f8a-a4ff-ce07d96628f4: shutdown LeaderElection
2019-10-21 22:01:39,836 [d2d0250e-a378-4f8a-a4ff-ce07d96628f4@group-129E33F6DE87-LeaderElection131] INFO  impl.RoleInfo (RoleInfo.java:updateAndGet(143)) - d2d0250e-a378-4f8a-a4ff-ce07d96628f4: start FollowerState
2019-10-21 22:01:39,839 [Thread-1372] INFO  impl.FollowerState (FollowerState.java:run(108)) - d2d0250e-a378-4f8a-a4ff-ce07d96628f4@group-129E33F6DE87-FollowerState: change to CANDIDATE, lastRpcTime:3ms, electionTimeout:3ms
2019-10-21 22:01:39,839 [Thread-1372] INFO  impl.RoleInfo (RoleInfo.java:shutdownFollowerState(121)) - d2d0250e-a378-4f8a-a4ff-ce07d96628f4: shutdown FollowerState
2019-10-21 22:01:39,839 [Thread-1372] INFO  impl.RaftServerImpl (RaftServerImpl.java:setRole(184)) - d2d0250e-a378-4f8a-a4ff-ce07d96628f4@group-129E33F6DE87: changes role from  FOLLOWER to CANDIDATE at term 117 for changeToCandidate
2019-10-21 22:01:39,840 [Thread-1372] INFO  impl.RoleInfo (RoleInfo.java:updateAndGet(143)) - d2d0250e-a378-4f8a-a4ff-ce07d96628f4: start LeaderElection
2019-10-21 22:01:39,849 [d2d0250e-a378-4f8a-a4ff-ce07d96628f4@group-129E33F6DE87-LeaderElection132] INFO  impl.LeaderElection (LeaderElection.java:askForVotes(178)) - d2d0250e-a378-4f8a-a4ff-ce07d96628f4@group-129E33F6DE87-LeaderElection132: begin an election at term 118 for -1: [756f57d6-6136-46f3-b5ea-af957dae1eda:192.168.34.8:33063, d2d0250e-a378-4f8a-a4ff-ce07d96628f4:192.168.34.8:43170, a36a670b-6f05-41e5-b505-2b1a8d9f1f79:192.168.34.8:32869], old=null
2019-10-21 22:01:39,852 [grpc-default-executor-4] INFO  impl.RaftServerImpl (RaftServerImpl.java:setRole(184)) - a36a670b-6f05-41e5-b505-2b1a8d9f1f79@group-129E33F6DE87: changes role from  FOLLOWER to FOLLOWER at term 118 for recognizeCandidate:d2d0250e-a378-4f8a-a4ff-ce07d96628f4
2019-10-21 22:01:39,852 [grpc-default-executor-4] INFO  impl.RoleInfo (RoleInfo.java:shutdownFollowerState(121)) - a36a670b-6f05-41e5-b505-2b1a8d9f1f79: shutdown FollowerState
2019-10-21 22:01:39,852 [grpc-default-executor-4] INFO  impl.RoleInfo (RoleInfo.java:updateAndGet(143)) - a36a670b-6f05-41e5-b505-2b1a8d9f1f79: start FollowerState
2019-10-21 22:01:39,852 [grpc-default-executor-3] INFO  impl.RaftServerImpl (RaftServerImpl.java:setRole(184)) - 756f57d6-6136-46f3-b5ea-af957dae1eda@group-129E33F6DE87: changes role from  FOLLOWER to FOLLOWER at term 118 for recognizeCandidate:d2d0250e-a378-4f8a-a4ff-ce07d96628f4
2019-10-21 22:01:39,852 [Thread-1369] INFO  impl.FollowerState (FollowerState.java:run(117)) - a36a670b-6f05-41e5-b505-2b1a8d9f1f79@group-129E33F6DE87-FollowerState was interrupted: java.lang.InterruptedException: sleep interrupted
2019-10-21 22:01:39,853 [grpc-default-executor-3] INFO  impl.RoleInfo (RoleInfo.java:shutdownFollowerState(121)) - 756f57d6-6136-46f3-b5ea-af957dae1eda: shutdown FollowerState
2019-10-21 22:01:39,853 [Thread-1368] INFO  impl.FollowerState (FollowerState.java:run(117)) - 756f57d6-6136-46f3-b5ea-af957dae1eda@group-129E33F6DE87-FollowerState was interrupted: java.lang.InterruptedException: sleep interrupted
2019-10-21 22:01:39,853 [grpc-default-executor-3] INFO  impl.RoleInfo (RoleInfo.java:updateAndGet(143)) - 756f57d6-6136-46f3-b5ea-af957dae1eda: start FollowerState
2019-10-21 22:01:39,867 [d2d0250e-a378-4f8a-a4ff-ce07d96628f4@group-129E33F6DE87-LeaderElection132] INFO  impl.LeaderElection (LeaderElection.java:logAndReturn(56)) - d2d0250e-a378-4f8a-a4ff-ce07d96628f4@group-129E33F6DE87-LeaderElection132: Election REJECTED; received 2 response(s) [d2d0250e-a378-4f8a-a4ff-ce07d96628f4<-756f57d6-6136-46f3-b5ea-af957dae1eda#0:FAIL-t118, d2d0250e-a378-4f8a-a4ff-ce07d96628f4<-a36a670b-6f05-41e5-b505-2b1a8d9f1f79#0:FAIL-t118] and 0 exception(s); d2d0250e-a378-4f8a-a4ff-ce07d96628f4@group-129E33F6DE87:t118, leader=null, voted=d2d0250e-a378-4f8a-a4ff-ce07d96628f4, raftlog=d2d0250e-a378-4f8a-a4ff-ce07d96628f4@group-129E33F6DE87-SegmentedRaftLog:OPENED:c-1,f-1,i0, conf=-1: [756f57d6-6136-46f3-b5ea-af957dae1eda:192.168.34.8:33063, d2d0250e-a378-4f8a-a4ff-ce07d96628f4:192.168.34.8:43170, a36a670b-6f05-41e5-b505-2b1a8d9f1f79:192.168.34.8:32869], old=null
2019-10-21 22:01:39,867 [d2d0250e-a378-4f8a-a4ff-ce07d96628f4@group-129E33F6DE87-LeaderElection132] INFO  impl.RaftServerImpl (RaftServerImpl.java:setRole(184)) - d2d0250e-a378-4f8a-a4ff-ce07d96628f4@group-129E33F6DE87: changes role from CANDIDATE to FOLLOWER at term 118 for DISCOVERED_A_NEW_TERM
2019-10-21 22:01:39,867 [d2d0250e-a378-4f8a-a4ff-ce07d96628f4@group-129E33F6DE87-LeaderElection132] INFO  impl.RoleInfo (RoleInfo.java:shutdownLeaderElection(134)) - d2d0250e-a378-4f8a-a4ff-ce07d96628f4: shutdown LeaderElection
2019-10-21 22:01:39,867 [d2d0250e-a378-4f8a-a4ff-ce07d96628f4@group-129E33F6DE87-LeaderElection132] INFO  impl.RoleInfo (RoleInfo.java:updateAndGet(143)) - d2d0250e-a378-4f8a-a4ff-ce07d96628f4: start FollowerState
2019-10-21 22:01:39,923 [Thread-1378] INFO  impl.FollowerState (FollowerState.java:run(108)) - d2d0250e-a378-4f8a-a4ff-ce07d96628f4@group-129E33F6DE87-FollowerState: change to CANDIDATE, lastRpcTime:55ms, electionTimeout:55ms
2019-10-21 22:01:39,923 [Thread-1378] INFO  impl.RoleInfo (RoleInfo.java:shutdownFollowerState(121)) - d2d0250e-a378-4f8a-a4ff-ce07d96628f4: shutdown FollowerState
2019-10-21 22:01:39,923 [Thread-1378] INFO  impl.RaftServerImpl (RaftServerImpl.java:setRole(184)) - d2d0250e-a378-4f8a-a4ff-ce07d96628f4@group-129E33F6DE87: changes role from  FOLLOWER to CANDIDATE at term 118 for changeToCandidate
2019-10-21 22:01:39,923 [Thread-1378] INFO  impl.RoleInfo (RoleInfo.java:updateAndGet(143)) - d2d0250e-a378-4f8a-a4ff-ce07d96628f4: start LeaderElection
2019-10-21 22:01:39,938 [d2d0250e-a378-4f8a-a4ff-ce07d96628f4@group-129E33F6DE87-LeaderElection133] INFO  impl.LeaderElection (LeaderElection.java:askForVotes(178)) - d2d0250e-a378-4f8a-a4ff-ce07d96628f4@group-129E33F6DE87-LeaderElection133: begin an election at term 119 for -1: [756f57d6-6136-46f3-b5ea-af957dae1eda:192.168.34.8:33063, d2d0250e-a378-4f8a-a4ff-ce07d96628f4:192.168.34.8:43170, a36a670b-6f05-41e5-b505-2b1a8d9f1f79:192.168.34.8:32869], old=null
2019-10-21 22:01:39,940 [grpc-default-executor-4] INFO  impl.RaftServerImpl (RaftServerImpl.java:setRole(184)) - 756f57d6-6136-46f3-b5ea-af957dae1eda@group-129E33F6DE87: changes role from  FOLLOWER to FOLLOWER at term 119 for recognizeCandidate:d2d0250e-a378-4f8a-a4ff-ce07d96628f4
2019-10-21 22:01:39,940 [grpc-default-executor-4] INFO  impl.RoleInfo (RoleInfo.java:shutdownFollowerState(121)) - 756f57d6-6136-46f3-b5ea-af957dae1eda: shutdown FollowerState
2019-10-21 22:01:39,940 [grpc-default-executor-3] INFO  impl.RaftServerImpl (RaftServerImpl.java:setRole(184)) - a36a670b-6f05-41e5-b505-2b1a8d9f1f79@group-129E33F6DE87: changes role from  FOLLOWER to FOLLOWER at term 119 for recognizeCandidate:d2d0250e-a378-4f8a-a4ff-ce07d96628f4
2019-10-21 22:01:39,941 [grpc-default-executor-3] INFO  impl.RoleInfo (RoleInfo.java:shutdownFollowerState(121)) - a36a670b-6f05-41e5-b505-2b1a8d9f1f79: shutdown FollowerState
2019-10-21 22:01:39,941 [grpc-default-executor-4] INFO  impl.RoleInfo (RoleInfo.java:updateAndGet(143)) - 756f57d6-6136-46f3-b5ea-af957dae1eda: start FollowerState
2019-10-21 22:01:39,941 [Thread-1377] INFO  impl.FollowerState (FollowerState.java:run(117)) - 756f57d6-6136-46f3-b5ea-af957dae1eda@group-129E33F6DE87-FollowerState was interrupted: java.lang.InterruptedException: sleep interrupted
2019-10-21 22:01:39,941 [grpc-default-executor-3] INFO  impl.RoleInfo (RoleInfo.java:updateAndGet(143)) - a36a670b-6f05-41e5-b505-2b1a8d9f1f79: start FollowerState
2019-10-21 22:01:39,941 [Thread-1376] INFO  impl.FollowerState (FollowerState.java:run(117)) - a36a670b-6f05-41e5-b505-2b1a8d9f1f79@group-129E33F6DE87-FollowerState was interrupted: java.lang.InterruptedException: sleep interrupted
2019-10-21 22:01:39,955 [d2d0250e-a378-4f8a-a4ff-ce07d96628f4@group-129E33F6DE87-LeaderElection133] INFO  impl.LeaderElection (LeaderElection.java:logAndReturn(56)) - d2d0250e-a378-4f8a-a4ff-ce07d96628f4@group-129E33F6DE87-LeaderElection133: Election REJECTED; received 2 response(s) [d2d0250e-a378-4f8a-a4ff-ce07d96628f4<-756f57d6-6136-46f3-b5ea-af957dae1eda#0:FAIL-t119, d2d0250e-a378-4f8a-a4ff-ce07d96628f4<-a36a670b-6f05-41e5-b505-2b1a8d9f1f79#0:FAIL-t119] and 0 exception(s); d2d0250e-a378-4f8a-a4ff-ce07d96628f4@group-129E33F6DE87:t119, leader=null, voted=d2d0250e-a378-4f8a-a4ff-ce07d96628f4, raftlog=d2d0250e-a378-4f8a-a4ff-ce07d96628f4@group-129E33F6DE87-SegmentedRaftLog:OPENED:c-1,f-1,i0, conf=-1: [756f57d6-6136-46f3-b5ea-af957dae1eda:192.168.34.8:33063, d2d0250e-a378-4f8a-a4ff-ce07d96628f4:192.168.34.8:43170, a36a670b-6f05-41e5-b505-2b1a8d9f1f79:192.168.34.8:32869], old=null
2019-10-21 22:01:39,956 [d2d0250e-a378-4f8a-a4ff-ce07d96628f4@group-129E33F6DE87-LeaderElection133] INFO  impl.RaftServerImpl (RaftServerImpl.java:setRole(184)) - d2d0250e-a378-4f8a-a4ff-ce07d96628f4@group-129E33F6DE87: changes role from CANDIDATE to FOLLOWER at term 119 for DISCOVERED_A_NEW_TERM
2019-10-21 22:01:39,956 [d2d0250e-a378-4f8a-a4ff-ce07d96628f4@group-129E33F6DE87-LeaderElection133] INFO  impl.RoleInfo (RoleInfo.java:shutdownLeaderElection(134)) - d2d0250e-a378-4f8a-a4ff-ce07d96628f4: shutdown LeaderElection
2019-10-21 22:01:39,956 [d2d0250e-a378-4f8a-a4ff-ce07d96628f4@group-129E33F6DE87-LeaderElection133] INFO  impl.RoleInfo (RoleInfo.java:updateAndGet(143)) - d2d0250e-a378-4f8a-a4ff-ce07d96628f4: start FollowerState
2019-10-21 22:01:40,017 [Thread-1384] INFO  impl.FollowerState (FollowerState.java:run(108)) - d2d0250e-a378-4f8a-a4ff-ce07d96628f4@group-129E33F6DE87-FollowerState: change to CANDIDATE, lastRpcTime:61ms, electionTimeout:61ms
2019-10-21 22:01:40,018 [Thread-1384] INFO  impl.RoleInfo (RoleInfo.java:shutdownFollowerState(121)) - d2d0250e-a378-4f8a-a4ff-ce07d96628f4: shutdown FollowerState
2019-10-21 22:01:40,018 [Thread-1384] INFO  impl.RaftServerImpl (RaftServerImpl.java:setRole(184)) - d2d0250e-a378-4f8a-a4ff-ce07d96628f4@group-129E33F6DE87: changes role from  FOLLOWER to CANDIDATE at term 119 for changeToCandidate
2019-10-21 22:01:40,018 [Thread-1384] INFO  impl.RoleInfo (RoleInfo.java:updateAndGet(143)) - d2d0250e-a378-4f8a-a4ff-ce07d96628f4: start LeaderElection
2019-10-21 22:01:40,031 [d2d0250e-a378-4f8a-a4ff-ce07d96628f4@group-129E33F6DE87-LeaderElection134] INFO  impl.LeaderElection (LeaderElection.java:askForVotes(178)) - d2d0250e-a378-4f8a-a4ff-ce07d96628f4@group-129E33F6DE87-LeaderElection134: begin an election at term 120 for -1: [756f57d6-6136-46f3-b5ea-af957dae1eda:192.168.34.8:33063, d2d0250e-a378-4f8a-a4ff-ce07d96628f4:192.168.34.8:43170, a36a670b-6f05-41e5-b505-2b1a8d9f1f79:192.168.34.8:32869], old=null
2019-10-21 22:01:40,034 [grpc-default-executor-4] INFO  impl.RaftServerImpl (RaftServerImpl.java:setRole(184)) - 756f57d6-6136-46f3-b5ea-af957dae1eda@group-129E33F6DE87: changes role from  FOLLOWER to FOLLOWER at term 120 for recognizeCandidate:d2d0250e-a378-4f8a-a4ff-ce07d96628f4
2019-10-21 22:01:40,034 [grpc-default-executor-4] INFO  impl.RoleInfo (RoleInfo.java:shutdownFollowerState(121)) - 756f57d6-6136-46f3-b5ea-af957dae1eda: shutdown FollowerState
2019-10-21 22:01:40,034 [grpc-default-executor-3] INFO  impl.RaftServerImpl (RaftServerImpl.java:setRole(184)) - a36a670b-6f05-41e5-b505-2b1a8d9f1f79@group-129E33F6DE87: changes role from  FOLLOWER to FOLLOWER at term 120 for recognizeCandidate:d2d0250e-a378-4f8a-a4ff-ce07d96628f4
2019-10-21 22:01:40,034 [grpc-default-executor-4] INFO  impl.RoleInfo (RoleInfo.java:updateAndGet(143)) - 756f57d6-6136-46f3-b5ea-af957dae1eda: start FollowerState
2019-10-21 22:01:40,035 [Thread-1382] INFO  impl.FollowerState (FollowerState.java:run(117)) - 756f57d6-6136-46f3-b5ea-af957dae1eda@group-129E33F6DE87-FollowerState was interrupted: java.lang.InterruptedException: sleep interrupted
2019-10-21 22:01:40,035 [grpc-default-executor-3] INFO  impl.RoleInfo (RoleInfo.java:shutdownFollowerState(121)) - a36a670b-6f05-41e5-b505-2b1a8d9f1f79: shutdown FollowerState
2019-10-21 22:01:40,035 [grpc-default-executor-3] INFO  impl.RoleInfo (RoleInfo.java:updateAndGet(143)) - a36a670b-6f05-41e5-b505-2b1a8d9f1f79: start FollowerState
2019-10-21 22:01:40,035 [Thread-1383] INFO  impl.FollowerState (FollowerState.java:run(117)) - a36a670b-6f05-41e5-b505-2b1a8d9f1f79@group-129E33F6DE87-FollowerState was interrupted: java.lang.InterruptedException: sleep interrupted
2019-10-21 22:01:40,049 [d2d0250e-a378-4f8a-a4ff-ce07d96628f4@group-129E33F6DE87-LeaderElection134] INFO  impl.LeaderElection (LeaderElection.java:logAndReturn(56)) - d2d0250e-a378-4f8a-a4ff-ce07d96628f4@group-129E33F6DE87-LeaderElection134: Election REJECTED; received 2 response(s) [d2d0250e-a378-4f8a-a4ff-ce07d96628f4<-756f57d6-6136-46f3-b5ea-af957dae1eda#0:FAIL-t120, d2d0250e-a378-4f8a-a4ff-ce07d96628f4<-a36a670b-6f05-41e5-b505-2b1a8d9f1f79#0:FAIL-t120] and 0 exception(s); d2d0250e-a378-4f8a-a4ff-ce07d96628f4@group-129E33F6DE87:t120, leader=null, voted=d2d0250e-a378-4f8a-a4ff-ce07d96628f4, raftlog=d2d0250e-a378-4f8a-a4ff-ce07d96628f4@group-129E33F6DE87-SegmentedRaftLog:OPENED:c-1,f-1,i0, conf=-1: [756f57d6-6136-46f3-b5ea-af957dae1eda:192.168.34.8:33063, d2d0250e-a378-4f8a-a4ff-ce07d96628f4:192.168.34.8:43170, a36a670b-6f05-41e5-b505-2b1a8d9f1f79:192.168.34.8:32869], old=null
2019-10-21 22:01:40,049 [d2d0250e-a378-4f8a-a4ff-ce07d96628f4@group-129E33F6DE87-LeaderElection134] INFO  impl.RaftServerImpl (RaftServerImpl.java:setRole(184)) - d2d0250e-a378-4f8a-a4ff-ce07d96628f4@group-129E33F6DE87: changes role from CANDIDATE to FOLLOWER at term 120 for DISCOVERED_A_NEW_TERM
2019-10-21 22:01:40,049 [d2d0250e-a378-4f8a-a4ff-ce07d96628f4@group-129E33F6DE87-LeaderElection134] INFO  impl.RoleInfo (RoleInfo.java:shutdownLeaderElection(134)) - d2d0250e-a378-4f8a-a4ff-ce07d96628f4: shutdown LeaderElection
2019-10-21 22:01:40,049 [d2d0250e-a378-4f8a-a4ff-ce07d96628f4@group-129E33F6DE87-LeaderElection134] INFO  impl.RoleInfo (RoleInfo.java:updateAndGet(143)) - d2d0250e-a378-4f8a-a4ff-ce07d96628f4: start FollowerState
2019-10-21 22:01:40,121 [Datanode State Machine Thread - 0] INFO  statemachine.DatanodeStateMachine (DatanodeStateMachine.java:lambda$startDaemon$0(350)) - Ozone container server started.
2019-10-21 22:01:40,181 [Thread-1390] INFO  impl.FollowerState (FollowerState.java:run(108)) - d2d0250e-a378-4f8a-a4ff-ce07d96628f4@group-129E33F6DE87-FollowerState: change to CANDIDATE, lastRpcTime:131ms, electionTimeout:131ms
2019-10-21 22:01:40,181 [Thread-1390] INFO  impl.RoleInfo (RoleInfo.java:shutdownFollowerState(121)) - d2d0250e-a378-4f8a-a4ff-ce07d96628f4: shutdown FollowerState
2019-10-21 22:01:40,181 [Thread-1390] INFO  impl.RaftServerImpl (RaftServerImpl.java:setRole(184)) - d2d0250e-a378-4f8a-a4ff-ce07d96628f4@group-129E33F6DE87: changes role from  FOLLOWER to CANDIDATE at term 120 for changeToCandidate
2019-10-21 22:01:40,181 [Thread-1390] INFO  impl.RoleInfo (RoleInfo.java:updateAndGet(143)) - d2d0250e-a378-4f8a-a4ff-ce07d96628f4: start LeaderElection
2019-10-21 22:01:40,196 [d2d0250e-a378-4f8a-a4ff-ce07d96628f4@group-129E33F6DE87-LeaderElection135] INFO  impl.LeaderElection (LeaderElection.java:askForVotes(178)) - d2d0250e-a378-4f8a-a4ff-ce07d96628f4@group-129E33F6DE87-LeaderElection135: begin an election at term 121 for -1: [756f57d6-6136-46f3-b5ea-af957dae1eda:192.168.34.8:33063, d2d0250e-a378-4f8a-a4ff-ce07d96628f4:192.168.34.8:43170, a36a670b-6f05-41e5-b505-2b1a8d9f1f79:192.168.34.8:32869], old=null
2019-10-21 22:01:40,199 [grpc-default-executor-4] INFO  impl.RaftServerImpl (RaftServerImpl.java:setRole(184)) - a36a670b-6f05-41e5-b505-2b1a8d9f1f79@group-129E33F6DE87: changes role from  FOLLOWER to FOLLOWER at term 121 for recognizeCandidate:d2d0250e-a378-4f8a-a4ff-ce07d96628f4
2019-10-21 22:01:40,199 [grpc-default-executor-4] INFO  impl.RoleInfo (RoleInfo.java:shutdownFollowerState(121)) - a36a670b-6f05-41e5-b505-2b1a8d9f1f79: shutdown FollowerState
2019-10-21 22:01:40,199 [grpc-default-executor-3] INFO  impl.RaftServerImpl (RaftServerImpl.java:setRole(184)) - 756f57d6-6136-46f3-b5ea-af957dae1eda@group-129E33F6DE87: changes role from  FOLLOWER to FOLLOWER at term 121 for recognizeCandidate:d2d0250e-a378-4f8a-a4ff-ce07d96628f4
2019-10-21 22:01:40,199 [grpc-default-executor-4] INFO  impl.RoleInfo (RoleInfo.java:updateAndGet(143)) - a36a670b-6f05-41e5-b505-2b1a8d9f1f79: start FollowerState
2019-10-21 22:01:40,200 [grpc-default-executor-3] INFO  impl.RoleInfo (RoleInfo.java:shutdownFollowerState(121)) - 756f57d6-6136-46f3-b5ea-af957dae1eda: shutdown FollowerState
2019-10-21 22:01:40,199 [Thread-1389] INFO  impl.FollowerState (FollowerState.java:run(117)) - a36a670b-6f05-41e5-b505-2b1a8d9f1f79@group-129E33F6DE87-FollowerState was interrupted: java.lang.InterruptedException: sleep interrupted
2019-10-21 22:01:40,200 [grpc-default-executor-3] INFO  impl.RoleInfo (RoleInfo.java:updateAndGet(143)) - 756f57d6-6136-46f3-b5ea-af957dae1eda: start FollowerState
2019-10-21 22:01:40,200 [Thread-1388] INFO  impl.FollowerState (FollowerState.java:run(117)) - 756f57d6-6136-46f3-b5ea-af957dae1eda@group-129E33F6DE87-FollowerState was interrupted: java.lang.InterruptedException: sleep interrupted
2019-10-21 22:01:40,215 [d2d0250e-a378-4f8a-a4ff-ce07d96628f4@group-129E33F6DE87-LeaderElection135] INFO  impl.LeaderElection (LeaderElection.java:logAndReturn(56)) - d2d0250e-a378-4f8a-a4ff-ce07d96628f4@group-129E33F6DE87-LeaderElection135: Election REJECTED; received 2 response(s) [d2d0250e-a378-4f8a-a4ff-ce07d96628f4<-756f57d6-6136-46f3-b5ea-af957dae1eda#0:FAIL-t121, d2d0250e-a378-4f8a-a4ff-ce07d96628f4<-a36a670b-6f05-41e5-b505-2b1a8d9f1f79#0:FAIL-t121] and 0 exception(s); d2d0250e-a378-4f8a-a4ff-ce07d96628f4@group-129E33F6DE87:t121, leader=null, voted=d2d0250e-a378-4f8a-a4ff-ce07d96628f4, raftlog=d2d0250e-a378-4f8a-a4ff-ce07d96628f4@group-129E33F6DE87-SegmentedRaftLog:OPENED:c-1,f-1,i0, conf=-1: [756f57d6-6136-46f3-b5ea-af957dae1eda:192.168.34.8:33063, d2d0250e-a378-4f8a-a4ff-ce07d96628f4:192.168.34.8:43170, a36a670b-6f05-41e5-b505-2b1a8d9f1f79:192.168.34.8:32869], old=null
2019-10-21 22:01:40,216 [d2d0250e-a378-4f8a-a4ff-ce07d96628f4@group-129E33F6DE87-LeaderElection135] INFO  impl.RaftServerImpl (RaftServerImpl.java:setRole(184)) - d2d0250e-a378-4f8a-a4ff-ce07d96628f4@group-129E33F6DE87: changes role from CANDIDATE to FOLLOWER at term 121 for DISCOVERED_A_NEW_TERM
2019-10-21 22:01:40,216 [d2d0250e-a378-4f8a-a4ff-ce07d96628f4@group-129E33F6DE87-LeaderElection135] INFO  impl.RoleInfo (RoleInfo.java:shutdownLeaderElection(134)) - d2d0250e-a378-4f8a-a4ff-ce07d96628f4: shutdown LeaderElection
2019-10-21 22:01:40,216 [d2d0250e-a378-4f8a-a4ff-ce07d96628f4@group-129E33F6DE87-LeaderElection135] INFO  impl.RoleInfo (RoleInfo.java:updateAndGet(143)) - d2d0250e-a378-4f8a-a4ff-ce07d96628f4: start FollowerState
2019-10-21 22:01:40,223 [Thread-1396] INFO  impl.FollowerState (FollowerState.java:run(108)) - d2d0250e-a378-4f8a-a4ff-ce07d96628f4@group-129E33F6DE87-FollowerState: change to CANDIDATE, lastRpcTime:7ms, electionTimeout:7ms
2019-10-21 22:01:40,223 [Thread-1396] INFO  impl.RoleInfo (RoleInfo.java:shutdownFollowerState(121)) - d2d0250e-a378-4f8a-a4ff-ce07d96628f4: shutdown FollowerState
2019-10-21 22:01:40,223 [Thread-1396] INFO  impl.RaftServerImpl (RaftServerImpl.java:setRole(184)) - d2d0250e-a378-4f8a-a4ff-ce07d96628f4@group-129E33F6DE87: changes role from  FOLLOWER to CANDIDATE at term 121 for changeToCandidate
2019-10-21 22:01:40,224 [Thread-1396] INFO  impl.RoleInfo (RoleInfo.java:updateAndGet(143)) - d2d0250e-a378-4f8a-a4ff-ce07d96628f4: start LeaderElection
2019-10-21 22:01:40,237 [d2d0250e-a378-4f8a-a4ff-ce07d96628f4@group-129E33F6DE87-LeaderElection136] INFO  impl.LeaderElection (LeaderElection.java:askForVotes(178)) - d2d0250e-a378-4f8a-a4ff-ce07d96628f4@group-129E33F6DE87-LeaderElection136: begin an election at term 122 for -1: [756f57d6-6136-46f3-b5ea-af957dae1eda:192.168.34.8:33063, d2d0250e-a378-4f8a-a4ff-ce07d96628f4:192.168.34.8:43170, a36a670b-6f05-41e5-b505-2b1a8d9f1f79:192.168.34.8:32869], old=null
2019-10-21 22:01:40,239 [grpc-default-executor-4] INFO  impl.RaftServerImpl (RaftServerImpl.java:setRole(184)) - a36a670b-6f05-41e5-b505-2b1a8d9f1f79@group-129E33F6DE87: changes role from  FOLLOWER to FOLLOWER at term 122 for recognizeCandidate:d2d0250e-a378-4f8a-a4ff-ce07d96628f4
2019-10-21 22:01:40,239 [grpc-default-executor-4] INFO  impl.RoleInfo (RoleInfo.java:shutdownFollowerState(121)) - a36a670b-6f05-41e5-b505-2b1a8d9f1f79: shutdown FollowerState
2019-10-21 22:01:40,239 [grpc-default-executor-3] INFO  impl.RaftServerImpl (RaftServerImpl.java:setRole(184)) - 756f57d6-6136-46f3-b5ea-af957dae1eda@group-129E33F6DE87: changes role from  FOLLOWER to FOLLOWER at term 122 for recognizeCandidate:d2d0250e-a378-4f8a-a4ff-ce07d96628f4
2019-10-21 22:01:40,240 [grpc-default-executor-3] INFO  impl.RoleInfo (RoleInfo.java:shutdownFollowerState(121)) - 756f57d6-6136-46f3-b5ea-af957dae1eda: shutdown FollowerState
2019-10-21 22:01:40,240 [grpc-default-executor-4] INFO  impl.RoleInfo (RoleInfo.java:updateAndGet(143)) - a36a670b-6f05-41e5-b505-2b1a8d9f1f79: start FollowerState
2019-10-21 22:01:40,240 [Thread-1395] INFO  impl.FollowerState (FollowerState.java:run(117)) - 756f57d6-6136-46f3-b5ea-af957dae1eda@group-129E33F6DE87-FollowerState was interrupted: java.lang.InterruptedException: sleep interrupted
2019-10-21 22:01:40,240 [grpc-default-executor-3] INFO  impl.RoleInfo (RoleInfo.java:updateAndGet(143)) - 756f57d6-6136-46f3-b5ea-af957dae1eda: start FollowerState
2019-10-21 22:01:40,240 [Thread-1394] INFO  impl.FollowerState (FollowerState.java:run(117)) - a36a670b-6f05-41e5-b505-2b1a8d9f1f79@group-129E33F6DE87-FollowerState was interrupted: java.lang.InterruptedException: sleep interrupted
2019-10-21 22:01:40,254 [d2d0250e-a378-4f8a-a4ff-ce07d96628f4@group-129E33F6DE87-LeaderElection136] INFO  impl.LeaderElection (LeaderElection.java:logAndReturn(56)) - d2d0250e-a378-4f8a-a4ff-ce07d96628f4@group-129E33F6DE87-LeaderElection136: Election REJECTED; received 2 response(s) [d2d0250e-a378-4f8a-a4ff-ce07d96628f4<-756f57d6-6136-46f3-b5ea-af957dae1eda#0:FAIL-t122, d2d0250e-a378-4f8a-a4ff-ce07d96628f4<-a36a670b-6f05-41e5-b505-2b1a8d9f1f79#0:FAIL-t122] and 0 exception(s); d2d0250e-a378-4f8a-a4ff-ce07d96628f4@group-129E33F6DE87:t122, leader=null, voted=d2d0250e-a378-4f8a-a4ff-ce07d96628f4, raftlog=d2d0250e-a378-4f8a-a4ff-ce07d96628f4@group-129E33F6DE87-SegmentedRaftLog:OPENED:c-1,f-1,i0, conf=-1: [756f57d6-6136-46f3-b5ea-af957dae1eda:192.168.34.8:33063, d2d0250e-a378-4f8a-a4ff-ce07d96628f4:192.168.34.8:43170, a36a670b-6f05-41e5-b505-2b1a8d9f1f79:192.168.34.8:32869], old=null
2019-10-21 22:01:40,254 [d2d0250e-a378-4f8a-a4ff-ce07d96628f4@group-129E33F6DE87-LeaderElection136] INFO  impl.RaftServerImpl (RaftServerImpl.java:setRole(184)) - d2d0250e-a378-4f8a-a4ff-ce07d96628f4@group-129E33F6DE87: changes role from CANDIDATE to FOLLOWER at term 122 for DISCOVERED_A_NEW_TERM
2019-10-21 22:01:40,255 [d2d0250e-a378-4f8a-a4ff-ce07d96628f4@group-129E33F6DE87-LeaderElection136] INFO  impl.RoleInfo (RoleInfo.java:shutdownLeaderElection(134)) - d2d0250e-a378-4f8a-a4ff-ce07d96628f4: shutdown LeaderElection
2019-10-21 22:01:40,255 [d2d0250e-a378-4f8a-a4ff-ce07d96628f4@group-129E33F6DE87-LeaderElection136] INFO  impl.RoleInfo (RoleInfo.java:updateAndGet(143)) - d2d0250e-a378-4f8a-a4ff-ce07d96628f4: start FollowerState
2019-10-21 22:01:40,387 [Thread-1402] INFO  impl.FollowerState (FollowerState.java:run(108)) - d2d0250e-a378-4f8a-a4ff-ce07d96628f4@group-129E33F6DE87-FollowerState: change to CANDIDATE, lastRpcTime:132ms, electionTimeout:132ms
2019-10-21 22:01:40,387 [Thread-1402] INFO  impl.RoleInfo (RoleInfo.java:shutdownFollowerState(121)) - d2d0250e-a378-4f8a-a4ff-ce07d96628f4: shutdown FollowerState
2019-10-21 22:01:40,387 [Thread-1402] INFO  impl.RaftServerImpl (RaftServerImpl.java:setRole(184)) - d2d0250e-a378-4f8a-a4ff-ce07d96628f4@group-129E33F6DE87: changes role from  FOLLOWER to CANDIDATE at term 122 for changeToCandidate
2019-10-21 22:01:40,388 [Thread-1402] INFO  impl.RoleInfo (RoleInfo.java:updateAndGet(143)) - d2d0250e-a378-4f8a-a4ff-ce07d96628f4: start LeaderElection
2019-10-21 22:01:40,401 [d2d0250e-a378-4f8a-a4ff-ce07d96628f4@group-129E33F6DE87-LeaderElection137] INFO  impl.LeaderElection (LeaderElection.java:askForVotes(178)) - d2d0250e-a378-4f8a-a4ff-ce07d96628f4@group-129E33F6DE87-LeaderElection137: begin an election at term 123 for -1: [756f57d6-6136-46f3-b5ea-af957dae1eda:192.168.34.8:33063, d2d0250e-a378-4f8a-a4ff-ce07d96628f4:192.168.34.8:43170, a36a670b-6f05-41e5-b505-2b1a8d9f1f79:192.168.34.8:32869], old=null
2019-10-21 22:01:40,403 [grpc-default-executor-3] INFO  impl.RaftServerImpl (RaftServerImpl.java:setRole(184)) - 756f57d6-6136-46f3-b5ea-af957dae1eda@group-129E33F6DE87: changes role from  FOLLOWER to FOLLOWER at term 123 for recognizeCandidate:d2d0250e-a378-4f8a-a4ff-ce07d96628f4
2019-10-21 22:01:40,403 [grpc-default-executor-3] INFO  impl.RoleInfo (RoleInfo.java:shutdownFollowerState(121)) - 756f57d6-6136-46f3-b5ea-af957dae1eda: shutdown FollowerState
2019-10-21 22:01:40,403 [grpc-default-executor-4] INFO  impl.RaftServerImpl (RaftServerImpl.java:setRole(184)) - a36a670b-6f05-41e5-b505-2b1a8d9f1f79@group-129E33F6DE87: changes role from  FOLLOWER to FOLLOWER at term 123 for recognizeCandidate:d2d0250e-a378-4f8a-a4ff-ce07d96628f4
2019-10-21 22:01:40,404 [Thread-1401] INFO  impl.FollowerState (FollowerState.java:run(117)) - 756f57d6-6136-46f3-b5ea-af957dae1eda@group-129E33F6DE87-FollowerState was interrupted: java.lang.InterruptedException: sleep interrupted
2019-10-21 22:01:40,404 [grpc-default-executor-3] INFO  impl.RoleInfo (RoleInfo.java:updateAndGet(143)) - 756f57d6-6136-46f3-b5ea-af957dae1eda: start FollowerState
2019-10-21 22:01:40,404 [grpc-default-executor-4] INFO  impl.RoleInfo (RoleInfo.java:shutdownFollowerState(121)) - a36a670b-6f05-41e5-b505-2b1a8d9f1f79: shutdown FollowerState
2019-10-21 22:01:40,404 [grpc-default-executor-4] INFO  impl.RoleInfo (RoleInfo.java:updateAndGet(143)) - a36a670b-6f05-41e5-b505-2b1a8d9f1f79: start FollowerState
2019-10-21 22:01:40,404 [Thread-1400] INFO  impl.FollowerState (FollowerState.java:run(117)) - a36a670b-6f05-41e5-b505-2b1a8d9f1f79@group-129E33F6DE87-FollowerState was interrupted: java.lang.InterruptedException: sleep interrupted
2019-10-21 22:01:40,420 [d2d0250e-a378-4f8a-a4ff-ce07d96628f4@group-129E33F6DE87-LeaderElection137] INFO  impl.LeaderElection (LeaderElection.java:logAndReturn(56)) - d2d0250e-a378-4f8a-a4ff-ce07d96628f4@group-129E33F6DE87-LeaderElection137: Election REJECTED; received 2 response(s) [d2d0250e-a378-4f8a-a4ff-ce07d96628f4<-756f57d6-6136-46f3-b5ea-af957dae1eda#0:FAIL-t123, d2d0250e-a378-4f8a-a4ff-ce07d96628f4<-a36a670b-6f05-41e5-b505-2b1a8d9f1f79#0:FAIL-t123] and 0 exception(s); d2d0250e-a378-4f8a-a4ff-ce07d96628f4@group-129E33F6DE87:t123, leader=null, voted=d2d0250e-a378-4f8a-a4ff-ce07d96628f4, raftlog=d2d0250e-a378-4f8a-a4ff-ce07d96628f4@group-129E33F6DE87-SegmentedRaftLog:OPENED:c-1,f-1,i0, conf=-1: [756f57d6-6136-46f3-b5ea-af957dae1eda:192.168.34.8:33063, d2d0250e-a378-4f8a-a4ff-ce07d96628f4:192.168.34.8:43170, a36a670b-6f05-41e5-b505-2b1a8d9f1f79:192.168.34.8:32869], old=null
2019-10-21 22:01:40,420 [d2d0250e-a378-4f8a-a4ff-ce07d96628f4@group-129E33F6DE87-LeaderElection137] INFO  impl.RaftServerImpl (RaftServerImpl.java:setRole(184)) - d2d0250e-a378-4f8a-a4ff-ce07d96628f4@group-129E33F6DE87: changes role from CANDIDATE to FOLLOWER at term 123 for DISCOVERED_A_NEW_TERM
2019-10-21 22:01:40,420 [d2d0250e-a378-4f8a-a4ff-ce07d96628f4@group-129E33F6DE87-LeaderElection137] INFO  impl.RoleInfo (RoleInfo.java:shutdownLeaderElection(134)) - d2d0250e-a378-4f8a-a4ff-ce07d96628f4: shutdown LeaderElection
2019-10-21 22:01:40,420 [d2d0250e-a378-4f8a-a4ff-ce07d96628f4@group-129E33F6DE87-LeaderElection137] INFO  impl.RoleInfo (RoleInfo.java:updateAndGet(143)) - d2d0250e-a378-4f8a-a4ff-ce07d96628f4: start FollowerState
2019-10-21 22:01:40,421 [Datanode State Machine Thread - 0] INFO  statemachine.DatanodeStateMachine (DatanodeStateMachine.java:lambda$startDaemon$0(350)) - Ozone container server started.
2019-10-21 22:01:40,426 [Thread-1410] INFO  impl.FollowerState (FollowerState.java:run(108)) - d2d0250e-a378-4f8a-a4ff-ce07d96628f4@group-129E33F6DE87-FollowerState: change to CANDIDATE, lastRpcTime:5ms, electionTimeout:5ms
2019-10-21 22:01:40,426 [Thread-1410] INFO  impl.RoleInfo (RoleInfo.java:shutdownFollowerState(121)) - d2d0250e-a378-4f8a-a4ff-ce07d96628f4: shutdown FollowerState
2019-10-21 22:01:40,426 [Thread-1410] INFO  impl.RaftServerImpl (RaftServerImpl.java:setRole(184)) - d2d0250e-a378-4f8a-a4ff-ce07d96628f4@group-129E33F6DE87: changes role from  FOLLOWER to CANDIDATE at term 123 for changeToCandidate
2019-10-21 22:01:40,426 [Thread-1410] INFO  impl.RoleInfo (RoleInfo.java:updateAndGet(143)) - d2d0250e-a378-4f8a-a4ff-ce07d96628f4: start LeaderElection
2019-10-21 22:01:40,440 [d2d0250e-a378-4f8a-a4ff-ce07d96628f4@group-129E33F6DE87-LeaderElection138] INFO  impl.LeaderElection (LeaderElection.java:askForVotes(178)) - d2d0250e-a378-4f8a-a4ff-ce07d96628f4@group-129E33F6DE87-LeaderElection138: begin an election at term 124 for -1: [756f57d6-6136-46f3-b5ea-af957dae1eda:192.168.34.8:33063, d2d0250e-a378-4f8a-a4ff-ce07d96628f4:192.168.34.8:43170, a36a670b-6f05-41e5-b505-2b1a8d9f1f79:192.168.34.8:32869], old=null
2019-10-21 22:01:40,442 [grpc-default-executor-4] INFO  impl.RaftServerImpl (RaftServerImpl.java:setRole(184)) - 756f57d6-6136-46f3-b5ea-af957dae1eda@group-129E33F6DE87: changes role from  FOLLOWER to FOLLOWER at term 124 for recognizeCandidate:d2d0250e-a378-4f8a-a4ff-ce07d96628f4
2019-10-21 22:01:40,442 [grpc-default-executor-4] INFO  impl.RoleInfo (RoleInfo.java:shutdownFollowerState(121)) - 756f57d6-6136-46f3-b5ea-af957dae1eda: shutdown FollowerState
2019-10-21 22:01:40,442 [grpc-default-executor-3] INFO  impl.RaftServerImpl (RaftServerImpl.java:setRole(184)) - a36a670b-6f05-41e5-b505-2b1a8d9f1f79@group-129E33F6DE87: changes role from  FOLLOWER to FOLLOWER at term 124 for recognizeCandidate:d2d0250e-a378-4f8a-a4ff-ce07d96628f4
2019-10-21 22:01:40,443 [Thread-1408] INFO  impl.FollowerState (FollowerState.java:run(117)) - 756f57d6-6136-46f3-b5ea-af957dae1eda@group-129E33F6DE87-FollowerState was interrupted: java.lang.InterruptedException: sleep interrupted
2019-10-21 22:01:40,443 [grpc-default-executor-4] INFO  impl.RoleInfo (RoleInfo.java:updateAndGet(143)) - 756f57d6-6136-46f3-b5ea-af957dae1eda: start FollowerState
2019-10-21 22:01:40,443 [grpc-default-executor-3] INFO  impl.RoleInfo (RoleInfo.java:shutdownFollowerState(121)) - a36a670b-6f05-41e5-b505-2b1a8d9f1f79: shutdown FollowerState
2019-10-21 22:01:40,443 [grpc-default-executor-3] INFO  impl.RoleInfo (RoleInfo.java:updateAndGet(143)) - a36a670b-6f05-41e5-b505-2b1a8d9f1f79: start FollowerState
2019-10-21 22:01:40,443 [Thread-1409] INFO  impl.FollowerState (FollowerState.java:run(117)) - a36a670b-6f05-41e5-b505-2b1a8d9f1f79@group-129E33F6DE87-FollowerState was interrupted: java.lang.InterruptedException: sleep interrupted
2019-10-21 22:01:40,444 [d2d0250e-a378-4f8a-a4ff-ce07d96628f4@group-129E33F6DE87-LeaderElection138] INFO  impl.LeaderElection (LeaderElection.java:logAndReturn(56)) - d2d0250e-a378-4f8a-a4ff-ce07d96628f4@group-129E33F6DE87-LeaderElection138: Election TIMEOUT; received 0 response(s) [] and 0 exception(s); d2d0250e-a378-4f8a-a4ff-ce07d96628f4@group-129E33F6DE87:t124, leader=null, voted=d2d0250e-a378-4f8a-a4ff-ce07d96628f4, raftlog=d2d0250e-a378-4f8a-a4ff-ce07d96628f4@group-129E33F6DE87-SegmentedRaftLog:OPENED:c-1,f-1,i0, conf=-1: [756f57d6-6136-46f3-b5ea-af957dae1eda:192.168.34.8:33063, d2d0250e-a378-4f8a-a4ff-ce07d96628f4:192.168.34.8:43170, a36a670b-6f05-41e5-b505-2b1a8d9f1f79:192.168.34.8:32869], old=null
2019-10-21 22:01:40,458 [d2d0250e-a378-4f8a-a4ff-ce07d96628f4@group-129E33F6DE87-LeaderElection138] INFO  impl.LeaderElection (LeaderElection.java:askForVotes(178)) - d2d0250e-a378-4f8a-a4ff-ce07d96628f4@group-129E33F6DE87-LeaderElection138: begin an election at term 125 for -1: [756f57d6-6136-46f3-b5ea-af957dae1eda:192.168.34.8:33063, d2d0250e-a378-4f8a-a4ff-ce07d96628f4:192.168.34.8:43170, a36a670b-6f05-41e5-b505-2b1a8d9f1f79:192.168.34.8:32869], old=null
2019-10-21 22:01:40,460 [grpc-default-executor-3] INFO  impl.RaftServerImpl (RaftServerImpl.java:setRole(184)) - 756f57d6-6136-46f3-b5ea-af957dae1eda@group-129E33F6DE87: changes role from  FOLLOWER to FOLLOWER at term 125 for recognizeCandidate:d2d0250e-a378-4f8a-a4ff-ce07d96628f4
2019-10-21 22:01:40,460 [grpc-default-executor-3] INFO  impl.RoleInfo (RoleInfo.java:shutdownFollowerState(121)) - 756f57d6-6136-46f3-b5ea-af957dae1eda: shutdown FollowerState
2019-10-21 22:01:40,460 [grpc-default-executor-3] INFO  impl.RoleInfo (RoleInfo.java:updateAndGet(143)) - 756f57d6-6136-46f3-b5ea-af957dae1eda: start FollowerState
2019-10-21 22:01:40,460 [Thread-1414] INFO  impl.FollowerState (FollowerState.java:run(117)) - 756f57d6-6136-46f3-b5ea-af957dae1eda@group-129E33F6DE87-FollowerState was interrupted: java.lang.InterruptedException: sleep interrupted
2019-10-21 22:01:40,461 [grpc-default-executor-4] INFO  impl.RaftServerImpl (RaftServerImpl.java:setRole(184)) - a36a670b-6f05-41e5-b505-2b1a8d9f1f79@group-129E33F6DE87: changes role from  FOLLOWER to FOLLOWER at term 125 for recognizeCandidate:d2d0250e-a378-4f8a-a4ff-ce07d96628f4
2019-10-21 22:01:40,461 [grpc-default-executor-4] INFO  impl.RoleInfo (RoleInfo.java:shutdownFollowerState(121)) - a36a670b-6f05-41e5-b505-2b1a8d9f1f79: shutdown FollowerState
2019-10-21 22:01:40,461 [grpc-default-executor-4] INFO  impl.RoleInfo (RoleInfo.java:updateAndGet(143)) - a36a670b-6f05-41e5-b505-2b1a8d9f1f79: start FollowerState
2019-10-21 22:01:40,461 [Thread-1415] INFO  impl.FollowerState (FollowerState.java:run(117)) - a36a670b-6f05-41e5-b505-2b1a8d9f1f79@group-129E33F6DE87-FollowerState was interrupted: java.lang.InterruptedException: sleep interrupted
2019-10-21 22:01:40,475 [d2d0250e-a378-4f8a-a4ff-ce07d96628f4@group-129E33F6DE87-LeaderElection138] INFO  impl.LeaderElection (LeaderElection.java:logAndReturn(56)) - d2d0250e-a378-4f8a-a4ff-ce07d96628f4@group-129E33F6DE87-LeaderElection138: Election REJECTED; received 2 response(s) [d2d0250e-a378-4f8a-a4ff-ce07d96628f4<-756f57d6-6136-46f3-b5ea-af957dae1eda#0:FAIL-t125, d2d0250e-a378-4f8a-a4ff-ce07d96628f4<-a36a670b-6f05-41e5-b505-2b1a8d9f1f79#0:FAIL-t125] and 0 exception(s); d2d0250e-a378-4f8a-a4ff-ce07d96628f4@group-129E33F6DE87:t125, leader=null, voted=d2d0250e-a378-4f8a-a4ff-ce07d96628f4, raftlog=d2d0250e-a378-4f8a-a4ff-ce07d96628f4@group-129E33F6DE87-SegmentedRaftLog:OPENED:c-1,f-1,i0, conf=-1: [756f57d6-6136-46f3-b5ea-af957dae1eda:192.168.34.8:33063, d2d0250e-a378-4f8a-a4ff-ce07d96628f4:192.168.34.8:43170, a36a670b-6f05-41e5-b505-2b1a8d9f1f79:192.168.34.8:32869], old=null
2019-10-21 22:01:40,475 [d2d0250e-a378-4f8a-a4ff-ce07d96628f4@group-129E33F6DE87-LeaderElection138] INFO  impl.RaftServerImpl (RaftServerImpl.java:setRole(184)) - d2d0250e-a378-4f8a-a4ff-ce07d96628f4@group-129E33F6DE87: changes role from CANDIDATE to FOLLOWER at term 125 for DISCOVERED_A_NEW_TERM
2019-10-21 22:01:40,475 [d2d0250e-a378-4f8a-a4ff-ce07d96628f4@group-129E33F6DE87-LeaderElection138] INFO  impl.RoleInfo (RoleInfo.java:shutdownLeaderElection(134)) - d2d0250e-a378-4f8a-a4ff-ce07d96628f4: shutdown LeaderElection
2019-10-21 22:01:40,475 [d2d0250e-a378-4f8a-a4ff-ce07d96628f4@group-129E33F6DE87-LeaderElection138] INFO  impl.RoleInfo (RoleInfo.java:updateAndGet(143)) - d2d0250e-a378-4f8a-a4ff-ce07d96628f4: start FollowerState
2019-10-21 22:01:40,481 [Thread-1420] INFO  impl.FollowerState (FollowerState.java:run(108)) - d2d0250e-a378-4f8a-a4ff-ce07d96628f4@group-129E33F6DE87-FollowerState: change to CANDIDATE, lastRpcTime:5ms, electionTimeout:5ms
2019-10-21 22:01:40,481 [Thread-1420] INFO  impl.RoleInfo (RoleInfo.java:shutdownFollowerState(121)) - d2d0250e-a378-4f8a-a4ff-ce07d96628f4: shutdown FollowerState
2019-10-21 22:01:40,481 [Thread-1420] INFO  impl.RaftServerImpl (RaftServerImpl.java:setRole(184)) - d2d0250e-a378-4f8a-a4ff-ce07d96628f4@group-129E33F6DE87: changes role from  FOLLOWER to CANDIDATE at term 125 for changeToCandidate
2019-10-21 22:01:40,481 [Thread-1420] INFO  impl.RoleInfo (RoleInfo.java:updateAndGet(143)) - d2d0250e-a378-4f8a-a4ff-ce07d96628f4: start LeaderElection
2019-10-21 22:01:40,495 [d2d0250e-a378-4f8a-a4ff-ce07d96628f4@group-129E33F6DE87-LeaderElection139] INFO  impl.LeaderElection (LeaderElection.java:askForVotes(178)) - d2d0250e-a378-4f8a-a4ff-ce07d96628f4@group-129E33F6DE87-LeaderElection139: begin an election at term 126 for -1: [756f57d6-6136-46f3-b5ea-af957dae1eda:192.168.34.8:33063, d2d0250e-a378-4f8a-a4ff-ce07d96628f4:192.168.34.8:43170, a36a670b-6f05-41e5-b505-2b1a8d9f1f79:192.168.34.8:32869], old=null
2019-10-21 22:01:40,497 [grpc-default-executor-3] INFO  impl.RaftServerImpl (RaftServerImpl.java:setRole(184)) - 756f57d6-6136-46f3-b5ea-af957dae1eda@group-129E33F6DE87: changes role from  FOLLOWER to FOLLOWER at term 126 for recognizeCandidate:d2d0250e-a378-4f8a-a4ff-ce07d96628f4
2019-10-21 22:01:40,498 [grpc-default-executor-3] INFO  impl.RoleInfo (RoleInfo.java:shutdownFollowerState(121)) - 756f57d6-6136-46f3-b5ea-af957dae1eda: shutdown FollowerState
2019-10-21 22:01:40,498 [grpc-default-executor-3] INFO  impl.RoleInfo (RoleInfo.java:updateAndGet(143)) - 756f57d6-6136-46f3-b5ea-af957dae1eda: start FollowerState
2019-10-21 22:01:40,498 [Thread-1418] INFO  impl.FollowerState (FollowerState.java:run(117)) - 756f57d6-6136-46f3-b5ea-af957dae1eda@group-129E33F6DE87-FollowerState was interrupted: java.lang.InterruptedException: sleep interrupted
2019-10-21 22:01:40,498 [grpc-default-executor-4] INFO  impl.RaftServerImpl (RaftServerImpl.java:setRole(184)) - a36a670b-6f05-41e5-b505-2b1a8d9f1f79@group-129E33F6DE87: changes role from  FOLLOWER to FOLLOWER at term 126 for recognizeCandidate:d2d0250e-a378-4f8a-a4ff-ce07d96628f4
2019-10-21 22:01:40,498 [grpc-default-executor-4] INFO  impl.RoleInfo (RoleInfo.java:shutdownFollowerState(121)) - a36a670b-6f05-41e5-b505-2b1a8d9f1f79: shutdown FollowerState
2019-10-21 22:01:40,498 [grpc-default-executor-4] INFO  impl.RoleInfo (RoleInfo.java:updateAndGet(143)) - a36a670b-6f05-41e5-b505-2b1a8d9f1f79: start FollowerState
2019-10-21 22:01:40,498 [Thread-1419] INFO  impl.FollowerState (FollowerState.java:run(117)) - a36a670b-6f05-41e5-b505-2b1a8d9f1f79@group-129E33F6DE87-FollowerState was interrupted: java.lang.InterruptedException: sleep interrupted
2019-10-21 22:01:40,512 [d2d0250e-a378-4f8a-a4ff-ce07d96628f4@group-129E33F6DE87-LeaderElection139] INFO  impl.LeaderElection (LeaderElection.java:logAndReturn(56)) - d2d0250e-a378-4f8a-a4ff-ce07d96628f4@group-129E33F6DE87-LeaderElection139: Election REJECTED; received 2 response(s) [d2d0250e-a378-4f8a-a4ff-ce07d96628f4<-756f57d6-6136-46f3-b5ea-af957dae1eda#0:FAIL-t126, d2d0250e-a378-4f8a-a4ff-ce07d96628f4<-a36a670b-6f05-41e5-b505-2b1a8d9f1f79#0:FAIL-t126] and 0 exception(s); d2d0250e-a378-4f8a-a4ff-ce07d96628f4@group-129E33F6DE87:t126, leader=null, voted=d2d0250e-a378-4f8a-a4ff-ce07d96628f4, raftlog=d2d0250e-a378-4f8a-a4ff-ce07d96628f4@group-129E33F6DE87-SegmentedRaftLog:OPENED:c-1,f-1,i0, conf=-1: [756f57d6-6136-46f3-b5ea-af957dae1eda:192.168.34.8:33063, d2d0250e-a378-4f8a-a4ff-ce07d96628f4:192.168.34.8:43170, a36a670b-6f05-41e5-b505-2b1a8d9f1f79:192.168.34.8:32869], old=null
2019-10-21 22:01:40,512 [d2d0250e-a378-4f8a-a4ff-ce07d96628f4@group-129E33F6DE87-LeaderElection139] INFO  impl.RaftServerImpl (RaftServerImpl.java:setRole(184)) - d2d0250e-a378-4f8a-a4ff-ce07d96628f4@group-129E33F6DE87: changes role from CANDIDATE to FOLLOWER at term 126 for DISCOVERED_A_NEW_TERM
2019-10-21 22:01:40,513 [d2d0250e-a378-4f8a-a4ff-ce07d96628f4@group-129E33F6DE87-LeaderElection139] INFO  impl.RoleInfo (RoleInfo.java:shutdownLeaderElection(134)) - d2d0250e-a378-4f8a-a4ff-ce07d96628f4: shutdown LeaderElection
2019-10-21 22:01:40,513 [d2d0250e-a378-4f8a-a4ff-ce07d96628f4@group-129E33F6DE87-LeaderElection139] INFO  impl.RoleInfo (RoleInfo.java:updateAndGet(143)) - d2d0250e-a378-4f8a-a4ff-ce07d96628f4: start FollowerState
2019-10-21 22:01:40,671 [Thread-1426] INFO  impl.FollowerState (FollowerState.java:run(108)) - d2d0250e-a378-4f8a-a4ff-ce07d96628f4@group-129E33F6DE87-FollowerState: change to CANDIDATE, lastRpcTime:158ms, electionTimeout:158ms
2019-10-21 22:01:40,671 [Thread-1426] INFO  impl.RoleInfo (RoleInfo.java:shutdownFollowerState(121)) - d2d0250e-a378-4f8a-a4ff-ce07d96628f4: shutdown FollowerState
2019-10-21 22:01:40,672 [Thread-1426] INFO  impl.RaftServerImpl (RaftServerImpl.java:setRole(184)) - d2d0250e-a378-4f8a-a4ff-ce07d96628f4@group-129E33F6DE87: changes role from  FOLLOWER to CANDIDATE at term 126 for changeToCandidate
2019-10-21 22:01:40,672 [Thread-1426] INFO  impl.RoleInfo (RoleInfo.java:updateAndGet(143)) - d2d0250e-a378-4f8a-a4ff-ce07d96628f4: start LeaderElection
2019-10-21 22:01:40,934 [Thread-550] INFO  impl.FollowerState (FollowerState.java:run(108)) - e152cc11-8922-4c62-a829-a835e5f58570@group-6834AB77F819-FollowerState: change to CANDIDATE, lastRpcTime:2068ms, electionTimeout:1058ms
2019-10-21 22:01:40,935 [Thread-550] INFO  impl.RoleInfo (RoleInfo.java:shutdownFollowerState(121)) - e152cc11-8922-4c62-a829-a835e5f58570: shutdown FollowerState
2019-10-21 22:01:40,935 [Thread-550] INFO  impl.RaftServerImpl (RaftServerImpl.java:setRole(184)) - e152cc11-8922-4c62-a829-a835e5f58570@group-6834AB77F819: changes role from  FOLLOWER to CANDIDATE at term 6 for changeToCandidate
2019-10-21 22:01:40,935 [Thread-550] INFO  impl.RoleInfo (RoleInfo.java:updateAndGet(143)) - e152cc11-8922-4c62-a829-a835e5f58570: start LeaderElection
2019-10-21 22:01:40,936 [e152cc11-8922-4c62-a829-a835e5f58570@group-6834AB77F819-LeaderElection141] INFO  impl.RaftServerImpl (ServerState.java:setLeader(256)) - e152cc11-8922-4c62-a829-a835e5f58570@group-6834AB77F819: change Leader from 28432215-63ab-4c85-86e9-79fb72521e72 to null at term 6 for initElection
2019-10-21 22:01:40,984 [d2d0250e-a378-4f8a-a4ff-ce07d96628f4@group-129E33F6DE87-LeaderElection140] INFO  impl.LeaderElection (LeaderElection.java:askForVotes(178)) - d2d0250e-a378-4f8a-a4ff-ce07d96628f4@group-129E33F6DE87-LeaderElection140: begin an election at term 127 for -1: [756f57d6-6136-46f3-b5ea-af957dae1eda:192.168.34.8:33063, d2d0250e-a378-4f8a-a4ff-ce07d96628f4:192.168.34.8:43170, a36a670b-6f05-41e5-b505-2b1a8d9f1f79:192.168.34.8:32869], old=null
2019-10-21 22:01:40,986 [e152cc11-8922-4c62-a829-a835e5f58570@group-6834AB77F819-LeaderElection141] INFO  impl.LeaderElection (LeaderElection.java:askForVotes(178)) - e152cc11-8922-4c62-a829-a835e5f58570@group-6834AB77F819-LeaderElection141: begin an election at term 7 for 1: [e152cc11-8922-4c62-a829-a835e5f58570:192.168.34.8:34707, 0edd2ec6-20bf-4809-95ac-80dc11748221:192.168.34.8:43533, 28432215-63ab-4c85-86e9-79fb72521e72:192.168.34.8:33589], old=null
2019-10-21 22:01:40,987 [grpc-default-executor-3] INFO  impl.RaftServerImpl (RaftServerImpl.java:setRole(184)) - a36a670b-6f05-41e5-b505-2b1a8d9f1f79@group-129E33F6DE87: changes role from  FOLLOWER to FOLLOWER at term 127 for recognizeCandidate:d2d0250e-a378-4f8a-a4ff-ce07d96628f4
2019-10-21 22:01:40,987 [grpc-default-executor-4] INFO  impl.RaftServerImpl (RaftServerImpl.java:setRole(184)) - 756f57d6-6136-46f3-b5ea-af957dae1eda@group-129E33F6DE87: changes role from  FOLLOWER to FOLLOWER at term 127 for recognizeCandidate:d2d0250e-a378-4f8a-a4ff-ce07d96628f4
2019-10-21 22:01:40,987 [grpc-default-executor-4] INFO  impl.RoleInfo (RoleInfo.java:shutdownFollowerState(121)) - 756f57d6-6136-46f3-b5ea-af957dae1eda: shutdown FollowerState
2019-10-21 22:01:40,987 [grpc-default-executor-3] INFO  impl.RoleInfo (RoleInfo.java:shutdownFollowerState(121)) - a36a670b-6f05-41e5-b505-2b1a8d9f1f79: shutdown FollowerState
2019-10-21 22:01:40,988 [Thread-1424] INFO  impl.FollowerState (FollowerState.java:run(117)) - 756f57d6-6136-46f3-b5ea-af957dae1eda@group-129E33F6DE87-FollowerState was interrupted: java.lang.InterruptedException: sleep interrupted
2019-10-21 22:01:40,988 [grpc-default-executor-4] INFO  impl.RoleInfo (RoleInfo.java:updateAndGet(143)) - 756f57d6-6136-46f3-b5ea-af957dae1eda: start FollowerState
2019-10-21 22:01:40,988 [Thread-1425] INFO  impl.FollowerState (FollowerState.java:run(117)) - a36a670b-6f05-41e5-b505-2b1a8d9f1f79@group-129E33F6DE87-FollowerState was interrupted: java.lang.InterruptedException: sleep interrupted
2019-10-21 22:01:40,988 [grpc-default-executor-3] INFO  impl.RoleInfo (RoleInfo.java:updateAndGet(143)) - a36a670b-6f05-41e5-b505-2b1a8d9f1f79: start FollowerState
2019-10-21 22:01:41,000 [d2d0250e-a378-4f8a-a4ff-ce07d96628f4@group-129E33F6DE87-LeaderElection140] INFO  impl.LeaderElection (LeaderElection.java:logAndReturn(56)) - d2d0250e-a378-4f8a-a4ff-ce07d96628f4@group-129E33F6DE87-LeaderElection140: Election REJECTED; received 2 response(s) [d2d0250e-a378-4f8a-a4ff-ce07d96628f4<-756f57d6-6136-46f3-b5ea-af957dae1eda#0:FAIL-t127, d2d0250e-a378-4f8a-a4ff-ce07d96628f4<-a36a670b-6f05-41e5-b505-2b1a8d9f1f79#0:FAIL-t127] and 0 exception(s); d2d0250e-a378-4f8a-a4ff-ce07d96628f4@group-129E33F6DE87:t127, leader=null, voted=d2d0250e-a378-4f8a-a4ff-ce07d96628f4, raftlog=d2d0250e-a378-4f8a-a4ff-ce07d96628f4@group-129E33F6DE87-SegmentedRaftLog:OPENED:c-1,f-1,i0, conf=-1: [756f57d6-6136-46f3-b5ea-af957dae1eda:192.168.34.8:33063, d2d0250e-a378-4f8a-a4ff-ce07d96628f4:192.168.34.8:43170, a36a670b-6f05-41e5-b505-2b1a8d9f1f79:192.168.34.8:32869], old=null
2019-10-21 22:01:41,000 [d2d0250e-a378-4f8a-a4ff-ce07d96628f4@group-129E33F6DE87-LeaderElection140] INFO  impl.RaftServerImpl (RaftServerImpl.java:setRole(184)) - d2d0250e-a378-4f8a-a4ff-ce07d96628f4@group-129E33F6DE87: changes role from CANDIDATE to FOLLOWER at term 127 for DISCOVERED_A_NEW_TERM
2019-10-21 22:01:41,000 [d2d0250e-a378-4f8a-a4ff-ce07d96628f4@group-129E33F6DE87-LeaderElection140] INFO  impl.RoleInfo (RoleInfo.java:shutdownLeaderElection(134)) - d2d0250e-a378-4f8a-a4ff-ce07d96628f4: shutdown LeaderElection
2019-10-21 22:01:41,000 [d2d0250e-a378-4f8a-a4ff-ce07d96628f4@group-129E33F6DE87-LeaderElection140] INFO  impl.RoleInfo (RoleInfo.java:updateAndGet(143)) - d2d0250e-a378-4f8a-a4ff-ce07d96628f4: start FollowerState
2019-10-21 22:01:41,003 [e152cc11-8922-4c62-a829-a835e5f58570@group-6834AB77F819-LeaderElection141] INFO  impl.LeaderElection (LogUtils.java:infoOrTrace(149)) - e152cc11-8922-4c62-a829-a835e5f58570@group-6834AB77F819-LeaderElection141 got exception when requesting votes: {}
java.util.concurrent.ExecutionException: org.apache.ratis.thirdparty.io.grpc.StatusRuntimeException: UNAVAILABLE: io exception
	at java.util.concurrent.FutureTask.report(FutureTask.java:122)
	at java.util.concurrent.FutureTask.get(FutureTask.java:192)
	at org.apache.ratis.server.impl.LeaderElection.waitForResults(LeaderElection.java:259)
	at org.apache.ratis.server.impl.LeaderElection.askForVotes(LeaderElection.java:197)
	at org.apache.ratis.server.impl.LeaderElection.run(LeaderElection.java:133)
	at java.lang.Thread.run(Thread.java:748)
Caused by: org.apache.ratis.thirdparty.io.grpc.StatusRuntimeException: UNAVAILABLE: io exception
	at org.apache.ratis.thirdparty.io.grpc.stub.ClientCalls.toStatusRuntimeException(ClientCalls.java:233)
	at org.apache.ratis.thirdparty.io.grpc.stub.ClientCalls.getUnchecked(ClientCalls.java:214)
	at org.apache.ratis.thirdparty.io.grpc.stub.ClientCalls.blockingUnaryCall(ClientCalls.java:139)
	at org.apache.ratis.proto.grpc.RaftServerProtocolServiceGrpc$RaftServerProtocolServiceBlockingStub.requestVote(RaftServerProtocolServiceGrpc.java:265)
	at org.apache.ratis.grpc.server.GrpcServerProtocolClient.requestVote(GrpcServerProtocolClient.java:99)
	at org.apache.ratis.grpc.server.GrpcService.requestVote(GrpcService.java:204)
	at org.apache.ratis.server.impl.LeaderElection.lambda$submitRequests$1(LeaderElection.java:234)
	at java.util.concurrent.FutureTask.run(FutureTask.java:266)
	at java.util.concurrent.Executors$RunnableAdapter.call(Executors.java:511)
	at java.util.concurrent.FutureTask.run(FutureTask.java:266)
	at java.util.concurrent.ThreadPoolExecutor.runWorker(ThreadPoolExecutor.java:1149)
	at java.util.concurrent.ThreadPoolExecutor$Worker.run(ThreadPoolExecutor.java:624)
	... 1 more
Caused by: org.apache.ratis.thirdparty.io.netty.channel.AbstractChannel$AnnotatedConnectException: Connection refused: /192.168.34.8:43533
	at sun.nio.ch.SocketChannelImpl.checkConnect(Native Method)
	at sun.nio.ch.SocketChannelImpl.finishConnect(SocketChannelImpl.java:717)
	at org.apache.ratis.thirdparty.io.netty.channel.socket.nio.NioSocketChannel.doFinishConnect(NioSocketChannel.java:327)
	at org.apache.ratis.thirdparty.io.netty.channel.nio.AbstractNioChannel$AbstractNioUnsafe.finishConnect(AbstractNioChannel.java:340)
	at org.apache.ratis.thirdparty.io.netty.channel.nio.NioEventLoop.processSelectedKey(NioEventLoop.java:632)
	at org.apache.ratis.thirdparty.io.netty.channel.nio.NioEventLoop.processSelectedKeysOptimized(NioEventLoop.java:579)
	at org.apache.ratis.thirdparty.io.netty.channel.nio.NioEventLoop.processSelectedKeys(NioEventLoop.java:496)
	at org.apache.ratis.thirdparty.io.netty.channel.nio.NioEventLoop.run(NioEventLoop.java:458)
	at org.apache.ratis.thirdparty.io.netty.util.concurrent.SingleThreadEventExecutor$5.run(SingleThreadEventExecutor.java:897)
	at org.apache.ratis.thirdparty.io.netty.util.concurrent.FastThreadLocalRunnable.run(FastThreadLocalRunnable.java:30)
	... 1 more
Caused by: java.net.ConnectException: Connection refused
	... 11 more
2019-10-21 22:01:41,009 [e152cc11-8922-4c62-a829-a835e5f58570@group-6834AB77F819-LeaderElection141] INFO  impl.LeaderElection (LogUtils.java:infoOrTrace(149)) - e152cc11-8922-4c62-a829-a835e5f58570@group-6834AB77F819-LeaderElection141 got exception when requesting votes: {}
java.util.concurrent.ExecutionException: org.apache.ratis.thirdparty.io.grpc.StatusRuntimeException: UNAVAILABLE: io exception
	at java.util.concurrent.FutureTask.report(FutureTask.java:122)
	at java.util.concurrent.FutureTask.get(FutureTask.java:192)
	at org.apache.ratis.server.impl.LeaderElection.waitForResults(LeaderElection.java:259)
	at org.apache.ratis.server.impl.LeaderElection.askForVotes(LeaderElection.java:197)
	at org.apache.ratis.server.impl.LeaderElection.run(LeaderElection.java:133)
	at java.lang.Thread.run(Thread.java:748)
Caused by: org.apache.ratis.thirdparty.io.grpc.StatusRuntimeException: UNAVAILABLE: io exception
	at org.apache.ratis.thirdparty.io.grpc.stub.ClientCalls.toStatusRuntimeException(ClientCalls.java:233)
	at org.apache.ratis.thirdparty.io.grpc.stub.ClientCalls.getUnchecked(ClientCalls.java:214)
	at org.apache.ratis.thirdparty.io.grpc.stub.ClientCalls.blockingUnaryCall(ClientCalls.java:139)
	at org.apache.ratis.proto.grpc.RaftServerProtocolServiceGrpc$RaftServerProtocolServiceBlockingStub.requestVote(RaftServerProtocolServiceGrpc.java:265)
	at org.apache.ratis.grpc.server.GrpcServerProtocolClient.requestVote(GrpcServerProtocolClient.java:99)
	at org.apache.ratis.grpc.server.GrpcService.requestVote(GrpcService.java:204)
	at org.apache.ratis.server.impl.LeaderElection.lambda$submitRequests$1(LeaderElection.java:234)
	at java.util.concurrent.FutureTask.run(FutureTask.java:266)
	at java.util.concurrent.Executors$RunnableAdapter.call(Executors.java:511)
	at java.util.concurrent.FutureTask.run(FutureTask.java:266)
	at java.util.concurrent.ThreadPoolExecutor.runWorker(ThreadPoolExecutor.java:1149)
	at java.util.concurrent.ThreadPoolExecutor$Worker.run(ThreadPoolExecutor.java:624)
	... 1 more
Caused by: org.apache.ratis.thirdparty.io.netty.channel.AbstractChannel$AnnotatedConnectException: Connection refused: /192.168.34.8:33589
	at sun.nio.ch.SocketChannelImpl.checkConnect(Native Method)
	at sun.nio.ch.SocketChannelImpl.finishConnect(SocketChannelImpl.java:717)
	at org.apache.ratis.thirdparty.io.netty.channel.socket.nio.NioSocketChannel.doFinishConnect(NioSocketChannel.java:327)
	at org.apache.ratis.thirdparty.io.netty.channel.nio.AbstractNioChannel$AbstractNioUnsafe.finishConnect(AbstractNioChannel.java:340)
	at org.apache.ratis.thirdparty.io.netty.channel.nio.NioEventLoop.processSelectedKey(NioEventLoop.java:632)
	at org.apache.ratis.thirdparty.io.netty.channel.nio.NioEventLoop.processSelectedKeysOptimized(NioEventLoop.java:579)
	at org.apache.ratis.thirdparty.io.netty.channel.nio.NioEventLoop.processSelectedKeys(NioEventLoop.java:496)
	at org.apache.ratis.thirdparty.io.netty.channel.nio.NioEventLoop.run(NioEventLoop.java:458)
	at org.apache.ratis.thirdparty.io.netty.util.concurrent.SingleThreadEventExecutor$5.run(SingleThreadEventExecutor.java:897)
	at org.apache.ratis.thirdparty.io.netty.util.concurrent.FastThreadLocalRunnable.run(FastThreadLocalRunnable.java:30)
	... 1 more
Caused by: java.net.ConnectException: Connection refused
	... 11 more
2019-10-21 22:01:41,012 [e152cc11-8922-4c62-a829-a835e5f58570@group-6834AB77F819-LeaderElection141] INFO  impl.LeaderElection (LeaderElection.java:logAndReturn(56)) - e152cc11-8922-4c62-a829-a835e5f58570@group-6834AB77F819-LeaderElection141: Election REJECTED; received 0 response(s) [] and 2 exception(s); e152cc11-8922-4c62-a829-a835e5f58570@group-6834AB77F819:t7, leader=null, voted=e152cc11-8922-4c62-a829-a835e5f58570, raftlog=e152cc11-8922-4c62-a829-a835e5f58570@group-6834AB77F819-SegmentedRaftLog:OPENED:c6,f6,i6, conf=1: [e152cc11-8922-4c62-a829-a835e5f58570:192.168.34.8:34707, 0edd2ec6-20bf-4809-95ac-80dc11748221:192.168.34.8:43533, 28432215-63ab-4c85-86e9-79fb72521e72:192.168.34.8:33589], old=null
2019-10-21 22:01:41,012 [e152cc11-8922-4c62-a829-a835e5f58570@group-6834AB77F819-LeaderElection141] INFO  impl.LeaderElection (LogUtils.java:infoOrTrace(149)) -   Exception 0: {}
java.util.concurrent.ExecutionException: org.apache.ratis.thirdparty.io.grpc.StatusRuntimeException: UNAVAILABLE: io exception
	at java.util.concurrent.FutureTask.report(FutureTask.java:122)
	at java.util.concurrent.FutureTask.get(FutureTask.java:192)
	at org.apache.ratis.server.impl.LeaderElection.waitForResults(LeaderElection.java:259)
	at org.apache.ratis.server.impl.LeaderElection.askForVotes(LeaderElection.java:197)
	at org.apache.ratis.server.impl.LeaderElection.run(LeaderElection.java:133)
	at java.lang.Thread.run(Thread.java:748)
Caused by: org.apache.ratis.thirdparty.io.grpc.StatusRuntimeException: UNAVAILABLE: io exception
	at org.apache.ratis.thirdparty.io.grpc.stub.ClientCalls.toStatusRuntimeException(ClientCalls.java:233)
	at org.apache.ratis.thirdparty.io.grpc.stub.ClientCalls.getUnchecked(ClientCalls.java:214)
	at org.apache.ratis.thirdparty.io.grpc.stub.ClientCalls.blockingUnaryCall(ClientCalls.java:139)
	at org.apache.ratis.proto.grpc.RaftServerProtocolServiceGrpc$RaftServerProtocolServiceBlockingStub.requestVote(RaftServerProtocolServiceGrpc.java:265)
	at org.apache.ratis.grpc.server.GrpcServerProtocolClient.requestVote(GrpcServerProtocolClient.java:99)
	at org.apache.ratis.grpc.server.GrpcService.requestVote(GrpcService.java:204)
	at org.apache.ratis.server.impl.LeaderElection.lambda$submitRequests$1(LeaderElection.java:234)
	at java.util.concurrent.FutureTask.run(FutureTask.java:266)
	at java.util.concurrent.Executors$RunnableAdapter.call(Executors.java:511)
	at java.util.concurrent.FutureTask.run(FutureTask.java:266)
	at java.util.concurrent.ThreadPoolExecutor.runWorker(ThreadPoolExecutor.java:1149)
	at java.util.concurrent.ThreadPoolExecutor$Worker.run(ThreadPoolExecutor.java:624)
	... 1 more
Caused by: org.apache.ratis.thirdparty.io.netty.channel.AbstractChannel$AnnotatedConnectException: Connection refused: /192.168.34.8:43533
	at sun.nio.ch.SocketChannelImpl.checkConnect(Native Method)
	at sun.nio.ch.SocketChannelImpl.finishConnect(SocketChannelImpl.java:717)
	at org.apache.ratis.thirdparty.io.netty.channel.socket.nio.NioSocketChannel.doFinishConnect(NioSocketChannel.java:327)
	at org.apache.ratis.thirdparty.io.netty.channel.nio.AbstractNioChannel$AbstractNioUnsafe.finishConnect(AbstractNioChannel.java:340)
	at org.apache.ratis.thirdparty.io.netty.channel.nio.NioEventLoop.processSelectedKey(NioEventLoop.java:632)
	at org.apache.ratis.thirdparty.io.netty.channel.nio.NioEventLoop.processSelectedKeysOptimized(NioEventLoop.java:579)
	at org.apache.ratis.thirdparty.io.netty.channel.nio.NioEventLoop.processSelectedKeys(NioEventLoop.java:496)
	at org.apache.ratis.thirdparty.io.netty.channel.nio.NioEventLoop.run(NioEventLoop.java:458)
	at org.apache.ratis.thirdparty.io.netty.util.concurrent.SingleThreadEventExecutor$5.run(SingleThreadEventExecutor.java:897)
	at org.apache.ratis.thirdparty.io.netty.util.concurrent.FastThreadLocalRunnable.run(FastThreadLocalRunnable.java:30)
	... 1 more
Caused by: java.net.ConnectException: Connection refused
	... 11 more
2019-10-21 22:01:41,014 [e152cc11-8922-4c62-a829-a835e5f58570@group-6834AB77F819-LeaderElection141] INFO  impl.LeaderElection (LogUtils.java:infoOrTrace(149)) -   Exception 1: {}
java.util.concurrent.ExecutionException: org.apache.ratis.thirdparty.io.grpc.StatusRuntimeException: UNAVAILABLE: io exception
	at java.util.concurrent.FutureTask.report(FutureTask.java:122)
	at java.util.concurrent.FutureTask.get(FutureTask.java:192)
	at org.apache.ratis.server.impl.LeaderElection.waitForResults(LeaderElection.java:259)
	at org.apache.ratis.server.impl.LeaderElection.askForVotes(LeaderElection.java:197)
	at org.apache.ratis.server.impl.LeaderElection.run(LeaderElection.java:133)
	at java.lang.Thread.run(Thread.java:748)
Caused by: org.apache.ratis.thirdparty.io.grpc.StatusRuntimeException: UNAVAILABLE: io exception
	at org.apache.ratis.thirdparty.io.grpc.stub.ClientCalls.toStatusRuntimeException(ClientCalls.java:233)
	at org.apache.ratis.thirdparty.io.grpc.stub.ClientCalls.getUnchecked(ClientCalls.java:214)
	at org.apache.ratis.thirdparty.io.grpc.stub.ClientCalls.blockingUnaryCall(ClientCalls.java:139)
	at org.apache.ratis.proto.grpc.RaftServerProtocolServiceGrpc$RaftServerProtocolServiceBlockingStub.requestVote(RaftServerProtocolServiceGrpc.java:265)
	at org.apache.ratis.grpc.server.GrpcServerProtocolClient.requestVote(GrpcServerProtocolClient.java:99)
	at org.apache.ratis.grpc.server.GrpcService.requestVote(GrpcService.java:204)
	at org.apache.ratis.server.impl.LeaderElection.lambda$submitRequests$1(LeaderElection.java:234)
	at java.util.concurrent.FutureTask.run(FutureTask.java:266)
	at java.util.concurrent.Executors$RunnableAdapter.call(Executors.java:511)
	at java.util.concurrent.FutureTask.run(FutureTask.java:266)
	at java.util.concurrent.ThreadPoolExecutor.runWorker(ThreadPoolExecutor.java:1149)
	at java.util.concurrent.ThreadPoolExecutor$Worker.run(ThreadPoolExecutor.java:624)
	... 1 more
Caused by: org.apache.ratis.thirdparty.io.netty.channel.AbstractChannel$AnnotatedConnectException: Connection refused: /192.168.34.8:33589
	at sun.nio.ch.SocketChannelImpl.checkConnect(Native Method)
	at sun.nio.ch.SocketChannelImpl.finishConnect(SocketChannelImpl.java:717)
	at org.apache.ratis.thirdparty.io.netty.channel.socket.nio.NioSocketChannel.doFinishConnect(NioSocketChannel.java:327)
	at org.apache.ratis.thirdparty.io.netty.channel.nio.AbstractNioChannel$AbstractNioUnsafe.finishConnect(AbstractNioChannel.java:340)
	at org.apache.ratis.thirdparty.io.netty.channel.nio.NioEventLoop.processSelectedKey(NioEventLoop.java:632)
	at org.apache.ratis.thirdparty.io.netty.channel.nio.NioEventLoop.processSelectedKeysOptimized(NioEventLoop.java:579)
	at org.apache.ratis.thirdparty.io.netty.channel.nio.NioEventLoop.processSelectedKeys(NioEventLoop.java:496)
	at org.apache.ratis.thirdparty.io.netty.channel.nio.NioEventLoop.run(NioEventLoop.java:458)
	at org.apache.ratis.thirdparty.io.netty.util.concurrent.SingleThreadEventExecutor$5.run(SingleThreadEventExecutor.java:897)
	at org.apache.ratis.thirdparty.io.netty.util.concurrent.FastThreadLocalRunnable.run(FastThreadLocalRunnable.java:30)
	... 1 more
Caused by: java.net.ConnectException: Connection refused
	... 11 more
2019-10-21 22:01:41,015 [e152cc11-8922-4c62-a829-a835e5f58570@group-6834AB77F819-LeaderElection141] INFO  impl.RaftServerImpl (RaftServerImpl.java:setRole(184)) - e152cc11-8922-4c62-a829-a835e5f58570@group-6834AB77F819: changes role from CANDIDATE to FOLLOWER at term 7 for DISCOVERED_A_NEW_TERM
2019-10-21 22:01:41,015 [e152cc11-8922-4c62-a829-a835e5f58570@group-6834AB77F819-LeaderElection141] INFO  impl.RoleInfo (RoleInfo.java:shutdownLeaderElection(134)) - e152cc11-8922-4c62-a829-a835e5f58570: shutdown LeaderElection
2019-10-21 22:01:41,015 [e152cc11-8922-4c62-a829-a835e5f58570@group-6834AB77F819-LeaderElection141] INFO  impl.RoleInfo (RoleInfo.java:updateAndGet(143)) - e152cc11-8922-4c62-a829-a835e5f58570: start FollowerState
2019-10-21 22:01:41,152 [Thread-1437] INFO  impl.FollowerState (FollowerState.java:run(108)) - d2d0250e-a378-4f8a-a4ff-ce07d96628f4@group-129E33F6DE87-FollowerState: change to CANDIDATE, lastRpcTime:151ms, electionTimeout:151ms
2019-10-21 22:01:41,152 [Thread-1437] INFO  impl.RoleInfo (RoleInfo.java:shutdownFollowerState(121)) - d2d0250e-a378-4f8a-a4ff-ce07d96628f4: shutdown FollowerState
2019-10-21 22:01:41,152 [Thread-1437] INFO  impl.RaftServerImpl (RaftServerImpl.java:setRole(184)) - d2d0250e-a378-4f8a-a4ff-ce07d96628f4@group-129E33F6DE87: changes role from  FOLLOWER to CANDIDATE at term 127 for changeToCandidate
2019-10-21 22:01:41,153 [Thread-1437] INFO  impl.RoleInfo (RoleInfo.java:updateAndGet(143)) - d2d0250e-a378-4f8a-a4ff-ce07d96628f4: start LeaderElection
2019-10-21 22:01:41,166 [d2d0250e-a378-4f8a-a4ff-ce07d96628f4@group-129E33F6DE87-LeaderElection142] INFO  impl.LeaderElection (LeaderElection.java:askForVotes(178)) - d2d0250e-a378-4f8a-a4ff-ce07d96628f4@group-129E33F6DE87-LeaderElection142: begin an election at term 128 for -1: [756f57d6-6136-46f3-b5ea-af957dae1eda:192.168.34.8:33063, d2d0250e-a378-4f8a-a4ff-ce07d96628f4:192.168.34.8:43170, a36a670b-6f05-41e5-b505-2b1a8d9f1f79:192.168.34.8:32869], old=null
2019-10-21 22:01:41,169 [grpc-default-executor-3] INFO  impl.RaftServerImpl (RaftServerImpl.java:setRole(184)) - a36a670b-6f05-41e5-b505-2b1a8d9f1f79@group-129E33F6DE87: changes role from  FOLLOWER to FOLLOWER at term 128 for recognizeCandidate:d2d0250e-a378-4f8a-a4ff-ce07d96628f4
2019-10-21 22:01:41,169 [grpc-default-executor-4] INFO  impl.RaftServerImpl (RaftServerImpl.java:setRole(184)) - 756f57d6-6136-46f3-b5ea-af957dae1eda@group-129E33F6DE87: changes role from  FOLLOWER to FOLLOWER at term 128 for recognizeCandidate:d2d0250e-a378-4f8a-a4ff-ce07d96628f4
2019-10-21 22:01:41,169 [grpc-default-executor-3] INFO  impl.RoleInfo (RoleInfo.java:shutdownFollowerState(121)) - a36a670b-6f05-41e5-b505-2b1a8d9f1f79: shutdown FollowerState
2019-10-21 22:01:41,169 [grpc-default-executor-4] INFO  impl.RoleInfo (RoleInfo.java:shutdownFollowerState(121)) - 756f57d6-6136-46f3-b5ea-af957dae1eda: shutdown FollowerState
2019-10-21 22:01:41,169 [Thread-1436] INFO  impl.FollowerState (FollowerState.java:run(117)) - a36a670b-6f05-41e5-b505-2b1a8d9f1f79@group-129E33F6DE87-FollowerState was interrupted: java.lang.InterruptedException: sleep interrupted
2019-10-21 22:01:41,169 [grpc-default-executor-3] INFO  impl.RoleInfo (RoleInfo.java:updateAndGet(143)) - a36a670b-6f05-41e5-b505-2b1a8d9f1f79: start FollowerState
2019-10-21 22:01:41,170 [Thread-1435] INFO  impl.FollowerState (FollowerState.java:run(117)) - 756f57d6-6136-46f3-b5ea-af957dae1eda@group-129E33F6DE87-FollowerState was interrupted: java.lang.InterruptedException: sleep interrupted
2019-10-21 22:01:41,170 [grpc-default-executor-4] INFO  impl.RoleInfo (RoleInfo.java:updateAndGet(143)) - 756f57d6-6136-46f3-b5ea-af957dae1eda: start FollowerState
2019-10-21 22:01:41,184 [d2d0250e-a378-4f8a-a4ff-ce07d96628f4@group-129E33F6DE87-LeaderElection142] INFO  impl.LeaderElection (LeaderElection.java:logAndReturn(56)) - d2d0250e-a378-4f8a-a4ff-ce07d96628f4@group-129E33F6DE87-LeaderElection142: Election REJECTED; received 2 response(s) [d2d0250e-a378-4f8a-a4ff-ce07d96628f4<-756f57d6-6136-46f3-b5ea-af957dae1eda#0:FAIL-t128, d2d0250e-a378-4f8a-a4ff-ce07d96628f4<-a36a670b-6f05-41e5-b505-2b1a8d9f1f79#0:FAIL-t128] and 0 exception(s); d2d0250e-a378-4f8a-a4ff-ce07d96628f4@group-129E33F6DE87:t128, leader=null, voted=d2d0250e-a378-4f8a-a4ff-ce07d96628f4, raftlog=d2d0250e-a378-4f8a-a4ff-ce07d96628f4@group-129E33F6DE87-SegmentedRaftLog:OPENED:c-1,f-1,i0, conf=-1: [756f57d6-6136-46f3-b5ea-af957dae1eda:192.168.34.8:33063, d2d0250e-a378-4f8a-a4ff-ce07d96628f4:192.168.34.8:43170, a36a670b-6f05-41e5-b505-2b1a8d9f1f79:192.168.34.8:32869], old=null
2019-10-21 22:01:41,185 [d2d0250e-a378-4f8a-a4ff-ce07d96628f4@group-129E33F6DE87-LeaderElection142] INFO  impl.RaftServerImpl (RaftServerImpl.java:setRole(184)) - d2d0250e-a378-4f8a-a4ff-ce07d96628f4@group-129E33F6DE87: changes role from CANDIDATE to FOLLOWER at term 128 for DISCOVERED_A_NEW_TERM
2019-10-21 22:01:41,185 [d2d0250e-a378-4f8a-a4ff-ce07d96628f4@group-129E33F6DE87-LeaderElection142] INFO  impl.RoleInfo (RoleInfo.java:shutdownLeaderElection(134)) - d2d0250e-a378-4f8a-a4ff-ce07d96628f4: shutdown LeaderElection
2019-10-21 22:01:41,185 [d2d0250e-a378-4f8a-a4ff-ce07d96628f4@group-129E33F6DE87-LeaderElection142] INFO  impl.RoleInfo (RoleInfo.java:updateAndGet(143)) - d2d0250e-a378-4f8a-a4ff-ce07d96628f4: start FollowerState
2019-10-21 22:01:41,292 [Thread-1444] INFO  impl.FollowerState (FollowerState.java:run(108)) - d2d0250e-a378-4f8a-a4ff-ce07d96628f4@group-129E33F6DE87-FollowerState: change to CANDIDATE, lastRpcTime:107ms, electionTimeout:107ms
2019-10-21 22:01:41,292 [Thread-1444] INFO  impl.RoleInfo (RoleInfo.java:shutdownFollowerState(121)) - d2d0250e-a378-4f8a-a4ff-ce07d96628f4: shutdown FollowerState
2019-10-21 22:01:41,293 [Thread-1444] INFO  impl.RaftServerImpl (RaftServerImpl.java:setRole(184)) - d2d0250e-a378-4f8a-a4ff-ce07d96628f4@group-129E33F6DE87: changes role from  FOLLOWER to CANDIDATE at term 128 for changeToCandidate
2019-10-21 22:01:41,293 [Thread-1444] INFO  impl.RoleInfo (RoleInfo.java:updateAndGet(143)) - d2d0250e-a378-4f8a-a4ff-ce07d96628f4: start LeaderElection
2019-10-21 22:01:41,307 [d2d0250e-a378-4f8a-a4ff-ce07d96628f4@group-129E33F6DE87-LeaderElection143] INFO  impl.LeaderElection (LeaderElection.java:askForVotes(178)) - d2d0250e-a378-4f8a-a4ff-ce07d96628f4@group-129E33F6DE87-LeaderElection143: begin an election at term 129 for -1: [756f57d6-6136-46f3-b5ea-af957dae1eda:192.168.34.8:33063, d2d0250e-a378-4f8a-a4ff-ce07d96628f4:192.168.34.8:43170, a36a670b-6f05-41e5-b505-2b1a8d9f1f79:192.168.34.8:32869], old=null
2019-10-21 22:01:41,310 [grpc-default-executor-4] INFO  impl.RaftServerImpl (RaftServerImpl.java:setRole(184)) - 756f57d6-6136-46f3-b5ea-af957dae1eda@group-129E33F6DE87: changes role from  FOLLOWER to FOLLOWER at term 129 for recognizeCandidate:d2d0250e-a378-4f8a-a4ff-ce07d96628f4
2019-10-21 22:01:41,310 [grpc-default-executor-4] INFO  impl.RoleInfo (RoleInfo.java:shutdownFollowerState(121)) - 756f57d6-6136-46f3-b5ea-af957dae1eda: shutdown FollowerState
2019-10-21 22:01:41,311 [grpc-default-executor-4] INFO  impl.RoleInfo (RoleInfo.java:updateAndGet(143)) - 756f57d6-6136-46f3-b5ea-af957dae1eda: start FollowerState
2019-10-21 22:01:41,311 [Thread-1443] INFO  impl.FollowerState (FollowerState.java:run(117)) - 756f57d6-6136-46f3-b5ea-af957dae1eda@group-129E33F6DE87-FollowerState was interrupted: java.lang.InterruptedException: sleep interrupted
2019-10-21 22:01:41,311 [grpc-default-executor-3] INFO  impl.RaftServerImpl (RaftServerImpl.java:setRole(184)) - a36a670b-6f05-41e5-b505-2b1a8d9f1f79@group-129E33F6DE87: changes role from  FOLLOWER to FOLLOWER at term 129 for recognizeCandidate:d2d0250e-a378-4f8a-a4ff-ce07d96628f4
2019-10-21 22:01:41,311 [grpc-default-executor-3] INFO  impl.RoleInfo (RoleInfo.java:shutdownFollowerState(121)) - a36a670b-6f05-41e5-b505-2b1a8d9f1f79: shutdown FollowerState
2019-10-21 22:01:41,311 [grpc-default-executor-3] INFO  impl.RoleInfo (RoleInfo.java:updateAndGet(143)) - a36a670b-6f05-41e5-b505-2b1a8d9f1f79: start FollowerState
2019-10-21 22:01:41,311 [Thread-1442] INFO  impl.FollowerState (FollowerState.java:run(117)) - a36a670b-6f05-41e5-b505-2b1a8d9f1f79@group-129E33F6DE87-FollowerState was interrupted: java.lang.InterruptedException: sleep interrupted
2019-10-21 22:01:41,325 [d2d0250e-a378-4f8a-a4ff-ce07d96628f4@group-129E33F6DE87-LeaderElection143] INFO  impl.LeaderElection (LeaderElection.java:logAndReturn(56)) - d2d0250e-a378-4f8a-a4ff-ce07d96628f4@group-129E33F6DE87-LeaderElection143: Election REJECTED; received 2 response(s) [d2d0250e-a378-4f8a-a4ff-ce07d96628f4<-756f57d6-6136-46f3-b5ea-af957dae1eda#0:FAIL-t129, d2d0250e-a378-4f8a-a4ff-ce07d96628f4<-a36a670b-6f05-41e5-b505-2b1a8d9f1f79#0:FAIL-t129] and 0 exception(s); d2d0250e-a378-4f8a-a4ff-ce07d96628f4@group-129E33F6DE87:t129, leader=null, voted=d2d0250e-a378-4f8a-a4ff-ce07d96628f4, raftlog=d2d0250e-a378-4f8a-a4ff-ce07d96628f4@group-129E33F6DE87-SegmentedRaftLog:OPENED:c-1,f-1,i0, conf=-1: [756f57d6-6136-46f3-b5ea-af957dae1eda:192.168.34.8:33063, d2d0250e-a378-4f8a-a4ff-ce07d96628f4:192.168.34.8:43170, a36a670b-6f05-41e5-b505-2b1a8d9f1f79:192.168.34.8:32869], old=null
2019-10-21 22:01:41,326 [d2d0250e-a378-4f8a-a4ff-ce07d96628f4@group-129E33F6DE87-LeaderElection143] INFO  impl.RaftServerImpl (RaftServerImpl.java:setRole(184)) - d2d0250e-a378-4f8a-a4ff-ce07d96628f4@group-129E33F6DE87: changes role from CANDIDATE to FOLLOWER at term 129 for DISCOVERED_A_NEW_TERM
2019-10-21 22:01:41,326 [d2d0250e-a378-4f8a-a4ff-ce07d96628f4@group-129E33F6DE87-LeaderElection143] INFO  impl.RoleInfo (RoleInfo.java:shutdownLeaderElection(134)) - d2d0250e-a378-4f8a-a4ff-ce07d96628f4: shutdown LeaderElection
2019-10-21 22:01:41,328 [d2d0250e-a378-4f8a-a4ff-ce07d96628f4@group-129E33F6DE87-LeaderElection143] INFO  impl.RoleInfo (RoleInfo.java:updateAndGet(143)) - d2d0250e-a378-4f8a-a4ff-ce07d96628f4: start FollowerState
2019-10-21 22:01:41,416 [Thread-1450] INFO  impl.FollowerState (FollowerState.java:run(108)) - d2d0250e-a378-4f8a-a4ff-ce07d96628f4@group-129E33F6DE87-FollowerState: change to CANDIDATE, lastRpcTime:87ms, electionTimeout:87ms
2019-10-21 22:01:41,416 [Thread-1450] INFO  impl.RoleInfo (RoleInfo.java:shutdownFollowerState(121)) - d2d0250e-a378-4f8a-a4ff-ce07d96628f4: shutdown FollowerState
2019-10-21 22:01:41,416 [Thread-1450] INFO  impl.RaftServerImpl (RaftServerImpl.java:setRole(184)) - d2d0250e-a378-4f8a-a4ff-ce07d96628f4@group-129E33F6DE87: changes role from  FOLLOWER to CANDIDATE at term 129 for changeToCandidate
2019-10-21 22:01:41,416 [Thread-1450] INFO  impl.RoleInfo (RoleInfo.java:updateAndGet(143)) - d2d0250e-a378-4f8a-a4ff-ce07d96628f4: start LeaderElection
2019-10-21 22:01:41,430 [d2d0250e-a378-4f8a-a4ff-ce07d96628f4@group-129E33F6DE87-LeaderElection144] INFO  impl.LeaderElection (LeaderElection.java:askForVotes(178)) - d2d0250e-a378-4f8a-a4ff-ce07d96628f4@group-129E33F6DE87-LeaderElection144: begin an election at term 130 for -1: [756f57d6-6136-46f3-b5ea-af957dae1eda:192.168.34.8:33063, d2d0250e-a378-4f8a-a4ff-ce07d96628f4:192.168.34.8:43170, a36a670b-6f05-41e5-b505-2b1a8d9f1f79:192.168.34.8:32869], old=null
2019-10-21 22:01:41,433 [grpc-default-executor-4] INFO  impl.RaftServerImpl (RaftServerImpl.java:setRole(184)) - 756f57d6-6136-46f3-b5ea-af957dae1eda@group-129E33F6DE87: changes role from  FOLLOWER to FOLLOWER at term 130 for recognizeCandidate:d2d0250e-a378-4f8a-a4ff-ce07d96628f4
2019-10-21 22:01:41,433 [grpc-default-executor-4] INFO  impl.RoleInfo (RoleInfo.java:shutdownFollowerState(121)) - 756f57d6-6136-46f3-b5ea-af957dae1eda: shutdown FollowerState
2019-10-21 22:01:41,433 [grpc-default-executor-4] INFO  impl.RoleInfo (RoleInfo.java:updateAndGet(143)) - 756f57d6-6136-46f3-b5ea-af957dae1eda: start FollowerState
2019-10-21 22:01:41,434 [Thread-1448] INFO  impl.FollowerState (FollowerState.java:run(117)) - 756f57d6-6136-46f3-b5ea-af957dae1eda@group-129E33F6DE87-FollowerState was interrupted: java.lang.InterruptedException: sleep interrupted
2019-10-21 22:01:41,438 [grpc-default-executor-3] INFO  impl.RaftServerImpl (RaftServerImpl.java:setRole(184)) - a36a670b-6f05-41e5-b505-2b1a8d9f1f79@group-129E33F6DE87: changes role from  FOLLOWER to FOLLOWER at term 130 for recognizeCandidate:d2d0250e-a378-4f8a-a4ff-ce07d96628f4
2019-10-21 22:01:41,438 [grpc-default-executor-3] INFO  impl.RoleInfo (RoleInfo.java:shutdownFollowerState(121)) - a36a670b-6f05-41e5-b505-2b1a8d9f1f79: shutdown FollowerState
2019-10-21 22:01:41,438 [grpc-default-executor-3] INFO  impl.RoleInfo (RoleInfo.java:updateAndGet(143)) - a36a670b-6f05-41e5-b505-2b1a8d9f1f79: start FollowerState
2019-10-21 22:01:41,438 [Thread-1449] INFO  impl.FollowerState (FollowerState.java:run(117)) - a36a670b-6f05-41e5-b505-2b1a8d9f1f79@group-129E33F6DE87-FollowerState was interrupted: java.lang.InterruptedException: sleep interrupted
2019-10-21 22:01:41,450 [d2d0250e-a378-4f8a-a4ff-ce07d96628f4@group-129E33F6DE87-LeaderElection144] INFO  impl.LeaderElection (LeaderElection.java:logAndReturn(56)) - d2d0250e-a378-4f8a-a4ff-ce07d96628f4@group-129E33F6DE87-LeaderElection144: Election REJECTED; received 2 response(s) [d2d0250e-a378-4f8a-a4ff-ce07d96628f4<-756f57d6-6136-46f3-b5ea-af957dae1eda#0:FAIL-t130, d2d0250e-a378-4f8a-a4ff-ce07d96628f4<-a36a670b-6f05-41e5-b505-2b1a8d9f1f79#0:FAIL-t130] and 0 exception(s); d2d0250e-a378-4f8a-a4ff-ce07d96628f4@group-129E33F6DE87:t130, leader=null, voted=d2d0250e-a378-4f8a-a4ff-ce07d96628f4, raftlog=d2d0250e-a378-4f8a-a4ff-ce07d96628f4@group-129E33F6DE87-SegmentedRaftLog:OPENED:c-1,f-1,i0, conf=-1: [756f57d6-6136-46f3-b5ea-af957dae1eda:192.168.34.8:33063, d2d0250e-a378-4f8a-a4ff-ce07d96628f4:192.168.34.8:43170, a36a670b-6f05-41e5-b505-2b1a8d9f1f79:192.168.34.8:32869], old=null
2019-10-21 22:01:41,451 [d2d0250e-a378-4f8a-a4ff-ce07d96628f4@group-129E33F6DE87-LeaderElection144] INFO  impl.RaftServerImpl (RaftServerImpl.java:setRole(184)) - d2d0250e-a378-4f8a-a4ff-ce07d96628f4@group-129E33F6DE87: changes role from CANDIDATE to FOLLOWER at term 130 for DISCOVERED_A_NEW_TERM
2019-10-21 22:01:41,451 [d2d0250e-a378-4f8a-a4ff-ce07d96628f4@group-129E33F6DE87-LeaderElection144] INFO  impl.RoleInfo (RoleInfo.java:shutdownLeaderElection(134)) - d2d0250e-a378-4f8a-a4ff-ce07d96628f4: shutdown LeaderElection
2019-10-21 22:01:41,451 [d2d0250e-a378-4f8a-a4ff-ce07d96628f4@group-129E33F6DE87-LeaderElection144] INFO  impl.RoleInfo (RoleInfo.java:updateAndGet(143)) - d2d0250e-a378-4f8a-a4ff-ce07d96628f4: start FollowerState
2019-10-21 22:01:41,642 [Thread-1458] INFO  impl.FollowerState (FollowerState.java:run(108)) - d2d0250e-a378-4f8a-a4ff-ce07d96628f4@group-129E33F6DE87-FollowerState: change to CANDIDATE, lastRpcTime:190ms, electionTimeout:190ms
2019-10-21 22:01:41,643 [Thread-1458] INFO  impl.RoleInfo (RoleInfo.java:shutdownFollowerState(121)) - d2d0250e-a378-4f8a-a4ff-ce07d96628f4: shutdown FollowerState
2019-10-21 22:01:41,643 [Thread-1458] INFO  impl.RaftServerImpl (RaftServerImpl.java:setRole(184)) - d2d0250e-a378-4f8a-a4ff-ce07d96628f4@group-129E33F6DE87: changes role from  FOLLOWER to CANDIDATE at term 130 for changeToCandidate
2019-10-21 22:01:41,644 [Thread-1458] INFO  impl.RoleInfo (RoleInfo.java:updateAndGet(143)) - d2d0250e-a378-4f8a-a4ff-ce07d96628f4: start LeaderElection
2019-10-21 22:01:41,659 [d2d0250e-a378-4f8a-a4ff-ce07d96628f4@group-129E33F6DE87-LeaderElection145] INFO  impl.LeaderElection (LeaderElection.java:askForVotes(178)) - d2d0250e-a378-4f8a-a4ff-ce07d96628f4@group-129E33F6DE87-LeaderElection145: begin an election at term 131 for -1: [756f57d6-6136-46f3-b5ea-af957dae1eda:192.168.34.8:33063, d2d0250e-a378-4f8a-a4ff-ce07d96628f4:192.168.34.8:43170, a36a670b-6f05-41e5-b505-2b1a8d9f1f79:192.168.34.8:32869], old=null
2019-10-21 22:01:41,667 [grpc-default-executor-3] INFO  impl.RaftServerImpl (RaftServerImpl.java:setRole(184)) - 756f57d6-6136-46f3-b5ea-af957dae1eda@group-129E33F6DE87: changes role from  FOLLOWER to FOLLOWER at term 131 for recognizeCandidate:d2d0250e-a378-4f8a-a4ff-ce07d96628f4
2019-10-21 22:01:41,667 [grpc-default-executor-4] INFO  impl.RaftServerImpl (RaftServerImpl.java:setRole(184)) - a36a670b-6f05-41e5-b505-2b1a8d9f1f79@group-129E33F6DE87: changes role from  FOLLOWER to FOLLOWER at term 131 for recognizeCandidate:d2d0250e-a378-4f8a-a4ff-ce07d96628f4
2019-10-21 22:01:41,667 [grpc-default-executor-3] INFO  impl.RoleInfo (RoleInfo.java:shutdownFollowerState(121)) - 756f57d6-6136-46f3-b5ea-af957dae1eda: shutdown FollowerState
2019-10-21 22:01:41,667 [grpc-default-executor-4] INFO  impl.RoleInfo (RoleInfo.java:shutdownFollowerState(121)) - a36a670b-6f05-41e5-b505-2b1a8d9f1f79: shutdown FollowerState
2019-10-21 22:01:41,667 [grpc-default-executor-3] INFO  impl.RoleInfo (RoleInfo.java:updateAndGet(143)) - 756f57d6-6136-46f3-b5ea-af957dae1eda: start FollowerState
2019-10-21 22:01:41,668 [Thread-1456] INFO  impl.FollowerState (FollowerState.java:run(117)) - 756f57d6-6136-46f3-b5ea-af957dae1eda@group-129E33F6DE87-FollowerState was interrupted: java.lang.InterruptedException: sleep interrupted
2019-10-21 22:01:41,668 [Thread-1457] INFO  impl.FollowerState (FollowerState.java:run(117)) - a36a670b-6f05-41e5-b505-2b1a8d9f1f79@group-129E33F6DE87-FollowerState was interrupted: java.lang.InterruptedException: sleep interrupted
2019-10-21 22:01:41,667 [grpc-default-executor-4] INFO  impl.RoleInfo (RoleInfo.java:updateAndGet(143)) - a36a670b-6f05-41e5-b505-2b1a8d9f1f79: start FollowerState
2019-10-21 22:01:41,684 [d2d0250e-a378-4f8a-a4ff-ce07d96628f4@group-129E33F6DE87-LeaderElection145] INFO  impl.LeaderElection (LeaderElection.java:logAndReturn(56)) - d2d0250e-a378-4f8a-a4ff-ce07d96628f4@group-129E33F6DE87-LeaderElection145: Election REJECTED; received 2 response(s) [d2d0250e-a378-4f8a-a4ff-ce07d96628f4<-756f57d6-6136-46f3-b5ea-af957dae1eda#0:FAIL-t131, d2d0250e-a378-4f8a-a4ff-ce07d96628f4<-a36a670b-6f05-41e5-b505-2b1a8d9f1f79#0:FAIL-t131] and 0 exception(s); d2d0250e-a378-4f8a-a4ff-ce07d96628f4@group-129E33F6DE87:t131, leader=null, voted=d2d0250e-a378-4f8a-a4ff-ce07d96628f4, raftlog=d2d0250e-a378-4f8a-a4ff-ce07d96628f4@group-129E33F6DE87-SegmentedRaftLog:OPENED:c-1,f-1,i0, conf=-1: [756f57d6-6136-46f3-b5ea-af957dae1eda:192.168.34.8:33063, d2d0250e-a378-4f8a-a4ff-ce07d96628f4:192.168.34.8:43170, a36a670b-6f05-41e5-b505-2b1a8d9f1f79:192.168.34.8:32869], old=null
2019-10-21 22:01:41,684 [d2d0250e-a378-4f8a-a4ff-ce07d96628f4@group-129E33F6DE87-LeaderElection145] INFO  impl.RaftServerImpl (RaftServerImpl.java:setRole(184)) - d2d0250e-a378-4f8a-a4ff-ce07d96628f4@group-129E33F6DE87: changes role from CANDIDATE to FOLLOWER at term 131 for DISCOVERED_A_NEW_TERM
2019-10-21 22:01:41,684 [d2d0250e-a378-4f8a-a4ff-ce07d96628f4@group-129E33F6DE87-LeaderElection145] INFO  impl.RoleInfo (RoleInfo.java:shutdownLeaderElection(134)) - d2d0250e-a378-4f8a-a4ff-ce07d96628f4: shutdown LeaderElection
2019-10-21 22:01:41,684 [d2d0250e-a378-4f8a-a4ff-ce07d96628f4@group-129E33F6DE87-LeaderElection145] INFO  impl.RoleInfo (RoleInfo.java:updateAndGet(143)) - d2d0250e-a378-4f8a-a4ff-ce07d96628f4: start FollowerState
2019-10-21 22:01:41,699 [Thread-1464] INFO  impl.FollowerState (FollowerState.java:run(108)) - d2d0250e-a378-4f8a-a4ff-ce07d96628f4@group-129E33F6DE87-FollowerState: change to CANDIDATE, lastRpcTime:14ms, electionTimeout:14ms
2019-10-21 22:01:41,699 [Thread-1464] INFO  impl.RoleInfo (RoleInfo.java:shutdownFollowerState(121)) - d2d0250e-a378-4f8a-a4ff-ce07d96628f4: shutdown FollowerState
2019-10-21 22:01:41,699 [Thread-1464] INFO  impl.RaftServerImpl (RaftServerImpl.java:setRole(184)) - d2d0250e-a378-4f8a-a4ff-ce07d96628f4@group-129E33F6DE87: changes role from  FOLLOWER to CANDIDATE at term 131 for changeToCandidate
2019-10-21 22:01:41,699 [Thread-1464] INFO  impl.RoleInfo (RoleInfo.java:updateAndGet(143)) - d2d0250e-a378-4f8a-a4ff-ce07d96628f4: start LeaderElection
2019-10-21 22:01:41,713 [d2d0250e-a378-4f8a-a4ff-ce07d96628f4@group-129E33F6DE87-LeaderElection146] INFO  impl.LeaderElection (LeaderElection.java:askForVotes(178)) - d2d0250e-a378-4f8a-a4ff-ce07d96628f4@group-129E33F6DE87-LeaderElection146: begin an election at term 132 for -1: [756f57d6-6136-46f3-b5ea-af957dae1eda:192.168.34.8:33063, d2d0250e-a378-4f8a-a4ff-ce07d96628f4:192.168.34.8:43170, a36a670b-6f05-41e5-b505-2b1a8d9f1f79:192.168.34.8:32869], old=null
2019-10-21 22:01:41,716 [grpc-default-executor-4] INFO  impl.RaftServerImpl (RaftServerImpl.java:setRole(184)) - 756f57d6-6136-46f3-b5ea-af957dae1eda@group-129E33F6DE87: changes role from  FOLLOWER to FOLLOWER at term 132 for recognizeCandidate:d2d0250e-a378-4f8a-a4ff-ce07d96628f4
2019-10-21 22:01:41,716 [grpc-default-executor-3] INFO  impl.RaftServerImpl (RaftServerImpl.java:setRole(184)) - a36a670b-6f05-41e5-b505-2b1a8d9f1f79@group-129E33F6DE87: changes role from  FOLLOWER to FOLLOWER at term 132 for recognizeCandidate:d2d0250e-a378-4f8a-a4ff-ce07d96628f4
2019-10-21 22:01:41,716 [grpc-default-executor-4] INFO  impl.RoleInfo (RoleInfo.java:shutdownFollowerState(121)) - 756f57d6-6136-46f3-b5ea-af957dae1eda: shutdown FollowerState
2019-10-21 22:01:41,717 [grpc-default-executor-3] INFO  impl.RoleInfo (RoleInfo.java:shutdownFollowerState(121)) - a36a670b-6f05-41e5-b505-2b1a8d9f1f79: shutdown FollowerState
2019-10-21 22:01:41,717 [grpc-default-executor-4] INFO  impl.RoleInfo (RoleInfo.java:updateAndGet(143)) - 756f57d6-6136-46f3-b5ea-af957dae1eda: start FollowerState
2019-10-21 22:01:41,717 [Thread-1463] INFO  impl.FollowerState (FollowerState.java:run(117)) - a36a670b-6f05-41e5-b505-2b1a8d9f1f79@group-129E33F6DE87-FollowerState was interrupted: java.lang.InterruptedException: sleep interrupted
2019-10-21 22:01:41,717 [Thread-1462] INFO  impl.FollowerState (FollowerState.java:run(117)) - 756f57d6-6136-46f3-b5ea-af957dae1eda@group-129E33F6DE87-FollowerState was interrupted: java.lang.InterruptedException: sleep interrupted
2019-10-21 22:01:41,717 [grpc-default-executor-3] INFO  impl.RoleInfo (RoleInfo.java:updateAndGet(143)) - a36a670b-6f05-41e5-b505-2b1a8d9f1f79: start FollowerState
2019-10-21 22:01:41,732 [d2d0250e-a378-4f8a-a4ff-ce07d96628f4@group-129E33F6DE87-LeaderElection146] INFO  impl.LeaderElection (LeaderElection.java:logAndReturn(56)) - d2d0250e-a378-4f8a-a4ff-ce07d96628f4@group-129E33F6DE87-LeaderElection146: Election REJECTED; received 2 response(s) [d2d0250e-a378-4f8a-a4ff-ce07d96628f4<-756f57d6-6136-46f3-b5ea-af957dae1eda#0:FAIL-t132, d2d0250e-a378-4f8a-a4ff-ce07d96628f4<-a36a670b-6f05-41e5-b505-2b1a8d9f1f79#0:FAIL-t132] and 0 exception(s); d2d0250e-a378-4f8a-a4ff-ce07d96628f4@group-129E33F6DE87:t132, leader=null, voted=d2d0250e-a378-4f8a-a4ff-ce07d96628f4, raftlog=d2d0250e-a378-4f8a-a4ff-ce07d96628f4@group-129E33F6DE87-SegmentedRaftLog:OPENED:c-1,f-1,i0, conf=-1: [756f57d6-6136-46f3-b5ea-af957dae1eda:192.168.34.8:33063, d2d0250e-a378-4f8a-a4ff-ce07d96628f4:192.168.34.8:43170, a36a670b-6f05-41e5-b505-2b1a8d9f1f79:192.168.34.8:32869], old=null
2019-10-21 22:01:41,732 [d2d0250e-a378-4f8a-a4ff-ce07d96628f4@group-129E33F6DE87-LeaderElection146] INFO  impl.RaftServerImpl (RaftServerImpl.java:setRole(184)) - d2d0250e-a378-4f8a-a4ff-ce07d96628f4@group-129E33F6DE87: changes role from CANDIDATE to FOLLOWER at term 132 for DISCOVERED_A_NEW_TERM
2019-10-21 22:01:41,732 [d2d0250e-a378-4f8a-a4ff-ce07d96628f4@group-129E33F6DE87-LeaderElection146] INFO  impl.RoleInfo (RoleInfo.java:shutdownLeaderElection(134)) - d2d0250e-a378-4f8a-a4ff-ce07d96628f4: shutdown LeaderElection
2019-10-21 22:01:41,732 [d2d0250e-a378-4f8a-a4ff-ce07d96628f4@group-129E33F6DE87-LeaderElection146] INFO  impl.RoleInfo (RoleInfo.java:updateAndGet(143)) - d2d0250e-a378-4f8a-a4ff-ce07d96628f4: start FollowerState
2019-10-21 22:01:41,898 [Thread-1470] INFO  impl.FollowerState (FollowerState.java:run(108)) - d2d0250e-a378-4f8a-a4ff-ce07d96628f4@group-129E33F6DE87-FollowerState: change to CANDIDATE, lastRpcTime:165ms, electionTimeout:165ms
2019-10-21 22:01:41,898 [Thread-1470] INFO  impl.RoleInfo (RoleInfo.java:shutdownFollowerState(121)) - d2d0250e-a378-4f8a-a4ff-ce07d96628f4: shutdown FollowerState
2019-10-21 22:01:41,898 [Thread-1470] INFO  impl.RaftServerImpl (RaftServerImpl.java:setRole(184)) - d2d0250e-a378-4f8a-a4ff-ce07d96628f4@group-129E33F6DE87: changes role from  FOLLOWER to CANDIDATE at term 132 for changeToCandidate
2019-10-21 22:01:41,898 [Thread-1470] INFO  impl.RoleInfo (RoleInfo.java:updateAndGet(143)) - d2d0250e-a378-4f8a-a4ff-ce07d96628f4: start LeaderElection
2019-10-21 22:01:41,912 [d2d0250e-a378-4f8a-a4ff-ce07d96628f4@group-129E33F6DE87-LeaderElection147] INFO  impl.LeaderElection (LeaderElection.java:askForVotes(178)) - d2d0250e-a378-4f8a-a4ff-ce07d96628f4@group-129E33F6DE87-LeaderElection147: begin an election at term 133 for -1: [756f57d6-6136-46f3-b5ea-af957dae1eda:192.168.34.8:33063, d2d0250e-a378-4f8a-a4ff-ce07d96628f4:192.168.34.8:43170, a36a670b-6f05-41e5-b505-2b1a8d9f1f79:192.168.34.8:32869], old=null
2019-10-21 22:01:41,916 [grpc-default-executor-3] INFO  impl.RaftServerImpl (RaftServerImpl.java:setRole(184)) - a36a670b-6f05-41e5-b505-2b1a8d9f1f79@group-129E33F6DE87: changes role from  FOLLOWER to FOLLOWER at term 133 for recognizeCandidate:d2d0250e-a378-4f8a-a4ff-ce07d96628f4
2019-10-21 22:01:41,916 [grpc-default-executor-3] INFO  impl.RoleInfo (RoleInfo.java:shutdownFollowerState(121)) - a36a670b-6f05-41e5-b505-2b1a8d9f1f79: shutdown FollowerState
2019-10-21 22:01:41,916 [grpc-default-executor-4] INFO  impl.RaftServerImpl (RaftServerImpl.java:setRole(184)) - 756f57d6-6136-46f3-b5ea-af957dae1eda@group-129E33F6DE87: changes role from  FOLLOWER to FOLLOWER at term 133 for recognizeCandidate:d2d0250e-a378-4f8a-a4ff-ce07d96628f4
2019-10-21 22:01:41,916 [Thread-1469] INFO  impl.FollowerState (FollowerState.java:run(117)) - a36a670b-6f05-41e5-b505-2b1a8d9f1f79@group-129E33F6DE87-FollowerState was interrupted: java.lang.InterruptedException: sleep interrupted
2019-10-21 22:01:41,916 [grpc-default-executor-3] INFO  impl.RoleInfo (RoleInfo.java:updateAndGet(143)) - a36a670b-6f05-41e5-b505-2b1a8d9f1f79: start FollowerState
2019-10-21 22:01:41,916 [grpc-default-executor-4] INFO  impl.RoleInfo (RoleInfo.java:shutdownFollowerState(121)) - 756f57d6-6136-46f3-b5ea-af957dae1eda: shutdown FollowerState
2019-10-21 22:01:41,917 [grpc-default-executor-4] INFO  impl.RoleInfo (RoleInfo.java:updateAndGet(143)) - 756f57d6-6136-46f3-b5ea-af957dae1eda: start FollowerState
2019-10-21 22:01:41,917 [Thread-1468] INFO  impl.FollowerState (FollowerState.java:run(117)) - 756f57d6-6136-46f3-b5ea-af957dae1eda@group-129E33F6DE87-FollowerState was interrupted: java.lang.InterruptedException: sleep interrupted
2019-10-21 22:01:41,931 [d2d0250e-a378-4f8a-a4ff-ce07d96628f4@group-129E33F6DE87-LeaderElection147] INFO  impl.LeaderElection (LeaderElection.java:logAndReturn(56)) - d2d0250e-a378-4f8a-a4ff-ce07d96628f4@group-129E33F6DE87-LeaderElection147: Election REJECTED; received 2 response(s) [d2d0250e-a378-4f8a-a4ff-ce07d96628f4<-756f57d6-6136-46f3-b5ea-af957dae1eda#0:FAIL-t133, d2d0250e-a378-4f8a-a4ff-ce07d96628f4<-a36a670b-6f05-41e5-b505-2b1a8d9f1f79#0:FAIL-t133] and 0 exception(s); d2d0250e-a378-4f8a-a4ff-ce07d96628f4@group-129E33F6DE87:t133, leader=null, voted=d2d0250e-a378-4f8a-a4ff-ce07d96628f4, raftlog=d2d0250e-a378-4f8a-a4ff-ce07d96628f4@group-129E33F6DE87-SegmentedRaftLog:OPENED:c-1,f-1,i0, conf=-1: [756f57d6-6136-46f3-b5ea-af957dae1eda:192.168.34.8:33063, d2d0250e-a378-4f8a-a4ff-ce07d96628f4:192.168.34.8:43170, a36a670b-6f05-41e5-b505-2b1a8d9f1f79:192.168.34.8:32869], old=null
2019-10-21 22:01:41,932 [d2d0250e-a378-4f8a-a4ff-ce07d96628f4@group-129E33F6DE87-LeaderElection147] INFO  impl.RaftServerImpl (RaftServerImpl.java:setRole(184)) - d2d0250e-a378-4f8a-a4ff-ce07d96628f4@group-129E33F6DE87: changes role from CANDIDATE to FOLLOWER at term 133 for DISCOVERED_A_NEW_TERM
2019-10-21 22:01:41,932 [d2d0250e-a378-4f8a-a4ff-ce07d96628f4@group-129E33F6DE87-LeaderElection147] INFO  impl.RoleInfo (RoleInfo.java:shutdownLeaderElection(134)) - d2d0250e-a378-4f8a-a4ff-ce07d96628f4: shutdown LeaderElection
2019-10-21 22:01:41,932 [d2d0250e-a378-4f8a-a4ff-ce07d96628f4@group-129E33F6DE87-LeaderElection147] INFO  impl.RoleInfo (RoleInfo.java:updateAndGet(143)) - d2d0250e-a378-4f8a-a4ff-ce07d96628f4: start FollowerState
2019-10-21 22:01:42,081 [Thread-1478] INFO  impl.FollowerState (FollowerState.java:run(108)) - d2d0250e-a378-4f8a-a4ff-ce07d96628f4@group-129E33F6DE87-FollowerState: change to CANDIDATE, lastRpcTime:149ms, electionTimeout:149ms
2019-10-21 22:01:42,082 [Thread-1478] INFO  impl.RoleInfo (RoleInfo.java:shutdownFollowerState(121)) - d2d0250e-a378-4f8a-a4ff-ce07d96628f4: shutdown FollowerState
2019-10-21 22:01:42,082 [Thread-1478] INFO  impl.RaftServerImpl (RaftServerImpl.java:setRole(184)) - d2d0250e-a378-4f8a-a4ff-ce07d96628f4@group-129E33F6DE87: changes role from  FOLLOWER to CANDIDATE at term 133 for changeToCandidate
2019-10-21 22:01:42,082 [Thread-1478] INFO  impl.RoleInfo (RoleInfo.java:updateAndGet(143)) - d2d0250e-a378-4f8a-a4ff-ce07d96628f4: start LeaderElection
2019-10-21 22:01:42,097 [d2d0250e-a378-4f8a-a4ff-ce07d96628f4@group-129E33F6DE87-LeaderElection148] INFO  impl.LeaderElection (LeaderElection.java:askForVotes(178)) - d2d0250e-a378-4f8a-a4ff-ce07d96628f4@group-129E33F6DE87-LeaderElection148: begin an election at term 134 for -1: [756f57d6-6136-46f3-b5ea-af957dae1eda:192.168.34.8:33063, d2d0250e-a378-4f8a-a4ff-ce07d96628f4:192.168.34.8:43170, a36a670b-6f05-41e5-b505-2b1a8d9f1f79:192.168.34.8:32869], old=null
2019-10-21 22:01:42,100 [grpc-default-executor-4] INFO  impl.RaftServerImpl (RaftServerImpl.java:setRole(184)) - 756f57d6-6136-46f3-b5ea-af957dae1eda@group-129E33F6DE87: changes role from  FOLLOWER to FOLLOWER at term 134 for recognizeCandidate:d2d0250e-a378-4f8a-a4ff-ce07d96628f4
2019-10-21 22:01:42,100 [grpc-default-executor-4] INFO  impl.RoleInfo (RoleInfo.java:shutdownFollowerState(121)) - 756f57d6-6136-46f3-b5ea-af957dae1eda: shutdown FollowerState
2019-10-21 22:01:42,100 [grpc-default-executor-3] INFO  impl.RaftServerImpl (RaftServerImpl.java:setRole(184)) - a36a670b-6f05-41e5-b505-2b1a8d9f1f79@group-129E33F6DE87: changes role from  FOLLOWER to FOLLOWER at term 134 for recognizeCandidate:d2d0250e-a378-4f8a-a4ff-ce07d96628f4
2019-10-21 22:01:42,100 [grpc-default-executor-3] INFO  impl.RoleInfo (RoleInfo.java:shutdownFollowerState(121)) - a36a670b-6f05-41e5-b505-2b1a8d9f1f79: shutdown FollowerState
2019-10-21 22:01:42,100 [Thread-1477] INFO  impl.FollowerState (FollowerState.java:run(117)) - 756f57d6-6136-46f3-b5ea-af957dae1eda@group-129E33F6DE87-FollowerState was interrupted: java.lang.InterruptedException: sleep interrupted
2019-10-21 22:01:42,100 [grpc-default-executor-4] INFO  impl.RoleInfo (RoleInfo.java:updateAndGet(143)) - 756f57d6-6136-46f3-b5ea-af957dae1eda: start FollowerState
2019-10-21 22:01:42,100 [Thread-1476] INFO  impl.FollowerState (FollowerState.java:run(117)) - a36a670b-6f05-41e5-b505-2b1a8d9f1f79@group-129E33F6DE87-FollowerState was interrupted: java.lang.InterruptedException: sleep interrupted
2019-10-21 22:01:42,100 [grpc-default-executor-3] INFO  impl.RoleInfo (RoleInfo.java:updateAndGet(143)) - a36a670b-6f05-41e5-b505-2b1a8d9f1f79: start FollowerState
2019-10-21 22:01:42,115 [d2d0250e-a378-4f8a-a4ff-ce07d96628f4@group-129E33F6DE87-LeaderElection148] INFO  impl.LeaderElection (LeaderElection.java:logAndReturn(56)) - d2d0250e-a378-4f8a-a4ff-ce07d96628f4@group-129E33F6DE87-LeaderElection148: Election REJECTED; received 2 response(s) [d2d0250e-a378-4f8a-a4ff-ce07d96628f4<-756f57d6-6136-46f3-b5ea-af957dae1eda#0:FAIL-t134, d2d0250e-a378-4f8a-a4ff-ce07d96628f4<-a36a670b-6f05-41e5-b505-2b1a8d9f1f79#0:FAIL-t134] and 0 exception(s); d2d0250e-a378-4f8a-a4ff-ce07d96628f4@group-129E33F6DE87:t134, leader=null, voted=d2d0250e-a378-4f8a-a4ff-ce07d96628f4, raftlog=d2d0250e-a378-4f8a-a4ff-ce07d96628f4@group-129E33F6DE87-SegmentedRaftLog:OPENED:c-1,f-1,i0, conf=-1: [756f57d6-6136-46f3-b5ea-af957dae1eda:192.168.34.8:33063, d2d0250e-a378-4f8a-a4ff-ce07d96628f4:192.168.34.8:43170, a36a670b-6f05-41e5-b505-2b1a8d9f1f79:192.168.34.8:32869], old=null
2019-10-21 22:01:42,116 [d2d0250e-a378-4f8a-a4ff-ce07d96628f4@group-129E33F6DE87-LeaderElection148] INFO  impl.RaftServerImpl (RaftServerImpl.java:setRole(184)) - d2d0250e-a378-4f8a-a4ff-ce07d96628f4@group-129E33F6DE87: changes role from CANDIDATE to FOLLOWER at term 134 for DISCOVERED_A_NEW_TERM
2019-10-21 22:01:42,116 [d2d0250e-a378-4f8a-a4ff-ce07d96628f4@group-129E33F6DE87-LeaderElection148] INFO  impl.RoleInfo (RoleInfo.java:shutdownLeaderElection(134)) - d2d0250e-a378-4f8a-a4ff-ce07d96628f4: shutdown LeaderElection
2019-10-21 22:01:42,116 [d2d0250e-a378-4f8a-a4ff-ce07d96628f4@group-129E33F6DE87-LeaderElection148] INFO  impl.RoleInfo (RoleInfo.java:updateAndGet(143)) - d2d0250e-a378-4f8a-a4ff-ce07d96628f4: start FollowerState
2019-10-21 22:01:42,146 [Thread-1438] INFO  impl.FollowerState (FollowerState.java:run(108)) - e152cc11-8922-4c62-a829-a835e5f58570@group-6834AB77F819-FollowerState: change to CANDIDATE, lastRpcTime:1130ms, electionTimeout:1130ms
2019-10-21 22:01:42,146 [Thread-1438] INFO  impl.RoleInfo (RoleInfo.java:shutdownFollowerState(121)) - e152cc11-8922-4c62-a829-a835e5f58570: shutdown FollowerState
2019-10-21 22:01:42,146 [Thread-1438] INFO  impl.RaftServerImpl (RaftServerImpl.java:setRole(184)) - e152cc11-8922-4c62-a829-a835e5f58570@group-6834AB77F819: changes role from  FOLLOWER to CANDIDATE at term 7 for changeToCandidate
2019-10-21 22:01:42,146 [Thread-1438] INFO  impl.RoleInfo (RoleInfo.java:updateAndGet(143)) - e152cc11-8922-4c62-a829-a835e5f58570: start LeaderElection
2019-10-21 22:01:42,159 [Thread-1484] INFO  impl.FollowerState (FollowerState.java:run(108)) - d2d0250e-a378-4f8a-a4ff-ce07d96628f4@group-129E33F6DE87-FollowerState: change to CANDIDATE, lastRpcTime:43ms, electionTimeout:43ms
2019-10-21 22:01:42,160 [Thread-1484] INFO  impl.RoleInfo (RoleInfo.java:shutdownFollowerState(121)) - d2d0250e-a378-4f8a-a4ff-ce07d96628f4: shutdown FollowerState
2019-10-21 22:01:42,160 [Thread-1484] INFO  impl.RaftServerImpl (RaftServerImpl.java:setRole(184)) - d2d0250e-a378-4f8a-a4ff-ce07d96628f4@group-129E33F6DE87: changes role from  FOLLOWER to CANDIDATE at term 134 for changeToCandidate
2019-10-21 22:01:42,160 [Thread-1484] INFO  impl.RoleInfo (RoleInfo.java:updateAndGet(143)) - d2d0250e-a378-4f8a-a4ff-ce07d96628f4: start LeaderElection
2019-10-21 22:01:42,161 [e152cc11-8922-4c62-a829-a835e5f58570@group-6834AB77F819-LeaderElection149] INFO  impl.LeaderElection (LeaderElection.java:askForVotes(178)) - e152cc11-8922-4c62-a829-a835e5f58570@group-6834AB77F819-LeaderElection149: begin an election at term 8 for 1: [e152cc11-8922-4c62-a829-a835e5f58570:192.168.34.8:34707, 0edd2ec6-20bf-4809-95ac-80dc11748221:192.168.34.8:43533, 28432215-63ab-4c85-86e9-79fb72521e72:192.168.34.8:33589], old=null
2019-10-21 22:01:42,162 [e152cc11-8922-4c62-a829-a835e5f58570@group-6834AB77F819-LeaderElection149] INFO  impl.LeaderElection (LogUtils.java:infoOrTrace(149)) - e152cc11-8922-4c62-a829-a835e5f58570@group-6834AB77F819-LeaderElection149 got exception when requesting votes: {}
java.util.concurrent.ExecutionException: org.apache.ratis.thirdparty.io.grpc.StatusRuntimeException: UNAVAILABLE: io exception
	at java.util.concurrent.FutureTask.report(FutureTask.java:122)
	at java.util.concurrent.FutureTask.get(FutureTask.java:192)
	at org.apache.ratis.server.impl.LeaderElection.waitForResults(LeaderElection.java:259)
	at org.apache.ratis.server.impl.LeaderElection.askForVotes(LeaderElection.java:197)
	at org.apache.ratis.server.impl.LeaderElection.run(LeaderElection.java:133)
	at java.lang.Thread.run(Thread.java:748)
Caused by: org.apache.ratis.thirdparty.io.grpc.StatusRuntimeException: UNAVAILABLE: io exception
	at org.apache.ratis.thirdparty.io.grpc.stub.ClientCalls.toStatusRuntimeException(ClientCalls.java:233)
	at org.apache.ratis.thirdparty.io.grpc.stub.ClientCalls.getUnchecked(ClientCalls.java:214)
	at org.apache.ratis.thirdparty.io.grpc.stub.ClientCalls.blockingUnaryCall(ClientCalls.java:139)
	at org.apache.ratis.proto.grpc.RaftServerProtocolServiceGrpc$RaftServerProtocolServiceBlockingStub.requestVote(RaftServerProtocolServiceGrpc.java:265)
	at org.apache.ratis.grpc.server.GrpcServerProtocolClient.requestVote(GrpcServerProtocolClient.java:99)
	at org.apache.ratis.grpc.server.GrpcService.requestVote(GrpcService.java:204)
	at org.apache.ratis.server.impl.LeaderElection.lambda$submitRequests$1(LeaderElection.java:234)
	at java.util.concurrent.FutureTask.run(FutureTask.java:266)
	at java.util.concurrent.Executors$RunnableAdapter.call(Executors.java:511)
	at java.util.concurrent.FutureTask.run(FutureTask.java:266)
	at java.util.concurrent.ThreadPoolExecutor.runWorker(ThreadPoolExecutor.java:1149)
	at java.util.concurrent.ThreadPoolExecutor$Worker.run(ThreadPoolExecutor.java:624)
	... 1 more
Caused by: org.apache.ratis.thirdparty.io.netty.channel.AbstractChannel$AnnotatedConnectException: Connection refused: /192.168.34.8:33589
	at sun.nio.ch.SocketChannelImpl.checkConnect(Native Method)
	at sun.nio.ch.SocketChannelImpl.finishConnect(SocketChannelImpl.java:717)
	at org.apache.ratis.thirdparty.io.netty.channel.socket.nio.NioSocketChannel.doFinishConnect(NioSocketChannel.java:327)
	at org.apache.ratis.thirdparty.io.netty.channel.nio.AbstractNioChannel$AbstractNioUnsafe.finishConnect(AbstractNioChannel.java:340)
	at org.apache.ratis.thirdparty.io.netty.channel.nio.NioEventLoop.processSelectedKey(NioEventLoop.java:632)
	at org.apache.ratis.thirdparty.io.netty.channel.nio.NioEventLoop.processSelectedKeysOptimized(NioEventLoop.java:579)
	at org.apache.ratis.thirdparty.io.netty.channel.nio.NioEventLoop.processSelectedKeys(NioEventLoop.java:496)
	at org.apache.ratis.thirdparty.io.netty.channel.nio.NioEventLoop.run(NioEventLoop.java:458)
	at org.apache.ratis.thirdparty.io.netty.util.concurrent.SingleThreadEventExecutor$5.run(SingleThreadEventExecutor.java:897)
	at org.apache.ratis.thirdparty.io.netty.util.concurrent.FastThreadLocalRunnable.run(FastThreadLocalRunnable.java:30)
	... 1 more
Caused by: java.net.ConnectException: Connection refused
	... 11 more
2019-10-21 22:01:42,165 [e152cc11-8922-4c62-a829-a835e5f58570@group-6834AB77F819-LeaderElection149] INFO  impl.LeaderElection (LogUtils.java:infoOrTrace(149)) - e152cc11-8922-4c62-a829-a835e5f58570@group-6834AB77F819-LeaderElection149 got exception when requesting votes: {}
java.util.concurrent.ExecutionException: org.apache.ratis.thirdparty.io.grpc.StatusRuntimeException: UNAVAILABLE: io exception
	at java.util.concurrent.FutureTask.report(FutureTask.java:122)
	at java.util.concurrent.FutureTask.get(FutureTask.java:192)
	at org.apache.ratis.server.impl.LeaderElection.waitForResults(LeaderElection.java:259)
	at org.apache.ratis.server.impl.LeaderElection.askForVotes(LeaderElection.java:197)
	at org.apache.ratis.server.impl.LeaderElection.run(LeaderElection.java:133)
	at java.lang.Thread.run(Thread.java:748)
Caused by: org.apache.ratis.thirdparty.io.grpc.StatusRuntimeException: UNAVAILABLE: io exception
	at org.apache.ratis.thirdparty.io.grpc.stub.ClientCalls.toStatusRuntimeException(ClientCalls.java:233)
	at org.apache.ratis.thirdparty.io.grpc.stub.ClientCalls.getUnchecked(ClientCalls.java:214)
	at org.apache.ratis.thirdparty.io.grpc.stub.ClientCalls.blockingUnaryCall(ClientCalls.java:139)
	at org.apache.ratis.proto.grpc.RaftServerProtocolServiceGrpc$RaftServerProtocolServiceBlockingStub.requestVote(RaftServerProtocolServiceGrpc.java:265)
	at org.apache.ratis.grpc.server.GrpcServerProtocolClient.requestVote(GrpcServerProtocolClient.java:99)
	at org.apache.ratis.grpc.server.GrpcService.requestVote(GrpcService.java:204)
	at org.apache.ratis.server.impl.LeaderElection.lambda$submitRequests$1(LeaderElection.java:234)
	at java.util.concurrent.FutureTask.run(FutureTask.java:266)
	at java.util.concurrent.Executors$RunnableAdapter.call(Executors.java:511)
	at java.util.concurrent.FutureTask.run(FutureTask.java:266)
	at java.util.concurrent.ThreadPoolExecutor.runWorker(ThreadPoolExecutor.java:1149)
	at java.util.concurrent.ThreadPoolExecutor$Worker.run(ThreadPoolExecutor.java:624)
	... 1 more
Caused by: org.apache.ratis.thirdparty.io.netty.channel.AbstractChannel$AnnotatedConnectException: Connection refused: /192.168.34.8:43533
	at sun.nio.ch.SocketChannelImpl.checkConnect(Native Method)
	at sun.nio.ch.SocketChannelImpl.finishConnect(SocketChannelImpl.java:717)
	at org.apache.ratis.thirdparty.io.netty.channel.socket.nio.NioSocketChannel.doFinishConnect(NioSocketChannel.java:327)
	at org.apache.ratis.thirdparty.io.netty.channel.nio.AbstractNioChannel$AbstractNioUnsafe.finishConnect(AbstractNioChannel.java:340)
	at org.apache.ratis.thirdparty.io.netty.channel.nio.NioEventLoop.processSelectedKey(NioEventLoop.java:632)
	at org.apache.ratis.thirdparty.io.netty.channel.nio.NioEventLoop.processSelectedKeysOptimized(NioEventLoop.java:579)
	at org.apache.ratis.thirdparty.io.netty.channel.nio.NioEventLoop.processSelectedKeys(NioEventLoop.java:496)
	at org.apache.ratis.thirdparty.io.netty.channel.nio.NioEventLoop.run(NioEventLoop.java:458)
	at org.apache.ratis.thirdparty.io.netty.util.concurrent.SingleThreadEventExecutor$5.run(SingleThreadEventExecutor.java:897)
	at org.apache.ratis.thirdparty.io.netty.util.concurrent.FastThreadLocalRunnable.run(FastThreadLocalRunnable.java:30)
	... 1 more
Caused by: java.net.ConnectException: Connection refused
	... 11 more
2019-10-21 22:01:42,168 [e152cc11-8922-4c62-a829-a835e5f58570@group-6834AB77F819-LeaderElection149] INFO  impl.LeaderElection (LeaderElection.java:logAndReturn(56)) - e152cc11-8922-4c62-a829-a835e5f58570@group-6834AB77F819-LeaderElection149: Election REJECTED; received 0 response(s) [] and 2 exception(s); e152cc11-8922-4c62-a829-a835e5f58570@group-6834AB77F819:t8, leader=null, voted=e152cc11-8922-4c62-a829-a835e5f58570, raftlog=e152cc11-8922-4c62-a829-a835e5f58570@group-6834AB77F819-SegmentedRaftLog:OPENED:c6,f6,i6, conf=1: [e152cc11-8922-4c62-a829-a835e5f58570:192.168.34.8:34707, 0edd2ec6-20bf-4809-95ac-80dc11748221:192.168.34.8:43533, 28432215-63ab-4c85-86e9-79fb72521e72:192.168.34.8:33589], old=null
2019-10-21 22:01:42,168 [e152cc11-8922-4c62-a829-a835e5f58570@group-6834AB77F819-LeaderElection149] INFO  impl.LeaderElection (LogUtils.java:infoOrTrace(149)) -   Exception 0: {}
java.util.concurrent.ExecutionException: org.apache.ratis.thirdparty.io.grpc.StatusRuntimeException: UNAVAILABLE: io exception
	at java.util.concurrent.FutureTask.report(FutureTask.java:122)
	at java.util.concurrent.FutureTask.get(FutureTask.java:192)
	at org.apache.ratis.server.impl.LeaderElection.waitForResults(LeaderElection.java:259)
	at org.apache.ratis.server.impl.LeaderElection.askForVotes(LeaderElection.java:197)
	at org.apache.ratis.server.impl.LeaderElection.run(LeaderElection.java:133)
	at java.lang.Thread.run(Thread.java:748)
Caused by: org.apache.ratis.thirdparty.io.grpc.StatusRuntimeException: UNAVAILABLE: io exception
	at org.apache.ratis.thirdparty.io.grpc.stub.ClientCalls.toStatusRuntimeException(ClientCalls.java:233)
	at org.apache.ratis.thirdparty.io.grpc.stub.ClientCalls.getUnchecked(ClientCalls.java:214)
	at org.apache.ratis.thirdparty.io.grpc.stub.ClientCalls.blockingUnaryCall(ClientCalls.java:139)
	at org.apache.ratis.proto.grpc.RaftServerProtocolServiceGrpc$RaftServerProtocolServiceBlockingStub.requestVote(RaftServerProtocolServiceGrpc.java:265)
	at org.apache.ratis.grpc.server.GrpcServerProtocolClient.requestVote(GrpcServerProtocolClient.java:99)
	at org.apache.ratis.grpc.server.GrpcService.requestVote(GrpcService.java:204)
	at org.apache.ratis.server.impl.LeaderElection.lambda$submitRequests$1(LeaderElection.java:234)
	at java.util.concurrent.FutureTask.run(FutureTask.java:266)
	at java.util.concurrent.Executors$RunnableAdapter.call(Executors.java:511)
	at java.util.concurrent.FutureTask.run(FutureTask.java:266)
	at java.util.concurrent.ThreadPoolExecutor.runWorker(ThreadPoolExecutor.java:1149)
	at java.util.concurrent.ThreadPoolExecutor$Worker.run(ThreadPoolExecutor.java:624)
	... 1 more
Caused by: org.apache.ratis.thirdparty.io.netty.channel.AbstractChannel$AnnotatedConnectException: Connection refused: /192.168.34.8:33589
	at sun.nio.ch.SocketChannelImpl.checkConnect(Native Method)
	at sun.nio.ch.SocketChannelImpl.finishConnect(SocketChannelImpl.java:717)
	at org.apache.ratis.thirdparty.io.netty.channel.socket.nio.NioSocketChannel.doFinishConnect(NioSocketChannel.java:327)
	at org.apache.ratis.thirdparty.io.netty.channel.nio.AbstractNioChannel$AbstractNioUnsafe.finishConnect(AbstractNioChannel.java:340)
	at org.apache.ratis.thirdparty.io.netty.channel.nio.NioEventLoop.processSelectedKey(NioEventLoop.java:632)
	at org.apache.ratis.thirdparty.io.netty.channel.nio.NioEventLoop.processSelectedKeysOptimized(NioEventLoop.java:579)
	at org.apache.ratis.thirdparty.io.netty.channel.nio.NioEventLoop.processSelectedKeys(NioEventLoop.java:496)
	at org.apache.ratis.thirdparty.io.netty.channel.nio.NioEventLoop.run(NioEventLoop.java:458)
	at org.apache.ratis.thirdparty.io.netty.util.concurrent.SingleThreadEventExecutor$5.run(SingleThreadEventExecutor.java:897)
	at org.apache.ratis.thirdparty.io.netty.util.concurrent.FastThreadLocalRunnable.run(FastThreadLocalRunnable.java:30)
	... 1 more
Caused by: java.net.ConnectException: Connection refused
	... 11 more
2019-10-21 22:01:42,169 [e152cc11-8922-4c62-a829-a835e5f58570@group-6834AB77F819-LeaderElection149] INFO  impl.LeaderElection (LogUtils.java:infoOrTrace(149)) -   Exception 1: {}
java.util.concurrent.ExecutionException: org.apache.ratis.thirdparty.io.grpc.StatusRuntimeException: UNAVAILABLE: io exception
	at java.util.concurrent.FutureTask.report(FutureTask.java:122)
	at java.util.concurrent.FutureTask.get(FutureTask.java:192)
	at org.apache.ratis.server.impl.LeaderElection.waitForResults(LeaderElection.java:259)
	at org.apache.ratis.server.impl.LeaderElection.askForVotes(LeaderElection.java:197)
	at org.apache.ratis.server.impl.LeaderElection.run(LeaderElection.java:133)
	at java.lang.Thread.run(Thread.java:748)
Caused by: org.apache.ratis.thirdparty.io.grpc.StatusRuntimeException: UNAVAILABLE: io exception
	at org.apache.ratis.thirdparty.io.grpc.stub.ClientCalls.toStatusRuntimeException(ClientCalls.java:233)
	at org.apache.ratis.thirdparty.io.grpc.stub.ClientCalls.getUnchecked(ClientCalls.java:214)
	at org.apache.ratis.thirdparty.io.grpc.stub.ClientCalls.blockingUnaryCall(ClientCalls.java:139)
	at org.apache.ratis.proto.grpc.RaftServerProtocolServiceGrpc$RaftServerProtocolServiceBlockingStub.requestVote(RaftServerProtocolServiceGrpc.java:265)
	at org.apache.ratis.grpc.server.GrpcServerProtocolClient.requestVote(GrpcServerProtocolClient.java:99)
	at org.apache.ratis.grpc.server.GrpcService.requestVote(GrpcService.java:204)
	at org.apache.ratis.server.impl.LeaderElection.lambda$submitRequests$1(LeaderElection.java:234)
	at java.util.concurrent.FutureTask.run(FutureTask.java:266)
	at java.util.concurrent.Executors$RunnableAdapter.call(Executors.java:511)
	at java.util.concurrent.FutureTask.run(FutureTask.java:266)
	at java.util.concurrent.ThreadPoolExecutor.runWorker(ThreadPoolExecutor.java:1149)
	at java.util.concurrent.ThreadPoolExecutor$Worker.run(ThreadPoolExecutor.java:624)
	... 1 more
Caused by: org.apache.ratis.thirdparty.io.netty.channel.AbstractChannel$AnnotatedConnectException: Connection refused: /192.168.34.8:43533
	at sun.nio.ch.SocketChannelImpl.checkConnect(Native Method)
	at sun.nio.ch.SocketChannelImpl.finishConnect(SocketChannelImpl.java:717)
	at org.apache.ratis.thirdparty.io.netty.channel.socket.nio.NioSocketChannel.doFinishConnect(NioSocketChannel.java:327)
	at org.apache.ratis.thirdparty.io.netty.channel.nio.AbstractNioChannel$AbstractNioUnsafe.finishConnect(AbstractNioChannel.java:340)
	at org.apache.ratis.thirdparty.io.netty.channel.nio.NioEventLoop.processSelectedKey(NioEventLoop.java:632)
	at org.apache.ratis.thirdparty.io.netty.channel.nio.NioEventLoop.processSelectedKeysOptimized(NioEventLoop.java:579)
	at org.apache.ratis.thirdparty.io.netty.channel.nio.NioEventLoop.processSelectedKeys(NioEventLoop.java:496)
	at org.apache.ratis.thirdparty.io.netty.channel.nio.NioEventLoop.run(NioEventLoop.java:458)
	at org.apache.ratis.thirdparty.io.netty.util.concurrent.SingleThreadEventExecutor$5.run(SingleThreadEventExecutor.java:897)
	at org.apache.ratis.thirdparty.io.netty.util.concurrent.FastThreadLocalRunnable.run(FastThreadLocalRunnable.java:30)
	... 1 more
Caused by: java.net.ConnectException: Connection refused
	... 11 more
2019-10-21 22:01:42,170 [e152cc11-8922-4c62-a829-a835e5f58570@group-6834AB77F819-LeaderElection149] INFO  impl.RaftServerImpl (RaftServerImpl.java:setRole(184)) - e152cc11-8922-4c62-a829-a835e5f58570@group-6834AB77F819: changes role from CANDIDATE to FOLLOWER at term 8 for DISCOVERED_A_NEW_TERM
2019-10-21 22:01:42,170 [e152cc11-8922-4c62-a829-a835e5f58570@group-6834AB77F819-LeaderElection149] INFO  impl.RoleInfo (RoleInfo.java:shutdownLeaderElection(134)) - e152cc11-8922-4c62-a829-a835e5f58570: shutdown LeaderElection
2019-10-21 22:01:42,170 [e152cc11-8922-4c62-a829-a835e5f58570@group-6834AB77F819-LeaderElection149] INFO  impl.RoleInfo (RoleInfo.java:updateAndGet(143)) - e152cc11-8922-4c62-a829-a835e5f58570: start FollowerState
2019-10-21 22:01:42,173 [d2d0250e-a378-4f8a-a4ff-ce07d96628f4@group-129E33F6DE87-LeaderElection150] INFO  impl.LeaderElection (LeaderElection.java:askForVotes(178)) - d2d0250e-a378-4f8a-a4ff-ce07d96628f4@group-129E33F6DE87-LeaderElection150: begin an election at term 135 for -1: [756f57d6-6136-46f3-b5ea-af957dae1eda:192.168.34.8:33063, d2d0250e-a378-4f8a-a4ff-ce07d96628f4:192.168.34.8:43170, a36a670b-6f05-41e5-b505-2b1a8d9f1f79:192.168.34.8:32869], old=null
2019-10-21 22:01:42,176 [grpc-default-executor-3] INFO  impl.RaftServerImpl (RaftServerImpl.java:setRole(184)) - 756f57d6-6136-46f3-b5ea-af957dae1eda@group-129E33F6DE87: changes role from  FOLLOWER to FOLLOWER at term 135 for recognizeCandidate:d2d0250e-a378-4f8a-a4ff-ce07d96628f4
2019-10-21 22:01:42,177 [grpc-default-executor-4] INFO  impl.RaftServerImpl (RaftServerImpl.java:setRole(184)) - a36a670b-6f05-41e5-b505-2b1a8d9f1f79@group-129E33F6DE87: changes role from  FOLLOWER to FOLLOWER at term 135 for recognizeCandidate:d2d0250e-a378-4f8a-a4ff-ce07d96628f4
2019-10-21 22:01:42,177 [grpc-default-executor-4] INFO  impl.RoleInfo (RoleInfo.java:shutdownFollowerState(121)) - a36a670b-6f05-41e5-b505-2b1a8d9f1f79: shutdown FollowerState
2019-10-21 22:01:42,177 [grpc-default-executor-3] INFO  impl.RoleInfo (RoleInfo.java:shutdownFollowerState(121)) - 756f57d6-6136-46f3-b5ea-af957dae1eda: shutdown FollowerState
2019-10-21 22:01:42,177 [Thread-1483] INFO  impl.FollowerState (FollowerState.java:run(117)) - a36a670b-6f05-41e5-b505-2b1a8d9f1f79@group-129E33F6DE87-FollowerState was interrupted: java.lang.InterruptedException: sleep interrupted
2019-10-21 22:01:42,177 [grpc-default-executor-4] INFO  impl.RoleInfo (RoleInfo.java:updateAndGet(143)) - a36a670b-6f05-41e5-b505-2b1a8d9f1f79: start FollowerState
2019-10-21 22:01:42,177 [Thread-1482] INFO  impl.FollowerState (FollowerState.java:run(117)) - 756f57d6-6136-46f3-b5ea-af957dae1eda@group-129E33F6DE87-FollowerState was interrupted: java.lang.InterruptedException: sleep interrupted
2019-10-21 22:01:42,177 [grpc-default-executor-3] INFO  impl.RoleInfo (RoleInfo.java:updateAndGet(143)) - 756f57d6-6136-46f3-b5ea-af957dae1eda: start FollowerState
2019-10-21 22:01:42,192 [d2d0250e-a378-4f8a-a4ff-ce07d96628f4@group-129E33F6DE87-LeaderElection150] INFO  impl.LeaderElection (LeaderElection.java:logAndReturn(56)) - d2d0250e-a378-4f8a-a4ff-ce07d96628f4@group-129E33F6DE87-LeaderElection150: Election REJECTED; received 2 response(s) [d2d0250e-a378-4f8a-a4ff-ce07d96628f4<-756f57d6-6136-46f3-b5ea-af957dae1eda#0:FAIL-t135, d2d0250e-a378-4f8a-a4ff-ce07d96628f4<-a36a670b-6f05-41e5-b505-2b1a8d9f1f79#0:FAIL-t135] and 0 exception(s); d2d0250e-a378-4f8a-a4ff-ce07d96628f4@group-129E33F6DE87:t135, leader=null, voted=d2d0250e-a378-4f8a-a4ff-ce07d96628f4, raftlog=d2d0250e-a378-4f8a-a4ff-ce07d96628f4@group-129E33F6DE87-SegmentedRaftLog:OPENED:c-1,f-1,i0, conf=-1: [756f57d6-6136-46f3-b5ea-af957dae1eda:192.168.34.8:33063, d2d0250e-a378-4f8a-a4ff-ce07d96628f4:192.168.34.8:43170, a36a670b-6f05-41e5-b505-2b1a8d9f1f79:192.168.34.8:32869], old=null
2019-10-21 22:01:42,192 [d2d0250e-a378-4f8a-a4ff-ce07d96628f4@group-129E33F6DE87-LeaderElection150] INFO  impl.RaftServerImpl (RaftServerImpl.java:setRole(184)) - d2d0250e-a378-4f8a-a4ff-ce07d96628f4@group-129E33F6DE87: changes role from CANDIDATE to FOLLOWER at term 135 for DISCOVERED_A_NEW_TERM
2019-10-21 22:01:42,192 [d2d0250e-a378-4f8a-a4ff-ce07d96628f4@group-129E33F6DE87-LeaderElection150] INFO  impl.RoleInfo (RoleInfo.java:shutdownLeaderElection(134)) - d2d0250e-a378-4f8a-a4ff-ce07d96628f4: shutdown LeaderElection
2019-10-21 22:01:42,192 [d2d0250e-a378-4f8a-a4ff-ce07d96628f4@group-129E33F6DE87-LeaderElection150] INFO  impl.RoleInfo (RoleInfo.java:updateAndGet(143)) - d2d0250e-a378-4f8a-a4ff-ce07d96628f4: start FollowerState
2019-10-21 22:01:42,275 [Thread-1494] INFO  impl.FollowerState (FollowerState.java:run(108)) - d2d0250e-a378-4f8a-a4ff-ce07d96628f4@group-129E33F6DE87-FollowerState: change to CANDIDATE, lastRpcTime:82ms, electionTimeout:82ms
2019-10-21 22:01:42,275 [Thread-1494] INFO  impl.RoleInfo (RoleInfo.java:shutdownFollowerState(121)) - d2d0250e-a378-4f8a-a4ff-ce07d96628f4: shutdown FollowerState
2019-10-21 22:01:42,275 [Thread-1494] INFO  impl.RaftServerImpl (RaftServerImpl.java:setRole(184)) - d2d0250e-a378-4f8a-a4ff-ce07d96628f4@group-129E33F6DE87: changes role from  FOLLOWER to CANDIDATE at term 135 for changeToCandidate
2019-10-21 22:01:42,275 [Thread-1494] INFO  impl.RoleInfo (RoleInfo.java:updateAndGet(143)) - d2d0250e-a378-4f8a-a4ff-ce07d96628f4: start LeaderElection
2019-10-21 22:01:42,290 [d2d0250e-a378-4f8a-a4ff-ce07d96628f4@group-129E33F6DE87-LeaderElection151] INFO  impl.LeaderElection (LeaderElection.java:askForVotes(178)) - d2d0250e-a378-4f8a-a4ff-ce07d96628f4@group-129E33F6DE87-LeaderElection151: begin an election at term 136 for -1: [756f57d6-6136-46f3-b5ea-af957dae1eda:192.168.34.8:33063, d2d0250e-a378-4f8a-a4ff-ce07d96628f4:192.168.34.8:43170, a36a670b-6f05-41e5-b505-2b1a8d9f1f79:192.168.34.8:32869], old=null
2019-10-21 22:01:42,293 [grpc-default-executor-4] INFO  impl.RaftServerImpl (RaftServerImpl.java:setRole(184)) - 756f57d6-6136-46f3-b5ea-af957dae1eda@group-129E33F6DE87: changes role from  FOLLOWER to FOLLOWER at term 136 for recognizeCandidate:d2d0250e-a378-4f8a-a4ff-ce07d96628f4
2019-10-21 22:01:42,293 [grpc-default-executor-3] INFO  impl.RaftServerImpl (RaftServerImpl.java:setRole(184)) - a36a670b-6f05-41e5-b505-2b1a8d9f1f79@group-129E33F6DE87: changes role from  FOLLOWER to FOLLOWER at term 136 for recognizeCandidate:d2d0250e-a378-4f8a-a4ff-ce07d96628f4
2019-10-21 22:01:42,293 [grpc-default-executor-4] INFO  impl.RoleInfo (RoleInfo.java:shutdownFollowerState(121)) - 756f57d6-6136-46f3-b5ea-af957dae1eda: shutdown FollowerState
2019-10-21 22:01:42,293 [grpc-default-executor-3] INFO  impl.RoleInfo (RoleInfo.java:shutdownFollowerState(121)) - a36a670b-6f05-41e5-b505-2b1a8d9f1f79: shutdown FollowerState
2019-10-21 22:01:42,293 [grpc-default-executor-4] INFO  impl.RoleInfo (RoleInfo.java:updateAndGet(143)) - 756f57d6-6136-46f3-b5ea-af957dae1eda: start FollowerState
2019-10-21 22:01:42,293 [grpc-default-executor-3] INFO  impl.RoleInfo (RoleInfo.java:updateAndGet(143)) - a36a670b-6f05-41e5-b505-2b1a8d9f1f79: start FollowerState
2019-10-21 22:01:42,293 [Thread-1493] INFO  impl.FollowerState (FollowerState.java:run(117)) - 756f57d6-6136-46f3-b5ea-af957dae1eda@group-129E33F6DE87-FollowerState was interrupted: java.lang.InterruptedException: sleep interrupted
2019-10-21 22:01:42,293 [Thread-1492] INFO  impl.FollowerState (FollowerState.java:run(117)) - a36a670b-6f05-41e5-b505-2b1a8d9f1f79@group-129E33F6DE87-FollowerState was interrupted: java.lang.InterruptedException: sleep interrupted
2019-10-21 22:01:42,308 [d2d0250e-a378-4f8a-a4ff-ce07d96628f4@group-129E33F6DE87-LeaderElection151] INFO  impl.LeaderElection (LeaderElection.java:logAndReturn(56)) - d2d0250e-a378-4f8a-a4ff-ce07d96628f4@group-129E33F6DE87-LeaderElection151: Election REJECTED; received 2 response(s) [d2d0250e-a378-4f8a-a4ff-ce07d96628f4<-756f57d6-6136-46f3-b5ea-af957dae1eda#0:FAIL-t136, d2d0250e-a378-4f8a-a4ff-ce07d96628f4<-a36a670b-6f05-41e5-b505-2b1a8d9f1f79#0:FAIL-t136] and 0 exception(s); d2d0250e-a378-4f8a-a4ff-ce07d96628f4@group-129E33F6DE87:t136, leader=null, voted=d2d0250e-a378-4f8a-a4ff-ce07d96628f4, raftlog=d2d0250e-a378-4f8a-a4ff-ce07d96628f4@group-129E33F6DE87-SegmentedRaftLog:OPENED:c-1,f-1,i0, conf=-1: [756f57d6-6136-46f3-b5ea-af957dae1eda:192.168.34.8:33063, d2d0250e-a378-4f8a-a4ff-ce07d96628f4:192.168.34.8:43170, a36a670b-6f05-41e5-b505-2b1a8d9f1f79:192.168.34.8:32869], old=null
2019-10-21 22:01:42,308 [d2d0250e-a378-4f8a-a4ff-ce07d96628f4@group-129E33F6DE87-LeaderElection151] INFO  impl.RaftServerImpl (RaftServerImpl.java:setRole(184)) - d2d0250e-a378-4f8a-a4ff-ce07d96628f4@group-129E33F6DE87: changes role from CANDIDATE to FOLLOWER at term 136 for DISCOVERED_A_NEW_TERM
2019-10-21 22:01:42,308 [d2d0250e-a378-4f8a-a4ff-ce07d96628f4@group-129E33F6DE87-LeaderElection151] INFO  impl.RoleInfo (RoleInfo.java:shutdownLeaderElection(134)) - d2d0250e-a378-4f8a-a4ff-ce07d96628f4: shutdown LeaderElection
2019-10-21 22:01:42,308 [d2d0250e-a378-4f8a-a4ff-ce07d96628f4@group-129E33F6DE87-LeaderElection151] INFO  impl.RoleInfo (RoleInfo.java:updateAndGet(143)) - d2d0250e-a378-4f8a-a4ff-ce07d96628f4: start FollowerState
2019-10-21 22:01:42,328 [Thread-1500] INFO  impl.FollowerState (FollowerState.java:run(108)) - d2d0250e-a378-4f8a-a4ff-ce07d96628f4@group-129E33F6DE87-FollowerState: change to CANDIDATE, lastRpcTime:19ms, electionTimeout:19ms
2019-10-21 22:01:42,328 [Thread-1500] INFO  impl.RoleInfo (RoleInfo.java:shutdownFollowerState(121)) - d2d0250e-a378-4f8a-a4ff-ce07d96628f4: shutdown FollowerState
2019-10-21 22:01:42,328 [Thread-1500] INFO  impl.RaftServerImpl (RaftServerImpl.java:setRole(184)) - d2d0250e-a378-4f8a-a4ff-ce07d96628f4@group-129E33F6DE87: changes role from  FOLLOWER to CANDIDATE at term 136 for changeToCandidate
2019-10-21 22:01:42,328 [Thread-1500] INFO  impl.RoleInfo (RoleInfo.java:updateAndGet(143)) - d2d0250e-a378-4f8a-a4ff-ce07d96628f4: start LeaderElection
2019-10-21 22:01:42,342 [d2d0250e-a378-4f8a-a4ff-ce07d96628f4@group-129E33F6DE87-LeaderElection152] INFO  impl.LeaderElection (LeaderElection.java:askForVotes(178)) - d2d0250e-a378-4f8a-a4ff-ce07d96628f4@group-129E33F6DE87-LeaderElection152: begin an election at term 137 for -1: [756f57d6-6136-46f3-b5ea-af957dae1eda:192.168.34.8:33063, d2d0250e-a378-4f8a-a4ff-ce07d96628f4:192.168.34.8:43170, a36a670b-6f05-41e5-b505-2b1a8d9f1f79:192.168.34.8:32869], old=null
2019-10-21 22:01:42,345 [grpc-default-executor-4] INFO  impl.RaftServerImpl (RaftServerImpl.java:setRole(184)) - 756f57d6-6136-46f3-b5ea-af957dae1eda@group-129E33F6DE87: changes role from  FOLLOWER to FOLLOWER at term 137 for recognizeCandidate:d2d0250e-a378-4f8a-a4ff-ce07d96628f4
2019-10-21 22:01:42,345 [grpc-default-executor-4] INFO  impl.RoleInfo (RoleInfo.java:shutdownFollowerState(121)) - 756f57d6-6136-46f3-b5ea-af957dae1eda: shutdown FollowerState
2019-10-21 22:01:42,345 [grpc-default-executor-4] INFO  impl.RoleInfo (RoleInfo.java:updateAndGet(143)) - 756f57d6-6136-46f3-b5ea-af957dae1eda: start FollowerState
2019-10-21 22:01:42,345 [Thread-1498] INFO  impl.FollowerState (FollowerState.java:run(117)) - 756f57d6-6136-46f3-b5ea-af957dae1eda@group-129E33F6DE87-FollowerState was interrupted: java.lang.InterruptedException: sleep interrupted
2019-10-21 22:01:42,346 [grpc-default-executor-3] INFO  impl.RaftServerImpl (RaftServerImpl.java:setRole(184)) - a36a670b-6f05-41e5-b505-2b1a8d9f1f79@group-129E33F6DE87: changes role from  FOLLOWER to FOLLOWER at term 137 for recognizeCandidate:d2d0250e-a378-4f8a-a4ff-ce07d96628f4
2019-10-21 22:01:42,346 [grpc-default-executor-3] INFO  impl.RoleInfo (RoleInfo.java:shutdownFollowerState(121)) - a36a670b-6f05-41e5-b505-2b1a8d9f1f79: shutdown FollowerState
2019-10-21 22:01:42,346 [grpc-default-executor-3] INFO  impl.RoleInfo (RoleInfo.java:updateAndGet(143)) - a36a670b-6f05-41e5-b505-2b1a8d9f1f79: start FollowerState
2019-10-21 22:01:42,346 [Thread-1499] INFO  impl.FollowerState (FollowerState.java:run(117)) - a36a670b-6f05-41e5-b505-2b1a8d9f1f79@group-129E33F6DE87-FollowerState was interrupted: java.lang.InterruptedException: sleep interrupted
2019-10-21 22:01:42,360 [d2d0250e-a378-4f8a-a4ff-ce07d96628f4@group-129E33F6DE87-LeaderElection152] INFO  impl.LeaderElection (LeaderElection.java:logAndReturn(56)) - d2d0250e-a378-4f8a-a4ff-ce07d96628f4@group-129E33F6DE87-LeaderElection152: Election REJECTED; received 2 response(s) [d2d0250e-a378-4f8a-a4ff-ce07d96628f4<-756f57d6-6136-46f3-b5ea-af957dae1eda#0:FAIL-t137, d2d0250e-a378-4f8a-a4ff-ce07d96628f4<-a36a670b-6f05-41e5-b505-2b1a8d9f1f79#0:FAIL-t137] and 0 exception(s); d2d0250e-a378-4f8a-a4ff-ce07d96628f4@group-129E33F6DE87:t137, leader=null, voted=d2d0250e-a378-4f8a-a4ff-ce07d96628f4, raftlog=d2d0250e-a378-4f8a-a4ff-ce07d96628f4@group-129E33F6DE87-SegmentedRaftLog:OPENED:c-1,f-1,i0, conf=-1: [756f57d6-6136-46f3-b5ea-af957dae1eda:192.168.34.8:33063, d2d0250e-a378-4f8a-a4ff-ce07d96628f4:192.168.34.8:43170, a36a670b-6f05-41e5-b505-2b1a8d9f1f79:192.168.34.8:32869], old=null
2019-10-21 22:01:42,360 [d2d0250e-a378-4f8a-a4ff-ce07d96628f4@group-129E33F6DE87-LeaderElection152] INFO  impl.RaftServerImpl (RaftServerImpl.java:setRole(184)) - d2d0250e-a378-4f8a-a4ff-ce07d96628f4@group-129E33F6DE87: changes role from CANDIDATE to FOLLOWER at term 137 for DISCOVERED_A_NEW_TERM
2019-10-21 22:01:42,360 [d2d0250e-a378-4f8a-a4ff-ce07d96628f4@group-129E33F6DE87-LeaderElection152] INFO  impl.RoleInfo (RoleInfo.java:shutdownLeaderElection(134)) - d2d0250e-a378-4f8a-a4ff-ce07d96628f4: shutdown LeaderElection
2019-10-21 22:01:42,361 [d2d0250e-a378-4f8a-a4ff-ce07d96628f4@group-129E33F6DE87-LeaderElection152] INFO  impl.RoleInfo (RoleInfo.java:updateAndGet(143)) - d2d0250e-a378-4f8a-a4ff-ce07d96628f4: start FollowerState
2019-10-21 22:01:42,447 [Thread-1508] INFO  impl.FollowerState (FollowerState.java:run(108)) - d2d0250e-a378-4f8a-a4ff-ce07d96628f4@group-129E33F6DE87-FollowerState: change to CANDIDATE, lastRpcTime:86ms, electionTimeout:86ms
2019-10-21 22:01:42,447 [Thread-1508] INFO  impl.RoleInfo (RoleInfo.java:shutdownFollowerState(121)) - d2d0250e-a378-4f8a-a4ff-ce07d96628f4: shutdown FollowerState
2019-10-21 22:01:42,447 [Thread-1508] INFO  impl.RaftServerImpl (RaftServerImpl.java:setRole(184)) - d2d0250e-a378-4f8a-a4ff-ce07d96628f4@group-129E33F6DE87: changes role from  FOLLOWER to CANDIDATE at term 137 for changeToCandidate
2019-10-21 22:01:42,448 [Thread-1508] INFO  impl.RoleInfo (RoleInfo.java:updateAndGet(143)) - d2d0250e-a378-4f8a-a4ff-ce07d96628f4: start LeaderElection
2019-10-21 22:01:42,461 [d2d0250e-a378-4f8a-a4ff-ce07d96628f4@group-129E33F6DE87-LeaderElection153] INFO  impl.LeaderElection (LeaderElection.java:askForVotes(178)) - d2d0250e-a378-4f8a-a4ff-ce07d96628f4@group-129E33F6DE87-LeaderElection153: begin an election at term 138 for -1: [756f57d6-6136-46f3-b5ea-af957dae1eda:192.168.34.8:33063, d2d0250e-a378-4f8a-a4ff-ce07d96628f4:192.168.34.8:43170, a36a670b-6f05-41e5-b505-2b1a8d9f1f79:192.168.34.8:32869], old=null
2019-10-21 22:01:42,464 [grpc-default-executor-3] INFO  impl.RaftServerImpl (RaftServerImpl.java:setRole(184)) - 756f57d6-6136-46f3-b5ea-af957dae1eda@group-129E33F6DE87: changes role from  FOLLOWER to FOLLOWER at term 138 for recognizeCandidate:d2d0250e-a378-4f8a-a4ff-ce07d96628f4
2019-10-21 22:01:42,465 [grpc-default-executor-3] INFO  impl.RoleInfo (RoleInfo.java:shutdownFollowerState(121)) - 756f57d6-6136-46f3-b5ea-af957dae1eda: shutdown FollowerState
2019-10-21 22:01:42,465 [grpc-default-executor-4] INFO  impl.RaftServerImpl (RaftServerImpl.java:setRole(184)) - a36a670b-6f05-41e5-b505-2b1a8d9f1f79@group-129E33F6DE87: changes role from  FOLLOWER to FOLLOWER at term 138 for recognizeCandidate:d2d0250e-a378-4f8a-a4ff-ce07d96628f4
2019-10-21 22:01:42,465 [Thread-1506] INFO  impl.FollowerState (FollowerState.java:run(117)) - 756f57d6-6136-46f3-b5ea-af957dae1eda@group-129E33F6DE87-FollowerState was interrupted: java.lang.InterruptedException: sleep interrupted
2019-10-21 22:01:42,465 [grpc-default-executor-3] INFO  impl.RoleInfo (RoleInfo.java:updateAndGet(143)) - 756f57d6-6136-46f3-b5ea-af957dae1eda: start FollowerState
2019-10-21 22:01:42,465 [grpc-default-executor-4] INFO  impl.RoleInfo (RoleInfo.java:shutdownFollowerState(121)) - a36a670b-6f05-41e5-b505-2b1a8d9f1f79: shutdown FollowerState
2019-10-21 22:01:42,466 [grpc-default-executor-4] INFO  impl.RoleInfo (RoleInfo.java:updateAndGet(143)) - a36a670b-6f05-41e5-b505-2b1a8d9f1f79: start FollowerState
2019-10-21 22:01:42,466 [Thread-1507] INFO  impl.FollowerState (FollowerState.java:run(117)) - a36a670b-6f05-41e5-b505-2b1a8d9f1f79@group-129E33F6DE87-FollowerState was interrupted: java.lang.InterruptedException: sleep interrupted
2019-10-21 22:01:42,479 [d2d0250e-a378-4f8a-a4ff-ce07d96628f4@group-129E33F6DE87-LeaderElection153] INFO  impl.LeaderElection (LeaderElection.java:logAndReturn(56)) - d2d0250e-a378-4f8a-a4ff-ce07d96628f4@group-129E33F6DE87-LeaderElection153: Election REJECTED; received 2 response(s) [d2d0250e-a378-4f8a-a4ff-ce07d96628f4<-756f57d6-6136-46f3-b5ea-af957dae1eda#0:FAIL-t138, d2d0250e-a378-4f8a-a4ff-ce07d96628f4<-a36a670b-6f05-41e5-b505-2b1a8d9f1f79#0:FAIL-t138] and 0 exception(s); d2d0250e-a378-4f8a-a4ff-ce07d96628f4@group-129E33F6DE87:t138, leader=null, voted=d2d0250e-a378-4f8a-a4ff-ce07d96628f4, raftlog=d2d0250e-a378-4f8a-a4ff-ce07d96628f4@group-129E33F6DE87-SegmentedRaftLog:OPENED:c-1,f-1,i0, conf=-1: [756f57d6-6136-46f3-b5ea-af957dae1eda:192.168.34.8:33063, d2d0250e-a378-4f8a-a4ff-ce07d96628f4:192.168.34.8:43170, a36a670b-6f05-41e5-b505-2b1a8d9f1f79:192.168.34.8:32869], old=null
2019-10-21 22:01:42,479 [d2d0250e-a378-4f8a-a4ff-ce07d96628f4@group-129E33F6DE87-LeaderElection153] INFO  impl.RaftServerImpl (RaftServerImpl.java:setRole(184)) - d2d0250e-a378-4f8a-a4ff-ce07d96628f4@group-129E33F6DE87: changes role from CANDIDATE to FOLLOWER at term 138 for DISCOVERED_A_NEW_TERM
2019-10-21 22:01:42,479 [d2d0250e-a378-4f8a-a4ff-ce07d96628f4@group-129E33F6DE87-LeaderElection153] INFO  impl.RoleInfo (RoleInfo.java:shutdownLeaderElection(134)) - d2d0250e-a378-4f8a-a4ff-ce07d96628f4: shutdown LeaderElection
2019-10-21 22:01:42,479 [d2d0250e-a378-4f8a-a4ff-ce07d96628f4@group-129E33F6DE87-LeaderElection153] INFO  impl.RoleInfo (RoleInfo.java:updateAndGet(143)) - d2d0250e-a378-4f8a-a4ff-ce07d96628f4: start FollowerState
2019-10-21 22:01:42,524 [Thread-1514] INFO  impl.FollowerState (FollowerState.java:run(108)) - d2d0250e-a378-4f8a-a4ff-ce07d96628f4@group-129E33F6DE87-FollowerState: change to CANDIDATE, lastRpcTime:44ms, electionTimeout:44ms
2019-10-21 22:01:42,524 [Thread-1514] INFO  impl.RoleInfo (RoleInfo.java:shutdownFollowerState(121)) - d2d0250e-a378-4f8a-a4ff-ce07d96628f4: shutdown FollowerState
2019-10-21 22:01:42,524 [Thread-1514] INFO  impl.RaftServerImpl (RaftServerImpl.java:setRole(184)) - d2d0250e-a378-4f8a-a4ff-ce07d96628f4@group-129E33F6DE87: changes role from  FOLLOWER to CANDIDATE at term 138 for changeToCandidate
2019-10-21 22:01:42,524 [Thread-1514] INFO  impl.RoleInfo (RoleInfo.java:updateAndGet(143)) - d2d0250e-a378-4f8a-a4ff-ce07d96628f4: start LeaderElection
2019-10-21 22:01:42,558 [d2d0250e-a378-4f8a-a4ff-ce07d96628f4@group-129E33F6DE87-LeaderElection154] INFO  impl.LeaderElection (LeaderElection.java:askForVotes(178)) - d2d0250e-a378-4f8a-a4ff-ce07d96628f4@group-129E33F6DE87-LeaderElection154: begin an election at term 139 for -1: [756f57d6-6136-46f3-b5ea-af957dae1eda:192.168.34.8:33063, d2d0250e-a378-4f8a-a4ff-ce07d96628f4:192.168.34.8:43170, a36a670b-6f05-41e5-b505-2b1a8d9f1f79:192.168.34.8:32869], old=null
2019-10-21 22:01:42,561 [grpc-default-executor-4] INFO  impl.RaftServerImpl (RaftServerImpl.java:setRole(184)) - 756f57d6-6136-46f3-b5ea-af957dae1eda@group-129E33F6DE87: changes role from  FOLLOWER to FOLLOWER at term 139 for recognizeCandidate:d2d0250e-a378-4f8a-a4ff-ce07d96628f4
2019-10-21 22:01:42,561 [grpc-default-executor-4] INFO  impl.RoleInfo (RoleInfo.java:shutdownFollowerState(121)) - 756f57d6-6136-46f3-b5ea-af957dae1eda: shutdown FollowerState
2019-10-21 22:01:42,562 [grpc-default-executor-3] INFO  impl.RaftServerImpl (RaftServerImpl.java:setRole(184)) - a36a670b-6f05-41e5-b505-2b1a8d9f1f79@group-129E33F6DE87: changes role from  FOLLOWER to FOLLOWER at term 139 for recognizeCandidate:d2d0250e-a378-4f8a-a4ff-ce07d96628f4
2019-10-21 22:01:42,562 [grpc-default-executor-3] INFO  impl.RoleInfo (RoleInfo.java:shutdownFollowerState(121)) - a36a670b-6f05-41e5-b505-2b1a8d9f1f79: shutdown FollowerState
2019-10-21 22:01:42,562 [Thread-1512] INFO  impl.FollowerState (FollowerState.java:run(117)) - 756f57d6-6136-46f3-b5ea-af957dae1eda@group-129E33F6DE87-FollowerState was interrupted: java.lang.InterruptedException: sleep interrupted
2019-10-21 22:01:42,562 [Thread-1513] INFO  impl.FollowerState (FollowerState.java:run(117)) - a36a670b-6f05-41e5-b505-2b1a8d9f1f79@group-129E33F6DE87-FollowerState was interrupted: java.lang.InterruptedException: sleep interrupted
2019-10-21 22:01:42,562 [grpc-default-executor-4] INFO  impl.RoleInfo (RoleInfo.java:updateAndGet(143)) - 756f57d6-6136-46f3-b5ea-af957dae1eda: start FollowerState
2019-10-21 22:01:42,562 [grpc-default-executor-3] INFO  impl.RoleInfo (RoleInfo.java:updateAndGet(143)) - a36a670b-6f05-41e5-b505-2b1a8d9f1f79: start FollowerState
2019-10-21 22:01:42,567 [d2d0250e-a378-4f8a-a4ff-ce07d96628f4@group-129E33F6DE87-LeaderElection154] INFO  impl.LeaderElection (LeaderElection.java:logAndReturn(56)) - d2d0250e-a378-4f8a-a4ff-ce07d96628f4@group-129E33F6DE87-LeaderElection154: Election REJECTED; received 2 response(s) [d2d0250e-a378-4f8a-a4ff-ce07d96628f4<-756f57d6-6136-46f3-b5ea-af957dae1eda#0:FAIL-t139, d2d0250e-a378-4f8a-a4ff-ce07d96628f4<-a36a670b-6f05-41e5-b505-2b1a8d9f1f79#0:FAIL-t139] and 0 exception(s); d2d0250e-a378-4f8a-a4ff-ce07d96628f4@group-129E33F6DE87:t139, leader=null, voted=d2d0250e-a378-4f8a-a4ff-ce07d96628f4, raftlog=d2d0250e-a378-4f8a-a4ff-ce07d96628f4@group-129E33F6DE87-SegmentedRaftLog:OPENED:c-1,f-1,i0, conf=-1: [756f57d6-6136-46f3-b5ea-af957dae1eda:192.168.34.8:33063, d2d0250e-a378-4f8a-a4ff-ce07d96628f4:192.168.34.8:43170, a36a670b-6f05-41e5-b505-2b1a8d9f1f79:192.168.34.8:32869], old=null
2019-10-21 22:01:42,567 [d2d0250e-a378-4f8a-a4ff-ce07d96628f4@group-129E33F6DE87-LeaderElection154] INFO  impl.RaftServerImpl (RaftServerImpl.java:setRole(184)) - d2d0250e-a378-4f8a-a4ff-ce07d96628f4@group-129E33F6DE87: changes role from CANDIDATE to FOLLOWER at term 139 for DISCOVERED_A_NEW_TERM
2019-10-21 22:01:42,567 [d2d0250e-a378-4f8a-a4ff-ce07d96628f4@group-129E33F6DE87-LeaderElection154] INFO  impl.RoleInfo (RoleInfo.java:shutdownLeaderElection(134)) - d2d0250e-a378-4f8a-a4ff-ce07d96628f4: shutdown LeaderElection
2019-10-21 22:01:42,567 [d2d0250e-a378-4f8a-a4ff-ce07d96628f4@group-129E33F6DE87-LeaderElection154] INFO  impl.RoleInfo (RoleInfo.java:updateAndGet(143)) - d2d0250e-a378-4f8a-a4ff-ce07d96628f4: start FollowerState
2019-10-21 22:01:42,700 [Thread-1520] INFO  impl.FollowerState (FollowerState.java:run(108)) - d2d0250e-a378-4f8a-a4ff-ce07d96628f4@group-129E33F6DE87-FollowerState: change to CANDIDATE, lastRpcTime:132ms, electionTimeout:132ms
2019-10-21 22:01:42,700 [Thread-1520] INFO  impl.RoleInfo (RoleInfo.java:shutdownFollowerState(121)) - d2d0250e-a378-4f8a-a4ff-ce07d96628f4: shutdown FollowerState
2019-10-21 22:01:42,700 [Thread-1520] INFO  impl.RaftServerImpl (RaftServerImpl.java:setRole(184)) - d2d0250e-a378-4f8a-a4ff-ce07d96628f4@group-129E33F6DE87: changes role from  FOLLOWER to CANDIDATE at term 139 for changeToCandidate
2019-10-21 22:01:42,700 [Thread-1520] INFO  impl.RoleInfo (RoleInfo.java:updateAndGet(143)) - d2d0250e-a378-4f8a-a4ff-ce07d96628f4: start LeaderElection
2019-10-21 22:01:42,720 [d2d0250e-a378-4f8a-a4ff-ce07d96628f4@group-129E33F6DE87-LeaderElection155] INFO  impl.LeaderElection (LeaderElection.java:askForVotes(178)) - d2d0250e-a378-4f8a-a4ff-ce07d96628f4@group-129E33F6DE87-LeaderElection155: begin an election at term 140 for -1: [756f57d6-6136-46f3-b5ea-af957dae1eda:192.168.34.8:33063, d2d0250e-a378-4f8a-a4ff-ce07d96628f4:192.168.34.8:43170, a36a670b-6f05-41e5-b505-2b1a8d9f1f79:192.168.34.8:32869], old=null
2019-10-21 22:01:42,723 [grpc-default-executor-4] INFO  impl.RaftServerImpl (RaftServerImpl.java:setRole(184)) - 756f57d6-6136-46f3-b5ea-af957dae1eda@group-129E33F6DE87: changes role from  FOLLOWER to FOLLOWER at term 140 for recognizeCandidate:d2d0250e-a378-4f8a-a4ff-ce07d96628f4
2019-10-21 22:01:42,723 [grpc-default-executor-4] INFO  impl.RoleInfo (RoleInfo.java:shutdownFollowerState(121)) - 756f57d6-6136-46f3-b5ea-af957dae1eda: shutdown FollowerState
2019-10-21 22:01:42,723 [grpc-default-executor-4] INFO  impl.RoleInfo (RoleInfo.java:updateAndGet(143)) - 756f57d6-6136-46f3-b5ea-af957dae1eda: start FollowerState
2019-10-21 22:01:42,723 [Thread-1518] INFO  impl.FollowerState (FollowerState.java:run(117)) - 756f57d6-6136-46f3-b5ea-af957dae1eda@group-129E33F6DE87-FollowerState was interrupted: java.lang.InterruptedException: sleep interrupted
2019-10-21 22:01:42,723 [grpc-default-executor-3] INFO  impl.RaftServerImpl (RaftServerImpl.java:setRole(184)) - a36a670b-6f05-41e5-b505-2b1a8d9f1f79@group-129E33F6DE87: changes role from  FOLLOWER to FOLLOWER at term 140 for recognizeCandidate:d2d0250e-a378-4f8a-a4ff-ce07d96628f4
2019-10-21 22:01:42,724 [grpc-default-executor-3] INFO  impl.RoleInfo (RoleInfo.java:shutdownFollowerState(121)) - a36a670b-6f05-41e5-b505-2b1a8d9f1f79: shutdown FollowerState
2019-10-21 22:01:42,724 [grpc-default-executor-3] INFO  impl.RoleInfo (RoleInfo.java:updateAndGet(143)) - a36a670b-6f05-41e5-b505-2b1a8d9f1f79: start FollowerState
2019-10-21 22:01:42,724 [Thread-1519] INFO  impl.FollowerState (FollowerState.java:run(117)) - a36a670b-6f05-41e5-b505-2b1a8d9f1f79@group-129E33F6DE87-FollowerState was interrupted: java.lang.InterruptedException: sleep interrupted
2019-10-21 22:01:42,730 [d2d0250e-a378-4f8a-a4ff-ce07d96628f4@group-129E33F6DE87-LeaderElection155] INFO  impl.LeaderElection (LeaderElection.java:logAndReturn(56)) - d2d0250e-a378-4f8a-a4ff-ce07d96628f4@group-129E33F6DE87-LeaderElection155: Election REJECTED; received 2 response(s) [d2d0250e-a378-4f8a-a4ff-ce07d96628f4<-756f57d6-6136-46f3-b5ea-af957dae1eda#0:FAIL-t140, d2d0250e-a378-4f8a-a4ff-ce07d96628f4<-a36a670b-6f05-41e5-b505-2b1a8d9f1f79#0:FAIL-t140] and 0 exception(s); d2d0250e-a378-4f8a-a4ff-ce07d96628f4@group-129E33F6DE87:t140, leader=null, voted=d2d0250e-a378-4f8a-a4ff-ce07d96628f4, raftlog=d2d0250e-a378-4f8a-a4ff-ce07d96628f4@group-129E33F6DE87-SegmentedRaftLog:OPENED:c-1,f-1,i0, conf=-1: [756f57d6-6136-46f3-b5ea-af957dae1eda:192.168.34.8:33063, d2d0250e-a378-4f8a-a4ff-ce07d96628f4:192.168.34.8:43170, a36a670b-6f05-41e5-b505-2b1a8d9f1f79:192.168.34.8:32869], old=null
2019-10-21 22:01:42,730 [d2d0250e-a378-4f8a-a4ff-ce07d96628f4@group-129E33F6DE87-LeaderElection155] INFO  impl.RaftServerImpl (RaftServerImpl.java:setRole(184)) - d2d0250e-a378-4f8a-a4ff-ce07d96628f4@group-129E33F6DE87: changes role from CANDIDATE to FOLLOWER at term 140 for DISCOVERED_A_NEW_TERM
2019-10-21 22:01:42,730 [d2d0250e-a378-4f8a-a4ff-ce07d96628f4@group-129E33F6DE87-LeaderElection155] INFO  impl.RoleInfo (RoleInfo.java:shutdownLeaderElection(134)) - d2d0250e-a378-4f8a-a4ff-ce07d96628f4: shutdown LeaderElection
2019-10-21 22:01:42,730 [d2d0250e-a378-4f8a-a4ff-ce07d96628f4@group-129E33F6DE87-LeaderElection155] INFO  impl.RoleInfo (RoleInfo.java:updateAndGet(143)) - d2d0250e-a378-4f8a-a4ff-ce07d96628f4: start FollowerState
2019-10-21 22:01:42,783 [Thread-1526] INFO  impl.FollowerState (FollowerState.java:run(108)) - d2d0250e-a378-4f8a-a4ff-ce07d96628f4@group-129E33F6DE87-FollowerState: change to CANDIDATE, lastRpcTime:52ms, electionTimeout:52ms
2019-10-21 22:01:42,783 [Thread-1526] INFO  impl.RoleInfo (RoleInfo.java:shutdownFollowerState(121)) - d2d0250e-a378-4f8a-a4ff-ce07d96628f4: shutdown FollowerState
2019-10-21 22:01:42,783 [Thread-1526] INFO  impl.RaftServerImpl (RaftServerImpl.java:setRole(184)) - d2d0250e-a378-4f8a-a4ff-ce07d96628f4@group-129E33F6DE87: changes role from  FOLLOWER to CANDIDATE at term 140 for changeToCandidate
2019-10-21 22:01:42,783 [Thread-1526] INFO  impl.RoleInfo (RoleInfo.java:updateAndGet(143)) - d2d0250e-a378-4f8a-a4ff-ce07d96628f4: start LeaderElection
2019-10-21 22:01:42,816 [d2d0250e-a378-4f8a-a4ff-ce07d96628f4@group-129E33F6DE87-LeaderElection156] INFO  impl.LeaderElection (LeaderElection.java:askForVotes(178)) - d2d0250e-a378-4f8a-a4ff-ce07d96628f4@group-129E33F6DE87-LeaderElection156: begin an election at term 141 for -1: [756f57d6-6136-46f3-b5ea-af957dae1eda:192.168.34.8:33063, d2d0250e-a378-4f8a-a4ff-ce07d96628f4:192.168.34.8:43170, a36a670b-6f05-41e5-b505-2b1a8d9f1f79:192.168.34.8:32869], old=null
2019-10-21 22:01:42,819 [grpc-default-executor-4] INFO  impl.RaftServerImpl (RaftServerImpl.java:setRole(184)) - 756f57d6-6136-46f3-b5ea-af957dae1eda@group-129E33F6DE87: changes role from  FOLLOWER to FOLLOWER at term 141 for recognizeCandidate:d2d0250e-a378-4f8a-a4ff-ce07d96628f4
2019-10-21 22:01:42,819 [grpc-default-executor-4] INFO  impl.RoleInfo (RoleInfo.java:shutdownFollowerState(121)) - 756f57d6-6136-46f3-b5ea-af957dae1eda: shutdown FollowerState
2019-10-21 22:01:42,820 [grpc-default-executor-4] INFO  impl.RoleInfo (RoleInfo.java:updateAndGet(143)) - 756f57d6-6136-46f3-b5ea-af957dae1eda: start FollowerState
2019-10-21 22:01:42,820 [grpc-default-executor-3] INFO  impl.RaftServerImpl (RaftServerImpl.java:setRole(184)) - a36a670b-6f05-41e5-b505-2b1a8d9f1f79@group-129E33F6DE87: changes role from  FOLLOWER to FOLLOWER at term 141 for recognizeCandidate:d2d0250e-a378-4f8a-a4ff-ce07d96628f4
2019-10-21 22:01:42,820 [Thread-1524] INFO  impl.FollowerState (FollowerState.java:run(117)) - 756f57d6-6136-46f3-b5ea-af957dae1eda@group-129E33F6DE87-FollowerState was interrupted: java.lang.InterruptedException: sleep interrupted
2019-10-21 22:01:42,820 [grpc-default-executor-3] INFO  impl.RoleInfo (RoleInfo.java:shutdownFollowerState(121)) - a36a670b-6f05-41e5-b505-2b1a8d9f1f79: shutdown FollowerState
2019-10-21 22:01:42,820 [grpc-default-executor-3] INFO  impl.RoleInfo (RoleInfo.java:updateAndGet(143)) - a36a670b-6f05-41e5-b505-2b1a8d9f1f79: start FollowerState
2019-10-21 22:01:42,820 [Thread-1525] INFO  impl.FollowerState (FollowerState.java:run(117)) - a36a670b-6f05-41e5-b505-2b1a8d9f1f79@group-129E33F6DE87-FollowerState was interrupted: java.lang.InterruptedException: sleep interrupted
2019-10-21 22:01:42,833 [d2d0250e-a378-4f8a-a4ff-ce07d96628f4@group-129E33F6DE87-LeaderElection156] INFO  impl.LeaderElection (LeaderElection.java:logAndReturn(56)) - d2d0250e-a378-4f8a-a4ff-ce07d96628f4@group-129E33F6DE87-LeaderElection156: Election REJECTED; received 2 response(s) [d2d0250e-a378-4f8a-a4ff-ce07d96628f4<-756f57d6-6136-46f3-b5ea-af957dae1eda#0:FAIL-t141, d2d0250e-a378-4f8a-a4ff-ce07d96628f4<-a36a670b-6f05-41e5-b505-2b1a8d9f1f79#0:FAIL-t141] and 0 exception(s); d2d0250e-a378-4f8a-a4ff-ce07d96628f4@group-129E33F6DE87:t141, leader=null, voted=d2d0250e-a378-4f8a-a4ff-ce07d96628f4, raftlog=d2d0250e-a378-4f8a-a4ff-ce07d96628f4@group-129E33F6DE87-SegmentedRaftLog:OPENED:c-1,f-1,i0, conf=-1: [756f57d6-6136-46f3-b5ea-af957dae1eda:192.168.34.8:33063, d2d0250e-a378-4f8a-a4ff-ce07d96628f4:192.168.34.8:43170, a36a670b-6f05-41e5-b505-2b1a8d9f1f79:192.168.34.8:32869], old=null
2019-10-21 22:01:42,834 [d2d0250e-a378-4f8a-a4ff-ce07d96628f4@group-129E33F6DE87-LeaderElection156] INFO  impl.RaftServerImpl (RaftServerImpl.java:setRole(184)) - d2d0250e-a378-4f8a-a4ff-ce07d96628f4@group-129E33F6DE87: changes role from CANDIDATE to FOLLOWER at term 141 for DISCOVERED_A_NEW_TERM
2019-10-21 22:01:42,834 [d2d0250e-a378-4f8a-a4ff-ce07d96628f4@group-129E33F6DE87-LeaderElection156] INFO  impl.RoleInfo (RoleInfo.java:shutdownLeaderElection(134)) - d2d0250e-a378-4f8a-a4ff-ce07d96628f4: shutdown LeaderElection
2019-10-21 22:01:42,834 [d2d0250e-a378-4f8a-a4ff-ce07d96628f4@group-129E33F6DE87-LeaderElection156] INFO  impl.RoleInfo (RoleInfo.java:updateAndGet(143)) - d2d0250e-a378-4f8a-a4ff-ce07d96628f4: start FollowerState
2019-10-21 22:01:42,926 [Thread-1532] INFO  impl.FollowerState (FollowerState.java:run(108)) - d2d0250e-a378-4f8a-a4ff-ce07d96628f4@group-129E33F6DE87-FollowerState: change to CANDIDATE, lastRpcTime:92ms, electionTimeout:92ms
2019-10-21 22:01:42,926 [Thread-1532] INFO  impl.RoleInfo (RoleInfo.java:shutdownFollowerState(121)) - d2d0250e-a378-4f8a-a4ff-ce07d96628f4: shutdown FollowerState
2019-10-21 22:01:42,927 [Thread-1532] INFO  impl.RaftServerImpl (RaftServerImpl.java:setRole(184)) - d2d0250e-a378-4f8a-a4ff-ce07d96628f4@group-129E33F6DE87: changes role from  FOLLOWER to CANDIDATE at term 141 for changeToCandidate
2019-10-21 22:01:42,927 [Thread-1532] INFO  impl.RoleInfo (RoleInfo.java:updateAndGet(143)) - d2d0250e-a378-4f8a-a4ff-ce07d96628f4: start LeaderElection
2019-10-21 22:01:42,937 [d2d0250e-a378-4f8a-a4ff-ce07d96628f4@group-129E33F6DE87-LeaderElection157] INFO  impl.LeaderElection (LeaderElection.java:askForVotes(178)) - d2d0250e-a378-4f8a-a4ff-ce07d96628f4@group-129E33F6DE87-LeaderElection157: begin an election at term 142 for -1: [756f57d6-6136-46f3-b5ea-af957dae1eda:192.168.34.8:33063, d2d0250e-a378-4f8a-a4ff-ce07d96628f4:192.168.34.8:43170, a36a670b-6f05-41e5-b505-2b1a8d9f1f79:192.168.34.8:32869], old=null
2019-10-21 22:01:42,940 [grpc-default-executor-3] INFO  impl.RaftServerImpl (RaftServerImpl.java:setRole(184)) - 756f57d6-6136-46f3-b5ea-af957dae1eda@group-129E33F6DE87: changes role from  FOLLOWER to FOLLOWER at term 142 for recognizeCandidate:d2d0250e-a378-4f8a-a4ff-ce07d96628f4
2019-10-21 22:01:42,940 [grpc-default-executor-3] INFO  impl.RoleInfo (RoleInfo.java:shutdownFollowerState(121)) - 756f57d6-6136-46f3-b5ea-af957dae1eda: shutdown FollowerState
2019-10-21 22:01:42,940 [grpc-default-executor-4] INFO  impl.RaftServerImpl (RaftServerImpl.java:setRole(184)) - a36a670b-6f05-41e5-b505-2b1a8d9f1f79@group-129E33F6DE87: changes role from  FOLLOWER to FOLLOWER at term 142 for recognizeCandidate:d2d0250e-a378-4f8a-a4ff-ce07d96628f4
2019-10-21 22:01:42,940 [Thread-1530] INFO  impl.FollowerState (FollowerState.java:run(117)) - 756f57d6-6136-46f3-b5ea-af957dae1eda@group-129E33F6DE87-FollowerState was interrupted: java.lang.InterruptedException: sleep interrupted
2019-10-21 22:01:42,940 [grpc-default-executor-3] INFO  impl.RoleInfo (RoleInfo.java:updateAndGet(143)) - 756f57d6-6136-46f3-b5ea-af957dae1eda: start FollowerState
2019-10-21 22:01:42,940 [grpc-default-executor-4] INFO  impl.RoleInfo (RoleInfo.java:shutdownFollowerState(121)) - a36a670b-6f05-41e5-b505-2b1a8d9f1f79: shutdown FollowerState
2019-10-21 22:01:42,941 [grpc-default-executor-4] INFO  impl.RoleInfo (RoleInfo.java:updateAndGet(143)) - a36a670b-6f05-41e5-b505-2b1a8d9f1f79: start FollowerState
2019-10-21 22:01:42,941 [Thread-1531] INFO  impl.FollowerState (FollowerState.java:run(117)) - a36a670b-6f05-41e5-b505-2b1a8d9f1f79@group-129E33F6DE87-FollowerState was interrupted: java.lang.InterruptedException: sleep interrupted
2019-10-21 22:01:42,946 [d2d0250e-a378-4f8a-a4ff-ce07d96628f4@group-129E33F6DE87-LeaderElection157] INFO  impl.LeaderElection (LeaderElection.java:logAndReturn(56)) - d2d0250e-a378-4f8a-a4ff-ce07d96628f4@group-129E33F6DE87-LeaderElection157: Election REJECTED; received 2 response(s) [d2d0250e-a378-4f8a-a4ff-ce07d96628f4<-756f57d6-6136-46f3-b5ea-af957dae1eda#0:FAIL-t142, d2d0250e-a378-4f8a-a4ff-ce07d96628f4<-a36a670b-6f05-41e5-b505-2b1a8d9f1f79#0:FAIL-t142] and 0 exception(s); d2d0250e-a378-4f8a-a4ff-ce07d96628f4@group-129E33F6DE87:t142, leader=null, voted=d2d0250e-a378-4f8a-a4ff-ce07d96628f4, raftlog=d2d0250e-a378-4f8a-a4ff-ce07d96628f4@group-129E33F6DE87-SegmentedRaftLog:OPENED:c-1,f-1,i0, conf=-1: [756f57d6-6136-46f3-b5ea-af957dae1eda:192.168.34.8:33063, d2d0250e-a378-4f8a-a4ff-ce07d96628f4:192.168.34.8:43170, a36a670b-6f05-41e5-b505-2b1a8d9f1f79:192.168.34.8:32869], old=null
2019-10-21 22:01:42,946 [d2d0250e-a378-4f8a-a4ff-ce07d96628f4@group-129E33F6DE87-LeaderElection157] INFO  impl.RaftServerImpl (RaftServerImpl.java:setRole(184)) - d2d0250e-a378-4f8a-a4ff-ce07d96628f4@group-129E33F6DE87: changes role from CANDIDATE to FOLLOWER at term 142 for DISCOVERED_A_NEW_TERM
2019-10-21 22:01:42,946 [d2d0250e-a378-4f8a-a4ff-ce07d96628f4@group-129E33F6DE87-LeaderElection157] INFO  impl.RoleInfo (RoleInfo.java:shutdownLeaderElection(134)) - d2d0250e-a378-4f8a-a4ff-ce07d96628f4: shutdown LeaderElection
2019-10-21 22:01:42,946 [d2d0250e-a378-4f8a-a4ff-ce07d96628f4@group-129E33F6DE87-LeaderElection157] INFO  impl.RoleInfo (RoleInfo.java:updateAndGet(143)) - d2d0250e-a378-4f8a-a4ff-ce07d96628f4: start FollowerState
2019-10-21 22:01:43,127 [Thread-1540] INFO  impl.FollowerState (FollowerState.java:run(108)) - d2d0250e-a378-4f8a-a4ff-ce07d96628f4@group-129E33F6DE87-FollowerState: change to CANDIDATE, lastRpcTime:181ms, electionTimeout:181ms
2019-10-21 22:01:43,128 [Thread-1540] INFO  impl.RoleInfo (RoleInfo.java:shutdownFollowerState(121)) - d2d0250e-a378-4f8a-a4ff-ce07d96628f4: shutdown FollowerState
2019-10-21 22:01:43,128 [Thread-1540] INFO  impl.RaftServerImpl (RaftServerImpl.java:setRole(184)) - d2d0250e-a378-4f8a-a4ff-ce07d96628f4@group-129E33F6DE87: changes role from  FOLLOWER to CANDIDATE at term 142 for changeToCandidate
2019-10-21 22:01:43,128 [Thread-1540] INFO  impl.RoleInfo (RoleInfo.java:updateAndGet(143)) - d2d0250e-a378-4f8a-a4ff-ce07d96628f4: start LeaderElection
2019-10-21 22:01:43,133 [d2d0250e-a378-4f8a-a4ff-ce07d96628f4@group-129E33F6DE87-LeaderElection158] INFO  impl.LeaderElection (LeaderElection.java:askForVotes(178)) - d2d0250e-a378-4f8a-a4ff-ce07d96628f4@group-129E33F6DE87-LeaderElection158: begin an election at term 143 for -1: [756f57d6-6136-46f3-b5ea-af957dae1eda:192.168.34.8:33063, d2d0250e-a378-4f8a-a4ff-ce07d96628f4:192.168.34.8:43170, a36a670b-6f05-41e5-b505-2b1a8d9f1f79:192.168.34.8:32869], old=null
2019-10-21 22:01:43,136 [grpc-default-executor-4] INFO  impl.RaftServerImpl (RaftServerImpl.java:setRole(184)) - 756f57d6-6136-46f3-b5ea-af957dae1eda@group-129E33F6DE87: changes role from  FOLLOWER to FOLLOWER at term 143 for recognizeCandidate:d2d0250e-a378-4f8a-a4ff-ce07d96628f4
2019-10-21 22:01:43,137 [grpc-default-executor-3] INFO  impl.RaftServerImpl (RaftServerImpl.java:setRole(184)) - a36a670b-6f05-41e5-b505-2b1a8d9f1f79@group-129E33F6DE87: changes role from  FOLLOWER to FOLLOWER at term 143 for recognizeCandidate:d2d0250e-a378-4f8a-a4ff-ce07d96628f4
2019-10-21 22:01:43,137 [grpc-default-executor-4] INFO  impl.RoleInfo (RoleInfo.java:shutdownFollowerState(121)) - 756f57d6-6136-46f3-b5ea-af957dae1eda: shutdown FollowerState
2019-10-21 22:01:43,137 [grpc-default-executor-3] INFO  impl.RoleInfo (RoleInfo.java:shutdownFollowerState(121)) - a36a670b-6f05-41e5-b505-2b1a8d9f1f79: shutdown FollowerState
2019-10-21 22:01:43,137 [Thread-1538] INFO  impl.FollowerState (FollowerState.java:run(117)) - 756f57d6-6136-46f3-b5ea-af957dae1eda@group-129E33F6DE87-FollowerState was interrupted: java.lang.InterruptedException: sleep interrupted
2019-10-21 22:01:43,137 [Thread-1539] INFO  impl.FollowerState (FollowerState.java:run(117)) - a36a670b-6f05-41e5-b505-2b1a8d9f1f79@group-129E33F6DE87-FollowerState was interrupted: java.lang.InterruptedException: sleep interrupted
2019-10-21 22:01:43,137 [grpc-default-executor-4] INFO  impl.RoleInfo (RoleInfo.java:updateAndGet(143)) - 756f57d6-6136-46f3-b5ea-af957dae1eda: start FollowerState
2019-10-21 22:01:43,137 [grpc-default-executor-3] INFO  impl.RoleInfo (RoleInfo.java:updateAndGet(143)) - a36a670b-6f05-41e5-b505-2b1a8d9f1f79: start FollowerState
2019-10-21 22:01:43,143 [d2d0250e-a378-4f8a-a4ff-ce07d96628f4@group-129E33F6DE87-LeaderElection158] INFO  impl.LeaderElection (LeaderElection.java:logAndReturn(56)) - d2d0250e-a378-4f8a-a4ff-ce07d96628f4@group-129E33F6DE87-LeaderElection158: Election REJECTED; received 2 response(s) [d2d0250e-a378-4f8a-a4ff-ce07d96628f4<-756f57d6-6136-46f3-b5ea-af957dae1eda#0:FAIL-t143, d2d0250e-a378-4f8a-a4ff-ce07d96628f4<-a36a670b-6f05-41e5-b505-2b1a8d9f1f79#0:FAIL-t143] and 0 exception(s); d2d0250e-a378-4f8a-a4ff-ce07d96628f4@group-129E33F6DE87:t143, leader=null, voted=d2d0250e-a378-4f8a-a4ff-ce07d96628f4, raftlog=d2d0250e-a378-4f8a-a4ff-ce07d96628f4@group-129E33F6DE87-SegmentedRaftLog:OPENED:c-1,f-1,i0, conf=-1: [756f57d6-6136-46f3-b5ea-af957dae1eda:192.168.34.8:33063, d2d0250e-a378-4f8a-a4ff-ce07d96628f4:192.168.34.8:43170, a36a670b-6f05-41e5-b505-2b1a8d9f1f79:192.168.34.8:32869], old=null
2019-10-21 22:01:43,143 [d2d0250e-a378-4f8a-a4ff-ce07d96628f4@group-129E33F6DE87-LeaderElection158] INFO  impl.RaftServerImpl (RaftServerImpl.java:setRole(184)) - d2d0250e-a378-4f8a-a4ff-ce07d96628f4@group-129E33F6DE87: changes role from CANDIDATE to FOLLOWER at term 143 for DISCOVERED_A_NEW_TERM
2019-10-21 22:01:43,143 [d2d0250e-a378-4f8a-a4ff-ce07d96628f4@group-129E33F6DE87-LeaderElection158] INFO  impl.RoleInfo (RoleInfo.java:shutdownLeaderElection(134)) - d2d0250e-a378-4f8a-a4ff-ce07d96628f4: shutdown LeaderElection
2019-10-21 22:01:43,143 [d2d0250e-a378-4f8a-a4ff-ce07d96628f4@group-129E33F6DE87-LeaderElection158] INFO  impl.RoleInfo (RoleInfo.java:updateAndGet(143)) - d2d0250e-a378-4f8a-a4ff-ce07d96628f4: start FollowerState
2019-10-21 22:01:43,198 [Thread-1489] INFO  impl.FollowerState (FollowerState.java:run(108)) - e152cc11-8922-4c62-a829-a835e5f58570@group-6834AB77F819-FollowerState: change to CANDIDATE, lastRpcTime:1027ms, electionTimeout:1027ms
2019-10-21 22:01:43,198 [Thread-1489] INFO  impl.RoleInfo (RoleInfo.java:shutdownFollowerState(121)) - e152cc11-8922-4c62-a829-a835e5f58570: shutdown FollowerState
2019-10-21 22:01:43,198 [Thread-1489] INFO  impl.RaftServerImpl (RaftServerImpl.java:setRole(184)) - e152cc11-8922-4c62-a829-a835e5f58570@group-6834AB77F819: changes role from  FOLLOWER to CANDIDATE at term 8 for changeToCandidate
2019-10-21 22:01:43,199 [Thread-1489] INFO  impl.RoleInfo (RoleInfo.java:updateAndGet(143)) - e152cc11-8922-4c62-a829-a835e5f58570: start LeaderElection
2019-10-21 22:01:43,204 [e152cc11-8922-4c62-a829-a835e5f58570@group-6834AB77F819-LeaderElection159] INFO  impl.LeaderElection (LeaderElection.java:askForVotes(178)) - e152cc11-8922-4c62-a829-a835e5f58570@group-6834AB77F819-LeaderElection159: begin an election at term 9 for 1: [e152cc11-8922-4c62-a829-a835e5f58570:192.168.34.8:34707, 0edd2ec6-20bf-4809-95ac-80dc11748221:192.168.34.8:43533, 28432215-63ab-4c85-86e9-79fb72521e72:192.168.34.8:33589], old=null
2019-10-21 22:01:43,205 [e152cc11-8922-4c62-a829-a835e5f58570@group-6834AB77F819-LeaderElection159] INFO  impl.LeaderElection (LogUtils.java:infoOrTrace(149)) - e152cc11-8922-4c62-a829-a835e5f58570@group-6834AB77F819-LeaderElection159 got exception when requesting votes: {}
java.util.concurrent.ExecutionException: org.apache.ratis.thirdparty.io.grpc.StatusRuntimeException: UNAVAILABLE: io exception
	at java.util.concurrent.FutureTask.report(FutureTask.java:122)
	at java.util.concurrent.FutureTask.get(FutureTask.java:192)
	at org.apache.ratis.server.impl.LeaderElection.waitForResults(LeaderElection.java:259)
	at org.apache.ratis.server.impl.LeaderElection.askForVotes(LeaderElection.java:197)
	at org.apache.ratis.server.impl.LeaderElection.run(LeaderElection.java:133)
	at java.lang.Thread.run(Thread.java:748)
Caused by: org.apache.ratis.thirdparty.io.grpc.StatusRuntimeException: UNAVAILABLE: io exception
	at org.apache.ratis.thirdparty.io.grpc.stub.ClientCalls.toStatusRuntimeException(ClientCalls.java:233)
	at org.apache.ratis.thirdparty.io.grpc.stub.ClientCalls.getUnchecked(ClientCalls.java:214)
	at org.apache.ratis.thirdparty.io.grpc.stub.ClientCalls.blockingUnaryCall(ClientCalls.java:139)
	at org.apache.ratis.proto.grpc.RaftServerProtocolServiceGrpc$RaftServerProtocolServiceBlockingStub.requestVote(RaftServerProtocolServiceGrpc.java:265)
	at org.apache.ratis.grpc.server.GrpcServerProtocolClient.requestVote(GrpcServerProtocolClient.java:99)
	at org.apache.ratis.grpc.server.GrpcService.requestVote(GrpcService.java:204)
	at org.apache.ratis.server.impl.LeaderElection.lambda$submitRequests$1(LeaderElection.java:234)
	at java.util.concurrent.FutureTask.run(FutureTask.java:266)
	at java.util.concurrent.Executors$RunnableAdapter.call(Executors.java:511)
	at java.util.concurrent.FutureTask.run(FutureTask.java:266)
	at java.util.concurrent.ThreadPoolExecutor.runWorker(ThreadPoolExecutor.java:1149)
	at java.util.concurrent.ThreadPoolExecutor$Worker.run(ThreadPoolExecutor.java:624)
	... 1 more
Caused by: org.apache.ratis.thirdparty.io.netty.channel.AbstractChannel$AnnotatedConnectException: Connection refused: /192.168.34.8:43533
	at sun.nio.ch.SocketChannelImpl.checkConnect(Native Method)
	at sun.nio.ch.SocketChannelImpl.finishConnect(SocketChannelImpl.java:717)
	at org.apache.ratis.thirdparty.io.netty.channel.socket.nio.NioSocketChannel.doFinishConnect(NioSocketChannel.java:327)
	at org.apache.ratis.thirdparty.io.netty.channel.nio.AbstractNioChannel$AbstractNioUnsafe.finishConnect(AbstractNioChannel.java:340)
	at org.apache.ratis.thirdparty.io.netty.channel.nio.NioEventLoop.processSelectedKey(NioEventLoop.java:632)
	at org.apache.ratis.thirdparty.io.netty.channel.nio.NioEventLoop.processSelectedKeysOptimized(NioEventLoop.java:579)
	at org.apache.ratis.thirdparty.io.netty.channel.nio.NioEventLoop.processSelectedKeys(NioEventLoop.java:496)
	at org.apache.ratis.thirdparty.io.netty.channel.nio.NioEventLoop.run(NioEventLoop.java:458)
	at org.apache.ratis.thirdparty.io.netty.util.concurrent.SingleThreadEventExecutor$5.run(SingleThreadEventExecutor.java:897)
	at org.apache.ratis.thirdparty.io.netty.util.concurrent.FastThreadLocalRunnable.run(FastThreadLocalRunnable.java:30)
	... 1 more
Caused by: java.net.ConnectException: Connection refused
	... 11 more
2019-10-21 22:01:43,209 [e152cc11-8922-4c62-a829-a835e5f58570@group-6834AB77F819-LeaderElection159] INFO  impl.LeaderElection (LogUtils.java:infoOrTrace(149)) - e152cc11-8922-4c62-a829-a835e5f58570@group-6834AB77F819-LeaderElection159 got exception when requesting votes: {}
java.util.concurrent.ExecutionException: org.apache.ratis.thirdparty.io.grpc.StatusRuntimeException: UNAVAILABLE: io exception
	at java.util.concurrent.FutureTask.report(FutureTask.java:122)
	at java.util.concurrent.FutureTask.get(FutureTask.java:192)
	at org.apache.ratis.server.impl.LeaderElection.waitForResults(LeaderElection.java:259)
	at org.apache.ratis.server.impl.LeaderElection.askForVotes(LeaderElection.java:197)
	at org.apache.ratis.server.impl.LeaderElection.run(LeaderElection.java:133)
	at java.lang.Thread.run(Thread.java:748)
Caused by: org.apache.ratis.thirdparty.io.grpc.StatusRuntimeException: UNAVAILABLE: io exception
	at org.apache.ratis.thirdparty.io.grpc.stub.ClientCalls.toStatusRuntimeException(ClientCalls.java:233)
	at org.apache.ratis.thirdparty.io.grpc.stub.ClientCalls.getUnchecked(ClientCalls.java:214)
	at org.apache.ratis.thirdparty.io.grpc.stub.ClientCalls.blockingUnaryCall(ClientCalls.java:139)
	at org.apache.ratis.proto.grpc.RaftServerProtocolServiceGrpc$RaftServerProtocolServiceBlockingStub.requestVote(RaftServerProtocolServiceGrpc.java:265)
	at org.apache.ratis.grpc.server.GrpcServerProtocolClient.requestVote(GrpcServerProtocolClient.java:99)
	at org.apache.ratis.grpc.server.GrpcService.requestVote(GrpcService.java:204)
	at org.apache.ratis.server.impl.LeaderElection.lambda$submitRequests$1(LeaderElection.java:234)
	at java.util.concurrent.FutureTask.run(FutureTask.java:266)
	at java.util.concurrent.Executors$RunnableAdapter.call(Executors.java:511)
	at java.util.concurrent.FutureTask.run(FutureTask.java:266)
	at java.util.concurrent.ThreadPoolExecutor.runWorker(ThreadPoolExecutor.java:1149)
	at java.util.concurrent.ThreadPoolExecutor$Worker.run(ThreadPoolExecutor.java:624)
	... 1 more
Caused by: org.apache.ratis.thirdparty.io.netty.channel.AbstractChannel$AnnotatedConnectException: Connection refused: /192.168.34.8:33589
	at sun.nio.ch.SocketChannelImpl.checkConnect(Native Method)
	at sun.nio.ch.SocketChannelImpl.finishConnect(SocketChannelImpl.java:717)
	at org.apache.ratis.thirdparty.io.netty.channel.socket.nio.NioSocketChannel.doFinishConnect(NioSocketChannel.java:327)
	at org.apache.ratis.thirdparty.io.netty.channel.nio.AbstractNioChannel$AbstractNioUnsafe.finishConnect(AbstractNioChannel.java:340)
	at org.apache.ratis.thirdparty.io.netty.channel.nio.NioEventLoop.processSelectedKey(NioEventLoop.java:632)
	at org.apache.ratis.thirdparty.io.netty.channel.nio.NioEventLoop.processSelectedKeysOptimized(NioEventLoop.java:579)
	at org.apache.ratis.thirdparty.io.netty.channel.nio.NioEventLoop.processSelectedKeys(NioEventLoop.java:496)
	at org.apache.ratis.thirdparty.io.netty.channel.nio.NioEventLoop.run(NioEventLoop.java:458)
	at org.apache.ratis.thirdparty.io.netty.util.concurrent.SingleThreadEventExecutor$5.run(SingleThreadEventExecutor.java:897)
	at org.apache.ratis.thirdparty.io.netty.util.concurrent.FastThreadLocalRunnable.run(FastThreadLocalRunnable.java:30)
	... 1 more
Caused by: java.net.ConnectException: Connection refused
	... 11 more
2019-10-21 22:01:43,211 [e152cc11-8922-4c62-a829-a835e5f58570@group-6834AB77F819-LeaderElection159] INFO  impl.LeaderElection (LeaderElection.java:logAndReturn(56)) - e152cc11-8922-4c62-a829-a835e5f58570@group-6834AB77F819-LeaderElection159: Election REJECTED; received 0 response(s) [] and 2 exception(s); e152cc11-8922-4c62-a829-a835e5f58570@group-6834AB77F819:t9, leader=null, voted=e152cc11-8922-4c62-a829-a835e5f58570, raftlog=e152cc11-8922-4c62-a829-a835e5f58570@group-6834AB77F819-SegmentedRaftLog:OPENED:c6,f6,i6, conf=1: [e152cc11-8922-4c62-a829-a835e5f58570:192.168.34.8:34707, 0edd2ec6-20bf-4809-95ac-80dc11748221:192.168.34.8:43533, 28432215-63ab-4c85-86e9-79fb72521e72:192.168.34.8:33589], old=null
2019-10-21 22:01:43,211 [e152cc11-8922-4c62-a829-a835e5f58570@group-6834AB77F819-LeaderElection159] INFO  impl.LeaderElection (LogUtils.java:infoOrTrace(149)) -   Exception 0: {}
java.util.concurrent.ExecutionException: org.apache.ratis.thirdparty.io.grpc.StatusRuntimeException: UNAVAILABLE: io exception
	at java.util.concurrent.FutureTask.report(FutureTask.java:122)
	at java.util.concurrent.FutureTask.get(FutureTask.java:192)
	at org.apache.ratis.server.impl.LeaderElection.waitForResults(LeaderElection.java:259)
	at org.apache.ratis.server.impl.LeaderElection.askForVotes(LeaderElection.java:197)
	at org.apache.ratis.server.impl.LeaderElection.run(LeaderElection.java:133)
	at java.lang.Thread.run(Thread.java:748)
Caused by: org.apache.ratis.thirdparty.io.grpc.StatusRuntimeException: UNAVAILABLE: io exception
	at org.apache.ratis.thirdparty.io.grpc.stub.ClientCalls.toStatusRuntimeException(ClientCalls.java:233)
	at org.apache.ratis.thirdparty.io.grpc.stub.ClientCalls.getUnchecked(ClientCalls.java:214)
	at org.apache.ratis.thirdparty.io.grpc.stub.ClientCalls.blockingUnaryCall(ClientCalls.java:139)
	at org.apache.ratis.proto.grpc.RaftServerProtocolServiceGrpc$RaftServerProtocolServiceBlockingStub.requestVote(RaftServerProtocolServiceGrpc.java:265)
	at org.apache.ratis.grpc.server.GrpcServerProtocolClient.requestVote(GrpcServerProtocolClient.java:99)
	at org.apache.ratis.grpc.server.GrpcService.requestVote(GrpcService.java:204)
	at org.apache.ratis.server.impl.LeaderElection.lambda$submitRequests$1(LeaderElection.java:234)
	at java.util.concurrent.FutureTask.run(FutureTask.java:266)
	at java.util.concurrent.Executors$RunnableAdapter.call(Executors.java:511)
	at java.util.concurrent.FutureTask.run(FutureTask.java:266)
	at java.util.concurrent.ThreadPoolExecutor.runWorker(ThreadPoolExecutor.java:1149)
	at java.util.concurrent.ThreadPoolExecutor$Worker.run(ThreadPoolExecutor.java:624)
	... 1 more
Caused by: org.apache.ratis.thirdparty.io.netty.channel.AbstractChannel$AnnotatedConnectException: Connection refused: /192.168.34.8:43533
	at sun.nio.ch.SocketChannelImpl.checkConnect(Native Method)
	at sun.nio.ch.SocketChannelImpl.finishConnect(SocketChannelImpl.java:717)
	at org.apache.ratis.thirdparty.io.netty.channel.socket.nio.NioSocketChannel.doFinishConnect(NioSocketChannel.java:327)
	at org.apache.ratis.thirdparty.io.netty.channel.nio.AbstractNioChannel$AbstractNioUnsafe.finishConnect(AbstractNioChannel.java:340)
	at org.apache.ratis.thirdparty.io.netty.channel.nio.NioEventLoop.processSelectedKey(NioEventLoop.java:632)
	at org.apache.ratis.thirdparty.io.netty.channel.nio.NioEventLoop.processSelectedKeysOptimized(NioEventLoop.java:579)
	at org.apache.ratis.thirdparty.io.netty.channel.nio.NioEventLoop.processSelectedKeys(NioEventLoop.java:496)
	at org.apache.ratis.thirdparty.io.netty.channel.nio.NioEventLoop.run(NioEventLoop.java:458)
	at org.apache.ratis.thirdparty.io.netty.util.concurrent.SingleThreadEventExecutor$5.run(SingleThreadEventExecutor.java:897)
	at org.apache.ratis.thirdparty.io.netty.util.concurrent.FastThreadLocalRunnable.run(FastThreadLocalRunnable.java:30)
	... 1 more
Caused by: java.net.ConnectException: Connection refused
	... 11 more
2019-10-21 22:01:43,212 [e152cc11-8922-4c62-a829-a835e5f58570@group-6834AB77F819-LeaderElection159] INFO  impl.LeaderElection (LogUtils.java:infoOrTrace(149)) -   Exception 1: {}
java.util.concurrent.ExecutionException: org.apache.ratis.thirdparty.io.grpc.StatusRuntimeException: UNAVAILABLE: io exception
	at java.util.concurrent.FutureTask.report(FutureTask.java:122)
	at java.util.concurrent.FutureTask.get(FutureTask.java:192)
	at org.apache.ratis.server.impl.LeaderElection.waitForResults(LeaderElection.java:259)
	at org.apache.ratis.server.impl.LeaderElection.askForVotes(LeaderElection.java:197)
	at org.apache.ratis.server.impl.LeaderElection.run(LeaderElection.java:133)
	at java.lang.Thread.run(Thread.java:748)
Caused by: org.apache.ratis.thirdparty.io.grpc.StatusRuntimeException: UNAVAILABLE: io exception
	at org.apache.ratis.thirdparty.io.grpc.stub.ClientCalls.toStatusRuntimeException(ClientCalls.java:233)
	at org.apache.ratis.thirdparty.io.grpc.stub.ClientCalls.getUnchecked(ClientCalls.java:214)
	at org.apache.ratis.thirdparty.io.grpc.stub.ClientCalls.blockingUnaryCall(ClientCalls.java:139)
	at org.apache.ratis.proto.grpc.RaftServerProtocolServiceGrpc$RaftServerProtocolServiceBlockingStub.requestVote(RaftServerProtocolServiceGrpc.java:265)
	at org.apache.ratis.grpc.server.GrpcServerProtocolClient.requestVote(GrpcServerProtocolClient.java:99)
	at org.apache.ratis.grpc.server.GrpcService.requestVote(GrpcService.java:204)
	at org.apache.ratis.server.impl.LeaderElection.lambda$submitRequests$1(LeaderElection.java:234)
	at java.util.concurrent.FutureTask.run(FutureTask.java:266)
	at java.util.concurrent.Executors$RunnableAdapter.call(Executors.java:511)
	at java.util.concurrent.FutureTask.run(FutureTask.java:266)
	at java.util.concurrent.ThreadPoolExecutor.runWorker(ThreadPoolExecutor.java:1149)
	at java.util.concurrent.ThreadPoolExecutor$Worker.run(ThreadPoolExecutor.java:624)
	... 1 more
Caused by: org.apache.ratis.thirdparty.io.netty.channel.AbstractChannel$AnnotatedConnectException: Connection refused: /192.168.34.8:33589
	at sun.nio.ch.SocketChannelImpl.checkConnect(Native Method)
	at sun.nio.ch.SocketChannelImpl.finishConnect(SocketChannelImpl.java:717)
	at org.apache.ratis.thirdparty.io.netty.channel.socket.nio.NioSocketChannel.doFinishConnect(NioSocketChannel.java:327)
	at org.apache.ratis.thirdparty.io.netty.channel.nio.AbstractNioChannel$AbstractNioUnsafe.finishConnect(AbstractNioChannel.java:340)
	at org.apache.ratis.thirdparty.io.netty.channel.nio.NioEventLoop.processSelectedKey(NioEventLoop.java:632)
	at org.apache.ratis.thirdparty.io.netty.channel.nio.NioEventLoop.processSelectedKeysOptimized(NioEventLoop.java:579)
	at org.apache.ratis.thirdparty.io.netty.channel.nio.NioEventLoop.processSelectedKeys(NioEventLoop.java:496)
	at org.apache.ratis.thirdparty.io.netty.channel.nio.NioEventLoop.run(NioEventLoop.java:458)
	at org.apache.ratis.thirdparty.io.netty.util.concurrent.SingleThreadEventExecutor$5.run(SingleThreadEventExecutor.java:897)
	at org.apache.ratis.thirdparty.io.netty.util.concurrent.FastThreadLocalRunnable.run(FastThreadLocalRunnable.java:30)
	... 1 more
Caused by: java.net.ConnectException: Connection refused
	... 11 more
2019-10-21 22:01:43,212 [e152cc11-8922-4c62-a829-a835e5f58570@group-6834AB77F819-LeaderElection159] INFO  impl.RaftServerImpl (RaftServerImpl.java:setRole(184)) - e152cc11-8922-4c62-a829-a835e5f58570@group-6834AB77F819: changes role from CANDIDATE to FOLLOWER at term 9 for DISCOVERED_A_NEW_TERM
2019-10-21 22:01:43,212 [e152cc11-8922-4c62-a829-a835e5f58570@group-6834AB77F819-LeaderElection159] INFO  impl.RoleInfo (RoleInfo.java:shutdownLeaderElection(134)) - e152cc11-8922-4c62-a829-a835e5f58570: shutdown LeaderElection
2019-10-21 22:01:43,213 [e152cc11-8922-4c62-a829-a835e5f58570@group-6834AB77F819-LeaderElection159] INFO  impl.RoleInfo (RoleInfo.java:updateAndGet(143)) - e152cc11-8922-4c62-a829-a835e5f58570: start FollowerState
2019-10-21 22:01:43,297 [Thread-1546] INFO  impl.FollowerState (FollowerState.java:run(108)) - d2d0250e-a378-4f8a-a4ff-ce07d96628f4@group-129E33F6DE87-FollowerState: change to CANDIDATE, lastRpcTime:153ms, electionTimeout:153ms
2019-10-21 22:01:43,297 [Thread-1546] INFO  impl.RoleInfo (RoleInfo.java:shutdownFollowerState(121)) - d2d0250e-a378-4f8a-a4ff-ce07d96628f4: shutdown FollowerState
2019-10-21 22:01:43,297 [Thread-1546] INFO  impl.RaftServerImpl (RaftServerImpl.java:setRole(184)) - d2d0250e-a378-4f8a-a4ff-ce07d96628f4@group-129E33F6DE87: changes role from  FOLLOWER to CANDIDATE at term 143 for changeToCandidate
2019-10-21 22:01:43,297 [Thread-1546] INFO  impl.RoleInfo (RoleInfo.java:updateAndGet(143)) - d2d0250e-a378-4f8a-a4ff-ce07d96628f4: start LeaderElection
2019-10-21 22:01:43,315 [d2d0250e-a378-4f8a-a4ff-ce07d96628f4@group-129E33F6DE87-LeaderElection160] INFO  impl.LeaderElection (LeaderElection.java:askForVotes(178)) - d2d0250e-a378-4f8a-a4ff-ce07d96628f4@group-129E33F6DE87-LeaderElection160: begin an election at term 144 for -1: [756f57d6-6136-46f3-b5ea-af957dae1eda:192.168.34.8:33063, d2d0250e-a378-4f8a-a4ff-ce07d96628f4:192.168.34.8:43170, a36a670b-6f05-41e5-b505-2b1a8d9f1f79:192.168.34.8:32869], old=null
2019-10-21 22:01:43,317 [grpc-default-executor-4] INFO  impl.RaftServerImpl (RaftServerImpl.java:setRole(184)) - a36a670b-6f05-41e5-b505-2b1a8d9f1f79@group-129E33F6DE87: changes role from  FOLLOWER to FOLLOWER at term 144 for recognizeCandidate:d2d0250e-a378-4f8a-a4ff-ce07d96628f4
2019-10-21 22:01:43,317 [grpc-default-executor-3] INFO  impl.RaftServerImpl (RaftServerImpl.java:setRole(184)) - 756f57d6-6136-46f3-b5ea-af957dae1eda@group-129E33F6DE87: changes role from  FOLLOWER to FOLLOWER at term 144 for recognizeCandidate:d2d0250e-a378-4f8a-a4ff-ce07d96628f4
2019-10-21 22:01:43,318 [grpc-default-executor-4] INFO  impl.RoleInfo (RoleInfo.java:shutdownFollowerState(121)) - a36a670b-6f05-41e5-b505-2b1a8d9f1f79: shutdown FollowerState
2019-10-21 22:01:43,318 [grpc-default-executor-3] INFO  impl.RoleInfo (RoleInfo.java:shutdownFollowerState(121)) - 756f57d6-6136-46f3-b5ea-af957dae1eda: shutdown FollowerState
2019-10-21 22:01:43,318 [Thread-1545] INFO  impl.FollowerState (FollowerState.java:run(117)) - a36a670b-6f05-41e5-b505-2b1a8d9f1f79@group-129E33F6DE87-FollowerState was interrupted: java.lang.InterruptedException: sleep interrupted
2019-10-21 22:01:43,318 [grpc-default-executor-4] INFO  impl.RoleInfo (RoleInfo.java:updateAndGet(143)) - a36a670b-6f05-41e5-b505-2b1a8d9f1f79: start FollowerState
2019-10-21 22:01:43,318 [Thread-1544] INFO  impl.FollowerState (FollowerState.java:run(117)) - 756f57d6-6136-46f3-b5ea-af957dae1eda@group-129E33F6DE87-FollowerState was interrupted: java.lang.InterruptedException: sleep interrupted
2019-10-21 22:01:43,318 [grpc-default-executor-3] INFO  impl.RoleInfo (RoleInfo.java:updateAndGet(143)) - 756f57d6-6136-46f3-b5ea-af957dae1eda: start FollowerState
2019-10-21 22:01:43,324 [d2d0250e-a378-4f8a-a4ff-ce07d96628f4@group-129E33F6DE87-LeaderElection160] INFO  impl.LeaderElection (LeaderElection.java:logAndReturn(56)) - d2d0250e-a378-4f8a-a4ff-ce07d96628f4@group-129E33F6DE87-LeaderElection160: Election REJECTED; received 2 response(s) [d2d0250e-a378-4f8a-a4ff-ce07d96628f4<-756f57d6-6136-46f3-b5ea-af957dae1eda#0:FAIL-t144, d2d0250e-a378-4f8a-a4ff-ce07d96628f4<-a36a670b-6f05-41e5-b505-2b1a8d9f1f79#0:FAIL-t144] and 0 exception(s); d2d0250e-a378-4f8a-a4ff-ce07d96628f4@group-129E33F6DE87:t144, leader=null, voted=d2d0250e-a378-4f8a-a4ff-ce07d96628f4, raftlog=d2d0250e-a378-4f8a-a4ff-ce07d96628f4@group-129E33F6DE87-SegmentedRaftLog:OPENED:c-1,f-1,i0, conf=-1: [756f57d6-6136-46f3-b5ea-af957dae1eda:192.168.34.8:33063, d2d0250e-a378-4f8a-a4ff-ce07d96628f4:192.168.34.8:43170, a36a670b-6f05-41e5-b505-2b1a8d9f1f79:192.168.34.8:32869], old=null
2019-10-21 22:01:43,325 [d2d0250e-a378-4f8a-a4ff-ce07d96628f4@group-129E33F6DE87-LeaderElection160] INFO  impl.RaftServerImpl (RaftServerImpl.java:setRole(184)) - d2d0250e-a378-4f8a-a4ff-ce07d96628f4@group-129E33F6DE87: changes role from CANDIDATE to FOLLOWER at term 144 for DISCOVERED_A_NEW_TERM
2019-10-21 22:01:43,325 [d2d0250e-a378-4f8a-a4ff-ce07d96628f4@group-129E33F6DE87-LeaderElection160] INFO  impl.RoleInfo (RoleInfo.java:shutdownLeaderElection(134)) - d2d0250e-a378-4f8a-a4ff-ce07d96628f4: shutdown LeaderElection
2019-10-21 22:01:43,325 [d2d0250e-a378-4f8a-a4ff-ce07d96628f4@group-129E33F6DE87-LeaderElection160] INFO  impl.RoleInfo (RoleInfo.java:updateAndGet(143)) - d2d0250e-a378-4f8a-a4ff-ce07d96628f4: start FollowerState
2019-10-21 22:01:43,496 [Thread-1556] INFO  impl.FollowerState (FollowerState.java:run(108)) - d2d0250e-a378-4f8a-a4ff-ce07d96628f4@group-129E33F6DE87-FollowerState: change to CANDIDATE, lastRpcTime:171ms, electionTimeout:171ms
2019-10-21 22:01:43,496 [Thread-1556] INFO  impl.RoleInfo (RoleInfo.java:shutdownFollowerState(121)) - d2d0250e-a378-4f8a-a4ff-ce07d96628f4: shutdown FollowerState
2019-10-21 22:01:43,497 [Thread-1556] INFO  impl.RaftServerImpl (RaftServerImpl.java:setRole(184)) - d2d0250e-a378-4f8a-a4ff-ce07d96628f4@group-129E33F6DE87: changes role from  FOLLOWER to CANDIDATE at term 144 for changeToCandidate
2019-10-21 22:01:43,511 [Thread-1556] INFO  impl.RoleInfo (RoleInfo.java:updateAndGet(143)) - d2d0250e-a378-4f8a-a4ff-ce07d96628f4: start LeaderElection
2019-10-21 22:01:43,525 [d2d0250e-a378-4f8a-a4ff-ce07d96628f4@group-129E33F6DE87-LeaderElection161] INFO  impl.LeaderElection (LeaderElection.java:askForVotes(178)) - d2d0250e-a378-4f8a-a4ff-ce07d96628f4@group-129E33F6DE87-LeaderElection161: begin an election at term 145 for -1: [756f57d6-6136-46f3-b5ea-af957dae1eda:192.168.34.8:33063, d2d0250e-a378-4f8a-a4ff-ce07d96628f4:192.168.34.8:43170, a36a670b-6f05-41e5-b505-2b1a8d9f1f79:192.168.34.8:32869], old=null
2019-10-21 22:01:43,530 [grpc-default-executor-4] INFO  impl.RaftServerImpl (RaftServerImpl.java:setRole(184)) - a36a670b-6f05-41e5-b505-2b1a8d9f1f79@group-129E33F6DE87: changes role from  FOLLOWER to FOLLOWER at term 145 for recognizeCandidate:d2d0250e-a378-4f8a-a4ff-ce07d96628f4
2019-10-21 22:01:43,530 [grpc-default-executor-3] INFO  impl.RaftServerImpl (RaftServerImpl.java:setRole(184)) - 756f57d6-6136-46f3-b5ea-af957dae1eda@group-129E33F6DE87: changes role from  FOLLOWER to FOLLOWER at term 145 for recognizeCandidate:d2d0250e-a378-4f8a-a4ff-ce07d96628f4
2019-10-21 22:01:43,531 [grpc-default-executor-4] INFO  impl.RoleInfo (RoleInfo.java:shutdownFollowerState(121)) - a36a670b-6f05-41e5-b505-2b1a8d9f1f79: shutdown FollowerState
2019-10-21 22:01:43,531 [grpc-default-executor-3] INFO  impl.RoleInfo (RoleInfo.java:shutdownFollowerState(121)) - 756f57d6-6136-46f3-b5ea-af957dae1eda: shutdown FollowerState
2019-10-21 22:01:43,544 [grpc-default-executor-4] INFO  impl.RoleInfo (RoleInfo.java:updateAndGet(143)) - a36a670b-6f05-41e5-b505-2b1a8d9f1f79: start FollowerState
2019-10-21 22:01:43,544 [Thread-1554] INFO  impl.FollowerState (FollowerState.java:run(117)) - a36a670b-6f05-41e5-b505-2b1a8d9f1f79@group-129E33F6DE87-FollowerState was interrupted: java.lang.InterruptedException: sleep interrupted
2019-10-21 22:01:43,544 [Thread-1555] INFO  impl.FollowerState (FollowerState.java:run(117)) - 756f57d6-6136-46f3-b5ea-af957dae1eda@group-129E33F6DE87-FollowerState was interrupted: java.lang.InterruptedException: sleep interrupted
2019-10-21 22:01:43,544 [grpc-default-executor-3] INFO  impl.RoleInfo (RoleInfo.java:updateAndGet(143)) - 756f57d6-6136-46f3-b5ea-af957dae1eda: start FollowerState
2019-10-21 22:01:43,550 [d2d0250e-a378-4f8a-a4ff-ce07d96628f4@group-129E33F6DE87-LeaderElection161] INFO  impl.LeaderElection (LeaderElection.java:logAndReturn(56)) - d2d0250e-a378-4f8a-a4ff-ce07d96628f4@group-129E33F6DE87-LeaderElection161: Election TIMEOUT; received 0 response(s) [] and 0 exception(s); d2d0250e-a378-4f8a-a4ff-ce07d96628f4@group-129E33F6DE87:t145, leader=null, voted=d2d0250e-a378-4f8a-a4ff-ce07d96628f4, raftlog=d2d0250e-a378-4f8a-a4ff-ce07d96628f4@group-129E33F6DE87-SegmentedRaftLog:OPENED:c-1,f-1,i0, conf=-1: [756f57d6-6136-46f3-b5ea-af957dae1eda:192.168.34.8:33063, d2d0250e-a378-4f8a-a4ff-ce07d96628f4:192.168.34.8:43170, a36a670b-6f05-41e5-b505-2b1a8d9f1f79:192.168.34.8:32869], old=null
2019-10-21 22:01:43,579 [d2d0250e-a378-4f8a-a4ff-ce07d96628f4@group-129E33F6DE87-LeaderElection161] INFO  impl.LeaderElection (LeaderElection.java:askForVotes(178)) - d2d0250e-a378-4f8a-a4ff-ce07d96628f4@group-129E33F6DE87-LeaderElection161: begin an election at term 146 for -1: [756f57d6-6136-46f3-b5ea-af957dae1eda:192.168.34.8:33063, d2d0250e-a378-4f8a-a4ff-ce07d96628f4:192.168.34.8:43170, a36a670b-6f05-41e5-b505-2b1a8d9f1f79:192.168.34.8:32869], old=null
2019-10-21 22:01:43,589 [grpc-default-executor-4] INFO  impl.RaftServerImpl (RaftServerImpl.java:setRole(184)) - a36a670b-6f05-41e5-b505-2b1a8d9f1f79@group-129E33F6DE87: changes role from  FOLLOWER to FOLLOWER at term 146 for recognizeCandidate:d2d0250e-a378-4f8a-a4ff-ce07d96628f4
2019-10-21 22:01:43,589 [grpc-default-executor-3] INFO  impl.RaftServerImpl (RaftServerImpl.java:setRole(184)) - 756f57d6-6136-46f3-b5ea-af957dae1eda@group-129E33F6DE87: changes role from  FOLLOWER to FOLLOWER at term 146 for recognizeCandidate:d2d0250e-a378-4f8a-a4ff-ce07d96628f4
2019-10-21 22:01:43,589 [grpc-default-executor-4] INFO  impl.RoleInfo (RoleInfo.java:shutdownFollowerState(121)) - a36a670b-6f05-41e5-b505-2b1a8d9f1f79: shutdown FollowerState
2019-10-21 22:01:43,590 [grpc-default-executor-3] INFO  impl.RoleInfo (RoleInfo.java:shutdownFollowerState(121)) - 756f57d6-6136-46f3-b5ea-af957dae1eda: shutdown FollowerState
2019-10-21 22:01:43,591 [d2d0250e-a378-4f8a-a4ff-ce07d96628f4@group-129E33F6DE87-LeaderElection161] INFO  impl.LeaderElection (LeaderElection.java:logAndReturn(56)) - d2d0250e-a378-4f8a-a4ff-ce07d96628f4@group-129E33F6DE87-LeaderElection161: Election TIMEOUT; received 0 response(s) [] and 0 exception(s); d2d0250e-a378-4f8a-a4ff-ce07d96628f4@group-129E33F6DE87:t146, leader=null, voted=d2d0250e-a378-4f8a-a4ff-ce07d96628f4, raftlog=d2d0250e-a378-4f8a-a4ff-ce07d96628f4@group-129E33F6DE87-SegmentedRaftLog:OPENED:c-1,f-1,i0, conf=-1: [756f57d6-6136-46f3-b5ea-af957dae1eda:192.168.34.8:33063, d2d0250e-a378-4f8a-a4ff-ce07d96628f4:192.168.34.8:43170, a36a670b-6f05-41e5-b505-2b1a8d9f1f79:192.168.34.8:32869], old=null
2019-10-21 22:01:43,602 [grpc-default-executor-4] INFO  impl.RoleInfo (RoleInfo.java:updateAndGet(143)) - a36a670b-6f05-41e5-b505-2b1a8d9f1f79: start FollowerState
2019-10-21 22:01:43,602 [Thread-1563] INFO  impl.FollowerState (FollowerState.java:run(117)) - a36a670b-6f05-41e5-b505-2b1a8d9f1f79@group-129E33F6DE87-FollowerState was interrupted: java.lang.InterruptedException: sleep interrupted
2019-10-21 22:01:43,602 [grpc-default-executor-3] INFO  impl.RoleInfo (RoleInfo.java:updateAndGet(143)) - 756f57d6-6136-46f3-b5ea-af957dae1eda: start FollowerState
2019-10-21 22:01:43,602 [Thread-1562] INFO  impl.FollowerState (FollowerState.java:run(117)) - 756f57d6-6136-46f3-b5ea-af957dae1eda@group-129E33F6DE87-FollowerState was interrupted: java.lang.InterruptedException: sleep interrupted
2019-10-21 22:01:43,625 [d2d0250e-a378-4f8a-a4ff-ce07d96628f4@group-129E33F6DE87-LeaderElection161] INFO  impl.LeaderElection (LeaderElection.java:askForVotes(178)) - d2d0250e-a378-4f8a-a4ff-ce07d96628f4@group-129E33F6DE87-LeaderElection161: begin an election at term 147 for -1: [756f57d6-6136-46f3-b5ea-af957dae1eda:192.168.34.8:33063, d2d0250e-a378-4f8a-a4ff-ce07d96628f4:192.168.34.8:43170, a36a670b-6f05-41e5-b505-2b1a8d9f1f79:192.168.34.8:32869], old=null
2019-10-21 22:01:43,626 [grpc-default-executor-4] INFO  impl.RaftServerImpl (RaftServerImpl.java:setRole(184)) - 756f57d6-6136-46f3-b5ea-af957dae1eda@group-129E33F6DE87: changes role from  FOLLOWER to FOLLOWER at term 147 for recognizeCandidate:d2d0250e-a378-4f8a-a4ff-ce07d96628f4
2019-10-21 22:01:43,626 [grpc-default-executor-4] INFO  impl.RoleInfo (RoleInfo.java:shutdownFollowerState(121)) - 756f57d6-6136-46f3-b5ea-af957dae1eda: shutdown FollowerState
2019-10-21 22:01:43,626 [grpc-default-executor-4] INFO  impl.RoleInfo (RoleInfo.java:updateAndGet(143)) - 756f57d6-6136-46f3-b5ea-af957dae1eda: start FollowerState
2019-10-21 22:01:43,627 [Thread-1566] INFO  impl.FollowerState (FollowerState.java:run(117)) - 756f57d6-6136-46f3-b5ea-af957dae1eda@group-129E33F6DE87-FollowerState was interrupted: java.lang.InterruptedException: sleep interrupted
2019-10-21 22:01:43,627 [grpc-default-executor-3] INFO  impl.RaftServerImpl (RaftServerImpl.java:setRole(184)) - a36a670b-6f05-41e5-b505-2b1a8d9f1f79@group-129E33F6DE87: changes role from  FOLLOWER to FOLLOWER at term 147 for recognizeCandidate:d2d0250e-a378-4f8a-a4ff-ce07d96628f4
2019-10-21 22:01:43,627 [grpc-default-executor-3] INFO  impl.RoleInfo (RoleInfo.java:shutdownFollowerState(121)) - a36a670b-6f05-41e5-b505-2b1a8d9f1f79: shutdown FollowerState
2019-10-21 22:01:43,627 [grpc-default-executor-3] INFO  impl.RoleInfo (RoleInfo.java:updateAndGet(143)) - a36a670b-6f05-41e5-b505-2b1a8d9f1f79: start FollowerState
2019-10-21 22:01:43,627 [Thread-1567] INFO  impl.FollowerState (FollowerState.java:run(117)) - a36a670b-6f05-41e5-b505-2b1a8d9f1f79@group-129E33F6DE87-FollowerState was interrupted: java.lang.InterruptedException: sleep interrupted
2019-10-21 22:01:43,631 [d2d0250e-a378-4f8a-a4ff-ce07d96628f4@group-129E33F6DE87-LeaderElection161] INFO  impl.LeaderElection (LeaderElection.java:logAndReturn(56)) - d2d0250e-a378-4f8a-a4ff-ce07d96628f4@group-129E33F6DE87-LeaderElection161: Election REJECTED; received 2 response(s) [d2d0250e-a378-4f8a-a4ff-ce07d96628f4<-756f57d6-6136-46f3-b5ea-af957dae1eda#0:FAIL-t147, d2d0250e-a378-4f8a-a4ff-ce07d96628f4<-a36a670b-6f05-41e5-b505-2b1a8d9f1f79#0:FAIL-t147] and 0 exception(s); d2d0250e-a378-4f8a-a4ff-ce07d96628f4@group-129E33F6DE87:t147, leader=null, voted=d2d0250e-a378-4f8a-a4ff-ce07d96628f4, raftlog=d2d0250e-a378-4f8a-a4ff-ce07d96628f4@group-129E33F6DE87-SegmentedRaftLog:OPENED:c-1,f-1,i0, conf=-1: [756f57d6-6136-46f3-b5ea-af957dae1eda:192.168.34.8:33063, d2d0250e-a378-4f8a-a4ff-ce07d96628f4:192.168.34.8:43170, a36a670b-6f05-41e5-b505-2b1a8d9f1f79:192.168.34.8:32869], old=null
2019-10-21 22:01:43,631 [d2d0250e-a378-4f8a-a4ff-ce07d96628f4@group-129E33F6DE87-LeaderElection161] INFO  impl.RaftServerImpl (RaftServerImpl.java:setRole(184)) - d2d0250e-a378-4f8a-a4ff-ce07d96628f4@group-129E33F6DE87: changes role from CANDIDATE to FOLLOWER at term 147 for DISCOVERED_A_NEW_TERM
2019-10-21 22:01:43,632 [d2d0250e-a378-4f8a-a4ff-ce07d96628f4@group-129E33F6DE87-LeaderElection161] INFO  impl.RoleInfo (RoleInfo.java:shutdownLeaderElection(134)) - d2d0250e-a378-4f8a-a4ff-ce07d96628f4: shutdown LeaderElection
2019-10-21 22:01:43,632 [d2d0250e-a378-4f8a-a4ff-ce07d96628f4@group-129E33F6DE87-LeaderElection161] INFO  impl.RoleInfo (RoleInfo.java:updateAndGet(143)) - d2d0250e-a378-4f8a-a4ff-ce07d96628f4: start FollowerState
2019-10-21 22:01:43,706 [Thread-1572] INFO  impl.FollowerState (FollowerState.java:run(108)) - d2d0250e-a378-4f8a-a4ff-ce07d96628f4@group-129E33F6DE87-FollowerState: change to CANDIDATE, lastRpcTime:74ms, electionTimeout:74ms
2019-10-21 22:01:43,706 [Thread-1572] INFO  impl.RoleInfo (RoleInfo.java:shutdownFollowerState(121)) - d2d0250e-a378-4f8a-a4ff-ce07d96628f4: shutdown FollowerState
2019-10-21 22:01:43,706 [Thread-1572] INFO  impl.RaftServerImpl (RaftServerImpl.java:setRole(184)) - d2d0250e-a378-4f8a-a4ff-ce07d96628f4@group-129E33F6DE87: changes role from  FOLLOWER to CANDIDATE at term 147 for changeToCandidate
2019-10-21 22:01:43,706 [Thread-1572] INFO  impl.RoleInfo (RoleInfo.java:updateAndGet(143)) - d2d0250e-a378-4f8a-a4ff-ce07d96628f4: start LeaderElection
2019-10-21 22:01:43,712 [d2d0250e-a378-4f8a-a4ff-ce07d96628f4@group-129E33F6DE87-LeaderElection162] INFO  impl.LeaderElection (LeaderElection.java:askForVotes(178)) - d2d0250e-a378-4f8a-a4ff-ce07d96628f4@group-129E33F6DE87-LeaderElection162: begin an election at term 148 for -1: [756f57d6-6136-46f3-b5ea-af957dae1eda:192.168.34.8:33063, d2d0250e-a378-4f8a-a4ff-ce07d96628f4:192.168.34.8:43170, a36a670b-6f05-41e5-b505-2b1a8d9f1f79:192.168.34.8:32869], old=null
2019-10-21 22:01:43,715 [grpc-default-executor-4] INFO  impl.RaftServerImpl (RaftServerImpl.java:setRole(184)) - 756f57d6-6136-46f3-b5ea-af957dae1eda@group-129E33F6DE87: changes role from  FOLLOWER to FOLLOWER at term 148 for recognizeCandidate:d2d0250e-a378-4f8a-a4ff-ce07d96628f4
2019-10-21 22:01:43,715 [grpc-default-executor-4] INFO  impl.RoleInfo (RoleInfo.java:shutdownFollowerState(121)) - 756f57d6-6136-46f3-b5ea-af957dae1eda: shutdown FollowerState
2019-10-21 22:01:43,715 [grpc-default-executor-3] INFO  impl.RaftServerImpl (RaftServerImpl.java:setRole(184)) - a36a670b-6f05-41e5-b505-2b1a8d9f1f79@group-129E33F6DE87: changes role from  FOLLOWER to FOLLOWER at term 148 for recognizeCandidate:d2d0250e-a378-4f8a-a4ff-ce07d96628f4
2019-10-21 22:01:43,715 [grpc-default-executor-3] INFO  impl.RoleInfo (RoleInfo.java:shutdownFollowerState(121)) - a36a670b-6f05-41e5-b505-2b1a8d9f1f79: shutdown FollowerState
2019-10-21 22:01:43,715 [Thread-1570] INFO  impl.FollowerState (FollowerState.java:run(117)) - 756f57d6-6136-46f3-b5ea-af957dae1eda@group-129E33F6DE87-FollowerState was interrupted: java.lang.InterruptedException: sleep interrupted
2019-10-21 22:01:43,715 [grpc-default-executor-4] INFO  impl.RoleInfo (RoleInfo.java:updateAndGet(143)) - 756f57d6-6136-46f3-b5ea-af957dae1eda: start FollowerState
2019-10-21 22:01:43,715 [Thread-1571] INFO  impl.FollowerState (FollowerState.java:run(117)) - a36a670b-6f05-41e5-b505-2b1a8d9f1f79@group-129E33F6DE87-FollowerState was interrupted: java.lang.InterruptedException: sleep interrupted
2019-10-21 22:01:43,715 [grpc-default-executor-3] INFO  impl.RoleInfo (RoleInfo.java:updateAndGet(143)) - a36a670b-6f05-41e5-b505-2b1a8d9f1f79: start FollowerState
2019-10-21 22:01:43,783 [d2d0250e-a378-4f8a-a4ff-ce07d96628f4@group-129E33F6DE87-LeaderElection162] INFO  impl.LeaderElection (LeaderElection.java:logAndReturn(56)) - d2d0250e-a378-4f8a-a4ff-ce07d96628f4@group-129E33F6DE87-LeaderElection162: Election REJECTED; received 2 response(s) [d2d0250e-a378-4f8a-a4ff-ce07d96628f4<-756f57d6-6136-46f3-b5ea-af957dae1eda#0:FAIL-t148, d2d0250e-a378-4f8a-a4ff-ce07d96628f4<-a36a670b-6f05-41e5-b505-2b1a8d9f1f79#0:FAIL-t148] and 0 exception(s); d2d0250e-a378-4f8a-a4ff-ce07d96628f4@group-129E33F6DE87:t148, leader=null, voted=d2d0250e-a378-4f8a-a4ff-ce07d96628f4, raftlog=d2d0250e-a378-4f8a-a4ff-ce07d96628f4@group-129E33F6DE87-SegmentedRaftLog:OPENED:c-1,f-1,i0, conf=-1: [756f57d6-6136-46f3-b5ea-af957dae1eda:192.168.34.8:33063, d2d0250e-a378-4f8a-a4ff-ce07d96628f4:192.168.34.8:43170, a36a670b-6f05-41e5-b505-2b1a8d9f1f79:192.168.34.8:32869], old=null
2019-10-21 22:01:43,783 [d2d0250e-a378-4f8a-a4ff-ce07d96628f4@group-129E33F6DE87-LeaderElection162] INFO  impl.RaftServerImpl (RaftServerImpl.java:setRole(184)) - d2d0250e-a378-4f8a-a4ff-ce07d96628f4@group-129E33F6DE87: changes role from CANDIDATE to FOLLOWER at term 148 for DISCOVERED_A_NEW_TERM
2019-10-21 22:01:43,783 [d2d0250e-a378-4f8a-a4ff-ce07d96628f4@group-129E33F6DE87-LeaderElection162] INFO  impl.RoleInfo (RoleInfo.java:shutdownLeaderElection(134)) - d2d0250e-a378-4f8a-a4ff-ce07d96628f4: shutdown LeaderElection
2019-10-21 22:01:43,784 [d2d0250e-a378-4f8a-a4ff-ce07d96628f4@group-129E33F6DE87-LeaderElection162] INFO  impl.RoleInfo (RoleInfo.java:updateAndGet(143)) - d2d0250e-a378-4f8a-a4ff-ce07d96628f4: start FollowerState
2019-10-21 22:01:43,839 [Thread-1578] INFO  impl.FollowerState (FollowerState.java:run(108)) - d2d0250e-a378-4f8a-a4ff-ce07d96628f4@group-129E33F6DE87-FollowerState: change to CANDIDATE, lastRpcTime:55ms, electionTimeout:55ms
2019-10-21 22:01:43,839 [Thread-1578] INFO  impl.RoleInfo (RoleInfo.java:shutdownFollowerState(121)) - d2d0250e-a378-4f8a-a4ff-ce07d96628f4: shutdown FollowerState
2019-10-21 22:01:43,839 [Thread-1578] INFO  impl.RaftServerImpl (RaftServerImpl.java:setRole(184)) - d2d0250e-a378-4f8a-a4ff-ce07d96628f4@group-129E33F6DE87: changes role from  FOLLOWER to CANDIDATE at term 148 for changeToCandidate
2019-10-21 22:01:43,839 [Thread-1578] INFO  impl.RoleInfo (RoleInfo.java:updateAndGet(143)) - d2d0250e-a378-4f8a-a4ff-ce07d96628f4: start LeaderElection
2019-10-21 22:01:43,844 [d2d0250e-a378-4f8a-a4ff-ce07d96628f4@group-129E33F6DE87-LeaderElection163] INFO  impl.LeaderElection (LeaderElection.java:askForVotes(178)) - d2d0250e-a378-4f8a-a4ff-ce07d96628f4@group-129E33F6DE87-LeaderElection163: begin an election at term 149 for -1: [756f57d6-6136-46f3-b5ea-af957dae1eda:192.168.34.8:33063, d2d0250e-a378-4f8a-a4ff-ce07d96628f4:192.168.34.8:43170, a36a670b-6f05-41e5-b505-2b1a8d9f1f79:192.168.34.8:32869], old=null
2019-10-21 22:01:43,847 [grpc-default-executor-3] INFO  impl.RaftServerImpl (RaftServerImpl.java:setRole(184)) - a36a670b-6f05-41e5-b505-2b1a8d9f1f79@group-129E33F6DE87: changes role from  FOLLOWER to FOLLOWER at term 149 for recognizeCandidate:d2d0250e-a378-4f8a-a4ff-ce07d96628f4
2019-10-21 22:01:43,847 [grpc-default-executor-4] INFO  impl.RaftServerImpl (RaftServerImpl.java:setRole(184)) - 756f57d6-6136-46f3-b5ea-af957dae1eda@group-129E33F6DE87: changes role from  FOLLOWER to FOLLOWER at term 149 for recognizeCandidate:d2d0250e-a378-4f8a-a4ff-ce07d96628f4
2019-10-21 22:01:43,847 [grpc-default-executor-3] INFO  impl.RoleInfo (RoleInfo.java:shutdownFollowerState(121)) - a36a670b-6f05-41e5-b505-2b1a8d9f1f79: shutdown FollowerState
2019-10-21 22:01:43,847 [grpc-default-executor-4] INFO  impl.RoleInfo (RoleInfo.java:shutdownFollowerState(121)) - 756f57d6-6136-46f3-b5ea-af957dae1eda: shutdown FollowerState
2019-10-21 22:01:43,848 [grpc-default-executor-3] INFO  impl.RoleInfo (RoleInfo.java:updateAndGet(143)) - a36a670b-6f05-41e5-b505-2b1a8d9f1f79: start FollowerState
2019-10-21 22:01:43,848 [Thread-1577] INFO  impl.FollowerState (FollowerState.java:run(117)) - a36a670b-6f05-41e5-b505-2b1a8d9f1f79@group-129E33F6DE87-FollowerState was interrupted: java.lang.InterruptedException: sleep interrupted
2019-10-21 22:01:43,848 [grpc-default-executor-4] INFO  impl.RoleInfo (RoleInfo.java:updateAndGet(143)) - 756f57d6-6136-46f3-b5ea-af957dae1eda: start FollowerState
2019-10-21 22:01:43,848 [Thread-1576] INFO  impl.FollowerState (FollowerState.java:run(117)) - 756f57d6-6136-46f3-b5ea-af957dae1eda@group-129E33F6DE87-FollowerState was interrupted: java.lang.InterruptedException: sleep interrupted
2019-10-21 22:01:43,925 [d2d0250e-a378-4f8a-a4ff-ce07d96628f4@group-129E33F6DE87-LeaderElection163] INFO  impl.LeaderElection (LeaderElection.java:logAndReturn(56)) - d2d0250e-a378-4f8a-a4ff-ce07d96628f4@group-129E33F6DE87-LeaderElection163: Election TIMEOUT; received 0 response(s) [] and 0 exception(s); d2d0250e-a378-4f8a-a4ff-ce07d96628f4@group-129E33F6DE87:t149, leader=null, voted=d2d0250e-a378-4f8a-a4ff-ce07d96628f4, raftlog=d2d0250e-a378-4f8a-a4ff-ce07d96628f4@group-129E33F6DE87-SegmentedRaftLog:OPENED:c-1,f-1,i0, conf=-1: [756f57d6-6136-46f3-b5ea-af957dae1eda:192.168.34.8:33063, d2d0250e-a378-4f8a-a4ff-ce07d96628f4:192.168.34.8:43170, a36a670b-6f05-41e5-b505-2b1a8d9f1f79:192.168.34.8:32869], old=null
2019-10-21 22:01:43,929 [d2d0250e-a378-4f8a-a4ff-ce07d96628f4@group-129E33F6DE87-LeaderElection163] INFO  impl.LeaderElection (LeaderElection.java:askForVotes(178)) - d2d0250e-a378-4f8a-a4ff-ce07d96628f4@group-129E33F6DE87-LeaderElection163: begin an election at term 150 for -1: [756f57d6-6136-46f3-b5ea-af957dae1eda:192.168.34.8:33063, d2d0250e-a378-4f8a-a4ff-ce07d96628f4:192.168.34.8:43170, a36a670b-6f05-41e5-b505-2b1a8d9f1f79:192.168.34.8:32869], old=null
2019-10-21 22:01:43,931 [grpc-default-executor-4] INFO  impl.RaftServerImpl (RaftServerImpl.java:setRole(184)) - 756f57d6-6136-46f3-b5ea-af957dae1eda@group-129E33F6DE87: changes role from  FOLLOWER to FOLLOWER at term 150 for recognizeCandidate:d2d0250e-a378-4f8a-a4ff-ce07d96628f4
2019-10-21 22:01:43,932 [grpc-default-executor-4] INFO  impl.RoleInfo (RoleInfo.java:shutdownFollowerState(121)) - 756f57d6-6136-46f3-b5ea-af957dae1eda: shutdown FollowerState
2019-10-21 22:01:43,932 [grpc-default-executor-4] INFO  impl.RoleInfo (RoleInfo.java:updateAndGet(143)) - 756f57d6-6136-46f3-b5ea-af957dae1eda: start FollowerState
2019-10-21 22:01:43,932 [Thread-1583] INFO  impl.FollowerState (FollowerState.java:run(117)) - 756f57d6-6136-46f3-b5ea-af957dae1eda@group-129E33F6DE87-FollowerState was interrupted: java.lang.InterruptedException: sleep interrupted
2019-10-21 22:01:43,932 [grpc-default-executor-3] INFO  impl.RaftServerImpl (RaftServerImpl.java:setRole(184)) - a36a670b-6f05-41e5-b505-2b1a8d9f1f79@group-129E33F6DE87: changes role from  FOLLOWER to FOLLOWER at term 150 for recognizeCandidate:d2d0250e-a378-4f8a-a4ff-ce07d96628f4
2019-10-21 22:01:43,932 [grpc-default-executor-3] INFO  impl.RoleInfo (RoleInfo.java:shutdownFollowerState(121)) - a36a670b-6f05-41e5-b505-2b1a8d9f1f79: shutdown FollowerState
2019-10-21 22:01:43,932 [grpc-default-executor-3] INFO  impl.RoleInfo (RoleInfo.java:updateAndGet(143)) - a36a670b-6f05-41e5-b505-2b1a8d9f1f79: start FollowerState
2019-10-21 22:01:43,934 [Thread-1582] INFO  impl.FollowerState (FollowerState.java:run(117)) - a36a670b-6f05-41e5-b505-2b1a8d9f1f79@group-129E33F6DE87-FollowerState was interrupted: java.lang.InterruptedException: sleep interrupted
2019-10-21 22:01:43,960 [d2d0250e-a378-4f8a-a4ff-ce07d96628f4@group-129E33F6DE87-LeaderElection163] INFO  impl.LeaderElection (LeaderElection.java:logAndReturn(56)) - d2d0250e-a378-4f8a-a4ff-ce07d96628f4@group-129E33F6DE87-LeaderElection163: Election REJECTED; received 2 response(s) [d2d0250e-a378-4f8a-a4ff-ce07d96628f4<-756f57d6-6136-46f3-b5ea-af957dae1eda#0:FAIL-t150, d2d0250e-a378-4f8a-a4ff-ce07d96628f4<-a36a670b-6f05-41e5-b505-2b1a8d9f1f79#0:FAIL-t150] and 0 exception(s); d2d0250e-a378-4f8a-a4ff-ce07d96628f4@group-129E33F6DE87:t150, leader=null, voted=d2d0250e-a378-4f8a-a4ff-ce07d96628f4, raftlog=d2d0250e-a378-4f8a-a4ff-ce07d96628f4@group-129E33F6DE87-SegmentedRaftLog:OPENED:c-1,f-1,i0, conf=-1: [756f57d6-6136-46f3-b5ea-af957dae1eda:192.168.34.8:33063, d2d0250e-a378-4f8a-a4ff-ce07d96628f4:192.168.34.8:43170, a36a670b-6f05-41e5-b505-2b1a8d9f1f79:192.168.34.8:32869], old=null
2019-10-21 22:01:43,960 [d2d0250e-a378-4f8a-a4ff-ce07d96628f4@group-129E33F6DE87-LeaderElection163] INFO  impl.RaftServerImpl (RaftServerImpl.java:setRole(184)) - d2d0250e-a378-4f8a-a4ff-ce07d96628f4@group-129E33F6DE87: changes role from CANDIDATE to FOLLOWER at term 150 for DISCOVERED_A_NEW_TERM
2019-10-21 22:01:43,960 [d2d0250e-a378-4f8a-a4ff-ce07d96628f4@group-129E33F6DE87-LeaderElection163] INFO  impl.RoleInfo (RoleInfo.java:shutdownLeaderElection(134)) - d2d0250e-a378-4f8a-a4ff-ce07d96628f4: shutdown LeaderElection
2019-10-21 22:01:43,960 [d2d0250e-a378-4f8a-a4ff-ce07d96628f4@group-129E33F6DE87-LeaderElection163] INFO  impl.RoleInfo (RoleInfo.java:updateAndGet(143)) - d2d0250e-a378-4f8a-a4ff-ce07d96628f4: start FollowerState
2019-10-21 22:01:43,965 [Thread-1590] INFO  impl.FollowerState (FollowerState.java:run(108)) - d2d0250e-a378-4f8a-a4ff-ce07d96628f4@group-129E33F6DE87-FollowerState: change to CANDIDATE, lastRpcTime:5ms, electionTimeout:5ms
2019-10-21 22:01:43,966 [Thread-1590] INFO  impl.RoleInfo (RoleInfo.java:shutdownFollowerState(121)) - d2d0250e-a378-4f8a-a4ff-ce07d96628f4: shutdown FollowerState
2019-10-21 22:01:43,966 [Thread-1590] INFO  impl.RaftServerImpl (RaftServerImpl.java:setRole(184)) - d2d0250e-a378-4f8a-a4ff-ce07d96628f4@group-129E33F6DE87: changes role from  FOLLOWER to CANDIDATE at term 150 for changeToCandidate
2019-10-21 22:01:43,966 [Thread-1590] INFO  impl.RoleInfo (RoleInfo.java:updateAndGet(143)) - d2d0250e-a378-4f8a-a4ff-ce07d96628f4: start LeaderElection
2019-10-21 22:01:44,006 [d2d0250e-a378-4f8a-a4ff-ce07d96628f4@group-129E33F6DE87-LeaderElection164] INFO  impl.LeaderElection (LeaderElection.java:askForVotes(178)) - d2d0250e-a378-4f8a-a4ff-ce07d96628f4@group-129E33F6DE87-LeaderElection164: begin an election at term 151 for -1: [756f57d6-6136-46f3-b5ea-af957dae1eda:192.168.34.8:33063, d2d0250e-a378-4f8a-a4ff-ce07d96628f4:192.168.34.8:43170, a36a670b-6f05-41e5-b505-2b1a8d9f1f79:192.168.34.8:32869], old=null
2019-10-21 22:01:44,008 [grpc-default-executor-3] INFO  impl.RaftServerImpl (RaftServerImpl.java:setRole(184)) - a36a670b-6f05-41e5-b505-2b1a8d9f1f79@group-129E33F6DE87: changes role from  FOLLOWER to FOLLOWER at term 151 for recognizeCandidate:d2d0250e-a378-4f8a-a4ff-ce07d96628f4
2019-10-21 22:01:44,009 [grpc-default-executor-4] INFO  impl.RaftServerImpl (RaftServerImpl.java:setRole(184)) - 756f57d6-6136-46f3-b5ea-af957dae1eda@group-129E33F6DE87: changes role from  FOLLOWER to FOLLOWER at term 151 for recognizeCandidate:d2d0250e-a378-4f8a-a4ff-ce07d96628f4
2019-10-21 22:01:44,009 [grpc-default-executor-4] INFO  impl.RoleInfo (RoleInfo.java:shutdownFollowerState(121)) - 756f57d6-6136-46f3-b5ea-af957dae1eda: shutdown FollowerState
2019-10-21 22:01:44,009 [grpc-default-executor-3] INFO  impl.RoleInfo (RoleInfo.java:shutdownFollowerState(121)) - a36a670b-6f05-41e5-b505-2b1a8d9f1f79: shutdown FollowerState
2019-10-21 22:01:44,009 [Thread-1588] INFO  impl.FollowerState (FollowerState.java:run(117)) - 756f57d6-6136-46f3-b5ea-af957dae1eda@group-129E33F6DE87-FollowerState was interrupted: java.lang.InterruptedException: sleep interrupted
2019-10-21 22:01:44,009 [Thread-1589] INFO  impl.FollowerState (FollowerState.java:run(117)) - a36a670b-6f05-41e5-b505-2b1a8d9f1f79@group-129E33F6DE87-FollowerState was interrupted: java.lang.InterruptedException: sleep interrupted
2019-10-21 22:01:44,009 [grpc-default-executor-4] INFO  impl.RoleInfo (RoleInfo.java:updateAndGet(143)) - 756f57d6-6136-46f3-b5ea-af957dae1eda: start FollowerState
2019-10-21 22:01:44,009 [grpc-default-executor-3] INFO  impl.RoleInfo (RoleInfo.java:updateAndGet(143)) - a36a670b-6f05-41e5-b505-2b1a8d9f1f79: start FollowerState
2019-10-21 22:01:44,056 [d2d0250e-a378-4f8a-a4ff-ce07d96628f4@group-129E33F6DE87-LeaderElection164] INFO  impl.LeaderElection (LeaderElection.java:logAndReturn(56)) - d2d0250e-a378-4f8a-a4ff-ce07d96628f4@group-129E33F6DE87-LeaderElection164: Election REJECTED; received 2 response(s) [d2d0250e-a378-4f8a-a4ff-ce07d96628f4<-756f57d6-6136-46f3-b5ea-af957dae1eda#0:FAIL-t151, d2d0250e-a378-4f8a-a4ff-ce07d96628f4<-a36a670b-6f05-41e5-b505-2b1a8d9f1f79#0:FAIL-t151] and 0 exception(s); d2d0250e-a378-4f8a-a4ff-ce07d96628f4@group-129E33F6DE87:t151, leader=null, voted=d2d0250e-a378-4f8a-a4ff-ce07d96628f4, raftlog=d2d0250e-a378-4f8a-a4ff-ce07d96628f4@group-129E33F6DE87-SegmentedRaftLog:OPENED:c-1,f-1,i0, conf=-1: [756f57d6-6136-46f3-b5ea-af957dae1eda:192.168.34.8:33063, d2d0250e-a378-4f8a-a4ff-ce07d96628f4:192.168.34.8:43170, a36a670b-6f05-41e5-b505-2b1a8d9f1f79:192.168.34.8:32869], old=null
2019-10-21 22:01:44,057 [d2d0250e-a378-4f8a-a4ff-ce07d96628f4@group-129E33F6DE87-LeaderElection164] INFO  impl.RaftServerImpl (RaftServerImpl.java:setRole(184)) - d2d0250e-a378-4f8a-a4ff-ce07d96628f4@group-129E33F6DE87: changes role from CANDIDATE to FOLLOWER at term 151 for DISCOVERED_A_NEW_TERM
2019-10-21 22:01:44,057 [d2d0250e-a378-4f8a-a4ff-ce07d96628f4@group-129E33F6DE87-LeaderElection164] INFO  impl.RoleInfo (RoleInfo.java:shutdownLeaderElection(134)) - d2d0250e-a378-4f8a-a4ff-ce07d96628f4: shutdown LeaderElection
2019-10-21 22:01:44,057 [d2d0250e-a378-4f8a-a4ff-ce07d96628f4@group-129E33F6DE87-LeaderElection164] INFO  impl.RoleInfo (RoleInfo.java:updateAndGet(143)) - d2d0250e-a378-4f8a-a4ff-ce07d96628f4: start FollowerState
2019-10-21 22:01:44,213 [Thread-1596] INFO  impl.FollowerState (FollowerState.java:run(108)) - d2d0250e-a378-4f8a-a4ff-ce07d96628f4@group-129E33F6DE87-FollowerState: change to CANDIDATE, lastRpcTime:156ms, electionTimeout:156ms
2019-10-21 22:01:44,214 [Thread-1596] INFO  impl.RoleInfo (RoleInfo.java:shutdownFollowerState(121)) - d2d0250e-a378-4f8a-a4ff-ce07d96628f4: shutdown FollowerState
2019-10-21 22:01:44,214 [Thread-1596] INFO  impl.RaftServerImpl (RaftServerImpl.java:setRole(184)) - d2d0250e-a378-4f8a-a4ff-ce07d96628f4@group-129E33F6DE87: changes role from  FOLLOWER to CANDIDATE at term 151 for changeToCandidate
2019-10-21 22:01:44,214 [Thread-1596] INFO  impl.RoleInfo (RoleInfo.java:updateAndGet(143)) - d2d0250e-a378-4f8a-a4ff-ce07d96628f4: start LeaderElection
2019-10-21 22:01:44,248 [d2d0250e-a378-4f8a-a4ff-ce07d96628f4@group-129E33F6DE87-LeaderElection165] INFO  impl.LeaderElection (LeaderElection.java:askForVotes(178)) - d2d0250e-a378-4f8a-a4ff-ce07d96628f4@group-129E33F6DE87-LeaderElection165: begin an election at term 152 for -1: [756f57d6-6136-46f3-b5ea-af957dae1eda:192.168.34.8:33063, d2d0250e-a378-4f8a-a4ff-ce07d96628f4:192.168.34.8:43170, a36a670b-6f05-41e5-b505-2b1a8d9f1f79:192.168.34.8:32869], old=null
2019-10-21 22:01:44,250 [grpc-default-executor-3] INFO  impl.RaftServerImpl (RaftServerImpl.java:setRole(184)) - a36a670b-6f05-41e5-b505-2b1a8d9f1f79@group-129E33F6DE87: changes role from  FOLLOWER to FOLLOWER at term 152 for recognizeCandidate:d2d0250e-a378-4f8a-a4ff-ce07d96628f4
2019-10-21 22:01:44,250 [grpc-default-executor-3] INFO  impl.RoleInfo (RoleInfo.java:shutdownFollowerState(121)) - a36a670b-6f05-41e5-b505-2b1a8d9f1f79: shutdown FollowerState
2019-10-21 22:01:44,250 [grpc-default-executor-3] INFO  impl.RoleInfo (RoleInfo.java:updateAndGet(143)) - a36a670b-6f05-41e5-b505-2b1a8d9f1f79: start FollowerState
2019-10-21 22:01:44,250 [Thread-1595] INFO  impl.FollowerState (FollowerState.java:run(117)) - a36a670b-6f05-41e5-b505-2b1a8d9f1f79@group-129E33F6DE87-FollowerState was interrupted: java.lang.InterruptedException: sleep interrupted
2019-10-21 22:01:44,250 [grpc-default-executor-4] INFO  impl.RaftServerImpl (RaftServerImpl.java:setRole(184)) - 756f57d6-6136-46f3-b5ea-af957dae1eda@group-129E33F6DE87: changes role from  FOLLOWER to FOLLOWER at term 152 for recognizeCandidate:d2d0250e-a378-4f8a-a4ff-ce07d96628f4
2019-10-21 22:01:44,251 [grpc-default-executor-4] INFO  impl.RoleInfo (RoleInfo.java:shutdownFollowerState(121)) - 756f57d6-6136-46f3-b5ea-af957dae1eda: shutdown FollowerState
2019-10-21 22:01:44,251 [grpc-default-executor-4] INFO  impl.RoleInfo (RoleInfo.java:updateAndGet(143)) - 756f57d6-6136-46f3-b5ea-af957dae1eda: start FollowerState
2019-10-21 22:01:44,251 [Thread-1594] INFO  impl.FollowerState (FollowerState.java:run(117)) - 756f57d6-6136-46f3-b5ea-af957dae1eda@group-129E33F6DE87-FollowerState was interrupted: java.lang.InterruptedException: sleep interrupted
2019-10-21 22:01:44,261 [d2d0250e-a378-4f8a-a4ff-ce07d96628f4@group-129E33F6DE87-LeaderElection165] INFO  impl.LeaderElection (LeaderElection.java:logAndReturn(56)) - d2d0250e-a378-4f8a-a4ff-ce07d96628f4@group-129E33F6DE87-LeaderElection165: Election REJECTED; received 2 response(s) [d2d0250e-a378-4f8a-a4ff-ce07d96628f4<-756f57d6-6136-46f3-b5ea-af957dae1eda#0:FAIL-t152, d2d0250e-a378-4f8a-a4ff-ce07d96628f4<-a36a670b-6f05-41e5-b505-2b1a8d9f1f79#0:FAIL-t152] and 0 exception(s); d2d0250e-a378-4f8a-a4ff-ce07d96628f4@group-129E33F6DE87:t152, leader=null, voted=d2d0250e-a378-4f8a-a4ff-ce07d96628f4, raftlog=d2d0250e-a378-4f8a-a4ff-ce07d96628f4@group-129E33F6DE87-SegmentedRaftLog:OPENED:c-1,f-1,i0, conf=-1: [756f57d6-6136-46f3-b5ea-af957dae1eda:192.168.34.8:33063, d2d0250e-a378-4f8a-a4ff-ce07d96628f4:192.168.34.8:43170, a36a670b-6f05-41e5-b505-2b1a8d9f1f79:192.168.34.8:32869], old=null
2019-10-21 22:01:44,261 [d2d0250e-a378-4f8a-a4ff-ce07d96628f4@group-129E33F6DE87-LeaderElection165] INFO  impl.RaftServerImpl (RaftServerImpl.java:setRole(184)) - d2d0250e-a378-4f8a-a4ff-ce07d96628f4@group-129E33F6DE87: changes role from CANDIDATE to FOLLOWER at term 152 for DISCOVERED_A_NEW_TERM
2019-10-21 22:01:44,261 [d2d0250e-a378-4f8a-a4ff-ce07d96628f4@group-129E33F6DE87-LeaderElection165] INFO  impl.RoleInfo (RoleInfo.java:shutdownLeaderElection(134)) - d2d0250e-a378-4f8a-a4ff-ce07d96628f4: shutdown LeaderElection
2019-10-21 22:01:44,261 [d2d0250e-a378-4f8a-a4ff-ce07d96628f4@group-129E33F6DE87-LeaderElection165] INFO  impl.RoleInfo (RoleInfo.java:updateAndGet(143)) - d2d0250e-a378-4f8a-a4ff-ce07d96628f4: start FollowerState
2019-10-21 22:01:44,283 [Thread-1602] INFO  impl.FollowerState (FollowerState.java:run(108)) - d2d0250e-a378-4f8a-a4ff-ce07d96628f4@group-129E33F6DE87-FollowerState: change to CANDIDATE, lastRpcTime:21ms, electionTimeout:21ms
2019-10-21 22:01:44,283 [Thread-1602] INFO  impl.RoleInfo (RoleInfo.java:shutdownFollowerState(121)) - d2d0250e-a378-4f8a-a4ff-ce07d96628f4: shutdown FollowerState
2019-10-21 22:01:44,283 [Thread-1602] INFO  impl.RaftServerImpl (RaftServerImpl.java:setRole(184)) - d2d0250e-a378-4f8a-a4ff-ce07d96628f4@group-129E33F6DE87: changes role from  FOLLOWER to CANDIDATE at term 152 for changeToCandidate
2019-10-21 22:01:44,283 [Thread-1602] INFO  impl.RoleInfo (RoleInfo.java:updateAndGet(143)) - d2d0250e-a378-4f8a-a4ff-ce07d96628f4: start LeaderElection
2019-10-21 22:01:44,338 [d2d0250e-a378-4f8a-a4ff-ce07d96628f4@group-129E33F6DE87-LeaderElection166] INFO  impl.LeaderElection (LeaderElection.java:askForVotes(178)) - d2d0250e-a378-4f8a-a4ff-ce07d96628f4@group-129E33F6DE87-LeaderElection166: begin an election at term 153 for -1: [756f57d6-6136-46f3-b5ea-af957dae1eda:192.168.34.8:33063, d2d0250e-a378-4f8a-a4ff-ce07d96628f4:192.168.34.8:43170, a36a670b-6f05-41e5-b505-2b1a8d9f1f79:192.168.34.8:32869], old=null
2019-10-21 22:01:44,340 [Thread-1550] INFO  impl.FollowerState (FollowerState.java:run(108)) - e152cc11-8922-4c62-a829-a835e5f58570@group-6834AB77F819-FollowerState: change to CANDIDATE, lastRpcTime:1127ms, electionTimeout:1127ms
2019-10-21 22:01:44,340 [Thread-1550] INFO  impl.RoleInfo (RoleInfo.java:shutdownFollowerState(121)) - e152cc11-8922-4c62-a829-a835e5f58570: shutdown FollowerState
2019-10-21 22:01:44,340 [Thread-1550] INFO  impl.RaftServerImpl (RaftServerImpl.java:setRole(184)) - e152cc11-8922-4c62-a829-a835e5f58570@group-6834AB77F819: changes role from  FOLLOWER to CANDIDATE at term 9 for changeToCandidate
2019-10-21 22:01:44,341 [grpc-default-executor-3] INFO  impl.RaftServerImpl (RaftServerImpl.java:setRole(184)) - a36a670b-6f05-41e5-b505-2b1a8d9f1f79@group-129E33F6DE87: changes role from  FOLLOWER to FOLLOWER at term 153 for recognizeCandidate:d2d0250e-a378-4f8a-a4ff-ce07d96628f4
2019-10-21 22:01:44,341 [grpc-default-executor-3] INFO  impl.RoleInfo (RoleInfo.java:shutdownFollowerState(121)) - a36a670b-6f05-41e5-b505-2b1a8d9f1f79: shutdown FollowerState
2019-10-21 22:01:44,341 [Thread-1550] INFO  impl.RoleInfo (RoleInfo.java:updateAndGet(143)) - e152cc11-8922-4c62-a829-a835e5f58570: start LeaderElection
2019-10-21 22:01:44,341 [grpc-default-executor-4] INFO  impl.RaftServerImpl (RaftServerImpl.java:setRole(184)) - 756f57d6-6136-46f3-b5ea-af957dae1eda@group-129E33F6DE87: changes role from  FOLLOWER to FOLLOWER at term 153 for recognizeCandidate:d2d0250e-a378-4f8a-a4ff-ce07d96628f4
2019-10-21 22:01:44,341 [Thread-1600] INFO  impl.FollowerState (FollowerState.java:run(117)) - a36a670b-6f05-41e5-b505-2b1a8d9f1f79@group-129E33F6DE87-FollowerState was interrupted: java.lang.InterruptedException: sleep interrupted
2019-10-21 22:01:44,341 [grpc-default-executor-3] INFO  impl.RoleInfo (RoleInfo.java:updateAndGet(143)) - a36a670b-6f05-41e5-b505-2b1a8d9f1f79: start FollowerState
2019-10-21 22:01:44,341 [grpc-default-executor-4] INFO  impl.RoleInfo (RoleInfo.java:shutdownFollowerState(121)) - 756f57d6-6136-46f3-b5ea-af957dae1eda: shutdown FollowerState
2019-10-21 22:01:44,342 [grpc-default-executor-4] INFO  impl.RoleInfo (RoleInfo.java:updateAndGet(143)) - 756f57d6-6136-46f3-b5ea-af957dae1eda: start FollowerState
2019-10-21 22:01:44,342 [Thread-1601] INFO  impl.FollowerState (FollowerState.java:run(117)) - 756f57d6-6136-46f3-b5ea-af957dae1eda@group-129E33F6DE87-FollowerState was interrupted: java.lang.InterruptedException: sleep interrupted
2019-10-21 22:01:44,374 [e152cc11-8922-4c62-a829-a835e5f58570@group-6834AB77F819-LeaderElection167] INFO  impl.LeaderElection (LeaderElection.java:askForVotes(178)) - e152cc11-8922-4c62-a829-a835e5f58570@group-6834AB77F819-LeaderElection167: begin an election at term 10 for 1: [e152cc11-8922-4c62-a829-a835e5f58570:192.168.34.8:34707, 0edd2ec6-20bf-4809-95ac-80dc11748221:192.168.34.8:43533, 28432215-63ab-4c85-86e9-79fb72521e72:192.168.34.8:33589], old=null
2019-10-21 22:01:44,375 [d2d0250e-a378-4f8a-a4ff-ce07d96628f4@group-129E33F6DE87-LeaderElection166] INFO  impl.LeaderElection (LeaderElection.java:logAndReturn(56)) - d2d0250e-a378-4f8a-a4ff-ce07d96628f4@group-129E33F6DE87-LeaderElection166: Election TIMEOUT; received 1 response(s) [d2d0250e-a378-4f8a-a4ff-ce07d96628f4<-a36a670b-6f05-41e5-b505-2b1a8d9f1f79#0:FAIL-t153] and 0 exception(s); d2d0250e-a378-4f8a-a4ff-ce07d96628f4@group-129E33F6DE87:t153, leader=null, voted=d2d0250e-a378-4f8a-a4ff-ce07d96628f4, raftlog=d2d0250e-a378-4f8a-a4ff-ce07d96628f4@group-129E33F6DE87-SegmentedRaftLog:OPENED:c-1,f-1,i0, conf=-1: [756f57d6-6136-46f3-b5ea-af957dae1eda:192.168.34.8:33063, d2d0250e-a378-4f8a-a4ff-ce07d96628f4:192.168.34.8:43170, a36a670b-6f05-41e5-b505-2b1a8d9f1f79:192.168.34.8:32869], old=null
2019-10-21 22:01:44,375 [e152cc11-8922-4c62-a829-a835e5f58570@group-6834AB77F819-LeaderElection167] INFO  impl.LeaderElection (LogUtils.java:infoOrTrace(149)) - e152cc11-8922-4c62-a829-a835e5f58570@group-6834AB77F819-LeaderElection167 got exception when requesting votes: {}
java.util.concurrent.ExecutionException: org.apache.ratis.thirdparty.io.grpc.StatusRuntimeException: UNAVAILABLE: io exception
	at java.util.concurrent.FutureTask.report(FutureTask.java:122)
	at java.util.concurrent.FutureTask.get(FutureTask.java:192)
	at org.apache.ratis.server.impl.LeaderElection.waitForResults(LeaderElection.java:259)
	at org.apache.ratis.server.impl.LeaderElection.askForVotes(LeaderElection.java:197)
	at org.apache.ratis.server.impl.LeaderElection.run(LeaderElection.java:133)
	at java.lang.Thread.run(Thread.java:748)
Caused by: org.apache.ratis.thirdparty.io.grpc.StatusRuntimeException: UNAVAILABLE: io exception
	at org.apache.ratis.thirdparty.io.grpc.stub.ClientCalls.toStatusRuntimeException(ClientCalls.java:233)
	at org.apache.ratis.thirdparty.io.grpc.stub.ClientCalls.getUnchecked(ClientCalls.java:214)
	at org.apache.ratis.thirdparty.io.grpc.stub.ClientCalls.blockingUnaryCall(ClientCalls.java:139)
	at org.apache.ratis.proto.grpc.RaftServerProtocolServiceGrpc$RaftServerProtocolServiceBlockingStub.requestVote(RaftServerProtocolServiceGrpc.java:265)
	at org.apache.ratis.grpc.server.GrpcServerProtocolClient.requestVote(GrpcServerProtocolClient.java:99)
	at org.apache.ratis.grpc.server.GrpcService.requestVote(GrpcService.java:204)
	at org.apache.ratis.server.impl.LeaderElection.lambda$submitRequests$1(LeaderElection.java:234)
	at java.util.concurrent.FutureTask.run(FutureTask.java:266)
	at java.util.concurrent.Executors$RunnableAdapter.call(Executors.java:511)
	at java.util.concurrent.FutureTask.run(FutureTask.java:266)
	at java.util.concurrent.ThreadPoolExecutor.runWorker(ThreadPoolExecutor.java:1149)
	at java.util.concurrent.ThreadPoolExecutor$Worker.run(ThreadPoolExecutor.java:624)
	... 1 more
Caused by: org.apache.ratis.thirdparty.io.netty.channel.AbstractChannel$AnnotatedConnectException: Connection refused: /192.168.34.8:43533
	at sun.nio.ch.SocketChannelImpl.checkConnect(Native Method)
	at sun.nio.ch.SocketChannelImpl.finishConnect(SocketChannelImpl.java:717)
	at org.apache.ratis.thirdparty.io.netty.channel.socket.nio.NioSocketChannel.doFinishConnect(NioSocketChannel.java:327)
	at org.apache.ratis.thirdparty.io.netty.channel.nio.AbstractNioChannel$AbstractNioUnsafe.finishConnect(AbstractNioChannel.java:340)
	at org.apache.ratis.thirdparty.io.netty.channel.nio.NioEventLoop.processSelectedKey(NioEventLoop.java:632)
	at org.apache.ratis.thirdparty.io.netty.channel.nio.NioEventLoop.processSelectedKeysOptimized(NioEventLoop.java:579)
	at org.apache.ratis.thirdparty.io.netty.channel.nio.NioEventLoop.processSelectedKeys(NioEventLoop.java:496)
	at org.apache.ratis.thirdparty.io.netty.channel.nio.NioEventLoop.run(NioEventLoop.java:458)
	at org.apache.ratis.thirdparty.io.netty.util.concurrent.SingleThreadEventExecutor$5.run(SingleThreadEventExecutor.java:897)
	at org.apache.ratis.thirdparty.io.netty.util.concurrent.FastThreadLocalRunnable.run(FastThreadLocalRunnable.java:30)
	... 1 more
Caused by: java.net.ConnectException: Connection refused
	... 11 more
2019-10-21 22:01:44,379 [e152cc11-8922-4c62-a829-a835e5f58570@group-6834AB77F819-LeaderElection167] INFO  impl.LeaderElection (LogUtils.java:infoOrTrace(149)) - e152cc11-8922-4c62-a829-a835e5f58570@group-6834AB77F819-LeaderElection167 got exception when requesting votes: {}
java.util.concurrent.ExecutionException: org.apache.ratis.thirdparty.io.grpc.StatusRuntimeException: UNAVAILABLE: io exception
	at java.util.concurrent.FutureTask.report(FutureTask.java:122)
	at java.util.concurrent.FutureTask.get(FutureTask.java:192)
	at org.apache.ratis.server.impl.LeaderElection.waitForResults(LeaderElection.java:259)
	at org.apache.ratis.server.impl.LeaderElection.askForVotes(LeaderElection.java:197)
	at org.apache.ratis.server.impl.LeaderElection.run(LeaderElection.java:133)
	at java.lang.Thread.run(Thread.java:748)
Caused by: org.apache.ratis.thirdparty.io.grpc.StatusRuntimeException: UNAVAILABLE: io exception
	at org.apache.ratis.thirdparty.io.grpc.stub.ClientCalls.toStatusRuntimeException(ClientCalls.java:233)
	at org.apache.ratis.thirdparty.io.grpc.stub.ClientCalls.getUnchecked(ClientCalls.java:214)
	at org.apache.ratis.thirdparty.io.grpc.stub.ClientCalls.blockingUnaryCall(ClientCalls.java:139)
	at org.apache.ratis.proto.grpc.RaftServerProtocolServiceGrpc$RaftServerProtocolServiceBlockingStub.requestVote(RaftServerProtocolServiceGrpc.java:265)
	at org.apache.ratis.grpc.server.GrpcServerProtocolClient.requestVote(GrpcServerProtocolClient.java:99)
	at org.apache.ratis.grpc.server.GrpcService.requestVote(GrpcService.java:204)
	at org.apache.ratis.server.impl.LeaderElection.lambda$submitRequests$1(LeaderElection.java:234)
	at java.util.concurrent.FutureTask.run(FutureTask.java:266)
	at java.util.concurrent.Executors$RunnableAdapter.call(Executors.java:511)
	at java.util.concurrent.FutureTask.run(FutureTask.java:266)
	at java.util.concurrent.ThreadPoolExecutor.runWorker(ThreadPoolExecutor.java:1149)
	at java.util.concurrent.ThreadPoolExecutor$Worker.run(ThreadPoolExecutor.java:624)
	... 1 more
Caused by: org.apache.ratis.thirdparty.io.netty.channel.AbstractChannel$AnnotatedConnectException: Connection refused: /192.168.34.8:33589
	at sun.nio.ch.SocketChannelImpl.checkConnect(Native Method)
	at sun.nio.ch.SocketChannelImpl.finishConnect(SocketChannelImpl.java:717)
	at org.apache.ratis.thirdparty.io.netty.channel.socket.nio.NioSocketChannel.doFinishConnect(NioSocketChannel.java:327)
	at org.apache.ratis.thirdparty.io.netty.channel.nio.AbstractNioChannel$AbstractNioUnsafe.finishConnect(AbstractNioChannel.java:340)
	at org.apache.ratis.thirdparty.io.netty.channel.nio.NioEventLoop.processSelectedKey(NioEventLoop.java:632)
	at org.apache.ratis.thirdparty.io.netty.channel.nio.NioEventLoop.processSelectedKeysOptimized(NioEventLoop.java:579)
	at org.apache.ratis.thirdparty.io.netty.channel.nio.NioEventLoop.processSelectedKeys(NioEventLoop.java:496)
	at org.apache.ratis.thirdparty.io.netty.channel.nio.NioEventLoop.run(NioEventLoop.java:458)
	at org.apache.ratis.thirdparty.io.netty.util.concurrent.SingleThreadEventExecutor$5.run(SingleThreadEventExecutor.java:897)
	at org.apache.ratis.thirdparty.io.netty.util.concurrent.FastThreadLocalRunnable.run(FastThreadLocalRunnable.java:30)
	... 1 more
Caused by: java.net.ConnectException: Connection refused
	... 11 more
2019-10-21 22:01:44,381 [e152cc11-8922-4c62-a829-a835e5f58570@group-6834AB77F819-LeaderElection167] INFO  impl.LeaderElection (LeaderElection.java:logAndReturn(56)) - e152cc11-8922-4c62-a829-a835e5f58570@group-6834AB77F819-LeaderElection167: Election REJECTED; received 0 response(s) [] and 2 exception(s); e152cc11-8922-4c62-a829-a835e5f58570@group-6834AB77F819:t10, leader=null, voted=e152cc11-8922-4c62-a829-a835e5f58570, raftlog=e152cc11-8922-4c62-a829-a835e5f58570@group-6834AB77F819-SegmentedRaftLog:OPENED:c6,f6,i6, conf=1: [e152cc11-8922-4c62-a829-a835e5f58570:192.168.34.8:34707, 0edd2ec6-20bf-4809-95ac-80dc11748221:192.168.34.8:43533, 28432215-63ab-4c85-86e9-79fb72521e72:192.168.34.8:33589], old=null
2019-10-21 22:01:44,381 [e152cc11-8922-4c62-a829-a835e5f58570@group-6834AB77F819-LeaderElection167] INFO  impl.LeaderElection (LogUtils.java:infoOrTrace(149)) -   Exception 0: {}
java.util.concurrent.ExecutionException: org.apache.ratis.thirdparty.io.grpc.StatusRuntimeException: UNAVAILABLE: io exception
	at java.util.concurrent.FutureTask.report(FutureTask.java:122)
	at java.util.concurrent.FutureTask.get(FutureTask.java:192)
	at org.apache.ratis.server.impl.LeaderElection.waitForResults(LeaderElection.java:259)
	at org.apache.ratis.server.impl.LeaderElection.askForVotes(LeaderElection.java:197)
	at org.apache.ratis.server.impl.LeaderElection.run(LeaderElection.java:133)
	at java.lang.Thread.run(Thread.java:748)
Caused by: org.apache.ratis.thirdparty.io.grpc.StatusRuntimeException: UNAVAILABLE: io exception
	at org.apache.ratis.thirdparty.io.grpc.stub.ClientCalls.toStatusRuntimeException(ClientCalls.java:233)
	at org.apache.ratis.thirdparty.io.grpc.stub.ClientCalls.getUnchecked(ClientCalls.java:214)
	at org.apache.ratis.thirdparty.io.grpc.stub.ClientCalls.blockingUnaryCall(ClientCalls.java:139)
	at org.apache.ratis.proto.grpc.RaftServerProtocolServiceGrpc$RaftServerProtocolServiceBlockingStub.requestVote(RaftServerProtocolServiceGrpc.java:265)
	at org.apache.ratis.grpc.server.GrpcServerProtocolClient.requestVote(GrpcServerProtocolClient.java:99)
	at org.apache.ratis.grpc.server.GrpcService.requestVote(GrpcService.java:204)
	at org.apache.ratis.server.impl.LeaderElection.lambda$submitRequests$1(LeaderElection.java:234)
	at java.util.concurrent.FutureTask.run(FutureTask.java:266)
	at java.util.concurrent.Executors$RunnableAdapter.call(Executors.java:511)
	at java.util.concurrent.FutureTask.run(FutureTask.java:266)
	at java.util.concurrent.ThreadPoolExecutor.runWorker(ThreadPoolExecutor.java:1149)
	at java.util.concurrent.ThreadPoolExecutor$Worker.run(ThreadPoolExecutor.java:624)
	... 1 more
Caused by: org.apache.ratis.thirdparty.io.netty.channel.AbstractChannel$AnnotatedConnectException: Connection refused: /192.168.34.8:43533
	at sun.nio.ch.SocketChannelImpl.checkConnect(Native Method)
	at sun.nio.ch.SocketChannelImpl.finishConnect(SocketChannelImpl.java:717)
	at org.apache.ratis.thirdparty.io.netty.channel.socket.nio.NioSocketChannel.doFinishConnect(NioSocketChannel.java:327)
	at org.apache.ratis.thirdparty.io.netty.channel.nio.AbstractNioChannel$AbstractNioUnsafe.finishConnect(AbstractNioChannel.java:340)
	at org.apache.ratis.thirdparty.io.netty.channel.nio.NioEventLoop.processSelectedKey(NioEventLoop.java:632)
	at org.apache.ratis.thirdparty.io.netty.channel.nio.NioEventLoop.processSelectedKeysOptimized(NioEventLoop.java:579)
	at org.apache.ratis.thirdparty.io.netty.channel.nio.NioEventLoop.processSelectedKeys(NioEventLoop.java:496)
	at org.apache.ratis.thirdparty.io.netty.channel.nio.NioEventLoop.run(NioEventLoop.java:458)
	at org.apache.ratis.thirdparty.io.netty.util.concurrent.SingleThreadEventExecutor$5.run(SingleThreadEventExecutor.java:897)
	at org.apache.ratis.thirdparty.io.netty.util.concurrent.FastThreadLocalRunnable.run(FastThreadLocalRunnable.java:30)
	... 1 more
Caused by: java.net.ConnectException: Connection refused
	... 11 more
2019-10-21 22:01:44,382 [d2d0250e-a378-4f8a-a4ff-ce07d96628f4@group-129E33F6DE87-LeaderElection166] INFO  impl.LeaderElection (LeaderElection.java:askForVotes(178)) - d2d0250e-a378-4f8a-a4ff-ce07d96628f4@group-129E33F6DE87-LeaderElection166: begin an election at term 154 for -1: [756f57d6-6136-46f3-b5ea-af957dae1eda:192.168.34.8:33063, d2d0250e-a378-4f8a-a4ff-ce07d96628f4:192.168.34.8:43170, a36a670b-6f05-41e5-b505-2b1a8d9f1f79:192.168.34.8:32869], old=null
2019-10-21 22:01:44,382 [e152cc11-8922-4c62-a829-a835e5f58570@group-6834AB77F819-LeaderElection167] INFO  impl.LeaderElection (LogUtils.java:infoOrTrace(149)) -   Exception 1: {}
java.util.concurrent.ExecutionException: org.apache.ratis.thirdparty.io.grpc.StatusRuntimeException: UNAVAILABLE: io exception
	at java.util.concurrent.FutureTask.report(FutureTask.java:122)
	at java.util.concurrent.FutureTask.get(FutureTask.java:192)
	at org.apache.ratis.server.impl.LeaderElection.waitForResults(LeaderElection.java:259)
	at org.apache.ratis.server.impl.LeaderElection.askForVotes(LeaderElection.java:197)
	at org.apache.ratis.server.impl.LeaderElection.run(LeaderElection.java:133)
	at java.lang.Thread.run(Thread.java:748)
Caused by: org.apache.ratis.thirdparty.io.grpc.StatusRuntimeException: UNAVAILABLE: io exception
	at org.apache.ratis.thirdparty.io.grpc.stub.ClientCalls.toStatusRuntimeException(ClientCalls.java:233)
	at org.apache.ratis.thirdparty.io.grpc.stub.ClientCalls.getUnchecked(ClientCalls.java:214)
	at org.apache.ratis.thirdparty.io.grpc.stub.ClientCalls.blockingUnaryCall(ClientCalls.java:139)
	at org.apache.ratis.proto.grpc.RaftServerProtocolServiceGrpc$RaftServerProtocolServiceBlockingStub.requestVote(RaftServerProtocolServiceGrpc.java:265)
	at org.apache.ratis.grpc.server.GrpcServerProtocolClient.requestVote(GrpcServerProtocolClient.java:99)
	at org.apache.ratis.grpc.server.GrpcService.requestVote(GrpcService.java:204)
	at org.apache.ratis.server.impl.LeaderElection.lambda$submitRequests$1(LeaderElection.java:234)
	at java.util.concurrent.FutureTask.run(FutureTask.java:266)
	at java.util.concurrent.Executors$RunnableAdapter.call(Executors.java:511)
	at java.util.concurrent.FutureTask.run(FutureTask.java:266)
	at java.util.concurrent.ThreadPoolExecutor.runWorker(ThreadPoolExecutor.java:1149)
	at java.util.concurrent.ThreadPoolExecutor$Worker.run(ThreadPoolExecutor.java:624)
	... 1 more
Caused by: org.apache.ratis.thirdparty.io.netty.channel.AbstractChannel$AnnotatedConnectException: Connection refused: /192.168.34.8:33589
	at sun.nio.ch.SocketChannelImpl.checkConnect(Native Method)
	at sun.nio.ch.SocketChannelImpl.finishConnect(SocketChannelImpl.java:717)
	at org.apache.ratis.thirdparty.io.netty.channel.socket.nio.NioSocketChannel.doFinishConnect(NioSocketChannel.java:327)
	at org.apache.ratis.thirdparty.io.netty.channel.nio.AbstractNioChannel$AbstractNioUnsafe.finishConnect(AbstractNioChannel.java:340)
	at org.apache.ratis.thirdparty.io.netty.channel.nio.NioEventLoop.processSelectedKey(NioEventLoop.java:632)
	at org.apache.ratis.thirdparty.io.netty.channel.nio.NioEventLoop.processSelectedKeysOptimized(NioEventLoop.java:579)
	at org.apache.ratis.thirdparty.io.netty.channel.nio.NioEventLoop.processSelectedKeys(NioEventLoop.java:496)
	at org.apache.ratis.thirdparty.io.netty.channel.nio.NioEventLoop.run(NioEventLoop.java:458)
	at org.apache.ratis.thirdparty.io.netty.util.concurrent.SingleThreadEventExecutor$5.run(SingleThreadEventExecutor.java:897)
	at org.apache.ratis.thirdparty.io.netty.util.concurrent.FastThreadLocalRunnable.run(FastThreadLocalRunnable.java:30)
	... 1 more
Caused by: java.net.ConnectException: Connection refused
	... 11 more
2019-10-21 22:01:44,383 [e152cc11-8922-4c62-a829-a835e5f58570@group-6834AB77F819-LeaderElection167] INFO  impl.RaftServerImpl (RaftServerImpl.java:setRole(184)) - e152cc11-8922-4c62-a829-a835e5f58570@group-6834AB77F819: changes role from CANDIDATE to FOLLOWER at term 10 for DISCOVERED_A_NEW_TERM
2019-10-21 22:01:44,383 [e152cc11-8922-4c62-a829-a835e5f58570@group-6834AB77F819-LeaderElection167] INFO  impl.RoleInfo (RoleInfo.java:shutdownLeaderElection(134)) - e152cc11-8922-4c62-a829-a835e5f58570: shutdown LeaderElection
2019-10-21 22:01:44,383 [e152cc11-8922-4c62-a829-a835e5f58570@group-6834AB77F819-LeaderElection167] INFO  impl.RoleInfo (RoleInfo.java:updateAndGet(143)) - e152cc11-8922-4c62-a829-a835e5f58570: start FollowerState
2019-10-21 22:01:44,385 [grpc-default-executor-4] INFO  impl.RaftServerImpl (RaftServerImpl.java:setRole(184)) - a36a670b-6f05-41e5-b505-2b1a8d9f1f79@group-129E33F6DE87: changes role from  FOLLOWER to FOLLOWER at term 154 for recognizeCandidate:d2d0250e-a378-4f8a-a4ff-ce07d96628f4
2019-10-21 22:01:44,385 [grpc-default-executor-4] INFO  impl.RoleInfo (RoleInfo.java:shutdownFollowerState(121)) - a36a670b-6f05-41e5-b505-2b1a8d9f1f79: shutdown FollowerState
2019-10-21 22:01:44,385 [grpc-default-executor-3] INFO  impl.RaftServerImpl (RaftServerImpl.java:setRole(184)) - 756f57d6-6136-46f3-b5ea-af957dae1eda@group-129E33F6DE87: changes role from  FOLLOWER to FOLLOWER at term 154 for recognizeCandidate:d2d0250e-a378-4f8a-a4ff-ce07d96628f4
2019-10-21 22:01:44,385 [grpc-default-executor-3] INFO  impl.RoleInfo (RoleInfo.java:shutdownFollowerState(121)) - 756f57d6-6136-46f3-b5ea-af957dae1eda: shutdown FollowerState
2019-10-21 22:01:44,385 [Thread-1607] INFO  impl.FollowerState (FollowerState.java:run(117)) - a36a670b-6f05-41e5-b505-2b1a8d9f1f79@group-129E33F6DE87-FollowerState was interrupted: java.lang.InterruptedException: sleep interrupted
2019-10-21 22:01:44,385 [grpc-default-executor-4] INFO  impl.RoleInfo (RoleInfo.java:updateAndGet(143)) - a36a670b-6f05-41e5-b505-2b1a8d9f1f79: start FollowerState
2019-10-21 22:01:44,385 [Thread-1608] INFO  impl.FollowerState (FollowerState.java:run(117)) - 756f57d6-6136-46f3-b5ea-af957dae1eda@group-129E33F6DE87-FollowerState was interrupted: java.lang.InterruptedException: sleep interrupted
2019-10-21 22:01:44,385 [grpc-default-executor-3] INFO  impl.RoleInfo (RoleInfo.java:updateAndGet(143)) - 756f57d6-6136-46f3-b5ea-af957dae1eda: start FollowerState
2019-10-21 22:01:44,390 [d2d0250e-a378-4f8a-a4ff-ce07d96628f4@group-129E33F6DE87-LeaderElection166] INFO  impl.LeaderElection (LeaderElection.java:logAndReturn(56)) - d2d0250e-a378-4f8a-a4ff-ce07d96628f4@group-129E33F6DE87-LeaderElection166: Election REJECTED; received 2 response(s) [d2d0250e-a378-4f8a-a4ff-ce07d96628f4<-756f57d6-6136-46f3-b5ea-af957dae1eda#0:FAIL-t154, d2d0250e-a378-4f8a-a4ff-ce07d96628f4<-a36a670b-6f05-41e5-b505-2b1a8d9f1f79#0:FAIL-t154] and 0 exception(s); d2d0250e-a378-4f8a-a4ff-ce07d96628f4@group-129E33F6DE87:t154, leader=null, voted=d2d0250e-a378-4f8a-a4ff-ce07d96628f4, raftlog=d2d0250e-a378-4f8a-a4ff-ce07d96628f4@group-129E33F6DE87-SegmentedRaftLog:OPENED:c-1,f-1,i0, conf=-1: [756f57d6-6136-46f3-b5ea-af957dae1eda:192.168.34.8:33063, d2d0250e-a378-4f8a-a4ff-ce07d96628f4:192.168.34.8:43170, a36a670b-6f05-41e5-b505-2b1a8d9f1f79:192.168.34.8:32869], old=null
2019-10-21 22:01:44,390 [d2d0250e-a378-4f8a-a4ff-ce07d96628f4@group-129E33F6DE87-LeaderElection166] INFO  impl.RaftServerImpl (RaftServerImpl.java:setRole(184)) - d2d0250e-a378-4f8a-a4ff-ce07d96628f4@group-129E33F6DE87: changes role from CANDIDATE to FOLLOWER at term 154 for DISCOVERED_A_NEW_TERM
2019-10-21 22:01:44,391 [d2d0250e-a378-4f8a-a4ff-ce07d96628f4@group-129E33F6DE87-LeaderElection166] INFO  impl.RoleInfo (RoleInfo.java:shutdownLeaderElection(134)) - d2d0250e-a378-4f8a-a4ff-ce07d96628f4: shutdown LeaderElection
2019-10-21 22:01:44,391 [d2d0250e-a378-4f8a-a4ff-ce07d96628f4@group-129E33F6DE87-LeaderElection166] INFO  impl.RoleInfo (RoleInfo.java:updateAndGet(143)) - d2d0250e-a378-4f8a-a4ff-ce07d96628f4: start FollowerState
2019-10-21 22:01:44,425 [ForkJoinPool.commonPool-worker-0] INFO  ozoneimpl.OzoneContainer (OzoneContainer.java:stop(227)) - Attempting to stop container services.
2019-10-21 22:01:44,426 [ForkJoinPool.commonPool-worker-0] INFO  impl.RaftServerProxy (RaftServerProxy.java:lambda$close$4(314)) - d2d0250e-a378-4f8a-a4ff-ce07d96628f4: close
2019-10-21 22:01:44,426 [ForkJoinPool.commonPool-worker-0] INFO  impl.RaftServerImpl (RaftServerImpl.java:lambda$shutdown$3(261)) - d2d0250e-a378-4f8a-a4ff-ce07d96628f4@group-0B343ED8497F: shutdown
2019-10-21 22:01:44,427 [main] INFO  ozoneimpl.OzoneContainer (OzoneContainer.java:stop(227)) - Attempting to stop container services.
2019-10-21 22:01:44,427 [ForkJoinPool.commonPool-worker-0] INFO  util.JmxRegister (JmxRegister.java:unregister(73)) - Successfully un-registered JMX Bean with object name Ratis:service=RaftServer,group=group-0B343ED8497F,id=d2d0250e-a378-4f8a-a4ff-ce07d96628f4
2019-10-21 22:01:44,427 [main] INFO  impl.RaftServerProxy (RaftServerProxy.java:lambda$close$4(314)) - 756f57d6-6136-46f3-b5ea-af957dae1eda: close
2019-10-21 22:01:44,427 [ForkJoinPool.commonPool-worker-0] INFO  impl.RoleInfo (RoleInfo.java:shutdownLeaderState(104)) - d2d0250e-a378-4f8a-a4ff-ce07d96628f4: shutdown LeaderState
2019-10-21 22:01:44,427 [main] INFO  impl.RaftServerImpl (RaftServerImpl.java:lambda$shutdown$3(261)) - 756f57d6-6136-46f3-b5ea-af957dae1eda@group-D85F55E94C75: shutdown
2019-10-21 22:01:44,427 [ForkJoinPool.commonPool-worker-0] INFO  impl.PendingRequests (PendingRequests.java:sendNotLeaderResponses(202)) - d2d0250e-a378-4f8a-a4ff-ce07d96628f4@group-0B343ED8497F-PendingRequests: sendNotLeaderResponses
2019-10-21 22:01:44,427 [main] INFO  util.JmxRegister (JmxRegister.java:unregister(73)) - Successfully un-registered JMX Bean with object name Ratis:service=RaftServer,group=group-D85F55E94C75,id=756f57d6-6136-46f3-b5ea-af957dae1eda
2019-10-21 22:01:44,428 [ForkJoinPool.commonPool-worker-0] INFO  impl.StateMachineUpdater (StateMachineUpdater.java:stopAndJoin(136)) - d2d0250e-a378-4f8a-a4ff-ce07d96628f4@group-0B343ED8497F-StateMachineUpdater: set stopIndex = 0
2019-10-21 22:01:44,428 [main] INFO  impl.RoleInfo (RoleInfo.java:shutdownLeaderState(104)) - 756f57d6-6136-46f3-b5ea-af957dae1eda: shutdown LeaderState
2019-10-21 22:01:44,428 [main] INFO  impl.PendingRequests (PendingRequests.java:sendNotLeaderResponses(202)) - 756f57d6-6136-46f3-b5ea-af957dae1eda@group-D85F55E94C75-PendingRequests: sendNotLeaderResponses
2019-10-21 22:01:44,428 [ForkJoinPool.commonPool-worker-0] INFO  impl.RaftServerImpl (ServerState.java:close(388)) - d2d0250e-a378-4f8a-a4ff-ce07d96628f4@group-0B343ED8497F: closes. applyIndex: 0
2019-10-21 22:01:44,428 [main] INFO  impl.StateMachineUpdater (StateMachineUpdater.java:stopAndJoin(136)) - 756f57d6-6136-46f3-b5ea-af957dae1eda@group-D85F55E94C75-StateMachineUpdater: set stopIndex = 0
2019-10-21 22:01:44,429 [main] INFO  impl.RaftServerImpl (ServerState.java:close(388)) - 756f57d6-6136-46f3-b5ea-af957dae1eda@group-D85F55E94C75: closes. applyIndex: 0
2019-10-21 22:01:44,429 [d2d0250e-a378-4f8a-a4ff-ce07d96628f4@group-0B343ED8497F-SegmentedRaftLogWorker] INFO  segmented.SegmentedRaftLogWorker (SegmentedRaftLogWorker.java:run(316)) - d2d0250e-a378-4f8a-a4ff-ce07d96628f4@group-0B343ED8497F-SegmentedRaftLogWorker was interrupted, exiting. There are 0 tasks remaining in the queue.
2019-10-21 22:01:44,429 [756f57d6-6136-46f3-b5ea-af957dae1eda@group-D85F55E94C75-SegmentedRaftLogWorker] INFO  segmented.SegmentedRaftLogWorker (SegmentedRaftLogWorker.java:run(316)) - 756f57d6-6136-46f3-b5ea-af957dae1eda@group-D85F55E94C75-SegmentedRaftLogWorker was interrupted, exiting. There are 0 tasks remaining in the queue.
2019-10-21 22:01:44,432 [ForkJoinPool.commonPool-worker-0] INFO  segmented.SegmentedRaftLogWorker (SegmentedRaftLogWorker.java:close(224)) - d2d0250e-a378-4f8a-a4ff-ce07d96628f4@group-0B343ED8497F-SegmentedRaftLogWorker close()
2019-10-21 22:01:44,433 [main] INFO  segmented.SegmentedRaftLogWorker (SegmentedRaftLogWorker.java:close(224)) - 756f57d6-6136-46f3-b5ea-af957dae1eda@group-D85F55E94C75-SegmentedRaftLogWorker close()
2019-10-21 22:01:44,436 [ForkJoinPool.commonPool-worker-0] INFO  impl.RaftServerImpl (RaftServerImpl.java:lambda$shutdown$3(261)) - d2d0250e-a378-4f8a-a4ff-ce07d96628f4@group-129E33F6DE87: shutdown
2019-10-21 22:01:44,440 [main] INFO  impl.RaftServerImpl (RaftServerImpl.java:lambda$shutdown$3(261)) - 756f57d6-6136-46f3-b5ea-af957dae1eda@group-129E33F6DE87: shutdown
2019-10-21 22:01:44,440 [ForkJoinPool.commonPool-worker-0] INFO  util.JmxRegister (JmxRegister.java:unregister(73)) - Successfully un-registered JMX Bean with object name Ratis:service=RaftServer,group=group-129E33F6DE87,id=d2d0250e-a378-4f8a-a4ff-ce07d96628f4
2019-10-21 22:01:44,440 [main] INFO  util.JmxRegister (JmxRegister.java:unregister(73)) - Successfully un-registered JMX Bean with object name Ratis:service=RaftServer,group=group-129E33F6DE87,id=756f57d6-6136-46f3-b5ea-af957dae1eda
2019-10-21 22:01:44,440 [ForkJoinPool.commonPool-worker-0] INFO  impl.RoleInfo (RoleInfo.java:shutdownFollowerState(121)) - d2d0250e-a378-4f8a-a4ff-ce07d96628f4: shutdown FollowerState
2019-10-21 22:01:44,440 [main] INFO  impl.RoleInfo (RoleInfo.java:shutdownFollowerState(121)) - 756f57d6-6136-46f3-b5ea-af957dae1eda: shutdown FollowerState
2019-10-21 22:01:44,440 [ForkJoinPool.commonPool-worker-0] INFO  impl.StateMachineUpdater (StateMachineUpdater.java:stopAndJoin(136)) - d2d0250e-a378-4f8a-a4ff-ce07d96628f4@group-129E33F6DE87-StateMachineUpdater: set stopIndex = -1
2019-10-21 22:01:44,441 [Thread-1617] INFO  impl.FollowerState (FollowerState.java:run(117)) - 756f57d6-6136-46f3-b5ea-af957dae1eda@group-129E33F6DE87-FollowerState was interrupted: java.lang.InterruptedException: sleep interrupted
2019-10-21 22:01:44,440 [Thread-1618] INFO  impl.FollowerState (FollowerState.java:run(117)) - d2d0250e-a378-4f8a-a4ff-ce07d96628f4@group-129E33F6DE87-FollowerState was interrupted: java.lang.InterruptedException: sleep interrupted
2019-10-21 22:01:44,440 [main] INFO  impl.StateMachineUpdater (StateMachineUpdater.java:stopAndJoin(136)) - 756f57d6-6136-46f3-b5ea-af957dae1eda@group-129E33F6DE87-StateMachineUpdater: set stopIndex = -1
2019-10-21 22:01:44,441 [ForkJoinPool.commonPool-worker-0] INFO  impl.RaftServerImpl (ServerState.java:close(388)) - d2d0250e-a378-4f8a-a4ff-ce07d96628f4@group-129E33F6DE87: closes. applyIndex: -1
2019-10-21 22:01:44,441 [main] INFO  impl.RaftServerImpl (ServerState.java:close(388)) - 756f57d6-6136-46f3-b5ea-af957dae1eda@group-129E33F6DE87: closes. applyIndex: -1
2019-10-21 22:01:44,442 [d2d0250e-a378-4f8a-a4ff-ce07d96628f4@group-129E33F6DE87-SegmentedRaftLogWorker] INFO  segmented.SegmentedRaftLogWorker (SegmentedRaftLogWorker.java:run(316)) - d2d0250e-a378-4f8a-a4ff-ce07d96628f4@group-129E33F6DE87-SegmentedRaftLogWorker was interrupted, exiting. There are 0 tasks remaining in the queue.
2019-10-21 22:01:44,442 [756f57d6-6136-46f3-b5ea-af957dae1eda@group-129E33F6DE87-SegmentedRaftLogWorker] INFO  segmented.SegmentedRaftLogWorker (SegmentedRaftLogWorker.java:run(316)) - 756f57d6-6136-46f3-b5ea-af957dae1eda@group-129E33F6DE87-SegmentedRaftLogWorker was interrupted, exiting. There are 0 tasks remaining in the queue.
2019-10-21 22:01:44,442 [ForkJoinPool.commonPool-worker-0] INFO  segmented.SegmentedRaftLogWorker (SegmentedRaftLogWorker.java:close(224)) - d2d0250e-a378-4f8a-a4ff-ce07d96628f4@group-129E33F6DE87-SegmentedRaftLogWorker close()
2019-10-21 22:01:44,444 [main] INFO  segmented.SegmentedRaftLogWorker (SegmentedRaftLogWorker.java:close(224)) - 756f57d6-6136-46f3-b5ea-af957dae1eda@group-129E33F6DE87-SegmentedRaftLogWorker close()
2019-10-21 22:01:44,446 [ForkJoinPool.commonPool-worker-0] INFO  server.GrpcService (GrpcService.java:closeImpl(164)) - d2d0250e-a378-4f8a-a4ff-ce07d96628f4: shutdown server with port 43170 now
2019-10-21 22:01:44,448 [main] INFO  server.GrpcService (GrpcService.java:closeImpl(164)) - 756f57d6-6136-46f3-b5ea-af957dae1eda: shutdown server with port 33063 now
2019-10-21 22:01:44,449 [main] INFO  server.GrpcService (GrpcService.java:closeImpl(172)) - 756f57d6-6136-46f3-b5ea-af957dae1eda: shutdown server with port 33063 successfully
2019-10-21 22:01:44,450 [ForkJoinPool.commonPool-worker-0] INFO  server.GrpcService (GrpcService.java:closeImpl(172)) - d2d0250e-a378-4f8a-a4ff-ce07d96628f4: shutdown server with port 43170 successfully
2019-10-21 22:01:44,451 [refreshUsed-/workdir/hadoop-ozone/integration-test/target/test-dir/MiniOzoneClusterImpl-55d22b23-1d78-4564-93d7-1f68b9a0b903/datanode-3/data/containers] WARN  fs.CachingGetSpaceUsed (CachingGetSpaceUsed.java:run(183)) - Thread Interrupted waiting to refresh disk information: sleep interrupted
2019-10-21 22:01:44,452 [refreshUsed-/workdir/hadoop-ozone/integration-test/target/test-dir/MiniOzoneClusterImpl-55d22b23-1d78-4564-93d7-1f68b9a0b903/datanode-6/data/containers] WARN  fs.CachingGetSpaceUsed (CachingGetSpaceUsed.java:run(183)) - Thread Interrupted waiting to refresh disk information: sleep interrupted
2019-10-21 22:01:44,472 [main] INFO  utils.BackgroundService (BackgroundService.java:shutdown(151)) - Shutting down service BlockDeletingService
2019-10-21 22:01:44,472 [ForkJoinPool.commonPool-worker-0] INFO  utils.BackgroundService (BackgroundService.java:shutdown(151)) - Shutting down service BlockDeletingService
2019-10-21 22:01:44,477 [main] INFO  statemachine.DatanodeStateMachine (DatanodeStateMachine.java:stopDaemon(395)) - Ozone container server stopped.
2019-10-21 22:01:44,480 [ForkJoinPool.commonPool-worker-0] INFO  statemachine.DatanodeStateMachine (DatanodeStateMachine.java:stopDaemon(395)) - Ozone container server stopped.
2019-10-21 22:01:44,483 [main] INFO  handler.ContextHandler (ContextHandler.java:doStop(910)) - Stopped o.e.j.w.WebAppContext@7b306b9f{/,null,UNAVAILABLE}{/hddsDatanode}
2019-10-21 22:01:44,484 [ForkJoinPool.commonPool-worker-0] INFO  handler.ContextHandler (ContextHandler.java:doStop(910)) - Stopped o.e.j.w.WebAppContext@53e800f9{/,null,UNAVAILABLE}{/hddsDatanode}
2019-10-21 22:01:44,485 [main] INFO  server.AbstractConnector (AbstractConnector.java:doStop(318)) - Stopped ServerConnector@142213d5{HTTP/1.1,[http/1.1]}{0.0.0.0:0}
2019-10-21 22:01:44,486 [main] INFO  handler.ContextHandler (ContextHandler.java:doStop(910)) - Stopped o.e.j.s.ServletContextHandler@6f94fb9d{/static,jar:file:/home/user/.m2/repository/org/apache/hadoop/hadoop-hdds-container-service/0.5.0-SNAPSHOT/hadoop-hdds-container-service-0.5.0-SNAPSHOT.jar!/webapps/static,UNAVAILABLE}
2019-10-21 22:01:44,486 [ForkJoinPool.commonPool-worker-0] INFO  server.AbstractConnector (AbstractConnector.java:doStop(318)) - Stopped ServerConnector@337bbfdf{HTTP/1.1,[http/1.1]}{0.0.0.0:0}
2019-10-21 22:01:44,486 [main] INFO  handler.ContextHandler (ContextHandler.java:doStop(910)) - Stopped o.e.j.s.ServletContextHandler@2cae9b8{/logs,file:///workdir/hadoop-ozone/integration-test/target/log,UNAVAILABLE}
2019-10-21 22:01:44,487 [ForkJoinPool.commonPool-worker-0] INFO  handler.ContextHandler (ContextHandler.java:doStop(910)) - Stopped o.e.j.s.ServletContextHandler@c27a3a2{/static,jar:file:/home/user/.m2/repository/org/apache/hadoop/hadoop-hdds-container-service/0.5.0-SNAPSHOT/hadoop-hdds-container-service-0.5.0-SNAPSHOT.jar!/webapps/static,UNAVAILABLE}
2019-10-21 22:01:44,489 [ForkJoinPool.commonPool-worker-0] INFO  handler.ContextHandler (ContextHandler.java:doStop(910)) - Stopped o.e.j.s.ServletContextHandler@5460b754{/logs,file:///workdir/hadoop-ozone/integration-test/target/log,UNAVAILABLE}
2019-10-21 22:01:44,574 [Datanode State Machine Thread - 0] INFO  statemachine.DatanodeStateMachine (DatanodeStateMachine.java:lambda$startDaemon$0(350)) - Ozone container server started.
2019-10-21 22:01:45,237 [Datanode State Machine Thread - 0] INFO  statemachine.DatanodeStateMachine (DatanodeStateMachine.java:lambda$startDaemon$0(350)) - Ozone container server started.
2019-10-21 22:01:45,410 [Thread-1615] INFO  impl.FollowerState (FollowerState.java:run(108)) - e152cc11-8922-4c62-a829-a835e5f58570@group-6834AB77F819-FollowerState: change to CANDIDATE, lastRpcTime:1027ms, electionTimeout:1027ms
2019-10-21 22:01:45,411 [Thread-1615] INFO  impl.RoleInfo (RoleInfo.java:shutdownFollowerState(121)) - e152cc11-8922-4c62-a829-a835e5f58570: shutdown FollowerState
2019-10-21 22:01:45,411 [Thread-1615] INFO  impl.RaftServerImpl (RaftServerImpl.java:setRole(184)) - e152cc11-8922-4c62-a829-a835e5f58570@group-6834AB77F819: changes role from  FOLLOWER to CANDIDATE at term 10 for changeToCandidate
2019-10-21 22:01:45,411 [Thread-1615] INFO  impl.RoleInfo (RoleInfo.java:updateAndGet(143)) - e152cc11-8922-4c62-a829-a835e5f58570: start LeaderElection
2019-10-21 22:01:45,427 [e152cc11-8922-4c62-a829-a835e5f58570@group-6834AB77F819-LeaderElection168] INFO  impl.LeaderElection (LeaderElection.java:askForVotes(178)) - e152cc11-8922-4c62-a829-a835e5f58570@group-6834AB77F819-LeaderElection168: begin an election at term 11 for 1: [e152cc11-8922-4c62-a829-a835e5f58570:192.168.34.8:34707, 0edd2ec6-20bf-4809-95ac-80dc11748221:192.168.34.8:43533, 28432215-63ab-4c85-86e9-79fb72521e72:192.168.34.8:33589], old=null
2019-10-21 22:01:45,428 [e152cc11-8922-4c62-a829-a835e5f58570@group-6834AB77F819-LeaderElection168] INFO  impl.LeaderElection (LogUtils.java:infoOrTrace(149)) - e152cc11-8922-4c62-a829-a835e5f58570@group-6834AB77F819-LeaderElection168 got exception when requesting votes: {}
java.util.concurrent.ExecutionException: org.apache.ratis.thirdparty.io.grpc.StatusRuntimeException: UNAVAILABLE: io exception
	at java.util.concurrent.FutureTask.report(FutureTask.java:122)
	at java.util.concurrent.FutureTask.get(FutureTask.java:192)
	at org.apache.ratis.server.impl.LeaderElection.waitForResults(LeaderElection.java:259)
	at org.apache.ratis.server.impl.LeaderElection.askForVotes(LeaderElection.java:197)
	at org.apache.ratis.server.impl.LeaderElection.run(LeaderElection.java:133)
	at java.lang.Thread.run(Thread.java:748)
Caused by: org.apache.ratis.thirdparty.io.grpc.StatusRuntimeException: UNAVAILABLE: io exception
	at org.apache.ratis.thirdparty.io.grpc.stub.ClientCalls.toStatusRuntimeException(ClientCalls.java:233)
	at org.apache.ratis.thirdparty.io.grpc.stub.ClientCalls.getUnchecked(ClientCalls.java:214)
	at org.apache.ratis.thirdparty.io.grpc.stub.ClientCalls.blockingUnaryCall(ClientCalls.java:139)
	at org.apache.ratis.proto.grpc.RaftServerProtocolServiceGrpc$RaftServerProtocolServiceBlockingStub.requestVote(RaftServerProtocolServiceGrpc.java:265)
	at org.apache.ratis.grpc.server.GrpcServerProtocolClient.requestVote(GrpcServerProtocolClient.java:99)
	at org.apache.ratis.grpc.server.GrpcService.requestVote(GrpcService.java:204)
	at org.apache.ratis.server.impl.LeaderElection.lambda$submitRequests$1(LeaderElection.java:234)
	at java.util.concurrent.FutureTask.run(FutureTask.java:266)
	at java.util.concurrent.Executors$RunnableAdapter.call(Executors.java:511)
	at java.util.concurrent.FutureTask.run(FutureTask.java:266)
	at java.util.concurrent.ThreadPoolExecutor.runWorker(ThreadPoolExecutor.java:1149)
	at java.util.concurrent.ThreadPoolExecutor$Worker.run(ThreadPoolExecutor.java:624)
	... 1 more
Caused by: org.apache.ratis.thirdparty.io.netty.channel.AbstractChannel$AnnotatedConnectException: Connection refused: /192.168.34.8:33589
	at sun.nio.ch.SocketChannelImpl.checkConnect(Native Method)
	at sun.nio.ch.SocketChannelImpl.finishConnect(SocketChannelImpl.java:717)
	at org.apache.ratis.thirdparty.io.netty.channel.socket.nio.NioSocketChannel.doFinishConnect(NioSocketChannel.java:327)
	at org.apache.ratis.thirdparty.io.netty.channel.nio.AbstractNioChannel$AbstractNioUnsafe.finishConnect(AbstractNioChannel.java:340)
	at org.apache.ratis.thirdparty.io.netty.channel.nio.NioEventLoop.processSelectedKey(NioEventLoop.java:632)
	at org.apache.ratis.thirdparty.io.netty.channel.nio.NioEventLoop.processSelectedKeysOptimized(NioEventLoop.java:579)
	at org.apache.ratis.thirdparty.io.netty.channel.nio.NioEventLoop.processSelectedKeys(NioEventLoop.java:496)
	at org.apache.ratis.thirdparty.io.netty.channel.nio.NioEventLoop.run(NioEventLoop.java:458)
	at org.apache.ratis.thirdparty.io.netty.util.concurrent.SingleThreadEventExecutor$5.run(SingleThreadEventExecutor.java:897)
	at org.apache.ratis.thirdparty.io.netty.util.concurrent.FastThreadLocalRunnable.run(FastThreadLocalRunnable.java:30)
	... 1 more
Caused by: java.net.ConnectException: Connection refused
	... 11 more
2019-10-21 22:01:45,432 [e152cc11-8922-4c62-a829-a835e5f58570@group-6834AB77F819-LeaderElection168] INFO  impl.LeaderElection (LogUtils.java:infoOrTrace(149)) - e152cc11-8922-4c62-a829-a835e5f58570@group-6834AB77F819-LeaderElection168 got exception when requesting votes: {}
java.util.concurrent.ExecutionException: org.apache.ratis.thirdparty.io.grpc.StatusRuntimeException: UNAVAILABLE: io exception
	at java.util.concurrent.FutureTask.report(FutureTask.java:122)
	at java.util.concurrent.FutureTask.get(FutureTask.java:192)
	at org.apache.ratis.server.impl.LeaderElection.waitForResults(LeaderElection.java:259)
	at org.apache.ratis.server.impl.LeaderElection.askForVotes(LeaderElection.java:197)
	at org.apache.ratis.server.impl.LeaderElection.run(LeaderElection.java:133)
	at java.lang.Thread.run(Thread.java:748)
Caused by: org.apache.ratis.thirdparty.io.grpc.StatusRuntimeException: UNAVAILABLE: io exception
	at org.apache.ratis.thirdparty.io.grpc.stub.ClientCalls.toStatusRuntimeException(ClientCalls.java:233)
	at org.apache.ratis.thirdparty.io.grpc.stub.ClientCalls.getUnchecked(ClientCalls.java:214)
	at org.apache.ratis.thirdparty.io.grpc.stub.ClientCalls.blockingUnaryCall(ClientCalls.java:139)
	at org.apache.ratis.proto.grpc.RaftServerProtocolServiceGrpc$RaftServerProtocolServiceBlockingStub.requestVote(RaftServerProtocolServiceGrpc.java:265)
	at org.apache.ratis.grpc.server.GrpcServerProtocolClient.requestVote(GrpcServerProtocolClient.java:99)
	at org.apache.ratis.grpc.server.GrpcService.requestVote(GrpcService.java:204)
	at org.apache.ratis.server.impl.LeaderElection.lambda$submitRequests$1(LeaderElection.java:234)
	at java.util.concurrent.FutureTask.run(FutureTask.java:266)
	at java.util.concurrent.Executors$RunnableAdapter.call(Executors.java:511)
	at java.util.concurrent.FutureTask.run(FutureTask.java:266)
	at java.util.concurrent.ThreadPoolExecutor.runWorker(ThreadPoolExecutor.java:1149)
	at java.util.concurrent.ThreadPoolExecutor$Worker.run(ThreadPoolExecutor.java:624)
	... 1 more
Caused by: org.apache.ratis.thirdparty.io.netty.channel.AbstractChannel$AnnotatedConnectException: Connection refused: /192.168.34.8:43533
	at sun.nio.ch.SocketChannelImpl.checkConnect(Native Method)
	at sun.nio.ch.SocketChannelImpl.finishConnect(SocketChannelImpl.java:717)
	at org.apache.ratis.thirdparty.io.netty.channel.socket.nio.NioSocketChannel.doFinishConnect(NioSocketChannel.java:327)
	at org.apache.ratis.thirdparty.io.netty.channel.nio.AbstractNioChannel$AbstractNioUnsafe.finishConnect(AbstractNioChannel.java:340)
	at org.apache.ratis.thirdparty.io.netty.channel.nio.NioEventLoop.processSelectedKey(NioEventLoop.java:632)
	at org.apache.ratis.thirdparty.io.netty.channel.nio.NioEventLoop.processSelectedKeysOptimized(NioEventLoop.java:579)
	at org.apache.ratis.thirdparty.io.netty.channel.nio.NioEventLoop.processSelectedKeys(NioEventLoop.java:496)
	at org.apache.ratis.thirdparty.io.netty.channel.nio.NioEventLoop.run(NioEventLoop.java:458)
	at org.apache.ratis.thirdparty.io.netty.util.concurrent.SingleThreadEventExecutor$5.run(SingleThreadEventExecutor.java:897)
	at org.apache.ratis.thirdparty.io.netty.util.concurrent.FastThreadLocalRunnable.run(FastThreadLocalRunnable.java:30)
	... 1 more
Caused by: java.net.ConnectException: Connection refused
	... 11 more
2019-10-21 22:01:45,434 [e152cc11-8922-4c62-a829-a835e5f58570@group-6834AB77F819-LeaderElection168] INFO  impl.LeaderElection (LeaderElection.java:logAndReturn(56)) - e152cc11-8922-4c62-a829-a835e5f58570@group-6834AB77F819-LeaderElection168: Election REJECTED; received 0 response(s) [] and 2 exception(s); e152cc11-8922-4c62-a829-a835e5f58570@group-6834AB77F819:t11, leader=null, voted=e152cc11-8922-4c62-a829-a835e5f58570, raftlog=e152cc11-8922-4c62-a829-a835e5f58570@group-6834AB77F819-SegmentedRaftLog:OPENED:c6,f6,i6, conf=1: [e152cc11-8922-4c62-a829-a835e5f58570:192.168.34.8:34707, 0edd2ec6-20bf-4809-95ac-80dc11748221:192.168.34.8:43533, 28432215-63ab-4c85-86e9-79fb72521e72:192.168.34.8:33589], old=null
2019-10-21 22:01:45,434 [e152cc11-8922-4c62-a829-a835e5f58570@group-6834AB77F819-LeaderElection168] INFO  impl.LeaderElection (LogUtils.java:infoOrTrace(149)) -   Exception 0: {}
java.util.concurrent.ExecutionException: org.apache.ratis.thirdparty.io.grpc.StatusRuntimeException: UNAVAILABLE: io exception
	at java.util.concurrent.FutureTask.report(FutureTask.java:122)
	at java.util.concurrent.FutureTask.get(FutureTask.java:192)
	at org.apache.ratis.server.impl.LeaderElection.waitForResults(LeaderElection.java:259)
	at org.apache.ratis.server.impl.LeaderElection.askForVotes(LeaderElection.java:197)
	at org.apache.ratis.server.impl.LeaderElection.run(LeaderElection.java:133)
	at java.lang.Thread.run(Thread.java:748)
Caused by: org.apache.ratis.thirdparty.io.grpc.StatusRuntimeException: UNAVAILABLE: io exception
	at org.apache.ratis.thirdparty.io.grpc.stub.ClientCalls.toStatusRuntimeException(ClientCalls.java:233)
	at org.apache.ratis.thirdparty.io.grpc.stub.ClientCalls.getUnchecked(ClientCalls.java:214)
	at org.apache.ratis.thirdparty.io.grpc.stub.ClientCalls.blockingUnaryCall(ClientCalls.java:139)
	at org.apache.ratis.proto.grpc.RaftServerProtocolServiceGrpc$RaftServerProtocolServiceBlockingStub.requestVote(RaftServerProtocolServiceGrpc.java:265)
	at org.apache.ratis.grpc.server.GrpcServerProtocolClient.requestVote(GrpcServerProtocolClient.java:99)
	at org.apache.ratis.grpc.server.GrpcService.requestVote(GrpcService.java:204)
	at org.apache.ratis.server.impl.LeaderElection.lambda$submitRequests$1(LeaderElection.java:234)
	at java.util.concurrent.FutureTask.run(FutureTask.java:266)
	at java.util.concurrent.Executors$RunnableAdapter.call(Executors.java:511)
	at java.util.concurrent.FutureTask.run(FutureTask.java:266)
	at java.util.concurrent.ThreadPoolExecutor.runWorker(ThreadPoolExecutor.java:1149)
	at java.util.concurrent.ThreadPoolExecutor$Worker.run(ThreadPoolExecutor.java:624)
	... 1 more
Caused by: org.apache.ratis.thirdparty.io.netty.channel.AbstractChannel$AnnotatedConnectException: Connection refused: /192.168.34.8:33589
	at sun.nio.ch.SocketChannelImpl.checkConnect(Native Method)
	at sun.nio.ch.SocketChannelImpl.finishConnect(SocketChannelImpl.java:717)
	at org.apache.ratis.thirdparty.io.netty.channel.socket.nio.NioSocketChannel.doFinishConnect(NioSocketChannel.java:327)
	at org.apache.ratis.thirdparty.io.netty.channel.nio.AbstractNioChannel$AbstractNioUnsafe.finishConnect(AbstractNioChannel.java:340)
	at org.apache.ratis.thirdparty.io.netty.channel.nio.NioEventLoop.processSelectedKey(NioEventLoop.java:632)
	at org.apache.ratis.thirdparty.io.netty.channel.nio.NioEventLoop.processSelectedKeysOptimized(NioEventLoop.java:579)
	at org.apache.ratis.thirdparty.io.netty.channel.nio.NioEventLoop.processSelectedKeys(NioEventLoop.java:496)
	at org.apache.ratis.thirdparty.io.netty.channel.nio.NioEventLoop.run(NioEventLoop.java:458)
	at org.apache.ratis.thirdparty.io.netty.util.concurrent.SingleThreadEventExecutor$5.run(SingleThreadEventExecutor.java:897)
	at org.apache.ratis.thirdparty.io.netty.util.concurrent.FastThreadLocalRunnable.run(FastThreadLocalRunnable.java:30)
	... 1 more
Caused by: java.net.ConnectException: Connection refused
	... 11 more
2019-10-21 22:01:45,435 [e152cc11-8922-4c62-a829-a835e5f58570@group-6834AB77F819-LeaderElection168] INFO  impl.LeaderElection (LogUtils.java:infoOrTrace(149)) -   Exception 1: {}
java.util.concurrent.ExecutionException: org.apache.ratis.thirdparty.io.grpc.StatusRuntimeException: UNAVAILABLE: io exception
	at java.util.concurrent.FutureTask.report(FutureTask.java:122)
	at java.util.concurrent.FutureTask.get(FutureTask.java:192)
	at org.apache.ratis.server.impl.LeaderElection.waitForResults(LeaderElection.java:259)
	at org.apache.ratis.server.impl.LeaderElection.askForVotes(LeaderElection.java:197)
	at org.apache.ratis.server.impl.LeaderElection.run(LeaderElection.java:133)
	at java.lang.Thread.run(Thread.java:748)
Caused by: org.apache.ratis.thirdparty.io.grpc.StatusRuntimeException: UNAVAILABLE: io exception
	at org.apache.ratis.thirdparty.io.grpc.stub.ClientCalls.toStatusRuntimeException(ClientCalls.java:233)
	at org.apache.ratis.thirdparty.io.grpc.stub.ClientCalls.getUnchecked(ClientCalls.java:214)
	at org.apache.ratis.thirdparty.io.grpc.stub.ClientCalls.blockingUnaryCall(ClientCalls.java:139)
	at org.apache.ratis.proto.grpc.RaftServerProtocolServiceGrpc$RaftServerProtocolServiceBlockingStub.requestVote(RaftServerProtocolServiceGrpc.java:265)
	at org.apache.ratis.grpc.server.GrpcServerProtocolClient.requestVote(GrpcServerProtocolClient.java:99)
	at org.apache.ratis.grpc.server.GrpcService.requestVote(GrpcService.java:204)
	at org.apache.ratis.server.impl.LeaderElection.lambda$submitRequests$1(LeaderElection.java:234)
	at java.util.concurrent.FutureTask.run(FutureTask.java:266)
	at java.util.concurrent.Executors$RunnableAdapter.call(Executors.java:511)
	at java.util.concurrent.FutureTask.run(FutureTask.java:266)
	at java.util.concurrent.ThreadPoolExecutor.runWorker(ThreadPoolExecutor.java:1149)
	at java.util.concurrent.ThreadPoolExecutor$Worker.run(ThreadPoolExecutor.java:624)
	... 1 more
Caused by: org.apache.ratis.thirdparty.io.netty.channel.AbstractChannel$AnnotatedConnectException: Connection refused: /192.168.34.8:43533
	at sun.nio.ch.SocketChannelImpl.checkConnect(Native Method)
	at sun.nio.ch.SocketChannelImpl.finishConnect(SocketChannelImpl.java:717)
	at org.apache.ratis.thirdparty.io.netty.channel.socket.nio.NioSocketChannel.doFinishConnect(NioSocketChannel.java:327)
	at org.apache.ratis.thirdparty.io.netty.channel.nio.AbstractNioChannel$AbstractNioUnsafe.finishConnect(AbstractNioChannel.java:340)
	at org.apache.ratis.thirdparty.io.netty.channel.nio.NioEventLoop.processSelectedKey(NioEventLoop.java:632)
	at org.apache.ratis.thirdparty.io.netty.channel.nio.NioEventLoop.processSelectedKeysOptimized(NioEventLoop.java:579)
	at org.apache.ratis.thirdparty.io.netty.channel.nio.NioEventLoop.processSelectedKeys(NioEventLoop.java:496)
	at org.apache.ratis.thirdparty.io.netty.channel.nio.NioEventLoop.run(NioEventLoop.java:458)
	at org.apache.ratis.thirdparty.io.netty.util.concurrent.SingleThreadEventExecutor$5.run(SingleThreadEventExecutor.java:897)
	at org.apache.ratis.thirdparty.io.netty.util.concurrent.FastThreadLocalRunnable.run(FastThreadLocalRunnable.java:30)
	... 1 more
Caused by: java.net.ConnectException: Connection refused
	... 11 more
2019-10-21 22:01:45,435 [e152cc11-8922-4c62-a829-a835e5f58570@group-6834AB77F819-LeaderElection168] INFO  impl.RaftServerImpl (RaftServerImpl.java:setRole(184)) - e152cc11-8922-4c62-a829-a835e5f58570@group-6834AB77F819: changes role from CANDIDATE to FOLLOWER at term 11 for DISCOVERED_A_NEW_TERM
2019-10-21 22:01:45,436 [e152cc11-8922-4c62-a829-a835e5f58570@group-6834AB77F819-LeaderElection168] INFO  impl.RoleInfo (RoleInfo.java:shutdownLeaderElection(134)) - e152cc11-8922-4c62-a829-a835e5f58570: shutdown LeaderElection
2019-10-21 22:01:45,436 [e152cc11-8922-4c62-a829-a835e5f58570@group-6834AB77F819-LeaderElection168] INFO  impl.RoleInfo (RoleInfo.java:updateAndGet(143)) - e152cc11-8922-4c62-a829-a835e5f58570: start FollowerState
2019-10-21 22:01:45,556 [Thread-1616] INFO  impl.FollowerState (FollowerState.java:run(108)) - a36a670b-6f05-41e5-b505-2b1a8d9f1f79@group-129E33F6DE87-FollowerState: change to CANDIDATE, lastRpcTime:1170ms, electionTimeout:1170ms
2019-10-21 22:01:45,556 [Thread-1616] INFO  impl.RoleInfo (RoleInfo.java:shutdownFollowerState(121)) - a36a670b-6f05-41e5-b505-2b1a8d9f1f79: shutdown FollowerState
2019-10-21 22:01:45,556 [Thread-1616] INFO  impl.RaftServerImpl (RaftServerImpl.java:setRole(184)) - a36a670b-6f05-41e5-b505-2b1a8d9f1f79@group-129E33F6DE87: changes role from  FOLLOWER to CANDIDATE at term 154 for changeToCandidate
2019-10-21 22:01:45,556 [Thread-1616] INFO  impl.RoleInfo (RoleInfo.java:updateAndGet(143)) - a36a670b-6f05-41e5-b505-2b1a8d9f1f79: start LeaderElection
2019-10-21 22:01:45,571 [a36a670b-6f05-41e5-b505-2b1a8d9f1f79@group-129E33F6DE87-LeaderElection169] INFO  impl.LeaderElection (LeaderElection.java:askForVotes(178)) - a36a670b-6f05-41e5-b505-2b1a8d9f1f79@group-129E33F6DE87-LeaderElection169: begin an election at term 155 for 0: [756f57d6-6136-46f3-b5ea-af957dae1eda:192.168.34.8:33063, d2d0250e-a378-4f8a-a4ff-ce07d96628f4:192.168.34.8:43170, a36a670b-6f05-41e5-b505-2b1a8d9f1f79:192.168.34.8:32869], old=null
2019-10-21 22:01:45,575 [a36a670b-6f05-41e5-b505-2b1a8d9f1f79@group-129E33F6DE87-LeaderElection169] INFO  impl.LeaderElection (LogUtils.java:infoOrTrace(149)) - a36a670b-6f05-41e5-b505-2b1a8d9f1f79@group-129E33F6DE87-LeaderElection169 got exception when requesting votes: {}
java.util.concurrent.ExecutionException: org.apache.ratis.thirdparty.io.grpc.StatusRuntimeException: UNAVAILABLE: io exception
	at java.util.concurrent.FutureTask.report(FutureTask.java:122)
	at java.util.concurrent.FutureTask.get(FutureTask.java:192)
	at org.apache.ratis.server.impl.LeaderElection.waitForResults(LeaderElection.java:259)
	at org.apache.ratis.server.impl.LeaderElection.askForVotes(LeaderElection.java:197)
	at org.apache.ratis.server.impl.LeaderElection.run(LeaderElection.java:133)
	at java.lang.Thread.run(Thread.java:748)
Caused by: org.apache.ratis.thirdparty.io.grpc.StatusRuntimeException: UNAVAILABLE: io exception
	at org.apache.ratis.thirdparty.io.grpc.stub.ClientCalls.toStatusRuntimeException(ClientCalls.java:233)
	at org.apache.ratis.thirdparty.io.grpc.stub.ClientCalls.getUnchecked(ClientCalls.java:214)
	at org.apache.ratis.thirdparty.io.grpc.stub.ClientCalls.blockingUnaryCall(ClientCalls.java:139)
	at org.apache.ratis.proto.grpc.RaftServerProtocolServiceGrpc$RaftServerProtocolServiceBlockingStub.requestVote(RaftServerProtocolServiceGrpc.java:265)
	at org.apache.ratis.grpc.server.GrpcServerProtocolClient.requestVote(GrpcServerProtocolClient.java:99)
	at org.apache.ratis.grpc.server.GrpcService.requestVote(GrpcService.java:204)
	at org.apache.ratis.server.impl.LeaderElection.lambda$submitRequests$1(LeaderElection.java:234)
	at java.util.concurrent.FutureTask.run(FutureTask.java:266)
	at java.util.concurrent.Executors$RunnableAdapter.call(Executors.java:511)
	at java.util.concurrent.FutureTask.run(FutureTask.java:266)
	at java.util.concurrent.ThreadPoolExecutor.runWorker(ThreadPoolExecutor.java:1149)
	at java.util.concurrent.ThreadPoolExecutor$Worker.run(ThreadPoolExecutor.java:624)
	... 1 more
Caused by: org.apache.ratis.thirdparty.io.netty.channel.AbstractChannel$AnnotatedConnectException: Connection refused: /192.168.34.8:33063
	at sun.nio.ch.SocketChannelImpl.checkConnect(Native Method)
	at sun.nio.ch.SocketChannelImpl.finishConnect(SocketChannelImpl.java:717)
	at org.apache.ratis.thirdparty.io.netty.channel.socket.nio.NioSocketChannel.doFinishConnect(NioSocketChannel.java:327)
	at org.apache.ratis.thirdparty.io.netty.channel.nio.AbstractNioChannel$AbstractNioUnsafe.finishConnect(AbstractNioChannel.java:340)
	at org.apache.ratis.thirdparty.io.netty.channel.nio.NioEventLoop.processSelectedKey(NioEventLoop.java:632)
	at org.apache.ratis.thirdparty.io.netty.channel.nio.NioEventLoop.processSelectedKeysOptimized(NioEventLoop.java:579)
	at org.apache.ratis.thirdparty.io.netty.channel.nio.NioEventLoop.processSelectedKeys(NioEventLoop.java:496)
	at org.apache.ratis.thirdparty.io.netty.channel.nio.NioEventLoop.run(NioEventLoop.java:458)
	at org.apache.ratis.thirdparty.io.netty.util.concurrent.SingleThreadEventExecutor$5.run(SingleThreadEventExecutor.java:897)
	at org.apache.ratis.thirdparty.io.netty.util.concurrent.FastThreadLocalRunnable.run(FastThreadLocalRunnable.java:30)
	... 1 more
Caused by: java.net.ConnectException: Connection refused
	... 11 more
2019-10-21 22:01:45,577 [a36a670b-6f05-41e5-b505-2b1a8d9f1f79@group-129E33F6DE87-LeaderElection169] INFO  impl.LeaderElection (LogUtils.java:infoOrTrace(149)) - a36a670b-6f05-41e5-b505-2b1a8d9f1f79@group-129E33F6DE87-LeaderElection169 got exception when requesting votes: {}
java.util.concurrent.ExecutionException: org.apache.ratis.thirdparty.io.grpc.StatusRuntimeException: UNAVAILABLE: io exception
	at java.util.concurrent.FutureTask.report(FutureTask.java:122)
	at java.util.concurrent.FutureTask.get(FutureTask.java:192)
	at org.apache.ratis.server.impl.LeaderElection.waitForResults(LeaderElection.java:259)
	at org.apache.ratis.server.impl.LeaderElection.askForVotes(LeaderElection.java:197)
	at org.apache.ratis.server.impl.LeaderElection.run(LeaderElection.java:133)
	at java.lang.Thread.run(Thread.java:748)
Caused by: org.apache.ratis.thirdparty.io.grpc.StatusRuntimeException: UNAVAILABLE: io exception
	at org.apache.ratis.thirdparty.io.grpc.stub.ClientCalls.toStatusRuntimeException(ClientCalls.java:233)
	at org.apache.ratis.thirdparty.io.grpc.stub.ClientCalls.getUnchecked(ClientCalls.java:214)
	at org.apache.ratis.thirdparty.io.grpc.stub.ClientCalls.blockingUnaryCall(ClientCalls.java:139)
	at org.apache.ratis.proto.grpc.RaftServerProtocolServiceGrpc$RaftServerProtocolServiceBlockingStub.requestVote(RaftServerProtocolServiceGrpc.java:265)
	at org.apache.ratis.grpc.server.GrpcServerProtocolClient.requestVote(GrpcServerProtocolClient.java:99)
	at org.apache.ratis.grpc.server.GrpcService.requestVote(GrpcService.java:204)
	at org.apache.ratis.server.impl.LeaderElection.lambda$submitRequests$1(LeaderElection.java:234)
	at java.util.concurrent.FutureTask.run(FutureTask.java:266)
	at java.util.concurrent.Executors$RunnableAdapter.call(Executors.java:511)
	at java.util.concurrent.FutureTask.run(FutureTask.java:266)
	at java.util.concurrent.ThreadPoolExecutor.runWorker(ThreadPoolExecutor.java:1149)
	at java.util.concurrent.ThreadPoolExecutor$Worker.run(ThreadPoolExecutor.java:624)
	... 1 more
Caused by: org.apache.ratis.thirdparty.io.netty.channel.AbstractChannel$AnnotatedConnectException: Connection refused: /192.168.34.8:43170
	at sun.nio.ch.SocketChannelImpl.checkConnect(Native Method)
	at sun.nio.ch.SocketChannelImpl.finishConnect(SocketChannelImpl.java:717)
	at org.apache.ratis.thirdparty.io.netty.channel.socket.nio.NioSocketChannel.doFinishConnect(NioSocketChannel.java:327)
	at org.apache.ratis.thirdparty.io.netty.channel.nio.AbstractNioChannel$AbstractNioUnsafe.finishConnect(AbstractNioChannel.java:340)
	at org.apache.ratis.thirdparty.io.netty.channel.nio.NioEventLoop.processSelectedKey(NioEventLoop.java:632)
	at org.apache.ratis.thirdparty.io.netty.channel.nio.NioEventLoop.processSelectedKeysOptimized(NioEventLoop.java:579)
	at org.apache.ratis.thirdparty.io.netty.channel.nio.NioEventLoop.processSelectedKeys(NioEventLoop.java:496)
	at org.apache.ratis.thirdparty.io.netty.channel.nio.NioEventLoop.run(NioEventLoop.java:458)
	at org.apache.ratis.thirdparty.io.netty.util.concurrent.SingleThreadEventExecutor$5.run(SingleThreadEventExecutor.java:897)
	at org.apache.ratis.thirdparty.io.netty.util.concurrent.FastThreadLocalRunnable.run(FastThreadLocalRunnable.java:30)
	... 1 more
Caused by: java.net.ConnectException: Connection refused
	... 11 more
2019-10-21 22:01:45,579 [a36a670b-6f05-41e5-b505-2b1a8d9f1f79@group-129E33F6DE87-LeaderElection169] INFO  impl.LeaderElection (LeaderElection.java:logAndReturn(56)) - a36a670b-6f05-41e5-b505-2b1a8d9f1f79@group-129E33F6DE87-LeaderElection169: Election REJECTED; received 0 response(s) [] and 2 exception(s); a36a670b-6f05-41e5-b505-2b1a8d9f1f79@group-129E33F6DE87:t155, leader=null, voted=a36a670b-6f05-41e5-b505-2b1a8d9f1f79, raftlog=a36a670b-6f05-41e5-b505-2b1a8d9f1f79@group-129E33F6DE87-SegmentedRaftLog:OPENED:c0,f0,i0, conf=0: [756f57d6-6136-46f3-b5ea-af957dae1eda:192.168.34.8:33063, d2d0250e-a378-4f8a-a4ff-ce07d96628f4:192.168.34.8:43170, a36a670b-6f05-41e5-b505-2b1a8d9f1f79:192.168.34.8:32869], old=null
2019-10-21 22:01:45,579 [a36a670b-6f05-41e5-b505-2b1a8d9f1f79@group-129E33F6DE87-LeaderElection169] INFO  impl.LeaderElection (LogUtils.java:infoOrTrace(149)) -   Exception 0: {}
java.util.concurrent.ExecutionException: org.apache.ratis.thirdparty.io.grpc.StatusRuntimeException: UNAVAILABLE: io exception
	at java.util.concurrent.FutureTask.report(FutureTask.java:122)
	at java.util.concurrent.FutureTask.get(FutureTask.java:192)
	at org.apache.ratis.server.impl.LeaderElection.waitForResults(LeaderElection.java:259)
	at org.apache.ratis.server.impl.LeaderElection.askForVotes(LeaderElection.java:197)
	at org.apache.ratis.server.impl.LeaderElection.run(LeaderElection.java:133)
	at java.lang.Thread.run(Thread.java:748)
Caused by: org.apache.ratis.thirdparty.io.grpc.StatusRuntimeException: UNAVAILABLE: io exception
	at org.apache.ratis.thirdparty.io.grpc.stub.ClientCalls.toStatusRuntimeException(ClientCalls.java:233)
	at org.apache.ratis.thirdparty.io.grpc.stub.ClientCalls.getUnchecked(ClientCalls.java:214)
	at org.apache.ratis.thirdparty.io.grpc.stub.ClientCalls.blockingUnaryCall(ClientCalls.java:139)
	at org.apache.ratis.proto.grpc.RaftServerProtocolServiceGrpc$RaftServerProtocolServiceBlockingStub.requestVote(RaftServerProtocolServiceGrpc.java:265)
	at org.apache.ratis.grpc.server.GrpcServerProtocolClient.requestVote(GrpcServerProtocolClient.java:99)
	at org.apache.ratis.grpc.server.GrpcService.requestVote(GrpcService.java:204)
	at org.apache.ratis.server.impl.LeaderElection.lambda$submitRequests$1(LeaderElection.java:234)
	at java.util.concurrent.FutureTask.run(FutureTask.java:266)
	at java.util.concurrent.Executors$RunnableAdapter.call(Executors.java:511)
	at java.util.concurrent.FutureTask.run(FutureTask.java:266)
	at java.util.concurrent.ThreadPoolExecutor.runWorker(ThreadPoolExecutor.java:1149)
	at java.util.concurrent.ThreadPoolExecutor$Worker.run(ThreadPoolExecutor.java:624)
	... 1 more
Caused by: org.apache.ratis.thirdparty.io.netty.channel.AbstractChannel$AnnotatedConnectException: Connection refused: /192.168.34.8:33063
	at sun.nio.ch.SocketChannelImpl.checkConnect(Native Method)
	at sun.nio.ch.SocketChannelImpl.finishConnect(SocketChannelImpl.java:717)
	at org.apache.ratis.thirdparty.io.netty.channel.socket.nio.NioSocketChannel.doFinishConnect(NioSocketChannel.java:327)
	at org.apache.ratis.thirdparty.io.netty.channel.nio.AbstractNioChannel$AbstractNioUnsafe.finishConnect(AbstractNioChannel.java:340)
	at org.apache.ratis.thirdparty.io.netty.channel.nio.NioEventLoop.processSelectedKey(NioEventLoop.java:632)
	at org.apache.ratis.thirdparty.io.netty.channel.nio.NioEventLoop.processSelectedKeysOptimized(NioEventLoop.java:579)
	at org.apache.ratis.thirdparty.io.netty.channel.nio.NioEventLoop.processSelectedKeys(NioEventLoop.java:496)
	at org.apache.ratis.thirdparty.io.netty.channel.nio.NioEventLoop.run(NioEventLoop.java:458)
	at org.apache.ratis.thirdparty.io.netty.util.concurrent.SingleThreadEventExecutor$5.run(SingleThreadEventExecutor.java:897)
	at org.apache.ratis.thirdparty.io.netty.util.concurrent.FastThreadLocalRunnable.run(FastThreadLocalRunnable.java:30)
	... 1 more
Caused by: java.net.ConnectException: Connection refused
	... 11 more
2019-10-21 22:01:45,580 [a36a670b-6f05-41e5-b505-2b1a8d9f1f79@group-129E33F6DE87-LeaderElection169] INFO  impl.LeaderElection (LogUtils.java:infoOrTrace(149)) -   Exception 1: {}
java.util.concurrent.ExecutionException: org.apache.ratis.thirdparty.io.grpc.StatusRuntimeException: UNAVAILABLE: io exception
	at java.util.concurrent.FutureTask.report(FutureTask.java:122)
	at java.util.concurrent.FutureTask.get(FutureTask.java:192)
	at org.apache.ratis.server.impl.LeaderElection.waitForResults(LeaderElection.java:259)
	at org.apache.ratis.server.impl.LeaderElection.askForVotes(LeaderElection.java:197)
	at org.apache.ratis.server.impl.LeaderElection.run(LeaderElection.java:133)
	at java.lang.Thread.run(Thread.java:748)
Caused by: org.apache.ratis.thirdparty.io.grpc.StatusRuntimeException: UNAVAILABLE: io exception
	at org.apache.ratis.thirdparty.io.grpc.stub.ClientCalls.toStatusRuntimeException(ClientCalls.java:233)
	at org.apache.ratis.thirdparty.io.grpc.stub.ClientCalls.getUnchecked(ClientCalls.java:214)
	at org.apache.ratis.thirdparty.io.grpc.stub.ClientCalls.blockingUnaryCall(ClientCalls.java:139)
	at org.apache.ratis.proto.grpc.RaftServerProtocolServiceGrpc$RaftServerProtocolServiceBlockingStub.requestVote(RaftServerProtocolServiceGrpc.java:265)
	at org.apache.ratis.grpc.server.GrpcServerProtocolClient.requestVote(GrpcServerProtocolClient.java:99)
	at org.apache.ratis.grpc.server.GrpcService.requestVote(GrpcService.java:204)
	at org.apache.ratis.server.impl.LeaderElection.lambda$submitRequests$1(LeaderElection.java:234)
	at java.util.concurrent.FutureTask.run(FutureTask.java:266)
	at java.util.concurrent.Executors$RunnableAdapter.call(Executors.java:511)
	at java.util.concurrent.FutureTask.run(FutureTask.java:266)
	at java.util.concurrent.ThreadPoolExecutor.runWorker(ThreadPoolExecutor.java:1149)
	at java.util.concurrent.ThreadPoolExecutor$Worker.run(ThreadPoolExecutor.java:624)
	... 1 more
Caused by: org.apache.ratis.thirdparty.io.netty.channel.AbstractChannel$AnnotatedConnectException: Connection refused: /192.168.34.8:43170
	at sun.nio.ch.SocketChannelImpl.checkConnect(Native Method)
	at sun.nio.ch.SocketChannelImpl.finishConnect(SocketChannelImpl.java:717)
	at org.apache.ratis.thirdparty.io.netty.channel.socket.nio.NioSocketChannel.doFinishConnect(NioSocketChannel.java:327)
	at org.apache.ratis.thirdparty.io.netty.channel.nio.AbstractNioChannel$AbstractNioUnsafe.finishConnect(AbstractNioChannel.java:340)
	at org.apache.ratis.thirdparty.io.netty.channel.nio.NioEventLoop.processSelectedKey(NioEventLoop.java:632)
	at org.apache.ratis.thirdparty.io.netty.channel.nio.NioEventLoop.processSelectedKeysOptimized(NioEventLoop.java:579)
	at org.apache.ratis.thirdparty.io.netty.channel.nio.NioEventLoop.processSelectedKeys(NioEventLoop.java:496)
	at org.apache.ratis.thirdparty.io.netty.channel.nio.NioEventLoop.run(NioEventLoop.java:458)
	at org.apache.ratis.thirdparty.io.netty.util.concurrent.SingleThreadEventExecutor$5.run(SingleThreadEventExecutor.java:897)
	at org.apache.ratis.thirdparty.io.netty.util.concurrent.FastThreadLocalRunnable.run(FastThreadLocalRunnable.java:30)
	... 1 more
Caused by: java.net.ConnectException: Connection refused
	... 11 more
2019-10-21 22:01:45,580 [a36a670b-6f05-41e5-b505-2b1a8d9f1f79@group-129E33F6DE87-LeaderElection169] INFO  impl.RaftServerImpl (RaftServerImpl.java:setRole(184)) - a36a670b-6f05-41e5-b505-2b1a8d9f1f79@group-129E33F6DE87: changes role from CANDIDATE to FOLLOWER at term 155 for DISCOVERED_A_NEW_TERM
2019-10-21 22:01:45,580 [a36a670b-6f05-41e5-b505-2b1a8d9f1f79@group-129E33F6DE87-LeaderElection169] INFO  impl.RoleInfo (RoleInfo.java:shutdownLeaderElection(134)) - a36a670b-6f05-41e5-b505-2b1a8d9f1f79: shutdown LeaderElection
2019-10-21 22:01:45,580 [a36a670b-6f05-41e5-b505-2b1a8d9f1f79@group-129E33F6DE87-LeaderElection169] INFO  impl.RoleInfo (RoleInfo.java:updateAndGet(143)) - a36a670b-6f05-41e5-b505-2b1a8d9f1f79: start FollowerState
2019-10-21 22:01:46,479 [Thread-1626] INFO  impl.FollowerState (FollowerState.java:run(108)) - e152cc11-8922-4c62-a829-a835e5f58570@group-6834AB77F819-FollowerState: change to CANDIDATE, lastRpcTime:1043ms, electionTimeout:1043ms
2019-10-21 22:01:46,479 [Thread-1626] INFO  impl.RoleInfo (RoleInfo.java:shutdownFollowerState(121)) - e152cc11-8922-4c62-a829-a835e5f58570: shutdown FollowerState
2019-10-21 22:01:46,480 [Thread-1626] INFO  impl.RaftServerImpl (RaftServerImpl.java:setRole(184)) - e152cc11-8922-4c62-a829-a835e5f58570@group-6834AB77F819: changes role from  FOLLOWER to CANDIDATE at term 11 for changeToCandidate
2019-10-21 22:01:46,480 [Thread-1626] INFO  impl.RoleInfo (RoleInfo.java:updateAndGet(143)) - e152cc11-8922-4c62-a829-a835e5f58570: start LeaderElection
2019-10-21 22:01:46,497 [e152cc11-8922-4c62-a829-a835e5f58570@group-6834AB77F819-LeaderElection170] INFO  impl.LeaderElection (LeaderElection.java:askForVotes(178)) - e152cc11-8922-4c62-a829-a835e5f58570@group-6834AB77F819-LeaderElection170: begin an election at term 12 for 1: [e152cc11-8922-4c62-a829-a835e5f58570:192.168.34.8:34707, 0edd2ec6-20bf-4809-95ac-80dc11748221:192.168.34.8:43533, 28432215-63ab-4c85-86e9-79fb72521e72:192.168.34.8:33589], old=null
2019-10-21 22:01:46,498 [e152cc11-8922-4c62-a829-a835e5f58570@group-6834AB77F819-LeaderElection170] INFO  impl.LeaderElection (LogUtils.java:infoOrTrace(149)) - e152cc11-8922-4c62-a829-a835e5f58570@group-6834AB77F819-LeaderElection170 got exception when requesting votes: {}
java.util.concurrent.ExecutionException: org.apache.ratis.thirdparty.io.grpc.StatusRuntimeException: UNAVAILABLE: io exception
	at java.util.concurrent.FutureTask.report(FutureTask.java:122)
	at java.util.concurrent.FutureTask.get(FutureTask.java:192)
	at org.apache.ratis.server.impl.LeaderElection.waitForResults(LeaderElection.java:259)
	at org.apache.ratis.server.impl.LeaderElection.askForVotes(LeaderElection.java:197)
	at org.apache.ratis.server.impl.LeaderElection.run(LeaderElection.java:133)
	at java.lang.Thread.run(Thread.java:748)
Caused by: org.apache.ratis.thirdparty.io.grpc.StatusRuntimeException: UNAVAILABLE: io exception
	at org.apache.ratis.thirdparty.io.grpc.stub.ClientCalls.toStatusRuntimeException(ClientCalls.java:233)
	at org.apache.ratis.thirdparty.io.grpc.stub.ClientCalls.getUnchecked(ClientCalls.java:214)
	at org.apache.ratis.thirdparty.io.grpc.stub.ClientCalls.blockingUnaryCall(ClientCalls.java:139)
	at org.apache.ratis.proto.grpc.RaftServerProtocolServiceGrpc$RaftServerProtocolServiceBlockingStub.requestVote(RaftServerProtocolServiceGrpc.java:265)
	at org.apache.ratis.grpc.server.GrpcServerProtocolClient.requestVote(GrpcServerProtocolClient.java:99)
	at org.apache.ratis.grpc.server.GrpcService.requestVote(GrpcService.java:204)
	at org.apache.ratis.server.impl.LeaderElection.lambda$submitRequests$1(LeaderElection.java:234)
	at java.util.concurrent.FutureTask.run(FutureTask.java:266)
	at java.util.concurrent.Executors$RunnableAdapter.call(Executors.java:511)
	at java.util.concurrent.FutureTask.run(FutureTask.java:266)
	at java.util.concurrent.ThreadPoolExecutor.runWorker(ThreadPoolExecutor.java:1149)
	at java.util.concurrent.ThreadPoolExecutor$Worker.run(ThreadPoolExecutor.java:624)
	... 1 more
Caused by: org.apache.ratis.thirdparty.io.netty.channel.AbstractChannel$AnnotatedConnectException: Connection refused: /192.168.34.8:43533
	at sun.nio.ch.SocketChannelImpl.checkConnect(Native Method)
	at sun.nio.ch.SocketChannelImpl.finishConnect(SocketChannelImpl.java:717)
	at org.apache.ratis.thirdparty.io.netty.channel.socket.nio.NioSocketChannel.doFinishConnect(NioSocketChannel.java:327)
	at org.apache.ratis.thirdparty.io.netty.channel.nio.AbstractNioChannel$AbstractNioUnsafe.finishConnect(AbstractNioChannel.java:340)
	at org.apache.ratis.thirdparty.io.netty.channel.nio.NioEventLoop.processSelectedKey(NioEventLoop.java:632)
	at org.apache.ratis.thirdparty.io.netty.channel.nio.NioEventLoop.processSelectedKeysOptimized(NioEventLoop.java:579)
	at org.apache.ratis.thirdparty.io.netty.channel.nio.NioEventLoop.processSelectedKeys(NioEventLoop.java:496)
	at org.apache.ratis.thirdparty.io.netty.channel.nio.NioEventLoop.run(NioEventLoop.java:458)
	at org.apache.ratis.thirdparty.io.netty.util.concurrent.SingleThreadEventExecutor$5.run(SingleThreadEventExecutor.java:897)
	at org.apache.ratis.thirdparty.io.netty.util.concurrent.FastThreadLocalRunnable.run(FastThreadLocalRunnable.java:30)
	... 1 more
Caused by: java.net.ConnectException: Connection refused
	... 11 more
2019-10-21 22:01:46,502 [e152cc11-8922-4c62-a829-a835e5f58570@group-6834AB77F819-LeaderElection170] INFO  impl.LeaderElection (LogUtils.java:infoOrTrace(149)) - e152cc11-8922-4c62-a829-a835e5f58570@group-6834AB77F819-LeaderElection170 got exception when requesting votes: {}
java.util.concurrent.ExecutionException: org.apache.ratis.thirdparty.io.grpc.StatusRuntimeException: UNAVAILABLE: io exception
	at java.util.concurrent.FutureTask.report(FutureTask.java:122)
	at java.util.concurrent.FutureTask.get(FutureTask.java:192)
	at org.apache.ratis.server.impl.LeaderElection.waitForResults(LeaderElection.java:259)
	at org.apache.ratis.server.impl.LeaderElection.askForVotes(LeaderElection.java:197)
	at org.apache.ratis.server.impl.LeaderElection.run(LeaderElection.java:133)
	at java.lang.Thread.run(Thread.java:748)
Caused by: org.apache.ratis.thirdparty.io.grpc.StatusRuntimeException: UNAVAILABLE: io exception
	at org.apache.ratis.thirdparty.io.grpc.stub.ClientCalls.toStatusRuntimeException(ClientCalls.java:233)
	at org.apache.ratis.thirdparty.io.grpc.stub.ClientCalls.getUnchecked(ClientCalls.java:214)
	at org.apache.ratis.thirdparty.io.grpc.stub.ClientCalls.blockingUnaryCall(ClientCalls.java:139)
	at org.apache.ratis.proto.grpc.RaftServerProtocolServiceGrpc$RaftServerProtocolServiceBlockingStub.requestVote(RaftServerProtocolServiceGrpc.java:265)
	at org.apache.ratis.grpc.server.GrpcServerProtocolClient.requestVote(GrpcServerProtocolClient.java:99)
	at org.apache.ratis.grpc.server.GrpcService.requestVote(GrpcService.java:204)
	at org.apache.ratis.server.impl.LeaderElection.lambda$submitRequests$1(LeaderElection.java:234)
	at java.util.concurrent.FutureTask.run(FutureTask.java:266)
	at java.util.concurrent.Executors$RunnableAdapter.call(Executors.java:511)
	at java.util.concurrent.FutureTask.run(FutureTask.java:266)
	at java.util.concurrent.ThreadPoolExecutor.runWorker(ThreadPoolExecutor.java:1149)
	at java.util.concurrent.ThreadPoolExecutor$Worker.run(ThreadPoolExecutor.java:624)
	... 1 more
Caused by: org.apache.ratis.thirdparty.io.netty.channel.AbstractChannel$AnnotatedConnectException: Connection refused: /192.168.34.8:33589
	at sun.nio.ch.SocketChannelImpl.checkConnect(Native Method)
	at sun.nio.ch.SocketChannelImpl.finishConnect(SocketChannelImpl.java:717)
	at org.apache.ratis.thirdparty.io.netty.channel.socket.nio.NioSocketChannel.doFinishConnect(NioSocketChannel.java:327)
	at org.apache.ratis.thirdparty.io.netty.channel.nio.AbstractNioChannel$AbstractNioUnsafe.finishConnect(AbstractNioChannel.java:340)
	at org.apache.ratis.thirdparty.io.netty.channel.nio.NioEventLoop.processSelectedKey(NioEventLoop.java:632)
	at org.apache.ratis.thirdparty.io.netty.channel.nio.NioEventLoop.processSelectedKeysOptimized(NioEventLoop.java:579)
	at org.apache.ratis.thirdparty.io.netty.channel.nio.NioEventLoop.processSelectedKeys(NioEventLoop.java:496)
	at org.apache.ratis.thirdparty.io.netty.channel.nio.NioEventLoop.run(NioEventLoop.java:458)
	at org.apache.ratis.thirdparty.io.netty.util.concurrent.SingleThreadEventExecutor$5.run(SingleThreadEventExecutor.java:897)
	at org.apache.ratis.thirdparty.io.netty.util.concurrent.FastThreadLocalRunnable.run(FastThreadLocalRunnable.java:30)
	... 1 more
Caused by: java.net.ConnectException: Connection refused
	... 11 more
2019-10-21 22:01:46,504 [e152cc11-8922-4c62-a829-a835e5f58570@group-6834AB77F819-LeaderElection170] INFO  impl.LeaderElection (LeaderElection.java:logAndReturn(56)) - e152cc11-8922-4c62-a829-a835e5f58570@group-6834AB77F819-LeaderElection170: Election REJECTED; received 0 response(s) [] and 2 exception(s); e152cc11-8922-4c62-a829-a835e5f58570@group-6834AB77F819:t12, leader=null, voted=e152cc11-8922-4c62-a829-a835e5f58570, raftlog=e152cc11-8922-4c62-a829-a835e5f58570@group-6834AB77F819-SegmentedRaftLog:OPENED:c6,f6,i6, conf=1: [e152cc11-8922-4c62-a829-a835e5f58570:192.168.34.8:34707, 0edd2ec6-20bf-4809-95ac-80dc11748221:192.168.34.8:43533, 28432215-63ab-4c85-86e9-79fb72521e72:192.168.34.8:33589], old=null
2019-10-21 22:01:46,504 [e152cc11-8922-4c62-a829-a835e5f58570@group-6834AB77F819-LeaderElection170] INFO  impl.LeaderElection (LogUtils.java:infoOrTrace(149)) -   Exception 0: {}
java.util.concurrent.ExecutionException: org.apache.ratis.thirdparty.io.grpc.StatusRuntimeException: UNAVAILABLE: io exception
	at java.util.concurrent.FutureTask.report(FutureTask.java:122)
	at java.util.concurrent.FutureTask.get(FutureTask.java:192)
	at org.apache.ratis.server.impl.LeaderElection.waitForResults(LeaderElection.java:259)
	at org.apache.ratis.server.impl.LeaderElection.askForVotes(LeaderElection.java:197)
	at org.apache.ratis.server.impl.LeaderElection.run(LeaderElection.java:133)
	at java.lang.Thread.run(Thread.java:748)
Caused by: org.apache.ratis.thirdparty.io.grpc.StatusRuntimeException: UNAVAILABLE: io exception
	at org.apache.ratis.thirdparty.io.grpc.stub.ClientCalls.toStatusRuntimeException(ClientCalls.java:233)
	at org.apache.ratis.thirdparty.io.grpc.stub.ClientCalls.getUnchecked(ClientCalls.java:214)
	at org.apache.ratis.thirdparty.io.grpc.stub.ClientCalls.blockingUnaryCall(ClientCalls.java:139)
	at org.apache.ratis.proto.grpc.RaftServerProtocolServiceGrpc$RaftServerProtocolServiceBlockingStub.requestVote(RaftServerProtocolServiceGrpc.java:265)
	at org.apache.ratis.grpc.server.GrpcServerProtocolClient.requestVote(GrpcServerProtocolClient.java:99)
	at org.apache.ratis.grpc.server.GrpcService.requestVote(GrpcService.java:204)
	at org.apache.ratis.server.impl.LeaderElection.lambda$submitRequests$1(LeaderElection.java:234)
	at java.util.concurrent.FutureTask.run(FutureTask.java:266)
	at java.util.concurrent.Executors$RunnableAdapter.call(Executors.java:511)
	at java.util.concurrent.FutureTask.run(FutureTask.java:266)
	at java.util.concurrent.ThreadPoolExecutor.runWorker(ThreadPoolExecutor.java:1149)
	at java.util.concurrent.ThreadPoolExecutor$Worker.run(ThreadPoolExecutor.java:624)
	... 1 more
Caused by: org.apache.ratis.thirdparty.io.netty.channel.AbstractChannel$AnnotatedConnectException: Connection refused: /192.168.34.8:43533
	at sun.nio.ch.SocketChannelImpl.checkConnect(Native Method)
	at sun.nio.ch.SocketChannelImpl.finishConnect(SocketChannelImpl.java:717)
	at org.apache.ratis.thirdparty.io.netty.channel.socket.nio.NioSocketChannel.doFinishConnect(NioSocketChannel.java:327)
	at org.apache.ratis.thirdparty.io.netty.channel.nio.AbstractNioChannel$AbstractNioUnsafe.finishConnect(AbstractNioChannel.java:340)
	at org.apache.ratis.thirdparty.io.netty.channel.nio.NioEventLoop.processSelectedKey(NioEventLoop.java:632)
	at org.apache.ratis.thirdparty.io.netty.channel.nio.NioEventLoop.processSelectedKeysOptimized(NioEventLoop.java:579)
	at org.apache.ratis.thirdparty.io.netty.channel.nio.NioEventLoop.processSelectedKeys(NioEventLoop.java:496)
	at org.apache.ratis.thirdparty.io.netty.channel.nio.NioEventLoop.run(NioEventLoop.java:458)
	at org.apache.ratis.thirdparty.io.netty.util.concurrent.SingleThreadEventExecutor$5.run(SingleThreadEventExecutor.java:897)
	at org.apache.ratis.thirdparty.io.netty.util.concurrent.FastThreadLocalRunnable.run(FastThreadLocalRunnable.java:30)
	... 1 more
Caused by: java.net.ConnectException: Connection refused
	... 11 more
2019-10-21 22:01:46,505 [e152cc11-8922-4c62-a829-a835e5f58570@group-6834AB77F819-LeaderElection170] INFO  impl.LeaderElection (LogUtils.java:infoOrTrace(149)) -   Exception 1: {}
java.util.concurrent.ExecutionException: org.apache.ratis.thirdparty.io.grpc.StatusRuntimeException: UNAVAILABLE: io exception
	at java.util.concurrent.FutureTask.report(FutureTask.java:122)
	at java.util.concurrent.FutureTask.get(FutureTask.java:192)
	at org.apache.ratis.server.impl.LeaderElection.waitForResults(LeaderElection.java:259)
	at org.apache.ratis.server.impl.LeaderElection.askForVotes(LeaderElection.java:197)
	at org.apache.ratis.server.impl.LeaderElection.run(LeaderElection.java:133)
	at java.lang.Thread.run(Thread.java:748)
Caused by: org.apache.ratis.thirdparty.io.grpc.StatusRuntimeException: UNAVAILABLE: io exception
	at org.apache.ratis.thirdparty.io.grpc.stub.ClientCalls.toStatusRuntimeException(ClientCalls.java:233)
	at org.apache.ratis.thirdparty.io.grpc.stub.ClientCalls.getUnchecked(ClientCalls.java:214)
	at org.apache.ratis.thirdparty.io.grpc.stub.ClientCalls.blockingUnaryCall(ClientCalls.java:139)
	at org.apache.ratis.proto.grpc.RaftServerProtocolServiceGrpc$RaftServerProtocolServiceBlockingStub.requestVote(RaftServerProtocolServiceGrpc.java:265)
	at org.apache.ratis.grpc.server.GrpcServerProtocolClient.requestVote(GrpcServerProtocolClient.java:99)
	at org.apache.ratis.grpc.server.GrpcService.requestVote(GrpcService.java:204)
	at org.apache.ratis.server.impl.LeaderElection.lambda$submitRequests$1(LeaderElection.java:234)
	at java.util.concurrent.FutureTask.run(FutureTask.java:266)
	at java.util.concurrent.Executors$RunnableAdapter.call(Executors.java:511)
	at java.util.concurrent.FutureTask.run(FutureTask.java:266)
	at java.util.concurrent.ThreadPoolExecutor.runWorker(ThreadPoolExecutor.java:1149)
	at java.util.concurrent.ThreadPoolExecutor$Worker.run(ThreadPoolExecutor.java:624)
	... 1 more
Caused by: org.apache.ratis.thirdparty.io.netty.channel.AbstractChannel$AnnotatedConnectException: Connection refused: /192.168.34.8:33589
	at sun.nio.ch.SocketChannelImpl.checkConnect(Native Method)
	at sun.nio.ch.SocketChannelImpl.finishConnect(SocketChannelImpl.java:717)
	at org.apache.ratis.thirdparty.io.netty.channel.socket.nio.NioSocketChannel.doFinishConnect(NioSocketChannel.java:327)
	at org.apache.ratis.thirdparty.io.netty.channel.nio.AbstractNioChannel$AbstractNioUnsafe.finishConnect(AbstractNioChannel.java:340)
	at org.apache.ratis.thirdparty.io.netty.channel.nio.NioEventLoop.processSelectedKey(NioEventLoop.java:632)
	at org.apache.ratis.thirdparty.io.netty.channel.nio.NioEventLoop.processSelectedKeysOptimized(NioEventLoop.java:579)
	at org.apache.ratis.thirdparty.io.netty.channel.nio.NioEventLoop.processSelectedKeys(NioEventLoop.java:496)
	at org.apache.ratis.thirdparty.io.netty.channel.nio.NioEventLoop.run(NioEventLoop.java:458)
	at org.apache.ratis.thirdparty.io.netty.util.concurrent.SingleThreadEventExecutor$5.run(SingleThreadEventExecutor.java:897)
	at org.apache.ratis.thirdparty.io.netty.util.concurrent.FastThreadLocalRunnable.run(FastThreadLocalRunnable.java:30)
	... 1 more
Caused by: java.net.ConnectException: Connection refused
	... 11 more
2019-10-21 22:01:46,506 [e152cc11-8922-4c62-a829-a835e5f58570@group-6834AB77F819-LeaderElection170] INFO  impl.RaftServerImpl (RaftServerImpl.java:setRole(184)) - e152cc11-8922-4c62-a829-a835e5f58570@group-6834AB77F819: changes role from CANDIDATE to FOLLOWER at term 12 for DISCOVERED_A_NEW_TERM
2019-10-21 22:01:46,506 [e152cc11-8922-4c62-a829-a835e5f58570@group-6834AB77F819-LeaderElection170] INFO  impl.RoleInfo (RoleInfo.java:shutdownLeaderElection(134)) - e152cc11-8922-4c62-a829-a835e5f58570: shutdown LeaderElection
2019-10-21 22:01:46,506 [e152cc11-8922-4c62-a829-a835e5f58570@group-6834AB77F819-LeaderElection170] INFO  impl.RoleInfo (RoleInfo.java:updateAndGet(143)) - e152cc11-8922-4c62-a829-a835e5f58570: start FollowerState
2019-10-21 22:01:46,648 [Thread-1630] INFO  impl.FollowerState (FollowerState.java:run(108)) - a36a670b-6f05-41e5-b505-2b1a8d9f1f79@group-129E33F6DE87-FollowerState: change to CANDIDATE, lastRpcTime:1067ms, electionTimeout:1067ms
2019-10-21 22:01:46,648 [Thread-1630] INFO  impl.RoleInfo (RoleInfo.java:shutdownFollowerState(121)) - a36a670b-6f05-41e5-b505-2b1a8d9f1f79: shutdown FollowerState
2019-10-21 22:01:46,648 [Thread-1630] INFO  impl.RaftServerImpl (RaftServerImpl.java:setRole(184)) - a36a670b-6f05-41e5-b505-2b1a8d9f1f79@group-129E33F6DE87: changes role from  FOLLOWER to CANDIDATE at term 155 for changeToCandidate
2019-10-21 22:01:46,648 [Thread-1630] INFO  impl.RoleInfo (RoleInfo.java:updateAndGet(143)) - a36a670b-6f05-41e5-b505-2b1a8d9f1f79: start LeaderElection
2019-10-21 22:01:46,663 [a36a670b-6f05-41e5-b505-2b1a8d9f1f79@group-129E33F6DE87-LeaderElection171] INFO  impl.LeaderElection (LeaderElection.java:askForVotes(178)) - a36a670b-6f05-41e5-b505-2b1a8d9f1f79@group-129E33F6DE87-LeaderElection171: begin an election at term 156 for 0: [756f57d6-6136-46f3-b5ea-af957dae1eda:192.168.34.8:33063, d2d0250e-a378-4f8a-a4ff-ce07d96628f4:192.168.34.8:43170, a36a670b-6f05-41e5-b505-2b1a8d9f1f79:192.168.34.8:32869], old=null
2019-10-21 22:01:46,664 [a36a670b-6f05-41e5-b505-2b1a8d9f1f79@group-129E33F6DE87-LeaderElection171] INFO  impl.LeaderElection (LogUtils.java:infoOrTrace(149)) - a36a670b-6f05-41e5-b505-2b1a8d9f1f79@group-129E33F6DE87-LeaderElection171 got exception when requesting votes: {}
java.util.concurrent.ExecutionException: org.apache.ratis.thirdparty.io.grpc.StatusRuntimeException: UNAVAILABLE: io exception
	at java.util.concurrent.FutureTask.report(FutureTask.java:122)
	at java.util.concurrent.FutureTask.get(FutureTask.java:192)
	at org.apache.ratis.server.impl.LeaderElection.waitForResults(LeaderElection.java:259)
	at org.apache.ratis.server.impl.LeaderElection.askForVotes(LeaderElection.java:197)
	at org.apache.ratis.server.impl.LeaderElection.run(LeaderElection.java:133)
	at java.lang.Thread.run(Thread.java:748)
Caused by: org.apache.ratis.thirdparty.io.grpc.StatusRuntimeException: UNAVAILABLE: io exception
	at org.apache.ratis.thirdparty.io.grpc.stub.ClientCalls.toStatusRuntimeException(ClientCalls.java:233)
	at org.apache.ratis.thirdparty.io.grpc.stub.ClientCalls.getUnchecked(ClientCalls.java:214)
	at org.apache.ratis.thirdparty.io.grpc.stub.ClientCalls.blockingUnaryCall(ClientCalls.java:139)
	at org.apache.ratis.proto.grpc.RaftServerProtocolServiceGrpc$RaftServerProtocolServiceBlockingStub.requestVote(RaftServerProtocolServiceGrpc.java:265)
	at org.apache.ratis.grpc.server.GrpcServerProtocolClient.requestVote(GrpcServerProtocolClient.java:99)
	at org.apache.ratis.grpc.server.GrpcService.requestVote(GrpcService.java:204)
	at org.apache.ratis.server.impl.LeaderElection.lambda$submitRequests$1(LeaderElection.java:234)
	at java.util.concurrent.FutureTask.run(FutureTask.java:266)
	at java.util.concurrent.Executors$RunnableAdapter.call(Executors.java:511)
	at java.util.concurrent.FutureTask.run(FutureTask.java:266)
	at java.util.concurrent.ThreadPoolExecutor.runWorker(ThreadPoolExecutor.java:1149)
	at java.util.concurrent.ThreadPoolExecutor$Worker.run(ThreadPoolExecutor.java:624)
	... 1 more
Caused by: org.apache.ratis.thirdparty.io.netty.channel.AbstractChannel$AnnotatedConnectException: Connection refused: /192.168.34.8:33063
	at sun.nio.ch.SocketChannelImpl.checkConnect(Native Method)
	at sun.nio.ch.SocketChannelImpl.finishConnect(SocketChannelImpl.java:717)
	at org.apache.ratis.thirdparty.io.netty.channel.socket.nio.NioSocketChannel.doFinishConnect(NioSocketChannel.java:327)
	at org.apache.ratis.thirdparty.io.netty.channel.nio.AbstractNioChannel$AbstractNioUnsafe.finishConnect(AbstractNioChannel.java:340)
	at org.apache.ratis.thirdparty.io.netty.channel.nio.NioEventLoop.processSelectedKey(NioEventLoop.java:632)
	at org.apache.ratis.thirdparty.io.netty.channel.nio.NioEventLoop.processSelectedKeysOptimized(NioEventLoop.java:579)
	at org.apache.ratis.thirdparty.io.netty.channel.nio.NioEventLoop.processSelectedKeys(NioEventLoop.java:496)
	at org.apache.ratis.thirdparty.io.netty.channel.nio.NioEventLoop.run(NioEventLoop.java:458)
	at org.apache.ratis.thirdparty.io.netty.util.concurrent.SingleThreadEventExecutor$5.run(SingleThreadEventExecutor.java:897)
	at org.apache.ratis.thirdparty.io.netty.util.concurrent.FastThreadLocalRunnable.run(FastThreadLocalRunnable.java:30)
	... 1 more
Caused by: java.net.ConnectException: Connection refused
	... 11 more
2019-10-21 22:01:46,667 [a36a670b-6f05-41e5-b505-2b1a8d9f1f79@group-129E33F6DE87-LeaderElection171] INFO  impl.LeaderElection (LogUtils.java:infoOrTrace(149)) - a36a670b-6f05-41e5-b505-2b1a8d9f1f79@group-129E33F6DE87-LeaderElection171 got exception when requesting votes: {}
java.util.concurrent.ExecutionException: org.apache.ratis.thirdparty.io.grpc.StatusRuntimeException: UNAVAILABLE: io exception
	at java.util.concurrent.FutureTask.report(FutureTask.java:122)
	at java.util.concurrent.FutureTask.get(FutureTask.java:192)
	at org.apache.ratis.server.impl.LeaderElection.waitForResults(LeaderElection.java:259)
	at org.apache.ratis.server.impl.LeaderElection.askForVotes(LeaderElection.java:197)
	at org.apache.ratis.server.impl.LeaderElection.run(LeaderElection.java:133)
	at java.lang.Thread.run(Thread.java:748)
Caused by: org.apache.ratis.thirdparty.io.grpc.StatusRuntimeException: UNAVAILABLE: io exception
	at org.apache.ratis.thirdparty.io.grpc.stub.ClientCalls.toStatusRuntimeException(ClientCalls.java:233)
	at org.apache.ratis.thirdparty.io.grpc.stub.ClientCalls.getUnchecked(ClientCalls.java:214)
	at org.apache.ratis.thirdparty.io.grpc.stub.ClientCalls.blockingUnaryCall(ClientCalls.java:139)
	at org.apache.ratis.proto.grpc.RaftServerProtocolServiceGrpc$RaftServerProtocolServiceBlockingStub.requestVote(RaftServerProtocolServiceGrpc.java:265)
	at org.apache.ratis.grpc.server.GrpcServerProtocolClient.requestVote(GrpcServerProtocolClient.java:99)
	at org.apache.ratis.grpc.server.GrpcService.requestVote(GrpcService.java:204)
	at org.apache.ratis.server.impl.LeaderElection.lambda$submitRequests$1(LeaderElection.java:234)
	at java.util.concurrent.FutureTask.run(FutureTask.java:266)
	at java.util.concurrent.Executors$RunnableAdapter.call(Executors.java:511)
	at java.util.concurrent.FutureTask.run(FutureTask.java:266)
	at java.util.concurrent.ThreadPoolExecutor.runWorker(ThreadPoolExecutor.java:1149)
	at java.util.concurrent.ThreadPoolExecutor$Worker.run(ThreadPoolExecutor.java:624)
	... 1 more
Caused by: org.apache.ratis.thirdparty.io.netty.channel.AbstractChannel$AnnotatedConnectException: Connection refused: /192.168.34.8:43170
	at sun.nio.ch.SocketChannelImpl.checkConnect(Native Method)
	at sun.nio.ch.SocketChannelImpl.finishConnect(SocketChannelImpl.java:717)
	at org.apache.ratis.thirdparty.io.netty.channel.socket.nio.NioSocketChannel.doFinishConnect(NioSocketChannel.java:327)
	at org.apache.ratis.thirdparty.io.netty.channel.nio.AbstractNioChannel$AbstractNioUnsafe.finishConnect(AbstractNioChannel.java:340)
	at org.apache.ratis.thirdparty.io.netty.channel.nio.NioEventLoop.processSelectedKey(NioEventLoop.java:632)
	at org.apache.ratis.thirdparty.io.netty.channel.nio.NioEventLoop.processSelectedKeysOptimized(NioEventLoop.java:579)
	at org.apache.ratis.thirdparty.io.netty.channel.nio.NioEventLoop.processSelectedKeys(NioEventLoop.java:496)
	at org.apache.ratis.thirdparty.io.netty.channel.nio.NioEventLoop.run(NioEventLoop.java:458)
	at org.apache.ratis.thirdparty.io.netty.util.concurrent.SingleThreadEventExecutor$5.run(SingleThreadEventExecutor.java:897)
	at org.apache.ratis.thirdparty.io.netty.util.concurrent.FastThreadLocalRunnable.run(FastThreadLocalRunnable.java:30)
	... 1 more
Caused by: java.net.ConnectException: Connection refused
	... 11 more
2019-10-21 22:01:46,670 [a36a670b-6f05-41e5-b505-2b1a8d9f1f79@group-129E33F6DE87-LeaderElection171] INFO  impl.LeaderElection (LeaderElection.java:logAndReturn(56)) - a36a670b-6f05-41e5-b505-2b1a8d9f1f79@group-129E33F6DE87-LeaderElection171: Election REJECTED; received 0 response(s) [] and 2 exception(s); a36a670b-6f05-41e5-b505-2b1a8d9f1f79@group-129E33F6DE87:t156, leader=null, voted=a36a670b-6f05-41e5-b505-2b1a8d9f1f79, raftlog=a36a670b-6f05-41e5-b505-2b1a8d9f1f79@group-129E33F6DE87-SegmentedRaftLog:OPENED:c0,f0,i0, conf=0: [756f57d6-6136-46f3-b5ea-af957dae1eda:192.168.34.8:33063, d2d0250e-a378-4f8a-a4ff-ce07d96628f4:192.168.34.8:43170, a36a670b-6f05-41e5-b505-2b1a8d9f1f79:192.168.34.8:32869], old=null
2019-10-21 22:01:46,670 [a36a670b-6f05-41e5-b505-2b1a8d9f1f79@group-129E33F6DE87-LeaderElection171] INFO  impl.LeaderElection (LogUtils.java:infoOrTrace(149)) -   Exception 0: {}
java.util.concurrent.ExecutionException: org.apache.ratis.thirdparty.io.grpc.StatusRuntimeException: UNAVAILABLE: io exception
	at java.util.concurrent.FutureTask.report(FutureTask.java:122)
	at java.util.concurrent.FutureTask.get(FutureTask.java:192)
	at org.apache.ratis.server.impl.LeaderElection.waitForResults(LeaderElection.java:259)
	at org.apache.ratis.server.impl.LeaderElection.askForVotes(LeaderElection.java:197)
	at org.apache.ratis.server.impl.LeaderElection.run(LeaderElection.java:133)
	at java.lang.Thread.run(Thread.java:748)
Caused by: org.apache.ratis.thirdparty.io.grpc.StatusRuntimeException: UNAVAILABLE: io exception
	at org.apache.ratis.thirdparty.io.grpc.stub.ClientCalls.toStatusRuntimeException(ClientCalls.java:233)
	at org.apache.ratis.thirdparty.io.grpc.stub.ClientCalls.getUnchecked(ClientCalls.java:214)
	at org.apache.ratis.thirdparty.io.grpc.stub.ClientCalls.blockingUnaryCall(ClientCalls.java:139)
	at org.apache.ratis.proto.grpc.RaftServerProtocolServiceGrpc$RaftServerProtocolServiceBlockingStub.requestVote(RaftServerProtocolServiceGrpc.java:265)
	at org.apache.ratis.grpc.server.GrpcServerProtocolClient.requestVote(GrpcServerProtocolClient.java:99)
	at org.apache.ratis.grpc.server.GrpcService.requestVote(GrpcService.java:204)
	at org.apache.ratis.server.impl.LeaderElection.lambda$submitRequests$1(LeaderElection.java:234)
	at java.util.concurrent.FutureTask.run(FutureTask.java:266)
	at java.util.concurrent.Executors$RunnableAdapter.call(Executors.java:511)
	at java.util.concurrent.FutureTask.run(FutureTask.java:266)
	at java.util.concurrent.ThreadPoolExecutor.runWorker(ThreadPoolExecutor.java:1149)
	at java.util.concurrent.ThreadPoolExecutor$Worker.run(ThreadPoolExecutor.java:624)
	... 1 more
Caused by: org.apache.ratis.thirdparty.io.netty.channel.AbstractChannel$AnnotatedConnectException: Connection refused: /192.168.34.8:33063
	at sun.nio.ch.SocketChannelImpl.checkConnect(Native Method)
	at sun.nio.ch.SocketChannelImpl.finishConnect(SocketChannelImpl.java:717)
	at org.apache.ratis.thirdparty.io.netty.channel.socket.nio.NioSocketChannel.doFinishConnect(NioSocketChannel.java:327)
	at org.apache.ratis.thirdparty.io.netty.channel.nio.AbstractNioChannel$AbstractNioUnsafe.finishConnect(AbstractNioChannel.java:340)
	at org.apache.ratis.thirdparty.io.netty.channel.nio.NioEventLoop.processSelectedKey(NioEventLoop.java:632)
	at org.apache.ratis.thirdparty.io.netty.channel.nio.NioEventLoop.processSelectedKeysOptimized(NioEventLoop.java:579)
	at org.apache.ratis.thirdparty.io.netty.channel.nio.NioEventLoop.processSelectedKeys(NioEventLoop.java:496)
	at org.apache.ratis.thirdparty.io.netty.channel.nio.NioEventLoop.run(NioEventLoop.java:458)
	at org.apache.ratis.thirdparty.io.netty.util.concurrent.SingleThreadEventExecutor$5.run(SingleThreadEventExecutor.java:897)
	at org.apache.ratis.thirdparty.io.netty.util.concurrent.FastThreadLocalRunnable.run(FastThreadLocalRunnable.java:30)
	... 1 more
Caused by: java.net.ConnectException: Connection refused
	... 11 more
2019-10-21 22:01:46,671 [a36a670b-6f05-41e5-b505-2b1a8d9f1f79@group-129E33F6DE87-LeaderElection171] INFO  impl.LeaderElection (LogUtils.java:infoOrTrace(149)) -   Exception 1: {}
java.util.concurrent.ExecutionException: org.apache.ratis.thirdparty.io.grpc.StatusRuntimeException: UNAVAILABLE: io exception
	at java.util.concurrent.FutureTask.report(FutureTask.java:122)
	at java.util.concurrent.FutureTask.get(FutureTask.java:192)
	at org.apache.ratis.server.impl.LeaderElection.waitForResults(LeaderElection.java:259)
	at org.apache.ratis.server.impl.LeaderElection.askForVotes(LeaderElection.java:197)
	at org.apache.ratis.server.impl.LeaderElection.run(LeaderElection.java:133)
	at java.lang.Thread.run(Thread.java:748)
Caused by: org.apache.ratis.thirdparty.io.grpc.StatusRuntimeException: UNAVAILABLE: io exception
	at org.apache.ratis.thirdparty.io.grpc.stub.ClientCalls.toStatusRuntimeException(ClientCalls.java:233)
	at org.apache.ratis.thirdparty.io.grpc.stub.ClientCalls.getUnchecked(ClientCalls.java:214)
	at org.apache.ratis.thirdparty.io.grpc.stub.ClientCalls.blockingUnaryCall(ClientCalls.java:139)
	at org.apache.ratis.proto.grpc.RaftServerProtocolServiceGrpc$RaftServerProtocolServiceBlockingStub.requestVote(RaftServerProtocolServiceGrpc.java:265)
	at org.apache.ratis.grpc.server.GrpcServerProtocolClient.requestVote(GrpcServerProtocolClient.java:99)
	at org.apache.ratis.grpc.server.GrpcService.requestVote(GrpcService.java:204)
	at org.apache.ratis.server.impl.LeaderElection.lambda$submitRequests$1(LeaderElection.java:234)
	at java.util.concurrent.FutureTask.run(FutureTask.java:266)
	at java.util.concurrent.Executors$RunnableAdapter.call(Executors.java:511)
	at java.util.concurrent.FutureTask.run(FutureTask.java:266)
	at java.util.concurrent.ThreadPoolExecutor.runWorker(ThreadPoolExecutor.java:1149)
	at java.util.concurrent.ThreadPoolExecutor$Worker.run(ThreadPoolExecutor.java:624)
	... 1 more
Caused by: org.apache.ratis.thirdparty.io.netty.channel.AbstractChannel$AnnotatedConnectException: Connection refused: /192.168.34.8:43170
	at sun.nio.ch.SocketChannelImpl.checkConnect(Native Method)
	at sun.nio.ch.SocketChannelImpl.finishConnect(SocketChannelImpl.java:717)
	at org.apache.ratis.thirdparty.io.netty.channel.socket.nio.NioSocketChannel.doFinishConnect(NioSocketChannel.java:327)
	at org.apache.ratis.thirdparty.io.netty.channel.nio.AbstractNioChannel$AbstractNioUnsafe.finishConnect(AbstractNioChannel.java:340)
	at org.apache.ratis.thirdparty.io.netty.channel.nio.NioEventLoop.processSelectedKey(NioEventLoop.java:632)
	at org.apache.ratis.thirdparty.io.netty.channel.nio.NioEventLoop.processSelectedKeysOptimized(NioEventLoop.java:579)
	at org.apache.ratis.thirdparty.io.netty.channel.nio.NioEventLoop.processSelectedKeys(NioEventLoop.java:496)
	at org.apache.ratis.thirdparty.io.netty.channel.nio.NioEventLoop.run(NioEventLoop.java:458)
	at org.apache.ratis.thirdparty.io.netty.util.concurrent.SingleThreadEventExecutor$5.run(SingleThreadEventExecutor.java:897)
	at org.apache.ratis.thirdparty.io.netty.util.concurrent.FastThreadLocalRunnable.run(FastThreadLocalRunnable.java:30)
	... 1 more
Caused by: java.net.ConnectException: Connection refused
	... 11 more
2019-10-21 22:01:46,672 [a36a670b-6f05-41e5-b505-2b1a8d9f1f79@group-129E33F6DE87-LeaderElection171] INFO  impl.RaftServerImpl (RaftServerImpl.java:setRole(184)) - a36a670b-6f05-41e5-b505-2b1a8d9f1f79@group-129E33F6DE87: changes role from CANDIDATE to FOLLOWER at term 156 for DISCOVERED_A_NEW_TERM
2019-10-21 22:01:46,672 [a36a670b-6f05-41e5-b505-2b1a8d9f1f79@group-129E33F6DE87-LeaderElection171] INFO  impl.RoleInfo (RoleInfo.java:shutdownLeaderElection(134)) - a36a670b-6f05-41e5-b505-2b1a8d9f1f79: shutdown LeaderElection
2019-10-21 22:01:46,672 [a36a670b-6f05-41e5-b505-2b1a8d9f1f79@group-129E33F6DE87-LeaderElection171] INFO  impl.RoleInfo (RoleInfo.java:updateAndGet(143)) - a36a670b-6f05-41e5-b505-2b1a8d9f1f79: start FollowerState
2019-10-21 22:01:47,672 [Thread-1638] INFO  impl.FollowerState (FollowerState.java:run(108)) - e152cc11-8922-4c62-a829-a835e5f58570@group-6834AB77F819-FollowerState: change to CANDIDATE, lastRpcTime:1165ms, electionTimeout:1165ms
2019-10-21 22:01:47,672 [Thread-1638] INFO  impl.RoleInfo (RoleInfo.java:shutdownFollowerState(121)) - e152cc11-8922-4c62-a829-a835e5f58570: shutdown FollowerState
2019-10-21 22:01:47,672 [Thread-1638] INFO  impl.RaftServerImpl (RaftServerImpl.java:setRole(184)) - e152cc11-8922-4c62-a829-a835e5f58570@group-6834AB77F819: changes role from  FOLLOWER to CANDIDATE at term 12 for changeToCandidate
2019-10-21 22:01:47,673 [Thread-1638] INFO  impl.RoleInfo (RoleInfo.java:updateAndGet(143)) - e152cc11-8922-4c62-a829-a835e5f58570: start LeaderElection
2019-10-21 22:01:47,703 [Thread-1642] INFO  impl.FollowerState (FollowerState.java:run(108)) - a36a670b-6f05-41e5-b505-2b1a8d9f1f79@group-129E33F6DE87-FollowerState: change to CANDIDATE, lastRpcTime:1031ms, electionTimeout:1031ms
2019-10-21 22:01:47,704 [Thread-1642] INFO  impl.RoleInfo (RoleInfo.java:shutdownFollowerState(121)) - a36a670b-6f05-41e5-b505-2b1a8d9f1f79: shutdown FollowerState
2019-10-21 22:01:47,704 [Thread-1642] INFO  impl.RaftServerImpl (RaftServerImpl.java:setRole(184)) - a36a670b-6f05-41e5-b505-2b1a8d9f1f79@group-129E33F6DE87: changes role from  FOLLOWER to CANDIDATE at term 156 for changeToCandidate
2019-10-21 22:01:49,133 [Thread-1642] INFO  impl.RoleInfo (RoleInfo.java:updateAndGet(143)) - a36a670b-6f05-41e5-b505-2b1a8d9f1f79: start LeaderElection
2019-10-21 22:01:49,294 [a36a670b-6f05-41e5-b505-2b1a8d9f1f79@group-129E33F6DE87-LeaderElection173] INFO  impl.LeaderElection (LeaderElection.java:askForVotes(178)) - a36a670b-6f05-41e5-b505-2b1a8d9f1f79@group-129E33F6DE87-LeaderElection173: begin an election at term 157 for 0: [756f57d6-6136-46f3-b5ea-af957dae1eda:192.168.34.8:33063, d2d0250e-a378-4f8a-a4ff-ce07d96628f4:192.168.34.8:43170, a36a670b-6f05-41e5-b505-2b1a8d9f1f79:192.168.34.8:32869], old=null
2019-10-21 22:01:49,294 [e152cc11-8922-4c62-a829-a835e5f58570@group-6834AB77F819-LeaderElection172] INFO  impl.LeaderElection (LeaderElection.java:askForVotes(178)) - e152cc11-8922-4c62-a829-a835e5f58570@group-6834AB77F819-LeaderElection172: begin an election at term 13 for 1: [e152cc11-8922-4c62-a829-a835e5f58570:192.168.34.8:34707, 0edd2ec6-20bf-4809-95ac-80dc11748221:192.168.34.8:43533, 28432215-63ab-4c85-86e9-79fb72521e72:192.168.34.8:33589], old=null
2019-10-21 22:01:49,296 [a36a670b-6f05-41e5-b505-2b1a8d9f1f79@group-129E33F6DE87-LeaderElection173] INFO  impl.LeaderElection (LogUtils.java:infoOrTrace(149)) - a36a670b-6f05-41e5-b505-2b1a8d9f1f79@group-129E33F6DE87-LeaderElection173 got exception when requesting votes: {}
java.util.concurrent.ExecutionException: org.apache.ratis.thirdparty.io.grpc.StatusRuntimeException: UNAVAILABLE: io exception
	at java.util.concurrent.FutureTask.report(FutureTask.java:122)
	at java.util.concurrent.FutureTask.get(FutureTask.java:192)
	at org.apache.ratis.server.impl.LeaderElection.waitForResults(LeaderElection.java:259)
	at org.apache.ratis.server.impl.LeaderElection.askForVotes(LeaderElection.java:197)
	at org.apache.ratis.server.impl.LeaderElection.run(LeaderElection.java:133)
	at java.lang.Thread.run(Thread.java:748)
Caused by: org.apache.ratis.thirdparty.io.grpc.StatusRuntimeException: UNAVAILABLE: io exception
	at org.apache.ratis.thirdparty.io.grpc.stub.ClientCalls.toStatusRuntimeException(ClientCalls.java:233)
	at org.apache.ratis.thirdparty.io.grpc.stub.ClientCalls.getUnchecked(ClientCalls.java:214)
	at org.apache.ratis.thirdparty.io.grpc.stub.ClientCalls.blockingUnaryCall(ClientCalls.java:139)
	at org.apache.ratis.proto.grpc.RaftServerProtocolServiceGrpc$RaftServerProtocolServiceBlockingStub.requestVote(RaftServerProtocolServiceGrpc.java:265)
	at org.apache.ratis.grpc.server.GrpcServerProtocolClient.requestVote(GrpcServerProtocolClient.java:99)
	at org.apache.ratis.grpc.server.GrpcService.requestVote(GrpcService.java:204)
	at org.apache.ratis.server.impl.LeaderElection.lambda$submitRequests$1(LeaderElection.java:234)
	at java.util.concurrent.FutureTask.run(FutureTask.java:266)
	at java.util.concurrent.Executors$RunnableAdapter.call(Executors.java:511)
	at java.util.concurrent.FutureTask.run(FutureTask.java:266)
	at java.util.concurrent.ThreadPoolExecutor.runWorker(ThreadPoolExecutor.java:1149)
	at java.util.concurrent.ThreadPoolExecutor$Worker.run(ThreadPoolExecutor.java:624)
	... 1 more
Caused by: org.apache.ratis.thirdparty.io.netty.channel.AbstractChannel$AnnotatedConnectException: Connection refused: /192.168.34.8:33063
	at sun.nio.ch.SocketChannelImpl.checkConnect(Native Method)
	at sun.nio.ch.SocketChannelImpl.finishConnect(SocketChannelImpl.java:717)
	at org.apache.ratis.thirdparty.io.netty.channel.socket.nio.NioSocketChannel.doFinishConnect(NioSocketChannel.java:327)
	at org.apache.ratis.thirdparty.io.netty.channel.nio.AbstractNioChannel$AbstractNioUnsafe.finishConnect(AbstractNioChannel.java:340)
	at org.apache.ratis.thirdparty.io.netty.channel.nio.NioEventLoop.processSelectedKey(NioEventLoop.java:632)
	at org.apache.ratis.thirdparty.io.netty.channel.nio.NioEventLoop.processSelectedKeysOptimized(NioEventLoop.java:579)
	at org.apache.ratis.thirdparty.io.netty.channel.nio.NioEventLoop.processSelectedKeys(NioEventLoop.java:496)
	at org.apache.ratis.thirdparty.io.netty.channel.nio.NioEventLoop.run(NioEventLoop.java:458)
	at org.apache.ratis.thirdparty.io.netty.util.concurrent.SingleThreadEventExecutor$5.run(SingleThreadEventExecutor.java:897)
	at org.apache.ratis.thirdparty.io.netty.util.concurrent.FastThreadLocalRunnable.run(FastThreadLocalRunnable.java:30)
	... 1 more
Caused by: java.net.ConnectException: Connection refused
	... 11 more
2019-10-21 22:01:49,296 [e152cc11-8922-4c62-a829-a835e5f58570@group-6834AB77F819-LeaderElection172] INFO  impl.LeaderElection (LogUtils.java:infoOrTrace(149)) - e152cc11-8922-4c62-a829-a835e5f58570@group-6834AB77F819-LeaderElection172 got exception when requesting votes: {}
java.util.concurrent.ExecutionException: org.apache.ratis.thirdparty.io.grpc.StatusRuntimeException: UNAVAILABLE: io exception
	at java.util.concurrent.FutureTask.report(FutureTask.java:122)
	at java.util.concurrent.FutureTask.get(FutureTask.java:192)
	at org.apache.ratis.server.impl.LeaderElection.waitForResults(LeaderElection.java:259)
	at org.apache.ratis.server.impl.LeaderElection.askForVotes(LeaderElection.java:197)
	at org.apache.ratis.server.impl.LeaderElection.run(LeaderElection.java:133)
	at java.lang.Thread.run(Thread.java:748)
Caused by: org.apache.ratis.thirdparty.io.grpc.StatusRuntimeException: UNAVAILABLE: io exception
	at org.apache.ratis.thirdparty.io.grpc.stub.ClientCalls.toStatusRuntimeException(ClientCalls.java:233)
	at org.apache.ratis.thirdparty.io.grpc.stub.ClientCalls.getUnchecked(ClientCalls.java:214)
	at org.apache.ratis.thirdparty.io.grpc.stub.ClientCalls.blockingUnaryCall(ClientCalls.java:139)
	at org.apache.ratis.proto.grpc.RaftServerProtocolServiceGrpc$RaftServerProtocolServiceBlockingStub.requestVote(RaftServerProtocolServiceGrpc.java:265)
	at org.apache.ratis.grpc.server.GrpcServerProtocolClient.requestVote(GrpcServerProtocolClient.java:99)
	at org.apache.ratis.grpc.server.GrpcService.requestVote(GrpcService.java:204)
	at org.apache.ratis.server.impl.LeaderElection.lambda$submitRequests$1(LeaderElection.java:234)
	at java.util.concurrent.FutureTask.run(FutureTask.java:266)
	at java.util.concurrent.Executors$RunnableAdapter.call(Executors.java:511)
	at java.util.concurrent.FutureTask.run(FutureTask.java:266)
	at java.util.concurrent.ThreadPoolExecutor.runWorker(ThreadPoolExecutor.java:1149)
	at java.util.concurrent.ThreadPoolExecutor$Worker.run(ThreadPoolExecutor.java:624)
	... 1 more
Caused by: org.apache.ratis.thirdparty.io.netty.channel.AbstractChannel$AnnotatedConnectException: Connection refused: /192.168.34.8:43533
	at sun.nio.ch.SocketChannelImpl.checkConnect(Native Method)
	at sun.nio.ch.SocketChannelImpl.finishConnect(SocketChannelImpl.java:717)
	at org.apache.ratis.thirdparty.io.netty.channel.socket.nio.NioSocketChannel.doFinishConnect(NioSocketChannel.java:327)
	at org.apache.ratis.thirdparty.io.netty.channel.nio.AbstractNioChannel$AbstractNioUnsafe.finishConnect(AbstractNioChannel.java:340)
	at org.apache.ratis.thirdparty.io.netty.channel.nio.NioEventLoop.processSelectedKey(NioEventLoop.java:632)
	at org.apache.ratis.thirdparty.io.netty.channel.nio.NioEventLoop.processSelectedKeysOptimized(NioEventLoop.java:579)
	at org.apache.ratis.thirdparty.io.netty.channel.nio.NioEventLoop.processSelectedKeys(NioEventLoop.java:496)
	at org.apache.ratis.thirdparty.io.netty.channel.nio.NioEventLoop.run(NioEventLoop.java:458)
	at org.apache.ratis.thirdparty.io.netty.util.concurrent.SingleThreadEventExecutor$5.run(SingleThreadEventExecutor.java:897)
	at org.apache.ratis.thirdparty.io.netty.util.concurrent.FastThreadLocalRunnable.run(FastThreadLocalRunnable.java:30)
	... 1 more
Caused by: java.net.ConnectException: Connection refused
	... 11 more
2019-10-21 22:01:49,298 [a36a670b-6f05-41e5-b505-2b1a8d9f1f79@group-129E33F6DE87-LeaderElection173] INFO  impl.LeaderElection (LogUtils.java:infoOrTrace(149)) - a36a670b-6f05-41e5-b505-2b1a8d9f1f79@group-129E33F6DE87-LeaderElection173 got exception when requesting votes: {}
java.util.concurrent.ExecutionException: org.apache.ratis.thirdparty.io.grpc.StatusRuntimeException: UNAVAILABLE: io exception
	at java.util.concurrent.FutureTask.report(FutureTask.java:122)
	at java.util.concurrent.FutureTask.get(FutureTask.java:192)
	at org.apache.ratis.server.impl.LeaderElection.waitForResults(LeaderElection.java:259)
	at org.apache.ratis.server.impl.LeaderElection.askForVotes(LeaderElection.java:197)
	at org.apache.ratis.server.impl.LeaderElection.run(LeaderElection.java:133)
	at java.lang.Thread.run(Thread.java:748)
Caused by: org.apache.ratis.thirdparty.io.grpc.StatusRuntimeException: UNAVAILABLE: io exception
	at org.apache.ratis.thirdparty.io.grpc.stub.ClientCalls.toStatusRuntimeException(ClientCalls.java:233)
	at org.apache.ratis.thirdparty.io.grpc.stub.ClientCalls.getUnchecked(ClientCalls.java:214)
	at org.apache.ratis.thirdparty.io.grpc.stub.ClientCalls.blockingUnaryCall(ClientCalls.java:139)
	at org.apache.ratis.proto.grpc.RaftServerProtocolServiceGrpc$RaftServerProtocolServiceBlockingStub.requestVote(RaftServerProtocolServiceGrpc.java:265)
	at org.apache.ratis.grpc.server.GrpcServerProtocolClient.requestVote(GrpcServerProtocolClient.java:99)
	at org.apache.ratis.grpc.server.GrpcService.requestVote(GrpcService.java:204)
	at org.apache.ratis.server.impl.LeaderElection.lambda$submitRequests$1(LeaderElection.java:234)
	at java.util.concurrent.FutureTask.run(FutureTask.java:266)
	at java.util.concurrent.Executors$RunnableAdapter.call(Executors.java:511)
	at java.util.concurrent.FutureTask.run(FutureTask.java:266)
	at java.util.concurrent.ThreadPoolExecutor.runWorker(ThreadPoolExecutor.java:1149)
	at java.util.concurrent.ThreadPoolExecutor$Worker.run(ThreadPoolExecutor.java:624)
	... 1 more
Caused by: org.apache.ratis.thirdparty.io.netty.channel.AbstractChannel$AnnotatedConnectException: Connection refused: /192.168.34.8:43170
	at sun.nio.ch.SocketChannelImpl.checkConnect(Native Method)
	at sun.nio.ch.SocketChannelImpl.finishConnect(SocketChannelImpl.java:717)
	at org.apache.ratis.thirdparty.io.netty.channel.socket.nio.NioSocketChannel.doFinishConnect(NioSocketChannel.java:327)
	at org.apache.ratis.thirdparty.io.netty.channel.nio.AbstractNioChannel$AbstractNioUnsafe.finishConnect(AbstractNioChannel.java:340)
	at org.apache.ratis.thirdparty.io.netty.channel.nio.NioEventLoop.processSelectedKey(NioEventLoop.java:632)
	at org.apache.ratis.thirdparty.io.netty.channel.nio.NioEventLoop.processSelectedKeysOptimized(NioEventLoop.java:579)
	at org.apache.ratis.thirdparty.io.netty.channel.nio.NioEventLoop.processSelectedKeys(NioEventLoop.java:496)
	at org.apache.ratis.thirdparty.io.netty.channel.nio.NioEventLoop.run(NioEventLoop.java:458)
	at org.apache.ratis.thirdparty.io.netty.util.concurrent.SingleThreadEventExecutor$5.run(SingleThreadEventExecutor.java:897)
	at org.apache.ratis.thirdparty.io.netty.util.concurrent.FastThreadLocalRunnable.run(FastThreadLocalRunnable.java:30)
	... 1 more
Caused by: java.net.ConnectException: Connection refused
	... 11 more
2019-10-21 22:01:49,300 [e152cc11-8922-4c62-a829-a835e5f58570@group-6834AB77F819-LeaderElection172] INFO  impl.LeaderElection (LogUtils.java:infoOrTrace(149)) - e152cc11-8922-4c62-a829-a835e5f58570@group-6834AB77F819-LeaderElection172 got exception when requesting votes: {}
java.util.concurrent.ExecutionException: org.apache.ratis.thirdparty.io.grpc.StatusRuntimeException: UNAVAILABLE: io exception
	at java.util.concurrent.FutureTask.report(FutureTask.java:122)
	at java.util.concurrent.FutureTask.get(FutureTask.java:192)
	at org.apache.ratis.server.impl.LeaderElection.waitForResults(LeaderElection.java:259)
	at org.apache.ratis.server.impl.LeaderElection.askForVotes(LeaderElection.java:197)
	at org.apache.ratis.server.impl.LeaderElection.run(LeaderElection.java:133)
	at java.lang.Thread.run(Thread.java:748)
Caused by: org.apache.ratis.thirdparty.io.grpc.StatusRuntimeException: UNAVAILABLE: io exception
	at org.apache.ratis.thirdparty.io.grpc.stub.ClientCalls.toStatusRuntimeException(ClientCalls.java:233)
	at org.apache.ratis.thirdparty.io.grpc.stub.ClientCalls.getUnchecked(ClientCalls.java:214)
	at org.apache.ratis.thirdparty.io.grpc.stub.ClientCalls.blockingUnaryCall(ClientCalls.java:139)
	at org.apache.ratis.proto.grpc.RaftServerProtocolServiceGrpc$RaftServerProtocolServiceBlockingStub.requestVote(RaftServerProtocolServiceGrpc.java:265)
	at org.apache.ratis.grpc.server.GrpcServerProtocolClient.requestVote(GrpcServerProtocolClient.java:99)
	at org.apache.ratis.grpc.server.GrpcService.requestVote(GrpcService.java:204)
	at org.apache.ratis.server.impl.LeaderElection.lambda$submitRequests$1(LeaderElection.java:234)
	at java.util.concurrent.FutureTask.run(FutureTask.java:266)
	at java.util.concurrent.Executors$RunnableAdapter.call(Executors.java:511)
	at java.util.concurrent.FutureTask.run(FutureTask.java:266)
	at java.util.concurrent.ThreadPoolExecutor.runWorker(ThreadPoolExecutor.java:1149)
	at java.util.concurrent.ThreadPoolExecutor$Worker.run(ThreadPoolExecutor.java:624)
	... 1 more
Caused by: org.apache.ratis.thirdparty.io.netty.channel.AbstractChannel$AnnotatedConnectException: Connection refused: /192.168.34.8:33589
	at sun.nio.ch.SocketChannelImpl.checkConnect(Native Method)
	at sun.nio.ch.SocketChannelImpl.finishConnect(SocketChannelImpl.java:717)
	at org.apache.ratis.thirdparty.io.netty.channel.socket.nio.NioSocketChannel.doFinishConnect(NioSocketChannel.java:327)
	at org.apache.ratis.thirdparty.io.netty.channel.nio.AbstractNioChannel$AbstractNioUnsafe.finishConnect(AbstractNioChannel.java:340)
	at org.apache.ratis.thirdparty.io.netty.channel.nio.NioEventLoop.processSelectedKey(NioEventLoop.java:632)
	at org.apache.ratis.thirdparty.io.netty.channel.nio.NioEventLoop.processSelectedKeysOptimized(NioEventLoop.java:579)
	at org.apache.ratis.thirdparty.io.netty.channel.nio.NioEventLoop.processSelectedKeys(NioEventLoop.java:496)
	at org.apache.ratis.thirdparty.io.netty.channel.nio.NioEventLoop.run(NioEventLoop.java:458)
	at org.apache.ratis.thirdparty.io.netty.util.concurrent.SingleThreadEventExecutor$5.run(SingleThreadEventExecutor.java:897)
	at org.apache.ratis.thirdparty.io.netty.util.concurrent.FastThreadLocalRunnable.run(FastThreadLocalRunnable.java:30)
	... 1 more
Caused by: java.net.ConnectException: Connection refused
	... 11 more
2019-10-21 22:01:49,301 [a36a670b-6f05-41e5-b505-2b1a8d9f1f79@group-129E33F6DE87-LeaderElection173] INFO  impl.LeaderElection (LeaderElection.java:logAndReturn(56)) - a36a670b-6f05-41e5-b505-2b1a8d9f1f79@group-129E33F6DE87-LeaderElection173: Election REJECTED; received 0 response(s) [] and 2 exception(s); a36a670b-6f05-41e5-b505-2b1a8d9f1f79@group-129E33F6DE87:t157, leader=null, voted=a36a670b-6f05-41e5-b505-2b1a8d9f1f79, raftlog=a36a670b-6f05-41e5-b505-2b1a8d9f1f79@group-129E33F6DE87-SegmentedRaftLog:OPENED:c0,f0,i0, conf=0: [756f57d6-6136-46f3-b5ea-af957dae1eda:192.168.34.8:33063, d2d0250e-a378-4f8a-a4ff-ce07d96628f4:192.168.34.8:43170, a36a670b-6f05-41e5-b505-2b1a8d9f1f79:192.168.34.8:32869], old=null
2019-10-21 22:01:49,309 [e152cc11-8922-4c62-a829-a835e5f58570@group-6834AB77F819-LeaderElection172] INFO  impl.LeaderElection (LeaderElection.java:logAndReturn(56)) - e152cc11-8922-4c62-a829-a835e5f58570@group-6834AB77F819-LeaderElection172: Election REJECTED; received 0 response(s) [] and 2 exception(s); e152cc11-8922-4c62-a829-a835e5f58570@group-6834AB77F819:t13, leader=null, voted=e152cc11-8922-4c62-a829-a835e5f58570, raftlog=e152cc11-8922-4c62-a829-a835e5f58570@group-6834AB77F819-SegmentedRaftLog:OPENED:c6,f6,i6, conf=1: [e152cc11-8922-4c62-a829-a835e5f58570:192.168.34.8:34707, 0edd2ec6-20bf-4809-95ac-80dc11748221:192.168.34.8:43533, 28432215-63ab-4c85-86e9-79fb72521e72:192.168.34.8:33589], old=null
2019-10-21 22:01:49,310 [a36a670b-6f05-41e5-b505-2b1a8d9f1f79@group-129E33F6DE87-LeaderElection173] INFO  impl.LeaderElection (LogUtils.java:infoOrTrace(149)) -   Exception 0: {}
java.util.concurrent.ExecutionException: org.apache.ratis.thirdparty.io.grpc.StatusRuntimeException: UNAVAILABLE: io exception
	at java.util.concurrent.FutureTask.report(FutureTask.java:122)
	at java.util.concurrent.FutureTask.get(FutureTask.java:192)
	at org.apache.ratis.server.impl.LeaderElection.waitForResults(LeaderElection.java:259)
	at org.apache.ratis.server.impl.LeaderElection.askForVotes(LeaderElection.java:197)
	at org.apache.ratis.server.impl.LeaderElection.run(LeaderElection.java:133)
	at java.lang.Thread.run(Thread.java:748)
Caused by: org.apache.ratis.thirdparty.io.grpc.StatusRuntimeException: UNAVAILABLE: io exception
	at org.apache.ratis.thirdparty.io.grpc.stub.ClientCalls.toStatusRuntimeException(ClientCalls.java:233)
	at org.apache.ratis.thirdparty.io.grpc.stub.ClientCalls.getUnchecked(ClientCalls.java:214)
	at org.apache.ratis.thirdparty.io.grpc.stub.ClientCalls.blockingUnaryCall(ClientCalls.java:139)
	at org.apache.ratis.proto.grpc.RaftServerProtocolServiceGrpc$RaftServerProtocolServiceBlockingStub.requestVote(RaftServerProtocolServiceGrpc.java:265)
	at org.apache.ratis.grpc.server.GrpcServerProtocolClient.requestVote(GrpcServerProtocolClient.java:99)
	at org.apache.ratis.grpc.server.GrpcService.requestVote(GrpcService.java:204)
	at org.apache.ratis.server.impl.LeaderElection.lambda$submitRequests$1(LeaderElection.java:234)
	at java.util.concurrent.FutureTask.run(FutureTask.java:266)
	at java.util.concurrent.Executors$RunnableAdapter.call(Executors.java:511)
	at java.util.concurrent.FutureTask.run(FutureTask.java:266)
	at java.util.concurrent.ThreadPoolExecutor.runWorker(ThreadPoolExecutor.java:1149)
	at java.util.concurrent.ThreadPoolExecutor$Worker.run(ThreadPoolExecutor.java:624)
	... 1 more
Caused by: org.apache.ratis.thirdparty.io.netty.channel.AbstractChannel$AnnotatedConnectException: Connection refused: /192.168.34.8:33063
	at sun.nio.ch.SocketChannelImpl.checkConnect(Native Method)
	at sun.nio.ch.SocketChannelImpl.finishConnect(SocketChannelImpl.java:717)
	at org.apache.ratis.thirdparty.io.netty.channel.socket.nio.NioSocketChannel.doFinishConnect(NioSocketChannel.java:327)
	at org.apache.ratis.thirdparty.io.netty.channel.nio.AbstractNioChannel$AbstractNioUnsafe.finishConnect(AbstractNioChannel.java:340)
	at org.apache.ratis.thirdparty.io.netty.channel.nio.NioEventLoop.processSelectedKey(NioEventLoop.java:632)
	at org.apache.ratis.thirdparty.io.netty.channel.nio.NioEventLoop.processSelectedKeysOptimized(NioEventLoop.java:579)
	at org.apache.ratis.thirdparty.io.netty.channel.nio.NioEventLoop.processSelectedKeys(NioEventLoop.java:496)
	at org.apache.ratis.thirdparty.io.netty.channel.nio.NioEventLoop.run(NioEventLoop.java:458)
	at org.apache.ratis.thirdparty.io.netty.util.concurrent.SingleThreadEventExecutor$5.run(SingleThreadEventExecutor.java:897)
	at org.apache.ratis.thirdparty.io.netty.util.concurrent.FastThreadLocalRunnable.run(FastThreadLocalRunnable.java:30)
	... 1 more
Caused by: java.net.ConnectException: Connection refused
	... 11 more
2019-10-21 22:01:49,310 [e152cc11-8922-4c62-a829-a835e5f58570@group-6834AB77F819-LeaderElection172] INFO  impl.LeaderElection (LogUtils.java:infoOrTrace(149)) -   Exception 0: {}
java.util.concurrent.ExecutionException: org.apache.ratis.thirdparty.io.grpc.StatusRuntimeException: UNAVAILABLE: io exception
	at java.util.concurrent.FutureTask.report(FutureTask.java:122)
	at java.util.concurrent.FutureTask.get(FutureTask.java:192)
	at org.apache.ratis.server.impl.LeaderElection.waitForResults(LeaderElection.java:259)
	at org.apache.ratis.server.impl.LeaderElection.askForVotes(LeaderElection.java:197)
	at org.apache.ratis.server.impl.LeaderElection.run(LeaderElection.java:133)
	at java.lang.Thread.run(Thread.java:748)
Caused by: org.apache.ratis.thirdparty.io.grpc.StatusRuntimeException: UNAVAILABLE: io exception
	at org.apache.ratis.thirdparty.io.grpc.stub.ClientCalls.toStatusRuntimeException(ClientCalls.java:233)
	at org.apache.ratis.thirdparty.io.grpc.stub.ClientCalls.getUnchecked(ClientCalls.java:214)
	at org.apache.ratis.thirdparty.io.grpc.stub.ClientCalls.blockingUnaryCall(ClientCalls.java:139)
	at org.apache.ratis.proto.grpc.RaftServerProtocolServiceGrpc$RaftServerProtocolServiceBlockingStub.requestVote(RaftServerProtocolServiceGrpc.java:265)
	at org.apache.ratis.grpc.server.GrpcServerProtocolClient.requestVote(GrpcServerProtocolClient.java:99)
	at org.apache.ratis.grpc.server.GrpcService.requestVote(GrpcService.java:204)
	at org.apache.ratis.server.impl.LeaderElection.lambda$submitRequests$1(LeaderElection.java:234)
	at java.util.concurrent.FutureTask.run(FutureTask.java:266)
	at java.util.concurrent.Executors$RunnableAdapter.call(Executors.java:511)
	at java.util.concurrent.FutureTask.run(FutureTask.java:266)
	at java.util.concurrent.ThreadPoolExecutor.runWorker(ThreadPoolExecutor.java:1149)
	at java.util.concurrent.ThreadPoolExecutor$Worker.run(ThreadPoolExecutor.java:624)
	... 1 more
Caused by: org.apache.ratis.thirdparty.io.netty.channel.AbstractChannel$AnnotatedConnectException: Connection refused: /192.168.34.8:43533
	at sun.nio.ch.SocketChannelImpl.checkConnect(Native Method)
	at sun.nio.ch.SocketChannelImpl.finishConnect(SocketChannelImpl.java:717)
	at org.apache.ratis.thirdparty.io.netty.channel.socket.nio.NioSocketChannel.doFinishConnect(NioSocketChannel.java:327)
	at org.apache.ratis.thirdparty.io.netty.channel.nio.AbstractNioChannel$AbstractNioUnsafe.finishConnect(AbstractNioChannel.java:340)
	at org.apache.ratis.thirdparty.io.netty.channel.nio.NioEventLoop.processSelectedKey(NioEventLoop.java:632)
	at org.apache.ratis.thirdparty.io.netty.channel.nio.NioEventLoop.processSelectedKeysOptimized(NioEventLoop.java:579)
	at org.apache.ratis.thirdparty.io.netty.channel.nio.NioEventLoop.processSelectedKeys(NioEventLoop.java:496)
	at org.apache.ratis.thirdparty.io.netty.channel.nio.NioEventLoop.run(NioEventLoop.java:458)
	at org.apache.ratis.thirdparty.io.netty.util.concurrent.SingleThreadEventExecutor$5.run(SingleThreadEventExecutor.java:897)
	at org.apache.ratis.thirdparty.io.netty.util.concurrent.FastThreadLocalRunnable.run(FastThreadLocalRunnable.java:30)
	... 1 more
Caused by: java.net.ConnectException: Connection refused
	... 11 more
2019-10-21 22:01:49,310 [e152cc11-8922-4c62-a829-a835e5f58570@group-6834AB77F819-LeaderElection172] INFO  impl.LeaderElection (LogUtils.java:infoOrTrace(149)) -   Exception 1: {}
java.util.concurrent.ExecutionException: org.apache.ratis.thirdparty.io.grpc.StatusRuntimeException: UNAVAILABLE: io exception
	at java.util.concurrent.FutureTask.report(FutureTask.java:122)
	at java.util.concurrent.FutureTask.get(FutureTask.java:192)
	at org.apache.ratis.server.impl.LeaderElection.waitForResults(LeaderElection.java:259)
	at org.apache.ratis.server.impl.LeaderElection.askForVotes(LeaderElection.java:197)
	at org.apache.ratis.server.impl.LeaderElection.run(LeaderElection.java:133)
	at java.lang.Thread.run(Thread.java:748)
Caused by: org.apache.ratis.thirdparty.io.grpc.StatusRuntimeException: UNAVAILABLE: io exception
	at org.apache.ratis.thirdparty.io.grpc.stub.ClientCalls.toStatusRuntimeException(ClientCalls.java:233)
	at org.apache.ratis.thirdparty.io.grpc.stub.ClientCalls.getUnchecked(ClientCalls.java:214)
	at org.apache.ratis.thirdparty.io.grpc.stub.ClientCalls.blockingUnaryCall(ClientCalls.java:139)
	at org.apache.ratis.proto.grpc.RaftServerProtocolServiceGrpc$RaftServerProtocolServiceBlockingStub.requestVote(RaftServerProtocolServiceGrpc.java:265)
	at org.apache.ratis.grpc.server.GrpcServerProtocolClient.requestVote(GrpcServerProtocolClient.java:99)
	at org.apache.ratis.grpc.server.GrpcService.requestVote(GrpcService.java:204)
	at org.apache.ratis.server.impl.LeaderElection.lambda$submitRequests$1(LeaderElection.java:234)
	at java.util.concurrent.FutureTask.run(FutureTask.java:266)
	at java.util.concurrent.Executors$RunnableAdapter.call(Executors.java:511)
	at java.util.concurrent.FutureTask.run(FutureTask.java:266)
	at java.util.concurrent.ThreadPoolExecutor.runWorker(ThreadPoolExecutor.java:1149)
	at java.util.concurrent.ThreadPoolExecutor$Worker.run(ThreadPoolExecutor.java:624)
	... 1 more
Caused by: org.apache.ratis.thirdparty.io.netty.channel.AbstractChannel$AnnotatedConnectException: Connection refused: /192.168.34.8:33589
	at sun.nio.ch.SocketChannelImpl.checkConnect(Native Method)
	at sun.nio.ch.SocketChannelImpl.finishConnect(SocketChannelImpl.java:717)
	at org.apache.ratis.thirdparty.io.netty.channel.socket.nio.NioSocketChannel.doFinishConnect(NioSocketChannel.java:327)
	at org.apache.ratis.thirdparty.io.netty.channel.nio.AbstractNioChannel$AbstractNioUnsafe.finishConnect(AbstractNioChannel.java:340)
	at org.apache.ratis.thirdparty.io.netty.channel.nio.NioEventLoop.processSelectedKey(NioEventLoop.java:632)
	at org.apache.ratis.thirdparty.io.netty.channel.nio.NioEventLoop.processSelectedKeysOptimized(NioEventLoop.java:579)
	at org.apache.ratis.thirdparty.io.netty.channel.nio.NioEventLoop.processSelectedKeys(NioEventLoop.java:496)
	at org.apache.ratis.thirdparty.io.netty.channel.nio.NioEventLoop.run(NioEventLoop.java:458)
	at org.apache.ratis.thirdparty.io.netty.util.concurrent.SingleThreadEventExecutor$5.run(SingleThreadEventExecutor.java:897)
	at org.apache.ratis.thirdparty.io.netty.util.concurrent.FastThreadLocalRunnable.run(FastThreadLocalRunnable.java:30)
	... 1 more
Caused by: java.net.ConnectException: Connection refused
	... 11 more
2019-10-21 22:01:49,310 [a36a670b-6f05-41e5-b505-2b1a8d9f1f79@group-129E33F6DE87-LeaderElection173] INFO  impl.LeaderElection (LogUtils.java:infoOrTrace(149)) -   Exception 1: {}
java.util.concurrent.ExecutionException: org.apache.ratis.thirdparty.io.grpc.StatusRuntimeException: UNAVAILABLE: io exception
	at java.util.concurrent.FutureTask.report(FutureTask.java:122)
	at java.util.concurrent.FutureTask.get(FutureTask.java:192)
	at org.apache.ratis.server.impl.LeaderElection.waitForResults(LeaderElection.java:259)
	at org.apache.ratis.server.impl.LeaderElection.askForVotes(LeaderElection.java:197)
	at org.apache.ratis.server.impl.LeaderElection.run(LeaderElection.java:133)
	at java.lang.Thread.run(Thread.java:748)
Caused by: org.apache.ratis.thirdparty.io.grpc.StatusRuntimeException: UNAVAILABLE: io exception
	at org.apache.ratis.thirdparty.io.grpc.stub.ClientCalls.toStatusRuntimeException(ClientCalls.java:233)
	at org.apache.ratis.thirdparty.io.grpc.stub.ClientCalls.getUnchecked(ClientCalls.java:214)
	at org.apache.ratis.thirdparty.io.grpc.stub.ClientCalls.blockingUnaryCall(ClientCalls.java:139)
	at org.apache.ratis.proto.grpc.RaftServerProtocolServiceGrpc$RaftServerProtocolServiceBlockingStub.requestVote(RaftServerProtocolServiceGrpc.java:265)
	at org.apache.ratis.grpc.server.GrpcServerProtocolClient.requestVote(GrpcServerProtocolClient.java:99)
	at org.apache.ratis.grpc.server.GrpcService.requestVote(GrpcService.java:204)
	at org.apache.ratis.server.impl.LeaderElection.lambda$submitRequests$1(LeaderElection.java:234)
	at java.util.concurrent.FutureTask.run(FutureTask.java:266)
	at java.util.concurrent.Executors$RunnableAdapter.call(Executors.java:511)
	at java.util.concurrent.FutureTask.run(FutureTask.java:266)
	at java.util.concurrent.ThreadPoolExecutor.runWorker(ThreadPoolExecutor.java:1149)
	at java.util.concurrent.ThreadPoolExecutor$Worker.run(ThreadPoolExecutor.java:624)
	... 1 more
Caused by: org.apache.ratis.thirdparty.io.netty.channel.AbstractChannel$AnnotatedConnectException: Connection refused: /192.168.34.8:43170
	at sun.nio.ch.SocketChannelImpl.checkConnect(Native Method)
	at sun.nio.ch.SocketChannelImpl.finishConnect(SocketChannelImpl.java:717)
	at org.apache.ratis.thirdparty.io.netty.channel.socket.nio.NioSocketChannel.doFinishConnect(NioSocketChannel.java:327)
	at org.apache.ratis.thirdparty.io.netty.channel.nio.AbstractNioChannel$AbstractNioUnsafe.finishConnect(AbstractNioChannel.java:340)
	at org.apache.ratis.thirdparty.io.netty.channel.nio.NioEventLoop.processSelectedKey(NioEventLoop.java:632)
	at org.apache.ratis.thirdparty.io.netty.channel.nio.NioEventLoop.processSelectedKeysOptimized(NioEventLoop.java:579)
	at org.apache.ratis.thirdparty.io.netty.channel.nio.NioEventLoop.processSelectedKeys(NioEventLoop.java:496)
	at org.apache.ratis.thirdparty.io.netty.channel.nio.NioEventLoop.run(NioEventLoop.java:458)
	at org.apache.ratis.thirdparty.io.netty.util.concurrent.SingleThreadEventExecutor$5.run(SingleThreadEventExecutor.java:897)
	at org.apache.ratis.thirdparty.io.netty.util.concurrent.FastThreadLocalRunnable.run(FastThreadLocalRunnable.java:30)
	... 1 more
Caused by: java.net.ConnectException: Connection refused
	... 11 more
2019-10-21 22:01:49,311 [e152cc11-8922-4c62-a829-a835e5f58570@group-6834AB77F819-LeaderElection172] INFO  impl.RaftServerImpl (RaftServerImpl.java:setRole(184)) - e152cc11-8922-4c62-a829-a835e5f58570@group-6834AB77F819: changes role from CANDIDATE to FOLLOWER at term 13 for DISCOVERED_A_NEW_TERM
2019-10-21 22:01:49,311 [a36a670b-6f05-41e5-b505-2b1a8d9f1f79@group-129E33F6DE87-LeaderElection173] INFO  impl.RaftServerImpl (RaftServerImpl.java:setRole(184)) - a36a670b-6f05-41e5-b505-2b1a8d9f1f79@group-129E33F6DE87: changes role from CANDIDATE to FOLLOWER at term 157 for DISCOVERED_A_NEW_TERM
2019-10-21 22:01:49,311 [e152cc11-8922-4c62-a829-a835e5f58570@group-6834AB77F819-LeaderElection172] INFO  impl.RoleInfo (RoleInfo.java:shutdownLeaderElection(134)) - e152cc11-8922-4c62-a829-a835e5f58570: shutdown LeaderElection
2019-10-21 22:01:49,312 [a36a670b-6f05-41e5-b505-2b1a8d9f1f79@group-129E33F6DE87-LeaderElection173] INFO  impl.RoleInfo (RoleInfo.java:shutdownLeaderElection(134)) - a36a670b-6f05-41e5-b505-2b1a8d9f1f79: shutdown LeaderElection
2019-10-21 22:01:49,312 [e152cc11-8922-4c62-a829-a835e5f58570@group-6834AB77F819-LeaderElection172] INFO  impl.RoleInfo (RoleInfo.java:updateAndGet(143)) - e152cc11-8922-4c62-a829-a835e5f58570: start FollowerState
2019-10-21 22:01:49,312 [a36a670b-6f05-41e5-b505-2b1a8d9f1f79@group-129E33F6DE87-LeaderElection173] INFO  impl.RoleInfo (RoleInfo.java:updateAndGet(143)) - a36a670b-6f05-41e5-b505-2b1a8d9f1f79: start FollowerState
2019-10-21 22:01:49,490 [main] INFO  ozoneimpl.OzoneContainer (OzoneContainer.java:stop(227)) - Attempting to stop container services.
2019-10-21 22:01:49,494 [ForkJoinPool.commonPool-worker-0] INFO  ozoneimpl.OzoneContainer (OzoneContainer.java:stop(227)) - Attempting to stop container services.
2019-10-21 22:01:49,495 [main] INFO  impl.RaftServerProxy (RaftServerProxy.java:lambda$close$4(314)) - a3449565-ce80-4cb6-865e-87dc6512587b: close
2019-10-21 22:01:49,495 [ForkJoinPool.commonPool-worker-0] INFO  impl.RaftServerProxy (RaftServerProxy.java:lambda$close$4(314)) - a36a670b-6f05-41e5-b505-2b1a8d9f1f79: close
2019-10-21 22:01:49,495 [main] INFO  impl.RaftServerImpl (RaftServerImpl.java:lambda$shutdown$3(261)) - a3449565-ce80-4cb6-865e-87dc6512587b@group-67620659F319: shutdown
2019-10-21 22:01:49,495 [ForkJoinPool.commonPool-worker-0] INFO  impl.RaftServerImpl (RaftServerImpl.java:lambda$shutdown$3(261)) - a36a670b-6f05-41e5-b505-2b1a8d9f1f79@group-81D257CB4385: shutdown
2019-10-21 22:01:49,495 [main] INFO  util.JmxRegister (JmxRegister.java:unregister(73)) - Successfully un-registered JMX Bean with object name Ratis:service=RaftServer,group=group-67620659F319,id=a3449565-ce80-4cb6-865e-87dc6512587b
2019-10-21 22:01:49,495 [ForkJoinPool.commonPool-worker-0] INFO  util.JmxRegister (JmxRegister.java:unregister(73)) - Successfully un-registered JMX Bean with object name Ratis:service=RaftServer,group=group-81D257CB4385,id=a36a670b-6f05-41e5-b505-2b1a8d9f1f79
2019-10-21 22:01:49,496 [main] INFO  impl.RoleInfo (RoleInfo.java:shutdownLeaderState(104)) - a3449565-ce80-4cb6-865e-87dc6512587b: shutdown LeaderState
2019-10-21 22:01:49,496 [ForkJoinPool.commonPool-worker-0] INFO  impl.RoleInfo (RoleInfo.java:shutdownLeaderState(104)) - a36a670b-6f05-41e5-b505-2b1a8d9f1f79: shutdown LeaderState
2019-10-21 22:01:49,496 [main] INFO  impl.PendingRequests (PendingRequests.java:sendNotLeaderResponses(202)) - a3449565-ce80-4cb6-865e-87dc6512587b@group-67620659F319-PendingRequests: sendNotLeaderResponses
2019-10-21 22:01:49,496 [ForkJoinPool.commonPool-worker-0] INFO  impl.PendingRequests (PendingRequests.java:sendNotLeaderResponses(202)) - a36a670b-6f05-41e5-b505-2b1a8d9f1f79@group-81D257CB4385-PendingRequests: sendNotLeaderResponses
2019-10-21 22:01:49,496 [ForkJoinPool.commonPool-worker-0] INFO  impl.StateMachineUpdater (StateMachineUpdater.java:stopAndJoin(136)) - a36a670b-6f05-41e5-b505-2b1a8d9f1f79@group-81D257CB4385-StateMachineUpdater: set stopIndex = 0
2019-10-21 22:01:49,496 [main] INFO  impl.StateMachineUpdater (StateMachineUpdater.java:stopAndJoin(136)) - a3449565-ce80-4cb6-865e-87dc6512587b@group-67620659F319-StateMachineUpdater: set stopIndex = 0
2019-10-21 22:01:49,497 [ForkJoinPool.commonPool-worker-0] INFO  impl.RaftServerImpl (ServerState.java:close(388)) - a36a670b-6f05-41e5-b505-2b1a8d9f1f79@group-81D257CB4385: closes. applyIndex: 0
2019-10-21 22:01:49,497 [main] INFO  impl.RaftServerImpl (ServerState.java:close(388)) - a3449565-ce80-4cb6-865e-87dc6512587b@group-67620659F319: closes. applyIndex: 0
2019-10-21 22:01:49,498 [a3449565-ce80-4cb6-865e-87dc6512587b@group-67620659F319-SegmentedRaftLogWorker] INFO  segmented.SegmentedRaftLogWorker (SegmentedRaftLogWorker.java:run(316)) - a3449565-ce80-4cb6-865e-87dc6512587b@group-67620659F319-SegmentedRaftLogWorker was interrupted, exiting. There are 0 tasks remaining in the queue.
2019-10-21 22:01:49,498 [a36a670b-6f05-41e5-b505-2b1a8d9f1f79@group-81D257CB4385-SegmentedRaftLogWorker] INFO  segmented.SegmentedRaftLogWorker (SegmentedRaftLogWorker.java:run(316)) - a36a670b-6f05-41e5-b505-2b1a8d9f1f79@group-81D257CB4385-SegmentedRaftLogWorker was interrupted, exiting. There are 0 tasks remaining in the queue.
2019-10-21 22:01:49,501 [main] INFO  segmented.SegmentedRaftLogWorker (SegmentedRaftLogWorker.java:close(224)) - a3449565-ce80-4cb6-865e-87dc6512587b@group-67620659F319-SegmentedRaftLogWorker close()
2019-10-21 22:01:49,502 [ForkJoinPool.commonPool-worker-0] INFO  segmented.SegmentedRaftLogWorker (SegmentedRaftLogWorker.java:close(224)) - a36a670b-6f05-41e5-b505-2b1a8d9f1f79@group-81D257CB4385-SegmentedRaftLogWorker close()
2019-10-21 22:01:49,506 [main] INFO  server.GrpcService (GrpcService.java:closeImpl(164)) - a3449565-ce80-4cb6-865e-87dc6512587b: shutdown server with port 42030 now
2019-10-21 22:01:49,508 [ForkJoinPool.commonPool-worker-0] INFO  impl.RaftServerImpl (RaftServerImpl.java:lambda$shutdown$3(261)) - a36a670b-6f05-41e5-b505-2b1a8d9f1f79@group-129E33F6DE87: shutdown
2019-10-21 22:01:49,509 [ForkJoinPool.commonPool-worker-0] INFO  util.JmxRegister (JmxRegister.java:unregister(73)) - Successfully un-registered JMX Bean with object name Ratis:service=RaftServer,group=group-129E33F6DE87,id=a36a670b-6f05-41e5-b505-2b1a8d9f1f79
2019-10-21 22:01:49,510 [main] INFO  server.GrpcService (GrpcService.java:closeImpl(172)) - a3449565-ce80-4cb6-865e-87dc6512587b: shutdown server with port 42030 successfully
2019-10-21 22:01:49,511 [ForkJoinPool.commonPool-worker-0] INFO  impl.RoleInfo (RoleInfo.java:shutdownFollowerState(121)) - a36a670b-6f05-41e5-b505-2b1a8d9f1f79: shutdown FollowerState
2019-10-21 22:01:49,511 [ForkJoinPool.commonPool-worker-0] INFO  impl.StateMachineUpdater (StateMachineUpdater.java:stopAndJoin(136)) - a36a670b-6f05-41e5-b505-2b1a8d9f1f79@group-129E33F6DE87-StateMachineUpdater: set stopIndex = 0
2019-10-21 22:01:49,511 [Thread-1660] INFO  impl.FollowerState (FollowerState.java:run(117)) - a36a670b-6f05-41e5-b505-2b1a8d9f1f79@group-129E33F6DE87-FollowerState was interrupted: java.lang.InterruptedException: sleep interrupted
2019-10-21 22:01:49,513 [ForkJoinPool.commonPool-worker-0] INFO  impl.RaftServerImpl (ServerState.java:close(388)) - a36a670b-6f05-41e5-b505-2b1a8d9f1f79@group-129E33F6DE87: closes. applyIndex: 0
2019-10-21 22:01:49,514 [a36a670b-6f05-41e5-b505-2b1a8d9f1f79@group-129E33F6DE87-SegmentedRaftLogWorker] INFO  segmented.SegmentedRaftLogWorker (SegmentedRaftLogWorker.java:run(316)) - a36a670b-6f05-41e5-b505-2b1a8d9f1f79@group-129E33F6DE87-SegmentedRaftLogWorker was interrupted, exiting. There are 0 tasks remaining in the queue.
2019-10-21 22:01:49,520 [ForkJoinPool.commonPool-worker-0] INFO  segmented.SegmentedRaftLogWorker (SegmentedRaftLogWorker.java:close(224)) - a36a670b-6f05-41e5-b505-2b1a8d9f1f79@group-129E33F6DE87-SegmentedRaftLogWorker close()
2019-10-21 22:01:49,522 [ForkJoinPool.commonPool-worker-0] INFO  server.GrpcService (GrpcService.java:closeImpl(164)) - a36a670b-6f05-41e5-b505-2b1a8d9f1f79: shutdown server with port 32869 now
2019-10-21 22:01:49,525 [ForkJoinPool.commonPool-worker-0] INFO  server.GrpcService (GrpcService.java:closeImpl(172)) - a36a670b-6f05-41e5-b505-2b1a8d9f1f79: shutdown server with port 32869 successfully
2019-10-21 22:01:49,527 [refreshUsed-/workdir/hadoop-ozone/integration-test/target/test-dir/MiniOzoneClusterImpl-55d22b23-1d78-4564-93d7-1f68b9a0b903/datanode-4/data/containers] WARN  fs.CachingGetSpaceUsed (CachingGetSpaceUsed.java:run(183)) - Thread Interrupted waiting to refresh disk information: sleep interrupted
2019-10-21 22:01:49,529 [refreshUsed-/workdir/hadoop-ozone/integration-test/target/test-dir/MiniOzoneClusterImpl-55d22b23-1d78-4564-93d7-1f68b9a0b903/datanode-8/data/containers] WARN  fs.CachingGetSpaceUsed (CachingGetSpaceUsed.java:run(183)) - Thread Interrupted waiting to refresh disk information: sleep interrupted
2019-10-21 22:01:49,549 [ForkJoinPool.commonPool-worker-0] INFO  utils.BackgroundService (BackgroundService.java:shutdown(151)) - Shutting down service BlockDeletingService
2019-10-21 22:01:49,549 [main] INFO  utils.BackgroundService (BackgroundService.java:shutdown(151)) - Shutting down service BlockDeletingService
2019-10-21 22:01:49,553 [ForkJoinPool.commonPool-worker-0] INFO  statemachine.DatanodeStateMachine (DatanodeStateMachine.java:stopDaemon(395)) - Ozone container server stopped.
2019-10-21 22:01:49,556 [main] INFO  statemachine.DatanodeStateMachine (DatanodeStateMachine.java:stopDaemon(395)) - Ozone container server stopped.
2019-10-21 22:01:49,558 [ForkJoinPool.commonPool-worker-0] INFO  handler.ContextHandler (ContextHandler.java:doStop(910)) - Stopped o.e.j.w.WebAppContext@6b350309{/,null,UNAVAILABLE}{/hddsDatanode}
2019-10-21 22:01:49,558 [main] INFO  handler.ContextHandler (ContextHandler.java:doStop(910)) - Stopped o.e.j.w.WebAppContext@26350ea2{/,null,UNAVAILABLE}{/hddsDatanode}
2019-10-21 22:01:49,558 [ForkJoinPool.commonPool-worker-0] INFO  server.AbstractConnector (AbstractConnector.java:doStop(318)) - Stopped ServerConnector@7ecec90d{HTTP/1.1,[http/1.1]}{0.0.0.0:0}
2019-10-21 22:01:49,560 [ForkJoinPool.commonPool-worker-0] INFO  handler.ContextHandler (ContextHandler.java:doStop(910)) - Stopped o.e.j.s.ServletContextHandler@7100dea{/static,jar:file:/home/user/.m2/repository/org/apache/hadoop/hadoop-hdds-container-service/0.5.0-SNAPSHOT/hadoop-hdds-container-service-0.5.0-SNAPSHOT.jar!/webapps/static,UNAVAILABLE}
2019-10-21 22:01:49,560 [main] INFO  server.AbstractConnector (AbstractConnector.java:doStop(318)) - Stopped ServerConnector@1e9469b8{HTTP/1.1,[http/1.1]}{0.0.0.0:0}
2019-10-21 22:01:49,561 [ForkJoinPool.commonPool-worker-0] INFO  handler.ContextHandler (ContextHandler.java:doStop(910)) - Stopped o.e.j.s.ServletContextHandler@4d21c56e{/logs,file:///workdir/hadoop-ozone/integration-test/target/log,UNAVAILABLE}
2019-10-21 22:01:49,561 [main] INFO  handler.ContextHandler (ContextHandler.java:doStop(910)) - Stopped o.e.j.s.ServletContextHandler@1ab5f08a{/static,jar:file:/home/user/.m2/repository/org/apache/hadoop/hadoop-hdds-container-service/0.5.0-SNAPSHOT/hadoop-hdds-container-service-0.5.0-SNAPSHOT.jar!/webapps/static,UNAVAILABLE}
2019-10-21 22:01:49,562 [main] INFO  handler.ContextHandler (ContextHandler.java:doStop(910)) - Stopped o.e.j.s.ServletContextHandler@623ebac7{/logs,file:///workdir/hadoop-ozone/integration-test/target/log,UNAVAILABLE}
2019-10-21 22:01:49,857 [Datanode State Machine Thread - 0] INFO  statemachine.DatanodeStateMachine (DatanodeStateMachine.java:lambda$startDaemon$0(350)) - Ozone container server started.
2019-10-21 22:01:50,298 [Datanode State Machine Thread - 0] INFO  statemachine.DatanodeStateMachine (DatanodeStateMachine.java:lambda$startDaemon$0(350)) - Ozone container server started.
2019-10-21 22:01:50,366 [Thread-1659] INFO  impl.FollowerState (FollowerState.java:run(108)) - e152cc11-8922-4c62-a829-a835e5f58570@group-6834AB77F819-FollowerState: change to CANDIDATE, lastRpcTime:1054ms, electionTimeout:1054ms
2019-10-21 22:01:50,366 [Thread-1659] INFO  impl.RoleInfo (RoleInfo.java:shutdownFollowerState(121)) - e152cc11-8922-4c62-a829-a835e5f58570: shutdown FollowerState
2019-10-21 22:01:50,367 [Thread-1659] INFO  impl.RaftServerImpl (RaftServerImpl.java:setRole(184)) - e152cc11-8922-4c62-a829-a835e5f58570@group-6834AB77F819: changes role from  FOLLOWER to CANDIDATE at term 13 for changeToCandidate
2019-10-21 22:01:50,367 [Thread-1659] INFO  impl.RoleInfo (RoleInfo.java:updateAndGet(143)) - e152cc11-8922-4c62-a829-a835e5f58570: start LeaderElection
2019-10-21 22:01:50,382 [e152cc11-8922-4c62-a829-a835e5f58570@group-6834AB77F819-LeaderElection174] INFO  impl.LeaderElection (LeaderElection.java:askForVotes(178)) - e152cc11-8922-4c62-a829-a835e5f58570@group-6834AB77F819-LeaderElection174: begin an election at term 14 for 1: [e152cc11-8922-4c62-a829-a835e5f58570:192.168.34.8:34707, 0edd2ec6-20bf-4809-95ac-80dc11748221:192.168.34.8:43533, 28432215-63ab-4c85-86e9-79fb72521e72:192.168.34.8:33589], old=null
2019-10-21 22:01:50,383 [e152cc11-8922-4c62-a829-a835e5f58570@group-6834AB77F819-LeaderElection174] INFO  impl.LeaderElection (LogUtils.java:infoOrTrace(149)) - e152cc11-8922-4c62-a829-a835e5f58570@group-6834AB77F819-LeaderElection174 got exception when requesting votes: {}
java.util.concurrent.ExecutionException: org.apache.ratis.thirdparty.io.grpc.StatusRuntimeException: UNAVAILABLE: io exception
	at java.util.concurrent.FutureTask.report(FutureTask.java:122)
	at java.util.concurrent.FutureTask.get(FutureTask.java:192)
	at org.apache.ratis.server.impl.LeaderElection.waitForResults(LeaderElection.java:259)
	at org.apache.ratis.server.impl.LeaderElection.askForVotes(LeaderElection.java:197)
	at org.apache.ratis.server.impl.LeaderElection.run(LeaderElection.java:133)
	at java.lang.Thread.run(Thread.java:748)
Caused by: org.apache.ratis.thirdparty.io.grpc.StatusRuntimeException: UNAVAILABLE: io exception
	at org.apache.ratis.thirdparty.io.grpc.stub.ClientCalls.toStatusRuntimeException(ClientCalls.java:233)
	at org.apache.ratis.thirdparty.io.grpc.stub.ClientCalls.getUnchecked(ClientCalls.java:214)
	at org.apache.ratis.thirdparty.io.grpc.stub.ClientCalls.blockingUnaryCall(ClientCalls.java:139)
	at org.apache.ratis.proto.grpc.RaftServerProtocolServiceGrpc$RaftServerProtocolServiceBlockingStub.requestVote(RaftServerProtocolServiceGrpc.java:265)
	at org.apache.ratis.grpc.server.GrpcServerProtocolClient.requestVote(GrpcServerProtocolClient.java:99)
	at org.apache.ratis.grpc.server.GrpcService.requestVote(GrpcService.java:204)
	at org.apache.ratis.server.impl.LeaderElection.lambda$submitRequests$1(LeaderElection.java:234)
	at java.util.concurrent.FutureTask.run(FutureTask.java:266)
	at java.util.concurrent.Executors$RunnableAdapter.call(Executors.java:511)
	at java.util.concurrent.FutureTask.run(FutureTask.java:266)
	at java.util.concurrent.ThreadPoolExecutor.runWorker(ThreadPoolExecutor.java:1149)
	at java.util.concurrent.ThreadPoolExecutor$Worker.run(ThreadPoolExecutor.java:624)
	... 1 more
Caused by: org.apache.ratis.thirdparty.io.netty.channel.AbstractChannel$AnnotatedConnectException: Connection refused: /192.168.34.8:43533
	at sun.nio.ch.SocketChannelImpl.checkConnect(Native Method)
	at sun.nio.ch.SocketChannelImpl.finishConnect(SocketChannelImpl.java:717)
	at org.apache.ratis.thirdparty.io.netty.channel.socket.nio.NioSocketChannel.doFinishConnect(NioSocketChannel.java:327)
	at org.apache.ratis.thirdparty.io.netty.channel.nio.AbstractNioChannel$AbstractNioUnsafe.finishConnect(AbstractNioChannel.java:340)
	at org.apache.ratis.thirdparty.io.netty.channel.nio.NioEventLoop.processSelectedKey(NioEventLoop.java:632)
	at org.apache.ratis.thirdparty.io.netty.channel.nio.NioEventLoop.processSelectedKeysOptimized(NioEventLoop.java:579)
	at org.apache.ratis.thirdparty.io.netty.channel.nio.NioEventLoop.processSelectedKeys(NioEventLoop.java:496)
	at org.apache.ratis.thirdparty.io.netty.channel.nio.NioEventLoop.run(NioEventLoop.java:458)
	at org.apache.ratis.thirdparty.io.netty.util.concurrent.SingleThreadEventExecutor$5.run(SingleThreadEventExecutor.java:897)
	at org.apache.ratis.thirdparty.io.netty.util.concurrent.FastThreadLocalRunnable.run(FastThreadLocalRunnable.java:30)
	... 1 more
Caused by: java.net.ConnectException: Connection refused
	... 11 more
2019-10-21 22:01:50,385 [e152cc11-8922-4c62-a829-a835e5f58570@group-6834AB77F819-LeaderElection174] INFO  impl.LeaderElection (LogUtils.java:infoOrTrace(149)) - e152cc11-8922-4c62-a829-a835e5f58570@group-6834AB77F819-LeaderElection174 got exception when requesting votes: {}
java.util.concurrent.ExecutionException: org.apache.ratis.thirdparty.io.grpc.StatusRuntimeException: UNAVAILABLE: io exception
	at java.util.concurrent.FutureTask.report(FutureTask.java:122)
	at java.util.concurrent.FutureTask.get(FutureTask.java:192)
	at org.apache.ratis.server.impl.LeaderElection.waitForResults(LeaderElection.java:259)
	at org.apache.ratis.server.impl.LeaderElection.askForVotes(LeaderElection.java:197)
	at org.apache.ratis.server.impl.LeaderElection.run(LeaderElection.java:133)
	at java.lang.Thread.run(Thread.java:748)
Caused by: org.apache.ratis.thirdparty.io.grpc.StatusRuntimeException: UNAVAILABLE: io exception
	at org.apache.ratis.thirdparty.io.grpc.stub.ClientCalls.toStatusRuntimeException(ClientCalls.java:233)
	at org.apache.ratis.thirdparty.io.grpc.stub.ClientCalls.getUnchecked(ClientCalls.java:214)
	at org.apache.ratis.thirdparty.io.grpc.stub.ClientCalls.blockingUnaryCall(ClientCalls.java:139)
	at org.apache.ratis.proto.grpc.RaftServerProtocolServiceGrpc$RaftServerProtocolServiceBlockingStub.requestVote(RaftServerProtocolServiceGrpc.java:265)
	at org.apache.ratis.grpc.server.GrpcServerProtocolClient.requestVote(GrpcServerProtocolClient.java:99)
	at org.apache.ratis.grpc.server.GrpcService.requestVote(GrpcService.java:204)
	at org.apache.ratis.server.impl.LeaderElection.lambda$submitRequests$1(LeaderElection.java:234)
	at java.util.concurrent.FutureTask.run(FutureTask.java:266)
	at java.util.concurrent.Executors$RunnableAdapter.call(Executors.java:511)
	at java.util.concurrent.FutureTask.run(FutureTask.java:266)
	at java.util.concurrent.ThreadPoolExecutor.runWorker(ThreadPoolExecutor.java:1149)
	at java.util.concurrent.ThreadPoolExecutor$Worker.run(ThreadPoolExecutor.java:624)
	... 1 more
Caused by: org.apache.ratis.thirdparty.io.netty.channel.AbstractChannel$AnnotatedConnectException: Connection refused: /192.168.34.8:33589
	at sun.nio.ch.SocketChannelImpl.checkConnect(Native Method)
	at sun.nio.ch.SocketChannelImpl.finishConnect(SocketChannelImpl.java:717)
	at org.apache.ratis.thirdparty.io.netty.channel.socket.nio.NioSocketChannel.doFinishConnect(NioSocketChannel.java:327)
	at org.apache.ratis.thirdparty.io.netty.channel.nio.AbstractNioChannel$AbstractNioUnsafe.finishConnect(AbstractNioChannel.java:340)
	at org.apache.ratis.thirdparty.io.netty.channel.nio.NioEventLoop.processSelectedKey(NioEventLoop.java:632)
	at org.apache.ratis.thirdparty.io.netty.channel.nio.NioEventLoop.processSelectedKeysOptimized(NioEventLoop.java:579)
	at org.apache.ratis.thirdparty.io.netty.channel.nio.NioEventLoop.processSelectedKeys(NioEventLoop.java:496)
	at org.apache.ratis.thirdparty.io.netty.channel.nio.NioEventLoop.run(NioEventLoop.java:458)
	at org.apache.ratis.thirdparty.io.netty.util.concurrent.SingleThreadEventExecutor$5.run(SingleThreadEventExecutor.java:897)
	at org.apache.ratis.thirdparty.io.netty.util.concurrent.FastThreadLocalRunnable.run(FastThreadLocalRunnable.java:30)
	... 1 more
Caused by: java.net.ConnectException: Connection refused
	... 11 more
2019-10-21 22:01:50,386 [e152cc11-8922-4c62-a829-a835e5f58570@group-6834AB77F819-LeaderElection174] INFO  impl.LeaderElection (LeaderElection.java:logAndReturn(56)) - e152cc11-8922-4c62-a829-a835e5f58570@group-6834AB77F819-LeaderElection174: Election REJECTED; received 0 response(s) [] and 2 exception(s); e152cc11-8922-4c62-a829-a835e5f58570@group-6834AB77F819:t14, leader=null, voted=e152cc11-8922-4c62-a829-a835e5f58570, raftlog=e152cc11-8922-4c62-a829-a835e5f58570@group-6834AB77F819-SegmentedRaftLog:OPENED:c6,f6,i6, conf=1: [e152cc11-8922-4c62-a829-a835e5f58570:192.168.34.8:34707, 0edd2ec6-20bf-4809-95ac-80dc11748221:192.168.34.8:43533, 28432215-63ab-4c85-86e9-79fb72521e72:192.168.34.8:33589], old=null
2019-10-21 22:01:50,387 [e152cc11-8922-4c62-a829-a835e5f58570@group-6834AB77F819-LeaderElection174] INFO  impl.LeaderElection (LogUtils.java:infoOrTrace(149)) -   Exception 0: {}
java.util.concurrent.ExecutionException: org.apache.ratis.thirdparty.io.grpc.StatusRuntimeException: UNAVAILABLE: io exception
	at java.util.concurrent.FutureTask.report(FutureTask.java:122)
	at java.util.concurrent.FutureTask.get(FutureTask.java:192)
	at org.apache.ratis.server.impl.LeaderElection.waitForResults(LeaderElection.java:259)
	at org.apache.ratis.server.impl.LeaderElection.askForVotes(LeaderElection.java:197)
	at org.apache.ratis.server.impl.LeaderElection.run(LeaderElection.java:133)
	at java.lang.Thread.run(Thread.java:748)
Caused by: org.apache.ratis.thirdparty.io.grpc.StatusRuntimeException: UNAVAILABLE: io exception
	at org.apache.ratis.thirdparty.io.grpc.stub.ClientCalls.toStatusRuntimeException(ClientCalls.java:233)
	at org.apache.ratis.thirdparty.io.grpc.stub.ClientCalls.getUnchecked(ClientCalls.java:214)
	at org.apache.ratis.thirdparty.io.grpc.stub.ClientCalls.blockingUnaryCall(ClientCalls.java:139)
	at org.apache.ratis.proto.grpc.RaftServerProtocolServiceGrpc$RaftServerProtocolServiceBlockingStub.requestVote(RaftServerProtocolServiceGrpc.java:265)
	at org.apache.ratis.grpc.server.GrpcServerProtocolClient.requestVote(GrpcServerProtocolClient.java:99)
	at org.apache.ratis.grpc.server.GrpcService.requestVote(GrpcService.java:204)
	at org.apache.ratis.server.impl.LeaderElection.lambda$submitRequests$1(LeaderElection.java:234)
	at java.util.concurrent.FutureTask.run(FutureTask.java:266)
	at java.util.concurrent.Executors$RunnableAdapter.call(Executors.java:511)
	at java.util.concurrent.FutureTask.run(FutureTask.java:266)
	at java.util.concurrent.ThreadPoolExecutor.runWorker(ThreadPoolExecutor.java:1149)
	at java.util.concurrent.ThreadPoolExecutor$Worker.run(ThreadPoolExecutor.java:624)
	... 1 more
Caused by: org.apache.ratis.thirdparty.io.netty.channel.AbstractChannel$AnnotatedConnectException: Connection refused: /192.168.34.8:43533
	at sun.nio.ch.SocketChannelImpl.checkConnect(Native Method)
	at sun.nio.ch.SocketChannelImpl.finishConnect(SocketChannelImpl.java:717)
	at org.apache.ratis.thirdparty.io.netty.channel.socket.nio.NioSocketChannel.doFinishConnect(NioSocketChannel.java:327)
	at org.apache.ratis.thirdparty.io.netty.channel.nio.AbstractNioChannel$AbstractNioUnsafe.finishConnect(AbstractNioChannel.java:340)
	at org.apache.ratis.thirdparty.io.netty.channel.nio.NioEventLoop.processSelectedKey(NioEventLoop.java:632)
	at org.apache.ratis.thirdparty.io.netty.channel.nio.NioEventLoop.processSelectedKeysOptimized(NioEventLoop.java:579)
	at org.apache.ratis.thirdparty.io.netty.channel.nio.NioEventLoop.processSelectedKeys(NioEventLoop.java:496)
	at org.apache.ratis.thirdparty.io.netty.channel.nio.NioEventLoop.run(NioEventLoop.java:458)
	at org.apache.ratis.thirdparty.io.netty.util.concurrent.SingleThreadEventExecutor$5.run(SingleThreadEventExecutor.java:897)
	at org.apache.ratis.thirdparty.io.netty.util.concurrent.FastThreadLocalRunnable.run(FastThreadLocalRunnable.java:30)
	... 1 more
Caused by: java.net.ConnectException: Connection refused
	... 11 more
2019-10-21 22:01:50,387 [e152cc11-8922-4c62-a829-a835e5f58570@group-6834AB77F819-LeaderElection174] INFO  impl.LeaderElection (LogUtils.java:infoOrTrace(149)) -   Exception 1: {}
java.util.concurrent.ExecutionException: org.apache.ratis.thirdparty.io.grpc.StatusRuntimeException: UNAVAILABLE: io exception
	at java.util.concurrent.FutureTask.report(FutureTask.java:122)
	at java.util.concurrent.FutureTask.get(FutureTask.java:192)
	at org.apache.ratis.server.impl.LeaderElection.waitForResults(LeaderElection.java:259)
	at org.apache.ratis.server.impl.LeaderElection.askForVotes(LeaderElection.java:197)
	at org.apache.ratis.server.impl.LeaderElection.run(LeaderElection.java:133)
	at java.lang.Thread.run(Thread.java:748)
Caused by: org.apache.ratis.thirdparty.io.grpc.StatusRuntimeException: UNAVAILABLE: io exception
	at org.apache.ratis.thirdparty.io.grpc.stub.ClientCalls.toStatusRuntimeException(ClientCalls.java:233)
	at org.apache.ratis.thirdparty.io.grpc.stub.ClientCalls.getUnchecked(ClientCalls.java:214)
	at org.apache.ratis.thirdparty.io.grpc.stub.ClientCalls.blockingUnaryCall(ClientCalls.java:139)
	at org.apache.ratis.proto.grpc.RaftServerProtocolServiceGrpc$RaftServerProtocolServiceBlockingStub.requestVote(RaftServerProtocolServiceGrpc.java:265)
	at org.apache.ratis.grpc.server.GrpcServerProtocolClient.requestVote(GrpcServerProtocolClient.java:99)
	at org.apache.ratis.grpc.server.GrpcService.requestVote(GrpcService.java:204)
	at org.apache.ratis.server.impl.LeaderElection.lambda$submitRequests$1(LeaderElection.java:234)
	at java.util.concurrent.FutureTask.run(FutureTask.java:266)
	at java.util.concurrent.Executors$RunnableAdapter.call(Executors.java:511)
	at java.util.concurrent.FutureTask.run(FutureTask.java:266)
	at java.util.concurrent.ThreadPoolExecutor.runWorker(ThreadPoolExecutor.java:1149)
	at java.util.concurrent.ThreadPoolExecutor$Worker.run(ThreadPoolExecutor.java:624)
	... 1 more
Caused by: org.apache.ratis.thirdparty.io.netty.channel.AbstractChannel$AnnotatedConnectException: Connection refused: /192.168.34.8:33589
	at sun.nio.ch.SocketChannelImpl.checkConnect(Native Method)
	at sun.nio.ch.SocketChannelImpl.finishConnect(SocketChannelImpl.java:717)
	at org.apache.ratis.thirdparty.io.netty.channel.socket.nio.NioSocketChannel.doFinishConnect(NioSocketChannel.java:327)
	at org.apache.ratis.thirdparty.io.netty.channel.nio.AbstractNioChannel$AbstractNioUnsafe.finishConnect(AbstractNioChannel.java:340)
	at org.apache.ratis.thirdparty.io.netty.channel.nio.NioEventLoop.processSelectedKey(NioEventLoop.java:632)
	at org.apache.ratis.thirdparty.io.netty.channel.nio.NioEventLoop.processSelectedKeysOptimized(NioEventLoop.java:579)
	at org.apache.ratis.thirdparty.io.netty.channel.nio.NioEventLoop.processSelectedKeys(NioEventLoop.java:496)
	at org.apache.ratis.thirdparty.io.netty.channel.nio.NioEventLoop.run(NioEventLoop.java:458)
	at org.apache.ratis.thirdparty.io.netty.util.concurrent.SingleThreadEventExecutor$5.run(SingleThreadEventExecutor.java:897)
	at org.apache.ratis.thirdparty.io.netty.util.concurrent.FastThreadLocalRunnable.run(FastThreadLocalRunnable.java:30)
	... 1 more
Caused by: java.net.ConnectException: Connection refused
	... 11 more
2019-10-21 22:01:50,387 [e152cc11-8922-4c62-a829-a835e5f58570@group-6834AB77F819-LeaderElection174] INFO  impl.RaftServerImpl (RaftServerImpl.java:setRole(184)) - e152cc11-8922-4c62-a829-a835e5f58570@group-6834AB77F819: changes role from CANDIDATE to FOLLOWER at term 14 for DISCOVERED_A_NEW_TERM
2019-10-21 22:01:50,387 [e152cc11-8922-4c62-a829-a835e5f58570@group-6834AB77F819-LeaderElection174] INFO  impl.RoleInfo (RoleInfo.java:shutdownLeaderElection(134)) - e152cc11-8922-4c62-a829-a835e5f58570: shutdown LeaderElection
2019-10-21 22:01:50,387 [e152cc11-8922-4c62-a829-a835e5f58570@group-6834AB77F819-LeaderElection174] INFO  impl.RoleInfo (RoleInfo.java:updateAndGet(143)) - e152cc11-8922-4c62-a829-a835e5f58570: start FollowerState
2019-10-21 22:01:51,414 [Thread-1668] INFO  impl.FollowerState (FollowerState.java:run(108)) - e152cc11-8922-4c62-a829-a835e5f58570@group-6834AB77F819-FollowerState: change to CANDIDATE, lastRpcTime:1026ms, electionTimeout:1026ms
2019-10-21 22:01:51,414 [Thread-1668] INFO  impl.RoleInfo (RoleInfo.java:shutdownFollowerState(121)) - e152cc11-8922-4c62-a829-a835e5f58570: shutdown FollowerState
2019-10-21 22:01:51,414 [Thread-1668] INFO  impl.RaftServerImpl (RaftServerImpl.java:setRole(184)) - e152cc11-8922-4c62-a829-a835e5f58570@group-6834AB77F819: changes role from  FOLLOWER to CANDIDATE at term 14 for changeToCandidate
2019-10-21 22:01:51,415 [Thread-1668] INFO  impl.RoleInfo (RoleInfo.java:updateAndGet(143)) - e152cc11-8922-4c62-a829-a835e5f58570: start LeaderElection
2019-10-21 22:01:51,464 [e152cc11-8922-4c62-a829-a835e5f58570@group-6834AB77F819-LeaderElection175] INFO  impl.LeaderElection (LeaderElection.java:askForVotes(178)) - e152cc11-8922-4c62-a829-a835e5f58570@group-6834AB77F819-LeaderElection175: begin an election at term 15 for 1: [e152cc11-8922-4c62-a829-a835e5f58570:192.168.34.8:34707, 0edd2ec6-20bf-4809-95ac-80dc11748221:192.168.34.8:43533, 28432215-63ab-4c85-86e9-79fb72521e72:192.168.34.8:33589], old=null
2019-10-21 22:01:51,465 [e152cc11-8922-4c62-a829-a835e5f58570@group-6834AB77F819-LeaderElection175] INFO  impl.LeaderElection (LogUtils.java:infoOrTrace(149)) - e152cc11-8922-4c62-a829-a835e5f58570@group-6834AB77F819-LeaderElection175 got exception when requesting votes: {}
java.util.concurrent.ExecutionException: org.apache.ratis.thirdparty.io.grpc.StatusRuntimeException: UNAVAILABLE: io exception
	at java.util.concurrent.FutureTask.report(FutureTask.java:122)
	at java.util.concurrent.FutureTask.get(FutureTask.java:192)
	at org.apache.ratis.server.impl.LeaderElection.waitForResults(LeaderElection.java:259)
	at org.apache.ratis.server.impl.LeaderElection.askForVotes(LeaderElection.java:197)
	at org.apache.ratis.server.impl.LeaderElection.run(LeaderElection.java:133)
	at java.lang.Thread.run(Thread.java:748)
Caused by: org.apache.ratis.thirdparty.io.grpc.StatusRuntimeException: UNAVAILABLE: io exception
	at org.apache.ratis.thirdparty.io.grpc.stub.ClientCalls.toStatusRuntimeException(ClientCalls.java:233)
	at org.apache.ratis.thirdparty.io.grpc.stub.ClientCalls.getUnchecked(ClientCalls.java:214)
	at org.apache.ratis.thirdparty.io.grpc.stub.ClientCalls.blockingUnaryCall(ClientCalls.java:139)
	at org.apache.ratis.proto.grpc.RaftServerProtocolServiceGrpc$RaftServerProtocolServiceBlockingStub.requestVote(RaftServerProtocolServiceGrpc.java:265)
	at org.apache.ratis.grpc.server.GrpcServerProtocolClient.requestVote(GrpcServerProtocolClient.java:99)
	at org.apache.ratis.grpc.server.GrpcService.requestVote(GrpcService.java:204)
	at org.apache.ratis.server.impl.LeaderElection.lambda$submitRequests$1(LeaderElection.java:234)
	at java.util.concurrent.FutureTask.run(FutureTask.java:266)
	at java.util.concurrent.Executors$RunnableAdapter.call(Executors.java:511)
	at java.util.concurrent.FutureTask.run(FutureTask.java:266)
	at java.util.concurrent.ThreadPoolExecutor.runWorker(ThreadPoolExecutor.java:1149)
	at java.util.concurrent.ThreadPoolExecutor$Worker.run(ThreadPoolExecutor.java:624)
	... 1 more
Caused by: org.apache.ratis.thirdparty.io.netty.channel.AbstractChannel$AnnotatedConnectException: Connection refused: /192.168.34.8:43533
	at sun.nio.ch.SocketChannelImpl.checkConnect(Native Method)
	at sun.nio.ch.SocketChannelImpl.finishConnect(SocketChannelImpl.java:717)
	at org.apache.ratis.thirdparty.io.netty.channel.socket.nio.NioSocketChannel.doFinishConnect(NioSocketChannel.java:327)
	at org.apache.ratis.thirdparty.io.netty.channel.nio.AbstractNioChannel$AbstractNioUnsafe.finishConnect(AbstractNioChannel.java:340)
	at org.apache.ratis.thirdparty.io.netty.channel.nio.NioEventLoop.processSelectedKey(NioEventLoop.java:632)
	at org.apache.ratis.thirdparty.io.netty.channel.nio.NioEventLoop.processSelectedKeysOptimized(NioEventLoop.java:579)
	at org.apache.ratis.thirdparty.io.netty.channel.nio.NioEventLoop.processSelectedKeys(NioEventLoop.java:496)
	at org.apache.ratis.thirdparty.io.netty.channel.nio.NioEventLoop.run(NioEventLoop.java:458)
	at org.apache.ratis.thirdparty.io.netty.util.concurrent.SingleThreadEventExecutor$5.run(SingleThreadEventExecutor.java:897)
	at org.apache.ratis.thirdparty.io.netty.util.concurrent.FastThreadLocalRunnable.run(FastThreadLocalRunnable.java:30)
	... 1 more
Caused by: java.net.ConnectException: Connection refused
	... 11 more
2019-10-21 22:01:51,466 [e152cc11-8922-4c62-a829-a835e5f58570@group-6834AB77F819-LeaderElection175] INFO  impl.LeaderElection (LogUtils.java:infoOrTrace(149)) - e152cc11-8922-4c62-a829-a835e5f58570@group-6834AB77F819-LeaderElection175 got exception when requesting votes: {}
java.util.concurrent.ExecutionException: org.apache.ratis.thirdparty.io.grpc.StatusRuntimeException: UNAVAILABLE: io exception
	at java.util.concurrent.FutureTask.report(FutureTask.java:122)
	at java.util.concurrent.FutureTask.get(FutureTask.java:192)
	at org.apache.ratis.server.impl.LeaderElection.waitForResults(LeaderElection.java:259)
	at org.apache.ratis.server.impl.LeaderElection.askForVotes(LeaderElection.java:197)
	at org.apache.ratis.server.impl.LeaderElection.run(LeaderElection.java:133)
	at java.lang.Thread.run(Thread.java:748)
Caused by: org.apache.ratis.thirdparty.io.grpc.StatusRuntimeException: UNAVAILABLE: io exception
	at org.apache.ratis.thirdparty.io.grpc.stub.ClientCalls.toStatusRuntimeException(ClientCalls.java:233)
	at org.apache.ratis.thirdparty.io.grpc.stub.ClientCalls.getUnchecked(ClientCalls.java:214)
	at org.apache.ratis.thirdparty.io.grpc.stub.ClientCalls.blockingUnaryCall(ClientCalls.java:139)
	at org.apache.ratis.proto.grpc.RaftServerProtocolServiceGrpc$RaftServerProtocolServiceBlockingStub.requestVote(RaftServerProtocolServiceGrpc.java:265)
	at org.apache.ratis.grpc.server.GrpcServerProtocolClient.requestVote(GrpcServerProtocolClient.java:99)
	at org.apache.ratis.grpc.server.GrpcService.requestVote(GrpcService.java:204)
	at org.apache.ratis.server.impl.LeaderElection.lambda$submitRequests$1(LeaderElection.java:234)
	at java.util.concurrent.FutureTask.run(FutureTask.java:266)
	at java.util.concurrent.Executors$RunnableAdapter.call(Executors.java:511)
	at java.util.concurrent.FutureTask.run(FutureTask.java:266)
	at java.util.concurrent.ThreadPoolExecutor.runWorker(ThreadPoolExecutor.java:1149)
	at java.util.concurrent.ThreadPoolExecutor$Worker.run(ThreadPoolExecutor.java:624)
	... 1 more
Caused by: org.apache.ratis.thirdparty.io.netty.channel.AbstractChannel$AnnotatedConnectException: Connection refused: /192.168.34.8:33589
	at sun.nio.ch.SocketChannelImpl.checkConnect(Native Method)
	at sun.nio.ch.SocketChannelImpl.finishConnect(SocketChannelImpl.java:717)
	at org.apache.ratis.thirdparty.io.netty.channel.socket.nio.NioSocketChannel.doFinishConnect(NioSocketChannel.java:327)
	at org.apache.ratis.thirdparty.io.netty.channel.nio.AbstractNioChannel$AbstractNioUnsafe.finishConnect(AbstractNioChannel.java:340)
	at org.apache.ratis.thirdparty.io.netty.channel.nio.NioEventLoop.processSelectedKey(NioEventLoop.java:632)
	at org.apache.ratis.thirdparty.io.netty.channel.nio.NioEventLoop.processSelectedKeysOptimized(NioEventLoop.java:579)
	at org.apache.ratis.thirdparty.io.netty.channel.nio.NioEventLoop.processSelectedKeys(NioEventLoop.java:496)
	at org.apache.ratis.thirdparty.io.netty.channel.nio.NioEventLoop.run(NioEventLoop.java:458)
	at org.apache.ratis.thirdparty.io.netty.util.concurrent.SingleThreadEventExecutor$5.run(SingleThreadEventExecutor.java:897)
	at org.apache.ratis.thirdparty.io.netty.util.concurrent.FastThreadLocalRunnable.run(FastThreadLocalRunnable.java:30)
	... 1 more
Caused by: java.net.ConnectException: Connection refused
	... 11 more
2019-10-21 22:01:51,468 [e152cc11-8922-4c62-a829-a835e5f58570@group-6834AB77F819-LeaderElection175] INFO  impl.LeaderElection (LeaderElection.java:logAndReturn(56)) - e152cc11-8922-4c62-a829-a835e5f58570@group-6834AB77F819-LeaderElection175: Election REJECTED; received 0 response(s) [] and 2 exception(s); e152cc11-8922-4c62-a829-a835e5f58570@group-6834AB77F819:t15, leader=null, voted=e152cc11-8922-4c62-a829-a835e5f58570, raftlog=e152cc11-8922-4c62-a829-a835e5f58570@group-6834AB77F819-SegmentedRaftLog:OPENED:c6,f6,i6, conf=1: [e152cc11-8922-4c62-a829-a835e5f58570:192.168.34.8:34707, 0edd2ec6-20bf-4809-95ac-80dc11748221:192.168.34.8:43533, 28432215-63ab-4c85-86e9-79fb72521e72:192.168.34.8:33589], old=null
2019-10-21 22:01:51,468 [e152cc11-8922-4c62-a829-a835e5f58570@group-6834AB77F819-LeaderElection175] INFO  impl.LeaderElection (LogUtils.java:infoOrTrace(149)) -   Exception 0: {}
java.util.concurrent.ExecutionException: org.apache.ratis.thirdparty.io.grpc.StatusRuntimeException: UNAVAILABLE: io exception
	at java.util.concurrent.FutureTask.report(FutureTask.java:122)
	at java.util.concurrent.FutureTask.get(FutureTask.java:192)
	at org.apache.ratis.server.impl.LeaderElection.waitForResults(LeaderElection.java:259)
	at org.apache.ratis.server.impl.LeaderElection.askForVotes(LeaderElection.java:197)
	at org.apache.ratis.server.impl.LeaderElection.run(LeaderElection.java:133)
	at java.lang.Thread.run(Thread.java:748)
Caused by: org.apache.ratis.thirdparty.io.grpc.StatusRuntimeException: UNAVAILABLE: io exception
	at org.apache.ratis.thirdparty.io.grpc.stub.ClientCalls.toStatusRuntimeException(ClientCalls.java:233)
	at org.apache.ratis.thirdparty.io.grpc.stub.ClientCalls.getUnchecked(ClientCalls.java:214)
	at org.apache.ratis.thirdparty.io.grpc.stub.ClientCalls.blockingUnaryCall(ClientCalls.java:139)
	at org.apache.ratis.proto.grpc.RaftServerProtocolServiceGrpc$RaftServerProtocolServiceBlockingStub.requestVote(RaftServerProtocolServiceGrpc.java:265)
	at org.apache.ratis.grpc.server.GrpcServerProtocolClient.requestVote(GrpcServerProtocolClient.java:99)
	at org.apache.ratis.grpc.server.GrpcService.requestVote(GrpcService.java:204)
	at org.apache.ratis.server.impl.LeaderElection.lambda$submitRequests$1(LeaderElection.java:234)
	at java.util.concurrent.FutureTask.run(FutureTask.java:266)
	at java.util.concurrent.Executors$RunnableAdapter.call(Executors.java:511)
	at java.util.concurrent.FutureTask.run(FutureTask.java:266)
	at java.util.concurrent.ThreadPoolExecutor.runWorker(ThreadPoolExecutor.java:1149)
	at java.util.concurrent.ThreadPoolExecutor$Worker.run(ThreadPoolExecutor.java:624)
	... 1 more
Caused by: org.apache.ratis.thirdparty.io.netty.channel.AbstractChannel$AnnotatedConnectException: Connection refused: /192.168.34.8:43533
	at sun.nio.ch.SocketChannelImpl.checkConnect(Native Method)
	at sun.nio.ch.SocketChannelImpl.finishConnect(SocketChannelImpl.java:717)
	at org.apache.ratis.thirdparty.io.netty.channel.socket.nio.NioSocketChannel.doFinishConnect(NioSocketChannel.java:327)
	at org.apache.ratis.thirdparty.io.netty.channel.nio.AbstractNioChannel$AbstractNioUnsafe.finishConnect(AbstractNioChannel.java:340)
	at org.apache.ratis.thirdparty.io.netty.channel.nio.NioEventLoop.processSelectedKey(NioEventLoop.java:632)
	at org.apache.ratis.thirdparty.io.netty.channel.nio.NioEventLoop.processSelectedKeysOptimized(NioEventLoop.java:579)
	at org.apache.ratis.thirdparty.io.netty.channel.nio.NioEventLoop.processSelectedKeys(NioEventLoop.java:496)
	at org.apache.ratis.thirdparty.io.netty.channel.nio.NioEventLoop.run(NioEventLoop.java:458)
	at org.apache.ratis.thirdparty.io.netty.util.concurrent.SingleThreadEventExecutor$5.run(SingleThreadEventExecutor.java:897)
	at org.apache.ratis.thirdparty.io.netty.util.concurrent.FastThreadLocalRunnable.run(FastThreadLocalRunnable.java:30)
	... 1 more
Caused by: java.net.ConnectException: Connection refused
	... 11 more
2019-10-21 22:01:51,468 [e152cc11-8922-4c62-a829-a835e5f58570@group-6834AB77F819-LeaderElection175] INFO  impl.LeaderElection (LogUtils.java:infoOrTrace(149)) -   Exception 1: {}
java.util.concurrent.ExecutionException: org.apache.ratis.thirdparty.io.grpc.StatusRuntimeException: UNAVAILABLE: io exception
	at java.util.concurrent.FutureTask.report(FutureTask.java:122)
	at java.util.concurrent.FutureTask.get(FutureTask.java:192)
	at org.apache.ratis.server.impl.LeaderElection.waitForResults(LeaderElection.java:259)
	at org.apache.ratis.server.impl.LeaderElection.askForVotes(LeaderElection.java:197)
	at org.apache.ratis.server.impl.LeaderElection.run(LeaderElection.java:133)
	at java.lang.Thread.run(Thread.java:748)
Caused by: org.apache.ratis.thirdparty.io.grpc.StatusRuntimeException: UNAVAILABLE: io exception
	at org.apache.ratis.thirdparty.io.grpc.stub.ClientCalls.toStatusRuntimeException(ClientCalls.java:233)
	at org.apache.ratis.thirdparty.io.grpc.stub.ClientCalls.getUnchecked(ClientCalls.java:214)
	at org.apache.ratis.thirdparty.io.grpc.stub.ClientCalls.blockingUnaryCall(ClientCalls.java:139)
	at org.apache.ratis.proto.grpc.RaftServerProtocolServiceGrpc$RaftServerProtocolServiceBlockingStub.requestVote(RaftServerProtocolServiceGrpc.java:265)
	at org.apache.ratis.grpc.server.GrpcServerProtocolClient.requestVote(GrpcServerProtocolClient.java:99)
	at org.apache.ratis.grpc.server.GrpcService.requestVote(GrpcService.java:204)
	at org.apache.ratis.server.impl.LeaderElection.lambda$submitRequests$1(LeaderElection.java:234)
	at java.util.concurrent.FutureTask.run(FutureTask.java:266)
	at java.util.concurrent.Executors$RunnableAdapter.call(Executors.java:511)
	at java.util.concurrent.FutureTask.run(FutureTask.java:266)
	at java.util.concurrent.ThreadPoolExecutor.runWorker(ThreadPoolExecutor.java:1149)
	at java.util.concurrent.ThreadPoolExecutor$Worker.run(ThreadPoolExecutor.java:624)
	... 1 more
Caused by: org.apache.ratis.thirdparty.io.netty.channel.AbstractChannel$AnnotatedConnectException: Connection refused: /192.168.34.8:33589
	at sun.nio.ch.SocketChannelImpl.checkConnect(Native Method)
	at sun.nio.ch.SocketChannelImpl.finishConnect(SocketChannelImpl.java:717)
	at org.apache.ratis.thirdparty.io.netty.channel.socket.nio.NioSocketChannel.doFinishConnect(NioSocketChannel.java:327)
	at org.apache.ratis.thirdparty.io.netty.channel.nio.AbstractNioChannel$AbstractNioUnsafe.finishConnect(AbstractNioChannel.java:340)
	at org.apache.ratis.thirdparty.io.netty.channel.nio.NioEventLoop.processSelectedKey(NioEventLoop.java:632)
	at org.apache.ratis.thirdparty.io.netty.channel.nio.NioEventLoop.processSelectedKeysOptimized(NioEventLoop.java:579)
	at org.apache.ratis.thirdparty.io.netty.channel.nio.NioEventLoop.processSelectedKeys(NioEventLoop.java:496)
	at org.apache.ratis.thirdparty.io.netty.channel.nio.NioEventLoop.run(NioEventLoop.java:458)
	at org.apache.ratis.thirdparty.io.netty.util.concurrent.SingleThreadEventExecutor$5.run(SingleThreadEventExecutor.java:897)
	at org.apache.ratis.thirdparty.io.netty.util.concurrent.FastThreadLocalRunnable.run(FastThreadLocalRunnable.java:30)
	... 1 more
Caused by: java.net.ConnectException: Connection refused
	... 11 more
2019-10-21 22:01:51,469 [e152cc11-8922-4c62-a829-a835e5f58570@group-6834AB77F819-LeaderElection175] INFO  impl.RaftServerImpl (RaftServerImpl.java:setRole(184)) - e152cc11-8922-4c62-a829-a835e5f58570@group-6834AB77F819: changes role from CANDIDATE to FOLLOWER at term 15 for DISCOVERED_A_NEW_TERM
2019-10-21 22:01:51,469 [e152cc11-8922-4c62-a829-a835e5f58570@group-6834AB77F819-LeaderElection175] INFO  impl.RoleInfo (RoleInfo.java:shutdownLeaderElection(134)) - e152cc11-8922-4c62-a829-a835e5f58570: shutdown LeaderElection
2019-10-21 22:01:51,469 [e152cc11-8922-4c62-a829-a835e5f58570@group-6834AB77F819-LeaderElection175] INFO  impl.RoleInfo (RoleInfo.java:updateAndGet(143)) - e152cc11-8922-4c62-a829-a835e5f58570: start FollowerState
2019-10-21 22:01:52,565 [Thread-1676] INFO  impl.FollowerState (FollowerState.java:run(108)) - e152cc11-8922-4c62-a829-a835e5f58570@group-6834AB77F819-FollowerState: change to CANDIDATE, lastRpcTime:1095ms, electionTimeout:1095ms
2019-10-21 22:01:52,566 [Thread-1676] INFO  impl.RoleInfo (RoleInfo.java:shutdownFollowerState(121)) - e152cc11-8922-4c62-a829-a835e5f58570: shutdown FollowerState
2019-10-21 22:01:52,566 [Thread-1676] INFO  impl.RaftServerImpl (RaftServerImpl.java:setRole(184)) - e152cc11-8922-4c62-a829-a835e5f58570@group-6834AB77F819: changes role from  FOLLOWER to CANDIDATE at term 15 for changeToCandidate
2019-10-21 22:01:52,567 [Thread-1676] INFO  impl.RoleInfo (RoleInfo.java:updateAndGet(143)) - e152cc11-8922-4c62-a829-a835e5f58570: start LeaderElection
2019-10-21 22:01:52,582 [e152cc11-8922-4c62-a829-a835e5f58570@group-6834AB77F819-LeaderElection176] INFO  impl.LeaderElection (LeaderElection.java:askForVotes(178)) - e152cc11-8922-4c62-a829-a835e5f58570@group-6834AB77F819-LeaderElection176: begin an election at term 16 for 1: [e152cc11-8922-4c62-a829-a835e5f58570:192.168.34.8:34707, 0edd2ec6-20bf-4809-95ac-80dc11748221:192.168.34.8:43533, 28432215-63ab-4c85-86e9-79fb72521e72:192.168.34.8:33589], old=null
2019-10-21 22:01:52,585 [e152cc11-8922-4c62-a829-a835e5f58570@group-6834AB77F819-LeaderElection176] INFO  impl.LeaderElection (LogUtils.java:infoOrTrace(149)) - e152cc11-8922-4c62-a829-a835e5f58570@group-6834AB77F819-LeaderElection176 got exception when requesting votes: {}
java.util.concurrent.ExecutionException: org.apache.ratis.thirdparty.io.grpc.StatusRuntimeException: UNAVAILABLE: io exception
	at java.util.concurrent.FutureTask.report(FutureTask.java:122)
	at java.util.concurrent.FutureTask.get(FutureTask.java:192)
	at org.apache.ratis.server.impl.LeaderElection.waitForResults(LeaderElection.java:259)
	at org.apache.ratis.server.impl.LeaderElection.askForVotes(LeaderElection.java:197)
	at org.apache.ratis.server.impl.LeaderElection.run(LeaderElection.java:133)
	at java.lang.Thread.run(Thread.java:748)
Caused by: org.apache.ratis.thirdparty.io.grpc.StatusRuntimeException: UNAVAILABLE: io exception
	at org.apache.ratis.thirdparty.io.grpc.stub.ClientCalls.toStatusRuntimeException(ClientCalls.java:233)
	at org.apache.ratis.thirdparty.io.grpc.stub.ClientCalls.getUnchecked(ClientCalls.java:214)
	at org.apache.ratis.thirdparty.io.grpc.stub.ClientCalls.blockingUnaryCall(ClientCalls.java:139)
	at org.apache.ratis.proto.grpc.RaftServerProtocolServiceGrpc$RaftServerProtocolServiceBlockingStub.requestVote(RaftServerProtocolServiceGrpc.java:265)
	at org.apache.ratis.grpc.server.GrpcServerProtocolClient.requestVote(GrpcServerProtocolClient.java:99)
	at org.apache.ratis.grpc.server.GrpcService.requestVote(GrpcService.java:204)
	at org.apache.ratis.server.impl.LeaderElection.lambda$submitRequests$1(LeaderElection.java:234)
	at java.util.concurrent.FutureTask.run(FutureTask.java:266)
	at java.util.concurrent.Executors$RunnableAdapter.call(Executors.java:511)
	at java.util.concurrent.FutureTask.run(FutureTask.java:266)
	at java.util.concurrent.ThreadPoolExecutor.runWorker(ThreadPoolExecutor.java:1149)
	at java.util.concurrent.ThreadPoolExecutor$Worker.run(ThreadPoolExecutor.java:624)
	... 1 more
Caused by: org.apache.ratis.thirdparty.io.netty.channel.AbstractChannel$AnnotatedConnectException: Connection refused: /192.168.34.8:33589
	at sun.nio.ch.SocketChannelImpl.checkConnect(Native Method)
	at sun.nio.ch.SocketChannelImpl.finishConnect(SocketChannelImpl.java:717)
	at org.apache.ratis.thirdparty.io.netty.channel.socket.nio.NioSocketChannel.doFinishConnect(NioSocketChannel.java:327)
	at org.apache.ratis.thirdparty.io.netty.channel.nio.AbstractNioChannel$AbstractNioUnsafe.finishConnect(AbstractNioChannel.java:340)
	at org.apache.ratis.thirdparty.io.netty.channel.nio.NioEventLoop.processSelectedKey(NioEventLoop.java:632)
	at org.apache.ratis.thirdparty.io.netty.channel.nio.NioEventLoop.processSelectedKeysOptimized(NioEventLoop.java:579)
	at org.apache.ratis.thirdparty.io.netty.channel.nio.NioEventLoop.processSelectedKeys(NioEventLoop.java:496)
	at org.apache.ratis.thirdparty.io.netty.channel.nio.NioEventLoop.run(NioEventLoop.java:458)
	at org.apache.ratis.thirdparty.io.netty.util.concurrent.SingleThreadEventExecutor$5.run(SingleThreadEventExecutor.java:897)
	at org.apache.ratis.thirdparty.io.netty.util.concurrent.FastThreadLocalRunnable.run(FastThreadLocalRunnable.java:30)
	... 1 more
Caused by: java.net.ConnectException: Connection refused
	... 11 more
2019-10-21 22:01:52,588 [e152cc11-8922-4c62-a829-a835e5f58570@group-6834AB77F819-LeaderElection176] INFO  impl.LeaderElection (LogUtils.java:infoOrTrace(149)) - e152cc11-8922-4c62-a829-a835e5f58570@group-6834AB77F819-LeaderElection176 got exception when requesting votes: {}
java.util.concurrent.ExecutionException: org.apache.ratis.thirdparty.io.grpc.StatusRuntimeException: UNAVAILABLE: io exception
	at java.util.concurrent.FutureTask.report(FutureTask.java:122)
	at java.util.concurrent.FutureTask.get(FutureTask.java:192)
	at org.apache.ratis.server.impl.LeaderElection.waitForResults(LeaderElection.java:259)
	at org.apache.ratis.server.impl.LeaderElection.askForVotes(LeaderElection.java:197)
	at org.apache.ratis.server.impl.LeaderElection.run(LeaderElection.java:133)
	at java.lang.Thread.run(Thread.java:748)
Caused by: org.apache.ratis.thirdparty.io.grpc.StatusRuntimeException: UNAVAILABLE: io exception
	at org.apache.ratis.thirdparty.io.grpc.stub.ClientCalls.toStatusRuntimeException(ClientCalls.java:233)
	at org.apache.ratis.thirdparty.io.grpc.stub.ClientCalls.getUnchecked(ClientCalls.java:214)
	at org.apache.ratis.thirdparty.io.grpc.stub.ClientCalls.blockingUnaryCall(ClientCalls.java:139)
	at org.apache.ratis.proto.grpc.RaftServerProtocolServiceGrpc$RaftServerProtocolServiceBlockingStub.requestVote(RaftServerProtocolServiceGrpc.java:265)
	at org.apache.ratis.grpc.server.GrpcServerProtocolClient.requestVote(GrpcServerProtocolClient.java:99)
	at org.apache.ratis.grpc.server.GrpcService.requestVote(GrpcService.java:204)
	at org.apache.ratis.server.impl.LeaderElection.lambda$submitRequests$1(LeaderElection.java:234)
	at java.util.concurrent.FutureTask.run(FutureTask.java:266)
	at java.util.concurrent.Executors$RunnableAdapter.call(Executors.java:511)
	at java.util.concurrent.FutureTask.run(FutureTask.java:266)
	at java.util.concurrent.ThreadPoolExecutor.runWorker(ThreadPoolExecutor.java:1149)
	at java.util.concurrent.ThreadPoolExecutor$Worker.run(ThreadPoolExecutor.java:624)
	... 1 more
Caused by: org.apache.ratis.thirdparty.io.netty.channel.AbstractChannel$AnnotatedConnectException: Connection refused: /192.168.34.8:43533
	at sun.nio.ch.SocketChannelImpl.checkConnect(Native Method)
	at sun.nio.ch.SocketChannelImpl.finishConnect(SocketChannelImpl.java:717)
	at org.apache.ratis.thirdparty.io.netty.channel.socket.nio.NioSocketChannel.doFinishConnect(NioSocketChannel.java:327)
	at org.apache.ratis.thirdparty.io.netty.channel.nio.AbstractNioChannel$AbstractNioUnsafe.finishConnect(AbstractNioChannel.java:340)
	at org.apache.ratis.thirdparty.io.netty.channel.nio.NioEventLoop.processSelectedKey(NioEventLoop.java:632)
	at org.apache.ratis.thirdparty.io.netty.channel.nio.NioEventLoop.processSelectedKeysOptimized(NioEventLoop.java:579)
	at org.apache.ratis.thirdparty.io.netty.channel.nio.NioEventLoop.processSelectedKeys(NioEventLoop.java:496)
	at org.apache.ratis.thirdparty.io.netty.channel.nio.NioEventLoop.run(NioEventLoop.java:458)
	at org.apache.ratis.thirdparty.io.netty.util.concurrent.SingleThreadEventExecutor$5.run(SingleThreadEventExecutor.java:897)
	at org.apache.ratis.thirdparty.io.netty.util.concurrent.FastThreadLocalRunnable.run(FastThreadLocalRunnable.java:30)
	... 1 more
Caused by: java.net.ConnectException: Connection refused
	... 11 more
2019-10-21 22:01:52,590 [e152cc11-8922-4c62-a829-a835e5f58570@group-6834AB77F819-LeaderElection176] INFO  impl.LeaderElection (LeaderElection.java:logAndReturn(56)) - e152cc11-8922-4c62-a829-a835e5f58570@group-6834AB77F819-LeaderElection176: Election REJECTED; received 0 response(s) [] and 2 exception(s); e152cc11-8922-4c62-a829-a835e5f58570@group-6834AB77F819:t16, leader=null, voted=e152cc11-8922-4c62-a829-a835e5f58570, raftlog=e152cc11-8922-4c62-a829-a835e5f58570@group-6834AB77F819-SegmentedRaftLog:OPENED:c6,f6,i6, conf=1: [e152cc11-8922-4c62-a829-a835e5f58570:192.168.34.8:34707, 0edd2ec6-20bf-4809-95ac-80dc11748221:192.168.34.8:43533, 28432215-63ab-4c85-86e9-79fb72521e72:192.168.34.8:33589], old=null
2019-10-21 22:01:52,590 [e152cc11-8922-4c62-a829-a835e5f58570@group-6834AB77F819-LeaderElection176] INFO  impl.LeaderElection (LogUtils.java:infoOrTrace(149)) -   Exception 0: {}
java.util.concurrent.ExecutionException: org.apache.ratis.thirdparty.io.grpc.StatusRuntimeException: UNAVAILABLE: io exception
	at java.util.concurrent.FutureTask.report(FutureTask.java:122)
	at java.util.concurrent.FutureTask.get(FutureTask.java:192)
	at org.apache.ratis.server.impl.LeaderElection.waitForResults(LeaderElection.java:259)
	at org.apache.ratis.server.impl.LeaderElection.askForVotes(LeaderElection.java:197)
	at org.apache.ratis.server.impl.LeaderElection.run(LeaderElection.java:133)
	at java.lang.Thread.run(Thread.java:748)
Caused by: org.apache.ratis.thirdparty.io.grpc.StatusRuntimeException: UNAVAILABLE: io exception
	at org.apache.ratis.thirdparty.io.grpc.stub.ClientCalls.toStatusRuntimeException(ClientCalls.java:233)
	at org.apache.ratis.thirdparty.io.grpc.stub.ClientCalls.getUnchecked(ClientCalls.java:214)
	at org.apache.ratis.thirdparty.io.grpc.stub.ClientCalls.blockingUnaryCall(ClientCalls.java:139)
	at org.apache.ratis.proto.grpc.RaftServerProtocolServiceGrpc$RaftServerProtocolServiceBlockingStub.requestVote(RaftServerProtocolServiceGrpc.java:265)
	at org.apache.ratis.grpc.server.GrpcServerProtocolClient.requestVote(GrpcServerProtocolClient.java:99)
	at org.apache.ratis.grpc.server.GrpcService.requestVote(GrpcService.java:204)
	at org.apache.ratis.server.impl.LeaderElection.lambda$submitRequests$1(LeaderElection.java:234)
	at java.util.concurrent.FutureTask.run(FutureTask.java:266)
	at java.util.concurrent.Executors$RunnableAdapter.call(Executors.java:511)
	at java.util.concurrent.FutureTask.run(FutureTask.java:266)
	at java.util.concurrent.ThreadPoolExecutor.runWorker(ThreadPoolExecutor.java:1149)
	at java.util.concurrent.ThreadPoolExecutor$Worker.run(ThreadPoolExecutor.java:624)
	... 1 more
Caused by: org.apache.ratis.thirdparty.io.netty.channel.AbstractChannel$AnnotatedConnectException: Connection refused: /192.168.34.8:33589
	at sun.nio.ch.SocketChannelImpl.checkConnect(Native Method)
	at sun.nio.ch.SocketChannelImpl.finishConnect(SocketChannelImpl.java:717)
	at org.apache.ratis.thirdparty.io.netty.channel.socket.nio.NioSocketChannel.doFinishConnect(NioSocketChannel.java:327)
	at org.apache.ratis.thirdparty.io.netty.channel.nio.AbstractNioChannel$AbstractNioUnsafe.finishConnect(AbstractNioChannel.java:340)
	at org.apache.ratis.thirdparty.io.netty.channel.nio.NioEventLoop.processSelectedKey(NioEventLoop.java:632)
	at org.apache.ratis.thirdparty.io.netty.channel.nio.NioEventLoop.processSelectedKeysOptimized(NioEventLoop.java:579)
	at org.apache.ratis.thirdparty.io.netty.channel.nio.NioEventLoop.processSelectedKeys(NioEventLoop.java:496)
	at org.apache.ratis.thirdparty.io.netty.channel.nio.NioEventLoop.run(NioEventLoop.java:458)
	at org.apache.ratis.thirdparty.io.netty.util.concurrent.SingleThreadEventExecutor$5.run(SingleThreadEventExecutor.java:897)
	at org.apache.ratis.thirdparty.io.netty.util.concurrent.FastThreadLocalRunnable.run(FastThreadLocalRunnable.java:30)
	... 1 more
Caused by: java.net.ConnectException: Connection refused
	... 11 more
2019-10-21 22:01:52,590 [e152cc11-8922-4c62-a829-a835e5f58570@group-6834AB77F819-LeaderElection176] INFO  impl.LeaderElection (LogUtils.java:infoOrTrace(149)) -   Exception 1: {}
java.util.concurrent.ExecutionException: org.apache.ratis.thirdparty.io.grpc.StatusRuntimeException: UNAVAILABLE: io exception
	at java.util.concurrent.FutureTask.report(FutureTask.java:122)
	at java.util.concurrent.FutureTask.get(FutureTask.java:192)
	at org.apache.ratis.server.impl.LeaderElection.waitForResults(LeaderElection.java:259)
	at org.apache.ratis.server.impl.LeaderElection.askForVotes(LeaderElection.java:197)
	at org.apache.ratis.server.impl.LeaderElection.run(LeaderElection.java:133)
	at java.lang.Thread.run(Thread.java:748)
Caused by: org.apache.ratis.thirdparty.io.grpc.StatusRuntimeException: UNAVAILABLE: io exception
	at org.apache.ratis.thirdparty.io.grpc.stub.ClientCalls.toStatusRuntimeException(ClientCalls.java:233)
	at org.apache.ratis.thirdparty.io.grpc.stub.ClientCalls.getUnchecked(ClientCalls.java:214)
	at org.apache.ratis.thirdparty.io.grpc.stub.ClientCalls.blockingUnaryCall(ClientCalls.java:139)
	at org.apache.ratis.proto.grpc.RaftServerProtocolServiceGrpc$RaftServerProtocolServiceBlockingStub.requestVote(RaftServerProtocolServiceGrpc.java:265)
	at org.apache.ratis.grpc.server.GrpcServerProtocolClient.requestVote(GrpcServerProtocolClient.java:99)
	at org.apache.ratis.grpc.server.GrpcService.requestVote(GrpcService.java:204)
	at org.apache.ratis.server.impl.LeaderElection.lambda$submitRequests$1(LeaderElection.java:234)
	at java.util.concurrent.FutureTask.run(FutureTask.java:266)
	at java.util.concurrent.Executors$RunnableAdapter.call(Executors.java:511)
	at java.util.concurrent.FutureTask.run(FutureTask.java:266)
	at java.util.concurrent.ThreadPoolExecutor.runWorker(ThreadPoolExecutor.java:1149)
	at java.util.concurrent.ThreadPoolExecutor$Worker.run(ThreadPoolExecutor.java:624)
	... 1 more
Caused by: org.apache.ratis.thirdparty.io.netty.channel.AbstractChannel$AnnotatedConnectException: Connection refused: /192.168.34.8:43533
	at sun.nio.ch.SocketChannelImpl.checkConnect(Native Method)
	at sun.nio.ch.SocketChannelImpl.finishConnect(SocketChannelImpl.java:717)
	at org.apache.ratis.thirdparty.io.netty.channel.socket.nio.NioSocketChannel.doFinishConnect(NioSocketChannel.java:327)
	at org.apache.ratis.thirdparty.io.netty.channel.nio.AbstractNioChannel$AbstractNioUnsafe.finishConnect(AbstractNioChannel.java:340)
	at org.apache.ratis.thirdparty.io.netty.channel.nio.NioEventLoop.processSelectedKey(NioEventLoop.java:632)
	at org.apache.ratis.thirdparty.io.netty.channel.nio.NioEventLoop.processSelectedKeysOptimized(NioEventLoop.java:579)
	at org.apache.ratis.thirdparty.io.netty.channel.nio.NioEventLoop.processSelectedKeys(NioEventLoop.java:496)
	at org.apache.ratis.thirdparty.io.netty.channel.nio.NioEventLoop.run(NioEventLoop.java:458)
	at org.apache.ratis.thirdparty.io.netty.util.concurrent.SingleThreadEventExecutor$5.run(SingleThreadEventExecutor.java:897)
	at org.apache.ratis.thirdparty.io.netty.util.concurrent.FastThreadLocalRunnable.run(FastThreadLocalRunnable.java:30)
	... 1 more
Caused by: java.net.ConnectException: Connection refused
	... 11 more
2019-10-21 22:01:52,591 [e152cc11-8922-4c62-a829-a835e5f58570@group-6834AB77F819-LeaderElection176] INFO  impl.RaftServerImpl (RaftServerImpl.java:setRole(184)) - e152cc11-8922-4c62-a829-a835e5f58570@group-6834AB77F819: changes role from CANDIDATE to FOLLOWER at term 16 for DISCOVERED_A_NEW_TERM
2019-10-21 22:01:52,591 [e152cc11-8922-4c62-a829-a835e5f58570@group-6834AB77F819-LeaderElection176] INFO  impl.RoleInfo (RoleInfo.java:shutdownLeaderElection(134)) - e152cc11-8922-4c62-a829-a835e5f58570: shutdown LeaderElection
2019-10-21 22:01:52,591 [e152cc11-8922-4c62-a829-a835e5f58570@group-6834AB77F819-LeaderElection176] INFO  impl.RoleInfo (RoleInfo.java:updateAndGet(143)) - e152cc11-8922-4c62-a829-a835e5f58570: start FollowerState
2019-10-21 22:01:53,622 [Thread-1684] INFO  impl.FollowerState (FollowerState.java:run(108)) - e152cc11-8922-4c62-a829-a835e5f58570@group-6834AB77F819-FollowerState: change to CANDIDATE, lastRpcTime:1030ms, electionTimeout:1030ms
2019-10-21 22:01:53,623 [Thread-1684] INFO  impl.RoleInfo (RoleInfo.java:shutdownFollowerState(121)) - e152cc11-8922-4c62-a829-a835e5f58570: shutdown FollowerState
2019-10-21 22:01:53,623 [Thread-1684] INFO  impl.RaftServerImpl (RaftServerImpl.java:setRole(184)) - e152cc11-8922-4c62-a829-a835e5f58570@group-6834AB77F819: changes role from  FOLLOWER to CANDIDATE at term 16 for changeToCandidate
2019-10-21 22:01:53,623 [Thread-1684] INFO  impl.RoleInfo (RoleInfo.java:updateAndGet(143)) - e152cc11-8922-4c62-a829-a835e5f58570: start LeaderElection
2019-10-21 22:01:53,640 [e152cc11-8922-4c62-a829-a835e5f58570@group-6834AB77F819-LeaderElection177] INFO  impl.LeaderElection (LeaderElection.java:askForVotes(178)) - e152cc11-8922-4c62-a829-a835e5f58570@group-6834AB77F819-LeaderElection177: begin an election at term 17 for 1: [e152cc11-8922-4c62-a829-a835e5f58570:192.168.34.8:34707, 0edd2ec6-20bf-4809-95ac-80dc11748221:192.168.34.8:43533, 28432215-63ab-4c85-86e9-79fb72521e72:192.168.34.8:33589], old=null
2019-10-21 22:01:53,642 [e152cc11-8922-4c62-a829-a835e5f58570@group-6834AB77F819-LeaderElection177] INFO  impl.LeaderElection (LogUtils.java:infoOrTrace(149)) - e152cc11-8922-4c62-a829-a835e5f58570@group-6834AB77F819-LeaderElection177 got exception when requesting votes: {}
java.util.concurrent.ExecutionException: org.apache.ratis.thirdparty.io.grpc.StatusRuntimeException: UNAVAILABLE: io exception
	at java.util.concurrent.FutureTask.report(FutureTask.java:122)
	at java.util.concurrent.FutureTask.get(FutureTask.java:192)
	at org.apache.ratis.server.impl.LeaderElection.waitForResults(LeaderElection.java:259)
	at org.apache.ratis.server.impl.LeaderElection.askForVotes(LeaderElection.java:197)
	at org.apache.ratis.server.impl.LeaderElection.run(LeaderElection.java:133)
	at java.lang.Thread.run(Thread.java:748)
Caused by: org.apache.ratis.thirdparty.io.grpc.StatusRuntimeException: UNAVAILABLE: io exception
	at org.apache.ratis.thirdparty.io.grpc.stub.ClientCalls.toStatusRuntimeException(ClientCalls.java:233)
	at org.apache.ratis.thirdparty.io.grpc.stub.ClientCalls.getUnchecked(ClientCalls.java:214)
	at org.apache.ratis.thirdparty.io.grpc.stub.ClientCalls.blockingUnaryCall(ClientCalls.java:139)
	at org.apache.ratis.proto.grpc.RaftServerProtocolServiceGrpc$RaftServerProtocolServiceBlockingStub.requestVote(RaftServerProtocolServiceGrpc.java:265)
	at org.apache.ratis.grpc.server.GrpcServerProtocolClient.requestVote(GrpcServerProtocolClient.java:99)
	at org.apache.ratis.grpc.server.GrpcService.requestVote(GrpcService.java:204)
	at org.apache.ratis.server.impl.LeaderElection.lambda$submitRequests$1(LeaderElection.java:234)
	at java.util.concurrent.FutureTask.run(FutureTask.java:266)
	at java.util.concurrent.Executors$RunnableAdapter.call(Executors.java:511)
	at java.util.concurrent.FutureTask.run(FutureTask.java:266)
	at java.util.concurrent.ThreadPoolExecutor.runWorker(ThreadPoolExecutor.java:1149)
	at java.util.concurrent.ThreadPoolExecutor$Worker.run(ThreadPoolExecutor.java:624)
	... 1 more
Caused by: org.apache.ratis.thirdparty.io.netty.channel.AbstractChannel$AnnotatedConnectException: Connection refused: /192.168.34.8:43533
	at sun.nio.ch.SocketChannelImpl.checkConnect(Native Method)
	at sun.nio.ch.SocketChannelImpl.finishConnect(SocketChannelImpl.java:717)
	at org.apache.ratis.thirdparty.io.netty.channel.socket.nio.NioSocketChannel.doFinishConnect(NioSocketChannel.java:327)
	at org.apache.ratis.thirdparty.io.netty.channel.nio.AbstractNioChannel$AbstractNioUnsafe.finishConnect(AbstractNioChannel.java:340)
	at org.apache.ratis.thirdparty.io.netty.channel.nio.NioEventLoop.processSelectedKey(NioEventLoop.java:632)
	at org.apache.ratis.thirdparty.io.netty.channel.nio.NioEventLoop.processSelectedKeysOptimized(NioEventLoop.java:579)
	at org.apache.ratis.thirdparty.io.netty.channel.nio.NioEventLoop.processSelectedKeys(NioEventLoop.java:496)
	at org.apache.ratis.thirdparty.io.netty.channel.nio.NioEventLoop.run(NioEventLoop.java:458)
	at org.apache.ratis.thirdparty.io.netty.util.concurrent.SingleThreadEventExecutor$5.run(SingleThreadEventExecutor.java:897)
	at org.apache.ratis.thirdparty.io.netty.util.concurrent.FastThreadLocalRunnable.run(FastThreadLocalRunnable.java:30)
	... 1 more
Caused by: java.net.ConnectException: Connection refused
	... 11 more
2019-10-21 22:01:53,645 [e152cc11-8922-4c62-a829-a835e5f58570@group-6834AB77F819-LeaderElection177] INFO  impl.LeaderElection (LogUtils.java:infoOrTrace(149)) - e152cc11-8922-4c62-a829-a835e5f58570@group-6834AB77F819-LeaderElection177 got exception when requesting votes: {}
java.util.concurrent.ExecutionException: org.apache.ratis.thirdparty.io.grpc.StatusRuntimeException: UNAVAILABLE: io exception
	at java.util.concurrent.FutureTask.report(FutureTask.java:122)
	at java.util.concurrent.FutureTask.get(FutureTask.java:192)
	at org.apache.ratis.server.impl.LeaderElection.waitForResults(LeaderElection.java:259)
	at org.apache.ratis.server.impl.LeaderElection.askForVotes(LeaderElection.java:197)
	at org.apache.ratis.server.impl.LeaderElection.run(LeaderElection.java:133)
	at java.lang.Thread.run(Thread.java:748)
Caused by: org.apache.ratis.thirdparty.io.grpc.StatusRuntimeException: UNAVAILABLE: io exception
	at org.apache.ratis.thirdparty.io.grpc.stub.ClientCalls.toStatusRuntimeException(ClientCalls.java:233)
	at org.apache.ratis.thirdparty.io.grpc.stub.ClientCalls.getUnchecked(ClientCalls.java:214)
	at org.apache.ratis.thirdparty.io.grpc.stub.ClientCalls.blockingUnaryCall(ClientCalls.java:139)
	at org.apache.ratis.proto.grpc.RaftServerProtocolServiceGrpc$RaftServerProtocolServiceBlockingStub.requestVote(RaftServerProtocolServiceGrpc.java:265)
	at org.apache.ratis.grpc.server.GrpcServerProtocolClient.requestVote(GrpcServerProtocolClient.java:99)
	at org.apache.ratis.grpc.server.GrpcService.requestVote(GrpcService.java:204)
	at org.apache.ratis.server.impl.LeaderElection.lambda$submitRequests$1(LeaderElection.java:234)
	at java.util.concurrent.FutureTask.run(FutureTask.java:266)
	at java.util.concurrent.Executors$RunnableAdapter.call(Executors.java:511)
	at java.util.concurrent.FutureTask.run(FutureTask.java:266)
	at java.util.concurrent.ThreadPoolExecutor.runWorker(ThreadPoolExecutor.java:1149)
	at java.util.concurrent.ThreadPoolExecutor$Worker.run(ThreadPoolExecutor.java:624)
	... 1 more
Caused by: org.apache.ratis.thirdparty.io.netty.channel.AbstractChannel$AnnotatedConnectException: Connection refused: /192.168.34.8:33589
	at sun.nio.ch.SocketChannelImpl.checkConnect(Native Method)
	at sun.nio.ch.SocketChannelImpl.finishConnect(SocketChannelImpl.java:717)
	at org.apache.ratis.thirdparty.io.netty.channel.socket.nio.NioSocketChannel.doFinishConnect(NioSocketChannel.java:327)
	at org.apache.ratis.thirdparty.io.netty.channel.nio.AbstractNioChannel$AbstractNioUnsafe.finishConnect(AbstractNioChannel.java:340)
	at org.apache.ratis.thirdparty.io.netty.channel.nio.NioEventLoop.processSelectedKey(NioEventLoop.java:632)
	at org.apache.ratis.thirdparty.io.netty.channel.nio.NioEventLoop.processSelectedKeysOptimized(NioEventLoop.java:579)
	at org.apache.ratis.thirdparty.io.netty.channel.nio.NioEventLoop.processSelectedKeys(NioEventLoop.java:496)
	at org.apache.ratis.thirdparty.io.netty.channel.nio.NioEventLoop.run(NioEventLoop.java:458)
	at org.apache.ratis.thirdparty.io.netty.util.concurrent.SingleThreadEventExecutor$5.run(SingleThreadEventExecutor.java:897)
	at org.apache.ratis.thirdparty.io.netty.util.concurrent.FastThreadLocalRunnable.run(FastThreadLocalRunnable.java:30)
	... 1 more
Caused by: java.net.ConnectException: Connection refused
	... 11 more
2019-10-21 22:01:53,647 [e152cc11-8922-4c62-a829-a835e5f58570@group-6834AB77F819-LeaderElection177] INFO  impl.LeaderElection (LeaderElection.java:logAndReturn(56)) - e152cc11-8922-4c62-a829-a835e5f58570@group-6834AB77F819-LeaderElection177: Election REJECTED; received 0 response(s) [] and 2 exception(s); e152cc11-8922-4c62-a829-a835e5f58570@group-6834AB77F819:t17, leader=null, voted=e152cc11-8922-4c62-a829-a835e5f58570, raftlog=e152cc11-8922-4c62-a829-a835e5f58570@group-6834AB77F819-SegmentedRaftLog:OPENED:c6,f6,i6, conf=1: [e152cc11-8922-4c62-a829-a835e5f58570:192.168.34.8:34707, 0edd2ec6-20bf-4809-95ac-80dc11748221:192.168.34.8:43533, 28432215-63ab-4c85-86e9-79fb72521e72:192.168.34.8:33589], old=null
2019-10-21 22:01:53,647 [e152cc11-8922-4c62-a829-a835e5f58570@group-6834AB77F819-LeaderElection177] INFO  impl.LeaderElection (LogUtils.java:infoOrTrace(149)) -   Exception 0: {}
java.util.concurrent.ExecutionException: org.apache.ratis.thirdparty.io.grpc.StatusRuntimeException: UNAVAILABLE: io exception
	at java.util.concurrent.FutureTask.report(FutureTask.java:122)
	at java.util.concurrent.FutureTask.get(FutureTask.java:192)
	at org.apache.ratis.server.impl.LeaderElection.waitForResults(LeaderElection.java:259)
	at org.apache.ratis.server.impl.LeaderElection.askForVotes(LeaderElection.java:197)
	at org.apache.ratis.server.impl.LeaderElection.run(LeaderElection.java:133)
	at java.lang.Thread.run(Thread.java:748)
Caused by: org.apache.ratis.thirdparty.io.grpc.StatusRuntimeException: UNAVAILABLE: io exception
	at org.apache.ratis.thirdparty.io.grpc.stub.ClientCalls.toStatusRuntimeException(ClientCalls.java:233)
	at org.apache.ratis.thirdparty.io.grpc.stub.ClientCalls.getUnchecked(ClientCalls.java:214)
	at org.apache.ratis.thirdparty.io.grpc.stub.ClientCalls.blockingUnaryCall(ClientCalls.java:139)
	at org.apache.ratis.proto.grpc.RaftServerProtocolServiceGrpc$RaftServerProtocolServiceBlockingStub.requestVote(RaftServerProtocolServiceGrpc.java:265)
	at org.apache.ratis.grpc.server.GrpcServerProtocolClient.requestVote(GrpcServerProtocolClient.java:99)
	at org.apache.ratis.grpc.server.GrpcService.requestVote(GrpcService.java:204)
	at org.apache.ratis.server.impl.LeaderElection.lambda$submitRequests$1(LeaderElection.java:234)
	at java.util.concurrent.FutureTask.run(FutureTask.java:266)
	at java.util.concurrent.Executors$RunnableAdapter.call(Executors.java:511)
	at java.util.concurrent.FutureTask.run(FutureTask.java:266)
	at java.util.concurrent.ThreadPoolExecutor.runWorker(ThreadPoolExecutor.java:1149)
	at java.util.concurrent.ThreadPoolExecutor$Worker.run(ThreadPoolExecutor.java:624)
	... 1 more
Caused by: org.apache.ratis.thirdparty.io.netty.channel.AbstractChannel$AnnotatedConnectException: Connection refused: /192.168.34.8:43533
	at sun.nio.ch.SocketChannelImpl.checkConnect(Native Method)
	at sun.nio.ch.SocketChannelImpl.finishConnect(SocketChannelImpl.java:717)
	at org.apache.ratis.thirdparty.io.netty.channel.socket.nio.NioSocketChannel.doFinishConnect(NioSocketChannel.java:327)
	at org.apache.ratis.thirdparty.io.netty.channel.nio.AbstractNioChannel$AbstractNioUnsafe.finishConnect(AbstractNioChannel.java:340)
	at org.apache.ratis.thirdparty.io.netty.channel.nio.NioEventLoop.processSelectedKey(NioEventLoop.java:632)
	at org.apache.ratis.thirdparty.io.netty.channel.nio.NioEventLoop.processSelectedKeysOptimized(NioEventLoop.java:579)
	at org.apache.ratis.thirdparty.io.netty.channel.nio.NioEventLoop.processSelectedKeys(NioEventLoop.java:496)
	at org.apache.ratis.thirdparty.io.netty.channel.nio.NioEventLoop.run(NioEventLoop.java:458)
	at org.apache.ratis.thirdparty.io.netty.util.concurrent.SingleThreadEventExecutor$5.run(SingleThreadEventExecutor.java:897)
	at org.apache.ratis.thirdparty.io.netty.util.concurrent.FastThreadLocalRunnable.run(FastThreadLocalRunnable.java:30)
	... 1 more
Caused by: java.net.ConnectException: Connection refused
	... 11 more
2019-10-21 22:01:53,647 [e152cc11-8922-4c62-a829-a835e5f58570@group-6834AB77F819-LeaderElection177] INFO  impl.LeaderElection (LogUtils.java:infoOrTrace(149)) -   Exception 1: {}
java.util.concurrent.ExecutionException: org.apache.ratis.thirdparty.io.grpc.StatusRuntimeException: UNAVAILABLE: io exception
	at java.util.concurrent.FutureTask.report(FutureTask.java:122)
	at java.util.concurrent.FutureTask.get(FutureTask.java:192)
	at org.apache.ratis.server.impl.LeaderElection.waitForResults(LeaderElection.java:259)
	at org.apache.ratis.server.impl.LeaderElection.askForVotes(LeaderElection.java:197)
	at org.apache.ratis.server.impl.LeaderElection.run(LeaderElection.java:133)
	at java.lang.Thread.run(Thread.java:748)
Caused by: org.apache.ratis.thirdparty.io.grpc.StatusRuntimeException: UNAVAILABLE: io exception
	at org.apache.ratis.thirdparty.io.grpc.stub.ClientCalls.toStatusRuntimeException(ClientCalls.java:233)
	at org.apache.ratis.thirdparty.io.grpc.stub.ClientCalls.getUnchecked(ClientCalls.java:214)
	at org.apache.ratis.thirdparty.io.grpc.stub.ClientCalls.blockingUnaryCall(ClientCalls.java:139)
	at org.apache.ratis.proto.grpc.RaftServerProtocolServiceGrpc$RaftServerProtocolServiceBlockingStub.requestVote(RaftServerProtocolServiceGrpc.java:265)
	at org.apache.ratis.grpc.server.GrpcServerProtocolClient.requestVote(GrpcServerProtocolClient.java:99)
	at org.apache.ratis.grpc.server.GrpcService.requestVote(GrpcService.java:204)
	at org.apache.ratis.server.impl.LeaderElection.lambda$submitRequests$1(LeaderElection.java:234)
	at java.util.concurrent.FutureTask.run(FutureTask.java:266)
	at java.util.concurrent.Executors$RunnableAdapter.call(Executors.java:511)
	at java.util.concurrent.FutureTask.run(FutureTask.java:266)
	at java.util.concurrent.ThreadPoolExecutor.runWorker(ThreadPoolExecutor.java:1149)
	at java.util.concurrent.ThreadPoolExecutor$Worker.run(ThreadPoolExecutor.java:624)
	... 1 more
Caused by: org.apache.ratis.thirdparty.io.netty.channel.AbstractChannel$AnnotatedConnectException: Connection refused: /192.168.34.8:33589
	at sun.nio.ch.SocketChannelImpl.checkConnect(Native Method)
	at sun.nio.ch.SocketChannelImpl.finishConnect(SocketChannelImpl.java:717)
	at org.apache.ratis.thirdparty.io.netty.channel.socket.nio.NioSocketChannel.doFinishConnect(NioSocketChannel.java:327)
	at org.apache.ratis.thirdparty.io.netty.channel.nio.AbstractNioChannel$AbstractNioUnsafe.finishConnect(AbstractNioChannel.java:340)
	at org.apache.ratis.thirdparty.io.netty.channel.nio.NioEventLoop.processSelectedKey(NioEventLoop.java:632)
	at org.apache.ratis.thirdparty.io.netty.channel.nio.NioEventLoop.processSelectedKeysOptimized(NioEventLoop.java:579)
	at org.apache.ratis.thirdparty.io.netty.channel.nio.NioEventLoop.processSelectedKeys(NioEventLoop.java:496)
	at org.apache.ratis.thirdparty.io.netty.channel.nio.NioEventLoop.run(NioEventLoop.java:458)
	at org.apache.ratis.thirdparty.io.netty.util.concurrent.SingleThreadEventExecutor$5.run(SingleThreadEventExecutor.java:897)
	at org.apache.ratis.thirdparty.io.netty.util.concurrent.FastThreadLocalRunnable.run(FastThreadLocalRunnable.java:30)
	... 1 more
Caused by: java.net.ConnectException: Connection refused
	... 11 more
2019-10-21 22:01:53,648 [e152cc11-8922-4c62-a829-a835e5f58570@group-6834AB77F819-LeaderElection177] INFO  impl.RaftServerImpl (RaftServerImpl.java:setRole(184)) - e152cc11-8922-4c62-a829-a835e5f58570@group-6834AB77F819: changes role from CANDIDATE to FOLLOWER at term 17 for DISCOVERED_A_NEW_TERM
2019-10-21 22:01:53,648 [e152cc11-8922-4c62-a829-a835e5f58570@group-6834AB77F819-LeaderElection177] INFO  impl.RoleInfo (RoleInfo.java:shutdownLeaderElection(134)) - e152cc11-8922-4c62-a829-a835e5f58570: shutdown LeaderElection
2019-10-21 22:01:53,648 [e152cc11-8922-4c62-a829-a835e5f58570@group-6834AB77F819-LeaderElection177] INFO  impl.RoleInfo (RoleInfo.java:updateAndGet(143)) - e152cc11-8922-4c62-a829-a835e5f58570: start FollowerState
2019-10-21 22:01:54,564 [main] INFO  ozoneimpl.OzoneContainer (OzoneContainer.java:stop(227)) - Attempting to stop container services.
2019-10-21 22:01:54,564 [ForkJoinPool.commonPool-worker-0] INFO  ozoneimpl.OzoneContainer (OzoneContainer.java:stop(227)) - Attempting to stop container services.
2019-10-21 22:01:54,566 [main] INFO  impl.RaftServerProxy (RaftServerProxy.java:lambda$close$4(314)) - e152cc11-8922-4c62-a829-a835e5f58570: close
2019-10-21 22:01:54,566 [ForkJoinPool.commonPool-worker-0] INFO  impl.RaftServerProxy (RaftServerProxy.java:lambda$close$4(314)) - 1d0c6007-e48f-4ec0-bdc7-6df2bfd38833: close
2019-10-21 22:01:54,567 [main] INFO  impl.RaftServerImpl (RaftServerImpl.java:lambda$shutdown$3(261)) - e152cc11-8922-4c62-a829-a835e5f58570@group-B254D29705CD: shutdown
2019-10-21 22:01:54,567 [ForkJoinPool.commonPool-worker-0] INFO  impl.RaftServerImpl (RaftServerImpl.java:lambda$shutdown$3(261)) - 1d0c6007-e48f-4ec0-bdc7-6df2bfd38833@group-82AD40169C32: shutdown
2019-10-21 22:01:54,567 [main] INFO  util.JmxRegister (JmxRegister.java:unregister(73)) - Successfully un-registered JMX Bean with object name Ratis:service=RaftServer,group=group-B254D29705CD,id=e152cc11-8922-4c62-a829-a835e5f58570
2019-10-21 22:01:54,567 [ForkJoinPool.commonPool-worker-0] INFO  util.JmxRegister (JmxRegister.java:unregister(73)) - Successfully un-registered JMX Bean with object name Ratis:service=RaftServer,group=group-82AD40169C32,id=1d0c6007-e48f-4ec0-bdc7-6df2bfd38833
2019-10-21 22:01:54,568 [main] INFO  impl.RoleInfo (RoleInfo.java:shutdownLeaderState(104)) - e152cc11-8922-4c62-a829-a835e5f58570: shutdown LeaderState
2019-10-21 22:01:54,568 [ForkJoinPool.commonPool-worker-0] INFO  impl.RoleInfo (RoleInfo.java:shutdownFollowerState(121)) - 1d0c6007-e48f-4ec0-bdc7-6df2bfd38833: shutdown FollowerState
2019-10-21 22:01:54,568 [main] INFO  impl.PendingRequests (PendingRequests.java:sendNotLeaderResponses(202)) - e152cc11-8922-4c62-a829-a835e5f58570@group-B254D29705CD-PendingRequests: sendNotLeaderResponses
2019-10-21 22:01:54,568 [ForkJoinPool.commonPool-worker-0] INFO  impl.StateMachineUpdater (StateMachineUpdater.java:stopAndJoin(136)) - 1d0c6007-e48f-4ec0-bdc7-6df2bfd38833@group-82AD40169C32-StateMachineUpdater: set stopIndex = 16
2019-10-21 22:01:54,569 [Thread-449] INFO  impl.FollowerState (FollowerState.java:run(117)) - 1d0c6007-e48f-4ec0-bdc7-6df2bfd38833@group-82AD40169C32-FollowerState was interrupted: java.lang.InterruptedException: sleep interrupted
2019-10-21 22:01:54,569 [main] INFO  impl.StateMachineUpdater (StateMachineUpdater.java:stopAndJoin(136)) - e152cc11-8922-4c62-a829-a835e5f58570@group-B254D29705CD-StateMachineUpdater: set stopIndex = 0
2019-10-21 22:01:54,569 [1d0c6007-e48f-4ec0-bdc7-6df2bfd38833@group-82AD40169C32-StateMachineUpdater] INFO  ratis.ContainerStateMachine (ContainerStateMachine.java:takeSnapshot(294)) - group-82AD40169C32: Taking a snapshot at:(t:6, i:12) file /workdir/hadoop-ozone/integration-test/target/test-dir/MiniOzoneClusterImpl-55d22b23-1d78-4564-93d7-1f68b9a0b903/datanode-0/data/ratis/cd3b640d-a296-49d1-813b-82ad40169c32/sm/snapshot.6_12
2019-10-21 22:01:54,570 [main] INFO  impl.RaftServerImpl (ServerState.java:close(388)) - e152cc11-8922-4c62-a829-a835e5f58570@group-B254D29705CD: closes. applyIndex: 0
2019-10-21 22:01:54,571 [e152cc11-8922-4c62-a829-a835e5f58570@group-B254D29705CD-SegmentedRaftLogWorker] INFO  segmented.SegmentedRaftLogWorker (SegmentedRaftLogWorker.java:run(316)) - e152cc11-8922-4c62-a829-a835e5f58570@group-B254D29705CD-SegmentedRaftLogWorker was interrupted, exiting. There are 0 tasks remaining in the queue.
2019-10-21 22:01:54,571 [main] INFO  segmented.SegmentedRaftLogWorker (SegmentedRaftLogWorker.java:close(224)) - e152cc11-8922-4c62-a829-a835e5f58570@group-B254D29705CD-SegmentedRaftLogWorker close()
2019-10-21 22:01:54,575 [main] INFO  impl.RaftServerImpl (RaftServerImpl.java:lambda$shutdown$3(261)) - e152cc11-8922-4c62-a829-a835e5f58570@group-6834AB77F819: shutdown
2019-10-21 22:01:54,575 [main] INFO  util.JmxRegister (JmxRegister.java:unregister(73)) - Successfully un-registered JMX Bean with object name Ratis:service=RaftServer,group=group-6834AB77F819,id=e152cc11-8922-4c62-a829-a835e5f58570
2019-10-21 22:01:54,575 [main] INFO  impl.RoleInfo (RoleInfo.java:shutdownFollowerState(121)) - e152cc11-8922-4c62-a829-a835e5f58570: shutdown FollowerState
2019-10-21 22:01:54,575 [main] INFO  impl.StateMachineUpdater (StateMachineUpdater.java:stopAndJoin(136)) - e152cc11-8922-4c62-a829-a835e5f58570@group-6834AB77F819-StateMachineUpdater: set stopIndex = 6
2019-10-21 22:01:54,576 [e152cc11-8922-4c62-a829-a835e5f58570@group-6834AB77F819-StateMachineUpdater] INFO  ratis.ContainerStateMachine (ContainerStateMachine.java:takeSnapshot(294)) - group-6834AB77F819: Taking a snapshot at:(t:6, i:5) file /workdir/hadoop-ozone/integration-test/target/test-dir/MiniOzoneClusterImpl-55d22b23-1d78-4564-93d7-1f68b9a0b903/datanode-9/data/ratis/4e43fd85-fb0f-4fb0-96cc-6834ab77f819/sm/snapshot.6_5
2019-10-21 22:01:54,575 [Thread-1692] INFO  impl.FollowerState (FollowerState.java:run(117)) - e152cc11-8922-4c62-a829-a835e5f58570@group-6834AB77F819-FollowerState was interrupted: java.lang.InterruptedException: sleep interrupted
2019-10-21 22:01:54,577 [1d0c6007-e48f-4ec0-bdc7-6df2bfd38833@group-82AD40169C32-StateMachineUpdater] INFO  ratis.ContainerStateMachine (ContainerStateMachine.java:takeSnapshot(305)) - group-82AD40169C32: Finished taking a snapshot at:(t:6, i:12) file:/workdir/hadoop-ozone/integration-test/target/test-dir/MiniOzoneClusterImpl-55d22b23-1d78-4564-93d7-1f68b9a0b903/datanode-0/data/ratis/cd3b640d-a296-49d1-813b-82ad40169c32/sm/snapshot.6_12 time:8
2019-10-21 22:01:54,578 [1d0c6007-e48f-4ec0-bdc7-6df2bfd38833@group-82AD40169C32-StateMachineUpdater] INFO  impl.StateMachineUpdater (StateMachineUpdater.java:takeSnapshot(269)) - 1d0c6007-e48f-4ec0-bdc7-6df2bfd38833@group-82AD40169C32-StateMachineUpdater: Took a snapshot at index 12
2019-10-21 22:01:54,578 [1d0c6007-e48f-4ec0-bdc7-6df2bfd38833@group-82AD40169C32-StateMachineUpdater] INFO  impl.StateMachineUpdater (StateMachineUpdater.java:lambda$new$0(84)) - 1d0c6007-e48f-4ec0-bdc7-6df2bfd38833@group-82AD40169C32-StateMachineUpdater: snapshotIndex: updateIncreasingly -1 -> 12
2019-10-21 22:01:54,578 [1d0c6007-e48f-4ec0-bdc7-6df2bfd38833@group-82AD40169C32-StateMachineUpdater] INFO  ratis.ContainerStateMachine (ContainerStateMachine.java:takeSnapshot(294)) - group-82AD40169C32: Taking a snapshot at:(t:6, i:12) file /workdir/hadoop-ozone/integration-test/target/test-dir/MiniOzoneClusterImpl-55d22b23-1d78-4564-93d7-1f68b9a0b903/datanode-0/data/ratis/cd3b640d-a296-49d1-813b-82ad40169c32/sm/snapshot.6_12
2019-10-21 22:01:54,579 [e152cc11-8922-4c62-a829-a835e5f58570@group-6834AB77F819-StateMachineUpdater] INFO  ratis.ContainerStateMachine (ContainerStateMachine.java:takeSnapshot(305)) - group-6834AB77F819: Finished taking a snapshot at:(t:6, i:5) file:/workdir/hadoop-ozone/integration-test/target/test-dir/MiniOzoneClusterImpl-55d22b23-1d78-4564-93d7-1f68b9a0b903/datanode-9/data/ratis/4e43fd85-fb0f-4fb0-96cc-6834ab77f819/sm/snapshot.6_5 time:3
2019-10-21 22:01:54,579 [e152cc11-8922-4c62-a829-a835e5f58570@group-6834AB77F819-StateMachineUpdater] INFO  impl.StateMachineUpdater (StateMachineUpdater.java:takeSnapshot(269)) - e152cc11-8922-4c62-a829-a835e5f58570@group-6834AB77F819-StateMachineUpdater: Took a snapshot at index 5
2019-10-21 22:01:54,580 [e152cc11-8922-4c62-a829-a835e5f58570@group-6834AB77F819-StateMachineUpdater] INFO  impl.StateMachineUpdater (StateMachineUpdater.java:lambda$new$0(84)) - e152cc11-8922-4c62-a829-a835e5f58570@group-6834AB77F819-StateMachineUpdater: snapshotIndex: updateIncreasingly -1 -> 5
2019-10-21 22:01:54,580 [e152cc11-8922-4c62-a829-a835e5f58570@group-6834AB77F819-StateMachineUpdater] INFO  ratis.ContainerStateMachine (ContainerStateMachine.java:takeSnapshot(294)) - group-6834AB77F819: Taking a snapshot at:(t:6, i:5) file /workdir/hadoop-ozone/integration-test/target/test-dir/MiniOzoneClusterImpl-55d22b23-1d78-4564-93d7-1f68b9a0b903/datanode-9/data/ratis/4e43fd85-fb0f-4fb0-96cc-6834ab77f819/sm/snapshot.6_5
2019-10-21 22:01:54,581 [1d0c6007-e48f-4ec0-bdc7-6df2bfd38833@group-82AD40169C32-StateMachineUpdater] INFO  ratis.ContainerStateMachine (ContainerStateMachine.java:takeSnapshot(305)) - group-82AD40169C32: Finished taking a snapshot at:(t:6, i:12) file:/workdir/hadoop-ozone/integration-test/target/test-dir/MiniOzoneClusterImpl-55d22b23-1d78-4564-93d7-1f68b9a0b903/datanode-0/data/ratis/cd3b640d-a296-49d1-813b-82ad40169c32/sm/snapshot.6_12 time:2
2019-10-21 22:01:54,581 [1d0c6007-e48f-4ec0-bdc7-6df2bfd38833@group-82AD40169C32-StateMachineUpdater] INFO  impl.StateMachineUpdater (StateMachineUpdater.java:takeSnapshot(269)) - 1d0c6007-e48f-4ec0-bdc7-6df2bfd38833@group-82AD40169C32-StateMachineUpdater: Took a snapshot at index 12
2019-10-21 22:01:54,581 [1d0c6007-e48f-4ec0-bdc7-6df2bfd38833@group-82AD40169C32-StateMachineUpdater] INFO  impl.StateMachineUpdater (StateMachineUpdater.java:lambda$new$0(84)) - 1d0c6007-e48f-4ec0-bdc7-6df2bfd38833@group-82AD40169C32-StateMachineUpdater: snapshotIndex: updateIncreasingly 12 -> 12
2019-10-21 22:01:54,581 [ForkJoinPool.commonPool-worker-0] INFO  impl.RaftServerImpl (ServerState.java:close(388)) - 1d0c6007-e48f-4ec0-bdc7-6df2bfd38833@group-82AD40169C32: closes. applyIndex: 16
2019-10-21 22:01:54,582 [1d0c6007-e48f-4ec0-bdc7-6df2bfd38833@group-82AD40169C32-SegmentedRaftLogWorker] INFO  segmented.SegmentedRaftLogWorker (SegmentedRaftLogWorker.java:run(316)) - 1d0c6007-e48f-4ec0-bdc7-6df2bfd38833@group-82AD40169C32-SegmentedRaftLogWorker was interrupted, exiting. There are 0 tasks remaining in the queue.
2019-10-21 22:01:54,583 [ForkJoinPool.commonPool-worker-0] INFO  segmented.SegmentedRaftLogWorker (SegmentedRaftLogWorker.java:close(224)) - 1d0c6007-e48f-4ec0-bdc7-6df2bfd38833@group-82AD40169C32-SegmentedRaftLogWorker close()
2019-10-21 22:01:54,583 [e152cc11-8922-4c62-a829-a835e5f58570@group-6834AB77F819-StateMachineUpdater] INFO  ratis.ContainerStateMachine (ContainerStateMachine.java:takeSnapshot(305)) - group-6834AB77F819: Finished taking a snapshot at:(t:6, i:5) file:/workdir/hadoop-ozone/integration-test/target/test-dir/MiniOzoneClusterImpl-55d22b23-1d78-4564-93d7-1f68b9a0b903/datanode-9/data/ratis/4e43fd85-fb0f-4fb0-96cc-6834ab77f819/sm/snapshot.6_5 time:3
2019-10-21 22:01:54,584 [ForkJoinPool.commonPool-worker-0] INFO  impl.RaftServerImpl (RaftServerImpl.java:lambda$shutdown$3(261)) - 1d0c6007-e48f-4ec0-bdc7-6df2bfd38833@group-456BDF4933C6: shutdown
2019-10-21 22:01:54,584 [e152cc11-8922-4c62-a829-a835e5f58570@group-6834AB77F819-StateMachineUpdater] INFO  impl.StateMachineUpdater (StateMachineUpdater.java:takeSnapshot(269)) - e152cc11-8922-4c62-a829-a835e5f58570@group-6834AB77F819-StateMachineUpdater: Took a snapshot at index 5
2019-10-21 22:01:54,585 [ForkJoinPool.commonPool-worker-0] INFO  util.JmxRegister (JmxRegister.java:unregister(73)) - Successfully un-registered JMX Bean with object name Ratis:service=RaftServer,group=group-456BDF4933C6,id=1d0c6007-e48f-4ec0-bdc7-6df2bfd38833
2019-10-21 22:01:54,585 [e152cc11-8922-4c62-a829-a835e5f58570@group-6834AB77F819-StateMachineUpdater] INFO  impl.StateMachineUpdater (StateMachineUpdater.java:lambda$new$0(84)) - e152cc11-8922-4c62-a829-a835e5f58570@group-6834AB77F819-StateMachineUpdater: snapshotIndex: updateIncreasingly 5 -> 5
2019-10-21 22:01:54,585 [ForkJoinPool.commonPool-worker-0] INFO  impl.RoleInfo (RoleInfo.java:shutdownLeaderState(104)) - 1d0c6007-e48f-4ec0-bdc7-6df2bfd38833: shutdown LeaderState
2019-10-21 22:01:54,586 [main] INFO  impl.RaftServerImpl (ServerState.java:close(388)) - e152cc11-8922-4c62-a829-a835e5f58570@group-6834AB77F819: closes. applyIndex: 6
2019-10-21 22:01:54,586 [ForkJoinPool.commonPool-worker-0] INFO  impl.PendingRequests (PendingRequests.java:sendNotLeaderResponses(202)) - 1d0c6007-e48f-4ec0-bdc7-6df2bfd38833@group-456BDF4933C6-PendingRequests: sendNotLeaderResponses
2019-10-21 22:01:54,587 [e152cc11-8922-4c62-a829-a835e5f58570@group-6834AB77F819-SegmentedRaftLogWorker] INFO  segmented.SegmentedRaftLogWorker (SegmentedRaftLogWorker.java:run(316)) - e152cc11-8922-4c62-a829-a835e5f58570@group-6834AB77F819-SegmentedRaftLogWorker was interrupted, exiting. There are 0 tasks remaining in the queue.
2019-10-21 22:01:54,587 [ForkJoinPool.commonPool-worker-0] INFO  impl.StateMachineUpdater (StateMachineUpdater.java:stopAndJoin(136)) - 1d0c6007-e48f-4ec0-bdc7-6df2bfd38833@group-456BDF4933C6-StateMachineUpdater: set stopIndex = 0
2019-10-21 22:01:54,587 [main] INFO  segmented.SegmentedRaftLogWorker (SegmentedRaftLogWorker.java:close(224)) - e152cc11-8922-4c62-a829-a835e5f58570@group-6834AB77F819-SegmentedRaftLogWorker close()
2019-10-21 22:01:54,588 [ForkJoinPool.commonPool-worker-0] INFO  impl.RaftServerImpl (ServerState.java:close(388)) - 1d0c6007-e48f-4ec0-bdc7-6df2bfd38833@group-456BDF4933C6: closes. applyIndex: 0
2019-10-21 22:01:54,589 [main] INFO  server.GrpcService (GrpcService.java:closeImpl(164)) - e152cc11-8922-4c62-a829-a835e5f58570: shutdown server with port 34707 now
2019-10-21 22:01:54,590 [1d0c6007-e48f-4ec0-bdc7-6df2bfd38833@group-456BDF4933C6-SegmentedRaftLogWorker] INFO  segmented.SegmentedRaftLogWorker (SegmentedRaftLogWorker.java:run(316)) - 1d0c6007-e48f-4ec0-bdc7-6df2bfd38833@group-456BDF4933C6-SegmentedRaftLogWorker was interrupted, exiting. There are 0 tasks remaining in the queue.
2019-10-21 22:01:54,590 [ForkJoinPool.commonPool-worker-0] INFO  segmented.SegmentedRaftLogWorker (SegmentedRaftLogWorker.java:close(224)) - 1d0c6007-e48f-4ec0-bdc7-6df2bfd38833@group-456BDF4933C6-SegmentedRaftLogWorker close()
2019-10-21 22:01:54,592 [ForkJoinPool.commonPool-worker-0] INFO  server.GrpcService (GrpcService.java:closeImpl(164)) - 1d0c6007-e48f-4ec0-bdc7-6df2bfd38833: shutdown server with port 33242 now
2019-10-21 22:01:54,592 [main] INFO  server.GrpcService (GrpcService.java:closeImpl(172)) - e152cc11-8922-4c62-a829-a835e5f58570: shutdown server with port 34707 successfully
2019-10-21 22:01:54,594 [refreshUsed-/workdir/hadoop-ozone/integration-test/target/test-dir/MiniOzoneClusterImpl-55d22b23-1d78-4564-93d7-1f68b9a0b903/datanode-9/data/containers] WARN  fs.CachingGetSpaceUsed (CachingGetSpaceUsed.java:run(183)) - Thread Interrupted waiting to refresh disk information: sleep interrupted
2019-10-21 22:01:54,602 [grpc-default-executor-3] WARN  server.GrpcServerProtocolService (LogUtils.java:warn(134)) - 1d0c6007-e48f-4ec0-bdc7-6df2bfd38833: installSnapshot onError, lastRequest: f2d88f4a-90c5-4f7b-9da8-5a827903dfc6->1d0c6007-e48f-4ec0-bdc7-6df2bfd38833#76-t6, previous=(t:6, i:16), leaderCommit=16, initializing? false, entries: <empty>: org.apache.ratis.thirdparty.io.grpc.StatusRuntimeException: CANCELLED: cancelled before receiving half close
2019-10-21 22:01:54,602 [ForkJoinPool.commonPool-worker-0] INFO  server.GrpcService (GrpcService.java:closeImpl(172)) - 1d0c6007-e48f-4ec0-bdc7-6df2bfd38833: shutdown server with port 33242 successfully
2019-10-21 22:01:54,602 [grpc-default-executor-4] WARN  server.GrpcLogAppender (LogUtils.java:warn(134)) - f2d88f4a-90c5-4f7b-9da8-5a827903dfc6@group-82AD40169C32->1d0c6007-e48f-4ec0-bdc7-6df2bfd38833-AppendLogResponseHandler: Failed appendEntries: org.apache.ratis.thirdparty.io.grpc.StatusRuntimeException: CANCELLED: HTTP/2 error code: CANCEL
Received Rst Stream
2019-10-21 22:01:54,604 [refreshUsed-/workdir/hadoop-ozone/integration-test/target/test-dir/MiniOzoneClusterImpl-55d22b23-1d78-4564-93d7-1f68b9a0b903/datanode-0/data/containers] WARN  fs.CachingGetSpaceUsed (CachingGetSpaceUsed.java:run(183)) - Thread Interrupted waiting to refresh disk information: sleep interrupted
2019-10-21 22:01:54,627 [main] INFO  utils.BackgroundService (BackgroundService.java:shutdown(151)) - Shutting down service BlockDeletingService
2019-10-21 22:01:54,632 [main] INFO  statemachine.DatanodeStateMachine (DatanodeStateMachine.java:stopDaemon(395)) - Ozone container server stopped.
2019-10-21 22:01:54,635 [ForkJoinPool.commonPool-worker-0] INFO  utils.BackgroundService (BackgroundService.java:shutdown(151)) - Shutting down service BlockDeletingService
2019-10-21 22:01:54,639 [ForkJoinPool.commonPool-worker-0] INFO  statemachine.DatanodeStateMachine (DatanodeStateMachine.java:stopDaemon(395)) - Ozone container server stopped.
2019-10-21 22:01:54,718 [main] INFO  handler.ContextHandler (ContextHandler.java:doStop(910)) - Stopped o.e.j.w.WebAppContext@340a8894{/,null,UNAVAILABLE}{/hddsDatanode}
2019-10-21 22:01:54,718 [ForkJoinPool.commonPool-worker-0] INFO  handler.ContextHandler (ContextHandler.java:doStop(910)) - Stopped o.e.j.w.WebAppContext@7e7f0216{/,null,UNAVAILABLE}{/hddsDatanode}
2019-10-21 22:01:54,719 [main] INFO  server.AbstractConnector (AbstractConnector.java:doStop(318)) - Stopped ServerConnector@7a8b9166{HTTP/1.1,[http/1.1]}{0.0.0.0:0}
2019-10-21 22:01:54,719 [ForkJoinPool.commonPool-worker-0] INFO  server.AbstractConnector (AbstractConnector.java:doStop(318)) - Stopped ServerConnector@4339baec{HTTP/1.1,[http/1.1]}{0.0.0.0:0}
2019-10-21 22:01:54,719 [main] INFO  handler.ContextHandler (ContextHandler.java:doStop(910)) - Stopped o.e.j.s.ServletContextHandler@15c4af7a{/static,jar:file:/home/user/.m2/repository/org/apache/hadoop/hadoop-hdds-container-service/0.5.0-SNAPSHOT/hadoop-hdds-container-service-0.5.0-SNAPSHOT.jar!/webapps/static,UNAVAILABLE}
2019-10-21 22:01:54,721 [ForkJoinPool.commonPool-worker-0] INFO  handler.ContextHandler (ContextHandler.java:doStop(910)) - Stopped o.e.j.s.ServletContextHandler@1bc0d349{/static,jar:file:/home/user/.m2/repository/org/apache/hadoop/hadoop-hdds-container-service/0.5.0-SNAPSHOT/hadoop-hdds-container-service-0.5.0-SNAPSHOT.jar!/webapps/static,UNAVAILABLE}
2019-10-21 22:01:54,721 [main] INFO  handler.ContextHandler (ContextHandler.java:doStop(910)) - Stopped o.e.j.s.ServletContextHandler@1645f294{/logs,file:///workdir/hadoop-ozone/integration-test/target/log,UNAVAILABLE}
2019-10-21 22:01:54,722 [ForkJoinPool.commonPool-worker-0] INFO  handler.ContextHandler (ContextHandler.java:doStop(910)) - Stopped o.e.j.s.ServletContextHandler@7899de11{/logs,file:///workdir/hadoop-ozone/integration-test/target/log,UNAVAILABLE}
2019-10-21 22:01:54,851 [Datanode State Machine Thread - 0] INFO  statemachine.DatanodeStateMachine (DatanodeStateMachine.java:lambda$startDaemon$0(350)) - Ozone container server started.
2019-10-21 22:01:54,860 [Datanode State Machine Thread - 0] INFO  statemachine.DatanodeStateMachine (DatanodeStateMachine.java:lambda$startDaemon$0(350)) - Ozone container server started.
2019-10-21 22:01:57,839 [java.util.concurrent.ThreadPoolExecutor$Worker@74c8ef4f[State = -1, empty queue]] WARN  server.GrpcLogAppender (GrpcLogAppender.java:timeoutAppendRequest(209)) - f2d88f4a-90c5-4f7b-9da8-5a827903dfc6@group-82AD40169C32->1d0c6007-e48f-4ec0-bdc7-6df2bfd38833-GrpcLogAppender: appendEntries Timeout, request=f2d88f4a-90c5-4f7b-9da8-5a827903dfc6->1d0c6007-e48f-4ec0-bdc7-6df2bfd38833#77-t6, previous=(t:6, i:16), leaderCommit=16, initializing? false, entries: <empty>
2019-10-21 22:01:58,339 [java.util.concurrent.ThreadPoolExecutor$Worker@74c8ef4f[State = -1, empty queue]] WARN  server.GrpcLogAppender (GrpcLogAppender.java:timeoutAppendRequest(209)) - f2d88f4a-90c5-4f7b-9da8-5a827903dfc6@group-82AD40169C32->1d0c6007-e48f-4ec0-bdc7-6df2bfd38833-GrpcLogAppender: appendEntries Timeout, request=f2d88f4a-90c5-4f7b-9da8-5a827903dfc6->1d0c6007-e48f-4ec0-bdc7-6df2bfd38833#78-t6, previous=(t:6, i:16), leaderCommit=16, initializing? false, entries: <empty>
2019-10-21 22:01:58,841 [java.util.concurrent.ThreadPoolExecutor$Worker@74c8ef4f[State = -1, empty queue]] WARN  server.GrpcLogAppender (GrpcLogAppender.java:timeoutAppendRequest(209)) - f2d88f4a-90c5-4f7b-9da8-5a827903dfc6@group-82AD40169C32->1d0c6007-e48f-4ec0-bdc7-6df2bfd38833-GrpcLogAppender: appendEntries Timeout, request=f2d88f4a-90c5-4f7b-9da8-5a827903dfc6->1d0c6007-e48f-4ec0-bdc7-6df2bfd38833#79-t6, previous=(t:6, i:16), leaderCommit=16, initializing? false, entries: <empty>
2019-10-21 22:01:59,340 [java.util.concurrent.ThreadPoolExecutor$Worker@74c8ef4f[State = -1, empty queue]] WARN  server.GrpcLogAppender (GrpcLogAppender.java:timeoutAppendRequest(209)) - f2d88f4a-90c5-4f7b-9da8-5a827903dfc6@group-82AD40169C32->1d0c6007-e48f-4ec0-bdc7-6df2bfd38833-GrpcLogAppender: appendEntries Timeout, request=f2d88f4a-90c5-4f7b-9da8-5a827903dfc6->1d0c6007-e48f-4ec0-bdc7-6df2bfd38833#80-t6, previous=(t:6, i:16), leaderCommit=16, initializing? false, entries: <empty>
2019-10-21 22:01:59,726 [ForkJoinPool.commonPool-worker-0] INFO  ozoneimpl.OzoneContainer (OzoneContainer.java:stop(227)) - Attempting to stop container services.
2019-10-21 22:01:59,726 [main] INFO  ozoneimpl.OzoneContainer (OzoneContainer.java:stop(227)) - Attempting to stop container services.
2019-10-21 22:01:59,727 [ForkJoinPool.commonPool-worker-0] INFO  impl.RaftServerProxy (RaftServerProxy.java:lambda$close$4(314)) - eb218cae-34fb-4b75-a560-8fba2ee61629: close
2019-10-21 22:01:59,728 [main] INFO  impl.RaftServerProxy (RaftServerProxy.java:lambda$close$4(314)) - f2d88f4a-90c5-4f7b-9da8-5a827903dfc6: close
2019-10-21 22:01:59,728 [ForkJoinPool.commonPool-worker-0] INFO  impl.RaftServerImpl (RaftServerImpl.java:lambda$shutdown$3(261)) - eb218cae-34fb-4b75-a560-8fba2ee61629@group-C1FB12D5B622: shutdown
2019-10-21 22:01:59,729 [main] INFO  impl.RaftServerImpl (RaftServerImpl.java:lambda$shutdown$3(261)) - f2d88f4a-90c5-4f7b-9da8-5a827903dfc6@group-6943820B7BA6: shutdown
2019-10-21 22:01:59,729 [ForkJoinPool.commonPool-worker-0] INFO  util.JmxRegister (JmxRegister.java:unregister(73)) - Successfully un-registered JMX Bean with object name Ratis:service=RaftServer,group=group-C1FB12D5B622,id=eb218cae-34fb-4b75-a560-8fba2ee61629
2019-10-21 22:01:59,729 [main] INFO  util.JmxRegister (JmxRegister.java:unregister(73)) - Successfully un-registered JMX Bean with object name Ratis:service=RaftServer,group=group-6943820B7BA6,id=f2d88f4a-90c5-4f7b-9da8-5a827903dfc6
2019-10-21 22:01:59,730 [ForkJoinPool.commonPool-worker-0] INFO  impl.RoleInfo (RoleInfo.java:shutdownLeaderState(104)) - eb218cae-34fb-4b75-a560-8fba2ee61629: shutdown LeaderState
2019-10-21 22:01:59,730 [main] INFO  impl.RoleInfo (RoleInfo.java:shutdownLeaderState(104)) - f2d88f4a-90c5-4f7b-9da8-5a827903dfc6: shutdown LeaderState
2019-10-21 22:01:59,730 [ForkJoinPool.commonPool-worker-0] INFO  impl.PendingRequests (PendingRequests.java:sendNotLeaderResponses(202)) - eb218cae-34fb-4b75-a560-8fba2ee61629@group-C1FB12D5B622-PendingRequests: sendNotLeaderResponses
2019-10-21 22:01:59,731 [main] INFO  impl.PendingRequests (PendingRequests.java:sendNotLeaderResponses(202)) - f2d88f4a-90c5-4f7b-9da8-5a827903dfc6@group-6943820B7BA6-PendingRequests: sendNotLeaderResponses
2019-10-21 22:01:59,731 [ForkJoinPool.commonPool-worker-0] INFO  impl.StateMachineUpdater (StateMachineUpdater.java:stopAndJoin(136)) - eb218cae-34fb-4b75-a560-8fba2ee61629@group-C1FB12D5B622-StateMachineUpdater: set stopIndex = 0
2019-10-21 22:01:59,731 [main] INFO  impl.StateMachineUpdater (StateMachineUpdater.java:stopAndJoin(136)) - f2d88f4a-90c5-4f7b-9da8-5a827903dfc6@group-6943820B7BA6-StateMachineUpdater: set stopIndex = 0
2019-10-21 22:01:59,732 [ForkJoinPool.commonPool-worker-0] INFO  impl.RaftServerImpl (ServerState.java:close(388)) - eb218cae-34fb-4b75-a560-8fba2ee61629@group-C1FB12D5B622: closes. applyIndex: 0
2019-10-21 22:01:59,732 [main] INFO  impl.RaftServerImpl (ServerState.java:close(388)) - f2d88f4a-90c5-4f7b-9da8-5a827903dfc6@group-6943820B7BA6: closes. applyIndex: 0
2019-10-21 22:01:59,733 [eb218cae-34fb-4b75-a560-8fba2ee61629@group-C1FB12D5B622-SegmentedRaftLogWorker] INFO  segmented.SegmentedRaftLogWorker (SegmentedRaftLogWorker.java:run(316)) - eb218cae-34fb-4b75-a560-8fba2ee61629@group-C1FB12D5B622-SegmentedRaftLogWorker was interrupted, exiting. There are 0 tasks remaining in the queue.
2019-10-21 22:01:59,733 [f2d88f4a-90c5-4f7b-9da8-5a827903dfc6@group-6943820B7BA6-SegmentedRaftLogWorker] INFO  segmented.SegmentedRaftLogWorker (SegmentedRaftLogWorker.java:run(316)) - f2d88f4a-90c5-4f7b-9da8-5a827903dfc6@group-6943820B7BA6-SegmentedRaftLogWorker was interrupted, exiting. There are 0 tasks remaining in the queue.
2019-10-21 22:01:59,733 [ForkJoinPool.commonPool-worker-0] INFO  segmented.SegmentedRaftLogWorker (SegmentedRaftLogWorker.java:close(224)) - eb218cae-34fb-4b75-a560-8fba2ee61629@group-C1FB12D5B622-SegmentedRaftLogWorker close()
2019-10-21 22:01:59,733 [main] INFO  segmented.SegmentedRaftLogWorker (SegmentedRaftLogWorker.java:close(224)) - f2d88f4a-90c5-4f7b-9da8-5a827903dfc6@group-6943820B7BA6-SegmentedRaftLogWorker close()
2019-10-21 22:01:59,735 [ForkJoinPool.commonPool-worker-0] INFO  impl.RaftServerImpl (RaftServerImpl.java:lambda$shutdown$3(261)) - eb218cae-34fb-4b75-a560-8fba2ee61629@group-82AD40169C32: shutdown
2019-10-21 22:01:59,736 [main] INFO  impl.RaftServerImpl (RaftServerImpl.java:lambda$shutdown$3(261)) - f2d88f4a-90c5-4f7b-9da8-5a827903dfc6@group-82AD40169C32: shutdown
2019-10-21 22:01:59,736 [ForkJoinPool.commonPool-worker-0] INFO  util.JmxRegister (JmxRegister.java:unregister(73)) - Successfully un-registered JMX Bean with object name Ratis:service=RaftServer,group=group-82AD40169C32,id=eb218cae-34fb-4b75-a560-8fba2ee61629
2019-10-21 22:01:59,736 [main] INFO  util.JmxRegister (JmxRegister.java:unregister(73)) - Successfully un-registered JMX Bean with object name Ratis:service=RaftServer,group=group-82AD40169C32,id=f2d88f4a-90c5-4f7b-9da8-5a827903dfc6
2019-10-21 22:01:59,737 [main] INFO  impl.RoleInfo (RoleInfo.java:shutdownLeaderState(104)) - f2d88f4a-90c5-4f7b-9da8-5a827903dfc6: shutdown LeaderState
2019-10-21 22:01:59,736 [ForkJoinPool.commonPool-worker-0] INFO  impl.RoleInfo (RoleInfo.java:shutdownFollowerState(121)) - eb218cae-34fb-4b75-a560-8fba2ee61629: shutdown FollowerState
2019-10-21 22:01:59,738 [org.apache.ratis.server.impl.LogAppender$AppenderDaemon$$Lambda$446/1128881196@12babe1b] WARN  server.GrpcLogAppender (GrpcLogAppender.java:mayWait(149)) - f2d88f4a-90c5-4f7b-9da8-5a827903dfc6@group-82AD40169C32->1d0c6007-e48f-4ec0-bdc7-6df2bfd38833-GrpcLogAppender: Wait interrupted by java.lang.InterruptedException
2019-10-21 22:01:59,738 [org.apache.ratis.server.impl.LogAppender$AppenderDaemon$$Lambda$446/1128881196@32e75e6c] WARN  server.GrpcLogAppender (GrpcLogAppender.java:mayWait(149)) - f2d88f4a-90c5-4f7b-9da8-5a827903dfc6@group-82AD40169C32->eb218cae-34fb-4b75-a560-8fba2ee61629-GrpcLogAppender: Wait interrupted by java.lang.InterruptedException
2019-10-21 22:01:59,738 [main] INFO  impl.PendingRequests (PendingRequests.java:sendNotLeaderResponses(202)) - f2d88f4a-90c5-4f7b-9da8-5a827903dfc6@group-82AD40169C32-PendingRequests: sendNotLeaderResponses
2019-10-21 22:01:59,739 [eb218cae-34fb-4b75-a560-8fba2ee61629@group-82AD40169C32-StateMachineUpdater] INFO  ratis.ContainerStateMachine (ContainerStateMachine.java:takeSnapshot(294)) - group-82AD40169C32: Taking a snapshot at:(t:6, i:12) file /workdir/hadoop-ozone/integration-test/target/test-dir/MiniOzoneClusterImpl-55d22b23-1d78-4564-93d7-1f68b9a0b903/datanode-1/data/ratis/cd3b640d-a296-49d1-813b-82ad40169c32/sm/snapshot.6_12
2019-10-21 22:01:59,739 [Thread-448] INFO  impl.FollowerState (FollowerState.java:run(117)) - eb218cae-34fb-4b75-a560-8fba2ee61629@group-82AD40169C32-FollowerState was interrupted: java.lang.InterruptedException: sleep interrupted
2019-10-21 22:01:59,738 [ForkJoinPool.commonPool-worker-0] INFO  impl.StateMachineUpdater (StateMachineUpdater.java:stopAndJoin(136)) - eb218cae-34fb-4b75-a560-8fba2ee61629@group-82AD40169C32-StateMachineUpdater: set stopIndex = 16
2019-10-21 22:01:59,740 [grpc-default-executor-3] INFO  server.GrpcServerProtocolService (GrpcServerProtocolService.java:onCompleted(113)) - eb218cae-34fb-4b75-a560-8fba2ee61629: Completed APPEND_ENTRIES, lastRequest: f2d88f4a-90c5-4f7b-9da8-5a827903dfc6->eb218cae-34fb-4b75-a560-8fba2ee61629#86-t6, previous=(t:6, i:16), leaderCommit=16, initializing? false, entries: <empty>
2019-10-21 22:01:59,742 [main] INFO  impl.StateMachineUpdater (StateMachineUpdater.java:stopAndJoin(136)) - f2d88f4a-90c5-4f7b-9da8-5a827903dfc6@group-82AD40169C32-StateMachineUpdater: set stopIndex = 16
2019-10-21 22:01:59,742 [f2d88f4a-90c5-4f7b-9da8-5a827903dfc6@group-82AD40169C32-StateMachineUpdater] INFO  ratis.ContainerStateMachine (ContainerStateMachine.java:takeSnapshot(294)) - group-82AD40169C32: Taking a snapshot at:(t:6, i:12) file /workdir/hadoop-ozone/integration-test/target/test-dir/MiniOzoneClusterImpl-55d22b23-1d78-4564-93d7-1f68b9a0b903/datanode-7/data/ratis/cd3b640d-a296-49d1-813b-82ad40169c32/sm/snapshot.6_12
2019-10-21 22:01:59,743 [grpc-default-executor-4] INFO  server.GrpcLogAppender (GrpcLogAppender.java:onCompleted(308)) - f2d88f4a-90c5-4f7b-9da8-5a827903dfc6@group-82AD40169C32->eb218cae-34fb-4b75-a560-8fba2ee61629-AppendLogResponseHandler: follower responses appendEntries COMPLETED
2019-10-21 22:01:59,745 [grpc-default-executor-4] INFO  impl.FollowerInfo (FollowerInfo.java:lambda$new$0(51)) - f2d88f4a-90c5-4f7b-9da8-5a827903dfc6@group-82AD40169C32->eb218cae-34fb-4b75-a560-8fba2ee61629: nextIndex: updateUnconditionally 17 -> 16
2019-10-21 22:01:59,755 [eb218cae-34fb-4b75-a560-8fba2ee61629@group-82AD40169C32-StateMachineUpdater] INFO  ratis.ContainerStateMachine (ContainerStateMachine.java:takeSnapshot(305)) - group-82AD40169C32: Finished taking a snapshot at:(t:6, i:12) file:/workdir/hadoop-ozone/integration-test/target/test-dir/MiniOzoneClusterImpl-55d22b23-1d78-4564-93d7-1f68b9a0b903/datanode-1/data/ratis/cd3b640d-a296-49d1-813b-82ad40169c32/sm/snapshot.6_12 time:16
2019-10-21 22:01:59,755 [f2d88f4a-90c5-4f7b-9da8-5a827903dfc6@group-82AD40169C32-StateMachineUpdater] INFO  ratis.ContainerStateMachine (ContainerStateMachine.java:takeSnapshot(305)) - group-82AD40169C32: Finished taking a snapshot at:(t:6, i:12) file:/workdir/hadoop-ozone/integration-test/target/test-dir/MiniOzoneClusterImpl-55d22b23-1d78-4564-93d7-1f68b9a0b903/datanode-7/data/ratis/cd3b640d-a296-49d1-813b-82ad40169c32/sm/snapshot.6_12 time:13
2019-10-21 22:01:59,755 [eb218cae-34fb-4b75-a560-8fba2ee61629@group-82AD40169C32-StateMachineUpdater] INFO  impl.StateMachineUpdater (StateMachineUpdater.java:takeSnapshot(269)) - eb218cae-34fb-4b75-a560-8fba2ee61629@group-82AD40169C32-StateMachineUpdater: Took a snapshot at index 12
2019-10-21 22:01:59,755 [f2d88f4a-90c5-4f7b-9da8-5a827903dfc6@group-82AD40169C32-StateMachineUpdater] INFO  impl.StateMachineUpdater (StateMachineUpdater.java:takeSnapshot(269)) - f2d88f4a-90c5-4f7b-9da8-5a827903dfc6@group-82AD40169C32-StateMachineUpdater: Took a snapshot at index 12
2019-10-21 22:01:59,755 [eb218cae-34fb-4b75-a560-8fba2ee61629@group-82AD40169C32-StateMachineUpdater] INFO  impl.StateMachineUpdater (StateMachineUpdater.java:lambda$new$0(84)) - eb218cae-34fb-4b75-a560-8fba2ee61629@group-82AD40169C32-StateMachineUpdater: snapshotIndex: updateIncreasingly -1 -> 12
2019-10-21 22:01:59,755 [f2d88f4a-90c5-4f7b-9da8-5a827903dfc6@group-82AD40169C32-StateMachineUpdater] INFO  impl.StateMachineUpdater (StateMachineUpdater.java:lambda$new$0(84)) - f2d88f4a-90c5-4f7b-9da8-5a827903dfc6@group-82AD40169C32-StateMachineUpdater: snapshotIndex: updateIncreasingly -1 -> 12
2019-10-21 22:01:59,756 [f2d88f4a-90c5-4f7b-9da8-5a827903dfc6@group-82AD40169C32-StateMachineUpdater] INFO  ratis.ContainerStateMachine (ContainerStateMachine.java:takeSnapshot(294)) - group-82AD40169C32: Taking a snapshot at:(t:6, i:12) file /workdir/hadoop-ozone/integration-test/target/test-dir/MiniOzoneClusterImpl-55d22b23-1d78-4564-93d7-1f68b9a0b903/datanode-7/data/ratis/cd3b640d-a296-49d1-813b-82ad40169c32/sm/snapshot.6_12
2019-10-21 22:01:59,756 [eb218cae-34fb-4b75-a560-8fba2ee61629@group-82AD40169C32-StateMachineUpdater] INFO  ratis.ContainerStateMachine (ContainerStateMachine.java:takeSnapshot(294)) - group-82AD40169C32: Taking a snapshot at:(t:6, i:12) file /workdir/hadoop-ozone/integration-test/target/test-dir/MiniOzoneClusterImpl-55d22b23-1d78-4564-93d7-1f68b9a0b903/datanode-1/data/ratis/cd3b640d-a296-49d1-813b-82ad40169c32/sm/snapshot.6_12
2019-10-21 22:01:59,769 [f2d88f4a-90c5-4f7b-9da8-5a827903dfc6@group-82AD40169C32-StateMachineUpdater] INFO  ratis.ContainerStateMachine (ContainerStateMachine.java:takeSnapshot(305)) - group-82AD40169C32: Finished taking a snapshot at:(t:6, i:12) file:/workdir/hadoop-ozone/integration-test/target/test-dir/MiniOzoneClusterImpl-55d22b23-1d78-4564-93d7-1f68b9a0b903/datanode-7/data/ratis/cd3b640d-a296-49d1-813b-82ad40169c32/sm/snapshot.6_12 time:13
2019-10-21 22:01:59,769 [eb218cae-34fb-4b75-a560-8fba2ee61629@group-82AD40169C32-StateMachineUpdater] INFO  ratis.ContainerStateMachine (ContainerStateMachine.java:takeSnapshot(305)) - group-82AD40169C32: Finished taking a snapshot at:(t:6, i:12) file:/workdir/hadoop-ozone/integration-test/target/test-dir/MiniOzoneClusterImpl-55d22b23-1d78-4564-93d7-1f68b9a0b903/datanode-1/data/ratis/cd3b640d-a296-49d1-813b-82ad40169c32/sm/snapshot.6_12 time:13
2019-10-21 22:01:59,769 [f2d88f4a-90c5-4f7b-9da8-5a827903dfc6@group-82AD40169C32-StateMachineUpdater] INFO  impl.StateMachineUpdater (StateMachineUpdater.java:takeSnapshot(269)) - f2d88f4a-90c5-4f7b-9da8-5a827903dfc6@group-82AD40169C32-StateMachineUpdater: Took a snapshot at index 12
2019-10-21 22:01:59,769 [f2d88f4a-90c5-4f7b-9da8-5a827903dfc6@group-82AD40169C32-StateMachineUpdater] INFO  impl.StateMachineUpdater (StateMachineUpdater.java:lambda$new$0(84)) - f2d88f4a-90c5-4f7b-9da8-5a827903dfc6@group-82AD40169C32-StateMachineUpdater: snapshotIndex: updateIncreasingly 12 -> 12
2019-10-21 22:01:59,769 [eb218cae-34fb-4b75-a560-8fba2ee61629@group-82AD40169C32-StateMachineUpdater] INFO  impl.StateMachineUpdater (StateMachineUpdater.java:takeSnapshot(269)) - eb218cae-34fb-4b75-a560-8fba2ee61629@group-82AD40169C32-StateMachineUpdater: Took a snapshot at index 12
2019-10-21 22:01:59,769 [eb218cae-34fb-4b75-a560-8fba2ee61629@group-82AD40169C32-StateMachineUpdater] INFO  impl.StateMachineUpdater (StateMachineUpdater.java:lambda$new$0(84)) - eb218cae-34fb-4b75-a560-8fba2ee61629@group-82AD40169C32-StateMachineUpdater: snapshotIndex: updateIncreasingly 12 -> 12
2019-10-21 22:01:59,769 [main] INFO  impl.RaftServerImpl (ServerState.java:close(388)) - f2d88f4a-90c5-4f7b-9da8-5a827903dfc6@group-82AD40169C32: closes. applyIndex: 16
2019-10-21 22:01:59,770 [ForkJoinPool.commonPool-worker-0] INFO  impl.RaftServerImpl (ServerState.java:close(388)) - eb218cae-34fb-4b75-a560-8fba2ee61629@group-82AD40169C32: closes. applyIndex: 16
2019-10-21 22:01:59,770 [f2d88f4a-90c5-4f7b-9da8-5a827903dfc6@group-82AD40169C32-SegmentedRaftLogWorker] INFO  segmented.SegmentedRaftLogWorker (SegmentedRaftLogWorker.java:run(316)) - f2d88f4a-90c5-4f7b-9da8-5a827903dfc6@group-82AD40169C32-SegmentedRaftLogWorker was interrupted, exiting. There are 0 tasks remaining in the queue.
2019-10-21 22:01:59,770 [main] INFO  segmented.SegmentedRaftLogWorker (SegmentedRaftLogWorker.java:close(224)) - f2d88f4a-90c5-4f7b-9da8-5a827903dfc6@group-82AD40169C32-SegmentedRaftLogWorker close()
2019-10-21 22:01:59,771 [eb218cae-34fb-4b75-a560-8fba2ee61629@group-82AD40169C32-SegmentedRaftLogWorker] INFO  segmented.SegmentedRaftLogWorker (SegmentedRaftLogWorker.java:run(316)) - eb218cae-34fb-4b75-a560-8fba2ee61629@group-82AD40169C32-SegmentedRaftLogWorker was interrupted, exiting. There are 0 tasks remaining in the queue.
2019-10-21 22:01:59,772 [main] INFO  server.GrpcService (GrpcService.java:closeImpl(164)) - f2d88f4a-90c5-4f7b-9da8-5a827903dfc6: shutdown server with port 35483 now
2019-10-21 22:01:59,772 [ForkJoinPool.commonPool-worker-0] INFO  segmented.SegmentedRaftLogWorker (SegmentedRaftLogWorker.java:close(224)) - eb218cae-34fb-4b75-a560-8fba2ee61629@group-82AD40169C32-SegmentedRaftLogWorker close()
2019-10-21 22:01:59,773 [ForkJoinPool.commonPool-worker-0] INFO  server.GrpcService (GrpcService.java:closeImpl(164)) - eb218cae-34fb-4b75-a560-8fba2ee61629: shutdown server with port 34887 now
2019-10-21 22:01:59,773 [ForkJoinPool.commonPool-worker-0] INFO  server.GrpcService (GrpcService.java:closeImpl(172)) - eb218cae-34fb-4b75-a560-8fba2ee61629: shutdown server with port 34887 successfully
2019-10-21 22:01:59,774 [main] INFO  server.GrpcService (GrpcService.java:closeImpl(172)) - f2d88f4a-90c5-4f7b-9da8-5a827903dfc6: shutdown server with port 35483 successfully
2019-10-21 22:01:59,776 [refreshUsed-/workdir/hadoop-ozone/integration-test/target/test-dir/MiniOzoneClusterImpl-55d22b23-1d78-4564-93d7-1f68b9a0b903/datanode-1/data/containers] WARN  fs.CachingGetSpaceUsed (CachingGetSpaceUsed.java:run(183)) - Thread Interrupted waiting to refresh disk information: sleep interrupted
2019-10-21 22:01:59,778 [grpc-default-executor-3] WARN  client.GrpcClientProtocolService (LogUtils.java:warn(134)) - 1-UnorderedRequestStreamObserver1: onError: org.apache.ratis.thirdparty.io.grpc.StatusRuntimeException: CANCELLED: cancelled before receiving half close
2019-10-21 22:01:59,779 [refreshUsed-/workdir/hadoop-ozone/integration-test/target/test-dir/MiniOzoneClusterImpl-55d22b23-1d78-4564-93d7-1f68b9a0b903/datanode-7/data/containers] WARN  fs.CachingGetSpaceUsed (CachingGetSpaceUsed.java:run(183)) - Thread Interrupted waiting to refresh disk information: sleep interrupted
2019-10-21 22:01:59,803 [ForkJoinPool.commonPool-worker-0] INFO  utils.BackgroundService (BackgroundService.java:shutdown(151)) - Shutting down service BlockDeletingService
2019-10-21 22:01:59,805 [ForkJoinPool.commonPool-worker-0] INFO  statemachine.DatanodeStateMachine (DatanodeStateMachine.java:stopDaemon(395)) - Ozone container server stopped.
2019-10-21 22:01:59,808 [ForkJoinPool.commonPool-worker-0] INFO  handler.ContextHandler (ContextHandler.java:doStop(910)) - Stopped o.e.j.w.WebAppContext@3d904e9c{/,null,UNAVAILABLE}{/hddsDatanode}
2019-10-21 22:01:59,809 [ForkJoinPool.commonPool-worker-0] INFO  server.AbstractConnector (AbstractConnector.java:doStop(318)) - Stopped ServerConnector@508a65bf{HTTP/1.1,[http/1.1]}{0.0.0.0:0}
2019-10-21 22:01:59,809 [main] INFO  utils.BackgroundService (BackgroundService.java:shutdown(151)) - Shutting down service BlockDeletingService
2019-10-21 22:01:59,809 [ForkJoinPool.commonPool-worker-0] INFO  handler.ContextHandler (ContextHandler.java:doStop(910)) - Stopped o.e.j.s.ServletContextHandler@fab35b1{/static,jar:file:/home/user/.m2/repository/org/apache/hadoop/hadoop-hdds-container-service/0.5.0-SNAPSHOT/hadoop-hdds-container-service-0.5.0-SNAPSHOT.jar!/webapps/static,UNAVAILABLE}
2019-10-21 22:01:59,810 [ForkJoinPool.commonPool-worker-0] INFO  handler.ContextHandler (ContextHandler.java:doStop(910)) - Stopped o.e.j.s.ServletContextHandler@730f9695{/logs,file:///workdir/hadoop-ozone/integration-test/target/log,UNAVAILABLE}
2019-10-21 22:01:59,812 [main] INFO  statemachine.DatanodeStateMachine (DatanodeStateMachine.java:stopDaemon(395)) - Ozone container server stopped.
2019-10-21 22:01:59,814 [main] INFO  handler.ContextHandler (ContextHandler.java:doStop(910)) - Stopped o.e.j.w.WebAppContext@100c8b75{/,null,UNAVAILABLE}{/hddsDatanode}
2019-10-21 22:01:59,814 [main] INFO  server.AbstractConnector (AbstractConnector.java:doStop(318)) - Stopped ServerConnector@2bc378f7{HTTP/1.1,[http/1.1]}{0.0.0.0:0}
2019-10-21 22:01:59,815 [main] INFO  handler.ContextHandler (ContextHandler.java:doStop(910)) - Stopped o.e.j.s.ServletContextHandler@31ddb930{/static,jar:file:/home/user/.m2/repository/org/apache/hadoop/hadoop-hdds-container-service/0.5.0-SNAPSHOT/hadoop-hdds-container-service-0.5.0-SNAPSHOT.jar!/webapps/static,UNAVAILABLE}
2019-10-21 22:01:59,815 [main] INFO  handler.ContextHandler (ContextHandler.java:doStop(910)) - Stopped o.e.j.s.ServletContextHandler@7e53339{/logs,file:///workdir/hadoop-ozone/integration-test/target/log,UNAVAILABLE}
2019-10-21 22:01:59,816 [main] INFO  ozone.MiniOzoneClusterImpl (MiniOzoneClusterImpl.java:stopSCM(392)) - Stopping the StorageContainerManager
2019-10-21 22:01:59,816 [main] INFO  server.StorageContainerManager (StorageContainerManager.java:stop(810)) - Stopping Replication Manager Service.
2019-10-21 22:01:59,816 [main] INFO  container.ReplicationManager (ReplicationManager.java:stop(203)) - Stopping Replication Monitor Thread.
2019-10-21 22:01:59,817 [main] INFO  server.StorageContainerManager (StorageContainerManager.java:stop(817)) - Stopping Lease Manager of the command watchers
2019-10-21 22:01:59,817 [main] INFO  server.StorageContainerManager (StorageContainerManager.java:stop(824)) - Stopping datanode service RPC server
2019-10-21 22:01:59,817 [main] INFO  server.SCMDatanodeProtocolServer (SCMDatanodeProtocolServer.java:stop(346)) - Stopping the RPC server for DataNodes
2019-10-21 22:01:59,817 [main] INFO  ipc.Server (Server.java:stop(3082)) - Stopping server on 43883
2019-10-21 22:01:59,819 [IPC Server listener on 43883] INFO  ipc.Server (Server.java:run(1185)) - Stopping IPC Server listener on 43883
2019-10-21 22:01:59,820 [IPC Server Responder] INFO  ipc.Server (Server.java:run(1319)) - Stopping IPC Server Responder
2019-10-21 22:01:59,841 [java.util.concurrent.ThreadPoolExecutor$Worker@74c8ef4f[State = -1, empty queue]] WARN  server.GrpcLogAppender (GrpcLogAppender.java:timeoutAppendRequest(209)) - f2d88f4a-90c5-4f7b-9da8-5a827903dfc6@group-82AD40169C32->1d0c6007-e48f-4ec0-bdc7-6df2bfd38833-GrpcLogAppender: appendEntries Timeout, request=f2d88f4a-90c5-4f7b-9da8-5a827903dfc6->1d0c6007-e48f-4ec0-bdc7-6df2bfd38833#81-t6, previous=(t:6, i:16), leaderCommit=16, initializing? false, entries: <empty>
2019-10-21 22:01:59,914 [SCM Heartbeat Processing Thread - 0] WARN  node.NodeStateManager (NodeStateManager.java:scheduleNextHealthCheck(646)) - Current Thread is interrupted, shutting down HB processing thread for Node Manager.
2019-10-21 22:01:59,915 [main] INFO  server.StorageContainerManager (StorageContainerManager.java:stop(832)) - Stopping block service RPC server
2019-10-21 22:01:59,915 [main] INFO  server.SCMBlockProtocolServer (SCMBlockProtocolServer.java:stop(155)) - Stopping the RPC server for Block Protocol
2019-10-21 22:01:59,915 [main] INFO  ipc.Server (Server.java:stop(3082)) - Stopping server on 35641
2019-10-21 22:01:59,917 [main] INFO  server.StorageContainerManager (StorageContainerManager.java:stop(839)) - Stopping the StorageContainerLocationProtocol RPC server
2019-10-21 22:01:59,917 [IPC Server listener on 35641] INFO  ipc.Server (Server.java:run(1185)) - Stopping IPC Server listener on 35641
2019-10-21 22:01:59,917 [IPC Server Responder] INFO  ipc.Server (Server.java:run(1319)) - Stopping IPC Server Responder
2019-10-21 22:01:59,918 [main] INFO  server.SCMClientProtocolServer (SCMClientProtocolServer.java:stop(168)) - Stopping the RPC server for Client Protocol
2019-10-21 22:01:59,918 [main] INFO  ipc.Server (Server.java:stop(3082)) - Stopping server on 43731
2019-10-21 22:01:59,919 [IPC Server listener on 43731] INFO  ipc.Server (Server.java:run(1185)) - Stopping IPC Server listener on 43731
2019-10-21 22:01:59,920 [main] INFO  server.StorageContainerManager (StorageContainerManager.java:stop(846)) - Stopping Storage Container Manager HTTP server.
2019-10-21 22:01:59,920 [IPC Server Responder] INFO  ipc.Server (Server.java:run(1319)) - Stopping IPC Server Responder
2019-10-21 22:01:59,921 [main] INFO  handler.ContextHandler (ContextHandler.java:doStop(910)) - Stopped o.e.j.w.WebAppContext@532721fd{/,null,UNAVAILABLE}{/scm}
2019-10-21 22:01:59,922 [main] INFO  server.AbstractConnector (AbstractConnector.java:doStop(318)) - Stopped ServerConnector@7e1a1da6{HTTP/1.1,[http/1.1]}{0.0.0.0:0}
2019-10-21 22:01:59,922 [main] INFO  handler.ContextHandler (ContextHandler.java:doStop(910)) - Stopped o.e.j.s.ServletContextHandler@a43ce46{/static,file:///workdir/hadoop-ozone/integration-test/target/test-classes/webapps/static,UNAVAILABLE}
2019-10-21 22:01:59,922 [main] INFO  handler.ContextHandler (ContextHandler.java:doStop(910)) - Stopped o.e.j.s.ServletContextHandler@6b53bcc2{/logs,file:///workdir/hadoop-ozone/integration-test/target/log,UNAVAILABLE}
2019-10-21 22:01:59,923 [main] INFO  server.StorageContainerManager (StorageContainerManager.java:stop(857)) - Stopping Block Manager Service.
2019-10-21 22:01:59,924 [main] INFO  utils.BackgroundService (BackgroundService.java:shutdown(151)) - Shutting down service SCMBlockDeletingService
2019-10-21 22:01:59,924 [main] INFO  utils.BackgroundService (BackgroundService.java:shutdown(151)) - Shutting down service SCMBlockDeletingService
2019-10-21 22:01:59,925 [main] INFO  server.StorageContainerManager (StorageContainerManager.java:stop(879)) - Stopping SCM Event Queue.
2019-10-21 22:01:59,934 [main] INFO  impl.MetricsSystemImpl (MetricsSystemImpl.java:stop(210)) - Stopping XceiverClientMetrics metrics system...
2019-10-21 22:01:59,947 [prometheus] INFO  impl.MetricsSinkAdapter (MetricsSinkAdapter.java:publishMetricsFromQueue(141)) - prometheus thread interrupted.
2019-10-21 22:01:59,947 [main] INFO  impl.MetricsSystemImpl (MetricsSystemImpl.java:stop(216)) - XceiverClientMetrics metrics system stopped.
]]></system-out>
    <system-err><![CDATA[ERROR StatusLogger No Log4j 2 configuration file found. Using default configuration (logging only errors to the console), or user programmatically provided configurations. Set system property 'log4j2.debug' to show Log4j 2 internal initialization logging. See https://logging.apache.org/log4j/2.x/manual/configuration.html for instructions on how to configure Log4j 2
Oct 21, 2019 10:01:54 PM org.apache.ratis.thirdparty.io.grpc.internal.SerializingExecutor run
SEVERE: Exception while executing runnable org.apache.ratis.thirdparty.io.grpc.internal.ClientCallImpl$ClientStreamListenerImpl$1StreamClosed@78c35fb
java.lang.NullPointerException
	at org.apache.ratis.grpc.server.GrpcLogAppender$AppendLogResponseHandler.onError(GrpcLogAppender.java:303)
	at org.apache.ratis.thirdparty.io.grpc.stub.ClientCalls$StreamObserverToCallListenerAdapter.onClose(ClientCalls.java:434)
	at org.apache.ratis.thirdparty.io.grpc.PartialForwardingClientCallListener.onClose(PartialForwardingClientCallListener.java:39)
	at org.apache.ratis.thirdparty.io.grpc.ForwardingClientCallListener.onClose(ForwardingClientCallListener.java:23)
	at org.apache.ratis.thirdparty.io.grpc.ForwardingClientCallListener$SimpleForwardingClientCallListener.onClose(ForwardingClientCallListener.java:40)
	at org.apache.ratis.thirdparty.io.grpc.internal.CensusStatsModule$StatsClientInterceptor$1$1.onClose(CensusStatsModule.java:678)
	at org.apache.ratis.thirdparty.io.grpc.PartialForwardingClientCallListener.onClose(PartialForwardingClientCallListener.java:39)
	at org.apache.ratis.thirdparty.io.grpc.ForwardingClientCallListener.onClose(ForwardingClientCallListener.java:23)
	at org.apache.ratis.thirdparty.io.grpc.ForwardingClientCallListener$SimpleForwardingClientCallListener.onClose(ForwardingClientCallListener.java:40)
	at org.apache.ratis.thirdparty.io.grpc.internal.CensusTracingModule$TracingClientInterceptor$1$1.onClose(CensusTracingModule.java:397)
	at org.apache.ratis.thirdparty.io.grpc.internal.ClientCallImpl.closeObserver(ClientCallImpl.java:459)
	at org.apache.ratis.thirdparty.io.grpc.internal.ClientCallImpl.access$300(ClientCallImpl.java:63)
	at org.apache.ratis.thirdparty.io.grpc.internal.ClientCallImpl$ClientStreamListenerImpl.close(ClientCallImpl.java:546)
	at org.apache.ratis.thirdparty.io.grpc.internal.ClientCallImpl$ClientStreamListenerImpl.access$600(ClientCallImpl.java:467)
	at org.apache.ratis.thirdparty.io.grpc.internal.ClientCallImpl$ClientStreamListenerImpl$1StreamClosed.runInContext(ClientCallImpl.java:584)
	at org.apache.ratis.thirdparty.io.grpc.internal.ContextRunnable.run(ContextRunnable.java:37)
	at org.apache.ratis.thirdparty.io.grpc.internal.SerializingExecutor.run(SerializingExecutor.java:123)
	at java.util.concurrent.ThreadPoolExecutor.runWorker(ThreadPoolExecutor.java:1149)
	at java.util.concurrent.ThreadPoolExecutor$Worker.run(ThreadPoolExecutor.java:624)
	at java.lang.Thread.run(Thread.java:748)

Oct 21, 2019 10:01:54 PM org.apache.ratis.thirdparty.io.grpc.internal.SerializingExecutor run
SEVERE: Exception while executing runnable org.apache.ratis.thirdparty.io.grpc.internal.ServerImpl$JumpToApplicationThreadServerStreamListener$1Closed@41a08f03
org.apache.ratis.thirdparty.io.grpc.StatusRuntimeException: CANCELLED: call already cancelled
	at org.apache.ratis.thirdparty.io.grpc.Status.asRuntimeException(Status.java:517)
	at org.apache.ratis.thirdparty.io.grpc.stub.ServerCalls$ServerCallStreamObserverImpl.onCompleted(ServerCalls.java:356)
	at org.apache.ratis.grpc.server.GrpcServerProtocolService$ServerRequestStreamObserver.onError(GrpcServerProtocolService.java:121)
	at org.apache.ratis.thirdparty.io.grpc.stub.ServerCalls$StreamingServerCallHandler$StreamingServerCallListener.onCancel(ServerCalls.java:269)
	at org.apache.ratis.thirdparty.io.grpc.internal.ServerCallImpl$ServerStreamListenerImpl.closed(ServerCallImpl.java:293)
	at org.apache.ratis.thirdparty.io.grpc.internal.ServerImpl$JumpToApplicationThreadServerStreamListener$1Closed.runInContext(ServerImpl.java:741)
	at org.apache.ratis.thirdparty.io.grpc.internal.ContextRunnable.run(ContextRunnable.java:37)
	at org.apache.ratis.thirdparty.io.grpc.internal.SerializingExecutor.run(SerializingExecutor.java:123)
	at java.util.concurrent.ThreadPoolExecutor.runWorker(ThreadPoolExecutor.java:1149)
	at java.util.concurrent.ThreadPoolExecutor$Worker.run(ThreadPoolExecutor.java:624)
	at java.lang.Thread.run(Thread.java:748)

]]></system-err>
  </testcase>
  <testcase name="testMultiBlockWritesWithDnFailures" classname="org.apache.hadoop.ozone.client.rpc.TestMultiBlockWritesWithDnFailures" time="32.244"/>
</testsuite>