<?xml version="1.0" encoding="UTF-8"?>
<testsuite xmlns:xsi="http://www.w3.org/2001/XMLSchema-instance" xsi:noNamespaceSchemaLocation="https://maven.apache.org/surefire/maven-surefire-plugin/xsd/surefire-test-report.xsd" name="org.apache.hadoop.ozone.client.rpc.TestBlockOutputStreamWithFailures" time="731.42" tests="8" errors="0" skipped="0" failures="2">
  <properties>
    <property name="awt.toolkit" value="sun.awt.X11.XToolkit"/>
    <property name="file.encoding.pkg" value="sun.io"/>
    <property name="java.specification.version" value="1.8"/>
    <property name="sun.cpu.isalist" value=""/>
    <property name="sun.jnu.encoding" value="UTF-8"/>
    <property name="java.class.path" value="/workdir/hadoop-ozone/integration-test/target/test-classes:/workdir/hadoop-ozone/integration-test/target/classes:/home/user/.m2/repository/org/apache/hadoop/hadoop-ozone-common/0.5.0-SNAPSHOT/hadoop-ozone-common-0.5.0-SNAPSHOT.jar:/home/user/.m2/repository/org/apache/commons/commons-compress/1.4.1/commons-compress-1.4.1.jar:/home/user/.m2/repository/org/tukaani/xz/1.0/xz-1.0.jar:/home/user/.m2/repository/org/apache/hadoop/hadoop-common/3.2.0/hadoop-common-3.2.0.jar:/home/user/.m2/repository/org/apache/hadoop/hadoop-hdfs/3.2.0/hadoop-hdfs-3.2.0.jar:/home/user/.m2/repository/org/apache/hadoop/hadoop-hdfs-client/3.2.0/hadoop-hdfs-client-3.2.0.jar:/home/user/.m2/repository/com/fasterxml/jackson/core/jackson-annotations/2.9.9/jackson-annotations-2.9.9.jar:/home/user/.m2/repository/org/apache/hadoop/hadoop-hdds-common/0.5.0-SNAPSHOT/hadoop-hdds-common-0.5.0-SNAPSHOT.jar:/home/user/.m2/repository/javax/annotation/javax.annotation-api/1.2/javax.annotation-api-1.2.jar:/home/user/.m2/repository/org/apache/ratis/ratis-server/0.5.0-201fc85-SNAPSHOT/ratis-server-0.5.0-201fc85-SNAPSHOT.jar:/home/user/.m2/repository/org/apache/ratis/ratis-thirdparty-misc/0.2.0/ratis-thirdparty-misc-0.2.0.jar:/home/user/.m2/repository/org/apache/ratis/ratis-proto/0.5.0-201fc85-SNAPSHOT/ratis-proto-0.5.0-201fc85-SNAPSHOT.jar:/home/user/.m2/repository/org/apache/ratis/ratis-common/0.5.0-201fc85-SNAPSHOT/ratis-common-0.5.0-201fc85-SNAPSHOT.jar:/home/user/.m2/repository/org/apache/ratis/ratis-client/0.5.0-201fc85-SNAPSHOT/ratis-client-0.5.0-201fc85-SNAPSHOT.jar:/home/user/.m2/repository/org/apache/ratis/ratis-metrics/0.5.0-201fc85-SNAPSHOT/ratis-metrics-0.5.0-201fc85-SNAPSHOT.jar:/home/user/.m2/repository/com/github/joshelser/dropwizard-metrics-hadoop-metrics2-reporter/0.1.2/dropwizard-metrics-hadoop-metrics2-reporter-0.1.2.jar:/home/user/.m2/repository/io/dropwizard/metrics/metrics-jvm/3.2.5/metrics-jvm-3.2.5.jar:/home/user/.m2/repository/io/dropwizard/metrics/metrics-ganglia/3.2.5/metrics-ganglia-3.2.5.jar:/home/user/.m2/repository/info/ganglia/gmetric4j/gmetric4j/1.0.7/gmetric4j-1.0.7.jar:/home/user/.m2/repository/org/apache/ratis/ratis-netty/0.5.0-201fc85-SNAPSHOT/ratis-netty-0.5.0-201fc85-SNAPSHOT.jar:/home/user/.m2/repository/org/apache/ratis/ratis-grpc/0.5.0-201fc85-SNAPSHOT/ratis-grpc-0.5.0-201fc85-SNAPSHOT.jar:/home/user/.m2/repository/org/rocksdb/rocksdbjni/6.0.1/rocksdbjni-6.0.1.jar:/home/user/.m2/repository/org/apache/logging/log4j/log4j-api/2.11.0/log4j-api-2.11.0.jar:/home/user/.m2/repository/org/apache/logging/log4j/log4j-core/2.11.0/log4j-core-2.11.0.jar:/home/user/.m2/repository/com/lmax/disruptor/3.4.2/disruptor-3.4.2.jar:/home/user/.m2/repository/org/apache/commons/commons-pool2/2.6.0/commons-pool2-2.6.0.jar:/home/user/.m2/repository/org/bouncycastle/bcpkix-jdk15on/1.60/bcpkix-jdk15on-1.60.jar:/home/user/.m2/repository/commons-validator/commons-validator/1.6/commons-validator-1.6.jar:/home/user/.m2/repository/commons-digester/commons-digester/1.8.1/commons-digester-1.8.1.jar:/home/user/.m2/repository/io/jaegertracing/jaeger-client/0.34.0/jaeger-client-0.34.0.jar:/home/user/.m2/repository/io/jaegertracing/jaeger-thrift/0.34.0/jaeger-thrift-0.34.0.jar:/home/user/.m2/repository/org/apache/thrift/libthrift/0.12.0/libthrift-0.12.0.jar:/home/user/.m2/repository/com/squareup/okhttp3/okhttp/3.9.0/okhttp-3.9.0.jar:/home/user/.m2/repository/com/squareup/okio/okio/1.13.0/okio-1.13.0.jar:/home/user/.m2/repository/io/jaegertracing/jaeger-core/0.34.0/jaeger-core-0.34.0.jar:/home/user/.m2/repository/io/jaegertracing/jaeger-tracerresolver/0.34.0/jaeger-tracerresolver-0.34.0.jar:/home/user/.m2/repository/io/opentracing/contrib/opentracing-tracerresolver/0.1.5/opentracing-tracerresolver-0.1.5.jar:/home/user/.m2/repository/io/opentracing/opentracing-util/0.31.0/opentracing-util-0.31.0.jar:/home/user/.m2/repository/io/opentracing/opentracing-api/0.31.0/opentracing-api-0.31.0.jar:/home/user/.m2/repository/io/opentracing/opentracing-noop/0.31.0/opentracing-noop-0.31.0.jar:/home/user/.m2/repository/org/apache/hadoop/hadoop-hdds-server-framework/0.5.0-SNAPSHOT/hadoop-hdds-server-framework-0.5.0-SNAPSHOT.jar:/home/user/.m2/repository/org/apache/hadoop/hadoop-hdds-container-service/0.5.0-SNAPSHOT/hadoop-hdds-container-service-0.5.0-SNAPSHOT.jar:/home/user/.m2/repository/org/apache/hadoop/hadoop-hdds-client/0.5.0-SNAPSHOT/hadoop-hdds-client-0.5.0-SNAPSHOT.jar:/home/user/.m2/repository/org/apache/hadoop/hadoop-hdds-tools/0.5.0-SNAPSHOT/hadoop-hdds-tools-0.5.0-SNAPSHOT.jar:/home/user/.m2/repository/org/apache/hadoop/hadoop-hdds-server-scm/0.5.0-SNAPSHOT/hadoop-hdds-server-scm-0.5.0-SNAPSHOT.jar:/home/user/.m2/repository/org/apache/hadoop/hadoop-hdds-docs/0.5.0-SNAPSHOT/hadoop-hdds-docs-0.5.0-SNAPSHOT.jar:/home/user/.m2/repository/io/dropwizard/metrics/metrics-core/3.2.4/metrics-core-3.2.4.jar:/home/user/.m2/repository/org/hamcrest/hamcrest-all/1.3/hamcrest-all-1.3.jar:/home/user/.m2/repository/org/bouncycastle/bcprov-jdk15on/1.60/bcprov-jdk15on-1.60.jar:/home/user/.m2/repository/info/picocli/picocli/3.9.6/picocli-3.9.6.jar:/home/user/.m2/repository/com/google/protobuf/protobuf-java/2.5.0/protobuf-java-2.5.0.jar:/home/user/.m2/repository/com/google/guava/guava/11.0.2/guava-11.0.2.jar:/home/user/.m2/repository/org/apache/hadoop/hadoop-ozone-ozone-manager/0.5.0-SNAPSHOT/hadoop-ozone-ozone-manager-0.5.0-SNAPSHOT.jar:/home/user/.m2/repository/org/apache/hadoop/hadoop-minikdc/3.2.0/hadoop-minikdc-3.2.0.jar:/home/user/.m2/repository/commons-io/commons-io/2.5/commons-io-2.5.jar:/home/user/.m2/repository/org/apache/kerby/kerb-simplekdc/1.0.1/kerb-simplekdc-1.0.1.jar:/home/user/.m2/repository/org/apache/kerby/kerb-client/1.0.1/kerb-client-1.0.1.jar:/home/user/.m2/repository/org/apache/kerby/kerby-config/1.0.1/kerby-config-1.0.1.jar:/home/user/.m2/repository/org/apache/kerby/kerb-core/1.0.1/kerb-core-1.0.1.jar:/home/user/.m2/repository/org/apache/kerby/kerby-pkix/1.0.1/kerby-pkix-1.0.1.jar:/home/user/.m2/repository/org/apache/kerby/kerby-asn1/1.0.1/kerby-asn1-1.0.1.jar:/home/user/.m2/repository/org/apache/kerby/kerby-util/1.0.1/kerby-util-1.0.1.jar:/home/user/.m2/repository/org/apache/kerby/kerb-common/1.0.1/kerb-common-1.0.1.jar:/home/user/.m2/repository/org/apache/kerby/kerb-crypto/1.0.1/kerb-crypto-1.0.1.jar:/home/user/.m2/repository/org/apache/kerby/kerb-util/1.0.1/kerb-util-1.0.1.jar:/home/user/.m2/repository/org/apache/kerby/token-provider/1.0.1/token-provider-1.0.1.jar:/home/user/.m2/repository/org/apache/kerby/kerb-admin/1.0.1/kerb-admin-1.0.1.jar:/home/user/.m2/repository/org/apache/kerby/kerb-server/1.0.1/kerb-server-1.0.1.jar:/home/user/.m2/repository/org/apache/kerby/kerb-identity/1.0.1/kerb-identity-1.0.1.jar:/home/user/.m2/repository/org/apache/kerby/kerby-xdr/1.0.1/kerby-xdr-1.0.1.jar:/home/user/.m2/repository/org/slf4j/slf4j-log4j12/1.7.25/slf4j-log4j12-1.7.25.jar:/home/user/.m2/repository/org/apache/hadoop/hadoop-ozone-s3gateway/0.5.0-SNAPSHOT/hadoop-ozone-s3gateway-0.5.0-SNAPSHOT.jar:/home/user/.m2/repository/org/jboss/weld/servlet/weld-servlet/2.4.7.Final/weld-servlet-2.4.7.Final.jar:/home/user/.m2/repository/org/glassfish/jersey/containers/jersey-container-servlet-core/2.27/jersey-container-servlet-core-2.27.jar:/home/user/.m2/repository/org/glassfish/hk2/external/javax.inject/2.5.0-b42/javax.inject-2.5.0-b42.jar:/home/user/.m2/repository/org/glassfish/jersey/core/jersey-common/2.27/jersey-common-2.27.jar:/home/user/.m2/repository/org/glassfish/hk2/osgi-resource-locator/1.0.1/osgi-resource-locator-1.0.1.jar:/home/user/.m2/repository/javax/ws/rs/javax.ws.rs-api/2.1/javax.ws.rs-api-2.1.jar:/home/user/.m2/repository/org/glassfish/jersey/ext/cdi/jersey-cdi1x/2.27/jersey-cdi1x-2.27.jar:/home/user/.m2/repository/org/glassfish/jersey/inject/jersey-hk2/2.27/jersey-hk2-2.27.jar:/home/user/.m2/repository/org/glassfish/hk2/hk2-locator/2.5.0-b42/hk2-locator-2.5.0-b42.jar:/home/user/.m2/repository/org/javassist/javassist/3.22.0-CR2/javassist-3.22.0-CR2.jar:/home/user/.m2/repository/org/glassfish/hk2/hk2-api/2.5.0/hk2-api-2.5.0.jar:/home/user/.m2/repository/org/glassfish/hk2/external/jakarta.inject/2.5.0/jakarta.inject-2.5.0.jar:/home/user/.m2/repository/org/glassfish/hk2/hk2-utils/2.5.0/hk2-utils-2.5.0.jar:/home/user/.m2/repository/jakarta/annotation/jakarta.annotation-api/1.3.4/jakarta.annotation-api-1.3.4.jar:/home/user/.m2/repository/org/glassfish/hk2/external/aopalliance-repackaged/2.5.0/aopalliance-repackaged-2.5.0.jar:/home/user/.m2/repository/com/fasterxml/jackson/dataformat/jackson-dataformat-xml/2.9.0/jackson-dataformat-xml-2.9.0.jar:/home/user/.m2/repository/com/fasterxml/jackson/core/jackson-core/2.9.9/jackson-core-2.9.9.jar:/home/user/.m2/repository/com/fasterxml/jackson/module/jackson-module-jaxb-annotations/2.9.9/jackson-module-jaxb-annotations-2.9.9.jar:/home/user/.m2/repository/javax/enterprise/cdi-api/1.2/cdi-api-1.2.jar:/home/user/.m2/repository/javax/el/javax.el-api/3.0.0/javax.el-api-3.0.0.jar:/home/user/.m2/repository/javax/interceptor/javax.interceptor-api/1.2/javax.interceptor-api-1.2.jar:/home/user/.m2/repository/javax/inject/javax.inject/1/javax.inject-1.jar:/home/user/.m2/repository/com/sun/xml/bind/jaxb-impl/2.3.0.1/jaxb-impl-2.3.0.1.jar:/home/user/.m2/repository/com/sun/xml/bind/jaxb-core/2.3.0.1/jaxb-core-2.3.0.1.jar:/home/user/.m2/repository/javax/xml/bind/jaxb-api/2.3.0/jaxb-api-2.3.0.jar:/home/user/.m2/repository/javax/activation/activation/1.1.1/activation-1.1.1.jar:/home/user/.m2/repository/org/apache/hadoop/hadoop-ozone-csi/0.5.0-SNAPSHOT/hadoop-ozone-csi-0.5.0-SNAPSHOT.jar:/home/user/.m2/repository/com/google/protobuf/protobuf-java-util/3.5.1/protobuf-java-util-3.5.1.jar:/home/user/.m2/repository/org/apache/hadoop/hadoop-hdds-config/0.5.0-SNAPSHOT/hadoop-hdds-config-0.5.0-SNAPSHOT.jar:/home/user/.m2/repository/io/grpc/grpc-netty/1.17.1/grpc-netty-1.17.1.jar:/home/user/.m2/repository/io/grpc/grpc-core/1.17.1/grpc-core-1.17.1.jar:/home/user/.m2/repository/io/grpc/grpc-context/1.17.1/grpc-context-1.17.1.jar:/home/user/.m2/repository/com/google/errorprone/error_prone_annotations/2.2.0/error_prone_annotations-2.2.0.jar:/home/user/.m2/repository/org/codehaus/mojo/animal-sniffer-annotations/1.17/animal-sniffer-annotations-1.17.jar:/home/user/.m2/repository/io/opencensus/opencensus-api/0.17.0/opencensus-api-0.17.0.jar:/home/user/.m2/repository/io/opencensus/opencensus-contrib-grpc-metrics/0.17.0/opencensus-contrib-grpc-metrics-0.17.0.jar:/home/user/.m2/repository/io/netty/netty-codec-http2/4.1.30.Final/netty-codec-http2-4.1.30.Final.jar:/home/user/.m2/repository/io/netty/netty-codec-http/4.1.30.Final/netty-codec-http-4.1.30.Final.jar:/home/user/.m2/repository/io/netty/netty-codec/4.1.30.Final/netty-codec-4.1.30.Final.jar:/home/user/.m2/repository/io/netty/netty-handler/4.1.30.Final/netty-handler-4.1.30.Final.jar:/home/user/.m2/repository/io/netty/netty-handler-proxy/4.1.30.Final/netty-handler-proxy-4.1.30.Final.jar:/home/user/.m2/repository/io/netty/netty-codec-socks/4.1.30.Final/netty-codec-socks-4.1.30.Final.jar:/home/user/.m2/repository/io/netty/netty-transport-native-epoll/4.1.30.Final/netty-transport-native-epoll-4.1.30.Final.jar:/home/user/.m2/repository/io/netty/netty-common/4.1.30.Final/netty-common-4.1.30.Final.jar:/home/user/.m2/repository/io/netty/netty-buffer/4.1.30.Final/netty-buffer-4.1.30.Final.jar:/home/user/.m2/repository/io/netty/netty-transport/4.1.30.Final/netty-transport-4.1.30.Final.jar:/home/user/.m2/repository/io/netty/netty-resolver/4.1.30.Final/netty-resolver-4.1.30.Final.jar:/home/user/.m2/repository/io/netty/netty-transport-native-unix-common/4.1.30.Final/netty-transport-native-unix-common-4.1.30.Final.jar:/home/user/.m2/repository/io/grpc/grpc-protobuf/1.17.1/grpc-protobuf-1.17.1.jar:/home/user/.m2/repository/com/google/api/grpc/proto-google-common-protos/1.0.0/proto-google-common-protos-1.0.0.jar:/home/user/.m2/repository/io/grpc/grpc-protobuf-lite/1.17.1/grpc-protobuf-lite-1.17.1.jar:/home/user/.m2/repository/io/grpc/grpc-stub/1.17.1/grpc-stub-1.17.1.jar:/home/user/.m2/repository/org/apache/hadoop/hadoop-ozone-recon/0.5.0-SNAPSHOT/hadoop-ozone-recon-0.5.0-SNAPSHOT.jar:/home/user/.m2/repository/org/apache/hadoop/hadoop-ozone-reconcodegen/0.5.0-SNAPSHOT/hadoop-ozone-reconcodegen-0.5.0-SNAPSHOT.jar:/home/user/.m2/repository/com/google/inject/extensions/guice-multibindings/4.0/guice-multibindings-4.0.jar:/home/user/.m2/repository/com/google/inject/guice/4.0/guice-4.0.jar:/home/user/.m2/repository/aopalliance/aopalliance/1.0/aopalliance-1.0.jar:/home/user/.m2/repository/com/google/inject/extensions/guice-servlet/4.0/guice-servlet-4.0.jar:/home/user/.m2/repository/org/glassfish/jersey/containers/jersey-container-servlet/2.27/jersey-container-servlet-2.27.jar:/home/user/.m2/repository/org/glassfish/hk2/guice-bridge/2.5.0/guice-bridge-2.5.0.jar:/home/user/.m2/repository/org/glassfish/jersey/core/jersey-server/2.27/jersey-server-2.27.jar:/home/user/.m2/repository/org/glassfish/jersey/core/jersey-client/2.27/jersey-client-2.27.jar:/home/user/.m2/repository/org/glassfish/jersey/media/jersey-media-jaxb/2.27/jersey-media-jaxb-2.27.jar:/home/user/.m2/repository/javax/validation/validation-api/1.1.0.Final/validation-api-1.1.0.Final.jar:/home/user/.m2/repository/org/glassfish/jersey/media/jersey-media-json-jackson/2.27/jersey-media-json-jackson-2.27.jar:/home/user/.m2/repository/org/glassfish/jersey/ext/jersey-entity-filtering/2.27/jersey-entity-filtering-2.27.jar:/home/user/.m2/repository/com/google/inject/extensions/guice-assistedinject/4.0/guice-assistedinject-4.0.jar:/home/user/.m2/repository/org/jooq/jooq/3.11.10/jooq-3.11.10.jar:/home/user/.m2/repository/org/jooq/jooq-meta/3.11.10/jooq-meta-3.11.10.jar:/home/user/.m2/repository/org/jooq/jooq-codegen/3.11.10/jooq-codegen-3.11.10.jar:/home/user/.m2/repository/com/jolbox/bonecp/0.8.0.RELEASE/bonecp-0.8.0.RELEASE.jar:/home/user/.m2/repository/org/xerial/sqlite-jdbc/3.25.2/sqlite-jdbc-3.25.2.jar:/home/user/.m2/repository/org/springframework/spring-jdbc/5.1.3.RELEASE/spring-jdbc-5.1.3.RELEASE.jar:/home/user/.m2/repository/org/springframework/spring-beans/5.1.3.RELEASE/spring-beans-5.1.3.RELEASE.jar:/home/user/.m2/repository/org/springframework/spring-core/5.1.3.RELEASE/spring-core-5.1.3.RELEASE.jar:/home/user/.m2/repository/org/springframework/spring-jcl/5.1.3.RELEASE/spring-jcl-5.1.3.RELEASE.jar:/home/user/.m2/repository/org/springframework/spring-tx/5.1.3.RELEASE/spring-tx-5.1.3.RELEASE.jar:/home/user/.m2/repository/org/apache/hadoop/hadoop-ozone-client/0.5.0-SNAPSHOT/hadoop-ozone-client-0.5.0-SNAPSHOT.jar:/home/user/.m2/repository/commons-lang/commons-lang/2.6/commons-lang-2.6.jar:/home/user/.m2/repository/org/apache/hadoop/hadoop-ozone-ozone-manager/0.5.0-SNAPSHOT/hadoop-ozone-ozone-manager-0.5.0-SNAPSHOT-tests.jar:/home/user/.m2/repository/junit/junit/4.11/junit-4.11.jar:/home/user/.m2/repository/org/hamcrest/hamcrest-core/1.3/hamcrest-core-1.3.jar:/home/user/.m2/repository/org/openjdk/jmh/jmh-core/1.19/jmh-core-1.19.jar:/home/user/.m2/repository/net/sf/jopt-simple/jopt-simple/4.6/jopt-simple-4.6.jar:/home/user/.m2/repository/org/apache/commons/commons-math3/3.1.1/commons-math3-3.1.1.jar:/home/user/.m2/repository/org/openjdk/jmh/jmh-generator-annprocess/1.19/jmh-generator-annprocess-1.19.jar:/home/user/.m2/repository/org/mockito/mockito-all/1.8.5/mockito-all-1.8.5.jar:/home/user/.m2/repository/org/apache/hadoop/hadoop-kms/3.2.0/hadoop-kms-3.2.0.jar:/home/user/.m2/repository/org/apache/hadoop/hadoop-auth/3.2.0/hadoop-auth-3.2.0.jar:/home/user/.m2/repository/com/nimbusds/nimbus-jose-jwt/4.41.1/nimbus-jose-jwt-4.41.1.jar:/home/user/.m2/repository/com/github/stephenc/jcip/jcip-annotations/1.0-1/jcip-annotations-1.0-1.jar:/home/user/.m2/repository/net/minidev/json-smart/2.3/json-smart-2.3.jar:/home/user/.m2/repository/net/minidev/accessors-smart/1.2/accessors-smart-1.2.jar:/home/user/.m2/repository/org/ow2/asm/asm/5.0.4/asm-5.0.4.jar:/home/user/.m2/repository/org/apache/curator/curator-framework/2.12.0/curator-framework-2.12.0.jar:/home/user/.m2/repository/com/sun/jersey/jersey-core/1.19/jersey-core-1.19.jar:/home/user/.m2/repository/javax/ws/rs/jsr311-api/1.1.1/jsr311-api-1.1.1.jar:/home/user/.m2/repository/com/sun/jersey/jersey-server/1.19/jersey-server-1.19.jar:/home/user/.m2/repository/javax/servlet/javax.servlet-api/3.1.0/javax.servlet-api-3.1.0.jar:/home/user/.m2/repository/org/eclipse/jetty/jetty-server/9.3.25.v20180904/jetty-server-9.3.25.v20180904.jar:/home/user/.m2/repository/org/eclipse/jetty/jetty-http/9.3.25.v20180904/jetty-http-9.3.25.v20180904.jar:/home/user/.m2/repository/org/eclipse/jetty/jetty-io/9.3.25.v20180904/jetty-io-9.3.25.v20180904.jar:/home/user/.m2/repository/org/eclipse/jetty/jetty-webapp/9.3.25.v20180904/jetty-webapp-9.3.25.v20180904.jar:/home/user/.m2/repository/org/eclipse/jetty/jetty-xml/9.3.25.v20180904/jetty-xml-9.3.25.v20180904.jar:/home/user/.m2/repository/log4j/log4j/1.2.17/log4j-1.2.17.jar:/home/user/.m2/repository/org/slf4j/slf4j-api/1.7.25/slf4j-api-1.7.25.jar:/home/user/.m2/repository/org/slf4j/jul-to-slf4j/1.7.25/jul-to-slf4j-1.7.25.jar:/home/user/.m2/repository/org/eclipse/jetty/jetty-util/9.3.25.v20180904/jetty-util-9.3.25.v20180904.jar:/home/user/.m2/repository/com/fasterxml/jackson/core/jackson-databind/2.9.9/jackson-databind-2.9.9.jar:/home/user/.m2/repository/org/apache/hadoop/hadoop-kms/3.2.0/hadoop-kms-3.2.0-tests.jar:/home/user/.m2/repository/org/apache/hadoop/hadoop-hdds-server-scm/0.5.0-SNAPSHOT/hadoop-hdds-server-scm-0.5.0-SNAPSHOT-tests.jar:/home/user/.m2/repository/org/apache/hadoop/hadoop-hdds-container-service/0.5.0-SNAPSHOT/hadoop-hdds-container-service-0.5.0-SNAPSHOT-tests.jar:/home/user/.m2/repository/org/yaml/snakeyaml/1.16/snakeyaml-1.16.jar:/home/user/.m2/repository/org/apache/hadoop/hadoop-common/3.2.0/hadoop-common-3.2.0-tests.jar:/home/user/.m2/repository/org/apache/hadoop/hadoop-annotations/3.2.0/hadoop-annotations-3.2.0.jar:/usr/lib/jvm/java-1.8-openjdk/jre/../lib/tools.jar:/home/user/.m2/repository/commons-cli/commons-cli/1.2/commons-cli-1.2.jar:/home/user/.m2/repository/org/apache/httpcomponents/httpclient/4.5.2/httpclient-4.5.2.jar:/home/user/.m2/repository/org/apache/httpcomponents/httpcore/4.4.4/httpcore-4.4.4.jar:/home/user/.m2/repository/commons-codec/commons-codec/1.11/commons-codec-1.11.jar:/home/user/.m2/repository/commons-net/commons-net/3.6/commons-net-3.6.jar:/home/user/.m2/repository/commons-collections/commons-collections/3.2.2/commons-collections-3.2.2.jar:/home/user/.m2/repository/org/eclipse/jetty/jetty-servlet/9.3.25.v20180904/jetty-servlet-9.3.25.v20180904.jar:/home/user/.m2/repository/org/eclipse/jetty/jetty-security/9.3.25.v20180904/jetty-security-9.3.25.v20180904.jar:/home/user/.m2/repository/javax/servlet/jsp/jsp-api/2.1/jsp-api-2.1.jar:/home/user/.m2/repository/com/sun/jersey/jersey-servlet/1.19/jersey-servlet-1.19.jar:/home/user/.m2/repository/com/sun/jersey/jersey-json/1.19/jersey-json-1.19.jar:/home/user/.m2/repository/org/codehaus/jettison/jettison/1.1/jettison-1.1.jar:/home/user/.m2/repository/org/codehaus/jackson/jackson-core-asl/1.9.13/jackson-core-asl-1.9.13.jar:/home/user/.m2/repository/org/codehaus/jackson/jackson-mapper-asl/1.9.13/jackson-mapper-asl-1.9.13.jar:/home/user/.m2/repository/org/codehaus/jackson/jackson-jaxrs/1.9.13/jackson-jaxrs-1.9.13.jar:/home/user/.m2/repository/org/codehaus/jackson/jackson-xc/1.9.13/jackson-xc-1.9.13.jar:/home/user/.m2/repository/commons-logging/commons-logging/1.1.3/commons-logging-1.1.3.jar:/home/user/.m2/repository/commons-beanutils/commons-beanutils/1.9.4/commons-beanutils-1.9.4.jar:/home/user/.m2/repository/org/apache/commons/commons-configuration2/2.1.1/commons-configuration2-2.1.1.jar:/home/user/.m2/repository/org/apache/commons/commons-lang3/3.7/commons-lang3-3.7.jar:/home/user/.m2/repository/org/apache/commons/commons-text/1.4/commons-text-1.4.jar:/home/user/.m2/repository/org/apache/avro/avro/1.7.7/avro-1.7.7.jar:/home/user/.m2/repository/com/thoughtworks/paranamer/paranamer/2.3/paranamer-2.3.jar:/home/user/.m2/repository/org/xerial/snappy/snappy-java/1.0.5/snappy-java-1.0.5.jar:/home/user/.m2/repository/com/google/re2j/re2j/1.1/re2j-1.1.jar:/home/user/.m2/repository/com/google/code/gson/gson/2.2.4/gson-2.2.4.jar:/home/user/.m2/repository/com/jcraft/jsch/0.1.54/jsch-0.1.54.jar:/home/user/.m2/repository/org/apache/curator/curator-client/2.12.0/curator-client-2.12.0.jar:/home/user/.m2/repository/org/apache/curator/curator-recipes/2.12.0/curator-recipes-2.12.0.jar:/home/user/.m2/repository/com/google/code/findbugs/jsr305/3.0.0/jsr305-3.0.0.jar:/home/user/.m2/repository/org/apache/htrace/htrace-core4/4.1.0-incubating/htrace-core4-4.1.0-incubating.jar:/home/user/.m2/repository/org/apache/zookeeper/zookeeper/3.4.13/zookeeper-3.4.13.jar:/home/user/.m2/repository/jline/jline/0.9.94/jline-0.9.94.jar:/home/user/.m2/repository/org/apache/yetus/audience-annotations/0.5.0/audience-annotations-0.5.0.jar:/home/user/.m2/repository/org/codehaus/woodstox/stax2-api/3.1.4/stax2-api-3.1.4.jar:/home/user/.m2/repository/com/fasterxml/woodstox/woodstox-core/5.0.3/woodstox-core-5.0.3.jar:/home/user/.m2/repository/dnsjava/dnsjava/2.1.7/dnsjava-2.1.7.jar:/home/user/.m2/repository/org/apache/hadoop/hadoop-hdfs/3.2.0/hadoop-hdfs-3.2.0-tests.jar:/home/user/.m2/repository/org/eclipse/jetty/jetty-util-ajax/9.3.25.v20180904/jetty-util-ajax-9.3.25.v20180904.jar:/home/user/.m2/repository/commons-daemon/commons-daemon/1.0.13/commons-daemon-1.0.13.jar:/home/user/.m2/repository/io/netty/netty/3.10.5.Final/netty-3.10.5.Final.jar:/home/user/.m2/repository/io/netty/netty-all/4.0.52.Final/netty-all-4.0.52.Final.jar:/home/user/.m2/repository/org/fusesource/leveldbjni/leveldbjni-all/1.8/leveldbjni-all-1.8.jar:"/>
    <property name="java.vm.vendor" value="IcedTea"/>
    <property name="sun.arch.data.model" value="64"/>
    <property name="test.build.dir" value="/workdir/hadoop-ozone/integration-test/target/test-dir"/>
    <property name="test.cache.data" value=""/>
    <property name="java.vendor.url" value="https://icedtea.classpath.org"/>
    <property name="user.timezone" value=""/>
    <property name="java.vm.specification.version" value="1.8"/>
    <property name="os.name" value="Linux"/>
    <property name="test.build.data" value="/workdir/hadoop-ozone/integration-test/target/test-dir"/>
    <property name="user.country" value="US"/>
    <property name="sun.java.launcher" value="SUN_STANDARD"/>
    <property name="sun.boot.library.path" value="/usr/lib/jvm/java-1.8-openjdk/jre/lib/amd64"/>
    <property name="sun.java.command" value="/workdir/hadoop-ozone/integration-test/target/surefire/surefirebooter5130955906226885085.jar /workdir/hadoop-ozone/integration-test/target/surefire 2019-10-09T23-26-53_695-jvmRun1 surefire2167557537223409359tmp surefire_327518842423866442585tmp"/>
    <property name="test" value="!TestMiniChaosOzoneCluster"/>
    <property name="surefire.test.class.path" value="/workdir/hadoop-ozone/integration-test/target/test-classes:/workdir/hadoop-ozone/integration-test/target/classes:/home/user/.m2/repository/org/apache/hadoop/hadoop-ozone-common/0.5.0-SNAPSHOT/hadoop-ozone-common-0.5.0-SNAPSHOT.jar:/home/user/.m2/repository/org/apache/commons/commons-compress/1.4.1/commons-compress-1.4.1.jar:/home/user/.m2/repository/org/tukaani/xz/1.0/xz-1.0.jar:/home/user/.m2/repository/org/apache/hadoop/hadoop-common/3.2.0/hadoop-common-3.2.0.jar:/home/user/.m2/repository/org/apache/hadoop/hadoop-hdfs/3.2.0/hadoop-hdfs-3.2.0.jar:/home/user/.m2/repository/org/apache/hadoop/hadoop-hdfs-client/3.2.0/hadoop-hdfs-client-3.2.0.jar:/home/user/.m2/repository/com/fasterxml/jackson/core/jackson-annotations/2.9.9/jackson-annotations-2.9.9.jar:/home/user/.m2/repository/org/apache/hadoop/hadoop-hdds-common/0.5.0-SNAPSHOT/hadoop-hdds-common-0.5.0-SNAPSHOT.jar:/home/user/.m2/repository/javax/annotation/javax.annotation-api/1.2/javax.annotation-api-1.2.jar:/home/user/.m2/repository/org/apache/ratis/ratis-server/0.5.0-201fc85-SNAPSHOT/ratis-server-0.5.0-201fc85-SNAPSHOT.jar:/home/user/.m2/repository/org/apache/ratis/ratis-thirdparty-misc/0.2.0/ratis-thirdparty-misc-0.2.0.jar:/home/user/.m2/repository/org/apache/ratis/ratis-proto/0.5.0-201fc85-SNAPSHOT/ratis-proto-0.5.0-201fc85-SNAPSHOT.jar:/home/user/.m2/repository/org/apache/ratis/ratis-common/0.5.0-201fc85-SNAPSHOT/ratis-common-0.5.0-201fc85-SNAPSHOT.jar:/home/user/.m2/repository/org/apache/ratis/ratis-client/0.5.0-201fc85-SNAPSHOT/ratis-client-0.5.0-201fc85-SNAPSHOT.jar:/home/user/.m2/repository/org/apache/ratis/ratis-metrics/0.5.0-201fc85-SNAPSHOT/ratis-metrics-0.5.0-201fc85-SNAPSHOT.jar:/home/user/.m2/repository/com/github/joshelser/dropwizard-metrics-hadoop-metrics2-reporter/0.1.2/dropwizard-metrics-hadoop-metrics2-reporter-0.1.2.jar:/home/user/.m2/repository/io/dropwizard/metrics/metrics-jvm/3.2.5/metrics-jvm-3.2.5.jar:/home/user/.m2/repository/io/dropwizard/metrics/metrics-ganglia/3.2.5/metrics-ganglia-3.2.5.jar:/home/user/.m2/repository/info/ganglia/gmetric4j/gmetric4j/1.0.7/gmetric4j-1.0.7.jar:/home/user/.m2/repository/org/apache/ratis/ratis-netty/0.5.0-201fc85-SNAPSHOT/ratis-netty-0.5.0-201fc85-SNAPSHOT.jar:/home/user/.m2/repository/org/apache/ratis/ratis-grpc/0.5.0-201fc85-SNAPSHOT/ratis-grpc-0.5.0-201fc85-SNAPSHOT.jar:/home/user/.m2/repository/org/rocksdb/rocksdbjni/6.0.1/rocksdbjni-6.0.1.jar:/home/user/.m2/repository/org/apache/logging/log4j/log4j-api/2.11.0/log4j-api-2.11.0.jar:/home/user/.m2/repository/org/apache/logging/log4j/log4j-core/2.11.0/log4j-core-2.11.0.jar:/home/user/.m2/repository/com/lmax/disruptor/3.4.2/disruptor-3.4.2.jar:/home/user/.m2/repository/org/apache/commons/commons-pool2/2.6.0/commons-pool2-2.6.0.jar:/home/user/.m2/repository/org/bouncycastle/bcpkix-jdk15on/1.60/bcpkix-jdk15on-1.60.jar:/home/user/.m2/repository/commons-validator/commons-validator/1.6/commons-validator-1.6.jar:/home/user/.m2/repository/commons-digester/commons-digester/1.8.1/commons-digester-1.8.1.jar:/home/user/.m2/repository/io/jaegertracing/jaeger-client/0.34.0/jaeger-client-0.34.0.jar:/home/user/.m2/repository/io/jaegertracing/jaeger-thrift/0.34.0/jaeger-thrift-0.34.0.jar:/home/user/.m2/repository/org/apache/thrift/libthrift/0.12.0/libthrift-0.12.0.jar:/home/user/.m2/repository/com/squareup/okhttp3/okhttp/3.9.0/okhttp-3.9.0.jar:/home/user/.m2/repository/com/squareup/okio/okio/1.13.0/okio-1.13.0.jar:/home/user/.m2/repository/io/jaegertracing/jaeger-core/0.34.0/jaeger-core-0.34.0.jar:/home/user/.m2/repository/io/jaegertracing/jaeger-tracerresolver/0.34.0/jaeger-tracerresolver-0.34.0.jar:/home/user/.m2/repository/io/opentracing/contrib/opentracing-tracerresolver/0.1.5/opentracing-tracerresolver-0.1.5.jar:/home/user/.m2/repository/io/opentracing/opentracing-util/0.31.0/opentracing-util-0.31.0.jar:/home/user/.m2/repository/io/opentracing/opentracing-api/0.31.0/opentracing-api-0.31.0.jar:/home/user/.m2/repository/io/opentracing/opentracing-noop/0.31.0/opentracing-noop-0.31.0.jar:/home/user/.m2/repository/org/apache/hadoop/hadoop-hdds-server-framework/0.5.0-SNAPSHOT/hadoop-hdds-server-framework-0.5.0-SNAPSHOT.jar:/home/user/.m2/repository/org/apache/hadoop/hadoop-hdds-container-service/0.5.0-SNAPSHOT/hadoop-hdds-container-service-0.5.0-SNAPSHOT.jar:/home/user/.m2/repository/org/apache/hadoop/hadoop-hdds-client/0.5.0-SNAPSHOT/hadoop-hdds-client-0.5.0-SNAPSHOT.jar:/home/user/.m2/repository/org/apache/hadoop/hadoop-hdds-tools/0.5.0-SNAPSHOT/hadoop-hdds-tools-0.5.0-SNAPSHOT.jar:/home/user/.m2/repository/org/apache/hadoop/hadoop-hdds-server-scm/0.5.0-SNAPSHOT/hadoop-hdds-server-scm-0.5.0-SNAPSHOT.jar:/home/user/.m2/repository/org/apache/hadoop/hadoop-hdds-docs/0.5.0-SNAPSHOT/hadoop-hdds-docs-0.5.0-SNAPSHOT.jar:/home/user/.m2/repository/io/dropwizard/metrics/metrics-core/3.2.4/metrics-core-3.2.4.jar:/home/user/.m2/repository/org/hamcrest/hamcrest-all/1.3/hamcrest-all-1.3.jar:/home/user/.m2/repository/org/bouncycastle/bcprov-jdk15on/1.60/bcprov-jdk15on-1.60.jar:/home/user/.m2/repository/info/picocli/picocli/3.9.6/picocli-3.9.6.jar:/home/user/.m2/repository/com/google/protobuf/protobuf-java/2.5.0/protobuf-java-2.5.0.jar:/home/user/.m2/repository/com/google/guava/guava/11.0.2/guava-11.0.2.jar:/home/user/.m2/repository/org/apache/hadoop/hadoop-ozone-ozone-manager/0.5.0-SNAPSHOT/hadoop-ozone-ozone-manager-0.5.0-SNAPSHOT.jar:/home/user/.m2/repository/org/apache/hadoop/hadoop-minikdc/3.2.0/hadoop-minikdc-3.2.0.jar:/home/user/.m2/repository/commons-io/commons-io/2.5/commons-io-2.5.jar:/home/user/.m2/repository/org/apache/kerby/kerb-simplekdc/1.0.1/kerb-simplekdc-1.0.1.jar:/home/user/.m2/repository/org/apache/kerby/kerb-client/1.0.1/kerb-client-1.0.1.jar:/home/user/.m2/repository/org/apache/kerby/kerby-config/1.0.1/kerby-config-1.0.1.jar:/home/user/.m2/repository/org/apache/kerby/kerb-core/1.0.1/kerb-core-1.0.1.jar:/home/user/.m2/repository/org/apache/kerby/kerby-pkix/1.0.1/kerby-pkix-1.0.1.jar:/home/user/.m2/repository/org/apache/kerby/kerby-asn1/1.0.1/kerby-asn1-1.0.1.jar:/home/user/.m2/repository/org/apache/kerby/kerby-util/1.0.1/kerby-util-1.0.1.jar:/home/user/.m2/repository/org/apache/kerby/kerb-common/1.0.1/kerb-common-1.0.1.jar:/home/user/.m2/repository/org/apache/kerby/kerb-crypto/1.0.1/kerb-crypto-1.0.1.jar:/home/user/.m2/repository/org/apache/kerby/kerb-util/1.0.1/kerb-util-1.0.1.jar:/home/user/.m2/repository/org/apache/kerby/token-provider/1.0.1/token-provider-1.0.1.jar:/home/user/.m2/repository/org/apache/kerby/kerb-admin/1.0.1/kerb-admin-1.0.1.jar:/home/user/.m2/repository/org/apache/kerby/kerb-server/1.0.1/kerb-server-1.0.1.jar:/home/user/.m2/repository/org/apache/kerby/kerb-identity/1.0.1/kerb-identity-1.0.1.jar:/home/user/.m2/repository/org/apache/kerby/kerby-xdr/1.0.1/kerby-xdr-1.0.1.jar:/home/user/.m2/repository/org/slf4j/slf4j-log4j12/1.7.25/slf4j-log4j12-1.7.25.jar:/home/user/.m2/repository/org/apache/hadoop/hadoop-ozone-s3gateway/0.5.0-SNAPSHOT/hadoop-ozone-s3gateway-0.5.0-SNAPSHOT.jar:/home/user/.m2/repository/org/jboss/weld/servlet/weld-servlet/2.4.7.Final/weld-servlet-2.4.7.Final.jar:/home/user/.m2/repository/org/glassfish/jersey/containers/jersey-container-servlet-core/2.27/jersey-container-servlet-core-2.27.jar:/home/user/.m2/repository/org/glassfish/hk2/external/javax.inject/2.5.0-b42/javax.inject-2.5.0-b42.jar:/home/user/.m2/repository/org/glassfish/jersey/core/jersey-common/2.27/jersey-common-2.27.jar:/home/user/.m2/repository/org/glassfish/hk2/osgi-resource-locator/1.0.1/osgi-resource-locator-1.0.1.jar:/home/user/.m2/repository/javax/ws/rs/javax.ws.rs-api/2.1/javax.ws.rs-api-2.1.jar:/home/user/.m2/repository/org/glassfish/jersey/ext/cdi/jersey-cdi1x/2.27/jersey-cdi1x-2.27.jar:/home/user/.m2/repository/org/glassfish/jersey/inject/jersey-hk2/2.27/jersey-hk2-2.27.jar:/home/user/.m2/repository/org/glassfish/hk2/hk2-locator/2.5.0-b42/hk2-locator-2.5.0-b42.jar:/home/user/.m2/repository/org/javassist/javassist/3.22.0-CR2/javassist-3.22.0-CR2.jar:/home/user/.m2/repository/org/glassfish/hk2/hk2-api/2.5.0/hk2-api-2.5.0.jar:/home/user/.m2/repository/org/glassfish/hk2/external/jakarta.inject/2.5.0/jakarta.inject-2.5.0.jar:/home/user/.m2/repository/org/glassfish/hk2/hk2-utils/2.5.0/hk2-utils-2.5.0.jar:/home/user/.m2/repository/jakarta/annotation/jakarta.annotation-api/1.3.4/jakarta.annotation-api-1.3.4.jar:/home/user/.m2/repository/org/glassfish/hk2/external/aopalliance-repackaged/2.5.0/aopalliance-repackaged-2.5.0.jar:/home/user/.m2/repository/com/fasterxml/jackson/dataformat/jackson-dataformat-xml/2.9.0/jackson-dataformat-xml-2.9.0.jar:/home/user/.m2/repository/com/fasterxml/jackson/core/jackson-core/2.9.9/jackson-core-2.9.9.jar:/home/user/.m2/repository/com/fasterxml/jackson/module/jackson-module-jaxb-annotations/2.9.9/jackson-module-jaxb-annotations-2.9.9.jar:/home/user/.m2/repository/javax/enterprise/cdi-api/1.2/cdi-api-1.2.jar:/home/user/.m2/repository/javax/el/javax.el-api/3.0.0/javax.el-api-3.0.0.jar:/home/user/.m2/repository/javax/interceptor/javax.interceptor-api/1.2/javax.interceptor-api-1.2.jar:/home/user/.m2/repository/javax/inject/javax.inject/1/javax.inject-1.jar:/home/user/.m2/repository/com/sun/xml/bind/jaxb-impl/2.3.0.1/jaxb-impl-2.3.0.1.jar:/home/user/.m2/repository/com/sun/xml/bind/jaxb-core/2.3.0.1/jaxb-core-2.3.0.1.jar:/home/user/.m2/repository/javax/xml/bind/jaxb-api/2.3.0/jaxb-api-2.3.0.jar:/home/user/.m2/repository/javax/activation/activation/1.1.1/activation-1.1.1.jar:/home/user/.m2/repository/org/apache/hadoop/hadoop-ozone-csi/0.5.0-SNAPSHOT/hadoop-ozone-csi-0.5.0-SNAPSHOT.jar:/home/user/.m2/repository/com/google/protobuf/protobuf-java-util/3.5.1/protobuf-java-util-3.5.1.jar:/home/user/.m2/repository/org/apache/hadoop/hadoop-hdds-config/0.5.0-SNAPSHOT/hadoop-hdds-config-0.5.0-SNAPSHOT.jar:/home/user/.m2/repository/io/grpc/grpc-netty/1.17.1/grpc-netty-1.17.1.jar:/home/user/.m2/repository/io/grpc/grpc-core/1.17.1/grpc-core-1.17.1.jar:/home/user/.m2/repository/io/grpc/grpc-context/1.17.1/grpc-context-1.17.1.jar:/home/user/.m2/repository/com/google/errorprone/error_prone_annotations/2.2.0/error_prone_annotations-2.2.0.jar:/home/user/.m2/repository/org/codehaus/mojo/animal-sniffer-annotations/1.17/animal-sniffer-annotations-1.17.jar:/home/user/.m2/repository/io/opencensus/opencensus-api/0.17.0/opencensus-api-0.17.0.jar:/home/user/.m2/repository/io/opencensus/opencensus-contrib-grpc-metrics/0.17.0/opencensus-contrib-grpc-metrics-0.17.0.jar:/home/user/.m2/repository/io/netty/netty-codec-http2/4.1.30.Final/netty-codec-http2-4.1.30.Final.jar:/home/user/.m2/repository/io/netty/netty-codec-http/4.1.30.Final/netty-codec-http-4.1.30.Final.jar:/home/user/.m2/repository/io/netty/netty-codec/4.1.30.Final/netty-codec-4.1.30.Final.jar:/home/user/.m2/repository/io/netty/netty-handler/4.1.30.Final/netty-handler-4.1.30.Final.jar:/home/user/.m2/repository/io/netty/netty-handler-proxy/4.1.30.Final/netty-handler-proxy-4.1.30.Final.jar:/home/user/.m2/repository/io/netty/netty-codec-socks/4.1.30.Final/netty-codec-socks-4.1.30.Final.jar:/home/user/.m2/repository/io/netty/netty-transport-native-epoll/4.1.30.Final/netty-transport-native-epoll-4.1.30.Final.jar:/home/user/.m2/repository/io/netty/netty-common/4.1.30.Final/netty-common-4.1.30.Final.jar:/home/user/.m2/repository/io/netty/netty-buffer/4.1.30.Final/netty-buffer-4.1.30.Final.jar:/home/user/.m2/repository/io/netty/netty-transport/4.1.30.Final/netty-transport-4.1.30.Final.jar:/home/user/.m2/repository/io/netty/netty-resolver/4.1.30.Final/netty-resolver-4.1.30.Final.jar:/home/user/.m2/repository/io/netty/netty-transport-native-unix-common/4.1.30.Final/netty-transport-native-unix-common-4.1.30.Final.jar:/home/user/.m2/repository/io/grpc/grpc-protobuf/1.17.1/grpc-protobuf-1.17.1.jar:/home/user/.m2/repository/com/google/api/grpc/proto-google-common-protos/1.0.0/proto-google-common-protos-1.0.0.jar:/home/user/.m2/repository/io/grpc/grpc-protobuf-lite/1.17.1/grpc-protobuf-lite-1.17.1.jar:/home/user/.m2/repository/io/grpc/grpc-stub/1.17.1/grpc-stub-1.17.1.jar:/home/user/.m2/repository/org/apache/hadoop/hadoop-ozone-recon/0.5.0-SNAPSHOT/hadoop-ozone-recon-0.5.0-SNAPSHOT.jar:/home/user/.m2/repository/org/apache/hadoop/hadoop-ozone-reconcodegen/0.5.0-SNAPSHOT/hadoop-ozone-reconcodegen-0.5.0-SNAPSHOT.jar:/home/user/.m2/repository/com/google/inject/extensions/guice-multibindings/4.0/guice-multibindings-4.0.jar:/home/user/.m2/repository/com/google/inject/guice/4.0/guice-4.0.jar:/home/user/.m2/repository/aopalliance/aopalliance/1.0/aopalliance-1.0.jar:/home/user/.m2/repository/com/google/inject/extensions/guice-servlet/4.0/guice-servlet-4.0.jar:/home/user/.m2/repository/org/glassfish/jersey/containers/jersey-container-servlet/2.27/jersey-container-servlet-2.27.jar:/home/user/.m2/repository/org/glassfish/hk2/guice-bridge/2.5.0/guice-bridge-2.5.0.jar:/home/user/.m2/repository/org/glassfish/jersey/core/jersey-server/2.27/jersey-server-2.27.jar:/home/user/.m2/repository/org/glassfish/jersey/core/jersey-client/2.27/jersey-client-2.27.jar:/home/user/.m2/repository/org/glassfish/jersey/media/jersey-media-jaxb/2.27/jersey-media-jaxb-2.27.jar:/home/user/.m2/repository/javax/validation/validation-api/1.1.0.Final/validation-api-1.1.0.Final.jar:/home/user/.m2/repository/org/glassfish/jersey/media/jersey-media-json-jackson/2.27/jersey-media-json-jackson-2.27.jar:/home/user/.m2/repository/org/glassfish/jersey/ext/jersey-entity-filtering/2.27/jersey-entity-filtering-2.27.jar:/home/user/.m2/repository/com/google/inject/extensions/guice-assistedinject/4.0/guice-assistedinject-4.0.jar:/home/user/.m2/repository/org/jooq/jooq/3.11.10/jooq-3.11.10.jar:/home/user/.m2/repository/org/jooq/jooq-meta/3.11.10/jooq-meta-3.11.10.jar:/home/user/.m2/repository/org/jooq/jooq-codegen/3.11.10/jooq-codegen-3.11.10.jar:/home/user/.m2/repository/com/jolbox/bonecp/0.8.0.RELEASE/bonecp-0.8.0.RELEASE.jar:/home/user/.m2/repository/org/xerial/sqlite-jdbc/3.25.2/sqlite-jdbc-3.25.2.jar:/home/user/.m2/repository/org/springframework/spring-jdbc/5.1.3.RELEASE/spring-jdbc-5.1.3.RELEASE.jar:/home/user/.m2/repository/org/springframework/spring-beans/5.1.3.RELEASE/spring-beans-5.1.3.RELEASE.jar:/home/user/.m2/repository/org/springframework/spring-core/5.1.3.RELEASE/spring-core-5.1.3.RELEASE.jar:/home/user/.m2/repository/org/springframework/spring-jcl/5.1.3.RELEASE/spring-jcl-5.1.3.RELEASE.jar:/home/user/.m2/repository/org/springframework/spring-tx/5.1.3.RELEASE/spring-tx-5.1.3.RELEASE.jar:/home/user/.m2/repository/org/apache/hadoop/hadoop-ozone-client/0.5.0-SNAPSHOT/hadoop-ozone-client-0.5.0-SNAPSHOT.jar:/home/user/.m2/repository/commons-lang/commons-lang/2.6/commons-lang-2.6.jar:/home/user/.m2/repository/org/apache/hadoop/hadoop-ozone-ozone-manager/0.5.0-SNAPSHOT/hadoop-ozone-ozone-manager-0.5.0-SNAPSHOT-tests.jar:/home/user/.m2/repository/junit/junit/4.11/junit-4.11.jar:/home/user/.m2/repository/org/hamcrest/hamcrest-core/1.3/hamcrest-core-1.3.jar:/home/user/.m2/repository/org/openjdk/jmh/jmh-core/1.19/jmh-core-1.19.jar:/home/user/.m2/repository/net/sf/jopt-simple/jopt-simple/4.6/jopt-simple-4.6.jar:/home/user/.m2/repository/org/apache/commons/commons-math3/3.1.1/commons-math3-3.1.1.jar:/home/user/.m2/repository/org/openjdk/jmh/jmh-generator-annprocess/1.19/jmh-generator-annprocess-1.19.jar:/home/user/.m2/repository/org/mockito/mockito-all/1.8.5/mockito-all-1.8.5.jar:/home/user/.m2/repository/org/apache/hadoop/hadoop-kms/3.2.0/hadoop-kms-3.2.0.jar:/home/user/.m2/repository/org/apache/hadoop/hadoop-auth/3.2.0/hadoop-auth-3.2.0.jar:/home/user/.m2/repository/com/nimbusds/nimbus-jose-jwt/4.41.1/nimbus-jose-jwt-4.41.1.jar:/home/user/.m2/repository/com/github/stephenc/jcip/jcip-annotations/1.0-1/jcip-annotations-1.0-1.jar:/home/user/.m2/repository/net/minidev/json-smart/2.3/json-smart-2.3.jar:/home/user/.m2/repository/net/minidev/accessors-smart/1.2/accessors-smart-1.2.jar:/home/user/.m2/repository/org/ow2/asm/asm/5.0.4/asm-5.0.4.jar:/home/user/.m2/repository/org/apache/curator/curator-framework/2.12.0/curator-framework-2.12.0.jar:/home/user/.m2/repository/com/sun/jersey/jersey-core/1.19/jersey-core-1.19.jar:/home/user/.m2/repository/javax/ws/rs/jsr311-api/1.1.1/jsr311-api-1.1.1.jar:/home/user/.m2/repository/com/sun/jersey/jersey-server/1.19/jersey-server-1.19.jar:/home/user/.m2/repository/javax/servlet/javax.servlet-api/3.1.0/javax.servlet-api-3.1.0.jar:/home/user/.m2/repository/org/eclipse/jetty/jetty-server/9.3.25.v20180904/jetty-server-9.3.25.v20180904.jar:/home/user/.m2/repository/org/eclipse/jetty/jetty-http/9.3.25.v20180904/jetty-http-9.3.25.v20180904.jar:/home/user/.m2/repository/org/eclipse/jetty/jetty-io/9.3.25.v20180904/jetty-io-9.3.25.v20180904.jar:/home/user/.m2/repository/org/eclipse/jetty/jetty-webapp/9.3.25.v20180904/jetty-webapp-9.3.25.v20180904.jar:/home/user/.m2/repository/org/eclipse/jetty/jetty-xml/9.3.25.v20180904/jetty-xml-9.3.25.v20180904.jar:/home/user/.m2/repository/log4j/log4j/1.2.17/log4j-1.2.17.jar:/home/user/.m2/repository/org/slf4j/slf4j-api/1.7.25/slf4j-api-1.7.25.jar:/home/user/.m2/repository/org/slf4j/jul-to-slf4j/1.7.25/jul-to-slf4j-1.7.25.jar:/home/user/.m2/repository/org/eclipse/jetty/jetty-util/9.3.25.v20180904/jetty-util-9.3.25.v20180904.jar:/home/user/.m2/repository/com/fasterxml/jackson/core/jackson-databind/2.9.9/jackson-databind-2.9.9.jar:/home/user/.m2/repository/org/apache/hadoop/hadoop-kms/3.2.0/hadoop-kms-3.2.0-tests.jar:/home/user/.m2/repository/org/apache/hadoop/hadoop-hdds-server-scm/0.5.0-SNAPSHOT/hadoop-hdds-server-scm-0.5.0-SNAPSHOT-tests.jar:/home/user/.m2/repository/org/apache/hadoop/hadoop-hdds-container-service/0.5.0-SNAPSHOT/hadoop-hdds-container-service-0.5.0-SNAPSHOT-tests.jar:/home/user/.m2/repository/org/yaml/snakeyaml/1.16/snakeyaml-1.16.jar:/home/user/.m2/repository/org/apache/hadoop/hadoop-common/3.2.0/hadoop-common-3.2.0-tests.jar:/home/user/.m2/repository/org/apache/hadoop/hadoop-annotations/3.2.0/hadoop-annotations-3.2.0.jar:/usr/lib/jvm/java-1.8-openjdk/jre/../lib/tools.jar:/home/user/.m2/repository/commons-cli/commons-cli/1.2/commons-cli-1.2.jar:/home/user/.m2/repository/org/apache/httpcomponents/httpclient/4.5.2/httpclient-4.5.2.jar:/home/user/.m2/repository/org/apache/httpcomponents/httpcore/4.4.4/httpcore-4.4.4.jar:/home/user/.m2/repository/commons-codec/commons-codec/1.11/commons-codec-1.11.jar:/home/user/.m2/repository/commons-net/commons-net/3.6/commons-net-3.6.jar:/home/user/.m2/repository/commons-collections/commons-collections/3.2.2/commons-collections-3.2.2.jar:/home/user/.m2/repository/org/eclipse/jetty/jetty-servlet/9.3.25.v20180904/jetty-servlet-9.3.25.v20180904.jar:/home/user/.m2/repository/org/eclipse/jetty/jetty-security/9.3.25.v20180904/jetty-security-9.3.25.v20180904.jar:/home/user/.m2/repository/javax/servlet/jsp/jsp-api/2.1/jsp-api-2.1.jar:/home/user/.m2/repository/com/sun/jersey/jersey-servlet/1.19/jersey-servlet-1.19.jar:/home/user/.m2/repository/com/sun/jersey/jersey-json/1.19/jersey-json-1.19.jar:/home/user/.m2/repository/org/codehaus/jettison/jettison/1.1/jettison-1.1.jar:/home/user/.m2/repository/org/codehaus/jackson/jackson-core-asl/1.9.13/jackson-core-asl-1.9.13.jar:/home/user/.m2/repository/org/codehaus/jackson/jackson-mapper-asl/1.9.13/jackson-mapper-asl-1.9.13.jar:/home/user/.m2/repository/org/codehaus/jackson/jackson-jaxrs/1.9.13/jackson-jaxrs-1.9.13.jar:/home/user/.m2/repository/org/codehaus/jackson/jackson-xc/1.9.13/jackson-xc-1.9.13.jar:/home/user/.m2/repository/commons-logging/commons-logging/1.1.3/commons-logging-1.1.3.jar:/home/user/.m2/repository/commons-beanutils/commons-beanutils/1.9.4/commons-beanutils-1.9.4.jar:/home/user/.m2/repository/org/apache/commons/commons-configuration2/2.1.1/commons-configuration2-2.1.1.jar:/home/user/.m2/repository/org/apache/commons/commons-lang3/3.7/commons-lang3-3.7.jar:/home/user/.m2/repository/org/apache/commons/commons-text/1.4/commons-text-1.4.jar:/home/user/.m2/repository/org/apache/avro/avro/1.7.7/avro-1.7.7.jar:/home/user/.m2/repository/com/thoughtworks/paranamer/paranamer/2.3/paranamer-2.3.jar:/home/user/.m2/repository/org/xerial/snappy/snappy-java/1.0.5/snappy-java-1.0.5.jar:/home/user/.m2/repository/com/google/re2j/re2j/1.1/re2j-1.1.jar:/home/user/.m2/repository/com/google/code/gson/gson/2.2.4/gson-2.2.4.jar:/home/user/.m2/repository/com/jcraft/jsch/0.1.54/jsch-0.1.54.jar:/home/user/.m2/repository/org/apache/curator/curator-client/2.12.0/curator-client-2.12.0.jar:/home/user/.m2/repository/org/apache/curator/curator-recipes/2.12.0/curator-recipes-2.12.0.jar:/home/user/.m2/repository/com/google/code/findbugs/jsr305/3.0.0/jsr305-3.0.0.jar:/home/user/.m2/repository/org/apache/htrace/htrace-core4/4.1.0-incubating/htrace-core4-4.1.0-incubating.jar:/home/user/.m2/repository/org/apache/zookeeper/zookeeper/3.4.13/zookeeper-3.4.13.jar:/home/user/.m2/repository/jline/jline/0.9.94/jline-0.9.94.jar:/home/user/.m2/repository/org/apache/yetus/audience-annotations/0.5.0/audience-annotations-0.5.0.jar:/home/user/.m2/repository/org/codehaus/woodstox/stax2-api/3.1.4/stax2-api-3.1.4.jar:/home/user/.m2/repository/com/fasterxml/woodstox/woodstox-core/5.0.3/woodstox-core-5.0.3.jar:/home/user/.m2/repository/dnsjava/dnsjava/2.1.7/dnsjava-2.1.7.jar:/home/user/.m2/repository/org/apache/hadoop/hadoop-hdfs/3.2.0/hadoop-hdfs-3.2.0-tests.jar:/home/user/.m2/repository/org/eclipse/jetty/jetty-util-ajax/9.3.25.v20180904/jetty-util-ajax-9.3.25.v20180904.jar:/home/user/.m2/repository/commons-daemon/commons-daemon/1.0.13/commons-daemon-1.0.13.jar:/home/user/.m2/repository/io/netty/netty/3.10.5.Final/netty-3.10.5.Final.jar:/home/user/.m2/repository/io/netty/netty-all/4.0.52.Final/netty-all-4.0.52.Final.jar:/home/user/.m2/repository/org/fusesource/leveldbjni/leveldbjni-all/1.8/leveldbjni-all-1.8.jar:"/>
    <property name="sun.cpu.endian" value="little"/>
    <property name="user.home" value="/home/user"/>
    <property name="user.language" value="en"/>
    <property name="java.specification.vendor" value="Oracle Corporation"/>
    <property name="java.home" value="/usr/lib/jvm/java-1.8-openjdk/jre"/>
    <property name="java.security.krb5.conf" value="/workdir/hadoop-ozone/integration-test/target/test-classes/krb5.conf"/>
    <property name="basedir" value="/workdir/hadoop-ozone/integration-test"/>
    <property name="file.separator" value="/"/>
    <property name="line.separator" value="&#10;"/>
    <property name="java.vm.specification.vendor" value="Oracle Corporation"/>
    <property name="java.specification.name" value="Java Platform API Specification"/>
    <property name="java.awt.graphicsenv" value="sun.awt.X11GraphicsEnvironment"/>
    <property name="surefire.real.class.path" value="/workdir/hadoop-ozone/integration-test/target/surefire/surefirebooter5130955906226885085.jar"/>
    <property name="hadoop.log.dir" value="/workdir/hadoop-ozone/integration-test/target/log"/>
    <property name="sun.boot.class.path" value="/usr/lib/jvm/java-1.8-openjdk/jre/lib/resources.jar:/usr/lib/jvm/java-1.8-openjdk/jre/lib/rt.jar:/usr/lib/jvm/java-1.8-openjdk/jre/lib/sunrsasign.jar:/usr/lib/jvm/java-1.8-openjdk/jre/lib/jsse.jar:/usr/lib/jvm/java-1.8-openjdk/jre/lib/jce.jar:/usr/lib/jvm/java-1.8-openjdk/jre/lib/charsets.jar:/usr/lib/jvm/java-1.8-openjdk/jre/lib/jfr.jar:/usr/lib/jvm/java-1.8-openjdk/jre/classes"/>
    <property name="sun.management.compiler" value="HotSpot 64-Bit Tiered Compilers"/>
    <property name="java.runtime.version" value="1.8.0_212-b04"/>
    <property name="java.net.preferIPv4Stack" value="true"/>
    <property name="user.name" value="jenkins1000"/>
    <property name="path.separator" value=":"/>
    <property name="java.security.egd" value="file:///dev/urandom"/>
    <property name="os.version" value="3.10.0-957.12.2.el7.x86_64"/>
    <property name="java.endorsed.dirs" value="/usr/lib/jvm/java-1.8-openjdk/jre/lib/endorsed"/>
    <property name="java.runtime.name" value="OpenJDK Runtime Environment"/>
    <property name="file.encoding" value="UTF-8"/>
    <property name="java.vm.name" value="OpenJDK 64-Bit Server VM"/>
    <property name="test.build.webapps" value=""/>
    <property name="localRepository" value="/home/user/.m2/repository"/>
    <property name="java.vendor.url.bug" value="https://icedtea.classpath.org/bugzilla"/>
    <property name="java.io.tmpdir" value="/tmp"/>
    <property name="require.test.libhadoop" value=""/>
    <property name="java.version" value="1.8.0_212"/>
    <property name="user.dir" value="/workdir/hadoop-ozone/integration-test"/>
    <property name="os.arch" value="amd64"/>
    <property name="java.vm.specification.name" value="Java Virtual Machine Specification"/>
    <property name="test.build.classes" value="/workdir/hadoop-ozone/integration-test/target/test-classes"/>
    <property name="java.awt.printerjob" value="sun.print.PSPrinterJob"/>
    <property name="sun.os.patch.level" value="unknown"/>
    <property name="hadoop.tmp.dir" value="/workdir/hadoop-ozone/integration-test/target/tmp"/>
    <property name="java.library.path" value="/usr/lib/jvm/java-1.8-openjdk/jre/lib/amd64/server:/usr/lib/jvm/java-1.8-openjdk/jre/lib/amd64:/usr/lib/jvm/java-1.8-openjdk/jre/../lib/amd64:/workdir/hadoop-ozone/integration-test/target/native/target/usr/local/lib:/workdir/hadoop-ozone/integration-test/../../hadoop-common-project/hadoop-common/target/native/target/usr/local/lib:/usr/java/packages/lib/amd64:/usr/lib64:/lib64:/lib:/usr/lib"/>
    <property name="java.vm.info" value="mixed mode"/>
    <property name="java.vendor" value="IcedTea"/>
    <property name="java.vm.version" value="25.212-b04"/>
    <property name="java.ext.dirs" value="/usr/lib/jvm/java-1.8-openjdk/jre/lib/ext:/usr/java/packages/lib/ext"/>
    <property name="sun.io.unicode.encoding" value="UnicodeLittle"/>
    <property name="java.class.version" value="52.0"/>
  </properties>
  <testcase name="test2DatanodesFailure" classname="org.apache.hadoop.ozone.client.rpc.TestBlockOutputStreamWithFailures" time="104.473"/>
  <testcase name="testDatanodeFailureWithPreAllocation" classname="org.apache.hadoop.ozone.client.rpc.TestBlockOutputStreamWithFailures" time="221.706"/>
  <testcase name="testDatanodeFailureWithSingleNodeRatis" classname="org.apache.hadoop.ozone.client.rpc.TestBlockOutputStreamWithFailures" time="223.263"/>
  <testcase name="testWatchForCommitWithSingleNodeRatis" classname="org.apache.hadoop.ozone.client.rpc.TestBlockOutputStreamWithFailures" time="35.17"/>
  <testcase name="testWatchForCommitDatanodeFailure" classname="org.apache.hadoop.ozone.client.rpc.TestBlockOutputStreamWithFailures" time="37.629">
    <failure message="expected:&lt;61&gt; but was:&lt;62&gt;" type="java.lang.AssertionError"><![CDATA[java.lang.AssertionError: expected:<61> but was:<62>
	at org.junit.Assert.fail(Assert.java:88)
	at org.junit.Assert.failNotEquals(Assert.java:743)
	at org.junit.Assert.assertEquals(Assert.java:118)
	at org.junit.Assert.assertEquals(Assert.java:555)
	at org.junit.Assert.assertEquals(Assert.java:542)
	at org.apache.hadoop.ozone.client.rpc.TestBlockOutputStreamWithFailures.testWatchForCommitDatanodeFailure(TestBlockOutputStreamWithFailures.java:336)
	at sun.reflect.NativeMethodAccessorImpl.invoke0(Native Method)
	at sun.reflect.NativeMethodAccessorImpl.invoke(NativeMethodAccessorImpl.java:62)
	at sun.reflect.DelegatingMethodAccessorImpl.invoke(DelegatingMethodAccessorImpl.java:43)
	at java.lang.reflect.Method.invoke(Method.java:498)
	at org.junit.runners.model.FrameworkMethod$1.runReflectiveCall(FrameworkMethod.java:47)
	at org.junit.internal.runners.model.ReflectiveCallable.run(ReflectiveCallable.java:12)
	at org.junit.runners.model.FrameworkMethod.invokeExplosively(FrameworkMethod.java:44)
	at org.junit.internal.runners.statements.InvokeMethod.evaluate(InvokeMethod.java:17)
	at org.junit.internal.runners.statements.RunBefores.evaluate(RunBefores.java:26)
	at org.junit.internal.runners.statements.RunAfters.evaluate(RunAfters.java:27)
	at org.junit.runners.ParentRunner.runLeaf(ParentRunner.java:271)
	at org.junit.runners.BlockJUnit4ClassRunner.runChild(BlockJUnit4ClassRunner.java:70)
	at org.junit.runners.BlockJUnit4ClassRunner.runChild(BlockJUnit4ClassRunner.java:50)
	at org.junit.runners.ParentRunner$3.run(ParentRunner.java:238)
	at org.junit.runners.ParentRunner$1.schedule(ParentRunner.java:63)
	at org.junit.runners.ParentRunner.runChildren(ParentRunner.java:236)
	at org.junit.runners.ParentRunner.access$000(ParentRunner.java:53)
	at org.junit.runners.ParentRunner$2.evaluate(ParentRunner.java:229)
	at org.junit.runners.ParentRunner.run(ParentRunner.java:309)
	at org.apache.maven.surefire.junit4.JUnit4Provider.execute(JUnit4Provider.java:365)
	at org.apache.maven.surefire.junit4.JUnit4Provider.executeWithRerun(JUnit4Provider.java:273)
	at org.apache.maven.surefire.junit4.JUnit4Provider.executeTestSet(JUnit4Provider.java:238)
	at org.apache.maven.surefire.junit4.JUnit4Provider.invoke(JUnit4Provider.java:159)
	at org.apache.maven.surefire.booter.ForkedBooter.invokeProviderInSameClassLoader(ForkedBooter.java:384)
	at org.apache.maven.surefire.booter.ForkedBooter.runSuitesInProcess(ForkedBooter.java:345)
	at org.apache.maven.surefire.booter.ForkedBooter.execute(ForkedBooter.java:126)
	at org.apache.maven.surefire.booter.ForkedBooter.main(ForkedBooter.java:418)
]]></failure>
    <system-out><![CDATA[2019-10-10 00:00:31,448 [main] WARN  server.ServerUtils (ServerUtils.java:getScmDbDir(145)) - ozone.scm.db.dirs is not configured. We recommend adding this setting. Falling back to ozone.metadata.dirs instead.
2019-10-10 00:00:31,475 [main] WARN  server.ServerUtils (ServerUtils.java:getScmDbDir(145)) - ozone.scm.db.dirs is not configured. We recommend adding this setting. Falling back to ozone.metadata.dirs instead.
2019-10-10 00:00:31,475 [main] WARN  server.ServerUtils (ServerUtils.java:getScmDbDir(145)) - ozone.scm.db.dirs is not configured. We recommend adding this setting. Falling back to ozone.metadata.dirs instead.
2019-10-10 00:00:31,476 [main] INFO  db.DBStoreBuilder (DBStoreBuilder.java:addTable(117)) - using custom profile for table: deletedBlocks
2019-10-10 00:00:31,477 [main] INFO  db.DBStoreBuilder (DBStoreBuilder.java:processTables(168)) - Using default column profile:DBProfile.DISK for Table:deletedBlocks
2019-10-10 00:00:31,477 [main] INFO  db.DBStoreBuilder (DBStoreBuilder.java:addTable(117)) - using custom profile for table: validCerts
2019-10-10 00:00:31,477 [main] INFO  db.DBStoreBuilder (DBStoreBuilder.java:processTables(168)) - Using default column profile:DBProfile.DISK for Table:validCerts
2019-10-10 00:00:31,477 [main] INFO  db.DBStoreBuilder (DBStoreBuilder.java:addTable(117)) - using custom profile for table: revokedCerts
2019-10-10 00:00:31,478 [main] INFO  db.DBStoreBuilder (DBStoreBuilder.java:processTables(168)) - Using default column profile:DBProfile.DISK for Table:revokedCerts
2019-10-10 00:00:31,478 [main] INFO  db.DBStoreBuilder (DBStoreBuilder.java:addTable(117)) - using custom profile for table: default
2019-10-10 00:00:31,478 [main] INFO  db.DBStoreBuilder (DBStoreBuilder.java:processTables(174)) - Using default column profile:DBProfile.DISK for Table:default
2019-10-10 00:00:31,479 [main] INFO  db.DBStoreBuilder (DBStoreBuilder.java:getDbProfile(205)) - Using default options. DBProfile.DISK
2019-10-10 00:00:31,689 [main] INFO  net.NodeSchemaLoader (NodeSchemaLoader.java:loadSchemaFromFile(125)) - Loading file from sun.misc.CompoundEnumeration@71936a92
2019-10-10 00:00:31,690 [main] INFO  net.NodeSchemaLoader (NodeSchemaLoader.java:loadSchema(171)) - Loading network topology layer schema file
2019-10-10 00:00:31,695 [main] INFO  node.SCMNodeManager (SCMNodeManager.java:<init>(116)) - Entering startup safe mode.
2019-10-10 00:00:31,696 [main] INFO  algorithms.ContainerPlacementPolicyFactory (ContainerPlacementPolicyFactory.java:getPolicy(57)) - Create container placement policy of type org.apache.hadoop.hdds.scm.container.placement.algorithms.SCMContainerPlacementRandom
2019-10-10 00:00:31,696 [main] WARN  server.ServerUtils (ServerUtils.java:getScmDbDir(145)) - ozone.scm.db.dirs is not configured. We recommend adding this setting. Falling back to ozone.metadata.dirs instead.
2019-10-10 00:00:31,755 [main] INFO  pipeline.SCMPipelineManager (SCMPipelineManager.java:initializePipelineState(132)) - No pipeline exists in current db
2019-10-10 00:00:31,755 [main] WARN  server.ServerUtils (ServerUtils.java:getScmDbDir(145)) - ozone.scm.db.dirs is not configured. We recommend adding this setting. Falling back to ozone.metadata.dirs instead.
2019-10-10 00:00:31,862 [main] WARN  events.EventQueue (EventQueue.java:fireEvent(183)) - No event handler registered for event TypedEvent{payloadType=SafeModeStatus, name='SafeModeStatus'}
2019-10-10 00:00:31,863 [main] INFO  ipc.CallQueueManager (CallQueueManager.java:<init>(84)) - Using callQueue: class java.util.concurrent.LinkedBlockingQueue, queueCapacity: 2000, scheduler: class org.apache.hadoop.ipc.DefaultRpcScheduler, ipcBackoff: false.
2019-10-10 00:00:31,864 [Socket Reader #1 for port 45522] INFO  ipc.Server (Server.java:run(1074)) - Starting Socket Reader #1 for port 45522
2019-10-10 00:00:31,866 [main] INFO  ipc.CallQueueManager (CallQueueManager.java:<init>(84)) - Using callQueue: class java.util.concurrent.LinkedBlockingQueue, queueCapacity: 2000, scheduler: class org.apache.hadoop.ipc.DefaultRpcScheduler, ipcBackoff: false.
2019-10-10 00:00:31,867 [Socket Reader #1 for port 41517] INFO  ipc.Server (Server.java:run(1074)) - Starting Socket Reader #1 for port 41517
2019-10-10 00:00:31,868 [main] INFO  ipc.CallQueueManager (CallQueueManager.java:<init>(84)) - Using callQueue: class java.util.concurrent.LinkedBlockingQueue, queueCapacity: 2000, scheduler: class org.apache.hadoop.ipc.DefaultRpcScheduler, ipcBackoff: false.
2019-10-10 00:00:31,869 [Socket Reader #1 for port 36561] INFO  ipc.Server (Server.java:run(1074)) - Starting Socket Reader #1 for port 36561
2019-10-10 00:00:31,872 [main] INFO  hdfs.DFSUtil (DFSUtil.java:httpServerTemplateForNNAndJN(1641)) - Starting Web-server for scm at: http://0.0.0.0:0
2019-10-10 00:00:31,874 [main] INFO  server.AuthenticationFilter (AuthenticationFilter.java:constructSecretProvider(240)) - Unable to initialize FileSignerSecretProvider, falling back to use random secrets.
2019-10-10 00:00:31,874 [main] WARN  http.HttpRequestLog (HttpRequestLog.java:getRequestLog(97)) - Jetty request log can only be enabled using Log4j
2019-10-10 00:00:31,876 [main] INFO  http.HttpServer2 (HttpServer2.java:addGlobalFilter(975)) - Added global filter 'safety' (class=org.apache.hadoop.http.HttpServer2$QuotingInputFilter)
2019-10-10 00:00:31,876 [main] INFO  http.HttpServer2 (HttpServer2.java:addFilter(948)) - Added filter static_user_filter (class=org.apache.hadoop.http.lib.StaticUserWebFilter$StaticUserFilter) to context scm
2019-10-10 00:00:31,876 [main] INFO  http.HttpServer2 (HttpServer2.java:addFilter(958)) - Added filter static_user_filter (class=org.apache.hadoop.http.lib.StaticUserWebFilter$StaticUserFilter) to context logs
2019-10-10 00:00:31,876 [main] INFO  http.HttpServer2 (HttpServer2.java:addFilter(958)) - Added filter static_user_filter (class=org.apache.hadoop.http.lib.StaticUserWebFilter$StaticUserFilter) to context static
2019-10-10 00:00:31,878 [main] INFO  server.StorageContainerManager (StorageContainerManager.java:start(772)) - StorageContainerLocationProtocol RPC server is listening at /0.0.0.0:36561
2019-10-10 00:00:31,881 [main] WARN  impl.MetricsConfig (MetricsConfig.java:loadFirst(134)) - Cannot locate configuration: tried hadoop-metrics2-storagecontainermanager.properties,hadoop-metrics2.properties
2019-10-10 00:00:31,882 [main] INFO  impl.MetricsSystemImpl (MetricsSystemImpl.java:startTimer(374)) - Scheduled Metric snapshot period at 10 second(s).
2019-10-10 00:00:31,882 [main] INFO  impl.MetricsSystemImpl (MetricsSystemImpl.java:start(191)) - StorageContainerManager metrics system started
2019-10-10 00:00:31,941 [main] WARN  impl.MetricsSystemImpl (MetricsSystemImpl.java:register(276)) - Sink prometheus already exists!
2019-10-10 00:00:32,012 [main] INFO  server.SCMClientProtocolServer (SCMClientProtocolServer.java:start(159)) - RPC server for Client  is listening at /0.0.0.0:36561
2019-10-10 00:00:32,012 [IPC Server Responder] INFO  ipc.Server (Server.java:run(1314)) - IPC Server Responder: starting
2019-10-10 00:00:32,012 [IPC Server listener on 36561] INFO  ipc.Server (Server.java:run(1153)) - IPC Server listener on 36561: starting
2019-10-10 00:00:32,016 [main] INFO  server.StorageContainerManager (StorageContainerManager.java:start(782)) - ScmBlockLocationProtocol RPC server is listening at /0.0.0.0:41517
2019-10-10 00:00:32,016 [main] INFO  server.SCMBlockProtocolServer (SCMBlockProtocolServer.java:start(146)) - RPC server for Block Protocol is listening at /0.0.0.0:41517
2019-10-10 00:00:32,017 [IPC Server Responder] INFO  ipc.Server (Server.java:run(1314)) - IPC Server Responder: starting
2019-10-10 00:00:32,017 [IPC Server listener on 41517] INFO  ipc.Server (Server.java:run(1153)) - IPC Server listener on 41517: starting
2019-10-10 00:00:32,020 [main] INFO  server.StorageContainerManager (StorageContainerManager.java:start(786)) - ScmDatanodeProtocl RPC server is listening at /0.0.0.0:45522
2019-10-10 00:00:32,020 [main] INFO  server.SCMDatanodeProtocolServer (SCMDatanodeProtocolServer.java:start(169)) - RPC server for DataNodes is listening at /0.0.0.0:45522
2019-10-10 00:00:32,021 [IPC Server Responder] INFO  ipc.Server (Server.java:run(1314)) - IPC Server Responder: starting
2019-10-10 00:00:32,021 [IPC Server listener on 45522] INFO  ipc.Server (Server.java:run(1153)) - IPC Server listener on 45522: starting
2019-10-10 00:00:32,025 [main] INFO  http.HttpServer2 (HttpServer2.java:bindListener(1191)) - Jetty bound to port 34108
2019-10-10 00:00:32,025 [main] INFO  server.Server (Server.java:doStart(351)) - jetty-9.3.25.v20180904, build timestamp: 2018-09-04T21:11:46Z, git hash: 3ce520221d0240229c862b122d2b06c12a625732
2019-10-10 00:00:32,027 [main] INFO  handler.ContextHandler (ContextHandler.java:doStart(781)) - Started o.e.j.s.ServletContextHandler@48d739f{/logs,file:///workdir/hadoop-ozone/integration-test/target/log,AVAILABLE}
2019-10-10 00:00:32,027 [main] INFO  handler.ContextHandler (ContextHandler.java:doStart(781)) - Started o.e.j.s.ServletContextHandler@65cc5252{/static,file:///workdir/hadoop-ozone/integration-test/target/test-classes/webapps/static,AVAILABLE}
2019-10-10 00:00:32,031 [main] INFO  handler.ContextHandler (ContextHandler.java:doStart(781)) - Started o.e.j.w.WebAppContext@2b43f314{/,file:///workdir/hadoop-ozone/integration-test/target/test-classes/webapps/scm/,AVAILABLE}{/scm}
2019-10-10 00:00:32,031 [main] INFO  server.AbstractConnector (AbstractConnector.java:doStart(278)) - Started ServerConnector@3a4a5f3c{HTTP/1.1,[http/1.1]}{0.0.0.0:34108}
2019-10-10 00:00:32,032 [main] INFO  server.Server (Server.java:doStart(419)) - Started @586250ms
2019-10-10 00:00:32,032 [main] WARN  impl.MetricsSystemImpl (MetricsSystemImpl.java:register(276)) - Sink prometheus already exists!
2019-10-10 00:00:32,033 [main] INFO  server.BaseHttpServer (BaseHttpServer.java:updateConnectorAddress(215)) - HTTP server of SCM is listening at http://0.0.0.0:34108
2019-10-10 00:00:32,034 [main] WARN  server.ServerUtils (ServerUtils.java:getDBPath(222)) - ozone.om.db.dirs is not configured. We recommend adding this setting. Falling back to ozone.metadata.dirs instead.
2019-10-10 00:00:32,034 [org.apache.hadoop.util.JvmPauseMonitor$Monitor@586cc15d] INFO  util.JvmPauseMonitor (JvmPauseMonitor.java:run(188)) - Starting JVM pause monitor
2019-10-10 00:00:32,059 [main] INFO  ha.OMHANodeDetails (OMHANodeDetails.java:loadOMHAConfig(190)) - Configuration either no ozone.om.address set. Falling back to the default OM address /127.0.0.1:0
2019-10-10 00:00:32,059 [main] INFO  ha.OMHANodeDetails (OMHANodeDetails.java:getOMNodeDetails(220)) - OM Service ID is not set. Setting it to the default ID: omServiceIdDefault
2019-10-10 00:00:32,060 [main] WARN  server.ServerUtils (ServerUtils.java:getDBPath(222)) - ozone.om.db.dirs is not configured. We recommend adding this setting. Falling back to ozone.metadata.dirs instead.
2019-10-10 00:00:32,060 [main] WARN  server.ServerUtils (ServerUtils.java:getDBPath(222)) - ozone.om.db.dirs is not configured. We recommend adding this setting. Falling back to ozone.metadata.dirs instead.
2019-10-10 00:00:32,067 [main] WARN  server.ServerUtils (ServerUtils.java:getDBPath(222)) - ozone.om.db.dirs is not configured. We recommend adding this setting. Falling back to ozone.metadata.dirs instead.
2019-10-10 00:00:32,067 [main] INFO  db.DBStoreBuilder (DBStoreBuilder.java:addTable(117)) - using custom profile for table: userTable
2019-10-10 00:00:32,067 [main] INFO  db.DBStoreBuilder (DBStoreBuilder.java:processTables(168)) - Using default column profile:DBProfile.DISK for Table:userTable
2019-10-10 00:00:32,067 [main] INFO  db.DBStoreBuilder (DBStoreBuilder.java:addTable(117)) - using custom profile for table: volumeTable
2019-10-10 00:00:32,067 [main] INFO  db.DBStoreBuilder (DBStoreBuilder.java:processTables(168)) - Using default column profile:DBProfile.DISK for Table:volumeTable
2019-10-10 00:00:32,068 [main] INFO  db.DBStoreBuilder (DBStoreBuilder.java:addTable(117)) - using custom profile for table: bucketTable
2019-10-10 00:00:32,068 [main] INFO  db.DBStoreBuilder (DBStoreBuilder.java:processTables(168)) - Using default column profile:DBProfile.DISK for Table:bucketTable
2019-10-10 00:00:32,068 [main] INFO  db.DBStoreBuilder (DBStoreBuilder.java:addTable(117)) - using custom profile for table: keyTable
2019-10-10 00:00:32,068 [main] INFO  db.DBStoreBuilder (DBStoreBuilder.java:processTables(168)) - Using default column profile:DBProfile.DISK for Table:keyTable
2019-10-10 00:00:32,068 [main] INFO  db.DBStoreBuilder (DBStoreBuilder.java:addTable(117)) - using custom profile for table: deletedTable
2019-10-10 00:00:32,068 [main] INFO  db.DBStoreBuilder (DBStoreBuilder.java:processTables(168)) - Using default column profile:DBProfile.DISK for Table:deletedTable
2019-10-10 00:00:32,068 [main] INFO  db.DBStoreBuilder (DBStoreBuilder.java:addTable(117)) - using custom profile for table: openKeyTable
2019-10-10 00:00:32,069 [main] INFO  db.DBStoreBuilder (DBStoreBuilder.java:processTables(168)) - Using default column profile:DBProfile.DISK for Table:openKeyTable
2019-10-10 00:00:32,069 [main] INFO  db.DBStoreBuilder (DBStoreBuilder.java:addTable(117)) - using custom profile for table: s3Table
2019-10-10 00:00:32,069 [main] INFO  db.DBStoreBuilder (DBStoreBuilder.java:processTables(168)) - Using default column profile:DBProfile.DISK for Table:s3Table
2019-10-10 00:00:32,069 [main] INFO  db.DBStoreBuilder (DBStoreBuilder.java:addTable(117)) - using custom profile for table: multipartInfoTable
2019-10-10 00:00:32,069 [main] INFO  db.DBStoreBuilder (DBStoreBuilder.java:processTables(168)) - Using default column profile:DBProfile.DISK for Table:multipartInfoTable
2019-10-10 00:00:32,069 [main] INFO  db.DBStoreBuilder (DBStoreBuilder.java:addTable(117)) - using custom profile for table: dTokenTable
2019-10-10 00:00:32,070 [main] INFO  db.DBStoreBuilder (DBStoreBuilder.java:processTables(168)) - Using default column profile:DBProfile.DISK for Table:dTokenTable
2019-10-10 00:00:32,070 [main] INFO  db.DBStoreBuilder (DBStoreBuilder.java:addTable(117)) - using custom profile for table: s3SecretTable
2019-10-10 00:00:32,070 [main] INFO  db.DBStoreBuilder (DBStoreBuilder.java:processTables(168)) - Using default column profile:DBProfile.DISK for Table:s3SecretTable
2019-10-10 00:00:32,070 [main] INFO  db.DBStoreBuilder (DBStoreBuilder.java:addTable(117)) - using custom profile for table: prefixTable
2019-10-10 00:00:32,070 [main] INFO  db.DBStoreBuilder (DBStoreBuilder.java:processTables(168)) - Using default column profile:DBProfile.DISK for Table:prefixTable
2019-10-10 00:00:32,070 [main] INFO  db.DBStoreBuilder (DBStoreBuilder.java:addTable(117)) - using custom profile for table: default
2019-10-10 00:00:32,070 [main] INFO  db.DBStoreBuilder (DBStoreBuilder.java:processTables(174)) - Using default column profile:DBProfile.DISK for Table:default
2019-10-10 00:00:32,071 [main] INFO  db.DBStoreBuilder (DBStoreBuilder.java:getDbProfile(205)) - Using default options. DBProfile.DISK
2019-10-10 00:00:32,660 [main] INFO  ipc.CallQueueManager (CallQueueManager.java:<init>(84)) - Using callQueue: class java.util.concurrent.LinkedBlockingQueue, queueCapacity: 2000, scheduler: class org.apache.hadoop.ipc.DefaultRpcScheduler, ipcBackoff: false.
2019-10-10 00:00:32,661 [Socket Reader #1 for port 38337] INFO  ipc.Server (Server.java:run(1074)) - Starting Socket Reader #1 for port 38337
2019-10-10 00:00:32,678 [main] INFO  om.OzoneManager (OzoneManager.java:start(1071)) - OzoneManager RPC server is listening at localhost/127.0.0.1:38337
2019-10-10 00:00:32,678 [main] INFO  impl.MetricsSystemImpl (MetricsSystemImpl.java:init(158)) - OzoneManager metrics system started (again)
2019-10-10 00:00:32,679 [IPC Server Responder] INFO  ipc.Server (Server.java:run(1314)) - IPC Server Responder: starting
2019-10-10 00:00:32,680 [IPC Server listener on 38337] INFO  ipc.Server (Server.java:run(1153)) - IPC Server listener on 38337: starting
2019-10-10 00:00:32,686 [main] INFO  hdfs.DFSUtil (DFSUtil.java:httpServerTemplateForNNAndJN(1641)) - Starting Web-server for ozoneManager at: http://0.0.0.0:0
2019-10-10 00:00:32,687 [main] INFO  server.AuthenticationFilter (AuthenticationFilter.java:constructSecretProvider(240)) - Unable to initialize FileSignerSecretProvider, falling back to use random secrets.
2019-10-10 00:00:32,687 [main] WARN  http.HttpRequestLog (HttpRequestLog.java:getRequestLog(97)) - Jetty request log can only be enabled using Log4j
2019-10-10 00:00:32,689 [main] INFO  http.HttpServer2 (HttpServer2.java:addGlobalFilter(975)) - Added global filter 'safety' (class=org.apache.hadoop.http.HttpServer2$QuotingInputFilter)
2019-10-10 00:00:32,689 [main] INFO  http.HttpServer2 (HttpServer2.java:addFilter(948)) - Added filter static_user_filter (class=org.apache.hadoop.http.lib.StaticUserWebFilter$StaticUserFilter) to context ozoneManager
2019-10-10 00:00:32,690 [main] INFO  http.HttpServer2 (HttpServer2.java:addFilter(958)) - Added filter static_user_filter (class=org.apache.hadoop.http.lib.StaticUserWebFilter$StaticUserFilter) to context static
2019-10-10 00:00:32,690 [main] INFO  http.HttpServer2 (HttpServer2.java:addFilter(958)) - Added filter static_user_filter (class=org.apache.hadoop.http.lib.StaticUserWebFilter$StaticUserFilter) to context logs
2019-10-10 00:00:32,691 [main] INFO  http.HttpServer2 (HttpServer2.java:bindListener(1191)) - Jetty bound to port 33744
2019-10-10 00:00:32,691 [main] INFO  server.Server (Server.java:doStart(351)) - jetty-9.3.25.v20180904, build timestamp: 2018-09-04T21:11:46Z, git hash: 3ce520221d0240229c862b122d2b06c12a625732
2019-10-10 00:00:32,692 [main] INFO  handler.ContextHandler (ContextHandler.java:doStart(781)) - Started o.e.j.s.ServletContextHandler@6b867ee7{/logs,file:///workdir/hadoop-ozone/integration-test/target/log,AVAILABLE}
2019-10-10 00:00:32,693 [main] INFO  handler.ContextHandler (ContextHandler.java:doStart(781)) - Started o.e.j.s.ServletContextHandler@7a606260{/static,file:///workdir/hadoop-ozone/integration-test/target/test-classes/webapps/static,AVAILABLE}
2019-10-10 00:00:32,698 [main] INFO  handler.ContextHandler (ContextHandler.java:doStart(781)) - Started o.e.j.w.WebAppContext@29d070c7{/,file:///workdir/hadoop-ozone/integration-test/target/test-classes/webapps/ozoneManager/,AVAILABLE}{/ozoneManager}
2019-10-10 00:00:32,698 [main] INFO  server.AbstractConnector (AbstractConnector.java:doStart(278)) - Started ServerConnector@1eeb5818{HTTP/1.1,[http/1.1]}{0.0.0.0:33744}
2019-10-10 00:00:32,699 [main] INFO  server.Server (Server.java:doStart(419)) - Started @586916ms
2019-10-10 00:00:32,699 [main] WARN  impl.MetricsSystemImpl (MetricsSystemImpl.java:register(276)) - Sink prometheus already exists!
2019-10-10 00:00:32,700 [main] INFO  server.BaseHttpServer (BaseHttpServer.java:updateConnectorAddress(215)) - HTTP server of OZONEMANAGER is listening at http://0.0.0.0:33744
2019-10-10 00:00:32,715 [main] INFO  impl.MetricsSystemImpl (MetricsSystemImpl.java:init(158)) - HddsDatanode metrics system started (again)
2019-10-10 00:00:32,718 [main] INFO  ozone.HddsDatanodeService (HddsDatanodeService.java:start(184)) - HddsDatanodeService host:pr-hdds-2266-b8s26-4239225152 ip:192.168.157.245
2019-10-10 00:00:32,724 [main] INFO  volume.HddsVolume (HddsVolume.java:<init>(176)) - Creating Volume: /workdir/hadoop-ozone/integration-test/target/test-dir/MiniOzoneClusterImpl-26e9f622-14fa-4607-9e54-b23a48ec8da2/datanode-0/data/containers/hdds of  storage type : DISK and capacity : 1482555576320
2019-10-10 00:00:32,725 [main] INFO  volume.VolumeSet (VolumeSet.java:initializeVolumeSet(170)) - Added Volume : /workdir/hadoop-ozone/integration-test/target/test-dir/MiniOzoneClusterImpl-26e9f622-14fa-4607-9e54-b23a48ec8da2/datanode-0/data/containers/hdds to VolumeSet
2019-10-10 00:00:32,725 [main] INFO  volume.ThrottledAsyncChecker (ThrottledAsyncChecker.java:schedule(141)) - Scheduling a check for org.apache.hadoop.ozone.container.common.volume.HddsVolume@3f5dfe69
2019-10-10 00:00:32,726 [main] INFO  volume.HddsVolumeChecker (HddsVolumeChecker.java:checkAllVolumes(204)) - Scheduled health check for volume org.apache.hadoop.ozone.container.common.volume.HddsVolume@3f5dfe69
2019-10-10 00:00:32,739 [main] INFO  impl.RaftServerProxy (ConfUtils.java:logGet(43)) - raft.rpc.type = GRPC (default)
2019-10-10 00:00:32,739 [main] INFO  grpc.GrpcFactory (GrpcFactory.java:checkPooledByteBufAllocatorUseCacheForAllThreads(45)) - PERFORMANCE WARNING: useCacheForAllThreads is true that may cause Netty to create a lot garbage objects and, as a result, trigger GC.
	It is recommended to disable useCacheForAllThreads by setting -Dorg.apache.ratis.thirdparty.io.netty.allocator.useCacheForAllThreads=false in command line.
2019-10-10 00:00:32,740 [main] INFO  grpc.GrpcConfigKeys$Server (ConfUtils.java:logGet(43)) - raft.grpc.server.port = 0 (default)
2019-10-10 00:00:32,740 [main] INFO  server.GrpcService (ConfUtils.java:logGet(43)) - raft.grpc.message.size.max = 33570816 (custom)
2019-10-10 00:00:32,740 [main] INFO  server.RaftServerConfigKeys (ConfUtils.java:logGet(43)) - raft.server.log.appender.buffer.byte-limit = 33554432 (custom)
2019-10-10 00:00:32,740 [main] INFO  server.GrpcService (ConfUtils.java:logGet(43)) - raft.grpc.flow.control.window = 1MB (=1048576) (default)
2019-10-10 00:00:32,740 [main] INFO  server.RaftServerConfigKeys (ConfUtils.java:logGet(43)) - raft.server.rpc.request.timeout = 3000ms (default)
2019-10-10 00:00:32,741 [main] INFO  server.RaftServerConfigKeys (ConfUtils.java:logGet(43)) - raft.server.storage.dir = [/workdir/hadoop-ozone/integration-test/target/test-dir/MiniOzoneClusterImpl-26e9f622-14fa-4607-9e54-b23a48ec8da2/datanode-0/data/ratis] (custom)
2019-10-10 00:00:32,742 [main] INFO  hdfs.DFSUtil (DFSUtil.java:httpServerTemplateForNNAndJN(1641)) - Starting Web-server for hddsDatanode at: http://0.0.0.0:0
2019-10-10 00:00:32,743 [main] INFO  server.AuthenticationFilter (AuthenticationFilter.java:constructSecretProvider(240)) - Unable to initialize FileSignerSecretProvider, falling back to use random secrets.
2019-10-10 00:00:32,744 [main] WARN  http.HttpRequestLog (HttpRequestLog.java:getRequestLog(97)) - Jetty request log can only be enabled using Log4j
2019-10-10 00:00:32,745 [main] INFO  http.HttpServer2 (HttpServer2.java:addGlobalFilter(975)) - Added global filter 'safety' (class=org.apache.hadoop.http.HttpServer2$QuotingInputFilter)
2019-10-10 00:00:32,745 [main] INFO  http.HttpServer2 (HttpServer2.java:addFilter(948)) - Added filter static_user_filter (class=org.apache.hadoop.http.lib.StaticUserWebFilter$StaticUserFilter) to context hddsDatanode
2019-10-10 00:00:32,745 [main] INFO  http.HttpServer2 (HttpServer2.java:addFilter(958)) - Added filter static_user_filter (class=org.apache.hadoop.http.lib.StaticUserWebFilter$StaticUserFilter) to context logs
2019-10-10 00:00:32,745 [main] INFO  http.HttpServer2 (HttpServer2.java:addFilter(958)) - Added filter static_user_filter (class=org.apache.hadoop.http.lib.StaticUserWebFilter$StaticUserFilter) to context static
2019-10-10 00:00:32,746 [main] INFO  http.HttpServer2 (HttpServer2.java:bindListener(1191)) - Jetty bound to port 34641
2019-10-10 00:00:32,746 [main] INFO  server.Server (Server.java:doStart(351)) - jetty-9.3.25.v20180904, build timestamp: 2018-09-04T21:11:46Z, git hash: 3ce520221d0240229c862b122d2b06c12a625732
2019-10-10 00:00:32,747 [main] INFO  handler.ContextHandler (ContextHandler.java:doStart(781)) - Started o.e.j.s.ServletContextHandler@55296b50{/logs,file:///workdir/hadoop-ozone/integration-test/target/log,AVAILABLE}
2019-10-10 00:00:32,747 [main] INFO  handler.ContextHandler (ContextHandler.java:doStart(781)) - Started o.e.j.s.ServletContextHandler@29c53c4f{/static,jar:file:/home/user/.m2/repository/org/apache/hadoop/hadoop-hdds-container-service/0.5.0-SNAPSHOT/hadoop-hdds-container-service-0.5.0-SNAPSHOT.jar!/webapps/static,AVAILABLE}
2019-10-10 00:00:32,775 [main] INFO  handler.ContextHandler (ContextHandler.java:doStart(781)) - Started o.e.j.w.WebAppContext@75bd28d{/,file:///tmp/jetty-0.0.0.0-34641-hddsDatanode-_-any-4491946796723769621.dir/webapp/,AVAILABLE}{/hddsDatanode}
2019-10-10 00:00:32,775 [main] INFO  server.AbstractConnector (AbstractConnector.java:doStart(278)) - Started ServerConnector@129c4d19{HTTP/1.1,[http/1.1]}{0.0.0.0:34641}
2019-10-10 00:00:32,777 [main] INFO  server.Server (Server.java:doStart(419)) - Started @586995ms
2019-10-10 00:00:32,778 [main] WARN  impl.MetricsSystemImpl (MetricsSystemImpl.java:register(276)) - Sink prometheus already exists!
2019-10-10 00:00:32,778 [main] INFO  server.BaseHttpServer (BaseHttpServer.java:updateConnectorAddress(215)) - HTTP server of HDDSDATANODE is listening at http://0.0.0.0:34641
2019-10-10 00:00:32,778 [main] INFO  impl.MetricsSystemImpl (MetricsSystemImpl.java:init(158)) - HddsDatanode metrics system started (again)
2019-10-10 00:00:32,782 [org.apache.hadoop.util.JvmPauseMonitor$Monitor@5c71bbcd] INFO  util.JvmPauseMonitor (JvmPauseMonitor.java:run(188)) - Starting JVM pause monitor
2019-10-10 00:00:32,782 [main] INFO  ozone.HddsDatanodeService (HddsDatanodeService.java:start(184)) - HddsDatanodeService host:pr-hdds-2266-b8s26-4239225152 ip:192.168.157.245
2019-10-10 00:00:32,784 [Datanode State Machine Thread - 0] INFO  datanode.InitDatanodeState (InitDatanodeState.java:persistContainerDatanodeDetails(140)) - DatanodeDetails is persisted to /workdir/hadoop-ozone/integration-test/target/test-dir/MiniOzoneClusterImpl-26e9f622-14fa-4607-9e54-b23a48ec8da2/datanode-0/meta/datanode.id
2019-10-10 00:00:32,788 [main] INFO  volume.HddsVolume (HddsVolume.java:<init>(176)) - Creating Volume: /workdir/hadoop-ozone/integration-test/target/test-dir/MiniOzoneClusterImpl-26e9f622-14fa-4607-9e54-b23a48ec8da2/datanode-1/data/containers/hdds of  storage type : DISK and capacity : 1482555576320
2019-10-10 00:00:32,788 [main] INFO  volume.VolumeSet (VolumeSet.java:initializeVolumeSet(170)) - Added Volume : /workdir/hadoop-ozone/integration-test/target/test-dir/MiniOzoneClusterImpl-26e9f622-14fa-4607-9e54-b23a48ec8da2/datanode-1/data/containers/hdds to VolumeSet
2019-10-10 00:00:32,788 [main] INFO  volume.ThrottledAsyncChecker (ThrottledAsyncChecker.java:schedule(141)) - Scheduling a check for org.apache.hadoop.ozone.container.common.volume.HddsVolume@6b9c42bd
2019-10-10 00:00:32,789 [main] INFO  volume.HddsVolumeChecker (HddsVolumeChecker.java:checkAllVolumes(204)) - Scheduled health check for volume org.apache.hadoop.ozone.container.common.volume.HddsVolume@6b9c42bd
2019-10-10 00:00:32,800 [main] INFO  impl.RaftServerProxy (ConfUtils.java:logGet(43)) - raft.rpc.type = GRPC (default)
2019-10-10 00:00:32,800 [main] INFO  grpc.GrpcFactory (GrpcFactory.java:checkPooledByteBufAllocatorUseCacheForAllThreads(45)) - PERFORMANCE WARNING: useCacheForAllThreads is true that may cause Netty to create a lot garbage objects and, as a result, trigger GC.
	It is recommended to disable useCacheForAllThreads by setting -Dorg.apache.ratis.thirdparty.io.netty.allocator.useCacheForAllThreads=false in command line.
2019-10-10 00:00:32,801 [main] INFO  grpc.GrpcConfigKeys$Server (ConfUtils.java:logGet(43)) - raft.grpc.server.port = 0 (default)
2019-10-10 00:00:32,801 [main] INFO  server.GrpcService (ConfUtils.java:logGet(43)) - raft.grpc.message.size.max = 33570816 (custom)
2019-10-10 00:00:32,801 [main] INFO  server.RaftServerConfigKeys (ConfUtils.java:logGet(43)) - raft.server.log.appender.buffer.byte-limit = 33554432 (custom)
2019-10-10 00:00:32,801 [main] INFO  server.GrpcService (ConfUtils.java:logGet(43)) - raft.grpc.flow.control.window = 1MB (=1048576) (default)
2019-10-10 00:00:32,801 [main] INFO  server.RaftServerConfigKeys (ConfUtils.java:logGet(43)) - raft.server.rpc.request.timeout = 3000ms (default)
2019-10-10 00:00:32,802 [main] INFO  server.RaftServerConfigKeys (ConfUtils.java:logGet(43)) - raft.server.storage.dir = [/workdir/hadoop-ozone/integration-test/target/test-dir/MiniOzoneClusterImpl-26e9f622-14fa-4607-9e54-b23a48ec8da2/datanode-1/data/ratis] (custom)
2019-10-10 00:00:32,803 [main] INFO  hdfs.DFSUtil (DFSUtil.java:httpServerTemplateForNNAndJN(1641)) - Starting Web-server for hddsDatanode at: http://0.0.0.0:0
2019-10-10 00:00:32,804 [main] INFO  server.AuthenticationFilter (AuthenticationFilter.java:constructSecretProvider(240)) - Unable to initialize FileSignerSecretProvider, falling back to use random secrets.
2019-10-10 00:00:32,804 [main] WARN  http.HttpRequestLog (HttpRequestLog.java:getRequestLog(97)) - Jetty request log can only be enabled using Log4j
2019-10-10 00:00:32,805 [main] INFO  http.HttpServer2 (HttpServer2.java:addGlobalFilter(975)) - Added global filter 'safety' (class=org.apache.hadoop.http.HttpServer2$QuotingInputFilter)
2019-10-10 00:00:32,806 [main] INFO  http.HttpServer2 (HttpServer2.java:addFilter(948)) - Added filter static_user_filter (class=org.apache.hadoop.http.lib.StaticUserWebFilter$StaticUserFilter) to context hddsDatanode
2019-10-10 00:00:32,806 [main] INFO  http.HttpServer2 (HttpServer2.java:addFilter(958)) - Added filter static_user_filter (class=org.apache.hadoop.http.lib.StaticUserWebFilter$StaticUserFilter) to context static
2019-10-10 00:00:32,806 [main] INFO  http.HttpServer2 (HttpServer2.java:addFilter(958)) - Added filter static_user_filter (class=org.apache.hadoop.http.lib.StaticUserWebFilter$StaticUserFilter) to context logs
2019-10-10 00:00:32,807 [main] INFO  http.HttpServer2 (HttpServer2.java:bindListener(1191)) - Jetty bound to port 35033
2019-10-10 00:00:32,807 [main] INFO  server.Server (Server.java:doStart(351)) - jetty-9.3.25.v20180904, build timestamp: 2018-09-04T21:11:46Z, git hash: 3ce520221d0240229c862b122d2b06c12a625732
2019-10-10 00:00:32,808 [main] INFO  handler.ContextHandler (ContextHandler.java:doStart(781)) - Started o.e.j.s.ServletContextHandler@703e8050{/logs,file:///workdir/hadoop-ozone/integration-test/target/log,AVAILABLE}
2019-10-10 00:00:32,808 [main] INFO  handler.ContextHandler (ContextHandler.java:doStart(781)) - Started o.e.j.s.ServletContextHandler@7741ae1b{/static,jar:file:/home/user/.m2/repository/org/apache/hadoop/hadoop-hdds-container-service/0.5.0-SNAPSHOT/hadoop-hdds-container-service-0.5.0-SNAPSHOT.jar!/webapps/static,AVAILABLE}
2019-10-10 00:00:32,836 [main] INFO  handler.ContextHandler (ContextHandler.java:doStart(781)) - Started o.e.j.w.WebAppContext@78c74647{/,file:///tmp/jetty-0.0.0.0-35033-hddsDatanode-_-any-8687596129195823170.dir/webapp/,AVAILABLE}{/hddsDatanode}
2019-10-10 00:00:32,837 [main] INFO  server.AbstractConnector (AbstractConnector.java:doStart(278)) - Started ServerConnector@39652a30{HTTP/1.1,[http/1.1]}{0.0.0.0:35033}
2019-10-10 00:00:32,838 [main] INFO  server.Server (Server.java:doStart(419)) - Started @587056ms
2019-10-10 00:00:32,838 [main] WARN  impl.MetricsSystemImpl (MetricsSystemImpl.java:register(276)) - Sink prometheus already exists!
2019-10-10 00:00:32,839 [main] INFO  server.BaseHttpServer (BaseHttpServer.java:updateConnectorAddress(215)) - HTTP server of HDDSDATANODE is listening at http://0.0.0.0:35033
2019-10-10 00:00:32,839 [main] INFO  impl.MetricsSystemImpl (MetricsSystemImpl.java:init(158)) - HddsDatanode metrics system started (again)
2019-10-10 00:00:32,843 [org.apache.hadoop.util.JvmPauseMonitor$Monitor@5e37d48b] INFO  util.JvmPauseMonitor (JvmPauseMonitor.java:run(188)) - Starting JVM pause monitor
2019-10-10 00:00:32,844 [main] INFO  ozone.HddsDatanodeService (HddsDatanodeService.java:start(184)) - HddsDatanodeService host:pr-hdds-2266-b8s26-4239225152 ip:192.168.157.245
2019-10-10 00:00:32,845 [Datanode State Machine Thread - 0] INFO  datanode.InitDatanodeState (InitDatanodeState.java:persistContainerDatanodeDetails(140)) - DatanodeDetails is persisted to /workdir/hadoop-ozone/integration-test/target/test-dir/MiniOzoneClusterImpl-26e9f622-14fa-4607-9e54-b23a48ec8da2/datanode-1/meta/datanode.id
2019-10-10 00:00:32,848 [main] INFO  volume.HddsVolume (HddsVolume.java:<init>(176)) - Creating Volume: /workdir/hadoop-ozone/integration-test/target/test-dir/MiniOzoneClusterImpl-26e9f622-14fa-4607-9e54-b23a48ec8da2/datanode-2/data/containers/hdds of  storage type : DISK and capacity : 1482555576320
2019-10-10 00:00:32,849 [main] INFO  volume.VolumeSet (VolumeSet.java:initializeVolumeSet(170)) - Added Volume : /workdir/hadoop-ozone/integration-test/target/test-dir/MiniOzoneClusterImpl-26e9f622-14fa-4607-9e54-b23a48ec8da2/datanode-2/data/containers/hdds to VolumeSet
2019-10-10 00:00:32,849 [main] INFO  volume.ThrottledAsyncChecker (ThrottledAsyncChecker.java:schedule(141)) - Scheduling a check for org.apache.hadoop.ozone.container.common.volume.HddsVolume@404ced67
2019-10-10 00:00:32,849 [main] INFO  volume.HddsVolumeChecker (HddsVolumeChecker.java:checkAllVolumes(204)) - Scheduled health check for volume org.apache.hadoop.ozone.container.common.volume.HddsVolume@404ced67
2019-10-10 00:00:32,861 [main] INFO  impl.RaftServerProxy (ConfUtils.java:logGet(43)) - raft.rpc.type = GRPC (default)
2019-10-10 00:00:32,861 [main] INFO  grpc.GrpcFactory (GrpcFactory.java:checkPooledByteBufAllocatorUseCacheForAllThreads(45)) - PERFORMANCE WARNING: useCacheForAllThreads is true that may cause Netty to create a lot garbage objects and, as a result, trigger GC.
	It is recommended to disable useCacheForAllThreads by setting -Dorg.apache.ratis.thirdparty.io.netty.allocator.useCacheForAllThreads=false in command line.
2019-10-10 00:00:32,862 [main] INFO  grpc.GrpcConfigKeys$Server (ConfUtils.java:logGet(43)) - raft.grpc.server.port = 0 (default)
2019-10-10 00:00:32,862 [main] INFO  server.GrpcService (ConfUtils.java:logGet(43)) - raft.grpc.message.size.max = 33570816 (custom)
2019-10-10 00:00:32,862 [main] INFO  server.RaftServerConfigKeys (ConfUtils.java:logGet(43)) - raft.server.log.appender.buffer.byte-limit = 33554432 (custom)
2019-10-10 00:00:32,862 [main] INFO  server.GrpcService (ConfUtils.java:logGet(43)) - raft.grpc.flow.control.window = 1MB (=1048576) (default)
2019-10-10 00:00:32,862 [main] INFO  server.RaftServerConfigKeys (ConfUtils.java:logGet(43)) - raft.server.rpc.request.timeout = 3000ms (default)
2019-10-10 00:00:32,863 [main] INFO  server.RaftServerConfigKeys (ConfUtils.java:logGet(43)) - raft.server.storage.dir = [/workdir/hadoop-ozone/integration-test/target/test-dir/MiniOzoneClusterImpl-26e9f622-14fa-4607-9e54-b23a48ec8da2/datanode-2/data/ratis] (custom)
2019-10-10 00:00:32,864 [main] INFO  hdfs.DFSUtil (DFSUtil.java:httpServerTemplateForNNAndJN(1641)) - Starting Web-server for hddsDatanode at: http://0.0.0.0:0
2019-10-10 00:00:32,865 [main] INFO  server.AuthenticationFilter (AuthenticationFilter.java:constructSecretProvider(240)) - Unable to initialize FileSignerSecretProvider, falling back to use random secrets.
2019-10-10 00:00:32,865 [main] WARN  http.HttpRequestLog (HttpRequestLog.java:getRequestLog(97)) - Jetty request log can only be enabled using Log4j
2019-10-10 00:00:32,866 [main] INFO  http.HttpServer2 (HttpServer2.java:addGlobalFilter(975)) - Added global filter 'safety' (class=org.apache.hadoop.http.HttpServer2$QuotingInputFilter)
2019-10-10 00:00:32,867 [main] INFO  http.HttpServer2 (HttpServer2.java:addFilter(948)) - Added filter static_user_filter (class=org.apache.hadoop.http.lib.StaticUserWebFilter$StaticUserFilter) to context hddsDatanode
2019-10-10 00:00:32,867 [main] INFO  http.HttpServer2 (HttpServer2.java:addFilter(958)) - Added filter static_user_filter (class=org.apache.hadoop.http.lib.StaticUserWebFilter$StaticUserFilter) to context static
2019-10-10 00:00:32,867 [main] INFO  http.HttpServer2 (HttpServer2.java:addFilter(958)) - Added filter static_user_filter (class=org.apache.hadoop.http.lib.StaticUserWebFilter$StaticUserFilter) to context logs
2019-10-10 00:00:32,867 [main] INFO  http.HttpServer2 (HttpServer2.java:bindListener(1191)) - Jetty bound to port 39048
2019-10-10 00:00:32,868 [main] INFO  server.Server (Server.java:doStart(351)) - jetty-9.3.25.v20180904, build timestamp: 2018-09-04T21:11:46Z, git hash: 3ce520221d0240229c862b122d2b06c12a625732
2019-10-10 00:00:32,869 [main] INFO  handler.ContextHandler (ContextHandler.java:doStart(781)) - Started o.e.j.s.ServletContextHandler@2017f6e6{/logs,file:///workdir/hadoop-ozone/integration-test/target/log,AVAILABLE}
2019-10-10 00:00:32,869 [main] INFO  handler.ContextHandler (ContextHandler.java:doStart(781)) - Started o.e.j.s.ServletContextHandler@79ca7bea{/static,jar:file:/home/user/.m2/repository/org/apache/hadoop/hadoop-hdds-container-service/0.5.0-SNAPSHOT/hadoop-hdds-container-service-0.5.0-SNAPSHOT.jar!/webapps/static,AVAILABLE}
2019-10-10 00:00:32,897 [main] INFO  handler.ContextHandler (ContextHandler.java:doStart(781)) - Started o.e.j.w.WebAppContext@e3899fd{/,file:///tmp/jetty-0.0.0.0-39048-hddsDatanode-_-any-1190391434304673230.dir/webapp/,AVAILABLE}{/hddsDatanode}
2019-10-10 00:00:32,897 [main] INFO  server.AbstractConnector (AbstractConnector.java:doStart(278)) - Started ServerConnector@7d484fcd{HTTP/1.1,[http/1.1]}{0.0.0.0:39048}
2019-10-10 00:00:32,899 [main] INFO  server.Server (Server.java:doStart(419)) - Started @587117ms
2019-10-10 00:00:32,899 [main] WARN  impl.MetricsSystemImpl (MetricsSystemImpl.java:register(276)) - Sink prometheus already exists!
2019-10-10 00:00:32,900 [main] INFO  server.BaseHttpServer (BaseHttpServer.java:updateConnectorAddress(215)) - HTTP server of HDDSDATANODE is listening at http://0.0.0.0:39048
2019-10-10 00:00:32,900 [main] INFO  impl.MetricsSystemImpl (MetricsSystemImpl.java:init(158)) - HddsDatanode metrics system started (again)
2019-10-10 00:00:32,904 [org.apache.hadoop.util.JvmPauseMonitor$Monitor@485a255d] INFO  util.JvmPauseMonitor (JvmPauseMonitor.java:run(188)) - Starting JVM pause monitor
2019-10-10 00:00:32,904 [main] INFO  ozone.HddsDatanodeService (HddsDatanodeService.java:start(184)) - HddsDatanodeService host:pr-hdds-2266-b8s26-4239225152 ip:192.168.157.245
2019-10-10 00:00:32,905 [Datanode State Machine Thread - 0] INFO  datanode.InitDatanodeState (InitDatanodeState.java:persistContainerDatanodeDetails(140)) - DatanodeDetails is persisted to /workdir/hadoop-ozone/integration-test/target/test-dir/MiniOzoneClusterImpl-26e9f622-14fa-4607-9e54-b23a48ec8da2/datanode-2/meta/datanode.id
2019-10-10 00:00:32,911 [main] INFO  volume.HddsVolume (HddsVolume.java:<init>(176)) - Creating Volume: /workdir/hadoop-ozone/integration-test/target/test-dir/MiniOzoneClusterImpl-26e9f622-14fa-4607-9e54-b23a48ec8da2/datanode-3/data/containers/hdds of  storage type : DISK and capacity : 1482555576320
2019-10-10 00:00:32,911 [main] INFO  volume.VolumeSet (VolumeSet.java:initializeVolumeSet(170)) - Added Volume : /workdir/hadoop-ozone/integration-test/target/test-dir/MiniOzoneClusterImpl-26e9f622-14fa-4607-9e54-b23a48ec8da2/datanode-3/data/containers/hdds to VolumeSet
2019-10-10 00:00:32,911 [main] INFO  volume.ThrottledAsyncChecker (ThrottledAsyncChecker.java:schedule(141)) - Scheduling a check for org.apache.hadoop.ozone.container.common.volume.HddsVolume@c9b5a99
2019-10-10 00:00:32,912 [main] INFO  volume.HddsVolumeChecker (HddsVolumeChecker.java:checkAllVolumes(204)) - Scheduled health check for volume org.apache.hadoop.ozone.container.common.volume.HddsVolume@c9b5a99
2019-10-10 00:00:32,925 [main] INFO  impl.RaftServerProxy (ConfUtils.java:logGet(43)) - raft.rpc.type = GRPC (default)
2019-10-10 00:00:32,925 [main] INFO  grpc.GrpcFactory (GrpcFactory.java:checkPooledByteBufAllocatorUseCacheForAllThreads(45)) - PERFORMANCE WARNING: useCacheForAllThreads is true that may cause Netty to create a lot garbage objects and, as a result, trigger GC.
	It is recommended to disable useCacheForAllThreads by setting -Dorg.apache.ratis.thirdparty.io.netty.allocator.useCacheForAllThreads=false in command line.
2019-10-10 00:00:32,926 [main] INFO  grpc.GrpcConfigKeys$Server (ConfUtils.java:logGet(43)) - raft.grpc.server.port = 0 (default)
2019-10-10 00:00:32,926 [main] INFO  server.GrpcService (ConfUtils.java:logGet(43)) - raft.grpc.message.size.max = 33570816 (custom)
2019-10-10 00:00:32,926 [main] INFO  server.RaftServerConfigKeys (ConfUtils.java:logGet(43)) - raft.server.log.appender.buffer.byte-limit = 33554432 (custom)
2019-10-10 00:00:32,926 [main] INFO  server.GrpcService (ConfUtils.java:logGet(43)) - raft.grpc.flow.control.window = 1MB (=1048576) (default)
2019-10-10 00:00:32,926 [main] INFO  server.RaftServerConfigKeys (ConfUtils.java:logGet(43)) - raft.server.rpc.request.timeout = 3000ms (default)
2019-10-10 00:00:32,927 [main] INFO  server.RaftServerConfigKeys (ConfUtils.java:logGet(43)) - raft.server.storage.dir = [/workdir/hadoop-ozone/integration-test/target/test-dir/MiniOzoneClusterImpl-26e9f622-14fa-4607-9e54-b23a48ec8da2/datanode-3/data/ratis] (custom)
2019-10-10 00:00:32,928 [main] INFO  hdfs.DFSUtil (DFSUtil.java:httpServerTemplateForNNAndJN(1641)) - Starting Web-server for hddsDatanode at: http://0.0.0.0:0
2019-10-10 00:00:32,929 [main] INFO  server.AuthenticationFilter (AuthenticationFilter.java:constructSecretProvider(240)) - Unable to initialize FileSignerSecretProvider, falling back to use random secrets.
2019-10-10 00:00:32,929 [main] WARN  http.HttpRequestLog (HttpRequestLog.java:getRequestLog(97)) - Jetty request log can only be enabled using Log4j
2019-10-10 00:00:32,930 [main] INFO  http.HttpServer2 (HttpServer2.java:addGlobalFilter(975)) - Added global filter 'safety' (class=org.apache.hadoop.http.HttpServer2$QuotingInputFilter)
2019-10-10 00:00:32,931 [main] INFO  http.HttpServer2 (HttpServer2.java:addFilter(948)) - Added filter static_user_filter (class=org.apache.hadoop.http.lib.StaticUserWebFilter$StaticUserFilter) to context hddsDatanode
2019-10-10 00:00:32,931 [main] INFO  http.HttpServer2 (HttpServer2.java:addFilter(958)) - Added filter static_user_filter (class=org.apache.hadoop.http.lib.StaticUserWebFilter$StaticUserFilter) to context logs
2019-10-10 00:00:32,931 [main] INFO  http.HttpServer2 (HttpServer2.java:addFilter(958)) - Added filter static_user_filter (class=org.apache.hadoop.http.lib.StaticUserWebFilter$StaticUserFilter) to context static
2019-10-10 00:00:32,931 [main] INFO  http.HttpServer2 (HttpServer2.java:bindListener(1191)) - Jetty bound to port 40007
2019-10-10 00:00:32,932 [main] INFO  server.Server (Server.java:doStart(351)) - jetty-9.3.25.v20180904, build timestamp: 2018-09-04T21:11:46Z, git hash: 3ce520221d0240229c862b122d2b06c12a625732
2019-10-10 00:00:32,933 [main] INFO  handler.ContextHandler (ContextHandler.java:doStart(781)) - Started o.e.j.s.ServletContextHandler@56fda064{/logs,file:///workdir/hadoop-ozone/integration-test/target/log,AVAILABLE}
2019-10-10 00:00:32,933 [main] INFO  handler.ContextHandler (ContextHandler.java:doStart(781)) - Started o.e.j.s.ServletContextHandler@482f7af0{/static,jar:file:/home/user/.m2/repository/org/apache/hadoop/hadoop-hdds-container-service/0.5.0-SNAPSHOT/hadoop-hdds-container-service-0.5.0-SNAPSHOT.jar!/webapps/static,AVAILABLE}
2019-10-10 00:00:32,960 [main] INFO  handler.ContextHandler (ContextHandler.java:doStart(781)) - Started o.e.j.w.WebAppContext@2f09e6b2{/,file:///tmp/jetty-0.0.0.0-40007-hddsDatanode-_-any-8704553529031575790.dir/webapp/,AVAILABLE}{/hddsDatanode}
2019-10-10 00:00:32,961 [main] INFO  server.AbstractConnector (AbstractConnector.java:doStart(278)) - Started ServerConnector@1bee0085{HTTP/1.1,[http/1.1]}{0.0.0.0:40007}
2019-10-10 00:00:32,961 [main] INFO  server.Server (Server.java:doStart(419)) - Started @587179ms
2019-10-10 00:00:32,963 [main] WARN  impl.MetricsSystemImpl (MetricsSystemImpl.java:register(276)) - Sink prometheus already exists!
2019-10-10 00:00:32,963 [main] INFO  server.BaseHttpServer (BaseHttpServer.java:updateConnectorAddress(215)) - HTTP server of HDDSDATANODE is listening at http://0.0.0.0:40007
2019-10-10 00:00:32,964 [main] INFO  impl.MetricsSystemImpl (MetricsSystemImpl.java:init(158)) - HddsDatanode metrics system started (again)
2019-10-10 00:00:32,968 [org.apache.hadoop.util.JvmPauseMonitor$Monitor@31fb1914] INFO  util.JvmPauseMonitor (JvmPauseMonitor.java:run(188)) - Starting JVM pause monitor
2019-10-10 00:00:32,968 [main] INFO  ozone.HddsDatanodeService (HddsDatanodeService.java:start(184)) - HddsDatanodeService host:pr-hdds-2266-b8s26-4239225152 ip:192.168.157.245
2019-10-10 00:00:32,969 [Datanode State Machine Thread - 0] INFO  datanode.InitDatanodeState (InitDatanodeState.java:persistContainerDatanodeDetails(140)) - DatanodeDetails is persisted to /workdir/hadoop-ozone/integration-test/target/test-dir/MiniOzoneClusterImpl-26e9f622-14fa-4607-9e54-b23a48ec8da2/datanode-3/meta/datanode.id
2019-10-10 00:00:32,974 [main] INFO  volume.HddsVolume (HddsVolume.java:<init>(176)) - Creating Volume: /workdir/hadoop-ozone/integration-test/target/test-dir/MiniOzoneClusterImpl-26e9f622-14fa-4607-9e54-b23a48ec8da2/datanode-4/data/containers/hdds of  storage type : DISK and capacity : 1482555576320
2019-10-10 00:00:32,975 [main] INFO  volume.VolumeSet (VolumeSet.java:initializeVolumeSet(170)) - Added Volume : /workdir/hadoop-ozone/integration-test/target/test-dir/MiniOzoneClusterImpl-26e9f622-14fa-4607-9e54-b23a48ec8da2/datanode-4/data/containers/hdds to VolumeSet
2019-10-10 00:00:32,975 [main] INFO  volume.ThrottledAsyncChecker (ThrottledAsyncChecker.java:schedule(141)) - Scheduling a check for org.apache.hadoop.ozone.container.common.volume.HddsVolume@5329f6b3
2019-10-10 00:00:32,975 [main] INFO  volume.HddsVolumeChecker (HddsVolumeChecker.java:checkAllVolumes(204)) - Scheduled health check for volume org.apache.hadoop.ozone.container.common.volume.HddsVolume@5329f6b3
2019-10-10 00:00:32,989 [main] INFO  impl.RaftServerProxy (ConfUtils.java:logGet(43)) - raft.rpc.type = GRPC (default)
2019-10-10 00:00:32,989 [main] INFO  grpc.GrpcFactory (GrpcFactory.java:checkPooledByteBufAllocatorUseCacheForAllThreads(45)) - PERFORMANCE WARNING: useCacheForAllThreads is true that may cause Netty to create a lot garbage objects and, as a result, trigger GC.
	It is recommended to disable useCacheForAllThreads by setting -Dorg.apache.ratis.thirdparty.io.netty.allocator.useCacheForAllThreads=false in command line.
2019-10-10 00:00:32,989 [main] INFO  grpc.GrpcConfigKeys$Server (ConfUtils.java:logGet(43)) - raft.grpc.server.port = 0 (default)
2019-10-10 00:00:32,989 [main] INFO  server.GrpcService (ConfUtils.java:logGet(43)) - raft.grpc.message.size.max = 33570816 (custom)
2019-10-10 00:00:32,989 [main] INFO  server.RaftServerConfigKeys (ConfUtils.java:logGet(43)) - raft.server.log.appender.buffer.byte-limit = 33554432 (custom)
2019-10-10 00:00:32,990 [main] INFO  server.GrpcService (ConfUtils.java:logGet(43)) - raft.grpc.flow.control.window = 1MB (=1048576) (default)
2019-10-10 00:00:32,990 [main] INFO  server.RaftServerConfigKeys (ConfUtils.java:logGet(43)) - raft.server.rpc.request.timeout = 3000ms (default)
2019-10-10 00:00:32,990 [main] INFO  server.RaftServerConfigKeys (ConfUtils.java:logGet(43)) - raft.server.storage.dir = [/workdir/hadoop-ozone/integration-test/target/test-dir/MiniOzoneClusterImpl-26e9f622-14fa-4607-9e54-b23a48ec8da2/datanode-4/data/ratis] (custom)
2019-10-10 00:00:32,991 [main] INFO  hdfs.DFSUtil (DFSUtil.java:httpServerTemplateForNNAndJN(1641)) - Starting Web-server for hddsDatanode at: http://0.0.0.0:0
2019-10-10 00:00:32,993 [main] INFO  server.AuthenticationFilter (AuthenticationFilter.java:constructSecretProvider(240)) - Unable to initialize FileSignerSecretProvider, falling back to use random secrets.
2019-10-10 00:00:32,993 [main] WARN  http.HttpRequestLog (HttpRequestLog.java:getRequestLog(97)) - Jetty request log can only be enabled using Log4j
2019-10-10 00:00:32,994 [main] INFO  http.HttpServer2 (HttpServer2.java:addGlobalFilter(975)) - Added global filter 'safety' (class=org.apache.hadoop.http.HttpServer2$QuotingInputFilter)
2019-10-10 00:00:32,995 [main] INFO  http.HttpServer2 (HttpServer2.java:addFilter(948)) - Added filter static_user_filter (class=org.apache.hadoop.http.lib.StaticUserWebFilter$StaticUserFilter) to context hddsDatanode
2019-10-10 00:00:32,995 [main] INFO  http.HttpServer2 (HttpServer2.java:addFilter(958)) - Added filter static_user_filter (class=org.apache.hadoop.http.lib.StaticUserWebFilter$StaticUserFilter) to context static
2019-10-10 00:00:32,995 [main] INFO  http.HttpServer2 (HttpServer2.java:addFilter(958)) - Added filter static_user_filter (class=org.apache.hadoop.http.lib.StaticUserWebFilter$StaticUserFilter) to context logs
2019-10-10 00:00:32,996 [main] INFO  http.HttpServer2 (HttpServer2.java:bindListener(1191)) - Jetty bound to port 33738
2019-10-10 00:00:32,996 [main] INFO  server.Server (Server.java:doStart(351)) - jetty-9.3.25.v20180904, build timestamp: 2018-09-04T21:11:46Z, git hash: 3ce520221d0240229c862b122d2b06c12a625732
2019-10-10 00:00:32,998 [main] INFO  handler.ContextHandler (ContextHandler.java:doStart(781)) - Started o.e.j.s.ServletContextHandler@2e0ad709{/logs,file:///workdir/hadoop-ozone/integration-test/target/log,AVAILABLE}
2019-10-10 00:00:32,998 [main] INFO  handler.ContextHandler (ContextHandler.java:doStart(781)) - Started o.e.j.s.ServletContextHandler@39449465{/static,jar:file:/home/user/.m2/repository/org/apache/hadoop/hadoop-hdds-container-service/0.5.0-SNAPSHOT/hadoop-hdds-container-service-0.5.0-SNAPSHOT.jar!/webapps/static,AVAILABLE}
2019-10-10 00:00:33,027 [main] INFO  handler.ContextHandler (ContextHandler.java:doStart(781)) - Started o.e.j.w.WebAppContext@6d6cd1e0{/,file:///tmp/jetty-0.0.0.0-33738-hddsDatanode-_-any-5894826295790834995.dir/webapp/,AVAILABLE}{/hddsDatanode}
2019-10-10 00:00:33,028 [main] INFO  server.AbstractConnector (AbstractConnector.java:doStart(278)) - Started ServerConnector@76a9a009{HTTP/1.1,[http/1.1]}{0.0.0.0:33738}
2019-10-10 00:00:33,028 [main] INFO  server.Server (Server.java:doStart(419)) - Started @587246ms
2019-10-10 00:00:33,029 [main] WARN  impl.MetricsSystemImpl (MetricsSystemImpl.java:register(276)) - Sink prometheus already exists!
2019-10-10 00:00:33,030 [main] INFO  server.BaseHttpServer (BaseHttpServer.java:updateConnectorAddress(215)) - HTTP server of HDDSDATANODE is listening at http://0.0.0.0:33738
2019-10-10 00:00:33,030 [main] INFO  impl.MetricsSystemImpl (MetricsSystemImpl.java:init(158)) - HddsDatanode metrics system started (again)
2019-10-10 00:00:33,035 [org.apache.hadoop.util.JvmPauseMonitor$Monitor@51a277e0] INFO  util.JvmPauseMonitor (JvmPauseMonitor.java:run(188)) - Starting JVM pause monitor
2019-10-10 00:00:33,035 [main] INFO  ozone.HddsDatanodeService (HddsDatanodeService.java:start(184)) - HddsDatanodeService host:pr-hdds-2266-b8s26-4239225152 ip:192.168.157.245
2019-10-10 00:00:33,036 [Datanode State Machine Thread - 0] INFO  datanode.InitDatanodeState (InitDatanodeState.java:persistContainerDatanodeDetails(140)) - DatanodeDetails is persisted to /workdir/hadoop-ozone/integration-test/target/test-dir/MiniOzoneClusterImpl-26e9f622-14fa-4607-9e54-b23a48ec8da2/datanode-4/meta/datanode.id
2019-10-10 00:00:33,041 [main] INFO  volume.HddsVolume (HddsVolume.java:<init>(176)) - Creating Volume: /workdir/hadoop-ozone/integration-test/target/test-dir/MiniOzoneClusterImpl-26e9f622-14fa-4607-9e54-b23a48ec8da2/datanode-5/data/containers/hdds of  storage type : DISK and capacity : 1482555576320
2019-10-10 00:00:33,041 [main] INFO  volume.VolumeSet (VolumeSet.java:initializeVolumeSet(170)) - Added Volume : /workdir/hadoop-ozone/integration-test/target/test-dir/MiniOzoneClusterImpl-26e9f622-14fa-4607-9e54-b23a48ec8da2/datanode-5/data/containers/hdds to VolumeSet
2019-10-10 00:00:33,041 [main] INFO  volume.ThrottledAsyncChecker (ThrottledAsyncChecker.java:schedule(141)) - Scheduling a check for org.apache.hadoop.ozone.container.common.volume.HddsVolume@2a99ca99
2019-10-10 00:00:33,042 [main] INFO  volume.HddsVolumeChecker (HddsVolumeChecker.java:checkAllVolumes(204)) - Scheduled health check for volume org.apache.hadoop.ozone.container.common.volume.HddsVolume@2a99ca99
2019-10-10 00:00:33,059 [main] INFO  impl.RaftServerProxy (ConfUtils.java:logGet(43)) - raft.rpc.type = GRPC (default)
2019-10-10 00:00:33,059 [main] INFO  grpc.GrpcFactory (GrpcFactory.java:checkPooledByteBufAllocatorUseCacheForAllThreads(45)) - PERFORMANCE WARNING: useCacheForAllThreads is true that may cause Netty to create a lot garbage objects and, as a result, trigger GC.
	It is recommended to disable useCacheForAllThreads by setting -Dorg.apache.ratis.thirdparty.io.netty.allocator.useCacheForAllThreads=false in command line.
2019-10-10 00:00:33,059 [main] INFO  grpc.GrpcConfigKeys$Server (ConfUtils.java:logGet(43)) - raft.grpc.server.port = 0 (default)
2019-10-10 00:00:33,059 [main] INFO  server.GrpcService (ConfUtils.java:logGet(43)) - raft.grpc.message.size.max = 33570816 (custom)
2019-10-10 00:00:33,060 [main] INFO  server.RaftServerConfigKeys (ConfUtils.java:logGet(43)) - raft.server.log.appender.buffer.byte-limit = 33554432 (custom)
2019-10-10 00:00:33,060 [main] INFO  server.GrpcService (ConfUtils.java:logGet(43)) - raft.grpc.flow.control.window = 1MB (=1048576) (default)
2019-10-10 00:00:33,060 [main] INFO  server.RaftServerConfigKeys (ConfUtils.java:logGet(43)) - raft.server.rpc.request.timeout = 3000ms (default)
2019-10-10 00:00:33,061 [main] INFO  server.RaftServerConfigKeys (ConfUtils.java:logGet(43)) - raft.server.storage.dir = [/workdir/hadoop-ozone/integration-test/target/test-dir/MiniOzoneClusterImpl-26e9f622-14fa-4607-9e54-b23a48ec8da2/datanode-5/data/ratis] (custom)
2019-10-10 00:00:33,062 [main] INFO  hdfs.DFSUtil (DFSUtil.java:httpServerTemplateForNNAndJN(1641)) - Starting Web-server for hddsDatanode at: http://0.0.0.0:0
2019-10-10 00:00:33,064 [main] INFO  server.AuthenticationFilter (AuthenticationFilter.java:constructSecretProvider(240)) - Unable to initialize FileSignerSecretProvider, falling back to use random secrets.
2019-10-10 00:00:33,064 [main] WARN  http.HttpRequestLog (HttpRequestLog.java:getRequestLog(97)) - Jetty request log can only be enabled using Log4j
2019-10-10 00:00:33,066 [main] INFO  http.HttpServer2 (HttpServer2.java:addGlobalFilter(975)) - Added global filter 'safety' (class=org.apache.hadoop.http.HttpServer2$QuotingInputFilter)
2019-10-10 00:00:33,066 [main] INFO  http.HttpServer2 (HttpServer2.java:addFilter(948)) - Added filter static_user_filter (class=org.apache.hadoop.http.lib.StaticUserWebFilter$StaticUserFilter) to context hddsDatanode
2019-10-10 00:00:33,066 [main] INFO  http.HttpServer2 (HttpServer2.java:addFilter(958)) - Added filter static_user_filter (class=org.apache.hadoop.http.lib.StaticUserWebFilter$StaticUserFilter) to context logs
2019-10-10 00:00:33,067 [main] INFO  http.HttpServer2 (HttpServer2.java:addFilter(958)) - Added filter static_user_filter (class=org.apache.hadoop.http.lib.StaticUserWebFilter$StaticUserFilter) to context static
2019-10-10 00:00:33,067 [main] INFO  http.HttpServer2 (HttpServer2.java:bindListener(1191)) - Jetty bound to port 39392
2019-10-10 00:00:33,067 [main] INFO  server.Server (Server.java:doStart(351)) - jetty-9.3.25.v20180904, build timestamp: 2018-09-04T21:11:46Z, git hash: 3ce520221d0240229c862b122d2b06c12a625732
2019-10-10 00:00:33,069 [main] INFO  handler.ContextHandler (ContextHandler.java:doStart(781)) - Started o.e.j.s.ServletContextHandler@79cb8ffa{/logs,file:///workdir/hadoop-ozone/integration-test/target/log,AVAILABLE}
2019-10-10 00:00:33,069 [main] INFO  handler.ContextHandler (ContextHandler.java:doStart(781)) - Started o.e.j.s.ServletContextHandler@5b066c33{/static,jar:file:/home/user/.m2/repository/org/apache/hadoop/hadoop-hdds-container-service/0.5.0-SNAPSHOT/hadoop-hdds-container-service-0.5.0-SNAPSHOT.jar!/webapps/static,AVAILABLE}
2019-10-10 00:00:33,104 [main] INFO  handler.ContextHandler (ContextHandler.java:doStart(781)) - Started o.e.j.w.WebAppContext@77c66a4f{/,file:///tmp/jetty-0.0.0.0-39392-hddsDatanode-_-any-7049113660707015061.dir/webapp/,AVAILABLE}{/hddsDatanode}
2019-10-10 00:00:33,105 [main] INFO  server.AbstractConnector (AbstractConnector.java:doStart(278)) - Started ServerConnector@649b5891{HTTP/1.1,[http/1.1]}{0.0.0.0:39392}
2019-10-10 00:00:33,107 [main] INFO  server.Server (Server.java:doStart(419)) - Started @587324ms
2019-10-10 00:00:33,107 [main] WARN  impl.MetricsSystemImpl (MetricsSystemImpl.java:register(276)) - Sink prometheus already exists!
2019-10-10 00:00:33,107 [main] INFO  server.BaseHttpServer (BaseHttpServer.java:updateConnectorAddress(215)) - HTTP server of HDDSDATANODE is listening at http://0.0.0.0:39392
2019-10-10 00:00:33,108 [main] INFO  impl.MetricsSystemImpl (MetricsSystemImpl.java:init(158)) - HddsDatanode metrics system started (again)
2019-10-10 00:00:33,113 [org.apache.hadoop.util.JvmPauseMonitor$Monitor@62ceefb8] INFO  util.JvmPauseMonitor (JvmPauseMonitor.java:run(188)) - Starting JVM pause monitor
2019-10-10 00:00:33,114 [main] INFO  ozone.HddsDatanodeService (HddsDatanodeService.java:start(184)) - HddsDatanodeService host:pr-hdds-2266-b8s26-4239225152 ip:192.168.157.245
2019-10-10 00:00:33,114 [Datanode State Machine Thread - 0] INFO  datanode.InitDatanodeState (InitDatanodeState.java:persistContainerDatanodeDetails(140)) - DatanodeDetails is persisted to /workdir/hadoop-ozone/integration-test/target/test-dir/MiniOzoneClusterImpl-26e9f622-14fa-4607-9e54-b23a48ec8da2/datanode-5/meta/datanode.id
2019-10-10 00:00:33,121 [main] INFO  volume.HddsVolume (HddsVolume.java:<init>(176)) - Creating Volume: /workdir/hadoop-ozone/integration-test/target/test-dir/MiniOzoneClusterImpl-26e9f622-14fa-4607-9e54-b23a48ec8da2/datanode-6/data/containers/hdds of  storage type : DISK and capacity : 1482555576320
2019-10-10 00:00:33,121 [main] INFO  volume.VolumeSet (VolumeSet.java:initializeVolumeSet(170)) - Added Volume : /workdir/hadoop-ozone/integration-test/target/test-dir/MiniOzoneClusterImpl-26e9f622-14fa-4607-9e54-b23a48ec8da2/datanode-6/data/containers/hdds to VolumeSet
2019-10-10 00:00:33,121 [main] INFO  volume.ThrottledAsyncChecker (ThrottledAsyncChecker.java:schedule(141)) - Scheduling a check for org.apache.hadoop.ozone.container.common.volume.HddsVolume@62cf6a84
2019-10-10 00:00:33,122 [main] INFO  volume.HddsVolumeChecker (HddsVolumeChecker.java:checkAllVolumes(204)) - Scheduled health check for volume org.apache.hadoop.ozone.container.common.volume.HddsVolume@62cf6a84
2019-10-10 00:00:33,137 [main] INFO  impl.RaftServerProxy (ConfUtils.java:logGet(43)) - raft.rpc.type = GRPC (default)
2019-10-10 00:00:33,138 [main] INFO  grpc.GrpcFactory (GrpcFactory.java:checkPooledByteBufAllocatorUseCacheForAllThreads(45)) - PERFORMANCE WARNING: useCacheForAllThreads is true that may cause Netty to create a lot garbage objects and, as a result, trigger GC.
	It is recommended to disable useCacheForAllThreads by setting -Dorg.apache.ratis.thirdparty.io.netty.allocator.useCacheForAllThreads=false in command line.
2019-10-10 00:00:33,138 [main] INFO  grpc.GrpcConfigKeys$Server (ConfUtils.java:logGet(43)) - raft.grpc.server.port = 0 (default)
2019-10-10 00:00:33,138 [main] INFO  server.GrpcService (ConfUtils.java:logGet(43)) - raft.grpc.message.size.max = 33570816 (custom)
2019-10-10 00:00:33,138 [main] INFO  server.RaftServerConfigKeys (ConfUtils.java:logGet(43)) - raft.server.log.appender.buffer.byte-limit = 33554432 (custom)
2019-10-10 00:00:33,139 [main] INFO  server.GrpcService (ConfUtils.java:logGet(43)) - raft.grpc.flow.control.window = 1MB (=1048576) (default)
2019-10-10 00:00:33,139 [main] INFO  server.RaftServerConfigKeys (ConfUtils.java:logGet(43)) - raft.server.rpc.request.timeout = 3000ms (default)
2019-10-10 00:00:33,139 [main] INFO  server.RaftServerConfigKeys (ConfUtils.java:logGet(43)) - raft.server.storage.dir = [/workdir/hadoop-ozone/integration-test/target/test-dir/MiniOzoneClusterImpl-26e9f622-14fa-4607-9e54-b23a48ec8da2/datanode-6/data/ratis] (custom)
2019-10-10 00:00:33,140 [main] INFO  hdfs.DFSUtil (DFSUtil.java:httpServerTemplateForNNAndJN(1641)) - Starting Web-server for hddsDatanode at: http://0.0.0.0:0
2019-10-10 00:00:33,142 [main] INFO  server.AuthenticationFilter (AuthenticationFilter.java:constructSecretProvider(240)) - Unable to initialize FileSignerSecretProvider, falling back to use random secrets.
2019-10-10 00:00:33,142 [main] WARN  http.HttpRequestLog (HttpRequestLog.java:getRequestLog(97)) - Jetty request log can only be enabled using Log4j
2019-10-10 00:00:33,144 [main] INFO  http.HttpServer2 (HttpServer2.java:addGlobalFilter(975)) - Added global filter 'safety' (class=org.apache.hadoop.http.HttpServer2$QuotingInputFilter)
2019-10-10 00:00:33,145 [main] INFO  http.HttpServer2 (HttpServer2.java:addFilter(948)) - Added filter static_user_filter (class=org.apache.hadoop.http.lib.StaticUserWebFilter$StaticUserFilter) to context hddsDatanode
2019-10-10 00:00:33,145 [main] INFO  http.HttpServer2 (HttpServer2.java:addFilter(958)) - Added filter static_user_filter (class=org.apache.hadoop.http.lib.StaticUserWebFilter$StaticUserFilter) to context logs
2019-10-10 00:00:33,145 [main] INFO  http.HttpServer2 (HttpServer2.java:addFilter(958)) - Added filter static_user_filter (class=org.apache.hadoop.http.lib.StaticUserWebFilter$StaticUserFilter) to context static
2019-10-10 00:00:33,146 [main] INFO  http.HttpServer2 (HttpServer2.java:bindListener(1191)) - Jetty bound to port 38565
2019-10-10 00:00:33,146 [main] INFO  server.Server (Server.java:doStart(351)) - jetty-9.3.25.v20180904, build timestamp: 2018-09-04T21:11:46Z, git hash: 3ce520221d0240229c862b122d2b06c12a625732
2019-10-10 00:00:33,147 [main] INFO  handler.ContextHandler (ContextHandler.java:doStart(781)) - Started o.e.j.s.ServletContextHandler@31881aa2{/logs,file:///workdir/hadoop-ozone/integration-test/target/log,AVAILABLE}
2019-10-10 00:00:33,147 [main] INFO  handler.ContextHandler (ContextHandler.java:doStart(781)) - Started o.e.j.s.ServletContextHandler@cf01c2e{/static,jar:file:/home/user/.m2/repository/org/apache/hadoop/hadoop-hdds-container-service/0.5.0-SNAPSHOT/hadoop-hdds-container-service-0.5.0-SNAPSHOT.jar!/webapps/static,AVAILABLE}
2019-10-10 00:00:33,189 [main] INFO  handler.ContextHandler (ContextHandler.java:doStart(781)) - Started o.e.j.w.WebAppContext@68e5c7ae{/,file:///tmp/jetty-0.0.0.0-38565-hddsDatanode-_-any-1102162749814887676.dir/webapp/,AVAILABLE}{/hddsDatanode}
2019-10-10 00:00:33,190 [main] INFO  server.AbstractConnector (AbstractConnector.java:doStart(278)) - Started ServerConnector@68bd8ca7{HTTP/1.1,[http/1.1]}{0.0.0.0:38565}
2019-10-10 00:00:33,196 [main] INFO  server.Server (Server.java:doStart(419)) - Started @587414ms
2019-10-10 00:00:33,196 [main] WARN  impl.MetricsSystemImpl (MetricsSystemImpl.java:register(276)) - Sink prometheus already exists!
2019-10-10 00:00:33,197 [main] INFO  server.BaseHttpServer (BaseHttpServer.java:updateConnectorAddress(215)) - HTTP server of HDDSDATANODE is listening at http://0.0.0.0:38565
2019-10-10 00:00:33,197 [main] INFO  ozone.MiniOzoneClusterImpl (MiniOzoneClusterImpl.java:lambda$waitForClusterToBeReady$0(147)) - Waiting for cluster to be ready. Got 0 of 7 DN Heartbeats.
2019-10-10 00:00:33,199 [org.apache.hadoop.util.JvmPauseMonitor$Monitor@4d70917e] INFO  util.JvmPauseMonitor (JvmPauseMonitor.java:run(188)) - Starting JVM pause monitor
2019-10-10 00:00:33,200 [Datanode State Machine Thread - 0] INFO  datanode.InitDatanodeState (InitDatanodeState.java:persistContainerDatanodeDetails(140)) - DatanodeDetails is persisted to /workdir/hadoop-ozone/integration-test/target/test-dir/MiniOzoneClusterImpl-26e9f622-14fa-4607-9e54-b23a48ec8da2/datanode-6/meta/datanode.id
2019-10-10 00:00:34,198 [main] INFO  ozone.MiniOzoneClusterImpl (MiniOzoneClusterImpl.java:lambda$waitForClusterToBeReady$0(147)) - Waiting for cluster to be ready. Got 0 of 7 DN Heartbeats.
2019-10-10 00:00:34,815 [Datanode State Machine Thread - 0] INFO  ozoneimpl.OzoneContainer (OzoneContainer.java:start(213)) - Attempting to start container services.
2019-10-10 00:00:34,815 [Datanode State Machine Thread - 0] INFO  ozoneimpl.OzoneContainer (OzoneContainer.java:startContainerScrub(177)) - Background container scanner has been disabled.
2019-10-10 00:00:34,816 [Datanode State Machine Thread - 0] INFO  ratis.XceiverServerRatis (XceiverServerRatis.java:start(418)) - Starting XceiverServerRatis eda76c84-8d1f-4853-b180-ea76f8b0e08a at port 0
2019-10-10 00:00:34,822 [Datanode State Machine Thread - 0] INFO  impl.RaftServerProxy (RaftServerProxy.java:lambda$start$3(299)) - eda76c84-8d1f-4853-b180-ea76f8b0e08a: start RPC server
2019-10-10 00:00:34,826 [Datanode State Machine Thread - 0] INFO  server.GrpcService (GrpcService.java:startImpl(158)) - eda76c84-8d1f-4853-b180-ea76f8b0e08a: GrpcService started, listening on 0.0.0.0/0.0.0.0:39224
2019-10-10 00:00:34,826 [Datanode State Machine Thread - 0] INFO  ratis.XceiverServerRatis (XceiverServerRatis.java:start(428)) - XceiverServerRatis eda76c84-8d1f-4853-b180-ea76f8b0e08a is started using port 39224
2019-10-10 00:00:34,828 [Datanode State Machine Thread - 0] INFO  server.XceiverServerGrpc (XceiverServerGrpc.java:start(149)) - XceiverServerGrpc eda76c84-8d1f-4853-b180-ea76f8b0e08a is started using port 46697
2019-10-10 00:00:34,849 [Datanode State Machine Thread - 0] INFO  ozoneimpl.OzoneContainer (OzoneContainer.java:start(213)) - Attempting to start container services.
2019-10-10 00:00:34,850 [Datanode State Machine Thread - 0] INFO  ozoneimpl.OzoneContainer (OzoneContainer.java:startContainerScrub(177)) - Background container scanner has been disabled.
2019-10-10 00:00:34,850 [Datanode State Machine Thread - 0] INFO  ratis.XceiverServerRatis (XceiverServerRatis.java:start(418)) - Starting XceiverServerRatis f5c6cedc-5e2f-4b88-839f-eb18816aa586 at port 0
2019-10-10 00:00:34,856 [Datanode State Machine Thread - 0] INFO  impl.RaftServerProxy (RaftServerProxy.java:lambda$start$3(299)) - f5c6cedc-5e2f-4b88-839f-eb18816aa586: start RPC server
2019-10-10 00:00:34,858 [Datanode State Machine Thread - 0] INFO  server.GrpcService (GrpcService.java:startImpl(158)) - f5c6cedc-5e2f-4b88-839f-eb18816aa586: GrpcService started, listening on 0.0.0.0/0.0.0.0:42381
2019-10-10 00:00:34,858 [Datanode State Machine Thread - 0] INFO  ratis.XceiverServerRatis (XceiverServerRatis.java:start(428)) - XceiverServerRatis f5c6cedc-5e2f-4b88-839f-eb18816aa586 is started using port 42381
2019-10-10 00:00:34,860 [Datanode State Machine Thread - 0] INFO  server.XceiverServerGrpc (XceiverServerGrpc.java:start(149)) - XceiverServerGrpc f5c6cedc-5e2f-4b88-839f-eb18816aa586 is started using port 35907
2019-10-10 00:00:34,917 [Datanode State Machine Thread - 0] INFO  ozoneimpl.OzoneContainer (OzoneContainer.java:start(213)) - Attempting to start container services.
2019-10-10 00:00:34,917 [Datanode State Machine Thread - 0] INFO  ozoneimpl.OzoneContainer (OzoneContainer.java:startContainerScrub(177)) - Background container scanner has been disabled.
2019-10-10 00:00:34,917 [Datanode State Machine Thread - 0] INFO  ratis.XceiverServerRatis (XceiverServerRatis.java:start(418)) - Starting XceiverServerRatis 10712198-501a-4bd0-b522-e21629ca693c at port 0
2019-10-10 00:00:34,925 [Datanode State Machine Thread - 0] INFO  impl.RaftServerProxy (RaftServerProxy.java:lambda$start$3(299)) - 10712198-501a-4bd0-b522-e21629ca693c: start RPC server
2019-10-10 00:00:34,928 [Datanode State Machine Thread - 0] INFO  server.GrpcService (GrpcService.java:startImpl(158)) - 10712198-501a-4bd0-b522-e21629ca693c: GrpcService started, listening on 0.0.0.0/0.0.0.0:36343
2019-10-10 00:00:34,928 [Datanode State Machine Thread - 0] INFO  ratis.XceiverServerRatis (XceiverServerRatis.java:start(428)) - XceiverServerRatis 10712198-501a-4bd0-b522-e21629ca693c is started using port 36343
2019-10-10 00:00:34,930 [Datanode State Machine Thread - 0] INFO  server.XceiverServerGrpc (XceiverServerGrpc.java:start(149)) - XceiverServerGrpc 10712198-501a-4bd0-b522-e21629ca693c is started using port 38936
2019-10-10 00:00:34,979 [Datanode State Machine Thread - 0] INFO  ozoneimpl.OzoneContainer (OzoneContainer.java:start(213)) - Attempting to start container services.
2019-10-10 00:00:34,979 [Datanode State Machine Thread - 0] INFO  ozoneimpl.OzoneContainer (OzoneContainer.java:startContainerScrub(177)) - Background container scanner has been disabled.
2019-10-10 00:00:34,979 [Datanode State Machine Thread - 0] INFO  ratis.XceiverServerRatis (XceiverServerRatis.java:start(418)) - Starting XceiverServerRatis 46c08da4-c4c9-4c47-95e8-a0ff6dbbc692 at port 0
2019-10-10 00:00:34,986 [Datanode State Machine Thread - 0] INFO  impl.RaftServerProxy (RaftServerProxy.java:lambda$start$3(299)) - 46c08da4-c4c9-4c47-95e8-a0ff6dbbc692: start RPC server
2019-10-10 00:00:34,987 [Datanode State Machine Thread - 0] INFO  server.GrpcService (GrpcService.java:startImpl(158)) - 46c08da4-c4c9-4c47-95e8-a0ff6dbbc692: GrpcService started, listening on 0.0.0.0/0.0.0.0:37207
2019-10-10 00:00:34,987 [Datanode State Machine Thread - 0] INFO  ratis.XceiverServerRatis (XceiverServerRatis.java:start(428)) - XceiverServerRatis 46c08da4-c4c9-4c47-95e8-a0ff6dbbc692 is started using port 37207
2019-10-10 00:00:34,987 [Datanode State Machine Thread - 0] INFO  server.XceiverServerGrpc (XceiverServerGrpc.java:start(149)) - XceiverServerGrpc 46c08da4-c4c9-4c47-95e8-a0ff6dbbc692 is started using port 41226
2019-10-10 00:00:35,047 [Datanode State Machine Thread - 0] INFO  ozoneimpl.OzoneContainer (OzoneContainer.java:start(213)) - Attempting to start container services.
2019-10-10 00:00:35,048 [Datanode State Machine Thread - 0] INFO  ozoneimpl.OzoneContainer (OzoneContainer.java:startContainerScrub(177)) - Background container scanner has been disabled.
2019-10-10 00:00:35,048 [Datanode State Machine Thread - 0] INFO  ratis.XceiverServerRatis (XceiverServerRatis.java:start(418)) - Starting XceiverServerRatis f7263369-3513-4a4c-970a-cf6ede1fc488 at port 0
2019-10-10 00:00:35,055 [Datanode State Machine Thread - 0] INFO  impl.RaftServerProxy (RaftServerProxy.java:lambda$start$3(299)) - f7263369-3513-4a4c-970a-cf6ede1fc488: start RPC server
2019-10-10 00:00:35,055 [Datanode State Machine Thread - 0] INFO  server.GrpcService (GrpcService.java:startImpl(158)) - f7263369-3513-4a4c-970a-cf6ede1fc488: GrpcService started, listening on 0.0.0.0/0.0.0.0:45935
2019-10-10 00:00:35,056 [Datanode State Machine Thread - 0] INFO  ratis.XceiverServerRatis (XceiverServerRatis.java:start(428)) - XceiverServerRatis f7263369-3513-4a4c-970a-cf6ede1fc488 is started using port 45935
2019-10-10 00:00:35,056 [Datanode State Machine Thread - 0] INFO  server.XceiverServerGrpc (XceiverServerGrpc.java:start(149)) - XceiverServerGrpc f7263369-3513-4a4c-970a-cf6ede1fc488 is started using port 42880
2019-10-10 00:00:35,122 [Datanode State Machine Thread - 0] INFO  ozoneimpl.OzoneContainer (OzoneContainer.java:start(213)) - Attempting to start container services.
2019-10-10 00:00:35,122 [Datanode State Machine Thread - 0] INFO  ozoneimpl.OzoneContainer (OzoneContainer.java:startContainerScrub(177)) - Background container scanner has been disabled.
2019-10-10 00:00:35,122 [Datanode State Machine Thread - 0] INFO  ratis.XceiverServerRatis (XceiverServerRatis.java:start(418)) - Starting XceiverServerRatis af68696b-9559-4489-94b7-1ded23028e6c at port 0
2019-10-10 00:00:35,130 [Datanode State Machine Thread - 0] INFO  impl.RaftServerProxy (RaftServerProxy.java:lambda$start$3(299)) - af68696b-9559-4489-94b7-1ded23028e6c: start RPC server
2019-10-10 00:00:35,134 [Datanode State Machine Thread - 0] INFO  server.GrpcService (GrpcService.java:startImpl(158)) - af68696b-9559-4489-94b7-1ded23028e6c: GrpcService started, listening on 0.0.0.0/0.0.0.0:42194
2019-10-10 00:00:35,134 [Datanode State Machine Thread - 0] INFO  ratis.XceiverServerRatis (XceiverServerRatis.java:start(428)) - XceiverServerRatis af68696b-9559-4489-94b7-1ded23028e6c is started using port 42194
2019-10-10 00:00:35,134 [Datanode State Machine Thread - 0] INFO  server.XceiverServerGrpc (XceiverServerGrpc.java:start(149)) - XceiverServerGrpc af68696b-9559-4489-94b7-1ded23028e6c is started using port 45666
2019-10-10 00:00:35,198 [main] INFO  ozone.MiniOzoneClusterImpl (MiniOzoneClusterImpl.java:lambda$waitForClusterToBeReady$0(147)) - Waiting for cluster to be ready. Got 0 of 7 DN Heartbeats.
2019-10-10 00:00:35,217 [Datanode State Machine Thread - 0] INFO  ozoneimpl.OzoneContainer (OzoneContainer.java:start(213)) - Attempting to start container services.
2019-10-10 00:00:35,218 [Datanode State Machine Thread - 0] INFO  ozoneimpl.OzoneContainer (OzoneContainer.java:startContainerScrub(177)) - Background container scanner has been disabled.
2019-10-10 00:00:35,218 [Datanode State Machine Thread - 0] INFO  ratis.XceiverServerRatis (XceiverServerRatis.java:start(418)) - Starting XceiverServerRatis 28025bb6-580e-4c2f-93a5-9d4edc4937f3 at port 0
2019-10-10 00:00:35,225 [Datanode State Machine Thread - 0] INFO  impl.RaftServerProxy (RaftServerProxy.java:lambda$start$3(299)) - 28025bb6-580e-4c2f-93a5-9d4edc4937f3: start RPC server
2019-10-10 00:00:35,236 [Datanode State Machine Thread - 0] INFO  server.GrpcService (GrpcService.java:startImpl(158)) - 28025bb6-580e-4c2f-93a5-9d4edc4937f3: GrpcService started, listening on 0.0.0.0/0.0.0.0:35290
2019-10-10 00:00:35,236 [Datanode State Machine Thread - 0] INFO  ratis.XceiverServerRatis (XceiverServerRatis.java:start(428)) - XceiverServerRatis 28025bb6-580e-4c2f-93a5-9d4edc4937f3 is started using port 35290
2019-10-10 00:00:35,237 [Datanode State Machine Thread - 0] INFO  server.XceiverServerGrpc (XceiverServerGrpc.java:start(149)) - XceiverServerGrpc 28025bb6-580e-4c2f-93a5-9d4edc4937f3 is started using port 44585
2019-10-10 00:00:36,199 [main] INFO  ozone.MiniOzoneClusterImpl (MiniOzoneClusterImpl.java:lambda$waitForClusterToBeReady$0(147)) - Waiting for cluster to be ready. Got 0 of 7 DN Heartbeats.
2019-10-10 00:00:36,791 [IPC Server handler 4 on 45522] INFO  net.NetworkTopology (NetworkTopologyImpl.java:add(111)) - Added a new node: /default-rack/eda76c84-8d1f-4853-b180-ea76f8b0e08a
2019-10-10 00:00:36,791 [IPC Server handler 4 on 45522] INFO  node.SCMNodeManager (SCMNodeManager.java:register(268)) - Registered Data node : eda76c84-8d1f-4853-b180-ea76f8b0e08a{ip: 192.168.157.245, host: pr-hdds-2266-b8s26-4239225152, networkLocation: /default-rack, certSerialId: null}
2019-10-10 00:00:36,792 [EventQueue-NodeRegistrationContainerReportForDataNodeSafeModeRule] INFO  safemode.SCMSafeModeManager (DataNodeSafeModeRule.java:process(71)) - SCM in safe mode. 1 DataNodes registered, 1 required.
2019-10-10 00:00:36,795 [EventQueue-NodeRegistrationContainerReportForDataNodeSafeModeRule] INFO  safemode.SCMSafeModeManager (SCMSafeModeManager.java:validateSafeModeExitRules(177)) - ScmSafeModeManager, all rules are successfully validated
2019-10-10 00:00:36,795 [EventQueue-NodeRegistrationContainerReportForDataNodeSafeModeRule] INFO  safemode.SCMSafeModeManager (SCMSafeModeManager.java:exitSafeMode(193)) - SCM exiting safe mode.
2019-10-10 00:00:36,819 [grpc-default-executor-4] INFO  impl.RaftServerProxy (RaftServerProxy.java:addNew(89)) - eda76c84-8d1f-4853-b180-ea76f8b0e08a: addNew group-032988352471:[eda76c84-8d1f-4853-b180-ea76f8b0e08a:192.168.157.245:39224] returns group-032988352471:java.util.concurrent.CompletableFuture@2669cf35[Not completed]
2019-10-10 00:00:36,823 [pool-409-thread-1] INFO  impl.RaftServerImpl (RaftServerImpl.java:<init>(95)) - eda76c84-8d1f-4853-b180-ea76f8b0e08a: new RaftServerImpl for group-032988352471:[eda76c84-8d1f-4853-b180-ea76f8b0e08a:192.168.157.245:39224] with ContainerStateMachine:uninitialized
2019-10-10 00:00:36,824 [pool-409-thread-1] INFO  server.RaftServerConfigKeys (ConfUtils.java:logGet(43)) - raft.server.rpc.timeout.min = 5s (custom)
2019-10-10 00:00:36,824 [pool-409-thread-1] INFO  server.RaftServerConfigKeys (ConfUtils.java:logGet(43)) - raft.server.rpc.timeout.max = 5200ms (custom)
2019-10-10 00:00:36,824 [pool-409-thread-1] INFO  server.RaftServerConfigKeys (ConfUtils.java:logGet(43)) - raft.server.rpcslowness.timeout = 120s (custom)
2019-10-10 00:00:36,824 [pool-409-thread-1] INFO  server.RaftServerConfigKeys (ConfUtils.java:logGet(43)) - raft.server.sleep.deviation.threshold = 300 (default)
2019-10-10 00:00:36,824 [pool-409-thread-1] INFO  server.RaftServerConfigKeys (ConfUtils.java:logGet(43)) - raft.server.log.appender.install.snapshot.enabled = false (custom)
2019-10-10 00:00:36,825 [pool-409-thread-1] INFO  impl.RaftServerImpl (ServerState.java:<init>(103)) - eda76c84-8d1f-4853-b180-ea76f8b0e08a@group-032988352471: ConfigurationManager, init=-1: [eda76c84-8d1f-4853-b180-ea76f8b0e08a:192.168.157.245:39224], old=null, confs=<EMPTY_MAP>
2019-10-10 00:00:36,825 [pool-409-thread-1] INFO  server.RaftServerConfigKeys (ConfUtils.java:logGet(43)) - raft.server.storage.dir = [/workdir/hadoop-ozone/integration-test/target/test-dir/MiniOzoneClusterImpl-26e9f622-14fa-4607-9e54-b23a48ec8da2/datanode-0/data/ratis] (custom)
2019-10-10 00:00:36,825 [pool-409-thread-1] INFO  server.RaftServerConfigKeys (ConfUtils.java:logGet(43)) - raft.server.log.corruption.policy = EXCEPTION (default)
2019-10-10 00:00:36,826 [pool-409-thread-1] INFO  storage.RaftStorageDirectory (RaftStorageDirectory.java:analyzeStorage(246)) - The storage directory /workdir/hadoop-ozone/integration-test/target/test-dir/MiniOzoneClusterImpl-26e9f622-14fa-4607-9e54-b23a48ec8da2/datanode-0/data/ratis/e7227cf7-0b4f-41f7-bf2b-032988352471 does not exist. Creating ...
2019-10-10 00:00:36,845 [IPC Server handler 2 on 45522] INFO  net.NetworkTopology (NetworkTopologyImpl.java:add(111)) - Added a new node: /default-rack/f5c6cedc-5e2f-4b88-839f-eb18816aa586
2019-10-10 00:00:36,845 [IPC Server handler 2 on 45522] INFO  node.SCMNodeManager (SCMNodeManager.java:register(268)) - Registered Data node : f5c6cedc-5e2f-4b88-839f-eb18816aa586{ip: 192.168.157.245, host: pr-hdds-2266-b8s26-4239225152, networkLocation: /default-rack, certSerialId: null}
2019-10-10 00:00:36,847 [pool-409-thread-1] INFO  storage.RaftStorageDirectory (RaftStorageDirectory.java:tryLock(328)) - Lock on /workdir/hadoop-ozone/integration-test/target/test-dir/MiniOzoneClusterImpl-26e9f622-14fa-4607-9e54-b23a48ec8da2/datanode-0/data/ratis/e7227cf7-0b4f-41f7-bf2b-032988352471/in_use.lock acquired by nodename 7564@pr-hdds-2266-b8s26-4239225152
2019-10-10 00:00:36,860 [pool-409-thread-1] INFO  storage.RaftStorage (RaftStorage.java:format(84)) - Storage directory /workdir/hadoop-ozone/integration-test/target/test-dir/MiniOzoneClusterImpl-26e9f622-14fa-4607-9e54-b23a48ec8da2/datanode-0/data/ratis/e7227cf7-0b4f-41f7-bf2b-032988352471 has been successfully formatted.
2019-10-10 00:00:36,860 [pool-409-thread-1] INFO  ratis.ContainerStateMachine (ContainerStateMachine.java:loadSnapshot(231)) - group-032988352471: The snapshot info is null. Setting the last applied indexto:(t:0, i:~)
2019-10-10 00:00:36,861 [pool-409-thread-1] INFO  server.RaftServerConfigKeys (ConfUtils.java:logGet(43)) - raft.server.notification.no-leader.timeout = 120s (custom)
2019-10-10 00:00:36,861 [pool-409-thread-1] INFO  server.RaftServerConfigKeys (ConfUtils.java:logGet(43)) - raft.server.log.use.memory = false (default)
2019-10-10 00:00:36,861 [pool-409-thread-1] INFO  server.RaftServerConfigKeys (ConfUtils.java:logGet(43)) - raft.server.log.purge.gap = 1000000 (custom)
2019-10-10 00:00:36,861 [pool-409-thread-1] INFO  server.RaftServerConfigKeys (ConfUtils.java:logGet(43)) - raft.server.log.appender.buffer.byte-limit = 33554432 (custom)
2019-10-10 00:00:36,861 [pool-409-thread-1] INFO  server.RaftServerConfigKeys (ConfUtils.java:logGet(43)) - raft.server.log.segment.size.max = 1048576 (custom)
2019-10-10 00:00:36,863 [pool-409-thread-1] INFO  server.RaftServerConfigKeys (ConfUtils.java:logGet(43)) - raft.server.log.segment.cache.num.max = 2 (custom)
2019-10-10 00:00:36,864 [pool-409-thread-1] INFO  segmented.SegmentedRaftLogWorker (SegmentedRaftLogWorker.java:<init>(173)) - new eda76c84-8d1f-4853-b180-ea76f8b0e08a@group-032988352471-SegmentedRaftLogWorker for RaftStorage:Storage Directory /workdir/hadoop-ozone/integration-test/target/test-dir/MiniOzoneClusterImpl-26e9f622-14fa-4607-9e54-b23a48ec8da2/datanode-0/data/ratis/e7227cf7-0b4f-41f7-bf2b-032988352471
2019-10-10 00:00:36,864 [pool-409-thread-1] INFO  server.RaftServerConfigKeys (ConfUtils.java:logGet(43)) - raft.server.log.queue.byte-limit = 2147483647 (custom)
2019-10-10 00:00:36,864 [pool-409-thread-1] INFO  server.RaftServerConfigKeys (ConfUtils.java:logGet(43)) - raft.server.log.queue.element-limit = 1024 (custom)
2019-10-10 00:00:36,864 [pool-409-thread-1] INFO  server.RaftServerConfigKeys (ConfUtils.java:logGet(43)) - raft.server.log.segment.size.max = 1048576 (custom)
2019-10-10 00:00:36,864 [pool-409-thread-1] INFO  server.RaftServerConfigKeys (ConfUtils.java:logGet(43)) - raft.server.log.preallocated.size = 16384 (custom)
2019-10-10 00:00:36,864 [pool-409-thread-1] INFO  server.RaftServerConfigKeys (ConfUtils.java:logGet(43)) - raft.server.log.write.buffer.size = 33554432 (custom)
2019-10-10 00:00:36,865 [pool-409-thread-1] INFO  server.RaftServerConfigKeys (ConfUtils.java:logGet(43)) - raft.server.log.force.sync.num = 128 (default)
2019-10-10 00:00:36,865 [pool-409-thread-1] INFO  server.RaftServerConfigKeys (ConfUtils.java:logGet(43)) - raft.server.log.statemachine.data.sync = true (default)
2019-10-10 00:00:36,865 [pool-409-thread-1] INFO  server.RaftServerConfigKeys (ConfUtils.java:logGet(43)) - raft.server.log.statemachine.data.sync.timeout = 10s (default)
2019-10-10 00:00:36,865 [pool-409-thread-1] INFO  server.RaftServerConfigKeys (ConfUtils.java:logGet(43)) - raft.server.log.statemachine.data.sync.timeout.retry = -1 (default)
2019-10-10 00:00:36,866 [pool-409-thread-1] INFO  server.RaftServerConfigKeys (ConfUtils.java:logGet(43)) - raft.server.log.statemachine.data.caching.enabled = true (custom)
2019-10-10 00:00:36,866 [pool-409-thread-1] INFO  segmented.SegmentedRaftLogWorker (SegmentedRaftLogWorker.java:lambda$new$0(128)) - eda76c84-8d1f-4853-b180-ea76f8b0e08a@group-032988352471-SegmentedRaftLogWorker: flushIndex: setUnconditionally 0 -> -1
2019-10-10 00:00:36,866 [pool-409-thread-1] INFO  server.RaftServerConfigKeys (ConfUtils.java:logGet(43)) - raft.server.snapshot.auto.trigger.enabled = true (custom)
2019-10-10 00:00:36,867 [pool-409-thread-1] INFO  server.RaftServerConfigKeys (ConfUtils.java:logGet(43)) - raft.server.snapshot.auto.trigger.threshold = 10000 (custom)
2019-10-10 00:00:36,867 [pool-409-thread-1] INFO  server.RaftServerConfigKeys (ConfUtils.java:logGet(43)) - raft.server.snapshot.retention.file.num = 5 (custom)
2019-10-10 00:00:36,867 [pool-409-thread-1] INFO  server.RaftServerConfigKeys (ConfUtils.java:logGet(43)) - raft.server.retrycache.expirytime = 600000ms (custom)
2019-10-10 00:00:36,869 [pool-409-thread-1] INFO  impl.RaftServerImpl (RaftServerImpl.java:start(181)) - eda76c84-8d1f-4853-b180-ea76f8b0e08a@group-032988352471: start as a follower, conf=-1: [eda76c84-8d1f-4853-b180-ea76f8b0e08a:192.168.157.245:39224], old=null
2019-10-10 00:00:36,869 [pool-409-thread-1] INFO  impl.RaftServerImpl (RaftServerImpl.java:setRole(170)) - eda76c84-8d1f-4853-b180-ea76f8b0e08a@group-032988352471: changes role from      null to FOLLOWER at term 0 for startAsFollower
2019-10-10 00:00:36,869 [pool-409-thread-1] INFO  impl.RoleInfo (RoleInfo.java:updateAndGet(143)) - eda76c84-8d1f-4853-b180-ea76f8b0e08a: start FollowerState
2019-10-10 00:00:36,869 [pool-409-thread-1] INFO  util.JmxRegister (JmxRegister.java:tryRegister(44)) - Successfully registered JMX Bean with object name Ratis:service=RaftServer,group=group-032988352471,id=eda76c84-8d1f-4853-b180-ea76f8b0e08a
2019-10-10 00:00:36,876 [RatisPipelineUtilsThread] INFO  pipeline.PipelineStateManager (PipelineStateManager.java:addPipeline(56)) - Created pipeline Pipeline[ Id: e7227cf7-0b4f-41f7-bf2b-032988352471, Nodes: eda76c84-8d1f-4853-b180-ea76f8b0e08a{ip: 192.168.157.245, host: pr-hdds-2266-b8s26-4239225152, networkLocation: /default-rack, certSerialId: null}, Type:RATIS, Factor:ONE, State:OPEN]
2019-10-10 00:00:36,887 [grpc-default-executor-4] INFO  impl.RaftServerProxy (RaftServerProxy.java:addNew(89)) - f5c6cedc-5e2f-4b88-839f-eb18816aa586: addNew group-BAC38FF58EDF:[f5c6cedc-5e2f-4b88-839f-eb18816aa586:192.168.157.245:42381] returns group-BAC38FF58EDF:java.util.concurrent.CompletableFuture@200c65b4[Not completed]
2019-10-10 00:00:36,888 [pool-419-thread-1] INFO  impl.RaftServerImpl (RaftServerImpl.java:<init>(95)) - f5c6cedc-5e2f-4b88-839f-eb18816aa586: new RaftServerImpl for group-BAC38FF58EDF:[f5c6cedc-5e2f-4b88-839f-eb18816aa586:192.168.157.245:42381] with ContainerStateMachine:uninitialized
2019-10-10 00:00:36,888 [pool-419-thread-1] INFO  server.RaftServerConfigKeys (ConfUtils.java:logGet(43)) - raft.server.rpc.timeout.min = 5s (custom)
2019-10-10 00:00:36,888 [pool-419-thread-1] INFO  server.RaftServerConfigKeys (ConfUtils.java:logGet(43)) - raft.server.rpc.timeout.max = 5200ms (custom)
2019-10-10 00:00:36,888 [pool-419-thread-1] INFO  server.RaftServerConfigKeys (ConfUtils.java:logGet(43)) - raft.server.rpcslowness.timeout = 120s (custom)
2019-10-10 00:00:36,888 [pool-419-thread-1] INFO  server.RaftServerConfigKeys (ConfUtils.java:logGet(43)) - raft.server.sleep.deviation.threshold = 300 (default)
2019-10-10 00:00:36,888 [pool-419-thread-1] INFO  server.RaftServerConfigKeys (ConfUtils.java:logGet(43)) - raft.server.log.appender.install.snapshot.enabled = false (custom)
2019-10-10 00:00:36,889 [pool-419-thread-1] INFO  impl.RaftServerImpl (ServerState.java:<init>(103)) - f5c6cedc-5e2f-4b88-839f-eb18816aa586@group-BAC38FF58EDF: ConfigurationManager, init=-1: [f5c6cedc-5e2f-4b88-839f-eb18816aa586:192.168.157.245:42381], old=null, confs=<EMPTY_MAP>
2019-10-10 00:00:36,889 [pool-419-thread-1] INFO  server.RaftServerConfigKeys (ConfUtils.java:logGet(43)) - raft.server.storage.dir = [/workdir/hadoop-ozone/integration-test/target/test-dir/MiniOzoneClusterImpl-26e9f622-14fa-4607-9e54-b23a48ec8da2/datanode-1/data/ratis] (custom)
2019-10-10 00:00:36,889 [pool-419-thread-1] INFO  server.RaftServerConfigKeys (ConfUtils.java:logGet(43)) - raft.server.log.corruption.policy = EXCEPTION (default)
2019-10-10 00:00:36,889 [pool-419-thread-1] INFO  storage.RaftStorageDirectory (RaftStorageDirectory.java:analyzeStorage(246)) - The storage directory /workdir/hadoop-ozone/integration-test/target/test-dir/MiniOzoneClusterImpl-26e9f622-14fa-4607-9e54-b23a48ec8da2/datanode-1/data/ratis/c037e3bf-221d-4618-9016-bac38ff58edf does not exist. Creating ...
2019-10-10 00:00:36,902 [pool-419-thread-1] INFO  storage.RaftStorageDirectory (RaftStorageDirectory.java:tryLock(328)) - Lock on /workdir/hadoop-ozone/integration-test/target/test-dir/MiniOzoneClusterImpl-26e9f622-14fa-4607-9e54-b23a48ec8da2/datanode-1/data/ratis/c037e3bf-221d-4618-9016-bac38ff58edf/in_use.lock acquired by nodename 7564@pr-hdds-2266-b8s26-4239225152
2019-10-10 00:00:36,906 [IPC Server handler 5 on 45522] INFO  net.NetworkTopology (NetworkTopologyImpl.java:add(111)) - Added a new node: /default-rack/10712198-501a-4bd0-b522-e21629ca693c
2019-10-10 00:00:36,906 [IPC Server handler 5 on 45522] INFO  node.SCMNodeManager (SCMNodeManager.java:register(268)) - Registered Data node : 10712198-501a-4bd0-b522-e21629ca693c{ip: 192.168.157.245, host: pr-hdds-2266-b8s26-4239225152, networkLocation: /default-rack, certSerialId: null}
2019-10-10 00:00:36,915 [pool-419-thread-1] INFO  storage.RaftStorage (RaftStorage.java:format(84)) - Storage directory /workdir/hadoop-ozone/integration-test/target/test-dir/MiniOzoneClusterImpl-26e9f622-14fa-4607-9e54-b23a48ec8da2/datanode-1/data/ratis/c037e3bf-221d-4618-9016-bac38ff58edf has been successfully formatted.
2019-10-10 00:00:36,915 [pool-419-thread-1] INFO  ratis.ContainerStateMachine (ContainerStateMachine.java:loadSnapshot(231)) - group-BAC38FF58EDF: The snapshot info is null. Setting the last applied indexto:(t:0, i:~)
2019-10-10 00:00:36,916 [pool-419-thread-1] INFO  server.RaftServerConfigKeys (ConfUtils.java:logGet(43)) - raft.server.notification.no-leader.timeout = 120s (custom)
2019-10-10 00:00:36,916 [pool-419-thread-1] INFO  server.RaftServerConfigKeys (ConfUtils.java:logGet(43)) - raft.server.log.use.memory = false (default)
2019-10-10 00:00:36,916 [pool-419-thread-1] INFO  server.RaftServerConfigKeys (ConfUtils.java:logGet(43)) - raft.server.log.purge.gap = 1000000 (custom)
2019-10-10 00:00:36,916 [pool-419-thread-1] INFO  server.RaftServerConfigKeys (ConfUtils.java:logGet(43)) - raft.server.log.appender.buffer.byte-limit = 33554432 (custom)
2019-10-10 00:00:36,916 [pool-419-thread-1] INFO  server.RaftServerConfigKeys (ConfUtils.java:logGet(43)) - raft.server.log.segment.size.max = 1048576 (custom)
2019-10-10 00:00:36,918 [pool-419-thread-1] INFO  server.RaftServerConfigKeys (ConfUtils.java:logGet(43)) - raft.server.log.segment.cache.num.max = 2 (custom)
2019-10-10 00:00:36,918 [pool-419-thread-1] INFO  segmented.SegmentedRaftLogWorker (SegmentedRaftLogWorker.java:<init>(173)) - new f5c6cedc-5e2f-4b88-839f-eb18816aa586@group-BAC38FF58EDF-SegmentedRaftLogWorker for RaftStorage:Storage Directory /workdir/hadoop-ozone/integration-test/target/test-dir/MiniOzoneClusterImpl-26e9f622-14fa-4607-9e54-b23a48ec8da2/datanode-1/data/ratis/c037e3bf-221d-4618-9016-bac38ff58edf
2019-10-10 00:00:36,918 [pool-419-thread-1] INFO  server.RaftServerConfigKeys (ConfUtils.java:logGet(43)) - raft.server.log.queue.byte-limit = 2147483647 (custom)
2019-10-10 00:00:36,918 [pool-419-thread-1] INFO  server.RaftServerConfigKeys (ConfUtils.java:logGet(43)) - raft.server.log.queue.element-limit = 1024 (custom)
2019-10-10 00:00:36,918 [pool-419-thread-1] INFO  server.RaftServerConfigKeys (ConfUtils.java:logGet(43)) - raft.server.log.segment.size.max = 1048576 (custom)
2019-10-10 00:00:36,918 [pool-419-thread-1] INFO  server.RaftServerConfigKeys (ConfUtils.java:logGet(43)) - raft.server.log.preallocated.size = 16384 (custom)
2019-10-10 00:00:36,918 [pool-419-thread-1] INFO  server.RaftServerConfigKeys (ConfUtils.java:logGet(43)) - raft.server.log.write.buffer.size = 33554432 (custom)
2019-10-10 00:00:36,919 [pool-419-thread-1] INFO  server.RaftServerConfigKeys (ConfUtils.java:logGet(43)) - raft.server.log.force.sync.num = 128 (default)
2019-10-10 00:00:36,919 [pool-419-thread-1] INFO  server.RaftServerConfigKeys (ConfUtils.java:logGet(43)) - raft.server.log.statemachine.data.sync = true (default)
2019-10-10 00:00:36,919 [pool-419-thread-1] INFO  server.RaftServerConfigKeys (ConfUtils.java:logGet(43)) - raft.server.log.statemachine.data.sync.timeout = 10s (default)
2019-10-10 00:00:36,919 [pool-419-thread-1] INFO  server.RaftServerConfigKeys (ConfUtils.java:logGet(43)) - raft.server.log.statemachine.data.sync.timeout.retry = -1 (default)
2019-10-10 00:00:36,919 [pool-419-thread-1] INFO  server.RaftServerConfigKeys (ConfUtils.java:logGet(43)) - raft.server.log.statemachine.data.caching.enabled = true (custom)
2019-10-10 00:00:36,920 [pool-419-thread-1] INFO  segmented.SegmentedRaftLogWorker (SegmentedRaftLogWorker.java:lambda$new$0(128)) - f5c6cedc-5e2f-4b88-839f-eb18816aa586@group-BAC38FF58EDF-SegmentedRaftLogWorker: flushIndex: setUnconditionally 0 -> -1
2019-10-10 00:00:36,920 [pool-419-thread-1] INFO  server.RaftServerConfigKeys (ConfUtils.java:logGet(43)) - raft.server.snapshot.auto.trigger.enabled = true (custom)
2019-10-10 00:00:36,920 [pool-419-thread-1] INFO  server.RaftServerConfigKeys (ConfUtils.java:logGet(43)) - raft.server.snapshot.auto.trigger.threshold = 10000 (custom)
2019-10-10 00:00:36,920 [pool-419-thread-1] INFO  server.RaftServerConfigKeys (ConfUtils.java:logGet(43)) - raft.server.snapshot.retention.file.num = 5 (custom)
2019-10-10 00:00:36,920 [pool-419-thread-1] INFO  server.RaftServerConfigKeys (ConfUtils.java:logGet(43)) - raft.server.retrycache.expirytime = 600000ms (custom)
2019-10-10 00:00:36,922 [pool-419-thread-1] INFO  impl.RaftServerImpl (RaftServerImpl.java:start(181)) - f5c6cedc-5e2f-4b88-839f-eb18816aa586@group-BAC38FF58EDF: start as a follower, conf=-1: [f5c6cedc-5e2f-4b88-839f-eb18816aa586:192.168.157.245:42381], old=null
2019-10-10 00:00:36,922 [pool-419-thread-1] INFO  impl.RaftServerImpl (RaftServerImpl.java:setRole(170)) - f5c6cedc-5e2f-4b88-839f-eb18816aa586@group-BAC38FF58EDF: changes role from      null to FOLLOWER at term 0 for startAsFollower
2019-10-10 00:00:36,922 [pool-419-thread-1] INFO  impl.RoleInfo (RoleInfo.java:updateAndGet(143)) - f5c6cedc-5e2f-4b88-839f-eb18816aa586: start FollowerState
2019-10-10 00:00:36,923 [pool-419-thread-1] INFO  util.JmxRegister (JmxRegister.java:tryRegister(44)) - Successfully registered JMX Bean with object name Ratis:service=RaftServer,group=group-BAC38FF58EDF,id=f5c6cedc-5e2f-4b88-839f-eb18816aa586
2019-10-10 00:00:36,926 [RatisPipelineUtilsThread] INFO  pipeline.PipelineStateManager (PipelineStateManager.java:addPipeline(56)) - Created pipeline Pipeline[ Id: c037e3bf-221d-4618-9016-bac38ff58edf, Nodes: f5c6cedc-5e2f-4b88-839f-eb18816aa586{ip: 192.168.157.245, host: pr-hdds-2266-b8s26-4239225152, networkLocation: /default-rack, certSerialId: null}, Type:RATIS, Factor:ONE, State:OPEN]
2019-10-10 00:00:36,932 [grpc-default-executor-4] INFO  impl.RaftServerProxy (RaftServerProxy.java:addNew(89)) - 10712198-501a-4bd0-b522-e21629ca693c: addNew group-0C8624179982:[10712198-501a-4bd0-b522-e21629ca693c:192.168.157.245:36343] returns group-0C8624179982:java.util.concurrent.CompletableFuture@38ecb34e[Not completed]
2019-10-10 00:00:36,933 [pool-429-thread-1] INFO  impl.RaftServerImpl (RaftServerImpl.java:<init>(95)) - 10712198-501a-4bd0-b522-e21629ca693c: new RaftServerImpl for group-0C8624179982:[10712198-501a-4bd0-b522-e21629ca693c:192.168.157.245:36343] with ContainerStateMachine:uninitialized
2019-10-10 00:00:36,934 [pool-429-thread-1] INFO  server.RaftServerConfigKeys (ConfUtils.java:logGet(43)) - raft.server.rpc.timeout.min = 5s (custom)
2019-10-10 00:00:36,934 [pool-429-thread-1] INFO  server.RaftServerConfigKeys (ConfUtils.java:logGet(43)) - raft.server.rpc.timeout.max = 5200ms (custom)
2019-10-10 00:00:36,934 [pool-429-thread-1] INFO  server.RaftServerConfigKeys (ConfUtils.java:logGet(43)) - raft.server.rpcslowness.timeout = 120s (custom)
2019-10-10 00:00:36,934 [pool-429-thread-1] INFO  server.RaftServerConfigKeys (ConfUtils.java:logGet(43)) - raft.server.sleep.deviation.threshold = 300 (default)
2019-10-10 00:00:36,934 [pool-429-thread-1] INFO  server.RaftServerConfigKeys (ConfUtils.java:logGet(43)) - raft.server.log.appender.install.snapshot.enabled = false (custom)
2019-10-10 00:00:36,934 [pool-429-thread-1] INFO  impl.RaftServerImpl (ServerState.java:<init>(103)) - 10712198-501a-4bd0-b522-e21629ca693c@group-0C8624179982: ConfigurationManager, init=-1: [10712198-501a-4bd0-b522-e21629ca693c:192.168.157.245:36343], old=null, confs=<EMPTY_MAP>
2019-10-10 00:00:36,934 [pool-429-thread-1] INFO  server.RaftServerConfigKeys (ConfUtils.java:logGet(43)) - raft.server.storage.dir = [/workdir/hadoop-ozone/integration-test/target/test-dir/MiniOzoneClusterImpl-26e9f622-14fa-4607-9e54-b23a48ec8da2/datanode-2/data/ratis] (custom)
2019-10-10 00:00:36,935 [pool-429-thread-1] INFO  server.RaftServerConfigKeys (ConfUtils.java:logGet(43)) - raft.server.log.corruption.policy = EXCEPTION (default)
2019-10-10 00:00:36,935 [pool-429-thread-1] INFO  storage.RaftStorageDirectory (RaftStorageDirectory.java:analyzeStorage(246)) - The storage directory /workdir/hadoop-ozone/integration-test/target/test-dir/MiniOzoneClusterImpl-26e9f622-14fa-4607-9e54-b23a48ec8da2/datanode-2/data/ratis/a53deffe-e8d7-4fdf-b2ac-0c8624179982 does not exist. Creating ...
2019-10-10 00:00:36,947 [pool-429-thread-1] INFO  storage.RaftStorageDirectory (RaftStorageDirectory.java:tryLock(328)) - Lock on /workdir/hadoop-ozone/integration-test/target/test-dir/MiniOzoneClusterImpl-26e9f622-14fa-4607-9e54-b23a48ec8da2/datanode-2/data/ratis/a53deffe-e8d7-4fdf-b2ac-0c8624179982/in_use.lock acquired by nodename 7564@pr-hdds-2266-b8s26-4239225152
2019-10-10 00:00:36,959 [pool-429-thread-1] INFO  storage.RaftStorage (RaftStorage.java:format(84)) - Storage directory /workdir/hadoop-ozone/integration-test/target/test-dir/MiniOzoneClusterImpl-26e9f622-14fa-4607-9e54-b23a48ec8da2/datanode-2/data/ratis/a53deffe-e8d7-4fdf-b2ac-0c8624179982 has been successfully formatted.
2019-10-10 00:00:36,960 [pool-429-thread-1] INFO  ratis.ContainerStateMachine (ContainerStateMachine.java:loadSnapshot(231)) - group-0C8624179982: The snapshot info is null. Setting the last applied indexto:(t:0, i:~)
2019-10-10 00:00:36,960 [pool-429-thread-1] INFO  server.RaftServerConfigKeys (ConfUtils.java:logGet(43)) - raft.server.notification.no-leader.timeout = 120s (custom)
2019-10-10 00:00:36,960 [pool-429-thread-1] INFO  server.RaftServerConfigKeys (ConfUtils.java:logGet(43)) - raft.server.log.use.memory = false (default)
2019-10-10 00:00:36,960 [pool-429-thread-1] INFO  server.RaftServerConfigKeys (ConfUtils.java:logGet(43)) - raft.server.log.purge.gap = 1000000 (custom)
2019-10-10 00:00:36,960 [pool-429-thread-1] INFO  server.RaftServerConfigKeys (ConfUtils.java:logGet(43)) - raft.server.log.appender.buffer.byte-limit = 33554432 (custom)
2019-10-10 00:00:36,960 [pool-429-thread-1] INFO  server.RaftServerConfigKeys (ConfUtils.java:logGet(43)) - raft.server.log.segment.size.max = 1048576 (custom)
2019-10-10 00:00:36,962 [pool-429-thread-1] INFO  server.RaftServerConfigKeys (ConfUtils.java:logGet(43)) - raft.server.log.segment.cache.num.max = 2 (custom)
2019-10-10 00:00:36,962 [pool-429-thread-1] INFO  segmented.SegmentedRaftLogWorker (SegmentedRaftLogWorker.java:<init>(173)) - new 10712198-501a-4bd0-b522-e21629ca693c@group-0C8624179982-SegmentedRaftLogWorker for RaftStorage:Storage Directory /workdir/hadoop-ozone/integration-test/target/test-dir/MiniOzoneClusterImpl-26e9f622-14fa-4607-9e54-b23a48ec8da2/datanode-2/data/ratis/a53deffe-e8d7-4fdf-b2ac-0c8624179982
2019-10-10 00:00:36,962 [pool-429-thread-1] INFO  server.RaftServerConfigKeys (ConfUtils.java:logGet(43)) - raft.server.log.queue.byte-limit = 2147483647 (custom)
2019-10-10 00:00:36,962 [pool-429-thread-1] INFO  server.RaftServerConfigKeys (ConfUtils.java:logGet(43)) - raft.server.log.queue.element-limit = 1024 (custom)
2019-10-10 00:00:36,962 [pool-429-thread-1] INFO  server.RaftServerConfigKeys (ConfUtils.java:logGet(43)) - raft.server.log.segment.size.max = 1048576 (custom)
2019-10-10 00:00:36,962 [pool-429-thread-1] INFO  server.RaftServerConfigKeys (ConfUtils.java:logGet(43)) - raft.server.log.preallocated.size = 16384 (custom)
2019-10-10 00:00:36,962 [pool-429-thread-1] INFO  server.RaftServerConfigKeys (ConfUtils.java:logGet(43)) - raft.server.log.write.buffer.size = 33554432 (custom)
2019-10-10 00:00:36,963 [pool-429-thread-1] INFO  server.RaftServerConfigKeys (ConfUtils.java:logGet(43)) - raft.server.log.force.sync.num = 128 (default)
2019-10-10 00:00:36,963 [pool-429-thread-1] INFO  server.RaftServerConfigKeys (ConfUtils.java:logGet(43)) - raft.server.log.statemachine.data.sync = true (default)
2019-10-10 00:00:36,963 [pool-429-thread-1] INFO  server.RaftServerConfigKeys (ConfUtils.java:logGet(43)) - raft.server.log.statemachine.data.sync.timeout = 10s (default)
2019-10-10 00:00:36,963 [pool-429-thread-1] INFO  server.RaftServerConfigKeys (ConfUtils.java:logGet(43)) - raft.server.log.statemachine.data.sync.timeout.retry = -1 (default)
2019-10-10 00:00:36,963 [pool-429-thread-1] INFO  server.RaftServerConfigKeys (ConfUtils.java:logGet(43)) - raft.server.log.statemachine.data.caching.enabled = true (custom)
2019-10-10 00:00:36,964 [pool-429-thread-1] INFO  segmented.SegmentedRaftLogWorker (SegmentedRaftLogWorker.java:lambda$new$0(128)) - 10712198-501a-4bd0-b522-e21629ca693c@group-0C8624179982-SegmentedRaftLogWorker: flushIndex: setUnconditionally 0 -> -1
2019-10-10 00:00:36,965 [pool-429-thread-1] INFO  server.RaftServerConfigKeys (ConfUtils.java:logGet(43)) - raft.server.snapshot.auto.trigger.enabled = true (custom)
2019-10-10 00:00:36,965 [pool-429-thread-1] INFO  server.RaftServerConfigKeys (ConfUtils.java:logGet(43)) - raft.server.snapshot.auto.trigger.threshold = 10000 (custom)
2019-10-10 00:00:36,965 [pool-429-thread-1] INFO  server.RaftServerConfigKeys (ConfUtils.java:logGet(43)) - raft.server.snapshot.retention.file.num = 5 (custom)
2019-10-10 00:00:36,965 [pool-429-thread-1] INFO  server.RaftServerConfigKeys (ConfUtils.java:logGet(43)) - raft.server.retrycache.expirytime = 600000ms (custom)
2019-10-10 00:00:36,966 [pool-429-thread-1] INFO  impl.RaftServerImpl (RaftServerImpl.java:start(181)) - 10712198-501a-4bd0-b522-e21629ca693c@group-0C8624179982: start as a follower, conf=-1: [10712198-501a-4bd0-b522-e21629ca693c:192.168.157.245:36343], old=null
2019-10-10 00:00:36,966 [pool-429-thread-1] INFO  impl.RaftServerImpl (RaftServerImpl.java:setRole(170)) - 10712198-501a-4bd0-b522-e21629ca693c@group-0C8624179982: changes role from      null to FOLLOWER at term 0 for startAsFollower
2019-10-10 00:00:36,967 [pool-429-thread-1] INFO  impl.RoleInfo (RoleInfo.java:updateAndGet(143)) - 10712198-501a-4bd0-b522-e21629ca693c: start FollowerState
2019-10-10 00:00:36,967 [pool-429-thread-1] INFO  util.JmxRegister (JmxRegister.java:tryRegister(44)) - Successfully registered JMX Bean with object name Ratis:service=RaftServer,group=group-0C8624179982,id=10712198-501a-4bd0-b522-e21629ca693c
2019-10-10 00:00:36,969 [IPC Server handler 6 on 45522] INFO  net.NetworkTopology (NetworkTopologyImpl.java:add(111)) - Added a new node: /default-rack/46c08da4-c4c9-4c47-95e8-a0ff6dbbc692
2019-10-10 00:00:36,972 [IPC Server handler 6 on 45522] INFO  node.SCMNodeManager (SCMNodeManager.java:register(268)) - Registered Data node : 46c08da4-c4c9-4c47-95e8-a0ff6dbbc692{ip: 192.168.157.245, host: pr-hdds-2266-b8s26-4239225152, networkLocation: /default-rack, certSerialId: null}
2019-10-10 00:00:36,973 [RatisPipelineUtilsThread] INFO  pipeline.PipelineStateManager (PipelineStateManager.java:addPipeline(56)) - Created pipeline Pipeline[ Id: a53deffe-e8d7-4fdf-b2ac-0c8624179982, Nodes: 10712198-501a-4bd0-b522-e21629ca693c{ip: 192.168.157.245, host: pr-hdds-2266-b8s26-4239225152, networkLocation: /default-rack, certSerialId: null}, Type:RATIS, Factor:ONE, State:OPEN]
2019-10-10 00:00:36,979 [grpc-default-executor-4] INFO  impl.RaftServerProxy (RaftServerProxy.java:addNew(89)) - 46c08da4-c4c9-4c47-95e8-a0ff6dbbc692: addNew group-F66CA75124B2:[46c08da4-c4c9-4c47-95e8-a0ff6dbbc692:192.168.157.245:37207] returns group-F66CA75124B2:java.util.concurrent.CompletableFuture@e618e96[Not completed]
2019-10-10 00:00:36,980 [pool-439-thread-1] INFO  impl.RaftServerImpl (RaftServerImpl.java:<init>(95)) - 46c08da4-c4c9-4c47-95e8-a0ff6dbbc692: new RaftServerImpl for group-F66CA75124B2:[46c08da4-c4c9-4c47-95e8-a0ff6dbbc692:192.168.157.245:37207] with ContainerStateMachine:uninitialized
2019-10-10 00:00:36,980 [pool-439-thread-1] INFO  server.RaftServerConfigKeys (ConfUtils.java:logGet(43)) - raft.server.rpc.timeout.min = 5s (custom)
2019-10-10 00:00:36,980 [pool-439-thread-1] INFO  server.RaftServerConfigKeys (ConfUtils.java:logGet(43)) - raft.server.rpc.timeout.max = 5200ms (custom)
2019-10-10 00:00:36,980 [pool-439-thread-1] INFO  server.RaftServerConfigKeys (ConfUtils.java:logGet(43)) - raft.server.rpcslowness.timeout = 120s (custom)
2019-10-10 00:00:36,980 [pool-439-thread-1] INFO  server.RaftServerConfigKeys (ConfUtils.java:logGet(43)) - raft.server.sleep.deviation.threshold = 300 (default)
2019-10-10 00:00:36,981 [pool-439-thread-1] INFO  server.RaftServerConfigKeys (ConfUtils.java:logGet(43)) - raft.server.log.appender.install.snapshot.enabled = false (custom)
2019-10-10 00:00:36,981 [pool-439-thread-1] INFO  impl.RaftServerImpl (ServerState.java:<init>(103)) - 46c08da4-c4c9-4c47-95e8-a0ff6dbbc692@group-F66CA75124B2: ConfigurationManager, init=-1: [46c08da4-c4c9-4c47-95e8-a0ff6dbbc692:192.168.157.245:37207], old=null, confs=<EMPTY_MAP>
2019-10-10 00:00:36,981 [pool-439-thread-1] INFO  server.RaftServerConfigKeys (ConfUtils.java:logGet(43)) - raft.server.storage.dir = [/workdir/hadoop-ozone/integration-test/target/test-dir/MiniOzoneClusterImpl-26e9f622-14fa-4607-9e54-b23a48ec8da2/datanode-3/data/ratis] (custom)
2019-10-10 00:00:36,981 [pool-439-thread-1] INFO  server.RaftServerConfigKeys (ConfUtils.java:logGet(43)) - raft.server.log.corruption.policy = EXCEPTION (default)
2019-10-10 00:00:36,981 [pool-439-thread-1] INFO  storage.RaftStorageDirectory (RaftStorageDirectory.java:analyzeStorage(246)) - The storage directory /workdir/hadoop-ozone/integration-test/target/test-dir/MiniOzoneClusterImpl-26e9f622-14fa-4607-9e54-b23a48ec8da2/datanode-3/data/ratis/cc76f103-f215-4391-8644-f66ca75124b2 does not exist. Creating ...
2019-10-10 00:00:36,993 [pool-439-thread-1] INFO  storage.RaftStorageDirectory (RaftStorageDirectory.java:tryLock(328)) - Lock on /workdir/hadoop-ozone/integration-test/target/test-dir/MiniOzoneClusterImpl-26e9f622-14fa-4607-9e54-b23a48ec8da2/datanode-3/data/ratis/cc76f103-f215-4391-8644-f66ca75124b2/in_use.lock acquired by nodename 7564@pr-hdds-2266-b8s26-4239225152
2019-10-10 00:00:37,006 [pool-439-thread-1] INFO  storage.RaftStorage (RaftStorage.java:format(84)) - Storage directory /workdir/hadoop-ozone/integration-test/target/test-dir/MiniOzoneClusterImpl-26e9f622-14fa-4607-9e54-b23a48ec8da2/datanode-3/data/ratis/cc76f103-f215-4391-8644-f66ca75124b2 has been successfully formatted.
2019-10-10 00:00:37,007 [pool-439-thread-1] INFO  ratis.ContainerStateMachine (ContainerStateMachine.java:loadSnapshot(231)) - group-F66CA75124B2: The snapshot info is null. Setting the last applied indexto:(t:0, i:~)
2019-10-10 00:00:37,007 [pool-439-thread-1] INFO  server.RaftServerConfigKeys (ConfUtils.java:logGet(43)) - raft.server.notification.no-leader.timeout = 120s (custom)
2019-10-10 00:00:37,007 [pool-439-thread-1] INFO  server.RaftServerConfigKeys (ConfUtils.java:logGet(43)) - raft.server.log.use.memory = false (default)
2019-10-10 00:00:37,007 [pool-439-thread-1] INFO  server.RaftServerConfigKeys (ConfUtils.java:logGet(43)) - raft.server.log.purge.gap = 1000000 (custom)
2019-10-10 00:00:37,007 [pool-439-thread-1] INFO  server.RaftServerConfigKeys (ConfUtils.java:logGet(43)) - raft.server.log.appender.buffer.byte-limit = 33554432 (custom)
2019-10-10 00:00:37,008 [pool-439-thread-1] INFO  server.RaftServerConfigKeys (ConfUtils.java:logGet(43)) - raft.server.log.segment.size.max = 1048576 (custom)
2019-10-10 00:00:37,009 [pool-439-thread-1] INFO  server.RaftServerConfigKeys (ConfUtils.java:logGet(43)) - raft.server.log.segment.cache.num.max = 2 (custom)
2019-10-10 00:00:37,009 [pool-439-thread-1] INFO  segmented.SegmentedRaftLogWorker (SegmentedRaftLogWorker.java:<init>(173)) - new 46c08da4-c4c9-4c47-95e8-a0ff6dbbc692@group-F66CA75124B2-SegmentedRaftLogWorker for RaftStorage:Storage Directory /workdir/hadoop-ozone/integration-test/target/test-dir/MiniOzoneClusterImpl-26e9f622-14fa-4607-9e54-b23a48ec8da2/datanode-3/data/ratis/cc76f103-f215-4391-8644-f66ca75124b2
2019-10-10 00:00:37,009 [pool-439-thread-1] INFO  server.RaftServerConfigKeys (ConfUtils.java:logGet(43)) - raft.server.log.queue.byte-limit = 2147483647 (custom)
2019-10-10 00:00:37,009 [pool-439-thread-1] INFO  server.RaftServerConfigKeys (ConfUtils.java:logGet(43)) - raft.server.log.queue.element-limit = 1024 (custom)
2019-10-10 00:00:37,010 [pool-439-thread-1] INFO  server.RaftServerConfigKeys (ConfUtils.java:logGet(43)) - raft.server.log.segment.size.max = 1048576 (custom)
2019-10-10 00:00:37,010 [pool-439-thread-1] INFO  server.RaftServerConfigKeys (ConfUtils.java:logGet(43)) - raft.server.log.preallocated.size = 16384 (custom)
2019-10-10 00:00:37,010 [pool-439-thread-1] INFO  server.RaftServerConfigKeys (ConfUtils.java:logGet(43)) - raft.server.log.write.buffer.size = 33554432 (custom)
2019-10-10 00:00:37,010 [pool-439-thread-1] INFO  server.RaftServerConfigKeys (ConfUtils.java:logGet(43)) - raft.server.log.force.sync.num = 128 (default)
2019-10-10 00:00:37,010 [pool-439-thread-1] INFO  server.RaftServerConfigKeys (ConfUtils.java:logGet(43)) - raft.server.log.statemachine.data.sync = true (default)
2019-10-10 00:00:37,010 [pool-439-thread-1] INFO  server.RaftServerConfigKeys (ConfUtils.java:logGet(43)) - raft.server.log.statemachine.data.sync.timeout = 10s (default)
2019-10-10 00:00:37,010 [pool-439-thread-1] INFO  server.RaftServerConfigKeys (ConfUtils.java:logGet(43)) - raft.server.log.statemachine.data.sync.timeout.retry = -1 (default)
2019-10-10 00:00:37,011 [pool-439-thread-1] INFO  server.RaftServerConfigKeys (ConfUtils.java:logGet(43)) - raft.server.log.statemachine.data.caching.enabled = true (custom)
2019-10-10 00:00:37,011 [pool-439-thread-1] INFO  segmented.SegmentedRaftLogWorker (SegmentedRaftLogWorker.java:lambda$new$0(128)) - 46c08da4-c4c9-4c47-95e8-a0ff6dbbc692@group-F66CA75124B2-SegmentedRaftLogWorker: flushIndex: setUnconditionally 0 -> -1
2019-10-10 00:00:37,011 [pool-439-thread-1] INFO  server.RaftServerConfigKeys (ConfUtils.java:logGet(43)) - raft.server.snapshot.auto.trigger.enabled = true (custom)
2019-10-10 00:00:37,011 [pool-439-thread-1] INFO  server.RaftServerConfigKeys (ConfUtils.java:logGet(43)) - raft.server.snapshot.auto.trigger.threshold = 10000 (custom)
2019-10-10 00:00:37,011 [pool-439-thread-1] INFO  server.RaftServerConfigKeys (ConfUtils.java:logGet(43)) - raft.server.snapshot.retention.file.num = 5 (custom)
2019-10-10 00:00:37,012 [pool-439-thread-1] INFO  server.RaftServerConfigKeys (ConfUtils.java:logGet(43)) - raft.server.retrycache.expirytime = 600000ms (custom)
2019-10-10 00:00:37,013 [pool-439-thread-1] INFO  impl.RaftServerImpl (RaftServerImpl.java:start(181)) - 46c08da4-c4c9-4c47-95e8-a0ff6dbbc692@group-F66CA75124B2: start as a follower, conf=-1: [46c08da4-c4c9-4c47-95e8-a0ff6dbbc692:192.168.157.245:37207], old=null
2019-10-10 00:00:37,013 [pool-439-thread-1] INFO  impl.RaftServerImpl (RaftServerImpl.java:setRole(170)) - 46c08da4-c4c9-4c47-95e8-a0ff6dbbc692@group-F66CA75124B2: changes role from      null to FOLLOWER at term 0 for startAsFollower
2019-10-10 00:00:37,013 [pool-439-thread-1] INFO  impl.RoleInfo (RoleInfo.java:updateAndGet(143)) - 46c08da4-c4c9-4c47-95e8-a0ff6dbbc692: start FollowerState
2019-10-10 00:00:37,013 [pool-439-thread-1] INFO  util.JmxRegister (JmxRegister.java:tryRegister(44)) - Successfully registered JMX Bean with object name Ratis:service=RaftServer,group=group-F66CA75124B2,id=46c08da4-c4c9-4c47-95e8-a0ff6dbbc692
2019-10-10 00:00:37,019 [RatisPipelineUtilsThread] INFO  pipeline.PipelineStateManager (PipelineStateManager.java:addPipeline(56)) - Created pipeline Pipeline[ Id: cc76f103-f215-4391-8644-f66ca75124b2, Nodes: 46c08da4-c4c9-4c47-95e8-a0ff6dbbc692{ip: 192.168.157.245, host: pr-hdds-2266-b8s26-4239225152, networkLocation: /default-rack, certSerialId: null}, Type:RATIS, Factor:ONE, State:OPEN]
2019-10-10 00:00:37,028 [grpc-default-executor-1] INFO  impl.RaftServerProxy (RaftServerProxy.java:addNew(89)) - eda76c84-8d1f-4853-b180-ea76f8b0e08a: addNew group-5FC2BAE16D33:[46c08da4-c4c9-4c47-95e8-a0ff6dbbc692:192.168.157.245:37207, eda76c84-8d1f-4853-b180-ea76f8b0e08a:192.168.157.245:39224, 10712198-501a-4bd0-b522-e21629ca693c:192.168.157.245:36343] returns group-5FC2BAE16D33:java.util.concurrent.CompletableFuture@60f2c7a2[Not completed]
2019-10-10 00:00:37,028 [grpc-default-executor-4] INFO  impl.RaftServerProxy (RaftServerProxy.java:addNew(89)) - 46c08da4-c4c9-4c47-95e8-a0ff6dbbc692: addNew group-5FC2BAE16D33:[46c08da4-c4c9-4c47-95e8-a0ff6dbbc692:192.168.157.245:37207, eda76c84-8d1f-4853-b180-ea76f8b0e08a:192.168.157.245:39224, 10712198-501a-4bd0-b522-e21629ca693c:192.168.157.245:36343] returns group-5FC2BAE16D33:java.util.concurrent.CompletableFuture@5a4c7fdc[Not completed]
2019-10-10 00:00:37,028 [grpc-default-executor-1] INFO  impl.RaftServerProxy (RaftServerProxy.java:addNew(89)) - 10712198-501a-4bd0-b522-e21629ca693c: addNew group-5FC2BAE16D33:[46c08da4-c4c9-4c47-95e8-a0ff6dbbc692:192.168.157.245:37207, eda76c84-8d1f-4853-b180-ea76f8b0e08a:192.168.157.245:39224, 10712198-501a-4bd0-b522-e21629ca693c:192.168.157.245:36343] returns group-5FC2BAE16D33:java.util.concurrent.CompletableFuture@5f42ec0e[Not completed]
2019-10-10 00:00:37,029 [pool-409-thread-1] INFO  impl.RaftServerImpl (RaftServerImpl.java:<init>(95)) - eda76c84-8d1f-4853-b180-ea76f8b0e08a: new RaftServerImpl for group-5FC2BAE16D33:[46c08da4-c4c9-4c47-95e8-a0ff6dbbc692:192.168.157.245:37207, eda76c84-8d1f-4853-b180-ea76f8b0e08a:192.168.157.245:39224, 10712198-501a-4bd0-b522-e21629ca693c:192.168.157.245:36343] with ContainerStateMachine:uninitialized
2019-10-10 00:00:37,029 [pool-409-thread-1] INFO  server.RaftServerConfigKeys (ConfUtils.java:logGet(43)) - raft.server.rpc.timeout.min = 5s (custom)
2019-10-10 00:00:37,029 [pool-409-thread-1] INFO  server.RaftServerConfigKeys (ConfUtils.java:logGet(43)) - raft.server.rpc.timeout.max = 5200ms (custom)
2019-10-10 00:00:37,029 [pool-409-thread-1] INFO  server.RaftServerConfigKeys (ConfUtils.java:logGet(43)) - raft.server.rpcslowness.timeout = 120s (custom)
2019-10-10 00:00:37,029 [pool-429-thread-1] INFO  impl.RaftServerImpl (RaftServerImpl.java:<init>(95)) - 10712198-501a-4bd0-b522-e21629ca693c: new RaftServerImpl for group-5FC2BAE16D33:[46c08da4-c4c9-4c47-95e8-a0ff6dbbc692:192.168.157.245:37207, eda76c84-8d1f-4853-b180-ea76f8b0e08a:192.168.157.245:39224, 10712198-501a-4bd0-b522-e21629ca693c:192.168.157.245:36343] with ContainerStateMachine:uninitialized
2019-10-10 00:00:37,029 [pool-409-thread-1] INFO  server.RaftServerConfigKeys (ConfUtils.java:logGet(43)) - raft.server.sleep.deviation.threshold = 300 (default)
2019-10-10 00:00:37,029 [pool-429-thread-1] INFO  server.RaftServerConfigKeys (ConfUtils.java:logGet(43)) - raft.server.rpc.timeout.min = 5s (custom)
2019-10-10 00:00:37,029 [pool-409-thread-1] INFO  server.RaftServerConfigKeys (ConfUtils.java:logGet(43)) - raft.server.log.appender.install.snapshot.enabled = false (custom)
2019-10-10 00:00:37,030 [pool-429-thread-1] INFO  server.RaftServerConfigKeys (ConfUtils.java:logGet(43)) - raft.server.rpc.timeout.max = 5200ms (custom)
2019-10-10 00:00:37,030 [pool-439-thread-1] INFO  impl.RaftServerImpl (RaftServerImpl.java:<init>(95)) - 46c08da4-c4c9-4c47-95e8-a0ff6dbbc692: new RaftServerImpl for group-5FC2BAE16D33:[46c08da4-c4c9-4c47-95e8-a0ff6dbbc692:192.168.157.245:37207, eda76c84-8d1f-4853-b180-ea76f8b0e08a:192.168.157.245:39224, 10712198-501a-4bd0-b522-e21629ca693c:192.168.157.245:36343] with ContainerStateMachine:uninitialized
2019-10-10 00:00:37,030 [pool-409-thread-1] INFO  impl.RaftServerImpl (ServerState.java:<init>(103)) - eda76c84-8d1f-4853-b180-ea76f8b0e08a@group-5FC2BAE16D33: ConfigurationManager, init=-1: [46c08da4-c4c9-4c47-95e8-a0ff6dbbc692:192.168.157.245:37207, eda76c84-8d1f-4853-b180-ea76f8b0e08a:192.168.157.245:39224, 10712198-501a-4bd0-b522-e21629ca693c:192.168.157.245:36343], old=null, confs=<EMPTY_MAP>
2019-10-10 00:00:37,030 [pool-439-thread-1] INFO  server.RaftServerConfigKeys (ConfUtils.java:logGet(43)) - raft.server.rpc.timeout.min = 5s (custom)
2019-10-10 00:00:37,030 [pool-429-thread-1] INFO  server.RaftServerConfigKeys (ConfUtils.java:logGet(43)) - raft.server.rpcslowness.timeout = 120s (custom)
2019-10-10 00:00:37,030 [pool-439-thread-1] INFO  server.RaftServerConfigKeys (ConfUtils.java:logGet(43)) - raft.server.rpc.timeout.max = 5200ms (custom)
2019-10-10 00:00:37,030 [pool-409-thread-1] INFO  server.RaftServerConfigKeys (ConfUtils.java:logGet(43)) - raft.server.storage.dir = [/workdir/hadoop-ozone/integration-test/target/test-dir/MiniOzoneClusterImpl-26e9f622-14fa-4607-9e54-b23a48ec8da2/datanode-0/data/ratis] (custom)
2019-10-10 00:00:37,030 [pool-439-thread-1] INFO  server.RaftServerConfigKeys (ConfUtils.java:logGet(43)) - raft.server.rpcslowness.timeout = 120s (custom)
2019-10-10 00:00:37,031 [pool-439-thread-1] INFO  server.RaftServerConfigKeys (ConfUtils.java:logGet(43)) - raft.server.sleep.deviation.threshold = 300 (default)
2019-10-10 00:00:37,030 [pool-429-thread-1] INFO  server.RaftServerConfigKeys (ConfUtils.java:logGet(43)) - raft.server.sleep.deviation.threshold = 300 (default)
2019-10-10 00:00:37,031 [pool-439-thread-1] INFO  server.RaftServerConfigKeys (ConfUtils.java:logGet(43)) - raft.server.log.appender.install.snapshot.enabled = false (custom)
2019-10-10 00:00:37,031 [pool-409-thread-1] INFO  server.RaftServerConfigKeys (ConfUtils.java:logGet(43)) - raft.server.log.corruption.policy = EXCEPTION (default)
2019-10-10 00:00:37,031 [pool-439-thread-1] INFO  impl.RaftServerImpl (ServerState.java:<init>(103)) - 46c08da4-c4c9-4c47-95e8-a0ff6dbbc692@group-5FC2BAE16D33: ConfigurationManager, init=-1: [46c08da4-c4c9-4c47-95e8-a0ff6dbbc692:192.168.157.245:37207, eda76c84-8d1f-4853-b180-ea76f8b0e08a:192.168.157.245:39224, 10712198-501a-4bd0-b522-e21629ca693c:192.168.157.245:36343], old=null, confs=<EMPTY_MAP>
2019-10-10 00:00:37,031 [pool-409-thread-1] INFO  storage.RaftStorageDirectory (RaftStorageDirectory.java:analyzeStorage(246)) - The storage directory /workdir/hadoop-ozone/integration-test/target/test-dir/MiniOzoneClusterImpl-26e9f622-14fa-4607-9e54-b23a48ec8da2/datanode-0/data/ratis/d0b9b853-69da-4580-b4b7-5fc2bae16d33 does not exist. Creating ...
2019-10-10 00:00:37,031 [pool-429-thread-1] INFO  server.RaftServerConfigKeys (ConfUtils.java:logGet(43)) - raft.server.log.appender.install.snapshot.enabled = false (custom)
2019-10-10 00:00:37,031 [pool-439-thread-1] INFO  server.RaftServerConfigKeys (ConfUtils.java:logGet(43)) - raft.server.storage.dir = [/workdir/hadoop-ozone/integration-test/target/test-dir/MiniOzoneClusterImpl-26e9f622-14fa-4607-9e54-b23a48ec8da2/datanode-3/data/ratis] (custom)
2019-10-10 00:00:37,032 [pool-429-thread-1] INFO  impl.RaftServerImpl (ServerState.java:<init>(103)) - 10712198-501a-4bd0-b522-e21629ca693c@group-5FC2BAE16D33: ConfigurationManager, init=-1: [46c08da4-c4c9-4c47-95e8-a0ff6dbbc692:192.168.157.245:37207, eda76c84-8d1f-4853-b180-ea76f8b0e08a:192.168.157.245:39224, 10712198-501a-4bd0-b522-e21629ca693c:192.168.157.245:36343], old=null, confs=<EMPTY_MAP>
2019-10-10 00:00:37,032 [pool-439-thread-1] INFO  server.RaftServerConfigKeys (ConfUtils.java:logGet(43)) - raft.server.log.corruption.policy = EXCEPTION (default)
2019-10-10 00:00:37,032 [pool-429-thread-1] INFO  server.RaftServerConfigKeys (ConfUtils.java:logGet(43)) - raft.server.storage.dir = [/workdir/hadoop-ozone/integration-test/target/test-dir/MiniOzoneClusterImpl-26e9f622-14fa-4607-9e54-b23a48ec8da2/datanode-2/data/ratis] (custom)
2019-10-10 00:00:37,032 [pool-439-thread-1] INFO  storage.RaftStorageDirectory (RaftStorageDirectory.java:analyzeStorage(246)) - The storage directory /workdir/hadoop-ozone/integration-test/target/test-dir/MiniOzoneClusterImpl-26e9f622-14fa-4607-9e54-b23a48ec8da2/datanode-3/data/ratis/d0b9b853-69da-4580-b4b7-5fc2bae16d33 does not exist. Creating ...
2019-10-10 00:00:37,032 [pool-429-thread-1] INFO  server.RaftServerConfigKeys (ConfUtils.java:logGet(43)) - raft.server.log.corruption.policy = EXCEPTION (default)
2019-10-10 00:00:37,033 [pool-429-thread-1] INFO  storage.RaftStorageDirectory (RaftStorageDirectory.java:analyzeStorage(246)) - The storage directory /workdir/hadoop-ozone/integration-test/target/test-dir/MiniOzoneClusterImpl-26e9f622-14fa-4607-9e54-b23a48ec8da2/datanode-2/data/ratis/d0b9b853-69da-4580-b4b7-5fc2bae16d33 does not exist. Creating ...
2019-10-10 00:00:37,035 [IPC Server handler 0 on 45522] INFO  net.NetworkTopology (NetworkTopologyImpl.java:add(111)) - Added a new node: /default-rack/f7263369-3513-4a4c-970a-cf6ede1fc488
2019-10-10 00:00:37,036 [IPC Server handler 0 on 45522] INFO  node.SCMNodeManager (SCMNodeManager.java:register(268)) - Registered Data node : f7263369-3513-4a4c-970a-cf6ede1fc488{ip: 192.168.157.245, host: pr-hdds-2266-b8s26-4239225152, networkLocation: /default-rack, certSerialId: null}
2019-10-10 00:00:37,057 [pool-429-thread-1] INFO  storage.RaftStorageDirectory (RaftStorageDirectory.java:tryLock(328)) - Lock on /workdir/hadoop-ozone/integration-test/target/test-dir/MiniOzoneClusterImpl-26e9f622-14fa-4607-9e54-b23a48ec8da2/datanode-2/data/ratis/d0b9b853-69da-4580-b4b7-5fc2bae16d33/in_use.lock acquired by nodename 7564@pr-hdds-2266-b8s26-4239225152
2019-10-10 00:00:37,057 [pool-439-thread-1] INFO  storage.RaftStorageDirectory (RaftStorageDirectory.java:tryLock(328)) - Lock on /workdir/hadoop-ozone/integration-test/target/test-dir/MiniOzoneClusterImpl-26e9f622-14fa-4607-9e54-b23a48ec8da2/datanode-3/data/ratis/d0b9b853-69da-4580-b4b7-5fc2bae16d33/in_use.lock acquired by nodename 7564@pr-hdds-2266-b8s26-4239225152
2019-10-10 00:00:37,057 [pool-409-thread-1] INFO  storage.RaftStorageDirectory (RaftStorageDirectory.java:tryLock(328)) - Lock on /workdir/hadoop-ozone/integration-test/target/test-dir/MiniOzoneClusterImpl-26e9f622-14fa-4607-9e54-b23a48ec8da2/datanode-0/data/ratis/d0b9b853-69da-4580-b4b7-5fc2bae16d33/in_use.lock acquired by nodename 7564@pr-hdds-2266-b8s26-4239225152
2019-10-10 00:00:37,074 [pool-409-thread-1] INFO  storage.RaftStorage (RaftStorage.java:format(84)) - Storage directory /workdir/hadoop-ozone/integration-test/target/test-dir/MiniOzoneClusterImpl-26e9f622-14fa-4607-9e54-b23a48ec8da2/datanode-0/data/ratis/d0b9b853-69da-4580-b4b7-5fc2bae16d33 has been successfully formatted.
2019-10-10 00:00:37,074 [pool-429-thread-1] INFO  storage.RaftStorage (RaftStorage.java:format(84)) - Storage directory /workdir/hadoop-ozone/integration-test/target/test-dir/MiniOzoneClusterImpl-26e9f622-14fa-4607-9e54-b23a48ec8da2/datanode-2/data/ratis/d0b9b853-69da-4580-b4b7-5fc2bae16d33 has been successfully formatted.
2019-10-10 00:00:37,074 [pool-439-thread-1] INFO  storage.RaftStorage (RaftStorage.java:format(84)) - Storage directory /workdir/hadoop-ozone/integration-test/target/test-dir/MiniOzoneClusterImpl-26e9f622-14fa-4607-9e54-b23a48ec8da2/datanode-3/data/ratis/d0b9b853-69da-4580-b4b7-5fc2bae16d33 has been successfully formatted.
2019-10-10 00:00:37,074 [pool-409-thread-1] INFO  ratis.ContainerStateMachine (ContainerStateMachine.java:loadSnapshot(231)) - group-5FC2BAE16D33: The snapshot info is null. Setting the last applied indexto:(t:0, i:~)
2019-10-10 00:00:37,074 [pool-439-thread-1] INFO  ratis.ContainerStateMachine (ContainerStateMachine.java:loadSnapshot(231)) - group-5FC2BAE16D33: The snapshot info is null. Setting the last applied indexto:(t:0, i:~)
2019-10-10 00:00:37,074 [pool-429-thread-1] INFO  ratis.ContainerStateMachine (ContainerStateMachine.java:loadSnapshot(231)) - group-5FC2BAE16D33: The snapshot info is null. Setting the last applied indexto:(t:0, i:~)
2019-10-10 00:00:37,074 [pool-439-thread-1] INFO  server.RaftServerConfigKeys (ConfUtils.java:logGet(43)) - raft.server.notification.no-leader.timeout = 120s (custom)
2019-10-10 00:00:37,074 [pool-409-thread-1] INFO  server.RaftServerConfigKeys (ConfUtils.java:logGet(43)) - raft.server.notification.no-leader.timeout = 120s (custom)
2019-10-10 00:00:37,075 [pool-439-thread-1] INFO  server.RaftServerConfigKeys (ConfUtils.java:logGet(43)) - raft.server.log.use.memory = false (default)
2019-10-10 00:00:37,074 [pool-429-thread-1] INFO  server.RaftServerConfigKeys (ConfUtils.java:logGet(43)) - raft.server.notification.no-leader.timeout = 120s (custom)
2019-10-10 00:00:37,075 [pool-439-thread-1] INFO  server.RaftServerConfigKeys (ConfUtils.java:logGet(43)) - raft.server.log.purge.gap = 1000000 (custom)
2019-10-10 00:00:37,075 [pool-409-thread-1] INFO  server.RaftServerConfigKeys (ConfUtils.java:logGet(43)) - raft.server.log.use.memory = false (default)
2019-10-10 00:00:37,075 [pool-439-thread-1] INFO  server.RaftServerConfigKeys (ConfUtils.java:logGet(43)) - raft.server.log.appender.buffer.byte-limit = 33554432 (custom)
2019-10-10 00:00:37,075 [pool-429-thread-1] INFO  server.RaftServerConfigKeys (ConfUtils.java:logGet(43)) - raft.server.log.use.memory = false (default)
2019-10-10 00:00:37,075 [pool-439-thread-1] INFO  server.RaftServerConfigKeys (ConfUtils.java:logGet(43)) - raft.server.log.segment.size.max = 1048576 (custom)
2019-10-10 00:00:37,075 [pool-409-thread-1] INFO  server.RaftServerConfigKeys (ConfUtils.java:logGet(43)) - raft.server.log.purge.gap = 1000000 (custom)
2019-10-10 00:00:37,075 [pool-439-thread-1] INFO  server.RaftServerConfigKeys (ConfUtils.java:logGet(43)) - raft.server.log.segment.cache.num.max = 2 (custom)
2019-10-10 00:00:37,075 [pool-429-thread-1] INFO  server.RaftServerConfigKeys (ConfUtils.java:logGet(43)) - raft.server.log.purge.gap = 1000000 (custom)
2019-10-10 00:00:37,076 [pool-439-thread-1] INFO  segmented.SegmentedRaftLogWorker (SegmentedRaftLogWorker.java:<init>(173)) - new 46c08da4-c4c9-4c47-95e8-a0ff6dbbc692@group-5FC2BAE16D33-SegmentedRaftLogWorker for RaftStorage:Storage Directory /workdir/hadoop-ozone/integration-test/target/test-dir/MiniOzoneClusterImpl-26e9f622-14fa-4607-9e54-b23a48ec8da2/datanode-3/data/ratis/d0b9b853-69da-4580-b4b7-5fc2bae16d33
2019-10-10 00:00:37,075 [pool-409-thread-1] INFO  server.RaftServerConfigKeys (ConfUtils.java:logGet(43)) - raft.server.log.appender.buffer.byte-limit = 33554432 (custom)
2019-10-10 00:00:37,076 [pool-439-thread-1] INFO  server.RaftServerConfigKeys (ConfUtils.java:logGet(43)) - raft.server.log.queue.byte-limit = 2147483647 (custom)
2019-10-10 00:00:37,076 [pool-429-thread-1] INFO  server.RaftServerConfigKeys (ConfUtils.java:logGet(43)) - raft.server.log.appender.buffer.byte-limit = 33554432 (custom)
2019-10-10 00:00:37,076 [pool-439-thread-1] INFO  server.RaftServerConfigKeys (ConfUtils.java:logGet(43)) - raft.server.log.queue.element-limit = 1024 (custom)
2019-10-10 00:00:37,076 [pool-409-thread-1] INFO  server.RaftServerConfigKeys (ConfUtils.java:logGet(43)) - raft.server.log.segment.size.max = 1048576 (custom)
2019-10-10 00:00:37,076 [pool-439-thread-1] INFO  server.RaftServerConfigKeys (ConfUtils.java:logGet(43)) - raft.server.log.segment.size.max = 1048576 (custom)
2019-10-10 00:00:37,076 [pool-429-thread-1] INFO  server.RaftServerConfigKeys (ConfUtils.java:logGet(43)) - raft.server.log.segment.size.max = 1048576 (custom)
2019-10-10 00:00:37,077 [pool-439-thread-1] INFO  server.RaftServerConfigKeys (ConfUtils.java:logGet(43)) - raft.server.log.preallocated.size = 16384 (custom)
2019-10-10 00:00:37,077 [pool-409-thread-1] INFO  server.RaftServerConfigKeys (ConfUtils.java:logGet(43)) - raft.server.log.segment.cache.num.max = 2 (custom)
2019-10-10 00:00:37,077 [pool-439-thread-1] INFO  server.RaftServerConfigKeys (ConfUtils.java:logGet(43)) - raft.server.log.write.buffer.size = 33554432 (custom)
2019-10-10 00:00:37,077 [pool-429-thread-1] INFO  server.RaftServerConfigKeys (ConfUtils.java:logGet(43)) - raft.server.log.segment.cache.num.max = 2 (custom)
2019-10-10 00:00:37,077 [pool-439-thread-1] INFO  server.RaftServerConfigKeys (ConfUtils.java:logGet(43)) - raft.server.log.force.sync.num = 128 (default)
2019-10-10 00:00:37,077 [pool-409-thread-1] INFO  segmented.SegmentedRaftLogWorker (SegmentedRaftLogWorker.java:<init>(173)) - new eda76c84-8d1f-4853-b180-ea76f8b0e08a@group-5FC2BAE16D33-SegmentedRaftLogWorker for RaftStorage:Storage Directory /workdir/hadoop-ozone/integration-test/target/test-dir/MiniOzoneClusterImpl-26e9f622-14fa-4607-9e54-b23a48ec8da2/datanode-0/data/ratis/d0b9b853-69da-4580-b4b7-5fc2bae16d33
2019-10-10 00:00:37,077 [pool-439-thread-1] INFO  server.RaftServerConfigKeys (ConfUtils.java:logGet(43)) - raft.server.log.statemachine.data.sync = true (default)
2019-10-10 00:00:37,077 [pool-429-thread-1] INFO  segmented.SegmentedRaftLogWorker (SegmentedRaftLogWorker.java:<init>(173)) - new 10712198-501a-4bd0-b522-e21629ca693c@group-5FC2BAE16D33-SegmentedRaftLogWorker for RaftStorage:Storage Directory /workdir/hadoop-ozone/integration-test/target/test-dir/MiniOzoneClusterImpl-26e9f622-14fa-4607-9e54-b23a48ec8da2/datanode-2/data/ratis/d0b9b853-69da-4580-b4b7-5fc2bae16d33
2019-10-10 00:00:37,077 [pool-439-thread-1] INFO  server.RaftServerConfigKeys (ConfUtils.java:logGet(43)) - raft.server.log.statemachine.data.sync.timeout = 10s (default)
2019-10-10 00:00:37,077 [pool-409-thread-1] INFO  server.RaftServerConfigKeys (ConfUtils.java:logGet(43)) - raft.server.log.queue.byte-limit = 2147483647 (custom)
2019-10-10 00:00:37,078 [pool-439-thread-1] INFO  server.RaftServerConfigKeys (ConfUtils.java:logGet(43)) - raft.server.log.statemachine.data.sync.timeout.retry = -1 (default)
2019-10-10 00:00:37,078 [pool-429-thread-1] INFO  server.RaftServerConfigKeys (ConfUtils.java:logGet(43)) - raft.server.log.queue.byte-limit = 2147483647 (custom)
2019-10-10 00:00:37,078 [pool-439-thread-1] INFO  server.RaftServerConfigKeys (ConfUtils.java:logGet(43)) - raft.server.log.statemachine.data.caching.enabled = true (custom)
2019-10-10 00:00:37,078 [pool-409-thread-1] INFO  server.RaftServerConfigKeys (ConfUtils.java:logGet(43)) - raft.server.log.queue.element-limit = 1024 (custom)
2019-10-10 00:00:37,078 [pool-429-thread-1] INFO  server.RaftServerConfigKeys (ConfUtils.java:logGet(43)) - raft.server.log.queue.element-limit = 1024 (custom)
2019-10-10 00:00:37,078 [pool-429-thread-1] INFO  server.RaftServerConfigKeys (ConfUtils.java:logGet(43)) - raft.server.log.segment.size.max = 1048576 (custom)
2019-10-10 00:00:37,079 [pool-429-thread-1] INFO  server.RaftServerConfigKeys (ConfUtils.java:logGet(43)) - raft.server.log.preallocated.size = 16384 (custom)
2019-10-10 00:00:37,079 [pool-429-thread-1] INFO  server.RaftServerConfigKeys (ConfUtils.java:logGet(43)) - raft.server.log.write.buffer.size = 33554432 (custom)
2019-10-10 00:00:37,078 [pool-439-thread-1] INFO  segmented.SegmentedRaftLogWorker (SegmentedRaftLogWorker.java:lambda$new$0(128)) - 46c08da4-c4c9-4c47-95e8-a0ff6dbbc692@group-5FC2BAE16D33-SegmentedRaftLogWorker: flushIndex: setUnconditionally 0 -> -1
2019-10-10 00:00:37,078 [pool-409-thread-1] INFO  server.RaftServerConfigKeys (ConfUtils.java:logGet(43)) - raft.server.log.segment.size.max = 1048576 (custom)
2019-10-10 00:00:37,079 [pool-429-thread-1] INFO  server.RaftServerConfigKeys (ConfUtils.java:logGet(43)) - raft.server.log.force.sync.num = 128 (default)
2019-10-10 00:00:37,079 [pool-439-thread-1] INFO  server.RaftServerConfigKeys (ConfUtils.java:logGet(43)) - raft.server.snapshot.auto.trigger.enabled = true (custom)
2019-10-10 00:00:37,079 [pool-409-thread-1] INFO  server.RaftServerConfigKeys (ConfUtils.java:logGet(43)) - raft.server.log.preallocated.size = 16384 (custom)
2019-10-10 00:00:37,080 [pool-439-thread-1] INFO  server.RaftServerConfigKeys (ConfUtils.java:logGet(43)) - raft.server.snapshot.auto.trigger.threshold = 10000 (custom)
2019-10-10 00:00:37,079 [pool-429-thread-1] INFO  server.RaftServerConfigKeys (ConfUtils.java:logGet(43)) - raft.server.log.statemachine.data.sync = true (default)
2019-10-10 00:00:37,080 [pool-439-thread-1] INFO  server.RaftServerConfigKeys (ConfUtils.java:logGet(43)) - raft.server.snapshot.retention.file.num = 5 (custom)
2019-10-10 00:00:37,080 [pool-409-thread-1] INFO  server.RaftServerConfigKeys (ConfUtils.java:logGet(43)) - raft.server.log.write.buffer.size = 33554432 (custom)
2019-10-10 00:00:37,080 [pool-439-thread-1] INFO  server.RaftServerConfigKeys (ConfUtils.java:logGet(43)) - raft.server.retrycache.expirytime = 600000ms (custom)
2019-10-10 00:00:37,080 [pool-429-thread-1] INFO  server.RaftServerConfigKeys (ConfUtils.java:logGet(43)) - raft.server.log.statemachine.data.sync.timeout = 10s (default)
2019-10-10 00:00:37,080 [pool-409-thread-1] INFO  server.RaftServerConfigKeys (ConfUtils.java:logGet(43)) - raft.server.log.force.sync.num = 128 (default)
2019-10-10 00:00:37,080 [pool-429-thread-1] INFO  server.RaftServerConfigKeys (ConfUtils.java:logGet(43)) - raft.server.log.statemachine.data.sync.timeout.retry = -1 (default)
2019-10-10 00:00:37,080 [pool-409-thread-1] INFO  server.RaftServerConfigKeys (ConfUtils.java:logGet(43)) - raft.server.log.statemachine.data.sync = true (default)
2019-10-10 00:00:37,081 [pool-429-thread-1] INFO  server.RaftServerConfigKeys (ConfUtils.java:logGet(43)) - raft.server.log.statemachine.data.caching.enabled = true (custom)
2019-10-10 00:00:37,081 [pool-409-thread-1] INFO  server.RaftServerConfigKeys (ConfUtils.java:logGet(43)) - raft.server.log.statemachine.data.sync.timeout = 10s (default)
2019-10-10 00:00:37,081 [pool-409-thread-1] INFO  server.RaftServerConfigKeys (ConfUtils.java:logGet(43)) - raft.server.log.statemachine.data.sync.timeout.retry = -1 (default)
2019-10-10 00:00:37,081 [pool-429-thread-1] INFO  segmented.SegmentedRaftLogWorker (SegmentedRaftLogWorker.java:lambda$new$0(128)) - 10712198-501a-4bd0-b522-e21629ca693c@group-5FC2BAE16D33-SegmentedRaftLogWorker: flushIndex: setUnconditionally 0 -> -1
2019-10-10 00:00:37,081 [pool-409-thread-1] INFO  server.RaftServerConfigKeys (ConfUtils.java:logGet(43)) - raft.server.log.statemachine.data.caching.enabled = true (custom)
2019-10-10 00:00:37,081 [pool-429-thread-1] INFO  server.RaftServerConfigKeys (ConfUtils.java:logGet(43)) - raft.server.snapshot.auto.trigger.enabled = true (custom)
2019-10-10 00:00:37,081 [pool-409-thread-1] INFO  segmented.SegmentedRaftLogWorker (SegmentedRaftLogWorker.java:lambda$new$0(128)) - eda76c84-8d1f-4853-b180-ea76f8b0e08a@group-5FC2BAE16D33-SegmentedRaftLogWorker: flushIndex: setUnconditionally 0 -> -1
2019-10-10 00:00:37,082 [pool-429-thread-1] INFO  server.RaftServerConfigKeys (ConfUtils.java:logGet(43)) - raft.server.snapshot.auto.trigger.threshold = 10000 (custom)
2019-10-10 00:00:37,082 [pool-409-thread-1] INFO  server.RaftServerConfigKeys (ConfUtils.java:logGet(43)) - raft.server.snapshot.auto.trigger.enabled = true (custom)
2019-10-10 00:00:37,082 [pool-429-thread-1] INFO  server.RaftServerConfigKeys (ConfUtils.java:logGet(43)) - raft.server.snapshot.retention.file.num = 5 (custom)
2019-10-10 00:00:37,082 [pool-439-thread-1] INFO  impl.RaftServerImpl (RaftServerImpl.java:start(181)) - 46c08da4-c4c9-4c47-95e8-a0ff6dbbc692@group-5FC2BAE16D33: start as a follower, conf=-1: [46c08da4-c4c9-4c47-95e8-a0ff6dbbc692:192.168.157.245:37207, eda76c84-8d1f-4853-b180-ea76f8b0e08a:192.168.157.245:39224, 10712198-501a-4bd0-b522-e21629ca693c:192.168.157.245:36343], old=null
2019-10-10 00:00:37,082 [pool-409-thread-1] INFO  server.RaftServerConfigKeys (ConfUtils.java:logGet(43)) - raft.server.snapshot.auto.trigger.threshold = 10000 (custom)
2019-10-10 00:00:37,082 [pool-439-thread-1] INFO  impl.RaftServerImpl (RaftServerImpl.java:setRole(170)) - 46c08da4-c4c9-4c47-95e8-a0ff6dbbc692@group-5FC2BAE16D33: changes role from      null to FOLLOWER at term 0 for startAsFollower
2019-10-10 00:00:37,082 [pool-429-thread-1] INFO  server.RaftServerConfigKeys (ConfUtils.java:logGet(43)) - raft.server.retrycache.expirytime = 600000ms (custom)
2019-10-10 00:00:37,083 [pool-439-thread-1] INFO  impl.RoleInfo (RoleInfo.java:updateAndGet(143)) - 46c08da4-c4c9-4c47-95e8-a0ff6dbbc692: start FollowerState
2019-10-10 00:00:37,082 [pool-409-thread-1] INFO  server.RaftServerConfigKeys (ConfUtils.java:logGet(43)) - raft.server.snapshot.retention.file.num = 5 (custom)
2019-10-10 00:00:37,083 [pool-409-thread-1] INFO  server.RaftServerConfigKeys (ConfUtils.java:logGet(43)) - raft.server.retrycache.expirytime = 600000ms (custom)
2019-10-10 00:00:37,083 [pool-439-thread-1] INFO  util.JmxRegister (JmxRegister.java:tryRegister(44)) - Successfully registered JMX Bean with object name Ratis:service=RaftServer,group=group-5FC2BAE16D33,id=46c08da4-c4c9-4c47-95e8-a0ff6dbbc692
2019-10-10 00:00:37,086 [pool-429-thread-1] INFO  impl.RaftServerImpl (RaftServerImpl.java:start(181)) - 10712198-501a-4bd0-b522-e21629ca693c@group-5FC2BAE16D33: start as a follower, conf=-1: [46c08da4-c4c9-4c47-95e8-a0ff6dbbc692:192.168.157.245:37207, eda76c84-8d1f-4853-b180-ea76f8b0e08a:192.168.157.245:39224, 10712198-501a-4bd0-b522-e21629ca693c:192.168.157.245:36343], old=null
2019-10-10 00:00:37,086 [pool-429-thread-1] INFO  impl.RaftServerImpl (RaftServerImpl.java:setRole(170)) - 10712198-501a-4bd0-b522-e21629ca693c@group-5FC2BAE16D33: changes role from      null to FOLLOWER at term 0 for startAsFollower
2019-10-10 00:00:37,086 [pool-409-thread-1] INFO  impl.RaftServerImpl (RaftServerImpl.java:start(181)) - eda76c84-8d1f-4853-b180-ea76f8b0e08a@group-5FC2BAE16D33: start as a follower, conf=-1: [46c08da4-c4c9-4c47-95e8-a0ff6dbbc692:192.168.157.245:37207, eda76c84-8d1f-4853-b180-ea76f8b0e08a:192.168.157.245:39224, 10712198-501a-4bd0-b522-e21629ca693c:192.168.157.245:36343], old=null
2019-10-10 00:00:37,086 [pool-429-thread-1] INFO  impl.RoleInfo (RoleInfo.java:updateAndGet(143)) - 10712198-501a-4bd0-b522-e21629ca693c: start FollowerState
2019-10-10 00:00:37,086 [pool-409-thread-1] INFO  impl.RaftServerImpl (RaftServerImpl.java:setRole(170)) - eda76c84-8d1f-4853-b180-ea76f8b0e08a@group-5FC2BAE16D33: changes role from      null to FOLLOWER at term 0 for startAsFollower
2019-10-10 00:00:37,086 [pool-409-thread-1] INFO  impl.RoleInfo (RoleInfo.java:updateAndGet(143)) - eda76c84-8d1f-4853-b180-ea76f8b0e08a: start FollowerState
2019-10-10 00:00:37,086 [pool-429-thread-1] INFO  util.JmxRegister (JmxRegister.java:tryRegister(44)) - Successfully registered JMX Bean with object name Ratis:service=RaftServer,group=group-5FC2BAE16D33,id=10712198-501a-4bd0-b522-e21629ca693c
2019-10-10 00:00:37,097 [pool-409-thread-1] INFO  util.JmxRegister (JmxRegister.java:tryRegister(44)) - Successfully registered JMX Bean with object name Ratis:service=RaftServer,group=group-5FC2BAE16D33,id=eda76c84-8d1f-4853-b180-ea76f8b0e08a
2019-10-10 00:00:37,115 [IPC Server handler 3 on 45522] INFO  net.NetworkTopology (NetworkTopologyImpl.java:add(111)) - Added a new node: /default-rack/af68696b-9559-4489-94b7-1ded23028e6c
2019-10-10 00:00:37,115 [IPC Server handler 3 on 45522] INFO  node.SCMNodeManager (SCMNodeManager.java:register(268)) - Registered Data node : af68696b-9559-4489-94b7-1ded23028e6c{ip: 192.168.157.245, host: pr-hdds-2266-b8s26-4239225152, networkLocation: /default-rack, certSerialId: null}
2019-10-10 00:00:37,115 [RatisPipelineUtilsThread] INFO  pipeline.PipelineStateManager (PipelineStateManager.java:addPipeline(56)) - Created pipeline Pipeline[ Id: d0b9b853-69da-4580-b4b7-5fc2bae16d33, Nodes: 10712198-501a-4bd0-b522-e21629ca693c{ip: 192.168.157.245, host: pr-hdds-2266-b8s26-4239225152, networkLocation: /default-rack, certSerialId: null}eda76c84-8d1f-4853-b180-ea76f8b0e08a{ip: 192.168.157.245, host: pr-hdds-2266-b8s26-4239225152, networkLocation: /default-rack, certSerialId: null}46c08da4-c4c9-4c47-95e8-a0ff6dbbc692{ip: 192.168.157.245, host: pr-hdds-2266-b8s26-4239225152, networkLocation: /default-rack, certSerialId: null}, Type:RATIS, Factor:THREE, State:OPEN]
2019-10-10 00:00:37,130 [grpc-default-executor-1] INFO  impl.RaftServerProxy (RaftServerProxy.java:addNew(89)) - f5c6cedc-5e2f-4b88-839f-eb18816aa586: addNew group-9798C274A43A:[af68696b-9559-4489-94b7-1ded23028e6c:192.168.157.245:42194, f7263369-3513-4a4c-970a-cf6ede1fc488:192.168.157.245:45935, f5c6cedc-5e2f-4b88-839f-eb18816aa586:192.168.157.245:42381] returns group-9798C274A43A:java.util.concurrent.CompletableFuture@9f44d8[Not completed]
2019-10-10 00:00:37,130 [grpc-default-executor-4] INFO  impl.RaftServerProxy (RaftServerProxy.java:addNew(89)) - af68696b-9559-4489-94b7-1ded23028e6c: addNew group-9798C274A43A:[af68696b-9559-4489-94b7-1ded23028e6c:192.168.157.245:42194, f7263369-3513-4a4c-970a-cf6ede1fc488:192.168.157.245:45935, f5c6cedc-5e2f-4b88-839f-eb18816aa586:192.168.157.245:42381] returns group-9798C274A43A:java.util.concurrent.CompletableFuture@60ce9252[Not completed]
2019-10-10 00:00:37,135 [grpc-default-executor-1] INFO  impl.RaftServerProxy (RaftServerProxy.java:addNew(89)) - f7263369-3513-4a4c-970a-cf6ede1fc488: addNew group-9798C274A43A:[af68696b-9559-4489-94b7-1ded23028e6c:192.168.157.245:42194, f7263369-3513-4a4c-970a-cf6ede1fc488:192.168.157.245:45935, f5c6cedc-5e2f-4b88-839f-eb18816aa586:192.168.157.245:42381] returns group-9798C274A43A:java.util.concurrent.CompletableFuture@3eccece8[Not completed]
2019-10-10 00:00:37,135 [pool-419-thread-1] INFO  impl.RaftServerImpl (RaftServerImpl.java:<init>(95)) - f5c6cedc-5e2f-4b88-839f-eb18816aa586: new RaftServerImpl for group-9798C274A43A:[af68696b-9559-4489-94b7-1ded23028e6c:192.168.157.245:42194, f7263369-3513-4a4c-970a-cf6ede1fc488:192.168.157.245:45935, f5c6cedc-5e2f-4b88-839f-eb18816aa586:192.168.157.245:42381] with ContainerStateMachine:uninitialized
2019-10-10 00:00:37,136 [pool-419-thread-1] INFO  server.RaftServerConfigKeys (ConfUtils.java:logGet(43)) - raft.server.rpc.timeout.min = 5s (custom)
2019-10-10 00:00:37,136 [pool-419-thread-1] INFO  server.RaftServerConfigKeys (ConfUtils.java:logGet(43)) - raft.server.rpc.timeout.max = 5200ms (custom)
2019-10-10 00:00:37,136 [pool-449-thread-1] INFO  impl.RaftServerImpl (RaftServerImpl.java:<init>(95)) - f7263369-3513-4a4c-970a-cf6ede1fc488: new RaftServerImpl for group-9798C274A43A:[af68696b-9559-4489-94b7-1ded23028e6c:192.168.157.245:42194, f7263369-3513-4a4c-970a-cf6ede1fc488:192.168.157.245:45935, f5c6cedc-5e2f-4b88-839f-eb18816aa586:192.168.157.245:42381] with ContainerStateMachine:uninitialized
2019-10-10 00:00:37,136 [pool-419-thread-1] INFO  server.RaftServerConfigKeys (ConfUtils.java:logGet(43)) - raft.server.rpcslowness.timeout = 120s (custom)
2019-10-10 00:00:37,136 [pool-449-thread-1] INFO  server.RaftServerConfigKeys (ConfUtils.java:logGet(43)) - raft.server.rpc.timeout.min = 5s (custom)
2019-10-10 00:00:37,136 [pool-419-thread-1] INFO  server.RaftServerConfigKeys (ConfUtils.java:logGet(43)) - raft.server.sleep.deviation.threshold = 300 (default)
2019-10-10 00:00:37,136 [pool-449-thread-1] INFO  server.RaftServerConfigKeys (ConfUtils.java:logGet(43)) - raft.server.rpc.timeout.max = 5200ms (custom)
2019-10-10 00:00:37,136 [pool-449-thread-1] INFO  server.RaftServerConfigKeys (ConfUtils.java:logGet(43)) - raft.server.rpcslowness.timeout = 120s (custom)
2019-10-10 00:00:37,136 [pool-459-thread-1] INFO  impl.RaftServerImpl (RaftServerImpl.java:<init>(95)) - af68696b-9559-4489-94b7-1ded23028e6c: new RaftServerImpl for group-9798C274A43A:[af68696b-9559-4489-94b7-1ded23028e6c:192.168.157.245:42194, f7263369-3513-4a4c-970a-cf6ede1fc488:192.168.157.245:45935, f5c6cedc-5e2f-4b88-839f-eb18816aa586:192.168.157.245:42381] with ContainerStateMachine:uninitialized
2019-10-10 00:00:37,136 [pool-419-thread-1] INFO  server.RaftServerConfigKeys (ConfUtils.java:logGet(43)) - raft.server.log.appender.install.snapshot.enabled = false (custom)
2019-10-10 00:00:37,136 [pool-459-thread-1] INFO  server.RaftServerConfigKeys (ConfUtils.java:logGet(43)) - raft.server.rpc.timeout.min = 5s (custom)
2019-10-10 00:00:37,136 [pool-449-thread-1] INFO  server.RaftServerConfigKeys (ConfUtils.java:logGet(43)) - raft.server.sleep.deviation.threshold = 300 (default)
2019-10-10 00:00:37,136 [pool-459-thread-1] INFO  server.RaftServerConfigKeys (ConfUtils.java:logGet(43)) - raft.server.rpc.timeout.max = 5200ms (custom)
2019-10-10 00:00:37,136 [pool-419-thread-1] INFO  impl.RaftServerImpl (ServerState.java:<init>(103)) - f5c6cedc-5e2f-4b88-839f-eb18816aa586@group-9798C274A43A: ConfigurationManager, init=-1: [af68696b-9559-4489-94b7-1ded23028e6c:192.168.157.245:42194, f7263369-3513-4a4c-970a-cf6ede1fc488:192.168.157.245:45935, f5c6cedc-5e2f-4b88-839f-eb18816aa586:192.168.157.245:42381], old=null, confs=<EMPTY_MAP>
2019-10-10 00:00:37,137 [pool-459-thread-1] INFO  server.RaftServerConfigKeys (ConfUtils.java:logGet(43)) - raft.server.rpcslowness.timeout = 120s (custom)
2019-10-10 00:00:37,136 [pool-449-thread-1] INFO  server.RaftServerConfigKeys (ConfUtils.java:logGet(43)) - raft.server.log.appender.install.snapshot.enabled = false (custom)
2019-10-10 00:00:37,137 [pool-459-thread-1] INFO  server.RaftServerConfigKeys (ConfUtils.java:logGet(43)) - raft.server.sleep.deviation.threshold = 300 (default)
2019-10-10 00:00:37,137 [pool-419-thread-1] INFO  server.RaftServerConfigKeys (ConfUtils.java:logGet(43)) - raft.server.storage.dir = [/workdir/hadoop-ozone/integration-test/target/test-dir/MiniOzoneClusterImpl-26e9f622-14fa-4607-9e54-b23a48ec8da2/datanode-1/data/ratis] (custom)
2019-10-10 00:00:37,137 [pool-459-thread-1] INFO  server.RaftServerConfigKeys (ConfUtils.java:logGet(43)) - raft.server.log.appender.install.snapshot.enabled = false (custom)
2019-10-10 00:00:37,137 [pool-449-thread-1] INFO  impl.RaftServerImpl (ServerState.java:<init>(103)) - f7263369-3513-4a4c-970a-cf6ede1fc488@group-9798C274A43A: ConfigurationManager, init=-1: [af68696b-9559-4489-94b7-1ded23028e6c:192.168.157.245:42194, f7263369-3513-4a4c-970a-cf6ede1fc488:192.168.157.245:45935, f5c6cedc-5e2f-4b88-839f-eb18816aa586:192.168.157.245:42381], old=null, confs=<EMPTY_MAP>
2019-10-10 00:00:37,137 [pool-459-thread-1] INFO  impl.RaftServerImpl (ServerState.java:<init>(103)) - af68696b-9559-4489-94b7-1ded23028e6c@group-9798C274A43A: ConfigurationManager, init=-1: [af68696b-9559-4489-94b7-1ded23028e6c:192.168.157.245:42194, f7263369-3513-4a4c-970a-cf6ede1fc488:192.168.157.245:45935, f5c6cedc-5e2f-4b88-839f-eb18816aa586:192.168.157.245:42381], old=null, confs=<EMPTY_MAP>
2019-10-10 00:00:37,137 [pool-449-thread-1] INFO  server.RaftServerConfigKeys (ConfUtils.java:logGet(43)) - raft.server.storage.dir = [/workdir/hadoop-ozone/integration-test/target/test-dir/MiniOzoneClusterImpl-26e9f622-14fa-4607-9e54-b23a48ec8da2/datanode-4/data/ratis] (custom)
2019-10-10 00:00:37,137 [pool-419-thread-1] INFO  server.RaftServerConfigKeys (ConfUtils.java:logGet(43)) - raft.server.log.corruption.policy = EXCEPTION (default)
2019-10-10 00:00:37,137 [pool-459-thread-1] INFO  server.RaftServerConfigKeys (ConfUtils.java:logGet(43)) - raft.server.storage.dir = [/workdir/hadoop-ozone/integration-test/target/test-dir/MiniOzoneClusterImpl-26e9f622-14fa-4607-9e54-b23a48ec8da2/datanode-5/data/ratis] (custom)
2019-10-10 00:00:37,137 [pool-419-thread-1] INFO  storage.RaftStorageDirectory (RaftStorageDirectory.java:analyzeStorage(246)) - The storage directory /workdir/hadoop-ozone/integration-test/target/test-dir/MiniOzoneClusterImpl-26e9f622-14fa-4607-9e54-b23a48ec8da2/datanode-1/data/ratis/04da7221-6db5-436d-9908-9798c274a43a does not exist. Creating ...
2019-10-10 00:00:37,137 [pool-449-thread-1] INFO  server.RaftServerConfigKeys (ConfUtils.java:logGet(43)) - raft.server.log.corruption.policy = EXCEPTION (default)
2019-10-10 00:00:37,138 [pool-459-thread-1] INFO  server.RaftServerConfigKeys (ConfUtils.java:logGet(43)) - raft.server.log.corruption.policy = EXCEPTION (default)
2019-10-10 00:00:37,138 [pool-449-thread-1] INFO  storage.RaftStorageDirectory (RaftStorageDirectory.java:analyzeStorage(246)) - The storage directory /workdir/hadoop-ozone/integration-test/target/test-dir/MiniOzoneClusterImpl-26e9f622-14fa-4607-9e54-b23a48ec8da2/datanode-4/data/ratis/04da7221-6db5-436d-9908-9798c274a43a does not exist. Creating ...
2019-10-10 00:00:37,138 [pool-459-thread-1] INFO  storage.RaftStorageDirectory (RaftStorageDirectory.java:analyzeStorage(246)) - The storage directory /workdir/hadoop-ozone/integration-test/target/test-dir/MiniOzoneClusterImpl-26e9f622-14fa-4607-9e54-b23a48ec8da2/datanode-5/data/ratis/04da7221-6db5-436d-9908-9798c274a43a does not exist. Creating ...
2019-10-10 00:00:37,151 [pool-419-thread-1] INFO  storage.RaftStorageDirectory (RaftStorageDirectory.java:tryLock(328)) - Lock on /workdir/hadoop-ozone/integration-test/target/test-dir/MiniOzoneClusterImpl-26e9f622-14fa-4607-9e54-b23a48ec8da2/datanode-1/data/ratis/04da7221-6db5-436d-9908-9798c274a43a/in_use.lock acquired by nodename 7564@pr-hdds-2266-b8s26-4239225152
2019-10-10 00:00:37,151 [pool-459-thread-1] INFO  storage.RaftStorageDirectory (RaftStorageDirectory.java:tryLock(328)) - Lock on /workdir/hadoop-ozone/integration-test/target/test-dir/MiniOzoneClusterImpl-26e9f622-14fa-4607-9e54-b23a48ec8da2/datanode-5/data/ratis/04da7221-6db5-436d-9908-9798c274a43a/in_use.lock acquired by nodename 7564@pr-hdds-2266-b8s26-4239225152
2019-10-10 00:00:37,151 [pool-449-thread-1] INFO  storage.RaftStorageDirectory (RaftStorageDirectory.java:tryLock(328)) - Lock on /workdir/hadoop-ozone/integration-test/target/test-dir/MiniOzoneClusterImpl-26e9f622-14fa-4607-9e54-b23a48ec8da2/datanode-4/data/ratis/04da7221-6db5-436d-9908-9798c274a43a/in_use.lock acquired by nodename 7564@pr-hdds-2266-b8s26-4239225152
2019-10-10 00:00:37,156 [pool-419-thread-1] INFO  storage.RaftStorage (RaftStorage.java:format(84)) - Storage directory /workdir/hadoop-ozone/integration-test/target/test-dir/MiniOzoneClusterImpl-26e9f622-14fa-4607-9e54-b23a48ec8da2/datanode-1/data/ratis/04da7221-6db5-436d-9908-9798c274a43a has been successfully formatted.
2019-10-10 00:00:37,156 [pool-449-thread-1] INFO  storage.RaftStorage (RaftStorage.java:format(84)) - Storage directory /workdir/hadoop-ozone/integration-test/target/test-dir/MiniOzoneClusterImpl-26e9f622-14fa-4607-9e54-b23a48ec8da2/datanode-4/data/ratis/04da7221-6db5-436d-9908-9798c274a43a has been successfully formatted.
2019-10-10 00:00:37,156 [pool-419-thread-1] INFO  ratis.ContainerStateMachine (ContainerStateMachine.java:loadSnapshot(231)) - group-9798C274A43A: The snapshot info is null. Setting the last applied indexto:(t:0, i:~)
2019-10-10 00:00:37,156 [pool-459-thread-1] INFO  storage.RaftStorage (RaftStorage.java:format(84)) - Storage directory /workdir/hadoop-ozone/integration-test/target/test-dir/MiniOzoneClusterImpl-26e9f622-14fa-4607-9e54-b23a48ec8da2/datanode-5/data/ratis/04da7221-6db5-436d-9908-9798c274a43a has been successfully formatted.
2019-10-10 00:00:37,156 [pool-449-thread-1] INFO  ratis.ContainerStateMachine (ContainerStateMachine.java:loadSnapshot(231)) - group-9798C274A43A: The snapshot info is null. Setting the last applied indexto:(t:0, i:~)
2019-10-10 00:00:37,156 [pool-419-thread-1] INFO  server.RaftServerConfigKeys (ConfUtils.java:logGet(43)) - raft.server.notification.no-leader.timeout = 120s (custom)
2019-10-10 00:00:37,156 [pool-449-thread-1] INFO  server.RaftServerConfigKeys (ConfUtils.java:logGet(43)) - raft.server.notification.no-leader.timeout = 120s (custom)
2019-10-10 00:00:37,156 [pool-459-thread-1] INFO  ratis.ContainerStateMachine (ContainerStateMachine.java:loadSnapshot(231)) - group-9798C274A43A: The snapshot info is null. Setting the last applied indexto:(t:0, i:~)
2019-10-10 00:00:37,156 [pool-449-thread-1] INFO  server.RaftServerConfigKeys (ConfUtils.java:logGet(43)) - raft.server.log.use.memory = false (default)
2019-10-10 00:00:37,156 [pool-419-thread-1] INFO  server.RaftServerConfigKeys (ConfUtils.java:logGet(43)) - raft.server.log.use.memory = false (default)
2019-10-10 00:00:37,157 [pool-449-thread-1] INFO  server.RaftServerConfigKeys (ConfUtils.java:logGet(43)) - raft.server.log.purge.gap = 1000000 (custom)
2019-10-10 00:00:37,157 [pool-459-thread-1] INFO  server.RaftServerConfigKeys (ConfUtils.java:logGet(43)) - raft.server.notification.no-leader.timeout = 120s (custom)
2019-10-10 00:00:37,157 [pool-449-thread-1] INFO  server.RaftServerConfigKeys (ConfUtils.java:logGet(43)) - raft.server.log.appender.buffer.byte-limit = 33554432 (custom)
2019-10-10 00:00:37,157 [pool-419-thread-1] INFO  server.RaftServerConfigKeys (ConfUtils.java:logGet(43)) - raft.server.log.purge.gap = 1000000 (custom)
2019-10-10 00:00:37,157 [pool-449-thread-1] INFO  server.RaftServerConfigKeys (ConfUtils.java:logGet(43)) - raft.server.log.segment.size.max = 1048576 (custom)
2019-10-10 00:00:37,157 [pool-459-thread-1] INFO  server.RaftServerConfigKeys (ConfUtils.java:logGet(43)) - raft.server.log.use.memory = false (default)
2019-10-10 00:00:37,157 [pool-419-thread-1] INFO  server.RaftServerConfigKeys (ConfUtils.java:logGet(43)) - raft.server.log.appender.buffer.byte-limit = 33554432 (custom)
2019-10-10 00:00:37,157 [pool-459-thread-1] INFO  server.RaftServerConfigKeys (ConfUtils.java:logGet(43)) - raft.server.log.purge.gap = 1000000 (custom)
2019-10-10 00:00:37,157 [pool-419-thread-1] INFO  server.RaftServerConfigKeys (ConfUtils.java:logGet(43)) - raft.server.log.segment.size.max = 1048576 (custom)
2019-10-10 00:00:37,158 [pool-459-thread-1] INFO  server.RaftServerConfigKeys (ConfUtils.java:logGet(43)) - raft.server.log.appender.buffer.byte-limit = 33554432 (custom)
2019-10-10 00:00:37,158 [pool-419-thread-1] INFO  server.RaftServerConfigKeys (ConfUtils.java:logGet(43)) - raft.server.log.segment.cache.num.max = 2 (custom)
2019-10-10 00:00:37,158 [pool-459-thread-1] INFO  server.RaftServerConfigKeys (ConfUtils.java:logGet(43)) - raft.server.log.segment.size.max = 1048576 (custom)
2019-10-10 00:00:37,158 [pool-419-thread-1] INFO  segmented.SegmentedRaftLogWorker (SegmentedRaftLogWorker.java:<init>(173)) - new f5c6cedc-5e2f-4b88-839f-eb18816aa586@group-9798C274A43A-SegmentedRaftLogWorker for RaftStorage:Storage Directory /workdir/hadoop-ozone/integration-test/target/test-dir/MiniOzoneClusterImpl-26e9f622-14fa-4607-9e54-b23a48ec8da2/datanode-1/data/ratis/04da7221-6db5-436d-9908-9798c274a43a
2019-10-10 00:00:37,158 [pool-419-thread-1] INFO  server.RaftServerConfigKeys (ConfUtils.java:logGet(43)) - raft.server.log.queue.byte-limit = 2147483647 (custom)
2019-10-10 00:00:37,158 [pool-419-thread-1] INFO  server.RaftServerConfigKeys (ConfUtils.java:logGet(43)) - raft.server.log.queue.element-limit = 1024 (custom)
2019-10-10 00:00:37,158 [pool-419-thread-1] INFO  server.RaftServerConfigKeys (ConfUtils.java:logGet(43)) - raft.server.log.segment.size.max = 1048576 (custom)
2019-10-10 00:00:37,158 [pool-419-thread-1] INFO  server.RaftServerConfigKeys (ConfUtils.java:logGet(43)) - raft.server.log.preallocated.size = 16384 (custom)
2019-10-10 00:00:37,158 [pool-419-thread-1] INFO  server.RaftServerConfigKeys (ConfUtils.java:logGet(43)) - raft.server.log.write.buffer.size = 33554432 (custom)
2019-10-10 00:00:37,158 [pool-419-thread-1] INFO  server.RaftServerConfigKeys (ConfUtils.java:logGet(43)) - raft.server.log.force.sync.num = 128 (default)
2019-10-10 00:00:37,158 [pool-419-thread-1] INFO  server.RaftServerConfigKeys (ConfUtils.java:logGet(43)) - raft.server.log.statemachine.data.sync = true (default)
2019-10-10 00:00:37,159 [pool-419-thread-1] INFO  server.RaftServerConfigKeys (ConfUtils.java:logGet(43)) - raft.server.log.statemachine.data.sync.timeout = 10s (default)
2019-10-10 00:00:37,159 [pool-419-thread-1] INFO  server.RaftServerConfigKeys (ConfUtils.java:logGet(43)) - raft.server.log.statemachine.data.sync.timeout.retry = -1 (default)
2019-10-10 00:00:37,159 [pool-419-thread-1] INFO  server.RaftServerConfigKeys (ConfUtils.java:logGet(43)) - raft.server.log.statemachine.data.caching.enabled = true (custom)
2019-10-10 00:00:37,159 [pool-449-thread-1] INFO  server.RaftServerConfigKeys (ConfUtils.java:logGet(43)) - raft.server.log.segment.cache.num.max = 2 (custom)
2019-10-10 00:00:37,159 [pool-419-thread-1] INFO  segmented.SegmentedRaftLogWorker (SegmentedRaftLogWorker.java:lambda$new$0(128)) - f5c6cedc-5e2f-4b88-839f-eb18816aa586@group-9798C274A43A-SegmentedRaftLogWorker: flushIndex: setUnconditionally 0 -> -1
2019-10-10 00:00:37,159 [pool-449-thread-1] INFO  segmented.SegmentedRaftLogWorker (SegmentedRaftLogWorker.java:<init>(173)) - new f7263369-3513-4a4c-970a-cf6ede1fc488@group-9798C274A43A-SegmentedRaftLogWorker for RaftStorage:Storage Directory /workdir/hadoop-ozone/integration-test/target/test-dir/MiniOzoneClusterImpl-26e9f622-14fa-4607-9e54-b23a48ec8da2/datanode-4/data/ratis/04da7221-6db5-436d-9908-9798c274a43a
2019-10-10 00:00:37,159 [pool-449-thread-1] INFO  server.RaftServerConfigKeys (ConfUtils.java:logGet(43)) - raft.server.log.queue.byte-limit = 2147483647 (custom)
2019-10-10 00:00:37,159 [pool-459-thread-1] INFO  server.RaftServerConfigKeys (ConfUtils.java:logGet(43)) - raft.server.log.segment.cache.num.max = 2 (custom)
2019-10-10 00:00:37,159 [pool-419-thread-1] INFO  server.RaftServerConfigKeys (ConfUtils.java:logGet(43)) - raft.server.snapshot.auto.trigger.enabled = true (custom)
2019-10-10 00:00:37,159 [pool-459-thread-1] INFO  segmented.SegmentedRaftLogWorker (SegmentedRaftLogWorker.java:<init>(173)) - new af68696b-9559-4489-94b7-1ded23028e6c@group-9798C274A43A-SegmentedRaftLogWorker for RaftStorage:Storage Directory /workdir/hadoop-ozone/integration-test/target/test-dir/MiniOzoneClusterImpl-26e9f622-14fa-4607-9e54-b23a48ec8da2/datanode-5/data/ratis/04da7221-6db5-436d-9908-9798c274a43a
2019-10-10 00:00:37,159 [pool-449-thread-1] INFO  server.RaftServerConfigKeys (ConfUtils.java:logGet(43)) - raft.server.log.queue.element-limit = 1024 (custom)
2019-10-10 00:00:37,160 [pool-459-thread-1] INFO  server.RaftServerConfigKeys (ConfUtils.java:logGet(43)) - raft.server.log.queue.byte-limit = 2147483647 (custom)
2019-10-10 00:00:37,160 [pool-419-thread-1] INFO  server.RaftServerConfigKeys (ConfUtils.java:logGet(43)) - raft.server.snapshot.auto.trigger.threshold = 10000 (custom)
2019-10-10 00:00:37,160 [pool-459-thread-1] INFO  server.RaftServerConfigKeys (ConfUtils.java:logGet(43)) - raft.server.log.queue.element-limit = 1024 (custom)
2019-10-10 00:00:37,160 [pool-449-thread-1] INFO  server.RaftServerConfigKeys (ConfUtils.java:logGet(43)) - raft.server.log.segment.size.max = 1048576 (custom)
2019-10-10 00:00:37,160 [pool-459-thread-1] INFO  server.RaftServerConfigKeys (ConfUtils.java:logGet(43)) - raft.server.log.segment.size.max = 1048576 (custom)
2019-10-10 00:00:37,160 [pool-419-thread-1] INFO  server.RaftServerConfigKeys (ConfUtils.java:logGet(43)) - raft.server.snapshot.retention.file.num = 5 (custom)
2019-10-10 00:00:37,160 [pool-459-thread-1] INFO  server.RaftServerConfigKeys (ConfUtils.java:logGet(43)) - raft.server.log.preallocated.size = 16384 (custom)
2019-10-10 00:00:37,160 [pool-449-thread-1] INFO  server.RaftServerConfigKeys (ConfUtils.java:logGet(43)) - raft.server.log.preallocated.size = 16384 (custom)
2019-10-10 00:00:37,160 [pool-459-thread-1] INFO  server.RaftServerConfigKeys (ConfUtils.java:logGet(43)) - raft.server.log.write.buffer.size = 33554432 (custom)
2019-10-10 00:00:37,160 [pool-419-thread-1] INFO  server.RaftServerConfigKeys (ConfUtils.java:logGet(43)) - raft.server.retrycache.expirytime = 600000ms (custom)
2019-10-10 00:00:37,161 [pool-459-thread-1] INFO  server.RaftServerConfigKeys (ConfUtils.java:logGet(43)) - raft.server.log.force.sync.num = 128 (default)
2019-10-10 00:00:37,160 [pool-449-thread-1] INFO  server.RaftServerConfigKeys (ConfUtils.java:logGet(43)) - raft.server.log.write.buffer.size = 33554432 (custom)
2019-10-10 00:00:37,161 [pool-459-thread-1] INFO  server.RaftServerConfigKeys (ConfUtils.java:logGet(43)) - raft.server.log.statemachine.data.sync = true (default)
2019-10-10 00:00:37,161 [pool-449-thread-1] INFO  server.RaftServerConfigKeys (ConfUtils.java:logGet(43)) - raft.server.log.force.sync.num = 128 (default)
2019-10-10 00:00:37,161 [pool-459-thread-1] INFO  server.RaftServerConfigKeys (ConfUtils.java:logGet(43)) - raft.server.log.statemachine.data.sync.timeout = 10s (default)
2019-10-10 00:00:37,161 [pool-449-thread-1] INFO  server.RaftServerConfigKeys (ConfUtils.java:logGet(43)) - raft.server.log.statemachine.data.sync = true (default)
2019-10-10 00:00:37,161 [pool-459-thread-1] INFO  server.RaftServerConfigKeys (ConfUtils.java:logGet(43)) - raft.server.log.statemachine.data.sync.timeout.retry = -1 (default)
2019-10-10 00:00:37,161 [pool-449-thread-1] INFO  server.RaftServerConfigKeys (ConfUtils.java:logGet(43)) - raft.server.log.statemachine.data.sync.timeout = 10s (default)
2019-10-10 00:00:37,161 [pool-449-thread-1] INFO  server.RaftServerConfigKeys (ConfUtils.java:logGet(43)) - raft.server.log.statemachine.data.sync.timeout.retry = -1 (default)
2019-10-10 00:00:37,161 [pool-459-thread-1] INFO  server.RaftServerConfigKeys (ConfUtils.java:logGet(43)) - raft.server.log.statemachine.data.caching.enabled = true (custom)
2019-10-10 00:00:37,162 [pool-459-thread-1] INFO  segmented.SegmentedRaftLogWorker (SegmentedRaftLogWorker.java:lambda$new$0(128)) - af68696b-9559-4489-94b7-1ded23028e6c@group-9798C274A43A-SegmentedRaftLogWorker: flushIndex: setUnconditionally 0 -> -1
2019-10-10 00:00:37,162 [pool-419-thread-1] INFO  impl.RaftServerImpl (RaftServerImpl.java:start(181)) - f5c6cedc-5e2f-4b88-839f-eb18816aa586@group-9798C274A43A: start as a follower, conf=-1: [af68696b-9559-4489-94b7-1ded23028e6c:192.168.157.245:42194, f7263369-3513-4a4c-970a-cf6ede1fc488:192.168.157.245:45935, f5c6cedc-5e2f-4b88-839f-eb18816aa586:192.168.157.245:42381], old=null
2019-10-10 00:00:37,162 [pool-459-thread-1] INFO  server.RaftServerConfigKeys (ConfUtils.java:logGet(43)) - raft.server.snapshot.auto.trigger.enabled = true (custom)
2019-10-10 00:00:37,162 [pool-449-thread-1] INFO  server.RaftServerConfigKeys (ConfUtils.java:logGet(43)) - raft.server.log.statemachine.data.caching.enabled = true (custom)
2019-10-10 00:00:37,162 [pool-459-thread-1] INFO  server.RaftServerConfigKeys (ConfUtils.java:logGet(43)) - raft.server.snapshot.auto.trigger.threshold = 10000 (custom)
2019-10-10 00:00:37,162 [pool-419-thread-1] INFO  impl.RaftServerImpl (RaftServerImpl.java:setRole(170)) - f5c6cedc-5e2f-4b88-839f-eb18816aa586@group-9798C274A43A: changes role from      null to FOLLOWER at term 0 for startAsFollower
2019-10-10 00:00:37,162 [pool-449-thread-1] INFO  segmented.SegmentedRaftLogWorker (SegmentedRaftLogWorker.java:lambda$new$0(128)) - f7263369-3513-4a4c-970a-cf6ede1fc488@group-9798C274A43A-SegmentedRaftLogWorker: flushIndex: setUnconditionally 0 -> -1
2019-10-10 00:00:37,162 [pool-459-thread-1] INFO  server.RaftServerConfigKeys (ConfUtils.java:logGet(43)) - raft.server.snapshot.retention.file.num = 5 (custom)
2019-10-10 00:00:37,162 [pool-419-thread-1] INFO  impl.RoleInfo (RoleInfo.java:updateAndGet(143)) - f5c6cedc-5e2f-4b88-839f-eb18816aa586: start FollowerState
2019-10-10 00:00:37,163 [pool-449-thread-1] INFO  server.RaftServerConfigKeys (ConfUtils.java:logGet(43)) - raft.server.snapshot.auto.trigger.enabled = true (custom)
2019-10-10 00:00:37,163 [pool-459-thread-1] INFO  server.RaftServerConfigKeys (ConfUtils.java:logGet(43)) - raft.server.retrycache.expirytime = 600000ms (custom)
2019-10-10 00:00:37,163 [pool-449-thread-1] INFO  server.RaftServerConfigKeys (ConfUtils.java:logGet(43)) - raft.server.snapshot.auto.trigger.threshold = 10000 (custom)
2019-10-10 00:00:37,163 [pool-419-thread-1] INFO  util.JmxRegister (JmxRegister.java:tryRegister(44)) - Successfully registered JMX Bean with object name Ratis:service=RaftServer,group=group-9798C274A43A,id=f5c6cedc-5e2f-4b88-839f-eb18816aa586
2019-10-10 00:00:37,163 [pool-449-thread-1] INFO  server.RaftServerConfigKeys (ConfUtils.java:logGet(43)) - raft.server.snapshot.retention.file.num = 5 (custom)
2019-10-10 00:00:37,163 [pool-449-thread-1] INFO  server.RaftServerConfigKeys (ConfUtils.java:logGet(43)) - raft.server.retrycache.expirytime = 600000ms (custom)
2019-10-10 00:00:37,165 [pool-459-thread-1] INFO  impl.RaftServerImpl (RaftServerImpl.java:start(181)) - af68696b-9559-4489-94b7-1ded23028e6c@group-9798C274A43A: start as a follower, conf=-1: [af68696b-9559-4489-94b7-1ded23028e6c:192.168.157.245:42194, f7263369-3513-4a4c-970a-cf6ede1fc488:192.168.157.245:45935, f5c6cedc-5e2f-4b88-839f-eb18816aa586:192.168.157.245:42381], old=null
2019-10-10 00:00:37,165 [pool-459-thread-1] INFO  impl.RaftServerImpl (RaftServerImpl.java:setRole(170)) - af68696b-9559-4489-94b7-1ded23028e6c@group-9798C274A43A: changes role from      null to FOLLOWER at term 0 for startAsFollower
2019-10-10 00:00:37,165 [pool-459-thread-1] INFO  impl.RoleInfo (RoleInfo.java:updateAndGet(143)) - af68696b-9559-4489-94b7-1ded23028e6c: start FollowerState
2019-10-10 00:00:37,166 [pool-459-thread-1] INFO  util.JmxRegister (JmxRegister.java:tryRegister(44)) - Successfully registered JMX Bean with object name Ratis:service=RaftServer,group=group-9798C274A43A,id=af68696b-9559-4489-94b7-1ded23028e6c
2019-10-10 00:00:37,166 [pool-449-thread-1] INFO  impl.RaftServerImpl (RaftServerImpl.java:start(181)) - f7263369-3513-4a4c-970a-cf6ede1fc488@group-9798C274A43A: start as a follower, conf=-1: [af68696b-9559-4489-94b7-1ded23028e6c:192.168.157.245:42194, f7263369-3513-4a4c-970a-cf6ede1fc488:192.168.157.245:45935, f5c6cedc-5e2f-4b88-839f-eb18816aa586:192.168.157.245:42381], old=null
2019-10-10 00:00:37,166 [pool-449-thread-1] INFO  impl.RaftServerImpl (RaftServerImpl.java:setRole(170)) - f7263369-3513-4a4c-970a-cf6ede1fc488@group-9798C274A43A: changes role from      null to FOLLOWER at term 0 for startAsFollower
2019-10-10 00:00:37,166 [pool-449-thread-1] INFO  impl.RoleInfo (RoleInfo.java:updateAndGet(143)) - f7263369-3513-4a4c-970a-cf6ede1fc488: start FollowerState
2019-10-10 00:00:37,166 [pool-449-thread-1] INFO  util.JmxRegister (JmxRegister.java:tryRegister(44)) - Successfully registered JMX Bean with object name Ratis:service=RaftServer,group=group-9798C274A43A,id=f7263369-3513-4a4c-970a-cf6ede1fc488
2019-10-10 00:00:37,177 [RatisPipelineUtilsThread] INFO  pipeline.PipelineStateManager (PipelineStateManager.java:addPipeline(56)) - Created pipeline Pipeline[ Id: 04da7221-6db5-436d-9908-9798c274a43a, Nodes: f7263369-3513-4a4c-970a-cf6ede1fc488{ip: 192.168.157.245, host: pr-hdds-2266-b8s26-4239225152, networkLocation: /default-rack, certSerialId: null}f5c6cedc-5e2f-4b88-839f-eb18816aa586{ip: 192.168.157.245, host: pr-hdds-2266-b8s26-4239225152, networkLocation: /default-rack, certSerialId: null}af68696b-9559-4489-94b7-1ded23028e6c{ip: 192.168.157.245, host: pr-hdds-2266-b8s26-4239225152, networkLocation: /default-rack, certSerialId: null}, Type:RATIS, Factor:THREE, State:OPEN]
2019-10-10 00:00:37,182 [grpc-default-executor-1] INFO  impl.RaftServerProxy (RaftServerProxy.java:addNew(89)) - f7263369-3513-4a4c-970a-cf6ede1fc488: addNew group-9C586DBA5598:[f7263369-3513-4a4c-970a-cf6ede1fc488:192.168.157.245:45935] returns group-9C586DBA5598:java.util.concurrent.CompletableFuture@79c9dd21[Not completed]
2019-10-10 00:00:37,183 [pool-449-thread-1] INFO  impl.RaftServerImpl (RaftServerImpl.java:<init>(95)) - f7263369-3513-4a4c-970a-cf6ede1fc488: new RaftServerImpl for group-9C586DBA5598:[f7263369-3513-4a4c-970a-cf6ede1fc488:192.168.157.245:45935] with ContainerStateMachine:uninitialized
2019-10-10 00:00:37,186 [pool-449-thread-1] INFO  server.RaftServerConfigKeys (ConfUtils.java:logGet(43)) - raft.server.rpc.timeout.min = 5s (custom)
2019-10-10 00:00:37,186 [pool-449-thread-1] INFO  server.RaftServerConfigKeys (ConfUtils.java:logGet(43)) - raft.server.rpc.timeout.max = 5200ms (custom)
2019-10-10 00:00:37,186 [pool-449-thread-1] INFO  server.RaftServerConfigKeys (ConfUtils.java:logGet(43)) - raft.server.rpcslowness.timeout = 120s (custom)
2019-10-10 00:00:37,186 [pool-449-thread-1] INFO  server.RaftServerConfigKeys (ConfUtils.java:logGet(43)) - raft.server.sleep.deviation.threshold = 300 (default)
2019-10-10 00:00:37,186 [pool-449-thread-1] INFO  server.RaftServerConfigKeys (ConfUtils.java:logGet(43)) - raft.server.log.appender.install.snapshot.enabled = false (custom)
2019-10-10 00:00:37,186 [pool-449-thread-1] INFO  impl.RaftServerImpl (ServerState.java:<init>(103)) - f7263369-3513-4a4c-970a-cf6ede1fc488@group-9C586DBA5598: ConfigurationManager, init=-1: [f7263369-3513-4a4c-970a-cf6ede1fc488:192.168.157.245:45935], old=null, confs=<EMPTY_MAP>
2019-10-10 00:00:37,186 [pool-449-thread-1] INFO  server.RaftServerConfigKeys (ConfUtils.java:logGet(43)) - raft.server.storage.dir = [/workdir/hadoop-ozone/integration-test/target/test-dir/MiniOzoneClusterImpl-26e9f622-14fa-4607-9e54-b23a48ec8da2/datanode-4/data/ratis] (custom)
2019-10-10 00:00:37,187 [pool-449-thread-1] INFO  server.RaftServerConfigKeys (ConfUtils.java:logGet(43)) - raft.server.log.corruption.policy = EXCEPTION (default)
2019-10-10 00:00:37,187 [pool-449-thread-1] INFO  storage.RaftStorageDirectory (RaftStorageDirectory.java:analyzeStorage(246)) - The storage directory /workdir/hadoop-ozone/integration-test/target/test-dir/MiniOzoneClusterImpl-26e9f622-14fa-4607-9e54-b23a48ec8da2/datanode-4/data/ratis/0c970753-ec9d-4c4a-9373-9c586dba5598 does not exist. Creating ...
2019-10-10 00:00:37,199 [pool-449-thread-1] INFO  storage.RaftStorageDirectory (RaftStorageDirectory.java:tryLock(328)) - Lock on /workdir/hadoop-ozone/integration-test/target/test-dir/MiniOzoneClusterImpl-26e9f622-14fa-4607-9e54-b23a48ec8da2/datanode-4/data/ratis/0c970753-ec9d-4c4a-9373-9c586dba5598/in_use.lock acquired by nodename 7564@pr-hdds-2266-b8s26-4239225152
2019-10-10 00:00:37,200 [main] INFO  ozone.MiniOzoneClusterImpl (MiniOzoneClusterImpl.java:lambda$waitForClusterToBeReady$0(147)) - Waiting for cluster to be ready. Got 6 of 7 DN Heartbeats.
2019-10-10 00:00:37,200 [IPC Server handler 4 on 45522] INFO  net.NetworkTopology (NetworkTopologyImpl.java:add(111)) - Added a new node: /default-rack/28025bb6-580e-4c2f-93a5-9d4edc4937f3
2019-10-10 00:00:37,200 [IPC Server handler 4 on 45522] INFO  node.SCMNodeManager (SCMNodeManager.java:register(268)) - Registered Data node : 28025bb6-580e-4c2f-93a5-9d4edc4937f3{ip: 192.168.157.245, host: pr-hdds-2266-b8s26-4239225152, networkLocation: /default-rack, certSerialId: null}
2019-10-10 00:00:37,212 [pool-449-thread-1] INFO  storage.RaftStorage (RaftStorage.java:format(84)) - Storage directory /workdir/hadoop-ozone/integration-test/target/test-dir/MiniOzoneClusterImpl-26e9f622-14fa-4607-9e54-b23a48ec8da2/datanode-4/data/ratis/0c970753-ec9d-4c4a-9373-9c586dba5598 has been successfully formatted.
2019-10-10 00:00:37,212 [pool-449-thread-1] INFO  ratis.ContainerStateMachine (ContainerStateMachine.java:loadSnapshot(231)) - group-9C586DBA5598: The snapshot info is null. Setting the last applied indexto:(t:0, i:~)
2019-10-10 00:00:37,212 [pool-449-thread-1] INFO  server.RaftServerConfigKeys (ConfUtils.java:logGet(43)) - raft.server.notification.no-leader.timeout = 120s (custom)
2019-10-10 00:00:37,212 [pool-449-thread-1] INFO  server.RaftServerConfigKeys (ConfUtils.java:logGet(43)) - raft.server.log.use.memory = false (default)
2019-10-10 00:00:37,212 [pool-449-thread-1] INFO  server.RaftServerConfigKeys (ConfUtils.java:logGet(43)) - raft.server.log.purge.gap = 1000000 (custom)
2019-10-10 00:00:37,213 [pool-449-thread-1] INFO  server.RaftServerConfigKeys (ConfUtils.java:logGet(43)) - raft.server.log.appender.buffer.byte-limit = 33554432 (custom)
2019-10-10 00:00:37,213 [pool-449-thread-1] INFO  server.RaftServerConfigKeys (ConfUtils.java:logGet(43)) - raft.server.log.segment.size.max = 1048576 (custom)
2019-10-10 00:00:37,213 [pool-449-thread-1] INFO  server.RaftServerConfigKeys (ConfUtils.java:logGet(43)) - raft.server.log.segment.cache.num.max = 2 (custom)
2019-10-10 00:00:37,213 [pool-449-thread-1] INFO  segmented.SegmentedRaftLogWorker (SegmentedRaftLogWorker.java:<init>(173)) - new f7263369-3513-4a4c-970a-cf6ede1fc488@group-9C586DBA5598-SegmentedRaftLogWorker for RaftStorage:Storage Directory /workdir/hadoop-ozone/integration-test/target/test-dir/MiniOzoneClusterImpl-26e9f622-14fa-4607-9e54-b23a48ec8da2/datanode-4/data/ratis/0c970753-ec9d-4c4a-9373-9c586dba5598
2019-10-10 00:00:37,213 [pool-449-thread-1] INFO  server.RaftServerConfigKeys (ConfUtils.java:logGet(43)) - raft.server.log.queue.byte-limit = 2147483647 (custom)
2019-10-10 00:00:37,213 [pool-449-thread-1] INFO  server.RaftServerConfigKeys (ConfUtils.java:logGet(43)) - raft.server.log.queue.element-limit = 1024 (custom)
2019-10-10 00:00:37,213 [pool-449-thread-1] INFO  server.RaftServerConfigKeys (ConfUtils.java:logGet(43)) - raft.server.log.segment.size.max = 1048576 (custom)
2019-10-10 00:00:37,213 [pool-449-thread-1] INFO  server.RaftServerConfigKeys (ConfUtils.java:logGet(43)) - raft.server.log.preallocated.size = 16384 (custom)
2019-10-10 00:00:37,213 [pool-449-thread-1] INFO  server.RaftServerConfigKeys (ConfUtils.java:logGet(43)) - raft.server.log.write.buffer.size = 33554432 (custom)
2019-10-10 00:00:37,213 [pool-449-thread-1] INFO  server.RaftServerConfigKeys (ConfUtils.java:logGet(43)) - raft.server.log.force.sync.num = 128 (default)
2019-10-10 00:00:37,214 [pool-449-thread-1] INFO  server.RaftServerConfigKeys (ConfUtils.java:logGet(43)) - raft.server.log.statemachine.data.sync = true (default)
2019-10-10 00:00:37,214 [pool-449-thread-1] INFO  server.RaftServerConfigKeys (ConfUtils.java:logGet(43)) - raft.server.log.statemachine.data.sync.timeout = 10s (default)
2019-10-10 00:00:37,214 [pool-449-thread-1] INFO  server.RaftServerConfigKeys (ConfUtils.java:logGet(43)) - raft.server.log.statemachine.data.sync.timeout.retry = -1 (default)
2019-10-10 00:00:37,214 [pool-449-thread-1] INFO  server.RaftServerConfigKeys (ConfUtils.java:logGet(43)) - raft.server.log.statemachine.data.caching.enabled = true (custom)
2019-10-10 00:00:37,214 [pool-449-thread-1] INFO  segmented.SegmentedRaftLogWorker (SegmentedRaftLogWorker.java:lambda$new$0(128)) - f7263369-3513-4a4c-970a-cf6ede1fc488@group-9C586DBA5598-SegmentedRaftLogWorker: flushIndex: setUnconditionally 0 -> -1
2019-10-10 00:00:37,214 [pool-449-thread-1] INFO  server.RaftServerConfigKeys (ConfUtils.java:logGet(43)) - raft.server.snapshot.auto.trigger.enabled = true (custom)
2019-10-10 00:00:37,214 [pool-449-thread-1] INFO  server.RaftServerConfigKeys (ConfUtils.java:logGet(43)) - raft.server.snapshot.auto.trigger.threshold = 10000 (custom)
2019-10-10 00:00:37,215 [pool-449-thread-1] INFO  server.RaftServerConfigKeys (ConfUtils.java:logGet(43)) - raft.server.snapshot.retention.file.num = 5 (custom)
2019-10-10 00:00:37,215 [pool-449-thread-1] INFO  server.RaftServerConfigKeys (ConfUtils.java:logGet(43)) - raft.server.retrycache.expirytime = 600000ms (custom)
2019-10-10 00:00:37,216 [pool-449-thread-1] INFO  impl.RaftServerImpl (RaftServerImpl.java:start(181)) - f7263369-3513-4a4c-970a-cf6ede1fc488@group-9C586DBA5598: start as a follower, conf=-1: [f7263369-3513-4a4c-970a-cf6ede1fc488:192.168.157.245:45935], old=null
2019-10-10 00:00:37,216 [pool-449-thread-1] INFO  impl.RaftServerImpl (RaftServerImpl.java:setRole(170)) - f7263369-3513-4a4c-970a-cf6ede1fc488@group-9C586DBA5598: changes role from      null to FOLLOWER at term 0 for startAsFollower
2019-10-10 00:00:37,216 [pool-449-thread-1] INFO  impl.RoleInfo (RoleInfo.java:updateAndGet(143)) - f7263369-3513-4a4c-970a-cf6ede1fc488: start FollowerState
2019-10-10 00:00:37,216 [pool-449-thread-1] INFO  util.JmxRegister (JmxRegister.java:tryRegister(44)) - Successfully registered JMX Bean with object name Ratis:service=RaftServer,group=group-9C586DBA5598,id=f7263369-3513-4a4c-970a-cf6ede1fc488
2019-10-10 00:00:37,223 [RatisPipelineUtilsThread] INFO  pipeline.PipelineStateManager (PipelineStateManager.java:addPipeline(56)) - Created pipeline Pipeline[ Id: 0c970753-ec9d-4c4a-9373-9c586dba5598, Nodes: f7263369-3513-4a4c-970a-cf6ede1fc488{ip: 192.168.157.245, host: pr-hdds-2266-b8s26-4239225152, networkLocation: /default-rack, certSerialId: null}, Type:RATIS, Factor:ONE, State:OPEN]
2019-10-10 00:00:37,243 [grpc-default-executor-1] INFO  impl.RaftServerProxy (RaftServerProxy.java:addNew(89)) - 28025bb6-580e-4c2f-93a5-9d4edc4937f3: addNew group-F2D109EA9EBE:[28025bb6-580e-4c2f-93a5-9d4edc4937f3:192.168.157.245:35290] returns group-F2D109EA9EBE:java.util.concurrent.CompletableFuture@30e2bbec[Not completed]
2019-10-10 00:00:37,243 [pool-469-thread-1] INFO  impl.RaftServerImpl (RaftServerImpl.java:<init>(95)) - 28025bb6-580e-4c2f-93a5-9d4edc4937f3: new RaftServerImpl for group-F2D109EA9EBE:[28025bb6-580e-4c2f-93a5-9d4edc4937f3:192.168.157.245:35290] with ContainerStateMachine:uninitialized
2019-10-10 00:00:37,244 [pool-469-thread-1] INFO  server.RaftServerConfigKeys (ConfUtils.java:logGet(43)) - raft.server.rpc.timeout.min = 5s (custom)
2019-10-10 00:00:37,244 [pool-469-thread-1] INFO  server.RaftServerConfigKeys (ConfUtils.java:logGet(43)) - raft.server.rpc.timeout.max = 5200ms (custom)
2019-10-10 00:00:37,244 [pool-469-thread-1] INFO  server.RaftServerConfigKeys (ConfUtils.java:logGet(43)) - raft.server.rpcslowness.timeout = 120s (custom)
2019-10-10 00:00:37,244 [pool-469-thread-1] INFO  server.RaftServerConfigKeys (ConfUtils.java:logGet(43)) - raft.server.sleep.deviation.threshold = 300 (default)
2019-10-10 00:00:37,244 [pool-469-thread-1] INFO  server.RaftServerConfigKeys (ConfUtils.java:logGet(43)) - raft.server.log.appender.install.snapshot.enabled = false (custom)
2019-10-10 00:00:37,244 [pool-469-thread-1] INFO  impl.RaftServerImpl (ServerState.java:<init>(103)) - 28025bb6-580e-4c2f-93a5-9d4edc4937f3@group-F2D109EA9EBE: ConfigurationManager, init=-1: [28025bb6-580e-4c2f-93a5-9d4edc4937f3:192.168.157.245:35290], old=null, confs=<EMPTY_MAP>
2019-10-10 00:00:37,244 [pool-469-thread-1] INFO  server.RaftServerConfigKeys (ConfUtils.java:logGet(43)) - raft.server.storage.dir = [/workdir/hadoop-ozone/integration-test/target/test-dir/MiniOzoneClusterImpl-26e9f622-14fa-4607-9e54-b23a48ec8da2/datanode-6/data/ratis] (custom)
2019-10-10 00:00:37,244 [pool-469-thread-1] INFO  server.RaftServerConfigKeys (ConfUtils.java:logGet(43)) - raft.server.log.corruption.policy = EXCEPTION (default)
2019-10-10 00:00:37,245 [pool-469-thread-1] INFO  storage.RaftStorageDirectory (RaftStorageDirectory.java:analyzeStorage(246)) - The storage directory /workdir/hadoop-ozone/integration-test/target/test-dir/MiniOzoneClusterImpl-26e9f622-14fa-4607-9e54-b23a48ec8da2/datanode-6/data/ratis/75342538-0227-4148-b91e-f2d109ea9ebe does not exist. Creating ...
2019-10-10 00:00:37,257 [pool-469-thread-1] INFO  storage.RaftStorageDirectory (RaftStorageDirectory.java:tryLock(328)) - Lock on /workdir/hadoop-ozone/integration-test/target/test-dir/MiniOzoneClusterImpl-26e9f622-14fa-4607-9e54-b23a48ec8da2/datanode-6/data/ratis/75342538-0227-4148-b91e-f2d109ea9ebe/in_use.lock acquired by nodename 7564@pr-hdds-2266-b8s26-4239225152
2019-10-10 00:00:37,270 [pool-469-thread-1] INFO  storage.RaftStorage (RaftStorage.java:format(84)) - Storage directory /workdir/hadoop-ozone/integration-test/target/test-dir/MiniOzoneClusterImpl-26e9f622-14fa-4607-9e54-b23a48ec8da2/datanode-6/data/ratis/75342538-0227-4148-b91e-f2d109ea9ebe has been successfully formatted.
2019-10-10 00:00:37,271 [pool-469-thread-1] INFO  ratis.ContainerStateMachine (ContainerStateMachine.java:loadSnapshot(231)) - group-F2D109EA9EBE: The snapshot info is null. Setting the last applied indexto:(t:0, i:~)
2019-10-10 00:00:37,271 [pool-469-thread-1] INFO  server.RaftServerConfigKeys (ConfUtils.java:logGet(43)) - raft.server.notification.no-leader.timeout = 120s (custom)
2019-10-10 00:00:37,271 [pool-469-thread-1] INFO  server.RaftServerConfigKeys (ConfUtils.java:logGet(43)) - raft.server.log.use.memory = false (default)
2019-10-10 00:00:37,271 [pool-469-thread-1] INFO  server.RaftServerConfigKeys (ConfUtils.java:logGet(43)) - raft.server.log.purge.gap = 1000000 (custom)
2019-10-10 00:00:37,271 [pool-469-thread-1] INFO  server.RaftServerConfigKeys (ConfUtils.java:logGet(43)) - raft.server.log.appender.buffer.byte-limit = 33554432 (custom)
2019-10-10 00:00:37,271 [pool-469-thread-1] INFO  server.RaftServerConfigKeys (ConfUtils.java:logGet(43)) - raft.server.log.segment.size.max = 1048576 (custom)
2019-10-10 00:00:37,272 [pool-469-thread-1] INFO  server.RaftServerConfigKeys (ConfUtils.java:logGet(43)) - raft.server.log.segment.cache.num.max = 2 (custom)
2019-10-10 00:00:37,273 [pool-469-thread-1] INFO  segmented.SegmentedRaftLogWorker (SegmentedRaftLogWorker.java:<init>(173)) - new 28025bb6-580e-4c2f-93a5-9d4edc4937f3@group-F2D109EA9EBE-SegmentedRaftLogWorker for RaftStorage:Storage Directory /workdir/hadoop-ozone/integration-test/target/test-dir/MiniOzoneClusterImpl-26e9f622-14fa-4607-9e54-b23a48ec8da2/datanode-6/data/ratis/75342538-0227-4148-b91e-f2d109ea9ebe
2019-10-10 00:00:37,273 [pool-469-thread-1] INFO  server.RaftServerConfigKeys (ConfUtils.java:logGet(43)) - raft.server.log.queue.byte-limit = 2147483647 (custom)
2019-10-10 00:00:37,273 [pool-469-thread-1] INFO  server.RaftServerConfigKeys (ConfUtils.java:logGet(43)) - raft.server.log.queue.element-limit = 1024 (custom)
2019-10-10 00:00:37,273 [pool-469-thread-1] INFO  server.RaftServerConfigKeys (ConfUtils.java:logGet(43)) - raft.server.log.segment.size.max = 1048576 (custom)
2019-10-10 00:00:37,273 [pool-469-thread-1] INFO  server.RaftServerConfigKeys (ConfUtils.java:logGet(43)) - raft.server.log.preallocated.size = 16384 (custom)
2019-10-10 00:00:37,273 [pool-469-thread-1] INFO  server.RaftServerConfigKeys (ConfUtils.java:logGet(43)) - raft.server.log.write.buffer.size = 33554432 (custom)
2019-10-10 00:00:37,273 [pool-469-thread-1] INFO  server.RaftServerConfigKeys (ConfUtils.java:logGet(43)) - raft.server.log.force.sync.num = 128 (default)
2019-10-10 00:00:37,273 [pool-469-thread-1] INFO  server.RaftServerConfigKeys (ConfUtils.java:logGet(43)) - raft.server.log.statemachine.data.sync = true (default)
2019-10-10 00:00:37,273 [pool-469-thread-1] INFO  server.RaftServerConfigKeys (ConfUtils.java:logGet(43)) - raft.server.log.statemachine.data.sync.timeout = 10s (default)
2019-10-10 00:00:37,273 [pool-469-thread-1] INFO  server.RaftServerConfigKeys (ConfUtils.java:logGet(43)) - raft.server.log.statemachine.data.sync.timeout.retry = -1 (default)
2019-10-10 00:00:37,274 [pool-469-thread-1] INFO  server.RaftServerConfigKeys (ConfUtils.java:logGet(43)) - raft.server.log.statemachine.data.caching.enabled = true (custom)
2019-10-10 00:00:37,274 [pool-469-thread-1] INFO  segmented.SegmentedRaftLogWorker (SegmentedRaftLogWorker.java:lambda$new$0(128)) - 28025bb6-580e-4c2f-93a5-9d4edc4937f3@group-F2D109EA9EBE-SegmentedRaftLogWorker: flushIndex: setUnconditionally 0 -> -1
2019-10-10 00:00:37,274 [pool-469-thread-1] INFO  server.RaftServerConfigKeys (ConfUtils.java:logGet(43)) - raft.server.snapshot.auto.trigger.enabled = true (custom)
2019-10-10 00:00:37,274 [pool-469-thread-1] INFO  server.RaftServerConfigKeys (ConfUtils.java:logGet(43)) - raft.server.snapshot.auto.trigger.threshold = 10000 (custom)
2019-10-10 00:00:37,275 [pool-469-thread-1] INFO  server.RaftServerConfigKeys (ConfUtils.java:logGet(43)) - raft.server.snapshot.retention.file.num = 5 (custom)
2019-10-10 00:00:37,275 [pool-469-thread-1] INFO  server.RaftServerConfigKeys (ConfUtils.java:logGet(43)) - raft.server.retrycache.expirytime = 600000ms (custom)
2019-10-10 00:00:37,276 [pool-469-thread-1] INFO  impl.RaftServerImpl (RaftServerImpl.java:start(181)) - 28025bb6-580e-4c2f-93a5-9d4edc4937f3@group-F2D109EA9EBE: start as a follower, conf=-1: [28025bb6-580e-4c2f-93a5-9d4edc4937f3:192.168.157.245:35290], old=null
2019-10-10 00:00:37,276 [pool-469-thread-1] INFO  impl.RaftServerImpl (RaftServerImpl.java:setRole(170)) - 28025bb6-580e-4c2f-93a5-9d4edc4937f3@group-F2D109EA9EBE: changes role from      null to FOLLOWER at term 0 for startAsFollower
2019-10-10 00:00:37,276 [pool-469-thread-1] INFO  impl.RoleInfo (RoleInfo.java:updateAndGet(143)) - 28025bb6-580e-4c2f-93a5-9d4edc4937f3: start FollowerState
2019-10-10 00:00:37,276 [pool-469-thread-1] INFO  util.JmxRegister (JmxRegister.java:tryRegister(44)) - Successfully registered JMX Bean with object name Ratis:service=RaftServer,group=group-F2D109EA9EBE,id=28025bb6-580e-4c2f-93a5-9d4edc4937f3
2019-10-10 00:00:37,282 [RatisPipelineUtilsThread] INFO  pipeline.PipelineStateManager (PipelineStateManager.java:addPipeline(56)) - Created pipeline Pipeline[ Id: 75342538-0227-4148-b91e-f2d109ea9ebe, Nodes: 28025bb6-580e-4c2f-93a5-9d4edc4937f3{ip: 192.168.157.245, host: pr-hdds-2266-b8s26-4239225152, networkLocation: /default-rack, certSerialId: null}, Type:RATIS, Factor:ONE, State:OPEN]
2019-10-10 00:00:37,296 [grpc-default-executor-1] INFO  impl.RaftServerProxy (RaftServerProxy.java:addNew(89)) - af68696b-9559-4489-94b7-1ded23028e6c: addNew group-0C301B5BB09B:[af68696b-9559-4489-94b7-1ded23028e6c:192.168.157.245:42194] returns group-0C301B5BB09B:java.util.concurrent.CompletableFuture@4f9b831d[Not completed]
2019-10-10 00:00:37,297 [pool-459-thread-1] INFO  impl.RaftServerImpl (RaftServerImpl.java:<init>(95)) - af68696b-9559-4489-94b7-1ded23028e6c: new RaftServerImpl for group-0C301B5BB09B:[af68696b-9559-4489-94b7-1ded23028e6c:192.168.157.245:42194] with ContainerStateMachine:uninitialized
2019-10-10 00:00:37,297 [pool-459-thread-1] INFO  server.RaftServerConfigKeys (ConfUtils.java:logGet(43)) - raft.server.rpc.timeout.min = 5s (custom)
2019-10-10 00:00:37,297 [pool-459-thread-1] INFO  server.RaftServerConfigKeys (ConfUtils.java:logGet(43)) - raft.server.rpc.timeout.max = 5200ms (custom)
2019-10-10 00:00:37,297 [pool-459-thread-1] INFO  server.RaftServerConfigKeys (ConfUtils.java:logGet(43)) - raft.server.rpcslowness.timeout = 120s (custom)
2019-10-10 00:00:37,298 [pool-459-thread-1] INFO  server.RaftServerConfigKeys (ConfUtils.java:logGet(43)) - raft.server.sleep.deviation.threshold = 300 (default)
2019-10-10 00:00:37,298 [pool-459-thread-1] INFO  server.RaftServerConfigKeys (ConfUtils.java:logGet(43)) - raft.server.log.appender.install.snapshot.enabled = false (custom)
2019-10-10 00:00:37,298 [pool-459-thread-1] INFO  impl.RaftServerImpl (ServerState.java:<init>(103)) - af68696b-9559-4489-94b7-1ded23028e6c@group-0C301B5BB09B: ConfigurationManager, init=-1: [af68696b-9559-4489-94b7-1ded23028e6c:192.168.157.245:42194], old=null, confs=<EMPTY_MAP>
2019-10-10 00:00:37,298 [pool-459-thread-1] INFO  server.RaftServerConfigKeys (ConfUtils.java:logGet(43)) - raft.server.storage.dir = [/workdir/hadoop-ozone/integration-test/target/test-dir/MiniOzoneClusterImpl-26e9f622-14fa-4607-9e54-b23a48ec8da2/datanode-5/data/ratis] (custom)
2019-10-10 00:00:37,298 [pool-459-thread-1] INFO  server.RaftServerConfigKeys (ConfUtils.java:logGet(43)) - raft.server.log.corruption.policy = EXCEPTION (default)
2019-10-10 00:00:37,298 [pool-459-thread-1] INFO  storage.RaftStorageDirectory (RaftStorageDirectory.java:analyzeStorage(246)) - The storage directory /workdir/hadoop-ozone/integration-test/target/test-dir/MiniOzoneClusterImpl-26e9f622-14fa-4607-9e54-b23a48ec8da2/datanode-5/data/ratis/73bc02a1-aad2-459b-b170-0c301b5bb09b does not exist. Creating ...
2019-10-10 00:00:37,311 [pool-459-thread-1] INFO  storage.RaftStorageDirectory (RaftStorageDirectory.java:tryLock(328)) - Lock on /workdir/hadoop-ozone/integration-test/target/test-dir/MiniOzoneClusterImpl-26e9f622-14fa-4607-9e54-b23a48ec8da2/datanode-5/data/ratis/73bc02a1-aad2-459b-b170-0c301b5bb09b/in_use.lock acquired by nodename 7564@pr-hdds-2266-b8s26-4239225152
2019-10-10 00:00:37,324 [pool-459-thread-1] INFO  storage.RaftStorage (RaftStorage.java:format(84)) - Storage directory /workdir/hadoop-ozone/integration-test/target/test-dir/MiniOzoneClusterImpl-26e9f622-14fa-4607-9e54-b23a48ec8da2/datanode-5/data/ratis/73bc02a1-aad2-459b-b170-0c301b5bb09b has been successfully formatted.
2019-10-10 00:00:37,324 [pool-459-thread-1] INFO  ratis.ContainerStateMachine (ContainerStateMachine.java:loadSnapshot(231)) - group-0C301B5BB09B: The snapshot info is null. Setting the last applied indexto:(t:0, i:~)
2019-10-10 00:00:37,324 [pool-459-thread-1] INFO  server.RaftServerConfigKeys (ConfUtils.java:logGet(43)) - raft.server.notification.no-leader.timeout = 120s (custom)
2019-10-10 00:00:37,324 [pool-459-thread-1] INFO  server.RaftServerConfigKeys (ConfUtils.java:logGet(43)) - raft.server.log.use.memory = false (default)
2019-10-10 00:00:37,324 [pool-459-thread-1] INFO  server.RaftServerConfigKeys (ConfUtils.java:logGet(43)) - raft.server.log.purge.gap = 1000000 (custom)
2019-10-10 00:00:37,325 [pool-459-thread-1] INFO  server.RaftServerConfigKeys (ConfUtils.java:logGet(43)) - raft.server.log.appender.buffer.byte-limit = 33554432 (custom)
2019-10-10 00:00:37,325 [pool-459-thread-1] INFO  server.RaftServerConfigKeys (ConfUtils.java:logGet(43)) - raft.server.log.segment.size.max = 1048576 (custom)
2019-10-10 00:00:37,325 [pool-459-thread-1] INFO  server.RaftServerConfigKeys (ConfUtils.java:logGet(43)) - raft.server.log.segment.cache.num.max = 2 (custom)
2019-10-10 00:00:37,325 [pool-459-thread-1] INFO  segmented.SegmentedRaftLogWorker (SegmentedRaftLogWorker.java:<init>(173)) - new af68696b-9559-4489-94b7-1ded23028e6c@group-0C301B5BB09B-SegmentedRaftLogWorker for RaftStorage:Storage Directory /workdir/hadoop-ozone/integration-test/target/test-dir/MiniOzoneClusterImpl-26e9f622-14fa-4607-9e54-b23a48ec8da2/datanode-5/data/ratis/73bc02a1-aad2-459b-b170-0c301b5bb09b
2019-10-10 00:00:37,325 [pool-459-thread-1] INFO  server.RaftServerConfigKeys (ConfUtils.java:logGet(43)) - raft.server.log.queue.byte-limit = 2147483647 (custom)
2019-10-10 00:00:37,325 [pool-459-thread-1] INFO  server.RaftServerConfigKeys (ConfUtils.java:logGet(43)) - raft.server.log.queue.element-limit = 1024 (custom)
2019-10-10 00:00:37,325 [pool-459-thread-1] INFO  server.RaftServerConfigKeys (ConfUtils.java:logGet(43)) - raft.server.log.segment.size.max = 1048576 (custom)
2019-10-10 00:00:37,325 [pool-459-thread-1] INFO  server.RaftServerConfigKeys (ConfUtils.java:logGet(43)) - raft.server.log.preallocated.size = 16384 (custom)
2019-10-10 00:00:37,325 [pool-459-thread-1] INFO  server.RaftServerConfigKeys (ConfUtils.java:logGet(43)) - raft.server.log.write.buffer.size = 33554432 (custom)
2019-10-10 00:00:37,326 [pool-459-thread-1] INFO  server.RaftServerConfigKeys (ConfUtils.java:logGet(43)) - raft.server.log.force.sync.num = 128 (default)
2019-10-10 00:00:37,326 [pool-459-thread-1] INFO  server.RaftServerConfigKeys (ConfUtils.java:logGet(43)) - raft.server.log.statemachine.data.sync = true (default)
2019-10-10 00:00:37,326 [pool-459-thread-1] INFO  server.RaftServerConfigKeys (ConfUtils.java:logGet(43)) - raft.server.log.statemachine.data.sync.timeout = 10s (default)
2019-10-10 00:00:37,326 [pool-459-thread-1] INFO  server.RaftServerConfigKeys (ConfUtils.java:logGet(43)) - raft.server.log.statemachine.data.sync.timeout.retry = -1 (default)
2019-10-10 00:00:37,326 [pool-459-thread-1] INFO  server.RaftServerConfigKeys (ConfUtils.java:logGet(43)) - raft.server.log.statemachine.data.caching.enabled = true (custom)
2019-10-10 00:00:37,326 [pool-459-thread-1] INFO  segmented.SegmentedRaftLogWorker (SegmentedRaftLogWorker.java:lambda$new$0(128)) - af68696b-9559-4489-94b7-1ded23028e6c@group-0C301B5BB09B-SegmentedRaftLogWorker: flushIndex: setUnconditionally 0 -> -1
2019-10-10 00:00:37,327 [pool-459-thread-1] INFO  server.RaftServerConfigKeys (ConfUtils.java:logGet(43)) - raft.server.snapshot.auto.trigger.enabled = true (custom)
2019-10-10 00:00:37,327 [pool-459-thread-1] INFO  server.RaftServerConfigKeys (ConfUtils.java:logGet(43)) - raft.server.snapshot.auto.trigger.threshold = 10000 (custom)
2019-10-10 00:00:37,327 [pool-459-thread-1] INFO  server.RaftServerConfigKeys (ConfUtils.java:logGet(43)) - raft.server.snapshot.retention.file.num = 5 (custom)
2019-10-10 00:00:37,327 [pool-459-thread-1] INFO  server.RaftServerConfigKeys (ConfUtils.java:logGet(43)) - raft.server.retrycache.expirytime = 600000ms (custom)
2019-10-10 00:00:37,329 [pool-459-thread-1] INFO  impl.RaftServerImpl (RaftServerImpl.java:start(181)) - af68696b-9559-4489-94b7-1ded23028e6c@group-0C301B5BB09B: start as a follower, conf=-1: [af68696b-9559-4489-94b7-1ded23028e6c:192.168.157.245:42194], old=null
2019-10-10 00:00:37,329 [pool-459-thread-1] INFO  impl.RaftServerImpl (RaftServerImpl.java:setRole(170)) - af68696b-9559-4489-94b7-1ded23028e6c@group-0C301B5BB09B: changes role from      null to FOLLOWER at term 0 for startAsFollower
2019-10-10 00:00:37,329 [pool-459-thread-1] INFO  impl.RoleInfo (RoleInfo.java:updateAndGet(143)) - af68696b-9559-4489-94b7-1ded23028e6c: start FollowerState
2019-10-10 00:00:37,329 [pool-459-thread-1] INFO  util.JmxRegister (JmxRegister.java:tryRegister(44)) - Successfully registered JMX Bean with object name Ratis:service=RaftServer,group=group-0C301B5BB09B,id=af68696b-9559-4489-94b7-1ded23028e6c
2019-10-10 00:00:37,335 [RatisPipelineUtilsThread] INFO  pipeline.PipelineStateManager (PipelineStateManager.java:addPipeline(56)) - Created pipeline Pipeline[ Id: 73bc02a1-aad2-459b-b170-0c301b5bb09b, Nodes: af68696b-9559-4489-94b7-1ded23028e6c{ip: 192.168.157.245, host: pr-hdds-2266-b8s26-4239225152, networkLocation: /default-rack, certSerialId: null}, Type:RATIS, Factor:ONE, State:OPEN]
2019-10-10 00:00:38,200 [main] INFO  ozone.MiniOzoneClusterImpl (MiniOzoneClusterImpl.java:lambda$waitForClusterToBeReady$0(147)) - Cluster is ready. Got 7 of 7 DN Heartbeats.
2019-10-10 00:00:38,251 [main] INFO  rpc.RpcClient (RpcClient.java:createVolume(272)) - Creating Volume: testblockoutputstream, with jenkins1000 as owner.
2019-10-10 00:00:38,254 [IPC Server handler 1 on 38337] INFO  volume.OMVolumeCreateRequest (OMVolumeCreateRequest.java:validateAndUpdateCache(193)) - created volume:testblockoutputstream for user:jenkins1000
2019-10-10 00:00:38,268 [main] INFO  rpc.RpcClient (RpcClient.java:createBucket(411)) - Creating Bucket: testblockoutputstream/testblockoutputstream, with Versioning false and Storage Type set to DISK and Encryption set to false 
2019-10-10 00:00:39,796 [Thread-3061] INFO  container.ReplicationManager (ReplicationManager.java:start(162)) - Starting Replication Monitor Thread.
2019-10-10 00:00:39,800 [ReplicationMonitor] INFO  container.ReplicationManager (ReplicationManager.java:run(225)) - Replication Monitor Thread took 0 milliseconds for processing 1 containers.
2019-10-10 00:00:41,948 [Thread-3066] INFO  impl.FollowerState (FollowerState.java:run(108)) - f5c6cedc-5e2f-4b88-839f-eb18816aa586@group-BAC38FF58EDF-FollowerState: change to CANDIDATE, lastRpcTime:5025ms, electionTimeout:5025ms
2019-10-10 00:00:41,949 [Thread-3066] INFO  impl.RoleInfo (RoleInfo.java:shutdownFollowerState(121)) - f5c6cedc-5e2f-4b88-839f-eb18816aa586: shutdown FollowerState
2019-10-10 00:00:41,949 [Thread-3066] INFO  impl.RaftServerImpl (RaftServerImpl.java:setRole(170)) - f5c6cedc-5e2f-4b88-839f-eb18816aa586@group-BAC38FF58EDF: changes role from  FOLLOWER to CANDIDATE at term 0 for changeToCandidate
2019-10-10 00:00:41,949 [Thread-3066] INFO  impl.RoleInfo (RoleInfo.java:updateAndGet(143)) - f5c6cedc-5e2f-4b88-839f-eb18816aa586: start LeaderElection
2019-10-10 00:00:41,973 [f5c6cedc-5e2f-4b88-839f-eb18816aa586@group-BAC38FF58EDF-LeaderElection65] INFO  impl.LeaderElection (LeaderElection.java:askForVotes(178)) - f5c6cedc-5e2f-4b88-839f-eb18816aa586@group-BAC38FF58EDF-LeaderElection65: begin an election at term 1 for -1: [f5c6cedc-5e2f-4b88-839f-eb18816aa586:192.168.157.245:42381], old=null
2019-10-10 00:00:41,973 [f5c6cedc-5e2f-4b88-839f-eb18816aa586@group-BAC38FF58EDF-LeaderElection65] INFO  impl.RoleInfo (RoleInfo.java:shutdownLeaderElection(134)) - f5c6cedc-5e2f-4b88-839f-eb18816aa586: shutdown LeaderElection
2019-10-10 00:00:41,973 [f5c6cedc-5e2f-4b88-839f-eb18816aa586@group-BAC38FF58EDF-LeaderElection65] INFO  impl.RaftServerImpl (RaftServerImpl.java:setRole(170)) - f5c6cedc-5e2f-4b88-839f-eb18816aa586@group-BAC38FF58EDF: changes role from CANDIDATE to LEADER at term 1 for changeToLeader
2019-10-10 00:00:41,974 [f5c6cedc-5e2f-4b88-839f-eb18816aa586@group-BAC38FF58EDF-LeaderElection65] INFO  impl.RaftServerImpl (ServerState.java:setLeader(255)) - f5c6cedc-5e2f-4b88-839f-eb18816aa586@group-BAC38FF58EDF: change Leader from null to f5c6cedc-5e2f-4b88-839f-eb18816aa586 at term 1 for becomeLeader, leader elected after 5058ms
2019-10-10 00:00:41,974 [f5c6cedc-5e2f-4b88-839f-eb18816aa586@group-BAC38FF58EDF-LeaderElection65] INFO  server.RaftServerConfigKeys (ConfUtils.java:logGet(43)) - raft.server.staging.catchup.gap = 1000 (default)
2019-10-10 00:00:41,974 [f5c6cedc-5e2f-4b88-839f-eb18816aa586@group-BAC38FF58EDF-LeaderElection65] INFO  server.RaftServerConfigKeys (ConfUtils.java:logGet(43)) - raft.server.rpc.sleep.time = 25ms (default)
2019-10-10 00:00:41,974 [f5c6cedc-5e2f-4b88-839f-eb18816aa586@group-BAC38FF58EDF-LeaderElection65] INFO  server.RaftServerConfigKeys (ConfUtils.java:logGet(43)) - raft.server.write.element-limit = 4096 (default)
2019-10-10 00:00:41,974 [f5c6cedc-5e2f-4b88-839f-eb18816aa586@group-BAC38FF58EDF-LeaderElection65] INFO  server.RaftServerConfigKeys (ConfUtils.java:logGet(43)) - raft.server.watch.timeout = 10s (default)
2019-10-10 00:00:41,975 [f5c6cedc-5e2f-4b88-839f-eb18816aa586@group-BAC38FF58EDF-LeaderElection65] INFO  server.RaftServerConfigKeys (ConfUtils.java:logGet(43)) - raft.server.watch.timeout.denomination = 1s (default)
2019-10-10 00:00:41,975 [f5c6cedc-5e2f-4b88-839f-eb18816aa586@group-BAC38FF58EDF-LeaderElection65] INFO  server.RaftServerConfigKeys (ConfUtils.java:logGet(43)) - raft.server.watch.element-limit = 65536 (default)
2019-10-10 00:00:41,976 [f5c6cedc-5e2f-4b88-839f-eb18816aa586@group-BAC38FF58EDF-LeaderElection65] INFO  impl.RoleInfo (RoleInfo.java:updateAndGet(143)) - f5c6cedc-5e2f-4b88-839f-eb18816aa586: start LeaderState
2019-10-10 00:00:41,977 [f5c6cedc-5e2f-4b88-839f-eb18816aa586@group-BAC38FF58EDF-LeaderElection65] INFO  segmented.SegmentedRaftLogWorker (SegmentedRaftLogWorker.java:startLogSegment(385)) - f5c6cedc-5e2f-4b88-839f-eb18816aa586@group-BAC38FF58EDF-SegmentedRaftLogWorker: Starting segment from index:0
2019-10-10 00:00:41,978 [f5c6cedc-5e2f-4b88-839f-eb18816aa586@group-BAC38FF58EDF-LeaderElection65] INFO  impl.RaftServerImpl (ServerState.java:setRaftConf(356)) - f5c6cedc-5e2f-4b88-839f-eb18816aa586@group-BAC38FF58EDF: set configuration 0: [f5c6cedc-5e2f-4b88-839f-eb18816aa586:192.168.157.245:42381], old=null at 0
2019-10-10 00:00:41,985 [Thread-3063] INFO  impl.FollowerState (FollowerState.java:run(108)) - eda76c84-8d1f-4853-b180-ea76f8b0e08a@group-032988352471-FollowerState: change to CANDIDATE, lastRpcTime:5115ms, electionTimeout:5115ms
2019-10-10 00:00:41,985 [Thread-3063] INFO  impl.RoleInfo (RoleInfo.java:shutdownFollowerState(121)) - eda76c84-8d1f-4853-b180-ea76f8b0e08a: shutdown FollowerState
2019-10-10 00:00:41,985 [Thread-3063] INFO  impl.RaftServerImpl (RaftServerImpl.java:setRole(170)) - eda76c84-8d1f-4853-b180-ea76f8b0e08a@group-032988352471: changes role from  FOLLOWER to CANDIDATE at term 0 for changeToCandidate
2019-10-10 00:00:41,985 [Thread-3063] INFO  impl.RoleInfo (RoleInfo.java:updateAndGet(143)) - eda76c84-8d1f-4853-b180-ea76f8b0e08a: start LeaderElection
2019-10-10 00:00:42,022 [f5c6cedc-5e2f-4b88-839f-eb18816aa586@group-BAC38FF58EDF-SegmentedRaftLogWorker] INFO  segmented.SegmentedRaftLogWorker (SegmentedRaftLogWorker.java:execute(574)) - f5c6cedc-5e2f-4b88-839f-eb18816aa586@group-BAC38FF58EDF-SegmentedRaftLogWorker: created new log segment /workdir/hadoop-ozone/integration-test/target/test-dir/MiniOzoneClusterImpl-26e9f622-14fa-4607-9e54-b23a48ec8da2/datanode-1/data/ratis/c037e3bf-221d-4618-9016-bac38ff58edf/current/log_inprogress_0
2019-10-10 00:00:42,022 [eda76c84-8d1f-4853-b180-ea76f8b0e08a@group-032988352471-LeaderElection66] INFO  impl.LeaderElection (LeaderElection.java:askForVotes(178)) - eda76c84-8d1f-4853-b180-ea76f8b0e08a@group-032988352471-LeaderElection66: begin an election at term 1 for -1: [eda76c84-8d1f-4853-b180-ea76f8b0e08a:192.168.157.245:39224], old=null
2019-10-10 00:00:42,023 [eda76c84-8d1f-4853-b180-ea76f8b0e08a@group-032988352471-LeaderElection66] INFO  impl.RoleInfo (RoleInfo.java:shutdownLeaderElection(134)) - eda76c84-8d1f-4853-b180-ea76f8b0e08a: shutdown LeaderElection
2019-10-10 00:00:42,023 [eda76c84-8d1f-4853-b180-ea76f8b0e08a@group-032988352471-LeaderElection66] INFO  impl.RaftServerImpl (RaftServerImpl.java:setRole(170)) - eda76c84-8d1f-4853-b180-ea76f8b0e08a@group-032988352471: changes role from CANDIDATE to LEADER at term 1 for changeToLeader
2019-10-10 00:00:42,023 [eda76c84-8d1f-4853-b180-ea76f8b0e08a@group-032988352471-LeaderElection66] INFO  impl.RaftServerImpl (ServerState.java:setLeader(255)) - eda76c84-8d1f-4853-b180-ea76f8b0e08a@group-032988352471: change Leader from null to eda76c84-8d1f-4853-b180-ea76f8b0e08a at term 1 for becomeLeader, leader elected after 5162ms
2019-10-10 00:00:42,023 [eda76c84-8d1f-4853-b180-ea76f8b0e08a@group-032988352471-LeaderElection66] INFO  server.RaftServerConfigKeys (ConfUtils.java:logGet(43)) - raft.server.staging.catchup.gap = 1000 (default)
2019-10-10 00:00:42,023 [eda76c84-8d1f-4853-b180-ea76f8b0e08a@group-032988352471-LeaderElection66] INFO  server.RaftServerConfigKeys (ConfUtils.java:logGet(43)) - raft.server.rpc.sleep.time = 25ms (default)
2019-10-10 00:00:42,023 [eda76c84-8d1f-4853-b180-ea76f8b0e08a@group-032988352471-LeaderElection66] INFO  server.RaftServerConfigKeys (ConfUtils.java:logGet(43)) - raft.server.write.element-limit = 4096 (default)
2019-10-10 00:00:42,023 [eda76c84-8d1f-4853-b180-ea76f8b0e08a@group-032988352471-LeaderElection66] INFO  server.RaftServerConfigKeys (ConfUtils.java:logGet(43)) - raft.server.watch.timeout = 10s (default)
2019-10-10 00:00:42,024 [eda76c84-8d1f-4853-b180-ea76f8b0e08a@group-032988352471-LeaderElection66] INFO  server.RaftServerConfigKeys (ConfUtils.java:logGet(43)) - raft.server.watch.timeout.denomination = 1s (default)
2019-10-10 00:00:42,024 [eda76c84-8d1f-4853-b180-ea76f8b0e08a@group-032988352471-LeaderElection66] INFO  server.RaftServerConfigKeys (ConfUtils.java:logGet(43)) - raft.server.watch.element-limit = 65536 (default)
2019-10-10 00:00:42,025 [eda76c84-8d1f-4853-b180-ea76f8b0e08a@group-032988352471-LeaderElection66] INFO  impl.RoleInfo (RoleInfo.java:updateAndGet(143)) - eda76c84-8d1f-4853-b180-ea76f8b0e08a: start LeaderState
2019-10-10 00:00:42,026 [eda76c84-8d1f-4853-b180-ea76f8b0e08a@group-032988352471-LeaderElection66] INFO  segmented.SegmentedRaftLogWorker (SegmentedRaftLogWorker.java:startLogSegment(385)) - eda76c84-8d1f-4853-b180-ea76f8b0e08a@group-032988352471-SegmentedRaftLogWorker: Starting segment from index:0
2019-10-10 00:00:42,027 [eda76c84-8d1f-4853-b180-ea76f8b0e08a@group-032988352471-LeaderElection66] INFO  impl.RaftServerImpl (ServerState.java:setRaftConf(356)) - eda76c84-8d1f-4853-b180-ea76f8b0e08a@group-032988352471: set configuration 0: [eda76c84-8d1f-4853-b180-ea76f8b0e08a:192.168.157.245:39224], old=null at 0
2019-10-10 00:00:42,062 [eda76c84-8d1f-4853-b180-ea76f8b0e08a@group-032988352471-SegmentedRaftLogWorker] INFO  segmented.SegmentedRaftLogWorker (SegmentedRaftLogWorker.java:execute(574)) - eda76c84-8d1f-4853-b180-ea76f8b0e08a@group-032988352471-SegmentedRaftLogWorker: created new log segment /workdir/hadoop-ozone/integration-test/target/test-dir/MiniOzoneClusterImpl-26e9f622-14fa-4607-9e54-b23a48ec8da2/datanode-0/data/ratis/e7227cf7-0b4f-41f7-bf2b-032988352471/current/log_inprogress_0
2019-10-10 00:00:42,063 [Thread-3069] INFO  impl.FollowerState (FollowerState.java:run(108)) - 10712198-501a-4bd0-b522-e21629ca693c@group-0C8624179982-FollowerState: change to CANDIDATE, lastRpcTime:5096ms, electionTimeout:5096ms
2019-10-10 00:00:42,063 [Thread-3069] INFO  impl.RoleInfo (RoleInfo.java:shutdownFollowerState(121)) - 10712198-501a-4bd0-b522-e21629ca693c: shutdown FollowerState
2019-10-10 00:00:42,063 [Thread-3069] INFO  impl.RaftServerImpl (RaftServerImpl.java:setRole(170)) - 10712198-501a-4bd0-b522-e21629ca693c@group-0C8624179982: changes role from  FOLLOWER to CANDIDATE at term 0 for changeToCandidate
2019-10-10 00:00:42,063 [Thread-3069] INFO  impl.RoleInfo (RoleInfo.java:updateAndGet(143)) - 10712198-501a-4bd0-b522-e21629ca693c: start LeaderElection
2019-10-10 00:00:42,075 [10712198-501a-4bd0-b522-e21629ca693c@group-0C8624179982-LeaderElection67] INFO  impl.LeaderElection (LeaderElection.java:askForVotes(178)) - 10712198-501a-4bd0-b522-e21629ca693c@group-0C8624179982-LeaderElection67: begin an election at term 1 for -1: [10712198-501a-4bd0-b522-e21629ca693c:192.168.157.245:36343], old=null
2019-10-10 00:00:42,076 [10712198-501a-4bd0-b522-e21629ca693c@group-0C8624179982-LeaderElection67] INFO  impl.RoleInfo (RoleInfo.java:shutdownLeaderElection(134)) - 10712198-501a-4bd0-b522-e21629ca693c: shutdown LeaderElection
2019-10-10 00:00:42,076 [10712198-501a-4bd0-b522-e21629ca693c@group-0C8624179982-LeaderElection67] INFO  impl.RaftServerImpl (RaftServerImpl.java:setRole(170)) - 10712198-501a-4bd0-b522-e21629ca693c@group-0C8624179982: changes role from CANDIDATE to LEADER at term 1 for changeToLeader
2019-10-10 00:00:42,076 [10712198-501a-4bd0-b522-e21629ca693c@group-0C8624179982-LeaderElection67] INFO  impl.RaftServerImpl (ServerState.java:setLeader(255)) - 10712198-501a-4bd0-b522-e21629ca693c@group-0C8624179982: change Leader from null to 10712198-501a-4bd0-b522-e21629ca693c at term 1 for becomeLeader, leader elected after 5115ms
2019-10-10 00:00:42,076 [10712198-501a-4bd0-b522-e21629ca693c@group-0C8624179982-LeaderElection67] INFO  server.RaftServerConfigKeys (ConfUtils.java:logGet(43)) - raft.server.staging.catchup.gap = 1000 (default)
2019-10-10 00:00:42,076 [10712198-501a-4bd0-b522-e21629ca693c@group-0C8624179982-LeaderElection67] INFO  server.RaftServerConfigKeys (ConfUtils.java:logGet(43)) - raft.server.rpc.sleep.time = 25ms (default)
2019-10-10 00:00:42,076 [10712198-501a-4bd0-b522-e21629ca693c@group-0C8624179982-LeaderElection67] INFO  server.RaftServerConfigKeys (ConfUtils.java:logGet(43)) - raft.server.write.element-limit = 4096 (default)
2019-10-10 00:00:42,076 [10712198-501a-4bd0-b522-e21629ca693c@group-0C8624179982-LeaderElection67] INFO  server.RaftServerConfigKeys (ConfUtils.java:logGet(43)) - raft.server.watch.timeout = 10s (default)
2019-10-10 00:00:42,076 [10712198-501a-4bd0-b522-e21629ca693c@group-0C8624179982-LeaderElection67] INFO  server.RaftServerConfigKeys (ConfUtils.java:logGet(43)) - raft.server.watch.timeout.denomination = 1s (default)
2019-10-10 00:00:42,076 [10712198-501a-4bd0-b522-e21629ca693c@group-0C8624179982-LeaderElection67] INFO  server.RaftServerConfigKeys (ConfUtils.java:logGet(43)) - raft.server.watch.element-limit = 65536 (default)
2019-10-10 00:00:42,077 [10712198-501a-4bd0-b522-e21629ca693c@group-0C8624179982-LeaderElection67] INFO  impl.RoleInfo (RoleInfo.java:updateAndGet(143)) - 10712198-501a-4bd0-b522-e21629ca693c: start LeaderState
2019-10-10 00:00:42,078 [10712198-501a-4bd0-b522-e21629ca693c@group-0C8624179982-LeaderElection67] INFO  segmented.SegmentedRaftLogWorker (SegmentedRaftLogWorker.java:startLogSegment(385)) - 10712198-501a-4bd0-b522-e21629ca693c@group-0C8624179982-SegmentedRaftLogWorker: Starting segment from index:0
2019-10-10 00:00:42,078 [10712198-501a-4bd0-b522-e21629ca693c@group-0C8624179982-LeaderElection67] INFO  impl.RaftServerImpl (ServerState.java:setRaftConf(356)) - 10712198-501a-4bd0-b522-e21629ca693c@group-0C8624179982: set configuration 0: [10712198-501a-4bd0-b522-e21629ca693c:192.168.157.245:36343], old=null at 0
2019-10-10 00:00:42,120 [10712198-501a-4bd0-b522-e21629ca693c@group-0C8624179982-SegmentedRaftLogWorker] INFO  segmented.SegmentedRaftLogWorker (SegmentedRaftLogWorker.java:execute(574)) - 10712198-501a-4bd0-b522-e21629ca693c@group-0C8624179982-SegmentedRaftLogWorker: created new log segment /workdir/hadoop-ozone/integration-test/target/test-dir/MiniOzoneClusterImpl-26e9f622-14fa-4607-9e54-b23a48ec8da2/datanode-2/data/ratis/a53deffe-e8d7-4fdf-b2ac-0c8624179982/current/log_inprogress_0
2019-10-10 00:00:42,129 [Thread-3072] INFO  impl.FollowerState (FollowerState.java:run(108)) - 46c08da4-c4c9-4c47-95e8-a0ff6dbbc692@group-F66CA75124B2-FollowerState: change to CANDIDATE, lastRpcTime:5115ms, electionTimeout:5115ms
2019-10-10 00:00:42,129 [Thread-3072] INFO  impl.RoleInfo (RoleInfo.java:shutdownFollowerState(121)) - 46c08da4-c4c9-4c47-95e8-a0ff6dbbc692: shutdown FollowerState
2019-10-10 00:00:42,129 [Thread-3072] INFO  impl.RaftServerImpl (RaftServerImpl.java:setRole(170)) - 46c08da4-c4c9-4c47-95e8-a0ff6dbbc692@group-F66CA75124B2: changes role from  FOLLOWER to CANDIDATE at term 0 for changeToCandidate
2019-10-10 00:00:42,129 [Thread-3072] INFO  impl.RoleInfo (RoleInfo.java:updateAndGet(143)) - 46c08da4-c4c9-4c47-95e8-a0ff6dbbc692: start LeaderElection
2019-10-10 00:00:42,159 [46c08da4-c4c9-4c47-95e8-a0ff6dbbc692@group-F66CA75124B2-LeaderElection68] INFO  impl.LeaderElection (LeaderElection.java:askForVotes(178)) - 46c08da4-c4c9-4c47-95e8-a0ff6dbbc692@group-F66CA75124B2-LeaderElection68: begin an election at term 1 for -1: [46c08da4-c4c9-4c47-95e8-a0ff6dbbc692:192.168.157.245:37207], old=null
2019-10-10 00:00:42,159 [46c08da4-c4c9-4c47-95e8-a0ff6dbbc692@group-F66CA75124B2-LeaderElection68] INFO  impl.RoleInfo (RoleInfo.java:shutdownLeaderElection(134)) - 46c08da4-c4c9-4c47-95e8-a0ff6dbbc692: shutdown LeaderElection
2019-10-10 00:00:42,159 [46c08da4-c4c9-4c47-95e8-a0ff6dbbc692@group-F66CA75124B2-LeaderElection68] INFO  impl.RaftServerImpl (RaftServerImpl.java:setRole(170)) - 46c08da4-c4c9-4c47-95e8-a0ff6dbbc692@group-F66CA75124B2: changes role from CANDIDATE to LEADER at term 1 for changeToLeader
2019-10-10 00:00:42,159 [46c08da4-c4c9-4c47-95e8-a0ff6dbbc692@group-F66CA75124B2-LeaderElection68] INFO  impl.RaftServerImpl (ServerState.java:setLeader(255)) - 46c08da4-c4c9-4c47-95e8-a0ff6dbbc692@group-F66CA75124B2: change Leader from null to 46c08da4-c4c9-4c47-95e8-a0ff6dbbc692 at term 1 for becomeLeader, leader elected after 5152ms
2019-10-10 00:00:42,160 [46c08da4-c4c9-4c47-95e8-a0ff6dbbc692@group-F66CA75124B2-LeaderElection68] INFO  server.RaftServerConfigKeys (ConfUtils.java:logGet(43)) - raft.server.staging.catchup.gap = 1000 (default)
2019-10-10 00:00:42,160 [46c08da4-c4c9-4c47-95e8-a0ff6dbbc692@group-F66CA75124B2-LeaderElection68] INFO  server.RaftServerConfigKeys (ConfUtils.java:logGet(43)) - raft.server.rpc.sleep.time = 25ms (default)
2019-10-10 00:00:42,160 [46c08da4-c4c9-4c47-95e8-a0ff6dbbc692@group-F66CA75124B2-LeaderElection68] INFO  server.RaftServerConfigKeys (ConfUtils.java:logGet(43)) - raft.server.write.element-limit = 4096 (default)
2019-10-10 00:00:42,160 [46c08da4-c4c9-4c47-95e8-a0ff6dbbc692@group-F66CA75124B2-LeaderElection68] INFO  server.RaftServerConfigKeys (ConfUtils.java:logGet(43)) - raft.server.watch.timeout = 10s (default)
2019-10-10 00:00:42,160 [46c08da4-c4c9-4c47-95e8-a0ff6dbbc692@group-F66CA75124B2-LeaderElection68] INFO  server.RaftServerConfigKeys (ConfUtils.java:logGet(43)) - raft.server.watch.timeout.denomination = 1s (default)
2019-10-10 00:00:42,160 [46c08da4-c4c9-4c47-95e8-a0ff6dbbc692@group-F66CA75124B2-LeaderElection68] INFO  server.RaftServerConfigKeys (ConfUtils.java:logGet(43)) - raft.server.watch.element-limit = 65536 (default)
2019-10-10 00:00:42,160 [Thread-3076] INFO  impl.FollowerState (FollowerState.java:run(108)) - 46c08da4-c4c9-4c47-95e8-a0ff6dbbc692@group-5FC2BAE16D33-FollowerState: change to CANDIDATE, lastRpcTime:5077ms, electionTimeout:5077ms
2019-10-10 00:00:42,160 [Thread-3076] INFO  impl.RoleInfo (RoleInfo.java:shutdownFollowerState(121)) - 46c08da4-c4c9-4c47-95e8-a0ff6dbbc692: shutdown FollowerState
2019-10-10 00:00:42,161 [Thread-3076] INFO  impl.RaftServerImpl (RaftServerImpl.java:setRole(170)) - 46c08da4-c4c9-4c47-95e8-a0ff6dbbc692@group-5FC2BAE16D33: changes role from  FOLLOWER to CANDIDATE at term 0 for changeToCandidate
2019-10-10 00:00:42,161 [Thread-3076] INFO  impl.RoleInfo (RoleInfo.java:updateAndGet(143)) - 46c08da4-c4c9-4c47-95e8-a0ff6dbbc692: start LeaderElection
2019-10-10 00:00:42,163 [46c08da4-c4c9-4c47-95e8-a0ff6dbbc692@group-F66CA75124B2-LeaderElection68] INFO  impl.RoleInfo (RoleInfo.java:updateAndGet(143)) - 46c08da4-c4c9-4c47-95e8-a0ff6dbbc692: start LeaderState
2019-10-10 00:00:42,163 [46c08da4-c4c9-4c47-95e8-a0ff6dbbc692@group-F66CA75124B2-LeaderElection68] INFO  segmented.SegmentedRaftLogWorker (SegmentedRaftLogWorker.java:startLogSegment(385)) - 46c08da4-c4c9-4c47-95e8-a0ff6dbbc692@group-F66CA75124B2-SegmentedRaftLogWorker: Starting segment from index:0
2019-10-10 00:00:42,164 [46c08da4-c4c9-4c47-95e8-a0ff6dbbc692@group-F66CA75124B2-LeaderElection68] INFO  impl.RaftServerImpl (ServerState.java:setRaftConf(356)) - 46c08da4-c4c9-4c47-95e8-a0ff6dbbc692@group-F66CA75124B2: set configuration 0: [46c08da4-c4c9-4c47-95e8-a0ff6dbbc692:192.168.157.245:37207], old=null at 0
2019-10-10 00:00:42,185 [Thread-3078] INFO  impl.FollowerState (FollowerState.java:run(108)) - 10712198-501a-4bd0-b522-e21629ca693c@group-5FC2BAE16D33-FollowerState: change to CANDIDATE, lastRpcTime:5099ms, electionTimeout:5085ms
2019-10-10 00:00:42,185 [46c08da4-c4c9-4c47-95e8-a0ff6dbbc692@group-5FC2BAE16D33-LeaderElection69] INFO  impl.LeaderElection (LeaderElection.java:askForVotes(178)) - 46c08da4-c4c9-4c47-95e8-a0ff6dbbc692@group-5FC2BAE16D33-LeaderElection69: begin an election at term 1 for -1: [46c08da4-c4c9-4c47-95e8-a0ff6dbbc692:192.168.157.245:37207, eda76c84-8d1f-4853-b180-ea76f8b0e08a:192.168.157.245:39224, 10712198-501a-4bd0-b522-e21629ca693c:192.168.157.245:36343], old=null
2019-10-10 00:00:42,186 [Thread-3080] INFO  impl.FollowerState (FollowerState.java:run(108)) - eda76c84-8d1f-4853-b180-ea76f8b0e08a@group-5FC2BAE16D33-FollowerState: change to CANDIDATE, lastRpcTime:5099ms, electionTimeout:5088ms
2019-10-10 00:00:42,186 [Thread-3078] INFO  impl.RoleInfo (RoleInfo.java:shutdownFollowerState(121)) - 10712198-501a-4bd0-b522-e21629ca693c: shutdown FollowerState
2019-10-10 00:00:42,186 [Thread-3080] INFO  impl.RoleInfo (RoleInfo.java:shutdownFollowerState(121)) - eda76c84-8d1f-4853-b180-ea76f8b0e08a: shutdown FollowerState
2019-10-10 00:00:42,186 [Thread-3080] INFO  impl.RaftServerImpl (RaftServerImpl.java:setRole(170)) - eda76c84-8d1f-4853-b180-ea76f8b0e08a@group-5FC2BAE16D33: changes role from  FOLLOWER to CANDIDATE at term 0 for changeToCandidate
2019-10-10 00:00:42,186 [Thread-3078] INFO  impl.RaftServerImpl (RaftServerImpl.java:setRole(170)) - 10712198-501a-4bd0-b522-e21629ca693c@group-5FC2BAE16D33: changes role from  FOLLOWER to CANDIDATE at term 0 for changeToCandidate
2019-10-10 00:00:42,186 [Thread-3080] INFO  impl.RoleInfo (RoleInfo.java:updateAndGet(143)) - eda76c84-8d1f-4853-b180-ea76f8b0e08a: start LeaderElection
2019-10-10 00:00:42,186 [Thread-3078] INFO  impl.RoleInfo (RoleInfo.java:updateAndGet(143)) - 10712198-501a-4bd0-b522-e21629ca693c: start LeaderElection
2019-10-10 00:00:42,204 [46c08da4-c4c9-4c47-95e8-a0ff6dbbc692@group-F66CA75124B2-SegmentedRaftLogWorker] INFO  segmented.SegmentedRaftLogWorker (SegmentedRaftLogWorker.java:execute(574)) - 46c08da4-c4c9-4c47-95e8-a0ff6dbbc692@group-F66CA75124B2-SegmentedRaftLogWorker: created new log segment /workdir/hadoop-ozone/integration-test/target/test-dir/MiniOzoneClusterImpl-26e9f622-14fa-4607-9e54-b23a48ec8da2/datanode-3/data/ratis/cc76f103-f215-4391-8644-f66ca75124b2/current/log_inprogress_0
2019-10-10 00:00:42,207 [10712198-501a-4bd0-b522-e21629ca693c@group-5FC2BAE16D33-LeaderElection71] INFO  impl.LeaderElection (LeaderElection.java:askForVotes(178)) - 10712198-501a-4bd0-b522-e21629ca693c@group-5FC2BAE16D33-LeaderElection71: begin an election at term 1 for -1: [46c08da4-c4c9-4c47-95e8-a0ff6dbbc692:192.168.157.245:37207, eda76c84-8d1f-4853-b180-ea76f8b0e08a:192.168.157.245:39224, 10712198-501a-4bd0-b522-e21629ca693c:192.168.157.245:36343], old=null
2019-10-10 00:00:42,209 [eda76c84-8d1f-4853-b180-ea76f8b0e08a@group-5FC2BAE16D33-LeaderElection70] INFO  impl.LeaderElection (LeaderElection.java:askForVotes(178)) - eda76c84-8d1f-4853-b180-ea76f8b0e08a@group-5FC2BAE16D33-LeaderElection70: begin an election at term 1 for -1: [46c08da4-c4c9-4c47-95e8-a0ff6dbbc692:192.168.157.245:37207, eda76c84-8d1f-4853-b180-ea76f8b0e08a:192.168.157.245:39224, 10712198-501a-4bd0-b522-e21629ca693c:192.168.157.245:36343], old=null
2019-10-10 00:00:42,215 [46c08da4-c4c9-4c47-95e8-a0ff6dbbc692@group-5FC2BAE16D33-LeaderElection69] INFO  impl.LeaderElection (LeaderElection.java:logAndReturn(56)) - 46c08da4-c4c9-4c47-95e8-a0ff6dbbc692@group-5FC2BAE16D33-LeaderElection69: Election REJECTED; received 2 response(s) [46c08da4-c4c9-4c47-95e8-a0ff6dbbc692<-eda76c84-8d1f-4853-b180-ea76f8b0e08a#0:FAIL-t1, 46c08da4-c4c9-4c47-95e8-a0ff6dbbc692<-10712198-501a-4bd0-b522-e21629ca693c#0:FAIL-t1] and 0 exception(s); 46c08da4-c4c9-4c47-95e8-a0ff6dbbc692@group-5FC2BAE16D33:t1, leader=null, voted=46c08da4-c4c9-4c47-95e8-a0ff6dbbc692, raftlog=46c08da4-c4c9-4c47-95e8-a0ff6dbbc692@group-5FC2BAE16D33-SegmentedRaftLog:OPENED:c-1,f-1,i0, conf=-1: [46c08da4-c4c9-4c47-95e8-a0ff6dbbc692:192.168.157.245:37207, eda76c84-8d1f-4853-b180-ea76f8b0e08a:192.168.157.245:39224, 10712198-501a-4bd0-b522-e21629ca693c:192.168.157.245:36343], old=null
2019-10-10 00:00:42,216 [46c08da4-c4c9-4c47-95e8-a0ff6dbbc692@group-5FC2BAE16D33-LeaderElection69] INFO  impl.RaftServerImpl (RaftServerImpl.java:setRole(170)) - 46c08da4-c4c9-4c47-95e8-a0ff6dbbc692@group-5FC2BAE16D33: changes role from CANDIDATE to FOLLOWER at term 1 for DISCOVERED_A_NEW_TERM
2019-10-10 00:00:42,217 [46c08da4-c4c9-4c47-95e8-a0ff6dbbc692@group-5FC2BAE16D33-LeaderElection69] INFO  impl.RoleInfo (RoleInfo.java:shutdownLeaderElection(134)) - 46c08da4-c4c9-4c47-95e8-a0ff6dbbc692: shutdown LeaderElection
2019-10-10 00:00:42,217 [46c08da4-c4c9-4c47-95e8-a0ff6dbbc692@group-5FC2BAE16D33-LeaderElection69] INFO  impl.RoleInfo (RoleInfo.java:updateAndGet(143)) - 46c08da4-c4c9-4c47-95e8-a0ff6dbbc692: start FollowerState
2019-10-10 00:00:42,230 [10712198-501a-4bd0-b522-e21629ca693c@group-5FC2BAE16D33-LeaderElection71] INFO  impl.LeaderElection (LeaderElection.java:logAndReturn(56)) - 10712198-501a-4bd0-b522-e21629ca693c@group-5FC2BAE16D33-LeaderElection71: Election REJECTED; received 2 response(s) [10712198-501a-4bd0-b522-e21629ca693c<-46c08da4-c4c9-4c47-95e8-a0ff6dbbc692#0:FAIL-t1, 10712198-501a-4bd0-b522-e21629ca693c<-eda76c84-8d1f-4853-b180-ea76f8b0e08a#0:FAIL-t1] and 0 exception(s); 10712198-501a-4bd0-b522-e21629ca693c@group-5FC2BAE16D33:t1, leader=null, voted=10712198-501a-4bd0-b522-e21629ca693c, raftlog=10712198-501a-4bd0-b522-e21629ca693c@group-5FC2BAE16D33-SegmentedRaftLog:OPENED:c-1,f-1,i0, conf=-1: [46c08da4-c4c9-4c47-95e8-a0ff6dbbc692:192.168.157.245:37207, eda76c84-8d1f-4853-b180-ea76f8b0e08a:192.168.157.245:39224, 10712198-501a-4bd0-b522-e21629ca693c:192.168.157.245:36343], old=null
2019-10-10 00:00:42,233 [10712198-501a-4bd0-b522-e21629ca693c@group-5FC2BAE16D33-LeaderElection71] INFO  impl.RaftServerImpl (RaftServerImpl.java:setRole(170)) - 10712198-501a-4bd0-b522-e21629ca693c@group-5FC2BAE16D33: changes role from CANDIDATE to FOLLOWER at term 1 for DISCOVERED_A_NEW_TERM
2019-10-10 00:00:42,233 [10712198-501a-4bd0-b522-e21629ca693c@group-5FC2BAE16D33-LeaderElection71] INFO  impl.RoleInfo (RoleInfo.java:shutdownLeaderElection(134)) - 10712198-501a-4bd0-b522-e21629ca693c: shutdown LeaderElection
2019-10-10 00:00:42,233 [10712198-501a-4bd0-b522-e21629ca693c@group-5FC2BAE16D33-LeaderElection71] INFO  impl.RoleInfo (RoleInfo.java:updateAndGet(143)) - 10712198-501a-4bd0-b522-e21629ca693c: start FollowerState
2019-10-10 00:00:42,234 [eda76c84-8d1f-4853-b180-ea76f8b0e08a@group-5FC2BAE16D33-LeaderElection70] INFO  impl.LeaderElection (LeaderElection.java:logAndReturn(56)) - eda76c84-8d1f-4853-b180-ea76f8b0e08a@group-5FC2BAE16D33-LeaderElection70: Election REJECTED; received 2 response(s) [eda76c84-8d1f-4853-b180-ea76f8b0e08a<-46c08da4-c4c9-4c47-95e8-a0ff6dbbc692#0:FAIL-t1, eda76c84-8d1f-4853-b180-ea76f8b0e08a<-10712198-501a-4bd0-b522-e21629ca693c#0:FAIL-t1] and 0 exception(s); eda76c84-8d1f-4853-b180-ea76f8b0e08a@group-5FC2BAE16D33:t1, leader=null, voted=eda76c84-8d1f-4853-b180-ea76f8b0e08a, raftlog=eda76c84-8d1f-4853-b180-ea76f8b0e08a@group-5FC2BAE16D33-SegmentedRaftLog:OPENED:c-1,f-1,i0, conf=-1: [46c08da4-c4c9-4c47-95e8-a0ff6dbbc692:192.168.157.245:37207, eda76c84-8d1f-4853-b180-ea76f8b0e08a:192.168.157.245:39224, 10712198-501a-4bd0-b522-e21629ca693c:192.168.157.245:36343], old=null
2019-10-10 00:00:42,236 [eda76c84-8d1f-4853-b180-ea76f8b0e08a@group-5FC2BAE16D33-LeaderElection70] INFO  impl.RaftServerImpl (RaftServerImpl.java:setRole(170)) - eda76c84-8d1f-4853-b180-ea76f8b0e08a@group-5FC2BAE16D33: changes role from CANDIDATE to FOLLOWER at term 1 for DISCOVERED_A_NEW_TERM
2019-10-10 00:00:42,237 [eda76c84-8d1f-4853-b180-ea76f8b0e08a@group-5FC2BAE16D33-LeaderElection70] INFO  impl.RoleInfo (RoleInfo.java:shutdownLeaderElection(134)) - eda76c84-8d1f-4853-b180-ea76f8b0e08a: shutdown LeaderElection
2019-10-10 00:00:42,237 [eda76c84-8d1f-4853-b180-ea76f8b0e08a@group-5FC2BAE16D33-LeaderElection70] INFO  impl.RoleInfo (RoleInfo.java:updateAndGet(143)) - eda76c84-8d1f-4853-b180-ea76f8b0e08a: start FollowerState
2019-10-10 00:00:42,237 [Thread-3087] INFO  impl.FollowerState (FollowerState.java:run(108)) - af68696b-9559-4489-94b7-1ded23028e6c@group-9798C274A43A-FollowerState: change to CANDIDATE, lastRpcTime:5071ms, electionTimeout:5071ms
2019-10-10 00:00:42,239 [Thread-3087] INFO  impl.RoleInfo (RoleInfo.java:shutdownFollowerState(121)) - af68696b-9559-4489-94b7-1ded23028e6c: shutdown FollowerState
2019-10-10 00:00:42,239 [Thread-3087] INFO  impl.RaftServerImpl (RaftServerImpl.java:setRole(170)) - af68696b-9559-4489-94b7-1ded23028e6c@group-9798C274A43A: changes role from  FOLLOWER to CANDIDATE at term 0 for changeToCandidate
2019-10-10 00:00:42,239 [Thread-3087] INFO  impl.RoleInfo (RoleInfo.java:updateAndGet(143)) - af68696b-9559-4489-94b7-1ded23028e6c: start LeaderElection
2019-10-10 00:00:42,255 [af68696b-9559-4489-94b7-1ded23028e6c@group-9798C274A43A-LeaderElection72] INFO  impl.LeaderElection (LeaderElection.java:askForVotes(178)) - af68696b-9559-4489-94b7-1ded23028e6c@group-9798C274A43A-LeaderElection72: begin an election at term 1 for -1: [af68696b-9559-4489-94b7-1ded23028e6c:192.168.157.245:42194, f7263369-3513-4a4c-970a-cf6ede1fc488:192.168.157.245:45935, f5c6cedc-5e2f-4b88-839f-eb18816aa586:192.168.157.245:42381], old=null
2019-10-10 00:00:42,258 [grpc-default-executor-7] INFO  impl.RaftServerImpl (RaftServerImpl.java:setRole(170)) - f7263369-3513-4a4c-970a-cf6ede1fc488@group-9798C274A43A: changes role from  FOLLOWER to FOLLOWER at term 1 for recognizeCandidate:af68696b-9559-4489-94b7-1ded23028e6c
2019-10-10 00:00:42,258 [grpc-default-executor-4] INFO  impl.RaftServerImpl (RaftServerImpl.java:setRole(170)) - f5c6cedc-5e2f-4b88-839f-eb18816aa586@group-9798C274A43A: changes role from  FOLLOWER to FOLLOWER at term 1 for recognizeCandidate:af68696b-9559-4489-94b7-1ded23028e6c
2019-10-10 00:00:42,258 [grpc-default-executor-7] INFO  impl.RoleInfo (RoleInfo.java:shutdownFollowerState(121)) - f7263369-3513-4a4c-970a-cf6ede1fc488: shutdown FollowerState
2019-10-10 00:00:42,258 [grpc-default-executor-4] INFO  impl.RoleInfo (RoleInfo.java:shutdownFollowerState(121)) - f5c6cedc-5e2f-4b88-839f-eb18816aa586: shutdown FollowerState
2019-10-10 00:00:42,259 [Thread-3089] INFO  impl.FollowerState (FollowerState.java:run(117)) - f7263369-3513-4a4c-970a-cf6ede1fc488@group-9798C274A43A-FollowerState was interrupted: java.lang.InterruptedException: sleep interrupted
2019-10-10 00:00:42,259 [grpc-default-executor-7] INFO  impl.RoleInfo (RoleInfo.java:updateAndGet(143)) - f7263369-3513-4a4c-970a-cf6ede1fc488: start FollowerState
2019-10-10 00:00:42,259 [grpc-default-executor-4] INFO  impl.RoleInfo (RoleInfo.java:updateAndGet(143)) - f5c6cedc-5e2f-4b88-839f-eb18816aa586: start FollowerState
2019-10-10 00:00:42,263 [Thread-3084] INFO  impl.FollowerState (FollowerState.java:run(117)) - f5c6cedc-5e2f-4b88-839f-eb18816aa586@group-9798C274A43A-FollowerState was interrupted: java.lang.InterruptedException: sleep interrupted
2019-10-10 00:00:42,286 [af68696b-9559-4489-94b7-1ded23028e6c@group-9798C274A43A-LeaderElection72] INFO  impl.LeaderElection (LeaderElection.java:logAndReturn(56)) - af68696b-9559-4489-94b7-1ded23028e6c@group-9798C274A43A-LeaderElection72: Election PASSED; received 1 response(s) [af68696b-9559-4489-94b7-1ded23028e6c<-f5c6cedc-5e2f-4b88-839f-eb18816aa586#0:OK-t1] and 0 exception(s); af68696b-9559-4489-94b7-1ded23028e6c@group-9798C274A43A:t1, leader=null, voted=af68696b-9559-4489-94b7-1ded23028e6c, raftlog=af68696b-9559-4489-94b7-1ded23028e6c@group-9798C274A43A-SegmentedRaftLog:OPENED:c-1,f-1,i0, conf=-1: [af68696b-9559-4489-94b7-1ded23028e6c:192.168.157.245:42194, f7263369-3513-4a4c-970a-cf6ede1fc488:192.168.157.245:45935, f5c6cedc-5e2f-4b88-839f-eb18816aa586:192.168.157.245:42381], old=null
2019-10-10 00:00:42,286 [af68696b-9559-4489-94b7-1ded23028e6c@group-9798C274A43A-LeaderElection72] INFO  impl.RoleInfo (RoleInfo.java:shutdownLeaderElection(134)) - af68696b-9559-4489-94b7-1ded23028e6c: shutdown LeaderElection
2019-10-10 00:00:42,286 [af68696b-9559-4489-94b7-1ded23028e6c@group-9798C274A43A-LeaderElection72] INFO  impl.RaftServerImpl (RaftServerImpl.java:setRole(170)) - af68696b-9559-4489-94b7-1ded23028e6c@group-9798C274A43A: changes role from CANDIDATE to LEADER at term 1 for changeToLeader
2019-10-10 00:00:42,286 [af68696b-9559-4489-94b7-1ded23028e6c@group-9798C274A43A-LeaderElection72] INFO  impl.RaftServerImpl (ServerState.java:setLeader(255)) - af68696b-9559-4489-94b7-1ded23028e6c@group-9798C274A43A: change Leader from null to af68696b-9559-4489-94b7-1ded23028e6c at term 1 for becomeLeader, leader elected after 5129ms
2019-10-10 00:00:42,287 [af68696b-9559-4489-94b7-1ded23028e6c@group-9798C274A43A-LeaderElection72] INFO  server.RaftServerConfigKeys (ConfUtils.java:logGet(43)) - raft.server.staging.catchup.gap = 1000 (default)
2019-10-10 00:00:42,287 [af68696b-9559-4489-94b7-1ded23028e6c@group-9798C274A43A-LeaderElection72] INFO  server.RaftServerConfigKeys (ConfUtils.java:logGet(43)) - raft.server.rpc.sleep.time = 25ms (default)
2019-10-10 00:00:42,287 [af68696b-9559-4489-94b7-1ded23028e6c@group-9798C274A43A-LeaderElection72] INFO  server.RaftServerConfigKeys (ConfUtils.java:logGet(43)) - raft.server.write.element-limit = 4096 (default)
2019-10-10 00:00:42,287 [af68696b-9559-4489-94b7-1ded23028e6c@group-9798C274A43A-LeaderElection72] INFO  server.RaftServerConfigKeys (ConfUtils.java:logGet(43)) - raft.server.watch.timeout = 10s (default)
2019-10-10 00:00:42,287 [af68696b-9559-4489-94b7-1ded23028e6c@group-9798C274A43A-LeaderElection72] INFO  server.RaftServerConfigKeys (ConfUtils.java:logGet(43)) - raft.server.watch.timeout.denomination = 1s (default)
2019-10-10 00:00:42,287 [af68696b-9559-4489-94b7-1ded23028e6c@group-9798C274A43A-LeaderElection72] INFO  server.RaftServerConfigKeys (ConfUtils.java:logGet(43)) - raft.server.watch.element-limit = 65536 (default)
2019-10-10 00:00:42,289 [af68696b-9559-4489-94b7-1ded23028e6c@group-9798C274A43A-LeaderElection72] INFO  server.RaftServerConfigKeys (ConfUtils.java:logGet(43)) - raft.server.log.appender.snapshot.chunk.size.max = 16MB (=16777216) (default)
2019-10-10 00:00:42,290 [af68696b-9559-4489-94b7-1ded23028e6c@group-9798C274A43A-LeaderElection72] INFO  server.RaftServerConfigKeys (ConfUtils.java:logGet(43)) - raft.server.log.appender.buffer.byte-limit = 33554432 (custom)
2019-10-10 00:00:42,290 [af68696b-9559-4489-94b7-1ded23028e6c@group-9798C274A43A-LeaderElection72] INFO  server.RaftServerConfigKeys (ConfUtils.java:logGet(43)) - raft.server.log.appender.buffer.element-limit = 1 (custom)
2019-10-10 00:00:42,290 [af68696b-9559-4489-94b7-1ded23028e6c@group-9798C274A43A-LeaderElection72] INFO  grpc.GrpcConfigKeys$Server (ConfUtils.java:logGet(43)) - raft.grpc.server.leader.outstanding.appends.max = 128 (default)
2019-10-10 00:00:42,290 [af68696b-9559-4489-94b7-1ded23028e6c@group-9798C274A43A-LeaderElection72] INFO  server.RaftServerConfigKeys (ConfUtils.java:logGet(43)) - raft.server.rpc.request.timeout = 3000ms (default)
2019-10-10 00:00:42,291 [af68696b-9559-4489-94b7-1ded23028e6c@group-9798C274A43A-LeaderElection72] INFO  server.RaftServerConfigKeys (ConfUtils.java:logGet(43)) - raft.server.log.appender.install.snapshot.enabled = false (custom)
2019-10-10 00:00:42,291 [af68696b-9559-4489-94b7-1ded23028e6c@group-9798C274A43A-LeaderElection72] INFO  server.RaftServerConfigKeys (ConfUtils.java:logGet(43)) - raft.server.log.appender.snapshot.chunk.size.max = 16MB (=16777216) (default)
2019-10-10 00:00:42,291 [af68696b-9559-4489-94b7-1ded23028e6c@group-9798C274A43A-LeaderElection72] INFO  server.RaftServerConfigKeys (ConfUtils.java:logGet(43)) - raft.server.log.appender.buffer.byte-limit = 33554432 (custom)
2019-10-10 00:00:42,291 [af68696b-9559-4489-94b7-1ded23028e6c@group-9798C274A43A-LeaderElection72] INFO  server.RaftServerConfigKeys (ConfUtils.java:logGet(43)) - raft.server.log.appender.buffer.element-limit = 1 (custom)
2019-10-10 00:00:42,291 [af68696b-9559-4489-94b7-1ded23028e6c@group-9798C274A43A-LeaderElection72] INFO  grpc.GrpcConfigKeys$Server (ConfUtils.java:logGet(43)) - raft.grpc.server.leader.outstanding.appends.max = 128 (default)
2019-10-10 00:00:42,292 [af68696b-9559-4489-94b7-1ded23028e6c@group-9798C274A43A-LeaderElection72] INFO  server.RaftServerConfigKeys (ConfUtils.java:logGet(43)) - raft.server.rpc.request.timeout = 3000ms (default)
2019-10-10 00:00:42,292 [af68696b-9559-4489-94b7-1ded23028e6c@group-9798C274A43A-LeaderElection72] INFO  server.RaftServerConfigKeys (ConfUtils.java:logGet(43)) - raft.server.log.appender.install.snapshot.enabled = false (custom)
2019-10-10 00:00:42,292 [af68696b-9559-4489-94b7-1ded23028e6c@group-9798C274A43A-LeaderElection72] INFO  impl.RoleInfo (RoleInfo.java:updateAndGet(143)) - af68696b-9559-4489-94b7-1ded23028e6c: start LeaderState
2019-10-10 00:00:42,292 [af68696b-9559-4489-94b7-1ded23028e6c@group-9798C274A43A-LeaderElection72] INFO  segmented.SegmentedRaftLogWorker (SegmentedRaftLogWorker.java:startLogSegment(385)) - af68696b-9559-4489-94b7-1ded23028e6c@group-9798C274A43A-SegmentedRaftLogWorker: Starting segment from index:0
2019-10-10 00:00:42,293 [af68696b-9559-4489-94b7-1ded23028e6c@group-9798C274A43A-LeaderElection72] INFO  impl.RaftServerImpl (ServerState.java:setRaftConf(356)) - af68696b-9559-4489-94b7-1ded23028e6c@group-9798C274A43A: set configuration 0: [af68696b-9559-4489-94b7-1ded23028e6c:192.168.157.245:42194, f7263369-3513-4a4c-970a-cf6ede1fc488:192.168.157.245:45935, f5c6cedc-5e2f-4b88-839f-eb18816aa586:192.168.157.245:42381], old=null at 0
2019-10-10 00:00:42,320 [grpc-default-executor-7] INFO  impl.RaftServerImpl (ServerState.java:setLeader(255)) - f7263369-3513-4a4c-970a-cf6ede1fc488@group-9798C274A43A: change Leader from null to af68696b-9559-4489-94b7-1ded23028e6c at term 1 for appendEntries, leader elected after 5163ms
2019-10-10 00:00:42,320 [grpc-default-executor-4] INFO  impl.RaftServerImpl (ServerState.java:setLeader(255)) - f5c6cedc-5e2f-4b88-839f-eb18816aa586@group-9798C274A43A: change Leader from null to af68696b-9559-4489-94b7-1ded23028e6c at term 1 for appendEntries, leader elected after 5163ms
2019-10-10 00:00:42,326 [grpc-default-executor-7] INFO  impl.RaftServerImpl (ServerState.java:setRaftConf(356)) - f7263369-3513-4a4c-970a-cf6ede1fc488@group-9798C274A43A: set configuration 0: [af68696b-9559-4489-94b7-1ded23028e6c:192.168.157.245:42194, f7263369-3513-4a4c-970a-cf6ede1fc488:192.168.157.245:45935, f5c6cedc-5e2f-4b88-839f-eb18816aa586:192.168.157.245:42381], old=null at 0
2019-10-10 00:00:42,326 [grpc-default-executor-4] INFO  impl.RaftServerImpl (ServerState.java:setRaftConf(356)) - f5c6cedc-5e2f-4b88-839f-eb18816aa586@group-9798C274A43A: set configuration 0: [af68696b-9559-4489-94b7-1ded23028e6c:192.168.157.245:42194, f7263369-3513-4a4c-970a-cf6ede1fc488:192.168.157.245:45935, f5c6cedc-5e2f-4b88-839f-eb18816aa586:192.168.157.245:42381], old=null at 0
2019-10-10 00:00:42,326 [grpc-default-executor-7] INFO  segmented.SegmentedRaftLogWorker (SegmentedRaftLogWorker.java:startLogSegment(385)) - f7263369-3513-4a4c-970a-cf6ede1fc488@group-9798C274A43A-SegmentedRaftLogWorker: Starting segment from index:0
2019-10-10 00:00:42,327 [grpc-default-executor-4] INFO  segmented.SegmentedRaftLogWorker (SegmentedRaftLogWorker.java:startLogSegment(385)) - f5c6cedc-5e2f-4b88-839f-eb18816aa586@group-9798C274A43A-SegmentedRaftLogWorker: Starting segment from index:0
2019-10-10 00:00:42,331 [af68696b-9559-4489-94b7-1ded23028e6c@group-9798C274A43A-SegmentedRaftLogWorker] INFO  segmented.SegmentedRaftLogWorker (SegmentedRaftLogWorker.java:execute(574)) - af68696b-9559-4489-94b7-1ded23028e6c@group-9798C274A43A-SegmentedRaftLogWorker: created new log segment /workdir/hadoop-ozone/integration-test/target/test-dir/MiniOzoneClusterImpl-26e9f622-14fa-4607-9e54-b23a48ec8da2/datanode-5/data/ratis/04da7221-6db5-436d-9908-9798c274a43a/current/log_inprogress_0
2019-10-10 00:00:42,369 [f5c6cedc-5e2f-4b88-839f-eb18816aa586@group-9798C274A43A-SegmentedRaftLogWorker] INFO  segmented.SegmentedRaftLogWorker (SegmentedRaftLogWorker.java:execute(574)) - f5c6cedc-5e2f-4b88-839f-eb18816aa586@group-9798C274A43A-SegmentedRaftLogWorker: created new log segment /workdir/hadoop-ozone/integration-test/target/test-dir/MiniOzoneClusterImpl-26e9f622-14fa-4607-9e54-b23a48ec8da2/datanode-1/data/ratis/04da7221-6db5-436d-9908-9798c274a43a/current/log_inprogress_0
2019-10-10 00:00:42,369 [f7263369-3513-4a4c-970a-cf6ede1fc488@group-9798C274A43A-SegmentedRaftLogWorker] INFO  segmented.SegmentedRaftLogWorker (SegmentedRaftLogWorker.java:execute(574)) - f7263369-3513-4a4c-970a-cf6ede1fc488@group-9798C274A43A-SegmentedRaftLogWorker: created new log segment /workdir/hadoop-ozone/integration-test/target/test-dir/MiniOzoneClusterImpl-26e9f622-14fa-4607-9e54-b23a48ec8da2/datanode-4/data/ratis/04da7221-6db5-436d-9908-9798c274a43a/current/log_inprogress_0
2019-10-10 00:00:42,398 [Thread-3093] INFO  impl.FollowerState (FollowerState.java:run(108)) - f7263369-3513-4a4c-970a-cf6ede1fc488@group-9C586DBA5598-FollowerState: change to CANDIDATE, lastRpcTime:5182ms, electionTimeout:5182ms
2019-10-10 00:00:42,399 [Thread-3093] INFO  impl.RoleInfo (RoleInfo.java:shutdownFollowerState(121)) - f7263369-3513-4a4c-970a-cf6ede1fc488: shutdown FollowerState
2019-10-10 00:00:42,399 [Thread-3093] INFO  impl.RaftServerImpl (RaftServerImpl.java:setRole(170)) - f7263369-3513-4a4c-970a-cf6ede1fc488@group-9C586DBA5598: changes role from  FOLLOWER to CANDIDATE at term 0 for changeToCandidate
2019-10-10 00:00:42,399 [Thread-3093] INFO  impl.RoleInfo (RoleInfo.java:updateAndGet(143)) - f7263369-3513-4a4c-970a-cf6ede1fc488: start LeaderElection
2019-10-10 00:00:42,416 [Thread-3096] INFO  impl.FollowerState (FollowerState.java:run(108)) - 28025bb6-580e-4c2f-93a5-9d4edc4937f3@group-F2D109EA9EBE-FollowerState: change to CANDIDATE, lastRpcTime:5139ms, electionTimeout:5139ms
2019-10-10 00:00:42,416 [Thread-3096] INFO  impl.RoleInfo (RoleInfo.java:shutdownFollowerState(121)) - 28025bb6-580e-4c2f-93a5-9d4edc4937f3: shutdown FollowerState
2019-10-10 00:00:42,416 [Thread-3096] INFO  impl.RaftServerImpl (RaftServerImpl.java:setRole(170)) - 28025bb6-580e-4c2f-93a5-9d4edc4937f3@group-F2D109EA9EBE: changes role from  FOLLOWER to CANDIDATE at term 0 for changeToCandidate
2019-10-10 00:00:42,416 [Thread-3096] INFO  impl.RoleInfo (RoleInfo.java:updateAndGet(143)) - 28025bb6-580e-4c2f-93a5-9d4edc4937f3: start LeaderElection
2019-10-10 00:00:42,432 [f7263369-3513-4a4c-970a-cf6ede1fc488@group-9C586DBA5598-LeaderElection73] INFO  impl.LeaderElection (LeaderElection.java:askForVotes(178)) - f7263369-3513-4a4c-970a-cf6ede1fc488@group-9C586DBA5598-LeaderElection73: begin an election at term 1 for -1: [f7263369-3513-4a4c-970a-cf6ede1fc488:192.168.157.245:45935], old=null
2019-10-10 00:00:42,432 [28025bb6-580e-4c2f-93a5-9d4edc4937f3@group-F2D109EA9EBE-LeaderElection74] INFO  impl.LeaderElection (LeaderElection.java:askForVotes(178)) - 28025bb6-580e-4c2f-93a5-9d4edc4937f3@group-F2D109EA9EBE-LeaderElection74: begin an election at term 1 for -1: [28025bb6-580e-4c2f-93a5-9d4edc4937f3:192.168.157.245:35290], old=null
2019-10-10 00:00:42,432 [f7263369-3513-4a4c-970a-cf6ede1fc488@group-9C586DBA5598-LeaderElection73] INFO  impl.RoleInfo (RoleInfo.java:shutdownLeaderElection(134)) - f7263369-3513-4a4c-970a-cf6ede1fc488: shutdown LeaderElection
2019-10-10 00:00:42,432 [28025bb6-580e-4c2f-93a5-9d4edc4937f3@group-F2D109EA9EBE-LeaderElection74] INFO  impl.RoleInfo (RoleInfo.java:shutdownLeaderElection(134)) - 28025bb6-580e-4c2f-93a5-9d4edc4937f3: shutdown LeaderElection
2019-10-10 00:00:42,432 [f7263369-3513-4a4c-970a-cf6ede1fc488@group-9C586DBA5598-LeaderElection73] INFO  impl.RaftServerImpl (RaftServerImpl.java:setRole(170)) - f7263369-3513-4a4c-970a-cf6ede1fc488@group-9C586DBA5598: changes role from CANDIDATE to LEADER at term 1 for changeToLeader
2019-10-10 00:00:42,432 [28025bb6-580e-4c2f-93a5-9d4edc4937f3@group-F2D109EA9EBE-LeaderElection74] INFO  impl.RaftServerImpl (RaftServerImpl.java:setRole(170)) - 28025bb6-580e-4c2f-93a5-9d4edc4937f3@group-F2D109EA9EBE: changes role from CANDIDATE to LEADER at term 1 for changeToLeader
2019-10-10 00:00:42,432 [f7263369-3513-4a4c-970a-cf6ede1fc488@group-9C586DBA5598-LeaderElection73] INFO  impl.RaftServerImpl (ServerState.java:setLeader(255)) - f7263369-3513-4a4c-970a-cf6ede1fc488@group-9C586DBA5598: change Leader from null to f7263369-3513-4a4c-970a-cf6ede1fc488 at term 1 for becomeLeader, leader elected after 5220ms
2019-10-10 00:00:42,432 [28025bb6-580e-4c2f-93a5-9d4edc4937f3@group-F2D109EA9EBE-LeaderElection74] INFO  impl.RaftServerImpl (ServerState.java:setLeader(255)) - 28025bb6-580e-4c2f-93a5-9d4edc4937f3@group-F2D109EA9EBE: change Leader from null to 28025bb6-580e-4c2f-93a5-9d4edc4937f3 at term 1 for becomeLeader, leader elected after 5161ms
2019-10-10 00:00:42,433 [f7263369-3513-4a4c-970a-cf6ede1fc488@group-9C586DBA5598-LeaderElection73] INFO  server.RaftServerConfigKeys (ConfUtils.java:logGet(43)) - raft.server.staging.catchup.gap = 1000 (default)
2019-10-10 00:00:42,433 [28025bb6-580e-4c2f-93a5-9d4edc4937f3@group-F2D109EA9EBE-LeaderElection74] INFO  server.RaftServerConfigKeys (ConfUtils.java:logGet(43)) - raft.server.staging.catchup.gap = 1000 (default)
2019-10-10 00:00:42,433 [f7263369-3513-4a4c-970a-cf6ede1fc488@group-9C586DBA5598-LeaderElection73] INFO  server.RaftServerConfigKeys (ConfUtils.java:logGet(43)) - raft.server.rpc.sleep.time = 25ms (default)
2019-10-10 00:00:42,433 [28025bb6-580e-4c2f-93a5-9d4edc4937f3@group-F2D109EA9EBE-LeaderElection74] INFO  server.RaftServerConfigKeys (ConfUtils.java:logGet(43)) - raft.server.rpc.sleep.time = 25ms (default)
2019-10-10 00:00:42,433 [f7263369-3513-4a4c-970a-cf6ede1fc488@group-9C586DBA5598-LeaderElection73] INFO  server.RaftServerConfigKeys (ConfUtils.java:logGet(43)) - raft.server.write.element-limit = 4096 (default)
2019-10-10 00:00:42,433 [28025bb6-580e-4c2f-93a5-9d4edc4937f3@group-F2D109EA9EBE-LeaderElection74] INFO  server.RaftServerConfigKeys (ConfUtils.java:logGet(43)) - raft.server.write.element-limit = 4096 (default)
2019-10-10 00:00:42,433 [f7263369-3513-4a4c-970a-cf6ede1fc488@group-9C586DBA5598-LeaderElection73] INFO  server.RaftServerConfigKeys (ConfUtils.java:logGet(43)) - raft.server.watch.timeout = 10s (default)
2019-10-10 00:00:42,434 [28025bb6-580e-4c2f-93a5-9d4edc4937f3@group-F2D109EA9EBE-LeaderElection74] INFO  server.RaftServerConfigKeys (ConfUtils.java:logGet(43)) - raft.server.watch.timeout = 10s (default)
2019-10-10 00:00:42,434 [f7263369-3513-4a4c-970a-cf6ede1fc488@group-9C586DBA5598-LeaderElection73] INFO  server.RaftServerConfigKeys (ConfUtils.java:logGet(43)) - raft.server.watch.timeout.denomination = 1s (default)
2019-10-10 00:00:42,434 [28025bb6-580e-4c2f-93a5-9d4edc4937f3@group-F2D109EA9EBE-LeaderElection74] INFO  server.RaftServerConfigKeys (ConfUtils.java:logGet(43)) - raft.server.watch.timeout.denomination = 1s (default)
2019-10-10 00:00:42,434 [f7263369-3513-4a4c-970a-cf6ede1fc488@group-9C586DBA5598-LeaderElection73] INFO  server.RaftServerConfigKeys (ConfUtils.java:logGet(43)) - raft.server.watch.element-limit = 65536 (default)
2019-10-10 00:00:42,434 [28025bb6-580e-4c2f-93a5-9d4edc4937f3@group-F2D109EA9EBE-LeaderElection74] INFO  server.RaftServerConfigKeys (ConfUtils.java:logGet(43)) - raft.server.watch.element-limit = 65536 (default)
2019-10-10 00:00:42,437 [f7263369-3513-4a4c-970a-cf6ede1fc488@group-9C586DBA5598-LeaderElection73] INFO  impl.RoleInfo (RoleInfo.java:updateAndGet(143)) - f7263369-3513-4a4c-970a-cf6ede1fc488: start LeaderState
2019-10-10 00:00:42,437 [f7263369-3513-4a4c-970a-cf6ede1fc488@group-9C586DBA5598-LeaderElection73] INFO  segmented.SegmentedRaftLogWorker (SegmentedRaftLogWorker.java:startLogSegment(385)) - f7263369-3513-4a4c-970a-cf6ede1fc488@group-9C586DBA5598-SegmentedRaftLogWorker: Starting segment from index:0
2019-10-10 00:00:42,437 [28025bb6-580e-4c2f-93a5-9d4edc4937f3@group-F2D109EA9EBE-LeaderElection74] INFO  impl.RoleInfo (RoleInfo.java:updateAndGet(143)) - 28025bb6-580e-4c2f-93a5-9d4edc4937f3: start LeaderState
2019-10-10 00:00:42,437 [28025bb6-580e-4c2f-93a5-9d4edc4937f3@group-F2D109EA9EBE-LeaderElection74] INFO  segmented.SegmentedRaftLogWorker (SegmentedRaftLogWorker.java:startLogSegment(385)) - 28025bb6-580e-4c2f-93a5-9d4edc4937f3@group-F2D109EA9EBE-SegmentedRaftLogWorker: Starting segment from index:0
2019-10-10 00:00:42,438 [f7263369-3513-4a4c-970a-cf6ede1fc488@group-9C586DBA5598-LeaderElection73] INFO  impl.RaftServerImpl (ServerState.java:setRaftConf(356)) - f7263369-3513-4a4c-970a-cf6ede1fc488@group-9C586DBA5598: set configuration 0: [f7263369-3513-4a4c-970a-cf6ede1fc488:192.168.157.245:45935], old=null at 0
2019-10-10 00:00:42,472 [28025bb6-580e-4c2f-93a5-9d4edc4937f3@group-F2D109EA9EBE-LeaderElection74] INFO  impl.RaftServerImpl (ServerState.java:setRaftConf(356)) - 28025bb6-580e-4c2f-93a5-9d4edc4937f3@group-F2D109EA9EBE: set configuration 0: [28025bb6-580e-4c2f-93a5-9d4edc4937f3:192.168.157.245:35290], old=null at 0
2019-10-10 00:00:42,503 [f7263369-3513-4a4c-970a-cf6ede1fc488@group-9C586DBA5598-SegmentedRaftLogWorker] INFO  segmented.SegmentedRaftLogWorker (SegmentedRaftLogWorker.java:execute(574)) - f7263369-3513-4a4c-970a-cf6ede1fc488@group-9C586DBA5598-SegmentedRaftLogWorker: created new log segment /workdir/hadoop-ozone/integration-test/target/test-dir/MiniOzoneClusterImpl-26e9f622-14fa-4607-9e54-b23a48ec8da2/datanode-4/data/ratis/0c970753-ec9d-4c4a-9373-9c586dba5598/current/log_inprogress_0
2019-10-10 00:00:42,506 [Thread-3099] INFO  impl.FollowerState (FollowerState.java:run(108)) - af68696b-9559-4489-94b7-1ded23028e6c@group-0C301B5BB09B-FollowerState: change to CANDIDATE, lastRpcTime:5177ms, electionTimeout:5177ms
2019-10-10 00:00:42,507 [Thread-3099] INFO  impl.RoleInfo (RoleInfo.java:shutdownFollowerState(121)) - af68696b-9559-4489-94b7-1ded23028e6c: shutdown FollowerState
2019-10-10 00:00:42,507 [Thread-3099] INFO  impl.RaftServerImpl (RaftServerImpl.java:setRole(170)) - af68696b-9559-4489-94b7-1ded23028e6c@group-0C301B5BB09B: changes role from  FOLLOWER to CANDIDATE at term 0 for changeToCandidate
2019-10-10 00:00:42,507 [Thread-3099] INFO  impl.RoleInfo (RoleInfo.java:updateAndGet(143)) - af68696b-9559-4489-94b7-1ded23028e6c: start LeaderElection
2019-10-10 00:00:42,516 [28025bb6-580e-4c2f-93a5-9d4edc4937f3@group-F2D109EA9EBE-SegmentedRaftLogWorker] INFO  segmented.SegmentedRaftLogWorker (SegmentedRaftLogWorker.java:execute(574)) - 28025bb6-580e-4c2f-93a5-9d4edc4937f3@group-F2D109EA9EBE-SegmentedRaftLogWorker: created new log segment /workdir/hadoop-ozone/integration-test/target/test-dir/MiniOzoneClusterImpl-26e9f622-14fa-4607-9e54-b23a48ec8da2/datanode-6/data/ratis/75342538-0227-4148-b91e-f2d109ea9ebe/current/log_inprogress_0
2019-10-10 00:00:42,520 [af68696b-9559-4489-94b7-1ded23028e6c@group-0C301B5BB09B-LeaderElection75] INFO  impl.LeaderElection (LeaderElection.java:askForVotes(178)) - af68696b-9559-4489-94b7-1ded23028e6c@group-0C301B5BB09B-LeaderElection75: begin an election at term 1 for -1: [af68696b-9559-4489-94b7-1ded23028e6c:192.168.157.245:42194], old=null
2019-10-10 00:00:42,520 [af68696b-9559-4489-94b7-1ded23028e6c@group-0C301B5BB09B-LeaderElection75] INFO  impl.RoleInfo (RoleInfo.java:shutdownLeaderElection(134)) - af68696b-9559-4489-94b7-1ded23028e6c: shutdown LeaderElection
2019-10-10 00:00:42,520 [af68696b-9559-4489-94b7-1ded23028e6c@group-0C301B5BB09B-LeaderElection75] INFO  impl.RaftServerImpl (RaftServerImpl.java:setRole(170)) - af68696b-9559-4489-94b7-1ded23028e6c@group-0C301B5BB09B: changes role from CANDIDATE to LEADER at term 1 for changeToLeader
2019-10-10 00:00:42,523 [af68696b-9559-4489-94b7-1ded23028e6c@group-0C301B5BB09B-LeaderElection75] INFO  impl.RaftServerImpl (ServerState.java:setLeader(255)) - af68696b-9559-4489-94b7-1ded23028e6c@group-0C301B5BB09B: change Leader from null to af68696b-9559-4489-94b7-1ded23028e6c at term 1 for becomeLeader, leader elected after 5198ms
2019-10-10 00:00:42,526 [af68696b-9559-4489-94b7-1ded23028e6c@group-0C301B5BB09B-LeaderElection75] INFO  server.RaftServerConfigKeys (ConfUtils.java:logGet(43)) - raft.server.staging.catchup.gap = 1000 (default)
2019-10-10 00:00:42,533 [af68696b-9559-4489-94b7-1ded23028e6c@group-0C301B5BB09B-LeaderElection75] INFO  server.RaftServerConfigKeys (ConfUtils.java:logGet(43)) - raft.server.rpc.sleep.time = 25ms (default)
2019-10-10 00:00:42,533 [af68696b-9559-4489-94b7-1ded23028e6c@group-0C301B5BB09B-LeaderElection75] INFO  server.RaftServerConfigKeys (ConfUtils.java:logGet(43)) - raft.server.write.element-limit = 4096 (default)
2019-10-10 00:00:42,533 [af68696b-9559-4489-94b7-1ded23028e6c@group-0C301B5BB09B-LeaderElection75] INFO  server.RaftServerConfigKeys (ConfUtils.java:logGet(43)) - raft.server.watch.timeout = 10s (default)
2019-10-10 00:00:42,533 [af68696b-9559-4489-94b7-1ded23028e6c@group-0C301B5BB09B-LeaderElection75] INFO  server.RaftServerConfigKeys (ConfUtils.java:logGet(43)) - raft.server.watch.timeout.denomination = 1s (default)
2019-10-10 00:00:42,533 [af68696b-9559-4489-94b7-1ded23028e6c@group-0C301B5BB09B-LeaderElection75] INFO  server.RaftServerConfigKeys (ConfUtils.java:logGet(43)) - raft.server.watch.element-limit = 65536 (default)
2019-10-10 00:00:42,535 [af68696b-9559-4489-94b7-1ded23028e6c@group-0C301B5BB09B-LeaderElection75] INFO  impl.RoleInfo (RoleInfo.java:updateAndGet(143)) - af68696b-9559-4489-94b7-1ded23028e6c: start LeaderState
2019-10-10 00:00:42,535 [af68696b-9559-4489-94b7-1ded23028e6c@group-0C301B5BB09B-LeaderElection75] INFO  segmented.SegmentedRaftLogWorker (SegmentedRaftLogWorker.java:startLogSegment(385)) - af68696b-9559-4489-94b7-1ded23028e6c@group-0C301B5BB09B-SegmentedRaftLogWorker: Starting segment from index:0
2019-10-10 00:00:42,536 [af68696b-9559-4489-94b7-1ded23028e6c@group-0C301B5BB09B-LeaderElection75] INFO  impl.RaftServerImpl (ServerState.java:setRaftConf(356)) - af68696b-9559-4489-94b7-1ded23028e6c@group-0C301B5BB09B: set configuration 0: [af68696b-9559-4489-94b7-1ded23028e6c:192.168.157.245:42194], old=null at 0
2019-10-10 00:00:42,595 [af68696b-9559-4489-94b7-1ded23028e6c@group-0C301B5BB09B-SegmentedRaftLogWorker] INFO  segmented.SegmentedRaftLogWorker (SegmentedRaftLogWorker.java:execute(574)) - af68696b-9559-4489-94b7-1ded23028e6c@group-0C301B5BB09B-SegmentedRaftLogWorker: created new log segment /workdir/hadoop-ozone/integration-test/target/test-dir/MiniOzoneClusterImpl-26e9f622-14fa-4607-9e54-b23a48ec8da2/datanode-5/data/ratis/73bc02a1-aad2-459b-b170-0c301b5bb09b/current/log_inprogress_0
2019-10-10 00:00:43,830 [main] WARN  scm.XceiverClientRatis (XceiverClientRatis.java:watchForCommit(277)) - 3 way commit failed on pipeline Pipeline[ Id: 04da7221-6db5-436d-9908-9798c274a43a, Nodes: f7263369-3513-4a4c-970a-cf6ede1fc488{ip: 192.168.157.245, host: pr-hdds-2266-b8s26-4239225152, networkLocation: /default-rack, certSerialId: null}f5c6cedc-5e2f-4b88-839f-eb18816aa586{ip: 192.168.157.245, host: pr-hdds-2266-b8s26-4239225152, networkLocation: /default-rack, certSerialId: null}af68696b-9559-4489-94b7-1ded23028e6c{ip: 192.168.157.245, host: pr-hdds-2266-b8s26-4239225152, networkLocation: /default-rack, certSerialId: null}, Type:RATIS, Factor:THREE, State:OPEN]
java.util.concurrent.TimeoutException
	at java.util.concurrent.CompletableFuture.timedGet(CompletableFuture.java:1771)
	at java.util.concurrent.CompletableFuture.get(CompletableFuture.java:1915)
	at org.apache.hadoop.hdds.scm.XceiverClientRatis.watchForCommit(XceiverClientRatis.java:274)
	at org.apache.hadoop.hdds.scm.storage.CommitWatcher.watchForCommit(CommitWatcher.java:198)
	at org.apache.hadoop.hdds.scm.storage.CommitWatcher.watchOnLastIndex(CommitWatcher.java:161)
	at org.apache.hadoop.hdds.scm.storage.BlockOutputStream.watchForCommit(BlockOutputStream.java:346)
	at org.apache.hadoop.hdds.scm.storage.BlockOutputStream.handleFlush(BlockOutputStream.java:482)
	at org.apache.hadoop.hdds.scm.storage.BlockOutputStream.flush(BlockOutputStream.java:431)
	at org.apache.hadoop.ozone.client.io.BlockOutputStreamEntry.flush(BlockOutputStreamEntry.java:136)
	at org.apache.hadoop.ozone.client.io.KeyOutputStream.handleFlushOrClose(KeyOutputStream.java:443)
	at org.apache.hadoop.ozone.client.io.KeyOutputStream.flush(KeyOutputStream.java:397)
	at org.apache.hadoop.ozone.client.io.OzoneOutputStream.flush(OzoneOutputStream.java:54)
	at org.apache.hadoop.ozone.client.rpc.TestBlockOutputStreamWithFailures.testWatchForCommitDatanodeFailure(TestBlockOutputStreamWithFailures.java:330)
	at sun.reflect.NativeMethodAccessorImpl.invoke0(Native Method)
	at sun.reflect.NativeMethodAccessorImpl.invoke(NativeMethodAccessorImpl.java:62)
	at sun.reflect.DelegatingMethodAccessorImpl.invoke(DelegatingMethodAccessorImpl.java:43)
	at java.lang.reflect.Method.invoke(Method.java:498)
	at org.junit.runners.model.FrameworkMethod$1.runReflectiveCall(FrameworkMethod.java:47)
	at org.junit.internal.runners.model.ReflectiveCallable.run(ReflectiveCallable.java:12)
	at org.junit.runners.model.FrameworkMethod.invokeExplosively(FrameworkMethod.java:44)
	at org.junit.internal.runners.statements.InvokeMethod.evaluate(InvokeMethod.java:17)
	at org.junit.internal.runners.statements.RunBefores.evaluate(RunBefores.java:26)
	at org.junit.internal.runners.statements.RunAfters.evaluate(RunAfters.java:27)
	at org.junit.runners.ParentRunner.runLeaf(ParentRunner.java:271)
	at org.junit.runners.BlockJUnit4ClassRunner.runChild(BlockJUnit4ClassRunner.java:70)
	at org.junit.runners.BlockJUnit4ClassRunner.runChild(BlockJUnit4ClassRunner.java:50)
	at org.junit.runners.ParentRunner$3.run(ParentRunner.java:238)
	at org.junit.runners.ParentRunner$1.schedule(ParentRunner.java:63)
	at org.junit.runners.ParentRunner.runChildren(ParentRunner.java:236)
	at org.junit.runners.ParentRunner.access$000(ParentRunner.java:53)
	at org.junit.runners.ParentRunner$2.evaluate(ParentRunner.java:229)
	at org.junit.runners.ParentRunner.run(ParentRunner.java:309)
	at org.apache.maven.surefire.junit4.JUnit4Provider.execute(JUnit4Provider.java:365)
	at org.apache.maven.surefire.junit4.JUnit4Provider.executeWithRerun(JUnit4Provider.java:273)
	at org.apache.maven.surefire.junit4.JUnit4Provider.executeTestSet(JUnit4Provider.java:238)
	at org.apache.maven.surefire.junit4.JUnit4Provider.invoke(JUnit4Provider.java:159)
	at org.apache.maven.surefire.booter.ForkedBooter.invokeProviderInSameClassLoader(ForkedBooter.java:384)
	at org.apache.maven.surefire.booter.ForkedBooter.runSuitesInProcess(ForkedBooter.java:345)
	at org.apache.maven.surefire.booter.ForkedBooter.execute(ForkedBooter.java:126)
	at org.apache.maven.surefire.booter.ForkedBooter.main(ForkedBooter.java:418)
2019-10-10 00:00:44,833 [main] WARN  storage.CommitWatcher (CommitWatcher.java:watchForCommit(207)) - watchForCommit failed for index 14
java.util.concurrent.TimeoutException
	at java.util.concurrent.CompletableFuture.timedGet(CompletableFuture.java:1771)
	at java.util.concurrent.CompletableFuture.get(CompletableFuture.java:1915)
	at org.apache.hadoop.hdds.scm.XceiverClientRatis.watchForCommit(XceiverClientRatis.java:283)
	at org.apache.hadoop.hdds.scm.storage.CommitWatcher.watchForCommit(CommitWatcher.java:198)
	at org.apache.hadoop.hdds.scm.storage.CommitWatcher.watchOnLastIndex(CommitWatcher.java:161)
	at org.apache.hadoop.hdds.scm.storage.BlockOutputStream.watchForCommit(BlockOutputStream.java:346)
	at org.apache.hadoop.hdds.scm.storage.BlockOutputStream.handleFlush(BlockOutputStream.java:482)
	at org.apache.hadoop.hdds.scm.storage.BlockOutputStream.flush(BlockOutputStream.java:431)
	at org.apache.hadoop.ozone.client.io.BlockOutputStreamEntry.flush(BlockOutputStreamEntry.java:136)
	at org.apache.hadoop.ozone.client.io.KeyOutputStream.handleFlushOrClose(KeyOutputStream.java:443)
	at org.apache.hadoop.ozone.client.io.KeyOutputStream.flush(KeyOutputStream.java:397)
	at org.apache.hadoop.ozone.client.io.OzoneOutputStream.flush(OzoneOutputStream.java:54)
	at org.apache.hadoop.ozone.client.rpc.TestBlockOutputStreamWithFailures.testWatchForCommitDatanodeFailure(TestBlockOutputStreamWithFailures.java:330)
	at sun.reflect.NativeMethodAccessorImpl.invoke0(Native Method)
	at sun.reflect.NativeMethodAccessorImpl.invoke(NativeMethodAccessorImpl.java:62)
	at sun.reflect.DelegatingMethodAccessorImpl.invoke(DelegatingMethodAccessorImpl.java:43)
	at java.lang.reflect.Method.invoke(Method.java:498)
	at org.junit.runners.model.FrameworkMethod$1.runReflectiveCall(FrameworkMethod.java:47)
	at org.junit.internal.runners.model.ReflectiveCallable.run(ReflectiveCallable.java:12)
	at org.junit.runners.model.FrameworkMethod.invokeExplosively(FrameworkMethod.java:44)
	at org.junit.internal.runners.statements.InvokeMethod.evaluate(InvokeMethod.java:17)
	at org.junit.internal.runners.statements.RunBefores.evaluate(RunBefores.java:26)
	at org.junit.internal.runners.statements.RunAfters.evaluate(RunAfters.java:27)
	at org.junit.runners.ParentRunner.runLeaf(ParentRunner.java:271)
	at org.junit.runners.BlockJUnit4ClassRunner.runChild(BlockJUnit4ClassRunner.java:70)
	at org.junit.runners.BlockJUnit4ClassRunner.runChild(BlockJUnit4ClassRunner.java:50)
	at org.junit.runners.ParentRunner$3.run(ParentRunner.java:238)
	at org.junit.runners.ParentRunner$1.schedule(ParentRunner.java:63)
	at org.junit.runners.ParentRunner.runChildren(ParentRunner.java:236)
	at org.junit.runners.ParentRunner.access$000(ParentRunner.java:53)
	at org.junit.runners.ParentRunner$2.evaluate(ParentRunner.java:229)
	at org.junit.runners.ParentRunner.run(ParentRunner.java:309)
	at org.apache.maven.surefire.junit4.JUnit4Provider.execute(JUnit4Provider.java:365)
	at org.apache.maven.surefire.junit4.JUnit4Provider.executeWithRerun(JUnit4Provider.java:273)
	at org.apache.maven.surefire.junit4.JUnit4Provider.executeTestSet(JUnit4Provider.java:238)
	at org.apache.maven.surefire.junit4.JUnit4Provider.invoke(JUnit4Provider.java:159)
	at org.apache.maven.surefire.booter.ForkedBooter.invokeProviderInSameClassLoader(ForkedBooter.java:384)
	at org.apache.maven.surefire.booter.ForkedBooter.runSuitesInProcess(ForkedBooter.java:345)
	at org.apache.maven.surefire.booter.ForkedBooter.execute(ForkedBooter.java:126)
	at org.apache.maven.surefire.booter.ForkedBooter.main(ForkedBooter.java:418)
2019-10-10 00:00:44,833 [main] WARN  io.KeyOutputStream (KeyOutputStream.java:handleException(274)) - Encountered exception java.io.IOException: Unexpected Storage Container Exception: java.io.IOException: Unexpected Storage Container Exception: java.util.concurrent.TimeoutException on the pipeline Pipeline[ Id: 04da7221-6db5-436d-9908-9798c274a43a, Nodes: f7263369-3513-4a4c-970a-cf6ede1fc488{ip: 192.168.157.245, host: pr-hdds-2266-b8s26-4239225152, networkLocation: /default-rack, certSerialId: null}f5c6cedc-5e2f-4b88-839f-eb18816aa586{ip: 192.168.157.245, host: pr-hdds-2266-b8s26-4239225152, networkLocation: /default-rack, certSerialId: null}af68696b-9559-4489-94b7-1ded23028e6c{ip: 192.168.157.245, host: pr-hdds-2266-b8s26-4239225152, networkLocation: /default-rack, certSerialId: null}, Type:RATIS, Factor:THREE, State:OPEN]. The last committed block length is 400, uncommitted data length is 50 retry count 0
2019-10-10 00:00:47,244 [Thread-3130] INFO  impl.FollowerState (FollowerState.java:run(108)) - 46c08da4-c4c9-4c47-95e8-a0ff6dbbc692@group-5FC2BAE16D33-FollowerState: change to CANDIDATE, lastRpcTime:5026ms, electionTimeout:5026ms
2019-10-10 00:00:47,247 [Thread-3130] INFO  impl.RoleInfo (RoleInfo.java:shutdownFollowerState(121)) - 46c08da4-c4c9-4c47-95e8-a0ff6dbbc692: shutdown FollowerState
2019-10-10 00:00:47,247 [Thread-3130] INFO  impl.RaftServerImpl (RaftServerImpl.java:setRole(170)) - 46c08da4-c4c9-4c47-95e8-a0ff6dbbc692@group-5FC2BAE16D33: changes role from  FOLLOWER to CANDIDATE at term 1 for changeToCandidate
2019-10-10 00:00:47,247 [Thread-3130] INFO  impl.RoleInfo (RoleInfo.java:updateAndGet(143)) - 46c08da4-c4c9-4c47-95e8-a0ff6dbbc692: start LeaderElection
2019-10-10 00:00:47,264 [46c08da4-c4c9-4c47-95e8-a0ff6dbbc692@group-5FC2BAE16D33-LeaderElection76] INFO  impl.LeaderElection (LeaderElection.java:askForVotes(178)) - 46c08da4-c4c9-4c47-95e8-a0ff6dbbc692@group-5FC2BAE16D33-LeaderElection76: begin an election at term 2 for -1: [46c08da4-c4c9-4c47-95e8-a0ff6dbbc692:192.168.157.245:37207, eda76c84-8d1f-4853-b180-ea76f8b0e08a:192.168.157.245:39224, 10712198-501a-4bd0-b522-e21629ca693c:192.168.157.245:36343], old=null
2019-10-10 00:00:47,268 [grpc-default-executor-1] INFO  impl.RaftServerImpl (RaftServerImpl.java:setRole(170)) - 10712198-501a-4bd0-b522-e21629ca693c@group-5FC2BAE16D33: changes role from  FOLLOWER to FOLLOWER at term 2 for recognizeCandidate:46c08da4-c4c9-4c47-95e8-a0ff6dbbc692
2019-10-10 00:00:47,268 [grpc-default-executor-7] INFO  impl.RaftServerImpl (RaftServerImpl.java:setRole(170)) - eda76c84-8d1f-4853-b180-ea76f8b0e08a@group-5FC2BAE16D33: changes role from  FOLLOWER to FOLLOWER at term 2 for recognizeCandidate:46c08da4-c4c9-4c47-95e8-a0ff6dbbc692
2019-10-10 00:00:47,269 [grpc-default-executor-1] INFO  impl.RoleInfo (RoleInfo.java:shutdownFollowerState(121)) - 10712198-501a-4bd0-b522-e21629ca693c: shutdown FollowerState
2019-10-10 00:00:47,269 [grpc-default-executor-7] INFO  impl.RoleInfo (RoleInfo.java:shutdownFollowerState(121)) - eda76c84-8d1f-4853-b180-ea76f8b0e08a: shutdown FollowerState
2019-10-10 00:00:47,269 [grpc-default-executor-7] INFO  impl.RoleInfo (RoleInfo.java:updateAndGet(143)) - eda76c84-8d1f-4853-b180-ea76f8b0e08a: start FollowerState
2019-10-10 00:00:47,269 [grpc-default-executor-1] INFO  impl.RoleInfo (RoleInfo.java:updateAndGet(143)) - 10712198-501a-4bd0-b522-e21629ca693c: start FollowerState
2019-10-10 00:00:47,269 [Thread-3132] INFO  impl.FollowerState (FollowerState.java:run(117)) - eda76c84-8d1f-4853-b180-ea76f8b0e08a@group-5FC2BAE16D33-FollowerState was interrupted: java.lang.InterruptedException: sleep interrupted
2019-10-10 00:00:47,269 [Thread-3131] INFO  impl.FollowerState (FollowerState.java:run(117)) - 10712198-501a-4bd0-b522-e21629ca693c@group-5FC2BAE16D33-FollowerState was interrupted: java.lang.InterruptedException: sleep interrupted
2019-10-10 00:00:47,286 [46c08da4-c4c9-4c47-95e8-a0ff6dbbc692@group-5FC2BAE16D33-LeaderElection76] INFO  impl.LeaderElection (LeaderElection.java:logAndReturn(56)) - 46c08da4-c4c9-4c47-95e8-a0ff6dbbc692@group-5FC2BAE16D33-LeaderElection76: Election PASSED; received 1 response(s) [46c08da4-c4c9-4c47-95e8-a0ff6dbbc692<-eda76c84-8d1f-4853-b180-ea76f8b0e08a#0:OK-t2] and 0 exception(s); 46c08da4-c4c9-4c47-95e8-a0ff6dbbc692@group-5FC2BAE16D33:t2, leader=null, voted=46c08da4-c4c9-4c47-95e8-a0ff6dbbc692, raftlog=46c08da4-c4c9-4c47-95e8-a0ff6dbbc692@group-5FC2BAE16D33-SegmentedRaftLog:OPENED:c-1,f-1,i0, conf=-1: [46c08da4-c4c9-4c47-95e8-a0ff6dbbc692:192.168.157.245:37207, eda76c84-8d1f-4853-b180-ea76f8b0e08a:192.168.157.245:39224, 10712198-501a-4bd0-b522-e21629ca693c:192.168.157.245:36343], old=null
2019-10-10 00:00:47,286 [46c08da4-c4c9-4c47-95e8-a0ff6dbbc692@group-5FC2BAE16D33-LeaderElection76] INFO  impl.RoleInfo (RoleInfo.java:shutdownLeaderElection(134)) - 46c08da4-c4c9-4c47-95e8-a0ff6dbbc692: shutdown LeaderElection
2019-10-10 00:00:47,287 [46c08da4-c4c9-4c47-95e8-a0ff6dbbc692@group-5FC2BAE16D33-LeaderElection76] INFO  impl.RaftServerImpl (RaftServerImpl.java:setRole(170)) - 46c08da4-c4c9-4c47-95e8-a0ff6dbbc692@group-5FC2BAE16D33: changes role from CANDIDATE to LEADER at term 2 for changeToLeader
2019-10-10 00:00:47,287 [46c08da4-c4c9-4c47-95e8-a0ff6dbbc692@group-5FC2BAE16D33-LeaderElection76] INFO  impl.RaftServerImpl (ServerState.java:setLeader(255)) - 46c08da4-c4c9-4c47-95e8-a0ff6dbbc692@group-5FC2BAE16D33: change Leader from null to 46c08da4-c4c9-4c47-95e8-a0ff6dbbc692 at term 2 for becomeLeader, leader elected after 10212ms
2019-10-10 00:00:47,287 [46c08da4-c4c9-4c47-95e8-a0ff6dbbc692@group-5FC2BAE16D33-LeaderElection76] INFO  server.RaftServerConfigKeys (ConfUtils.java:logGet(43)) - raft.server.staging.catchup.gap = 1000 (default)
2019-10-10 00:00:47,287 [46c08da4-c4c9-4c47-95e8-a0ff6dbbc692@group-5FC2BAE16D33-LeaderElection76] INFO  server.RaftServerConfigKeys (ConfUtils.java:logGet(43)) - raft.server.rpc.sleep.time = 25ms (default)
2019-10-10 00:00:47,288 [46c08da4-c4c9-4c47-95e8-a0ff6dbbc692@group-5FC2BAE16D33-LeaderElection76] INFO  server.RaftServerConfigKeys (ConfUtils.java:logGet(43)) - raft.server.write.element-limit = 4096 (default)
2019-10-10 00:00:47,288 [46c08da4-c4c9-4c47-95e8-a0ff6dbbc692@group-5FC2BAE16D33-LeaderElection76] INFO  server.RaftServerConfigKeys (ConfUtils.java:logGet(43)) - raft.server.watch.timeout = 10s (default)
2019-10-10 00:00:47,288 [46c08da4-c4c9-4c47-95e8-a0ff6dbbc692@group-5FC2BAE16D33-LeaderElection76] INFO  server.RaftServerConfigKeys (ConfUtils.java:logGet(43)) - raft.server.watch.timeout.denomination = 1s (default)
2019-10-10 00:00:47,288 [46c08da4-c4c9-4c47-95e8-a0ff6dbbc692@group-5FC2BAE16D33-LeaderElection76] INFO  server.RaftServerConfigKeys (ConfUtils.java:logGet(43)) - raft.server.watch.element-limit = 65536 (default)
2019-10-10 00:00:47,291 [46c08da4-c4c9-4c47-95e8-a0ff6dbbc692@group-5FC2BAE16D33-LeaderElection76] INFO  server.RaftServerConfigKeys (ConfUtils.java:logGet(43)) - raft.server.log.appender.snapshot.chunk.size.max = 16MB (=16777216) (default)
2019-10-10 00:00:47,291 [46c08da4-c4c9-4c47-95e8-a0ff6dbbc692@group-5FC2BAE16D33-LeaderElection76] INFO  server.RaftServerConfigKeys (ConfUtils.java:logGet(43)) - raft.server.log.appender.buffer.byte-limit = 33554432 (custom)
2019-10-10 00:00:47,291 [46c08da4-c4c9-4c47-95e8-a0ff6dbbc692@group-5FC2BAE16D33-LeaderElection76] INFO  server.RaftServerConfigKeys (ConfUtils.java:logGet(43)) - raft.server.log.appender.buffer.element-limit = 1 (custom)
2019-10-10 00:00:47,292 [46c08da4-c4c9-4c47-95e8-a0ff6dbbc692@group-5FC2BAE16D33-LeaderElection76] INFO  grpc.GrpcConfigKeys$Server (ConfUtils.java:logGet(43)) - raft.grpc.server.leader.outstanding.appends.max = 128 (default)
2019-10-10 00:00:47,292 [46c08da4-c4c9-4c47-95e8-a0ff6dbbc692@group-5FC2BAE16D33-LeaderElection76] INFO  server.RaftServerConfigKeys (ConfUtils.java:logGet(43)) - raft.server.rpc.request.timeout = 3000ms (default)
2019-10-10 00:00:47,292 [46c08da4-c4c9-4c47-95e8-a0ff6dbbc692@group-5FC2BAE16D33-LeaderElection76] INFO  server.RaftServerConfigKeys (ConfUtils.java:logGet(43)) - raft.server.log.appender.install.snapshot.enabled = false (custom)
2019-10-10 00:00:47,292 [46c08da4-c4c9-4c47-95e8-a0ff6dbbc692@group-5FC2BAE16D33-LeaderElection76] INFO  server.RaftServerConfigKeys (ConfUtils.java:logGet(43)) - raft.server.log.appender.snapshot.chunk.size.max = 16MB (=16777216) (default)
2019-10-10 00:00:47,292 [46c08da4-c4c9-4c47-95e8-a0ff6dbbc692@group-5FC2BAE16D33-LeaderElection76] INFO  server.RaftServerConfigKeys (ConfUtils.java:logGet(43)) - raft.server.log.appender.buffer.byte-limit = 33554432 (custom)
2019-10-10 00:00:47,292 [46c08da4-c4c9-4c47-95e8-a0ff6dbbc692@group-5FC2BAE16D33-LeaderElection76] INFO  server.RaftServerConfigKeys (ConfUtils.java:logGet(43)) - raft.server.log.appender.buffer.element-limit = 1 (custom)
2019-10-10 00:00:47,293 [46c08da4-c4c9-4c47-95e8-a0ff6dbbc692@group-5FC2BAE16D33-LeaderElection76] INFO  grpc.GrpcConfigKeys$Server (ConfUtils.java:logGet(43)) - raft.grpc.server.leader.outstanding.appends.max = 128 (default)
2019-10-10 00:00:47,293 [46c08da4-c4c9-4c47-95e8-a0ff6dbbc692@group-5FC2BAE16D33-LeaderElection76] INFO  server.RaftServerConfigKeys (ConfUtils.java:logGet(43)) - raft.server.rpc.request.timeout = 3000ms (default)
2019-10-10 00:00:47,293 [46c08da4-c4c9-4c47-95e8-a0ff6dbbc692@group-5FC2BAE16D33-LeaderElection76] INFO  server.RaftServerConfigKeys (ConfUtils.java:logGet(43)) - raft.server.log.appender.install.snapshot.enabled = false (custom)
2019-10-10 00:00:47,293 [46c08da4-c4c9-4c47-95e8-a0ff6dbbc692@group-5FC2BAE16D33-LeaderElection76] INFO  impl.RoleInfo (RoleInfo.java:updateAndGet(143)) - 46c08da4-c4c9-4c47-95e8-a0ff6dbbc692: start LeaderState
2019-10-10 00:00:47,293 [46c08da4-c4c9-4c47-95e8-a0ff6dbbc692@group-5FC2BAE16D33-LeaderElection76] INFO  segmented.SegmentedRaftLogWorker (SegmentedRaftLogWorker.java:startLogSegment(385)) - 46c08da4-c4c9-4c47-95e8-a0ff6dbbc692@group-5FC2BAE16D33-SegmentedRaftLogWorker: Starting segment from index:0
2019-10-10 00:00:47,294 [46c08da4-c4c9-4c47-95e8-a0ff6dbbc692@group-5FC2BAE16D33-LeaderElection76] INFO  impl.RaftServerImpl (ServerState.java:setRaftConf(356)) - 46c08da4-c4c9-4c47-95e8-a0ff6dbbc692@group-5FC2BAE16D33: set configuration 0: [46c08da4-c4c9-4c47-95e8-a0ff6dbbc692:192.168.157.245:37207, eda76c84-8d1f-4853-b180-ea76f8b0e08a:192.168.157.245:39224, 10712198-501a-4bd0-b522-e21629ca693c:192.168.157.245:36343], old=null at 0
2019-10-10 00:00:47,328 [grpc-default-executor-7] INFO  impl.RaftServerImpl (ServerState.java:setLeader(255)) - eda76c84-8d1f-4853-b180-ea76f8b0e08a@group-5FC2BAE16D33: change Leader from null to 46c08da4-c4c9-4c47-95e8-a0ff6dbbc692 at term 2 for appendEntries, leader elected after 10253ms
2019-10-10 00:00:47,330 [grpc-default-executor-1] INFO  impl.RaftServerImpl (ServerState.java:setLeader(255)) - 10712198-501a-4bd0-b522-e21629ca693c@group-5FC2BAE16D33: change Leader from null to 46c08da4-c4c9-4c47-95e8-a0ff6dbbc692 at term 2 for appendEntries, leader elected after 10253ms
2019-10-10 00:00:47,331 [grpc-default-executor-1] INFO  impl.RaftServerImpl (ServerState.java:setRaftConf(356)) - eda76c84-8d1f-4853-b180-ea76f8b0e08a@group-5FC2BAE16D33: set configuration 0: [46c08da4-c4c9-4c47-95e8-a0ff6dbbc692:192.168.157.245:37207, eda76c84-8d1f-4853-b180-ea76f8b0e08a:192.168.157.245:39224, 10712198-501a-4bd0-b522-e21629ca693c:192.168.157.245:36343], old=null at 0
2019-10-10 00:00:47,332 [grpc-default-executor-7] INFO  impl.RaftServerImpl (ServerState.java:setRaftConf(356)) - 10712198-501a-4bd0-b522-e21629ca693c@group-5FC2BAE16D33: set configuration 0: [46c08da4-c4c9-4c47-95e8-a0ff6dbbc692:192.168.157.245:37207, eda76c84-8d1f-4853-b180-ea76f8b0e08a:192.168.157.245:39224, 10712198-501a-4bd0-b522-e21629ca693c:192.168.157.245:36343], old=null at 0
2019-10-10 00:00:47,332 [grpc-default-executor-1] INFO  segmented.SegmentedRaftLogWorker (SegmentedRaftLogWorker.java:startLogSegment(385)) - eda76c84-8d1f-4853-b180-ea76f8b0e08a@group-5FC2BAE16D33-SegmentedRaftLogWorker: Starting segment from index:0
2019-10-10 00:00:47,332 [grpc-default-executor-7] INFO  segmented.SegmentedRaftLogWorker (SegmentedRaftLogWorker.java:startLogSegment(385)) - 10712198-501a-4bd0-b522-e21629ca693c@group-5FC2BAE16D33-SegmentedRaftLogWorker: Starting segment from index:0
2019-10-10 00:00:47,347 [46c08da4-c4c9-4c47-95e8-a0ff6dbbc692@group-5FC2BAE16D33-SegmentedRaftLogWorker] INFO  segmented.SegmentedRaftLogWorker (SegmentedRaftLogWorker.java:execute(574)) - 46c08da4-c4c9-4c47-95e8-a0ff6dbbc692@group-5FC2BAE16D33-SegmentedRaftLogWorker: created new log segment /workdir/hadoop-ozone/integration-test/target/test-dir/MiniOzoneClusterImpl-26e9f622-14fa-4607-9e54-b23a48ec8da2/datanode-3/data/ratis/d0b9b853-69da-4580-b4b7-5fc2bae16d33/current/log_inprogress_0
2019-10-10 00:00:47,366 [10712198-501a-4bd0-b522-e21629ca693c@group-5FC2BAE16D33-SegmentedRaftLogWorker] INFO  segmented.SegmentedRaftLogWorker (SegmentedRaftLogWorker.java:execute(574)) - 10712198-501a-4bd0-b522-e21629ca693c@group-5FC2BAE16D33-SegmentedRaftLogWorker: created new log segment /workdir/hadoop-ozone/integration-test/target/test-dir/MiniOzoneClusterImpl-26e9f622-14fa-4607-9e54-b23a48ec8da2/datanode-2/data/ratis/d0b9b853-69da-4580-b4b7-5fc2bae16d33/current/log_inprogress_0
2019-10-10 00:00:47,379 [eda76c84-8d1f-4853-b180-ea76f8b0e08a@group-5FC2BAE16D33-SegmentedRaftLogWorker] INFO  segmented.SegmentedRaftLogWorker (SegmentedRaftLogWorker.java:execute(574)) - eda76c84-8d1f-4853-b180-ea76f8b0e08a@group-5FC2BAE16D33-SegmentedRaftLogWorker: created new log segment /workdir/hadoop-ozone/integration-test/target/test-dir/MiniOzoneClusterImpl-26e9f622-14fa-4607-9e54-b23a48ec8da2/datanode-0/data/ratis/d0b9b853-69da-4580-b4b7-5fc2bae16d33/current/log_inprogress_0
2019-10-10 00:00:48,183 [main] INFO  ozone.MiniOzoneClusterImpl (MiniOzoneClusterImpl.java:shutdown(314)) - Shutting down the Mini Ozone Cluster
2019-10-10 00:00:48,183 [main] INFO  ozone.MiniOzoneClusterImpl (MiniOzoneClusterImpl.java:stop(330)) - Stopping the Mini Ozone Cluster
2019-10-10 00:00:48,183 [main] INFO  ozone.MiniOzoneClusterImpl (MiniOzoneClusterImpl.java:stopOM(400)) - Stopping the OzoneManager
2019-10-10 00:00:48,183 [main] INFO  ipc.Server (Server.java:stop(3082)) - Stopping server on 38337
2019-10-10 00:00:48,195 [IPC Server listener on 38337] INFO  ipc.Server (Server.java:run(1185)) - Stopping IPC Server listener on 38337
2019-10-10 00:00:48,196 [main] INFO  ratis.OzoneManagerDoubleBuffer (OzoneManagerDoubleBuffer.java:stop(250)) - Stopping OMDoubleBuffer flush thread
2019-10-10 00:00:48,201 [IPC Server Responder] INFO  ipc.Server (Server.java:run(1319)) - Stopping IPC Server Responder
2019-10-10 00:00:48,204 [OMDoubleBufferFlushThread] INFO  ratis.OzoneManagerDoubleBuffer (OzoneManagerDoubleBuffer.java:flushTransactions(193)) - OMDoubleBuffer flush thread OMDoubleBufferFlushThread is interrupted and will exit. OMDoubleBufferFlushThread
2019-10-10 00:00:48,216 [main] INFO  utils.BackgroundService (BackgroundService.java:shutdown(151)) - Shutting down service KeyDeletingService
2019-10-10 00:00:48,217 [main] INFO  handler.ContextHandler (ContextHandler.java:doStop(910)) - Stopped o.e.j.w.WebAppContext@29d070c7{/,null,UNAVAILABLE}{/ozoneManager}
2019-10-10 00:00:48,218 [main] INFO  server.AbstractConnector (AbstractConnector.java:doStop(318)) - Stopped ServerConnector@1eeb5818{HTTP/1.1,[http/1.1]}{0.0.0.0:0}
2019-10-10 00:00:48,218 [main] INFO  handler.ContextHandler (ContextHandler.java:doStop(910)) - Stopped o.e.j.s.ServletContextHandler@7a606260{/static,file:///workdir/hadoop-ozone/integration-test/target/test-classes/webapps/static,UNAVAILABLE}
2019-10-10 00:00:48,218 [main] INFO  handler.ContextHandler (ContextHandler.java:doStop(910)) - Stopped o.e.j.s.ServletContextHandler@6b867ee7{/logs,file:///workdir/hadoop-ozone/integration-test/target/log,UNAVAILABLE}
2019-10-10 00:00:48,221 [main] INFO  ozone.MiniOzoneClusterImpl (MiniOzoneClusterImpl.java:stopDatanodes(377)) - Stopping the HddsDatanodes
2019-10-10 00:00:48,519 [Datanode State Machine Thread - 0] INFO  statemachine.DatanodeStateMachine (DatanodeStateMachine.java:lambda$startDaemon$0(350)) - Ozone container server started.
2019-10-10 00:00:48,519 [Datanode State Machine Thread - 0] INFO  statemachine.DatanodeStateMachine (DatanodeStateMachine.java:lambda$startDaemon$0(350)) - Ozone container server started.
2019-10-10 00:00:52,538 [EventQueue-StaleNodeForStaleNodeHandler] INFO  node.StaleNodeHandler (StaleNodeHandler.java:onMessage(58)) - Datanode f7263369-3513-4a4c-970a-cf6ede1fc488{ip: 192.168.157.245, host: pr-hdds-2266-b8s26-4239225152, networkLocation: /default-rack, certSerialId: null} moved to stale state. Finalizing its pipelines [PipelineID=0c970753-ec9d-4c4a-9373-9c586dba5598, PipelineID=04da7221-6db5-436d-9908-9798c274a43a]
2019-10-10 00:00:52,539 [EventQueue-StaleNodeForStaleNodeHandler] INFO  pipeline.SCMPipelineManager (SCMPipelineManager.java:finalizeAndDestroyPipeline(315)) - destroying pipeline:Pipeline[ Id: 0c970753-ec9d-4c4a-9373-9c586dba5598, Nodes: f7263369-3513-4a4c-970a-cf6ede1fc488{ip: 192.168.157.245, host: pr-hdds-2266-b8s26-4239225152, networkLocation: /default-rack, certSerialId: null}, Type:RATIS, Factor:ONE, State:OPEN]
2019-10-10 00:00:52,539 [EventQueue-StaleNodeForStaleNodeHandler] INFO  pipeline.PipelineStateManager (PipelineStateManager.java:finalizePipeline(123)) - Pipeline Pipeline[ Id: 0c970753-ec9d-4c4a-9373-9c586dba5598, Nodes: f7263369-3513-4a4c-970a-cf6ede1fc488{ip: 192.168.157.245, host: pr-hdds-2266-b8s26-4239225152, networkLocation: /default-rack, certSerialId: null}, Type:RATIS, Factor:ONE, State:CLOSED] moved to CLOSED state
2019-10-10 00:00:52,540 [EventQueue-StaleNodeForStaleNodeHandler] INFO  pipeline.SCMPipelineManager (SCMPipelineManager.java:finalizeAndDestroyPipeline(315)) - destroying pipeline:Pipeline[ Id: 04da7221-6db5-436d-9908-9798c274a43a, Nodes: f7263369-3513-4a4c-970a-cf6ede1fc488{ip: 192.168.157.245, host: pr-hdds-2266-b8s26-4239225152, networkLocation: /default-rack, certSerialId: null}f5c6cedc-5e2f-4b88-839f-eb18816aa586{ip: 192.168.157.245, host: pr-hdds-2266-b8s26-4239225152, networkLocation: /default-rack, certSerialId: null}af68696b-9559-4489-94b7-1ded23028e6c{ip: 192.168.157.245, host: pr-hdds-2266-b8s26-4239225152, networkLocation: /default-rack, certSerialId: null}, Type:RATIS, Factor:THREE, State:OPEN]
2019-10-10 00:00:52,540 [EventQueue-StaleNodeForStaleNodeHandler] INFO  pipeline.PipelineStateManager (PipelineStateManager.java:finalizePipeline(123)) - Pipeline Pipeline[ Id: 04da7221-6db5-436d-9908-9798c274a43a, Nodes: f7263369-3513-4a4c-970a-cf6ede1fc488{ip: 192.168.157.245, host: pr-hdds-2266-b8s26-4239225152, networkLocation: /default-rack, certSerialId: null}f5c6cedc-5e2f-4b88-839f-eb18816aa586{ip: 192.168.157.245, host: pr-hdds-2266-b8s26-4239225152, networkLocation: /default-rack, certSerialId: null}af68696b-9559-4489-94b7-1ded23028e6c{ip: 192.168.157.245, host: pr-hdds-2266-b8s26-4239225152, networkLocation: /default-rack, certSerialId: null}, Type:RATIS, Factor:THREE, State:CLOSED] moved to CLOSED state
2019-10-10 00:00:52,540 [EventQueue-StaleNodeForStaleNodeHandler] INFO  node.StaleNodeHandler (StaleNodeHandler.java:onMessage(58)) - Datanode f5c6cedc-5e2f-4b88-839f-eb18816aa586{ip: 192.168.157.245, host: pr-hdds-2266-b8s26-4239225152, networkLocation: /default-rack, certSerialId: null} moved to stale state. Finalizing its pipelines [PipelineID=c037e3bf-221d-4618-9016-bac38ff58edf, PipelineID=04da7221-6db5-436d-9908-9798c274a43a]
2019-10-10 00:00:52,540 [EventQueue-CloseContainerForCloseContainerEventHandler] INFO  container.CloseContainerEventHandler (CloseContainerEventHandler.java:onMessage(61)) - Close container Event triggered for container : #1
2019-10-10 00:00:52,540 [EventQueue-StaleNodeForStaleNodeHandler] INFO  pipeline.SCMPipelineManager (SCMPipelineManager.java:finalizeAndDestroyPipeline(315)) - destroying pipeline:Pipeline[ Id: c037e3bf-221d-4618-9016-bac38ff58edf, Nodes: f5c6cedc-5e2f-4b88-839f-eb18816aa586{ip: 192.168.157.245, host: pr-hdds-2266-b8s26-4239225152, networkLocation: /default-rack, certSerialId: null}, Type:RATIS, Factor:ONE, State:OPEN]
2019-10-10 00:00:52,545 [EventQueue-StaleNodeForStaleNodeHandler] INFO  pipeline.PipelineStateManager (PipelineStateManager.java:finalizePipeline(123)) - Pipeline Pipeline[ Id: c037e3bf-221d-4618-9016-bac38ff58edf, Nodes: f5c6cedc-5e2f-4b88-839f-eb18816aa586{ip: 192.168.157.245, host: pr-hdds-2266-b8s26-4239225152, networkLocation: /default-rack, certSerialId: null}, Type:RATIS, Factor:ONE, State:CLOSED] moved to CLOSED state
2019-10-10 00:00:52,546 [EventQueue-StaleNodeForStaleNodeHandler] INFO  pipeline.SCMPipelineManager (SCMPipelineManager.java:finalizeAndDestroyPipeline(315)) - destroying pipeline:Pipeline[ Id: 04da7221-6db5-436d-9908-9798c274a43a, Nodes: f7263369-3513-4a4c-970a-cf6ede1fc488{ip: 192.168.157.245, host: pr-hdds-2266-b8s26-4239225152, networkLocation: /default-rack, certSerialId: null}f5c6cedc-5e2f-4b88-839f-eb18816aa586{ip: 192.168.157.245, host: pr-hdds-2266-b8s26-4239225152, networkLocation: /default-rack, certSerialId: null}af68696b-9559-4489-94b7-1ded23028e6c{ip: 192.168.157.245, host: pr-hdds-2266-b8s26-4239225152, networkLocation: /default-rack, certSerialId: null}, Type:RATIS, Factor:THREE, State:CLOSED]
2019-10-10 00:00:53,222 [main] INFO  ozoneimpl.OzoneContainer (OzoneContainer.java:stop(227)) - Attempting to stop container services.
2019-10-10 00:00:53,222 [ForkJoinPool.commonPool-worker-0] INFO  ozoneimpl.OzoneContainer (OzoneContainer.java:stop(227)) - Attempting to stop container services.
2019-10-10 00:00:53,226 [main] INFO  impl.RaftServerProxy (RaftServerProxy.java:lambda$close$4(314)) - f7263369-3513-4a4c-970a-cf6ede1fc488: close
2019-10-10 00:00:53,226 [ForkJoinPool.commonPool-worker-0] INFO  impl.RaftServerProxy (RaftServerProxy.java:lambda$close$4(314)) - f5c6cedc-5e2f-4b88-839f-eb18816aa586: close
2019-10-10 00:00:53,226 [main] INFO  impl.RaftServerImpl (RaftServerImpl.java:lambda$shutdown$3(247)) - f7263369-3513-4a4c-970a-cf6ede1fc488@group-9C586DBA5598: shutdown
2019-10-10 00:00:53,226 [ForkJoinPool.commonPool-worker-0] INFO  impl.RaftServerImpl (RaftServerImpl.java:lambda$shutdown$3(247)) - f5c6cedc-5e2f-4b88-839f-eb18816aa586@group-BAC38FF58EDF: shutdown
2019-10-10 00:00:53,227 [main] INFO  util.JmxRegister (JmxRegister.java:unregister(73)) - Successfully un-registered JMX Bean with object name Ratis:service=RaftServer,group=group-9C586DBA5598,id=f7263369-3513-4a4c-970a-cf6ede1fc488
2019-10-10 00:00:53,227 [ForkJoinPool.commonPool-worker-0] INFO  util.JmxRegister (JmxRegister.java:unregister(73)) - Successfully un-registered JMX Bean with object name Ratis:service=RaftServer,group=group-BAC38FF58EDF,id=f5c6cedc-5e2f-4b88-839f-eb18816aa586
2019-10-10 00:00:53,227 [main] INFO  impl.RoleInfo (RoleInfo.java:shutdownLeaderState(104)) - f7263369-3513-4a4c-970a-cf6ede1fc488: shutdown LeaderState
2019-10-10 00:00:53,227 [ForkJoinPool.commonPool-worker-0] INFO  impl.RoleInfo (RoleInfo.java:shutdownLeaderState(104)) - f5c6cedc-5e2f-4b88-839f-eb18816aa586: shutdown LeaderState
2019-10-10 00:00:53,228 [main] INFO  impl.PendingRequests (PendingRequests.java:sendNotLeaderResponses(202)) - f7263369-3513-4a4c-970a-cf6ede1fc488@group-9C586DBA5598-PendingRequests: sendNotLeaderResponses
2019-10-10 00:00:53,228 [ForkJoinPool.commonPool-worker-0] INFO  impl.PendingRequests (PendingRequests.java:sendNotLeaderResponses(202)) - f5c6cedc-5e2f-4b88-839f-eb18816aa586@group-BAC38FF58EDF-PendingRequests: sendNotLeaderResponses
2019-10-10 00:00:53,228 [main] INFO  impl.StateMachineUpdater (StateMachineUpdater.java:stopAndJoin(136)) - f7263369-3513-4a4c-970a-cf6ede1fc488@group-9C586DBA5598-StateMachineUpdater: set stopIndex = 0
2019-10-10 00:00:53,228 [ForkJoinPool.commonPool-worker-0] INFO  impl.StateMachineUpdater (StateMachineUpdater.java:stopAndJoin(136)) - f5c6cedc-5e2f-4b88-839f-eb18816aa586@group-BAC38FF58EDF-StateMachineUpdater: set stopIndex = 0
2019-10-10 00:00:53,229 [main] INFO  impl.RaftServerImpl (ServerState.java:close(387)) - f7263369-3513-4a4c-970a-cf6ede1fc488@group-9C586DBA5598: closes. applyIndex: 0
2019-10-10 00:00:53,229 [ForkJoinPool.commonPool-worker-0] INFO  impl.RaftServerImpl (ServerState.java:close(387)) - f5c6cedc-5e2f-4b88-839f-eb18816aa586@group-BAC38FF58EDF: closes. applyIndex: 0
2019-10-10 00:00:53,229 [f7263369-3513-4a4c-970a-cf6ede1fc488@group-9C586DBA5598-SegmentedRaftLogWorker] INFO  segmented.SegmentedRaftLogWorker (SegmentedRaftLogWorker.java:run(316)) - f7263369-3513-4a4c-970a-cf6ede1fc488@group-9C586DBA5598-SegmentedRaftLogWorker was interrupted, exiting. There are 0 tasks remaining in the queue.
2019-10-10 00:00:53,229 [f5c6cedc-5e2f-4b88-839f-eb18816aa586@group-BAC38FF58EDF-SegmentedRaftLogWorker] INFO  segmented.SegmentedRaftLogWorker (SegmentedRaftLogWorker.java:run(316)) - f5c6cedc-5e2f-4b88-839f-eb18816aa586@group-BAC38FF58EDF-SegmentedRaftLogWorker was interrupted, exiting. There are 0 tasks remaining in the queue.
2019-10-10 00:00:53,231 [main] INFO  segmented.SegmentedRaftLogWorker (SegmentedRaftLogWorker.java:close(224)) - f7263369-3513-4a4c-970a-cf6ede1fc488@group-9C586DBA5598-SegmentedRaftLogWorker close()
2019-10-10 00:00:53,233 [ForkJoinPool.commonPool-worker-0] INFO  segmented.SegmentedRaftLogWorker (SegmentedRaftLogWorker.java:close(224)) - f5c6cedc-5e2f-4b88-839f-eb18816aa586@group-BAC38FF58EDF-SegmentedRaftLogWorker close()
2019-10-10 00:00:53,236 [main] INFO  impl.RaftServerImpl (RaftServerImpl.java:lambda$shutdown$3(247)) - f7263369-3513-4a4c-970a-cf6ede1fc488@group-9798C274A43A: shutdown
2019-10-10 00:00:53,239 [ForkJoinPool.commonPool-worker-0] INFO  impl.RaftServerImpl (RaftServerImpl.java:lambda$shutdown$3(247)) - f5c6cedc-5e2f-4b88-839f-eb18816aa586@group-9798C274A43A: shutdown
2019-10-10 00:00:53,239 [main] INFO  util.JmxRegister (JmxRegister.java:unregister(73)) - Successfully un-registered JMX Bean with object name Ratis:service=RaftServer,group=group-9798C274A43A,id=f7263369-3513-4a4c-970a-cf6ede1fc488
2019-10-10 00:00:53,239 [ForkJoinPool.commonPool-worker-0] INFO  util.JmxRegister (JmxRegister.java:unregister(73)) - Successfully un-registered JMX Bean with object name Ratis:service=RaftServer,group=group-9798C274A43A,id=f5c6cedc-5e2f-4b88-839f-eb18816aa586
2019-10-10 00:00:53,240 [main] INFO  impl.RoleInfo (RoleInfo.java:shutdownFollowerState(121)) - f7263369-3513-4a4c-970a-cf6ede1fc488: shutdown FollowerState
2019-10-10 00:00:53,240 [ForkJoinPool.commonPool-worker-0] INFO  impl.RoleInfo (RoleInfo.java:shutdownFollowerState(121)) - f5c6cedc-5e2f-4b88-839f-eb18816aa586: shutdown FollowerState
2019-10-10 00:00:53,240 [f7263369-3513-4a4c-970a-cf6ede1fc488@group-9798C274A43A-StateMachineUpdater] INFO  ratis.ContainerStateMachine (ContainerStateMachine.java:takeSnapshot(294)) - group-9798C274A43A: Taking a snapshot at:(t:1, i:16) file /workdir/hadoop-ozone/integration-test/target/test-dir/MiniOzoneClusterImpl-26e9f622-14fa-4607-9e54-b23a48ec8da2/datanode-4/data/ratis/04da7221-6db5-436d-9908-9798c274a43a/sm/snapshot.1_16
2019-10-10 00:00:53,240 [f5c6cedc-5e2f-4b88-839f-eb18816aa586@group-9798C274A43A-StateMachineUpdater] INFO  ratis.ContainerStateMachine (ContainerStateMachine.java:takeSnapshot(294)) - group-9798C274A43A: Taking a snapshot at:(t:1, i:16) file /workdir/hadoop-ozone/integration-test/target/test-dir/MiniOzoneClusterImpl-26e9f622-14fa-4607-9e54-b23a48ec8da2/datanode-1/data/ratis/04da7221-6db5-436d-9908-9798c274a43a/sm/snapshot.1_16
2019-10-10 00:00:53,240 [Thread-3136] INFO  impl.FollowerState (FollowerState.java:run(117)) - f7263369-3513-4a4c-970a-cf6ede1fc488@group-9798C274A43A-FollowerState was interrupted: java.lang.InterruptedException: sleep interrupted
2019-10-10 00:00:53,240 [main] INFO  impl.StateMachineUpdater (StateMachineUpdater.java:stopAndJoin(136)) - f7263369-3513-4a4c-970a-cf6ede1fc488@group-9798C274A43A-StateMachineUpdater: set stopIndex = 16
2019-10-10 00:00:53,240 [Thread-3137] INFO  impl.FollowerState (FollowerState.java:run(117)) - f5c6cedc-5e2f-4b88-839f-eb18816aa586@group-9798C274A43A-FollowerState was interrupted: java.lang.InterruptedException: sleep interrupted
2019-10-10 00:00:53,240 [ForkJoinPool.commonPool-worker-0] INFO  impl.StateMachineUpdater (StateMachineUpdater.java:stopAndJoin(136)) - f5c6cedc-5e2f-4b88-839f-eb18816aa586@group-9798C274A43A-StateMachineUpdater: set stopIndex = 16
2019-10-10 00:00:53,257 [f7263369-3513-4a4c-970a-cf6ede1fc488@group-9798C274A43A-StateMachineUpdater] INFO  ratis.ContainerStateMachine (ContainerStateMachine.java:takeSnapshot(305)) - group-9798C274A43A: Finished taking a snapshot at:(t:1, i:16) file:/workdir/hadoop-ozone/integration-test/target/test-dir/MiniOzoneClusterImpl-26e9f622-14fa-4607-9e54-b23a48ec8da2/datanode-4/data/ratis/04da7221-6db5-436d-9908-9798c274a43a/sm/snapshot.1_16 time:16
2019-10-10 00:00:53,257 [f5c6cedc-5e2f-4b88-839f-eb18816aa586@group-9798C274A43A-StateMachineUpdater] INFO  ratis.ContainerStateMachine (ContainerStateMachine.java:takeSnapshot(305)) - group-9798C274A43A: Finished taking a snapshot at:(t:1, i:16) file:/workdir/hadoop-ozone/integration-test/target/test-dir/MiniOzoneClusterImpl-26e9f622-14fa-4607-9e54-b23a48ec8da2/datanode-1/data/ratis/04da7221-6db5-436d-9908-9798c274a43a/sm/snapshot.1_16 time:16
2019-10-10 00:00:53,257 [f7263369-3513-4a4c-970a-cf6ede1fc488@group-9798C274A43A-StateMachineUpdater] INFO  impl.StateMachineUpdater (StateMachineUpdater.java:takeSnapshot(269)) - f7263369-3513-4a4c-970a-cf6ede1fc488@group-9798C274A43A-StateMachineUpdater: Took a snapshot at index 16
2019-10-10 00:00:53,257 [f5c6cedc-5e2f-4b88-839f-eb18816aa586@group-9798C274A43A-StateMachineUpdater] INFO  impl.StateMachineUpdater (StateMachineUpdater.java:takeSnapshot(269)) - f5c6cedc-5e2f-4b88-839f-eb18816aa586@group-9798C274A43A-StateMachineUpdater: Took a snapshot at index 16
2019-10-10 00:00:53,257 [f7263369-3513-4a4c-970a-cf6ede1fc488@group-9798C274A43A-StateMachineUpdater] INFO  impl.StateMachineUpdater (StateMachineUpdater.java:lambda$new$0(84)) - f7263369-3513-4a4c-970a-cf6ede1fc488@group-9798C274A43A-StateMachineUpdater: snapshotIndex: updateIncreasingly -1 -> 16
2019-10-10 00:00:53,257 [f5c6cedc-5e2f-4b88-839f-eb18816aa586@group-9798C274A43A-StateMachineUpdater] INFO  impl.StateMachineUpdater (StateMachineUpdater.java:lambda$new$0(84)) - f5c6cedc-5e2f-4b88-839f-eb18816aa586@group-9798C274A43A-StateMachineUpdater: snapshotIndex: updateIncreasingly -1 -> 16
2019-10-10 00:00:53,257 [ForkJoinPool.commonPool-worker-0] INFO  impl.RaftServerImpl (ServerState.java:close(387)) - f5c6cedc-5e2f-4b88-839f-eb18816aa586@group-9798C274A43A: closes. applyIndex: 16
2019-10-10 00:00:53,258 [main] INFO  impl.RaftServerImpl (ServerState.java:close(387)) - f7263369-3513-4a4c-970a-cf6ede1fc488@group-9798C274A43A: closes. applyIndex: 16
2019-10-10 00:00:53,258 [f5c6cedc-5e2f-4b88-839f-eb18816aa586@group-9798C274A43A-SegmentedRaftLogWorker] INFO  segmented.SegmentedRaftLogWorker (SegmentedRaftLogWorker.java:run(316)) - f5c6cedc-5e2f-4b88-839f-eb18816aa586@group-9798C274A43A-SegmentedRaftLogWorker was interrupted, exiting. There are 0 tasks remaining in the queue.
2019-10-10 00:00:53,258 [f7263369-3513-4a4c-970a-cf6ede1fc488@group-9798C274A43A-SegmentedRaftLogWorker] INFO  segmented.SegmentedRaftLogWorker (SegmentedRaftLogWorker.java:run(316)) - f7263369-3513-4a4c-970a-cf6ede1fc488@group-9798C274A43A-SegmentedRaftLogWorker was interrupted, exiting. There are 0 tasks remaining in the queue.
2019-10-10 00:00:53,260 [ForkJoinPool.commonPool-worker-0] INFO  segmented.SegmentedRaftLogWorker (SegmentedRaftLogWorker.java:close(224)) - f5c6cedc-5e2f-4b88-839f-eb18816aa586@group-9798C274A43A-SegmentedRaftLogWorker close()
2019-10-10 00:00:53,261 [main] INFO  segmented.SegmentedRaftLogWorker (SegmentedRaftLogWorker.java:close(224)) - f7263369-3513-4a4c-970a-cf6ede1fc488@group-9798C274A43A-SegmentedRaftLogWorker close()
2019-10-10 00:00:53,264 [ForkJoinPool.commonPool-worker-0] INFO  server.GrpcService (GrpcService.java:closeImpl(164)) - f5c6cedc-5e2f-4b88-839f-eb18816aa586: shutdown server with port 42381 now
2019-10-10 00:00:53,267 [main] INFO  server.GrpcService (GrpcService.java:closeImpl(164)) - f7263369-3513-4a4c-970a-cf6ede1fc488: shutdown server with port 45935 now
2019-10-10 00:00:53,268 [grpc-default-executor-6] WARN  server.GrpcServerProtocolService (LogUtils.java:warn(134)) - f7263369-3513-4a4c-970a-cf6ede1fc488: installSnapshot onError, lastRequest: af68696b-9559-4489-94b7-1ded23028e6c->f7263369-3513-4a4c-970a-cf6ede1fc488#21-t1, previous=(t:1, i:16), leaderCommit=16, initializing? false, entries: <empty>: org.apache.ratis.thirdparty.io.grpc.StatusRuntimeException: CANCELLED: cancelled before receiving half close
2019-10-10 00:00:53,268 [ForkJoinPool.commonPool-worker-0] INFO  server.GrpcService (GrpcService.java:closeImpl(172)) - f5c6cedc-5e2f-4b88-839f-eb18816aa586: shutdown server with port 42381 successfully
2019-10-10 00:00:53,268 [grpc-default-executor-4] WARN  server.GrpcServerProtocolService (LogUtils.java:warn(134)) - f5c6cedc-5e2f-4b88-839f-eb18816aa586: installSnapshot onError, lastRequest: af68696b-9559-4489-94b7-1ded23028e6c->f5c6cedc-5e2f-4b88-839f-eb18816aa586#21-t1, previous=(t:1, i:16), leaderCommit=16, initializing? false, entries: <empty>: org.apache.ratis.thirdparty.io.grpc.StatusRuntimeException: CANCELLED: cancelled before receiving half close
2019-10-10 00:00:53,268 [main] INFO  server.GrpcService (GrpcService.java:closeImpl(172)) - f7263369-3513-4a4c-970a-cf6ede1fc488: shutdown server with port 45935 successfully
2019-10-10 00:00:53,269 [grpc-default-executor-1] WARN  server.GrpcLogAppender (LogUtils.java:warn(134)) - af68696b-9559-4489-94b7-1ded23028e6c@group-9798C274A43A->f7263369-3513-4a4c-970a-cf6ede1fc488-AppendLogResponseHandler: Failed appendEntries: org.apache.ratis.thirdparty.io.grpc.StatusRuntimeException: CANCELLED: HTTP/2 error code: CANCEL
Received Rst Stream
2019-10-10 00:00:53,268 [grpc-default-executor-7] WARN  server.GrpcLogAppender (LogUtils.java:warn(134)) - af68696b-9559-4489-94b7-1ded23028e6c@group-9798C274A43A->f5c6cedc-5e2f-4b88-839f-eb18816aa586-AppendLogResponseHandler: Failed appendEntries: org.apache.ratis.thirdparty.io.grpc.StatusRuntimeException: CANCELLED: HTTP/2 error code: CANCEL
Received Rst Stream
2019-10-10 00:00:53,270 [grpc-default-executor-1] INFO  impl.FollowerInfo (FollowerInfo.java:lambda$new$0(51)) - af68696b-9559-4489-94b7-1ded23028e6c@group-9798C274A43A->f7263369-3513-4a4c-970a-cf6ede1fc488: nextIndex: updateUnconditionally 17 -> 16
2019-10-10 00:00:53,270 [grpc-default-executor-7] INFO  impl.FollowerInfo (FollowerInfo.java:lambda$new$0(51)) - af68696b-9559-4489-94b7-1ded23028e6c@group-9798C274A43A->f5c6cedc-5e2f-4b88-839f-eb18816aa586: nextIndex: updateUnconditionally 17 -> 16
2019-10-10 00:00:53,271 [refreshUsed-/workdir/hadoop-ozone/integration-test/target/test-dir/MiniOzoneClusterImpl-26e9f622-14fa-4607-9e54-b23a48ec8da2/datanode-1/data/containers] WARN  fs.CachingGetSpaceUsed (CachingGetSpaceUsed.java:run(183)) - Thread Interrupted waiting to refresh disk information: sleep interrupted
2019-10-10 00:00:53,273 [refreshUsed-/workdir/hadoop-ozone/integration-test/target/test-dir/MiniOzoneClusterImpl-26e9f622-14fa-4607-9e54-b23a48ec8da2/datanode-4/data/containers] WARN  fs.CachingGetSpaceUsed (CachingGetSpaceUsed.java:run(183)) - Thread Interrupted waiting to refresh disk information: sleep interrupted
2019-10-10 00:00:53,289 [ForkJoinPool.commonPool-worker-0] INFO  utils.BackgroundService (BackgroundService.java:shutdown(151)) - Shutting down service BlockDeletingService
2019-10-10 00:00:53,295 [ForkJoinPool.commonPool-worker-0] INFO  statemachine.DatanodeStateMachine (DatanodeStateMachine.java:stopDaemon(395)) - Ozone container server stopped.
2019-10-10 00:00:53,300 [ForkJoinPool.commonPool-worker-0] INFO  handler.ContextHandler (ContextHandler.java:doStop(910)) - Stopped o.e.j.w.WebAppContext@78c74647{/,null,UNAVAILABLE}{/hddsDatanode}
2019-10-10 00:00:53,301 [ForkJoinPool.commonPool-worker-0] INFO  server.AbstractConnector (AbstractConnector.java:doStop(318)) - Stopped ServerConnector@39652a30{HTTP/1.1,[http/1.1]}{0.0.0.0:0}
2019-10-10 00:00:53,303 [ForkJoinPool.commonPool-worker-0] INFO  handler.ContextHandler (ContextHandler.java:doStop(910)) - Stopped o.e.j.s.ServletContextHandler@7741ae1b{/static,jar:file:/home/user/.m2/repository/org/apache/hadoop/hadoop-hdds-container-service/0.5.0-SNAPSHOT/hadoop-hdds-container-service-0.5.0-SNAPSHOT.jar!/webapps/static,UNAVAILABLE}
2019-10-10 00:00:53,304 [ForkJoinPool.commonPool-worker-0] INFO  handler.ContextHandler (ContextHandler.java:doStop(910)) - Stopped o.e.j.s.ServletContextHandler@703e8050{/logs,file:///workdir/hadoop-ozone/integration-test/target/log,UNAVAILABLE}
2019-10-10 00:00:53,306 [main] INFO  utils.BackgroundService (BackgroundService.java:shutdown(151)) - Shutting down service BlockDeletingService
2019-10-10 00:00:53,311 [main] INFO  statemachine.DatanodeStateMachine (DatanodeStateMachine.java:stopDaemon(395)) - Ozone container server stopped.
2019-10-10 00:00:53,312 [main] INFO  handler.ContextHandler (ContextHandler.java:doStop(910)) - Stopped o.e.j.w.WebAppContext@6d6cd1e0{/,null,UNAVAILABLE}{/hddsDatanode}
2019-10-10 00:00:53,312 [main] INFO  server.AbstractConnector (AbstractConnector.java:doStop(318)) - Stopped ServerConnector@76a9a009{HTTP/1.1,[http/1.1]}{0.0.0.0:0}
2019-10-10 00:00:53,312 [main] INFO  handler.ContextHandler (ContextHandler.java:doStop(910)) - Stopped o.e.j.s.ServletContextHandler@39449465{/static,jar:file:/home/user/.m2/repository/org/apache/hadoop/hadoop-hdds-container-service/0.5.0-SNAPSHOT/hadoop-hdds-container-service-0.5.0-SNAPSHOT.jar!/webapps/static,UNAVAILABLE}
2019-10-10 00:00:53,313 [main] INFO  handler.ContextHandler (ContextHandler.java:doStop(910)) - Stopped o.e.j.s.ServletContextHandler@2e0ad709{/logs,file:///workdir/hadoop-ozone/integration-test/target/log,UNAVAILABLE}
2019-10-10 00:00:54,065 [Datanode State Machine Thread - 0] INFO  statemachine.DatanodeStateMachine (DatanodeStateMachine.java:lambda$startDaemon$0(350)) - Ozone container server started.
2019-10-10 00:00:54,065 [Datanode State Machine Thread - 0] INFO  statemachine.DatanodeStateMachine (DatanodeStateMachine.java:lambda$startDaemon$0(350)) - Ozone container server started.
2019-10-10 00:00:55,351 [grpc-default-executor-1] WARN  server.GrpcLogAppender (LogUtils.java:warn(134)) - af68696b-9559-4489-94b7-1ded23028e6c@group-9798C274A43A->f5c6cedc-5e2f-4b88-839f-eb18816aa586-AppendLogResponseHandler: Failed appendEntries: org.apache.ratis.thirdparty.io.grpc.StatusRuntimeException: UNAVAILABLE: io exception
2019-10-10 00:00:55,351 [grpc-default-executor-4] WARN  server.GrpcLogAppender (LogUtils.java:warn(134)) - af68696b-9559-4489-94b7-1ded23028e6c@group-9798C274A43A->f7263369-3513-4a4c-970a-cf6ede1fc488-AppendLogResponseHandler: Failed appendEntries: org.apache.ratis.thirdparty.io.grpc.StatusRuntimeException: UNAVAILABLE: io exception
2019-10-10 00:00:55,351 [grpc-default-executor-1] INFO  impl.FollowerInfo (FollowerInfo.java:lambda$new$0(51)) - af68696b-9559-4489-94b7-1ded23028e6c@group-9798C274A43A->f5c6cedc-5e2f-4b88-839f-eb18816aa586: nextIndex: updateUnconditionally 16 -> 15
2019-10-10 00:00:55,351 [grpc-default-executor-4] INFO  impl.FollowerInfo (FollowerInfo.java:lambda$new$0(51)) - af68696b-9559-4489-94b7-1ded23028e6c@group-9798C274A43A->f7263369-3513-4a4c-970a-cf6ede1fc488: nextIndex: updateUnconditionally 16 -> 15
2019-10-10 00:00:55,551 [grpc-default-executor-8] WARN  server.GrpcLogAppender (LogUtils.java:warn(134)) - af68696b-9559-4489-94b7-1ded23028e6c@group-9798C274A43A->f5c6cedc-5e2f-4b88-839f-eb18816aa586-AppendLogResponseHandler: Failed appendEntries: org.apache.ratis.thirdparty.io.grpc.StatusRuntimeException: UNAVAILABLE: io exception
2019-10-10 00:00:55,551 [grpc-default-executor-4] WARN  server.GrpcLogAppender (LogUtils.java:warn(134)) - af68696b-9559-4489-94b7-1ded23028e6c@group-9798C274A43A->f7263369-3513-4a4c-970a-cf6ede1fc488-AppendLogResponseHandler: Failed appendEntries: org.apache.ratis.thirdparty.io.grpc.StatusRuntimeException: UNAVAILABLE: io exception
2019-10-10 00:00:55,552 [grpc-default-executor-8] INFO  impl.FollowerInfo (FollowerInfo.java:lambda$new$0(51)) - af68696b-9559-4489-94b7-1ded23028e6c@group-9798C274A43A->f5c6cedc-5e2f-4b88-839f-eb18816aa586: nextIndex: updateUnconditionally 16 -> 15
2019-10-10 00:00:55,552 [grpc-default-executor-4] INFO  impl.FollowerInfo (FollowerInfo.java:lambda$new$0(51)) - af68696b-9559-4489-94b7-1ded23028e6c@group-9798C274A43A->f7263369-3513-4a4c-970a-cf6ede1fc488: nextIndex: updateUnconditionally 16 -> 15
2019-10-10 00:00:58,057 [grpc-default-executor-4] WARN  server.GrpcLogAppender (LogUtils.java:warn(134)) - af68696b-9559-4489-94b7-1ded23028e6c@group-9798C274A43A->f5c6cedc-5e2f-4b88-839f-eb18816aa586-AppendLogResponseHandler: Failed appendEntries: org.apache.ratis.thirdparty.io.grpc.StatusRuntimeException: UNAVAILABLE: io exception
2019-10-10 00:00:58,057 [grpc-default-executor-8] WARN  server.GrpcLogAppender (LogUtils.java:warn(134)) - af68696b-9559-4489-94b7-1ded23028e6c@group-9798C274A43A->f7263369-3513-4a4c-970a-cf6ede1fc488-AppendLogResponseHandler: Failed appendEntries: org.apache.ratis.thirdparty.io.grpc.StatusRuntimeException: UNAVAILABLE: io exception
2019-10-10 00:00:58,058 [grpc-default-executor-8] INFO  impl.FollowerInfo (FollowerInfo.java:lambda$new$0(51)) - af68696b-9559-4489-94b7-1ded23028e6c@group-9798C274A43A->f7263369-3513-4a4c-970a-cf6ede1fc488: nextIndex: updateUnconditionally 15 -> 14
2019-10-10 00:00:58,058 [grpc-default-executor-4] INFO  impl.FollowerInfo (FollowerInfo.java:lambda$new$0(51)) - af68696b-9559-4489-94b7-1ded23028e6c@group-9798C274A43A->f5c6cedc-5e2f-4b88-839f-eb18816aa586: nextIndex: updateUnconditionally 15 -> 14
2019-10-10 00:00:58,145 [EventQueue-StaleNodeForStaleNodeHandler] INFO  node.StaleNodeHandler (StaleNodeHandler.java:onMessage(58)) - Datanode 10712198-501a-4bd0-b522-e21629ca693c{ip: 192.168.157.245, host: pr-hdds-2266-b8s26-4239225152, networkLocation: /default-rack, certSerialId: null} moved to stale state. Finalizing its pipelines [PipelineID=a53deffe-e8d7-4fdf-b2ac-0c8624179982, PipelineID=d0b9b853-69da-4580-b4b7-5fc2bae16d33]
2019-10-10 00:00:58,145 [EventQueue-StaleNodeForStaleNodeHandler] INFO  pipeline.SCMPipelineManager (SCMPipelineManager.java:finalizeAndDestroyPipeline(315)) - destroying pipeline:Pipeline[ Id: a53deffe-e8d7-4fdf-b2ac-0c8624179982, Nodes: 10712198-501a-4bd0-b522-e21629ca693c{ip: 192.168.157.245, host: pr-hdds-2266-b8s26-4239225152, networkLocation: /default-rack, certSerialId: null}, Type:RATIS, Factor:ONE, State:OPEN]
2019-10-10 00:00:58,146 [EventQueue-StaleNodeForStaleNodeHandler] INFO  pipeline.PipelineStateManager (PipelineStateManager.java:finalizePipeline(123)) - Pipeline Pipeline[ Id: a53deffe-e8d7-4fdf-b2ac-0c8624179982, Nodes: 10712198-501a-4bd0-b522-e21629ca693c{ip: 192.168.157.245, host: pr-hdds-2266-b8s26-4239225152, networkLocation: /default-rack, certSerialId: null}, Type:RATIS, Factor:ONE, State:CLOSED] moved to CLOSED state
2019-10-10 00:00:58,146 [EventQueue-StaleNodeForStaleNodeHandler] INFO  pipeline.SCMPipelineManager (SCMPipelineManager.java:finalizeAndDestroyPipeline(315)) - destroying pipeline:Pipeline[ Id: d0b9b853-69da-4580-b4b7-5fc2bae16d33, Nodes: 10712198-501a-4bd0-b522-e21629ca693c{ip: 192.168.157.245, host: pr-hdds-2266-b8s26-4239225152, networkLocation: /default-rack, certSerialId: null}eda76c84-8d1f-4853-b180-ea76f8b0e08a{ip: 192.168.157.245, host: pr-hdds-2266-b8s26-4239225152, networkLocation: /default-rack, certSerialId: null}46c08da4-c4c9-4c47-95e8-a0ff6dbbc692{ip: 192.168.157.245, host: pr-hdds-2266-b8s26-4239225152, networkLocation: /default-rack, certSerialId: null}, Type:RATIS, Factor:THREE, State:OPEN]
2019-10-10 00:00:58,146 [EventQueue-StaleNodeForStaleNodeHandler] INFO  pipeline.PipelineStateManager (PipelineStateManager.java:finalizePipeline(123)) - Pipeline Pipeline[ Id: d0b9b853-69da-4580-b4b7-5fc2bae16d33, Nodes: 10712198-501a-4bd0-b522-e21629ca693c{ip: 192.168.157.245, host: pr-hdds-2266-b8s26-4239225152, networkLocation: /default-rack, certSerialId: null}eda76c84-8d1f-4853-b180-ea76f8b0e08a{ip: 192.168.157.245, host: pr-hdds-2266-b8s26-4239225152, networkLocation: /default-rack, certSerialId: null}46c08da4-c4c9-4c47-95e8-a0ff6dbbc692{ip: 192.168.157.245, host: pr-hdds-2266-b8s26-4239225152, networkLocation: /default-rack, certSerialId: null}, Type:RATIS, Factor:THREE, State:CLOSED] moved to CLOSED state
2019-10-10 00:00:58,146 [EventQueue-StaleNodeForStaleNodeHandler] INFO  node.StaleNodeHandler (StaleNodeHandler.java:onMessage(58)) - Datanode 46c08da4-c4c9-4c47-95e8-a0ff6dbbc692{ip: 192.168.157.245, host: pr-hdds-2266-b8s26-4239225152, networkLocation: /default-rack, certSerialId: null} moved to stale state. Finalizing its pipelines [PipelineID=d0b9b853-69da-4580-b4b7-5fc2bae16d33, PipelineID=cc76f103-f215-4391-8644-f66ca75124b2]
2019-10-10 00:00:58,146 [EventQueue-CloseContainerForCloseContainerEventHandler] INFO  container.CloseContainerEventHandler (CloseContainerEventHandler.java:onMessage(61)) - Close container Event triggered for container : #2
2019-10-10 00:00:58,148 [EventQueue-StaleNodeForStaleNodeHandler] INFO  pipeline.SCMPipelineManager (SCMPipelineManager.java:finalizeAndDestroyPipeline(315)) - destroying pipeline:Pipeline[ Id: d0b9b853-69da-4580-b4b7-5fc2bae16d33, Nodes: 10712198-501a-4bd0-b522-e21629ca693c{ip: 192.168.157.245, host: pr-hdds-2266-b8s26-4239225152, networkLocation: /default-rack, certSerialId: null}eda76c84-8d1f-4853-b180-ea76f8b0e08a{ip: 192.168.157.245, host: pr-hdds-2266-b8s26-4239225152, networkLocation: /default-rack, certSerialId: null}46c08da4-c4c9-4c47-95e8-a0ff6dbbc692{ip: 192.168.157.245, host: pr-hdds-2266-b8s26-4239225152, networkLocation: /default-rack, certSerialId: null}, Type:RATIS, Factor:THREE, State:CLOSED]
2019-10-10 00:00:58,149 [EventQueue-StaleNodeForStaleNodeHandler] INFO  pipeline.SCMPipelineManager (SCMPipelineManager.java:finalizeAndDestroyPipeline(315)) - destroying pipeline:Pipeline[ Id: cc76f103-f215-4391-8644-f66ca75124b2, Nodes: 46c08da4-c4c9-4c47-95e8-a0ff6dbbc692{ip: 192.168.157.245, host: pr-hdds-2266-b8s26-4239225152, networkLocation: /default-rack, certSerialId: null}, Type:RATIS, Factor:ONE, State:OPEN]
2019-10-10 00:00:58,149 [EventQueue-StaleNodeForStaleNodeHandler] INFO  pipeline.PipelineStateManager (PipelineStateManager.java:finalizePipeline(123)) - Pipeline Pipeline[ Id: cc76f103-f215-4391-8644-f66ca75124b2, Nodes: 46c08da4-c4c9-4c47-95e8-a0ff6dbbc692{ip: 192.168.157.245, host: pr-hdds-2266-b8s26-4239225152, networkLocation: /default-rack, certSerialId: null}, Type:RATIS, Factor:ONE, State:CLOSED] moved to CLOSED state
2019-10-10 00:00:58,149 [EventQueue-CloseContainerForCloseContainerEventHandler] INFO  container.CloseContainerEventHandler (CloseContainerEventHandler.java:onMessage(61)) - Close container Event triggered for container : #2
2019-10-10 00:00:58,307 [ForkJoinPool.commonPool-worker-0] INFO  ozoneimpl.OzoneContainer (OzoneContainer.java:stop(227)) - Attempting to stop container services.
2019-10-10 00:00:58,308 [ForkJoinPool.commonPool-worker-0] INFO  impl.RaftServerProxy (RaftServerProxy.java:lambda$close$4(314)) - 10712198-501a-4bd0-b522-e21629ca693c: close
2019-10-10 00:00:58,308 [ForkJoinPool.commonPool-worker-0] INFO  impl.RaftServerImpl (RaftServerImpl.java:lambda$shutdown$3(247)) - 10712198-501a-4bd0-b522-e21629ca693c@group-0C8624179982: shutdown
2019-10-10 00:00:58,308 [ForkJoinPool.commonPool-worker-0] INFO  util.JmxRegister (JmxRegister.java:unregister(73)) - Successfully un-registered JMX Bean with object name Ratis:service=RaftServer,group=group-0C8624179982,id=10712198-501a-4bd0-b522-e21629ca693c
2019-10-10 00:00:58,308 [ForkJoinPool.commonPool-worker-0] INFO  impl.RoleInfo (RoleInfo.java:shutdownLeaderState(104)) - 10712198-501a-4bd0-b522-e21629ca693c: shutdown LeaderState
2019-10-10 00:00:58,309 [ForkJoinPool.commonPool-worker-0] INFO  impl.PendingRequests (PendingRequests.java:sendNotLeaderResponses(202)) - 10712198-501a-4bd0-b522-e21629ca693c@group-0C8624179982-PendingRequests: sendNotLeaderResponses
2019-10-10 00:00:58,309 [ForkJoinPool.commonPool-worker-0] INFO  impl.StateMachineUpdater (StateMachineUpdater.java:stopAndJoin(136)) - 10712198-501a-4bd0-b522-e21629ca693c@group-0C8624179982-StateMachineUpdater: set stopIndex = 0
2019-10-10 00:00:58,310 [ForkJoinPool.commonPool-worker-0] INFO  impl.RaftServerImpl (ServerState.java:close(387)) - 10712198-501a-4bd0-b522-e21629ca693c@group-0C8624179982: closes. applyIndex: 0
2019-10-10 00:00:58,310 [10712198-501a-4bd0-b522-e21629ca693c@group-0C8624179982-SegmentedRaftLogWorker] INFO  segmented.SegmentedRaftLogWorker (SegmentedRaftLogWorker.java:run(316)) - 10712198-501a-4bd0-b522-e21629ca693c@group-0C8624179982-SegmentedRaftLogWorker was interrupted, exiting. There are 0 tasks remaining in the queue.
2019-10-10 00:00:58,313 [ForkJoinPool.commonPool-worker-0] INFO  segmented.SegmentedRaftLogWorker (SegmentedRaftLogWorker.java:close(224)) - 10712198-501a-4bd0-b522-e21629ca693c@group-0C8624179982-SegmentedRaftLogWorker close()
2019-10-10 00:00:58,315 [ForkJoinPool.commonPool-worker-0] INFO  impl.RaftServerImpl (RaftServerImpl.java:lambda$shutdown$3(247)) - 10712198-501a-4bd0-b522-e21629ca693c@group-5FC2BAE16D33: shutdown
2019-10-10 00:00:58,316 [ForkJoinPool.commonPool-worker-0] INFO  util.JmxRegister (JmxRegister.java:unregister(73)) - Successfully un-registered JMX Bean with object name Ratis:service=RaftServer,group=group-5FC2BAE16D33,id=10712198-501a-4bd0-b522-e21629ca693c
2019-10-10 00:00:58,316 [main] INFO  ozoneimpl.OzoneContainer (OzoneContainer.java:stop(227)) - Attempting to stop container services.
2019-10-10 00:00:58,316 [ForkJoinPool.commonPool-worker-0] INFO  impl.RoleInfo (RoleInfo.java:shutdownFollowerState(121)) - 10712198-501a-4bd0-b522-e21629ca693c: shutdown FollowerState
2019-10-10 00:00:58,316 [main] INFO  impl.RaftServerProxy (RaftServerProxy.java:lambda$close$4(314)) - 46c08da4-c4c9-4c47-95e8-a0ff6dbbc692: close
2019-10-10 00:00:58,317 [10712198-501a-4bd0-b522-e21629ca693c@group-5FC2BAE16D33-StateMachineUpdater] INFO  ratis.ContainerStateMachine (ContainerStateMachine.java:takeSnapshot(294)) - group-5FC2BAE16D33: Taking a snapshot at:(t:2, i:3) file /workdir/hadoop-ozone/integration-test/target/test-dir/MiniOzoneClusterImpl-26e9f622-14fa-4607-9e54-b23a48ec8da2/datanode-2/data/ratis/d0b9b853-69da-4580-b4b7-5fc2bae16d33/sm/snapshot.2_3
2019-10-10 00:00:58,317 [Thread-3215] INFO  impl.FollowerState (FollowerState.java:run(117)) - 10712198-501a-4bd0-b522-e21629ca693c@group-5FC2BAE16D33-FollowerState was interrupted: java.lang.InterruptedException: sleep interrupted
2019-10-10 00:00:58,316 [ForkJoinPool.commonPool-worker-0] INFO  impl.StateMachineUpdater (StateMachineUpdater.java:stopAndJoin(136)) - 10712198-501a-4bd0-b522-e21629ca693c@group-5FC2BAE16D33-StateMachineUpdater: set stopIndex = 4
2019-10-10 00:00:58,317 [main] INFO  impl.RaftServerImpl (RaftServerImpl.java:lambda$shutdown$3(247)) - 46c08da4-c4c9-4c47-95e8-a0ff6dbbc692@group-5FC2BAE16D33: shutdown
2019-10-10 00:00:58,319 [main] INFO  util.JmxRegister (JmxRegister.java:unregister(73)) - Successfully un-registered JMX Bean with object name Ratis:service=RaftServer,group=group-5FC2BAE16D33,id=46c08da4-c4c9-4c47-95e8-a0ff6dbbc692
2019-10-10 00:00:58,319 [main] INFO  impl.RoleInfo (RoleInfo.java:shutdownLeaderState(104)) - 46c08da4-c4c9-4c47-95e8-a0ff6dbbc692: shutdown LeaderState
2019-10-10 00:00:58,322 [main] INFO  impl.PendingRequests (PendingRequests.java:sendNotLeaderResponses(202)) - 46c08da4-c4c9-4c47-95e8-a0ff6dbbc692@group-5FC2BAE16D33-PendingRequests: sendNotLeaderResponses
2019-10-10 00:00:58,322 [org.apache.ratis.server.impl.LogAppender$AppenderDaemon$$Lambda$528/767917100@3d871ec4] WARN  server.GrpcLogAppender (GrpcLogAppender.java:mayWait(143)) - 46c08da4-c4c9-4c47-95e8-a0ff6dbbc692@group-5FC2BAE16D33->eda76c84-8d1f-4853-b180-ea76f8b0e08a-GrpcLogAppender: Wait interrupted by java.lang.InterruptedException
2019-10-10 00:00:58,322 [org.apache.ratis.server.impl.LogAppender$AppenderDaemon$$Lambda$528/767917100@2041b650] WARN  server.GrpcLogAppender (GrpcLogAppender.java:mayWait(143)) - 46c08da4-c4c9-4c47-95e8-a0ff6dbbc692@group-5FC2BAE16D33->10712198-501a-4bd0-b522-e21629ca693c-GrpcLogAppender: Wait interrupted by java.lang.InterruptedException
2019-10-10 00:00:58,325 [main] INFO  impl.StateMachineUpdater (StateMachineUpdater.java:stopAndJoin(136)) - 46c08da4-c4c9-4c47-95e8-a0ff6dbbc692@group-5FC2BAE16D33-StateMachineUpdater: set stopIndex = 4
2019-10-10 00:00:58,325 [46c08da4-c4c9-4c47-95e8-a0ff6dbbc692@group-5FC2BAE16D33-StateMachineUpdater] INFO  ratis.ContainerStateMachine (ContainerStateMachine.java:takeSnapshot(294)) - group-5FC2BAE16D33: Taking a snapshot at:(t:2, i:4) file /workdir/hadoop-ozone/integration-test/target/test-dir/MiniOzoneClusterImpl-26e9f622-14fa-4607-9e54-b23a48ec8da2/datanode-3/data/ratis/d0b9b853-69da-4580-b4b7-5fc2bae16d33/sm/snapshot.2_4
2019-10-10 00:00:58,325 [grpc-default-executor-4] INFO  server.GrpcServerProtocolService (GrpcServerProtocolService.java:onCompleted(113)) - eda76c84-8d1f-4853-b180-ea76f8b0e08a: Completed APPEND_ENTRIES, lastRequest: 46c08da4-c4c9-4c47-95e8-a0ff6dbbc692->eda76c84-8d1f-4853-b180-ea76f8b0e08a#9-t2, previous=(t:2, i:4), leaderCommit=4, initializing? false, entries: <empty>
2019-10-10 00:00:58,325 [grpc-default-executor-4] INFO  server.GrpcServerProtocolService (GrpcServerProtocolService.java:onCompleted(113)) - 10712198-501a-4bd0-b522-e21629ca693c: Completed APPEND_ENTRIES, lastRequest: 46c08da4-c4c9-4c47-95e8-a0ff6dbbc692->10712198-501a-4bd0-b522-e21629ca693c#9-t2, previous=(t:2, i:4), leaderCommit=4, initializing? false, entries: <empty>
2019-10-10 00:00:58,325 [grpc-default-executor-1] INFO  server.GrpcLogAppender (GrpcLogAppender.java:onCompleted(293)) - 46c08da4-c4c9-4c47-95e8-a0ff6dbbc692@group-5FC2BAE16D33->eda76c84-8d1f-4853-b180-ea76f8b0e08a-AppendLogResponseHandler: follower responses appendEntries COMPLETED
2019-10-10 00:00:58,326 [grpc-default-executor-4] INFO  server.GrpcLogAppender (GrpcLogAppender.java:onCompleted(293)) - 46c08da4-c4c9-4c47-95e8-a0ff6dbbc692@group-5FC2BAE16D33->10712198-501a-4bd0-b522-e21629ca693c-AppendLogResponseHandler: follower responses appendEntries COMPLETED
2019-10-10 00:00:58,326 [grpc-default-executor-1] INFO  impl.FollowerInfo (FollowerInfo.java:lambda$new$0(51)) - 46c08da4-c4c9-4c47-95e8-a0ff6dbbc692@group-5FC2BAE16D33->eda76c84-8d1f-4853-b180-ea76f8b0e08a: nextIndex: updateUnconditionally 5 -> 4
2019-10-10 00:00:58,326 [grpc-default-executor-4] INFO  impl.FollowerInfo (FollowerInfo.java:lambda$new$0(51)) - 46c08da4-c4c9-4c47-95e8-a0ff6dbbc692@group-5FC2BAE16D33->10712198-501a-4bd0-b522-e21629ca693c: nextIndex: updateUnconditionally 5 -> 4
2019-10-10 00:00:58,344 [10712198-501a-4bd0-b522-e21629ca693c@group-5FC2BAE16D33-StateMachineUpdater] INFO  ratis.ContainerStateMachine (ContainerStateMachine.java:takeSnapshot(305)) - group-5FC2BAE16D33: Finished taking a snapshot at:(t:2, i:3) file:/workdir/hadoop-ozone/integration-test/target/test-dir/MiniOzoneClusterImpl-26e9f622-14fa-4607-9e54-b23a48ec8da2/datanode-2/data/ratis/d0b9b853-69da-4580-b4b7-5fc2bae16d33/sm/snapshot.2_3 time:27
2019-10-10 00:00:58,344 [46c08da4-c4c9-4c47-95e8-a0ff6dbbc692@group-5FC2BAE16D33-StateMachineUpdater] INFO  ratis.ContainerStateMachine (ContainerStateMachine.java:takeSnapshot(305)) - group-5FC2BAE16D33: Finished taking a snapshot at:(t:2, i:4) file:/workdir/hadoop-ozone/integration-test/target/test-dir/MiniOzoneClusterImpl-26e9f622-14fa-4607-9e54-b23a48ec8da2/datanode-3/data/ratis/d0b9b853-69da-4580-b4b7-5fc2bae16d33/sm/snapshot.2_4 time:19
2019-10-10 00:00:58,344 [10712198-501a-4bd0-b522-e21629ca693c@group-5FC2BAE16D33-StateMachineUpdater] INFO  impl.StateMachineUpdater (StateMachineUpdater.java:takeSnapshot(269)) - 10712198-501a-4bd0-b522-e21629ca693c@group-5FC2BAE16D33-StateMachineUpdater: Took a snapshot at index 3
2019-10-10 00:00:58,344 [46c08da4-c4c9-4c47-95e8-a0ff6dbbc692@group-5FC2BAE16D33-StateMachineUpdater] INFO  impl.StateMachineUpdater (StateMachineUpdater.java:takeSnapshot(269)) - 46c08da4-c4c9-4c47-95e8-a0ff6dbbc692@group-5FC2BAE16D33-StateMachineUpdater: Took a snapshot at index 4
2019-10-10 00:00:58,344 [10712198-501a-4bd0-b522-e21629ca693c@group-5FC2BAE16D33-StateMachineUpdater] INFO  impl.StateMachineUpdater (StateMachineUpdater.java:lambda$new$0(84)) - 10712198-501a-4bd0-b522-e21629ca693c@group-5FC2BAE16D33-StateMachineUpdater: snapshotIndex: updateIncreasingly -1 -> 3
2019-10-10 00:00:58,344 [46c08da4-c4c9-4c47-95e8-a0ff6dbbc692@group-5FC2BAE16D33-StateMachineUpdater] INFO  impl.StateMachineUpdater (StateMachineUpdater.java:lambda$new$0(84)) - 46c08da4-c4c9-4c47-95e8-a0ff6dbbc692@group-5FC2BAE16D33-StateMachineUpdater: snapshotIndex: updateIncreasingly -1 -> 4
2019-10-10 00:00:58,345 [10712198-501a-4bd0-b522-e21629ca693c@group-5FC2BAE16D33-StateMachineUpdater] INFO  ratis.ContainerStateMachine (ContainerStateMachine.java:takeSnapshot(294)) - group-5FC2BAE16D33: Taking a snapshot at:(t:2, i:3) file /workdir/hadoop-ozone/integration-test/target/test-dir/MiniOzoneClusterImpl-26e9f622-14fa-4607-9e54-b23a48ec8da2/datanode-2/data/ratis/d0b9b853-69da-4580-b4b7-5fc2bae16d33/sm/snapshot.2_3
2019-10-10 00:00:58,345 [main] INFO  impl.RaftServerImpl (ServerState.java:close(387)) - 46c08da4-c4c9-4c47-95e8-a0ff6dbbc692@group-5FC2BAE16D33: closes. applyIndex: 4
2019-10-10 00:00:58,345 [46c08da4-c4c9-4c47-95e8-a0ff6dbbc692@group-5FC2BAE16D33-SegmentedRaftLogWorker] INFO  segmented.SegmentedRaftLogWorker (SegmentedRaftLogWorker.java:run(316)) - 46c08da4-c4c9-4c47-95e8-a0ff6dbbc692@group-5FC2BAE16D33-SegmentedRaftLogWorker was interrupted, exiting. There are 0 tasks remaining in the queue.
2019-10-10 00:00:58,347 [main] INFO  segmented.SegmentedRaftLogWorker (SegmentedRaftLogWorker.java:close(224)) - 46c08da4-c4c9-4c47-95e8-a0ff6dbbc692@group-5FC2BAE16D33-SegmentedRaftLogWorker close()
2019-10-10 00:00:58,350 [main] INFO  impl.RaftServerImpl (RaftServerImpl.java:lambda$shutdown$3(247)) - 46c08da4-c4c9-4c47-95e8-a0ff6dbbc692@group-F66CA75124B2: shutdown
2019-10-10 00:00:58,350 [main] INFO  util.JmxRegister (JmxRegister.java:unregister(73)) - Successfully un-registered JMX Bean with object name Ratis:service=RaftServer,group=group-F66CA75124B2,id=46c08da4-c4c9-4c47-95e8-a0ff6dbbc692
2019-10-10 00:00:58,351 [main] INFO  impl.RoleInfo (RoleInfo.java:shutdownLeaderState(104)) - 46c08da4-c4c9-4c47-95e8-a0ff6dbbc692: shutdown LeaderState
2019-10-10 00:00:58,351 [main] INFO  impl.PendingRequests (PendingRequests.java:sendNotLeaderResponses(202)) - 46c08da4-c4c9-4c47-95e8-a0ff6dbbc692@group-F66CA75124B2-PendingRequests: sendNotLeaderResponses
2019-10-10 00:00:58,351 [main] INFO  impl.StateMachineUpdater (StateMachineUpdater.java:stopAndJoin(136)) - 46c08da4-c4c9-4c47-95e8-a0ff6dbbc692@group-F66CA75124B2-StateMachineUpdater: set stopIndex = 0
2019-10-10 00:00:58,352 [main] INFO  impl.RaftServerImpl (ServerState.java:close(387)) - 46c08da4-c4c9-4c47-95e8-a0ff6dbbc692@group-F66CA75124B2: closes. applyIndex: 0
2019-10-10 00:00:58,352 [46c08da4-c4c9-4c47-95e8-a0ff6dbbc692@group-F66CA75124B2-SegmentedRaftLogWorker] INFO  segmented.SegmentedRaftLogWorker (SegmentedRaftLogWorker.java:run(316)) - 46c08da4-c4c9-4c47-95e8-a0ff6dbbc692@group-F66CA75124B2-SegmentedRaftLogWorker was interrupted, exiting. There are 0 tasks remaining in the queue.
2019-10-10 00:00:58,354 [main] INFO  segmented.SegmentedRaftLogWorker (SegmentedRaftLogWorker.java:close(224)) - 46c08da4-c4c9-4c47-95e8-a0ff6dbbc692@group-F66CA75124B2-SegmentedRaftLogWorker close()
2019-10-10 00:00:58,357 [main] INFO  server.GrpcService (GrpcService.java:closeImpl(164)) - 46c08da4-c4c9-4c47-95e8-a0ff6dbbc692: shutdown server with port 37207 now
2019-10-10 00:00:58,357 [10712198-501a-4bd0-b522-e21629ca693c@group-5FC2BAE16D33-StateMachineUpdater] INFO  ratis.ContainerStateMachine (ContainerStateMachine.java:takeSnapshot(305)) - group-5FC2BAE16D33: Finished taking a snapshot at:(t:2, i:3) file:/workdir/hadoop-ozone/integration-test/target/test-dir/MiniOzoneClusterImpl-26e9f622-14fa-4607-9e54-b23a48ec8da2/datanode-2/data/ratis/d0b9b853-69da-4580-b4b7-5fc2bae16d33/sm/snapshot.2_3 time:12
2019-10-10 00:00:58,357 [10712198-501a-4bd0-b522-e21629ca693c@group-5FC2BAE16D33-StateMachineUpdater] INFO  impl.StateMachineUpdater (StateMachineUpdater.java:takeSnapshot(269)) - 10712198-501a-4bd0-b522-e21629ca693c@group-5FC2BAE16D33-StateMachineUpdater: Took a snapshot at index 3
2019-10-10 00:00:58,357 [10712198-501a-4bd0-b522-e21629ca693c@group-5FC2BAE16D33-StateMachineUpdater] INFO  impl.StateMachineUpdater (StateMachineUpdater.java:lambda$new$0(84)) - 10712198-501a-4bd0-b522-e21629ca693c@group-5FC2BAE16D33-StateMachineUpdater: snapshotIndex: updateIncreasingly 3 -> 3
2019-10-10 00:00:58,357 [ForkJoinPool.commonPool-worker-0] INFO  impl.RaftServerImpl (ServerState.java:close(387)) - 10712198-501a-4bd0-b522-e21629ca693c@group-5FC2BAE16D33: closes. applyIndex: 4
2019-10-10 00:00:58,358 [main] INFO  server.GrpcService (GrpcService.java:closeImpl(172)) - 46c08da4-c4c9-4c47-95e8-a0ff6dbbc692: shutdown server with port 37207 successfully
2019-10-10 00:00:58,358 [10712198-501a-4bd0-b522-e21629ca693c@group-5FC2BAE16D33-SegmentedRaftLogWorker] INFO  segmented.SegmentedRaftLogWorker (SegmentedRaftLogWorker.java:run(316)) - 10712198-501a-4bd0-b522-e21629ca693c@group-5FC2BAE16D33-SegmentedRaftLogWorker was interrupted, exiting. There are 0 tasks remaining in the queue.
2019-10-10 00:00:58,360 [ForkJoinPool.commonPool-worker-0] INFO  segmented.SegmentedRaftLogWorker (SegmentedRaftLogWorker.java:close(224)) - 10712198-501a-4bd0-b522-e21629ca693c@group-5FC2BAE16D33-SegmentedRaftLogWorker close()
2019-10-10 00:00:58,362 [ForkJoinPool.commonPool-worker-0] INFO  server.GrpcService (GrpcService.java:closeImpl(164)) - 10712198-501a-4bd0-b522-e21629ca693c: shutdown server with port 36343 now
2019-10-10 00:00:58,363 [ForkJoinPool.commonPool-worker-0] INFO  server.GrpcService (GrpcService.java:closeImpl(172)) - 10712198-501a-4bd0-b522-e21629ca693c: shutdown server with port 36343 successfully
2019-10-10 00:00:58,367 [refreshUsed-/workdir/hadoop-ozone/integration-test/target/test-dir/MiniOzoneClusterImpl-26e9f622-14fa-4607-9e54-b23a48ec8da2/datanode-2/data/containers] WARN  fs.CachingGetSpaceUsed (CachingGetSpaceUsed.java:run(183)) - Thread Interrupted waiting to refresh disk information: sleep interrupted
2019-10-10 00:00:58,367 [refreshUsed-/workdir/hadoop-ozone/integration-test/target/test-dir/MiniOzoneClusterImpl-26e9f622-14fa-4607-9e54-b23a48ec8da2/datanode-3/data/containers] WARN  fs.CachingGetSpaceUsed (CachingGetSpaceUsed.java:run(183)) - Thread Interrupted waiting to refresh disk information: sleep interrupted
2019-10-10 00:00:58,381 [ForkJoinPool.commonPool-worker-0] INFO  utils.BackgroundService (BackgroundService.java:shutdown(151)) - Shutting down service BlockDeletingService
2019-10-10 00:00:58,381 [main] INFO  utils.BackgroundService (BackgroundService.java:shutdown(151)) - Shutting down service BlockDeletingService
2019-10-10 00:00:58,387 [ForkJoinPool.commonPool-worker-0] INFO  statemachine.DatanodeStateMachine (DatanodeStateMachine.java:stopDaemon(395)) - Ozone container server stopped.
2019-10-10 00:00:58,390 [main] INFO  statemachine.DatanodeStateMachine (DatanodeStateMachine.java:stopDaemon(395)) - Ozone container server stopped.
2019-10-10 00:00:58,393 [ForkJoinPool.commonPool-worker-0] INFO  handler.ContextHandler (ContextHandler.java:doStop(910)) - Stopped o.e.j.w.WebAppContext@e3899fd{/,null,UNAVAILABLE}{/hddsDatanode}
2019-10-10 00:00:58,393 [main] INFO  handler.ContextHandler (ContextHandler.java:doStop(910)) - Stopped o.e.j.w.WebAppContext@2f09e6b2{/,null,UNAVAILABLE}{/hddsDatanode}
2019-10-10 00:00:58,393 [ForkJoinPool.commonPool-worker-0] INFO  server.AbstractConnector (AbstractConnector.java:doStop(318)) - Stopped ServerConnector@7d484fcd{HTTP/1.1,[http/1.1]}{0.0.0.0:0}
2019-10-10 00:00:58,395 [ForkJoinPool.commonPool-worker-0] INFO  handler.ContextHandler (ContextHandler.java:doStop(910)) - Stopped o.e.j.s.ServletContextHandler@79ca7bea{/static,jar:file:/home/user/.m2/repository/org/apache/hadoop/hadoop-hdds-container-service/0.5.0-SNAPSHOT/hadoop-hdds-container-service-0.5.0-SNAPSHOT.jar!/webapps/static,UNAVAILABLE}
2019-10-10 00:00:58,396 [ForkJoinPool.commonPool-worker-0] INFO  handler.ContextHandler (ContextHandler.java:doStop(910)) - Stopped o.e.j.s.ServletContextHandler@2017f6e6{/logs,file:///workdir/hadoop-ozone/integration-test/target/log,UNAVAILABLE}
2019-10-10 00:00:58,396 [main] INFO  server.AbstractConnector (AbstractConnector.java:doStop(318)) - Stopped ServerConnector@1bee0085{HTTP/1.1,[http/1.1]}{0.0.0.0:0}
2019-10-10 00:00:58,397 [main] INFO  handler.ContextHandler (ContextHandler.java:doStop(910)) - Stopped o.e.j.s.ServletContextHandler@482f7af0{/static,jar:file:/home/user/.m2/repository/org/apache/hadoop/hadoop-hdds-container-service/0.5.0-SNAPSHOT/hadoop-hdds-container-service-0.5.0-SNAPSHOT.jar!/webapps/static,UNAVAILABLE}
2019-10-10 00:00:58,397 [main] INFO  handler.ContextHandler (ContextHandler.java:doStop(910)) - Stopped o.e.j.s.ServletContextHandler@56fda064{/logs,file:///workdir/hadoop-ozone/integration-test/target/log,UNAVAILABLE}
2019-10-10 00:00:59,067 [Datanode State Machine Thread - 0] INFO  statemachine.DatanodeStateMachine (DatanodeStateMachine.java:lambda$startDaemon$0(350)) - Ozone container server started.
2019-10-10 00:00:59,203 [Datanode State Machine Thread - 0] INFO  statemachine.DatanodeStateMachine (DatanodeStateMachine.java:lambda$startDaemon$0(350)) - Ozone container server started.
2019-10-10 00:01:00,555 [grpc-default-executor-8] WARN  server.GrpcLogAppender (LogUtils.java:warn(134)) - af68696b-9559-4489-94b7-1ded23028e6c@group-9798C274A43A->f7263369-3513-4a4c-970a-cf6ede1fc488-AppendLogResponseHandler: Failed appendEntries: org.apache.ratis.thirdparty.io.grpc.StatusRuntimeException: UNAVAILABLE: io exception
2019-10-10 00:01:00,555 [grpc-default-executor-6] WARN  server.GrpcLogAppender (LogUtils.java:warn(134)) - af68696b-9559-4489-94b7-1ded23028e6c@group-9798C274A43A->f5c6cedc-5e2f-4b88-839f-eb18816aa586-AppendLogResponseHandler: Failed appendEntries: org.apache.ratis.thirdparty.io.grpc.StatusRuntimeException: UNAVAILABLE: io exception
2019-10-10 00:01:00,556 [grpc-default-executor-8] INFO  impl.FollowerInfo (FollowerInfo.java:lambda$new$0(51)) - af68696b-9559-4489-94b7-1ded23028e6c@group-9798C274A43A->f7263369-3513-4a4c-970a-cf6ede1fc488: nextIndex: updateUnconditionally 14 -> 13
2019-10-10 00:01:00,556 [grpc-default-executor-6] INFO  impl.FollowerInfo (FollowerInfo.java:lambda$new$0(51)) - af68696b-9559-4489-94b7-1ded23028e6c@group-9798C274A43A->f5c6cedc-5e2f-4b88-839f-eb18816aa586: nextIndex: updateUnconditionally 14 -> 13
2019-10-10 00:01:03,057 [grpc-default-executor-1] WARN  server.GrpcLogAppender (LogUtils.java:warn(134)) - af68696b-9559-4489-94b7-1ded23028e6c@group-9798C274A43A->f5c6cedc-5e2f-4b88-839f-eb18816aa586-AppendLogResponseHandler: Failed appendEntries: org.apache.ratis.thirdparty.io.grpc.StatusRuntimeException: UNAVAILABLE: io exception
2019-10-10 00:01:03,057 [grpc-default-executor-8] WARN  server.GrpcLogAppender (LogUtils.java:warn(134)) - af68696b-9559-4489-94b7-1ded23028e6c@group-9798C274A43A->f7263369-3513-4a4c-970a-cf6ede1fc488-AppendLogResponseHandler: Failed appendEntries: org.apache.ratis.thirdparty.io.grpc.StatusRuntimeException: UNAVAILABLE: io exception
2019-10-10 00:01:03,058 [grpc-default-executor-1] INFO  impl.FollowerInfo (FollowerInfo.java:lambda$new$0(51)) - af68696b-9559-4489-94b7-1ded23028e6c@group-9798C274A43A->f5c6cedc-5e2f-4b88-839f-eb18816aa586: nextIndex: updateUnconditionally 13 -> 12
2019-10-10 00:01:03,058 [grpc-default-executor-8] INFO  impl.FollowerInfo (FollowerInfo.java:lambda$new$0(51)) - af68696b-9559-4489-94b7-1ded23028e6c@group-9798C274A43A->f7263369-3513-4a4c-970a-cf6ede1fc488: nextIndex: updateUnconditionally 13 -> 12
2019-10-10 00:01:03,152 [EventQueue-StaleNodeForStaleNodeHandler] INFO  node.StaleNodeHandler (StaleNodeHandler.java:onMessage(58)) - Datanode eda76c84-8d1f-4853-b180-ea76f8b0e08a{ip: 192.168.157.245, host: pr-hdds-2266-b8s26-4239225152, networkLocation: /default-rack, certSerialId: null} moved to stale state. Finalizing its pipelines [PipelineID=d0b9b853-69da-4580-b4b7-5fc2bae16d33, PipelineID=e7227cf7-0b4f-41f7-bf2b-032988352471]
2019-10-10 00:01:03,152 [EventQueue-StaleNodeForStaleNodeHandler] INFO  pipeline.SCMPipelineManager (SCMPipelineManager.java:finalizeAndDestroyPipeline(315)) - destroying pipeline:Pipeline[ Id: d0b9b853-69da-4580-b4b7-5fc2bae16d33, Nodes: 10712198-501a-4bd0-b522-e21629ca693c{ip: 192.168.157.245, host: pr-hdds-2266-b8s26-4239225152, networkLocation: /default-rack, certSerialId: null}eda76c84-8d1f-4853-b180-ea76f8b0e08a{ip: 192.168.157.245, host: pr-hdds-2266-b8s26-4239225152, networkLocation: /default-rack, certSerialId: null}46c08da4-c4c9-4c47-95e8-a0ff6dbbc692{ip: 192.168.157.245, host: pr-hdds-2266-b8s26-4239225152, networkLocation: /default-rack, certSerialId: null}, Type:RATIS, Factor:THREE, State:CLOSED]
2019-10-10 00:01:03,152 [EventQueue-StaleNodeForStaleNodeHandler] INFO  pipeline.SCMPipelineManager (SCMPipelineManager.java:finalizeAndDestroyPipeline(315)) - destroying pipeline:Pipeline[ Id: e7227cf7-0b4f-41f7-bf2b-032988352471, Nodes: eda76c84-8d1f-4853-b180-ea76f8b0e08a{ip: 192.168.157.245, host: pr-hdds-2266-b8s26-4239225152, networkLocation: /default-rack, certSerialId: null}, Type:RATIS, Factor:ONE, State:OPEN]
2019-10-10 00:01:03,152 [EventQueue-StaleNodeForStaleNodeHandler] INFO  pipeline.PipelineStateManager (PipelineStateManager.java:finalizePipeline(123)) - Pipeline Pipeline[ Id: e7227cf7-0b4f-41f7-bf2b-032988352471, Nodes: eda76c84-8d1f-4853-b180-ea76f8b0e08a{ip: 192.168.157.245, host: pr-hdds-2266-b8s26-4239225152, networkLocation: /default-rack, certSerialId: null}, Type:RATIS, Factor:ONE, State:CLOSED] moved to CLOSED state
2019-10-10 00:01:03,252 [EventQueue-StaleNodeForStaleNodeHandler] INFO  node.StaleNodeHandler (StaleNodeHandler.java:onMessage(58)) - Datanode 28025bb6-580e-4c2f-93a5-9d4edc4937f3{ip: 192.168.157.245, host: pr-hdds-2266-b8s26-4239225152, networkLocation: /default-rack, certSerialId: null} moved to stale state. Finalizing its pipelines [PipelineID=75342538-0227-4148-b91e-f2d109ea9ebe]
2019-10-10 00:01:03,252 [EventQueue-StaleNodeForStaleNodeHandler] INFO  pipeline.SCMPipelineManager (SCMPipelineManager.java:finalizeAndDestroyPipeline(315)) - destroying pipeline:Pipeline[ Id: 75342538-0227-4148-b91e-f2d109ea9ebe, Nodes: 28025bb6-580e-4c2f-93a5-9d4edc4937f3{ip: 192.168.157.245, host: pr-hdds-2266-b8s26-4239225152, networkLocation: /default-rack, certSerialId: null}, Type:RATIS, Factor:ONE, State:OPEN]
2019-10-10 00:01:03,252 [EventQueue-StaleNodeForStaleNodeHandler] INFO  pipeline.PipelineStateManager (PipelineStateManager.java:finalizePipeline(123)) - Pipeline Pipeline[ Id: 75342538-0227-4148-b91e-f2d109ea9ebe, Nodes: 28025bb6-580e-4c2f-93a5-9d4edc4937f3{ip: 192.168.157.245, host: pr-hdds-2266-b8s26-4239225152, networkLocation: /default-rack, certSerialId: null}, Type:RATIS, Factor:ONE, State:CLOSED] moved to CLOSED state
2019-10-10 00:01:03,397 [ForkJoinPool.commonPool-worker-0] INFO  ozoneimpl.OzoneContainer (OzoneContainer.java:stop(227)) - Attempting to stop container services.
2019-10-10 00:01:03,399 [main] INFO  ozoneimpl.OzoneContainer (OzoneContainer.java:stop(227)) - Attempting to stop container services.
2019-10-10 00:01:03,400 [ForkJoinPool.commonPool-worker-0] INFO  impl.RaftServerProxy (RaftServerProxy.java:lambda$close$4(314)) - eda76c84-8d1f-4853-b180-ea76f8b0e08a: close
2019-10-10 00:01:03,400 [main] INFO  impl.RaftServerProxy (RaftServerProxy.java:lambda$close$4(314)) - 28025bb6-580e-4c2f-93a5-9d4edc4937f3: close
2019-10-10 00:01:03,400 [ForkJoinPool.commonPool-worker-0] INFO  impl.RaftServerImpl (RaftServerImpl.java:lambda$shutdown$3(247)) - eda76c84-8d1f-4853-b180-ea76f8b0e08a@group-5FC2BAE16D33: shutdown
2019-10-10 00:01:03,400 [main] INFO  impl.RaftServerImpl (RaftServerImpl.java:lambda$shutdown$3(247)) - 28025bb6-580e-4c2f-93a5-9d4edc4937f3@group-F2D109EA9EBE: shutdown
2019-10-10 00:01:03,401 [ForkJoinPool.commonPool-worker-0] INFO  util.JmxRegister (JmxRegister.java:unregister(73)) - Successfully un-registered JMX Bean with object name Ratis:service=RaftServer,group=group-5FC2BAE16D33,id=eda76c84-8d1f-4853-b180-ea76f8b0e08a
2019-10-10 00:01:03,401 [main] INFO  util.JmxRegister (JmxRegister.java:unregister(73)) - Successfully un-registered JMX Bean with object name Ratis:service=RaftServer,group=group-F2D109EA9EBE,id=28025bb6-580e-4c2f-93a5-9d4edc4937f3
2019-10-10 00:01:03,401 [ForkJoinPool.commonPool-worker-0] INFO  impl.RoleInfo (RoleInfo.java:shutdownFollowerState(121)) - eda76c84-8d1f-4853-b180-ea76f8b0e08a: shutdown FollowerState
2019-10-10 00:01:03,401 [main] INFO  impl.RoleInfo (RoleInfo.java:shutdownLeaderState(104)) - 28025bb6-580e-4c2f-93a5-9d4edc4937f3: shutdown LeaderState
2019-10-10 00:01:03,402 [eda76c84-8d1f-4853-b180-ea76f8b0e08a@group-5FC2BAE16D33-StateMachineUpdater] INFO  ratis.ContainerStateMachine (ContainerStateMachine.java:takeSnapshot(294)) - group-5FC2BAE16D33: Taking a snapshot at:(t:2, i:3) file /workdir/hadoop-ozone/integration-test/target/test-dir/MiniOzoneClusterImpl-26e9f622-14fa-4607-9e54-b23a48ec8da2/datanode-0/data/ratis/d0b9b853-69da-4580-b4b7-5fc2bae16d33/sm/snapshot.2_3
2019-10-10 00:01:03,401 [Thread-3216] INFO  impl.FollowerState (FollowerState.java:run(117)) - eda76c84-8d1f-4853-b180-ea76f8b0e08a@group-5FC2BAE16D33-FollowerState was interrupted: java.lang.InterruptedException: sleep interrupted
2019-10-10 00:01:03,402 [main] INFO  impl.PendingRequests (PendingRequests.java:sendNotLeaderResponses(202)) - 28025bb6-580e-4c2f-93a5-9d4edc4937f3@group-F2D109EA9EBE-PendingRequests: sendNotLeaderResponses
2019-10-10 00:01:03,402 [main] INFO  impl.StateMachineUpdater (StateMachineUpdater.java:stopAndJoin(136)) - 28025bb6-580e-4c2f-93a5-9d4edc4937f3@group-F2D109EA9EBE-StateMachineUpdater: set stopIndex = 0
2019-10-10 00:01:03,402 [main] INFO  impl.RaftServerImpl (ServerState.java:close(387)) - 28025bb6-580e-4c2f-93a5-9d4edc4937f3@group-F2D109EA9EBE: closes. applyIndex: 0
2019-10-10 00:01:03,411 [ForkJoinPool.commonPool-worker-0] INFO  impl.StateMachineUpdater (StateMachineUpdater.java:stopAndJoin(136)) - eda76c84-8d1f-4853-b180-ea76f8b0e08a@group-5FC2BAE16D33-StateMachineUpdater: set stopIndex = 4
2019-10-10 00:01:03,424 [28025bb6-580e-4c2f-93a5-9d4edc4937f3@group-F2D109EA9EBE-SegmentedRaftLogWorker] INFO  segmented.SegmentedRaftLogWorker (SegmentedRaftLogWorker.java:run(316)) - 28025bb6-580e-4c2f-93a5-9d4edc4937f3@group-F2D109EA9EBE-SegmentedRaftLogWorker was interrupted, exiting. There are 0 tasks remaining in the queue.
2019-10-10 00:01:03,428 [main] INFO  segmented.SegmentedRaftLogWorker (SegmentedRaftLogWorker.java:close(224)) - 28025bb6-580e-4c2f-93a5-9d4edc4937f3@group-F2D109EA9EBE-SegmentedRaftLogWorker close()
2019-10-10 00:01:03,429 [eda76c84-8d1f-4853-b180-ea76f8b0e08a@group-5FC2BAE16D33-StateMachineUpdater] INFO  ratis.ContainerStateMachine (ContainerStateMachine.java:takeSnapshot(305)) - group-5FC2BAE16D33: Finished taking a snapshot at:(t:2, i:3) file:/workdir/hadoop-ozone/integration-test/target/test-dir/MiniOzoneClusterImpl-26e9f622-14fa-4607-9e54-b23a48ec8da2/datanode-0/data/ratis/d0b9b853-69da-4580-b4b7-5fc2bae16d33/sm/snapshot.2_3 time:27
2019-10-10 00:01:03,430 [main] INFO  server.GrpcService (GrpcService.java:closeImpl(164)) - 28025bb6-580e-4c2f-93a5-9d4edc4937f3: shutdown server with port 35290 now
2019-10-10 00:01:03,431 [eda76c84-8d1f-4853-b180-ea76f8b0e08a@group-5FC2BAE16D33-StateMachineUpdater] INFO  impl.StateMachineUpdater (StateMachineUpdater.java:takeSnapshot(269)) - eda76c84-8d1f-4853-b180-ea76f8b0e08a@group-5FC2BAE16D33-StateMachineUpdater: Took a snapshot at index 3
2019-10-10 00:01:03,431 [eda76c84-8d1f-4853-b180-ea76f8b0e08a@group-5FC2BAE16D33-StateMachineUpdater] INFO  impl.StateMachineUpdater (StateMachineUpdater.java:lambda$new$0(84)) - eda76c84-8d1f-4853-b180-ea76f8b0e08a@group-5FC2BAE16D33-StateMachineUpdater: snapshotIndex: updateIncreasingly -1 -> 3
2019-10-10 00:01:03,432 [main] INFO  server.GrpcService (GrpcService.java:closeImpl(172)) - 28025bb6-580e-4c2f-93a5-9d4edc4937f3: shutdown server with port 35290 successfully
2019-10-10 00:01:03,432 [eda76c84-8d1f-4853-b180-ea76f8b0e08a@group-5FC2BAE16D33-StateMachineUpdater] INFO  ratis.ContainerStateMachine (ContainerStateMachine.java:takeSnapshot(294)) - group-5FC2BAE16D33: Taking a snapshot at:(t:2, i:3) file /workdir/hadoop-ozone/integration-test/target/test-dir/MiniOzoneClusterImpl-26e9f622-14fa-4607-9e54-b23a48ec8da2/datanode-0/data/ratis/d0b9b853-69da-4580-b4b7-5fc2bae16d33/sm/snapshot.2_3
2019-10-10 00:01:03,435 [refreshUsed-/workdir/hadoop-ozone/integration-test/target/test-dir/MiniOzoneClusterImpl-26e9f622-14fa-4607-9e54-b23a48ec8da2/datanode-6/data/containers] WARN  fs.CachingGetSpaceUsed (CachingGetSpaceUsed.java:run(183)) - Thread Interrupted waiting to refresh disk information: sleep interrupted
2019-10-10 00:01:03,445 [eda76c84-8d1f-4853-b180-ea76f8b0e08a@group-5FC2BAE16D33-StateMachineUpdater] INFO  ratis.ContainerStateMachine (ContainerStateMachine.java:takeSnapshot(305)) - group-5FC2BAE16D33: Finished taking a snapshot at:(t:2, i:3) file:/workdir/hadoop-ozone/integration-test/target/test-dir/MiniOzoneClusterImpl-26e9f622-14fa-4607-9e54-b23a48ec8da2/datanode-0/data/ratis/d0b9b853-69da-4580-b4b7-5fc2bae16d33/sm/snapshot.2_3 time:13
2019-10-10 00:01:03,446 [eda76c84-8d1f-4853-b180-ea76f8b0e08a@group-5FC2BAE16D33-StateMachineUpdater] INFO  impl.StateMachineUpdater (StateMachineUpdater.java:takeSnapshot(269)) - eda76c84-8d1f-4853-b180-ea76f8b0e08a@group-5FC2BAE16D33-StateMachineUpdater: Took a snapshot at index 3
2019-10-10 00:01:03,446 [eda76c84-8d1f-4853-b180-ea76f8b0e08a@group-5FC2BAE16D33-StateMachineUpdater] INFO  impl.StateMachineUpdater (StateMachineUpdater.java:lambda$new$0(84)) - eda76c84-8d1f-4853-b180-ea76f8b0e08a@group-5FC2BAE16D33-StateMachineUpdater: snapshotIndex: updateIncreasingly 3 -> 3
2019-10-10 00:01:03,446 [ForkJoinPool.commonPool-worker-0] INFO  impl.RaftServerImpl (ServerState.java:close(387)) - eda76c84-8d1f-4853-b180-ea76f8b0e08a@group-5FC2BAE16D33: closes. applyIndex: 4
2019-10-10 00:01:03,446 [eda76c84-8d1f-4853-b180-ea76f8b0e08a@group-5FC2BAE16D33-SegmentedRaftLogWorker] INFO  segmented.SegmentedRaftLogWorker (SegmentedRaftLogWorker.java:run(316)) - eda76c84-8d1f-4853-b180-ea76f8b0e08a@group-5FC2BAE16D33-SegmentedRaftLogWorker was interrupted, exiting. There are 0 tasks remaining in the queue.
2019-10-10 00:01:03,448 [ForkJoinPool.commonPool-worker-0] INFO  segmented.SegmentedRaftLogWorker (SegmentedRaftLogWorker.java:close(224)) - eda76c84-8d1f-4853-b180-ea76f8b0e08a@group-5FC2BAE16D33-SegmentedRaftLogWorker close()
2019-10-10 00:01:03,453 [ForkJoinPool.commonPool-worker-0] INFO  impl.RaftServerImpl (RaftServerImpl.java:lambda$shutdown$3(247)) - eda76c84-8d1f-4853-b180-ea76f8b0e08a@group-032988352471: shutdown
2019-10-10 00:01:03,454 [ForkJoinPool.commonPool-worker-0] INFO  util.JmxRegister (JmxRegister.java:unregister(73)) - Successfully un-registered JMX Bean with object name Ratis:service=RaftServer,group=group-032988352471,id=eda76c84-8d1f-4853-b180-ea76f8b0e08a
2019-10-10 00:01:03,454 [ForkJoinPool.commonPool-worker-0] INFO  impl.RoleInfo (RoleInfo.java:shutdownLeaderState(104)) - eda76c84-8d1f-4853-b180-ea76f8b0e08a: shutdown LeaderState
2019-10-10 00:01:03,454 [ForkJoinPool.commonPool-worker-0] INFO  impl.PendingRequests (PendingRequests.java:sendNotLeaderResponses(202)) - eda76c84-8d1f-4853-b180-ea76f8b0e08a@group-032988352471-PendingRequests: sendNotLeaderResponses
2019-10-10 00:01:03,454 [ForkJoinPool.commonPool-worker-0] INFO  impl.StateMachineUpdater (StateMachineUpdater.java:stopAndJoin(136)) - eda76c84-8d1f-4853-b180-ea76f8b0e08a@group-032988352471-StateMachineUpdater: set stopIndex = 0
2019-10-10 00:01:03,455 [ForkJoinPool.commonPool-worker-0] INFO  impl.RaftServerImpl (ServerState.java:close(387)) - eda76c84-8d1f-4853-b180-ea76f8b0e08a@group-032988352471: closes. applyIndex: 0
2019-10-10 00:01:03,455 [eda76c84-8d1f-4853-b180-ea76f8b0e08a@group-032988352471-SegmentedRaftLogWorker] INFO  segmented.SegmentedRaftLogWorker (SegmentedRaftLogWorker.java:run(316)) - eda76c84-8d1f-4853-b180-ea76f8b0e08a@group-032988352471-SegmentedRaftLogWorker was interrupted, exiting. There are 0 tasks remaining in the queue.
2019-10-10 00:01:03,455 [ForkJoinPool.commonPool-worker-0] INFO  segmented.SegmentedRaftLogWorker (SegmentedRaftLogWorker.java:close(224)) - eda76c84-8d1f-4853-b180-ea76f8b0e08a@group-032988352471-SegmentedRaftLogWorker close()
2019-10-10 00:01:03,457 [ForkJoinPool.commonPool-worker-0] INFO  server.GrpcService (GrpcService.java:closeImpl(164)) - eda76c84-8d1f-4853-b180-ea76f8b0e08a: shutdown server with port 39224 now
2019-10-10 00:01:03,457 [ForkJoinPool.commonPool-worker-0] INFO  server.GrpcService (GrpcService.java:closeImpl(172)) - eda76c84-8d1f-4853-b180-ea76f8b0e08a: shutdown server with port 39224 successfully
2019-10-10 00:01:03,460 [main] INFO  utils.BackgroundService (BackgroundService.java:shutdown(151)) - Shutting down service BlockDeletingService
2019-10-10 00:01:03,464 [main] INFO  statemachine.DatanodeStateMachine (DatanodeStateMachine.java:stopDaemon(395)) - Ozone container server stopped.
2019-10-10 00:01:03,467 [refreshUsed-/workdir/hadoop-ozone/integration-test/target/test-dir/MiniOzoneClusterImpl-26e9f622-14fa-4607-9e54-b23a48ec8da2/datanode-0/data/containers] WARN  fs.CachingGetSpaceUsed (CachingGetSpaceUsed.java:run(183)) - Thread Interrupted waiting to refresh disk information: sleep interrupted
2019-10-10 00:01:03,467 [main] INFO  handler.ContextHandler (ContextHandler.java:doStop(910)) - Stopped o.e.j.w.WebAppContext@68e5c7ae{/,null,UNAVAILABLE}{/hddsDatanode}
2019-10-10 00:01:03,469 [main] INFO  server.AbstractConnector (AbstractConnector.java:doStop(318)) - Stopped ServerConnector@68bd8ca7{HTTP/1.1,[http/1.1]}{0.0.0.0:0}
2019-10-10 00:01:03,469 [main] INFO  handler.ContextHandler (ContextHandler.java:doStop(910)) - Stopped o.e.j.s.ServletContextHandler@cf01c2e{/static,jar:file:/home/user/.m2/repository/org/apache/hadoop/hadoop-hdds-container-service/0.5.0-SNAPSHOT/hadoop-hdds-container-service-0.5.0-SNAPSHOT.jar!/webapps/static,UNAVAILABLE}
2019-10-10 00:01:03,469 [main] INFO  handler.ContextHandler (ContextHandler.java:doStop(910)) - Stopped o.e.j.s.ServletContextHandler@31881aa2{/logs,file:///workdir/hadoop-ozone/integration-test/target/log,UNAVAILABLE}
2019-10-10 00:01:03,479 [ForkJoinPool.commonPool-worker-0] INFO  utils.BackgroundService (BackgroundService.java:shutdown(151)) - Shutting down service BlockDeletingService
2019-10-10 00:01:03,482 [ForkJoinPool.commonPool-worker-0] INFO  statemachine.DatanodeStateMachine (DatanodeStateMachine.java:stopDaemon(395)) - Ozone container server stopped.
2019-10-10 00:01:03,485 [ForkJoinPool.commonPool-worker-0] INFO  handler.ContextHandler (ContextHandler.java:doStop(910)) - Stopped o.e.j.w.WebAppContext@75bd28d{/,null,UNAVAILABLE}{/hddsDatanode}
2019-10-10 00:01:03,485 [ForkJoinPool.commonPool-worker-0] INFO  server.AbstractConnector (AbstractConnector.java:doStop(318)) - Stopped ServerConnector@129c4d19{HTTP/1.1,[http/1.1]}{0.0.0.0:0}
2019-10-10 00:01:03,489 [ForkJoinPool.commonPool-worker-0] INFO  handler.ContextHandler (ContextHandler.java:doStop(910)) - Stopped o.e.j.s.ServletContextHandler@29c53c4f{/static,jar:file:/home/user/.m2/repository/org/apache/hadoop/hadoop-hdds-container-service/0.5.0-SNAPSHOT/hadoop-hdds-container-service-0.5.0-SNAPSHOT.jar!/webapps/static,UNAVAILABLE}
2019-10-10 00:01:03,489 [ForkJoinPool.commonPool-worker-0] INFO  handler.ContextHandler (ContextHandler.java:doStop(910)) - Stopped o.e.j.s.ServletContextHandler@55296b50{/logs,file:///workdir/hadoop-ozone/integration-test/target/log,UNAVAILABLE}
2019-10-10 00:01:03,549 [Datanode State Machine Thread - 0] INFO  statemachine.DatanodeStateMachine (DatanodeStateMachine.java:lambda$startDaemon$0(350)) - Ozone container server started.
2019-10-10 00:01:05,559 [grpc-default-executor-6] WARN  server.GrpcLogAppender (LogUtils.java:warn(134)) - af68696b-9559-4489-94b7-1ded23028e6c@group-9798C274A43A->f5c6cedc-5e2f-4b88-839f-eb18816aa586-AppendLogResponseHandler: Failed appendEntries: org.apache.ratis.thirdparty.io.grpc.StatusRuntimeException: UNAVAILABLE: io exception
2019-10-10 00:01:05,559 [grpc-default-executor-1] WARN  server.GrpcLogAppender (LogUtils.java:warn(134)) - af68696b-9559-4489-94b7-1ded23028e6c@group-9798C274A43A->f7263369-3513-4a4c-970a-cf6ede1fc488-AppendLogResponseHandler: Failed appendEntries: org.apache.ratis.thirdparty.io.grpc.StatusRuntimeException: UNAVAILABLE: io exception
2019-10-10 00:01:05,560 [grpc-default-executor-1] INFO  impl.FollowerInfo (FollowerInfo.java:lambda$new$0(51)) - af68696b-9559-4489-94b7-1ded23028e6c@group-9798C274A43A->f7263369-3513-4a4c-970a-cf6ede1fc488: nextIndex: updateUnconditionally 12 -> 11
2019-10-10 00:01:05,560 [grpc-default-executor-6] INFO  impl.FollowerInfo (FollowerInfo.java:lambda$new$0(51)) - af68696b-9559-4489-94b7-1ded23028e6c@group-9798C274A43A->f5c6cedc-5e2f-4b88-839f-eb18816aa586: nextIndex: updateUnconditionally 12 -> 11
2019-10-10 00:01:07,557 [EventQueue-StaleNodeForStaleNodeHandler] INFO  node.StaleNodeHandler (StaleNodeHandler.java:onMessage(58)) - Datanode af68696b-9559-4489-94b7-1ded23028e6c{ip: 192.168.157.245, host: pr-hdds-2266-b8s26-4239225152, networkLocation: /default-rack, certSerialId: null} moved to stale state. Finalizing its pipelines [PipelineID=73bc02a1-aad2-459b-b170-0c301b5bb09b, PipelineID=04da7221-6db5-436d-9908-9798c274a43a]
2019-10-10 00:01:07,557 [EventQueue-StaleNodeForStaleNodeHandler] INFO  pipeline.SCMPipelineManager (SCMPipelineManager.java:finalizeAndDestroyPipeline(315)) - destroying pipeline:Pipeline[ Id: 73bc02a1-aad2-459b-b170-0c301b5bb09b, Nodes: af68696b-9559-4489-94b7-1ded23028e6c{ip: 192.168.157.245, host: pr-hdds-2266-b8s26-4239225152, networkLocation: /default-rack, certSerialId: null}, Type:RATIS, Factor:ONE, State:OPEN]
2019-10-10 00:01:07,558 [EventQueue-StaleNodeForStaleNodeHandler] INFO  pipeline.PipelineStateManager (PipelineStateManager.java:finalizePipeline(123)) - Pipeline Pipeline[ Id: 73bc02a1-aad2-459b-b170-0c301b5bb09b, Nodes: af68696b-9559-4489-94b7-1ded23028e6c{ip: 192.168.157.245, host: pr-hdds-2266-b8s26-4239225152, networkLocation: /default-rack, certSerialId: null}, Type:RATIS, Factor:ONE, State:CLOSED] moved to CLOSED state
2019-10-10 00:01:07,558 [EventQueue-StaleNodeForStaleNodeHandler] INFO  pipeline.SCMPipelineManager (SCMPipelineManager.java:finalizeAndDestroyPipeline(315)) - destroying pipeline:Pipeline[ Id: 04da7221-6db5-436d-9908-9798c274a43a, Nodes: f7263369-3513-4a4c-970a-cf6ede1fc488{ip: 192.168.157.245, host: pr-hdds-2266-b8s26-4239225152, networkLocation: /default-rack, certSerialId: null}f5c6cedc-5e2f-4b88-839f-eb18816aa586{ip: 192.168.157.245, host: pr-hdds-2266-b8s26-4239225152, networkLocation: /default-rack, certSerialId: null}af68696b-9559-4489-94b7-1ded23028e6c{ip: 192.168.157.245, host: pr-hdds-2266-b8s26-4239225152, networkLocation: /default-rack, certSerialId: null}, Type:RATIS, Factor:THREE, State:CLOSED]
2019-10-10 00:01:08,059 [grpc-default-executor-6] WARN  server.GrpcLogAppender (LogUtils.java:warn(134)) - af68696b-9559-4489-94b7-1ded23028e6c@group-9798C274A43A->f5c6cedc-5e2f-4b88-839f-eb18816aa586-AppendLogResponseHandler: Failed appendEntries: org.apache.ratis.thirdparty.io.grpc.StatusRuntimeException: UNAVAILABLE: io exception
2019-10-10 00:01:08,059 [grpc-default-executor-1] WARN  server.GrpcLogAppender (LogUtils.java:warn(134)) - af68696b-9559-4489-94b7-1ded23028e6c@group-9798C274A43A->f7263369-3513-4a4c-970a-cf6ede1fc488-AppendLogResponseHandler: Failed appendEntries: org.apache.ratis.thirdparty.io.grpc.StatusRuntimeException: UNAVAILABLE: io exception
2019-10-10 00:01:08,062 [grpc-default-executor-6] INFO  impl.FollowerInfo (FollowerInfo.java:lambda$new$0(51)) - af68696b-9559-4489-94b7-1ded23028e6c@group-9798C274A43A->f5c6cedc-5e2f-4b88-839f-eb18816aa586: nextIndex: updateUnconditionally 11 -> 10
2019-10-10 00:01:08,062 [grpc-default-executor-1] INFO  impl.FollowerInfo (FollowerInfo.java:lambda$new$0(51)) - af68696b-9559-4489-94b7-1ded23028e6c@group-9798C274A43A->f7263369-3513-4a4c-970a-cf6ede1fc488: nextIndex: updateUnconditionally 11 -> 10
2019-10-10 00:01:08,471 [main] INFO  ozoneimpl.OzoneContainer (OzoneContainer.java:stop(227)) - Attempting to stop container services.
2019-10-10 00:01:08,471 [Command processor thread] ERROR commandhandler.CloseContainerCommandHandler (CloseContainerCommandHandler.java:handle(127)) - Can't close container #1
java.io.IOException
	at org.apache.hadoop.ozone.container.common.transport.server.ratis.XceiverServerRatis.submitRequest(XceiverServerRatis.java:509)
	at org.apache.hadoop.ozone.container.common.statemachine.commandhandler.CloseContainerCommandHandler.handle(CloseContainerCommandHandler.java:102)
	at org.apache.hadoop.ozone.container.common.statemachine.commandhandler.CommandDispatcher.handle(CommandDispatcher.java:99)
	at org.apache.hadoop.ozone.container.common.statemachine.DatanodeStateMachine.lambda$initCommandHandlerThread$1(DatanodeStateMachine.java:432)
	at java.lang.Thread.run(Thread.java:748)
Caused by: java.lang.InterruptedException
	at java.util.concurrent.CompletableFuture.reportGet(CompletableFuture.java:347)
	at java.util.concurrent.CompletableFuture.get(CompletableFuture.java:1895)
	at org.apache.hadoop.ozone.container.common.transport.server.ratis.XceiverServerRatis.submitRequest(XceiverServerRatis.java:507)
	... 4 more
2019-10-10 00:01:08,472 [main] INFO  impl.RaftServerProxy (RaftServerProxy.java:lambda$close$4(314)) - af68696b-9559-4489-94b7-1ded23028e6c: close
2019-10-10 00:01:08,473 [main] INFO  impl.RaftServerImpl (RaftServerImpl.java:lambda$shutdown$3(247)) - af68696b-9559-4489-94b7-1ded23028e6c@group-0C301B5BB09B: shutdown
2019-10-10 00:01:08,474 [ForkJoinPool.commonPool-worker-1] INFO  impl.RaftServerImpl (RaftServerImpl.java:lambda$shutdown$3(247)) - af68696b-9559-4489-94b7-1ded23028e6c@group-9798C274A43A: shutdown
2019-10-10 00:01:08,474 [main] INFO  util.JmxRegister (JmxRegister.java:unregister(73)) - Successfully un-registered JMX Bean with object name Ratis:service=RaftServer,group=group-0C301B5BB09B,id=af68696b-9559-4489-94b7-1ded23028e6c
2019-10-10 00:01:08,474 [ForkJoinPool.commonPool-worker-1] INFO  util.JmxRegister (JmxRegister.java:unregister(73)) - Successfully un-registered JMX Bean with object name Ratis:service=RaftServer,group=group-9798C274A43A,id=af68696b-9559-4489-94b7-1ded23028e6c
2019-10-10 00:01:08,474 [main] INFO  impl.RoleInfo (RoleInfo.java:shutdownLeaderState(104)) - af68696b-9559-4489-94b7-1ded23028e6c: shutdown LeaderState
2019-10-10 00:01:08,474 [ForkJoinPool.commonPool-worker-1] INFO  impl.RoleInfo (RoleInfo.java:shutdownLeaderState(104)) - af68696b-9559-4489-94b7-1ded23028e6c: shutdown LeaderState
2019-10-10 00:01:08,475 [main] INFO  impl.PendingRequests (PendingRequests.java:sendNotLeaderResponses(202)) - af68696b-9559-4489-94b7-1ded23028e6c@group-0C301B5BB09B-PendingRequests: sendNotLeaderResponses
2019-10-10 00:01:08,478 [org.apache.ratis.server.impl.LogAppender$AppenderDaemon$$Lambda$528/767917100@49061f62] WARN  server.GrpcLogAppender (GrpcLogAppender.java:mayWait(143)) - af68696b-9559-4489-94b7-1ded23028e6c@group-9798C274A43A->f7263369-3513-4a4c-970a-cf6ede1fc488-GrpcLogAppender: Wait interrupted by java.lang.InterruptedException
2019-10-10 00:01:08,478 [org.apache.ratis.server.impl.LogAppender$AppenderDaemon$$Lambda$528/767917100@2844feef] WARN  server.GrpcLogAppender (GrpcLogAppender.java:mayWait(143)) - af68696b-9559-4489-94b7-1ded23028e6c@group-9798C274A43A->f5c6cedc-5e2f-4b88-839f-eb18816aa586-GrpcLogAppender: Wait interrupted by java.lang.InterruptedException
2019-10-10 00:01:08,478 [ForkJoinPool.commonPool-worker-1] INFO  impl.PendingRequests (PendingRequests.java:sendNotLeaderResponses(202)) - af68696b-9559-4489-94b7-1ded23028e6c@group-9798C274A43A-PendingRequests: sendNotLeaderResponses
2019-10-10 00:01:08,479 [main] INFO  impl.StateMachineUpdater (StateMachineUpdater.java:stopAndJoin(136)) - af68696b-9559-4489-94b7-1ded23028e6c@group-0C301B5BB09B-StateMachineUpdater: set stopIndex = 0
2019-10-10 00:01:08,481 [main] INFO  impl.RaftServerImpl (ServerState.java:close(387)) - af68696b-9559-4489-94b7-1ded23028e6c@group-0C301B5BB09B: closes. applyIndex: 0
2019-10-10 00:01:08,481 [af68696b-9559-4489-94b7-1ded23028e6c@group-9798C274A43A-StateMachineUpdater] INFO  ratis.ContainerStateMachine (ContainerStateMachine.java:takeSnapshot(294)) - group-9798C274A43A: Taking a snapshot at:(t:1, i:14) file /workdir/hadoop-ozone/integration-test/target/test-dir/MiniOzoneClusterImpl-26e9f622-14fa-4607-9e54-b23a48ec8da2/datanode-5/data/ratis/04da7221-6db5-436d-9908-9798c274a43a/sm/snapshot.1_14
2019-10-10 00:01:08,481 [ForkJoinPool.commonPool-worker-1] INFO  impl.StateMachineUpdater (StateMachineUpdater.java:stopAndJoin(136)) - af68696b-9559-4489-94b7-1ded23028e6c@group-9798C274A43A-StateMachineUpdater: set stopIndex = 16
2019-10-10 00:01:08,482 [af68696b-9559-4489-94b7-1ded23028e6c@group-0C301B5BB09B-SegmentedRaftLogWorker] INFO  segmented.SegmentedRaftLogWorker (SegmentedRaftLogWorker.java:run(316)) - af68696b-9559-4489-94b7-1ded23028e6c@group-0C301B5BB09B-SegmentedRaftLogWorker was interrupted, exiting. There are 0 tasks remaining in the queue.
2019-10-10 00:01:08,482 [main] INFO  segmented.SegmentedRaftLogWorker (SegmentedRaftLogWorker.java:close(224)) - af68696b-9559-4489-94b7-1ded23028e6c@group-0C301B5BB09B-SegmentedRaftLogWorker close()
2019-10-10 00:01:08,505 [af68696b-9559-4489-94b7-1ded23028e6c@group-9798C274A43A-StateMachineUpdater] INFO  ratis.ContainerStateMachine (ContainerStateMachine.java:takeSnapshot(305)) - group-9798C274A43A: Finished taking a snapshot at:(t:1, i:14) file:/workdir/hadoop-ozone/integration-test/target/test-dir/MiniOzoneClusterImpl-26e9f622-14fa-4607-9e54-b23a48ec8da2/datanode-5/data/ratis/04da7221-6db5-436d-9908-9798c274a43a/sm/snapshot.1_14 time:24
2019-10-10 00:01:08,505 [af68696b-9559-4489-94b7-1ded23028e6c@group-9798C274A43A-StateMachineUpdater] INFO  impl.StateMachineUpdater (StateMachineUpdater.java:takeSnapshot(269)) - af68696b-9559-4489-94b7-1ded23028e6c@group-9798C274A43A-StateMachineUpdater: Took a snapshot at index 14
2019-10-10 00:01:08,505 [af68696b-9559-4489-94b7-1ded23028e6c@group-9798C274A43A-StateMachineUpdater] INFO  impl.StateMachineUpdater (StateMachineUpdater.java:lambda$new$0(84)) - af68696b-9559-4489-94b7-1ded23028e6c@group-9798C274A43A-StateMachineUpdater: snapshotIndex: updateIncreasingly -1 -> 14
2019-10-10 00:01:08,506 [af68696b-9559-4489-94b7-1ded23028e6c@group-9798C274A43A-StateMachineUpdater] INFO  ratis.ContainerStateMachine (ContainerStateMachine.java:takeSnapshot(294)) - group-9798C274A43A: Taking a snapshot at:(t:1, i:14) file /workdir/hadoop-ozone/integration-test/target/test-dir/MiniOzoneClusterImpl-26e9f622-14fa-4607-9e54-b23a48ec8da2/datanode-5/data/ratis/04da7221-6db5-436d-9908-9798c274a43a/sm/snapshot.1_14
2019-10-10 00:01:08,518 [af68696b-9559-4489-94b7-1ded23028e6c@group-9798C274A43A-StateMachineUpdater] INFO  ratis.ContainerStateMachine (ContainerStateMachine.java:takeSnapshot(305)) - group-9798C274A43A: Finished taking a snapshot at:(t:1, i:14) file:/workdir/hadoop-ozone/integration-test/target/test-dir/MiniOzoneClusterImpl-26e9f622-14fa-4607-9e54-b23a48ec8da2/datanode-5/data/ratis/04da7221-6db5-436d-9908-9798c274a43a/sm/snapshot.1_14 time:12
2019-10-10 00:01:08,518 [af68696b-9559-4489-94b7-1ded23028e6c@group-9798C274A43A-StateMachineUpdater] INFO  impl.StateMachineUpdater (StateMachineUpdater.java:takeSnapshot(269)) - af68696b-9559-4489-94b7-1ded23028e6c@group-9798C274A43A-StateMachineUpdater: Took a snapshot at index 14
2019-10-10 00:01:08,518 [af68696b-9559-4489-94b7-1ded23028e6c@group-9798C274A43A-StateMachineUpdater] INFO  impl.StateMachineUpdater (StateMachineUpdater.java:lambda$new$0(84)) - af68696b-9559-4489-94b7-1ded23028e6c@group-9798C274A43A-StateMachineUpdater: snapshotIndex: updateIncreasingly 14 -> 14
2019-10-10 00:01:08,518 [ForkJoinPool.commonPool-worker-1] INFO  impl.RaftServerImpl (ServerState.java:close(387)) - af68696b-9559-4489-94b7-1ded23028e6c@group-9798C274A43A: closes. applyIndex: 16
2019-10-10 00:01:08,519 [af68696b-9559-4489-94b7-1ded23028e6c@group-9798C274A43A-SegmentedRaftLogWorker] INFO  segmented.SegmentedRaftLogWorker (SegmentedRaftLogWorker.java:run(316)) - af68696b-9559-4489-94b7-1ded23028e6c@group-9798C274A43A-SegmentedRaftLogWorker was interrupted, exiting. There are 0 tasks remaining in the queue.
2019-10-10 00:01:08,519 [ForkJoinPool.commonPool-worker-1] INFO  segmented.SegmentedRaftLogWorker (SegmentedRaftLogWorker.java:close(224)) - af68696b-9559-4489-94b7-1ded23028e6c@group-9798C274A43A-SegmentedRaftLogWorker close()
2019-10-10 00:01:08,520 [main] INFO  server.GrpcService (GrpcService.java:closeImpl(164)) - af68696b-9559-4489-94b7-1ded23028e6c: shutdown server with port 42194 now
2019-10-10 00:01:08,521 [grpc-default-executor-6] WARN  client.GrpcClientProtocolService (LogUtils.java:warn(134)) - 2-UnorderedRequestStreamObserver2: onError: org.apache.ratis.thirdparty.io.grpc.StatusRuntimeException: CANCELLED: cancelled before receiving half close
2019-10-10 00:01:08,521 [main] INFO  server.GrpcService (GrpcService.java:closeImpl(172)) - af68696b-9559-4489-94b7-1ded23028e6c: shutdown server with port 42194 successfully
2019-10-10 00:01:08,524 [refreshUsed-/workdir/hadoop-ozone/integration-test/target/test-dir/MiniOzoneClusterImpl-26e9f622-14fa-4607-9e54-b23a48ec8da2/datanode-5/data/containers] WARN  fs.CachingGetSpaceUsed (CachingGetSpaceUsed.java:run(183)) - Thread Interrupted waiting to refresh disk information: sleep interrupted
2019-10-10 00:01:08,539 [main] INFO  utils.BackgroundService (BackgroundService.java:shutdown(151)) - Shutting down service BlockDeletingService
2019-10-10 00:01:08,543 [main] INFO  statemachine.DatanodeStateMachine (DatanodeStateMachine.java:stopDaemon(395)) - Ozone container server stopped.
2019-10-10 00:01:08,544 [main] INFO  handler.ContextHandler (ContextHandler.java:doStop(910)) - Stopped o.e.j.w.WebAppContext@77c66a4f{/,null,UNAVAILABLE}{/hddsDatanode}
2019-10-10 00:01:08,545 [main] INFO  server.AbstractConnector (AbstractConnector.java:doStop(318)) - Stopped ServerConnector@649b5891{HTTP/1.1,[http/1.1]}{0.0.0.0:0}
2019-10-10 00:01:08,546 [main] INFO  handler.ContextHandler (ContextHandler.java:doStop(910)) - Stopped o.e.j.s.ServletContextHandler@5b066c33{/static,jar:file:/home/user/.m2/repository/org/apache/hadoop/hadoop-hdds-container-service/0.5.0-SNAPSHOT/hadoop-hdds-container-service-0.5.0-SNAPSHOT.jar!/webapps/static,UNAVAILABLE}
2019-10-10 00:01:08,546 [main] INFO  handler.ContextHandler (ContextHandler.java:doStop(910)) - Stopped o.e.j.s.ServletContextHandler@79cb8ffa{/logs,file:///workdir/hadoop-ozone/integration-test/target/log,UNAVAILABLE}
2019-10-10 00:01:08,547 [main] INFO  ozone.MiniOzoneClusterImpl (MiniOzoneClusterImpl.java:stopSCM(392)) - Stopping the StorageContainerManager
2019-10-10 00:01:08,547 [main] INFO  server.StorageContainerManager (StorageContainerManager.java:stop(810)) - Stopping Replication Manager Service.
2019-10-10 00:01:08,547 [main] INFO  container.ReplicationManager (ReplicationManager.java:stop(203)) - Stopping Replication Monitor Thread.
2019-10-10 00:01:08,548 [main] INFO  server.StorageContainerManager (StorageContainerManager.java:stop(817)) - Stopping Lease Manager of the command watchers
2019-10-10 00:01:08,548 [main] INFO  server.StorageContainerManager (StorageContainerManager.java:stop(824)) - Stopping datanode service RPC server
2019-10-10 00:01:08,548 [main] INFO  server.SCMDatanodeProtocolServer (SCMDatanodeProtocolServer.java:stop(346)) - Stopping the RPC server for DataNodes
2019-10-10 00:01:08,548 [main] INFO  ipc.Server (Server.java:stop(3082)) - Stopping server on 45522
2019-10-10 00:01:08,551 [IPC Server listener on 45522] INFO  ipc.Server (Server.java:run(1185)) - Stopping IPC Server listener on 45522
2019-10-10 00:01:08,551 [IPC Server Responder] INFO  ipc.Server (Server.java:run(1319)) - Stopping IPC Server Responder
2019-10-10 00:01:08,558 [SCM Heartbeat Processing Thread - 0] WARN  node.NodeStateManager (NodeStateManager.java:scheduleNextHealthCheck(646)) - Current Thread is interrupted, shutting down HB processing thread for Node Manager.
2019-10-10 00:01:08,558 [main] INFO  server.StorageContainerManager (StorageContainerManager.java:stop(832)) - Stopping block service RPC server
2019-10-10 00:01:08,559 [main] INFO  server.SCMBlockProtocolServer (SCMBlockProtocolServer.java:stop(155)) - Stopping the RPC server for Block Protocol
2019-10-10 00:01:08,559 [main] INFO  ipc.Server (Server.java:stop(3082)) - Stopping server on 41517
2019-10-10 00:01:08,561 [IPC Server listener on 41517] INFO  ipc.Server (Server.java:run(1185)) - Stopping IPC Server listener on 41517
2019-10-10 00:01:08,561 [main] INFO  server.StorageContainerManager (StorageContainerManager.java:stop(839)) - Stopping the StorageContainerLocationProtocol RPC server
2019-10-10 00:01:08,561 [IPC Server Responder] INFO  ipc.Server (Server.java:run(1319)) - Stopping IPC Server Responder
2019-10-10 00:01:08,562 [main] INFO  server.SCMClientProtocolServer (SCMClientProtocolServer.java:stop(168)) - Stopping the RPC server for Client Protocol
2019-10-10 00:01:08,562 [main] INFO  ipc.Server (Server.java:stop(3082)) - Stopping server on 36561
2019-10-10 00:01:08,564 [IPC Server listener on 36561] INFO  ipc.Server (Server.java:run(1185)) - Stopping IPC Server listener on 36561
2019-10-10 00:01:08,564 [main] INFO  server.StorageContainerManager (StorageContainerManager.java:stop(846)) - Stopping Storage Container Manager HTTP server.
2019-10-10 00:01:08,565 [IPC Server Responder] INFO  ipc.Server (Server.java:run(1319)) - Stopping IPC Server Responder
2019-10-10 00:01:08,566 [main] INFO  handler.ContextHandler (ContextHandler.java:doStop(910)) - Stopped o.e.j.w.WebAppContext@2b43f314{/,null,UNAVAILABLE}{/scm}
2019-10-10 00:01:08,566 [main] INFO  server.AbstractConnector (AbstractConnector.java:doStop(318)) - Stopped ServerConnector@3a4a5f3c{HTTP/1.1,[http/1.1]}{0.0.0.0:0}
2019-10-10 00:01:08,567 [main] INFO  handler.ContextHandler (ContextHandler.java:doStop(910)) - Stopped o.e.j.s.ServletContextHandler@65cc5252{/static,file:///workdir/hadoop-ozone/integration-test/target/test-classes/webapps/static,UNAVAILABLE}
2019-10-10 00:01:08,567 [main] INFO  handler.ContextHandler (ContextHandler.java:doStop(910)) - Stopped o.e.j.s.ServletContextHandler@48d739f{/logs,file:///workdir/hadoop-ozone/integration-test/target/log,UNAVAILABLE}
2019-10-10 00:01:08,568 [main] INFO  server.StorageContainerManager (StorageContainerManager.java:stop(857)) - Stopping Block Manager Service.
2019-10-10 00:01:08,568 [main] INFO  utils.BackgroundService (BackgroundService.java:shutdown(151)) - Shutting down service SCMBlockDeletingService
2019-10-10 00:01:08,568 [main] INFO  utils.BackgroundService (BackgroundService.java:shutdown(151)) - Shutting down service SCMBlockDeletingService
2019-10-10 00:01:08,568 [main] INFO  server.StorageContainerManager (StorageContainerManager.java:stop(879)) - Stopping SCM Event Queue.
2019-10-10 00:01:08,571 [main] INFO  impl.MetricsSystemImpl (MetricsSystemImpl.java:stop(210)) - Stopping HddsDatanode metrics system...
2019-10-10 00:01:08,596 [main] INFO  impl.MetricsSystemImpl (MetricsSystemImpl.java:stop(216)) - HddsDatanode metrics system stopped.
]]></system-out>
    <system-err><![CDATA[Oct 10, 2019 12:00:36 AM org.apache.ratis.thirdparty.io.grpc.internal.ManagedChannelOrphanWrapper$ManagedChannelReference cleanQueue
SEVERE: *~*~*~ Channel ManagedChannelImpl{logId=2530, target=192.168.157.245:43258} was not shutdown properly!!! ~*~*~*
    Make sure to call shutdown()/shutdownNow() and wait until awaitTermination() returns true.
java.lang.RuntimeException: ManagedChannel allocation site
	at org.apache.ratis.thirdparty.io.grpc.internal.ManagedChannelOrphanWrapper$ManagedChannelReference.<init>(ManagedChannelOrphanWrapper.java:103)
	at org.apache.ratis.thirdparty.io.grpc.internal.ManagedChannelOrphanWrapper.<init>(ManagedChannelOrphanWrapper.java:53)
	at org.apache.ratis.thirdparty.io.grpc.internal.ManagedChannelOrphanWrapper.<init>(ManagedChannelOrphanWrapper.java:44)
	at org.apache.ratis.thirdparty.io.grpc.internal.AbstractManagedChannelImplBuilder.build(AbstractManagedChannelImplBuilder.java:411)
	at org.apache.ratis.grpc.client.GrpcClientProtocolClient.<init>(GrpcClientProtocolClient.java:128)
	at org.apache.ratis.grpc.client.GrpcClientRpc.lambda$new$0(GrpcClientRpc.java:55)
	at org.apache.ratis.util.PeerProxyMap$PeerAndProxy.lambda$getProxy$0(PeerProxyMap.java:61)
	at org.apache.ratis.util.LifeCycle.startAndTransition(LifeCycle.java:202)
	at org.apache.ratis.util.PeerProxyMap$PeerAndProxy.getProxy(PeerProxyMap.java:60)
	at org.apache.ratis.util.PeerProxyMap.getProxy(PeerProxyMap.java:108)
	at org.apache.ratis.grpc.client.GrpcClientRpc.sendRequestAsync(GrpcClientRpc.java:66)
	at org.apache.ratis.client.impl.OrderedAsync.sendRequest(OrderedAsync.java:208)
	at org.apache.ratis.client.impl.OrderedAsync.sendRequestWithRetry(OrderedAsync.java:169)
	at org.apache.ratis.util.SlidingWindow$Client.sendOrDelayRequest(SlidingWindow.java:278)
	at org.apache.ratis.util.SlidingWindow$Client.submitNewRequest(SlidingWindow.java:257)
	at org.apache.ratis.client.impl.OrderedAsync.send(OrderedAsync.java:155)
	at org.apache.ratis.client.impl.RaftClientImpl.sendAsync(RaftClientImpl.java:144)
	at org.apache.ratis.client.impl.RaftClientImpl.sendAsync(RaftClientImpl.java:124)
	at org.apache.hadoop.hdds.scm.XceiverClientRatis.sendRequestAsync(XceiverClientRatis.java:236)
	at org.apache.hadoop.hdds.scm.XceiverClientRatis.sendCommandAsync(XceiverClientRatis.java:317)
	at org.apache.hadoop.hdds.scm.storage.ContainerProtocolCalls.writeChunkAsync(ContainerProtocolCalls.java:310)
	at org.apache.hadoop.hdds.scm.storage.BlockOutputStream.writeChunkToContainer(BlockOutputStream.java:604)
	at org.apache.hadoop.hdds.scm.storage.BlockOutputStream.writeChunk(BlockOutputStream.java:462)
	at org.apache.hadoop.hdds.scm.storage.BlockOutputStream.writeOnRetry(BlockOutputStream.java:284)
	at org.apache.hadoop.ozone.client.io.BlockOutputStreamEntry.writeOnRetry(BlockOutputStreamEntry.java:200)
	at org.apache.hadoop.ozone.client.io.KeyOutputStream.handleWrite(KeyOutputStream.java:206)
	at org.apache.hadoop.ozone.client.io.KeyOutputStream.handleRetry(KeyOutputStream.java:375)
	at org.apache.hadoop.ozone.client.io.KeyOutputStream.handleException(KeyOutputStream.java:324)
	at org.apache.hadoop.ozone.client.io.KeyOutputStream.handleFlushOrClose(KeyOutputStream.java:449)
	at org.apache.hadoop.ozone.client.io.KeyOutputStream.handleWrite(KeyOutputStream.java:232)
	at org.apache.hadoop.ozone.client.io.KeyOutputStream.write(KeyOutputStream.java:190)
	at org.apache.hadoop.ozone.client.io.OzoneOutputStream.write(OzoneOutputStream.java:49)
	at java.io.OutputStream.write(OutputStream.java:75)
	at org.apache.hadoop.ozone.client.rpc.TestBlockOutputStreamWithFailures.testDatanodeFailureWithSingleNodeRatis(TestBlockOutputStreamWithFailures.java:1021)
	at sun.reflect.NativeMethodAccessorImpl.invoke0(Native Method)
	at sun.reflect.NativeMethodAccessorImpl.invoke(NativeMethodAccessorImpl.java:62)
	at sun.reflect.DelegatingMethodAccessorImpl.invoke(DelegatingMethodAccessorImpl.java:43)
	at java.lang.reflect.Method.invoke(Method.java:498)
	at org.junit.runners.model.FrameworkMethod$1.runReflectiveCall(FrameworkMethod.java:47)
	at org.junit.internal.runners.model.ReflectiveCallable.run(ReflectiveCallable.java:12)
	at org.junit.runners.model.FrameworkMethod.invokeExplosively(FrameworkMethod.java:44)
	at org.junit.internal.runners.statements.InvokeMethod.evaluate(InvokeMethod.java:17)
	at org.junit.internal.runners.statements.RunBefores.evaluate(RunBefores.java:26)
	at org.junit.internal.runners.statements.RunAfters.evaluate(RunAfters.java:27)
	at org.junit.runners.ParentRunner.runLeaf(ParentRunner.java:271)
	at org.junit.runners.BlockJUnit4ClassRunner.runChild(BlockJUnit4ClassRunner.java:70)
	at org.junit.runners.BlockJUnit4ClassRunner.runChild(BlockJUnit4ClassRunner.java:50)
	at org.junit.runners.ParentRunner$3.run(ParentRunner.java:238)
	at org.junit.runners.ParentRunner$1.schedule(ParentRunner.java:63)
	at org.junit.runners.ParentRunner.runChildren(ParentRunner.java:236)
	at org.junit.runners.ParentRunner.access$000(ParentRunner.java:53)
	at org.junit.runners.ParentRunner$2.evaluate(ParentRunner.java:229)
	at org.junit.runners.ParentRunner.run(ParentRunner.java:309)
	at org.apache.maven.surefire.junit4.JUnit4Provider.execute(JUnit4Provider.java:365)
	at org.apache.maven.surefire.junit4.JUnit4Provider.executeWithRerun(JUnit4Provider.java:273)
	at org.apache.maven.surefire.junit4.JUnit4Provider.executeTestSet(JUnit4Provider.java:238)
	at org.apache.maven.surefire.junit4.JUnit4Provider.invoke(JUnit4Provider.java:159)
	at org.apache.maven.surefire.booter.ForkedBooter.invokeProviderInSameClassLoader(ForkedBooter.java:384)
	at org.apache.maven.surefire.booter.ForkedBooter.runSuitesInProcess(ForkedBooter.java:345)
	at org.apache.maven.surefire.booter.ForkedBooter.execute(ForkedBooter.java:126)
	at org.apache.maven.surefire.booter.ForkedBooter.main(ForkedBooter.java:418)

Oct 10, 2019 12:00:36 AM org.apache.ratis.thirdparty.io.grpc.internal.ManagedChannelOrphanWrapper$ManagedChannelReference cleanQueue
SEVERE: *~*~*~ Channel ManagedChannelImpl{logId=2745, target=192.168.157.245:43443} was not shutdown properly!!! ~*~*~*
    Make sure to call shutdown()/shutdownNow() and wait until awaitTermination() returns true.
java.lang.RuntimeException: ManagedChannel allocation site
	at org.apache.ratis.thirdparty.io.grpc.internal.ManagedChannelOrphanWrapper$ManagedChannelReference.<init>(ManagedChannelOrphanWrapper.java:103)
	at org.apache.ratis.thirdparty.io.grpc.internal.ManagedChannelOrphanWrapper.<init>(ManagedChannelOrphanWrapper.java:53)
	at org.apache.ratis.thirdparty.io.grpc.internal.ManagedChannelOrphanWrapper.<init>(ManagedChannelOrphanWrapper.java:44)
	at org.apache.ratis.thirdparty.io.grpc.internal.AbstractManagedChannelImplBuilder.build(AbstractManagedChannelImplBuilder.java:411)
	at org.apache.ratis.grpc.client.GrpcClientProtocolClient.<init>(GrpcClientProtocolClient.java:128)
	at org.apache.ratis.grpc.client.GrpcClientRpc.lambda$new$0(GrpcClientRpc.java:55)
	at org.apache.ratis.util.PeerProxyMap$PeerAndProxy.lambda$getProxy$0(PeerProxyMap.java:61)
	at org.apache.ratis.util.LifeCycle.startAndTransition(LifeCycle.java:202)
	at org.apache.ratis.util.PeerProxyMap$PeerAndProxy.getProxy(PeerProxyMap.java:60)
	at org.apache.ratis.util.PeerProxyMap.getProxy(PeerProxyMap.java:108)
	at org.apache.ratis.grpc.client.GrpcClientRpc.sendRequestAsync(GrpcClientRpc.java:66)
	at org.apache.ratis.client.impl.OrderedAsync.sendRequest(OrderedAsync.java:208)
	at org.apache.ratis.client.impl.OrderedAsync.sendRequestWithRetry(OrderedAsync.java:169)
	at org.apache.ratis.util.SlidingWindow$Client.sendOrDelayRequest(SlidingWindow.java:278)
	at org.apache.ratis.util.SlidingWindow$Client.retry(SlidingWindow.java:294)
	at org.apache.ratis.client.impl.OrderedAsync.lambda$scheduleWithTimeout$7(OrderedAsync.java:195)
	at org.apache.ratis.util.TimeoutScheduler.lambda$onTimeout$0(TimeoutScheduler.java:113)
	at org.apache.ratis.util.TimeoutScheduler.lambda$onTimeout$1(TimeoutScheduler.java:133)
	at org.apache.ratis.util.LogUtils.runAndLog(LogUtils.java:50)
	at org.apache.ratis.util.LogUtils$1.run(LogUtils.java:91)
	at java.util.concurrent.Executors$RunnableAdapter.call(Executors.java:511)
	at java.util.concurrent.FutureTask.run(FutureTask.java:266)
	at java.util.concurrent.ScheduledThreadPoolExecutor$ScheduledFutureTask.access$201(ScheduledThreadPoolExecutor.java:180)
	at java.util.concurrent.ScheduledThreadPoolExecutor$ScheduledFutureTask.run(ScheduledThreadPoolExecutor.java:293)
	at java.util.concurrent.ThreadPoolExecutor.runWorker(ThreadPoolExecutor.java:1149)
	at java.util.concurrent.ThreadPoolExecutor$Worker.run(ThreadPoolExecutor.java:624)
	at java.lang.Thread.run(Thread.java:748)

Oct 10, 2019 12:00:36 AM org.apache.ratis.thirdparty.io.grpc.internal.ManagedChannelOrphanWrapper$ManagedChannelReference cleanQueue
SEVERE: *~*~*~ Channel ManagedChannelImpl{logId=2750, target=192.168.157.245:36661} was not shutdown properly!!! ~*~*~*
    Make sure to call shutdown()/shutdownNow() and wait until awaitTermination() returns true.
java.lang.RuntimeException: ManagedChannel allocation site
	at org.apache.ratis.thirdparty.io.grpc.internal.ManagedChannelOrphanWrapper$ManagedChannelReference.<init>(ManagedChannelOrphanWrapper.java:103)
	at org.apache.ratis.thirdparty.io.grpc.internal.ManagedChannelOrphanWrapper.<init>(ManagedChannelOrphanWrapper.java:53)
	at org.apache.ratis.thirdparty.io.grpc.internal.ManagedChannelOrphanWrapper.<init>(ManagedChannelOrphanWrapper.java:44)
	at org.apache.ratis.thirdparty.io.grpc.internal.AbstractManagedChannelImplBuilder.build(AbstractManagedChannelImplBuilder.java:411)
	at org.apache.hadoop.hdds.scm.XceiverClientGrpc.connectToDatanode(XceiverClientGrpc.java:183)
	at org.apache.hadoop.hdds.scm.XceiverClientGrpc.reconnect(XceiverClientGrpc.java:434)
	at org.apache.hadoop.hdds.scm.XceiverClientGrpc.sendCommandAsync(XceiverClientGrpc.java:382)
	at org.apache.hadoop.hdds.scm.XceiverClientGrpc.sendCommandWithRetry(XceiverClientGrpc.java:295)
	at org.apache.hadoop.hdds.scm.XceiverClientGrpc.sendCommandWithTraceIDAndRetry(XceiverClientGrpc.java:259)
	at org.apache.hadoop.hdds.scm.XceiverClientGrpc.sendCommand(XceiverClientGrpc.java:242)
	at org.apache.hadoop.hdds.scm.storage.ContainerProtocolCalls.getBlock(ContainerProtocolCalls.java:118)
	at org.apache.hadoop.hdds.scm.storage.BlockInputStream.getChunkInfos(BlockInputStream.java:169)
	at org.apache.hadoop.hdds.scm.storage.BlockInputStream.initialize(BlockInputStream.java:118)
	at org.apache.hadoop.hdds.scm.storage.BlockInputStream.read(BlockInputStream.java:224)
	at org.apache.hadoop.ozone.client.io.KeyInputStream.read(KeyInputStream.java:173)
	at org.apache.hadoop.ozone.client.io.OzoneInputStream.read(OzoneInputStream.java:47)
	at java.io.InputStream.read(InputStream.java:101)
	at org.apache.hadoop.ozone.container.ContainerTestHelper.validateData(ContainerTestHelper.java:715)
	at org.apache.hadoop.ozone.client.rpc.TestBlockOutputStreamWithFailures.validateData(TestBlockOutputStreamWithFailures.java:1216)
	at org.apache.hadoop.ozone.client.rpc.TestBlockOutputStreamWithFailures.testWatchForCommitWithSingleNodeRatis(TestBlockOutputStreamWithFailures.java:918)
	at sun.reflect.NativeMethodAccessorImpl.invoke0(Native Method)
	at sun.reflect.NativeMethodAccessorImpl.invoke(NativeMethodAccessorImpl.java:62)
	at sun.reflect.DelegatingMethodAccessorImpl.invoke(DelegatingMethodAccessorImpl.java:43)
	at java.lang.reflect.Method.invoke(Method.java:498)
	at org.junit.runners.model.FrameworkMethod$1.runReflectiveCall(FrameworkMethod.java:47)
	at org.junit.internal.runners.model.ReflectiveCallable.run(ReflectiveCallable.java:12)
	at org.junit.runners.model.FrameworkMethod.invokeExplosively(FrameworkMethod.java:44)
	at org.junit.internal.runners.statements.InvokeMethod.evaluate(InvokeMethod.java:17)
	at org.junit.internal.runners.statements.RunBefores.evaluate(RunBefores.java:26)
	at org.junit.internal.runners.statements.RunAfters.evaluate(RunAfters.java:27)
	at org.junit.runners.ParentRunner.runLeaf(ParentRunner.java:271)
	at org.junit.runners.BlockJUnit4ClassRunner.runChild(BlockJUnit4ClassRunner.java:70)
	at org.junit.runners.BlockJUnit4ClassRunner.runChild(BlockJUnit4ClassRunner.java:50)
	at org.junit.runners.ParentRunner$3.run(ParentRunner.java:238)
	at org.junit.runners.ParentRunner$1.schedule(ParentRunner.java:63)
	at org.junit.runners.ParentRunner.runChildren(ParentRunner.java:236)
	at org.junit.runners.ParentRunner.access$000(ParentRunner.java:53)
	at org.junit.runners.ParentRunner$2.evaluate(ParentRunner.java:229)
	at org.junit.runners.ParentRunner.run(ParentRunner.java:309)
	at org.apache.maven.surefire.junit4.JUnit4Provider.execute(JUnit4Provider.java:365)
	at org.apache.maven.surefire.junit4.JUnit4Provider.executeWithRerun(JUnit4Provider.java:273)
	at org.apache.maven.surefire.junit4.JUnit4Provider.executeTestSet(JUnit4Provider.java:238)
	at org.apache.maven.surefire.junit4.JUnit4Provider.invoke(JUnit4Provider.java:159)
	at org.apache.maven.surefire.booter.ForkedBooter.invokeProviderInSameClassLoader(ForkedBooter.java:384)
	at org.apache.maven.surefire.booter.ForkedBooter.runSuitesInProcess(ForkedBooter.java:345)
	at org.apache.maven.surefire.booter.ForkedBooter.execute(ForkedBooter.java:126)
	at org.apache.maven.surefire.booter.ForkedBooter.main(ForkedBooter.java:418)

Oct 10, 2019 12:00:36 AM org.apache.ratis.thirdparty.io.grpc.internal.ManagedChannelOrphanWrapper$ManagedChannelReference cleanQueue
SEVERE: *~*~*~ Channel ManagedChannelImpl{logId=2565, target=192.168.157.245:45832} was not shutdown properly!!! ~*~*~*
    Make sure to call shutdown()/shutdownNow() and wait until awaitTermination() returns true.
java.lang.RuntimeException: ManagedChannel allocation site
	at org.apache.ratis.thirdparty.io.grpc.internal.ManagedChannelOrphanWrapper$ManagedChannelReference.<init>(ManagedChannelOrphanWrapper.java:103)
	at org.apache.ratis.thirdparty.io.grpc.internal.ManagedChannelOrphanWrapper.<init>(ManagedChannelOrphanWrapper.java:53)
	at org.apache.ratis.thirdparty.io.grpc.internal.ManagedChannelOrphanWrapper.<init>(ManagedChannelOrphanWrapper.java:44)
	at org.apache.ratis.thirdparty.io.grpc.internal.AbstractManagedChannelImplBuilder.build(AbstractManagedChannelImplBuilder.java:411)
	at org.apache.hadoop.hdds.scm.XceiverClientGrpc.connectToDatanode(XceiverClientGrpc.java:183)
	at org.apache.hadoop.hdds.scm.XceiverClientGrpc.reconnect(XceiverClientGrpc.java:434)
	at org.apache.hadoop.hdds.scm.XceiverClientGrpc.sendCommandAsync(XceiverClientGrpc.java:382)
	at org.apache.hadoop.hdds.scm.XceiverClientGrpc.sendCommandWithRetry(XceiverClientGrpc.java:295)
	at org.apache.hadoop.hdds.scm.XceiverClientGrpc.sendCommandWithTraceIDAndRetry(XceiverClientGrpc.java:259)
	at org.apache.hadoop.hdds.scm.XceiverClientGrpc.sendCommand(XceiverClientGrpc.java:242)
	at org.apache.hadoop.hdds.scm.storage.ContainerProtocolCalls.getBlock(ContainerProtocolCalls.java:118)
	at org.apache.hadoop.hdds.scm.storage.BlockInputStream.getChunkInfos(BlockInputStream.java:169)
	at org.apache.hadoop.hdds.scm.storage.BlockInputStream.initialize(BlockInputStream.java:118)
	at org.apache.hadoop.hdds.scm.storage.BlockInputStream.read(BlockInputStream.java:224)
	at org.apache.hadoop.ozone.client.io.KeyInputStream.read(KeyInputStream.java:173)
	at org.apache.hadoop.ozone.client.io.OzoneInputStream.read(OzoneInputStream.java:47)
	at java.io.InputStream.read(InputStream.java:101)
	at org.apache.hadoop.ozone.container.ContainerTestHelper.validateData(ContainerTestHelper.java:715)
	at org.apache.hadoop.ozone.client.rpc.TestBlockOutputStreamWithFailures.validateData(TestBlockOutputStreamWithFailures.java:1216)
	at org.apache.hadoop.ozone.client.rpc.TestBlockOutputStreamWithFailures.testDatanodeFailureWithSingleNodeRatis(TestBlockOutputStreamWithFailures.java:1058)
	at sun.reflect.NativeMethodAccessorImpl.invoke0(Native Method)
	at sun.reflect.NativeMethodAccessorImpl.invoke(NativeMethodAccessorImpl.java:62)
	at sun.reflect.DelegatingMethodAccessorImpl.invoke(DelegatingMethodAccessorImpl.java:43)
	at java.lang.reflect.Method.invoke(Method.java:498)
	at org.junit.runners.model.FrameworkMethod$1.runReflectiveCall(FrameworkMethod.java:47)
	at org.junit.internal.runners.model.ReflectiveCallable.run(ReflectiveCallable.java:12)
	at org.junit.runners.model.FrameworkMethod.invokeExplosively(FrameworkMethod.java:44)
	at org.junit.internal.runners.statements.InvokeMethod.evaluate(InvokeMethod.java:17)
	at org.junit.internal.runners.statements.RunBefores.evaluate(RunBefores.java:26)
	at org.junit.internal.runners.statements.RunAfters.evaluate(RunAfters.java:27)
	at org.junit.runners.ParentRunner.runLeaf(ParentRunner.java:271)
	at org.junit.runners.BlockJUnit4ClassRunner.runChild(BlockJUnit4ClassRunner.java:70)
	at org.junit.runners.BlockJUnit4ClassRunner.runChild(BlockJUnit4ClassRunner.java:50)
	at org.junit.runners.ParentRunner$3.run(ParentRunner.java:238)
	at org.junit.runners.ParentRunner$1.schedule(ParentRunner.java:63)
	at org.junit.runners.ParentRunner.runChildren(ParentRunner.java:236)
	at org.junit.runners.ParentRunner.access$000(ParentRunner.java:53)
	at org.junit.runners.ParentRunner$2.evaluate(ParentRunner.java:229)
	at org.junit.runners.ParentRunner.run(ParentRunner.java:309)
	at org.apache.maven.surefire.junit4.JUnit4Provider.execute(JUnit4Provider.java:365)
	at org.apache.maven.surefire.junit4.JUnit4Provider.executeWithRerun(JUnit4Provider.java:273)
	at org.apache.maven.surefire.junit4.JUnit4Provider.executeTestSet(JUnit4Provider.java:238)
	at org.apache.maven.surefire.junit4.JUnit4Provider.invoke(JUnit4Provider.java:159)
	at org.apache.maven.surefire.booter.ForkedBooter.invokeProviderInSameClassLoader(ForkedBooter.java:384)
	at org.apache.maven.surefire.booter.ForkedBooter.runSuitesInProcess(ForkedBooter.java:345)
	at org.apache.maven.surefire.booter.ForkedBooter.execute(ForkedBooter.java:126)
	at org.apache.maven.surefire.booter.ForkedBooter.main(ForkedBooter.java:418)

Oct 10, 2019 12:00:36 AM org.apache.ratis.thirdparty.io.grpc.internal.ManagedChannelOrphanWrapper$ManagedChannelReference cleanQueue
SEVERE: *~*~*~ Channel ManagedChannelImpl{logId=2755, target=192.168.157.245:36661} was not shutdown properly!!! ~*~*~*
    Make sure to call shutdown()/shutdownNow() and wait until awaitTermination() returns true.
java.lang.RuntimeException: ManagedChannel allocation site
	at org.apache.ratis.thirdparty.io.grpc.internal.ManagedChannelOrphanWrapper$ManagedChannelReference.<init>(ManagedChannelOrphanWrapper.java:103)
	at org.apache.ratis.thirdparty.io.grpc.internal.ManagedChannelOrphanWrapper.<init>(ManagedChannelOrphanWrapper.java:53)
	at org.apache.ratis.thirdparty.io.grpc.internal.ManagedChannelOrphanWrapper.<init>(ManagedChannelOrphanWrapper.java:44)
	at org.apache.ratis.thirdparty.io.grpc.internal.AbstractManagedChannelImplBuilder.build(AbstractManagedChannelImplBuilder.java:411)
	at org.apache.hadoop.hdds.scm.XceiverClientGrpc.connectToDatanode(XceiverClientGrpc.java:183)
	at org.apache.hadoop.hdds.scm.XceiverClientGrpc.reconnect(XceiverClientGrpc.java:434)
	at org.apache.hadoop.hdds.scm.XceiverClientGrpc.sendCommandAsync(XceiverClientGrpc.java:382)
	at org.apache.hadoop.hdds.scm.XceiverClientGrpc.sendCommandWithRetry(XceiverClientGrpc.java:295)
	at org.apache.hadoop.hdds.scm.XceiverClientGrpc.sendCommandWithTraceIDAndRetry(XceiverClientGrpc.java:259)
	at org.apache.hadoop.hdds.scm.XceiverClientGrpc.sendCommand(XceiverClientGrpc.java:242)
	at org.apache.hadoop.hdds.scm.storage.ContainerProtocolCalls.getBlock(ContainerProtocolCalls.java:118)
	at org.apache.hadoop.hdds.scm.storage.BlockInputStream.getChunkInfos(BlockInputStream.java:169)
	at org.apache.hadoop.hdds.scm.storage.BlockInputStream.initialize(BlockInputStream.java:118)
	at org.apache.hadoop.hdds.scm.storage.BlockInputStream.read(BlockInputStream.java:224)
	at org.apache.hadoop.ozone.client.io.KeyInputStream.read(KeyInputStream.java:173)
	at org.apache.hadoop.ozone.client.io.OzoneInputStream.read(OzoneInputStream.java:47)
	at java.io.InputStream.read(InputStream.java:101)
	at org.apache.hadoop.ozone.container.ContainerTestHelper.validateData(ContainerTestHelper.java:715)
	at org.apache.hadoop.ozone.client.rpc.TestBlockOutputStreamWithFailures.validateData(TestBlockOutputStreamWithFailures.java:1216)
	at org.apache.hadoop.ozone.client.rpc.TestBlockOutputStreamWithFailures.testWatchForCommitWithSingleNodeRatis(TestBlockOutputStreamWithFailures.java:918)
	at sun.reflect.NativeMethodAccessorImpl.invoke0(Native Method)
	at sun.reflect.NativeMethodAccessorImpl.invoke(NativeMethodAccessorImpl.java:62)
	at sun.reflect.DelegatingMethodAccessorImpl.invoke(DelegatingMethodAccessorImpl.java:43)
	at java.lang.reflect.Method.invoke(Method.java:498)
	at org.junit.runners.model.FrameworkMethod$1.runReflectiveCall(FrameworkMethod.java:47)
	at org.junit.internal.runners.model.ReflectiveCallable.run(ReflectiveCallable.java:12)
	at org.junit.runners.model.FrameworkMethod.invokeExplosively(FrameworkMethod.java:44)
	at org.junit.internal.runners.statements.InvokeMethod.evaluate(InvokeMethod.java:17)
	at org.junit.internal.runners.statements.RunBefores.evaluate(RunBefores.java:26)
	at org.junit.internal.runners.statements.RunAfters.evaluate(RunAfters.java:27)
	at org.junit.runners.ParentRunner.runLeaf(ParentRunner.java:271)
	at org.junit.runners.BlockJUnit4ClassRunner.runChild(BlockJUnit4ClassRunner.java:70)
	at org.junit.runners.BlockJUnit4ClassRunner.runChild(BlockJUnit4ClassRunner.java:50)
	at org.junit.runners.ParentRunner$3.run(ParentRunner.java:238)
	at org.junit.runners.ParentRunner$1.schedule(ParentRunner.java:63)
	at org.junit.runners.ParentRunner.runChildren(ParentRunner.java:236)
	at org.junit.runners.ParentRunner.access$000(ParentRunner.java:53)
	at org.junit.runners.ParentRunner$2.evaluate(ParentRunner.java:229)
	at org.junit.runners.ParentRunner.run(ParentRunner.java:309)
	at org.apache.maven.surefire.junit4.JUnit4Provider.execute(JUnit4Provider.java:365)
	at org.apache.maven.surefire.junit4.JUnit4Provider.executeWithRerun(JUnit4Provider.java:273)
	at org.apache.maven.surefire.junit4.JUnit4Provider.executeTestSet(JUnit4Provider.java:238)
	at org.apache.maven.surefire.junit4.JUnit4Provider.invoke(JUnit4Provider.java:159)
	at org.apache.maven.surefire.booter.ForkedBooter.invokeProviderInSameClassLoader(ForkedBooter.java:384)
	at org.apache.maven.surefire.booter.ForkedBooter.runSuitesInProcess(ForkedBooter.java:345)
	at org.apache.maven.surefire.booter.ForkedBooter.execute(ForkedBooter.java:126)
	at org.apache.maven.surefire.booter.ForkedBooter.main(ForkedBooter.java:418)

Oct 10, 2019 12:00:36 AM org.apache.ratis.thirdparty.io.grpc.internal.ManagedChannelOrphanWrapper$ManagedChannelReference cleanQueue
SEVERE: *~*~*~ Channel ManagedChannelImpl{logId=2560, target=192.168.157.245:39962} was not shutdown properly!!! ~*~*~*
    Make sure to call shutdown()/shutdownNow() and wait until awaitTermination() returns true.
java.lang.RuntimeException: ManagedChannel allocation site
	at org.apache.ratis.thirdparty.io.grpc.internal.ManagedChannelOrphanWrapper$ManagedChannelReference.<init>(ManagedChannelOrphanWrapper.java:103)
	at org.apache.ratis.thirdparty.io.grpc.internal.ManagedChannelOrphanWrapper.<init>(ManagedChannelOrphanWrapper.java:53)
	at org.apache.ratis.thirdparty.io.grpc.internal.ManagedChannelOrphanWrapper.<init>(ManagedChannelOrphanWrapper.java:44)
	at org.apache.ratis.thirdparty.io.grpc.internal.AbstractManagedChannelImplBuilder.build(AbstractManagedChannelImplBuilder.java:411)
	at org.apache.hadoop.hdds.scm.XceiverClientGrpc.connectToDatanode(XceiverClientGrpc.java:183)
	at org.apache.hadoop.hdds.scm.XceiverClientGrpc.reconnect(XceiverClientGrpc.java:434)
	at org.apache.hadoop.hdds.scm.XceiverClientGrpc.sendCommandAsync(XceiverClientGrpc.java:382)
	at org.apache.hadoop.hdds.scm.XceiverClientGrpc.sendCommandWithRetry(XceiverClientGrpc.java:295)
	at org.apache.hadoop.hdds.scm.XceiverClientGrpc.sendCommandWithTraceIDAndRetry(XceiverClientGrpc.java:259)
	at org.apache.hadoop.hdds.scm.XceiverClientGrpc.sendCommand(XceiverClientGrpc.java:242)
	at org.apache.hadoop.hdds.scm.storage.ContainerProtocolCalls.getBlock(ContainerProtocolCalls.java:118)
	at org.apache.hadoop.hdds.scm.storage.BlockInputStream.getChunkInfos(BlockInputStream.java:169)
	at org.apache.hadoop.hdds.scm.storage.BlockInputStream.initialize(BlockInputStream.java:118)
	at org.apache.hadoop.hdds.scm.storage.BlockInputStream.read(BlockInputStream.java:224)
	at org.apache.hadoop.ozone.client.io.KeyInputStream.read(KeyInputStream.java:173)
	at org.apache.hadoop.ozone.client.io.OzoneInputStream.read(OzoneInputStream.java:47)
	at java.io.InputStream.read(InputStream.java:101)
	at org.apache.hadoop.ozone.container.ContainerTestHelper.validateData(ContainerTestHelper.java:715)
	at org.apache.hadoop.ozone.client.rpc.TestBlockOutputStreamWithFailures.validateData(TestBlockOutputStreamWithFailures.java:1216)
	at org.apache.hadoop.ozone.client.rpc.TestBlockOutputStreamWithFailures.testDatanodeFailureWithSingleNodeRatis(TestBlockOutputStreamWithFailures.java:1058)
	at sun.reflect.NativeMethodAccessorImpl.invoke0(Native Method)
	at sun.reflect.NativeMethodAccessorImpl.invoke(NativeMethodAccessorImpl.java:62)
	at sun.reflect.DelegatingMethodAccessorImpl.invoke(DelegatingMethodAccessorImpl.java:43)
	at java.lang.reflect.Method.invoke(Method.java:498)
	at org.junit.runners.model.FrameworkMethod$1.runReflectiveCall(FrameworkMethod.java:47)
	at org.junit.internal.runners.model.ReflectiveCallable.run(ReflectiveCallable.java:12)
	at org.junit.runners.model.FrameworkMethod.invokeExplosively(FrameworkMethod.java:44)
	at org.junit.internal.runners.statements.InvokeMethod.evaluate(InvokeMethod.java:17)
	at org.junit.internal.runners.statements.RunBefores.evaluate(RunBefores.java:26)
	at org.junit.internal.runners.statements.RunAfters.evaluate(RunAfters.java:27)
	at org.junit.runners.ParentRunner.runLeaf(ParentRunner.java:271)
	at org.junit.runners.BlockJUnit4ClassRunner.runChild(BlockJUnit4ClassRunner.java:70)
	at org.junit.runners.BlockJUnit4ClassRunner.runChild(BlockJUnit4ClassRunner.java:50)
	at org.junit.runners.ParentRunner$3.run(ParentRunner.java:238)
	at org.junit.runners.ParentRunner$1.schedule(ParentRunner.java:63)
	at org.junit.runners.ParentRunner.runChildren(ParentRunner.java:236)
	at org.junit.runners.ParentRunner.access$000(ParentRunner.java:53)
	at org.junit.runners.ParentRunner$2.evaluate(ParentRunner.java:229)
	at org.junit.runners.ParentRunner.run(ParentRunner.java:309)
	at org.apache.maven.surefire.junit4.JUnit4Provider.execute(JUnit4Provider.java:365)
	at org.apache.maven.surefire.junit4.JUnit4Provider.executeWithRerun(JUnit4Provider.java:273)
	at org.apache.maven.surefire.junit4.JUnit4Provider.executeTestSet(JUnit4Provider.java:238)
	at org.apache.maven.surefire.junit4.JUnit4Provider.invoke(JUnit4Provider.java:159)
	at org.apache.maven.surefire.booter.ForkedBooter.invokeProviderInSameClassLoader(ForkedBooter.java:384)
	at org.apache.maven.surefire.booter.ForkedBooter.runSuitesInProcess(ForkedBooter.java:345)
	at org.apache.maven.surefire.booter.ForkedBooter.execute(ForkedBooter.java:126)
	at org.apache.maven.surefire.booter.ForkedBooter.main(ForkedBooter.java:418)

Oct 10, 2019 12:00:53 AM org.apache.ratis.thirdparty.io.grpc.internal.SerializingExecutor run
SEVERE: Exception while executing runnable org.apache.ratis.thirdparty.io.grpc.internal.ServerImpl$JumpToApplicationThreadServerStreamListener$1Closed@64dc958a
org.apache.ratis.thirdparty.io.grpc.StatusRuntimeException: CANCELLED: call already cancelled
	at org.apache.ratis.thirdparty.io.grpc.Status.asRuntimeException(Status.java:517)
	at org.apache.ratis.thirdparty.io.grpc.stub.ServerCalls$ServerCallStreamObserverImpl.onCompleted(ServerCalls.java:356)
	at org.apache.ratis.grpc.server.GrpcServerProtocolService$ServerRequestStreamObserver.onError(GrpcServerProtocolService.java:121)
	at org.apache.ratis.thirdparty.io.grpc.stub.ServerCalls$StreamingServerCallHandler$StreamingServerCallListener.onCancel(ServerCalls.java:269)
	at org.apache.ratis.thirdparty.io.grpc.internal.ServerCallImpl$ServerStreamListenerImpl.closed(ServerCallImpl.java:293)
	at org.apache.ratis.thirdparty.io.grpc.internal.ServerImpl$JumpToApplicationThreadServerStreamListener$1Closed.runInContext(ServerImpl.java:741)
	at org.apache.ratis.thirdparty.io.grpc.internal.ContextRunnable.run(ContextRunnable.java:37)
	at org.apache.ratis.thirdparty.io.grpc.internal.SerializingExecutor.run(SerializingExecutor.java:123)
	at java.util.concurrent.ThreadPoolExecutor.runWorker(ThreadPoolExecutor.java:1149)
	at java.util.concurrent.ThreadPoolExecutor$Worker.run(ThreadPoolExecutor.java:624)
	at java.lang.Thread.run(Thread.java:748)

Oct 10, 2019 12:00:53 AM org.apache.ratis.thirdparty.io.grpc.internal.SerializingExecutor run
SEVERE: Exception while executing runnable org.apache.ratis.thirdparty.io.grpc.internal.ServerImpl$JumpToApplicationThreadServerStreamListener$1Closed@502792ad
org.apache.ratis.thirdparty.io.grpc.StatusRuntimeException: CANCELLED: call already cancelled
	at org.apache.ratis.thirdparty.io.grpc.Status.asRuntimeException(Status.java:517)
	at org.apache.ratis.thirdparty.io.grpc.stub.ServerCalls$ServerCallStreamObserverImpl.onCompleted(ServerCalls.java:356)
	at org.apache.ratis.grpc.server.GrpcServerProtocolService$ServerRequestStreamObserver.onError(GrpcServerProtocolService.java:121)
	at org.apache.ratis.thirdparty.io.grpc.stub.ServerCalls$StreamingServerCallHandler$StreamingServerCallListener.onCancel(ServerCalls.java:269)
	at org.apache.ratis.thirdparty.io.grpc.internal.ServerCallImpl$ServerStreamListenerImpl.closed(ServerCallImpl.java:293)
	at org.apache.ratis.thirdparty.io.grpc.internal.ServerImpl$JumpToApplicationThreadServerStreamListener$1Closed.runInContext(ServerImpl.java:741)
	at org.apache.ratis.thirdparty.io.grpc.internal.ContextRunnable.run(ContextRunnable.java:37)
	at org.apache.ratis.thirdparty.io.grpc.internal.SerializingExecutor.run(SerializingExecutor.java:123)
	at java.util.concurrent.ThreadPoolExecutor.runWorker(ThreadPoolExecutor.java:1149)
	at java.util.concurrent.ThreadPoolExecutor$Worker.run(ThreadPoolExecutor.java:624)
	at java.lang.Thread.run(Thread.java:748)

]]></system-err>
  </testcase>
  <testcase name="testFailureWithPrimeSizedData" classname="org.apache.hadoop.ozone.client.rpc.TestBlockOutputStreamWithFailures" time="33.687"/>
  <testcase name="testWatchForCommitWithCloseContainerException" classname="org.apache.hadoop.ozone.client.rpc.TestBlockOutputStreamWithFailures" time="41.4">
    <failure message="expected:&lt;2&gt; but was:&lt;3&gt;" type="java.lang.AssertionError"><![CDATA[java.lang.AssertionError: expected:<2> but was:<3>
	at org.junit.Assert.fail(Assert.java:88)
	at org.junit.Assert.failNotEquals(Assert.java:743)
	at org.junit.Assert.assertEquals(Assert.java:118)
	at org.junit.Assert.assertEquals(Assert.java:555)
	at org.junit.Assert.assertEquals(Assert.java:542)
	at org.apache.hadoop.ozone.client.rpc.TestBlockOutputStreamWithFailures.testWatchForCommitWithCloseContainerException(TestBlockOutputStreamWithFailures.java:233)
	at sun.reflect.NativeMethodAccessorImpl.invoke0(Native Method)
	at sun.reflect.NativeMethodAccessorImpl.invoke(NativeMethodAccessorImpl.java:62)
	at sun.reflect.DelegatingMethodAccessorImpl.invoke(DelegatingMethodAccessorImpl.java:43)
	at java.lang.reflect.Method.invoke(Method.java:498)
	at org.junit.runners.model.FrameworkMethod$1.runReflectiveCall(FrameworkMethod.java:47)
	at org.junit.internal.runners.model.ReflectiveCallable.run(ReflectiveCallable.java:12)
	at org.junit.runners.model.FrameworkMethod.invokeExplosively(FrameworkMethod.java:44)
	at org.junit.internal.runners.statements.InvokeMethod.evaluate(InvokeMethod.java:17)
	at org.junit.internal.runners.statements.RunBefores.evaluate(RunBefores.java:26)
	at org.junit.internal.runners.statements.RunAfters.evaluate(RunAfters.java:27)
	at org.junit.runners.ParentRunner.runLeaf(ParentRunner.java:271)
	at org.junit.runners.BlockJUnit4ClassRunner.runChild(BlockJUnit4ClassRunner.java:70)
	at org.junit.runners.BlockJUnit4ClassRunner.runChild(BlockJUnit4ClassRunner.java:50)
	at org.junit.runners.ParentRunner$3.run(ParentRunner.java:238)
	at org.junit.runners.ParentRunner$1.schedule(ParentRunner.java:63)
	at org.junit.runners.ParentRunner.runChildren(ParentRunner.java:236)
	at org.junit.runners.ParentRunner.access$000(ParentRunner.java:53)
	at org.junit.runners.ParentRunner$2.evaluate(ParentRunner.java:229)
	at org.junit.runners.ParentRunner.run(ParentRunner.java:309)
	at org.apache.maven.surefire.junit4.JUnit4Provider.execute(JUnit4Provider.java:365)
	at org.apache.maven.surefire.junit4.JUnit4Provider.executeWithRerun(JUnit4Provider.java:273)
	at org.apache.maven.surefire.junit4.JUnit4Provider.executeTestSet(JUnit4Provider.java:238)
	at org.apache.maven.surefire.junit4.JUnit4Provider.invoke(JUnit4Provider.java:159)
	at org.apache.maven.surefire.booter.ForkedBooter.invokeProviderInSameClassLoader(ForkedBooter.java:384)
	at org.apache.maven.surefire.booter.ForkedBooter.runSuitesInProcess(ForkedBooter.java:345)
	at org.apache.maven.surefire.booter.ForkedBooter.execute(ForkedBooter.java:126)
	at org.apache.maven.surefire.booter.ForkedBooter.main(ForkedBooter.java:418)
]]></failure>
    <system-out><![CDATA[2019-10-10 00:01:42,331 [main] WARN  server.ServerUtils (ServerUtils.java:getScmDbDir(145)) - ozone.scm.db.dirs is not configured. We recommend adding this setting. Falling back to ozone.metadata.dirs instead.
2019-10-10 00:01:42,366 [main] WARN  server.ServerUtils (ServerUtils.java:getScmDbDir(145)) - ozone.scm.db.dirs is not configured. We recommend adding this setting. Falling back to ozone.metadata.dirs instead.
2019-10-10 00:01:42,366 [main] WARN  server.ServerUtils (ServerUtils.java:getScmDbDir(145)) - ozone.scm.db.dirs is not configured. We recommend adding this setting. Falling back to ozone.metadata.dirs instead.
2019-10-10 00:01:42,366 [main] INFO  db.DBStoreBuilder (DBStoreBuilder.java:addTable(117)) - using custom profile for table: deletedBlocks
2019-10-10 00:01:42,367 [main] INFO  db.DBStoreBuilder (DBStoreBuilder.java:processTables(168)) - Using default column profile:DBProfile.DISK for Table:deletedBlocks
2019-10-10 00:01:42,367 [main] INFO  db.DBStoreBuilder (DBStoreBuilder.java:addTable(117)) - using custom profile for table: validCerts
2019-10-10 00:01:42,367 [main] INFO  db.DBStoreBuilder (DBStoreBuilder.java:processTables(168)) - Using default column profile:DBProfile.DISK for Table:validCerts
2019-10-10 00:01:42,367 [main] INFO  db.DBStoreBuilder (DBStoreBuilder.java:addTable(117)) - using custom profile for table: revokedCerts
2019-10-10 00:01:42,367 [main] INFO  db.DBStoreBuilder (DBStoreBuilder.java:processTables(168)) - Using default column profile:DBProfile.DISK for Table:revokedCerts
2019-10-10 00:01:42,368 [main] INFO  db.DBStoreBuilder (DBStoreBuilder.java:addTable(117)) - using custom profile for table: default
2019-10-10 00:01:42,368 [main] INFO  db.DBStoreBuilder (DBStoreBuilder.java:processTables(174)) - Using default column profile:DBProfile.DISK for Table:default
2019-10-10 00:01:42,368 [main] INFO  db.DBStoreBuilder (DBStoreBuilder.java:getDbProfile(205)) - Using default options. DBProfile.DISK
2019-10-10 00:01:42,606 [main] INFO  net.NodeSchemaLoader (NodeSchemaLoader.java:loadSchemaFromFile(125)) - Loading file from sun.misc.CompoundEnumeration@6987a133
2019-10-10 00:01:42,606 [main] INFO  net.NodeSchemaLoader (NodeSchemaLoader.java:loadSchema(171)) - Loading network topology layer schema file
2019-10-10 00:01:42,612 [main] INFO  node.SCMNodeManager (SCMNodeManager.java:<init>(116)) - Entering startup safe mode.
2019-10-10 00:01:42,613 [main] INFO  algorithms.ContainerPlacementPolicyFactory (ContainerPlacementPolicyFactory.java:getPolicy(57)) - Create container placement policy of type org.apache.hadoop.hdds.scm.container.placement.algorithms.SCMContainerPlacementRandom
2019-10-10 00:01:42,614 [main] WARN  server.ServerUtils (ServerUtils.java:getScmDbDir(145)) - ozone.scm.db.dirs is not configured. We recommend adding this setting. Falling back to ozone.metadata.dirs instead.
2019-10-10 00:01:42,694 [main] INFO  pipeline.SCMPipelineManager (SCMPipelineManager.java:initializePipelineState(132)) - No pipeline exists in current db
2019-10-10 00:01:42,694 [main] WARN  server.ServerUtils (ServerUtils.java:getScmDbDir(145)) - ozone.scm.db.dirs is not configured. We recommend adding this setting. Falling back to ozone.metadata.dirs instead.
2019-10-10 00:01:42,774 [main] WARN  events.EventQueue (EventQueue.java:fireEvent(183)) - No event handler registered for event TypedEvent{payloadType=SafeModeStatus, name='SafeModeStatus'}
2019-10-10 00:01:42,774 [main] INFO  ipc.CallQueueManager (CallQueueManager.java:<init>(84)) - Using callQueue: class java.util.concurrent.LinkedBlockingQueue, queueCapacity: 2000, scheduler: class org.apache.hadoop.ipc.DefaultRpcScheduler, ipcBackoff: false.
2019-10-10 00:01:42,775 [Socket Reader #1 for port 40984] INFO  ipc.Server (Server.java:run(1074)) - Starting Socket Reader #1 for port 40984
2019-10-10 00:01:42,778 [main] INFO  ipc.CallQueueManager (CallQueueManager.java:<init>(84)) - Using callQueue: class java.util.concurrent.LinkedBlockingQueue, queueCapacity: 2000, scheduler: class org.apache.hadoop.ipc.DefaultRpcScheduler, ipcBackoff: false.
2019-10-10 00:01:42,778 [Socket Reader #1 for port 41955] INFO  ipc.Server (Server.java:run(1074)) - Starting Socket Reader #1 for port 41955
2019-10-10 00:01:42,780 [main] INFO  ipc.CallQueueManager (CallQueueManager.java:<init>(84)) - Using callQueue: class java.util.concurrent.LinkedBlockingQueue, queueCapacity: 2000, scheduler: class org.apache.hadoop.ipc.DefaultRpcScheduler, ipcBackoff: false.
2019-10-10 00:01:42,781 [Socket Reader #1 for port 39881] INFO  ipc.Server (Server.java:run(1074)) - Starting Socket Reader #1 for port 39881
2019-10-10 00:01:42,783 [main] INFO  hdfs.DFSUtil (DFSUtil.java:httpServerTemplateForNNAndJN(1641)) - Starting Web-server for scm at: http://0.0.0.0:0
2019-10-10 00:01:42,785 [main] INFO  server.AuthenticationFilter (AuthenticationFilter.java:constructSecretProvider(240)) - Unable to initialize FileSignerSecretProvider, falling back to use random secrets.
2019-10-10 00:01:42,785 [main] WARN  http.HttpRequestLog (HttpRequestLog.java:getRequestLog(97)) - Jetty request log can only be enabled using Log4j
2019-10-10 00:01:42,787 [main] INFO  http.HttpServer2 (HttpServer2.java:addGlobalFilter(975)) - Added global filter 'safety' (class=org.apache.hadoop.http.HttpServer2$QuotingInputFilter)
2019-10-10 00:01:42,787 [main] INFO  http.HttpServer2 (HttpServer2.java:addFilter(948)) - Added filter static_user_filter (class=org.apache.hadoop.http.lib.StaticUserWebFilter$StaticUserFilter) to context scm
2019-10-10 00:01:42,787 [main] INFO  http.HttpServer2 (HttpServer2.java:addFilter(958)) - Added filter static_user_filter (class=org.apache.hadoop.http.lib.StaticUserWebFilter$StaticUserFilter) to context logs
2019-10-10 00:01:42,788 [main] INFO  http.HttpServer2 (HttpServer2.java:addFilter(958)) - Added filter static_user_filter (class=org.apache.hadoop.http.lib.StaticUserWebFilter$StaticUserFilter) to context static
2019-10-10 00:01:42,789 [main] INFO  server.StorageContainerManager (StorageContainerManager.java:start(772)) - StorageContainerLocationProtocol RPC server is listening at /0.0.0.0:39881
2019-10-10 00:01:42,791 [main] WARN  impl.MetricsConfig (MetricsConfig.java:loadFirst(134)) - Cannot locate configuration: tried hadoop-metrics2-storagecontainermanager.properties,hadoop-metrics2.properties
2019-10-10 00:01:42,792 [main] INFO  impl.MetricsSystemImpl (MetricsSystemImpl.java:startTimer(374)) - Scheduled Metric snapshot period at 10 second(s).
2019-10-10 00:01:42,792 [main] INFO  impl.MetricsSystemImpl (MetricsSystemImpl.java:start(191)) - StorageContainerManager metrics system started
2019-10-10 00:01:43,260 [main] WARN  impl.MetricsSystemImpl (MetricsSystemImpl.java:register(276)) - Sink prometheus already exists!
2019-10-10 00:01:43,334 [main] INFO  server.SCMClientProtocolServer (SCMClientProtocolServer.java:start(159)) - RPC server for Client  is listening at /0.0.0.0:39881
2019-10-10 00:01:43,334 [IPC Server Responder] INFO  ipc.Server (Server.java:run(1314)) - IPC Server Responder: starting
2019-10-10 00:01:43,334 [IPC Server listener on 39881] INFO  ipc.Server (Server.java:run(1153)) - IPC Server listener on 39881: starting
2019-10-10 00:01:43,339 [main] INFO  server.StorageContainerManager (StorageContainerManager.java:start(782)) - ScmBlockLocationProtocol RPC server is listening at /0.0.0.0:41955
2019-10-10 00:01:43,339 [main] INFO  server.SCMBlockProtocolServer (SCMBlockProtocolServer.java:start(146)) - RPC server for Block Protocol is listening at /0.0.0.0:41955
2019-10-10 00:01:43,339 [IPC Server Responder] INFO  ipc.Server (Server.java:run(1314)) - IPC Server Responder: starting
2019-10-10 00:01:43,340 [IPC Server listener on 41955] INFO  ipc.Server (Server.java:run(1153)) - IPC Server listener on 41955: starting
2019-10-10 00:01:43,343 [main] INFO  server.StorageContainerManager (StorageContainerManager.java:start(786)) - ScmDatanodeProtocl RPC server is listening at /0.0.0.0:40984
2019-10-10 00:01:43,343 [main] INFO  server.SCMDatanodeProtocolServer (SCMDatanodeProtocolServer.java:start(169)) - RPC server for DataNodes is listening at /0.0.0.0:40984
2019-10-10 00:01:43,343 [IPC Server Responder] INFO  ipc.Server (Server.java:run(1314)) - IPC Server Responder: starting
2019-10-10 00:01:43,343 [IPC Server listener on 40984] INFO  ipc.Server (Server.java:run(1153)) - IPC Server listener on 40984: starting
2019-10-10 00:01:43,347 [main] INFO  http.HttpServer2 (HttpServer2.java:bindListener(1191)) - Jetty bound to port 39140
2019-10-10 00:01:43,347 [main] INFO  server.Server (Server.java:doStart(351)) - jetty-9.3.25.v20180904, build timestamp: 2018-09-04T21:11:46Z, git hash: 3ce520221d0240229c862b122d2b06c12a625732
2019-10-10 00:01:43,348 [main] INFO  handler.ContextHandler (ContextHandler.java:doStart(781)) - Started o.e.j.s.ServletContextHandler@6ce15112{/logs,file:///workdir/hadoop-ozone/integration-test/target/log,AVAILABLE}
2019-10-10 00:01:43,349 [main] INFO  handler.ContextHandler (ContextHandler.java:doStart(781)) - Started o.e.j.s.ServletContextHandler@2ba024cb{/static,file:///workdir/hadoop-ozone/integration-test/target/test-classes/webapps/static,AVAILABLE}
2019-10-10 00:01:43,352 [main] INFO  handler.ContextHandler (ContextHandler.java:doStart(781)) - Started o.e.j.w.WebAppContext@41bb1f09{/,file:///workdir/hadoop-ozone/integration-test/target/test-classes/webapps/scm/,AVAILABLE}{/scm}
2019-10-10 00:01:43,352 [main] INFO  server.AbstractConnector (AbstractConnector.java:doStart(278)) - Started ServerConnector@349f0ca4{HTTP/1.1,[http/1.1]}{0.0.0.0:39140}
2019-10-10 00:01:43,353 [main] INFO  server.Server (Server.java:doStart(419)) - Started @657571ms
2019-10-10 00:01:43,353 [main] WARN  impl.MetricsSystemImpl (MetricsSystemImpl.java:register(276)) - Sink prometheus already exists!
2019-10-10 00:01:43,354 [main] INFO  server.BaseHttpServer (BaseHttpServer.java:updateConnectorAddress(215)) - HTTP server of SCM is listening at http://0.0.0.0:39140
2019-10-10 00:01:43,356 [main] WARN  server.ServerUtils (ServerUtils.java:getDBPath(222)) - ozone.om.db.dirs is not configured. We recommend adding this setting. Falling back to ozone.metadata.dirs instead.
2019-10-10 00:01:43,356 [org.apache.hadoop.util.JvmPauseMonitor$Monitor@b3fc6d8] INFO  util.JvmPauseMonitor (JvmPauseMonitor.java:run(188)) - Starting JVM pause monitor
2019-10-10 00:01:43,366 [main] INFO  ha.OMHANodeDetails (OMHANodeDetails.java:loadOMHAConfig(190)) - Configuration either no ozone.om.address set. Falling back to the default OM address /127.0.0.1:0
2019-10-10 00:01:43,366 [main] INFO  ha.OMHANodeDetails (OMHANodeDetails.java:getOMNodeDetails(220)) - OM Service ID is not set. Setting it to the default ID: omServiceIdDefault
2019-10-10 00:01:43,367 [main] WARN  server.ServerUtils (ServerUtils.java:getDBPath(222)) - ozone.om.db.dirs is not configured. We recommend adding this setting. Falling back to ozone.metadata.dirs instead.
2019-10-10 00:01:43,367 [main] WARN  server.ServerUtils (ServerUtils.java:getDBPath(222)) - ozone.om.db.dirs is not configured. We recommend adding this setting. Falling back to ozone.metadata.dirs instead.
2019-10-10 00:01:43,372 [main] WARN  server.ServerUtils (ServerUtils.java:getDBPath(222)) - ozone.om.db.dirs is not configured. We recommend adding this setting. Falling back to ozone.metadata.dirs instead.
2019-10-10 00:01:43,373 [main] INFO  db.DBStoreBuilder (DBStoreBuilder.java:addTable(117)) - using custom profile for table: userTable
2019-10-10 00:01:43,373 [main] INFO  db.DBStoreBuilder (DBStoreBuilder.java:processTables(168)) - Using default column profile:DBProfile.DISK for Table:userTable
2019-10-10 00:01:43,373 [main] INFO  db.DBStoreBuilder (DBStoreBuilder.java:addTable(117)) - using custom profile for table: volumeTable
2019-10-10 00:01:43,373 [main] INFO  db.DBStoreBuilder (DBStoreBuilder.java:processTables(168)) - Using default column profile:DBProfile.DISK for Table:volumeTable
2019-10-10 00:01:43,373 [main] INFO  db.DBStoreBuilder (DBStoreBuilder.java:addTable(117)) - using custom profile for table: bucketTable
2019-10-10 00:01:43,373 [main] INFO  db.DBStoreBuilder (DBStoreBuilder.java:processTables(168)) - Using default column profile:DBProfile.DISK for Table:bucketTable
2019-10-10 00:01:43,373 [main] INFO  db.DBStoreBuilder (DBStoreBuilder.java:addTable(117)) - using custom profile for table: keyTable
2019-10-10 00:01:43,374 [main] INFO  db.DBStoreBuilder (DBStoreBuilder.java:processTables(168)) - Using default column profile:DBProfile.DISK for Table:keyTable
2019-10-10 00:01:43,374 [main] INFO  db.DBStoreBuilder (DBStoreBuilder.java:addTable(117)) - using custom profile for table: deletedTable
2019-10-10 00:01:43,374 [main] INFO  db.DBStoreBuilder (DBStoreBuilder.java:processTables(168)) - Using default column profile:DBProfile.DISK for Table:deletedTable
2019-10-10 00:01:43,374 [main] INFO  db.DBStoreBuilder (DBStoreBuilder.java:addTable(117)) - using custom profile for table: openKeyTable
2019-10-10 00:01:43,374 [main] INFO  db.DBStoreBuilder (DBStoreBuilder.java:processTables(168)) - Using default column profile:DBProfile.DISK for Table:openKeyTable
2019-10-10 00:01:43,374 [main] INFO  db.DBStoreBuilder (DBStoreBuilder.java:addTable(117)) - using custom profile for table: s3Table
2019-10-10 00:01:43,374 [main] INFO  db.DBStoreBuilder (DBStoreBuilder.java:processTables(168)) - Using default column profile:DBProfile.DISK for Table:s3Table
2019-10-10 00:01:43,375 [main] INFO  db.DBStoreBuilder (DBStoreBuilder.java:addTable(117)) - using custom profile for table: multipartInfoTable
2019-10-10 00:01:43,375 [main] INFO  db.DBStoreBuilder (DBStoreBuilder.java:processTables(168)) - Using default column profile:DBProfile.DISK for Table:multipartInfoTable
2019-10-10 00:01:43,375 [main] INFO  db.DBStoreBuilder (DBStoreBuilder.java:addTable(117)) - using custom profile for table: dTokenTable
2019-10-10 00:01:43,375 [main] INFO  db.DBStoreBuilder (DBStoreBuilder.java:processTables(168)) - Using default column profile:DBProfile.DISK for Table:dTokenTable
2019-10-10 00:01:43,375 [main] INFO  db.DBStoreBuilder (DBStoreBuilder.java:addTable(117)) - using custom profile for table: s3SecretTable
2019-10-10 00:01:43,375 [main] INFO  db.DBStoreBuilder (DBStoreBuilder.java:processTables(168)) - Using default column profile:DBProfile.DISK for Table:s3SecretTable
2019-10-10 00:01:43,375 [main] INFO  db.DBStoreBuilder (DBStoreBuilder.java:addTable(117)) - using custom profile for table: prefixTable
2019-10-10 00:01:43,376 [main] INFO  db.DBStoreBuilder (DBStoreBuilder.java:processTables(168)) - Using default column profile:DBProfile.DISK for Table:prefixTable
2019-10-10 00:01:43,376 [main] INFO  db.DBStoreBuilder (DBStoreBuilder.java:addTable(117)) - using custom profile for table: default
2019-10-10 00:01:43,376 [main] INFO  db.DBStoreBuilder (DBStoreBuilder.java:processTables(174)) - Using default column profile:DBProfile.DISK for Table:default
2019-10-10 00:01:43,376 [main] INFO  db.DBStoreBuilder (DBStoreBuilder.java:getDbProfile(205)) - Using default options. DBProfile.DISK
2019-10-10 00:01:43,953 [main] INFO  ipc.CallQueueManager (CallQueueManager.java:<init>(84)) - Using callQueue: class java.util.concurrent.LinkedBlockingQueue, queueCapacity: 2000, scheduler: class org.apache.hadoop.ipc.DefaultRpcScheduler, ipcBackoff: false.
2019-10-10 00:01:43,953 [Socket Reader #1 for port 33559] INFO  ipc.Server (Server.java:run(1074)) - Starting Socket Reader #1 for port 33559
2019-10-10 00:01:43,965 [main] INFO  om.OzoneManager (OzoneManager.java:start(1071)) - OzoneManager RPC server is listening at localhost/127.0.0.1:33559
2019-10-10 00:01:43,966 [main] INFO  impl.MetricsSystemImpl (MetricsSystemImpl.java:init(158)) - OzoneManager metrics system started (again)
2019-10-10 00:01:43,966 [IPC Server Responder] INFO  ipc.Server (Server.java:run(1314)) - IPC Server Responder: starting
2019-10-10 00:01:43,968 [IPC Server listener on 33559] INFO  ipc.Server (Server.java:run(1153)) - IPC Server listener on 33559: starting
2019-10-10 00:01:43,972 [main] INFO  hdfs.DFSUtil (DFSUtil.java:httpServerTemplateForNNAndJN(1641)) - Starting Web-server for ozoneManager at: http://0.0.0.0:0
2019-10-10 00:01:43,973 [main] INFO  server.AuthenticationFilter (AuthenticationFilter.java:constructSecretProvider(240)) - Unable to initialize FileSignerSecretProvider, falling back to use random secrets.
2019-10-10 00:01:43,974 [main] WARN  http.HttpRequestLog (HttpRequestLog.java:getRequestLog(97)) - Jetty request log can only be enabled using Log4j
2019-10-10 00:01:43,975 [main] INFO  http.HttpServer2 (HttpServer2.java:addGlobalFilter(975)) - Added global filter 'safety' (class=org.apache.hadoop.http.HttpServer2$QuotingInputFilter)
2019-10-10 00:01:43,975 [main] INFO  http.HttpServer2 (HttpServer2.java:addFilter(948)) - Added filter static_user_filter (class=org.apache.hadoop.http.lib.StaticUserWebFilter$StaticUserFilter) to context ozoneManager
2019-10-10 00:01:43,975 [main] INFO  http.HttpServer2 (HttpServer2.java:addFilter(958)) - Added filter static_user_filter (class=org.apache.hadoop.http.lib.StaticUserWebFilter$StaticUserFilter) to context logs
2019-10-10 00:01:43,976 [main] INFO  http.HttpServer2 (HttpServer2.java:addFilter(958)) - Added filter static_user_filter (class=org.apache.hadoop.http.lib.StaticUserWebFilter$StaticUserFilter) to context static
2019-10-10 00:01:43,976 [main] INFO  http.HttpServer2 (HttpServer2.java:bindListener(1191)) - Jetty bound to port 40127
2019-10-10 00:01:43,976 [main] INFO  server.Server (Server.java:doStart(351)) - jetty-9.3.25.v20180904, build timestamp: 2018-09-04T21:11:46Z, git hash: 3ce520221d0240229c862b122d2b06c12a625732
2019-10-10 00:01:43,977 [main] INFO  handler.ContextHandler (ContextHandler.java:doStart(781)) - Started o.e.j.s.ServletContextHandler@47f2c722{/logs,file:///workdir/hadoop-ozone/integration-test/target/log,AVAILABLE}
2019-10-10 00:01:43,978 [main] INFO  handler.ContextHandler (ContextHandler.java:doStart(781)) - Started o.e.j.s.ServletContextHandler@4536a715{/static,file:///workdir/hadoop-ozone/integration-test/target/test-classes/webapps/static,AVAILABLE}
2019-10-10 00:01:43,981 [main] INFO  handler.ContextHandler (ContextHandler.java:doStart(781)) - Started o.e.j.w.WebAppContext@106cd9c8{/,file:///workdir/hadoop-ozone/integration-test/target/test-classes/webapps/ozoneManager/,AVAILABLE}{/ozoneManager}
2019-10-10 00:01:43,981 [main] INFO  server.AbstractConnector (AbstractConnector.java:doStart(278)) - Started ServerConnector@1552da16{HTTP/1.1,[http/1.1]}{0.0.0.0:40127}
2019-10-10 00:01:43,983 [main] INFO  server.Server (Server.java:doStart(419)) - Started @658200ms
2019-10-10 00:01:43,983 [main] WARN  impl.MetricsSystemImpl (MetricsSystemImpl.java:register(276)) - Sink prometheus already exists!
2019-10-10 00:01:43,983 [main] INFO  server.BaseHttpServer (BaseHttpServer.java:updateConnectorAddress(215)) - HTTP server of OZONEMANAGER is listening at http://0.0.0.0:40127
2019-10-10 00:01:43,999 [main] INFO  impl.MetricsSystemImpl (MetricsSystemImpl.java:init(158)) - HddsDatanode metrics system started (again)
2019-10-10 00:01:44,005 [main] INFO  ozone.HddsDatanodeService (HddsDatanodeService.java:start(184)) - HddsDatanodeService host:pr-hdds-2266-b8s26-4239225152 ip:192.168.157.245
2019-10-10 00:01:44,012 [main] INFO  volume.HddsVolume (HddsVolume.java:<init>(176)) - Creating Volume: /workdir/hadoop-ozone/integration-test/target/test-dir/MiniOzoneClusterImpl-108913ae-be94-45ca-ae83-5210113f037a/datanode-0/data/containers/hdds of  storage type : DISK and capacity : 1482555576320
2019-10-10 00:01:44,012 [main] INFO  volume.VolumeSet (VolumeSet.java:initializeVolumeSet(170)) - Added Volume : /workdir/hadoop-ozone/integration-test/target/test-dir/MiniOzoneClusterImpl-108913ae-be94-45ca-ae83-5210113f037a/datanode-0/data/containers/hdds to VolumeSet
2019-10-10 00:01:44,012 [main] INFO  volume.ThrottledAsyncChecker (ThrottledAsyncChecker.java:schedule(141)) - Scheduling a check for org.apache.hadoop.ozone.container.common.volume.HddsVolume@5e0f2c82
2019-10-10 00:01:44,013 [main] INFO  volume.HddsVolumeChecker (HddsVolumeChecker.java:checkAllVolumes(204)) - Scheduled health check for volume org.apache.hadoop.ozone.container.common.volume.HddsVolume@5e0f2c82
2019-10-10 00:01:44,028 [main] INFO  impl.RaftServerProxy (ConfUtils.java:logGet(43)) - raft.rpc.type = GRPC (default)
2019-10-10 00:01:44,029 [main] INFO  grpc.GrpcFactory (GrpcFactory.java:checkPooledByteBufAllocatorUseCacheForAllThreads(45)) - PERFORMANCE WARNING: useCacheForAllThreads is true that may cause Netty to create a lot garbage objects and, as a result, trigger GC.
	It is recommended to disable useCacheForAllThreads by setting -Dorg.apache.ratis.thirdparty.io.netty.allocator.useCacheForAllThreads=false in command line.
2019-10-10 00:01:44,029 [main] INFO  grpc.GrpcConfigKeys$Server (ConfUtils.java:logGet(43)) - raft.grpc.server.port = 0 (default)
2019-10-10 00:01:44,029 [main] INFO  server.GrpcService (ConfUtils.java:logGet(43)) - raft.grpc.message.size.max = 33570816 (custom)
2019-10-10 00:01:44,030 [main] INFO  server.RaftServerConfigKeys (ConfUtils.java:logGet(43)) - raft.server.log.appender.buffer.byte-limit = 33554432 (custom)
2019-10-10 00:01:44,030 [main] INFO  server.GrpcService (ConfUtils.java:logGet(43)) - raft.grpc.flow.control.window = 1MB (=1048576) (default)
2019-10-10 00:01:44,030 [main] INFO  server.RaftServerConfigKeys (ConfUtils.java:logGet(43)) - raft.server.rpc.request.timeout = 3000ms (default)
2019-10-10 00:01:44,031 [main] INFO  server.RaftServerConfigKeys (ConfUtils.java:logGet(43)) - raft.server.storage.dir = [/workdir/hadoop-ozone/integration-test/target/test-dir/MiniOzoneClusterImpl-108913ae-be94-45ca-ae83-5210113f037a/datanode-0/data/ratis] (custom)
2019-10-10 00:01:44,032 [main] INFO  hdfs.DFSUtil (DFSUtil.java:httpServerTemplateForNNAndJN(1641)) - Starting Web-server for hddsDatanode at: http://0.0.0.0:0
2019-10-10 00:01:44,034 [main] INFO  server.AuthenticationFilter (AuthenticationFilter.java:constructSecretProvider(240)) - Unable to initialize FileSignerSecretProvider, falling back to use random secrets.
2019-10-10 00:01:44,034 [main] WARN  http.HttpRequestLog (HttpRequestLog.java:getRequestLog(97)) - Jetty request log can only be enabled using Log4j
2019-10-10 00:01:44,035 [main] INFO  http.HttpServer2 (HttpServer2.java:addGlobalFilter(975)) - Added global filter 'safety' (class=org.apache.hadoop.http.HttpServer2$QuotingInputFilter)
2019-10-10 00:01:44,036 [main] INFO  http.HttpServer2 (HttpServer2.java:addFilter(948)) - Added filter static_user_filter (class=org.apache.hadoop.http.lib.StaticUserWebFilter$StaticUserFilter) to context hddsDatanode
2019-10-10 00:01:44,036 [main] INFO  http.HttpServer2 (HttpServer2.java:addFilter(958)) - Added filter static_user_filter (class=org.apache.hadoop.http.lib.StaticUserWebFilter$StaticUserFilter) to context logs
2019-10-10 00:01:44,036 [main] INFO  http.HttpServer2 (HttpServer2.java:addFilter(958)) - Added filter static_user_filter (class=org.apache.hadoop.http.lib.StaticUserWebFilter$StaticUserFilter) to context static
2019-10-10 00:01:44,037 [main] INFO  http.HttpServer2 (HttpServer2.java:bindListener(1191)) - Jetty bound to port 39117
2019-10-10 00:01:44,037 [main] INFO  server.Server (Server.java:doStart(351)) - jetty-9.3.25.v20180904, build timestamp: 2018-09-04T21:11:46Z, git hash: 3ce520221d0240229c862b122d2b06c12a625732
2019-10-10 00:01:44,038 [main] INFO  handler.ContextHandler (ContextHandler.java:doStart(781)) - Started o.e.j.s.ServletContextHandler@76596288{/logs,file:///workdir/hadoop-ozone/integration-test/target/log,AVAILABLE}
2019-10-10 00:01:44,039 [main] INFO  handler.ContextHandler (ContextHandler.java:doStart(781)) - Started o.e.j.s.ServletContextHandler@51af8049{/static,jar:file:/home/user/.m2/repository/org/apache/hadoop/hadoop-hdds-container-service/0.5.0-SNAPSHOT/hadoop-hdds-container-service-0.5.0-SNAPSHOT.jar!/webapps/static,AVAILABLE}
2019-10-10 00:01:44,075 [main] INFO  handler.ContextHandler (ContextHandler.java:doStart(781)) - Started o.e.j.w.WebAppContext@677cc4e8{/,file:///tmp/jetty-0.0.0.0-39117-hddsDatanode-_-any-4832402968186598014.dir/webapp/,AVAILABLE}{/hddsDatanode}
2019-10-10 00:01:44,076 [main] INFO  server.AbstractConnector (AbstractConnector.java:doStart(278)) - Started ServerConnector@4c6bba7d{HTTP/1.1,[http/1.1]}{0.0.0.0:39117}
2019-10-10 00:01:44,078 [main] INFO  server.Server (Server.java:doStart(419)) - Started @658296ms
2019-10-10 00:01:44,078 [main] WARN  impl.MetricsSystemImpl (MetricsSystemImpl.java:register(276)) - Sink prometheus already exists!
2019-10-10 00:01:44,079 [main] INFO  server.BaseHttpServer (BaseHttpServer.java:updateConnectorAddress(215)) - HTTP server of HDDSDATANODE is listening at http://0.0.0.0:39117
2019-10-10 00:01:44,079 [main] INFO  impl.MetricsSystemImpl (MetricsSystemImpl.java:init(158)) - HddsDatanode metrics system started (again)
2019-10-10 00:01:44,085 [org.apache.hadoop.util.JvmPauseMonitor$Monitor@2eb9b2f] INFO  util.JvmPauseMonitor (JvmPauseMonitor.java:run(188)) - Starting JVM pause monitor
2019-10-10 00:01:44,085 [main] INFO  ozone.HddsDatanodeService (HddsDatanodeService.java:start(184)) - HddsDatanodeService host:pr-hdds-2266-b8s26-4239225152 ip:192.168.157.245
2019-10-10 00:01:44,086 [Datanode State Machine Thread - 0] INFO  datanode.InitDatanodeState (InitDatanodeState.java:persistContainerDatanodeDetails(140)) - DatanodeDetails is persisted to /workdir/hadoop-ozone/integration-test/target/test-dir/MiniOzoneClusterImpl-108913ae-be94-45ca-ae83-5210113f037a/datanode-0/meta/datanode.id
2019-10-10 00:01:44,095 [main] INFO  volume.HddsVolume (HddsVolume.java:<init>(176)) - Creating Volume: /workdir/hadoop-ozone/integration-test/target/test-dir/MiniOzoneClusterImpl-108913ae-be94-45ca-ae83-5210113f037a/datanode-1/data/containers/hdds of  storage type : DISK and capacity : 1482555576320
2019-10-10 00:01:44,096 [main] INFO  volume.VolumeSet (VolumeSet.java:initializeVolumeSet(170)) - Added Volume : /workdir/hadoop-ozone/integration-test/target/test-dir/MiniOzoneClusterImpl-108913ae-be94-45ca-ae83-5210113f037a/datanode-1/data/containers/hdds to VolumeSet
2019-10-10 00:01:44,105 [main] INFO  volume.ThrottledAsyncChecker (ThrottledAsyncChecker.java:schedule(141)) - Scheduling a check for org.apache.hadoop.ozone.container.common.volume.HddsVolume@68e24e7
2019-10-10 00:01:44,106 [main] INFO  volume.HddsVolumeChecker (HddsVolumeChecker.java:checkAllVolumes(204)) - Scheduled health check for volume org.apache.hadoop.ozone.container.common.volume.HddsVolume@68e24e7
2019-10-10 00:01:44,123 [main] INFO  impl.RaftServerProxy (ConfUtils.java:logGet(43)) - raft.rpc.type = GRPC (default)
2019-10-10 00:01:44,123 [main] INFO  grpc.GrpcFactory (GrpcFactory.java:checkPooledByteBufAllocatorUseCacheForAllThreads(45)) - PERFORMANCE WARNING: useCacheForAllThreads is true that may cause Netty to create a lot garbage objects and, as a result, trigger GC.
	It is recommended to disable useCacheForAllThreads by setting -Dorg.apache.ratis.thirdparty.io.netty.allocator.useCacheForAllThreads=false in command line.
2019-10-10 00:01:44,123 [main] INFO  grpc.GrpcConfigKeys$Server (ConfUtils.java:logGet(43)) - raft.grpc.server.port = 0 (default)
2019-10-10 00:01:44,124 [main] INFO  server.GrpcService (ConfUtils.java:logGet(43)) - raft.grpc.message.size.max = 33570816 (custom)
2019-10-10 00:01:44,124 [main] INFO  server.RaftServerConfigKeys (ConfUtils.java:logGet(43)) - raft.server.log.appender.buffer.byte-limit = 33554432 (custom)
2019-10-10 00:01:44,124 [main] INFO  server.GrpcService (ConfUtils.java:logGet(43)) - raft.grpc.flow.control.window = 1MB (=1048576) (default)
2019-10-10 00:01:44,124 [main] INFO  server.RaftServerConfigKeys (ConfUtils.java:logGet(43)) - raft.server.rpc.request.timeout = 3000ms (default)
2019-10-10 00:01:44,125 [main] INFO  server.RaftServerConfigKeys (ConfUtils.java:logGet(43)) - raft.server.storage.dir = [/workdir/hadoop-ozone/integration-test/target/test-dir/MiniOzoneClusterImpl-108913ae-be94-45ca-ae83-5210113f037a/datanode-1/data/ratis] (custom)
2019-10-10 00:01:44,126 [main] INFO  hdfs.DFSUtil (DFSUtil.java:httpServerTemplateForNNAndJN(1641)) - Starting Web-server for hddsDatanode at: http://0.0.0.0:0
2019-10-10 00:01:44,128 [main] INFO  server.AuthenticationFilter (AuthenticationFilter.java:constructSecretProvider(240)) - Unable to initialize FileSignerSecretProvider, falling back to use random secrets.
2019-10-10 00:01:44,128 [main] WARN  http.HttpRequestLog (HttpRequestLog.java:getRequestLog(97)) - Jetty request log can only be enabled using Log4j
2019-10-10 00:01:44,129 [main] INFO  http.HttpServer2 (HttpServer2.java:addGlobalFilter(975)) - Added global filter 'safety' (class=org.apache.hadoop.http.HttpServer2$QuotingInputFilter)
2019-10-10 00:01:44,130 [main] INFO  http.HttpServer2 (HttpServer2.java:addFilter(948)) - Added filter static_user_filter (class=org.apache.hadoop.http.lib.StaticUserWebFilter$StaticUserFilter) to context hddsDatanode
2019-10-10 00:01:44,130 [main] INFO  http.HttpServer2 (HttpServer2.java:addFilter(958)) - Added filter static_user_filter (class=org.apache.hadoop.http.lib.StaticUserWebFilter$StaticUserFilter) to context static
2019-10-10 00:01:44,130 [main] INFO  http.HttpServer2 (HttpServer2.java:addFilter(958)) - Added filter static_user_filter (class=org.apache.hadoop.http.lib.StaticUserWebFilter$StaticUserFilter) to context logs
2019-10-10 00:01:44,131 [main] INFO  http.HttpServer2 (HttpServer2.java:bindListener(1191)) - Jetty bound to port 38748
2019-10-10 00:01:44,131 [main] INFO  server.Server (Server.java:doStart(351)) - jetty-9.3.25.v20180904, build timestamp: 2018-09-04T21:11:46Z, git hash: 3ce520221d0240229c862b122d2b06c12a625732
2019-10-10 00:01:44,132 [main] INFO  handler.ContextHandler (ContextHandler.java:doStart(781)) - Started o.e.j.s.ServletContextHandler@1c72189f{/logs,file:///workdir/hadoop-ozone/integration-test/target/log,AVAILABLE}
2019-10-10 00:01:44,133 [main] INFO  handler.ContextHandler (ContextHandler.java:doStart(781)) - Started o.e.j.s.ServletContextHandler@58882a93{/static,jar:file:/home/user/.m2/repository/org/apache/hadoop/hadoop-hdds-container-service/0.5.0-SNAPSHOT/hadoop-hdds-container-service-0.5.0-SNAPSHOT.jar!/webapps/static,AVAILABLE}
2019-10-10 00:01:44,170 [main] INFO  handler.ContextHandler (ContextHandler.java:doStart(781)) - Started o.e.j.w.WebAppContext@2b7774d5{/,file:///tmp/jetty-0.0.0.0-38748-hddsDatanode-_-any-2377977890282970883.dir/webapp/,AVAILABLE}{/hddsDatanode}
2019-10-10 00:01:44,170 [main] INFO  server.AbstractConnector (AbstractConnector.java:doStart(278)) - Started ServerConnector@7d284f15{HTTP/1.1,[http/1.1]}{0.0.0.0:38748}
2019-10-10 00:01:44,172 [main] INFO  server.Server (Server.java:doStart(419)) - Started @658390ms
2019-10-10 00:01:44,172 [main] WARN  impl.MetricsSystemImpl (MetricsSystemImpl.java:register(276)) - Sink prometheus already exists!
2019-10-10 00:01:44,173 [main] INFO  server.BaseHttpServer (BaseHttpServer.java:updateConnectorAddress(215)) - HTTP server of HDDSDATANODE is listening at http://0.0.0.0:38748
2019-10-10 00:01:44,173 [main] INFO  impl.MetricsSystemImpl (MetricsSystemImpl.java:init(158)) - HddsDatanode metrics system started (again)
2019-10-10 00:01:44,179 [org.apache.hadoop.util.JvmPauseMonitor$Monitor@46dea8fc] INFO  util.JvmPauseMonitor (JvmPauseMonitor.java:run(188)) - Starting JVM pause monitor
2019-10-10 00:01:44,180 [main] INFO  ozone.HddsDatanodeService (HddsDatanodeService.java:start(184)) - HddsDatanodeService host:pr-hdds-2266-b8s26-4239225152 ip:192.168.157.245
2019-10-10 00:01:44,180 [Datanode State Machine Thread - 0] INFO  datanode.InitDatanodeState (InitDatanodeState.java:persistContainerDatanodeDetails(140)) - DatanodeDetails is persisted to /workdir/hadoop-ozone/integration-test/target/test-dir/MiniOzoneClusterImpl-108913ae-be94-45ca-ae83-5210113f037a/datanode-1/meta/datanode.id
2019-10-10 00:01:44,186 [main] INFO  volume.HddsVolume (HddsVolume.java:<init>(176)) - Creating Volume: /workdir/hadoop-ozone/integration-test/target/test-dir/MiniOzoneClusterImpl-108913ae-be94-45ca-ae83-5210113f037a/datanode-2/data/containers/hdds of  storage type : DISK and capacity : 1482555576320
2019-10-10 00:01:44,186 [main] INFO  volume.VolumeSet (VolumeSet.java:initializeVolumeSet(170)) - Added Volume : /workdir/hadoop-ozone/integration-test/target/test-dir/MiniOzoneClusterImpl-108913ae-be94-45ca-ae83-5210113f037a/datanode-2/data/containers/hdds to VolumeSet
2019-10-10 00:01:44,186 [main] INFO  volume.ThrottledAsyncChecker (ThrottledAsyncChecker.java:schedule(141)) - Scheduling a check for org.apache.hadoop.ozone.container.common.volume.HddsVolume@6e9a10cd
2019-10-10 00:01:44,187 [main] INFO  volume.HddsVolumeChecker (HddsVolumeChecker.java:checkAllVolumes(204)) - Scheduled health check for volume org.apache.hadoop.ozone.container.common.volume.HddsVolume@6e9a10cd
2019-10-10 00:01:44,202 [main] INFO  impl.RaftServerProxy (ConfUtils.java:logGet(43)) - raft.rpc.type = GRPC (default)
2019-10-10 00:01:44,202 [main] INFO  grpc.GrpcFactory (GrpcFactory.java:checkPooledByteBufAllocatorUseCacheForAllThreads(45)) - PERFORMANCE WARNING: useCacheForAllThreads is true that may cause Netty to create a lot garbage objects and, as a result, trigger GC.
	It is recommended to disable useCacheForAllThreads by setting -Dorg.apache.ratis.thirdparty.io.netty.allocator.useCacheForAllThreads=false in command line.
2019-10-10 00:01:44,203 [main] INFO  grpc.GrpcConfigKeys$Server (ConfUtils.java:logGet(43)) - raft.grpc.server.port = 0 (default)
2019-10-10 00:01:44,203 [main] INFO  server.GrpcService (ConfUtils.java:logGet(43)) - raft.grpc.message.size.max = 33570816 (custom)
2019-10-10 00:01:44,203 [main] INFO  server.RaftServerConfigKeys (ConfUtils.java:logGet(43)) - raft.server.log.appender.buffer.byte-limit = 33554432 (custom)
2019-10-10 00:01:44,203 [main] INFO  server.GrpcService (ConfUtils.java:logGet(43)) - raft.grpc.flow.control.window = 1MB (=1048576) (default)
2019-10-10 00:01:44,203 [main] INFO  server.RaftServerConfigKeys (ConfUtils.java:logGet(43)) - raft.server.rpc.request.timeout = 3000ms (default)
2019-10-10 00:01:44,204 [main] INFO  server.RaftServerConfigKeys (ConfUtils.java:logGet(43)) - raft.server.storage.dir = [/workdir/hadoop-ozone/integration-test/target/test-dir/MiniOzoneClusterImpl-108913ae-be94-45ca-ae83-5210113f037a/datanode-2/data/ratis] (custom)
2019-10-10 00:01:44,205 [main] INFO  hdfs.DFSUtil (DFSUtil.java:httpServerTemplateForNNAndJN(1641)) - Starting Web-server for hddsDatanode at: http://0.0.0.0:0
2019-10-10 00:01:44,206 [main] INFO  server.AuthenticationFilter (AuthenticationFilter.java:constructSecretProvider(240)) - Unable to initialize FileSignerSecretProvider, falling back to use random secrets.
2019-10-10 00:01:44,207 [main] WARN  http.HttpRequestLog (HttpRequestLog.java:getRequestLog(97)) - Jetty request log can only be enabled using Log4j
2019-10-10 00:01:44,208 [main] INFO  http.HttpServer2 (HttpServer2.java:addGlobalFilter(975)) - Added global filter 'safety' (class=org.apache.hadoop.http.HttpServer2$QuotingInputFilter)
2019-10-10 00:01:44,208 [main] INFO  http.HttpServer2 (HttpServer2.java:addFilter(948)) - Added filter static_user_filter (class=org.apache.hadoop.http.lib.StaticUserWebFilter$StaticUserFilter) to context hddsDatanode
2019-10-10 00:01:44,208 [main] INFO  http.HttpServer2 (HttpServer2.java:addFilter(958)) - Added filter static_user_filter (class=org.apache.hadoop.http.lib.StaticUserWebFilter$StaticUserFilter) to context static
2019-10-10 00:01:44,208 [main] INFO  http.HttpServer2 (HttpServer2.java:addFilter(958)) - Added filter static_user_filter (class=org.apache.hadoop.http.lib.StaticUserWebFilter$StaticUserFilter) to context logs
2019-10-10 00:01:44,209 [main] INFO  http.HttpServer2 (HttpServer2.java:bindListener(1191)) - Jetty bound to port 46851
2019-10-10 00:01:44,209 [main] INFO  server.Server (Server.java:doStart(351)) - jetty-9.3.25.v20180904, build timestamp: 2018-09-04T21:11:46Z, git hash: 3ce520221d0240229c862b122d2b06c12a625732
2019-10-10 00:01:44,211 [main] INFO  handler.ContextHandler (ContextHandler.java:doStart(781)) - Started o.e.j.s.ServletContextHandler@368424db{/logs,file:///workdir/hadoop-ozone/integration-test/target/log,AVAILABLE}
2019-10-10 00:01:44,211 [main] INFO  handler.ContextHandler (ContextHandler.java:doStart(781)) - Started o.e.j.s.ServletContextHandler@455f4483{/static,jar:file:/home/user/.m2/repository/org/apache/hadoop/hadoop-hdds-container-service/0.5.0-SNAPSHOT/hadoop-hdds-container-service-0.5.0-SNAPSHOT.jar!/webapps/static,AVAILABLE}
2019-10-10 00:01:44,240 [main] INFO  handler.ContextHandler (ContextHandler.java:doStart(781)) - Started o.e.j.w.WebAppContext@49631cfb{/,file:///tmp/jetty-0.0.0.0-46851-hddsDatanode-_-any-4643945242488204218.dir/webapp/,AVAILABLE}{/hddsDatanode}
2019-10-10 00:01:44,241 [main] INFO  server.AbstractConnector (AbstractConnector.java:doStart(278)) - Started ServerConnector@77b71c9{HTTP/1.1,[http/1.1]}{0.0.0.0:46851}
2019-10-10 00:01:44,243 [main] INFO  server.Server (Server.java:doStart(419)) - Started @658460ms
2019-10-10 00:01:44,243 [main] WARN  impl.MetricsSystemImpl (MetricsSystemImpl.java:register(276)) - Sink prometheus already exists!
2019-10-10 00:01:44,244 [main] INFO  server.BaseHttpServer (BaseHttpServer.java:updateConnectorAddress(215)) - HTTP server of HDDSDATANODE is listening at http://0.0.0.0:46851
2019-10-10 00:01:44,244 [main] INFO  impl.MetricsSystemImpl (MetricsSystemImpl.java:init(158)) - HddsDatanode metrics system started (again)
2019-10-10 00:01:44,250 [org.apache.hadoop.util.JvmPauseMonitor$Monitor@16f75654] INFO  util.JvmPauseMonitor (JvmPauseMonitor.java:run(188)) - Starting JVM pause monitor
2019-10-10 00:01:44,251 [main] INFO  ozone.HddsDatanodeService (HddsDatanodeService.java:start(184)) - HddsDatanodeService host:pr-hdds-2266-b8s26-4239225152 ip:192.168.157.245
2019-10-10 00:01:44,251 [Datanode State Machine Thread - 0] INFO  datanode.InitDatanodeState (InitDatanodeState.java:persistContainerDatanodeDetails(140)) - DatanodeDetails is persisted to /workdir/hadoop-ozone/integration-test/target/test-dir/MiniOzoneClusterImpl-108913ae-be94-45ca-ae83-5210113f037a/datanode-2/meta/datanode.id
2019-10-10 00:01:44,259 [main] INFO  volume.HddsVolume (HddsVolume.java:<init>(176)) - Creating Volume: /workdir/hadoop-ozone/integration-test/target/test-dir/MiniOzoneClusterImpl-108913ae-be94-45ca-ae83-5210113f037a/datanode-3/data/containers/hdds of  storage type : DISK and capacity : 1482555576320
2019-10-10 00:01:44,260 [main] INFO  volume.VolumeSet (VolumeSet.java:initializeVolumeSet(170)) - Added Volume : /workdir/hadoop-ozone/integration-test/target/test-dir/MiniOzoneClusterImpl-108913ae-be94-45ca-ae83-5210113f037a/datanode-3/data/containers/hdds to VolumeSet
2019-10-10 00:01:44,260 [main] INFO  volume.ThrottledAsyncChecker (ThrottledAsyncChecker.java:schedule(141)) - Scheduling a check for org.apache.hadoop.ozone.container.common.volume.HddsVolume@6fc1a8f6
2019-10-10 00:01:44,262 [main] INFO  volume.HddsVolumeChecker (HddsVolumeChecker.java:checkAllVolumes(204)) - Scheduled health check for volume org.apache.hadoop.ozone.container.common.volume.HddsVolume@6fc1a8f6
2019-10-10 00:01:44,277 [main] INFO  impl.RaftServerProxy (ConfUtils.java:logGet(43)) - raft.rpc.type = GRPC (default)
2019-10-10 00:01:44,278 [main] INFO  grpc.GrpcFactory (GrpcFactory.java:checkPooledByteBufAllocatorUseCacheForAllThreads(45)) - PERFORMANCE WARNING: useCacheForAllThreads is true that may cause Netty to create a lot garbage objects and, as a result, trigger GC.
	It is recommended to disable useCacheForAllThreads by setting -Dorg.apache.ratis.thirdparty.io.netty.allocator.useCacheForAllThreads=false in command line.
2019-10-10 00:01:44,278 [main] INFO  grpc.GrpcConfigKeys$Server (ConfUtils.java:logGet(43)) - raft.grpc.server.port = 0 (default)
2019-10-10 00:01:44,278 [main] INFO  server.GrpcService (ConfUtils.java:logGet(43)) - raft.grpc.message.size.max = 33570816 (custom)
2019-10-10 00:01:44,278 [main] INFO  server.RaftServerConfigKeys (ConfUtils.java:logGet(43)) - raft.server.log.appender.buffer.byte-limit = 33554432 (custom)
2019-10-10 00:01:44,279 [main] INFO  server.GrpcService (ConfUtils.java:logGet(43)) - raft.grpc.flow.control.window = 1MB (=1048576) (default)
2019-10-10 00:01:44,279 [main] INFO  server.RaftServerConfigKeys (ConfUtils.java:logGet(43)) - raft.server.rpc.request.timeout = 3000ms (default)
2019-10-10 00:01:44,279 [main] INFO  server.RaftServerConfigKeys (ConfUtils.java:logGet(43)) - raft.server.storage.dir = [/workdir/hadoop-ozone/integration-test/target/test-dir/MiniOzoneClusterImpl-108913ae-be94-45ca-ae83-5210113f037a/datanode-3/data/ratis] (custom)
2019-10-10 00:01:44,281 [main] INFO  hdfs.DFSUtil (DFSUtil.java:httpServerTemplateForNNAndJN(1641)) - Starting Web-server for hddsDatanode at: http://0.0.0.0:0
2019-10-10 00:01:44,282 [main] INFO  server.AuthenticationFilter (AuthenticationFilter.java:constructSecretProvider(240)) - Unable to initialize FileSignerSecretProvider, falling back to use random secrets.
2019-10-10 00:01:44,283 [main] WARN  http.HttpRequestLog (HttpRequestLog.java:getRequestLog(97)) - Jetty request log can only be enabled using Log4j
2019-10-10 00:01:44,284 [main] INFO  http.HttpServer2 (HttpServer2.java:addGlobalFilter(975)) - Added global filter 'safety' (class=org.apache.hadoop.http.HttpServer2$QuotingInputFilter)
2019-10-10 00:01:44,285 [main] INFO  http.HttpServer2 (HttpServer2.java:addFilter(948)) - Added filter static_user_filter (class=org.apache.hadoop.http.lib.StaticUserWebFilter$StaticUserFilter) to context hddsDatanode
2019-10-10 00:01:44,285 [main] INFO  http.HttpServer2 (HttpServer2.java:addFilter(958)) - Added filter static_user_filter (class=org.apache.hadoop.http.lib.StaticUserWebFilter$StaticUserFilter) to context static
2019-10-10 00:01:44,285 [main] INFO  http.HttpServer2 (HttpServer2.java:addFilter(958)) - Added filter static_user_filter (class=org.apache.hadoop.http.lib.StaticUserWebFilter$StaticUserFilter) to context logs
2019-10-10 00:01:44,286 [main] INFO  http.HttpServer2 (HttpServer2.java:bindListener(1191)) - Jetty bound to port 39261
2019-10-10 00:01:44,286 [main] INFO  server.Server (Server.java:doStart(351)) - jetty-9.3.25.v20180904, build timestamp: 2018-09-04T21:11:46Z, git hash: 3ce520221d0240229c862b122d2b06c12a625732
2019-10-10 00:01:44,288 [main] INFO  handler.ContextHandler (ContextHandler.java:doStart(781)) - Started o.e.j.s.ServletContextHandler@50ff7063{/logs,file:///workdir/hadoop-ozone/integration-test/target/log,AVAILABLE}
2019-10-10 00:01:44,288 [main] INFO  handler.ContextHandler (ContextHandler.java:doStart(781)) - Started o.e.j.s.ServletContextHandler@1bb96449{/static,jar:file:/home/user/.m2/repository/org/apache/hadoop/hadoop-hdds-container-service/0.5.0-SNAPSHOT/hadoop-hdds-container-service-0.5.0-SNAPSHOT.jar!/webapps/static,AVAILABLE}
2019-10-10 00:01:44,319 [main] INFO  handler.ContextHandler (ContextHandler.java:doStart(781)) - Started o.e.j.w.WebAppContext@12e007be{/,file:///tmp/jetty-0.0.0.0-39261-hddsDatanode-_-any-4505193192760186104.dir/webapp/,AVAILABLE}{/hddsDatanode}
2019-10-10 00:01:44,320 [main] INFO  server.AbstractConnector (AbstractConnector.java:doStart(278)) - Started ServerConnector@3335afcf{HTTP/1.1,[http/1.1]}{0.0.0.0:39261}
2019-10-10 00:01:44,322 [main] INFO  server.Server (Server.java:doStart(419)) - Started @658540ms
2019-10-10 00:01:44,322 [main] WARN  impl.MetricsSystemImpl (MetricsSystemImpl.java:register(276)) - Sink prometheus already exists!
2019-10-10 00:01:44,323 [main] INFO  server.BaseHttpServer (BaseHttpServer.java:updateConnectorAddress(215)) - HTTP server of HDDSDATANODE is listening at http://0.0.0.0:39261
2019-10-10 00:01:44,323 [main] INFO  impl.MetricsSystemImpl (MetricsSystemImpl.java:init(158)) - HddsDatanode metrics system started (again)
2019-10-10 00:01:44,329 [org.apache.hadoop.util.JvmPauseMonitor$Monitor@57a20617] INFO  util.JvmPauseMonitor (JvmPauseMonitor.java:run(188)) - Starting JVM pause monitor
2019-10-10 00:01:44,329 [main] INFO  ozone.HddsDatanodeService (HddsDatanodeService.java:start(184)) - HddsDatanodeService host:pr-hdds-2266-b8s26-4239225152 ip:192.168.157.245
2019-10-10 00:01:44,331 [Datanode State Machine Thread - 0] INFO  datanode.InitDatanodeState (InitDatanodeState.java:persistContainerDatanodeDetails(140)) - DatanodeDetails is persisted to /workdir/hadoop-ozone/integration-test/target/test-dir/MiniOzoneClusterImpl-108913ae-be94-45ca-ae83-5210113f037a/datanode-3/meta/datanode.id
2019-10-10 00:01:44,336 [main] INFO  volume.HddsVolume (HddsVolume.java:<init>(176)) - Creating Volume: /workdir/hadoop-ozone/integration-test/target/test-dir/MiniOzoneClusterImpl-108913ae-be94-45ca-ae83-5210113f037a/datanode-4/data/containers/hdds of  storage type : DISK and capacity : 1482555576320
2019-10-10 00:01:44,337 [main] INFO  volume.VolumeSet (VolumeSet.java:initializeVolumeSet(170)) - Added Volume : /workdir/hadoop-ozone/integration-test/target/test-dir/MiniOzoneClusterImpl-108913ae-be94-45ca-ae83-5210113f037a/datanode-4/data/containers/hdds to VolumeSet
2019-10-10 00:01:44,337 [main] INFO  volume.ThrottledAsyncChecker (ThrottledAsyncChecker.java:schedule(141)) - Scheduling a check for org.apache.hadoop.ozone.container.common.volume.HddsVolume@2d24cdd9
2019-10-10 00:01:44,340 [main] INFO  volume.HddsVolumeChecker (HddsVolumeChecker.java:checkAllVolumes(204)) - Scheduled health check for volume org.apache.hadoop.ozone.container.common.volume.HddsVolume@2d24cdd9
2019-10-10 00:01:44,350 [main] INFO  impl.RaftServerProxy (ConfUtils.java:logGet(43)) - raft.rpc.type = GRPC (default)
2019-10-10 00:01:44,350 [main] INFO  grpc.GrpcFactory (GrpcFactory.java:checkPooledByteBufAllocatorUseCacheForAllThreads(45)) - PERFORMANCE WARNING: useCacheForAllThreads is true that may cause Netty to create a lot garbage objects and, as a result, trigger GC.
	It is recommended to disable useCacheForAllThreads by setting -Dorg.apache.ratis.thirdparty.io.netty.allocator.useCacheForAllThreads=false in command line.
2019-10-10 00:01:44,351 [main] INFO  grpc.GrpcConfigKeys$Server (ConfUtils.java:logGet(43)) - raft.grpc.server.port = 0 (default)
2019-10-10 00:01:44,351 [main] INFO  server.GrpcService (ConfUtils.java:logGet(43)) - raft.grpc.message.size.max = 33570816 (custom)
2019-10-10 00:01:44,351 [main] INFO  server.RaftServerConfigKeys (ConfUtils.java:logGet(43)) - raft.server.log.appender.buffer.byte-limit = 33554432 (custom)
2019-10-10 00:01:44,351 [main] INFO  server.GrpcService (ConfUtils.java:logGet(43)) - raft.grpc.flow.control.window = 1MB (=1048576) (default)
2019-10-10 00:01:44,351 [main] INFO  server.RaftServerConfigKeys (ConfUtils.java:logGet(43)) - raft.server.rpc.request.timeout = 3000ms (default)
2019-10-10 00:01:44,352 [main] INFO  server.RaftServerConfigKeys (ConfUtils.java:logGet(43)) - raft.server.storage.dir = [/workdir/hadoop-ozone/integration-test/target/test-dir/MiniOzoneClusterImpl-108913ae-be94-45ca-ae83-5210113f037a/datanode-4/data/ratis] (custom)
2019-10-10 00:01:44,353 [main] INFO  hdfs.DFSUtil (DFSUtil.java:httpServerTemplateForNNAndJN(1641)) - Starting Web-server for hddsDatanode at: http://0.0.0.0:0
2019-10-10 00:01:44,354 [main] INFO  server.AuthenticationFilter (AuthenticationFilter.java:constructSecretProvider(240)) - Unable to initialize FileSignerSecretProvider, falling back to use random secrets.
2019-10-10 00:01:44,354 [main] WARN  http.HttpRequestLog (HttpRequestLog.java:getRequestLog(97)) - Jetty request log can only be enabled using Log4j
2019-10-10 00:01:44,355 [main] INFO  http.HttpServer2 (HttpServer2.java:addGlobalFilter(975)) - Added global filter 'safety' (class=org.apache.hadoop.http.HttpServer2$QuotingInputFilter)
2019-10-10 00:01:44,355 [main] INFO  http.HttpServer2 (HttpServer2.java:addFilter(948)) - Added filter static_user_filter (class=org.apache.hadoop.http.lib.StaticUserWebFilter$StaticUserFilter) to context hddsDatanode
2019-10-10 00:01:44,356 [main] INFO  http.HttpServer2 (HttpServer2.java:addFilter(958)) - Added filter static_user_filter (class=org.apache.hadoop.http.lib.StaticUserWebFilter$StaticUserFilter) to context static
2019-10-10 00:01:44,356 [main] INFO  http.HttpServer2 (HttpServer2.java:addFilter(958)) - Added filter static_user_filter (class=org.apache.hadoop.http.lib.StaticUserWebFilter$StaticUserFilter) to context logs
2019-10-10 00:01:44,356 [main] INFO  http.HttpServer2 (HttpServer2.java:bindListener(1191)) - Jetty bound to port 43591
2019-10-10 00:01:44,356 [main] INFO  server.Server (Server.java:doStart(351)) - jetty-9.3.25.v20180904, build timestamp: 2018-09-04T21:11:46Z, git hash: 3ce520221d0240229c862b122d2b06c12a625732
2019-10-10 00:01:44,357 [main] INFO  handler.ContextHandler (ContextHandler.java:doStart(781)) - Started o.e.j.s.ServletContextHandler@6eed46e9{/logs,file:///workdir/hadoop-ozone/integration-test/target/log,AVAILABLE}
2019-10-10 00:01:44,358 [main] INFO  handler.ContextHandler (ContextHandler.java:doStart(781)) - Started o.e.j.s.ServletContextHandler@6ad6ae45{/static,jar:file:/home/user/.m2/repository/org/apache/hadoop/hadoop-hdds-container-service/0.5.0-SNAPSHOT/hadoop-hdds-container-service-0.5.0-SNAPSHOT.jar!/webapps/static,AVAILABLE}
2019-10-10 00:01:44,394 [main] INFO  handler.ContextHandler (ContextHandler.java:doStart(781)) - Started o.e.j.w.WebAppContext@5e3d2765{/,file:///tmp/jetty-0.0.0.0-43591-hddsDatanode-_-any-8189862113390517475.dir/webapp/,AVAILABLE}{/hddsDatanode}
2019-10-10 00:01:44,394 [main] INFO  server.AbstractConnector (AbstractConnector.java:doStart(278)) - Started ServerConnector@7910f355{HTTP/1.1,[http/1.1]}{0.0.0.0:43591}
2019-10-10 00:01:44,396 [main] INFO  server.Server (Server.java:doStart(419)) - Started @658614ms
2019-10-10 00:01:44,396 [main] WARN  impl.MetricsSystemImpl (MetricsSystemImpl.java:register(276)) - Sink prometheus already exists!
2019-10-10 00:01:44,397 [main] INFO  server.BaseHttpServer (BaseHttpServer.java:updateConnectorAddress(215)) - HTTP server of HDDSDATANODE is listening at http://0.0.0.0:43591
2019-10-10 00:01:44,398 [main] INFO  impl.MetricsSystemImpl (MetricsSystemImpl.java:init(158)) - HddsDatanode metrics system started (again)
2019-10-10 00:01:44,404 [org.apache.hadoop.util.JvmPauseMonitor$Monitor@260d9aa3] INFO  util.JvmPauseMonitor (JvmPauseMonitor.java:run(188)) - Starting JVM pause monitor
2019-10-10 00:01:44,405 [main] INFO  ozone.HddsDatanodeService (HddsDatanodeService.java:start(184)) - HddsDatanodeService host:pr-hdds-2266-b8s26-4239225152 ip:192.168.157.245
2019-10-10 00:01:44,405 [Datanode State Machine Thread - 0] INFO  datanode.InitDatanodeState (InitDatanodeState.java:persistContainerDatanodeDetails(140)) - DatanodeDetails is persisted to /workdir/hadoop-ozone/integration-test/target/test-dir/MiniOzoneClusterImpl-108913ae-be94-45ca-ae83-5210113f037a/datanode-4/meta/datanode.id
2019-10-10 00:01:44,411 [main] INFO  volume.HddsVolume (HddsVolume.java:<init>(176)) - Creating Volume: /workdir/hadoop-ozone/integration-test/target/test-dir/MiniOzoneClusterImpl-108913ae-be94-45ca-ae83-5210113f037a/datanode-5/data/containers/hdds of  storage type : DISK and capacity : 1482555576320
2019-10-10 00:01:44,411 [main] INFO  volume.VolumeSet (VolumeSet.java:initializeVolumeSet(170)) - Added Volume : /workdir/hadoop-ozone/integration-test/target/test-dir/MiniOzoneClusterImpl-108913ae-be94-45ca-ae83-5210113f037a/datanode-5/data/containers/hdds to VolumeSet
2019-10-10 00:01:44,411 [main] INFO  volume.ThrottledAsyncChecker (ThrottledAsyncChecker.java:schedule(141)) - Scheduling a check for org.apache.hadoop.ozone.container.common.volume.HddsVolume@58b97c15
2019-10-10 00:01:44,412 [main] INFO  volume.HddsVolumeChecker (HddsVolumeChecker.java:checkAllVolumes(204)) - Scheduled health check for volume org.apache.hadoop.ozone.container.common.volume.HddsVolume@58b97c15
2019-10-10 00:01:44,424 [main] INFO  impl.RaftServerProxy (ConfUtils.java:logGet(43)) - raft.rpc.type = GRPC (default)
2019-10-10 00:01:44,424 [main] INFO  grpc.GrpcFactory (GrpcFactory.java:checkPooledByteBufAllocatorUseCacheForAllThreads(45)) - PERFORMANCE WARNING: useCacheForAllThreads is true that may cause Netty to create a lot garbage objects and, as a result, trigger GC.
	It is recommended to disable useCacheForAllThreads by setting -Dorg.apache.ratis.thirdparty.io.netty.allocator.useCacheForAllThreads=false in command line.
2019-10-10 00:01:44,424 [main] INFO  grpc.GrpcConfigKeys$Server (ConfUtils.java:logGet(43)) - raft.grpc.server.port = 0 (default)
2019-10-10 00:01:44,424 [main] INFO  server.GrpcService (ConfUtils.java:logGet(43)) - raft.grpc.message.size.max = 33570816 (custom)
2019-10-10 00:01:44,425 [main] INFO  server.RaftServerConfigKeys (ConfUtils.java:logGet(43)) - raft.server.log.appender.buffer.byte-limit = 33554432 (custom)
2019-10-10 00:01:44,425 [main] INFO  server.GrpcService (ConfUtils.java:logGet(43)) - raft.grpc.flow.control.window = 1MB (=1048576) (default)
2019-10-10 00:01:44,425 [main] INFO  server.RaftServerConfigKeys (ConfUtils.java:logGet(43)) - raft.server.rpc.request.timeout = 3000ms (default)
2019-10-10 00:01:44,425 [main] INFO  server.RaftServerConfigKeys (ConfUtils.java:logGet(43)) - raft.server.storage.dir = [/workdir/hadoop-ozone/integration-test/target/test-dir/MiniOzoneClusterImpl-108913ae-be94-45ca-ae83-5210113f037a/datanode-5/data/ratis] (custom)
2019-10-10 00:01:44,426 [main] INFO  hdfs.DFSUtil (DFSUtil.java:httpServerTemplateForNNAndJN(1641)) - Starting Web-server for hddsDatanode at: http://0.0.0.0:0
2019-10-10 00:01:44,428 [main] INFO  server.AuthenticationFilter (AuthenticationFilter.java:constructSecretProvider(240)) - Unable to initialize FileSignerSecretProvider, falling back to use random secrets.
2019-10-10 00:01:44,428 [main] WARN  http.HttpRequestLog (HttpRequestLog.java:getRequestLog(97)) - Jetty request log can only be enabled using Log4j
2019-10-10 00:01:44,429 [main] INFO  http.HttpServer2 (HttpServer2.java:addGlobalFilter(975)) - Added global filter 'safety' (class=org.apache.hadoop.http.HttpServer2$QuotingInputFilter)
2019-10-10 00:01:44,429 [main] INFO  http.HttpServer2 (HttpServer2.java:addFilter(948)) - Added filter static_user_filter (class=org.apache.hadoop.http.lib.StaticUserWebFilter$StaticUserFilter) to context hddsDatanode
2019-10-10 00:01:44,430 [main] INFO  http.HttpServer2 (HttpServer2.java:addFilter(958)) - Added filter static_user_filter (class=org.apache.hadoop.http.lib.StaticUserWebFilter$StaticUserFilter) to context logs
2019-10-10 00:01:44,430 [main] INFO  http.HttpServer2 (HttpServer2.java:addFilter(958)) - Added filter static_user_filter (class=org.apache.hadoop.http.lib.StaticUserWebFilter$StaticUserFilter) to context static
2019-10-10 00:01:44,430 [main] INFO  http.HttpServer2 (HttpServer2.java:bindListener(1191)) - Jetty bound to port 45334
2019-10-10 00:01:44,430 [main] INFO  server.Server (Server.java:doStart(351)) - jetty-9.3.25.v20180904, build timestamp: 2018-09-04T21:11:46Z, git hash: 3ce520221d0240229c862b122d2b06c12a625732
2019-10-10 00:01:44,432 [main] INFO  handler.ContextHandler (ContextHandler.java:doStart(781)) - Started o.e.j.s.ServletContextHandler@674184d{/logs,file:///workdir/hadoop-ozone/integration-test/target/log,AVAILABLE}
2019-10-10 00:01:44,432 [main] INFO  handler.ContextHandler (ContextHandler.java:doStart(781)) - Started o.e.j.s.ServletContextHandler@5835e24a{/static,jar:file:/home/user/.m2/repository/org/apache/hadoop/hadoop-hdds-container-service/0.5.0-SNAPSHOT/hadoop-hdds-container-service-0.5.0-SNAPSHOT.jar!/webapps/static,AVAILABLE}
2019-10-10 00:01:44,459 [main] INFO  handler.ContextHandler (ContextHandler.java:doStart(781)) - Started o.e.j.w.WebAppContext@4f8659d0{/,file:///tmp/jetty-0.0.0.0-45334-hddsDatanode-_-any-1320615933954945254.dir/webapp/,AVAILABLE}{/hddsDatanode}
2019-10-10 00:01:44,460 [main] INFO  server.AbstractConnector (AbstractConnector.java:doStart(278)) - Started ServerConnector@278fe428{HTTP/1.1,[http/1.1]}{0.0.0.0:45334}
2019-10-10 00:01:44,460 [main] INFO  server.Server (Server.java:doStart(419)) - Started @658678ms
2019-10-10 00:01:44,464 [main] WARN  impl.MetricsSystemImpl (MetricsSystemImpl.java:register(276)) - Sink prometheus already exists!
2019-10-10 00:01:44,464 [main] INFO  server.BaseHttpServer (BaseHttpServer.java:updateConnectorAddress(215)) - HTTP server of HDDSDATANODE is listening at http://0.0.0.0:45334
2019-10-10 00:01:44,465 [main] INFO  impl.MetricsSystemImpl (MetricsSystemImpl.java:init(158)) - HddsDatanode metrics system started (again)
2019-10-10 00:01:44,472 [org.apache.hadoop.util.JvmPauseMonitor$Monitor@2f5fbee1] INFO  util.JvmPauseMonitor (JvmPauseMonitor.java:run(188)) - Starting JVM pause monitor
2019-10-10 00:01:44,472 [main] INFO  ozone.HddsDatanodeService (HddsDatanodeService.java:start(184)) - HddsDatanodeService host:pr-hdds-2266-b8s26-4239225152 ip:192.168.157.245
2019-10-10 00:01:44,473 [Datanode State Machine Thread - 0] INFO  datanode.InitDatanodeState (InitDatanodeState.java:persistContainerDatanodeDetails(140)) - DatanodeDetails is persisted to /workdir/hadoop-ozone/integration-test/target/test-dir/MiniOzoneClusterImpl-108913ae-be94-45ca-ae83-5210113f037a/datanode-5/meta/datanode.id
2019-10-10 00:01:44,480 [main] INFO  volume.HddsVolume (HddsVolume.java:<init>(176)) - Creating Volume: /workdir/hadoop-ozone/integration-test/target/test-dir/MiniOzoneClusterImpl-108913ae-be94-45ca-ae83-5210113f037a/datanode-6/data/containers/hdds of  storage type : DISK and capacity : 1482555576320
2019-10-10 00:01:44,480 [main] INFO  volume.VolumeSet (VolumeSet.java:initializeVolumeSet(170)) - Added Volume : /workdir/hadoop-ozone/integration-test/target/test-dir/MiniOzoneClusterImpl-108913ae-be94-45ca-ae83-5210113f037a/datanode-6/data/containers/hdds to VolumeSet
2019-10-10 00:01:44,480 [main] INFO  volume.ThrottledAsyncChecker (ThrottledAsyncChecker.java:schedule(141)) - Scheduling a check for org.apache.hadoop.ozone.container.common.volume.HddsVolume@2ad2b274
2019-10-10 00:01:44,481 [main] INFO  volume.HddsVolumeChecker (HddsVolumeChecker.java:checkAllVolumes(204)) - Scheduled health check for volume org.apache.hadoop.ozone.container.common.volume.HddsVolume@2ad2b274
2019-10-10 00:01:44,499 [main] INFO  impl.RaftServerProxy (ConfUtils.java:logGet(43)) - raft.rpc.type = GRPC (default)
2019-10-10 00:01:44,499 [main] INFO  grpc.GrpcFactory (GrpcFactory.java:checkPooledByteBufAllocatorUseCacheForAllThreads(45)) - PERFORMANCE WARNING: useCacheForAllThreads is true that may cause Netty to create a lot garbage objects and, as a result, trigger GC.
	It is recommended to disable useCacheForAllThreads by setting -Dorg.apache.ratis.thirdparty.io.netty.allocator.useCacheForAllThreads=false in command line.
2019-10-10 00:01:44,499 [main] INFO  grpc.GrpcConfigKeys$Server (ConfUtils.java:logGet(43)) - raft.grpc.server.port = 0 (default)
2019-10-10 00:01:44,500 [main] INFO  server.GrpcService (ConfUtils.java:logGet(43)) - raft.grpc.message.size.max = 33570816 (custom)
2019-10-10 00:01:44,500 [main] INFO  server.RaftServerConfigKeys (ConfUtils.java:logGet(43)) - raft.server.log.appender.buffer.byte-limit = 33554432 (custom)
2019-10-10 00:01:44,500 [main] INFO  server.GrpcService (ConfUtils.java:logGet(43)) - raft.grpc.flow.control.window = 1MB (=1048576) (default)
2019-10-10 00:01:44,500 [main] INFO  server.RaftServerConfigKeys (ConfUtils.java:logGet(43)) - raft.server.rpc.request.timeout = 3000ms (default)
2019-10-10 00:01:44,501 [main] INFO  server.RaftServerConfigKeys (ConfUtils.java:logGet(43)) - raft.server.storage.dir = [/workdir/hadoop-ozone/integration-test/target/test-dir/MiniOzoneClusterImpl-108913ae-be94-45ca-ae83-5210113f037a/datanode-6/data/ratis] (custom)
2019-10-10 00:01:44,503 [main] INFO  hdfs.DFSUtil (DFSUtil.java:httpServerTemplateForNNAndJN(1641)) - Starting Web-server for hddsDatanode at: http://0.0.0.0:0
2019-10-10 00:01:44,505 [main] INFO  server.AuthenticationFilter (AuthenticationFilter.java:constructSecretProvider(240)) - Unable to initialize FileSignerSecretProvider, falling back to use random secrets.
2019-10-10 00:01:44,505 [main] WARN  http.HttpRequestLog (HttpRequestLog.java:getRequestLog(97)) - Jetty request log can only be enabled using Log4j
2019-10-10 00:01:44,507 [main] INFO  http.HttpServer2 (HttpServer2.java:addGlobalFilter(975)) - Added global filter 'safety' (class=org.apache.hadoop.http.HttpServer2$QuotingInputFilter)
2019-10-10 00:01:44,508 [main] INFO  http.HttpServer2 (HttpServer2.java:addFilter(948)) - Added filter static_user_filter (class=org.apache.hadoop.http.lib.StaticUserWebFilter$StaticUserFilter) to context hddsDatanode
2019-10-10 00:01:44,508 [main] INFO  http.HttpServer2 (HttpServer2.java:addFilter(958)) - Added filter static_user_filter (class=org.apache.hadoop.http.lib.StaticUserWebFilter$StaticUserFilter) to context logs
2019-10-10 00:01:44,509 [main] INFO  http.HttpServer2 (HttpServer2.java:addFilter(958)) - Added filter static_user_filter (class=org.apache.hadoop.http.lib.StaticUserWebFilter$StaticUserFilter) to context static
2019-10-10 00:01:44,509 [main] INFO  http.HttpServer2 (HttpServer2.java:bindListener(1191)) - Jetty bound to port 36417
2019-10-10 00:01:44,510 [main] INFO  server.Server (Server.java:doStart(351)) - jetty-9.3.25.v20180904, build timestamp: 2018-09-04T21:11:46Z, git hash: 3ce520221d0240229c862b122d2b06c12a625732
2019-10-10 00:01:44,511 [main] INFO  handler.ContextHandler (ContextHandler.java:doStart(781)) - Started o.e.j.s.ServletContextHandler@84f51d9{/logs,file:///workdir/hadoop-ozone/integration-test/target/log,AVAILABLE}
2019-10-10 00:01:44,512 [main] INFO  handler.ContextHandler (ContextHandler.java:doStart(781)) - Started o.e.j.s.ServletContextHandler@8383a14{/static,jar:file:/home/user/.m2/repository/org/apache/hadoop/hadoop-hdds-container-service/0.5.0-SNAPSHOT/hadoop-hdds-container-service-0.5.0-SNAPSHOT.jar!/webapps/static,AVAILABLE}
2019-10-10 00:01:44,547 [main] INFO  handler.ContextHandler (ContextHandler.java:doStart(781)) - Started o.e.j.w.WebAppContext@5ef2cbe6{/,file:///tmp/jetty-0.0.0.0-36417-hddsDatanode-_-any-8231905291261499001.dir/webapp/,AVAILABLE}{/hddsDatanode}
2019-10-10 00:01:44,547 [main] INFO  server.AbstractConnector (AbstractConnector.java:doStart(278)) - Started ServerConnector@266da047{HTTP/1.1,[http/1.1]}{0.0.0.0:36417}
2019-10-10 00:01:44,549 [main] INFO  server.Server (Server.java:doStart(419)) - Started @658767ms
2019-10-10 00:01:44,550 [main] WARN  impl.MetricsSystemImpl (MetricsSystemImpl.java:register(276)) - Sink prometheus already exists!
2019-10-10 00:01:44,551 [main] INFO  server.BaseHttpServer (BaseHttpServer.java:updateConnectorAddress(215)) - HTTP server of HDDSDATANODE is listening at http://0.0.0.0:36417
2019-10-10 00:01:44,551 [main] INFO  ozone.MiniOzoneClusterImpl (MiniOzoneClusterImpl.java:lambda$waitForClusterToBeReady$0(147)) - Waiting for cluster to be ready. Got 0 of 7 DN Heartbeats.
2019-10-10 00:01:44,552 [org.apache.hadoop.util.JvmPauseMonitor$Monitor@15d299c3] INFO  util.JvmPauseMonitor (JvmPauseMonitor.java:run(188)) - Starting JVM pause monitor
2019-10-10 00:01:44,553 [Datanode State Machine Thread - 0] INFO  datanode.InitDatanodeState (InitDatanodeState.java:persistContainerDatanodeDetails(140)) - DatanodeDetails is persisted to /workdir/hadoop-ozone/integration-test/target/test-dir/MiniOzoneClusterImpl-108913ae-be94-45ca-ae83-5210113f037a/datanode-6/meta/datanode.id
2019-10-10 00:01:45,551 [main] INFO  ozone.MiniOzoneClusterImpl (MiniOzoneClusterImpl.java:lambda$waitForClusterToBeReady$0(147)) - Waiting for cluster to be ready. Got 0 of 7 DN Heartbeats.
2019-10-10 00:01:46,118 [Datanode State Machine Thread - 0] INFO  ozoneimpl.OzoneContainer (OzoneContainer.java:start(213)) - Attempting to start container services.
2019-10-10 00:01:46,119 [Datanode State Machine Thread - 0] INFO  ozoneimpl.OzoneContainer (OzoneContainer.java:startContainerScrub(177)) - Background container scanner has been disabled.
2019-10-10 00:01:46,119 [Datanode State Machine Thread - 0] INFO  ratis.XceiverServerRatis (XceiverServerRatis.java:start(418)) - Starting XceiverServerRatis 44809ed9-9065-491d-9993-3d85ca8eea00 at port 0
2019-10-10 00:01:46,123 [Datanode State Machine Thread - 0] INFO  impl.RaftServerProxy (RaftServerProxy.java:lambda$start$3(299)) - 44809ed9-9065-491d-9993-3d85ca8eea00: start RPC server
2019-10-10 00:01:46,124 [Datanode State Machine Thread - 0] INFO  server.GrpcService (GrpcService.java:startImpl(158)) - 44809ed9-9065-491d-9993-3d85ca8eea00: GrpcService started, listening on 0.0.0.0/0.0.0.0:46436
2019-10-10 00:01:46,124 [Datanode State Machine Thread - 0] INFO  ratis.XceiverServerRatis (XceiverServerRatis.java:start(428)) - XceiverServerRatis 44809ed9-9065-491d-9993-3d85ca8eea00 is started using port 46436
2019-10-10 00:01:46,125 [Datanode State Machine Thread - 0] INFO  server.XceiverServerGrpc (XceiverServerGrpc.java:start(149)) - XceiverServerGrpc 44809ed9-9065-491d-9993-3d85ca8eea00 is started using port 38576
2019-10-10 00:01:46,194 [Datanode State Machine Thread - 0] INFO  ozoneimpl.OzoneContainer (OzoneContainer.java:start(213)) - Attempting to start container services.
2019-10-10 00:01:46,194 [Datanode State Machine Thread - 0] INFO  ozoneimpl.OzoneContainer (OzoneContainer.java:startContainerScrub(177)) - Background container scanner has been disabled.
2019-10-10 00:01:46,194 [Datanode State Machine Thread - 0] INFO  ratis.XceiverServerRatis (XceiverServerRatis.java:start(418)) - Starting XceiverServerRatis 637124dd-f406-45d2-84f3-876d285ded15 at port 0
2019-10-10 00:01:46,198 [Datanode State Machine Thread - 0] INFO  impl.RaftServerProxy (RaftServerProxy.java:lambda$start$3(299)) - 637124dd-f406-45d2-84f3-876d285ded15: start RPC server
2019-10-10 00:01:46,198 [Datanode State Machine Thread - 0] INFO  server.GrpcService (GrpcService.java:startImpl(158)) - 637124dd-f406-45d2-84f3-876d285ded15: GrpcService started, listening on 0.0.0.0/0.0.0.0:39529
2019-10-10 00:01:46,199 [Datanode State Machine Thread - 0] INFO  ratis.XceiverServerRatis (XceiverServerRatis.java:start(428)) - XceiverServerRatis 637124dd-f406-45d2-84f3-876d285ded15 is started using port 39529
2019-10-10 00:01:46,199 [Datanode State Machine Thread - 0] INFO  server.XceiverServerGrpc (XceiverServerGrpc.java:start(149)) - XceiverServerGrpc 637124dd-f406-45d2-84f3-876d285ded15 is started using port 36565
2019-10-10 00:01:46,263 [Datanode State Machine Thread - 0] INFO  ozoneimpl.OzoneContainer (OzoneContainer.java:start(213)) - Attempting to start container services.
2019-10-10 00:01:46,264 [Datanode State Machine Thread - 0] INFO  ozoneimpl.OzoneContainer (OzoneContainer.java:startContainerScrub(177)) - Background container scanner has been disabled.
2019-10-10 00:01:46,264 [Datanode State Machine Thread - 0] INFO  ratis.XceiverServerRatis (XceiverServerRatis.java:start(418)) - Starting XceiverServerRatis 9386b9a1-795a-4fcc-8e16-52cccb22d193 at port 0
2019-10-10 00:01:46,268 [Datanode State Machine Thread - 0] INFO  impl.RaftServerProxy (RaftServerProxy.java:lambda$start$3(299)) - 9386b9a1-795a-4fcc-8e16-52cccb22d193: start RPC server
2019-10-10 00:01:46,269 [Datanode State Machine Thread - 0] INFO  server.GrpcService (GrpcService.java:startImpl(158)) - 9386b9a1-795a-4fcc-8e16-52cccb22d193: GrpcService started, listening on 0.0.0.0/0.0.0.0:39809
2019-10-10 00:01:46,269 [Datanode State Machine Thread - 0] INFO  ratis.XceiverServerRatis (XceiverServerRatis.java:start(428)) - XceiverServerRatis 9386b9a1-795a-4fcc-8e16-52cccb22d193 is started using port 39809
2019-10-10 00:01:46,272 [Datanode State Machine Thread - 0] INFO  server.XceiverServerGrpc (XceiverServerGrpc.java:start(149)) - XceiverServerGrpc 9386b9a1-795a-4fcc-8e16-52cccb22d193 is started using port 39626
2019-10-10 00:01:46,343 [Datanode State Machine Thread - 0] INFO  ozoneimpl.OzoneContainer (OzoneContainer.java:start(213)) - Attempting to start container services.
2019-10-10 00:01:46,343 [Datanode State Machine Thread - 0] INFO  ozoneimpl.OzoneContainer (OzoneContainer.java:startContainerScrub(177)) - Background container scanner has been disabled.
2019-10-10 00:01:46,344 [Datanode State Machine Thread - 0] INFO  ratis.XceiverServerRatis (XceiverServerRatis.java:start(418)) - Starting XceiverServerRatis e517ceab-692d-4b3d-be19-c78fe19f8521 at port 0
2019-10-10 00:01:46,348 [Datanode State Machine Thread - 0] INFO  impl.RaftServerProxy (RaftServerProxy.java:lambda$start$3(299)) - e517ceab-692d-4b3d-be19-c78fe19f8521: start RPC server
2019-10-10 00:01:46,349 [Datanode State Machine Thread - 0] INFO  server.GrpcService (GrpcService.java:startImpl(158)) - e517ceab-692d-4b3d-be19-c78fe19f8521: GrpcService started, listening on 0.0.0.0/0.0.0.0:44325
2019-10-10 00:01:46,349 [Datanode State Machine Thread - 0] INFO  ratis.XceiverServerRatis (XceiverServerRatis.java:start(428)) - XceiverServerRatis e517ceab-692d-4b3d-be19-c78fe19f8521 is started using port 44325
2019-10-10 00:01:46,349 [Datanode State Machine Thread - 0] INFO  server.XceiverServerGrpc (XceiverServerGrpc.java:start(149)) - XceiverServerGrpc e517ceab-692d-4b3d-be19-c78fe19f8521 is started using port 39600
2019-10-10 00:01:46,435 [Datanode State Machine Thread - 0] INFO  ozoneimpl.OzoneContainer (OzoneContainer.java:start(213)) - Attempting to start container services.
2019-10-10 00:01:46,435 [Datanode State Machine Thread - 0] INFO  ozoneimpl.OzoneContainer (OzoneContainer.java:startContainerScrub(177)) - Background container scanner has been disabled.
2019-10-10 00:01:46,436 [Datanode State Machine Thread - 0] INFO  ratis.XceiverServerRatis (XceiverServerRatis.java:start(418)) - Starting XceiverServerRatis c7e361df-6228-44a4-8291-3b3f953e0ab1 at port 0
2019-10-10 00:01:46,441 [Datanode State Machine Thread - 0] INFO  impl.RaftServerProxy (RaftServerProxy.java:lambda$start$3(299)) - c7e361df-6228-44a4-8291-3b3f953e0ab1: start RPC server
2019-10-10 00:01:46,442 [Datanode State Machine Thread - 0] INFO  server.GrpcService (GrpcService.java:startImpl(158)) - c7e361df-6228-44a4-8291-3b3f953e0ab1: GrpcService started, listening on 0.0.0.0/0.0.0.0:38253
2019-10-10 00:01:46,442 [Datanode State Machine Thread - 0] INFO  ratis.XceiverServerRatis (XceiverServerRatis.java:start(428)) - XceiverServerRatis c7e361df-6228-44a4-8291-3b3f953e0ab1 is started using port 38253
2019-10-10 00:01:46,442 [Datanode State Machine Thread - 0] INFO  server.XceiverServerGrpc (XceiverServerGrpc.java:start(149)) - XceiverServerGrpc c7e361df-6228-44a4-8291-3b3f953e0ab1 is started using port 45252
2019-10-10 00:01:46,485 [Datanode State Machine Thread - 0] INFO  ozoneimpl.OzoneContainer (OzoneContainer.java:start(213)) - Attempting to start container services.
2019-10-10 00:01:46,485 [Datanode State Machine Thread - 0] INFO  ozoneimpl.OzoneContainer (OzoneContainer.java:startContainerScrub(177)) - Background container scanner has been disabled.
2019-10-10 00:01:46,485 [Datanode State Machine Thread - 0] INFO  ratis.XceiverServerRatis (XceiverServerRatis.java:start(418)) - Starting XceiverServerRatis 1da33793-7d60-4b68-bc4c-824e50753869 at port 0
2019-10-10 00:01:46,489 [Datanode State Machine Thread - 0] INFO  impl.RaftServerProxy (RaftServerProxy.java:lambda$start$3(299)) - 1da33793-7d60-4b68-bc4c-824e50753869: start RPC server
2019-10-10 00:01:46,489 [Datanode State Machine Thread - 0] INFO  server.GrpcService (GrpcService.java:startImpl(158)) - 1da33793-7d60-4b68-bc4c-824e50753869: GrpcService started, listening on 0.0.0.0/0.0.0.0:42936
2019-10-10 00:01:46,489 [Datanode State Machine Thread - 0] INFO  ratis.XceiverServerRatis (XceiverServerRatis.java:start(428)) - XceiverServerRatis 1da33793-7d60-4b68-bc4c-824e50753869 is started using port 42936
2019-10-10 00:01:46,489 [Datanode State Machine Thread - 0] INFO  server.XceiverServerGrpc (XceiverServerGrpc.java:start(149)) - XceiverServerGrpc 1da33793-7d60-4b68-bc4c-824e50753869 is started using port 42681
2019-10-10 00:01:46,552 [main] INFO  ozone.MiniOzoneClusterImpl (MiniOzoneClusterImpl.java:lambda$waitForClusterToBeReady$0(147)) - Waiting for cluster to be ready. Got 0 of 7 DN Heartbeats.
2019-10-10 00:01:46,565 [Datanode State Machine Thread - 0] INFO  ozoneimpl.OzoneContainer (OzoneContainer.java:start(213)) - Attempting to start container services.
2019-10-10 00:01:46,565 [Datanode State Machine Thread - 0] INFO  ozoneimpl.OzoneContainer (OzoneContainer.java:startContainerScrub(177)) - Background container scanner has been disabled.
2019-10-10 00:01:46,565 [Datanode State Machine Thread - 0] INFO  ratis.XceiverServerRatis (XceiverServerRatis.java:start(418)) - Starting XceiverServerRatis 19bebc76-81c6-41a3-97e5-91afe2c3a386 at port 0
2019-10-10 00:01:46,571 [Datanode State Machine Thread - 0] INFO  impl.RaftServerProxy (RaftServerProxy.java:lambda$start$3(299)) - 19bebc76-81c6-41a3-97e5-91afe2c3a386: start RPC server
2019-10-10 00:01:46,574 [Datanode State Machine Thread - 0] INFO  server.GrpcService (GrpcService.java:startImpl(158)) - 19bebc76-81c6-41a3-97e5-91afe2c3a386: GrpcService started, listening on 0.0.0.0/0.0.0.0:44158
2019-10-10 00:01:46,575 [Datanode State Machine Thread - 0] INFO  ratis.XceiverServerRatis (XceiverServerRatis.java:start(428)) - XceiverServerRatis 19bebc76-81c6-41a3-97e5-91afe2c3a386 is started using port 44158
2019-10-10 00:01:46,591 [Datanode State Machine Thread - 0] INFO  server.XceiverServerGrpc (XceiverServerGrpc.java:start(149)) - XceiverServerGrpc 19bebc76-81c6-41a3-97e5-91afe2c3a386 is started using port 36985
2019-10-10 00:01:47,552 [main] INFO  ozone.MiniOzoneClusterImpl (MiniOzoneClusterImpl.java:lambda$waitForClusterToBeReady$0(147)) - Waiting for cluster to be ready. Got 0 of 7 DN Heartbeats.
2019-10-10 00:01:48,090 [IPC Server handler 3 on 40984] INFO  net.NetworkTopology (NetworkTopologyImpl.java:add(111)) - Added a new node: /default-rack/44809ed9-9065-491d-9993-3d85ca8eea00
2019-10-10 00:01:48,094 [IPC Server handler 3 on 40984] INFO  node.SCMNodeManager (SCMNodeManager.java:register(268)) - Registered Data node : 44809ed9-9065-491d-9993-3d85ca8eea00{ip: 192.168.157.245, host: pr-hdds-2266-b8s26-4239225152, networkLocation: /default-rack, certSerialId: null}
2019-10-10 00:01:48,094 [EventQueue-NodeRegistrationContainerReportForDataNodeSafeModeRule] INFO  safemode.SCMSafeModeManager (DataNodeSafeModeRule.java:process(71)) - SCM in safe mode. 1 DataNodes registered, 1 required.
2019-10-10 00:01:48,098 [EventQueue-NodeRegistrationContainerReportForDataNodeSafeModeRule] INFO  safemode.SCMSafeModeManager (SCMSafeModeManager.java:validateSafeModeExitRules(177)) - ScmSafeModeManager, all rules are successfully validated
2019-10-10 00:01:48,098 [EventQueue-NodeRegistrationContainerReportForDataNodeSafeModeRule] INFO  safemode.SCMSafeModeManager (SCMSafeModeManager.java:exitSafeMode(193)) - SCM exiting safe mode.
2019-10-10 00:01:48,133 [grpc-default-executor-8] INFO  impl.RaftServerProxy (RaftServerProxy.java:addNew(89)) - 44809ed9-9065-491d-9993-3d85ca8eea00: addNew group-5044DE855E58:[44809ed9-9065-491d-9993-3d85ca8eea00:192.168.157.245:46436] returns group-5044DE855E58:java.util.concurrent.CompletableFuture@709a32c9[Not completed]
2019-10-10 00:01:48,135 [pool-589-thread-1] INFO  impl.RaftServerImpl (RaftServerImpl.java:<init>(95)) - 44809ed9-9065-491d-9993-3d85ca8eea00: new RaftServerImpl for group-5044DE855E58:[44809ed9-9065-491d-9993-3d85ca8eea00:192.168.157.245:46436] with ContainerStateMachine:uninitialized
2019-10-10 00:01:48,135 [pool-589-thread-1] INFO  server.RaftServerConfigKeys (ConfUtils.java:logGet(43)) - raft.server.rpc.timeout.min = 5s (custom)
2019-10-10 00:01:48,135 [pool-589-thread-1] INFO  server.RaftServerConfigKeys (ConfUtils.java:logGet(43)) - raft.server.rpc.timeout.max = 5200ms (custom)
2019-10-10 00:01:48,135 [pool-589-thread-1] INFO  server.RaftServerConfigKeys (ConfUtils.java:logGet(43)) - raft.server.rpcslowness.timeout = 120s (custom)
2019-10-10 00:01:48,135 [pool-589-thread-1] INFO  server.RaftServerConfigKeys (ConfUtils.java:logGet(43)) - raft.server.sleep.deviation.threshold = 300 (default)
2019-10-10 00:01:48,135 [pool-589-thread-1] INFO  server.RaftServerConfigKeys (ConfUtils.java:logGet(43)) - raft.server.log.appender.install.snapshot.enabled = false (custom)
2019-10-10 00:01:48,136 [pool-589-thread-1] INFO  impl.RaftServerImpl (ServerState.java:<init>(103)) - 44809ed9-9065-491d-9993-3d85ca8eea00@group-5044DE855E58: ConfigurationManager, init=-1: [44809ed9-9065-491d-9993-3d85ca8eea00:192.168.157.245:46436], old=null, confs=<EMPTY_MAP>
2019-10-10 00:01:48,136 [pool-589-thread-1] INFO  server.RaftServerConfigKeys (ConfUtils.java:logGet(43)) - raft.server.storage.dir = [/workdir/hadoop-ozone/integration-test/target/test-dir/MiniOzoneClusterImpl-108913ae-be94-45ca-ae83-5210113f037a/datanode-0/data/ratis] (custom)
2019-10-10 00:01:48,136 [pool-589-thread-1] INFO  server.RaftServerConfigKeys (ConfUtils.java:logGet(43)) - raft.server.log.corruption.policy = EXCEPTION (default)
2019-10-10 00:01:48,137 [pool-589-thread-1] INFO  storage.RaftStorageDirectory (RaftStorageDirectory.java:analyzeStorage(246)) - The storage directory /workdir/hadoop-ozone/integration-test/target/test-dir/MiniOzoneClusterImpl-108913ae-be94-45ca-ae83-5210113f037a/datanode-0/data/ratis/4807d797-7687-4796-8d54-5044de855e58 does not exist. Creating ...
2019-10-10 00:01:48,162 [pool-589-thread-1] INFO  storage.RaftStorageDirectory (RaftStorageDirectory.java:tryLock(328)) - Lock on /workdir/hadoop-ozone/integration-test/target/test-dir/MiniOzoneClusterImpl-108913ae-be94-45ca-ae83-5210113f037a/datanode-0/data/ratis/4807d797-7687-4796-8d54-5044de855e58/in_use.lock acquired by nodename 7564@pr-hdds-2266-b8s26-4239225152
2019-10-10 00:01:48,175 [pool-589-thread-1] INFO  storage.RaftStorage (RaftStorage.java:format(84)) - Storage directory /workdir/hadoop-ozone/integration-test/target/test-dir/MiniOzoneClusterImpl-108913ae-be94-45ca-ae83-5210113f037a/datanode-0/data/ratis/4807d797-7687-4796-8d54-5044de855e58 has been successfully formatted.
2019-10-10 00:01:48,176 [pool-589-thread-1] INFO  ratis.ContainerStateMachine (ContainerStateMachine.java:loadSnapshot(231)) - group-5044DE855E58: The snapshot info is null. Setting the last applied indexto:(t:0, i:~)
2019-10-10 00:01:48,176 [pool-589-thread-1] INFO  server.RaftServerConfigKeys (ConfUtils.java:logGet(43)) - raft.server.notification.no-leader.timeout = 120s (custom)
2019-10-10 00:01:48,176 [pool-589-thread-1] INFO  server.RaftServerConfigKeys (ConfUtils.java:logGet(43)) - raft.server.log.use.memory = false (default)
2019-10-10 00:01:48,176 [pool-589-thread-1] INFO  server.RaftServerConfigKeys (ConfUtils.java:logGet(43)) - raft.server.log.purge.gap = 1000000 (custom)
2019-10-10 00:01:48,176 [pool-589-thread-1] INFO  server.RaftServerConfigKeys (ConfUtils.java:logGet(43)) - raft.server.log.appender.buffer.byte-limit = 33554432 (custom)
2019-10-10 00:01:48,176 [pool-589-thread-1] INFO  server.RaftServerConfigKeys (ConfUtils.java:logGet(43)) - raft.server.log.segment.size.max = 1048576 (custom)
2019-10-10 00:01:48,178 [pool-589-thread-1] INFO  server.RaftServerConfigKeys (ConfUtils.java:logGet(43)) - raft.server.log.segment.cache.num.max = 2 (custom)
2019-10-10 00:01:48,178 [pool-589-thread-1] INFO  segmented.SegmentedRaftLogWorker (SegmentedRaftLogWorker.java:<init>(173)) - new 44809ed9-9065-491d-9993-3d85ca8eea00@group-5044DE855E58-SegmentedRaftLogWorker for RaftStorage:Storage Directory /workdir/hadoop-ozone/integration-test/target/test-dir/MiniOzoneClusterImpl-108913ae-be94-45ca-ae83-5210113f037a/datanode-0/data/ratis/4807d797-7687-4796-8d54-5044de855e58
2019-10-10 00:01:48,179 [pool-589-thread-1] INFO  server.RaftServerConfigKeys (ConfUtils.java:logGet(43)) - raft.server.log.queue.byte-limit = 2147483647 (custom)
2019-10-10 00:01:48,179 [pool-589-thread-1] INFO  server.RaftServerConfigKeys (ConfUtils.java:logGet(43)) - raft.server.log.queue.element-limit = 1024 (custom)
2019-10-10 00:01:48,179 [pool-589-thread-1] INFO  server.RaftServerConfigKeys (ConfUtils.java:logGet(43)) - raft.server.log.segment.size.max = 1048576 (custom)
2019-10-10 00:01:48,179 [pool-589-thread-1] INFO  server.RaftServerConfigKeys (ConfUtils.java:logGet(43)) - raft.server.log.preallocated.size = 16384 (custom)
2019-10-10 00:01:48,179 [pool-589-thread-1] INFO  server.RaftServerConfigKeys (ConfUtils.java:logGet(43)) - raft.server.log.write.buffer.size = 33554432 (custom)
2019-10-10 00:01:48,179 [pool-589-thread-1] INFO  server.RaftServerConfigKeys (ConfUtils.java:logGet(43)) - raft.server.log.force.sync.num = 128 (default)
2019-10-10 00:01:48,179 [IPC Server handler 4 on 40984] INFO  net.NetworkTopology (NetworkTopologyImpl.java:add(111)) - Added a new node: /default-rack/637124dd-f406-45d2-84f3-876d285ded15
2019-10-10 00:01:48,179 [pool-589-thread-1] INFO  server.RaftServerConfigKeys (ConfUtils.java:logGet(43)) - raft.server.log.statemachine.data.sync = true (default)
2019-10-10 00:01:48,180 [IPC Server handler 4 on 40984] INFO  node.SCMNodeManager (SCMNodeManager.java:register(268)) - Registered Data node : 637124dd-f406-45d2-84f3-876d285ded15{ip: 192.168.157.245, host: pr-hdds-2266-b8s26-4239225152, networkLocation: /default-rack, certSerialId: null}
2019-10-10 00:01:48,180 [pool-589-thread-1] INFO  server.RaftServerConfigKeys (ConfUtils.java:logGet(43)) - raft.server.log.statemachine.data.sync.timeout = 10s (default)
2019-10-10 00:01:48,180 [pool-589-thread-1] INFO  server.RaftServerConfigKeys (ConfUtils.java:logGet(43)) - raft.server.log.statemachine.data.sync.timeout.retry = -1 (default)
2019-10-10 00:01:48,180 [pool-589-thread-1] INFO  server.RaftServerConfigKeys (ConfUtils.java:logGet(43)) - raft.server.log.statemachine.data.caching.enabled = true (custom)
2019-10-10 00:01:48,181 [pool-589-thread-1] INFO  segmented.SegmentedRaftLogWorker (SegmentedRaftLogWorker.java:lambda$new$0(128)) - 44809ed9-9065-491d-9993-3d85ca8eea00@group-5044DE855E58-SegmentedRaftLogWorker: flushIndex: setUnconditionally 0 -> -1
2019-10-10 00:01:48,181 [pool-589-thread-1] INFO  server.RaftServerConfigKeys (ConfUtils.java:logGet(43)) - raft.server.snapshot.auto.trigger.enabled = true (custom)
2019-10-10 00:01:48,181 [pool-589-thread-1] INFO  server.RaftServerConfigKeys (ConfUtils.java:logGet(43)) - raft.server.snapshot.auto.trigger.threshold = 10000 (custom)
2019-10-10 00:01:48,181 [pool-589-thread-1] INFO  server.RaftServerConfigKeys (ConfUtils.java:logGet(43)) - raft.server.snapshot.retention.file.num = 5 (custom)
2019-10-10 00:01:48,181 [pool-589-thread-1] INFO  server.RaftServerConfigKeys (ConfUtils.java:logGet(43)) - raft.server.retrycache.expirytime = 600000ms (custom)
2019-10-10 00:01:48,182 [pool-589-thread-1] INFO  impl.RaftServerImpl (RaftServerImpl.java:start(181)) - 44809ed9-9065-491d-9993-3d85ca8eea00@group-5044DE855E58: start as a follower, conf=-1: [44809ed9-9065-491d-9993-3d85ca8eea00:192.168.157.245:46436], old=null
2019-10-10 00:01:48,182 [pool-589-thread-1] INFO  impl.RaftServerImpl (RaftServerImpl.java:setRole(170)) - 44809ed9-9065-491d-9993-3d85ca8eea00@group-5044DE855E58: changes role from      null to FOLLOWER at term 0 for startAsFollower
2019-10-10 00:01:48,182 [pool-589-thread-1] INFO  impl.RoleInfo (RoleInfo.java:updateAndGet(143)) - 44809ed9-9065-491d-9993-3d85ca8eea00: start FollowerState
2019-10-10 00:01:48,183 [pool-589-thread-1] INFO  util.JmxRegister (JmxRegister.java:tryRegister(44)) - Successfully registered JMX Bean with object name Ratis:service=RaftServer,group=group-5044DE855E58,id=44809ed9-9065-491d-9993-3d85ca8eea00
2019-10-10 00:01:48,191 [RatisPipelineUtilsThread] INFO  pipeline.PipelineStateManager (PipelineStateManager.java:addPipeline(56)) - Created pipeline Pipeline[ Id: 4807d797-7687-4796-8d54-5044de855e58, Nodes: 44809ed9-9065-491d-9993-3d85ca8eea00{ip: 192.168.157.245, host: pr-hdds-2266-b8s26-4239225152, networkLocation: /default-rack, certSerialId: null}, Type:RATIS, Factor:ONE, State:OPEN]
2019-10-10 00:01:48,197 [grpc-default-executor-8] INFO  impl.RaftServerProxy (RaftServerProxy.java:addNew(89)) - 637124dd-f406-45d2-84f3-876d285ded15: addNew group-5878F4EDDFA2:[637124dd-f406-45d2-84f3-876d285ded15:192.168.157.245:39529] returns group-5878F4EDDFA2:java.util.concurrent.CompletableFuture@b08517e[Not completed]
2019-10-10 00:01:48,199 [pool-599-thread-1] INFO  impl.RaftServerImpl (RaftServerImpl.java:<init>(95)) - 637124dd-f406-45d2-84f3-876d285ded15: new RaftServerImpl for group-5878F4EDDFA2:[637124dd-f406-45d2-84f3-876d285ded15:192.168.157.245:39529] with ContainerStateMachine:uninitialized
2019-10-10 00:01:48,199 [pool-599-thread-1] INFO  server.RaftServerConfigKeys (ConfUtils.java:logGet(43)) - raft.server.rpc.timeout.min = 5s (custom)
2019-10-10 00:01:48,199 [pool-599-thread-1] INFO  server.RaftServerConfigKeys (ConfUtils.java:logGet(43)) - raft.server.rpc.timeout.max = 5200ms (custom)
2019-10-10 00:01:48,199 [pool-599-thread-1] INFO  server.RaftServerConfigKeys (ConfUtils.java:logGet(43)) - raft.server.rpcslowness.timeout = 120s (custom)
2019-10-10 00:01:48,199 [pool-599-thread-1] INFO  server.RaftServerConfigKeys (ConfUtils.java:logGet(43)) - raft.server.sleep.deviation.threshold = 300 (default)
2019-10-10 00:01:48,199 [pool-599-thread-1] INFO  server.RaftServerConfigKeys (ConfUtils.java:logGet(43)) - raft.server.log.appender.install.snapshot.enabled = false (custom)
2019-10-10 00:01:48,199 [pool-599-thread-1] INFO  impl.RaftServerImpl (ServerState.java:<init>(103)) - 637124dd-f406-45d2-84f3-876d285ded15@group-5878F4EDDFA2: ConfigurationManager, init=-1: [637124dd-f406-45d2-84f3-876d285ded15:192.168.157.245:39529], old=null, confs=<EMPTY_MAP>
2019-10-10 00:01:48,199 [pool-599-thread-1] INFO  server.RaftServerConfigKeys (ConfUtils.java:logGet(43)) - raft.server.storage.dir = [/workdir/hadoop-ozone/integration-test/target/test-dir/MiniOzoneClusterImpl-108913ae-be94-45ca-ae83-5210113f037a/datanode-1/data/ratis] (custom)
2019-10-10 00:01:48,200 [pool-599-thread-1] INFO  server.RaftServerConfigKeys (ConfUtils.java:logGet(43)) - raft.server.log.corruption.policy = EXCEPTION (default)
2019-10-10 00:01:48,200 [pool-599-thread-1] INFO  storage.RaftStorageDirectory (RaftStorageDirectory.java:analyzeStorage(246)) - The storage directory /workdir/hadoop-ozone/integration-test/target/test-dir/MiniOzoneClusterImpl-108913ae-be94-45ca-ae83-5210113f037a/datanode-1/data/ratis/543584e6-3c0c-4027-9c1a-5878f4eddfa2 does not exist. Creating ...
2019-10-10 00:01:48,214 [pool-599-thread-1] INFO  storage.RaftStorageDirectory (RaftStorageDirectory.java:tryLock(328)) - Lock on /workdir/hadoop-ozone/integration-test/target/test-dir/MiniOzoneClusterImpl-108913ae-be94-45ca-ae83-5210113f037a/datanode-1/data/ratis/543584e6-3c0c-4027-9c1a-5878f4eddfa2/in_use.lock acquired by nodename 7564@pr-hdds-2266-b8s26-4239225152
2019-10-10 00:01:48,226 [pool-599-thread-1] INFO  storage.RaftStorage (RaftStorage.java:format(84)) - Storage directory /workdir/hadoop-ozone/integration-test/target/test-dir/MiniOzoneClusterImpl-108913ae-be94-45ca-ae83-5210113f037a/datanode-1/data/ratis/543584e6-3c0c-4027-9c1a-5878f4eddfa2 has been successfully formatted.
2019-10-10 00:01:48,227 [pool-599-thread-1] INFO  ratis.ContainerStateMachine (ContainerStateMachine.java:loadSnapshot(231)) - group-5878F4EDDFA2: The snapshot info is null. Setting the last applied indexto:(t:0, i:~)
2019-10-10 00:01:48,227 [pool-599-thread-1] INFO  server.RaftServerConfigKeys (ConfUtils.java:logGet(43)) - raft.server.notification.no-leader.timeout = 120s (custom)
2019-10-10 00:01:48,227 [pool-599-thread-1] INFO  server.RaftServerConfigKeys (ConfUtils.java:logGet(43)) - raft.server.log.use.memory = false (default)
2019-10-10 00:01:48,227 [pool-599-thread-1] INFO  server.RaftServerConfigKeys (ConfUtils.java:logGet(43)) - raft.server.log.purge.gap = 1000000 (custom)
2019-10-10 00:01:48,227 [pool-599-thread-1] INFO  server.RaftServerConfigKeys (ConfUtils.java:logGet(43)) - raft.server.log.appender.buffer.byte-limit = 33554432 (custom)
2019-10-10 00:01:48,227 [pool-599-thread-1] INFO  server.RaftServerConfigKeys (ConfUtils.java:logGet(43)) - raft.server.log.segment.size.max = 1048576 (custom)
2019-10-10 00:01:48,229 [pool-599-thread-1] INFO  server.RaftServerConfigKeys (ConfUtils.java:logGet(43)) - raft.server.log.segment.cache.num.max = 2 (custom)
2019-10-10 00:01:48,229 [pool-599-thread-1] INFO  segmented.SegmentedRaftLogWorker (SegmentedRaftLogWorker.java:<init>(173)) - new 637124dd-f406-45d2-84f3-876d285ded15@group-5878F4EDDFA2-SegmentedRaftLogWorker for RaftStorage:Storage Directory /workdir/hadoop-ozone/integration-test/target/test-dir/MiniOzoneClusterImpl-108913ae-be94-45ca-ae83-5210113f037a/datanode-1/data/ratis/543584e6-3c0c-4027-9c1a-5878f4eddfa2
2019-10-10 00:01:48,229 [pool-599-thread-1] INFO  server.RaftServerConfigKeys (ConfUtils.java:logGet(43)) - raft.server.log.queue.byte-limit = 2147483647 (custom)
2019-10-10 00:01:48,229 [pool-599-thread-1] INFO  server.RaftServerConfigKeys (ConfUtils.java:logGet(43)) - raft.server.log.queue.element-limit = 1024 (custom)
2019-10-10 00:01:48,229 [pool-599-thread-1] INFO  server.RaftServerConfigKeys (ConfUtils.java:logGet(43)) - raft.server.log.segment.size.max = 1048576 (custom)
2019-10-10 00:01:48,229 [pool-599-thread-1] INFO  server.RaftServerConfigKeys (ConfUtils.java:logGet(43)) - raft.server.log.preallocated.size = 16384 (custom)
2019-10-10 00:01:48,229 [pool-599-thread-1] INFO  server.RaftServerConfigKeys (ConfUtils.java:logGet(43)) - raft.server.log.write.buffer.size = 33554432 (custom)
2019-10-10 00:01:48,229 [pool-599-thread-1] INFO  server.RaftServerConfigKeys (ConfUtils.java:logGet(43)) - raft.server.log.force.sync.num = 128 (default)
2019-10-10 00:01:48,229 [pool-599-thread-1] INFO  server.RaftServerConfigKeys (ConfUtils.java:logGet(43)) - raft.server.log.statemachine.data.sync = true (default)
2019-10-10 00:01:48,230 [pool-599-thread-1] INFO  server.RaftServerConfigKeys (ConfUtils.java:logGet(43)) - raft.server.log.statemachine.data.sync.timeout = 10s (default)
2019-10-10 00:01:48,230 [pool-599-thread-1] INFO  server.RaftServerConfigKeys (ConfUtils.java:logGet(43)) - raft.server.log.statemachine.data.sync.timeout.retry = -1 (default)
2019-10-10 00:01:48,230 [pool-599-thread-1] INFO  server.RaftServerConfigKeys (ConfUtils.java:logGet(43)) - raft.server.log.statemachine.data.caching.enabled = true (custom)
2019-10-10 00:01:48,230 [pool-599-thread-1] INFO  segmented.SegmentedRaftLogWorker (SegmentedRaftLogWorker.java:lambda$new$0(128)) - 637124dd-f406-45d2-84f3-876d285ded15@group-5878F4EDDFA2-SegmentedRaftLogWorker: flushIndex: setUnconditionally 0 -> -1
2019-10-10 00:01:48,230 [pool-599-thread-1] INFO  server.RaftServerConfigKeys (ConfUtils.java:logGet(43)) - raft.server.snapshot.auto.trigger.enabled = true (custom)
2019-10-10 00:01:48,231 [pool-599-thread-1] INFO  server.RaftServerConfigKeys (ConfUtils.java:logGet(43)) - raft.server.snapshot.auto.trigger.threshold = 10000 (custom)
2019-10-10 00:01:48,231 [pool-599-thread-1] INFO  server.RaftServerConfigKeys (ConfUtils.java:logGet(43)) - raft.server.snapshot.retention.file.num = 5 (custom)
2019-10-10 00:01:48,231 [pool-599-thread-1] INFO  server.RaftServerConfigKeys (ConfUtils.java:logGet(43)) - raft.server.retrycache.expirytime = 600000ms (custom)
2019-10-10 00:01:48,232 [pool-599-thread-1] INFO  impl.RaftServerImpl (RaftServerImpl.java:start(181)) - 637124dd-f406-45d2-84f3-876d285ded15@group-5878F4EDDFA2: start as a follower, conf=-1: [637124dd-f406-45d2-84f3-876d285ded15:192.168.157.245:39529], old=null
2019-10-10 00:01:48,233 [pool-599-thread-1] INFO  impl.RaftServerImpl (RaftServerImpl.java:setRole(170)) - 637124dd-f406-45d2-84f3-876d285ded15@group-5878F4EDDFA2: changes role from      null to FOLLOWER at term 0 for startAsFollower
2019-10-10 00:01:48,233 [pool-599-thread-1] INFO  impl.RoleInfo (RoleInfo.java:updateAndGet(143)) - 637124dd-f406-45d2-84f3-876d285ded15: start FollowerState
2019-10-10 00:01:48,233 [pool-599-thread-1] INFO  util.JmxRegister (JmxRegister.java:tryRegister(44)) - Successfully registered JMX Bean with object name Ratis:service=RaftServer,group=group-5878F4EDDFA2,id=637124dd-f406-45d2-84f3-876d285ded15
2019-10-10 00:01:48,240 [RatisPipelineUtilsThread] INFO  pipeline.PipelineStateManager (PipelineStateManager.java:addPipeline(56)) - Created pipeline Pipeline[ Id: 543584e6-3c0c-4027-9c1a-5878f4eddfa2, Nodes: 637124dd-f406-45d2-84f3-876d285ded15{ip: 192.168.157.245, host: pr-hdds-2266-b8s26-4239225152, networkLocation: /default-rack, certSerialId: null}, Type:RATIS, Factor:ONE, State:OPEN]
2019-10-10 00:01:48,250 [IPC Server handler 5 on 40984] INFO  net.NetworkTopology (NetworkTopologyImpl.java:add(111)) - Added a new node: /default-rack/9386b9a1-795a-4fcc-8e16-52cccb22d193
2019-10-10 00:01:48,262 [IPC Server handler 5 on 40984] INFO  node.SCMNodeManager (SCMNodeManager.java:register(268)) - Registered Data node : 9386b9a1-795a-4fcc-8e16-52cccb22d193{ip: 192.168.157.245, host: pr-hdds-2266-b8s26-4239225152, networkLocation: /default-rack, certSerialId: null}
2019-10-10 00:01:48,268 [grpc-default-executor-8] INFO  impl.RaftServerProxy (RaftServerProxy.java:addNew(89)) - 9386b9a1-795a-4fcc-8e16-52cccb22d193: addNew group-917E67F4410C:[9386b9a1-795a-4fcc-8e16-52cccb22d193:192.168.157.245:39809] returns group-917E67F4410C:java.util.concurrent.CompletableFuture@6d284fc[Not completed]
2019-10-10 00:01:48,269 [pool-609-thread-1] INFO  impl.RaftServerImpl (RaftServerImpl.java:<init>(95)) - 9386b9a1-795a-4fcc-8e16-52cccb22d193: new RaftServerImpl for group-917E67F4410C:[9386b9a1-795a-4fcc-8e16-52cccb22d193:192.168.157.245:39809] with ContainerStateMachine:uninitialized
2019-10-10 00:01:48,269 [pool-609-thread-1] INFO  server.RaftServerConfigKeys (ConfUtils.java:logGet(43)) - raft.server.rpc.timeout.min = 5s (custom)
2019-10-10 00:01:48,269 [pool-609-thread-1] INFO  server.RaftServerConfigKeys (ConfUtils.java:logGet(43)) - raft.server.rpc.timeout.max = 5200ms (custom)
2019-10-10 00:01:48,269 [pool-609-thread-1] INFO  server.RaftServerConfigKeys (ConfUtils.java:logGet(43)) - raft.server.rpcslowness.timeout = 120s (custom)
2019-10-10 00:01:48,269 [pool-609-thread-1] INFO  server.RaftServerConfigKeys (ConfUtils.java:logGet(43)) - raft.server.sleep.deviation.threshold = 300 (default)
2019-10-10 00:01:48,269 [pool-609-thread-1] INFO  server.RaftServerConfigKeys (ConfUtils.java:logGet(43)) - raft.server.log.appender.install.snapshot.enabled = false (custom)
2019-10-10 00:01:48,270 [pool-609-thread-1] INFO  impl.RaftServerImpl (ServerState.java:<init>(103)) - 9386b9a1-795a-4fcc-8e16-52cccb22d193@group-917E67F4410C: ConfigurationManager, init=-1: [9386b9a1-795a-4fcc-8e16-52cccb22d193:192.168.157.245:39809], old=null, confs=<EMPTY_MAP>
2019-10-10 00:01:48,270 [pool-609-thread-1] INFO  server.RaftServerConfigKeys (ConfUtils.java:logGet(43)) - raft.server.storage.dir = [/workdir/hadoop-ozone/integration-test/target/test-dir/MiniOzoneClusterImpl-108913ae-be94-45ca-ae83-5210113f037a/datanode-2/data/ratis] (custom)
2019-10-10 00:01:48,270 [pool-609-thread-1] INFO  server.RaftServerConfigKeys (ConfUtils.java:logGet(43)) - raft.server.log.corruption.policy = EXCEPTION (default)
2019-10-10 00:01:48,270 [pool-609-thread-1] INFO  storage.RaftStorageDirectory (RaftStorageDirectory.java:analyzeStorage(246)) - The storage directory /workdir/hadoop-ozone/integration-test/target/test-dir/MiniOzoneClusterImpl-108913ae-be94-45ca-ae83-5210113f037a/datanode-2/data/ratis/426ad02e-30bc-4593-96c7-917e67f4410c does not exist. Creating ...
2019-10-10 00:01:48,283 [pool-609-thread-1] INFO  storage.RaftStorageDirectory (RaftStorageDirectory.java:tryLock(328)) - Lock on /workdir/hadoop-ozone/integration-test/target/test-dir/MiniOzoneClusterImpl-108913ae-be94-45ca-ae83-5210113f037a/datanode-2/data/ratis/426ad02e-30bc-4593-96c7-917e67f4410c/in_use.lock acquired by nodename 7564@pr-hdds-2266-b8s26-4239225152
2019-10-10 00:01:48,295 [pool-609-thread-1] INFO  storage.RaftStorage (RaftStorage.java:format(84)) - Storage directory /workdir/hadoop-ozone/integration-test/target/test-dir/MiniOzoneClusterImpl-108913ae-be94-45ca-ae83-5210113f037a/datanode-2/data/ratis/426ad02e-30bc-4593-96c7-917e67f4410c has been successfully formatted.
2019-10-10 00:01:48,295 [pool-609-thread-1] INFO  ratis.ContainerStateMachine (ContainerStateMachine.java:loadSnapshot(231)) - group-917E67F4410C: The snapshot info is null. Setting the last applied indexto:(t:0, i:~)
2019-10-10 00:01:48,295 [pool-609-thread-1] INFO  server.RaftServerConfigKeys (ConfUtils.java:logGet(43)) - raft.server.notification.no-leader.timeout = 120s (custom)
2019-10-10 00:01:48,295 [pool-609-thread-1] INFO  server.RaftServerConfigKeys (ConfUtils.java:logGet(43)) - raft.server.log.use.memory = false (default)
2019-10-10 00:01:48,296 [pool-609-thread-1] INFO  server.RaftServerConfigKeys (ConfUtils.java:logGet(43)) - raft.server.log.purge.gap = 1000000 (custom)
2019-10-10 00:01:48,296 [pool-609-thread-1] INFO  server.RaftServerConfigKeys (ConfUtils.java:logGet(43)) - raft.server.log.appender.buffer.byte-limit = 33554432 (custom)
2019-10-10 00:01:48,296 [pool-609-thread-1] INFO  server.RaftServerConfigKeys (ConfUtils.java:logGet(43)) - raft.server.log.segment.size.max = 1048576 (custom)
2019-10-10 00:01:48,297 [pool-609-thread-1] INFO  server.RaftServerConfigKeys (ConfUtils.java:logGet(43)) - raft.server.log.segment.cache.num.max = 2 (custom)
2019-10-10 00:01:48,297 [pool-609-thread-1] INFO  segmented.SegmentedRaftLogWorker (SegmentedRaftLogWorker.java:<init>(173)) - new 9386b9a1-795a-4fcc-8e16-52cccb22d193@group-917E67F4410C-SegmentedRaftLogWorker for RaftStorage:Storage Directory /workdir/hadoop-ozone/integration-test/target/test-dir/MiniOzoneClusterImpl-108913ae-be94-45ca-ae83-5210113f037a/datanode-2/data/ratis/426ad02e-30bc-4593-96c7-917e67f4410c
2019-10-10 00:01:48,298 [pool-609-thread-1] INFO  server.RaftServerConfigKeys (ConfUtils.java:logGet(43)) - raft.server.log.queue.byte-limit = 2147483647 (custom)
2019-10-10 00:01:48,298 [pool-609-thread-1] INFO  server.RaftServerConfigKeys (ConfUtils.java:logGet(43)) - raft.server.log.queue.element-limit = 1024 (custom)
2019-10-10 00:01:48,298 [pool-609-thread-1] INFO  server.RaftServerConfigKeys (ConfUtils.java:logGet(43)) - raft.server.log.segment.size.max = 1048576 (custom)
2019-10-10 00:01:48,298 [pool-609-thread-1] INFO  server.RaftServerConfigKeys (ConfUtils.java:logGet(43)) - raft.server.log.preallocated.size = 16384 (custom)
2019-10-10 00:01:48,298 [pool-609-thread-1] INFO  server.RaftServerConfigKeys (ConfUtils.java:logGet(43)) - raft.server.log.write.buffer.size = 33554432 (custom)
2019-10-10 00:01:48,298 [pool-609-thread-1] INFO  server.RaftServerConfigKeys (ConfUtils.java:logGet(43)) - raft.server.log.force.sync.num = 128 (default)
2019-10-10 00:01:48,298 [pool-609-thread-1] INFO  server.RaftServerConfigKeys (ConfUtils.java:logGet(43)) - raft.server.log.statemachine.data.sync = true (default)
2019-10-10 00:01:48,298 [pool-609-thread-1] INFO  server.RaftServerConfigKeys (ConfUtils.java:logGet(43)) - raft.server.log.statemachine.data.sync.timeout = 10s (default)
2019-10-10 00:01:48,298 [pool-609-thread-1] INFO  server.RaftServerConfigKeys (ConfUtils.java:logGet(43)) - raft.server.log.statemachine.data.sync.timeout.retry = -1 (default)
2019-10-10 00:01:48,299 [pool-609-thread-1] INFO  server.RaftServerConfigKeys (ConfUtils.java:logGet(43)) - raft.server.log.statemachine.data.caching.enabled = true (custom)
2019-10-10 00:01:48,299 [pool-609-thread-1] INFO  segmented.SegmentedRaftLogWorker (SegmentedRaftLogWorker.java:lambda$new$0(128)) - 9386b9a1-795a-4fcc-8e16-52cccb22d193@group-917E67F4410C-SegmentedRaftLogWorker: flushIndex: setUnconditionally 0 -> -1
2019-10-10 00:01:48,299 [pool-609-thread-1] INFO  server.RaftServerConfigKeys (ConfUtils.java:logGet(43)) - raft.server.snapshot.auto.trigger.enabled = true (custom)
2019-10-10 00:01:48,299 [pool-609-thread-1] INFO  server.RaftServerConfigKeys (ConfUtils.java:logGet(43)) - raft.server.snapshot.auto.trigger.threshold = 10000 (custom)
2019-10-10 00:01:48,300 [pool-609-thread-1] INFO  server.RaftServerConfigKeys (ConfUtils.java:logGet(43)) - raft.server.snapshot.retention.file.num = 5 (custom)
2019-10-10 00:01:48,300 [pool-609-thread-1] INFO  server.RaftServerConfigKeys (ConfUtils.java:logGet(43)) - raft.server.retrycache.expirytime = 600000ms (custom)
2019-10-10 00:01:48,301 [pool-609-thread-1] INFO  impl.RaftServerImpl (RaftServerImpl.java:start(181)) - 9386b9a1-795a-4fcc-8e16-52cccb22d193@group-917E67F4410C: start as a follower, conf=-1: [9386b9a1-795a-4fcc-8e16-52cccb22d193:192.168.157.245:39809], old=null
2019-10-10 00:01:48,301 [pool-609-thread-1] INFO  impl.RaftServerImpl (RaftServerImpl.java:setRole(170)) - 9386b9a1-795a-4fcc-8e16-52cccb22d193@group-917E67F4410C: changes role from      null to FOLLOWER at term 0 for startAsFollower
2019-10-10 00:01:48,301 [pool-609-thread-1] INFO  impl.RoleInfo (RoleInfo.java:updateAndGet(143)) - 9386b9a1-795a-4fcc-8e16-52cccb22d193: start FollowerState
2019-10-10 00:01:48,302 [pool-609-thread-1] INFO  util.JmxRegister (JmxRegister.java:tryRegister(44)) - Successfully registered JMX Bean with object name Ratis:service=RaftServer,group=group-917E67F4410C,id=9386b9a1-795a-4fcc-8e16-52cccb22d193
2019-10-10 00:01:48,307 [RatisPipelineUtilsThread] INFO  pipeline.PipelineStateManager (PipelineStateManager.java:addPipeline(56)) - Created pipeline Pipeline[ Id: 426ad02e-30bc-4593-96c7-917e67f4410c, Nodes: 9386b9a1-795a-4fcc-8e16-52cccb22d193{ip: 192.168.157.245, host: pr-hdds-2266-b8s26-4239225152, networkLocation: /default-rack, certSerialId: null}, Type:RATIS, Factor:ONE, State:OPEN]
2019-10-10 00:01:48,319 [grpc-default-executor-8] INFO  impl.RaftServerProxy (RaftServerProxy.java:addNew(89)) - 9386b9a1-795a-4fcc-8e16-52cccb22d193: addNew group-2D2D1A484D35:[637124dd-f406-45d2-84f3-876d285ded15:192.168.157.245:39529, 44809ed9-9065-491d-9993-3d85ca8eea00:192.168.157.245:46436, 9386b9a1-795a-4fcc-8e16-52cccb22d193:192.168.157.245:39809] returns group-2D2D1A484D35:java.util.concurrent.CompletableFuture@4c0bf9f0[Not completed]
2019-10-10 00:01:48,319 [grpc-default-executor-6] INFO  impl.RaftServerProxy (RaftServerProxy.java:addNew(89)) - 44809ed9-9065-491d-9993-3d85ca8eea00: addNew group-2D2D1A484D35:[637124dd-f406-45d2-84f3-876d285ded15:192.168.157.245:39529, 44809ed9-9065-491d-9993-3d85ca8eea00:192.168.157.245:46436, 9386b9a1-795a-4fcc-8e16-52cccb22d193:192.168.157.245:39809] returns group-2D2D1A484D35:java.util.concurrent.CompletableFuture@e6b0a0c[Not completed]
2019-10-10 00:01:48,319 [pool-609-thread-1] INFO  impl.RaftServerImpl (RaftServerImpl.java:<init>(95)) - 9386b9a1-795a-4fcc-8e16-52cccb22d193: new RaftServerImpl for group-2D2D1A484D35:[637124dd-f406-45d2-84f3-876d285ded15:192.168.157.245:39529, 44809ed9-9065-491d-9993-3d85ca8eea00:192.168.157.245:46436, 9386b9a1-795a-4fcc-8e16-52cccb22d193:192.168.157.245:39809] with ContainerStateMachine:uninitialized
2019-10-10 00:01:48,319 [grpc-default-executor-6] INFO  impl.RaftServerProxy (RaftServerProxy.java:addNew(89)) - 637124dd-f406-45d2-84f3-876d285ded15: addNew group-2D2D1A484D35:[637124dd-f406-45d2-84f3-876d285ded15:192.168.157.245:39529, 44809ed9-9065-491d-9993-3d85ca8eea00:192.168.157.245:46436, 9386b9a1-795a-4fcc-8e16-52cccb22d193:192.168.157.245:39809] returns group-2D2D1A484D35:java.util.concurrent.CompletableFuture@61c2e58f[Not completed]
2019-10-10 00:01:48,320 [pool-609-thread-1] INFO  server.RaftServerConfigKeys (ConfUtils.java:logGet(43)) - raft.server.rpc.timeout.min = 5s (custom)
2019-10-10 00:01:48,320 [pool-609-thread-1] INFO  server.RaftServerConfigKeys (ConfUtils.java:logGet(43)) - raft.server.rpc.timeout.max = 5200ms (custom)
2019-10-10 00:01:48,320 [pool-609-thread-1] INFO  server.RaftServerConfigKeys (ConfUtils.java:logGet(43)) - raft.server.rpcslowness.timeout = 120s (custom)
2019-10-10 00:01:48,320 [pool-589-thread-1] INFO  impl.RaftServerImpl (RaftServerImpl.java:<init>(95)) - 44809ed9-9065-491d-9993-3d85ca8eea00: new RaftServerImpl for group-2D2D1A484D35:[637124dd-f406-45d2-84f3-876d285ded15:192.168.157.245:39529, 44809ed9-9065-491d-9993-3d85ca8eea00:192.168.157.245:46436, 9386b9a1-795a-4fcc-8e16-52cccb22d193:192.168.157.245:39809] with ContainerStateMachine:uninitialized
2019-10-10 00:01:48,320 [pool-609-thread-1] INFO  server.RaftServerConfigKeys (ConfUtils.java:logGet(43)) - raft.server.sleep.deviation.threshold = 300 (default)
2019-10-10 00:01:48,320 [pool-589-thread-1] INFO  server.RaftServerConfigKeys (ConfUtils.java:logGet(43)) - raft.server.rpc.timeout.min = 5s (custom)
2019-10-10 00:01:48,320 [pool-609-thread-1] INFO  server.RaftServerConfigKeys (ConfUtils.java:logGet(43)) - raft.server.log.appender.install.snapshot.enabled = false (custom)
2019-10-10 00:01:48,320 [pool-599-thread-1] INFO  impl.RaftServerImpl (RaftServerImpl.java:<init>(95)) - 637124dd-f406-45d2-84f3-876d285ded15: new RaftServerImpl for group-2D2D1A484D35:[637124dd-f406-45d2-84f3-876d285ded15:192.168.157.245:39529, 44809ed9-9065-491d-9993-3d85ca8eea00:192.168.157.245:46436, 9386b9a1-795a-4fcc-8e16-52cccb22d193:192.168.157.245:39809] with ContainerStateMachine:uninitialized
2019-10-10 00:01:48,320 [pool-589-thread-1] INFO  server.RaftServerConfigKeys (ConfUtils.java:logGet(43)) - raft.server.rpc.timeout.max = 5200ms (custom)
2019-10-10 00:01:48,321 [pool-599-thread-1] INFO  server.RaftServerConfigKeys (ConfUtils.java:logGet(43)) - raft.server.rpc.timeout.min = 5s (custom)
2019-10-10 00:01:48,321 [pool-609-thread-1] INFO  impl.RaftServerImpl (ServerState.java:<init>(103)) - 9386b9a1-795a-4fcc-8e16-52cccb22d193@group-2D2D1A484D35: ConfigurationManager, init=-1: [637124dd-f406-45d2-84f3-876d285ded15:192.168.157.245:39529, 44809ed9-9065-491d-9993-3d85ca8eea00:192.168.157.245:46436, 9386b9a1-795a-4fcc-8e16-52cccb22d193:192.168.157.245:39809], old=null, confs=<EMPTY_MAP>
2019-10-10 00:01:48,321 [pool-599-thread-1] INFO  server.RaftServerConfigKeys (ConfUtils.java:logGet(43)) - raft.server.rpc.timeout.max = 5200ms (custom)
2019-10-10 00:01:48,321 [pool-589-thread-1] INFO  server.RaftServerConfigKeys (ConfUtils.java:logGet(43)) - raft.server.rpcslowness.timeout = 120s (custom)
2019-10-10 00:01:48,321 [pool-599-thread-1] INFO  server.RaftServerConfigKeys (ConfUtils.java:logGet(43)) - raft.server.rpcslowness.timeout = 120s (custom)
2019-10-10 00:01:48,321 [pool-609-thread-1] INFO  server.RaftServerConfigKeys (ConfUtils.java:logGet(43)) - raft.server.storage.dir = [/workdir/hadoop-ozone/integration-test/target/test-dir/MiniOzoneClusterImpl-108913ae-be94-45ca-ae83-5210113f037a/datanode-2/data/ratis] (custom)
2019-10-10 00:01:48,321 [pool-599-thread-1] INFO  server.RaftServerConfigKeys (ConfUtils.java:logGet(43)) - raft.server.sleep.deviation.threshold = 300 (default)
2019-10-10 00:01:48,322 [pool-599-thread-1] INFO  server.RaftServerConfigKeys (ConfUtils.java:logGet(43)) - raft.server.log.appender.install.snapshot.enabled = false (custom)
2019-10-10 00:01:48,321 [pool-589-thread-1] INFO  server.RaftServerConfigKeys (ConfUtils.java:logGet(43)) - raft.server.sleep.deviation.threshold = 300 (default)
2019-10-10 00:01:48,322 [pool-599-thread-1] INFO  impl.RaftServerImpl (ServerState.java:<init>(103)) - 637124dd-f406-45d2-84f3-876d285ded15@group-2D2D1A484D35: ConfigurationManager, init=-1: [637124dd-f406-45d2-84f3-876d285ded15:192.168.157.245:39529, 44809ed9-9065-491d-9993-3d85ca8eea00:192.168.157.245:46436, 9386b9a1-795a-4fcc-8e16-52cccb22d193:192.168.157.245:39809], old=null, confs=<EMPTY_MAP>
2019-10-10 00:01:48,322 [pool-609-thread-1] INFO  server.RaftServerConfigKeys (ConfUtils.java:logGet(43)) - raft.server.log.corruption.policy = EXCEPTION (default)
2019-10-10 00:01:48,322 [pool-599-thread-1] INFO  server.RaftServerConfigKeys (ConfUtils.java:logGet(43)) - raft.server.storage.dir = [/workdir/hadoop-ozone/integration-test/target/test-dir/MiniOzoneClusterImpl-108913ae-be94-45ca-ae83-5210113f037a/datanode-1/data/ratis] (custom)
2019-10-10 00:01:48,322 [pool-589-thread-1] INFO  server.RaftServerConfigKeys (ConfUtils.java:logGet(43)) - raft.server.log.appender.install.snapshot.enabled = false (custom)
2019-10-10 00:01:48,322 [pool-599-thread-1] INFO  server.RaftServerConfigKeys (ConfUtils.java:logGet(43)) - raft.server.log.corruption.policy = EXCEPTION (default)
2019-10-10 00:01:48,322 [pool-609-thread-1] INFO  storage.RaftStorageDirectory (RaftStorageDirectory.java:analyzeStorage(246)) - The storage directory /workdir/hadoop-ozone/integration-test/target/test-dir/MiniOzoneClusterImpl-108913ae-be94-45ca-ae83-5210113f037a/datanode-2/data/ratis/6cc10616-78bd-4271-8898-2d2d1a484d35 does not exist. Creating ...
2019-10-10 00:01:48,322 [pool-599-thread-1] INFO  storage.RaftStorageDirectory (RaftStorageDirectory.java:analyzeStorage(246)) - The storage directory /workdir/hadoop-ozone/integration-test/target/test-dir/MiniOzoneClusterImpl-108913ae-be94-45ca-ae83-5210113f037a/datanode-1/data/ratis/6cc10616-78bd-4271-8898-2d2d1a484d35 does not exist. Creating ...
2019-10-10 00:01:48,322 [pool-589-thread-1] INFO  impl.RaftServerImpl (ServerState.java:<init>(103)) - 44809ed9-9065-491d-9993-3d85ca8eea00@group-2D2D1A484D35: ConfigurationManager, init=-1: [637124dd-f406-45d2-84f3-876d285ded15:192.168.157.245:39529, 44809ed9-9065-491d-9993-3d85ca8eea00:192.168.157.245:46436, 9386b9a1-795a-4fcc-8e16-52cccb22d193:192.168.157.245:39809], old=null, confs=<EMPTY_MAP>
2019-10-10 00:01:48,323 [pool-589-thread-1] INFO  server.RaftServerConfigKeys (ConfUtils.java:logGet(43)) - raft.server.storage.dir = [/workdir/hadoop-ozone/integration-test/target/test-dir/MiniOzoneClusterImpl-108913ae-be94-45ca-ae83-5210113f037a/datanode-0/data/ratis] (custom)
2019-10-10 00:01:48,323 [pool-589-thread-1] INFO  server.RaftServerConfigKeys (ConfUtils.java:logGet(43)) - raft.server.log.corruption.policy = EXCEPTION (default)
2019-10-10 00:01:48,323 [pool-589-thread-1] INFO  storage.RaftStorageDirectory (RaftStorageDirectory.java:analyzeStorage(246)) - The storage directory /workdir/hadoop-ozone/integration-test/target/test-dir/MiniOzoneClusterImpl-108913ae-be94-45ca-ae83-5210113f037a/datanode-0/data/ratis/6cc10616-78bd-4271-8898-2d2d1a484d35 does not exist. Creating ...
2019-10-10 00:01:48,331 [IPC Server handler 6 on 40984] INFO  net.NetworkTopology (NetworkTopologyImpl.java:add(111)) - Added a new node: /default-rack/e517ceab-692d-4b3d-be19-c78fe19f8521
2019-10-10 00:01:48,331 [IPC Server handler 6 on 40984] INFO  node.SCMNodeManager (SCMNodeManager.java:register(268)) - Registered Data node : e517ceab-692d-4b3d-be19-c78fe19f8521{ip: 192.168.157.245, host: pr-hdds-2266-b8s26-4239225152, networkLocation: /default-rack, certSerialId: null}
2019-10-10 00:01:48,337 [pool-599-thread-1] INFO  storage.RaftStorageDirectory (RaftStorageDirectory.java:tryLock(328)) - Lock on /workdir/hadoop-ozone/integration-test/target/test-dir/MiniOzoneClusterImpl-108913ae-be94-45ca-ae83-5210113f037a/datanode-1/data/ratis/6cc10616-78bd-4271-8898-2d2d1a484d35/in_use.lock acquired by nodename 7564@pr-hdds-2266-b8s26-4239225152
2019-10-10 00:01:48,337 [pool-609-thread-1] INFO  storage.RaftStorageDirectory (RaftStorageDirectory.java:tryLock(328)) - Lock on /workdir/hadoop-ozone/integration-test/target/test-dir/MiniOzoneClusterImpl-108913ae-be94-45ca-ae83-5210113f037a/datanode-2/data/ratis/6cc10616-78bd-4271-8898-2d2d1a484d35/in_use.lock acquired by nodename 7564@pr-hdds-2266-b8s26-4239225152
2019-10-10 00:01:48,337 [pool-589-thread-1] INFO  storage.RaftStorageDirectory (RaftStorageDirectory.java:tryLock(328)) - Lock on /workdir/hadoop-ozone/integration-test/target/test-dir/MiniOzoneClusterImpl-108913ae-be94-45ca-ae83-5210113f037a/datanode-0/data/ratis/6cc10616-78bd-4271-8898-2d2d1a484d35/in_use.lock acquired by nodename 7564@pr-hdds-2266-b8s26-4239225152
2019-10-10 00:01:48,341 [pool-609-thread-1] INFO  storage.RaftStorage (RaftStorage.java:format(84)) - Storage directory /workdir/hadoop-ozone/integration-test/target/test-dir/MiniOzoneClusterImpl-108913ae-be94-45ca-ae83-5210113f037a/datanode-2/data/ratis/6cc10616-78bd-4271-8898-2d2d1a484d35 has been successfully formatted.
2019-10-10 00:01:48,341 [pool-589-thread-1] INFO  storage.RaftStorage (RaftStorage.java:format(84)) - Storage directory /workdir/hadoop-ozone/integration-test/target/test-dir/MiniOzoneClusterImpl-108913ae-be94-45ca-ae83-5210113f037a/datanode-0/data/ratis/6cc10616-78bd-4271-8898-2d2d1a484d35 has been successfully formatted.
2019-10-10 00:01:48,341 [pool-599-thread-1] INFO  storage.RaftStorage (RaftStorage.java:format(84)) - Storage directory /workdir/hadoop-ozone/integration-test/target/test-dir/MiniOzoneClusterImpl-108913ae-be94-45ca-ae83-5210113f037a/datanode-1/data/ratis/6cc10616-78bd-4271-8898-2d2d1a484d35 has been successfully formatted.
2019-10-10 00:01:48,341 [pool-609-thread-1] INFO  ratis.ContainerStateMachine (ContainerStateMachine.java:loadSnapshot(231)) - group-2D2D1A484D35: The snapshot info is null. Setting the last applied indexto:(t:0, i:~)
2019-10-10 00:01:48,341 [pool-599-thread-1] INFO  ratis.ContainerStateMachine (ContainerStateMachine.java:loadSnapshot(231)) - group-2D2D1A484D35: The snapshot info is null. Setting the last applied indexto:(t:0, i:~)
2019-10-10 00:01:48,341 [pool-589-thread-1] INFO  ratis.ContainerStateMachine (ContainerStateMachine.java:loadSnapshot(231)) - group-2D2D1A484D35: The snapshot info is null. Setting the last applied indexto:(t:0, i:~)
2019-10-10 00:01:48,342 [pool-599-thread-1] INFO  server.RaftServerConfigKeys (ConfUtils.java:logGet(43)) - raft.server.notification.no-leader.timeout = 120s (custom)
2019-10-10 00:01:48,341 [pool-609-thread-1] INFO  server.RaftServerConfigKeys (ConfUtils.java:logGet(43)) - raft.server.notification.no-leader.timeout = 120s (custom)
2019-10-10 00:01:48,342 [pool-599-thread-1] INFO  server.RaftServerConfigKeys (ConfUtils.java:logGet(43)) - raft.server.log.use.memory = false (default)
2019-10-10 00:01:48,342 [pool-589-thread-1] INFO  server.RaftServerConfigKeys (ConfUtils.java:logGet(43)) - raft.server.notification.no-leader.timeout = 120s (custom)
2019-10-10 00:01:48,342 [pool-599-thread-1] INFO  server.RaftServerConfigKeys (ConfUtils.java:logGet(43)) - raft.server.log.purge.gap = 1000000 (custom)
2019-10-10 00:01:48,342 [pool-609-thread-1] INFO  server.RaftServerConfigKeys (ConfUtils.java:logGet(43)) - raft.server.log.use.memory = false (default)
2019-10-10 00:01:48,342 [pool-599-thread-1] INFO  server.RaftServerConfigKeys (ConfUtils.java:logGet(43)) - raft.server.log.appender.buffer.byte-limit = 33554432 (custom)
2019-10-10 00:01:48,342 [pool-599-thread-1] INFO  server.RaftServerConfigKeys (ConfUtils.java:logGet(43)) - raft.server.log.segment.size.max = 1048576 (custom)
2019-10-10 00:01:48,342 [pool-589-thread-1] INFO  server.RaftServerConfigKeys (ConfUtils.java:logGet(43)) - raft.server.log.use.memory = false (default)
2019-10-10 00:01:48,343 [pool-599-thread-1] INFO  server.RaftServerConfigKeys (ConfUtils.java:logGet(43)) - raft.server.log.segment.cache.num.max = 2 (custom)
2019-10-10 00:01:48,342 [pool-609-thread-1] INFO  server.RaftServerConfigKeys (ConfUtils.java:logGet(43)) - raft.server.log.purge.gap = 1000000 (custom)
2019-10-10 00:01:48,343 [pool-599-thread-1] INFO  segmented.SegmentedRaftLogWorker (SegmentedRaftLogWorker.java:<init>(173)) - new 637124dd-f406-45d2-84f3-876d285ded15@group-2D2D1A484D35-SegmentedRaftLogWorker for RaftStorage:Storage Directory /workdir/hadoop-ozone/integration-test/target/test-dir/MiniOzoneClusterImpl-108913ae-be94-45ca-ae83-5210113f037a/datanode-1/data/ratis/6cc10616-78bd-4271-8898-2d2d1a484d35
2019-10-10 00:01:48,343 [pool-589-thread-1] INFO  server.RaftServerConfigKeys (ConfUtils.java:logGet(43)) - raft.server.log.purge.gap = 1000000 (custom)
2019-10-10 00:01:48,343 [pool-599-thread-1] INFO  server.RaftServerConfigKeys (ConfUtils.java:logGet(43)) - raft.server.log.queue.byte-limit = 2147483647 (custom)
2019-10-10 00:01:48,343 [pool-609-thread-1] INFO  server.RaftServerConfigKeys (ConfUtils.java:logGet(43)) - raft.server.log.appender.buffer.byte-limit = 33554432 (custom)
2019-10-10 00:01:48,343 [pool-599-thread-1] INFO  server.RaftServerConfigKeys (ConfUtils.java:logGet(43)) - raft.server.log.queue.element-limit = 1024 (custom)
2019-10-10 00:01:48,343 [pool-589-thread-1] INFO  server.RaftServerConfigKeys (ConfUtils.java:logGet(43)) - raft.server.log.appender.buffer.byte-limit = 33554432 (custom)
2019-10-10 00:01:48,344 [pool-599-thread-1] INFO  server.RaftServerConfigKeys (ConfUtils.java:logGet(43)) - raft.server.log.segment.size.max = 1048576 (custom)
2019-10-10 00:01:48,343 [pool-609-thread-1] INFO  server.RaftServerConfigKeys (ConfUtils.java:logGet(43)) - raft.server.log.segment.size.max = 1048576 (custom)
2019-10-10 00:01:48,344 [pool-599-thread-1] INFO  server.RaftServerConfigKeys (ConfUtils.java:logGet(43)) - raft.server.log.preallocated.size = 16384 (custom)
2019-10-10 00:01:48,344 [pool-589-thread-1] INFO  server.RaftServerConfigKeys (ConfUtils.java:logGet(43)) - raft.server.log.segment.size.max = 1048576 (custom)
2019-10-10 00:01:48,344 [pool-599-thread-1] INFO  server.RaftServerConfigKeys (ConfUtils.java:logGet(43)) - raft.server.log.write.buffer.size = 33554432 (custom)
2019-10-10 00:01:48,344 [pool-609-thread-1] INFO  server.RaftServerConfigKeys (ConfUtils.java:logGet(43)) - raft.server.log.segment.cache.num.max = 2 (custom)
2019-10-10 00:01:48,344 [pool-599-thread-1] INFO  server.RaftServerConfigKeys (ConfUtils.java:logGet(43)) - raft.server.log.force.sync.num = 128 (default)
2019-10-10 00:01:48,344 [pool-589-thread-1] INFO  server.RaftServerConfigKeys (ConfUtils.java:logGet(43)) - raft.server.log.segment.cache.num.max = 2 (custom)
2019-10-10 00:01:48,344 [pool-599-thread-1] INFO  server.RaftServerConfigKeys (ConfUtils.java:logGet(43)) - raft.server.log.statemachine.data.sync = true (default)
2019-10-10 00:01:48,344 [pool-609-thread-1] INFO  segmented.SegmentedRaftLogWorker (SegmentedRaftLogWorker.java:<init>(173)) - new 9386b9a1-795a-4fcc-8e16-52cccb22d193@group-2D2D1A484D35-SegmentedRaftLogWorker for RaftStorage:Storage Directory /workdir/hadoop-ozone/integration-test/target/test-dir/MiniOzoneClusterImpl-108913ae-be94-45ca-ae83-5210113f037a/datanode-2/data/ratis/6cc10616-78bd-4271-8898-2d2d1a484d35
2019-10-10 00:01:48,345 [pool-599-thread-1] INFO  server.RaftServerConfigKeys (ConfUtils.java:logGet(43)) - raft.server.log.statemachine.data.sync.timeout = 10s (default)
2019-10-10 00:01:48,345 [pool-589-thread-1] INFO  segmented.SegmentedRaftLogWorker (SegmentedRaftLogWorker.java:<init>(173)) - new 44809ed9-9065-491d-9993-3d85ca8eea00@group-2D2D1A484D35-SegmentedRaftLogWorker for RaftStorage:Storage Directory /workdir/hadoop-ozone/integration-test/target/test-dir/MiniOzoneClusterImpl-108913ae-be94-45ca-ae83-5210113f037a/datanode-0/data/ratis/6cc10616-78bd-4271-8898-2d2d1a484d35
2019-10-10 00:01:48,345 [pool-599-thread-1] INFO  server.RaftServerConfigKeys (ConfUtils.java:logGet(43)) - raft.server.log.statemachine.data.sync.timeout.retry = -1 (default)
2019-10-10 00:01:48,345 [pool-609-thread-1] INFO  server.RaftServerConfigKeys (ConfUtils.java:logGet(43)) - raft.server.log.queue.byte-limit = 2147483647 (custom)
2019-10-10 00:01:48,345 [pool-599-thread-1] INFO  server.RaftServerConfigKeys (ConfUtils.java:logGet(43)) - raft.server.log.statemachine.data.caching.enabled = true (custom)
2019-10-10 00:01:48,345 [pool-589-thread-1] INFO  server.RaftServerConfigKeys (ConfUtils.java:logGet(43)) - raft.server.log.queue.byte-limit = 2147483647 (custom)
2019-10-10 00:01:48,345 [pool-609-thread-1] INFO  server.RaftServerConfigKeys (ConfUtils.java:logGet(43)) - raft.server.log.queue.element-limit = 1024 (custom)
2019-10-10 00:01:48,346 [pool-599-thread-1] INFO  segmented.SegmentedRaftLogWorker (SegmentedRaftLogWorker.java:lambda$new$0(128)) - 637124dd-f406-45d2-84f3-876d285ded15@group-2D2D1A484D35-SegmentedRaftLogWorker: flushIndex: setUnconditionally 0 -> -1
2019-10-10 00:01:48,346 [pool-589-thread-1] INFO  server.RaftServerConfigKeys (ConfUtils.java:logGet(43)) - raft.server.log.queue.element-limit = 1024 (custom)
2019-10-10 00:01:48,346 [pool-609-thread-1] INFO  server.RaftServerConfigKeys (ConfUtils.java:logGet(43)) - raft.server.log.segment.size.max = 1048576 (custom)
2019-10-10 00:01:48,346 [pool-599-thread-1] INFO  server.RaftServerConfigKeys (ConfUtils.java:logGet(43)) - raft.server.snapshot.auto.trigger.enabled = true (custom)
2019-10-10 00:01:48,346 [pool-589-thread-1] INFO  server.RaftServerConfigKeys (ConfUtils.java:logGet(43)) - raft.server.log.segment.size.max = 1048576 (custom)
2019-10-10 00:01:48,346 [pool-599-thread-1] INFO  server.RaftServerConfigKeys (ConfUtils.java:logGet(43)) - raft.server.snapshot.auto.trigger.threshold = 10000 (custom)
2019-10-10 00:01:48,346 [pool-609-thread-1] INFO  server.RaftServerConfigKeys (ConfUtils.java:logGet(43)) - raft.server.log.preallocated.size = 16384 (custom)
2019-10-10 00:01:48,346 [pool-599-thread-1] INFO  server.RaftServerConfigKeys (ConfUtils.java:logGet(43)) - raft.server.snapshot.retention.file.num = 5 (custom)
2019-10-10 00:01:48,346 [pool-589-thread-1] INFO  server.RaftServerConfigKeys (ConfUtils.java:logGet(43)) - raft.server.log.preallocated.size = 16384 (custom)
2019-10-10 00:01:48,347 [pool-599-thread-1] INFO  server.RaftServerConfigKeys (ConfUtils.java:logGet(43)) - raft.server.retrycache.expirytime = 600000ms (custom)
2019-10-10 00:01:48,346 [pool-609-thread-1] INFO  server.RaftServerConfigKeys (ConfUtils.java:logGet(43)) - raft.server.log.write.buffer.size = 33554432 (custom)
2019-10-10 00:01:48,347 [pool-589-thread-1] INFO  server.RaftServerConfigKeys (ConfUtils.java:logGet(43)) - raft.server.log.write.buffer.size = 33554432 (custom)
2019-10-10 00:01:48,347 [pool-609-thread-1] INFO  server.RaftServerConfigKeys (ConfUtils.java:logGet(43)) - raft.server.log.force.sync.num = 128 (default)
2019-10-10 00:01:48,347 [pool-589-thread-1] INFO  server.RaftServerConfigKeys (ConfUtils.java:logGet(43)) - raft.server.log.force.sync.num = 128 (default)
2019-10-10 00:01:48,347 [pool-609-thread-1] INFO  server.RaftServerConfigKeys (ConfUtils.java:logGet(43)) - raft.server.log.statemachine.data.sync = true (default)
2019-10-10 00:01:48,347 [pool-589-thread-1] INFO  server.RaftServerConfigKeys (ConfUtils.java:logGet(43)) - raft.server.log.statemachine.data.sync = true (default)
2019-10-10 00:01:48,347 [pool-609-thread-1] INFO  server.RaftServerConfigKeys (ConfUtils.java:logGet(43)) - raft.server.log.statemachine.data.sync.timeout = 10s (default)
2019-10-10 00:01:48,347 [pool-589-thread-1] INFO  server.RaftServerConfigKeys (ConfUtils.java:logGet(43)) - raft.server.log.statemachine.data.sync.timeout = 10s (default)
2019-10-10 00:01:48,348 [pool-609-thread-1] INFO  server.RaftServerConfigKeys (ConfUtils.java:logGet(43)) - raft.server.log.statemachine.data.sync.timeout.retry = -1 (default)
2019-10-10 00:01:48,348 [pool-589-thread-1] INFO  server.RaftServerConfigKeys (ConfUtils.java:logGet(43)) - raft.server.log.statemachine.data.sync.timeout.retry = -1 (default)
2019-10-10 00:01:48,348 [pool-609-thread-1] INFO  server.RaftServerConfigKeys (ConfUtils.java:logGet(43)) - raft.server.log.statemachine.data.caching.enabled = true (custom)
2019-10-10 00:01:48,348 [pool-589-thread-1] INFO  server.RaftServerConfigKeys (ConfUtils.java:logGet(43)) - raft.server.log.statemachine.data.caching.enabled = true (custom)
2019-10-10 00:01:48,348 [pool-609-thread-1] INFO  segmented.SegmentedRaftLogWorker (SegmentedRaftLogWorker.java:lambda$new$0(128)) - 9386b9a1-795a-4fcc-8e16-52cccb22d193@group-2D2D1A484D35-SegmentedRaftLogWorker: flushIndex: setUnconditionally 0 -> -1
2019-10-10 00:01:48,348 [pool-589-thread-1] INFO  segmented.SegmentedRaftLogWorker (SegmentedRaftLogWorker.java:lambda$new$0(128)) - 44809ed9-9065-491d-9993-3d85ca8eea00@group-2D2D1A484D35-SegmentedRaftLogWorker: flushIndex: setUnconditionally 0 -> -1
2019-10-10 00:01:48,348 [pool-609-thread-1] INFO  server.RaftServerConfigKeys (ConfUtils.java:logGet(43)) - raft.server.snapshot.auto.trigger.enabled = true (custom)
2019-10-10 00:01:48,348 [pool-609-thread-1] INFO  server.RaftServerConfigKeys (ConfUtils.java:logGet(43)) - raft.server.snapshot.auto.trigger.threshold = 10000 (custom)
2019-10-10 00:01:48,348 [pool-599-thread-1] INFO  impl.RaftServerImpl (RaftServerImpl.java:start(181)) - 637124dd-f406-45d2-84f3-876d285ded15@group-2D2D1A484D35: start as a follower, conf=-1: [637124dd-f406-45d2-84f3-876d285ded15:192.168.157.245:39529, 44809ed9-9065-491d-9993-3d85ca8eea00:192.168.157.245:46436, 9386b9a1-795a-4fcc-8e16-52cccb22d193:192.168.157.245:39809], old=null
2019-10-10 00:01:48,348 [pool-589-thread-1] INFO  server.RaftServerConfigKeys (ConfUtils.java:logGet(43)) - raft.server.snapshot.auto.trigger.enabled = true (custom)
2019-10-10 00:01:48,349 [pool-599-thread-1] INFO  impl.RaftServerImpl (RaftServerImpl.java:setRole(170)) - 637124dd-f406-45d2-84f3-876d285ded15@group-2D2D1A484D35: changes role from      null to FOLLOWER at term 0 for startAsFollower
2019-10-10 00:01:48,349 [pool-609-thread-1] INFO  server.RaftServerConfigKeys (ConfUtils.java:logGet(43)) - raft.server.snapshot.retention.file.num = 5 (custom)
2019-10-10 00:01:48,349 [pool-599-thread-1] INFO  impl.RoleInfo (RoleInfo.java:updateAndGet(143)) - 637124dd-f406-45d2-84f3-876d285ded15: start FollowerState
2019-10-10 00:01:48,349 [pool-589-thread-1] INFO  server.RaftServerConfigKeys (ConfUtils.java:logGet(43)) - raft.server.snapshot.auto.trigger.threshold = 10000 (custom)
2019-10-10 00:01:48,349 [pool-609-thread-1] INFO  server.RaftServerConfigKeys (ConfUtils.java:logGet(43)) - raft.server.retrycache.expirytime = 600000ms (custom)
2019-10-10 00:01:48,349 [pool-589-thread-1] INFO  server.RaftServerConfigKeys (ConfUtils.java:logGet(43)) - raft.server.snapshot.retention.file.num = 5 (custom)
2019-10-10 00:01:48,349 [pool-599-thread-1] INFO  util.JmxRegister (JmxRegister.java:tryRegister(44)) - Successfully registered JMX Bean with object name Ratis:service=RaftServer,group=group-2D2D1A484D35,id=637124dd-f406-45d2-84f3-876d285ded15
2019-10-10 00:01:48,349 [pool-589-thread-1] INFO  server.RaftServerConfigKeys (ConfUtils.java:logGet(43)) - raft.server.retrycache.expirytime = 600000ms (custom)
2019-10-10 00:01:48,352 [pool-609-thread-1] INFO  impl.RaftServerImpl (RaftServerImpl.java:start(181)) - 9386b9a1-795a-4fcc-8e16-52cccb22d193@group-2D2D1A484D35: start as a follower, conf=-1: [637124dd-f406-45d2-84f3-876d285ded15:192.168.157.245:39529, 44809ed9-9065-491d-9993-3d85ca8eea00:192.168.157.245:46436, 9386b9a1-795a-4fcc-8e16-52cccb22d193:192.168.157.245:39809], old=null
2019-10-10 00:01:48,352 [pool-609-thread-1] INFO  impl.RaftServerImpl (RaftServerImpl.java:setRole(170)) - 9386b9a1-795a-4fcc-8e16-52cccb22d193@group-2D2D1A484D35: changes role from      null to FOLLOWER at term 0 for startAsFollower
2019-10-10 00:01:48,353 [pool-609-thread-1] INFO  impl.RoleInfo (RoleInfo.java:updateAndGet(143)) - 9386b9a1-795a-4fcc-8e16-52cccb22d193: start FollowerState
2019-10-10 00:01:48,353 [pool-589-thread-1] INFO  impl.RaftServerImpl (RaftServerImpl.java:start(181)) - 44809ed9-9065-491d-9993-3d85ca8eea00@group-2D2D1A484D35: start as a follower, conf=-1: [637124dd-f406-45d2-84f3-876d285ded15:192.168.157.245:39529, 44809ed9-9065-491d-9993-3d85ca8eea00:192.168.157.245:46436, 9386b9a1-795a-4fcc-8e16-52cccb22d193:192.168.157.245:39809], old=null
2019-10-10 00:01:48,353 [pool-589-thread-1] INFO  impl.RaftServerImpl (RaftServerImpl.java:setRole(170)) - 44809ed9-9065-491d-9993-3d85ca8eea00@group-2D2D1A484D35: changes role from      null to FOLLOWER at term 0 for startAsFollower
2019-10-10 00:01:48,353 [pool-609-thread-1] INFO  util.JmxRegister (JmxRegister.java:tryRegister(44)) - Successfully registered JMX Bean with object name Ratis:service=RaftServer,group=group-2D2D1A484D35,id=9386b9a1-795a-4fcc-8e16-52cccb22d193
2019-10-10 00:01:48,353 [pool-589-thread-1] INFO  impl.RoleInfo (RoleInfo.java:updateAndGet(143)) - 44809ed9-9065-491d-9993-3d85ca8eea00: start FollowerState
2019-10-10 00:01:48,353 [pool-589-thread-1] INFO  util.JmxRegister (JmxRegister.java:tryRegister(44)) - Successfully registered JMX Bean with object name Ratis:service=RaftServer,group=group-2D2D1A484D35,id=44809ed9-9065-491d-9993-3d85ca8eea00
2019-10-10 00:01:48,365 [RatisPipelineUtilsThread] INFO  pipeline.PipelineStateManager (PipelineStateManager.java:addPipeline(56)) - Created pipeline Pipeline[ Id: 6cc10616-78bd-4271-8898-2d2d1a484d35, Nodes: 44809ed9-9065-491d-9993-3d85ca8eea00{ip: 192.168.157.245, host: pr-hdds-2266-b8s26-4239225152, networkLocation: /default-rack, certSerialId: null}9386b9a1-795a-4fcc-8e16-52cccb22d193{ip: 192.168.157.245, host: pr-hdds-2266-b8s26-4239225152, networkLocation: /default-rack, certSerialId: null}637124dd-f406-45d2-84f3-876d285ded15{ip: 192.168.157.245, host: pr-hdds-2266-b8s26-4239225152, networkLocation: /default-rack, certSerialId: null}, Type:RATIS, Factor:THREE, State:OPEN]
2019-10-10 00:01:48,405 [IPC Server handler 0 on 40984] INFO  net.NetworkTopology (NetworkTopologyImpl.java:add(111)) - Added a new node: /default-rack/c7e361df-6228-44a4-8291-3b3f953e0ab1
2019-10-10 00:01:48,405 [IPC Server handler 0 on 40984] INFO  node.SCMNodeManager (SCMNodeManager.java:register(268)) - Registered Data node : c7e361df-6228-44a4-8291-3b3f953e0ab1{ip: 192.168.157.245, host: pr-hdds-2266-b8s26-4239225152, networkLocation: /default-rack, certSerialId: null}
2019-10-10 00:01:48,411 [grpc-default-executor-6] INFO  impl.RaftServerProxy (RaftServerProxy.java:addNew(89)) - c7e361df-6228-44a4-8291-3b3f953e0ab1: addNew group-6094C665D38D:[c7e361df-6228-44a4-8291-3b3f953e0ab1:192.168.157.245:38253] returns group-6094C665D38D:java.util.concurrent.CompletableFuture@370f6cdd[Not completed]
2019-10-10 00:01:48,414 [pool-629-thread-1] INFO  impl.RaftServerImpl (RaftServerImpl.java:<init>(95)) - c7e361df-6228-44a4-8291-3b3f953e0ab1: new RaftServerImpl for group-6094C665D38D:[c7e361df-6228-44a4-8291-3b3f953e0ab1:192.168.157.245:38253] with ContainerStateMachine:uninitialized
2019-10-10 00:01:48,414 [pool-629-thread-1] INFO  server.RaftServerConfigKeys (ConfUtils.java:logGet(43)) - raft.server.rpc.timeout.min = 5s (custom)
2019-10-10 00:01:48,414 [pool-629-thread-1] INFO  server.RaftServerConfigKeys (ConfUtils.java:logGet(43)) - raft.server.rpc.timeout.max = 5200ms (custom)
2019-10-10 00:01:48,414 [pool-629-thread-1] INFO  server.RaftServerConfigKeys (ConfUtils.java:logGet(43)) - raft.server.rpcslowness.timeout = 120s (custom)
2019-10-10 00:01:48,415 [pool-629-thread-1] INFO  server.RaftServerConfigKeys (ConfUtils.java:logGet(43)) - raft.server.sleep.deviation.threshold = 300 (default)
2019-10-10 00:01:48,415 [pool-629-thread-1] INFO  server.RaftServerConfigKeys (ConfUtils.java:logGet(43)) - raft.server.log.appender.install.snapshot.enabled = false (custom)
2019-10-10 00:01:48,415 [pool-629-thread-1] INFO  impl.RaftServerImpl (ServerState.java:<init>(103)) - c7e361df-6228-44a4-8291-3b3f953e0ab1@group-6094C665D38D: ConfigurationManager, init=-1: [c7e361df-6228-44a4-8291-3b3f953e0ab1:192.168.157.245:38253], old=null, confs=<EMPTY_MAP>
2019-10-10 00:01:48,415 [pool-629-thread-1] INFO  server.RaftServerConfigKeys (ConfUtils.java:logGet(43)) - raft.server.storage.dir = [/workdir/hadoop-ozone/integration-test/target/test-dir/MiniOzoneClusterImpl-108913ae-be94-45ca-ae83-5210113f037a/datanode-4/data/ratis] (custom)
2019-10-10 00:01:48,415 [pool-629-thread-1] INFO  server.RaftServerConfigKeys (ConfUtils.java:logGet(43)) - raft.server.log.corruption.policy = EXCEPTION (default)
2019-10-10 00:01:48,415 [pool-629-thread-1] INFO  storage.RaftStorageDirectory (RaftStorageDirectory.java:analyzeStorage(246)) - The storage directory /workdir/hadoop-ozone/integration-test/target/test-dir/MiniOzoneClusterImpl-108913ae-be94-45ca-ae83-5210113f037a/datanode-4/data/ratis/1f251383-bd26-4db9-ab7b-6094c665d38d does not exist. Creating ...
2019-10-10 00:01:48,437 [pool-629-thread-1] INFO  storage.RaftStorageDirectory (RaftStorageDirectory.java:tryLock(328)) - Lock on /workdir/hadoop-ozone/integration-test/target/test-dir/MiniOzoneClusterImpl-108913ae-be94-45ca-ae83-5210113f037a/datanode-4/data/ratis/1f251383-bd26-4db9-ab7b-6094c665d38d/in_use.lock acquired by nodename 7564@pr-hdds-2266-b8s26-4239225152
2019-10-10 00:01:48,455 [pool-629-thread-1] INFO  storage.RaftStorage (RaftStorage.java:format(84)) - Storage directory /workdir/hadoop-ozone/integration-test/target/test-dir/MiniOzoneClusterImpl-108913ae-be94-45ca-ae83-5210113f037a/datanode-4/data/ratis/1f251383-bd26-4db9-ab7b-6094c665d38d has been successfully formatted.
2019-10-10 00:01:48,455 [pool-629-thread-1] INFO  ratis.ContainerStateMachine (ContainerStateMachine.java:loadSnapshot(231)) - group-6094C665D38D: The snapshot info is null. Setting the last applied indexto:(t:0, i:~)
2019-10-10 00:01:48,456 [pool-629-thread-1] INFO  server.RaftServerConfigKeys (ConfUtils.java:logGet(43)) - raft.server.notification.no-leader.timeout = 120s (custom)
2019-10-10 00:01:48,456 [pool-629-thread-1] INFO  server.RaftServerConfigKeys (ConfUtils.java:logGet(43)) - raft.server.log.use.memory = false (default)
2019-10-10 00:01:48,456 [pool-629-thread-1] INFO  server.RaftServerConfigKeys (ConfUtils.java:logGet(43)) - raft.server.log.purge.gap = 1000000 (custom)
2019-10-10 00:01:48,456 [pool-629-thread-1] INFO  server.RaftServerConfigKeys (ConfUtils.java:logGet(43)) - raft.server.log.appender.buffer.byte-limit = 33554432 (custom)
2019-10-10 00:01:48,456 [pool-629-thread-1] INFO  server.RaftServerConfigKeys (ConfUtils.java:logGet(43)) - raft.server.log.segment.size.max = 1048576 (custom)
2019-10-10 00:01:48,458 [pool-629-thread-1] INFO  server.RaftServerConfigKeys (ConfUtils.java:logGet(43)) - raft.server.log.segment.cache.num.max = 2 (custom)
2019-10-10 00:01:48,458 [pool-629-thread-1] INFO  segmented.SegmentedRaftLogWorker (SegmentedRaftLogWorker.java:<init>(173)) - new c7e361df-6228-44a4-8291-3b3f953e0ab1@group-6094C665D38D-SegmentedRaftLogWorker for RaftStorage:Storage Directory /workdir/hadoop-ozone/integration-test/target/test-dir/MiniOzoneClusterImpl-108913ae-be94-45ca-ae83-5210113f037a/datanode-4/data/ratis/1f251383-bd26-4db9-ab7b-6094c665d38d
2019-10-10 00:01:48,458 [pool-629-thread-1] INFO  server.RaftServerConfigKeys (ConfUtils.java:logGet(43)) - raft.server.log.queue.byte-limit = 2147483647 (custom)
2019-10-10 00:01:48,458 [pool-629-thread-1] INFO  server.RaftServerConfigKeys (ConfUtils.java:logGet(43)) - raft.server.log.queue.element-limit = 1024 (custom)
2019-10-10 00:01:48,458 [pool-629-thread-1] INFO  server.RaftServerConfigKeys (ConfUtils.java:logGet(43)) - raft.server.log.segment.size.max = 1048576 (custom)
2019-10-10 00:01:48,458 [pool-629-thread-1] INFO  server.RaftServerConfigKeys (ConfUtils.java:logGet(43)) - raft.server.log.preallocated.size = 16384 (custom)
2019-10-10 00:01:48,458 [pool-629-thread-1] INFO  server.RaftServerConfigKeys (ConfUtils.java:logGet(43)) - raft.server.log.write.buffer.size = 33554432 (custom)
2019-10-10 00:01:48,459 [pool-629-thread-1] INFO  server.RaftServerConfigKeys (ConfUtils.java:logGet(43)) - raft.server.log.force.sync.num = 128 (default)
2019-10-10 00:01:48,459 [pool-629-thread-1] INFO  server.RaftServerConfigKeys (ConfUtils.java:logGet(43)) - raft.server.log.statemachine.data.sync = true (default)
2019-10-10 00:01:48,459 [pool-629-thread-1] INFO  server.RaftServerConfigKeys (ConfUtils.java:logGet(43)) - raft.server.log.statemachine.data.sync.timeout = 10s (default)
2019-10-10 00:01:48,459 [pool-629-thread-1] INFO  server.RaftServerConfigKeys (ConfUtils.java:logGet(43)) - raft.server.log.statemachine.data.sync.timeout.retry = -1 (default)
2019-10-10 00:01:48,459 [pool-629-thread-1] INFO  server.RaftServerConfigKeys (ConfUtils.java:logGet(43)) - raft.server.log.statemachine.data.caching.enabled = true (custom)
2019-10-10 00:01:48,459 [pool-629-thread-1] INFO  segmented.SegmentedRaftLogWorker (SegmentedRaftLogWorker.java:lambda$new$0(128)) - c7e361df-6228-44a4-8291-3b3f953e0ab1@group-6094C665D38D-SegmentedRaftLogWorker: flushIndex: setUnconditionally 0 -> -1
2019-10-10 00:01:48,460 [pool-629-thread-1] INFO  server.RaftServerConfigKeys (ConfUtils.java:logGet(43)) - raft.server.snapshot.auto.trigger.enabled = true (custom)
2019-10-10 00:01:48,460 [pool-629-thread-1] INFO  server.RaftServerConfigKeys (ConfUtils.java:logGet(43)) - raft.server.snapshot.auto.trigger.threshold = 10000 (custom)
2019-10-10 00:01:48,460 [pool-629-thread-1] INFO  server.RaftServerConfigKeys (ConfUtils.java:logGet(43)) - raft.server.snapshot.retention.file.num = 5 (custom)
2019-10-10 00:01:48,460 [pool-629-thread-1] INFO  server.RaftServerConfigKeys (ConfUtils.java:logGet(43)) - raft.server.retrycache.expirytime = 600000ms (custom)
2019-10-10 00:01:48,463 [pool-629-thread-1] INFO  impl.RaftServerImpl (RaftServerImpl.java:start(181)) - c7e361df-6228-44a4-8291-3b3f953e0ab1@group-6094C665D38D: start as a follower, conf=-1: [c7e361df-6228-44a4-8291-3b3f953e0ab1:192.168.157.245:38253], old=null
2019-10-10 00:01:48,463 [pool-629-thread-1] INFO  impl.RaftServerImpl (RaftServerImpl.java:setRole(170)) - c7e361df-6228-44a4-8291-3b3f953e0ab1@group-6094C665D38D: changes role from      null to FOLLOWER at term 0 for startAsFollower
2019-10-10 00:01:48,463 [pool-629-thread-1] INFO  impl.RoleInfo (RoleInfo.java:updateAndGet(143)) - c7e361df-6228-44a4-8291-3b3f953e0ab1: start FollowerState
2019-10-10 00:01:48,463 [pool-629-thread-1] INFO  util.JmxRegister (JmxRegister.java:tryRegister(44)) - Successfully registered JMX Bean with object name Ratis:service=RaftServer,group=group-6094C665D38D,id=c7e361df-6228-44a4-8291-3b3f953e0ab1
2019-10-10 00:01:48,470 [RatisPipelineUtilsThread] INFO  pipeline.PipelineStateManager (PipelineStateManager.java:addPipeline(56)) - Created pipeline Pipeline[ Id: 1f251383-bd26-4db9-ab7b-6094c665d38d, Nodes: c7e361df-6228-44a4-8291-3b3f953e0ab1{ip: 192.168.157.245, host: pr-hdds-2266-b8s26-4239225152, networkLocation: /default-rack, certSerialId: null}, Type:RATIS, Factor:ONE, State:OPEN]
2019-10-10 00:01:48,473 [IPC Server handler 1 on 40984] INFO  net.NetworkTopology (NetworkTopologyImpl.java:add(111)) - Added a new node: /default-rack/1da33793-7d60-4b68-bc4c-824e50753869
2019-10-10 00:01:48,473 [IPC Server handler 1 on 40984] INFO  node.SCMNodeManager (SCMNodeManager.java:register(268)) - Registered Data node : 1da33793-7d60-4b68-bc4c-824e50753869{ip: 192.168.157.245, host: pr-hdds-2266-b8s26-4239225152, networkLocation: /default-rack, certSerialId: null}
2019-10-10 00:01:48,477 [grpc-default-executor-6] INFO  impl.RaftServerProxy (RaftServerProxy.java:addNew(89)) - e517ceab-692d-4b3d-be19-c78fe19f8521: addNew group-57438E3A19AF:[e517ceab-692d-4b3d-be19-c78fe19f8521:192.168.157.245:44325] returns group-57438E3A19AF:java.util.concurrent.CompletableFuture@412385e1[Not completed]
2019-10-10 00:01:48,479 [pool-619-thread-1] INFO  impl.RaftServerImpl (RaftServerImpl.java:<init>(95)) - e517ceab-692d-4b3d-be19-c78fe19f8521: new RaftServerImpl for group-57438E3A19AF:[e517ceab-692d-4b3d-be19-c78fe19f8521:192.168.157.245:44325] with ContainerStateMachine:uninitialized
2019-10-10 00:01:48,480 [pool-619-thread-1] INFO  server.RaftServerConfigKeys (ConfUtils.java:logGet(43)) - raft.server.rpc.timeout.min = 5s (custom)
2019-10-10 00:01:48,480 [pool-619-thread-1] INFO  server.RaftServerConfigKeys (ConfUtils.java:logGet(43)) - raft.server.rpc.timeout.max = 5200ms (custom)
2019-10-10 00:01:48,480 [pool-619-thread-1] INFO  server.RaftServerConfigKeys (ConfUtils.java:logGet(43)) - raft.server.rpcslowness.timeout = 120s (custom)
2019-10-10 00:01:48,480 [pool-619-thread-1] INFO  server.RaftServerConfigKeys (ConfUtils.java:logGet(43)) - raft.server.sleep.deviation.threshold = 300 (default)
2019-10-10 00:01:48,480 [pool-619-thread-1] INFO  server.RaftServerConfigKeys (ConfUtils.java:logGet(43)) - raft.server.log.appender.install.snapshot.enabled = false (custom)
2019-10-10 00:01:48,481 [pool-619-thread-1] INFO  impl.RaftServerImpl (ServerState.java:<init>(103)) - e517ceab-692d-4b3d-be19-c78fe19f8521@group-57438E3A19AF: ConfigurationManager, init=-1: [e517ceab-692d-4b3d-be19-c78fe19f8521:192.168.157.245:44325], old=null, confs=<EMPTY_MAP>
2019-10-10 00:01:48,481 [pool-619-thread-1] INFO  server.RaftServerConfigKeys (ConfUtils.java:logGet(43)) - raft.server.storage.dir = [/workdir/hadoop-ozone/integration-test/target/test-dir/MiniOzoneClusterImpl-108913ae-be94-45ca-ae83-5210113f037a/datanode-3/data/ratis] (custom)
2019-10-10 00:01:48,481 [pool-619-thread-1] INFO  server.RaftServerConfigKeys (ConfUtils.java:logGet(43)) - raft.server.log.corruption.policy = EXCEPTION (default)
2019-10-10 00:01:48,481 [pool-619-thread-1] INFO  storage.RaftStorageDirectory (RaftStorageDirectory.java:analyzeStorage(246)) - The storage directory /workdir/hadoop-ozone/integration-test/target/test-dir/MiniOzoneClusterImpl-108913ae-be94-45ca-ae83-5210113f037a/datanode-3/data/ratis/d6c3d754-b5e5-4dee-9a1a-57438e3a19af does not exist. Creating ...
2019-10-10 00:01:48,496 [pool-619-thread-1] INFO  storage.RaftStorageDirectory (RaftStorageDirectory.java:tryLock(328)) - Lock on /workdir/hadoop-ozone/integration-test/target/test-dir/MiniOzoneClusterImpl-108913ae-be94-45ca-ae83-5210113f037a/datanode-3/data/ratis/d6c3d754-b5e5-4dee-9a1a-57438e3a19af/in_use.lock acquired by nodename 7564@pr-hdds-2266-b8s26-4239225152
2019-10-10 00:01:48,508 [pool-619-thread-1] INFO  storage.RaftStorage (RaftStorage.java:format(84)) - Storage directory /workdir/hadoop-ozone/integration-test/target/test-dir/MiniOzoneClusterImpl-108913ae-be94-45ca-ae83-5210113f037a/datanode-3/data/ratis/d6c3d754-b5e5-4dee-9a1a-57438e3a19af has been successfully formatted.
2019-10-10 00:01:48,509 [pool-619-thread-1] INFO  ratis.ContainerStateMachine (ContainerStateMachine.java:loadSnapshot(231)) - group-57438E3A19AF: The snapshot info is null. Setting the last applied indexto:(t:0, i:~)
2019-10-10 00:01:48,509 [pool-619-thread-1] INFO  server.RaftServerConfigKeys (ConfUtils.java:logGet(43)) - raft.server.notification.no-leader.timeout = 120s (custom)
2019-10-10 00:01:48,509 [pool-619-thread-1] INFO  server.RaftServerConfigKeys (ConfUtils.java:logGet(43)) - raft.server.log.use.memory = false (default)
2019-10-10 00:01:48,509 [pool-619-thread-1] INFO  server.RaftServerConfigKeys (ConfUtils.java:logGet(43)) - raft.server.log.purge.gap = 1000000 (custom)
2019-10-10 00:01:48,509 [pool-619-thread-1] INFO  server.RaftServerConfigKeys (ConfUtils.java:logGet(43)) - raft.server.log.appender.buffer.byte-limit = 33554432 (custom)
2019-10-10 00:01:48,509 [pool-619-thread-1] INFO  server.RaftServerConfigKeys (ConfUtils.java:logGet(43)) - raft.server.log.segment.size.max = 1048576 (custom)
2019-10-10 00:01:48,511 [pool-619-thread-1] INFO  server.RaftServerConfigKeys (ConfUtils.java:logGet(43)) - raft.server.log.segment.cache.num.max = 2 (custom)
2019-10-10 00:01:48,512 [pool-619-thread-1] INFO  segmented.SegmentedRaftLogWorker (SegmentedRaftLogWorker.java:<init>(173)) - new e517ceab-692d-4b3d-be19-c78fe19f8521@group-57438E3A19AF-SegmentedRaftLogWorker for RaftStorage:Storage Directory /workdir/hadoop-ozone/integration-test/target/test-dir/MiniOzoneClusterImpl-108913ae-be94-45ca-ae83-5210113f037a/datanode-3/data/ratis/d6c3d754-b5e5-4dee-9a1a-57438e3a19af
2019-10-10 00:01:48,512 [pool-619-thread-1] INFO  server.RaftServerConfigKeys (ConfUtils.java:logGet(43)) - raft.server.log.queue.byte-limit = 2147483647 (custom)
2019-10-10 00:01:48,512 [pool-619-thread-1] INFO  server.RaftServerConfigKeys (ConfUtils.java:logGet(43)) - raft.server.log.queue.element-limit = 1024 (custom)
2019-10-10 00:01:48,512 [pool-619-thread-1] INFO  server.RaftServerConfigKeys (ConfUtils.java:logGet(43)) - raft.server.log.segment.size.max = 1048576 (custom)
2019-10-10 00:01:48,512 [pool-619-thread-1] INFO  server.RaftServerConfigKeys (ConfUtils.java:logGet(43)) - raft.server.log.preallocated.size = 16384 (custom)
2019-10-10 00:01:48,512 [pool-619-thread-1] INFO  server.RaftServerConfigKeys (ConfUtils.java:logGet(43)) - raft.server.log.write.buffer.size = 33554432 (custom)
2019-10-10 00:01:48,512 [pool-619-thread-1] INFO  server.RaftServerConfigKeys (ConfUtils.java:logGet(43)) - raft.server.log.force.sync.num = 128 (default)
2019-10-10 00:01:48,513 [pool-619-thread-1] INFO  server.RaftServerConfigKeys (ConfUtils.java:logGet(43)) - raft.server.log.statemachine.data.sync = true (default)
2019-10-10 00:01:48,513 [pool-619-thread-1] INFO  server.RaftServerConfigKeys (ConfUtils.java:logGet(43)) - raft.server.log.statemachine.data.sync.timeout = 10s (default)
2019-10-10 00:01:48,513 [pool-619-thread-1] INFO  server.RaftServerConfigKeys (ConfUtils.java:logGet(43)) - raft.server.log.statemachine.data.sync.timeout.retry = -1 (default)
2019-10-10 00:01:48,513 [pool-619-thread-1] INFO  server.RaftServerConfigKeys (ConfUtils.java:logGet(43)) - raft.server.log.statemachine.data.caching.enabled = true (custom)
2019-10-10 00:01:48,514 [pool-619-thread-1] INFO  segmented.SegmentedRaftLogWorker (SegmentedRaftLogWorker.java:lambda$new$0(128)) - e517ceab-692d-4b3d-be19-c78fe19f8521@group-57438E3A19AF-SegmentedRaftLogWorker: flushIndex: setUnconditionally 0 -> -1
2019-10-10 00:01:48,514 [pool-619-thread-1] INFO  server.RaftServerConfigKeys (ConfUtils.java:logGet(43)) - raft.server.snapshot.auto.trigger.enabled = true (custom)
2019-10-10 00:01:48,514 [pool-619-thread-1] INFO  server.RaftServerConfigKeys (ConfUtils.java:logGet(43)) - raft.server.snapshot.auto.trigger.threshold = 10000 (custom)
2019-10-10 00:01:48,514 [pool-619-thread-1] INFO  server.RaftServerConfigKeys (ConfUtils.java:logGet(43)) - raft.server.snapshot.retention.file.num = 5 (custom)
2019-10-10 00:01:48,514 [pool-619-thread-1] INFO  server.RaftServerConfigKeys (ConfUtils.java:logGet(43)) - raft.server.retrycache.expirytime = 600000ms (custom)
2019-10-10 00:01:48,516 [pool-619-thread-1] INFO  impl.RaftServerImpl (RaftServerImpl.java:start(181)) - e517ceab-692d-4b3d-be19-c78fe19f8521@group-57438E3A19AF: start as a follower, conf=-1: [e517ceab-692d-4b3d-be19-c78fe19f8521:192.168.157.245:44325], old=null
2019-10-10 00:01:48,516 [pool-619-thread-1] INFO  impl.RaftServerImpl (RaftServerImpl.java:setRole(170)) - e517ceab-692d-4b3d-be19-c78fe19f8521@group-57438E3A19AF: changes role from      null to FOLLOWER at term 0 for startAsFollower
2019-10-10 00:01:48,516 [pool-619-thread-1] INFO  impl.RoleInfo (RoleInfo.java:updateAndGet(143)) - e517ceab-692d-4b3d-be19-c78fe19f8521: start FollowerState
2019-10-10 00:01:48,528 [pool-619-thread-1] INFO  util.JmxRegister (JmxRegister.java:tryRegister(44)) - Successfully registered JMX Bean with object name Ratis:service=RaftServer,group=group-57438E3A19AF,id=e517ceab-692d-4b3d-be19-c78fe19f8521
2019-10-10 00:01:48,552 [IPC Server handler 3 on 40984] INFO  net.NetworkTopology (NetworkTopologyImpl.java:add(111)) - Added a new node: /default-rack/19bebc76-81c6-41a3-97e5-91afe2c3a386
2019-10-10 00:01:48,552 [IPC Server handler 3 on 40984] INFO  node.SCMNodeManager (SCMNodeManager.java:register(268)) - Registered Data node : 19bebc76-81c6-41a3-97e5-91afe2c3a386{ip: 192.168.157.245, host: pr-hdds-2266-b8s26-4239225152, networkLocation: /default-rack, certSerialId: null}
2019-10-10 00:01:48,552 [RatisPipelineUtilsThread] INFO  pipeline.PipelineStateManager (PipelineStateManager.java:addPipeline(56)) - Created pipeline Pipeline[ Id: d6c3d754-b5e5-4dee-9a1a-57438e3a19af, Nodes: e517ceab-692d-4b3d-be19-c78fe19f8521{ip: 192.168.157.245, host: pr-hdds-2266-b8s26-4239225152, networkLocation: /default-rack, certSerialId: null}, Type:RATIS, Factor:ONE, State:OPEN]
2019-10-10 00:01:48,555 [main] INFO  ozone.MiniOzoneClusterImpl (MiniOzoneClusterImpl.java:lambda$waitForClusterToBeReady$0(147)) - Cluster is ready. Got 7 of 7 DN Heartbeats.
2019-10-10 00:01:48,565 [grpc-default-executor-6] INFO  impl.RaftServerProxy (RaftServerProxy.java:addNew(89)) - 19bebc76-81c6-41a3-97e5-91afe2c3a386: addNew group-DED547552BA2:[19bebc76-81c6-41a3-97e5-91afe2c3a386:192.168.157.245:44158] returns group-DED547552BA2:java.util.concurrent.CompletableFuture@2ee07793[Not completed]
2019-10-10 00:01:48,566 [pool-649-thread-1] INFO  impl.RaftServerImpl (RaftServerImpl.java:<init>(95)) - 19bebc76-81c6-41a3-97e5-91afe2c3a386: new RaftServerImpl for group-DED547552BA2:[19bebc76-81c6-41a3-97e5-91afe2c3a386:192.168.157.245:44158] with ContainerStateMachine:uninitialized
2019-10-10 00:01:48,566 [pool-649-thread-1] INFO  server.RaftServerConfigKeys (ConfUtils.java:logGet(43)) - raft.server.rpc.timeout.min = 5s (custom)
2019-10-10 00:01:48,568 [pool-649-thread-1] INFO  server.RaftServerConfigKeys (ConfUtils.java:logGet(43)) - raft.server.rpc.timeout.max = 5200ms (custom)
2019-10-10 00:01:48,568 [pool-649-thread-1] INFO  server.RaftServerConfigKeys (ConfUtils.java:logGet(43)) - raft.server.rpcslowness.timeout = 120s (custom)
2019-10-10 00:01:48,568 [pool-649-thread-1] INFO  server.RaftServerConfigKeys (ConfUtils.java:logGet(43)) - raft.server.sleep.deviation.threshold = 300 (default)
2019-10-10 00:01:48,568 [pool-649-thread-1] INFO  server.RaftServerConfigKeys (ConfUtils.java:logGet(43)) - raft.server.log.appender.install.snapshot.enabled = false (custom)
2019-10-10 00:01:48,571 [pool-649-thread-1] INFO  impl.RaftServerImpl (ServerState.java:<init>(103)) - 19bebc76-81c6-41a3-97e5-91afe2c3a386@group-DED547552BA2: ConfigurationManager, init=-1: [19bebc76-81c6-41a3-97e5-91afe2c3a386:192.168.157.245:44158], old=null, confs=<EMPTY_MAP>
2019-10-10 00:01:48,577 [pool-649-thread-1] INFO  server.RaftServerConfigKeys (ConfUtils.java:logGet(43)) - raft.server.storage.dir = [/workdir/hadoop-ozone/integration-test/target/test-dir/MiniOzoneClusterImpl-108913ae-be94-45ca-ae83-5210113f037a/datanode-6/data/ratis] (custom)
2019-10-10 00:01:48,577 [pool-649-thread-1] INFO  server.RaftServerConfigKeys (ConfUtils.java:logGet(43)) - raft.server.log.corruption.policy = EXCEPTION (default)
2019-10-10 00:01:48,578 [pool-649-thread-1] INFO  storage.RaftStorageDirectory (RaftStorageDirectory.java:analyzeStorage(246)) - The storage directory /workdir/hadoop-ozone/integration-test/target/test-dir/MiniOzoneClusterImpl-108913ae-be94-45ca-ae83-5210113f037a/datanode-6/data/ratis/a396cdc7-27a4-48b4-96ce-ded547552ba2 does not exist. Creating ...
2019-10-10 00:01:48,592 [pool-649-thread-1] INFO  storage.RaftStorageDirectory (RaftStorageDirectory.java:tryLock(328)) - Lock on /workdir/hadoop-ozone/integration-test/target/test-dir/MiniOzoneClusterImpl-108913ae-be94-45ca-ae83-5210113f037a/datanode-6/data/ratis/a396cdc7-27a4-48b4-96ce-ded547552ba2/in_use.lock acquired by nodename 7564@pr-hdds-2266-b8s26-4239225152
2019-10-10 00:01:48,593 [main] INFO  rpc.RpcClient (RpcClient.java:createVolume(272)) - Creating Volume: testblockoutputstream, with jenkins1000 as owner.
2019-10-10 00:01:48,595 [IPC Server handler 4 on 33559] INFO  volume.OMVolumeCreateRequest (OMVolumeCreateRequest.java:validateAndUpdateCache(193)) - created volume:testblockoutputstream for user:jenkins1000
2019-10-10 00:01:48,621 [main] INFO  rpc.RpcClient (RpcClient.java:createBucket(411)) - Creating Bucket: testblockoutputstream/testblockoutputstream, with Versioning false and Storage Type set to DISK and Encryption set to false 
2019-10-10 00:01:48,624 [pool-649-thread-1] INFO  storage.RaftStorage (RaftStorage.java:format(84)) - Storage directory /workdir/hadoop-ozone/integration-test/target/test-dir/MiniOzoneClusterImpl-108913ae-be94-45ca-ae83-5210113f037a/datanode-6/data/ratis/a396cdc7-27a4-48b4-96ce-ded547552ba2 has been successfully formatted.
2019-10-10 00:01:48,624 [pool-649-thread-1] INFO  ratis.ContainerStateMachine (ContainerStateMachine.java:loadSnapshot(231)) - group-DED547552BA2: The snapshot info is null. Setting the last applied indexto:(t:0, i:~)
2019-10-10 00:01:48,624 [pool-649-thread-1] INFO  server.RaftServerConfigKeys (ConfUtils.java:logGet(43)) - raft.server.notification.no-leader.timeout = 120s (custom)
2019-10-10 00:01:48,624 [pool-649-thread-1] INFO  server.RaftServerConfigKeys (ConfUtils.java:logGet(43)) - raft.server.log.use.memory = false (default)
2019-10-10 00:01:48,624 [pool-649-thread-1] INFO  server.RaftServerConfigKeys (ConfUtils.java:logGet(43)) - raft.server.log.purge.gap = 1000000 (custom)
2019-10-10 00:01:48,625 [pool-649-thread-1] INFO  server.RaftServerConfigKeys (ConfUtils.java:logGet(43)) - raft.server.log.appender.buffer.byte-limit = 33554432 (custom)
2019-10-10 00:01:48,625 [pool-649-thread-1] INFO  server.RaftServerConfigKeys (ConfUtils.java:logGet(43)) - raft.server.log.segment.size.max = 1048576 (custom)
2019-10-10 00:01:48,626 [pool-649-thread-1] INFO  server.RaftServerConfigKeys (ConfUtils.java:logGet(43)) - raft.server.log.segment.cache.num.max = 2 (custom)
2019-10-10 00:01:48,626 [pool-649-thread-1] INFO  segmented.SegmentedRaftLogWorker (SegmentedRaftLogWorker.java:<init>(173)) - new 19bebc76-81c6-41a3-97e5-91afe2c3a386@group-DED547552BA2-SegmentedRaftLogWorker for RaftStorage:Storage Directory /workdir/hadoop-ozone/integration-test/target/test-dir/MiniOzoneClusterImpl-108913ae-be94-45ca-ae83-5210113f037a/datanode-6/data/ratis/a396cdc7-27a4-48b4-96ce-ded547552ba2
2019-10-10 00:01:48,626 [pool-649-thread-1] INFO  server.RaftServerConfigKeys (ConfUtils.java:logGet(43)) - raft.server.log.queue.byte-limit = 2147483647 (custom)
2019-10-10 00:01:48,627 [pool-649-thread-1] INFO  server.RaftServerConfigKeys (ConfUtils.java:logGet(43)) - raft.server.log.queue.element-limit = 1024 (custom)
2019-10-10 00:01:48,627 [pool-649-thread-1] INFO  server.RaftServerConfigKeys (ConfUtils.java:logGet(43)) - raft.server.log.segment.size.max = 1048576 (custom)
2019-10-10 00:01:48,627 [pool-649-thread-1] INFO  server.RaftServerConfigKeys (ConfUtils.java:logGet(43)) - raft.server.log.preallocated.size = 16384 (custom)
2019-10-10 00:01:48,627 [pool-649-thread-1] INFO  server.RaftServerConfigKeys (ConfUtils.java:logGet(43)) - raft.server.log.write.buffer.size = 33554432 (custom)
2019-10-10 00:01:48,627 [pool-649-thread-1] INFO  server.RaftServerConfigKeys (ConfUtils.java:logGet(43)) - raft.server.log.force.sync.num = 128 (default)
2019-10-10 00:01:48,627 [pool-649-thread-1] INFO  server.RaftServerConfigKeys (ConfUtils.java:logGet(43)) - raft.server.log.statemachine.data.sync = true (default)
2019-10-10 00:01:48,627 [pool-649-thread-1] INFO  server.RaftServerConfigKeys (ConfUtils.java:logGet(43)) - raft.server.log.statemachine.data.sync.timeout = 10s (default)
2019-10-10 00:01:48,627 [pool-649-thread-1] INFO  server.RaftServerConfigKeys (ConfUtils.java:logGet(43)) - raft.server.log.statemachine.data.sync.timeout.retry = -1 (default)
2019-10-10 00:01:48,628 [pool-649-thread-1] INFO  server.RaftServerConfigKeys (ConfUtils.java:logGet(43)) - raft.server.log.statemachine.data.caching.enabled = true (custom)
2019-10-10 00:01:48,628 [pool-649-thread-1] INFO  segmented.SegmentedRaftLogWorker (SegmentedRaftLogWorker.java:lambda$new$0(128)) - 19bebc76-81c6-41a3-97e5-91afe2c3a386@group-DED547552BA2-SegmentedRaftLogWorker: flushIndex: setUnconditionally 0 -> -1
2019-10-10 00:01:48,628 [pool-649-thread-1] INFO  server.RaftServerConfigKeys (ConfUtils.java:logGet(43)) - raft.server.snapshot.auto.trigger.enabled = true (custom)
2019-10-10 00:01:48,628 [pool-649-thread-1] INFO  server.RaftServerConfigKeys (ConfUtils.java:logGet(43)) - raft.server.snapshot.auto.trigger.threshold = 10000 (custom)
2019-10-10 00:01:48,629 [pool-649-thread-1] INFO  server.RaftServerConfigKeys (ConfUtils.java:logGet(43)) - raft.server.snapshot.retention.file.num = 5 (custom)
2019-10-10 00:01:48,629 [pool-649-thread-1] INFO  server.RaftServerConfigKeys (ConfUtils.java:logGet(43)) - raft.server.retrycache.expirytime = 600000ms (custom)
2019-10-10 00:01:48,630 [pool-649-thread-1] INFO  impl.RaftServerImpl (RaftServerImpl.java:start(181)) - 19bebc76-81c6-41a3-97e5-91afe2c3a386@group-DED547552BA2: start as a follower, conf=-1: [19bebc76-81c6-41a3-97e5-91afe2c3a386:192.168.157.245:44158], old=null
2019-10-10 00:01:48,630 [pool-649-thread-1] INFO  impl.RaftServerImpl (RaftServerImpl.java:setRole(170)) - 19bebc76-81c6-41a3-97e5-91afe2c3a386@group-DED547552BA2: changes role from      null to FOLLOWER at term 0 for startAsFollower
2019-10-10 00:01:48,630 [pool-649-thread-1] INFO  impl.RoleInfo (RoleInfo.java:updateAndGet(143)) - 19bebc76-81c6-41a3-97e5-91afe2c3a386: start FollowerState
2019-10-10 00:01:48,630 [pool-649-thread-1] INFO  util.JmxRegister (JmxRegister.java:tryRegister(44)) - Successfully registered JMX Bean with object name Ratis:service=RaftServer,group=group-DED547552BA2,id=19bebc76-81c6-41a3-97e5-91afe2c3a386
2019-10-10 00:01:48,637 [RatisPipelineUtilsThread] INFO  pipeline.PipelineStateManager (PipelineStateManager.java:addPipeline(56)) - Created pipeline Pipeline[ Id: a396cdc7-27a4-48b4-96ce-ded547552ba2, Nodes: 19bebc76-81c6-41a3-97e5-91afe2c3a386{ip: 192.168.157.245, host: pr-hdds-2266-b8s26-4239225152, networkLocation: /default-rack, certSerialId: null}, Type:RATIS, Factor:ONE, State:OPEN]
2019-10-10 00:01:48,643 [grpc-default-executor-6] INFO  impl.RaftServerProxy (RaftServerProxy.java:addNew(89)) - 1da33793-7d60-4b68-bc4c-824e50753869: addNew group-BBBEC18B61AF:[1da33793-7d60-4b68-bc4c-824e50753869:192.168.157.245:42936] returns group-BBBEC18B61AF:java.util.concurrent.CompletableFuture@37e5ea9d[Not completed]
2019-10-10 00:01:48,644 [pool-639-thread-1] INFO  impl.RaftServerImpl (RaftServerImpl.java:<init>(95)) - 1da33793-7d60-4b68-bc4c-824e50753869: new RaftServerImpl for group-BBBEC18B61AF:[1da33793-7d60-4b68-bc4c-824e50753869:192.168.157.245:42936] with ContainerStateMachine:uninitialized
2019-10-10 00:01:48,644 [pool-639-thread-1] INFO  server.RaftServerConfigKeys (ConfUtils.java:logGet(43)) - raft.server.rpc.timeout.min = 5s (custom)
2019-10-10 00:01:48,644 [pool-639-thread-1] INFO  server.RaftServerConfigKeys (ConfUtils.java:logGet(43)) - raft.server.rpc.timeout.max = 5200ms (custom)
2019-10-10 00:01:48,644 [pool-639-thread-1] INFO  server.RaftServerConfigKeys (ConfUtils.java:logGet(43)) - raft.server.rpcslowness.timeout = 120s (custom)
2019-10-10 00:01:48,644 [pool-639-thread-1] INFO  server.RaftServerConfigKeys (ConfUtils.java:logGet(43)) - raft.server.sleep.deviation.threshold = 300 (default)
2019-10-10 00:01:48,644 [pool-639-thread-1] INFO  server.RaftServerConfigKeys (ConfUtils.java:logGet(43)) - raft.server.log.appender.install.snapshot.enabled = false (custom)
2019-10-10 00:01:48,644 [pool-639-thread-1] INFO  impl.RaftServerImpl (ServerState.java:<init>(103)) - 1da33793-7d60-4b68-bc4c-824e50753869@group-BBBEC18B61AF: ConfigurationManager, init=-1: [1da33793-7d60-4b68-bc4c-824e50753869:192.168.157.245:42936], old=null, confs=<EMPTY_MAP>
2019-10-10 00:01:48,644 [pool-639-thread-1] INFO  server.RaftServerConfigKeys (ConfUtils.java:logGet(43)) - raft.server.storage.dir = [/workdir/hadoop-ozone/integration-test/target/test-dir/MiniOzoneClusterImpl-108913ae-be94-45ca-ae83-5210113f037a/datanode-5/data/ratis] (custom)
2019-10-10 00:01:48,645 [pool-639-thread-1] INFO  server.RaftServerConfigKeys (ConfUtils.java:logGet(43)) - raft.server.log.corruption.policy = EXCEPTION (default)
2019-10-10 00:01:48,645 [pool-639-thread-1] INFO  storage.RaftStorageDirectory (RaftStorageDirectory.java:analyzeStorage(246)) - The storage directory /workdir/hadoop-ozone/integration-test/target/test-dir/MiniOzoneClusterImpl-108913ae-be94-45ca-ae83-5210113f037a/datanode-5/data/ratis/0b4e9971-e67a-4fcd-8cd9-bbbec18b61af does not exist. Creating ...
2019-10-10 00:01:48,657 [pool-639-thread-1] INFO  storage.RaftStorageDirectory (RaftStorageDirectory.java:tryLock(328)) - Lock on /workdir/hadoop-ozone/integration-test/target/test-dir/MiniOzoneClusterImpl-108913ae-be94-45ca-ae83-5210113f037a/datanode-5/data/ratis/0b4e9971-e67a-4fcd-8cd9-bbbec18b61af/in_use.lock acquired by nodename 7564@pr-hdds-2266-b8s26-4239225152
2019-10-10 00:01:48,669 [pool-639-thread-1] INFO  storage.RaftStorage (RaftStorage.java:format(84)) - Storage directory /workdir/hadoop-ozone/integration-test/target/test-dir/MiniOzoneClusterImpl-108913ae-be94-45ca-ae83-5210113f037a/datanode-5/data/ratis/0b4e9971-e67a-4fcd-8cd9-bbbec18b61af has been successfully formatted.
2019-10-10 00:01:48,669 [pool-639-thread-1] INFO  ratis.ContainerStateMachine (ContainerStateMachine.java:loadSnapshot(231)) - group-BBBEC18B61AF: The snapshot info is null. Setting the last applied indexto:(t:0, i:~)
2019-10-10 00:01:48,670 [pool-639-thread-1] INFO  server.RaftServerConfigKeys (ConfUtils.java:logGet(43)) - raft.server.notification.no-leader.timeout = 120s (custom)
2019-10-10 00:01:48,670 [pool-639-thread-1] INFO  server.RaftServerConfigKeys (ConfUtils.java:logGet(43)) - raft.server.log.use.memory = false (default)
2019-10-10 00:01:48,670 [pool-639-thread-1] INFO  server.RaftServerConfigKeys (ConfUtils.java:logGet(43)) - raft.server.log.purge.gap = 1000000 (custom)
2019-10-10 00:01:48,670 [pool-639-thread-1] INFO  server.RaftServerConfigKeys (ConfUtils.java:logGet(43)) - raft.server.log.appender.buffer.byte-limit = 33554432 (custom)
2019-10-10 00:01:48,670 [pool-639-thread-1] INFO  server.RaftServerConfigKeys (ConfUtils.java:logGet(43)) - raft.server.log.segment.size.max = 1048576 (custom)
2019-10-10 00:01:48,671 [pool-639-thread-1] INFO  server.RaftServerConfigKeys (ConfUtils.java:logGet(43)) - raft.server.log.segment.cache.num.max = 2 (custom)
2019-10-10 00:01:48,671 [pool-639-thread-1] INFO  segmented.SegmentedRaftLogWorker (SegmentedRaftLogWorker.java:<init>(173)) - new 1da33793-7d60-4b68-bc4c-824e50753869@group-BBBEC18B61AF-SegmentedRaftLogWorker for RaftStorage:Storage Directory /workdir/hadoop-ozone/integration-test/target/test-dir/MiniOzoneClusterImpl-108913ae-be94-45ca-ae83-5210113f037a/datanode-5/data/ratis/0b4e9971-e67a-4fcd-8cd9-bbbec18b61af
2019-10-10 00:01:48,671 [pool-639-thread-1] INFO  server.RaftServerConfigKeys (ConfUtils.java:logGet(43)) - raft.server.log.queue.byte-limit = 2147483647 (custom)
2019-10-10 00:01:48,671 [pool-639-thread-1] INFO  server.RaftServerConfigKeys (ConfUtils.java:logGet(43)) - raft.server.log.queue.element-limit = 1024 (custom)
2019-10-10 00:01:48,671 [pool-639-thread-1] INFO  server.RaftServerConfigKeys (ConfUtils.java:logGet(43)) - raft.server.log.segment.size.max = 1048576 (custom)
2019-10-10 00:01:48,671 [pool-639-thread-1] INFO  server.RaftServerConfigKeys (ConfUtils.java:logGet(43)) - raft.server.log.preallocated.size = 16384 (custom)
2019-10-10 00:01:48,671 [pool-639-thread-1] INFO  server.RaftServerConfigKeys (ConfUtils.java:logGet(43)) - raft.server.log.write.buffer.size = 33554432 (custom)
2019-10-10 00:01:48,671 [pool-639-thread-1] INFO  server.RaftServerConfigKeys (ConfUtils.java:logGet(43)) - raft.server.log.force.sync.num = 128 (default)
2019-10-10 00:01:48,671 [pool-639-thread-1] INFO  server.RaftServerConfigKeys (ConfUtils.java:logGet(43)) - raft.server.log.statemachine.data.sync = true (default)
2019-10-10 00:01:48,671 [pool-639-thread-1] INFO  server.RaftServerConfigKeys (ConfUtils.java:logGet(43)) - raft.server.log.statemachine.data.sync.timeout = 10s (default)
2019-10-10 00:01:48,671 [pool-639-thread-1] INFO  server.RaftServerConfigKeys (ConfUtils.java:logGet(43)) - raft.server.log.statemachine.data.sync.timeout.retry = -1 (default)
2019-10-10 00:01:48,672 [pool-639-thread-1] INFO  server.RaftServerConfigKeys (ConfUtils.java:logGet(43)) - raft.server.log.statemachine.data.caching.enabled = true (custom)
2019-10-10 00:01:48,672 [pool-639-thread-1] INFO  segmented.SegmentedRaftLogWorker (SegmentedRaftLogWorker.java:lambda$new$0(128)) - 1da33793-7d60-4b68-bc4c-824e50753869@group-BBBEC18B61AF-SegmentedRaftLogWorker: flushIndex: setUnconditionally 0 -> -1
2019-10-10 00:01:48,672 [pool-639-thread-1] INFO  server.RaftServerConfigKeys (ConfUtils.java:logGet(43)) - raft.server.snapshot.auto.trigger.enabled = true (custom)
2019-10-10 00:01:48,672 [pool-639-thread-1] INFO  server.RaftServerConfigKeys (ConfUtils.java:logGet(43)) - raft.server.snapshot.auto.trigger.threshold = 10000 (custom)
2019-10-10 00:01:48,672 [pool-639-thread-1] INFO  server.RaftServerConfigKeys (ConfUtils.java:logGet(43)) - raft.server.snapshot.retention.file.num = 5 (custom)
2019-10-10 00:01:48,672 [pool-639-thread-1] INFO  server.RaftServerConfigKeys (ConfUtils.java:logGet(43)) - raft.server.retrycache.expirytime = 600000ms (custom)
2019-10-10 00:01:48,673 [pool-639-thread-1] INFO  impl.RaftServerImpl (RaftServerImpl.java:start(181)) - 1da33793-7d60-4b68-bc4c-824e50753869@group-BBBEC18B61AF: start as a follower, conf=-1: [1da33793-7d60-4b68-bc4c-824e50753869:192.168.157.245:42936], old=null
2019-10-10 00:01:48,673 [pool-639-thread-1] INFO  impl.RaftServerImpl (RaftServerImpl.java:setRole(170)) - 1da33793-7d60-4b68-bc4c-824e50753869@group-BBBEC18B61AF: changes role from      null to FOLLOWER at term 0 for startAsFollower
2019-10-10 00:01:48,673 [pool-639-thread-1] INFO  impl.RoleInfo (RoleInfo.java:updateAndGet(143)) - 1da33793-7d60-4b68-bc4c-824e50753869: start FollowerState
2019-10-10 00:01:48,673 [pool-639-thread-1] INFO  util.JmxRegister (JmxRegister.java:tryRegister(44)) - Successfully registered JMX Bean with object name Ratis:service=RaftServer,group=group-BBBEC18B61AF,id=1da33793-7d60-4b68-bc4c-824e50753869
2019-10-10 00:01:48,680 [RatisPipelineUtilsThread] INFO  pipeline.PipelineStateManager (PipelineStateManager.java:addPipeline(56)) - Created pipeline Pipeline[ Id: 0b4e9971-e67a-4fcd-8cd9-bbbec18b61af, Nodes: 1da33793-7d60-4b68-bc4c-824e50753869{ip: 192.168.157.245, host: pr-hdds-2266-b8s26-4239225152, networkLocation: /default-rack, certSerialId: null}, Type:RATIS, Factor:ONE, State:OPEN]
2019-10-10 00:01:48,705 [grpc-default-executor-6] INFO  impl.RaftServerProxy (RaftServerProxy.java:addNew(89)) - e517ceab-692d-4b3d-be19-c78fe19f8521: addNew group-07AA0DE1A093:[c7e361df-6228-44a4-8291-3b3f953e0ab1:192.168.157.245:38253, 19bebc76-81c6-41a3-97e5-91afe2c3a386:192.168.157.245:44158, e517ceab-692d-4b3d-be19-c78fe19f8521:192.168.157.245:44325] returns group-07AA0DE1A093:java.util.concurrent.CompletableFuture@66c09f87[Not completed]
2019-10-10 00:01:48,705 [grpc-default-executor-8] INFO  impl.RaftServerProxy (RaftServerProxy.java:addNew(89)) - c7e361df-6228-44a4-8291-3b3f953e0ab1: addNew group-07AA0DE1A093:[c7e361df-6228-44a4-8291-3b3f953e0ab1:192.168.157.245:38253, 19bebc76-81c6-41a3-97e5-91afe2c3a386:192.168.157.245:44158, e517ceab-692d-4b3d-be19-c78fe19f8521:192.168.157.245:44325] returns group-07AA0DE1A093:java.util.concurrent.CompletableFuture@65b93dc3[Not completed]
2019-10-10 00:01:48,705 [grpc-default-executor-1] INFO  impl.RaftServerProxy (RaftServerProxy.java:addNew(89)) - 19bebc76-81c6-41a3-97e5-91afe2c3a386: addNew group-07AA0DE1A093:[c7e361df-6228-44a4-8291-3b3f953e0ab1:192.168.157.245:38253, 19bebc76-81c6-41a3-97e5-91afe2c3a386:192.168.157.245:44158, e517ceab-692d-4b3d-be19-c78fe19f8521:192.168.157.245:44325] returns group-07AA0DE1A093:java.util.concurrent.CompletableFuture@1ef06f43[Not completed]
2019-10-10 00:01:48,706 [pool-619-thread-1] INFO  impl.RaftServerImpl (RaftServerImpl.java:<init>(95)) - e517ceab-692d-4b3d-be19-c78fe19f8521: new RaftServerImpl for group-07AA0DE1A093:[c7e361df-6228-44a4-8291-3b3f953e0ab1:192.168.157.245:38253, 19bebc76-81c6-41a3-97e5-91afe2c3a386:192.168.157.245:44158, e517ceab-692d-4b3d-be19-c78fe19f8521:192.168.157.245:44325] with ContainerStateMachine:uninitialized
2019-10-10 00:01:48,706 [pool-619-thread-1] INFO  server.RaftServerConfigKeys (ConfUtils.java:logGet(43)) - raft.server.rpc.timeout.min = 5s (custom)
2019-10-10 00:01:48,706 [pool-619-thread-1] INFO  server.RaftServerConfigKeys (ConfUtils.java:logGet(43)) - raft.server.rpc.timeout.max = 5200ms (custom)
2019-10-10 00:01:48,706 [pool-649-thread-1] INFO  impl.RaftServerImpl (RaftServerImpl.java:<init>(95)) - 19bebc76-81c6-41a3-97e5-91afe2c3a386: new RaftServerImpl for group-07AA0DE1A093:[c7e361df-6228-44a4-8291-3b3f953e0ab1:192.168.157.245:38253, 19bebc76-81c6-41a3-97e5-91afe2c3a386:192.168.157.245:44158, e517ceab-692d-4b3d-be19-c78fe19f8521:192.168.157.245:44325] with ContainerStateMachine:uninitialized
2019-10-10 00:01:48,706 [pool-619-thread-1] INFO  server.RaftServerConfigKeys (ConfUtils.java:logGet(43)) - raft.server.rpcslowness.timeout = 120s (custom)
2019-10-10 00:01:48,707 [pool-649-thread-1] INFO  server.RaftServerConfigKeys (ConfUtils.java:logGet(43)) - raft.server.rpc.timeout.min = 5s (custom)
2019-10-10 00:01:48,707 [pool-619-thread-1] INFO  server.RaftServerConfigKeys (ConfUtils.java:logGet(43)) - raft.server.sleep.deviation.threshold = 300 (default)
2019-10-10 00:01:48,707 [pool-649-thread-1] INFO  server.RaftServerConfigKeys (ConfUtils.java:logGet(43)) - raft.server.rpc.timeout.max = 5200ms (custom)
2019-10-10 00:01:48,707 [pool-619-thread-1] INFO  server.RaftServerConfigKeys (ConfUtils.java:logGet(43)) - raft.server.log.appender.install.snapshot.enabled = false (custom)
2019-10-10 00:01:48,707 [pool-629-thread-1] INFO  impl.RaftServerImpl (RaftServerImpl.java:<init>(95)) - c7e361df-6228-44a4-8291-3b3f953e0ab1: new RaftServerImpl for group-07AA0DE1A093:[c7e361df-6228-44a4-8291-3b3f953e0ab1:192.168.157.245:38253, 19bebc76-81c6-41a3-97e5-91afe2c3a386:192.168.157.245:44158, e517ceab-692d-4b3d-be19-c78fe19f8521:192.168.157.245:44325] with ContainerStateMachine:uninitialized
2019-10-10 00:01:48,707 [pool-649-thread-1] INFO  server.RaftServerConfigKeys (ConfUtils.java:logGet(43)) - raft.server.rpcslowness.timeout = 120s (custom)
2019-10-10 00:01:48,707 [pool-629-thread-1] INFO  server.RaftServerConfigKeys (ConfUtils.java:logGet(43)) - raft.server.rpc.timeout.min = 5s (custom)
2019-10-10 00:01:48,707 [pool-619-thread-1] INFO  impl.RaftServerImpl (ServerState.java:<init>(103)) - e517ceab-692d-4b3d-be19-c78fe19f8521@group-07AA0DE1A093: ConfigurationManager, init=-1: [c7e361df-6228-44a4-8291-3b3f953e0ab1:192.168.157.245:38253, 19bebc76-81c6-41a3-97e5-91afe2c3a386:192.168.157.245:44158, e517ceab-692d-4b3d-be19-c78fe19f8521:192.168.157.245:44325], old=null, confs=<EMPTY_MAP>
2019-10-10 00:01:48,708 [pool-629-thread-1] INFO  server.RaftServerConfigKeys (ConfUtils.java:logGet(43)) - raft.server.rpc.timeout.max = 5200ms (custom)
2019-10-10 00:01:48,707 [pool-649-thread-1] INFO  server.RaftServerConfigKeys (ConfUtils.java:logGet(43)) - raft.server.sleep.deviation.threshold = 300 (default)
2019-10-10 00:01:48,708 [pool-629-thread-1] INFO  server.RaftServerConfigKeys (ConfUtils.java:logGet(43)) - raft.server.rpcslowness.timeout = 120s (custom)
2019-10-10 00:01:48,708 [pool-619-thread-1] INFO  server.RaftServerConfigKeys (ConfUtils.java:logGet(43)) - raft.server.storage.dir = [/workdir/hadoop-ozone/integration-test/target/test-dir/MiniOzoneClusterImpl-108913ae-be94-45ca-ae83-5210113f037a/datanode-3/data/ratis] (custom)
2019-10-10 00:01:48,708 [pool-629-thread-1] INFO  server.RaftServerConfigKeys (ConfUtils.java:logGet(43)) - raft.server.sleep.deviation.threshold = 300 (default)
2019-10-10 00:01:48,708 [pool-619-thread-1] INFO  server.RaftServerConfigKeys (ConfUtils.java:logGet(43)) - raft.server.log.corruption.policy = EXCEPTION (default)
2019-10-10 00:01:48,708 [pool-649-thread-1] INFO  server.RaftServerConfigKeys (ConfUtils.java:logGet(43)) - raft.server.log.appender.install.snapshot.enabled = false (custom)
2019-10-10 00:01:48,709 [pool-619-thread-1] INFO  storage.RaftStorageDirectory (RaftStorageDirectory.java:analyzeStorage(246)) - The storage directory /workdir/hadoop-ozone/integration-test/target/test-dir/MiniOzoneClusterImpl-108913ae-be94-45ca-ae83-5210113f037a/datanode-3/data/ratis/318a8b8e-c3a5-4d07-b78d-07aa0de1a093 does not exist. Creating ...
2019-10-10 00:01:48,708 [pool-629-thread-1] INFO  server.RaftServerConfigKeys (ConfUtils.java:logGet(43)) - raft.server.log.appender.install.snapshot.enabled = false (custom)
2019-10-10 00:01:48,709 [pool-649-thread-1] INFO  impl.RaftServerImpl (ServerState.java:<init>(103)) - 19bebc76-81c6-41a3-97e5-91afe2c3a386@group-07AA0DE1A093: ConfigurationManager, init=-1: [c7e361df-6228-44a4-8291-3b3f953e0ab1:192.168.157.245:38253, 19bebc76-81c6-41a3-97e5-91afe2c3a386:192.168.157.245:44158, e517ceab-692d-4b3d-be19-c78fe19f8521:192.168.157.245:44325], old=null, confs=<EMPTY_MAP>
2019-10-10 00:01:48,709 [pool-629-thread-1] INFO  impl.RaftServerImpl (ServerState.java:<init>(103)) - c7e361df-6228-44a4-8291-3b3f953e0ab1@group-07AA0DE1A093: ConfigurationManager, init=-1: [c7e361df-6228-44a4-8291-3b3f953e0ab1:192.168.157.245:38253, 19bebc76-81c6-41a3-97e5-91afe2c3a386:192.168.157.245:44158, e517ceab-692d-4b3d-be19-c78fe19f8521:192.168.157.245:44325], old=null, confs=<EMPTY_MAP>
2019-10-10 00:01:48,709 [pool-649-thread-1] INFO  server.RaftServerConfigKeys (ConfUtils.java:logGet(43)) - raft.server.storage.dir = [/workdir/hadoop-ozone/integration-test/target/test-dir/MiniOzoneClusterImpl-108913ae-be94-45ca-ae83-5210113f037a/datanode-6/data/ratis] (custom)
2019-10-10 00:01:48,709 [pool-629-thread-1] INFO  server.RaftServerConfigKeys (ConfUtils.java:logGet(43)) - raft.server.storage.dir = [/workdir/hadoop-ozone/integration-test/target/test-dir/MiniOzoneClusterImpl-108913ae-be94-45ca-ae83-5210113f037a/datanode-4/data/ratis] (custom)
2019-10-10 00:01:48,709 [pool-649-thread-1] INFO  server.RaftServerConfigKeys (ConfUtils.java:logGet(43)) - raft.server.log.corruption.policy = EXCEPTION (default)
2019-10-10 00:01:48,710 [pool-649-thread-1] INFO  storage.RaftStorageDirectory (RaftStorageDirectory.java:analyzeStorage(246)) - The storage directory /workdir/hadoop-ozone/integration-test/target/test-dir/MiniOzoneClusterImpl-108913ae-be94-45ca-ae83-5210113f037a/datanode-6/data/ratis/318a8b8e-c3a5-4d07-b78d-07aa0de1a093 does not exist. Creating ...
2019-10-10 00:01:48,710 [pool-629-thread-1] INFO  server.RaftServerConfigKeys (ConfUtils.java:logGet(43)) - raft.server.log.corruption.policy = EXCEPTION (default)
2019-10-10 00:01:48,710 [pool-629-thread-1] INFO  storage.RaftStorageDirectory (RaftStorageDirectory.java:analyzeStorage(246)) - The storage directory /workdir/hadoop-ozone/integration-test/target/test-dir/MiniOzoneClusterImpl-108913ae-be94-45ca-ae83-5210113f037a/datanode-4/data/ratis/318a8b8e-c3a5-4d07-b78d-07aa0de1a093 does not exist. Creating ...
2019-10-10 00:01:48,732 [pool-629-thread-1] INFO  storage.RaftStorageDirectory (RaftStorageDirectory.java:tryLock(328)) - Lock on /workdir/hadoop-ozone/integration-test/target/test-dir/MiniOzoneClusterImpl-108913ae-be94-45ca-ae83-5210113f037a/datanode-4/data/ratis/318a8b8e-c3a5-4d07-b78d-07aa0de1a093/in_use.lock acquired by nodename 7564@pr-hdds-2266-b8s26-4239225152
2019-10-10 00:01:48,732 [pool-619-thread-1] INFO  storage.RaftStorageDirectory (RaftStorageDirectory.java:tryLock(328)) - Lock on /workdir/hadoop-ozone/integration-test/target/test-dir/MiniOzoneClusterImpl-108913ae-be94-45ca-ae83-5210113f037a/datanode-3/data/ratis/318a8b8e-c3a5-4d07-b78d-07aa0de1a093/in_use.lock acquired by nodename 7564@pr-hdds-2266-b8s26-4239225152
2019-10-10 00:01:48,732 [pool-649-thread-1] INFO  storage.RaftStorageDirectory (RaftStorageDirectory.java:tryLock(328)) - Lock on /workdir/hadoop-ozone/integration-test/target/test-dir/MiniOzoneClusterImpl-108913ae-be94-45ca-ae83-5210113f037a/datanode-6/data/ratis/318a8b8e-c3a5-4d07-b78d-07aa0de1a093/in_use.lock acquired by nodename 7564@pr-hdds-2266-b8s26-4239225152
2019-10-10 00:01:48,757 [pool-619-thread-1] INFO  storage.RaftStorage (RaftStorage.java:format(84)) - Storage directory /workdir/hadoop-ozone/integration-test/target/test-dir/MiniOzoneClusterImpl-108913ae-be94-45ca-ae83-5210113f037a/datanode-3/data/ratis/318a8b8e-c3a5-4d07-b78d-07aa0de1a093 has been successfully formatted.
2019-10-10 00:01:48,757 [pool-629-thread-1] INFO  storage.RaftStorage (RaftStorage.java:format(84)) - Storage directory /workdir/hadoop-ozone/integration-test/target/test-dir/MiniOzoneClusterImpl-108913ae-be94-45ca-ae83-5210113f037a/datanode-4/data/ratis/318a8b8e-c3a5-4d07-b78d-07aa0de1a093 has been successfully formatted.
2019-10-10 00:01:48,757 [pool-649-thread-1] INFO  storage.RaftStorage (RaftStorage.java:format(84)) - Storage directory /workdir/hadoop-ozone/integration-test/target/test-dir/MiniOzoneClusterImpl-108913ae-be94-45ca-ae83-5210113f037a/datanode-6/data/ratis/318a8b8e-c3a5-4d07-b78d-07aa0de1a093 has been successfully formatted.
2019-10-10 00:01:48,757 [pool-629-thread-1] INFO  ratis.ContainerStateMachine (ContainerStateMachine.java:loadSnapshot(231)) - group-07AA0DE1A093: The snapshot info is null. Setting the last applied indexto:(t:0, i:~)
2019-10-10 00:01:48,757 [pool-649-thread-1] INFO  ratis.ContainerStateMachine (ContainerStateMachine.java:loadSnapshot(231)) - group-07AA0DE1A093: The snapshot info is null. Setting the last applied indexto:(t:0, i:~)
2019-10-10 00:01:48,757 [pool-619-thread-1] INFO  ratis.ContainerStateMachine (ContainerStateMachine.java:loadSnapshot(231)) - group-07AA0DE1A093: The snapshot info is null. Setting the last applied indexto:(t:0, i:~)
2019-10-10 00:01:48,757 [pool-649-thread-1] INFO  server.RaftServerConfigKeys (ConfUtils.java:logGet(43)) - raft.server.notification.no-leader.timeout = 120s (custom)
2019-10-10 00:01:48,757 [pool-629-thread-1] INFO  server.RaftServerConfigKeys (ConfUtils.java:logGet(43)) - raft.server.notification.no-leader.timeout = 120s (custom)
2019-10-10 00:01:48,758 [pool-649-thread-1] INFO  server.RaftServerConfigKeys (ConfUtils.java:logGet(43)) - raft.server.log.use.memory = false (default)
2019-10-10 00:01:48,757 [pool-619-thread-1] INFO  server.RaftServerConfigKeys (ConfUtils.java:logGet(43)) - raft.server.notification.no-leader.timeout = 120s (custom)
2019-10-10 00:01:48,758 [pool-649-thread-1] INFO  server.RaftServerConfigKeys (ConfUtils.java:logGet(43)) - raft.server.log.purge.gap = 1000000 (custom)
2019-10-10 00:01:48,758 [pool-629-thread-1] INFO  server.RaftServerConfigKeys (ConfUtils.java:logGet(43)) - raft.server.log.use.memory = false (default)
2019-10-10 00:01:48,758 [pool-649-thread-1] INFO  server.RaftServerConfigKeys (ConfUtils.java:logGet(43)) - raft.server.log.appender.buffer.byte-limit = 33554432 (custom)
2019-10-10 00:01:48,758 [pool-619-thread-1] INFO  server.RaftServerConfigKeys (ConfUtils.java:logGet(43)) - raft.server.log.use.memory = false (default)
2019-10-10 00:01:48,758 [pool-649-thread-1] INFO  server.RaftServerConfigKeys (ConfUtils.java:logGet(43)) - raft.server.log.segment.size.max = 1048576 (custom)
2019-10-10 00:01:48,758 [pool-629-thread-1] INFO  server.RaftServerConfigKeys (ConfUtils.java:logGet(43)) - raft.server.log.purge.gap = 1000000 (custom)
2019-10-10 00:01:48,759 [pool-649-thread-1] INFO  server.RaftServerConfigKeys (ConfUtils.java:logGet(43)) - raft.server.log.segment.cache.num.max = 2 (custom)
2019-10-10 00:01:48,758 [pool-619-thread-1] INFO  server.RaftServerConfigKeys (ConfUtils.java:logGet(43)) - raft.server.log.purge.gap = 1000000 (custom)
2019-10-10 00:01:48,759 [pool-649-thread-1] INFO  segmented.SegmentedRaftLogWorker (SegmentedRaftLogWorker.java:<init>(173)) - new 19bebc76-81c6-41a3-97e5-91afe2c3a386@group-07AA0DE1A093-SegmentedRaftLogWorker for RaftStorage:Storage Directory /workdir/hadoop-ozone/integration-test/target/test-dir/MiniOzoneClusterImpl-108913ae-be94-45ca-ae83-5210113f037a/datanode-6/data/ratis/318a8b8e-c3a5-4d07-b78d-07aa0de1a093
2019-10-10 00:01:48,759 [pool-629-thread-1] INFO  server.RaftServerConfigKeys (ConfUtils.java:logGet(43)) - raft.server.log.appender.buffer.byte-limit = 33554432 (custom)
2019-10-10 00:01:48,759 [pool-649-thread-1] INFO  server.RaftServerConfigKeys (ConfUtils.java:logGet(43)) - raft.server.log.queue.byte-limit = 2147483647 (custom)
2019-10-10 00:01:48,759 [pool-619-thread-1] INFO  server.RaftServerConfigKeys (ConfUtils.java:logGet(43)) - raft.server.log.appender.buffer.byte-limit = 33554432 (custom)
2019-10-10 00:01:48,759 [pool-649-thread-1] INFO  server.RaftServerConfigKeys (ConfUtils.java:logGet(43)) - raft.server.log.queue.element-limit = 1024 (custom)
2019-10-10 00:01:48,759 [pool-629-thread-1] INFO  server.RaftServerConfigKeys (ConfUtils.java:logGet(43)) - raft.server.log.segment.size.max = 1048576 (custom)
2019-10-10 00:01:48,760 [pool-649-thread-1] INFO  server.RaftServerConfigKeys (ConfUtils.java:logGet(43)) - raft.server.log.segment.size.max = 1048576 (custom)
2019-10-10 00:01:48,759 [pool-619-thread-1] INFO  server.RaftServerConfigKeys (ConfUtils.java:logGet(43)) - raft.server.log.segment.size.max = 1048576 (custom)
2019-10-10 00:01:48,760 [pool-649-thread-1] INFO  server.RaftServerConfigKeys (ConfUtils.java:logGet(43)) - raft.server.log.preallocated.size = 16384 (custom)
2019-10-10 00:01:48,760 [pool-629-thread-1] INFO  server.RaftServerConfigKeys (ConfUtils.java:logGet(43)) - raft.server.log.segment.cache.num.max = 2 (custom)
2019-10-10 00:01:48,760 [pool-649-thread-1] INFO  server.RaftServerConfigKeys (ConfUtils.java:logGet(43)) - raft.server.log.write.buffer.size = 33554432 (custom)
2019-10-10 00:01:48,760 [pool-619-thread-1] INFO  server.RaftServerConfigKeys (ConfUtils.java:logGet(43)) - raft.server.log.segment.cache.num.max = 2 (custom)
2019-10-10 00:01:48,760 [pool-649-thread-1] INFO  server.RaftServerConfigKeys (ConfUtils.java:logGet(43)) - raft.server.log.force.sync.num = 128 (default)
2019-10-10 00:01:48,760 [pool-629-thread-1] INFO  segmented.SegmentedRaftLogWorker (SegmentedRaftLogWorker.java:<init>(173)) - new c7e361df-6228-44a4-8291-3b3f953e0ab1@group-07AA0DE1A093-SegmentedRaftLogWorker for RaftStorage:Storage Directory /workdir/hadoop-ozone/integration-test/target/test-dir/MiniOzoneClusterImpl-108913ae-be94-45ca-ae83-5210113f037a/datanode-4/data/ratis/318a8b8e-c3a5-4d07-b78d-07aa0de1a093
2019-10-10 00:01:48,761 [pool-649-thread-1] INFO  server.RaftServerConfigKeys (ConfUtils.java:logGet(43)) - raft.server.log.statemachine.data.sync = true (default)
2019-10-10 00:01:48,760 [pool-619-thread-1] INFO  segmented.SegmentedRaftLogWorker (SegmentedRaftLogWorker.java:<init>(173)) - new e517ceab-692d-4b3d-be19-c78fe19f8521@group-07AA0DE1A093-SegmentedRaftLogWorker for RaftStorage:Storage Directory /workdir/hadoop-ozone/integration-test/target/test-dir/MiniOzoneClusterImpl-108913ae-be94-45ca-ae83-5210113f037a/datanode-3/data/ratis/318a8b8e-c3a5-4d07-b78d-07aa0de1a093
2019-10-10 00:01:48,761 [pool-649-thread-1] INFO  server.RaftServerConfigKeys (ConfUtils.java:logGet(43)) - raft.server.log.statemachine.data.sync.timeout = 10s (default)
2019-10-10 00:01:48,761 [pool-629-thread-1] INFO  server.RaftServerConfigKeys (ConfUtils.java:logGet(43)) - raft.server.log.queue.byte-limit = 2147483647 (custom)
2019-10-10 00:01:48,761 [pool-649-thread-1] INFO  server.RaftServerConfigKeys (ConfUtils.java:logGet(43)) - raft.server.log.statemachine.data.sync.timeout.retry = -1 (default)
2019-10-10 00:01:48,761 [pool-619-thread-1] INFO  server.RaftServerConfigKeys (ConfUtils.java:logGet(43)) - raft.server.log.queue.byte-limit = 2147483647 (custom)
2019-10-10 00:01:48,761 [pool-649-thread-1] INFO  server.RaftServerConfigKeys (ConfUtils.java:logGet(43)) - raft.server.log.statemachine.data.caching.enabled = true (custom)
2019-10-10 00:01:48,761 [pool-629-thread-1] INFO  server.RaftServerConfigKeys (ConfUtils.java:logGet(43)) - raft.server.log.queue.element-limit = 1024 (custom)
2019-10-10 00:01:48,762 [pool-619-thread-1] INFO  server.RaftServerConfigKeys (ConfUtils.java:logGet(43)) - raft.server.log.queue.element-limit = 1024 (custom)
2019-10-10 00:01:48,762 [pool-629-thread-1] INFO  server.RaftServerConfigKeys (ConfUtils.java:logGet(43)) - raft.server.log.segment.size.max = 1048576 (custom)
2019-10-10 00:01:48,762 [pool-649-thread-1] INFO  segmented.SegmentedRaftLogWorker (SegmentedRaftLogWorker.java:lambda$new$0(128)) - 19bebc76-81c6-41a3-97e5-91afe2c3a386@group-07AA0DE1A093-SegmentedRaftLogWorker: flushIndex: setUnconditionally 0 -> -1
2019-10-10 00:01:48,762 [pool-629-thread-1] INFO  server.RaftServerConfigKeys (ConfUtils.java:logGet(43)) - raft.server.log.preallocated.size = 16384 (custom)
2019-10-10 00:01:48,762 [pool-619-thread-1] INFO  server.RaftServerConfigKeys (ConfUtils.java:logGet(43)) - raft.server.log.segment.size.max = 1048576 (custom)
2019-10-10 00:01:48,762 [pool-649-thread-1] INFO  server.RaftServerConfigKeys (ConfUtils.java:logGet(43)) - raft.server.snapshot.auto.trigger.enabled = true (custom)
2019-10-10 00:01:48,762 [pool-629-thread-1] INFO  server.RaftServerConfigKeys (ConfUtils.java:logGet(43)) - raft.server.log.write.buffer.size = 33554432 (custom)
2019-10-10 00:01:48,763 [pool-649-thread-1] INFO  server.RaftServerConfigKeys (ConfUtils.java:logGet(43)) - raft.server.snapshot.auto.trigger.threshold = 10000 (custom)
2019-10-10 00:01:48,762 [pool-619-thread-1] INFO  server.RaftServerConfigKeys (ConfUtils.java:logGet(43)) - raft.server.log.preallocated.size = 16384 (custom)
2019-10-10 00:01:48,763 [pool-649-thread-1] INFO  server.RaftServerConfigKeys (ConfUtils.java:logGet(43)) - raft.server.snapshot.retention.file.num = 5 (custom)
2019-10-10 00:01:48,763 [pool-629-thread-1] INFO  server.RaftServerConfigKeys (ConfUtils.java:logGet(43)) - raft.server.log.force.sync.num = 128 (default)
2019-10-10 00:01:48,763 [pool-649-thread-1] INFO  server.RaftServerConfigKeys (ConfUtils.java:logGet(43)) - raft.server.retrycache.expirytime = 600000ms (custom)
2019-10-10 00:01:48,763 [pool-619-thread-1] INFO  server.RaftServerConfigKeys (ConfUtils.java:logGet(43)) - raft.server.log.write.buffer.size = 33554432 (custom)
2019-10-10 00:01:48,763 [pool-619-thread-1] INFO  server.RaftServerConfigKeys (ConfUtils.java:logGet(43)) - raft.server.log.force.sync.num = 128 (default)
2019-10-10 00:01:48,763 [pool-629-thread-1] INFO  server.RaftServerConfigKeys (ConfUtils.java:logGet(43)) - raft.server.log.statemachine.data.sync = true (default)
2019-10-10 00:01:48,763 [pool-619-thread-1] INFO  server.RaftServerConfigKeys (ConfUtils.java:logGet(43)) - raft.server.log.statemachine.data.sync = true (default)
2019-10-10 00:01:48,764 [pool-629-thread-1] INFO  server.RaftServerConfigKeys (ConfUtils.java:logGet(43)) - raft.server.log.statemachine.data.sync.timeout = 10s (default)
2019-10-10 00:01:48,764 [pool-619-thread-1] INFO  server.RaftServerConfigKeys (ConfUtils.java:logGet(43)) - raft.server.log.statemachine.data.sync.timeout = 10s (default)
2019-10-10 00:01:48,764 [pool-629-thread-1] INFO  server.RaftServerConfigKeys (ConfUtils.java:logGet(43)) - raft.server.log.statemachine.data.sync.timeout.retry = -1 (default)
2019-10-10 00:01:48,764 [pool-619-thread-1] INFO  server.RaftServerConfigKeys (ConfUtils.java:logGet(43)) - raft.server.log.statemachine.data.sync.timeout.retry = -1 (default)
2019-10-10 00:01:48,764 [pool-629-thread-1] INFO  server.RaftServerConfigKeys (ConfUtils.java:logGet(43)) - raft.server.log.statemachine.data.caching.enabled = true (custom)
2019-10-10 00:01:48,764 [pool-619-thread-1] INFO  server.RaftServerConfigKeys (ConfUtils.java:logGet(43)) - raft.server.log.statemachine.data.caching.enabled = true (custom)
2019-10-10 00:01:48,765 [pool-629-thread-1] INFO  segmented.SegmentedRaftLogWorker (SegmentedRaftLogWorker.java:lambda$new$0(128)) - c7e361df-6228-44a4-8291-3b3f953e0ab1@group-07AA0DE1A093-SegmentedRaftLogWorker: flushIndex: setUnconditionally 0 -> -1
2019-10-10 00:01:48,765 [pool-619-thread-1] INFO  segmented.SegmentedRaftLogWorker (SegmentedRaftLogWorker.java:lambda$new$0(128)) - e517ceab-692d-4b3d-be19-c78fe19f8521@group-07AA0DE1A093-SegmentedRaftLogWorker: flushIndex: setUnconditionally 0 -> -1
2019-10-10 00:01:48,765 [pool-649-thread-1] INFO  impl.RaftServerImpl (RaftServerImpl.java:start(181)) - 19bebc76-81c6-41a3-97e5-91afe2c3a386@group-07AA0DE1A093: start as a follower, conf=-1: [c7e361df-6228-44a4-8291-3b3f953e0ab1:192.168.157.245:38253, 19bebc76-81c6-41a3-97e5-91afe2c3a386:192.168.157.245:44158, e517ceab-692d-4b3d-be19-c78fe19f8521:192.168.157.245:44325], old=null
2019-10-10 00:01:48,765 [pool-619-thread-1] INFO  server.RaftServerConfigKeys (ConfUtils.java:logGet(43)) - raft.server.snapshot.auto.trigger.enabled = true (custom)
2019-10-10 00:01:48,765 [pool-629-thread-1] INFO  server.RaftServerConfigKeys (ConfUtils.java:logGet(43)) - raft.server.snapshot.auto.trigger.enabled = true (custom)
2019-10-10 00:01:48,765 [pool-619-thread-1] INFO  server.RaftServerConfigKeys (ConfUtils.java:logGet(43)) - raft.server.snapshot.auto.trigger.threshold = 10000 (custom)
2019-10-10 00:01:48,765 [pool-649-thread-1] INFO  impl.RaftServerImpl (RaftServerImpl.java:setRole(170)) - 19bebc76-81c6-41a3-97e5-91afe2c3a386@group-07AA0DE1A093: changes role from      null to FOLLOWER at term 0 for startAsFollower
2019-10-10 00:01:48,765 [pool-619-thread-1] INFO  server.RaftServerConfigKeys (ConfUtils.java:logGet(43)) - raft.server.snapshot.retention.file.num = 5 (custom)
2019-10-10 00:01:48,765 [pool-629-thread-1] INFO  server.RaftServerConfigKeys (ConfUtils.java:logGet(43)) - raft.server.snapshot.auto.trigger.threshold = 10000 (custom)
2019-10-10 00:01:48,765 [pool-619-thread-1] INFO  server.RaftServerConfigKeys (ConfUtils.java:logGet(43)) - raft.server.retrycache.expirytime = 600000ms (custom)
2019-10-10 00:01:48,765 [pool-649-thread-1] INFO  impl.RoleInfo (RoleInfo.java:updateAndGet(143)) - 19bebc76-81c6-41a3-97e5-91afe2c3a386: start FollowerState
2019-10-10 00:01:48,766 [pool-629-thread-1] INFO  server.RaftServerConfigKeys (ConfUtils.java:logGet(43)) - raft.server.snapshot.retention.file.num = 5 (custom)
2019-10-10 00:01:48,766 [pool-649-thread-1] INFO  util.JmxRegister (JmxRegister.java:tryRegister(44)) - Successfully registered JMX Bean with object name Ratis:service=RaftServer,group=group-07AA0DE1A093,id=19bebc76-81c6-41a3-97e5-91afe2c3a386
2019-10-10 00:01:48,766 [pool-629-thread-1] INFO  server.RaftServerConfigKeys (ConfUtils.java:logGet(43)) - raft.server.retrycache.expirytime = 600000ms (custom)
2019-10-10 00:01:48,767 [pool-619-thread-1] INFO  impl.RaftServerImpl (RaftServerImpl.java:start(181)) - e517ceab-692d-4b3d-be19-c78fe19f8521@group-07AA0DE1A093: start as a follower, conf=-1: [c7e361df-6228-44a4-8291-3b3f953e0ab1:192.168.157.245:38253, 19bebc76-81c6-41a3-97e5-91afe2c3a386:192.168.157.245:44158, e517ceab-692d-4b3d-be19-c78fe19f8521:192.168.157.245:44325], old=null
2019-10-10 00:01:48,767 [pool-619-thread-1] INFO  impl.RaftServerImpl (RaftServerImpl.java:setRole(170)) - e517ceab-692d-4b3d-be19-c78fe19f8521@group-07AA0DE1A093: changes role from      null to FOLLOWER at term 0 for startAsFollower
2019-10-10 00:01:48,767 [pool-619-thread-1] INFO  impl.RoleInfo (RoleInfo.java:updateAndGet(143)) - e517ceab-692d-4b3d-be19-c78fe19f8521: start FollowerState
2019-10-10 00:01:48,767 [pool-619-thread-1] INFO  util.JmxRegister (JmxRegister.java:tryRegister(44)) - Successfully registered JMX Bean with object name Ratis:service=RaftServer,group=group-07AA0DE1A093,id=e517ceab-692d-4b3d-be19-c78fe19f8521
2019-10-10 00:01:48,769 [pool-629-thread-1] INFO  impl.RaftServerImpl (RaftServerImpl.java:start(181)) - c7e361df-6228-44a4-8291-3b3f953e0ab1@group-07AA0DE1A093: start as a follower, conf=-1: [c7e361df-6228-44a4-8291-3b3f953e0ab1:192.168.157.245:38253, 19bebc76-81c6-41a3-97e5-91afe2c3a386:192.168.157.245:44158, e517ceab-692d-4b3d-be19-c78fe19f8521:192.168.157.245:44325], old=null
2019-10-10 00:01:48,769 [pool-629-thread-1] INFO  impl.RaftServerImpl (RaftServerImpl.java:setRole(170)) - c7e361df-6228-44a4-8291-3b3f953e0ab1@group-07AA0DE1A093: changes role from      null to FOLLOWER at term 0 for startAsFollower
2019-10-10 00:01:48,769 [pool-629-thread-1] INFO  impl.RoleInfo (RoleInfo.java:updateAndGet(143)) - c7e361df-6228-44a4-8291-3b3f953e0ab1: start FollowerState
2019-10-10 00:01:48,774 [pool-629-thread-1] INFO  util.JmxRegister (JmxRegister.java:tryRegister(44)) - Successfully registered JMX Bean with object name Ratis:service=RaftServer,group=group-07AA0DE1A093,id=c7e361df-6228-44a4-8291-3b3f953e0ab1
2019-10-10 00:01:48,783 [RatisPipelineUtilsThread] INFO  pipeline.PipelineStateManager (PipelineStateManager.java:addPipeline(56)) - Created pipeline Pipeline[ Id: 318a8b8e-c3a5-4d07-b78d-07aa0de1a093, Nodes: c7e361df-6228-44a4-8291-3b3f953e0ab1{ip: 192.168.157.245, host: pr-hdds-2266-b8s26-4239225152, networkLocation: /default-rack, certSerialId: null}19bebc76-81c6-41a3-97e5-91afe2c3a386{ip: 192.168.157.245, host: pr-hdds-2266-b8s26-4239225152, networkLocation: /default-rack, certSerialId: null}e517ceab-692d-4b3d-be19-c78fe19f8521{ip: 192.168.157.245, host: pr-hdds-2266-b8s26-4239225152, networkLocation: /default-rack, certSerialId: null}, Type:RATIS, Factor:THREE, State:OPEN]
2019-10-10 00:01:51,100 [Thread-3877] INFO  container.ReplicationManager (ReplicationManager.java:start(162)) - Starting Replication Monitor Thread.
2019-10-10 00:01:51,104 [ReplicationMonitor] INFO  container.ReplicationManager (ReplicationManager.java:run(225)) - Replication Monitor Thread took 0 milliseconds for processing 1 containers.
2019-10-10 00:01:53,232 [Thread-3879] INFO  impl.FollowerState (FollowerState.java:run(108)) - 44809ed9-9065-491d-9993-3d85ca8eea00@group-5044DE855E58-FollowerState: change to CANDIDATE, lastRpcTime:5049ms, electionTimeout:5049ms
2019-10-10 00:01:53,232 [Thread-3879] INFO  impl.RoleInfo (RoleInfo.java:shutdownFollowerState(121)) - 44809ed9-9065-491d-9993-3d85ca8eea00: shutdown FollowerState
2019-10-10 00:01:53,232 [Thread-3879] INFO  impl.RaftServerImpl (RaftServerImpl.java:setRole(170)) - 44809ed9-9065-491d-9993-3d85ca8eea00@group-5044DE855E58: changes role from  FOLLOWER to CANDIDATE at term 0 for changeToCandidate
2019-10-10 00:01:53,232 [Thread-3879] INFO  impl.RoleInfo (RoleInfo.java:updateAndGet(143)) - 44809ed9-9065-491d-9993-3d85ca8eea00: start LeaderElection
2019-10-10 00:01:53,265 [44809ed9-9065-491d-9993-3d85ca8eea00@group-5044DE855E58-LeaderElection87] INFO  impl.LeaderElection (LeaderElection.java:askForVotes(178)) - 44809ed9-9065-491d-9993-3d85ca8eea00@group-5044DE855E58-LeaderElection87: begin an election at term 1 for -1: [44809ed9-9065-491d-9993-3d85ca8eea00:192.168.157.245:46436], old=null
2019-10-10 00:01:53,265 [44809ed9-9065-491d-9993-3d85ca8eea00@group-5044DE855E58-LeaderElection87] INFO  impl.RoleInfo (RoleInfo.java:shutdownLeaderElection(134)) - 44809ed9-9065-491d-9993-3d85ca8eea00: shutdown LeaderElection
2019-10-10 00:01:53,265 [44809ed9-9065-491d-9993-3d85ca8eea00@group-5044DE855E58-LeaderElection87] INFO  impl.RaftServerImpl (RaftServerImpl.java:setRole(170)) - 44809ed9-9065-491d-9993-3d85ca8eea00@group-5044DE855E58: changes role from CANDIDATE to LEADER at term 1 for changeToLeader
2019-10-10 00:01:53,265 [44809ed9-9065-491d-9993-3d85ca8eea00@group-5044DE855E58-LeaderElection87] INFO  impl.RaftServerImpl (ServerState.java:setLeader(255)) - 44809ed9-9065-491d-9993-3d85ca8eea00@group-5044DE855E58: change Leader from null to 44809ed9-9065-491d-9993-3d85ca8eea00 at term 1 for becomeLeader, leader elected after 5089ms
2019-10-10 00:01:53,266 [44809ed9-9065-491d-9993-3d85ca8eea00@group-5044DE855E58-LeaderElection87] INFO  server.RaftServerConfigKeys (ConfUtils.java:logGet(43)) - raft.server.staging.catchup.gap = 1000 (default)
2019-10-10 00:01:53,266 [44809ed9-9065-491d-9993-3d85ca8eea00@group-5044DE855E58-LeaderElection87] INFO  server.RaftServerConfigKeys (ConfUtils.java:logGet(43)) - raft.server.rpc.sleep.time = 25ms (default)
2019-10-10 00:01:53,266 [44809ed9-9065-491d-9993-3d85ca8eea00@group-5044DE855E58-LeaderElection87] INFO  server.RaftServerConfigKeys (ConfUtils.java:logGet(43)) - raft.server.write.element-limit = 4096 (default)
2019-10-10 00:01:53,266 [44809ed9-9065-491d-9993-3d85ca8eea00@group-5044DE855E58-LeaderElection87] INFO  server.RaftServerConfigKeys (ConfUtils.java:logGet(43)) - raft.server.watch.timeout = 10s (default)
2019-10-10 00:01:53,266 [44809ed9-9065-491d-9993-3d85ca8eea00@group-5044DE855E58-LeaderElection87] INFO  server.RaftServerConfigKeys (ConfUtils.java:logGet(43)) - raft.server.watch.timeout.denomination = 1s (default)
2019-10-10 00:01:53,267 [44809ed9-9065-491d-9993-3d85ca8eea00@group-5044DE855E58-LeaderElection87] INFO  server.RaftServerConfigKeys (ConfUtils.java:logGet(43)) - raft.server.watch.element-limit = 65536 (default)
2019-10-10 00:01:53,269 [44809ed9-9065-491d-9993-3d85ca8eea00@group-5044DE855E58-LeaderElection87] INFO  impl.RoleInfo (RoleInfo.java:updateAndGet(143)) - 44809ed9-9065-491d-9993-3d85ca8eea00: start LeaderState
2019-10-10 00:01:53,269 [44809ed9-9065-491d-9993-3d85ca8eea00@group-5044DE855E58-LeaderElection87] INFO  segmented.SegmentedRaftLogWorker (SegmentedRaftLogWorker.java:startLogSegment(385)) - 44809ed9-9065-491d-9993-3d85ca8eea00@group-5044DE855E58-SegmentedRaftLogWorker: Starting segment from index:0
2019-10-10 00:01:53,270 [44809ed9-9065-491d-9993-3d85ca8eea00@group-5044DE855E58-LeaderElection87] INFO  impl.RaftServerImpl (ServerState.java:setRaftConf(356)) - 44809ed9-9065-491d-9993-3d85ca8eea00@group-5044DE855E58: set configuration 0: [44809ed9-9065-491d-9993-3d85ca8eea00:192.168.157.245:46436], old=null at 0
2019-10-10 00:01:53,321 [44809ed9-9065-491d-9993-3d85ca8eea00@group-5044DE855E58-SegmentedRaftLogWorker] INFO  segmented.SegmentedRaftLogWorker (SegmentedRaftLogWorker.java:execute(574)) - 44809ed9-9065-491d-9993-3d85ca8eea00@group-5044DE855E58-SegmentedRaftLogWorker: created new log segment /workdir/hadoop-ozone/integration-test/target/test-dir/MiniOzoneClusterImpl-108913ae-be94-45ca-ae83-5210113f037a/datanode-0/data/ratis/4807d797-7687-4796-8d54-5044de855e58/current/log_inprogress_0
2019-10-10 00:01:53,331 [Thread-3885] INFO  impl.FollowerState (FollowerState.java:run(108)) - 9386b9a1-795a-4fcc-8e16-52cccb22d193@group-917E67F4410C-FollowerState: change to CANDIDATE, lastRpcTime:5029ms, electionTimeout:5029ms
2019-10-10 00:01:53,331 [Thread-3885] INFO  impl.RoleInfo (RoleInfo.java:shutdownFollowerState(121)) - 9386b9a1-795a-4fcc-8e16-52cccb22d193: shutdown FollowerState
2019-10-10 00:01:53,331 [Thread-3885] INFO  impl.RaftServerImpl (RaftServerImpl.java:setRole(170)) - 9386b9a1-795a-4fcc-8e16-52cccb22d193@group-917E67F4410C: changes role from  FOLLOWER to CANDIDATE at term 0 for changeToCandidate
2019-10-10 00:01:53,331 [Thread-3885] INFO  impl.RoleInfo (RoleInfo.java:updateAndGet(143)) - 9386b9a1-795a-4fcc-8e16-52cccb22d193: start LeaderElection
2019-10-10 00:01:53,351 [9386b9a1-795a-4fcc-8e16-52cccb22d193@group-917E67F4410C-LeaderElection88] INFO  impl.LeaderElection (LeaderElection.java:askForVotes(178)) - 9386b9a1-795a-4fcc-8e16-52cccb22d193@group-917E67F4410C-LeaderElection88: begin an election at term 1 for -1: [9386b9a1-795a-4fcc-8e16-52cccb22d193:192.168.157.245:39809], old=null
2019-10-10 00:01:53,351 [9386b9a1-795a-4fcc-8e16-52cccb22d193@group-917E67F4410C-LeaderElection88] INFO  impl.RoleInfo (RoleInfo.java:shutdownLeaderElection(134)) - 9386b9a1-795a-4fcc-8e16-52cccb22d193: shutdown LeaderElection
2019-10-10 00:01:53,351 [9386b9a1-795a-4fcc-8e16-52cccb22d193@group-917E67F4410C-LeaderElection88] INFO  impl.RaftServerImpl (RaftServerImpl.java:setRole(170)) - 9386b9a1-795a-4fcc-8e16-52cccb22d193@group-917E67F4410C: changes role from CANDIDATE to LEADER at term 1 for changeToLeader
2019-10-10 00:01:53,351 [9386b9a1-795a-4fcc-8e16-52cccb22d193@group-917E67F4410C-LeaderElection88] INFO  impl.RaftServerImpl (ServerState.java:setLeader(255)) - 9386b9a1-795a-4fcc-8e16-52cccb22d193@group-917E67F4410C: change Leader from null to 9386b9a1-795a-4fcc-8e16-52cccb22d193 at term 1 for becomeLeader, leader elected after 5055ms
2019-10-10 00:01:53,351 [9386b9a1-795a-4fcc-8e16-52cccb22d193@group-917E67F4410C-LeaderElection88] INFO  server.RaftServerConfigKeys (ConfUtils.java:logGet(43)) - raft.server.staging.catchup.gap = 1000 (default)
2019-10-10 00:01:53,351 [9386b9a1-795a-4fcc-8e16-52cccb22d193@group-917E67F4410C-LeaderElection88] INFO  server.RaftServerConfigKeys (ConfUtils.java:logGet(43)) - raft.server.rpc.sleep.time = 25ms (default)
2019-10-10 00:01:53,352 [9386b9a1-795a-4fcc-8e16-52cccb22d193@group-917E67F4410C-LeaderElection88] INFO  server.RaftServerConfigKeys (ConfUtils.java:logGet(43)) - raft.server.write.element-limit = 4096 (default)
2019-10-10 00:01:53,352 [9386b9a1-795a-4fcc-8e16-52cccb22d193@group-917E67F4410C-LeaderElection88] INFO  server.RaftServerConfigKeys (ConfUtils.java:logGet(43)) - raft.server.watch.timeout = 10s (default)
2019-10-10 00:01:53,352 [9386b9a1-795a-4fcc-8e16-52cccb22d193@group-917E67F4410C-LeaderElection88] INFO  server.RaftServerConfigKeys (ConfUtils.java:logGet(43)) - raft.server.watch.timeout.denomination = 1s (default)
2019-10-10 00:01:53,352 [9386b9a1-795a-4fcc-8e16-52cccb22d193@group-917E67F4410C-LeaderElection88] INFO  server.RaftServerConfigKeys (ConfUtils.java:logGet(43)) - raft.server.watch.element-limit = 65536 (default)
2019-10-10 00:01:53,354 [9386b9a1-795a-4fcc-8e16-52cccb22d193@group-917E67F4410C-LeaderElection88] INFO  impl.RoleInfo (RoleInfo.java:updateAndGet(143)) - 9386b9a1-795a-4fcc-8e16-52cccb22d193: start LeaderState
2019-10-10 00:01:53,354 [9386b9a1-795a-4fcc-8e16-52cccb22d193@group-917E67F4410C-LeaderElection88] INFO  segmented.SegmentedRaftLogWorker (SegmentedRaftLogWorker.java:startLogSegment(385)) - 9386b9a1-795a-4fcc-8e16-52cccb22d193@group-917E67F4410C-SegmentedRaftLogWorker: Starting segment from index:0
2019-10-10 00:01:53,355 [9386b9a1-795a-4fcc-8e16-52cccb22d193@group-917E67F4410C-LeaderElection88] INFO  impl.RaftServerImpl (ServerState.java:setRaftConf(356)) - 9386b9a1-795a-4fcc-8e16-52cccb22d193@group-917E67F4410C: set configuration 0: [9386b9a1-795a-4fcc-8e16-52cccb22d193:192.168.157.245:39809], old=null at 0
2019-10-10 00:01:53,395 [Thread-3882] INFO  impl.FollowerState (FollowerState.java:run(108)) - 637124dd-f406-45d2-84f3-876d285ded15@group-5878F4EDDFA2-FollowerState: change to CANDIDATE, lastRpcTime:5162ms, electionTimeout:5162ms
2019-10-10 00:01:53,395 [Thread-3882] INFO  impl.RoleInfo (RoleInfo.java:shutdownFollowerState(121)) - 637124dd-f406-45d2-84f3-876d285ded15: shutdown FollowerState
2019-10-10 00:01:53,395 [Thread-3882] INFO  impl.RaftServerImpl (RaftServerImpl.java:setRole(170)) - 637124dd-f406-45d2-84f3-876d285ded15@group-5878F4EDDFA2: changes role from  FOLLOWER to CANDIDATE at term 0 for changeToCandidate
2019-10-10 00:01:53,396 [Thread-3882] INFO  impl.RoleInfo (RoleInfo.java:updateAndGet(143)) - 637124dd-f406-45d2-84f3-876d285ded15: start LeaderElection
2019-10-10 00:01:53,402 [9386b9a1-795a-4fcc-8e16-52cccb22d193@group-917E67F4410C-SegmentedRaftLogWorker] INFO  segmented.SegmentedRaftLogWorker (SegmentedRaftLogWorker.java:execute(574)) - 9386b9a1-795a-4fcc-8e16-52cccb22d193@group-917E67F4410C-SegmentedRaftLogWorker: created new log segment /workdir/hadoop-ozone/integration-test/target/test-dir/MiniOzoneClusterImpl-108913ae-be94-45ca-ae83-5210113f037a/datanode-2/data/ratis/426ad02e-30bc-4593-96c7-917e67f4410c/current/log_inprogress_0
2019-10-10 00:01:53,416 [637124dd-f406-45d2-84f3-876d285ded15@group-5878F4EDDFA2-LeaderElection89] INFO  impl.LeaderElection (LeaderElection.java:askForVotes(178)) - 637124dd-f406-45d2-84f3-876d285ded15@group-5878F4EDDFA2-LeaderElection89: begin an election at term 1 for -1: [637124dd-f406-45d2-84f3-876d285ded15:192.168.157.245:39529], old=null
2019-10-10 00:01:53,416 [637124dd-f406-45d2-84f3-876d285ded15@group-5878F4EDDFA2-LeaderElection89] INFO  impl.RoleInfo (RoleInfo.java:shutdownLeaderElection(134)) - 637124dd-f406-45d2-84f3-876d285ded15: shutdown LeaderElection
2019-10-10 00:01:53,416 [637124dd-f406-45d2-84f3-876d285ded15@group-5878F4EDDFA2-LeaderElection89] INFO  impl.RaftServerImpl (RaftServerImpl.java:setRole(170)) - 637124dd-f406-45d2-84f3-876d285ded15@group-5878F4EDDFA2: changes role from CANDIDATE to LEADER at term 1 for changeToLeader
2019-10-10 00:01:53,416 [637124dd-f406-45d2-84f3-876d285ded15@group-5878F4EDDFA2-LeaderElection89] INFO  impl.RaftServerImpl (ServerState.java:setLeader(255)) - 637124dd-f406-45d2-84f3-876d285ded15@group-5878F4EDDFA2: change Leader from null to 637124dd-f406-45d2-84f3-876d285ded15 at term 1 for becomeLeader, leader elected after 5189ms
2019-10-10 00:01:53,416 [637124dd-f406-45d2-84f3-876d285ded15@group-5878F4EDDFA2-LeaderElection89] INFO  server.RaftServerConfigKeys (ConfUtils.java:logGet(43)) - raft.server.staging.catchup.gap = 1000 (default)
2019-10-10 00:01:53,416 [637124dd-f406-45d2-84f3-876d285ded15@group-5878F4EDDFA2-LeaderElection89] INFO  server.RaftServerConfigKeys (ConfUtils.java:logGet(43)) - raft.server.rpc.sleep.time = 25ms (default)
2019-10-10 00:01:53,416 [637124dd-f406-45d2-84f3-876d285ded15@group-5878F4EDDFA2-LeaderElection89] INFO  server.RaftServerConfigKeys (ConfUtils.java:logGet(43)) - raft.server.write.element-limit = 4096 (default)
2019-10-10 00:01:53,417 [637124dd-f406-45d2-84f3-876d285ded15@group-5878F4EDDFA2-LeaderElection89] INFO  server.RaftServerConfigKeys (ConfUtils.java:logGet(43)) - raft.server.watch.timeout = 10s (default)
2019-10-10 00:01:53,417 [637124dd-f406-45d2-84f3-876d285ded15@group-5878F4EDDFA2-LeaderElection89] INFO  server.RaftServerConfigKeys (ConfUtils.java:logGet(43)) - raft.server.watch.timeout.denomination = 1s (default)
2019-10-10 00:01:53,417 [637124dd-f406-45d2-84f3-876d285ded15@group-5878F4EDDFA2-LeaderElection89] INFO  server.RaftServerConfigKeys (ConfUtils.java:logGet(43)) - raft.server.watch.element-limit = 65536 (default)
2019-10-10 00:01:53,419 [637124dd-f406-45d2-84f3-876d285ded15@group-5878F4EDDFA2-LeaderElection89] INFO  impl.RoleInfo (RoleInfo.java:updateAndGet(143)) - 637124dd-f406-45d2-84f3-876d285ded15: start LeaderState
2019-10-10 00:01:53,419 [637124dd-f406-45d2-84f3-876d285ded15@group-5878F4EDDFA2-LeaderElection89] INFO  segmented.SegmentedRaftLogWorker (SegmentedRaftLogWorker.java:startLogSegment(385)) - 637124dd-f406-45d2-84f3-876d285ded15@group-5878F4EDDFA2-SegmentedRaftLogWorker: Starting segment from index:0
2019-10-10 00:01:53,420 [637124dd-f406-45d2-84f3-876d285ded15@group-5878F4EDDFA2-LeaderElection89] INFO  impl.RaftServerImpl (ServerState.java:setRaftConf(356)) - 637124dd-f406-45d2-84f3-876d285ded15@group-5878F4EDDFA2: set configuration 0: [637124dd-f406-45d2-84f3-876d285ded15:192.168.157.245:39529], old=null at 0
2019-10-10 00:01:53,432 [Thread-3893] INFO  impl.FollowerState (FollowerState.java:run(108)) - 44809ed9-9065-491d-9993-3d85ca8eea00@group-2D2D1A484D35-FollowerState: change to CANDIDATE, lastRpcTime:5078ms, electionTimeout:5078ms
2019-10-10 00:01:53,432 [Thread-3893] INFO  impl.RoleInfo (RoleInfo.java:shutdownFollowerState(121)) - 44809ed9-9065-491d-9993-3d85ca8eea00: shutdown FollowerState
2019-10-10 00:01:53,432 [Thread-3893] INFO  impl.RaftServerImpl (RaftServerImpl.java:setRole(170)) - 44809ed9-9065-491d-9993-3d85ca8eea00@group-2D2D1A484D35: changes role from  FOLLOWER to CANDIDATE at term 0 for changeToCandidate
2019-10-10 00:01:53,432 [Thread-3893] INFO  impl.RoleInfo (RoleInfo.java:updateAndGet(143)) - 44809ed9-9065-491d-9993-3d85ca8eea00: start LeaderElection
2019-10-10 00:01:53,445 [Thread-3888] INFO  impl.FollowerState (FollowerState.java:run(108)) - 637124dd-f406-45d2-84f3-876d285ded15@group-2D2D1A484D35-FollowerState: change to CANDIDATE, lastRpcTime:5096ms, electionTimeout:5089ms
2019-10-10 00:01:53,445 [Thread-3891] INFO  impl.FollowerState (FollowerState.java:run(108)) - 9386b9a1-795a-4fcc-8e16-52cccb22d193@group-2D2D1A484D35-FollowerState: change to CANDIDATE, lastRpcTime:5092ms, electionTimeout:5085ms
2019-10-10 00:01:53,447 [Thread-3891] INFO  impl.RoleInfo (RoleInfo.java:shutdownFollowerState(121)) - 9386b9a1-795a-4fcc-8e16-52cccb22d193: shutdown FollowerState
2019-10-10 00:01:53,447 [Thread-3888] INFO  impl.RoleInfo (RoleInfo.java:shutdownFollowerState(121)) - 637124dd-f406-45d2-84f3-876d285ded15: shutdown FollowerState
2019-10-10 00:01:53,448 [Thread-3891] INFO  impl.RaftServerImpl (RaftServerImpl.java:setRole(170)) - 9386b9a1-795a-4fcc-8e16-52cccb22d193@group-2D2D1A484D35: changes role from  FOLLOWER to CANDIDATE at term 0 for changeToCandidate
2019-10-10 00:01:53,448 [Thread-3888] INFO  impl.RaftServerImpl (RaftServerImpl.java:setRole(170)) - 637124dd-f406-45d2-84f3-876d285ded15@group-2D2D1A484D35: changes role from  FOLLOWER to CANDIDATE at term 0 for changeToCandidate
2019-10-10 00:01:53,448 [Thread-3891] INFO  impl.RoleInfo (RoleInfo.java:updateAndGet(143)) - 9386b9a1-795a-4fcc-8e16-52cccb22d193: start LeaderElection
2019-10-10 00:01:53,448 [Thread-3888] INFO  impl.RoleInfo (RoleInfo.java:updateAndGet(143)) - 637124dd-f406-45d2-84f3-876d285ded15: start LeaderElection
2019-10-10 00:01:53,460 [637124dd-f406-45d2-84f3-876d285ded15@group-5878F4EDDFA2-SegmentedRaftLogWorker] INFO  segmented.SegmentedRaftLogWorker (SegmentedRaftLogWorker.java:execute(574)) - 637124dd-f406-45d2-84f3-876d285ded15@group-5878F4EDDFA2-SegmentedRaftLogWorker: created new log segment /workdir/hadoop-ozone/integration-test/target/test-dir/MiniOzoneClusterImpl-108913ae-be94-45ca-ae83-5210113f037a/datanode-1/data/ratis/543584e6-3c0c-4027-9c1a-5878f4eddfa2/current/log_inprogress_0
2019-10-10 00:01:53,460 [9386b9a1-795a-4fcc-8e16-52cccb22d193@group-2D2D1A484D35-LeaderElection91] INFO  impl.LeaderElection (LeaderElection.java:askForVotes(178)) - 9386b9a1-795a-4fcc-8e16-52cccb22d193@group-2D2D1A484D35-LeaderElection91: begin an election at term 1 for -1: [637124dd-f406-45d2-84f3-876d285ded15:192.168.157.245:39529, 44809ed9-9065-491d-9993-3d85ca8eea00:192.168.157.245:46436, 9386b9a1-795a-4fcc-8e16-52cccb22d193:192.168.157.245:39809], old=null
2019-10-10 00:01:53,460 [44809ed9-9065-491d-9993-3d85ca8eea00@group-2D2D1A484D35-LeaderElection90] INFO  impl.LeaderElection (LeaderElection.java:askForVotes(178)) - 44809ed9-9065-491d-9993-3d85ca8eea00@group-2D2D1A484D35-LeaderElection90: begin an election at term 1 for -1: [637124dd-f406-45d2-84f3-876d285ded15:192.168.157.245:39529, 44809ed9-9065-491d-9993-3d85ca8eea00:192.168.157.245:46436, 9386b9a1-795a-4fcc-8e16-52cccb22d193:192.168.157.245:39809], old=null
2019-10-10 00:01:53,460 [637124dd-f406-45d2-84f3-876d285ded15@group-2D2D1A484D35-LeaderElection92] INFO  impl.LeaderElection (LeaderElection.java:askForVotes(178)) - 637124dd-f406-45d2-84f3-876d285ded15@group-2D2D1A484D35-LeaderElection92: begin an election at term 1 for -1: [637124dd-f406-45d2-84f3-876d285ded15:192.168.157.245:39529, 44809ed9-9065-491d-9993-3d85ca8eea00:192.168.157.245:46436, 9386b9a1-795a-4fcc-8e16-52cccb22d193:192.168.157.245:39809], old=null
2019-10-10 00:01:53,476 [9386b9a1-795a-4fcc-8e16-52cccb22d193@group-2D2D1A484D35-LeaderElection91] INFO  impl.LeaderElection (LeaderElection.java:logAndReturn(56)) - 9386b9a1-795a-4fcc-8e16-52cccb22d193@group-2D2D1A484D35-LeaderElection91: Election REJECTED; received 2 response(s) [9386b9a1-795a-4fcc-8e16-52cccb22d193<-637124dd-f406-45d2-84f3-876d285ded15#0:FAIL-t1, 9386b9a1-795a-4fcc-8e16-52cccb22d193<-44809ed9-9065-491d-9993-3d85ca8eea00#0:FAIL-t1] and 0 exception(s); 9386b9a1-795a-4fcc-8e16-52cccb22d193@group-2D2D1A484D35:t1, leader=null, voted=9386b9a1-795a-4fcc-8e16-52cccb22d193, raftlog=9386b9a1-795a-4fcc-8e16-52cccb22d193@group-2D2D1A484D35-SegmentedRaftLog:OPENED:c-1,f-1,i0, conf=-1: [637124dd-f406-45d2-84f3-876d285ded15:192.168.157.245:39529, 44809ed9-9065-491d-9993-3d85ca8eea00:192.168.157.245:46436, 9386b9a1-795a-4fcc-8e16-52cccb22d193:192.168.157.245:39809], old=null
2019-10-10 00:01:53,476 [637124dd-f406-45d2-84f3-876d285ded15@group-2D2D1A484D35-LeaderElection92] INFO  impl.LeaderElection (LeaderElection.java:logAndReturn(56)) - 637124dd-f406-45d2-84f3-876d285ded15@group-2D2D1A484D35-LeaderElection92: Election REJECTED; received 2 response(s) [637124dd-f406-45d2-84f3-876d285ded15<-44809ed9-9065-491d-9993-3d85ca8eea00#0:FAIL-t1, 637124dd-f406-45d2-84f3-876d285ded15<-9386b9a1-795a-4fcc-8e16-52cccb22d193#0:FAIL-t1] and 0 exception(s); 637124dd-f406-45d2-84f3-876d285ded15@group-2D2D1A484D35:t1, leader=null, voted=637124dd-f406-45d2-84f3-876d285ded15, raftlog=637124dd-f406-45d2-84f3-876d285ded15@group-2D2D1A484D35-SegmentedRaftLog:OPENED:c-1,f-1,i0, conf=-1: [637124dd-f406-45d2-84f3-876d285ded15:192.168.157.245:39529, 44809ed9-9065-491d-9993-3d85ca8eea00:192.168.157.245:46436, 9386b9a1-795a-4fcc-8e16-52cccb22d193:192.168.157.245:39809], old=null
2019-10-10 00:01:53,477 [9386b9a1-795a-4fcc-8e16-52cccb22d193@group-2D2D1A484D35-LeaderElection91] INFO  impl.RaftServerImpl (RaftServerImpl.java:setRole(170)) - 9386b9a1-795a-4fcc-8e16-52cccb22d193@group-2D2D1A484D35: changes role from CANDIDATE to FOLLOWER at term 1 for DISCOVERED_A_NEW_TERM
2019-10-10 00:01:53,479 [637124dd-f406-45d2-84f3-876d285ded15@group-2D2D1A484D35-LeaderElection92] INFO  impl.RaftServerImpl (RaftServerImpl.java:setRole(170)) - 637124dd-f406-45d2-84f3-876d285ded15@group-2D2D1A484D35: changes role from CANDIDATE to FOLLOWER at term 1 for DISCOVERED_A_NEW_TERM
2019-10-10 00:01:53,481 [637124dd-f406-45d2-84f3-876d285ded15@group-2D2D1A484D35-LeaderElection92] INFO  impl.RoleInfo (RoleInfo.java:shutdownLeaderElection(134)) - 637124dd-f406-45d2-84f3-876d285ded15: shutdown LeaderElection
2019-10-10 00:01:53,477 [44809ed9-9065-491d-9993-3d85ca8eea00@group-2D2D1A484D35-LeaderElection90] INFO  impl.LeaderElection (LeaderElection.java:logAndReturn(56)) - 44809ed9-9065-491d-9993-3d85ca8eea00@group-2D2D1A484D35-LeaderElection90: Election REJECTED; received 2 response(s) [44809ed9-9065-491d-9993-3d85ca8eea00<-637124dd-f406-45d2-84f3-876d285ded15#0:FAIL-t1, 44809ed9-9065-491d-9993-3d85ca8eea00<-9386b9a1-795a-4fcc-8e16-52cccb22d193#0:FAIL-t1] and 0 exception(s); 44809ed9-9065-491d-9993-3d85ca8eea00@group-2D2D1A484D35:t1, leader=null, voted=44809ed9-9065-491d-9993-3d85ca8eea00, raftlog=44809ed9-9065-491d-9993-3d85ca8eea00@group-2D2D1A484D35-SegmentedRaftLog:OPENED:c-1,f-1,i0, conf=-1: [637124dd-f406-45d2-84f3-876d285ded15:192.168.157.245:39529, 44809ed9-9065-491d-9993-3d85ca8eea00:192.168.157.245:46436, 9386b9a1-795a-4fcc-8e16-52cccb22d193:192.168.157.245:39809], old=null
2019-10-10 00:01:53,481 [637124dd-f406-45d2-84f3-876d285ded15@group-2D2D1A484D35-LeaderElection92] INFO  impl.RoleInfo (RoleInfo.java:updateAndGet(143)) - 637124dd-f406-45d2-84f3-876d285ded15: start FollowerState
2019-10-10 00:01:53,479 [9386b9a1-795a-4fcc-8e16-52cccb22d193@group-2D2D1A484D35-LeaderElection91] INFO  impl.RoleInfo (RoleInfo.java:shutdownLeaderElection(134)) - 9386b9a1-795a-4fcc-8e16-52cccb22d193: shutdown LeaderElection
2019-10-10 00:01:53,481 [44809ed9-9065-491d-9993-3d85ca8eea00@group-2D2D1A484D35-LeaderElection90] INFO  impl.RaftServerImpl (RaftServerImpl.java:setRole(170)) - 44809ed9-9065-491d-9993-3d85ca8eea00@group-2D2D1A484D35: changes role from CANDIDATE to FOLLOWER at term 1 for DISCOVERED_A_NEW_TERM
2019-10-10 00:01:53,483 [9386b9a1-795a-4fcc-8e16-52cccb22d193@group-2D2D1A484D35-LeaderElection91] INFO  impl.RoleInfo (RoleInfo.java:updateAndGet(143)) - 9386b9a1-795a-4fcc-8e16-52cccb22d193: start FollowerState
2019-10-10 00:01:53,483 [44809ed9-9065-491d-9993-3d85ca8eea00@group-2D2D1A484D35-LeaderElection90] INFO  impl.RoleInfo (RoleInfo.java:shutdownLeaderElection(134)) - 44809ed9-9065-491d-9993-3d85ca8eea00: shutdown LeaderElection
2019-10-10 00:01:53,483 [44809ed9-9065-491d-9993-3d85ca8eea00@group-2D2D1A484D35-LeaderElection90] INFO  impl.RoleInfo (RoleInfo.java:updateAndGet(143)) - 44809ed9-9065-491d-9993-3d85ca8eea00: start FollowerState
2019-10-10 00:01:53,553 [Thread-3900] INFO  impl.FollowerState (FollowerState.java:run(108)) - e517ceab-692d-4b3d-be19-c78fe19f8521@group-57438E3A19AF-FollowerState: change to CANDIDATE, lastRpcTime:5037ms, electionTimeout:5037ms
2019-10-10 00:01:53,554 [Thread-3900] INFO  impl.RoleInfo (RoleInfo.java:shutdownFollowerState(121)) - e517ceab-692d-4b3d-be19-c78fe19f8521: shutdown FollowerState
2019-10-10 00:01:53,554 [Thread-3900] INFO  impl.RaftServerImpl (RaftServerImpl.java:setRole(170)) - e517ceab-692d-4b3d-be19-c78fe19f8521@group-57438E3A19AF: changes role from  FOLLOWER to CANDIDATE at term 0 for changeToCandidate
2019-10-10 00:01:53,554 [Thread-3900] INFO  impl.RoleInfo (RoleInfo.java:updateAndGet(143)) - e517ceab-692d-4b3d-be19-c78fe19f8521: start LeaderElection
2019-10-10 00:01:53,573 [e517ceab-692d-4b3d-be19-c78fe19f8521@group-57438E3A19AF-LeaderElection93] INFO  impl.LeaderElection (LeaderElection.java:askForVotes(178)) - e517ceab-692d-4b3d-be19-c78fe19f8521@group-57438E3A19AF-LeaderElection93: begin an election at term 1 for -1: [e517ceab-692d-4b3d-be19-c78fe19f8521:192.168.157.245:44325], old=null
2019-10-10 00:01:53,573 [e517ceab-692d-4b3d-be19-c78fe19f8521@group-57438E3A19AF-LeaderElection93] INFO  impl.RoleInfo (RoleInfo.java:shutdownLeaderElection(134)) - e517ceab-692d-4b3d-be19-c78fe19f8521: shutdown LeaderElection
2019-10-10 00:01:53,573 [e517ceab-692d-4b3d-be19-c78fe19f8521@group-57438E3A19AF-LeaderElection93] INFO  impl.RaftServerImpl (RaftServerImpl.java:setRole(170)) - e517ceab-692d-4b3d-be19-c78fe19f8521@group-57438E3A19AF: changes role from CANDIDATE to LEADER at term 1 for changeToLeader
2019-10-10 00:01:53,573 [e517ceab-692d-4b3d-be19-c78fe19f8521@group-57438E3A19AF-LeaderElection93] INFO  impl.RaftServerImpl (ServerState.java:setLeader(255)) - e517ceab-692d-4b3d-be19-c78fe19f8521@group-57438E3A19AF: change Leader from null to e517ceab-692d-4b3d-be19-c78fe19f8521 at term 1 for becomeLeader, leader elected after 5064ms
2019-10-10 00:01:53,573 [e517ceab-692d-4b3d-be19-c78fe19f8521@group-57438E3A19AF-LeaderElection93] INFO  server.RaftServerConfigKeys (ConfUtils.java:logGet(43)) - raft.server.staging.catchup.gap = 1000 (default)
2019-10-10 00:01:53,574 [e517ceab-692d-4b3d-be19-c78fe19f8521@group-57438E3A19AF-LeaderElection93] INFO  server.RaftServerConfigKeys (ConfUtils.java:logGet(43)) - raft.server.rpc.sleep.time = 25ms (default)
2019-10-10 00:01:53,574 [e517ceab-692d-4b3d-be19-c78fe19f8521@group-57438E3A19AF-LeaderElection93] INFO  server.RaftServerConfigKeys (ConfUtils.java:logGet(43)) - raft.server.write.element-limit = 4096 (default)
2019-10-10 00:01:53,574 [e517ceab-692d-4b3d-be19-c78fe19f8521@group-57438E3A19AF-LeaderElection93] INFO  server.RaftServerConfigKeys (ConfUtils.java:logGet(43)) - raft.server.watch.timeout = 10s (default)
2019-10-10 00:01:53,574 [e517ceab-692d-4b3d-be19-c78fe19f8521@group-57438E3A19AF-LeaderElection93] INFO  server.RaftServerConfigKeys (ConfUtils.java:logGet(43)) - raft.server.watch.timeout.denomination = 1s (default)
2019-10-10 00:01:53,574 [e517ceab-692d-4b3d-be19-c78fe19f8521@group-57438E3A19AF-LeaderElection93] INFO  server.RaftServerConfigKeys (ConfUtils.java:logGet(43)) - raft.server.watch.element-limit = 65536 (default)
2019-10-10 00:01:53,576 [e517ceab-692d-4b3d-be19-c78fe19f8521@group-57438E3A19AF-LeaderElection93] INFO  impl.RoleInfo (RoleInfo.java:updateAndGet(143)) - e517ceab-692d-4b3d-be19-c78fe19f8521: start LeaderState
2019-10-10 00:01:53,577 [e517ceab-692d-4b3d-be19-c78fe19f8521@group-57438E3A19AF-LeaderElection93] INFO  segmented.SegmentedRaftLogWorker (SegmentedRaftLogWorker.java:startLogSegment(385)) - e517ceab-692d-4b3d-be19-c78fe19f8521@group-57438E3A19AF-SegmentedRaftLogWorker: Starting segment from index:0
2019-10-10 00:01:53,577 [e517ceab-692d-4b3d-be19-c78fe19f8521@group-57438E3A19AF-LeaderElection93] INFO  impl.RaftServerImpl (ServerState.java:setRaftConf(356)) - e517ceab-692d-4b3d-be19-c78fe19f8521@group-57438E3A19AF: set configuration 0: [e517ceab-692d-4b3d-be19-c78fe19f8521:192.168.157.245:44325], old=null at 0
2019-10-10 00:01:53,623 [Thread-3897] INFO  impl.FollowerState (FollowerState.java:run(108)) - c7e361df-6228-44a4-8291-3b3f953e0ab1@group-6094C665D38D-FollowerState: change to CANDIDATE, lastRpcTime:5159ms, electionTimeout:5159ms
2019-10-10 00:01:53,623 [Thread-3897] INFO  impl.RoleInfo (RoleInfo.java:shutdownFollowerState(121)) - c7e361df-6228-44a4-8291-3b3f953e0ab1: shutdown FollowerState
2019-10-10 00:01:53,623 [Thread-3897] INFO  impl.RaftServerImpl (RaftServerImpl.java:setRole(170)) - c7e361df-6228-44a4-8291-3b3f953e0ab1@group-6094C665D38D: changes role from  FOLLOWER to CANDIDATE at term 0 for changeToCandidate
2019-10-10 00:01:53,623 [Thread-3897] INFO  impl.RoleInfo (RoleInfo.java:updateAndGet(143)) - c7e361df-6228-44a4-8291-3b3f953e0ab1: start LeaderElection
2019-10-10 00:01:53,635 [e517ceab-692d-4b3d-be19-c78fe19f8521@group-57438E3A19AF-SegmentedRaftLogWorker] INFO  segmented.SegmentedRaftLogWorker (SegmentedRaftLogWorker.java:execute(574)) - e517ceab-692d-4b3d-be19-c78fe19f8521@group-57438E3A19AF-SegmentedRaftLogWorker: created new log segment /workdir/hadoop-ozone/integration-test/target/test-dir/MiniOzoneClusterImpl-108913ae-be94-45ca-ae83-5210113f037a/datanode-3/data/ratis/d6c3d754-b5e5-4dee-9a1a-57438e3a19af/current/log_inprogress_0
2019-10-10 00:01:53,647 [c7e361df-6228-44a4-8291-3b3f953e0ab1@group-6094C665D38D-LeaderElection94] INFO  impl.LeaderElection (LeaderElection.java:askForVotes(178)) - c7e361df-6228-44a4-8291-3b3f953e0ab1@group-6094C665D38D-LeaderElection94: begin an election at term 1 for -1: [c7e361df-6228-44a4-8291-3b3f953e0ab1:192.168.157.245:38253], old=null
2019-10-10 00:01:53,648 [c7e361df-6228-44a4-8291-3b3f953e0ab1@group-6094C665D38D-LeaderElection94] INFO  impl.RoleInfo (RoleInfo.java:shutdownLeaderElection(134)) - c7e361df-6228-44a4-8291-3b3f953e0ab1: shutdown LeaderElection
2019-10-10 00:01:53,648 [c7e361df-6228-44a4-8291-3b3f953e0ab1@group-6094C665D38D-LeaderElection94] INFO  impl.RaftServerImpl (RaftServerImpl.java:setRole(170)) - c7e361df-6228-44a4-8291-3b3f953e0ab1@group-6094C665D38D: changes role from CANDIDATE to LEADER at term 1 for changeToLeader
2019-10-10 00:01:53,648 [c7e361df-6228-44a4-8291-3b3f953e0ab1@group-6094C665D38D-LeaderElection94] INFO  impl.RaftServerImpl (ServerState.java:setLeader(255)) - c7e361df-6228-44a4-8291-3b3f953e0ab1@group-6094C665D38D: change Leader from null to c7e361df-6228-44a4-8291-3b3f953e0ab1 at term 1 for becomeLeader, leader elected after 5192ms
2019-10-10 00:01:53,648 [c7e361df-6228-44a4-8291-3b3f953e0ab1@group-6094C665D38D-LeaderElection94] INFO  server.RaftServerConfigKeys (ConfUtils.java:logGet(43)) - raft.server.staging.catchup.gap = 1000 (default)
2019-10-10 00:01:53,648 [c7e361df-6228-44a4-8291-3b3f953e0ab1@group-6094C665D38D-LeaderElection94] INFO  server.RaftServerConfigKeys (ConfUtils.java:logGet(43)) - raft.server.rpc.sleep.time = 25ms (default)
2019-10-10 00:01:53,648 [c7e361df-6228-44a4-8291-3b3f953e0ab1@group-6094C665D38D-LeaderElection94] INFO  server.RaftServerConfigKeys (ConfUtils.java:logGet(43)) - raft.server.write.element-limit = 4096 (default)
2019-10-10 00:01:53,648 [c7e361df-6228-44a4-8291-3b3f953e0ab1@group-6094C665D38D-LeaderElection94] INFO  server.RaftServerConfigKeys (ConfUtils.java:logGet(43)) - raft.server.watch.timeout = 10s (default)
2019-10-10 00:01:53,648 [c7e361df-6228-44a4-8291-3b3f953e0ab1@group-6094C665D38D-LeaderElection94] INFO  server.RaftServerConfigKeys (ConfUtils.java:logGet(43)) - raft.server.watch.timeout.denomination = 1s (default)
2019-10-10 00:01:53,648 [c7e361df-6228-44a4-8291-3b3f953e0ab1@group-6094C665D38D-LeaderElection94] INFO  server.RaftServerConfigKeys (ConfUtils.java:logGet(43)) - raft.server.watch.element-limit = 65536 (default)
2019-10-10 00:01:53,650 [c7e361df-6228-44a4-8291-3b3f953e0ab1@group-6094C665D38D-LeaderElection94] INFO  impl.RoleInfo (RoleInfo.java:updateAndGet(143)) - c7e361df-6228-44a4-8291-3b3f953e0ab1: start LeaderState
2019-10-10 00:01:53,650 [c7e361df-6228-44a4-8291-3b3f953e0ab1@group-6094C665D38D-LeaderElection94] INFO  segmented.SegmentedRaftLogWorker (SegmentedRaftLogWorker.java:startLogSegment(385)) - c7e361df-6228-44a4-8291-3b3f953e0ab1@group-6094C665D38D-SegmentedRaftLogWorker: Starting segment from index:0
2019-10-10 00:01:53,650 [c7e361df-6228-44a4-8291-3b3f953e0ab1@group-6094C665D38D-LeaderElection94] INFO  impl.RaftServerImpl (ServerState.java:setRaftConf(356)) - c7e361df-6228-44a4-8291-3b3f953e0ab1@group-6094C665D38D: set configuration 0: [c7e361df-6228-44a4-8291-3b3f953e0ab1:192.168.157.245:38253], old=null at 0
2019-10-10 00:01:53,692 [Thread-3906] INFO  impl.FollowerState (FollowerState.java:run(108)) - 19bebc76-81c6-41a3-97e5-91afe2c3a386@group-DED547552BA2-FollowerState: change to CANDIDATE, lastRpcTime:5061ms, electionTimeout:5061ms
2019-10-10 00:01:53,692 [Thread-3906] INFO  impl.RoleInfo (RoleInfo.java:shutdownFollowerState(121)) - 19bebc76-81c6-41a3-97e5-91afe2c3a386: shutdown FollowerState
2019-10-10 00:01:53,692 [Thread-3906] INFO  impl.RaftServerImpl (RaftServerImpl.java:setRole(170)) - 19bebc76-81c6-41a3-97e5-91afe2c3a386@group-DED547552BA2: changes role from  FOLLOWER to CANDIDATE at term 0 for changeToCandidate
2019-10-10 00:01:53,692 [Thread-3906] INFO  impl.RoleInfo (RoleInfo.java:updateAndGet(143)) - 19bebc76-81c6-41a3-97e5-91afe2c3a386: start LeaderElection
2019-10-10 00:01:53,694 [Thread-3909] INFO  impl.FollowerState (FollowerState.java:run(108)) - 1da33793-7d60-4b68-bc4c-824e50753869@group-BBBEC18B61AF-FollowerState: change to CANDIDATE, lastRpcTime:5021ms, electionTimeout:5020ms
2019-10-10 00:01:53,696 [Thread-3909] INFO  impl.RoleInfo (RoleInfo.java:shutdownFollowerState(121)) - 1da33793-7d60-4b68-bc4c-824e50753869: shutdown FollowerState
2019-10-10 00:01:53,696 [Thread-3909] INFO  impl.RaftServerImpl (RaftServerImpl.java:setRole(170)) - 1da33793-7d60-4b68-bc4c-824e50753869@group-BBBEC18B61AF: changes role from  FOLLOWER to CANDIDATE at term 0 for changeToCandidate
2019-10-10 00:01:53,696 [Thread-3909] INFO  impl.RoleInfo (RoleInfo.java:updateAndGet(143)) - 1da33793-7d60-4b68-bc4c-824e50753869: start LeaderElection
2019-10-10 00:01:53,701 [c7e361df-6228-44a4-8291-3b3f953e0ab1@group-6094C665D38D-SegmentedRaftLogWorker] INFO  segmented.SegmentedRaftLogWorker (SegmentedRaftLogWorker.java:execute(574)) - c7e361df-6228-44a4-8291-3b3f953e0ab1@group-6094C665D38D-SegmentedRaftLogWorker: created new log segment /workdir/hadoop-ozone/integration-test/target/test-dir/MiniOzoneClusterImpl-108913ae-be94-45ca-ae83-5210113f037a/datanode-4/data/ratis/1f251383-bd26-4db9-ab7b-6094c665d38d/current/log_inprogress_0
2019-10-10 00:01:53,715 [19bebc76-81c6-41a3-97e5-91afe2c3a386@group-DED547552BA2-LeaderElection95] INFO  impl.LeaderElection (LeaderElection.java:askForVotes(178)) - 19bebc76-81c6-41a3-97e5-91afe2c3a386@group-DED547552BA2-LeaderElection95: begin an election at term 1 for -1: [19bebc76-81c6-41a3-97e5-91afe2c3a386:192.168.157.245:44158], old=null
2019-10-10 00:01:53,715 [1da33793-7d60-4b68-bc4c-824e50753869@group-BBBEC18B61AF-LeaderElection96] INFO  impl.LeaderElection (LeaderElection.java:askForVotes(178)) - 1da33793-7d60-4b68-bc4c-824e50753869@group-BBBEC18B61AF-LeaderElection96: begin an election at term 1 for -1: [1da33793-7d60-4b68-bc4c-824e50753869:192.168.157.245:42936], old=null
2019-10-10 00:01:53,716 [19bebc76-81c6-41a3-97e5-91afe2c3a386@group-DED547552BA2-LeaderElection95] INFO  impl.RoleInfo (RoleInfo.java:shutdownLeaderElection(134)) - 19bebc76-81c6-41a3-97e5-91afe2c3a386: shutdown LeaderElection
2019-10-10 00:01:53,716 [1da33793-7d60-4b68-bc4c-824e50753869@group-BBBEC18B61AF-LeaderElection96] INFO  impl.RoleInfo (RoleInfo.java:shutdownLeaderElection(134)) - 1da33793-7d60-4b68-bc4c-824e50753869: shutdown LeaderElection
2019-10-10 00:01:53,716 [19bebc76-81c6-41a3-97e5-91afe2c3a386@group-DED547552BA2-LeaderElection95] INFO  impl.RaftServerImpl (RaftServerImpl.java:setRole(170)) - 19bebc76-81c6-41a3-97e5-91afe2c3a386@group-DED547552BA2: changes role from CANDIDATE to LEADER at term 1 for changeToLeader
2019-10-10 00:01:53,716 [1da33793-7d60-4b68-bc4c-824e50753869@group-BBBEC18B61AF-LeaderElection96] INFO  impl.RaftServerImpl (RaftServerImpl.java:setRole(170)) - 1da33793-7d60-4b68-bc4c-824e50753869@group-BBBEC18B61AF: changes role from CANDIDATE to LEADER at term 1 for changeToLeader
2019-10-10 00:01:53,716 [19bebc76-81c6-41a3-97e5-91afe2c3a386@group-DED547552BA2-LeaderElection95] INFO  impl.RaftServerImpl (ServerState.java:setLeader(255)) - 19bebc76-81c6-41a3-97e5-91afe2c3a386@group-DED547552BA2: change Leader from null to 19bebc76-81c6-41a3-97e5-91afe2c3a386 at term 1 for becomeLeader, leader elected after 5091ms
2019-10-10 00:01:53,716 [1da33793-7d60-4b68-bc4c-824e50753869@group-BBBEC18B61AF-LeaderElection96] INFO  impl.RaftServerImpl (ServerState.java:setLeader(255)) - 1da33793-7d60-4b68-bc4c-824e50753869@group-BBBEC18B61AF: change Leader from null to 1da33793-7d60-4b68-bc4c-824e50753869 at term 1 for becomeLeader, leader elected after 5046ms
2019-10-10 00:01:53,716 [19bebc76-81c6-41a3-97e5-91afe2c3a386@group-DED547552BA2-LeaderElection95] INFO  server.RaftServerConfigKeys (ConfUtils.java:logGet(43)) - raft.server.staging.catchup.gap = 1000 (default)
2019-10-10 00:01:53,716 [1da33793-7d60-4b68-bc4c-824e50753869@group-BBBEC18B61AF-LeaderElection96] INFO  server.RaftServerConfigKeys (ConfUtils.java:logGet(43)) - raft.server.staging.catchup.gap = 1000 (default)
2019-10-10 00:01:53,716 [19bebc76-81c6-41a3-97e5-91afe2c3a386@group-DED547552BA2-LeaderElection95] INFO  server.RaftServerConfigKeys (ConfUtils.java:logGet(43)) - raft.server.rpc.sleep.time = 25ms (default)
2019-10-10 00:01:53,717 [1da33793-7d60-4b68-bc4c-824e50753869@group-BBBEC18B61AF-LeaderElection96] INFO  server.RaftServerConfigKeys (ConfUtils.java:logGet(43)) - raft.server.rpc.sleep.time = 25ms (default)
2019-10-10 00:01:53,717 [19bebc76-81c6-41a3-97e5-91afe2c3a386@group-DED547552BA2-LeaderElection95] INFO  server.RaftServerConfigKeys (ConfUtils.java:logGet(43)) - raft.server.write.element-limit = 4096 (default)
2019-10-10 00:01:53,717 [1da33793-7d60-4b68-bc4c-824e50753869@group-BBBEC18B61AF-LeaderElection96] INFO  server.RaftServerConfigKeys (ConfUtils.java:logGet(43)) - raft.server.write.element-limit = 4096 (default)
2019-10-10 00:01:53,717 [19bebc76-81c6-41a3-97e5-91afe2c3a386@group-DED547552BA2-LeaderElection95] INFO  server.RaftServerConfigKeys (ConfUtils.java:logGet(43)) - raft.server.watch.timeout = 10s (default)
2019-10-10 00:01:53,717 [1da33793-7d60-4b68-bc4c-824e50753869@group-BBBEC18B61AF-LeaderElection96] INFO  server.RaftServerConfigKeys (ConfUtils.java:logGet(43)) - raft.server.watch.timeout = 10s (default)
2019-10-10 00:01:53,717 [19bebc76-81c6-41a3-97e5-91afe2c3a386@group-DED547552BA2-LeaderElection95] INFO  server.RaftServerConfigKeys (ConfUtils.java:logGet(43)) - raft.server.watch.timeout.denomination = 1s (default)
2019-10-10 00:01:53,717 [1da33793-7d60-4b68-bc4c-824e50753869@group-BBBEC18B61AF-LeaderElection96] INFO  server.RaftServerConfigKeys (ConfUtils.java:logGet(43)) - raft.server.watch.timeout.denomination = 1s (default)
2019-10-10 00:01:53,717 [19bebc76-81c6-41a3-97e5-91afe2c3a386@group-DED547552BA2-LeaderElection95] INFO  server.RaftServerConfigKeys (ConfUtils.java:logGet(43)) - raft.server.watch.element-limit = 65536 (default)
2019-10-10 00:01:53,718 [1da33793-7d60-4b68-bc4c-824e50753869@group-BBBEC18B61AF-LeaderElection96] INFO  server.RaftServerConfigKeys (ConfUtils.java:logGet(43)) - raft.server.watch.element-limit = 65536 (default)
2019-10-10 00:01:53,720 [19bebc76-81c6-41a3-97e5-91afe2c3a386@group-DED547552BA2-LeaderElection95] INFO  impl.RoleInfo (RoleInfo.java:updateAndGet(143)) - 19bebc76-81c6-41a3-97e5-91afe2c3a386: start LeaderState
2019-10-10 00:01:53,720 [19bebc76-81c6-41a3-97e5-91afe2c3a386@group-DED547552BA2-LeaderElection95] INFO  segmented.SegmentedRaftLogWorker (SegmentedRaftLogWorker.java:startLogSegment(385)) - 19bebc76-81c6-41a3-97e5-91afe2c3a386@group-DED547552BA2-SegmentedRaftLogWorker: Starting segment from index:0
2019-10-10 00:01:53,720 [1da33793-7d60-4b68-bc4c-824e50753869@group-BBBEC18B61AF-LeaderElection96] INFO  impl.RoleInfo (RoleInfo.java:updateAndGet(143)) - 1da33793-7d60-4b68-bc4c-824e50753869: start LeaderState
2019-10-10 00:01:53,721 [19bebc76-81c6-41a3-97e5-91afe2c3a386@group-DED547552BA2-LeaderElection95] INFO  impl.RaftServerImpl (ServerState.java:setRaftConf(356)) - 19bebc76-81c6-41a3-97e5-91afe2c3a386@group-DED547552BA2: set configuration 0: [19bebc76-81c6-41a3-97e5-91afe2c3a386:192.168.157.245:44158], old=null at 0
2019-10-10 00:01:53,721 [1da33793-7d60-4b68-bc4c-824e50753869@group-BBBEC18B61AF-LeaderElection96] INFO  segmented.SegmentedRaftLogWorker (SegmentedRaftLogWorker.java:startLogSegment(385)) - 1da33793-7d60-4b68-bc4c-824e50753869@group-BBBEC18B61AF-SegmentedRaftLogWorker: Starting segment from index:0
2019-10-10 00:01:53,746 [1da33793-7d60-4b68-bc4c-824e50753869@group-BBBEC18B61AF-LeaderElection96] INFO  impl.RaftServerImpl (ServerState.java:setRaftConf(356)) - 1da33793-7d60-4b68-bc4c-824e50753869@group-BBBEC18B61AF: set configuration 0: [1da33793-7d60-4b68-bc4c-824e50753869:192.168.157.245:42936], old=null at 0
2019-10-10 00:01:53,775 [19bebc76-81c6-41a3-97e5-91afe2c3a386@group-DED547552BA2-SegmentedRaftLogWorker] INFO  segmented.SegmentedRaftLogWorker (SegmentedRaftLogWorker.java:execute(574)) - 19bebc76-81c6-41a3-97e5-91afe2c3a386@group-DED547552BA2-SegmentedRaftLogWorker: created new log segment /workdir/hadoop-ozone/integration-test/target/test-dir/MiniOzoneClusterImpl-108913ae-be94-45ca-ae83-5210113f037a/datanode-6/data/ratis/a396cdc7-27a4-48b4-96ce-ded547552ba2/current/log_inprogress_0
2019-10-10 00:01:53,788 [1da33793-7d60-4b68-bc4c-824e50753869@group-BBBEC18B61AF-SegmentedRaftLogWorker] INFO  segmented.SegmentedRaftLogWorker (SegmentedRaftLogWorker.java:execute(574)) - 1da33793-7d60-4b68-bc4c-824e50753869@group-BBBEC18B61AF-SegmentedRaftLogWorker: created new log segment /workdir/hadoop-ozone/integration-test/target/test-dir/MiniOzoneClusterImpl-108913ae-be94-45ca-ae83-5210113f037a/datanode-5/data/ratis/0b4e9971-e67a-4fcd-8cd9-bbbec18b61af/current/log_inprogress_0
2019-10-10 00:01:53,824 [Thread-3917] INFO  impl.FollowerState (FollowerState.java:run(108)) - c7e361df-6228-44a4-8291-3b3f953e0ab1@group-07AA0DE1A093-FollowerState: change to CANDIDATE, lastRpcTime:5054ms, electionTimeout:5050ms
2019-10-10 00:01:53,824 [Thread-3917] INFO  impl.RoleInfo (RoleInfo.java:shutdownFollowerState(121)) - c7e361df-6228-44a4-8291-3b3f953e0ab1: shutdown FollowerState
2019-10-10 00:01:53,824 [Thread-3917] INFO  impl.RaftServerImpl (RaftServerImpl.java:setRole(170)) - c7e361df-6228-44a4-8291-3b3f953e0ab1@group-07AA0DE1A093: changes role from  FOLLOWER to CANDIDATE at term 0 for changeToCandidate
2019-10-10 00:01:53,824 [Thread-3917] INFO  impl.RoleInfo (RoleInfo.java:updateAndGet(143)) - c7e361df-6228-44a4-8291-3b3f953e0ab1: start LeaderElection
2019-10-10 00:01:53,838 [Thread-3912] INFO  impl.FollowerState (FollowerState.java:run(108)) - 19bebc76-81c6-41a3-97e5-91afe2c3a386@group-07AA0DE1A093-FollowerState: change to CANDIDATE, lastRpcTime:5072ms, electionTimeout:5072ms
2019-10-10 00:01:53,838 [Thread-3912] INFO  impl.RoleInfo (RoleInfo.java:shutdownFollowerState(121)) - 19bebc76-81c6-41a3-97e5-91afe2c3a386: shutdown FollowerState
2019-10-10 00:01:53,838 [Thread-3912] INFO  impl.RaftServerImpl (RaftServerImpl.java:setRole(170)) - 19bebc76-81c6-41a3-97e5-91afe2c3a386@group-07AA0DE1A093: changes role from  FOLLOWER to CANDIDATE at term 0 for changeToCandidate
2019-10-10 00:01:53,839 [Thread-3912] INFO  impl.RoleInfo (RoleInfo.java:updateAndGet(143)) - 19bebc76-81c6-41a3-97e5-91afe2c3a386: start LeaderElection
2019-10-10 00:01:53,843 [c7e361df-6228-44a4-8291-3b3f953e0ab1@group-07AA0DE1A093-LeaderElection97] INFO  impl.LeaderElection (LeaderElection.java:askForVotes(178)) - c7e361df-6228-44a4-8291-3b3f953e0ab1@group-07AA0DE1A093-LeaderElection97: begin an election at term 1 for -1: [c7e361df-6228-44a4-8291-3b3f953e0ab1:192.168.157.245:38253, 19bebc76-81c6-41a3-97e5-91afe2c3a386:192.168.157.245:44158, e517ceab-692d-4b3d-be19-c78fe19f8521:192.168.157.245:44325], old=null
2019-10-10 00:01:53,848 [grpc-default-executor-4] INFO  impl.RaftServerImpl (RaftServerImpl.java:setRole(170)) - e517ceab-692d-4b3d-be19-c78fe19f8521@group-07AA0DE1A093: changes role from  FOLLOWER to FOLLOWER at term 1 for recognizeCandidate:c7e361df-6228-44a4-8291-3b3f953e0ab1
2019-10-10 00:01:53,848 [grpc-default-executor-4] INFO  impl.RoleInfo (RoleInfo.java:shutdownFollowerState(121)) - e517ceab-692d-4b3d-be19-c78fe19f8521: shutdown FollowerState
2019-10-10 00:01:53,848 [grpc-default-executor-4] INFO  impl.RoleInfo (RoleInfo.java:updateAndGet(143)) - e517ceab-692d-4b3d-be19-c78fe19f8521: start FollowerState
2019-10-10 00:01:53,848 [Thread-3915] INFO  impl.FollowerState (FollowerState.java:run(117)) - e517ceab-692d-4b3d-be19-c78fe19f8521@group-07AA0DE1A093-FollowerState was interrupted: java.lang.InterruptedException: sleep interrupted
2019-10-10 00:01:53,868 [19bebc76-81c6-41a3-97e5-91afe2c3a386@group-07AA0DE1A093-LeaderElection98] INFO  impl.LeaderElection (LeaderElection.java:askForVotes(178)) - 19bebc76-81c6-41a3-97e5-91afe2c3a386@group-07AA0DE1A093-LeaderElection98: begin an election at term 1 for -1: [c7e361df-6228-44a4-8291-3b3f953e0ab1:192.168.157.245:38253, 19bebc76-81c6-41a3-97e5-91afe2c3a386:192.168.157.245:44158, e517ceab-692d-4b3d-be19-c78fe19f8521:192.168.157.245:44325], old=null
2019-10-10 00:01:53,872 [c7e361df-6228-44a4-8291-3b3f953e0ab1@group-07AA0DE1A093-LeaderElection97] INFO  impl.LeaderElection (LeaderElection.java:logAndReturn(56)) - c7e361df-6228-44a4-8291-3b3f953e0ab1@group-07AA0DE1A093-LeaderElection97: Election PASSED; received 2 response(s) [c7e361df-6228-44a4-8291-3b3f953e0ab1<-19bebc76-81c6-41a3-97e5-91afe2c3a386#0:FAIL-t1, c7e361df-6228-44a4-8291-3b3f953e0ab1<-e517ceab-692d-4b3d-be19-c78fe19f8521#0:OK-t1] and 0 exception(s); c7e361df-6228-44a4-8291-3b3f953e0ab1@group-07AA0DE1A093:t1, leader=null, voted=c7e361df-6228-44a4-8291-3b3f953e0ab1, raftlog=c7e361df-6228-44a4-8291-3b3f953e0ab1@group-07AA0DE1A093-SegmentedRaftLog:OPENED:c-1,f-1,i0, conf=-1: [c7e361df-6228-44a4-8291-3b3f953e0ab1:192.168.157.245:38253, 19bebc76-81c6-41a3-97e5-91afe2c3a386:192.168.157.245:44158, e517ceab-692d-4b3d-be19-c78fe19f8521:192.168.157.245:44325], old=null
2019-10-10 00:01:53,873 [c7e361df-6228-44a4-8291-3b3f953e0ab1@group-07AA0DE1A093-LeaderElection97] INFO  impl.RoleInfo (RoleInfo.java:shutdownLeaderElection(134)) - c7e361df-6228-44a4-8291-3b3f953e0ab1: shutdown LeaderElection
2019-10-10 00:01:53,873 [c7e361df-6228-44a4-8291-3b3f953e0ab1@group-07AA0DE1A093-LeaderElection97] INFO  impl.RaftServerImpl (RaftServerImpl.java:setRole(170)) - c7e361df-6228-44a4-8291-3b3f953e0ab1@group-07AA0DE1A093: changes role from CANDIDATE to LEADER at term 1 for changeToLeader
2019-10-10 00:01:53,873 [c7e361df-6228-44a4-8291-3b3f953e0ab1@group-07AA0DE1A093-LeaderElection97] INFO  impl.RaftServerImpl (ServerState.java:setLeader(255)) - c7e361df-6228-44a4-8291-3b3f953e0ab1@group-07AA0DE1A093: change Leader from null to c7e361df-6228-44a4-8291-3b3f953e0ab1 at term 1 for becomeLeader, leader elected after 5115ms
2019-10-10 00:01:53,873 [c7e361df-6228-44a4-8291-3b3f953e0ab1@group-07AA0DE1A093-LeaderElection97] INFO  server.RaftServerConfigKeys (ConfUtils.java:logGet(43)) - raft.server.staging.catchup.gap = 1000 (default)
2019-10-10 00:01:53,873 [c7e361df-6228-44a4-8291-3b3f953e0ab1@group-07AA0DE1A093-LeaderElection97] INFO  server.RaftServerConfigKeys (ConfUtils.java:logGet(43)) - raft.server.rpc.sleep.time = 25ms (default)
2019-10-10 00:01:53,873 [c7e361df-6228-44a4-8291-3b3f953e0ab1@group-07AA0DE1A093-LeaderElection97] INFO  server.RaftServerConfigKeys (ConfUtils.java:logGet(43)) - raft.server.write.element-limit = 4096 (default)
2019-10-10 00:01:53,874 [c7e361df-6228-44a4-8291-3b3f953e0ab1@group-07AA0DE1A093-LeaderElection97] INFO  server.RaftServerConfigKeys (ConfUtils.java:logGet(43)) - raft.server.watch.timeout = 10s (default)
2019-10-10 00:01:53,874 [c7e361df-6228-44a4-8291-3b3f953e0ab1@group-07AA0DE1A093-LeaderElection97] INFO  server.RaftServerConfigKeys (ConfUtils.java:logGet(43)) - raft.server.watch.timeout.denomination = 1s (default)
2019-10-10 00:01:53,874 [c7e361df-6228-44a4-8291-3b3f953e0ab1@group-07AA0DE1A093-LeaderElection97] INFO  server.RaftServerConfigKeys (ConfUtils.java:logGet(43)) - raft.server.watch.element-limit = 65536 (default)
2019-10-10 00:01:53,881 [c7e361df-6228-44a4-8291-3b3f953e0ab1@group-07AA0DE1A093-LeaderElection97] INFO  server.RaftServerConfigKeys (ConfUtils.java:logGet(43)) - raft.server.log.appender.snapshot.chunk.size.max = 16MB (=16777216) (default)
2019-10-10 00:01:53,881 [c7e361df-6228-44a4-8291-3b3f953e0ab1@group-07AA0DE1A093-LeaderElection97] INFO  server.RaftServerConfigKeys (ConfUtils.java:logGet(43)) - raft.server.log.appender.buffer.byte-limit = 33554432 (custom)
2019-10-10 00:01:53,881 [c7e361df-6228-44a4-8291-3b3f953e0ab1@group-07AA0DE1A093-LeaderElection97] INFO  server.RaftServerConfigKeys (ConfUtils.java:logGet(43)) - raft.server.log.appender.buffer.element-limit = 1 (custom)
2019-10-10 00:01:53,881 [c7e361df-6228-44a4-8291-3b3f953e0ab1@group-07AA0DE1A093-LeaderElection97] INFO  grpc.GrpcConfigKeys$Server (ConfUtils.java:logGet(43)) - raft.grpc.server.leader.outstanding.appends.max = 128 (default)
2019-10-10 00:01:53,881 [c7e361df-6228-44a4-8291-3b3f953e0ab1@group-07AA0DE1A093-LeaderElection97] INFO  server.RaftServerConfigKeys (ConfUtils.java:logGet(43)) - raft.server.rpc.request.timeout = 3000ms (default)
2019-10-10 00:01:53,882 [c7e361df-6228-44a4-8291-3b3f953e0ab1@group-07AA0DE1A093-LeaderElection97] INFO  server.RaftServerConfigKeys (ConfUtils.java:logGet(43)) - raft.server.log.appender.install.snapshot.enabled = false (custom)
2019-10-10 00:01:53,882 [c7e361df-6228-44a4-8291-3b3f953e0ab1@group-07AA0DE1A093-LeaderElection97] INFO  server.RaftServerConfigKeys (ConfUtils.java:logGet(43)) - raft.server.log.appender.snapshot.chunk.size.max = 16MB (=16777216) (default)
2019-10-10 00:01:53,882 [c7e361df-6228-44a4-8291-3b3f953e0ab1@group-07AA0DE1A093-LeaderElection97] INFO  server.RaftServerConfigKeys (ConfUtils.java:logGet(43)) - raft.server.log.appender.buffer.byte-limit = 33554432 (custom)
2019-10-10 00:01:53,882 [c7e361df-6228-44a4-8291-3b3f953e0ab1@group-07AA0DE1A093-LeaderElection97] INFO  server.RaftServerConfigKeys (ConfUtils.java:logGet(43)) - raft.server.log.appender.buffer.element-limit = 1 (custom)
2019-10-10 00:01:53,882 [c7e361df-6228-44a4-8291-3b3f953e0ab1@group-07AA0DE1A093-LeaderElection97] INFO  grpc.GrpcConfigKeys$Server (ConfUtils.java:logGet(43)) - raft.grpc.server.leader.outstanding.appends.max = 128 (default)
2019-10-10 00:01:53,882 [c7e361df-6228-44a4-8291-3b3f953e0ab1@group-07AA0DE1A093-LeaderElection97] INFO  server.RaftServerConfigKeys (ConfUtils.java:logGet(43)) - raft.server.rpc.request.timeout = 3000ms (default)
2019-10-10 00:01:53,882 [c7e361df-6228-44a4-8291-3b3f953e0ab1@group-07AA0DE1A093-LeaderElection97] INFO  server.RaftServerConfigKeys (ConfUtils.java:logGet(43)) - raft.server.log.appender.install.snapshot.enabled = false (custom)
2019-10-10 00:01:53,882 [c7e361df-6228-44a4-8291-3b3f953e0ab1@group-07AA0DE1A093-LeaderElection97] INFO  impl.RoleInfo (RoleInfo.java:updateAndGet(143)) - c7e361df-6228-44a4-8291-3b3f953e0ab1: start LeaderState
2019-10-10 00:01:53,883 [c7e361df-6228-44a4-8291-3b3f953e0ab1@group-07AA0DE1A093-LeaderElection97] INFO  segmented.SegmentedRaftLogWorker (SegmentedRaftLogWorker.java:startLogSegment(385)) - c7e361df-6228-44a4-8291-3b3f953e0ab1@group-07AA0DE1A093-SegmentedRaftLogWorker: Starting segment from index:0
2019-10-10 00:01:53,884 [grpc-default-executor-1] INFO  impl.RaftServerImpl (RaftServerImpl.java:setRole(170)) - 19bebc76-81c6-41a3-97e5-91afe2c3a386@group-07AA0DE1A093: changes role from CANDIDATE to FOLLOWER at term 1 for appendEntries
2019-10-10 00:01:53,886 [c7e361df-6228-44a4-8291-3b3f953e0ab1@group-07AA0DE1A093-LeaderElection97] INFO  impl.RaftServerImpl (ServerState.java:setRaftConf(356)) - c7e361df-6228-44a4-8291-3b3f953e0ab1@group-07AA0DE1A093: set configuration 0: [c7e361df-6228-44a4-8291-3b3f953e0ab1:192.168.157.245:38253, 19bebc76-81c6-41a3-97e5-91afe2c3a386:192.168.157.245:44158, e517ceab-692d-4b3d-be19-c78fe19f8521:192.168.157.245:44325], old=null at 0
2019-10-10 00:01:53,909 [grpc-default-executor-1] INFO  impl.RoleInfo (RoleInfo.java:shutdownLeaderElection(134)) - 19bebc76-81c6-41a3-97e5-91afe2c3a386: shutdown LeaderElection
2019-10-10 00:01:53,911 [grpc-default-executor-1] INFO  impl.RoleInfo (RoleInfo.java:updateAndGet(143)) - 19bebc76-81c6-41a3-97e5-91afe2c3a386: start FollowerState
2019-10-10 00:01:53,911 [grpc-default-executor-8] INFO  impl.RaftServerImpl (RaftServerImpl.java:requestVote(754)) - c7e361df-6228-44a4-8291-3b3f953e0ab1@group-07AA0DE1A093-   LEADER: Withhold vote from candidate 19bebc76-81c6-41a3-97e5-91afe2c3a386 with term 1. State: leader=c7e361df-6228-44a4-8291-3b3f953e0ab1, term=1, lastRpcElapsed=null
2019-10-10 00:01:53,912 [grpc-default-executor-1] INFO  impl.RaftServerImpl (ServerState.java:setLeader(255)) - 19bebc76-81c6-41a3-97e5-91afe2c3a386@group-07AA0DE1A093: change Leader from null to c7e361df-6228-44a4-8291-3b3f953e0ab1 at term 1 for appendEntries, leader elected after 5154ms
2019-10-10 00:01:53,914 [grpc-default-executor-1] INFO  impl.RaftServerImpl (ServerState.java:setLeader(255)) - e517ceab-692d-4b3d-be19-c78fe19f8521@group-07AA0DE1A093: change Leader from null to c7e361df-6228-44a4-8291-3b3f953e0ab1 at term 1 for appendEntries, leader elected after 5156ms
2019-10-10 00:01:53,914 [19bebc76-81c6-41a3-97e5-91afe2c3a386@group-07AA0DE1A093-LeaderElection98] INFO  impl.LeaderElection (LeaderElection.java:logAndReturn(56)) - 19bebc76-81c6-41a3-97e5-91afe2c3a386@group-07AA0DE1A093-LeaderElection98: Election REJECTED; received 2 response(s) [19bebc76-81c6-41a3-97e5-91afe2c3a386<-c7e361df-6228-44a4-8291-3b3f953e0ab1#0:FAIL-t1, 19bebc76-81c6-41a3-97e5-91afe2c3a386<-e517ceab-692d-4b3d-be19-c78fe19f8521#0:FAIL-t1] and 0 exception(s); 19bebc76-81c6-41a3-97e5-91afe2c3a386@group-07AA0DE1A093:t1, leader=c7e361df-6228-44a4-8291-3b3f953e0ab1, voted=19bebc76-81c6-41a3-97e5-91afe2c3a386, raftlog=19bebc76-81c6-41a3-97e5-91afe2c3a386@group-07AA0DE1A093-SegmentedRaftLog:OPENED:c-1,f-1,i0, conf=-1: [c7e361df-6228-44a4-8291-3b3f953e0ab1:192.168.157.245:38253, 19bebc76-81c6-41a3-97e5-91afe2c3a386:192.168.157.245:44158, e517ceab-692d-4b3d-be19-c78fe19f8521:192.168.157.245:44325], old=null
2019-10-10 00:01:53,919 [grpc-default-executor-1] INFO  impl.RaftServerImpl (ServerState.java:setRaftConf(356)) - 19bebc76-81c6-41a3-97e5-91afe2c3a386@group-07AA0DE1A093: set configuration 0: [c7e361df-6228-44a4-8291-3b3f953e0ab1:192.168.157.245:38253, 19bebc76-81c6-41a3-97e5-91afe2c3a386:192.168.157.245:44158, e517ceab-692d-4b3d-be19-c78fe19f8521:192.168.157.245:44325], old=null at 0
2019-10-10 00:01:53,921 [grpc-default-executor-1] INFO  segmented.SegmentedRaftLogWorker (SegmentedRaftLogWorker.java:startLogSegment(385)) - 19bebc76-81c6-41a3-97e5-91afe2c3a386@group-07AA0DE1A093-SegmentedRaftLogWorker: Starting segment from index:0
2019-10-10 00:01:53,921 [grpc-default-executor-4] INFO  impl.RaftServerImpl (ServerState.java:setRaftConf(356)) - e517ceab-692d-4b3d-be19-c78fe19f8521@group-07AA0DE1A093: set configuration 0: [c7e361df-6228-44a4-8291-3b3f953e0ab1:192.168.157.245:38253, 19bebc76-81c6-41a3-97e5-91afe2c3a386:192.168.157.245:44158, e517ceab-692d-4b3d-be19-c78fe19f8521:192.168.157.245:44325], old=null at 0
2019-10-10 00:01:53,923 [c7e361df-6228-44a4-8291-3b3f953e0ab1@group-07AA0DE1A093-SegmentedRaftLogWorker] INFO  segmented.SegmentedRaftLogWorker (SegmentedRaftLogWorker.java:execute(574)) - c7e361df-6228-44a4-8291-3b3f953e0ab1@group-07AA0DE1A093-SegmentedRaftLogWorker: created new log segment /workdir/hadoop-ozone/integration-test/target/test-dir/MiniOzoneClusterImpl-108913ae-be94-45ca-ae83-5210113f037a/datanode-4/data/ratis/318a8b8e-c3a5-4d07-b78d-07aa0de1a093/current/log_inprogress_0
2019-10-10 00:01:53,924 [grpc-default-executor-4] INFO  segmented.SegmentedRaftLogWorker (SegmentedRaftLogWorker.java:startLogSegment(385)) - e517ceab-692d-4b3d-be19-c78fe19f8521@group-07AA0DE1A093-SegmentedRaftLogWorker: Starting segment from index:0
2019-10-10 00:01:53,958 [e517ceab-692d-4b3d-be19-c78fe19f8521@group-07AA0DE1A093-SegmentedRaftLogWorker] INFO  segmented.SegmentedRaftLogWorker (SegmentedRaftLogWorker.java:execute(574)) - e517ceab-692d-4b3d-be19-c78fe19f8521@group-07AA0DE1A093-SegmentedRaftLogWorker: created new log segment /workdir/hadoop-ozone/integration-test/target/test-dir/MiniOzoneClusterImpl-108913ae-be94-45ca-ae83-5210113f037a/datanode-3/data/ratis/318a8b8e-c3a5-4d07-b78d-07aa0de1a093/current/log_inprogress_0
2019-10-10 00:01:53,958 [19bebc76-81c6-41a3-97e5-91afe2c3a386@group-07AA0DE1A093-SegmentedRaftLogWorker] INFO  segmented.SegmentedRaftLogWorker (SegmentedRaftLogWorker.java:execute(574)) - 19bebc76-81c6-41a3-97e5-91afe2c3a386@group-07AA0DE1A093-SegmentedRaftLogWorker: created new log segment /workdir/hadoop-ozone/integration-test/target/test-dir/MiniOzoneClusterImpl-108913ae-be94-45ca-ae83-5210113f037a/datanode-6/data/ratis/318a8b8e-c3a5-4d07-b78d-07aa0de1a093/current/log_inprogress_0
2019-10-10 00:01:58,538 [Thread-3948] INFO  impl.FollowerState (FollowerState.java:run(108)) - 9386b9a1-795a-4fcc-8e16-52cccb22d193@group-2D2D1A484D35-FollowerState: change to CANDIDATE, lastRpcTime:5054ms, electionTimeout:5054ms
2019-10-10 00:01:58,538 [Thread-3948] INFO  impl.RoleInfo (RoleInfo.java:shutdownFollowerState(121)) - 9386b9a1-795a-4fcc-8e16-52cccb22d193: shutdown FollowerState
2019-10-10 00:01:58,538 [Thread-3948] INFO  impl.RaftServerImpl (RaftServerImpl.java:setRole(170)) - 9386b9a1-795a-4fcc-8e16-52cccb22d193@group-2D2D1A484D35: changes role from  FOLLOWER to CANDIDATE at term 1 for changeToCandidate
2019-10-10 00:01:58,538 [Thread-3948] INFO  impl.RoleInfo (RoleInfo.java:updateAndGet(143)) - 9386b9a1-795a-4fcc-8e16-52cccb22d193: start LeaderElection
2019-10-10 00:01:58,557 [9386b9a1-795a-4fcc-8e16-52cccb22d193@group-2D2D1A484D35-LeaderElection99] INFO  impl.LeaderElection (LeaderElection.java:askForVotes(178)) - 9386b9a1-795a-4fcc-8e16-52cccb22d193@group-2D2D1A484D35-LeaderElection99: begin an election at term 2 for -1: [637124dd-f406-45d2-84f3-876d285ded15:192.168.157.245:39529, 44809ed9-9065-491d-9993-3d85ca8eea00:192.168.157.245:46436, 9386b9a1-795a-4fcc-8e16-52cccb22d193:192.168.157.245:39809], old=null
2019-10-10 00:01:58,560 [grpc-default-executor-8] INFO  impl.RaftServerImpl (RaftServerImpl.java:setRole(170)) - 637124dd-f406-45d2-84f3-876d285ded15@group-2D2D1A484D35: changes role from  FOLLOWER to FOLLOWER at term 2 for recognizeCandidate:9386b9a1-795a-4fcc-8e16-52cccb22d193
2019-10-10 00:01:58,560 [grpc-default-executor-4] INFO  impl.RaftServerImpl (RaftServerImpl.java:setRole(170)) - 44809ed9-9065-491d-9993-3d85ca8eea00@group-2D2D1A484D35: changes role from  FOLLOWER to FOLLOWER at term 2 for recognizeCandidate:9386b9a1-795a-4fcc-8e16-52cccb22d193
2019-10-10 00:01:58,560 [grpc-default-executor-8] INFO  impl.RoleInfo (RoleInfo.java:shutdownFollowerState(121)) - 637124dd-f406-45d2-84f3-876d285ded15: shutdown FollowerState
2019-10-10 00:01:58,560 [grpc-default-executor-4] INFO  impl.RoleInfo (RoleInfo.java:shutdownFollowerState(121)) - 44809ed9-9065-491d-9993-3d85ca8eea00: shutdown FollowerState
2019-10-10 00:01:58,561 [grpc-default-executor-8] INFO  impl.RoleInfo (RoleInfo.java:updateAndGet(143)) - 637124dd-f406-45d2-84f3-876d285ded15: start FollowerState
2019-10-10 00:01:58,561 [grpc-default-executor-4] INFO  impl.RoleInfo (RoleInfo.java:updateAndGet(143)) - 44809ed9-9065-491d-9993-3d85ca8eea00: start FollowerState
2019-10-10 00:01:58,561 [Thread-3947] INFO  impl.FollowerState (FollowerState.java:run(117)) - 637124dd-f406-45d2-84f3-876d285ded15@group-2D2D1A484D35-FollowerState was interrupted: java.lang.InterruptedException: sleep interrupted
2019-10-10 00:01:58,561 [Thread-3949] INFO  impl.FollowerState (FollowerState.java:run(117)) - 44809ed9-9065-491d-9993-3d85ca8eea00@group-2D2D1A484D35-FollowerState was interrupted: java.lang.InterruptedException: sleep interrupted
2019-10-10 00:01:58,612 [9386b9a1-795a-4fcc-8e16-52cccb22d193@group-2D2D1A484D35-LeaderElection99] INFO  impl.LeaderElection (LeaderElection.java:logAndReturn(56)) - 9386b9a1-795a-4fcc-8e16-52cccb22d193@group-2D2D1A484D35-LeaderElection99: Election PASSED; received 1 response(s) [9386b9a1-795a-4fcc-8e16-52cccb22d193<-637124dd-f406-45d2-84f3-876d285ded15#0:OK-t2] and 0 exception(s); 9386b9a1-795a-4fcc-8e16-52cccb22d193@group-2D2D1A484D35:t2, leader=null, voted=9386b9a1-795a-4fcc-8e16-52cccb22d193, raftlog=9386b9a1-795a-4fcc-8e16-52cccb22d193@group-2D2D1A484D35-SegmentedRaftLog:OPENED:c-1,f-1,i0, conf=-1: [637124dd-f406-45d2-84f3-876d285ded15:192.168.157.245:39529, 44809ed9-9065-491d-9993-3d85ca8eea00:192.168.157.245:46436, 9386b9a1-795a-4fcc-8e16-52cccb22d193:192.168.157.245:39809], old=null
2019-10-10 00:01:58,612 [9386b9a1-795a-4fcc-8e16-52cccb22d193@group-2D2D1A484D35-LeaderElection99] INFO  impl.RoleInfo (RoleInfo.java:shutdownLeaderElection(134)) - 9386b9a1-795a-4fcc-8e16-52cccb22d193: shutdown LeaderElection
2019-10-10 00:01:58,612 [9386b9a1-795a-4fcc-8e16-52cccb22d193@group-2D2D1A484D35-LeaderElection99] INFO  impl.RaftServerImpl (RaftServerImpl.java:setRole(170)) - 9386b9a1-795a-4fcc-8e16-52cccb22d193@group-2D2D1A484D35: changes role from CANDIDATE to LEADER at term 2 for changeToLeader
2019-10-10 00:01:58,613 [9386b9a1-795a-4fcc-8e16-52cccb22d193@group-2D2D1A484D35-LeaderElection99] INFO  impl.RaftServerImpl (ServerState.java:setLeader(255)) - 9386b9a1-795a-4fcc-8e16-52cccb22d193@group-2D2D1A484D35: change Leader from null to 9386b9a1-795a-4fcc-8e16-52cccb22d193 at term 2 for becomeLeader, leader elected after 10271ms
2019-10-10 00:01:58,613 [9386b9a1-795a-4fcc-8e16-52cccb22d193@group-2D2D1A484D35-LeaderElection99] INFO  server.RaftServerConfigKeys (ConfUtils.java:logGet(43)) - raft.server.staging.catchup.gap = 1000 (default)
2019-10-10 00:01:58,613 [9386b9a1-795a-4fcc-8e16-52cccb22d193@group-2D2D1A484D35-LeaderElection99] INFO  server.RaftServerConfigKeys (ConfUtils.java:logGet(43)) - raft.server.rpc.sleep.time = 25ms (default)
2019-10-10 00:01:58,613 [9386b9a1-795a-4fcc-8e16-52cccb22d193@group-2D2D1A484D35-LeaderElection99] INFO  server.RaftServerConfigKeys (ConfUtils.java:logGet(43)) - raft.server.write.element-limit = 4096 (default)
2019-10-10 00:01:58,613 [9386b9a1-795a-4fcc-8e16-52cccb22d193@group-2D2D1A484D35-LeaderElection99] INFO  server.RaftServerConfigKeys (ConfUtils.java:logGet(43)) - raft.server.watch.timeout = 10s (default)
2019-10-10 00:01:58,614 [9386b9a1-795a-4fcc-8e16-52cccb22d193@group-2D2D1A484D35-LeaderElection99] INFO  server.RaftServerConfigKeys (ConfUtils.java:logGet(43)) - raft.server.watch.timeout.denomination = 1s (default)
2019-10-10 00:01:58,614 [9386b9a1-795a-4fcc-8e16-52cccb22d193@group-2D2D1A484D35-LeaderElection99] INFO  server.RaftServerConfigKeys (ConfUtils.java:logGet(43)) - raft.server.watch.element-limit = 65536 (default)
2019-10-10 00:01:58,617 [9386b9a1-795a-4fcc-8e16-52cccb22d193@group-2D2D1A484D35-LeaderElection99] INFO  server.RaftServerConfigKeys (ConfUtils.java:logGet(43)) - raft.server.log.appender.snapshot.chunk.size.max = 16MB (=16777216) (default)
2019-10-10 00:01:58,617 [9386b9a1-795a-4fcc-8e16-52cccb22d193@group-2D2D1A484D35-LeaderElection99] INFO  server.RaftServerConfigKeys (ConfUtils.java:logGet(43)) - raft.server.log.appender.buffer.byte-limit = 33554432 (custom)
2019-10-10 00:01:58,617 [9386b9a1-795a-4fcc-8e16-52cccb22d193@group-2D2D1A484D35-LeaderElection99] INFO  server.RaftServerConfigKeys (ConfUtils.java:logGet(43)) - raft.server.log.appender.buffer.element-limit = 1 (custom)
2019-10-10 00:01:58,617 [9386b9a1-795a-4fcc-8e16-52cccb22d193@group-2D2D1A484D35-LeaderElection99] INFO  grpc.GrpcConfigKeys$Server (ConfUtils.java:logGet(43)) - raft.grpc.server.leader.outstanding.appends.max = 128 (default)
2019-10-10 00:01:58,618 [9386b9a1-795a-4fcc-8e16-52cccb22d193@group-2D2D1A484D35-LeaderElection99] INFO  server.RaftServerConfigKeys (ConfUtils.java:logGet(43)) - raft.server.rpc.request.timeout = 3000ms (default)
2019-10-10 00:01:58,618 [9386b9a1-795a-4fcc-8e16-52cccb22d193@group-2D2D1A484D35-LeaderElection99] INFO  server.RaftServerConfigKeys (ConfUtils.java:logGet(43)) - raft.server.log.appender.install.snapshot.enabled = false (custom)
2019-10-10 00:01:58,618 [9386b9a1-795a-4fcc-8e16-52cccb22d193@group-2D2D1A484D35-LeaderElection99] INFO  server.RaftServerConfigKeys (ConfUtils.java:logGet(43)) - raft.server.log.appender.snapshot.chunk.size.max = 16MB (=16777216) (default)
2019-10-10 00:01:58,618 [9386b9a1-795a-4fcc-8e16-52cccb22d193@group-2D2D1A484D35-LeaderElection99] INFO  server.RaftServerConfigKeys (ConfUtils.java:logGet(43)) - raft.server.log.appender.buffer.byte-limit = 33554432 (custom)
2019-10-10 00:01:58,618 [9386b9a1-795a-4fcc-8e16-52cccb22d193@group-2D2D1A484D35-LeaderElection99] INFO  server.RaftServerConfigKeys (ConfUtils.java:logGet(43)) - raft.server.log.appender.buffer.element-limit = 1 (custom)
2019-10-10 00:01:58,619 [9386b9a1-795a-4fcc-8e16-52cccb22d193@group-2D2D1A484D35-LeaderElection99] INFO  grpc.GrpcConfigKeys$Server (ConfUtils.java:logGet(43)) - raft.grpc.server.leader.outstanding.appends.max = 128 (default)
2019-10-10 00:01:58,619 [9386b9a1-795a-4fcc-8e16-52cccb22d193@group-2D2D1A484D35-LeaderElection99] INFO  server.RaftServerConfigKeys (ConfUtils.java:logGet(43)) - raft.server.rpc.request.timeout = 3000ms (default)
2019-10-10 00:01:58,619 [9386b9a1-795a-4fcc-8e16-52cccb22d193@group-2D2D1A484D35-LeaderElection99] INFO  server.RaftServerConfigKeys (ConfUtils.java:logGet(43)) - raft.server.log.appender.install.snapshot.enabled = false (custom)
2019-10-10 00:01:58,619 [9386b9a1-795a-4fcc-8e16-52cccb22d193@group-2D2D1A484D35-LeaderElection99] INFO  impl.RoleInfo (RoleInfo.java:updateAndGet(143)) - 9386b9a1-795a-4fcc-8e16-52cccb22d193: start LeaderState
2019-10-10 00:01:58,620 [9386b9a1-795a-4fcc-8e16-52cccb22d193@group-2D2D1A484D35-LeaderElection99] INFO  segmented.SegmentedRaftLogWorker (SegmentedRaftLogWorker.java:startLogSegment(385)) - 9386b9a1-795a-4fcc-8e16-52cccb22d193@group-2D2D1A484D35-SegmentedRaftLogWorker: Starting segment from index:0
2019-10-10 00:01:58,621 [9386b9a1-795a-4fcc-8e16-52cccb22d193@group-2D2D1A484D35-LeaderElection99] INFO  impl.RaftServerImpl (ServerState.java:setRaftConf(356)) - 9386b9a1-795a-4fcc-8e16-52cccb22d193@group-2D2D1A484D35: set configuration 0: [637124dd-f406-45d2-84f3-876d285ded15:192.168.157.245:39529, 44809ed9-9065-491d-9993-3d85ca8eea00:192.168.157.245:46436, 9386b9a1-795a-4fcc-8e16-52cccb22d193:192.168.157.245:39809], old=null at 0
2019-10-10 00:01:58,622 [grpc-default-executor-4] INFO  impl.RaftServerImpl (ServerState.java:setLeader(255)) - 637124dd-f406-45d2-84f3-876d285ded15@group-2D2D1A484D35: change Leader from null to 9386b9a1-795a-4fcc-8e16-52cccb22d193 at term 2 for appendEntries, leader elected after 10280ms
2019-10-10 00:01:58,656 [grpc-default-executor-4] INFO  impl.RaftServerImpl (ServerState.java:setLeader(255)) - 44809ed9-9065-491d-9993-3d85ca8eea00@group-2D2D1A484D35: change Leader from null to 9386b9a1-795a-4fcc-8e16-52cccb22d193 at term 2 for appendEntries, leader elected after 10313ms
2019-10-10 00:01:58,657 [grpc-default-executor-8] INFO  impl.RaftServerImpl (ServerState.java:setRaftConf(356)) - 637124dd-f406-45d2-84f3-876d285ded15@group-2D2D1A484D35: set configuration 0: [637124dd-f406-45d2-84f3-876d285ded15:192.168.157.245:39529, 44809ed9-9065-491d-9993-3d85ca8eea00:192.168.157.245:46436, 9386b9a1-795a-4fcc-8e16-52cccb22d193:192.168.157.245:39809], old=null at 0
2019-10-10 00:01:58,657 [grpc-default-executor-8] INFO  segmented.SegmentedRaftLogWorker (SegmentedRaftLogWorker.java:startLogSegment(385)) - 637124dd-f406-45d2-84f3-876d285ded15@group-2D2D1A484D35-SegmentedRaftLogWorker: Starting segment from index:0
2019-10-10 00:01:58,657 [grpc-default-executor-4] INFO  impl.RaftServerImpl (ServerState.java:setRaftConf(356)) - 44809ed9-9065-491d-9993-3d85ca8eea00@group-2D2D1A484D35: set configuration 0: [637124dd-f406-45d2-84f3-876d285ded15:192.168.157.245:39529, 44809ed9-9065-491d-9993-3d85ca8eea00:192.168.157.245:46436, 9386b9a1-795a-4fcc-8e16-52cccb22d193:192.168.157.245:39809], old=null at 0
2019-10-10 00:01:58,658 [grpc-default-executor-4] INFO  segmented.SegmentedRaftLogWorker (SegmentedRaftLogWorker.java:startLogSegment(385)) - 44809ed9-9065-491d-9993-3d85ca8eea00@group-2D2D1A484D35-SegmentedRaftLogWorker: Starting segment from index:0
2019-10-10 00:01:58,679 [9386b9a1-795a-4fcc-8e16-52cccb22d193@group-2D2D1A484D35-SegmentedRaftLogWorker] INFO  segmented.SegmentedRaftLogWorker (SegmentedRaftLogWorker.java:execute(574)) - 9386b9a1-795a-4fcc-8e16-52cccb22d193@group-2D2D1A484D35-SegmentedRaftLogWorker: created new log segment /workdir/hadoop-ozone/integration-test/target/test-dir/MiniOzoneClusterImpl-108913ae-be94-45ca-ae83-5210113f037a/datanode-2/data/ratis/6cc10616-78bd-4271-8898-2d2d1a484d35/current/log_inprogress_0
2019-10-10 00:01:58,691 [44809ed9-9065-491d-9993-3d85ca8eea00@group-2D2D1A484D35-SegmentedRaftLogWorker] INFO  segmented.SegmentedRaftLogWorker (SegmentedRaftLogWorker.java:execute(574)) - 44809ed9-9065-491d-9993-3d85ca8eea00@group-2D2D1A484D35-SegmentedRaftLogWorker: created new log segment /workdir/hadoop-ozone/integration-test/target/test-dir/MiniOzoneClusterImpl-108913ae-be94-45ca-ae83-5210113f037a/datanode-0/data/ratis/6cc10616-78bd-4271-8898-2d2d1a484d35/current/log_inprogress_0
2019-10-10 00:01:58,707 [637124dd-f406-45d2-84f3-876d285ded15@group-2D2D1A484D35-SegmentedRaftLogWorker] INFO  segmented.SegmentedRaftLogWorker (SegmentedRaftLogWorker.java:execute(574)) - 637124dd-f406-45d2-84f3-876d285ded15@group-2D2D1A484D35-SegmentedRaftLogWorker: created new log segment /workdir/hadoop-ozone/integration-test/target/test-dir/MiniOzoneClusterImpl-108913ae-be94-45ca-ae83-5210113f037a/datanode-1/data/ratis/6cc10616-78bd-4271-8898-2d2d1a484d35/current/log_inprogress_0
2019-10-10 00:01:59,388 [EventQueue-CloseContainerForCloseContainerEventHandler] INFO  container.CloseContainerEventHandler (CloseContainerEventHandler.java:onMessage(61)) - Close container Event triggered for container : #1
2019-10-10 00:01:59,389 [EventQueue-CloseContainerForCloseContainerEventHandler] INFO  container.CloseContainerEventHandler (CloseContainerEventHandler.java:onMessage(61)) - Close container Event triggered for container : #1
2019-10-10 00:01:59,389 [EventQueue-CloseContainerForCloseContainerEventHandler] INFO  container.CloseContainerEventHandler (CloseContainerEventHandler.java:onMessage(61)) - Close container Event triggered for container : #1
2019-10-10 00:02:00,323 [RatisApplyTransactionExecutor 1] INFO  interfaces.Container (KeyValueContainer.java:flushAndSyncDB(386)) - Container 1 is synced with bcsId 13.
2019-10-10 00:02:00,323 [RatisApplyTransactionExecutor 1] INFO  interfaces.Container (KeyValueContainer.java:flushAndSyncDB(386)) - Container 1 is synced with bcsId 13.
2019-10-10 00:02:00,347 [RatisApplyTransactionExecutor 1] INFO  interfaces.Container (KeyValueContainer.java:flushAndSyncDB(386)) - Container 1 is synced with bcsId 13.
2019-10-10 00:02:00,347 [RatisApplyTransactionExecutor 1] INFO  interfaces.Container (KeyValueContainer.java:close(335)) - Container 1 is closed with bcsId 13.
2019-10-10 00:02:00,347 [RatisApplyTransactionExecutor 1] INFO  interfaces.Container (KeyValueContainer.java:flushAndSyncDB(386)) - Container 1 is synced with bcsId 13.
2019-10-10 00:02:00,347 [RatisApplyTransactionExecutor 1] INFO  interfaces.Container (KeyValueContainer.java:flushAndSyncDB(386)) - Container 1 is synced with bcsId 13.
2019-10-10 00:02:00,348 [RatisApplyTransactionExecutor 1] INFO  interfaces.Container (KeyValueContainer.java:flushAndSyncDB(386)) - Container 1 is synced with bcsId 13.
2019-10-10 00:02:00,348 [EventQueue-IncrementalContainerReportForIncrementalContainerReportHandler] INFO  container.IncrementalContainerReportHandler (AbstractContainerReportHandler.java:updateContainerState(178)) - Moving container #1 to CLOSED state, datanode 9386b9a1-795a-4fcc-8e16-52cccb22d193{ip: 192.168.157.245, host: pr-hdds-2266-b8s26-4239225152, networkLocation: /default-rack, certSerialId: null} reported CLOSED replica.
2019-10-10 00:02:00,372 [RatisApplyTransactionExecutor 1] INFO  interfaces.Container (KeyValueContainer.java:close(335)) - Container 1 is closed with bcsId 13.
2019-10-10 00:02:00,372 [RatisApplyTransactionExecutor 1] INFO  interfaces.Container (KeyValueContainer.java:close(335)) - Container 1 is closed with bcsId 13.
00:02:00.390 [grpc-default-executor-1] ERROR DNAudit - user=null | ip=null | op=WRITE_CHUNK {blockData=conID: 1 locID: 102935147891064851 bcsId: 13} | ret=FAILURE
org.apache.hadoop.hdds.scm.container.common.helpers.ContainerNotOpenException: Container 1 in CLOSED state
	at org.apache.hadoop.ozone.container.common.impl.HddsDispatcher.validateContainerCommand(HddsDispatcher.java:436) ~[hadoop-hdds-container-service-0.5.0-SNAPSHOT.jar:?]
	at org.apache.hadoop.ozone.container.common.transport.server.ratis.ContainerStateMachine.startTransaction(ContainerStateMachine.java:320) ~[hadoop-hdds-container-service-0.5.0-SNAPSHOT.jar:?]
	at org.apache.ratis.server.impl.RaftServerImpl.submitClientRequestAsync(RaftServerImpl.java:569) ~[ratis-server-0.5.0-201fc85-SNAPSHOT.jar:0.5.0-201fc85-SNAPSHOT]
	at org.apache.ratis.server.impl.RaftServerProxy.lambda$submitClientRequestAsync$7(RaftServerProxy.java:333) ~[ratis-server-0.5.0-201fc85-SNAPSHOT.jar:0.5.0-201fc85-SNAPSHOT]
	at org.apache.ratis.server.impl.RaftServerProxy.lambda$null$5(RaftServerProxy.java:328) ~[ratis-server-0.5.0-201fc85-SNAPSHOT.jar:0.5.0-201fc85-SNAPSHOT]
	at org.apache.ratis.util.JavaUtils.callAsUnchecked(JavaUtils.java:109) ~[ratis-common-0.5.0-201fc85-SNAPSHOT.jar:0.5.0-201fc85-SNAPSHOT]
	at org.apache.ratis.server.impl.RaftServerProxy.lambda$submitRequest$6(RaftServerProxy.java:328) ~[ratis-server-0.5.0-201fc85-SNAPSHOT.jar:0.5.0-201fc85-SNAPSHOT]
	at java.util.concurrent.CompletableFuture.uniComposeStage(CompletableFuture.java:981) ~[?:1.8.0_212]
	at java.util.concurrent.CompletableFuture.thenCompose(CompletableFuture.java:2124) ~[?:1.8.0_212]
	at org.apache.ratis.server.impl.RaftServerProxy.submitRequest(RaftServerProxy.java:327) ~[ratis-server-0.5.0-201fc85-SNAPSHOT.jar:0.5.0-201fc85-SNAPSHOT]
	at org.apache.ratis.server.impl.RaftServerProxy.submitClientRequestAsync(RaftServerProxy.java:333) ~[ratis-server-0.5.0-201fc85-SNAPSHOT.jar:0.5.0-201fc85-SNAPSHOT]
	at org.apache.ratis.grpc.client.GrpcClientProtocolService$RequestStreamObserver.processClientRequest(GrpcClientProtocolService.java:220) ~[ratis-grpc-0.5.0-201fc85-SNAPSHOT.jar:0.5.0-201fc85-SNAPSHOT]
	at org.apache.ratis.grpc.client.GrpcClientProtocolService$OrderedRequestStreamObserver.processClientRequest(GrpcClientProtocolService.java:326) ~[ratis-grpc-0.5.0-201fc85-SNAPSHOT.jar:0.5.0-201fc85-SNAPSHOT]
	at org.apache.ratis.util.SlidingWindow$Server.processRequestsFromHead(SlidingWindow.java:429) [ratis-common-0.5.0-201fc85-SNAPSHOT.jar:0.5.0-201fc85-SNAPSHOT]
	at org.apache.ratis.util.SlidingWindow$Server.receivedRequest(SlidingWindow.java:421) [ratis-common-0.5.0-201fc85-SNAPSHOT.jar:0.5.0-201fc85-SNAPSHOT]
	at org.apache.ratis.grpc.client.GrpcClientProtocolService$OrderedRequestStreamObserver.processClientRequest(GrpcClientProtocolService.java:345) [ratis-grpc-0.5.0-201fc85-SNAPSHOT.jar:0.5.0-201fc85-SNAPSHOT]
	at org.apache.ratis.grpc.client.GrpcClientProtocolService$RequestStreamObserver.onNext(GrpcClientProtocolService.java:240) [ratis-grpc-0.5.0-201fc85-SNAPSHOT.jar:0.5.0-201fc85-SNAPSHOT]
	at org.apache.ratis.grpc.client.GrpcClientProtocolService$RequestStreamObserver.onNext(GrpcClientProtocolService.java:168) [ratis-grpc-0.5.0-201fc85-SNAPSHOT.jar:0.5.0-201fc85-SNAPSHOT]
	at org.apache.ratis.thirdparty.io.grpc.stub.ServerCalls$StreamingServerCallHandler$StreamingServerCallListener.onMessage(ServerCalls.java:248) [ratis-thirdparty-misc-0.2.0.jar:0.2.0]
	at org.apache.ratis.thirdparty.io.grpc.internal.ServerCallImpl$ServerStreamListenerImpl.messagesAvailable(ServerCallImpl.java:263) [ratis-thirdparty-misc-0.2.0.jar:0.2.0]
	at org.apache.ratis.thirdparty.io.grpc.internal.ServerImpl$JumpToApplicationThreadServerStreamListener$1MessagesAvailable.runInContext(ServerImpl.java:686) [ratis-thirdparty-misc-0.2.0.jar:0.2.0]
	at org.apache.ratis.thirdparty.io.grpc.internal.ContextRunnable.run(ContextRunnable.java:37) [ratis-thirdparty-misc-0.2.0.jar:0.2.0]
	at org.apache.ratis.thirdparty.io.grpc.internal.SerializingExecutor.run(SerializingExecutor.java:123) [ratis-thirdparty-misc-0.2.0.jar:0.2.0]
	at java.util.concurrent.ThreadPoolExecutor.runWorker(ThreadPoolExecutor.java:1149) [?:1.8.0_212]
	at java.util.concurrent.ThreadPoolExecutor$Worker.run(ThreadPoolExecutor.java:624) [?:1.8.0_212]
	at java.lang.Thread.run(Thread.java:748) [?:1.8.0_212]
00:02:00.392 [grpc-default-executor-1] ERROR DNAudit - user=null | ip=null | op=WRITE_CHUNK {blockData=conID: 1 locID: 102935147891064851 bcsId: 13} | ret=FAILURE
org.apache.hadoop.hdds.scm.container.common.helpers.ContainerNotOpenException: Container 1 in CLOSED state
	at org.apache.hadoop.ozone.container.common.impl.HddsDispatcher.validateContainerCommand(HddsDispatcher.java:436) ~[hadoop-hdds-container-service-0.5.0-SNAPSHOT.jar:?]
	at org.apache.hadoop.ozone.container.common.transport.server.ratis.ContainerStateMachine.startTransaction(ContainerStateMachine.java:320) ~[hadoop-hdds-container-service-0.5.0-SNAPSHOT.jar:?]
	at org.apache.ratis.server.impl.RaftServerImpl.submitClientRequestAsync(RaftServerImpl.java:569) ~[ratis-server-0.5.0-201fc85-SNAPSHOT.jar:0.5.0-201fc85-SNAPSHOT]
	at org.apache.ratis.server.impl.RaftServerProxy.lambda$submitClientRequestAsync$7(RaftServerProxy.java:333) ~[ratis-server-0.5.0-201fc85-SNAPSHOT.jar:0.5.0-201fc85-SNAPSHOT]
	at org.apache.ratis.server.impl.RaftServerProxy.lambda$null$5(RaftServerProxy.java:328) ~[ratis-server-0.5.0-201fc85-SNAPSHOT.jar:0.5.0-201fc85-SNAPSHOT]
	at org.apache.ratis.util.JavaUtils.callAsUnchecked(JavaUtils.java:109) ~[ratis-common-0.5.0-201fc85-SNAPSHOT.jar:0.5.0-201fc85-SNAPSHOT]
	at org.apache.ratis.server.impl.RaftServerProxy.lambda$submitRequest$6(RaftServerProxy.java:328) ~[ratis-server-0.5.0-201fc85-SNAPSHOT.jar:0.5.0-201fc85-SNAPSHOT]
	at java.util.concurrent.CompletableFuture.uniComposeStage(CompletableFuture.java:981) ~[?:1.8.0_212]
	at java.util.concurrent.CompletableFuture.thenCompose(CompletableFuture.java:2124) ~[?:1.8.0_212]
	at org.apache.ratis.server.impl.RaftServerProxy.submitRequest(RaftServerProxy.java:327) ~[ratis-server-0.5.0-201fc85-SNAPSHOT.jar:0.5.0-201fc85-SNAPSHOT]
	at org.apache.ratis.server.impl.RaftServerProxy.submitClientRequestAsync(RaftServerProxy.java:333) ~[ratis-server-0.5.0-201fc85-SNAPSHOT.jar:0.5.0-201fc85-SNAPSHOT]
	at org.apache.ratis.grpc.client.GrpcClientProtocolService$RequestStreamObserver.processClientRequest(GrpcClientProtocolService.java:220) ~[ratis-grpc-0.5.0-201fc85-SNAPSHOT.jar:0.5.0-201fc85-SNAPSHOT]
	at org.apache.ratis.grpc.client.GrpcClientProtocolService$OrderedRequestStreamObserver.processClientRequest(GrpcClientProtocolService.java:326) ~[ratis-grpc-0.5.0-201fc85-SNAPSHOT.jar:0.5.0-201fc85-SNAPSHOT]
	at org.apache.ratis.util.SlidingWindow$Server.processRequestsFromHead(SlidingWindow.java:429) [ratis-common-0.5.0-201fc85-SNAPSHOT.jar:0.5.0-201fc85-SNAPSHOT]
	at org.apache.ratis.util.SlidingWindow$Server.receivedRequest(SlidingWindow.java:421) [ratis-common-0.5.0-201fc85-SNAPSHOT.jar:0.5.0-201fc85-SNAPSHOT]
	at org.apache.ratis.grpc.client.GrpcClientProtocolService$OrderedRequestStreamObserver.processClientRequest(GrpcClientProtocolService.java:345) [ratis-grpc-0.5.0-201fc85-SNAPSHOT.jar:0.5.0-201fc85-SNAPSHOT]
	at org.apache.ratis.grpc.client.GrpcClientProtocolService$RequestStreamObserver.onNext(GrpcClientProtocolService.java:240) [ratis-grpc-0.5.0-201fc85-SNAPSHOT.jar:0.5.0-201fc85-SNAPSHOT]
	at org.apache.ratis.grpc.client.GrpcClientProtocolService$RequestStreamObserver.onNext(GrpcClientProtocolService.java:168) [ratis-grpc-0.5.0-201fc85-SNAPSHOT.jar:0.5.0-201fc85-SNAPSHOT]
	at org.apache.ratis.thirdparty.io.grpc.stub.ServerCalls$StreamingServerCallHandler$StreamingServerCallListener.onMessage(ServerCalls.java:248) [ratis-thirdparty-misc-0.2.0.jar:0.2.0]
	at org.apache.ratis.thirdparty.io.grpc.internal.ServerCallImpl$ServerStreamListenerImpl.messagesAvailable(ServerCallImpl.java:263) [ratis-thirdparty-misc-0.2.0.jar:0.2.0]
	at org.apache.ratis.thirdparty.io.grpc.internal.ServerImpl$JumpToApplicationThreadServerStreamListener$1MessagesAvailable.runInContext(ServerImpl.java:686) [ratis-thirdparty-misc-0.2.0.jar:0.2.0]
	at org.apache.ratis.thirdparty.io.grpc.internal.ContextRunnable.run(ContextRunnable.java:37) [ratis-thirdparty-misc-0.2.0.jar:0.2.0]
	at org.apache.ratis.thirdparty.io.grpc.internal.SerializingExecutor.run(SerializingExecutor.java:123) [ratis-thirdparty-misc-0.2.0.jar:0.2.0]
	at java.util.concurrent.ThreadPoolExecutor.runWorker(ThreadPoolExecutor.java:1149) [?:1.8.0_212]
	at java.util.concurrent.ThreadPoolExecutor$Worker.run(ThreadPoolExecutor.java:624) [?:1.8.0_212]
	at java.lang.Thread.run(Thread.java:748) [?:1.8.0_212]
00:02:00.403 [grpc-default-executor-1] ERROR DNAudit - user=null | ip=null | op=PUT_BLOCK {blockData=[blockId=conID: 1 locID: 102935147891064851 bcsId: 0,size=650]} | ret=FAILURE
org.apache.hadoop.hdds.scm.container.common.helpers.ContainerNotOpenException: Container 1 in CLOSED state
	at org.apache.hadoop.ozone.container.common.impl.HddsDispatcher.validateContainerCommand(HddsDispatcher.java:436) ~[hadoop-hdds-container-service-0.5.0-SNAPSHOT.jar:?]
	at org.apache.hadoop.ozone.container.common.transport.server.ratis.ContainerStateMachine.startTransaction(ContainerStateMachine.java:320) ~[hadoop-hdds-container-service-0.5.0-SNAPSHOT.jar:?]
	at org.apache.ratis.server.impl.RaftServerImpl.submitClientRequestAsync(RaftServerImpl.java:569) ~[ratis-server-0.5.0-201fc85-SNAPSHOT.jar:0.5.0-201fc85-SNAPSHOT]
	at org.apache.ratis.server.impl.RaftServerProxy.lambda$submitClientRequestAsync$7(RaftServerProxy.java:333) ~[ratis-server-0.5.0-201fc85-SNAPSHOT.jar:0.5.0-201fc85-SNAPSHOT]
	at org.apache.ratis.server.impl.RaftServerProxy.lambda$null$5(RaftServerProxy.java:328) ~[ratis-server-0.5.0-201fc85-SNAPSHOT.jar:0.5.0-201fc85-SNAPSHOT]
	at org.apache.ratis.util.JavaUtils.callAsUnchecked(JavaUtils.java:109) ~[ratis-common-0.5.0-201fc85-SNAPSHOT.jar:0.5.0-201fc85-SNAPSHOT]
	at org.apache.ratis.server.impl.RaftServerProxy.lambda$submitRequest$6(RaftServerProxy.java:328) ~[ratis-server-0.5.0-201fc85-SNAPSHOT.jar:0.5.0-201fc85-SNAPSHOT]
	at java.util.concurrent.CompletableFuture.uniComposeStage(CompletableFuture.java:981) ~[?:1.8.0_212]
	at java.util.concurrent.CompletableFuture.thenCompose(CompletableFuture.java:2124) ~[?:1.8.0_212]
	at org.apache.ratis.server.impl.RaftServerProxy.submitRequest(RaftServerProxy.java:327) ~[ratis-server-0.5.0-201fc85-SNAPSHOT.jar:0.5.0-201fc85-SNAPSHOT]
	at org.apache.ratis.server.impl.RaftServerProxy.submitClientRequestAsync(RaftServerProxy.java:333) ~[ratis-server-0.5.0-201fc85-SNAPSHOT.jar:0.5.0-201fc85-SNAPSHOT]
	at org.apache.ratis.grpc.client.GrpcClientProtocolService$RequestStreamObserver.processClientRequest(GrpcClientProtocolService.java:220) ~[ratis-grpc-0.5.0-201fc85-SNAPSHOT.jar:0.5.0-201fc85-SNAPSHOT]
	at org.apache.ratis.grpc.client.GrpcClientProtocolService$OrderedRequestStreamObserver.processClientRequest(GrpcClientProtocolService.java:326) ~[ratis-grpc-0.5.0-201fc85-SNAPSHOT.jar:0.5.0-201fc85-SNAPSHOT]
	at org.apache.ratis.util.SlidingWindow$Server.processRequestsFromHead(SlidingWindow.java:429) [ratis-common-0.5.0-201fc85-SNAPSHOT.jar:0.5.0-201fc85-SNAPSHOT]
	at org.apache.ratis.util.SlidingWindow$Server.receivedRequest(SlidingWindow.java:421) [ratis-common-0.5.0-201fc85-SNAPSHOT.jar:0.5.0-201fc85-SNAPSHOT]
	at org.apache.ratis.grpc.client.GrpcClientProtocolService$OrderedRequestStreamObserver.processClientRequest(GrpcClientProtocolService.java:345) [ratis-grpc-0.5.0-201fc85-SNAPSHOT.jar:0.5.0-201fc85-SNAPSHOT]
	at org.apache.ratis.grpc.client.GrpcClientProtocolService$RequestStreamObserver.onNext(GrpcClientProtocolService.java:240) [ratis-grpc-0.5.0-201fc85-SNAPSHOT.jar:0.5.0-201fc85-SNAPSHOT]
	at org.apache.ratis.grpc.client.GrpcClientProtocolService$RequestStreamObserver.onNext(GrpcClientProtocolService.java:168) [ratis-grpc-0.5.0-201fc85-SNAPSHOT.jar:0.5.0-201fc85-SNAPSHOT]
	at org.apache.ratis.thirdparty.io.grpc.stub.ServerCalls$StreamingServerCallHandler$StreamingServerCallListener.onMessage(ServerCalls.java:248) [ratis-thirdparty-misc-0.2.0.jar:0.2.0]
	at org.apache.ratis.thirdparty.io.grpc.internal.ServerCallImpl$ServerStreamListenerImpl.messagesAvailable(ServerCallImpl.java:263) [ratis-thirdparty-misc-0.2.0.jar:0.2.0]
	at org.apache.ratis.thirdparty.io.grpc.internal.ServerImpl$JumpToApplicationThreadServerStreamListener$1MessagesAvailable.runInContext(ServerImpl.java:686) [ratis-thirdparty-misc-0.2.0.jar:0.2.0]
	at org.apache.ratis.thirdparty.io.grpc.internal.ContextRunnable.run(ContextRunnable.java:37) [ratis-thirdparty-misc-0.2.0.jar:0.2.0]
	at org.apache.ratis.thirdparty.io.grpc.internal.SerializingExecutor.run(SerializingExecutor.java:123) [ratis-thirdparty-misc-0.2.0.jar:0.2.0]
	at java.util.concurrent.ThreadPoolExecutor.runWorker(ThreadPoolExecutor.java:1149) [?:1.8.0_212]
	at java.util.concurrent.ThreadPoolExecutor$Worker.run(ThreadPoolExecutor.java:624) [?:1.8.0_212]
	at java.lang.Thread.run(Thread.java:748) [?:1.8.0_212]
00:02:00.410 [grpc-default-executor-1] ERROR DNAudit - user=null | ip=null | op=WRITE_CHUNK {blockData=conID: 1 locID: 102935147891064851 bcsId: 13} | ret=FAILURE
org.apache.hadoop.hdds.scm.container.common.helpers.ContainerNotOpenException: Container 1 in CLOSED state
	at org.apache.hadoop.ozone.container.common.impl.HddsDispatcher.validateContainerCommand(HddsDispatcher.java:436) ~[hadoop-hdds-container-service-0.5.0-SNAPSHOT.jar:?]
	at org.apache.hadoop.ozone.container.common.transport.server.ratis.ContainerStateMachine.startTransaction(ContainerStateMachine.java:320) ~[hadoop-hdds-container-service-0.5.0-SNAPSHOT.jar:?]
	at org.apache.ratis.server.impl.RaftServerImpl.submitClientRequestAsync(RaftServerImpl.java:569) ~[ratis-server-0.5.0-201fc85-SNAPSHOT.jar:0.5.0-201fc85-SNAPSHOT]
	at org.apache.ratis.server.impl.RaftServerProxy.lambda$submitClientRequestAsync$7(RaftServerProxy.java:333) ~[ratis-server-0.5.0-201fc85-SNAPSHOT.jar:0.5.0-201fc85-SNAPSHOT]
	at org.apache.ratis.server.impl.RaftServerProxy.lambda$null$5(RaftServerProxy.java:328) ~[ratis-server-0.5.0-201fc85-SNAPSHOT.jar:0.5.0-201fc85-SNAPSHOT]
	at org.apache.ratis.util.JavaUtils.callAsUnchecked(JavaUtils.java:109) ~[ratis-common-0.5.0-201fc85-SNAPSHOT.jar:0.5.0-201fc85-SNAPSHOT]
	at org.apache.ratis.server.impl.RaftServerProxy.lambda$submitRequest$6(RaftServerProxy.java:328) ~[ratis-server-0.5.0-201fc85-SNAPSHOT.jar:0.5.0-201fc85-SNAPSHOT]
	at java.util.concurrent.CompletableFuture.uniComposeStage(CompletableFuture.java:981) ~[?:1.8.0_212]
	at java.util.concurrent.CompletableFuture.thenCompose(CompletableFuture.java:2124) ~[?:1.8.0_212]
	at org.apache.ratis.server.impl.RaftServerProxy.submitRequest(RaftServerProxy.java:327) ~[ratis-server-0.5.0-201fc85-SNAPSHOT.jar:0.5.0-201fc85-SNAPSHOT]
	at org.apache.ratis.server.impl.RaftServerProxy.submitClientRequestAsync(RaftServerProxy.java:333) ~[ratis-server-0.5.0-201fc85-SNAPSHOT.jar:0.5.0-201fc85-SNAPSHOT]
	at org.apache.ratis.grpc.client.GrpcClientProtocolService$RequestStreamObserver.processClientRequest(GrpcClientProtocolService.java:220) ~[ratis-grpc-0.5.0-201fc85-SNAPSHOT.jar:0.5.0-201fc85-SNAPSHOT]
	at org.apache.ratis.grpc.client.GrpcClientProtocolService$OrderedRequestStreamObserver.processClientRequest(GrpcClientProtocolService.java:326) ~[ratis-grpc-0.5.0-201fc85-SNAPSHOT.jar:0.5.0-201fc85-SNAPSHOT]
	at org.apache.ratis.util.SlidingWindow$Server.processRequestsFromHead(SlidingWindow.java:429) [ratis-common-0.5.0-201fc85-SNAPSHOT.jar:0.5.0-201fc85-SNAPSHOT]
	at org.apache.ratis.util.SlidingWindow$Server.receivedRequest(SlidingWindow.java:421) [ratis-common-0.5.0-201fc85-SNAPSHOT.jar:0.5.0-201fc85-SNAPSHOT]
	at org.apache.ratis.grpc.client.GrpcClientProtocolService$OrderedRequestStreamObserver.processClientRequest(GrpcClientProtocolService.java:345) [ratis-grpc-0.5.0-201fc85-SNAPSHOT.jar:0.5.0-201fc85-SNAPSHOT]
	at org.apache.ratis.grpc.client.GrpcClientProtocolService$RequestStreamObserver.onNext(GrpcClientProtocolService.java:240) [ratis-grpc-0.5.0-201fc85-SNAPSHOT.jar:0.5.0-201fc85-SNAPSHOT]
	at org.apache.ratis.grpc.client.GrpcClientProtocolService$RequestStreamObserver.onNext(GrpcClientProtocolService.java:168) [ratis-grpc-0.5.0-201fc85-SNAPSHOT.jar:0.5.0-201fc85-SNAPSHOT]
	at org.apache.ratis.thirdparty.io.grpc.stub.ServerCalls$StreamingServerCallHandler$StreamingServerCallListener.onMessage(ServerCalls.java:248) [ratis-thirdparty-misc-0.2.0.jar:0.2.0]
	at org.apache.ratis.thirdparty.io.grpc.internal.ServerCallImpl$ServerStreamListenerImpl.messagesAvailable(ServerCallImpl.java:263) [ratis-thirdparty-misc-0.2.0.jar:0.2.0]
	at org.apache.ratis.thirdparty.io.grpc.internal.ServerImpl$JumpToApplicationThreadServerStreamListener$1MessagesAvailable.runInContext(ServerImpl.java:686) [ratis-thirdparty-misc-0.2.0.jar:0.2.0]
	at org.apache.ratis.thirdparty.io.grpc.internal.ContextRunnable.run(ContextRunnable.java:37) [ratis-thirdparty-misc-0.2.0.jar:0.2.0]
	at org.apache.ratis.thirdparty.io.grpc.internal.SerializingExecutor.run(SerializingExecutor.java:123) [ratis-thirdparty-misc-0.2.0.jar:0.2.0]
	at java.util.concurrent.ThreadPoolExecutor.runWorker(ThreadPoolExecutor.java:1149) [?:1.8.0_212]
	at java.util.concurrent.ThreadPoolExecutor$Worker.run(ThreadPoolExecutor.java:624) [?:1.8.0_212]
	at java.lang.Thread.run(Thread.java:748) [?:1.8.0_212]
00:02:00.421 [grpc-default-executor-1] ERROR DNAudit - user=null | ip=null | op=WRITE_CHUNK {blockData=conID: 1 locID: 102935147891064851 bcsId: 13} | ret=FAILURE
org.apache.hadoop.hdds.scm.container.common.helpers.ContainerNotOpenException: Container 1 in CLOSED state
	at org.apache.hadoop.ozone.container.common.impl.HddsDispatcher.validateContainerCommand(HddsDispatcher.java:436) ~[hadoop-hdds-container-service-0.5.0-SNAPSHOT.jar:?]
	at org.apache.hadoop.ozone.container.common.transport.server.ratis.ContainerStateMachine.startTransaction(ContainerStateMachine.java:320) ~[hadoop-hdds-container-service-0.5.0-SNAPSHOT.jar:?]
	at org.apache.ratis.server.impl.RaftServerImpl.submitClientRequestAsync(RaftServerImpl.java:569) ~[ratis-server-0.5.0-201fc85-SNAPSHOT.jar:0.5.0-201fc85-SNAPSHOT]
	at org.apache.ratis.server.impl.RaftServerProxy.lambda$submitClientRequestAsync$7(RaftServerProxy.java:333) ~[ratis-server-0.5.0-201fc85-SNAPSHOT.jar:0.5.0-201fc85-SNAPSHOT]
	at org.apache.ratis.server.impl.RaftServerProxy.lambda$null$5(RaftServerProxy.java:328) ~[ratis-server-0.5.0-201fc85-SNAPSHOT.jar:0.5.0-201fc85-SNAPSHOT]
	at org.apache.ratis.util.JavaUtils.callAsUnchecked(JavaUtils.java:109) ~[ratis-common-0.5.0-201fc85-SNAPSHOT.jar:0.5.0-201fc85-SNAPSHOT]
	at org.apache.ratis.server.impl.RaftServerProxy.lambda$submitRequest$6(RaftServerProxy.java:328) ~[ratis-server-0.5.0-201fc85-SNAPSHOT.jar:0.5.0-201fc85-SNAPSHOT]
	at java.util.concurrent.CompletableFuture.uniComposeStage(CompletableFuture.java:981) ~[?:1.8.0_212]
	at java.util.concurrent.CompletableFuture.thenCompose(CompletableFuture.java:2124) ~[?:1.8.0_212]
	at org.apache.ratis.server.impl.RaftServerProxy.submitRequest(RaftServerProxy.java:327) ~[ratis-server-0.5.0-201fc85-SNAPSHOT.jar:0.5.0-201fc85-SNAPSHOT]
	at org.apache.ratis.server.impl.RaftServerProxy.submitClientRequestAsync(RaftServerProxy.java:333) ~[ratis-server-0.5.0-201fc85-SNAPSHOT.jar:0.5.0-201fc85-SNAPSHOT]
	at org.apache.ratis.grpc.client.GrpcClientProtocolService$RequestStreamObserver.processClientRequest(GrpcClientProtocolService.java:220) ~[ratis-grpc-0.5.0-201fc85-SNAPSHOT.jar:0.5.0-201fc85-SNAPSHOT]
	at org.apache.ratis.grpc.client.GrpcClientProtocolService$OrderedRequestStreamObserver.processClientRequest(GrpcClientProtocolService.java:326) ~[ratis-grpc-0.5.0-201fc85-SNAPSHOT.jar:0.5.0-201fc85-SNAPSHOT]
	at org.apache.ratis.util.SlidingWindow$Server.processRequestsFromHead(SlidingWindow.java:429) [ratis-common-0.5.0-201fc85-SNAPSHOT.jar:0.5.0-201fc85-SNAPSHOT]
	at org.apache.ratis.util.SlidingWindow$Server.receivedRequest(SlidingWindow.java:421) [ratis-common-0.5.0-201fc85-SNAPSHOT.jar:0.5.0-201fc85-SNAPSHOT]
	at org.apache.ratis.grpc.client.GrpcClientProtocolService$OrderedRequestStreamObserver.processClientRequest(GrpcClientProtocolService.java:345) [ratis-grpc-0.5.0-201fc85-SNAPSHOT.jar:0.5.0-201fc85-SNAPSHOT]
	at org.apache.ratis.grpc.client.GrpcClientProtocolService$RequestStreamObserver.onNext(GrpcClientProtocolService.java:240) [ratis-grpc-0.5.0-201fc85-SNAPSHOT.jar:0.5.0-201fc85-SNAPSHOT]
	at org.apache.ratis.grpc.client.GrpcClientProtocolService$RequestStreamObserver.onNext(GrpcClientProtocolService.java:168) [ratis-grpc-0.5.0-201fc85-SNAPSHOT.jar:0.5.0-201fc85-SNAPSHOT]
	at org.apache.ratis.thirdparty.io.grpc.stub.ServerCalls$StreamingServerCallHandler$StreamingServerCallListener.onMessage(ServerCalls.java:248) [ratis-thirdparty-misc-0.2.0.jar:0.2.0]
	at org.apache.ratis.thirdparty.io.grpc.internal.ServerCallImpl$ServerStreamListenerImpl.messagesAvailable(ServerCallImpl.java:263) [ratis-thirdparty-misc-0.2.0.jar:0.2.0]
	at org.apache.ratis.thirdparty.io.grpc.internal.ServerImpl$JumpToApplicationThreadServerStreamListener$1MessagesAvailable.runInContext(ServerImpl.java:686) [ratis-thirdparty-misc-0.2.0.jar:0.2.0]
	at org.apache.ratis.thirdparty.io.grpc.internal.ContextRunnable.run(ContextRunnable.java:37) [ratis-thirdparty-misc-0.2.0.jar:0.2.0]
	at org.apache.ratis.thirdparty.io.grpc.internal.SerializingExecutor.run(SerializingExecutor.java:123) [ratis-thirdparty-misc-0.2.0.jar:0.2.0]
	at java.util.concurrent.ThreadPoolExecutor.runWorker(ThreadPoolExecutor.java:1149) [?:1.8.0_212]
	at java.util.concurrent.ThreadPoolExecutor$Worker.run(ThreadPoolExecutor.java:624) [?:1.8.0_212]
	at java.lang.Thread.run(Thread.java:748) [?:1.8.0_212]
00:02:00.429 [grpc-default-executor-1] ERROR DNAudit - user=null | ip=null | op=PUT_BLOCK {blockData=[blockId=conID: 1 locID: 102935147891064851 bcsId: 0,size=800]} | ret=FAILURE
org.apache.hadoop.hdds.scm.container.common.helpers.ContainerNotOpenException: Container 1 in CLOSED state
	at org.apache.hadoop.ozone.container.common.impl.HddsDispatcher.validateContainerCommand(HddsDispatcher.java:436) ~[hadoop-hdds-container-service-0.5.0-SNAPSHOT.jar:?]
	at org.apache.hadoop.ozone.container.common.transport.server.ratis.ContainerStateMachine.startTransaction(ContainerStateMachine.java:320) ~[hadoop-hdds-container-service-0.5.0-SNAPSHOT.jar:?]
	at org.apache.ratis.server.impl.RaftServerImpl.submitClientRequestAsync(RaftServerImpl.java:569) ~[ratis-server-0.5.0-201fc85-SNAPSHOT.jar:0.5.0-201fc85-SNAPSHOT]
	at org.apache.ratis.server.impl.RaftServerProxy.lambda$submitClientRequestAsync$7(RaftServerProxy.java:333) ~[ratis-server-0.5.0-201fc85-SNAPSHOT.jar:0.5.0-201fc85-SNAPSHOT]
	at org.apache.ratis.server.impl.RaftServerProxy.lambda$null$5(RaftServerProxy.java:328) ~[ratis-server-0.5.0-201fc85-SNAPSHOT.jar:0.5.0-201fc85-SNAPSHOT]
	at org.apache.ratis.util.JavaUtils.callAsUnchecked(JavaUtils.java:109) ~[ratis-common-0.5.0-201fc85-SNAPSHOT.jar:0.5.0-201fc85-SNAPSHOT]
	at org.apache.ratis.server.impl.RaftServerProxy.lambda$submitRequest$6(RaftServerProxy.java:328) ~[ratis-server-0.5.0-201fc85-SNAPSHOT.jar:0.5.0-201fc85-SNAPSHOT]
	at java.util.concurrent.CompletableFuture.uniComposeStage(CompletableFuture.java:981) ~[?:1.8.0_212]
	at java.util.concurrent.CompletableFuture.thenCompose(CompletableFuture.java:2124) ~[?:1.8.0_212]
	at org.apache.ratis.server.impl.RaftServerProxy.submitRequest(RaftServerProxy.java:327) ~[ratis-server-0.5.0-201fc85-SNAPSHOT.jar:0.5.0-201fc85-SNAPSHOT]
	at org.apache.ratis.server.impl.RaftServerProxy.submitClientRequestAsync(RaftServerProxy.java:333) ~[ratis-server-0.5.0-201fc85-SNAPSHOT.jar:0.5.0-201fc85-SNAPSHOT]
	at org.apache.ratis.grpc.client.GrpcClientProtocolService$RequestStreamObserver.processClientRequest(GrpcClientProtocolService.java:220) ~[ratis-grpc-0.5.0-201fc85-SNAPSHOT.jar:0.5.0-201fc85-SNAPSHOT]
	at org.apache.ratis.grpc.client.GrpcClientProtocolService$OrderedRequestStreamObserver.processClientRequest(GrpcClientProtocolService.java:326) ~[ratis-grpc-0.5.0-201fc85-SNAPSHOT.jar:0.5.0-201fc85-SNAPSHOT]
	at org.apache.ratis.util.SlidingWindow$Server.processRequestsFromHead(SlidingWindow.java:429) [ratis-common-0.5.0-201fc85-SNAPSHOT.jar:0.5.0-201fc85-SNAPSHOT]
	at org.apache.ratis.util.SlidingWindow$Server.receivedRequest(SlidingWindow.java:421) [ratis-common-0.5.0-201fc85-SNAPSHOT.jar:0.5.0-201fc85-SNAPSHOT]
	at org.apache.ratis.grpc.client.GrpcClientProtocolService$OrderedRequestStreamObserver.processClientRequest(GrpcClientProtocolService.java:345) [ratis-grpc-0.5.0-201fc85-SNAPSHOT.jar:0.5.0-201fc85-SNAPSHOT]
	at org.apache.ratis.grpc.client.GrpcClientProtocolService$RequestStreamObserver.onNext(GrpcClientProtocolService.java:240) [ratis-grpc-0.5.0-201fc85-SNAPSHOT.jar:0.5.0-201fc85-SNAPSHOT]
	at org.apache.ratis.grpc.client.GrpcClientProtocolService$RequestStreamObserver.onNext(GrpcClientProtocolService.java:168) [ratis-grpc-0.5.0-201fc85-SNAPSHOT.jar:0.5.0-201fc85-SNAPSHOT]
	at org.apache.ratis.thirdparty.io.grpc.stub.ServerCalls$StreamingServerCallHandler$StreamingServerCallListener.onMessage(ServerCalls.java:248) [ratis-thirdparty-misc-0.2.0.jar:0.2.0]
	at org.apache.ratis.thirdparty.io.grpc.internal.ServerCallImpl$ServerStreamListenerImpl.messagesAvailable(ServerCallImpl.java:263) [ratis-thirdparty-misc-0.2.0.jar:0.2.0]
	at org.apache.ratis.thirdparty.io.grpc.internal.ServerImpl$JumpToApplicationThreadServerStreamListener$1MessagesAvailable.runInContext(ServerImpl.java:686) [ratis-thirdparty-misc-0.2.0.jar:0.2.0]
	at org.apache.ratis.thirdparty.io.grpc.internal.ContextRunnable.run(ContextRunnable.java:37) [ratis-thirdparty-misc-0.2.0.jar:0.2.0]
	at org.apache.ratis.thirdparty.io.grpc.internal.SerializingExecutor.run(SerializingExecutor.java:123) [ratis-thirdparty-misc-0.2.0.jar:0.2.0]
	at java.util.concurrent.ThreadPoolExecutor.runWorker(ThreadPoolExecutor.java:1149) [?:1.8.0_212]
	at java.util.concurrent.ThreadPoolExecutor$Worker.run(ThreadPoolExecutor.java:624) [?:1.8.0_212]
	at java.lang.Thread.run(Thread.java:748) [?:1.8.0_212]
2019-10-10 00:02:01,905 [main] WARN  scm.XceiverClientRatis (XceiverClientRatis.java:watchForCommit(277)) - 3 way commit failed on pipeline Pipeline[ Id: 6cc10616-78bd-4271-8898-2d2d1a484d35, Nodes: 44809ed9-9065-491d-9993-3d85ca8eea00{ip: 192.168.157.245, host: pr-hdds-2266-b8s26-4239225152, networkLocation: /default-rack, certSerialId: null}9386b9a1-795a-4fcc-8e16-52cccb22d193{ip: 192.168.157.245, host: pr-hdds-2266-b8s26-4239225152, networkLocation: /default-rack, certSerialId: null}637124dd-f406-45d2-84f3-876d285ded15{ip: 192.168.157.245, host: pr-hdds-2266-b8s26-4239225152, networkLocation: /default-rack, certSerialId: null}, Type:RATIS, Factor:THREE, State:OPEN]
java.util.concurrent.TimeoutException
	at java.util.concurrent.CompletableFuture.timedGet(CompletableFuture.java:1771)
	at java.util.concurrent.CompletableFuture.get(CompletableFuture.java:1915)
	at org.apache.hadoop.hdds.scm.XceiverClientRatis.watchForCommit(XceiverClientRatis.java:274)
	at org.apache.hadoop.hdds.scm.storage.CommitWatcher.watchForCommit(CommitWatcher.java:198)
	at org.apache.hadoop.hdds.scm.storage.CommitWatcher.watchOnLastIndex(CommitWatcher.java:161)
	at org.apache.hadoop.hdds.scm.storage.BlockOutputStream.watchForCommit(BlockOutputStream.java:346)
	at org.apache.hadoop.hdds.scm.storage.BlockOutputStream.handleFlush(BlockOutputStream.java:482)
	at org.apache.hadoop.hdds.scm.storage.BlockOutputStream.flush(BlockOutputStream.java:431)
	at org.apache.hadoop.ozone.client.io.BlockOutputStreamEntry.flush(BlockOutputStreamEntry.java:136)
	at org.apache.hadoop.ozone.client.io.KeyOutputStream.handleFlushOrClose(KeyOutputStream.java:443)
	at org.apache.hadoop.ozone.client.io.KeyOutputStream.flush(KeyOutputStream.java:397)
	at org.apache.hadoop.ozone.client.io.OzoneOutputStream.flush(OzoneOutputStream.java:54)
	at org.apache.hadoop.ozone.client.rpc.TestBlockOutputStreamWithFailures.testWatchForCommitWithCloseContainerException(TestBlockOutputStreamWithFailures.java:232)
	at sun.reflect.NativeMethodAccessorImpl.invoke0(Native Method)
	at sun.reflect.NativeMethodAccessorImpl.invoke(NativeMethodAccessorImpl.java:62)
	at sun.reflect.DelegatingMethodAccessorImpl.invoke(DelegatingMethodAccessorImpl.java:43)
	at java.lang.reflect.Method.invoke(Method.java:498)
	at org.junit.runners.model.FrameworkMethod$1.runReflectiveCall(FrameworkMethod.java:47)
	at org.junit.internal.runners.model.ReflectiveCallable.run(ReflectiveCallable.java:12)
	at org.junit.runners.model.FrameworkMethod.invokeExplosively(FrameworkMethod.java:44)
	at org.junit.internal.runners.statements.InvokeMethod.evaluate(InvokeMethod.java:17)
	at org.junit.internal.runners.statements.RunBefores.evaluate(RunBefores.java:26)
	at org.junit.internal.runners.statements.RunAfters.evaluate(RunAfters.java:27)
	at org.junit.runners.ParentRunner.runLeaf(ParentRunner.java:271)
	at org.junit.runners.BlockJUnit4ClassRunner.runChild(BlockJUnit4ClassRunner.java:70)
	at org.junit.runners.BlockJUnit4ClassRunner.runChild(BlockJUnit4ClassRunner.java:50)
	at org.junit.runners.ParentRunner$3.run(ParentRunner.java:238)
	at org.junit.runners.ParentRunner$1.schedule(ParentRunner.java:63)
	at org.junit.runners.ParentRunner.runChildren(ParentRunner.java:236)
	at org.junit.runners.ParentRunner.access$000(ParentRunner.java:53)
	at org.junit.runners.ParentRunner$2.evaluate(ParentRunner.java:229)
	at org.junit.runners.ParentRunner.run(ParentRunner.java:309)
	at org.apache.maven.surefire.junit4.JUnit4Provider.execute(JUnit4Provider.java:365)
	at org.apache.maven.surefire.junit4.JUnit4Provider.executeWithRerun(JUnit4Provider.java:273)
	at org.apache.maven.surefire.junit4.JUnit4Provider.executeTestSet(JUnit4Provider.java:238)
	at org.apache.maven.surefire.junit4.JUnit4Provider.invoke(JUnit4Provider.java:159)
	at org.apache.maven.surefire.booter.ForkedBooter.invokeProviderInSameClassLoader(ForkedBooter.java:384)
	at org.apache.maven.surefire.booter.ForkedBooter.runSuitesInProcess(ForkedBooter.java:345)
	at org.apache.maven.surefire.booter.ForkedBooter.execute(ForkedBooter.java:126)
	at org.apache.maven.surefire.booter.ForkedBooter.main(ForkedBooter.java:418)
2019-10-10 00:02:02,907 [main] WARN  storage.CommitWatcher (CommitWatcher.java:watchForCommit(207)) - watchForCommit failed for index 31
java.util.concurrent.TimeoutException
	at java.util.concurrent.CompletableFuture.timedGet(CompletableFuture.java:1771)
	at java.util.concurrent.CompletableFuture.get(CompletableFuture.java:1915)
	at org.apache.hadoop.hdds.scm.XceiverClientRatis.watchForCommit(XceiverClientRatis.java:283)
	at org.apache.hadoop.hdds.scm.storage.CommitWatcher.watchForCommit(CommitWatcher.java:198)
	at org.apache.hadoop.hdds.scm.storage.CommitWatcher.watchOnLastIndex(CommitWatcher.java:161)
	at org.apache.hadoop.hdds.scm.storage.BlockOutputStream.watchForCommit(BlockOutputStream.java:346)
	at org.apache.hadoop.hdds.scm.storage.BlockOutputStream.handleFlush(BlockOutputStream.java:482)
	at org.apache.hadoop.hdds.scm.storage.BlockOutputStream.flush(BlockOutputStream.java:431)
	at org.apache.hadoop.ozone.client.io.BlockOutputStreamEntry.flush(BlockOutputStreamEntry.java:136)
	at org.apache.hadoop.ozone.client.io.KeyOutputStream.handleFlushOrClose(KeyOutputStream.java:443)
	at org.apache.hadoop.ozone.client.io.KeyOutputStream.flush(KeyOutputStream.java:397)
	at org.apache.hadoop.ozone.client.io.OzoneOutputStream.flush(OzoneOutputStream.java:54)
	at org.apache.hadoop.ozone.client.rpc.TestBlockOutputStreamWithFailures.testWatchForCommitWithCloseContainerException(TestBlockOutputStreamWithFailures.java:232)
	at sun.reflect.NativeMethodAccessorImpl.invoke0(Native Method)
	at sun.reflect.NativeMethodAccessorImpl.invoke(NativeMethodAccessorImpl.java:62)
	at sun.reflect.DelegatingMethodAccessorImpl.invoke(DelegatingMethodAccessorImpl.java:43)
	at java.lang.reflect.Method.invoke(Method.java:498)
	at org.junit.runners.model.FrameworkMethod$1.runReflectiveCall(FrameworkMethod.java:47)
	at org.junit.internal.runners.model.ReflectiveCallable.run(ReflectiveCallable.java:12)
	at org.junit.runners.model.FrameworkMethod.invokeExplosively(FrameworkMethod.java:44)
	at org.junit.internal.runners.statements.InvokeMethod.evaluate(InvokeMethod.java:17)
	at org.junit.internal.runners.statements.RunBefores.evaluate(RunBefores.java:26)
	at org.junit.internal.runners.statements.RunAfters.evaluate(RunAfters.java:27)
	at org.junit.runners.ParentRunner.runLeaf(ParentRunner.java:271)
	at org.junit.runners.BlockJUnit4ClassRunner.runChild(BlockJUnit4ClassRunner.java:70)
	at org.junit.runners.BlockJUnit4ClassRunner.runChild(BlockJUnit4ClassRunner.java:50)
	at org.junit.runners.ParentRunner$3.run(ParentRunner.java:238)
	at org.junit.runners.ParentRunner$1.schedule(ParentRunner.java:63)
	at org.junit.runners.ParentRunner.runChildren(ParentRunner.java:236)
	at org.junit.runners.ParentRunner.access$000(ParentRunner.java:53)
	at org.junit.runners.ParentRunner$2.evaluate(ParentRunner.java:229)
	at org.junit.runners.ParentRunner.run(ParentRunner.java:309)
	at org.apache.maven.surefire.junit4.JUnit4Provider.execute(JUnit4Provider.java:365)
	at org.apache.maven.surefire.junit4.JUnit4Provider.executeWithRerun(JUnit4Provider.java:273)
	at org.apache.maven.surefire.junit4.JUnit4Provider.executeTestSet(JUnit4Provider.java:238)
	at org.apache.maven.surefire.junit4.JUnit4Provider.invoke(JUnit4Provider.java:159)
	at org.apache.maven.surefire.booter.ForkedBooter.invokeProviderInSameClassLoader(ForkedBooter.java:384)
	at org.apache.maven.surefire.booter.ForkedBooter.runSuitesInProcess(ForkedBooter.java:345)
	at org.apache.maven.surefire.booter.ForkedBooter.execute(ForkedBooter.java:126)
	at org.apache.maven.surefire.booter.ForkedBooter.main(ForkedBooter.java:418)
2019-10-10 00:02:02,909 [main] WARN  io.KeyOutputStream (KeyOutputStream.java:handleException(274)) - Encountered exception java.io.IOException: Unexpected Storage Container Exception: java.io.IOException: Unexpected Storage Container Exception: java.util.concurrent.TimeoutException on the pipeline Pipeline[ Id: 6cc10616-78bd-4271-8898-2d2d1a484d35, Nodes: 44809ed9-9065-491d-9993-3d85ca8eea00{ip: 192.168.157.245, host: pr-hdds-2266-b8s26-4239225152, networkLocation: /default-rack, certSerialId: null}9386b9a1-795a-4fcc-8e16-52cccb22d193{ip: 192.168.157.245, host: pr-hdds-2266-b8s26-4239225152, networkLocation: /default-rack, certSerialId: null}637124dd-f406-45d2-84f3-876d285ded15{ip: 192.168.157.245, host: pr-hdds-2266-b8s26-4239225152, networkLocation: /default-rack, certSerialId: null}, Type:RATIS, Factor:THREE, State:OPEN]. The last committed block length is 400, uncommitted data length is 50 retry count 0
2019-10-10 00:02:03,140 [main] INFO  ozone.MiniOzoneClusterImpl (MiniOzoneClusterImpl.java:shutdown(314)) - Shutting down the Mini Ozone Cluster
2019-10-10 00:02:03,141 [main] INFO  ozone.MiniOzoneClusterImpl (MiniOzoneClusterImpl.java:stop(330)) - Stopping the Mini Ozone Cluster
2019-10-10 00:02:03,141 [main] INFO  ozone.MiniOzoneClusterImpl (MiniOzoneClusterImpl.java:stopOM(400)) - Stopping the OzoneManager
2019-10-10 00:02:03,141 [main] INFO  ipc.Server (Server.java:stop(3082)) - Stopping server on 33559
2019-10-10 00:02:03,150 [IPC Server listener on 33559] INFO  ipc.Server (Server.java:run(1185)) - Stopping IPC Server listener on 33559
2019-10-10 00:02:03,154 [main] INFO  ratis.OzoneManagerDoubleBuffer (OzoneManagerDoubleBuffer.java:stop(250)) - Stopping OMDoubleBuffer flush thread
2019-10-10 00:02:03,154 [IPC Server Responder] INFO  ipc.Server (Server.java:run(1319)) - Stopping IPC Server Responder
2019-10-10 00:02:03,154 [OMDoubleBufferFlushThread] INFO  ratis.OzoneManagerDoubleBuffer (OzoneManagerDoubleBuffer.java:flushTransactions(193)) - OMDoubleBuffer flush thread OMDoubleBufferFlushThread is interrupted and will exit. OMDoubleBufferFlushThread
2019-10-10 00:02:03,163 [main] INFO  utils.BackgroundService (BackgroundService.java:shutdown(151)) - Shutting down service KeyDeletingService
2019-10-10 00:02:03,188 [main] INFO  handler.ContextHandler (ContextHandler.java:doStop(910)) - Stopped o.e.j.w.WebAppContext@106cd9c8{/,null,UNAVAILABLE}{/ozoneManager}
2019-10-10 00:02:03,189 [main] INFO  server.AbstractConnector (AbstractConnector.java:doStop(318)) - Stopped ServerConnector@1552da16{HTTP/1.1,[http/1.1]}{0.0.0.0:0}
2019-10-10 00:02:03,189 [main] INFO  handler.ContextHandler (ContextHandler.java:doStop(910)) - Stopped o.e.j.s.ServletContextHandler@4536a715{/static,file:///workdir/hadoop-ozone/integration-test/target/test-classes/webapps/static,UNAVAILABLE}
2019-10-10 00:02:03,190 [main] INFO  handler.ContextHandler (ContextHandler.java:doStop(910)) - Stopped o.e.j.s.ServletContextHandler@47f2c722{/logs,file:///workdir/hadoop-ozone/integration-test/target/log,UNAVAILABLE}
2019-10-10 00:02:03,192 [main] INFO  ozone.MiniOzoneClusterImpl (MiniOzoneClusterImpl.java:stopDatanodes(377)) - Stopping the HddsDatanodes
2019-10-10 00:02:03,613 [Datanode State Machine Thread - 0] INFO  statemachine.DatanodeStateMachine (DatanodeStateMachine.java:lambda$startDaemon$0(350)) - Ozone container server started.
2019-10-10 00:02:04,061 [Datanode State Machine Thread - 0] INFO  statemachine.DatanodeStateMachine (DatanodeStateMachine.java:lambda$startDaemon$0(350)) - Ozone container server started.
2019-10-10 00:02:07,627 [EventQueue-StaleNodeForStaleNodeHandler] INFO  node.StaleNodeHandler (StaleNodeHandler.java:onMessage(58)) - Datanode 637124dd-f406-45d2-84f3-876d285ded15{ip: 192.168.157.245, host: pr-hdds-2266-b8s26-4239225152, networkLocation: /default-rack, certSerialId: null} moved to stale state. Finalizing its pipelines [PipelineID=6cc10616-78bd-4271-8898-2d2d1a484d35, PipelineID=543584e6-3c0c-4027-9c1a-5878f4eddfa2]
2019-10-10 00:02:07,628 [EventQueue-StaleNodeForStaleNodeHandler] INFO  pipeline.SCMPipelineManager (SCMPipelineManager.java:finalizeAndDestroyPipeline(315)) - destroying pipeline:Pipeline[ Id: 6cc10616-78bd-4271-8898-2d2d1a484d35, Nodes: 44809ed9-9065-491d-9993-3d85ca8eea00{ip: 192.168.157.245, host: pr-hdds-2266-b8s26-4239225152, networkLocation: /default-rack, certSerialId: null}9386b9a1-795a-4fcc-8e16-52cccb22d193{ip: 192.168.157.245, host: pr-hdds-2266-b8s26-4239225152, networkLocation: /default-rack, certSerialId: null}637124dd-f406-45d2-84f3-876d285ded15{ip: 192.168.157.245, host: pr-hdds-2266-b8s26-4239225152, networkLocation: /default-rack, certSerialId: null}, Type:RATIS, Factor:THREE, State:OPEN]
2019-10-10 00:02:07,628 [EventQueue-StaleNodeForStaleNodeHandler] INFO  pipeline.PipelineStateManager (PipelineStateManager.java:finalizePipeline(123)) - Pipeline Pipeline[ Id: 6cc10616-78bd-4271-8898-2d2d1a484d35, Nodes: 44809ed9-9065-491d-9993-3d85ca8eea00{ip: 192.168.157.245, host: pr-hdds-2266-b8s26-4239225152, networkLocation: /default-rack, certSerialId: null}9386b9a1-795a-4fcc-8e16-52cccb22d193{ip: 192.168.157.245, host: pr-hdds-2266-b8s26-4239225152, networkLocation: /default-rack, certSerialId: null}637124dd-f406-45d2-84f3-876d285ded15{ip: 192.168.157.245, host: pr-hdds-2266-b8s26-4239225152, networkLocation: /default-rack, certSerialId: null}, Type:RATIS, Factor:THREE, State:CLOSED] moved to CLOSED state
2019-10-10 00:02:07,628 [EventQueue-CloseContainerForCloseContainerEventHandler] INFO  container.CloseContainerEventHandler (CloseContainerEventHandler.java:onMessage(61)) - Close container Event triggered for container : #2
2019-10-10 00:02:07,633 [EventQueue-StaleNodeForStaleNodeHandler] INFO  pipeline.SCMPipelineManager (SCMPipelineManager.java:finalizeAndDestroyPipeline(315)) - destroying pipeline:Pipeline[ Id: 543584e6-3c0c-4027-9c1a-5878f4eddfa2, Nodes: 637124dd-f406-45d2-84f3-876d285ded15{ip: 192.168.157.245, host: pr-hdds-2266-b8s26-4239225152, networkLocation: /default-rack, certSerialId: null}, Type:RATIS, Factor:ONE, State:OPEN]
2019-10-10 00:02:07,635 [EventQueue-StaleNodeForStaleNodeHandler] INFO  pipeline.PipelineStateManager (PipelineStateManager.java:finalizePipeline(123)) - Pipeline Pipeline[ Id: 543584e6-3c0c-4027-9c1a-5878f4eddfa2, Nodes: 637124dd-f406-45d2-84f3-876d285ded15{ip: 192.168.157.245, host: pr-hdds-2266-b8s26-4239225152, networkLocation: /default-rack, certSerialId: null}, Type:RATIS, Factor:ONE, State:CLOSED] moved to CLOSED state
2019-10-10 00:02:08,128 [EventQueue-StaleNodeForStaleNodeHandler] INFO  node.StaleNodeHandler (StaleNodeHandler.java:onMessage(58)) - Datanode c7e361df-6228-44a4-8291-3b3f953e0ab1{ip: 192.168.157.245, host: pr-hdds-2266-b8s26-4239225152, networkLocation: /default-rack, certSerialId: null} moved to stale state. Finalizing its pipelines [PipelineID=318a8b8e-c3a5-4d07-b78d-07aa0de1a093, PipelineID=1f251383-bd26-4db9-ab7b-6094c665d38d]
2019-10-10 00:02:08,128 [EventQueue-StaleNodeForStaleNodeHandler] INFO  pipeline.SCMPipelineManager (SCMPipelineManager.java:finalizeAndDestroyPipeline(315)) - destroying pipeline:Pipeline[ Id: 318a8b8e-c3a5-4d07-b78d-07aa0de1a093, Nodes: c7e361df-6228-44a4-8291-3b3f953e0ab1{ip: 192.168.157.245, host: pr-hdds-2266-b8s26-4239225152, networkLocation: /default-rack, certSerialId: null}19bebc76-81c6-41a3-97e5-91afe2c3a386{ip: 192.168.157.245, host: pr-hdds-2266-b8s26-4239225152, networkLocation: /default-rack, certSerialId: null}e517ceab-692d-4b3d-be19-c78fe19f8521{ip: 192.168.157.245, host: pr-hdds-2266-b8s26-4239225152, networkLocation: /default-rack, certSerialId: null}, Type:RATIS, Factor:THREE, State:OPEN]
2019-10-10 00:02:08,128 [EventQueue-StaleNodeForStaleNodeHandler] INFO  pipeline.PipelineStateManager (PipelineStateManager.java:finalizePipeline(123)) - Pipeline Pipeline[ Id: 318a8b8e-c3a5-4d07-b78d-07aa0de1a093, Nodes: c7e361df-6228-44a4-8291-3b3f953e0ab1{ip: 192.168.157.245, host: pr-hdds-2266-b8s26-4239225152, networkLocation: /default-rack, certSerialId: null}19bebc76-81c6-41a3-97e5-91afe2c3a386{ip: 192.168.157.245, host: pr-hdds-2266-b8s26-4239225152, networkLocation: /default-rack, certSerialId: null}e517ceab-692d-4b3d-be19-c78fe19f8521{ip: 192.168.157.245, host: pr-hdds-2266-b8s26-4239225152, networkLocation: /default-rack, certSerialId: null}, Type:RATIS, Factor:THREE, State:CLOSED] moved to CLOSED state
2019-10-10 00:02:08,128 [EventQueue-CloseContainerForCloseContainerEventHandler] INFO  container.CloseContainerEventHandler (CloseContainerEventHandler.java:onMessage(61)) - Close container Event triggered for container : #3
2019-10-10 00:02:08,133 [EventQueue-StaleNodeForStaleNodeHandler] INFO  pipeline.SCMPipelineManager (SCMPipelineManager.java:finalizeAndDestroyPipeline(315)) - destroying pipeline:Pipeline[ Id: 1f251383-bd26-4db9-ab7b-6094c665d38d, Nodes: c7e361df-6228-44a4-8291-3b3f953e0ab1{ip: 192.168.157.245, host: pr-hdds-2266-b8s26-4239225152, networkLocation: /default-rack, certSerialId: null}, Type:RATIS, Factor:ONE, State:OPEN]
2019-10-10 00:02:08,136 [EventQueue-StaleNodeForStaleNodeHandler] INFO  pipeline.PipelineStateManager (PipelineStateManager.java:finalizePipeline(123)) - Pipeline Pipeline[ Id: 1f251383-bd26-4db9-ab7b-6094c665d38d, Nodes: c7e361df-6228-44a4-8291-3b3f953e0ab1{ip: 192.168.157.245, host: pr-hdds-2266-b8s26-4239225152, networkLocation: /default-rack, certSerialId: null}, Type:RATIS, Factor:ONE, State:CLOSED] moved to CLOSED state
2019-10-10 00:02:08,194 [main] INFO  ozoneimpl.OzoneContainer (OzoneContainer.java:stop(227)) - Attempting to stop container services.
2019-10-10 00:02:08,194 [ForkJoinPool.commonPool-worker-1] INFO  ozoneimpl.OzoneContainer (OzoneContainer.java:stop(227)) - Attempting to stop container services.
2019-10-10 00:02:08,194 [main] INFO  impl.RaftServerProxy (RaftServerProxy.java:lambda$close$4(314)) - c7e361df-6228-44a4-8291-3b3f953e0ab1: close
2019-10-10 00:02:08,195 [ForkJoinPool.commonPool-worker-1] INFO  impl.RaftServerProxy (RaftServerProxy.java:lambda$close$4(314)) - 637124dd-f406-45d2-84f3-876d285ded15: close
2019-10-10 00:02:08,195 [main] INFO  impl.RaftServerImpl (RaftServerImpl.java:lambda$shutdown$3(247)) - c7e361df-6228-44a4-8291-3b3f953e0ab1@group-07AA0DE1A093: shutdown
2019-10-10 00:02:08,195 [ForkJoinPool.commonPool-worker-1] INFO  impl.RaftServerImpl (RaftServerImpl.java:lambda$shutdown$3(247)) - 637124dd-f406-45d2-84f3-876d285ded15@group-2D2D1A484D35: shutdown
2019-10-10 00:02:08,195 [main] INFO  util.JmxRegister (JmxRegister.java:unregister(73)) - Successfully un-registered JMX Bean with object name Ratis:service=RaftServer,group=group-07AA0DE1A093,id=c7e361df-6228-44a4-8291-3b3f953e0ab1
2019-10-10 00:02:08,195 [ForkJoinPool.commonPool-worker-1] INFO  util.JmxRegister (JmxRegister.java:unregister(73)) - Successfully un-registered JMX Bean with object name Ratis:service=RaftServer,group=group-2D2D1A484D35,id=637124dd-f406-45d2-84f3-876d285ded15
2019-10-10 00:02:08,196 [main] INFO  impl.RoleInfo (RoleInfo.java:shutdownLeaderState(104)) - c7e361df-6228-44a4-8291-3b3f953e0ab1: shutdown LeaderState
2019-10-10 00:02:08,196 [ForkJoinPool.commonPool-worker-1] INFO  impl.RoleInfo (RoleInfo.java:shutdownFollowerState(121)) - 637124dd-f406-45d2-84f3-876d285ded15: shutdown FollowerState
2019-10-10 00:02:08,202 [org.apache.ratis.server.impl.LogAppender$AppenderDaemon$$Lambda$528/767917100@1d4be4d7] WARN  server.GrpcLogAppender (GrpcLogAppender.java:mayWait(143)) - c7e361df-6228-44a4-8291-3b3f953e0ab1@group-07AA0DE1A093->19bebc76-81c6-41a3-97e5-91afe2c3a386-GrpcLogAppender: Wait interrupted by java.lang.InterruptedException
2019-10-10 00:02:08,202 [main] INFO  impl.PendingRequests (PendingRequests.java:sendNotLeaderResponses(202)) - c7e361df-6228-44a4-8291-3b3f953e0ab1@group-07AA0DE1A093-PendingRequests: sendNotLeaderResponses
2019-10-10 00:02:08,202 [org.apache.ratis.server.impl.LogAppender$AppenderDaemon$$Lambda$528/767917100@47f65aee] WARN  server.GrpcLogAppender (GrpcLogAppender.java:mayWait(143)) - c7e361df-6228-44a4-8291-3b3f953e0ab1@group-07AA0DE1A093->e517ceab-692d-4b3d-be19-c78fe19f8521-GrpcLogAppender: Wait interrupted by java.lang.InterruptedException
2019-10-10 00:02:08,203 [637124dd-f406-45d2-84f3-876d285ded15@group-2D2D1A484D35-StateMachineUpdater] INFO  ratis.ContainerStateMachine (ContainerStateMachine.java:takeSnapshot(294)) - group-2D2D1A484D35: Taking a snapshot at:(t:2, i:33) file /workdir/hadoop-ozone/integration-test/target/test-dir/MiniOzoneClusterImpl-108913ae-be94-45ca-ae83-5210113f037a/datanode-1/data/ratis/6cc10616-78bd-4271-8898-2d2d1a484d35/sm/snapshot.2_33
2019-10-10 00:02:08,202 [Thread-3990] INFO  impl.FollowerState (FollowerState.java:run(117)) - 637124dd-f406-45d2-84f3-876d285ded15@group-2D2D1A484D35-FollowerState was interrupted: java.lang.InterruptedException: sleep interrupted
2019-10-10 00:02:08,202 [ForkJoinPool.commonPool-worker-1] INFO  impl.StateMachineUpdater (StateMachineUpdater.java:stopAndJoin(136)) - 637124dd-f406-45d2-84f3-876d285ded15@group-2D2D1A484D35-StateMachineUpdater: set stopIndex = 33
2019-10-10 00:02:08,212 [c7e361df-6228-44a4-8291-3b3f953e0ab1@group-07AA0DE1A093-StateMachineUpdater] INFO  ratis.ContainerStateMachine (ContainerStateMachine.java:takeSnapshot(294)) - group-07AA0DE1A093: Taking a snapshot at:(t:1, i:4) file /workdir/hadoop-ozone/integration-test/target/test-dir/MiniOzoneClusterImpl-108913ae-be94-45ca-ae83-5210113f037a/datanode-4/data/ratis/318a8b8e-c3a5-4d07-b78d-07aa0de1a093/sm/snapshot.1_4
2019-10-10 00:02:08,212 [main] INFO  impl.StateMachineUpdater (StateMachineUpdater.java:stopAndJoin(136)) - c7e361df-6228-44a4-8291-3b3f953e0ab1@group-07AA0DE1A093-StateMachineUpdater: set stopIndex = 4
2019-10-10 00:02:08,212 [grpc-default-executor-4] INFO  server.GrpcServerProtocolService (GrpcServerProtocolService.java:onCompleted(113)) - e517ceab-692d-4b3d-be19-c78fe19f8521: Completed APPEND_ENTRIES, lastRequest: c7e361df-6228-44a4-8291-3b3f953e0ab1->e517ceab-692d-4b3d-be19-c78fe19f8521#10-t1, previous=(t:1, i:4), leaderCommit=4, initializing? false, entries: <empty>
2019-10-10 00:02:08,212 [grpc-default-executor-8] INFO  server.GrpcServerProtocolService (GrpcServerProtocolService.java:onCompleted(113)) - 19bebc76-81c6-41a3-97e5-91afe2c3a386: Completed APPEND_ENTRIES, lastRequest: c7e361df-6228-44a4-8291-3b3f953e0ab1->19bebc76-81c6-41a3-97e5-91afe2c3a386#10-t1, previous=(t:1, i:4), leaderCommit=4, initializing? false, entries: <empty>
2019-10-10 00:02:08,213 [grpc-default-executor-4] INFO  server.GrpcLogAppender (GrpcLogAppender.java:onCompleted(293)) - c7e361df-6228-44a4-8291-3b3f953e0ab1@group-07AA0DE1A093->e517ceab-692d-4b3d-be19-c78fe19f8521-AppendLogResponseHandler: follower responses appendEntries COMPLETED
2019-10-10 00:02:08,213 [grpc-default-executor-8] INFO  server.GrpcLogAppender (GrpcLogAppender.java:onCompleted(293)) - c7e361df-6228-44a4-8291-3b3f953e0ab1@group-07AA0DE1A093->19bebc76-81c6-41a3-97e5-91afe2c3a386-AppendLogResponseHandler: follower responses appendEntries COMPLETED
2019-10-10 00:02:08,214 [grpc-default-executor-4] INFO  impl.FollowerInfo (FollowerInfo.java:lambda$new$0(51)) - c7e361df-6228-44a4-8291-3b3f953e0ab1@group-07AA0DE1A093->e517ceab-692d-4b3d-be19-c78fe19f8521: nextIndex: updateUnconditionally 5 -> 4
2019-10-10 00:02:08,215 [grpc-default-executor-8] INFO  impl.FollowerInfo (FollowerInfo.java:lambda$new$0(51)) - c7e361df-6228-44a4-8291-3b3f953e0ab1@group-07AA0DE1A093->19bebc76-81c6-41a3-97e5-91afe2c3a386: nextIndex: updateUnconditionally 5 -> 4
2019-10-10 00:02:08,225 [c7e361df-6228-44a4-8291-3b3f953e0ab1@group-07AA0DE1A093-StateMachineUpdater] INFO  ratis.ContainerStateMachine (ContainerStateMachine.java:takeSnapshot(305)) - group-07AA0DE1A093: Finished taking a snapshot at:(t:1, i:4) file:/workdir/hadoop-ozone/integration-test/target/test-dir/MiniOzoneClusterImpl-108913ae-be94-45ca-ae83-5210113f037a/datanode-4/data/ratis/318a8b8e-c3a5-4d07-b78d-07aa0de1a093/sm/snapshot.1_4 time:13
2019-10-10 00:02:08,225 [637124dd-f406-45d2-84f3-876d285ded15@group-2D2D1A484D35-StateMachineUpdater] INFO  ratis.ContainerStateMachine (ContainerStateMachine.java:takeSnapshot(305)) - group-2D2D1A484D35: Finished taking a snapshot at:(t:2, i:33) file:/workdir/hadoop-ozone/integration-test/target/test-dir/MiniOzoneClusterImpl-108913ae-be94-45ca-ae83-5210113f037a/datanode-1/data/ratis/6cc10616-78bd-4271-8898-2d2d1a484d35/sm/snapshot.2_33 time:22
2019-10-10 00:02:08,225 [c7e361df-6228-44a4-8291-3b3f953e0ab1@group-07AA0DE1A093-StateMachineUpdater] INFO  impl.StateMachineUpdater (StateMachineUpdater.java:takeSnapshot(269)) - c7e361df-6228-44a4-8291-3b3f953e0ab1@group-07AA0DE1A093-StateMachineUpdater: Took a snapshot at index 4
2019-10-10 00:02:08,225 [637124dd-f406-45d2-84f3-876d285ded15@group-2D2D1A484D35-StateMachineUpdater] INFO  impl.StateMachineUpdater (StateMachineUpdater.java:takeSnapshot(269)) - 637124dd-f406-45d2-84f3-876d285ded15@group-2D2D1A484D35-StateMachineUpdater: Took a snapshot at index 33
2019-10-10 00:02:08,225 [c7e361df-6228-44a4-8291-3b3f953e0ab1@group-07AA0DE1A093-StateMachineUpdater] INFO  impl.StateMachineUpdater (StateMachineUpdater.java:lambda$new$0(84)) - c7e361df-6228-44a4-8291-3b3f953e0ab1@group-07AA0DE1A093-StateMachineUpdater: snapshotIndex: updateIncreasingly -1 -> 4
2019-10-10 00:02:08,225 [637124dd-f406-45d2-84f3-876d285ded15@group-2D2D1A484D35-StateMachineUpdater] INFO  impl.StateMachineUpdater (StateMachineUpdater.java:lambda$new$0(84)) - 637124dd-f406-45d2-84f3-876d285ded15@group-2D2D1A484D35-StateMachineUpdater: snapshotIndex: updateIncreasingly -1 -> 33
2019-10-10 00:02:08,226 [main] INFO  impl.RaftServerImpl (ServerState.java:close(387)) - c7e361df-6228-44a4-8291-3b3f953e0ab1@group-07AA0DE1A093: closes. applyIndex: 4
2019-10-10 00:02:08,226 [ForkJoinPool.commonPool-worker-1] INFO  impl.RaftServerImpl (ServerState.java:close(387)) - 637124dd-f406-45d2-84f3-876d285ded15@group-2D2D1A484D35: closes. applyIndex: 33
2019-10-10 00:02:08,227 [c7e361df-6228-44a4-8291-3b3f953e0ab1@group-07AA0DE1A093-SegmentedRaftLogWorker] INFO  segmented.SegmentedRaftLogWorker (SegmentedRaftLogWorker.java:run(316)) - c7e361df-6228-44a4-8291-3b3f953e0ab1@group-07AA0DE1A093-SegmentedRaftLogWorker was interrupted, exiting. There are 0 tasks remaining in the queue.
2019-10-10 00:02:08,230 [main] INFO  segmented.SegmentedRaftLogWorker (SegmentedRaftLogWorker.java:close(224)) - c7e361df-6228-44a4-8291-3b3f953e0ab1@group-07AA0DE1A093-SegmentedRaftLogWorker close()
2019-10-10 00:02:08,230 [637124dd-f406-45d2-84f3-876d285ded15@group-2D2D1A484D35-SegmentedRaftLogWorker] INFO  segmented.SegmentedRaftLogWorker (SegmentedRaftLogWorker.java:run(316)) - 637124dd-f406-45d2-84f3-876d285ded15@group-2D2D1A484D35-SegmentedRaftLogWorker was interrupted, exiting. There are 0 tasks remaining in the queue.
2019-10-10 00:02:08,235 [main] INFO  impl.RaftServerImpl (RaftServerImpl.java:lambda$shutdown$3(247)) - c7e361df-6228-44a4-8291-3b3f953e0ab1@group-6094C665D38D: shutdown
2019-10-10 00:02:08,239 [ForkJoinPool.commonPool-worker-1] INFO  segmented.SegmentedRaftLogWorker (SegmentedRaftLogWorker.java:close(224)) - 637124dd-f406-45d2-84f3-876d285ded15@group-2D2D1A484D35-SegmentedRaftLogWorker close()
2019-10-10 00:02:08,239 [main] INFO  util.JmxRegister (JmxRegister.java:unregister(73)) - Successfully un-registered JMX Bean with object name Ratis:service=RaftServer,group=group-6094C665D38D,id=c7e361df-6228-44a4-8291-3b3f953e0ab1
2019-10-10 00:02:08,263 [ForkJoinPool.commonPool-worker-1] INFO  impl.RaftServerImpl (RaftServerImpl.java:lambda$shutdown$3(247)) - 637124dd-f406-45d2-84f3-876d285ded15@group-5878F4EDDFA2: shutdown
2019-10-10 00:02:08,264 [main] INFO  impl.RoleInfo (RoleInfo.java:shutdownLeaderState(104)) - c7e361df-6228-44a4-8291-3b3f953e0ab1: shutdown LeaderState
2019-10-10 00:02:08,264 [ForkJoinPool.commonPool-worker-1] INFO  util.JmxRegister (JmxRegister.java:unregister(73)) - Successfully un-registered JMX Bean with object name Ratis:service=RaftServer,group=group-5878F4EDDFA2,id=637124dd-f406-45d2-84f3-876d285ded15
2019-10-10 00:02:08,264 [main] INFO  impl.PendingRequests (PendingRequests.java:sendNotLeaderResponses(202)) - c7e361df-6228-44a4-8291-3b3f953e0ab1@group-6094C665D38D-PendingRequests: sendNotLeaderResponses
2019-10-10 00:02:08,264 [ForkJoinPool.commonPool-worker-1] INFO  impl.RoleInfo (RoleInfo.java:shutdownLeaderState(104)) - 637124dd-f406-45d2-84f3-876d285ded15: shutdown LeaderState
2019-10-10 00:02:08,265 [main] INFO  impl.StateMachineUpdater (StateMachineUpdater.java:stopAndJoin(136)) - c7e361df-6228-44a4-8291-3b3f953e0ab1@group-6094C665D38D-StateMachineUpdater: set stopIndex = 0
2019-10-10 00:02:08,265 [ForkJoinPool.commonPool-worker-1] INFO  impl.PendingRequests (PendingRequests.java:sendNotLeaderResponses(202)) - 637124dd-f406-45d2-84f3-876d285ded15@group-5878F4EDDFA2-PendingRequests: sendNotLeaderResponses
2019-10-10 00:02:08,265 [ForkJoinPool.commonPool-worker-1] INFO  impl.StateMachineUpdater (StateMachineUpdater.java:stopAndJoin(136)) - 637124dd-f406-45d2-84f3-876d285ded15@group-5878F4EDDFA2-StateMachineUpdater: set stopIndex = 0
2019-10-10 00:02:08,265 [main] INFO  impl.RaftServerImpl (ServerState.java:close(387)) - c7e361df-6228-44a4-8291-3b3f953e0ab1@group-6094C665D38D: closes. applyIndex: 0
2019-10-10 00:02:08,266 [ForkJoinPool.commonPool-worker-1] INFO  impl.RaftServerImpl (ServerState.java:close(387)) - 637124dd-f406-45d2-84f3-876d285ded15@group-5878F4EDDFA2: closes. applyIndex: 0
2019-10-10 00:02:08,266 [c7e361df-6228-44a4-8291-3b3f953e0ab1@group-6094C665D38D-SegmentedRaftLogWorker] INFO  segmented.SegmentedRaftLogWorker (SegmentedRaftLogWorker.java:run(316)) - c7e361df-6228-44a4-8291-3b3f953e0ab1@group-6094C665D38D-SegmentedRaftLogWorker was interrupted, exiting. There are 0 tasks remaining in the queue.
2019-10-10 00:02:08,266 [637124dd-f406-45d2-84f3-876d285ded15@group-5878F4EDDFA2-SegmentedRaftLogWorker] INFO  segmented.SegmentedRaftLogWorker (SegmentedRaftLogWorker.java:run(316)) - 637124dd-f406-45d2-84f3-876d285ded15@group-5878F4EDDFA2-SegmentedRaftLogWorker was interrupted, exiting. There are 0 tasks remaining in the queue.
2019-10-10 00:02:08,266 [main] INFO  segmented.SegmentedRaftLogWorker (SegmentedRaftLogWorker.java:close(224)) - c7e361df-6228-44a4-8291-3b3f953e0ab1@group-6094C665D38D-SegmentedRaftLogWorker close()
2019-10-10 00:02:08,267 [ForkJoinPool.commonPool-worker-1] INFO  segmented.SegmentedRaftLogWorker (SegmentedRaftLogWorker.java:close(224)) - 637124dd-f406-45d2-84f3-876d285ded15@group-5878F4EDDFA2-SegmentedRaftLogWorker close()
2019-10-10 00:02:08,270 [main] INFO  server.GrpcService (GrpcService.java:closeImpl(164)) - c7e361df-6228-44a4-8291-3b3f953e0ab1: shutdown server with port 38253 now
2019-10-10 00:02:08,273 [ForkJoinPool.commonPool-worker-1] INFO  server.GrpcService (GrpcService.java:closeImpl(164)) - 637124dd-f406-45d2-84f3-876d285ded15: shutdown server with port 39529 now
2019-10-10 00:02:08,274 [grpc-default-executor-4] WARN  server.GrpcServerProtocolService (LogUtils.java:warn(134)) - 637124dd-f406-45d2-84f3-876d285ded15: installSnapshot onError, lastRequest: 9386b9a1-795a-4fcc-8e16-52cccb22d193->637124dd-f406-45d2-84f3-876d285ded15#36-t2, previous=(t:2, i:33), leaderCommit=33, initializing? false, entries: <empty>: org.apache.ratis.thirdparty.io.grpc.StatusRuntimeException: CANCELLED: cancelled before receiving half close
2019-10-10 00:02:08,274 [main] INFO  server.GrpcService (GrpcService.java:closeImpl(172)) - c7e361df-6228-44a4-8291-3b3f953e0ab1: shutdown server with port 38253 successfully
2019-10-10 00:02:08,274 [ForkJoinPool.commonPool-worker-1] INFO  server.GrpcService (GrpcService.java:closeImpl(172)) - 637124dd-f406-45d2-84f3-876d285ded15: shutdown server with port 39529 successfully
2019-10-10 00:02:08,274 [grpc-default-executor-1] WARN  server.GrpcLogAppender (LogUtils.java:warn(134)) - 9386b9a1-795a-4fcc-8e16-52cccb22d193@group-2D2D1A484D35->637124dd-f406-45d2-84f3-876d285ded15-AppendLogResponseHandler: Failed appendEntries: org.apache.ratis.thirdparty.io.grpc.StatusRuntimeException: CANCELLED: HTTP/2 error code: CANCEL
Received Rst Stream
2019-10-10 00:02:08,275 [grpc-default-executor-1] INFO  impl.FollowerInfo (FollowerInfo.java:lambda$new$0(51)) - 9386b9a1-795a-4fcc-8e16-52cccb22d193@group-2D2D1A484D35->637124dd-f406-45d2-84f3-876d285ded15: nextIndex: updateUnconditionally 34 -> 33
2019-10-10 00:02:08,283 [refreshUsed-/workdir/hadoop-ozone/integration-test/target/test-dir/MiniOzoneClusterImpl-108913ae-be94-45ca-ae83-5210113f037a/datanode-4/data/containers] WARN  fs.CachingGetSpaceUsed (CachingGetSpaceUsed.java:run(183)) - Thread Interrupted waiting to refresh disk information: sleep interrupted
2019-10-10 00:02:08,283 [refreshUsed-/workdir/hadoop-ozone/integration-test/target/test-dir/MiniOzoneClusterImpl-108913ae-be94-45ca-ae83-5210113f037a/datanode-1/data/containers] WARN  fs.CachingGetSpaceUsed (CachingGetSpaceUsed.java:run(183)) - Thread Interrupted waiting to refresh disk information: sleep interrupted
2019-10-10 00:02:08,296 [ForkJoinPool.commonPool-worker-1] INFO  utils.BackgroundService (BackgroundService.java:shutdown(151)) - Shutting down service BlockDeletingService
2019-10-10 00:02:08,296 [main] INFO  utils.BackgroundService (BackgroundService.java:shutdown(151)) - Shutting down service BlockDeletingService
2019-10-10 00:02:08,304 [ForkJoinPool.commonPool-worker-1] INFO  statemachine.DatanodeStateMachine (DatanodeStateMachine.java:stopDaemon(395)) - Ozone container server stopped.
2019-10-10 00:02:08,309 [main] INFO  statemachine.DatanodeStateMachine (DatanodeStateMachine.java:stopDaemon(395)) - Ozone container server stopped.
2019-10-10 00:02:08,315 [main] INFO  handler.ContextHandler (ContextHandler.java:doStop(910)) - Stopped o.e.j.w.WebAppContext@5e3d2765{/,null,UNAVAILABLE}{/hddsDatanode}
2019-10-10 00:02:08,316 [ForkJoinPool.commonPool-worker-1] INFO  handler.ContextHandler (ContextHandler.java:doStop(910)) - Stopped o.e.j.w.WebAppContext@2b7774d5{/,null,UNAVAILABLE}{/hddsDatanode}
2019-10-10 00:02:08,317 [main] INFO  server.AbstractConnector (AbstractConnector.java:doStop(318)) - Stopped ServerConnector@7910f355{HTTP/1.1,[http/1.1]}{0.0.0.0:0}
2019-10-10 00:02:08,317 [ForkJoinPool.commonPool-worker-1] INFO  server.AbstractConnector (AbstractConnector.java:doStop(318)) - Stopped ServerConnector@7d284f15{HTTP/1.1,[http/1.1]}{0.0.0.0:0}
2019-10-10 00:02:08,317 [main] INFO  handler.ContextHandler (ContextHandler.java:doStop(910)) - Stopped o.e.j.s.ServletContextHandler@6ad6ae45{/static,jar:file:/home/user/.m2/repository/org/apache/hadoop/hadoop-hdds-container-service/0.5.0-SNAPSHOT/hadoop-hdds-container-service-0.5.0-SNAPSHOT.jar!/webapps/static,UNAVAILABLE}
2019-10-10 00:02:08,319 [ForkJoinPool.commonPool-worker-1] INFO  handler.ContextHandler (ContextHandler.java:doStop(910)) - Stopped o.e.j.s.ServletContextHandler@58882a93{/static,jar:file:/home/user/.m2/repository/org/apache/hadoop/hadoop-hdds-container-service/0.5.0-SNAPSHOT/hadoop-hdds-container-service-0.5.0-SNAPSHOT.jar!/webapps/static,UNAVAILABLE}
2019-10-10 00:02:08,320 [main] INFO  handler.ContextHandler (ContextHandler.java:doStop(910)) - Stopped o.e.j.s.ServletContextHandler@6eed46e9{/logs,file:///workdir/hadoop-ozone/integration-test/target/log,UNAVAILABLE}
2019-10-10 00:02:08,321 [ForkJoinPool.commonPool-worker-1] INFO  handler.ContextHandler (ContextHandler.java:doStop(910)) - Stopped o.e.j.s.ServletContextHandler@1c72189f{/logs,file:///workdir/hadoop-ozone/integration-test/target/log,UNAVAILABLE}
2019-10-10 00:02:08,413 [grpc-default-executor-4] WARN  server.GrpcLogAppender (LogUtils.java:warn(134)) - 9386b9a1-795a-4fcc-8e16-52cccb22d193@group-2D2D1A484D35->637124dd-f406-45d2-84f3-876d285ded15-AppendLogResponseHandler: Failed appendEntries: org.apache.ratis.thirdparty.io.grpc.StatusRuntimeException: UNAVAILABLE: io exception
2019-10-10 00:02:08,413 [grpc-default-executor-4] INFO  impl.FollowerInfo (FollowerInfo.java:lambda$new$0(51)) - 9386b9a1-795a-4fcc-8e16-52cccb22d193@group-2D2D1A484D35->637124dd-f406-45d2-84f3-876d285ded15: nextIndex: updateUnconditionally 33 -> 32
2019-10-10 00:02:08,619 [Datanode State Machine Thread - 0] INFO  statemachine.DatanodeStateMachine (DatanodeStateMachine.java:lambda$startDaemon$0(350)) - Ozone container server started.
2019-10-10 00:02:09,063 [Datanode State Machine Thread - 0] INFO  statemachine.DatanodeStateMachine (DatanodeStateMachine.java:lambda$startDaemon$0(350)) - Ozone container server started.
2019-10-10 00:02:10,918 [grpc-default-executor-1] WARN  server.GrpcLogAppender (LogUtils.java:warn(134)) - 9386b9a1-795a-4fcc-8e16-52cccb22d193@group-2D2D1A484D35->637124dd-f406-45d2-84f3-876d285ded15-AppendLogResponseHandler: Failed appendEntries: org.apache.ratis.thirdparty.io.grpc.StatusRuntimeException: UNAVAILABLE: io exception
2019-10-10 00:02:10,919 [grpc-default-executor-1] INFO  impl.FollowerInfo (FollowerInfo.java:lambda$new$0(51)) - 9386b9a1-795a-4fcc-8e16-52cccb22d193@group-2D2D1A484D35->637124dd-f406-45d2-84f3-876d285ded15: nextIndex: updateUnconditionally 32 -> 31
2019-10-10 00:02:12,634 [EventQueue-StaleNodeForStaleNodeHandler] INFO  node.StaleNodeHandler (StaleNodeHandler.java:onMessage(58)) - Datanode 9386b9a1-795a-4fcc-8e16-52cccb22d193{ip: 192.168.157.245, host: pr-hdds-2266-b8s26-4239225152, networkLocation: /default-rack, certSerialId: null} moved to stale state. Finalizing its pipelines [PipelineID=6cc10616-78bd-4271-8898-2d2d1a484d35, PipelineID=426ad02e-30bc-4593-96c7-917e67f4410c]
2019-10-10 00:02:12,635 [EventQueue-StaleNodeForStaleNodeHandler] INFO  pipeline.SCMPipelineManager (SCMPipelineManager.java:finalizeAndDestroyPipeline(315)) - destroying pipeline:Pipeline[ Id: 6cc10616-78bd-4271-8898-2d2d1a484d35, Nodes: 44809ed9-9065-491d-9993-3d85ca8eea00{ip: 192.168.157.245, host: pr-hdds-2266-b8s26-4239225152, networkLocation: /default-rack, certSerialId: null}9386b9a1-795a-4fcc-8e16-52cccb22d193{ip: 192.168.157.245, host: pr-hdds-2266-b8s26-4239225152, networkLocation: /default-rack, certSerialId: null}637124dd-f406-45d2-84f3-876d285ded15{ip: 192.168.157.245, host: pr-hdds-2266-b8s26-4239225152, networkLocation: /default-rack, certSerialId: null}, Type:RATIS, Factor:THREE, State:CLOSED]
2019-10-10 00:02:12,635 [EventQueue-StaleNodeForStaleNodeHandler] INFO  pipeline.SCMPipelineManager (SCMPipelineManager.java:finalizeAndDestroyPipeline(315)) - destroying pipeline:Pipeline[ Id: 426ad02e-30bc-4593-96c7-917e67f4410c, Nodes: 9386b9a1-795a-4fcc-8e16-52cccb22d193{ip: 192.168.157.245, host: pr-hdds-2266-b8s26-4239225152, networkLocation: /default-rack, certSerialId: null}, Type:RATIS, Factor:ONE, State:OPEN]
2019-10-10 00:02:12,635 [EventQueue-StaleNodeForStaleNodeHandler] INFO  pipeline.PipelineStateManager (PipelineStateManager.java:finalizePipeline(123)) - Pipeline Pipeline[ Id: 426ad02e-30bc-4593-96c7-917e67f4410c, Nodes: 9386b9a1-795a-4fcc-8e16-52cccb22d193{ip: 192.168.157.245, host: pr-hdds-2266-b8s26-4239225152, networkLocation: /default-rack, certSerialId: null}, Type:RATIS, Factor:ONE, State:CLOSED] moved to CLOSED state
2019-10-10 00:02:13,135 [EventQueue-StaleNodeForStaleNodeHandler] INFO  node.StaleNodeHandler (StaleNodeHandler.java:onMessage(58)) - Datanode e517ceab-692d-4b3d-be19-c78fe19f8521{ip: 192.168.157.245, host: pr-hdds-2266-b8s26-4239225152, networkLocation: /default-rack, certSerialId: null} moved to stale state. Finalizing its pipelines [PipelineID=d6c3d754-b5e5-4dee-9a1a-57438e3a19af, PipelineID=318a8b8e-c3a5-4d07-b78d-07aa0de1a093]
2019-10-10 00:02:13,135 [EventQueue-StaleNodeForStaleNodeHandler] INFO  pipeline.SCMPipelineManager (SCMPipelineManager.java:finalizeAndDestroyPipeline(315)) - destroying pipeline:Pipeline[ Id: d6c3d754-b5e5-4dee-9a1a-57438e3a19af, Nodes: e517ceab-692d-4b3d-be19-c78fe19f8521{ip: 192.168.157.245, host: pr-hdds-2266-b8s26-4239225152, networkLocation: /default-rack, certSerialId: null}, Type:RATIS, Factor:ONE, State:OPEN]
2019-10-10 00:02:13,135 [EventQueue-StaleNodeForStaleNodeHandler] INFO  pipeline.PipelineStateManager (PipelineStateManager.java:finalizePipeline(123)) - Pipeline Pipeline[ Id: d6c3d754-b5e5-4dee-9a1a-57438e3a19af, Nodes: e517ceab-692d-4b3d-be19-c78fe19f8521{ip: 192.168.157.245, host: pr-hdds-2266-b8s26-4239225152, networkLocation: /default-rack, certSerialId: null}, Type:RATIS, Factor:ONE, State:CLOSED] moved to CLOSED state
2019-10-10 00:02:13,136 [EventQueue-StaleNodeForStaleNodeHandler] INFO  pipeline.SCMPipelineManager (SCMPipelineManager.java:finalizeAndDestroyPipeline(315)) - destroying pipeline:Pipeline[ Id: 318a8b8e-c3a5-4d07-b78d-07aa0de1a093, Nodes: c7e361df-6228-44a4-8291-3b3f953e0ab1{ip: 192.168.157.245, host: pr-hdds-2266-b8s26-4239225152, networkLocation: /default-rack, certSerialId: null}19bebc76-81c6-41a3-97e5-91afe2c3a386{ip: 192.168.157.245, host: pr-hdds-2266-b8s26-4239225152, networkLocation: /default-rack, certSerialId: null}e517ceab-692d-4b3d-be19-c78fe19f8521{ip: 192.168.157.245, host: pr-hdds-2266-b8s26-4239225152, networkLocation: /default-rack, certSerialId: null}, Type:RATIS, Factor:THREE, State:CLOSED]
2019-10-10 00:02:13,323 [ForkJoinPool.commonPool-worker-1] INFO  ozoneimpl.OzoneContainer (OzoneContainer.java:stop(227)) - Attempting to stop container services.
2019-10-10 00:02:13,323 [main] INFO  ozoneimpl.OzoneContainer (OzoneContainer.java:stop(227)) - Attempting to stop container services.
2019-10-10 00:02:13,328 [ForkJoinPool.commonPool-worker-1] INFO  impl.RaftServerProxy (RaftServerProxy.java:lambda$close$4(314)) - 9386b9a1-795a-4fcc-8e16-52cccb22d193: close
2019-10-10 00:02:13,329 [main] INFO  impl.RaftServerProxy (RaftServerProxy.java:lambda$close$4(314)) - e517ceab-692d-4b3d-be19-c78fe19f8521: close
2019-10-10 00:02:13,329 [ForkJoinPool.commonPool-worker-1] INFO  impl.RaftServerImpl (RaftServerImpl.java:lambda$shutdown$3(247)) - 9386b9a1-795a-4fcc-8e16-52cccb22d193@group-2D2D1A484D35: shutdown
2019-10-10 00:02:13,329 [main] INFO  impl.RaftServerImpl (RaftServerImpl.java:lambda$shutdown$3(247)) - e517ceab-692d-4b3d-be19-c78fe19f8521@group-57438E3A19AF: shutdown
2019-10-10 00:02:13,329 [ForkJoinPool.commonPool-worker-1] INFO  util.JmxRegister (JmxRegister.java:unregister(73)) - Successfully un-registered JMX Bean with object name Ratis:service=RaftServer,group=group-2D2D1A484D35,id=9386b9a1-795a-4fcc-8e16-52cccb22d193
2019-10-10 00:02:13,330 [main] INFO  util.JmxRegister (JmxRegister.java:unregister(73)) - Successfully un-registered JMX Bean with object name Ratis:service=RaftServer,group=group-57438E3A19AF,id=e517ceab-692d-4b3d-be19-c78fe19f8521
2019-10-10 00:02:13,330 [ForkJoinPool.commonPool-worker-1] INFO  impl.RoleInfo (RoleInfo.java:shutdownLeaderState(104)) - 9386b9a1-795a-4fcc-8e16-52cccb22d193: shutdown LeaderState
2019-10-10 00:02:13,330 [main] INFO  impl.RoleInfo (RoleInfo.java:shutdownLeaderState(104)) - e517ceab-692d-4b3d-be19-c78fe19f8521: shutdown LeaderState
2019-10-10 00:02:13,333 [org.apache.ratis.server.impl.LogAppender$AppenderDaemon$$Lambda$528/767917100@22b0cbaf] WARN  server.GrpcLogAppender (GrpcLogAppender.java:mayWait(143)) - 9386b9a1-795a-4fcc-8e16-52cccb22d193@group-2D2D1A484D35->637124dd-f406-45d2-84f3-876d285ded15-GrpcLogAppender: Wait interrupted by java.lang.InterruptedException
2019-10-10 00:02:13,333 [ForkJoinPool.commonPool-worker-1] INFO  impl.PendingRequests (PendingRequests.java:sendNotLeaderResponses(202)) - 9386b9a1-795a-4fcc-8e16-52cccb22d193@group-2D2D1A484D35-PendingRequests: sendNotLeaderResponses
2019-10-10 00:02:13,333 [org.apache.ratis.server.impl.LogAppender$AppenderDaemon$$Lambda$528/767917100@1e54ddfe] WARN  server.GrpcLogAppender (GrpcLogAppender.java:mayWait(143)) - 9386b9a1-795a-4fcc-8e16-52cccb22d193@group-2D2D1A484D35->44809ed9-9065-491d-9993-3d85ca8eea00-GrpcLogAppender: Wait interrupted by java.lang.InterruptedException
2019-10-10 00:02:13,334 [main] INFO  impl.PendingRequests (PendingRequests.java:sendNotLeaderResponses(202)) - e517ceab-692d-4b3d-be19-c78fe19f8521@group-57438E3A19AF-PendingRequests: sendNotLeaderResponses
2019-10-10 00:02:13,336 [main] INFO  impl.StateMachineUpdater (StateMachineUpdater.java:stopAndJoin(136)) - e517ceab-692d-4b3d-be19-c78fe19f8521@group-57438E3A19AF-StateMachineUpdater: set stopIndex = 0
2019-10-10 00:02:13,336 [ForkJoinPool.commonPool-worker-1] INFO  impl.StateMachineUpdater (StateMachineUpdater.java:stopAndJoin(136)) - 9386b9a1-795a-4fcc-8e16-52cccb22d193@group-2D2D1A484D35-StateMachineUpdater: set stopIndex = 33
2019-10-10 00:02:13,336 [9386b9a1-795a-4fcc-8e16-52cccb22d193@group-2D2D1A484D35-StateMachineUpdater] INFO  ratis.ContainerStateMachine (ContainerStateMachine.java:takeSnapshot(294)) - group-2D2D1A484D35: Taking a snapshot at:(t:2, i:31) file /workdir/hadoop-ozone/integration-test/target/test-dir/MiniOzoneClusterImpl-108913ae-be94-45ca-ae83-5210113f037a/datanode-2/data/ratis/6cc10616-78bd-4271-8898-2d2d1a484d35/sm/snapshot.2_31
2019-10-10 00:02:13,336 [grpc-default-executor-1] INFO  server.GrpcServerProtocolService (GrpcServerProtocolService.java:onCompleted(113)) - 44809ed9-9065-491d-9993-3d85ca8eea00: Completed APPEND_ENTRIES, lastRequest: 9386b9a1-795a-4fcc-8e16-52cccb22d193->44809ed9-9065-491d-9993-3d85ca8eea00#38-t2, previous=(t:2, i:33), leaderCommit=33, initializing? false, entries: <empty>
2019-10-10 00:02:13,337 [main] INFO  impl.RaftServerImpl (ServerState.java:close(387)) - e517ceab-692d-4b3d-be19-c78fe19f8521@group-57438E3A19AF: closes. applyIndex: 0
2019-10-10 00:02:13,337 [e517ceab-692d-4b3d-be19-c78fe19f8521@group-57438E3A19AF-SegmentedRaftLogWorker] INFO  segmented.SegmentedRaftLogWorker (SegmentedRaftLogWorker.java:run(316)) - e517ceab-692d-4b3d-be19-c78fe19f8521@group-57438E3A19AF-SegmentedRaftLogWorker was interrupted, exiting. There are 0 tasks remaining in the queue.
2019-10-10 00:02:13,337 [grpc-default-executor-4] INFO  server.GrpcLogAppender (GrpcLogAppender.java:onCompleted(293)) - 9386b9a1-795a-4fcc-8e16-52cccb22d193@group-2D2D1A484D35->44809ed9-9065-491d-9993-3d85ca8eea00-AppendLogResponseHandler: follower responses appendEntries COMPLETED
2019-10-10 00:02:13,338 [main] INFO  segmented.SegmentedRaftLogWorker (SegmentedRaftLogWorker.java:close(224)) - e517ceab-692d-4b3d-be19-c78fe19f8521@group-57438E3A19AF-SegmentedRaftLogWorker close()
2019-10-10 00:02:13,340 [main] INFO  impl.RaftServerImpl (RaftServerImpl.java:lambda$shutdown$3(247)) - e517ceab-692d-4b3d-be19-c78fe19f8521@group-07AA0DE1A093: shutdown
2019-10-10 00:02:13,340 [grpc-default-executor-4] INFO  impl.FollowerInfo (FollowerInfo.java:lambda$new$0(51)) - 9386b9a1-795a-4fcc-8e16-52cccb22d193@group-2D2D1A484D35->44809ed9-9065-491d-9993-3d85ca8eea00: nextIndex: updateUnconditionally 34 -> 33
2019-10-10 00:02:13,340 [main] INFO  util.JmxRegister (JmxRegister.java:unregister(73)) - Successfully un-registered JMX Bean with object name Ratis:service=RaftServer,group=group-07AA0DE1A093,id=e517ceab-692d-4b3d-be19-c78fe19f8521
2019-10-10 00:02:13,340 [main] INFO  impl.RoleInfo (RoleInfo.java:shutdownFollowerState(121)) - e517ceab-692d-4b3d-be19-c78fe19f8521: shutdown FollowerState
2019-10-10 00:02:13,341 [main] INFO  impl.StateMachineUpdater (StateMachineUpdater.java:stopAndJoin(136)) - e517ceab-692d-4b3d-be19-c78fe19f8521@group-07AA0DE1A093-StateMachineUpdater: set stopIndex = 4
2019-10-10 00:02:13,341 [Thread-3962] INFO  impl.FollowerState (FollowerState.java:run(117)) - e517ceab-692d-4b3d-be19-c78fe19f8521@group-07AA0DE1A093-FollowerState was interrupted: java.lang.InterruptedException: sleep interrupted
2019-10-10 00:02:13,341 [e517ceab-692d-4b3d-be19-c78fe19f8521@group-07AA0DE1A093-StateMachineUpdater] INFO  ratis.ContainerStateMachine (ContainerStateMachine.java:takeSnapshot(294)) - group-07AA0DE1A093: Taking a snapshot at:(t:1, i:3) file /workdir/hadoop-ozone/integration-test/target/test-dir/MiniOzoneClusterImpl-108913ae-be94-45ca-ae83-5210113f037a/datanode-3/data/ratis/318a8b8e-c3a5-4d07-b78d-07aa0de1a093/sm/snapshot.1_3
2019-10-10 00:02:13,369 [9386b9a1-795a-4fcc-8e16-52cccb22d193@group-2D2D1A484D35-StateMachineUpdater] INFO  ratis.ContainerStateMachine (ContainerStateMachine.java:takeSnapshot(305)) - group-2D2D1A484D35: Finished taking a snapshot at:(t:2, i:31) file:/workdir/hadoop-ozone/integration-test/target/test-dir/MiniOzoneClusterImpl-108913ae-be94-45ca-ae83-5210113f037a/datanode-2/data/ratis/6cc10616-78bd-4271-8898-2d2d1a484d35/sm/snapshot.2_31 time:33
2019-10-10 00:02:13,369 [e517ceab-692d-4b3d-be19-c78fe19f8521@group-07AA0DE1A093-StateMachineUpdater] INFO  ratis.ContainerStateMachine (ContainerStateMachine.java:takeSnapshot(305)) - group-07AA0DE1A093: Finished taking a snapshot at:(t:1, i:3) file:/workdir/hadoop-ozone/integration-test/target/test-dir/MiniOzoneClusterImpl-108913ae-be94-45ca-ae83-5210113f037a/datanode-3/data/ratis/318a8b8e-c3a5-4d07-b78d-07aa0de1a093/sm/snapshot.1_3 time:29
2019-10-10 00:02:13,370 [9386b9a1-795a-4fcc-8e16-52cccb22d193@group-2D2D1A484D35-StateMachineUpdater] INFO  impl.StateMachineUpdater (StateMachineUpdater.java:takeSnapshot(269)) - 9386b9a1-795a-4fcc-8e16-52cccb22d193@group-2D2D1A484D35-StateMachineUpdater: Took a snapshot at index 31
2019-10-10 00:02:13,370 [e517ceab-692d-4b3d-be19-c78fe19f8521@group-07AA0DE1A093-StateMachineUpdater] INFO  impl.StateMachineUpdater (StateMachineUpdater.java:takeSnapshot(269)) - e517ceab-692d-4b3d-be19-c78fe19f8521@group-07AA0DE1A093-StateMachineUpdater: Took a snapshot at index 3
2019-10-10 00:02:13,370 [9386b9a1-795a-4fcc-8e16-52cccb22d193@group-2D2D1A484D35-StateMachineUpdater] INFO  impl.StateMachineUpdater (StateMachineUpdater.java:lambda$new$0(84)) - 9386b9a1-795a-4fcc-8e16-52cccb22d193@group-2D2D1A484D35-StateMachineUpdater: snapshotIndex: updateIncreasingly -1 -> 31
2019-10-10 00:02:13,370 [e517ceab-692d-4b3d-be19-c78fe19f8521@group-07AA0DE1A093-StateMachineUpdater] INFO  impl.StateMachineUpdater (StateMachineUpdater.java:lambda$new$0(84)) - e517ceab-692d-4b3d-be19-c78fe19f8521@group-07AA0DE1A093-StateMachineUpdater: snapshotIndex: updateIncreasingly -1 -> 3
2019-10-10 00:02:13,370 [9386b9a1-795a-4fcc-8e16-52cccb22d193@group-2D2D1A484D35-StateMachineUpdater] INFO  ratis.ContainerStateMachine (ContainerStateMachine.java:takeSnapshot(294)) - group-2D2D1A484D35: Taking a snapshot at:(t:2, i:31) file /workdir/hadoop-ozone/integration-test/target/test-dir/MiniOzoneClusterImpl-108913ae-be94-45ca-ae83-5210113f037a/datanode-2/data/ratis/6cc10616-78bd-4271-8898-2d2d1a484d35/sm/snapshot.2_31
2019-10-10 00:02:13,370 [e517ceab-692d-4b3d-be19-c78fe19f8521@group-07AA0DE1A093-StateMachineUpdater] INFO  ratis.ContainerStateMachine (ContainerStateMachine.java:takeSnapshot(294)) - group-07AA0DE1A093: Taking a snapshot at:(t:1, i:3) file /workdir/hadoop-ozone/integration-test/target/test-dir/MiniOzoneClusterImpl-108913ae-be94-45ca-ae83-5210113f037a/datanode-3/data/ratis/318a8b8e-c3a5-4d07-b78d-07aa0de1a093/sm/snapshot.1_3
2019-10-10 00:02:13,395 [e517ceab-692d-4b3d-be19-c78fe19f8521@group-07AA0DE1A093-StateMachineUpdater] INFO  ratis.ContainerStateMachine (ContainerStateMachine.java:takeSnapshot(305)) - group-07AA0DE1A093: Finished taking a snapshot at:(t:1, i:3) file:/workdir/hadoop-ozone/integration-test/target/test-dir/MiniOzoneClusterImpl-108913ae-be94-45ca-ae83-5210113f037a/datanode-3/data/ratis/318a8b8e-c3a5-4d07-b78d-07aa0de1a093/sm/snapshot.1_3 time:24
2019-10-10 00:02:13,395 [9386b9a1-795a-4fcc-8e16-52cccb22d193@group-2D2D1A484D35-StateMachineUpdater] INFO  ratis.ContainerStateMachine (ContainerStateMachine.java:takeSnapshot(305)) - group-2D2D1A484D35: Finished taking a snapshot at:(t:2, i:31) file:/workdir/hadoop-ozone/integration-test/target/test-dir/MiniOzoneClusterImpl-108913ae-be94-45ca-ae83-5210113f037a/datanode-2/data/ratis/6cc10616-78bd-4271-8898-2d2d1a484d35/sm/snapshot.2_31 time:24
2019-10-10 00:02:13,395 [e517ceab-692d-4b3d-be19-c78fe19f8521@group-07AA0DE1A093-StateMachineUpdater] INFO  impl.StateMachineUpdater (StateMachineUpdater.java:takeSnapshot(269)) - e517ceab-692d-4b3d-be19-c78fe19f8521@group-07AA0DE1A093-StateMachineUpdater: Took a snapshot at index 3
2019-10-10 00:02:13,395 [9386b9a1-795a-4fcc-8e16-52cccb22d193@group-2D2D1A484D35-StateMachineUpdater] INFO  impl.StateMachineUpdater (StateMachineUpdater.java:takeSnapshot(269)) - 9386b9a1-795a-4fcc-8e16-52cccb22d193@group-2D2D1A484D35-StateMachineUpdater: Took a snapshot at index 31
2019-10-10 00:02:13,395 [e517ceab-692d-4b3d-be19-c78fe19f8521@group-07AA0DE1A093-StateMachineUpdater] INFO  impl.StateMachineUpdater (StateMachineUpdater.java:lambda$new$0(84)) - e517ceab-692d-4b3d-be19-c78fe19f8521@group-07AA0DE1A093-StateMachineUpdater: snapshotIndex: updateIncreasingly 3 -> 3
2019-10-10 00:02:13,395 [9386b9a1-795a-4fcc-8e16-52cccb22d193@group-2D2D1A484D35-StateMachineUpdater] INFO  impl.StateMachineUpdater (StateMachineUpdater.java:lambda$new$0(84)) - 9386b9a1-795a-4fcc-8e16-52cccb22d193@group-2D2D1A484D35-StateMachineUpdater: snapshotIndex: updateIncreasingly 31 -> 31
2019-10-10 00:02:13,395 [main] INFO  impl.RaftServerImpl (ServerState.java:close(387)) - e517ceab-692d-4b3d-be19-c78fe19f8521@group-07AA0DE1A093: closes. applyIndex: 4
2019-10-10 00:02:13,395 [ForkJoinPool.commonPool-worker-1] INFO  impl.RaftServerImpl (ServerState.java:close(387)) - 9386b9a1-795a-4fcc-8e16-52cccb22d193@group-2D2D1A484D35: closes. applyIndex: 33
2019-10-10 00:02:13,396 [e517ceab-692d-4b3d-be19-c78fe19f8521@group-07AA0DE1A093-SegmentedRaftLogWorker] INFO  segmented.SegmentedRaftLogWorker (SegmentedRaftLogWorker.java:run(316)) - e517ceab-692d-4b3d-be19-c78fe19f8521@group-07AA0DE1A093-SegmentedRaftLogWorker was interrupted, exiting. There are 0 tasks remaining in the queue.
2019-10-10 00:02:13,396 [9386b9a1-795a-4fcc-8e16-52cccb22d193@group-2D2D1A484D35-SegmentedRaftLogWorker] INFO  segmented.SegmentedRaftLogWorker (SegmentedRaftLogWorker.java:run(316)) - 9386b9a1-795a-4fcc-8e16-52cccb22d193@group-2D2D1A484D35-SegmentedRaftLogWorker was interrupted, exiting. There are 0 tasks remaining in the queue.
2019-10-10 00:02:13,396 [main] INFO  segmented.SegmentedRaftLogWorker (SegmentedRaftLogWorker.java:close(224)) - e517ceab-692d-4b3d-be19-c78fe19f8521@group-07AA0DE1A093-SegmentedRaftLogWorker close()
2019-10-10 00:02:13,396 [ForkJoinPool.commonPool-worker-1] INFO  segmented.SegmentedRaftLogWorker (SegmentedRaftLogWorker.java:close(224)) - 9386b9a1-795a-4fcc-8e16-52cccb22d193@group-2D2D1A484D35-SegmentedRaftLogWorker close()
2019-10-10 00:02:13,398 [main] INFO  server.GrpcService (GrpcService.java:closeImpl(164)) - e517ceab-692d-4b3d-be19-c78fe19f8521: shutdown server with port 44325 now
2019-10-10 00:02:13,400 [ForkJoinPool.commonPool-worker-1] INFO  impl.RaftServerImpl (RaftServerImpl.java:lambda$shutdown$3(247)) - 9386b9a1-795a-4fcc-8e16-52cccb22d193@group-917E67F4410C: shutdown
2019-10-10 00:02:13,400 [ForkJoinPool.commonPool-worker-1] INFO  util.JmxRegister (JmxRegister.java:unregister(73)) - Successfully un-registered JMX Bean with object name Ratis:service=RaftServer,group=group-917E67F4410C,id=9386b9a1-795a-4fcc-8e16-52cccb22d193
2019-10-10 00:02:13,400 [ForkJoinPool.commonPool-worker-1] INFO  impl.RoleInfo (RoleInfo.java:shutdownLeaderState(104)) - 9386b9a1-795a-4fcc-8e16-52cccb22d193: shutdown LeaderState
2019-10-10 00:02:13,400 [main] INFO  server.GrpcService (GrpcService.java:closeImpl(172)) - e517ceab-692d-4b3d-be19-c78fe19f8521: shutdown server with port 44325 successfully
2019-10-10 00:02:13,401 [ForkJoinPool.commonPool-worker-1] INFO  impl.PendingRequests (PendingRequests.java:sendNotLeaderResponses(202)) - 9386b9a1-795a-4fcc-8e16-52cccb22d193@group-917E67F4410C-PendingRequests: sendNotLeaderResponses
2019-10-10 00:02:13,401 [ForkJoinPool.commonPool-worker-1] INFO  impl.StateMachineUpdater (StateMachineUpdater.java:stopAndJoin(136)) - 9386b9a1-795a-4fcc-8e16-52cccb22d193@group-917E67F4410C-StateMachineUpdater: set stopIndex = 0
2019-10-10 00:02:13,402 [ForkJoinPool.commonPool-worker-1] INFO  impl.RaftServerImpl (ServerState.java:close(387)) - 9386b9a1-795a-4fcc-8e16-52cccb22d193@group-917E67F4410C: closes. applyIndex: 0
2019-10-10 00:02:13,403 [9386b9a1-795a-4fcc-8e16-52cccb22d193@group-917E67F4410C-SegmentedRaftLogWorker] INFO  segmented.SegmentedRaftLogWorker (SegmentedRaftLogWorker.java:run(316)) - 9386b9a1-795a-4fcc-8e16-52cccb22d193@group-917E67F4410C-SegmentedRaftLogWorker was interrupted, exiting. There are 0 tasks remaining in the queue.
2019-10-10 00:02:13,403 [ForkJoinPool.commonPool-worker-1] INFO  segmented.SegmentedRaftLogWorker (SegmentedRaftLogWorker.java:close(224)) - 9386b9a1-795a-4fcc-8e16-52cccb22d193@group-917E67F4410C-SegmentedRaftLogWorker close()
2019-10-10 00:02:13,405 [ForkJoinPool.commonPool-worker-1] INFO  server.GrpcService (GrpcService.java:closeImpl(164)) - 9386b9a1-795a-4fcc-8e16-52cccb22d193: shutdown server with port 39809 now
2019-10-10 00:02:13,406 [grpc-default-executor-1] WARN  client.GrpcClientProtocolService (LogUtils.java:warn(134)) - 5-UnorderedRequestStreamObserver5: onError: org.apache.ratis.thirdparty.io.grpc.StatusRuntimeException: CANCELLED: cancelled before receiving half close
2019-10-10 00:02:13,406 [refreshUsed-/workdir/hadoop-ozone/integration-test/target/test-dir/MiniOzoneClusterImpl-108913ae-be94-45ca-ae83-5210113f037a/datanode-3/data/containers] WARN  fs.CachingGetSpaceUsed (CachingGetSpaceUsed.java:run(183)) - Thread Interrupted waiting to refresh disk information: sleep interrupted
2019-10-10 00:02:13,406 [ForkJoinPool.commonPool-worker-1] INFO  server.GrpcService (GrpcService.java:closeImpl(172)) - 9386b9a1-795a-4fcc-8e16-52cccb22d193: shutdown server with port 39809 successfully
2019-10-10 00:02:13,409 [refreshUsed-/workdir/hadoop-ozone/integration-test/target/test-dir/MiniOzoneClusterImpl-108913ae-be94-45ca-ae83-5210113f037a/datanode-2/data/containers] WARN  fs.CachingGetSpaceUsed (CachingGetSpaceUsed.java:run(183)) - Thread Interrupted waiting to refresh disk information: sleep interrupted
2019-10-10 00:02:13,422 [main] INFO  utils.BackgroundService (BackgroundService.java:shutdown(151)) - Shutting down service BlockDeletingService
2019-10-10 00:02:13,427 [main] INFO  statemachine.DatanodeStateMachine (DatanodeStateMachine.java:stopDaemon(395)) - Ozone container server stopped.
2019-10-10 00:02:13,427 [ForkJoinPool.commonPool-worker-1] INFO  utils.BackgroundService (BackgroundService.java:shutdown(151)) - Shutting down service BlockDeletingService
2019-10-10 00:02:13,432 [ForkJoinPool.commonPool-worker-1] INFO  statemachine.DatanodeStateMachine (DatanodeStateMachine.java:stopDaemon(395)) - Ozone container server stopped.
2019-10-10 00:02:13,436 [main] INFO  handler.ContextHandler (ContextHandler.java:doStop(910)) - Stopped o.e.j.w.WebAppContext@12e007be{/,null,UNAVAILABLE}{/hddsDatanode}
2019-10-10 00:02:13,437 [ForkJoinPool.commonPool-worker-1] INFO  handler.ContextHandler (ContextHandler.java:doStop(910)) - Stopped o.e.j.w.WebAppContext@49631cfb{/,null,UNAVAILABLE}{/hddsDatanode}
2019-10-10 00:02:13,438 [main] INFO  server.AbstractConnector (AbstractConnector.java:doStop(318)) - Stopped ServerConnector@3335afcf{HTTP/1.1,[http/1.1]}{0.0.0.0:0}
2019-10-10 00:02:13,438 [main] INFO  handler.ContextHandler (ContextHandler.java:doStop(910)) - Stopped o.e.j.s.ServletContextHandler@1bb96449{/static,jar:file:/home/user/.m2/repository/org/apache/hadoop/hadoop-hdds-container-service/0.5.0-SNAPSHOT/hadoop-hdds-container-service-0.5.0-SNAPSHOT.jar!/webapps/static,UNAVAILABLE}
2019-10-10 00:02:13,438 [ForkJoinPool.commonPool-worker-1] INFO  server.AbstractConnector (AbstractConnector.java:doStop(318)) - Stopped ServerConnector@77b71c9{HTTP/1.1,[http/1.1]}{0.0.0.0:0}
2019-10-10 00:02:13,438 [main] INFO  handler.ContextHandler (ContextHandler.java:doStop(910)) - Stopped o.e.j.s.ServletContextHandler@50ff7063{/logs,file:///workdir/hadoop-ozone/integration-test/target/log,UNAVAILABLE}
2019-10-10 00:02:13,440 [ForkJoinPool.commonPool-worker-1] INFO  handler.ContextHandler (ContextHandler.java:doStop(910)) - Stopped o.e.j.s.ServletContextHandler@455f4483{/static,jar:file:/home/user/.m2/repository/org/apache/hadoop/hadoop-hdds-container-service/0.5.0-SNAPSHOT/hadoop-hdds-container-service-0.5.0-SNAPSHOT.jar!/webapps/static,UNAVAILABLE}
2019-10-10 00:02:13,442 [ForkJoinPool.commonPool-worker-1] INFO  handler.ContextHandler (ContextHandler.java:doStop(910)) - Stopped o.e.j.s.ServletContextHandler@368424db{/logs,file:///workdir/hadoop-ozone/integration-test/target/log,UNAVAILABLE}
2019-10-10 00:02:13,619 [Datanode State Machine Thread - 0] INFO  statemachine.DatanodeStateMachine (DatanodeStateMachine.java:lambda$startDaemon$0(350)) - Ozone container server started.
2019-10-10 00:02:14,079 [Datanode State Machine Thread - 0] INFO  statemachine.DatanodeStateMachine (DatanodeStateMachine.java:lambda$startDaemon$0(350)) - Ozone container server started.
2019-10-10 00:02:14,219 [Thread-3970] INFO  impl.FollowerState (FollowerState.java:run(108)) - 19bebc76-81c6-41a3-97e5-91afe2c3a386@group-07AA0DE1A093-FollowerState: change to CANDIDATE, lastRpcTime:6100ms, electionTimeout:5062ms
2019-10-10 00:02:14,219 [Thread-3970] INFO  impl.RoleInfo (RoleInfo.java:shutdownFollowerState(121)) - 19bebc76-81c6-41a3-97e5-91afe2c3a386: shutdown FollowerState
2019-10-10 00:02:14,219 [Thread-3970] INFO  impl.RaftServerImpl (RaftServerImpl.java:setRole(170)) - 19bebc76-81c6-41a3-97e5-91afe2c3a386@group-07AA0DE1A093: changes role from  FOLLOWER to CANDIDATE at term 1 for changeToCandidate
2019-10-10 00:02:14,219 [Thread-3970] INFO  impl.RoleInfo (RoleInfo.java:updateAndGet(143)) - 19bebc76-81c6-41a3-97e5-91afe2c3a386: start LeaderElection
2019-10-10 00:02:14,220 [19bebc76-81c6-41a3-97e5-91afe2c3a386@group-07AA0DE1A093-LeaderElection100] INFO  impl.RaftServerImpl (ServerState.java:setLeader(255)) - 19bebc76-81c6-41a3-97e5-91afe2c3a386@group-07AA0DE1A093: change Leader from c7e361df-6228-44a4-8291-3b3f953e0ab1 to null at term 1 for initElection
2019-10-10 00:02:14,244 [19bebc76-81c6-41a3-97e5-91afe2c3a386@group-07AA0DE1A093-LeaderElection100] INFO  impl.LeaderElection (LeaderElection.java:askForVotes(178)) - 19bebc76-81c6-41a3-97e5-91afe2c3a386@group-07AA0DE1A093-LeaderElection100: begin an election at term 2 for 0: [c7e361df-6228-44a4-8291-3b3f953e0ab1:192.168.157.245:38253, 19bebc76-81c6-41a3-97e5-91afe2c3a386:192.168.157.245:44158, e517ceab-692d-4b3d-be19-c78fe19f8521:192.168.157.245:44325], old=null
2019-10-10 00:02:14,246 [19bebc76-81c6-41a3-97e5-91afe2c3a386@group-07AA0DE1A093-LeaderElection100] INFO  impl.LeaderElection (LogUtils.java:infoOrTrace(149)) - 19bebc76-81c6-41a3-97e5-91afe2c3a386@group-07AA0DE1A093-LeaderElection100 got exception when requesting votes: {}
java.util.concurrent.ExecutionException: org.apache.ratis.thirdparty.io.grpc.StatusRuntimeException: UNAVAILABLE: io exception
	at java.util.concurrent.FutureTask.report(FutureTask.java:122)
	at java.util.concurrent.FutureTask.get(FutureTask.java:192)
	at org.apache.ratis.server.impl.LeaderElection.waitForResults(LeaderElection.java:259)
	at org.apache.ratis.server.impl.LeaderElection.askForVotes(LeaderElection.java:197)
	at org.apache.ratis.server.impl.LeaderElection.run(LeaderElection.java:133)
	at java.lang.Thread.run(Thread.java:748)
Caused by: org.apache.ratis.thirdparty.io.grpc.StatusRuntimeException: UNAVAILABLE: io exception
	at org.apache.ratis.thirdparty.io.grpc.stub.ClientCalls.toStatusRuntimeException(ClientCalls.java:233)
	at org.apache.ratis.thirdparty.io.grpc.stub.ClientCalls.getUnchecked(ClientCalls.java:214)
	at org.apache.ratis.thirdparty.io.grpc.stub.ClientCalls.blockingUnaryCall(ClientCalls.java:139)
	at org.apache.ratis.proto.grpc.RaftServerProtocolServiceGrpc$RaftServerProtocolServiceBlockingStub.requestVote(RaftServerProtocolServiceGrpc.java:265)
	at org.apache.ratis.grpc.server.GrpcServerProtocolClient.requestVote(GrpcServerProtocolClient.java:99)
	at org.apache.ratis.grpc.server.GrpcService.requestVote(GrpcService.java:204)
	at org.apache.ratis.server.impl.LeaderElection.lambda$submitRequests$1(LeaderElection.java:234)
	at java.util.concurrent.FutureTask.run(FutureTask.java:266)
	at java.util.concurrent.Executors$RunnableAdapter.call(Executors.java:511)
	at java.util.concurrent.FutureTask.run(FutureTask.java:266)
	at java.util.concurrent.ThreadPoolExecutor.runWorker(ThreadPoolExecutor.java:1149)
	at java.util.concurrent.ThreadPoolExecutor$Worker.run(ThreadPoolExecutor.java:624)
	... 1 more
Caused by: org.apache.ratis.thirdparty.io.netty.channel.AbstractChannel$AnnotatedConnectException: Connection refused: /192.168.157.245:38253
	at sun.nio.ch.SocketChannelImpl.checkConnect(Native Method)
	at sun.nio.ch.SocketChannelImpl.finishConnect(SocketChannelImpl.java:717)
	at org.apache.ratis.thirdparty.io.netty.channel.socket.nio.NioSocketChannel.doFinishConnect(NioSocketChannel.java:327)
	at org.apache.ratis.thirdparty.io.netty.channel.nio.AbstractNioChannel$AbstractNioUnsafe.finishConnect(AbstractNioChannel.java:340)
	at org.apache.ratis.thirdparty.io.netty.channel.nio.NioEventLoop.processSelectedKey(NioEventLoop.java:632)
	at org.apache.ratis.thirdparty.io.netty.channel.nio.NioEventLoop.processSelectedKeysOptimized(NioEventLoop.java:579)
	at org.apache.ratis.thirdparty.io.netty.channel.nio.NioEventLoop.processSelectedKeys(NioEventLoop.java:496)
	at org.apache.ratis.thirdparty.io.netty.channel.nio.NioEventLoop.run(NioEventLoop.java:458)
	at org.apache.ratis.thirdparty.io.netty.util.concurrent.SingleThreadEventExecutor$5.run(SingleThreadEventExecutor.java:897)
	at org.apache.ratis.thirdparty.io.netty.util.concurrent.FastThreadLocalRunnable.run(FastThreadLocalRunnable.java:30)
	... 1 more
Caused by: java.net.ConnectException: Connection refused
	... 11 more
2019-10-10 00:02:14,249 [19bebc76-81c6-41a3-97e5-91afe2c3a386@group-07AA0DE1A093-LeaderElection100] INFO  impl.LeaderElection (LogUtils.java:infoOrTrace(149)) - 19bebc76-81c6-41a3-97e5-91afe2c3a386@group-07AA0DE1A093-LeaderElection100 got exception when requesting votes: {}
java.util.concurrent.ExecutionException: org.apache.ratis.thirdparty.io.grpc.StatusRuntimeException: UNAVAILABLE: io exception
	at java.util.concurrent.FutureTask.report(FutureTask.java:122)
	at java.util.concurrent.FutureTask.get(FutureTask.java:192)
	at org.apache.ratis.server.impl.LeaderElection.waitForResults(LeaderElection.java:259)
	at org.apache.ratis.server.impl.LeaderElection.askForVotes(LeaderElection.java:197)
	at org.apache.ratis.server.impl.LeaderElection.run(LeaderElection.java:133)
	at java.lang.Thread.run(Thread.java:748)
Caused by: org.apache.ratis.thirdparty.io.grpc.StatusRuntimeException: UNAVAILABLE: io exception
	at org.apache.ratis.thirdparty.io.grpc.stub.ClientCalls.toStatusRuntimeException(ClientCalls.java:233)
	at org.apache.ratis.thirdparty.io.grpc.stub.ClientCalls.getUnchecked(ClientCalls.java:214)
	at org.apache.ratis.thirdparty.io.grpc.stub.ClientCalls.blockingUnaryCall(ClientCalls.java:139)
	at org.apache.ratis.proto.grpc.RaftServerProtocolServiceGrpc$RaftServerProtocolServiceBlockingStub.requestVote(RaftServerProtocolServiceGrpc.java:265)
	at org.apache.ratis.grpc.server.GrpcServerProtocolClient.requestVote(GrpcServerProtocolClient.java:99)
	at org.apache.ratis.grpc.server.GrpcService.requestVote(GrpcService.java:204)
	at org.apache.ratis.server.impl.LeaderElection.lambda$submitRequests$1(LeaderElection.java:234)
	at java.util.concurrent.FutureTask.run(FutureTask.java:266)
	at java.util.concurrent.Executors$RunnableAdapter.call(Executors.java:511)
	at java.util.concurrent.FutureTask.run(FutureTask.java:266)
	at java.util.concurrent.ThreadPoolExecutor.runWorker(ThreadPoolExecutor.java:1149)
	at java.util.concurrent.ThreadPoolExecutor$Worker.run(ThreadPoolExecutor.java:624)
	... 1 more
Caused by: org.apache.ratis.thirdparty.io.netty.channel.AbstractChannel$AnnotatedConnectException: Connection refused: /192.168.157.245:44325
	at sun.nio.ch.SocketChannelImpl.checkConnect(Native Method)
	at sun.nio.ch.SocketChannelImpl.finishConnect(SocketChannelImpl.java:717)
	at org.apache.ratis.thirdparty.io.netty.channel.socket.nio.NioSocketChannel.doFinishConnect(NioSocketChannel.java:327)
	at org.apache.ratis.thirdparty.io.netty.channel.nio.AbstractNioChannel$AbstractNioUnsafe.finishConnect(AbstractNioChannel.java:340)
	at org.apache.ratis.thirdparty.io.netty.channel.nio.NioEventLoop.processSelectedKey(NioEventLoop.java:632)
	at org.apache.ratis.thirdparty.io.netty.channel.nio.NioEventLoop.processSelectedKeysOptimized(NioEventLoop.java:579)
	at org.apache.ratis.thirdparty.io.netty.channel.nio.NioEventLoop.processSelectedKeys(NioEventLoop.java:496)
	at org.apache.ratis.thirdparty.io.netty.channel.nio.NioEventLoop.run(NioEventLoop.java:458)
	at org.apache.ratis.thirdparty.io.netty.util.concurrent.SingleThreadEventExecutor$5.run(SingleThreadEventExecutor.java:897)
	at org.apache.ratis.thirdparty.io.netty.util.concurrent.FastThreadLocalRunnable.run(FastThreadLocalRunnable.java:30)
	... 1 more
Caused by: java.net.ConnectException: Connection refused
	... 11 more
2019-10-10 00:02:14,251 [19bebc76-81c6-41a3-97e5-91afe2c3a386@group-07AA0DE1A093-LeaderElection100] INFO  impl.LeaderElection (LeaderElection.java:logAndReturn(56)) - 19bebc76-81c6-41a3-97e5-91afe2c3a386@group-07AA0DE1A093-LeaderElection100: Election REJECTED; received 0 response(s) [] and 2 exception(s); 19bebc76-81c6-41a3-97e5-91afe2c3a386@group-07AA0DE1A093:t2, leader=null, voted=19bebc76-81c6-41a3-97e5-91afe2c3a386, raftlog=19bebc76-81c6-41a3-97e5-91afe2c3a386@group-07AA0DE1A093-SegmentedRaftLog:OPENED:c4,f4,i4, conf=0: [c7e361df-6228-44a4-8291-3b3f953e0ab1:192.168.157.245:38253, 19bebc76-81c6-41a3-97e5-91afe2c3a386:192.168.157.245:44158, e517ceab-692d-4b3d-be19-c78fe19f8521:192.168.157.245:44325], old=null
2019-10-10 00:02:14,251 [19bebc76-81c6-41a3-97e5-91afe2c3a386@group-07AA0DE1A093-LeaderElection100] INFO  impl.LeaderElection (LogUtils.java:infoOrTrace(149)) -   Exception 0: {}
java.util.concurrent.ExecutionException: org.apache.ratis.thirdparty.io.grpc.StatusRuntimeException: UNAVAILABLE: io exception
	at java.util.concurrent.FutureTask.report(FutureTask.java:122)
	at java.util.concurrent.FutureTask.get(FutureTask.java:192)
	at org.apache.ratis.server.impl.LeaderElection.waitForResults(LeaderElection.java:259)
	at org.apache.ratis.server.impl.LeaderElection.askForVotes(LeaderElection.java:197)
	at org.apache.ratis.server.impl.LeaderElection.run(LeaderElection.java:133)
	at java.lang.Thread.run(Thread.java:748)
Caused by: org.apache.ratis.thirdparty.io.grpc.StatusRuntimeException: UNAVAILABLE: io exception
	at org.apache.ratis.thirdparty.io.grpc.stub.ClientCalls.toStatusRuntimeException(ClientCalls.java:233)
	at org.apache.ratis.thirdparty.io.grpc.stub.ClientCalls.getUnchecked(ClientCalls.java:214)
	at org.apache.ratis.thirdparty.io.grpc.stub.ClientCalls.blockingUnaryCall(ClientCalls.java:139)
	at org.apache.ratis.proto.grpc.RaftServerProtocolServiceGrpc$RaftServerProtocolServiceBlockingStub.requestVote(RaftServerProtocolServiceGrpc.java:265)
	at org.apache.ratis.grpc.server.GrpcServerProtocolClient.requestVote(GrpcServerProtocolClient.java:99)
	at org.apache.ratis.grpc.server.GrpcService.requestVote(GrpcService.java:204)
	at org.apache.ratis.server.impl.LeaderElection.lambda$submitRequests$1(LeaderElection.java:234)
	at java.util.concurrent.FutureTask.run(FutureTask.java:266)
	at java.util.concurrent.Executors$RunnableAdapter.call(Executors.java:511)
	at java.util.concurrent.FutureTask.run(FutureTask.java:266)
	at java.util.concurrent.ThreadPoolExecutor.runWorker(ThreadPoolExecutor.java:1149)
	at java.util.concurrent.ThreadPoolExecutor$Worker.run(ThreadPoolExecutor.java:624)
	... 1 more
Caused by: org.apache.ratis.thirdparty.io.netty.channel.AbstractChannel$AnnotatedConnectException: Connection refused: /192.168.157.245:38253
	at sun.nio.ch.SocketChannelImpl.checkConnect(Native Method)
	at sun.nio.ch.SocketChannelImpl.finishConnect(SocketChannelImpl.java:717)
	at org.apache.ratis.thirdparty.io.netty.channel.socket.nio.NioSocketChannel.doFinishConnect(NioSocketChannel.java:327)
	at org.apache.ratis.thirdparty.io.netty.channel.nio.AbstractNioChannel$AbstractNioUnsafe.finishConnect(AbstractNioChannel.java:340)
	at org.apache.ratis.thirdparty.io.netty.channel.nio.NioEventLoop.processSelectedKey(NioEventLoop.java:632)
	at org.apache.ratis.thirdparty.io.netty.channel.nio.NioEventLoop.processSelectedKeysOptimized(NioEventLoop.java:579)
	at org.apache.ratis.thirdparty.io.netty.channel.nio.NioEventLoop.processSelectedKeys(NioEventLoop.java:496)
	at org.apache.ratis.thirdparty.io.netty.channel.nio.NioEventLoop.run(NioEventLoop.java:458)
	at org.apache.ratis.thirdparty.io.netty.util.concurrent.SingleThreadEventExecutor$5.run(SingleThreadEventExecutor.java:897)
	at org.apache.ratis.thirdparty.io.netty.util.concurrent.FastThreadLocalRunnable.run(FastThreadLocalRunnable.java:30)
	... 1 more
Caused by: java.net.ConnectException: Connection refused
	... 11 more
2019-10-10 00:02:14,251 [19bebc76-81c6-41a3-97e5-91afe2c3a386@group-07AA0DE1A093-LeaderElection100] INFO  impl.LeaderElection (LogUtils.java:infoOrTrace(149)) -   Exception 1: {}
java.util.concurrent.ExecutionException: org.apache.ratis.thirdparty.io.grpc.StatusRuntimeException: UNAVAILABLE: io exception
	at java.util.concurrent.FutureTask.report(FutureTask.java:122)
	at java.util.concurrent.FutureTask.get(FutureTask.java:192)
	at org.apache.ratis.server.impl.LeaderElection.waitForResults(LeaderElection.java:259)
	at org.apache.ratis.server.impl.LeaderElection.askForVotes(LeaderElection.java:197)
	at org.apache.ratis.server.impl.LeaderElection.run(LeaderElection.java:133)
	at java.lang.Thread.run(Thread.java:748)
Caused by: org.apache.ratis.thirdparty.io.grpc.StatusRuntimeException: UNAVAILABLE: io exception
	at org.apache.ratis.thirdparty.io.grpc.stub.ClientCalls.toStatusRuntimeException(ClientCalls.java:233)
	at org.apache.ratis.thirdparty.io.grpc.stub.ClientCalls.getUnchecked(ClientCalls.java:214)
	at org.apache.ratis.thirdparty.io.grpc.stub.ClientCalls.blockingUnaryCall(ClientCalls.java:139)
	at org.apache.ratis.proto.grpc.RaftServerProtocolServiceGrpc$RaftServerProtocolServiceBlockingStub.requestVote(RaftServerProtocolServiceGrpc.java:265)
	at org.apache.ratis.grpc.server.GrpcServerProtocolClient.requestVote(GrpcServerProtocolClient.java:99)
	at org.apache.ratis.grpc.server.GrpcService.requestVote(GrpcService.java:204)
	at org.apache.ratis.server.impl.LeaderElection.lambda$submitRequests$1(LeaderElection.java:234)
	at java.util.concurrent.FutureTask.run(FutureTask.java:266)
	at java.util.concurrent.Executors$RunnableAdapter.call(Executors.java:511)
	at java.util.concurrent.FutureTask.run(FutureTask.java:266)
	at java.util.concurrent.ThreadPoolExecutor.runWorker(ThreadPoolExecutor.java:1149)
	at java.util.concurrent.ThreadPoolExecutor$Worker.run(ThreadPoolExecutor.java:624)
	... 1 more
Caused by: org.apache.ratis.thirdparty.io.netty.channel.AbstractChannel$AnnotatedConnectException: Connection refused: /192.168.157.245:44325
	at sun.nio.ch.SocketChannelImpl.checkConnect(Native Method)
	at sun.nio.ch.SocketChannelImpl.finishConnect(SocketChannelImpl.java:717)
	at org.apache.ratis.thirdparty.io.netty.channel.socket.nio.NioSocketChannel.doFinishConnect(NioSocketChannel.java:327)
	at org.apache.ratis.thirdparty.io.netty.channel.nio.AbstractNioChannel$AbstractNioUnsafe.finishConnect(AbstractNioChannel.java:340)
	at org.apache.ratis.thirdparty.io.netty.channel.nio.NioEventLoop.processSelectedKey(NioEventLoop.java:632)
	at org.apache.ratis.thirdparty.io.netty.channel.nio.NioEventLoop.processSelectedKeysOptimized(NioEventLoop.java:579)
	at org.apache.ratis.thirdparty.io.netty.channel.nio.NioEventLoop.processSelectedKeys(NioEventLoop.java:496)
	at org.apache.ratis.thirdparty.io.netty.channel.nio.NioEventLoop.run(NioEventLoop.java:458)
	at org.apache.ratis.thirdparty.io.netty.util.concurrent.SingleThreadEventExecutor$5.run(SingleThreadEventExecutor.java:897)
	at org.apache.ratis.thirdparty.io.netty.util.concurrent.FastThreadLocalRunnable.run(FastThreadLocalRunnable.java:30)
	... 1 more
Caused by: java.net.ConnectException: Connection refused
	... 11 more
2019-10-10 00:02:14,251 [19bebc76-81c6-41a3-97e5-91afe2c3a386@group-07AA0DE1A093-LeaderElection100] INFO  impl.RaftServerImpl (RaftServerImpl.java:setRole(170)) - 19bebc76-81c6-41a3-97e5-91afe2c3a386@group-07AA0DE1A093: changes role from CANDIDATE to FOLLOWER at term 2 for DISCOVERED_A_NEW_TERM
2019-10-10 00:02:14,251 [19bebc76-81c6-41a3-97e5-91afe2c3a386@group-07AA0DE1A093-LeaderElection100] INFO  impl.RoleInfo (RoleInfo.java:shutdownLeaderElection(134)) - 19bebc76-81c6-41a3-97e5-91afe2c3a386: shutdown LeaderElection
2019-10-10 00:02:14,251 [19bebc76-81c6-41a3-97e5-91afe2c3a386@group-07AA0DE1A093-LeaderElection100] INFO  impl.RoleInfo (RoleInfo.java:updateAndGet(143)) - 19bebc76-81c6-41a3-97e5-91afe2c3a386: start FollowerState
2019-10-10 00:02:17,641 [EventQueue-StaleNodeForStaleNodeHandler] INFO  node.StaleNodeHandler (StaleNodeHandler.java:onMessage(58)) - Datanode 44809ed9-9065-491d-9993-3d85ca8eea00{ip: 192.168.157.245, host: pr-hdds-2266-b8s26-4239225152, networkLocation: /default-rack, certSerialId: null} moved to stale state. Finalizing its pipelines [PipelineID=6cc10616-78bd-4271-8898-2d2d1a484d35, PipelineID=4807d797-7687-4796-8d54-5044de855e58]
2019-10-10 00:02:17,645 [EventQueue-StaleNodeForStaleNodeHandler] INFO  pipeline.SCMPipelineManager (SCMPipelineManager.java:finalizeAndDestroyPipeline(315)) - destroying pipeline:Pipeline[ Id: 6cc10616-78bd-4271-8898-2d2d1a484d35, Nodes: 44809ed9-9065-491d-9993-3d85ca8eea00{ip: 192.168.157.245, host: pr-hdds-2266-b8s26-4239225152, networkLocation: /default-rack, certSerialId: null}9386b9a1-795a-4fcc-8e16-52cccb22d193{ip: 192.168.157.245, host: pr-hdds-2266-b8s26-4239225152, networkLocation: /default-rack, certSerialId: null}637124dd-f406-45d2-84f3-876d285ded15{ip: 192.168.157.245, host: pr-hdds-2266-b8s26-4239225152, networkLocation: /default-rack, certSerialId: null}, Type:RATIS, Factor:THREE, State:CLOSED]
2019-10-10 00:02:17,645 [EventQueue-StaleNodeForStaleNodeHandler] INFO  pipeline.SCMPipelineManager (SCMPipelineManager.java:finalizeAndDestroyPipeline(315)) - destroying pipeline:Pipeline[ Id: 4807d797-7687-4796-8d54-5044de855e58, Nodes: 44809ed9-9065-491d-9993-3d85ca8eea00{ip: 192.168.157.245, host: pr-hdds-2266-b8s26-4239225152, networkLocation: /default-rack, certSerialId: null}, Type:RATIS, Factor:ONE, State:OPEN]
2019-10-10 00:02:17,646 [EventQueue-StaleNodeForStaleNodeHandler] INFO  pipeline.PipelineStateManager (PipelineStateManager.java:finalizePipeline(123)) - Pipeline Pipeline[ Id: 4807d797-7687-4796-8d54-5044de855e58, Nodes: 44809ed9-9065-491d-9993-3d85ca8eea00{ip: 192.168.157.245, host: pr-hdds-2266-b8s26-4239225152, networkLocation: /default-rack, certSerialId: null}, Type:RATIS, Factor:ONE, State:CLOSED] moved to CLOSED state
2019-10-10 00:02:18,141 [EventQueue-StaleNodeForStaleNodeHandler] INFO  node.StaleNodeHandler (StaleNodeHandler.java:onMessage(58)) - Datanode 19bebc76-81c6-41a3-97e5-91afe2c3a386{ip: 192.168.157.245, host: pr-hdds-2266-b8s26-4239225152, networkLocation: /default-rack, certSerialId: null} moved to stale state. Finalizing its pipelines [PipelineID=318a8b8e-c3a5-4d07-b78d-07aa0de1a093, PipelineID=a396cdc7-27a4-48b4-96ce-ded547552ba2]
2019-10-10 00:02:18,142 [EventQueue-StaleNodeForStaleNodeHandler] INFO  pipeline.SCMPipelineManager (SCMPipelineManager.java:finalizeAndDestroyPipeline(315)) - destroying pipeline:Pipeline[ Id: 318a8b8e-c3a5-4d07-b78d-07aa0de1a093, Nodes: c7e361df-6228-44a4-8291-3b3f953e0ab1{ip: 192.168.157.245, host: pr-hdds-2266-b8s26-4239225152, networkLocation: /default-rack, certSerialId: null}19bebc76-81c6-41a3-97e5-91afe2c3a386{ip: 192.168.157.245, host: pr-hdds-2266-b8s26-4239225152, networkLocation: /default-rack, certSerialId: null}e517ceab-692d-4b3d-be19-c78fe19f8521{ip: 192.168.157.245, host: pr-hdds-2266-b8s26-4239225152, networkLocation: /default-rack, certSerialId: null}, Type:RATIS, Factor:THREE, State:CLOSED]
2019-10-10 00:02:18,142 [EventQueue-StaleNodeForStaleNodeHandler] INFO  pipeline.SCMPipelineManager (SCMPipelineManager.java:finalizeAndDestroyPipeline(315)) - destroying pipeline:Pipeline[ Id: a396cdc7-27a4-48b4-96ce-ded547552ba2, Nodes: 19bebc76-81c6-41a3-97e5-91afe2c3a386{ip: 192.168.157.245, host: pr-hdds-2266-b8s26-4239225152, networkLocation: /default-rack, certSerialId: null}, Type:RATIS, Factor:ONE, State:OPEN]
2019-10-10 00:02:18,142 [EventQueue-StaleNodeForStaleNodeHandler] INFO  pipeline.PipelineStateManager (PipelineStateManager.java:finalizePipeline(123)) - Pipeline Pipeline[ Id: a396cdc7-27a4-48b4-96ce-ded547552ba2, Nodes: 19bebc76-81c6-41a3-97e5-91afe2c3a386{ip: 192.168.157.245, host: pr-hdds-2266-b8s26-4239225152, networkLocation: /default-rack, certSerialId: null}, Type:RATIS, Factor:ONE, State:CLOSED] moved to CLOSED state
2019-10-10 00:02:18,444 [main] INFO  ozoneimpl.OzoneContainer (OzoneContainer.java:stop(227)) - Attempting to stop container services.
2019-10-10 00:02:18,446 [ForkJoinPool.commonPool-worker-1] INFO  ozoneimpl.OzoneContainer (OzoneContainer.java:stop(227)) - Attempting to stop container services.
2019-10-10 00:02:18,447 [main] INFO  impl.RaftServerProxy (RaftServerProxy.java:lambda$close$4(314)) - 19bebc76-81c6-41a3-97e5-91afe2c3a386: close
2019-10-10 00:02:18,447 [ForkJoinPool.commonPool-worker-1] INFO  impl.RaftServerProxy (RaftServerProxy.java:lambda$close$4(314)) - 44809ed9-9065-491d-9993-3d85ca8eea00: close
2019-10-10 00:02:18,447 [main] INFO  impl.RaftServerImpl (RaftServerImpl.java:lambda$shutdown$3(247)) - 19bebc76-81c6-41a3-97e5-91afe2c3a386@group-07AA0DE1A093: shutdown
2019-10-10 00:02:18,447 [ForkJoinPool.commonPool-worker-1] INFO  impl.RaftServerImpl (RaftServerImpl.java:lambda$shutdown$3(247)) - 44809ed9-9065-491d-9993-3d85ca8eea00@group-2D2D1A484D35: shutdown
2019-10-10 00:02:18,447 [main] INFO  util.JmxRegister (JmxRegister.java:unregister(73)) - Successfully un-registered JMX Bean with object name Ratis:service=RaftServer,group=group-07AA0DE1A093,id=19bebc76-81c6-41a3-97e5-91afe2c3a386
2019-10-10 00:02:18,448 [ForkJoinPool.commonPool-worker-1] INFO  util.JmxRegister (JmxRegister.java:unregister(73)) - Successfully un-registered JMX Bean with object name Ratis:service=RaftServer,group=group-2D2D1A484D35,id=44809ed9-9065-491d-9993-3d85ca8eea00
2019-10-10 00:02:18,448 [main] INFO  impl.RoleInfo (RoleInfo.java:shutdownFollowerState(121)) - 19bebc76-81c6-41a3-97e5-91afe2c3a386: shutdown FollowerState
2019-10-10 00:02:18,448 [ForkJoinPool.commonPool-worker-1] INFO  impl.RoleInfo (RoleInfo.java:shutdownFollowerState(121)) - 44809ed9-9065-491d-9993-3d85ca8eea00: shutdown FollowerState
2019-10-10 00:02:18,449 [19bebc76-81c6-41a3-97e5-91afe2c3a386@group-07AA0DE1A093-StateMachineUpdater] INFO  ratis.ContainerStateMachine (ContainerStateMachine.java:takeSnapshot(294)) - group-07AA0DE1A093: Taking a snapshot at:(t:1, i:3) file /workdir/hadoop-ozone/integration-test/target/test-dir/MiniOzoneClusterImpl-108913ae-be94-45ca-ae83-5210113f037a/datanode-6/data/ratis/318a8b8e-c3a5-4d07-b78d-07aa0de1a093/sm/snapshot.1_3
2019-10-10 00:02:18,449 [Thread-3991] INFO  impl.FollowerState (FollowerState.java:run(117)) - 44809ed9-9065-491d-9993-3d85ca8eea00@group-2D2D1A484D35-FollowerState was interrupted: java.lang.InterruptedException: sleep interrupted
2019-10-10 00:02:18,449 [Thread-4146] INFO  impl.FollowerState (FollowerState.java:run(117)) - 19bebc76-81c6-41a3-97e5-91afe2c3a386@group-07AA0DE1A093-FollowerState was interrupted: java.lang.InterruptedException: sleep interrupted
2019-10-10 00:02:18,448 [main] INFO  impl.StateMachineUpdater (StateMachineUpdater.java:stopAndJoin(136)) - 19bebc76-81c6-41a3-97e5-91afe2c3a386@group-07AA0DE1A093-StateMachineUpdater: set stopIndex = 4
2019-10-10 00:02:18,450 [44809ed9-9065-491d-9993-3d85ca8eea00@group-2D2D1A484D35-StateMachineUpdater] INFO  ratis.ContainerStateMachine (ContainerStateMachine.java:takeSnapshot(294)) - group-2D2D1A484D35: Taking a snapshot at:(t:2, i:33) file /workdir/hadoop-ozone/integration-test/target/test-dir/MiniOzoneClusterImpl-108913ae-be94-45ca-ae83-5210113f037a/datanode-0/data/ratis/6cc10616-78bd-4271-8898-2d2d1a484d35/sm/snapshot.2_33
2019-10-10 00:02:18,449 [ForkJoinPool.commonPool-worker-1] INFO  impl.StateMachineUpdater (StateMachineUpdater.java:stopAndJoin(136)) - 44809ed9-9065-491d-9993-3d85ca8eea00@group-2D2D1A484D35-StateMachineUpdater: set stopIndex = 33
2019-10-10 00:02:18,483 [44809ed9-9065-491d-9993-3d85ca8eea00@group-2D2D1A484D35-StateMachineUpdater] INFO  ratis.ContainerStateMachine (ContainerStateMachine.java:takeSnapshot(305)) - group-2D2D1A484D35: Finished taking a snapshot at:(t:2, i:33) file:/workdir/hadoop-ozone/integration-test/target/test-dir/MiniOzoneClusterImpl-108913ae-be94-45ca-ae83-5210113f037a/datanode-0/data/ratis/6cc10616-78bd-4271-8898-2d2d1a484d35/sm/snapshot.2_33 time:33
2019-10-10 00:02:18,483 [19bebc76-81c6-41a3-97e5-91afe2c3a386@group-07AA0DE1A093-StateMachineUpdater] INFO  ratis.ContainerStateMachine (ContainerStateMachine.java:takeSnapshot(305)) - group-07AA0DE1A093: Finished taking a snapshot at:(t:1, i:3) file:/workdir/hadoop-ozone/integration-test/target/test-dir/MiniOzoneClusterImpl-108913ae-be94-45ca-ae83-5210113f037a/datanode-6/data/ratis/318a8b8e-c3a5-4d07-b78d-07aa0de1a093/sm/snapshot.1_3 time:35
2019-10-10 00:02:18,484 [19bebc76-81c6-41a3-97e5-91afe2c3a386@group-07AA0DE1A093-StateMachineUpdater] INFO  impl.StateMachineUpdater (StateMachineUpdater.java:takeSnapshot(269)) - 19bebc76-81c6-41a3-97e5-91afe2c3a386@group-07AA0DE1A093-StateMachineUpdater: Took a snapshot at index 3
2019-10-10 00:02:18,484 [44809ed9-9065-491d-9993-3d85ca8eea00@group-2D2D1A484D35-StateMachineUpdater] INFO  impl.StateMachineUpdater (StateMachineUpdater.java:takeSnapshot(269)) - 44809ed9-9065-491d-9993-3d85ca8eea00@group-2D2D1A484D35-StateMachineUpdater: Took a snapshot at index 33
2019-10-10 00:02:18,484 [19bebc76-81c6-41a3-97e5-91afe2c3a386@group-07AA0DE1A093-StateMachineUpdater] INFO  impl.StateMachineUpdater (StateMachineUpdater.java:lambda$new$0(84)) - 19bebc76-81c6-41a3-97e5-91afe2c3a386@group-07AA0DE1A093-StateMachineUpdater: snapshotIndex: updateIncreasingly -1 -> 3
2019-10-10 00:02:18,484 [44809ed9-9065-491d-9993-3d85ca8eea00@group-2D2D1A484D35-StateMachineUpdater] INFO  impl.StateMachineUpdater (StateMachineUpdater.java:lambda$new$0(84)) - 44809ed9-9065-491d-9993-3d85ca8eea00@group-2D2D1A484D35-StateMachineUpdater: snapshotIndex: updateIncreasingly -1 -> 33
2019-10-10 00:02:18,484 [19bebc76-81c6-41a3-97e5-91afe2c3a386@group-07AA0DE1A093-StateMachineUpdater] INFO  ratis.ContainerStateMachine (ContainerStateMachine.java:takeSnapshot(294)) - group-07AA0DE1A093: Taking a snapshot at:(t:1, i:3) file /workdir/hadoop-ozone/integration-test/target/test-dir/MiniOzoneClusterImpl-108913ae-be94-45ca-ae83-5210113f037a/datanode-6/data/ratis/318a8b8e-c3a5-4d07-b78d-07aa0de1a093/sm/snapshot.1_3
2019-10-10 00:02:18,485 [ForkJoinPool.commonPool-worker-1] INFO  impl.RaftServerImpl (ServerState.java:close(387)) - 44809ed9-9065-491d-9993-3d85ca8eea00@group-2D2D1A484D35: closes. applyIndex: 33
2019-10-10 00:02:18,485 [44809ed9-9065-491d-9993-3d85ca8eea00@group-2D2D1A484D35-SegmentedRaftLogWorker] INFO  segmented.SegmentedRaftLogWorker (SegmentedRaftLogWorker.java:run(316)) - 44809ed9-9065-491d-9993-3d85ca8eea00@group-2D2D1A484D35-SegmentedRaftLogWorker was interrupted, exiting. There are 0 tasks remaining in the queue.
2019-10-10 00:02:18,486 [ForkJoinPool.commonPool-worker-1] INFO  segmented.SegmentedRaftLogWorker (SegmentedRaftLogWorker.java:close(224)) - 44809ed9-9065-491d-9993-3d85ca8eea00@group-2D2D1A484D35-SegmentedRaftLogWorker close()
2019-10-10 00:02:18,488 [ForkJoinPool.commonPool-worker-1] INFO  impl.RaftServerImpl (RaftServerImpl.java:lambda$shutdown$3(247)) - 44809ed9-9065-491d-9993-3d85ca8eea00@group-5044DE855E58: shutdown
2019-10-10 00:02:18,489 [ForkJoinPool.commonPool-worker-1] INFO  util.JmxRegister (JmxRegister.java:unregister(73)) - Successfully un-registered JMX Bean with object name Ratis:service=RaftServer,group=group-5044DE855E58,id=44809ed9-9065-491d-9993-3d85ca8eea00
2019-10-10 00:02:18,489 [ForkJoinPool.commonPool-worker-1] INFO  impl.RoleInfo (RoleInfo.java:shutdownLeaderState(104)) - 44809ed9-9065-491d-9993-3d85ca8eea00: shutdown LeaderState
2019-10-10 00:02:18,489 [ForkJoinPool.commonPool-worker-1] INFO  impl.PendingRequests (PendingRequests.java:sendNotLeaderResponses(202)) - 44809ed9-9065-491d-9993-3d85ca8eea00@group-5044DE855E58-PendingRequests: sendNotLeaderResponses
2019-10-10 00:02:18,490 [ForkJoinPool.commonPool-worker-1] INFO  impl.StateMachineUpdater (StateMachineUpdater.java:stopAndJoin(136)) - 44809ed9-9065-491d-9993-3d85ca8eea00@group-5044DE855E58-StateMachineUpdater: set stopIndex = 0
2019-10-10 00:02:18,490 [ForkJoinPool.commonPool-worker-1] INFO  impl.RaftServerImpl (ServerState.java:close(387)) - 44809ed9-9065-491d-9993-3d85ca8eea00@group-5044DE855E58: closes. applyIndex: 0
2019-10-10 00:02:18,491 [44809ed9-9065-491d-9993-3d85ca8eea00@group-5044DE855E58-SegmentedRaftLogWorker] INFO  segmented.SegmentedRaftLogWorker (SegmentedRaftLogWorker.java:run(316)) - 44809ed9-9065-491d-9993-3d85ca8eea00@group-5044DE855E58-SegmentedRaftLogWorker was interrupted, exiting. There are 0 tasks remaining in the queue.
2019-10-10 00:02:18,491 [ForkJoinPool.commonPool-worker-1] INFO  segmented.SegmentedRaftLogWorker (SegmentedRaftLogWorker.java:close(224)) - 44809ed9-9065-491d-9993-3d85ca8eea00@group-5044DE855E58-SegmentedRaftLogWorker close()
2019-10-10 00:02:18,494 [ForkJoinPool.commonPool-worker-1] INFO  server.GrpcService (GrpcService.java:closeImpl(164)) - 44809ed9-9065-491d-9993-3d85ca8eea00: shutdown server with port 46436 now
2019-10-10 00:02:18,494 [ForkJoinPool.commonPool-worker-1] INFO  server.GrpcService (GrpcService.java:closeImpl(172)) - 44809ed9-9065-491d-9993-3d85ca8eea00: shutdown server with port 46436 successfully
2019-10-10 00:02:18,500 [refreshUsed-/workdir/hadoop-ozone/integration-test/target/test-dir/MiniOzoneClusterImpl-108913ae-be94-45ca-ae83-5210113f037a/datanode-0/data/containers] WARN  fs.CachingGetSpaceUsed (CachingGetSpaceUsed.java:run(183)) - Thread Interrupted waiting to refresh disk information: sleep interrupted
2019-10-10 00:02:18,508 [19bebc76-81c6-41a3-97e5-91afe2c3a386@group-07AA0DE1A093-StateMachineUpdater] INFO  ratis.ContainerStateMachine (ContainerStateMachine.java:takeSnapshot(305)) - group-07AA0DE1A093: Finished taking a snapshot at:(t:1, i:3) file:/workdir/hadoop-ozone/integration-test/target/test-dir/MiniOzoneClusterImpl-108913ae-be94-45ca-ae83-5210113f037a/datanode-6/data/ratis/318a8b8e-c3a5-4d07-b78d-07aa0de1a093/sm/snapshot.1_3 time:24
2019-10-10 00:02:18,508 [19bebc76-81c6-41a3-97e5-91afe2c3a386@group-07AA0DE1A093-StateMachineUpdater] INFO  impl.StateMachineUpdater (StateMachineUpdater.java:takeSnapshot(269)) - 19bebc76-81c6-41a3-97e5-91afe2c3a386@group-07AA0DE1A093-StateMachineUpdater: Took a snapshot at index 3
2019-10-10 00:02:18,508 [19bebc76-81c6-41a3-97e5-91afe2c3a386@group-07AA0DE1A093-StateMachineUpdater] INFO  impl.StateMachineUpdater (StateMachineUpdater.java:lambda$new$0(84)) - 19bebc76-81c6-41a3-97e5-91afe2c3a386@group-07AA0DE1A093-StateMachineUpdater: snapshotIndex: updateIncreasingly 3 -> 3
2019-10-10 00:02:18,509 [main] INFO  impl.RaftServerImpl (ServerState.java:close(387)) - 19bebc76-81c6-41a3-97e5-91afe2c3a386@group-07AA0DE1A093: closes. applyIndex: 4
2019-10-10 00:02:18,509 [19bebc76-81c6-41a3-97e5-91afe2c3a386@group-07AA0DE1A093-SegmentedRaftLogWorker] INFO  segmented.SegmentedRaftLogWorker (SegmentedRaftLogWorker.java:run(316)) - 19bebc76-81c6-41a3-97e5-91afe2c3a386@group-07AA0DE1A093-SegmentedRaftLogWorker was interrupted, exiting. There are 0 tasks remaining in the queue.
2019-10-10 00:02:18,510 [main] INFO  segmented.SegmentedRaftLogWorker (SegmentedRaftLogWorker.java:close(224)) - 19bebc76-81c6-41a3-97e5-91afe2c3a386@group-07AA0DE1A093-SegmentedRaftLogWorker close()
2019-10-10 00:02:18,512 [main] INFO  impl.RaftServerImpl (RaftServerImpl.java:lambda$shutdown$3(247)) - 19bebc76-81c6-41a3-97e5-91afe2c3a386@group-DED547552BA2: shutdown
2019-10-10 00:02:18,512 [main] INFO  util.JmxRegister (JmxRegister.java:unregister(73)) - Successfully un-registered JMX Bean with object name Ratis:service=RaftServer,group=group-DED547552BA2,id=19bebc76-81c6-41a3-97e5-91afe2c3a386
2019-10-10 00:02:18,513 [main] INFO  impl.RoleInfo (RoleInfo.java:shutdownLeaderState(104)) - 19bebc76-81c6-41a3-97e5-91afe2c3a386: shutdown LeaderState
2019-10-10 00:02:18,513 [main] INFO  impl.PendingRequests (PendingRequests.java:sendNotLeaderResponses(202)) - 19bebc76-81c6-41a3-97e5-91afe2c3a386@group-DED547552BA2-PendingRequests: sendNotLeaderResponses
2019-10-10 00:02:18,513 [main] INFO  impl.StateMachineUpdater (StateMachineUpdater.java:stopAndJoin(136)) - 19bebc76-81c6-41a3-97e5-91afe2c3a386@group-DED547552BA2-StateMachineUpdater: set stopIndex = 0
2019-10-10 00:02:18,514 [main] INFO  impl.RaftServerImpl (ServerState.java:close(387)) - 19bebc76-81c6-41a3-97e5-91afe2c3a386@group-DED547552BA2: closes. applyIndex: 0
2019-10-10 00:02:18,514 [19bebc76-81c6-41a3-97e5-91afe2c3a386@group-DED547552BA2-SegmentedRaftLogWorker] INFO  segmented.SegmentedRaftLogWorker (SegmentedRaftLogWorker.java:run(316)) - 19bebc76-81c6-41a3-97e5-91afe2c3a386@group-DED547552BA2-SegmentedRaftLogWorker was interrupted, exiting. There are 0 tasks remaining in the queue.
2019-10-10 00:02:18,515 [main] INFO  segmented.SegmentedRaftLogWorker (SegmentedRaftLogWorker.java:close(224)) - 19bebc76-81c6-41a3-97e5-91afe2c3a386@group-DED547552BA2-SegmentedRaftLogWorker close()
2019-10-10 00:02:18,517 [main] INFO  server.GrpcService (GrpcService.java:closeImpl(164)) - 19bebc76-81c6-41a3-97e5-91afe2c3a386: shutdown server with port 44158 now
2019-10-10 00:02:18,517 [ForkJoinPool.commonPool-worker-1] INFO  utils.BackgroundService (BackgroundService.java:shutdown(151)) - Shutting down service BlockDeletingService
2019-10-10 00:02:18,518 [main] INFO  server.GrpcService (GrpcService.java:closeImpl(172)) - 19bebc76-81c6-41a3-97e5-91afe2c3a386: shutdown server with port 44158 successfully
2019-10-10 00:02:18,525 [ForkJoinPool.commonPool-worker-1] INFO  statemachine.DatanodeStateMachine (DatanodeStateMachine.java:stopDaemon(395)) - Ozone container server stopped.
2019-10-10 00:02:18,527 [refreshUsed-/workdir/hadoop-ozone/integration-test/target/test-dir/MiniOzoneClusterImpl-108913ae-be94-45ca-ae83-5210113f037a/datanode-6/data/containers] WARN  fs.CachingGetSpaceUsed (CachingGetSpaceUsed.java:run(183)) - Thread Interrupted waiting to refresh disk information: sleep interrupted
2019-10-10 00:02:18,532 [ForkJoinPool.commonPool-worker-1] INFO  handler.ContextHandler (ContextHandler.java:doStop(910)) - Stopped o.e.j.w.WebAppContext@677cc4e8{/,null,UNAVAILABLE}{/hddsDatanode}
2019-10-10 00:02:18,533 [ForkJoinPool.commonPool-worker-1] INFO  server.AbstractConnector (AbstractConnector.java:doStop(318)) - Stopped ServerConnector@4c6bba7d{HTTP/1.1,[http/1.1]}{0.0.0.0:0}
2019-10-10 00:02:18,534 [ForkJoinPool.commonPool-worker-1] INFO  handler.ContextHandler (ContextHandler.java:doStop(910)) - Stopped o.e.j.s.ServletContextHandler@51af8049{/static,jar:file:/home/user/.m2/repository/org/apache/hadoop/hadoop-hdds-container-service/0.5.0-SNAPSHOT/hadoop-hdds-container-service-0.5.0-SNAPSHOT.jar!/webapps/static,UNAVAILABLE}
2019-10-10 00:02:18,535 [ForkJoinPool.commonPool-worker-1] INFO  handler.ContextHandler (ContextHandler.java:doStop(910)) - Stopped o.e.j.s.ServletContextHandler@76596288{/logs,file:///workdir/hadoop-ozone/integration-test/target/log,UNAVAILABLE}
2019-10-10 00:02:18,548 [main] INFO  utils.BackgroundService (BackgroundService.java:shutdown(151)) - Shutting down service BlockDeletingService
2019-10-10 00:02:18,552 [main] INFO  statemachine.DatanodeStateMachine (DatanodeStateMachine.java:stopDaemon(395)) - Ozone container server stopped.
2019-10-10 00:02:18,553 [main] INFO  handler.ContextHandler (ContextHandler.java:doStop(910)) - Stopped o.e.j.w.WebAppContext@5ef2cbe6{/,null,UNAVAILABLE}{/hddsDatanode}
2019-10-10 00:02:18,554 [main] INFO  server.AbstractConnector (AbstractConnector.java:doStop(318)) - Stopped ServerConnector@266da047{HTTP/1.1,[http/1.1]}{0.0.0.0:0}
2019-10-10 00:02:18,554 [main] INFO  handler.ContextHandler (ContextHandler.java:doStop(910)) - Stopped o.e.j.s.ServletContextHandler@8383a14{/static,jar:file:/home/user/.m2/repository/org/apache/hadoop/hadoop-hdds-container-service/0.5.0-SNAPSHOT/hadoop-hdds-container-service-0.5.0-SNAPSHOT.jar!/webapps/static,UNAVAILABLE}
2019-10-10 00:02:18,555 [main] INFO  handler.ContextHandler (ContextHandler.java:doStop(910)) - Stopped o.e.j.s.ServletContextHandler@84f51d9{/logs,file:///workdir/hadoop-ozone/integration-test/target/log,UNAVAILABLE}
2019-10-10 00:02:19,477 [Datanode State Machine Thread - 0] INFO  statemachine.DatanodeStateMachine (DatanodeStateMachine.java:lambda$startDaemon$0(350)) - Ozone container server started.
2019-10-10 00:02:23,538 [ForkJoinPool.commonPool-worker-1] INFO  ozoneimpl.OzoneContainer (OzoneContainer.java:stop(227)) - Attempting to stop container services.
2019-10-10 00:02:23,540 [ForkJoinPool.commonPool-worker-1] INFO  impl.RaftServerProxy (RaftServerProxy.java:lambda$close$4(314)) - 1da33793-7d60-4b68-bc4c-824e50753869: close
2019-10-10 00:02:23,540 [ForkJoinPool.commonPool-worker-1] INFO  impl.RaftServerImpl (RaftServerImpl.java:lambda$shutdown$3(247)) - 1da33793-7d60-4b68-bc4c-824e50753869@group-BBBEC18B61AF: shutdown
2019-10-10 00:02:23,541 [ForkJoinPool.commonPool-worker-1] INFO  util.JmxRegister (JmxRegister.java:unregister(73)) - Successfully un-registered JMX Bean with object name Ratis:service=RaftServer,group=group-BBBEC18B61AF,id=1da33793-7d60-4b68-bc4c-824e50753869
2019-10-10 00:02:23,541 [ForkJoinPool.commonPool-worker-1] INFO  impl.RoleInfo (RoleInfo.java:shutdownLeaderState(104)) - 1da33793-7d60-4b68-bc4c-824e50753869: shutdown LeaderState
2019-10-10 00:02:23,542 [ForkJoinPool.commonPool-worker-1] INFO  impl.PendingRequests (PendingRequests.java:sendNotLeaderResponses(202)) - 1da33793-7d60-4b68-bc4c-824e50753869@group-BBBEC18B61AF-PendingRequests: sendNotLeaderResponses
2019-10-10 00:02:23,542 [ForkJoinPool.commonPool-worker-1] INFO  impl.StateMachineUpdater (StateMachineUpdater.java:stopAndJoin(136)) - 1da33793-7d60-4b68-bc4c-824e50753869@group-BBBEC18B61AF-StateMachineUpdater: set stopIndex = 0
2019-10-10 00:02:23,543 [ForkJoinPool.commonPool-worker-1] INFO  impl.RaftServerImpl (ServerState.java:close(387)) - 1da33793-7d60-4b68-bc4c-824e50753869@group-BBBEC18B61AF: closes. applyIndex: 0
2019-10-10 00:02:23,544 [1da33793-7d60-4b68-bc4c-824e50753869@group-BBBEC18B61AF-SegmentedRaftLogWorker] INFO  segmented.SegmentedRaftLogWorker (SegmentedRaftLogWorker.java:run(316)) - 1da33793-7d60-4b68-bc4c-824e50753869@group-BBBEC18B61AF-SegmentedRaftLogWorker was interrupted, exiting. There are 0 tasks remaining in the queue.
2019-10-10 00:02:23,544 [ForkJoinPool.commonPool-worker-1] INFO  segmented.SegmentedRaftLogWorker (SegmentedRaftLogWorker.java:close(224)) - 1da33793-7d60-4b68-bc4c-824e50753869@group-BBBEC18B61AF-SegmentedRaftLogWorker close()
2019-10-10 00:02:23,549 [ForkJoinPool.commonPool-worker-1] INFO  server.GrpcService (GrpcService.java:closeImpl(164)) - 1da33793-7d60-4b68-bc4c-824e50753869: shutdown server with port 42936 now
2019-10-10 00:02:23,549 [EventQueue-StaleNodeForStaleNodeHandler] INFO  node.StaleNodeHandler (StaleNodeHandler.java:onMessage(58)) - Datanode 1da33793-7d60-4b68-bc4c-824e50753869{ip: 192.168.157.245, host: pr-hdds-2266-b8s26-4239225152, networkLocation: /default-rack, certSerialId: null} moved to stale state. Finalizing its pipelines [PipelineID=0b4e9971-e67a-4fcd-8cd9-bbbec18b61af]
2019-10-10 00:02:23,550 [EventQueue-StaleNodeForStaleNodeHandler] INFO  pipeline.SCMPipelineManager (SCMPipelineManager.java:finalizeAndDestroyPipeline(315)) - destroying pipeline:Pipeline[ Id: 0b4e9971-e67a-4fcd-8cd9-bbbec18b61af, Nodes: 1da33793-7d60-4b68-bc4c-824e50753869{ip: 192.168.157.245, host: pr-hdds-2266-b8s26-4239225152, networkLocation: /default-rack, certSerialId: null}, Type:RATIS, Factor:ONE, State:OPEN]
2019-10-10 00:02:23,551 [ForkJoinPool.commonPool-worker-1] INFO  server.GrpcService (GrpcService.java:closeImpl(172)) - 1da33793-7d60-4b68-bc4c-824e50753869: shutdown server with port 42936 successfully
2019-10-10 00:02:23,551 [EventQueue-StaleNodeForStaleNodeHandler] INFO  pipeline.PipelineStateManager (PipelineStateManager.java:finalizePipeline(123)) - Pipeline Pipeline[ Id: 0b4e9971-e67a-4fcd-8cd9-bbbec18b61af, Nodes: 1da33793-7d60-4b68-bc4c-824e50753869{ip: 192.168.157.245, host: pr-hdds-2266-b8s26-4239225152, networkLocation: /default-rack, certSerialId: null}, Type:RATIS, Factor:ONE, State:CLOSED] moved to CLOSED state
2019-10-10 00:02:23,557 [refreshUsed-/workdir/hadoop-ozone/integration-test/target/test-dir/MiniOzoneClusterImpl-108913ae-be94-45ca-ae83-5210113f037a/datanode-5/data/containers] WARN  fs.CachingGetSpaceUsed (CachingGetSpaceUsed.java:run(183)) - Thread Interrupted waiting to refresh disk information: sleep interrupted
2019-10-10 00:02:23,582 [ForkJoinPool.commonPool-worker-1] INFO  utils.BackgroundService (BackgroundService.java:shutdown(151)) - Shutting down service BlockDeletingService
2019-10-10 00:02:23,586 [ForkJoinPool.commonPool-worker-1] INFO  statemachine.DatanodeStateMachine (DatanodeStateMachine.java:stopDaemon(395)) - Ozone container server stopped.
2019-10-10 00:02:23,592 [ForkJoinPool.commonPool-worker-1] INFO  handler.ContextHandler (ContextHandler.java:doStop(910)) - Stopped o.e.j.w.WebAppContext@4f8659d0{/,null,UNAVAILABLE}{/hddsDatanode}
2019-10-10 00:02:23,593 [ForkJoinPool.commonPool-worker-1] INFO  server.AbstractConnector (AbstractConnector.java:doStop(318)) - Stopped ServerConnector@278fe428{HTTP/1.1,[http/1.1]}{0.0.0.0:0}
2019-10-10 00:02:23,594 [ForkJoinPool.commonPool-worker-1] INFO  handler.ContextHandler (ContextHandler.java:doStop(910)) - Stopped o.e.j.s.ServletContextHandler@5835e24a{/static,jar:file:/home/user/.m2/repository/org/apache/hadoop/hadoop-hdds-container-service/0.5.0-SNAPSHOT/hadoop-hdds-container-service-0.5.0-SNAPSHOT.jar!/webapps/static,UNAVAILABLE}
2019-10-10 00:02:23,595 [ForkJoinPool.commonPool-worker-1] INFO  handler.ContextHandler (ContextHandler.java:doStop(910)) - Stopped o.e.j.s.ServletContextHandler@674184d{/logs,file:///workdir/hadoop-ozone/integration-test/target/log,UNAVAILABLE}
2019-10-10 00:02:23,596 [main] INFO  ozone.MiniOzoneClusterImpl (MiniOzoneClusterImpl.java:stopSCM(392)) - Stopping the StorageContainerManager
2019-10-10 00:02:23,597 [main] INFO  server.StorageContainerManager (StorageContainerManager.java:stop(810)) - Stopping Replication Manager Service.
2019-10-10 00:02:23,597 [main] INFO  container.ReplicationManager (ReplicationManager.java:stop(203)) - Stopping Replication Monitor Thread.
2019-10-10 00:02:23,597 [main] INFO  server.StorageContainerManager (StorageContainerManager.java:stop(817)) - Stopping Lease Manager of the command watchers
2019-10-10 00:02:23,597 [main] INFO  server.StorageContainerManager (StorageContainerManager.java:stop(824)) - Stopping datanode service RPC server
2019-10-10 00:02:23,597 [main] INFO  server.SCMDatanodeProtocolServer (SCMDatanodeProtocolServer.java:stop(346)) - Stopping the RPC server for DataNodes
2019-10-10 00:02:23,597 [main] INFO  ipc.Server (Server.java:stop(3082)) - Stopping server on 40984
2019-10-10 00:02:23,600 [IPC Server listener on 40984] INFO  ipc.Server (Server.java:run(1185)) - Stopping IPC Server listener on 40984
2019-10-10 00:02:23,600 [IPC Server Responder] INFO  ipc.Server (Server.java:run(1319)) - Stopping IPC Server Responder
2019-10-10 00:02:23,649 [SCM Heartbeat Processing Thread - 0] WARN  node.NodeStateManager (NodeStateManager.java:scheduleNextHealthCheck(646)) - Current Thread is interrupted, shutting down HB processing thread for Node Manager.
2019-10-10 00:02:23,649 [main] INFO  server.StorageContainerManager (StorageContainerManager.java:stop(832)) - Stopping block service RPC server
2019-10-10 00:02:23,650 [main] INFO  server.SCMBlockProtocolServer (SCMBlockProtocolServer.java:stop(155)) - Stopping the RPC server for Block Protocol
2019-10-10 00:02:23,650 [main] INFO  ipc.Server (Server.java:stop(3082)) - Stopping server on 41955
2019-10-10 00:02:23,652 [IPC Server listener on 41955] INFO  ipc.Server (Server.java:run(1185)) - Stopping IPC Server listener on 41955
2019-10-10 00:02:23,652 [IPC Server Responder] INFO  ipc.Server (Server.java:run(1319)) - Stopping IPC Server Responder
2019-10-10 00:02:23,652 [main] INFO  server.StorageContainerManager (StorageContainerManager.java:stop(839)) - Stopping the StorageContainerLocationProtocol RPC server
2019-10-10 00:02:23,653 [main] INFO  server.SCMClientProtocolServer (SCMClientProtocolServer.java:stop(168)) - Stopping the RPC server for Client Protocol
2019-10-10 00:02:23,653 [main] INFO  ipc.Server (Server.java:stop(3082)) - Stopping server on 39881
2019-10-10 00:02:23,655 [IPC Server listener on 39881] INFO  ipc.Server (Server.java:run(1185)) - Stopping IPC Server listener on 39881
2019-10-10 00:02:23,655 [main] INFO  server.StorageContainerManager (StorageContainerManager.java:stop(846)) - Stopping Storage Container Manager HTTP server.
2019-10-10 00:02:23,658 [IPC Server Responder] INFO  ipc.Server (Server.java:run(1319)) - Stopping IPC Server Responder
2019-10-10 00:02:23,660 [main] INFO  handler.ContextHandler (ContextHandler.java:doStop(910)) - Stopped o.e.j.w.WebAppContext@41bb1f09{/,null,UNAVAILABLE}{/scm}
2019-10-10 00:02:23,660 [main] INFO  server.AbstractConnector (AbstractConnector.java:doStop(318)) - Stopped ServerConnector@349f0ca4{HTTP/1.1,[http/1.1]}{0.0.0.0:0}
2019-10-10 00:02:23,661 [main] INFO  handler.ContextHandler (ContextHandler.java:doStop(910)) - Stopped o.e.j.s.ServletContextHandler@2ba024cb{/static,file:///workdir/hadoop-ozone/integration-test/target/test-classes/webapps/static,UNAVAILABLE}
2019-10-10 00:02:23,661 [main] INFO  handler.ContextHandler (ContextHandler.java:doStop(910)) - Stopped o.e.j.s.ServletContextHandler@6ce15112{/logs,file:///workdir/hadoop-ozone/integration-test/target/log,UNAVAILABLE}
2019-10-10 00:02:23,662 [main] INFO  server.StorageContainerManager (StorageContainerManager.java:stop(857)) - Stopping Block Manager Service.
2019-10-10 00:02:23,662 [main] INFO  utils.BackgroundService (BackgroundService.java:shutdown(151)) - Shutting down service SCMBlockDeletingService
2019-10-10 00:02:23,662 [main] INFO  utils.BackgroundService (BackgroundService.java:shutdown(151)) - Shutting down service SCMBlockDeletingService
2019-10-10 00:02:23,663 [main] INFO  server.StorageContainerManager (StorageContainerManager.java:stop(879)) - Stopping SCM Event Queue.
2019-10-10 00:02:23,666 [main] INFO  impl.MetricsSystemImpl (MetricsSystemImpl.java:stop(210)) - Stopping HddsDatanode metrics system...
2019-10-10 00:02:23,693 [main] INFO  impl.MetricsSystemImpl (MetricsSystemImpl.java:stop(216)) - HddsDatanode metrics system stopped.
]]></system-out>
    <system-err><![CDATA[Oct 10, 2019 12:01:48 AM org.apache.ratis.thirdparty.io.grpc.internal.ManagedChannelOrphanWrapper$ManagedChannelReference cleanQueue
SEVERE: *~*~*~ Channel ManagedChannelImpl{logId=3184, target=192.168.157.245:33900} was not shutdown properly!!! ~*~*~*
    Make sure to call shutdown()/shutdownNow() and wait until awaitTermination() returns true.
java.lang.RuntimeException: ManagedChannel allocation site
	at org.apache.ratis.thirdparty.io.grpc.internal.ManagedChannelOrphanWrapper$ManagedChannelReference.<init>(ManagedChannelOrphanWrapper.java:103)
	at org.apache.ratis.thirdparty.io.grpc.internal.ManagedChannelOrphanWrapper.<init>(ManagedChannelOrphanWrapper.java:53)
	at org.apache.ratis.thirdparty.io.grpc.internal.ManagedChannelOrphanWrapper.<init>(ManagedChannelOrphanWrapper.java:44)
	at org.apache.ratis.thirdparty.io.grpc.internal.AbstractManagedChannelImplBuilder.build(AbstractManagedChannelImplBuilder.java:411)
	at org.apache.hadoop.hdds.scm.XceiverClientGrpc.connectToDatanode(XceiverClientGrpc.java:183)
	at org.apache.hadoop.hdds.scm.XceiverClientGrpc.reconnect(XceiverClientGrpc.java:434)
	at org.apache.hadoop.hdds.scm.XceiverClientGrpc.sendCommandAsync(XceiverClientGrpc.java:382)
	at org.apache.hadoop.hdds.scm.XceiverClientGrpc.sendCommandWithRetry(XceiverClientGrpc.java:295)
	at org.apache.hadoop.hdds.scm.XceiverClientGrpc.sendCommandWithTraceIDAndRetry(XceiverClientGrpc.java:259)
	at org.apache.hadoop.hdds.scm.XceiverClientGrpc.sendCommand(XceiverClientGrpc.java:242)
	at org.apache.hadoop.hdds.scm.storage.ContainerProtocolCalls.getBlock(ContainerProtocolCalls.java:118)
	at org.apache.hadoop.hdds.scm.storage.BlockInputStream.getChunkInfos(BlockInputStream.java:169)
	at org.apache.hadoop.hdds.scm.storage.BlockInputStream.initialize(BlockInputStream.java:118)
	at org.apache.hadoop.hdds.scm.storage.BlockInputStream.read(BlockInputStream.java:224)
	at org.apache.hadoop.ozone.client.io.KeyInputStream.read(KeyInputStream.java:173)
	at org.apache.hadoop.ozone.client.io.OzoneInputStream.read(OzoneInputStream.java:47)
	at java.io.InputStream.read(InputStream.java:101)
	at org.apache.hadoop.ozone.container.ContainerTestHelper.validateData(ContainerTestHelper.java:715)
	at org.apache.hadoop.ozone.client.rpc.TestBlockOutputStreamWithFailures.validateData(TestBlockOutputStreamWithFailures.java:1216)
	at org.apache.hadoop.ozone.client.rpc.TestBlockOutputStreamWithFailures.testFailureWithPrimeSizedData(TestBlockOutputStreamWithFailures.java:662)
	at sun.reflect.NativeMethodAccessorImpl.invoke0(Native Method)
	at sun.reflect.NativeMethodAccessorImpl.invoke(NativeMethodAccessorImpl.java:62)
	at sun.reflect.DelegatingMethodAccessorImpl.invoke(DelegatingMethodAccessorImpl.java:43)
	at java.lang.reflect.Method.invoke(Method.java:498)
	at org.junit.runners.model.FrameworkMethod$1.runReflectiveCall(FrameworkMethod.java:47)
	at org.junit.internal.runners.model.ReflectiveCallable.run(ReflectiveCallable.java:12)
	at org.junit.runners.model.FrameworkMethod.invokeExplosively(FrameworkMethod.java:44)
	at org.junit.internal.runners.statements.InvokeMethod.evaluate(InvokeMethod.java:17)
	at org.junit.internal.runners.statements.RunBefores.evaluate(RunBefores.java:26)
	at org.junit.internal.runners.statements.RunAfters.evaluate(RunAfters.java:27)
	at org.junit.runners.ParentRunner.runLeaf(ParentRunner.java:271)
	at org.junit.runners.BlockJUnit4ClassRunner.runChild(BlockJUnit4ClassRunner.java:70)
	at org.junit.runners.BlockJUnit4ClassRunner.runChild(BlockJUnit4ClassRunner.java:50)
	at org.junit.runners.ParentRunner$3.run(ParentRunner.java:238)
	at org.junit.runners.ParentRunner$1.schedule(ParentRunner.java:63)
	at org.junit.runners.ParentRunner.runChildren(ParentRunner.java:236)
	at org.junit.runners.ParentRunner.access$000(ParentRunner.java:53)
	at org.junit.runners.ParentRunner$2.evaluate(ParentRunner.java:229)
	at org.junit.runners.ParentRunner.run(ParentRunner.java:309)
	at org.apache.maven.surefire.junit4.JUnit4Provider.execute(JUnit4Provider.java:365)
	at org.apache.maven.surefire.junit4.JUnit4Provider.executeWithRerun(JUnit4Provider.java:273)
	at org.apache.maven.surefire.junit4.JUnit4Provider.executeTestSet(JUnit4Provider.java:238)
	at org.apache.maven.surefire.junit4.JUnit4Provider.invoke(JUnit4Provider.java:159)
	at org.apache.maven.surefire.booter.ForkedBooter.invokeProviderInSameClassLoader(ForkedBooter.java:384)
	at org.apache.maven.surefire.booter.ForkedBooter.runSuitesInProcess(ForkedBooter.java:345)
	at org.apache.maven.surefire.booter.ForkedBooter.execute(ForkedBooter.java:126)
	at org.apache.maven.surefire.booter.ForkedBooter.main(ForkedBooter.java:418)

Oct 10, 2019 12:01:48 AM org.apache.ratis.thirdparty.io.grpc.internal.ManagedChannelOrphanWrapper$ManagedChannelReference cleanQueue
SEVERE: *~*~*~ Channel ManagedChannelImpl{logId=3174, target=192.168.157.245:33814} was not shutdown properly!!! ~*~*~*
    Make sure to call shutdown()/shutdownNow() and wait until awaitTermination() returns true.
java.lang.RuntimeException: ManagedChannel allocation site
	at org.apache.ratis.thirdparty.io.grpc.internal.ManagedChannelOrphanWrapper$ManagedChannelReference.<init>(ManagedChannelOrphanWrapper.java:103)
	at org.apache.ratis.thirdparty.io.grpc.internal.ManagedChannelOrphanWrapper.<init>(ManagedChannelOrphanWrapper.java:53)
	at org.apache.ratis.thirdparty.io.grpc.internal.ManagedChannelOrphanWrapper.<init>(ManagedChannelOrphanWrapper.java:44)
	at org.apache.ratis.thirdparty.io.grpc.internal.AbstractManagedChannelImplBuilder.build(AbstractManagedChannelImplBuilder.java:411)
	at org.apache.ratis.grpc.client.GrpcClientProtocolClient.<init>(GrpcClientProtocolClient.java:128)
	at org.apache.ratis.grpc.client.GrpcClientRpc.lambda$new$0(GrpcClientRpc.java:55)
	at org.apache.ratis.util.PeerProxyMap$PeerAndProxy.lambda$getProxy$0(PeerProxyMap.java:61)
	at org.apache.ratis.util.LifeCycle.startAndTransition(LifeCycle.java:202)
	at org.apache.ratis.util.PeerProxyMap$PeerAndProxy.getProxy(PeerProxyMap.java:60)
	at org.apache.ratis.util.PeerProxyMap.getProxy(PeerProxyMap.java:108)
	at org.apache.ratis.grpc.client.GrpcClientRpc.sendRequestAsync(GrpcClientRpc.java:66)
	at org.apache.ratis.client.impl.OrderedAsync.sendRequest(OrderedAsync.java:208)
	at org.apache.ratis.client.impl.OrderedAsync.sendRequestWithRetry(OrderedAsync.java:169)
	at org.apache.ratis.util.SlidingWindow$Client.sendOrDelayRequest(SlidingWindow.java:278)
	at org.apache.ratis.util.SlidingWindow$Client.retry(SlidingWindow.java:294)
	at org.apache.ratis.client.impl.OrderedAsync.lambda$scheduleWithTimeout$7(OrderedAsync.java:195)
	at org.apache.ratis.util.TimeoutScheduler.lambda$onTimeout$0(TimeoutScheduler.java:113)
	at org.apache.ratis.util.TimeoutScheduler.lambda$onTimeout$1(TimeoutScheduler.java:133)
	at org.apache.ratis.util.LogUtils.runAndLog(LogUtils.java:50)
	at org.apache.ratis.util.LogUtils$1.run(LogUtils.java:91)
	at java.util.concurrent.Executors$RunnableAdapter.call(Executors.java:511)
	at java.util.concurrent.FutureTask.run(FutureTask.java:266)
	at java.util.concurrent.ScheduledThreadPoolExecutor$ScheduledFutureTask.access$201(ScheduledThreadPoolExecutor.java:180)
	at java.util.concurrent.ScheduledThreadPoolExecutor$ScheduledFutureTask.run(ScheduledThreadPoolExecutor.java:293)
	at java.util.concurrent.ThreadPoolExecutor.runWorker(ThreadPoolExecutor.java:1149)
	at java.util.concurrent.ThreadPoolExecutor$Worker.run(ThreadPoolExecutor.java:624)
	at java.lang.Thread.run(Thread.java:748)

Oct 10, 2019 12:01:48 AM org.apache.ratis.thirdparty.io.grpc.internal.ManagedChannelOrphanWrapper$ManagedChannelReference cleanQueue
SEVERE: *~*~*~ Channel ManagedChannelImpl{logId=3189, target=192.168.157.245:37405} was not shutdown properly!!! ~*~*~*
    Make sure to call shutdown()/shutdownNow() and wait until awaitTermination() returns true.
java.lang.RuntimeException: ManagedChannel allocation site
	at org.apache.ratis.thirdparty.io.grpc.internal.ManagedChannelOrphanWrapper$ManagedChannelReference.<init>(ManagedChannelOrphanWrapper.java:103)
	at org.apache.ratis.thirdparty.io.grpc.internal.ManagedChannelOrphanWrapper.<init>(ManagedChannelOrphanWrapper.java:53)
	at org.apache.ratis.thirdparty.io.grpc.internal.ManagedChannelOrphanWrapper.<init>(ManagedChannelOrphanWrapper.java:44)
	at org.apache.ratis.thirdparty.io.grpc.internal.AbstractManagedChannelImplBuilder.build(AbstractManagedChannelImplBuilder.java:411)
	at org.apache.hadoop.hdds.scm.XceiverClientGrpc.connectToDatanode(XceiverClientGrpc.java:183)
	at org.apache.hadoop.hdds.scm.XceiverClientGrpc.reconnect(XceiverClientGrpc.java:434)
	at org.apache.hadoop.hdds.scm.XceiverClientGrpc.sendCommandAsync(XceiverClientGrpc.java:382)
	at org.apache.hadoop.hdds.scm.XceiverClientGrpc.sendCommandWithRetry(XceiverClientGrpc.java:295)
	at org.apache.hadoop.hdds.scm.XceiverClientGrpc.sendCommandWithTraceIDAndRetry(XceiverClientGrpc.java:259)
	at org.apache.hadoop.hdds.scm.XceiverClientGrpc.sendCommand(XceiverClientGrpc.java:242)
	at org.apache.hadoop.hdds.scm.storage.ContainerProtocolCalls.getBlock(ContainerProtocolCalls.java:118)
	at org.apache.hadoop.hdds.scm.storage.BlockInputStream.getChunkInfos(BlockInputStream.java:169)
	at org.apache.hadoop.hdds.scm.storage.BlockInputStream.initialize(BlockInputStream.java:118)
	at org.apache.hadoop.hdds.scm.storage.BlockInputStream.read(BlockInputStream.java:224)
	at org.apache.hadoop.ozone.client.io.KeyInputStream.read(KeyInputStream.java:173)
	at org.apache.hadoop.ozone.client.io.OzoneInputStream.read(OzoneInputStream.java:47)
	at java.io.InputStream.read(InputStream.java:101)
	at org.apache.hadoop.ozone.container.ContainerTestHelper.validateData(ContainerTestHelper.java:715)
	at org.apache.hadoop.ozone.client.rpc.TestBlockOutputStreamWithFailures.validateData(TestBlockOutputStreamWithFailures.java:1216)
	at org.apache.hadoop.ozone.client.rpc.TestBlockOutputStreamWithFailures.testFailureWithPrimeSizedData(TestBlockOutputStreamWithFailures.java:662)
	at sun.reflect.NativeMethodAccessorImpl.invoke0(Native Method)
	at sun.reflect.NativeMethodAccessorImpl.invoke(NativeMethodAccessorImpl.java:62)
	at sun.reflect.DelegatingMethodAccessorImpl.invoke(DelegatingMethodAccessorImpl.java:43)
	at java.lang.reflect.Method.invoke(Method.java:498)
	at org.junit.runners.model.FrameworkMethod$1.runReflectiveCall(FrameworkMethod.java:47)
	at org.junit.internal.runners.model.ReflectiveCallable.run(ReflectiveCallable.java:12)
	at org.junit.runners.model.FrameworkMethod.invokeExplosively(FrameworkMethod.java:44)
	at org.junit.internal.runners.statements.InvokeMethod.evaluate(InvokeMethod.java:17)
	at org.junit.internal.runners.statements.RunBefores.evaluate(RunBefores.java:26)
	at org.junit.internal.runners.statements.RunAfters.evaluate(RunAfters.java:27)
	at org.junit.runners.ParentRunner.runLeaf(ParentRunner.java:271)
	at org.junit.runners.BlockJUnit4ClassRunner.runChild(BlockJUnit4ClassRunner.java:70)
	at org.junit.runners.BlockJUnit4ClassRunner.runChild(BlockJUnit4ClassRunner.java:50)
	at org.junit.runners.ParentRunner$3.run(ParentRunner.java:238)
	at org.junit.runners.ParentRunner$1.schedule(ParentRunner.java:63)
	at org.junit.runners.ParentRunner.runChildren(ParentRunner.java:236)
	at org.junit.runners.ParentRunner.access$000(ParentRunner.java:53)
	at org.junit.runners.ParentRunner$2.evaluate(ParentRunner.java:229)
	at org.junit.runners.ParentRunner.run(ParentRunner.java:309)
	at org.apache.maven.surefire.junit4.JUnit4Provider.execute(JUnit4Provider.java:365)
	at org.apache.maven.surefire.junit4.JUnit4Provider.executeWithRerun(JUnit4Provider.java:273)
	at org.apache.maven.surefire.junit4.JUnit4Provider.executeTestSet(JUnit4Provider.java:238)
	at org.apache.maven.surefire.junit4.JUnit4Provider.invoke(JUnit4Provider.java:159)
	at org.apache.maven.surefire.booter.ForkedBooter.invokeProviderInSameClassLoader(ForkedBooter.java:384)
	at org.apache.maven.surefire.booter.ForkedBooter.runSuitesInProcess(ForkedBooter.java:345)
	at org.apache.maven.surefire.booter.ForkedBooter.execute(ForkedBooter.java:126)
	at org.apache.maven.surefire.booter.ForkedBooter.main(ForkedBooter.java:418)

Oct 10, 2019 12:01:48 AM org.apache.ratis.thirdparty.io.grpc.internal.ManagedChannelOrphanWrapper$ManagedChannelReference cleanQueue
SEVERE: *~*~*~ Channel ManagedChannelImpl{logId=3199, target=192.168.157.245:40942} was not shutdown properly!!! ~*~*~*
    Make sure to call shutdown()/shutdownNow() and wait until awaitTermination() returns true.
java.lang.RuntimeException: ManagedChannel allocation site
	at org.apache.ratis.thirdparty.io.grpc.internal.ManagedChannelOrphanWrapper$ManagedChannelReference.<init>(ManagedChannelOrphanWrapper.java:103)
	at org.apache.ratis.thirdparty.io.grpc.internal.ManagedChannelOrphanWrapper.<init>(ManagedChannelOrphanWrapper.java:53)
	at org.apache.ratis.thirdparty.io.grpc.internal.ManagedChannelOrphanWrapper.<init>(ManagedChannelOrphanWrapper.java:44)
	at org.apache.ratis.thirdparty.io.grpc.internal.AbstractManagedChannelImplBuilder.build(AbstractManagedChannelImplBuilder.java:411)
	at org.apache.hadoop.hdds.scm.XceiverClientGrpc.connectToDatanode(XceiverClientGrpc.java:183)
	at org.apache.hadoop.hdds.scm.XceiverClientGrpc.reconnect(XceiverClientGrpc.java:434)
	at org.apache.hadoop.hdds.scm.XceiverClientGrpc.sendCommandAsync(XceiverClientGrpc.java:382)
	at org.apache.hadoop.hdds.scm.XceiverClientGrpc.sendCommandWithRetry(XceiverClientGrpc.java:295)
	at org.apache.hadoop.hdds.scm.XceiverClientGrpc.sendCommandWithTraceIDAndRetry(XceiverClientGrpc.java:259)
	at org.apache.hadoop.hdds.scm.XceiverClientGrpc.sendCommand(XceiverClientGrpc.java:242)
	at org.apache.hadoop.hdds.scm.storage.ContainerProtocolCalls.readChunk(ContainerProtocolCalls.java:245)
	at org.apache.hadoop.hdds.scm.storage.ChunkInputStream.readChunk(ChunkInputStream.java:335)
	at org.apache.hadoop.hdds.scm.storage.ChunkInputStream.readChunkFromContainer(ChunkInputStream.java:307)
	at org.apache.hadoop.hdds.scm.storage.ChunkInputStream.prepareRead(ChunkInputStream.java:259)
	at org.apache.hadoop.hdds.scm.storage.ChunkInputStream.read(ChunkInputStream.java:144)
	at org.apache.hadoop.hdds.scm.storage.BlockInputStream.read(BlockInputStream.java:241)
	at org.apache.hadoop.ozone.client.io.KeyInputStream.read(KeyInputStream.java:173)
	at org.apache.hadoop.ozone.client.io.OzoneInputStream.read(OzoneInputStream.java:47)
	at java.io.InputStream.read(InputStream.java:101)
	at org.apache.hadoop.ozone.container.ContainerTestHelper.validateData(ContainerTestHelper.java:715)
	at org.apache.hadoop.ozone.client.rpc.TestBlockOutputStreamWithFailures.validateData(TestBlockOutputStreamWithFailures.java:1216)
	at org.apache.hadoop.ozone.client.rpc.TestBlockOutputStreamWithFailures.testFailureWithPrimeSizedData(TestBlockOutputStreamWithFailures.java:662)
	at sun.reflect.NativeMethodAccessorImpl.invoke0(Native Method)
	at sun.reflect.NativeMethodAccessorImpl.invoke(NativeMethodAccessorImpl.java:62)
	at sun.reflect.DelegatingMethodAccessorImpl.invoke(DelegatingMethodAccessorImpl.java:43)
	at java.lang.reflect.Method.invoke(Method.java:498)
	at org.junit.runners.model.FrameworkMethod$1.runReflectiveCall(FrameworkMethod.java:47)
	at org.junit.internal.runners.model.ReflectiveCallable.run(ReflectiveCallable.java:12)
	at org.junit.runners.model.FrameworkMethod.invokeExplosively(FrameworkMethod.java:44)
	at org.junit.internal.runners.statements.InvokeMethod.evaluate(InvokeMethod.java:17)
	at org.junit.internal.runners.statements.RunBefores.evaluate(RunBefores.java:26)
	at org.junit.internal.runners.statements.RunAfters.evaluate(RunAfters.java:27)
	at org.junit.runners.ParentRunner.runLeaf(ParentRunner.java:271)
	at org.junit.runners.BlockJUnit4ClassRunner.runChild(BlockJUnit4ClassRunner.java:70)
	at org.junit.runners.BlockJUnit4ClassRunner.runChild(BlockJUnit4ClassRunner.java:50)
	at org.junit.runners.ParentRunner$3.run(ParentRunner.java:238)
	at org.junit.runners.ParentRunner$1.schedule(ParentRunner.java:63)
	at org.junit.runners.ParentRunner.runChildren(ParentRunner.java:236)
	at org.junit.runners.ParentRunner.access$000(ParentRunner.java:53)
	at org.junit.runners.ParentRunner$2.evaluate(ParentRunner.java:229)
	at org.junit.runners.ParentRunner.run(ParentRunner.java:309)
	at org.apache.maven.surefire.junit4.JUnit4Provider.execute(JUnit4Provider.java:365)
	at org.apache.maven.surefire.junit4.JUnit4Provider.executeWithRerun(JUnit4Provider.java:273)
	at org.apache.maven.surefire.junit4.JUnit4Provider.executeTestSet(JUnit4Provider.java:238)
	at org.apache.maven.surefire.junit4.JUnit4Provider.invoke(JUnit4Provider.java:159)
	at org.apache.maven.surefire.booter.ForkedBooter.invokeProviderInSameClassLoader(ForkedBooter.java:384)
	at org.apache.maven.surefire.booter.ForkedBooter.runSuitesInProcess(ForkedBooter.java:345)
	at org.apache.maven.surefire.booter.ForkedBooter.execute(ForkedBooter.java:126)
	at org.apache.maven.surefire.booter.ForkedBooter.main(ForkedBooter.java:418)

Oct 10, 2019 12:01:48 AM org.apache.ratis.thirdparty.io.grpc.internal.ManagedChannelOrphanWrapper$ManagedChannelReference cleanQueue
SEVERE: *~*~*~ Channel ManagedChannelImpl{logId=3194, target=192.168.157.245:32935} was not shutdown properly!!! ~*~*~*
    Make sure to call shutdown()/shutdownNow() and wait until awaitTermination() returns true.
java.lang.RuntimeException: ManagedChannel allocation site
	at org.apache.ratis.thirdparty.io.grpc.internal.ManagedChannelOrphanWrapper$ManagedChannelReference.<init>(ManagedChannelOrphanWrapper.java:103)
	at org.apache.ratis.thirdparty.io.grpc.internal.ManagedChannelOrphanWrapper.<init>(ManagedChannelOrphanWrapper.java:53)
	at org.apache.ratis.thirdparty.io.grpc.internal.ManagedChannelOrphanWrapper.<init>(ManagedChannelOrphanWrapper.java:44)
	at org.apache.ratis.thirdparty.io.grpc.internal.AbstractManagedChannelImplBuilder.build(AbstractManagedChannelImplBuilder.java:411)
	at org.apache.hadoop.hdds.scm.XceiverClientGrpc.connectToDatanode(XceiverClientGrpc.java:183)
	at org.apache.hadoop.hdds.scm.XceiverClientGrpc.reconnect(XceiverClientGrpc.java:434)
	at org.apache.hadoop.hdds.scm.XceiverClientGrpc.sendCommandAsync(XceiverClientGrpc.java:382)
	at org.apache.hadoop.hdds.scm.XceiverClientGrpc.sendCommandWithRetry(XceiverClientGrpc.java:295)
	at org.apache.hadoop.hdds.scm.XceiverClientGrpc.sendCommandWithTraceIDAndRetry(XceiverClientGrpc.java:259)
	at org.apache.hadoop.hdds.scm.XceiverClientGrpc.sendCommand(XceiverClientGrpc.java:242)
	at org.apache.hadoop.hdds.scm.storage.ContainerProtocolCalls.readChunk(ContainerProtocolCalls.java:245)
	at org.apache.hadoop.hdds.scm.storage.ChunkInputStream.readChunk(ChunkInputStream.java:335)
	at org.apache.hadoop.hdds.scm.storage.ChunkInputStream.readChunkFromContainer(ChunkInputStream.java:307)
	at org.apache.hadoop.hdds.scm.storage.ChunkInputStream.prepareRead(ChunkInputStream.java:259)
	at org.apache.hadoop.hdds.scm.storage.ChunkInputStream.read(ChunkInputStream.java:144)
	at org.apache.hadoop.hdds.scm.storage.BlockInputStream.read(BlockInputStream.java:241)
	at org.apache.hadoop.ozone.client.io.KeyInputStream.read(KeyInputStream.java:173)
	at org.apache.hadoop.ozone.client.io.OzoneInputStream.read(OzoneInputStream.java:47)
	at java.io.InputStream.read(InputStream.java:101)
	at org.apache.hadoop.ozone.container.ContainerTestHelper.validateData(ContainerTestHelper.java:715)
	at org.apache.hadoop.ozone.client.rpc.TestBlockOutputStreamWithFailures.validateData(TestBlockOutputStreamWithFailures.java:1216)
	at org.apache.hadoop.ozone.client.rpc.TestBlockOutputStreamWithFailures.testFailureWithPrimeSizedData(TestBlockOutputStreamWithFailures.java:662)
	at sun.reflect.NativeMethodAccessorImpl.invoke0(Native Method)
	at sun.reflect.NativeMethodAccessorImpl.invoke(NativeMethodAccessorImpl.java:62)
	at sun.reflect.DelegatingMethodAccessorImpl.invoke(DelegatingMethodAccessorImpl.java:43)
	at java.lang.reflect.Method.invoke(Method.java:498)
	at org.junit.runners.model.FrameworkMethod$1.runReflectiveCall(FrameworkMethod.java:47)
	at org.junit.internal.runners.model.ReflectiveCallable.run(ReflectiveCallable.java:12)
	at org.junit.runners.model.FrameworkMethod.invokeExplosively(FrameworkMethod.java:44)
	at org.junit.internal.runners.statements.InvokeMethod.evaluate(InvokeMethod.java:17)
	at org.junit.internal.runners.statements.RunBefores.evaluate(RunBefores.java:26)
	at org.junit.internal.runners.statements.RunAfters.evaluate(RunAfters.java:27)
	at org.junit.runners.ParentRunner.runLeaf(ParentRunner.java:271)
	at org.junit.runners.BlockJUnit4ClassRunner.runChild(BlockJUnit4ClassRunner.java:70)
	at org.junit.runners.BlockJUnit4ClassRunner.runChild(BlockJUnit4ClassRunner.java:50)
	at org.junit.runners.ParentRunner$3.run(ParentRunner.java:238)
	at org.junit.runners.ParentRunner$1.schedule(ParentRunner.java:63)
	at org.junit.runners.ParentRunner.runChildren(ParentRunner.java:236)
	at org.junit.runners.ParentRunner.access$000(ParentRunner.java:53)
	at org.junit.runners.ParentRunner$2.evaluate(ParentRunner.java:229)
	at org.junit.runners.ParentRunner.run(ParentRunner.java:309)
	at org.apache.maven.surefire.junit4.JUnit4Provider.execute(JUnit4Provider.java:365)
	at org.apache.maven.surefire.junit4.JUnit4Provider.executeWithRerun(JUnit4Provider.java:273)
	at org.apache.maven.surefire.junit4.JUnit4Provider.executeTestSet(JUnit4Provider.java:238)
	at org.apache.maven.surefire.junit4.JUnit4Provider.invoke(JUnit4Provider.java:159)
	at org.apache.maven.surefire.booter.ForkedBooter.invokeProviderInSameClassLoader(ForkedBooter.java:384)
	at org.apache.maven.surefire.booter.ForkedBooter.runSuitesInProcess(ForkedBooter.java:345)
	at org.apache.maven.surefire.booter.ForkedBooter.execute(ForkedBooter.java:126)
	at org.apache.maven.surefire.booter.ForkedBooter.main(ForkedBooter.java:418)

Oct 10, 2019 12:01:48 AM org.apache.ratis.thirdparty.io.grpc.internal.ManagedChannelOrphanWrapper$ManagedChannelReference cleanQueue
SEVERE: *~*~*~ Channel ManagedChannelImpl{logId=2971, target=192.168.157.245:37207} was not shutdown properly!!! ~*~*~*
    Make sure to call shutdown()/shutdownNow() and wait until awaitTermination() returns true.
java.lang.RuntimeException: ManagedChannel allocation site
	at org.apache.ratis.thirdparty.io.grpc.internal.ManagedChannelOrphanWrapper$ManagedChannelReference.<init>(ManagedChannelOrphanWrapper.java:103)
	at org.apache.ratis.thirdparty.io.grpc.internal.ManagedChannelOrphanWrapper.<init>(ManagedChannelOrphanWrapper.java:53)
	at org.apache.ratis.thirdparty.io.grpc.internal.ManagedChannelOrphanWrapper.<init>(ManagedChannelOrphanWrapper.java:44)
	at org.apache.ratis.thirdparty.io.grpc.internal.AbstractManagedChannelImplBuilder.build(AbstractManagedChannelImplBuilder.java:411)
	at org.apache.ratis.grpc.client.GrpcClientProtocolClient.<init>(GrpcClientProtocolClient.java:128)
	at org.apache.ratis.grpc.client.GrpcClientRpc.lambda$new$0(GrpcClientRpc.java:55)
	at org.apache.ratis.util.PeerProxyMap$PeerAndProxy.lambda$getProxy$0(PeerProxyMap.java:61)
	at org.apache.ratis.util.LifeCycle.startAndTransition(LifeCycle.java:202)
	at org.apache.ratis.util.PeerProxyMap$PeerAndProxy.getProxy(PeerProxyMap.java:60)
	at org.apache.ratis.util.PeerProxyMap.getProxy(PeerProxyMap.java:108)
	at org.apache.ratis.grpc.client.GrpcClientRpc.sendRequestAsync(GrpcClientRpc.java:66)
	at org.apache.ratis.client.impl.OrderedAsync.sendRequest(OrderedAsync.java:208)
	at org.apache.ratis.client.impl.OrderedAsync.sendRequestWithRetry(OrderedAsync.java:169)
	at org.apache.ratis.util.SlidingWindow$Client.sendOrDelayRequest(SlidingWindow.java:278)
	at org.apache.ratis.util.SlidingWindow$Client.retry(SlidingWindow.java:294)
	at org.apache.ratis.client.impl.OrderedAsync.lambda$scheduleWithTimeout$7(OrderedAsync.java:195)
	at org.apache.ratis.util.TimeoutScheduler.lambda$onTimeout$0(TimeoutScheduler.java:113)
	at org.apache.ratis.util.TimeoutScheduler.lambda$onTimeout$1(TimeoutScheduler.java:133)
	at org.apache.ratis.util.LogUtils.runAndLog(LogUtils.java:50)
	at org.apache.ratis.util.LogUtils$1.run(LogUtils.java:91)
	at java.util.concurrent.Executors$RunnableAdapter.call(Executors.java:511)
	at java.util.concurrent.FutureTask.run(FutureTask.java:266)
	at java.util.concurrent.ScheduledThreadPoolExecutor$ScheduledFutureTask.access$201(ScheduledThreadPoolExecutor.java:180)
	at java.util.concurrent.ScheduledThreadPoolExecutor$ScheduledFutureTask.run(ScheduledThreadPoolExecutor.java:293)
	at java.util.concurrent.ThreadPoolExecutor.runWorker(ThreadPoolExecutor.java:1149)
	at java.util.concurrent.ThreadPoolExecutor$Worker.run(ThreadPoolExecutor.java:624)
	at java.lang.Thread.run(Thread.java:748)

Oct 10, 2019 12:01:48 AM org.apache.ratis.thirdparty.io.grpc.internal.ManagedChannelOrphanWrapper$ManagedChannelReference cleanQueue
SEVERE: *~*~*~ Channel ManagedChannelImpl{logId=3179, target=192.168.157.245:42047} was not shutdown properly!!! ~*~*~*
    Make sure to call shutdown()/shutdownNow() and wait until awaitTermination() returns true.
java.lang.RuntimeException: ManagedChannel allocation site
	at org.apache.ratis.thirdparty.io.grpc.internal.ManagedChannelOrphanWrapper$ManagedChannelReference.<init>(ManagedChannelOrphanWrapper.java:103)
	at org.apache.ratis.thirdparty.io.grpc.internal.ManagedChannelOrphanWrapper.<init>(ManagedChannelOrphanWrapper.java:53)
	at org.apache.ratis.thirdparty.io.grpc.internal.ManagedChannelOrphanWrapper.<init>(ManagedChannelOrphanWrapper.java:44)
	at org.apache.ratis.thirdparty.io.grpc.internal.AbstractManagedChannelImplBuilder.build(AbstractManagedChannelImplBuilder.java:411)
	at org.apache.ratis.grpc.client.GrpcClientProtocolClient.<init>(GrpcClientProtocolClient.java:128)
	at org.apache.ratis.grpc.client.GrpcClientRpc.lambda$new$0(GrpcClientRpc.java:55)
	at org.apache.ratis.util.PeerProxyMap$PeerAndProxy.lambda$getProxy$0(PeerProxyMap.java:61)
	at org.apache.ratis.util.LifeCycle.startAndTransition(LifeCycle.java:202)
	at org.apache.ratis.util.PeerProxyMap$PeerAndProxy.getProxy(PeerProxyMap.java:60)
	at org.apache.ratis.util.PeerProxyMap.getProxy(PeerProxyMap.java:108)
	at org.apache.ratis.grpc.client.GrpcClientRpc.sendRequestAsync(GrpcClientRpc.java:66)
	at org.apache.ratis.client.impl.OrderedAsync.sendRequest(OrderedAsync.java:208)
	at org.apache.ratis.client.impl.OrderedAsync.sendRequestWithRetry(OrderedAsync.java:169)
	at org.apache.ratis.util.SlidingWindow$Client.sendOrDelayRequest(SlidingWindow.java:278)
	at org.apache.ratis.util.SlidingWindow$Client.submitNewRequest(SlidingWindow.java:257)
	at org.apache.ratis.client.impl.OrderedAsync.send(OrderedAsync.java:155)
	at org.apache.ratis.client.impl.RaftClientImpl.sendAsync(RaftClientImpl.java:144)
	at org.apache.ratis.client.impl.RaftClientImpl.sendAsync(RaftClientImpl.java:124)
	at org.apache.hadoop.hdds.scm.XceiverClientRatis.sendRequestAsync(XceiverClientRatis.java:236)
	at org.apache.hadoop.hdds.scm.XceiverClientRatis.sendCommandAsync(XceiverClientRatis.java:317)
	at org.apache.hadoop.hdds.scm.storage.ContainerProtocolCalls.writeChunkAsync(ContainerProtocolCalls.java:310)
	at org.apache.hadoop.hdds.scm.storage.BlockOutputStream.writeChunkToContainer(BlockOutputStream.java:604)
	at org.apache.hadoop.hdds.scm.storage.BlockOutputStream.writeChunk(BlockOutputStream.java:462)
	at org.apache.hadoop.hdds.scm.storage.BlockOutputStream.writeOnRetry(BlockOutputStream.java:284)
	at org.apache.hadoop.ozone.client.io.BlockOutputStreamEntry.writeOnRetry(BlockOutputStreamEntry.java:200)
	at org.apache.hadoop.ozone.client.io.KeyOutputStream.handleWrite(KeyOutputStream.java:206)
	at org.apache.hadoop.ozone.client.io.KeyOutputStream.handleRetry(KeyOutputStream.java:375)
	at org.apache.hadoop.ozone.client.io.KeyOutputStream.handleException(KeyOutputStream.java:324)
	at org.apache.hadoop.ozone.client.io.KeyOutputStream.handleFlushOrClose(KeyOutputStream.java:449)
	at org.apache.hadoop.ozone.client.io.KeyOutputStream.flush(KeyOutputStream.java:397)
	at org.apache.hadoop.ozone.client.io.OzoneOutputStream.flush(OzoneOutputStream.java:54)
	at org.apache.hadoop.ozone.client.rpc.TestBlockOutputStreamWithFailures.testFailureWithPrimeSizedData(TestBlockOutputStreamWithFailures.java:633)
	at sun.reflect.NativeMethodAccessorImpl.invoke0(Native Method)
	at sun.reflect.NativeMethodAccessorImpl.invoke(NativeMethodAccessorImpl.java:62)
	at sun.reflect.DelegatingMethodAccessorImpl.invoke(DelegatingMethodAccessorImpl.java:43)
	at java.lang.reflect.Method.invoke(Method.java:498)
	at org.junit.runners.model.FrameworkMethod$1.runReflectiveCall(FrameworkMethod.java:47)
	at org.junit.internal.runners.model.ReflectiveCallable.run(ReflectiveCallable.java:12)
	at org.junit.runners.model.FrameworkMethod.invokeExplosively(FrameworkMethod.java:44)
	at org.junit.internal.runners.statements.InvokeMethod.evaluate(InvokeMethod.java:17)
	at org.junit.internal.runners.statements.RunBefores.evaluate(RunBefores.java:26)
	at org.junit.internal.runners.statements.RunAfters.evaluate(RunAfters.java:27)
	at org.junit.runners.ParentRunner.runLeaf(ParentRunner.java:271)
	at org.junit.runners.BlockJUnit4ClassRunner.runChild(BlockJUnit4ClassRunner.java:70)
	at org.junit.runners.BlockJUnit4ClassRunner.runChild(BlockJUnit4ClassRunner.java:50)
	at org.junit.runners.ParentRunner$3.run(ParentRunner.java:238)
	at org.junit.runners.ParentRunner$1.schedule(ParentRunner.java:63)
	at org.junit.runners.ParentRunner.runChildren(ParentRunner.java:236)
	at org.junit.runners.ParentRunner.access$000(ParentRunner.java:53)
	at org.junit.runners.ParentRunner$2.evaluate(ParentRunner.java:229)
	at org.junit.runners.ParentRunner.run(ParentRunner.java:309)
	at org.apache.maven.surefire.junit4.JUnit4Provider.execute(JUnit4Provider.java:365)
	at org.apache.maven.surefire.junit4.JUnit4Provider.executeWithRerun(JUnit4Provider.java:273)
	at org.apache.maven.surefire.junit4.JUnit4Provider.executeTestSet(JUnit4Provider.java:238)
	at org.apache.maven.surefire.junit4.JUnit4Provider.invoke(JUnit4Provider.java:159)
	at org.apache.maven.surefire.booter.ForkedBooter.invokeProviderInSameClassLoader(ForkedBooter.java:384)
	at org.apache.maven.surefire.booter.ForkedBooter.runSuitesInProcess(ForkedBooter.java:345)
	at org.apache.maven.surefire.booter.ForkedBooter.execute(ForkedBooter.java:126)
	at org.apache.maven.surefire.booter.ForkedBooter.main(ForkedBooter.java:418)

Oct 10, 2019 12:01:48 AM org.apache.ratis.thirdparty.io.grpc.internal.ManagedChannelOrphanWrapper$ManagedChannelReference cleanQueue
SEVERE: *~*~*~ Channel ManagedChannelImpl{logId=2946, target=192.168.157.245:42194} was not shutdown properly!!! ~*~*~*
    Make sure to call shutdown()/shutdownNow() and wait until awaitTermination() returns true.
java.lang.RuntimeException: ManagedChannel allocation site
	at org.apache.ratis.thirdparty.io.grpc.internal.ManagedChannelOrphanWrapper$ManagedChannelReference.<init>(ManagedChannelOrphanWrapper.java:103)
	at org.apache.ratis.thirdparty.io.grpc.internal.ManagedChannelOrphanWrapper.<init>(ManagedChannelOrphanWrapper.java:53)
	at org.apache.ratis.thirdparty.io.grpc.internal.ManagedChannelOrphanWrapper.<init>(ManagedChannelOrphanWrapper.java:44)
	at org.apache.ratis.thirdparty.io.grpc.internal.AbstractManagedChannelImplBuilder.build(AbstractManagedChannelImplBuilder.java:411)
	at org.apache.ratis.grpc.client.GrpcClientProtocolClient.<init>(GrpcClientProtocolClient.java:128)
	at org.apache.ratis.grpc.client.GrpcClientRpc.lambda$new$0(GrpcClientRpc.java:55)
	at org.apache.ratis.util.PeerProxyMap$PeerAndProxy.lambda$getProxy$0(PeerProxyMap.java:61)
	at org.apache.ratis.util.LifeCycle.startAndTransition(LifeCycle.java:202)
	at org.apache.ratis.util.PeerProxyMap$PeerAndProxy.getProxy(PeerProxyMap.java:60)
	at org.apache.ratis.util.PeerProxyMap.getProxy(PeerProxyMap.java:108)
	at org.apache.ratis.grpc.client.GrpcClientRpc.sendRequestAsync(GrpcClientRpc.java:66)
	at org.apache.ratis.client.impl.OrderedAsync.sendRequest(OrderedAsync.java:208)
	at org.apache.ratis.client.impl.OrderedAsync.sendRequestWithRetry(OrderedAsync.java:169)
	at org.apache.ratis.util.SlidingWindow$Client.sendOrDelayRequest(SlidingWindow.java:278)
	at org.apache.ratis.util.SlidingWindow$Client.retry(SlidingWindow.java:294)
	at org.apache.ratis.client.impl.OrderedAsync.lambda$scheduleWithTimeout$7(OrderedAsync.java:195)
	at org.apache.ratis.util.TimeoutScheduler.lambda$onTimeout$0(TimeoutScheduler.java:113)
	at org.apache.ratis.util.TimeoutScheduler.lambda$onTimeout$1(TimeoutScheduler.java:133)
	at org.apache.ratis.util.LogUtils.runAndLog(LogUtils.java:50)
	at org.apache.ratis.util.LogUtils$1.run(LogUtils.java:91)
	at java.util.concurrent.Executors$RunnableAdapter.call(Executors.java:511)
	at java.util.concurrent.FutureTask.run(FutureTask.java:266)
	at java.util.concurrent.ScheduledThreadPoolExecutor$ScheduledFutureTask.access$201(ScheduledThreadPoolExecutor.java:180)
	at java.util.concurrent.ScheduledThreadPoolExecutor$ScheduledFutureTask.run(ScheduledThreadPoolExecutor.java:293)
	at java.util.concurrent.ThreadPoolExecutor.runWorker(ThreadPoolExecutor.java:1149)
	at java.util.concurrent.ThreadPoolExecutor$Worker.run(ThreadPoolExecutor.java:624)
	at java.lang.Thread.run(Thread.java:748)

Oct 10, 2019 12:02:08 AM org.apache.ratis.thirdparty.io.grpc.internal.SerializingExecutor run
SEVERE: Exception while executing runnable org.apache.ratis.thirdparty.io.grpc.internal.ServerImpl$JumpToApplicationThreadServerStreamListener$1Closed@7a0e86c0
org.apache.ratis.thirdparty.io.grpc.StatusRuntimeException: CANCELLED: call already cancelled
	at org.apache.ratis.thirdparty.io.grpc.Status.asRuntimeException(Status.java:517)
	at org.apache.ratis.thirdparty.io.grpc.stub.ServerCalls$ServerCallStreamObserverImpl.onCompleted(ServerCalls.java:356)
	at org.apache.ratis.grpc.server.GrpcServerProtocolService$ServerRequestStreamObserver.onError(GrpcServerProtocolService.java:121)
	at org.apache.ratis.thirdparty.io.grpc.stub.ServerCalls$StreamingServerCallHandler$StreamingServerCallListener.onCancel(ServerCalls.java:269)
	at org.apache.ratis.thirdparty.io.grpc.internal.ServerCallImpl$ServerStreamListenerImpl.closed(ServerCallImpl.java:293)
	at org.apache.ratis.thirdparty.io.grpc.internal.ServerImpl$JumpToApplicationThreadServerStreamListener$1Closed.runInContext(ServerImpl.java:741)
	at org.apache.ratis.thirdparty.io.grpc.internal.ContextRunnable.run(ContextRunnable.java:37)
	at org.apache.ratis.thirdparty.io.grpc.internal.SerializingExecutor.run(SerializingExecutor.java:123)
	at java.util.concurrent.ThreadPoolExecutor.runWorker(ThreadPoolExecutor.java:1149)
	at java.util.concurrent.ThreadPoolExecutor$Worker.run(ThreadPoolExecutor.java:624)
	at java.lang.Thread.run(Thread.java:748)

]]></system-err>
  </testcase>
  <testcase name="testExceptionDuringClose" classname="org.apache.hadoop.ozone.client.rpc.TestBlockOutputStreamWithFailures" time="33.851"/>
</testsuite>