<?xml version="1.0" encoding="UTF-8"?>
<testsuite xmlns:xsi="http://www.w3.org/2001/XMLSchema-instance" xsi:noNamespaceSchemaLocation="https://maven.apache.org/surefire/maven-surefire-plugin/xsd/surefire-test-report.xsd" name="org.apache.hadoop.ozone.client.rpc.TestWatchForCommit" time="258.993" tests="5" errors="1" skipped="0" failures="0">
  <properties>
    <property name="awt.toolkit" value="sun.awt.X11.XToolkit"/>
    <property name="file.encoding.pkg" value="sun.io"/>
    <property name="java.specification.version" value="1.8"/>
    <property name="sun.cpu.isalist" value=""/>
    <property name="sun.jnu.encoding" value="UTF-8"/>
    <property name="java.class.path" value="/workdir/hadoop-ozone/integration-test/target/test-classes:/workdir/hadoop-ozone/integration-test/target/classes:/home/user/.m2/repository/org/apache/hadoop/hadoop-ozone-common/0.5.0-SNAPSHOT/hadoop-ozone-common-0.5.0-SNAPSHOT.jar:/home/user/.m2/repository/org/apache/commons/commons-compress/1.4.1/commons-compress-1.4.1.jar:/home/user/.m2/repository/org/tukaani/xz/1.0/xz-1.0.jar:/home/user/.m2/repository/org/apache/hadoop/hadoop-common/3.2.0/hadoop-common-3.2.0.jar:/home/user/.m2/repository/org/apache/hadoop/hadoop-hdfs/3.2.0/hadoop-hdfs-3.2.0.jar:/home/user/.m2/repository/org/apache/hadoop/hadoop-hdfs-client/3.2.0/hadoop-hdfs-client-3.2.0.jar:/home/user/.m2/repository/com/fasterxml/jackson/core/jackson-annotations/2.9.9/jackson-annotations-2.9.9.jar:/home/user/.m2/repository/org/apache/hadoop/hadoop-hdds-common/0.5.0-SNAPSHOT/hadoop-hdds-common-0.5.0-SNAPSHOT.jar:/home/user/.m2/repository/javax/annotation/javax.annotation-api/1.2/javax.annotation-api-1.2.jar:/home/user/.m2/repository/org/apache/ratis/ratis-server/0.5.0-201fc85-SNAPSHOT/ratis-server-0.5.0-201fc85-SNAPSHOT.jar:/home/user/.m2/repository/org/apache/ratis/ratis-thirdparty-misc/0.2.0/ratis-thirdparty-misc-0.2.0.jar:/home/user/.m2/repository/org/apache/ratis/ratis-proto/0.5.0-201fc85-SNAPSHOT/ratis-proto-0.5.0-201fc85-SNAPSHOT.jar:/home/user/.m2/repository/org/apache/ratis/ratis-common/0.5.0-201fc85-SNAPSHOT/ratis-common-0.5.0-201fc85-SNAPSHOT.jar:/home/user/.m2/repository/org/apache/ratis/ratis-client/0.5.0-201fc85-SNAPSHOT/ratis-client-0.5.0-201fc85-SNAPSHOT.jar:/home/user/.m2/repository/org/apache/ratis/ratis-metrics/0.5.0-201fc85-SNAPSHOT/ratis-metrics-0.5.0-201fc85-SNAPSHOT.jar:/home/user/.m2/repository/com/github/joshelser/dropwizard-metrics-hadoop-metrics2-reporter/0.1.2/dropwizard-metrics-hadoop-metrics2-reporter-0.1.2.jar:/home/user/.m2/repository/io/dropwizard/metrics/metrics-jvm/3.2.5/metrics-jvm-3.2.5.jar:/home/user/.m2/repository/io/dropwizard/metrics/metrics-ganglia/3.2.5/metrics-ganglia-3.2.5.jar:/home/user/.m2/repository/info/ganglia/gmetric4j/gmetric4j/1.0.7/gmetric4j-1.0.7.jar:/home/user/.m2/repository/org/apache/ratis/ratis-netty/0.5.0-201fc85-SNAPSHOT/ratis-netty-0.5.0-201fc85-SNAPSHOT.jar:/home/user/.m2/repository/org/apache/ratis/ratis-grpc/0.5.0-201fc85-SNAPSHOT/ratis-grpc-0.5.0-201fc85-SNAPSHOT.jar:/home/user/.m2/repository/org/rocksdb/rocksdbjni/6.0.1/rocksdbjni-6.0.1.jar:/home/user/.m2/repository/org/apache/logging/log4j/log4j-api/2.11.0/log4j-api-2.11.0.jar:/home/user/.m2/repository/org/apache/logging/log4j/log4j-core/2.11.0/log4j-core-2.11.0.jar:/home/user/.m2/repository/com/lmax/disruptor/3.4.2/disruptor-3.4.2.jar:/home/user/.m2/repository/org/apache/commons/commons-pool2/2.6.0/commons-pool2-2.6.0.jar:/home/user/.m2/repository/org/bouncycastle/bcpkix-jdk15on/1.60/bcpkix-jdk15on-1.60.jar:/home/user/.m2/repository/commons-validator/commons-validator/1.6/commons-validator-1.6.jar:/home/user/.m2/repository/commons-digester/commons-digester/1.8.1/commons-digester-1.8.1.jar:/home/user/.m2/repository/io/jaegertracing/jaeger-client/0.34.0/jaeger-client-0.34.0.jar:/home/user/.m2/repository/io/jaegertracing/jaeger-thrift/0.34.0/jaeger-thrift-0.34.0.jar:/home/user/.m2/repository/org/apache/thrift/libthrift/0.12.0/libthrift-0.12.0.jar:/home/user/.m2/repository/com/squareup/okhttp3/okhttp/3.9.0/okhttp-3.9.0.jar:/home/user/.m2/repository/com/squareup/okio/okio/1.13.0/okio-1.13.0.jar:/home/user/.m2/repository/io/jaegertracing/jaeger-core/0.34.0/jaeger-core-0.34.0.jar:/home/user/.m2/repository/io/jaegertracing/jaeger-tracerresolver/0.34.0/jaeger-tracerresolver-0.34.0.jar:/home/user/.m2/repository/io/opentracing/contrib/opentracing-tracerresolver/0.1.5/opentracing-tracerresolver-0.1.5.jar:/home/user/.m2/repository/io/opentracing/opentracing-util/0.31.0/opentracing-util-0.31.0.jar:/home/user/.m2/repository/io/opentracing/opentracing-api/0.31.0/opentracing-api-0.31.0.jar:/home/user/.m2/repository/io/opentracing/opentracing-noop/0.31.0/opentracing-noop-0.31.0.jar:/home/user/.m2/repository/org/apache/hadoop/hadoop-hdds-server-framework/0.5.0-SNAPSHOT/hadoop-hdds-server-framework-0.5.0-SNAPSHOT.jar:/home/user/.m2/repository/org/apache/hadoop/hadoop-hdds-container-service/0.5.0-SNAPSHOT/hadoop-hdds-container-service-0.5.0-SNAPSHOT.jar:/home/user/.m2/repository/org/apache/hadoop/hadoop-hdds-client/0.5.0-SNAPSHOT/hadoop-hdds-client-0.5.0-SNAPSHOT.jar:/home/user/.m2/repository/org/apache/hadoop/hadoop-hdds-tools/0.5.0-SNAPSHOT/hadoop-hdds-tools-0.5.0-SNAPSHOT.jar:/home/user/.m2/repository/org/apache/hadoop/hadoop-hdds-server-scm/0.5.0-SNAPSHOT/hadoop-hdds-server-scm-0.5.0-SNAPSHOT.jar:/home/user/.m2/repository/org/apache/hadoop/hadoop-hdds-docs/0.5.0-SNAPSHOT/hadoop-hdds-docs-0.5.0-SNAPSHOT.jar:/home/user/.m2/repository/io/dropwizard/metrics/metrics-core/3.2.4/metrics-core-3.2.4.jar:/home/user/.m2/repository/org/hamcrest/hamcrest-all/1.3/hamcrest-all-1.3.jar:/home/user/.m2/repository/org/bouncycastle/bcprov-jdk15on/1.60/bcprov-jdk15on-1.60.jar:/home/user/.m2/repository/info/picocli/picocli/3.9.6/picocli-3.9.6.jar:/home/user/.m2/repository/com/google/protobuf/protobuf-java/2.5.0/protobuf-java-2.5.0.jar:/home/user/.m2/repository/com/google/guava/guava/11.0.2/guava-11.0.2.jar:/home/user/.m2/repository/org/apache/hadoop/hadoop-ozone-ozone-manager/0.5.0-SNAPSHOT/hadoop-ozone-ozone-manager-0.5.0-SNAPSHOT.jar:/home/user/.m2/repository/org/apache/hadoop/hadoop-minikdc/3.2.0/hadoop-minikdc-3.2.0.jar:/home/user/.m2/repository/commons-io/commons-io/2.5/commons-io-2.5.jar:/home/user/.m2/repository/org/apache/kerby/kerb-simplekdc/1.0.1/kerb-simplekdc-1.0.1.jar:/home/user/.m2/repository/org/apache/kerby/kerb-client/1.0.1/kerb-client-1.0.1.jar:/home/user/.m2/repository/org/apache/kerby/kerby-config/1.0.1/kerby-config-1.0.1.jar:/home/user/.m2/repository/org/apache/kerby/kerb-core/1.0.1/kerb-core-1.0.1.jar:/home/user/.m2/repository/org/apache/kerby/kerby-pkix/1.0.1/kerby-pkix-1.0.1.jar:/home/user/.m2/repository/org/apache/kerby/kerby-asn1/1.0.1/kerby-asn1-1.0.1.jar:/home/user/.m2/repository/org/apache/kerby/kerby-util/1.0.1/kerby-util-1.0.1.jar:/home/user/.m2/repository/org/apache/kerby/kerb-common/1.0.1/kerb-common-1.0.1.jar:/home/user/.m2/repository/org/apache/kerby/kerb-crypto/1.0.1/kerb-crypto-1.0.1.jar:/home/user/.m2/repository/org/apache/kerby/kerb-util/1.0.1/kerb-util-1.0.1.jar:/home/user/.m2/repository/org/apache/kerby/token-provider/1.0.1/token-provider-1.0.1.jar:/home/user/.m2/repository/org/apache/kerby/kerb-admin/1.0.1/kerb-admin-1.0.1.jar:/home/user/.m2/repository/org/apache/kerby/kerb-server/1.0.1/kerb-server-1.0.1.jar:/home/user/.m2/repository/org/apache/kerby/kerb-identity/1.0.1/kerb-identity-1.0.1.jar:/home/user/.m2/repository/org/apache/kerby/kerby-xdr/1.0.1/kerby-xdr-1.0.1.jar:/home/user/.m2/repository/org/slf4j/slf4j-log4j12/1.7.25/slf4j-log4j12-1.7.25.jar:/home/user/.m2/repository/org/apache/hadoop/hadoop-ozone-s3gateway/0.5.0-SNAPSHOT/hadoop-ozone-s3gateway-0.5.0-SNAPSHOT.jar:/home/user/.m2/repository/org/jboss/weld/servlet/weld-servlet/2.4.7.Final/weld-servlet-2.4.7.Final.jar:/home/user/.m2/repository/org/glassfish/jersey/containers/jersey-container-servlet-core/2.27/jersey-container-servlet-core-2.27.jar:/home/user/.m2/repository/org/glassfish/hk2/external/javax.inject/2.5.0-b42/javax.inject-2.5.0-b42.jar:/home/user/.m2/repository/org/glassfish/jersey/core/jersey-common/2.27/jersey-common-2.27.jar:/home/user/.m2/repository/org/glassfish/hk2/osgi-resource-locator/1.0.1/osgi-resource-locator-1.0.1.jar:/home/user/.m2/repository/javax/ws/rs/javax.ws.rs-api/2.1/javax.ws.rs-api-2.1.jar:/home/user/.m2/repository/org/glassfish/jersey/ext/cdi/jersey-cdi1x/2.27/jersey-cdi1x-2.27.jar:/home/user/.m2/repository/org/glassfish/jersey/inject/jersey-hk2/2.27/jersey-hk2-2.27.jar:/home/user/.m2/repository/org/glassfish/hk2/hk2-locator/2.5.0-b42/hk2-locator-2.5.0-b42.jar:/home/user/.m2/repository/org/javassist/javassist/3.22.0-CR2/javassist-3.22.0-CR2.jar:/home/user/.m2/repository/org/glassfish/hk2/hk2-api/2.5.0/hk2-api-2.5.0.jar:/home/user/.m2/repository/org/glassfish/hk2/external/jakarta.inject/2.5.0/jakarta.inject-2.5.0.jar:/home/user/.m2/repository/org/glassfish/hk2/hk2-utils/2.5.0/hk2-utils-2.5.0.jar:/home/user/.m2/repository/jakarta/annotation/jakarta.annotation-api/1.3.4/jakarta.annotation-api-1.3.4.jar:/home/user/.m2/repository/org/glassfish/hk2/external/aopalliance-repackaged/2.5.0/aopalliance-repackaged-2.5.0.jar:/home/user/.m2/repository/com/fasterxml/jackson/dataformat/jackson-dataformat-xml/2.9.0/jackson-dataformat-xml-2.9.0.jar:/home/user/.m2/repository/com/fasterxml/jackson/core/jackson-core/2.9.9/jackson-core-2.9.9.jar:/home/user/.m2/repository/com/fasterxml/jackson/module/jackson-module-jaxb-annotations/2.9.9/jackson-module-jaxb-annotations-2.9.9.jar:/home/user/.m2/repository/javax/enterprise/cdi-api/1.2/cdi-api-1.2.jar:/home/user/.m2/repository/javax/el/javax.el-api/3.0.0/javax.el-api-3.0.0.jar:/home/user/.m2/repository/javax/interceptor/javax.interceptor-api/1.2/javax.interceptor-api-1.2.jar:/home/user/.m2/repository/javax/inject/javax.inject/1/javax.inject-1.jar:/home/user/.m2/repository/com/sun/xml/bind/jaxb-impl/2.3.0.1/jaxb-impl-2.3.0.1.jar:/home/user/.m2/repository/com/sun/xml/bind/jaxb-core/2.3.0.1/jaxb-core-2.3.0.1.jar:/home/user/.m2/repository/javax/xml/bind/jaxb-api/2.3.0/jaxb-api-2.3.0.jar:/home/user/.m2/repository/javax/activation/activation/1.1.1/activation-1.1.1.jar:/home/user/.m2/repository/org/apache/hadoop/hadoop-ozone-csi/0.5.0-SNAPSHOT/hadoop-ozone-csi-0.5.0-SNAPSHOT.jar:/home/user/.m2/repository/com/google/protobuf/protobuf-java-util/3.5.1/protobuf-java-util-3.5.1.jar:/home/user/.m2/repository/org/apache/hadoop/hadoop-hdds-config/0.5.0-SNAPSHOT/hadoop-hdds-config-0.5.0-SNAPSHOT.jar:/home/user/.m2/repository/io/grpc/grpc-netty/1.17.1/grpc-netty-1.17.1.jar:/home/user/.m2/repository/io/grpc/grpc-core/1.17.1/grpc-core-1.17.1.jar:/home/user/.m2/repository/io/grpc/grpc-context/1.17.1/grpc-context-1.17.1.jar:/home/user/.m2/repository/com/google/errorprone/error_prone_annotations/2.2.0/error_prone_annotations-2.2.0.jar:/home/user/.m2/repository/org/codehaus/mojo/animal-sniffer-annotations/1.17/animal-sniffer-annotations-1.17.jar:/home/user/.m2/repository/io/opencensus/opencensus-api/0.17.0/opencensus-api-0.17.0.jar:/home/user/.m2/repository/io/opencensus/opencensus-contrib-grpc-metrics/0.17.0/opencensus-contrib-grpc-metrics-0.17.0.jar:/home/user/.m2/repository/io/netty/netty-codec-http2/4.1.30.Final/netty-codec-http2-4.1.30.Final.jar:/home/user/.m2/repository/io/netty/netty-codec-http/4.1.30.Final/netty-codec-http-4.1.30.Final.jar:/home/user/.m2/repository/io/netty/netty-codec/4.1.30.Final/netty-codec-4.1.30.Final.jar:/home/user/.m2/repository/io/netty/netty-handler/4.1.30.Final/netty-handler-4.1.30.Final.jar:/home/user/.m2/repository/io/netty/netty-handler-proxy/4.1.30.Final/netty-handler-proxy-4.1.30.Final.jar:/home/user/.m2/repository/io/netty/netty-codec-socks/4.1.30.Final/netty-codec-socks-4.1.30.Final.jar:/home/user/.m2/repository/io/netty/netty-transport-native-epoll/4.1.30.Final/netty-transport-native-epoll-4.1.30.Final.jar:/home/user/.m2/repository/io/netty/netty-common/4.1.30.Final/netty-common-4.1.30.Final.jar:/home/user/.m2/repository/io/netty/netty-buffer/4.1.30.Final/netty-buffer-4.1.30.Final.jar:/home/user/.m2/repository/io/netty/netty-transport/4.1.30.Final/netty-transport-4.1.30.Final.jar:/home/user/.m2/repository/io/netty/netty-resolver/4.1.30.Final/netty-resolver-4.1.30.Final.jar:/home/user/.m2/repository/io/netty/netty-transport-native-unix-common/4.1.30.Final/netty-transport-native-unix-common-4.1.30.Final.jar:/home/user/.m2/repository/io/grpc/grpc-protobuf/1.17.1/grpc-protobuf-1.17.1.jar:/home/user/.m2/repository/com/google/api/grpc/proto-google-common-protos/1.0.0/proto-google-common-protos-1.0.0.jar:/home/user/.m2/repository/io/grpc/grpc-protobuf-lite/1.17.1/grpc-protobuf-lite-1.17.1.jar:/home/user/.m2/repository/io/grpc/grpc-stub/1.17.1/grpc-stub-1.17.1.jar:/home/user/.m2/repository/org/apache/hadoop/hadoop-ozone-recon/0.5.0-SNAPSHOT/hadoop-ozone-recon-0.5.0-SNAPSHOT.jar:/home/user/.m2/repository/org/apache/hadoop/hadoop-ozone-reconcodegen/0.5.0-SNAPSHOT/hadoop-ozone-reconcodegen-0.5.0-SNAPSHOT.jar:/home/user/.m2/repository/com/google/inject/extensions/guice-multibindings/4.0/guice-multibindings-4.0.jar:/home/user/.m2/repository/com/google/inject/guice/4.0/guice-4.0.jar:/home/user/.m2/repository/aopalliance/aopalliance/1.0/aopalliance-1.0.jar:/home/user/.m2/repository/com/google/inject/extensions/guice-servlet/4.0/guice-servlet-4.0.jar:/home/user/.m2/repository/org/glassfish/jersey/containers/jersey-container-servlet/2.27/jersey-container-servlet-2.27.jar:/home/user/.m2/repository/org/glassfish/hk2/guice-bridge/2.5.0/guice-bridge-2.5.0.jar:/home/user/.m2/repository/org/glassfish/jersey/core/jersey-server/2.27/jersey-server-2.27.jar:/home/user/.m2/repository/org/glassfish/jersey/core/jersey-client/2.27/jersey-client-2.27.jar:/home/user/.m2/repository/org/glassfish/jersey/media/jersey-media-jaxb/2.27/jersey-media-jaxb-2.27.jar:/home/user/.m2/repository/javax/validation/validation-api/1.1.0.Final/validation-api-1.1.0.Final.jar:/home/user/.m2/repository/org/glassfish/jersey/media/jersey-media-json-jackson/2.27/jersey-media-json-jackson-2.27.jar:/home/user/.m2/repository/org/glassfish/jersey/ext/jersey-entity-filtering/2.27/jersey-entity-filtering-2.27.jar:/home/user/.m2/repository/com/google/inject/extensions/guice-assistedinject/4.0/guice-assistedinject-4.0.jar:/home/user/.m2/repository/org/jooq/jooq/3.11.10/jooq-3.11.10.jar:/home/user/.m2/repository/org/jooq/jooq-meta/3.11.10/jooq-meta-3.11.10.jar:/home/user/.m2/repository/org/jooq/jooq-codegen/3.11.10/jooq-codegen-3.11.10.jar:/home/user/.m2/repository/com/jolbox/bonecp/0.8.0.RELEASE/bonecp-0.8.0.RELEASE.jar:/home/user/.m2/repository/org/xerial/sqlite-jdbc/3.25.2/sqlite-jdbc-3.25.2.jar:/home/user/.m2/repository/org/springframework/spring-jdbc/5.1.3.RELEASE/spring-jdbc-5.1.3.RELEASE.jar:/home/user/.m2/repository/org/springframework/spring-beans/5.1.3.RELEASE/spring-beans-5.1.3.RELEASE.jar:/home/user/.m2/repository/org/springframework/spring-core/5.1.3.RELEASE/spring-core-5.1.3.RELEASE.jar:/home/user/.m2/repository/org/springframework/spring-jcl/5.1.3.RELEASE/spring-jcl-5.1.3.RELEASE.jar:/home/user/.m2/repository/org/springframework/spring-tx/5.1.3.RELEASE/spring-tx-5.1.3.RELEASE.jar:/home/user/.m2/repository/org/apache/hadoop/hadoop-ozone-client/0.5.0-SNAPSHOT/hadoop-ozone-client-0.5.0-SNAPSHOT.jar:/home/user/.m2/repository/commons-lang/commons-lang/2.6/commons-lang-2.6.jar:/home/user/.m2/repository/org/apache/hadoop/hadoop-ozone-ozone-manager/0.5.0-SNAPSHOT/hadoop-ozone-ozone-manager-0.5.0-SNAPSHOT-tests.jar:/home/user/.m2/repository/junit/junit/4.11/junit-4.11.jar:/home/user/.m2/repository/org/hamcrest/hamcrest-core/1.3/hamcrest-core-1.3.jar:/home/user/.m2/repository/org/openjdk/jmh/jmh-core/1.19/jmh-core-1.19.jar:/home/user/.m2/repository/net/sf/jopt-simple/jopt-simple/4.6/jopt-simple-4.6.jar:/home/user/.m2/repository/org/apache/commons/commons-math3/3.1.1/commons-math3-3.1.1.jar:/home/user/.m2/repository/org/openjdk/jmh/jmh-generator-annprocess/1.19/jmh-generator-annprocess-1.19.jar:/home/user/.m2/repository/org/mockito/mockito-all/1.8.5/mockito-all-1.8.5.jar:/home/user/.m2/repository/org/apache/hadoop/hadoop-kms/3.2.0/hadoop-kms-3.2.0.jar:/home/user/.m2/repository/org/apache/hadoop/hadoop-auth/3.2.0/hadoop-auth-3.2.0.jar:/home/user/.m2/repository/com/nimbusds/nimbus-jose-jwt/4.41.1/nimbus-jose-jwt-4.41.1.jar:/home/user/.m2/repository/com/github/stephenc/jcip/jcip-annotations/1.0-1/jcip-annotations-1.0-1.jar:/home/user/.m2/repository/net/minidev/json-smart/2.3/json-smart-2.3.jar:/home/user/.m2/repository/net/minidev/accessors-smart/1.2/accessors-smart-1.2.jar:/home/user/.m2/repository/org/ow2/asm/asm/5.0.4/asm-5.0.4.jar:/home/user/.m2/repository/org/apache/curator/curator-framework/2.12.0/curator-framework-2.12.0.jar:/home/user/.m2/repository/com/sun/jersey/jersey-core/1.19/jersey-core-1.19.jar:/home/user/.m2/repository/javax/ws/rs/jsr311-api/1.1.1/jsr311-api-1.1.1.jar:/home/user/.m2/repository/com/sun/jersey/jersey-server/1.19/jersey-server-1.19.jar:/home/user/.m2/repository/javax/servlet/javax.servlet-api/3.1.0/javax.servlet-api-3.1.0.jar:/home/user/.m2/repository/org/eclipse/jetty/jetty-server/9.3.25.v20180904/jetty-server-9.3.25.v20180904.jar:/home/user/.m2/repository/org/eclipse/jetty/jetty-http/9.3.25.v20180904/jetty-http-9.3.25.v20180904.jar:/home/user/.m2/repository/org/eclipse/jetty/jetty-io/9.3.25.v20180904/jetty-io-9.3.25.v20180904.jar:/home/user/.m2/repository/org/eclipse/jetty/jetty-webapp/9.3.25.v20180904/jetty-webapp-9.3.25.v20180904.jar:/home/user/.m2/repository/org/eclipse/jetty/jetty-xml/9.3.25.v20180904/jetty-xml-9.3.25.v20180904.jar:/home/user/.m2/repository/log4j/log4j/1.2.17/log4j-1.2.17.jar:/home/user/.m2/repository/org/slf4j/slf4j-api/1.7.25/slf4j-api-1.7.25.jar:/home/user/.m2/repository/org/slf4j/jul-to-slf4j/1.7.25/jul-to-slf4j-1.7.25.jar:/home/user/.m2/repository/org/eclipse/jetty/jetty-util/9.3.25.v20180904/jetty-util-9.3.25.v20180904.jar:/home/user/.m2/repository/com/fasterxml/jackson/core/jackson-databind/2.9.9/jackson-databind-2.9.9.jar:/home/user/.m2/repository/org/apache/hadoop/hadoop-kms/3.2.0/hadoop-kms-3.2.0-tests.jar:/home/user/.m2/repository/org/apache/hadoop/hadoop-hdds-server-scm/0.5.0-SNAPSHOT/hadoop-hdds-server-scm-0.5.0-SNAPSHOT-tests.jar:/home/user/.m2/repository/org/apache/hadoop/hadoop-hdds-container-service/0.5.0-SNAPSHOT/hadoop-hdds-container-service-0.5.0-SNAPSHOT-tests.jar:/home/user/.m2/repository/org/yaml/snakeyaml/1.16/snakeyaml-1.16.jar:/home/user/.m2/repository/org/apache/hadoop/hadoop-common/3.2.0/hadoop-common-3.2.0-tests.jar:/home/user/.m2/repository/org/apache/hadoop/hadoop-annotations/3.2.0/hadoop-annotations-3.2.0.jar:/usr/lib/jvm/java-1.8-openjdk/jre/../lib/tools.jar:/home/user/.m2/repository/commons-cli/commons-cli/1.2/commons-cli-1.2.jar:/home/user/.m2/repository/org/apache/httpcomponents/httpclient/4.5.2/httpclient-4.5.2.jar:/home/user/.m2/repository/org/apache/httpcomponents/httpcore/4.4.4/httpcore-4.4.4.jar:/home/user/.m2/repository/commons-codec/commons-codec/1.11/commons-codec-1.11.jar:/home/user/.m2/repository/commons-net/commons-net/3.6/commons-net-3.6.jar:/home/user/.m2/repository/commons-collections/commons-collections/3.2.2/commons-collections-3.2.2.jar:/home/user/.m2/repository/org/eclipse/jetty/jetty-servlet/9.3.25.v20180904/jetty-servlet-9.3.25.v20180904.jar:/home/user/.m2/repository/org/eclipse/jetty/jetty-security/9.3.25.v20180904/jetty-security-9.3.25.v20180904.jar:/home/user/.m2/repository/javax/servlet/jsp/jsp-api/2.1/jsp-api-2.1.jar:/home/user/.m2/repository/com/sun/jersey/jersey-servlet/1.19/jersey-servlet-1.19.jar:/home/user/.m2/repository/com/sun/jersey/jersey-json/1.19/jersey-json-1.19.jar:/home/user/.m2/repository/org/codehaus/jettison/jettison/1.1/jettison-1.1.jar:/home/user/.m2/repository/org/codehaus/jackson/jackson-core-asl/1.9.13/jackson-core-asl-1.9.13.jar:/home/user/.m2/repository/org/codehaus/jackson/jackson-mapper-asl/1.9.13/jackson-mapper-asl-1.9.13.jar:/home/user/.m2/repository/org/codehaus/jackson/jackson-jaxrs/1.9.13/jackson-jaxrs-1.9.13.jar:/home/user/.m2/repository/org/codehaus/jackson/jackson-xc/1.9.13/jackson-xc-1.9.13.jar:/home/user/.m2/repository/commons-logging/commons-logging/1.1.3/commons-logging-1.1.3.jar:/home/user/.m2/repository/commons-beanutils/commons-beanutils/1.9.4/commons-beanutils-1.9.4.jar:/home/user/.m2/repository/org/apache/commons/commons-configuration2/2.1.1/commons-configuration2-2.1.1.jar:/home/user/.m2/repository/org/apache/commons/commons-lang3/3.7/commons-lang3-3.7.jar:/home/user/.m2/repository/org/apache/commons/commons-text/1.4/commons-text-1.4.jar:/home/user/.m2/repository/org/apache/avro/avro/1.7.7/avro-1.7.7.jar:/home/user/.m2/repository/com/thoughtworks/paranamer/paranamer/2.3/paranamer-2.3.jar:/home/user/.m2/repository/org/xerial/snappy/snappy-java/1.0.5/snappy-java-1.0.5.jar:/home/user/.m2/repository/com/google/re2j/re2j/1.1/re2j-1.1.jar:/home/user/.m2/repository/com/google/code/gson/gson/2.2.4/gson-2.2.4.jar:/home/user/.m2/repository/com/jcraft/jsch/0.1.54/jsch-0.1.54.jar:/home/user/.m2/repository/org/apache/curator/curator-client/2.12.0/curator-client-2.12.0.jar:/home/user/.m2/repository/org/apache/curator/curator-recipes/2.12.0/curator-recipes-2.12.0.jar:/home/user/.m2/repository/com/google/code/findbugs/jsr305/3.0.0/jsr305-3.0.0.jar:/home/user/.m2/repository/org/apache/htrace/htrace-core4/4.1.0-incubating/htrace-core4-4.1.0-incubating.jar:/home/user/.m2/repository/org/apache/zookeeper/zookeeper/3.4.13/zookeeper-3.4.13.jar:/home/user/.m2/repository/jline/jline/0.9.94/jline-0.9.94.jar:/home/user/.m2/repository/org/apache/yetus/audience-annotations/0.5.0/audience-annotations-0.5.0.jar:/home/user/.m2/repository/org/codehaus/woodstox/stax2-api/3.1.4/stax2-api-3.1.4.jar:/home/user/.m2/repository/com/fasterxml/woodstox/woodstox-core/5.0.3/woodstox-core-5.0.3.jar:/home/user/.m2/repository/dnsjava/dnsjava/2.1.7/dnsjava-2.1.7.jar:/home/user/.m2/repository/org/apache/hadoop/hadoop-hdfs/3.2.0/hadoop-hdfs-3.2.0-tests.jar:/home/user/.m2/repository/org/eclipse/jetty/jetty-util-ajax/9.3.25.v20180904/jetty-util-ajax-9.3.25.v20180904.jar:/home/user/.m2/repository/commons-daemon/commons-daemon/1.0.13/commons-daemon-1.0.13.jar:/home/user/.m2/repository/io/netty/netty/3.10.5.Final/netty-3.10.5.Final.jar:/home/user/.m2/repository/io/netty/netty-all/4.0.52.Final/netty-all-4.0.52.Final.jar:/home/user/.m2/repository/org/fusesource/leveldbjni/leveldbjni-all/1.8/leveldbjni-all-1.8.jar:"/>
    <property name="java.vm.vendor" value="IcedTea"/>
    <property name="sun.arch.data.model" value="64"/>
    <property name="test.build.dir" value="/workdir/hadoop-ozone/integration-test/target/test-dir"/>
    <property name="test.cache.data" value=""/>
    <property name="java.vendor.url" value="https://icedtea.classpath.org"/>
    <property name="user.timezone" value=""/>
    <property name="java.vm.specification.version" value="1.8"/>
    <property name="os.name" value="Linux"/>
    <property name="test.build.data" value="/workdir/hadoop-ozone/integration-test/target/test-dir"/>
    <property name="user.country" value="US"/>
    <property name="sun.java.launcher" value="SUN_STANDARD"/>
    <property name="sun.boot.library.path" value="/usr/lib/jvm/java-1.8-openjdk/jre/lib/amd64"/>
    <property name="sun.java.command" value="/workdir/hadoop-ozone/integration-test/target/surefire/surefirebooter5470217338189167678.jar /workdir/hadoop-ozone/integration-test/target/surefire 2019-10-12T05-13-54_085-jvmRun1 surefire8223347014670842135tmp surefire_556687382645334046499tmp"/>
    <property name="test" value="!TestMiniChaosOzoneCluster"/>
    <property name="surefire.test.class.path" value="/workdir/hadoop-ozone/integration-test/target/test-classes:/workdir/hadoop-ozone/integration-test/target/classes:/home/user/.m2/repository/org/apache/hadoop/hadoop-ozone-common/0.5.0-SNAPSHOT/hadoop-ozone-common-0.5.0-SNAPSHOT.jar:/home/user/.m2/repository/org/apache/commons/commons-compress/1.4.1/commons-compress-1.4.1.jar:/home/user/.m2/repository/org/tukaani/xz/1.0/xz-1.0.jar:/home/user/.m2/repository/org/apache/hadoop/hadoop-common/3.2.0/hadoop-common-3.2.0.jar:/home/user/.m2/repository/org/apache/hadoop/hadoop-hdfs/3.2.0/hadoop-hdfs-3.2.0.jar:/home/user/.m2/repository/org/apache/hadoop/hadoop-hdfs-client/3.2.0/hadoop-hdfs-client-3.2.0.jar:/home/user/.m2/repository/com/fasterxml/jackson/core/jackson-annotations/2.9.9/jackson-annotations-2.9.9.jar:/home/user/.m2/repository/org/apache/hadoop/hadoop-hdds-common/0.5.0-SNAPSHOT/hadoop-hdds-common-0.5.0-SNAPSHOT.jar:/home/user/.m2/repository/javax/annotation/javax.annotation-api/1.2/javax.annotation-api-1.2.jar:/home/user/.m2/repository/org/apache/ratis/ratis-server/0.5.0-201fc85-SNAPSHOT/ratis-server-0.5.0-201fc85-SNAPSHOT.jar:/home/user/.m2/repository/org/apache/ratis/ratis-thirdparty-misc/0.2.0/ratis-thirdparty-misc-0.2.0.jar:/home/user/.m2/repository/org/apache/ratis/ratis-proto/0.5.0-201fc85-SNAPSHOT/ratis-proto-0.5.0-201fc85-SNAPSHOT.jar:/home/user/.m2/repository/org/apache/ratis/ratis-common/0.5.0-201fc85-SNAPSHOT/ratis-common-0.5.0-201fc85-SNAPSHOT.jar:/home/user/.m2/repository/org/apache/ratis/ratis-client/0.5.0-201fc85-SNAPSHOT/ratis-client-0.5.0-201fc85-SNAPSHOT.jar:/home/user/.m2/repository/org/apache/ratis/ratis-metrics/0.5.0-201fc85-SNAPSHOT/ratis-metrics-0.5.0-201fc85-SNAPSHOT.jar:/home/user/.m2/repository/com/github/joshelser/dropwizard-metrics-hadoop-metrics2-reporter/0.1.2/dropwizard-metrics-hadoop-metrics2-reporter-0.1.2.jar:/home/user/.m2/repository/io/dropwizard/metrics/metrics-jvm/3.2.5/metrics-jvm-3.2.5.jar:/home/user/.m2/repository/io/dropwizard/metrics/metrics-ganglia/3.2.5/metrics-ganglia-3.2.5.jar:/home/user/.m2/repository/info/ganglia/gmetric4j/gmetric4j/1.0.7/gmetric4j-1.0.7.jar:/home/user/.m2/repository/org/apache/ratis/ratis-netty/0.5.0-201fc85-SNAPSHOT/ratis-netty-0.5.0-201fc85-SNAPSHOT.jar:/home/user/.m2/repository/org/apache/ratis/ratis-grpc/0.5.0-201fc85-SNAPSHOT/ratis-grpc-0.5.0-201fc85-SNAPSHOT.jar:/home/user/.m2/repository/org/rocksdb/rocksdbjni/6.0.1/rocksdbjni-6.0.1.jar:/home/user/.m2/repository/org/apache/logging/log4j/log4j-api/2.11.0/log4j-api-2.11.0.jar:/home/user/.m2/repository/org/apache/logging/log4j/log4j-core/2.11.0/log4j-core-2.11.0.jar:/home/user/.m2/repository/com/lmax/disruptor/3.4.2/disruptor-3.4.2.jar:/home/user/.m2/repository/org/apache/commons/commons-pool2/2.6.0/commons-pool2-2.6.0.jar:/home/user/.m2/repository/org/bouncycastle/bcpkix-jdk15on/1.60/bcpkix-jdk15on-1.60.jar:/home/user/.m2/repository/commons-validator/commons-validator/1.6/commons-validator-1.6.jar:/home/user/.m2/repository/commons-digester/commons-digester/1.8.1/commons-digester-1.8.1.jar:/home/user/.m2/repository/io/jaegertracing/jaeger-client/0.34.0/jaeger-client-0.34.0.jar:/home/user/.m2/repository/io/jaegertracing/jaeger-thrift/0.34.0/jaeger-thrift-0.34.0.jar:/home/user/.m2/repository/org/apache/thrift/libthrift/0.12.0/libthrift-0.12.0.jar:/home/user/.m2/repository/com/squareup/okhttp3/okhttp/3.9.0/okhttp-3.9.0.jar:/home/user/.m2/repository/com/squareup/okio/okio/1.13.0/okio-1.13.0.jar:/home/user/.m2/repository/io/jaegertracing/jaeger-core/0.34.0/jaeger-core-0.34.0.jar:/home/user/.m2/repository/io/jaegertracing/jaeger-tracerresolver/0.34.0/jaeger-tracerresolver-0.34.0.jar:/home/user/.m2/repository/io/opentracing/contrib/opentracing-tracerresolver/0.1.5/opentracing-tracerresolver-0.1.5.jar:/home/user/.m2/repository/io/opentracing/opentracing-util/0.31.0/opentracing-util-0.31.0.jar:/home/user/.m2/repository/io/opentracing/opentracing-api/0.31.0/opentracing-api-0.31.0.jar:/home/user/.m2/repository/io/opentracing/opentracing-noop/0.31.0/opentracing-noop-0.31.0.jar:/home/user/.m2/repository/org/apache/hadoop/hadoop-hdds-server-framework/0.5.0-SNAPSHOT/hadoop-hdds-server-framework-0.5.0-SNAPSHOT.jar:/home/user/.m2/repository/org/apache/hadoop/hadoop-hdds-container-service/0.5.0-SNAPSHOT/hadoop-hdds-container-service-0.5.0-SNAPSHOT.jar:/home/user/.m2/repository/org/apache/hadoop/hadoop-hdds-client/0.5.0-SNAPSHOT/hadoop-hdds-client-0.5.0-SNAPSHOT.jar:/home/user/.m2/repository/org/apache/hadoop/hadoop-hdds-tools/0.5.0-SNAPSHOT/hadoop-hdds-tools-0.5.0-SNAPSHOT.jar:/home/user/.m2/repository/org/apache/hadoop/hadoop-hdds-server-scm/0.5.0-SNAPSHOT/hadoop-hdds-server-scm-0.5.0-SNAPSHOT.jar:/home/user/.m2/repository/org/apache/hadoop/hadoop-hdds-docs/0.5.0-SNAPSHOT/hadoop-hdds-docs-0.5.0-SNAPSHOT.jar:/home/user/.m2/repository/io/dropwizard/metrics/metrics-core/3.2.4/metrics-core-3.2.4.jar:/home/user/.m2/repository/org/hamcrest/hamcrest-all/1.3/hamcrest-all-1.3.jar:/home/user/.m2/repository/org/bouncycastle/bcprov-jdk15on/1.60/bcprov-jdk15on-1.60.jar:/home/user/.m2/repository/info/picocli/picocli/3.9.6/picocli-3.9.6.jar:/home/user/.m2/repository/com/google/protobuf/protobuf-java/2.5.0/protobuf-java-2.5.0.jar:/home/user/.m2/repository/com/google/guava/guava/11.0.2/guava-11.0.2.jar:/home/user/.m2/repository/org/apache/hadoop/hadoop-ozone-ozone-manager/0.5.0-SNAPSHOT/hadoop-ozone-ozone-manager-0.5.0-SNAPSHOT.jar:/home/user/.m2/repository/org/apache/hadoop/hadoop-minikdc/3.2.0/hadoop-minikdc-3.2.0.jar:/home/user/.m2/repository/commons-io/commons-io/2.5/commons-io-2.5.jar:/home/user/.m2/repository/org/apache/kerby/kerb-simplekdc/1.0.1/kerb-simplekdc-1.0.1.jar:/home/user/.m2/repository/org/apache/kerby/kerb-client/1.0.1/kerb-client-1.0.1.jar:/home/user/.m2/repository/org/apache/kerby/kerby-config/1.0.1/kerby-config-1.0.1.jar:/home/user/.m2/repository/org/apache/kerby/kerb-core/1.0.1/kerb-core-1.0.1.jar:/home/user/.m2/repository/org/apache/kerby/kerby-pkix/1.0.1/kerby-pkix-1.0.1.jar:/home/user/.m2/repository/org/apache/kerby/kerby-asn1/1.0.1/kerby-asn1-1.0.1.jar:/home/user/.m2/repository/org/apache/kerby/kerby-util/1.0.1/kerby-util-1.0.1.jar:/home/user/.m2/repository/org/apache/kerby/kerb-common/1.0.1/kerb-common-1.0.1.jar:/home/user/.m2/repository/org/apache/kerby/kerb-crypto/1.0.1/kerb-crypto-1.0.1.jar:/home/user/.m2/repository/org/apache/kerby/kerb-util/1.0.1/kerb-util-1.0.1.jar:/home/user/.m2/repository/org/apache/kerby/token-provider/1.0.1/token-provider-1.0.1.jar:/home/user/.m2/repository/org/apache/kerby/kerb-admin/1.0.1/kerb-admin-1.0.1.jar:/home/user/.m2/repository/org/apache/kerby/kerb-server/1.0.1/kerb-server-1.0.1.jar:/home/user/.m2/repository/org/apache/kerby/kerb-identity/1.0.1/kerb-identity-1.0.1.jar:/home/user/.m2/repository/org/apache/kerby/kerby-xdr/1.0.1/kerby-xdr-1.0.1.jar:/home/user/.m2/repository/org/slf4j/slf4j-log4j12/1.7.25/slf4j-log4j12-1.7.25.jar:/home/user/.m2/repository/org/apache/hadoop/hadoop-ozone-s3gateway/0.5.0-SNAPSHOT/hadoop-ozone-s3gateway-0.5.0-SNAPSHOT.jar:/home/user/.m2/repository/org/jboss/weld/servlet/weld-servlet/2.4.7.Final/weld-servlet-2.4.7.Final.jar:/home/user/.m2/repository/org/glassfish/jersey/containers/jersey-container-servlet-core/2.27/jersey-container-servlet-core-2.27.jar:/home/user/.m2/repository/org/glassfish/hk2/external/javax.inject/2.5.0-b42/javax.inject-2.5.0-b42.jar:/home/user/.m2/repository/org/glassfish/jersey/core/jersey-common/2.27/jersey-common-2.27.jar:/home/user/.m2/repository/org/glassfish/hk2/osgi-resource-locator/1.0.1/osgi-resource-locator-1.0.1.jar:/home/user/.m2/repository/javax/ws/rs/javax.ws.rs-api/2.1/javax.ws.rs-api-2.1.jar:/home/user/.m2/repository/org/glassfish/jersey/ext/cdi/jersey-cdi1x/2.27/jersey-cdi1x-2.27.jar:/home/user/.m2/repository/org/glassfish/jersey/inject/jersey-hk2/2.27/jersey-hk2-2.27.jar:/home/user/.m2/repository/org/glassfish/hk2/hk2-locator/2.5.0-b42/hk2-locator-2.5.0-b42.jar:/home/user/.m2/repository/org/javassist/javassist/3.22.0-CR2/javassist-3.22.0-CR2.jar:/home/user/.m2/repository/org/glassfish/hk2/hk2-api/2.5.0/hk2-api-2.5.0.jar:/home/user/.m2/repository/org/glassfish/hk2/external/jakarta.inject/2.5.0/jakarta.inject-2.5.0.jar:/home/user/.m2/repository/org/glassfish/hk2/hk2-utils/2.5.0/hk2-utils-2.5.0.jar:/home/user/.m2/repository/jakarta/annotation/jakarta.annotation-api/1.3.4/jakarta.annotation-api-1.3.4.jar:/home/user/.m2/repository/org/glassfish/hk2/external/aopalliance-repackaged/2.5.0/aopalliance-repackaged-2.5.0.jar:/home/user/.m2/repository/com/fasterxml/jackson/dataformat/jackson-dataformat-xml/2.9.0/jackson-dataformat-xml-2.9.0.jar:/home/user/.m2/repository/com/fasterxml/jackson/core/jackson-core/2.9.9/jackson-core-2.9.9.jar:/home/user/.m2/repository/com/fasterxml/jackson/module/jackson-module-jaxb-annotations/2.9.9/jackson-module-jaxb-annotations-2.9.9.jar:/home/user/.m2/repository/javax/enterprise/cdi-api/1.2/cdi-api-1.2.jar:/home/user/.m2/repository/javax/el/javax.el-api/3.0.0/javax.el-api-3.0.0.jar:/home/user/.m2/repository/javax/interceptor/javax.interceptor-api/1.2/javax.interceptor-api-1.2.jar:/home/user/.m2/repository/javax/inject/javax.inject/1/javax.inject-1.jar:/home/user/.m2/repository/com/sun/xml/bind/jaxb-impl/2.3.0.1/jaxb-impl-2.3.0.1.jar:/home/user/.m2/repository/com/sun/xml/bind/jaxb-core/2.3.0.1/jaxb-core-2.3.0.1.jar:/home/user/.m2/repository/javax/xml/bind/jaxb-api/2.3.0/jaxb-api-2.3.0.jar:/home/user/.m2/repository/javax/activation/activation/1.1.1/activation-1.1.1.jar:/home/user/.m2/repository/org/apache/hadoop/hadoop-ozone-csi/0.5.0-SNAPSHOT/hadoop-ozone-csi-0.5.0-SNAPSHOT.jar:/home/user/.m2/repository/com/google/protobuf/protobuf-java-util/3.5.1/protobuf-java-util-3.5.1.jar:/home/user/.m2/repository/org/apache/hadoop/hadoop-hdds-config/0.5.0-SNAPSHOT/hadoop-hdds-config-0.5.0-SNAPSHOT.jar:/home/user/.m2/repository/io/grpc/grpc-netty/1.17.1/grpc-netty-1.17.1.jar:/home/user/.m2/repository/io/grpc/grpc-core/1.17.1/grpc-core-1.17.1.jar:/home/user/.m2/repository/io/grpc/grpc-context/1.17.1/grpc-context-1.17.1.jar:/home/user/.m2/repository/com/google/errorprone/error_prone_annotations/2.2.0/error_prone_annotations-2.2.0.jar:/home/user/.m2/repository/org/codehaus/mojo/animal-sniffer-annotations/1.17/animal-sniffer-annotations-1.17.jar:/home/user/.m2/repository/io/opencensus/opencensus-api/0.17.0/opencensus-api-0.17.0.jar:/home/user/.m2/repository/io/opencensus/opencensus-contrib-grpc-metrics/0.17.0/opencensus-contrib-grpc-metrics-0.17.0.jar:/home/user/.m2/repository/io/netty/netty-codec-http2/4.1.30.Final/netty-codec-http2-4.1.30.Final.jar:/home/user/.m2/repository/io/netty/netty-codec-http/4.1.30.Final/netty-codec-http-4.1.30.Final.jar:/home/user/.m2/repository/io/netty/netty-codec/4.1.30.Final/netty-codec-4.1.30.Final.jar:/home/user/.m2/repository/io/netty/netty-handler/4.1.30.Final/netty-handler-4.1.30.Final.jar:/home/user/.m2/repository/io/netty/netty-handler-proxy/4.1.30.Final/netty-handler-proxy-4.1.30.Final.jar:/home/user/.m2/repository/io/netty/netty-codec-socks/4.1.30.Final/netty-codec-socks-4.1.30.Final.jar:/home/user/.m2/repository/io/netty/netty-transport-native-epoll/4.1.30.Final/netty-transport-native-epoll-4.1.30.Final.jar:/home/user/.m2/repository/io/netty/netty-common/4.1.30.Final/netty-common-4.1.30.Final.jar:/home/user/.m2/repository/io/netty/netty-buffer/4.1.30.Final/netty-buffer-4.1.30.Final.jar:/home/user/.m2/repository/io/netty/netty-transport/4.1.30.Final/netty-transport-4.1.30.Final.jar:/home/user/.m2/repository/io/netty/netty-resolver/4.1.30.Final/netty-resolver-4.1.30.Final.jar:/home/user/.m2/repository/io/netty/netty-transport-native-unix-common/4.1.30.Final/netty-transport-native-unix-common-4.1.30.Final.jar:/home/user/.m2/repository/io/grpc/grpc-protobuf/1.17.1/grpc-protobuf-1.17.1.jar:/home/user/.m2/repository/com/google/api/grpc/proto-google-common-protos/1.0.0/proto-google-common-protos-1.0.0.jar:/home/user/.m2/repository/io/grpc/grpc-protobuf-lite/1.17.1/grpc-protobuf-lite-1.17.1.jar:/home/user/.m2/repository/io/grpc/grpc-stub/1.17.1/grpc-stub-1.17.1.jar:/home/user/.m2/repository/org/apache/hadoop/hadoop-ozone-recon/0.5.0-SNAPSHOT/hadoop-ozone-recon-0.5.0-SNAPSHOT.jar:/home/user/.m2/repository/org/apache/hadoop/hadoop-ozone-reconcodegen/0.5.0-SNAPSHOT/hadoop-ozone-reconcodegen-0.5.0-SNAPSHOT.jar:/home/user/.m2/repository/com/google/inject/extensions/guice-multibindings/4.0/guice-multibindings-4.0.jar:/home/user/.m2/repository/com/google/inject/guice/4.0/guice-4.0.jar:/home/user/.m2/repository/aopalliance/aopalliance/1.0/aopalliance-1.0.jar:/home/user/.m2/repository/com/google/inject/extensions/guice-servlet/4.0/guice-servlet-4.0.jar:/home/user/.m2/repository/org/glassfish/jersey/containers/jersey-container-servlet/2.27/jersey-container-servlet-2.27.jar:/home/user/.m2/repository/org/glassfish/hk2/guice-bridge/2.5.0/guice-bridge-2.5.0.jar:/home/user/.m2/repository/org/glassfish/jersey/core/jersey-server/2.27/jersey-server-2.27.jar:/home/user/.m2/repository/org/glassfish/jersey/core/jersey-client/2.27/jersey-client-2.27.jar:/home/user/.m2/repository/org/glassfish/jersey/media/jersey-media-jaxb/2.27/jersey-media-jaxb-2.27.jar:/home/user/.m2/repository/javax/validation/validation-api/1.1.0.Final/validation-api-1.1.0.Final.jar:/home/user/.m2/repository/org/glassfish/jersey/media/jersey-media-json-jackson/2.27/jersey-media-json-jackson-2.27.jar:/home/user/.m2/repository/org/glassfish/jersey/ext/jersey-entity-filtering/2.27/jersey-entity-filtering-2.27.jar:/home/user/.m2/repository/com/google/inject/extensions/guice-assistedinject/4.0/guice-assistedinject-4.0.jar:/home/user/.m2/repository/org/jooq/jooq/3.11.10/jooq-3.11.10.jar:/home/user/.m2/repository/org/jooq/jooq-meta/3.11.10/jooq-meta-3.11.10.jar:/home/user/.m2/repository/org/jooq/jooq-codegen/3.11.10/jooq-codegen-3.11.10.jar:/home/user/.m2/repository/com/jolbox/bonecp/0.8.0.RELEASE/bonecp-0.8.0.RELEASE.jar:/home/user/.m2/repository/org/xerial/sqlite-jdbc/3.25.2/sqlite-jdbc-3.25.2.jar:/home/user/.m2/repository/org/springframework/spring-jdbc/5.1.3.RELEASE/spring-jdbc-5.1.3.RELEASE.jar:/home/user/.m2/repository/org/springframework/spring-beans/5.1.3.RELEASE/spring-beans-5.1.3.RELEASE.jar:/home/user/.m2/repository/org/springframework/spring-core/5.1.3.RELEASE/spring-core-5.1.3.RELEASE.jar:/home/user/.m2/repository/org/springframework/spring-jcl/5.1.3.RELEASE/spring-jcl-5.1.3.RELEASE.jar:/home/user/.m2/repository/org/springframework/spring-tx/5.1.3.RELEASE/spring-tx-5.1.3.RELEASE.jar:/home/user/.m2/repository/org/apache/hadoop/hadoop-ozone-client/0.5.0-SNAPSHOT/hadoop-ozone-client-0.5.0-SNAPSHOT.jar:/home/user/.m2/repository/commons-lang/commons-lang/2.6/commons-lang-2.6.jar:/home/user/.m2/repository/org/apache/hadoop/hadoop-ozone-ozone-manager/0.5.0-SNAPSHOT/hadoop-ozone-ozone-manager-0.5.0-SNAPSHOT-tests.jar:/home/user/.m2/repository/junit/junit/4.11/junit-4.11.jar:/home/user/.m2/repository/org/hamcrest/hamcrest-core/1.3/hamcrest-core-1.3.jar:/home/user/.m2/repository/org/openjdk/jmh/jmh-core/1.19/jmh-core-1.19.jar:/home/user/.m2/repository/net/sf/jopt-simple/jopt-simple/4.6/jopt-simple-4.6.jar:/home/user/.m2/repository/org/apache/commons/commons-math3/3.1.1/commons-math3-3.1.1.jar:/home/user/.m2/repository/org/openjdk/jmh/jmh-generator-annprocess/1.19/jmh-generator-annprocess-1.19.jar:/home/user/.m2/repository/org/mockito/mockito-all/1.8.5/mockito-all-1.8.5.jar:/home/user/.m2/repository/org/apache/hadoop/hadoop-kms/3.2.0/hadoop-kms-3.2.0.jar:/home/user/.m2/repository/org/apache/hadoop/hadoop-auth/3.2.0/hadoop-auth-3.2.0.jar:/home/user/.m2/repository/com/nimbusds/nimbus-jose-jwt/4.41.1/nimbus-jose-jwt-4.41.1.jar:/home/user/.m2/repository/com/github/stephenc/jcip/jcip-annotations/1.0-1/jcip-annotations-1.0-1.jar:/home/user/.m2/repository/net/minidev/json-smart/2.3/json-smart-2.3.jar:/home/user/.m2/repository/net/minidev/accessors-smart/1.2/accessors-smart-1.2.jar:/home/user/.m2/repository/org/ow2/asm/asm/5.0.4/asm-5.0.4.jar:/home/user/.m2/repository/org/apache/curator/curator-framework/2.12.0/curator-framework-2.12.0.jar:/home/user/.m2/repository/com/sun/jersey/jersey-core/1.19/jersey-core-1.19.jar:/home/user/.m2/repository/javax/ws/rs/jsr311-api/1.1.1/jsr311-api-1.1.1.jar:/home/user/.m2/repository/com/sun/jersey/jersey-server/1.19/jersey-server-1.19.jar:/home/user/.m2/repository/javax/servlet/javax.servlet-api/3.1.0/javax.servlet-api-3.1.0.jar:/home/user/.m2/repository/org/eclipse/jetty/jetty-server/9.3.25.v20180904/jetty-server-9.3.25.v20180904.jar:/home/user/.m2/repository/org/eclipse/jetty/jetty-http/9.3.25.v20180904/jetty-http-9.3.25.v20180904.jar:/home/user/.m2/repository/org/eclipse/jetty/jetty-io/9.3.25.v20180904/jetty-io-9.3.25.v20180904.jar:/home/user/.m2/repository/org/eclipse/jetty/jetty-webapp/9.3.25.v20180904/jetty-webapp-9.3.25.v20180904.jar:/home/user/.m2/repository/org/eclipse/jetty/jetty-xml/9.3.25.v20180904/jetty-xml-9.3.25.v20180904.jar:/home/user/.m2/repository/log4j/log4j/1.2.17/log4j-1.2.17.jar:/home/user/.m2/repository/org/slf4j/slf4j-api/1.7.25/slf4j-api-1.7.25.jar:/home/user/.m2/repository/org/slf4j/jul-to-slf4j/1.7.25/jul-to-slf4j-1.7.25.jar:/home/user/.m2/repository/org/eclipse/jetty/jetty-util/9.3.25.v20180904/jetty-util-9.3.25.v20180904.jar:/home/user/.m2/repository/com/fasterxml/jackson/core/jackson-databind/2.9.9/jackson-databind-2.9.9.jar:/home/user/.m2/repository/org/apache/hadoop/hadoop-kms/3.2.0/hadoop-kms-3.2.0-tests.jar:/home/user/.m2/repository/org/apache/hadoop/hadoop-hdds-server-scm/0.5.0-SNAPSHOT/hadoop-hdds-server-scm-0.5.0-SNAPSHOT-tests.jar:/home/user/.m2/repository/org/apache/hadoop/hadoop-hdds-container-service/0.5.0-SNAPSHOT/hadoop-hdds-container-service-0.5.0-SNAPSHOT-tests.jar:/home/user/.m2/repository/org/yaml/snakeyaml/1.16/snakeyaml-1.16.jar:/home/user/.m2/repository/org/apache/hadoop/hadoop-common/3.2.0/hadoop-common-3.2.0-tests.jar:/home/user/.m2/repository/org/apache/hadoop/hadoop-annotations/3.2.0/hadoop-annotations-3.2.0.jar:/usr/lib/jvm/java-1.8-openjdk/jre/../lib/tools.jar:/home/user/.m2/repository/commons-cli/commons-cli/1.2/commons-cli-1.2.jar:/home/user/.m2/repository/org/apache/httpcomponents/httpclient/4.5.2/httpclient-4.5.2.jar:/home/user/.m2/repository/org/apache/httpcomponents/httpcore/4.4.4/httpcore-4.4.4.jar:/home/user/.m2/repository/commons-codec/commons-codec/1.11/commons-codec-1.11.jar:/home/user/.m2/repository/commons-net/commons-net/3.6/commons-net-3.6.jar:/home/user/.m2/repository/commons-collections/commons-collections/3.2.2/commons-collections-3.2.2.jar:/home/user/.m2/repository/org/eclipse/jetty/jetty-servlet/9.3.25.v20180904/jetty-servlet-9.3.25.v20180904.jar:/home/user/.m2/repository/org/eclipse/jetty/jetty-security/9.3.25.v20180904/jetty-security-9.3.25.v20180904.jar:/home/user/.m2/repository/javax/servlet/jsp/jsp-api/2.1/jsp-api-2.1.jar:/home/user/.m2/repository/com/sun/jersey/jersey-servlet/1.19/jersey-servlet-1.19.jar:/home/user/.m2/repository/com/sun/jersey/jersey-json/1.19/jersey-json-1.19.jar:/home/user/.m2/repository/org/codehaus/jettison/jettison/1.1/jettison-1.1.jar:/home/user/.m2/repository/org/codehaus/jackson/jackson-core-asl/1.9.13/jackson-core-asl-1.9.13.jar:/home/user/.m2/repository/org/codehaus/jackson/jackson-mapper-asl/1.9.13/jackson-mapper-asl-1.9.13.jar:/home/user/.m2/repository/org/codehaus/jackson/jackson-jaxrs/1.9.13/jackson-jaxrs-1.9.13.jar:/home/user/.m2/repository/org/codehaus/jackson/jackson-xc/1.9.13/jackson-xc-1.9.13.jar:/home/user/.m2/repository/commons-logging/commons-logging/1.1.3/commons-logging-1.1.3.jar:/home/user/.m2/repository/commons-beanutils/commons-beanutils/1.9.4/commons-beanutils-1.9.4.jar:/home/user/.m2/repository/org/apache/commons/commons-configuration2/2.1.1/commons-configuration2-2.1.1.jar:/home/user/.m2/repository/org/apache/commons/commons-lang3/3.7/commons-lang3-3.7.jar:/home/user/.m2/repository/org/apache/commons/commons-text/1.4/commons-text-1.4.jar:/home/user/.m2/repository/org/apache/avro/avro/1.7.7/avro-1.7.7.jar:/home/user/.m2/repository/com/thoughtworks/paranamer/paranamer/2.3/paranamer-2.3.jar:/home/user/.m2/repository/org/xerial/snappy/snappy-java/1.0.5/snappy-java-1.0.5.jar:/home/user/.m2/repository/com/google/re2j/re2j/1.1/re2j-1.1.jar:/home/user/.m2/repository/com/google/code/gson/gson/2.2.4/gson-2.2.4.jar:/home/user/.m2/repository/com/jcraft/jsch/0.1.54/jsch-0.1.54.jar:/home/user/.m2/repository/org/apache/curator/curator-client/2.12.0/curator-client-2.12.0.jar:/home/user/.m2/repository/org/apache/curator/curator-recipes/2.12.0/curator-recipes-2.12.0.jar:/home/user/.m2/repository/com/google/code/findbugs/jsr305/3.0.0/jsr305-3.0.0.jar:/home/user/.m2/repository/org/apache/htrace/htrace-core4/4.1.0-incubating/htrace-core4-4.1.0-incubating.jar:/home/user/.m2/repository/org/apache/zookeeper/zookeeper/3.4.13/zookeeper-3.4.13.jar:/home/user/.m2/repository/jline/jline/0.9.94/jline-0.9.94.jar:/home/user/.m2/repository/org/apache/yetus/audience-annotations/0.5.0/audience-annotations-0.5.0.jar:/home/user/.m2/repository/org/codehaus/woodstox/stax2-api/3.1.4/stax2-api-3.1.4.jar:/home/user/.m2/repository/com/fasterxml/woodstox/woodstox-core/5.0.3/woodstox-core-5.0.3.jar:/home/user/.m2/repository/dnsjava/dnsjava/2.1.7/dnsjava-2.1.7.jar:/home/user/.m2/repository/org/apache/hadoop/hadoop-hdfs/3.2.0/hadoop-hdfs-3.2.0-tests.jar:/home/user/.m2/repository/org/eclipse/jetty/jetty-util-ajax/9.3.25.v20180904/jetty-util-ajax-9.3.25.v20180904.jar:/home/user/.m2/repository/commons-daemon/commons-daemon/1.0.13/commons-daemon-1.0.13.jar:/home/user/.m2/repository/io/netty/netty/3.10.5.Final/netty-3.10.5.Final.jar:/home/user/.m2/repository/io/netty/netty-all/4.0.52.Final/netty-all-4.0.52.Final.jar:/home/user/.m2/repository/org/fusesource/leveldbjni/leveldbjni-all/1.8/leveldbjni-all-1.8.jar:"/>
    <property name="sun.cpu.endian" value="little"/>
    <property name="user.home" value="/home/user"/>
    <property name="user.language" value="en"/>
    <property name="java.specification.vendor" value="Oracle Corporation"/>
    <property name="java.home" value="/usr/lib/jvm/java-1.8-openjdk/jre"/>
    <property name="java.security.krb5.conf" value="/workdir/hadoop-ozone/integration-test/target/test-classes/krb5.conf"/>
    <property name="basedir" value="/workdir/hadoop-ozone/integration-test"/>
    <property name="file.separator" value="/"/>
    <property name="line.separator" value="&#10;"/>
    <property name="java.vm.specification.vendor" value="Oracle Corporation"/>
    <property name="java.specification.name" value="Java Platform API Specification"/>
    <property name="java.awt.graphicsenv" value="sun.awt.X11GraphicsEnvironment"/>
    <property name="surefire.real.class.path" value="/workdir/hadoop-ozone/integration-test/target/surefire/surefirebooter5470217338189167678.jar"/>
    <property name="hadoop.log.dir" value="/workdir/hadoop-ozone/integration-test/target/log"/>
    <property name="sun.boot.class.path" value="/usr/lib/jvm/java-1.8-openjdk/jre/lib/resources.jar:/usr/lib/jvm/java-1.8-openjdk/jre/lib/rt.jar:/usr/lib/jvm/java-1.8-openjdk/jre/lib/sunrsasign.jar:/usr/lib/jvm/java-1.8-openjdk/jre/lib/jsse.jar:/usr/lib/jvm/java-1.8-openjdk/jre/lib/jce.jar:/usr/lib/jvm/java-1.8-openjdk/jre/lib/charsets.jar:/usr/lib/jvm/java-1.8-openjdk/jre/lib/jfr.jar:/usr/lib/jvm/java-1.8-openjdk/jre/classes"/>
    <property name="sun.management.compiler" value="HotSpot 64-Bit Tiered Compilers"/>
    <property name="java.runtime.version" value="1.8.0_212-b04"/>
    <property name="java.net.preferIPv4Stack" value="true"/>
    <property name="user.name" value="jenkins1000"/>
    <property name="path.separator" value=":"/>
    <property name="java.security.egd" value="file:///dev/urandom"/>
    <property name="os.version" value="3.10.0-957.12.2.el7.x86_64"/>
    <property name="java.endorsed.dirs" value="/usr/lib/jvm/java-1.8-openjdk/jre/lib/endorsed"/>
    <property name="java.runtime.name" value="OpenJDK Runtime Environment"/>
    <property name="file.encoding" value="UTF-8"/>
    <property name="java.vm.name" value="OpenJDK 64-Bit Server VM"/>
    <property name="test.build.webapps" value=""/>
    <property name="localRepository" value="/home/user/.m2/repository"/>
    <property name="java.vendor.url.bug" value="https://icedtea.classpath.org/bugzilla"/>
    <property name="java.io.tmpdir" value="/tmp"/>
    <property name="require.test.libhadoop" value=""/>
    <property name="java.version" value="1.8.0_212"/>
    <property name="user.dir" value="/workdir/hadoop-ozone/integration-test"/>
    <property name="os.arch" value="amd64"/>
    <property name="java.vm.specification.name" value="Java Virtual Machine Specification"/>
    <property name="test.build.classes" value="/workdir/hadoop-ozone/integration-test/target/test-classes"/>
    <property name="java.awt.printerjob" value="sun.print.PSPrinterJob"/>
    <property name="sun.os.patch.level" value="unknown"/>
    <property name="hadoop.tmp.dir" value="/workdir/hadoop-ozone/integration-test/target/tmp"/>
    <property name="java.library.path" value="/usr/lib/jvm/java-1.8-openjdk/jre/lib/amd64/server:/usr/lib/jvm/java-1.8-openjdk/jre/lib/amd64:/usr/lib/jvm/java-1.8-openjdk/jre/../lib/amd64:/workdir/hadoop-ozone/integration-test/target/native/target/usr/local/lib:/workdir/hadoop-ozone/integration-test/../../hadoop-common-project/hadoop-common/target/native/target/usr/local/lib:/usr/java/packages/lib/amd64:/usr/lib64:/lib64:/lib:/usr/lib"/>
    <property name="java.vm.info" value="mixed mode"/>
    <property name="java.vendor" value="IcedTea"/>
    <property name="java.vm.version" value="25.212-b04"/>
    <property name="java.ext.dirs" value="/usr/lib/jvm/java-1.8-openjdk/jre/lib/ext:/usr/java/packages/lib/ext"/>
    <property name="sun.io.unicode.encoding" value="UnicodeLittle"/>
    <property name="java.class.version" value="52.0"/>
  </properties>
  <testcase name="testWatchForCommitWithKeyWrite" classname="org.apache.hadoop.ozone.client.rpc.TestWatchForCommit" time="80.482"/>
  <testcase name="testWatchForCommitWithSmallerTimeoutValue" classname="org.apache.hadoop.ozone.client.rpc.TestWatchForCommit" time="45.652"/>
  <testcase name="testWatchForCommitForRetryfailure" classname="org.apache.hadoop.ozone.client.rpc.TestWatchForCommit" time="69.554"/>
  <testcase name="testWatchForCommitForGroupMismatchException" classname="org.apache.hadoop.ozone.client.rpc.TestWatchForCommit" time="39.116"/>
  <testcase name="test2WayCommitForTimeoutException" classname="org.apache.hadoop.ozone.client.rpc.TestWatchForCommit" time="24.135">
    <error type="java.util.concurrent.TimeoutException">java.util.concurrent.TimeoutException
	at java.util.concurrent.CompletableFuture.timedGet(CompletableFuture.java:1771)
	at java.util.concurrent.CompletableFuture.get(CompletableFuture.java:1915)
	at org.apache.hadoop.hdds.scm.XceiverClientRatis.watchForCommit(XceiverClientRatis.java:283)
	at org.apache.hadoop.ozone.client.rpc.TestWatchForCommit.test2WayCommitForTimeoutException(TestWatchForCommit.java:391)
	at sun.reflect.NativeMethodAccessorImpl.invoke0(Native Method)
	at sun.reflect.NativeMethodAccessorImpl.invoke(NativeMethodAccessorImpl.java:62)
	at sun.reflect.DelegatingMethodAccessorImpl.invoke(DelegatingMethodAccessorImpl.java:43)
	at java.lang.reflect.Method.invoke(Method.java:498)
	at org.junit.runners.model.FrameworkMethod$1.runReflectiveCall(FrameworkMethod.java:47)
	at org.junit.internal.runners.model.ReflectiveCallable.run(ReflectiveCallable.java:12)
	at org.junit.runners.model.FrameworkMethod.invokeExplosively(FrameworkMethod.java:44)
	at org.junit.internal.runners.statements.InvokeMethod.evaluate(InvokeMethod.java:17)
	at org.junit.runners.ParentRunner.runLeaf(ParentRunner.java:271)
	at org.junit.runners.BlockJUnit4ClassRunner.runChild(BlockJUnit4ClassRunner.java:70)
	at org.junit.runners.BlockJUnit4ClassRunner.runChild(BlockJUnit4ClassRunner.java:50)
	at org.junit.runners.ParentRunner$3.run(ParentRunner.java:238)
	at org.junit.runners.ParentRunner$1.schedule(ParentRunner.java:63)
	at org.junit.runners.ParentRunner.runChildren(ParentRunner.java:236)
	at org.junit.runners.ParentRunner.access$000(ParentRunner.java:53)
	at org.junit.runners.ParentRunner$2.evaluate(ParentRunner.java:229)
	at org.junit.runners.ParentRunner.run(ParentRunner.java:309)
	at org.apache.maven.surefire.junit4.JUnit4Provider.execute(JUnit4Provider.java:365)
	at org.apache.maven.surefire.junit4.JUnit4Provider.executeWithRerun(JUnit4Provider.java:273)
	at org.apache.maven.surefire.junit4.JUnit4Provider.executeTestSet(JUnit4Provider.java:238)
	at org.apache.maven.surefire.junit4.JUnit4Provider.invoke(JUnit4Provider.java:159)
	at org.apache.maven.surefire.booter.ForkedBooter.invokeProviderInSameClassLoader(ForkedBooter.java:384)
	at org.apache.maven.surefire.booter.ForkedBooter.runSuitesInProcess(ForkedBooter.java:345)
	at org.apache.maven.surefire.booter.ForkedBooter.execute(ForkedBooter.java:126)
	at org.apache.maven.surefire.booter.ForkedBooter.main(ForkedBooter.java:418)
</error>
    <system-out><![CDATA[2019-10-12 06:07:45,263 [main] WARN  server.ServerUtils (ServerUtils.java:getScmDbDir(145)) - ozone.scm.db.dirs is not configured. We recommend adding this setting. Falling back to ozone.metadata.dirs instead.
2019-10-12 06:07:45,288 [main] WARN  server.ServerUtils (ServerUtils.java:getScmDbDir(145)) - ozone.scm.db.dirs is not configured. We recommend adding this setting. Falling back to ozone.metadata.dirs instead.
2019-10-12 06:07:45,289 [main] WARN  server.ServerUtils (ServerUtils.java:getScmDbDir(145)) - ozone.scm.db.dirs is not configured. We recommend adding this setting. Falling back to ozone.metadata.dirs instead.
2019-10-12 06:07:45,290 [main] INFO  db.DBStoreBuilder (DBStoreBuilder.java:addTable(117)) - using custom profile for table: deletedBlocks
2019-10-12 06:07:45,290 [main] INFO  db.DBStoreBuilder (DBStoreBuilder.java:processTables(168)) - Using default column profile:DBProfile.DISK for Table:deletedBlocks
2019-10-12 06:07:45,290 [main] INFO  db.DBStoreBuilder (DBStoreBuilder.java:addTable(117)) - using custom profile for table: validCerts
2019-10-12 06:07:45,290 [main] INFO  db.DBStoreBuilder (DBStoreBuilder.java:processTables(168)) - Using default column profile:DBProfile.DISK for Table:validCerts
2019-10-12 06:07:45,291 [main] INFO  db.DBStoreBuilder (DBStoreBuilder.java:addTable(117)) - using custom profile for table: revokedCerts
2019-10-12 06:07:45,291 [main] INFO  db.DBStoreBuilder (DBStoreBuilder.java:processTables(168)) - Using default column profile:DBProfile.DISK for Table:revokedCerts
2019-10-12 06:07:45,291 [main] INFO  db.DBStoreBuilder (DBStoreBuilder.java:addTable(117)) - using custom profile for table: default
2019-10-12 06:07:45,292 [main] INFO  db.DBStoreBuilder (DBStoreBuilder.java:processTables(174)) - Using default column profile:DBProfile.DISK for Table:default
2019-10-12 06:07:45,292 [main] INFO  db.DBStoreBuilder (DBStoreBuilder.java:getDbProfile(205)) - Using default options. DBProfile.DISK
2019-10-12 06:07:45,598 [main] INFO  net.NodeSchemaLoader (NodeSchemaLoader.java:loadSchemaFromFile(125)) - Loading file from sun.misc.CompoundEnumeration@265c1a7c
2019-10-12 06:07:45,598 [main] INFO  net.NodeSchemaLoader (NodeSchemaLoader.java:loadSchema(171)) - Loading network topology layer schema file
2019-10-12 06:07:45,605 [main] WARN  server.ServerUtils (ServerUtils.java:sanitizeUserArgs(70)) - ozone.scm.stale.node.interval value = 300000 is larger than max = 100000 based on the key value of ozone.scm.heartbeat.thread.interval, reset to the max value 100000.
2019-10-12 06:07:45,605 [main] WARN  server.ServerUtils (ServerUtils.java:sanitizeUserArgs(70)) - ozone.scm.stale.node.interval value = 300000 is larger than max = 100000 based on the key value of ozone.scm.heartbeat.thread.interval, reset to the max value 100000.
2019-10-12 06:07:45,605 [main] INFO  node.SCMNodeManager (SCMNodeManager.java:<init>(116)) - Entering startup safe mode.
2019-10-12 06:07:45,606 [main] INFO  algorithms.ContainerPlacementPolicyFactory (ContainerPlacementPolicyFactory.java:getPolicy(57)) - Create container placement policy of type org.apache.hadoop.hdds.scm.container.placement.algorithms.SCMContainerPlacementRandom
2019-10-12 06:07:45,607 [main] WARN  server.ServerUtils (ServerUtils.java:getScmDbDir(145)) - ozone.scm.db.dirs is not configured. We recommend adding this setting. Falling back to ozone.metadata.dirs instead.
2019-10-12 06:07:45,727 [main] INFO  pipeline.SCMPipelineManager (SCMPipelineManager.java:initializePipelineState(132)) - No pipeline exists in current db
2019-10-12 06:07:45,727 [main] WARN  server.ServerUtils (ServerUtils.java:getScmDbDir(145)) - ozone.scm.db.dirs is not configured. We recommend adding this setting. Falling back to ozone.metadata.dirs instead.
2019-10-12 06:07:45,877 [main] WARN  events.EventQueue (EventQueue.java:fireEvent(183)) - No event handler registered for event TypedEvent{payloadType=SafeModeStatus, name='SafeModeStatus'}
2019-10-12 06:07:45,878 [main] INFO  ipc.CallQueueManager (CallQueueManager.java:<init>(84)) - Using callQueue: class java.util.concurrent.LinkedBlockingQueue, queueCapacity: 2000, scheduler: class org.apache.hadoop.ipc.DefaultRpcScheduler, ipcBackoff: false.
2019-10-12 06:07:45,879 [Socket Reader #1 for port 44793] INFO  ipc.Server (Server.java:run(1074)) - Starting Socket Reader #1 for port 44793
2019-10-12 06:07:45,881 [main] INFO  ipc.CallQueueManager (CallQueueManager.java:<init>(84)) - Using callQueue: class java.util.concurrent.LinkedBlockingQueue, queueCapacity: 2000, scheduler: class org.apache.hadoop.ipc.DefaultRpcScheduler, ipcBackoff: false.
2019-10-12 06:07:45,882 [Socket Reader #1 for port 45215] INFO  ipc.Server (Server.java:run(1074)) - Starting Socket Reader #1 for port 45215
2019-10-12 06:07:45,883 [main] INFO  ipc.CallQueueManager (CallQueueManager.java:<init>(84)) - Using callQueue: class java.util.concurrent.LinkedBlockingQueue, queueCapacity: 2000, scheduler: class org.apache.hadoop.ipc.DefaultRpcScheduler, ipcBackoff: false.
2019-10-12 06:07:45,884 [Socket Reader #1 for port 37499] INFO  ipc.Server (Server.java:run(1074)) - Starting Socket Reader #1 for port 37499
2019-10-12 06:07:45,886 [main] INFO  hdfs.DFSUtil (DFSUtil.java:httpServerTemplateForNNAndJN(1641)) - Starting Web-server for scm at: http://0.0.0.0:0
2019-10-12 06:07:45,888 [main] INFO  server.AuthenticationFilter (AuthenticationFilter.java:constructSecretProvider(240)) - Unable to initialize FileSignerSecretProvider, falling back to use random secrets.
2019-10-12 06:07:45,888 [main] WARN  http.HttpRequestLog (HttpRequestLog.java:getRequestLog(97)) - Jetty request log can only be enabled using Log4j
2019-10-12 06:07:45,890 [main] INFO  http.HttpServer2 (HttpServer2.java:addGlobalFilter(975)) - Added global filter 'safety' (class=org.apache.hadoop.http.HttpServer2$QuotingInputFilter)
2019-10-12 06:07:45,891 [main] INFO  http.HttpServer2 (HttpServer2.java:addFilter(948)) - Added filter static_user_filter (class=org.apache.hadoop.http.lib.StaticUserWebFilter$StaticUserFilter) to context scm
2019-10-12 06:07:45,891 [main] INFO  http.HttpServer2 (HttpServer2.java:addFilter(958)) - Added filter static_user_filter (class=org.apache.hadoop.http.lib.StaticUserWebFilter$StaticUserFilter) to context static
2019-10-12 06:07:45,891 [main] INFO  http.HttpServer2 (HttpServer2.java:addFilter(958)) - Added filter static_user_filter (class=org.apache.hadoop.http.lib.StaticUserWebFilter$StaticUserFilter) to context logs
2019-10-12 06:07:45,893 [main] INFO  server.StorageContainerManager (StorageContainerManager.java:start(772)) - StorageContainerLocationProtocol RPC server is listening at /0.0.0.0:37499
2019-10-12 06:07:45,896 [main] WARN  impl.MetricsConfig (MetricsConfig.java:loadFirst(134)) - Cannot locate configuration: tried hadoop-metrics2-storagecontainermanager.properties,hadoop-metrics2.properties
2019-10-12 06:07:45,897 [main] INFO  impl.MetricsSystemImpl (MetricsSystemImpl.java:startTimer(374)) - Scheduled Metric snapshot period at 10 second(s).
2019-10-12 06:07:45,897 [main] INFO  impl.MetricsSystemImpl (MetricsSystemImpl.java:start(191)) - StorageContainerManager metrics system started
2019-10-12 06:07:45,991 [main] WARN  impl.MetricsSystemImpl (MetricsSystemImpl.java:register(276)) - Sink prometheus already exists!
2019-10-12 06:07:46,096 [main] INFO  server.SCMClientProtocolServer (SCMClientProtocolServer.java:start(159)) - RPC server for Client  is listening at /0.0.0.0:37499
2019-10-12 06:07:46,097 [IPC Server Responder] INFO  ipc.Server (Server.java:run(1314)) - IPC Server Responder: starting
2019-10-12 06:07:46,097 [IPC Server listener on 37499] INFO  ipc.Server (Server.java:run(1153)) - IPC Server listener on 37499: starting
2019-10-12 06:07:46,100 [main] INFO  server.StorageContainerManager (StorageContainerManager.java:start(782)) - ScmBlockLocationProtocol RPC server is listening at /0.0.0.0:45215
2019-10-12 06:07:46,100 [main] INFO  server.SCMBlockProtocolServer (SCMBlockProtocolServer.java:start(146)) - RPC server for Block Protocol is listening at /0.0.0.0:45215
2019-10-12 06:07:46,101 [IPC Server Responder] INFO  ipc.Server (Server.java:run(1314)) - IPC Server Responder: starting
2019-10-12 06:07:46,101 [IPC Server listener on 45215] INFO  ipc.Server (Server.java:run(1153)) - IPC Server listener on 45215: starting
2019-10-12 06:07:46,106 [main] INFO  server.StorageContainerManager (StorageContainerManager.java:start(786)) - ScmDatanodeProtocl RPC server is listening at /0.0.0.0:44793
2019-10-12 06:07:46,106 [main] INFO  server.SCMDatanodeProtocolServer (SCMDatanodeProtocolServer.java:start(169)) - RPC server for DataNodes is listening at /0.0.0.0:44793
2019-10-12 06:07:46,106 [IPC Server Responder] INFO  ipc.Server (Server.java:run(1314)) - IPC Server Responder: starting
2019-10-12 06:07:46,106 [IPC Server listener on 44793] INFO  ipc.Server (Server.java:run(1153)) - IPC Server listener on 44793: starting
2019-10-12 06:07:46,109 [main] INFO  http.HttpServer2 (HttpServer2.java:bindListener(1191)) - Jetty bound to port 46408
2019-10-12 06:07:46,109 [main] INFO  server.Server (Server.java:doStart(351)) - jetty-9.3.25.v20180904, build timestamp: 2018-09-04T21:11:46Z, git hash: 3ce520221d0240229c862b122d2b06c12a625732
2019-10-12 06:07:46,111 [main] INFO  handler.ContextHandler (ContextHandler.java:doStart(781)) - Started o.e.j.s.ServletContextHandler@296edc75{/logs,file:///workdir/hadoop-ozone/integration-test/target/log,AVAILABLE}
2019-10-12 06:07:46,112 [main] INFO  handler.ContextHandler (ContextHandler.java:doStart(781)) - Started o.e.j.s.ServletContextHandler@7aea704c{/static,file:///workdir/hadoop-ozone/integration-test/target/test-classes/webapps/static,AVAILABLE}
2019-10-12 06:07:46,115 [main] INFO  handler.ContextHandler (ContextHandler.java:doStart(781)) - Started o.e.j.w.WebAppContext@72ecbcb3{/,file:///workdir/hadoop-ozone/integration-test/target/test-classes/webapps/scm/,AVAILABLE}{/scm}
2019-10-12 06:07:46,116 [main] INFO  server.AbstractConnector (AbstractConnector.java:doStart(278)) - Started ServerConnector@4a50c746{HTTP/1.1,[http/1.1]}{0.0.0.0:46408}
2019-10-12 06:07:46,117 [main] INFO  server.Server (Server.java:doStart(419)) - Started @235996ms
2019-10-12 06:07:46,117 [main] WARN  impl.MetricsSystemImpl (MetricsSystemImpl.java:register(276)) - Sink prometheus already exists!
2019-10-12 06:07:46,118 [main] INFO  server.BaseHttpServer (BaseHttpServer.java:updateConnectorAddress(215)) - HTTP server of SCM is listening at http://0.0.0.0:46408
2019-10-12 06:07:46,119 [main] WARN  server.ServerUtils (ServerUtils.java:getDBPath(222)) - ozone.om.db.dirs is not configured. We recommend adding this setting. Falling back to ozone.metadata.dirs instead.
2019-10-12 06:07:46,119 [org.apache.hadoop.util.JvmPauseMonitor$Monitor@79ecc507] INFO  util.JvmPauseMonitor (JvmPauseMonitor.java:run(188)) - Starting JVM pause monitor
2019-10-12 06:07:46,149 [main] INFO  ha.OMHANodeDetails (OMHANodeDetails.java:loadOMHAConfig(190)) - Configuration either no ozone.om.address set. Falling back to the default OM address /127.0.0.1:0
2019-10-12 06:07:46,149 [main] INFO  ha.OMHANodeDetails (OMHANodeDetails.java:getOMNodeDetails(220)) - OM Service ID is not set. Setting it to the default ID: omServiceIdDefault
2019-10-12 06:07:46,149 [main] WARN  server.ServerUtils (ServerUtils.java:getDBPath(222)) - ozone.om.db.dirs is not configured. We recommend adding this setting. Falling back to ozone.metadata.dirs instead.
2019-10-12 06:07:46,149 [main] WARN  server.ServerUtils (ServerUtils.java:getDBPath(222)) - ozone.om.db.dirs is not configured. We recommend adding this setting. Falling back to ozone.metadata.dirs instead.
2019-10-12 06:07:46,158 [main] WARN  server.ServerUtils (ServerUtils.java:getDBPath(222)) - ozone.om.db.dirs is not configured. We recommend adding this setting. Falling back to ozone.metadata.dirs instead.
2019-10-12 06:07:46,159 [main] INFO  db.DBStoreBuilder (DBStoreBuilder.java:addTable(117)) - using custom profile for table: userTable
2019-10-12 06:07:46,159 [main] INFO  db.DBStoreBuilder (DBStoreBuilder.java:processTables(168)) - Using default column profile:DBProfile.DISK for Table:userTable
2019-10-12 06:07:46,159 [main] INFO  db.DBStoreBuilder (DBStoreBuilder.java:addTable(117)) - using custom profile for table: volumeTable
2019-10-12 06:07:46,159 [main] INFO  db.DBStoreBuilder (DBStoreBuilder.java:processTables(168)) - Using default column profile:DBProfile.DISK for Table:volumeTable
2019-10-12 06:07:46,159 [main] INFO  db.DBStoreBuilder (DBStoreBuilder.java:addTable(117)) - using custom profile for table: bucketTable
2019-10-12 06:07:46,159 [main] INFO  db.DBStoreBuilder (DBStoreBuilder.java:processTables(168)) - Using default column profile:DBProfile.DISK for Table:bucketTable
2019-10-12 06:07:46,159 [main] INFO  db.DBStoreBuilder (DBStoreBuilder.java:addTable(117)) - using custom profile for table: keyTable
2019-10-12 06:07:46,160 [main] INFO  db.DBStoreBuilder (DBStoreBuilder.java:processTables(168)) - Using default column profile:DBProfile.DISK for Table:keyTable
2019-10-12 06:07:46,160 [main] INFO  db.DBStoreBuilder (DBStoreBuilder.java:addTable(117)) - using custom profile for table: deletedTable
2019-10-12 06:07:46,160 [main] INFO  db.DBStoreBuilder (DBStoreBuilder.java:processTables(168)) - Using default column profile:DBProfile.DISK for Table:deletedTable
2019-10-12 06:07:46,160 [main] INFO  db.DBStoreBuilder (DBStoreBuilder.java:addTable(117)) - using custom profile for table: openKeyTable
2019-10-12 06:07:46,160 [main] INFO  db.DBStoreBuilder (DBStoreBuilder.java:processTables(168)) - Using default column profile:DBProfile.DISK for Table:openKeyTable
2019-10-12 06:07:46,160 [main] INFO  db.DBStoreBuilder (DBStoreBuilder.java:addTable(117)) - using custom profile for table: s3Table
2019-10-12 06:07:46,160 [main] INFO  db.DBStoreBuilder (DBStoreBuilder.java:processTables(168)) - Using default column profile:DBProfile.DISK for Table:s3Table
2019-10-12 06:07:46,161 [main] INFO  db.DBStoreBuilder (DBStoreBuilder.java:addTable(117)) - using custom profile for table: multipartInfoTable
2019-10-12 06:07:46,161 [main] INFO  db.DBStoreBuilder (DBStoreBuilder.java:processTables(168)) - Using default column profile:DBProfile.DISK for Table:multipartInfoTable
2019-10-12 06:07:46,161 [main] INFO  db.DBStoreBuilder (DBStoreBuilder.java:addTable(117)) - using custom profile for table: dTokenTable
2019-10-12 06:07:46,161 [main] INFO  db.DBStoreBuilder (DBStoreBuilder.java:processTables(168)) - Using default column profile:DBProfile.DISK for Table:dTokenTable
2019-10-12 06:07:46,161 [main] INFO  db.DBStoreBuilder (DBStoreBuilder.java:addTable(117)) - using custom profile for table: s3SecretTable
2019-10-12 06:07:46,161 [main] INFO  db.DBStoreBuilder (DBStoreBuilder.java:processTables(168)) - Using default column profile:DBProfile.DISK for Table:s3SecretTable
2019-10-12 06:07:46,161 [main] INFO  db.DBStoreBuilder (DBStoreBuilder.java:addTable(117)) - using custom profile for table: prefixTable
2019-10-12 06:07:46,162 [main] INFO  db.DBStoreBuilder (DBStoreBuilder.java:processTables(168)) - Using default column profile:DBProfile.DISK for Table:prefixTable
2019-10-12 06:07:46,162 [main] INFO  db.DBStoreBuilder (DBStoreBuilder.java:addTable(117)) - using custom profile for table: default
2019-10-12 06:07:46,162 [main] INFO  db.DBStoreBuilder (DBStoreBuilder.java:processTables(174)) - Using default column profile:DBProfile.DISK for Table:default
2019-10-12 06:07:46,162 [main] INFO  db.DBStoreBuilder (DBStoreBuilder.java:getDbProfile(205)) - Using default options. DBProfile.DISK
2019-10-12 06:07:47,034 [main] INFO  ipc.CallQueueManager (CallQueueManager.java:<init>(84)) - Using callQueue: class java.util.concurrent.LinkedBlockingQueue, queueCapacity: 2000, scheduler: class org.apache.hadoop.ipc.DefaultRpcScheduler, ipcBackoff: false.
2019-10-12 06:07:47,035 [Socket Reader #1 for port 42892] INFO  ipc.Server (Server.java:run(1074)) - Starting Socket Reader #1 for port 42892
2019-10-12 06:07:47,051 [main] INFO  om.OzoneManager (OzoneManager.java:start(1071)) - OzoneManager RPC server is listening at localhost/127.0.0.1:42892
2019-10-12 06:07:47,051 [main] INFO  impl.MetricsSystemImpl (MetricsSystemImpl.java:init(158)) - OzoneManager metrics system started (again)
2019-10-12 06:07:47,053 [IPC Server Responder] INFO  ipc.Server (Server.java:run(1314)) - IPC Server Responder: starting
2019-10-12 06:07:47,054 [IPC Server listener on 42892] INFO  ipc.Server (Server.java:run(1153)) - IPC Server listener on 42892: starting
2019-10-12 06:07:47,058 [main] INFO  hdfs.DFSUtil (DFSUtil.java:httpServerTemplateForNNAndJN(1641)) - Starting Web-server for ozoneManager at: http://0.0.0.0:0
2019-10-12 06:07:47,060 [main] INFO  server.AuthenticationFilter (AuthenticationFilter.java:constructSecretProvider(240)) - Unable to initialize FileSignerSecretProvider, falling back to use random secrets.
2019-10-12 06:07:47,061 [main] WARN  http.HttpRequestLog (HttpRequestLog.java:getRequestLog(97)) - Jetty request log can only be enabled using Log4j
2019-10-12 06:07:47,063 [main] INFO  http.HttpServer2 (HttpServer2.java:addGlobalFilter(975)) - Added global filter 'safety' (class=org.apache.hadoop.http.HttpServer2$QuotingInputFilter)
2019-10-12 06:07:47,063 [main] INFO  http.HttpServer2 (HttpServer2.java:addFilter(948)) - Added filter static_user_filter (class=org.apache.hadoop.http.lib.StaticUserWebFilter$StaticUserFilter) to context ozoneManager
2019-10-12 06:07:47,064 [main] INFO  http.HttpServer2 (HttpServer2.java:addFilter(958)) - Added filter static_user_filter (class=org.apache.hadoop.http.lib.StaticUserWebFilter$StaticUserFilter) to context logs
2019-10-12 06:07:47,064 [main] INFO  http.HttpServer2 (HttpServer2.java:addFilter(958)) - Added filter static_user_filter (class=org.apache.hadoop.http.lib.StaticUserWebFilter$StaticUserFilter) to context static
2019-10-12 06:07:47,065 [main] INFO  http.HttpServer2 (HttpServer2.java:bindListener(1191)) - Jetty bound to port 34091
2019-10-12 06:07:47,065 [main] INFO  server.Server (Server.java:doStart(351)) - jetty-9.3.25.v20180904, build timestamp: 2018-09-04T21:11:46Z, git hash: 3ce520221d0240229c862b122d2b06c12a625732
2019-10-12 06:07:47,067 [main] INFO  handler.ContextHandler (ContextHandler.java:doStart(781)) - Started o.e.j.s.ServletContextHandler@4fb64e14{/logs,file:///workdir/hadoop-ozone/integration-test/target/log,AVAILABLE}
2019-10-12 06:07:47,067 [main] INFO  handler.ContextHandler (ContextHandler.java:doStart(781)) - Started o.e.j.s.ServletContextHandler@a2b54e3{/static,file:///workdir/hadoop-ozone/integration-test/target/test-classes/webapps/static,AVAILABLE}
2019-10-12 06:07:47,072 [main] INFO  handler.ContextHandler (ContextHandler.java:doStart(781)) - Started o.e.j.w.WebAppContext@355ce6a6{/,file:///workdir/hadoop-ozone/integration-test/target/test-classes/webapps/ozoneManager/,AVAILABLE}{/ozoneManager}
2019-10-12 06:07:47,072 [main] INFO  server.AbstractConnector (AbstractConnector.java:doStart(278)) - Started ServerConnector@20440c6c{HTTP/1.1,[http/1.1]}{0.0.0.0:34091}
2019-10-12 06:07:47,074 [main] INFO  server.Server (Server.java:doStart(419)) - Started @236953ms
2019-10-12 06:07:47,074 [main] WARN  impl.MetricsSystemImpl (MetricsSystemImpl.java:register(276)) - Sink prometheus already exists!
2019-10-12 06:07:47,075 [main] INFO  server.BaseHttpServer (BaseHttpServer.java:updateConnectorAddress(215)) - HTTP server of OZONEMANAGER is listening at http://0.0.0.0:34091
2019-10-12 06:07:47,090 [main] INFO  impl.MetricsSystemImpl (MetricsSystemImpl.java:init(158)) - HddsDatanode metrics system started (again)
2019-10-12 06:07:47,094 [main] INFO  ozone.HddsDatanodeService (HddsDatanodeService.java:start(184)) - HddsDatanodeService host:trunk-nightly-20191012-whclf-1426492793 ip:192.168.164.199
2019-10-12 06:07:47,099 [main] INFO  volume.HddsVolume (HddsVolume.java:<init>(176)) - Creating Volume: /workdir/hadoop-ozone/integration-test/target/test-dir/MiniOzoneClusterImpl-9624e39d-339a-428b-bb52-387f80fe3ded/datanode-0/data/containers/hdds of  storage type : DISK and capacity : 1482555576320
2019-10-12 06:07:47,100 [main] INFO  volume.VolumeSet (VolumeSet.java:initializeVolumeSet(170)) - Added Volume : /workdir/hadoop-ozone/integration-test/target/test-dir/MiniOzoneClusterImpl-9624e39d-339a-428b-bb52-387f80fe3ded/datanode-0/data/containers/hdds to VolumeSet
2019-10-12 06:07:47,100 [main] INFO  volume.ThrottledAsyncChecker (ThrottledAsyncChecker.java:schedule(141)) - Scheduling a check for org.apache.hadoop.ozone.container.common.volume.HddsVolume@4d354a3e
2019-10-12 06:07:47,100 [main] INFO  volume.HddsVolumeChecker (HddsVolumeChecker.java:checkAllVolumes(204)) - Scheduled health check for volume org.apache.hadoop.ozone.container.common.volume.HddsVolume@4d354a3e
2019-10-12 06:07:47,115 [main] INFO  impl.RaftServerProxy (ConfUtils.java:logGet(43)) - raft.rpc.type = GRPC (default)
2019-10-12 06:07:47,115 [main] INFO  grpc.GrpcFactory (GrpcFactory.java:checkPooledByteBufAllocatorUseCacheForAllThreads(45)) - PERFORMANCE WARNING: useCacheForAllThreads is true that may cause Netty to create a lot garbage objects and, as a result, trigger GC.
	It is recommended to disable useCacheForAllThreads by setting -Dorg.apache.ratis.thirdparty.io.netty.allocator.useCacheForAllThreads=false in command line.
2019-10-12 06:07:47,115 [main] INFO  grpc.GrpcConfigKeys$Server (ConfUtils.java:logGet(43)) - raft.grpc.server.port = 0 (default)
2019-10-12 06:07:47,116 [main] INFO  server.GrpcService (ConfUtils.java:logGet(43)) - raft.grpc.message.size.max = 33570816 (custom)
2019-10-12 06:07:47,116 [main] INFO  server.RaftServerConfigKeys (ConfUtils.java:logGet(43)) - raft.server.log.appender.buffer.byte-limit = 33554432 (custom)
2019-10-12 06:07:47,116 [main] INFO  server.GrpcService (ConfUtils.java:logGet(43)) - raft.grpc.flow.control.window = 1MB (=1048576) (default)
2019-10-12 06:07:47,116 [main] INFO  server.RaftServerConfigKeys (ConfUtils.java:logGet(43)) - raft.server.rpc.request.timeout = 3000ms (default)
2019-10-12 06:07:47,117 [main] INFO  server.RaftServerConfigKeys (ConfUtils.java:logGet(43)) - raft.server.storage.dir = [/workdir/hadoop-ozone/integration-test/target/test-dir/MiniOzoneClusterImpl-9624e39d-339a-428b-bb52-387f80fe3ded/datanode-0/data/ratis] (custom)
2019-10-12 06:07:47,118 [main] INFO  hdfs.DFSUtil (DFSUtil.java:httpServerTemplateForNNAndJN(1641)) - Starting Web-server for hddsDatanode at: http://0.0.0.0:0
2019-10-12 06:07:47,119 [main] INFO  server.AuthenticationFilter (AuthenticationFilter.java:constructSecretProvider(240)) - Unable to initialize FileSignerSecretProvider, falling back to use random secrets.
2019-10-12 06:07:47,119 [main] WARN  http.HttpRequestLog (HttpRequestLog.java:getRequestLog(97)) - Jetty request log can only be enabled using Log4j
2019-10-12 06:07:47,121 [main] INFO  http.HttpServer2 (HttpServer2.java:addGlobalFilter(975)) - Added global filter 'safety' (class=org.apache.hadoop.http.HttpServer2$QuotingInputFilter)
2019-10-12 06:07:47,121 [main] INFO  http.HttpServer2 (HttpServer2.java:addFilter(948)) - Added filter static_user_filter (class=org.apache.hadoop.http.lib.StaticUserWebFilter$StaticUserFilter) to context hddsDatanode
2019-10-12 06:07:47,121 [main] INFO  http.HttpServer2 (HttpServer2.java:addFilter(958)) - Added filter static_user_filter (class=org.apache.hadoop.http.lib.StaticUserWebFilter$StaticUserFilter) to context logs
2019-10-12 06:07:47,121 [main] INFO  http.HttpServer2 (HttpServer2.java:addFilter(958)) - Added filter static_user_filter (class=org.apache.hadoop.http.lib.StaticUserWebFilter$StaticUserFilter) to context static
2019-10-12 06:07:47,122 [main] INFO  http.HttpServer2 (HttpServer2.java:bindListener(1191)) - Jetty bound to port 44155
2019-10-12 06:07:47,122 [main] INFO  server.Server (Server.java:doStart(351)) - jetty-9.3.25.v20180904, build timestamp: 2018-09-04T21:11:46Z, git hash: 3ce520221d0240229c862b122d2b06c12a625732
2019-10-12 06:07:47,124 [main] INFO  handler.ContextHandler (ContextHandler.java:doStart(781)) - Started o.e.j.s.ServletContextHandler@666618d6{/logs,file:///workdir/hadoop-ozone/integration-test/target/log,AVAILABLE}
2019-10-12 06:07:47,125 [main] INFO  handler.ContextHandler (ContextHandler.java:doStart(781)) - Started o.e.j.s.ServletContextHandler@2bab618{/static,jar:file:/home/user/.m2/repository/org/apache/hadoop/hadoop-hdds-container-service/0.5.0-SNAPSHOT/hadoop-hdds-container-service-0.5.0-SNAPSHOT.jar!/webapps/static,AVAILABLE}
2019-10-12 06:07:47,168 [main] INFO  handler.ContextHandler (ContextHandler.java:doStart(781)) - Started o.e.j.w.WebAppContext@29d25e65{/,file:///tmp/jetty-0.0.0.0-44155-hddsDatanode-_-any-8222380230218617632.dir/webapp/,AVAILABLE}{/hddsDatanode}
2019-10-12 06:07:47,168 [main] INFO  server.AbstractConnector (AbstractConnector.java:doStart(278)) - Started ServerConnector@19b75b2b{HTTP/1.1,[http/1.1]}{0.0.0.0:44155}
2019-10-12 06:07:47,170 [main] INFO  server.Server (Server.java:doStart(419)) - Started @237049ms
2019-10-12 06:07:47,170 [main] WARN  impl.MetricsSystemImpl (MetricsSystemImpl.java:register(276)) - Sink prometheus already exists!
2019-10-12 06:07:47,171 [main] INFO  server.BaseHttpServer (BaseHttpServer.java:updateConnectorAddress(215)) - HTTP server of HDDSDATANODE is listening at http://0.0.0.0:44155
2019-10-12 06:07:47,171 [main] INFO  impl.MetricsSystemImpl (MetricsSystemImpl.java:init(158)) - HddsDatanode metrics system started (again)
2019-10-12 06:07:47,175 [org.apache.hadoop.util.JvmPauseMonitor$Monitor@28f5d872] INFO  util.JvmPauseMonitor (JvmPauseMonitor.java:run(188)) - Starting JVM pause monitor
2019-10-12 06:07:47,175 [main] INFO  ozone.HddsDatanodeService (HddsDatanodeService.java:start(184)) - HddsDatanodeService host:trunk-nightly-20191012-whclf-1426492793 ip:192.168.164.199
2019-10-12 06:07:47,176 [Datanode State Machine Thread - 0] INFO  datanode.InitDatanodeState (InitDatanodeState.java:persistContainerDatanodeDetails(140)) - DatanodeDetails is persisted to /workdir/hadoop-ozone/integration-test/target/test-dir/MiniOzoneClusterImpl-9624e39d-339a-428b-bb52-387f80fe3ded/datanode-0/meta/datanode.id
2019-10-12 06:07:47,181 [main] INFO  volume.HddsVolume (HddsVolume.java:<init>(176)) - Creating Volume: /workdir/hadoop-ozone/integration-test/target/test-dir/MiniOzoneClusterImpl-9624e39d-339a-428b-bb52-387f80fe3ded/datanode-1/data/containers/hdds of  storage type : DISK and capacity : 1482555576320
2019-10-12 06:07:47,181 [main] INFO  volume.VolumeSet (VolumeSet.java:initializeVolumeSet(170)) - Added Volume : /workdir/hadoop-ozone/integration-test/target/test-dir/MiniOzoneClusterImpl-9624e39d-339a-428b-bb52-387f80fe3ded/datanode-1/data/containers/hdds to VolumeSet
2019-10-12 06:07:47,181 [main] INFO  volume.ThrottledAsyncChecker (ThrottledAsyncChecker.java:schedule(141)) - Scheduling a check for org.apache.hadoop.ozone.container.common.volume.HddsVolume@7aded903
2019-10-12 06:07:47,182 [main] INFO  volume.HddsVolumeChecker (HddsVolumeChecker.java:checkAllVolumes(204)) - Scheduled health check for volume org.apache.hadoop.ozone.container.common.volume.HddsVolume@7aded903
2019-10-12 06:07:47,200 [main] INFO  impl.RaftServerProxy (ConfUtils.java:logGet(43)) - raft.rpc.type = GRPC (default)
2019-10-12 06:07:47,200 [main] INFO  grpc.GrpcFactory (GrpcFactory.java:checkPooledByteBufAllocatorUseCacheForAllThreads(45)) - PERFORMANCE WARNING: useCacheForAllThreads is true that may cause Netty to create a lot garbage objects and, as a result, trigger GC.
	It is recommended to disable useCacheForAllThreads by setting -Dorg.apache.ratis.thirdparty.io.netty.allocator.useCacheForAllThreads=false in command line.
2019-10-12 06:07:47,200 [main] INFO  grpc.GrpcConfigKeys$Server (ConfUtils.java:logGet(43)) - raft.grpc.server.port = 0 (default)
2019-10-12 06:07:47,201 [main] INFO  server.GrpcService (ConfUtils.java:logGet(43)) - raft.grpc.message.size.max = 33570816 (custom)
2019-10-12 06:07:47,201 [main] INFO  server.RaftServerConfigKeys (ConfUtils.java:logGet(43)) - raft.server.log.appender.buffer.byte-limit = 33554432 (custom)
2019-10-12 06:07:47,201 [main] INFO  server.GrpcService (ConfUtils.java:logGet(43)) - raft.grpc.flow.control.window = 1MB (=1048576) (default)
2019-10-12 06:07:47,201 [main] INFO  server.RaftServerConfigKeys (ConfUtils.java:logGet(43)) - raft.server.rpc.request.timeout = 3000ms (default)
2019-10-12 06:07:47,202 [main] INFO  server.RaftServerConfigKeys (ConfUtils.java:logGet(43)) - raft.server.storage.dir = [/workdir/hadoop-ozone/integration-test/target/test-dir/MiniOzoneClusterImpl-9624e39d-339a-428b-bb52-387f80fe3ded/datanode-1/data/ratis] (custom)
2019-10-12 06:07:47,203 [main] INFO  hdfs.DFSUtil (DFSUtil.java:httpServerTemplateForNNAndJN(1641)) - Starting Web-server for hddsDatanode at: http://0.0.0.0:0
2019-10-12 06:07:47,205 [main] INFO  server.AuthenticationFilter (AuthenticationFilter.java:constructSecretProvider(240)) - Unable to initialize FileSignerSecretProvider, falling back to use random secrets.
2019-10-12 06:07:47,205 [main] WARN  http.HttpRequestLog (HttpRequestLog.java:getRequestLog(97)) - Jetty request log can only be enabled using Log4j
2019-10-12 06:07:47,207 [main] INFO  http.HttpServer2 (HttpServer2.java:addGlobalFilter(975)) - Added global filter 'safety' (class=org.apache.hadoop.http.HttpServer2$QuotingInputFilter)
2019-10-12 06:07:47,208 [main] INFO  http.HttpServer2 (HttpServer2.java:addFilter(948)) - Added filter static_user_filter (class=org.apache.hadoop.http.lib.StaticUserWebFilter$StaticUserFilter) to context hddsDatanode
2019-10-12 06:07:47,208 [main] INFO  http.HttpServer2 (HttpServer2.java:addFilter(958)) - Added filter static_user_filter (class=org.apache.hadoop.http.lib.StaticUserWebFilter$StaticUserFilter) to context static
2019-10-12 06:07:47,208 [main] INFO  http.HttpServer2 (HttpServer2.java:addFilter(958)) - Added filter static_user_filter (class=org.apache.hadoop.http.lib.StaticUserWebFilter$StaticUserFilter) to context logs
2019-10-12 06:07:47,209 [main] INFO  http.HttpServer2 (HttpServer2.java:bindListener(1191)) - Jetty bound to port 35823
2019-10-12 06:07:47,209 [main] INFO  server.Server (Server.java:doStart(351)) - jetty-9.3.25.v20180904, build timestamp: 2018-09-04T21:11:46Z, git hash: 3ce520221d0240229c862b122d2b06c12a625732
2019-10-12 06:07:47,211 [main] INFO  handler.ContextHandler (ContextHandler.java:doStart(781)) - Started o.e.j.s.ServletContextHandler@2a8dd942{/logs,file:///workdir/hadoop-ozone/integration-test/target/log,AVAILABLE}
2019-10-12 06:07:47,211 [main] INFO  handler.ContextHandler (ContextHandler.java:doStart(781)) - Started o.e.j.s.ServletContextHandler@35025a0a{/static,jar:file:/home/user/.m2/repository/org/apache/hadoop/hadoop-hdds-container-service/0.5.0-SNAPSHOT/hadoop-hdds-container-service-0.5.0-SNAPSHOT.jar!/webapps/static,AVAILABLE}
2019-10-12 06:07:47,242 [main] INFO  handler.ContextHandler (ContextHandler.java:doStart(781)) - Started o.e.j.w.WebAppContext@22f02996{/,file:///tmp/jetty-0.0.0.0-35823-hddsDatanode-_-any-1297167166891434262.dir/webapp/,AVAILABLE}{/hddsDatanode}
2019-10-12 06:07:47,242 [main] INFO  server.AbstractConnector (AbstractConnector.java:doStart(278)) - Started ServerConnector@7c8874ef{HTTP/1.1,[http/1.1]}{0.0.0.0:35823}
2019-10-12 06:07:47,244 [main] INFO  server.Server (Server.java:doStart(419)) - Started @237123ms
2019-10-12 06:07:47,244 [main] WARN  impl.MetricsSystemImpl (MetricsSystemImpl.java:register(276)) - Sink prometheus already exists!
2019-10-12 06:07:47,245 [main] INFO  server.BaseHttpServer (BaseHttpServer.java:updateConnectorAddress(215)) - HTTP server of HDDSDATANODE is listening at http://0.0.0.0:35823
2019-10-12 06:07:47,245 [main] INFO  impl.MetricsSystemImpl (MetricsSystemImpl.java:init(158)) - HddsDatanode metrics system started (again)
2019-10-12 06:07:47,249 [org.apache.hadoop.util.JvmPauseMonitor$Monitor@4afdb921] INFO  util.JvmPauseMonitor (JvmPauseMonitor.java:run(188)) - Starting JVM pause monitor
2019-10-12 06:07:47,250 [main] INFO  ozone.HddsDatanodeService (HddsDatanodeService.java:start(184)) - HddsDatanodeService host:trunk-nightly-20191012-whclf-1426492793 ip:192.168.164.199
2019-10-12 06:07:47,250 [Datanode State Machine Thread - 0] INFO  datanode.InitDatanodeState (InitDatanodeState.java:persistContainerDatanodeDetails(140)) - DatanodeDetails is persisted to /workdir/hadoop-ozone/integration-test/target/test-dir/MiniOzoneClusterImpl-9624e39d-339a-428b-bb52-387f80fe3ded/datanode-1/meta/datanode.id
2019-10-12 06:07:47,255 [main] INFO  volume.HddsVolume (HddsVolume.java:<init>(176)) - Creating Volume: /workdir/hadoop-ozone/integration-test/target/test-dir/MiniOzoneClusterImpl-9624e39d-339a-428b-bb52-387f80fe3ded/datanode-2/data/containers/hdds of  storage type : DISK and capacity : 1482555576320
2019-10-12 06:07:47,256 [main] INFO  volume.VolumeSet (VolumeSet.java:initializeVolumeSet(170)) - Added Volume : /workdir/hadoop-ozone/integration-test/target/test-dir/MiniOzoneClusterImpl-9624e39d-339a-428b-bb52-387f80fe3ded/datanode-2/data/containers/hdds to VolumeSet
2019-10-12 06:07:47,256 [main] INFO  volume.ThrottledAsyncChecker (ThrottledAsyncChecker.java:schedule(141)) - Scheduling a check for org.apache.hadoop.ozone.container.common.volume.HddsVolume@640d604
2019-10-12 06:07:47,256 [main] INFO  volume.HddsVolumeChecker (HddsVolumeChecker.java:checkAllVolumes(204)) - Scheduled health check for volume org.apache.hadoop.ozone.container.common.volume.HddsVolume@640d604
2019-10-12 06:07:47,271 [main] INFO  impl.RaftServerProxy (ConfUtils.java:logGet(43)) - raft.rpc.type = GRPC (default)
2019-10-12 06:07:47,272 [main] INFO  grpc.GrpcFactory (GrpcFactory.java:checkPooledByteBufAllocatorUseCacheForAllThreads(45)) - PERFORMANCE WARNING: useCacheForAllThreads is true that may cause Netty to create a lot garbage objects and, as a result, trigger GC.
	It is recommended to disable useCacheForAllThreads by setting -Dorg.apache.ratis.thirdparty.io.netty.allocator.useCacheForAllThreads=false in command line.
2019-10-12 06:07:47,272 [main] INFO  grpc.GrpcConfigKeys$Server (ConfUtils.java:logGet(43)) - raft.grpc.server.port = 0 (default)
2019-10-12 06:07:47,272 [main] INFO  server.GrpcService (ConfUtils.java:logGet(43)) - raft.grpc.message.size.max = 33570816 (custom)
2019-10-12 06:07:47,272 [main] INFO  server.RaftServerConfigKeys (ConfUtils.java:logGet(43)) - raft.server.log.appender.buffer.byte-limit = 33554432 (custom)
2019-10-12 06:07:47,272 [main] INFO  server.GrpcService (ConfUtils.java:logGet(43)) - raft.grpc.flow.control.window = 1MB (=1048576) (default)
2019-10-12 06:07:47,272 [main] INFO  server.RaftServerConfigKeys (ConfUtils.java:logGet(43)) - raft.server.rpc.request.timeout = 3000ms (default)
2019-10-12 06:07:47,273 [main] INFO  server.RaftServerConfigKeys (ConfUtils.java:logGet(43)) - raft.server.storage.dir = [/workdir/hadoop-ozone/integration-test/target/test-dir/MiniOzoneClusterImpl-9624e39d-339a-428b-bb52-387f80fe3ded/datanode-2/data/ratis] (custom)
2019-10-12 06:07:47,274 [main] INFO  hdfs.DFSUtil (DFSUtil.java:httpServerTemplateForNNAndJN(1641)) - Starting Web-server for hddsDatanode at: http://0.0.0.0:0
2019-10-12 06:07:47,275 [main] INFO  server.AuthenticationFilter (AuthenticationFilter.java:constructSecretProvider(240)) - Unable to initialize FileSignerSecretProvider, falling back to use random secrets.
2019-10-12 06:07:47,276 [main] WARN  http.HttpRequestLog (HttpRequestLog.java:getRequestLog(97)) - Jetty request log can only be enabled using Log4j
2019-10-12 06:07:47,277 [main] INFO  http.HttpServer2 (HttpServer2.java:addGlobalFilter(975)) - Added global filter 'safety' (class=org.apache.hadoop.http.HttpServer2$QuotingInputFilter)
2019-10-12 06:07:47,277 [main] INFO  http.HttpServer2 (HttpServer2.java:addFilter(948)) - Added filter static_user_filter (class=org.apache.hadoop.http.lib.StaticUserWebFilter$StaticUserFilter) to context hddsDatanode
2019-10-12 06:07:47,277 [main] INFO  http.HttpServer2 (HttpServer2.java:addFilter(958)) - Added filter static_user_filter (class=org.apache.hadoop.http.lib.StaticUserWebFilter$StaticUserFilter) to context static
2019-10-12 06:07:47,278 [main] INFO  http.HttpServer2 (HttpServer2.java:addFilter(958)) - Added filter static_user_filter (class=org.apache.hadoop.http.lib.StaticUserWebFilter$StaticUserFilter) to context logs
2019-10-12 06:07:47,278 [main] INFO  http.HttpServer2 (HttpServer2.java:bindListener(1191)) - Jetty bound to port 42349
2019-10-12 06:07:47,278 [main] INFO  server.Server (Server.java:doStart(351)) - jetty-9.3.25.v20180904, build timestamp: 2018-09-04T21:11:46Z, git hash: 3ce520221d0240229c862b122d2b06c12a625732
2019-10-12 06:07:47,280 [main] INFO  handler.ContextHandler (ContextHandler.java:doStart(781)) - Started o.e.j.s.ServletContextHandler@1a1c21b4{/logs,file:///workdir/hadoop-ozone/integration-test/target/log,AVAILABLE}
2019-10-12 06:07:47,280 [main] INFO  handler.ContextHandler (ContextHandler.java:doStart(781)) - Started o.e.j.s.ServletContextHandler@38ac8968{/static,jar:file:/home/user/.m2/repository/org/apache/hadoop/hadoop-hdds-container-service/0.5.0-SNAPSHOT/hadoop-hdds-container-service-0.5.0-SNAPSHOT.jar!/webapps/static,AVAILABLE}
2019-10-12 06:07:47,308 [main] INFO  handler.ContextHandler (ContextHandler.java:doStart(781)) - Started o.e.j.w.WebAppContext@6c0b51da{/,file:///tmp/jetty-0.0.0.0-42349-hddsDatanode-_-any-1547401502822996592.dir/webapp/,AVAILABLE}{/hddsDatanode}
2019-10-12 06:07:47,308 [main] INFO  server.AbstractConnector (AbstractConnector.java:doStart(278)) - Started ServerConnector@7558633{HTTP/1.1,[http/1.1]}{0.0.0.0:42349}
2019-10-12 06:07:47,310 [main] INFO  server.Server (Server.java:doStart(419)) - Started @237189ms
2019-10-12 06:07:47,310 [main] WARN  impl.MetricsSystemImpl (MetricsSystemImpl.java:register(276)) - Sink prometheus already exists!
2019-10-12 06:07:47,311 [main] INFO  server.BaseHttpServer (BaseHttpServer.java:updateConnectorAddress(215)) - HTTP server of HDDSDATANODE is listening at http://0.0.0.0:42349
2019-10-12 06:07:47,311 [main] INFO  impl.MetricsSystemImpl (MetricsSystemImpl.java:init(158)) - HddsDatanode metrics system started (again)
2019-10-12 06:07:47,315 [org.apache.hadoop.util.JvmPauseMonitor$Monitor@3bde6268] INFO  util.JvmPauseMonitor (JvmPauseMonitor.java:run(188)) - Starting JVM pause monitor
2019-10-12 06:07:47,316 [main] INFO  ozone.HddsDatanodeService (HddsDatanodeService.java:start(184)) - HddsDatanodeService host:trunk-nightly-20191012-whclf-1426492793 ip:192.168.164.199
2019-10-12 06:07:47,316 [Datanode State Machine Thread - 0] INFO  datanode.InitDatanodeState (InitDatanodeState.java:persistContainerDatanodeDetails(140)) - DatanodeDetails is persisted to /workdir/hadoop-ozone/integration-test/target/test-dir/MiniOzoneClusterImpl-9624e39d-339a-428b-bb52-387f80fe3ded/datanode-2/meta/datanode.id
2019-10-12 06:07:47,321 [main] INFO  volume.HddsVolume (HddsVolume.java:<init>(176)) - Creating Volume: /workdir/hadoop-ozone/integration-test/target/test-dir/MiniOzoneClusterImpl-9624e39d-339a-428b-bb52-387f80fe3ded/datanode-3/data/containers/hdds of  storage type : DISK and capacity : 1482555576320
2019-10-12 06:07:47,322 [main] INFO  volume.VolumeSet (VolumeSet.java:initializeVolumeSet(170)) - Added Volume : /workdir/hadoop-ozone/integration-test/target/test-dir/MiniOzoneClusterImpl-9624e39d-339a-428b-bb52-387f80fe3ded/datanode-3/data/containers/hdds to VolumeSet
2019-10-12 06:07:47,322 [main] INFO  volume.ThrottledAsyncChecker (ThrottledAsyncChecker.java:schedule(141)) - Scheduling a check for org.apache.hadoop.ozone.container.common.volume.HddsVolume@538a2f0e
2019-10-12 06:07:47,322 [main] INFO  volume.HddsVolumeChecker (HddsVolumeChecker.java:checkAllVolumes(204)) - Scheduled health check for volume org.apache.hadoop.ozone.container.common.volume.HddsVolume@538a2f0e
2019-10-12 06:07:47,336 [main] INFO  impl.RaftServerProxy (ConfUtils.java:logGet(43)) - raft.rpc.type = GRPC (default)
2019-10-12 06:07:47,336 [main] INFO  grpc.GrpcFactory (GrpcFactory.java:checkPooledByteBufAllocatorUseCacheForAllThreads(45)) - PERFORMANCE WARNING: useCacheForAllThreads is true that may cause Netty to create a lot garbage objects and, as a result, trigger GC.
	It is recommended to disable useCacheForAllThreads by setting -Dorg.apache.ratis.thirdparty.io.netty.allocator.useCacheForAllThreads=false in command line.
2019-10-12 06:07:47,337 [main] INFO  grpc.GrpcConfigKeys$Server (ConfUtils.java:logGet(43)) - raft.grpc.server.port = 0 (default)
2019-10-12 06:07:47,337 [main] INFO  server.GrpcService (ConfUtils.java:logGet(43)) - raft.grpc.message.size.max = 33570816 (custom)
2019-10-12 06:07:47,337 [main] INFO  server.RaftServerConfigKeys (ConfUtils.java:logGet(43)) - raft.server.log.appender.buffer.byte-limit = 33554432 (custom)
2019-10-12 06:07:47,337 [main] INFO  server.GrpcService (ConfUtils.java:logGet(43)) - raft.grpc.flow.control.window = 1MB (=1048576) (default)
2019-10-12 06:07:47,337 [main] INFO  server.RaftServerConfigKeys (ConfUtils.java:logGet(43)) - raft.server.rpc.request.timeout = 3000ms (default)
2019-10-12 06:07:47,338 [main] INFO  server.RaftServerConfigKeys (ConfUtils.java:logGet(43)) - raft.server.storage.dir = [/workdir/hadoop-ozone/integration-test/target/test-dir/MiniOzoneClusterImpl-9624e39d-339a-428b-bb52-387f80fe3ded/datanode-3/data/ratis] (custom)
2019-10-12 06:07:47,339 [main] INFO  hdfs.DFSUtil (DFSUtil.java:httpServerTemplateForNNAndJN(1641)) - Starting Web-server for hddsDatanode at: http://0.0.0.0:0
2019-10-12 06:07:47,340 [main] INFO  server.AuthenticationFilter (AuthenticationFilter.java:constructSecretProvider(240)) - Unable to initialize FileSignerSecretProvider, falling back to use random secrets.
2019-10-12 06:07:47,340 [main] WARN  http.HttpRequestLog (HttpRequestLog.java:getRequestLog(97)) - Jetty request log can only be enabled using Log4j
2019-10-12 06:07:47,341 [main] INFO  http.HttpServer2 (HttpServer2.java:addGlobalFilter(975)) - Added global filter 'safety' (class=org.apache.hadoop.http.HttpServer2$QuotingInputFilter)
2019-10-12 06:07:47,342 [main] INFO  http.HttpServer2 (HttpServer2.java:addFilter(948)) - Added filter static_user_filter (class=org.apache.hadoop.http.lib.StaticUserWebFilter$StaticUserFilter) to context hddsDatanode
2019-10-12 06:07:47,342 [main] INFO  http.HttpServer2 (HttpServer2.java:addFilter(958)) - Added filter static_user_filter (class=org.apache.hadoop.http.lib.StaticUserWebFilter$StaticUserFilter) to context static
2019-10-12 06:07:47,342 [main] INFO  http.HttpServer2 (HttpServer2.java:addFilter(958)) - Added filter static_user_filter (class=org.apache.hadoop.http.lib.StaticUserWebFilter$StaticUserFilter) to context logs
2019-10-12 06:07:47,343 [main] INFO  http.HttpServer2 (HttpServer2.java:bindListener(1191)) - Jetty bound to port 45289
2019-10-12 06:07:47,343 [main] INFO  server.Server (Server.java:doStart(351)) - jetty-9.3.25.v20180904, build timestamp: 2018-09-04T21:11:46Z, git hash: 3ce520221d0240229c862b122d2b06c12a625732
2019-10-12 06:07:47,345 [main] INFO  handler.ContextHandler (ContextHandler.java:doStart(781)) - Started o.e.j.s.ServletContextHandler@41aebbb4{/logs,file:///workdir/hadoop-ozone/integration-test/target/log,AVAILABLE}
2019-10-12 06:07:47,345 [main] INFO  handler.ContextHandler (ContextHandler.java:doStart(781)) - Started o.e.j.s.ServletContextHandler@5a592c70{/static,jar:file:/home/user/.m2/repository/org/apache/hadoop/hadoop-hdds-container-service/0.5.0-SNAPSHOT/hadoop-hdds-container-service-0.5.0-SNAPSHOT.jar!/webapps/static,AVAILABLE}
2019-10-12 06:07:47,371 [main] INFO  handler.ContextHandler (ContextHandler.java:doStart(781)) - Started o.e.j.w.WebAppContext@6870cfac{/,file:///tmp/jetty-0.0.0.0-45289-hddsDatanode-_-any-9210942959064269910.dir/webapp/,AVAILABLE}{/hddsDatanode}
2019-10-12 06:07:47,372 [main] INFO  server.AbstractConnector (AbstractConnector.java:doStart(278)) - Started ServerConnector@45554613{HTTP/1.1,[http/1.1]}{0.0.0.0:45289}
2019-10-12 06:07:47,373 [main] INFO  server.Server (Server.java:doStart(419)) - Started @237253ms
2019-10-12 06:07:47,374 [main] WARN  impl.MetricsSystemImpl (MetricsSystemImpl.java:register(276)) - Sink prometheus already exists!
2019-10-12 06:07:47,374 [main] INFO  server.BaseHttpServer (BaseHttpServer.java:updateConnectorAddress(215)) - HTTP server of HDDSDATANODE is listening at http://0.0.0.0:45289
2019-10-12 06:07:47,374 [main] INFO  impl.MetricsSystemImpl (MetricsSystemImpl.java:init(158)) - HddsDatanode metrics system started (again)
2019-10-12 06:07:47,379 [org.apache.hadoop.util.JvmPauseMonitor$Monitor@756101cd] INFO  util.JvmPauseMonitor (JvmPauseMonitor.java:run(188)) - Starting JVM pause monitor
2019-10-12 06:07:47,379 [main] INFO  ozone.HddsDatanodeService (HddsDatanodeService.java:start(184)) - HddsDatanodeService host:trunk-nightly-20191012-whclf-1426492793 ip:192.168.164.199
2019-10-12 06:07:47,380 [Datanode State Machine Thread - 0] INFO  datanode.InitDatanodeState (InitDatanodeState.java:persistContainerDatanodeDetails(140)) - DatanodeDetails is persisted to /workdir/hadoop-ozone/integration-test/target/test-dir/MiniOzoneClusterImpl-9624e39d-339a-428b-bb52-387f80fe3ded/datanode-3/meta/datanode.id
2019-10-12 06:07:47,384 [main] INFO  volume.HddsVolume (HddsVolume.java:<init>(176)) - Creating Volume: /workdir/hadoop-ozone/integration-test/target/test-dir/MiniOzoneClusterImpl-9624e39d-339a-428b-bb52-387f80fe3ded/datanode-4/data/containers/hdds of  storage type : DISK and capacity : 1482555576320
2019-10-12 06:07:47,384 [main] INFO  volume.VolumeSet (VolumeSet.java:initializeVolumeSet(170)) - Added Volume : /workdir/hadoop-ozone/integration-test/target/test-dir/MiniOzoneClusterImpl-9624e39d-339a-428b-bb52-387f80fe3ded/datanode-4/data/containers/hdds to VolumeSet
2019-10-12 06:07:47,384 [main] INFO  volume.ThrottledAsyncChecker (ThrottledAsyncChecker.java:schedule(141)) - Scheduling a check for org.apache.hadoop.ozone.container.common.volume.HddsVolume@17c4dc5b
2019-10-12 06:07:47,385 [main] INFO  volume.HddsVolumeChecker (HddsVolumeChecker.java:checkAllVolumes(204)) - Scheduled health check for volume org.apache.hadoop.ozone.container.common.volume.HddsVolume@17c4dc5b
2019-10-12 06:07:47,397 [main] INFO  impl.RaftServerProxy (ConfUtils.java:logGet(43)) - raft.rpc.type = GRPC (default)
2019-10-12 06:07:47,398 [main] INFO  grpc.GrpcFactory (GrpcFactory.java:checkPooledByteBufAllocatorUseCacheForAllThreads(45)) - PERFORMANCE WARNING: useCacheForAllThreads is true that may cause Netty to create a lot garbage objects and, as a result, trigger GC.
	It is recommended to disable useCacheForAllThreads by setting -Dorg.apache.ratis.thirdparty.io.netty.allocator.useCacheForAllThreads=false in command line.
2019-10-12 06:07:47,398 [main] INFO  grpc.GrpcConfigKeys$Server (ConfUtils.java:logGet(43)) - raft.grpc.server.port = 0 (default)
2019-10-12 06:07:47,398 [main] INFO  server.GrpcService (ConfUtils.java:logGet(43)) - raft.grpc.message.size.max = 33570816 (custom)
2019-10-12 06:07:47,398 [main] INFO  server.RaftServerConfigKeys (ConfUtils.java:logGet(43)) - raft.server.log.appender.buffer.byte-limit = 33554432 (custom)
2019-10-12 06:07:47,398 [main] INFO  server.GrpcService (ConfUtils.java:logGet(43)) - raft.grpc.flow.control.window = 1MB (=1048576) (default)
2019-10-12 06:07:47,398 [main] INFO  server.RaftServerConfigKeys (ConfUtils.java:logGet(43)) - raft.server.rpc.request.timeout = 3000ms (default)
2019-10-12 06:07:47,399 [main] INFO  server.RaftServerConfigKeys (ConfUtils.java:logGet(43)) - raft.server.storage.dir = [/workdir/hadoop-ozone/integration-test/target/test-dir/MiniOzoneClusterImpl-9624e39d-339a-428b-bb52-387f80fe3ded/datanode-4/data/ratis] (custom)
2019-10-12 06:07:47,400 [main] INFO  hdfs.DFSUtil (DFSUtil.java:httpServerTemplateForNNAndJN(1641)) - Starting Web-server for hddsDatanode at: http://0.0.0.0:0
2019-10-12 06:07:47,401 [main] INFO  server.AuthenticationFilter (AuthenticationFilter.java:constructSecretProvider(240)) - Unable to initialize FileSignerSecretProvider, falling back to use random secrets.
2019-10-12 06:07:47,401 [main] WARN  http.HttpRequestLog (HttpRequestLog.java:getRequestLog(97)) - Jetty request log can only be enabled using Log4j
2019-10-12 06:07:47,402 [main] INFO  http.HttpServer2 (HttpServer2.java:addGlobalFilter(975)) - Added global filter 'safety' (class=org.apache.hadoop.http.HttpServer2$QuotingInputFilter)
2019-10-12 06:07:47,403 [main] INFO  http.HttpServer2 (HttpServer2.java:addFilter(948)) - Added filter static_user_filter (class=org.apache.hadoop.http.lib.StaticUserWebFilter$StaticUserFilter) to context hddsDatanode
2019-10-12 06:07:47,403 [main] INFO  http.HttpServer2 (HttpServer2.java:addFilter(958)) - Added filter static_user_filter (class=org.apache.hadoop.http.lib.StaticUserWebFilter$StaticUserFilter) to context logs
2019-10-12 06:07:47,403 [main] INFO  http.HttpServer2 (HttpServer2.java:addFilter(958)) - Added filter static_user_filter (class=org.apache.hadoop.http.lib.StaticUserWebFilter$StaticUserFilter) to context static
2019-10-12 06:07:47,404 [main] INFO  http.HttpServer2 (HttpServer2.java:bindListener(1191)) - Jetty bound to port 44988
2019-10-12 06:07:47,404 [main] INFO  server.Server (Server.java:doStart(351)) - jetty-9.3.25.v20180904, build timestamp: 2018-09-04T21:11:46Z, git hash: 3ce520221d0240229c862b122d2b06c12a625732
2019-10-12 06:07:47,405 [main] INFO  handler.ContextHandler (ContextHandler.java:doStart(781)) - Started o.e.j.s.ServletContextHandler@740b9a50{/logs,file:///workdir/hadoop-ozone/integration-test/target/log,AVAILABLE}
2019-10-12 06:07:47,405 [main] INFO  handler.ContextHandler (ContextHandler.java:doStart(781)) - Started o.e.j.s.ServletContextHandler@5111de7c{/static,jar:file:/home/user/.m2/repository/org/apache/hadoop/hadoop-hdds-container-service/0.5.0-SNAPSHOT/hadoop-hdds-container-service-0.5.0-SNAPSHOT.jar!/webapps/static,AVAILABLE}
2019-10-12 06:07:47,431 [main] INFO  handler.ContextHandler (ContextHandler.java:doStart(781)) - Started o.e.j.w.WebAppContext@448462f0{/,file:///tmp/jetty-0.0.0.0-44988-hddsDatanode-_-any-8849143850573704347.dir/webapp/,AVAILABLE}{/hddsDatanode}
2019-10-12 06:07:47,432 [main] INFO  server.AbstractConnector (AbstractConnector.java:doStart(278)) - Started ServerConnector@787988f4{HTTP/1.1,[http/1.1]}{0.0.0.0:44988}
2019-10-12 06:07:47,434 [main] INFO  server.Server (Server.java:doStart(419)) - Started @237314ms
2019-10-12 06:07:47,434 [main] WARN  impl.MetricsSystemImpl (MetricsSystemImpl.java:register(276)) - Sink prometheus already exists!
2019-10-12 06:07:47,435 [main] INFO  server.BaseHttpServer (BaseHttpServer.java:updateConnectorAddress(215)) - HTTP server of HDDSDATANODE is listening at http://0.0.0.0:44988
2019-10-12 06:07:47,435 [main] INFO  impl.MetricsSystemImpl (MetricsSystemImpl.java:init(158)) - HddsDatanode metrics system started (again)
2019-10-12 06:07:47,439 [org.apache.hadoop.util.JvmPauseMonitor$Monitor@4b41fbfe] INFO  util.JvmPauseMonitor (JvmPauseMonitor.java:run(188)) - Starting JVM pause monitor
2019-10-12 06:07:47,440 [main] INFO  ozone.HddsDatanodeService (HddsDatanodeService.java:start(184)) - HddsDatanodeService host:trunk-nightly-20191012-whclf-1426492793 ip:192.168.164.199
2019-10-12 06:07:47,440 [Datanode State Machine Thread - 0] INFO  datanode.InitDatanodeState (InitDatanodeState.java:persistContainerDatanodeDetails(140)) - DatanodeDetails is persisted to /workdir/hadoop-ozone/integration-test/target/test-dir/MiniOzoneClusterImpl-9624e39d-339a-428b-bb52-387f80fe3ded/datanode-4/meta/datanode.id
2019-10-12 06:07:47,445 [main] INFO  volume.HddsVolume (HddsVolume.java:<init>(176)) - Creating Volume: /workdir/hadoop-ozone/integration-test/target/test-dir/MiniOzoneClusterImpl-9624e39d-339a-428b-bb52-387f80fe3ded/datanode-5/data/containers/hdds of  storage type : DISK and capacity : 1482555576320
2019-10-12 06:07:47,445 [main] INFO  volume.VolumeSet (VolumeSet.java:initializeVolumeSet(170)) - Added Volume : /workdir/hadoop-ozone/integration-test/target/test-dir/MiniOzoneClusterImpl-9624e39d-339a-428b-bb52-387f80fe3ded/datanode-5/data/containers/hdds to VolumeSet
2019-10-12 06:07:47,445 [main] INFO  volume.ThrottledAsyncChecker (ThrottledAsyncChecker.java:schedule(141)) - Scheduling a check for org.apache.hadoop.ozone.container.common.volume.HddsVolume@4aaecabd
2019-10-12 06:07:47,446 [main] INFO  volume.HddsVolumeChecker (HddsVolumeChecker.java:checkAllVolumes(204)) - Scheduled health check for volume org.apache.hadoop.ozone.container.common.volume.HddsVolume@4aaecabd
2019-10-12 06:07:47,458 [main] INFO  impl.RaftServerProxy (ConfUtils.java:logGet(43)) - raft.rpc.type = GRPC (default)
2019-10-12 06:07:47,459 [main] INFO  grpc.GrpcFactory (GrpcFactory.java:checkPooledByteBufAllocatorUseCacheForAllThreads(45)) - PERFORMANCE WARNING: useCacheForAllThreads is true that may cause Netty to create a lot garbage objects and, as a result, trigger GC.
	It is recommended to disable useCacheForAllThreads by setting -Dorg.apache.ratis.thirdparty.io.netty.allocator.useCacheForAllThreads=false in command line.
2019-10-12 06:07:47,459 [main] INFO  grpc.GrpcConfigKeys$Server (ConfUtils.java:logGet(43)) - raft.grpc.server.port = 0 (default)
2019-10-12 06:07:47,459 [main] INFO  server.GrpcService (ConfUtils.java:logGet(43)) - raft.grpc.message.size.max = 33570816 (custom)
2019-10-12 06:07:47,459 [main] INFO  server.RaftServerConfigKeys (ConfUtils.java:logGet(43)) - raft.server.log.appender.buffer.byte-limit = 33554432 (custom)
2019-10-12 06:07:47,459 [main] INFO  server.GrpcService (ConfUtils.java:logGet(43)) - raft.grpc.flow.control.window = 1MB (=1048576) (default)
2019-10-12 06:07:47,460 [main] INFO  server.RaftServerConfigKeys (ConfUtils.java:logGet(43)) - raft.server.rpc.request.timeout = 3000ms (default)
2019-10-12 06:07:47,460 [main] INFO  server.RaftServerConfigKeys (ConfUtils.java:logGet(43)) - raft.server.storage.dir = [/workdir/hadoop-ozone/integration-test/target/test-dir/MiniOzoneClusterImpl-9624e39d-339a-428b-bb52-387f80fe3ded/datanode-5/data/ratis] (custom)
2019-10-12 06:07:47,461 [main] INFO  hdfs.DFSUtil (DFSUtil.java:httpServerTemplateForNNAndJN(1641)) - Starting Web-server for hddsDatanode at: http://0.0.0.0:0
2019-10-12 06:07:47,462 [main] INFO  server.AuthenticationFilter (AuthenticationFilter.java:constructSecretProvider(240)) - Unable to initialize FileSignerSecretProvider, falling back to use random secrets.
2019-10-12 06:07:47,462 [main] WARN  http.HttpRequestLog (HttpRequestLog.java:getRequestLog(97)) - Jetty request log can only be enabled using Log4j
2019-10-12 06:07:47,464 [main] INFO  http.HttpServer2 (HttpServer2.java:addGlobalFilter(975)) - Added global filter 'safety' (class=org.apache.hadoop.http.HttpServer2$QuotingInputFilter)
2019-10-12 06:07:47,464 [main] INFO  http.HttpServer2 (HttpServer2.java:addFilter(948)) - Added filter static_user_filter (class=org.apache.hadoop.http.lib.StaticUserWebFilter$StaticUserFilter) to context hddsDatanode
2019-10-12 06:07:47,464 [main] INFO  http.HttpServer2 (HttpServer2.java:addFilter(958)) - Added filter static_user_filter (class=org.apache.hadoop.http.lib.StaticUserWebFilter$StaticUserFilter) to context static
2019-10-12 06:07:47,464 [main] INFO  http.HttpServer2 (HttpServer2.java:addFilter(958)) - Added filter static_user_filter (class=org.apache.hadoop.http.lib.StaticUserWebFilter$StaticUserFilter) to context logs
2019-10-12 06:07:47,465 [main] INFO  http.HttpServer2 (HttpServer2.java:bindListener(1191)) - Jetty bound to port 44751
2019-10-12 06:07:47,465 [main] INFO  server.Server (Server.java:doStart(351)) - jetty-9.3.25.v20180904, build timestamp: 2018-09-04T21:11:46Z, git hash: 3ce520221d0240229c862b122d2b06c12a625732
2019-10-12 06:07:47,466 [main] INFO  handler.ContextHandler (ContextHandler.java:doStart(781)) - Started o.e.j.s.ServletContextHandler@7739aac4{/logs,file:///workdir/hadoop-ozone/integration-test/target/log,AVAILABLE}
2019-10-12 06:07:47,467 [main] INFO  handler.ContextHandler (ContextHandler.java:doStart(781)) - Started o.e.j.s.ServletContextHandler@36c07c75{/static,jar:file:/home/user/.m2/repository/org/apache/hadoop/hadoop-hdds-container-service/0.5.0-SNAPSHOT/hadoop-hdds-container-service-0.5.0-SNAPSHOT.jar!/webapps/static,AVAILABLE}
2019-10-12 06:07:47,493 [main] INFO  handler.ContextHandler (ContextHandler.java:doStart(781)) - Started o.e.j.w.WebAppContext@7a66c35a{/,file:///tmp/jetty-0.0.0.0-44751-hddsDatanode-_-any-3186215887410680525.dir/webapp/,AVAILABLE}{/hddsDatanode}
2019-10-12 06:07:47,493 [main] INFO  server.AbstractConnector (AbstractConnector.java:doStart(278)) - Started ServerConnector@7994a0d1{HTTP/1.1,[http/1.1]}{0.0.0.0:44751}
2019-10-12 06:07:47,495 [main] INFO  server.Server (Server.java:doStart(419)) - Started @237374ms
2019-10-12 06:07:47,495 [main] WARN  impl.MetricsSystemImpl (MetricsSystemImpl.java:register(276)) - Sink prometheus already exists!
2019-10-12 06:07:47,495 [main] INFO  server.BaseHttpServer (BaseHttpServer.java:updateConnectorAddress(215)) - HTTP server of HDDSDATANODE is listening at http://0.0.0.0:44751
2019-10-12 06:07:47,496 [main] INFO  impl.MetricsSystemImpl (MetricsSystemImpl.java:init(158)) - HddsDatanode metrics system started (again)
2019-10-12 06:07:47,500 [org.apache.hadoop.util.JvmPauseMonitor$Monitor@6a4c1a74] INFO  util.JvmPauseMonitor (JvmPauseMonitor.java:run(188)) - Starting JVM pause monitor
2019-10-12 06:07:47,501 [main] INFO  ozone.HddsDatanodeService (HddsDatanodeService.java:start(184)) - HddsDatanodeService host:trunk-nightly-20191012-whclf-1426492793 ip:192.168.164.199
2019-10-12 06:07:47,502 [Datanode State Machine Thread - 0] INFO  datanode.InitDatanodeState (InitDatanodeState.java:persistContainerDatanodeDetails(140)) - DatanodeDetails is persisted to /workdir/hadoop-ozone/integration-test/target/test-dir/MiniOzoneClusterImpl-9624e39d-339a-428b-bb52-387f80fe3ded/datanode-5/meta/datanode.id
2019-10-12 06:07:47,507 [main] INFO  volume.HddsVolume (HddsVolume.java:<init>(176)) - Creating Volume: /workdir/hadoop-ozone/integration-test/target/test-dir/MiniOzoneClusterImpl-9624e39d-339a-428b-bb52-387f80fe3ded/datanode-6/data/containers/hdds of  storage type : DISK and capacity : 1482555576320
2019-10-12 06:07:47,507 [main] INFO  volume.VolumeSet (VolumeSet.java:initializeVolumeSet(170)) - Added Volume : /workdir/hadoop-ozone/integration-test/target/test-dir/MiniOzoneClusterImpl-9624e39d-339a-428b-bb52-387f80fe3ded/datanode-6/data/containers/hdds to VolumeSet
2019-10-12 06:07:47,507 [main] INFO  volume.ThrottledAsyncChecker (ThrottledAsyncChecker.java:schedule(141)) - Scheduling a check for org.apache.hadoop.ozone.container.common.volume.HddsVolume@3bbf1c0d
2019-10-12 06:07:47,508 [main] INFO  volume.HddsVolumeChecker (HddsVolumeChecker.java:checkAllVolumes(204)) - Scheduled health check for volume org.apache.hadoop.ozone.container.common.volume.HddsVolume@3bbf1c0d
2019-10-12 06:07:47,521 [main] INFO  impl.RaftServerProxy (ConfUtils.java:logGet(43)) - raft.rpc.type = GRPC (default)
2019-10-12 06:07:47,521 [main] INFO  grpc.GrpcFactory (GrpcFactory.java:checkPooledByteBufAllocatorUseCacheForAllThreads(45)) - PERFORMANCE WARNING: useCacheForAllThreads is true that may cause Netty to create a lot garbage objects and, as a result, trigger GC.
	It is recommended to disable useCacheForAllThreads by setting -Dorg.apache.ratis.thirdparty.io.netty.allocator.useCacheForAllThreads=false in command line.
2019-10-12 06:07:47,521 [main] INFO  grpc.GrpcConfigKeys$Server (ConfUtils.java:logGet(43)) - raft.grpc.server.port = 0 (default)
2019-10-12 06:07:47,521 [main] INFO  server.GrpcService (ConfUtils.java:logGet(43)) - raft.grpc.message.size.max = 33570816 (custom)
2019-10-12 06:07:47,522 [main] INFO  server.RaftServerConfigKeys (ConfUtils.java:logGet(43)) - raft.server.log.appender.buffer.byte-limit = 33554432 (custom)
2019-10-12 06:07:47,522 [main] INFO  server.GrpcService (ConfUtils.java:logGet(43)) - raft.grpc.flow.control.window = 1MB (=1048576) (default)
2019-10-12 06:07:47,522 [main] INFO  server.RaftServerConfigKeys (ConfUtils.java:logGet(43)) - raft.server.rpc.request.timeout = 3000ms (default)
2019-10-12 06:07:47,522 [main] INFO  server.RaftServerConfigKeys (ConfUtils.java:logGet(43)) - raft.server.storage.dir = [/workdir/hadoop-ozone/integration-test/target/test-dir/MiniOzoneClusterImpl-9624e39d-339a-428b-bb52-387f80fe3ded/datanode-6/data/ratis] (custom)
2019-10-12 06:07:47,523 [main] INFO  hdfs.DFSUtil (DFSUtil.java:httpServerTemplateForNNAndJN(1641)) - Starting Web-server for hddsDatanode at: http://0.0.0.0:0
2019-10-12 06:07:47,525 [main] INFO  server.AuthenticationFilter (AuthenticationFilter.java:constructSecretProvider(240)) - Unable to initialize FileSignerSecretProvider, falling back to use random secrets.
2019-10-12 06:07:47,525 [main] WARN  http.HttpRequestLog (HttpRequestLog.java:getRequestLog(97)) - Jetty request log can only be enabled using Log4j
2019-10-12 06:07:47,526 [main] INFO  http.HttpServer2 (HttpServer2.java:addGlobalFilter(975)) - Added global filter 'safety' (class=org.apache.hadoop.http.HttpServer2$QuotingInputFilter)
2019-10-12 06:07:47,527 [main] INFO  http.HttpServer2 (HttpServer2.java:addFilter(948)) - Added filter static_user_filter (class=org.apache.hadoop.http.lib.StaticUserWebFilter$StaticUserFilter) to context hddsDatanode
2019-10-12 06:07:47,527 [main] INFO  http.HttpServer2 (HttpServer2.java:addFilter(958)) - Added filter static_user_filter (class=org.apache.hadoop.http.lib.StaticUserWebFilter$StaticUserFilter) to context static
2019-10-12 06:07:47,527 [main] INFO  http.HttpServer2 (HttpServer2.java:addFilter(958)) - Added filter static_user_filter (class=org.apache.hadoop.http.lib.StaticUserWebFilter$StaticUserFilter) to context logs
2019-10-12 06:07:47,528 [main] INFO  http.HttpServer2 (HttpServer2.java:bindListener(1191)) - Jetty bound to port 34063
2019-10-12 06:07:47,528 [main] INFO  server.Server (Server.java:doStart(351)) - jetty-9.3.25.v20180904, build timestamp: 2018-09-04T21:11:46Z, git hash: 3ce520221d0240229c862b122d2b06c12a625732
2019-10-12 06:07:47,529 [main] INFO  handler.ContextHandler (ContextHandler.java:doStart(781)) - Started o.e.j.s.ServletContextHandler@5f8f1712{/logs,file:///workdir/hadoop-ozone/integration-test/target/log,AVAILABLE}
2019-10-12 06:07:47,529 [main] INFO  handler.ContextHandler (ContextHandler.java:doStart(781)) - Started o.e.j.s.ServletContextHandler@52ecc989{/static,jar:file:/home/user/.m2/repository/org/apache/hadoop/hadoop-hdds-container-service/0.5.0-SNAPSHOT/hadoop-hdds-container-service-0.5.0-SNAPSHOT.jar!/webapps/static,AVAILABLE}
2019-10-12 06:07:47,554 [main] INFO  handler.ContextHandler (ContextHandler.java:doStart(781)) - Started o.e.j.w.WebAppContext@5ea7bc4{/,file:///tmp/jetty-0.0.0.0-34063-hddsDatanode-_-any-4681230525731165957.dir/webapp/,AVAILABLE}{/hddsDatanode}
2019-10-12 06:07:47,555 [main] INFO  server.AbstractConnector (AbstractConnector.java:doStart(278)) - Started ServerConnector@39d77de9{HTTP/1.1,[http/1.1]}{0.0.0.0:34063}
2019-10-12 06:07:47,557 [main] INFO  server.Server (Server.java:doStart(419)) - Started @237436ms
2019-10-12 06:07:47,557 [main] WARN  impl.MetricsSystemImpl (MetricsSystemImpl.java:register(276)) - Sink prometheus already exists!
2019-10-12 06:07:47,558 [main] INFO  server.BaseHttpServer (BaseHttpServer.java:updateConnectorAddress(215)) - HTTP server of HDDSDATANODE is listening at http://0.0.0.0:34063
2019-10-12 06:07:47,558 [main] INFO  ozone.MiniOzoneClusterImpl (MiniOzoneClusterImpl.java:lambda$waitForClusterToBeReady$0(147)) - Waiting for cluster to be ready. Got 0 of 7 DN Heartbeats.
2019-10-12 06:07:47,559 [org.apache.hadoop.util.JvmPauseMonitor$Monitor@66afce7d] INFO  util.JvmPauseMonitor (JvmPauseMonitor.java:run(188)) - Starting JVM pause monitor
2019-10-12 06:07:47,560 [Datanode State Machine Thread - 0] INFO  datanode.InitDatanodeState (InitDatanodeState.java:persistContainerDatanodeDetails(140)) - DatanodeDetails is persisted to /workdir/hadoop-ozone/integration-test/target/test-dir/MiniOzoneClusterImpl-9624e39d-339a-428b-bb52-387f80fe3ded/datanode-6/meta/datanode.id
2019-10-12 06:07:48,558 [main] INFO  ozone.MiniOzoneClusterImpl (MiniOzoneClusterImpl.java:lambda$waitForClusterToBeReady$0(147)) - Waiting for cluster to be ready. Got 0 of 7 DN Heartbeats.
2019-10-12 06:07:49,231 [Datanode State Machine Thread - 0] INFO  ozoneimpl.OzoneContainer (OzoneContainer.java:start(213)) - Attempting to start container services.
2019-10-12 06:07:49,232 [Datanode State Machine Thread - 0] INFO  ozoneimpl.OzoneContainer (OzoneContainer.java:startContainerScrub(177)) - Background container scanner has been disabled.
2019-10-12 06:07:49,232 [Datanode State Machine Thread - 0] INFO  ratis.XceiverServerRatis (XceiverServerRatis.java:start(418)) - Starting XceiverServerRatis 470f79e9-f29d-4e58-b937-995f09fb99f4 at port 0
2019-10-12 06:07:49,237 [Datanode State Machine Thread - 0] INFO  impl.RaftServerProxy (RaftServerProxy.java:lambda$start$3(299)) - 470f79e9-f29d-4e58-b937-995f09fb99f4: start RPC server
2019-10-12 06:07:49,239 [Datanode State Machine Thread - 0] INFO  server.GrpcService (GrpcService.java:startImpl(158)) - 470f79e9-f29d-4e58-b937-995f09fb99f4: GrpcService started, listening on 0.0.0.0/0.0.0.0:44327
2019-10-12 06:07:49,239 [Datanode State Machine Thread - 0] INFO  ratis.XceiverServerRatis (XceiverServerRatis.java:start(428)) - XceiverServerRatis 470f79e9-f29d-4e58-b937-995f09fb99f4 is started using port 44327
2019-10-12 06:07:49,244 [Datanode State Machine Thread - 0] INFO  server.XceiverServerGrpc (XceiverServerGrpc.java:start(149)) - XceiverServerGrpc 470f79e9-f29d-4e58-b937-995f09fb99f4 is started using port 45910
2019-10-12 06:07:49,286 [Datanode State Machine Thread - 0] INFO  ozoneimpl.OzoneContainer (OzoneContainer.java:start(213)) - Attempting to start container services.
2019-10-12 06:07:49,287 [Datanode State Machine Thread - 0] INFO  ozoneimpl.OzoneContainer (OzoneContainer.java:startContainerScrub(177)) - Background container scanner has been disabled.
2019-10-12 06:07:49,287 [Datanode State Machine Thread - 0] INFO  ratis.XceiverServerRatis (XceiverServerRatis.java:start(418)) - Starting XceiverServerRatis d4ad8180-4284-42ba-a8fc-dc1b61d04970 at port 0
2019-10-12 06:07:49,293 [Datanode State Machine Thread - 0] INFO  impl.RaftServerProxy (RaftServerProxy.java:lambda$start$3(299)) - d4ad8180-4284-42ba-a8fc-dc1b61d04970: start RPC server
2019-10-12 06:07:49,294 [Datanode State Machine Thread - 0] INFO  server.GrpcService (GrpcService.java:startImpl(158)) - d4ad8180-4284-42ba-a8fc-dc1b61d04970: GrpcService started, listening on 0.0.0.0/0.0.0.0:41831
2019-10-12 06:07:49,294 [Datanode State Machine Thread - 0] INFO  ratis.XceiverServerRatis (XceiverServerRatis.java:start(428)) - XceiverServerRatis d4ad8180-4284-42ba-a8fc-dc1b61d04970 is started using port 41831
2019-10-12 06:07:49,295 [Datanode State Machine Thread - 0] INFO  server.XceiverServerGrpc (XceiverServerGrpc.java:start(149)) - XceiverServerGrpc d4ad8180-4284-42ba-a8fc-dc1b61d04970 is started using port 33337
2019-10-12 06:07:49,339 [Datanode State Machine Thread - 0] INFO  ozoneimpl.OzoneContainer (OzoneContainer.java:start(213)) - Attempting to start container services.
2019-10-12 06:07:49,339 [Datanode State Machine Thread - 0] INFO  ozoneimpl.OzoneContainer (OzoneContainer.java:startContainerScrub(177)) - Background container scanner has been disabled.
2019-10-12 06:07:49,339 [Datanode State Machine Thread - 0] INFO  ratis.XceiverServerRatis (XceiverServerRatis.java:start(418)) - Starting XceiverServerRatis 2c1975c9-8147-4c62-a573-f55415d966a7 at port 0
2019-10-12 06:07:49,344 [Datanode State Machine Thread - 0] INFO  impl.RaftServerProxy (RaftServerProxy.java:lambda$start$3(299)) - 2c1975c9-8147-4c62-a573-f55415d966a7: start RPC server
2019-10-12 06:07:49,345 [Datanode State Machine Thread - 0] INFO  server.GrpcService (GrpcService.java:startImpl(158)) - 2c1975c9-8147-4c62-a573-f55415d966a7: GrpcService started, listening on 0.0.0.0/0.0.0.0:38222
2019-10-12 06:07:49,345 [Datanode State Machine Thread - 0] INFO  ratis.XceiverServerRatis (XceiverServerRatis.java:start(428)) - XceiverServerRatis 2c1975c9-8147-4c62-a573-f55415d966a7 is started using port 38222
2019-10-12 06:07:49,346 [Datanode State Machine Thread - 0] INFO  server.XceiverServerGrpc (XceiverServerGrpc.java:start(149)) - XceiverServerGrpc 2c1975c9-8147-4c62-a573-f55415d966a7 is started using port 34793
2019-10-12 06:07:49,403 [Datanode State Machine Thread - 0] INFO  ozoneimpl.OzoneContainer (OzoneContainer.java:start(213)) - Attempting to start container services.
2019-10-12 06:07:49,403 [Datanode State Machine Thread - 0] INFO  ozoneimpl.OzoneContainer (OzoneContainer.java:startContainerScrub(177)) - Background container scanner has been disabled.
2019-10-12 06:07:49,403 [Datanode State Machine Thread - 0] INFO  ratis.XceiverServerRatis (XceiverServerRatis.java:start(418)) - Starting XceiverServerRatis bf0294df-29fd-466f-9d35-8ddf7c1a92ac at port 0
2019-10-12 06:07:49,409 [Datanode State Machine Thread - 0] INFO  impl.RaftServerProxy (RaftServerProxy.java:lambda$start$3(299)) - bf0294df-29fd-466f-9d35-8ddf7c1a92ac: start RPC server
2019-10-12 06:07:49,413 [Datanode State Machine Thread - 0] INFO  server.GrpcService (GrpcService.java:startImpl(158)) - bf0294df-29fd-466f-9d35-8ddf7c1a92ac: GrpcService started, listening on 0.0.0.0/0.0.0.0:44039
2019-10-12 06:07:49,413 [Datanode State Machine Thread - 0] INFO  ratis.XceiverServerRatis (XceiverServerRatis.java:start(428)) - XceiverServerRatis bf0294df-29fd-466f-9d35-8ddf7c1a92ac is started using port 44039
2019-10-12 06:07:49,415 [Datanode State Machine Thread - 0] INFO  server.XceiverServerGrpc (XceiverServerGrpc.java:start(149)) - XceiverServerGrpc bf0294df-29fd-466f-9d35-8ddf7c1a92ac is started using port 40404
2019-10-12 06:07:49,463 [Datanode State Machine Thread - 0] INFO  ozoneimpl.OzoneContainer (OzoneContainer.java:start(213)) - Attempting to start container services.
2019-10-12 06:07:49,463 [Datanode State Machine Thread - 0] INFO  ozoneimpl.OzoneContainer (OzoneContainer.java:startContainerScrub(177)) - Background container scanner has been disabled.
2019-10-12 06:07:49,463 [Datanode State Machine Thread - 0] INFO  ratis.XceiverServerRatis (XceiverServerRatis.java:start(418)) - Starting XceiverServerRatis 2ebb7635-daab-435f-9a19-1869a63f325d at port 0
2019-10-12 06:07:49,470 [Datanode State Machine Thread - 0] INFO  impl.RaftServerProxy (RaftServerProxy.java:lambda$start$3(299)) - 2ebb7635-daab-435f-9a19-1869a63f325d: start RPC server
2019-10-12 06:07:49,473 [Datanode State Machine Thread - 0] INFO  server.GrpcService (GrpcService.java:startImpl(158)) - 2ebb7635-daab-435f-9a19-1869a63f325d: GrpcService started, listening on 0.0.0.0/0.0.0.0:35867
2019-10-12 06:07:49,474 [Datanode State Machine Thread - 0] INFO  ratis.XceiverServerRatis (XceiverServerRatis.java:start(428)) - XceiverServerRatis 2ebb7635-daab-435f-9a19-1869a63f325d is started using port 35867
2019-10-12 06:07:49,474 [Datanode State Machine Thread - 0] INFO  server.XceiverServerGrpc (XceiverServerGrpc.java:start(149)) - XceiverServerGrpc 2ebb7635-daab-435f-9a19-1869a63f325d is started using port 36330
2019-10-12 06:07:49,516 [Datanode State Machine Thread - 0] INFO  ozoneimpl.OzoneContainer (OzoneContainer.java:start(213)) - Attempting to start container services.
2019-10-12 06:07:49,517 [Datanode State Machine Thread - 0] INFO  ozoneimpl.OzoneContainer (OzoneContainer.java:startContainerScrub(177)) - Background container scanner has been disabled.
2019-10-12 06:07:49,517 [Datanode State Machine Thread - 0] INFO  ratis.XceiverServerRatis (XceiverServerRatis.java:start(418)) - Starting XceiverServerRatis 273e8682-2aac-43c4-a4bf-5876899d2fb2 at port 0
2019-10-12 06:07:49,523 [Datanode State Machine Thread - 0] INFO  impl.RaftServerProxy (RaftServerProxy.java:lambda$start$3(299)) - 273e8682-2aac-43c4-a4bf-5876899d2fb2: start RPC server
2019-10-12 06:07:49,523 [Datanode State Machine Thread - 0] INFO  server.GrpcService (GrpcService.java:startImpl(158)) - 273e8682-2aac-43c4-a4bf-5876899d2fb2: GrpcService started, listening on 0.0.0.0/0.0.0.0:38250
2019-10-12 06:07:49,524 [Datanode State Machine Thread - 0] INFO  ratis.XceiverServerRatis (XceiverServerRatis.java:start(428)) - XceiverServerRatis 273e8682-2aac-43c4-a4bf-5876899d2fb2 is started using port 38250
2019-10-12 06:07:49,527 [Datanode State Machine Thread - 0] INFO  server.XceiverServerGrpc (XceiverServerGrpc.java:start(149)) - XceiverServerGrpc 273e8682-2aac-43c4-a4bf-5876899d2fb2 is started using port 45388
2019-10-12 06:07:49,558 [main] INFO  ozone.MiniOzoneClusterImpl (MiniOzoneClusterImpl.java:lambda$waitForClusterToBeReady$0(147)) - Waiting for cluster to be ready. Got 0 of 7 DN Heartbeats.
2019-10-12 06:07:49,583 [Datanode State Machine Thread - 0] INFO  ozoneimpl.OzoneContainer (OzoneContainer.java:start(213)) - Attempting to start container services.
2019-10-12 06:07:49,584 [Datanode State Machine Thread - 0] INFO  ozoneimpl.OzoneContainer (OzoneContainer.java:startContainerScrub(177)) - Background container scanner has been disabled.
2019-10-12 06:07:49,584 [Datanode State Machine Thread - 0] INFO  ratis.XceiverServerRatis (XceiverServerRatis.java:start(418)) - Starting XceiverServerRatis 0e1fe170-d9f8-469b-8a06-cf8ecccb8b0b at port 0
2019-10-12 06:07:49,590 [Datanode State Machine Thread - 0] INFO  impl.RaftServerProxy (RaftServerProxy.java:lambda$start$3(299)) - 0e1fe170-d9f8-469b-8a06-cf8ecccb8b0b: start RPC server
2019-10-12 06:07:49,594 [Datanode State Machine Thread - 0] INFO  server.GrpcService (GrpcService.java:startImpl(158)) - 0e1fe170-d9f8-469b-8a06-cf8ecccb8b0b: GrpcService started, listening on 0.0.0.0/0.0.0.0:37815
2019-10-12 06:07:49,594 [Datanode State Machine Thread - 0] INFO  ratis.XceiverServerRatis (XceiverServerRatis.java:start(428)) - XceiverServerRatis 0e1fe170-d9f8-469b-8a06-cf8ecccb8b0b is started using port 37815
2019-10-12 06:07:49,595 [Datanode State Machine Thread - 0] INFO  server.XceiverServerGrpc (XceiverServerGrpc.java:start(149)) - XceiverServerGrpc 0e1fe170-d9f8-469b-8a06-cf8ecccb8b0b is started using port 34391
2019-10-12 06:07:50,559 [main] INFO  ozone.MiniOzoneClusterImpl (MiniOzoneClusterImpl.java:lambda$waitForClusterToBeReady$0(147)) - Waiting for cluster to be ready. Got 0 of 7 DN Heartbeats.
2019-10-12 06:07:51,183 [IPC Server handler 0 on 44793] INFO  net.NetworkTopology (NetworkTopologyImpl.java:add(111)) - Added a new node: /default-rack/470f79e9-f29d-4e58-b937-995f09fb99f4
2019-10-12 06:07:51,185 [IPC Server handler 0 on 44793] INFO  node.SCMNodeManager (SCMNodeManager.java:register(268)) - Registered Data node : 470f79e9-f29d-4e58-b937-995f09fb99f4{ip: 192.168.164.199, host: trunk-nightly-20191012-whclf-1426492793, networkLocation: /default-rack, certSerialId: null}
2019-10-12 06:07:51,186 [EventQueue-NodeRegistrationContainerReportForDataNodeSafeModeRule] INFO  safemode.SCMSafeModeManager (DataNodeSafeModeRule.java:process(71)) - SCM in safe mode. 1 DataNodes registered, 1 required.
2019-10-12 06:07:51,188 [EventQueue-NodeRegistrationContainerReportForDataNodeSafeModeRule] INFO  safemode.SCMSafeModeManager (SCMSafeModeManager.java:validateSafeModeExitRules(177)) - ScmSafeModeManager, all rules are successfully validated
2019-10-12 06:07:51,188 [EventQueue-NodeRegistrationContainerReportForDataNodeSafeModeRule] INFO  safemode.SCMSafeModeManager (SCMSafeModeManager.java:exitSafeMode(193)) - SCM exiting safe mode.
2019-10-12 06:07:51,204 [grpc-default-executor-5] INFO  impl.RaftServerProxy (RaftServerProxy.java:addNew(89)) - 470f79e9-f29d-4e58-b937-995f09fb99f4: addNew group-2A2FD0DE7CBA:[470f79e9-f29d-4e58-b937-995f09fb99f4:192.168.164.199:44327] returns group-2A2FD0DE7CBA:java.util.concurrent.CompletableFuture@c2e6e82[Not completed]
2019-10-12 06:07:51,207 [pool-383-thread-1] INFO  impl.RaftServerImpl (RaftServerImpl.java:<init>(95)) - 470f79e9-f29d-4e58-b937-995f09fb99f4: new RaftServerImpl for group-2A2FD0DE7CBA:[470f79e9-f29d-4e58-b937-995f09fb99f4:192.168.164.199:44327] with ContainerStateMachine:uninitialized
2019-10-12 06:07:51,208 [pool-383-thread-1] INFO  server.RaftServerConfigKeys (ConfUtils.java:logGet(43)) - raft.server.rpc.timeout.min = 5s (custom)
2019-10-12 06:07:51,208 [pool-383-thread-1] INFO  server.RaftServerConfigKeys (ConfUtils.java:logGet(43)) - raft.server.rpc.timeout.max = 5200ms (custom)
2019-10-12 06:07:51,208 [pool-383-thread-1] INFO  server.RaftServerConfigKeys (ConfUtils.java:logGet(43)) - raft.server.rpcslowness.timeout = 120s (custom)
2019-10-12 06:07:51,208 [pool-383-thread-1] INFO  server.RaftServerConfigKeys (ConfUtils.java:logGet(43)) - raft.server.sleep.deviation.threshold = 300 (default)
2019-10-12 06:07:51,208 [pool-383-thread-1] INFO  server.RaftServerConfigKeys (ConfUtils.java:logGet(43)) - raft.server.log.appender.install.snapshot.enabled = false (custom)
2019-10-12 06:07:51,209 [pool-383-thread-1] INFO  impl.RaftServerImpl (ServerState.java:<init>(103)) - 470f79e9-f29d-4e58-b937-995f09fb99f4@group-2A2FD0DE7CBA: ConfigurationManager, init=-1: [470f79e9-f29d-4e58-b937-995f09fb99f4:192.168.164.199:44327], old=null, confs=<EMPTY_MAP>
2019-10-12 06:07:51,209 [pool-383-thread-1] INFO  server.RaftServerConfigKeys (ConfUtils.java:logGet(43)) - raft.server.storage.dir = [/workdir/hadoop-ozone/integration-test/target/test-dir/MiniOzoneClusterImpl-9624e39d-339a-428b-bb52-387f80fe3ded/datanode-0/data/ratis] (custom)
2019-10-12 06:07:51,209 [pool-383-thread-1] INFO  server.RaftServerConfigKeys (ConfUtils.java:logGet(43)) - raft.server.log.corruption.policy = EXCEPTION (default)
2019-10-12 06:07:51,210 [pool-383-thread-1] INFO  storage.RaftStorageDirectory (RaftStorageDirectory.java:analyzeStorage(246)) - The storage directory /workdir/hadoop-ozone/integration-test/target/test-dir/MiniOzoneClusterImpl-9624e39d-339a-428b-bb52-387f80fe3ded/datanode-0/data/ratis/49c65dad-e8ef-4e37-ad41-2a2fd0de7cba does not exist. Creating ...
2019-10-12 06:07:51,233 [pool-383-thread-1] INFO  storage.RaftStorageDirectory (RaftStorageDirectory.java:tryLock(328)) - Lock on /workdir/hadoop-ozone/integration-test/target/test-dir/MiniOzoneClusterImpl-9624e39d-339a-428b-bb52-387f80fe3ded/datanode-0/data/ratis/49c65dad-e8ef-4e37-ad41-2a2fd0de7cba/in_use.lock acquired by nodename 17323@trunk-nightly-20191012-whclf-1426492793
2019-10-12 06:07:51,250 [IPC Server handler 1 on 44793] INFO  net.NetworkTopology (NetworkTopologyImpl.java:add(111)) - Added a new node: /default-rack/d4ad8180-4284-42ba-a8fc-dc1b61d04970
2019-10-12 06:07:51,250 [IPC Server handler 1 on 44793] INFO  node.SCMNodeManager (SCMNodeManager.java:register(268)) - Registered Data node : d4ad8180-4284-42ba-a8fc-dc1b61d04970{ip: 192.168.164.199, host: trunk-nightly-20191012-whclf-1426492793, networkLocation: /default-rack, certSerialId: null}
2019-10-12 06:07:51,251 [pool-383-thread-1] INFO  storage.RaftStorage (RaftStorage.java:format(84)) - Storage directory /workdir/hadoop-ozone/integration-test/target/test-dir/MiniOzoneClusterImpl-9624e39d-339a-428b-bb52-387f80fe3ded/datanode-0/data/ratis/49c65dad-e8ef-4e37-ad41-2a2fd0de7cba has been successfully formatted.
2019-10-12 06:07:51,251 [pool-383-thread-1] INFO  ratis.ContainerStateMachine (ContainerStateMachine.java:loadSnapshot(231)) - group-2A2FD0DE7CBA: The snapshot info is null. Setting the last applied indexto:(t:0, i:~)
2019-10-12 06:07:51,251 [pool-383-thread-1] INFO  server.RaftServerConfigKeys (ConfUtils.java:logGet(43)) - raft.server.notification.no-leader.timeout = 120s (custom)
2019-10-12 06:07:51,251 [pool-383-thread-1] INFO  server.RaftServerConfigKeys (ConfUtils.java:logGet(43)) - raft.server.log.use.memory = false (default)
2019-10-12 06:07:51,252 [pool-383-thread-1] INFO  server.RaftServerConfigKeys (ConfUtils.java:logGet(43)) - raft.server.log.purge.gap = 1000000 (custom)
2019-10-12 06:07:51,252 [pool-383-thread-1] INFO  server.RaftServerConfigKeys (ConfUtils.java:logGet(43)) - raft.server.log.appender.buffer.byte-limit = 33554432 (custom)
2019-10-12 06:07:51,252 [pool-383-thread-1] INFO  server.RaftServerConfigKeys (ConfUtils.java:logGet(43)) - raft.server.log.segment.size.max = 1048576 (custom)
2019-10-12 06:07:51,254 [pool-383-thread-1] INFO  server.RaftServerConfigKeys (ConfUtils.java:logGet(43)) - raft.server.log.segment.cache.num.max = 2 (custom)
2019-10-12 06:07:51,254 [pool-383-thread-1] INFO  segmented.SegmentedRaftLogWorker (SegmentedRaftLogWorker.java:<init>(173)) - new 470f79e9-f29d-4e58-b937-995f09fb99f4@group-2A2FD0DE7CBA-SegmentedRaftLogWorker for RaftStorage:Storage Directory /workdir/hadoop-ozone/integration-test/target/test-dir/MiniOzoneClusterImpl-9624e39d-339a-428b-bb52-387f80fe3ded/datanode-0/data/ratis/49c65dad-e8ef-4e37-ad41-2a2fd0de7cba
2019-10-12 06:07:51,254 [pool-383-thread-1] INFO  server.RaftServerConfigKeys (ConfUtils.java:logGet(43)) - raft.server.log.queue.byte-limit = 2147483647 (custom)
2019-10-12 06:07:51,254 [pool-383-thread-1] INFO  server.RaftServerConfigKeys (ConfUtils.java:logGet(43)) - raft.server.log.queue.element-limit = 1024 (custom)
2019-10-12 06:07:51,254 [pool-383-thread-1] INFO  server.RaftServerConfigKeys (ConfUtils.java:logGet(43)) - raft.server.log.segment.size.max = 1048576 (custom)
2019-10-12 06:07:51,254 [pool-383-thread-1] INFO  server.RaftServerConfigKeys (ConfUtils.java:logGet(43)) - raft.server.log.preallocated.size = 16384 (custom)
2019-10-12 06:07:51,255 [pool-383-thread-1] INFO  server.RaftServerConfigKeys (ConfUtils.java:logGet(43)) - raft.server.log.write.buffer.size = 33554432 (custom)
2019-10-12 06:07:51,255 [pool-383-thread-1] INFO  server.RaftServerConfigKeys (ConfUtils.java:logGet(43)) - raft.server.log.force.sync.num = 128 (default)
2019-10-12 06:07:51,255 [pool-383-thread-1] INFO  server.RaftServerConfigKeys (ConfUtils.java:logGet(43)) - raft.server.log.statemachine.data.sync = true (default)
2019-10-12 06:07:51,255 [pool-383-thread-1] INFO  server.RaftServerConfigKeys (ConfUtils.java:logGet(43)) - raft.server.log.statemachine.data.sync.timeout = 10s (default)
2019-10-12 06:07:51,255 [pool-383-thread-1] INFO  server.RaftServerConfigKeys (ConfUtils.java:logGet(43)) - raft.server.log.statemachine.data.sync.timeout.retry = -1 (default)
2019-10-12 06:07:51,255 [pool-383-thread-1] INFO  server.RaftServerConfigKeys (ConfUtils.java:logGet(43)) - raft.server.log.statemachine.data.caching.enabled = true (custom)
2019-10-12 06:07:51,256 [pool-383-thread-1] INFO  segmented.SegmentedRaftLogWorker (SegmentedRaftLogWorker.java:lambda$new$0(128)) - 470f79e9-f29d-4e58-b937-995f09fb99f4@group-2A2FD0DE7CBA-SegmentedRaftLogWorker: flushIndex: setUnconditionally 0 -> -1
2019-10-12 06:07:51,256 [pool-383-thread-1] INFO  server.RaftServerConfigKeys (ConfUtils.java:logGet(43)) - raft.server.snapshot.auto.trigger.enabled = true (custom)
2019-10-12 06:07:51,256 [pool-383-thread-1] INFO  server.RaftServerConfigKeys (ConfUtils.java:logGet(43)) - raft.server.snapshot.auto.trigger.threshold = 10000 (custom)
2019-10-12 06:07:51,256 [pool-383-thread-1] INFO  server.RaftServerConfigKeys (ConfUtils.java:logGet(43)) - raft.server.snapshot.retention.file.num = 5 (custom)
2019-10-12 06:07:51,256 [pool-383-thread-1] INFO  server.RaftServerConfigKeys (ConfUtils.java:logGet(43)) - raft.server.retrycache.expirytime = 600000ms (custom)
2019-10-12 06:07:51,260 [pool-383-thread-1] INFO  impl.RaftServerImpl (RaftServerImpl.java:start(181)) - 470f79e9-f29d-4e58-b937-995f09fb99f4@group-2A2FD0DE7CBA: start as a follower, conf=-1: [470f79e9-f29d-4e58-b937-995f09fb99f4:192.168.164.199:44327], old=null
2019-10-12 06:07:51,260 [pool-383-thread-1] INFO  impl.RaftServerImpl (RaftServerImpl.java:setRole(170)) - 470f79e9-f29d-4e58-b937-995f09fb99f4@group-2A2FD0DE7CBA: changes role from      null to FOLLOWER at term 0 for startAsFollower
2019-10-12 06:07:51,261 [pool-383-thread-1] INFO  impl.RoleInfo (RoleInfo.java:updateAndGet(143)) - 470f79e9-f29d-4e58-b937-995f09fb99f4: start FollowerState
2019-10-12 06:07:51,261 [pool-383-thread-1] INFO  util.JmxRegister (JmxRegister.java:tryRegister(44)) - Successfully registered JMX Bean with object name Ratis:service=RaftServer,group=group-2A2FD0DE7CBA,id=470f79e9-f29d-4e58-b937-995f09fb99f4
2019-10-12 06:07:51,267 [RatisPipelineUtilsThread] INFO  pipeline.PipelineStateManager (PipelineStateManager.java:addPipeline(56)) - Created pipeline Pipeline[ Id: 49c65dad-e8ef-4e37-ad41-2a2fd0de7cba, Nodes: 470f79e9-f29d-4e58-b937-995f09fb99f4{ip: 192.168.164.199, host: trunk-nightly-20191012-whclf-1426492793, networkLocation: /default-rack, certSerialId: null}, Type:RATIS, Factor:ONE, State:OPEN]
2019-10-12 06:07:51,275 [grpc-default-executor-5] INFO  impl.RaftServerProxy (RaftServerProxy.java:addNew(89)) - d4ad8180-4284-42ba-a8fc-dc1b61d04970: addNew group-A994511C41ED:[d4ad8180-4284-42ba-a8fc-dc1b61d04970:192.168.164.199:41831] returns group-A994511C41ED:java.util.concurrent.CompletableFuture@30027084[Not completed]
2019-10-12 06:07:51,276 [pool-393-thread-1] INFO  impl.RaftServerImpl (RaftServerImpl.java:<init>(95)) - d4ad8180-4284-42ba-a8fc-dc1b61d04970: new RaftServerImpl for group-A994511C41ED:[d4ad8180-4284-42ba-a8fc-dc1b61d04970:192.168.164.199:41831] with ContainerStateMachine:uninitialized
2019-10-12 06:07:51,276 [pool-393-thread-1] INFO  server.RaftServerConfigKeys (ConfUtils.java:logGet(43)) - raft.server.rpc.timeout.min = 5s (custom)
2019-10-12 06:07:51,277 [pool-393-thread-1] INFO  server.RaftServerConfigKeys (ConfUtils.java:logGet(43)) - raft.server.rpc.timeout.max = 5200ms (custom)
2019-10-12 06:07:51,277 [pool-393-thread-1] INFO  server.RaftServerConfigKeys (ConfUtils.java:logGet(43)) - raft.server.rpcslowness.timeout = 120s (custom)
2019-10-12 06:07:51,277 [pool-393-thread-1] INFO  server.RaftServerConfigKeys (ConfUtils.java:logGet(43)) - raft.server.sleep.deviation.threshold = 300 (default)
2019-10-12 06:07:51,277 [pool-393-thread-1] INFO  server.RaftServerConfigKeys (ConfUtils.java:logGet(43)) - raft.server.log.appender.install.snapshot.enabled = false (custom)
2019-10-12 06:07:51,277 [pool-393-thread-1] INFO  impl.RaftServerImpl (ServerState.java:<init>(103)) - d4ad8180-4284-42ba-a8fc-dc1b61d04970@group-A994511C41ED: ConfigurationManager, init=-1: [d4ad8180-4284-42ba-a8fc-dc1b61d04970:192.168.164.199:41831], old=null, confs=<EMPTY_MAP>
2019-10-12 06:07:51,277 [pool-393-thread-1] INFO  server.RaftServerConfigKeys (ConfUtils.java:logGet(43)) - raft.server.storage.dir = [/workdir/hadoop-ozone/integration-test/target/test-dir/MiniOzoneClusterImpl-9624e39d-339a-428b-bb52-387f80fe3ded/datanode-1/data/ratis] (custom)
2019-10-12 06:07:51,278 [pool-393-thread-1] INFO  server.RaftServerConfigKeys (ConfUtils.java:logGet(43)) - raft.server.log.corruption.policy = EXCEPTION (default)
2019-10-12 06:07:51,278 [pool-393-thread-1] INFO  storage.RaftStorageDirectory (RaftStorageDirectory.java:analyzeStorage(246)) - The storage directory /workdir/hadoop-ozone/integration-test/target/test-dir/MiniOzoneClusterImpl-9624e39d-339a-428b-bb52-387f80fe3ded/datanode-1/data/ratis/5f596be1-b2d3-47f6-8d78-a994511c41ed does not exist. Creating ...
2019-10-12 06:07:51,309 [pool-393-thread-1] INFO  storage.RaftStorageDirectory (RaftStorageDirectory.java:tryLock(328)) - Lock on /workdir/hadoop-ozone/integration-test/target/test-dir/MiniOzoneClusterImpl-9624e39d-339a-428b-bb52-387f80fe3ded/datanode-1/data/ratis/5f596be1-b2d3-47f6-8d78-a994511c41ed/in_use.lock acquired by nodename 17323@trunk-nightly-20191012-whclf-1426492793
2019-10-12 06:07:51,316 [IPC Server handler 2 on 44793] INFO  net.NetworkTopology (NetworkTopologyImpl.java:add(111)) - Added a new node: /default-rack/2c1975c9-8147-4c62-a573-f55415d966a7
2019-10-12 06:07:51,317 [IPC Server handler 2 on 44793] INFO  node.SCMNodeManager (SCMNodeManager.java:register(268)) - Registered Data node : 2c1975c9-8147-4c62-a573-f55415d966a7{ip: 192.168.164.199, host: trunk-nightly-20191012-whclf-1426492793, networkLocation: /default-rack, certSerialId: null}
2019-10-12 06:07:51,332 [pool-393-thread-1] INFO  storage.RaftStorage (RaftStorage.java:format(84)) - Storage directory /workdir/hadoop-ozone/integration-test/target/test-dir/MiniOzoneClusterImpl-9624e39d-339a-428b-bb52-387f80fe3ded/datanode-1/data/ratis/5f596be1-b2d3-47f6-8d78-a994511c41ed has been successfully formatted.
2019-10-12 06:07:51,332 [pool-393-thread-1] INFO  ratis.ContainerStateMachine (ContainerStateMachine.java:loadSnapshot(231)) - group-A994511C41ED: The snapshot info is null. Setting the last applied indexto:(t:0, i:~)
2019-10-12 06:07:51,332 [pool-393-thread-1] INFO  server.RaftServerConfigKeys (ConfUtils.java:logGet(43)) - raft.server.notification.no-leader.timeout = 120s (custom)
2019-10-12 06:07:51,332 [pool-393-thread-1] INFO  server.RaftServerConfigKeys (ConfUtils.java:logGet(43)) - raft.server.log.use.memory = false (default)
2019-10-12 06:07:51,332 [pool-393-thread-1] INFO  server.RaftServerConfigKeys (ConfUtils.java:logGet(43)) - raft.server.log.purge.gap = 1000000 (custom)
2019-10-12 06:07:51,332 [pool-393-thread-1] INFO  server.RaftServerConfigKeys (ConfUtils.java:logGet(43)) - raft.server.log.appender.buffer.byte-limit = 33554432 (custom)
2019-10-12 06:07:51,333 [pool-393-thread-1] INFO  server.RaftServerConfigKeys (ConfUtils.java:logGet(43)) - raft.server.log.segment.size.max = 1048576 (custom)
2019-10-12 06:07:51,334 [pool-393-thread-1] INFO  server.RaftServerConfigKeys (ConfUtils.java:logGet(43)) - raft.server.log.segment.cache.num.max = 2 (custom)
2019-10-12 06:07:51,334 [pool-393-thread-1] INFO  segmented.SegmentedRaftLogWorker (SegmentedRaftLogWorker.java:<init>(173)) - new d4ad8180-4284-42ba-a8fc-dc1b61d04970@group-A994511C41ED-SegmentedRaftLogWorker for RaftStorage:Storage Directory /workdir/hadoop-ozone/integration-test/target/test-dir/MiniOzoneClusterImpl-9624e39d-339a-428b-bb52-387f80fe3ded/datanode-1/data/ratis/5f596be1-b2d3-47f6-8d78-a994511c41ed
2019-10-12 06:07:51,334 [pool-393-thread-1] INFO  server.RaftServerConfigKeys (ConfUtils.java:logGet(43)) - raft.server.log.queue.byte-limit = 2147483647 (custom)
2019-10-12 06:07:51,334 [pool-393-thread-1] INFO  server.RaftServerConfigKeys (ConfUtils.java:logGet(43)) - raft.server.log.queue.element-limit = 1024 (custom)
2019-10-12 06:07:51,334 [pool-393-thread-1] INFO  server.RaftServerConfigKeys (ConfUtils.java:logGet(43)) - raft.server.log.segment.size.max = 1048576 (custom)
2019-10-12 06:07:51,334 [pool-393-thread-1] INFO  server.RaftServerConfigKeys (ConfUtils.java:logGet(43)) - raft.server.log.preallocated.size = 16384 (custom)
2019-10-12 06:07:51,334 [pool-393-thread-1] INFO  server.RaftServerConfigKeys (ConfUtils.java:logGet(43)) - raft.server.log.write.buffer.size = 33554432 (custom)
2019-10-12 06:07:51,335 [pool-393-thread-1] INFO  server.RaftServerConfigKeys (ConfUtils.java:logGet(43)) - raft.server.log.force.sync.num = 128 (default)
2019-10-12 06:07:51,335 [pool-393-thread-1] INFO  server.RaftServerConfigKeys (ConfUtils.java:logGet(43)) - raft.server.log.statemachine.data.sync = true (default)
2019-10-12 06:07:51,335 [pool-393-thread-1] INFO  server.RaftServerConfigKeys (ConfUtils.java:logGet(43)) - raft.server.log.statemachine.data.sync.timeout = 10s (default)
2019-10-12 06:07:51,335 [pool-393-thread-1] INFO  server.RaftServerConfigKeys (ConfUtils.java:logGet(43)) - raft.server.log.statemachine.data.sync.timeout.retry = -1 (default)
2019-10-12 06:07:51,335 [pool-393-thread-1] INFO  server.RaftServerConfigKeys (ConfUtils.java:logGet(43)) - raft.server.log.statemachine.data.caching.enabled = true (custom)
2019-10-12 06:07:51,335 [pool-393-thread-1] INFO  segmented.SegmentedRaftLogWorker (SegmentedRaftLogWorker.java:lambda$new$0(128)) - d4ad8180-4284-42ba-a8fc-dc1b61d04970@group-A994511C41ED-SegmentedRaftLogWorker: flushIndex: setUnconditionally 0 -> -1
2019-10-12 06:07:51,336 [pool-393-thread-1] INFO  server.RaftServerConfigKeys (ConfUtils.java:logGet(43)) - raft.server.snapshot.auto.trigger.enabled = true (custom)
2019-10-12 06:07:51,336 [pool-393-thread-1] INFO  server.RaftServerConfigKeys (ConfUtils.java:logGet(43)) - raft.server.snapshot.auto.trigger.threshold = 10000 (custom)
2019-10-12 06:07:51,336 [pool-393-thread-1] INFO  server.RaftServerConfigKeys (ConfUtils.java:logGet(43)) - raft.server.snapshot.retention.file.num = 5 (custom)
2019-10-12 06:07:51,336 [pool-393-thread-1] INFO  server.RaftServerConfigKeys (ConfUtils.java:logGet(43)) - raft.server.retrycache.expirytime = 600000ms (custom)
2019-10-12 06:07:51,337 [pool-393-thread-1] INFO  impl.RaftServerImpl (RaftServerImpl.java:start(181)) - d4ad8180-4284-42ba-a8fc-dc1b61d04970@group-A994511C41ED: start as a follower, conf=-1: [d4ad8180-4284-42ba-a8fc-dc1b61d04970:192.168.164.199:41831], old=null
2019-10-12 06:07:51,337 [pool-393-thread-1] INFO  impl.RaftServerImpl (RaftServerImpl.java:setRole(170)) - d4ad8180-4284-42ba-a8fc-dc1b61d04970@group-A994511C41ED: changes role from      null to FOLLOWER at term 0 for startAsFollower
2019-10-12 06:07:51,337 [pool-393-thread-1] INFO  impl.RoleInfo (RoleInfo.java:updateAndGet(143)) - d4ad8180-4284-42ba-a8fc-dc1b61d04970: start FollowerState
2019-10-12 06:07:51,337 [pool-393-thread-1] INFO  util.JmxRegister (JmxRegister.java:tryRegister(44)) - Successfully registered JMX Bean with object name Ratis:service=RaftServer,group=group-A994511C41ED,id=d4ad8180-4284-42ba-a8fc-dc1b61d04970
2019-10-12 06:07:51,341 [RatisPipelineUtilsThread] INFO  pipeline.PipelineStateManager (PipelineStateManager.java:addPipeline(56)) - Created pipeline Pipeline[ Id: 5f596be1-b2d3-47f6-8d78-a994511c41ed, Nodes: d4ad8180-4284-42ba-a8fc-dc1b61d04970{ip: 192.168.164.199, host: trunk-nightly-20191012-whclf-1426492793, networkLocation: /default-rack, certSerialId: null}, Type:RATIS, Factor:ONE, State:OPEN]
2019-10-12 06:07:51,348 [grpc-default-executor-5] INFO  impl.RaftServerProxy (RaftServerProxy.java:addNew(89)) - 2c1975c9-8147-4c62-a573-f55415d966a7: addNew group-E93D470A78B3:[2c1975c9-8147-4c62-a573-f55415d966a7:192.168.164.199:38222] returns group-E93D470A78B3:java.util.concurrent.CompletableFuture@561734f4[Not completed]
2019-10-12 06:07:51,349 [pool-403-thread-1] INFO  impl.RaftServerImpl (RaftServerImpl.java:<init>(95)) - 2c1975c9-8147-4c62-a573-f55415d966a7: new RaftServerImpl for group-E93D470A78B3:[2c1975c9-8147-4c62-a573-f55415d966a7:192.168.164.199:38222] with ContainerStateMachine:uninitialized
2019-10-12 06:07:51,349 [pool-403-thread-1] INFO  server.RaftServerConfigKeys (ConfUtils.java:logGet(43)) - raft.server.rpc.timeout.min = 5s (custom)
2019-10-12 06:07:51,349 [pool-403-thread-1] INFO  server.RaftServerConfigKeys (ConfUtils.java:logGet(43)) - raft.server.rpc.timeout.max = 5200ms (custom)
2019-10-12 06:07:51,349 [pool-403-thread-1] INFO  server.RaftServerConfigKeys (ConfUtils.java:logGet(43)) - raft.server.rpcslowness.timeout = 120s (custom)
2019-10-12 06:07:51,349 [pool-403-thread-1] INFO  server.RaftServerConfigKeys (ConfUtils.java:logGet(43)) - raft.server.sleep.deviation.threshold = 300 (default)
2019-10-12 06:07:51,350 [pool-403-thread-1] INFO  server.RaftServerConfigKeys (ConfUtils.java:logGet(43)) - raft.server.log.appender.install.snapshot.enabled = false (custom)
2019-10-12 06:07:51,350 [pool-403-thread-1] INFO  impl.RaftServerImpl (ServerState.java:<init>(103)) - 2c1975c9-8147-4c62-a573-f55415d966a7@group-E93D470A78B3: ConfigurationManager, init=-1: [2c1975c9-8147-4c62-a573-f55415d966a7:192.168.164.199:38222], old=null, confs=<EMPTY_MAP>
2019-10-12 06:07:51,350 [pool-403-thread-1] INFO  server.RaftServerConfigKeys (ConfUtils.java:logGet(43)) - raft.server.storage.dir = [/workdir/hadoop-ozone/integration-test/target/test-dir/MiniOzoneClusterImpl-9624e39d-339a-428b-bb52-387f80fe3ded/datanode-2/data/ratis] (custom)
2019-10-12 06:07:51,350 [pool-403-thread-1] INFO  server.RaftServerConfigKeys (ConfUtils.java:logGet(43)) - raft.server.log.corruption.policy = EXCEPTION (default)
2019-10-12 06:07:51,350 [pool-403-thread-1] INFO  storage.RaftStorageDirectory (RaftStorageDirectory.java:analyzeStorage(246)) - The storage directory /workdir/hadoop-ozone/integration-test/target/test-dir/MiniOzoneClusterImpl-9624e39d-339a-428b-bb52-387f80fe3ded/datanode-2/data/ratis/f114a305-8e6a-4727-87cb-e93d470a78b3 does not exist. Creating ...
2019-10-12 06:07:51,373 [pool-403-thread-1] INFO  storage.RaftStorageDirectory (RaftStorageDirectory.java:tryLock(328)) - Lock on /workdir/hadoop-ozone/integration-test/target/test-dir/MiniOzoneClusterImpl-9624e39d-339a-428b-bb52-387f80fe3ded/datanode-2/data/ratis/f114a305-8e6a-4727-87cb-e93d470a78b3/in_use.lock acquired by nodename 17323@trunk-nightly-20191012-whclf-1426492793
2019-10-12 06:07:51,380 [IPC Server handler 4 on 44793] INFO  net.NetworkTopology (NetworkTopologyImpl.java:add(111)) - Added a new node: /default-rack/bf0294df-29fd-466f-9d35-8ddf7c1a92ac
2019-10-12 06:07:51,380 [IPC Server handler 4 on 44793] INFO  node.SCMNodeManager (SCMNodeManager.java:register(268)) - Registered Data node : bf0294df-29fd-466f-9d35-8ddf7c1a92ac{ip: 192.168.164.199, host: trunk-nightly-20191012-whclf-1426492793, networkLocation: /default-rack, certSerialId: null}
2019-10-12 06:07:51,396 [pool-403-thread-1] INFO  storage.RaftStorage (RaftStorage.java:format(84)) - Storage directory /workdir/hadoop-ozone/integration-test/target/test-dir/MiniOzoneClusterImpl-9624e39d-339a-428b-bb52-387f80fe3ded/datanode-2/data/ratis/f114a305-8e6a-4727-87cb-e93d470a78b3 has been successfully formatted.
2019-10-12 06:07:51,397 [pool-403-thread-1] INFO  ratis.ContainerStateMachine (ContainerStateMachine.java:loadSnapshot(231)) - group-E93D470A78B3: The snapshot info is null. Setting the last applied indexto:(t:0, i:~)
2019-10-12 06:07:51,397 [pool-403-thread-1] INFO  server.RaftServerConfigKeys (ConfUtils.java:logGet(43)) - raft.server.notification.no-leader.timeout = 120s (custom)
2019-10-12 06:07:51,397 [pool-403-thread-1] INFO  server.RaftServerConfigKeys (ConfUtils.java:logGet(43)) - raft.server.log.use.memory = false (default)
2019-10-12 06:07:51,397 [pool-403-thread-1] INFO  server.RaftServerConfigKeys (ConfUtils.java:logGet(43)) - raft.server.log.purge.gap = 1000000 (custom)
2019-10-12 06:07:51,398 [pool-403-thread-1] INFO  server.RaftServerConfigKeys (ConfUtils.java:logGet(43)) - raft.server.log.appender.buffer.byte-limit = 33554432 (custom)
2019-10-12 06:07:51,398 [pool-403-thread-1] INFO  server.RaftServerConfigKeys (ConfUtils.java:logGet(43)) - raft.server.log.segment.size.max = 1048576 (custom)
2019-10-12 06:07:51,400 [pool-403-thread-1] INFO  server.RaftServerConfigKeys (ConfUtils.java:logGet(43)) - raft.server.log.segment.cache.num.max = 2 (custom)
2019-10-12 06:07:51,400 [pool-403-thread-1] INFO  segmented.SegmentedRaftLogWorker (SegmentedRaftLogWorker.java:<init>(173)) - new 2c1975c9-8147-4c62-a573-f55415d966a7@group-E93D470A78B3-SegmentedRaftLogWorker for RaftStorage:Storage Directory /workdir/hadoop-ozone/integration-test/target/test-dir/MiniOzoneClusterImpl-9624e39d-339a-428b-bb52-387f80fe3ded/datanode-2/data/ratis/f114a305-8e6a-4727-87cb-e93d470a78b3
2019-10-12 06:07:51,400 [pool-403-thread-1] INFO  server.RaftServerConfigKeys (ConfUtils.java:logGet(43)) - raft.server.log.queue.byte-limit = 2147483647 (custom)
2019-10-12 06:07:51,400 [pool-403-thread-1] INFO  server.RaftServerConfigKeys (ConfUtils.java:logGet(43)) - raft.server.log.queue.element-limit = 1024 (custom)
2019-10-12 06:07:51,400 [pool-403-thread-1] INFO  server.RaftServerConfigKeys (ConfUtils.java:logGet(43)) - raft.server.log.segment.size.max = 1048576 (custom)
2019-10-12 06:07:51,400 [pool-403-thread-1] INFO  server.RaftServerConfigKeys (ConfUtils.java:logGet(43)) - raft.server.log.preallocated.size = 16384 (custom)
2019-10-12 06:07:51,400 [pool-403-thread-1] INFO  server.RaftServerConfigKeys (ConfUtils.java:logGet(43)) - raft.server.log.write.buffer.size = 33554432 (custom)
2019-10-12 06:07:51,400 [pool-403-thread-1] INFO  server.RaftServerConfigKeys (ConfUtils.java:logGet(43)) - raft.server.log.force.sync.num = 128 (default)
2019-10-12 06:07:51,400 [pool-403-thread-1] INFO  server.RaftServerConfigKeys (ConfUtils.java:logGet(43)) - raft.server.log.statemachine.data.sync = true (default)
2019-10-12 06:07:51,401 [pool-403-thread-1] INFO  server.RaftServerConfigKeys (ConfUtils.java:logGet(43)) - raft.server.log.statemachine.data.sync.timeout = 10s (default)
2019-10-12 06:07:51,401 [pool-403-thread-1] INFO  server.RaftServerConfigKeys (ConfUtils.java:logGet(43)) - raft.server.log.statemachine.data.sync.timeout.retry = -1 (default)
2019-10-12 06:07:51,401 [pool-403-thread-1] INFO  server.RaftServerConfigKeys (ConfUtils.java:logGet(43)) - raft.server.log.statemachine.data.caching.enabled = true (custom)
2019-10-12 06:07:51,401 [pool-403-thread-1] INFO  segmented.SegmentedRaftLogWorker (SegmentedRaftLogWorker.java:lambda$new$0(128)) - 2c1975c9-8147-4c62-a573-f55415d966a7@group-E93D470A78B3-SegmentedRaftLogWorker: flushIndex: setUnconditionally 0 -> -1
2019-10-12 06:07:51,402 [pool-403-thread-1] INFO  server.RaftServerConfigKeys (ConfUtils.java:logGet(43)) - raft.server.snapshot.auto.trigger.enabled = true (custom)
2019-10-12 06:07:51,402 [pool-403-thread-1] INFO  server.RaftServerConfigKeys (ConfUtils.java:logGet(43)) - raft.server.snapshot.auto.trigger.threshold = 10000 (custom)
2019-10-12 06:07:51,402 [pool-403-thread-1] INFO  server.RaftServerConfigKeys (ConfUtils.java:logGet(43)) - raft.server.snapshot.retention.file.num = 5 (custom)
2019-10-12 06:07:51,402 [pool-403-thread-1] INFO  server.RaftServerConfigKeys (ConfUtils.java:logGet(43)) - raft.server.retrycache.expirytime = 600000ms (custom)
2019-10-12 06:07:51,404 [pool-403-thread-1] INFO  impl.RaftServerImpl (RaftServerImpl.java:start(181)) - 2c1975c9-8147-4c62-a573-f55415d966a7@group-E93D470A78B3: start as a follower, conf=-1: [2c1975c9-8147-4c62-a573-f55415d966a7:192.168.164.199:38222], old=null
2019-10-12 06:07:51,404 [pool-403-thread-1] INFO  impl.RaftServerImpl (RaftServerImpl.java:setRole(170)) - 2c1975c9-8147-4c62-a573-f55415d966a7@group-E93D470A78B3: changes role from      null to FOLLOWER at term 0 for startAsFollower
2019-10-12 06:07:51,404 [pool-403-thread-1] INFO  impl.RoleInfo (RoleInfo.java:updateAndGet(143)) - 2c1975c9-8147-4c62-a573-f55415d966a7: start FollowerState
2019-10-12 06:07:51,404 [pool-403-thread-1] INFO  util.JmxRegister (JmxRegister.java:tryRegister(44)) - Successfully registered JMX Bean with object name Ratis:service=RaftServer,group=group-E93D470A78B3,id=2c1975c9-8147-4c62-a573-f55415d966a7
2019-10-12 06:07:51,408 [RatisPipelineUtilsThread] INFO  pipeline.PipelineStateManager (PipelineStateManager.java:addPipeline(56)) - Created pipeline Pipeline[ Id: f114a305-8e6a-4727-87cb-e93d470a78b3, Nodes: 2c1975c9-8147-4c62-a573-f55415d966a7{ip: 192.168.164.199, host: trunk-nightly-20191012-whclf-1426492793, networkLocation: /default-rack, certSerialId: null}, Type:RATIS, Factor:ONE, State:OPEN]
2019-10-12 06:07:51,415 [grpc-default-executor-5] INFO  impl.RaftServerProxy (RaftServerProxy.java:addNew(89)) - bf0294df-29fd-466f-9d35-8ddf7c1a92ac: addNew group-D8E255A89DE6:[bf0294df-29fd-466f-9d35-8ddf7c1a92ac:192.168.164.199:44039] returns group-D8E255A89DE6:java.util.concurrent.CompletableFuture@40384a3f[Not completed]
2019-10-12 06:07:51,417 [pool-413-thread-1] INFO  impl.RaftServerImpl (RaftServerImpl.java:<init>(95)) - bf0294df-29fd-466f-9d35-8ddf7c1a92ac: new RaftServerImpl for group-D8E255A89DE6:[bf0294df-29fd-466f-9d35-8ddf7c1a92ac:192.168.164.199:44039] with ContainerStateMachine:uninitialized
2019-10-12 06:07:51,418 [pool-413-thread-1] INFO  server.RaftServerConfigKeys (ConfUtils.java:logGet(43)) - raft.server.rpc.timeout.min = 5s (custom)
2019-10-12 06:07:51,418 [pool-413-thread-1] INFO  server.RaftServerConfigKeys (ConfUtils.java:logGet(43)) - raft.server.rpc.timeout.max = 5200ms (custom)
2019-10-12 06:07:51,418 [pool-413-thread-1] INFO  server.RaftServerConfigKeys (ConfUtils.java:logGet(43)) - raft.server.rpcslowness.timeout = 120s (custom)
2019-10-12 06:07:51,418 [pool-413-thread-1] INFO  server.RaftServerConfigKeys (ConfUtils.java:logGet(43)) - raft.server.sleep.deviation.threshold = 300 (default)
2019-10-12 06:07:51,418 [pool-413-thread-1] INFO  server.RaftServerConfigKeys (ConfUtils.java:logGet(43)) - raft.server.log.appender.install.snapshot.enabled = false (custom)
2019-10-12 06:07:51,418 [pool-413-thread-1] INFO  impl.RaftServerImpl (ServerState.java:<init>(103)) - bf0294df-29fd-466f-9d35-8ddf7c1a92ac@group-D8E255A89DE6: ConfigurationManager, init=-1: [bf0294df-29fd-466f-9d35-8ddf7c1a92ac:192.168.164.199:44039], old=null, confs=<EMPTY_MAP>
2019-10-12 06:07:51,418 [pool-413-thread-1] INFO  server.RaftServerConfigKeys (ConfUtils.java:logGet(43)) - raft.server.storage.dir = [/workdir/hadoop-ozone/integration-test/target/test-dir/MiniOzoneClusterImpl-9624e39d-339a-428b-bb52-387f80fe3ded/datanode-3/data/ratis] (custom)
2019-10-12 06:07:51,419 [pool-413-thread-1] INFO  server.RaftServerConfigKeys (ConfUtils.java:logGet(43)) - raft.server.log.corruption.policy = EXCEPTION (default)
2019-10-12 06:07:51,419 [pool-413-thread-1] INFO  storage.RaftStorageDirectory (RaftStorageDirectory.java:analyzeStorage(246)) - The storage directory /workdir/hadoop-ozone/integration-test/target/test-dir/MiniOzoneClusterImpl-9624e39d-339a-428b-bb52-387f80fe3ded/datanode-3/data/ratis/8e914310-681e-4c54-8469-d8e255a89de6 does not exist. Creating ...
2019-10-12 06:07:51,440 [IPC Server handler 5 on 44793] INFO  net.NetworkTopology (NetworkTopologyImpl.java:add(111)) - Added a new node: /default-rack/2ebb7635-daab-435f-9a19-1869a63f325d
2019-10-12 06:07:51,440 [IPC Server handler 5 on 44793] INFO  node.SCMNodeManager (SCMNodeManager.java:register(268)) - Registered Data node : 2ebb7635-daab-435f-9a19-1869a63f325d{ip: 192.168.164.199, host: trunk-nightly-20191012-whclf-1426492793, networkLocation: /default-rack, certSerialId: null}
2019-10-12 06:07:51,457 [pool-413-thread-1] INFO  storage.RaftStorageDirectory (RaftStorageDirectory.java:tryLock(328)) - Lock on /workdir/hadoop-ozone/integration-test/target/test-dir/MiniOzoneClusterImpl-9624e39d-339a-428b-bb52-387f80fe3ded/datanode-3/data/ratis/8e914310-681e-4c54-8469-d8e255a89de6/in_use.lock acquired by nodename 17323@trunk-nightly-20191012-whclf-1426492793
2019-10-12 06:07:51,482 [pool-413-thread-1] INFO  storage.RaftStorage (RaftStorage.java:format(84)) - Storage directory /workdir/hadoop-ozone/integration-test/target/test-dir/MiniOzoneClusterImpl-9624e39d-339a-428b-bb52-387f80fe3ded/datanode-3/data/ratis/8e914310-681e-4c54-8469-d8e255a89de6 has been successfully formatted.
2019-10-12 06:07:51,482 [pool-413-thread-1] INFO  ratis.ContainerStateMachine (ContainerStateMachine.java:loadSnapshot(231)) - group-D8E255A89DE6: The snapshot info is null. Setting the last applied indexto:(t:0, i:~)
2019-10-12 06:07:51,483 [pool-413-thread-1] INFO  server.RaftServerConfigKeys (ConfUtils.java:logGet(43)) - raft.server.notification.no-leader.timeout = 120s (custom)
2019-10-12 06:07:51,483 [pool-413-thread-1] INFO  server.RaftServerConfigKeys (ConfUtils.java:logGet(43)) - raft.server.log.use.memory = false (default)
2019-10-12 06:07:51,483 [pool-413-thread-1] INFO  server.RaftServerConfigKeys (ConfUtils.java:logGet(43)) - raft.server.log.purge.gap = 1000000 (custom)
2019-10-12 06:07:51,483 [pool-413-thread-1] INFO  server.RaftServerConfigKeys (ConfUtils.java:logGet(43)) - raft.server.log.appender.buffer.byte-limit = 33554432 (custom)
2019-10-12 06:07:51,483 [pool-413-thread-1] INFO  server.RaftServerConfigKeys (ConfUtils.java:logGet(43)) - raft.server.log.segment.size.max = 1048576 (custom)
2019-10-12 06:07:51,485 [pool-413-thread-1] INFO  server.RaftServerConfigKeys (ConfUtils.java:logGet(43)) - raft.server.log.segment.cache.num.max = 2 (custom)
2019-10-12 06:07:51,485 [pool-413-thread-1] INFO  segmented.SegmentedRaftLogWorker (SegmentedRaftLogWorker.java:<init>(173)) - new bf0294df-29fd-466f-9d35-8ddf7c1a92ac@group-D8E255A89DE6-SegmentedRaftLogWorker for RaftStorage:Storage Directory /workdir/hadoop-ozone/integration-test/target/test-dir/MiniOzoneClusterImpl-9624e39d-339a-428b-bb52-387f80fe3ded/datanode-3/data/ratis/8e914310-681e-4c54-8469-d8e255a89de6
2019-10-12 06:07:51,485 [pool-413-thread-1] INFO  server.RaftServerConfigKeys (ConfUtils.java:logGet(43)) - raft.server.log.queue.byte-limit = 2147483647 (custom)
2019-10-12 06:07:51,485 [pool-413-thread-1] INFO  server.RaftServerConfigKeys (ConfUtils.java:logGet(43)) - raft.server.log.queue.element-limit = 1024 (custom)
2019-10-12 06:07:51,485 [pool-413-thread-1] INFO  server.RaftServerConfigKeys (ConfUtils.java:logGet(43)) - raft.server.log.segment.size.max = 1048576 (custom)
2019-10-12 06:07:51,485 [pool-413-thread-1] INFO  server.RaftServerConfigKeys (ConfUtils.java:logGet(43)) - raft.server.log.preallocated.size = 16384 (custom)
2019-10-12 06:07:51,486 [pool-413-thread-1] INFO  server.RaftServerConfigKeys (ConfUtils.java:logGet(43)) - raft.server.log.write.buffer.size = 33554432 (custom)
2019-10-12 06:07:51,486 [pool-413-thread-1] INFO  server.RaftServerConfigKeys (ConfUtils.java:logGet(43)) - raft.server.log.force.sync.num = 128 (default)
2019-10-12 06:07:51,486 [pool-413-thread-1] INFO  server.RaftServerConfigKeys (ConfUtils.java:logGet(43)) - raft.server.log.statemachine.data.sync = true (default)
2019-10-12 06:07:51,486 [pool-413-thread-1] INFO  server.RaftServerConfigKeys (ConfUtils.java:logGet(43)) - raft.server.log.statemachine.data.sync.timeout = 10s (default)
2019-10-12 06:07:51,486 [pool-413-thread-1] INFO  server.RaftServerConfigKeys (ConfUtils.java:logGet(43)) - raft.server.log.statemachine.data.sync.timeout.retry = -1 (default)
2019-10-12 06:07:51,486 [pool-413-thread-1] INFO  server.RaftServerConfigKeys (ConfUtils.java:logGet(43)) - raft.server.log.statemachine.data.caching.enabled = true (custom)
2019-10-12 06:07:51,487 [pool-413-thread-1] INFO  segmented.SegmentedRaftLogWorker (SegmentedRaftLogWorker.java:lambda$new$0(128)) - bf0294df-29fd-466f-9d35-8ddf7c1a92ac@group-D8E255A89DE6-SegmentedRaftLogWorker: flushIndex: setUnconditionally 0 -> -1
2019-10-12 06:07:51,487 [pool-413-thread-1] INFO  server.RaftServerConfigKeys (ConfUtils.java:logGet(43)) - raft.server.snapshot.auto.trigger.enabled = true (custom)
2019-10-12 06:07:51,487 [pool-413-thread-1] INFO  server.RaftServerConfigKeys (ConfUtils.java:logGet(43)) - raft.server.snapshot.auto.trigger.threshold = 10000 (custom)
2019-10-12 06:07:51,488 [pool-413-thread-1] INFO  server.RaftServerConfigKeys (ConfUtils.java:logGet(43)) - raft.server.snapshot.retention.file.num = 5 (custom)
2019-10-12 06:07:51,488 [pool-413-thread-1] INFO  server.RaftServerConfigKeys (ConfUtils.java:logGet(43)) - raft.server.retrycache.expirytime = 600000ms (custom)
2019-10-12 06:07:51,490 [pool-413-thread-1] INFO  impl.RaftServerImpl (RaftServerImpl.java:start(181)) - bf0294df-29fd-466f-9d35-8ddf7c1a92ac@group-D8E255A89DE6: start as a follower, conf=-1: [bf0294df-29fd-466f-9d35-8ddf7c1a92ac:192.168.164.199:44039], old=null
2019-10-12 06:07:51,490 [pool-413-thread-1] INFO  impl.RaftServerImpl (RaftServerImpl.java:setRole(170)) - bf0294df-29fd-466f-9d35-8ddf7c1a92ac@group-D8E255A89DE6: changes role from      null to FOLLOWER at term 0 for startAsFollower
2019-10-12 06:07:51,490 [pool-413-thread-1] INFO  impl.RoleInfo (RoleInfo.java:updateAndGet(143)) - bf0294df-29fd-466f-9d35-8ddf7c1a92ac: start FollowerState
2019-10-12 06:07:51,491 [pool-413-thread-1] INFO  util.JmxRegister (JmxRegister.java:tryRegister(44)) - Successfully registered JMX Bean with object name Ratis:service=RaftServer,group=group-D8E255A89DE6,id=bf0294df-29fd-466f-9d35-8ddf7c1a92ac
2019-10-12 06:07:51,494 [RatisPipelineUtilsThread] INFO  pipeline.PipelineStateManager (PipelineStateManager.java:addPipeline(56)) - Created pipeline Pipeline[ Id: 8e914310-681e-4c54-8469-d8e255a89de6, Nodes: bf0294df-29fd-466f-9d35-8ddf7c1a92ac{ip: 192.168.164.199, host: trunk-nightly-20191012-whclf-1426492793, networkLocation: /default-rack, certSerialId: null}, Type:RATIS, Factor:ONE, State:OPEN]
2019-10-12 06:07:51,501 [grpc-default-executor-5] INFO  impl.RaftServerProxy (RaftServerProxy.java:addNew(89)) - 2ebb7635-daab-435f-9a19-1869a63f325d: addNew group-B74FDA3D9DFD:[2ebb7635-daab-435f-9a19-1869a63f325d:192.168.164.199:35867] returns group-B74FDA3D9DFD:java.util.concurrent.CompletableFuture@571c311e[Not completed]
2019-10-12 06:07:51,502 [IPC Server handler 6 on 44793] INFO  net.NetworkTopology (NetworkTopologyImpl.java:add(111)) - Added a new node: /default-rack/273e8682-2aac-43c4-a4bf-5876899d2fb2
2019-10-12 06:07:51,502 [IPC Server handler 6 on 44793] INFO  node.SCMNodeManager (SCMNodeManager.java:register(268)) - Registered Data node : 273e8682-2aac-43c4-a4bf-5876899d2fb2{ip: 192.168.164.199, host: trunk-nightly-20191012-whclf-1426492793, networkLocation: /default-rack, certSerialId: null}
2019-10-12 06:07:51,503 [pool-423-thread-1] INFO  impl.RaftServerImpl (RaftServerImpl.java:<init>(95)) - 2ebb7635-daab-435f-9a19-1869a63f325d: new RaftServerImpl for group-B74FDA3D9DFD:[2ebb7635-daab-435f-9a19-1869a63f325d:192.168.164.199:35867] with ContainerStateMachine:uninitialized
2019-10-12 06:07:51,503 [pool-423-thread-1] INFO  server.RaftServerConfigKeys (ConfUtils.java:logGet(43)) - raft.server.rpc.timeout.min = 5s (custom)
2019-10-12 06:07:51,503 [pool-423-thread-1] INFO  server.RaftServerConfigKeys (ConfUtils.java:logGet(43)) - raft.server.rpc.timeout.max = 5200ms (custom)
2019-10-12 06:07:51,504 [pool-423-thread-1] INFO  server.RaftServerConfigKeys (ConfUtils.java:logGet(43)) - raft.server.rpcslowness.timeout = 120s (custom)
2019-10-12 06:07:51,504 [pool-423-thread-1] INFO  server.RaftServerConfigKeys (ConfUtils.java:logGet(43)) - raft.server.sleep.deviation.threshold = 300 (default)
2019-10-12 06:07:51,504 [pool-423-thread-1] INFO  server.RaftServerConfigKeys (ConfUtils.java:logGet(43)) - raft.server.log.appender.install.snapshot.enabled = false (custom)
2019-10-12 06:07:51,504 [pool-423-thread-1] INFO  impl.RaftServerImpl (ServerState.java:<init>(103)) - 2ebb7635-daab-435f-9a19-1869a63f325d@group-B74FDA3D9DFD: ConfigurationManager, init=-1: [2ebb7635-daab-435f-9a19-1869a63f325d:192.168.164.199:35867], old=null, confs=<EMPTY_MAP>
2019-10-12 06:07:51,504 [pool-423-thread-1] INFO  server.RaftServerConfigKeys (ConfUtils.java:logGet(43)) - raft.server.storage.dir = [/workdir/hadoop-ozone/integration-test/target/test-dir/MiniOzoneClusterImpl-9624e39d-339a-428b-bb52-387f80fe3ded/datanode-4/data/ratis] (custom)
2019-10-12 06:07:51,504 [pool-423-thread-1] INFO  server.RaftServerConfigKeys (ConfUtils.java:logGet(43)) - raft.server.log.corruption.policy = EXCEPTION (default)
2019-10-12 06:07:51,504 [pool-423-thread-1] INFO  storage.RaftStorageDirectory (RaftStorageDirectory.java:analyzeStorage(246)) - The storage directory /workdir/hadoop-ozone/integration-test/target/test-dir/MiniOzoneClusterImpl-9624e39d-339a-428b-bb52-387f80fe3ded/datanode-4/data/ratis/53c3f48e-7891-4b83-945e-b74fda3d9dfd does not exist. Creating ...
2019-10-12 06:07:51,532 [pool-423-thread-1] INFO  storage.RaftStorageDirectory (RaftStorageDirectory.java:tryLock(328)) - Lock on /workdir/hadoop-ozone/integration-test/target/test-dir/MiniOzoneClusterImpl-9624e39d-339a-428b-bb52-387f80fe3ded/datanode-4/data/ratis/53c3f48e-7891-4b83-945e-b74fda3d9dfd/in_use.lock acquired by nodename 17323@trunk-nightly-20191012-whclf-1426492793
2019-10-12 06:07:51,558 [pool-423-thread-1] INFO  storage.RaftStorage (RaftStorage.java:format(84)) - Storage directory /workdir/hadoop-ozone/integration-test/target/test-dir/MiniOzoneClusterImpl-9624e39d-339a-428b-bb52-387f80fe3ded/datanode-4/data/ratis/53c3f48e-7891-4b83-945e-b74fda3d9dfd has been successfully formatted.
2019-10-12 06:07:51,558 [pool-423-thread-1] INFO  ratis.ContainerStateMachine (ContainerStateMachine.java:loadSnapshot(231)) - group-B74FDA3D9DFD: The snapshot info is null. Setting the last applied indexto:(t:0, i:~)
2019-10-12 06:07:51,558 [pool-423-thread-1] INFO  server.RaftServerConfigKeys (ConfUtils.java:logGet(43)) - raft.server.notification.no-leader.timeout = 120s (custom)
2019-10-12 06:07:51,559 [pool-423-thread-1] INFO  server.RaftServerConfigKeys (ConfUtils.java:logGet(43)) - raft.server.log.use.memory = false (default)
2019-10-12 06:07:51,559 [pool-423-thread-1] INFO  server.RaftServerConfigKeys (ConfUtils.java:logGet(43)) - raft.server.log.purge.gap = 1000000 (custom)
2019-10-12 06:07:51,559 [pool-423-thread-1] INFO  server.RaftServerConfigKeys (ConfUtils.java:logGet(43)) - raft.server.log.appender.buffer.byte-limit = 33554432 (custom)
2019-10-12 06:07:51,559 [pool-423-thread-1] INFO  server.RaftServerConfigKeys (ConfUtils.java:logGet(43)) - raft.server.log.segment.size.max = 1048576 (custom)
2019-10-12 06:07:51,560 [main] INFO  ozone.MiniOzoneClusterImpl (MiniOzoneClusterImpl.java:lambda$waitForClusterToBeReady$0(147)) - Waiting for cluster to be ready. Got 6 of 7 DN Heartbeats.
2019-10-12 06:07:51,560 [IPC Server handler 7 on 44793] INFO  net.NetworkTopology (NetworkTopologyImpl.java:add(111)) - Added a new node: /default-rack/0e1fe170-d9f8-469b-8a06-cf8ecccb8b0b
2019-10-12 06:07:51,561 [IPC Server handler 7 on 44793] INFO  node.SCMNodeManager (SCMNodeManager.java:register(268)) - Registered Data node : 0e1fe170-d9f8-469b-8a06-cf8ecccb8b0b{ip: 192.168.164.199, host: trunk-nightly-20191012-whclf-1426492793, networkLocation: /default-rack, certSerialId: null}
2019-10-12 06:07:51,561 [pool-423-thread-1] INFO  server.RaftServerConfigKeys (ConfUtils.java:logGet(43)) - raft.server.log.segment.cache.num.max = 2 (custom)
2019-10-12 06:07:51,561 [pool-423-thread-1] INFO  segmented.SegmentedRaftLogWorker (SegmentedRaftLogWorker.java:<init>(173)) - new 2ebb7635-daab-435f-9a19-1869a63f325d@group-B74FDA3D9DFD-SegmentedRaftLogWorker for RaftStorage:Storage Directory /workdir/hadoop-ozone/integration-test/target/test-dir/MiniOzoneClusterImpl-9624e39d-339a-428b-bb52-387f80fe3ded/datanode-4/data/ratis/53c3f48e-7891-4b83-945e-b74fda3d9dfd
2019-10-12 06:07:51,561 [pool-423-thread-1] INFO  server.RaftServerConfigKeys (ConfUtils.java:logGet(43)) - raft.server.log.queue.byte-limit = 2147483647 (custom)
2019-10-12 06:07:51,561 [pool-423-thread-1] INFO  server.RaftServerConfigKeys (ConfUtils.java:logGet(43)) - raft.server.log.queue.element-limit = 1024 (custom)
2019-10-12 06:07:51,561 [pool-423-thread-1] INFO  server.RaftServerConfigKeys (ConfUtils.java:logGet(43)) - raft.server.log.segment.size.max = 1048576 (custom)
2019-10-12 06:07:51,561 [pool-423-thread-1] INFO  server.RaftServerConfigKeys (ConfUtils.java:logGet(43)) - raft.server.log.preallocated.size = 16384 (custom)
2019-10-12 06:07:51,562 [pool-423-thread-1] INFO  server.RaftServerConfigKeys (ConfUtils.java:logGet(43)) - raft.server.log.write.buffer.size = 33554432 (custom)
2019-10-12 06:07:51,562 [pool-423-thread-1] INFO  server.RaftServerConfigKeys (ConfUtils.java:logGet(43)) - raft.server.log.force.sync.num = 128 (default)
2019-10-12 06:07:51,562 [pool-423-thread-1] INFO  server.RaftServerConfigKeys (ConfUtils.java:logGet(43)) - raft.server.log.statemachine.data.sync = true (default)
2019-10-12 06:07:51,562 [pool-423-thread-1] INFO  server.RaftServerConfigKeys (ConfUtils.java:logGet(43)) - raft.server.log.statemachine.data.sync.timeout = 10s (default)
2019-10-12 06:07:51,562 [pool-423-thread-1] INFO  server.RaftServerConfigKeys (ConfUtils.java:logGet(43)) - raft.server.log.statemachine.data.sync.timeout.retry = -1 (default)
2019-10-12 06:07:51,562 [pool-423-thread-1] INFO  server.RaftServerConfigKeys (ConfUtils.java:logGet(43)) - raft.server.log.statemachine.data.caching.enabled = true (custom)
2019-10-12 06:07:51,563 [pool-423-thread-1] INFO  segmented.SegmentedRaftLogWorker (SegmentedRaftLogWorker.java:lambda$new$0(128)) - 2ebb7635-daab-435f-9a19-1869a63f325d@group-B74FDA3D9DFD-SegmentedRaftLogWorker: flushIndex: setUnconditionally 0 -> -1
2019-10-12 06:07:51,563 [pool-423-thread-1] INFO  server.RaftServerConfigKeys (ConfUtils.java:logGet(43)) - raft.server.snapshot.auto.trigger.enabled = true (custom)
2019-10-12 06:07:51,563 [pool-423-thread-1] INFO  server.RaftServerConfigKeys (ConfUtils.java:logGet(43)) - raft.server.snapshot.auto.trigger.threshold = 10000 (custom)
2019-10-12 06:07:51,563 [pool-423-thread-1] INFO  server.RaftServerConfigKeys (ConfUtils.java:logGet(43)) - raft.server.snapshot.retention.file.num = 5 (custom)
2019-10-12 06:07:51,563 [pool-423-thread-1] INFO  server.RaftServerConfigKeys (ConfUtils.java:logGet(43)) - raft.server.retrycache.expirytime = 600000ms (custom)
2019-10-12 06:07:51,565 [pool-423-thread-1] INFO  impl.RaftServerImpl (RaftServerImpl.java:start(181)) - 2ebb7635-daab-435f-9a19-1869a63f325d@group-B74FDA3D9DFD: start as a follower, conf=-1: [2ebb7635-daab-435f-9a19-1869a63f325d:192.168.164.199:35867], old=null
2019-10-12 06:07:51,565 [pool-423-thread-1] INFO  impl.RaftServerImpl (RaftServerImpl.java:setRole(170)) - 2ebb7635-daab-435f-9a19-1869a63f325d@group-B74FDA3D9DFD: changes role from      null to FOLLOWER at term 0 for startAsFollower
2019-10-12 06:07:51,565 [pool-423-thread-1] INFO  impl.RoleInfo (RoleInfo.java:updateAndGet(143)) - 2ebb7635-daab-435f-9a19-1869a63f325d: start FollowerState
2019-10-12 06:07:51,565 [pool-423-thread-1] INFO  util.JmxRegister (JmxRegister.java:tryRegister(44)) - Successfully registered JMX Bean with object name Ratis:service=RaftServer,group=group-B74FDA3D9DFD,id=2ebb7635-daab-435f-9a19-1869a63f325d
2019-10-12 06:07:51,569 [RatisPipelineUtilsThread] INFO  pipeline.PipelineStateManager (PipelineStateManager.java:addPipeline(56)) - Created pipeline Pipeline[ Id: 53c3f48e-7891-4b83-945e-b74fda3d9dfd, Nodes: 2ebb7635-daab-435f-9a19-1869a63f325d{ip: 192.168.164.199, host: trunk-nightly-20191012-whclf-1426492793, networkLocation: /default-rack, certSerialId: null}, Type:RATIS, Factor:ONE, State:OPEN]
2019-10-12 06:07:51,576 [grpc-default-executor-5] INFO  impl.RaftServerProxy (RaftServerProxy.java:addNew(89)) - 273e8682-2aac-43c4-a4bf-5876899d2fb2: addNew group-5D642581B06C:[273e8682-2aac-43c4-a4bf-5876899d2fb2:192.168.164.199:38250] returns group-5D642581B06C:java.util.concurrent.CompletableFuture@f7d1aa6[Not completed]
2019-10-12 06:07:51,577 [pool-433-thread-1] INFO  impl.RaftServerImpl (RaftServerImpl.java:<init>(95)) - 273e8682-2aac-43c4-a4bf-5876899d2fb2: new RaftServerImpl for group-5D642581B06C:[273e8682-2aac-43c4-a4bf-5876899d2fb2:192.168.164.199:38250] with ContainerStateMachine:uninitialized
2019-10-12 06:07:51,577 [pool-433-thread-1] INFO  server.RaftServerConfigKeys (ConfUtils.java:logGet(43)) - raft.server.rpc.timeout.min = 5s (custom)
2019-10-12 06:07:51,577 [pool-433-thread-1] INFO  server.RaftServerConfigKeys (ConfUtils.java:logGet(43)) - raft.server.rpc.timeout.max = 5200ms (custom)
2019-10-12 06:07:51,577 [pool-433-thread-1] INFO  server.RaftServerConfigKeys (ConfUtils.java:logGet(43)) - raft.server.rpcslowness.timeout = 120s (custom)
2019-10-12 06:07:51,577 [pool-433-thread-1] INFO  server.RaftServerConfigKeys (ConfUtils.java:logGet(43)) - raft.server.sleep.deviation.threshold = 300 (default)
2019-10-12 06:07:51,577 [pool-433-thread-1] INFO  server.RaftServerConfigKeys (ConfUtils.java:logGet(43)) - raft.server.log.appender.install.snapshot.enabled = false (custom)
2019-10-12 06:07:51,577 [pool-433-thread-1] INFO  impl.RaftServerImpl (ServerState.java:<init>(103)) - 273e8682-2aac-43c4-a4bf-5876899d2fb2@group-5D642581B06C: ConfigurationManager, init=-1: [273e8682-2aac-43c4-a4bf-5876899d2fb2:192.168.164.199:38250], old=null, confs=<EMPTY_MAP>
2019-10-12 06:07:51,578 [pool-433-thread-1] INFO  server.RaftServerConfigKeys (ConfUtils.java:logGet(43)) - raft.server.storage.dir = [/workdir/hadoop-ozone/integration-test/target/test-dir/MiniOzoneClusterImpl-9624e39d-339a-428b-bb52-387f80fe3ded/datanode-5/data/ratis] (custom)
2019-10-12 06:07:51,578 [pool-433-thread-1] INFO  server.RaftServerConfigKeys (ConfUtils.java:logGet(43)) - raft.server.log.corruption.policy = EXCEPTION (default)
2019-10-12 06:07:51,578 [pool-433-thread-1] INFO  storage.RaftStorageDirectory (RaftStorageDirectory.java:analyzeStorage(246)) - The storage directory /workdir/hadoop-ozone/integration-test/target/test-dir/MiniOzoneClusterImpl-9624e39d-339a-428b-bb52-387f80fe3ded/datanode-5/data/ratis/2de09671-c6bd-4dac-b165-5d642581b06c does not exist. Creating ...
2019-10-12 06:07:51,600 [pool-433-thread-1] INFO  storage.RaftStorageDirectory (RaftStorageDirectory.java:tryLock(328)) - Lock on /workdir/hadoop-ozone/integration-test/target/test-dir/MiniOzoneClusterImpl-9624e39d-339a-428b-bb52-387f80fe3ded/datanode-5/data/ratis/2de09671-c6bd-4dac-b165-5d642581b06c/in_use.lock acquired by nodename 17323@trunk-nightly-20191012-whclf-1426492793
2019-10-12 06:07:51,625 [pool-433-thread-1] INFO  storage.RaftStorage (RaftStorage.java:format(84)) - Storage directory /workdir/hadoop-ozone/integration-test/target/test-dir/MiniOzoneClusterImpl-9624e39d-339a-428b-bb52-387f80fe3ded/datanode-5/data/ratis/2de09671-c6bd-4dac-b165-5d642581b06c has been successfully formatted.
2019-10-12 06:07:51,626 [pool-433-thread-1] INFO  ratis.ContainerStateMachine (ContainerStateMachine.java:loadSnapshot(231)) - group-5D642581B06C: The snapshot info is null. Setting the last applied indexto:(t:0, i:~)
2019-10-12 06:07:51,626 [pool-433-thread-1] INFO  server.RaftServerConfigKeys (ConfUtils.java:logGet(43)) - raft.server.notification.no-leader.timeout = 120s (custom)
2019-10-12 06:07:51,626 [pool-433-thread-1] INFO  server.RaftServerConfigKeys (ConfUtils.java:logGet(43)) - raft.server.log.use.memory = false (default)
2019-10-12 06:07:51,626 [pool-433-thread-1] INFO  server.RaftServerConfigKeys (ConfUtils.java:logGet(43)) - raft.server.log.purge.gap = 1000000 (custom)
2019-10-12 06:07:51,626 [pool-433-thread-1] INFO  server.RaftServerConfigKeys (ConfUtils.java:logGet(43)) - raft.server.log.appender.buffer.byte-limit = 33554432 (custom)
2019-10-12 06:07:51,627 [pool-433-thread-1] INFO  server.RaftServerConfigKeys (ConfUtils.java:logGet(43)) - raft.server.log.segment.size.max = 1048576 (custom)
2019-10-12 06:07:51,629 [pool-433-thread-1] INFO  server.RaftServerConfigKeys (ConfUtils.java:logGet(43)) - raft.server.log.segment.cache.num.max = 2 (custom)
2019-10-12 06:07:51,629 [pool-433-thread-1] INFO  segmented.SegmentedRaftLogWorker (SegmentedRaftLogWorker.java:<init>(173)) - new 273e8682-2aac-43c4-a4bf-5876899d2fb2@group-5D642581B06C-SegmentedRaftLogWorker for RaftStorage:Storage Directory /workdir/hadoop-ozone/integration-test/target/test-dir/MiniOzoneClusterImpl-9624e39d-339a-428b-bb52-387f80fe3ded/datanode-5/data/ratis/2de09671-c6bd-4dac-b165-5d642581b06c
2019-10-12 06:07:51,629 [pool-433-thread-1] INFO  server.RaftServerConfigKeys (ConfUtils.java:logGet(43)) - raft.server.log.queue.byte-limit = 2147483647 (custom)
2019-10-12 06:07:51,629 [pool-433-thread-1] INFO  server.RaftServerConfigKeys (ConfUtils.java:logGet(43)) - raft.server.log.queue.element-limit = 1024 (custom)
2019-10-12 06:07:51,630 [pool-433-thread-1] INFO  server.RaftServerConfigKeys (ConfUtils.java:logGet(43)) - raft.server.log.segment.size.max = 1048576 (custom)
2019-10-12 06:07:51,630 [pool-433-thread-1] INFO  server.RaftServerConfigKeys (ConfUtils.java:logGet(43)) - raft.server.log.preallocated.size = 16384 (custom)
2019-10-12 06:07:51,630 [pool-433-thread-1] INFO  server.RaftServerConfigKeys (ConfUtils.java:logGet(43)) - raft.server.log.write.buffer.size = 33554432 (custom)
2019-10-12 06:07:51,630 [pool-433-thread-1] INFO  server.RaftServerConfigKeys (ConfUtils.java:logGet(43)) - raft.server.log.force.sync.num = 128 (default)
2019-10-12 06:07:51,630 [pool-433-thread-1] INFO  server.RaftServerConfigKeys (ConfUtils.java:logGet(43)) - raft.server.log.statemachine.data.sync = true (default)
2019-10-12 06:07:51,630 [pool-433-thread-1] INFO  server.RaftServerConfigKeys (ConfUtils.java:logGet(43)) - raft.server.log.statemachine.data.sync.timeout = 10s (default)
2019-10-12 06:07:51,631 [pool-433-thread-1] INFO  server.RaftServerConfigKeys (ConfUtils.java:logGet(43)) - raft.server.log.statemachine.data.sync.timeout.retry = -1 (default)
2019-10-12 06:07:51,631 [pool-433-thread-1] INFO  server.RaftServerConfigKeys (ConfUtils.java:logGet(43)) - raft.server.log.statemachine.data.caching.enabled = true (custom)
2019-10-12 06:07:51,631 [pool-433-thread-1] INFO  segmented.SegmentedRaftLogWorker (SegmentedRaftLogWorker.java:lambda$new$0(128)) - 273e8682-2aac-43c4-a4bf-5876899d2fb2@group-5D642581B06C-SegmentedRaftLogWorker: flushIndex: setUnconditionally 0 -> -1
2019-10-12 06:07:51,632 [pool-433-thread-1] INFO  server.RaftServerConfigKeys (ConfUtils.java:logGet(43)) - raft.server.snapshot.auto.trigger.enabled = true (custom)
2019-10-12 06:07:51,632 [pool-433-thread-1] INFO  server.RaftServerConfigKeys (ConfUtils.java:logGet(43)) - raft.server.snapshot.auto.trigger.threshold = 10000 (custom)
2019-10-12 06:07:51,632 [pool-433-thread-1] INFO  server.RaftServerConfigKeys (ConfUtils.java:logGet(43)) - raft.server.snapshot.retention.file.num = 5 (custom)
2019-10-12 06:07:51,632 [pool-433-thread-1] INFO  server.RaftServerConfigKeys (ConfUtils.java:logGet(43)) - raft.server.retrycache.expirytime = 600000ms (custom)
2019-10-12 06:07:51,634 [pool-433-thread-1] INFO  impl.RaftServerImpl (RaftServerImpl.java:start(181)) - 273e8682-2aac-43c4-a4bf-5876899d2fb2@group-5D642581B06C: start as a follower, conf=-1: [273e8682-2aac-43c4-a4bf-5876899d2fb2:192.168.164.199:38250], old=null
2019-10-12 06:07:51,634 [pool-433-thread-1] INFO  impl.RaftServerImpl (RaftServerImpl.java:setRole(170)) - 273e8682-2aac-43c4-a4bf-5876899d2fb2@group-5D642581B06C: changes role from      null to FOLLOWER at term 0 for startAsFollower
2019-10-12 06:07:51,635 [pool-433-thread-1] INFO  impl.RoleInfo (RoleInfo.java:updateAndGet(143)) - 273e8682-2aac-43c4-a4bf-5876899d2fb2: start FollowerState
2019-10-12 06:07:51,635 [pool-433-thread-1] INFO  util.JmxRegister (JmxRegister.java:tryRegister(44)) - Successfully registered JMX Bean with object name Ratis:service=RaftServer,group=group-5D642581B06C,id=273e8682-2aac-43c4-a4bf-5876899d2fb2
2019-10-12 06:07:51,641 [RatisPipelineUtilsThread] INFO  pipeline.PipelineStateManager (PipelineStateManager.java:addPipeline(56)) - Created pipeline Pipeline[ Id: 2de09671-c6bd-4dac-b165-5d642581b06c, Nodes: 273e8682-2aac-43c4-a4bf-5876899d2fb2{ip: 192.168.164.199, host: trunk-nightly-20191012-whclf-1426492793, networkLocation: /default-rack, certSerialId: null}, Type:RATIS, Factor:ONE, State:OPEN]
2019-10-12 06:07:51,651 [grpc-default-executor-5] INFO  impl.RaftServerProxy (RaftServerProxy.java:addNew(89)) - 0e1fe170-d9f8-469b-8a06-cf8ecccb8b0b: addNew group-0DF175B9C3AB:[0e1fe170-d9f8-469b-8a06-cf8ecccb8b0b:192.168.164.199:37815] returns group-0DF175B9C3AB:java.util.concurrent.CompletableFuture@224f316c[Not completed]
2019-10-12 06:07:51,652 [pool-443-thread-1] INFO  impl.RaftServerImpl (RaftServerImpl.java:<init>(95)) - 0e1fe170-d9f8-469b-8a06-cf8ecccb8b0b: new RaftServerImpl for group-0DF175B9C3AB:[0e1fe170-d9f8-469b-8a06-cf8ecccb8b0b:192.168.164.199:37815] with ContainerStateMachine:uninitialized
2019-10-12 06:07:51,652 [pool-443-thread-1] INFO  server.RaftServerConfigKeys (ConfUtils.java:logGet(43)) - raft.server.rpc.timeout.min = 5s (custom)
2019-10-12 06:07:51,653 [pool-443-thread-1] INFO  server.RaftServerConfigKeys (ConfUtils.java:logGet(43)) - raft.server.rpc.timeout.max = 5200ms (custom)
2019-10-12 06:07:51,653 [pool-443-thread-1] INFO  server.RaftServerConfigKeys (ConfUtils.java:logGet(43)) - raft.server.rpcslowness.timeout = 120s (custom)
2019-10-12 06:07:51,653 [pool-443-thread-1] INFO  server.RaftServerConfigKeys (ConfUtils.java:logGet(43)) - raft.server.sleep.deviation.threshold = 300 (default)
2019-10-12 06:07:51,653 [pool-443-thread-1] INFO  server.RaftServerConfigKeys (ConfUtils.java:logGet(43)) - raft.server.log.appender.install.snapshot.enabled = false (custom)
2019-10-12 06:07:51,653 [pool-443-thread-1] INFO  impl.RaftServerImpl (ServerState.java:<init>(103)) - 0e1fe170-d9f8-469b-8a06-cf8ecccb8b0b@group-0DF175B9C3AB: ConfigurationManager, init=-1: [0e1fe170-d9f8-469b-8a06-cf8ecccb8b0b:192.168.164.199:37815], old=null, confs=<EMPTY_MAP>
2019-10-12 06:07:51,653 [pool-443-thread-1] INFO  server.RaftServerConfigKeys (ConfUtils.java:logGet(43)) - raft.server.storage.dir = [/workdir/hadoop-ozone/integration-test/target/test-dir/MiniOzoneClusterImpl-9624e39d-339a-428b-bb52-387f80fe3ded/datanode-6/data/ratis] (custom)
2019-10-12 06:07:51,654 [pool-443-thread-1] INFO  server.RaftServerConfigKeys (ConfUtils.java:logGet(43)) - raft.server.log.corruption.policy = EXCEPTION (default)
2019-10-12 06:07:51,654 [pool-443-thread-1] INFO  storage.RaftStorageDirectory (RaftStorageDirectory.java:analyzeStorage(246)) - The storage directory /workdir/hadoop-ozone/integration-test/target/test-dir/MiniOzoneClusterImpl-9624e39d-339a-428b-bb52-387f80fe3ded/datanode-6/data/ratis/fc5d60e2-4541-4d3e-8024-0df175b9c3ab does not exist. Creating ...
2019-10-12 06:07:51,676 [pool-443-thread-1] INFO  storage.RaftStorageDirectory (RaftStorageDirectory.java:tryLock(328)) - Lock on /workdir/hadoop-ozone/integration-test/target/test-dir/MiniOzoneClusterImpl-9624e39d-339a-428b-bb52-387f80fe3ded/datanode-6/data/ratis/fc5d60e2-4541-4d3e-8024-0df175b9c3ab/in_use.lock acquired by nodename 17323@trunk-nightly-20191012-whclf-1426492793
2019-10-12 06:07:51,759 [pool-443-thread-1] INFO  storage.RaftStorage (RaftStorage.java:format(84)) - Storage directory /workdir/hadoop-ozone/integration-test/target/test-dir/MiniOzoneClusterImpl-9624e39d-339a-428b-bb52-387f80fe3ded/datanode-6/data/ratis/fc5d60e2-4541-4d3e-8024-0df175b9c3ab has been successfully formatted.
2019-10-12 06:07:51,760 [pool-443-thread-1] INFO  ratis.ContainerStateMachine (ContainerStateMachine.java:loadSnapshot(231)) - group-0DF175B9C3AB: The snapshot info is null. Setting the last applied indexto:(t:0, i:~)
2019-10-12 06:07:51,760 [pool-443-thread-1] INFO  server.RaftServerConfigKeys (ConfUtils.java:logGet(43)) - raft.server.notification.no-leader.timeout = 120s (custom)
2019-10-12 06:07:51,760 [pool-443-thread-1] INFO  server.RaftServerConfigKeys (ConfUtils.java:logGet(43)) - raft.server.log.use.memory = false (default)
2019-10-12 06:07:51,760 [pool-443-thread-1] INFO  server.RaftServerConfigKeys (ConfUtils.java:logGet(43)) - raft.server.log.purge.gap = 1000000 (custom)
2019-10-12 06:07:51,761 [pool-443-thread-1] INFO  server.RaftServerConfigKeys (ConfUtils.java:logGet(43)) - raft.server.log.appender.buffer.byte-limit = 33554432 (custom)
2019-10-12 06:07:51,761 [pool-443-thread-1] INFO  server.RaftServerConfigKeys (ConfUtils.java:logGet(43)) - raft.server.log.segment.size.max = 1048576 (custom)
2019-10-12 06:07:51,763 [pool-443-thread-1] INFO  server.RaftServerConfigKeys (ConfUtils.java:logGet(43)) - raft.server.log.segment.cache.num.max = 2 (custom)
2019-10-12 06:07:51,763 [pool-443-thread-1] INFO  segmented.SegmentedRaftLogWorker (SegmentedRaftLogWorker.java:<init>(173)) - new 0e1fe170-d9f8-469b-8a06-cf8ecccb8b0b@group-0DF175B9C3AB-SegmentedRaftLogWorker for RaftStorage:Storage Directory /workdir/hadoop-ozone/integration-test/target/test-dir/MiniOzoneClusterImpl-9624e39d-339a-428b-bb52-387f80fe3ded/datanode-6/data/ratis/fc5d60e2-4541-4d3e-8024-0df175b9c3ab
2019-10-12 06:07:51,763 [pool-443-thread-1] INFO  server.RaftServerConfigKeys (ConfUtils.java:logGet(43)) - raft.server.log.queue.byte-limit = 2147483647 (custom)
2019-10-12 06:07:51,763 [pool-443-thread-1] INFO  server.RaftServerConfigKeys (ConfUtils.java:logGet(43)) - raft.server.log.queue.element-limit = 1024 (custom)
2019-10-12 06:07:51,763 [pool-443-thread-1] INFO  server.RaftServerConfigKeys (ConfUtils.java:logGet(43)) - raft.server.log.segment.size.max = 1048576 (custom)
2019-10-12 06:07:51,763 [pool-443-thread-1] INFO  server.RaftServerConfigKeys (ConfUtils.java:logGet(43)) - raft.server.log.preallocated.size = 16384 (custom)
2019-10-12 06:07:51,763 [pool-443-thread-1] INFO  server.RaftServerConfigKeys (ConfUtils.java:logGet(43)) - raft.server.log.write.buffer.size = 33554432 (custom)
2019-10-12 06:07:51,763 [pool-443-thread-1] INFO  server.RaftServerConfigKeys (ConfUtils.java:logGet(43)) - raft.server.log.force.sync.num = 128 (default)
2019-10-12 06:07:51,763 [pool-443-thread-1] INFO  server.RaftServerConfigKeys (ConfUtils.java:logGet(43)) - raft.server.log.statemachine.data.sync = true (default)
2019-10-12 06:07:51,763 [pool-443-thread-1] INFO  server.RaftServerConfigKeys (ConfUtils.java:logGet(43)) - raft.server.log.statemachine.data.sync.timeout = 10s (default)
2019-10-12 06:07:51,763 [pool-443-thread-1] INFO  server.RaftServerConfigKeys (ConfUtils.java:logGet(43)) - raft.server.log.statemachine.data.sync.timeout.retry = -1 (default)
2019-10-12 06:07:51,764 [pool-443-thread-1] INFO  server.RaftServerConfigKeys (ConfUtils.java:logGet(43)) - raft.server.log.statemachine.data.caching.enabled = true (custom)
2019-10-12 06:07:51,764 [pool-443-thread-1] INFO  segmented.SegmentedRaftLogWorker (SegmentedRaftLogWorker.java:lambda$new$0(128)) - 0e1fe170-d9f8-469b-8a06-cf8ecccb8b0b@group-0DF175B9C3AB-SegmentedRaftLogWorker: flushIndex: setUnconditionally 0 -> -1
2019-10-12 06:07:51,764 [pool-443-thread-1] INFO  server.RaftServerConfigKeys (ConfUtils.java:logGet(43)) - raft.server.snapshot.auto.trigger.enabled = true (custom)
2019-10-12 06:07:51,764 [pool-443-thread-1] INFO  server.RaftServerConfigKeys (ConfUtils.java:logGet(43)) - raft.server.snapshot.auto.trigger.threshold = 10000 (custom)
2019-10-12 06:07:51,765 [pool-443-thread-1] INFO  server.RaftServerConfigKeys (ConfUtils.java:logGet(43)) - raft.server.snapshot.retention.file.num = 5 (custom)
2019-10-12 06:07:51,765 [pool-443-thread-1] INFO  server.RaftServerConfigKeys (ConfUtils.java:logGet(43)) - raft.server.retrycache.expirytime = 600000ms (custom)
2019-10-12 06:07:51,766 [pool-443-thread-1] INFO  impl.RaftServerImpl (RaftServerImpl.java:start(181)) - 0e1fe170-d9f8-469b-8a06-cf8ecccb8b0b@group-0DF175B9C3AB: start as a follower, conf=-1: [0e1fe170-d9f8-469b-8a06-cf8ecccb8b0b:192.168.164.199:37815], old=null
2019-10-12 06:07:51,766 [pool-443-thread-1] INFO  impl.RaftServerImpl (RaftServerImpl.java:setRole(170)) - 0e1fe170-d9f8-469b-8a06-cf8ecccb8b0b@group-0DF175B9C3AB: changes role from      null to FOLLOWER at term 0 for startAsFollower
2019-10-12 06:07:51,766 [pool-443-thread-1] INFO  impl.RoleInfo (RoleInfo.java:updateAndGet(143)) - 0e1fe170-d9f8-469b-8a06-cf8ecccb8b0b: start FollowerState
2019-10-12 06:07:51,767 [pool-443-thread-1] INFO  util.JmxRegister (JmxRegister.java:tryRegister(44)) - Successfully registered JMX Bean with object name Ratis:service=RaftServer,group=group-0DF175B9C3AB,id=0e1fe170-d9f8-469b-8a06-cf8ecccb8b0b
2019-10-12 06:07:51,771 [RatisPipelineUtilsThread] INFO  pipeline.PipelineStateManager (PipelineStateManager.java:addPipeline(56)) - Created pipeline Pipeline[ Id: fc5d60e2-4541-4d3e-8024-0df175b9c3ab, Nodes: 0e1fe170-d9f8-469b-8a06-cf8ecccb8b0b{ip: 192.168.164.199, host: trunk-nightly-20191012-whclf-1426492793, networkLocation: /default-rack, certSerialId: null}, Type:RATIS, Factor:ONE, State:OPEN]
2019-10-12 06:07:51,782 [grpc-default-executor-4] INFO  impl.RaftServerProxy (RaftServerProxy.java:addNew(89)) - bf0294df-29fd-466f-9d35-8ddf7c1a92ac: addNew group-367773B11764:[bf0294df-29fd-466f-9d35-8ddf7c1a92ac:192.168.164.199:44039, 470f79e9-f29d-4e58-b937-995f09fb99f4:192.168.164.199:44327, 273e8682-2aac-43c4-a4bf-5876899d2fb2:192.168.164.199:38250] returns group-367773B11764:java.util.concurrent.CompletableFuture@3e16b73f[Not completed]
2019-10-12 06:07:51,783 [grpc-default-executor-1] INFO  impl.RaftServerProxy (RaftServerProxy.java:addNew(89)) - 273e8682-2aac-43c4-a4bf-5876899d2fb2: addNew group-367773B11764:[bf0294df-29fd-466f-9d35-8ddf7c1a92ac:192.168.164.199:44039, 470f79e9-f29d-4e58-b937-995f09fb99f4:192.168.164.199:44327, 273e8682-2aac-43c4-a4bf-5876899d2fb2:192.168.164.199:38250] returns group-367773B11764:java.util.concurrent.CompletableFuture@2ad1444[Not completed]
2019-10-12 06:07:51,783 [grpc-default-executor-4] INFO  impl.RaftServerProxy (RaftServerProxy.java:addNew(89)) - 470f79e9-f29d-4e58-b937-995f09fb99f4: addNew group-367773B11764:[bf0294df-29fd-466f-9d35-8ddf7c1a92ac:192.168.164.199:44039, 470f79e9-f29d-4e58-b937-995f09fb99f4:192.168.164.199:44327, 273e8682-2aac-43c4-a4bf-5876899d2fb2:192.168.164.199:38250] returns group-367773B11764:java.util.concurrent.CompletableFuture@3498900b[Not completed]
2019-10-12 06:07:51,783 [pool-413-thread-1] INFO  impl.RaftServerImpl (RaftServerImpl.java:<init>(95)) - bf0294df-29fd-466f-9d35-8ddf7c1a92ac: new RaftServerImpl for group-367773B11764:[bf0294df-29fd-466f-9d35-8ddf7c1a92ac:192.168.164.199:44039, 470f79e9-f29d-4e58-b937-995f09fb99f4:192.168.164.199:44327, 273e8682-2aac-43c4-a4bf-5876899d2fb2:192.168.164.199:38250] with ContainerStateMachine:uninitialized
2019-10-12 06:07:51,783 [pool-413-thread-1] INFO  server.RaftServerConfigKeys (ConfUtils.java:logGet(43)) - raft.server.rpc.timeout.min = 5s (custom)
2019-10-12 06:07:51,783 [pool-413-thread-1] INFO  server.RaftServerConfigKeys (ConfUtils.java:logGet(43)) - raft.server.rpc.timeout.max = 5200ms (custom)
2019-10-12 06:07:51,784 [pool-413-thread-1] INFO  server.RaftServerConfigKeys (ConfUtils.java:logGet(43)) - raft.server.rpcslowness.timeout = 120s (custom)
2019-10-12 06:07:51,784 [pool-413-thread-1] INFO  server.RaftServerConfigKeys (ConfUtils.java:logGet(43)) - raft.server.sleep.deviation.threshold = 300 (default)
2019-10-12 06:07:51,784 [pool-413-thread-1] INFO  server.RaftServerConfigKeys (ConfUtils.java:logGet(43)) - raft.server.log.appender.install.snapshot.enabled = false (custom)
2019-10-12 06:07:51,784 [pool-413-thread-1] INFO  impl.RaftServerImpl (ServerState.java:<init>(103)) - bf0294df-29fd-466f-9d35-8ddf7c1a92ac@group-367773B11764: ConfigurationManager, init=-1: [bf0294df-29fd-466f-9d35-8ddf7c1a92ac:192.168.164.199:44039, 470f79e9-f29d-4e58-b937-995f09fb99f4:192.168.164.199:44327, 273e8682-2aac-43c4-a4bf-5876899d2fb2:192.168.164.199:38250], old=null, confs=<EMPTY_MAP>
2019-10-12 06:07:51,784 [pool-413-thread-1] INFO  server.RaftServerConfigKeys (ConfUtils.java:logGet(43)) - raft.server.storage.dir = [/workdir/hadoop-ozone/integration-test/target/test-dir/MiniOzoneClusterImpl-9624e39d-339a-428b-bb52-387f80fe3ded/datanode-3/data/ratis] (custom)
2019-10-12 06:07:51,784 [pool-413-thread-1] INFO  server.RaftServerConfigKeys (ConfUtils.java:logGet(43)) - raft.server.log.corruption.policy = EXCEPTION (default)
2019-10-12 06:07:51,784 [pool-433-thread-1] INFO  impl.RaftServerImpl (RaftServerImpl.java:<init>(95)) - 273e8682-2aac-43c4-a4bf-5876899d2fb2: new RaftServerImpl for group-367773B11764:[bf0294df-29fd-466f-9d35-8ddf7c1a92ac:192.168.164.199:44039, 470f79e9-f29d-4e58-b937-995f09fb99f4:192.168.164.199:44327, 273e8682-2aac-43c4-a4bf-5876899d2fb2:192.168.164.199:38250] with ContainerStateMachine:uninitialized
2019-10-12 06:07:51,784 [pool-413-thread-1] INFO  storage.RaftStorageDirectory (RaftStorageDirectory.java:analyzeStorage(246)) - The storage directory /workdir/hadoop-ozone/integration-test/target/test-dir/MiniOzoneClusterImpl-9624e39d-339a-428b-bb52-387f80fe3ded/datanode-3/data/ratis/6eebe72b-09ec-4f47-a7d8-367773b11764 does not exist. Creating ...
2019-10-12 06:07:51,785 [pool-433-thread-1] INFO  server.RaftServerConfigKeys (ConfUtils.java:logGet(43)) - raft.server.rpc.timeout.min = 5s (custom)
2019-10-12 06:07:51,785 [pool-433-thread-1] INFO  server.RaftServerConfigKeys (ConfUtils.java:logGet(43)) - raft.server.rpc.timeout.max = 5200ms (custom)
2019-10-12 06:07:51,785 [pool-433-thread-1] INFO  server.RaftServerConfigKeys (ConfUtils.java:logGet(43)) - raft.server.rpcslowness.timeout = 120s (custom)
2019-10-12 06:07:51,785 [pool-433-thread-1] INFO  server.RaftServerConfigKeys (ConfUtils.java:logGet(43)) - raft.server.sleep.deviation.threshold = 300 (default)
2019-10-12 06:07:51,785 [pool-383-thread-1] INFO  impl.RaftServerImpl (RaftServerImpl.java:<init>(95)) - 470f79e9-f29d-4e58-b937-995f09fb99f4: new RaftServerImpl for group-367773B11764:[bf0294df-29fd-466f-9d35-8ddf7c1a92ac:192.168.164.199:44039, 470f79e9-f29d-4e58-b937-995f09fb99f4:192.168.164.199:44327, 273e8682-2aac-43c4-a4bf-5876899d2fb2:192.168.164.199:38250] with ContainerStateMachine:uninitialized
2019-10-12 06:07:51,785 [pool-433-thread-1] INFO  server.RaftServerConfigKeys (ConfUtils.java:logGet(43)) - raft.server.log.appender.install.snapshot.enabled = false (custom)
2019-10-12 06:07:51,785 [pool-383-thread-1] INFO  server.RaftServerConfigKeys (ConfUtils.java:logGet(43)) - raft.server.rpc.timeout.min = 5s (custom)
2019-10-12 06:07:51,786 [pool-433-thread-1] INFO  impl.RaftServerImpl (ServerState.java:<init>(103)) - 273e8682-2aac-43c4-a4bf-5876899d2fb2@group-367773B11764: ConfigurationManager, init=-1: [bf0294df-29fd-466f-9d35-8ddf7c1a92ac:192.168.164.199:44039, 470f79e9-f29d-4e58-b937-995f09fb99f4:192.168.164.199:44327, 273e8682-2aac-43c4-a4bf-5876899d2fb2:192.168.164.199:38250], old=null, confs=<EMPTY_MAP>
2019-10-12 06:07:51,786 [pool-383-thread-1] INFO  server.RaftServerConfigKeys (ConfUtils.java:logGet(43)) - raft.server.rpc.timeout.max = 5200ms (custom)
2019-10-12 06:07:51,786 [pool-433-thread-1] INFO  server.RaftServerConfigKeys (ConfUtils.java:logGet(43)) - raft.server.storage.dir = [/workdir/hadoop-ozone/integration-test/target/test-dir/MiniOzoneClusterImpl-9624e39d-339a-428b-bb52-387f80fe3ded/datanode-5/data/ratis] (custom)
2019-10-12 06:07:51,786 [pool-383-thread-1] INFO  server.RaftServerConfigKeys (ConfUtils.java:logGet(43)) - raft.server.rpcslowness.timeout = 120s (custom)
2019-10-12 06:07:51,786 [pool-383-thread-1] INFO  server.RaftServerConfigKeys (ConfUtils.java:logGet(43)) - raft.server.sleep.deviation.threshold = 300 (default)
2019-10-12 06:07:51,786 [pool-433-thread-1] INFO  server.RaftServerConfigKeys (ConfUtils.java:logGet(43)) - raft.server.log.corruption.policy = EXCEPTION (default)
2019-10-12 06:07:51,786 [pool-383-thread-1] INFO  server.RaftServerConfigKeys (ConfUtils.java:logGet(43)) - raft.server.log.appender.install.snapshot.enabled = false (custom)
2019-10-12 06:07:51,786 [pool-433-thread-1] INFO  storage.RaftStorageDirectory (RaftStorageDirectory.java:analyzeStorage(246)) - The storage directory /workdir/hadoop-ozone/integration-test/target/test-dir/MiniOzoneClusterImpl-9624e39d-339a-428b-bb52-387f80fe3ded/datanode-5/data/ratis/6eebe72b-09ec-4f47-a7d8-367773b11764 does not exist. Creating ...
2019-10-12 06:07:51,787 [pool-383-thread-1] INFO  impl.RaftServerImpl (ServerState.java:<init>(103)) - 470f79e9-f29d-4e58-b937-995f09fb99f4@group-367773B11764: ConfigurationManager, init=-1: [bf0294df-29fd-466f-9d35-8ddf7c1a92ac:192.168.164.199:44039, 470f79e9-f29d-4e58-b937-995f09fb99f4:192.168.164.199:44327, 273e8682-2aac-43c4-a4bf-5876899d2fb2:192.168.164.199:38250], old=null, confs=<EMPTY_MAP>
2019-10-12 06:07:51,787 [pool-383-thread-1] INFO  server.RaftServerConfigKeys (ConfUtils.java:logGet(43)) - raft.server.storage.dir = [/workdir/hadoop-ozone/integration-test/target/test-dir/MiniOzoneClusterImpl-9624e39d-339a-428b-bb52-387f80fe3ded/datanode-0/data/ratis] (custom)
2019-10-12 06:07:51,787 [pool-383-thread-1] INFO  server.RaftServerConfigKeys (ConfUtils.java:logGet(43)) - raft.server.log.corruption.policy = EXCEPTION (default)
2019-10-12 06:07:51,787 [pool-383-thread-1] INFO  storage.RaftStorageDirectory (RaftStorageDirectory.java:analyzeStorage(246)) - The storage directory /workdir/hadoop-ozone/integration-test/target/test-dir/MiniOzoneClusterImpl-9624e39d-339a-428b-bb52-387f80fe3ded/datanode-0/data/ratis/6eebe72b-09ec-4f47-a7d8-367773b11764 does not exist. Creating ...
2019-10-12 06:07:51,810 [pool-433-thread-1] INFO  storage.RaftStorageDirectory (RaftStorageDirectory.java:tryLock(328)) - Lock on /workdir/hadoop-ozone/integration-test/target/test-dir/MiniOzoneClusterImpl-9624e39d-339a-428b-bb52-387f80fe3ded/datanode-5/data/ratis/6eebe72b-09ec-4f47-a7d8-367773b11764/in_use.lock acquired by nodename 17323@trunk-nightly-20191012-whclf-1426492793
2019-10-12 06:07:51,810 [pool-383-thread-1] INFO  storage.RaftStorageDirectory (RaftStorageDirectory.java:tryLock(328)) - Lock on /workdir/hadoop-ozone/integration-test/target/test-dir/MiniOzoneClusterImpl-9624e39d-339a-428b-bb52-387f80fe3ded/datanode-0/data/ratis/6eebe72b-09ec-4f47-a7d8-367773b11764/in_use.lock acquired by nodename 17323@trunk-nightly-20191012-whclf-1426492793
2019-10-12 06:07:51,810 [pool-413-thread-1] INFO  storage.RaftStorageDirectory (RaftStorageDirectory.java:tryLock(328)) - Lock on /workdir/hadoop-ozone/integration-test/target/test-dir/MiniOzoneClusterImpl-9624e39d-339a-428b-bb52-387f80fe3ded/datanode-3/data/ratis/6eebe72b-09ec-4f47-a7d8-367773b11764/in_use.lock acquired by nodename 17323@trunk-nightly-20191012-whclf-1426492793
2019-10-12 06:07:51,835 [pool-383-thread-1] INFO  storage.RaftStorage (RaftStorage.java:format(84)) - Storage directory /workdir/hadoop-ozone/integration-test/target/test-dir/MiniOzoneClusterImpl-9624e39d-339a-428b-bb52-387f80fe3ded/datanode-0/data/ratis/6eebe72b-09ec-4f47-a7d8-367773b11764 has been successfully formatted.
2019-10-12 06:07:51,835 [pool-413-thread-1] INFO  storage.RaftStorage (RaftStorage.java:format(84)) - Storage directory /workdir/hadoop-ozone/integration-test/target/test-dir/MiniOzoneClusterImpl-9624e39d-339a-428b-bb52-387f80fe3ded/datanode-3/data/ratis/6eebe72b-09ec-4f47-a7d8-367773b11764 has been successfully formatted.
2019-10-12 06:07:51,836 [pool-383-thread-1] INFO  ratis.ContainerStateMachine (ContainerStateMachine.java:loadSnapshot(231)) - group-367773B11764: The snapshot info is null. Setting the last applied indexto:(t:0, i:~)
2019-10-12 06:07:51,835 [pool-433-thread-1] INFO  storage.RaftStorage (RaftStorage.java:format(84)) - Storage directory /workdir/hadoop-ozone/integration-test/target/test-dir/MiniOzoneClusterImpl-9624e39d-339a-428b-bb52-387f80fe3ded/datanode-5/data/ratis/6eebe72b-09ec-4f47-a7d8-367773b11764 has been successfully formatted.
2019-10-12 06:07:51,836 [pool-413-thread-1] INFO  ratis.ContainerStateMachine (ContainerStateMachine.java:loadSnapshot(231)) - group-367773B11764: The snapshot info is null. Setting the last applied indexto:(t:0, i:~)
2019-10-12 06:07:51,836 [pool-433-thread-1] INFO  ratis.ContainerStateMachine (ContainerStateMachine.java:loadSnapshot(231)) - group-367773B11764: The snapshot info is null. Setting the last applied indexto:(t:0, i:~)
2019-10-12 06:07:51,836 [pool-383-thread-1] INFO  server.RaftServerConfigKeys (ConfUtils.java:logGet(43)) - raft.server.notification.no-leader.timeout = 120s (custom)
2019-10-12 06:07:51,836 [pool-433-thread-1] INFO  server.RaftServerConfigKeys (ConfUtils.java:logGet(43)) - raft.server.notification.no-leader.timeout = 120s (custom)
2019-10-12 06:07:51,836 [pool-413-thread-1] INFO  server.RaftServerConfigKeys (ConfUtils.java:logGet(43)) - raft.server.notification.no-leader.timeout = 120s (custom)
2019-10-12 06:07:51,837 [pool-433-thread-1] INFO  server.RaftServerConfigKeys (ConfUtils.java:logGet(43)) - raft.server.log.use.memory = false (default)
2019-10-12 06:07:51,836 [pool-383-thread-1] INFO  server.RaftServerConfigKeys (ConfUtils.java:logGet(43)) - raft.server.log.use.memory = false (default)
2019-10-12 06:07:51,837 [pool-433-thread-1] INFO  server.RaftServerConfigKeys (ConfUtils.java:logGet(43)) - raft.server.log.purge.gap = 1000000 (custom)
2019-10-12 06:07:51,837 [pool-413-thread-1] INFO  server.RaftServerConfigKeys (ConfUtils.java:logGet(43)) - raft.server.log.use.memory = false (default)
2019-10-12 06:07:51,837 [pool-433-thread-1] INFO  server.RaftServerConfigKeys (ConfUtils.java:logGet(43)) - raft.server.log.appender.buffer.byte-limit = 33554432 (custom)
2019-10-12 06:07:51,837 [pool-383-thread-1] INFO  server.RaftServerConfigKeys (ConfUtils.java:logGet(43)) - raft.server.log.purge.gap = 1000000 (custom)
2019-10-12 06:07:51,837 [pool-433-thread-1] INFO  server.RaftServerConfigKeys (ConfUtils.java:logGet(43)) - raft.server.log.segment.size.max = 1048576 (custom)
2019-10-12 06:07:51,837 [pool-413-thread-1] INFO  server.RaftServerConfigKeys (ConfUtils.java:logGet(43)) - raft.server.log.purge.gap = 1000000 (custom)
2019-10-12 06:07:51,838 [pool-433-thread-1] INFO  server.RaftServerConfigKeys (ConfUtils.java:logGet(43)) - raft.server.log.segment.cache.num.max = 2 (custom)
2019-10-12 06:07:51,837 [pool-383-thread-1] INFO  server.RaftServerConfigKeys (ConfUtils.java:logGet(43)) - raft.server.log.appender.buffer.byte-limit = 33554432 (custom)
2019-10-12 06:07:51,838 [pool-433-thread-1] INFO  segmented.SegmentedRaftLogWorker (SegmentedRaftLogWorker.java:<init>(173)) - new 273e8682-2aac-43c4-a4bf-5876899d2fb2@group-367773B11764-SegmentedRaftLogWorker for RaftStorage:Storage Directory /workdir/hadoop-ozone/integration-test/target/test-dir/MiniOzoneClusterImpl-9624e39d-339a-428b-bb52-387f80fe3ded/datanode-5/data/ratis/6eebe72b-09ec-4f47-a7d8-367773b11764
2019-10-12 06:07:51,838 [pool-413-thread-1] INFO  server.RaftServerConfigKeys (ConfUtils.java:logGet(43)) - raft.server.log.appender.buffer.byte-limit = 33554432 (custom)
2019-10-12 06:07:51,838 [pool-433-thread-1] INFO  server.RaftServerConfigKeys (ConfUtils.java:logGet(43)) - raft.server.log.queue.byte-limit = 2147483647 (custom)
2019-10-12 06:07:51,838 [pool-383-thread-1] INFO  server.RaftServerConfigKeys (ConfUtils.java:logGet(43)) - raft.server.log.segment.size.max = 1048576 (custom)
2019-10-12 06:07:51,838 [pool-433-thread-1] INFO  server.RaftServerConfigKeys (ConfUtils.java:logGet(43)) - raft.server.log.queue.element-limit = 1024 (custom)
2019-10-12 06:07:51,838 [pool-413-thread-1] INFO  server.RaftServerConfigKeys (ConfUtils.java:logGet(43)) - raft.server.log.segment.size.max = 1048576 (custom)
2019-10-12 06:07:51,839 [pool-433-thread-1] INFO  server.RaftServerConfigKeys (ConfUtils.java:logGet(43)) - raft.server.log.segment.size.max = 1048576 (custom)
2019-10-12 06:07:51,839 [pool-383-thread-1] INFO  server.RaftServerConfigKeys (ConfUtils.java:logGet(43)) - raft.server.log.segment.cache.num.max = 2 (custom)
2019-10-12 06:07:51,839 [pool-433-thread-1] INFO  server.RaftServerConfigKeys (ConfUtils.java:logGet(43)) - raft.server.log.preallocated.size = 16384 (custom)
2019-10-12 06:07:51,839 [pool-413-thread-1] INFO  server.RaftServerConfigKeys (ConfUtils.java:logGet(43)) - raft.server.log.segment.cache.num.max = 2 (custom)
2019-10-12 06:07:51,839 [pool-433-thread-1] INFO  server.RaftServerConfigKeys (ConfUtils.java:logGet(43)) - raft.server.log.write.buffer.size = 33554432 (custom)
2019-10-12 06:07:51,839 [pool-383-thread-1] INFO  segmented.SegmentedRaftLogWorker (SegmentedRaftLogWorker.java:<init>(173)) - new 470f79e9-f29d-4e58-b937-995f09fb99f4@group-367773B11764-SegmentedRaftLogWorker for RaftStorage:Storage Directory /workdir/hadoop-ozone/integration-test/target/test-dir/MiniOzoneClusterImpl-9624e39d-339a-428b-bb52-387f80fe3ded/datanode-0/data/ratis/6eebe72b-09ec-4f47-a7d8-367773b11764
2019-10-12 06:07:51,840 [pool-433-thread-1] INFO  server.RaftServerConfigKeys (ConfUtils.java:logGet(43)) - raft.server.log.force.sync.num = 128 (default)
2019-10-12 06:07:51,839 [pool-413-thread-1] INFO  segmented.SegmentedRaftLogWorker (SegmentedRaftLogWorker.java:<init>(173)) - new bf0294df-29fd-466f-9d35-8ddf7c1a92ac@group-367773B11764-SegmentedRaftLogWorker for RaftStorage:Storage Directory /workdir/hadoop-ozone/integration-test/target/test-dir/MiniOzoneClusterImpl-9624e39d-339a-428b-bb52-387f80fe3ded/datanode-3/data/ratis/6eebe72b-09ec-4f47-a7d8-367773b11764
2019-10-12 06:07:51,840 [pool-433-thread-1] INFO  server.RaftServerConfigKeys (ConfUtils.java:logGet(43)) - raft.server.log.statemachine.data.sync = true (default)
2019-10-12 06:07:51,840 [pool-383-thread-1] INFO  server.RaftServerConfigKeys (ConfUtils.java:logGet(43)) - raft.server.log.queue.byte-limit = 2147483647 (custom)
2019-10-12 06:07:51,840 [pool-433-thread-1] INFO  server.RaftServerConfigKeys (ConfUtils.java:logGet(43)) - raft.server.log.statemachine.data.sync.timeout = 10s (default)
2019-10-12 06:07:51,840 [pool-413-thread-1] INFO  server.RaftServerConfigKeys (ConfUtils.java:logGet(43)) - raft.server.log.queue.byte-limit = 2147483647 (custom)
2019-10-12 06:07:51,840 [pool-433-thread-1] INFO  server.RaftServerConfigKeys (ConfUtils.java:logGet(43)) - raft.server.log.statemachine.data.sync.timeout.retry = -1 (default)
2019-10-12 06:07:51,840 [pool-383-thread-1] INFO  server.RaftServerConfigKeys (ConfUtils.java:logGet(43)) - raft.server.log.queue.element-limit = 1024 (custom)
2019-10-12 06:07:51,841 [pool-433-thread-1] INFO  server.RaftServerConfigKeys (ConfUtils.java:logGet(43)) - raft.server.log.statemachine.data.caching.enabled = true (custom)
2019-10-12 06:07:51,840 [pool-413-thread-1] INFO  server.RaftServerConfigKeys (ConfUtils.java:logGet(43)) - raft.server.log.queue.element-limit = 1024 (custom)
2019-10-12 06:07:51,841 [pool-383-thread-1] INFO  server.RaftServerConfigKeys (ConfUtils.java:logGet(43)) - raft.server.log.segment.size.max = 1048576 (custom)
2019-10-12 06:07:51,841 [pool-433-thread-1] INFO  segmented.SegmentedRaftLogWorker (SegmentedRaftLogWorker.java:lambda$new$0(128)) - 273e8682-2aac-43c4-a4bf-5876899d2fb2@group-367773B11764-SegmentedRaftLogWorker: flushIndex: setUnconditionally 0 -> -1
2019-10-12 06:07:51,841 [pool-413-thread-1] INFO  server.RaftServerConfigKeys (ConfUtils.java:logGet(43)) - raft.server.log.segment.size.max = 1048576 (custom)
2019-10-12 06:07:51,841 [pool-383-thread-1] INFO  server.RaftServerConfigKeys (ConfUtils.java:logGet(43)) - raft.server.log.preallocated.size = 16384 (custom)
2019-10-12 06:07:51,842 [pool-433-thread-1] INFO  server.RaftServerConfigKeys (ConfUtils.java:logGet(43)) - raft.server.snapshot.auto.trigger.enabled = true (custom)
2019-10-12 06:07:51,842 [pool-413-thread-1] INFO  server.RaftServerConfigKeys (ConfUtils.java:logGet(43)) - raft.server.log.preallocated.size = 16384 (custom)
2019-10-12 06:07:51,842 [pool-433-thread-1] INFO  server.RaftServerConfigKeys (ConfUtils.java:logGet(43)) - raft.server.snapshot.auto.trigger.threshold = 10000 (custom)
2019-10-12 06:07:51,842 [pool-383-thread-1] INFO  server.RaftServerConfigKeys (ConfUtils.java:logGet(43)) - raft.server.log.write.buffer.size = 33554432 (custom)
2019-10-12 06:07:51,842 [pool-433-thread-1] INFO  server.RaftServerConfigKeys (ConfUtils.java:logGet(43)) - raft.server.snapshot.retention.file.num = 5 (custom)
2019-10-12 06:07:51,842 [pool-413-thread-1] INFO  server.RaftServerConfigKeys (ConfUtils.java:logGet(43)) - raft.server.log.write.buffer.size = 33554432 (custom)
2019-10-12 06:07:51,843 [pool-433-thread-1] INFO  server.RaftServerConfigKeys (ConfUtils.java:logGet(43)) - raft.server.retrycache.expirytime = 600000ms (custom)
2019-10-12 06:07:51,842 [pool-383-thread-1] INFO  server.RaftServerConfigKeys (ConfUtils.java:logGet(43)) - raft.server.log.force.sync.num = 128 (default)
2019-10-12 06:07:51,843 [pool-413-thread-1] INFO  server.RaftServerConfigKeys (ConfUtils.java:logGet(43)) - raft.server.log.force.sync.num = 128 (default)
2019-10-12 06:07:51,843 [pool-383-thread-1] INFO  server.RaftServerConfigKeys (ConfUtils.java:logGet(43)) - raft.server.log.statemachine.data.sync = true (default)
2019-10-12 06:07:51,843 [pool-413-thread-1] INFO  server.RaftServerConfigKeys (ConfUtils.java:logGet(43)) - raft.server.log.statemachine.data.sync = true (default)
2019-10-12 06:07:51,843 [pool-383-thread-1] INFO  server.RaftServerConfigKeys (ConfUtils.java:logGet(43)) - raft.server.log.statemachine.data.sync.timeout = 10s (default)
2019-10-12 06:07:51,843 [pool-413-thread-1] INFO  server.RaftServerConfigKeys (ConfUtils.java:logGet(43)) - raft.server.log.statemachine.data.sync.timeout = 10s (default)
2019-10-12 06:07:51,844 [pool-383-thread-1] INFO  server.RaftServerConfigKeys (ConfUtils.java:logGet(43)) - raft.server.log.statemachine.data.sync.timeout.retry = -1 (default)
2019-10-12 06:07:51,844 [pool-413-thread-1] INFO  server.RaftServerConfigKeys (ConfUtils.java:logGet(43)) - raft.server.log.statemachine.data.sync.timeout.retry = -1 (default)
2019-10-12 06:07:51,844 [pool-383-thread-1] INFO  server.RaftServerConfigKeys (ConfUtils.java:logGet(43)) - raft.server.log.statemachine.data.caching.enabled = true (custom)
2019-10-12 06:07:51,844 [pool-413-thread-1] INFO  server.RaftServerConfigKeys (ConfUtils.java:logGet(43)) - raft.server.log.statemachine.data.caching.enabled = true (custom)
2019-10-12 06:07:51,844 [pool-383-thread-1] INFO  segmented.SegmentedRaftLogWorker (SegmentedRaftLogWorker.java:lambda$new$0(128)) - 470f79e9-f29d-4e58-b937-995f09fb99f4@group-367773B11764-SegmentedRaftLogWorker: flushIndex: setUnconditionally 0 -> -1
2019-10-12 06:07:51,844 [pool-413-thread-1] INFO  segmented.SegmentedRaftLogWorker (SegmentedRaftLogWorker.java:lambda$new$0(128)) - bf0294df-29fd-466f-9d35-8ddf7c1a92ac@group-367773B11764-SegmentedRaftLogWorker: flushIndex: setUnconditionally 0 -> -1
2019-10-12 06:07:51,845 [pool-433-thread-1] INFO  impl.RaftServerImpl (RaftServerImpl.java:start(181)) - 273e8682-2aac-43c4-a4bf-5876899d2fb2@group-367773B11764: start as a follower, conf=-1: [bf0294df-29fd-466f-9d35-8ddf7c1a92ac:192.168.164.199:44039, 470f79e9-f29d-4e58-b937-995f09fb99f4:192.168.164.199:44327, 273e8682-2aac-43c4-a4bf-5876899d2fb2:192.168.164.199:38250], old=null
2019-10-12 06:07:51,845 [pool-383-thread-1] INFO  server.RaftServerConfigKeys (ConfUtils.java:logGet(43)) - raft.server.snapshot.auto.trigger.enabled = true (custom)
2019-10-12 06:07:51,845 [pool-413-thread-1] INFO  server.RaftServerConfigKeys (ConfUtils.java:logGet(43)) - raft.server.snapshot.auto.trigger.enabled = true (custom)
2019-10-12 06:07:51,845 [pool-433-thread-1] INFO  impl.RaftServerImpl (RaftServerImpl.java:setRole(170)) - 273e8682-2aac-43c4-a4bf-5876899d2fb2@group-367773B11764: changes role from      null to FOLLOWER at term 0 for startAsFollower
2019-10-12 06:07:51,845 [pool-413-thread-1] INFO  server.RaftServerConfigKeys (ConfUtils.java:logGet(43)) - raft.server.snapshot.auto.trigger.threshold = 10000 (custom)
2019-10-12 06:07:51,845 [pool-383-thread-1] INFO  server.RaftServerConfigKeys (ConfUtils.java:logGet(43)) - raft.server.snapshot.auto.trigger.threshold = 10000 (custom)
2019-10-12 06:07:51,845 [pool-413-thread-1] INFO  server.RaftServerConfigKeys (ConfUtils.java:logGet(43)) - raft.server.snapshot.retention.file.num = 5 (custom)
2019-10-12 06:07:51,845 [pool-433-thread-1] INFO  impl.RoleInfo (RoleInfo.java:updateAndGet(143)) - 273e8682-2aac-43c4-a4bf-5876899d2fb2: start FollowerState
2019-10-12 06:07:51,846 [pool-413-thread-1] INFO  server.RaftServerConfigKeys (ConfUtils.java:logGet(43)) - raft.server.retrycache.expirytime = 600000ms (custom)
2019-10-12 06:07:51,846 [pool-383-thread-1] INFO  server.RaftServerConfigKeys (ConfUtils.java:logGet(43)) - raft.server.snapshot.retention.file.num = 5 (custom)
2019-10-12 06:07:51,846 [pool-433-thread-1] INFO  util.JmxRegister (JmxRegister.java:tryRegister(44)) - Successfully registered JMX Bean with object name Ratis:service=RaftServer,group=group-367773B11764,id=273e8682-2aac-43c4-a4bf-5876899d2fb2
2019-10-12 06:07:51,846 [pool-383-thread-1] INFO  server.RaftServerConfigKeys (ConfUtils.java:logGet(43)) - raft.server.retrycache.expirytime = 600000ms (custom)
2019-10-12 06:07:51,850 [pool-413-thread-1] INFO  impl.RaftServerImpl (RaftServerImpl.java:start(181)) - bf0294df-29fd-466f-9d35-8ddf7c1a92ac@group-367773B11764: start as a follower, conf=-1: [bf0294df-29fd-466f-9d35-8ddf7c1a92ac:192.168.164.199:44039, 470f79e9-f29d-4e58-b937-995f09fb99f4:192.168.164.199:44327, 273e8682-2aac-43c4-a4bf-5876899d2fb2:192.168.164.199:38250], old=null
2019-10-12 06:07:51,850 [pool-413-thread-1] INFO  impl.RaftServerImpl (RaftServerImpl.java:setRole(170)) - bf0294df-29fd-466f-9d35-8ddf7c1a92ac@group-367773B11764: changes role from      null to FOLLOWER at term 0 for startAsFollower
2019-10-12 06:07:51,850 [pool-413-thread-1] INFO  impl.RoleInfo (RoleInfo.java:updateAndGet(143)) - bf0294df-29fd-466f-9d35-8ddf7c1a92ac: start FollowerState
2019-10-12 06:07:51,850 [pool-383-thread-1] INFO  impl.RaftServerImpl (RaftServerImpl.java:start(181)) - 470f79e9-f29d-4e58-b937-995f09fb99f4@group-367773B11764: start as a follower, conf=-1: [bf0294df-29fd-466f-9d35-8ddf7c1a92ac:192.168.164.199:44039, 470f79e9-f29d-4e58-b937-995f09fb99f4:192.168.164.199:44327, 273e8682-2aac-43c4-a4bf-5876899d2fb2:192.168.164.199:38250], old=null
2019-10-12 06:07:51,850 [pool-383-thread-1] INFO  impl.RaftServerImpl (RaftServerImpl.java:setRole(170)) - 470f79e9-f29d-4e58-b937-995f09fb99f4@group-367773B11764: changes role from      null to FOLLOWER at term 0 for startAsFollower
2019-10-12 06:07:51,850 [pool-413-thread-1] INFO  util.JmxRegister (JmxRegister.java:tryRegister(44)) - Successfully registered JMX Bean with object name Ratis:service=RaftServer,group=group-367773B11764,id=bf0294df-29fd-466f-9d35-8ddf7c1a92ac
2019-10-12 06:07:51,850 [pool-383-thread-1] INFO  impl.RoleInfo (RoleInfo.java:updateAndGet(143)) - 470f79e9-f29d-4e58-b937-995f09fb99f4: start FollowerState
2019-10-12 06:07:51,851 [pool-383-thread-1] INFO  util.JmxRegister (JmxRegister.java:tryRegister(44)) - Successfully registered JMX Bean with object name Ratis:service=RaftServer,group=group-367773B11764,id=470f79e9-f29d-4e58-b937-995f09fb99f4
2019-10-12 06:07:51,857 [RatisPipelineUtilsThread] INFO  pipeline.PipelineStateManager (PipelineStateManager.java:addPipeline(56)) - Created pipeline Pipeline[ Id: 6eebe72b-09ec-4f47-a7d8-367773b11764, Nodes: 273e8682-2aac-43c4-a4bf-5876899d2fb2{ip: 192.168.164.199, host: trunk-nightly-20191012-whclf-1426492793, networkLocation: /default-rack, certSerialId: null}bf0294df-29fd-466f-9d35-8ddf7c1a92ac{ip: 192.168.164.199, host: trunk-nightly-20191012-whclf-1426492793, networkLocation: /default-rack, certSerialId: null}470f79e9-f29d-4e58-b937-995f09fb99f4{ip: 192.168.164.199, host: trunk-nightly-20191012-whclf-1426492793, networkLocation: /default-rack, certSerialId: null}, Type:RATIS, Factor:THREE, State:OPEN]
2019-10-12 06:07:51,870 [grpc-default-executor-5] INFO  impl.RaftServerProxy (RaftServerProxy.java:addNew(89)) - d4ad8180-4284-42ba-a8fc-dc1b61d04970: addNew group-3C567AC9281D:[2ebb7635-daab-435f-9a19-1869a63f325d:192.168.164.199:35867, d4ad8180-4284-42ba-a8fc-dc1b61d04970:192.168.164.199:41831, 0e1fe170-d9f8-469b-8a06-cf8ecccb8b0b:192.168.164.199:37815] returns group-3C567AC9281D:java.util.concurrent.CompletableFuture@5f9de324[Not completed]
2019-10-12 06:07:51,870 [grpc-default-executor-1] INFO  impl.RaftServerProxy (RaftServerProxy.java:addNew(89)) - 0e1fe170-d9f8-469b-8a06-cf8ecccb8b0b: addNew group-3C567AC9281D:[2ebb7635-daab-435f-9a19-1869a63f325d:192.168.164.199:35867, d4ad8180-4284-42ba-a8fc-dc1b61d04970:192.168.164.199:41831, 0e1fe170-d9f8-469b-8a06-cf8ecccb8b0b:192.168.164.199:37815] returns group-3C567AC9281D:java.util.concurrent.CompletableFuture@5d31a8e[Not completed]
2019-10-12 06:07:51,873 [grpc-default-executor-4] INFO  impl.RaftServerProxy (RaftServerProxy.java:addNew(89)) - 2ebb7635-daab-435f-9a19-1869a63f325d: addNew group-3C567AC9281D:[2ebb7635-daab-435f-9a19-1869a63f325d:192.168.164.199:35867, d4ad8180-4284-42ba-a8fc-dc1b61d04970:192.168.164.199:41831, 0e1fe170-d9f8-469b-8a06-cf8ecccb8b0b:192.168.164.199:37815] returns group-3C567AC9281D:java.util.concurrent.CompletableFuture@306077e2[Not completed]
2019-10-12 06:07:51,874 [pool-393-thread-1] INFO  impl.RaftServerImpl (RaftServerImpl.java:<init>(95)) - d4ad8180-4284-42ba-a8fc-dc1b61d04970: new RaftServerImpl for group-3C567AC9281D:[2ebb7635-daab-435f-9a19-1869a63f325d:192.168.164.199:35867, d4ad8180-4284-42ba-a8fc-dc1b61d04970:192.168.164.199:41831, 0e1fe170-d9f8-469b-8a06-cf8ecccb8b0b:192.168.164.199:37815] with ContainerStateMachine:uninitialized
2019-10-12 06:07:51,874 [pool-393-thread-1] INFO  server.RaftServerConfigKeys (ConfUtils.java:logGet(43)) - raft.server.rpc.timeout.min = 5s (custom)
2019-10-12 06:07:51,874 [pool-393-thread-1] INFO  server.RaftServerConfigKeys (ConfUtils.java:logGet(43)) - raft.server.rpc.timeout.max = 5200ms (custom)
2019-10-12 06:07:51,874 [pool-393-thread-1] INFO  server.RaftServerConfigKeys (ConfUtils.java:logGet(43)) - raft.server.rpcslowness.timeout = 120s (custom)
2019-10-12 06:07:51,874 [pool-393-thread-1] INFO  server.RaftServerConfigKeys (ConfUtils.java:logGet(43)) - raft.server.sleep.deviation.threshold = 300 (default)
2019-10-12 06:07:51,874 [pool-393-thread-1] INFO  server.RaftServerConfigKeys (ConfUtils.java:logGet(43)) - raft.server.log.appender.install.snapshot.enabled = false (custom)
2019-10-12 06:07:51,874 [pool-423-thread-1] INFO  impl.RaftServerImpl (RaftServerImpl.java:<init>(95)) - 2ebb7635-daab-435f-9a19-1869a63f325d: new RaftServerImpl for group-3C567AC9281D:[2ebb7635-daab-435f-9a19-1869a63f325d:192.168.164.199:35867, d4ad8180-4284-42ba-a8fc-dc1b61d04970:192.168.164.199:41831, 0e1fe170-d9f8-469b-8a06-cf8ecccb8b0b:192.168.164.199:37815] with ContainerStateMachine:uninitialized
2019-10-12 06:07:51,875 [pool-393-thread-1] INFO  impl.RaftServerImpl (ServerState.java:<init>(103)) - d4ad8180-4284-42ba-a8fc-dc1b61d04970@group-3C567AC9281D: ConfigurationManager, init=-1: [2ebb7635-daab-435f-9a19-1869a63f325d:192.168.164.199:35867, d4ad8180-4284-42ba-a8fc-dc1b61d04970:192.168.164.199:41831, 0e1fe170-d9f8-469b-8a06-cf8ecccb8b0b:192.168.164.199:37815], old=null, confs=<EMPTY_MAP>
2019-10-12 06:07:51,875 [pool-423-thread-1] INFO  server.RaftServerConfigKeys (ConfUtils.java:logGet(43)) - raft.server.rpc.timeout.min = 5s (custom)
2019-10-12 06:07:51,875 [pool-393-thread-1] INFO  server.RaftServerConfigKeys (ConfUtils.java:logGet(43)) - raft.server.storage.dir = [/workdir/hadoop-ozone/integration-test/target/test-dir/MiniOzoneClusterImpl-9624e39d-339a-428b-bb52-387f80fe3ded/datanode-1/data/ratis] (custom)
2019-10-12 06:07:51,875 [pool-423-thread-1] INFO  server.RaftServerConfigKeys (ConfUtils.java:logGet(43)) - raft.server.rpc.timeout.max = 5200ms (custom)
2019-10-12 06:07:51,875 [pool-423-thread-1] INFO  server.RaftServerConfigKeys (ConfUtils.java:logGet(43)) - raft.server.rpcslowness.timeout = 120s (custom)
2019-10-12 06:07:51,875 [pool-393-thread-1] INFO  server.RaftServerConfigKeys (ConfUtils.java:logGet(43)) - raft.server.log.corruption.policy = EXCEPTION (default)
2019-10-12 06:07:51,875 [pool-443-thread-1] INFO  impl.RaftServerImpl (RaftServerImpl.java:<init>(95)) - 0e1fe170-d9f8-469b-8a06-cf8ecccb8b0b: new RaftServerImpl for group-3C567AC9281D:[2ebb7635-daab-435f-9a19-1869a63f325d:192.168.164.199:35867, d4ad8180-4284-42ba-a8fc-dc1b61d04970:192.168.164.199:41831, 0e1fe170-d9f8-469b-8a06-cf8ecccb8b0b:192.168.164.199:37815] with ContainerStateMachine:uninitialized
2019-10-12 06:07:51,875 [pool-423-thread-1] INFO  server.RaftServerConfigKeys (ConfUtils.java:logGet(43)) - raft.server.sleep.deviation.threshold = 300 (default)
2019-10-12 06:07:51,875 [pool-443-thread-1] INFO  server.RaftServerConfigKeys (ConfUtils.java:logGet(43)) - raft.server.rpc.timeout.min = 5s (custom)
2019-10-12 06:07:51,875 [pool-393-thread-1] INFO  storage.RaftStorageDirectory (RaftStorageDirectory.java:analyzeStorage(246)) - The storage directory /workdir/hadoop-ozone/integration-test/target/test-dir/MiniOzoneClusterImpl-9624e39d-339a-428b-bb52-387f80fe3ded/datanode-1/data/ratis/d72c0a36-3fec-4d8c-9fb8-3c567ac9281d does not exist. Creating ...
2019-10-12 06:07:51,876 [pool-443-thread-1] INFO  server.RaftServerConfigKeys (ConfUtils.java:logGet(43)) - raft.server.rpc.timeout.max = 5200ms (custom)
2019-10-12 06:07:51,875 [pool-423-thread-1] INFO  server.RaftServerConfigKeys (ConfUtils.java:logGet(43)) - raft.server.log.appender.install.snapshot.enabled = false (custom)
2019-10-12 06:07:51,876 [pool-443-thread-1] INFO  server.RaftServerConfigKeys (ConfUtils.java:logGet(43)) - raft.server.rpcslowness.timeout = 120s (custom)
2019-10-12 06:07:51,876 [pool-423-thread-1] INFO  impl.RaftServerImpl (ServerState.java:<init>(103)) - 2ebb7635-daab-435f-9a19-1869a63f325d@group-3C567AC9281D: ConfigurationManager, init=-1: [2ebb7635-daab-435f-9a19-1869a63f325d:192.168.164.199:35867, d4ad8180-4284-42ba-a8fc-dc1b61d04970:192.168.164.199:41831, 0e1fe170-d9f8-469b-8a06-cf8ecccb8b0b:192.168.164.199:37815], old=null, confs=<EMPTY_MAP>
2019-10-12 06:07:51,876 [pool-443-thread-1] INFO  server.RaftServerConfigKeys (ConfUtils.java:logGet(43)) - raft.server.sleep.deviation.threshold = 300 (default)
2019-10-12 06:07:51,876 [pool-423-thread-1] INFO  server.RaftServerConfigKeys (ConfUtils.java:logGet(43)) - raft.server.storage.dir = [/workdir/hadoop-ozone/integration-test/target/test-dir/MiniOzoneClusterImpl-9624e39d-339a-428b-bb52-387f80fe3ded/datanode-4/data/ratis] (custom)
2019-10-12 06:07:51,876 [pool-443-thread-1] INFO  server.RaftServerConfigKeys (ConfUtils.java:logGet(43)) - raft.server.log.appender.install.snapshot.enabled = false (custom)
2019-10-12 06:07:51,876 [pool-443-thread-1] INFO  impl.RaftServerImpl (ServerState.java:<init>(103)) - 0e1fe170-d9f8-469b-8a06-cf8ecccb8b0b@group-3C567AC9281D: ConfigurationManager, init=-1: [2ebb7635-daab-435f-9a19-1869a63f325d:192.168.164.199:35867, d4ad8180-4284-42ba-a8fc-dc1b61d04970:192.168.164.199:41831, 0e1fe170-d9f8-469b-8a06-cf8ecccb8b0b:192.168.164.199:37815], old=null, confs=<EMPTY_MAP>
2019-10-12 06:07:51,876 [pool-423-thread-1] INFO  server.RaftServerConfigKeys (ConfUtils.java:logGet(43)) - raft.server.log.corruption.policy = EXCEPTION (default)
2019-10-12 06:07:51,876 [pool-443-thread-1] INFO  server.RaftServerConfigKeys (ConfUtils.java:logGet(43)) - raft.server.storage.dir = [/workdir/hadoop-ozone/integration-test/target/test-dir/MiniOzoneClusterImpl-9624e39d-339a-428b-bb52-387f80fe3ded/datanode-6/data/ratis] (custom)
2019-10-12 06:07:51,877 [pool-423-thread-1] INFO  storage.RaftStorageDirectory (RaftStorageDirectory.java:analyzeStorage(246)) - The storage directory /workdir/hadoop-ozone/integration-test/target/test-dir/MiniOzoneClusterImpl-9624e39d-339a-428b-bb52-387f80fe3ded/datanode-4/data/ratis/d72c0a36-3fec-4d8c-9fb8-3c567ac9281d does not exist. Creating ...
2019-10-12 06:07:51,877 [pool-443-thread-1] INFO  server.RaftServerConfigKeys (ConfUtils.java:logGet(43)) - raft.server.log.corruption.policy = EXCEPTION (default)
2019-10-12 06:07:51,877 [pool-443-thread-1] INFO  storage.RaftStorageDirectory (RaftStorageDirectory.java:analyzeStorage(246)) - The storage directory /workdir/hadoop-ozone/integration-test/target/test-dir/MiniOzoneClusterImpl-9624e39d-339a-428b-bb52-387f80fe3ded/datanode-6/data/ratis/d72c0a36-3fec-4d8c-9fb8-3c567ac9281d does not exist. Creating ...
2019-10-12 06:07:51,903 [pool-443-thread-1] INFO  storage.RaftStorageDirectory (RaftStorageDirectory.java:tryLock(328)) - Lock on /workdir/hadoop-ozone/integration-test/target/test-dir/MiniOzoneClusterImpl-9624e39d-339a-428b-bb52-387f80fe3ded/datanode-6/data/ratis/d72c0a36-3fec-4d8c-9fb8-3c567ac9281d/in_use.lock acquired by nodename 17323@trunk-nightly-20191012-whclf-1426492793
2019-10-12 06:07:51,903 [pool-393-thread-1] INFO  storage.RaftStorageDirectory (RaftStorageDirectory.java:tryLock(328)) - Lock on /workdir/hadoop-ozone/integration-test/target/test-dir/MiniOzoneClusterImpl-9624e39d-339a-428b-bb52-387f80fe3ded/datanode-1/data/ratis/d72c0a36-3fec-4d8c-9fb8-3c567ac9281d/in_use.lock acquired by nodename 17323@trunk-nightly-20191012-whclf-1426492793
2019-10-12 06:07:51,903 [pool-423-thread-1] INFO  storage.RaftStorageDirectory (RaftStorageDirectory.java:tryLock(328)) - Lock on /workdir/hadoop-ozone/integration-test/target/test-dir/MiniOzoneClusterImpl-9624e39d-339a-428b-bb52-387f80fe3ded/datanode-4/data/ratis/d72c0a36-3fec-4d8c-9fb8-3c567ac9281d/in_use.lock acquired by nodename 17323@trunk-nightly-20191012-whclf-1426492793
2019-10-12 06:07:51,929 [pool-393-thread-1] INFO  storage.RaftStorage (RaftStorage.java:format(84)) - Storage directory /workdir/hadoop-ozone/integration-test/target/test-dir/MiniOzoneClusterImpl-9624e39d-339a-428b-bb52-387f80fe3ded/datanode-1/data/ratis/d72c0a36-3fec-4d8c-9fb8-3c567ac9281d has been successfully formatted.
2019-10-12 06:07:51,929 [pool-423-thread-1] INFO  storage.RaftStorage (RaftStorage.java:format(84)) - Storage directory /workdir/hadoop-ozone/integration-test/target/test-dir/MiniOzoneClusterImpl-9624e39d-339a-428b-bb52-387f80fe3ded/datanode-4/data/ratis/d72c0a36-3fec-4d8c-9fb8-3c567ac9281d has been successfully formatted.
2019-10-12 06:07:51,929 [pool-443-thread-1] INFO  storage.RaftStorage (RaftStorage.java:format(84)) - Storage directory /workdir/hadoop-ozone/integration-test/target/test-dir/MiniOzoneClusterImpl-9624e39d-339a-428b-bb52-387f80fe3ded/datanode-6/data/ratis/d72c0a36-3fec-4d8c-9fb8-3c567ac9281d has been successfully formatted.
2019-10-12 06:07:51,930 [pool-393-thread-1] INFO  ratis.ContainerStateMachine (ContainerStateMachine.java:loadSnapshot(231)) - group-3C567AC9281D: The snapshot info is null. Setting the last applied indexto:(t:0, i:~)
2019-10-12 06:07:51,930 [pool-443-thread-1] INFO  ratis.ContainerStateMachine (ContainerStateMachine.java:loadSnapshot(231)) - group-3C567AC9281D: The snapshot info is null. Setting the last applied indexto:(t:0, i:~)
2019-10-12 06:07:51,930 [pool-423-thread-1] INFO  ratis.ContainerStateMachine (ContainerStateMachine.java:loadSnapshot(231)) - group-3C567AC9281D: The snapshot info is null. Setting the last applied indexto:(t:0, i:~)
2019-10-12 06:07:51,930 [pool-443-thread-1] INFO  server.RaftServerConfigKeys (ConfUtils.java:logGet(43)) - raft.server.notification.no-leader.timeout = 120s (custom)
2019-10-12 06:07:51,930 [pool-393-thread-1] INFO  server.RaftServerConfigKeys (ConfUtils.java:logGet(43)) - raft.server.notification.no-leader.timeout = 120s (custom)
2019-10-12 06:07:51,930 [pool-443-thread-1] INFO  server.RaftServerConfigKeys (ConfUtils.java:logGet(43)) - raft.server.log.use.memory = false (default)
2019-10-12 06:07:51,930 [pool-423-thread-1] INFO  server.RaftServerConfigKeys (ConfUtils.java:logGet(43)) - raft.server.notification.no-leader.timeout = 120s (custom)
2019-10-12 06:07:51,931 [pool-443-thread-1] INFO  server.RaftServerConfigKeys (ConfUtils.java:logGet(43)) - raft.server.log.purge.gap = 1000000 (custom)
2019-10-12 06:07:51,930 [pool-393-thread-1] INFO  server.RaftServerConfigKeys (ConfUtils.java:logGet(43)) - raft.server.log.use.memory = false (default)
2019-10-12 06:07:51,931 [pool-443-thread-1] INFO  server.RaftServerConfigKeys (ConfUtils.java:logGet(43)) - raft.server.log.appender.buffer.byte-limit = 33554432 (custom)
2019-10-12 06:07:51,931 [pool-423-thread-1] INFO  server.RaftServerConfigKeys (ConfUtils.java:logGet(43)) - raft.server.log.use.memory = false (default)
2019-10-12 06:07:51,931 [pool-443-thread-1] INFO  server.RaftServerConfigKeys (ConfUtils.java:logGet(43)) - raft.server.log.segment.size.max = 1048576 (custom)
2019-10-12 06:07:51,931 [pool-393-thread-1] INFO  server.RaftServerConfigKeys (ConfUtils.java:logGet(43)) - raft.server.log.purge.gap = 1000000 (custom)
2019-10-12 06:07:51,931 [pool-443-thread-1] INFO  server.RaftServerConfigKeys (ConfUtils.java:logGet(43)) - raft.server.log.segment.cache.num.max = 2 (custom)
2019-10-12 06:07:51,931 [pool-423-thread-1] INFO  server.RaftServerConfigKeys (ConfUtils.java:logGet(43)) - raft.server.log.purge.gap = 1000000 (custom)
2019-10-12 06:07:51,931 [pool-443-thread-1] INFO  segmented.SegmentedRaftLogWorker (SegmentedRaftLogWorker.java:<init>(173)) - new 0e1fe170-d9f8-469b-8a06-cf8ecccb8b0b@group-3C567AC9281D-SegmentedRaftLogWorker for RaftStorage:Storage Directory /workdir/hadoop-ozone/integration-test/target/test-dir/MiniOzoneClusterImpl-9624e39d-339a-428b-bb52-387f80fe3ded/datanode-6/data/ratis/d72c0a36-3fec-4d8c-9fb8-3c567ac9281d
2019-10-12 06:07:51,931 [pool-393-thread-1] INFO  server.RaftServerConfigKeys (ConfUtils.java:logGet(43)) - raft.server.log.appender.buffer.byte-limit = 33554432 (custom)
2019-10-12 06:07:51,932 [pool-443-thread-1] INFO  server.RaftServerConfigKeys (ConfUtils.java:logGet(43)) - raft.server.log.queue.byte-limit = 2147483647 (custom)
2019-10-12 06:07:51,931 [pool-423-thread-1] INFO  server.RaftServerConfigKeys (ConfUtils.java:logGet(43)) - raft.server.log.appender.buffer.byte-limit = 33554432 (custom)
2019-10-12 06:07:51,932 [pool-443-thread-1] INFO  server.RaftServerConfigKeys (ConfUtils.java:logGet(43)) - raft.server.log.queue.element-limit = 1024 (custom)
2019-10-12 06:07:51,932 [pool-393-thread-1] INFO  server.RaftServerConfigKeys (ConfUtils.java:logGet(43)) - raft.server.log.segment.size.max = 1048576 (custom)
2019-10-12 06:07:51,932 [pool-443-thread-1] INFO  server.RaftServerConfigKeys (ConfUtils.java:logGet(43)) - raft.server.log.segment.size.max = 1048576 (custom)
2019-10-12 06:07:51,932 [pool-423-thread-1] INFO  server.RaftServerConfigKeys (ConfUtils.java:logGet(43)) - raft.server.log.segment.size.max = 1048576 (custom)
2019-10-12 06:07:51,932 [pool-443-thread-1] INFO  server.RaftServerConfigKeys (ConfUtils.java:logGet(43)) - raft.server.log.preallocated.size = 16384 (custom)
2019-10-12 06:07:51,932 [pool-393-thread-1] INFO  server.RaftServerConfigKeys (ConfUtils.java:logGet(43)) - raft.server.log.segment.cache.num.max = 2 (custom)
2019-10-12 06:07:51,932 [pool-443-thread-1] INFO  server.RaftServerConfigKeys (ConfUtils.java:logGet(43)) - raft.server.log.write.buffer.size = 33554432 (custom)
2019-10-12 06:07:51,932 [pool-423-thread-1] INFO  server.RaftServerConfigKeys (ConfUtils.java:logGet(43)) - raft.server.log.segment.cache.num.max = 2 (custom)
2019-10-12 06:07:51,933 [pool-443-thread-1] INFO  server.RaftServerConfigKeys (ConfUtils.java:logGet(43)) - raft.server.log.force.sync.num = 128 (default)
2019-10-12 06:07:51,932 [pool-393-thread-1] INFO  segmented.SegmentedRaftLogWorker (SegmentedRaftLogWorker.java:<init>(173)) - new d4ad8180-4284-42ba-a8fc-dc1b61d04970@group-3C567AC9281D-SegmentedRaftLogWorker for RaftStorage:Storage Directory /workdir/hadoop-ozone/integration-test/target/test-dir/MiniOzoneClusterImpl-9624e39d-339a-428b-bb52-387f80fe3ded/datanode-1/data/ratis/d72c0a36-3fec-4d8c-9fb8-3c567ac9281d
2019-10-12 06:07:51,933 [pool-443-thread-1] INFO  server.RaftServerConfigKeys (ConfUtils.java:logGet(43)) - raft.server.log.statemachine.data.sync = true (default)
2019-10-12 06:07:51,933 [pool-423-thread-1] INFO  segmented.SegmentedRaftLogWorker (SegmentedRaftLogWorker.java:<init>(173)) - new 2ebb7635-daab-435f-9a19-1869a63f325d@group-3C567AC9281D-SegmentedRaftLogWorker for RaftStorage:Storage Directory /workdir/hadoop-ozone/integration-test/target/test-dir/MiniOzoneClusterImpl-9624e39d-339a-428b-bb52-387f80fe3ded/datanode-4/data/ratis/d72c0a36-3fec-4d8c-9fb8-3c567ac9281d
2019-10-12 06:07:51,933 [pool-443-thread-1] INFO  server.RaftServerConfigKeys (ConfUtils.java:logGet(43)) - raft.server.log.statemachine.data.sync.timeout = 10s (default)
2019-10-12 06:07:51,933 [pool-393-thread-1] INFO  server.RaftServerConfigKeys (ConfUtils.java:logGet(43)) - raft.server.log.queue.byte-limit = 2147483647 (custom)
2019-10-12 06:07:51,933 [pool-443-thread-1] INFO  server.RaftServerConfigKeys (ConfUtils.java:logGet(43)) - raft.server.log.statemachine.data.sync.timeout.retry = -1 (default)
2019-10-12 06:07:51,933 [pool-423-thread-1] INFO  server.RaftServerConfigKeys (ConfUtils.java:logGet(43)) - raft.server.log.queue.byte-limit = 2147483647 (custom)
2019-10-12 06:07:51,934 [pool-443-thread-1] INFO  server.RaftServerConfigKeys (ConfUtils.java:logGet(43)) - raft.server.log.statemachine.data.caching.enabled = true (custom)
2019-10-12 06:07:51,933 [pool-393-thread-1] INFO  server.RaftServerConfigKeys (ConfUtils.java:logGet(43)) - raft.server.log.queue.element-limit = 1024 (custom)
2019-10-12 06:07:51,934 [pool-423-thread-1] INFO  server.RaftServerConfigKeys (ConfUtils.java:logGet(43)) - raft.server.log.queue.element-limit = 1024 (custom)
2019-10-12 06:07:51,934 [pool-393-thread-1] INFO  server.RaftServerConfigKeys (ConfUtils.java:logGet(43)) - raft.server.log.segment.size.max = 1048576 (custom)
2019-10-12 06:07:51,934 [pool-443-thread-1] INFO  segmented.SegmentedRaftLogWorker (SegmentedRaftLogWorker.java:lambda$new$0(128)) - 0e1fe170-d9f8-469b-8a06-cf8ecccb8b0b@group-3C567AC9281D-SegmentedRaftLogWorker: flushIndex: setUnconditionally 0 -> -1
2019-10-12 06:07:51,934 [pool-393-thread-1] INFO  server.RaftServerConfigKeys (ConfUtils.java:logGet(43)) - raft.server.log.preallocated.size = 16384 (custom)
2019-10-12 06:07:51,934 [pool-423-thread-1] INFO  server.RaftServerConfigKeys (ConfUtils.java:logGet(43)) - raft.server.log.segment.size.max = 1048576 (custom)
2019-10-12 06:07:51,934 [pool-393-thread-1] INFO  server.RaftServerConfigKeys (ConfUtils.java:logGet(43)) - raft.server.log.write.buffer.size = 33554432 (custom)
2019-10-12 06:07:51,934 [pool-443-thread-1] INFO  server.RaftServerConfigKeys (ConfUtils.java:logGet(43)) - raft.server.snapshot.auto.trigger.enabled = true (custom)
2019-10-12 06:07:51,935 [pool-393-thread-1] INFO  server.RaftServerConfigKeys (ConfUtils.java:logGet(43)) - raft.server.log.force.sync.num = 128 (default)
2019-10-12 06:07:51,934 [pool-423-thread-1] INFO  server.RaftServerConfigKeys (ConfUtils.java:logGet(43)) - raft.server.log.preallocated.size = 16384 (custom)
2019-10-12 06:07:51,935 [pool-393-thread-1] INFO  server.RaftServerConfigKeys (ConfUtils.java:logGet(43)) - raft.server.log.statemachine.data.sync = true (default)
2019-10-12 06:07:51,935 [pool-443-thread-1] INFO  server.RaftServerConfigKeys (ConfUtils.java:logGet(43)) - raft.server.snapshot.auto.trigger.threshold = 10000 (custom)
2019-10-12 06:07:51,935 [pool-393-thread-1] INFO  server.RaftServerConfigKeys (ConfUtils.java:logGet(43)) - raft.server.log.statemachine.data.sync.timeout = 10s (default)
2019-10-12 06:07:51,935 [pool-423-thread-1] INFO  server.RaftServerConfigKeys (ConfUtils.java:logGet(43)) - raft.server.log.write.buffer.size = 33554432 (custom)
2019-10-12 06:07:51,935 [pool-393-thread-1] INFO  server.RaftServerConfigKeys (ConfUtils.java:logGet(43)) - raft.server.log.statemachine.data.sync.timeout.retry = -1 (default)
2019-10-12 06:07:51,935 [pool-443-thread-1] INFO  server.RaftServerConfigKeys (ConfUtils.java:logGet(43)) - raft.server.snapshot.retention.file.num = 5 (custom)
2019-10-12 06:07:51,936 [pool-393-thread-1] INFO  server.RaftServerConfigKeys (ConfUtils.java:logGet(43)) - raft.server.log.statemachine.data.caching.enabled = true (custom)
2019-10-12 06:07:51,935 [pool-423-thread-1] INFO  server.RaftServerConfigKeys (ConfUtils.java:logGet(43)) - raft.server.log.force.sync.num = 128 (default)
2019-10-12 06:07:51,936 [pool-443-thread-1] INFO  server.RaftServerConfigKeys (ConfUtils.java:logGet(43)) - raft.server.retrycache.expirytime = 600000ms (custom)
2019-10-12 06:07:51,936 [pool-423-thread-1] INFO  server.RaftServerConfigKeys (ConfUtils.java:logGet(43)) - raft.server.log.statemachine.data.sync = true (default)
2019-10-12 06:07:51,936 [pool-393-thread-1] INFO  segmented.SegmentedRaftLogWorker (SegmentedRaftLogWorker.java:lambda$new$0(128)) - d4ad8180-4284-42ba-a8fc-dc1b61d04970@group-3C567AC9281D-SegmentedRaftLogWorker: flushIndex: setUnconditionally 0 -> -1
2019-10-12 06:07:51,936 [pool-423-thread-1] INFO  server.RaftServerConfigKeys (ConfUtils.java:logGet(43)) - raft.server.log.statemachine.data.sync.timeout = 10s (default)
2019-10-12 06:07:51,936 [pool-423-thread-1] INFO  server.RaftServerConfigKeys (ConfUtils.java:logGet(43)) - raft.server.log.statemachine.data.sync.timeout.retry = -1 (default)
2019-10-12 06:07:51,937 [pool-393-thread-1] INFO  server.RaftServerConfigKeys (ConfUtils.java:logGet(43)) - raft.server.snapshot.auto.trigger.enabled = true (custom)
2019-10-12 06:07:51,937 [pool-423-thread-1] INFO  server.RaftServerConfigKeys (ConfUtils.java:logGet(43)) - raft.server.log.statemachine.data.caching.enabled = true (custom)
2019-10-12 06:07:51,937 [pool-393-thread-1] INFO  server.RaftServerConfigKeys (ConfUtils.java:logGet(43)) - raft.server.snapshot.auto.trigger.threshold = 10000 (custom)
2019-10-12 06:07:51,937 [pool-423-thread-1] INFO  segmented.SegmentedRaftLogWorker (SegmentedRaftLogWorker.java:lambda$new$0(128)) - 2ebb7635-daab-435f-9a19-1869a63f325d@group-3C567AC9281D-SegmentedRaftLogWorker: flushIndex: setUnconditionally 0 -> -1
2019-10-12 06:07:51,937 [pool-393-thread-1] INFO  server.RaftServerConfigKeys (ConfUtils.java:logGet(43)) - raft.server.snapshot.retention.file.num = 5 (custom)
2019-10-12 06:07:51,937 [pool-423-thread-1] INFO  server.RaftServerConfigKeys (ConfUtils.java:logGet(43)) - raft.server.snapshot.auto.trigger.enabled = true (custom)
2019-10-12 06:07:51,937 [pool-393-thread-1] INFO  server.RaftServerConfigKeys (ConfUtils.java:logGet(43)) - raft.server.retrycache.expirytime = 600000ms (custom)
2019-10-12 06:07:51,937 [pool-423-thread-1] INFO  server.RaftServerConfigKeys (ConfUtils.java:logGet(43)) - raft.server.snapshot.auto.trigger.threshold = 10000 (custom)
2019-10-12 06:07:51,937 [pool-423-thread-1] INFO  server.RaftServerConfigKeys (ConfUtils.java:logGet(43)) - raft.server.snapshot.retention.file.num = 5 (custom)
2019-10-12 06:07:51,938 [pool-423-thread-1] INFO  server.RaftServerConfigKeys (ConfUtils.java:logGet(43)) - raft.server.retrycache.expirytime = 600000ms (custom)
2019-10-12 06:07:51,938 [pool-443-thread-1] INFO  impl.RaftServerImpl (RaftServerImpl.java:start(181)) - 0e1fe170-d9f8-469b-8a06-cf8ecccb8b0b@group-3C567AC9281D: start as a follower, conf=-1: [2ebb7635-daab-435f-9a19-1869a63f325d:192.168.164.199:35867, d4ad8180-4284-42ba-a8fc-dc1b61d04970:192.168.164.199:41831, 0e1fe170-d9f8-469b-8a06-cf8ecccb8b0b:192.168.164.199:37815], old=null
2019-10-12 06:07:51,938 [pool-443-thread-1] INFO  impl.RaftServerImpl (RaftServerImpl.java:setRole(170)) - 0e1fe170-d9f8-469b-8a06-cf8ecccb8b0b@group-3C567AC9281D: changes role from      null to FOLLOWER at term 0 for startAsFollower
2019-10-12 06:07:51,938 [pool-443-thread-1] INFO  impl.RoleInfo (RoleInfo.java:updateAndGet(143)) - 0e1fe170-d9f8-469b-8a06-cf8ecccb8b0b: start FollowerState
2019-10-12 06:07:51,938 [pool-443-thread-1] INFO  util.JmxRegister (JmxRegister.java:tryRegister(44)) - Successfully registered JMX Bean with object name Ratis:service=RaftServer,group=group-3C567AC9281D,id=0e1fe170-d9f8-469b-8a06-cf8ecccb8b0b
2019-10-12 06:07:51,940 [pool-423-thread-1] INFO  impl.RaftServerImpl (RaftServerImpl.java:start(181)) - 2ebb7635-daab-435f-9a19-1869a63f325d@group-3C567AC9281D: start as a follower, conf=-1: [2ebb7635-daab-435f-9a19-1869a63f325d:192.168.164.199:35867, d4ad8180-4284-42ba-a8fc-dc1b61d04970:192.168.164.199:41831, 0e1fe170-d9f8-469b-8a06-cf8ecccb8b0b:192.168.164.199:37815], old=null
2019-10-12 06:07:51,940 [pool-393-thread-1] INFO  impl.RaftServerImpl (RaftServerImpl.java:start(181)) - d4ad8180-4284-42ba-a8fc-dc1b61d04970@group-3C567AC9281D: start as a follower, conf=-1: [2ebb7635-daab-435f-9a19-1869a63f325d:192.168.164.199:35867, d4ad8180-4284-42ba-a8fc-dc1b61d04970:192.168.164.199:41831, 0e1fe170-d9f8-469b-8a06-cf8ecccb8b0b:192.168.164.199:37815], old=null
2019-10-12 06:07:51,940 [pool-423-thread-1] INFO  impl.RaftServerImpl (RaftServerImpl.java:setRole(170)) - 2ebb7635-daab-435f-9a19-1869a63f325d@group-3C567AC9281D: changes role from      null to FOLLOWER at term 0 for startAsFollower
2019-10-12 06:07:51,941 [pool-393-thread-1] INFO  impl.RaftServerImpl (RaftServerImpl.java:setRole(170)) - d4ad8180-4284-42ba-a8fc-dc1b61d04970@group-3C567AC9281D: changes role from      null to FOLLOWER at term 0 for startAsFollower
2019-10-12 06:07:51,941 [pool-423-thread-1] INFO  impl.RoleInfo (RoleInfo.java:updateAndGet(143)) - 2ebb7635-daab-435f-9a19-1869a63f325d: start FollowerState
2019-10-12 06:07:51,941 [pool-393-thread-1] INFO  impl.RoleInfo (RoleInfo.java:updateAndGet(143)) - d4ad8180-4284-42ba-a8fc-dc1b61d04970: start FollowerState
2019-10-12 06:07:51,941 [pool-423-thread-1] INFO  util.JmxRegister (JmxRegister.java:tryRegister(44)) - Successfully registered JMX Bean with object name Ratis:service=RaftServer,group=group-3C567AC9281D,id=2ebb7635-daab-435f-9a19-1869a63f325d
2019-10-12 06:07:51,941 [pool-393-thread-1] INFO  util.JmxRegister (JmxRegister.java:tryRegister(44)) - Successfully registered JMX Bean with object name Ratis:service=RaftServer,group=group-3C567AC9281D,id=d4ad8180-4284-42ba-a8fc-dc1b61d04970
2019-10-12 06:07:51,946 [RatisPipelineUtilsThread] INFO  pipeline.PipelineStateManager (PipelineStateManager.java:addPipeline(56)) - Created pipeline Pipeline[ Id: d72c0a36-3fec-4d8c-9fb8-3c567ac9281d, Nodes: d4ad8180-4284-42ba-a8fc-dc1b61d04970{ip: 192.168.164.199, host: trunk-nightly-20191012-whclf-1426492793, networkLocation: /default-rack, certSerialId: null}0e1fe170-d9f8-469b-8a06-cf8ecccb8b0b{ip: 192.168.164.199, host: trunk-nightly-20191012-whclf-1426492793, networkLocation: /default-rack, certSerialId: null}2ebb7635-daab-435f-9a19-1869a63f325d{ip: 192.168.164.199, host: trunk-nightly-20191012-whclf-1426492793, networkLocation: /default-rack, certSerialId: null}, Type:RATIS, Factor:THREE, State:OPEN]
2019-10-12 06:07:52,560 [main] INFO  ozone.MiniOzoneClusterImpl (MiniOzoneClusterImpl.java:lambda$waitForClusterToBeReady$0(147)) - Cluster is ready. Got 7 of 7 DN Heartbeats.
2019-10-12 06:07:52,614 [main] INFO  rpc.RpcClient (RpcClient.java:createVolume(272)) - Creating Volume: watchforcommithandlingtest, with jenkins1000 as owner.
2019-10-12 06:07:52,617 [IPC Server handler 2 on 42892] INFO  volume.OMVolumeCreateRequest (OMVolumeCreateRequest.java:validateAndUpdateCache(193)) - created volume:watchforcommithandlingtest for user:jenkins1000
2019-10-12 06:07:52,637 [main] INFO  rpc.RpcClient (RpcClient.java:createBucket(411)) - Creating Bucket: watchforcommithandlingtest/watchforcommithandlingtest, with Versioning false and Storage Type set to DISK and Encryption set to false 
2019-10-12 06:07:52,642 [main] INFO  ozone.MiniOzoneClusterImpl (MiniOzoneClusterImpl.java:getStorageContainerLocationClient(234)) - Creating StorageContainerLocationProtocol RPC client with address /0.0.0.0:37499
2019-10-12 06:07:54,189 [Thread-2309] INFO  container.ReplicationManager (ReplicationManager.java:start(162)) - Starting Replication Monitor Thread.
2019-10-12 06:07:54,193 [ReplicationMonitor] INFO  container.ReplicationManager (ReplicationManager.java:run(225)) - Replication Monitor Thread took 0 milliseconds for processing 1 containers.
2019-10-12 06:07:56,345 [Thread-2311] INFO  impl.FollowerState (FollowerState.java:run(108)) - 470f79e9-f29d-4e58-b937-995f09fb99f4@group-2A2FD0DE7CBA-FollowerState: change to CANDIDATE, lastRpcTime:5084ms, electionTimeout:5084ms
2019-10-12 06:07:56,346 [Thread-2311] INFO  impl.RoleInfo (RoleInfo.java:shutdownFollowerState(121)) - 470f79e9-f29d-4e58-b937-995f09fb99f4: shutdown FollowerState
2019-10-12 06:07:56,346 [Thread-2311] INFO  impl.RaftServerImpl (RaftServerImpl.java:setRole(170)) - 470f79e9-f29d-4e58-b937-995f09fb99f4@group-2A2FD0DE7CBA: changes role from  FOLLOWER to CANDIDATE at term 0 for changeToCandidate
2019-10-12 06:07:56,346 [Thread-2311] INFO  impl.RoleInfo (RoleInfo.java:updateAndGet(143)) - 470f79e9-f29d-4e58-b937-995f09fb99f4: start LeaderElection
2019-10-12 06:07:56,387 [470f79e9-f29d-4e58-b937-995f09fb99f4@group-2A2FD0DE7CBA-LeaderElection54] INFO  impl.LeaderElection (LeaderElection.java:askForVotes(178)) - 470f79e9-f29d-4e58-b937-995f09fb99f4@group-2A2FD0DE7CBA-LeaderElection54: begin an election at term 1 for -1: [470f79e9-f29d-4e58-b937-995f09fb99f4:192.168.164.199:44327], old=null
2019-10-12 06:07:56,388 [470f79e9-f29d-4e58-b937-995f09fb99f4@group-2A2FD0DE7CBA-LeaderElection54] INFO  impl.RoleInfo (RoleInfo.java:shutdownLeaderElection(134)) - 470f79e9-f29d-4e58-b937-995f09fb99f4: shutdown LeaderElection
2019-10-12 06:07:56,388 [470f79e9-f29d-4e58-b937-995f09fb99f4@group-2A2FD0DE7CBA-LeaderElection54] INFO  impl.RaftServerImpl (RaftServerImpl.java:setRole(170)) - 470f79e9-f29d-4e58-b937-995f09fb99f4@group-2A2FD0DE7CBA: changes role from CANDIDATE to LEADER at term 1 for changeToLeader
2019-10-12 06:07:56,388 [470f79e9-f29d-4e58-b937-995f09fb99f4@group-2A2FD0DE7CBA-LeaderElection54] INFO  impl.RaftServerImpl (ServerState.java:setLeader(255)) - 470f79e9-f29d-4e58-b937-995f09fb99f4@group-2A2FD0DE7CBA: change Leader from null to 470f79e9-f29d-4e58-b937-995f09fb99f4 at term 1 for becomeLeader, leader elected after 5136ms
2019-10-12 06:07:56,388 [470f79e9-f29d-4e58-b937-995f09fb99f4@group-2A2FD0DE7CBA-LeaderElection54] INFO  server.RaftServerConfigKeys (ConfUtils.java:logGet(43)) - raft.server.staging.catchup.gap = 1000 (default)
2019-10-12 06:07:56,388 [470f79e9-f29d-4e58-b937-995f09fb99f4@group-2A2FD0DE7CBA-LeaderElection54] INFO  server.RaftServerConfigKeys (ConfUtils.java:logGet(43)) - raft.server.rpc.sleep.time = 25ms (default)
2019-10-12 06:07:56,388 [470f79e9-f29d-4e58-b937-995f09fb99f4@group-2A2FD0DE7CBA-LeaderElection54] INFO  server.RaftServerConfigKeys (ConfUtils.java:logGet(43)) - raft.server.write.element-limit = 4096 (default)
2019-10-12 06:07:56,388 [470f79e9-f29d-4e58-b937-995f09fb99f4@group-2A2FD0DE7CBA-LeaderElection54] INFO  server.RaftServerConfigKeys (ConfUtils.java:logGet(43)) - raft.server.watch.timeout = 10s (default)
2019-10-12 06:07:56,388 [470f79e9-f29d-4e58-b937-995f09fb99f4@group-2A2FD0DE7CBA-LeaderElection54] INFO  server.RaftServerConfigKeys (ConfUtils.java:logGet(43)) - raft.server.watch.timeout.denomination = 1s (default)
2019-10-12 06:07:56,389 [470f79e9-f29d-4e58-b937-995f09fb99f4@group-2A2FD0DE7CBA-LeaderElection54] INFO  server.RaftServerConfigKeys (ConfUtils.java:logGet(43)) - raft.server.watch.element-limit = 65536 (default)
2019-10-12 06:07:56,390 [470f79e9-f29d-4e58-b937-995f09fb99f4@group-2A2FD0DE7CBA-LeaderElection54] INFO  impl.RoleInfo (RoleInfo.java:updateAndGet(143)) - 470f79e9-f29d-4e58-b937-995f09fb99f4: start LeaderState
2019-10-12 06:07:56,390 [470f79e9-f29d-4e58-b937-995f09fb99f4@group-2A2FD0DE7CBA-LeaderElection54] INFO  segmented.SegmentedRaftLogWorker (SegmentedRaftLogWorker.java:startLogSegment(385)) - 470f79e9-f29d-4e58-b937-995f09fb99f4@group-2A2FD0DE7CBA-SegmentedRaftLogWorker: Starting segment from index:0
2019-10-12 06:07:56,391 [470f79e9-f29d-4e58-b937-995f09fb99f4@group-2A2FD0DE7CBA-LeaderElection54] INFO  impl.RaftServerImpl (ServerState.java:setRaftConf(356)) - 470f79e9-f29d-4e58-b937-995f09fb99f4@group-2A2FD0DE7CBA: set configuration 0: [470f79e9-f29d-4e58-b937-995f09fb99f4:192.168.164.199:44327], old=null at 0
2019-10-12 06:07:56,441 [470f79e9-f29d-4e58-b937-995f09fb99f4@group-2A2FD0DE7CBA-SegmentedRaftLogWorker] INFO  segmented.SegmentedRaftLogWorker (SegmentedRaftLogWorker.java:execute(574)) - 470f79e9-f29d-4e58-b937-995f09fb99f4@group-2A2FD0DE7CBA-SegmentedRaftLogWorker: created new log segment /workdir/hadoop-ozone/integration-test/target/test-dir/MiniOzoneClusterImpl-9624e39d-339a-428b-bb52-387f80fe3ded/datanode-0/data/ratis/49c65dad-e8ef-4e37-ad41-2a2fd0de7cba/current/log_inprogress_0
2019-10-12 06:07:56,490 [Thread-2317] INFO  impl.FollowerState (FollowerState.java:run(108)) - 2c1975c9-8147-4c62-a573-f55415d966a7@group-E93D470A78B3-FollowerState: change to CANDIDATE, lastRpcTime:5085ms, electionTimeout:5085ms
2019-10-12 06:07:56,490 [Thread-2317] INFO  impl.RoleInfo (RoleInfo.java:shutdownFollowerState(121)) - 2c1975c9-8147-4c62-a573-f55415d966a7: shutdown FollowerState
2019-10-12 06:07:56,490 [Thread-2317] INFO  impl.RaftServerImpl (RaftServerImpl.java:setRole(170)) - 2c1975c9-8147-4c62-a573-f55415d966a7@group-E93D470A78B3: changes role from  FOLLOWER to CANDIDATE at term 0 for changeToCandidate
2019-10-12 06:07:56,490 [Thread-2317] INFO  impl.RoleInfo (RoleInfo.java:updateAndGet(143)) - 2c1975c9-8147-4c62-a573-f55415d966a7: start LeaderElection
2019-10-12 06:07:56,520 [2c1975c9-8147-4c62-a573-f55415d966a7@group-E93D470A78B3-LeaderElection55] INFO  impl.LeaderElection (LeaderElection.java:askForVotes(178)) - 2c1975c9-8147-4c62-a573-f55415d966a7@group-E93D470A78B3-LeaderElection55: begin an election at term 1 for -1: [2c1975c9-8147-4c62-a573-f55415d966a7:192.168.164.199:38222], old=null
2019-10-12 06:07:56,520 [Thread-2314] INFO  impl.FollowerState (FollowerState.java:run(108)) - d4ad8180-4284-42ba-a8fc-dc1b61d04970@group-A994511C41ED-FollowerState: change to CANDIDATE, lastRpcTime:5182ms, electionTimeout:5182ms
2019-10-12 06:07:56,520 [2c1975c9-8147-4c62-a573-f55415d966a7@group-E93D470A78B3-LeaderElection55] INFO  impl.RoleInfo (RoleInfo.java:shutdownLeaderElection(134)) - 2c1975c9-8147-4c62-a573-f55415d966a7: shutdown LeaderElection
2019-10-12 06:07:56,520 [Thread-2314] INFO  impl.RoleInfo (RoleInfo.java:shutdownFollowerState(121)) - d4ad8180-4284-42ba-a8fc-dc1b61d04970: shutdown FollowerState
2019-10-12 06:07:56,520 [2c1975c9-8147-4c62-a573-f55415d966a7@group-E93D470A78B3-LeaderElection55] INFO  impl.RaftServerImpl (RaftServerImpl.java:setRole(170)) - 2c1975c9-8147-4c62-a573-f55415d966a7@group-E93D470A78B3: changes role from CANDIDATE to LEADER at term 1 for changeToLeader
2019-10-12 06:07:56,520 [Thread-2314] INFO  impl.RaftServerImpl (RaftServerImpl.java:setRole(170)) - d4ad8180-4284-42ba-a8fc-dc1b61d04970@group-A994511C41ED: changes role from  FOLLOWER to CANDIDATE at term 0 for changeToCandidate
2019-10-12 06:07:56,520 [2c1975c9-8147-4c62-a573-f55415d966a7@group-E93D470A78B3-LeaderElection55] INFO  impl.RaftServerImpl (ServerState.java:setLeader(255)) - 2c1975c9-8147-4c62-a573-f55415d966a7@group-E93D470A78B3: change Leader from null to 2c1975c9-8147-4c62-a573-f55415d966a7 at term 1 for becomeLeader, leader elected after 5123ms
2019-10-12 06:07:56,520 [Thread-2314] INFO  impl.RoleInfo (RoleInfo.java:updateAndGet(143)) - d4ad8180-4284-42ba-a8fc-dc1b61d04970: start LeaderElection
2019-10-12 06:07:56,520 [2c1975c9-8147-4c62-a573-f55415d966a7@group-E93D470A78B3-LeaderElection55] INFO  server.RaftServerConfigKeys (ConfUtils.java:logGet(43)) - raft.server.staging.catchup.gap = 1000 (default)
2019-10-12 06:07:56,521 [2c1975c9-8147-4c62-a573-f55415d966a7@group-E93D470A78B3-LeaderElection55] INFO  server.RaftServerConfigKeys (ConfUtils.java:logGet(43)) - raft.server.rpc.sleep.time = 25ms (default)
2019-10-12 06:07:56,529 [2c1975c9-8147-4c62-a573-f55415d966a7@group-E93D470A78B3-LeaderElection55] INFO  server.RaftServerConfigKeys (ConfUtils.java:logGet(43)) - raft.server.write.element-limit = 4096 (default)
2019-10-12 06:07:56,529 [2c1975c9-8147-4c62-a573-f55415d966a7@group-E93D470A78B3-LeaderElection55] INFO  server.RaftServerConfigKeys (ConfUtils.java:logGet(43)) - raft.server.watch.timeout = 10s (default)
2019-10-12 06:07:56,529 [2c1975c9-8147-4c62-a573-f55415d966a7@group-E93D470A78B3-LeaderElection55] INFO  server.RaftServerConfigKeys (ConfUtils.java:logGet(43)) - raft.server.watch.timeout.denomination = 1s (default)
2019-10-12 06:07:56,530 [2c1975c9-8147-4c62-a573-f55415d966a7@group-E93D470A78B3-LeaderElection55] INFO  server.RaftServerConfigKeys (ConfUtils.java:logGet(43)) - raft.server.watch.element-limit = 65536 (default)
2019-10-12 06:07:56,531 [2c1975c9-8147-4c62-a573-f55415d966a7@group-E93D470A78B3-LeaderElection55] INFO  impl.RoleInfo (RoleInfo.java:updateAndGet(143)) - 2c1975c9-8147-4c62-a573-f55415d966a7: start LeaderState
2019-10-12 06:07:56,532 [2c1975c9-8147-4c62-a573-f55415d966a7@group-E93D470A78B3-LeaderElection55] INFO  segmented.SegmentedRaftLogWorker (SegmentedRaftLogWorker.java:startLogSegment(385)) - 2c1975c9-8147-4c62-a573-f55415d966a7@group-E93D470A78B3-SegmentedRaftLogWorker: Starting segment from index:0
2019-10-12 06:07:56,532 [2c1975c9-8147-4c62-a573-f55415d966a7@group-E93D470A78B3-LeaderElection55] INFO  impl.RaftServerImpl (ServerState.java:setRaftConf(356)) - 2c1975c9-8147-4c62-a573-f55415d966a7@group-E93D470A78B3: set configuration 0: [2c1975c9-8147-4c62-a573-f55415d966a7:192.168.164.199:38222], old=null at 0
2019-10-12 06:07:56,542 [d4ad8180-4284-42ba-a8fc-dc1b61d04970@group-A994511C41ED-LeaderElection56] INFO  impl.LeaderElection (LeaderElection.java:askForVotes(178)) - d4ad8180-4284-42ba-a8fc-dc1b61d04970@group-A994511C41ED-LeaderElection56: begin an election at term 1 for -1: [d4ad8180-4284-42ba-a8fc-dc1b61d04970:192.168.164.199:41831], old=null
2019-10-12 06:07:56,542 [d4ad8180-4284-42ba-a8fc-dc1b61d04970@group-A994511C41ED-LeaderElection56] INFO  impl.RoleInfo (RoleInfo.java:shutdownLeaderElection(134)) - d4ad8180-4284-42ba-a8fc-dc1b61d04970: shutdown LeaderElection
2019-10-12 06:07:56,542 [d4ad8180-4284-42ba-a8fc-dc1b61d04970@group-A994511C41ED-LeaderElection56] INFO  impl.RaftServerImpl (RaftServerImpl.java:setRole(170)) - d4ad8180-4284-42ba-a8fc-dc1b61d04970@group-A994511C41ED: changes role from CANDIDATE to LEADER at term 1 for changeToLeader
2019-10-12 06:07:56,543 [d4ad8180-4284-42ba-a8fc-dc1b61d04970@group-A994511C41ED-LeaderElection56] INFO  impl.RaftServerImpl (ServerState.java:setLeader(255)) - d4ad8180-4284-42ba-a8fc-dc1b61d04970@group-A994511C41ED: change Leader from null to d4ad8180-4284-42ba-a8fc-dc1b61d04970 at term 1 for becomeLeader, leader elected after 5210ms
2019-10-12 06:07:56,543 [d4ad8180-4284-42ba-a8fc-dc1b61d04970@group-A994511C41ED-LeaderElection56] INFO  server.RaftServerConfigKeys (ConfUtils.java:logGet(43)) - raft.server.staging.catchup.gap = 1000 (default)
2019-10-12 06:07:56,543 [d4ad8180-4284-42ba-a8fc-dc1b61d04970@group-A994511C41ED-LeaderElection56] INFO  server.RaftServerConfigKeys (ConfUtils.java:logGet(43)) - raft.server.rpc.sleep.time = 25ms (default)
2019-10-12 06:07:56,543 [d4ad8180-4284-42ba-a8fc-dc1b61d04970@group-A994511C41ED-LeaderElection56] INFO  server.RaftServerConfigKeys (ConfUtils.java:logGet(43)) - raft.server.write.element-limit = 4096 (default)
2019-10-12 06:07:56,543 [d4ad8180-4284-42ba-a8fc-dc1b61d04970@group-A994511C41ED-LeaderElection56] INFO  server.RaftServerConfigKeys (ConfUtils.java:logGet(43)) - raft.server.watch.timeout = 10s (default)
2019-10-12 06:07:56,543 [d4ad8180-4284-42ba-a8fc-dc1b61d04970@group-A994511C41ED-LeaderElection56] INFO  server.RaftServerConfigKeys (ConfUtils.java:logGet(43)) - raft.server.watch.timeout.denomination = 1s (default)
2019-10-12 06:07:56,543 [d4ad8180-4284-42ba-a8fc-dc1b61d04970@group-A994511C41ED-LeaderElection56] INFO  server.RaftServerConfigKeys (ConfUtils.java:logGet(43)) - raft.server.watch.element-limit = 65536 (default)
2019-10-12 06:07:56,545 [d4ad8180-4284-42ba-a8fc-dc1b61d04970@group-A994511C41ED-LeaderElection56] INFO  impl.RoleInfo (RoleInfo.java:updateAndGet(143)) - d4ad8180-4284-42ba-a8fc-dc1b61d04970: start LeaderState
2019-10-12 06:07:56,545 [d4ad8180-4284-42ba-a8fc-dc1b61d04970@group-A994511C41ED-LeaderElection56] INFO  segmented.SegmentedRaftLogWorker (SegmentedRaftLogWorker.java:startLogSegment(385)) - d4ad8180-4284-42ba-a8fc-dc1b61d04970@group-A994511C41ED-SegmentedRaftLogWorker: Starting segment from index:0
2019-10-12 06:07:56,545 [d4ad8180-4284-42ba-a8fc-dc1b61d04970@group-A994511C41ED-LeaderElection56] INFO  impl.RaftServerImpl (ServerState.java:setRaftConf(356)) - d4ad8180-4284-42ba-a8fc-dc1b61d04970@group-A994511C41ED: set configuration 0: [d4ad8180-4284-42ba-a8fc-dc1b61d04970:192.168.164.199:41831], old=null at 0
2019-10-12 06:07:56,581 [d4ad8180-4284-42ba-a8fc-dc1b61d04970@group-A994511C41ED-SegmentedRaftLogWorker] INFO  segmented.SegmentedRaftLogWorker (SegmentedRaftLogWorker.java:execute(574)) - d4ad8180-4284-42ba-a8fc-dc1b61d04970@group-A994511C41ED-SegmentedRaftLogWorker: created new log segment /workdir/hadoop-ozone/integration-test/target/test-dir/MiniOzoneClusterImpl-9624e39d-339a-428b-bb52-387f80fe3ded/datanode-1/data/ratis/5f596be1-b2d3-47f6-8d78-a994511c41ed/current/log_inprogress_0
2019-10-12 06:07:56,587 [Thread-2323] INFO  impl.FollowerState (FollowerState.java:run(108)) - 2ebb7635-daab-435f-9a19-1869a63f325d@group-B74FDA3D9DFD-FollowerState: change to CANDIDATE, lastRpcTime:5022ms, electionTimeout:5022ms
2019-10-12 06:07:56,587 [Thread-2323] INFO  impl.RoleInfo (RoleInfo.java:shutdownFollowerState(121)) - 2ebb7635-daab-435f-9a19-1869a63f325d: shutdown FollowerState
2019-10-12 06:07:56,588 [Thread-2323] INFO  impl.RaftServerImpl (RaftServerImpl.java:setRole(170)) - 2ebb7635-daab-435f-9a19-1869a63f325d@group-B74FDA3D9DFD: changes role from  FOLLOWER to CANDIDATE at term 0 for changeToCandidate
2019-10-12 06:07:56,588 [Thread-2323] INFO  impl.RoleInfo (RoleInfo.java:updateAndGet(143)) - 2ebb7635-daab-435f-9a19-1869a63f325d: start LeaderElection
2019-10-12 06:07:56,594 [2c1975c9-8147-4c62-a573-f55415d966a7@group-E93D470A78B3-SegmentedRaftLogWorker] INFO  segmented.SegmentedRaftLogWorker (SegmentedRaftLogWorker.java:execute(574)) - 2c1975c9-8147-4c62-a573-f55415d966a7@group-E93D470A78B3-SegmentedRaftLogWorker: created new log segment /workdir/hadoop-ozone/integration-test/target/test-dir/MiniOzoneClusterImpl-9624e39d-339a-428b-bb52-387f80fe3ded/datanode-2/data/ratis/f114a305-8e6a-4727-87cb-e93d470a78b3/current/log_inprogress_0
2019-10-12 06:07:56,609 [2ebb7635-daab-435f-9a19-1869a63f325d@group-B74FDA3D9DFD-LeaderElection57] INFO  impl.LeaderElection (LeaderElection.java:askForVotes(178)) - 2ebb7635-daab-435f-9a19-1869a63f325d@group-B74FDA3D9DFD-LeaderElection57: begin an election at term 1 for -1: [2ebb7635-daab-435f-9a19-1869a63f325d:192.168.164.199:35867], old=null
2019-10-12 06:07:56,609 [2ebb7635-daab-435f-9a19-1869a63f325d@group-B74FDA3D9DFD-LeaderElection57] INFO  impl.RoleInfo (RoleInfo.java:shutdownLeaderElection(134)) - 2ebb7635-daab-435f-9a19-1869a63f325d: shutdown LeaderElection
2019-10-12 06:07:56,609 [2ebb7635-daab-435f-9a19-1869a63f325d@group-B74FDA3D9DFD-LeaderElection57] INFO  impl.RaftServerImpl (RaftServerImpl.java:setRole(170)) - 2ebb7635-daab-435f-9a19-1869a63f325d@group-B74FDA3D9DFD: changes role from CANDIDATE to LEADER at term 1 for changeToLeader
2019-10-12 06:07:56,609 [2ebb7635-daab-435f-9a19-1869a63f325d@group-B74FDA3D9DFD-LeaderElection57] INFO  impl.RaftServerImpl (ServerState.java:setLeader(255)) - 2ebb7635-daab-435f-9a19-1869a63f325d@group-B74FDA3D9DFD: change Leader from null to 2ebb7635-daab-435f-9a19-1869a63f325d at term 1 for becomeLeader, leader elected after 5050ms
2019-10-12 06:07:56,609 [2ebb7635-daab-435f-9a19-1869a63f325d@group-B74FDA3D9DFD-LeaderElection57] INFO  server.RaftServerConfigKeys (ConfUtils.java:logGet(43)) - raft.server.staging.catchup.gap = 1000 (default)
2019-10-12 06:07:56,610 [2ebb7635-daab-435f-9a19-1869a63f325d@group-B74FDA3D9DFD-LeaderElection57] INFO  server.RaftServerConfigKeys (ConfUtils.java:logGet(43)) - raft.server.rpc.sleep.time = 25ms (default)
2019-10-12 06:07:56,610 [2ebb7635-daab-435f-9a19-1869a63f325d@group-B74FDA3D9DFD-LeaderElection57] INFO  server.RaftServerConfigKeys (ConfUtils.java:logGet(43)) - raft.server.write.element-limit = 4096 (default)
2019-10-12 06:07:56,610 [2ebb7635-daab-435f-9a19-1869a63f325d@group-B74FDA3D9DFD-LeaderElection57] INFO  server.RaftServerConfigKeys (ConfUtils.java:logGet(43)) - raft.server.watch.timeout = 10s (default)
2019-10-12 06:07:56,610 [2ebb7635-daab-435f-9a19-1869a63f325d@group-B74FDA3D9DFD-LeaderElection57] INFO  server.RaftServerConfigKeys (ConfUtils.java:logGet(43)) - raft.server.watch.timeout.denomination = 1s (default)
2019-10-12 06:07:56,610 [2ebb7635-daab-435f-9a19-1869a63f325d@group-B74FDA3D9DFD-LeaderElection57] INFO  server.RaftServerConfigKeys (ConfUtils.java:logGet(43)) - raft.server.watch.element-limit = 65536 (default)
2019-10-12 06:07:56,613 [2ebb7635-daab-435f-9a19-1869a63f325d@group-B74FDA3D9DFD-LeaderElection57] INFO  impl.RoleInfo (RoleInfo.java:updateAndGet(143)) - 2ebb7635-daab-435f-9a19-1869a63f325d: start LeaderState
2019-10-12 06:07:56,613 [2ebb7635-daab-435f-9a19-1869a63f325d@group-B74FDA3D9DFD-LeaderElection57] INFO  segmented.SegmentedRaftLogWorker (SegmentedRaftLogWorker.java:startLogSegment(385)) - 2ebb7635-daab-435f-9a19-1869a63f325d@group-B74FDA3D9DFD-SegmentedRaftLogWorker: Starting segment from index:0
2019-10-12 06:07:56,614 [2ebb7635-daab-435f-9a19-1869a63f325d@group-B74FDA3D9DFD-LeaderElection57] INFO  impl.RaftServerImpl (ServerState.java:setRaftConf(356)) - 2ebb7635-daab-435f-9a19-1869a63f325d@group-B74FDA3D9DFD: set configuration 0: [2ebb7635-daab-435f-9a19-1869a63f325d:192.168.164.199:35867], old=null at 0
2019-10-12 06:07:56,661 [Thread-2320] INFO  impl.FollowerState (FollowerState.java:run(108)) - bf0294df-29fd-466f-9d35-8ddf7c1a92ac@group-D8E255A89DE6-FollowerState: change to CANDIDATE, lastRpcTime:5171ms, electionTimeout:5170ms
2019-10-12 06:07:56,662 [Thread-2320] INFO  impl.RoleInfo (RoleInfo.java:shutdownFollowerState(121)) - bf0294df-29fd-466f-9d35-8ddf7c1a92ac: shutdown FollowerState
2019-10-12 06:07:56,662 [Thread-2320] INFO  impl.RaftServerImpl (RaftServerImpl.java:setRole(170)) - bf0294df-29fd-466f-9d35-8ddf7c1a92ac@group-D8E255A89DE6: changes role from  FOLLOWER to CANDIDATE at term 0 for changeToCandidate
2019-10-12 06:07:56,662 [Thread-2320] INFO  impl.RoleInfo (RoleInfo.java:updateAndGet(143)) - bf0294df-29fd-466f-9d35-8ddf7c1a92ac: start LeaderElection
2019-10-12 06:07:56,690 [2ebb7635-daab-435f-9a19-1869a63f325d@group-B74FDA3D9DFD-SegmentedRaftLogWorker] INFO  segmented.SegmentedRaftLogWorker (SegmentedRaftLogWorker.java:execute(574)) - 2ebb7635-daab-435f-9a19-1869a63f325d@group-B74FDA3D9DFD-SegmentedRaftLogWorker: created new log segment /workdir/hadoop-ozone/integration-test/target/test-dir/MiniOzoneClusterImpl-9624e39d-339a-428b-bb52-387f80fe3ded/datanode-4/data/ratis/53c3f48e-7891-4b83-945e-b74fda3d9dfd/current/log_inprogress_0
2019-10-12 06:07:56,707 [bf0294df-29fd-466f-9d35-8ddf7c1a92ac@group-D8E255A89DE6-LeaderElection58] INFO  impl.LeaderElection (LeaderElection.java:askForVotes(178)) - bf0294df-29fd-466f-9d35-8ddf7c1a92ac@group-D8E255A89DE6-LeaderElection58: begin an election at term 1 for -1: [bf0294df-29fd-466f-9d35-8ddf7c1a92ac:192.168.164.199:44039], old=null
2019-10-12 06:07:56,708 [bf0294df-29fd-466f-9d35-8ddf7c1a92ac@group-D8E255A89DE6-LeaderElection58] INFO  impl.RoleInfo (RoleInfo.java:shutdownLeaderElection(134)) - bf0294df-29fd-466f-9d35-8ddf7c1a92ac: shutdown LeaderElection
2019-10-12 06:07:56,708 [bf0294df-29fd-466f-9d35-8ddf7c1a92ac@group-D8E255A89DE6-LeaderElection58] INFO  impl.RaftServerImpl (RaftServerImpl.java:setRole(170)) - bf0294df-29fd-466f-9d35-8ddf7c1a92ac@group-D8E255A89DE6: changes role from CANDIDATE to LEADER at term 1 for changeToLeader
2019-10-12 06:07:56,708 [bf0294df-29fd-466f-9d35-8ddf7c1a92ac@group-D8E255A89DE6-LeaderElection58] INFO  impl.RaftServerImpl (ServerState.java:setLeader(255)) - bf0294df-29fd-466f-9d35-8ddf7c1a92ac@group-D8E255A89DE6: change Leader from null to bf0294df-29fd-466f-9d35-8ddf7c1a92ac at term 1 for becomeLeader, leader elected after 5225ms
2019-10-12 06:07:56,708 [bf0294df-29fd-466f-9d35-8ddf7c1a92ac@group-D8E255A89DE6-LeaderElection58] INFO  server.RaftServerConfigKeys (ConfUtils.java:logGet(43)) - raft.server.staging.catchup.gap = 1000 (default)
2019-10-12 06:07:56,711 [Thread-2326] INFO  impl.FollowerState (FollowerState.java:run(108)) - 273e8682-2aac-43c4-a4bf-5876899d2fb2@group-5D642581B06C-FollowerState: change to CANDIDATE, lastRpcTime:5076ms, electionTimeout:5074ms
2019-10-12 06:07:56,711 [bf0294df-29fd-466f-9d35-8ddf7c1a92ac@group-D8E255A89DE6-LeaderElection58] INFO  server.RaftServerConfigKeys (ConfUtils.java:logGet(43)) - raft.server.rpc.sleep.time = 25ms (default)
2019-10-12 06:07:56,711 [Thread-2326] INFO  impl.RoleInfo (RoleInfo.java:shutdownFollowerState(121)) - 273e8682-2aac-43c4-a4bf-5876899d2fb2: shutdown FollowerState
2019-10-12 06:07:56,711 [bf0294df-29fd-466f-9d35-8ddf7c1a92ac@group-D8E255A89DE6-LeaderElection58] INFO  server.RaftServerConfigKeys (ConfUtils.java:logGet(43)) - raft.server.write.element-limit = 4096 (default)
2019-10-12 06:07:56,711 [Thread-2326] INFO  impl.RaftServerImpl (RaftServerImpl.java:setRole(170)) - 273e8682-2aac-43c4-a4bf-5876899d2fb2@group-5D642581B06C: changes role from  FOLLOWER to CANDIDATE at term 0 for changeToCandidate
2019-10-12 06:07:56,711 [bf0294df-29fd-466f-9d35-8ddf7c1a92ac@group-D8E255A89DE6-LeaderElection58] INFO  server.RaftServerConfigKeys (ConfUtils.java:logGet(43)) - raft.server.watch.timeout = 10s (default)
2019-10-12 06:07:56,712 [Thread-2326] INFO  impl.RoleInfo (RoleInfo.java:updateAndGet(143)) - 273e8682-2aac-43c4-a4bf-5876899d2fb2: start LeaderElection
2019-10-12 06:07:56,712 [bf0294df-29fd-466f-9d35-8ddf7c1a92ac@group-D8E255A89DE6-LeaderElection58] INFO  server.RaftServerConfigKeys (ConfUtils.java:logGet(43)) - raft.server.watch.timeout.denomination = 1s (default)
2019-10-12 06:07:56,712 [bf0294df-29fd-466f-9d35-8ddf7c1a92ac@group-D8E255A89DE6-LeaderElection58] INFO  server.RaftServerConfigKeys (ConfUtils.java:logGet(43)) - raft.server.watch.element-limit = 65536 (default)
2019-10-12 06:07:56,720 [bf0294df-29fd-466f-9d35-8ddf7c1a92ac@group-D8E255A89DE6-LeaderElection58] INFO  impl.RoleInfo (RoleInfo.java:updateAndGet(143)) - bf0294df-29fd-466f-9d35-8ddf7c1a92ac: start LeaderState
2019-10-12 06:07:56,720 [bf0294df-29fd-466f-9d35-8ddf7c1a92ac@group-D8E255A89DE6-LeaderElection58] INFO  segmented.SegmentedRaftLogWorker (SegmentedRaftLogWorker.java:startLogSegment(385)) - bf0294df-29fd-466f-9d35-8ddf7c1a92ac@group-D8E255A89DE6-SegmentedRaftLogWorker: Starting segment from index:0
2019-10-12 06:07:56,720 [bf0294df-29fd-466f-9d35-8ddf7c1a92ac@group-D8E255A89DE6-LeaderElection58] INFO  impl.RaftServerImpl (ServerState.java:setRaftConf(356)) - bf0294df-29fd-466f-9d35-8ddf7c1a92ac@group-D8E255A89DE6: set configuration 0: [bf0294df-29fd-466f-9d35-8ddf7c1a92ac:192.168.164.199:44039], old=null at 0
2019-10-12 06:07:56,741 [273e8682-2aac-43c4-a4bf-5876899d2fb2@group-5D642581B06C-LeaderElection59] INFO  impl.LeaderElection (LeaderElection.java:askForVotes(178)) - 273e8682-2aac-43c4-a4bf-5876899d2fb2@group-5D642581B06C-LeaderElection59: begin an election at term 1 for -1: [273e8682-2aac-43c4-a4bf-5876899d2fb2:192.168.164.199:38250], old=null
2019-10-12 06:07:56,741 [273e8682-2aac-43c4-a4bf-5876899d2fb2@group-5D642581B06C-LeaderElection59] INFO  impl.RoleInfo (RoleInfo.java:shutdownLeaderElection(134)) - 273e8682-2aac-43c4-a4bf-5876899d2fb2: shutdown LeaderElection
2019-10-12 06:07:56,742 [273e8682-2aac-43c4-a4bf-5876899d2fb2@group-5D642581B06C-LeaderElection59] INFO  impl.RaftServerImpl (RaftServerImpl.java:setRole(170)) - 273e8682-2aac-43c4-a4bf-5876899d2fb2@group-5D642581B06C: changes role from CANDIDATE to LEADER at term 1 for changeToLeader
2019-10-12 06:07:56,742 [273e8682-2aac-43c4-a4bf-5876899d2fb2@group-5D642581B06C-LeaderElection59] INFO  impl.RaftServerImpl (ServerState.java:setLeader(255)) - 273e8682-2aac-43c4-a4bf-5876899d2fb2@group-5D642581B06C: change Leader from null to 273e8682-2aac-43c4-a4bf-5876899d2fb2 at term 1 for becomeLeader, leader elected after 5115ms
2019-10-12 06:07:56,742 [273e8682-2aac-43c4-a4bf-5876899d2fb2@group-5D642581B06C-LeaderElection59] INFO  server.RaftServerConfigKeys (ConfUtils.java:logGet(43)) - raft.server.staging.catchup.gap = 1000 (default)
2019-10-12 06:07:56,742 [273e8682-2aac-43c4-a4bf-5876899d2fb2@group-5D642581B06C-LeaderElection59] INFO  server.RaftServerConfigKeys (ConfUtils.java:logGet(43)) - raft.server.rpc.sleep.time = 25ms (default)
2019-10-12 06:07:56,742 [273e8682-2aac-43c4-a4bf-5876899d2fb2@group-5D642581B06C-LeaderElection59] INFO  server.RaftServerConfigKeys (ConfUtils.java:logGet(43)) - raft.server.write.element-limit = 4096 (default)
2019-10-12 06:07:56,742 [273e8682-2aac-43c4-a4bf-5876899d2fb2@group-5D642581B06C-LeaderElection59] INFO  server.RaftServerConfigKeys (ConfUtils.java:logGet(43)) - raft.server.watch.timeout = 10s (default)
2019-10-12 06:07:56,743 [273e8682-2aac-43c4-a4bf-5876899d2fb2@group-5D642581B06C-LeaderElection59] INFO  server.RaftServerConfigKeys (ConfUtils.java:logGet(43)) - raft.server.watch.timeout.denomination = 1s (default)
2019-10-12 06:07:56,743 [273e8682-2aac-43c4-a4bf-5876899d2fb2@group-5D642581B06C-LeaderElection59] INFO  server.RaftServerConfigKeys (ConfUtils.java:logGet(43)) - raft.server.watch.element-limit = 65536 (default)
2019-10-12 06:07:56,745 [273e8682-2aac-43c4-a4bf-5876899d2fb2@group-5D642581B06C-LeaderElection59] INFO  impl.RoleInfo (RoleInfo.java:updateAndGet(143)) - 273e8682-2aac-43c4-a4bf-5876899d2fb2: start LeaderState
2019-10-12 06:07:56,745 [273e8682-2aac-43c4-a4bf-5876899d2fb2@group-5D642581B06C-LeaderElection59] INFO  segmented.SegmentedRaftLogWorker (SegmentedRaftLogWorker.java:startLogSegment(385)) - 273e8682-2aac-43c4-a4bf-5876899d2fb2@group-5D642581B06C-SegmentedRaftLogWorker: Starting segment from index:0
2019-10-12 06:07:56,746 [273e8682-2aac-43c4-a4bf-5876899d2fb2@group-5D642581B06C-LeaderElection59] INFO  impl.RaftServerImpl (ServerState.java:setRaftConf(356)) - 273e8682-2aac-43c4-a4bf-5876899d2fb2@group-5D642581B06C: set configuration 0: [273e8682-2aac-43c4-a4bf-5876899d2fb2:192.168.164.199:38250], old=null at 0
2019-10-12 06:07:56,775 [bf0294df-29fd-466f-9d35-8ddf7c1a92ac@group-D8E255A89DE6-SegmentedRaftLogWorker] INFO  segmented.SegmentedRaftLogWorker (SegmentedRaftLogWorker.java:execute(574)) - bf0294df-29fd-466f-9d35-8ddf7c1a92ac@group-D8E255A89DE6-SegmentedRaftLogWorker: created new log segment /workdir/hadoop-ozone/integration-test/target/test-dir/MiniOzoneClusterImpl-9624e39d-339a-428b-bb52-387f80fe3ded/datanode-3/data/ratis/8e914310-681e-4c54-8469-d8e255a89de6/current/log_inprogress_0
2019-10-12 06:07:56,800 [273e8682-2aac-43c4-a4bf-5876899d2fb2@group-5D642581B06C-SegmentedRaftLogWorker] INFO  segmented.SegmentedRaftLogWorker (SegmentedRaftLogWorker.java:execute(574)) - 273e8682-2aac-43c4-a4bf-5876899d2fb2@group-5D642581B06C-SegmentedRaftLogWorker: created new log segment /workdir/hadoop-ozone/integration-test/target/test-dir/MiniOzoneClusterImpl-9624e39d-339a-428b-bb52-387f80fe3ded/datanode-5/data/ratis/2de09671-c6bd-4dac-b165-5d642581b06c/current/log_inprogress_0
2019-10-12 06:07:56,869 [Thread-2329] INFO  impl.FollowerState (FollowerState.java:run(108)) - 0e1fe170-d9f8-469b-8a06-cf8ecccb8b0b@group-0DF175B9C3AB-FollowerState: change to CANDIDATE, lastRpcTime:5102ms, electionTimeout:5102ms
2019-10-12 06:07:56,869 [Thread-2329] INFO  impl.RoleInfo (RoleInfo.java:shutdownFollowerState(121)) - 0e1fe170-d9f8-469b-8a06-cf8ecccb8b0b: shutdown FollowerState
2019-10-12 06:07:56,869 [Thread-2329] INFO  impl.RaftServerImpl (RaftServerImpl.java:setRole(170)) - 0e1fe170-d9f8-469b-8a06-cf8ecccb8b0b@group-0DF175B9C3AB: changes role from  FOLLOWER to CANDIDATE at term 0 for changeToCandidate
2019-10-12 06:07:56,869 [Thread-2329] INFO  impl.RoleInfo (RoleInfo.java:updateAndGet(143)) - 0e1fe170-d9f8-469b-8a06-cf8ecccb8b0b: start LeaderElection
2019-10-12 06:07:56,900 [0e1fe170-d9f8-469b-8a06-cf8ecccb8b0b@group-0DF175B9C3AB-LeaderElection60] INFO  impl.LeaderElection (LeaderElection.java:askForVotes(178)) - 0e1fe170-d9f8-469b-8a06-cf8ecccb8b0b@group-0DF175B9C3AB-LeaderElection60: begin an election at term 1 for -1: [0e1fe170-d9f8-469b-8a06-cf8ecccb8b0b:192.168.164.199:37815], old=null
2019-10-12 06:07:56,901 [0e1fe170-d9f8-469b-8a06-cf8ecccb8b0b@group-0DF175B9C3AB-LeaderElection60] INFO  impl.RoleInfo (RoleInfo.java:shutdownLeaderElection(134)) - 0e1fe170-d9f8-469b-8a06-cf8ecccb8b0b: shutdown LeaderElection
2019-10-12 06:07:56,901 [0e1fe170-d9f8-469b-8a06-cf8ecccb8b0b@group-0DF175B9C3AB-LeaderElection60] INFO  impl.RaftServerImpl (RaftServerImpl.java:setRole(170)) - 0e1fe170-d9f8-469b-8a06-cf8ecccb8b0b@group-0DF175B9C3AB: changes role from CANDIDATE to LEADER at term 1 for changeToLeader
2019-10-12 06:07:56,901 [0e1fe170-d9f8-469b-8a06-cf8ecccb8b0b@group-0DF175B9C3AB-LeaderElection60] INFO  impl.RaftServerImpl (ServerState.java:setLeader(255)) - 0e1fe170-d9f8-469b-8a06-cf8ecccb8b0b@group-0DF175B9C3AB: change Leader from null to 0e1fe170-d9f8-469b-8a06-cf8ecccb8b0b at term 1 for becomeLeader, leader elected after 5140ms
2019-10-12 06:07:56,901 [0e1fe170-d9f8-469b-8a06-cf8ecccb8b0b@group-0DF175B9C3AB-LeaderElection60] INFO  server.RaftServerConfigKeys (ConfUtils.java:logGet(43)) - raft.server.staging.catchup.gap = 1000 (default)
2019-10-12 06:07:56,901 [0e1fe170-d9f8-469b-8a06-cf8ecccb8b0b@group-0DF175B9C3AB-LeaderElection60] INFO  server.RaftServerConfigKeys (ConfUtils.java:logGet(43)) - raft.server.rpc.sleep.time = 25ms (default)
2019-10-12 06:07:56,901 [0e1fe170-d9f8-469b-8a06-cf8ecccb8b0b@group-0DF175B9C3AB-LeaderElection60] INFO  server.RaftServerConfigKeys (ConfUtils.java:logGet(43)) - raft.server.write.element-limit = 4096 (default)
2019-10-12 06:07:56,901 [0e1fe170-d9f8-469b-8a06-cf8ecccb8b0b@group-0DF175B9C3AB-LeaderElection60] INFO  server.RaftServerConfigKeys (ConfUtils.java:logGet(43)) - raft.server.watch.timeout = 10s (default)
2019-10-12 06:07:56,901 [0e1fe170-d9f8-469b-8a06-cf8ecccb8b0b@group-0DF175B9C3AB-LeaderElection60] INFO  server.RaftServerConfigKeys (ConfUtils.java:logGet(43)) - raft.server.watch.timeout.denomination = 1s (default)
2019-10-12 06:07:56,901 [0e1fe170-d9f8-469b-8a06-cf8ecccb8b0b@group-0DF175B9C3AB-LeaderElection60] INFO  server.RaftServerConfigKeys (ConfUtils.java:logGet(43)) - raft.server.watch.element-limit = 65536 (default)
2019-10-12 06:07:56,903 [0e1fe170-d9f8-469b-8a06-cf8ecccb8b0b@group-0DF175B9C3AB-LeaderElection60] INFO  impl.RoleInfo (RoleInfo.java:updateAndGet(143)) - 0e1fe170-d9f8-469b-8a06-cf8ecccb8b0b: start LeaderState
2019-10-12 06:07:56,903 [0e1fe170-d9f8-469b-8a06-cf8ecccb8b0b@group-0DF175B9C3AB-LeaderElection60] INFO  segmented.SegmentedRaftLogWorker (SegmentedRaftLogWorker.java:startLogSegment(385)) - 0e1fe170-d9f8-469b-8a06-cf8ecccb8b0b@group-0DF175B9C3AB-SegmentedRaftLogWorker: Starting segment from index:0
2019-10-12 06:07:56,903 [0e1fe170-d9f8-469b-8a06-cf8ecccb8b0b@group-0DF175B9C3AB-LeaderElection60] INFO  impl.RaftServerImpl (ServerState.java:setRaftConf(356)) - 0e1fe170-d9f8-469b-8a06-cf8ecccb8b0b@group-0DF175B9C3AB: set configuration 0: [0e1fe170-d9f8-469b-8a06-cf8ecccb8b0b:192.168.164.199:37815], old=null at 0
2019-10-12 06:07:56,929 [Thread-2335] INFO  impl.FollowerState (FollowerState.java:run(108)) - bf0294df-29fd-466f-9d35-8ddf7c1a92ac@group-367773B11764-FollowerState: change to CANDIDATE, lastRpcTime:5079ms, electionTimeout:5079ms
2019-10-12 06:07:56,930 [Thread-2335] INFO  impl.RoleInfo (RoleInfo.java:shutdownFollowerState(121)) - bf0294df-29fd-466f-9d35-8ddf7c1a92ac: shutdown FollowerState
2019-10-12 06:07:56,930 [Thread-2335] INFO  impl.RaftServerImpl (RaftServerImpl.java:setRole(170)) - bf0294df-29fd-466f-9d35-8ddf7c1a92ac@group-367773B11764: changes role from  FOLLOWER to CANDIDATE at term 0 for changeToCandidate
2019-10-12 06:07:56,930 [Thread-2335] INFO  impl.RoleInfo (RoleInfo.java:updateAndGet(143)) - bf0294df-29fd-466f-9d35-8ddf7c1a92ac: start LeaderElection
2019-10-12 06:07:56,934 [Thread-2337] INFO  impl.FollowerState (FollowerState.java:run(108)) - 470f79e9-f29d-4e58-b937-995f09fb99f4@group-367773B11764-FollowerState: change to CANDIDATE, lastRpcTime:5083ms, electionTimeout:5081ms
2019-10-12 06:07:56,939 [Thread-2337] INFO  impl.RoleInfo (RoleInfo.java:shutdownFollowerState(121)) - 470f79e9-f29d-4e58-b937-995f09fb99f4: shutdown FollowerState
2019-10-12 06:07:56,939 [Thread-2337] INFO  impl.RaftServerImpl (RaftServerImpl.java:setRole(170)) - 470f79e9-f29d-4e58-b937-995f09fb99f4@group-367773B11764: changes role from  FOLLOWER to CANDIDATE at term 0 for changeToCandidate
2019-10-12 06:07:56,939 [Thread-2337] INFO  impl.RoleInfo (RoleInfo.java:updateAndGet(143)) - 470f79e9-f29d-4e58-b937-995f09fb99f4: start LeaderElection
2019-10-12 06:07:56,970 [Thread-2345] INFO  impl.FollowerState (FollowerState.java:run(108)) - d4ad8180-4284-42ba-a8fc-dc1b61d04970@group-3C567AC9281D-FollowerState: change to CANDIDATE, lastRpcTime:5029ms, electionTimeout:5029ms
2019-10-12 06:07:56,971 [Thread-2345] INFO  impl.RoleInfo (RoleInfo.java:shutdownFollowerState(121)) - d4ad8180-4284-42ba-a8fc-dc1b61d04970: shutdown FollowerState
2019-10-12 06:07:56,971 [Thread-2345] INFO  impl.RaftServerImpl (RaftServerImpl.java:setRole(170)) - d4ad8180-4284-42ba-a8fc-dc1b61d04970@group-3C567AC9281D: changes role from  FOLLOWER to CANDIDATE at term 0 for changeToCandidate
2019-10-12 06:07:56,971 [Thread-2345] INFO  impl.RoleInfo (RoleInfo.java:updateAndGet(143)) - d4ad8180-4284-42ba-a8fc-dc1b61d04970: start LeaderElection
2019-10-12 06:07:56,979 [0e1fe170-d9f8-469b-8a06-cf8ecccb8b0b@group-0DF175B9C3AB-SegmentedRaftLogWorker] INFO  segmented.SegmentedRaftLogWorker (SegmentedRaftLogWorker.java:execute(574)) - 0e1fe170-d9f8-469b-8a06-cf8ecccb8b0b@group-0DF175B9C3AB-SegmentedRaftLogWorker: created new log segment /workdir/hadoop-ozone/integration-test/target/test-dir/MiniOzoneClusterImpl-9624e39d-339a-428b-bb52-387f80fe3ded/datanode-6/data/ratis/fc5d60e2-4541-4d3e-8024-0df175b9c3ab/current/log_inprogress_0
2019-10-12 06:07:56,979 [470f79e9-f29d-4e58-b937-995f09fb99f4@group-367773B11764-LeaderElection62] INFO  impl.LeaderElection (LeaderElection.java:askForVotes(178)) - 470f79e9-f29d-4e58-b937-995f09fb99f4@group-367773B11764-LeaderElection62: begin an election at term 1 for -1: [bf0294df-29fd-466f-9d35-8ddf7c1a92ac:192.168.164.199:44039, 470f79e9-f29d-4e58-b937-995f09fb99f4:192.168.164.199:44327, 273e8682-2aac-43c4-a4bf-5876899d2fb2:192.168.164.199:38250], old=null
2019-10-12 06:07:56,979 [bf0294df-29fd-466f-9d35-8ddf7c1a92ac@group-367773B11764-LeaderElection61] INFO  impl.LeaderElection (LeaderElection.java:askForVotes(178)) - bf0294df-29fd-466f-9d35-8ddf7c1a92ac@group-367773B11764-LeaderElection61: begin an election at term 1 for -1: [bf0294df-29fd-466f-9d35-8ddf7c1a92ac:192.168.164.199:44039, 470f79e9-f29d-4e58-b937-995f09fb99f4:192.168.164.199:44327, 273e8682-2aac-43c4-a4bf-5876899d2fb2:192.168.164.199:38250], old=null
2019-10-12 06:07:56,987 [grpc-default-executor-5] INFO  impl.RaftServerImpl (RaftServerImpl.java:setRole(170)) - 273e8682-2aac-43c4-a4bf-5876899d2fb2@group-367773B11764: changes role from  FOLLOWER to FOLLOWER at term 1 for recognizeCandidate:bf0294df-29fd-466f-9d35-8ddf7c1a92ac
2019-10-12 06:07:56,987 [grpc-default-executor-5] INFO  impl.RoleInfo (RoleInfo.java:shutdownFollowerState(121)) - 273e8682-2aac-43c4-a4bf-5876899d2fb2: shutdown FollowerState
2019-10-12 06:07:56,990 [grpc-default-executor-5] INFO  impl.RoleInfo (RoleInfo.java:updateAndGet(143)) - 273e8682-2aac-43c4-a4bf-5876899d2fb2: start FollowerState
2019-10-12 06:07:56,990 [Thread-2332] INFO  impl.FollowerState (FollowerState.java:run(117)) - 273e8682-2aac-43c4-a4bf-5876899d2fb2@group-367773B11764-FollowerState was interrupted: java.lang.InterruptedException: sleep interrupted
2019-10-12 06:07:57,001 [d4ad8180-4284-42ba-a8fc-dc1b61d04970@group-3C567AC9281D-LeaderElection63] INFO  impl.LeaderElection (LeaderElection.java:askForVotes(178)) - d4ad8180-4284-42ba-a8fc-dc1b61d04970@group-3C567AC9281D-LeaderElection63: begin an election at term 1 for -1: [2ebb7635-daab-435f-9a19-1869a63f325d:192.168.164.199:35867, d4ad8180-4284-42ba-a8fc-dc1b61d04970:192.168.164.199:41831, 0e1fe170-d9f8-469b-8a06-cf8ecccb8b0b:192.168.164.199:37815], old=null
2019-10-12 06:07:57,009 [grpc-default-executor-6] INFO  impl.RaftServerImpl (RaftServerImpl.java:setRole(170)) - 2ebb7635-daab-435f-9a19-1869a63f325d@group-3C567AC9281D: changes role from  FOLLOWER to FOLLOWER at term 1 for recognizeCandidate:d4ad8180-4284-42ba-a8fc-dc1b61d04970
2019-10-12 06:07:57,009 [grpc-default-executor-1] INFO  impl.RaftServerImpl (RaftServerImpl.java:setRole(170)) - 0e1fe170-d9f8-469b-8a06-cf8ecccb8b0b@group-3C567AC9281D: changes role from  FOLLOWER to FOLLOWER at term 1 for recognizeCandidate:d4ad8180-4284-42ba-a8fc-dc1b61d04970
2019-10-12 06:07:57,009 [grpc-default-executor-6] INFO  impl.RoleInfo (RoleInfo.java:shutdownFollowerState(121)) - 2ebb7635-daab-435f-9a19-1869a63f325d: shutdown FollowerState
2019-10-12 06:07:57,009 [grpc-default-executor-1] INFO  impl.RoleInfo (RoleInfo.java:shutdownFollowerState(121)) - 0e1fe170-d9f8-469b-8a06-cf8ecccb8b0b: shutdown FollowerState
2019-10-12 06:07:57,009 [grpc-default-executor-6] INFO  impl.RoleInfo (RoleInfo.java:updateAndGet(143)) - 2ebb7635-daab-435f-9a19-1869a63f325d: start FollowerState
2019-10-12 06:07:57,010 [Thread-2344] INFO  impl.FollowerState (FollowerState.java:run(117)) - 2ebb7635-daab-435f-9a19-1869a63f325d@group-3C567AC9281D-FollowerState was interrupted: java.lang.InterruptedException: sleep interrupted
2019-10-12 06:07:57,010 [grpc-default-executor-1] INFO  impl.RoleInfo (RoleInfo.java:updateAndGet(143)) - 0e1fe170-d9f8-469b-8a06-cf8ecccb8b0b: start FollowerState
2019-10-12 06:07:57,010 [Thread-2343] INFO  impl.FollowerState (FollowerState.java:run(117)) - 0e1fe170-d9f8-469b-8a06-cf8ecccb8b0b@group-3C567AC9281D-FollowerState was interrupted: java.lang.InterruptedException: sleep interrupted
2019-10-12 06:07:57,019 [470f79e9-f29d-4e58-b937-995f09fb99f4@group-367773B11764-LeaderElection62] INFO  impl.LeaderElection (LeaderElection.java:logAndReturn(56)) - 470f79e9-f29d-4e58-b937-995f09fb99f4@group-367773B11764-LeaderElection62: Election REJECTED; received 2 response(s) [470f79e9-f29d-4e58-b937-995f09fb99f4<-bf0294df-29fd-466f-9d35-8ddf7c1a92ac#0:FAIL-t1, 470f79e9-f29d-4e58-b937-995f09fb99f4<-273e8682-2aac-43c4-a4bf-5876899d2fb2#0:FAIL-t1] and 0 exception(s); 470f79e9-f29d-4e58-b937-995f09fb99f4@group-367773B11764:t1, leader=null, voted=470f79e9-f29d-4e58-b937-995f09fb99f4, raftlog=470f79e9-f29d-4e58-b937-995f09fb99f4@group-367773B11764-SegmentedRaftLog:OPENED:c-1,f-1,i0, conf=-1: [bf0294df-29fd-466f-9d35-8ddf7c1a92ac:192.168.164.199:44039, 470f79e9-f29d-4e58-b937-995f09fb99f4:192.168.164.199:44327, 273e8682-2aac-43c4-a4bf-5876899d2fb2:192.168.164.199:38250], old=null
2019-10-12 06:07:57,019 [bf0294df-29fd-466f-9d35-8ddf7c1a92ac@group-367773B11764-LeaderElection61] INFO  impl.LeaderElection (LeaderElection.java:logAndReturn(56)) - bf0294df-29fd-466f-9d35-8ddf7c1a92ac@group-367773B11764-LeaderElection61: Election PASSED; received 2 response(s) [bf0294df-29fd-466f-9d35-8ddf7c1a92ac<-470f79e9-f29d-4e58-b937-995f09fb99f4#0:FAIL-t1, bf0294df-29fd-466f-9d35-8ddf7c1a92ac<-273e8682-2aac-43c4-a4bf-5876899d2fb2#0:OK-t1] and 0 exception(s); bf0294df-29fd-466f-9d35-8ddf7c1a92ac@group-367773B11764:t1, leader=null, voted=bf0294df-29fd-466f-9d35-8ddf7c1a92ac, raftlog=bf0294df-29fd-466f-9d35-8ddf7c1a92ac@group-367773B11764-SegmentedRaftLog:OPENED:c-1,f-1,i0, conf=-1: [bf0294df-29fd-466f-9d35-8ddf7c1a92ac:192.168.164.199:44039, 470f79e9-f29d-4e58-b937-995f09fb99f4:192.168.164.199:44327, 273e8682-2aac-43c4-a4bf-5876899d2fb2:192.168.164.199:38250], old=null
2019-10-12 06:07:57,019 [470f79e9-f29d-4e58-b937-995f09fb99f4@group-367773B11764-LeaderElection62] INFO  impl.RaftServerImpl (RaftServerImpl.java:setRole(170)) - 470f79e9-f29d-4e58-b937-995f09fb99f4@group-367773B11764: changes role from CANDIDATE to FOLLOWER at term 1 for DISCOVERED_A_NEW_TERM
2019-10-12 06:07:57,022 [470f79e9-f29d-4e58-b937-995f09fb99f4@group-367773B11764-LeaderElection62] INFO  impl.RoleInfo (RoleInfo.java:shutdownLeaderElection(134)) - 470f79e9-f29d-4e58-b937-995f09fb99f4: shutdown LeaderElection
2019-10-12 06:07:57,022 [bf0294df-29fd-466f-9d35-8ddf7c1a92ac@group-367773B11764-LeaderElection61] INFO  impl.RoleInfo (RoleInfo.java:shutdownLeaderElection(134)) - bf0294df-29fd-466f-9d35-8ddf7c1a92ac: shutdown LeaderElection
2019-10-12 06:07:57,022 [470f79e9-f29d-4e58-b937-995f09fb99f4@group-367773B11764-LeaderElection62] INFO  impl.RoleInfo (RoleInfo.java:updateAndGet(143)) - 470f79e9-f29d-4e58-b937-995f09fb99f4: start FollowerState
2019-10-12 06:07:57,024 [bf0294df-29fd-466f-9d35-8ddf7c1a92ac@group-367773B11764-LeaderElection61] INFO  impl.RaftServerImpl (RaftServerImpl.java:setRole(170)) - bf0294df-29fd-466f-9d35-8ddf7c1a92ac@group-367773B11764: changes role from CANDIDATE to LEADER at term 1 for changeToLeader
2019-10-12 06:07:57,024 [bf0294df-29fd-466f-9d35-8ddf7c1a92ac@group-367773B11764-LeaderElection61] INFO  impl.RaftServerImpl (ServerState.java:setLeader(255)) - bf0294df-29fd-466f-9d35-8ddf7c1a92ac@group-367773B11764: change Leader from null to bf0294df-29fd-466f-9d35-8ddf7c1a92ac at term 1 for becomeLeader, leader elected after 5187ms
2019-10-12 06:07:57,024 [bf0294df-29fd-466f-9d35-8ddf7c1a92ac@group-367773B11764-LeaderElection61] INFO  server.RaftServerConfigKeys (ConfUtils.java:logGet(43)) - raft.server.staging.catchup.gap = 1000 (default)
2019-10-12 06:07:57,024 [bf0294df-29fd-466f-9d35-8ddf7c1a92ac@group-367773B11764-LeaderElection61] INFO  server.RaftServerConfigKeys (ConfUtils.java:logGet(43)) - raft.server.rpc.sleep.time = 25ms (default)
2019-10-12 06:07:57,024 [bf0294df-29fd-466f-9d35-8ddf7c1a92ac@group-367773B11764-LeaderElection61] INFO  server.RaftServerConfigKeys (ConfUtils.java:logGet(43)) - raft.server.write.element-limit = 4096 (default)
2019-10-12 06:07:57,024 [bf0294df-29fd-466f-9d35-8ddf7c1a92ac@group-367773B11764-LeaderElection61] INFO  server.RaftServerConfigKeys (ConfUtils.java:logGet(43)) - raft.server.watch.timeout = 10s (default)
2019-10-12 06:07:57,024 [bf0294df-29fd-466f-9d35-8ddf7c1a92ac@group-367773B11764-LeaderElection61] INFO  server.RaftServerConfigKeys (ConfUtils.java:logGet(43)) - raft.server.watch.timeout.denomination = 1s (default)
2019-10-12 06:07:57,025 [bf0294df-29fd-466f-9d35-8ddf7c1a92ac@group-367773B11764-LeaderElection61] INFO  server.RaftServerConfigKeys (ConfUtils.java:logGet(43)) - raft.server.watch.element-limit = 65536 (default)
2019-10-12 06:07:57,026 [bf0294df-29fd-466f-9d35-8ddf7c1a92ac@group-367773B11764-LeaderElection61] INFO  server.RaftServerConfigKeys (ConfUtils.java:logGet(43)) - raft.server.log.appender.snapshot.chunk.size.max = 16MB (=16777216) (default)
2019-10-12 06:07:57,026 [bf0294df-29fd-466f-9d35-8ddf7c1a92ac@group-367773B11764-LeaderElection61] INFO  server.RaftServerConfigKeys (ConfUtils.java:logGet(43)) - raft.server.log.appender.buffer.byte-limit = 33554432 (custom)
2019-10-12 06:07:57,026 [bf0294df-29fd-466f-9d35-8ddf7c1a92ac@group-367773B11764-LeaderElection61] INFO  server.RaftServerConfigKeys (ConfUtils.java:logGet(43)) - raft.server.log.appender.buffer.element-limit = 1 (custom)
2019-10-12 06:07:57,026 [bf0294df-29fd-466f-9d35-8ddf7c1a92ac@group-367773B11764-LeaderElection61] INFO  grpc.GrpcConfigKeys$Server (ConfUtils.java:logGet(43)) - raft.grpc.server.leader.outstanding.appends.max = 128 (default)
2019-10-12 06:07:57,026 [bf0294df-29fd-466f-9d35-8ddf7c1a92ac@group-367773B11764-LeaderElection61] INFO  server.RaftServerConfigKeys (ConfUtils.java:logGet(43)) - raft.server.rpc.request.timeout = 3000ms (default)
2019-10-12 06:07:57,027 [bf0294df-29fd-466f-9d35-8ddf7c1a92ac@group-367773B11764-LeaderElection61] INFO  server.RaftServerConfigKeys (ConfUtils.java:logGet(43)) - raft.server.log.appender.install.snapshot.enabled = false (custom)
2019-10-12 06:07:57,027 [bf0294df-29fd-466f-9d35-8ddf7c1a92ac@group-367773B11764-LeaderElection61] INFO  server.RaftServerConfigKeys (ConfUtils.java:logGet(43)) - raft.server.log.appender.snapshot.chunk.size.max = 16MB (=16777216) (default)
2019-10-12 06:07:57,027 [bf0294df-29fd-466f-9d35-8ddf7c1a92ac@group-367773B11764-LeaderElection61] INFO  server.RaftServerConfigKeys (ConfUtils.java:logGet(43)) - raft.server.log.appender.buffer.byte-limit = 33554432 (custom)
2019-10-12 06:07:57,027 [bf0294df-29fd-466f-9d35-8ddf7c1a92ac@group-367773B11764-LeaderElection61] INFO  server.RaftServerConfigKeys (ConfUtils.java:logGet(43)) - raft.server.log.appender.buffer.element-limit = 1 (custom)
2019-10-12 06:07:57,027 [bf0294df-29fd-466f-9d35-8ddf7c1a92ac@group-367773B11764-LeaderElection61] INFO  grpc.GrpcConfigKeys$Server (ConfUtils.java:logGet(43)) - raft.grpc.server.leader.outstanding.appends.max = 128 (default)
2019-10-12 06:07:57,027 [bf0294df-29fd-466f-9d35-8ddf7c1a92ac@group-367773B11764-LeaderElection61] INFO  server.RaftServerConfigKeys (ConfUtils.java:logGet(43)) - raft.server.rpc.request.timeout = 3000ms (default)
2019-10-12 06:07:57,027 [bf0294df-29fd-466f-9d35-8ddf7c1a92ac@group-367773B11764-LeaderElection61] INFO  server.RaftServerConfigKeys (ConfUtils.java:logGet(43)) - raft.server.log.appender.install.snapshot.enabled = false (custom)
2019-10-12 06:07:57,027 [bf0294df-29fd-466f-9d35-8ddf7c1a92ac@group-367773B11764-LeaderElection61] INFO  impl.RoleInfo (RoleInfo.java:updateAndGet(143)) - bf0294df-29fd-466f-9d35-8ddf7c1a92ac: start LeaderState
2019-10-12 06:07:57,028 [bf0294df-29fd-466f-9d35-8ddf7c1a92ac@group-367773B11764-LeaderElection61] INFO  segmented.SegmentedRaftLogWorker (SegmentedRaftLogWorker.java:startLogSegment(385)) - bf0294df-29fd-466f-9d35-8ddf7c1a92ac@group-367773B11764-SegmentedRaftLogWorker: Starting segment from index:0
2019-10-12 06:07:57,028 [bf0294df-29fd-466f-9d35-8ddf7c1a92ac@group-367773B11764-LeaderElection61] INFO  impl.RaftServerImpl (ServerState.java:setRaftConf(356)) - bf0294df-29fd-466f-9d35-8ddf7c1a92ac@group-367773B11764: set configuration 0: [bf0294df-29fd-466f-9d35-8ddf7c1a92ac:192.168.164.199:44039, 470f79e9-f29d-4e58-b937-995f09fb99f4:192.168.164.199:44327, 273e8682-2aac-43c4-a4bf-5876899d2fb2:192.168.164.199:38250], old=null at 0
2019-10-12 06:07:57,030 [grpc-default-executor-4] INFO  impl.RaftServerImpl (ServerState.java:setLeader(255)) - 273e8682-2aac-43c4-a4bf-5876899d2fb2@group-367773B11764: change Leader from null to bf0294df-29fd-466f-9d35-8ddf7c1a92ac at term 1 for appendEntries, leader elected after 5193ms
2019-10-12 06:07:57,030 [grpc-default-executor-5] INFO  impl.RaftServerImpl (ServerState.java:setLeader(255)) - 470f79e9-f29d-4e58-b937-995f09fb99f4@group-367773B11764: change Leader from null to bf0294df-29fd-466f-9d35-8ddf7c1a92ac at term 1 for appendEntries, leader elected after 5194ms
2019-10-12 06:07:57,065 [d4ad8180-4284-42ba-a8fc-dc1b61d04970@group-3C567AC9281D-LeaderElection63] INFO  impl.LeaderElection (LeaderElection.java:logAndReturn(56)) - d4ad8180-4284-42ba-a8fc-dc1b61d04970@group-3C567AC9281D-LeaderElection63: Election PASSED; received 1 response(s) [d4ad8180-4284-42ba-a8fc-dc1b61d04970<-2ebb7635-daab-435f-9a19-1869a63f325d#0:OK-t1] and 0 exception(s); d4ad8180-4284-42ba-a8fc-dc1b61d04970@group-3C567AC9281D:t1, leader=null, voted=d4ad8180-4284-42ba-a8fc-dc1b61d04970, raftlog=d4ad8180-4284-42ba-a8fc-dc1b61d04970@group-3C567AC9281D-SegmentedRaftLog:OPENED:c-1,f-1,i0, conf=-1: [2ebb7635-daab-435f-9a19-1869a63f325d:192.168.164.199:35867, d4ad8180-4284-42ba-a8fc-dc1b61d04970:192.168.164.199:41831, 0e1fe170-d9f8-469b-8a06-cf8ecccb8b0b:192.168.164.199:37815], old=null
2019-10-12 06:07:57,065 [d4ad8180-4284-42ba-a8fc-dc1b61d04970@group-3C567AC9281D-LeaderElection63] INFO  impl.RoleInfo (RoleInfo.java:shutdownLeaderElection(134)) - d4ad8180-4284-42ba-a8fc-dc1b61d04970: shutdown LeaderElection
2019-10-12 06:07:57,065 [d4ad8180-4284-42ba-a8fc-dc1b61d04970@group-3C567AC9281D-LeaderElection63] INFO  impl.RaftServerImpl (RaftServerImpl.java:setRole(170)) - d4ad8180-4284-42ba-a8fc-dc1b61d04970@group-3C567AC9281D: changes role from CANDIDATE to LEADER at term 1 for changeToLeader
2019-10-12 06:07:57,066 [d4ad8180-4284-42ba-a8fc-dc1b61d04970@group-3C567AC9281D-LeaderElection63] INFO  impl.RaftServerImpl (ServerState.java:setLeader(255)) - d4ad8180-4284-42ba-a8fc-dc1b61d04970@group-3C567AC9281D: change Leader from null to d4ad8180-4284-42ba-a8fc-dc1b61d04970 at term 1 for becomeLeader, leader elected after 5135ms
2019-10-12 06:07:57,066 [d4ad8180-4284-42ba-a8fc-dc1b61d04970@group-3C567AC9281D-LeaderElection63] INFO  server.RaftServerConfigKeys (ConfUtils.java:logGet(43)) - raft.server.staging.catchup.gap = 1000 (default)
2019-10-12 06:07:57,066 [d4ad8180-4284-42ba-a8fc-dc1b61d04970@group-3C567AC9281D-LeaderElection63] INFO  server.RaftServerConfigKeys (ConfUtils.java:logGet(43)) - raft.server.rpc.sleep.time = 25ms (default)
2019-10-12 06:07:57,066 [d4ad8180-4284-42ba-a8fc-dc1b61d04970@group-3C567AC9281D-LeaderElection63] INFO  server.RaftServerConfigKeys (ConfUtils.java:logGet(43)) - raft.server.write.element-limit = 4096 (default)
2019-10-12 06:07:57,066 [grpc-default-executor-1] INFO  impl.RaftServerImpl (ServerState.java:setRaftConf(356)) - 470f79e9-f29d-4e58-b937-995f09fb99f4@group-367773B11764: set configuration 0: [bf0294df-29fd-466f-9d35-8ddf7c1a92ac:192.168.164.199:44039, 470f79e9-f29d-4e58-b937-995f09fb99f4:192.168.164.199:44327, 273e8682-2aac-43c4-a4bf-5876899d2fb2:192.168.164.199:38250], old=null at 0
2019-10-12 06:07:57,069 [d4ad8180-4284-42ba-a8fc-dc1b61d04970@group-3C567AC9281D-LeaderElection63] INFO  server.RaftServerConfigKeys (ConfUtils.java:logGet(43)) - raft.server.watch.timeout = 10s (default)
2019-10-12 06:07:57,066 [grpc-default-executor-6] INFO  impl.RaftServerImpl (ServerState.java:setRaftConf(356)) - 273e8682-2aac-43c4-a4bf-5876899d2fb2@group-367773B11764: set configuration 0: [bf0294df-29fd-466f-9d35-8ddf7c1a92ac:192.168.164.199:44039, 470f79e9-f29d-4e58-b937-995f09fb99f4:192.168.164.199:44327, 273e8682-2aac-43c4-a4bf-5876899d2fb2:192.168.164.199:38250], old=null at 0
2019-10-12 06:07:57,069 [d4ad8180-4284-42ba-a8fc-dc1b61d04970@group-3C567AC9281D-LeaderElection63] INFO  server.RaftServerConfigKeys (ConfUtils.java:logGet(43)) - raft.server.watch.timeout.denomination = 1s (default)
2019-10-12 06:07:57,069 [grpc-default-executor-1] INFO  segmented.SegmentedRaftLogWorker (SegmentedRaftLogWorker.java:startLogSegment(385)) - 470f79e9-f29d-4e58-b937-995f09fb99f4@group-367773B11764-SegmentedRaftLogWorker: Starting segment from index:0
2019-10-12 06:07:57,069 [d4ad8180-4284-42ba-a8fc-dc1b61d04970@group-3C567AC9281D-LeaderElection63] INFO  server.RaftServerConfigKeys (ConfUtils.java:logGet(43)) - raft.server.watch.element-limit = 65536 (default)
2019-10-12 06:07:57,069 [grpc-default-executor-6] INFO  segmented.SegmentedRaftLogWorker (SegmentedRaftLogWorker.java:startLogSegment(385)) - 273e8682-2aac-43c4-a4bf-5876899d2fb2@group-367773B11764-SegmentedRaftLogWorker: Starting segment from index:0
2019-10-12 06:07:57,072 [d4ad8180-4284-42ba-a8fc-dc1b61d04970@group-3C567AC9281D-LeaderElection63] INFO  server.RaftServerConfigKeys (ConfUtils.java:logGet(43)) - raft.server.log.appender.snapshot.chunk.size.max = 16MB (=16777216) (default)
2019-10-12 06:07:57,072 [d4ad8180-4284-42ba-a8fc-dc1b61d04970@group-3C567AC9281D-LeaderElection63] INFO  server.RaftServerConfigKeys (ConfUtils.java:logGet(43)) - raft.server.log.appender.buffer.byte-limit = 33554432 (custom)
2019-10-12 06:07:57,072 [d4ad8180-4284-42ba-a8fc-dc1b61d04970@group-3C567AC9281D-LeaderElection63] INFO  server.RaftServerConfigKeys (ConfUtils.java:logGet(43)) - raft.server.log.appender.buffer.element-limit = 1 (custom)
2019-10-12 06:07:57,072 [d4ad8180-4284-42ba-a8fc-dc1b61d04970@group-3C567AC9281D-LeaderElection63] INFO  grpc.GrpcConfigKeys$Server (ConfUtils.java:logGet(43)) - raft.grpc.server.leader.outstanding.appends.max = 128 (default)
2019-10-12 06:07:57,072 [d4ad8180-4284-42ba-a8fc-dc1b61d04970@group-3C567AC9281D-LeaderElection63] INFO  server.RaftServerConfigKeys (ConfUtils.java:logGet(43)) - raft.server.rpc.request.timeout = 3000ms (default)
2019-10-12 06:07:57,072 [d4ad8180-4284-42ba-a8fc-dc1b61d04970@group-3C567AC9281D-LeaderElection63] INFO  server.RaftServerConfigKeys (ConfUtils.java:logGet(43)) - raft.server.log.appender.install.snapshot.enabled = false (custom)
2019-10-12 06:07:57,073 [d4ad8180-4284-42ba-a8fc-dc1b61d04970@group-3C567AC9281D-LeaderElection63] INFO  server.RaftServerConfigKeys (ConfUtils.java:logGet(43)) - raft.server.log.appender.snapshot.chunk.size.max = 16MB (=16777216) (default)
2019-10-12 06:07:57,073 [d4ad8180-4284-42ba-a8fc-dc1b61d04970@group-3C567AC9281D-LeaderElection63] INFO  server.RaftServerConfigKeys (ConfUtils.java:logGet(43)) - raft.server.log.appender.buffer.byte-limit = 33554432 (custom)
2019-10-12 06:07:57,073 [d4ad8180-4284-42ba-a8fc-dc1b61d04970@group-3C567AC9281D-LeaderElection63] INFO  server.RaftServerConfigKeys (ConfUtils.java:logGet(43)) - raft.server.log.appender.buffer.element-limit = 1 (custom)
2019-10-12 06:07:57,073 [d4ad8180-4284-42ba-a8fc-dc1b61d04970@group-3C567AC9281D-LeaderElection63] INFO  grpc.GrpcConfigKeys$Server (ConfUtils.java:logGet(43)) - raft.grpc.server.leader.outstanding.appends.max = 128 (default)
2019-10-12 06:07:57,073 [d4ad8180-4284-42ba-a8fc-dc1b61d04970@group-3C567AC9281D-LeaderElection63] INFO  server.RaftServerConfigKeys (ConfUtils.java:logGet(43)) - raft.server.rpc.request.timeout = 3000ms (default)
2019-10-12 06:07:57,074 [d4ad8180-4284-42ba-a8fc-dc1b61d04970@group-3C567AC9281D-LeaderElection63] INFO  server.RaftServerConfigKeys (ConfUtils.java:logGet(43)) - raft.server.log.appender.install.snapshot.enabled = false (custom)
2019-10-12 06:07:57,074 [d4ad8180-4284-42ba-a8fc-dc1b61d04970@group-3C567AC9281D-LeaderElection63] INFO  impl.RoleInfo (RoleInfo.java:updateAndGet(143)) - d4ad8180-4284-42ba-a8fc-dc1b61d04970: start LeaderState
2019-10-12 06:07:57,074 [d4ad8180-4284-42ba-a8fc-dc1b61d04970@group-3C567AC9281D-LeaderElection63] INFO  segmented.SegmentedRaftLogWorker (SegmentedRaftLogWorker.java:startLogSegment(385)) - d4ad8180-4284-42ba-a8fc-dc1b61d04970@group-3C567AC9281D-SegmentedRaftLogWorker: Starting segment from index:0
2019-10-12 06:07:57,075 [d4ad8180-4284-42ba-a8fc-dc1b61d04970@group-3C567AC9281D-LeaderElection63] INFO  impl.RaftServerImpl (ServerState.java:setRaftConf(356)) - d4ad8180-4284-42ba-a8fc-dc1b61d04970@group-3C567AC9281D: set configuration 0: [2ebb7635-daab-435f-9a19-1869a63f325d:192.168.164.199:35867, d4ad8180-4284-42ba-a8fc-dc1b61d04970:192.168.164.199:41831, 0e1fe170-d9f8-469b-8a06-cf8ecccb8b0b:192.168.164.199:37815], old=null at 0
2019-10-12 06:07:57,111 [grpc-default-executor-1] INFO  impl.RaftServerImpl (ServerState.java:setLeader(255)) - 2ebb7635-daab-435f-9a19-1869a63f325d@group-3C567AC9281D: change Leader from null to d4ad8180-4284-42ba-a8fc-dc1b61d04970 at term 1 for appendEntries, leader elected after 5180ms
2019-10-12 06:07:57,113 [bf0294df-29fd-466f-9d35-8ddf7c1a92ac@group-367773B11764-SegmentedRaftLogWorker] INFO  segmented.SegmentedRaftLogWorker (SegmentedRaftLogWorker.java:execute(574)) - bf0294df-29fd-466f-9d35-8ddf7c1a92ac@group-367773B11764-SegmentedRaftLogWorker: created new log segment /workdir/hadoop-ozone/integration-test/target/test-dir/MiniOzoneClusterImpl-9624e39d-339a-428b-bb52-387f80fe3ded/datanode-3/data/ratis/6eebe72b-09ec-4f47-a7d8-367773b11764/current/log_inprogress_0
2019-10-12 06:07:57,114 [grpc-default-executor-1] INFO  impl.RaftServerImpl (ServerState.java:setLeader(255)) - 0e1fe170-d9f8-469b-8a06-cf8ecccb8b0b@group-3C567AC9281D: change Leader from null to d4ad8180-4284-42ba-a8fc-dc1b61d04970 at term 1 for appendEntries, leader elected after 5184ms
2019-10-12 06:07:57,141 [273e8682-2aac-43c4-a4bf-5876899d2fb2@group-367773B11764-SegmentedRaftLogWorker] INFO  segmented.SegmentedRaftLogWorker (SegmentedRaftLogWorker.java:execute(574)) - 273e8682-2aac-43c4-a4bf-5876899d2fb2@group-367773B11764-SegmentedRaftLogWorker: created new log segment /workdir/hadoop-ozone/integration-test/target/test-dir/MiniOzoneClusterImpl-9624e39d-339a-428b-bb52-387f80fe3ded/datanode-5/data/ratis/6eebe72b-09ec-4f47-a7d8-367773b11764/current/log_inprogress_0
2019-10-12 06:07:57,141 [470f79e9-f29d-4e58-b937-995f09fb99f4@group-367773B11764-SegmentedRaftLogWorker] INFO  segmented.SegmentedRaftLogWorker (SegmentedRaftLogWorker.java:execute(574)) - 470f79e9-f29d-4e58-b937-995f09fb99f4@group-367773B11764-SegmentedRaftLogWorker: created new log segment /workdir/hadoop-ozone/integration-test/target/test-dir/MiniOzoneClusterImpl-9624e39d-339a-428b-bb52-387f80fe3ded/datanode-0/data/ratis/6eebe72b-09ec-4f47-a7d8-367773b11764/current/log_inprogress_0
2019-10-12 06:07:57,142 [grpc-default-executor-6] INFO  impl.RaftServerImpl (ServerState.java:setRaftConf(356)) - 2ebb7635-daab-435f-9a19-1869a63f325d@group-3C567AC9281D: set configuration 0: [2ebb7635-daab-435f-9a19-1869a63f325d:192.168.164.199:35867, d4ad8180-4284-42ba-a8fc-dc1b61d04970:192.168.164.199:41831, 0e1fe170-d9f8-469b-8a06-cf8ecccb8b0b:192.168.164.199:37815], old=null at 0
2019-10-12 06:07:57,142 [grpc-default-executor-6] INFO  segmented.SegmentedRaftLogWorker (SegmentedRaftLogWorker.java:startLogSegment(385)) - 2ebb7635-daab-435f-9a19-1869a63f325d@group-3C567AC9281D-SegmentedRaftLogWorker: Starting segment from index:0
2019-10-12 06:07:57,142 [grpc-default-executor-1] INFO  impl.RaftServerImpl (ServerState.java:setRaftConf(356)) - 0e1fe170-d9f8-469b-8a06-cf8ecccb8b0b@group-3C567AC9281D: set configuration 0: [2ebb7635-daab-435f-9a19-1869a63f325d:192.168.164.199:35867, d4ad8180-4284-42ba-a8fc-dc1b61d04970:192.168.164.199:41831, 0e1fe170-d9f8-469b-8a06-cf8ecccb8b0b:192.168.164.199:37815], old=null at 0
2019-10-12 06:07:57,143 [grpc-default-executor-1] INFO  segmented.SegmentedRaftLogWorker (SegmentedRaftLogWorker.java:startLogSegment(385)) - 0e1fe170-d9f8-469b-8a06-cf8ecccb8b0b@group-3C567AC9281D-SegmentedRaftLogWorker: Starting segment from index:0
2019-10-12 06:07:57,170 [d4ad8180-4284-42ba-a8fc-dc1b61d04970@group-3C567AC9281D-SegmentedRaftLogWorker] INFO  segmented.SegmentedRaftLogWorker (SegmentedRaftLogWorker.java:execute(574)) - d4ad8180-4284-42ba-a8fc-dc1b61d04970@group-3C567AC9281D-SegmentedRaftLogWorker: created new log segment /workdir/hadoop-ozone/integration-test/target/test-dir/MiniOzoneClusterImpl-9624e39d-339a-428b-bb52-387f80fe3ded/datanode-1/data/ratis/d72c0a36-3fec-4d8c-9fb8-3c567ac9281d/current/log_inprogress_0
2019-10-12 06:07:57,195 [2ebb7635-daab-435f-9a19-1869a63f325d@group-3C567AC9281D-SegmentedRaftLogWorker] INFO  segmented.SegmentedRaftLogWorker (SegmentedRaftLogWorker.java:execute(574)) - 2ebb7635-daab-435f-9a19-1869a63f325d@group-3C567AC9281D-SegmentedRaftLogWorker: created new log segment /workdir/hadoop-ozone/integration-test/target/test-dir/MiniOzoneClusterImpl-9624e39d-339a-428b-bb52-387f80fe3ded/datanode-4/data/ratis/d72c0a36-3fec-4d8c-9fb8-3c567ac9281d/current/log_inprogress_0
2019-10-12 06:07:57,195 [0e1fe170-d9f8-469b-8a06-cf8ecccb8b0b@group-3C567AC9281D-SegmentedRaftLogWorker] INFO  segmented.SegmentedRaftLogWorker (SegmentedRaftLogWorker.java:execute(574)) - 0e1fe170-d9f8-469b-8a06-cf8ecccb8b0b@group-3C567AC9281D-SegmentedRaftLogWorker: created new log segment /workdir/hadoop-ozone/integration-test/target/test-dir/MiniOzoneClusterImpl-9624e39d-339a-428b-bb52-387f80fe3ded/datanode-6/data/ratis/d72c0a36-3fec-4d8c-9fb8-3c567ac9281d/current/log_inprogress_0
2019-10-12 06:07:58,960 [Datanode State Machine Thread - 0] INFO  statemachine.DatanodeStateMachine (DatanodeStateMachine.java:lambda$startDaemon$0(350)) - Ozone container server started.
2019-10-12 06:08:02,967 [main] INFO  ozoneimpl.OzoneContainer (OzoneContainer.java:stop(227)) - Attempting to stop container services.
2019-10-12 06:08:02,968 [main] INFO  impl.RaftServerProxy (RaftServerProxy.java:lambda$close$4(314)) - 273e8682-2aac-43c4-a4bf-5876899d2fb2: close
2019-10-12 06:08:02,969 [main] INFO  impl.RaftServerImpl (RaftServerImpl.java:lambda$shutdown$3(247)) - 273e8682-2aac-43c4-a4bf-5876899d2fb2@group-367773B11764: shutdown
2019-10-12 06:08:02,969 [ForkJoinPool.commonPool-worker-1] INFO  impl.RaftServerImpl (RaftServerImpl.java:lambda$shutdown$3(247)) - 273e8682-2aac-43c4-a4bf-5876899d2fb2@group-5D642581B06C: shutdown
2019-10-12 06:08:02,969 [main] INFO  util.JmxRegister (JmxRegister.java:unregister(73)) - Successfully un-registered JMX Bean with object name Ratis:service=RaftServer,group=group-367773B11764,id=273e8682-2aac-43c4-a4bf-5876899d2fb2
2019-10-12 06:08:02,970 [ForkJoinPool.commonPool-worker-1] INFO  util.JmxRegister (JmxRegister.java:unregister(73)) - Successfully un-registered JMX Bean with object name Ratis:service=RaftServer,group=group-5D642581B06C,id=273e8682-2aac-43c4-a4bf-5876899d2fb2
2019-10-12 06:08:02,970 [main] INFO  impl.RoleInfo (RoleInfo.java:shutdownFollowerState(121)) - 273e8682-2aac-43c4-a4bf-5876899d2fb2: shutdown FollowerState
2019-10-12 06:08:02,970 [ForkJoinPool.commonPool-worker-1] INFO  impl.RoleInfo (RoleInfo.java:shutdownLeaderState(104)) - 273e8682-2aac-43c4-a4bf-5876899d2fb2: shutdown LeaderState
2019-10-12 06:08:02,970 [273e8682-2aac-43c4-a4bf-5876899d2fb2@group-367773B11764-StateMachineUpdater] INFO  ratis.ContainerStateMachine (ContainerStateMachine.java:takeSnapshot(294)) - group-367773B11764: Taking a snapshot at:(t:1, i:1) file /workdir/hadoop-ozone/integration-test/target/test-dir/MiniOzoneClusterImpl-9624e39d-339a-428b-bb52-387f80fe3ded/datanode-5/data/ratis/6eebe72b-09ec-4f47-a7d8-367773b11764/sm/snapshot.1_1
2019-10-12 06:08:02,970 [Thread-2384] INFO  impl.FollowerState (FollowerState.java:run(117)) - 273e8682-2aac-43c4-a4bf-5876899d2fb2@group-367773B11764-FollowerState was interrupted: java.lang.InterruptedException: sleep interrupted
2019-10-12 06:08:02,970 [main] INFO  impl.StateMachineUpdater (StateMachineUpdater.java:stopAndJoin(136)) - 273e8682-2aac-43c4-a4bf-5876899d2fb2@group-367773B11764-StateMachineUpdater: set stopIndex = 2
2019-10-12 06:08:02,971 [ForkJoinPool.commonPool-worker-1] INFO  impl.PendingRequests (PendingRequests.java:sendNotLeaderResponses(202)) - 273e8682-2aac-43c4-a4bf-5876899d2fb2@group-5D642581B06C-PendingRequests: sendNotLeaderResponses
2019-10-12 06:08:02,975 [ForkJoinPool.commonPool-worker-1] INFO  impl.StateMachineUpdater (StateMachineUpdater.java:stopAndJoin(136)) - 273e8682-2aac-43c4-a4bf-5876899d2fb2@group-5D642581B06C-StateMachineUpdater: set stopIndex = 0
2019-10-12 06:08:02,976 [ForkJoinPool.commonPool-worker-1] INFO  impl.RaftServerImpl (ServerState.java:close(387)) - 273e8682-2aac-43c4-a4bf-5876899d2fb2@group-5D642581B06C: closes. applyIndex: 0
2019-10-12 06:08:02,976 [273e8682-2aac-43c4-a4bf-5876899d2fb2@group-5D642581B06C-SegmentedRaftLogWorker] INFO  segmented.SegmentedRaftLogWorker (SegmentedRaftLogWorker.java:run(316)) - 273e8682-2aac-43c4-a4bf-5876899d2fb2@group-5D642581B06C-SegmentedRaftLogWorker was interrupted, exiting. There are 0 tasks remaining in the queue.
2019-10-12 06:08:02,982 [ForkJoinPool.commonPool-worker-1] INFO  segmented.SegmentedRaftLogWorker (SegmentedRaftLogWorker.java:close(224)) - 273e8682-2aac-43c4-a4bf-5876899d2fb2@group-5D642581B06C-SegmentedRaftLogWorker close()
2019-10-12 06:08:03,005 [273e8682-2aac-43c4-a4bf-5876899d2fb2@group-367773B11764-StateMachineUpdater] INFO  ratis.ContainerStateMachine (ContainerStateMachine.java:takeSnapshot(305)) - group-367773B11764: Finished taking a snapshot at:(t:1, i:1) file:/workdir/hadoop-ozone/integration-test/target/test-dir/MiniOzoneClusterImpl-9624e39d-339a-428b-bb52-387f80fe3ded/datanode-5/data/ratis/6eebe72b-09ec-4f47-a7d8-367773b11764/sm/snapshot.1_1 time:34
2019-10-12 06:08:03,005 [273e8682-2aac-43c4-a4bf-5876899d2fb2@group-367773B11764-StateMachineUpdater] INFO  impl.StateMachineUpdater (StateMachineUpdater.java:takeSnapshot(269)) - 273e8682-2aac-43c4-a4bf-5876899d2fb2@group-367773B11764-StateMachineUpdater: Took a snapshot at index 1
2019-10-12 06:08:03,005 [273e8682-2aac-43c4-a4bf-5876899d2fb2@group-367773B11764-StateMachineUpdater] INFO  impl.StateMachineUpdater (StateMachineUpdater.java:lambda$new$0(84)) - 273e8682-2aac-43c4-a4bf-5876899d2fb2@group-367773B11764-StateMachineUpdater: snapshotIndex: updateIncreasingly -1 -> 1
2019-10-12 06:08:03,006 [273e8682-2aac-43c4-a4bf-5876899d2fb2@group-367773B11764-StateMachineUpdater] INFO  ratis.ContainerStateMachine (ContainerStateMachine.java:takeSnapshot(294)) - group-367773B11764: Taking a snapshot at:(t:1, i:1) file /workdir/hadoop-ozone/integration-test/target/test-dir/MiniOzoneClusterImpl-9624e39d-339a-428b-bb52-387f80fe3ded/datanode-5/data/ratis/6eebe72b-09ec-4f47-a7d8-367773b11764/sm/snapshot.1_1
2019-10-12 06:08:03,029 [273e8682-2aac-43c4-a4bf-5876899d2fb2@group-367773B11764-StateMachineUpdater] INFO  ratis.ContainerStateMachine (ContainerStateMachine.java:takeSnapshot(305)) - group-367773B11764: Finished taking a snapshot at:(t:1, i:1) file:/workdir/hadoop-ozone/integration-test/target/test-dir/MiniOzoneClusterImpl-9624e39d-339a-428b-bb52-387f80fe3ded/datanode-5/data/ratis/6eebe72b-09ec-4f47-a7d8-367773b11764/sm/snapshot.1_1 time:23
2019-10-12 06:08:03,029 [273e8682-2aac-43c4-a4bf-5876899d2fb2@group-367773B11764-StateMachineUpdater] INFO  impl.StateMachineUpdater (StateMachineUpdater.java:takeSnapshot(269)) - 273e8682-2aac-43c4-a4bf-5876899d2fb2@group-367773B11764-StateMachineUpdater: Took a snapshot at index 1
2019-10-12 06:08:03,029 [273e8682-2aac-43c4-a4bf-5876899d2fb2@group-367773B11764-StateMachineUpdater] INFO  impl.StateMachineUpdater (StateMachineUpdater.java:lambda$new$0(84)) - 273e8682-2aac-43c4-a4bf-5876899d2fb2@group-367773B11764-StateMachineUpdater: snapshotIndex: updateIncreasingly 1 -> 1
2019-10-12 06:08:03,030 [main] INFO  impl.RaftServerImpl (ServerState.java:close(387)) - 273e8682-2aac-43c4-a4bf-5876899d2fb2@group-367773B11764: closes. applyIndex: 2
2019-10-12 06:08:03,030 [273e8682-2aac-43c4-a4bf-5876899d2fb2@group-367773B11764-SegmentedRaftLogWorker] INFO  segmented.SegmentedRaftLogWorker (SegmentedRaftLogWorker.java:run(316)) - 273e8682-2aac-43c4-a4bf-5876899d2fb2@group-367773B11764-SegmentedRaftLogWorker was interrupted, exiting. There are 0 tasks remaining in the queue.
2019-10-12 06:08:03,033 [main] INFO  segmented.SegmentedRaftLogWorker (SegmentedRaftLogWorker.java:close(224)) - 273e8682-2aac-43c4-a4bf-5876899d2fb2@group-367773B11764-SegmentedRaftLogWorker close()
2019-10-12 06:08:03,038 [main] INFO  server.GrpcService (GrpcService.java:closeImpl(164)) - 273e8682-2aac-43c4-a4bf-5876899d2fb2: shutdown server with port 38250 now
2019-10-12 06:08:03,039 [grpc-default-executor-1] WARN  server.GrpcServerProtocolService (LogUtils.java:warn(134)) - 273e8682-2aac-43c4-a4bf-5876899d2fb2: installSnapshot onError, lastRequest: bf0294df-29fd-466f-9d35-8ddf7c1a92ac->273e8682-2aac-43c4-a4bf-5876899d2fb2#5-t1, previous=(t:1, i:2), leaderCommit=2, initializing? false, entries: <empty>: org.apache.ratis.thirdparty.io.grpc.StatusRuntimeException: CANCELLED: cancelled before receiving half close
2019-10-12 06:08:03,039 [grpc-default-executor-5] WARN  server.GrpcLogAppender (LogUtils.java:warn(134)) - bf0294df-29fd-466f-9d35-8ddf7c1a92ac@group-367773B11764->273e8682-2aac-43c4-a4bf-5876899d2fb2-AppendLogResponseHandler: Failed appendEntries: org.apache.ratis.thirdparty.io.grpc.StatusRuntimeException: CANCELLED: HTTP/2 error code: CANCEL
Received Rst Stream
2019-10-12 06:08:03,039 [main] INFO  server.GrpcService (GrpcService.java:closeImpl(172)) - 273e8682-2aac-43c4-a4bf-5876899d2fb2: shutdown server with port 38250 successfully
2019-10-12 06:08:03,039 [grpc-default-executor-5] INFO  impl.FollowerInfo (FollowerInfo.java:lambda$new$0(51)) - bf0294df-29fd-466f-9d35-8ddf7c1a92ac@group-367773B11764->273e8682-2aac-43c4-a4bf-5876899d2fb2: nextIndex: updateUnconditionally 3 -> 2
2019-10-12 06:08:03,041 [refreshUsed-/workdir/hadoop-ozone/integration-test/target/test-dir/MiniOzoneClusterImpl-9624e39d-339a-428b-bb52-387f80fe3ded/datanode-5/data/containers] WARN  fs.CachingGetSpaceUsed (CachingGetSpaceUsed.java:run(183)) - Thread Interrupted waiting to refresh disk information: sleep interrupted
2019-10-12 06:08:03,056 [main] INFO  utils.BackgroundService (BackgroundService.java:shutdown(151)) - Shutting down service BlockDeletingService
2019-10-12 06:08:03,063 [main] INFO  statemachine.DatanodeStateMachine (DatanodeStateMachine.java:stopDaemon(395)) - Ozone container server stopped.
2019-10-12 06:08:03,064 [main] INFO  handler.ContextHandler (ContextHandler.java:doStop(910)) - Stopped o.e.j.w.WebAppContext@7a66c35a{/,null,UNAVAILABLE}{/hddsDatanode}
2019-10-12 06:08:03,065 [main] INFO  server.AbstractConnector (AbstractConnector.java:doStop(318)) - Stopped ServerConnector@7994a0d1{HTTP/1.1,[http/1.1]}{0.0.0.0:0}
2019-10-12 06:08:03,065 [main] INFO  handler.ContextHandler (ContextHandler.java:doStop(910)) - Stopped o.e.j.s.ServletContextHandler@36c07c75{/static,jar:file:/home/user/.m2/repository/org/apache/hadoop/hadoop-hdds-container-service/0.5.0-SNAPSHOT/hadoop-hdds-container-service-0.5.0-SNAPSHOT.jar!/webapps/static,UNAVAILABLE}
2019-10-12 06:08:03,065 [main] INFO  handler.ContextHandler (ContextHandler.java:doStop(910)) - Stopped o.e.j.s.ServletContextHandler@7739aac4{/logs,file:///workdir/hadoop-ozone/integration-test/target/log,UNAVAILABLE}
2019-10-12 06:08:03,072 [grpc-default-executor-6] WARN  server.GrpcLogAppender (LogUtils.java:warn(134)) - bf0294df-29fd-466f-9d35-8ddf7c1a92ac@group-367773B11764->273e8682-2aac-43c4-a4bf-5876899d2fb2-AppendLogResponseHandler: Failed appendEntries: org.apache.ratis.thirdparty.io.grpc.StatusRuntimeException: UNAVAILABLE: io exception
2019-10-12 06:08:03,072 [grpc-default-executor-6] INFO  impl.FollowerInfo (FollowerInfo.java:lambda$new$0(51)) - bf0294df-29fd-466f-9d35-8ddf7c1a92ac@group-367773B11764->273e8682-2aac-43c4-a4bf-5876899d2fb2: nextIndex: updateUnconditionally 3 -> 2
2019-10-12 06:08:03,084 [grpc-default-executor-6] WARN  server.GrpcLogAppender (LogUtils.java:warn(134)) - bf0294df-29fd-466f-9d35-8ddf7c1a92ac@group-367773B11764->273e8682-2aac-43c4-a4bf-5876899d2fb2-AppendLogResponseHandler: Failed appendEntries: org.apache.ratis.thirdparty.io.grpc.StatusRuntimeException: UNAVAILABLE: io exception
2019-10-12 06:08:03,085 [grpc-default-executor-6] INFO  impl.FollowerInfo (FollowerInfo.java:lambda$new$0(51)) - bf0294df-29fd-466f-9d35-8ddf7c1a92ac@group-367773B11764->273e8682-2aac-43c4-a4bf-5876899d2fb2: nextIndex: updateUnconditionally 3 -> 2
2019-10-12 06:08:03,096 [grpc-default-executor-1] WARN  server.GrpcLogAppender (LogUtils.java:warn(134)) - bf0294df-29fd-466f-9d35-8ddf7c1a92ac@group-367773B11764->273e8682-2aac-43c4-a4bf-5876899d2fb2-AppendLogResponseHandler: Failed appendEntries: org.apache.ratis.thirdparty.io.grpc.StatusRuntimeException: UNAVAILABLE: io exception
2019-10-12 06:08:03,097 [grpc-default-executor-1] INFO  impl.FollowerInfo (FollowerInfo.java:lambda$new$0(51)) - bf0294df-29fd-466f-9d35-8ddf7c1a92ac@group-367773B11764->273e8682-2aac-43c4-a4bf-5876899d2fb2: nextIndex: updateUnconditionally 3 -> 2
2019-10-12 06:08:03,114 [EventQueue-IncrementalContainerReportForIncrementalContainerReportHandler] WARN  container.IncrementalContainerReportHandler (AbstractContainerReportHandler.java:updateContainerState(145)) - Container #1 is in OPEN state, but the datanode bf0294df-29fd-466f-9d35-8ddf7c1a92ac{ip: 192.168.164.199, host: trunk-nightly-20191012-whclf-1426492793, networkLocation: /default-rack, certSerialId: null} reports an CLOSING replica.
2019-10-12 06:08:03,132 [EventQueue-IncrementalContainerReportForIncrementalContainerReportHandler] WARN  container.IncrementalContainerReportHandler (AbstractContainerReportHandler.java:updateContainerState(145)) - Container #1 is in OPEN state, but the datanode 470f79e9-f29d-4e58-b937-995f09fb99f4{ip: 192.168.164.199, host: trunk-nightly-20191012-whclf-1426492793, networkLocation: /default-rack, certSerialId: null} reports an CLOSING replica.
2019-10-12 06:08:03,194 [RatisApplyTransactionExecutor 1] INFO  interfaces.Container (KeyValueContainer.java:flushAndSyncDB(386)) - Container 1 is synced with bcsId 0.
2019-10-12 06:08:03,286 [RatisApplyTransactionExecutor 1] INFO  interfaces.Container (KeyValueContainer.java:flushAndSyncDB(386)) - Container 1 is synced with bcsId 0.
2019-10-12 06:08:03,297 [RatisApplyTransactionExecutor 1] INFO  interfaces.Container (KeyValueContainer.java:flushAndSyncDB(386)) - Container 1 is synced with bcsId 0.
2019-10-12 06:08:03,297 [RatisApplyTransactionExecutor 1] INFO  interfaces.Container (KeyValueContainer.java:flushAndSyncDB(386)) - Container 1 is synced with bcsId 0.
2019-10-12 06:08:03,330 [RatisApplyTransactionExecutor 1] INFO  interfaces.Container (KeyValueContainer.java:close(335)) - Container 1 is closed with bcsId 0.
2019-10-12 06:08:03,330 [RatisApplyTransactionExecutor 1] INFO  interfaces.Container (KeyValueContainer.java:close(335)) - Container 1 is closed with bcsId 0.
2019-10-12 06:08:03,343 [EventQueue-IncrementalContainerReportForIncrementalContainerReportHandler] WARN  container.IncrementalContainerReportHandler (AbstractContainerReportHandler.java:updateContainerState(145)) - Container #1 is in OPEN state, but the datanode bf0294df-29fd-466f-9d35-8ddf7c1a92ac{ip: 192.168.164.199, host: trunk-nightly-20191012-whclf-1426492793, networkLocation: /default-rack, certSerialId: null} reports an CLOSED replica.
2019-10-12 06:08:03,343 [EventQueue-IncrementalContainerReportForIncrementalContainerReportHandler] WARN  container.IncrementalContainerReportHandler (AbstractContainerReportHandler.java:updateContainerState(145)) - Container #1 is in OPEN state, but the datanode 470f79e9-f29d-4e58-b937-995f09fb99f4{ip: 192.168.164.199, host: trunk-nightly-20191012-whclf-1426492793, networkLocation: /default-rack, certSerialId: null} reports an CLOSED replica.
2019-10-12 06:08:05,598 [grpc-default-executor-1] WARN  server.GrpcLogAppender (LogUtils.java:warn(134)) - bf0294df-29fd-466f-9d35-8ddf7c1a92ac@group-367773B11764->273e8682-2aac-43c4-a4bf-5876899d2fb2-AppendLogResponseHandler: Failed appendEntries: org.apache.ratis.thirdparty.io.grpc.StatusRuntimeException: UNAVAILABLE: io exception
2019-10-12 06:08:05,601 [grpc-default-executor-1] INFO  impl.FollowerInfo (FollowerInfo.java:lambda$new$0(51)) - bf0294df-29fd-466f-9d35-8ddf7c1a92ac@group-367773B11764->273e8682-2aac-43c4-a4bf-5876899d2fb2: nextIndex: updateUnconditionally 2 -> 1
2019-10-12 06:08:06,357 [main] WARN  scm.XceiverClientRatis (XceiverClientRatis.java:watchForCommit(277)) - 3 way commit failed on pipeline Pipeline[ Id: 6eebe72b-09ec-4f47-a7d8-367773b11764, Nodes: 273e8682-2aac-43c4-a4bf-5876899d2fb2{ip: 192.168.164.199, host: trunk-nightly-20191012-whclf-1426492793, networkLocation: /default-rack, certSerialId: null}bf0294df-29fd-466f-9d35-8ddf7c1a92ac{ip: 192.168.164.199, host: trunk-nightly-20191012-whclf-1426492793, networkLocation: /default-rack, certSerialId: null}470f79e9-f29d-4e58-b937-995f09fb99f4{ip: 192.168.164.199, host: trunk-nightly-20191012-whclf-1426492793, networkLocation: /default-rack, certSerialId: null}, Type:RATIS, Factor:THREE, State:OPEN]
java.util.concurrent.TimeoutException
	at java.util.concurrent.CompletableFuture.timedGet(CompletableFuture.java:1771)
	at java.util.concurrent.CompletableFuture.get(CompletableFuture.java:1915)
	at org.apache.hadoop.hdds.scm.XceiverClientRatis.watchForCommit(XceiverClientRatis.java:274)
	at org.apache.hadoop.ozone.client.rpc.TestWatchForCommit.test2WayCommitForTimeoutException(TestWatchForCommit.java:391)
	at sun.reflect.NativeMethodAccessorImpl.invoke0(Native Method)
	at sun.reflect.NativeMethodAccessorImpl.invoke(NativeMethodAccessorImpl.java:62)
	at sun.reflect.DelegatingMethodAccessorImpl.invoke(DelegatingMethodAccessorImpl.java:43)
	at java.lang.reflect.Method.invoke(Method.java:498)
	at org.junit.runners.model.FrameworkMethod$1.runReflectiveCall(FrameworkMethod.java:47)
	at org.junit.internal.runners.model.ReflectiveCallable.run(ReflectiveCallable.java:12)
	at org.junit.runners.model.FrameworkMethod.invokeExplosively(FrameworkMethod.java:44)
	at org.junit.internal.runners.statements.InvokeMethod.evaluate(InvokeMethod.java:17)
	at org.junit.runners.ParentRunner.runLeaf(ParentRunner.java:271)
	at org.junit.runners.BlockJUnit4ClassRunner.runChild(BlockJUnit4ClassRunner.java:70)
	at org.junit.runners.BlockJUnit4ClassRunner.runChild(BlockJUnit4ClassRunner.java:50)
	at org.junit.runners.ParentRunner$3.run(ParentRunner.java:238)
	at org.junit.runners.ParentRunner$1.schedule(ParentRunner.java:63)
	at org.junit.runners.ParentRunner.runChildren(ParentRunner.java:236)
	at org.junit.runners.ParentRunner.access$000(ParentRunner.java:53)
	at org.junit.runners.ParentRunner$2.evaluate(ParentRunner.java:229)
	at org.junit.runners.ParentRunner.run(ParentRunner.java:309)
	at org.apache.maven.surefire.junit4.JUnit4Provider.execute(JUnit4Provider.java:365)
	at org.apache.maven.surefire.junit4.JUnit4Provider.executeWithRerun(JUnit4Provider.java:273)
	at org.apache.maven.surefire.junit4.JUnit4Provider.executeTestSet(JUnit4Provider.java:238)
	at org.apache.maven.surefire.junit4.JUnit4Provider.invoke(JUnit4Provider.java:159)
	at org.apache.maven.surefire.booter.ForkedBooter.invokeProviderInSameClassLoader(ForkedBooter.java:384)
	at org.apache.maven.surefire.booter.ForkedBooter.runSuitesInProcess(ForkedBooter.java:345)
	at org.apache.maven.surefire.booter.ForkedBooter.execute(ForkedBooter.java:126)
	at org.apache.maven.surefire.booter.ForkedBooter.main(ForkedBooter.java:418)
2019-10-12 06:08:06,367 [Thread-2435] INFO  client.GrpcClientProtocolService (GrpcClientProtocolService.java:lambda$processClientRequest$0(278)) - Failed RaftClientRequest:client-223375EB600B->470f79e9-f29d-4e58-b937-995f09fb99f4@group-367773B11764, cid=106, seq=0, Watch-MAJORITY_COMMITTED(3), Message:<EMPTY>, reply=RaftClientReply:client-223375EB600B->470f79e9-f29d-4e58-b937-995f09fb99f4@group-367773B11764, cid=106, FAILED org.apache.ratis.protocol.NotLeaderException: Server 470f79e9-f29d-4e58-b937-995f09fb99f4@group-367773B11764 is not the leader bf0294df-29fd-466f-9d35-8ddf7c1a92ac:192.168.164.199:44039, logIndex=0, commits[470f79e9-f29d-4e58-b937-995f09fb99f4:c4, bf0294df-29fd-466f-9d35-8ddf7c1a92ac:c4, 273e8682-2aac-43c4-a4bf-5876899d2fb2:c2]
2019-10-12 06:08:08,100 [grpc-default-executor-4] WARN  server.GrpcLogAppender (LogUtils.java:warn(134)) - bf0294df-29fd-466f-9d35-8ddf7c1a92ac@group-367773B11764->273e8682-2aac-43c4-a4bf-5876899d2fb2-AppendLogResponseHandler: Failed appendEntries: org.apache.ratis.thirdparty.io.grpc.StatusRuntimeException: UNAVAILABLE: io exception
2019-10-12 06:08:08,104 [grpc-default-executor-4] INFO  impl.FollowerInfo (FollowerInfo.java:lambda$new$0(51)) - bf0294df-29fd-466f-9d35-8ddf7c1a92ac@group-367773B11764->273e8682-2aac-43c4-a4bf-5876899d2fb2: nextIndex: updateUnconditionally 1 -> 0
]]></system-out>
    <system-err><![CDATA[Oct 12, 2019 6:08:03 AM org.apache.ratis.thirdparty.io.grpc.internal.SerializingExecutor run
SEVERE: Exception while executing runnable org.apache.ratis.thirdparty.io.grpc.internal.ServerImpl$JumpToApplicationThreadServerStreamListener$1Closed@1a0f0102
org.apache.ratis.thirdparty.io.grpc.StatusRuntimeException: CANCELLED: call already cancelled
	at org.apache.ratis.thirdparty.io.grpc.Status.asRuntimeException(Status.java:517)
	at org.apache.ratis.thirdparty.io.grpc.stub.ServerCalls$ServerCallStreamObserverImpl.onCompleted(ServerCalls.java:356)
	at org.apache.ratis.grpc.server.GrpcServerProtocolService$ServerRequestStreamObserver.onError(GrpcServerProtocolService.java:121)
	at org.apache.ratis.thirdparty.io.grpc.stub.ServerCalls$StreamingServerCallHandler$StreamingServerCallListener.onCancel(ServerCalls.java:269)
	at org.apache.ratis.thirdparty.io.grpc.internal.ServerCallImpl$ServerStreamListenerImpl.closed(ServerCallImpl.java:293)
	at org.apache.ratis.thirdparty.io.grpc.internal.ServerImpl$JumpToApplicationThreadServerStreamListener$1Closed.runInContext(ServerImpl.java:741)
	at org.apache.ratis.thirdparty.io.grpc.internal.ContextRunnable.run(ContextRunnable.java:37)
	at org.apache.ratis.thirdparty.io.grpc.internal.SerializingExecutor.run(SerializingExecutor.java:123)
	at java.util.concurrent.ThreadPoolExecutor.runWorker(ThreadPoolExecutor.java:1149)
	at java.util.concurrent.ThreadPoolExecutor$Worker.run(ThreadPoolExecutor.java:624)
	at java.lang.Thread.run(Thread.java:748)

]]></system-err>
  </testcase>
</testsuite>