<?xml version="1.0" encoding="UTF-8"?>
<testsuite xmlns:xsi="http://www.w3.org/2001/XMLSchema-instance" xsi:noNamespaceSchemaLocation="https://maven.apache.org/surefire/maven-surefire-plugin/xsd/surefire-test-report.xsd" name="org.apache.hadoop.ozone.client.rpc.TestDeleteWithSlowFollower" time="134.15" tests="1" errors="0" skipped="0" failures="1">
  <properties>
    <property name="awt.toolkit" value="sun.awt.X11.XToolkit"/>
    <property name="file.encoding.pkg" value="sun.io"/>
    <property name="java.specification.version" value="1.8"/>
    <property name="sun.cpu.isalist" value=""/>
    <property name="sun.jnu.encoding" value="ANSI_X3.4-1968"/>
    <property name="java.class.path" value="/workdir/hadoop-ozone/integration-test/target/test-classes:/workdir/hadoop-ozone/integration-test/target/classes:/home/user/.m2/repository/org/apache/hadoop/hadoop-ozone-common/0.5.0-SNAPSHOT/hadoop-ozone-common-0.5.0-SNAPSHOT.jar:/home/user/.m2/repository/org/apache/commons/commons-compress/1.4.1/commons-compress-1.4.1.jar:/home/user/.m2/repository/org/tukaani/xz/1.0/xz-1.0.jar:/home/user/.m2/repository/org/apache/hadoop/hadoop-common/3.2.0/hadoop-common-3.2.0.jar:/home/user/.m2/repository/org/apache/hadoop/hadoop-hdfs/3.2.0/hadoop-hdfs-3.2.0.jar:/home/user/.m2/repository/org/apache/hadoop/hadoop-hdfs-client/3.2.0/hadoop-hdfs-client-3.2.0.jar:/home/user/.m2/repository/com/fasterxml/jackson/core/jackson-annotations/2.9.9/jackson-annotations-2.9.9.jar:/home/user/.m2/repository/org/apache/hadoop/hadoop-hdds-common/0.5.0-SNAPSHOT/hadoop-hdds-common-0.5.0-SNAPSHOT.jar:/home/user/.m2/repository/javax/annotation/javax.annotation-api/1.2/javax.annotation-api-1.2.jar:/home/user/.m2/repository/org/apache/ratis/ratis-server/0.5.0-3f446aa-SNAPSHOT/ratis-server-0.5.0-3f446aa-SNAPSHOT.jar:/home/user/.m2/repository/org/apache/ratis/ratis-thirdparty-misc/0.2.0/ratis-thirdparty-misc-0.2.0.jar:/home/user/.m2/repository/org/apache/ratis/ratis-proto/0.5.0-3f446aa-SNAPSHOT/ratis-proto-0.5.0-3f446aa-SNAPSHOT.jar:/home/user/.m2/repository/org/apache/ratis/ratis-common/0.5.0-3f446aa-SNAPSHOT/ratis-common-0.5.0-3f446aa-SNAPSHOT.jar:/home/user/.m2/repository/org/apache/ratis/ratis-client/0.5.0-3f446aa-SNAPSHOT/ratis-client-0.5.0-3f446aa-SNAPSHOT.jar:/home/user/.m2/repository/org/apache/ratis/ratis-metrics/0.5.0-3f446aa-SNAPSHOT/ratis-metrics-0.5.0-3f446aa-SNAPSHOT.jar:/home/user/.m2/repository/com/github/joshelser/dropwizard-metrics-hadoop-metrics2-reporter/0.1.2/dropwizard-metrics-hadoop-metrics2-reporter-0.1.2.jar:/home/user/.m2/repository/io/dropwizard/metrics/metrics-jvm/3.2.5/metrics-jvm-3.2.5.jar:/home/user/.m2/repository/io/dropwizard/metrics/metrics-ganglia/3.2.5/metrics-ganglia-3.2.5.jar:/home/user/.m2/repository/info/ganglia/gmetric4j/gmetric4j/1.0.7/gmetric4j-1.0.7.jar:/home/user/.m2/repository/org/apache/ratis/ratis-netty/0.5.0-3f446aa-SNAPSHOT/ratis-netty-0.5.0-3f446aa-SNAPSHOT.jar:/home/user/.m2/repository/org/apache/ratis/ratis-grpc/0.5.0-3f446aa-SNAPSHOT/ratis-grpc-0.5.0-3f446aa-SNAPSHOT.jar:/home/user/.m2/repository/org/rocksdb/rocksdbjni/6.0.1/rocksdbjni-6.0.1.jar:/home/user/.m2/repository/org/apache/logging/log4j/log4j-api/2.11.0/log4j-api-2.11.0.jar:/home/user/.m2/repository/org/apache/logging/log4j/log4j-core/2.11.0/log4j-core-2.11.0.jar:/home/user/.m2/repository/com/lmax/disruptor/3.4.2/disruptor-3.4.2.jar:/home/user/.m2/repository/org/apache/commons/commons-pool2/2.6.0/commons-pool2-2.6.0.jar:/home/user/.m2/repository/org/bouncycastle/bcpkix-jdk15on/1.60/bcpkix-jdk15on-1.60.jar:/home/user/.m2/repository/commons-validator/commons-validator/1.6/commons-validator-1.6.jar:/home/user/.m2/repository/commons-digester/commons-digester/1.8.1/commons-digester-1.8.1.jar:/home/user/.m2/repository/io/jaegertracing/jaeger-client/0.34.0/jaeger-client-0.34.0.jar:/home/user/.m2/repository/io/jaegertracing/jaeger-thrift/0.34.0/jaeger-thrift-0.34.0.jar:/home/user/.m2/repository/org/apache/thrift/libthrift/0.12.0/libthrift-0.12.0.jar:/home/user/.m2/repository/com/squareup/okhttp3/okhttp/3.9.0/okhttp-3.9.0.jar:/home/user/.m2/repository/com/squareup/okio/okio/1.13.0/okio-1.13.0.jar:/home/user/.m2/repository/io/jaegertracing/jaeger-core/0.34.0/jaeger-core-0.34.0.jar:/home/user/.m2/repository/io/jaegertracing/jaeger-tracerresolver/0.34.0/jaeger-tracerresolver-0.34.0.jar:/home/user/.m2/repository/io/opentracing/contrib/opentracing-tracerresolver/0.1.5/opentracing-tracerresolver-0.1.5.jar:/home/user/.m2/repository/io/opentracing/opentracing-util/0.31.0/opentracing-util-0.31.0.jar:/home/user/.m2/repository/io/opentracing/opentracing-api/0.31.0/opentracing-api-0.31.0.jar:/home/user/.m2/repository/io/opentracing/opentracing-noop/0.31.0/opentracing-noop-0.31.0.jar:/home/user/.m2/repository/org/apache/hadoop/hadoop-hdds-server-framework/0.5.0-SNAPSHOT/hadoop-hdds-server-framework-0.5.0-SNAPSHOT.jar:/home/user/.m2/repository/org/apache/hadoop/hadoop-hdds-container-service/0.5.0-SNAPSHOT/hadoop-hdds-container-service-0.5.0-SNAPSHOT.jar:/home/user/.m2/repository/org/apache/hadoop/hadoop-hdds-client/0.5.0-SNAPSHOT/hadoop-hdds-client-0.5.0-SNAPSHOT.jar:/home/user/.m2/repository/org/apache/hadoop/hadoop-hdds-tools/0.5.0-SNAPSHOT/hadoop-hdds-tools-0.5.0-SNAPSHOT.jar:/home/user/.m2/repository/org/apache/hadoop/hadoop-hdds-server-scm/0.5.0-SNAPSHOT/hadoop-hdds-server-scm-0.5.0-SNAPSHOT.jar:/home/user/.m2/repository/org/apache/hadoop/hadoop-hdds-docs/0.5.0-SNAPSHOT/hadoop-hdds-docs-0.5.0-SNAPSHOT.jar:/home/user/.m2/repository/io/dropwizard/metrics/metrics-core/3.2.4/metrics-core-3.2.4.jar:/home/user/.m2/repository/org/hamcrest/hamcrest-all/1.3/hamcrest-all-1.3.jar:/home/user/.m2/repository/org/bouncycastle/bcprov-jdk15on/1.60/bcprov-jdk15on-1.60.jar:/home/user/.m2/repository/info/picocli/picocli/3.9.6/picocli-3.9.6.jar:/home/user/.m2/repository/com/google/protobuf/protobuf-java/2.5.0/protobuf-java-2.5.0.jar:/home/user/.m2/repository/com/google/guava/guava/11.0.2/guava-11.0.2.jar:/home/user/.m2/repository/org/apache/hadoop/hadoop-ozone-ozone-manager/0.5.0-SNAPSHOT/hadoop-ozone-ozone-manager-0.5.0-SNAPSHOT.jar:/home/user/.m2/repository/org/apache/hadoop/hadoop-minikdc/3.2.0/hadoop-minikdc-3.2.0.jar:/home/user/.m2/repository/commons-io/commons-io/2.5/commons-io-2.5.jar:/home/user/.m2/repository/org/apache/kerby/kerb-simplekdc/1.0.1/kerb-simplekdc-1.0.1.jar:/home/user/.m2/repository/org/apache/kerby/kerb-client/1.0.1/kerb-client-1.0.1.jar:/home/user/.m2/repository/org/apache/kerby/kerby-config/1.0.1/kerby-config-1.0.1.jar:/home/user/.m2/repository/org/apache/kerby/kerb-core/1.0.1/kerb-core-1.0.1.jar:/home/user/.m2/repository/org/apache/kerby/kerby-pkix/1.0.1/kerby-pkix-1.0.1.jar:/home/user/.m2/repository/org/apache/kerby/kerby-asn1/1.0.1/kerby-asn1-1.0.1.jar:/home/user/.m2/repository/org/apache/kerby/kerby-util/1.0.1/kerby-util-1.0.1.jar:/home/user/.m2/repository/org/apache/kerby/kerb-common/1.0.1/kerb-common-1.0.1.jar:/home/user/.m2/repository/org/apache/kerby/kerb-crypto/1.0.1/kerb-crypto-1.0.1.jar:/home/user/.m2/repository/org/apache/kerby/kerb-util/1.0.1/kerb-util-1.0.1.jar:/home/user/.m2/repository/org/apache/kerby/token-provider/1.0.1/token-provider-1.0.1.jar:/home/user/.m2/repository/org/apache/kerby/kerb-admin/1.0.1/kerb-admin-1.0.1.jar:/home/user/.m2/repository/org/apache/kerby/kerb-server/1.0.1/kerb-server-1.0.1.jar:/home/user/.m2/repository/org/apache/kerby/kerb-identity/1.0.1/kerb-identity-1.0.1.jar:/home/user/.m2/repository/org/apache/kerby/kerby-xdr/1.0.1/kerby-xdr-1.0.1.jar:/home/user/.m2/repository/org/slf4j/slf4j-log4j12/1.7.25/slf4j-log4j12-1.7.25.jar:/home/user/.m2/repository/org/apache/hadoop/hadoop-ozone-s3gateway/0.5.0-SNAPSHOT/hadoop-ozone-s3gateway-0.5.0-SNAPSHOT.jar:/home/user/.m2/repository/org/jboss/weld/servlet/weld-servlet/2.4.7.Final/weld-servlet-2.4.7.Final.jar:/home/user/.m2/repository/org/glassfish/jersey/containers/jersey-container-servlet-core/2.27/jersey-container-servlet-core-2.27.jar:/home/user/.m2/repository/org/glassfish/hk2/external/javax.inject/2.5.0-b42/javax.inject-2.5.0-b42.jar:/home/user/.m2/repository/org/glassfish/jersey/core/jersey-common/2.27/jersey-common-2.27.jar:/home/user/.m2/repository/org/glassfish/hk2/osgi-resource-locator/1.0.1/osgi-resource-locator-1.0.1.jar:/home/user/.m2/repository/javax/ws/rs/javax.ws.rs-api/2.1/javax.ws.rs-api-2.1.jar:/home/user/.m2/repository/org/glassfish/jersey/ext/cdi/jersey-cdi1x/2.27/jersey-cdi1x-2.27.jar:/home/user/.m2/repository/org/glassfish/jersey/inject/jersey-hk2/2.27/jersey-hk2-2.27.jar:/home/user/.m2/repository/org/glassfish/hk2/hk2-locator/2.5.0-b42/hk2-locator-2.5.0-b42.jar:/home/user/.m2/repository/org/javassist/javassist/3.22.0-CR2/javassist-3.22.0-CR2.jar:/home/user/.m2/repository/org/glassfish/hk2/hk2-api/2.5.0/hk2-api-2.5.0.jar:/home/user/.m2/repository/org/glassfish/hk2/external/jakarta.inject/2.5.0/jakarta.inject-2.5.0.jar:/home/user/.m2/repository/org/glassfish/hk2/hk2-utils/2.5.0/hk2-utils-2.5.0.jar:/home/user/.m2/repository/jakarta/annotation/jakarta.annotation-api/1.3.4/jakarta.annotation-api-1.3.4.jar:/home/user/.m2/repository/org/glassfish/hk2/external/aopalliance-repackaged/2.5.0/aopalliance-repackaged-2.5.0.jar:/home/user/.m2/repository/com/fasterxml/jackson/dataformat/jackson-dataformat-xml/2.9.0/jackson-dataformat-xml-2.9.0.jar:/home/user/.m2/repository/com/fasterxml/jackson/core/jackson-core/2.9.9/jackson-core-2.9.9.jar:/home/user/.m2/repository/com/fasterxml/jackson/module/jackson-module-jaxb-annotations/2.9.9/jackson-module-jaxb-annotations-2.9.9.jar:/home/user/.m2/repository/javax/enterprise/cdi-api/1.2/cdi-api-1.2.jar:/home/user/.m2/repository/javax/el/javax.el-api/3.0.0/javax.el-api-3.0.0.jar:/home/user/.m2/repository/javax/interceptor/javax.interceptor-api/1.2/javax.interceptor-api-1.2.jar:/home/user/.m2/repository/javax/inject/javax.inject/1/javax.inject-1.jar:/home/user/.m2/repository/com/sun/xml/bind/jaxb-impl/2.3.0.1/jaxb-impl-2.3.0.1.jar:/home/user/.m2/repository/com/sun/xml/bind/jaxb-core/2.3.0.1/jaxb-core-2.3.0.1.jar:/home/user/.m2/repository/javax/xml/bind/jaxb-api/2.3.0/jaxb-api-2.3.0.jar:/home/user/.m2/repository/javax/activation/activation/1.1.1/activation-1.1.1.jar:/home/user/.m2/repository/org/apache/hadoop/hadoop-ozone-csi/0.5.0-SNAPSHOT/hadoop-ozone-csi-0.5.0-SNAPSHOT.jar:/home/user/.m2/repository/com/google/protobuf/protobuf-java-util/3.5.1/protobuf-java-util-3.5.1.jar:/home/user/.m2/repository/org/apache/hadoop/hadoop-hdds-config/0.5.0-SNAPSHOT/hadoop-hdds-config-0.5.0-SNAPSHOT.jar:/home/user/.m2/repository/io/grpc/grpc-netty/1.17.1/grpc-netty-1.17.1.jar:/home/user/.m2/repository/io/grpc/grpc-core/1.17.1/grpc-core-1.17.1.jar:/home/user/.m2/repository/io/grpc/grpc-context/1.17.1/grpc-context-1.17.1.jar:/home/user/.m2/repository/com/google/errorprone/error_prone_annotations/2.2.0/error_prone_annotations-2.2.0.jar:/home/user/.m2/repository/org/codehaus/mojo/animal-sniffer-annotations/1.17/animal-sniffer-annotations-1.17.jar:/home/user/.m2/repository/io/opencensus/opencensus-api/0.17.0/opencensus-api-0.17.0.jar:/home/user/.m2/repository/io/opencensus/opencensus-contrib-grpc-metrics/0.17.0/opencensus-contrib-grpc-metrics-0.17.0.jar:/home/user/.m2/repository/io/netty/netty-codec-http2/4.1.30.Final/netty-codec-http2-4.1.30.Final.jar:/home/user/.m2/repository/io/netty/netty-codec-http/4.1.30.Final/netty-codec-http-4.1.30.Final.jar:/home/user/.m2/repository/io/netty/netty-codec/4.1.30.Final/netty-codec-4.1.30.Final.jar:/home/user/.m2/repository/io/netty/netty-handler/4.1.30.Final/netty-handler-4.1.30.Final.jar:/home/user/.m2/repository/io/netty/netty-handler-proxy/4.1.30.Final/netty-handler-proxy-4.1.30.Final.jar:/home/user/.m2/repository/io/netty/netty-codec-socks/4.1.30.Final/netty-codec-socks-4.1.30.Final.jar:/home/user/.m2/repository/io/netty/netty-transport-native-epoll/4.1.30.Final/netty-transport-native-epoll-4.1.30.Final.jar:/home/user/.m2/repository/io/netty/netty-common/4.1.30.Final/netty-common-4.1.30.Final.jar:/home/user/.m2/repository/io/netty/netty-buffer/4.1.30.Final/netty-buffer-4.1.30.Final.jar:/home/user/.m2/repository/io/netty/netty-transport/4.1.30.Final/netty-transport-4.1.30.Final.jar:/home/user/.m2/repository/io/netty/netty-resolver/4.1.30.Final/netty-resolver-4.1.30.Final.jar:/home/user/.m2/repository/io/netty/netty-transport-native-unix-common/4.1.30.Final/netty-transport-native-unix-common-4.1.30.Final.jar:/home/user/.m2/repository/io/grpc/grpc-protobuf/1.17.1/grpc-protobuf-1.17.1.jar:/home/user/.m2/repository/com/google/api/grpc/proto-google-common-protos/1.0.0/proto-google-common-protos-1.0.0.jar:/home/user/.m2/repository/io/grpc/grpc-protobuf-lite/1.17.1/grpc-protobuf-lite-1.17.1.jar:/home/user/.m2/repository/io/grpc/grpc-stub/1.17.1/grpc-stub-1.17.1.jar:/home/user/.m2/repository/org/apache/hadoop/hadoop-ozone-recon/0.5.0-SNAPSHOT/hadoop-ozone-recon-0.5.0-SNAPSHOT.jar:/home/user/.m2/repository/org/apache/hadoop/hadoop-ozone-reconcodegen/0.5.0-SNAPSHOT/hadoop-ozone-reconcodegen-0.5.0-SNAPSHOT.jar:/home/user/.m2/repository/com/google/inject/extensions/guice-multibindings/4.0/guice-multibindings-4.0.jar:/home/user/.m2/repository/com/google/inject/guice/4.0/guice-4.0.jar:/home/user/.m2/repository/aopalliance/aopalliance/1.0/aopalliance-1.0.jar:/home/user/.m2/repository/com/google/inject/extensions/guice-servlet/4.0/guice-servlet-4.0.jar:/home/user/.m2/repository/org/glassfish/jersey/containers/jersey-container-servlet/2.27/jersey-container-servlet-2.27.jar:/home/user/.m2/repository/org/glassfish/hk2/guice-bridge/2.5.0/guice-bridge-2.5.0.jar:/home/user/.m2/repository/org/glassfish/jersey/core/jersey-server/2.27/jersey-server-2.27.jar:/home/user/.m2/repository/org/glassfish/jersey/core/jersey-client/2.27/jersey-client-2.27.jar:/home/user/.m2/repository/org/glassfish/jersey/media/jersey-media-jaxb/2.27/jersey-media-jaxb-2.27.jar:/home/user/.m2/repository/javax/validation/validation-api/1.1.0.Final/validation-api-1.1.0.Final.jar:/home/user/.m2/repository/org/glassfish/jersey/media/jersey-media-json-jackson/2.27/jersey-media-json-jackson-2.27.jar:/home/user/.m2/repository/org/glassfish/jersey/ext/jersey-entity-filtering/2.27/jersey-entity-filtering-2.27.jar:/home/user/.m2/repository/com/google/inject/extensions/guice-assistedinject/4.0/guice-assistedinject-4.0.jar:/home/user/.m2/repository/org/jooq/jooq/3.11.10/jooq-3.11.10.jar:/home/user/.m2/repository/org/jooq/jooq-meta/3.11.10/jooq-meta-3.11.10.jar:/home/user/.m2/repository/org/jooq/jooq-codegen/3.11.10/jooq-codegen-3.11.10.jar:/home/user/.m2/repository/com/jolbox/bonecp/0.8.0.RELEASE/bonecp-0.8.0.RELEASE.jar:/home/user/.m2/repository/org/xerial/sqlite-jdbc/3.25.2/sqlite-jdbc-3.25.2.jar:/home/user/.m2/repository/org/springframework/spring-jdbc/5.1.3.RELEASE/spring-jdbc-5.1.3.RELEASE.jar:/home/user/.m2/repository/org/springframework/spring-beans/5.1.3.RELEASE/spring-beans-5.1.3.RELEASE.jar:/home/user/.m2/repository/org/springframework/spring-core/5.1.3.RELEASE/spring-core-5.1.3.RELEASE.jar:/home/user/.m2/repository/org/springframework/spring-jcl/5.1.3.RELEASE/spring-jcl-5.1.3.RELEASE.jar:/home/user/.m2/repository/org/springframework/spring-tx/5.1.3.RELEASE/spring-tx-5.1.3.RELEASE.jar:/home/user/.m2/repository/org/apache/hadoop/hadoop-ozone-client/0.5.0-SNAPSHOT/hadoop-ozone-client-0.5.0-SNAPSHOT.jar:/home/user/.m2/repository/commons-lang/commons-lang/2.6/commons-lang-2.6.jar:/home/user/.m2/repository/org/apache/hadoop/hadoop-ozone-ozone-manager/0.5.0-SNAPSHOT/hadoop-ozone-ozone-manager-0.5.0-SNAPSHOT-tests.jar:/home/user/.m2/repository/junit/junit/4.11/junit-4.11.jar:/home/user/.m2/repository/org/hamcrest/hamcrest-core/1.3/hamcrest-core-1.3.jar:/home/user/.m2/repository/org/openjdk/jmh/jmh-core/1.19/jmh-core-1.19.jar:/home/user/.m2/repository/net/sf/jopt-simple/jopt-simple/4.6/jopt-simple-4.6.jar:/home/user/.m2/repository/org/apache/commons/commons-math3/3.1.1/commons-math3-3.1.1.jar:/home/user/.m2/repository/org/openjdk/jmh/jmh-generator-annprocess/1.19/jmh-generator-annprocess-1.19.jar:/home/user/.m2/repository/org/mockito/mockito-all/1.8.5/mockito-all-1.8.5.jar:/home/user/.m2/repository/org/apache/hadoop/hadoop-kms/3.2.0/hadoop-kms-3.2.0.jar:/home/user/.m2/repository/org/apache/hadoop/hadoop-auth/3.2.0/hadoop-auth-3.2.0.jar:/home/user/.m2/repository/com/nimbusds/nimbus-jose-jwt/4.41.1/nimbus-jose-jwt-4.41.1.jar:/home/user/.m2/repository/com/github/stephenc/jcip/jcip-annotations/1.0-1/jcip-annotations-1.0-1.jar:/home/user/.m2/repository/net/minidev/json-smart/2.3/json-smart-2.3.jar:/home/user/.m2/repository/net/minidev/accessors-smart/1.2/accessors-smart-1.2.jar:/home/user/.m2/repository/org/ow2/asm/asm/5.0.4/asm-5.0.4.jar:/home/user/.m2/repository/org/apache/curator/curator-framework/2.12.0/curator-framework-2.12.0.jar:/home/user/.m2/repository/com/sun/jersey/jersey-core/1.19/jersey-core-1.19.jar:/home/user/.m2/repository/javax/ws/rs/jsr311-api/1.1.1/jsr311-api-1.1.1.jar:/home/user/.m2/repository/com/sun/jersey/jersey-server/1.19/jersey-server-1.19.jar:/home/user/.m2/repository/javax/servlet/javax.servlet-api/3.1.0/javax.servlet-api-3.1.0.jar:/home/user/.m2/repository/org/eclipse/jetty/jetty-server/9.3.25.v20180904/jetty-server-9.3.25.v20180904.jar:/home/user/.m2/repository/org/eclipse/jetty/jetty-http/9.3.25.v20180904/jetty-http-9.3.25.v20180904.jar:/home/user/.m2/repository/org/eclipse/jetty/jetty-io/9.3.25.v20180904/jetty-io-9.3.25.v20180904.jar:/home/user/.m2/repository/org/eclipse/jetty/jetty-webapp/9.3.25.v20180904/jetty-webapp-9.3.25.v20180904.jar:/home/user/.m2/repository/org/eclipse/jetty/jetty-xml/9.3.25.v20180904/jetty-xml-9.3.25.v20180904.jar:/home/user/.m2/repository/log4j/log4j/1.2.17/log4j-1.2.17.jar:/home/user/.m2/repository/org/slf4j/slf4j-api/1.7.25/slf4j-api-1.7.25.jar:/home/user/.m2/repository/org/slf4j/jul-to-slf4j/1.7.25/jul-to-slf4j-1.7.25.jar:/home/user/.m2/repository/org/eclipse/jetty/jetty-util/9.3.25.v20180904/jetty-util-9.3.25.v20180904.jar:/home/user/.m2/repository/com/fasterxml/jackson/core/jackson-databind/2.9.9/jackson-databind-2.9.9.jar:/home/user/.m2/repository/org/apache/hadoop/hadoop-kms/3.2.0/hadoop-kms-3.2.0-tests.jar:/home/user/.m2/repository/org/apache/hadoop/hadoop-hdds-server-scm/0.5.0-SNAPSHOT/hadoop-hdds-server-scm-0.5.0-SNAPSHOT-tests.jar:/home/user/.m2/repository/org/apache/hadoop/hadoop-hdds-container-service/0.5.0-SNAPSHOT/hadoop-hdds-container-service-0.5.0-SNAPSHOT-tests.jar:/home/user/.m2/repository/org/yaml/snakeyaml/1.16/snakeyaml-1.16.jar:/home/user/.m2/repository/org/apache/hadoop/hadoop-common/3.2.0/hadoop-common-3.2.0-tests.jar:/home/user/.m2/repository/org/apache/hadoop/hadoop-annotations/3.2.0/hadoop-annotations-3.2.0.jar:/usr/lib/jvm/java-1.8.0-openjdk-1.8.0.222.b10-1.el7_7.x86_64/jre/../lib/tools.jar:/home/user/.m2/repository/commons-cli/commons-cli/1.2/commons-cli-1.2.jar:/home/user/.m2/repository/org/apache/httpcomponents/httpclient/4.5.2/httpclient-4.5.2.jar:/home/user/.m2/repository/org/apache/httpcomponents/httpcore/4.4.4/httpcore-4.4.4.jar:/home/user/.m2/repository/commons-codec/commons-codec/1.11/commons-codec-1.11.jar:/home/user/.m2/repository/commons-net/commons-net/3.6/commons-net-3.6.jar:/home/user/.m2/repository/commons-collections/commons-collections/3.2.2/commons-collections-3.2.2.jar:/home/user/.m2/repository/org/eclipse/jetty/jetty-servlet/9.3.25.v20180904/jetty-servlet-9.3.25.v20180904.jar:/home/user/.m2/repository/org/eclipse/jetty/jetty-security/9.3.25.v20180904/jetty-security-9.3.25.v20180904.jar:/home/user/.m2/repository/javax/servlet/jsp/jsp-api/2.1/jsp-api-2.1.jar:/home/user/.m2/repository/com/sun/jersey/jersey-servlet/1.19/jersey-servlet-1.19.jar:/home/user/.m2/repository/com/sun/jersey/jersey-json/1.19/jersey-json-1.19.jar:/home/user/.m2/repository/org/codehaus/jettison/jettison/1.1/jettison-1.1.jar:/home/user/.m2/repository/org/codehaus/jackson/jackson-core-asl/1.9.13/jackson-core-asl-1.9.13.jar:/home/user/.m2/repository/org/codehaus/jackson/jackson-mapper-asl/1.9.13/jackson-mapper-asl-1.9.13.jar:/home/user/.m2/repository/org/codehaus/jackson/jackson-jaxrs/1.9.13/jackson-jaxrs-1.9.13.jar:/home/user/.m2/repository/org/codehaus/jackson/jackson-xc/1.9.13/jackson-xc-1.9.13.jar:/home/user/.m2/repository/commons-logging/commons-logging/1.1.3/commons-logging-1.1.3.jar:/home/user/.m2/repository/commons-beanutils/commons-beanutils/1.9.4/commons-beanutils-1.9.4.jar:/home/user/.m2/repository/org/apache/commons/commons-configuration2/2.1.1/commons-configuration2-2.1.1.jar:/home/user/.m2/repository/org/apache/commons/commons-lang3/3.7/commons-lang3-3.7.jar:/home/user/.m2/repository/org/apache/commons/commons-text/1.4/commons-text-1.4.jar:/home/user/.m2/repository/org/apache/avro/avro/1.7.7/avro-1.7.7.jar:/home/user/.m2/repository/com/thoughtworks/paranamer/paranamer/2.3/paranamer-2.3.jar:/home/user/.m2/repository/org/xerial/snappy/snappy-java/1.0.5/snappy-java-1.0.5.jar:/home/user/.m2/repository/com/google/re2j/re2j/1.1/re2j-1.1.jar:/home/user/.m2/repository/com/google/code/gson/gson/2.2.4/gson-2.2.4.jar:/home/user/.m2/repository/com/jcraft/jsch/0.1.54/jsch-0.1.54.jar:/home/user/.m2/repository/org/apache/curator/curator-client/2.12.0/curator-client-2.12.0.jar:/home/user/.m2/repository/org/apache/curator/curator-recipes/2.12.0/curator-recipes-2.12.0.jar:/home/user/.m2/repository/com/google/code/findbugs/jsr305/3.0.0/jsr305-3.0.0.jar:/home/user/.m2/repository/org/apache/htrace/htrace-core4/4.1.0-incubating/htrace-core4-4.1.0-incubating.jar:/home/user/.m2/repository/org/apache/zookeeper/zookeeper/3.4.13/zookeeper-3.4.13.jar:/home/user/.m2/repository/jline/jline/0.9.94/jline-0.9.94.jar:/home/user/.m2/repository/org/apache/yetus/audience-annotations/0.5.0/audience-annotations-0.5.0.jar:/home/user/.m2/repository/org/codehaus/woodstox/stax2-api/3.1.4/stax2-api-3.1.4.jar:/home/user/.m2/repository/com/fasterxml/woodstox/woodstox-core/5.0.3/woodstox-core-5.0.3.jar:/home/user/.m2/repository/dnsjava/dnsjava/2.1.7/dnsjava-2.1.7.jar:/home/user/.m2/repository/org/apache/hadoop/hadoop-hdfs/3.2.0/hadoop-hdfs-3.2.0-tests.jar:/home/user/.m2/repository/org/eclipse/jetty/jetty-util-ajax/9.3.25.v20180904/jetty-util-ajax-9.3.25.v20180904.jar:/home/user/.m2/repository/commons-daemon/commons-daemon/1.0.13/commons-daemon-1.0.13.jar:/home/user/.m2/repository/io/netty/netty/3.10.5.Final/netty-3.10.5.Final.jar:/home/user/.m2/repository/io/netty/netty-all/4.0.52.Final/netty-all-4.0.52.Final.jar:/home/user/.m2/repository/org/fusesource/leveldbjni/leveldbjni-all/1.8/leveldbjni-all-1.8.jar:"/>
    <property name="java.vm.vendor" value="Oracle Corporation"/>
    <property name="sun.arch.data.model" value="64"/>
    <property name="test.build.dir" value="/workdir/hadoop-ozone/integration-test/target/test-dir"/>
    <property name="test.cache.data" value=""/>
    <property name="java.vendor.url" value="http://java.oracle.com/"/>
    <property name="user.timezone" value=""/>
    <property name="java.vm.specification.version" value="1.8"/>
    <property name="os.name" value="Linux"/>
    <property name="test.build.data" value="/workdir/hadoop-ozone/integration-test/target/test-dir"/>
    <property name="user.country" value="US"/>
    <property name="sun.java.launcher" value="SUN_STANDARD"/>
    <property name="sun.boot.library.path" value="/usr/lib/jvm/java-1.8.0-openjdk-1.8.0.222.b10-1.el7_7.x86_64/jre/lib/amd64"/>
    <property name="sun.java.command" value="/workdir/hadoop-ozone/integration-test/target/surefire/surefirebooter6082585052639730162.jar /workdir/hadoop-ozone/integration-test/target/surefire 2019-10-18T13-48-28_731-jvmRun1 surefire5165614301198258139tmp surefire_306394418200990130030tmp"/>
    <property name="surefire.test.class.path" value="/workdir/hadoop-ozone/integration-test/target/test-classes:/workdir/hadoop-ozone/integration-test/target/classes:/home/user/.m2/repository/org/apache/hadoop/hadoop-ozone-common/0.5.0-SNAPSHOT/hadoop-ozone-common-0.5.0-SNAPSHOT.jar:/home/user/.m2/repository/org/apache/commons/commons-compress/1.4.1/commons-compress-1.4.1.jar:/home/user/.m2/repository/org/tukaani/xz/1.0/xz-1.0.jar:/home/user/.m2/repository/org/apache/hadoop/hadoop-common/3.2.0/hadoop-common-3.2.0.jar:/home/user/.m2/repository/org/apache/hadoop/hadoop-hdfs/3.2.0/hadoop-hdfs-3.2.0.jar:/home/user/.m2/repository/org/apache/hadoop/hadoop-hdfs-client/3.2.0/hadoop-hdfs-client-3.2.0.jar:/home/user/.m2/repository/com/fasterxml/jackson/core/jackson-annotations/2.9.9/jackson-annotations-2.9.9.jar:/home/user/.m2/repository/org/apache/hadoop/hadoop-hdds-common/0.5.0-SNAPSHOT/hadoop-hdds-common-0.5.0-SNAPSHOT.jar:/home/user/.m2/repository/javax/annotation/javax.annotation-api/1.2/javax.annotation-api-1.2.jar:/home/user/.m2/repository/org/apache/ratis/ratis-server/0.5.0-3f446aa-SNAPSHOT/ratis-server-0.5.0-3f446aa-SNAPSHOT.jar:/home/user/.m2/repository/org/apache/ratis/ratis-thirdparty-misc/0.2.0/ratis-thirdparty-misc-0.2.0.jar:/home/user/.m2/repository/org/apache/ratis/ratis-proto/0.5.0-3f446aa-SNAPSHOT/ratis-proto-0.5.0-3f446aa-SNAPSHOT.jar:/home/user/.m2/repository/org/apache/ratis/ratis-common/0.5.0-3f446aa-SNAPSHOT/ratis-common-0.5.0-3f446aa-SNAPSHOT.jar:/home/user/.m2/repository/org/apache/ratis/ratis-client/0.5.0-3f446aa-SNAPSHOT/ratis-client-0.5.0-3f446aa-SNAPSHOT.jar:/home/user/.m2/repository/org/apache/ratis/ratis-metrics/0.5.0-3f446aa-SNAPSHOT/ratis-metrics-0.5.0-3f446aa-SNAPSHOT.jar:/home/user/.m2/repository/com/github/joshelser/dropwizard-metrics-hadoop-metrics2-reporter/0.1.2/dropwizard-metrics-hadoop-metrics2-reporter-0.1.2.jar:/home/user/.m2/repository/io/dropwizard/metrics/metrics-jvm/3.2.5/metrics-jvm-3.2.5.jar:/home/user/.m2/repository/io/dropwizard/metrics/metrics-ganglia/3.2.5/metrics-ganglia-3.2.5.jar:/home/user/.m2/repository/info/ganglia/gmetric4j/gmetric4j/1.0.7/gmetric4j-1.0.7.jar:/home/user/.m2/repository/org/apache/ratis/ratis-netty/0.5.0-3f446aa-SNAPSHOT/ratis-netty-0.5.0-3f446aa-SNAPSHOT.jar:/home/user/.m2/repository/org/apache/ratis/ratis-grpc/0.5.0-3f446aa-SNAPSHOT/ratis-grpc-0.5.0-3f446aa-SNAPSHOT.jar:/home/user/.m2/repository/org/rocksdb/rocksdbjni/6.0.1/rocksdbjni-6.0.1.jar:/home/user/.m2/repository/org/apache/logging/log4j/log4j-api/2.11.0/log4j-api-2.11.0.jar:/home/user/.m2/repository/org/apache/logging/log4j/log4j-core/2.11.0/log4j-core-2.11.0.jar:/home/user/.m2/repository/com/lmax/disruptor/3.4.2/disruptor-3.4.2.jar:/home/user/.m2/repository/org/apache/commons/commons-pool2/2.6.0/commons-pool2-2.6.0.jar:/home/user/.m2/repository/org/bouncycastle/bcpkix-jdk15on/1.60/bcpkix-jdk15on-1.60.jar:/home/user/.m2/repository/commons-validator/commons-validator/1.6/commons-validator-1.6.jar:/home/user/.m2/repository/commons-digester/commons-digester/1.8.1/commons-digester-1.8.1.jar:/home/user/.m2/repository/io/jaegertracing/jaeger-client/0.34.0/jaeger-client-0.34.0.jar:/home/user/.m2/repository/io/jaegertracing/jaeger-thrift/0.34.0/jaeger-thrift-0.34.0.jar:/home/user/.m2/repository/org/apache/thrift/libthrift/0.12.0/libthrift-0.12.0.jar:/home/user/.m2/repository/com/squareup/okhttp3/okhttp/3.9.0/okhttp-3.9.0.jar:/home/user/.m2/repository/com/squareup/okio/okio/1.13.0/okio-1.13.0.jar:/home/user/.m2/repository/io/jaegertracing/jaeger-core/0.34.0/jaeger-core-0.34.0.jar:/home/user/.m2/repository/io/jaegertracing/jaeger-tracerresolver/0.34.0/jaeger-tracerresolver-0.34.0.jar:/home/user/.m2/repository/io/opentracing/contrib/opentracing-tracerresolver/0.1.5/opentracing-tracerresolver-0.1.5.jar:/home/user/.m2/repository/io/opentracing/opentracing-util/0.31.0/opentracing-util-0.31.0.jar:/home/user/.m2/repository/io/opentracing/opentracing-api/0.31.0/opentracing-api-0.31.0.jar:/home/user/.m2/repository/io/opentracing/opentracing-noop/0.31.0/opentracing-noop-0.31.0.jar:/home/user/.m2/repository/org/apache/hadoop/hadoop-hdds-server-framework/0.5.0-SNAPSHOT/hadoop-hdds-server-framework-0.5.0-SNAPSHOT.jar:/home/user/.m2/repository/org/apache/hadoop/hadoop-hdds-container-service/0.5.0-SNAPSHOT/hadoop-hdds-container-service-0.5.0-SNAPSHOT.jar:/home/user/.m2/repository/org/apache/hadoop/hadoop-hdds-client/0.5.0-SNAPSHOT/hadoop-hdds-client-0.5.0-SNAPSHOT.jar:/home/user/.m2/repository/org/apache/hadoop/hadoop-hdds-tools/0.5.0-SNAPSHOT/hadoop-hdds-tools-0.5.0-SNAPSHOT.jar:/home/user/.m2/repository/org/apache/hadoop/hadoop-hdds-server-scm/0.5.0-SNAPSHOT/hadoop-hdds-server-scm-0.5.0-SNAPSHOT.jar:/home/user/.m2/repository/org/apache/hadoop/hadoop-hdds-docs/0.5.0-SNAPSHOT/hadoop-hdds-docs-0.5.0-SNAPSHOT.jar:/home/user/.m2/repository/io/dropwizard/metrics/metrics-core/3.2.4/metrics-core-3.2.4.jar:/home/user/.m2/repository/org/hamcrest/hamcrest-all/1.3/hamcrest-all-1.3.jar:/home/user/.m2/repository/org/bouncycastle/bcprov-jdk15on/1.60/bcprov-jdk15on-1.60.jar:/home/user/.m2/repository/info/picocli/picocli/3.9.6/picocli-3.9.6.jar:/home/user/.m2/repository/com/google/protobuf/protobuf-java/2.5.0/protobuf-java-2.5.0.jar:/home/user/.m2/repository/com/google/guava/guava/11.0.2/guava-11.0.2.jar:/home/user/.m2/repository/org/apache/hadoop/hadoop-ozone-ozone-manager/0.5.0-SNAPSHOT/hadoop-ozone-ozone-manager-0.5.0-SNAPSHOT.jar:/home/user/.m2/repository/org/apache/hadoop/hadoop-minikdc/3.2.0/hadoop-minikdc-3.2.0.jar:/home/user/.m2/repository/commons-io/commons-io/2.5/commons-io-2.5.jar:/home/user/.m2/repository/org/apache/kerby/kerb-simplekdc/1.0.1/kerb-simplekdc-1.0.1.jar:/home/user/.m2/repository/org/apache/kerby/kerb-client/1.0.1/kerb-client-1.0.1.jar:/home/user/.m2/repository/org/apache/kerby/kerby-config/1.0.1/kerby-config-1.0.1.jar:/home/user/.m2/repository/org/apache/kerby/kerb-core/1.0.1/kerb-core-1.0.1.jar:/home/user/.m2/repository/org/apache/kerby/kerby-pkix/1.0.1/kerby-pkix-1.0.1.jar:/home/user/.m2/repository/org/apache/kerby/kerby-asn1/1.0.1/kerby-asn1-1.0.1.jar:/home/user/.m2/repository/org/apache/kerby/kerby-util/1.0.1/kerby-util-1.0.1.jar:/home/user/.m2/repository/org/apache/kerby/kerb-common/1.0.1/kerb-common-1.0.1.jar:/home/user/.m2/repository/org/apache/kerby/kerb-crypto/1.0.1/kerb-crypto-1.0.1.jar:/home/user/.m2/repository/org/apache/kerby/kerb-util/1.0.1/kerb-util-1.0.1.jar:/home/user/.m2/repository/org/apache/kerby/token-provider/1.0.1/token-provider-1.0.1.jar:/home/user/.m2/repository/org/apache/kerby/kerb-admin/1.0.1/kerb-admin-1.0.1.jar:/home/user/.m2/repository/org/apache/kerby/kerb-server/1.0.1/kerb-server-1.0.1.jar:/home/user/.m2/repository/org/apache/kerby/kerb-identity/1.0.1/kerb-identity-1.0.1.jar:/home/user/.m2/repository/org/apache/kerby/kerby-xdr/1.0.1/kerby-xdr-1.0.1.jar:/home/user/.m2/repository/org/slf4j/slf4j-log4j12/1.7.25/slf4j-log4j12-1.7.25.jar:/home/user/.m2/repository/org/apache/hadoop/hadoop-ozone-s3gateway/0.5.0-SNAPSHOT/hadoop-ozone-s3gateway-0.5.0-SNAPSHOT.jar:/home/user/.m2/repository/org/jboss/weld/servlet/weld-servlet/2.4.7.Final/weld-servlet-2.4.7.Final.jar:/home/user/.m2/repository/org/glassfish/jersey/containers/jersey-container-servlet-core/2.27/jersey-container-servlet-core-2.27.jar:/home/user/.m2/repository/org/glassfish/hk2/external/javax.inject/2.5.0-b42/javax.inject-2.5.0-b42.jar:/home/user/.m2/repository/org/glassfish/jersey/core/jersey-common/2.27/jersey-common-2.27.jar:/home/user/.m2/repository/org/glassfish/hk2/osgi-resource-locator/1.0.1/osgi-resource-locator-1.0.1.jar:/home/user/.m2/repository/javax/ws/rs/javax.ws.rs-api/2.1/javax.ws.rs-api-2.1.jar:/home/user/.m2/repository/org/glassfish/jersey/ext/cdi/jersey-cdi1x/2.27/jersey-cdi1x-2.27.jar:/home/user/.m2/repository/org/glassfish/jersey/inject/jersey-hk2/2.27/jersey-hk2-2.27.jar:/home/user/.m2/repository/org/glassfish/hk2/hk2-locator/2.5.0-b42/hk2-locator-2.5.0-b42.jar:/home/user/.m2/repository/org/javassist/javassist/3.22.0-CR2/javassist-3.22.0-CR2.jar:/home/user/.m2/repository/org/glassfish/hk2/hk2-api/2.5.0/hk2-api-2.5.0.jar:/home/user/.m2/repository/org/glassfish/hk2/external/jakarta.inject/2.5.0/jakarta.inject-2.5.0.jar:/home/user/.m2/repository/org/glassfish/hk2/hk2-utils/2.5.0/hk2-utils-2.5.0.jar:/home/user/.m2/repository/jakarta/annotation/jakarta.annotation-api/1.3.4/jakarta.annotation-api-1.3.4.jar:/home/user/.m2/repository/org/glassfish/hk2/external/aopalliance-repackaged/2.5.0/aopalliance-repackaged-2.5.0.jar:/home/user/.m2/repository/com/fasterxml/jackson/dataformat/jackson-dataformat-xml/2.9.0/jackson-dataformat-xml-2.9.0.jar:/home/user/.m2/repository/com/fasterxml/jackson/core/jackson-core/2.9.9/jackson-core-2.9.9.jar:/home/user/.m2/repository/com/fasterxml/jackson/module/jackson-module-jaxb-annotations/2.9.9/jackson-module-jaxb-annotations-2.9.9.jar:/home/user/.m2/repository/javax/enterprise/cdi-api/1.2/cdi-api-1.2.jar:/home/user/.m2/repository/javax/el/javax.el-api/3.0.0/javax.el-api-3.0.0.jar:/home/user/.m2/repository/javax/interceptor/javax.interceptor-api/1.2/javax.interceptor-api-1.2.jar:/home/user/.m2/repository/javax/inject/javax.inject/1/javax.inject-1.jar:/home/user/.m2/repository/com/sun/xml/bind/jaxb-impl/2.3.0.1/jaxb-impl-2.3.0.1.jar:/home/user/.m2/repository/com/sun/xml/bind/jaxb-core/2.3.0.1/jaxb-core-2.3.0.1.jar:/home/user/.m2/repository/javax/xml/bind/jaxb-api/2.3.0/jaxb-api-2.3.0.jar:/home/user/.m2/repository/javax/activation/activation/1.1.1/activation-1.1.1.jar:/home/user/.m2/repository/org/apache/hadoop/hadoop-ozone-csi/0.5.0-SNAPSHOT/hadoop-ozone-csi-0.5.0-SNAPSHOT.jar:/home/user/.m2/repository/com/google/protobuf/protobuf-java-util/3.5.1/protobuf-java-util-3.5.1.jar:/home/user/.m2/repository/org/apache/hadoop/hadoop-hdds-config/0.5.0-SNAPSHOT/hadoop-hdds-config-0.5.0-SNAPSHOT.jar:/home/user/.m2/repository/io/grpc/grpc-netty/1.17.1/grpc-netty-1.17.1.jar:/home/user/.m2/repository/io/grpc/grpc-core/1.17.1/grpc-core-1.17.1.jar:/home/user/.m2/repository/io/grpc/grpc-context/1.17.1/grpc-context-1.17.1.jar:/home/user/.m2/repository/com/google/errorprone/error_prone_annotations/2.2.0/error_prone_annotations-2.2.0.jar:/home/user/.m2/repository/org/codehaus/mojo/animal-sniffer-annotations/1.17/animal-sniffer-annotations-1.17.jar:/home/user/.m2/repository/io/opencensus/opencensus-api/0.17.0/opencensus-api-0.17.0.jar:/home/user/.m2/repository/io/opencensus/opencensus-contrib-grpc-metrics/0.17.0/opencensus-contrib-grpc-metrics-0.17.0.jar:/home/user/.m2/repository/io/netty/netty-codec-http2/4.1.30.Final/netty-codec-http2-4.1.30.Final.jar:/home/user/.m2/repository/io/netty/netty-codec-http/4.1.30.Final/netty-codec-http-4.1.30.Final.jar:/home/user/.m2/repository/io/netty/netty-codec/4.1.30.Final/netty-codec-4.1.30.Final.jar:/home/user/.m2/repository/io/netty/netty-handler/4.1.30.Final/netty-handler-4.1.30.Final.jar:/home/user/.m2/repository/io/netty/netty-handler-proxy/4.1.30.Final/netty-handler-proxy-4.1.30.Final.jar:/home/user/.m2/repository/io/netty/netty-codec-socks/4.1.30.Final/netty-codec-socks-4.1.30.Final.jar:/home/user/.m2/repository/io/netty/netty-transport-native-epoll/4.1.30.Final/netty-transport-native-epoll-4.1.30.Final.jar:/home/user/.m2/repository/io/netty/netty-common/4.1.30.Final/netty-common-4.1.30.Final.jar:/home/user/.m2/repository/io/netty/netty-buffer/4.1.30.Final/netty-buffer-4.1.30.Final.jar:/home/user/.m2/repository/io/netty/netty-transport/4.1.30.Final/netty-transport-4.1.30.Final.jar:/home/user/.m2/repository/io/netty/netty-resolver/4.1.30.Final/netty-resolver-4.1.30.Final.jar:/home/user/.m2/repository/io/netty/netty-transport-native-unix-common/4.1.30.Final/netty-transport-native-unix-common-4.1.30.Final.jar:/home/user/.m2/repository/io/grpc/grpc-protobuf/1.17.1/grpc-protobuf-1.17.1.jar:/home/user/.m2/repository/com/google/api/grpc/proto-google-common-protos/1.0.0/proto-google-common-protos-1.0.0.jar:/home/user/.m2/repository/io/grpc/grpc-protobuf-lite/1.17.1/grpc-protobuf-lite-1.17.1.jar:/home/user/.m2/repository/io/grpc/grpc-stub/1.17.1/grpc-stub-1.17.1.jar:/home/user/.m2/repository/org/apache/hadoop/hadoop-ozone-recon/0.5.0-SNAPSHOT/hadoop-ozone-recon-0.5.0-SNAPSHOT.jar:/home/user/.m2/repository/org/apache/hadoop/hadoop-ozone-reconcodegen/0.5.0-SNAPSHOT/hadoop-ozone-reconcodegen-0.5.0-SNAPSHOT.jar:/home/user/.m2/repository/com/google/inject/extensions/guice-multibindings/4.0/guice-multibindings-4.0.jar:/home/user/.m2/repository/com/google/inject/guice/4.0/guice-4.0.jar:/home/user/.m2/repository/aopalliance/aopalliance/1.0/aopalliance-1.0.jar:/home/user/.m2/repository/com/google/inject/extensions/guice-servlet/4.0/guice-servlet-4.0.jar:/home/user/.m2/repository/org/glassfish/jersey/containers/jersey-container-servlet/2.27/jersey-container-servlet-2.27.jar:/home/user/.m2/repository/org/glassfish/hk2/guice-bridge/2.5.0/guice-bridge-2.5.0.jar:/home/user/.m2/repository/org/glassfish/jersey/core/jersey-server/2.27/jersey-server-2.27.jar:/home/user/.m2/repository/org/glassfish/jersey/core/jersey-client/2.27/jersey-client-2.27.jar:/home/user/.m2/repository/org/glassfish/jersey/media/jersey-media-jaxb/2.27/jersey-media-jaxb-2.27.jar:/home/user/.m2/repository/javax/validation/validation-api/1.1.0.Final/validation-api-1.1.0.Final.jar:/home/user/.m2/repository/org/glassfish/jersey/media/jersey-media-json-jackson/2.27/jersey-media-json-jackson-2.27.jar:/home/user/.m2/repository/org/glassfish/jersey/ext/jersey-entity-filtering/2.27/jersey-entity-filtering-2.27.jar:/home/user/.m2/repository/com/google/inject/extensions/guice-assistedinject/4.0/guice-assistedinject-4.0.jar:/home/user/.m2/repository/org/jooq/jooq/3.11.10/jooq-3.11.10.jar:/home/user/.m2/repository/org/jooq/jooq-meta/3.11.10/jooq-meta-3.11.10.jar:/home/user/.m2/repository/org/jooq/jooq-codegen/3.11.10/jooq-codegen-3.11.10.jar:/home/user/.m2/repository/com/jolbox/bonecp/0.8.0.RELEASE/bonecp-0.8.0.RELEASE.jar:/home/user/.m2/repository/org/xerial/sqlite-jdbc/3.25.2/sqlite-jdbc-3.25.2.jar:/home/user/.m2/repository/org/springframework/spring-jdbc/5.1.3.RELEASE/spring-jdbc-5.1.3.RELEASE.jar:/home/user/.m2/repository/org/springframework/spring-beans/5.1.3.RELEASE/spring-beans-5.1.3.RELEASE.jar:/home/user/.m2/repository/org/springframework/spring-core/5.1.3.RELEASE/spring-core-5.1.3.RELEASE.jar:/home/user/.m2/repository/org/springframework/spring-jcl/5.1.3.RELEASE/spring-jcl-5.1.3.RELEASE.jar:/home/user/.m2/repository/org/springframework/spring-tx/5.1.3.RELEASE/spring-tx-5.1.3.RELEASE.jar:/home/user/.m2/repository/org/apache/hadoop/hadoop-ozone-client/0.5.0-SNAPSHOT/hadoop-ozone-client-0.5.0-SNAPSHOT.jar:/home/user/.m2/repository/commons-lang/commons-lang/2.6/commons-lang-2.6.jar:/home/user/.m2/repository/org/apache/hadoop/hadoop-ozone-ozone-manager/0.5.0-SNAPSHOT/hadoop-ozone-ozone-manager-0.5.0-SNAPSHOT-tests.jar:/home/user/.m2/repository/junit/junit/4.11/junit-4.11.jar:/home/user/.m2/repository/org/hamcrest/hamcrest-core/1.3/hamcrest-core-1.3.jar:/home/user/.m2/repository/org/openjdk/jmh/jmh-core/1.19/jmh-core-1.19.jar:/home/user/.m2/repository/net/sf/jopt-simple/jopt-simple/4.6/jopt-simple-4.6.jar:/home/user/.m2/repository/org/apache/commons/commons-math3/3.1.1/commons-math3-3.1.1.jar:/home/user/.m2/repository/org/openjdk/jmh/jmh-generator-annprocess/1.19/jmh-generator-annprocess-1.19.jar:/home/user/.m2/repository/org/mockito/mockito-all/1.8.5/mockito-all-1.8.5.jar:/home/user/.m2/repository/org/apache/hadoop/hadoop-kms/3.2.0/hadoop-kms-3.2.0.jar:/home/user/.m2/repository/org/apache/hadoop/hadoop-auth/3.2.0/hadoop-auth-3.2.0.jar:/home/user/.m2/repository/com/nimbusds/nimbus-jose-jwt/4.41.1/nimbus-jose-jwt-4.41.1.jar:/home/user/.m2/repository/com/github/stephenc/jcip/jcip-annotations/1.0-1/jcip-annotations-1.0-1.jar:/home/user/.m2/repository/net/minidev/json-smart/2.3/json-smart-2.3.jar:/home/user/.m2/repository/net/minidev/accessors-smart/1.2/accessors-smart-1.2.jar:/home/user/.m2/repository/org/ow2/asm/asm/5.0.4/asm-5.0.4.jar:/home/user/.m2/repository/org/apache/curator/curator-framework/2.12.0/curator-framework-2.12.0.jar:/home/user/.m2/repository/com/sun/jersey/jersey-core/1.19/jersey-core-1.19.jar:/home/user/.m2/repository/javax/ws/rs/jsr311-api/1.1.1/jsr311-api-1.1.1.jar:/home/user/.m2/repository/com/sun/jersey/jersey-server/1.19/jersey-server-1.19.jar:/home/user/.m2/repository/javax/servlet/javax.servlet-api/3.1.0/javax.servlet-api-3.1.0.jar:/home/user/.m2/repository/org/eclipse/jetty/jetty-server/9.3.25.v20180904/jetty-server-9.3.25.v20180904.jar:/home/user/.m2/repository/org/eclipse/jetty/jetty-http/9.3.25.v20180904/jetty-http-9.3.25.v20180904.jar:/home/user/.m2/repository/org/eclipse/jetty/jetty-io/9.3.25.v20180904/jetty-io-9.3.25.v20180904.jar:/home/user/.m2/repository/org/eclipse/jetty/jetty-webapp/9.3.25.v20180904/jetty-webapp-9.3.25.v20180904.jar:/home/user/.m2/repository/org/eclipse/jetty/jetty-xml/9.3.25.v20180904/jetty-xml-9.3.25.v20180904.jar:/home/user/.m2/repository/log4j/log4j/1.2.17/log4j-1.2.17.jar:/home/user/.m2/repository/org/slf4j/slf4j-api/1.7.25/slf4j-api-1.7.25.jar:/home/user/.m2/repository/org/slf4j/jul-to-slf4j/1.7.25/jul-to-slf4j-1.7.25.jar:/home/user/.m2/repository/org/eclipse/jetty/jetty-util/9.3.25.v20180904/jetty-util-9.3.25.v20180904.jar:/home/user/.m2/repository/com/fasterxml/jackson/core/jackson-databind/2.9.9/jackson-databind-2.9.9.jar:/home/user/.m2/repository/org/apache/hadoop/hadoop-kms/3.2.0/hadoop-kms-3.2.0-tests.jar:/home/user/.m2/repository/org/apache/hadoop/hadoop-hdds-server-scm/0.5.0-SNAPSHOT/hadoop-hdds-server-scm-0.5.0-SNAPSHOT-tests.jar:/home/user/.m2/repository/org/apache/hadoop/hadoop-hdds-container-service/0.5.0-SNAPSHOT/hadoop-hdds-container-service-0.5.0-SNAPSHOT-tests.jar:/home/user/.m2/repository/org/yaml/snakeyaml/1.16/snakeyaml-1.16.jar:/home/user/.m2/repository/org/apache/hadoop/hadoop-common/3.2.0/hadoop-common-3.2.0-tests.jar:/home/user/.m2/repository/org/apache/hadoop/hadoop-annotations/3.2.0/hadoop-annotations-3.2.0.jar:/usr/lib/jvm/java-1.8.0-openjdk-1.8.0.222.b10-1.el7_7.x86_64/jre/../lib/tools.jar:/home/user/.m2/repository/commons-cli/commons-cli/1.2/commons-cli-1.2.jar:/home/user/.m2/repository/org/apache/httpcomponents/httpclient/4.5.2/httpclient-4.5.2.jar:/home/user/.m2/repository/org/apache/httpcomponents/httpcore/4.4.4/httpcore-4.4.4.jar:/home/user/.m2/repository/commons-codec/commons-codec/1.11/commons-codec-1.11.jar:/home/user/.m2/repository/commons-net/commons-net/3.6/commons-net-3.6.jar:/home/user/.m2/repository/commons-collections/commons-collections/3.2.2/commons-collections-3.2.2.jar:/home/user/.m2/repository/org/eclipse/jetty/jetty-servlet/9.3.25.v20180904/jetty-servlet-9.3.25.v20180904.jar:/home/user/.m2/repository/org/eclipse/jetty/jetty-security/9.3.25.v20180904/jetty-security-9.3.25.v20180904.jar:/home/user/.m2/repository/javax/servlet/jsp/jsp-api/2.1/jsp-api-2.1.jar:/home/user/.m2/repository/com/sun/jersey/jersey-servlet/1.19/jersey-servlet-1.19.jar:/home/user/.m2/repository/com/sun/jersey/jersey-json/1.19/jersey-json-1.19.jar:/home/user/.m2/repository/org/codehaus/jettison/jettison/1.1/jettison-1.1.jar:/home/user/.m2/repository/org/codehaus/jackson/jackson-core-asl/1.9.13/jackson-core-asl-1.9.13.jar:/home/user/.m2/repository/org/codehaus/jackson/jackson-mapper-asl/1.9.13/jackson-mapper-asl-1.9.13.jar:/home/user/.m2/repository/org/codehaus/jackson/jackson-jaxrs/1.9.13/jackson-jaxrs-1.9.13.jar:/home/user/.m2/repository/org/codehaus/jackson/jackson-xc/1.9.13/jackson-xc-1.9.13.jar:/home/user/.m2/repository/commons-logging/commons-logging/1.1.3/commons-logging-1.1.3.jar:/home/user/.m2/repository/commons-beanutils/commons-beanutils/1.9.4/commons-beanutils-1.9.4.jar:/home/user/.m2/repository/org/apache/commons/commons-configuration2/2.1.1/commons-configuration2-2.1.1.jar:/home/user/.m2/repository/org/apache/commons/commons-lang3/3.7/commons-lang3-3.7.jar:/home/user/.m2/repository/org/apache/commons/commons-text/1.4/commons-text-1.4.jar:/home/user/.m2/repository/org/apache/avro/avro/1.7.7/avro-1.7.7.jar:/home/user/.m2/repository/com/thoughtworks/paranamer/paranamer/2.3/paranamer-2.3.jar:/home/user/.m2/repository/org/xerial/snappy/snappy-java/1.0.5/snappy-java-1.0.5.jar:/home/user/.m2/repository/com/google/re2j/re2j/1.1/re2j-1.1.jar:/home/user/.m2/repository/com/google/code/gson/gson/2.2.4/gson-2.2.4.jar:/home/user/.m2/repository/com/jcraft/jsch/0.1.54/jsch-0.1.54.jar:/home/user/.m2/repository/org/apache/curator/curator-client/2.12.0/curator-client-2.12.0.jar:/home/user/.m2/repository/org/apache/curator/curator-recipes/2.12.0/curator-recipes-2.12.0.jar:/home/user/.m2/repository/com/google/code/findbugs/jsr305/3.0.0/jsr305-3.0.0.jar:/home/user/.m2/repository/org/apache/htrace/htrace-core4/4.1.0-incubating/htrace-core4-4.1.0-incubating.jar:/home/user/.m2/repository/org/apache/zookeeper/zookeeper/3.4.13/zookeeper-3.4.13.jar:/home/user/.m2/repository/jline/jline/0.9.94/jline-0.9.94.jar:/home/user/.m2/repository/org/apache/yetus/audience-annotations/0.5.0/audience-annotations-0.5.0.jar:/home/user/.m2/repository/org/codehaus/woodstox/stax2-api/3.1.4/stax2-api-3.1.4.jar:/home/user/.m2/repository/com/fasterxml/woodstox/woodstox-core/5.0.3/woodstox-core-5.0.3.jar:/home/user/.m2/repository/dnsjava/dnsjava/2.1.7/dnsjava-2.1.7.jar:/home/user/.m2/repository/org/apache/hadoop/hadoop-hdfs/3.2.0/hadoop-hdfs-3.2.0-tests.jar:/home/user/.m2/repository/org/eclipse/jetty/jetty-util-ajax/9.3.25.v20180904/jetty-util-ajax-9.3.25.v20180904.jar:/home/user/.m2/repository/commons-daemon/commons-daemon/1.0.13/commons-daemon-1.0.13.jar:/home/user/.m2/repository/io/netty/netty/3.10.5.Final/netty-3.10.5.Final.jar:/home/user/.m2/repository/io/netty/netty-all/4.0.52.Final/netty-all-4.0.52.Final.jar:/home/user/.m2/repository/org/fusesource/leveldbjni/leveldbjni-all/1.8/leveldbjni-all-1.8.jar:"/>
    <property name="sun.cpu.endian" value="little"/>
    <property name="user.home" value="/home/user"/>
    <property name="user.language" value="en"/>
    <property name="java.specification.vendor" value="Oracle Corporation"/>
    <property name="java.home" value="/usr/lib/jvm/java-1.8.0-openjdk-1.8.0.222.b10-1.el7_7.x86_64/jre"/>
    <property name="surefire.excludesFile" value="/tools/ozone-bad-unit-tests"/>
    <property name="java.security.krb5.conf" value="/workdir/hadoop-ozone/integration-test/target/test-classes/krb5.conf"/>
    <property name="basedir" value="/workdir/hadoop-ozone/integration-test"/>
    <property name="file.separator" value="/"/>
    <property name="line.separator" value="&#10;"/>
    <property name="java.vm.specification.vendor" value="Oracle Corporation"/>
    <property name="java.specification.name" value="Java Platform API Specification"/>
    <property name="java.awt.graphicsenv" value="sun.awt.X11GraphicsEnvironment"/>
    <property name="surefire.real.class.path" value="/workdir/hadoop-ozone/integration-test/target/surefire/surefirebooter6082585052639730162.jar"/>
    <property name="hadoop.log.dir" value="/workdir/hadoop-ozone/integration-test/target/log"/>
    <property name="sun.boot.class.path" value="/usr/lib/jvm/java-1.8.0-openjdk-1.8.0.222.b10-1.el7_7.x86_64/jre/lib/resources.jar:/usr/lib/jvm/java-1.8.0-openjdk-1.8.0.222.b10-1.el7_7.x86_64/jre/lib/rt.jar:/usr/lib/jvm/java-1.8.0-openjdk-1.8.0.222.b10-1.el7_7.x86_64/jre/lib/sunrsasign.jar:/usr/lib/jvm/java-1.8.0-openjdk-1.8.0.222.b10-1.el7_7.x86_64/jre/lib/jsse.jar:/usr/lib/jvm/java-1.8.0-openjdk-1.8.0.222.b10-1.el7_7.x86_64/jre/lib/jce.jar:/usr/lib/jvm/java-1.8.0-openjdk-1.8.0.222.b10-1.el7_7.x86_64/jre/lib/charsets.jar:/usr/lib/jvm/java-1.8.0-openjdk-1.8.0.222.b10-1.el7_7.x86_64/jre/lib/jfr.jar:/usr/lib/jvm/java-1.8.0-openjdk-1.8.0.222.b10-1.el7_7.x86_64/jre/classes"/>
    <property name="sun.management.compiler" value="HotSpot 64-Bit Tiered Compilers"/>
    <property name="java.runtime.version" value="1.8.0_222-b10"/>
    <property name="java.net.preferIPv4Stack" value="true"/>
    <property name="user.name" value="jenkins1000"/>
    <property name="path.separator" value=":"/>
    <property name="java.security.egd" value="file:///dev/urandom"/>
    <property name="os.version" value="3.10.0-957.12.2.el7.x86_64"/>
    <property name="java.endorsed.dirs" value="/usr/lib/jvm/java-1.8.0-openjdk-1.8.0.222.b10-1.el7_7.x86_64/jre/lib/endorsed"/>
    <property name="java.runtime.name" value="OpenJDK Runtime Environment"/>
    <property name="file.encoding" value="ANSI_X3.4-1968"/>
    <property name="java.vm.name" value="OpenJDK 64-Bit Server VM"/>
    <property name="test.build.webapps" value=""/>
    <property name="localRepository" value="/home/user/.m2/repository"/>
    <property name="java.vendor.url.bug" value="http://bugreport.sun.com/bugreport/"/>
    <property name="java.io.tmpdir" value="/tmp"/>
    <property name="require.test.libhadoop" value=""/>
    <property name="java.version" value="1.8.0_222"/>
    <property name="user.dir" value="/workdir/hadoop-ozone/integration-test"/>
    <property name="os.arch" value="amd64"/>
    <property name="java.vm.specification.name" value="Java Virtual Machine Specification"/>
    <property name="test.build.classes" value="/workdir/hadoop-ozone/integration-test/target/test-classes"/>
    <property name="java.awt.printerjob" value="sun.print.PSPrinterJob"/>
    <property name="sun.os.patch.level" value="unknown"/>
    <property name="hadoop.tmp.dir" value="/workdir/hadoop-ozone/integration-test/target/tmp"/>
    <property name="java.library.path" value="/usr/lib:/workdir/hadoop-ozone/integration-test/target/native/target/usr/local/lib:/workdir/hadoop-ozone/integration-test/../../hadoop-common-project/hadoop-common/target/native/target/usr/local/lib:/usr/java/packages/lib/amd64:/usr/lib64:/lib64:/lib:/usr/lib"/>
    <property name="java.vm.info" value="mixed mode"/>
    <property name="java.vendor" value="Oracle Corporation"/>
    <property name="java.vm.version" value="25.222-b10"/>
    <property name="java.ext.dirs" value="/usr/lib/jvm/java-1.8.0-openjdk-1.8.0.222.b10-1.el7_7.x86_64/jre/lib/ext:/usr/java/packages/lib/ext"/>
    <property name="sun.io.unicode.encoding" value="UnicodeLittle"/>
    <property name="java.class.version" value="52.0"/>
  </properties>
  <testcase name="testDeleteKeyWithSlowFollower" classname="org.apache.hadoop.ozone.client.rpc.TestDeleteWithSlowFollower" time="112.765">
    <failure type="java.lang.AssertionError">java.lang.AssertionError
	at org.junit.Assert.fail(Assert.java:86)
	at org.junit.Assert.assertTrue(Assert.java:41)
	at org.junit.Assert.assertTrue(Assert.java:52)
	at org.apache.hadoop.ozone.client.rpc.TestDeleteWithSlowFollower.testDeleteKeyWithSlowFollower(TestDeleteWithSlowFollower.java:265)
	at sun.reflect.NativeMethodAccessorImpl.invoke0(Native Method)
	at sun.reflect.NativeMethodAccessorImpl.invoke(NativeMethodAccessorImpl.java:62)
	at sun.reflect.DelegatingMethodAccessorImpl.invoke(DelegatingMethodAccessorImpl.java:43)
	at java.lang.reflect.Method.invoke(Method.java:498)
	at org.junit.runners.model.FrameworkMethod$1.runReflectiveCall(FrameworkMethod.java:47)
	at org.junit.internal.runners.model.ReflectiveCallable.run(ReflectiveCallable.java:12)
	at org.junit.runners.model.FrameworkMethod.invokeExplosively(FrameworkMethod.java:44)
	at org.junit.internal.runners.statements.InvokeMethod.evaluate(InvokeMethod.java:17)
	at org.junit.runners.ParentRunner.runLeaf(ParentRunner.java:271)
	at org.junit.runners.BlockJUnit4ClassRunner.runChild(BlockJUnit4ClassRunner.java:70)
	at org.junit.runners.BlockJUnit4ClassRunner.runChild(BlockJUnit4ClassRunner.java:50)
	at org.junit.runners.ParentRunner$3.run(ParentRunner.java:238)
	at org.junit.runners.ParentRunner$1.schedule(ParentRunner.java:63)
	at org.junit.runners.ParentRunner.runChildren(ParentRunner.java:236)
	at org.junit.runners.ParentRunner.access$000(ParentRunner.java:53)
	at org.junit.runners.ParentRunner$2.evaluate(ParentRunner.java:229)
	at org.junit.internal.runners.statements.RunBefores.evaluate(RunBefores.java:26)
	at org.junit.internal.runners.statements.RunAfters.evaluate(RunAfters.java:27)
	at org.junit.runners.ParentRunner.run(ParentRunner.java:309)
	at org.apache.maven.surefire.junit4.JUnit4Provider.execute(JUnit4Provider.java:365)
	at org.apache.maven.surefire.junit4.JUnit4Provider.executeWithRerun(JUnit4Provider.java:273)
	at org.apache.maven.surefire.junit4.JUnit4Provider.executeTestSet(JUnit4Provider.java:238)
	at org.apache.maven.surefire.junit4.JUnit4Provider.invoke(JUnit4Provider.java:159)
	at org.apache.maven.surefire.booter.ForkedBooter.invokeProviderInSameClassLoader(ForkedBooter.java:384)
	at org.apache.maven.surefire.booter.ForkedBooter.runSuitesInProcess(ForkedBooter.java:345)
	at org.apache.maven.surefire.booter.ForkedBooter.execute(ForkedBooter.java:126)
	at org.apache.maven.surefire.booter.ForkedBooter.main(ForkedBooter.java:418)
</failure>
    <system-out><![CDATA[2019-10-18 14:20:59,185 [main] WARN  server.ServerUtils (ServerUtils.java:getScmDbDir(145)) - ozone.scm.db.dirs is not configured. We recommend adding this setting. Falling back to ozone.metadata.dirs instead.
2019-10-18 14:20:59,282 [main] WARN  server.ServerUtils (ServerUtils.java:getScmDbDir(145)) - ozone.scm.db.dirs is not configured. We recommend adding this setting. Falling back to ozone.metadata.dirs instead.
2019-10-18 14:20:59,285 [main] WARN  server.ServerUtils (ServerUtils.java:getScmDbDir(145)) - ozone.scm.db.dirs is not configured. We recommend adding this setting. Falling back to ozone.metadata.dirs instead.
2019-10-18 14:20:59,311 [main] INFO  util.log (Log.java:initialized(192)) - Logging initialized @812ms
2019-10-18 14:20:59,407 [main] INFO  db.DBStoreBuilder (DBStoreBuilder.java:addTable(117)) - using custom profile for table: deletedBlocks
2019-10-18 14:20:59,408 [main] INFO  db.DBStoreBuilder (DBStoreBuilder.java:processTables(168)) - Using default column profile:DBProfile.DISK for Table:deletedBlocks
2019-10-18 14:20:59,408 [main] INFO  db.DBStoreBuilder (DBStoreBuilder.java:addTable(117)) - using custom profile for table: validCerts
2019-10-18 14:20:59,408 [main] INFO  db.DBStoreBuilder (DBStoreBuilder.java:processTables(168)) - Using default column profile:DBProfile.DISK for Table:validCerts
2019-10-18 14:20:59,408 [main] INFO  db.DBStoreBuilder (DBStoreBuilder.java:addTable(117)) - using custom profile for table: revokedCerts
2019-10-18 14:20:59,409 [main] INFO  db.DBStoreBuilder (DBStoreBuilder.java:processTables(168)) - Using default column profile:DBProfile.DISK for Table:revokedCerts
2019-10-18 14:20:59,420 [main] INFO  db.DBStoreBuilder (DBStoreBuilder.java:addTable(117)) - using custom profile for table: default
2019-10-18 14:20:59,420 [main] INFO  db.DBStoreBuilder (DBStoreBuilder.java:processTables(174)) - Using default column profile:DBProfile.DISK for Table:default
2019-10-18 14:20:59,421 [main] INFO  db.DBStoreBuilder (DBStoreBuilder.java:getDbProfile(205)) - Using default options. DBProfile.DISK
2019-10-18 14:20:59,707 [main] INFO  net.NodeSchemaLoader (NodeSchemaLoader.java:loadSchemaFromFile(125)) - Loading file from sun.misc.CompoundEnumeration@74235045
2019-10-18 14:20:59,709 [main] INFO  net.NodeSchemaLoader (NodeSchemaLoader.java:loadSchema(171)) - Loading network topology layer schema file
2019-10-18 14:20:59,768 [main] WARN  server.ServerUtils (ServerUtils.java:sanitizeUserArgs(70)) - ozone.scm.stale.node.interval value = 1000000 is larger than max = 100000 based on the key value of ozone.scm.heartbeat.thread.interval, reset to the max value 100000.
2019-10-18 14:20:59,770 [main] WARN  server.ServerUtils (ServerUtils.java:sanitizeUserArgs(70)) - ozone.scm.stale.node.interval value = 1000000 is larger than max = 100000 based on the key value of ozone.scm.heartbeat.thread.interval, reset to the max value 100000.
2019-10-18 14:20:59,772 [main] INFO  node.SCMNodeManager (SCMNodeManager.java:<init>(116)) - Entering startup safe mode.
2019-10-18 14:20:59,833 [main] INFO  algorithms.ContainerPlacementPolicyFactory (ContainerPlacementPolicyFactory.java:getPolicy(57)) - Create container placement policy of type org.apache.hadoop.hdds.scm.container.placement.algorithms.SCMContainerPlacementRandom
2019-10-18 14:20:59,846 [main] WARN  server.ServerUtils (ServerUtils.java:getScmDbDir(145)) - ozone.scm.db.dirs is not configured. We recommend adding this setting. Falling back to ozone.metadata.dirs instead.
2019-10-18 14:20:59,915 [main] INFO  pipeline.SCMPipelineManager (SCMPipelineManager.java:initializePipelineState(132)) - No pipeline exists in current db
2019-10-18 14:20:59,918 [main] WARN  server.ServerUtils (ServerUtils.java:getScmDbDir(145)) - ozone.scm.db.dirs is not configured. We recommend adding this setting. Falling back to ozone.metadata.dirs instead.
2019-10-18 14:21:00,068 [main] WARN  events.EventQueue (EventQueue.java:fireEvent(183)) - No event handler registered for event TypedEvent{payloadType=SafeModeStatus, name='SafeModeStatus'}
2019-10-18 14:21:00,425 [main] INFO  ipc.CallQueueManager (CallQueueManager.java:<init>(84)) - Using callQueue: class java.util.concurrent.LinkedBlockingQueue, queueCapacity: 2000, scheduler: class org.apache.hadoop.ipc.DefaultRpcScheduler, ipcBackoff: false.
2019-10-18 14:21:00,580 [Socket Reader #1 for port 46684] INFO  ipc.Server (Server.java:run(1074)) - Starting Socket Reader #1 for port 46684
2019-10-18 14:21:00,609 [main] INFO  ipc.CallQueueManager (CallQueueManager.java:<init>(84)) - Using callQueue: class java.util.concurrent.LinkedBlockingQueue, queueCapacity: 2000, scheduler: class org.apache.hadoop.ipc.DefaultRpcScheduler, ipcBackoff: false.
2019-10-18 14:21:00,610 [Socket Reader #1 for port 39255] INFO  ipc.Server (Server.java:run(1074)) - Starting Socket Reader #1 for port 39255
2019-10-18 14:21:00,617 [main] INFO  ipc.CallQueueManager (CallQueueManager.java:<init>(84)) - Using callQueue: class java.util.concurrent.LinkedBlockingQueue, queueCapacity: 2000, scheduler: class org.apache.hadoop.ipc.DefaultRpcScheduler, ipcBackoff: false.
2019-10-18 14:21:00,618 [Socket Reader #1 for port 41177] INFO  ipc.Server (Server.java:run(1074)) - Starting Socket Reader #1 for port 41177
2019-10-18 14:21:00,639 [main] INFO  hdfs.DFSUtil (DFSUtil.java:httpServerTemplateForNNAndJN(1641)) - Starting Web-server for scm at: http://0.0.0.0:0
2019-10-18 14:21:00,776 [main] INFO  server.AuthenticationFilter (AuthenticationFilter.java:constructSecretProvider(240)) - Unable to initialize FileSignerSecretProvider, falling back to use random secrets.
2019-10-18 14:21:00,788 [main] WARN  http.HttpRequestLog (HttpRequestLog.java:getRequestLog(97)) - Jetty request log can only be enabled using Log4j
2019-10-18 14:21:00,801 [main] INFO  http.HttpServer2 (HttpServer2.java:addGlobalFilter(975)) - Added global filter 'safety' (class=org.apache.hadoop.http.HttpServer2$QuotingInputFilter)
2019-10-18 14:21:00,806 [main] INFO  http.HttpServer2 (HttpServer2.java:addFilter(948)) - Added filter static_user_filter (class=org.apache.hadoop.http.lib.StaticUserWebFilter$StaticUserFilter) to context scm
2019-10-18 14:21:00,806 [main] INFO  http.HttpServer2 (HttpServer2.java:addFilter(958)) - Added filter static_user_filter (class=org.apache.hadoop.http.lib.StaticUserWebFilter$StaticUserFilter) to context logs
2019-10-18 14:21:00,806 [main] INFO  http.HttpServer2 (HttpServer2.java:addFilter(958)) - Added filter static_user_filter (class=org.apache.hadoop.http.lib.StaticUserWebFilter$StaticUserFilter) to context static
2019-10-18 14:21:00,851 [main] INFO  server.StorageContainerManager (StorageContainerManager.java:start(772)) - StorageContainerLocationProtocol RPC server is listening at /0.0.0.0:41177
2019-10-18 14:21:00,932 [main] WARN  impl.MetricsConfig (MetricsConfig.java:loadFirst(134)) - Cannot locate configuration: tried hadoop-metrics2-storagecontainermanager.properties,hadoop-metrics2.properties
2019-10-18 14:21:00,948 [main] INFO  impl.MetricsSystemImpl (MetricsSystemImpl.java:startTimer(374)) - Scheduled Metric snapshot period at 10 second(s).
2019-10-18 14:21:00,948 [main] INFO  impl.MetricsSystemImpl (MetricsSystemImpl.java:start(191)) - StorageContainerManager metrics system started
2019-10-18 14:21:01,210 [main] INFO  server.SCMClientProtocolServer (SCMClientProtocolServer.java:start(159)) - RPC server for Client  is listening at /0.0.0.0:41177
2019-10-18 14:21:01,211 [IPC Server Responder] INFO  ipc.Server (Server.java:run(1314)) - IPC Server Responder: starting
2019-10-18 14:21:01,211 [IPC Server listener on 41177] INFO  ipc.Server (Server.java:run(1153)) - IPC Server listener on 41177: starting
2019-10-18 14:21:01,214 [main] INFO  server.StorageContainerManager (StorageContainerManager.java:start(782)) - ScmBlockLocationProtocol RPC server is listening at /0.0.0.0:39255
2019-10-18 14:21:01,215 [main] INFO  server.SCMBlockProtocolServer (SCMBlockProtocolServer.java:start(146)) - RPC server for Block Protocol is listening at /0.0.0.0:39255
2019-10-18 14:21:01,215 [IPC Server Responder] INFO  ipc.Server (Server.java:run(1314)) - IPC Server Responder: starting
2019-10-18 14:21:01,215 [IPC Server listener on 39255] INFO  ipc.Server (Server.java:run(1153)) - IPC Server listener on 39255: starting
2019-10-18 14:21:01,218 [main] INFO  server.StorageContainerManager (StorageContainerManager.java:start(786)) - ScmDatanodeProtocl RPC server is listening at /0.0.0.0:46684
2019-10-18 14:21:01,218 [main] INFO  server.SCMDatanodeProtocolServer (SCMDatanodeProtocolServer.java:start(169)) - RPC server for DataNodes is listening at /0.0.0.0:46684
2019-10-18 14:21:01,219 [IPC Server Responder] INFO  ipc.Server (Server.java:run(1314)) - IPC Server Responder: starting
2019-10-18 14:21:01,219 [IPC Server listener on 46684] INFO  ipc.Server (Server.java:run(1153)) - IPC Server listener on 46684: starting
2019-10-18 14:21:01,223 [main] INFO  http.HttpServer2 (HttpServer2.java:bindListener(1191)) - Jetty bound to port 36073
2019-10-18 14:21:01,224 [main] INFO  server.Server (Server.java:doStart(351)) - jetty-9.3.25.v20180904, build timestamp: 2018-09-04T21:11:46Z, git hash: 3ce520221d0240229c862b122d2b06c12a625732
2019-10-18 14:21:01,261 [main] INFO  handler.ContextHandler (ContextHandler.java:doStart(781)) - Started o.e.j.s.ServletContextHandler@42f8285e{/logs,file:///workdir/hadoop-ozone/integration-test/target/log,AVAILABLE}
2019-10-18 14:21:01,262 [main] INFO  handler.ContextHandler (ContextHandler.java:doStart(781)) - Started o.e.j.s.ServletContextHandler@3724af13{/static,file:///workdir/hadoop-ozone/integration-test/target/test-classes/webapps/static,AVAILABLE}
2019-10-18 14:21:01,294 [main] INFO  handler.ContextHandler (ContextHandler.java:doStart(781)) - Started o.e.j.w.WebAppContext@24a1c17f{/,file:///workdir/hadoop-ozone/integration-test/target/test-classes/webapps/scm/,AVAILABLE}{/scm}
2019-10-18 14:21:01,300 [main] INFO  server.AbstractConnector (AbstractConnector.java:doStart(278)) - Started ServerConnector@4d63b624{HTTP/1.1,[http/1.1]}{0.0.0.0:36073}
2019-10-18 14:21:01,300 [main] INFO  server.Server (Server.java:doStart(419)) - Started @2801ms
2019-10-18 14:21:01,302 [main] INFO  impl.MetricsSinkAdapter (MetricsSinkAdapter.java:start(204)) - Sink prometheus started
2019-10-18 14:21:01,302 [main] INFO  impl.MetricsSystemImpl (MetricsSystemImpl.java:registerSink(301)) - Registered sink prometheus
2019-10-18 14:21:01,304 [main] INFO  server.BaseHttpServer (BaseHttpServer.java:updateConnectorAddress(215)) - HTTP server of SCM is listening at http://0.0.0.0:36073
2019-10-18 14:21:01,312 [org.apache.hadoop.util.JvmPauseMonitor$Monitor@4b629f13] INFO  util.JvmPauseMonitor (JvmPauseMonitor.java:run(188)) - Starting JVM pause monitor
2019-10-18 14:21:01,316 [main] WARN  server.ServerUtils (ServerUtils.java:getDBPath(222)) - ozone.om.db.dirs is not configured. We recommend adding this setting. Falling back to ozone.metadata.dirs instead.
2019-10-18 14:21:01,440 [main] INFO  ha.OMHANodeDetails (OMHANodeDetails.java:loadOMHAConfig(190)) - Configuration either no ozone.om.address set. Falling back to the default OM address /127.0.0.1:0
2019-10-18 14:21:01,440 [main] INFO  ha.OMHANodeDetails (OMHANodeDetails.java:getOMNodeDetails(220)) - OM Service ID is not set. Setting it to the default ID: omServiceIdDefault
2019-10-18 14:21:01,442 [main] WARN  server.ServerUtils (ServerUtils.java:getDBPath(222)) - ozone.om.db.dirs is not configured. We recommend adding this setting. Falling back to ozone.metadata.dirs instead.
2019-10-18 14:21:01,443 [main] WARN  server.ServerUtils (ServerUtils.java:getDBPath(222)) - ozone.om.db.dirs is not configured. We recommend adding this setting. Falling back to ozone.metadata.dirs instead.
2019-10-18 14:21:02,088 [main] WARN  server.ServerUtils (ServerUtils.java:getDBPath(222)) - ozone.om.db.dirs is not configured. We recommend adding this setting. Falling back to ozone.metadata.dirs instead.
2019-10-18 14:21:02,096 [main] INFO  db.DBStoreBuilder (DBStoreBuilder.java:addTable(117)) - using custom profile for table: userTable
2019-10-18 14:21:02,096 [main] INFO  db.DBStoreBuilder (DBStoreBuilder.java:processTables(168)) - Using default column profile:DBProfile.DISK for Table:userTable
2019-10-18 14:21:02,097 [main] INFO  db.DBStoreBuilder (DBStoreBuilder.java:addTable(117)) - using custom profile for table: volumeTable
2019-10-18 14:21:02,097 [main] INFO  db.DBStoreBuilder (DBStoreBuilder.java:processTables(168)) - Using default column profile:DBProfile.DISK for Table:volumeTable
2019-10-18 14:21:02,097 [main] INFO  db.DBStoreBuilder (DBStoreBuilder.java:addTable(117)) - using custom profile for table: bucketTable
2019-10-18 14:21:02,097 [main] INFO  db.DBStoreBuilder (DBStoreBuilder.java:processTables(168)) - Using default column profile:DBProfile.DISK for Table:bucketTable
2019-10-18 14:21:02,098 [main] INFO  db.DBStoreBuilder (DBStoreBuilder.java:addTable(117)) - using custom profile for table: keyTable
2019-10-18 14:21:02,098 [main] INFO  db.DBStoreBuilder (DBStoreBuilder.java:processTables(168)) - Using default column profile:DBProfile.DISK for Table:keyTable
2019-10-18 14:21:02,098 [main] INFO  db.DBStoreBuilder (DBStoreBuilder.java:addTable(117)) - using custom profile for table: deletedTable
2019-10-18 14:21:02,098 [main] INFO  db.DBStoreBuilder (DBStoreBuilder.java:processTables(168)) - Using default column profile:DBProfile.DISK for Table:deletedTable
2019-10-18 14:21:02,099 [main] INFO  db.DBStoreBuilder (DBStoreBuilder.java:addTable(117)) - using custom profile for table: openKeyTable
2019-10-18 14:21:02,099 [main] INFO  db.DBStoreBuilder (DBStoreBuilder.java:processTables(168)) - Using default column profile:DBProfile.DISK for Table:openKeyTable
2019-10-18 14:21:02,099 [main] INFO  db.DBStoreBuilder (DBStoreBuilder.java:addTable(117)) - using custom profile for table: s3Table
2019-10-18 14:21:02,099 [main] INFO  db.DBStoreBuilder (DBStoreBuilder.java:processTables(168)) - Using default column profile:DBProfile.DISK for Table:s3Table
2019-10-18 14:21:02,099 [main] INFO  db.DBStoreBuilder (DBStoreBuilder.java:addTable(117)) - using custom profile for table: multipartInfoTable
2019-10-18 14:21:02,100 [main] INFO  db.DBStoreBuilder (DBStoreBuilder.java:processTables(168)) - Using default column profile:DBProfile.DISK for Table:multipartInfoTable
2019-10-18 14:21:02,100 [main] INFO  db.DBStoreBuilder (DBStoreBuilder.java:addTable(117)) - using custom profile for table: dTokenTable
2019-10-18 14:21:02,100 [main] INFO  db.DBStoreBuilder (DBStoreBuilder.java:processTables(168)) - Using default column profile:DBProfile.DISK for Table:dTokenTable
2019-10-18 14:21:02,100 [main] INFO  db.DBStoreBuilder (DBStoreBuilder.java:addTable(117)) - using custom profile for table: s3SecretTable
2019-10-18 14:21:02,101 [main] INFO  db.DBStoreBuilder (DBStoreBuilder.java:processTables(168)) - Using default column profile:DBProfile.DISK for Table:s3SecretTable
2019-10-18 14:21:02,101 [main] INFO  db.DBStoreBuilder (DBStoreBuilder.java:addTable(117)) - using custom profile for table: prefixTable
2019-10-18 14:21:02,101 [main] INFO  db.DBStoreBuilder (DBStoreBuilder.java:processTables(168)) - Using default column profile:DBProfile.DISK for Table:prefixTable
2019-10-18 14:21:02,101 [main] INFO  db.DBStoreBuilder (DBStoreBuilder.java:addTable(117)) - using custom profile for table: default
2019-10-18 14:21:02,101 [main] INFO  db.DBStoreBuilder (DBStoreBuilder.java:processTables(174)) - Using default column profile:DBProfile.DISK for Table:default
2019-10-18 14:21:02,102 [main] INFO  db.DBStoreBuilder (DBStoreBuilder.java:getDbProfile(205)) - Using default options. DBProfile.DISK
2019-10-18 14:21:02,630 [main] INFO  ipc.CallQueueManager (CallQueueManager.java:<init>(84)) - Using callQueue: class java.util.concurrent.LinkedBlockingQueue, queueCapacity: 2000, scheduler: class org.apache.hadoop.ipc.DefaultRpcScheduler, ipcBackoff: false.
2019-10-18 14:21:02,631 [Socket Reader #1 for port 39283] INFO  ipc.Server (Server.java:run(1074)) - Starting Socket Reader #1 for port 39283
2019-10-18 14:21:02,657 [main] INFO  om.OzoneManager (OzoneManager.java:start(1074)) - OzoneManager RPC server is listening at localhost/127.0.0.1:39283
2019-10-18 14:21:02,657 [main] INFO  impl.MetricsSystemImpl (MetricsSystemImpl.java:init(158)) - OzoneManager metrics system started (again)
2019-10-18 14:21:02,666 [IPC Server Responder] INFO  ipc.Server (Server.java:run(1314)) - IPC Server Responder: starting
2019-10-18 14:21:02,666 [IPC Server listener on 39283] INFO  ipc.Server (Server.java:run(1153)) - IPC Server listener on 39283: starting
2019-10-18 14:21:02,674 [main] INFO  hdfs.DFSUtil (DFSUtil.java:httpServerTemplateForNNAndJN(1641)) - Starting Web-server for ozoneManager at: http://0.0.0.0:0
2019-10-18 14:21:02,677 [main] INFO  server.AuthenticationFilter (AuthenticationFilter.java:constructSecretProvider(240)) - Unable to initialize FileSignerSecretProvider, falling back to use random secrets.
2019-10-18 14:21:02,678 [main] WARN  http.HttpRequestLog (HttpRequestLog.java:getRequestLog(97)) - Jetty request log can only be enabled using Log4j
2019-10-18 14:21:02,682 [main] INFO  http.HttpServer2 (HttpServer2.java:addGlobalFilter(975)) - Added global filter 'safety' (class=org.apache.hadoop.http.HttpServer2$QuotingInputFilter)
2019-10-18 14:21:02,684 [main] INFO  http.HttpServer2 (HttpServer2.java:addFilter(948)) - Added filter static_user_filter (class=org.apache.hadoop.http.lib.StaticUserWebFilter$StaticUserFilter) to context ozoneManager
2019-10-18 14:21:02,684 [main] INFO  http.HttpServer2 (HttpServer2.java:addFilter(958)) - Added filter static_user_filter (class=org.apache.hadoop.http.lib.StaticUserWebFilter$StaticUserFilter) to context static
2019-10-18 14:21:02,684 [main] INFO  http.HttpServer2 (HttpServer2.java:addFilter(958)) - Added filter static_user_filter (class=org.apache.hadoop.http.lib.StaticUserWebFilter$StaticUserFilter) to context logs
2019-10-18 14:21:02,688 [main] INFO  http.HttpServer2 (HttpServer2.java:bindListener(1191)) - Jetty bound to port 44056
2019-10-18 14:21:02,688 [main] INFO  server.Server (Server.java:doStart(351)) - jetty-9.3.25.v20180904, build timestamp: 2018-09-04T21:11:46Z, git hash: 3ce520221d0240229c862b122d2b06c12a625732
2019-10-18 14:21:02,691 [main] INFO  handler.ContextHandler (ContextHandler.java:doStart(781)) - Started o.e.j.s.ServletContextHandler@aa10649{/logs,file:///workdir/hadoop-ozone/integration-test/target/log,AVAILABLE}
2019-10-18 14:21:02,692 [main] INFO  handler.ContextHandler (ContextHandler.java:doStart(781)) - Started o.e.j.s.ServletContextHandler@37095ded{/static,file:///workdir/hadoop-ozone/integration-test/target/test-classes/webapps/static,AVAILABLE}
2019-10-18 14:21:02,700 [main] INFO  handler.ContextHandler (ContextHandler.java:doStart(781)) - Started o.e.j.w.WebAppContext@75b3673{/,file:///workdir/hadoop-ozone/integration-test/target/test-classes/webapps/ozoneManager/,AVAILABLE}{/ozoneManager}
2019-10-18 14:21:02,701 [main] INFO  server.AbstractConnector (AbstractConnector.java:doStart(278)) - Started ServerConnector@1bcb79c2{HTTP/1.1,[http/1.1]}{0.0.0.0:44056}
2019-10-18 14:21:02,702 [main] INFO  server.Server (Server.java:doStart(419)) - Started @4203ms
2019-10-18 14:21:02,702 [main] WARN  impl.MetricsSystemImpl (MetricsSystemImpl.java:register(276)) - Sink prometheus already exists!
2019-10-18 14:21:02,704 [main] INFO  server.BaseHttpServer (BaseHttpServer.java:updateConnectorAddress(215)) - HTTP server of OZONEMANAGER is listening at http://0.0.0.0:44056
2019-10-18 14:21:02,982 [main] INFO  impl.MetricsSystemImpl (MetricsSystemImpl.java:init(158)) - HddsDatanode metrics system started (again)
2019-10-18 14:21:03,029 [main] INFO  ozone.HddsDatanodeService (HddsDatanodeService.java:start(184)) - HddsDatanodeService host:pr-hdds-2325-q7txw-2705037156 ip:192.168.157.233
2019-10-18 14:21:03,060 [main] INFO  volume.HddsVolume (HddsVolume.java:<init>(176)) - Creating Volume: /workdir/hadoop-ozone/integration-test/target/test-dir/MiniOzoneClusterImpl-b1cd5a49-dfd5-4407-b99d-3d51da0a788c/datanode-0/data/containers/hdds of  storage type : DISK and capacity : 1482555576320
2019-10-18 14:21:03,062 [main] INFO  volume.VolumeSet (VolumeSet.java:initializeVolumeSet(170)) - Added Volume : /workdir/hadoop-ozone/integration-test/target/test-dir/MiniOzoneClusterImpl-b1cd5a49-dfd5-4407-b99d-3d51da0a788c/datanode-0/data/containers/hdds to VolumeSet
2019-10-18 14:21:03,064 [main] INFO  volume.ThrottledAsyncChecker (ThrottledAsyncChecker.java:schedule(141)) - Scheduling a check for /workdir/hadoop-ozone/integration-test/target/test-dir/MiniOzoneClusterImpl-b1cd5a49-dfd5-4407-b99d-3d51da0a788c/datanode-0/data/containers/hdds
2019-10-18 14:21:03,080 [main] INFO  volume.HddsVolumeChecker (HddsVolumeChecker.java:checkAllVolumes(204)) - Scheduled health check for volume /workdir/hadoop-ozone/integration-test/target/test-dir/MiniOzoneClusterImpl-b1cd5a49-dfd5-4407-b99d-3d51da0a788c/datanode-0/data/containers/hdds
2019-10-18 14:21:03,188 [main] INFO  impl.RaftServerProxy (ConfUtils.java:logGet(43)) - raft.rpc.type = GRPC (default)
2019-10-18 14:21:03,250 [main] INFO  grpc.GrpcFactory (GrpcFactory.java:checkPooledByteBufAllocatorUseCacheForAllThreads(45)) - PERFORMANCE WARNING: useCacheForAllThreads is true that may cause Netty to create a lot garbage objects and, as a result, trigger GC.
	It is recommended to disable useCacheForAllThreads by setting -Dorg.apache.ratis.thirdparty.io.netty.allocator.useCacheForAllThreads=false in command line.
2019-10-18 14:21:03,255 [main] INFO  grpc.GrpcConfigKeys$Server (ConfUtils.java:logGet(43)) - raft.grpc.server.port = 0 (default)
2019-10-18 14:21:03,256 [main] INFO  server.GrpcService (ConfUtils.java:logGet(43)) - raft.grpc.message.size.max = 33570816 (custom)
2019-10-18 14:21:03,257 [main] INFO  server.RaftServerConfigKeys (ConfUtils.java:logGet(43)) - raft.server.log.appender.buffer.byte-limit = 33554432 (custom)
2019-10-18 14:21:03,258 [main] INFO  server.GrpcService (ConfUtils.java:logGet(43)) - raft.grpc.flow.control.window = 1MB (=1048576) (default)
2019-10-18 14:21:03,259 [main] INFO  server.RaftServerConfigKeys (ConfUtils.java:logGet(43)) - raft.server.rpc.request.timeout = 3000ms (default)
2019-10-18 14:21:03,411 [main] INFO  server.RaftServerConfigKeys (ConfUtils.java:logGet(43)) - raft.server.storage.dir = [/workdir/hadoop-ozone/integration-test/target/test-dir/MiniOzoneClusterImpl-b1cd5a49-dfd5-4407-b99d-3d51da0a788c/datanode-0/data/ratis] (custom)
2019-10-18 14:21:03,455 [main] INFO  hdfs.DFSUtil (DFSUtil.java:httpServerTemplateForNNAndJN(1641)) - Starting Web-server for hddsDatanode at: http://0.0.0.0:0
2019-10-18 14:21:03,457 [main] INFO  server.AuthenticationFilter (AuthenticationFilter.java:constructSecretProvider(240)) - Unable to initialize FileSignerSecretProvider, falling back to use random secrets.
2019-10-18 14:21:03,457 [main] WARN  http.HttpRequestLog (HttpRequestLog.java:getRequestLog(97)) - Jetty request log can only be enabled using Log4j
2019-10-18 14:21:03,459 [main] INFO  http.HttpServer2 (HttpServer2.java:addGlobalFilter(975)) - Added global filter 'safety' (class=org.apache.hadoop.http.HttpServer2$QuotingInputFilter)
2019-10-18 14:21:03,460 [main] INFO  http.HttpServer2 (HttpServer2.java:addFilter(948)) - Added filter static_user_filter (class=org.apache.hadoop.http.lib.StaticUserWebFilter$StaticUserFilter) to context hddsDatanode
2019-10-18 14:21:03,460 [main] INFO  http.HttpServer2 (HttpServer2.java:addFilter(958)) - Added filter static_user_filter (class=org.apache.hadoop.http.lib.StaticUserWebFilter$StaticUserFilter) to context static
2019-10-18 14:21:03,460 [main] INFO  http.HttpServer2 (HttpServer2.java:addFilter(958)) - Added filter static_user_filter (class=org.apache.hadoop.http.lib.StaticUserWebFilter$StaticUserFilter) to context logs
2019-10-18 14:21:03,461 [main] INFO  http.HttpServer2 (HttpServer2.java:bindListener(1191)) - Jetty bound to port 34348
2019-10-18 14:21:03,461 [main] INFO  server.Server (Server.java:doStart(351)) - jetty-9.3.25.v20180904, build timestamp: 2018-09-04T21:11:46Z, git hash: 3ce520221d0240229c862b122d2b06c12a625732
2019-10-18 14:21:03,464 [main] INFO  handler.ContextHandler (ContextHandler.java:doStart(781)) - Started o.e.j.s.ServletContextHandler@6726cc69{/logs,file:///workdir/hadoop-ozone/integration-test/target/log,AVAILABLE}
2019-10-18 14:21:03,464 [main] INFO  handler.ContextHandler (ContextHandler.java:doStart(781)) - Started o.e.j.s.ServletContextHandler@33899f7a{/static,jar:file:/home/user/.m2/repository/org/apache/hadoop/hadoop-hdds-container-service/0.5.0-SNAPSHOT/hadoop-hdds-container-service-0.5.0-SNAPSHOT.jar!/webapps/static,AVAILABLE}
2019-10-18 14:21:03,501 [main] INFO  handler.ContextHandler (ContextHandler.java:doStart(781)) - Started o.e.j.w.WebAppContext@5d5c04f9{/,file:///tmp/jetty-0.0.0.0-34348-hddsDatanode-_-any-3348705556497787097.dir/webapp/,AVAILABLE}{/hddsDatanode}
2019-10-18 14:21:03,502 [main] INFO  server.AbstractConnector (AbstractConnector.java:doStart(278)) - Started ServerConnector@6f49d153{HTTP/1.1,[http/1.1]}{0.0.0.0:34348}
2019-10-18 14:21:03,502 [main] INFO  server.Server (Server.java:doStart(419)) - Started @5003ms
2019-10-18 14:21:03,503 [main] WARN  impl.MetricsSystemImpl (MetricsSystemImpl.java:register(276)) - Sink prometheus already exists!
2019-10-18 14:21:03,504 [main] INFO  server.BaseHttpServer (BaseHttpServer.java:updateConnectorAddress(215)) - HTTP server of HDDSDATANODE is listening at http://0.0.0.0:34348
2019-10-18 14:21:03,505 [main] INFO  impl.MetricsSystemImpl (MetricsSystemImpl.java:init(158)) - HddsDatanode metrics system started (again)
2019-10-18 14:21:03,508 [main] INFO  ozone.HddsDatanodeService (HddsDatanodeService.java:start(184)) - HddsDatanodeService host:pr-hdds-2325-q7txw-2705037156 ip:192.168.157.233
2019-10-18 14:21:03,512 [org.apache.hadoop.util.JvmPauseMonitor$Monitor@256d8255] INFO  util.JvmPauseMonitor (JvmPauseMonitor.java:run(188)) - Starting JVM pause monitor
2019-10-18 14:21:03,518 [main] INFO  volume.HddsVolume (HddsVolume.java:<init>(176)) - Creating Volume: /workdir/hadoop-ozone/integration-test/target/test-dir/MiniOzoneClusterImpl-b1cd5a49-dfd5-4407-b99d-3d51da0a788c/datanode-1/data/containers/hdds of  storage type : DISK and capacity : 1482555576320
2019-10-18 14:21:03,518 [main] INFO  volume.VolumeSet (VolumeSet.java:initializeVolumeSet(170)) - Added Volume : /workdir/hadoop-ozone/integration-test/target/test-dir/MiniOzoneClusterImpl-b1cd5a49-dfd5-4407-b99d-3d51da0a788c/datanode-1/data/containers/hdds to VolumeSet
2019-10-18 14:21:03,519 [main] INFO  volume.ThrottledAsyncChecker (ThrottledAsyncChecker.java:schedule(141)) - Scheduling a check for /workdir/hadoop-ozone/integration-test/target/test-dir/MiniOzoneClusterImpl-b1cd5a49-dfd5-4407-b99d-3d51da0a788c/datanode-1/data/containers/hdds
2019-10-18 14:21:03,520 [main] INFO  volume.HddsVolumeChecker (HddsVolumeChecker.java:checkAllVolumes(204)) - Scheduled health check for volume /workdir/hadoop-ozone/integration-test/target/test-dir/MiniOzoneClusterImpl-b1cd5a49-dfd5-4407-b99d-3d51da0a788c/datanode-1/data/containers/hdds
2019-10-18 14:21:03,533 [main] INFO  impl.RaftServerProxy (ConfUtils.java:logGet(43)) - raft.rpc.type = GRPC (default)
2019-10-18 14:21:03,533 [main] INFO  grpc.GrpcFactory (GrpcFactory.java:checkPooledByteBufAllocatorUseCacheForAllThreads(45)) - PERFORMANCE WARNING: useCacheForAllThreads is true that may cause Netty to create a lot garbage objects and, as a result, trigger GC.
	It is recommended to disable useCacheForAllThreads by setting -Dorg.apache.ratis.thirdparty.io.netty.allocator.useCacheForAllThreads=false in command line.
2019-10-18 14:21:03,533 [main] INFO  grpc.GrpcConfigKeys$Server (ConfUtils.java:logGet(43)) - raft.grpc.server.port = 0 (default)
2019-10-18 14:21:03,533 [main] INFO  server.GrpcService (ConfUtils.java:logGet(43)) - raft.grpc.message.size.max = 33570816 (custom)
2019-10-18 14:21:03,534 [main] INFO  server.RaftServerConfigKeys (ConfUtils.java:logGet(43)) - raft.server.log.appender.buffer.byte-limit = 33554432 (custom)
2019-10-18 14:21:03,534 [main] INFO  server.GrpcService (ConfUtils.java:logGet(43)) - raft.grpc.flow.control.window = 1MB (=1048576) (default)
2019-10-18 14:21:03,534 [main] INFO  server.RaftServerConfigKeys (ConfUtils.java:logGet(43)) - raft.server.rpc.request.timeout = 3000ms (default)
2019-10-18 14:21:03,535 [main] INFO  server.RaftServerConfigKeys (ConfUtils.java:logGet(43)) - raft.server.storage.dir = [/workdir/hadoop-ozone/integration-test/target/test-dir/MiniOzoneClusterImpl-b1cd5a49-dfd5-4407-b99d-3d51da0a788c/datanode-1/data/ratis] (custom)
2019-10-18 14:21:03,536 [main] INFO  hdfs.DFSUtil (DFSUtil.java:httpServerTemplateForNNAndJN(1641)) - Starting Web-server for hddsDatanode at: http://0.0.0.0:0
2019-10-18 14:21:03,538 [main] INFO  server.AuthenticationFilter (AuthenticationFilter.java:constructSecretProvider(240)) - Unable to initialize FileSignerSecretProvider, falling back to use random secrets.
2019-10-18 14:21:03,538 [main] WARN  http.HttpRequestLog (HttpRequestLog.java:getRequestLog(97)) - Jetty request log can only be enabled using Log4j
2019-10-18 14:21:03,540 [main] INFO  http.HttpServer2 (HttpServer2.java:addGlobalFilter(975)) - Added global filter 'safety' (class=org.apache.hadoop.http.HttpServer2$QuotingInputFilter)
2019-10-18 14:21:03,540 [main] INFO  http.HttpServer2 (HttpServer2.java:addFilter(948)) - Added filter static_user_filter (class=org.apache.hadoop.http.lib.StaticUserWebFilter$StaticUserFilter) to context hddsDatanode
2019-10-18 14:21:03,541 [main] INFO  http.HttpServer2 (HttpServer2.java:addFilter(958)) - Added filter static_user_filter (class=org.apache.hadoop.http.lib.StaticUserWebFilter$StaticUserFilter) to context static
2019-10-18 14:21:03,541 [main] INFO  http.HttpServer2 (HttpServer2.java:addFilter(958)) - Added filter static_user_filter (class=org.apache.hadoop.http.lib.StaticUserWebFilter$StaticUserFilter) to context logs
2019-10-18 14:21:03,542 [main] INFO  http.HttpServer2 (HttpServer2.java:bindListener(1191)) - Jetty bound to port 34901
2019-10-18 14:21:03,542 [main] INFO  server.Server (Server.java:doStart(351)) - jetty-9.3.25.v20180904, build timestamp: 2018-09-04T21:11:46Z, git hash: 3ce520221d0240229c862b122d2b06c12a625732
2019-10-18 14:21:03,545 [main] INFO  handler.ContextHandler (ContextHandler.java:doStart(781)) - Started o.e.j.s.ServletContextHandler@34d52ecd{/logs,file:///workdir/hadoop-ozone/integration-test/target/log,AVAILABLE}
2019-10-18 14:21:03,546 [main] INFO  handler.ContextHandler (ContextHandler.java:doStart(781)) - Started o.e.j.s.ServletContextHandler@14b789f6{/static,jar:file:/home/user/.m2/repository/org/apache/hadoop/hadoop-hdds-container-service/0.5.0-SNAPSHOT/hadoop-hdds-container-service-0.5.0-SNAPSHOT.jar!/webapps/static,AVAILABLE}
2019-10-18 14:21:03,577 [main] INFO  handler.ContextHandler (ContextHandler.java:doStart(781)) - Started o.e.j.w.WebAppContext@658255aa{/,file:///tmp/jetty-0.0.0.0-34901-hddsDatanode-_-any-7488025376004138521.dir/webapp/,AVAILABLE}{/hddsDatanode}
2019-10-18 14:21:03,579 [main] INFO  server.AbstractConnector (AbstractConnector.java:doStart(278)) - Started ServerConnector@25290bca{HTTP/1.1,[http/1.1]}{0.0.0.0:34901}
2019-10-18 14:21:03,579 [main] INFO  server.Server (Server.java:doStart(419)) - Started @5080ms
2019-10-18 14:21:03,580 [main] WARN  impl.MetricsSystemImpl (MetricsSystemImpl.java:register(276)) - Sink prometheus already exists!
2019-10-18 14:21:03,581 [main] INFO  server.BaseHttpServer (BaseHttpServer.java:updateConnectorAddress(215)) - HTTP server of HDDSDATANODE is listening at http://0.0.0.0:34901
2019-10-18 14:21:03,581 [main] INFO  impl.MetricsSystemImpl (MetricsSystemImpl.java:init(158)) - HddsDatanode metrics system started (again)
2019-10-18 14:21:03,584 [main] INFO  ozone.HddsDatanodeService (HddsDatanodeService.java:start(184)) - HddsDatanodeService host:pr-hdds-2325-q7txw-2705037156 ip:192.168.157.233
2019-10-18 14:21:03,584 [org.apache.hadoop.util.JvmPauseMonitor$Monitor@3a7cf477] INFO  util.JvmPauseMonitor (JvmPauseMonitor.java:run(188)) - Starting JVM pause monitor
2019-10-18 14:21:03,595 [main] INFO  volume.HddsVolume (HddsVolume.java:<init>(176)) - Creating Volume: /workdir/hadoop-ozone/integration-test/target/test-dir/MiniOzoneClusterImpl-b1cd5a49-dfd5-4407-b99d-3d51da0a788c/datanode-2/data/containers/hdds of  storage type : DISK and capacity : 1482555576320
2019-10-18 14:21:03,595 [main] INFO  volume.VolumeSet (VolumeSet.java:initializeVolumeSet(170)) - Added Volume : /workdir/hadoop-ozone/integration-test/target/test-dir/MiniOzoneClusterImpl-b1cd5a49-dfd5-4407-b99d-3d51da0a788c/datanode-2/data/containers/hdds to VolumeSet
2019-10-18 14:21:03,596 [main] INFO  volume.ThrottledAsyncChecker (ThrottledAsyncChecker.java:schedule(141)) - Scheduling a check for /workdir/hadoop-ozone/integration-test/target/test-dir/MiniOzoneClusterImpl-b1cd5a49-dfd5-4407-b99d-3d51da0a788c/datanode-2/data/containers/hdds
2019-10-18 14:21:03,597 [main] INFO  volume.HddsVolumeChecker (HddsVolumeChecker.java:checkAllVolumes(204)) - Scheduled health check for volume /workdir/hadoop-ozone/integration-test/target/test-dir/MiniOzoneClusterImpl-b1cd5a49-dfd5-4407-b99d-3d51da0a788c/datanode-2/data/containers/hdds
2019-10-18 14:21:03,618 [main] INFO  impl.RaftServerProxy (ConfUtils.java:logGet(43)) - raft.rpc.type = GRPC (default)
2019-10-18 14:21:03,618 [main] INFO  grpc.GrpcFactory (GrpcFactory.java:checkPooledByteBufAllocatorUseCacheForAllThreads(45)) - PERFORMANCE WARNING: useCacheForAllThreads is true that may cause Netty to create a lot garbage objects and, as a result, trigger GC.
	It is recommended to disable useCacheForAllThreads by setting -Dorg.apache.ratis.thirdparty.io.netty.allocator.useCacheForAllThreads=false in command line.
2019-10-18 14:21:03,618 [main] INFO  grpc.GrpcConfigKeys$Server (ConfUtils.java:logGet(43)) - raft.grpc.server.port = 0 (default)
2019-10-18 14:21:03,619 [main] INFO  server.GrpcService (ConfUtils.java:logGet(43)) - raft.grpc.message.size.max = 33570816 (custom)
2019-10-18 14:21:03,619 [main] INFO  server.RaftServerConfigKeys (ConfUtils.java:logGet(43)) - raft.server.log.appender.buffer.byte-limit = 33554432 (custom)
2019-10-18 14:21:03,619 [main] INFO  server.GrpcService (ConfUtils.java:logGet(43)) - raft.grpc.flow.control.window = 1MB (=1048576) (default)
2019-10-18 14:21:03,620 [main] INFO  server.RaftServerConfigKeys (ConfUtils.java:logGet(43)) - raft.server.rpc.request.timeout = 3000ms (default)
2019-10-18 14:21:03,621 [main] INFO  server.RaftServerConfigKeys (ConfUtils.java:logGet(43)) - raft.server.storage.dir = [/workdir/hadoop-ozone/integration-test/target/test-dir/MiniOzoneClusterImpl-b1cd5a49-dfd5-4407-b99d-3d51da0a788c/datanode-2/data/ratis] (custom)
2019-10-18 14:21:03,624 [main] INFO  hdfs.DFSUtil (DFSUtil.java:httpServerTemplateForNNAndJN(1641)) - Starting Web-server for hddsDatanode at: http://0.0.0.0:0
2019-10-18 14:21:03,626 [main] INFO  server.AuthenticationFilter (AuthenticationFilter.java:constructSecretProvider(240)) - Unable to initialize FileSignerSecretProvider, falling back to use random secrets.
2019-10-18 14:21:03,627 [main] WARN  http.HttpRequestLog (HttpRequestLog.java:getRequestLog(97)) - Jetty request log can only be enabled using Log4j
2019-10-18 14:21:03,627 [Datanode State Machine Thread - 0] INFO  datanode.InitDatanodeState (InitDatanodeState.java:persistContainerDatanodeDetails(140)) - DatanodeDetails is persisted to /workdir/hadoop-ozone/integration-test/target/test-dir/MiniOzoneClusterImpl-b1cd5a49-dfd5-4407-b99d-3d51da0a788c/datanode-0/meta/datanode.id
2019-10-18 14:21:03,630 [main] INFO  http.HttpServer2 (HttpServer2.java:addGlobalFilter(975)) - Added global filter 'safety' (class=org.apache.hadoop.http.HttpServer2$QuotingInputFilter)
2019-10-18 14:21:03,631 [main] INFO  http.HttpServer2 (HttpServer2.java:addFilter(948)) - Added filter static_user_filter (class=org.apache.hadoop.http.lib.StaticUserWebFilter$StaticUserFilter) to context hddsDatanode
2019-10-18 14:21:03,631 [main] INFO  http.HttpServer2 (HttpServer2.java:addFilter(958)) - Added filter static_user_filter (class=org.apache.hadoop.http.lib.StaticUserWebFilter$StaticUserFilter) to context static
2019-10-18 14:21:03,631 [main] INFO  http.HttpServer2 (HttpServer2.java:addFilter(958)) - Added filter static_user_filter (class=org.apache.hadoop.http.lib.StaticUserWebFilter$StaticUserFilter) to context logs
2019-10-18 14:21:03,631 [Datanode State Machine Thread - 0] INFO  datanode.InitDatanodeState (InitDatanodeState.java:persistContainerDatanodeDetails(140)) - DatanodeDetails is persisted to /workdir/hadoop-ozone/integration-test/target/test-dir/MiniOzoneClusterImpl-b1cd5a49-dfd5-4407-b99d-3d51da0a788c/datanode-1/meta/datanode.id
2019-10-18 14:21:03,633 [main] INFO  http.HttpServer2 (HttpServer2.java:bindListener(1191)) - Jetty bound to port 34213
2019-10-18 14:21:03,633 [main] INFO  server.Server (Server.java:doStart(351)) - jetty-9.3.25.v20180904, build timestamp: 2018-09-04T21:11:46Z, git hash: 3ce520221d0240229c862b122d2b06c12a625732
2019-10-18 14:21:03,635 [main] INFO  handler.ContextHandler (ContextHandler.java:doStart(781)) - Started o.e.j.s.ServletContextHandler@252dc8c4{/logs,file:///workdir/hadoop-ozone/integration-test/target/log,AVAILABLE}
2019-10-18 14:21:03,635 [main] INFO  handler.ContextHandler (ContextHandler.java:doStart(781)) - Started o.e.j.s.ServletContextHandler@2643d762{/static,jar:file:/home/user/.m2/repository/org/apache/hadoop/hadoop-hdds-container-service/0.5.0-SNAPSHOT/hadoop-hdds-container-service-0.5.0-SNAPSHOT.jar!/webapps/static,AVAILABLE}
2019-10-18 14:21:03,669 [main] INFO  handler.ContextHandler (ContextHandler.java:doStart(781)) - Started o.e.j.w.WebAppContext@122d6c22{/,file:///tmp/jetty-0.0.0.0-34213-hddsDatanode-_-any-4074892341453570105.dir/webapp/,AVAILABLE}{/hddsDatanode}
2019-10-18 14:21:03,670 [main] INFO  server.AbstractConnector (AbstractConnector.java:doStart(278)) - Started ServerConnector@2f5ac102{HTTP/1.1,[http/1.1]}{0.0.0.0:34213}
2019-10-18 14:21:03,671 [main] INFO  server.Server (Server.java:doStart(419)) - Started @5172ms
2019-10-18 14:21:03,671 [main] WARN  impl.MetricsSystemImpl (MetricsSystemImpl.java:register(276)) - Sink prometheus already exists!
2019-10-18 14:21:03,672 [main] INFO  server.BaseHttpServer (BaseHttpServer.java:updateConnectorAddress(215)) - HTTP server of HDDSDATANODE is listening at http://0.0.0.0:34213
2019-10-18 14:21:03,674 [main] INFO  ozone.MiniOzoneClusterImpl (MiniOzoneClusterImpl.java:lambda$waitForClusterToBeReady$0(147)) - Waiting for cluster to be ready. Got 0 of 3 DN Heartbeats.
2019-10-18 14:21:03,675 [org.apache.hadoop.util.JvmPauseMonitor$Monitor@5484b262] INFO  util.JvmPauseMonitor (JvmPauseMonitor.java:run(188)) - Starting JVM pause monitor
2019-10-18 14:21:03,677 [Datanode State Machine Thread - 0] INFO  datanode.InitDatanodeState (InitDatanodeState.java:persistContainerDatanodeDetails(140)) - DatanodeDetails is persisted to /workdir/hadoop-ozone/integration-test/target/test-dir/MiniOzoneClusterImpl-b1cd5a49-dfd5-4407-b99d-3d51da0a788c/datanode-2/meta/datanode.id
2019-10-18 14:21:04,674 [main] INFO  ozone.MiniOzoneClusterImpl (MiniOzoneClusterImpl.java:lambda$waitForClusterToBeReady$0(147)) - Waiting for cluster to be ready. Got 0 of 3 DN Heartbeats.
2019-10-18 14:21:05,624 [Datanode State Machine Thread - 0] INFO  ozoneimpl.OzoneContainer (OzoneContainer.java:start(230)) - Attempting to start container services.
2019-10-18 14:21:05,624 [Datanode State Machine Thread - 0] INFO  ozoneimpl.OzoneContainer (OzoneContainer.java:start(230)) - Attempting to start container services.
2019-10-18 14:21:05,627 [Datanode State Machine Thread - 0] INFO  ozoneimpl.OzoneContainer (OzoneContainer.java:startContainerScrub(194)) - Background container scanner has been disabled.
2019-10-18 14:21:05,627 [Datanode State Machine Thread - 0] INFO  ozoneimpl.OzoneContainer (OzoneContainer.java:startContainerScrub(194)) - Background container scanner has been disabled.
2019-10-18 14:21:05,628 [Datanode State Machine Thread - 0] INFO  ratis.XceiverServerRatis (XceiverServerRatis.java:start(418)) - Starting XceiverServerRatis ee386961-2337-4a8c-9c8d-dbca8671699a at port 0
2019-10-18 14:21:05,628 [Datanode State Machine Thread - 0] INFO  ratis.XceiverServerRatis (XceiverServerRatis.java:start(418)) - Starting XceiverServerRatis a7998a79-199c-44f4-b3c2-ea75c49d687d at port 0
2019-10-18 14:21:05,673 [Datanode State Machine Thread - 0] INFO  impl.RaftServerProxy (RaftServerProxy.java:lambda$start$3(299)) - ee386961-2337-4a8c-9c8d-dbca8671699a: start RPC server
2019-10-18 14:21:05,673 [Datanode State Machine Thread - 0] INFO  impl.RaftServerProxy (RaftServerProxy.java:lambda$start$3(299)) - a7998a79-199c-44f4-b3c2-ea75c49d687d: start RPC server
2019-10-18 14:21:05,675 [main] INFO  ozone.MiniOzoneClusterImpl (MiniOzoneClusterImpl.java:lambda$waitForClusterToBeReady$0(147)) - Waiting for cluster to be ready. Got 0 of 3 DN Heartbeats.
2019-10-18 14:21:05,738 [Datanode State Machine Thread - 0] INFO  ozoneimpl.OzoneContainer (OzoneContainer.java:start(230)) - Attempting to start container services.
2019-10-18 14:21:05,745 [Datanode State Machine Thread - 0] INFO  ozoneimpl.OzoneContainer (OzoneContainer.java:startContainerScrub(194)) - Background container scanner has been disabled.
2019-10-18 14:21:05,745 [Datanode State Machine Thread - 0] INFO  ratis.XceiverServerRatis (XceiverServerRatis.java:start(418)) - Starting XceiverServerRatis 2d385246-963b-498d-9e2e-bc24e50fd0c7 at port 0
2019-10-18 14:21:05,759 [Datanode State Machine Thread - 0] INFO  impl.RaftServerProxy (RaftServerProxy.java:lambda$start$3(299)) - 2d385246-963b-498d-9e2e-bc24e50fd0c7: start RPC server
2019-10-18 14:21:05,838 [Datanode State Machine Thread - 0] INFO  server.GrpcService (GrpcService.java:startImpl(158)) - 2d385246-963b-498d-9e2e-bc24e50fd0c7: GrpcService started, listening on 0.0.0.0/0.0.0.0:40769
2019-10-18 14:21:05,838 [Datanode State Machine Thread - 0] INFO  server.GrpcService (GrpcService.java:startImpl(158)) - a7998a79-199c-44f4-b3c2-ea75c49d687d: GrpcService started, listening on 0.0.0.0/0.0.0.0:46825
2019-10-18 14:21:05,838 [Datanode State Machine Thread - 0] INFO  server.GrpcService (GrpcService.java:startImpl(158)) - ee386961-2337-4a8c-9c8d-dbca8671699a: GrpcService started, listening on 0.0.0.0/0.0.0.0:35014
2019-10-18 14:21:05,839 [Datanode State Machine Thread - 0] INFO  ratis.XceiverServerRatis (XceiverServerRatis.java:start(428)) - XceiverServerRatis a7998a79-199c-44f4-b3c2-ea75c49d687d is started using port 46825
2019-10-18 14:21:05,839 [Datanode State Machine Thread - 0] INFO  ratis.XceiverServerRatis (XceiverServerRatis.java:start(428)) - XceiverServerRatis 2d385246-963b-498d-9e2e-bc24e50fd0c7 is started using port 40769
2019-10-18 14:21:05,839 [Datanode State Machine Thread - 0] INFO  ratis.XceiverServerRatis (XceiverServerRatis.java:start(428)) - XceiverServerRatis ee386961-2337-4a8c-9c8d-dbca8671699a is started using port 35014
2019-10-18 14:21:05,844 [Datanode State Machine Thread - 0] INFO  server.XceiverServerGrpc (XceiverServerGrpc.java:start(149)) - XceiverServerGrpc ee386961-2337-4a8c-9c8d-dbca8671699a is started using port 34247
2019-10-18 14:21:05,844 [Datanode State Machine Thread - 0] INFO  server.XceiverServerGrpc (XceiverServerGrpc.java:start(149)) - XceiverServerGrpc 2d385246-963b-498d-9e2e-bc24e50fd0c7 is started using port 43542
2019-10-18 14:21:05,844 [Datanode State Machine Thread - 0] INFO  server.XceiverServerGrpc (XceiverServerGrpc.java:start(149)) - XceiverServerGrpc a7998a79-199c-44f4-b3c2-ea75c49d687d is started using port 41087
2019-10-18 14:21:06,676 [main] INFO  ozone.MiniOzoneClusterImpl (MiniOzoneClusterImpl.java:lambda$waitForClusterToBeReady$0(147)) - Waiting for cluster to be ready. Got 0 of 3 DN Heartbeats.
2019-10-18 14:21:07,551 [IPC Server handler 0 on 46684] INFO  net.NetworkTopology (NetworkTopologyImpl.java:add(111)) - Added a new node: /default-rack/ee386961-2337-4a8c-9c8d-dbca8671699a
2019-10-18 14:21:07,552 [IPC Server handler 0 on 46684] INFO  node.SCMNodeManager (SCMNodeManager.java:register(268)) - Registered Data node : ee386961-2337-4a8c-9c8d-dbca8671699a{ip: 192.168.157.233, host: pr-hdds-2325-q7txw-2705037156, networkLocation: /default-rack, certSerialId: null}
2019-10-18 14:21:07,556 [EventQueue-NodeRegistrationContainerReportForDataNodeSafeModeRule] INFO  safemode.SCMSafeModeManager (DataNodeSafeModeRule.java:process(71)) - SCM in safe mode. 1 DataNodes registered, 1 required.
2019-10-18 14:21:07,556 [EventQueue-NodeRegistrationContainerReportForDataNodeSafeModeRule] INFO  safemode.SCMSafeModeManager (SCMSafeModeManager.java:validateSafeModeExitRules(177)) - ScmSafeModeManager, all rules are successfully validated
2019-10-18 14:21:07,556 [EventQueue-NodeRegistrationContainerReportForDataNodeSafeModeRule] INFO  safemode.SCMSafeModeManager (SCMSafeModeManager.java:exitSafeMode(193)) - SCM exiting safe mode.
2019-10-18 14:21:07,588 [IPC Server handler 6 on 46684] INFO  net.NetworkTopology (NetworkTopologyImpl.java:add(111)) - Added a new node: /default-rack/a7998a79-199c-44f4-b3c2-ea75c49d687d
2019-10-18 14:21:07,588 [IPC Server handler 6 on 46684] INFO  node.SCMNodeManager (SCMNodeManager.java:register(268)) - Registered Data node : a7998a79-199c-44f4-b3c2-ea75c49d687d{ip: 192.168.157.233, host: pr-hdds-2325-q7txw-2705037156, networkLocation: /default-rack, certSerialId: null}
2019-10-18 14:21:07,676 [main] INFO  ozone.MiniOzoneClusterImpl (MiniOzoneClusterImpl.java:lambda$waitForClusterToBeReady$0(147)) - Waiting for cluster to be ready. Got 2 of 3 DN Heartbeats.
2019-10-18 14:21:07,678 [IPC Server handler 7 on 46684] INFO  net.NetworkTopology (NetworkTopologyImpl.java:add(111)) - Added a new node: /default-rack/2d385246-963b-498d-9e2e-bc24e50fd0c7
2019-10-18 14:21:07,678 [IPC Server handler 7 on 46684] INFO  node.SCMNodeManager (SCMNodeManager.java:register(268)) - Registered Data node : 2d385246-963b-498d-9e2e-bc24e50fd0c7{ip: 192.168.157.233, host: pr-hdds-2325-q7txw-2705037156, networkLocation: /default-rack, certSerialId: null}
2019-10-18 14:21:08,069 [grpc-default-executor-0] INFO  impl.RaftServerProxy (RaftServerProxy.java:addNew(89)) - ee386961-2337-4a8c-9c8d-dbca8671699a: addNew group-43EFDFC469C8:[ee386961-2337-4a8c-9c8d-dbca8671699a:192.168.157.233:35014] returns group-43EFDFC469C8:java.util.concurrent.CompletableFuture@6a4273da[Not completed]
2019-10-18 14:21:08,088 [pool-27-thread-1] INFO  impl.RaftServerImpl (RaftServerImpl.java:<init>(104)) - ee386961-2337-4a8c-9c8d-dbca8671699a: new RaftServerImpl for group-43EFDFC469C8:[ee386961-2337-4a8c-9c8d-dbca8671699a:192.168.157.233:35014] with ContainerStateMachine:uninitialized
2019-10-18 14:21:08,091 [pool-27-thread-1] INFO  server.RaftServerConfigKeys (ConfUtils.java:logGet(43)) - raft.server.rpc.timeout.min = 5s (custom)
2019-10-18 14:21:08,092 [pool-27-thread-1] INFO  server.RaftServerConfigKeys (ConfUtils.java:logGet(43)) - raft.server.rpc.timeout.max = 5200ms (custom)
2019-10-18 14:21:08,092 [pool-27-thread-1] INFO  server.RaftServerConfigKeys (ConfUtils.java:logGet(43)) - raft.server.rpcslowness.timeout = 1000s (custom)
2019-10-18 14:21:08,093 [pool-27-thread-1] INFO  server.RaftServerConfigKeys (ConfUtils.java:logGet(43)) - raft.server.sleep.deviation.threshold = 300 (default)
2019-10-18 14:21:08,094 [pool-27-thread-1] INFO  server.RaftServerConfigKeys (ConfUtils.java:logGet(43)) - raft.server.log.appender.install.snapshot.enabled = false (custom)
2019-10-18 14:21:08,104 [pool-27-thread-1] INFO  impl.RaftServerImpl (ServerState.java:<init>(103)) - ee386961-2337-4a8c-9c8d-dbca8671699a@group-43EFDFC469C8: ConfigurationManager, init=-1: [ee386961-2337-4a8c-9c8d-dbca8671699a:192.168.157.233:35014], old=null, confs=<EMPTY_MAP>
2019-10-18 14:21:08,105 [pool-27-thread-1] INFO  server.RaftServerConfigKeys (ConfUtils.java:logGet(43)) - raft.server.storage.dir = [/workdir/hadoop-ozone/integration-test/target/test-dir/MiniOzoneClusterImpl-b1cd5a49-dfd5-4407-b99d-3d51da0a788c/datanode-0/data/ratis] (custom)
2019-10-18 14:21:08,113 [pool-27-thread-1] INFO  server.RaftServerConfigKeys (ConfUtils.java:logGet(43)) - raft.server.log.corruption.policy = EXCEPTION (default)
2019-10-18 14:21:08,115 [pool-27-thread-1] INFO  storage.RaftStorageDirectory (RaftStorageDirectory.java:analyzeStorage(246)) - The storage directory /workdir/hadoop-ozone/integration-test/target/test-dir/MiniOzoneClusterImpl-b1cd5a49-dfd5-4407-b99d-3d51da0a788c/datanode-0/data/ratis/d23d59b7-6ebe-41d0-a3df-43efdfc469c8 does not exist. Creating ...
2019-10-18 14:21:08,145 [pool-27-thread-1] INFO  storage.RaftStorageDirectory (RaftStorageDirectory.java:tryLock(328)) - Lock on /workdir/hadoop-ozone/integration-test/target/test-dir/MiniOzoneClusterImpl-b1cd5a49-dfd5-4407-b99d-3d51da0a788c/datanode-0/data/ratis/d23d59b7-6ebe-41d0-a3df-43efdfc469c8/in_use.lock acquired by nodename 17776@pr-hdds-2325-q7txw-2705037156
2019-10-18 14:21:08,161 [pool-27-thread-1] INFO  storage.RaftStorage (RaftStorage.java:format(84)) - Storage directory /workdir/hadoop-ozone/integration-test/target/test-dir/MiniOzoneClusterImpl-b1cd5a49-dfd5-4407-b99d-3d51da0a788c/datanode-0/data/ratis/d23d59b7-6ebe-41d0-a3df-43efdfc469c8 has been successfully formatted.
2019-10-18 14:21:08,164 [pool-27-thread-1] INFO  ratis.ContainerStateMachine (ContainerStateMachine.java:loadSnapshot(231)) - group-43EFDFC469C8: The snapshot info is null. Setting the last applied indexto:(t:0, i:~)
2019-10-18 14:21:08,164 [pool-27-thread-1] INFO  server.RaftServerConfigKeys (ConfUtils.java:logGet(43)) - raft.server.notification.no-leader.timeout = 1000s (custom)
2019-10-18 14:21:08,167 [pool-27-thread-1] INFO  server.RaftServerConfigKeys (ConfUtils.java:logGet(43)) - raft.server.log.use.memory = false (default)
2019-10-18 14:21:08,174 [pool-27-thread-1] INFO  server.RaftServerConfigKeys (ConfUtils.java:logGet(43)) - raft.server.log.purge.gap = 1000000 (custom)
2019-10-18 14:21:08,174 [pool-27-thread-1] INFO  server.RaftServerConfigKeys (ConfUtils.java:logGet(43)) - raft.server.log.appender.buffer.byte-limit = 33554432 (custom)
2019-10-18 14:21:08,177 [pool-27-thread-1] INFO  server.RaftServerConfigKeys (ConfUtils.java:logGet(43)) - raft.server.log.segment.size.max = 1048576 (custom)
2019-10-18 14:21:08,179 [pool-27-thread-1] INFO  impl.MetricsSystemImpl (MetricsSystemImpl.java:init(158)) - ratis metrics system started (again)
2019-10-18 14:21:08,188 [pool-27-thread-1] INFO  metrics.MetricRegistries (MetricRegistriesLoader.java:load(64)) - Loaded MetricRegistries class org.apache.ratis.metrics.impl.MetricRegistriesImpl
2019-10-18 14:21:08,231 [pool-27-thread-1] INFO  server.RaftServerConfigKeys (ConfUtils.java:logGet(43)) - raft.server.log.segment.cache.num.max = 2 (custom)
2019-10-18 14:21:08,237 [pool-27-thread-1] INFO  segmented.SegmentedRaftLogWorker (SegmentedRaftLogWorker.java:<init>(173)) - new ee386961-2337-4a8c-9c8d-dbca8671699a@group-43EFDFC469C8-SegmentedRaftLogWorker for RaftStorage:Storage Directory /workdir/hadoop-ozone/integration-test/target/test-dir/MiniOzoneClusterImpl-b1cd5a49-dfd5-4407-b99d-3d51da0a788c/datanode-0/data/ratis/d23d59b7-6ebe-41d0-a3df-43efdfc469c8
2019-10-18 14:21:08,238 [pool-27-thread-1] INFO  server.RaftServerConfigKeys (ConfUtils.java:logGet(43)) - raft.server.log.queue.byte-limit = 2147483647 (custom)
2019-10-18 14:21:08,238 [pool-27-thread-1] INFO  server.RaftServerConfigKeys (ConfUtils.java:logGet(43)) - raft.server.log.queue.element-limit = 1024 (custom)
2019-10-18 14:21:08,239 [pool-27-thread-1] INFO  server.RaftServerConfigKeys (ConfUtils.java:logGet(43)) - raft.server.log.segment.size.max = 1048576 (custom)
2019-10-18 14:21:08,240 [pool-27-thread-1] INFO  server.RaftServerConfigKeys (ConfUtils.java:logGet(43)) - raft.server.log.preallocated.size = 16384 (custom)
2019-10-18 14:21:08,240 [pool-27-thread-1] INFO  server.RaftServerConfigKeys (ConfUtils.java:logGet(43)) - raft.server.log.write.buffer.size = 33554432 (custom)
2019-10-18 14:21:08,241 [pool-27-thread-1] INFO  server.RaftServerConfigKeys (ConfUtils.java:logGet(43)) - raft.server.log.force.sync.num = 128 (default)
2019-10-18 14:21:08,241 [pool-27-thread-1] INFO  server.RaftServerConfigKeys (ConfUtils.java:logGet(43)) - raft.server.log.statemachine.data.sync = true (default)
2019-10-18 14:21:08,242 [pool-27-thread-1] INFO  server.RaftServerConfigKeys (ConfUtils.java:logGet(43)) - raft.server.log.statemachine.data.sync.timeout = 10s (default)
2019-10-18 14:21:08,242 [pool-27-thread-1] INFO  server.RaftServerConfigKeys (ConfUtils.java:logGet(43)) - raft.server.log.statemachine.data.sync.timeout.retry = -1 (default)
2019-10-18 14:21:08,253 [pool-27-thread-1] INFO  server.RaftServerConfigKeys (ConfUtils.java:logGet(43)) - raft.server.log.statemachine.data.caching.enabled = true (custom)
2019-10-18 14:21:08,258 [pool-27-thread-1] INFO  segmented.SegmentedRaftLogWorker (SegmentedRaftLogWorker.java:lambda$new$0(128)) - ee386961-2337-4a8c-9c8d-dbca8671699a@group-43EFDFC469C8-SegmentedRaftLogWorker: flushIndex: setUnconditionally 0 -> -1
2019-10-18 14:21:08,262 [pool-27-thread-1] INFO  server.RaftServerConfigKeys (ConfUtils.java:logGet(43)) - raft.server.snapshot.auto.trigger.enabled = true (custom)
2019-10-18 14:21:08,263 [pool-27-thread-1] INFO  server.RaftServerConfigKeys (ConfUtils.java:logGet(43)) - raft.server.snapshot.auto.trigger.threshold = 10000 (custom)
2019-10-18 14:21:08,263 [pool-27-thread-1] INFO  server.RaftServerConfigKeys (ConfUtils.java:logGet(43)) - raft.server.snapshot.retention.file.num = 5 (custom)
2019-10-18 14:21:08,264 [pool-27-thread-1] INFO  server.RaftServerConfigKeys (ConfUtils.java:logGet(43)) - raft.server.retrycache.expirytime = 600000ms (custom)
2019-10-18 14:21:08,292 [pool-27-thread-1] INFO  impl.RaftServerImpl (RaftServerImpl.java:start(195)) - ee386961-2337-4a8c-9c8d-dbca8671699a@group-43EFDFC469C8: start as a follower, conf=-1: [ee386961-2337-4a8c-9c8d-dbca8671699a:192.168.157.233:35014], old=null
2019-10-18 14:21:08,293 [pool-27-thread-1] INFO  impl.RaftServerImpl (RaftServerImpl.java:setRole(184)) - ee386961-2337-4a8c-9c8d-dbca8671699a@group-43EFDFC469C8: changes role from      null to FOLLOWER at term 0 for startAsFollower
2019-10-18 14:21:08,294 [pool-27-thread-1] INFO  impl.RoleInfo (RoleInfo.java:updateAndGet(143)) - ee386961-2337-4a8c-9c8d-dbca8671699a: start FollowerState
2019-10-18 14:21:08,296 [pool-27-thread-1] INFO  util.JmxRegister (JmxRegister.java:tryRegister(44)) - Successfully registered JMX Bean with object name Ratis:service=RaftServer,group=group-43EFDFC469C8,id=ee386961-2337-4a8c-9c8d-dbca8671699a
2019-10-18 14:21:08,364 [RatisPipelineUtilsThread] INFO  pipeline.PipelineStateManager (PipelineStateManager.java:addPipeline(56)) - Created pipeline Pipeline[ Id: d23d59b7-6ebe-41d0-a3df-43efdfc469c8, Nodes: ee386961-2337-4a8c-9c8d-dbca8671699a{ip: 192.168.157.233, host: pr-hdds-2325-q7txw-2705037156, networkLocation: /default-rack, certSerialId: null}, Type:RATIS, Factor:ONE, State:OPEN]
2019-10-18 14:21:08,381 [grpc-default-executor-0] INFO  impl.RaftServerProxy (RaftServerProxy.java:addNew(89)) - 2d385246-963b-498d-9e2e-bc24e50fd0c7: addNew group-0F338267653F:[2d385246-963b-498d-9e2e-bc24e50fd0c7:192.168.157.233:40769] returns group-0F338267653F:java.util.concurrent.CompletableFuture@74b0bf41[Not completed]
2019-10-18 14:21:08,401 [pool-47-thread-1] INFO  impl.RaftServerImpl (RaftServerImpl.java:<init>(104)) - 2d385246-963b-498d-9e2e-bc24e50fd0c7: new RaftServerImpl for group-0F338267653F:[2d385246-963b-498d-9e2e-bc24e50fd0c7:192.168.157.233:40769] with ContainerStateMachine:uninitialized
2019-10-18 14:21:08,402 [pool-47-thread-1] INFO  server.RaftServerConfigKeys (ConfUtils.java:logGet(43)) - raft.server.rpc.timeout.min = 5s (custom)
2019-10-18 14:21:08,402 [pool-47-thread-1] INFO  server.RaftServerConfigKeys (ConfUtils.java:logGet(43)) - raft.server.rpc.timeout.max = 5200ms (custom)
2019-10-18 14:21:08,402 [pool-47-thread-1] INFO  server.RaftServerConfigKeys (ConfUtils.java:logGet(43)) - raft.server.rpcslowness.timeout = 1000s (custom)
2019-10-18 14:21:08,402 [pool-47-thread-1] INFO  server.RaftServerConfigKeys (ConfUtils.java:logGet(43)) - raft.server.sleep.deviation.threshold = 300 (default)
2019-10-18 14:21:08,402 [pool-47-thread-1] INFO  server.RaftServerConfigKeys (ConfUtils.java:logGet(43)) - raft.server.log.appender.install.snapshot.enabled = false (custom)
2019-10-18 14:21:08,402 [pool-47-thread-1] INFO  impl.RaftServerImpl (ServerState.java:<init>(103)) - 2d385246-963b-498d-9e2e-bc24e50fd0c7@group-0F338267653F: ConfigurationManager, init=-1: [2d385246-963b-498d-9e2e-bc24e50fd0c7:192.168.157.233:40769], old=null, confs=<EMPTY_MAP>
2019-10-18 14:21:08,403 [pool-47-thread-1] INFO  server.RaftServerConfigKeys (ConfUtils.java:logGet(43)) - raft.server.storage.dir = [/workdir/hadoop-ozone/integration-test/target/test-dir/MiniOzoneClusterImpl-b1cd5a49-dfd5-4407-b99d-3d51da0a788c/datanode-2/data/ratis] (custom)
2019-10-18 14:21:08,403 [pool-47-thread-1] INFO  server.RaftServerConfigKeys (ConfUtils.java:logGet(43)) - raft.server.log.corruption.policy = EXCEPTION (default)
2019-10-18 14:21:08,403 [pool-47-thread-1] INFO  storage.RaftStorageDirectory (RaftStorageDirectory.java:analyzeStorage(246)) - The storage directory /workdir/hadoop-ozone/integration-test/target/test-dir/MiniOzoneClusterImpl-b1cd5a49-dfd5-4407-b99d-3d51da0a788c/datanode-2/data/ratis/54814568-c841-46a8-a325-0f338267653f does not exist. Creating ...
2019-10-18 14:21:08,428 [pool-47-thread-1] INFO  storage.RaftStorageDirectory (RaftStorageDirectory.java:tryLock(328)) - Lock on /workdir/hadoop-ozone/integration-test/target/test-dir/MiniOzoneClusterImpl-b1cd5a49-dfd5-4407-b99d-3d51da0a788c/datanode-2/data/ratis/54814568-c841-46a8-a325-0f338267653f/in_use.lock acquired by nodename 17776@pr-hdds-2325-q7txw-2705037156
2019-10-18 14:21:08,441 [pool-47-thread-1] INFO  storage.RaftStorage (RaftStorage.java:format(84)) - Storage directory /workdir/hadoop-ozone/integration-test/target/test-dir/MiniOzoneClusterImpl-b1cd5a49-dfd5-4407-b99d-3d51da0a788c/datanode-2/data/ratis/54814568-c841-46a8-a325-0f338267653f has been successfully formatted.
2019-10-18 14:21:08,442 [pool-47-thread-1] INFO  ratis.ContainerStateMachine (ContainerStateMachine.java:loadSnapshot(231)) - group-0F338267653F: The snapshot info is null. Setting the last applied indexto:(t:0, i:~)
2019-10-18 14:21:08,443 [pool-47-thread-1] INFO  server.RaftServerConfigKeys (ConfUtils.java:logGet(43)) - raft.server.notification.no-leader.timeout = 1000s (custom)
2019-10-18 14:21:08,443 [pool-47-thread-1] INFO  server.RaftServerConfigKeys (ConfUtils.java:logGet(43)) - raft.server.log.use.memory = false (default)
2019-10-18 14:21:08,443 [pool-47-thread-1] INFO  server.RaftServerConfigKeys (ConfUtils.java:logGet(43)) - raft.server.log.purge.gap = 1000000 (custom)
2019-10-18 14:21:08,444 [pool-47-thread-1] INFO  server.RaftServerConfigKeys (ConfUtils.java:logGet(43)) - raft.server.log.appender.buffer.byte-limit = 33554432 (custom)
2019-10-18 14:21:08,444 [pool-47-thread-1] INFO  server.RaftServerConfigKeys (ConfUtils.java:logGet(43)) - raft.server.log.segment.size.max = 1048576 (custom)
2019-10-18 14:21:08,450 [pool-47-thread-1] INFO  server.RaftServerConfigKeys (ConfUtils.java:logGet(43)) - raft.server.log.segment.cache.num.max = 2 (custom)
2019-10-18 14:21:08,450 [pool-47-thread-1] INFO  segmented.SegmentedRaftLogWorker (SegmentedRaftLogWorker.java:<init>(173)) - new 2d385246-963b-498d-9e2e-bc24e50fd0c7@group-0F338267653F-SegmentedRaftLogWorker for RaftStorage:Storage Directory /workdir/hadoop-ozone/integration-test/target/test-dir/MiniOzoneClusterImpl-b1cd5a49-dfd5-4407-b99d-3d51da0a788c/datanode-2/data/ratis/54814568-c841-46a8-a325-0f338267653f
2019-10-18 14:21:08,451 [pool-47-thread-1] INFO  server.RaftServerConfigKeys (ConfUtils.java:logGet(43)) - raft.server.log.queue.byte-limit = 2147483647 (custom)
2019-10-18 14:21:08,451 [pool-47-thread-1] INFO  server.RaftServerConfigKeys (ConfUtils.java:logGet(43)) - raft.server.log.queue.element-limit = 1024 (custom)
2019-10-18 14:21:08,452 [pool-47-thread-1] INFO  server.RaftServerConfigKeys (ConfUtils.java:logGet(43)) - raft.server.log.segment.size.max = 1048576 (custom)
2019-10-18 14:21:08,452 [pool-47-thread-1] INFO  server.RaftServerConfigKeys (ConfUtils.java:logGet(43)) - raft.server.log.preallocated.size = 16384 (custom)
2019-10-18 14:21:08,452 [pool-47-thread-1] INFO  server.RaftServerConfigKeys (ConfUtils.java:logGet(43)) - raft.server.log.write.buffer.size = 33554432 (custom)
2019-10-18 14:21:08,452 [pool-47-thread-1] INFO  server.RaftServerConfigKeys (ConfUtils.java:logGet(43)) - raft.server.log.force.sync.num = 128 (default)
2019-10-18 14:21:08,452 [pool-47-thread-1] INFO  server.RaftServerConfigKeys (ConfUtils.java:logGet(43)) - raft.server.log.statemachine.data.sync = true (default)
2019-10-18 14:21:08,453 [pool-47-thread-1] INFO  server.RaftServerConfigKeys (ConfUtils.java:logGet(43)) - raft.server.log.statemachine.data.sync.timeout = 10s (default)
2019-10-18 14:21:08,453 [pool-47-thread-1] INFO  server.RaftServerConfigKeys (ConfUtils.java:logGet(43)) - raft.server.log.statemachine.data.sync.timeout.retry = -1 (default)
2019-10-18 14:21:08,454 [pool-47-thread-1] INFO  server.RaftServerConfigKeys (ConfUtils.java:logGet(43)) - raft.server.log.statemachine.data.caching.enabled = true (custom)
2019-10-18 14:21:08,455 [pool-47-thread-1] INFO  segmented.SegmentedRaftLogWorker (SegmentedRaftLogWorker.java:lambda$new$0(128)) - 2d385246-963b-498d-9e2e-bc24e50fd0c7@group-0F338267653F-SegmentedRaftLogWorker: flushIndex: setUnconditionally 0 -> -1
2019-10-18 14:21:08,455 [pool-47-thread-1] INFO  server.RaftServerConfigKeys (ConfUtils.java:logGet(43)) - raft.server.snapshot.auto.trigger.enabled = true (custom)
2019-10-18 14:21:08,455 [pool-47-thread-1] INFO  server.RaftServerConfigKeys (ConfUtils.java:logGet(43)) - raft.server.snapshot.auto.trigger.threshold = 10000 (custom)
2019-10-18 14:21:08,455 [pool-47-thread-1] INFO  server.RaftServerConfigKeys (ConfUtils.java:logGet(43)) - raft.server.snapshot.retention.file.num = 5 (custom)
2019-10-18 14:21:08,456 [pool-47-thread-1] INFO  server.RaftServerConfigKeys (ConfUtils.java:logGet(43)) - raft.server.retrycache.expirytime = 600000ms (custom)
2019-10-18 14:21:08,465 [pool-47-thread-1] INFO  impl.RaftServerImpl (RaftServerImpl.java:start(195)) - 2d385246-963b-498d-9e2e-bc24e50fd0c7@group-0F338267653F: start as a follower, conf=-1: [2d385246-963b-498d-9e2e-bc24e50fd0c7:192.168.157.233:40769], old=null
2019-10-18 14:21:08,466 [pool-47-thread-1] INFO  impl.RaftServerImpl (RaftServerImpl.java:setRole(184)) - 2d385246-963b-498d-9e2e-bc24e50fd0c7@group-0F338267653F: changes role from      null to FOLLOWER at term 0 for startAsFollower
2019-10-18 14:21:08,466 [pool-47-thread-1] INFO  impl.RoleInfo (RoleInfo.java:updateAndGet(143)) - 2d385246-963b-498d-9e2e-bc24e50fd0c7: start FollowerState
2019-10-18 14:21:08,467 [pool-47-thread-1] INFO  util.JmxRegister (JmxRegister.java:tryRegister(44)) - Successfully registered JMX Bean with object name Ratis:service=RaftServer,group=group-0F338267653F,id=2d385246-963b-498d-9e2e-bc24e50fd0c7
2019-10-18 14:21:08,468 [Thread-186] INFO  impl.FollowerState (FollowerState.java:run(108)) - ee386961-2337-4a8c-9c8d-dbca8671699a@group-43EFDFC469C8-FollowerState: change to CANDIDATE, lastRpcTime:174ms, electionTimeout:173ms
2019-10-18 14:21:08,470 [Thread-186] INFO  impl.RoleInfo (RoleInfo.java:shutdownFollowerState(121)) - ee386961-2337-4a8c-9c8d-dbca8671699a: shutdown FollowerState
2019-10-18 14:21:08,471 [Thread-186] INFO  impl.RaftServerImpl (RaftServerImpl.java:setRole(184)) - ee386961-2337-4a8c-9c8d-dbca8671699a@group-43EFDFC469C8: changes role from  FOLLOWER to CANDIDATE at term 0 for changeToCandidate
2019-10-18 14:21:08,475 [Thread-186] INFO  impl.RoleInfo (RoleInfo.java:updateAndGet(143)) - ee386961-2337-4a8c-9c8d-dbca8671699a: start LeaderElection
2019-10-18 14:21:08,487 [RatisPipelineUtilsThread] INFO  pipeline.PipelineStateManager (PipelineStateManager.java:addPipeline(56)) - Created pipeline Pipeline[ Id: 54814568-c841-46a8-a325-0f338267653f, Nodes: 2d385246-963b-498d-9e2e-bc24e50fd0c7{ip: 192.168.157.233, host: pr-hdds-2325-q7txw-2705037156, networkLocation: /default-rack, certSerialId: null}, Type:RATIS, Factor:ONE, State:OPEN]
2019-10-18 14:21:08,492 [ee386961-2337-4a8c-9c8d-dbca8671699a@group-43EFDFC469C8-LeaderElection1] INFO  impl.LeaderElection (LeaderElection.java:askForVotes(178)) - ee386961-2337-4a8c-9c8d-dbca8671699a@group-43EFDFC469C8-LeaderElection1: begin an election at term 1 for -1: [ee386961-2337-4a8c-9c8d-dbca8671699a:192.168.157.233:35014], old=null
2019-10-18 14:21:08,495 [ee386961-2337-4a8c-9c8d-dbca8671699a@group-43EFDFC469C8-LeaderElection1] INFO  impl.RoleInfo (RoleInfo.java:shutdownLeaderElection(134)) - ee386961-2337-4a8c-9c8d-dbca8671699a: shutdown LeaderElection
2019-10-18 14:21:08,496 [ee386961-2337-4a8c-9c8d-dbca8671699a@group-43EFDFC469C8-LeaderElection1] INFO  impl.RaftServerImpl (RaftServerImpl.java:setRole(184)) - ee386961-2337-4a8c-9c8d-dbca8671699a@group-43EFDFC469C8: changes role from CANDIDATE to LEADER at term 1 for changeToLeader
2019-10-18 14:21:08,497 [ee386961-2337-4a8c-9c8d-dbca8671699a@group-43EFDFC469C8-LeaderElection1] INFO  impl.RaftServerImpl (ServerState.java:setLeader(256)) - ee386961-2337-4a8c-9c8d-dbca8671699a@group-43EFDFC469C8: change Leader from null to ee386961-2337-4a8c-9c8d-dbca8671699a at term 1 for becomeLeader, leader elected after 332ms
2019-10-18 14:21:08,506 [ee386961-2337-4a8c-9c8d-dbca8671699a@group-43EFDFC469C8-LeaderElection1] INFO  server.RaftServerConfigKeys (ConfUtils.java:logGet(43)) - raft.server.staging.catchup.gap = 1000 (default)
2019-10-18 14:21:08,507 [ee386961-2337-4a8c-9c8d-dbca8671699a@group-43EFDFC469C8-LeaderElection1] INFO  server.RaftServerConfigKeys (ConfUtils.java:logGet(43)) - raft.server.rpc.sleep.time = 25ms (default)
2019-10-18 14:21:08,509 [grpc-default-executor-0] INFO  impl.RaftServerProxy (RaftServerProxy.java:addNew(89)) - a7998a79-199c-44f4-b3c2-ea75c49d687d: addNew group-28BB12465C01:[a7998a79-199c-44f4-b3c2-ea75c49d687d:192.168.157.233:46825] returns group-28BB12465C01:java.util.concurrent.CompletableFuture@48f31279[Not completed]
2019-10-18 14:21:08,523 [pool-37-thread-1] INFO  impl.RaftServerImpl (RaftServerImpl.java:<init>(104)) - a7998a79-199c-44f4-b3c2-ea75c49d687d: new RaftServerImpl for group-28BB12465C01:[a7998a79-199c-44f4-b3c2-ea75c49d687d:192.168.157.233:46825] with ContainerStateMachine:uninitialized
2019-10-18 14:21:08,524 [pool-37-thread-1] INFO  server.RaftServerConfigKeys (ConfUtils.java:logGet(43)) - raft.server.rpc.timeout.min = 5s (custom)
2019-10-18 14:21:08,524 [pool-37-thread-1] INFO  server.RaftServerConfigKeys (ConfUtils.java:logGet(43)) - raft.server.rpc.timeout.max = 5200ms (custom)
2019-10-18 14:21:08,525 [pool-37-thread-1] INFO  server.RaftServerConfigKeys (ConfUtils.java:logGet(43)) - raft.server.rpcslowness.timeout = 1000s (custom)
2019-10-18 14:21:08,525 [pool-37-thread-1] INFO  server.RaftServerConfigKeys (ConfUtils.java:logGet(43)) - raft.server.sleep.deviation.threshold = 300 (default)
2019-10-18 14:21:08,525 [pool-37-thread-1] INFO  server.RaftServerConfigKeys (ConfUtils.java:logGet(43)) - raft.server.log.appender.install.snapshot.enabled = false (custom)
2019-10-18 14:21:08,525 [pool-37-thread-1] INFO  impl.RaftServerImpl (ServerState.java:<init>(103)) - a7998a79-199c-44f4-b3c2-ea75c49d687d@group-28BB12465C01: ConfigurationManager, init=-1: [a7998a79-199c-44f4-b3c2-ea75c49d687d:192.168.157.233:46825], old=null, confs=<EMPTY_MAP>
2019-10-18 14:21:08,525 [pool-37-thread-1] INFO  server.RaftServerConfigKeys (ConfUtils.java:logGet(43)) - raft.server.storage.dir = [/workdir/hadoop-ozone/integration-test/target/test-dir/MiniOzoneClusterImpl-b1cd5a49-dfd5-4407-b99d-3d51da0a788c/datanode-1/data/ratis] (custom)
2019-10-18 14:21:08,526 [pool-37-thread-1] INFO  server.RaftServerConfigKeys (ConfUtils.java:logGet(43)) - raft.server.log.corruption.policy = EXCEPTION (default)
2019-10-18 14:21:08,526 [pool-37-thread-1] INFO  storage.RaftStorageDirectory (RaftStorageDirectory.java:analyzeStorage(246)) - The storage directory /workdir/hadoop-ozone/integration-test/target/test-dir/MiniOzoneClusterImpl-b1cd5a49-dfd5-4407-b99d-3d51da0a788c/datanode-1/data/ratis/55a8a2bf-3239-48d8-a32c-28bb12465c01 does not exist. Creating ...
2019-10-18 14:21:08,526 [ee386961-2337-4a8c-9c8d-dbca8671699a@group-43EFDFC469C8-LeaderElection1] INFO  server.RaftServerConfigKeys (ConfUtils.java:logGet(43)) - raft.server.write.element-limit = 4096 (default)
2019-10-18 14:21:08,530 [ee386961-2337-4a8c-9c8d-dbca8671699a@group-43EFDFC469C8-LeaderElection1] INFO  server.RaftServerConfigKeys (ConfUtils.java:logGet(43)) - raft.server.watch.timeout = 10s (default)
2019-10-18 14:21:08,530 [ee386961-2337-4a8c-9c8d-dbca8671699a@group-43EFDFC469C8-LeaderElection1] INFO  server.RaftServerConfigKeys (ConfUtils.java:logGet(43)) - raft.server.watch.timeout.denomination = 1s (default)
2019-10-18 14:21:08,531 [ee386961-2337-4a8c-9c8d-dbca8671699a@group-43EFDFC469C8-LeaderElection1] INFO  server.RaftServerConfigKeys (ConfUtils.java:logGet(43)) - raft.server.watch.element-limit = 65536 (default)
2019-10-18 14:21:08,551 [pool-37-thread-1] INFO  storage.RaftStorageDirectory (RaftStorageDirectory.java:tryLock(328)) - Lock on /workdir/hadoop-ozone/integration-test/target/test-dir/MiniOzoneClusterImpl-b1cd5a49-dfd5-4407-b99d-3d51da0a788c/datanode-1/data/ratis/55a8a2bf-3239-48d8-a32c-28bb12465c01/in_use.lock acquired by nodename 17776@pr-hdds-2325-q7txw-2705037156
2019-10-18 14:21:08,557 [ee386961-2337-4a8c-9c8d-dbca8671699a@group-43EFDFC469C8-LeaderElection1] INFO  impl.RoleInfo (RoleInfo.java:updateAndGet(143)) - ee386961-2337-4a8c-9c8d-dbca8671699a: start LeaderState
2019-10-18 14:21:08,564 [pool-37-thread-1] INFO  storage.RaftStorage (RaftStorage.java:format(84)) - Storage directory /workdir/hadoop-ozone/integration-test/target/test-dir/MiniOzoneClusterImpl-b1cd5a49-dfd5-4407-b99d-3d51da0a788c/datanode-1/data/ratis/55a8a2bf-3239-48d8-a32c-28bb12465c01 has been successfully formatted.
2019-10-18 14:21:08,564 [pool-37-thread-1] INFO  ratis.ContainerStateMachine (ContainerStateMachine.java:loadSnapshot(231)) - group-28BB12465C01: The snapshot info is null. Setting the last applied indexto:(t:0, i:~)
2019-10-18 14:21:08,564 [pool-37-thread-1] INFO  server.RaftServerConfigKeys (ConfUtils.java:logGet(43)) - raft.server.notification.no-leader.timeout = 1000s (custom)
2019-10-18 14:21:08,565 [pool-37-thread-1] INFO  server.RaftServerConfigKeys (ConfUtils.java:logGet(43)) - raft.server.log.use.memory = false (default)
2019-10-18 14:21:08,565 [pool-37-thread-1] INFO  server.RaftServerConfigKeys (ConfUtils.java:logGet(43)) - raft.server.log.purge.gap = 1000000 (custom)
2019-10-18 14:21:08,565 [pool-37-thread-1] INFO  server.RaftServerConfigKeys (ConfUtils.java:logGet(43)) - raft.server.log.appender.buffer.byte-limit = 33554432 (custom)
2019-10-18 14:21:08,565 [pool-37-thread-1] INFO  server.RaftServerConfigKeys (ConfUtils.java:logGet(43)) - raft.server.log.segment.size.max = 1048576 (custom)
2019-10-18 14:21:08,568 [pool-37-thread-1] INFO  server.RaftServerConfigKeys (ConfUtils.java:logGet(43)) - raft.server.log.segment.cache.num.max = 2 (custom)
2019-10-18 14:21:08,569 [pool-37-thread-1] INFO  segmented.SegmentedRaftLogWorker (SegmentedRaftLogWorker.java:<init>(173)) - new a7998a79-199c-44f4-b3c2-ea75c49d687d@group-28BB12465C01-SegmentedRaftLogWorker for RaftStorage:Storage Directory /workdir/hadoop-ozone/integration-test/target/test-dir/MiniOzoneClusterImpl-b1cd5a49-dfd5-4407-b99d-3d51da0a788c/datanode-1/data/ratis/55a8a2bf-3239-48d8-a32c-28bb12465c01
2019-10-18 14:21:08,569 [pool-37-thread-1] INFO  server.RaftServerConfigKeys (ConfUtils.java:logGet(43)) - raft.server.log.queue.byte-limit = 2147483647 (custom)
2019-10-18 14:21:08,569 [pool-37-thread-1] INFO  server.RaftServerConfigKeys (ConfUtils.java:logGet(43)) - raft.server.log.queue.element-limit = 1024 (custom)
2019-10-18 14:21:08,569 [pool-37-thread-1] INFO  server.RaftServerConfigKeys (ConfUtils.java:logGet(43)) - raft.server.log.segment.size.max = 1048576 (custom)
2019-10-18 14:21:08,569 [pool-37-thread-1] INFO  server.RaftServerConfigKeys (ConfUtils.java:logGet(43)) - raft.server.log.preallocated.size = 16384 (custom)
2019-10-18 14:21:08,570 [pool-37-thread-1] INFO  server.RaftServerConfigKeys (ConfUtils.java:logGet(43)) - raft.server.log.write.buffer.size = 33554432 (custom)
2019-10-18 14:21:08,570 [pool-37-thread-1] INFO  server.RaftServerConfigKeys (ConfUtils.java:logGet(43)) - raft.server.log.force.sync.num = 128 (default)
2019-10-18 14:21:08,570 [pool-37-thread-1] INFO  server.RaftServerConfigKeys (ConfUtils.java:logGet(43)) - raft.server.log.statemachine.data.sync = true (default)
2019-10-18 14:21:08,570 [pool-37-thread-1] INFO  server.RaftServerConfigKeys (ConfUtils.java:logGet(43)) - raft.server.log.statemachine.data.sync.timeout = 10s (default)
2019-10-18 14:21:08,570 [pool-37-thread-1] INFO  server.RaftServerConfigKeys (ConfUtils.java:logGet(43)) - raft.server.log.statemachine.data.sync.timeout.retry = -1 (default)
2019-10-18 14:21:08,571 [pool-37-thread-1] INFO  server.RaftServerConfigKeys (ConfUtils.java:logGet(43)) - raft.server.log.statemachine.data.caching.enabled = true (custom)
2019-10-18 14:21:08,571 [pool-37-thread-1] INFO  segmented.SegmentedRaftLogWorker (SegmentedRaftLogWorker.java:lambda$new$0(128)) - a7998a79-199c-44f4-b3c2-ea75c49d687d@group-28BB12465C01-SegmentedRaftLogWorker: flushIndex: setUnconditionally 0 -> -1
2019-10-18 14:21:08,572 [pool-37-thread-1] INFO  server.RaftServerConfigKeys (ConfUtils.java:logGet(43)) - raft.server.snapshot.auto.trigger.enabled = true (custom)
2019-10-18 14:21:08,572 [pool-37-thread-1] INFO  server.RaftServerConfigKeys (ConfUtils.java:logGet(43)) - raft.server.snapshot.auto.trigger.threshold = 10000 (custom)
2019-10-18 14:21:08,572 [pool-37-thread-1] INFO  server.RaftServerConfigKeys (ConfUtils.java:logGet(43)) - raft.server.snapshot.retention.file.num = 5 (custom)
2019-10-18 14:21:08,573 [pool-37-thread-1] INFO  server.RaftServerConfigKeys (ConfUtils.java:logGet(43)) - raft.server.retrycache.expirytime = 600000ms (custom)
2019-10-18 14:21:08,578 [ee386961-2337-4a8c-9c8d-dbca8671699a@group-43EFDFC469C8-LeaderElection1] INFO  segmented.SegmentedRaftLogWorker (SegmentedRaftLogWorker.java:startLogSegment(385)) - ee386961-2337-4a8c-9c8d-dbca8671699a@group-43EFDFC469C8-SegmentedRaftLogWorker: Starting segment from index:0
2019-10-18 14:21:08,579 [pool-37-thread-1] INFO  impl.RaftServerImpl (RaftServerImpl.java:start(195)) - a7998a79-199c-44f4-b3c2-ea75c49d687d@group-28BB12465C01: start as a follower, conf=-1: [a7998a79-199c-44f4-b3c2-ea75c49d687d:192.168.157.233:46825], old=null
2019-10-18 14:21:08,579 [pool-37-thread-1] INFO  impl.RaftServerImpl (RaftServerImpl.java:setRole(184)) - a7998a79-199c-44f4-b3c2-ea75c49d687d@group-28BB12465C01: changes role from      null to FOLLOWER at term 0 for startAsFollower
2019-10-18 14:21:08,579 [pool-37-thread-1] INFO  impl.RoleInfo (RoleInfo.java:updateAndGet(143)) - a7998a79-199c-44f4-b3c2-ea75c49d687d: start FollowerState
2019-10-18 14:21:08,580 [pool-37-thread-1] INFO  util.JmxRegister (JmxRegister.java:tryRegister(44)) - Successfully registered JMX Bean with object name Ratis:service=RaftServer,group=group-28BB12465C01,id=a7998a79-199c-44f4-b3c2-ea75c49d687d
2019-10-18 14:21:08,582 [Thread-189] INFO  impl.FollowerState (FollowerState.java:run(108)) - 2d385246-963b-498d-9e2e-bc24e50fd0c7@group-0F338267653F-FollowerState: change to CANDIDATE, lastRpcTime:116ms, electionTimeout:115ms
2019-10-18 14:21:08,584 [Thread-189] INFO  impl.RoleInfo (RoleInfo.java:shutdownFollowerState(121)) - 2d385246-963b-498d-9e2e-bc24e50fd0c7: shutdown FollowerState
2019-10-18 14:21:08,584 [Thread-189] INFO  impl.RaftServerImpl (RaftServerImpl.java:setRole(184)) - 2d385246-963b-498d-9e2e-bc24e50fd0c7@group-0F338267653F: changes role from  FOLLOWER to CANDIDATE at term 0 for changeToCandidate
2019-10-18 14:21:08,584 [Thread-189] INFO  impl.RoleInfo (RoleInfo.java:updateAndGet(143)) - 2d385246-963b-498d-9e2e-bc24e50fd0c7: start LeaderElection
2019-10-18 14:21:08,596 [RatisPipelineUtilsThread] INFO  pipeline.PipelineStateManager (PipelineStateManager.java:addPipeline(56)) - Created pipeline Pipeline[ Id: 55a8a2bf-3239-48d8-a32c-28bb12465c01, Nodes: a7998a79-199c-44f4-b3c2-ea75c49d687d{ip: 192.168.157.233, host: pr-hdds-2325-q7txw-2705037156, networkLocation: /default-rack, certSerialId: null}, Type:RATIS, Factor:ONE, State:OPEN]
2019-10-18 14:21:08,598 [ee386961-2337-4a8c-9c8d-dbca8671699a@group-43EFDFC469C8-LeaderElection1] INFO  impl.RaftServerImpl (ServerState.java:setRaftConf(357)) - ee386961-2337-4a8c-9c8d-dbca8671699a@group-43EFDFC469C8: set configuration 0: [ee386961-2337-4a8c-9c8d-dbca8671699a:192.168.157.233:35014], old=null at 0
2019-10-18 14:21:08,605 [2d385246-963b-498d-9e2e-bc24e50fd0c7@group-0F338267653F-LeaderElection2] INFO  impl.LeaderElection (LeaderElection.java:askForVotes(178)) - 2d385246-963b-498d-9e2e-bc24e50fd0c7@group-0F338267653F-LeaderElection2: begin an election at term 1 for -1: [2d385246-963b-498d-9e2e-bc24e50fd0c7:192.168.157.233:40769], old=null
2019-10-18 14:21:08,607 [2d385246-963b-498d-9e2e-bc24e50fd0c7@group-0F338267653F-LeaderElection2] INFO  impl.RoleInfo (RoleInfo.java:shutdownLeaderElection(134)) - 2d385246-963b-498d-9e2e-bc24e50fd0c7: shutdown LeaderElection
2019-10-18 14:21:08,608 [2d385246-963b-498d-9e2e-bc24e50fd0c7@group-0F338267653F-LeaderElection2] INFO  impl.RaftServerImpl (RaftServerImpl.java:setRole(184)) - 2d385246-963b-498d-9e2e-bc24e50fd0c7@group-0F338267653F: changes role from CANDIDATE to LEADER at term 1 for changeToLeader
2019-10-18 14:21:08,608 [2d385246-963b-498d-9e2e-bc24e50fd0c7@group-0F338267653F-LeaderElection2] INFO  impl.RaftServerImpl (ServerState.java:setLeader(256)) - 2d385246-963b-498d-9e2e-bc24e50fd0c7@group-0F338267653F: change Leader from null to 2d385246-963b-498d-9e2e-bc24e50fd0c7 at term 1 for becomeLeader, leader elected after 165ms
2019-10-18 14:21:08,608 [2d385246-963b-498d-9e2e-bc24e50fd0c7@group-0F338267653F-LeaderElection2] INFO  server.RaftServerConfigKeys (ConfUtils.java:logGet(43)) - raft.server.staging.catchup.gap = 1000 (default)
2019-10-18 14:21:08,609 [2d385246-963b-498d-9e2e-bc24e50fd0c7@group-0F338267653F-LeaderElection2] INFO  server.RaftServerConfigKeys (ConfUtils.java:logGet(43)) - raft.server.rpc.sleep.time = 25ms (default)
2019-10-18 14:21:08,611 [2d385246-963b-498d-9e2e-bc24e50fd0c7@group-0F338267653F-LeaderElection2] INFO  server.RaftServerConfigKeys (ConfUtils.java:logGet(43)) - raft.server.write.element-limit = 4096 (default)
2019-10-18 14:21:08,612 [2d385246-963b-498d-9e2e-bc24e50fd0c7@group-0F338267653F-LeaderElection2] INFO  server.RaftServerConfigKeys (ConfUtils.java:logGet(43)) - raft.server.watch.timeout = 10s (default)
2019-10-18 14:21:08,614 [2d385246-963b-498d-9e2e-bc24e50fd0c7@group-0F338267653F-LeaderElection2] INFO  server.RaftServerConfigKeys (ConfUtils.java:logGet(43)) - raft.server.watch.timeout.denomination = 1s (default)
2019-10-18 14:21:08,614 [2d385246-963b-498d-9e2e-bc24e50fd0c7@group-0F338267653F-LeaderElection2] INFO  server.RaftServerConfigKeys (ConfUtils.java:logGet(43)) - raft.server.watch.element-limit = 65536 (default)
2019-10-18 14:21:08,622 [2d385246-963b-498d-9e2e-bc24e50fd0c7@group-0F338267653F-LeaderElection2] INFO  impl.RoleInfo (RoleInfo.java:updateAndGet(143)) - 2d385246-963b-498d-9e2e-bc24e50fd0c7: start LeaderState
2019-10-18 14:21:08,623 [2d385246-963b-498d-9e2e-bc24e50fd0c7@group-0F338267653F-LeaderElection2] INFO  segmented.SegmentedRaftLogWorker (SegmentedRaftLogWorker.java:startLogSegment(385)) - 2d385246-963b-498d-9e2e-bc24e50fd0c7@group-0F338267653F-SegmentedRaftLogWorker: Starting segment from index:0
2019-10-18 14:21:08,626 [2d385246-963b-498d-9e2e-bc24e50fd0c7@group-0F338267653F-LeaderElection2] INFO  impl.RaftServerImpl (ServerState.java:setRaftConf(357)) - 2d385246-963b-498d-9e2e-bc24e50fd0c7@group-0F338267653F: set configuration 0: [2d385246-963b-498d-9e2e-bc24e50fd0c7:192.168.157.233:40769], old=null at 0
2019-10-18 14:21:08,629 [grpc-default-executor-2] INFO  impl.RaftServerProxy (RaftServerProxy.java:addNew(89)) - ee386961-2337-4a8c-9c8d-dbca8671699a: addNew group-8175D73357F8:[a7998a79-199c-44f4-b3c2-ea75c49d687d:192.168.157.233:46825, 2d385246-963b-498d-9e2e-bc24e50fd0c7:192.168.157.233:40769, ee386961-2337-4a8c-9c8d-dbca8671699a:192.168.157.233:35014] returns group-8175D73357F8:java.util.concurrent.CompletableFuture@1ae0ea2c[Not completed]
2019-10-18 14:21:08,630 [grpc-default-executor-1] INFO  impl.RaftServerProxy (RaftServerProxy.java:addNew(89)) - a7998a79-199c-44f4-b3c2-ea75c49d687d: addNew group-8175D73357F8:[a7998a79-199c-44f4-b3c2-ea75c49d687d:192.168.157.233:46825, 2d385246-963b-498d-9e2e-bc24e50fd0c7:192.168.157.233:40769, ee386961-2337-4a8c-9c8d-dbca8671699a:192.168.157.233:35014] returns group-8175D73357F8:java.util.concurrent.CompletableFuture@6d679402[Not completed]
2019-10-18 14:21:08,631 [pool-27-thread-1] INFO  impl.RaftServerImpl (RaftServerImpl.java:<init>(104)) - ee386961-2337-4a8c-9c8d-dbca8671699a: new RaftServerImpl for group-8175D73357F8:[a7998a79-199c-44f4-b3c2-ea75c49d687d:192.168.157.233:46825, 2d385246-963b-498d-9e2e-bc24e50fd0c7:192.168.157.233:40769, ee386961-2337-4a8c-9c8d-dbca8671699a:192.168.157.233:35014] with ContainerStateMachine:uninitialized
2019-10-18 14:21:08,632 [pool-27-thread-1] INFO  server.RaftServerConfigKeys (ConfUtils.java:logGet(43)) - raft.server.rpc.timeout.min = 5s (custom)
2019-10-18 14:21:08,632 [pool-27-thread-1] INFO  server.RaftServerConfigKeys (ConfUtils.java:logGet(43)) - raft.server.rpc.timeout.max = 5200ms (custom)
2019-10-18 14:21:08,633 [pool-27-thread-1] INFO  server.RaftServerConfigKeys (ConfUtils.java:logGet(43)) - raft.server.rpcslowness.timeout = 1000s (custom)
2019-10-18 14:21:08,633 [pool-27-thread-1] INFO  server.RaftServerConfigKeys (ConfUtils.java:logGet(43)) - raft.server.sleep.deviation.threshold = 300 (default)
2019-10-18 14:21:08,633 [pool-27-thread-1] INFO  server.RaftServerConfigKeys (ConfUtils.java:logGet(43)) - raft.server.log.appender.install.snapshot.enabled = false (custom)
2019-10-18 14:21:08,633 [pool-27-thread-1] INFO  impl.RaftServerImpl (ServerState.java:<init>(103)) - ee386961-2337-4a8c-9c8d-dbca8671699a@group-8175D73357F8: ConfigurationManager, init=-1: [a7998a79-199c-44f4-b3c2-ea75c49d687d:192.168.157.233:46825, 2d385246-963b-498d-9e2e-bc24e50fd0c7:192.168.157.233:40769, ee386961-2337-4a8c-9c8d-dbca8671699a:192.168.157.233:35014], old=null, confs=<EMPTY_MAP>
2019-10-18 14:21:08,634 [pool-37-thread-1] INFO  impl.RaftServerImpl (RaftServerImpl.java:<init>(104)) - a7998a79-199c-44f4-b3c2-ea75c49d687d: new RaftServerImpl for group-8175D73357F8:[a7998a79-199c-44f4-b3c2-ea75c49d687d:192.168.157.233:46825, 2d385246-963b-498d-9e2e-bc24e50fd0c7:192.168.157.233:40769, ee386961-2337-4a8c-9c8d-dbca8671699a:192.168.157.233:35014] with ContainerStateMachine:uninitialized
2019-10-18 14:21:08,634 [pool-27-thread-1] INFO  server.RaftServerConfigKeys (ConfUtils.java:logGet(43)) - raft.server.storage.dir = [/workdir/hadoop-ozone/integration-test/target/test-dir/MiniOzoneClusterImpl-b1cd5a49-dfd5-4407-b99d-3d51da0a788c/datanode-0/data/ratis] (custom)
2019-10-18 14:21:08,634 [pool-37-thread-1] INFO  server.RaftServerConfigKeys (ConfUtils.java:logGet(43)) - raft.server.rpc.timeout.min = 5s (custom)
2019-10-18 14:21:08,634 [pool-37-thread-1] INFO  server.RaftServerConfigKeys (ConfUtils.java:logGet(43)) - raft.server.rpc.timeout.max = 5200ms (custom)
2019-10-18 14:21:08,634 [pool-27-thread-1] INFO  server.RaftServerConfigKeys (ConfUtils.java:logGet(43)) - raft.server.log.corruption.policy = EXCEPTION (default)
2019-10-18 14:21:08,635 [pool-37-thread-1] INFO  server.RaftServerConfigKeys (ConfUtils.java:logGet(43)) - raft.server.rpcslowness.timeout = 1000s (custom)
2019-10-18 14:21:08,634 [grpc-default-executor-1] INFO  impl.RaftServerProxy (RaftServerProxy.java:addNew(89)) - 2d385246-963b-498d-9e2e-bc24e50fd0c7: addNew group-8175D73357F8:[a7998a79-199c-44f4-b3c2-ea75c49d687d:192.168.157.233:46825, 2d385246-963b-498d-9e2e-bc24e50fd0c7:192.168.157.233:40769, ee386961-2337-4a8c-9c8d-dbca8671699a:192.168.157.233:35014] returns group-8175D73357F8:java.util.concurrent.CompletableFuture@286517ca[Not completed]
2019-10-18 14:21:08,635 [pool-37-thread-1] INFO  server.RaftServerConfigKeys (ConfUtils.java:logGet(43)) - raft.server.sleep.deviation.threshold = 300 (default)
2019-10-18 14:21:08,635 [pool-27-thread-1] INFO  storage.RaftStorageDirectory (RaftStorageDirectory.java:analyzeStorage(246)) - The storage directory /workdir/hadoop-ozone/integration-test/target/test-dir/MiniOzoneClusterImpl-b1cd5a49-dfd5-4407-b99d-3d51da0a788c/datanode-0/data/ratis/5a21c002-5003-4cac-9183-8175d73357f8 does not exist. Creating ...
2019-10-18 14:21:08,635 [pool-37-thread-1] INFO  server.RaftServerConfigKeys (ConfUtils.java:logGet(43)) - raft.server.log.appender.install.snapshot.enabled = false (custom)
2019-10-18 14:21:08,636 [pool-37-thread-1] INFO  impl.RaftServerImpl (ServerState.java:<init>(103)) - a7998a79-199c-44f4-b3c2-ea75c49d687d@group-8175D73357F8: ConfigurationManager, init=-1: [a7998a79-199c-44f4-b3c2-ea75c49d687d:192.168.157.233:46825, 2d385246-963b-498d-9e2e-bc24e50fd0c7:192.168.157.233:40769, ee386961-2337-4a8c-9c8d-dbca8671699a:192.168.157.233:35014], old=null, confs=<EMPTY_MAP>
2019-10-18 14:21:08,636 [pool-47-thread-1] INFO  impl.RaftServerImpl (RaftServerImpl.java:<init>(104)) - 2d385246-963b-498d-9e2e-bc24e50fd0c7: new RaftServerImpl for group-8175D73357F8:[a7998a79-199c-44f4-b3c2-ea75c49d687d:192.168.157.233:46825, 2d385246-963b-498d-9e2e-bc24e50fd0c7:192.168.157.233:40769, ee386961-2337-4a8c-9c8d-dbca8671699a:192.168.157.233:35014] with ContainerStateMachine:uninitialized
2019-10-18 14:21:08,636 [pool-37-thread-1] INFO  server.RaftServerConfigKeys (ConfUtils.java:logGet(43)) - raft.server.storage.dir = [/workdir/hadoop-ozone/integration-test/target/test-dir/MiniOzoneClusterImpl-b1cd5a49-dfd5-4407-b99d-3d51da0a788c/datanode-1/data/ratis] (custom)
2019-10-18 14:21:08,636 [pool-47-thread-1] INFO  server.RaftServerConfigKeys (ConfUtils.java:logGet(43)) - raft.server.rpc.timeout.min = 5s (custom)
2019-10-18 14:21:08,636 [pool-47-thread-1] INFO  server.RaftServerConfigKeys (ConfUtils.java:logGet(43)) - raft.server.rpc.timeout.max = 5200ms (custom)
2019-10-18 14:21:08,636 [pool-37-thread-1] INFO  server.RaftServerConfigKeys (ConfUtils.java:logGet(43)) - raft.server.log.corruption.policy = EXCEPTION (default)
2019-10-18 14:21:08,636 [pool-47-thread-1] INFO  server.RaftServerConfigKeys (ConfUtils.java:logGet(43)) - raft.server.rpcslowness.timeout = 1000s (custom)
2019-10-18 14:21:08,637 [pool-47-thread-1] INFO  server.RaftServerConfigKeys (ConfUtils.java:logGet(43)) - raft.server.sleep.deviation.threshold = 300 (default)
2019-10-18 14:21:08,637 [pool-37-thread-1] INFO  storage.RaftStorageDirectory (RaftStorageDirectory.java:analyzeStorage(246)) - The storage directory /workdir/hadoop-ozone/integration-test/target/test-dir/MiniOzoneClusterImpl-b1cd5a49-dfd5-4407-b99d-3d51da0a788c/datanode-1/data/ratis/5a21c002-5003-4cac-9183-8175d73357f8 does not exist. Creating ...
2019-10-18 14:21:08,637 [pool-47-thread-1] INFO  server.RaftServerConfigKeys (ConfUtils.java:logGet(43)) - raft.server.log.appender.install.snapshot.enabled = false (custom)
2019-10-18 14:21:08,637 [pool-47-thread-1] INFO  impl.RaftServerImpl (ServerState.java:<init>(103)) - 2d385246-963b-498d-9e2e-bc24e50fd0c7@group-8175D73357F8: ConfigurationManager, init=-1: [a7998a79-199c-44f4-b3c2-ea75c49d687d:192.168.157.233:46825, 2d385246-963b-498d-9e2e-bc24e50fd0c7:192.168.157.233:40769, ee386961-2337-4a8c-9c8d-dbca8671699a:192.168.157.233:35014], old=null, confs=<EMPTY_MAP>
2019-10-18 14:21:08,637 [pool-47-thread-1] INFO  server.RaftServerConfigKeys (ConfUtils.java:logGet(43)) - raft.server.storage.dir = [/workdir/hadoop-ozone/integration-test/target/test-dir/MiniOzoneClusterImpl-b1cd5a49-dfd5-4407-b99d-3d51da0a788c/datanode-2/data/ratis] (custom)
2019-10-18 14:21:08,637 [pool-47-thread-1] INFO  server.RaftServerConfigKeys (ConfUtils.java:logGet(43)) - raft.server.log.corruption.policy = EXCEPTION (default)
2019-10-18 14:21:08,638 [pool-47-thread-1] INFO  storage.RaftStorageDirectory (RaftStorageDirectory.java:analyzeStorage(246)) - The storage directory /workdir/hadoop-ozone/integration-test/target/test-dir/MiniOzoneClusterImpl-b1cd5a49-dfd5-4407-b99d-3d51da0a788c/datanode-2/data/ratis/5a21c002-5003-4cac-9183-8175d73357f8 does not exist. Creating ...
2019-10-18 14:21:08,660 [pool-27-thread-1] INFO  storage.RaftStorageDirectory (RaftStorageDirectory.java:tryLock(328)) - Lock on /workdir/hadoop-ozone/integration-test/target/test-dir/MiniOzoneClusterImpl-b1cd5a49-dfd5-4407-b99d-3d51da0a788c/datanode-0/data/ratis/5a21c002-5003-4cac-9183-8175d73357f8/in_use.lock acquired by nodename 17776@pr-hdds-2325-q7txw-2705037156
2019-10-18 14:21:08,660 [pool-47-thread-1] INFO  storage.RaftStorageDirectory (RaftStorageDirectory.java:tryLock(328)) - Lock on /workdir/hadoop-ozone/integration-test/target/test-dir/MiniOzoneClusterImpl-b1cd5a49-dfd5-4407-b99d-3d51da0a788c/datanode-2/data/ratis/5a21c002-5003-4cac-9183-8175d73357f8/in_use.lock acquired by nodename 17776@pr-hdds-2325-q7txw-2705037156
2019-10-18 14:21:08,660 [pool-37-thread-1] INFO  storage.RaftStorageDirectory (RaftStorageDirectory.java:tryLock(328)) - Lock on /workdir/hadoop-ozone/integration-test/target/test-dir/MiniOzoneClusterImpl-b1cd5a49-dfd5-4407-b99d-3d51da0a788c/datanode-1/data/ratis/5a21c002-5003-4cac-9183-8175d73357f8/in_use.lock acquired by nodename 17776@pr-hdds-2325-q7txw-2705037156
2019-10-18 14:21:08,677 [main] INFO  ozone.MiniOzoneClusterImpl (MiniOzoneClusterImpl.java:lambda$waitForClusterToBeReady$0(147)) - Cluster is ready. Got 3 of 3 DN Heartbeats.
2019-10-18 14:21:08,686 [pool-37-thread-1] INFO  storage.RaftStorage (RaftStorage.java:format(84)) - Storage directory /workdir/hadoop-ozone/integration-test/target/test-dir/MiniOzoneClusterImpl-b1cd5a49-dfd5-4407-b99d-3d51da0a788c/datanode-1/data/ratis/5a21c002-5003-4cac-9183-8175d73357f8 has been successfully formatted.
2019-10-18 14:21:08,686 [pool-27-thread-1] INFO  storage.RaftStorage (RaftStorage.java:format(84)) - Storage directory /workdir/hadoop-ozone/integration-test/target/test-dir/MiniOzoneClusterImpl-b1cd5a49-dfd5-4407-b99d-3d51da0a788c/datanode-0/data/ratis/5a21c002-5003-4cac-9183-8175d73357f8 has been successfully formatted.
2019-10-18 14:21:08,686 [pool-47-thread-1] INFO  storage.RaftStorage (RaftStorage.java:format(84)) - Storage directory /workdir/hadoop-ozone/integration-test/target/test-dir/MiniOzoneClusterImpl-b1cd5a49-dfd5-4407-b99d-3d51da0a788c/datanode-2/data/ratis/5a21c002-5003-4cac-9183-8175d73357f8 has been successfully formatted.
2019-10-18 14:21:08,686 [pool-27-thread-1] INFO  ratis.ContainerStateMachine (ContainerStateMachine.java:loadSnapshot(231)) - group-8175D73357F8: The snapshot info is null. Setting the last applied indexto:(t:0, i:~)
2019-10-18 14:21:08,686 [pool-37-thread-1] INFO  ratis.ContainerStateMachine (ContainerStateMachine.java:loadSnapshot(231)) - group-8175D73357F8: The snapshot info is null. Setting the last applied indexto:(t:0, i:~)
2019-10-18 14:21:08,686 [pool-27-thread-1] INFO  server.RaftServerConfigKeys (ConfUtils.java:logGet(43)) - raft.server.notification.no-leader.timeout = 1000s (custom)
2019-10-18 14:21:08,686 [pool-47-thread-1] INFO  ratis.ContainerStateMachine (ContainerStateMachine.java:loadSnapshot(231)) - group-8175D73357F8: The snapshot info is null. Setting the last applied indexto:(t:0, i:~)
2019-10-18 14:21:08,687 [pool-27-thread-1] INFO  server.RaftServerConfigKeys (ConfUtils.java:logGet(43)) - raft.server.log.use.memory = false (default)
2019-10-18 14:21:08,686 [pool-37-thread-1] INFO  server.RaftServerConfigKeys (ConfUtils.java:logGet(43)) - raft.server.notification.no-leader.timeout = 1000s (custom)
2019-10-18 14:21:08,687 [pool-27-thread-1] INFO  server.RaftServerConfigKeys (ConfUtils.java:logGet(43)) - raft.server.log.purge.gap = 1000000 (custom)
2019-10-18 14:21:08,687 [pool-47-thread-1] INFO  server.RaftServerConfigKeys (ConfUtils.java:logGet(43)) - raft.server.notification.no-leader.timeout = 1000s (custom)
2019-10-18 14:21:08,687 [pool-27-thread-1] INFO  server.RaftServerConfigKeys (ConfUtils.java:logGet(43)) - raft.server.log.appender.buffer.byte-limit = 33554432 (custom)
2019-10-18 14:21:08,687 [pool-37-thread-1] INFO  server.RaftServerConfigKeys (ConfUtils.java:logGet(43)) - raft.server.log.use.memory = false (default)
2019-10-18 14:21:08,687 [pool-27-thread-1] INFO  server.RaftServerConfigKeys (ConfUtils.java:logGet(43)) - raft.server.log.segment.size.max = 1048576 (custom)
2019-10-18 14:21:08,687 [pool-47-thread-1] INFO  server.RaftServerConfigKeys (ConfUtils.java:logGet(43)) - raft.server.log.use.memory = false (default)
2019-10-18 14:21:08,688 [pool-27-thread-1] INFO  server.RaftServerConfigKeys (ConfUtils.java:logGet(43)) - raft.server.log.segment.cache.num.max = 2 (custom)
2019-10-18 14:21:08,688 [pool-37-thread-1] INFO  server.RaftServerConfigKeys (ConfUtils.java:logGet(43)) - raft.server.log.purge.gap = 1000000 (custom)
2019-10-18 14:21:08,688 [pool-27-thread-1] INFO  segmented.SegmentedRaftLogWorker (SegmentedRaftLogWorker.java:<init>(173)) - new ee386961-2337-4a8c-9c8d-dbca8671699a@group-8175D73357F8-SegmentedRaftLogWorker for RaftStorage:Storage Directory /workdir/hadoop-ozone/integration-test/target/test-dir/MiniOzoneClusterImpl-b1cd5a49-dfd5-4407-b99d-3d51da0a788c/datanode-0/data/ratis/5a21c002-5003-4cac-9183-8175d73357f8
2019-10-18 14:21:08,688 [pool-47-thread-1] INFO  server.RaftServerConfigKeys (ConfUtils.java:logGet(43)) - raft.server.log.purge.gap = 1000000 (custom)
2019-10-18 14:21:08,688 [pool-27-thread-1] INFO  server.RaftServerConfigKeys (ConfUtils.java:logGet(43)) - raft.server.log.queue.byte-limit = 2147483647 (custom)
2019-10-18 14:21:08,688 [pool-37-thread-1] INFO  server.RaftServerConfigKeys (ConfUtils.java:logGet(43)) - raft.server.log.appender.buffer.byte-limit = 33554432 (custom)
2019-10-18 14:21:08,689 [pool-27-thread-1] INFO  server.RaftServerConfigKeys (ConfUtils.java:logGet(43)) - raft.server.log.queue.element-limit = 1024 (custom)
2019-10-18 14:21:08,688 [pool-47-thread-1] INFO  server.RaftServerConfigKeys (ConfUtils.java:logGet(43)) - raft.server.log.appender.buffer.byte-limit = 33554432 (custom)
2019-10-18 14:21:08,689 [pool-27-thread-1] INFO  server.RaftServerConfigKeys (ConfUtils.java:logGet(43)) - raft.server.log.segment.size.max = 1048576 (custom)
2019-10-18 14:21:08,689 [pool-37-thread-1] INFO  server.RaftServerConfigKeys (ConfUtils.java:logGet(43)) - raft.server.log.segment.size.max = 1048576 (custom)
2019-10-18 14:21:08,689 [pool-27-thread-1] INFO  server.RaftServerConfigKeys (ConfUtils.java:logGet(43)) - raft.server.log.preallocated.size = 16384 (custom)
2019-10-18 14:21:08,689 [pool-47-thread-1] INFO  server.RaftServerConfigKeys (ConfUtils.java:logGet(43)) - raft.server.log.segment.size.max = 1048576 (custom)
2019-10-18 14:21:08,689 [pool-27-thread-1] INFO  server.RaftServerConfigKeys (ConfUtils.java:logGet(43)) - raft.server.log.write.buffer.size = 33554432 (custom)
2019-10-18 14:21:08,689 [pool-37-thread-1] INFO  server.RaftServerConfigKeys (ConfUtils.java:logGet(43)) - raft.server.log.segment.cache.num.max = 2 (custom)
2019-10-18 14:21:08,690 [pool-27-thread-1] INFO  server.RaftServerConfigKeys (ConfUtils.java:logGet(43)) - raft.server.log.force.sync.num = 128 (default)
2019-10-18 14:21:08,690 [pool-47-thread-1] INFO  server.RaftServerConfigKeys (ConfUtils.java:logGet(43)) - raft.server.log.segment.cache.num.max = 2 (custom)
2019-10-18 14:21:08,690 [pool-27-thread-1] INFO  server.RaftServerConfigKeys (ConfUtils.java:logGet(43)) - raft.server.log.statemachine.data.sync = true (default)
2019-10-18 14:21:08,690 [pool-37-thread-1] INFO  segmented.SegmentedRaftLogWorker (SegmentedRaftLogWorker.java:<init>(173)) - new a7998a79-199c-44f4-b3c2-ea75c49d687d@group-8175D73357F8-SegmentedRaftLogWorker for RaftStorage:Storage Directory /workdir/hadoop-ozone/integration-test/target/test-dir/MiniOzoneClusterImpl-b1cd5a49-dfd5-4407-b99d-3d51da0a788c/datanode-1/data/ratis/5a21c002-5003-4cac-9183-8175d73357f8
2019-10-18 14:21:08,690 [pool-27-thread-1] INFO  server.RaftServerConfigKeys (ConfUtils.java:logGet(43)) - raft.server.log.statemachine.data.sync.timeout = 10s (default)
2019-10-18 14:21:08,690 [pool-47-thread-1] INFO  segmented.SegmentedRaftLogWorker (SegmentedRaftLogWorker.java:<init>(173)) - new 2d385246-963b-498d-9e2e-bc24e50fd0c7@group-8175D73357F8-SegmentedRaftLogWorker for RaftStorage:Storage Directory /workdir/hadoop-ozone/integration-test/target/test-dir/MiniOzoneClusterImpl-b1cd5a49-dfd5-4407-b99d-3d51da0a788c/datanode-2/data/ratis/5a21c002-5003-4cac-9183-8175d73357f8
2019-10-18 14:21:08,691 [pool-27-thread-1] INFO  server.RaftServerConfigKeys (ConfUtils.java:logGet(43)) - raft.server.log.statemachine.data.sync.timeout.retry = -1 (default)
2019-10-18 14:21:08,691 [pool-37-thread-1] INFO  server.RaftServerConfigKeys (ConfUtils.java:logGet(43)) - raft.server.log.queue.byte-limit = 2147483647 (custom)
2019-10-18 14:21:08,691 [pool-47-thread-1] INFO  server.RaftServerConfigKeys (ConfUtils.java:logGet(43)) - raft.server.log.queue.byte-limit = 2147483647 (custom)
2019-10-18 14:21:08,691 [pool-27-thread-1] INFO  server.RaftServerConfigKeys (ConfUtils.java:logGet(43)) - raft.server.log.statemachine.data.caching.enabled = true (custom)
2019-10-18 14:21:08,691 [pool-37-thread-1] INFO  server.RaftServerConfigKeys (ConfUtils.java:logGet(43)) - raft.server.log.queue.element-limit = 1024 (custom)
2019-10-18 14:21:08,691 [pool-47-thread-1] INFO  server.RaftServerConfigKeys (ConfUtils.java:logGet(43)) - raft.server.log.queue.element-limit = 1024 (custom)
2019-10-18 14:21:08,692 [pool-37-thread-1] INFO  server.RaftServerConfigKeys (ConfUtils.java:logGet(43)) - raft.server.log.segment.size.max = 1048576 (custom)
2019-10-18 14:21:08,692 [pool-47-thread-1] INFO  server.RaftServerConfigKeys (ConfUtils.java:logGet(43)) - raft.server.log.segment.size.max = 1048576 (custom)
2019-10-18 14:21:08,692 [pool-27-thread-1] INFO  segmented.SegmentedRaftLogWorker (SegmentedRaftLogWorker.java:lambda$new$0(128)) - ee386961-2337-4a8c-9c8d-dbca8671699a@group-8175D73357F8-SegmentedRaftLogWorker: flushIndex: setUnconditionally 0 -> -1
2019-10-18 14:21:08,692 [pool-47-thread-1] INFO  server.RaftServerConfigKeys (ConfUtils.java:logGet(43)) - raft.server.log.preallocated.size = 16384 (custom)
2019-10-18 14:21:08,692 [pool-37-thread-1] INFO  server.RaftServerConfigKeys (ConfUtils.java:logGet(43)) - raft.server.log.preallocated.size = 16384 (custom)
2019-10-18 14:21:08,692 [pool-47-thread-1] INFO  server.RaftServerConfigKeys (ConfUtils.java:logGet(43)) - raft.server.log.write.buffer.size = 33554432 (custom)
2019-10-18 14:21:08,692 [pool-27-thread-1] INFO  server.RaftServerConfigKeys (ConfUtils.java:logGet(43)) - raft.server.snapshot.auto.trigger.enabled = true (custom)
2019-10-18 14:21:08,692 [pool-47-thread-1] INFO  server.RaftServerConfigKeys (ConfUtils.java:logGet(43)) - raft.server.log.force.sync.num = 128 (default)
2019-10-18 14:21:08,692 [pool-37-thread-1] INFO  server.RaftServerConfigKeys (ConfUtils.java:logGet(43)) - raft.server.log.write.buffer.size = 33554432 (custom)
2019-10-18 14:21:08,693 [pool-47-thread-1] INFO  server.RaftServerConfigKeys (ConfUtils.java:logGet(43)) - raft.server.log.statemachine.data.sync = true (default)
2019-10-18 14:21:08,693 [pool-27-thread-1] INFO  server.RaftServerConfigKeys (ConfUtils.java:logGet(43)) - raft.server.snapshot.auto.trigger.threshold = 10000 (custom)
2019-10-18 14:21:08,693 [pool-47-thread-1] INFO  server.RaftServerConfigKeys (ConfUtils.java:logGet(43)) - raft.server.log.statemachine.data.sync.timeout = 10s (default)
2019-10-18 14:21:08,693 [pool-37-thread-1] INFO  server.RaftServerConfigKeys (ConfUtils.java:logGet(43)) - raft.server.log.force.sync.num = 128 (default)
2019-10-18 14:21:08,693 [pool-47-thread-1] INFO  server.RaftServerConfigKeys (ConfUtils.java:logGet(43)) - raft.server.log.statemachine.data.sync.timeout.retry = -1 (default)
2019-10-18 14:21:08,693 [pool-27-thread-1] INFO  server.RaftServerConfigKeys (ConfUtils.java:logGet(43)) - raft.server.snapshot.retention.file.num = 5 (custom)
2019-10-18 14:21:08,693 [pool-37-thread-1] INFO  server.RaftServerConfigKeys (ConfUtils.java:logGet(43)) - raft.server.log.statemachine.data.sync = true (default)
2019-10-18 14:21:08,694 [pool-27-thread-1] INFO  server.RaftServerConfigKeys (ConfUtils.java:logGet(43)) - raft.server.retrycache.expirytime = 600000ms (custom)
2019-10-18 14:21:08,694 [pool-47-thread-1] INFO  server.RaftServerConfigKeys (ConfUtils.java:logGet(43)) - raft.server.log.statemachine.data.caching.enabled = true (custom)
2019-10-18 14:21:08,694 [pool-37-thread-1] INFO  server.RaftServerConfigKeys (ConfUtils.java:logGet(43)) - raft.server.log.statemachine.data.sync.timeout = 10s (default)
2019-10-18 14:21:08,694 [pool-37-thread-1] INFO  server.RaftServerConfigKeys (ConfUtils.java:logGet(43)) - raft.server.log.statemachine.data.sync.timeout.retry = -1 (default)
2019-10-18 14:21:08,694 [pool-47-thread-1] INFO  segmented.SegmentedRaftLogWorker (SegmentedRaftLogWorker.java:lambda$new$0(128)) - 2d385246-963b-498d-9e2e-bc24e50fd0c7@group-8175D73357F8-SegmentedRaftLogWorker: flushIndex: setUnconditionally 0 -> -1
2019-10-18 14:21:08,694 [pool-37-thread-1] INFO  server.RaftServerConfigKeys (ConfUtils.java:logGet(43)) - raft.server.log.statemachine.data.caching.enabled = true (custom)
2019-10-18 14:21:08,695 [pool-37-thread-1] INFO  segmented.SegmentedRaftLogWorker (SegmentedRaftLogWorker.java:lambda$new$0(128)) - a7998a79-199c-44f4-b3c2-ea75c49d687d@group-8175D73357F8-SegmentedRaftLogWorker: flushIndex: setUnconditionally 0 -> -1
2019-10-18 14:21:08,695 [pool-47-thread-1] INFO  server.RaftServerConfigKeys (ConfUtils.java:logGet(43)) - raft.server.snapshot.auto.trigger.enabled = true (custom)
2019-10-18 14:21:08,695 [pool-47-thread-1] INFO  server.RaftServerConfigKeys (ConfUtils.java:logGet(43)) - raft.server.snapshot.auto.trigger.threshold = 10000 (custom)
2019-10-18 14:21:08,695 [pool-37-thread-1] INFO  server.RaftServerConfigKeys (ConfUtils.java:logGet(43)) - raft.server.snapshot.auto.trigger.enabled = true (custom)
2019-10-18 14:21:08,695 [pool-47-thread-1] INFO  server.RaftServerConfigKeys (ConfUtils.java:logGet(43)) - raft.server.snapshot.retention.file.num = 5 (custom)
2019-10-18 14:21:08,695 [pool-37-thread-1] INFO  server.RaftServerConfigKeys (ConfUtils.java:logGet(43)) - raft.server.snapshot.auto.trigger.threshold = 10000 (custom)
2019-10-18 14:21:08,696 [pool-37-thread-1] INFO  server.RaftServerConfigKeys (ConfUtils.java:logGet(43)) - raft.server.snapshot.retention.file.num = 5 (custom)
2019-10-18 14:21:08,696 [pool-47-thread-1] INFO  server.RaftServerConfigKeys (ConfUtils.java:logGet(43)) - raft.server.retrycache.expirytime = 600000ms (custom)
2019-10-18 14:21:08,696 [pool-37-thread-1] INFO  server.RaftServerConfigKeys (ConfUtils.java:logGet(43)) - raft.server.retrycache.expirytime = 600000ms (custom)
2019-10-18 14:21:08,696 [pool-27-thread-1] INFO  impl.RaftServerImpl (RaftServerImpl.java:start(195)) - ee386961-2337-4a8c-9c8d-dbca8671699a@group-8175D73357F8: start as a follower, conf=-1: [a7998a79-199c-44f4-b3c2-ea75c49d687d:192.168.157.233:46825, 2d385246-963b-498d-9e2e-bc24e50fd0c7:192.168.157.233:40769, ee386961-2337-4a8c-9c8d-dbca8671699a:192.168.157.233:35014], old=null
2019-10-18 14:21:08,697 [pool-27-thread-1] INFO  impl.RaftServerImpl (RaftServerImpl.java:setRole(184)) - ee386961-2337-4a8c-9c8d-dbca8671699a@group-8175D73357F8: changes role from      null to FOLLOWER at term 0 for startAsFollower
2019-10-18 14:21:08,697 [pool-27-thread-1] INFO  impl.RoleInfo (RoleInfo.java:updateAndGet(143)) - ee386961-2337-4a8c-9c8d-dbca8671699a: start FollowerState
2019-10-18 14:21:08,697 [pool-27-thread-1] INFO  util.JmxRegister (JmxRegister.java:tryRegister(44)) - Successfully registered JMX Bean with object name Ratis:service=RaftServer,group=group-8175D73357F8,id=ee386961-2337-4a8c-9c8d-dbca8671699a
2019-10-18 14:21:08,701 [pool-37-thread-1] INFO  impl.RaftServerImpl (RaftServerImpl.java:start(195)) - a7998a79-199c-44f4-b3c2-ea75c49d687d@group-8175D73357F8: start as a follower, conf=-1: [a7998a79-199c-44f4-b3c2-ea75c49d687d:192.168.157.233:46825, 2d385246-963b-498d-9e2e-bc24e50fd0c7:192.168.157.233:40769, ee386961-2337-4a8c-9c8d-dbca8671699a:192.168.157.233:35014], old=null
2019-10-18 14:21:08,701 [pool-47-thread-1] INFO  impl.RaftServerImpl (RaftServerImpl.java:start(195)) - 2d385246-963b-498d-9e2e-bc24e50fd0c7@group-8175D73357F8: start as a follower, conf=-1: [a7998a79-199c-44f4-b3c2-ea75c49d687d:192.168.157.233:46825, 2d385246-963b-498d-9e2e-bc24e50fd0c7:192.168.157.233:40769, ee386961-2337-4a8c-9c8d-dbca8671699a:192.168.157.233:35014], old=null
2019-10-18 14:21:08,701 [pool-37-thread-1] INFO  impl.RaftServerImpl (RaftServerImpl.java:setRole(184)) - a7998a79-199c-44f4-b3c2-ea75c49d687d@group-8175D73357F8: changes role from      null to FOLLOWER at term 0 for startAsFollower
2019-10-18 14:21:08,701 [pool-47-thread-1] INFO  impl.RaftServerImpl (RaftServerImpl.java:setRole(184)) - 2d385246-963b-498d-9e2e-bc24e50fd0c7@group-8175D73357F8: changes role from      null to FOLLOWER at term 0 for startAsFollower
2019-10-18 14:21:08,701 [pool-37-thread-1] INFO  impl.RoleInfo (RoleInfo.java:updateAndGet(143)) - a7998a79-199c-44f4-b3c2-ea75c49d687d: start FollowerState
2019-10-18 14:21:08,701 [pool-47-thread-1] INFO  impl.RoleInfo (RoleInfo.java:updateAndGet(143)) - 2d385246-963b-498d-9e2e-bc24e50fd0c7: start FollowerState
2019-10-18 14:21:08,702 [pool-37-thread-1] INFO  util.JmxRegister (JmxRegister.java:tryRegister(44)) - Successfully registered JMX Bean with object name Ratis:service=RaftServer,group=group-8175D73357F8,id=a7998a79-199c-44f4-b3c2-ea75c49d687d
2019-10-18 14:21:08,702 [pool-47-thread-1] INFO  util.JmxRegister (JmxRegister.java:tryRegister(44)) - Successfully registered JMX Bean with object name Ratis:service=RaftServer,group=group-8175D73357F8,id=2d385246-963b-498d-9e2e-bc24e50fd0c7
2019-10-18 14:21:08,716 [Thread-194] INFO  impl.FollowerState (FollowerState.java:run(108)) - a7998a79-199c-44f4-b3c2-ea75c49d687d@group-28BB12465C01-FollowerState: change to CANDIDATE, lastRpcTime:136ms, electionTimeout:136ms
2019-10-18 14:21:08,716 [Thread-194] INFO  impl.RoleInfo (RoleInfo.java:shutdownFollowerState(121)) - a7998a79-199c-44f4-b3c2-ea75c49d687d: shutdown FollowerState
2019-10-18 14:21:08,717 [Thread-194] INFO  impl.RaftServerImpl (RaftServerImpl.java:setRole(184)) - a7998a79-199c-44f4-b3c2-ea75c49d687d@group-28BB12465C01: changes role from  FOLLOWER to CANDIDATE at term 0 for changeToCandidate
2019-10-18 14:21:08,719 [Thread-194] INFO  impl.RoleInfo (RoleInfo.java:updateAndGet(143)) - a7998a79-199c-44f4-b3c2-ea75c49d687d: start LeaderElection
2019-10-18 14:21:08,730 [RatisPipelineUtilsThread] INFO  pipeline.PipelineStateManager (PipelineStateManager.java:addPipeline(56)) - Created pipeline Pipeline[ Id: 5a21c002-5003-4cac-9183-8175d73357f8, Nodes: 2d385246-963b-498d-9e2e-bc24e50fd0c7{ip: 192.168.157.233, host: pr-hdds-2325-q7txw-2705037156, networkLocation: /default-rack, certSerialId: null}ee386961-2337-4a8c-9c8d-dbca8671699a{ip: 192.168.157.233, host: pr-hdds-2325-q7txw-2705037156, networkLocation: /default-rack, certSerialId: null}a7998a79-199c-44f4-b3c2-ea75c49d687d{ip: 192.168.157.233, host: pr-hdds-2325-q7txw-2705037156, networkLocation: /default-rack, certSerialId: null}, Type:RATIS, Factor:THREE, State:OPEN]
2019-10-18 14:21:08,735 [a7998a79-199c-44f4-b3c2-ea75c49d687d@group-28BB12465C01-LeaderElection3] INFO  impl.LeaderElection (LeaderElection.java:askForVotes(178)) - a7998a79-199c-44f4-b3c2-ea75c49d687d@group-28BB12465C01-LeaderElection3: begin an election at term 1 for -1: [a7998a79-199c-44f4-b3c2-ea75c49d687d:192.168.157.233:46825], old=null
2019-10-18 14:21:08,735 [a7998a79-199c-44f4-b3c2-ea75c49d687d@group-28BB12465C01-LeaderElection3] INFO  impl.RoleInfo (RoleInfo.java:shutdownLeaderElection(134)) - a7998a79-199c-44f4-b3c2-ea75c49d687d: shutdown LeaderElection
2019-10-18 14:21:08,735 [a7998a79-199c-44f4-b3c2-ea75c49d687d@group-28BB12465C01-LeaderElection3] INFO  impl.RaftServerImpl (RaftServerImpl.java:setRole(184)) - a7998a79-199c-44f4-b3c2-ea75c49d687d@group-28BB12465C01: changes role from CANDIDATE to LEADER at term 1 for changeToLeader
2019-10-18 14:21:08,735 [a7998a79-199c-44f4-b3c2-ea75c49d687d@group-28BB12465C01-LeaderElection3] INFO  impl.RaftServerImpl (ServerState.java:setLeader(256)) - a7998a79-199c-44f4-b3c2-ea75c49d687d@group-28BB12465C01: change Leader from null to a7998a79-199c-44f4-b3c2-ea75c49d687d at term 1 for becomeLeader, leader elected after 170ms
2019-10-18 14:21:08,735 [a7998a79-199c-44f4-b3c2-ea75c49d687d@group-28BB12465C01-LeaderElection3] INFO  server.RaftServerConfigKeys (ConfUtils.java:logGet(43)) - raft.server.staging.catchup.gap = 1000 (default)
2019-10-18 14:21:08,735 [a7998a79-199c-44f4-b3c2-ea75c49d687d@group-28BB12465C01-LeaderElection3] INFO  server.RaftServerConfigKeys (ConfUtils.java:logGet(43)) - raft.server.rpc.sleep.time = 25ms (default)
2019-10-18 14:21:08,736 [a7998a79-199c-44f4-b3c2-ea75c49d687d@group-28BB12465C01-LeaderElection3] INFO  server.RaftServerConfigKeys (ConfUtils.java:logGet(43)) - raft.server.write.element-limit = 4096 (default)
2019-10-18 14:21:08,736 [a7998a79-199c-44f4-b3c2-ea75c49d687d@group-28BB12465C01-LeaderElection3] INFO  server.RaftServerConfigKeys (ConfUtils.java:logGet(43)) - raft.server.watch.timeout = 10s (default)
2019-10-18 14:21:08,736 [a7998a79-199c-44f4-b3c2-ea75c49d687d@group-28BB12465C01-LeaderElection3] INFO  server.RaftServerConfigKeys (ConfUtils.java:logGet(43)) - raft.server.watch.timeout.denomination = 1s (default)
2019-10-18 14:21:08,736 [a7998a79-199c-44f4-b3c2-ea75c49d687d@group-28BB12465C01-LeaderElection3] INFO  server.RaftServerConfigKeys (ConfUtils.java:logGet(43)) - raft.server.watch.element-limit = 65536 (default)
2019-10-18 14:21:08,738 [a7998a79-199c-44f4-b3c2-ea75c49d687d@group-28BB12465C01-LeaderElection3] INFO  impl.RoleInfo (RoleInfo.java:updateAndGet(143)) - a7998a79-199c-44f4-b3c2-ea75c49d687d: start LeaderState
2019-10-18 14:21:08,738 [a7998a79-199c-44f4-b3c2-ea75c49d687d@group-28BB12465C01-LeaderElection3] INFO  segmented.SegmentedRaftLogWorker (SegmentedRaftLogWorker.java:startLogSegment(385)) - a7998a79-199c-44f4-b3c2-ea75c49d687d@group-28BB12465C01-SegmentedRaftLogWorker: Starting segment from index:0
2019-10-18 14:21:08,739 [a7998a79-199c-44f4-b3c2-ea75c49d687d@group-28BB12465C01-LeaderElection3] INFO  impl.RaftServerImpl (ServerState.java:setRaftConf(357)) - a7998a79-199c-44f4-b3c2-ea75c49d687d@group-28BB12465C01: set configuration 0: [a7998a79-199c-44f4-b3c2-ea75c49d687d:192.168.157.233:46825], old=null at 0
2019-10-18 14:21:08,756 [Thread-202] INFO  impl.FollowerState (FollowerState.java:run(108)) - a7998a79-199c-44f4-b3c2-ea75c49d687d@group-8175D73357F8-FollowerState: change to CANDIDATE, lastRpcTime:54ms, electionTimeout:54ms
2019-10-18 14:21:08,781 [Thread-203] INFO  impl.FollowerState (FollowerState.java:run(108)) - 2d385246-963b-498d-9e2e-bc24e50fd0c7@group-8175D73357F8-FollowerState: change to CANDIDATE, lastRpcTime:79ms, electionTimeout:63ms
2019-10-18 14:21:08,781 [Thread-202] INFO  impl.RoleInfo (RoleInfo.java:shutdownFollowerState(121)) - a7998a79-199c-44f4-b3c2-ea75c49d687d: shutdown FollowerState
2019-10-18 14:21:08,782 [Thread-203] INFO  impl.RoleInfo (RoleInfo.java:shutdownFollowerState(121)) - 2d385246-963b-498d-9e2e-bc24e50fd0c7: shutdown FollowerState
2019-10-18 14:21:08,782 [Thread-202] INFO  impl.RaftServerImpl (RaftServerImpl.java:setRole(184)) - a7998a79-199c-44f4-b3c2-ea75c49d687d@group-8175D73357F8: changes role from  FOLLOWER to CANDIDATE at term 0 for changeToCandidate
2019-10-18 14:21:08,782 [Thread-203] INFO  impl.RaftServerImpl (RaftServerImpl.java:setRole(184)) - 2d385246-963b-498d-9e2e-bc24e50fd0c7@group-8175D73357F8: changes role from  FOLLOWER to CANDIDATE at term 0 for changeToCandidate
2019-10-18 14:21:08,782 [Thread-202] INFO  impl.RoleInfo (RoleInfo.java:updateAndGet(143)) - a7998a79-199c-44f4-b3c2-ea75c49d687d: start LeaderElection
2019-10-18 14:21:08,782 [Thread-203] INFO  impl.RoleInfo (RoleInfo.java:updateAndGet(143)) - 2d385246-963b-498d-9e2e-bc24e50fd0c7: start LeaderElection
2019-10-18 14:21:08,801 [2d385246-963b-498d-9e2e-bc24e50fd0c7@group-0F338267653F-SegmentedRaftLogWorker] INFO  segmented.SegmentedRaftLogWorker (SegmentedRaftLogWorker.java:execute(576)) - 2d385246-963b-498d-9e2e-bc24e50fd0c7@group-0F338267653F-SegmentedRaftLogWorker: created new log segment /workdir/hadoop-ozone/integration-test/target/test-dir/MiniOzoneClusterImpl-b1cd5a49-dfd5-4407-b99d-3d51da0a788c/datanode-2/data/ratis/54814568-c841-46a8-a325-0f338267653f/current/log_inprogress_0
2019-10-18 14:21:08,801 [a7998a79-199c-44f4-b3c2-ea75c49d687d@group-28BB12465C01-SegmentedRaftLogWorker] INFO  segmented.SegmentedRaftLogWorker (SegmentedRaftLogWorker.java:execute(576)) - a7998a79-199c-44f4-b3c2-ea75c49d687d@group-28BB12465C01-SegmentedRaftLogWorker: created new log segment /workdir/hadoop-ozone/integration-test/target/test-dir/MiniOzoneClusterImpl-b1cd5a49-dfd5-4407-b99d-3d51da0a788c/datanode-1/data/ratis/55a8a2bf-3239-48d8-a32c-28bb12465c01/current/log_inprogress_0
2019-10-18 14:21:08,801 [2d385246-963b-498d-9e2e-bc24e50fd0c7@group-8175D73357F8-LeaderElection5] INFO  impl.LeaderElection (LeaderElection.java:askForVotes(178)) - 2d385246-963b-498d-9e2e-bc24e50fd0c7@group-8175D73357F8-LeaderElection5: begin an election at term 1 for -1: [a7998a79-199c-44f4-b3c2-ea75c49d687d:192.168.157.233:46825, 2d385246-963b-498d-9e2e-bc24e50fd0c7:192.168.157.233:40769, ee386961-2337-4a8c-9c8d-dbca8671699a:192.168.157.233:35014], old=null
2019-10-18 14:21:08,801 [a7998a79-199c-44f4-b3c2-ea75c49d687d@group-8175D73357F8-LeaderElection4] INFO  impl.LeaderElection (LeaderElection.java:askForVotes(178)) - a7998a79-199c-44f4-b3c2-ea75c49d687d@group-8175D73357F8-LeaderElection4: begin an election at term 1 for -1: [a7998a79-199c-44f4-b3c2-ea75c49d687d:192.168.157.233:46825, 2d385246-963b-498d-9e2e-bc24e50fd0c7:192.168.157.233:40769, ee386961-2337-4a8c-9c8d-dbca8671699a:192.168.157.233:35014], old=null
2019-10-18 14:21:08,801 [ee386961-2337-4a8c-9c8d-dbca8671699a@group-43EFDFC469C8-SegmentedRaftLogWorker] INFO  segmented.SegmentedRaftLogWorker (SegmentedRaftLogWorker.java:execute(576)) - ee386961-2337-4a8c-9c8d-dbca8671699a@group-43EFDFC469C8-SegmentedRaftLogWorker: created new log segment /workdir/hadoop-ozone/integration-test/target/test-dir/MiniOzoneClusterImpl-b1cd5a49-dfd5-4407-b99d-3d51da0a788c/datanode-0/data/ratis/d23d59b7-6ebe-41d0-a3df-43efdfc469c8/current/log_inprogress_0
2019-10-18 14:21:08,825 [Thread-201] INFO  impl.FollowerState (FollowerState.java:run(108)) - ee386961-2337-4a8c-9c8d-dbca8671699a@group-8175D73357F8-FollowerState: change to CANDIDATE, lastRpcTime:128ms, electionTimeout:127ms
2019-10-18 14:21:08,825 [Thread-201] INFO  impl.RoleInfo (RoleInfo.java:shutdownFollowerState(121)) - ee386961-2337-4a8c-9c8d-dbca8671699a: shutdown FollowerState
2019-10-18 14:21:08,825 [Thread-201] INFO  impl.RaftServerImpl (RaftServerImpl.java:setRole(184)) - ee386961-2337-4a8c-9c8d-dbca8671699a@group-8175D73357F8: changes role from  FOLLOWER to CANDIDATE at term 0 for changeToCandidate
2019-10-18 14:21:08,826 [Thread-201] INFO  impl.RoleInfo (RoleInfo.java:updateAndGet(143)) - ee386961-2337-4a8c-9c8d-dbca8671699a: start LeaderElection
2019-10-18 14:21:08,846 [ee386961-2337-4a8c-9c8d-dbca8671699a@group-8175D73357F8-LeaderElection6] INFO  impl.LeaderElection (LeaderElection.java:askForVotes(178)) - ee386961-2337-4a8c-9c8d-dbca8671699a@group-8175D73357F8-LeaderElection6: begin an election at term 1 for -1: [a7998a79-199c-44f4-b3c2-ea75c49d687d:192.168.157.233:46825, 2d385246-963b-498d-9e2e-bc24e50fd0c7:192.168.157.233:40769, ee386961-2337-4a8c-9c8d-dbca8671699a:192.168.157.233:35014], old=null
2019-10-18 14:21:08,860 [a7998a79-199c-44f4-b3c2-ea75c49d687d@group-8175D73357F8-LeaderElection4] INFO  impl.LeaderElection (LeaderElection.java:logAndReturn(56)) - a7998a79-199c-44f4-b3c2-ea75c49d687d@group-8175D73357F8-LeaderElection4: Election REJECTED; received 2 response(s) [a7998a79-199c-44f4-b3c2-ea75c49d687d<-2d385246-963b-498d-9e2e-bc24e50fd0c7#0:FAIL-t1, a7998a79-199c-44f4-b3c2-ea75c49d687d<-ee386961-2337-4a8c-9c8d-dbca8671699a#0:FAIL-t1] and 0 exception(s); a7998a79-199c-44f4-b3c2-ea75c49d687d@group-8175D73357F8:t1, leader=null, voted=a7998a79-199c-44f4-b3c2-ea75c49d687d, raftlog=a7998a79-199c-44f4-b3c2-ea75c49d687d@group-8175D73357F8-SegmentedRaftLog:OPENED:c-1,f-1,i0, conf=-1: [a7998a79-199c-44f4-b3c2-ea75c49d687d:192.168.157.233:46825, 2d385246-963b-498d-9e2e-bc24e50fd0c7:192.168.157.233:40769, ee386961-2337-4a8c-9c8d-dbca8671699a:192.168.157.233:35014], old=null
2019-10-18 14:21:08,860 [2d385246-963b-498d-9e2e-bc24e50fd0c7@group-8175D73357F8-LeaderElection5] INFO  impl.LeaderElection (LeaderElection.java:logAndReturn(56)) - 2d385246-963b-498d-9e2e-bc24e50fd0c7@group-8175D73357F8-LeaderElection5: Election REJECTED; received 2 response(s) [2d385246-963b-498d-9e2e-bc24e50fd0c7<-a7998a79-199c-44f4-b3c2-ea75c49d687d#0:FAIL-t1, 2d385246-963b-498d-9e2e-bc24e50fd0c7<-ee386961-2337-4a8c-9c8d-dbca8671699a#0:FAIL-t1] and 0 exception(s); 2d385246-963b-498d-9e2e-bc24e50fd0c7@group-8175D73357F8:t1, leader=null, voted=2d385246-963b-498d-9e2e-bc24e50fd0c7, raftlog=2d385246-963b-498d-9e2e-bc24e50fd0c7@group-8175D73357F8-SegmentedRaftLog:OPENED:c-1,f-1,i0, conf=-1: [a7998a79-199c-44f4-b3c2-ea75c49d687d:192.168.157.233:46825, 2d385246-963b-498d-9e2e-bc24e50fd0c7:192.168.157.233:40769, ee386961-2337-4a8c-9c8d-dbca8671699a:192.168.157.233:35014], old=null
2019-10-18 14:21:08,863 [a7998a79-199c-44f4-b3c2-ea75c49d687d@group-8175D73357F8-LeaderElection4] INFO  impl.RaftServerImpl (RaftServerImpl.java:setRole(184)) - a7998a79-199c-44f4-b3c2-ea75c49d687d@group-8175D73357F8: changes role from CANDIDATE to FOLLOWER at term 1 for DISCOVERED_A_NEW_TERM
2019-10-18 14:21:08,863 [2d385246-963b-498d-9e2e-bc24e50fd0c7@group-8175D73357F8-LeaderElection5] INFO  impl.RaftServerImpl (RaftServerImpl.java:setRole(184)) - 2d385246-963b-498d-9e2e-bc24e50fd0c7@group-8175D73357F8: changes role from CANDIDATE to FOLLOWER at term 1 for DISCOVERED_A_NEW_TERM
2019-10-18 14:21:08,864 [a7998a79-199c-44f4-b3c2-ea75c49d687d@group-8175D73357F8-LeaderElection4] INFO  impl.RoleInfo (RoleInfo.java:shutdownLeaderElection(134)) - a7998a79-199c-44f4-b3c2-ea75c49d687d: shutdown LeaderElection
2019-10-18 14:21:08,864 [2d385246-963b-498d-9e2e-bc24e50fd0c7@group-8175D73357F8-LeaderElection5] INFO  impl.RoleInfo (RoleInfo.java:shutdownLeaderElection(134)) - 2d385246-963b-498d-9e2e-bc24e50fd0c7: shutdown LeaderElection
2019-10-18 14:21:08,864 [a7998a79-199c-44f4-b3c2-ea75c49d687d@group-8175D73357F8-LeaderElection4] INFO  impl.RoleInfo (RoleInfo.java:updateAndGet(143)) - a7998a79-199c-44f4-b3c2-ea75c49d687d: start FollowerState
2019-10-18 14:21:08,865 [2d385246-963b-498d-9e2e-bc24e50fd0c7@group-8175D73357F8-LeaderElection5] INFO  impl.RoleInfo (RoleInfo.java:updateAndGet(143)) - 2d385246-963b-498d-9e2e-bc24e50fd0c7: start FollowerState
2019-10-18 14:21:08,876 [ee386961-2337-4a8c-9c8d-dbca8671699a@group-8175D73357F8-LeaderElection6] INFO  impl.LeaderElection (LeaderElection.java:logAndReturn(56)) - ee386961-2337-4a8c-9c8d-dbca8671699a@group-8175D73357F8-LeaderElection6: Election REJECTED; received 2 response(s) [ee386961-2337-4a8c-9c8d-dbca8671699a<-a7998a79-199c-44f4-b3c2-ea75c49d687d#0:FAIL-t1, ee386961-2337-4a8c-9c8d-dbca8671699a<-2d385246-963b-498d-9e2e-bc24e50fd0c7#0:FAIL-t1] and 0 exception(s); ee386961-2337-4a8c-9c8d-dbca8671699a@group-8175D73357F8:t1, leader=null, voted=ee386961-2337-4a8c-9c8d-dbca8671699a, raftlog=ee386961-2337-4a8c-9c8d-dbca8671699a@group-8175D73357F8-SegmentedRaftLog:OPENED:c-1,f-1,i0, conf=-1: [a7998a79-199c-44f4-b3c2-ea75c49d687d:192.168.157.233:46825, 2d385246-963b-498d-9e2e-bc24e50fd0c7:192.168.157.233:40769, ee386961-2337-4a8c-9c8d-dbca8671699a:192.168.157.233:35014], old=null
2019-10-18 14:21:08,876 [ee386961-2337-4a8c-9c8d-dbca8671699a@group-8175D73357F8-LeaderElection6] INFO  impl.RaftServerImpl (RaftServerImpl.java:setRole(184)) - ee386961-2337-4a8c-9c8d-dbca8671699a@group-8175D73357F8: changes role from CANDIDATE to FOLLOWER at term 1 for DISCOVERED_A_NEW_TERM
2019-10-18 14:21:08,878 [ee386961-2337-4a8c-9c8d-dbca8671699a@group-8175D73357F8-LeaderElection6] INFO  impl.RoleInfo (RoleInfo.java:shutdownLeaderElection(134)) - ee386961-2337-4a8c-9c8d-dbca8671699a: shutdown LeaderElection
2019-10-18 14:21:08,878 [ee386961-2337-4a8c-9c8d-dbca8671699a@group-8175D73357F8-LeaderElection6] INFO  impl.RoleInfo (RoleInfo.java:updateAndGet(143)) - ee386961-2337-4a8c-9c8d-dbca8671699a: start FollowerState
2019-10-18 14:21:08,896 [Thread-223] INFO  impl.FollowerState (FollowerState.java:run(108)) - ee386961-2337-4a8c-9c8d-dbca8671699a@group-8175D73357F8-FollowerState: change to CANDIDATE, lastRpcTime:17ms, electionTimeout:17ms
2019-10-18 14:21:08,896 [Thread-223] INFO  impl.RoleInfo (RoleInfo.java:shutdownFollowerState(121)) - ee386961-2337-4a8c-9c8d-dbca8671699a: shutdown FollowerState
2019-10-18 14:21:08,896 [Thread-223] INFO  impl.RaftServerImpl (RaftServerImpl.java:setRole(184)) - ee386961-2337-4a8c-9c8d-dbca8671699a@group-8175D73357F8: changes role from  FOLLOWER to CANDIDATE at term 1 for changeToCandidate
2019-10-18 14:21:08,896 [Thread-223] INFO  impl.RoleInfo (RoleInfo.java:updateAndGet(143)) - ee386961-2337-4a8c-9c8d-dbca8671699a: start LeaderElection
2019-10-18 14:21:08,910 [ee386961-2337-4a8c-9c8d-dbca8671699a@group-8175D73357F8-LeaderElection7] INFO  impl.LeaderElection (LeaderElection.java:askForVotes(178)) - ee386961-2337-4a8c-9c8d-dbca8671699a@group-8175D73357F8-LeaderElection7: begin an election at term 2 for -1: [a7998a79-199c-44f4-b3c2-ea75c49d687d:192.168.157.233:46825, 2d385246-963b-498d-9e2e-bc24e50fd0c7:192.168.157.233:40769, ee386961-2337-4a8c-9c8d-dbca8671699a:192.168.157.233:35014], old=null
2019-10-18 14:21:08,911 [Thread-221] INFO  impl.FollowerState (FollowerState.java:run(108)) - a7998a79-199c-44f4-b3c2-ea75c49d687d@group-8175D73357F8-FollowerState: change to CANDIDATE, lastRpcTime:46ms, electionTimeout:45ms
2019-10-18 14:21:08,911 [Thread-221] INFO  impl.RoleInfo (RoleInfo.java:shutdownFollowerState(121)) - a7998a79-199c-44f4-b3c2-ea75c49d687d: shutdown FollowerState
2019-10-18 14:21:08,911 [Thread-221] INFO  impl.RaftServerImpl (RaftServerImpl.java:setRole(184)) - a7998a79-199c-44f4-b3c2-ea75c49d687d@group-8175D73357F8: changes role from  FOLLOWER to CANDIDATE at term 1 for changeToCandidate
2019-10-18 14:21:08,911 [Thread-221] INFO  impl.RoleInfo (RoleInfo.java:updateAndGet(143)) - a7998a79-199c-44f4-b3c2-ea75c49d687d: start LeaderElection
2019-10-18 14:21:08,917 [grpc-default-executor-0] INFO  impl.RaftServerImpl (RaftServerImpl.java:setRole(184)) - 2d385246-963b-498d-9e2e-bc24e50fd0c7@group-8175D73357F8: changes role from  FOLLOWER to FOLLOWER at term 2 for recognizeCandidate:ee386961-2337-4a8c-9c8d-dbca8671699a
2019-10-18 14:21:08,917 [grpc-default-executor-0] INFO  impl.RoleInfo (RoleInfo.java:shutdownFollowerState(121)) - 2d385246-963b-498d-9e2e-bc24e50fd0c7: shutdown FollowerState
2019-10-18 14:21:08,917 [Thread-222] INFO  impl.FollowerState (FollowerState.java:run(117)) - 2d385246-963b-498d-9e2e-bc24e50fd0c7@group-8175D73357F8-FollowerState was interrupted: java.lang.InterruptedException: sleep interrupted
2019-10-18 14:21:08,917 [grpc-default-executor-0] INFO  impl.RoleInfo (RoleInfo.java:updateAndGet(143)) - 2d385246-963b-498d-9e2e-bc24e50fd0c7: start FollowerState
2019-10-18 14:21:08,928 [a7998a79-199c-44f4-b3c2-ea75c49d687d@group-8175D73357F8-LeaderElection8] INFO  impl.LeaderElection (LeaderElection.java:askForVotes(178)) - a7998a79-199c-44f4-b3c2-ea75c49d687d@group-8175D73357F8-LeaderElection8: begin an election at term 2 for -1: [a7998a79-199c-44f4-b3c2-ea75c49d687d:192.168.157.233:46825, 2d385246-963b-498d-9e2e-bc24e50fd0c7:192.168.157.233:40769, ee386961-2337-4a8c-9c8d-dbca8671699a:192.168.157.233:35014], old=null
2019-10-18 14:21:08,933 [ee386961-2337-4a8c-9c8d-dbca8671699a@group-8175D73357F8-LeaderElection7] INFO  impl.LeaderElection (LeaderElection.java:logAndReturn(56)) - ee386961-2337-4a8c-9c8d-dbca8671699a@group-8175D73357F8-LeaderElection7: Election PASSED; received 2 response(s) [ee386961-2337-4a8c-9c8d-dbca8671699a<-a7998a79-199c-44f4-b3c2-ea75c49d687d#0:FAIL-t2, ee386961-2337-4a8c-9c8d-dbca8671699a<-2d385246-963b-498d-9e2e-bc24e50fd0c7#0:OK-t2] and 0 exception(s); ee386961-2337-4a8c-9c8d-dbca8671699a@group-8175D73357F8:t2, leader=null, voted=ee386961-2337-4a8c-9c8d-dbca8671699a, raftlog=ee386961-2337-4a8c-9c8d-dbca8671699a@group-8175D73357F8-SegmentedRaftLog:OPENED:c-1,f-1,i0, conf=-1: [a7998a79-199c-44f4-b3c2-ea75c49d687d:192.168.157.233:46825, 2d385246-963b-498d-9e2e-bc24e50fd0c7:192.168.157.233:40769, ee386961-2337-4a8c-9c8d-dbca8671699a:192.168.157.233:35014], old=null
2019-10-18 14:21:08,933 [ee386961-2337-4a8c-9c8d-dbca8671699a@group-8175D73357F8-LeaderElection7] INFO  impl.RoleInfo (RoleInfo.java:shutdownLeaderElection(134)) - ee386961-2337-4a8c-9c8d-dbca8671699a: shutdown LeaderElection
2019-10-18 14:21:08,934 [ee386961-2337-4a8c-9c8d-dbca8671699a@group-8175D73357F8-LeaderElection7] INFO  impl.RaftServerImpl (RaftServerImpl.java:setRole(184)) - ee386961-2337-4a8c-9c8d-dbca8671699a@group-8175D73357F8: changes role from CANDIDATE to LEADER at term 2 for changeToLeader
2019-10-18 14:21:08,935 [ee386961-2337-4a8c-9c8d-dbca8671699a@group-8175D73357F8-LeaderElection7] INFO  impl.RaftServerImpl (ServerState.java:setLeader(256)) - ee386961-2337-4a8c-9c8d-dbca8671699a@group-8175D73357F8: change Leader from null to ee386961-2337-4a8c-9c8d-dbca8671699a at term 2 for becomeLeader, leader elected after 248ms
2019-10-18 14:21:08,935 [ee386961-2337-4a8c-9c8d-dbca8671699a@group-8175D73357F8-LeaderElection7] INFO  server.RaftServerConfigKeys (ConfUtils.java:logGet(43)) - raft.server.staging.catchup.gap = 1000 (default)
2019-10-18 14:21:08,936 [ee386961-2337-4a8c-9c8d-dbca8671699a@group-8175D73357F8-LeaderElection7] INFO  server.RaftServerConfigKeys (ConfUtils.java:logGet(43)) - raft.server.rpc.sleep.time = 25ms (default)
2019-10-18 14:21:08,936 [ee386961-2337-4a8c-9c8d-dbca8671699a@group-8175D73357F8-LeaderElection7] INFO  server.RaftServerConfigKeys (ConfUtils.java:logGet(43)) - raft.server.write.element-limit = 4096 (default)
2019-10-18 14:21:08,936 [ee386961-2337-4a8c-9c8d-dbca8671699a@group-8175D73357F8-LeaderElection7] INFO  server.RaftServerConfigKeys (ConfUtils.java:logGet(43)) - raft.server.watch.timeout = 10s (default)
2019-10-18 14:21:08,936 [ee386961-2337-4a8c-9c8d-dbca8671699a@group-8175D73357F8-LeaderElection7] INFO  server.RaftServerConfigKeys (ConfUtils.java:logGet(43)) - raft.server.watch.timeout.denomination = 1s (default)
2019-10-18 14:21:08,936 [ee386961-2337-4a8c-9c8d-dbca8671699a@group-8175D73357F8-LeaderElection7] INFO  server.RaftServerConfigKeys (ConfUtils.java:logGet(43)) - raft.server.watch.element-limit = 65536 (default)
2019-10-18 14:21:08,944 [ee386961-2337-4a8c-9c8d-dbca8671699a@group-8175D73357F8-LeaderElection7] INFO  server.RaftServerConfigKeys (ConfUtils.java:logGet(43)) - raft.server.log.appender.snapshot.chunk.size.max = 16MB (=16777216) (default)
2019-10-18 14:21:08,944 [ee386961-2337-4a8c-9c8d-dbca8671699a@group-8175D73357F8-LeaderElection7] INFO  server.RaftServerConfigKeys (ConfUtils.java:logGet(43)) - raft.server.log.appender.buffer.byte-limit = 33554432 (custom)
2019-10-18 14:21:08,945 [ee386961-2337-4a8c-9c8d-dbca8671699a@group-8175D73357F8-LeaderElection7] INFO  server.RaftServerConfigKeys (ConfUtils.java:logGet(43)) - raft.server.log.appender.buffer.element-limit = 1 (custom)
2019-10-18 14:21:08,949 [ee386961-2337-4a8c-9c8d-dbca8671699a@group-8175D73357F8-LeaderElection7] INFO  grpc.GrpcConfigKeys$Server (ConfUtils.java:logGet(43)) - raft.grpc.server.leader.outstanding.appends.max = 128 (default)
2019-10-18 14:21:08,950 [ee386961-2337-4a8c-9c8d-dbca8671699a@group-8175D73357F8-LeaderElection7] INFO  server.RaftServerConfigKeys (ConfUtils.java:logGet(43)) - raft.server.rpc.request.timeout = 3000ms (default)
2019-10-18 14:21:08,950 [ee386961-2337-4a8c-9c8d-dbca8671699a@group-8175D73357F8-LeaderElection7] INFO  server.RaftServerConfigKeys (ConfUtils.java:logGet(43)) - raft.server.log.appender.install.snapshot.enabled = false (custom)
2019-10-18 14:21:08,954 [ee386961-2337-4a8c-9c8d-dbca8671699a@group-8175D73357F8-LeaderElection7] INFO  server.RaftServerConfigKeys (ConfUtils.java:logGet(43)) - raft.server.log.appender.snapshot.chunk.size.max = 16MB (=16777216) (default)
2019-10-18 14:21:08,955 [ee386961-2337-4a8c-9c8d-dbca8671699a@group-8175D73357F8-LeaderElection7] INFO  server.RaftServerConfigKeys (ConfUtils.java:logGet(43)) - raft.server.log.appender.buffer.byte-limit = 33554432 (custom)
2019-10-18 14:21:08,955 [ee386961-2337-4a8c-9c8d-dbca8671699a@group-8175D73357F8-LeaderElection7] INFO  server.RaftServerConfigKeys (ConfUtils.java:logGet(43)) - raft.server.log.appender.buffer.element-limit = 1 (custom)
2019-10-18 14:21:08,955 [ee386961-2337-4a8c-9c8d-dbca8671699a@group-8175D73357F8-LeaderElection7] INFO  grpc.GrpcConfigKeys$Server (ConfUtils.java:logGet(43)) - raft.grpc.server.leader.outstanding.appends.max = 128 (default)
2019-10-18 14:21:08,955 [ee386961-2337-4a8c-9c8d-dbca8671699a@group-8175D73357F8-LeaderElection7] INFO  server.RaftServerConfigKeys (ConfUtils.java:logGet(43)) - raft.server.rpc.request.timeout = 3000ms (default)
2019-10-18 14:21:08,955 [ee386961-2337-4a8c-9c8d-dbca8671699a@group-8175D73357F8-LeaderElection7] INFO  server.RaftServerConfigKeys (ConfUtils.java:logGet(43)) - raft.server.log.appender.install.snapshot.enabled = false (custom)
2019-10-18 14:21:08,957 [a7998a79-199c-44f4-b3c2-ea75c49d687d@group-8175D73357F8-LeaderElection8] INFO  impl.LeaderElection (LeaderElection.java:logAndReturn(56)) - a7998a79-199c-44f4-b3c2-ea75c49d687d@group-8175D73357F8-LeaderElection8: Election TIMEOUT; received 1 response(s) [a7998a79-199c-44f4-b3c2-ea75c49d687d<-2d385246-963b-498d-9e2e-bc24e50fd0c7#0:FAIL-t2] and 0 exception(s); a7998a79-199c-44f4-b3c2-ea75c49d687d@group-8175D73357F8:t2, leader=null, voted=a7998a79-199c-44f4-b3c2-ea75c49d687d, raftlog=a7998a79-199c-44f4-b3c2-ea75c49d687d@group-8175D73357F8-SegmentedRaftLog:OPENED:c-1,f-1,i0, conf=-1: [a7998a79-199c-44f4-b3c2-ea75c49d687d:192.168.157.233:46825, 2d385246-963b-498d-9e2e-bc24e50fd0c7:192.168.157.233:40769, ee386961-2337-4a8c-9c8d-dbca8671699a:192.168.157.233:35014], old=null
2019-10-18 14:21:08,963 [ee386961-2337-4a8c-9c8d-dbca8671699a@group-8175D73357F8-LeaderElection7] INFO  impl.RoleInfo (RoleInfo.java:updateAndGet(143)) - ee386961-2337-4a8c-9c8d-dbca8671699a: start LeaderState
2019-10-18 14:21:08,963 [ee386961-2337-4a8c-9c8d-dbca8671699a@group-8175D73357F8-LeaderElection7] INFO  segmented.SegmentedRaftLogWorker (SegmentedRaftLogWorker.java:startLogSegment(385)) - ee386961-2337-4a8c-9c8d-dbca8671699a@group-8175D73357F8-SegmentedRaftLogWorker: Starting segment from index:0
2019-10-18 14:21:08,964 [ee386961-2337-4a8c-9c8d-dbca8671699a@group-8175D73357F8-LeaderElection7] INFO  impl.RaftServerImpl (ServerState.java:setRaftConf(357)) - ee386961-2337-4a8c-9c8d-dbca8671699a@group-8175D73357F8: set configuration 0: [a7998a79-199c-44f4-b3c2-ea75c49d687d:192.168.157.233:46825, 2d385246-963b-498d-9e2e-bc24e50fd0c7:192.168.157.233:40769, ee386961-2337-4a8c-9c8d-dbca8671699a:192.168.157.233:35014], old=null at 0
2019-10-18 14:21:08,993 [Thread-228] INFO  impl.FollowerState (FollowerState.java:run(108)) - 2d385246-963b-498d-9e2e-bc24e50fd0c7@group-8175D73357F8-FollowerState: change to CANDIDATE, lastRpcTime:75ms, electionTimeout:72ms
2019-10-18 14:21:08,995 [grpc-default-executor-0] INFO  impl.RaftServerImpl (RaftServerImpl.java:requestVote(776)) - ee386961-2337-4a8c-9c8d-dbca8671699a@group-8175D73357F8-   LEADER: Withhold vote from candidate a7998a79-199c-44f4-b3c2-ea75c49d687d with term 2. State: leader=ee386961-2337-4a8c-9c8d-dbca8671699a, term=2, lastRpcElapsed=null
2019-10-18 14:21:08,995 [Thread-228] INFO  impl.RoleInfo (RoleInfo.java:shutdownFollowerState(121)) - 2d385246-963b-498d-9e2e-bc24e50fd0c7: shutdown FollowerState
2019-10-18 14:21:08,995 [a7998a79-199c-44f4-b3c2-ea75c49d687d@group-8175D73357F8-LeaderElection8] INFO  impl.LeaderElection (LeaderElection.java:askForVotes(178)) - a7998a79-199c-44f4-b3c2-ea75c49d687d@group-8175D73357F8-LeaderElection8: begin an election at term 3 for -1: [a7998a79-199c-44f4-b3c2-ea75c49d687d:192.168.157.233:46825, 2d385246-963b-498d-9e2e-bc24e50fd0c7:192.168.157.233:40769, ee386961-2337-4a8c-9c8d-dbca8671699a:192.168.157.233:35014], old=null
2019-10-18 14:21:08,995 [Thread-228] INFO  impl.RaftServerImpl (RaftServerImpl.java:setRole(184)) - 2d385246-963b-498d-9e2e-bc24e50fd0c7@group-8175D73357F8: changes role from  FOLLOWER to CANDIDATE at term 2 for changeToCandidate
2019-10-18 14:21:08,995 [Thread-228] INFO  impl.RoleInfo (RoleInfo.java:updateAndGet(143)) - 2d385246-963b-498d-9e2e-bc24e50fd0c7: start LeaderElection
2019-10-18 14:21:09,007 [grpc-default-executor-0] INFO  impl.RaftServerImpl (ServerState.java:setLeader(256)) - ee386961-2337-4a8c-9c8d-dbca8671699a@group-8175D73357F8: change Leader from ee386961-2337-4a8c-9c8d-dbca8671699a to null at term 3 for updateCurrentTerm
2019-10-18 14:21:09,007 [2d385246-963b-498d-9e2e-bc24e50fd0c7@group-8175D73357F8-LeaderElection9] INFO  impl.LeaderElection (LeaderElection.java:askForVotes(178)) - 2d385246-963b-498d-9e2e-bc24e50fd0c7@group-8175D73357F8-LeaderElection9: begin an election at term 3 for -1: [a7998a79-199c-44f4-b3c2-ea75c49d687d:192.168.157.233:46825, 2d385246-963b-498d-9e2e-bc24e50fd0c7:192.168.157.233:40769, ee386961-2337-4a8c-9c8d-dbca8671699a:192.168.157.233:35014], old=null
2019-10-18 14:21:09,007 [ee386961-2337-4a8c-9c8d-dbca8671699a@group-8175D73357F8-SegmentedRaftLogWorker] INFO  segmented.SegmentedRaftLogWorker (SegmentedRaftLogWorker.java:execute(576)) - ee386961-2337-4a8c-9c8d-dbca8671699a@group-8175D73357F8-SegmentedRaftLogWorker: created new log segment /workdir/hadoop-ozone/integration-test/target/test-dir/MiniOzoneClusterImpl-b1cd5a49-dfd5-4407-b99d-3d51da0a788c/datanode-0/data/ratis/5a21c002-5003-4cac-9183-8175d73357f8/current/log_inprogress_0
2019-10-18 14:21:09,007 [grpc-default-executor-0] INFO  impl.RaftServerImpl (RaftServerImpl.java:setRole(184)) - ee386961-2337-4a8c-9c8d-dbca8671699a@group-8175D73357F8: changes role from    LEADER to FOLLOWER at term 3 for recognizeCandidate:a7998a79-199c-44f4-b3c2-ea75c49d687d
2019-10-18 14:21:09,008 [grpc-default-executor-0] INFO  impl.RoleInfo (RoleInfo.java:shutdownLeaderState(104)) - ee386961-2337-4a8c-9c8d-dbca8671699a: shutdown LeaderState
2019-10-18 14:21:09,023 [grpc-default-executor-0] INFO  impl.PendingRequests (PendingRequests.java:sendNotLeaderResponses(202)) - ee386961-2337-4a8c-9c8d-dbca8671699a@group-8175D73357F8-PendingRequests: sendNotLeaderResponses
2019-10-18 14:21:09,030 [org.apache.ratis.server.impl.LogAppender$AppenderDaemon$$Lambda$448/2095661354@148158e1] WARN  server.GrpcLogAppender (GrpcLogAppender.java:mayWait(149)) - ee386961-2337-4a8c-9c8d-dbca8671699a@group-8175D73357F8->2d385246-963b-498d-9e2e-bc24e50fd0c7-GrpcLogAppender: Wait interrupted by java.lang.InterruptedException
2019-10-18 14:21:09,030 [org.apache.ratis.server.impl.LogAppender$AppenderDaemon$$Lambda$448/2095661354@302deffb] WARN  server.GrpcLogAppender (GrpcLogAppender.java:mayWait(149)) - ee386961-2337-4a8c-9c8d-dbca8671699a@group-8175D73357F8->a7998a79-199c-44f4-b3c2-ea75c49d687d-GrpcLogAppender: Wait interrupted by java.lang.InterruptedException
2019-10-18 14:21:09,030 [grpc-default-executor-0] INFO  impl.RoleInfo (RoleInfo.java:updateAndGet(143)) - ee386961-2337-4a8c-9c8d-dbca8671699a: start FollowerState
2019-10-18 14:21:09,047 [grpc-default-executor-2] INFO  impl.RaftServerImpl (RaftServerImpl.java:setRole(184)) - ee386961-2337-4a8c-9c8d-dbca8671699a@group-8175D73357F8: changes role from  FOLLOWER to FOLLOWER at term 3 for recognizeCandidate:2d385246-963b-498d-9e2e-bc24e50fd0c7
2019-10-18 14:21:09,047 [grpc-default-executor-2] INFO  impl.RoleInfo (RoleInfo.java:shutdownFollowerState(121)) - ee386961-2337-4a8c-9c8d-dbca8671699a: shutdown FollowerState
2019-10-18 14:21:09,047 [Thread-241] INFO  impl.FollowerState (FollowerState.java:run(117)) - ee386961-2337-4a8c-9c8d-dbca8671699a@group-8175D73357F8-FollowerState was interrupted: java.lang.InterruptedException: sleep interrupted
2019-10-18 14:21:09,047 [grpc-default-executor-2] INFO  impl.RoleInfo (RoleInfo.java:updateAndGet(143)) - ee386961-2337-4a8c-9c8d-dbca8671699a: start FollowerState
2019-10-18 14:21:09,055 [a7998a79-199c-44f4-b3c2-ea75c49d687d@group-8175D73357F8-LeaderElection8] INFO  impl.LeaderElection (LeaderElection.java:logAndReturn(56)) - a7998a79-199c-44f4-b3c2-ea75c49d687d@group-8175D73357F8-LeaderElection8: Election REJECTED; received 2 response(s) [a7998a79-199c-44f4-b3c2-ea75c49d687d<-2d385246-963b-498d-9e2e-bc24e50fd0c7#0:FAIL-t3, a7998a79-199c-44f4-b3c2-ea75c49d687d<-ee386961-2337-4a8c-9c8d-dbca8671699a#0:FAIL-t3] and 0 exception(s); a7998a79-199c-44f4-b3c2-ea75c49d687d@group-8175D73357F8:t3, leader=null, voted=a7998a79-199c-44f4-b3c2-ea75c49d687d, raftlog=a7998a79-199c-44f4-b3c2-ea75c49d687d@group-8175D73357F8-SegmentedRaftLog:OPENED:c-1,f-1,i0, conf=-1: [a7998a79-199c-44f4-b3c2-ea75c49d687d:192.168.157.233:46825, 2d385246-963b-498d-9e2e-bc24e50fd0c7:192.168.157.233:40769, ee386961-2337-4a8c-9c8d-dbca8671699a:192.168.157.233:35014], old=null
2019-10-18 14:21:09,055 [a7998a79-199c-44f4-b3c2-ea75c49d687d@group-8175D73357F8-LeaderElection8] INFO  impl.RaftServerImpl (RaftServerImpl.java:setRole(184)) - a7998a79-199c-44f4-b3c2-ea75c49d687d@group-8175D73357F8: changes role from CANDIDATE to FOLLOWER at term 3 for DISCOVERED_A_NEW_TERM
2019-10-18 14:21:09,060 [a7998a79-199c-44f4-b3c2-ea75c49d687d@group-8175D73357F8-LeaderElection8] INFO  impl.RoleInfo (RoleInfo.java:shutdownLeaderElection(134)) - a7998a79-199c-44f4-b3c2-ea75c49d687d: shutdown LeaderElection
2019-10-18 14:21:09,060 [a7998a79-199c-44f4-b3c2-ea75c49d687d@group-8175D73357F8-LeaderElection8] INFO  impl.RoleInfo (RoleInfo.java:updateAndGet(143)) - a7998a79-199c-44f4-b3c2-ea75c49d687d: start FollowerState
2019-10-18 14:21:09,060 [grpc-default-executor-1] INFO  server.GrpcServerProtocolService (GrpcServerProtocolService.java:onCompleted(113)) - 2d385246-963b-498d-9e2e-bc24e50fd0c7: Completed APPEND_ENTRIES, lastRequest: ee386961-2337-4a8c-9c8d-dbca8671699a->2d385246-963b-498d-9e2e-bc24e50fd0c7#0-t2, previous=(t:0, i:0), leaderCommit=-1, initializing? false, entries: <empty>
2019-10-18 14:21:09,060 [grpc-default-executor-4] INFO  server.GrpcServerProtocolService (GrpcServerProtocolService.java:onCompleted(113)) - a7998a79-199c-44f4-b3c2-ea75c49d687d: Completed APPEND_ENTRIES, lastRequest: ee386961-2337-4a8c-9c8d-dbca8671699a->a7998a79-199c-44f4-b3c2-ea75c49d687d#0-t2, previous=(t:0, i:0), leaderCommit=-1, initializing? false, entries: <empty>
2019-10-18 14:21:09,061 [2d385246-963b-498d-9e2e-bc24e50fd0c7@group-8175D73357F8-LeaderElection9] INFO  impl.LeaderElection (LeaderElection.java:logAndReturn(56)) - 2d385246-963b-498d-9e2e-bc24e50fd0c7@group-8175D73357F8-LeaderElection9: Election REJECTED; received 2 response(s) [2d385246-963b-498d-9e2e-bc24e50fd0c7<-a7998a79-199c-44f4-b3c2-ea75c49d687d#0:FAIL-t3, 2d385246-963b-498d-9e2e-bc24e50fd0c7<-ee386961-2337-4a8c-9c8d-dbca8671699a#0:FAIL-t3] and 0 exception(s); 2d385246-963b-498d-9e2e-bc24e50fd0c7@group-8175D73357F8:t3, leader=null, voted=2d385246-963b-498d-9e2e-bc24e50fd0c7, raftlog=2d385246-963b-498d-9e2e-bc24e50fd0c7@group-8175D73357F8-SegmentedRaftLog:OPENED:c-1,f-1,i0, conf=-1: [a7998a79-199c-44f4-b3c2-ea75c49d687d:192.168.157.233:46825, 2d385246-963b-498d-9e2e-bc24e50fd0c7:192.168.157.233:40769, ee386961-2337-4a8c-9c8d-dbca8671699a:192.168.157.233:35014], old=null
2019-10-18 14:21:09,062 [2d385246-963b-498d-9e2e-bc24e50fd0c7@group-8175D73357F8-LeaderElection9] INFO  impl.RaftServerImpl (RaftServerImpl.java:setRole(184)) - 2d385246-963b-498d-9e2e-bc24e50fd0c7@group-8175D73357F8: changes role from CANDIDATE to FOLLOWER at term 3 for DISCOVERED_A_NEW_TERM
2019-10-18 14:21:09,062 [2d385246-963b-498d-9e2e-bc24e50fd0c7@group-8175D73357F8-LeaderElection9] INFO  impl.RoleInfo (RoleInfo.java:shutdownLeaderElection(134)) - 2d385246-963b-498d-9e2e-bc24e50fd0c7: shutdown LeaderElection
2019-10-18 14:21:09,062 [2d385246-963b-498d-9e2e-bc24e50fd0c7@group-8175D73357F8-LeaderElection9] INFO  impl.RoleInfo (RoleInfo.java:updateAndGet(143)) - 2d385246-963b-498d-9e2e-bc24e50fd0c7: start FollowerState
2019-10-18 14:21:09,064 [grpc-default-executor-4] INFO  server.GrpcLogAppender (GrpcLogAppender.java:onCompleted(308)) - ee386961-2337-4a8c-9c8d-dbca8671699a@group-8175D73357F8->2d385246-963b-498d-9e2e-bc24e50fd0c7-AppendLogResponseHandler: follower responses appendEntries COMPLETED
2019-10-18 14:21:09,064 [grpc-default-executor-2] INFO  server.GrpcLogAppender (GrpcLogAppender.java:onCompleted(308)) - ee386961-2337-4a8c-9c8d-dbca8671699a@group-8175D73357F8->a7998a79-199c-44f4-b3c2-ea75c49d687d-AppendLogResponseHandler: follower responses appendEntries COMPLETED
2019-10-18 14:21:09,068 [grpc-default-executor-4] INFO  impl.FollowerInfo (FollowerInfo.java:lambda$new$0(51)) - ee386961-2337-4a8c-9c8d-dbca8671699a@group-8175D73357F8->2d385246-963b-498d-9e2e-bc24e50fd0c7: nextIndex: updateUnconditionally 0 -> 0
2019-10-18 14:21:09,068 [grpc-default-executor-2] INFO  impl.FollowerInfo (FollowerInfo.java:lambda$new$0(51)) - ee386961-2337-4a8c-9c8d-dbca8671699a@group-8175D73357F8->a7998a79-199c-44f4-b3c2-ea75c49d687d: nextIndex: updateUnconditionally 0 -> 0
2019-10-18 14:21:09,139 [Thread-245] INFO  impl.FollowerState (FollowerState.java:run(108)) - 2d385246-963b-498d-9e2e-bc24e50fd0c7@group-8175D73357F8-FollowerState: change to CANDIDATE, lastRpcTime:77ms, electionTimeout:77ms
2019-10-18 14:21:09,139 [Thread-245] INFO  impl.RoleInfo (RoleInfo.java:shutdownFollowerState(121)) - 2d385246-963b-498d-9e2e-bc24e50fd0c7: shutdown FollowerState
2019-10-18 14:21:09,140 [Thread-245] INFO  impl.RaftServerImpl (RaftServerImpl.java:setRole(184)) - 2d385246-963b-498d-9e2e-bc24e50fd0c7@group-8175D73357F8: changes role from  FOLLOWER to CANDIDATE at term 3 for changeToCandidate
2019-10-18 14:21:09,140 [Thread-245] INFO  impl.RoleInfo (RoleInfo.java:updateAndGet(143)) - 2d385246-963b-498d-9e2e-bc24e50fd0c7: start LeaderElection
2019-10-18 14:21:09,140 [Thread-244] INFO  impl.FollowerState (FollowerState.java:run(108)) - a7998a79-199c-44f4-b3c2-ea75c49d687d@group-8175D73357F8-FollowerState: change to CANDIDATE, lastRpcTime:80ms, electionTimeout:79ms
2019-10-18 14:21:09,142 [Thread-244] INFO  impl.RoleInfo (RoleInfo.java:shutdownFollowerState(121)) - a7998a79-199c-44f4-b3c2-ea75c49d687d: shutdown FollowerState
2019-10-18 14:21:09,142 [Thread-244] INFO  impl.RaftServerImpl (RaftServerImpl.java:setRole(184)) - a7998a79-199c-44f4-b3c2-ea75c49d687d@group-8175D73357F8: changes role from  FOLLOWER to CANDIDATE at term 3 for changeToCandidate
2019-10-18 14:21:09,142 [Thread-244] INFO  impl.RoleInfo (RoleInfo.java:updateAndGet(143)) - a7998a79-199c-44f4-b3c2-ea75c49d687d: start LeaderElection
2019-10-18 14:21:09,157 [a7998a79-199c-44f4-b3c2-ea75c49d687d@group-8175D73357F8-LeaderElection11] INFO  impl.LeaderElection (LeaderElection.java:askForVotes(178)) - a7998a79-199c-44f4-b3c2-ea75c49d687d@group-8175D73357F8-LeaderElection11: begin an election at term 4 for -1: [a7998a79-199c-44f4-b3c2-ea75c49d687d:192.168.157.233:46825, 2d385246-963b-498d-9e2e-bc24e50fd0c7:192.168.157.233:40769, ee386961-2337-4a8c-9c8d-dbca8671699a:192.168.157.233:35014], old=null
2019-10-18 14:21:09,157 [2d385246-963b-498d-9e2e-bc24e50fd0c7@group-8175D73357F8-LeaderElection10] INFO  impl.LeaderElection (LeaderElection.java:askForVotes(178)) - 2d385246-963b-498d-9e2e-bc24e50fd0c7@group-8175D73357F8-LeaderElection10: begin an election at term 4 for -1: [a7998a79-199c-44f4-b3c2-ea75c49d687d:192.168.157.233:46825, 2d385246-963b-498d-9e2e-bc24e50fd0c7:192.168.157.233:40769, ee386961-2337-4a8c-9c8d-dbca8671699a:192.168.157.233:35014], old=null
2019-10-18 14:21:09,175 [grpc-default-executor-0] INFO  impl.RaftServerImpl (RaftServerImpl.java:setRole(184)) - ee386961-2337-4a8c-9c8d-dbca8671699a@group-8175D73357F8: changes role from  FOLLOWER to FOLLOWER at term 4 for recognizeCandidate:2d385246-963b-498d-9e2e-bc24e50fd0c7
2019-10-18 14:21:09,176 [grpc-default-executor-0] INFO  impl.RoleInfo (RoleInfo.java:shutdownFollowerState(121)) - ee386961-2337-4a8c-9c8d-dbca8671699a: shutdown FollowerState
2019-10-18 14:21:09,176 [grpc-default-executor-0] INFO  impl.RoleInfo (RoleInfo.java:updateAndGet(143)) - ee386961-2337-4a8c-9c8d-dbca8671699a: start FollowerState
2019-10-18 14:21:09,176 [Thread-243] INFO  impl.FollowerState (FollowerState.java:run(117)) - ee386961-2337-4a8c-9c8d-dbca8671699a@group-8175D73357F8-FollowerState was interrupted: java.lang.InterruptedException: sleep interrupted
2019-10-18 14:21:09,190 [grpc-default-executor-1] INFO  impl.RaftServerImpl (RaftServerImpl.java:setRole(184)) - ee386961-2337-4a8c-9c8d-dbca8671699a@group-8175D73357F8: changes role from  FOLLOWER to FOLLOWER at term 4 for recognizeCandidate:a7998a79-199c-44f4-b3c2-ea75c49d687d
2019-10-18 14:21:09,190 [grpc-default-executor-1] INFO  impl.RoleInfo (RoleInfo.java:shutdownFollowerState(121)) - ee386961-2337-4a8c-9c8d-dbca8671699a: shutdown FollowerState
2019-10-18 14:21:09,190 [Thread-252] INFO  impl.FollowerState (FollowerState.java:run(117)) - ee386961-2337-4a8c-9c8d-dbca8671699a@group-8175D73357F8-FollowerState was interrupted: java.lang.InterruptedException: sleep interrupted
2019-10-18 14:21:09,190 [grpc-default-executor-1] INFO  impl.RoleInfo (RoleInfo.java:updateAndGet(143)) - ee386961-2337-4a8c-9c8d-dbca8671699a: start FollowerState
2019-10-18 14:21:09,193 [2d385246-963b-498d-9e2e-bc24e50fd0c7@group-8175D73357F8-LeaderElection10] INFO  impl.LeaderElection (LeaderElection.java:logAndReturn(56)) - 2d385246-963b-498d-9e2e-bc24e50fd0c7@group-8175D73357F8-LeaderElection10: Election REJECTED; received 2 response(s) [2d385246-963b-498d-9e2e-bc24e50fd0c7<-a7998a79-199c-44f4-b3c2-ea75c49d687d#0:FAIL-t4, 2d385246-963b-498d-9e2e-bc24e50fd0c7<-ee386961-2337-4a8c-9c8d-dbca8671699a#0:FAIL-t4] and 0 exception(s); 2d385246-963b-498d-9e2e-bc24e50fd0c7@group-8175D73357F8:t4, leader=null, voted=2d385246-963b-498d-9e2e-bc24e50fd0c7, raftlog=2d385246-963b-498d-9e2e-bc24e50fd0c7@group-8175D73357F8-SegmentedRaftLog:OPENED:c-1,f-1,i0, conf=-1: [a7998a79-199c-44f4-b3c2-ea75c49d687d:192.168.157.233:46825, 2d385246-963b-498d-9e2e-bc24e50fd0c7:192.168.157.233:40769, ee386961-2337-4a8c-9c8d-dbca8671699a:192.168.157.233:35014], old=null
2019-10-18 14:21:09,193 [2d385246-963b-498d-9e2e-bc24e50fd0c7@group-8175D73357F8-LeaderElection10] INFO  impl.RaftServerImpl (RaftServerImpl.java:setRole(184)) - 2d385246-963b-498d-9e2e-bc24e50fd0c7@group-8175D73357F8: changes role from CANDIDATE to FOLLOWER at term 4 for DISCOVERED_A_NEW_TERM
2019-10-18 14:21:09,194 [2d385246-963b-498d-9e2e-bc24e50fd0c7@group-8175D73357F8-LeaderElection10] INFO  impl.RoleInfo (RoleInfo.java:shutdownLeaderElection(134)) - 2d385246-963b-498d-9e2e-bc24e50fd0c7: shutdown LeaderElection
2019-10-18 14:21:09,194 [a7998a79-199c-44f4-b3c2-ea75c49d687d@group-8175D73357F8-LeaderElection11] INFO  impl.LeaderElection (LeaderElection.java:logAndReturn(56)) - a7998a79-199c-44f4-b3c2-ea75c49d687d@group-8175D73357F8-LeaderElection11: Election REJECTED; received 2 response(s) [a7998a79-199c-44f4-b3c2-ea75c49d687d<-2d385246-963b-498d-9e2e-bc24e50fd0c7#0:FAIL-t4, a7998a79-199c-44f4-b3c2-ea75c49d687d<-ee386961-2337-4a8c-9c8d-dbca8671699a#0:FAIL-t4] and 0 exception(s); a7998a79-199c-44f4-b3c2-ea75c49d687d@group-8175D73357F8:t4, leader=null, voted=a7998a79-199c-44f4-b3c2-ea75c49d687d, raftlog=a7998a79-199c-44f4-b3c2-ea75c49d687d@group-8175D73357F8-SegmentedRaftLog:OPENED:c-1,f-1,i0, conf=-1: [a7998a79-199c-44f4-b3c2-ea75c49d687d:192.168.157.233:46825, 2d385246-963b-498d-9e2e-bc24e50fd0c7:192.168.157.233:40769, ee386961-2337-4a8c-9c8d-dbca8671699a:192.168.157.233:35014], old=null
2019-10-18 14:21:09,195 [a7998a79-199c-44f4-b3c2-ea75c49d687d@group-8175D73357F8-LeaderElection11] INFO  impl.RaftServerImpl (RaftServerImpl.java:setRole(184)) - a7998a79-199c-44f4-b3c2-ea75c49d687d@group-8175D73357F8: changes role from CANDIDATE to FOLLOWER at term 4 for DISCOVERED_A_NEW_TERM
2019-10-18 14:21:09,195 [2d385246-963b-498d-9e2e-bc24e50fd0c7@group-8175D73357F8-LeaderElection10] INFO  impl.RoleInfo (RoleInfo.java:updateAndGet(143)) - 2d385246-963b-498d-9e2e-bc24e50fd0c7: start FollowerState
2019-10-18 14:21:09,197 [a7998a79-199c-44f4-b3c2-ea75c49d687d@group-8175D73357F8-LeaderElection11] INFO  impl.RoleInfo (RoleInfo.java:shutdownLeaderElection(134)) - a7998a79-199c-44f4-b3c2-ea75c49d687d: shutdown LeaderElection
2019-10-18 14:21:09,200 [a7998a79-199c-44f4-b3c2-ea75c49d687d@group-8175D73357F8-LeaderElection11] INFO  impl.RoleInfo (RoleInfo.java:updateAndGet(143)) - a7998a79-199c-44f4-b3c2-ea75c49d687d: start FollowerState
2019-10-18 14:21:09,623 [Thread-254] INFO  impl.FollowerState (FollowerState.java:run(108)) - 2d385246-963b-498d-9e2e-bc24e50fd0c7@group-8175D73357F8-FollowerState: change to CANDIDATE, lastRpcTime:427ms, electionTimeout:158ms
2019-10-18 14:21:09,623 [Thread-255] INFO  impl.FollowerState (FollowerState.java:run(108)) - a7998a79-199c-44f4-b3c2-ea75c49d687d@group-8175D73357F8-FollowerState: change to CANDIDATE, lastRpcTime:423ms, electionTimeout:168ms
2019-10-18 14:21:09,624 [Thread-254] INFO  impl.RoleInfo (RoleInfo.java:shutdownFollowerState(121)) - 2d385246-963b-498d-9e2e-bc24e50fd0c7: shutdown FollowerState
2019-10-18 14:21:09,624 [Thread-255] INFO  impl.RoleInfo (RoleInfo.java:shutdownFollowerState(121)) - a7998a79-199c-44f4-b3c2-ea75c49d687d: shutdown FollowerState
2019-10-18 14:21:09,624 [Thread-254] INFO  impl.RaftServerImpl (RaftServerImpl.java:setRole(184)) - 2d385246-963b-498d-9e2e-bc24e50fd0c7@group-8175D73357F8: changes role from  FOLLOWER to CANDIDATE at term 4 for changeToCandidate
2019-10-18 14:21:09,624 [Thread-255] INFO  impl.RaftServerImpl (RaftServerImpl.java:setRole(184)) - a7998a79-199c-44f4-b3c2-ea75c49d687d@group-8175D73357F8: changes role from  FOLLOWER to CANDIDATE at term 4 for changeToCandidate
2019-10-18 14:21:09,625 [Thread-254] INFO  impl.RoleInfo (RoleInfo.java:updateAndGet(143)) - 2d385246-963b-498d-9e2e-bc24e50fd0c7: start LeaderElection
2019-10-18 14:21:09,625 [Thread-255] INFO  impl.RoleInfo (RoleInfo.java:updateAndGet(143)) - a7998a79-199c-44f4-b3c2-ea75c49d687d: start LeaderElection
2019-10-18 14:21:09,644 [2d385246-963b-498d-9e2e-bc24e50fd0c7@group-8175D73357F8-LeaderElection12] INFO  impl.LeaderElection (LeaderElection.java:askForVotes(178)) - 2d385246-963b-498d-9e2e-bc24e50fd0c7@group-8175D73357F8-LeaderElection12: begin an election at term 5 for -1: [a7998a79-199c-44f4-b3c2-ea75c49d687d:192.168.157.233:46825, 2d385246-963b-498d-9e2e-bc24e50fd0c7:192.168.157.233:40769, ee386961-2337-4a8c-9c8d-dbca8671699a:192.168.157.233:35014], old=null
2019-10-18 14:21:09,644 [a7998a79-199c-44f4-b3c2-ea75c49d687d@group-8175D73357F8-LeaderElection13] INFO  impl.LeaderElection (LeaderElection.java:askForVotes(178)) - a7998a79-199c-44f4-b3c2-ea75c49d687d@group-8175D73357F8-LeaderElection13: begin an election at term 5 for -1: [a7998a79-199c-44f4-b3c2-ea75c49d687d:192.168.157.233:46825, 2d385246-963b-498d-9e2e-bc24e50fd0c7:192.168.157.233:40769, ee386961-2337-4a8c-9c8d-dbca8671699a:192.168.157.233:35014], old=null
2019-10-18 14:21:09,653 [grpc-default-executor-0] INFO  impl.RaftServerImpl (RaftServerImpl.java:setRole(184)) - ee386961-2337-4a8c-9c8d-dbca8671699a@group-8175D73357F8: changes role from  FOLLOWER to FOLLOWER at term 5 for recognizeCandidate:a7998a79-199c-44f4-b3c2-ea75c49d687d
2019-10-18 14:21:09,654 [grpc-default-executor-0] INFO  impl.RoleInfo (RoleInfo.java:shutdownFollowerState(121)) - ee386961-2337-4a8c-9c8d-dbca8671699a: shutdown FollowerState
2019-10-18 14:21:09,654 [Thread-253] INFO  impl.FollowerState (FollowerState.java:run(117)) - ee386961-2337-4a8c-9c8d-dbca8671699a@group-8175D73357F8-FollowerState was interrupted: java.lang.InterruptedException: sleep interrupted
2019-10-18 14:21:09,654 [grpc-default-executor-0] INFO  impl.RoleInfo (RoleInfo.java:updateAndGet(143)) - ee386961-2337-4a8c-9c8d-dbca8671699a: start FollowerState
2019-10-18 14:21:09,669 [grpc-default-executor-1] INFO  impl.RaftServerImpl (RaftServerImpl.java:setRole(184)) - ee386961-2337-4a8c-9c8d-dbca8671699a@group-8175D73357F8: changes role from  FOLLOWER to FOLLOWER at term 5 for recognizeCandidate:2d385246-963b-498d-9e2e-bc24e50fd0c7
2019-10-18 14:21:09,669 [grpc-default-executor-1] INFO  impl.RoleInfo (RoleInfo.java:shutdownFollowerState(121)) - ee386961-2337-4a8c-9c8d-dbca8671699a: shutdown FollowerState
2019-10-18 14:21:09,669 [grpc-default-executor-1] INFO  impl.RoleInfo (RoleInfo.java:updateAndGet(143)) - ee386961-2337-4a8c-9c8d-dbca8671699a: start FollowerState
2019-10-18 14:21:09,669 [Thread-263] INFO  impl.FollowerState (FollowerState.java:run(117)) - ee386961-2337-4a8c-9c8d-dbca8671699a@group-8175D73357F8-FollowerState was interrupted: java.lang.InterruptedException: sleep interrupted
2019-10-18 14:21:09,674 [2d385246-963b-498d-9e2e-bc24e50fd0c7@group-8175D73357F8-LeaderElection12] INFO  impl.LeaderElection (LeaderElection.java:logAndReturn(56)) - 2d385246-963b-498d-9e2e-bc24e50fd0c7@group-8175D73357F8-LeaderElection12: Election TIMEOUT; received 1 response(s) [2d385246-963b-498d-9e2e-bc24e50fd0c7<-a7998a79-199c-44f4-b3c2-ea75c49d687d#0:FAIL-t5] and 0 exception(s); 2d385246-963b-498d-9e2e-bc24e50fd0c7@group-8175D73357F8:t5, leader=null, voted=2d385246-963b-498d-9e2e-bc24e50fd0c7, raftlog=2d385246-963b-498d-9e2e-bc24e50fd0c7@group-8175D73357F8-SegmentedRaftLog:OPENED:c-1,f-1,i0, conf=-1: [a7998a79-199c-44f4-b3c2-ea75c49d687d:192.168.157.233:46825, 2d385246-963b-498d-9e2e-bc24e50fd0c7:192.168.157.233:40769, ee386961-2337-4a8c-9c8d-dbca8671699a:192.168.157.233:35014], old=null
2019-10-18 14:21:09,675 [a7998a79-199c-44f4-b3c2-ea75c49d687d@group-8175D73357F8-LeaderElection13] INFO  impl.LeaderElection (LeaderElection.java:logAndReturn(56)) - a7998a79-199c-44f4-b3c2-ea75c49d687d@group-8175D73357F8-LeaderElection13: Election REJECTED; received 2 response(s) [a7998a79-199c-44f4-b3c2-ea75c49d687d<-2d385246-963b-498d-9e2e-bc24e50fd0c7#0:FAIL-t5, a7998a79-199c-44f4-b3c2-ea75c49d687d<-ee386961-2337-4a8c-9c8d-dbca8671699a#0:FAIL-t5] and 0 exception(s); a7998a79-199c-44f4-b3c2-ea75c49d687d@group-8175D73357F8:t5, leader=null, voted=a7998a79-199c-44f4-b3c2-ea75c49d687d, raftlog=a7998a79-199c-44f4-b3c2-ea75c49d687d@group-8175D73357F8-SegmentedRaftLog:OPENED:c-1,f-1,i0, conf=-1: [a7998a79-199c-44f4-b3c2-ea75c49d687d:192.168.157.233:46825, 2d385246-963b-498d-9e2e-bc24e50fd0c7:192.168.157.233:40769, ee386961-2337-4a8c-9c8d-dbca8671699a:192.168.157.233:35014], old=null
2019-10-18 14:21:09,675 [a7998a79-199c-44f4-b3c2-ea75c49d687d@group-8175D73357F8-LeaderElection13] INFO  impl.RaftServerImpl (RaftServerImpl.java:setRole(184)) - a7998a79-199c-44f4-b3c2-ea75c49d687d@group-8175D73357F8: changes role from CANDIDATE to FOLLOWER at term 5 for DISCOVERED_A_NEW_TERM
2019-10-18 14:21:09,677 [a7998a79-199c-44f4-b3c2-ea75c49d687d@group-8175D73357F8-LeaderElection13] INFO  impl.RoleInfo (RoleInfo.java:shutdownLeaderElection(134)) - a7998a79-199c-44f4-b3c2-ea75c49d687d: shutdown LeaderElection
2019-10-18 14:21:09,677 [a7998a79-199c-44f4-b3c2-ea75c49d687d@group-8175D73357F8-LeaderElection13] INFO  impl.RoleInfo (RoleInfo.java:updateAndGet(143)) - a7998a79-199c-44f4-b3c2-ea75c49d687d: start FollowerState
2019-10-18 14:21:09,684 [main] INFO  rpc.RpcClient (RpcClient.java:createVolume(272)) - Creating Volume: testcontainerstatemachinefailures, with jenkins1000 as owner.
2019-10-18 14:21:09,687 [2d385246-963b-498d-9e2e-bc24e50fd0c7@group-8175D73357F8-LeaderElection12] INFO  impl.LeaderElection (LeaderElection.java:askForVotes(178)) - 2d385246-963b-498d-9e2e-bc24e50fd0c7@group-8175D73357F8-LeaderElection12: begin an election at term 6 for -1: [a7998a79-199c-44f4-b3c2-ea75c49d687d:192.168.157.233:46825, 2d385246-963b-498d-9e2e-bc24e50fd0c7:192.168.157.233:40769, ee386961-2337-4a8c-9c8d-dbca8671699a:192.168.157.233:35014], old=null
2019-10-18 14:21:09,692 [grpc-default-executor-0] INFO  impl.RaftServerImpl (RaftServerImpl.java:setRole(184)) - a7998a79-199c-44f4-b3c2-ea75c49d687d@group-8175D73357F8: changes role from  FOLLOWER to FOLLOWER at term 6 for recognizeCandidate:2d385246-963b-498d-9e2e-bc24e50fd0c7
2019-10-18 14:21:09,692 [grpc-default-executor-1] INFO  impl.RaftServerImpl (RaftServerImpl.java:setRole(184)) - ee386961-2337-4a8c-9c8d-dbca8671699a@group-8175D73357F8: changes role from  FOLLOWER to FOLLOWER at term 6 for recognizeCandidate:2d385246-963b-498d-9e2e-bc24e50fd0c7
2019-10-18 14:21:09,692 [grpc-default-executor-0] INFO  impl.RoleInfo (RoleInfo.java:shutdownFollowerState(121)) - a7998a79-199c-44f4-b3c2-ea75c49d687d: shutdown FollowerState
2019-10-18 14:21:09,693 [grpc-default-executor-1] INFO  impl.RoleInfo (RoleInfo.java:shutdownFollowerState(121)) - ee386961-2337-4a8c-9c8d-dbca8671699a: shutdown FollowerState
2019-10-18 14:21:09,693 [Thread-266] INFO  impl.FollowerState (FollowerState.java:run(117)) - a7998a79-199c-44f4-b3c2-ea75c49d687d@group-8175D73357F8-FollowerState was interrupted: java.lang.InterruptedException: sleep interrupted
2019-10-18 14:21:09,693 [grpc-default-executor-0] INFO  impl.RoleInfo (RoleInfo.java:updateAndGet(143)) - a7998a79-199c-44f4-b3c2-ea75c49d687d: start FollowerState
2019-10-18 14:21:09,693 [Thread-265] INFO  impl.FollowerState (FollowerState.java:run(117)) - ee386961-2337-4a8c-9c8d-dbca8671699a@group-8175D73357F8-FollowerState was interrupted: java.lang.InterruptedException: sleep interrupted
2019-10-18 14:21:09,693 [grpc-default-executor-1] INFO  impl.RoleInfo (RoleInfo.java:updateAndGet(143)) - ee386961-2337-4a8c-9c8d-dbca8671699a: start FollowerState
2019-10-18 14:21:09,712 [2d385246-963b-498d-9e2e-bc24e50fd0c7@group-8175D73357F8-LeaderElection12] INFO  impl.LeaderElection (LeaderElection.java:logAndReturn(56)) - 2d385246-963b-498d-9e2e-bc24e50fd0c7@group-8175D73357F8-LeaderElection12: Election PASSED; received 1 response(s) [2d385246-963b-498d-9e2e-bc24e50fd0c7<-a7998a79-199c-44f4-b3c2-ea75c49d687d#0:OK-t6] and 0 exception(s); 2d385246-963b-498d-9e2e-bc24e50fd0c7@group-8175D73357F8:t6, leader=null, voted=2d385246-963b-498d-9e2e-bc24e50fd0c7, raftlog=2d385246-963b-498d-9e2e-bc24e50fd0c7@group-8175D73357F8-SegmentedRaftLog:OPENED:c-1,f-1,i0, conf=-1: [a7998a79-199c-44f4-b3c2-ea75c49d687d:192.168.157.233:46825, 2d385246-963b-498d-9e2e-bc24e50fd0c7:192.168.157.233:40769, ee386961-2337-4a8c-9c8d-dbca8671699a:192.168.157.233:35014], old=null
2019-10-18 14:21:09,712 [2d385246-963b-498d-9e2e-bc24e50fd0c7@group-8175D73357F8-LeaderElection12] INFO  impl.RoleInfo (RoleInfo.java:shutdownLeaderElection(134)) - 2d385246-963b-498d-9e2e-bc24e50fd0c7: shutdown LeaderElection
2019-10-18 14:21:09,713 [2d385246-963b-498d-9e2e-bc24e50fd0c7@group-8175D73357F8-LeaderElection12] INFO  impl.RaftServerImpl (RaftServerImpl.java:setRole(184)) - 2d385246-963b-498d-9e2e-bc24e50fd0c7@group-8175D73357F8: changes role from CANDIDATE to LEADER at term 6 for changeToLeader
2019-10-18 14:21:09,713 [2d385246-963b-498d-9e2e-bc24e50fd0c7@group-8175D73357F8-LeaderElection12] INFO  impl.RaftServerImpl (ServerState.java:setLeader(256)) - 2d385246-963b-498d-9e2e-bc24e50fd0c7@group-8175D73357F8: change Leader from null to 2d385246-963b-498d-9e2e-bc24e50fd0c7 at term 6 for becomeLeader, leader elected after 1026ms
2019-10-18 14:21:09,714 [2d385246-963b-498d-9e2e-bc24e50fd0c7@group-8175D73357F8-LeaderElection12] INFO  server.RaftServerConfigKeys (ConfUtils.java:logGet(43)) - raft.server.staging.catchup.gap = 1000 (default)
2019-10-18 14:21:09,714 [2d385246-963b-498d-9e2e-bc24e50fd0c7@group-8175D73357F8-LeaderElection12] INFO  server.RaftServerConfigKeys (ConfUtils.java:logGet(43)) - raft.server.rpc.sleep.time = 25ms (default)
2019-10-18 14:21:09,714 [2d385246-963b-498d-9e2e-bc24e50fd0c7@group-8175D73357F8-LeaderElection12] INFO  server.RaftServerConfigKeys (ConfUtils.java:logGet(43)) - raft.server.write.element-limit = 4096 (default)
2019-10-18 14:21:09,714 [2d385246-963b-498d-9e2e-bc24e50fd0c7@group-8175D73357F8-LeaderElection12] INFO  server.RaftServerConfigKeys (ConfUtils.java:logGet(43)) - raft.server.watch.timeout = 10s (default)
2019-10-18 14:21:09,714 [2d385246-963b-498d-9e2e-bc24e50fd0c7@group-8175D73357F8-LeaderElection12] INFO  server.RaftServerConfigKeys (ConfUtils.java:logGet(43)) - raft.server.watch.timeout.denomination = 1s (default)
2019-10-18 14:21:09,714 [2d385246-963b-498d-9e2e-bc24e50fd0c7@group-8175D73357F8-LeaderElection12] INFO  server.RaftServerConfigKeys (ConfUtils.java:logGet(43)) - raft.server.watch.element-limit = 65536 (default)
2019-10-18 14:21:09,717 [2d385246-963b-498d-9e2e-bc24e50fd0c7@group-8175D73357F8-LeaderElection12] INFO  server.RaftServerConfigKeys (ConfUtils.java:logGet(43)) - raft.server.log.appender.snapshot.chunk.size.max = 16MB (=16777216) (default)
2019-10-18 14:21:09,717 [2d385246-963b-498d-9e2e-bc24e50fd0c7@group-8175D73357F8-LeaderElection12] INFO  server.RaftServerConfigKeys (ConfUtils.java:logGet(43)) - raft.server.log.appender.buffer.byte-limit = 33554432 (custom)
2019-10-18 14:21:09,717 [2d385246-963b-498d-9e2e-bc24e50fd0c7@group-8175D73357F8-LeaderElection12] INFO  server.RaftServerConfigKeys (ConfUtils.java:logGet(43)) - raft.server.log.appender.buffer.element-limit = 1 (custom)
2019-10-18 14:21:09,717 [2d385246-963b-498d-9e2e-bc24e50fd0c7@group-8175D73357F8-LeaderElection12] INFO  grpc.GrpcConfigKeys$Server (ConfUtils.java:logGet(43)) - raft.grpc.server.leader.outstanding.appends.max = 128 (default)
2019-10-18 14:21:09,717 [2d385246-963b-498d-9e2e-bc24e50fd0c7@group-8175D73357F8-LeaderElection12] INFO  server.RaftServerConfigKeys (ConfUtils.java:logGet(43)) - raft.server.rpc.request.timeout = 3000ms (default)
2019-10-18 14:21:09,717 [2d385246-963b-498d-9e2e-bc24e50fd0c7@group-8175D73357F8-LeaderElection12] INFO  server.RaftServerConfigKeys (ConfUtils.java:logGet(43)) - raft.server.log.appender.install.snapshot.enabled = false (custom)
2019-10-18 14:21:09,720 [2d385246-963b-498d-9e2e-bc24e50fd0c7@group-8175D73357F8-LeaderElection12] INFO  server.RaftServerConfigKeys (ConfUtils.java:logGet(43)) - raft.server.log.appender.snapshot.chunk.size.max = 16MB (=16777216) (default)
2019-10-18 14:21:09,720 [2d385246-963b-498d-9e2e-bc24e50fd0c7@group-8175D73357F8-LeaderElection12] INFO  server.RaftServerConfigKeys (ConfUtils.java:logGet(43)) - raft.server.log.appender.buffer.byte-limit = 33554432 (custom)
2019-10-18 14:21:09,720 [2d385246-963b-498d-9e2e-bc24e50fd0c7@group-8175D73357F8-LeaderElection12] INFO  server.RaftServerConfigKeys (ConfUtils.java:logGet(43)) - raft.server.log.appender.buffer.element-limit = 1 (custom)
2019-10-18 14:21:09,721 [2d385246-963b-498d-9e2e-bc24e50fd0c7@group-8175D73357F8-LeaderElection12] INFO  grpc.GrpcConfigKeys$Server (ConfUtils.java:logGet(43)) - raft.grpc.server.leader.outstanding.appends.max = 128 (default)
2019-10-18 14:21:09,721 [2d385246-963b-498d-9e2e-bc24e50fd0c7@group-8175D73357F8-LeaderElection12] INFO  server.RaftServerConfigKeys (ConfUtils.java:logGet(43)) - raft.server.rpc.request.timeout = 3000ms (default)
2019-10-18 14:21:09,721 [2d385246-963b-498d-9e2e-bc24e50fd0c7@group-8175D73357F8-LeaderElection12] INFO  server.RaftServerConfigKeys (ConfUtils.java:logGet(43)) - raft.server.log.appender.install.snapshot.enabled = false (custom)
2019-10-18 14:21:09,723 [2d385246-963b-498d-9e2e-bc24e50fd0c7@group-8175D73357F8-LeaderElection12] INFO  impl.RoleInfo (RoleInfo.java:updateAndGet(143)) - 2d385246-963b-498d-9e2e-bc24e50fd0c7: start LeaderState
2019-10-18 14:21:09,723 [2d385246-963b-498d-9e2e-bc24e50fd0c7@group-8175D73357F8-LeaderElection12] INFO  segmented.SegmentedRaftLogWorker (SegmentedRaftLogWorker.java:startLogSegment(385)) - 2d385246-963b-498d-9e2e-bc24e50fd0c7@group-8175D73357F8-SegmentedRaftLogWorker: Starting segment from index:0
2019-10-18 14:21:09,724 [2d385246-963b-498d-9e2e-bc24e50fd0c7@group-8175D73357F8-LeaderElection12] INFO  impl.RaftServerImpl (ServerState.java:setRaftConf(357)) - 2d385246-963b-498d-9e2e-bc24e50fd0c7@group-8175D73357F8: set configuration 0: [a7998a79-199c-44f4-b3c2-ea75c49d687d:192.168.157.233:46825, 2d385246-963b-498d-9e2e-bc24e50fd0c7:192.168.157.233:40769, ee386961-2337-4a8c-9c8d-dbca8671699a:192.168.157.233:35014], old=null at 0
2019-10-18 14:21:09,752 [grpc-default-executor-1] INFO  impl.RaftServerImpl (ServerState.java:setLeader(256)) - a7998a79-199c-44f4-b3c2-ea75c49d687d@group-8175D73357F8: change Leader from null to 2d385246-963b-498d-9e2e-bc24e50fd0c7 at term 6 for appendEntries, leader elected after 1066ms
2019-10-18 14:21:09,753 [grpc-default-executor-0] INFO  impl.RaftServerImpl (ServerState.java:setLeader(256)) - ee386961-2337-4a8c-9c8d-dbca8671699a@group-8175D73357F8: change Leader from null to 2d385246-963b-498d-9e2e-bc24e50fd0c7 at term 6 for appendEntries, leader elected after 747ms
2019-10-18 14:21:09,761 [2d385246-963b-498d-9e2e-bc24e50fd0c7@group-8175D73357F8-SegmentedRaftLogWorker] INFO  segmented.SegmentedRaftLogWorker (SegmentedRaftLogWorker.java:execute(576)) - 2d385246-963b-498d-9e2e-bc24e50fd0c7@group-8175D73357F8-SegmentedRaftLogWorker: created new log segment /workdir/hadoop-ozone/integration-test/target/test-dir/MiniOzoneClusterImpl-b1cd5a49-dfd5-4407-b99d-3d51da0a788c/datanode-2/data/ratis/5a21c002-5003-4cac-9183-8175d73357f8/current/log_inprogress_0
2019-10-18 14:21:09,774 [grpc-default-executor-1] INFO  impl.RaftServerImpl (ServerState.java:setRaftConf(357)) - a7998a79-199c-44f4-b3c2-ea75c49d687d@group-8175D73357F8: set configuration 0: [a7998a79-199c-44f4-b3c2-ea75c49d687d:192.168.157.233:46825, 2d385246-963b-498d-9e2e-bc24e50fd0c7:192.168.157.233:40769, ee386961-2337-4a8c-9c8d-dbca8671699a:192.168.157.233:35014], old=null at 0
2019-10-18 14:21:09,774 [grpc-default-executor-0] INFO  impl.RaftServerImpl (ServerState.java:setRaftConf(357)) - ee386961-2337-4a8c-9c8d-dbca8671699a@group-8175D73357F8: set configuration 0: [a7998a79-199c-44f4-b3c2-ea75c49d687d:192.168.157.233:46825, 2d385246-963b-498d-9e2e-bc24e50fd0c7:192.168.157.233:40769, ee386961-2337-4a8c-9c8d-dbca8671699a:192.168.157.233:35014], old=null at 0
2019-10-18 14:21:09,774 [grpc-default-executor-1] INFO  segmented.SegmentedRaftLogWorker (SegmentedRaftLogWorker.java:startLogSegment(385)) - a7998a79-199c-44f4-b3c2-ea75c49d687d@group-8175D73357F8-SegmentedRaftLogWorker: Starting segment from index:0
2019-10-18 14:21:09,810 [grpc-default-executor-0] INFO  segmented.SegmentedRaftLogWorker (SegmentedRaftLogWorker.java:truncate(401)) - ee386961-2337-4a8c-9c8d-dbca8671699a@group-8175D73357F8-SegmentedRaftLogWorker: Truncating segments toTruncate: null
  toDelete: [(0, 0) isOpen? true, length=0, newEndIndex=-1], start index 0
2019-10-18 14:21:09,811 [grpc-default-executor-0] INFO  segmented.SegmentedRaftLogWorker (SegmentedRaftLogWorker.java:startLogSegment(385)) - ee386961-2337-4a8c-9c8d-dbca8671699a@group-8175D73357F8-SegmentedRaftLogWorker: Starting segment from index:0
2019-10-18 14:21:09,813 [ee386961-2337-4a8c-9c8d-dbca8671699a@group-8175D73357F8-SegmentedRaftLogWorker] INFO  segmented.SegmentedRaftLogWorker (SegmentedRaftLogWorker.java:execute(640)) - ee386961-2337-4a8c-9c8d-dbca8671699a@group-8175D73357F8-SegmentedRaftLogWorker: Deleted log file /workdir/hadoop-ozone/integration-test/target/test-dir/MiniOzoneClusterImpl-b1cd5a49-dfd5-4407-b99d-3d51da0a788c/datanode-0/data/ratis/5a21c002-5003-4cac-9183-8175d73357f8/current/log_inprogress_0
2019-10-18 14:21:09,813 [ee386961-2337-4a8c-9c8d-dbca8671699a@group-8175D73357F8-SegmentedRaftLogWorker] INFO  segmented.SegmentedRaftLogWorker (SegmentedRaftLogWorker.java:lambda$new$0(128)) - ee386961-2337-4a8c-9c8d-dbca8671699a@group-8175D73357F8-SegmentedRaftLogWorker: flushIndex: setUnconditionally 0 -> -1
2019-10-18 14:21:09,819 [a7998a79-199c-44f4-b3c2-ea75c49d687d@group-8175D73357F8-SegmentedRaftLogWorker] INFO  segmented.SegmentedRaftLogWorker (SegmentedRaftLogWorker.java:execute(576)) - a7998a79-199c-44f4-b3c2-ea75c49d687d@group-8175D73357F8-SegmentedRaftLogWorker: created new log segment /workdir/hadoop-ozone/integration-test/target/test-dir/MiniOzoneClusterImpl-b1cd5a49-dfd5-4407-b99d-3d51da0a788c/datanode-1/data/ratis/5a21c002-5003-4cac-9183-8175d73357f8/current/log_inprogress_0
2019-10-18 14:21:09,852 [ee386961-2337-4a8c-9c8d-dbca8671699a@group-8175D73357F8-SegmentedRaftLogWorker] INFO  segmented.SegmentedRaftLogWorker (SegmentedRaftLogWorker.java:execute(576)) - ee386961-2337-4a8c-9c8d-dbca8671699a@group-8175D73357F8-SegmentedRaftLogWorker: created new log segment /workdir/hadoop-ozone/integration-test/target/test-dir/MiniOzoneClusterImpl-b1cd5a49-dfd5-4407-b99d-3d51da0a788c/datanode-0/data/ratis/5a21c002-5003-4cac-9183-8175d73357f8/current/log_inprogress_0
2019-10-18 14:21:09,857 [IPC Server handler 0 on 39283] INFO  volume.OMVolumeCreateRequest (OMVolumeCreateRequest.java:validateAndUpdateCache(193)) - created volume:testcontainerstatemachinefailures for user:jenkins1000
2019-10-18 14:21:09,880 [main] INFO  rpc.RpcClient (RpcClient.java:createBucket(411)) - Creating Bucket: testcontainerstatemachinefailures/testcontainerstatemachinefailures, with Versioning false and Storage Type set to DISK and Encryption set to false 
2019-10-18 14:21:10,035 [main] INFO  impl.MetricsSystemImpl (MetricsSystemImpl.java:init(158)) - XceiverClientMetrics metrics system started (again)
2019-10-18 14:21:10,561 [Thread-181] INFO  container.ReplicationManager (ReplicationManager.java:start(162)) - Starting Replication Monitor Thread.
2019-10-18 14:21:10,563 [ReplicationMonitor] INFO  container.ReplicationManager (ReplicationManager.java:run(225)) - Replication Monitor Thread took 0 milliseconds for processing 1 containers.
2019-10-18 14:21:10,595 [Datanode State Machine Thread - 0] INFO  statemachine.DatanodeStateMachine (DatanodeStateMachine.java:lambda$startDaemon$0(350)) - Ozone container server started.
2019-10-18 14:21:15,523 [main] INFO  ozoneimpl.OzoneContainer (OzoneContainer.java:stop(244)) - Attempting to stop container services.
2019-10-18 14:21:15,524 [main] INFO  impl.RaftServerProxy (RaftServerProxy.java:lambda$close$4(314)) - a7998a79-199c-44f4-b3c2-ea75c49d687d: close
2019-10-18 14:21:15,526 [main] INFO  impl.RaftServerImpl (RaftServerImpl.java:lambda$shutdown$3(261)) - a7998a79-199c-44f4-b3c2-ea75c49d687d@group-8175D73357F8: shutdown
2019-10-18 14:21:15,526 [main] INFO  util.JmxRegister (JmxRegister.java:unregister(73)) - Successfully un-registered JMX Bean with object name Ratis:service=RaftServer,group=group-8175D73357F8,id=a7998a79-199c-44f4-b3c2-ea75c49d687d
2019-10-18 14:21:15,527 [main] INFO  impl.RoleInfo (RoleInfo.java:shutdownFollowerState(121)) - a7998a79-199c-44f4-b3c2-ea75c49d687d: shutdown FollowerState
2019-10-18 14:21:15,527 [main] INFO  impl.StateMachineUpdater (StateMachineUpdater.java:stopAndJoin(136)) - a7998a79-199c-44f4-b3c2-ea75c49d687d@group-8175D73357F8-StateMachineUpdater: set stopIndex = 4
2019-10-18 14:21:15,527 [a7998a79-199c-44f4-b3c2-ea75c49d687d@group-8175D73357F8-StateMachineUpdater] INFO  ratis.ContainerStateMachine (ContainerStateMachine.java:takeSnapshot(294)) - group-8175D73357F8: Taking a snapshot at:(t:6, i:3) file /workdir/hadoop-ozone/integration-test/target/test-dir/MiniOzoneClusterImpl-b1cd5a49-dfd5-4407-b99d-3d51da0a788c/datanode-1/data/ratis/5a21c002-5003-4cac-9183-8175d73357f8/sm/snapshot.6_3
2019-10-18 14:21:15,527 [Thread-269] INFO  impl.FollowerState (FollowerState.java:run(117)) - a7998a79-199c-44f4-b3c2-ea75c49d687d@group-8175D73357F8-FollowerState was interrupted: java.lang.InterruptedException: sleep interrupted
2019-10-18 14:21:15,647 [a7998a79-199c-44f4-b3c2-ea75c49d687d@group-8175D73357F8-StateMachineUpdater] INFO  ratis.ContainerStateMachine (ContainerStateMachine.java:takeSnapshot(305)) - group-8175D73357F8: Finished taking a snapshot at:(t:6, i:3) file:/workdir/hadoop-ozone/integration-test/target/test-dir/MiniOzoneClusterImpl-b1cd5a49-dfd5-4407-b99d-3d51da0a788c/datanode-1/data/ratis/5a21c002-5003-4cac-9183-8175d73357f8/sm/snapshot.6_3 time:120
2019-10-18 14:21:15,649 [a7998a79-199c-44f4-b3c2-ea75c49d687d@group-8175D73357F8-StateMachineUpdater] INFO  impl.StateMachineUpdater (StateMachineUpdater.java:takeSnapshot(269)) - a7998a79-199c-44f4-b3c2-ea75c49d687d@group-8175D73357F8-StateMachineUpdater: Took a snapshot at index 3
2019-10-18 14:21:15,651 [a7998a79-199c-44f4-b3c2-ea75c49d687d@group-8175D73357F8-StateMachineUpdater] INFO  impl.StateMachineUpdater (StateMachineUpdater.java:lambda$new$0(84)) - a7998a79-199c-44f4-b3c2-ea75c49d687d@group-8175D73357F8-StateMachineUpdater: snapshotIndex: updateIncreasingly -1 -> 3
2019-10-18 14:21:15,656 [a7998a79-199c-44f4-b3c2-ea75c49d687d@group-8175D73357F8-StateMachineUpdater] INFO  ratis.ContainerStateMachine (ContainerStateMachine.java:takeSnapshot(294)) - group-8175D73357F8: Taking a snapshot at:(t:6, i:3) file /workdir/hadoop-ozone/integration-test/target/test-dir/MiniOzoneClusterImpl-b1cd5a49-dfd5-4407-b99d-3d51da0a788c/datanode-1/data/ratis/5a21c002-5003-4cac-9183-8175d73357f8/sm/snapshot.6_3
2019-10-18 14:21:15,669 [a7998a79-199c-44f4-b3c2-ea75c49d687d@group-8175D73357F8-StateMachineUpdater] INFO  ratis.ContainerStateMachine (ContainerStateMachine.java:takeSnapshot(305)) - group-8175D73357F8: Finished taking a snapshot at:(t:6, i:3) file:/workdir/hadoop-ozone/integration-test/target/test-dir/MiniOzoneClusterImpl-b1cd5a49-dfd5-4407-b99d-3d51da0a788c/datanode-1/data/ratis/5a21c002-5003-4cac-9183-8175d73357f8/sm/snapshot.6_3 time:12
2019-10-18 14:21:15,669 [a7998a79-199c-44f4-b3c2-ea75c49d687d@group-8175D73357F8-StateMachineUpdater] INFO  impl.StateMachineUpdater (StateMachineUpdater.java:takeSnapshot(269)) - a7998a79-199c-44f4-b3c2-ea75c49d687d@group-8175D73357F8-StateMachineUpdater: Took a snapshot at index 3
2019-10-18 14:21:15,669 [a7998a79-199c-44f4-b3c2-ea75c49d687d@group-8175D73357F8-StateMachineUpdater] INFO  impl.StateMachineUpdater (StateMachineUpdater.java:lambda$new$0(84)) - a7998a79-199c-44f4-b3c2-ea75c49d687d@group-8175D73357F8-StateMachineUpdater: snapshotIndex: updateIncreasingly 3 -> 3
2019-10-18 14:21:15,670 [main] INFO  impl.RaftServerImpl (ServerState.java:close(388)) - a7998a79-199c-44f4-b3c2-ea75c49d687d@group-8175D73357F8: closes. applyIndex: 4
2019-10-18 14:21:15,671 [a7998a79-199c-44f4-b3c2-ea75c49d687d@group-8175D73357F8-SegmentedRaftLogWorker] INFO  segmented.SegmentedRaftLogWorker (SegmentedRaftLogWorker.java:run(316)) - a7998a79-199c-44f4-b3c2-ea75c49d687d@group-8175D73357F8-SegmentedRaftLogWorker was interrupted, exiting. There are 0 tasks remaining in the queue.
2019-10-18 14:21:15,673 [main] INFO  segmented.SegmentedRaftLogWorker (SegmentedRaftLogWorker.java:close(224)) - a7998a79-199c-44f4-b3c2-ea75c49d687d@group-8175D73357F8-SegmentedRaftLogWorker close()
2019-10-18 14:21:15,675 [main] INFO  impl.RaftServerImpl (RaftServerImpl.java:lambda$shutdown$3(261)) - a7998a79-199c-44f4-b3c2-ea75c49d687d@group-28BB12465C01: shutdown
2019-10-18 14:21:15,675 [main] INFO  util.JmxRegister (JmxRegister.java:unregister(73)) - Successfully un-registered JMX Bean with object name Ratis:service=RaftServer,group=group-28BB12465C01,id=a7998a79-199c-44f4-b3c2-ea75c49d687d
2019-10-18 14:21:15,676 [main] INFO  impl.RoleInfo (RoleInfo.java:shutdownLeaderState(104)) - a7998a79-199c-44f4-b3c2-ea75c49d687d: shutdown LeaderState
2019-10-18 14:21:15,676 [main] INFO  impl.PendingRequests (PendingRequests.java:sendNotLeaderResponses(202)) - a7998a79-199c-44f4-b3c2-ea75c49d687d@group-28BB12465C01-PendingRequests: sendNotLeaderResponses
2019-10-18 14:21:15,677 [main] INFO  impl.StateMachineUpdater (StateMachineUpdater.java:stopAndJoin(136)) - a7998a79-199c-44f4-b3c2-ea75c49d687d@group-28BB12465C01-StateMachineUpdater: set stopIndex = 0
2019-10-18 14:21:15,677 [main] INFO  impl.RaftServerImpl (ServerState.java:close(388)) - a7998a79-199c-44f4-b3c2-ea75c49d687d@group-28BB12465C01: closes. applyIndex: 0
2019-10-18 14:21:15,678 [a7998a79-199c-44f4-b3c2-ea75c49d687d@group-28BB12465C01-SegmentedRaftLogWorker] INFO  segmented.SegmentedRaftLogWorker (SegmentedRaftLogWorker.java:run(316)) - a7998a79-199c-44f4-b3c2-ea75c49d687d@group-28BB12465C01-SegmentedRaftLogWorker was interrupted, exiting. There are 0 tasks remaining in the queue.
2019-10-18 14:21:15,679 [main] INFO  segmented.SegmentedRaftLogWorker (SegmentedRaftLogWorker.java:close(224)) - a7998a79-199c-44f4-b3c2-ea75c49d687d@group-28BB12465C01-SegmentedRaftLogWorker close()
2019-10-18 14:21:15,681 [main] INFO  server.GrpcService (GrpcService.java:closeImpl(164)) - a7998a79-199c-44f4-b3c2-ea75c49d687d: shutdown server with port 46825 now
2019-10-18 14:21:15,689 [grpc-default-executor-4] WARN  server.GrpcServerProtocolService (LogUtils.java:warn(134)) - a7998a79-199c-44f4-b3c2-ea75c49d687d: installSnapshot onError, lastRequest: 2d385246-963b-498d-9e2e-bc24e50fd0c7->a7998a79-199c-44f4-b3c2-ea75c49d687d#7-t6, previous=(t:6, i:4), leaderCommit=4, initializing? false, entries: <empty>: org.apache.ratis.thirdparty.io.grpc.StatusRuntimeException: CANCELLED: cancelled before receiving half close
2019-10-18 14:21:15,690 [main] INFO  server.GrpcService (GrpcService.java:closeImpl(172)) - a7998a79-199c-44f4-b3c2-ea75c49d687d: shutdown server with port 46825 successfully
2019-10-18 14:21:15,692 [grpc-default-executor-0] WARN  server.GrpcLogAppender (LogUtils.java:warn(134)) - 2d385246-963b-498d-9e2e-bc24e50fd0c7@group-8175D73357F8->a7998a79-199c-44f4-b3c2-ea75c49d687d-AppendLogResponseHandler: Failed appendEntries: org.apache.ratis.thirdparty.io.grpc.StatusRuntimeException: CANCELLED: HTTP/2 error code: CANCEL
Received Rst Stream
2019-10-18 14:21:15,697 [refreshUsed-/workdir/hadoop-ozone/integration-test/target/test-dir/MiniOzoneClusterImpl-b1cd5a49-dfd5-4407-b99d-3d51da0a788c/datanode-1/data/containers] WARN  fs.CachingGetSpaceUsed (CachingGetSpaceUsed.java:run(183)) - Thread Interrupted waiting to refresh disk information: sleep interrupted
2019-10-18 14:21:15,712 [main] INFO  utils.BackgroundService (BackgroundService.java:shutdown(151)) - Shutting down service BlockDeletingService
2019-10-18 14:21:15,715 [main] INFO  statemachine.DatanodeStateMachine (DatanodeStateMachine.java:stopDaemon(395)) - Ozone container server stopped.
2019-10-18 14:21:15,718 [main] INFO  handler.ContextHandler (ContextHandler.java:doStop(910)) - Stopped o.e.j.w.WebAppContext@658255aa{/,null,UNAVAILABLE}{/hddsDatanode}
2019-10-18 14:21:15,724 [main] INFO  server.AbstractConnector (AbstractConnector.java:doStop(318)) - Stopped ServerConnector@25290bca{HTTP/1.1,[http/1.1]}{0.0.0.0:0}
2019-10-18 14:21:15,724 [main] INFO  handler.ContextHandler (ContextHandler.java:doStop(910)) - Stopped o.e.j.s.ServletContextHandler@14b789f6{/static,jar:file:/home/user/.m2/repository/org/apache/hadoop/hadoop-hdds-container-service/0.5.0-SNAPSHOT/hadoop-hdds-container-service-0.5.0-SNAPSHOT.jar!/webapps/static,UNAVAILABLE}
2019-10-18 14:21:15,725 [main] INFO  handler.ContextHandler (ContextHandler.java:doStop(910)) - Stopped o.e.j.s.ServletContextHandler@34d52ecd{/logs,file:///workdir/hadoop-ozone/integration-test/target/log,UNAVAILABLE}
2019-10-18 14:21:18,731 [java.util.concurrent.ThreadPoolExecutor$Worker@5bad3adb[State = -1, empty queue]] WARN  server.GrpcLogAppender (GrpcLogAppender.java:timeoutAppendRequest(209)) - 2d385246-963b-498d-9e2e-bc24e50fd0c7@group-8175D73357F8->a7998a79-199c-44f4-b3c2-ea75c49d687d-GrpcLogAppender: appendEntries Timeout, request=2d385246-963b-498d-9e2e-bc24e50fd0c7->a7998a79-199c-44f4-b3c2-ea75c49d687d#8-t6, previous=(t:6, i:4), leaderCommit=4, initializing? false, entries: size=1, first=(t:6, i:5), STATEMACHINELOGENTRY, client-49F5F9D51947, cid=8
2019-10-18 14:21:18,732 [java.util.concurrent.ThreadPoolExecutor$Worker@5bad3adb[State = -1, empty queue]] WARN  server.GrpcLogAppender (GrpcLogAppender.java:timeoutAppendRequest(209)) - 2d385246-963b-498d-9e2e-bc24e50fd0c7@group-8175D73357F8->a7998a79-199c-44f4-b3c2-ea75c49d687d-GrpcLogAppender: appendEntries Timeout, request=2d385246-963b-498d-9e2e-bc24e50fd0c7->a7998a79-199c-44f4-b3c2-ea75c49d687d#9-t6, previous=(t:6, i:5), leaderCommit=4, initializing? false, entries: size=1, first=(t:6, i:6), STATEMACHINELOGENTRY, client-49F5F9D51947, cid=9
2019-10-18 14:21:18,753 [java.util.concurrent.ThreadPoolExecutor$Worker@5bad3adb[State = -1, empty queue]] WARN  server.GrpcLogAppender (GrpcLogAppender.java:timeoutAppendRequest(209)) - 2d385246-963b-498d-9e2e-bc24e50fd0c7@group-8175D73357F8->a7998a79-199c-44f4-b3c2-ea75c49d687d-GrpcLogAppender: appendEntries Timeout, request=2d385246-963b-498d-9e2e-bc24e50fd0c7->a7998a79-199c-44f4-b3c2-ea75c49d687d#10-t6, previous=(t:6, i:6), leaderCommit=6, initializing? false, entries: size=1, first=(t:6, i:7), METADATAENTRY(c5)
2019-10-18 14:21:18,753 [java.util.concurrent.ThreadPoolExecutor$Worker@5bad3adb[State = -1, empty queue]] WARN  server.GrpcLogAppender (GrpcLogAppender.java:timeoutAppendRequest(209)) - 2d385246-963b-498d-9e2e-bc24e50fd0c7@group-8175D73357F8->a7998a79-199c-44f4-b3c2-ea75c49d687d-GrpcLogAppender: appendEntries Timeout, request=2d385246-963b-498d-9e2e-bc24e50fd0c7->a7998a79-199c-44f4-b3c2-ea75c49d687d#11-t6, previous=(t:6, i:7), leaderCommit=6, initializing? false, entries: size=1, first=(t:6, i:8), METADATAENTRY(c6)
2019-10-18 14:21:21,255 [java.util.concurrent.ThreadPoolExecutor$Worker@5bad3adb[State = -1, empty queue]] WARN  server.GrpcLogAppender (GrpcLogAppender.java:timeoutAppendRequest(209)) - 2d385246-963b-498d-9e2e-bc24e50fd0c7@group-8175D73357F8->a7998a79-199c-44f4-b3c2-ea75c49d687d-GrpcLogAppender: appendEntries Timeout, request=2d385246-963b-498d-9e2e-bc24e50fd0c7->a7998a79-199c-44f4-b3c2-ea75c49d687d#12-t6, previous=(t:6, i:8), leaderCommit=8, initializing? false, entries: <empty>
2019-10-18 14:21:23,756 [java.util.concurrent.ThreadPoolExecutor$Worker@5bad3adb[State = -1, empty queue]] WARN  server.GrpcLogAppender (GrpcLogAppender.java:timeoutAppendRequest(209)) - 2d385246-963b-498d-9e2e-bc24e50fd0c7@group-8175D73357F8->a7998a79-199c-44f4-b3c2-ea75c49d687d-GrpcLogAppender: appendEntries Timeout, request=2d385246-963b-498d-9e2e-bc24e50fd0c7->a7998a79-199c-44f4-b3c2-ea75c49d687d#13-t6, previous=(t:6, i:8), leaderCommit=8, initializing? false, entries: <empty>
2019-10-18 14:21:24,790 [Thread-328] INFO  client.GrpcClientProtocolService (GrpcClientProtocolService.java:lambda$processClientRequest$0(278)) - Failed RaftClientRequest:client-49F5F9D51947->ee386961-2337-4a8c-9c8d-dbca8671699a@group-8175D73357F8, cid=10, seq=0, Watch-ALL_COMMITTED(6), Message:<EMPTY>, reply=RaftClientReply:client-49F5F9D51947->ee386961-2337-4a8c-9c8d-dbca8671699a@group-8175D73357F8, cid=10, FAILED org.apache.ratis.protocol.NotLeaderException: Server ee386961-2337-4a8c-9c8d-dbca8671699a@group-8175D73357F8 is not the leader 2d385246-963b-498d-9e2e-bc24e50fd0c7:192.168.157.233:40769, logIndex=0, commits[ee386961-2337-4a8c-9c8d-dbca8671699a:c8, a7998a79-199c-44f4-b3c2-ea75c49d687d:c4, 2d385246-963b-498d-9e2e-bc24e50fd0c7:c8]
2019-10-18 14:21:26,257 [java.util.concurrent.ThreadPoolExecutor$Worker@5bad3adb[State = -1, empty queue]] WARN  server.GrpcLogAppender (GrpcLogAppender.java:timeoutAppendRequest(209)) - 2d385246-963b-498d-9e2e-bc24e50fd0c7@group-8175D73357F8->a7998a79-199c-44f4-b3c2-ea75c49d687d-GrpcLogAppender: appendEntries Timeout, request=2d385246-963b-498d-9e2e-bc24e50fd0c7->a7998a79-199c-44f4-b3c2-ea75c49d687d#14-t6, previous=(t:6, i:8), leaderCommit=8, initializing? false, entries: <empty>
2019-10-18 14:21:26,588 [Thread-332] INFO  client.GrpcClientProtocolService (GrpcClientProtocolService.java:lambda$processClientRequest$0(278)) - Failed RaftClientRequest:client-49F5F9D51947->2d385246-963b-498d-9e2e-bc24e50fd0c7@group-8175D73357F8, cid=10, seq=0, Watch-ALL_COMMITTED(6), Message:<EMPTY>, reply=RaftClientReply:client-49F5F9D51947->2d385246-963b-498d-9e2e-bc24e50fd0c7@group-8175D73357F8, cid=10, FAILED org.apache.ratis.protocol.NotReplicatedException: Request with call Id 10 and log index 6 is not yet replicated to ALL_COMMITTED, logIndex=6, commits[2d385246-963b-498d-9e2e-bc24e50fd0c7:c8, a7998a79-199c-44f4-b3c2-ea75c49d687d:c4, ee386961-2337-4a8c-9c8d-dbca8671699a:c8]
2019-10-18 14:21:28,758 [java.util.concurrent.ThreadPoolExecutor$Worker@5bad3adb[State = -1, empty queue]] WARN  server.GrpcLogAppender (GrpcLogAppender.java:timeoutAppendRequest(209)) - 2d385246-963b-498d-9e2e-bc24e50fd0c7@group-8175D73357F8->a7998a79-199c-44f4-b3c2-ea75c49d687d-GrpcLogAppender: appendEntries Timeout, request=2d385246-963b-498d-9e2e-bc24e50fd0c7->a7998a79-199c-44f4-b3c2-ea75c49d687d#15-t6, previous=(t:6, i:8), leaderCommit=8, initializing? false, entries: <empty>
2019-10-18 14:21:31,260 [java.util.concurrent.ThreadPoolExecutor$Worker@5bad3adb[State = -1, empty queue]] WARN  server.GrpcLogAppender (GrpcLogAppender.java:timeoutAppendRequest(209)) - 2d385246-963b-498d-9e2e-bc24e50fd0c7@group-8175D73357F8->a7998a79-199c-44f4-b3c2-ea75c49d687d-GrpcLogAppender: appendEntries Timeout, request=2d385246-963b-498d-9e2e-bc24e50fd0c7->a7998a79-199c-44f4-b3c2-ea75c49d687d#16-t6, previous=(t:6, i:8), leaderCommit=8, initializing? false, entries: <empty>
2019-10-18 14:21:33,761 [java.util.concurrent.ThreadPoolExecutor$Worker@5bad3adb[State = -1, empty queue]] WARN  server.GrpcLogAppender (GrpcLogAppender.java:timeoutAppendRequest(209)) - 2d385246-963b-498d-9e2e-bc24e50fd0c7@group-8175D73357F8->a7998a79-199c-44f4-b3c2-ea75c49d687d-GrpcLogAppender: appendEntries Timeout, request=2d385246-963b-498d-9e2e-bc24e50fd0c7->a7998a79-199c-44f4-b3c2-ea75c49d687d#17-t6, previous=(t:6, i:8), leaderCommit=8, initializing? false, entries: <empty>
2019-10-18 14:21:33,828 [Thread-338] INFO  client.GrpcClientProtocolService (GrpcClientProtocolService.java:lambda$processClientRequest$0(278)) - Failed RaftClientRequest:client-49F5F9D51947->ee386961-2337-4a8c-9c8d-dbca8671699a@group-8175D73357F8, cid=10, seq=0, Watch-ALL_COMMITTED(6), Message:<EMPTY>, reply=RaftClientReply:client-49F5F9D51947->ee386961-2337-4a8c-9c8d-dbca8671699a@group-8175D73357F8, cid=10, FAILED org.apache.ratis.protocol.NotLeaderException: Server ee386961-2337-4a8c-9c8d-dbca8671699a@group-8175D73357F8 is not the leader 2d385246-963b-498d-9e2e-bc24e50fd0c7:192.168.157.233:40769, logIndex=0, commits[ee386961-2337-4a8c-9c8d-dbca8671699a:c8, a7998a79-199c-44f4-b3c2-ea75c49d687d:c4, 2d385246-963b-498d-9e2e-bc24e50fd0c7:c8]
2019-10-18 14:21:35,585 [Thread-341] INFO  client.GrpcClientProtocolService (GrpcClientProtocolService.java:lambda$processClientRequest$0(278)) - Failed RaftClientRequest:client-49F5F9D51947->2d385246-963b-498d-9e2e-bc24e50fd0c7@group-8175D73357F8, cid=10, seq=0, Watch-ALL_COMMITTED(6), Message:<EMPTY>, reply=RaftClientReply:client-49F5F9D51947->2d385246-963b-498d-9e2e-bc24e50fd0c7@group-8175D73357F8, cid=10, FAILED org.apache.ratis.protocol.NotReplicatedException: Request with call Id 10 and log index 6 is not yet replicated to ALL_COMMITTED, logIndex=6, commits[2d385246-963b-498d-9e2e-bc24e50fd0c7:c8, a7998a79-199c-44f4-b3c2-ea75c49d687d:c4, ee386961-2337-4a8c-9c8d-dbca8671699a:c8]
2019-10-18 14:21:36,262 [java.util.concurrent.ThreadPoolExecutor$Worker@5bad3adb[State = -1, empty queue]] WARN  server.GrpcLogAppender (GrpcLogAppender.java:timeoutAppendRequest(209)) - 2d385246-963b-498d-9e2e-bc24e50fd0c7@group-8175D73357F8->a7998a79-199c-44f4-b3c2-ea75c49d687d-GrpcLogAppender: appendEntries Timeout, request=2d385246-963b-498d-9e2e-bc24e50fd0c7->a7998a79-199c-44f4-b3c2-ea75c49d687d#18-t6, previous=(t:6, i:8), leaderCommit=8, initializing? false, entries: <empty>
2019-10-18 14:21:38,763 [java.util.concurrent.ThreadPoolExecutor$Worker@5bad3adb[State = -1, empty queue]] WARN  server.GrpcLogAppender (GrpcLogAppender.java:timeoutAppendRequest(209)) - 2d385246-963b-498d-9e2e-bc24e50fd0c7@group-8175D73357F8->a7998a79-199c-44f4-b3c2-ea75c49d687d-GrpcLogAppender: appendEntries Timeout, request=2d385246-963b-498d-9e2e-bc24e50fd0c7->a7998a79-199c-44f4-b3c2-ea75c49d687d#19-t6, previous=(t:6, i:8), leaderCommit=8, initializing? false, entries: <empty>
2019-10-18 14:21:41,266 [java.util.concurrent.ThreadPoolExecutor$Worker@5bad3adb[State = -1, empty queue]] WARN  server.GrpcLogAppender (GrpcLogAppender.java:timeoutAppendRequest(209)) - 2d385246-963b-498d-9e2e-bc24e50fd0c7@group-8175D73357F8->a7998a79-199c-44f4-b3c2-ea75c49d687d-GrpcLogAppender: appendEntries Timeout, request=2d385246-963b-498d-9e2e-bc24e50fd0c7->a7998a79-199c-44f4-b3c2-ea75c49d687d#20-t6, previous=(t:6, i:8), leaderCommit=8, initializing? false, entries: <empty>
2019-10-18 14:21:43,770 [java.util.concurrent.ThreadPoolExecutor$Worker@5bad3adb[State = -1, empty queue]] WARN  server.GrpcLogAppender (GrpcLogAppender.java:timeoutAppendRequest(209)) - 2d385246-963b-498d-9e2e-bc24e50fd0c7@group-8175D73357F8->a7998a79-199c-44f4-b3c2-ea75c49d687d-GrpcLogAppender: appendEntries Timeout, request=2d385246-963b-498d-9e2e-bc24e50fd0c7->a7998a79-199c-44f4-b3c2-ea75c49d687d#21-t6, previous=(t:6, i:8), leaderCommit=8, initializing? false, entries: <empty>
2019-10-18 14:21:43,884 [Thread-350] INFO  client.GrpcClientProtocolService (GrpcClientProtocolService.java:lambda$processClientRequest$0(278)) - Failed RaftClientRequest:client-49F5F9D51947->ee386961-2337-4a8c-9c8d-dbca8671699a@group-8175D73357F8, cid=10, seq=0, Watch-ALL_COMMITTED(6), Message:<EMPTY>, reply=RaftClientReply:client-49F5F9D51947->ee386961-2337-4a8c-9c8d-dbca8671699a@group-8175D73357F8, cid=10, FAILED org.apache.ratis.protocol.NotLeaderException: Server ee386961-2337-4a8c-9c8d-dbca8671699a@group-8175D73357F8 is not the leader 2d385246-963b-498d-9e2e-bc24e50fd0c7:192.168.157.233:40769, logIndex=0, commits[ee386961-2337-4a8c-9c8d-dbca8671699a:c8, a7998a79-199c-44f4-b3c2-ea75c49d687d:c4, 2d385246-963b-498d-9e2e-bc24e50fd0c7:c8]
2019-10-18 14:21:44,584 [Thread-353] INFO  client.GrpcClientProtocolService (GrpcClientProtocolService.java:lambda$processClientRequest$0(278)) - Failed RaftClientRequest:client-49F5F9D51947->2d385246-963b-498d-9e2e-bc24e50fd0c7@group-8175D73357F8, cid=10, seq=0, Watch-ALL_COMMITTED(6), Message:<EMPTY>, reply=RaftClientReply:client-49F5F9D51947->2d385246-963b-498d-9e2e-bc24e50fd0c7@group-8175D73357F8, cid=10, FAILED org.apache.ratis.protocol.NotReplicatedException: Request with call Id 10 and log index 6 is not yet replicated to ALL_COMMITTED, logIndex=6, commits[2d385246-963b-498d-9e2e-bc24e50fd0c7:c8, a7998a79-199c-44f4-b3c2-ea75c49d687d:c4, ee386961-2337-4a8c-9c8d-dbca8671699a:c8]
2019-10-18 14:21:45,771 [main] WARN  scm.XceiverClientRatis (XceiverClientRatis.java:watchForCommit(277)) - 3 way commit failed on pipeline Pipeline[ Id: 5a21c002-5003-4cac-9183-8175d73357f8, Nodes: 2d385246-963b-498d-9e2e-bc24e50fd0c7{ip: 192.168.157.233, host: pr-hdds-2325-q7txw-2705037156, networkLocation: /default-rack, certSerialId: null}ee386961-2337-4a8c-9c8d-dbca8671699a{ip: 192.168.157.233, host: pr-hdds-2325-q7txw-2705037156, networkLocation: /default-rack, certSerialId: null}a7998a79-199c-44f4-b3c2-ea75c49d687d{ip: 192.168.157.233, host: pr-hdds-2325-q7txw-2705037156, networkLocation: /default-rack, certSerialId: null}, Type:RATIS, Factor:THREE, State:OPEN]
java.util.concurrent.TimeoutException
	at java.util.concurrent.CompletableFuture.timedGet(CompletableFuture.java:1771)
	at java.util.concurrent.CompletableFuture.get(CompletableFuture.java:1915)
	at org.apache.hadoop.hdds.scm.XceiverClientRatis.watchForCommit(XceiverClientRatis.java:274)
	at org.apache.hadoop.hdds.scm.storage.CommitWatcher.watchForCommit(CommitWatcher.java:198)
	at org.apache.hadoop.hdds.scm.storage.CommitWatcher.watchOnLastIndex(CommitWatcher.java:161)
	at org.apache.hadoop.hdds.scm.storage.BlockOutputStream.watchForCommit(BlockOutputStream.java:346)
	at org.apache.hadoop.hdds.scm.storage.BlockOutputStream.handleFlush(BlockOutputStream.java:482)
	at org.apache.hadoop.hdds.scm.storage.BlockOutputStream.close(BlockOutputStream.java:496)
	at org.apache.hadoop.ozone.client.io.BlockOutputStreamEntry.close(BlockOutputStreamEntry.java:143)
	at org.apache.hadoop.ozone.client.io.KeyOutputStream.handleFlushOrClose(KeyOutputStream.java:435)
	at org.apache.hadoop.ozone.client.io.KeyOutputStream.close(KeyOutputStream.java:473)
	at org.apache.hadoop.ozone.client.io.OzoneOutputStream.close(OzoneOutputStream.java:60)
	at org.apache.hadoop.ozone.client.rpc.TestDeleteWithSlowFollower.testDeleteKeyWithSlowFollower(TestDeleteWithSlowFollower.java:193)
	at sun.reflect.NativeMethodAccessorImpl.invoke0(Native Method)
	at sun.reflect.NativeMethodAccessorImpl.invoke(NativeMethodAccessorImpl.java:62)
	at sun.reflect.DelegatingMethodAccessorImpl.invoke(DelegatingMethodAccessorImpl.java:43)
	at java.lang.reflect.Method.invoke(Method.java:498)
	at org.junit.runners.model.FrameworkMethod$1.runReflectiveCall(FrameworkMethod.java:47)
	at org.junit.internal.runners.model.ReflectiveCallable.run(ReflectiveCallable.java:12)
	at org.junit.runners.model.FrameworkMethod.invokeExplosively(FrameworkMethod.java:44)
	at org.junit.internal.runners.statements.InvokeMethod.evaluate(InvokeMethod.java:17)
	at org.junit.runners.ParentRunner.runLeaf(ParentRunner.java:271)
	at org.junit.runners.BlockJUnit4ClassRunner.runChild(BlockJUnit4ClassRunner.java:70)
	at org.junit.runners.BlockJUnit4ClassRunner.runChild(BlockJUnit4ClassRunner.java:50)
	at org.junit.runners.ParentRunner$3.run(ParentRunner.java:238)
	at org.junit.runners.ParentRunner$1.schedule(ParentRunner.java:63)
	at org.junit.runners.ParentRunner.runChildren(ParentRunner.java:236)
	at org.junit.runners.ParentRunner.access$000(ParentRunner.java:53)
	at org.junit.runners.ParentRunner$2.evaluate(ParentRunner.java:229)
	at org.junit.internal.runners.statements.RunBefores.evaluate(RunBefores.java:26)
	at org.junit.internal.runners.statements.RunAfters.evaluate(RunAfters.java:27)
	at org.junit.runners.ParentRunner.run(ParentRunner.java:309)
	at org.apache.maven.surefire.junit4.JUnit4Provider.execute(JUnit4Provider.java:365)
	at org.apache.maven.surefire.junit4.JUnit4Provider.executeWithRerun(JUnit4Provider.java:273)
	at org.apache.maven.surefire.junit4.JUnit4Provider.executeTestSet(JUnit4Provider.java:238)
	at org.apache.maven.surefire.junit4.JUnit4Provider.invoke(JUnit4Provider.java:159)
	at org.apache.maven.surefire.booter.ForkedBooter.invokeProviderInSameClassLoader(ForkedBooter.java:384)
	at org.apache.maven.surefire.booter.ForkedBooter.runSuitesInProcess(ForkedBooter.java:345)
	at org.apache.maven.surefire.booter.ForkedBooter.execute(ForkedBooter.java:126)
	at org.apache.maven.surefire.booter.ForkedBooter.main(ForkedBooter.java:418)
2019-10-18 14:21:45,786 [main] INFO  scm.XceiverClientRatis (XceiverClientRatis.java:lambda$watchForCommit$5(295)) - Could not commit index 6 on pipeline Pipeline[ Id: 5a21c002-5003-4cac-9183-8175d73357f8, Nodes: 2d385246-963b-498d-9e2e-bc24e50fd0c7{ip: 192.168.157.233, host: pr-hdds-2325-q7txw-2705037156, networkLocation: /default-rack, certSerialId: null}ee386961-2337-4a8c-9c8d-dbca8671699a{ip: 192.168.157.233, host: pr-hdds-2325-q7txw-2705037156, networkLocation: /default-rack, certSerialId: null}a7998a79-199c-44f4-b3c2-ea75c49d687d{ip: 192.168.157.233, host: pr-hdds-2325-q7txw-2705037156, networkLocation: /default-rack, certSerialId: null}, Type:RATIS, Factor:THREE, State:OPEN] to all the nodes. Server a7998a79-199c-44f4-b3c2-ea75c49d687d has failed. Committed by majority.
2019-10-18 14:21:45,786 [main] WARN  storage.BlockOutputStream (BlockOutputStream.java:watchForCommit(352)) - Failed to commit BlockId conID: 1 locID: 102983825486970880 bcsId: 6 on Pipeline[ Id: 5a21c002-5003-4cac-9183-8175d73357f8, Nodes: 2d385246-963b-498d-9e2e-bc24e50fd0c7{ip: 192.168.157.233, host: pr-hdds-2325-q7txw-2705037156, networkLocation: /default-rack, certSerialId: null}ee386961-2337-4a8c-9c8d-dbca8671699a{ip: 192.168.157.233, host: pr-hdds-2325-q7txw-2705037156, networkLocation: /default-rack, certSerialId: null}a7998a79-199c-44f4-b3c2-ea75c49d687d{ip: 192.168.157.233, host: pr-hdds-2325-q7txw-2705037156, networkLocation: /default-rack, certSerialId: null}, Type:RATIS, Factor:THREE, State:OPEN]. Failed nodes: [a7998a79-199c-44f4-b3c2-ea75c49d687d{ip: null, host: null, networkLocation: /default-rack, certSerialId: null}]
2019-10-18 14:21:45,878 [EventQueue-IncrementalContainerReportForIncrementalContainerReportHandler] WARN  container.IncrementalContainerReportHandler (AbstractContainerReportHandler.java:updateContainerState(145)) - Container #1 is in OPEN state, but the datanode 2d385246-963b-498d-9e2e-bc24e50fd0c7{ip: 192.168.157.233, host: pr-hdds-2325-q7txw-2705037156, networkLocation: /default-rack, certSerialId: null} reports an CLOSING replica.
2019-10-18 14:21:45,879 [EventQueue-IncrementalContainerReportForIncrementalContainerReportHandler] WARN  container.IncrementalContainerReportHandler (AbstractContainerReportHandler.java:updateContainerState(145)) - Container #1 is in OPEN state, but the datanode ee386961-2337-4a8c-9c8d-dbca8671699a{ip: 192.168.157.233, host: pr-hdds-2325-q7txw-2705037156, networkLocation: /default-rack, certSerialId: null} reports an CLOSING replica.
2019-10-18 14:21:45,888 [RatisApplyTransactionExecutor 1] INFO  interfaces.Container (KeyValueContainer.java:flushAndSyncDB(386)) - Container 1 is synced with bcsId 6.
2019-10-18 14:21:45,888 [RatisApplyTransactionExecutor 1] INFO  interfaces.Container (KeyValueContainer.java:flushAndSyncDB(386)) - Container 1 is synced with bcsId 6.
2019-10-18 14:21:45,892 [RatisApplyTransactionExecutor 1] INFO  interfaces.Container (KeyValueContainer.java:flushAndSyncDB(386)) - Container 1 is synced with bcsId 6.
2019-10-18 14:21:45,892 [RatisApplyTransactionExecutor 1] INFO  interfaces.Container (KeyValueContainer.java:flushAndSyncDB(386)) - Container 1 is synced with bcsId 6.
2019-10-18 14:21:45,921 [RatisApplyTransactionExecutor 1] INFO  interfaces.Container (KeyValueContainer.java:close(335)) - Container 1 is closed with bcsId 6.
2019-10-18 14:21:45,921 [RatisApplyTransactionExecutor 1] INFO  interfaces.Container (KeyValueContainer.java:close(335)) - Container 1 is closed with bcsId 6.
2019-10-18 14:21:45,924 [EventQueue-IncrementalContainerReportForIncrementalContainerReportHandler] WARN  container.IncrementalContainerReportHandler (AbstractContainerReportHandler.java:updateContainerState(145)) - Container #1 is in OPEN state, but the datanode ee386961-2337-4a8c-9c8d-dbca8671699a{ip: 192.168.157.233, host: pr-hdds-2325-q7txw-2705037156, networkLocation: /default-rack, certSerialId: null} reports an CLOSED replica.
2019-10-18 14:21:45,925 [EventQueue-IncrementalContainerReportForIncrementalContainerReportHandler] WARN  container.IncrementalContainerReportHandler (AbstractContainerReportHandler.java:updateContainerState(145)) - Container #1 is in OPEN state, but the datanode 2d385246-963b-498d-9e2e-bc24e50fd0c7{ip: 192.168.157.233, host: pr-hdds-2325-q7txw-2705037156, networkLocation: /default-rack, certSerialId: null} reports an CLOSED replica.
2019-10-18 14:21:46,024 [EventQueue-ContainerReportForContainerReportHandler] WARN  container.ContainerReportHandler (AbstractContainerReportHandler.java:updateContainerState(145)) - Container #1 is in OPEN state, but the datanode 2d385246-963b-498d-9e2e-bc24e50fd0c7{ip: 192.168.157.233, host: pr-hdds-2325-q7txw-2705037156, networkLocation: /default-rack, certSerialId: null} reports an CLOSED replica.
2019-10-18 14:21:46,124 [EventQueue-ContainerReportForContainerReportHandler] WARN  container.ContainerReportHandler (AbstractContainerReportHandler.java:updateContainerState(145)) - Container #1 is in OPEN state, but the datanode ee386961-2337-4a8c-9c8d-dbca8671699a{ip: 192.168.157.233, host: pr-hdds-2325-q7txw-2705037156, networkLocation: /default-rack, certSerialId: null} reports an CLOSED replica.
2019-10-18 14:21:46,271 [java.util.concurrent.ThreadPoolExecutor$Worker@5bad3adb[State = -1, empty queue]] WARN  server.GrpcLogAppender (GrpcLogAppender.java:timeoutAppendRequest(209)) - 2d385246-963b-498d-9e2e-bc24e50fd0c7@group-8175D73357F8->a7998a79-199c-44f4-b3c2-ea75c49d687d-GrpcLogAppender: appendEntries Timeout, request=2d385246-963b-498d-9e2e-bc24e50fd0c7->a7998a79-199c-44f4-b3c2-ea75c49d687d#22-t6, previous=(t:6, i:8), leaderCommit=8, initializing? false, entries: <empty>
2019-10-18 14:21:46,324 [EventQueue-ContainerReportForContainerReportHandler] WARN  container.ContainerReportHandler (AbstractContainerReportHandler.java:updateContainerState(145)) - Container #1 is in OPEN state, but the datanode ee386961-2337-4a8c-9c8d-dbca8671699a{ip: 192.168.157.233, host: pr-hdds-2325-q7txw-2705037156, networkLocation: /default-rack, certSerialId: null} reports an CLOSED replica.
2019-10-18 14:21:46,424 [EventQueue-ContainerReportForContainerReportHandler] WARN  container.ContainerReportHandler (AbstractContainerReportHandler.java:updateContainerState(145)) - Container #1 is in OPEN state, but the datanode 2d385246-963b-498d-9e2e-bc24e50fd0c7{ip: 192.168.157.233, host: pr-hdds-2325-q7txw-2705037156, networkLocation: /default-rack, certSerialId: null} reports an CLOSED replica.
2019-10-18 14:21:46,625 [EventQueue-ContainerReportForContainerReportHandler] WARN  container.ContainerReportHandler (AbstractContainerReportHandler.java:updateContainerState(145)) - Container #1 is in OPEN state, but the datanode ee386961-2337-4a8c-9c8d-dbca8671699a{ip: 192.168.157.233, host: pr-hdds-2325-q7txw-2705037156, networkLocation: /default-rack, certSerialId: null} reports an CLOSED replica.
2019-10-18 14:21:46,713 [IPC Server handler 1 on 39255] INFO  server.SCMBlockProtocolServer (SCMBlockProtocolServer.java:deleteKeyBlocks(212)) - SCM is informed by OM to delete 1 blocks
2019-10-18 14:21:46,714 [IPC Server handler 1 on 39255] INFO  block.BlockManagerImpl (BlockManagerImpl.java:deleteBlocks(285)) - Deleting blocks conID: 1 locID: 102983825486970880 bcsId: 0
2019-10-18 14:21:46,725 [EventQueue-ContainerReportForContainerReportHandler] WARN  container.ContainerReportHandler (AbstractContainerReportHandler.java:updateContainerState(145)) - Container #1 is in OPEN state, but the datanode 2d385246-963b-498d-9e2e-bc24e50fd0c7{ip: 192.168.157.233, host: pr-hdds-2325-q7txw-2705037156, networkLocation: /default-rack, certSerialId: null} reports an CLOSED replica.
2019-10-18 14:21:46,826 [EventQueue-ContainerReportForContainerReportHandler] WARN  container.ContainerReportHandler (AbstractContainerReportHandler.java:updateContainerState(145)) - Container #1 is in OPEN state, but the datanode ee386961-2337-4a8c-9c8d-dbca8671699a{ip: 192.168.157.233, host: pr-hdds-2325-q7txw-2705037156, networkLocation: /default-rack, certSerialId: null} reports an CLOSED replica.
2019-10-18 14:21:46,882 [BlockDeletingService#0] WARN  background.BlockDeletingService (BlockDeletingService.java:isDeletionAllowed(187)) - Close Container log Index 6 is not replicated across allthe servers in the pipeline 5a21c002-5003-4cac-9183-8175d73357f8 as the min replicated index is 4. Deletion is not allowed in this container yet.
2019-10-18 14:21:46,883 [BlockDeletingService#2] WARN  background.BlockDeletingService (BlockDeletingService.java:isDeletionAllowed(187)) - Close Container log Index 6 is not replicated across allthe servers in the pipeline 5a21c002-5003-4cac-9183-8175d73357f8 as the min replicated index is 4. Deletion is not allowed in this container yet.
2019-10-18 14:21:46,926 [EventQueue-ContainerReportForContainerReportHandler] WARN  container.ContainerReportHandler (AbstractContainerReportHandler.java:updateContainerState(145)) - Container #1 is in OPEN state, but the datanode 2d385246-963b-498d-9e2e-bc24e50fd0c7{ip: 192.168.157.233, host: pr-hdds-2325-q7txw-2705037156, networkLocation: /default-rack, certSerialId: null} reports an CLOSED replica.
2019-10-18 14:21:47,026 [EventQueue-ContainerReportForContainerReportHandler] WARN  container.ContainerReportHandler (AbstractContainerReportHandler.java:updateContainerState(145)) - Container #1 is in OPEN state, but the datanode ee386961-2337-4a8c-9c8d-dbca8671699a{ip: 192.168.157.233, host: pr-hdds-2325-q7txw-2705037156, networkLocation: /default-rack, certSerialId: null} reports an CLOSED replica.
2019-10-18 14:21:47,327 [EventQueue-ContainerReportForContainerReportHandler] WARN  container.ContainerReportHandler (AbstractContainerReportHandler.java:updateContainerState(145)) - Container #1 is in OPEN state, but the datanode 2d385246-963b-498d-9e2e-bc24e50fd0c7{ip: 192.168.157.233, host: pr-hdds-2325-q7txw-2705037156, networkLocation: /default-rack, certSerialId: null} reports an CLOSED replica.
2019-10-18 14:21:47,427 [EventQueue-ContainerReportForContainerReportHandler] WARN  container.ContainerReportHandler (AbstractContainerReportHandler.java:updateContainerState(145)) - Container #1 is in OPEN state, but the datanode ee386961-2337-4a8c-9c8d-dbca8671699a{ip: 192.168.157.233, host: pr-hdds-2325-q7txw-2705037156, networkLocation: /default-rack, certSerialId: null} reports an CLOSED replica.
2019-10-18 14:21:47,526 [EventQueue-ContainerReportForContainerReportHandler] WARN  container.ContainerReportHandler (AbstractContainerReportHandler.java:updateContainerState(145)) - Container #1 is in OPEN state, but the datanode 2d385246-963b-498d-9e2e-bc24e50fd0c7{ip: 192.168.157.233, host: pr-hdds-2325-q7txw-2705037156, networkLocation: /default-rack, certSerialId: null} reports an CLOSED replica.
2019-10-18 14:21:47,727 [EventQueue-ContainerReportForContainerReportHandler] WARN  container.ContainerReportHandler (AbstractContainerReportHandler.java:updateContainerState(145)) - Container #1 is in OPEN state, but the datanode 2d385246-963b-498d-9e2e-bc24e50fd0c7{ip: 192.168.157.233, host: pr-hdds-2325-q7txw-2705037156, networkLocation: /default-rack, certSerialId: null} reports an CLOSED replica.
2019-10-18 14:21:47,727 [EventQueue-ContainerReportForContainerReportHandler] WARN  container.ContainerReportHandler (AbstractContainerReportHandler.java:updateContainerState(145)) - Container #1 is in OPEN state, but the datanode ee386961-2337-4a8c-9c8d-dbca8671699a{ip: 192.168.157.233, host: pr-hdds-2325-q7txw-2705037156, networkLocation: /default-rack, certSerialId: null} reports an CLOSED replica.
2019-10-18 14:21:47,886 [BlockDeletingService#2] WARN  background.BlockDeletingService (BlockDeletingService.java:isDeletionAllowed(187)) - Close Container log Index 6 is not replicated across allthe servers in the pipeline 5a21c002-5003-4cac-9183-8175d73357f8 as the min replicated index is 4. Deletion is not allowed in this container yet.
2019-10-18 14:21:47,886 [BlockDeletingService#0] WARN  background.BlockDeletingService (BlockDeletingService.java:isDeletionAllowed(187)) - Close Container log Index 6 is not replicated across allthe servers in the pipeline 5a21c002-5003-4cac-9183-8175d73357f8 as the min replicated index is 4. Deletion is not allowed in this container yet.
2019-10-18 14:21:48,126 [EventQueue-ContainerReportForContainerReportHandler] WARN  container.ContainerReportHandler (AbstractContainerReportHandler.java:updateContainerState(145)) - Container #1 is in OPEN state, but the datanode 2d385246-963b-498d-9e2e-bc24e50fd0c7{ip: 192.168.157.233, host: pr-hdds-2325-q7txw-2705037156, networkLocation: /default-rack, certSerialId: null} reports an CLOSED replica.
2019-10-18 14:21:48,127 [EventQueue-ContainerReportForContainerReportHandler] WARN  container.ContainerReportHandler (AbstractContainerReportHandler.java:updateContainerState(145)) - Container #1 is in OPEN state, but the datanode ee386961-2337-4a8c-9c8d-dbca8671699a{ip: 192.168.157.233, host: pr-hdds-2325-q7txw-2705037156, networkLocation: /default-rack, certSerialId: null} reports an CLOSED replica.
2019-10-18 14:21:48,327 [EventQueue-ContainerReportForContainerReportHandler] WARN  container.ContainerReportHandler (AbstractContainerReportHandler.java:updateContainerState(145)) - Container #1 is in OPEN state, but the datanode ee386961-2337-4a8c-9c8d-dbca8671699a{ip: 192.168.157.233, host: pr-hdds-2325-q7txw-2705037156, networkLocation: /default-rack, certSerialId: null} reports an CLOSED replica.
2019-10-18 14:21:48,427 [EventQueue-ContainerReportForContainerReportHandler] WARN  container.ContainerReportHandler (AbstractContainerReportHandler.java:updateContainerState(145)) - Container #1 is in OPEN state, but the datanode 2d385246-963b-498d-9e2e-bc24e50fd0c7{ip: 192.168.157.233, host: pr-hdds-2325-q7txw-2705037156, networkLocation: /default-rack, certSerialId: null} reports an CLOSED replica.
2019-10-18 14:21:48,628 [EventQueue-ContainerReportForContainerReportHandler] WARN  container.ContainerReportHandler (AbstractContainerReportHandler.java:updateContainerState(145)) - Container #1 is in OPEN state, but the datanode ee386961-2337-4a8c-9c8d-dbca8671699a{ip: 192.168.157.233, host: pr-hdds-2325-q7txw-2705037156, networkLocation: /default-rack, certSerialId: null} reports an CLOSED replica.
2019-10-18 14:21:48,732 [EventQueue-ContainerReportForContainerReportHandler] WARN  container.ContainerReportHandler (AbstractContainerReportHandler.java:updateContainerState(145)) - Container #1 is in OPEN state, but the datanode 2d385246-963b-498d-9e2e-bc24e50fd0c7{ip: 192.168.157.233, host: pr-hdds-2325-q7txw-2705037156, networkLocation: /default-rack, certSerialId: null} reports an CLOSED replica.
2019-10-18 14:21:48,771 [java.util.concurrent.ThreadPoolExecutor$Worker@5bad3adb[State = -1, empty queue]] WARN  server.GrpcLogAppender (GrpcLogAppender.java:timeoutAppendRequest(209)) - 2d385246-963b-498d-9e2e-bc24e50fd0c7@group-8175D73357F8->a7998a79-199c-44f4-b3c2-ea75c49d687d-GrpcLogAppender: appendEntries Timeout, request=2d385246-963b-498d-9e2e-bc24e50fd0c7->a7998a79-199c-44f4-b3c2-ea75c49d687d#23-t6, previous=(t:6, i:8), leaderCommit=8, initializing? false, entries: <empty>
2019-10-18 14:21:48,831 [java.util.concurrent.ThreadPoolExecutor$Worker@5bad3adb[State = -1, empty queue]] WARN  server.GrpcLogAppender (GrpcLogAppender.java:timeoutAppendRequest(209)) - 2d385246-963b-498d-9e2e-bc24e50fd0c7@group-8175D73357F8->a7998a79-199c-44f4-b3c2-ea75c49d687d-GrpcLogAppender: appendEntries Timeout, request=2d385246-963b-498d-9e2e-bc24e50fd0c7->a7998a79-199c-44f4-b3c2-ea75c49d687d#24-t6, previous=(t:6, i:8), leaderCommit=8, initializing? false, entries: size=1, first=(t:6, i:9), STATEMACHINELOGENTRY, client-2F2D6D2B6F2F, cid=12
2019-10-18 14:21:48,845 [java.util.concurrent.ThreadPoolExecutor$Worker@5bad3adb[State = -1, empty queue]] WARN  server.GrpcLogAppender (GrpcLogAppender.java:timeoutAppendRequest(209)) - 2d385246-963b-498d-9e2e-bc24e50fd0c7@group-8175D73357F8->a7998a79-199c-44f4-b3c2-ea75c49d687d-GrpcLogAppender: appendEntries Timeout, request=2d385246-963b-498d-9e2e-bc24e50fd0c7->a7998a79-199c-44f4-b3c2-ea75c49d687d#25-t6, previous=(t:6, i:9), leaderCommit=9, initializing? false, entries: size=1, first=(t:6, i:10), METADATAENTRY(c9)
2019-10-18 14:21:48,889 [BlockDeletingService#2] WARN  background.BlockDeletingService (BlockDeletingService.java:isDeletionAllowed(187)) - Close Container log Index 6 is not replicated across allthe servers in the pipeline 5a21c002-5003-4cac-9183-8175d73357f8 as the min replicated index is 4. Deletion is not allowed in this container yet.
2019-10-18 14:21:48,889 [BlockDeletingService#0] WARN  background.BlockDeletingService (BlockDeletingService.java:isDeletionAllowed(187)) - Close Container log Index 6 is not replicated across allthe servers in the pipeline 5a21c002-5003-4cac-9183-8175d73357f8 as the min replicated index is 4. Deletion is not allowed in this container yet.
2019-10-18 14:21:48,928 [EventQueue-ContainerReportForContainerReportHandler] WARN  container.ContainerReportHandler (AbstractContainerReportHandler.java:updateContainerState(145)) - Container #1 is in OPEN state, but the datanode 2d385246-963b-498d-9e2e-bc24e50fd0c7{ip: 192.168.157.233, host: pr-hdds-2325-q7txw-2705037156, networkLocation: /default-rack, certSerialId: null} reports an CLOSED replica.
2019-10-18 14:21:48,930 [EventQueue-ContainerReportForContainerReportHandler] WARN  container.ContainerReportHandler (AbstractContainerReportHandler.java:updateContainerState(145)) - Container #1 is in OPEN state, but the datanode ee386961-2337-4a8c-9c8d-dbca8671699a{ip: 192.168.157.233, host: pr-hdds-2325-q7txw-2705037156, networkLocation: /default-rack, certSerialId: null} reports an CLOSED replica.
2019-10-18 14:21:49,229 [EventQueue-ContainerReportForContainerReportHandler] WARN  container.ContainerReportHandler (AbstractContainerReportHandler.java:updateContainerState(145)) - Container #1 is in OPEN state, but the datanode 2d385246-963b-498d-9e2e-bc24e50fd0c7{ip: 192.168.157.233, host: pr-hdds-2325-q7txw-2705037156, networkLocation: /default-rack, certSerialId: null} reports an CLOSED replica.
2019-10-18 14:21:49,332 [EventQueue-ContainerReportForContainerReportHandler] WARN  container.ContainerReportHandler (AbstractContainerReportHandler.java:updateContainerState(145)) - Container #1 is in OPEN state, but the datanode ee386961-2337-4a8c-9c8d-dbca8671699a{ip: 192.168.157.233, host: pr-hdds-2325-q7txw-2705037156, networkLocation: /default-rack, certSerialId: null} reports an CLOSED replica.
2019-10-18 14:21:49,429 [EventQueue-ContainerReportForContainerReportHandler] WARN  container.ContainerReportHandler (AbstractContainerReportHandler.java:updateContainerState(145)) - Container #1 is in OPEN state, but the datanode 2d385246-963b-498d-9e2e-bc24e50fd0c7{ip: 192.168.157.233, host: pr-hdds-2325-q7txw-2705037156, networkLocation: /default-rack, certSerialId: null} reports an CLOSED replica.
2019-10-18 14:21:49,633 [EventQueue-ContainerReportForContainerReportHandler] WARN  container.ContainerReportHandler (AbstractContainerReportHandler.java:updateContainerState(145)) - Container #1 is in OPEN state, but the datanode ee386961-2337-4a8c-9c8d-dbca8671699a{ip: 192.168.157.233, host: pr-hdds-2325-q7txw-2705037156, networkLocation: /default-rack, certSerialId: null} reports an CLOSED replica.
2019-10-18 14:21:49,730 [EventQueue-ContainerReportForContainerReportHandler] WARN  container.ContainerReportHandler (AbstractContainerReportHandler.java:updateContainerState(145)) - Container #1 is in OPEN state, but the datanode 2d385246-963b-498d-9e2e-bc24e50fd0c7{ip: 192.168.157.233, host: pr-hdds-2325-q7txw-2705037156, networkLocation: /default-rack, certSerialId: null} reports an CLOSED replica.
2019-10-18 14:21:49,893 [BlockDeletingService#2] WARN  background.BlockDeletingService (BlockDeletingService.java:isDeletionAllowed(187)) - Close Container log Index 6 is not replicated across allthe servers in the pipeline 5a21c002-5003-4cac-9183-8175d73357f8 as the min replicated index is 4. Deletion is not allowed in this container yet.
2019-10-18 14:21:49,893 [BlockDeletingService#0] WARN  background.BlockDeletingService (BlockDeletingService.java:isDeletionAllowed(187)) - Close Container log Index 6 is not replicated across allthe servers in the pipeline 5a21c002-5003-4cac-9183-8175d73357f8 as the min replicated index is 4. Deletion is not allowed in this container yet.
2019-10-18 14:21:50,033 [EventQueue-ContainerReportForContainerReportHandler] WARN  container.ContainerReportHandler (AbstractContainerReportHandler.java:updateContainerState(145)) - Container #1 is in OPEN state, but the datanode ee386961-2337-4a8c-9c8d-dbca8671699a{ip: 192.168.157.233, host: pr-hdds-2325-q7txw-2705037156, networkLocation: /default-rack, certSerialId: null} reports an CLOSED replica.
2019-10-18 14:21:50,129 [EventQueue-ContainerReportForContainerReportHandler] WARN  container.ContainerReportHandler (AbstractContainerReportHandler.java:updateContainerState(145)) - Container #1 is in OPEN state, but the datanode 2d385246-963b-498d-9e2e-bc24e50fd0c7{ip: 192.168.157.233, host: pr-hdds-2325-q7txw-2705037156, networkLocation: /default-rack, certSerialId: null} reports an CLOSED replica.
2019-10-18 14:21:50,334 [EventQueue-ContainerReportForContainerReportHandler] WARN  container.ContainerReportHandler (AbstractContainerReportHandler.java:updateContainerState(145)) - Container #1 is in OPEN state, but the datanode ee386961-2337-4a8c-9c8d-dbca8671699a{ip: 192.168.157.233, host: pr-hdds-2325-q7txw-2705037156, networkLocation: /default-rack, certSerialId: null} reports an CLOSED replica.
2019-10-18 14:21:50,429 [EventQueue-ContainerReportForContainerReportHandler] WARN  container.ContainerReportHandler (AbstractContainerReportHandler.java:updateContainerState(145)) - Container #1 is in OPEN state, but the datanode 2d385246-963b-498d-9e2e-bc24e50fd0c7{ip: 192.168.157.233, host: pr-hdds-2325-q7txw-2705037156, networkLocation: /default-rack, certSerialId: null} reports an CLOSED replica.
2019-10-18 14:21:50,535 [EventQueue-ContainerReportForContainerReportHandler] WARN  container.ContainerReportHandler (AbstractContainerReportHandler.java:updateContainerState(145)) - Container #1 is in OPEN state, but the datanode ee386961-2337-4a8c-9c8d-dbca8671699a{ip: 192.168.157.233, host: pr-hdds-2325-q7txw-2705037156, networkLocation: /default-rack, certSerialId: null} reports an CLOSED replica.
2019-10-18 14:21:50,830 [EventQueue-ContainerReportForContainerReportHandler] WARN  container.ContainerReportHandler (AbstractContainerReportHandler.java:updateContainerState(145)) - Container #1 is in OPEN state, but the datanode 2d385246-963b-498d-9e2e-bc24e50fd0c7{ip: 192.168.157.233, host: pr-hdds-2325-q7txw-2705037156, networkLocation: /default-rack, certSerialId: null} reports an CLOSED replica.
2019-10-18 14:21:50,835 [EventQueue-ContainerReportForContainerReportHandler] WARN  container.ContainerReportHandler (AbstractContainerReportHandler.java:updateContainerState(145)) - Container #1 is in OPEN state, but the datanode ee386961-2337-4a8c-9c8d-dbca8671699a{ip: 192.168.157.233, host: pr-hdds-2325-q7txw-2705037156, networkLocation: /default-rack, certSerialId: null} reports an CLOSED replica.
2019-10-18 14:21:50,897 [BlockDeletingService#0] WARN  background.BlockDeletingService (BlockDeletingService.java:isDeletionAllowed(187)) - Close Container log Index 6 is not replicated across allthe servers in the pipeline 5a21c002-5003-4cac-9183-8175d73357f8 as the min replicated index is 4. Deletion is not allowed in this container yet.
2019-10-18 14:21:50,897 [BlockDeletingService#2] WARN  background.BlockDeletingService (BlockDeletingService.java:isDeletionAllowed(187)) - Close Container log Index 6 is not replicated across allthe servers in the pipeline 5a21c002-5003-4cac-9183-8175d73357f8 as the min replicated index is 4. Deletion is not allowed in this container yet.
2019-10-18 14:21:51,130 [EventQueue-ContainerReportForContainerReportHandler] WARN  container.ContainerReportHandler (AbstractContainerReportHandler.java:updateContainerState(145)) - Container #1 is in OPEN state, but the datanode 2d385246-963b-498d-9e2e-bc24e50fd0c7{ip: 192.168.157.233, host: pr-hdds-2325-q7txw-2705037156, networkLocation: /default-rack, certSerialId: null} reports an CLOSED replica.
2019-10-18 14:21:51,136 [EventQueue-ContainerReportForContainerReportHandler] WARN  container.ContainerReportHandler (AbstractContainerReportHandler.java:updateContainerState(145)) - Container #1 is in OPEN state, but the datanode ee386961-2337-4a8c-9c8d-dbca8671699a{ip: 192.168.157.233, host: pr-hdds-2325-q7txw-2705037156, networkLocation: /default-rack, certSerialId: null} reports an CLOSED replica.
2019-10-18 14:21:51,331 [EventQueue-ContainerReportForContainerReportHandler] WARN  container.ContainerReportHandler (AbstractContainerReportHandler.java:updateContainerState(145)) - Container #1 is in OPEN state, but the datanode 2d385246-963b-498d-9e2e-bc24e50fd0c7{ip: 192.168.157.233, host: pr-hdds-2325-q7txw-2705037156, networkLocation: /default-rack, certSerialId: null} reports an CLOSED replica.
2019-10-18 14:21:51,347 [java.util.concurrent.ThreadPoolExecutor$Worker@5bad3adb[State = -1, empty queue]] WARN  server.GrpcLogAppender (GrpcLogAppender.java:timeoutAppendRequest(209)) - 2d385246-963b-498d-9e2e-bc24e50fd0c7@group-8175D73357F8->a7998a79-199c-44f4-b3c2-ea75c49d687d-GrpcLogAppender: appendEntries Timeout, request=2d385246-963b-498d-9e2e-bc24e50fd0c7->a7998a79-199c-44f4-b3c2-ea75c49d687d#26-t6, previous=(t:6, i:10), leaderCommit=10, initializing? false, entries: <empty>
2019-10-18 14:21:51,436 [EventQueue-ContainerReportForContainerReportHandler] WARN  container.ContainerReportHandler (AbstractContainerReportHandler.java:updateContainerState(145)) - Container #1 is in OPEN state, but the datanode ee386961-2337-4a8c-9c8d-dbca8671699a{ip: 192.168.157.233, host: pr-hdds-2325-q7txw-2705037156, networkLocation: /default-rack, certSerialId: null} reports an CLOSED replica.
2019-10-18 14:21:51,632 [EventQueue-ContainerReportForContainerReportHandler] WARN  container.ContainerReportHandler (AbstractContainerReportHandler.java:updateContainerState(145)) - Container #1 is in OPEN state, but the datanode 2d385246-963b-498d-9e2e-bc24e50fd0c7{ip: 192.168.157.233, host: pr-hdds-2325-q7txw-2705037156, networkLocation: /default-rack, certSerialId: null} reports an CLOSED replica.
2019-10-18 14:21:51,737 [EventQueue-ContainerReportForContainerReportHandler] WARN  container.ContainerReportHandler (AbstractContainerReportHandler.java:updateContainerState(145)) - Container #1 is in OPEN state, but the datanode ee386961-2337-4a8c-9c8d-dbca8671699a{ip: 192.168.157.233, host: pr-hdds-2325-q7txw-2705037156, networkLocation: /default-rack, certSerialId: null} reports an CLOSED replica.
2019-10-18 14:21:51,832 [EventQueue-ContainerReportForContainerReportHandler] WARN  container.ContainerReportHandler (AbstractContainerReportHandler.java:updateContainerState(145)) - Container #1 is in OPEN state, but the datanode 2d385246-963b-498d-9e2e-bc24e50fd0c7{ip: 192.168.157.233, host: pr-hdds-2325-q7txw-2705037156, networkLocation: /default-rack, certSerialId: null} reports an CLOSED replica.
2019-10-18 14:21:51,900 [BlockDeletingService#2] WARN  background.BlockDeletingService (BlockDeletingService.java:isDeletionAllowed(187)) - Close Container log Index 6 is not replicated across allthe servers in the pipeline 5a21c002-5003-4cac-9183-8175d73357f8 as the min replicated index is 4. Deletion is not allowed in this container yet.
2019-10-18 14:21:51,900 [BlockDeletingService#0] WARN  background.BlockDeletingService (BlockDeletingService.java:isDeletionAllowed(187)) - Close Container log Index 6 is not replicated across allthe servers in the pipeline 5a21c002-5003-4cac-9183-8175d73357f8 as the min replicated index is 4. Deletion is not allowed in this container yet.
2019-10-18 14:21:51,936 [EventQueue-ContainerReportForContainerReportHandler] WARN  container.ContainerReportHandler (AbstractContainerReportHandler.java:updateContainerState(145)) - Container #1 is in OPEN state, but the datanode ee386961-2337-4a8c-9c8d-dbca8671699a{ip: 192.168.157.233, host: pr-hdds-2325-q7txw-2705037156, networkLocation: /default-rack, certSerialId: null} reports an CLOSED replica.
2019-10-18 14:21:52,233 [EventQueue-ContainerReportForContainerReportHandler] WARN  container.ContainerReportHandler (AbstractContainerReportHandler.java:updateContainerState(145)) - Container #1 is in OPEN state, but the datanode 2d385246-963b-498d-9e2e-bc24e50fd0c7{ip: 192.168.157.233, host: pr-hdds-2325-q7txw-2705037156, networkLocation: /default-rack, certSerialId: null} reports an CLOSED replica.
2019-10-18 14:21:52,236 [EventQueue-ContainerReportForContainerReportHandler] WARN  container.ContainerReportHandler (AbstractContainerReportHandler.java:updateContainerState(145)) - Container #1 is in OPEN state, but the datanode ee386961-2337-4a8c-9c8d-dbca8671699a{ip: 192.168.157.233, host: pr-hdds-2325-q7txw-2705037156, networkLocation: /default-rack, certSerialId: null} reports an CLOSED replica.
2019-10-18 14:21:52,432 [EventQueue-ContainerReportForContainerReportHandler] WARN  container.ContainerReportHandler (AbstractContainerReportHandler.java:updateContainerState(145)) - Container #1 is in OPEN state, but the datanode 2d385246-963b-498d-9e2e-bc24e50fd0c7{ip: 192.168.157.233, host: pr-hdds-2325-q7txw-2705037156, networkLocation: /default-rack, certSerialId: null} reports an CLOSED replica.
2019-10-18 14:21:52,436 [EventQueue-ContainerReportForContainerReportHandler] WARN  container.ContainerReportHandler (AbstractContainerReportHandler.java:updateContainerState(145)) - Container #1 is in OPEN state, but the datanode ee386961-2337-4a8c-9c8d-dbca8671699a{ip: 192.168.157.233, host: pr-hdds-2325-q7txw-2705037156, networkLocation: /default-rack, certSerialId: null} reports an CLOSED replica.
2019-10-18 14:21:52,733 [EventQueue-ContainerReportForContainerReportHandler] WARN  container.ContainerReportHandler (AbstractContainerReportHandler.java:updateContainerState(145)) - Container #1 is in OPEN state, but the datanode 2d385246-963b-498d-9e2e-bc24e50fd0c7{ip: 192.168.157.233, host: pr-hdds-2325-q7txw-2705037156, networkLocation: /default-rack, certSerialId: null} reports an CLOSED replica.
2019-10-18 14:21:52,736 [EventQueue-ContainerReportForContainerReportHandler] WARN  container.ContainerReportHandler (AbstractContainerReportHandler.java:updateContainerState(145)) - Container #1 is in OPEN state, but the datanode ee386961-2337-4a8c-9c8d-dbca8671699a{ip: 192.168.157.233, host: pr-hdds-2325-q7txw-2705037156, networkLocation: /default-rack, certSerialId: null} reports an CLOSED replica.
2019-10-18 14:21:52,907 [BlockDeletingService#2] WARN  background.BlockDeletingService (BlockDeletingService.java:isDeletionAllowed(187)) - Close Container log Index 6 is not replicated across allthe servers in the pipeline 5a21c002-5003-4cac-9183-8175d73357f8 as the min replicated index is 4. Deletion is not allowed in this container yet.
2019-10-18 14:21:52,907 [BlockDeletingService#0] WARN  background.BlockDeletingService (BlockDeletingService.java:isDeletionAllowed(187)) - Close Container log Index 6 is not replicated across allthe servers in the pipeline 5a21c002-5003-4cac-9183-8175d73357f8 as the min replicated index is 4. Deletion is not allowed in this container yet.
2019-10-18 14:21:52,921 [Thread-381] INFO  client.GrpcClientProtocolService (GrpcClientProtocolService.java:lambda$processClientRequest$0(278)) - Failed RaftClientRequest:client-49F5F9D51947->ee386961-2337-4a8c-9c8d-dbca8671699a@group-8175D73357F8, cid=10, seq=0, Watch-ALL_COMMITTED(6), Message:<EMPTY>, reply=RaftClientReply:client-49F5F9D51947->ee386961-2337-4a8c-9c8d-dbca8671699a@group-8175D73357F8, cid=10, FAILED org.apache.ratis.protocol.NotLeaderException: Server ee386961-2337-4a8c-9c8d-dbca8671699a@group-8175D73357F8 is not the leader 2d385246-963b-498d-9e2e-bc24e50fd0c7:192.168.157.233:40769, logIndex=0, commits[ee386961-2337-4a8c-9c8d-dbca8671699a:c10, a7998a79-199c-44f4-b3c2-ea75c49d687d:c4, 2d385246-963b-498d-9e2e-bc24e50fd0c7:c10]
2019-10-18 14:21:53,034 [EventQueue-ContainerReportForContainerReportHandler] WARN  container.ContainerReportHandler (AbstractContainerReportHandler.java:updateContainerState(145)) - Container #1 is in OPEN state, but the datanode 2d385246-963b-498d-9e2e-bc24e50fd0c7{ip: 192.168.157.233, host: pr-hdds-2325-q7txw-2705037156, networkLocation: /default-rack, certSerialId: null} reports an CLOSED replica.
2019-10-18 14:21:53,137 [EventQueue-ContainerReportForContainerReportHandler] WARN  container.ContainerReportHandler (AbstractContainerReportHandler.java:updateContainerState(145)) - Container #1 is in OPEN state, but the datanode ee386961-2337-4a8c-9c8d-dbca8671699a{ip: 192.168.157.233, host: pr-hdds-2325-q7txw-2705037156, networkLocation: /default-rack, certSerialId: null} reports an CLOSED replica.
2019-10-18 14:21:53,235 [EventQueue-ContainerReportForContainerReportHandler] WARN  container.ContainerReportHandler (AbstractContainerReportHandler.java:updateContainerState(145)) - Container #1 is in OPEN state, but the datanode 2d385246-963b-498d-9e2e-bc24e50fd0c7{ip: 192.168.157.233, host: pr-hdds-2325-q7txw-2705037156, networkLocation: /default-rack, certSerialId: null} reports an CLOSED replica.
2019-10-18 14:21:53,337 [EventQueue-ContainerReportForContainerReportHandler] WARN  container.ContainerReportHandler (AbstractContainerReportHandler.java:updateContainerState(145)) - Container #1 is in OPEN state, but the datanode ee386961-2337-4a8c-9c8d-dbca8671699a{ip: 192.168.157.233, host: pr-hdds-2325-q7txw-2705037156, networkLocation: /default-rack, certSerialId: null} reports an CLOSED replica.
2019-10-18 14:21:53,537 [EventQueue-ContainerReportForContainerReportHandler] WARN  container.ContainerReportHandler (AbstractContainerReportHandler.java:updateContainerState(145)) - Container #1 is in OPEN state, but the datanode ee386961-2337-4a8c-9c8d-dbca8671699a{ip: 192.168.157.233, host: pr-hdds-2325-q7txw-2705037156, networkLocation: /default-rack, certSerialId: null} reports an CLOSED replica.
2019-10-18 14:21:53,637 [EventQueue-ContainerReportForContainerReportHandler] WARN  container.ContainerReportHandler (AbstractContainerReportHandler.java:updateContainerState(145)) - Container #1 is in OPEN state, but the datanode 2d385246-963b-498d-9e2e-bc24e50fd0c7{ip: 192.168.157.233, host: pr-hdds-2325-q7txw-2705037156, networkLocation: /default-rack, certSerialId: null} reports an CLOSED replica.
2019-10-18 14:21:53,837 [EventQueue-ContainerReportForContainerReportHandler] WARN  container.ContainerReportHandler (AbstractContainerReportHandler.java:updateContainerState(145)) - Container #1 is in OPEN state, but the datanode ee386961-2337-4a8c-9c8d-dbca8671699a{ip: 192.168.157.233, host: pr-hdds-2325-q7txw-2705037156, networkLocation: /default-rack, certSerialId: null} reports an CLOSED replica.
2019-10-18 14:21:53,850 [java.util.concurrent.ThreadPoolExecutor$Worker@5bad3adb[State = -1, empty queue]] WARN  server.GrpcLogAppender (GrpcLogAppender.java:timeoutAppendRequest(209)) - 2d385246-963b-498d-9e2e-bc24e50fd0c7@group-8175D73357F8->a7998a79-199c-44f4-b3c2-ea75c49d687d-GrpcLogAppender: appendEntries Timeout, request=2d385246-963b-498d-9e2e-bc24e50fd0c7->a7998a79-199c-44f4-b3c2-ea75c49d687d#27-t6, previous=(t:6, i:10), leaderCommit=10, initializing? false, entries: <empty>
2019-10-18 14:21:53,911 [BlockDeletingService#2] WARN  background.BlockDeletingService (BlockDeletingService.java:isDeletionAllowed(187)) - Close Container log Index 6 is not replicated across allthe servers in the pipeline 5a21c002-5003-4cac-9183-8175d73357f8 as the min replicated index is 4. Deletion is not allowed in this container yet.
2019-10-18 14:21:53,911 [BlockDeletingService#0] WARN  background.BlockDeletingService (BlockDeletingService.java:isDeletionAllowed(187)) - Close Container log Index 6 is not replicated across allthe servers in the pipeline 5a21c002-5003-4cac-9183-8175d73357f8 as the min replicated index is 4. Deletion is not allowed in this container yet.
2019-10-18 14:21:53,937 [EventQueue-ContainerReportForContainerReportHandler] WARN  container.ContainerReportHandler (AbstractContainerReportHandler.java:updateContainerState(145)) - Container #1 is in OPEN state, but the datanode 2d385246-963b-498d-9e2e-bc24e50fd0c7{ip: 192.168.157.233, host: pr-hdds-2325-q7txw-2705037156, networkLocation: /default-rack, certSerialId: null} reports an CLOSED replica.
2019-10-18 14:21:54,238 [EventQueue-ContainerReportForContainerReportHandler] WARN  container.ContainerReportHandler (AbstractContainerReportHandler.java:updateContainerState(145)) - Container #1 is in OPEN state, but the datanode 2d385246-963b-498d-9e2e-bc24e50fd0c7{ip: 192.168.157.233, host: pr-hdds-2325-q7txw-2705037156, networkLocation: /default-rack, certSerialId: null} reports an CLOSED replica.
2019-10-18 14:21:54,238 [EventQueue-ContainerReportForContainerReportHandler] WARN  container.ContainerReportHandler (AbstractContainerReportHandler.java:updateContainerState(145)) - Container #1 is in OPEN state, but the datanode ee386961-2337-4a8c-9c8d-dbca8671699a{ip: 192.168.157.233, host: pr-hdds-2325-q7txw-2705037156, networkLocation: /default-rack, certSerialId: null} reports an CLOSED replica.
2019-10-18 14:21:54,538 [EventQueue-ContainerReportForContainerReportHandler] WARN  container.ContainerReportHandler (AbstractContainerReportHandler.java:updateContainerState(145)) - Container #1 is in OPEN state, but the datanode 2d385246-963b-498d-9e2e-bc24e50fd0c7{ip: 192.168.157.233, host: pr-hdds-2325-q7txw-2705037156, networkLocation: /default-rack, certSerialId: null} reports an CLOSED replica.
2019-10-18 14:21:54,585 [Thread-387] INFO  client.GrpcClientProtocolService (GrpcClientProtocolService.java:lambda$processClientRequest$0(278)) - Failed RaftClientRequest:client-49F5F9D51947->2d385246-963b-498d-9e2e-bc24e50fd0c7@group-8175D73357F8, cid=10, seq=0, Watch-ALL_COMMITTED(6), Message:<EMPTY>, reply=RaftClientReply:client-49F5F9D51947->2d385246-963b-498d-9e2e-bc24e50fd0c7@group-8175D73357F8, cid=10, FAILED org.apache.ratis.protocol.NotReplicatedException: Request with call Id 10 and log index 6 is not yet replicated to ALL_COMMITTED, logIndex=6, commits[2d385246-963b-498d-9e2e-bc24e50fd0c7:c10, a7998a79-199c-44f4-b3c2-ea75c49d687d:c4, ee386961-2337-4a8c-9c8d-dbca8671699a:c10]
2019-10-18 14:21:54,637 [EventQueue-ContainerReportForContainerReportHandler] WARN  container.ContainerReportHandler (AbstractContainerReportHandler.java:updateContainerState(145)) - Container #1 is in OPEN state, but the datanode ee386961-2337-4a8c-9c8d-dbca8671699a{ip: 192.168.157.233, host: pr-hdds-2325-q7txw-2705037156, networkLocation: /default-rack, certSerialId: null} reports an CLOSED replica.
2019-10-18 14:21:54,838 [EventQueue-ContainerReportForContainerReportHandler] WARN  container.ContainerReportHandler (AbstractContainerReportHandler.java:updateContainerState(145)) - Container #1 is in OPEN state, but the datanode 2d385246-963b-498d-9e2e-bc24e50fd0c7{ip: 192.168.157.233, host: pr-hdds-2325-q7txw-2705037156, networkLocation: /default-rack, certSerialId: null} reports an CLOSED replica.
2019-10-18 14:21:54,913 [BlockDeletingService#2] WARN  background.BlockDeletingService (BlockDeletingService.java:isDeletionAllowed(187)) - Close Container log Index 6 is not replicated across allthe servers in the pipeline 5a21c002-5003-4cac-9183-8175d73357f8 as the min replicated index is 4. Deletion is not allowed in this container yet.
2019-10-18 14:21:54,913 [BlockDeletingService#0] WARN  background.BlockDeletingService (BlockDeletingService.java:isDeletionAllowed(187)) - Close Container log Index 6 is not replicated across allthe servers in the pipeline 5a21c002-5003-4cac-9183-8175d73357f8 as the min replicated index is 4. Deletion is not allowed in this container yet.
2019-10-18 14:21:54,937 [EventQueue-ContainerReportForContainerReportHandler] WARN  container.ContainerReportHandler (AbstractContainerReportHandler.java:updateContainerState(145)) - Container #1 is in OPEN state, but the datanode ee386961-2337-4a8c-9c8d-dbca8671699a{ip: 192.168.157.233, host: pr-hdds-2325-q7txw-2705037156, networkLocation: /default-rack, certSerialId: null} reports an CLOSED replica.
2019-10-18 14:21:55,241 [EventQueue-ContainerReportForContainerReportHandler] WARN  container.ContainerReportHandler (AbstractContainerReportHandler.java:updateContainerState(145)) - Container #1 is in OPEN state, but the datanode 2d385246-963b-498d-9e2e-bc24e50fd0c7{ip: 192.168.157.233, host: pr-hdds-2325-q7txw-2705037156, networkLocation: /default-rack, certSerialId: null} reports an CLOSED replica.
2019-10-18 14:21:55,242 [EventQueue-ContainerReportForContainerReportHandler] WARN  container.ContainerReportHandler (AbstractContainerReportHandler.java:updateContainerState(145)) - Container #1 is in OPEN state, but the datanode ee386961-2337-4a8c-9c8d-dbca8671699a{ip: 192.168.157.233, host: pr-hdds-2325-q7txw-2705037156, networkLocation: /default-rack, certSerialId: null} reports an CLOSED replica.
2019-10-18 14:21:55,440 [EventQueue-ContainerReportForContainerReportHandler] WARN  container.ContainerReportHandler (AbstractContainerReportHandler.java:updateContainerState(145)) - Container #1 is in OPEN state, but the datanode ee386961-2337-4a8c-9c8d-dbca8671699a{ip: 192.168.157.233, host: pr-hdds-2325-q7txw-2705037156, networkLocation: /default-rack, certSerialId: null} reports an CLOSED replica.
2019-10-18 14:21:55,538 [EventQueue-ContainerReportForContainerReportHandler] WARN  container.ContainerReportHandler (AbstractContainerReportHandler.java:updateContainerState(145)) - Container #1 is in OPEN state, but the datanode 2d385246-963b-498d-9e2e-bc24e50fd0c7{ip: 192.168.157.233, host: pr-hdds-2325-q7txw-2705037156, networkLocation: /default-rack, certSerialId: null} reports an CLOSED replica.
2019-10-18 14:21:55,740 [EventQueue-ContainerReportForContainerReportHandler] WARN  container.ContainerReportHandler (AbstractContainerReportHandler.java:updateContainerState(145)) - Container #1 is in OPEN state, but the datanode ee386961-2337-4a8c-9c8d-dbca8671699a{ip: 192.168.157.233, host: pr-hdds-2325-q7txw-2705037156, networkLocation: /default-rack, certSerialId: null} reports an CLOSED replica.
2019-10-18 14:21:55,837 [EventQueue-ContainerReportForContainerReportHandler] WARN  container.ContainerReportHandler (AbstractContainerReportHandler.java:updateContainerState(145)) - Container #1 is in OPEN state, but the datanode 2d385246-963b-498d-9e2e-bc24e50fd0c7{ip: 192.168.157.233, host: pr-hdds-2325-q7txw-2705037156, networkLocation: /default-rack, certSerialId: null} reports an CLOSED replica.
2019-10-18 14:21:55,917 [BlockDeletingService#2] WARN  background.BlockDeletingService (BlockDeletingService.java:isDeletionAllowed(187)) - Close Container log Index 6 is not replicated across allthe servers in the pipeline 5a21c002-5003-4cac-9183-8175d73357f8 as the min replicated index is 4. Deletion is not allowed in this container yet.
2019-10-18 14:21:55,918 [BlockDeletingService#0] WARN  background.BlockDeletingService (BlockDeletingService.java:isDeletionAllowed(187)) - Close Container log Index 6 is not replicated across allthe servers in the pipeline 5a21c002-5003-4cac-9183-8175d73357f8 as the min replicated index is 4. Deletion is not allowed in this container yet.
2019-10-18 14:21:56,040 [EventQueue-ContainerReportForContainerReportHandler] WARN  container.ContainerReportHandler (AbstractContainerReportHandler.java:updateContainerState(145)) - Container #1 is in OPEN state, but the datanode ee386961-2337-4a8c-9c8d-dbca8671699a{ip: 192.168.157.233, host: pr-hdds-2325-q7txw-2705037156, networkLocation: /default-rack, certSerialId: null} reports an CLOSED replica.
2019-10-18 14:21:56,237 [EventQueue-ContainerReportForContainerReportHandler] WARN  container.ContainerReportHandler (AbstractContainerReportHandler.java:updateContainerState(145)) - Container #1 is in OPEN state, but the datanode 2d385246-963b-498d-9e2e-bc24e50fd0c7{ip: 192.168.157.233, host: pr-hdds-2325-q7txw-2705037156, networkLocation: /default-rack, certSerialId: null} reports an CLOSED replica.
2019-10-18 14:21:56,240 [EventQueue-ContainerReportForContainerReportHandler] WARN  container.ContainerReportHandler (AbstractContainerReportHandler.java:updateContainerState(145)) - Container #1 is in OPEN state, but the datanode ee386961-2337-4a8c-9c8d-dbca8671699a{ip: 192.168.157.233, host: pr-hdds-2325-q7txw-2705037156, networkLocation: /default-rack, certSerialId: null} reports an CLOSED replica.
2019-10-18 14:21:56,351 [java.util.concurrent.ThreadPoolExecutor$Worker@5bad3adb[State = -1, empty queue]] WARN  server.GrpcLogAppender (GrpcLogAppender.java:timeoutAppendRequest(209)) - 2d385246-963b-498d-9e2e-bc24e50fd0c7@group-8175D73357F8->a7998a79-199c-44f4-b3c2-ea75c49d687d-GrpcLogAppender: appendEntries Timeout, request=2d385246-963b-498d-9e2e-bc24e50fd0c7->a7998a79-199c-44f4-b3c2-ea75c49d687d#28-t6, previous=(t:6, i:10), leaderCommit=10, initializing? false, entries: <empty>
2019-10-18 14:21:56,538 [EventQueue-ContainerReportForContainerReportHandler] WARN  container.ContainerReportHandler (AbstractContainerReportHandler.java:updateContainerState(145)) - Container #1 is in OPEN state, but the datanode 2d385246-963b-498d-9e2e-bc24e50fd0c7{ip: 192.168.157.233, host: pr-hdds-2325-q7txw-2705037156, networkLocation: /default-rack, certSerialId: null} reports an CLOSED replica.
2019-10-18 14:21:56,540 [EventQueue-ContainerReportForContainerReportHandler] WARN  container.ContainerReportHandler (AbstractContainerReportHandler.java:updateContainerState(145)) - Container #1 is in OPEN state, but the datanode ee386961-2337-4a8c-9c8d-dbca8671699a{ip: 192.168.157.233, host: pr-hdds-2325-q7txw-2705037156, networkLocation: /default-rack, certSerialId: null} reports an CLOSED replica.
2019-10-18 14:21:56,840 [EventQueue-ContainerReportForContainerReportHandler] WARN  container.ContainerReportHandler (AbstractContainerReportHandler.java:updateContainerState(145)) - Container #1 is in OPEN state, but the datanode ee386961-2337-4a8c-9c8d-dbca8671699a{ip: 192.168.157.233, host: pr-hdds-2325-q7txw-2705037156, networkLocation: /default-rack, certSerialId: null} reports an CLOSED replica.
2019-10-18 14:21:56,919 [BlockDeletingService#2] WARN  background.BlockDeletingService (BlockDeletingService.java:isDeletionAllowed(187)) - Close Container log Index 6 is not replicated across allthe servers in the pipeline 5a21c002-5003-4cac-9183-8175d73357f8 as the min replicated index is 4. Deletion is not allowed in this container yet.
2019-10-18 14:21:56,919 [BlockDeletingService#0] WARN  background.BlockDeletingService (BlockDeletingService.java:isDeletionAllowed(187)) - Close Container log Index 6 is not replicated across allthe servers in the pipeline 5a21c002-5003-4cac-9183-8175d73357f8 as the min replicated index is 4. Deletion is not allowed in this container yet.
2019-10-18 14:21:56,938 [EventQueue-ContainerReportForContainerReportHandler] WARN  container.ContainerReportHandler (AbstractContainerReportHandler.java:updateContainerState(145)) - Container #1 is in OPEN state, but the datanode 2d385246-963b-498d-9e2e-bc24e50fd0c7{ip: 192.168.157.233, host: pr-hdds-2325-q7txw-2705037156, networkLocation: /default-rack, certSerialId: null} reports an CLOSED replica.
2019-10-18 14:21:57,140 [EventQueue-ContainerReportForContainerReportHandler] WARN  container.ContainerReportHandler (AbstractContainerReportHandler.java:updateContainerState(145)) - Container #1 is in OPEN state, but the datanode ee386961-2337-4a8c-9c8d-dbca8671699a{ip: 192.168.157.233, host: pr-hdds-2325-q7txw-2705037156, networkLocation: /default-rack, certSerialId: null} reports an CLOSED replica.
2019-10-18 14:21:57,339 [EventQueue-ContainerReportForContainerReportHandler] WARN  container.ContainerReportHandler (AbstractContainerReportHandler.java:updateContainerState(145)) - Container #1 is in OPEN state, but the datanode 2d385246-963b-498d-9e2e-bc24e50fd0c7{ip: 192.168.157.233, host: pr-hdds-2325-q7txw-2705037156, networkLocation: /default-rack, certSerialId: null} reports an CLOSED replica.
2019-10-18 14:21:57,341 [EventQueue-ContainerReportForContainerReportHandler] WARN  container.ContainerReportHandler (AbstractContainerReportHandler.java:updateContainerState(145)) - Container #1 is in OPEN state, but the datanode ee386961-2337-4a8c-9c8d-dbca8671699a{ip: 192.168.157.233, host: pr-hdds-2325-q7txw-2705037156, networkLocation: /default-rack, certSerialId: null} reports an CLOSED replica.
2019-10-18 14:21:57,643 [EventQueue-ContainerReportForContainerReportHandler] WARN  container.ContainerReportHandler (AbstractContainerReportHandler.java:updateContainerState(145)) - Container #1 is in OPEN state, but the datanode ee386961-2337-4a8c-9c8d-dbca8671699a{ip: 192.168.157.233, host: pr-hdds-2325-q7txw-2705037156, networkLocation: /default-rack, certSerialId: null} reports an CLOSED replica.
2019-10-18 14:21:57,739 [EventQueue-ContainerReportForContainerReportHandler] WARN  container.ContainerReportHandler (AbstractContainerReportHandler.java:updateContainerState(145)) - Container #1 is in OPEN state, but the datanode 2d385246-963b-498d-9e2e-bc24e50fd0c7{ip: 192.168.157.233, host: pr-hdds-2325-q7txw-2705037156, networkLocation: /default-rack, certSerialId: null} reports an CLOSED replica.
2019-10-18 14:21:57,921 [BlockDeletingService#2] WARN  background.BlockDeletingService (BlockDeletingService.java:isDeletionAllowed(187)) - Close Container log Index 6 is not replicated across allthe servers in the pipeline 5a21c002-5003-4cac-9183-8175d73357f8 as the min replicated index is 4. Deletion is not allowed in this container yet.
2019-10-18 14:21:57,921 [BlockDeletingService#0] WARN  background.BlockDeletingService (BlockDeletingService.java:isDeletionAllowed(187)) - Close Container log Index 6 is not replicated across allthe servers in the pipeline 5a21c002-5003-4cac-9183-8175d73357f8 as the min replicated index is 4. Deletion is not allowed in this container yet.
2019-10-18 14:21:57,946 [EventQueue-ContainerReportForContainerReportHandler] WARN  container.ContainerReportHandler (AbstractContainerReportHandler.java:updateContainerState(145)) - Container #1 is in OPEN state, but the datanode ee386961-2337-4a8c-9c8d-dbca8671699a{ip: 192.168.157.233, host: pr-hdds-2325-q7txw-2705037156, networkLocation: /default-rack, certSerialId: null} reports an CLOSED replica.
2019-10-18 14:21:58,040 [EventQueue-ContainerReportForContainerReportHandler] WARN  container.ContainerReportHandler (AbstractContainerReportHandler.java:updateContainerState(145)) - Container #1 is in OPEN state, but the datanode 2d385246-963b-498d-9e2e-bc24e50fd0c7{ip: 192.168.157.233, host: pr-hdds-2325-q7txw-2705037156, networkLocation: /default-rack, certSerialId: null} reports an CLOSED replica.
2019-10-18 14:21:58,347 [EventQueue-ContainerReportForContainerReportHandler] WARN  container.ContainerReportHandler (AbstractContainerReportHandler.java:updateContainerState(145)) - Container #1 is in OPEN state, but the datanode ee386961-2337-4a8c-9c8d-dbca8671699a{ip: 192.168.157.233, host: pr-hdds-2325-q7txw-2705037156, networkLocation: /default-rack, certSerialId: null} reports an CLOSED replica.
2019-10-18 14:21:58,440 [EventQueue-ContainerReportForContainerReportHandler] WARN  container.ContainerReportHandler (AbstractContainerReportHandler.java:updateContainerState(145)) - Container #1 is in OPEN state, but the datanode 2d385246-963b-498d-9e2e-bc24e50fd0c7{ip: 192.168.157.233, host: pr-hdds-2325-q7txw-2705037156, networkLocation: /default-rack, certSerialId: null} reports an CLOSED replica.
2019-10-18 14:21:58,645 [EventQueue-ContainerReportForContainerReportHandler] WARN  container.ContainerReportHandler (AbstractContainerReportHandler.java:updateContainerState(145)) - Container #1 is in OPEN state, but the datanode ee386961-2337-4a8c-9c8d-dbca8671699a{ip: 192.168.157.233, host: pr-hdds-2325-q7txw-2705037156, networkLocation: /default-rack, certSerialId: null} reports an CLOSED replica.
2019-10-18 14:21:58,841 [EventQueue-ContainerReportForContainerReportHandler] WARN  container.ContainerReportHandler (AbstractContainerReportHandler.java:updateContainerState(145)) - Container #1 is in OPEN state, but the datanode 2d385246-963b-498d-9e2e-bc24e50fd0c7{ip: 192.168.157.233, host: pr-hdds-2325-q7txw-2705037156, networkLocation: /default-rack, certSerialId: null} reports an CLOSED replica.
2019-10-18 14:21:58,854 [java.util.concurrent.ThreadPoolExecutor$Worker@5bad3adb[State = -1, empty queue]] WARN  server.GrpcLogAppender (GrpcLogAppender.java:timeoutAppendRequest(209)) - 2d385246-963b-498d-9e2e-bc24e50fd0c7@group-8175D73357F8->a7998a79-199c-44f4-b3c2-ea75c49d687d-GrpcLogAppender: appendEntries Timeout, request=2d385246-963b-498d-9e2e-bc24e50fd0c7->a7998a79-199c-44f4-b3c2-ea75c49d687d#29-t6, previous=(t:6, i:10), leaderCommit=10, initializing? false, entries: <empty>
2019-10-18 14:21:58,923 [BlockDeletingService#2] WARN  background.BlockDeletingService (BlockDeletingService.java:isDeletionAllowed(187)) - Close Container log Index 6 is not replicated across allthe servers in the pipeline 5a21c002-5003-4cac-9183-8175d73357f8 as the min replicated index is 4. Deletion is not allowed in this container yet.
2019-10-18 14:21:58,923 [BlockDeletingService#0] WARN  background.BlockDeletingService (BlockDeletingService.java:isDeletionAllowed(187)) - Close Container log Index 6 is not replicated across allthe servers in the pipeline 5a21c002-5003-4cac-9183-8175d73357f8 as the min replicated index is 4. Deletion is not allowed in this container yet.
2019-10-18 14:21:58,945 [EventQueue-ContainerReportForContainerReportHandler] WARN  container.ContainerReportHandler (AbstractContainerReportHandler.java:updateContainerState(145)) - Container #1 is in OPEN state, but the datanode ee386961-2337-4a8c-9c8d-dbca8671699a{ip: 192.168.157.233, host: pr-hdds-2325-q7txw-2705037156, networkLocation: /default-rack, certSerialId: null} reports an CLOSED replica.
2019-10-18 14:21:59,141 [EventQueue-ContainerReportForContainerReportHandler] WARN  container.ContainerReportHandler (AbstractContainerReportHandler.java:updateContainerState(145)) - Container #1 is in OPEN state, but the datanode 2d385246-963b-498d-9e2e-bc24e50fd0c7{ip: 192.168.157.233, host: pr-hdds-2325-q7txw-2705037156, networkLocation: /default-rack, certSerialId: null} reports an CLOSED replica.
2019-10-18 14:21:59,146 [EventQueue-ContainerReportForContainerReportHandler] WARN  container.ContainerReportHandler (AbstractContainerReportHandler.java:updateContainerState(145)) - Container #1 is in OPEN state, but the datanode ee386961-2337-4a8c-9c8d-dbca8671699a{ip: 192.168.157.233, host: pr-hdds-2325-q7txw-2705037156, networkLocation: /default-rack, certSerialId: null} reports an CLOSED replica.
2019-10-18 14:21:59,451 [EventQueue-ContainerReportForContainerReportHandler] WARN  container.ContainerReportHandler (AbstractContainerReportHandler.java:updateContainerState(145)) - Container #1 is in OPEN state, but the datanode ee386961-2337-4a8c-9c8d-dbca8671699a{ip: 192.168.157.233, host: pr-hdds-2325-q7txw-2705037156, networkLocation: /default-rack, certSerialId: null} reports an CLOSED replica.
2019-10-18 14:21:59,544 [EventQueue-ContainerReportForContainerReportHandler] WARN  container.ContainerReportHandler (AbstractContainerReportHandler.java:updateContainerState(145)) - Container #1 is in OPEN state, but the datanode 2d385246-963b-498d-9e2e-bc24e50fd0c7{ip: 192.168.157.233, host: pr-hdds-2325-q7txw-2705037156, networkLocation: /default-rack, certSerialId: null} reports an CLOSED replica.
2019-10-18 14:21:59,645 [EventQueue-ContainerReportForContainerReportHandler] WARN  container.ContainerReportHandler (AbstractContainerReportHandler.java:updateContainerState(145)) - Container #1 is in OPEN state, but the datanode ee386961-2337-4a8c-9c8d-dbca8671699a{ip: 192.168.157.233, host: pr-hdds-2325-q7txw-2705037156, networkLocation: /default-rack, certSerialId: null} reports an CLOSED replica.
2019-10-18 14:21:59,841 [EventQueue-ContainerReportForContainerReportHandler] WARN  container.ContainerReportHandler (AbstractContainerReportHandler.java:updateContainerState(145)) - Container #1 is in OPEN state, but the datanode 2d385246-963b-498d-9e2e-bc24e50fd0c7{ip: 192.168.157.233, host: pr-hdds-2325-q7txw-2705037156, networkLocation: /default-rack, certSerialId: null} reports an CLOSED replica.
2019-10-18 14:21:59,925 [BlockDeletingService#0] WARN  background.BlockDeletingService (BlockDeletingService.java:isDeletionAllowed(187)) - Close Container log Index 6 is not replicated across allthe servers in the pipeline 5a21c002-5003-4cac-9183-8175d73357f8 as the min replicated index is 4. Deletion is not allowed in this container yet.
2019-10-18 14:21:59,925 [BlockDeletingService#2] WARN  background.BlockDeletingService (BlockDeletingService.java:isDeletionAllowed(187)) - Close Container log Index 6 is not replicated across allthe servers in the pipeline 5a21c002-5003-4cac-9183-8175d73357f8 as the min replicated index is 4. Deletion is not allowed in this container yet.
2019-10-18 14:22:00,041 [EventQueue-ContainerReportForContainerReportHandler] WARN  container.ContainerReportHandler (AbstractContainerReportHandler.java:updateContainerState(145)) - Container #1 is in OPEN state, but the datanode 2d385246-963b-498d-9e2e-bc24e50fd0c7{ip: 192.168.157.233, host: pr-hdds-2325-q7txw-2705037156, networkLocation: /default-rack, certSerialId: null} reports an CLOSED replica.
2019-10-18 14:22:00,045 [EventQueue-ContainerReportForContainerReportHandler] WARN  container.ContainerReportHandler (AbstractContainerReportHandler.java:updateContainerState(145)) - Container #1 is in OPEN state, but the datanode ee386961-2337-4a8c-9c8d-dbca8671699a{ip: 192.168.157.233, host: pr-hdds-2325-q7txw-2705037156, networkLocation: /default-rack, certSerialId: null} reports an CLOSED replica.
2019-10-18 14:22:00,346 [EventQueue-ContainerReportForContainerReportHandler] WARN  container.ContainerReportHandler (AbstractContainerReportHandler.java:updateContainerState(145)) - Container #1 is in OPEN state, but the datanode ee386961-2337-4a8c-9c8d-dbca8671699a{ip: 192.168.157.233, host: pr-hdds-2325-q7txw-2705037156, networkLocation: /default-rack, certSerialId: null} reports an CLOSED replica.
2019-10-18 14:22:00,442 [EventQueue-ContainerReportForContainerReportHandler] WARN  container.ContainerReportHandler (AbstractContainerReportHandler.java:updateContainerState(145)) - Container #1 is in OPEN state, but the datanode 2d385246-963b-498d-9e2e-bc24e50fd0c7{ip: 192.168.157.233, host: pr-hdds-2325-q7txw-2705037156, networkLocation: /default-rack, certSerialId: null} reports an CLOSED replica.
2019-10-18 14:22:00,642 [EventQueue-ContainerReportForContainerReportHandler] WARN  container.ContainerReportHandler (AbstractContainerReportHandler.java:updateContainerState(145)) - Container #1 is in OPEN state, but the datanode 2d385246-963b-498d-9e2e-bc24e50fd0c7{ip: 192.168.157.233, host: pr-hdds-2325-q7txw-2705037156, networkLocation: /default-rack, certSerialId: null} reports an CLOSED replica.
2019-10-18 14:22:00,647 [EventQueue-ContainerReportForContainerReportHandler] WARN  container.ContainerReportHandler (AbstractContainerReportHandler.java:updateContainerState(145)) - Container #1 is in OPEN state, but the datanode ee386961-2337-4a8c-9c8d-dbca8671699a{ip: 192.168.157.233, host: pr-hdds-2325-q7txw-2705037156, networkLocation: /default-rack, certSerialId: null} reports an CLOSED replica.
2019-10-18 14:22:00,927 [BlockDeletingService#0] WARN  background.BlockDeletingService (BlockDeletingService.java:isDeletionAllowed(187)) - Close Container log Index 6 is not replicated across allthe servers in the pipeline 5a21c002-5003-4cac-9183-8175d73357f8 as the min replicated index is 4. Deletion is not allowed in this container yet.
2019-10-18 14:22:00,927 [BlockDeletingService#2] WARN  background.BlockDeletingService (BlockDeletingService.java:isDeletionAllowed(187)) - Close Container log Index 6 is not replicated across allthe servers in the pipeline 5a21c002-5003-4cac-9183-8175d73357f8 as the min replicated index is 4. Deletion is not allowed in this container yet.
2019-10-18 14:22:00,942 [EventQueue-ContainerReportForContainerReportHandler] WARN  container.ContainerReportHandler (AbstractContainerReportHandler.java:updateContainerState(145)) - Container #1 is in OPEN state, but the datanode 2d385246-963b-498d-9e2e-bc24e50fd0c7{ip: 192.168.157.233, host: pr-hdds-2325-q7txw-2705037156, networkLocation: /default-rack, certSerialId: null} reports an CLOSED replica.
2019-10-18 14:22:00,947 [EventQueue-ContainerReportForContainerReportHandler] WARN  container.ContainerReportHandler (AbstractContainerReportHandler.java:updateContainerState(145)) - Container #1 is in OPEN state, but the datanode ee386961-2337-4a8c-9c8d-dbca8671699a{ip: 192.168.157.233, host: pr-hdds-2325-q7txw-2705037156, networkLocation: /default-rack, certSerialId: null} reports an CLOSED replica.
2019-10-18 14:22:01,344 [EventQueue-ContainerReportForContainerReportHandler] WARN  container.ContainerReportHandler (AbstractContainerReportHandler.java:updateContainerState(145)) - Container #1 is in OPEN state, but the datanode 2d385246-963b-498d-9e2e-bc24e50fd0c7{ip: 192.168.157.233, host: pr-hdds-2325-q7txw-2705037156, networkLocation: /default-rack, certSerialId: null} reports an CLOSED replica.
2019-10-18 14:22:01,347 [EventQueue-ContainerReportForContainerReportHandler] WARN  container.ContainerReportHandler (AbstractContainerReportHandler.java:updateContainerState(145)) - Container #1 is in OPEN state, but the datanode ee386961-2337-4a8c-9c8d-dbca8671699a{ip: 192.168.157.233, host: pr-hdds-2325-q7txw-2705037156, networkLocation: /default-rack, certSerialId: null} reports an CLOSED replica.
2019-10-18 14:22:01,356 [java.util.concurrent.ThreadPoolExecutor$Worker@5bad3adb[State = -1, empty queue]] WARN  server.GrpcLogAppender (GrpcLogAppender.java:timeoutAppendRequest(209)) - 2d385246-963b-498d-9e2e-bc24e50fd0c7@group-8175D73357F8->a7998a79-199c-44f4-b3c2-ea75c49d687d-GrpcLogAppender: appendEntries Timeout, request=2d385246-963b-498d-9e2e-bc24e50fd0c7->a7998a79-199c-44f4-b3c2-ea75c49d687d#30-t6, previous=(t:6, i:10), leaderCommit=10, initializing? false, entries: <empty>
2019-10-18 14:22:01,544 [EventQueue-ContainerReportForContainerReportHandler] WARN  container.ContainerReportHandler (AbstractContainerReportHandler.java:updateContainerState(145)) - Container #1 is in OPEN state, but the datanode 2d385246-963b-498d-9e2e-bc24e50fd0c7{ip: 192.168.157.233, host: pr-hdds-2325-q7txw-2705037156, networkLocation: /default-rack, certSerialId: null} reports an CLOSED replica.
2019-10-18 14:22:01,648 [EventQueue-ContainerReportForContainerReportHandler] WARN  container.ContainerReportHandler (AbstractContainerReportHandler.java:updateContainerState(145)) - Container #1 is in OPEN state, but the datanode ee386961-2337-4a8c-9c8d-dbca8671699a{ip: 192.168.157.233, host: pr-hdds-2325-q7txw-2705037156, networkLocation: /default-rack, certSerialId: null} reports an CLOSED replica.
2019-10-18 14:22:01,845 [EventQueue-ContainerReportForContainerReportHandler] WARN  container.ContainerReportHandler (AbstractContainerReportHandler.java:updateContainerState(145)) - Container #1 is in OPEN state, but the datanode 2d385246-963b-498d-9e2e-bc24e50fd0c7{ip: 192.168.157.233, host: pr-hdds-2325-q7txw-2705037156, networkLocation: /default-rack, certSerialId: null} reports an CLOSED replica.
2019-10-18 14:22:01,848 [EventQueue-ContainerReportForContainerReportHandler] WARN  container.ContainerReportHandler (AbstractContainerReportHandler.java:updateContainerState(145)) - Container #1 is in OPEN state, but the datanode ee386961-2337-4a8c-9c8d-dbca8671699a{ip: 192.168.157.233, host: pr-hdds-2325-q7txw-2705037156, networkLocation: /default-rack, certSerialId: null} reports an CLOSED replica.
2019-10-18 14:22:01,929 [BlockDeletingService#2] WARN  background.BlockDeletingService (BlockDeletingService.java:isDeletionAllowed(187)) - Close Container log Index 6 is not replicated across allthe servers in the pipeline 5a21c002-5003-4cac-9183-8175d73357f8 as the min replicated index is 4. Deletion is not allowed in this container yet.
2019-10-18 14:22:01,929 [BlockDeletingService#0] WARN  background.BlockDeletingService (BlockDeletingService.java:isDeletionAllowed(187)) - Close Container log Index 6 is not replicated across allthe servers in the pipeline 5a21c002-5003-4cac-9183-8175d73357f8 as the min replicated index is 4. Deletion is not allowed in this container yet.
2019-10-18 14:22:02,145 [EventQueue-ContainerReportForContainerReportHandler] WARN  container.ContainerReportHandler (AbstractContainerReportHandler.java:updateContainerState(145)) - Container #1 is in OPEN state, but the datanode 2d385246-963b-498d-9e2e-bc24e50fd0c7{ip: 192.168.157.233, host: pr-hdds-2325-q7txw-2705037156, networkLocation: /default-rack, certSerialId: null} reports an CLOSED replica.
2019-10-18 14:22:02,250 [EventQueue-ContainerReportForContainerReportHandler] WARN  container.ContainerReportHandler (AbstractContainerReportHandler.java:updateContainerState(145)) - Container #1 is in OPEN state, but the datanode ee386961-2337-4a8c-9c8d-dbca8671699a{ip: 192.168.157.233, host: pr-hdds-2325-q7txw-2705037156, networkLocation: /default-rack, certSerialId: null} reports an CLOSED replica.
2019-10-18 14:22:02,447 [EventQueue-ContainerReportForContainerReportHandler] WARN  container.ContainerReportHandler (AbstractContainerReportHandler.java:updateContainerState(145)) - Container #1 is in OPEN state, but the datanode 2d385246-963b-498d-9e2e-bc24e50fd0c7{ip: 192.168.157.233, host: pr-hdds-2325-q7txw-2705037156, networkLocation: /default-rack, certSerialId: null} reports an CLOSED replica.
2019-10-18 14:22:02,452 [EventQueue-ContainerReportForContainerReportHandler] WARN  container.ContainerReportHandler (AbstractContainerReportHandler.java:updateContainerState(145)) - Container #1 is in OPEN state, but the datanode ee386961-2337-4a8c-9c8d-dbca8671699a{ip: 192.168.157.233, host: pr-hdds-2325-q7txw-2705037156, networkLocation: /default-rack, certSerialId: null} reports an CLOSED replica.
2019-10-18 14:22:02,752 [EventQueue-ContainerReportForContainerReportHandler] WARN  container.ContainerReportHandler (AbstractContainerReportHandler.java:updateContainerState(145)) - Container #1 is in OPEN state, but the datanode ee386961-2337-4a8c-9c8d-dbca8671699a{ip: 192.168.157.233, host: pr-hdds-2325-q7txw-2705037156, networkLocation: /default-rack, certSerialId: null} reports an CLOSED replica.
2019-10-18 14:22:02,847 [EventQueue-ContainerReportForContainerReportHandler] WARN  container.ContainerReportHandler (AbstractContainerReportHandler.java:updateContainerState(145)) - Container #1 is in OPEN state, but the datanode 2d385246-963b-498d-9e2e-bc24e50fd0c7{ip: 192.168.157.233, host: pr-hdds-2325-q7txw-2705037156, networkLocation: /default-rack, certSerialId: null} reports an CLOSED replica.
2019-10-18 14:22:02,930 [BlockDeletingService#2] WARN  background.BlockDeletingService (BlockDeletingService.java:isDeletionAllowed(187)) - Close Container log Index 6 is not replicated across allthe servers in the pipeline 5a21c002-5003-4cac-9183-8175d73357f8 as the min replicated index is 4. Deletion is not allowed in this container yet.
2019-10-18 14:22:02,931 [BlockDeletingService#0] WARN  background.BlockDeletingService (BlockDeletingService.java:isDeletionAllowed(187)) - Close Container log Index 6 is not replicated across allthe servers in the pipeline 5a21c002-5003-4cac-9183-8175d73357f8 as the min replicated index is 4. Deletion is not allowed in this container yet.
2019-10-18 14:22:03,047 [EventQueue-ContainerReportForContainerReportHandler] WARN  container.ContainerReportHandler (AbstractContainerReportHandler.java:updateContainerState(145)) - Container #1 is in OPEN state, but the datanode 2d385246-963b-498d-9e2e-bc24e50fd0c7{ip: 192.168.157.233, host: pr-hdds-2325-q7txw-2705037156, networkLocation: /default-rack, certSerialId: null} reports an CLOSED replica.
2019-10-18 14:22:03,153 [EventQueue-ContainerReportForContainerReportHandler] WARN  container.ContainerReportHandler (AbstractContainerReportHandler.java:updateContainerState(145)) - Container #1 is in OPEN state, but the datanode ee386961-2337-4a8c-9c8d-dbca8671699a{ip: 192.168.157.233, host: pr-hdds-2325-q7txw-2705037156, networkLocation: /default-rack, certSerialId: null} reports an CLOSED replica.
2019-10-18 14:22:03,247 [EventQueue-ContainerReportForContainerReportHandler] WARN  container.ContainerReportHandler (AbstractContainerReportHandler.java:updateContainerState(145)) - Container #1 is in OPEN state, but the datanode 2d385246-963b-498d-9e2e-bc24e50fd0c7{ip: 192.168.157.233, host: pr-hdds-2325-q7txw-2705037156, networkLocation: /default-rack, certSerialId: null} reports an CLOSED replica.
2019-10-18 14:22:03,452 [EventQueue-ContainerReportForContainerReportHandler] WARN  container.ContainerReportHandler (AbstractContainerReportHandler.java:updateContainerState(145)) - Container #1 is in OPEN state, but the datanode ee386961-2337-4a8c-9c8d-dbca8671699a{ip: 192.168.157.233, host: pr-hdds-2325-q7txw-2705037156, networkLocation: /default-rack, certSerialId: null} reports an CLOSED replica.
2019-10-18 14:22:03,584 [Thread-415] INFO  client.GrpcClientProtocolService (GrpcClientProtocolService.java:lambda$processClientRequest$0(278)) - Failed RaftClientRequest:client-49F5F9D51947->2d385246-963b-498d-9e2e-bc24e50fd0c7@group-8175D73357F8, cid=10, seq=0, Watch-ALL_COMMITTED(6), Message:<EMPTY>, reply=RaftClientReply:client-49F5F9D51947->2d385246-963b-498d-9e2e-bc24e50fd0c7@group-8175D73357F8, cid=10, FAILED org.apache.ratis.protocol.NotReplicatedException: Request with call Id 10 and log index 6 is not yet replicated to ALL_COMMITTED, logIndex=6, commits[2d385246-963b-498d-9e2e-bc24e50fd0c7:c10, a7998a79-199c-44f4-b3c2-ea75c49d687d:c4, ee386961-2337-4a8c-9c8d-dbca8671699a:c10]
2019-10-18 14:22:03,648 [EventQueue-ContainerReportForContainerReportHandler] WARN  container.ContainerReportHandler (AbstractContainerReportHandler.java:updateContainerState(145)) - Container #1 is in OPEN state, but the datanode 2d385246-963b-498d-9e2e-bc24e50fd0c7{ip: 192.168.157.233, host: pr-hdds-2325-q7txw-2705037156, networkLocation: /default-rack, certSerialId: null} reports an CLOSED replica.
2019-10-18 14:22:03,653 [EventQueue-ContainerReportForContainerReportHandler] WARN  container.ContainerReportHandler (AbstractContainerReportHandler.java:updateContainerState(145)) - Container #1 is in OPEN state, but the datanode ee386961-2337-4a8c-9c8d-dbca8671699a{ip: 192.168.157.233, host: pr-hdds-2325-q7txw-2705037156, networkLocation: /default-rack, certSerialId: null} reports an CLOSED replica.
2019-10-18 14:22:03,858 [java.util.concurrent.ThreadPoolExecutor$Worker@5bad3adb[State = -1, empty queue]] WARN  server.GrpcLogAppender (GrpcLogAppender.java:timeoutAppendRequest(209)) - 2d385246-963b-498d-9e2e-bc24e50fd0c7@group-8175D73357F8->a7998a79-199c-44f4-b3c2-ea75c49d687d-GrpcLogAppender: appendEntries Timeout, request=2d385246-963b-498d-9e2e-bc24e50fd0c7->a7998a79-199c-44f4-b3c2-ea75c49d687d#31-t6, previous=(t:6, i:10), leaderCommit=10, initializing? false, entries: <empty>
2019-10-18 14:22:03,932 [BlockDeletingService#2] WARN  background.BlockDeletingService (BlockDeletingService.java:isDeletionAllowed(187)) - Close Container log Index 6 is not replicated across allthe servers in the pipeline 5a21c002-5003-4cac-9183-8175d73357f8 as the min replicated index is 4. Deletion is not allowed in this container yet.
2019-10-18 14:22:03,932 [BlockDeletingService#0] WARN  background.BlockDeletingService (BlockDeletingService.java:isDeletionAllowed(187)) - Close Container log Index 6 is not replicated across allthe servers in the pipeline 5a21c002-5003-4cac-9183-8175d73357f8 as the min replicated index is 4. Deletion is not allowed in this container yet.
2019-10-18 14:22:03,948 [EventQueue-ContainerReportForContainerReportHandler] WARN  container.ContainerReportHandler (AbstractContainerReportHandler.java:updateContainerState(145)) - Container #1 is in OPEN state, but the datanode 2d385246-963b-498d-9e2e-bc24e50fd0c7{ip: 192.168.157.233, host: pr-hdds-2325-q7txw-2705037156, networkLocation: /default-rack, certSerialId: null} reports an CLOSED replica.
2019-10-18 14:22:03,953 [EventQueue-ContainerReportForContainerReportHandler] WARN  container.ContainerReportHandler (AbstractContainerReportHandler.java:updateContainerState(145)) - Container #1 is in OPEN state, but the datanode ee386961-2337-4a8c-9c8d-dbca8671699a{ip: 192.168.157.233, host: pr-hdds-2325-q7txw-2705037156, networkLocation: /default-rack, certSerialId: null} reports an CLOSED replica.
2019-10-18 14:22:04,249 [EventQueue-ContainerReportForContainerReportHandler] WARN  container.ContainerReportHandler (AbstractContainerReportHandler.java:updateContainerState(145)) - Container #1 is in OPEN state, but the datanode 2d385246-963b-498d-9e2e-bc24e50fd0c7{ip: 192.168.157.233, host: pr-hdds-2325-q7txw-2705037156, networkLocation: /default-rack, certSerialId: null} reports an CLOSED replica.
2019-10-18 14:22:04,253 [EventQueue-ContainerReportForContainerReportHandler] WARN  container.ContainerReportHandler (AbstractContainerReportHandler.java:updateContainerState(145)) - Container #1 is in OPEN state, but the datanode ee386961-2337-4a8c-9c8d-dbca8671699a{ip: 192.168.157.233, host: pr-hdds-2325-q7txw-2705037156, networkLocation: /default-rack, certSerialId: null} reports an CLOSED replica.
2019-10-18 14:22:04,450 [EventQueue-ContainerReportForContainerReportHandler] WARN  container.ContainerReportHandler (AbstractContainerReportHandler.java:updateContainerState(145)) - Container #1 is in OPEN state, but the datanode 2d385246-963b-498d-9e2e-bc24e50fd0c7{ip: 192.168.157.233, host: pr-hdds-2325-q7txw-2705037156, networkLocation: /default-rack, certSerialId: null} reports an CLOSED replica.
2019-10-18 14:22:04,454 [EventQueue-ContainerReportForContainerReportHandler] WARN  container.ContainerReportHandler (AbstractContainerReportHandler.java:updateContainerState(145)) - Container #1 is in OPEN state, but the datanode ee386961-2337-4a8c-9c8d-dbca8671699a{ip: 192.168.157.233, host: pr-hdds-2325-q7txw-2705037156, networkLocation: /default-rack, certSerialId: null} reports an CLOSED replica.
2019-10-18 14:22:04,654 [EventQueue-ContainerReportForContainerReportHandler] WARN  container.ContainerReportHandler (AbstractContainerReportHandler.java:updateContainerState(145)) - Container #1 is in OPEN state, but the datanode ee386961-2337-4a8c-9c8d-dbca8671699a{ip: 192.168.157.233, host: pr-hdds-2325-q7txw-2705037156, networkLocation: /default-rack, certSerialId: null} reports an CLOSED replica.
2019-10-18 14:22:04,750 [EventQueue-ContainerReportForContainerReportHandler] WARN  container.ContainerReportHandler (AbstractContainerReportHandler.java:updateContainerState(145)) - Container #1 is in OPEN state, but the datanode 2d385246-963b-498d-9e2e-bc24e50fd0c7{ip: 192.168.157.233, host: pr-hdds-2325-q7txw-2705037156, networkLocation: /default-rack, certSerialId: null} reports an CLOSED replica.
2019-10-18 14:22:04,933 [BlockDeletingService#2] WARN  background.BlockDeletingService (BlockDeletingService.java:isDeletionAllowed(187)) - Close Container log Index 6 is not replicated across allthe servers in the pipeline 5a21c002-5003-4cac-9183-8175d73357f8 as the min replicated index is 4. Deletion is not allowed in this container yet.
2019-10-18 14:22:04,934 [BlockDeletingService#0] WARN  background.BlockDeletingService (BlockDeletingService.java:isDeletionAllowed(187)) - Close Container log Index 6 is not replicated across allthe servers in the pipeline 5a21c002-5003-4cac-9183-8175d73357f8 as the min replicated index is 4. Deletion is not allowed in this container yet.
2019-10-18 14:22:05,051 [EventQueue-ContainerReportForContainerReportHandler] WARN  container.ContainerReportHandler (AbstractContainerReportHandler.java:updateContainerState(145)) - Container #1 is in OPEN state, but the datanode 2d385246-963b-498d-9e2e-bc24e50fd0c7{ip: 192.168.157.233, host: pr-hdds-2325-q7txw-2705037156, networkLocation: /default-rack, certSerialId: null} reports an CLOSED replica.
2019-10-18 14:22:05,057 [EventQueue-ContainerReportForContainerReportHandler] WARN  container.ContainerReportHandler (AbstractContainerReportHandler.java:updateContainerState(145)) - Container #1 is in OPEN state, but the datanode ee386961-2337-4a8c-9c8d-dbca8671699a{ip: 192.168.157.233, host: pr-hdds-2325-q7txw-2705037156, networkLocation: /default-rack, certSerialId: null} reports an CLOSED replica.
2019-10-18 14:22:05,357 [EventQueue-ContainerReportForContainerReportHandler] WARN  container.ContainerReportHandler (AbstractContainerReportHandler.java:updateContainerState(145)) - Container #1 is in OPEN state, but the datanode ee386961-2337-4a8c-9c8d-dbca8671699a{ip: 192.168.157.233, host: pr-hdds-2325-q7txw-2705037156, networkLocation: /default-rack, certSerialId: null} reports an CLOSED replica.
2019-10-18 14:22:05,452 [EventQueue-ContainerReportForContainerReportHandler] WARN  container.ContainerReportHandler (AbstractContainerReportHandler.java:updateContainerState(145)) - Container #1 is in OPEN state, but the datanode 2d385246-963b-498d-9e2e-bc24e50fd0c7{ip: 192.168.157.233, host: pr-hdds-2325-q7txw-2705037156, networkLocation: /default-rack, certSerialId: null} reports an CLOSED replica.
2019-10-18 14:22:05,557 [EventQueue-ContainerReportForContainerReportHandler] WARN  container.ContainerReportHandler (AbstractContainerReportHandler.java:updateContainerState(145)) - Container #1 is in OPEN state, but the datanode ee386961-2337-4a8c-9c8d-dbca8671699a{ip: 192.168.157.233, host: pr-hdds-2325-q7txw-2705037156, networkLocation: /default-rack, certSerialId: null} reports an CLOSED replica.
2019-10-18 14:22:05,753 [EventQueue-ContainerReportForContainerReportHandler] WARN  container.ContainerReportHandler (AbstractContainerReportHandler.java:updateContainerState(145)) - Container #1 is in OPEN state, but the datanode 2d385246-963b-498d-9e2e-bc24e50fd0c7{ip: 192.168.157.233, host: pr-hdds-2325-q7txw-2705037156, networkLocation: /default-rack, certSerialId: null} reports an CLOSED replica.
2019-10-18 14:22:05,935 [BlockDeletingService#0] WARN  background.BlockDeletingService (BlockDeletingService.java:isDeletionAllowed(187)) - Close Container log Index 6 is not replicated across allthe servers in the pipeline 5a21c002-5003-4cac-9183-8175d73357f8 as the min replicated index is 4. Deletion is not allowed in this container yet.
2019-10-18 14:22:05,935 [BlockDeletingService#2] WARN  background.BlockDeletingService (BlockDeletingService.java:isDeletionAllowed(187)) - Close Container log Index 6 is not replicated across allthe servers in the pipeline 5a21c002-5003-4cac-9183-8175d73357f8 as the min replicated index is 4. Deletion is not allowed in this container yet.
2019-10-18 14:22:05,957 [EventQueue-ContainerReportForContainerReportHandler] WARN  container.ContainerReportHandler (AbstractContainerReportHandler.java:updateContainerState(145)) - Container #1 is in OPEN state, but the datanode ee386961-2337-4a8c-9c8d-dbca8671699a{ip: 192.168.157.233, host: pr-hdds-2325-q7txw-2705037156, networkLocation: /default-rack, certSerialId: null} reports an CLOSED replica.
2019-10-18 14:22:06,052 [EventQueue-ContainerReportForContainerReportHandler] WARN  container.ContainerReportHandler (AbstractContainerReportHandler.java:updateContainerState(145)) - Container #1 is in OPEN state, but the datanode 2d385246-963b-498d-9e2e-bc24e50fd0c7{ip: 192.168.157.233, host: pr-hdds-2325-q7txw-2705037156, networkLocation: /default-rack, certSerialId: null} reports an CLOSED replica.
2019-10-18 14:22:06,257 [EventQueue-ContainerReportForContainerReportHandler] WARN  container.ContainerReportHandler (AbstractContainerReportHandler.java:updateContainerState(145)) - Container #1 is in OPEN state, but the datanode ee386961-2337-4a8c-9c8d-dbca8671699a{ip: 192.168.157.233, host: pr-hdds-2325-q7txw-2705037156, networkLocation: /default-rack, certSerialId: null} reports an CLOSED replica.
2019-10-18 14:22:06,352 [EventQueue-ContainerReportForContainerReportHandler] WARN  container.ContainerReportHandler (AbstractContainerReportHandler.java:updateContainerState(145)) - Container #1 is in OPEN state, but the datanode 2d385246-963b-498d-9e2e-bc24e50fd0c7{ip: 192.168.157.233, host: pr-hdds-2325-q7txw-2705037156, networkLocation: /default-rack, certSerialId: null} reports an CLOSED replica.
2019-10-18 14:22:06,359 [java.util.concurrent.ThreadPoolExecutor$Worker@5bad3adb[State = -1, empty queue]] WARN  server.GrpcLogAppender (GrpcLogAppender.java:timeoutAppendRequest(209)) - 2d385246-963b-498d-9e2e-bc24e50fd0c7@group-8175D73357F8->a7998a79-199c-44f4-b3c2-ea75c49d687d-GrpcLogAppender: appendEntries Timeout, request=2d385246-963b-498d-9e2e-bc24e50fd0c7->a7998a79-199c-44f4-b3c2-ea75c49d687d#32-t6, previous=(t:6, i:10), leaderCommit=10, initializing? false, entries: <empty>
2019-10-18 14:22:06,557 [EventQueue-ContainerReportForContainerReportHandler] WARN  container.ContainerReportHandler (AbstractContainerReportHandler.java:updateContainerState(145)) - Container #1 is in OPEN state, but the datanode ee386961-2337-4a8c-9c8d-dbca8671699a{ip: 192.168.157.233, host: pr-hdds-2325-q7txw-2705037156, networkLocation: /default-rack, certSerialId: null} reports an CLOSED replica.
2019-10-18 14:22:06,654 [EventQueue-ContainerReportForContainerReportHandler] WARN  container.ContainerReportHandler (AbstractContainerReportHandler.java:updateContainerState(145)) - Container #1 is in OPEN state, but the datanode 2d385246-963b-498d-9e2e-bc24e50fd0c7{ip: 192.168.157.233, host: pr-hdds-2325-q7txw-2705037156, networkLocation: /default-rack, certSerialId: null} reports an CLOSED replica.
2019-10-18 14:22:06,858 [EventQueue-ContainerReportForContainerReportHandler] WARN  container.ContainerReportHandler (AbstractContainerReportHandler.java:updateContainerState(145)) - Container #1 is in OPEN state, but the datanode ee386961-2337-4a8c-9c8d-dbca8671699a{ip: 192.168.157.233, host: pr-hdds-2325-q7txw-2705037156, networkLocation: /default-rack, certSerialId: null} reports an CLOSED replica.
2019-10-18 14:22:06,938 [BlockDeletingService#0] WARN  background.BlockDeletingService (BlockDeletingService.java:isDeletionAllowed(187)) - Close Container log Index 6 is not replicated across allthe servers in the pipeline 5a21c002-5003-4cac-9183-8175d73357f8 as the min replicated index is 4. Deletion is not allowed in this container yet.
2019-10-18 14:22:06,938 [BlockDeletingService#2] WARN  background.BlockDeletingService (BlockDeletingService.java:isDeletionAllowed(187)) - Close Container log Index 6 is not replicated across allthe servers in the pipeline 5a21c002-5003-4cac-9183-8175d73357f8 as the min replicated index is 4. Deletion is not allowed in this container yet.
2019-10-18 14:22:06,953 [EventQueue-ContainerReportForContainerReportHandler] WARN  container.ContainerReportHandler (AbstractContainerReportHandler.java:updateContainerState(145)) - Container #1 is in OPEN state, but the datanode 2d385246-963b-498d-9e2e-bc24e50fd0c7{ip: 192.168.157.233, host: pr-hdds-2325-q7txw-2705037156, networkLocation: /default-rack, certSerialId: null} reports an CLOSED replica.
2019-10-18 14:22:07,158 [EventQueue-ContainerReportForContainerReportHandler] WARN  container.ContainerReportHandler (AbstractContainerReportHandler.java:updateContainerState(145)) - Container #1 is in OPEN state, but the datanode ee386961-2337-4a8c-9c8d-dbca8671699a{ip: 192.168.157.233, host: pr-hdds-2325-q7txw-2705037156, networkLocation: /default-rack, certSerialId: null} reports an CLOSED replica.
2019-10-18 14:22:07,253 [EventQueue-ContainerReportForContainerReportHandler] WARN  container.ContainerReportHandler (AbstractContainerReportHandler.java:updateContainerState(145)) - Container #1 is in OPEN state, but the datanode 2d385246-963b-498d-9e2e-bc24e50fd0c7{ip: 192.168.157.233, host: pr-hdds-2325-q7txw-2705037156, networkLocation: /default-rack, certSerialId: null} reports an CLOSED replica.
2019-10-18 14:22:07,358 [EventQueue-ContainerReportForContainerReportHandler] WARN  container.ContainerReportHandler (AbstractContainerReportHandler.java:updateContainerState(145)) - Container #1 is in OPEN state, but the datanode ee386961-2337-4a8c-9c8d-dbca8671699a{ip: 192.168.157.233, host: pr-hdds-2325-q7txw-2705037156, networkLocation: /default-rack, certSerialId: null} reports an CLOSED replica.
2019-10-18 14:22:07,553 [EventQueue-ContainerReportForContainerReportHandler] WARN  container.ContainerReportHandler (AbstractContainerReportHandler.java:updateContainerState(145)) - Container #1 is in OPEN state, but the datanode 2d385246-963b-498d-9e2e-bc24e50fd0c7{ip: 192.168.157.233, host: pr-hdds-2325-q7txw-2705037156, networkLocation: /default-rack, certSerialId: null} reports an CLOSED replica.
2019-10-18 14:22:07,754 [EventQueue-ContainerReportForContainerReportHandler] WARN  container.ContainerReportHandler (AbstractContainerReportHandler.java:updateContainerState(145)) - Container #1 is in OPEN state, but the datanode 2d385246-963b-498d-9e2e-bc24e50fd0c7{ip: 192.168.157.233, host: pr-hdds-2325-q7txw-2705037156, networkLocation: /default-rack, certSerialId: null} reports an CLOSED replica.
2019-10-18 14:22:07,758 [EventQueue-ContainerReportForContainerReportHandler] WARN  container.ContainerReportHandler (AbstractContainerReportHandler.java:updateContainerState(145)) - Container #1 is in OPEN state, but the datanode ee386961-2337-4a8c-9c8d-dbca8671699a{ip: 192.168.157.233, host: pr-hdds-2325-q7txw-2705037156, networkLocation: /default-rack, certSerialId: null} reports an CLOSED replica.
2019-10-18 14:22:07,940 [BlockDeletingService#0] WARN  background.BlockDeletingService (BlockDeletingService.java:isDeletionAllowed(187)) - Close Container log Index 6 is not replicated across allthe servers in the pipeline 5a21c002-5003-4cac-9183-8175d73357f8 as the min replicated index is 4. Deletion is not allowed in this container yet.
2019-10-18 14:22:07,940 [BlockDeletingService#2] WARN  background.BlockDeletingService (BlockDeletingService.java:isDeletionAllowed(187)) - Close Container log Index 6 is not replicated across allthe servers in the pipeline 5a21c002-5003-4cac-9183-8175d73357f8 as the min replicated index is 4. Deletion is not allowed in this container yet.
2019-10-18 14:22:08,053 [EventQueue-ContainerReportForContainerReportHandler] WARN  container.ContainerReportHandler (AbstractContainerReportHandler.java:updateContainerState(145)) - Container #1 is in OPEN state, but the datanode 2d385246-963b-498d-9e2e-bc24e50fd0c7{ip: 192.168.157.233, host: pr-hdds-2325-q7txw-2705037156, networkLocation: /default-rack, certSerialId: null} reports an CLOSED replica.
2019-10-18 14:22:08,160 [EventQueue-ContainerReportForContainerReportHandler] WARN  container.ContainerReportHandler (AbstractContainerReportHandler.java:updateContainerState(145)) - Container #1 is in OPEN state, but the datanode ee386961-2337-4a8c-9c8d-dbca8671699a{ip: 192.168.157.233, host: pr-hdds-2325-q7txw-2705037156, networkLocation: /default-rack, certSerialId: null} reports an CLOSED replica.
2019-10-18 14:22:08,360 [EventQueue-ContainerReportForContainerReportHandler] WARN  container.ContainerReportHandler (AbstractContainerReportHandler.java:updateContainerState(145)) - Container #1 is in OPEN state, but the datanode ee386961-2337-4a8c-9c8d-dbca8671699a{ip: 192.168.157.233, host: pr-hdds-2325-q7txw-2705037156, networkLocation: /default-rack, certSerialId: null} reports an CLOSED replica.
2019-10-18 14:22:08,454 [EventQueue-ContainerReportForContainerReportHandler] WARN  container.ContainerReportHandler (AbstractContainerReportHandler.java:updateContainerState(145)) - Container #1 is in OPEN state, but the datanode 2d385246-963b-498d-9e2e-bc24e50fd0c7{ip: 192.168.157.233, host: pr-hdds-2325-q7txw-2705037156, networkLocation: /default-rack, certSerialId: null} reports an CLOSED replica.
2019-10-18 14:22:08,660 [EventQueue-ContainerReportForContainerReportHandler] WARN  container.ContainerReportHandler (AbstractContainerReportHandler.java:updateContainerState(145)) - Container #1 is in OPEN state, but the datanode ee386961-2337-4a8c-9c8d-dbca8671699a{ip: 192.168.157.233, host: pr-hdds-2325-q7txw-2705037156, networkLocation: /default-rack, certSerialId: null} reports an CLOSED replica.
2019-10-18 14:22:08,853 [EventQueue-ContainerReportForContainerReportHandler] WARN  container.ContainerReportHandler (AbstractContainerReportHandler.java:updateContainerState(145)) - Container #1 is in OPEN state, but the datanode 2d385246-963b-498d-9e2e-bc24e50fd0c7{ip: 192.168.157.233, host: pr-hdds-2325-q7txw-2705037156, networkLocation: /default-rack, certSerialId: null} reports an CLOSED replica.
2019-10-18 14:22:08,862 [java.util.concurrent.ThreadPoolExecutor$Worker@5bad3adb[State = -1, empty queue]] WARN  server.GrpcLogAppender (GrpcLogAppender.java:timeoutAppendRequest(209)) - 2d385246-963b-498d-9e2e-bc24e50fd0c7@group-8175D73357F8->a7998a79-199c-44f4-b3c2-ea75c49d687d-GrpcLogAppender: appendEntries Timeout, request=2d385246-963b-498d-9e2e-bc24e50fd0c7->a7998a79-199c-44f4-b3c2-ea75c49d687d#33-t6, previous=(t:6, i:10), leaderCommit=10, initializing? false, entries: <empty>
2019-10-18 14:22:08,942 [BlockDeletingService#0] WARN  background.BlockDeletingService (BlockDeletingService.java:isDeletionAllowed(187)) - Close Container log Index 6 is not replicated across allthe servers in the pipeline 5a21c002-5003-4cac-9183-8175d73357f8 as the min replicated index is 4. Deletion is not allowed in this container yet.
2019-10-18 14:22:08,942 [BlockDeletingService#2] WARN  background.BlockDeletingService (BlockDeletingService.java:isDeletionAllowed(187)) - Close Container log Index 6 is not replicated across allthe servers in the pipeline 5a21c002-5003-4cac-9183-8175d73357f8 as the min replicated index is 4. Deletion is not allowed in this container yet.
2019-10-18 14:22:08,961 [EventQueue-ContainerReportForContainerReportHandler] WARN  container.ContainerReportHandler (AbstractContainerReportHandler.java:updateContainerState(145)) - Container #1 is in OPEN state, but the datanode ee386961-2337-4a8c-9c8d-dbca8671699a{ip: 192.168.157.233, host: pr-hdds-2325-q7txw-2705037156, networkLocation: /default-rack, certSerialId: null} reports an CLOSED replica.
2019-10-18 14:22:09,153 [EventQueue-ContainerReportForContainerReportHandler] WARN  container.ContainerReportHandler (AbstractContainerReportHandler.java:updateContainerState(145)) - Container #1 is in OPEN state, but the datanode 2d385246-963b-498d-9e2e-bc24e50fd0c7{ip: 192.168.157.233, host: pr-hdds-2325-q7txw-2705037156, networkLocation: /default-rack, certSerialId: null} reports an CLOSED replica.
2019-10-18 14:22:09,261 [EventQueue-ContainerReportForContainerReportHandler] WARN  container.ContainerReportHandler (AbstractContainerReportHandler.java:updateContainerState(145)) - Container #1 is in OPEN state, but the datanode ee386961-2337-4a8c-9c8d-dbca8671699a{ip: 192.168.157.233, host: pr-hdds-2325-q7txw-2705037156, networkLocation: /default-rack, certSerialId: null} reports an CLOSED replica.
2019-10-18 14:22:09,353 [EventQueue-ContainerReportForContainerReportHandler] WARN  container.ContainerReportHandler (AbstractContainerReportHandler.java:updateContainerState(145)) - Container #1 is in OPEN state, but the datanode 2d385246-963b-498d-9e2e-bc24e50fd0c7{ip: 192.168.157.233, host: pr-hdds-2325-q7txw-2705037156, networkLocation: /default-rack, certSerialId: null} reports an CLOSED replica.
2019-10-18 14:22:09,654 [EventQueue-ContainerReportForContainerReportHandler] WARN  container.ContainerReportHandler (AbstractContainerReportHandler.java:updateContainerState(145)) - Container #1 is in OPEN state, but the datanode 2d385246-963b-498d-9e2e-bc24e50fd0c7{ip: 192.168.157.233, host: pr-hdds-2325-q7txw-2705037156, networkLocation: /default-rack, certSerialId: null} reports an CLOSED replica.
2019-10-18 14:22:09,661 [EventQueue-ContainerReportForContainerReportHandler] WARN  container.ContainerReportHandler (AbstractContainerReportHandler.java:updateContainerState(145)) - Container #1 is in OPEN state, but the datanode ee386961-2337-4a8c-9c8d-dbca8671699a{ip: 192.168.157.233, host: pr-hdds-2325-q7txw-2705037156, networkLocation: /default-rack, certSerialId: null} reports an CLOSED replica.
2019-10-18 14:22:09,853 [EventQueue-ContainerReportForContainerReportHandler] WARN  container.ContainerReportHandler (AbstractContainerReportHandler.java:updateContainerState(145)) - Container #1 is in OPEN state, but the datanode 2d385246-963b-498d-9e2e-bc24e50fd0c7{ip: 192.168.157.233, host: pr-hdds-2325-q7txw-2705037156, networkLocation: /default-rack, certSerialId: null} reports an CLOSED replica.
2019-10-18 14:22:09,944 [BlockDeletingService#2] WARN  background.BlockDeletingService (BlockDeletingService.java:isDeletionAllowed(187)) - Close Container log Index 6 is not replicated across allthe servers in the pipeline 5a21c002-5003-4cac-9183-8175d73357f8 as the min replicated index is 4. Deletion is not allowed in this container yet.
2019-10-18 14:22:09,944 [BlockDeletingService#0] WARN  background.BlockDeletingService (BlockDeletingService.java:isDeletionAllowed(187)) - Close Container log Index 6 is not replicated across allthe servers in the pipeline 5a21c002-5003-4cac-9183-8175d73357f8 as the min replicated index is 4. Deletion is not allowed in this container yet.
2019-10-18 14:22:10,063 [EventQueue-ContainerReportForContainerReportHandler] WARN  container.ContainerReportHandler (AbstractContainerReportHandler.java:updateContainerState(145)) - Container #1 is in OPEN state, but the datanode ee386961-2337-4a8c-9c8d-dbca8671699a{ip: 192.168.157.233, host: pr-hdds-2325-q7txw-2705037156, networkLocation: /default-rack, certSerialId: null} reports an CLOSED replica.
2019-10-18 14:22:10,253 [EventQueue-ContainerReportForContainerReportHandler] WARN  container.ContainerReportHandler (AbstractContainerReportHandler.java:updateContainerState(145)) - Container #1 is in OPEN state, but the datanode 2d385246-963b-498d-9e2e-bc24e50fd0c7{ip: 192.168.157.233, host: pr-hdds-2325-q7txw-2705037156, networkLocation: /default-rack, certSerialId: null} reports an CLOSED replica.
2019-10-18 14:22:10,462 [EventQueue-ContainerReportForContainerReportHandler] WARN  container.ContainerReportHandler (AbstractContainerReportHandler.java:updateContainerState(145)) - Container #1 is in OPEN state, but the datanode ee386961-2337-4a8c-9c8d-dbca8671699a{ip: 192.168.157.233, host: pr-hdds-2325-q7txw-2705037156, networkLocation: /default-rack, certSerialId: null} reports an CLOSED replica.
2019-10-18 14:22:10,554 [EventQueue-ContainerReportForContainerReportHandler] WARN  container.ContainerReportHandler (AbstractContainerReportHandler.java:updateContainerState(145)) - Container #1 is in OPEN state, but the datanode 2d385246-963b-498d-9e2e-bc24e50fd0c7{ip: 192.168.157.233, host: pr-hdds-2325-q7txw-2705037156, networkLocation: /default-rack, certSerialId: null} reports an CLOSED replica.
2019-10-18 14:22:10,754 [EventQueue-ContainerReportForContainerReportHandler] WARN  container.ContainerReportHandler (AbstractContainerReportHandler.java:updateContainerState(145)) - Container #1 is in OPEN state, but the datanode 2d385246-963b-498d-9e2e-bc24e50fd0c7{ip: 192.168.157.233, host: pr-hdds-2325-q7txw-2705037156, networkLocation: /default-rack, certSerialId: null} reports an CLOSED replica.
2019-10-18 14:22:10,762 [EventQueue-ContainerReportForContainerReportHandler] WARN  container.ContainerReportHandler (AbstractContainerReportHandler.java:updateContainerState(145)) - Container #1 is in OPEN state, but the datanode ee386961-2337-4a8c-9c8d-dbca8671699a{ip: 192.168.157.233, host: pr-hdds-2325-q7txw-2705037156, networkLocation: /default-rack, certSerialId: null} reports an CLOSED replica.
2019-10-18 14:22:10,945 [BlockDeletingService#2] WARN  background.BlockDeletingService (BlockDeletingService.java:isDeletionAllowed(187)) - Close Container log Index 6 is not replicated across allthe servers in the pipeline 5a21c002-5003-4cac-9183-8175d73357f8 as the min replicated index is 4. Deletion is not allowed in this container yet.
2019-10-18 14:22:10,945 [BlockDeletingService#0] WARN  background.BlockDeletingService (BlockDeletingService.java:isDeletionAllowed(187)) - Close Container log Index 6 is not replicated across allthe servers in the pipeline 5a21c002-5003-4cac-9183-8175d73357f8 as the min replicated index is 4. Deletion is not allowed in this container yet.
2019-10-18 14:22:11,062 [EventQueue-ContainerReportForContainerReportHandler] WARN  container.ContainerReportHandler (AbstractContainerReportHandler.java:updateContainerState(145)) - Container #1 is in OPEN state, but the datanode ee386961-2337-4a8c-9c8d-dbca8671699a{ip: 192.168.157.233, host: pr-hdds-2325-q7txw-2705037156, networkLocation: /default-rack, certSerialId: null} reports an CLOSED replica.
2019-10-18 14:22:11,155 [EventQueue-ContainerReportForContainerReportHandler] WARN  container.ContainerReportHandler (AbstractContainerReportHandler.java:updateContainerState(145)) - Container #1 is in OPEN state, but the datanode 2d385246-963b-498d-9e2e-bc24e50fd0c7{ip: 192.168.157.233, host: pr-hdds-2325-q7txw-2705037156, networkLocation: /default-rack, certSerialId: null} reports an CLOSED replica.
2019-10-18 14:22:11,362 [EventQueue-ContainerReportForContainerReportHandler] WARN  container.ContainerReportHandler (AbstractContainerReportHandler.java:updateContainerState(145)) - Container #1 is in OPEN state, but the datanode ee386961-2337-4a8c-9c8d-dbca8671699a{ip: 192.168.157.233, host: pr-hdds-2325-q7txw-2705037156, networkLocation: /default-rack, certSerialId: null} reports an CLOSED replica.
2019-10-18 14:22:11,364 [java.util.concurrent.ThreadPoolExecutor$Worker@5bad3adb[State = -1, empty queue]] WARN  server.GrpcLogAppender (GrpcLogAppender.java:timeoutAppendRequest(209)) - 2d385246-963b-498d-9e2e-bc24e50fd0c7@group-8175D73357F8->a7998a79-199c-44f4-b3c2-ea75c49d687d-GrpcLogAppender: appendEntries Timeout, request=2d385246-963b-498d-9e2e-bc24e50fd0c7->a7998a79-199c-44f4-b3c2-ea75c49d687d#34-t6, previous=(t:6, i:10), leaderCommit=10, initializing? false, entries: <empty>
2019-10-18 14:22:11,456 [EventQueue-ContainerReportForContainerReportHandler] WARN  container.ContainerReportHandler (AbstractContainerReportHandler.java:updateContainerState(145)) - Container #1 is in OPEN state, but the datanode 2d385246-963b-498d-9e2e-bc24e50fd0c7{ip: 192.168.157.233, host: pr-hdds-2325-q7txw-2705037156, networkLocation: /default-rack, certSerialId: null} reports an CLOSED replica.
2019-10-18 14:22:11,655 [EventQueue-ContainerReportForContainerReportHandler] WARN  container.ContainerReportHandler (AbstractContainerReportHandler.java:updateContainerState(145)) - Container #1 is in OPEN state, but the datanode 2d385246-963b-498d-9e2e-bc24e50fd0c7{ip: 192.168.157.233, host: pr-hdds-2325-q7txw-2705037156, networkLocation: /default-rack, certSerialId: null} reports an CLOSED replica.
2019-10-18 14:22:11,762 [EventQueue-ContainerReportForContainerReportHandler] WARN  container.ContainerReportHandler (AbstractContainerReportHandler.java:updateContainerState(145)) - Container #1 is in OPEN state, but the datanode ee386961-2337-4a8c-9c8d-dbca8671699a{ip: 192.168.157.233, host: pr-hdds-2325-q7txw-2705037156, networkLocation: /default-rack, certSerialId: null} reports an CLOSED replica.
2019-10-18 14:22:11,947 [BlockDeletingService#2] WARN  background.BlockDeletingService (BlockDeletingService.java:isDeletionAllowed(187)) - Close Container log Index 6 is not replicated across allthe servers in the pipeline 5a21c002-5003-4cac-9183-8175d73357f8 as the min replicated index is 4. Deletion is not allowed in this container yet.
2019-10-18 14:22:11,947 [BlockDeletingService#0] WARN  background.BlockDeletingService (BlockDeletingService.java:isDeletionAllowed(187)) - Close Container log Index 6 is not replicated across allthe servers in the pipeline 5a21c002-5003-4cac-9183-8175d73357f8 as the min replicated index is 4. Deletion is not allowed in this container yet.
2019-10-18 14:22:11,970 [Thread-439] INFO  client.GrpcClientProtocolService (GrpcClientProtocolService.java:lambda$processClientRequest$0(278)) - Failed RaftClientRequest:client-49F5F9D51947->ee386961-2337-4a8c-9c8d-dbca8671699a@group-8175D73357F8, cid=10, seq=0, Watch-ALL_COMMITTED(6), Message:<EMPTY>, reply=RaftClientReply:client-49F5F9D51947->ee386961-2337-4a8c-9c8d-dbca8671699a@group-8175D73357F8, cid=10, FAILED org.apache.ratis.protocol.NotLeaderException: Server ee386961-2337-4a8c-9c8d-dbca8671699a@group-8175D73357F8 is not the leader 2d385246-963b-498d-9e2e-bc24e50fd0c7:192.168.157.233:40769, logIndex=0, commits[ee386961-2337-4a8c-9c8d-dbca8671699a:c10, a7998a79-199c-44f4-b3c2-ea75c49d687d:c4, 2d385246-963b-498d-9e2e-bc24e50fd0c7:c10]
2019-10-18 14:22:12,056 [EventQueue-ContainerReportForContainerReportHandler] WARN  container.ContainerReportHandler (AbstractContainerReportHandler.java:updateContainerState(145)) - Container #1 is in OPEN state, but the datanode 2d385246-963b-498d-9e2e-bc24e50fd0c7{ip: 192.168.157.233, host: pr-hdds-2325-q7txw-2705037156, networkLocation: /default-rack, certSerialId: null} reports an CLOSED replica.
2019-10-18 14:22:12,062 [EventQueue-ContainerReportForContainerReportHandler] WARN  container.ContainerReportHandler (AbstractContainerReportHandler.java:updateContainerState(145)) - Container #1 is in OPEN state, but the datanode ee386961-2337-4a8c-9c8d-dbca8671699a{ip: 192.168.157.233, host: pr-hdds-2325-q7txw-2705037156, networkLocation: /default-rack, certSerialId: null} reports an CLOSED replica.
2019-10-18 14:22:12,364 [EventQueue-ContainerReportForContainerReportHandler] WARN  container.ContainerReportHandler (AbstractContainerReportHandler.java:updateContainerState(145)) - Container #1 is in OPEN state, but the datanode ee386961-2337-4a8c-9c8d-dbca8671699a{ip: 192.168.157.233, host: pr-hdds-2325-q7txw-2705037156, networkLocation: /default-rack, certSerialId: null} reports an CLOSED replica.
2019-10-18 14:22:12,457 [EventQueue-ContainerReportForContainerReportHandler] WARN  container.ContainerReportHandler (AbstractContainerReportHandler.java:updateContainerState(145)) - Container #1 is in OPEN state, but the datanode 2d385246-963b-498d-9e2e-bc24e50fd0c7{ip: 192.168.157.233, host: pr-hdds-2325-q7txw-2705037156, networkLocation: /default-rack, certSerialId: null} reports an CLOSED replica.
2019-10-18 14:22:12,658 [EventQueue-ContainerReportForContainerReportHandler] WARN  container.ContainerReportHandler (AbstractContainerReportHandler.java:updateContainerState(145)) - Container #1 is in OPEN state, but the datanode 2d385246-963b-498d-9e2e-bc24e50fd0c7{ip: 192.168.157.233, host: pr-hdds-2325-q7txw-2705037156, networkLocation: /default-rack, certSerialId: null} reports an CLOSED replica.
2019-10-18 14:22:12,671 [EventQueue-ContainerReportForContainerReportHandler] WARN  container.ContainerReportHandler (AbstractContainerReportHandler.java:updateContainerState(145)) - Container #1 is in OPEN state, but the datanode ee386961-2337-4a8c-9c8d-dbca8671699a{ip: 192.168.157.233, host: pr-hdds-2325-q7txw-2705037156, networkLocation: /default-rack, certSerialId: null} reports an CLOSED replica.
2019-10-18 14:22:12,948 [BlockDeletingService#2] WARN  background.BlockDeletingService (BlockDeletingService.java:isDeletionAllowed(187)) - Close Container log Index 6 is not replicated across allthe servers in the pipeline 5a21c002-5003-4cac-9183-8175d73357f8 as the min replicated index is 4. Deletion is not allowed in this container yet.
2019-10-18 14:22:12,950 [BlockDeletingService#0] WARN  background.BlockDeletingService (BlockDeletingService.java:isDeletionAllowed(187)) - Close Container log Index 6 is not replicated across allthe servers in the pipeline 5a21c002-5003-4cac-9183-8175d73357f8 as the min replicated index is 4. Deletion is not allowed in this container yet.
2019-10-18 14:22:12,971 [EventQueue-ContainerReportForContainerReportHandler] WARN  container.ContainerReportHandler (AbstractContainerReportHandler.java:updateContainerState(145)) - Container #1 is in OPEN state, but the datanode ee386961-2337-4a8c-9c8d-dbca8671699a{ip: 192.168.157.233, host: pr-hdds-2325-q7txw-2705037156, networkLocation: /default-rack, certSerialId: null} reports an CLOSED replica.
2019-10-18 14:22:13,058 [EventQueue-ContainerReportForContainerReportHandler] WARN  container.ContainerReportHandler (AbstractContainerReportHandler.java:updateContainerState(145)) - Container #1 is in OPEN state, but the datanode 2d385246-963b-498d-9e2e-bc24e50fd0c7{ip: 192.168.157.233, host: pr-hdds-2325-q7txw-2705037156, networkLocation: /default-rack, certSerialId: null} reports an CLOSED replica.
2019-10-18 14:22:13,258 [EventQueue-ContainerReportForContainerReportHandler] WARN  container.ContainerReportHandler (AbstractContainerReportHandler.java:updateContainerState(145)) - Container #1 is in OPEN state, but the datanode 2d385246-963b-498d-9e2e-bc24e50fd0c7{ip: 192.168.157.233, host: pr-hdds-2325-q7txw-2705037156, networkLocation: /default-rack, certSerialId: null} reports an CLOSED replica.
2019-10-18 14:22:13,271 [EventQueue-ContainerReportForContainerReportHandler] WARN  container.ContainerReportHandler (AbstractContainerReportHandler.java:updateContainerState(145)) - Container #1 is in OPEN state, but the datanode ee386961-2337-4a8c-9c8d-dbca8671699a{ip: 192.168.157.233, host: pr-hdds-2325-q7txw-2705037156, networkLocation: /default-rack, certSerialId: null} reports an CLOSED replica.
2019-10-18 14:22:13,558 [EventQueue-ContainerReportForContainerReportHandler] WARN  container.ContainerReportHandler (AbstractContainerReportHandler.java:updateContainerState(145)) - Container #1 is in OPEN state, but the datanode 2d385246-963b-498d-9e2e-bc24e50fd0c7{ip: 192.168.157.233, host: pr-hdds-2325-q7txw-2705037156, networkLocation: /default-rack, certSerialId: null} reports an CLOSED replica.
2019-10-18 14:22:13,571 [EventQueue-ContainerReportForContainerReportHandler] WARN  container.ContainerReportHandler (AbstractContainerReportHandler.java:updateContainerState(145)) - Container #1 is in OPEN state, but the datanode ee386961-2337-4a8c-9c8d-dbca8671699a{ip: 192.168.157.233, host: pr-hdds-2325-q7txw-2705037156, networkLocation: /default-rack, certSerialId: null} reports an CLOSED replica.
2019-10-18 14:22:13,584 [Thread-445] INFO  client.GrpcClientProtocolService (GrpcClientProtocolService.java:lambda$processClientRequest$0(278)) - Failed RaftClientRequest:client-49F5F9D51947->2d385246-963b-498d-9e2e-bc24e50fd0c7@group-8175D73357F8, cid=10, seq=0, Watch-ALL_COMMITTED(6), Message:<EMPTY>, reply=RaftClientReply:client-49F5F9D51947->2d385246-963b-498d-9e2e-bc24e50fd0c7@group-8175D73357F8, cid=10, FAILED org.apache.ratis.protocol.NotReplicatedException: Request with call Id 10 and log index 6 is not yet replicated to ALL_COMMITTED, logIndex=6, commits[2d385246-963b-498d-9e2e-bc24e50fd0c7:c10, a7998a79-199c-44f4-b3c2-ea75c49d687d:c4, ee386961-2337-4a8c-9c8d-dbca8671699a:c10]
2019-10-18 14:22:13,865 [java.util.concurrent.ThreadPoolExecutor$Worker@5bad3adb[State = -1, empty queue]] WARN  server.GrpcLogAppender (GrpcLogAppender.java:timeoutAppendRequest(209)) - 2d385246-963b-498d-9e2e-bc24e50fd0c7@group-8175D73357F8->a7998a79-199c-44f4-b3c2-ea75c49d687d-GrpcLogAppender: appendEntries Timeout, request=2d385246-963b-498d-9e2e-bc24e50fd0c7->a7998a79-199c-44f4-b3c2-ea75c49d687d#35-t6, previous=(t:6, i:10), leaderCommit=10, initializing? false, entries: <empty>
2019-10-18 14:22:13,951 [BlockDeletingService#2] WARN  background.BlockDeletingService (BlockDeletingService.java:isDeletionAllowed(187)) - Close Container log Index 6 is not replicated across allthe servers in the pipeline 5a21c002-5003-4cac-9183-8175d73357f8 as the min replicated index is 4. Deletion is not allowed in this container yet.
2019-10-18 14:22:13,952 [BlockDeletingService#0] WARN  background.BlockDeletingService (BlockDeletingService.java:isDeletionAllowed(187)) - Close Container log Index 6 is not replicated across allthe servers in the pipeline 5a21c002-5003-4cac-9183-8175d73357f8 as the min replicated index is 4. Deletion is not allowed in this container yet.
2019-10-18 14:22:13,958 [EventQueue-ContainerReportForContainerReportHandler] WARN  container.ContainerReportHandler (AbstractContainerReportHandler.java:updateContainerState(145)) - Container #1 is in OPEN state, but the datanode 2d385246-963b-498d-9e2e-bc24e50fd0c7{ip: 192.168.157.233, host: pr-hdds-2325-q7txw-2705037156, networkLocation: /default-rack, certSerialId: null} reports an CLOSED replica.
2019-10-18 14:22:13,971 [EventQueue-ContainerReportForContainerReportHandler] WARN  container.ContainerReportHandler (AbstractContainerReportHandler.java:updateContainerState(145)) - Container #1 is in OPEN state, but the datanode ee386961-2337-4a8c-9c8d-dbca8671699a{ip: 192.168.157.233, host: pr-hdds-2325-q7txw-2705037156, networkLocation: /default-rack, certSerialId: null} reports an CLOSED replica.
2019-10-18 14:22:14,158 [EventQueue-ContainerReportForContainerReportHandler] WARN  container.ContainerReportHandler (AbstractContainerReportHandler.java:updateContainerState(145)) - Container #1 is in OPEN state, but the datanode 2d385246-963b-498d-9e2e-bc24e50fd0c7{ip: 192.168.157.233, host: pr-hdds-2325-q7txw-2705037156, networkLocation: /default-rack, certSerialId: null} reports an CLOSED replica.
2019-10-18 14:22:14,171 [EventQueue-ContainerReportForContainerReportHandler] WARN  container.ContainerReportHandler (AbstractContainerReportHandler.java:updateContainerState(145)) - Container #1 is in OPEN state, but the datanode ee386961-2337-4a8c-9c8d-dbca8671699a{ip: 192.168.157.233, host: pr-hdds-2325-q7txw-2705037156, networkLocation: /default-rack, certSerialId: null} reports an CLOSED replica.
2019-10-18 14:22:14,358 [EventQueue-ContainerReportForContainerReportHandler] WARN  container.ContainerReportHandler (AbstractContainerReportHandler.java:updateContainerState(145)) - Container #1 is in OPEN state, but the datanode 2d385246-963b-498d-9e2e-bc24e50fd0c7{ip: 192.168.157.233, host: pr-hdds-2325-q7txw-2705037156, networkLocation: /default-rack, certSerialId: null} reports an CLOSED replica.
2019-10-18 14:22:14,571 [EventQueue-ContainerReportForContainerReportHandler] WARN  container.ContainerReportHandler (AbstractContainerReportHandler.java:updateContainerState(145)) - Container #1 is in OPEN state, but the datanode ee386961-2337-4a8c-9c8d-dbca8671699a{ip: 192.168.157.233, host: pr-hdds-2325-q7txw-2705037156, networkLocation: /default-rack, certSerialId: null} reports an CLOSED replica.
2019-10-18 14:22:14,658 [EventQueue-ContainerReportForContainerReportHandler] WARN  container.ContainerReportHandler (AbstractContainerReportHandler.java:updateContainerState(145)) - Container #1 is in OPEN state, but the datanode 2d385246-963b-498d-9e2e-bc24e50fd0c7{ip: 192.168.157.233, host: pr-hdds-2325-q7txw-2705037156, networkLocation: /default-rack, certSerialId: null} reports an CLOSED replica.
2019-10-18 14:22:14,858 [EventQueue-ContainerReportForContainerReportHandler] WARN  container.ContainerReportHandler (AbstractContainerReportHandler.java:updateContainerState(145)) - Container #1 is in OPEN state, but the datanode 2d385246-963b-498d-9e2e-bc24e50fd0c7{ip: 192.168.157.233, host: pr-hdds-2325-q7txw-2705037156, networkLocation: /default-rack, certSerialId: null} reports an CLOSED replica.
2019-10-18 14:22:14,954 [BlockDeletingService#2] WARN  background.BlockDeletingService (BlockDeletingService.java:isDeletionAllowed(187)) - Close Container log Index 6 is not replicated across allthe servers in the pipeline 5a21c002-5003-4cac-9183-8175d73357f8 as the min replicated index is 4. Deletion is not allowed in this container yet.
2019-10-18 14:22:14,954 [BlockDeletingService#0] WARN  background.BlockDeletingService (BlockDeletingService.java:isDeletionAllowed(187)) - Close Container log Index 6 is not replicated across allthe servers in the pipeline 5a21c002-5003-4cac-9183-8175d73357f8 as the min replicated index is 4. Deletion is not allowed in this container yet.
2019-10-18 14:22:14,971 [EventQueue-ContainerReportForContainerReportHandler] WARN  container.ContainerReportHandler (AbstractContainerReportHandler.java:updateContainerState(145)) - Container #1 is in OPEN state, but the datanode ee386961-2337-4a8c-9c8d-dbca8671699a{ip: 192.168.157.233, host: pr-hdds-2325-q7txw-2705037156, networkLocation: /default-rack, certSerialId: null} reports an CLOSED replica.
2019-10-18 14:22:15,058 [EventQueue-ContainerReportForContainerReportHandler] WARN  container.ContainerReportHandler (AbstractContainerReportHandler.java:updateContainerState(145)) - Container #1 is in OPEN state, but the datanode 2d385246-963b-498d-9e2e-bc24e50fd0c7{ip: 192.168.157.233, host: pr-hdds-2325-q7txw-2705037156, networkLocation: /default-rack, certSerialId: null} reports an CLOSED replica.
2019-10-18 14:22:15,271 [EventQueue-ContainerReportForContainerReportHandler] WARN  container.ContainerReportHandler (AbstractContainerReportHandler.java:updateContainerState(145)) - Container #1 is in OPEN state, but the datanode ee386961-2337-4a8c-9c8d-dbca8671699a{ip: 192.168.157.233, host: pr-hdds-2325-q7txw-2705037156, networkLocation: /default-rack, certSerialId: null} reports an CLOSED replica.
2019-10-18 14:22:15,358 [EventQueue-ContainerReportForContainerReportHandler] WARN  container.ContainerReportHandler (AbstractContainerReportHandler.java:updateContainerState(145)) - Container #1 is in OPEN state, but the datanode 2d385246-963b-498d-9e2e-bc24e50fd0c7{ip: 192.168.157.233, host: pr-hdds-2325-q7txw-2705037156, networkLocation: /default-rack, certSerialId: null} reports an CLOSED replica.
2019-10-18 14:22:15,558 [EventQueue-ContainerReportForContainerReportHandler] WARN  container.ContainerReportHandler (AbstractContainerReportHandler.java:updateContainerState(145)) - Container #1 is in OPEN state, but the datanode 2d385246-963b-498d-9e2e-bc24e50fd0c7{ip: 192.168.157.233, host: pr-hdds-2325-q7txw-2705037156, networkLocation: /default-rack, certSerialId: null} reports an CLOSED replica.
2019-10-18 14:22:15,571 [EventQueue-ContainerReportForContainerReportHandler] WARN  container.ContainerReportHandler (AbstractContainerReportHandler.java:updateContainerState(145)) - Container #1 is in OPEN state, but the datanode ee386961-2337-4a8c-9c8d-dbca8671699a{ip: 192.168.157.233, host: pr-hdds-2325-q7txw-2705037156, networkLocation: /default-rack, certSerialId: null} reports an CLOSED replica.
2019-10-18 14:22:15,771 [EventQueue-ContainerReportForContainerReportHandler] WARN  container.ContainerReportHandler (AbstractContainerReportHandler.java:updateContainerState(145)) - Container #1 is in OPEN state, but the datanode ee386961-2337-4a8c-9c8d-dbca8671699a{ip: 192.168.157.233, host: pr-hdds-2325-q7txw-2705037156, networkLocation: /default-rack, certSerialId: null} reports an CLOSED replica.
2019-10-18 14:22:15,956 [BlockDeletingService#2] WARN  background.BlockDeletingService (BlockDeletingService.java:isDeletionAllowed(187)) - Close Container log Index 6 is not replicated across allthe servers in the pipeline 5a21c002-5003-4cac-9183-8175d73357f8 as the min replicated index is 4. Deletion is not allowed in this container yet.
2019-10-18 14:22:15,956 [BlockDeletingService#0] WARN  background.BlockDeletingService (BlockDeletingService.java:isDeletionAllowed(187)) - Close Container log Index 6 is not replicated across allthe servers in the pipeline 5a21c002-5003-4cac-9183-8175d73357f8 as the min replicated index is 4. Deletion is not allowed in this container yet.
2019-10-18 14:22:15,958 [EventQueue-ContainerReportForContainerReportHandler] WARN  container.ContainerReportHandler (AbstractContainerReportHandler.java:updateContainerState(145)) - Container #1 is in OPEN state, but the datanode 2d385246-963b-498d-9e2e-bc24e50fd0c7{ip: 192.168.157.233, host: pr-hdds-2325-q7txw-2705037156, networkLocation: /default-rack, certSerialId: null} reports an CLOSED replica.
2019-10-18 14:22:16,071 [EventQueue-ContainerReportForContainerReportHandler] WARN  container.ContainerReportHandler (AbstractContainerReportHandler.java:updateContainerState(145)) - Container #1 is in OPEN state, but the datanode ee386961-2337-4a8c-9c8d-dbca8671699a{ip: 192.168.157.233, host: pr-hdds-2325-q7txw-2705037156, networkLocation: /default-rack, certSerialId: null} reports an CLOSED replica.
2019-10-18 14:22:16,260 [EventQueue-ContainerReportForContainerReportHandler] WARN  container.ContainerReportHandler (AbstractContainerReportHandler.java:updateContainerState(145)) - Container #1 is in OPEN state, but the datanode 2d385246-963b-498d-9e2e-bc24e50fd0c7{ip: 192.168.157.233, host: pr-hdds-2325-q7txw-2705037156, networkLocation: /default-rack, certSerialId: null} reports an CLOSED replica.
2019-10-18 14:22:16,366 [java.util.concurrent.ThreadPoolExecutor$Worker@5bad3adb[State = -1, empty queue]] WARN  server.GrpcLogAppender (GrpcLogAppender.java:timeoutAppendRequest(209)) - 2d385246-963b-498d-9e2e-bc24e50fd0c7@group-8175D73357F8->a7998a79-199c-44f4-b3c2-ea75c49d687d-GrpcLogAppender: appendEntries Timeout, request=2d385246-963b-498d-9e2e-bc24e50fd0c7->a7998a79-199c-44f4-b3c2-ea75c49d687d#36-t6, previous=(t:6, i:10), leaderCommit=10, initializing? false, entries: <empty>
2019-10-18 14:22:16,372 [EventQueue-ContainerReportForContainerReportHandler] WARN  container.ContainerReportHandler (AbstractContainerReportHandler.java:updateContainerState(145)) - Container #1 is in OPEN state, but the datanode ee386961-2337-4a8c-9c8d-dbca8671699a{ip: 192.168.157.233, host: pr-hdds-2325-q7txw-2705037156, networkLocation: /default-rack, certSerialId: null} reports an CLOSED replica.
2019-10-18 14:22:16,559 [EventQueue-ContainerReportForContainerReportHandler] WARN  container.ContainerReportHandler (AbstractContainerReportHandler.java:updateContainerState(145)) - Container #1 is in OPEN state, but the datanode 2d385246-963b-498d-9e2e-bc24e50fd0c7{ip: 192.168.157.233, host: pr-hdds-2325-q7txw-2705037156, networkLocation: /default-rack, certSerialId: null} reports an CLOSED replica.
2019-10-18 14:22:16,671 [EventQueue-ContainerReportForContainerReportHandler] WARN  container.ContainerReportHandler (AbstractContainerReportHandler.java:updateContainerState(145)) - Container #1 is in OPEN state, but the datanode ee386961-2337-4a8c-9c8d-dbca8671699a{ip: 192.168.157.233, host: pr-hdds-2325-q7txw-2705037156, networkLocation: /default-rack, certSerialId: null} reports an CLOSED replica.
2019-10-18 14:22:16,860 [EventQueue-ContainerReportForContainerReportHandler] WARN  container.ContainerReportHandler (AbstractContainerReportHandler.java:updateContainerState(145)) - Container #1 is in OPEN state, but the datanode 2d385246-963b-498d-9e2e-bc24e50fd0c7{ip: 192.168.157.233, host: pr-hdds-2325-q7txw-2705037156, networkLocation: /default-rack, certSerialId: null} reports an CLOSED replica.
2019-10-18 14:22:16,958 [BlockDeletingService#0] WARN  background.BlockDeletingService (BlockDeletingService.java:isDeletionAllowed(187)) - Close Container log Index 6 is not replicated across allthe servers in the pipeline 5a21c002-5003-4cac-9183-8175d73357f8 as the min replicated index is 4. Deletion is not allowed in this container yet.
2019-10-18 14:22:16,958 [BlockDeletingService#2] WARN  background.BlockDeletingService (BlockDeletingService.java:isDeletionAllowed(187)) - Close Container log Index 6 is not replicated across allthe servers in the pipeline 5a21c002-5003-4cac-9183-8175d73357f8 as the min replicated index is 4. Deletion is not allowed in this container yet.
2019-10-18 14:22:17,071 [EventQueue-ContainerReportForContainerReportHandler] WARN  container.ContainerReportHandler (AbstractContainerReportHandler.java:updateContainerState(145)) - Container #1 is in OPEN state, but the datanode ee386961-2337-4a8c-9c8d-dbca8671699a{ip: 192.168.157.233, host: pr-hdds-2325-q7txw-2705037156, networkLocation: /default-rack, certSerialId: null} reports an CLOSED replica.
2019-10-18 14:22:17,260 [EventQueue-ContainerReportForContainerReportHandler] WARN  container.ContainerReportHandler (AbstractContainerReportHandler.java:updateContainerState(145)) - Container #1 is in OPEN state, but the datanode 2d385246-963b-498d-9e2e-bc24e50fd0c7{ip: 192.168.157.233, host: pr-hdds-2325-q7txw-2705037156, networkLocation: /default-rack, certSerialId: null} reports an CLOSED replica.
2019-10-18 14:22:17,275 [EventQueue-ContainerReportForContainerReportHandler] WARN  container.ContainerReportHandler (AbstractContainerReportHandler.java:updateContainerState(145)) - Container #1 is in OPEN state, but the datanode ee386961-2337-4a8c-9c8d-dbca8671699a{ip: 192.168.157.233, host: pr-hdds-2325-q7txw-2705037156, networkLocation: /default-rack, certSerialId: null} reports an CLOSED replica.
2019-10-18 14:22:17,463 [EventQueue-ContainerReportForContainerReportHandler] WARN  container.ContainerReportHandler (AbstractContainerReportHandler.java:updateContainerState(145)) - Container #1 is in OPEN state, but the datanode 2d385246-963b-498d-9e2e-bc24e50fd0c7{ip: 192.168.157.233, host: pr-hdds-2325-q7txw-2705037156, networkLocation: /default-rack, certSerialId: null} reports an CLOSED replica.
2019-10-18 14:22:17,575 [EventQueue-ContainerReportForContainerReportHandler] WARN  container.ContainerReportHandler (AbstractContainerReportHandler.java:updateContainerState(145)) - Container #1 is in OPEN state, but the datanode ee386961-2337-4a8c-9c8d-dbca8671699a{ip: 192.168.157.233, host: pr-hdds-2325-q7txw-2705037156, networkLocation: /default-rack, certSerialId: null} reports an CLOSED replica.
2019-10-18 14:22:17,660 [EventQueue-ContainerReportForContainerReportHandler] WARN  container.ContainerReportHandler (AbstractContainerReportHandler.java:updateContainerState(145)) - Container #1 is in OPEN state, but the datanode 2d385246-963b-498d-9e2e-bc24e50fd0c7{ip: 192.168.157.233, host: pr-hdds-2325-q7txw-2705037156, networkLocation: /default-rack, certSerialId: null} reports an CLOSED replica.
2019-10-18 14:22:17,875 [EventQueue-ContainerReportForContainerReportHandler] WARN  container.ContainerReportHandler (AbstractContainerReportHandler.java:updateContainerState(145)) - Container #1 is in OPEN state, but the datanode ee386961-2337-4a8c-9c8d-dbca8671699a{ip: 192.168.157.233, host: pr-hdds-2325-q7txw-2705037156, networkLocation: /default-rack, certSerialId: null} reports an CLOSED replica.
2019-10-18 14:22:17,961 [BlockDeletingService#0] WARN  background.BlockDeletingService (BlockDeletingService.java:isDeletionAllowed(187)) - Close Container log Index 6 is not replicated across allthe servers in the pipeline 5a21c002-5003-4cac-9183-8175d73357f8 as the min replicated index is 4. Deletion is not allowed in this container yet.
2019-10-18 14:22:17,961 [EventQueue-ContainerReportForContainerReportHandler] WARN  container.ContainerReportHandler (AbstractContainerReportHandler.java:updateContainerState(145)) - Container #1 is in OPEN state, but the datanode 2d385246-963b-498d-9e2e-bc24e50fd0c7{ip: 192.168.157.233, host: pr-hdds-2325-q7txw-2705037156, networkLocation: /default-rack, certSerialId: null} reports an CLOSED replica.
2019-10-18 14:22:17,961 [BlockDeletingService#2] WARN  background.BlockDeletingService (BlockDeletingService.java:isDeletionAllowed(187)) - Close Container log Index 6 is not replicated across allthe servers in the pipeline 5a21c002-5003-4cac-9183-8175d73357f8 as the min replicated index is 4. Deletion is not allowed in this container yet.
2019-10-18 14:22:18,076 [EventQueue-ContainerReportForContainerReportHandler] WARN  container.ContainerReportHandler (AbstractContainerReportHandler.java:updateContainerState(145)) - Container #1 is in OPEN state, but the datanode ee386961-2337-4a8c-9c8d-dbca8671699a{ip: 192.168.157.233, host: pr-hdds-2325-q7txw-2705037156, networkLocation: /default-rack, certSerialId: null} reports an CLOSED replica.
2019-10-18 14:22:18,261 [EventQueue-ContainerReportForContainerReportHandler] WARN  container.ContainerReportHandler (AbstractContainerReportHandler.java:updateContainerState(145)) - Container #1 is in OPEN state, but the datanode 2d385246-963b-498d-9e2e-bc24e50fd0c7{ip: 192.168.157.233, host: pr-hdds-2325-q7txw-2705037156, networkLocation: /default-rack, certSerialId: null} reports an CLOSED replica.
2019-10-18 14:22:18,376 [EventQueue-ContainerReportForContainerReportHandler] WARN  container.ContainerReportHandler (AbstractContainerReportHandler.java:updateContainerState(145)) - Container #1 is in OPEN state, but the datanode ee386961-2337-4a8c-9c8d-dbca8671699a{ip: 192.168.157.233, host: pr-hdds-2325-q7txw-2705037156, networkLocation: /default-rack, certSerialId: null} reports an CLOSED replica.
2019-10-18 14:22:18,461 [EventQueue-ContainerReportForContainerReportHandler] WARN  container.ContainerReportHandler (AbstractContainerReportHandler.java:updateContainerState(145)) - Container #1 is in OPEN state, but the datanode 2d385246-963b-498d-9e2e-bc24e50fd0c7{ip: 192.168.157.233, host: pr-hdds-2325-q7txw-2705037156, networkLocation: /default-rack, certSerialId: null} reports an CLOSED replica.
2019-10-18 14:22:18,575 [EventQueue-ContainerReportForContainerReportHandler] WARN  container.ContainerReportHandler (AbstractContainerReportHandler.java:updateContainerState(145)) - Container #1 is in OPEN state, but the datanode ee386961-2337-4a8c-9c8d-dbca8671699a{ip: 192.168.157.233, host: pr-hdds-2325-q7txw-2705037156, networkLocation: /default-rack, certSerialId: null} reports an CLOSED replica.
2019-10-18 14:22:18,761 [EventQueue-ContainerReportForContainerReportHandler] WARN  container.ContainerReportHandler (AbstractContainerReportHandler.java:updateContainerState(145)) - Container #1 is in OPEN state, but the datanode 2d385246-963b-498d-9e2e-bc24e50fd0c7{ip: 192.168.157.233, host: pr-hdds-2325-q7txw-2705037156, networkLocation: /default-rack, certSerialId: null} reports an CLOSED replica.
2019-10-18 14:22:18,866 [java.util.concurrent.ThreadPoolExecutor$Worker@5bad3adb[State = -1, empty queue]] WARN  server.GrpcLogAppender (GrpcLogAppender.java:timeoutAppendRequest(209)) - 2d385246-963b-498d-9e2e-bc24e50fd0c7@group-8175D73357F8->a7998a79-199c-44f4-b3c2-ea75c49d687d-GrpcLogAppender: appendEntries Timeout, request=2d385246-963b-498d-9e2e-bc24e50fd0c7->a7998a79-199c-44f4-b3c2-ea75c49d687d#37-t6, previous=(t:6, i:10), leaderCommit=10, initializing? false, entries: <empty>
2019-10-18 14:22:18,962 [BlockDeletingService#0] WARN  background.BlockDeletingService (BlockDeletingService.java:isDeletionAllowed(187)) - Close Container log Index 6 is not replicated across allthe servers in the pipeline 5a21c002-5003-4cac-9183-8175d73357f8 as the min replicated index is 4. Deletion is not allowed in this container yet.
2019-10-18 14:22:18,962 [BlockDeletingService#2] WARN  background.BlockDeletingService (BlockDeletingService.java:isDeletionAllowed(187)) - Close Container log Index 6 is not replicated across allthe servers in the pipeline 5a21c002-5003-4cac-9183-8175d73357f8 as the min replicated index is 4. Deletion is not allowed in this container yet.
2019-10-18 14:22:18,975 [EventQueue-ContainerReportForContainerReportHandler] WARN  container.ContainerReportHandler (AbstractContainerReportHandler.java:updateContainerState(145)) - Container #1 is in OPEN state, but the datanode ee386961-2337-4a8c-9c8d-dbca8671699a{ip: 192.168.157.233, host: pr-hdds-2325-q7txw-2705037156, networkLocation: /default-rack, certSerialId: null} reports an CLOSED replica.
2019-10-18 14:22:19,061 [EventQueue-ContainerReportForContainerReportHandler] WARN  container.ContainerReportHandler (AbstractContainerReportHandler.java:updateContainerState(145)) - Container #1 is in OPEN state, but the datanode 2d385246-963b-498d-9e2e-bc24e50fd0c7{ip: 192.168.157.233, host: pr-hdds-2325-q7txw-2705037156, networkLocation: /default-rack, certSerialId: null} reports an CLOSED replica.
2019-10-18 14:22:19,277 [EventQueue-ContainerReportForContainerReportHandler] WARN  container.ContainerReportHandler (AbstractContainerReportHandler.java:updateContainerState(145)) - Container #1 is in OPEN state, but the datanode ee386961-2337-4a8c-9c8d-dbca8671699a{ip: 192.168.157.233, host: pr-hdds-2325-q7txw-2705037156, networkLocation: /default-rack, certSerialId: null} reports an CLOSED replica.
2019-10-18 14:22:19,361 [EventQueue-ContainerReportForContainerReportHandler] WARN  container.ContainerReportHandler (AbstractContainerReportHandler.java:updateContainerState(145)) - Container #1 is in OPEN state, but the datanode 2d385246-963b-498d-9e2e-bc24e50fd0c7{ip: 192.168.157.233, host: pr-hdds-2325-q7txw-2705037156, networkLocation: /default-rack, certSerialId: null} reports an CLOSED replica.
2019-10-18 14:22:19,561 [EventQueue-ContainerReportForContainerReportHandler] WARN  container.ContainerReportHandler (AbstractContainerReportHandler.java:updateContainerState(145)) - Container #1 is in OPEN state, but the datanode 2d385246-963b-498d-9e2e-bc24e50fd0c7{ip: 192.168.157.233, host: pr-hdds-2325-q7txw-2705037156, networkLocation: /default-rack, certSerialId: null} reports an CLOSED replica.
2019-10-18 14:22:19,678 [EventQueue-ContainerReportForContainerReportHandler] WARN  container.ContainerReportHandler (AbstractContainerReportHandler.java:updateContainerState(145)) - Container #1 is in OPEN state, but the datanode ee386961-2337-4a8c-9c8d-dbca8671699a{ip: 192.168.157.233, host: pr-hdds-2325-q7txw-2705037156, networkLocation: /default-rack, certSerialId: null} reports an CLOSED replica.
2019-10-18 14:22:19,877 [EventQueue-ContainerReportForContainerReportHandler] WARN  container.ContainerReportHandler (AbstractContainerReportHandler.java:updateContainerState(145)) - Container #1 is in OPEN state, but the datanode ee386961-2337-4a8c-9c8d-dbca8671699a{ip: 192.168.157.233, host: pr-hdds-2325-q7txw-2705037156, networkLocation: /default-rack, certSerialId: null} reports an CLOSED replica.
2019-10-18 14:22:19,961 [EventQueue-ContainerReportForContainerReportHandler] WARN  container.ContainerReportHandler (AbstractContainerReportHandler.java:updateContainerState(145)) - Container #1 is in OPEN state, but the datanode 2d385246-963b-498d-9e2e-bc24e50fd0c7{ip: 192.168.157.233, host: pr-hdds-2325-q7txw-2705037156, networkLocation: /default-rack, certSerialId: null} reports an CLOSED replica.
2019-10-18 14:22:19,964 [BlockDeletingService#0] WARN  background.BlockDeletingService (BlockDeletingService.java:isDeletionAllowed(187)) - Close Container log Index 6 is not replicated across allthe servers in the pipeline 5a21c002-5003-4cac-9183-8175d73357f8 as the min replicated index is 4. Deletion is not allowed in this container yet.
2019-10-18 14:22:19,964 [BlockDeletingService#2] WARN  background.BlockDeletingService (BlockDeletingService.java:isDeletionAllowed(187)) - Close Container log Index 6 is not replicated across allthe servers in the pipeline 5a21c002-5003-4cac-9183-8175d73357f8 as the min replicated index is 4. Deletion is not allowed in this container yet.
2019-10-18 14:22:20,262 [EventQueue-ContainerReportForContainerReportHandler] WARN  container.ContainerReportHandler (AbstractContainerReportHandler.java:updateContainerState(145)) - Container #1 is in OPEN state, but the datanode 2d385246-963b-498d-9e2e-bc24e50fd0c7{ip: 192.168.157.233, host: pr-hdds-2325-q7txw-2705037156, networkLocation: /default-rack, certSerialId: null} reports an CLOSED replica.
2019-10-18 14:22:20,277 [EventQueue-ContainerReportForContainerReportHandler] WARN  container.ContainerReportHandler (AbstractContainerReportHandler.java:updateContainerState(145)) - Container #1 is in OPEN state, but the datanode ee386961-2337-4a8c-9c8d-dbca8671699a{ip: 192.168.157.233, host: pr-hdds-2325-q7txw-2705037156, networkLocation: /default-rack, certSerialId: null} reports an CLOSED replica.
2019-10-18 14:22:20,478 [EventQueue-ContainerReportForContainerReportHandler] WARN  container.ContainerReportHandler (AbstractContainerReportHandler.java:updateContainerState(145)) - Container #1 is in OPEN state, but the datanode ee386961-2337-4a8c-9c8d-dbca8671699a{ip: 192.168.157.233, host: pr-hdds-2325-q7txw-2705037156, networkLocation: /default-rack, certSerialId: null} reports an CLOSED replica.
2019-10-18 14:22:20,662 [EventQueue-ContainerReportForContainerReportHandler] WARN  container.ContainerReportHandler (AbstractContainerReportHandler.java:updateContainerState(145)) - Container #1 is in OPEN state, but the datanode 2d385246-963b-498d-9e2e-bc24e50fd0c7{ip: 192.168.157.233, host: pr-hdds-2325-q7txw-2705037156, networkLocation: /default-rack, certSerialId: null} reports an CLOSED replica.
2019-10-18 14:22:20,677 [EventQueue-ContainerReportForContainerReportHandler] WARN  container.ContainerReportHandler (AbstractContainerReportHandler.java:updateContainerState(145)) - Container #1 is in OPEN state, but the datanode ee386961-2337-4a8c-9c8d-dbca8671699a{ip: 192.168.157.233, host: pr-hdds-2325-q7txw-2705037156, networkLocation: /default-rack, certSerialId: null} reports an CLOSED replica.
2019-10-18 14:22:20,962 [EventQueue-ContainerReportForContainerReportHandler] WARN  container.ContainerReportHandler (AbstractContainerReportHandler.java:updateContainerState(145)) - Container #1 is in OPEN state, but the datanode 2d385246-963b-498d-9e2e-bc24e50fd0c7{ip: 192.168.157.233, host: pr-hdds-2325-q7txw-2705037156, networkLocation: /default-rack, certSerialId: null} reports an CLOSED replica.
2019-10-18 14:22:20,966 [BlockDeletingService#2] WARN  background.BlockDeletingService (BlockDeletingService.java:isDeletionAllowed(187)) - Close Container log Index 6 is not replicated across allthe servers in the pipeline 5a21c002-5003-4cac-9183-8175d73357f8 as the min replicated index is 4. Deletion is not allowed in this container yet.
2019-10-18 14:22:20,966 [BlockDeletingService#0] WARN  background.BlockDeletingService (BlockDeletingService.java:isDeletionAllowed(187)) - Close Container log Index 6 is not replicated across allthe servers in the pipeline 5a21c002-5003-4cac-9183-8175d73357f8 as the min replicated index is 4. Deletion is not allowed in this container yet.
2019-10-18 14:22:20,977 [EventQueue-ContainerReportForContainerReportHandler] WARN  container.ContainerReportHandler (AbstractContainerReportHandler.java:updateContainerState(145)) - Container #1 is in OPEN state, but the datanode ee386961-2337-4a8c-9c8d-dbca8671699a{ip: 192.168.157.233, host: pr-hdds-2325-q7txw-2705037156, networkLocation: /default-rack, certSerialId: null} reports an CLOSED replica.
2019-10-18 14:22:20,996 [Thread-467] INFO  client.GrpcClientProtocolService (GrpcClientProtocolService.java:lambda$processClientRequest$0(278)) - Failed RaftClientRequest:client-49F5F9D51947->ee386961-2337-4a8c-9c8d-dbca8671699a@group-8175D73357F8, cid=10, seq=0, Watch-ALL_COMMITTED(6), Message:<EMPTY>, reply=RaftClientReply:client-49F5F9D51947->ee386961-2337-4a8c-9c8d-dbca8671699a@group-8175D73357F8, cid=10, FAILED org.apache.ratis.protocol.NotLeaderException: Server ee386961-2337-4a8c-9c8d-dbca8671699a@group-8175D73357F8 is not the leader 2d385246-963b-498d-9e2e-bc24e50fd0c7:192.168.157.233:40769, logIndex=0, commits[ee386961-2337-4a8c-9c8d-dbca8671699a:c10, a7998a79-199c-44f4-b3c2-ea75c49d687d:c4, 2d385246-963b-498d-9e2e-bc24e50fd0c7:c10]
2019-10-18 14:22:21,263 [EventQueue-ContainerReportForContainerReportHandler] WARN  container.ContainerReportHandler (AbstractContainerReportHandler.java:updateContainerState(145)) - Container #1 is in OPEN state, but the datanode 2d385246-963b-498d-9e2e-bc24e50fd0c7{ip: 192.168.157.233, host: pr-hdds-2325-q7txw-2705037156, networkLocation: /default-rack, certSerialId: null} reports an CLOSED replica.
2019-10-18 14:22:21,368 [java.util.concurrent.ThreadPoolExecutor$Worker@5bad3adb[State = -1, empty queue]] WARN  server.GrpcLogAppender (GrpcLogAppender.java:timeoutAppendRequest(209)) - 2d385246-963b-498d-9e2e-bc24e50fd0c7@group-8175D73357F8->a7998a79-199c-44f4-b3c2-ea75c49d687d-GrpcLogAppender: appendEntries Timeout, request=2d385246-963b-498d-9e2e-bc24e50fd0c7->a7998a79-199c-44f4-b3c2-ea75c49d687d#38-t6, previous=(t:6, i:10), leaderCommit=10, initializing? false, entries: <empty>
2019-10-18 14:22:21,379 [EventQueue-ContainerReportForContainerReportHandler] WARN  container.ContainerReportHandler (AbstractContainerReportHandler.java:updateContainerState(145)) - Container #1 is in OPEN state, but the datanode ee386961-2337-4a8c-9c8d-dbca8671699a{ip: 192.168.157.233, host: pr-hdds-2325-q7txw-2705037156, networkLocation: /default-rack, certSerialId: null} reports an CLOSED replica.
2019-10-18 14:22:21,467 [EventQueue-ContainerReportForContainerReportHandler] WARN  container.ContainerReportHandler (AbstractContainerReportHandler.java:updateContainerState(145)) - Container #1 is in OPEN state, but the datanode 2d385246-963b-498d-9e2e-bc24e50fd0c7{ip: 192.168.157.233, host: pr-hdds-2325-q7txw-2705037156, networkLocation: /default-rack, certSerialId: null} reports an CLOSED replica.
2019-10-18 14:22:21,664 [EventQueue-ContainerReportForContainerReportHandler] WARN  container.ContainerReportHandler (AbstractContainerReportHandler.java:updateContainerState(145)) - Container #1 is in OPEN state, but the datanode 2d385246-963b-498d-9e2e-bc24e50fd0c7{ip: 192.168.157.233, host: pr-hdds-2325-q7txw-2705037156, networkLocation: /default-rack, certSerialId: null} reports an CLOSED replica.
2019-10-18 14:22:21,679 [EventQueue-ContainerReportForContainerReportHandler] WARN  container.ContainerReportHandler (AbstractContainerReportHandler.java:updateContainerState(145)) - Container #1 is in OPEN state, but the datanode ee386961-2337-4a8c-9c8d-dbca8671699a{ip: 192.168.157.233, host: pr-hdds-2325-q7txw-2705037156, networkLocation: /default-rack, certSerialId: null} reports an CLOSED replica.
2019-10-18 14:22:21,964 [EventQueue-ContainerReportForContainerReportHandler] WARN  container.ContainerReportHandler (AbstractContainerReportHandler.java:updateContainerState(145)) - Container #1 is in OPEN state, but the datanode 2d385246-963b-498d-9e2e-bc24e50fd0c7{ip: 192.168.157.233, host: pr-hdds-2325-q7txw-2705037156, networkLocation: /default-rack, certSerialId: null} reports an CLOSED replica.
2019-10-18 14:22:21,968 [BlockDeletingService#2] WARN  background.BlockDeletingService (BlockDeletingService.java:isDeletionAllowed(187)) - Close Container log Index 6 is not replicated across allthe servers in the pipeline 5a21c002-5003-4cac-9183-8175d73357f8 as the min replicated index is 4. Deletion is not allowed in this container yet.
2019-10-18 14:22:21,968 [BlockDeletingService#0] WARN  background.BlockDeletingService (BlockDeletingService.java:isDeletionAllowed(187)) - Close Container log Index 6 is not replicated across allthe servers in the pipeline 5a21c002-5003-4cac-9183-8175d73357f8 as the min replicated index is 4. Deletion is not allowed in this container yet.
2019-10-18 14:22:21,980 [EventQueue-ContainerReportForContainerReportHandler] WARN  container.ContainerReportHandler (AbstractContainerReportHandler.java:updateContainerState(145)) - Container #1 is in OPEN state, but the datanode ee386961-2337-4a8c-9c8d-dbca8671699a{ip: 192.168.157.233, host: pr-hdds-2325-q7txw-2705037156, networkLocation: /default-rack, certSerialId: null} reports an CLOSED replica.
2019-10-18 14:22:22,164 [EventQueue-ContainerReportForContainerReportHandler] WARN  container.ContainerReportHandler (AbstractContainerReportHandler.java:updateContainerState(145)) - Container #1 is in OPEN state, but the datanode 2d385246-963b-498d-9e2e-bc24e50fd0c7{ip: 192.168.157.233, host: pr-hdds-2325-q7txw-2705037156, networkLocation: /default-rack, certSerialId: null} reports an CLOSED replica.
2019-10-18 14:22:22,180 [EventQueue-ContainerReportForContainerReportHandler] WARN  container.ContainerReportHandler (AbstractContainerReportHandler.java:updateContainerState(145)) - Container #1 is in OPEN state, but the datanode ee386961-2337-4a8c-9c8d-dbca8671699a{ip: 192.168.157.233, host: pr-hdds-2325-q7txw-2705037156, networkLocation: /default-rack, certSerialId: null} reports an CLOSED replica.
2019-10-18 14:22:22,564 [EventQueue-ContainerReportForContainerReportHandler] WARN  container.ContainerReportHandler (AbstractContainerReportHandler.java:updateContainerState(145)) - Container #1 is in OPEN state, but the datanode 2d385246-963b-498d-9e2e-bc24e50fd0c7{ip: 192.168.157.233, host: pr-hdds-2325-q7txw-2705037156, networkLocation: /default-rack, certSerialId: null} reports an CLOSED replica.
2019-10-18 14:22:22,580 [EventQueue-ContainerReportForContainerReportHandler] WARN  container.ContainerReportHandler (AbstractContainerReportHandler.java:updateContainerState(145)) - Container #1 is in OPEN state, but the datanode ee386961-2337-4a8c-9c8d-dbca8671699a{ip: 192.168.157.233, host: pr-hdds-2325-q7txw-2705037156, networkLocation: /default-rack, certSerialId: null} reports an CLOSED replica.
2019-10-18 14:22:22,584 [Thread-472] INFO  client.GrpcClientProtocolService (GrpcClientProtocolService.java:lambda$processClientRequest$0(278)) - Failed RaftClientRequest:client-49F5F9D51947->2d385246-963b-498d-9e2e-bc24e50fd0c7@group-8175D73357F8, cid=10, seq=0, Watch-ALL_COMMITTED(6), Message:<EMPTY>, reply=RaftClientReply:client-49F5F9D51947->2d385246-963b-498d-9e2e-bc24e50fd0c7@group-8175D73357F8, cid=10, FAILED org.apache.ratis.protocol.NotReplicatedException: Request with call Id 10 and log index 6 is not yet replicated to ALL_COMMITTED, logIndex=6, commits[2d385246-963b-498d-9e2e-bc24e50fd0c7:c10, a7998a79-199c-44f4-b3c2-ea75c49d687d:c4, ee386961-2337-4a8c-9c8d-dbca8671699a:c10]
2019-10-18 14:22:22,765 [EventQueue-ContainerReportForContainerReportHandler] WARN  container.ContainerReportHandler (AbstractContainerReportHandler.java:updateContainerState(145)) - Container #1 is in OPEN state, but the datanode 2d385246-963b-498d-9e2e-bc24e50fd0c7{ip: 192.168.157.233, host: pr-hdds-2325-q7txw-2705037156, networkLocation: /default-rack, certSerialId: null} reports an CLOSED replica.
2019-10-18 14:22:22,780 [EventQueue-ContainerReportForContainerReportHandler] WARN  container.ContainerReportHandler (AbstractContainerReportHandler.java:updateContainerState(145)) - Container #1 is in OPEN state, but the datanode ee386961-2337-4a8c-9c8d-dbca8671699a{ip: 192.168.157.233, host: pr-hdds-2325-q7txw-2705037156, networkLocation: /default-rack, certSerialId: null} reports an CLOSED replica.
2019-10-18 14:22:22,970 [BlockDeletingService#0] WARN  background.BlockDeletingService (BlockDeletingService.java:isDeletionAllowed(187)) - Close Container log Index 6 is not replicated across allthe servers in the pipeline 5a21c002-5003-4cac-9183-8175d73357f8 as the min replicated index is 4. Deletion is not allowed in this container yet.
2019-10-18 14:22:22,970 [BlockDeletingService#2] WARN  background.BlockDeletingService (BlockDeletingService.java:isDeletionAllowed(187)) - Close Container log Index 6 is not replicated across allthe servers in the pipeline 5a21c002-5003-4cac-9183-8175d73357f8 as the min replicated index is 4. Deletion is not allowed in this container yet.
2019-10-18 14:22:23,080 [EventQueue-ContainerReportForContainerReportHandler] WARN  container.ContainerReportHandler (AbstractContainerReportHandler.java:updateContainerState(145)) - Container #1 is in OPEN state, but the datanode ee386961-2337-4a8c-9c8d-dbca8671699a{ip: 192.168.157.233, host: pr-hdds-2325-q7txw-2705037156, networkLocation: /default-rack, certSerialId: null} reports an CLOSED replica.
2019-10-18 14:22:23,166 [EventQueue-ContainerReportForContainerReportHandler] WARN  container.ContainerReportHandler (AbstractContainerReportHandler.java:updateContainerState(145)) - Container #1 is in OPEN state, but the datanode 2d385246-963b-498d-9e2e-bc24e50fd0c7{ip: 192.168.157.233, host: pr-hdds-2325-q7txw-2705037156, networkLocation: /default-rack, certSerialId: null} reports an CLOSED replica.
2019-10-18 14:22:23,380 [EventQueue-ContainerReportForContainerReportHandler] WARN  container.ContainerReportHandler (AbstractContainerReportHandler.java:updateContainerState(145)) - Container #1 is in OPEN state, but the datanode ee386961-2337-4a8c-9c8d-dbca8671699a{ip: 192.168.157.233, host: pr-hdds-2325-q7txw-2705037156, networkLocation: /default-rack, certSerialId: null} reports an CLOSED replica.
2019-10-18 14:22:23,567 [EventQueue-ContainerReportForContainerReportHandler] WARN  container.ContainerReportHandler (AbstractContainerReportHandler.java:updateContainerState(145)) - Container #1 is in OPEN state, but the datanode 2d385246-963b-498d-9e2e-bc24e50fd0c7{ip: 192.168.157.233, host: pr-hdds-2325-q7txw-2705037156, networkLocation: /default-rack, certSerialId: null} reports an CLOSED replica.
2019-10-18 14:22:23,768 [EventQueue-ContainerReportForContainerReportHandler] WARN  container.ContainerReportHandler (AbstractContainerReportHandler.java:updateContainerState(145)) - Container #1 is in OPEN state, but the datanode 2d385246-963b-498d-9e2e-bc24e50fd0c7{ip: 192.168.157.233, host: pr-hdds-2325-q7txw-2705037156, networkLocation: /default-rack, certSerialId: null} reports an CLOSED replica.
2019-10-18 14:22:23,780 [EventQueue-ContainerReportForContainerReportHandler] WARN  container.ContainerReportHandler (AbstractContainerReportHandler.java:updateContainerState(145)) - Container #1 is in OPEN state, but the datanode ee386961-2337-4a8c-9c8d-dbca8671699a{ip: 192.168.157.233, host: pr-hdds-2325-q7txw-2705037156, networkLocation: /default-rack, certSerialId: null} reports an CLOSED replica.
2019-10-18 14:22:23,870 [java.util.concurrent.ThreadPoolExecutor$Worker@5bad3adb[State = -1, empty queue]] WARN  server.GrpcLogAppender (GrpcLogAppender.java:timeoutAppendRequest(209)) - 2d385246-963b-498d-9e2e-bc24e50fd0c7@group-8175D73357F8->a7998a79-199c-44f4-b3c2-ea75c49d687d-GrpcLogAppender: appendEntries Timeout, request=2d385246-963b-498d-9e2e-bc24e50fd0c7->a7998a79-199c-44f4-b3c2-ea75c49d687d#39-t6, previous=(t:6, i:10), leaderCommit=10, initializing? false, entries: <empty>
2019-10-18 14:22:23,973 [BlockDeletingService#0] WARN  background.BlockDeletingService (BlockDeletingService.java:isDeletionAllowed(187)) - Close Container log Index 6 is not replicated across allthe servers in the pipeline 5a21c002-5003-4cac-9183-8175d73357f8 as the min replicated index is 4. Deletion is not allowed in this container yet.
2019-10-18 14:22:23,973 [BlockDeletingService#2] WARN  background.BlockDeletingService (BlockDeletingService.java:isDeletionAllowed(187)) - Close Container log Index 6 is not replicated across allthe servers in the pipeline 5a21c002-5003-4cac-9183-8175d73357f8 as the min replicated index is 4. Deletion is not allowed in this container yet.
2019-10-18 14:22:24,080 [EventQueue-ContainerReportForContainerReportHandler] WARN  container.ContainerReportHandler (AbstractContainerReportHandler.java:updateContainerState(145)) - Container #1 is in OPEN state, but the datanode ee386961-2337-4a8c-9c8d-dbca8671699a{ip: 192.168.157.233, host: pr-hdds-2325-q7txw-2705037156, networkLocation: /default-rack, certSerialId: null} reports an CLOSED replica.
2019-10-18 14:22:24,169 [EventQueue-ContainerReportForContainerReportHandler] WARN  container.ContainerReportHandler (AbstractContainerReportHandler.java:updateContainerState(145)) - Container #1 is in OPEN state, but the datanode 2d385246-963b-498d-9e2e-bc24e50fd0c7{ip: 192.168.157.233, host: pr-hdds-2325-q7txw-2705037156, networkLocation: /default-rack, certSerialId: null} reports an CLOSED replica.
2019-10-18 14:22:24,380 [EventQueue-ContainerReportForContainerReportHandler] WARN  container.ContainerReportHandler (AbstractContainerReportHandler.java:updateContainerState(145)) - Container #1 is in OPEN state, but the datanode ee386961-2337-4a8c-9c8d-dbca8671699a{ip: 192.168.157.233, host: pr-hdds-2325-q7txw-2705037156, networkLocation: /default-rack, certSerialId: null} reports an CLOSED replica.
2019-10-18 14:22:24,470 [EventQueue-ContainerReportForContainerReportHandler] WARN  container.ContainerReportHandler (AbstractContainerReportHandler.java:updateContainerState(145)) - Container #1 is in OPEN state, but the datanode 2d385246-963b-498d-9e2e-bc24e50fd0c7{ip: 192.168.157.233, host: pr-hdds-2325-q7txw-2705037156, networkLocation: /default-rack, certSerialId: null} reports an CLOSED replica.
2019-10-18 14:22:24,580 [EventQueue-ContainerReportForContainerReportHandler] WARN  container.ContainerReportHandler (AbstractContainerReportHandler.java:updateContainerState(145)) - Container #1 is in OPEN state, but the datanode ee386961-2337-4a8c-9c8d-dbca8671699a{ip: 192.168.157.233, host: pr-hdds-2325-q7txw-2705037156, networkLocation: /default-rack, certSerialId: null} reports an CLOSED replica.
2019-10-18 14:22:24,870 [EventQueue-ContainerReportForContainerReportHandler] WARN  container.ContainerReportHandler (AbstractContainerReportHandler.java:updateContainerState(145)) - Container #1 is in OPEN state, but the datanode 2d385246-963b-498d-9e2e-bc24e50fd0c7{ip: 192.168.157.233, host: pr-hdds-2325-q7txw-2705037156, networkLocation: /default-rack, certSerialId: null} reports an CLOSED replica.
2019-10-18 14:22:24,880 [EventQueue-ContainerReportForContainerReportHandler] WARN  container.ContainerReportHandler (AbstractContainerReportHandler.java:updateContainerState(145)) - Container #1 is in OPEN state, but the datanode ee386961-2337-4a8c-9c8d-dbca8671699a{ip: 192.168.157.233, host: pr-hdds-2325-q7txw-2705037156, networkLocation: /default-rack, certSerialId: null} reports an CLOSED replica.
2019-10-18 14:22:24,975 [BlockDeletingService#0] WARN  background.BlockDeletingService (BlockDeletingService.java:isDeletionAllowed(187)) - Close Container log Index 6 is not replicated across allthe servers in the pipeline 5a21c002-5003-4cac-9183-8175d73357f8 as the min replicated index is 4. Deletion is not allowed in this container yet.
2019-10-18 14:22:24,975 [BlockDeletingService#2] WARN  background.BlockDeletingService (BlockDeletingService.java:isDeletionAllowed(187)) - Close Container log Index 6 is not replicated across allthe servers in the pipeline 5a21c002-5003-4cac-9183-8175d73357f8 as the min replicated index is 4. Deletion is not allowed in this container yet.
2019-10-18 14:22:25,172 [EventQueue-ContainerReportForContainerReportHandler] WARN  container.ContainerReportHandler (AbstractContainerReportHandler.java:updateContainerState(145)) - Container #1 is in OPEN state, but the datanode 2d385246-963b-498d-9e2e-bc24e50fd0c7{ip: 192.168.157.233, host: pr-hdds-2325-q7txw-2705037156, networkLocation: /default-rack, certSerialId: null} reports an CLOSED replica.
2019-10-18 14:22:25,180 [EventQueue-ContainerReportForContainerReportHandler] WARN  container.ContainerReportHandler (AbstractContainerReportHandler.java:updateContainerState(145)) - Container #1 is in OPEN state, but the datanode ee386961-2337-4a8c-9c8d-dbca8671699a{ip: 192.168.157.233, host: pr-hdds-2325-q7txw-2705037156, networkLocation: /default-rack, certSerialId: null} reports an CLOSED replica.
2019-10-18 14:22:25,472 [EventQueue-ContainerReportForContainerReportHandler] WARN  container.ContainerReportHandler (AbstractContainerReportHandler.java:updateContainerState(145)) - Container #1 is in OPEN state, but the datanode 2d385246-963b-498d-9e2e-bc24e50fd0c7{ip: 192.168.157.233, host: pr-hdds-2325-q7txw-2705037156, networkLocation: /default-rack, certSerialId: null} reports an CLOSED replica.
2019-10-18 14:22:25,482 [EventQueue-ContainerReportForContainerReportHandler] WARN  container.ContainerReportHandler (AbstractContainerReportHandler.java:updateContainerState(145)) - Container #1 is in OPEN state, but the datanode ee386961-2337-4a8c-9c8d-dbca8671699a{ip: 192.168.157.233, host: pr-hdds-2325-q7txw-2705037156, networkLocation: /default-rack, certSerialId: null} reports an CLOSED replica.
2019-10-18 14:22:25,782 [EventQueue-ContainerReportForContainerReportHandler] WARN  container.ContainerReportHandler (AbstractContainerReportHandler.java:updateContainerState(145)) - Container #1 is in OPEN state, but the datanode ee386961-2337-4a8c-9c8d-dbca8671699a{ip: 192.168.157.233, host: pr-hdds-2325-q7txw-2705037156, networkLocation: /default-rack, certSerialId: null} reports an CLOSED replica.
2019-10-18 14:22:25,875 [EventQueue-ContainerReportForContainerReportHandler] WARN  container.ContainerReportHandler (AbstractContainerReportHandler.java:updateContainerState(145)) - Container #1 is in OPEN state, but the datanode 2d385246-963b-498d-9e2e-bc24e50fd0c7{ip: 192.168.157.233, host: pr-hdds-2325-q7txw-2705037156, networkLocation: /default-rack, certSerialId: null} reports an CLOSED replica.
2019-10-18 14:22:25,976 [BlockDeletingService#0] WARN  background.BlockDeletingService (BlockDeletingService.java:isDeletionAllowed(187)) - Close Container log Index 6 is not replicated across allthe servers in the pipeline 5a21c002-5003-4cac-9183-8175d73357f8 as the min replicated index is 4. Deletion is not allowed in this container yet.
2019-10-18 14:22:25,976 [BlockDeletingService#2] WARN  background.BlockDeletingService (BlockDeletingService.java:isDeletionAllowed(187)) - Close Container log Index 6 is not replicated across allthe servers in the pipeline 5a21c002-5003-4cac-9183-8175d73357f8 as the min replicated index is 4. Deletion is not allowed in this container yet.
2019-10-18 14:22:26,075 [EventQueue-ContainerReportForContainerReportHandler] WARN  container.ContainerReportHandler (AbstractContainerReportHandler.java:updateContainerState(145)) - Container #1 is in OPEN state, but the datanode 2d385246-963b-498d-9e2e-bc24e50fd0c7{ip: 192.168.157.233, host: pr-hdds-2325-q7txw-2705037156, networkLocation: /default-rack, certSerialId: null} reports an CLOSED replica.
2019-10-18 14:22:26,082 [EventQueue-ContainerReportForContainerReportHandler] WARN  container.ContainerReportHandler (AbstractContainerReportHandler.java:updateContainerState(145)) - Container #1 is in OPEN state, but the datanode ee386961-2337-4a8c-9c8d-dbca8671699a{ip: 192.168.157.233, host: pr-hdds-2325-q7txw-2705037156, networkLocation: /default-rack, certSerialId: null} reports an CLOSED replica.
2019-10-18 14:22:26,371 [java.util.concurrent.ThreadPoolExecutor$Worker@5bad3adb[State = -1, empty queue]] WARN  server.GrpcLogAppender (GrpcLogAppender.java:timeoutAppendRequest(209)) - 2d385246-963b-498d-9e2e-bc24e50fd0c7@group-8175D73357F8->a7998a79-199c-44f4-b3c2-ea75c49d687d-GrpcLogAppender: appendEntries Timeout, request=2d385246-963b-498d-9e2e-bc24e50fd0c7->a7998a79-199c-44f4-b3c2-ea75c49d687d#40-t6, previous=(t:6, i:10), leaderCommit=10, initializing? false, entries: <empty>
2019-10-18 14:22:26,375 [EventQueue-ContainerReportForContainerReportHandler] WARN  container.ContainerReportHandler (AbstractContainerReportHandler.java:updateContainerState(145)) - Container #1 is in OPEN state, but the datanode 2d385246-963b-498d-9e2e-bc24e50fd0c7{ip: 192.168.157.233, host: pr-hdds-2325-q7txw-2705037156, networkLocation: /default-rack, certSerialId: null} reports an CLOSED replica.
2019-10-18 14:22:26,382 [EventQueue-ContainerReportForContainerReportHandler] WARN  container.ContainerReportHandler (AbstractContainerReportHandler.java:updateContainerState(145)) - Container #1 is in OPEN state, but the datanode ee386961-2337-4a8c-9c8d-dbca8671699a{ip: 192.168.157.233, host: pr-hdds-2325-q7txw-2705037156, networkLocation: /default-rack, certSerialId: null} reports an CLOSED replica.
2019-10-18 14:22:26,682 [EventQueue-ContainerReportForContainerReportHandler] WARN  container.ContainerReportHandler (AbstractContainerReportHandler.java:updateContainerState(145)) - Container #1 is in OPEN state, but the datanode ee386961-2337-4a8c-9c8d-dbca8671699a{ip: 192.168.157.233, host: pr-hdds-2325-q7txw-2705037156, networkLocation: /default-rack, certSerialId: null} reports an CLOSED replica.
2019-10-18 14:22:26,776 [EventQueue-ContainerReportForContainerReportHandler] WARN  container.ContainerReportHandler (AbstractContainerReportHandler.java:updateContainerState(145)) - Container #1 is in OPEN state, but the datanode 2d385246-963b-498d-9e2e-bc24e50fd0c7{ip: 192.168.157.233, host: pr-hdds-2325-q7txw-2705037156, networkLocation: /default-rack, certSerialId: null} reports an CLOSED replica.
2019-10-18 14:22:26,882 [EventQueue-ContainerReportForContainerReportHandler] WARN  container.ContainerReportHandler (AbstractContainerReportHandler.java:updateContainerState(145)) - Container #1 is in OPEN state, but the datanode ee386961-2337-4a8c-9c8d-dbca8671699a{ip: 192.168.157.233, host: pr-hdds-2325-q7txw-2705037156, networkLocation: /default-rack, certSerialId: null} reports an CLOSED replica.
2019-10-18 14:22:26,978 [BlockDeletingService#0] WARN  background.BlockDeletingService (BlockDeletingService.java:isDeletionAllowed(187)) - Close Container log Index 6 is not replicated across allthe servers in the pipeline 5a21c002-5003-4cac-9183-8175d73357f8 as the min replicated index is 4. Deletion is not allowed in this container yet.
2019-10-18 14:22:26,978 [BlockDeletingService#2] WARN  background.BlockDeletingService (BlockDeletingService.java:isDeletionAllowed(187)) - Close Container log Index 6 is not replicated across allthe servers in the pipeline 5a21c002-5003-4cac-9183-8175d73357f8 as the min replicated index is 4. Deletion is not allowed in this container yet.
2019-10-18 14:22:27,076 [EventQueue-ContainerReportForContainerReportHandler] WARN  container.ContainerReportHandler (AbstractContainerReportHandler.java:updateContainerState(145)) - Container #1 is in OPEN state, but the datanode 2d385246-963b-498d-9e2e-bc24e50fd0c7{ip: 192.168.157.233, host: pr-hdds-2325-q7txw-2705037156, networkLocation: /default-rack, certSerialId: null} reports an CLOSED replica.
2019-10-18 14:22:27,082 [EventQueue-ContainerReportForContainerReportHandler] WARN  container.ContainerReportHandler (AbstractContainerReportHandler.java:updateContainerState(145)) - Container #1 is in OPEN state, but the datanode ee386961-2337-4a8c-9c8d-dbca8671699a{ip: 192.168.157.233, host: pr-hdds-2325-q7txw-2705037156, networkLocation: /default-rack, certSerialId: null} reports an CLOSED replica.
2019-10-18 14:22:27,376 [EventQueue-ContainerReportForContainerReportHandler] WARN  container.ContainerReportHandler (AbstractContainerReportHandler.java:updateContainerState(145)) - Container #1 is in OPEN state, but the datanode 2d385246-963b-498d-9e2e-bc24e50fd0c7{ip: 192.168.157.233, host: pr-hdds-2325-q7txw-2705037156, networkLocation: /default-rack, certSerialId: null} reports an CLOSED replica.
2019-10-18 14:22:27,382 [EventQueue-ContainerReportForContainerReportHandler] WARN  container.ContainerReportHandler (AbstractContainerReportHandler.java:updateContainerState(145)) - Container #1 is in OPEN state, but the datanode ee386961-2337-4a8c-9c8d-dbca8671699a{ip: 192.168.157.233, host: pr-hdds-2325-q7txw-2705037156, networkLocation: /default-rack, certSerialId: null} reports an CLOSED replica.
2019-10-18 14:22:27,683 [EventQueue-ContainerReportForContainerReportHandler] WARN  container.ContainerReportHandler (AbstractContainerReportHandler.java:updateContainerState(145)) - Container #1 is in OPEN state, but the datanode ee386961-2337-4a8c-9c8d-dbca8671699a{ip: 192.168.157.233, host: pr-hdds-2325-q7txw-2705037156, networkLocation: /default-rack, certSerialId: null} reports an CLOSED replica.
2019-10-18 14:22:27,777 [EventQueue-ContainerReportForContainerReportHandler] WARN  container.ContainerReportHandler (AbstractContainerReportHandler.java:updateContainerState(145)) - Container #1 is in OPEN state, but the datanode 2d385246-963b-498d-9e2e-bc24e50fd0c7{ip: 192.168.157.233, host: pr-hdds-2325-q7txw-2705037156, networkLocation: /default-rack, certSerialId: null} reports an CLOSED replica.
2019-10-18 14:22:27,981 [BlockDeletingService#0] WARN  background.BlockDeletingService (BlockDeletingService.java:isDeletionAllowed(187)) - Close Container log Index 6 is not replicated across allthe servers in the pipeline 5a21c002-5003-4cac-9183-8175d73357f8 as the min replicated index is 4. Deletion is not allowed in this container yet.
2019-10-18 14:22:27,981 [BlockDeletingService#2] WARN  background.BlockDeletingService (BlockDeletingService.java:isDeletionAllowed(187)) - Close Container log Index 6 is not replicated across allthe servers in the pipeline 5a21c002-5003-4cac-9183-8175d73357f8 as the min replicated index is 4. Deletion is not allowed in this container yet.
2019-10-18 14:22:27,982 [EventQueue-ContainerReportForContainerReportHandler] WARN  container.ContainerReportHandler (AbstractContainerReportHandler.java:updateContainerState(145)) - Container #1 is in OPEN state, but the datanode ee386961-2337-4a8c-9c8d-dbca8671699a{ip: 192.168.157.233, host: pr-hdds-2325-q7txw-2705037156, networkLocation: /default-rack, certSerialId: null} reports an CLOSED replica.
2019-10-18 14:22:28,078 [EventQueue-ContainerReportForContainerReportHandler] WARN  container.ContainerReportHandler (AbstractContainerReportHandler.java:updateContainerState(145)) - Container #1 is in OPEN state, but the datanode 2d385246-963b-498d-9e2e-bc24e50fd0c7{ip: 192.168.157.233, host: pr-hdds-2325-q7txw-2705037156, networkLocation: /default-rack, certSerialId: null} reports an CLOSED replica.
2019-10-18 14:22:28,278 [EventQueue-ContainerReportForContainerReportHandler] WARN  container.ContainerReportHandler (AbstractContainerReportHandler.java:updateContainerState(145)) - Container #1 is in OPEN state, but the datanode 2d385246-963b-498d-9e2e-bc24e50fd0c7{ip: 192.168.157.233, host: pr-hdds-2325-q7txw-2705037156, networkLocation: /default-rack, certSerialId: null} reports an CLOSED replica.
2019-10-18 14:22:28,382 [EventQueue-ContainerReportForContainerReportHandler] WARN  container.ContainerReportHandler (AbstractContainerReportHandler.java:updateContainerState(145)) - Container #1 is in OPEN state, but the datanode ee386961-2337-4a8c-9c8d-dbca8671699a{ip: 192.168.157.233, host: pr-hdds-2325-q7txw-2705037156, networkLocation: /default-rack, certSerialId: null} reports an CLOSED replica.
2019-10-18 14:22:28,578 [EventQueue-ContainerReportForContainerReportHandler] WARN  container.ContainerReportHandler (AbstractContainerReportHandler.java:updateContainerState(145)) - Container #1 is in OPEN state, but the datanode 2d385246-963b-498d-9e2e-bc24e50fd0c7{ip: 192.168.157.233, host: pr-hdds-2325-q7txw-2705037156, networkLocation: /default-rack, certSerialId: null} reports an CLOSED replica.
2019-10-18 14:22:28,582 [EventQueue-ContainerReportForContainerReportHandler] WARN  container.ContainerReportHandler (AbstractContainerReportHandler.java:updateContainerState(145)) - Container #1 is in OPEN state, but the datanode ee386961-2337-4a8c-9c8d-dbca8671699a{ip: 192.168.157.233, host: pr-hdds-2325-q7txw-2705037156, networkLocation: /default-rack, certSerialId: null} reports an CLOSED replica.
2019-10-18 14:22:28,873 [java.util.concurrent.ThreadPoolExecutor$Worker@5bad3adb[State = -1, empty queue]] WARN  server.GrpcLogAppender (GrpcLogAppender.java:timeoutAppendRequest(209)) - 2d385246-963b-498d-9e2e-bc24e50fd0c7@group-8175D73357F8->a7998a79-199c-44f4-b3c2-ea75c49d687d-GrpcLogAppender: appendEntries Timeout, request=2d385246-963b-498d-9e2e-bc24e50fd0c7->a7998a79-199c-44f4-b3c2-ea75c49d687d#41-t6, previous=(t:6, i:10), leaderCommit=10, initializing? false, entries: <empty>
2019-10-18 14:22:28,878 [EventQueue-ContainerReportForContainerReportHandler] WARN  container.ContainerReportHandler (AbstractContainerReportHandler.java:updateContainerState(145)) - Container #1 is in OPEN state, but the datanode 2d385246-963b-498d-9e2e-bc24e50fd0c7{ip: 192.168.157.233, host: pr-hdds-2325-q7txw-2705037156, networkLocation: /default-rack, certSerialId: null} reports an CLOSED replica.
2019-10-18 14:22:28,982 [EventQueue-ContainerReportForContainerReportHandler] WARN  container.ContainerReportHandler (AbstractContainerReportHandler.java:updateContainerState(145)) - Container #1 is in OPEN state, but the datanode ee386961-2337-4a8c-9c8d-dbca8671699a{ip: 192.168.157.233, host: pr-hdds-2325-q7txw-2705037156, networkLocation: /default-rack, certSerialId: null} reports an CLOSED replica.
2019-10-18 14:22:28,983 [BlockDeletingService#0] WARN  background.BlockDeletingService (BlockDeletingService.java:isDeletionAllowed(187)) - Close Container log Index 6 is not replicated across allthe servers in the pipeline 5a21c002-5003-4cac-9183-8175d73357f8 as the min replicated index is 4. Deletion is not allowed in this container yet.
2019-10-18 14:22:28,983 [BlockDeletingService#2] WARN  background.BlockDeletingService (BlockDeletingService.java:isDeletionAllowed(187)) - Close Container log Index 6 is not replicated across allthe servers in the pipeline 5a21c002-5003-4cac-9183-8175d73357f8 as the min replicated index is 4. Deletion is not allowed in this container yet.
2019-10-18 14:22:29,178 [EventQueue-ContainerReportForContainerReportHandler] WARN  container.ContainerReportHandler (AbstractContainerReportHandler.java:updateContainerState(145)) - Container #1 is in OPEN state, but the datanode 2d385246-963b-498d-9e2e-bc24e50fd0c7{ip: 192.168.157.233, host: pr-hdds-2325-q7txw-2705037156, networkLocation: /default-rack, certSerialId: null} reports an CLOSED replica.
2019-10-18 14:22:29,283 [EventQueue-ContainerReportForContainerReportHandler] WARN  container.ContainerReportHandler (AbstractContainerReportHandler.java:updateContainerState(145)) - Container #1 is in OPEN state, but the datanode ee386961-2337-4a8c-9c8d-dbca8671699a{ip: 192.168.157.233, host: pr-hdds-2325-q7txw-2705037156, networkLocation: /default-rack, certSerialId: null} reports an CLOSED replica.
2019-10-18 14:22:29,378 [EventQueue-ContainerReportForContainerReportHandler] WARN  container.ContainerReportHandler (AbstractContainerReportHandler.java:updateContainerState(145)) - Container #1 is in OPEN state, but the datanode 2d385246-963b-498d-9e2e-bc24e50fd0c7{ip: 192.168.157.233, host: pr-hdds-2325-q7txw-2705037156, networkLocation: /default-rack, certSerialId: null} reports an CLOSED replica.
2019-10-18 14:22:29,584 [EventQueue-ContainerReportForContainerReportHandler] WARN  container.ContainerReportHandler (AbstractContainerReportHandler.java:updateContainerState(145)) - Container #1 is in OPEN state, but the datanode ee386961-2337-4a8c-9c8d-dbca8671699a{ip: 192.168.157.233, host: pr-hdds-2325-q7txw-2705037156, networkLocation: /default-rack, certSerialId: null} reports an CLOSED replica.
2019-10-18 14:22:29,781 [EventQueue-ContainerReportForContainerReportHandler] WARN  container.ContainerReportHandler (AbstractContainerReportHandler.java:updateContainerState(145)) - Container #1 is in OPEN state, but the datanode 2d385246-963b-498d-9e2e-bc24e50fd0c7{ip: 192.168.157.233, host: pr-hdds-2325-q7txw-2705037156, networkLocation: /default-rack, certSerialId: null} reports an CLOSED replica.
2019-10-18 14:22:29,886 [EventQueue-ContainerReportForContainerReportHandler] WARN  container.ContainerReportHandler (AbstractContainerReportHandler.java:updateContainerState(145)) - Container #1 is in OPEN state, but the datanode ee386961-2337-4a8c-9c8d-dbca8671699a{ip: 192.168.157.233, host: pr-hdds-2325-q7txw-2705037156, networkLocation: /default-rack, certSerialId: null} reports an CLOSED replica.
2019-10-18 14:22:29,985 [BlockDeletingService#0] WARN  background.BlockDeletingService (BlockDeletingService.java:isDeletionAllowed(187)) - Close Container log Index 6 is not replicated across allthe servers in the pipeline 5a21c002-5003-4cac-9183-8175d73357f8 as the min replicated index is 4. Deletion is not allowed in this container yet.
2019-10-18 14:22:29,985 [BlockDeletingService#2] WARN  background.BlockDeletingService (BlockDeletingService.java:isDeletionAllowed(187)) - Close Container log Index 6 is not replicated across allthe servers in the pipeline 5a21c002-5003-4cac-9183-8175d73357f8 as the min replicated index is 4. Deletion is not allowed in this container yet.
2019-10-18 14:22:30,181 [EventQueue-ContainerReportForContainerReportHandler] WARN  container.ContainerReportHandler (AbstractContainerReportHandler.java:updateContainerState(145)) - Container #1 is in OPEN state, but the datanode 2d385246-963b-498d-9e2e-bc24e50fd0c7{ip: 192.168.157.233, host: pr-hdds-2325-q7txw-2705037156, networkLocation: /default-rack, certSerialId: null} reports an CLOSED replica.
2019-10-18 14:22:30,186 [EventQueue-ContainerReportForContainerReportHandler] WARN  container.ContainerReportHandler (AbstractContainerReportHandler.java:updateContainerState(145)) - Container #1 is in OPEN state, but the datanode ee386961-2337-4a8c-9c8d-dbca8671699a{ip: 192.168.157.233, host: pr-hdds-2325-q7txw-2705037156, networkLocation: /default-rack, certSerialId: null} reports an CLOSED replica.
2019-10-18 14:22:30,486 [EventQueue-ContainerReportForContainerReportHandler] WARN  container.ContainerReportHandler (AbstractContainerReportHandler.java:updateContainerState(145)) - Container #1 is in OPEN state, but the datanode ee386961-2337-4a8c-9c8d-dbca8671699a{ip: 192.168.157.233, host: pr-hdds-2325-q7txw-2705037156, networkLocation: /default-rack, certSerialId: null} reports an CLOSED replica.
2019-10-18 14:22:30,581 [EventQueue-ContainerReportForContainerReportHandler] WARN  container.ContainerReportHandler (AbstractContainerReportHandler.java:updateContainerState(145)) - Container #1 is in OPEN state, but the datanode 2d385246-963b-498d-9e2e-bc24e50fd0c7{ip: 192.168.157.233, host: pr-hdds-2325-q7txw-2705037156, networkLocation: /default-rack, certSerialId: null} reports an CLOSED replica.
2019-10-18 14:22:30,686 [EventQueue-ContainerReportForContainerReportHandler] WARN  container.ContainerReportHandler (AbstractContainerReportHandler.java:updateContainerState(145)) - Container #1 is in OPEN state, but the datanode ee386961-2337-4a8c-9c8d-dbca8671699a{ip: 192.168.157.233, host: pr-hdds-2325-q7txw-2705037156, networkLocation: /default-rack, certSerialId: null} reports an CLOSED replica.
2019-10-18 14:22:30,882 [EventQueue-ContainerReportForContainerReportHandler] WARN  container.ContainerReportHandler (AbstractContainerReportHandler.java:updateContainerState(145)) - Container #1 is in OPEN state, but the datanode 2d385246-963b-498d-9e2e-bc24e50fd0c7{ip: 192.168.157.233, host: pr-hdds-2325-q7txw-2705037156, networkLocation: /default-rack, certSerialId: null} reports an CLOSED replica.
2019-10-18 14:22:30,986 [EventQueue-ContainerReportForContainerReportHandler] WARN  container.ContainerReportHandler (AbstractContainerReportHandler.java:updateContainerState(145)) - Container #1 is in OPEN state, but the datanode ee386961-2337-4a8c-9c8d-dbca8671699a{ip: 192.168.157.233, host: pr-hdds-2325-q7txw-2705037156, networkLocation: /default-rack, certSerialId: null} reports an CLOSED replica.
2019-10-18 14:22:30,987 [BlockDeletingService#2] WARN  background.BlockDeletingService (BlockDeletingService.java:isDeletionAllowed(187)) - Close Container log Index 6 is not replicated across allthe servers in the pipeline 5a21c002-5003-4cac-9183-8175d73357f8 as the min replicated index is 4. Deletion is not allowed in this container yet.
2019-10-18 14:22:30,987 [BlockDeletingService#0] WARN  background.BlockDeletingService (BlockDeletingService.java:isDeletionAllowed(187)) - Close Container log Index 6 is not replicated across allthe servers in the pipeline 5a21c002-5003-4cac-9183-8175d73357f8 as the min replicated index is 4. Deletion is not allowed in this container yet.
2019-10-18 14:22:31,182 [EventQueue-ContainerReportForContainerReportHandler] WARN  container.ContainerReportHandler (AbstractContainerReportHandler.java:updateContainerState(145)) - Container #1 is in OPEN state, but the datanode 2d385246-963b-498d-9e2e-bc24e50fd0c7{ip: 192.168.157.233, host: pr-hdds-2325-q7txw-2705037156, networkLocation: /default-rack, certSerialId: null} reports an CLOSED replica.
2019-10-18 14:22:31,375 [java.util.concurrent.ThreadPoolExecutor$Worker@5bad3adb[State = -1, empty queue]] WARN  server.GrpcLogAppender (GrpcLogAppender.java:timeoutAppendRequest(209)) - 2d385246-963b-498d-9e2e-bc24e50fd0c7@group-8175D73357F8->a7998a79-199c-44f4-b3c2-ea75c49d687d-GrpcLogAppender: appendEntries Timeout, request=2d385246-963b-498d-9e2e-bc24e50fd0c7->a7998a79-199c-44f4-b3c2-ea75c49d687d#42-t6, previous=(t:6, i:10), leaderCommit=10, initializing? false, entries: <empty>
2019-10-18 14:22:31,386 [EventQueue-ContainerReportForContainerReportHandler] WARN  container.ContainerReportHandler (AbstractContainerReportHandler.java:updateContainerState(145)) - Container #1 is in OPEN state, but the datanode ee386961-2337-4a8c-9c8d-dbca8671699a{ip: 192.168.157.233, host: pr-hdds-2325-q7txw-2705037156, networkLocation: /default-rack, certSerialId: null} reports an CLOSED replica.
2019-10-18 14:22:31,481 [EventQueue-ContainerReportForContainerReportHandler] WARN  container.ContainerReportHandler (AbstractContainerReportHandler.java:updateContainerState(145)) - Container #1 is in OPEN state, but the datanode 2d385246-963b-498d-9e2e-bc24e50fd0c7{ip: 192.168.157.233, host: pr-hdds-2325-q7txw-2705037156, networkLocation: /default-rack, certSerialId: null} reports an CLOSED replica.
2019-10-18 14:22:31,584 [Thread-499] INFO  client.GrpcClientProtocolService (GrpcClientProtocolService.java:lambda$processClientRequest$0(278)) - Failed RaftClientRequest:client-49F5F9D51947->2d385246-963b-498d-9e2e-bc24e50fd0c7@group-8175D73357F8, cid=10, seq=0, Watch-ALL_COMMITTED(6), Message:<EMPTY>, reply=RaftClientReply:client-49F5F9D51947->2d385246-963b-498d-9e2e-bc24e50fd0c7@group-8175D73357F8, cid=10, FAILED org.apache.ratis.protocol.NotReplicatedException: Request with call Id 10 and log index 6 is not yet replicated to ALL_COMMITTED, logIndex=6, commits[2d385246-963b-498d-9e2e-bc24e50fd0c7:c10, a7998a79-199c-44f4-b3c2-ea75c49d687d:c4, ee386961-2337-4a8c-9c8d-dbca8671699a:c10]
2019-10-18 14:22:31,687 [EventQueue-ContainerReportForContainerReportHandler] WARN  container.ContainerReportHandler (AbstractContainerReportHandler.java:updateContainerState(145)) - Container #1 is in OPEN state, but the datanode ee386961-2337-4a8c-9c8d-dbca8671699a{ip: 192.168.157.233, host: pr-hdds-2325-q7txw-2705037156, networkLocation: /default-rack, certSerialId: null} reports an CLOSED replica.
2019-10-18 14:22:31,781 [EventQueue-ContainerReportForContainerReportHandler] WARN  container.ContainerReportHandler (AbstractContainerReportHandler.java:updateContainerState(145)) - Container #1 is in OPEN state, but the datanode 2d385246-963b-498d-9e2e-bc24e50fd0c7{ip: 192.168.157.233, host: pr-hdds-2325-q7txw-2705037156, networkLocation: /default-rack, certSerialId: null} reports an CLOSED replica.
2019-10-18 14:22:31,887 [EventQueue-ContainerReportForContainerReportHandler] WARN  container.ContainerReportHandler (AbstractContainerReportHandler.java:updateContainerState(145)) - Container #1 is in OPEN state, but the datanode ee386961-2337-4a8c-9c8d-dbca8671699a{ip: 192.168.157.233, host: pr-hdds-2325-q7txw-2705037156, networkLocation: /default-rack, certSerialId: null} reports an CLOSED replica.
2019-10-18 14:22:31,989 [BlockDeletingService#2] WARN  background.BlockDeletingService (BlockDeletingService.java:isDeletionAllowed(187)) - Close Container log Index 6 is not replicated across allthe servers in the pipeline 5a21c002-5003-4cac-9183-8175d73357f8 as the min replicated index is 4. Deletion is not allowed in this container yet.
2019-10-18 14:22:31,990 [BlockDeletingService#0] WARN  background.BlockDeletingService (BlockDeletingService.java:isDeletionAllowed(187)) - Close Container log Index 6 is not replicated across allthe servers in the pipeline 5a21c002-5003-4cac-9183-8175d73357f8 as the min replicated index is 4. Deletion is not allowed in this container yet.
2019-10-18 14:22:32,181 [EventQueue-ContainerReportForContainerReportHandler] WARN  container.ContainerReportHandler (AbstractContainerReportHandler.java:updateContainerState(145)) - Container #1 is in OPEN state, but the datanode 2d385246-963b-498d-9e2e-bc24e50fd0c7{ip: 192.168.157.233, host: pr-hdds-2325-q7txw-2705037156, networkLocation: /default-rack, certSerialId: null} reports an CLOSED replica.
2019-10-18 14:22:32,287 [EventQueue-ContainerReportForContainerReportHandler] WARN  container.ContainerReportHandler (AbstractContainerReportHandler.java:updateContainerState(145)) - Container #1 is in OPEN state, but the datanode ee386961-2337-4a8c-9c8d-dbca8671699a{ip: 192.168.157.233, host: pr-hdds-2325-q7txw-2705037156, networkLocation: /default-rack, certSerialId: null} reports an CLOSED replica.
2019-10-18 14:22:32,381 [EventQueue-ContainerReportForContainerReportHandler] WARN  container.ContainerReportHandler (AbstractContainerReportHandler.java:updateContainerState(145)) - Container #1 is in OPEN state, but the datanode 2d385246-963b-498d-9e2e-bc24e50fd0c7{ip: 192.168.157.233, host: pr-hdds-2325-q7txw-2705037156, networkLocation: /default-rack, certSerialId: null} reports an CLOSED replica.
2019-10-18 14:22:32,487 [EventQueue-ContainerReportForContainerReportHandler] WARN  container.ContainerReportHandler (AbstractContainerReportHandler.java:updateContainerState(145)) - Container #1 is in OPEN state, but the datanode ee386961-2337-4a8c-9c8d-dbca8671699a{ip: 192.168.157.233, host: pr-hdds-2325-q7txw-2705037156, networkLocation: /default-rack, certSerialId: null} reports an CLOSED replica.
2019-10-18 14:22:32,581 [EventQueue-ContainerReportForContainerReportHandler] WARN  container.ContainerReportHandler (AbstractContainerReportHandler.java:updateContainerState(145)) - Container #1 is in OPEN state, but the datanode 2d385246-963b-498d-9e2e-bc24e50fd0c7{ip: 192.168.157.233, host: pr-hdds-2325-q7txw-2705037156, networkLocation: /default-rack, certSerialId: null} reports an CLOSED replica.
2019-10-18 14:22:32,887 [EventQueue-ContainerReportForContainerReportHandler] WARN  container.ContainerReportHandler (AbstractContainerReportHandler.java:updateContainerState(145)) - Container #1 is in OPEN state, but the datanode ee386961-2337-4a8c-9c8d-dbca8671699a{ip: 192.168.157.233, host: pr-hdds-2325-q7txw-2705037156, networkLocation: /default-rack, certSerialId: null} reports an CLOSED replica.
2019-10-18 14:22:32,981 [EventQueue-ContainerReportForContainerReportHandler] WARN  container.ContainerReportHandler (AbstractContainerReportHandler.java:updateContainerState(145)) - Container #1 is in OPEN state, but the datanode 2d385246-963b-498d-9e2e-bc24e50fd0c7{ip: 192.168.157.233, host: pr-hdds-2325-q7txw-2705037156, networkLocation: /default-rack, certSerialId: null} reports an CLOSED replica.
2019-10-18 14:22:32,991 [BlockDeletingService#0] WARN  background.BlockDeletingService (BlockDeletingService.java:isDeletionAllowed(187)) - Close Container log Index 6 is not replicated across allthe servers in the pipeline 5a21c002-5003-4cac-9183-8175d73357f8 as the min replicated index is 4. Deletion is not allowed in this container yet.
2019-10-18 14:22:32,991 [BlockDeletingService#2] WARN  background.BlockDeletingService (BlockDeletingService.java:isDeletionAllowed(187)) - Close Container log Index 6 is not replicated across allthe servers in the pipeline 5a21c002-5003-4cac-9183-8175d73357f8 as the min replicated index is 4. Deletion is not allowed in this container yet.
2019-10-18 14:22:33,189 [EventQueue-ContainerReportForContainerReportHandler] WARN  container.ContainerReportHandler (AbstractContainerReportHandler.java:updateContainerState(145)) - Container #1 is in OPEN state, but the datanode ee386961-2337-4a8c-9c8d-dbca8671699a{ip: 192.168.157.233, host: pr-hdds-2325-q7txw-2705037156, networkLocation: /default-rack, certSerialId: null} reports an CLOSED replica.
2019-10-18 14:22:33,284 [EventQueue-ContainerReportForContainerReportHandler] WARN  container.ContainerReportHandler (AbstractContainerReportHandler.java:updateContainerState(145)) - Container #1 is in OPEN state, but the datanode 2d385246-963b-498d-9e2e-bc24e50fd0c7{ip: 192.168.157.233, host: pr-hdds-2325-q7txw-2705037156, networkLocation: /default-rack, certSerialId: null} reports an CLOSED replica.
2019-10-18 14:22:33,390 [EventQueue-ContainerReportForContainerReportHandler] WARN  container.ContainerReportHandler (AbstractContainerReportHandler.java:updateContainerState(145)) - Container #1 is in OPEN state, but the datanode ee386961-2337-4a8c-9c8d-dbca8671699a{ip: 192.168.157.233, host: pr-hdds-2325-q7txw-2705037156, networkLocation: /default-rack, certSerialId: null} reports an CLOSED replica.
2019-10-18 14:22:33,582 [EventQueue-ContainerReportForContainerReportHandler] WARN  container.ContainerReportHandler (AbstractContainerReportHandler.java:updateContainerState(145)) - Container #1 is in OPEN state, but the datanode 2d385246-963b-498d-9e2e-bc24e50fd0c7{ip: 192.168.157.233, host: pr-hdds-2325-q7txw-2705037156, networkLocation: /default-rack, certSerialId: null} reports an CLOSED replica.
2019-10-18 14:22:33,691 [EventQueue-ContainerReportForContainerReportHandler] WARN  container.ContainerReportHandler (AbstractContainerReportHandler.java:updateContainerState(145)) - Container #1 is in OPEN state, but the datanode ee386961-2337-4a8c-9c8d-dbca8671699a{ip: 192.168.157.233, host: pr-hdds-2325-q7txw-2705037156, networkLocation: /default-rack, certSerialId: null} reports an CLOSED replica.
2019-10-18 14:22:33,876 [java.util.concurrent.ThreadPoolExecutor$Worker@5bad3adb[State = -1, empty queue]] WARN  server.GrpcLogAppender (GrpcLogAppender.java:timeoutAppendRequest(209)) - 2d385246-963b-498d-9e2e-bc24e50fd0c7@group-8175D73357F8->a7998a79-199c-44f4-b3c2-ea75c49d687d-GrpcLogAppender: appendEntries Timeout, request=2d385246-963b-498d-9e2e-bc24e50fd0c7->a7998a79-199c-44f4-b3c2-ea75c49d687d#43-t6, previous=(t:6, i:10), leaderCommit=10, initializing? false, entries: <empty>
2019-10-18 14:22:33,882 [EventQueue-ContainerReportForContainerReportHandler] WARN  container.ContainerReportHandler (AbstractContainerReportHandler.java:updateContainerState(145)) - Container #1 is in OPEN state, but the datanode 2d385246-963b-498d-9e2e-bc24e50fd0c7{ip: 192.168.157.233, host: pr-hdds-2325-q7txw-2705037156, networkLocation: /default-rack, certSerialId: null} reports an CLOSED replica.
2019-10-18 14:22:33,994 [EventQueue-ContainerReportForContainerReportHandler] WARN  container.ContainerReportHandler (AbstractContainerReportHandler.java:updateContainerState(145)) - Container #1 is in OPEN state, but the datanode ee386961-2337-4a8c-9c8d-dbca8671699a{ip: 192.168.157.233, host: pr-hdds-2325-q7txw-2705037156, networkLocation: /default-rack, certSerialId: null} reports an CLOSED replica.
2019-10-18 14:22:33,994 [BlockDeletingService#0] WARN  background.BlockDeletingService (BlockDeletingService.java:isDeletionAllowed(187)) - Close Container log Index 6 is not replicated across allthe servers in the pipeline 5a21c002-5003-4cac-9183-8175d73357f8 as the min replicated index is 4. Deletion is not allowed in this container yet.
2019-10-18 14:22:33,994 [BlockDeletingService#2] WARN  background.BlockDeletingService (BlockDeletingService.java:isDeletionAllowed(187)) - Close Container log Index 6 is not replicated across allthe servers in the pipeline 5a21c002-5003-4cac-9183-8175d73357f8 as the min replicated index is 4. Deletion is not allowed in this container yet.
2019-10-18 14:22:34,282 [EventQueue-ContainerReportForContainerReportHandler] WARN  container.ContainerReportHandler (AbstractContainerReportHandler.java:updateContainerState(145)) - Container #1 is in OPEN state, but the datanode 2d385246-963b-498d-9e2e-bc24e50fd0c7{ip: 192.168.157.233, host: pr-hdds-2325-q7txw-2705037156, networkLocation: /default-rack, certSerialId: null} reports an CLOSED replica.
2019-10-18 14:22:34,294 [EventQueue-ContainerReportForContainerReportHandler] WARN  container.ContainerReportHandler (AbstractContainerReportHandler.java:updateContainerState(145)) - Container #1 is in OPEN state, but the datanode ee386961-2337-4a8c-9c8d-dbca8671699a{ip: 192.168.157.233, host: pr-hdds-2325-q7txw-2705037156, networkLocation: /default-rack, certSerialId: null} reports an CLOSED replica.
2019-10-18 14:22:34,582 [EventQueue-ContainerReportForContainerReportHandler] WARN  container.ContainerReportHandler (AbstractContainerReportHandler.java:updateContainerState(145)) - Container #1 is in OPEN state, but the datanode 2d385246-963b-498d-9e2e-bc24e50fd0c7{ip: 192.168.157.233, host: pr-hdds-2325-q7txw-2705037156, networkLocation: /default-rack, certSerialId: null} reports an CLOSED replica.
2019-10-18 14:22:34,696 [EventQueue-ContainerReportForContainerReportHandler] WARN  container.ContainerReportHandler (AbstractContainerReportHandler.java:updateContainerState(145)) - Container #1 is in OPEN state, but the datanode ee386961-2337-4a8c-9c8d-dbca8671699a{ip: 192.168.157.233, host: pr-hdds-2325-q7txw-2705037156, networkLocation: /default-rack, certSerialId: null} reports an CLOSED replica.
2019-10-18 14:22:34,783 [EventQueue-ContainerReportForContainerReportHandler] WARN  container.ContainerReportHandler (AbstractContainerReportHandler.java:updateContainerState(145)) - Container #1 is in OPEN state, but the datanode 2d385246-963b-498d-9e2e-bc24e50fd0c7{ip: 192.168.157.233, host: pr-hdds-2325-q7txw-2705037156, networkLocation: /default-rack, certSerialId: null} reports an CLOSED replica.
2019-10-18 14:22:34,996 [BlockDeletingService#0] WARN  background.BlockDeletingService (BlockDeletingService.java:isDeletionAllowed(187)) - Close Container log Index 6 is not replicated across allthe servers in the pipeline 5a21c002-5003-4cac-9183-8175d73357f8 as the min replicated index is 4. Deletion is not allowed in this container yet.
2019-10-18 14:22:34,996 [BlockDeletingService#2] WARN  background.BlockDeletingService (BlockDeletingService.java:isDeletionAllowed(187)) - Close Container log Index 6 is not replicated across allthe servers in the pipeline 5a21c002-5003-4cac-9183-8175d73357f8 as the min replicated index is 4. Deletion is not allowed in this container yet.
2019-10-18 14:22:34,997 [EventQueue-ContainerReportForContainerReportHandler] WARN  container.ContainerReportHandler (AbstractContainerReportHandler.java:updateContainerState(145)) - Container #1 is in OPEN state, but the datanode ee386961-2337-4a8c-9c8d-dbca8671699a{ip: 192.168.157.233, host: pr-hdds-2325-q7txw-2705037156, networkLocation: /default-rack, certSerialId: null} reports an CLOSED replica.
2019-10-18 14:22:35,183 [EventQueue-ContainerReportForContainerReportHandler] WARN  container.ContainerReportHandler (AbstractContainerReportHandler.java:updateContainerState(145)) - Container #1 is in OPEN state, but the datanode 2d385246-963b-498d-9e2e-bc24e50fd0c7{ip: 192.168.157.233, host: pr-hdds-2325-q7txw-2705037156, networkLocation: /default-rack, certSerialId: null} reports an CLOSED replica.
2019-10-18 14:22:35,197 [EventQueue-ContainerReportForContainerReportHandler] WARN  container.ContainerReportHandler (AbstractContainerReportHandler.java:updateContainerState(145)) - Container #1 is in OPEN state, but the datanode ee386961-2337-4a8c-9c8d-dbca8671699a{ip: 192.168.157.233, host: pr-hdds-2325-q7txw-2705037156, networkLocation: /default-rack, certSerialId: null} reports an CLOSED replica.
2019-10-18 14:22:35,384 [EventQueue-ContainerReportForContainerReportHandler] WARN  container.ContainerReportHandler (AbstractContainerReportHandler.java:updateContainerState(145)) - Container #1 is in OPEN state, but the datanode 2d385246-963b-498d-9e2e-bc24e50fd0c7{ip: 192.168.157.233, host: pr-hdds-2325-q7txw-2705037156, networkLocation: /default-rack, certSerialId: null} reports an CLOSED replica.
2019-10-18 14:22:35,397 [EventQueue-ContainerReportForContainerReportHandler] WARN  container.ContainerReportHandler (AbstractContainerReportHandler.java:updateContainerState(145)) - Container #1 is in OPEN state, but the datanode ee386961-2337-4a8c-9c8d-dbca8671699a{ip: 192.168.157.233, host: pr-hdds-2325-q7txw-2705037156, networkLocation: /default-rack, certSerialId: null} reports an CLOSED replica.
2019-10-18 14:22:35,697 [EventQueue-ContainerReportForContainerReportHandler] WARN  container.ContainerReportHandler (AbstractContainerReportHandler.java:updateContainerState(145)) - Container #1 is in OPEN state, but the datanode ee386961-2337-4a8c-9c8d-dbca8671699a{ip: 192.168.157.233, host: pr-hdds-2325-q7txw-2705037156, networkLocation: /default-rack, certSerialId: null} reports an CLOSED replica.
2019-10-18 14:22:35,784 [EventQueue-ContainerReportForContainerReportHandler] WARN  container.ContainerReportHandler (AbstractContainerReportHandler.java:updateContainerState(145)) - Container #1 is in OPEN state, but the datanode 2d385246-963b-498d-9e2e-bc24e50fd0c7{ip: 192.168.157.233, host: pr-hdds-2325-q7txw-2705037156, networkLocation: /default-rack, certSerialId: null} reports an CLOSED replica.
2019-10-18 14:22:35,898 [EventQueue-ContainerReportForContainerReportHandler] WARN  container.ContainerReportHandler (AbstractContainerReportHandler.java:updateContainerState(145)) - Container #1 is in OPEN state, but the datanode ee386961-2337-4a8c-9c8d-dbca8671699a{ip: 192.168.157.233, host: pr-hdds-2325-q7txw-2705037156, networkLocation: /default-rack, certSerialId: null} reports an CLOSED replica.
2019-10-18 14:22:35,984 [EventQueue-ContainerReportForContainerReportHandler] WARN  container.ContainerReportHandler (AbstractContainerReportHandler.java:updateContainerState(145)) - Container #1 is in OPEN state, but the datanode 2d385246-963b-498d-9e2e-bc24e50fd0c7{ip: 192.168.157.233, host: pr-hdds-2325-q7txw-2705037156, networkLocation: /default-rack, certSerialId: null} reports an CLOSED replica.
2019-10-18 14:22:35,998 [BlockDeletingService#0] WARN  background.BlockDeletingService (BlockDeletingService.java:isDeletionAllowed(187)) - Close Container log Index 6 is not replicated across allthe servers in the pipeline 5a21c002-5003-4cac-9183-8175d73357f8 as the min replicated index is 4. Deletion is not allowed in this container yet.
2019-10-18 14:22:35,998 [BlockDeletingService#2] WARN  background.BlockDeletingService (BlockDeletingService.java:isDeletionAllowed(187)) - Close Container log Index 6 is not replicated across allthe servers in the pipeline 5a21c002-5003-4cac-9183-8175d73357f8 as the min replicated index is 4. Deletion is not allowed in this container yet.
2019-10-18 14:22:36,198 [EventQueue-ContainerReportForContainerReportHandler] WARN  container.ContainerReportHandler (AbstractContainerReportHandler.java:updateContainerState(145)) - Container #1 is in OPEN state, but the datanode ee386961-2337-4a8c-9c8d-dbca8671699a{ip: 192.168.157.233, host: pr-hdds-2325-q7txw-2705037156, networkLocation: /default-rack, certSerialId: null} reports an CLOSED replica.
2019-10-18 14:22:36,284 [EventQueue-ContainerReportForContainerReportHandler] WARN  container.ContainerReportHandler (AbstractContainerReportHandler.java:updateContainerState(145)) - Container #1 is in OPEN state, but the datanode 2d385246-963b-498d-9e2e-bc24e50fd0c7{ip: 192.168.157.233, host: pr-hdds-2325-q7txw-2705037156, networkLocation: /default-rack, certSerialId: null} reports an CLOSED replica.
2019-10-18 14:22:36,378 [java.util.concurrent.ThreadPoolExecutor$Worker@5bad3adb[State = -1, empty queue]] WARN  server.GrpcLogAppender (GrpcLogAppender.java:timeoutAppendRequest(209)) - 2d385246-963b-498d-9e2e-bc24e50fd0c7@group-8175D73357F8->a7998a79-199c-44f4-b3c2-ea75c49d687d-GrpcLogAppender: appendEntries Timeout, request=2d385246-963b-498d-9e2e-bc24e50fd0c7->a7998a79-199c-44f4-b3c2-ea75c49d687d#44-t6, previous=(t:6, i:10), leaderCommit=10, initializing? false, entries: <empty>
2019-10-18 14:22:36,484 [EventQueue-ContainerReportForContainerReportHandler] WARN  container.ContainerReportHandler (AbstractContainerReportHandler.java:updateContainerState(145)) - Container #1 is in OPEN state, but the datanode 2d385246-963b-498d-9e2e-bc24e50fd0c7{ip: 192.168.157.233, host: pr-hdds-2325-q7txw-2705037156, networkLocation: /default-rack, certSerialId: null} reports an CLOSED replica.
2019-10-18 14:22:36,498 [EventQueue-ContainerReportForContainerReportHandler] WARN  container.ContainerReportHandler (AbstractContainerReportHandler.java:updateContainerState(145)) - Container #1 is in OPEN state, but the datanode ee386961-2337-4a8c-9c8d-dbca8671699a{ip: 192.168.157.233, host: pr-hdds-2325-q7txw-2705037156, networkLocation: /default-rack, certSerialId: null} reports an CLOSED replica.
2019-10-18 14:22:36,785 [EventQueue-ContainerReportForContainerReportHandler] WARN  container.ContainerReportHandler (AbstractContainerReportHandler.java:updateContainerState(145)) - Container #1 is in OPEN state, but the datanode 2d385246-963b-498d-9e2e-bc24e50fd0c7{ip: 192.168.157.233, host: pr-hdds-2325-q7txw-2705037156, networkLocation: /default-rack, certSerialId: null} reports an CLOSED replica.
2019-10-18 14:22:36,799 [EventQueue-ContainerReportForContainerReportHandler] WARN  container.ContainerReportHandler (AbstractContainerReportHandler.java:updateContainerState(145)) - Container #1 is in OPEN state, but the datanode ee386961-2337-4a8c-9c8d-dbca8671699a{ip: 192.168.157.233, host: pr-hdds-2325-q7txw-2705037156, networkLocation: /default-rack, certSerialId: null} reports an CLOSED replica.
2019-10-18 14:22:36,999 [BlockDeletingService#2] WARN  background.BlockDeletingService (BlockDeletingService.java:isDeletionAllowed(187)) - Close Container log Index 6 is not replicated across allthe servers in the pipeline 5a21c002-5003-4cac-9183-8175d73357f8 as the min replicated index is 4. Deletion is not allowed in this container yet.
2019-10-18 14:22:36,999 [BlockDeletingService#0] WARN  background.BlockDeletingService (BlockDeletingService.java:isDeletionAllowed(187)) - Close Container log Index 6 is not replicated across allthe servers in the pipeline 5a21c002-5003-4cac-9183-8175d73357f8 as the min replicated index is 4. Deletion is not allowed in this container yet.
2019-10-18 14:22:36,999 [EventQueue-ContainerReportForContainerReportHandler] WARN  container.ContainerReportHandler (AbstractContainerReportHandler.java:updateContainerState(145)) - Container #1 is in OPEN state, but the datanode ee386961-2337-4a8c-9c8d-dbca8671699a{ip: 192.168.157.233, host: pr-hdds-2325-q7txw-2705037156, networkLocation: /default-rack, certSerialId: null} reports an CLOSED replica.
2019-10-18 14:22:37,086 [EventQueue-ContainerReportForContainerReportHandler] WARN  container.ContainerReportHandler (AbstractContainerReportHandler.java:updateContainerState(145)) - Container #1 is in OPEN state, but the datanode 2d385246-963b-498d-9e2e-bc24e50fd0c7{ip: 192.168.157.233, host: pr-hdds-2325-q7txw-2705037156, networkLocation: /default-rack, certSerialId: null} reports an CLOSED replica.
2019-10-18 14:22:37,285 [EventQueue-ContainerReportForContainerReportHandler] WARN  container.ContainerReportHandler (AbstractContainerReportHandler.java:updateContainerState(145)) - Container #1 is in OPEN state, but the datanode 2d385246-963b-498d-9e2e-bc24e50fd0c7{ip: 192.168.157.233, host: pr-hdds-2325-q7txw-2705037156, networkLocation: /default-rack, certSerialId: null} reports an CLOSED replica.
2019-10-18 14:22:37,299 [EventQueue-ContainerReportForContainerReportHandler] WARN  container.ContainerReportHandler (AbstractContainerReportHandler.java:updateContainerState(145)) - Container #1 is in OPEN state, but the datanode ee386961-2337-4a8c-9c8d-dbca8671699a{ip: 192.168.157.233, host: pr-hdds-2325-q7txw-2705037156, networkLocation: /default-rack, certSerialId: null} reports an CLOSED replica.
2019-10-18 14:22:37,601 [EventQueue-ContainerReportForContainerReportHandler] WARN  container.ContainerReportHandler (AbstractContainerReportHandler.java:updateContainerState(145)) - Container #1 is in OPEN state, but the datanode ee386961-2337-4a8c-9c8d-dbca8671699a{ip: 192.168.157.233, host: pr-hdds-2325-q7txw-2705037156, networkLocation: /default-rack, certSerialId: null} reports an CLOSED replica.
2019-10-18 14:22:37,685 [EventQueue-ContainerReportForContainerReportHandler] WARN  container.ContainerReportHandler (AbstractContainerReportHandler.java:updateContainerState(145)) - Container #1 is in OPEN state, but the datanode 2d385246-963b-498d-9e2e-bc24e50fd0c7{ip: 192.168.157.233, host: pr-hdds-2325-q7txw-2705037156, networkLocation: /default-rack, certSerialId: null} reports an CLOSED replica.
2019-10-18 14:22:37,800 [EventQueue-ContainerReportForContainerReportHandler] WARN  container.ContainerReportHandler (AbstractContainerReportHandler.java:updateContainerState(145)) - Container #1 is in OPEN state, but the datanode ee386961-2337-4a8c-9c8d-dbca8671699a{ip: 192.168.157.233, host: pr-hdds-2325-q7txw-2705037156, networkLocation: /default-rack, certSerialId: null} reports an CLOSED replica.
2019-10-18 14:22:38,002 [BlockDeletingService#0] WARN  background.BlockDeletingService (BlockDeletingService.java:isDeletionAllowed(187)) - Close Container log Index 6 is not replicated across allthe servers in the pipeline 5a21c002-5003-4cac-9183-8175d73357f8 as the min replicated index is 4. Deletion is not allowed in this container yet.
2019-10-18 14:22:38,002 [BlockDeletingService#2] WARN  background.BlockDeletingService (BlockDeletingService.java:isDeletionAllowed(187)) - Close Container log Index 6 is not replicated across allthe servers in the pipeline 5a21c002-5003-4cac-9183-8175d73357f8 as the min replicated index is 4. Deletion is not allowed in this container yet.
2019-10-18 14:22:38,085 [EventQueue-ContainerReportForContainerReportHandler] WARN  container.ContainerReportHandler (AbstractContainerReportHandler.java:updateContainerState(145)) - Container #1 is in OPEN state, but the datanode 2d385246-963b-498d-9e2e-bc24e50fd0c7{ip: 192.168.157.233, host: pr-hdds-2325-q7txw-2705037156, networkLocation: /default-rack, certSerialId: null} reports an CLOSED replica.
2019-10-18 14:22:38,103 [EventQueue-ContainerReportForContainerReportHandler] WARN  container.ContainerReportHandler (AbstractContainerReportHandler.java:updateContainerState(145)) - Container #1 is in OPEN state, but the datanode ee386961-2337-4a8c-9c8d-dbca8671699a{ip: 192.168.157.233, host: pr-hdds-2325-q7txw-2705037156, networkLocation: /default-rack, certSerialId: null} reports an CLOSED replica.
2019-10-18 14:22:38,301 [EventQueue-ContainerReportForContainerReportHandler] WARN  container.ContainerReportHandler (AbstractContainerReportHandler.java:updateContainerState(145)) - Container #1 is in OPEN state, but the datanode ee386961-2337-4a8c-9c8d-dbca8671699a{ip: 192.168.157.233, host: pr-hdds-2325-q7txw-2705037156, networkLocation: /default-rack, certSerialId: null} reports an CLOSED replica.
2019-10-18 14:22:38,385 [EventQueue-ContainerReportForContainerReportHandler] WARN  container.ContainerReportHandler (AbstractContainerReportHandler.java:updateContainerState(145)) - Container #1 is in OPEN state, but the datanode 2d385246-963b-498d-9e2e-bc24e50fd0c7{ip: 192.168.157.233, host: pr-hdds-2325-q7txw-2705037156, networkLocation: /default-rack, certSerialId: null} reports an CLOSED replica.
2019-10-18 14:22:38,586 [EventQueue-ContainerReportForContainerReportHandler] WARN  container.ContainerReportHandler (AbstractContainerReportHandler.java:updateContainerState(145)) - Container #1 is in OPEN state, but the datanode 2d385246-963b-498d-9e2e-bc24e50fd0c7{ip: 192.168.157.233, host: pr-hdds-2325-q7txw-2705037156, networkLocation: /default-rack, certSerialId: null} reports an CLOSED replica.
2019-10-18 14:22:38,702 [EventQueue-ContainerReportForContainerReportHandler] WARN  container.ContainerReportHandler (AbstractContainerReportHandler.java:updateContainerState(145)) - Container #1 is in OPEN state, but the datanode ee386961-2337-4a8c-9c8d-dbca8671699a{ip: 192.168.157.233, host: pr-hdds-2325-q7txw-2705037156, networkLocation: /default-rack, certSerialId: null} reports an CLOSED replica.
2019-10-18 14:22:38,879 [java.util.concurrent.ThreadPoolExecutor$Worker@5bad3adb[State = -1, empty queue]] WARN  server.GrpcLogAppender (GrpcLogAppender.java:timeoutAppendRequest(209)) - 2d385246-963b-498d-9e2e-bc24e50fd0c7@group-8175D73357F8->a7998a79-199c-44f4-b3c2-ea75c49d687d-GrpcLogAppender: appendEntries Timeout, request=2d385246-963b-498d-9e2e-bc24e50fd0c7->a7998a79-199c-44f4-b3c2-ea75c49d687d#45-t6, previous=(t:6, i:10), leaderCommit=10, initializing? false, entries: <empty>
2019-10-18 14:22:38,886 [EventQueue-ContainerReportForContainerReportHandler] WARN  container.ContainerReportHandler (AbstractContainerReportHandler.java:updateContainerState(145)) - Container #1 is in OPEN state, but the datanode 2d385246-963b-498d-9e2e-bc24e50fd0c7{ip: 192.168.157.233, host: pr-hdds-2325-q7txw-2705037156, networkLocation: /default-rack, certSerialId: null} reports an CLOSED replica.
2019-10-18 14:22:39,004 [EventQueue-ContainerReportForContainerReportHandler] WARN  container.ContainerReportHandler (AbstractContainerReportHandler.java:updateContainerState(145)) - Container #1 is in OPEN state, but the datanode ee386961-2337-4a8c-9c8d-dbca8671699a{ip: 192.168.157.233, host: pr-hdds-2325-q7txw-2705037156, networkLocation: /default-rack, certSerialId: null} reports an CLOSED replica.
2019-10-18 14:22:39,004 [BlockDeletingService#2] WARN  background.BlockDeletingService (BlockDeletingService.java:isDeletionAllowed(187)) - Close Container log Index 6 is not replicated across allthe servers in the pipeline 5a21c002-5003-4cac-9183-8175d73357f8 as the min replicated index is 4. Deletion is not allowed in this container yet.
2019-10-18 14:22:39,004 [BlockDeletingService#0] WARN  background.BlockDeletingService (BlockDeletingService.java:isDeletionAllowed(187)) - Close Container log Index 6 is not replicated across allthe servers in the pipeline 5a21c002-5003-4cac-9183-8175d73357f8 as the min replicated index is 4. Deletion is not allowed in this container yet.
2019-10-18 14:22:39,287 [EventQueue-ContainerReportForContainerReportHandler] WARN  container.ContainerReportHandler (AbstractContainerReportHandler.java:updateContainerState(145)) - Container #1 is in OPEN state, but the datanode 2d385246-963b-498d-9e2e-bc24e50fd0c7{ip: 192.168.157.233, host: pr-hdds-2325-q7txw-2705037156, networkLocation: /default-rack, certSerialId: null} reports an CLOSED replica.
2019-10-18 14:22:39,404 [EventQueue-ContainerReportForContainerReportHandler] WARN  container.ContainerReportHandler (AbstractContainerReportHandler.java:updateContainerState(145)) - Container #1 is in OPEN state, but the datanode ee386961-2337-4a8c-9c8d-dbca8671699a{ip: 192.168.157.233, host: pr-hdds-2325-q7txw-2705037156, networkLocation: /default-rack, certSerialId: null} reports an CLOSED replica.
2019-10-18 14:22:39,687 [EventQueue-ContainerReportForContainerReportHandler] WARN  container.ContainerReportHandler (AbstractContainerReportHandler.java:updateContainerState(145)) - Container #1 is in OPEN state, but the datanode 2d385246-963b-498d-9e2e-bc24e50fd0c7{ip: 192.168.157.233, host: pr-hdds-2325-q7txw-2705037156, networkLocation: /default-rack, certSerialId: null} reports an CLOSED replica.
2019-10-18 14:22:39,704 [EventQueue-ContainerReportForContainerReportHandler] WARN  container.ContainerReportHandler (AbstractContainerReportHandler.java:updateContainerState(145)) - Container #1 is in OPEN state, but the datanode ee386961-2337-4a8c-9c8d-dbca8671699a{ip: 192.168.157.233, host: pr-hdds-2325-q7txw-2705037156, networkLocation: /default-rack, certSerialId: null} reports an CLOSED replica.
2019-10-18 14:22:39,888 [EventQueue-ContainerReportForContainerReportHandler] WARN  container.ContainerReportHandler (AbstractContainerReportHandler.java:updateContainerState(145)) - Container #1 is in OPEN state, but the datanode 2d385246-963b-498d-9e2e-bc24e50fd0c7{ip: 192.168.157.233, host: pr-hdds-2325-q7txw-2705037156, networkLocation: /default-rack, certSerialId: null} reports an CLOSED replica.
2019-10-18 14:22:40,004 [EventQueue-ContainerReportForContainerReportHandler] WARN  container.ContainerReportHandler (AbstractContainerReportHandler.java:updateContainerState(145)) - Container #1 is in OPEN state, but the datanode ee386961-2337-4a8c-9c8d-dbca8671699a{ip: 192.168.157.233, host: pr-hdds-2325-q7txw-2705037156, networkLocation: /default-rack, certSerialId: null} reports an CLOSED replica.
2019-10-18 14:22:40,006 [BlockDeletingService#0] WARN  background.BlockDeletingService (BlockDeletingService.java:isDeletionAllowed(187)) - Close Container log Index 6 is not replicated across allthe servers in the pipeline 5a21c002-5003-4cac-9183-8175d73357f8 as the min replicated index is 4. Deletion is not allowed in this container yet.
2019-10-18 14:22:40,006 [BlockDeletingService#2] WARN  background.BlockDeletingService (BlockDeletingService.java:isDeletionAllowed(187)) - Close Container log Index 6 is not replicated across allthe servers in the pipeline 5a21c002-5003-4cac-9183-8175d73357f8 as the min replicated index is 4. Deletion is not allowed in this container yet.
2019-10-18 14:22:40,053 [Thread-523] INFO  client.GrpcClientProtocolService (GrpcClientProtocolService.java:lambda$processClientRequest$0(278)) - Failed RaftClientRequest:client-49F5F9D51947->ee386961-2337-4a8c-9c8d-dbca8671699a@group-8175D73357F8, cid=10, seq=0, Watch-ALL_COMMITTED(6), Message:<EMPTY>, reply=RaftClientReply:client-49F5F9D51947->ee386961-2337-4a8c-9c8d-dbca8671699a@group-8175D73357F8, cid=10, FAILED org.apache.ratis.protocol.NotLeaderException: Server ee386961-2337-4a8c-9c8d-dbca8671699a@group-8175D73357F8 is not the leader 2d385246-963b-498d-9e2e-bc24e50fd0c7:192.168.157.233:40769, logIndex=0, commits[ee386961-2337-4a8c-9c8d-dbca8671699a:c10, a7998a79-199c-44f4-b3c2-ea75c49d687d:c4, 2d385246-963b-498d-9e2e-bc24e50fd0c7:c10]
2019-10-18 14:22:40,188 [EventQueue-ContainerReportForContainerReportHandler] WARN  container.ContainerReportHandler (AbstractContainerReportHandler.java:updateContainerState(145)) - Container #1 is in OPEN state, but the datanode 2d385246-963b-498d-9e2e-bc24e50fd0c7{ip: 192.168.157.233, host: pr-hdds-2325-q7txw-2705037156, networkLocation: /default-rack, certSerialId: null} reports an CLOSED replica.
2019-10-18 14:22:40,204 [EventQueue-ContainerReportForContainerReportHandler] WARN  container.ContainerReportHandler (AbstractContainerReportHandler.java:updateContainerState(145)) - Container #1 is in OPEN state, but the datanode ee386961-2337-4a8c-9c8d-dbca8671699a{ip: 192.168.157.233, host: pr-hdds-2325-q7txw-2705037156, networkLocation: /default-rack, certSerialId: null} reports an CLOSED replica.
2019-10-18 14:22:40,488 [EventQueue-ContainerReportForContainerReportHandler] WARN  container.ContainerReportHandler (AbstractContainerReportHandler.java:updateContainerState(145)) - Container #1 is in OPEN state, but the datanode 2d385246-963b-498d-9e2e-bc24e50fd0c7{ip: 192.168.157.233, host: pr-hdds-2325-q7txw-2705037156, networkLocation: /default-rack, certSerialId: null} reports an CLOSED replica.
2019-10-18 14:22:40,504 [EventQueue-ContainerReportForContainerReportHandler] WARN  container.ContainerReportHandler (AbstractContainerReportHandler.java:updateContainerState(145)) - Container #1 is in OPEN state, but the datanode ee386961-2337-4a8c-9c8d-dbca8671699a{ip: 192.168.157.233, host: pr-hdds-2325-q7txw-2705037156, networkLocation: /default-rack, certSerialId: null} reports an CLOSED replica.
2019-10-18 14:22:40,789 [EventQueue-ContainerReportForContainerReportHandler] WARN  container.ContainerReportHandler (AbstractContainerReportHandler.java:updateContainerState(145)) - Container #1 is in OPEN state, but the datanode 2d385246-963b-498d-9e2e-bc24e50fd0c7{ip: 192.168.157.233, host: pr-hdds-2325-q7txw-2705037156, networkLocation: /default-rack, certSerialId: null} reports an CLOSED replica.
2019-10-18 14:22:40,804 [EventQueue-ContainerReportForContainerReportHandler] WARN  container.ContainerReportHandler (AbstractContainerReportHandler.java:updateContainerState(145)) - Container #1 is in OPEN state, but the datanode ee386961-2337-4a8c-9c8d-dbca8671699a{ip: 192.168.157.233, host: pr-hdds-2325-q7txw-2705037156, networkLocation: /default-rack, certSerialId: null} reports an CLOSED replica.
2019-10-18 14:22:41,008 [BlockDeletingService#0] WARN  background.BlockDeletingService (BlockDeletingService.java:isDeletionAllowed(187)) - Close Container log Index 6 is not replicated across allthe servers in the pipeline 5a21c002-5003-4cac-9183-8175d73357f8 as the min replicated index is 4. Deletion is not allowed in this container yet.
2019-10-18 14:22:41,008 [BlockDeletingService#2] WARN  background.BlockDeletingService (BlockDeletingService.java:isDeletionAllowed(187)) - Close Container log Index 6 is not replicated across allthe servers in the pipeline 5a21c002-5003-4cac-9183-8175d73357f8 as the min replicated index is 4. Deletion is not allowed in this container yet.
2019-10-18 14:22:41,092 [EventQueue-ContainerReportForContainerReportHandler] WARN  container.ContainerReportHandler (AbstractContainerReportHandler.java:updateContainerState(145)) - Container #1 is in OPEN state, but the datanode 2d385246-963b-498d-9e2e-bc24e50fd0c7{ip: 192.168.157.233, host: pr-hdds-2325-q7txw-2705037156, networkLocation: /default-rack, certSerialId: null} reports an CLOSED replica.
2019-10-18 14:22:41,104 [EventQueue-ContainerReportForContainerReportHandler] WARN  container.ContainerReportHandler (AbstractContainerReportHandler.java:updateContainerState(145)) - Container #1 is in OPEN state, but the datanode ee386961-2337-4a8c-9c8d-dbca8671699a{ip: 192.168.157.233, host: pr-hdds-2325-q7txw-2705037156, networkLocation: /default-rack, certSerialId: null} reports an CLOSED replica.
2019-10-18 14:22:41,293 [EventQueue-ContainerReportForContainerReportHandler] WARN  container.ContainerReportHandler (AbstractContainerReportHandler.java:updateContainerState(145)) - Container #1 is in OPEN state, but the datanode 2d385246-963b-498d-9e2e-bc24e50fd0c7{ip: 192.168.157.233, host: pr-hdds-2325-q7txw-2705037156, networkLocation: /default-rack, certSerialId: null} reports an CLOSED replica.
2019-10-18 14:22:41,381 [java.util.concurrent.ThreadPoolExecutor$Worker@5bad3adb[State = -1, empty queue]] WARN  server.GrpcLogAppender (GrpcLogAppender.java:timeoutAppendRequest(209)) - 2d385246-963b-498d-9e2e-bc24e50fd0c7@group-8175D73357F8->a7998a79-199c-44f4-b3c2-ea75c49d687d-GrpcLogAppender: appendEntries Timeout, request=2d385246-963b-498d-9e2e-bc24e50fd0c7->a7998a79-199c-44f4-b3c2-ea75c49d687d#46-t6, previous=(t:6, i:10), leaderCommit=10, initializing? false, entries: <empty>
2019-10-18 14:22:41,405 [EventQueue-ContainerReportForContainerReportHandler] WARN  container.ContainerReportHandler (AbstractContainerReportHandler.java:updateContainerState(145)) - Container #1 is in OPEN state, but the datanode ee386961-2337-4a8c-9c8d-dbca8671699a{ip: 192.168.157.233, host: pr-hdds-2325-q7txw-2705037156, networkLocation: /default-rack, certSerialId: null} reports an CLOSED replica.
2019-10-18 14:22:41,586 [Thread-529] INFO  client.GrpcClientProtocolService (GrpcClientProtocolService.java:lambda$processClientRequest$0(278)) - Failed RaftClientRequest:client-49F5F9D51947->2d385246-963b-498d-9e2e-bc24e50fd0c7@group-8175D73357F8, cid=10, seq=0, Watch-ALL_COMMITTED(6), Message:<EMPTY>, reply=RaftClientReply:client-49F5F9D51947->2d385246-963b-498d-9e2e-bc24e50fd0c7@group-8175D73357F8, cid=10, FAILED org.apache.ratis.protocol.NotReplicatedException: Request with call Id 10 and log index 6 is not yet replicated to ALL_COMMITTED, logIndex=6, commits[2d385246-963b-498d-9e2e-bc24e50fd0c7:c10, a7998a79-199c-44f4-b3c2-ea75c49d687d:c4, ee386961-2337-4a8c-9c8d-dbca8671699a:c10]
2019-10-18 14:22:41,594 [EventQueue-ContainerReportForContainerReportHandler] WARN  container.ContainerReportHandler (AbstractContainerReportHandler.java:updateContainerState(145)) - Container #1 is in OPEN state, but the datanode 2d385246-963b-498d-9e2e-bc24e50fd0c7{ip: 192.168.157.233, host: pr-hdds-2325-q7txw-2705037156, networkLocation: /default-rack, certSerialId: null} reports an CLOSED replica.
2019-10-18 14:22:41,705 [EventQueue-ContainerReportForContainerReportHandler] WARN  container.ContainerReportHandler (AbstractContainerReportHandler.java:updateContainerState(145)) - Container #1 is in OPEN state, but the datanode ee386961-2337-4a8c-9c8d-dbca8671699a{ip: 192.168.157.233, host: pr-hdds-2325-q7txw-2705037156, networkLocation: /default-rack, certSerialId: null} reports an CLOSED replica.
2019-10-18 14:22:41,792 [EventQueue-ContainerReportForContainerReportHandler] WARN  container.ContainerReportHandler (AbstractContainerReportHandler.java:updateContainerState(145)) - Container #1 is in OPEN state, but the datanode 2d385246-963b-498d-9e2e-bc24e50fd0c7{ip: 192.168.157.233, host: pr-hdds-2325-q7txw-2705037156, networkLocation: /default-rack, certSerialId: null} reports an CLOSED replica.
2019-10-18 14:22:42,005 [EventQueue-ContainerReportForContainerReportHandler] WARN  container.ContainerReportHandler (AbstractContainerReportHandler.java:updateContainerState(145)) - Container #1 is in OPEN state, but the datanode ee386961-2337-4a8c-9c8d-dbca8671699a{ip: 192.168.157.233, host: pr-hdds-2325-q7txw-2705037156, networkLocation: /default-rack, certSerialId: null} reports an CLOSED replica.
2019-10-18 14:22:42,012 [BlockDeletingService#0] WARN  background.BlockDeletingService (BlockDeletingService.java:isDeletionAllowed(187)) - Close Container log Index 6 is not replicated across allthe servers in the pipeline 5a21c002-5003-4cac-9183-8175d73357f8 as the min replicated index is 4. Deletion is not allowed in this container yet.
2019-10-18 14:22:42,012 [BlockDeletingService#2] WARN  background.BlockDeletingService (BlockDeletingService.java:isDeletionAllowed(187)) - Close Container log Index 6 is not replicated across allthe servers in the pipeline 5a21c002-5003-4cac-9183-8175d73357f8 as the min replicated index is 4. Deletion is not allowed in this container yet.
2019-10-18 14:22:42,092 [EventQueue-ContainerReportForContainerReportHandler] WARN  container.ContainerReportHandler (AbstractContainerReportHandler.java:updateContainerState(145)) - Container #1 is in OPEN state, but the datanode 2d385246-963b-498d-9e2e-bc24e50fd0c7{ip: 192.168.157.233, host: pr-hdds-2325-q7txw-2705037156, networkLocation: /default-rack, certSerialId: null} reports an CLOSED replica.
2019-10-18 14:22:42,205 [EventQueue-ContainerReportForContainerReportHandler] WARN  container.ContainerReportHandler (AbstractContainerReportHandler.java:updateContainerState(145)) - Container #1 is in OPEN state, but the datanode ee386961-2337-4a8c-9c8d-dbca8671699a{ip: 192.168.157.233, host: pr-hdds-2325-q7txw-2705037156, networkLocation: /default-rack, certSerialId: null} reports an CLOSED replica.
2019-10-18 14:22:42,405 [EventQueue-ContainerReportForContainerReportHandler] WARN  container.ContainerReportHandler (AbstractContainerReportHandler.java:updateContainerState(145)) - Container #1 is in OPEN state, but the datanode ee386961-2337-4a8c-9c8d-dbca8671699a{ip: 192.168.157.233, host: pr-hdds-2325-q7txw-2705037156, networkLocation: /default-rack, certSerialId: null} reports an CLOSED replica.
2019-10-18 14:22:42,492 [EventQueue-ContainerReportForContainerReportHandler] WARN  container.ContainerReportHandler (AbstractContainerReportHandler.java:updateContainerState(145)) - Container #1 is in OPEN state, but the datanode 2d385246-963b-498d-9e2e-bc24e50fd0c7{ip: 192.168.157.233, host: pr-hdds-2325-q7txw-2705037156, networkLocation: /default-rack, certSerialId: null} reports an CLOSED replica.
2019-10-18 14:22:42,705 [EventQueue-ContainerReportForContainerReportHandler] WARN  container.ContainerReportHandler (AbstractContainerReportHandler.java:updateContainerState(145)) - Container #1 is in OPEN state, but the datanode ee386961-2337-4a8c-9c8d-dbca8671699a{ip: 192.168.157.233, host: pr-hdds-2325-q7txw-2705037156, networkLocation: /default-rack, certSerialId: null} reports an CLOSED replica.
2019-10-18 14:22:42,792 [EventQueue-ContainerReportForContainerReportHandler] WARN  container.ContainerReportHandler (AbstractContainerReportHandler.java:updateContainerState(145)) - Container #1 is in OPEN state, but the datanode 2d385246-963b-498d-9e2e-bc24e50fd0c7{ip: 192.168.157.233, host: pr-hdds-2325-q7txw-2705037156, networkLocation: /default-rack, certSerialId: null} reports an CLOSED replica.
2019-10-18 14:22:42,993 [EventQueue-ContainerReportForContainerReportHandler] WARN  container.ContainerReportHandler (AbstractContainerReportHandler.java:updateContainerState(145)) - Container #1 is in OPEN state, but the datanode 2d385246-963b-498d-9e2e-bc24e50fd0c7{ip: 192.168.157.233, host: pr-hdds-2325-q7txw-2705037156, networkLocation: /default-rack, certSerialId: null} reports an CLOSED replica.
2019-10-18 14:22:43,005 [EventQueue-ContainerReportForContainerReportHandler] WARN  container.ContainerReportHandler (AbstractContainerReportHandler.java:updateContainerState(145)) - Container #1 is in OPEN state, but the datanode ee386961-2337-4a8c-9c8d-dbca8671699a{ip: 192.168.157.233, host: pr-hdds-2325-q7txw-2705037156, networkLocation: /default-rack, certSerialId: null} reports an CLOSED replica.
2019-10-18 14:22:43,016 [BlockDeletingService#0] WARN  background.BlockDeletingService (BlockDeletingService.java:isDeletionAllowed(187)) - Close Container log Index 6 is not replicated across allthe servers in the pipeline 5a21c002-5003-4cac-9183-8175d73357f8 as the min replicated index is 4. Deletion is not allowed in this container yet.
2019-10-18 14:22:43,016 [BlockDeletingService#2] WARN  background.BlockDeletingService (BlockDeletingService.java:isDeletionAllowed(187)) - Close Container log Index 6 is not replicated across allthe servers in the pipeline 5a21c002-5003-4cac-9183-8175d73357f8 as the min replicated index is 4. Deletion is not allowed in this container yet.
2019-10-18 14:22:43,194 [EventQueue-ContainerReportForContainerReportHandler] WARN  container.ContainerReportHandler (AbstractContainerReportHandler.java:updateContainerState(145)) - Container #1 is in OPEN state, but the datanode 2d385246-963b-498d-9e2e-bc24e50fd0c7{ip: 192.168.157.233, host: pr-hdds-2325-q7txw-2705037156, networkLocation: /default-rack, certSerialId: null} reports an CLOSED replica.
2019-10-18 14:22:43,406 [EventQueue-ContainerReportForContainerReportHandler] WARN  container.ContainerReportHandler (AbstractContainerReportHandler.java:updateContainerState(145)) - Container #1 is in OPEN state, but the datanode ee386961-2337-4a8c-9c8d-dbca8671699a{ip: 192.168.157.233, host: pr-hdds-2325-q7txw-2705037156, networkLocation: /default-rack, certSerialId: null} reports an CLOSED replica.
2019-10-18 14:22:43,493 [EventQueue-ContainerReportForContainerReportHandler] WARN  container.ContainerReportHandler (AbstractContainerReportHandler.java:updateContainerState(145)) - Container #1 is in OPEN state, but the datanode 2d385246-963b-498d-9e2e-bc24e50fd0c7{ip: 192.168.157.233, host: pr-hdds-2325-q7txw-2705037156, networkLocation: /default-rack, certSerialId: null} reports an CLOSED replica.
2019-10-18 14:22:43,706 [EventQueue-ContainerReportForContainerReportHandler] WARN  container.ContainerReportHandler (AbstractContainerReportHandler.java:updateContainerState(145)) - Container #1 is in OPEN state, but the datanode ee386961-2337-4a8c-9c8d-dbca8671699a{ip: 192.168.157.233, host: pr-hdds-2325-q7txw-2705037156, networkLocation: /default-rack, certSerialId: null} reports an CLOSED replica.
2019-10-18 14:22:43,794 [EventQueue-ContainerReportForContainerReportHandler] WARN  container.ContainerReportHandler (AbstractContainerReportHandler.java:updateContainerState(145)) - Container #1 is in OPEN state, but the datanode 2d385246-963b-498d-9e2e-bc24e50fd0c7{ip: 192.168.157.233, host: pr-hdds-2325-q7txw-2705037156, networkLocation: /default-rack, certSerialId: null} reports an CLOSED replica.
2019-10-18 14:22:43,883 [java.util.concurrent.ThreadPoolExecutor$Worker@5bad3adb[State = -1, empty queue]] WARN  server.GrpcLogAppender (GrpcLogAppender.java:timeoutAppendRequest(209)) - 2d385246-963b-498d-9e2e-bc24e50fd0c7@group-8175D73357F8->a7998a79-199c-44f4-b3c2-ea75c49d687d-GrpcLogAppender: appendEntries Timeout, request=2d385246-963b-498d-9e2e-bc24e50fd0c7->a7998a79-199c-44f4-b3c2-ea75c49d687d#47-t6, previous=(t:6, i:10), leaderCommit=10, initializing? false, entries: <empty>
2019-10-18 14:22:44,020 [BlockDeletingService#2] WARN  background.BlockDeletingService (BlockDeletingService.java:isDeletionAllowed(187)) - Close Container log Index 6 is not replicated across allthe servers in the pipeline 5a21c002-5003-4cac-9183-8175d73357f8 as the min replicated index is 4. Deletion is not allowed in this container yet.
2019-10-18 14:22:44,020 [BlockDeletingService#0] WARN  background.BlockDeletingService (BlockDeletingService.java:isDeletionAllowed(187)) - Close Container log Index 6 is not replicated across allthe servers in the pipeline 5a21c002-5003-4cac-9183-8175d73357f8 as the min replicated index is 4. Deletion is not allowed in this container yet.
2019-10-18 14:22:44,095 [EventQueue-ContainerReportForContainerReportHandler] WARN  container.ContainerReportHandler (AbstractContainerReportHandler.java:updateContainerState(145)) - Container #1 is in OPEN state, but the datanode 2d385246-963b-498d-9e2e-bc24e50fd0c7{ip: 192.168.157.233, host: pr-hdds-2325-q7txw-2705037156, networkLocation: /default-rack, certSerialId: null} reports an CLOSED replica.
2019-10-18 14:22:44,106 [EventQueue-ContainerReportForContainerReportHandler] WARN  container.ContainerReportHandler (AbstractContainerReportHandler.java:updateContainerState(145)) - Container #1 is in OPEN state, but the datanode ee386961-2337-4a8c-9c8d-dbca8671699a{ip: 192.168.157.233, host: pr-hdds-2325-q7txw-2705037156, networkLocation: /default-rack, certSerialId: null} reports an CLOSED replica.
2019-10-18 14:22:44,295 [EventQueue-ContainerReportForContainerReportHandler] WARN  container.ContainerReportHandler (AbstractContainerReportHandler.java:updateContainerState(145)) - Container #1 is in OPEN state, but the datanode 2d385246-963b-498d-9e2e-bc24e50fd0c7{ip: 192.168.157.233, host: pr-hdds-2325-q7txw-2705037156, networkLocation: /default-rack, certSerialId: null} reports an CLOSED replica.
2019-10-18 14:22:44,508 [EventQueue-ContainerReportForContainerReportHandler] WARN  container.ContainerReportHandler (AbstractContainerReportHandler.java:updateContainerState(145)) - Container #1 is in OPEN state, but the datanode ee386961-2337-4a8c-9c8d-dbca8671699a{ip: 192.168.157.233, host: pr-hdds-2325-q7txw-2705037156, networkLocation: /default-rack, certSerialId: null} reports an CLOSED replica.
2019-10-18 14:22:44,596 [EventQueue-ContainerReportForContainerReportHandler] WARN  container.ContainerReportHandler (AbstractContainerReportHandler.java:updateContainerState(145)) - Container #1 is in OPEN state, but the datanode 2d385246-963b-498d-9e2e-bc24e50fd0c7{ip: 192.168.157.233, host: pr-hdds-2325-q7txw-2705037156, networkLocation: /default-rack, certSerialId: null} reports an CLOSED replica.
2019-10-18 14:22:44,797 [EventQueue-ContainerReportForContainerReportHandler] WARN  container.ContainerReportHandler (AbstractContainerReportHandler.java:updateContainerState(145)) - Container #1 is in OPEN state, but the datanode 2d385246-963b-498d-9e2e-bc24e50fd0c7{ip: 192.168.157.233, host: pr-hdds-2325-q7txw-2705037156, networkLocation: /default-rack, certSerialId: null} reports an CLOSED replica.
2019-10-18 14:22:44,807 [EventQueue-ContainerReportForContainerReportHandler] WARN  container.ContainerReportHandler (AbstractContainerReportHandler.java:updateContainerState(145)) - Container #1 is in OPEN state, but the datanode ee386961-2337-4a8c-9c8d-dbca8671699a{ip: 192.168.157.233, host: pr-hdds-2325-q7txw-2705037156, networkLocation: /default-rack, certSerialId: null} reports an CLOSED replica.
2019-10-18 14:22:45,007 [EventQueue-ContainerReportForContainerReportHandler] WARN  container.ContainerReportHandler (AbstractContainerReportHandler.java:updateContainerState(145)) - Container #1 is in OPEN state, but the datanode ee386961-2337-4a8c-9c8d-dbca8671699a{ip: 192.168.157.233, host: pr-hdds-2325-q7txw-2705037156, networkLocation: /default-rack, certSerialId: null} reports an CLOSED replica.
2019-10-18 14:22:45,022 [BlockDeletingService#0] WARN  background.BlockDeletingService (BlockDeletingService.java:isDeletionAllowed(187)) - Close Container log Index 6 is not replicated across allthe servers in the pipeline 5a21c002-5003-4cac-9183-8175d73357f8 as the min replicated index is 4. Deletion is not allowed in this container yet.
2019-10-18 14:22:45,022 [BlockDeletingService#2] WARN  background.BlockDeletingService (BlockDeletingService.java:isDeletionAllowed(187)) - Close Container log Index 6 is not replicated across allthe servers in the pipeline 5a21c002-5003-4cac-9183-8175d73357f8 as the min replicated index is 4. Deletion is not allowed in this container yet.
2019-10-18 14:22:45,098 [EventQueue-ContainerReportForContainerReportHandler] WARN  container.ContainerReportHandler (AbstractContainerReportHandler.java:updateContainerState(145)) - Container #1 is in OPEN state, but the datanode 2d385246-963b-498d-9e2e-bc24e50fd0c7{ip: 192.168.157.233, host: pr-hdds-2325-q7txw-2705037156, networkLocation: /default-rack, certSerialId: null} reports an CLOSED replica.
2019-10-18 14:22:45,207 [EventQueue-ContainerReportForContainerReportHandler] WARN  container.ContainerReportHandler (AbstractContainerReportHandler.java:updateContainerState(145)) - Container #1 is in OPEN state, but the datanode ee386961-2337-4a8c-9c8d-dbca8671699a{ip: 192.168.157.233, host: pr-hdds-2325-q7txw-2705037156, networkLocation: /default-rack, certSerialId: null} reports an CLOSED replica.
2019-10-18 14:22:45,398 [EventQueue-ContainerReportForContainerReportHandler] WARN  container.ContainerReportHandler (AbstractContainerReportHandler.java:updateContainerState(145)) - Container #1 is in OPEN state, but the datanode 2d385246-963b-498d-9e2e-bc24e50fd0c7{ip: 192.168.157.233, host: pr-hdds-2325-q7txw-2705037156, networkLocation: /default-rack, certSerialId: null} reports an CLOSED replica.
2019-10-18 14:22:45,607 [EventQueue-ContainerReportForContainerReportHandler] WARN  container.ContainerReportHandler (AbstractContainerReportHandler.java:updateContainerState(145)) - Container #1 is in OPEN state, but the datanode ee386961-2337-4a8c-9c8d-dbca8671699a{ip: 192.168.157.233, host: pr-hdds-2325-q7txw-2705037156, networkLocation: /default-rack, certSerialId: null} reports an CLOSED replica.
2019-10-18 14:22:45,698 [EventQueue-ContainerReportForContainerReportHandler] WARN  container.ContainerReportHandler (AbstractContainerReportHandler.java:updateContainerState(145)) - Container #1 is in OPEN state, but the datanode 2d385246-963b-498d-9e2e-bc24e50fd0c7{ip: 192.168.157.233, host: pr-hdds-2325-q7txw-2705037156, networkLocation: /default-rack, certSerialId: null} reports an CLOSED replica.
2019-10-18 14:22:45,907 [EventQueue-ContainerReportForContainerReportHandler] WARN  container.ContainerReportHandler (AbstractContainerReportHandler.java:updateContainerState(145)) - Container #1 is in OPEN state, but the datanode ee386961-2337-4a8c-9c8d-dbca8671699a{ip: 192.168.157.233, host: pr-hdds-2325-q7txw-2705037156, networkLocation: /default-rack, certSerialId: null} reports an CLOSED replica.
2019-10-18 14:22:46,024 [BlockDeletingService#0] WARN  background.BlockDeletingService (BlockDeletingService.java:isDeletionAllowed(187)) - Close Container log Index 6 is not replicated across allthe servers in the pipeline 5a21c002-5003-4cac-9183-8175d73357f8 as the min replicated index is 4. Deletion is not allowed in this container yet.
2019-10-18 14:22:46,024 [BlockDeletingService#2] WARN  background.BlockDeletingService (BlockDeletingService.java:isDeletionAllowed(187)) - Close Container log Index 6 is not replicated across allthe servers in the pipeline 5a21c002-5003-4cac-9183-8175d73357f8 as the min replicated index is 4. Deletion is not allowed in this container yet.
2019-10-18 14:22:46,099 [EventQueue-ContainerReportForContainerReportHandler] WARN  container.ContainerReportHandler (AbstractContainerReportHandler.java:updateContainerState(145)) - Container #1 is in OPEN state, but the datanode 2d385246-963b-498d-9e2e-bc24e50fd0c7{ip: 192.168.157.233, host: pr-hdds-2325-q7txw-2705037156, networkLocation: /default-rack, certSerialId: null} reports an CLOSED replica.
2019-10-18 14:22:46,207 [EventQueue-ContainerReportForContainerReportHandler] WARN  container.ContainerReportHandler (AbstractContainerReportHandler.java:updateContainerState(145)) - Container #1 is in OPEN state, but the datanode ee386961-2337-4a8c-9c8d-dbca8671699a{ip: 192.168.157.233, host: pr-hdds-2325-q7txw-2705037156, networkLocation: /default-rack, certSerialId: null} reports an CLOSED replica.
2019-10-18 14:22:46,386 [java.util.concurrent.ThreadPoolExecutor$Worker@5bad3adb[State = -1, empty queue]] WARN  server.GrpcLogAppender (GrpcLogAppender.java:timeoutAppendRequest(209)) - 2d385246-963b-498d-9e2e-bc24e50fd0c7@group-8175D73357F8->a7998a79-199c-44f4-b3c2-ea75c49d687d-GrpcLogAppender: appendEntries Timeout, request=2d385246-963b-498d-9e2e-bc24e50fd0c7->a7998a79-199c-44f4-b3c2-ea75c49d687d#48-t6, previous=(t:6, i:10), leaderCommit=10, initializing? false, entries: <empty>
2019-10-18 14:22:46,399 [EventQueue-ContainerReportForContainerReportHandler] WARN  container.ContainerReportHandler (AbstractContainerReportHandler.java:updateContainerState(145)) - Container #1 is in OPEN state, but the datanode 2d385246-963b-498d-9e2e-bc24e50fd0c7{ip: 192.168.157.233, host: pr-hdds-2325-q7txw-2705037156, networkLocation: /default-rack, certSerialId: null} reports an CLOSED replica.
2019-10-18 14:22:46,508 [EventQueue-ContainerReportForContainerReportHandler] WARN  container.ContainerReportHandler (AbstractContainerReportHandler.java:updateContainerState(145)) - Container #1 is in OPEN state, but the datanode ee386961-2337-4a8c-9c8d-dbca8671699a{ip: 192.168.157.233, host: pr-hdds-2325-q7txw-2705037156, networkLocation: /default-rack, certSerialId: null} reports an CLOSED replica.
2019-10-18 14:22:46,699 [EventQueue-ContainerReportForContainerReportHandler] WARN  container.ContainerReportHandler (AbstractContainerReportHandler.java:updateContainerState(145)) - Container #1 is in OPEN state, but the datanode 2d385246-963b-498d-9e2e-bc24e50fd0c7{ip: 192.168.157.233, host: pr-hdds-2325-q7txw-2705037156, networkLocation: /default-rack, certSerialId: null} reports an CLOSED replica.
2019-10-18 14:22:46,708 [EventQueue-ContainerReportForContainerReportHandler] WARN  container.ContainerReportHandler (AbstractContainerReportHandler.java:updateContainerState(145)) - Container #1 is in OPEN state, but the datanode ee386961-2337-4a8c-9c8d-dbca8671699a{ip: 192.168.157.233, host: pr-hdds-2325-q7txw-2705037156, networkLocation: /default-rack, certSerialId: null} reports an CLOSED replica.
2019-10-18 14:22:47,028 [BlockDeletingService#0] WARN  background.BlockDeletingService (BlockDeletingService.java:isDeletionAllowed(187)) - Close Container log Index 6 is not replicated across allthe servers in the pipeline 5a21c002-5003-4cac-9183-8175d73357f8 as the min replicated index is 4. Deletion is not allowed in this container yet.
2019-10-18 14:22:47,028 [BlockDeletingService#2] WARN  background.BlockDeletingService (BlockDeletingService.java:isDeletionAllowed(187)) - Close Container log Index 6 is not replicated across allthe servers in the pipeline 5a21c002-5003-4cac-9183-8175d73357f8 as the min replicated index is 4. Deletion is not allowed in this container yet.
2019-10-18 14:22:47,099 [EventQueue-ContainerReportForContainerReportHandler] WARN  container.ContainerReportHandler (AbstractContainerReportHandler.java:updateContainerState(145)) - Container #1 is in OPEN state, but the datanode 2d385246-963b-498d-9e2e-bc24e50fd0c7{ip: 192.168.157.233, host: pr-hdds-2325-q7txw-2705037156, networkLocation: /default-rack, certSerialId: null} reports an CLOSED replica.
2019-10-18 14:22:47,109 [EventQueue-ContainerReportForContainerReportHandler] WARN  container.ContainerReportHandler (AbstractContainerReportHandler.java:updateContainerState(145)) - Container #1 is in OPEN state, but the datanode ee386961-2337-4a8c-9c8d-dbca8671699a{ip: 192.168.157.233, host: pr-hdds-2325-q7txw-2705037156, networkLocation: /default-rack, certSerialId: null} reports an CLOSED replica.
2019-10-18 14:22:47,409 [EventQueue-ContainerReportForContainerReportHandler] WARN  container.ContainerReportHandler (AbstractContainerReportHandler.java:updateContainerState(145)) - Container #1 is in OPEN state, but the datanode ee386961-2337-4a8c-9c8d-dbca8671699a{ip: 192.168.157.233, host: pr-hdds-2325-q7txw-2705037156, networkLocation: /default-rack, certSerialId: null} reports an CLOSED replica.
2019-10-18 14:22:47,500 [EventQueue-ContainerReportForContainerReportHandler] WARN  container.ContainerReportHandler (AbstractContainerReportHandler.java:updateContainerState(145)) - Container #1 is in OPEN state, but the datanode 2d385246-963b-498d-9e2e-bc24e50fd0c7{ip: 192.168.157.233, host: pr-hdds-2325-q7txw-2705037156, networkLocation: /default-rack, certSerialId: null} reports an CLOSED replica.
2019-10-18 14:22:47,709 [EventQueue-ContainerReportForContainerReportHandler] WARN  container.ContainerReportHandler (AbstractContainerReportHandler.java:updateContainerState(145)) - Container #1 is in OPEN state, but the datanode ee386961-2337-4a8c-9c8d-dbca8671699a{ip: 192.168.157.233, host: pr-hdds-2325-q7txw-2705037156, networkLocation: /default-rack, certSerialId: null} reports an CLOSED replica.
2019-10-18 14:22:47,901 [EventQueue-ContainerReportForContainerReportHandler] WARN  container.ContainerReportHandler (AbstractContainerReportHandler.java:updateContainerState(145)) - Container #1 is in OPEN state, but the datanode 2d385246-963b-498d-9e2e-bc24e50fd0c7{ip: 192.168.157.233, host: pr-hdds-2325-q7txw-2705037156, networkLocation: /default-rack, certSerialId: null} reports an CLOSED replica.
2019-10-18 14:22:48,030 [BlockDeletingService#2] WARN  background.BlockDeletingService (BlockDeletingService.java:isDeletionAllowed(187)) - Close Container log Index 6 is not replicated across allthe servers in the pipeline 5a21c002-5003-4cac-9183-8175d73357f8 as the min replicated index is 4. Deletion is not allowed in this container yet.
2019-10-18 14:22:48,030 [BlockDeletingService#0] WARN  background.BlockDeletingService (BlockDeletingService.java:isDeletionAllowed(187)) - Close Container log Index 6 is not replicated across allthe servers in the pipeline 5a21c002-5003-4cac-9183-8175d73357f8 as the min replicated index is 4. Deletion is not allowed in this container yet.
2019-10-18 14:22:48,109 [EventQueue-ContainerReportForContainerReportHandler] WARN  container.ContainerReportHandler (AbstractContainerReportHandler.java:updateContainerState(145)) - Container #1 is in OPEN state, but the datanode ee386961-2337-4a8c-9c8d-dbca8671699a{ip: 192.168.157.233, host: pr-hdds-2325-q7txw-2705037156, networkLocation: /default-rack, certSerialId: null} reports an CLOSED replica.
2019-10-18 14:22:48,200 [EventQueue-ContainerReportForContainerReportHandler] WARN  container.ContainerReportHandler (AbstractContainerReportHandler.java:updateContainerState(145)) - Container #1 is in OPEN state, but the datanode 2d385246-963b-498d-9e2e-bc24e50fd0c7{ip: 192.168.157.233, host: pr-hdds-2325-q7txw-2705037156, networkLocation: /default-rack, certSerialId: null} reports an CLOSED replica.
2019-10-18 14:22:48,400 [EventQueue-ContainerReportForContainerReportHandler] WARN  container.ContainerReportHandler (AbstractContainerReportHandler.java:updateContainerState(145)) - Container #1 is in OPEN state, but the datanode 2d385246-963b-498d-9e2e-bc24e50fd0c7{ip: 192.168.157.233, host: pr-hdds-2325-q7txw-2705037156, networkLocation: /default-rack, certSerialId: null} reports an CLOSED replica.
2019-10-18 14:22:48,409 [EventQueue-ContainerReportForContainerReportHandler] WARN  container.ContainerReportHandler (AbstractContainerReportHandler.java:updateContainerState(145)) - Container #1 is in OPEN state, but the datanode ee386961-2337-4a8c-9c8d-dbca8671699a{ip: 192.168.157.233, host: pr-hdds-2325-q7txw-2705037156, networkLocation: /default-rack, certSerialId: null} reports an CLOSED replica.
2019-10-18 14:22:48,609 [EventQueue-ContainerReportForContainerReportHandler] WARN  container.ContainerReportHandler (AbstractContainerReportHandler.java:updateContainerState(145)) - Container #1 is in OPEN state, but the datanode ee386961-2337-4a8c-9c8d-dbca8671699a{ip: 192.168.157.233, host: pr-hdds-2325-q7txw-2705037156, networkLocation: /default-rack, certSerialId: null} reports an CLOSED replica.
2019-10-18 14:22:48,801 [EventQueue-ContainerReportForContainerReportHandler] WARN  container.ContainerReportHandler (AbstractContainerReportHandler.java:updateContainerState(145)) - Container #1 is in OPEN state, but the datanode 2d385246-963b-498d-9e2e-bc24e50fd0c7{ip: 192.168.157.233, host: pr-hdds-2325-q7txw-2705037156, networkLocation: /default-rack, certSerialId: null} reports an CLOSED replica.
2019-10-18 14:22:48,894 [java.util.concurrent.ThreadPoolExecutor$Worker@5bad3adb[State = -1, empty queue]] WARN  server.GrpcLogAppender (GrpcLogAppender.java:timeoutAppendRequest(209)) - 2d385246-963b-498d-9e2e-bc24e50fd0c7@group-8175D73357F8->a7998a79-199c-44f4-b3c2-ea75c49d687d-GrpcLogAppender: appendEntries Timeout, request=2d385246-963b-498d-9e2e-bc24e50fd0c7->a7998a79-199c-44f4-b3c2-ea75c49d687d#49-t6, previous=(t:6, i:10), leaderCommit=10, initializing? false, entries: <empty>
2019-10-18 14:22:48,910 [EventQueue-ContainerReportForContainerReportHandler] WARN  container.ContainerReportHandler (AbstractContainerReportHandler.java:updateContainerState(145)) - Container #1 is in OPEN state, but the datanode ee386961-2337-4a8c-9c8d-dbca8671699a{ip: 192.168.157.233, host: pr-hdds-2325-q7txw-2705037156, networkLocation: /default-rack, certSerialId: null} reports an CLOSED replica.
2019-10-18 14:22:49,034 [BlockDeletingService#2] WARN  background.BlockDeletingService (BlockDeletingService.java:isDeletionAllowed(187)) - Close Container log Index 6 is not replicated across allthe servers in the pipeline 5a21c002-5003-4cac-9183-8175d73357f8 as the min replicated index is 4. Deletion is not allowed in this container yet.
2019-10-18 14:22:49,034 [BlockDeletingService#0] WARN  background.BlockDeletingService (BlockDeletingService.java:isDeletionAllowed(187)) - Close Container log Index 6 is not replicated across allthe servers in the pipeline 5a21c002-5003-4cac-9183-8175d73357f8 as the min replicated index is 4. Deletion is not allowed in this container yet.
2019-10-18 14:22:49,101 [EventQueue-ContainerReportForContainerReportHandler] WARN  container.ContainerReportHandler (AbstractContainerReportHandler.java:updateContainerState(145)) - Container #1 is in OPEN state, but the datanode 2d385246-963b-498d-9e2e-bc24e50fd0c7{ip: 192.168.157.233, host: pr-hdds-2325-q7txw-2705037156, networkLocation: /default-rack, certSerialId: null} reports an CLOSED replica.
2019-10-18 14:22:49,111 [EventQueue-ContainerReportForContainerReportHandler] WARN  container.ContainerReportHandler (AbstractContainerReportHandler.java:updateContainerState(145)) - Container #1 is in OPEN state, but the datanode ee386961-2337-4a8c-9c8d-dbca8671699a{ip: 192.168.157.233, host: pr-hdds-2325-q7txw-2705037156, networkLocation: /default-rack, certSerialId: null} reports an CLOSED replica.
2019-10-18 14:22:49,402 [EventQueue-ContainerReportForContainerReportHandler] WARN  container.ContainerReportHandler (AbstractContainerReportHandler.java:updateContainerState(145)) - Container #1 is in OPEN state, but the datanode 2d385246-963b-498d-9e2e-bc24e50fd0c7{ip: 192.168.157.233, host: pr-hdds-2325-q7txw-2705037156, networkLocation: /default-rack, certSerialId: null} reports an CLOSED replica.
2019-10-18 14:22:49,413 [EventQueue-ContainerReportForContainerReportHandler] WARN  container.ContainerReportHandler (AbstractContainerReportHandler.java:updateContainerState(145)) - Container #1 is in OPEN state, but the datanode ee386961-2337-4a8c-9c8d-dbca8671699a{ip: 192.168.157.233, host: pr-hdds-2325-q7txw-2705037156, networkLocation: /default-rack, certSerialId: null} reports an CLOSED replica.
2019-10-18 14:22:49,603 [EventQueue-ContainerReportForContainerReportHandler] WARN  container.ContainerReportHandler (AbstractContainerReportHandler.java:updateContainerState(145)) - Container #1 is in OPEN state, but the datanode 2d385246-963b-498d-9e2e-bc24e50fd0c7{ip: 192.168.157.233, host: pr-hdds-2325-q7txw-2705037156, networkLocation: /default-rack, certSerialId: null} reports an CLOSED replica.
2019-10-18 14:22:49,713 [EventQueue-ContainerReportForContainerReportHandler] WARN  container.ContainerReportHandler (AbstractContainerReportHandler.java:updateContainerState(145)) - Container #1 is in OPEN state, but the datanode ee386961-2337-4a8c-9c8d-dbca8671699a{ip: 192.168.157.233, host: pr-hdds-2325-q7txw-2705037156, networkLocation: /default-rack, certSerialId: null} reports an CLOSED replica.
2019-10-18 14:22:49,904 [EventQueue-ContainerReportForContainerReportHandler] WARN  container.ContainerReportHandler (AbstractContainerReportHandler.java:updateContainerState(145)) - Container #1 is in OPEN state, but the datanode 2d385246-963b-498d-9e2e-bc24e50fd0c7{ip: 192.168.157.233, host: pr-hdds-2325-q7txw-2705037156, networkLocation: /default-rack, certSerialId: null} reports an CLOSED replica.
2019-10-18 14:22:50,013 [EventQueue-ContainerReportForContainerReportHandler] WARN  container.ContainerReportHandler (AbstractContainerReportHandler.java:updateContainerState(145)) - Container #1 is in OPEN state, but the datanode ee386961-2337-4a8c-9c8d-dbca8671699a{ip: 192.168.157.233, host: pr-hdds-2325-q7txw-2705037156, networkLocation: /default-rack, certSerialId: null} reports an CLOSED replica.
2019-10-18 14:22:50,036 [BlockDeletingService#0] WARN  background.BlockDeletingService (BlockDeletingService.java:isDeletionAllowed(187)) - Close Container log Index 6 is not replicated across allthe servers in the pipeline 5a21c002-5003-4cac-9183-8175d73357f8 as the min replicated index is 4. Deletion is not allowed in this container yet.
2019-10-18 14:22:50,036 [BlockDeletingService#2] WARN  background.BlockDeletingService (BlockDeletingService.java:isDeletionAllowed(187)) - Close Container log Index 6 is not replicated across allthe servers in the pipeline 5a21c002-5003-4cac-9183-8175d73357f8 as the min replicated index is 4. Deletion is not allowed in this container yet.
2019-10-18 14:22:50,303 [EventQueue-ContainerReportForContainerReportHandler] WARN  container.ContainerReportHandler (AbstractContainerReportHandler.java:updateContainerState(145)) - Container #1 is in OPEN state, but the datanode 2d385246-963b-498d-9e2e-bc24e50fd0c7{ip: 192.168.157.233, host: pr-hdds-2325-q7txw-2705037156, networkLocation: /default-rack, certSerialId: null} reports an CLOSED replica.
2019-10-18 14:22:50,313 [EventQueue-ContainerReportForContainerReportHandler] WARN  container.ContainerReportHandler (AbstractContainerReportHandler.java:updateContainerState(145)) - Container #1 is in OPEN state, but the datanode ee386961-2337-4a8c-9c8d-dbca8671699a{ip: 192.168.157.233, host: pr-hdds-2325-q7txw-2705037156, networkLocation: /default-rack, certSerialId: null} reports an CLOSED replica.
2019-10-18 14:22:50,506 [EventQueue-StaleNodeForStaleNodeHandler] INFO  node.StaleNodeHandler (StaleNodeHandler.java:onMessage(58)) - Datanode a7998a79-199c-44f4-b3c2-ea75c49d687d{ip: 192.168.157.233, host: pr-hdds-2325-q7txw-2705037156, networkLocation: /default-rack, certSerialId: null} moved to stale state. Finalizing its pipelines [PipelineID=5a21c002-5003-4cac-9183-8175d73357f8, PipelineID=55a8a2bf-3239-48d8-a32c-28bb12465c01]
2019-10-18 14:22:50,507 [EventQueue-StaleNodeForStaleNodeHandler] INFO  pipeline.SCMPipelineManager (SCMPipelineManager.java:finalizeAndDestroyPipeline(315)) - destroying pipeline:Pipeline[ Id: 5a21c002-5003-4cac-9183-8175d73357f8, Nodes: 2d385246-963b-498d-9e2e-bc24e50fd0c7{ip: 192.168.157.233, host: pr-hdds-2325-q7txw-2705037156, networkLocation: /default-rack, certSerialId: null}ee386961-2337-4a8c-9c8d-dbca8671699a{ip: 192.168.157.233, host: pr-hdds-2325-q7txw-2705037156, networkLocation: /default-rack, certSerialId: null}a7998a79-199c-44f4-b3c2-ea75c49d687d{ip: 192.168.157.233, host: pr-hdds-2325-q7txw-2705037156, networkLocation: /default-rack, certSerialId: null}, Type:RATIS, Factor:THREE, State:OPEN]
2019-10-18 14:22:50,509 [EventQueue-StaleNodeForStaleNodeHandler] INFO  pipeline.PipelineStateManager (PipelineStateManager.java:finalizePipeline(123)) - Pipeline Pipeline[ Id: 5a21c002-5003-4cac-9183-8175d73357f8, Nodes: 2d385246-963b-498d-9e2e-bc24e50fd0c7{ip: 192.168.157.233, host: pr-hdds-2325-q7txw-2705037156, networkLocation: /default-rack, certSerialId: null}ee386961-2337-4a8c-9c8d-dbca8671699a{ip: 192.168.157.233, host: pr-hdds-2325-q7txw-2705037156, networkLocation: /default-rack, certSerialId: null}a7998a79-199c-44f4-b3c2-ea75c49d687d{ip: 192.168.157.233, host: pr-hdds-2325-q7txw-2705037156, networkLocation: /default-rack, certSerialId: null}, Type:RATIS, Factor:THREE, State:CLOSED] moved to CLOSED state
2019-10-18 14:22:50,510 [EventQueue-CloseContainerForCloseContainerEventHandler] INFO  container.CloseContainerEventHandler (CloseContainerEventHandler.java:onMessage(61)) - Close container Event triggered for container : #1
2019-10-18 14:22:50,513 [EventQueue-StaleNodeForStaleNodeHandler] INFO  pipeline.SCMPipelineManager (SCMPipelineManager.java:finalizeAndDestroyPipeline(315)) - destroying pipeline:Pipeline[ Id: 55a8a2bf-3239-48d8-a32c-28bb12465c01, Nodes: a7998a79-199c-44f4-b3c2-ea75c49d687d{ip: 192.168.157.233, host: pr-hdds-2325-q7txw-2705037156, networkLocation: /default-rack, certSerialId: null}, Type:RATIS, Factor:ONE, State:OPEN]
2019-10-18 14:22:50,514 [EventQueue-StaleNodeForStaleNodeHandler] INFO  pipeline.PipelineStateManager (PipelineStateManager.java:finalizePipeline(123)) - Pipeline Pipeline[ Id: 55a8a2bf-3239-48d8-a32c-28bb12465c01, Nodes: a7998a79-199c-44f4-b3c2-ea75c49d687d{ip: 192.168.157.233, host: pr-hdds-2325-q7txw-2705037156, networkLocation: /default-rack, certSerialId: null}, Type:RATIS, Factor:ONE, State:CLOSED] moved to CLOSED state
2019-10-18 14:22:50,584 [Thread-558] INFO  client.GrpcClientProtocolService (GrpcClientProtocolService.java:lambda$processClientRequest$0(278)) - Failed RaftClientRequest:client-49F5F9D51947->2d385246-963b-498d-9e2e-bc24e50fd0c7@group-8175D73357F8, cid=10, seq=0, Watch-ALL_COMMITTED(6), Message:<EMPTY>, reply=RaftClientReply:client-49F5F9D51947->2d385246-963b-498d-9e2e-bc24e50fd0c7@group-8175D73357F8, cid=10, FAILED org.apache.ratis.protocol.NotReplicatedException: Request with call Id 10 and log index 6 is not yet replicated to ALL_COMMITTED, logIndex=6, commits[2d385246-963b-498d-9e2e-bc24e50fd0c7:c10, a7998a79-199c-44f4-b3c2-ea75c49d687d:c4, ee386961-2337-4a8c-9c8d-dbca8671699a:c10]
2019-10-18 14:22:50,604 [EventQueue-ContainerReportForContainerReportHandler] INFO  container.ContainerReportHandler (AbstractContainerReportHandler.java:updateContainerState(178)) - Moving container #1 to CLOSED state, datanode 2d385246-963b-498d-9e2e-bc24e50fd0c7{ip: 192.168.157.233, host: pr-hdds-2325-q7txw-2705037156, networkLocation: /default-rack, certSerialId: null} reported CLOSED replica.
2019-10-18 14:22:51,037 [BlockDeletingService#2] WARN  background.BlockDeletingService (BlockDeletingService.java:isDeletionAllowed(187)) - Close Container log Index 6 is not replicated across allthe servers in the pipeline 5a21c002-5003-4cac-9183-8175d73357f8 as the min replicated index is 4. Deletion is not allowed in this container yet.
2019-10-18 14:22:51,039 [BlockDeletingService#0] WARN  background.BlockDeletingService (BlockDeletingService.java:isDeletionAllowed(187)) - Close Container log Index 6 is not replicated across allthe servers in the pipeline 5a21c002-5003-4cac-9183-8175d73357f8 as the min replicated index is 4. Deletion is not allowed in this container yet.
2019-10-18 14:22:51,395 [java.util.concurrent.ThreadPoolExecutor$Worker@5bad3adb[State = -1, empty queue]] WARN  server.GrpcLogAppender (GrpcLogAppender.java:timeoutAppendRequest(209)) - 2d385246-963b-498d-9e2e-bc24e50fd0c7@group-8175D73357F8->a7998a79-199c-44f4-b3c2-ea75c49d687d-GrpcLogAppender: appendEntries Timeout, request=2d385246-963b-498d-9e2e-bc24e50fd0c7->a7998a79-199c-44f4-b3c2-ea75c49d687d#50-t6, previous=(t:6, i:10), leaderCommit=10, initializing? false, entries: <empty>
2019-10-18 14:22:51,400 [SCMBlockDeletingService#1] INFO  block.SCMBlockDeletingService (SCMBlockDeletingService.java:call(184)) - Totally added 3 delete blocks command for 3 datanodes, task elapsed time: 6ms
2019-10-18 14:22:51,406 [EventQueue-PendingDeleteStatusForPendingDeleteHandler] INFO  block.SCMBlockDeletingService (SCMBlockDeletingService.java:handlePendingDeletes(115)) - Block deletion txnID mismatch in datanode 2d385246-963b-498d-9e2e-bc24e50fd0c7 for containerID 1. Datanode delete txnID: 0, SCM txnID: 1
2019-10-18 14:22:51,613 [EventQueue-PendingDeleteStatusForPendingDeleteHandler] INFO  block.SCMBlockDeletingService (SCMBlockDeletingService.java:handlePendingDeletes(115)) - Block deletion txnID mismatch in datanode ee386961-2337-4a8c-9c8d-dbca8671699a for containerID 1. Datanode delete txnID: 0, SCM txnID: 1
2019-10-18 14:22:51,706 [EventQueue-PendingDeleteStatusForPendingDeleteHandler] INFO  block.SCMBlockDeletingService (SCMBlockDeletingService.java:handlePendingDeletes(115)) - Block deletion txnID mismatch in datanode 2d385246-963b-498d-9e2e-bc24e50fd0c7 for containerID 1. Datanode delete txnID: 0, SCM txnID: 1
2019-10-18 14:22:51,906 [EventQueue-PendingDeleteStatusForPendingDeleteHandler] INFO  block.SCMBlockDeletingService (SCMBlockDeletingService.java:handlePendingDeletes(115)) - Block deletion txnID mismatch in datanode 2d385246-963b-498d-9e2e-bc24e50fd0c7 for containerID 1. Datanode delete txnID: 0, SCM txnID: 1
2019-10-18 14:22:52,013 [EventQueue-PendingDeleteStatusForPendingDeleteHandler] INFO  block.SCMBlockDeletingService (SCMBlockDeletingService.java:handlePendingDeletes(115)) - Block deletion txnID mismatch in datanode ee386961-2337-4a8c-9c8d-dbca8671699a for containerID 1. Datanode delete txnID: 0, SCM txnID: 1
2019-10-18 14:22:52,014 [Command processor thread] INFO  commandhandler.DeleteBlocksCommandHandler (DeleteBlocksCommandHandler.java:handle(106)) - Start to delete container blocks, TXIDs=[1(0)], numOfContainers=1, numOfBlocks=1
2019-10-18 14:22:52,041 [BlockDeletingService#2] WARN  background.BlockDeletingService (BlockDeletingService.java:isDeletionAllowed(187)) - Close Container log Index 6 is not replicated across allthe servers in the pipeline 5a21c002-5003-4cac-9183-8175d73357f8 as the min replicated index is 4. Deletion is not allowed in this container yet.
2019-10-18 14:22:52,041 [BlockDeletingService#0] WARN  background.BlockDeletingService (BlockDeletingService.java:isDeletionAllowed(187)) - Close Container log Index 6 is not replicated across allthe servers in the pipeline 5a21c002-5003-4cac-9183-8175d73357f8 as the min replicated index is 4. Deletion is not allowed in this container yet.
2019-10-18 14:22:52,206 [EventQueue-PendingDeleteStatusForPendingDeleteHandler] INFO  block.SCMBlockDeletingService (SCMBlockDeletingService.java:handlePendingDeletes(115)) - Block deletion txnID mismatch in datanode 2d385246-963b-498d-9e2e-bc24e50fd0c7 for containerID 1. Datanode delete txnID: 0, SCM txnID: 1
2019-10-18 14:22:52,304 [Command processor thread] INFO  commandhandler.DeleteBlocksCommandHandler (DeleteBlocksCommandHandler.java:handle(106)) - Start to delete container blocks, TXIDs=[1(0)], numOfContainers=1, numOfBlocks=1
2019-10-18 14:22:52,401 [SCMBlockDeletingService#1] INFO  block.SCMBlockDeletingService (SCMBlockDeletingService.java:call(184)) - Totally added 2 delete blocks command for 2 datanodes, task elapsed time: 1ms
2019-10-18 14:22:52,402 [pool-7-thread-2] INFO  commands.RetriableDatanodeEventWatcher (RetriableDatanodeEventWatcher.java:onTimeout(47)) - RetriableDatanodeCommand type=deleteBlocksCommand with id=1571408571401 timed out. Retrying.
2019-10-18 14:22:52,402 [pool-7-thread-1] INFO  commands.RetriableDatanodeEventWatcher (RetriableDatanodeEventWatcher.java:onTimeout(47)) - RetriableDatanodeCommand type=deleteBlocksCommand with id=1571408571399 timed out. Retrying.
2019-10-18 14:22:52,466 [main] INFO  impl.MetricsSystemImpl (MetricsSystemImpl.java:init(158)) - HddsDatanode metrics system started (again)
2019-10-18 14:22:52,515 [main] INFO  ozone.HddsDatanodeService (HddsDatanodeService.java:start(184)) - HddsDatanodeService host:pr-hdds-2325-q7txw-2705037156 ip:192.168.157.233
2019-10-18 14:22:52,519 [main] INFO  volume.VolumeUsage (VolumeUsage.java:loadScmUsed(144)) - Cached ScmUsed found for /workdir/hadoop-ozone/integration-test/target/test-dir/MiniOzoneClusterImpl-b1cd5a49-dfd5-4407-b99d-3d51da0a788c/datanode-1/data/containers : 4096 
2019-10-18 14:22:52,520 [main] INFO  volume.HddsVolume (HddsVolume.java:<init>(176)) - Creating Volume: /workdir/hadoop-ozone/integration-test/target/test-dir/MiniOzoneClusterImpl-b1cd5a49-dfd5-4407-b99d-3d51da0a788c/datanode-1/data/containers/hdds of  storage type : DISK and capacity : 1482555576320
2019-10-18 14:22:52,520 [main] INFO  volume.VolumeSet (VolumeSet.java:initializeVolumeSet(170)) - Added Volume : /workdir/hadoop-ozone/integration-test/target/test-dir/MiniOzoneClusterImpl-b1cd5a49-dfd5-4407-b99d-3d51da0a788c/datanode-1/data/containers/hdds to VolumeSet
2019-10-18 14:22:52,520 [main] INFO  volume.ThrottledAsyncChecker (ThrottledAsyncChecker.java:schedule(141)) - Scheduling a check for /workdir/hadoop-ozone/integration-test/target/test-dir/MiniOzoneClusterImpl-b1cd5a49-dfd5-4407-b99d-3d51da0a788c/datanode-1/data/containers/hdds
2019-10-18 14:22:52,521 [main] INFO  volume.HddsVolumeChecker (HddsVolumeChecker.java:checkAllVolumes(204)) - Scheduled health check for volume /workdir/hadoop-ozone/integration-test/target/test-dir/MiniOzoneClusterImpl-b1cd5a49-dfd5-4407-b99d-3d51da0a788c/datanode-1/data/containers/hdds
2019-10-18 14:22:52,572 [main] INFO  impl.RaftServerProxy (ConfUtils.java:logGet(43)) - raft.rpc.type = GRPC (default)
2019-10-18 14:22:52,573 [main] INFO  grpc.GrpcFactory (GrpcFactory.java:checkPooledByteBufAllocatorUseCacheForAllThreads(45)) - PERFORMANCE WARNING: useCacheForAllThreads is true that may cause Netty to create a lot garbage objects and, as a result, trigger GC.
	It is recommended to disable useCacheForAllThreads by setting -Dorg.apache.ratis.thirdparty.io.netty.allocator.useCacheForAllThreads=false in command line.
2019-10-18 14:22:52,573 [main] INFO  grpc.GrpcConfigKeys$Server (ConfUtils.java:logGet(43)) - raft.grpc.server.port = 46825 (custom)
2019-10-18 14:22:52,573 [main] INFO  server.GrpcService (ConfUtils.java:logGet(43)) - raft.grpc.message.size.max = 33570816 (custom)
2019-10-18 14:22:52,574 [main] INFO  server.RaftServerConfigKeys (ConfUtils.java:logGet(43)) - raft.server.log.appender.buffer.byte-limit = 33554432 (custom)
2019-10-18 14:22:52,574 [main] INFO  server.GrpcService (ConfUtils.java:logGet(43)) - raft.grpc.flow.control.window = 1MB (=1048576) (default)
2019-10-18 14:22:52,574 [main] INFO  server.RaftServerConfigKeys (ConfUtils.java:logGet(43)) - raft.server.rpc.request.timeout = 3000ms (default)
2019-10-18 14:22:52,575 [main] INFO  server.RaftServerConfigKeys (ConfUtils.java:logGet(43)) - raft.server.storage.dir = [/workdir/hadoop-ozone/integration-test/target/test-dir/MiniOzoneClusterImpl-b1cd5a49-dfd5-4407-b99d-3d51da0a788c/datanode-1/data/ratis] (custom)
2019-10-18 14:22:52,576 [main] INFO  impl.RaftServerProxy (RaftServerProxy.java:lambda$null$0(191)) - a7998a79-199c-44f4-b3c2-ea75c49d687d: found a subdirectory /workdir/hadoop-ozone/integration-test/target/test-dir/MiniOzoneClusterImpl-b1cd5a49-dfd5-4407-b99d-3d51da0a788c/datanode-1/data/ratis/55a8a2bf-3239-48d8-a32c-28bb12465c01
2019-10-18 14:22:52,577 [main] INFO  impl.RaftServerProxy (RaftServerProxy.java:addNew(89)) - a7998a79-199c-44f4-b3c2-ea75c49d687d: addNew group-28BB12465C01:[] returns group-28BB12465C01:java.util.concurrent.CompletableFuture@78a515e4[Not completed]
2019-10-18 14:22:52,577 [main] INFO  impl.RaftServerProxy (RaftServerProxy.java:lambda$null$0(191)) - a7998a79-199c-44f4-b3c2-ea75c49d687d: found a subdirectory /workdir/hadoop-ozone/integration-test/target/test-dir/MiniOzoneClusterImpl-b1cd5a49-dfd5-4407-b99d-3d51da0a788c/datanode-1/data/ratis/5a21c002-5003-4cac-9183-8175d73357f8
2019-10-18 14:22:52,578 [main] INFO  impl.RaftServerProxy (RaftServerProxy.java:addNew(89)) - a7998a79-199c-44f4-b3c2-ea75c49d687d: addNew group-8175D73357F8:[] returns group-8175D73357F8:java.util.concurrent.CompletableFuture@d2291de[Not completed]
2019-10-18 14:22:52,581 [main] INFO  hdfs.DFSUtil (DFSUtil.java:httpServerTemplateForNNAndJN(1641)) - Starting Web-server for hddsDatanode at: http://0.0.0.0:34901
2019-10-18 14:22:52,581 [pool-59-thread-1] INFO  impl.RaftServerImpl (RaftServerImpl.java:<init>(104)) - a7998a79-199c-44f4-b3c2-ea75c49d687d: new RaftServerImpl for group-28BB12465C01:[] with ContainerStateMachine:uninitialized
2019-10-18 14:22:52,585 [pool-59-thread-1] INFO  server.RaftServerConfigKeys (ConfUtils.java:logGet(43)) - raft.server.rpc.timeout.min = 5s (custom)
2019-10-18 14:22:52,585 [pool-59-thread-1] INFO  server.RaftServerConfigKeys (ConfUtils.java:logGet(43)) - raft.server.rpc.timeout.max = 5200ms (custom)
2019-10-18 14:22:52,585 [pool-59-thread-1] INFO  server.RaftServerConfigKeys (ConfUtils.java:logGet(43)) - raft.server.rpcslowness.timeout = 1000s (custom)
2019-10-18 14:22:52,585 [pool-59-thread-1] INFO  server.RaftServerConfigKeys (ConfUtils.java:logGet(43)) - raft.server.sleep.deviation.threshold = 300 (default)
2019-10-18 14:22:52,586 [pool-59-thread-1] INFO  server.RaftServerConfigKeys (ConfUtils.java:logGet(43)) - raft.server.log.appender.install.snapshot.enabled = false (custom)
2019-10-18 14:22:52,586 [pool-59-thread-1] INFO  impl.RaftServerImpl (ServerState.java:<init>(103)) - a7998a79-199c-44f4-b3c2-ea75c49d687d@group-28BB12465C01: ConfigurationManager, init=-1: [], old=null, confs=<EMPTY_MAP>
2019-10-18 14:22:52,586 [pool-59-thread-1] INFO  server.RaftServerConfigKeys (ConfUtils.java:logGet(43)) - raft.server.storage.dir = [/workdir/hadoop-ozone/integration-test/target/test-dir/MiniOzoneClusterImpl-b1cd5a49-dfd5-4407-b99d-3d51da0a788c/datanode-1/data/ratis] (custom)
2019-10-18 14:22:52,586 [pool-59-thread-1] INFO  server.RaftServerConfigKeys (ConfUtils.java:logGet(43)) - raft.server.log.corruption.policy = EXCEPTION (default)
2019-10-18 14:22:52,587 [main] INFO  server.AuthenticationFilter (AuthenticationFilter.java:constructSecretProvider(240)) - Unable to initialize FileSignerSecretProvider, falling back to use random secrets.
2019-10-18 14:22:52,588 [main] WARN  http.HttpRequestLog (HttpRequestLog.java:getRequestLog(97)) - Jetty request log can only be enabled using Log4j
2019-10-18 14:22:52,591 [main] INFO  http.HttpServer2 (HttpServer2.java:addGlobalFilter(975)) - Added global filter 'safety' (class=org.apache.hadoop.http.HttpServer2$QuotingInputFilter)
2019-10-18 14:22:52,592 [main] INFO  http.HttpServer2 (HttpServer2.java:addFilter(948)) - Added filter static_user_filter (class=org.apache.hadoop.http.lib.StaticUserWebFilter$StaticUserFilter) to context hddsDatanode
2019-10-18 14:22:52,592 [main] INFO  http.HttpServer2 (HttpServer2.java:addFilter(958)) - Added filter static_user_filter (class=org.apache.hadoop.http.lib.StaticUserWebFilter$StaticUserFilter) to context logs
2019-10-18 14:22:52,592 [main] INFO  http.HttpServer2 (HttpServer2.java:addFilter(958)) - Added filter static_user_filter (class=org.apache.hadoop.http.lib.StaticUserWebFilter$StaticUserFilter) to context static
2019-10-18 14:22:52,593 [main] INFO  http.HttpServer2 (HttpServer2.java:bindListener(1191)) - Jetty bound to port 34901
2019-10-18 14:22:52,594 [main] INFO  server.Server (Server.java:doStart(351)) - jetty-9.3.25.v20180904, build timestamp: 2018-09-04T21:11:46Z, git hash: 3ce520221d0240229c862b122d2b06c12a625732
2019-10-18 14:22:52,597 [main] INFO  handler.ContextHandler (ContextHandler.java:doStart(781)) - Started o.e.j.s.ServletContextHandler@44fff386{/logs,file:///workdir/hadoop-ozone/integration-test/target/log,AVAILABLE}
2019-10-18 14:22:52,597 [main] INFO  handler.ContextHandler (ContextHandler.java:doStart(781)) - Started o.e.j.s.ServletContextHandler@7301eebe{/static,jar:file:/home/user/.m2/repository/org/apache/hadoop/hadoop-hdds-container-service/0.5.0-SNAPSHOT/hadoop-hdds-container-service-0.5.0-SNAPSHOT.jar!/webapps/static,AVAILABLE}
2019-10-18 14:22:52,612 [pool-59-thread-1] INFO  storage.RaftStorageDirectory (RaftStorageDirectory.java:tryLock(328)) - Lock on /workdir/hadoop-ozone/integration-test/target/test-dir/MiniOzoneClusterImpl-b1cd5a49-dfd5-4407-b99d-3d51da0a788c/datanode-1/data/ratis/55a8a2bf-3239-48d8-a32c-28bb12465c01/in_use.lock acquired by nodename 17776@pr-hdds-2325-q7txw-2705037156
2019-10-18 14:22:52,614 [pool-59-thread-1] INFO  ratis.ContainerStateMachine (ContainerStateMachine.java:loadSnapshot(231)) - group-28BB12465C01: The snapshot info is null. Setting the last applied indexto:(t:0, i:~)
2019-10-18 14:22:52,614 [pool-59-thread-1] INFO  server.RaftServerConfigKeys (ConfUtils.java:logGet(43)) - raft.server.notification.no-leader.timeout = 1000s (custom)
2019-10-18 14:22:52,614 [pool-59-thread-1] INFO  server.RaftServerConfigKeys (ConfUtils.java:logGet(43)) - raft.server.log.use.memory = false (default)
2019-10-18 14:22:52,614 [pool-59-thread-1] INFO  server.RaftServerConfigKeys (ConfUtils.java:logGet(43)) - raft.server.log.purge.gap = 1000000 (custom)
2019-10-18 14:22:52,615 [pool-59-thread-1] INFO  server.RaftServerConfigKeys (ConfUtils.java:logGet(43)) - raft.server.log.appender.buffer.byte-limit = 33554432 (custom)
2019-10-18 14:22:52,615 [pool-59-thread-1] INFO  server.RaftServerConfigKeys (ConfUtils.java:logGet(43)) - raft.server.log.segment.size.max = 1048576 (custom)
2019-10-18 14:22:52,615 [pool-59-thread-1] INFO  server.RaftServerConfigKeys (ConfUtils.java:logGet(43)) - raft.server.log.segment.cache.num.max = 2 (custom)
2019-10-18 14:22:52,615 [pool-59-thread-1] INFO  segmented.SegmentedRaftLogWorker (SegmentedRaftLogWorker.java:<init>(173)) - new a7998a79-199c-44f4-b3c2-ea75c49d687d@group-28BB12465C01-SegmentedRaftLogWorker for RaftStorage:Storage Directory /workdir/hadoop-ozone/integration-test/target/test-dir/MiniOzoneClusterImpl-b1cd5a49-dfd5-4407-b99d-3d51da0a788c/datanode-1/data/ratis/55a8a2bf-3239-48d8-a32c-28bb12465c01
2019-10-18 14:22:52,615 [pool-59-thread-1] INFO  server.RaftServerConfigKeys (ConfUtils.java:logGet(43)) - raft.server.log.queue.byte-limit = 2147483647 (custom)
2019-10-18 14:22:52,615 [pool-59-thread-1] INFO  server.RaftServerConfigKeys (ConfUtils.java:logGet(43)) - raft.server.log.queue.element-limit = 1024 (custom)
2019-10-18 14:22:52,616 [pool-59-thread-1] INFO  server.RaftServerConfigKeys (ConfUtils.java:logGet(43)) - raft.server.log.segment.size.max = 1048576 (custom)
2019-10-18 14:22:52,616 [pool-59-thread-1] INFO  server.RaftServerConfigKeys (ConfUtils.java:logGet(43)) - raft.server.log.preallocated.size = 16384 (custom)
2019-10-18 14:22:52,616 [pool-59-thread-1] INFO  server.RaftServerConfigKeys (ConfUtils.java:logGet(43)) - raft.server.log.write.buffer.size = 33554432 (custom)
2019-10-18 14:22:52,616 [pool-59-thread-1] INFO  server.RaftServerConfigKeys (ConfUtils.java:logGet(43)) - raft.server.log.force.sync.num = 128 (default)
2019-10-18 14:22:52,616 [pool-59-thread-1] INFO  server.RaftServerConfigKeys (ConfUtils.java:logGet(43)) - raft.server.log.statemachine.data.sync = true (default)
2019-10-18 14:22:52,616 [pool-59-thread-1] INFO  server.RaftServerConfigKeys (ConfUtils.java:logGet(43)) - raft.server.log.statemachine.data.sync.timeout = 10s (default)
2019-10-18 14:22:52,616 [pool-59-thread-1] INFO  server.RaftServerConfigKeys (ConfUtils.java:logGet(43)) - raft.server.log.statemachine.data.sync.timeout.retry = -1 (default)
2019-10-18 14:22:52,617 [pool-59-thread-1] INFO  server.RaftServerConfigKeys (ConfUtils.java:logGet(43)) - raft.server.log.statemachine.data.caching.enabled = true (custom)
2019-10-18 14:22:52,625 [pool-59-thread-1] INFO  impl.RaftServerImpl (ServerState.java:setRaftConf(357)) - a7998a79-199c-44f4-b3c2-ea75c49d687d@group-28BB12465C01: set configuration 0: [a7998a79-199c-44f4-b3c2-ea75c49d687d:192.168.157.233:46825], old=null at 0
2019-10-18 14:22:52,626 [pool-59-thread-1] INFO  segmented.LogSegment (LogSegment.java:loadSegment(140)) - Successfully read 1 entries from segment file /workdir/hadoop-ozone/integration-test/target/test-dir/MiniOzoneClusterImpl-b1cd5a49-dfd5-4407-b99d-3d51da0a788c/datanode-1/data/ratis/55a8a2bf-3239-48d8-a32c-28bb12465c01/current/log_inprogress_0
2019-10-18 14:22:52,626 [pool-59-thread-1] INFO  segmented.SegmentedRaftLogWorker (SegmentedRaftLogWorker.java:lambda$new$0(128)) - a7998a79-199c-44f4-b3c2-ea75c49d687d@group-28BB12465C01-SegmentedRaftLogWorker: flushIndex: setUnconditionally 0 -> 0
2019-10-18 14:22:52,641 [main] INFO  handler.ContextHandler (ContextHandler.java:doStart(781)) - Started o.e.j.w.WebAppContext@290e8cab{/,file:///tmp/jetty-0.0.0.0-34901-hddsDatanode-_-any-6585230744911739275.dir/webapp/,AVAILABLE}{/hddsDatanode}
2019-10-18 14:22:52,641 [main] INFO  server.AbstractConnector (AbstractConnector.java:doStart(278)) - Started ServerConnector@6e3ecf5c{HTTP/1.1,[http/1.1]}{0.0.0.0:34901}
2019-10-18 14:22:52,658 [main] INFO  server.Server (Server.java:doStart(419)) - Started @114159ms
2019-10-18 14:22:52,658 [pool-59-thread-1] INFO  server.RaftServerConfigKeys (ConfUtils.java:logGet(43)) - raft.server.snapshot.auto.trigger.enabled = true (custom)
2019-10-18 14:22:52,658 [main] WARN  impl.MetricsSystemImpl (MetricsSystemImpl.java:register(276)) - Sink prometheus already exists!
2019-10-18 14:22:52,658 [pool-59-thread-1] INFO  server.RaftServerConfigKeys (ConfUtils.java:logGet(43)) - raft.server.snapshot.auto.trigger.threshold = 10000 (custom)
2019-10-18 14:22:52,658 [pool-59-thread-1] INFO  server.RaftServerConfigKeys (ConfUtils.java:logGet(43)) - raft.server.snapshot.retention.file.num = 5 (custom)
2019-10-18 14:22:52,658 [pool-59-thread-1] INFO  server.RaftServerConfigKeys (ConfUtils.java:logGet(43)) - raft.server.retrycache.expirytime = 600000ms (custom)
2019-10-18 14:22:52,659 [main] INFO  server.BaseHttpServer (BaseHttpServer.java:updateConnectorAddress(215)) - HTTP server of HDDSDATANODE is listening at http://0.0.0.0:34901
2019-10-18 14:22:52,746 [pool-59-thread-1] INFO  impl.RaftServerImpl (RaftServerImpl.java:<init>(104)) - a7998a79-199c-44f4-b3c2-ea75c49d687d: new RaftServerImpl for group-8175D73357F8:[] with ContainerStateMachine:uninitialized
2019-10-18 14:22:52,746 [pool-59-thread-1] INFO  server.RaftServerConfigKeys (ConfUtils.java:logGet(43)) - raft.server.rpc.timeout.min = 5s (custom)
2019-10-18 14:22:52,746 [pool-59-thread-1] INFO  server.RaftServerConfigKeys (ConfUtils.java:logGet(43)) - raft.server.rpc.timeout.max = 5200ms (custom)
2019-10-18 14:22:52,746 [pool-59-thread-1] INFO  server.RaftServerConfigKeys (ConfUtils.java:logGet(43)) - raft.server.rpcslowness.timeout = 1000s (custom)
2019-10-18 14:22:52,746 [pool-59-thread-1] INFO  server.RaftServerConfigKeys (ConfUtils.java:logGet(43)) - raft.server.sleep.deviation.threshold = 300 (default)
2019-10-18 14:22:52,752 [pool-59-thread-1] INFO  server.RaftServerConfigKeys (ConfUtils.java:logGet(43)) - raft.server.log.appender.install.snapshot.enabled = false (custom)
2019-10-18 14:22:52,752 [pool-59-thread-1] INFO  impl.RaftServerImpl (ServerState.java:<init>(103)) - a7998a79-199c-44f4-b3c2-ea75c49d687d@group-8175D73357F8: ConfigurationManager, init=-1: [], old=null, confs=<EMPTY_MAP>
2019-10-18 14:22:52,753 [pool-59-thread-1] INFO  server.RaftServerConfigKeys (ConfUtils.java:logGet(43)) - raft.server.storage.dir = [/workdir/hadoop-ozone/integration-test/target/test-dir/MiniOzoneClusterImpl-b1cd5a49-dfd5-4407-b99d-3d51da0a788c/datanode-1/data/ratis] (custom)
2019-10-18 14:22:52,753 [pool-59-thread-1] INFO  server.RaftServerConfigKeys (ConfUtils.java:logGet(43)) - raft.server.log.corruption.policy = EXCEPTION (default)
2019-10-18 14:22:52,757 [org.apache.hadoop.util.JvmPauseMonitor$Monitor@2d9a395d] INFO  util.JvmPauseMonitor (JvmPauseMonitor.java:run(188)) - Starting JVM pause monitor
2019-10-18 14:22:52,769 [pool-59-thread-1] INFO  storage.RaftStorageDirectory (RaftStorageDirectory.java:tryLock(328)) - Lock on /workdir/hadoop-ozone/integration-test/target/test-dir/MiniOzoneClusterImpl-b1cd5a49-dfd5-4407-b99d-3d51da0a788c/datanode-1/data/ratis/5a21c002-5003-4cac-9183-8175d73357f8/in_use.lock acquired by nodename 17776@pr-hdds-2325-q7txw-2705037156
2019-10-18 14:22:52,772 [pool-59-thread-1] INFO  ratis.ContainerStateMachine (ContainerStateMachine.java:loadSnapshot(240)) - group-8175D73357F8: Setting the last applied index to (t:6, i:3)
2019-10-18 14:22:52,777 [pool-59-thread-1] INFO  impl.RaftServerImpl (ServerState.java:setRaftConf(357)) - a7998a79-199c-44f4-b3c2-ea75c49d687d@group-8175D73357F8: set configuration 0: [a7998a79-199c-44f4-b3c2-ea75c49d687d:192.168.157.233:46825, 2d385246-963b-498d-9e2e-bc24e50fd0c7:192.168.157.233:40769, ee386961-2337-4a8c-9c8d-dbca8671699a:192.168.157.233:35014], old=null at 0
2019-10-18 14:22:52,777 [pool-59-thread-1] INFO  server.RaftServerConfigKeys (ConfUtils.java:logGet(43)) - raft.server.notification.no-leader.timeout = 1000s (custom)
2019-10-18 14:22:52,777 [pool-59-thread-1] INFO  server.RaftServerConfigKeys (ConfUtils.java:logGet(43)) - raft.server.log.use.memory = false (default)
2019-10-18 14:22:52,777 [pool-59-thread-1] INFO  server.RaftServerConfigKeys (ConfUtils.java:logGet(43)) - raft.server.log.purge.gap = 1000000 (custom)
2019-10-18 14:22:52,778 [pool-59-thread-1] INFO  server.RaftServerConfigKeys (ConfUtils.java:logGet(43)) - raft.server.log.appender.buffer.byte-limit = 33554432 (custom)
2019-10-18 14:22:52,778 [pool-59-thread-1] INFO  server.RaftServerConfigKeys (ConfUtils.java:logGet(43)) - raft.server.log.segment.size.max = 1048576 (custom)
2019-10-18 14:22:52,778 [pool-59-thread-1] INFO  server.RaftServerConfigKeys (ConfUtils.java:logGet(43)) - raft.server.log.segment.cache.num.max = 2 (custom)
2019-10-18 14:22:52,778 [pool-59-thread-1] INFO  segmented.SegmentedRaftLogWorker (SegmentedRaftLogWorker.java:<init>(173)) - new a7998a79-199c-44f4-b3c2-ea75c49d687d@group-8175D73357F8-SegmentedRaftLogWorker for RaftStorage:Storage Directory /workdir/hadoop-ozone/integration-test/target/test-dir/MiniOzoneClusterImpl-b1cd5a49-dfd5-4407-b99d-3d51da0a788c/datanode-1/data/ratis/5a21c002-5003-4cac-9183-8175d73357f8
2019-10-18 14:22:52,778 [pool-59-thread-1] INFO  server.RaftServerConfigKeys (ConfUtils.java:logGet(43)) - raft.server.log.queue.byte-limit = 2147483647 (custom)
2019-10-18 14:22:52,778 [pool-59-thread-1] INFO  server.RaftServerConfigKeys (ConfUtils.java:logGet(43)) - raft.server.log.queue.element-limit = 1024 (custom)
2019-10-18 14:22:52,778 [pool-59-thread-1] INFO  server.RaftServerConfigKeys (ConfUtils.java:logGet(43)) - raft.server.log.segment.size.max = 1048576 (custom)
2019-10-18 14:22:52,778 [pool-59-thread-1] INFO  server.RaftServerConfigKeys (ConfUtils.java:logGet(43)) - raft.server.log.preallocated.size = 16384 (custom)
2019-10-18 14:22:52,779 [pool-59-thread-1] INFO  server.RaftServerConfigKeys (ConfUtils.java:logGet(43)) - raft.server.log.write.buffer.size = 33554432 (custom)
2019-10-18 14:22:52,779 [pool-59-thread-1] INFO  server.RaftServerConfigKeys (ConfUtils.java:logGet(43)) - raft.server.log.force.sync.num = 128 (default)
2019-10-18 14:22:52,779 [pool-59-thread-1] INFO  server.RaftServerConfigKeys (ConfUtils.java:logGet(43)) - raft.server.log.statemachine.data.sync = true (default)
2019-10-18 14:22:52,779 [pool-59-thread-1] INFO  server.RaftServerConfigKeys (ConfUtils.java:logGet(43)) - raft.server.log.statemachine.data.sync.timeout = 10s (default)
2019-10-18 14:22:52,779 [pool-59-thread-1] INFO  server.RaftServerConfigKeys (ConfUtils.java:logGet(43)) - raft.server.log.statemachine.data.sync.timeout.retry = -1 (default)
2019-10-18 14:22:52,779 [pool-59-thread-1] INFO  server.RaftServerConfigKeys (ConfUtils.java:logGet(43)) - raft.server.log.statemachine.data.caching.enabled = true (custom)
2019-10-18 14:22:52,780 [pool-59-thread-1] INFO  impl.RaftServerImpl (ServerState.java:setRaftConf(357)) - a7998a79-199c-44f4-b3c2-ea75c49d687d@group-8175D73357F8: set configuration 0: [a7998a79-199c-44f4-b3c2-ea75c49d687d:192.168.157.233:46825, 2d385246-963b-498d-9e2e-bc24e50fd0c7:192.168.157.233:40769, ee386961-2337-4a8c-9c8d-dbca8671699a:192.168.157.233:35014], old=null at 0
2019-10-18 14:22:52,781 [pool-59-thread-1] INFO  segmented.LogSegment (LogSegment.java:loadSegment(140)) - Successfully read 5 entries from segment file /workdir/hadoop-ozone/integration-test/target/test-dir/MiniOzoneClusterImpl-b1cd5a49-dfd5-4407-b99d-3d51da0a788c/datanode-1/data/ratis/5a21c002-5003-4cac-9183-8175d73357f8/current/log_inprogress_0
2019-10-18 14:22:52,781 [pool-59-thread-1] INFO  segmented.SegmentedRaftLogWorker (SegmentedRaftLogWorker.java:lambda$new$0(128)) - a7998a79-199c-44f4-b3c2-ea75c49d687d@group-8175D73357F8-SegmentedRaftLogWorker: flushIndex: setUnconditionally 0 -> 4
2019-10-18 14:22:52,805 [pool-59-thread-1] INFO  raftlog.RaftLog (RaftLog.java:lambda$new$0(61)) - a7998a79-199c-44f4-b3c2-ea75c49d687d@group-8175D73357F8-SegmentedRaftLog: commitIndex: updateToMax old=3, new=3, updated? false
2019-10-18 14:22:52,805 [pool-59-thread-1] INFO  server.RaftServerConfigKeys (ConfUtils.java:logGet(43)) - raft.server.snapshot.auto.trigger.enabled = true (custom)
2019-10-18 14:22:52,805 [pool-59-thread-1] INFO  server.RaftServerConfigKeys (ConfUtils.java:logGet(43)) - raft.server.snapshot.auto.trigger.threshold = 10000 (custom)
2019-10-18 14:22:52,805 [pool-59-thread-1] INFO  server.RaftServerConfigKeys (ConfUtils.java:logGet(43)) - raft.server.snapshot.retention.file.num = 5 (custom)
2019-10-18 14:22:52,805 [pool-59-thread-1] INFO  server.RaftServerConfigKeys (ConfUtils.java:logGet(43)) - raft.server.retrycache.expirytime = 600000ms (custom)
2019-10-18 14:22:53,043 [BlockDeletingService#0] WARN  background.BlockDeletingService (BlockDeletingService.java:isDeletionAllowed(187)) - Close Container log Index 6 is not replicated across allthe servers in the pipeline 5a21c002-5003-4cac-9183-8175d73357f8 as the min replicated index is 4. Deletion is not allowed in this container yet.
2019-10-18 14:22:53,043 [BlockDeletingService#2] WARN  background.BlockDeletingService (BlockDeletingService.java:isDeletionAllowed(187)) - Close Container log Index 6 is not replicated across allthe servers in the pipeline 5a21c002-5003-4cac-9183-8175d73357f8 as the min replicated index is 4. Deletion is not allowed in this container yet.
2019-10-18 14:22:53,401 [pool-7-thread-2] INFO  commands.RetriableDatanodeEventWatcher (RetriableDatanodeEventWatcher.java:onTimeout(47)) - RetriableDatanodeCommand type=deleteBlocksCommand with id=1571408571403 timed out. Retrying.
2019-10-18 14:22:53,402 [pool-7-thread-1] INFO  commands.RetriableDatanodeEventWatcher (RetriableDatanodeEventWatcher.java:onTimeout(47)) - RetriableDatanodeCommand type=deleteBlocksCommand with id=1571408571402 timed out. Retrying.
2019-10-18 14:22:53,402 [pool-7-thread-3] INFO  commands.RetriableDatanodeEventWatcher (RetriableDatanodeEventWatcher.java:onTimeout(47)) - RetriableDatanodeCommand type=deleteBlocksCommand with id=1571408571401 timed out. Retrying.
2019-10-18 14:22:53,402 [SCMBlockDeletingService#1] INFO  block.SCMBlockDeletingService (SCMBlockDeletingService.java:call(184)) - Totally added 1 delete blocks command for 1 datanodes, task elapsed time: 1ms
2019-10-18 14:22:53,406 [Command processor thread] INFO  commandhandler.DeleteBlocksCommandHandler (DeleteBlocksCommandHandler.java:handle(106)) - Start to delete container blocks, TXIDs=[1(2)], numOfContainers=1, numOfBlocks=1
2019-10-18 14:22:53,406 [Command processor thread] INFO  commandhandler.DeleteBlocksCommandHandler (DeleteBlocksCommandHandler.java:handle(106)) - Start to delete container blocks, TXIDs=[1(0)], numOfContainers=1, numOfBlocks=1
2019-10-18 14:22:53,549 [EventQueue-DeleteBlockStatusForEventWatcher$$Lambda$30/637241618] WARN  events.EventWatcher (EventWatcher.java:lambda$start$0(110)) - Completion event without active lease. Id=1571408571399
2019-10-18 14:22:53,896 [java.util.concurrent.ThreadPoolExecutor$Worker@5bad3adb[State = -1, empty queue]] WARN  server.GrpcLogAppender (GrpcLogAppender.java:timeoutAppendRequest(209)) - 2d385246-963b-498d-9e2e-bc24e50fd0c7@group-8175D73357F8->a7998a79-199c-44f4-b3c2-ea75c49d687d-GrpcLogAppender: appendEntries Timeout, request=2d385246-963b-498d-9e2e-bc24e50fd0c7->a7998a79-199c-44f4-b3c2-ea75c49d687d#51-t6, previous=(t:6, i:10), leaderCommit=10, initializing? false, entries: <empty>
2019-10-18 14:22:54,044 [BlockDeletingService#2] WARN  background.BlockDeletingService (BlockDeletingService.java:isDeletionAllowed(187)) - Close Container log Index 6 is not replicated across allthe servers in the pipeline 5a21c002-5003-4cac-9183-8175d73357f8 as the min replicated index is 4. Deletion is not allowed in this container yet.
2019-10-18 14:22:54,044 [BlockDeletingService#0] WARN  background.BlockDeletingService (BlockDeletingService.java:isDeletionAllowed(187)) - Close Container log Index 6 is not replicated across allthe servers in the pipeline 5a21c002-5003-4cac-9183-8175d73357f8 as the min replicated index is 4. Deletion is not allowed in this container yet.
2019-10-18 14:22:54,403 [pool-7-thread-3] INFO  commands.RetriableDatanodeEventWatcher (RetriableDatanodeEventWatcher.java:onTimeout(47)) - RetriableDatanodeCommand type=deleteBlocksCommand with id=1571408571402 timed out. Retrying.
2019-10-18 14:22:54,403 [pool-7-thread-4] INFO  commands.RetriableDatanodeEventWatcher (RetriableDatanodeEventWatcher.java:onTimeout(47)) - RetriableDatanodeCommand type=deleteBlocksCommand with id=1571408571404 timed out. Retrying.
2019-10-18 14:22:54,403 [pool-7-thread-2] INFO  commands.RetriableDatanodeEventWatcher (RetriableDatanodeEventWatcher.java:onTimeout(47)) - RetriableDatanodeCommand type=deleteBlocksCommand with id=1571408571401 timed out. Retrying.
2019-10-18 14:22:54,403 [SCMBlockDeletingService#1] INFO  block.SCMBlockDeletingService (SCMBlockDeletingService.java:call(184)) - Totally added 1 delete blocks command for 1 datanodes, task elapsed time: 1ms
2019-10-18 14:22:54,403 [pool-7-thread-1] INFO  commands.RetriableDatanodeEventWatcher (RetriableDatanodeEventWatcher.java:onTimeout(47)) - RetriableDatanodeCommand type=deleteBlocksCommand with id=1571408571403 timed out. Retrying.
2019-10-18 14:22:54,448 [Command processor thread] INFO  commandhandler.DeleteBlocksCommandHandler (DeleteBlocksCommandHandler.java:handle(106)) - Start to delete container blocks, TXIDs=[1(2)], numOfContainers=1, numOfBlocks=1
2019-10-18 14:22:54,758 [Datanode State Machine Thread - 0] INFO  ozoneimpl.OzoneContainer (OzoneContainer.java:start(230)) - Attempting to start container services.
2019-10-18 14:22:54,758 [Datanode State Machine Thread - 0] INFO  ozoneimpl.OzoneContainer (OzoneContainer.java:startContainerScrub(194)) - Background container scanner has been disabled.
2019-10-18 14:22:54,758 [Datanode State Machine Thread - 0] INFO  ratis.XceiverServerRatis (XceiverServerRatis.java:start(418)) - Starting XceiverServerRatis a7998a79-199c-44f4-b3c2-ea75c49d687d at port 46825
2019-10-18 14:22:54,768 [Datanode State Machine Thread - 0] INFO  impl.RaftServerImpl (RaftServerImpl.java:start(195)) - a7998a79-199c-44f4-b3c2-ea75c49d687d@group-28BB12465C01: start as a follower, conf=0: [a7998a79-199c-44f4-b3c2-ea75c49d687d:192.168.157.233:46825], old=null
2019-10-18 14:22:54,768 [ForkJoinPool.commonPool-worker-0] INFO  impl.RaftServerImpl (RaftServerImpl.java:start(195)) - a7998a79-199c-44f4-b3c2-ea75c49d687d@group-8175D73357F8: start as a follower, conf=0: [a7998a79-199c-44f4-b3c2-ea75c49d687d:192.168.157.233:46825, 2d385246-963b-498d-9e2e-bc24e50fd0c7:192.168.157.233:40769, ee386961-2337-4a8c-9c8d-dbca8671699a:192.168.157.233:35014], old=null
2019-10-18 14:22:54,769 [Datanode State Machine Thread - 0] INFO  impl.RaftServerImpl (RaftServerImpl.java:setRole(184)) - a7998a79-199c-44f4-b3c2-ea75c49d687d@group-28BB12465C01: changes role from      null to FOLLOWER at term 1 for startAsFollower
2019-10-18 14:22:54,769 [ForkJoinPool.commonPool-worker-0] INFO  impl.RaftServerImpl (RaftServerImpl.java:setRole(184)) - a7998a79-199c-44f4-b3c2-ea75c49d687d@group-8175D73357F8: changes role from      null to FOLLOWER at term 6 for startAsFollower
2019-10-18 14:22:54,769 [Datanode State Machine Thread - 0] INFO  impl.RoleInfo (RoleInfo.java:updateAndGet(143)) - a7998a79-199c-44f4-b3c2-ea75c49d687d: start FollowerState
2019-10-18 14:22:54,769 [ForkJoinPool.commonPool-worker-0] INFO  impl.RoleInfo (RoleInfo.java:updateAndGet(143)) - a7998a79-199c-44f4-b3c2-ea75c49d687d: start FollowerState
2019-10-18 14:22:54,770 [Datanode State Machine Thread - 0] INFO  util.JmxRegister (JmxRegister.java:tryRegister(44)) - Successfully registered JMX Bean with object name Ratis:service=RaftServer,group=group-28BB12465C01,id=a7998a79-199c-44f4-b3c2-ea75c49d687d
2019-10-18 14:22:54,770 [ForkJoinPool.commonPool-worker-0] INFO  util.JmxRegister (JmxRegister.java:tryRegister(44)) - Successfully registered JMX Bean with object name Ratis:service=RaftServer,group=group-8175D73357F8,id=a7998a79-199c-44f4-b3c2-ea75c49d687d
2019-10-18 14:22:54,770 [Datanode State Machine Thread - 0] INFO  impl.RaftServerProxy (RaftServerProxy.java:lambda$start$3(299)) - a7998a79-199c-44f4-b3c2-ea75c49d687d: start RPC server
2019-10-18 14:22:54,772 [Datanode State Machine Thread - 0] INFO  server.GrpcService (GrpcService.java:startImpl(158)) - a7998a79-199c-44f4-b3c2-ea75c49d687d: GrpcService started, listening on 0.0.0.0/0.0.0.0:46825
2019-10-18 14:22:54,879 [Thread-590] INFO  impl.FollowerState (FollowerState.java:run(108)) - a7998a79-199c-44f4-b3c2-ea75c49d687d@group-28BB12465C01-FollowerState: change to CANDIDATE, lastRpcTime:110ms, electionTimeout:110ms
2019-10-18 14:22:54,880 [Thread-590] INFO  impl.RoleInfo (RoleInfo.java:shutdownFollowerState(121)) - a7998a79-199c-44f4-b3c2-ea75c49d687d: shutdown FollowerState
2019-10-18 14:22:54,880 [Thread-590] INFO  impl.RaftServerImpl (RaftServerImpl.java:setRole(184)) - a7998a79-199c-44f4-b3c2-ea75c49d687d@group-28BB12465C01: changes role from  FOLLOWER to CANDIDATE at term 1 for changeToCandidate
2019-10-18 14:22:54,880 [Thread-590] INFO  impl.RoleInfo (RoleInfo.java:updateAndGet(143)) - a7998a79-199c-44f4-b3c2-ea75c49d687d: start LeaderElection
2019-10-18 14:22:54,896 [a7998a79-199c-44f4-b3c2-ea75c49d687d@group-28BB12465C01-LeaderElection14] INFO  impl.LeaderElection (LeaderElection.java:askForVotes(178)) - a7998a79-199c-44f4-b3c2-ea75c49d687d@group-28BB12465C01-LeaderElection14: begin an election at term 2 for 0: [a7998a79-199c-44f4-b3c2-ea75c49d687d:192.168.157.233:46825], old=null
2019-10-18 14:22:54,896 [a7998a79-199c-44f4-b3c2-ea75c49d687d@group-28BB12465C01-LeaderElection14] INFO  impl.RoleInfo (RoleInfo.java:shutdownLeaderElection(134)) - a7998a79-199c-44f4-b3c2-ea75c49d687d: shutdown LeaderElection
2019-10-18 14:22:54,896 [a7998a79-199c-44f4-b3c2-ea75c49d687d@group-28BB12465C01-LeaderElection14] INFO  impl.RaftServerImpl (RaftServerImpl.java:setRole(184)) - a7998a79-199c-44f4-b3c2-ea75c49d687d@group-28BB12465C01: changes role from CANDIDATE to LEADER at term 2 for changeToLeader
2019-10-18 14:22:54,896 [a7998a79-199c-44f4-b3c2-ea75c49d687d@group-28BB12465C01-LeaderElection14] INFO  impl.RaftServerImpl (ServerState.java:setLeader(256)) - a7998a79-199c-44f4-b3c2-ea75c49d687d@group-28BB12465C01: change Leader from null to a7998a79-199c-44f4-b3c2-ea75c49d687d at term 2 for becomeLeader, leader elected after 2282ms
2019-10-18 14:22:54,898 [a7998a79-199c-44f4-b3c2-ea75c49d687d@group-28BB12465C01-LeaderElection14] INFO  server.RaftServerConfigKeys (ConfUtils.java:logGet(43)) - raft.server.staging.catchup.gap = 1000 (default)
2019-10-18 14:22:54,898 [a7998a79-199c-44f4-b3c2-ea75c49d687d@group-28BB12465C01-LeaderElection14] INFO  server.RaftServerConfigKeys (ConfUtils.java:logGet(43)) - raft.server.rpc.sleep.time = 25ms (default)
2019-10-18 14:22:54,898 [a7998a79-199c-44f4-b3c2-ea75c49d687d@group-28BB12465C01-LeaderElection14] INFO  server.RaftServerConfigKeys (ConfUtils.java:logGet(43)) - raft.server.write.element-limit = 4096 (default)
2019-10-18 14:22:54,898 [a7998a79-199c-44f4-b3c2-ea75c49d687d@group-28BB12465C01-LeaderElection14] INFO  server.RaftServerConfigKeys (ConfUtils.java:logGet(43)) - raft.server.watch.timeout = 10s (default)
2019-10-18 14:22:54,898 [a7998a79-199c-44f4-b3c2-ea75c49d687d@group-28BB12465C01-LeaderElection14] INFO  server.RaftServerConfigKeys (ConfUtils.java:logGet(43)) - raft.server.watch.timeout.denomination = 1s (default)
2019-10-18 14:22:54,898 [a7998a79-199c-44f4-b3c2-ea75c49d687d@group-28BB12465C01-LeaderElection14] INFO  server.RaftServerConfigKeys (ConfUtils.java:logGet(43)) - raft.server.watch.element-limit = 65536 (default)
2019-10-18 14:22:54,899 [a7998a79-199c-44f4-b3c2-ea75c49d687d@group-28BB12465C01-LeaderElection14] INFO  impl.RoleInfo (RoleInfo.java:updateAndGet(143)) - a7998a79-199c-44f4-b3c2-ea75c49d687d: start LeaderState
2019-10-18 14:22:54,899 [a7998a79-199c-44f4-b3c2-ea75c49d687d@group-28BB12465C01-LeaderElection14] INFO  segmented.SegmentedRaftLogWorker (SegmentedRaftLogWorker.java:rollLogSegment(390)) - a7998a79-199c-44f4-b3c2-ea75c49d687d@group-28BB12465C01-SegmentedRaftLogWorker: Rolling segment log-0_0 to index:0
2019-10-18 14:22:54,902 [a7998a79-199c-44f4-b3c2-ea75c49d687d@group-28BB12465C01-LeaderElection14] INFO  impl.RaftServerImpl (ServerState.java:setRaftConf(357)) - a7998a79-199c-44f4-b3c2-ea75c49d687d@group-28BB12465C01: set configuration 1: [a7998a79-199c-44f4-b3c2-ea75c49d687d:192.168.157.233:46825], old=null at 1
2019-10-18 14:22:54,903 [a7998a79-199c-44f4-b3c2-ea75c49d687d@group-28BB12465C01-SegmentedRaftLogWorker] INFO  segmented.SegmentedRaftLogWorker (SegmentedRaftLogWorker.java:execute(533)) - a7998a79-199c-44f4-b3c2-ea75c49d687d@group-28BB12465C01-SegmentedRaftLogWorker: Rolled log segment from /workdir/hadoop-ozone/integration-test/target/test-dir/MiniOzoneClusterImpl-b1cd5a49-dfd5-4407-b99d-3d51da0a788c/datanode-1/data/ratis/55a8a2bf-3239-48d8-a32c-28bb12465c01/current/log_inprogress_0 to /workdir/hadoop-ozone/integration-test/target/test-dir/MiniOzoneClusterImpl-b1cd5a49-dfd5-4407-b99d-3d51da0a788c/datanode-1/data/ratis/55a8a2bf-3239-48d8-a32c-28bb12465c01/current/log_0-0
2019-10-18 14:22:54,937 [Thread-591] INFO  impl.FollowerState (FollowerState.java:run(108)) - a7998a79-199c-44f4-b3c2-ea75c49d687d@group-8175D73357F8-FollowerState: change to CANDIDATE, lastRpcTime:167ms, electionTimeout:167ms
2019-10-18 14:22:54,937 [Thread-591] INFO  impl.RoleInfo (RoleInfo.java:shutdownFollowerState(121)) - a7998a79-199c-44f4-b3c2-ea75c49d687d: shutdown FollowerState
2019-10-18 14:22:54,937 [Thread-591] INFO  impl.RaftServerImpl (RaftServerImpl.java:setRole(184)) - a7998a79-199c-44f4-b3c2-ea75c49d687d@group-8175D73357F8: changes role from  FOLLOWER to CANDIDATE at term 6 for changeToCandidate
2019-10-18 14:22:54,937 [Thread-591] INFO  impl.RoleInfo (RoleInfo.java:updateAndGet(143)) - a7998a79-199c-44f4-b3c2-ea75c49d687d: start LeaderElection
2019-10-18 14:22:54,955 [a7998a79-199c-44f4-b3c2-ea75c49d687d@group-28BB12465C01-SegmentedRaftLogWorker] INFO  segmented.SegmentedRaftLogWorker (SegmentedRaftLogWorker.java:execute(576)) - a7998a79-199c-44f4-b3c2-ea75c49d687d@group-28BB12465C01-SegmentedRaftLogWorker: created new log segment /workdir/hadoop-ozone/integration-test/target/test-dir/MiniOzoneClusterImpl-b1cd5a49-dfd5-4407-b99d-3d51da0a788c/datanode-1/data/ratis/55a8a2bf-3239-48d8-a32c-28bb12465c01/current/log_inprogress_1
2019-10-18 14:22:54,956 [a7998a79-199c-44f4-b3c2-ea75c49d687d@group-8175D73357F8-LeaderElection15] INFO  impl.LeaderElection (LeaderElection.java:askForVotes(178)) - a7998a79-199c-44f4-b3c2-ea75c49d687d@group-8175D73357F8-LeaderElection15: begin an election at term 7 for 0: [a7998a79-199c-44f4-b3c2-ea75c49d687d:192.168.157.233:46825, 2d385246-963b-498d-9e2e-bc24e50fd0c7:192.168.157.233:40769, ee386961-2337-4a8c-9c8d-dbca8671699a:192.168.157.233:35014], old=null
2019-10-18 14:22:54,966 [grpc-default-executor-4] INFO  impl.RaftServerImpl (ServerState.java:setLeader(256)) - 2d385246-963b-498d-9e2e-bc24e50fd0c7@group-8175D73357F8: change Leader from 2d385246-963b-498d-9e2e-bc24e50fd0c7 to null at term 7 for updateCurrentTerm
2019-10-18 14:22:54,966 [grpc-default-executor-5] INFO  impl.RaftServerImpl (ServerState.java:setLeader(256)) - ee386961-2337-4a8c-9c8d-dbca8671699a@group-8175D73357F8: change Leader from 2d385246-963b-498d-9e2e-bc24e50fd0c7 to null at term 7 for updateCurrentTerm
2019-10-18 14:22:54,967 [grpc-default-executor-4] INFO  impl.RaftServerImpl (RaftServerImpl.java:setRole(184)) - 2d385246-963b-498d-9e2e-bc24e50fd0c7@group-8175D73357F8: changes role from    LEADER to FOLLOWER at term 7 for recognizeCandidate:a7998a79-199c-44f4-b3c2-ea75c49d687d
2019-10-18 14:22:54,967 [grpc-default-executor-5] INFO  impl.RaftServerImpl (RaftServerImpl.java:setRole(184)) - ee386961-2337-4a8c-9c8d-dbca8671699a@group-8175D73357F8: changes role from  FOLLOWER to FOLLOWER at term 7 for recognizeCandidate:a7998a79-199c-44f4-b3c2-ea75c49d687d
2019-10-18 14:22:54,967 [grpc-default-executor-4] INFO  impl.RoleInfo (RoleInfo.java:shutdownLeaderState(104)) - 2d385246-963b-498d-9e2e-bc24e50fd0c7: shutdown LeaderState
2019-10-18 14:22:54,967 [grpc-default-executor-5] INFO  impl.RoleInfo (RoleInfo.java:shutdownFollowerState(121)) - ee386961-2337-4a8c-9c8d-dbca8671699a: shutdown FollowerState
2019-10-18 14:22:54,968 [grpc-default-executor-4] INFO  impl.PendingRequests (PendingRequests.java:sendNotLeaderResponses(202)) - 2d385246-963b-498d-9e2e-bc24e50fd0c7@group-8175D73357F8-PendingRequests: sendNotLeaderResponses
2019-10-18 14:22:54,970 [Thread-270] INFO  impl.FollowerState (FollowerState.java:run(117)) - ee386961-2337-4a8c-9c8d-dbca8671699a@group-8175D73357F8-FollowerState was interrupted: java.lang.InterruptedException: sleep interrupted
2019-10-18 14:22:54,968 [org.apache.ratis.server.impl.LogAppender$AppenderDaemon$$Lambda$448/2095661354@6bcdbffe] WARN  server.GrpcLogAppender (GrpcLogAppender.java:mayWait(149)) - 2d385246-963b-498d-9e2e-bc24e50fd0c7@group-8175D73357F8->ee386961-2337-4a8c-9c8d-dbca8671699a-GrpcLogAppender: Wait interrupted by java.lang.InterruptedException
2019-10-18 14:22:54,968 [org.apache.ratis.server.impl.LogAppender$AppenderDaemon$$Lambda$448/2095661354@3a234e03] WARN  server.GrpcLogAppender (GrpcLogAppender.java:mayWait(149)) - 2d385246-963b-498d-9e2e-bc24e50fd0c7@group-8175D73357F8->a7998a79-199c-44f4-b3c2-ea75c49d687d-GrpcLogAppender: Wait interrupted by java.lang.InterruptedException
2019-10-18 14:22:54,973 [grpc-default-executor-4] INFO  impl.RoleInfo (RoleInfo.java:updateAndGet(143)) - 2d385246-963b-498d-9e2e-bc24e50fd0c7: start FollowerState
2019-10-18 14:22:54,970 [grpc-default-executor-5] INFO  impl.RoleInfo (RoleInfo.java:updateAndGet(143)) - ee386961-2337-4a8c-9c8d-dbca8671699a: start FollowerState
2019-10-18 14:22:54,974 [Thread-600] INFO  client.GrpcClientProtocolService (GrpcClientProtocolService.java:lambda$processClientRequest$0(278)) - Failed RaftClientRequest:client-49F5F9D51947->2d385246-963b-498d-9e2e-bc24e50fd0c7@group-8175D73357F8, cid=10, seq=0, Watch-ALL_COMMITTED(6), Message:<EMPTY>, reply=RaftClientReply:client-49F5F9D51947->2d385246-963b-498d-9e2e-bc24e50fd0c7@group-8175D73357F8, cid=10, FAILED org.apache.ratis.protocol.NotLeaderException: Server 2d385246-963b-498d-9e2e-bc24e50fd0c7@group-8175D73357F8 is not the leader, logIndex=0, commits[2d385246-963b-498d-9e2e-bc24e50fd0c7:c10, a7998a79-199c-44f4-b3c2-ea75c49d687d:c4, ee386961-2337-4a8c-9c8d-dbca8671699a:c10]
2019-10-18 14:22:54,974 [grpc-default-executor-0] INFO  server.GrpcServerProtocolService (GrpcServerProtocolService.java:onCompleted(113)) - ee386961-2337-4a8c-9c8d-dbca8671699a: Completed APPEND_ENTRIES, lastRequest: 2d385246-963b-498d-9e2e-bc24e50fd0c7->ee386961-2337-4a8c-9c8d-dbca8671699a#52-t6, previous=(t:6, i:10), leaderCommit=10, initializing? false, entries: <empty>
2019-10-18 14:22:54,978 [grpc-default-executor-6] INFO  server.GrpcLogAppender (GrpcLogAppender.java:onCompleted(308)) - 2d385246-963b-498d-9e2e-bc24e50fd0c7@group-8175D73357F8->ee386961-2337-4a8c-9c8d-dbca8671699a-AppendLogResponseHandler: follower responses appendEntries COMPLETED
2019-10-18 14:22:54,980 [grpc-default-executor-6] INFO  impl.FollowerInfo (FollowerInfo.java:lambda$new$0(51)) - 2d385246-963b-498d-9e2e-bc24e50fd0c7@group-8175D73357F8->ee386961-2337-4a8c-9c8d-dbca8671699a: nextIndex: updateUnconditionally 11 -> 10
2019-10-18 14:22:54,987 [a7998a79-199c-44f4-b3c2-ea75c49d687d@group-8175D73357F8-LeaderElection15] INFO  impl.LeaderElection (LeaderElection.java:logAndReturn(56)) - a7998a79-199c-44f4-b3c2-ea75c49d687d@group-8175D73357F8-LeaderElection15: Election REJECTED; received 2 response(s) [a7998a79-199c-44f4-b3c2-ea75c49d687d<-2d385246-963b-498d-9e2e-bc24e50fd0c7#0:FAIL-t7, a7998a79-199c-44f4-b3c2-ea75c49d687d<-ee386961-2337-4a8c-9c8d-dbca8671699a#0:FAIL-t7] and 0 exception(s); a7998a79-199c-44f4-b3c2-ea75c49d687d@group-8175D73357F8:t7, leader=null, voted=a7998a79-199c-44f4-b3c2-ea75c49d687d, raftlog=a7998a79-199c-44f4-b3c2-ea75c49d687d@group-8175D73357F8-SegmentedRaftLog:OPENED:c3,f4,i4, conf=0: [a7998a79-199c-44f4-b3c2-ea75c49d687d:192.168.157.233:46825, 2d385246-963b-498d-9e2e-bc24e50fd0c7:192.168.157.233:40769, ee386961-2337-4a8c-9c8d-dbca8671699a:192.168.157.233:35014], old=null
2019-10-18 14:22:54,987 [a7998a79-199c-44f4-b3c2-ea75c49d687d@group-8175D73357F8-LeaderElection15] INFO  impl.RaftServerImpl (RaftServerImpl.java:setRole(184)) - a7998a79-199c-44f4-b3c2-ea75c49d687d@group-8175D73357F8: changes role from CANDIDATE to FOLLOWER at term 7 for DISCOVERED_A_NEW_TERM
2019-10-18 14:22:54,987 [a7998a79-199c-44f4-b3c2-ea75c49d687d@group-8175D73357F8-LeaderElection15] INFO  impl.RoleInfo (RoleInfo.java:shutdownLeaderElection(134)) - a7998a79-199c-44f4-b3c2-ea75c49d687d: shutdown LeaderElection
2019-10-18 14:22:54,987 [a7998a79-199c-44f4-b3c2-ea75c49d687d@group-8175D73357F8-LeaderElection15] INFO  impl.RoleInfo (RoleInfo.java:updateAndGet(143)) - a7998a79-199c-44f4-b3c2-ea75c49d687d: start FollowerState
2019-10-18 14:22:55,046 [BlockDeletingService#0] WARN  background.BlockDeletingService (BlockDeletingService.java:isDeletionAllowed(187)) - Close Container log Index 6 is not replicated across allthe servers in the pipeline 5a21c002-5003-4cac-9183-8175d73357f8 as the min replicated index is 4. Deletion is not allowed in this container yet.
2019-10-18 14:22:55,046 [BlockDeletingService#2] WARN  background.BlockDeletingService (BlockDeletingService.java:isDeletionAllowed(187)) - Close Container log Index 6 is not replicated across allthe servers in the pipeline 5a21c002-5003-4cac-9183-8175d73357f8 as the min replicated index is 4. Deletion is not allowed in this container yet.
2019-10-18 14:22:55,156 [Thread-602] INFO  impl.FollowerState (FollowerState.java:run(108)) - a7998a79-199c-44f4-b3c2-ea75c49d687d@group-8175D73357F8-FollowerState: change to CANDIDATE, lastRpcTime:168ms, electionTimeout:168ms
2019-10-18 14:22:55,156 [Thread-602] INFO  impl.RoleInfo (RoleInfo.java:shutdownFollowerState(121)) - a7998a79-199c-44f4-b3c2-ea75c49d687d: shutdown FollowerState
2019-10-18 14:22:55,156 [Thread-602] INFO  impl.RaftServerImpl (RaftServerImpl.java:setRole(184)) - a7998a79-199c-44f4-b3c2-ea75c49d687d@group-8175D73357F8: changes role from  FOLLOWER to CANDIDATE at term 7 for changeToCandidate
2019-10-18 14:22:55,156 [Thread-602] INFO  impl.RoleInfo (RoleInfo.java:updateAndGet(143)) - a7998a79-199c-44f4-b3c2-ea75c49d687d: start LeaderElection
2019-10-18 14:22:55,173 [a7998a79-199c-44f4-b3c2-ea75c49d687d@group-8175D73357F8-LeaderElection16] INFO  impl.LeaderElection (LeaderElection.java:askForVotes(178)) - a7998a79-199c-44f4-b3c2-ea75c49d687d@group-8175D73357F8-LeaderElection16: begin an election at term 8 for 0: [a7998a79-199c-44f4-b3c2-ea75c49d687d:192.168.157.233:46825, 2d385246-963b-498d-9e2e-bc24e50fd0c7:192.168.157.233:40769, ee386961-2337-4a8c-9c8d-dbca8671699a:192.168.157.233:35014], old=null
2019-10-18 14:22:55,178 [grpc-default-executor-5] INFO  impl.RaftServerImpl (RaftServerImpl.java:setRole(184)) - ee386961-2337-4a8c-9c8d-dbca8671699a@group-8175D73357F8: changes role from  FOLLOWER to FOLLOWER at term 8 for recognizeCandidate:a7998a79-199c-44f4-b3c2-ea75c49d687d
2019-10-18 14:22:55,178 [grpc-default-executor-4] INFO  impl.RaftServerImpl (RaftServerImpl.java:setRole(184)) - 2d385246-963b-498d-9e2e-bc24e50fd0c7@group-8175D73357F8: changes role from  FOLLOWER to FOLLOWER at term 8 for recognizeCandidate:a7998a79-199c-44f4-b3c2-ea75c49d687d
2019-10-18 14:22:55,178 [grpc-default-executor-5] INFO  impl.RoleInfo (RoleInfo.java:shutdownFollowerState(121)) - ee386961-2337-4a8c-9c8d-dbca8671699a: shutdown FollowerState
2019-10-18 14:22:55,178 [grpc-default-executor-4] INFO  impl.RoleInfo (RoleInfo.java:shutdownFollowerState(121)) - 2d385246-963b-498d-9e2e-bc24e50fd0c7: shutdown FollowerState
2019-10-18 14:22:55,179 [Thread-599] INFO  impl.FollowerState (FollowerState.java:run(117)) - ee386961-2337-4a8c-9c8d-dbca8671699a@group-8175D73357F8-FollowerState was interrupted: java.lang.InterruptedException: sleep interrupted
2019-10-18 14:22:55,179 [grpc-default-executor-4] INFO  impl.RoleInfo (RoleInfo.java:updateAndGet(143)) - 2d385246-963b-498d-9e2e-bc24e50fd0c7: start FollowerState
2019-10-18 14:22:55,179 [grpc-default-executor-5] INFO  impl.RoleInfo (RoleInfo.java:updateAndGet(143)) - ee386961-2337-4a8c-9c8d-dbca8671699a: start FollowerState
2019-10-18 14:22:55,179 [Thread-601] INFO  impl.FollowerState (FollowerState.java:run(117)) - 2d385246-963b-498d-9e2e-bc24e50fd0c7@group-8175D73357F8-FollowerState was interrupted: java.lang.InterruptedException: sleep interrupted
2019-10-18 14:22:55,196 [a7998a79-199c-44f4-b3c2-ea75c49d687d@group-8175D73357F8-LeaderElection16] INFO  impl.LeaderElection (LeaderElection.java:logAndReturn(56)) - a7998a79-199c-44f4-b3c2-ea75c49d687d@group-8175D73357F8-LeaderElection16: Election REJECTED; received 2 response(s) [a7998a79-199c-44f4-b3c2-ea75c49d687d<-2d385246-963b-498d-9e2e-bc24e50fd0c7#0:FAIL-t8, a7998a79-199c-44f4-b3c2-ea75c49d687d<-ee386961-2337-4a8c-9c8d-dbca8671699a#0:FAIL-t8] and 0 exception(s); a7998a79-199c-44f4-b3c2-ea75c49d687d@group-8175D73357F8:t8, leader=null, voted=a7998a79-199c-44f4-b3c2-ea75c49d687d, raftlog=a7998a79-199c-44f4-b3c2-ea75c49d687d@group-8175D73357F8-SegmentedRaftLog:OPENED:c3,f4,i4, conf=0: [a7998a79-199c-44f4-b3c2-ea75c49d687d:192.168.157.233:46825, 2d385246-963b-498d-9e2e-bc24e50fd0c7:192.168.157.233:40769, ee386961-2337-4a8c-9c8d-dbca8671699a:192.168.157.233:35014], old=null
2019-10-18 14:22:55,196 [a7998a79-199c-44f4-b3c2-ea75c49d687d@group-8175D73357F8-LeaderElection16] INFO  impl.RaftServerImpl (RaftServerImpl.java:setRole(184)) - a7998a79-199c-44f4-b3c2-ea75c49d687d@group-8175D73357F8: changes role from CANDIDATE to FOLLOWER at term 8 for DISCOVERED_A_NEW_TERM
2019-10-18 14:22:55,196 [a7998a79-199c-44f4-b3c2-ea75c49d687d@group-8175D73357F8-LeaderElection16] INFO  impl.RoleInfo (RoleInfo.java:shutdownLeaderElection(134)) - a7998a79-199c-44f4-b3c2-ea75c49d687d: shutdown LeaderElection
2019-10-18 14:22:55,196 [a7998a79-199c-44f4-b3c2-ea75c49d687d@group-8175D73357F8-LeaderElection16] INFO  impl.RoleInfo (RoleInfo.java:updateAndGet(143)) - a7998a79-199c-44f4-b3c2-ea75c49d687d: start FollowerState
2019-10-18 14:22:55,298 [Thread-610] INFO  impl.FollowerState (FollowerState.java:run(108)) - a7998a79-199c-44f4-b3c2-ea75c49d687d@group-8175D73357F8-FollowerState: change to CANDIDATE, lastRpcTime:101ms, electionTimeout:101ms
2019-10-18 14:22:55,299 [Thread-610] INFO  impl.RoleInfo (RoleInfo.java:shutdownFollowerState(121)) - a7998a79-199c-44f4-b3c2-ea75c49d687d: shutdown FollowerState
2019-10-18 14:22:55,299 [Thread-610] INFO  impl.RaftServerImpl (RaftServerImpl.java:setRole(184)) - a7998a79-199c-44f4-b3c2-ea75c49d687d@group-8175D73357F8: changes role from  FOLLOWER to CANDIDATE at term 8 for changeToCandidate
2019-10-18 14:22:55,299 [Thread-610] INFO  impl.RoleInfo (RoleInfo.java:updateAndGet(143)) - a7998a79-199c-44f4-b3c2-ea75c49d687d: start LeaderElection
2019-10-18 14:22:55,314 [a7998a79-199c-44f4-b3c2-ea75c49d687d@group-8175D73357F8-LeaderElection17] INFO  impl.LeaderElection (LeaderElection.java:askForVotes(178)) - a7998a79-199c-44f4-b3c2-ea75c49d687d@group-8175D73357F8-LeaderElection17: begin an election at term 9 for 0: [a7998a79-199c-44f4-b3c2-ea75c49d687d:192.168.157.233:46825, 2d385246-963b-498d-9e2e-bc24e50fd0c7:192.168.157.233:40769, ee386961-2337-4a8c-9c8d-dbca8671699a:192.168.157.233:35014], old=null
2019-10-18 14:22:55,318 [grpc-default-executor-5] INFO  impl.RaftServerImpl (RaftServerImpl.java:setRole(184)) - ee386961-2337-4a8c-9c8d-dbca8671699a@group-8175D73357F8: changes role from  FOLLOWER to FOLLOWER at term 9 for recognizeCandidate:a7998a79-199c-44f4-b3c2-ea75c49d687d
2019-10-18 14:22:55,318 [grpc-default-executor-5] INFO  impl.RoleInfo (RoleInfo.java:shutdownFollowerState(121)) - ee386961-2337-4a8c-9c8d-dbca8671699a: shutdown FollowerState
2019-10-18 14:22:55,319 [grpc-default-executor-4] INFO  impl.RaftServerImpl (RaftServerImpl.java:setRole(184)) - 2d385246-963b-498d-9e2e-bc24e50fd0c7@group-8175D73357F8: changes role from  FOLLOWER to FOLLOWER at term 9 for recognizeCandidate:a7998a79-199c-44f4-b3c2-ea75c49d687d
2019-10-18 14:22:55,320 [Thread-608] INFO  impl.FollowerState (FollowerState.java:run(117)) - ee386961-2337-4a8c-9c8d-dbca8671699a@group-8175D73357F8-FollowerState was interrupted: java.lang.InterruptedException: sleep interrupted
2019-10-18 14:22:55,320 [grpc-default-executor-4] INFO  impl.RoleInfo (RoleInfo.java:shutdownFollowerState(121)) - 2d385246-963b-498d-9e2e-bc24e50fd0c7: shutdown FollowerState
2019-10-18 14:22:55,320 [grpc-default-executor-5] INFO  impl.RoleInfo (RoleInfo.java:updateAndGet(143)) - ee386961-2337-4a8c-9c8d-dbca8671699a: start FollowerState
2019-10-18 14:22:55,321 [grpc-default-executor-4] INFO  impl.RoleInfo (RoleInfo.java:updateAndGet(143)) - 2d385246-963b-498d-9e2e-bc24e50fd0c7: start FollowerState
2019-10-18 14:22:55,321 [Thread-609] INFO  impl.FollowerState (FollowerState.java:run(117)) - 2d385246-963b-498d-9e2e-bc24e50fd0c7@group-8175D73357F8-FollowerState was interrupted: java.lang.InterruptedException: sleep interrupted
2019-10-18 14:22:55,349 [a7998a79-199c-44f4-b3c2-ea75c49d687d@group-8175D73357F8-LeaderElection17] INFO  impl.LeaderElection (LeaderElection.java:logAndReturn(56)) - a7998a79-199c-44f4-b3c2-ea75c49d687d@group-8175D73357F8-LeaderElection17: Election REJECTED; received 2 response(s) [a7998a79-199c-44f4-b3c2-ea75c49d687d<-2d385246-963b-498d-9e2e-bc24e50fd0c7#0:FAIL-t9, a7998a79-199c-44f4-b3c2-ea75c49d687d<-ee386961-2337-4a8c-9c8d-dbca8671699a#0:FAIL-t9] and 0 exception(s); a7998a79-199c-44f4-b3c2-ea75c49d687d@group-8175D73357F8:t9, leader=null, voted=a7998a79-199c-44f4-b3c2-ea75c49d687d, raftlog=a7998a79-199c-44f4-b3c2-ea75c49d687d@group-8175D73357F8-SegmentedRaftLog:OPENED:c3,f4,i4, conf=0: [a7998a79-199c-44f4-b3c2-ea75c49d687d:192.168.157.233:46825, 2d385246-963b-498d-9e2e-bc24e50fd0c7:192.168.157.233:40769, ee386961-2337-4a8c-9c8d-dbca8671699a:192.168.157.233:35014], old=null
2019-10-18 14:22:55,349 [a7998a79-199c-44f4-b3c2-ea75c49d687d@group-8175D73357F8-LeaderElection17] INFO  impl.RaftServerImpl (RaftServerImpl.java:setRole(184)) - a7998a79-199c-44f4-b3c2-ea75c49d687d@group-8175D73357F8: changes role from CANDIDATE to FOLLOWER at term 9 for DISCOVERED_A_NEW_TERM
2019-10-18 14:22:55,349 [a7998a79-199c-44f4-b3c2-ea75c49d687d@group-8175D73357F8-LeaderElection17] INFO  impl.RoleInfo (RoleInfo.java:shutdownLeaderElection(134)) - a7998a79-199c-44f4-b3c2-ea75c49d687d: shutdown LeaderElection
2019-10-18 14:22:55,349 [a7998a79-199c-44f4-b3c2-ea75c49d687d@group-8175D73357F8-LeaderElection17] INFO  impl.RoleInfo (RoleInfo.java:updateAndGet(143)) - a7998a79-199c-44f4-b3c2-ea75c49d687d: start FollowerState
2019-10-18 14:22:55,399 [Thread-616] INFO  impl.FollowerState (FollowerState.java:run(108)) - a7998a79-199c-44f4-b3c2-ea75c49d687d@group-8175D73357F8-FollowerState: change to CANDIDATE, lastRpcTime:49ms, electionTimeout:49ms
2019-10-18 14:22:55,400 [Thread-616] INFO  impl.RoleInfo (RoleInfo.java:shutdownFollowerState(121)) - a7998a79-199c-44f4-b3c2-ea75c49d687d: shutdown FollowerState
2019-10-18 14:22:55,400 [Thread-616] INFO  impl.RaftServerImpl (RaftServerImpl.java:setRole(184)) - a7998a79-199c-44f4-b3c2-ea75c49d687d@group-8175D73357F8: changes role from  FOLLOWER to CANDIDATE at term 9 for changeToCandidate
2019-10-18 14:22:55,400 [Thread-616] INFO  impl.RoleInfo (RoleInfo.java:updateAndGet(143)) - a7998a79-199c-44f4-b3c2-ea75c49d687d: start LeaderElection
2019-10-18 14:22:55,403 [pool-7-thread-1] INFO  commands.RetriableDatanodeEventWatcher (RetriableDatanodeEventWatcher.java:onTimeout(47)) - RetriableDatanodeCommand type=deleteBlocksCommand with id=1571408571402 timed out. Retrying.
2019-10-18 14:22:55,404 [pool-7-thread-2] INFO  commands.RetriableDatanodeEventWatcher (RetriableDatanodeEventWatcher.java:onTimeout(47)) - RetriableDatanodeCommand type=deleteBlocksCommand with id=1571408571401 timed out. Retrying.
2019-10-18 14:22:55,404 [pool-7-thread-3] INFO  commands.RetriableDatanodeEventWatcher (RetriableDatanodeEventWatcher.java:onTimeout(47)) - RetriableDatanodeCommand type=deleteBlocksCommand with id=1571408571405 timed out. Retrying.
2019-10-18 14:22:55,404 [pool-7-thread-4] INFO  commands.RetriableDatanodeEventWatcher (RetriableDatanodeEventWatcher.java:onTimeout(47)) - RetriableDatanodeCommand type=deleteBlocksCommand with id=1571408571404 timed out. Retrying.
2019-10-18 14:22:55,404 [SCMBlockDeletingService#1] INFO  block.SCMBlockDeletingService (SCMBlockDeletingService.java:call(184)) - Totally added 1 delete blocks command for 1 datanodes, task elapsed time: 1ms
2019-10-18 14:22:55,404 [pool-7-thread-4] INFO  commands.RetriableDatanodeEventWatcher (RetriableDatanodeEventWatcher.java:onTimeout(47)) - RetriableDatanodeCommand type=deleteBlocksCommand with id=1571408571403 timed out. Retrying.
2019-10-18 14:22:55,416 [a7998a79-199c-44f4-b3c2-ea75c49d687d@group-8175D73357F8-LeaderElection18] INFO  impl.LeaderElection (LeaderElection.java:askForVotes(178)) - a7998a79-199c-44f4-b3c2-ea75c49d687d@group-8175D73357F8-LeaderElection18: begin an election at term 10 for 0: [a7998a79-199c-44f4-b3c2-ea75c49d687d:192.168.157.233:46825, 2d385246-963b-498d-9e2e-bc24e50fd0c7:192.168.157.233:40769, ee386961-2337-4a8c-9c8d-dbca8671699a:192.168.157.233:35014], old=null
2019-10-18 14:22:55,421 [grpc-default-executor-4] INFO  impl.RaftServerImpl (RaftServerImpl.java:setRole(184)) - 2d385246-963b-498d-9e2e-bc24e50fd0c7@group-8175D73357F8: changes role from  FOLLOWER to FOLLOWER at term 10 for recognizeCandidate:a7998a79-199c-44f4-b3c2-ea75c49d687d
2019-10-18 14:22:55,422 [grpc-default-executor-4] INFO  impl.RoleInfo (RoleInfo.java:shutdownFollowerState(121)) - 2d385246-963b-498d-9e2e-bc24e50fd0c7: shutdown FollowerState
2019-10-18 14:22:55,422 [grpc-default-executor-5] INFO  impl.RaftServerImpl (RaftServerImpl.java:setRole(184)) - ee386961-2337-4a8c-9c8d-dbca8671699a@group-8175D73357F8: changes role from  FOLLOWER to FOLLOWER at term 10 for recognizeCandidate:a7998a79-199c-44f4-b3c2-ea75c49d687d
2019-10-18 14:22:55,422 [grpc-default-executor-4] INFO  impl.RoleInfo (RoleInfo.java:updateAndGet(143)) - 2d385246-963b-498d-9e2e-bc24e50fd0c7: start FollowerState
2019-10-18 14:22:55,422 [Thread-615] INFO  impl.FollowerState (FollowerState.java:run(117)) - 2d385246-963b-498d-9e2e-bc24e50fd0c7@group-8175D73357F8-FollowerState was interrupted: java.lang.InterruptedException: sleep interrupted
2019-10-18 14:22:55,422 [grpc-default-executor-5] INFO  impl.RoleInfo (RoleInfo.java:shutdownFollowerState(121)) - ee386961-2337-4a8c-9c8d-dbca8671699a: shutdown FollowerState
2019-10-18 14:22:55,423 [grpc-default-executor-5] INFO  impl.RoleInfo (RoleInfo.java:updateAndGet(143)) - ee386961-2337-4a8c-9c8d-dbca8671699a: start FollowerState
2019-10-18 14:22:55,424 [Thread-614] INFO  impl.FollowerState (FollowerState.java:run(117)) - ee386961-2337-4a8c-9c8d-dbca8671699a@group-8175D73357F8-FollowerState was interrupted: java.lang.InterruptedException: sleep interrupted
2019-10-18 14:22:55,433 [a7998a79-199c-44f4-b3c2-ea75c49d687d@group-8175D73357F8-LeaderElection18] INFO  impl.LeaderElection (LeaderElection.java:logAndReturn(56)) - a7998a79-199c-44f4-b3c2-ea75c49d687d@group-8175D73357F8-LeaderElection18: Election REJECTED; received 2 response(s) [a7998a79-199c-44f4-b3c2-ea75c49d687d<-2d385246-963b-498d-9e2e-bc24e50fd0c7#0:FAIL-t10, a7998a79-199c-44f4-b3c2-ea75c49d687d<-ee386961-2337-4a8c-9c8d-dbca8671699a#0:FAIL-t10] and 0 exception(s); a7998a79-199c-44f4-b3c2-ea75c49d687d@group-8175D73357F8:t10, leader=null, voted=a7998a79-199c-44f4-b3c2-ea75c49d687d, raftlog=a7998a79-199c-44f4-b3c2-ea75c49d687d@group-8175D73357F8-SegmentedRaftLog:OPENED:c3,f4,i4, conf=0: [a7998a79-199c-44f4-b3c2-ea75c49d687d:192.168.157.233:46825, 2d385246-963b-498d-9e2e-bc24e50fd0c7:192.168.157.233:40769, ee386961-2337-4a8c-9c8d-dbca8671699a:192.168.157.233:35014], old=null
2019-10-18 14:22:55,433 [a7998a79-199c-44f4-b3c2-ea75c49d687d@group-8175D73357F8-LeaderElection18] INFO  impl.RaftServerImpl (RaftServerImpl.java:setRole(184)) - a7998a79-199c-44f4-b3c2-ea75c49d687d@group-8175D73357F8: changes role from CANDIDATE to FOLLOWER at term 10 for DISCOVERED_A_NEW_TERM
2019-10-18 14:22:55,433 [a7998a79-199c-44f4-b3c2-ea75c49d687d@group-8175D73357F8-LeaderElection18] INFO  impl.RoleInfo (RoleInfo.java:shutdownLeaderElection(134)) - a7998a79-199c-44f4-b3c2-ea75c49d687d: shutdown LeaderElection
2019-10-18 14:22:55,433 [a7998a79-199c-44f4-b3c2-ea75c49d687d@group-8175D73357F8-LeaderElection18] INFO  impl.RoleInfo (RoleInfo.java:updateAndGet(143)) - a7998a79-199c-44f4-b3c2-ea75c49d687d: start FollowerState
2019-10-18 14:22:55,525 [Thread-622] INFO  impl.FollowerState (FollowerState.java:run(108)) - a7998a79-199c-44f4-b3c2-ea75c49d687d@group-8175D73357F8-FollowerState: change to CANDIDATE, lastRpcTime:91ms, electionTimeout:91ms
2019-10-18 14:22:55,526 [Thread-622] INFO  impl.RoleInfo (RoleInfo.java:shutdownFollowerState(121)) - a7998a79-199c-44f4-b3c2-ea75c49d687d: shutdown FollowerState
2019-10-18 14:22:55,526 [Thread-622] INFO  impl.RaftServerImpl (RaftServerImpl.java:setRole(184)) - a7998a79-199c-44f4-b3c2-ea75c49d687d@group-8175D73357F8: changes role from  FOLLOWER to CANDIDATE at term 10 for changeToCandidate
2019-10-18 14:22:55,526 [Thread-622] INFO  impl.RoleInfo (RoleInfo.java:updateAndGet(143)) - a7998a79-199c-44f4-b3c2-ea75c49d687d: start LeaderElection
2019-10-18 14:22:55,541 [a7998a79-199c-44f4-b3c2-ea75c49d687d@group-8175D73357F8-LeaderElection19] INFO  impl.LeaderElection (LeaderElection.java:askForVotes(178)) - a7998a79-199c-44f4-b3c2-ea75c49d687d@group-8175D73357F8-LeaderElection19: begin an election at term 11 for 0: [a7998a79-199c-44f4-b3c2-ea75c49d687d:192.168.157.233:46825, 2d385246-963b-498d-9e2e-bc24e50fd0c7:192.168.157.233:40769, ee386961-2337-4a8c-9c8d-dbca8671699a:192.168.157.233:35014], old=null
2019-10-18 14:22:55,545 [grpc-default-executor-4] INFO  impl.RaftServerImpl (RaftServerImpl.java:setRole(184)) - 2d385246-963b-498d-9e2e-bc24e50fd0c7@group-8175D73357F8: changes role from  FOLLOWER to FOLLOWER at term 11 for recognizeCandidate:a7998a79-199c-44f4-b3c2-ea75c49d687d
2019-10-18 14:22:55,545 [grpc-default-executor-4] INFO  impl.RoleInfo (RoleInfo.java:shutdownFollowerState(121)) - 2d385246-963b-498d-9e2e-bc24e50fd0c7: shutdown FollowerState
2019-10-18 14:22:55,545 [grpc-default-executor-4] INFO  impl.RoleInfo (RoleInfo.java:updateAndGet(143)) - 2d385246-963b-498d-9e2e-bc24e50fd0c7: start FollowerState
2019-10-18 14:22:55,545 [Thread-620] INFO  impl.FollowerState (FollowerState.java:run(117)) - 2d385246-963b-498d-9e2e-bc24e50fd0c7@group-8175D73357F8-FollowerState was interrupted: java.lang.InterruptedException: sleep interrupted
2019-10-18 14:22:55,548 [Command processor thread] INFO  commandhandler.DeleteBlocksCommandHandler (DeleteBlocksCommandHandler.java:handle(106)) - Start to delete container blocks, TXIDs=[1(2)], numOfContainers=1, numOfBlocks=1
2019-10-18 14:22:55,548 [grpc-default-executor-5] INFO  impl.RaftServerImpl (RaftServerImpl.java:setRole(184)) - ee386961-2337-4a8c-9c8d-dbca8671699a@group-8175D73357F8: changes role from  FOLLOWER to FOLLOWER at term 11 for recognizeCandidate:a7998a79-199c-44f4-b3c2-ea75c49d687d
2019-10-18 14:22:55,548 [Command processor thread] INFO  commandhandler.DeleteBlocksCommandHandler (DeleteBlocksCommandHandler.java:handle(106)) - Start to delete container blocks, TXIDs=[1(2)], numOfContainers=1, numOfBlocks=1
2019-10-18 14:22:55,548 [grpc-default-executor-5] INFO  impl.RoleInfo (RoleInfo.java:shutdownFollowerState(121)) - ee386961-2337-4a8c-9c8d-dbca8671699a: shutdown FollowerState
2019-10-18 14:22:55,549 [grpc-default-executor-5] INFO  impl.RoleInfo (RoleInfo.java:updateAndGet(143)) - ee386961-2337-4a8c-9c8d-dbca8671699a: start FollowerState
2019-10-18 14:22:55,549 [Thread-621] INFO  impl.FollowerState (FollowerState.java:run(117)) - ee386961-2337-4a8c-9c8d-dbca8671699a@group-8175D73357F8-FollowerState was interrupted: java.lang.InterruptedException: sleep interrupted
2019-10-18 14:22:55,562 [a7998a79-199c-44f4-b3c2-ea75c49d687d@group-8175D73357F8-LeaderElection19] INFO  impl.LeaderElection (LeaderElection.java:logAndReturn(56)) - a7998a79-199c-44f4-b3c2-ea75c49d687d@group-8175D73357F8-LeaderElection19: Election REJECTED; received 2 response(s) [a7998a79-199c-44f4-b3c2-ea75c49d687d<-2d385246-963b-498d-9e2e-bc24e50fd0c7#0:FAIL-t11, a7998a79-199c-44f4-b3c2-ea75c49d687d<-ee386961-2337-4a8c-9c8d-dbca8671699a#0:FAIL-t11] and 0 exception(s); a7998a79-199c-44f4-b3c2-ea75c49d687d@group-8175D73357F8:t11, leader=null, voted=a7998a79-199c-44f4-b3c2-ea75c49d687d, raftlog=a7998a79-199c-44f4-b3c2-ea75c49d687d@group-8175D73357F8-SegmentedRaftLog:OPENED:c3,f4,i4, conf=0: [a7998a79-199c-44f4-b3c2-ea75c49d687d:192.168.157.233:46825, 2d385246-963b-498d-9e2e-bc24e50fd0c7:192.168.157.233:40769, ee386961-2337-4a8c-9c8d-dbca8671699a:192.168.157.233:35014], old=null
2019-10-18 14:22:55,563 [a7998a79-199c-44f4-b3c2-ea75c49d687d@group-8175D73357F8-LeaderElection19] INFO  impl.RaftServerImpl (RaftServerImpl.java:setRole(184)) - a7998a79-199c-44f4-b3c2-ea75c49d687d@group-8175D73357F8: changes role from CANDIDATE to FOLLOWER at term 11 for DISCOVERED_A_NEW_TERM
2019-10-18 14:22:55,563 [a7998a79-199c-44f4-b3c2-ea75c49d687d@group-8175D73357F8-LeaderElection19] INFO  impl.RoleInfo (RoleInfo.java:shutdownLeaderElection(134)) - a7998a79-199c-44f4-b3c2-ea75c49d687d: shutdown LeaderElection
2019-10-18 14:22:55,563 [a7998a79-199c-44f4-b3c2-ea75c49d687d@group-8175D73357F8-LeaderElection19] INFO  impl.RoleInfo (RoleInfo.java:updateAndGet(143)) - a7998a79-199c-44f4-b3c2-ea75c49d687d: start FollowerState
2019-10-18 14:22:55,579 [Thread-628] INFO  impl.FollowerState (FollowerState.java:run(108)) - a7998a79-199c-44f4-b3c2-ea75c49d687d@group-8175D73357F8-FollowerState: change to CANDIDATE, lastRpcTime:15ms, electionTimeout:15ms
2019-10-18 14:22:55,580 [Thread-628] INFO  impl.RoleInfo (RoleInfo.java:shutdownFollowerState(121)) - a7998a79-199c-44f4-b3c2-ea75c49d687d: shutdown FollowerState
2019-10-18 14:22:55,580 [Thread-628] INFO  impl.RaftServerImpl (RaftServerImpl.java:setRole(184)) - a7998a79-199c-44f4-b3c2-ea75c49d687d@group-8175D73357F8: changes role from  FOLLOWER to CANDIDATE at term 11 for changeToCandidate
2019-10-18 14:22:55,580 [Thread-628] INFO  impl.RoleInfo (RoleInfo.java:updateAndGet(143)) - a7998a79-199c-44f4-b3c2-ea75c49d687d: start LeaderElection
2019-10-18 14:22:55,595 [a7998a79-199c-44f4-b3c2-ea75c49d687d@group-8175D73357F8-LeaderElection20] INFO  impl.LeaderElection (LeaderElection.java:askForVotes(178)) - a7998a79-199c-44f4-b3c2-ea75c49d687d@group-8175D73357F8-LeaderElection20: begin an election at term 12 for 0: [a7998a79-199c-44f4-b3c2-ea75c49d687d:192.168.157.233:46825, 2d385246-963b-498d-9e2e-bc24e50fd0c7:192.168.157.233:40769, ee386961-2337-4a8c-9c8d-dbca8671699a:192.168.157.233:35014], old=null
2019-10-18 14:22:55,600 [grpc-default-executor-4] INFO  impl.RaftServerImpl (RaftServerImpl.java:setRole(184)) - 2d385246-963b-498d-9e2e-bc24e50fd0c7@group-8175D73357F8: changes role from  FOLLOWER to FOLLOWER at term 12 for recognizeCandidate:a7998a79-199c-44f4-b3c2-ea75c49d687d
2019-10-18 14:22:55,600 [grpc-default-executor-5] INFO  impl.RaftServerImpl (RaftServerImpl.java:setRole(184)) - ee386961-2337-4a8c-9c8d-dbca8671699a@group-8175D73357F8: changes role from  FOLLOWER to FOLLOWER at term 12 for recognizeCandidate:a7998a79-199c-44f4-b3c2-ea75c49d687d
2019-10-18 14:22:55,600 [grpc-default-executor-4] INFO  impl.RoleInfo (RoleInfo.java:shutdownFollowerState(121)) - 2d385246-963b-498d-9e2e-bc24e50fd0c7: shutdown FollowerState
2019-10-18 14:22:55,600 [grpc-default-executor-5] INFO  impl.RoleInfo (RoleInfo.java:shutdownFollowerState(121)) - ee386961-2337-4a8c-9c8d-dbca8671699a: shutdown FollowerState
2019-10-18 14:22:55,601 [Thread-626] INFO  impl.FollowerState (FollowerState.java:run(117)) - 2d385246-963b-498d-9e2e-bc24e50fd0c7@group-8175D73357F8-FollowerState was interrupted: java.lang.InterruptedException: sleep interrupted
2019-10-18 14:22:55,601 [grpc-default-executor-4] INFO  impl.RoleInfo (RoleInfo.java:updateAndGet(143)) - 2d385246-963b-498d-9e2e-bc24e50fd0c7: start FollowerState
2019-10-18 14:22:55,601 [Thread-627] INFO  impl.FollowerState (FollowerState.java:run(117)) - ee386961-2337-4a8c-9c8d-dbca8671699a@group-8175D73357F8-FollowerState was interrupted: java.lang.InterruptedException: sleep interrupted
2019-10-18 14:22:55,601 [grpc-default-executor-5] INFO  impl.RoleInfo (RoleInfo.java:updateAndGet(143)) - ee386961-2337-4a8c-9c8d-dbca8671699a: start FollowerState
2019-10-18 14:22:55,618 [a7998a79-199c-44f4-b3c2-ea75c49d687d@group-8175D73357F8-LeaderElection20] INFO  impl.LeaderElection (LeaderElection.java:logAndReturn(56)) - a7998a79-199c-44f4-b3c2-ea75c49d687d@group-8175D73357F8-LeaderElection20: Election REJECTED; received 2 response(s) [a7998a79-199c-44f4-b3c2-ea75c49d687d<-2d385246-963b-498d-9e2e-bc24e50fd0c7#0:FAIL-t12, a7998a79-199c-44f4-b3c2-ea75c49d687d<-ee386961-2337-4a8c-9c8d-dbca8671699a#0:FAIL-t12] and 0 exception(s); a7998a79-199c-44f4-b3c2-ea75c49d687d@group-8175D73357F8:t12, leader=null, voted=a7998a79-199c-44f4-b3c2-ea75c49d687d, raftlog=a7998a79-199c-44f4-b3c2-ea75c49d687d@group-8175D73357F8-SegmentedRaftLog:OPENED:c3,f4,i4, conf=0: [a7998a79-199c-44f4-b3c2-ea75c49d687d:192.168.157.233:46825, 2d385246-963b-498d-9e2e-bc24e50fd0c7:192.168.157.233:40769, ee386961-2337-4a8c-9c8d-dbca8671699a:192.168.157.233:35014], old=null
2019-10-18 14:22:55,618 [a7998a79-199c-44f4-b3c2-ea75c49d687d@group-8175D73357F8-LeaderElection20] INFO  impl.RaftServerImpl (RaftServerImpl.java:setRole(184)) - a7998a79-199c-44f4-b3c2-ea75c49d687d@group-8175D73357F8: changes role from CANDIDATE to FOLLOWER at term 12 for DISCOVERED_A_NEW_TERM
2019-10-18 14:22:55,618 [a7998a79-199c-44f4-b3c2-ea75c49d687d@group-8175D73357F8-LeaderElection20] INFO  impl.RoleInfo (RoleInfo.java:shutdownLeaderElection(134)) - a7998a79-199c-44f4-b3c2-ea75c49d687d: shutdown LeaderElection
2019-10-18 14:22:55,618 [a7998a79-199c-44f4-b3c2-ea75c49d687d@group-8175D73357F8-LeaderElection20] INFO  impl.RoleInfo (RoleInfo.java:updateAndGet(143)) - a7998a79-199c-44f4-b3c2-ea75c49d687d: start FollowerState
2019-10-18 14:22:55,755 [Thread-634] INFO  impl.FollowerState (FollowerState.java:run(108)) - a7998a79-199c-44f4-b3c2-ea75c49d687d@group-8175D73357F8-FollowerState: change to CANDIDATE, lastRpcTime:136ms, electionTimeout:136ms
2019-10-18 14:22:55,756 [Thread-634] INFO  impl.RoleInfo (RoleInfo.java:shutdownFollowerState(121)) - a7998a79-199c-44f4-b3c2-ea75c49d687d: shutdown FollowerState
2019-10-18 14:22:55,756 [Thread-634] INFO  impl.RaftServerImpl (RaftServerImpl.java:setRole(184)) - a7998a79-199c-44f4-b3c2-ea75c49d687d@group-8175D73357F8: changes role from  FOLLOWER to CANDIDATE at term 12 for changeToCandidate
2019-10-18 14:22:55,756 [Thread-634] INFO  impl.RoleInfo (RoleInfo.java:updateAndGet(143)) - a7998a79-199c-44f4-b3c2-ea75c49d687d: start LeaderElection
2019-10-18 14:22:55,772 [a7998a79-199c-44f4-b3c2-ea75c49d687d@group-8175D73357F8-LeaderElection21] INFO  impl.LeaderElection (LeaderElection.java:askForVotes(178)) - a7998a79-199c-44f4-b3c2-ea75c49d687d@group-8175D73357F8-LeaderElection21: begin an election at term 13 for 0: [a7998a79-199c-44f4-b3c2-ea75c49d687d:192.168.157.233:46825, 2d385246-963b-498d-9e2e-bc24e50fd0c7:192.168.157.233:40769, ee386961-2337-4a8c-9c8d-dbca8671699a:192.168.157.233:35014], old=null
2019-10-18 14:22:55,779 [grpc-default-executor-4] INFO  impl.RaftServerImpl (RaftServerImpl.java:setRole(184)) - 2d385246-963b-498d-9e2e-bc24e50fd0c7@group-8175D73357F8: changes role from  FOLLOWER to FOLLOWER at term 13 for recognizeCandidate:a7998a79-199c-44f4-b3c2-ea75c49d687d
2019-10-18 14:22:55,779 [grpc-default-executor-4] INFO  impl.RoleInfo (RoleInfo.java:shutdownFollowerState(121)) - 2d385246-963b-498d-9e2e-bc24e50fd0c7: shutdown FollowerState
2019-10-18 14:22:55,779 [grpc-default-executor-4] INFO  impl.RoleInfo (RoleInfo.java:updateAndGet(143)) - 2d385246-963b-498d-9e2e-bc24e50fd0c7: start FollowerState
2019-10-18 14:22:55,779 [Thread-632] INFO  impl.FollowerState (FollowerState.java:run(117)) - 2d385246-963b-498d-9e2e-bc24e50fd0c7@group-8175D73357F8-FollowerState was interrupted: java.lang.InterruptedException: sleep interrupted
2019-10-18 14:22:55,781 [grpc-default-executor-5] INFO  impl.RaftServerImpl (RaftServerImpl.java:setRole(184)) - ee386961-2337-4a8c-9c8d-dbca8671699a@group-8175D73357F8: changes role from  FOLLOWER to FOLLOWER at term 13 for recognizeCandidate:a7998a79-199c-44f4-b3c2-ea75c49d687d
2019-10-18 14:22:55,784 [grpc-default-executor-5] INFO  impl.RoleInfo (RoleInfo.java:shutdownFollowerState(121)) - ee386961-2337-4a8c-9c8d-dbca8671699a: shutdown FollowerState
2019-10-18 14:22:55,784 [grpc-default-executor-5] INFO  impl.RoleInfo (RoleInfo.java:updateAndGet(143)) - ee386961-2337-4a8c-9c8d-dbca8671699a: start FollowerState
2019-10-18 14:22:55,784 [Thread-633] INFO  impl.FollowerState (FollowerState.java:run(117)) - ee386961-2337-4a8c-9c8d-dbca8671699a@group-8175D73357F8-FollowerState was interrupted: java.lang.InterruptedException: sleep interrupted
2019-10-18 14:22:55,800 [a7998a79-199c-44f4-b3c2-ea75c49d687d@group-8175D73357F8-LeaderElection21] INFO  impl.LeaderElection (LeaderElection.java:logAndReturn(56)) - a7998a79-199c-44f4-b3c2-ea75c49d687d@group-8175D73357F8-LeaderElection21: Election REJECTED; received 2 response(s) [a7998a79-199c-44f4-b3c2-ea75c49d687d<-2d385246-963b-498d-9e2e-bc24e50fd0c7#0:FAIL-t13, a7998a79-199c-44f4-b3c2-ea75c49d687d<-ee386961-2337-4a8c-9c8d-dbca8671699a#0:FAIL-t13] and 0 exception(s); a7998a79-199c-44f4-b3c2-ea75c49d687d@group-8175D73357F8:t13, leader=null, voted=a7998a79-199c-44f4-b3c2-ea75c49d687d, raftlog=a7998a79-199c-44f4-b3c2-ea75c49d687d@group-8175D73357F8-SegmentedRaftLog:OPENED:c3,f4,i4, conf=0: [a7998a79-199c-44f4-b3c2-ea75c49d687d:192.168.157.233:46825, 2d385246-963b-498d-9e2e-bc24e50fd0c7:192.168.157.233:40769, ee386961-2337-4a8c-9c8d-dbca8671699a:192.168.157.233:35014], old=null
2019-10-18 14:22:55,800 [a7998a79-199c-44f4-b3c2-ea75c49d687d@group-8175D73357F8-LeaderElection21] INFO  impl.RaftServerImpl (RaftServerImpl.java:setRole(184)) - a7998a79-199c-44f4-b3c2-ea75c49d687d@group-8175D73357F8: changes role from CANDIDATE to FOLLOWER at term 13 for DISCOVERED_A_NEW_TERM
2019-10-18 14:22:55,800 [a7998a79-199c-44f4-b3c2-ea75c49d687d@group-8175D73357F8-LeaderElection21] INFO  impl.RoleInfo (RoleInfo.java:shutdownLeaderElection(134)) - a7998a79-199c-44f4-b3c2-ea75c49d687d: shutdown LeaderElection
2019-10-18 14:22:55,800 [a7998a79-199c-44f4-b3c2-ea75c49d687d@group-8175D73357F8-LeaderElection21] INFO  impl.RoleInfo (RoleInfo.java:updateAndGet(143)) - a7998a79-199c-44f4-b3c2-ea75c49d687d: start FollowerState
2019-10-18 14:22:55,834 [Thread-641] INFO  impl.FollowerState (FollowerState.java:run(108)) - a7998a79-199c-44f4-b3c2-ea75c49d687d@group-8175D73357F8-FollowerState: change to CANDIDATE, lastRpcTime:33ms, electionTimeout:33ms
2019-10-18 14:22:55,835 [Thread-641] INFO  impl.RoleInfo (RoleInfo.java:shutdownFollowerState(121)) - a7998a79-199c-44f4-b3c2-ea75c49d687d: shutdown FollowerState
2019-10-18 14:22:55,835 [Thread-641] INFO  impl.RaftServerImpl (RaftServerImpl.java:setRole(184)) - a7998a79-199c-44f4-b3c2-ea75c49d687d@group-8175D73357F8: changes role from  FOLLOWER to CANDIDATE at term 13 for changeToCandidate
2019-10-18 14:22:55,835 [Thread-641] INFO  impl.RoleInfo (RoleInfo.java:updateAndGet(143)) - a7998a79-199c-44f4-b3c2-ea75c49d687d: start LeaderElection
2019-10-18 14:22:55,850 [a7998a79-199c-44f4-b3c2-ea75c49d687d@group-8175D73357F8-LeaderElection22] INFO  impl.LeaderElection (LeaderElection.java:askForVotes(178)) - a7998a79-199c-44f4-b3c2-ea75c49d687d@group-8175D73357F8-LeaderElection22: begin an election at term 14 for 0: [a7998a79-199c-44f4-b3c2-ea75c49d687d:192.168.157.233:46825, 2d385246-963b-498d-9e2e-bc24e50fd0c7:192.168.157.233:40769, ee386961-2337-4a8c-9c8d-dbca8671699a:192.168.157.233:35014], old=null
2019-10-18 14:22:55,854 [grpc-default-executor-4] INFO  impl.RaftServerImpl (RaftServerImpl.java:setRole(184)) - 2d385246-963b-498d-9e2e-bc24e50fd0c7@group-8175D73357F8: changes role from  FOLLOWER to FOLLOWER at term 14 for recognizeCandidate:a7998a79-199c-44f4-b3c2-ea75c49d687d
2019-10-18 14:22:55,854 [grpc-default-executor-4] INFO  impl.RoleInfo (RoleInfo.java:shutdownFollowerState(121)) - 2d385246-963b-498d-9e2e-bc24e50fd0c7: shutdown FollowerState
2019-10-18 14:22:55,854 [grpc-default-executor-5] INFO  impl.RaftServerImpl (RaftServerImpl.java:setRole(184)) - ee386961-2337-4a8c-9c8d-dbca8671699a@group-8175D73357F8: changes role from  FOLLOWER to FOLLOWER at term 14 for recognizeCandidate:a7998a79-199c-44f4-b3c2-ea75c49d687d
2019-10-18 14:22:55,855 [grpc-default-executor-4] INFO  impl.RoleInfo (RoleInfo.java:updateAndGet(143)) - 2d385246-963b-498d-9e2e-bc24e50fd0c7: start FollowerState
2019-10-18 14:22:55,855 [Thread-639] INFO  impl.FollowerState (FollowerState.java:run(117)) - 2d385246-963b-498d-9e2e-bc24e50fd0c7@group-8175D73357F8-FollowerState was interrupted: java.lang.InterruptedException: sleep interrupted
2019-10-18 14:22:55,855 [grpc-default-executor-5] INFO  impl.RoleInfo (RoleInfo.java:shutdownFollowerState(121)) - ee386961-2337-4a8c-9c8d-dbca8671699a: shutdown FollowerState
2019-10-18 14:22:55,858 [Thread-640] INFO  impl.FollowerState (FollowerState.java:run(117)) - ee386961-2337-4a8c-9c8d-dbca8671699a@group-8175D73357F8-FollowerState was interrupted: java.lang.InterruptedException: sleep interrupted
2019-10-18 14:22:55,858 [grpc-default-executor-5] INFO  impl.RoleInfo (RoleInfo.java:updateAndGet(143)) - ee386961-2337-4a8c-9c8d-dbca8671699a: start FollowerState
2019-10-18 14:22:55,873 [a7998a79-199c-44f4-b3c2-ea75c49d687d@group-8175D73357F8-LeaderElection22] INFO  impl.LeaderElection (LeaderElection.java:logAndReturn(56)) - a7998a79-199c-44f4-b3c2-ea75c49d687d@group-8175D73357F8-LeaderElection22: Election REJECTED; received 2 response(s) [a7998a79-199c-44f4-b3c2-ea75c49d687d<-2d385246-963b-498d-9e2e-bc24e50fd0c7#0:FAIL-t14, a7998a79-199c-44f4-b3c2-ea75c49d687d<-ee386961-2337-4a8c-9c8d-dbca8671699a#0:FAIL-t14] and 0 exception(s); a7998a79-199c-44f4-b3c2-ea75c49d687d@group-8175D73357F8:t14, leader=null, voted=a7998a79-199c-44f4-b3c2-ea75c49d687d, raftlog=a7998a79-199c-44f4-b3c2-ea75c49d687d@group-8175D73357F8-SegmentedRaftLog:OPENED:c3,f4,i4, conf=0: [a7998a79-199c-44f4-b3c2-ea75c49d687d:192.168.157.233:46825, 2d385246-963b-498d-9e2e-bc24e50fd0c7:192.168.157.233:40769, ee386961-2337-4a8c-9c8d-dbca8671699a:192.168.157.233:35014], old=null
2019-10-18 14:22:55,873 [a7998a79-199c-44f4-b3c2-ea75c49d687d@group-8175D73357F8-LeaderElection22] INFO  impl.RaftServerImpl (RaftServerImpl.java:setRole(184)) - a7998a79-199c-44f4-b3c2-ea75c49d687d@group-8175D73357F8: changes role from CANDIDATE to FOLLOWER at term 14 for DISCOVERED_A_NEW_TERM
2019-10-18 14:22:55,874 [a7998a79-199c-44f4-b3c2-ea75c49d687d@group-8175D73357F8-LeaderElection22] INFO  impl.RoleInfo (RoleInfo.java:shutdownLeaderElection(134)) - a7998a79-199c-44f4-b3c2-ea75c49d687d: shutdown LeaderElection
2019-10-18 14:22:55,874 [a7998a79-199c-44f4-b3c2-ea75c49d687d@group-8175D73357F8-LeaderElection22] INFO  impl.RoleInfo (RoleInfo.java:updateAndGet(143)) - a7998a79-199c-44f4-b3c2-ea75c49d687d: start FollowerState
2019-10-18 14:22:55,907 [Thread-647] INFO  impl.FollowerState (FollowerState.java:run(108)) - a7998a79-199c-44f4-b3c2-ea75c49d687d@group-8175D73357F8-FollowerState: change to CANDIDATE, lastRpcTime:33ms, electionTimeout:33ms
2019-10-18 14:22:55,912 [Thread-647] INFO  impl.RoleInfo (RoleInfo.java:shutdownFollowerState(121)) - a7998a79-199c-44f4-b3c2-ea75c49d687d: shutdown FollowerState
2019-10-18 14:22:55,912 [Thread-647] INFO  impl.RaftServerImpl (RaftServerImpl.java:setRole(184)) - a7998a79-199c-44f4-b3c2-ea75c49d687d@group-8175D73357F8: changes role from  FOLLOWER to CANDIDATE at term 14 for changeToCandidate
2019-10-18 14:22:55,912 [Thread-647] INFO  impl.RoleInfo (RoleInfo.java:updateAndGet(143)) - a7998a79-199c-44f4-b3c2-ea75c49d687d: start LeaderElection
2019-10-18 14:22:55,926 [a7998a79-199c-44f4-b3c2-ea75c49d687d@group-8175D73357F8-LeaderElection23] INFO  impl.LeaderElection (LeaderElection.java:askForVotes(178)) - a7998a79-199c-44f4-b3c2-ea75c49d687d@group-8175D73357F8-LeaderElection23: begin an election at term 15 for 0: [a7998a79-199c-44f4-b3c2-ea75c49d687d:192.168.157.233:46825, 2d385246-963b-498d-9e2e-bc24e50fd0c7:192.168.157.233:40769, ee386961-2337-4a8c-9c8d-dbca8671699a:192.168.157.233:35014], old=null
2019-10-18 14:22:55,931 [grpc-default-executor-5] INFO  impl.RaftServerImpl (RaftServerImpl.java:setRole(184)) - 2d385246-963b-498d-9e2e-bc24e50fd0c7@group-8175D73357F8: changes role from  FOLLOWER to FOLLOWER at term 15 for recognizeCandidate:a7998a79-199c-44f4-b3c2-ea75c49d687d
2019-10-18 14:22:55,931 [grpc-default-executor-4] INFO  impl.RaftServerImpl (RaftServerImpl.java:setRole(184)) - ee386961-2337-4a8c-9c8d-dbca8671699a@group-8175D73357F8: changes role from  FOLLOWER to FOLLOWER at term 15 for recognizeCandidate:a7998a79-199c-44f4-b3c2-ea75c49d687d
2019-10-18 14:22:55,931 [grpc-default-executor-5] INFO  impl.RoleInfo (RoleInfo.java:shutdownFollowerState(121)) - 2d385246-963b-498d-9e2e-bc24e50fd0c7: shutdown FollowerState
2019-10-18 14:22:55,932 [grpc-default-executor-4] INFO  impl.RoleInfo (RoleInfo.java:shutdownFollowerState(121)) - ee386961-2337-4a8c-9c8d-dbca8671699a: shutdown FollowerState
2019-10-18 14:22:55,932 [grpc-default-executor-5] INFO  impl.RoleInfo (RoleInfo.java:updateAndGet(143)) - 2d385246-963b-498d-9e2e-bc24e50fd0c7: start FollowerState
2019-10-18 14:22:55,932 [Thread-645] INFO  impl.FollowerState (FollowerState.java:run(117)) - 2d385246-963b-498d-9e2e-bc24e50fd0c7@group-8175D73357F8-FollowerState was interrupted: java.lang.InterruptedException: sleep interrupted
2019-10-18 14:22:55,932 [grpc-default-executor-4] INFO  impl.RoleInfo (RoleInfo.java:updateAndGet(143)) - ee386961-2337-4a8c-9c8d-dbca8671699a: start FollowerState
2019-10-18 14:22:55,932 [Thread-646] INFO  impl.FollowerState (FollowerState.java:run(117)) - ee386961-2337-4a8c-9c8d-dbca8671699a@group-8175D73357F8-FollowerState was interrupted: java.lang.InterruptedException: sleep interrupted
2019-10-18 14:22:55,949 [a7998a79-199c-44f4-b3c2-ea75c49d687d@group-8175D73357F8-LeaderElection23] INFO  impl.LeaderElection (LeaderElection.java:logAndReturn(56)) - a7998a79-199c-44f4-b3c2-ea75c49d687d@group-8175D73357F8-LeaderElection23: Election REJECTED; received 2 response(s) [a7998a79-199c-44f4-b3c2-ea75c49d687d<-2d385246-963b-498d-9e2e-bc24e50fd0c7#0:FAIL-t15, a7998a79-199c-44f4-b3c2-ea75c49d687d<-ee386961-2337-4a8c-9c8d-dbca8671699a#0:FAIL-t15] and 0 exception(s); a7998a79-199c-44f4-b3c2-ea75c49d687d@group-8175D73357F8:t15, leader=null, voted=a7998a79-199c-44f4-b3c2-ea75c49d687d, raftlog=a7998a79-199c-44f4-b3c2-ea75c49d687d@group-8175D73357F8-SegmentedRaftLog:OPENED:c3,f4,i4, conf=0: [a7998a79-199c-44f4-b3c2-ea75c49d687d:192.168.157.233:46825, 2d385246-963b-498d-9e2e-bc24e50fd0c7:192.168.157.233:40769, ee386961-2337-4a8c-9c8d-dbca8671699a:192.168.157.233:35014], old=null
2019-10-18 14:22:55,950 [a7998a79-199c-44f4-b3c2-ea75c49d687d@group-8175D73357F8-LeaderElection23] INFO  impl.RaftServerImpl (RaftServerImpl.java:setRole(184)) - a7998a79-199c-44f4-b3c2-ea75c49d687d@group-8175D73357F8: changes role from CANDIDATE to FOLLOWER at term 15 for DISCOVERED_A_NEW_TERM
2019-10-18 14:22:55,950 [a7998a79-199c-44f4-b3c2-ea75c49d687d@group-8175D73357F8-LeaderElection23] INFO  impl.RoleInfo (RoleInfo.java:shutdownLeaderElection(134)) - a7998a79-199c-44f4-b3c2-ea75c49d687d: shutdown LeaderElection
2019-10-18 14:22:55,950 [a7998a79-199c-44f4-b3c2-ea75c49d687d@group-8175D73357F8-LeaderElection23] INFO  impl.RoleInfo (RoleInfo.java:updateAndGet(143)) - a7998a79-199c-44f4-b3c2-ea75c49d687d: start FollowerState
2019-10-18 14:22:55,987 [Thread-655] INFO  client.GrpcClientProtocolService (GrpcClientProtocolService.java:lambda$processClientRequest$0(278)) - Failed RaftClientRequest:client-49F5F9D51947->ee386961-2337-4a8c-9c8d-dbca8671699a@group-8175D73357F8, cid=10, seq=0, Watch-ALL_COMMITTED(6), Message:<EMPTY>, reply=RaftClientReply:client-49F5F9D51947->ee386961-2337-4a8c-9c8d-dbca8671699a@group-8175D73357F8, cid=10, FAILED org.apache.ratis.protocol.NotLeaderException: Server ee386961-2337-4a8c-9c8d-dbca8671699a@group-8175D73357F8 is not the leader, logIndex=0, commits[ee386961-2337-4a8c-9c8d-dbca8671699a:c10, a7998a79-199c-44f4-b3c2-ea75c49d687d:c4, 2d385246-963b-498d-9e2e-bc24e50fd0c7:c10]
2019-10-18 14:22:56,049 [BlockDeletingService#0] WARN  background.BlockDeletingService (BlockDeletingService.java:isDeletionAllowed(187)) - Close Container log Index 6 is not replicated across allthe servers in the pipeline 5a21c002-5003-4cac-9183-8175d73357f8 as the min replicated index is 4. Deletion is not allowed in this container yet.
2019-10-18 14:22:56,049 [BlockDeletingService#2] WARN  background.BlockDeletingService (BlockDeletingService.java:isDeletionAllowed(187)) - Close Container log Index 6 is not replicated across allthe servers in the pipeline 5a21c002-5003-4cac-9183-8175d73357f8 as the min replicated index is 4. Deletion is not allowed in this container yet.
2019-10-18 14:22:56,149 [Thread-653] INFO  impl.FollowerState (FollowerState.java:run(108)) - a7998a79-199c-44f4-b3c2-ea75c49d687d@group-8175D73357F8-FollowerState: change to CANDIDATE, lastRpcTime:198ms, electionTimeout:198ms
2019-10-18 14:22:56,149 [Thread-653] INFO  impl.RoleInfo (RoleInfo.java:shutdownFollowerState(121)) - a7998a79-199c-44f4-b3c2-ea75c49d687d: shutdown FollowerState
2019-10-18 14:22:56,149 [Thread-653] INFO  impl.RaftServerImpl (RaftServerImpl.java:setRole(184)) - a7998a79-199c-44f4-b3c2-ea75c49d687d@group-8175D73357F8: changes role from  FOLLOWER to CANDIDATE at term 15 for changeToCandidate
2019-10-18 14:22:56,149 [Thread-653] INFO  impl.RoleInfo (RoleInfo.java:updateAndGet(143)) - a7998a79-199c-44f4-b3c2-ea75c49d687d: start LeaderElection
2019-10-18 14:22:56,165 [a7998a79-199c-44f4-b3c2-ea75c49d687d@group-8175D73357F8-LeaderElection24] INFO  impl.LeaderElection (LeaderElection.java:askForVotes(178)) - a7998a79-199c-44f4-b3c2-ea75c49d687d@group-8175D73357F8-LeaderElection24: begin an election at term 16 for 0: [a7998a79-199c-44f4-b3c2-ea75c49d687d:192.168.157.233:46825, 2d385246-963b-498d-9e2e-bc24e50fd0c7:192.168.157.233:40769, ee386961-2337-4a8c-9c8d-dbca8671699a:192.168.157.233:35014], old=null
2019-10-18 14:22:56,171 [grpc-default-executor-4] INFO  impl.RaftServerImpl (RaftServerImpl.java:setRole(184)) - 2d385246-963b-498d-9e2e-bc24e50fd0c7@group-8175D73357F8: changes role from  FOLLOWER to FOLLOWER at term 16 for recognizeCandidate:a7998a79-199c-44f4-b3c2-ea75c49d687d
2019-10-18 14:22:56,171 [grpc-default-executor-5] INFO  impl.RaftServerImpl (RaftServerImpl.java:setRole(184)) - ee386961-2337-4a8c-9c8d-dbca8671699a@group-8175D73357F8: changes role from  FOLLOWER to FOLLOWER at term 16 for recognizeCandidate:a7998a79-199c-44f4-b3c2-ea75c49d687d
2019-10-18 14:22:56,171 [grpc-default-executor-4] INFO  impl.RoleInfo (RoleInfo.java:shutdownFollowerState(121)) - 2d385246-963b-498d-9e2e-bc24e50fd0c7: shutdown FollowerState
2019-10-18 14:22:56,171 [grpc-default-executor-5] INFO  impl.RoleInfo (RoleInfo.java:shutdownFollowerState(121)) - ee386961-2337-4a8c-9c8d-dbca8671699a: shutdown FollowerState
2019-10-18 14:22:56,171 [Thread-651] INFO  impl.FollowerState (FollowerState.java:run(117)) - 2d385246-963b-498d-9e2e-bc24e50fd0c7@group-8175D73357F8-FollowerState was interrupted: java.lang.InterruptedException: sleep interrupted
2019-10-18 14:22:56,171 [grpc-default-executor-4] INFO  impl.RoleInfo (RoleInfo.java:updateAndGet(143)) - 2d385246-963b-498d-9e2e-bc24e50fd0c7: start FollowerState
2019-10-18 14:22:56,172 [Thread-652] INFO  impl.FollowerState (FollowerState.java:run(117)) - ee386961-2337-4a8c-9c8d-dbca8671699a@group-8175D73357F8-FollowerState was interrupted: java.lang.InterruptedException: sleep interrupted
2019-10-18 14:22:56,172 [grpc-default-executor-5] INFO  impl.RoleInfo (RoleInfo.java:updateAndGet(143)) - ee386961-2337-4a8c-9c8d-dbca8671699a: start FollowerState
2019-10-18 14:22:56,188 [a7998a79-199c-44f4-b3c2-ea75c49d687d@group-8175D73357F8-LeaderElection24] INFO  impl.LeaderElection (LeaderElection.java:logAndReturn(56)) - a7998a79-199c-44f4-b3c2-ea75c49d687d@group-8175D73357F8-LeaderElection24: Election REJECTED; received 2 response(s) [a7998a79-199c-44f4-b3c2-ea75c49d687d<-2d385246-963b-498d-9e2e-bc24e50fd0c7#0:FAIL-t16, a7998a79-199c-44f4-b3c2-ea75c49d687d<-ee386961-2337-4a8c-9c8d-dbca8671699a#0:FAIL-t16] and 0 exception(s); a7998a79-199c-44f4-b3c2-ea75c49d687d@group-8175D73357F8:t16, leader=null, voted=a7998a79-199c-44f4-b3c2-ea75c49d687d, raftlog=a7998a79-199c-44f4-b3c2-ea75c49d687d@group-8175D73357F8-SegmentedRaftLog:OPENED:c3,f4,i4, conf=0: [a7998a79-199c-44f4-b3c2-ea75c49d687d:192.168.157.233:46825, 2d385246-963b-498d-9e2e-bc24e50fd0c7:192.168.157.233:40769, ee386961-2337-4a8c-9c8d-dbca8671699a:192.168.157.233:35014], old=null
2019-10-18 14:22:56,189 [a7998a79-199c-44f4-b3c2-ea75c49d687d@group-8175D73357F8-LeaderElection24] INFO  impl.RaftServerImpl (RaftServerImpl.java:setRole(184)) - a7998a79-199c-44f4-b3c2-ea75c49d687d@group-8175D73357F8: changes role from CANDIDATE to FOLLOWER at term 16 for DISCOVERED_A_NEW_TERM
2019-10-18 14:22:56,189 [a7998a79-199c-44f4-b3c2-ea75c49d687d@group-8175D73357F8-LeaderElection24] INFO  impl.RoleInfo (RoleInfo.java:shutdownLeaderElection(134)) - a7998a79-199c-44f4-b3c2-ea75c49d687d: shutdown LeaderElection
2019-10-18 14:22:56,189 [a7998a79-199c-44f4-b3c2-ea75c49d687d@group-8175D73357F8-LeaderElection24] INFO  impl.RoleInfo (RoleInfo.java:updateAndGet(143)) - a7998a79-199c-44f4-b3c2-ea75c49d687d: start FollowerState
2019-10-18 14:22:56,213 [Thread-664] INFO  impl.FollowerState (FollowerState.java:run(108)) - a7998a79-199c-44f4-b3c2-ea75c49d687d@group-8175D73357F8-FollowerState: change to CANDIDATE, lastRpcTime:24ms, electionTimeout:24ms
2019-10-18 14:22:56,215 [Thread-664] INFO  impl.RoleInfo (RoleInfo.java:shutdownFollowerState(121)) - a7998a79-199c-44f4-b3c2-ea75c49d687d: shutdown FollowerState
2019-10-18 14:22:56,215 [Thread-664] INFO  impl.RaftServerImpl (RaftServerImpl.java:setRole(184)) - a7998a79-199c-44f4-b3c2-ea75c49d687d@group-8175D73357F8: changes role from  FOLLOWER to CANDIDATE at term 16 for changeToCandidate
2019-10-18 14:22:56,215 [Thread-664] INFO  impl.RoleInfo (RoleInfo.java:updateAndGet(143)) - a7998a79-199c-44f4-b3c2-ea75c49d687d: start LeaderElection
2019-10-18 14:22:56,230 [a7998a79-199c-44f4-b3c2-ea75c49d687d@group-8175D73357F8-LeaderElection25] INFO  impl.LeaderElection (LeaderElection.java:askForVotes(178)) - a7998a79-199c-44f4-b3c2-ea75c49d687d@group-8175D73357F8-LeaderElection25: begin an election at term 17 for 0: [a7998a79-199c-44f4-b3c2-ea75c49d687d:192.168.157.233:46825, 2d385246-963b-498d-9e2e-bc24e50fd0c7:192.168.157.233:40769, ee386961-2337-4a8c-9c8d-dbca8671699a:192.168.157.233:35014], old=null
2019-10-18 14:22:56,236 [grpc-default-executor-4] INFO  impl.RaftServerImpl (RaftServerImpl.java:setRole(184)) - 2d385246-963b-498d-9e2e-bc24e50fd0c7@group-8175D73357F8: changes role from  FOLLOWER to FOLLOWER at term 17 for recognizeCandidate:a7998a79-199c-44f4-b3c2-ea75c49d687d
2019-10-18 14:22:56,236 [grpc-default-executor-5] INFO  impl.RaftServerImpl (RaftServerImpl.java:setRole(184)) - ee386961-2337-4a8c-9c8d-dbca8671699a@group-8175D73357F8: changes role from  FOLLOWER to FOLLOWER at term 17 for recognizeCandidate:a7998a79-199c-44f4-b3c2-ea75c49d687d
2019-10-18 14:22:56,237 [grpc-default-executor-4] INFO  impl.RoleInfo (RoleInfo.java:shutdownFollowerState(121)) - 2d385246-963b-498d-9e2e-bc24e50fd0c7: shutdown FollowerState
2019-10-18 14:22:56,237 [grpc-default-executor-5] INFO  impl.RoleInfo (RoleInfo.java:shutdownFollowerState(121)) - ee386961-2337-4a8c-9c8d-dbca8671699a: shutdown FollowerState
2019-10-18 14:22:56,237 [Thread-662] INFO  impl.FollowerState (FollowerState.java:run(117)) - 2d385246-963b-498d-9e2e-bc24e50fd0c7@group-8175D73357F8-FollowerState was interrupted: java.lang.InterruptedException: sleep interrupted
2019-10-18 14:22:56,237 [grpc-default-executor-4] INFO  impl.RoleInfo (RoleInfo.java:updateAndGet(143)) - 2d385246-963b-498d-9e2e-bc24e50fd0c7: start FollowerState
2019-10-18 14:22:56,237 [Thread-663] INFO  impl.FollowerState (FollowerState.java:run(117)) - ee386961-2337-4a8c-9c8d-dbca8671699a@group-8175D73357F8-FollowerState was interrupted: java.lang.InterruptedException: sleep interrupted
2019-10-18 14:22:56,237 [grpc-default-executor-5] INFO  impl.RoleInfo (RoleInfo.java:updateAndGet(143)) - ee386961-2337-4a8c-9c8d-dbca8671699a: start FollowerState
2019-10-18 14:22:56,249 [a7998a79-199c-44f4-b3c2-ea75c49d687d@group-8175D73357F8-LeaderElection25] INFO  impl.LeaderElection (LeaderElection.java:logAndReturn(56)) - a7998a79-199c-44f4-b3c2-ea75c49d687d@group-8175D73357F8-LeaderElection25: Election REJECTED; received 2 response(s) [a7998a79-199c-44f4-b3c2-ea75c49d687d<-2d385246-963b-498d-9e2e-bc24e50fd0c7#0:FAIL-t17, a7998a79-199c-44f4-b3c2-ea75c49d687d<-ee386961-2337-4a8c-9c8d-dbca8671699a#0:FAIL-t17] and 0 exception(s); a7998a79-199c-44f4-b3c2-ea75c49d687d@group-8175D73357F8:t17, leader=null, voted=a7998a79-199c-44f4-b3c2-ea75c49d687d, raftlog=a7998a79-199c-44f4-b3c2-ea75c49d687d@group-8175D73357F8-SegmentedRaftLog:OPENED:c3,f4,i4, conf=0: [a7998a79-199c-44f4-b3c2-ea75c49d687d:192.168.157.233:46825, 2d385246-963b-498d-9e2e-bc24e50fd0c7:192.168.157.233:40769, ee386961-2337-4a8c-9c8d-dbca8671699a:192.168.157.233:35014], old=null
2019-10-18 14:22:56,250 [a7998a79-199c-44f4-b3c2-ea75c49d687d@group-8175D73357F8-LeaderElection25] INFO  impl.RaftServerImpl (RaftServerImpl.java:setRole(184)) - a7998a79-199c-44f4-b3c2-ea75c49d687d@group-8175D73357F8: changes role from CANDIDATE to FOLLOWER at term 17 for DISCOVERED_A_NEW_TERM
2019-10-18 14:22:56,250 [a7998a79-199c-44f4-b3c2-ea75c49d687d@group-8175D73357F8-LeaderElection25] INFO  impl.RoleInfo (RoleInfo.java:shutdownLeaderElection(134)) - a7998a79-199c-44f4-b3c2-ea75c49d687d: shutdown LeaderElection
2019-10-18 14:22:56,250 [a7998a79-199c-44f4-b3c2-ea75c49d687d@group-8175D73357F8-LeaderElection25] INFO  impl.RoleInfo (RoleInfo.java:updateAndGet(143)) - a7998a79-199c-44f4-b3c2-ea75c49d687d: start FollowerState
2019-10-18 14:22:56,332 [Thread-670] INFO  impl.FollowerState (FollowerState.java:run(108)) - a7998a79-199c-44f4-b3c2-ea75c49d687d@group-8175D73357F8-FollowerState: change to CANDIDATE, lastRpcTime:82ms, electionTimeout:82ms
2019-10-18 14:22:56,334 [Thread-670] INFO  impl.RoleInfo (RoleInfo.java:shutdownFollowerState(121)) - a7998a79-199c-44f4-b3c2-ea75c49d687d: shutdown FollowerState
2019-10-18 14:22:56,334 [Thread-670] INFO  impl.RaftServerImpl (RaftServerImpl.java:setRole(184)) - a7998a79-199c-44f4-b3c2-ea75c49d687d@group-8175D73357F8: changes role from  FOLLOWER to CANDIDATE at term 17 for changeToCandidate
2019-10-18 14:22:56,334 [Thread-670] INFO  impl.RoleInfo (RoleInfo.java:updateAndGet(143)) - a7998a79-199c-44f4-b3c2-ea75c49d687d: start LeaderElection
2019-10-18 14:22:56,349 [a7998a79-199c-44f4-b3c2-ea75c49d687d@group-8175D73357F8-LeaderElection26] INFO  impl.LeaderElection (LeaderElection.java:askForVotes(178)) - a7998a79-199c-44f4-b3c2-ea75c49d687d@group-8175D73357F8-LeaderElection26: begin an election at term 18 for 0: [a7998a79-199c-44f4-b3c2-ea75c49d687d:192.168.157.233:46825, 2d385246-963b-498d-9e2e-bc24e50fd0c7:192.168.157.233:40769, ee386961-2337-4a8c-9c8d-dbca8671699a:192.168.157.233:35014], old=null
2019-10-18 14:22:56,353 [grpc-default-executor-5] INFO  impl.RaftServerImpl (RaftServerImpl.java:setRole(184)) - 2d385246-963b-498d-9e2e-bc24e50fd0c7@group-8175D73357F8: changes role from  FOLLOWER to FOLLOWER at term 18 for recognizeCandidate:a7998a79-199c-44f4-b3c2-ea75c49d687d
2019-10-18 14:22:56,353 [grpc-default-executor-4] INFO  impl.RaftServerImpl (RaftServerImpl.java:setRole(184)) - ee386961-2337-4a8c-9c8d-dbca8671699a@group-8175D73357F8: changes role from  FOLLOWER to FOLLOWER at term 18 for recognizeCandidate:a7998a79-199c-44f4-b3c2-ea75c49d687d
2019-10-18 14:22:56,353 [grpc-default-executor-5] INFO  impl.RoleInfo (RoleInfo.java:shutdownFollowerState(121)) - 2d385246-963b-498d-9e2e-bc24e50fd0c7: shutdown FollowerState
2019-10-18 14:22:56,353 [grpc-default-executor-4] INFO  impl.RoleInfo (RoleInfo.java:shutdownFollowerState(121)) - ee386961-2337-4a8c-9c8d-dbca8671699a: shutdown FollowerState
2019-10-18 14:22:56,354 [grpc-default-executor-5] INFO  impl.RoleInfo (RoleInfo.java:updateAndGet(143)) - 2d385246-963b-498d-9e2e-bc24e50fd0c7: start FollowerState
2019-10-18 14:22:56,354 [Thread-668] INFO  impl.FollowerState (FollowerState.java:run(117)) - 2d385246-963b-498d-9e2e-bc24e50fd0c7@group-8175D73357F8-FollowerState was interrupted: java.lang.InterruptedException: sleep interrupted
2019-10-18 14:22:56,354 [Thread-669] INFO  impl.FollowerState (FollowerState.java:run(117)) - ee386961-2337-4a8c-9c8d-dbca8671699a@group-8175D73357F8-FollowerState was interrupted: java.lang.InterruptedException: sleep interrupted
2019-10-18 14:22:56,354 [grpc-default-executor-4] INFO  impl.RoleInfo (RoleInfo.java:updateAndGet(143)) - ee386961-2337-4a8c-9c8d-dbca8671699a: start FollowerState
2019-10-18 14:22:56,370 [a7998a79-199c-44f4-b3c2-ea75c49d687d@group-8175D73357F8-LeaderElection26] INFO  impl.LeaderElection (LeaderElection.java:logAndReturn(56)) - a7998a79-199c-44f4-b3c2-ea75c49d687d@group-8175D73357F8-LeaderElection26: Election REJECTED; received 2 response(s) [a7998a79-199c-44f4-b3c2-ea75c49d687d<-2d385246-963b-498d-9e2e-bc24e50fd0c7#0:FAIL-t18, a7998a79-199c-44f4-b3c2-ea75c49d687d<-ee386961-2337-4a8c-9c8d-dbca8671699a#0:FAIL-t18] and 0 exception(s); a7998a79-199c-44f4-b3c2-ea75c49d687d@group-8175D73357F8:t18, leader=null, voted=a7998a79-199c-44f4-b3c2-ea75c49d687d, raftlog=a7998a79-199c-44f4-b3c2-ea75c49d687d@group-8175D73357F8-SegmentedRaftLog:OPENED:c3,f4,i4, conf=0: [a7998a79-199c-44f4-b3c2-ea75c49d687d:192.168.157.233:46825, 2d385246-963b-498d-9e2e-bc24e50fd0c7:192.168.157.233:40769, ee386961-2337-4a8c-9c8d-dbca8671699a:192.168.157.233:35014], old=null
2019-10-18 14:22:56,370 [a7998a79-199c-44f4-b3c2-ea75c49d687d@group-8175D73357F8-LeaderElection26] INFO  impl.RaftServerImpl (RaftServerImpl.java:setRole(184)) - a7998a79-199c-44f4-b3c2-ea75c49d687d@group-8175D73357F8: changes role from CANDIDATE to FOLLOWER at term 18 for DISCOVERED_A_NEW_TERM
2019-10-18 14:22:56,370 [a7998a79-199c-44f4-b3c2-ea75c49d687d@group-8175D73357F8-LeaderElection26] INFO  impl.RoleInfo (RoleInfo.java:shutdownLeaderElection(134)) - a7998a79-199c-44f4-b3c2-ea75c49d687d: shutdown LeaderElection
2019-10-18 14:22:56,370 [a7998a79-199c-44f4-b3c2-ea75c49d687d@group-8175D73357F8-LeaderElection26] INFO  impl.RoleInfo (RoleInfo.java:updateAndGet(143)) - a7998a79-199c-44f4-b3c2-ea75c49d687d: start FollowerState
2019-10-18 14:22:56,397 [java.util.concurrent.ThreadPoolExecutor$Worker@5bad3adb[State = -1, empty queue]] WARN  server.GrpcLogAppender (GrpcLogAppender.java:timeoutAppendRequest(209)) - 2d385246-963b-498d-9e2e-bc24e50fd0c7@group-8175D73357F8->a7998a79-199c-44f4-b3c2-ea75c49d687d-GrpcLogAppender: appendEntries Timeout, request=2d385246-963b-498d-9e2e-bc24e50fd0c7->a7998a79-199c-44f4-b3c2-ea75c49d687d#52-t6, previous=(t:6, i:10), leaderCommit=10, initializing? false, entries: <empty>
2019-10-18 14:22:56,404 [pool-7-thread-4] INFO  commands.RetriableDatanodeEventWatcher (RetriableDatanodeEventWatcher.java:onTimeout(47)) - RetriableDatanodeCommand type=deleteBlocksCommand with id=1571408571403 timed out. Retrying.
2019-10-18 14:22:56,405 [pool-7-thread-5] INFO  commands.RetriableDatanodeEventWatcher (RetriableDatanodeEventWatcher.java:onTimeout(47)) - RetriableDatanodeCommand type=deleteBlocksCommand with id=1571408571405 timed out. Retrying.
2019-10-18 14:22:56,405 [pool-7-thread-2] INFO  commands.RetriableDatanodeEventWatcher (RetriableDatanodeEventWatcher.java:onTimeout(47)) - RetriableDatanodeCommand type=deleteBlocksCommand with id=1571408571406 timed out. Retrying.
2019-10-18 14:22:56,405 [pool-7-thread-1] INFO  commands.RetriableDatanodeEventWatcher (RetriableDatanodeEventWatcher.java:onTimeout(47)) - RetriableDatanodeCommand type=deleteBlocksCommand with id=1571408571404 timed out. Retrying.
2019-10-18 14:22:56,405 [pool-7-thread-3] INFO  commands.RetriableDatanodeEventWatcher (RetriableDatanodeEventWatcher.java:onTimeout(47)) - RetriableDatanodeCommand type=deleteBlocksCommand with id=1571408571401 timed out. Retrying.
2019-10-18 14:22:56,406 [SCMBlockDeletingService#1] INFO  block.SCMBlockDeletingService (SCMBlockDeletingService.java:call(184)) - Totally added 1 delete blocks command for 1 datanodes, task elapsed time: 1ms
2019-10-18 14:22:56,511 [Thread-676] INFO  impl.FollowerState (FollowerState.java:run(108)) - a7998a79-199c-44f4-b3c2-ea75c49d687d@group-8175D73357F8-FollowerState: change to CANDIDATE, lastRpcTime:140ms, electionTimeout:140ms
2019-10-18 14:22:56,511 [Thread-676] INFO  impl.RoleInfo (RoleInfo.java:shutdownFollowerState(121)) - a7998a79-199c-44f4-b3c2-ea75c49d687d: shutdown FollowerState
2019-10-18 14:22:56,511 [Thread-676] INFO  impl.RaftServerImpl (RaftServerImpl.java:setRole(184)) - a7998a79-199c-44f4-b3c2-ea75c49d687d@group-8175D73357F8: changes role from  FOLLOWER to CANDIDATE at term 18 for changeToCandidate
2019-10-18 14:22:56,512 [Thread-676] INFO  impl.RoleInfo (RoleInfo.java:updateAndGet(143)) - a7998a79-199c-44f4-b3c2-ea75c49d687d: start LeaderElection
2019-10-18 14:22:56,528 [a7998a79-199c-44f4-b3c2-ea75c49d687d@group-8175D73357F8-LeaderElection27] INFO  impl.LeaderElection (LeaderElection.java:askForVotes(178)) - a7998a79-199c-44f4-b3c2-ea75c49d687d@group-8175D73357F8-LeaderElection27: begin an election at term 19 for 0: [a7998a79-199c-44f4-b3c2-ea75c49d687d:192.168.157.233:46825, 2d385246-963b-498d-9e2e-bc24e50fd0c7:192.168.157.233:40769, ee386961-2337-4a8c-9c8d-dbca8671699a:192.168.157.233:35014], old=null
2019-10-18 14:22:56,534 [grpc-default-executor-4] INFO  impl.RaftServerImpl (RaftServerImpl.java:setRole(184)) - ee386961-2337-4a8c-9c8d-dbca8671699a@group-8175D73357F8: changes role from  FOLLOWER to FOLLOWER at term 19 for recognizeCandidate:a7998a79-199c-44f4-b3c2-ea75c49d687d
2019-10-18 14:22:56,535 [grpc-default-executor-5] INFO  impl.RaftServerImpl (RaftServerImpl.java:setRole(184)) - 2d385246-963b-498d-9e2e-bc24e50fd0c7@group-8175D73357F8: changes role from  FOLLOWER to FOLLOWER at term 19 for recognizeCandidate:a7998a79-199c-44f4-b3c2-ea75c49d687d
2019-10-18 14:22:56,535 [grpc-default-executor-4] INFO  impl.RoleInfo (RoleInfo.java:shutdownFollowerState(121)) - ee386961-2337-4a8c-9c8d-dbca8671699a: shutdown FollowerState
2019-10-18 14:22:56,535 [grpc-default-executor-5] INFO  impl.RoleInfo (RoleInfo.java:shutdownFollowerState(121)) - 2d385246-963b-498d-9e2e-bc24e50fd0c7: shutdown FollowerState
2019-10-18 14:22:56,535 [grpc-default-executor-4] INFO  impl.RoleInfo (RoleInfo.java:updateAndGet(143)) - ee386961-2337-4a8c-9c8d-dbca8671699a: start FollowerState
2019-10-18 14:22:56,535 [Thread-675] INFO  impl.FollowerState (FollowerState.java:run(117)) - ee386961-2337-4a8c-9c8d-dbca8671699a@group-8175D73357F8-FollowerState was interrupted: java.lang.InterruptedException: sleep interrupted
2019-10-18 14:22:56,535 [Thread-674] INFO  impl.FollowerState (FollowerState.java:run(117)) - 2d385246-963b-498d-9e2e-bc24e50fd0c7@group-8175D73357F8-FollowerState was interrupted: java.lang.InterruptedException: sleep interrupted
2019-10-18 14:22:56,535 [grpc-default-executor-5] INFO  impl.RoleInfo (RoleInfo.java:updateAndGet(143)) - 2d385246-963b-498d-9e2e-bc24e50fd0c7: start FollowerState
2019-10-18 14:22:56,552 [a7998a79-199c-44f4-b3c2-ea75c49d687d@group-8175D73357F8-LeaderElection27] INFO  impl.LeaderElection (LeaderElection.java:logAndReturn(56)) - a7998a79-199c-44f4-b3c2-ea75c49d687d@group-8175D73357F8-LeaderElection27: Election REJECTED; received 2 response(s) [a7998a79-199c-44f4-b3c2-ea75c49d687d<-2d385246-963b-498d-9e2e-bc24e50fd0c7#0:FAIL-t19, a7998a79-199c-44f4-b3c2-ea75c49d687d<-ee386961-2337-4a8c-9c8d-dbca8671699a#0:FAIL-t19] and 0 exception(s); a7998a79-199c-44f4-b3c2-ea75c49d687d@group-8175D73357F8:t19, leader=null, voted=a7998a79-199c-44f4-b3c2-ea75c49d687d, raftlog=a7998a79-199c-44f4-b3c2-ea75c49d687d@group-8175D73357F8-SegmentedRaftLog:OPENED:c3,f4,i4, conf=0: [a7998a79-199c-44f4-b3c2-ea75c49d687d:192.168.157.233:46825, 2d385246-963b-498d-9e2e-bc24e50fd0c7:192.168.157.233:40769, ee386961-2337-4a8c-9c8d-dbca8671699a:192.168.157.233:35014], old=null
2019-10-18 14:22:56,553 [a7998a79-199c-44f4-b3c2-ea75c49d687d@group-8175D73357F8-LeaderElection27] INFO  impl.RaftServerImpl (RaftServerImpl.java:setRole(184)) - a7998a79-199c-44f4-b3c2-ea75c49d687d@group-8175D73357F8: changes role from CANDIDATE to FOLLOWER at term 19 for DISCOVERED_A_NEW_TERM
2019-10-18 14:22:56,553 [a7998a79-199c-44f4-b3c2-ea75c49d687d@group-8175D73357F8-LeaderElection27] INFO  impl.RoleInfo (RoleInfo.java:shutdownLeaderElection(134)) - a7998a79-199c-44f4-b3c2-ea75c49d687d: shutdown LeaderElection
2019-10-18 14:22:56,553 [a7998a79-199c-44f4-b3c2-ea75c49d687d@group-8175D73357F8-LeaderElection27] INFO  impl.RoleInfo (RoleInfo.java:updateAndGet(143)) - a7998a79-199c-44f4-b3c2-ea75c49d687d: start FollowerState
2019-10-18 14:22:56,658 [Thread-682] INFO  impl.FollowerState (FollowerState.java:run(108)) - a7998a79-199c-44f4-b3c2-ea75c49d687d@group-8175D73357F8-FollowerState: change to CANDIDATE, lastRpcTime:104ms, electionTimeout:104ms
2019-10-18 14:22:56,659 [Thread-682] INFO  impl.RoleInfo (RoleInfo.java:shutdownFollowerState(121)) - a7998a79-199c-44f4-b3c2-ea75c49d687d: shutdown FollowerState
2019-10-18 14:22:56,659 [Thread-682] INFO  impl.RaftServerImpl (RaftServerImpl.java:setRole(184)) - a7998a79-199c-44f4-b3c2-ea75c49d687d@group-8175D73357F8: changes role from  FOLLOWER to CANDIDATE at term 19 for changeToCandidate
2019-10-18 14:22:56,659 [Thread-682] INFO  impl.RoleInfo (RoleInfo.java:updateAndGet(143)) - a7998a79-199c-44f4-b3c2-ea75c49d687d: start LeaderElection
2019-10-18 14:22:56,674 [a7998a79-199c-44f4-b3c2-ea75c49d687d@group-8175D73357F8-LeaderElection28] INFO  impl.LeaderElection (LeaderElection.java:askForVotes(178)) - a7998a79-199c-44f4-b3c2-ea75c49d687d@group-8175D73357F8-LeaderElection28: begin an election at term 20 for 0: [a7998a79-199c-44f4-b3c2-ea75c49d687d:192.168.157.233:46825, 2d385246-963b-498d-9e2e-bc24e50fd0c7:192.168.157.233:40769, ee386961-2337-4a8c-9c8d-dbca8671699a:192.168.157.233:35014], old=null
2019-10-18 14:22:56,678 [grpc-default-executor-5] INFO  impl.RaftServerImpl (RaftServerImpl.java:setRole(184)) - ee386961-2337-4a8c-9c8d-dbca8671699a@group-8175D73357F8: changes role from  FOLLOWER to FOLLOWER at term 20 for recognizeCandidate:a7998a79-199c-44f4-b3c2-ea75c49d687d
2019-10-18 14:22:56,678 [grpc-default-executor-4] INFO  impl.RaftServerImpl (RaftServerImpl.java:setRole(184)) - 2d385246-963b-498d-9e2e-bc24e50fd0c7@group-8175D73357F8: changes role from  FOLLOWER to FOLLOWER at term 20 for recognizeCandidate:a7998a79-199c-44f4-b3c2-ea75c49d687d
2019-10-18 14:22:56,679 [grpc-default-executor-5] INFO  impl.RoleInfo (RoleInfo.java:shutdownFollowerState(121)) - ee386961-2337-4a8c-9c8d-dbca8671699a: shutdown FollowerState
2019-10-18 14:22:56,679 [grpc-default-executor-4] INFO  impl.RoleInfo (RoleInfo.java:shutdownFollowerState(121)) - 2d385246-963b-498d-9e2e-bc24e50fd0c7: shutdown FollowerState
2019-10-18 14:22:56,679 [Thread-680] INFO  impl.FollowerState (FollowerState.java:run(117)) - ee386961-2337-4a8c-9c8d-dbca8671699a@group-8175D73357F8-FollowerState was interrupted: java.lang.InterruptedException: sleep interrupted
2019-10-18 14:22:56,679 [grpc-default-executor-4] INFO  impl.RoleInfo (RoleInfo.java:updateAndGet(143)) - 2d385246-963b-498d-9e2e-bc24e50fd0c7: start FollowerState
2019-10-18 14:22:56,679 [grpc-default-executor-5] INFO  impl.RoleInfo (RoleInfo.java:updateAndGet(143)) - ee386961-2337-4a8c-9c8d-dbca8671699a: start FollowerState
2019-10-18 14:22:56,679 [Thread-681] INFO  impl.FollowerState (FollowerState.java:run(117)) - 2d385246-963b-498d-9e2e-bc24e50fd0c7@group-8175D73357F8-FollowerState was interrupted: java.lang.InterruptedException: sleep interrupted
2019-10-18 14:22:56,700 [a7998a79-199c-44f4-b3c2-ea75c49d687d@group-8175D73357F8-LeaderElection28] INFO  impl.LeaderElection (LeaderElection.java:logAndReturn(56)) - a7998a79-199c-44f4-b3c2-ea75c49d687d@group-8175D73357F8-LeaderElection28: Election REJECTED; received 2 response(s) [a7998a79-199c-44f4-b3c2-ea75c49d687d<-2d385246-963b-498d-9e2e-bc24e50fd0c7#0:FAIL-t20, a7998a79-199c-44f4-b3c2-ea75c49d687d<-ee386961-2337-4a8c-9c8d-dbca8671699a#0:FAIL-t20] and 0 exception(s); a7998a79-199c-44f4-b3c2-ea75c49d687d@group-8175D73357F8:t20, leader=null, voted=a7998a79-199c-44f4-b3c2-ea75c49d687d, raftlog=a7998a79-199c-44f4-b3c2-ea75c49d687d@group-8175D73357F8-SegmentedRaftLog:OPENED:c3,f4,i4, conf=0: [a7998a79-199c-44f4-b3c2-ea75c49d687d:192.168.157.233:46825, 2d385246-963b-498d-9e2e-bc24e50fd0c7:192.168.157.233:40769, ee386961-2337-4a8c-9c8d-dbca8671699a:192.168.157.233:35014], old=null
2019-10-18 14:22:56,701 [a7998a79-199c-44f4-b3c2-ea75c49d687d@group-8175D73357F8-LeaderElection28] INFO  impl.RaftServerImpl (RaftServerImpl.java:setRole(184)) - a7998a79-199c-44f4-b3c2-ea75c49d687d@group-8175D73357F8: changes role from CANDIDATE to FOLLOWER at term 20 for DISCOVERED_A_NEW_TERM
2019-10-18 14:22:56,701 [a7998a79-199c-44f4-b3c2-ea75c49d687d@group-8175D73357F8-LeaderElection28] INFO  impl.RoleInfo (RoleInfo.java:shutdownLeaderElection(134)) - a7998a79-199c-44f4-b3c2-ea75c49d687d: shutdown LeaderElection
2019-10-18 14:22:56,701 [a7998a79-199c-44f4-b3c2-ea75c49d687d@group-8175D73357F8-LeaderElection28] INFO  impl.RoleInfo (RoleInfo.java:updateAndGet(143)) - a7998a79-199c-44f4-b3c2-ea75c49d687d: start FollowerState
2019-10-18 14:22:56,759 [EventQueue-PendingDeleteStatusForPendingDeleteHandler] INFO  block.SCMBlockDeletingService (SCMBlockDeletingService.java:handlePendingDeletes(115)) - Block deletion txnID mismatch in datanode a7998a79-199c-44f4-b3c2-ea75c49d687d for containerID 1. Datanode delete txnID: 0, SCM txnID: 1
2019-10-18 14:22:56,849 [Thread-688] INFO  impl.FollowerState (FollowerState.java:run(108)) - a7998a79-199c-44f4-b3c2-ea75c49d687d@group-8175D73357F8-FollowerState: change to CANDIDATE, lastRpcTime:148ms, electionTimeout:148ms
2019-10-18 14:22:56,850 [Thread-688] INFO  impl.RoleInfo (RoleInfo.java:shutdownFollowerState(121)) - a7998a79-199c-44f4-b3c2-ea75c49d687d: shutdown FollowerState
2019-10-18 14:22:56,850 [Thread-688] INFO  impl.RaftServerImpl (RaftServerImpl.java:setRole(184)) - a7998a79-199c-44f4-b3c2-ea75c49d687d@group-8175D73357F8: changes role from  FOLLOWER to CANDIDATE at term 20 for changeToCandidate
2019-10-18 14:22:56,850 [Thread-688] INFO  impl.RoleInfo (RoleInfo.java:updateAndGet(143)) - a7998a79-199c-44f4-b3c2-ea75c49d687d: start LeaderElection
2019-10-18 14:22:56,864 [a7998a79-199c-44f4-b3c2-ea75c49d687d@group-8175D73357F8-LeaderElection29] INFO  impl.LeaderElection (LeaderElection.java:askForVotes(178)) - a7998a79-199c-44f4-b3c2-ea75c49d687d@group-8175D73357F8-LeaderElection29: begin an election at term 21 for 0: [a7998a79-199c-44f4-b3c2-ea75c49d687d:192.168.157.233:46825, 2d385246-963b-498d-9e2e-bc24e50fd0c7:192.168.157.233:40769, ee386961-2337-4a8c-9c8d-dbca8671699a:192.168.157.233:35014], old=null
2019-10-18 14:22:56,869 [grpc-default-executor-4] INFO  impl.RaftServerImpl (RaftServerImpl.java:setRole(184)) - 2d385246-963b-498d-9e2e-bc24e50fd0c7@group-8175D73357F8: changes role from  FOLLOWER to FOLLOWER at term 21 for recognizeCandidate:a7998a79-199c-44f4-b3c2-ea75c49d687d
2019-10-18 14:22:56,869 [grpc-default-executor-4] INFO  impl.RoleInfo (RoleInfo.java:shutdownFollowerState(121)) - 2d385246-963b-498d-9e2e-bc24e50fd0c7: shutdown FollowerState
2019-10-18 14:22:56,870 [Thread-687] INFO  impl.FollowerState (FollowerState.java:run(117)) - 2d385246-963b-498d-9e2e-bc24e50fd0c7@group-8175D73357F8-FollowerState was interrupted: java.lang.InterruptedException: sleep interrupted
2019-10-18 14:22:56,870 [grpc-default-executor-5] INFO  impl.RaftServerImpl (RaftServerImpl.java:setRole(184)) - ee386961-2337-4a8c-9c8d-dbca8671699a@group-8175D73357F8: changes role from  FOLLOWER to FOLLOWER at term 21 for recognizeCandidate:a7998a79-199c-44f4-b3c2-ea75c49d687d
2019-10-18 14:22:56,870 [grpc-default-executor-5] INFO  impl.RoleInfo (RoleInfo.java:shutdownFollowerState(121)) - ee386961-2337-4a8c-9c8d-dbca8671699a: shutdown FollowerState
2019-10-18 14:22:56,870 [grpc-default-executor-4] INFO  impl.RoleInfo (RoleInfo.java:updateAndGet(143)) - 2d385246-963b-498d-9e2e-bc24e50fd0c7: start FollowerState
2019-10-18 14:22:56,871 [Thread-686] INFO  impl.FollowerState (FollowerState.java:run(117)) - ee386961-2337-4a8c-9c8d-dbca8671699a@group-8175D73357F8-FollowerState was interrupted: java.lang.InterruptedException: sleep interrupted
2019-10-18 14:22:56,871 [grpc-default-executor-5] INFO  impl.RoleInfo (RoleInfo.java:updateAndGet(143)) - ee386961-2337-4a8c-9c8d-dbca8671699a: start FollowerState
2019-10-18 14:22:56,886 [a7998a79-199c-44f4-b3c2-ea75c49d687d@group-8175D73357F8-LeaderElection29] INFO  impl.LeaderElection (LeaderElection.java:logAndReturn(56)) - a7998a79-199c-44f4-b3c2-ea75c49d687d@group-8175D73357F8-LeaderElection29: Election REJECTED; received 2 response(s) [a7998a79-199c-44f4-b3c2-ea75c49d687d<-2d385246-963b-498d-9e2e-bc24e50fd0c7#0:FAIL-t21, a7998a79-199c-44f4-b3c2-ea75c49d687d<-ee386961-2337-4a8c-9c8d-dbca8671699a#0:FAIL-t21] and 0 exception(s); a7998a79-199c-44f4-b3c2-ea75c49d687d@group-8175D73357F8:t21, leader=null, voted=a7998a79-199c-44f4-b3c2-ea75c49d687d, raftlog=a7998a79-199c-44f4-b3c2-ea75c49d687d@group-8175D73357F8-SegmentedRaftLog:OPENED:c3,f4,i4, conf=0: [a7998a79-199c-44f4-b3c2-ea75c49d687d:192.168.157.233:46825, 2d385246-963b-498d-9e2e-bc24e50fd0c7:192.168.157.233:40769, ee386961-2337-4a8c-9c8d-dbca8671699a:192.168.157.233:35014], old=null
2019-10-18 14:22:56,886 [a7998a79-199c-44f4-b3c2-ea75c49d687d@group-8175D73357F8-LeaderElection29] INFO  impl.RaftServerImpl (RaftServerImpl.java:setRole(184)) - a7998a79-199c-44f4-b3c2-ea75c49d687d@group-8175D73357F8: changes role from CANDIDATE to FOLLOWER at term 21 for DISCOVERED_A_NEW_TERM
2019-10-18 14:22:56,886 [a7998a79-199c-44f4-b3c2-ea75c49d687d@group-8175D73357F8-LeaderElection29] INFO  impl.RoleInfo (RoleInfo.java:shutdownLeaderElection(134)) - a7998a79-199c-44f4-b3c2-ea75c49d687d: shutdown LeaderElection
2019-10-18 14:22:56,887 [a7998a79-199c-44f4-b3c2-ea75c49d687d@group-8175D73357F8-LeaderElection29] INFO  impl.RoleInfo (RoleInfo.java:updateAndGet(143)) - a7998a79-199c-44f4-b3c2-ea75c49d687d: start FollowerState
2019-10-18 14:22:56,988 [Thread-695] INFO  impl.FollowerState (FollowerState.java:run(108)) - a7998a79-199c-44f4-b3c2-ea75c49d687d@group-8175D73357F8-FollowerState: change to CANDIDATE, lastRpcTime:101ms, electionTimeout:101ms
2019-10-18 14:22:56,990 [Thread-695] INFO  impl.RoleInfo (RoleInfo.java:shutdownFollowerState(121)) - a7998a79-199c-44f4-b3c2-ea75c49d687d: shutdown FollowerState
2019-10-18 14:22:56,990 [Thread-695] INFO  impl.RaftServerImpl (RaftServerImpl.java:setRole(184)) - a7998a79-199c-44f4-b3c2-ea75c49d687d@group-8175D73357F8: changes role from  FOLLOWER to CANDIDATE at term 21 for changeToCandidate
2019-10-18 14:22:56,990 [Thread-695] INFO  impl.RoleInfo (RoleInfo.java:updateAndGet(143)) - a7998a79-199c-44f4-b3c2-ea75c49d687d: start LeaderElection
2019-10-18 14:22:57,004 [a7998a79-199c-44f4-b3c2-ea75c49d687d@group-8175D73357F8-LeaderElection30] INFO  impl.LeaderElection (LeaderElection.java:askForVotes(178)) - a7998a79-199c-44f4-b3c2-ea75c49d687d@group-8175D73357F8-LeaderElection30: begin an election at term 22 for 0: [a7998a79-199c-44f4-b3c2-ea75c49d687d:192.168.157.233:46825, 2d385246-963b-498d-9e2e-bc24e50fd0c7:192.168.157.233:40769, ee386961-2337-4a8c-9c8d-dbca8671699a:192.168.157.233:35014], old=null
2019-10-18 14:22:57,005 [Thread-700] INFO  client.GrpcClientProtocolService (GrpcClientProtocolService.java:lambda$processClientRequest$0(278)) - Failed RaftClientRequest:client-49F5F9D51947->2d385246-963b-498d-9e2e-bc24e50fd0c7@group-8175D73357F8, cid=10, seq=0, Watch-ALL_COMMITTED(6), Message:<EMPTY>, reply=RaftClientReply:client-49F5F9D51947->2d385246-963b-498d-9e2e-bc24e50fd0c7@group-8175D73357F8, cid=10, FAILED org.apache.ratis.protocol.NotLeaderException: Server 2d385246-963b-498d-9e2e-bc24e50fd0c7@group-8175D73357F8 is not the leader, logIndex=0, commits[2d385246-963b-498d-9e2e-bc24e50fd0c7:c10, a7998a79-199c-44f4-b3c2-ea75c49d687d:c4, ee386961-2337-4a8c-9c8d-dbca8671699a:c10]
2019-10-18 14:22:57,016 [grpc-default-executor-5] INFO  impl.RaftServerImpl (RaftServerImpl.java:setRole(184)) - ee386961-2337-4a8c-9c8d-dbca8671699a@group-8175D73357F8: changes role from  FOLLOWER to FOLLOWER at term 22 for recognizeCandidate:a7998a79-199c-44f4-b3c2-ea75c49d687d
2019-10-18 14:22:57,017 [grpc-default-executor-5] INFO  impl.RoleInfo (RoleInfo.java:shutdownFollowerState(121)) - ee386961-2337-4a8c-9c8d-dbca8671699a: shutdown FollowerState
2019-10-18 14:22:57,017 [grpc-default-executor-4] INFO  impl.RaftServerImpl (RaftServerImpl.java:setRole(184)) - 2d385246-963b-498d-9e2e-bc24e50fd0c7@group-8175D73357F8: changes role from  FOLLOWER to FOLLOWER at term 22 for recognizeCandidate:a7998a79-199c-44f4-b3c2-ea75c49d687d
2019-10-18 14:22:57,018 [Thread-694] INFO  impl.FollowerState (FollowerState.java:run(117)) - ee386961-2337-4a8c-9c8d-dbca8671699a@group-8175D73357F8-FollowerState was interrupted: java.lang.InterruptedException: sleep interrupted
2019-10-18 14:22:57,018 [grpc-default-executor-5] INFO  impl.RoleInfo (RoleInfo.java:updateAndGet(143)) - ee386961-2337-4a8c-9c8d-dbca8671699a: start FollowerState
2019-10-18 14:22:57,018 [grpc-default-executor-4] INFO  impl.RoleInfo (RoleInfo.java:shutdownFollowerState(121)) - 2d385246-963b-498d-9e2e-bc24e50fd0c7: shutdown FollowerState
2019-10-18 14:22:57,021 [Thread-693] INFO  impl.FollowerState (FollowerState.java:run(117)) - 2d385246-963b-498d-9e2e-bc24e50fd0c7@group-8175D73357F8-FollowerState was interrupted: java.lang.InterruptedException: sleep interrupted
2019-10-18 14:22:57,021 [grpc-default-executor-4] INFO  impl.RoleInfo (RoleInfo.java:updateAndGet(143)) - 2d385246-963b-498d-9e2e-bc24e50fd0c7: start FollowerState
2019-10-18 14:22:57,037 [a7998a79-199c-44f4-b3c2-ea75c49d687d@group-8175D73357F8-LeaderElection30] INFO  impl.LeaderElection (LeaderElection.java:logAndReturn(56)) - a7998a79-199c-44f4-b3c2-ea75c49d687d@group-8175D73357F8-LeaderElection30: Election REJECTED; received 2 response(s) [a7998a79-199c-44f4-b3c2-ea75c49d687d<-2d385246-963b-498d-9e2e-bc24e50fd0c7#0:FAIL-t22, a7998a79-199c-44f4-b3c2-ea75c49d687d<-ee386961-2337-4a8c-9c8d-dbca8671699a#0:FAIL-t22] and 0 exception(s); a7998a79-199c-44f4-b3c2-ea75c49d687d@group-8175D73357F8:t22, leader=null, voted=a7998a79-199c-44f4-b3c2-ea75c49d687d, raftlog=a7998a79-199c-44f4-b3c2-ea75c49d687d@group-8175D73357F8-SegmentedRaftLog:OPENED:c3,f4,i4, conf=0: [a7998a79-199c-44f4-b3c2-ea75c49d687d:192.168.157.233:46825, 2d385246-963b-498d-9e2e-bc24e50fd0c7:192.168.157.233:40769, ee386961-2337-4a8c-9c8d-dbca8671699a:192.168.157.233:35014], old=null
2019-10-18 14:22:57,037 [a7998a79-199c-44f4-b3c2-ea75c49d687d@group-8175D73357F8-LeaderElection30] INFO  impl.RaftServerImpl (RaftServerImpl.java:setRole(184)) - a7998a79-199c-44f4-b3c2-ea75c49d687d@group-8175D73357F8: changes role from CANDIDATE to FOLLOWER at term 22 for DISCOVERED_A_NEW_TERM
2019-10-18 14:22:57,037 [a7998a79-199c-44f4-b3c2-ea75c49d687d@group-8175D73357F8-LeaderElection30] INFO  impl.RoleInfo (RoleInfo.java:shutdownLeaderElection(134)) - a7998a79-199c-44f4-b3c2-ea75c49d687d: shutdown LeaderElection
2019-10-18 14:22:57,038 [a7998a79-199c-44f4-b3c2-ea75c49d687d@group-8175D73357F8-LeaderElection30] INFO  impl.RoleInfo (RoleInfo.java:updateAndGet(143)) - a7998a79-199c-44f4-b3c2-ea75c49d687d: start FollowerState
2019-10-18 14:22:57,051 [BlockDeletingService#0] WARN  background.BlockDeletingService (BlockDeletingService.java:isDeletionAllowed(187)) - Close Container log Index 6 is not replicated across allthe servers in the pipeline 5a21c002-5003-4cac-9183-8175d73357f8 as the min replicated index is 4. Deletion is not allowed in this container yet.
2019-10-18 14:22:57,053 [BlockDeletingService#2] WARN  background.BlockDeletingService (BlockDeletingService.java:isDeletionAllowed(187)) - Close Container log Index 6 is not replicated across allthe servers in the pipeline 5a21c002-5003-4cac-9183-8175d73357f8 as the min replicated index is 4. Deletion is not allowed in this container yet.
2019-10-18 14:22:57,238 [Thread-704] INFO  impl.FollowerState (FollowerState.java:run(108)) - a7998a79-199c-44f4-b3c2-ea75c49d687d@group-8175D73357F8-FollowerState: change to CANDIDATE, lastRpcTime:200ms, electionTimeout:200ms
2019-10-18 14:22:57,238 [Thread-704] INFO  impl.RoleInfo (RoleInfo.java:shutdownFollowerState(121)) - a7998a79-199c-44f4-b3c2-ea75c49d687d: shutdown FollowerState
2019-10-18 14:22:57,238 [Thread-704] INFO  impl.RaftServerImpl (RaftServerImpl.java:setRole(184)) - a7998a79-199c-44f4-b3c2-ea75c49d687d@group-8175D73357F8: changes role from  FOLLOWER to CANDIDATE at term 22 for changeToCandidate
2019-10-18 14:22:57,239 [Thread-704] INFO  impl.RoleInfo (RoleInfo.java:updateAndGet(143)) - a7998a79-199c-44f4-b3c2-ea75c49d687d: start LeaderElection
2019-10-18 14:22:57,244 [a7998a79-199c-44f4-b3c2-ea75c49d687d@group-8175D73357F8-LeaderElection31] INFO  impl.LeaderElection (LeaderElection.java:askForVotes(178)) - a7998a79-199c-44f4-b3c2-ea75c49d687d@group-8175D73357F8-LeaderElection31: begin an election at term 23 for 0: [a7998a79-199c-44f4-b3c2-ea75c49d687d:192.168.157.233:46825, 2d385246-963b-498d-9e2e-bc24e50fd0c7:192.168.157.233:40769, ee386961-2337-4a8c-9c8d-dbca8671699a:192.168.157.233:35014], old=null
2019-10-18 14:22:57,247 [grpc-default-executor-5] INFO  impl.RaftServerImpl (RaftServerImpl.java:setRole(184)) - 2d385246-963b-498d-9e2e-bc24e50fd0c7@group-8175D73357F8: changes role from  FOLLOWER to FOLLOWER at term 23 for recognizeCandidate:a7998a79-199c-44f4-b3c2-ea75c49d687d
2019-10-18 14:22:57,247 [grpc-default-executor-5] INFO  impl.RoleInfo (RoleInfo.java:shutdownFollowerState(121)) - 2d385246-963b-498d-9e2e-bc24e50fd0c7: shutdown FollowerState
2019-10-18 14:22:57,247 [grpc-default-executor-4] INFO  impl.RaftServerImpl (RaftServerImpl.java:setRole(184)) - ee386961-2337-4a8c-9c8d-dbca8671699a@group-8175D73357F8: changes role from  FOLLOWER to FOLLOWER at term 23 for recognizeCandidate:a7998a79-199c-44f4-b3c2-ea75c49d687d
2019-10-18 14:22:57,247 [grpc-default-executor-5] INFO  impl.RoleInfo (RoleInfo.java:updateAndGet(143)) - 2d385246-963b-498d-9e2e-bc24e50fd0c7: start FollowerState
2019-10-18 14:22:57,247 [Thread-703] INFO  impl.FollowerState (FollowerState.java:run(117)) - 2d385246-963b-498d-9e2e-bc24e50fd0c7@group-8175D73357F8-FollowerState was interrupted: java.lang.InterruptedException: sleep interrupted
2019-10-18 14:22:57,247 [grpc-default-executor-4] INFO  impl.RoleInfo (RoleInfo.java:shutdownFollowerState(121)) - ee386961-2337-4a8c-9c8d-dbca8671699a: shutdown FollowerState
2019-10-18 14:22:57,248 [grpc-default-executor-4] INFO  impl.RoleInfo (RoleInfo.java:updateAndGet(143)) - ee386961-2337-4a8c-9c8d-dbca8671699a: start FollowerState
2019-10-18 14:22:57,248 [Thread-701] INFO  impl.FollowerState (FollowerState.java:run(117)) - ee386961-2337-4a8c-9c8d-dbca8671699a@group-8175D73357F8-FollowerState was interrupted: java.lang.InterruptedException: sleep interrupted
2019-10-18 14:22:57,262 [a7998a79-199c-44f4-b3c2-ea75c49d687d@group-8175D73357F8-LeaderElection31] INFO  impl.LeaderElection (LeaderElection.java:logAndReturn(56)) - a7998a79-199c-44f4-b3c2-ea75c49d687d@group-8175D73357F8-LeaderElection31: Election REJECTED; received 2 response(s) [a7998a79-199c-44f4-b3c2-ea75c49d687d<-2d385246-963b-498d-9e2e-bc24e50fd0c7#0:FAIL-t23, a7998a79-199c-44f4-b3c2-ea75c49d687d<-ee386961-2337-4a8c-9c8d-dbca8671699a#0:FAIL-t23] and 0 exception(s); a7998a79-199c-44f4-b3c2-ea75c49d687d@group-8175D73357F8:t23, leader=null, voted=a7998a79-199c-44f4-b3c2-ea75c49d687d, raftlog=a7998a79-199c-44f4-b3c2-ea75c49d687d@group-8175D73357F8-SegmentedRaftLog:OPENED:c3,f4,i4, conf=0: [a7998a79-199c-44f4-b3c2-ea75c49d687d:192.168.157.233:46825, 2d385246-963b-498d-9e2e-bc24e50fd0c7:192.168.157.233:40769, ee386961-2337-4a8c-9c8d-dbca8671699a:192.168.157.233:35014], old=null
2019-10-18 14:22:57,262 [a7998a79-199c-44f4-b3c2-ea75c49d687d@group-8175D73357F8-LeaderElection31] INFO  impl.RaftServerImpl (RaftServerImpl.java:setRole(184)) - a7998a79-199c-44f4-b3c2-ea75c49d687d@group-8175D73357F8: changes role from CANDIDATE to FOLLOWER at term 23 for DISCOVERED_A_NEW_TERM
2019-10-18 14:22:57,262 [a7998a79-199c-44f4-b3c2-ea75c49d687d@group-8175D73357F8-LeaderElection31] INFO  impl.RoleInfo (RoleInfo.java:shutdownLeaderElection(134)) - a7998a79-199c-44f4-b3c2-ea75c49d687d: shutdown LeaderElection
2019-10-18 14:22:57,262 [a7998a79-199c-44f4-b3c2-ea75c49d687d@group-8175D73357F8-LeaderElection31] INFO  impl.RoleInfo (RoleInfo.java:updateAndGet(143)) - a7998a79-199c-44f4-b3c2-ea75c49d687d: start FollowerState
2019-10-18 14:22:57,317 [Thread-712] INFO  impl.FollowerState (FollowerState.java:run(108)) - a7998a79-199c-44f4-b3c2-ea75c49d687d@group-8175D73357F8-FollowerState: change to CANDIDATE, lastRpcTime:54ms, electionTimeout:54ms
2019-10-18 14:22:57,318 [Thread-712] INFO  impl.RoleInfo (RoleInfo.java:shutdownFollowerState(121)) - a7998a79-199c-44f4-b3c2-ea75c49d687d: shutdown FollowerState
2019-10-18 14:22:57,319 [Thread-712] INFO  impl.RaftServerImpl (RaftServerImpl.java:setRole(184)) - a7998a79-199c-44f4-b3c2-ea75c49d687d@group-8175D73357F8: changes role from  FOLLOWER to CANDIDATE at term 23 for changeToCandidate
2019-10-18 14:22:57,319 [Thread-712] INFO  impl.RoleInfo (RoleInfo.java:updateAndGet(143)) - a7998a79-199c-44f4-b3c2-ea75c49d687d: start LeaderElection
2019-10-18 14:22:57,333 [a7998a79-199c-44f4-b3c2-ea75c49d687d@group-8175D73357F8-LeaderElection32] INFO  impl.LeaderElection (LeaderElection.java:askForVotes(178)) - a7998a79-199c-44f4-b3c2-ea75c49d687d@group-8175D73357F8-LeaderElection32: begin an election at term 24 for 0: [a7998a79-199c-44f4-b3c2-ea75c49d687d:192.168.157.233:46825, 2d385246-963b-498d-9e2e-bc24e50fd0c7:192.168.157.233:40769, ee386961-2337-4a8c-9c8d-dbca8671699a:192.168.157.233:35014], old=null
2019-10-18 14:22:57,336 [grpc-default-executor-5] INFO  impl.RaftServerImpl (RaftServerImpl.java:setRole(184)) - ee386961-2337-4a8c-9c8d-dbca8671699a@group-8175D73357F8: changes role from  FOLLOWER to FOLLOWER at term 24 for recognizeCandidate:a7998a79-199c-44f4-b3c2-ea75c49d687d
2019-10-18 14:22:57,336 [grpc-default-executor-5] INFO  impl.RoleInfo (RoleInfo.java:shutdownFollowerState(121)) - ee386961-2337-4a8c-9c8d-dbca8671699a: shutdown FollowerState
2019-10-18 14:22:57,336 [grpc-default-executor-4] INFO  impl.RaftServerImpl (RaftServerImpl.java:setRole(184)) - 2d385246-963b-498d-9e2e-bc24e50fd0c7@group-8175D73357F8: changes role from  FOLLOWER to FOLLOWER at term 24 for recognizeCandidate:a7998a79-199c-44f4-b3c2-ea75c49d687d
2019-10-18 14:22:57,336 [Thread-711] INFO  impl.FollowerState (FollowerState.java:run(117)) - ee386961-2337-4a8c-9c8d-dbca8671699a@group-8175D73357F8-FollowerState was interrupted: java.lang.InterruptedException: sleep interrupted
2019-10-18 14:22:57,336 [grpc-default-executor-5] INFO  impl.RoleInfo (RoleInfo.java:updateAndGet(143)) - ee386961-2337-4a8c-9c8d-dbca8671699a: start FollowerState
2019-10-18 14:22:57,336 [grpc-default-executor-4] INFO  impl.RoleInfo (RoleInfo.java:shutdownFollowerState(121)) - 2d385246-963b-498d-9e2e-bc24e50fd0c7: shutdown FollowerState
2019-10-18 14:22:57,337 [grpc-default-executor-4] INFO  impl.RoleInfo (RoleInfo.java:updateAndGet(143)) - 2d385246-963b-498d-9e2e-bc24e50fd0c7: start FollowerState
2019-10-18 14:22:57,337 [Thread-710] INFO  impl.FollowerState (FollowerState.java:run(117)) - 2d385246-963b-498d-9e2e-bc24e50fd0c7@group-8175D73357F8-FollowerState was interrupted: java.lang.InterruptedException: sleep interrupted
2019-10-18 14:22:57,342 [a7998a79-199c-44f4-b3c2-ea75c49d687d@group-8175D73357F8-LeaderElection32] INFO  impl.LeaderElection (LeaderElection.java:logAndReturn(56)) - a7998a79-199c-44f4-b3c2-ea75c49d687d@group-8175D73357F8-LeaderElection32: Election TIMEOUT; received 0 response(s) [] and 0 exception(s); a7998a79-199c-44f4-b3c2-ea75c49d687d@group-8175D73357F8:t24, leader=null, voted=a7998a79-199c-44f4-b3c2-ea75c49d687d, raftlog=a7998a79-199c-44f4-b3c2-ea75c49d687d@group-8175D73357F8-SegmentedRaftLog:OPENED:c3,f4,i4, conf=0: [a7998a79-199c-44f4-b3c2-ea75c49d687d:192.168.157.233:46825, 2d385246-963b-498d-9e2e-bc24e50fd0c7:192.168.157.233:40769, ee386961-2337-4a8c-9c8d-dbca8671699a:192.168.157.233:35014], old=null
2019-10-18 14:22:57,350 [a7998a79-199c-44f4-b3c2-ea75c49d687d@group-8175D73357F8-LeaderElection32] INFO  impl.LeaderElection (LeaderElection.java:askForVotes(178)) - a7998a79-199c-44f4-b3c2-ea75c49d687d@group-8175D73357F8-LeaderElection32: begin an election at term 25 for 0: [a7998a79-199c-44f4-b3c2-ea75c49d687d:192.168.157.233:46825, 2d385246-963b-498d-9e2e-bc24e50fd0c7:192.168.157.233:40769, ee386961-2337-4a8c-9c8d-dbca8671699a:192.168.157.233:35014], old=null
2019-10-18 14:22:57,352 [grpc-default-executor-4] INFO  impl.RaftServerImpl (RaftServerImpl.java:setRole(184)) - ee386961-2337-4a8c-9c8d-dbca8671699a@group-8175D73357F8: changes role from  FOLLOWER to FOLLOWER at term 25 for recognizeCandidate:a7998a79-199c-44f4-b3c2-ea75c49d687d
2019-10-18 14:22:57,353 [grpc-default-executor-5] INFO  impl.RaftServerImpl (RaftServerImpl.java:setRole(184)) - 2d385246-963b-498d-9e2e-bc24e50fd0c7@group-8175D73357F8: changes role from  FOLLOWER to FOLLOWER at term 25 for recognizeCandidate:a7998a79-199c-44f4-b3c2-ea75c49d687d
2019-10-18 14:22:57,353 [grpc-default-executor-4] INFO  impl.RoleInfo (RoleInfo.java:shutdownFollowerState(121)) - ee386961-2337-4a8c-9c8d-dbca8671699a: shutdown FollowerState
2019-10-18 14:22:57,353 [grpc-default-executor-5] INFO  impl.RoleInfo (RoleInfo.java:shutdownFollowerState(121)) - 2d385246-963b-498d-9e2e-bc24e50fd0c7: shutdown FollowerState
2019-10-18 14:22:57,354 [Thread-716] INFO  impl.FollowerState (FollowerState.java:run(117)) - ee386961-2337-4a8c-9c8d-dbca8671699a@group-8175D73357F8-FollowerState was interrupted: java.lang.InterruptedException: sleep interrupted
2019-10-18 14:22:57,354 [grpc-default-executor-4] INFO  impl.RoleInfo (RoleInfo.java:updateAndGet(143)) - ee386961-2337-4a8c-9c8d-dbca8671699a: start FollowerState
2019-10-18 14:22:57,354 [Thread-717] INFO  impl.FollowerState (FollowerState.java:run(117)) - 2d385246-963b-498d-9e2e-bc24e50fd0c7@group-8175D73357F8-FollowerState was interrupted: java.lang.InterruptedException: sleep interrupted
2019-10-18 14:22:57,354 [grpc-default-executor-5] INFO  impl.RoleInfo (RoleInfo.java:updateAndGet(143)) - 2d385246-963b-498d-9e2e-bc24e50fd0c7: start FollowerState
2019-10-18 14:22:57,377 [a7998a79-199c-44f4-b3c2-ea75c49d687d@group-8175D73357F8-LeaderElection32] INFO  impl.LeaderElection (LeaderElection.java:logAndReturn(56)) - a7998a79-199c-44f4-b3c2-ea75c49d687d@group-8175D73357F8-LeaderElection32: Election REJECTED; received 2 response(s) [a7998a79-199c-44f4-b3c2-ea75c49d687d<-2d385246-963b-498d-9e2e-bc24e50fd0c7#0:FAIL-t25, a7998a79-199c-44f4-b3c2-ea75c49d687d<-ee386961-2337-4a8c-9c8d-dbca8671699a#0:FAIL-t25] and 0 exception(s); a7998a79-199c-44f4-b3c2-ea75c49d687d@group-8175D73357F8:t25, leader=null, voted=a7998a79-199c-44f4-b3c2-ea75c49d687d, raftlog=a7998a79-199c-44f4-b3c2-ea75c49d687d@group-8175D73357F8-SegmentedRaftLog:OPENED:c3,f4,i4, conf=0: [a7998a79-199c-44f4-b3c2-ea75c49d687d:192.168.157.233:46825, 2d385246-963b-498d-9e2e-bc24e50fd0c7:192.168.157.233:40769, ee386961-2337-4a8c-9c8d-dbca8671699a:192.168.157.233:35014], old=null
2019-10-18 14:22:57,377 [a7998a79-199c-44f4-b3c2-ea75c49d687d@group-8175D73357F8-LeaderElection32] INFO  impl.RaftServerImpl (RaftServerImpl.java:setRole(184)) - a7998a79-199c-44f4-b3c2-ea75c49d687d@group-8175D73357F8: changes role from CANDIDATE to FOLLOWER at term 25 for DISCOVERED_A_NEW_TERM
2019-10-18 14:22:57,377 [a7998a79-199c-44f4-b3c2-ea75c49d687d@group-8175D73357F8-LeaderElection32] INFO  impl.RoleInfo (RoleInfo.java:shutdownLeaderElection(134)) - a7998a79-199c-44f4-b3c2-ea75c49d687d: shutdown LeaderElection
2019-10-18 14:22:57,377 [a7998a79-199c-44f4-b3c2-ea75c49d687d@group-8175D73357F8-LeaderElection32] INFO  impl.RoleInfo (RoleInfo.java:updateAndGet(143)) - a7998a79-199c-44f4-b3c2-ea75c49d687d: start FollowerState
2019-10-18 14:22:57,405 [pool-7-thread-2] INFO  commands.RetriableDatanodeEventWatcher (RetriableDatanodeEventWatcher.java:onTimeout(47)) - RetriableDatanodeCommand type=deleteBlocksCommand with id=1571408571406 timed out. Retrying.
2019-10-18 14:22:57,406 [pool-7-thread-6] INFO  commands.RetriableDatanodeEventWatcher (RetriableDatanodeEventWatcher.java:onTimeout(47)) - RetriableDatanodeCommand type=deleteBlocksCommand with id=1571408571405 timed out. Retrying.
2019-10-18 14:22:57,407 [pool-7-thread-3] INFO  commands.RetriableDatanodeEventWatcher (RetriableDatanodeEventWatcher.java:onTimeout(47)) - RetriableDatanodeCommand type=deleteBlocksCommand with id=1571408571403 timed out. Retrying.
2019-10-18 14:22:57,407 [SCMBlockDeletingService#1] INFO  block.SCMBlockDeletingService (SCMBlockDeletingService.java:call(184)) - Totally added 1 delete blocks command for 1 datanodes, task elapsed time: 0ms
2019-10-18 14:22:57,407 [pool-7-thread-5] INFO  commands.RetriableDatanodeEventWatcher (RetriableDatanodeEventWatcher.java:onTimeout(47)) - RetriableDatanodeCommand type=deleteBlocksCommand with id=1571408571407 timed out. Retrying.
2019-10-18 14:22:57,407 [pool-7-thread-1] INFO  commands.RetriableDatanodeEventWatcher (RetriableDatanodeEventWatcher.java:onTimeout(47)) - RetriableDatanodeCommand type=deleteBlocksCommand with id=1571408571401 timed out. Retrying.
2019-10-18 14:22:57,407 [pool-7-thread-4] INFO  commands.RetriableDatanodeEventWatcher (RetriableDatanodeEventWatcher.java:onTimeout(47)) - RetriableDatanodeCommand type=deleteBlocksCommand with id=1571408571404 timed out. Retrying.
2019-10-18 14:22:57,562 [Thread-722] INFO  impl.FollowerState (FollowerState.java:run(108)) - a7998a79-199c-44f4-b3c2-ea75c49d687d@group-8175D73357F8-FollowerState: change to CANDIDATE, lastRpcTime:184ms, electionTimeout:184ms
2019-10-18 14:22:57,562 [Thread-722] INFO  impl.RoleInfo (RoleInfo.java:shutdownFollowerState(121)) - a7998a79-199c-44f4-b3c2-ea75c49d687d: shutdown FollowerState
2019-10-18 14:22:57,562 [Thread-722] INFO  impl.RaftServerImpl (RaftServerImpl.java:setRole(184)) - a7998a79-199c-44f4-b3c2-ea75c49d687d@group-8175D73357F8: changes role from  FOLLOWER to CANDIDATE at term 25 for changeToCandidate
2019-10-18 14:22:57,562 [Thread-722] INFO  impl.RoleInfo (RoleInfo.java:updateAndGet(143)) - a7998a79-199c-44f4-b3c2-ea75c49d687d: start LeaderElection
2019-10-18 14:22:57,577 [a7998a79-199c-44f4-b3c2-ea75c49d687d@group-8175D73357F8-LeaderElection33] INFO  impl.LeaderElection (LeaderElection.java:askForVotes(178)) - a7998a79-199c-44f4-b3c2-ea75c49d687d@group-8175D73357F8-LeaderElection33: begin an election at term 26 for 0: [a7998a79-199c-44f4-b3c2-ea75c49d687d:192.168.157.233:46825, 2d385246-963b-498d-9e2e-bc24e50fd0c7:192.168.157.233:40769, ee386961-2337-4a8c-9c8d-dbca8671699a:192.168.157.233:35014], old=null
2019-10-18 14:22:57,580 [grpc-default-executor-5] INFO  impl.RaftServerImpl (RaftServerImpl.java:setRole(184)) - 2d385246-963b-498d-9e2e-bc24e50fd0c7@group-8175D73357F8: changes role from  FOLLOWER to FOLLOWER at term 26 for recognizeCandidate:a7998a79-199c-44f4-b3c2-ea75c49d687d
2019-10-18 14:22:57,580 [grpc-default-executor-5] INFO  impl.RoleInfo (RoleInfo.java:shutdownFollowerState(121)) - 2d385246-963b-498d-9e2e-bc24e50fd0c7: shutdown FollowerState
2019-10-18 14:22:57,580 [grpc-default-executor-5] INFO  impl.RoleInfo (RoleInfo.java:updateAndGet(143)) - 2d385246-963b-498d-9e2e-bc24e50fd0c7: start FollowerState
2019-10-18 14:22:57,580 [grpc-default-executor-4] INFO  impl.RaftServerImpl (RaftServerImpl.java:setRole(184)) - ee386961-2337-4a8c-9c8d-dbca8671699a@group-8175D73357F8: changes role from  FOLLOWER to FOLLOWER at term 26 for recognizeCandidate:a7998a79-199c-44f4-b3c2-ea75c49d687d
2019-10-18 14:22:57,580 [Thread-721] INFO  impl.FollowerState (FollowerState.java:run(117)) - 2d385246-963b-498d-9e2e-bc24e50fd0c7@group-8175D73357F8-FollowerState was interrupted: java.lang.InterruptedException: sleep interrupted
2019-10-18 14:22:57,580 [grpc-default-executor-4] INFO  impl.RoleInfo (RoleInfo.java:shutdownFollowerState(121)) - ee386961-2337-4a8c-9c8d-dbca8671699a: shutdown FollowerState
2019-10-18 14:22:57,581 [Thread-720] INFO  impl.FollowerState (FollowerState.java:run(117)) - ee386961-2337-4a8c-9c8d-dbca8671699a@group-8175D73357F8-FollowerState was interrupted: java.lang.InterruptedException: sleep interrupted
2019-10-18 14:22:57,581 [grpc-default-executor-4] INFO  impl.RoleInfo (RoleInfo.java:updateAndGet(143)) - ee386961-2337-4a8c-9c8d-dbca8671699a: start FollowerState
2019-10-18 14:22:57,595 [a7998a79-199c-44f4-b3c2-ea75c49d687d@group-8175D73357F8-LeaderElection33] INFO  impl.LeaderElection (LeaderElection.java:logAndReturn(56)) - a7998a79-199c-44f4-b3c2-ea75c49d687d@group-8175D73357F8-LeaderElection33: Election REJECTED; received 2 response(s) [a7998a79-199c-44f4-b3c2-ea75c49d687d<-2d385246-963b-498d-9e2e-bc24e50fd0c7#0:FAIL-t26, a7998a79-199c-44f4-b3c2-ea75c49d687d<-ee386961-2337-4a8c-9c8d-dbca8671699a#0:FAIL-t26] and 0 exception(s); a7998a79-199c-44f4-b3c2-ea75c49d687d@group-8175D73357F8:t26, leader=null, voted=a7998a79-199c-44f4-b3c2-ea75c49d687d, raftlog=a7998a79-199c-44f4-b3c2-ea75c49d687d@group-8175D73357F8-SegmentedRaftLog:OPENED:c3,f4,i4, conf=0: [a7998a79-199c-44f4-b3c2-ea75c49d687d:192.168.157.233:46825, 2d385246-963b-498d-9e2e-bc24e50fd0c7:192.168.157.233:40769, ee386961-2337-4a8c-9c8d-dbca8671699a:192.168.157.233:35014], old=null
2019-10-18 14:22:57,595 [a7998a79-199c-44f4-b3c2-ea75c49d687d@group-8175D73357F8-LeaderElection33] INFO  impl.RaftServerImpl (RaftServerImpl.java:setRole(184)) - a7998a79-199c-44f4-b3c2-ea75c49d687d@group-8175D73357F8: changes role from CANDIDATE to FOLLOWER at term 26 for DISCOVERED_A_NEW_TERM
2019-10-18 14:22:57,596 [a7998a79-199c-44f4-b3c2-ea75c49d687d@group-8175D73357F8-LeaderElection33] INFO  impl.RoleInfo (RoleInfo.java:shutdownLeaderElection(134)) - a7998a79-199c-44f4-b3c2-ea75c49d687d: shutdown LeaderElection
2019-10-18 14:22:57,596 [a7998a79-199c-44f4-b3c2-ea75c49d687d@group-8175D73357F8-LeaderElection33] INFO  impl.RoleInfo (RoleInfo.java:updateAndGet(143)) - a7998a79-199c-44f4-b3c2-ea75c49d687d: start FollowerState
2019-10-18 14:22:57,620 [Thread-728] INFO  impl.FollowerState (FollowerState.java:run(108)) - a7998a79-199c-44f4-b3c2-ea75c49d687d@group-8175D73357F8-FollowerState: change to CANDIDATE, lastRpcTime:24ms, electionTimeout:24ms
2019-10-18 14:22:57,621 [Thread-728] INFO  impl.RoleInfo (RoleInfo.java:shutdownFollowerState(121)) - a7998a79-199c-44f4-b3c2-ea75c49d687d: shutdown FollowerState
2019-10-18 14:22:57,621 [Thread-728] INFO  impl.RaftServerImpl (RaftServerImpl.java:setRole(184)) - a7998a79-199c-44f4-b3c2-ea75c49d687d@group-8175D73357F8: changes role from  FOLLOWER to CANDIDATE at term 26 for changeToCandidate
2019-10-18 14:22:57,621 [Thread-728] INFO  impl.RoleInfo (RoleInfo.java:updateAndGet(143)) - a7998a79-199c-44f4-b3c2-ea75c49d687d: start LeaderElection
2019-10-18 14:22:57,635 [a7998a79-199c-44f4-b3c2-ea75c49d687d@group-8175D73357F8-LeaderElection34] INFO  impl.LeaderElection (LeaderElection.java:askForVotes(178)) - a7998a79-199c-44f4-b3c2-ea75c49d687d@group-8175D73357F8-LeaderElection34: begin an election at term 27 for 0: [a7998a79-199c-44f4-b3c2-ea75c49d687d:192.168.157.233:46825, 2d385246-963b-498d-9e2e-bc24e50fd0c7:192.168.157.233:40769, ee386961-2337-4a8c-9c8d-dbca8671699a:192.168.157.233:35014], old=null
2019-10-18 14:22:57,638 [grpc-default-executor-5] INFO  impl.RaftServerImpl (RaftServerImpl.java:setRole(184)) - 2d385246-963b-498d-9e2e-bc24e50fd0c7@group-8175D73357F8: changes role from  FOLLOWER to FOLLOWER at term 27 for recognizeCandidate:a7998a79-199c-44f4-b3c2-ea75c49d687d
2019-10-18 14:22:57,638 [grpc-default-executor-5] INFO  impl.RoleInfo (RoleInfo.java:shutdownFollowerState(121)) - 2d385246-963b-498d-9e2e-bc24e50fd0c7: shutdown FollowerState
2019-10-18 14:22:57,638 [grpc-default-executor-5] INFO  impl.RoleInfo (RoleInfo.java:updateAndGet(143)) - 2d385246-963b-498d-9e2e-bc24e50fd0c7: start FollowerState
2019-10-18 14:22:57,638 [Thread-726] INFO  impl.FollowerState (FollowerState.java:run(117)) - 2d385246-963b-498d-9e2e-bc24e50fd0c7@group-8175D73357F8-FollowerState was interrupted: java.lang.InterruptedException: sleep interrupted
2019-10-18 14:22:57,638 [grpc-default-executor-4] INFO  impl.RaftServerImpl (RaftServerImpl.java:setRole(184)) - ee386961-2337-4a8c-9c8d-dbca8671699a@group-8175D73357F8: changes role from  FOLLOWER to FOLLOWER at term 27 for recognizeCandidate:a7998a79-199c-44f4-b3c2-ea75c49d687d
2019-10-18 14:22:57,639 [grpc-default-executor-4] INFO  impl.RoleInfo (RoleInfo.java:shutdownFollowerState(121)) - ee386961-2337-4a8c-9c8d-dbca8671699a: shutdown FollowerState
2019-10-18 14:22:57,639 [grpc-default-executor-4] INFO  impl.RoleInfo (RoleInfo.java:updateAndGet(143)) - ee386961-2337-4a8c-9c8d-dbca8671699a: start FollowerState
2019-10-18 14:22:57,639 [Thread-727] INFO  impl.FollowerState (FollowerState.java:run(117)) - ee386961-2337-4a8c-9c8d-dbca8671699a@group-8175D73357F8-FollowerState was interrupted: java.lang.InterruptedException: sleep interrupted
2019-10-18 14:22:57,653 [a7998a79-199c-44f4-b3c2-ea75c49d687d@group-8175D73357F8-LeaderElection34] INFO  impl.LeaderElection (LeaderElection.java:logAndReturn(56)) - a7998a79-199c-44f4-b3c2-ea75c49d687d@group-8175D73357F8-LeaderElection34: Election REJECTED; received 2 response(s) [a7998a79-199c-44f4-b3c2-ea75c49d687d<-2d385246-963b-498d-9e2e-bc24e50fd0c7#0:FAIL-t27, a7998a79-199c-44f4-b3c2-ea75c49d687d<-ee386961-2337-4a8c-9c8d-dbca8671699a#0:FAIL-t27] and 0 exception(s); a7998a79-199c-44f4-b3c2-ea75c49d687d@group-8175D73357F8:t27, leader=null, voted=a7998a79-199c-44f4-b3c2-ea75c49d687d, raftlog=a7998a79-199c-44f4-b3c2-ea75c49d687d@group-8175D73357F8-SegmentedRaftLog:OPENED:c3,f4,i4, conf=0: [a7998a79-199c-44f4-b3c2-ea75c49d687d:192.168.157.233:46825, 2d385246-963b-498d-9e2e-bc24e50fd0c7:192.168.157.233:40769, ee386961-2337-4a8c-9c8d-dbca8671699a:192.168.157.233:35014], old=null
2019-10-18 14:22:57,653 [a7998a79-199c-44f4-b3c2-ea75c49d687d@group-8175D73357F8-LeaderElection34] INFO  impl.RaftServerImpl (RaftServerImpl.java:setRole(184)) - a7998a79-199c-44f4-b3c2-ea75c49d687d@group-8175D73357F8: changes role from CANDIDATE to FOLLOWER at term 27 for DISCOVERED_A_NEW_TERM
2019-10-18 14:22:57,653 [a7998a79-199c-44f4-b3c2-ea75c49d687d@group-8175D73357F8-LeaderElection34] INFO  impl.RoleInfo (RoleInfo.java:shutdownLeaderElection(134)) - a7998a79-199c-44f4-b3c2-ea75c49d687d: shutdown LeaderElection
2019-10-18 14:22:57,653 [a7998a79-199c-44f4-b3c2-ea75c49d687d@group-8175D73357F8-LeaderElection34] INFO  impl.RoleInfo (RoleInfo.java:updateAndGet(143)) - a7998a79-199c-44f4-b3c2-ea75c49d687d: start FollowerState
2019-10-18 14:22:57,708 [Thread-734] INFO  impl.FollowerState (FollowerState.java:run(108)) - a7998a79-199c-44f4-b3c2-ea75c49d687d@group-8175D73357F8-FollowerState: change to CANDIDATE, lastRpcTime:54ms, electionTimeout:54ms
2019-10-18 14:22:57,709 [Thread-734] INFO  impl.RoleInfo (RoleInfo.java:shutdownFollowerState(121)) - a7998a79-199c-44f4-b3c2-ea75c49d687d: shutdown FollowerState
2019-10-18 14:22:57,709 [Thread-734] INFO  impl.RaftServerImpl (RaftServerImpl.java:setRole(184)) - a7998a79-199c-44f4-b3c2-ea75c49d687d@group-8175D73357F8: changes role from  FOLLOWER to CANDIDATE at term 27 for changeToCandidate
2019-10-18 14:22:57,709 [Thread-734] INFO  impl.RoleInfo (RoleInfo.java:updateAndGet(143)) - a7998a79-199c-44f4-b3c2-ea75c49d687d: start LeaderElection
2019-10-18 14:22:57,723 [a7998a79-199c-44f4-b3c2-ea75c49d687d@group-8175D73357F8-LeaderElection35] INFO  impl.LeaderElection (LeaderElection.java:askForVotes(178)) - a7998a79-199c-44f4-b3c2-ea75c49d687d@group-8175D73357F8-LeaderElection35: begin an election at term 28 for 0: [a7998a79-199c-44f4-b3c2-ea75c49d687d:192.168.157.233:46825, 2d385246-963b-498d-9e2e-bc24e50fd0c7:192.168.157.233:40769, ee386961-2337-4a8c-9c8d-dbca8671699a:192.168.157.233:35014], old=null
2019-10-18 14:22:57,725 [grpc-default-executor-4] INFO  impl.RaftServerImpl (RaftServerImpl.java:setRole(184)) - 2d385246-963b-498d-9e2e-bc24e50fd0c7@group-8175D73357F8: changes role from  FOLLOWER to FOLLOWER at term 28 for recognizeCandidate:a7998a79-199c-44f4-b3c2-ea75c49d687d
2019-10-18 14:22:57,725 [grpc-default-executor-4] INFO  impl.RoleInfo (RoleInfo.java:shutdownFollowerState(121)) - 2d385246-963b-498d-9e2e-bc24e50fd0c7: shutdown FollowerState
2019-10-18 14:22:57,725 [grpc-default-executor-5] INFO  impl.RaftServerImpl (RaftServerImpl.java:setRole(184)) - ee386961-2337-4a8c-9c8d-dbca8671699a@group-8175D73357F8: changes role from  FOLLOWER to FOLLOWER at term 28 for recognizeCandidate:a7998a79-199c-44f4-b3c2-ea75c49d687d
2019-10-18 14:22:57,725 [Thread-732] INFO  impl.FollowerState (FollowerState.java:run(117)) - 2d385246-963b-498d-9e2e-bc24e50fd0c7@group-8175D73357F8-FollowerState was interrupted: java.lang.InterruptedException: sleep interrupted
2019-10-18 14:22:57,725 [grpc-default-executor-4] INFO  impl.RoleInfo (RoleInfo.java:updateAndGet(143)) - 2d385246-963b-498d-9e2e-bc24e50fd0c7: start FollowerState
2019-10-18 14:22:57,725 [grpc-default-executor-5] INFO  impl.RoleInfo (RoleInfo.java:shutdownFollowerState(121)) - ee386961-2337-4a8c-9c8d-dbca8671699a: shutdown FollowerState
2019-10-18 14:22:57,726 [grpc-default-executor-5] INFO  impl.RoleInfo (RoleInfo.java:updateAndGet(143)) - ee386961-2337-4a8c-9c8d-dbca8671699a: start FollowerState
2019-10-18 14:22:57,726 [Thread-733] INFO  impl.FollowerState (FollowerState.java:run(117)) - ee386961-2337-4a8c-9c8d-dbca8671699a@group-8175D73357F8-FollowerState was interrupted: java.lang.InterruptedException: sleep interrupted
2019-10-18 14:22:57,740 [a7998a79-199c-44f4-b3c2-ea75c49d687d@group-8175D73357F8-LeaderElection35] INFO  impl.LeaderElection (LeaderElection.java:logAndReturn(56)) - a7998a79-199c-44f4-b3c2-ea75c49d687d@group-8175D73357F8-LeaderElection35: Election REJECTED; received 2 response(s) [a7998a79-199c-44f4-b3c2-ea75c49d687d<-2d385246-963b-498d-9e2e-bc24e50fd0c7#0:FAIL-t28, a7998a79-199c-44f4-b3c2-ea75c49d687d<-ee386961-2337-4a8c-9c8d-dbca8671699a#0:FAIL-t28] and 0 exception(s); a7998a79-199c-44f4-b3c2-ea75c49d687d@group-8175D73357F8:t28, leader=null, voted=a7998a79-199c-44f4-b3c2-ea75c49d687d, raftlog=a7998a79-199c-44f4-b3c2-ea75c49d687d@group-8175D73357F8-SegmentedRaftLog:OPENED:c3,f4,i4, conf=0: [a7998a79-199c-44f4-b3c2-ea75c49d687d:192.168.157.233:46825, 2d385246-963b-498d-9e2e-bc24e50fd0c7:192.168.157.233:40769, ee386961-2337-4a8c-9c8d-dbca8671699a:192.168.157.233:35014], old=null
2019-10-18 14:22:57,741 [a7998a79-199c-44f4-b3c2-ea75c49d687d@group-8175D73357F8-LeaderElection35] INFO  impl.RaftServerImpl (RaftServerImpl.java:setRole(184)) - a7998a79-199c-44f4-b3c2-ea75c49d687d@group-8175D73357F8: changes role from CANDIDATE to FOLLOWER at term 28 for DISCOVERED_A_NEW_TERM
2019-10-18 14:22:57,741 [a7998a79-199c-44f4-b3c2-ea75c49d687d@group-8175D73357F8-LeaderElection35] INFO  impl.RoleInfo (RoleInfo.java:shutdownLeaderElection(134)) - a7998a79-199c-44f4-b3c2-ea75c49d687d: shutdown LeaderElection
2019-10-18 14:22:57,741 [a7998a79-199c-44f4-b3c2-ea75c49d687d@group-8175D73357F8-LeaderElection35] INFO  impl.RoleInfo (RoleInfo.java:updateAndGet(143)) - a7998a79-199c-44f4-b3c2-ea75c49d687d: start FollowerState
2019-10-18 14:22:57,762 [Thread-740] INFO  impl.FollowerState (FollowerState.java:run(108)) - a7998a79-199c-44f4-b3c2-ea75c49d687d@group-8175D73357F8-FollowerState: change to CANDIDATE, lastRpcTime:21ms, electionTimeout:21ms
2019-10-18 14:22:57,763 [Thread-740] INFO  impl.RoleInfo (RoleInfo.java:shutdownFollowerState(121)) - a7998a79-199c-44f4-b3c2-ea75c49d687d: shutdown FollowerState
2019-10-18 14:22:57,763 [Thread-740] INFO  impl.RaftServerImpl (RaftServerImpl.java:setRole(184)) - a7998a79-199c-44f4-b3c2-ea75c49d687d@group-8175D73357F8: changes role from  FOLLOWER to CANDIDATE at term 28 for changeToCandidate
2019-10-18 14:22:57,763 [Thread-740] INFO  impl.RoleInfo (RoleInfo.java:updateAndGet(143)) - a7998a79-199c-44f4-b3c2-ea75c49d687d: start LeaderElection
2019-10-18 14:22:57,778 [a7998a79-199c-44f4-b3c2-ea75c49d687d@group-8175D73357F8-LeaderElection36] INFO  impl.LeaderElection (LeaderElection.java:askForVotes(178)) - a7998a79-199c-44f4-b3c2-ea75c49d687d@group-8175D73357F8-LeaderElection36: begin an election at term 29 for 0: [a7998a79-199c-44f4-b3c2-ea75c49d687d:192.168.157.233:46825, 2d385246-963b-498d-9e2e-bc24e50fd0c7:192.168.157.233:40769, ee386961-2337-4a8c-9c8d-dbca8671699a:192.168.157.233:35014], old=null
2019-10-18 14:22:57,781 [grpc-default-executor-4] INFO  impl.RaftServerImpl (RaftServerImpl.java:setRole(184)) - ee386961-2337-4a8c-9c8d-dbca8671699a@group-8175D73357F8: changes role from  FOLLOWER to FOLLOWER at term 29 for recognizeCandidate:a7998a79-199c-44f4-b3c2-ea75c49d687d
2019-10-18 14:22:57,781 [grpc-default-executor-5] INFO  impl.RaftServerImpl (RaftServerImpl.java:setRole(184)) - 2d385246-963b-498d-9e2e-bc24e50fd0c7@group-8175D73357F8: changes role from  FOLLOWER to FOLLOWER at term 29 for recognizeCandidate:a7998a79-199c-44f4-b3c2-ea75c49d687d
2019-10-18 14:22:57,781 [grpc-default-executor-4] INFO  impl.RoleInfo (RoleInfo.java:shutdownFollowerState(121)) - ee386961-2337-4a8c-9c8d-dbca8671699a: shutdown FollowerState
2019-10-18 14:22:57,781 [grpc-default-executor-5] INFO  impl.RoleInfo (RoleInfo.java:shutdownFollowerState(121)) - 2d385246-963b-498d-9e2e-bc24e50fd0c7: shutdown FollowerState
2019-10-18 14:22:57,781 [Thread-739] INFO  impl.FollowerState (FollowerState.java:run(117)) - ee386961-2337-4a8c-9c8d-dbca8671699a@group-8175D73357F8-FollowerState was interrupted: java.lang.InterruptedException: sleep interrupted
2019-10-18 14:22:57,781 [Thread-738] INFO  impl.FollowerState (FollowerState.java:run(117)) - 2d385246-963b-498d-9e2e-bc24e50fd0c7@group-8175D73357F8-FollowerState was interrupted: java.lang.InterruptedException: sleep interrupted
2019-10-18 14:22:57,781 [grpc-default-executor-4] INFO  impl.RoleInfo (RoleInfo.java:updateAndGet(143)) - ee386961-2337-4a8c-9c8d-dbca8671699a: start FollowerState
2019-10-18 14:22:57,781 [grpc-default-executor-5] INFO  impl.RoleInfo (RoleInfo.java:updateAndGet(143)) - 2d385246-963b-498d-9e2e-bc24e50fd0c7: start FollowerState
2019-10-18 14:22:57,796 [a7998a79-199c-44f4-b3c2-ea75c49d687d@group-8175D73357F8-LeaderElection36] INFO  impl.LeaderElection (LeaderElection.java:logAndReturn(56)) - a7998a79-199c-44f4-b3c2-ea75c49d687d@group-8175D73357F8-LeaderElection36: Election REJECTED; received 2 response(s) [a7998a79-199c-44f4-b3c2-ea75c49d687d<-2d385246-963b-498d-9e2e-bc24e50fd0c7#0:FAIL-t29, a7998a79-199c-44f4-b3c2-ea75c49d687d<-ee386961-2337-4a8c-9c8d-dbca8671699a#0:FAIL-t29] and 0 exception(s); a7998a79-199c-44f4-b3c2-ea75c49d687d@group-8175D73357F8:t29, leader=null, voted=a7998a79-199c-44f4-b3c2-ea75c49d687d, raftlog=a7998a79-199c-44f4-b3c2-ea75c49d687d@group-8175D73357F8-SegmentedRaftLog:OPENED:c3,f4,i4, conf=0: [a7998a79-199c-44f4-b3c2-ea75c49d687d:192.168.157.233:46825, 2d385246-963b-498d-9e2e-bc24e50fd0c7:192.168.157.233:40769, ee386961-2337-4a8c-9c8d-dbca8671699a:192.168.157.233:35014], old=null
2019-10-18 14:22:57,796 [a7998a79-199c-44f4-b3c2-ea75c49d687d@group-8175D73357F8-LeaderElection36] INFO  impl.RaftServerImpl (RaftServerImpl.java:setRole(184)) - a7998a79-199c-44f4-b3c2-ea75c49d687d@group-8175D73357F8: changes role from CANDIDATE to FOLLOWER at term 29 for DISCOVERED_A_NEW_TERM
2019-10-18 14:22:57,796 [a7998a79-199c-44f4-b3c2-ea75c49d687d@group-8175D73357F8-LeaderElection36] INFO  impl.RoleInfo (RoleInfo.java:shutdownLeaderElection(134)) - a7998a79-199c-44f4-b3c2-ea75c49d687d: shutdown LeaderElection
2019-10-18 14:22:57,797 [a7998a79-199c-44f4-b3c2-ea75c49d687d@group-8175D73357F8-LeaderElection36] INFO  impl.RoleInfo (RoleInfo.java:updateAndGet(143)) - a7998a79-199c-44f4-b3c2-ea75c49d687d: start FollowerState
2019-10-18 14:22:57,841 [Thread-747] INFO  impl.FollowerState (FollowerState.java:run(108)) - a7998a79-199c-44f4-b3c2-ea75c49d687d@group-8175D73357F8-FollowerState: change to CANDIDATE, lastRpcTime:44ms, electionTimeout:44ms
2019-10-18 14:22:57,842 [Thread-747] INFO  impl.RoleInfo (RoleInfo.java:shutdownFollowerState(121)) - a7998a79-199c-44f4-b3c2-ea75c49d687d: shutdown FollowerState
2019-10-18 14:22:57,842 [Thread-747] INFO  impl.RaftServerImpl (RaftServerImpl.java:setRole(184)) - a7998a79-199c-44f4-b3c2-ea75c49d687d@group-8175D73357F8: changes role from  FOLLOWER to CANDIDATE at term 29 for changeToCandidate
2019-10-18 14:22:57,842 [Thread-747] INFO  impl.RoleInfo (RoleInfo.java:updateAndGet(143)) - a7998a79-199c-44f4-b3c2-ea75c49d687d: start LeaderElection
2019-10-18 14:22:57,856 [a7998a79-199c-44f4-b3c2-ea75c49d687d@group-8175D73357F8-LeaderElection37] INFO  impl.LeaderElection (LeaderElection.java:askForVotes(178)) - a7998a79-199c-44f4-b3c2-ea75c49d687d@group-8175D73357F8-LeaderElection37: begin an election at term 30 for 0: [a7998a79-199c-44f4-b3c2-ea75c49d687d:192.168.157.233:46825, 2d385246-963b-498d-9e2e-bc24e50fd0c7:192.168.157.233:40769, ee386961-2337-4a8c-9c8d-dbca8671699a:192.168.157.233:35014], old=null
2019-10-18 14:22:57,858 [grpc-default-executor-5] INFO  impl.RaftServerImpl (RaftServerImpl.java:setRole(184)) - 2d385246-963b-498d-9e2e-bc24e50fd0c7@group-8175D73357F8: changes role from  FOLLOWER to FOLLOWER at term 30 for recognizeCandidate:a7998a79-199c-44f4-b3c2-ea75c49d687d
2019-10-18 14:22:57,859 [grpc-default-executor-4] INFO  impl.RaftServerImpl (RaftServerImpl.java:setRole(184)) - ee386961-2337-4a8c-9c8d-dbca8671699a@group-8175D73357F8: changes role from  FOLLOWER to FOLLOWER at term 30 for recognizeCandidate:a7998a79-199c-44f4-b3c2-ea75c49d687d
2019-10-18 14:22:57,859 [grpc-default-executor-5] INFO  impl.RoleInfo (RoleInfo.java:shutdownFollowerState(121)) - 2d385246-963b-498d-9e2e-bc24e50fd0c7: shutdown FollowerState
2019-10-18 14:22:57,859 [grpc-default-executor-4] INFO  impl.RoleInfo (RoleInfo.java:shutdownFollowerState(121)) - ee386961-2337-4a8c-9c8d-dbca8671699a: shutdown FollowerState
2019-10-18 14:22:57,859 [grpc-default-executor-5] INFO  impl.RoleInfo (RoleInfo.java:updateAndGet(143)) - 2d385246-963b-498d-9e2e-bc24e50fd0c7: start FollowerState
2019-10-18 14:22:57,859 [Thread-745] INFO  impl.FollowerState (FollowerState.java:run(117)) - ee386961-2337-4a8c-9c8d-dbca8671699a@group-8175D73357F8-FollowerState was interrupted: java.lang.InterruptedException: sleep interrupted
2019-10-18 14:22:57,859 [grpc-default-executor-4] INFO  impl.RoleInfo (RoleInfo.java:updateAndGet(143)) - ee386961-2337-4a8c-9c8d-dbca8671699a: start FollowerState
2019-10-18 14:22:57,859 [Thread-746] INFO  impl.FollowerState (FollowerState.java:run(117)) - 2d385246-963b-498d-9e2e-bc24e50fd0c7@group-8175D73357F8-FollowerState was interrupted: java.lang.InterruptedException: sleep interrupted
2019-10-18 14:22:57,874 [a7998a79-199c-44f4-b3c2-ea75c49d687d@group-8175D73357F8-LeaderElection37] INFO  impl.LeaderElection (LeaderElection.java:logAndReturn(56)) - a7998a79-199c-44f4-b3c2-ea75c49d687d@group-8175D73357F8-LeaderElection37: Election REJECTED; received 2 response(s) [a7998a79-199c-44f4-b3c2-ea75c49d687d<-2d385246-963b-498d-9e2e-bc24e50fd0c7#0:FAIL-t30, a7998a79-199c-44f4-b3c2-ea75c49d687d<-ee386961-2337-4a8c-9c8d-dbca8671699a#0:FAIL-t30] and 0 exception(s); a7998a79-199c-44f4-b3c2-ea75c49d687d@group-8175D73357F8:t30, leader=null, voted=a7998a79-199c-44f4-b3c2-ea75c49d687d, raftlog=a7998a79-199c-44f4-b3c2-ea75c49d687d@group-8175D73357F8-SegmentedRaftLog:OPENED:c3,f4,i4, conf=0: [a7998a79-199c-44f4-b3c2-ea75c49d687d:192.168.157.233:46825, 2d385246-963b-498d-9e2e-bc24e50fd0c7:192.168.157.233:40769, ee386961-2337-4a8c-9c8d-dbca8671699a:192.168.157.233:35014], old=null
2019-10-18 14:22:57,874 [a7998a79-199c-44f4-b3c2-ea75c49d687d@group-8175D73357F8-LeaderElection37] INFO  impl.RaftServerImpl (RaftServerImpl.java:setRole(184)) - a7998a79-199c-44f4-b3c2-ea75c49d687d@group-8175D73357F8: changes role from CANDIDATE to FOLLOWER at term 30 for DISCOVERED_A_NEW_TERM
2019-10-18 14:22:57,874 [a7998a79-199c-44f4-b3c2-ea75c49d687d@group-8175D73357F8-LeaderElection37] INFO  impl.RoleInfo (RoleInfo.java:shutdownLeaderElection(134)) - a7998a79-199c-44f4-b3c2-ea75c49d687d: shutdown LeaderElection
2019-10-18 14:22:57,874 [a7998a79-199c-44f4-b3c2-ea75c49d687d@group-8175D73357F8-LeaderElection37] INFO  impl.RoleInfo (RoleInfo.java:updateAndGet(143)) - a7998a79-199c-44f4-b3c2-ea75c49d687d: start FollowerState
2019-10-18 14:22:58,026 [Thread-753] INFO  impl.FollowerState (FollowerState.java:run(108)) - a7998a79-199c-44f4-b3c2-ea75c49d687d@group-8175D73357F8-FollowerState: change to CANDIDATE, lastRpcTime:151ms, electionTimeout:151ms
2019-10-18 14:22:58,027 [Thread-753] INFO  impl.RoleInfo (RoleInfo.java:shutdownFollowerState(121)) - a7998a79-199c-44f4-b3c2-ea75c49d687d: shutdown FollowerState
2019-10-18 14:22:58,027 [Thread-753] INFO  impl.RaftServerImpl (RaftServerImpl.java:setRole(184)) - a7998a79-199c-44f4-b3c2-ea75c49d687d@group-8175D73357F8: changes role from  FOLLOWER to CANDIDATE at term 30 for changeToCandidate
2019-10-18 14:22:58,027 [Thread-753] INFO  impl.RoleInfo (RoleInfo.java:updateAndGet(143)) - a7998a79-199c-44f4-b3c2-ea75c49d687d: start LeaderElection
2019-10-18 14:22:58,033 [Thread-756] INFO  client.GrpcClientProtocolService (GrpcClientProtocolService.java:lambda$processClientRequest$0(278)) - Failed RaftClientRequest:client-49F5F9D51947->a7998a79-199c-44f4-b3c2-ea75c49d687d@group-8175D73357F8, cid=10, seq=0, Watch-ALL_COMMITTED(6), Message:<EMPTY>, reply=RaftClientReply:client-49F5F9D51947->a7998a79-199c-44f4-b3c2-ea75c49d687d@group-8175D73357F8, cid=10, FAILED org.apache.ratis.protocol.NotLeaderException: Server a7998a79-199c-44f4-b3c2-ea75c49d687d@group-8175D73357F8 is not the leader, logIndex=0, commits[a7998a79-199c-44f4-b3c2-ea75c49d687d:c3]
2019-10-18 14:22:58,043 [a7998a79-199c-44f4-b3c2-ea75c49d687d@group-8175D73357F8-LeaderElection38] INFO  impl.LeaderElection (LeaderElection.java:askForVotes(178)) - a7998a79-199c-44f4-b3c2-ea75c49d687d@group-8175D73357F8-LeaderElection38: begin an election at term 31 for 0: [a7998a79-199c-44f4-b3c2-ea75c49d687d:192.168.157.233:46825, 2d385246-963b-498d-9e2e-bc24e50fd0c7:192.168.157.233:40769, ee386961-2337-4a8c-9c8d-dbca8671699a:192.168.157.233:35014], old=null
2019-10-18 14:22:58,045 [grpc-default-executor-5] INFO  impl.RaftServerImpl (RaftServerImpl.java:setRole(184)) - 2d385246-963b-498d-9e2e-bc24e50fd0c7@group-8175D73357F8: changes role from  FOLLOWER to FOLLOWER at term 31 for recognizeCandidate:a7998a79-199c-44f4-b3c2-ea75c49d687d
2019-10-18 14:22:58,049 [grpc-default-executor-5] INFO  impl.RoleInfo (RoleInfo.java:shutdownFollowerState(121)) - 2d385246-963b-498d-9e2e-bc24e50fd0c7: shutdown FollowerState
2019-10-18 14:22:58,050 [grpc-default-executor-5] INFO  impl.RoleInfo (RoleInfo.java:updateAndGet(143)) - 2d385246-963b-498d-9e2e-bc24e50fd0c7: start FollowerState
2019-10-18 14:22:58,050 [grpc-default-executor-4] INFO  impl.RaftServerImpl (RaftServerImpl.java:setRole(184)) - ee386961-2337-4a8c-9c8d-dbca8671699a@group-8175D73357F8: changes role from  FOLLOWER to FOLLOWER at term 31 for recognizeCandidate:a7998a79-199c-44f4-b3c2-ea75c49d687d
2019-10-18 14:22:58,050 [grpc-default-executor-4] INFO  impl.RoleInfo (RoleInfo.java:shutdownFollowerState(121)) - ee386961-2337-4a8c-9c8d-dbca8671699a: shutdown FollowerState
2019-10-18 14:22:58,050 [Thread-751] INFO  impl.FollowerState (FollowerState.java:run(117)) - 2d385246-963b-498d-9e2e-bc24e50fd0c7@group-8175D73357F8-FollowerState was interrupted: java.lang.InterruptedException: sleep interrupted
2019-10-18 14:22:58,050 [Thread-752] INFO  impl.FollowerState (FollowerState.java:run(117)) - ee386961-2337-4a8c-9c8d-dbca8671699a@group-8175D73357F8-FollowerState was interrupted: java.lang.InterruptedException: sleep interrupted
2019-10-18 14:22:58,050 [grpc-default-executor-4] INFO  impl.RoleInfo (RoleInfo.java:updateAndGet(143)) - ee386961-2337-4a8c-9c8d-dbca8671699a: start FollowerState
2019-10-18 14:22:58,054 [BlockDeletingService#0] WARN  background.BlockDeletingService (BlockDeletingService.java:isDeletionAllowed(187)) - Close Container log Index 6 is not replicated across allthe servers in the pipeline 5a21c002-5003-4cac-9183-8175d73357f8 as the min replicated index is 4. Deletion is not allowed in this container yet.
2019-10-18 14:22:58,054 [BlockDeletingService#2] WARN  background.BlockDeletingService (BlockDeletingService.java:isDeletionAllowed(187)) - Close Container log Index 6 is not replicated across allthe servers in the pipeline 5a21c002-5003-4cac-9183-8175d73357f8 as the min replicated index is 4. Deletion is not allowed in this container yet.
2019-10-18 14:22:58,064 [a7998a79-199c-44f4-b3c2-ea75c49d687d@group-8175D73357F8-LeaderElection38] INFO  impl.LeaderElection (LeaderElection.java:logAndReturn(56)) - a7998a79-199c-44f4-b3c2-ea75c49d687d@group-8175D73357F8-LeaderElection38: Election REJECTED; received 2 response(s) [a7998a79-199c-44f4-b3c2-ea75c49d687d<-2d385246-963b-498d-9e2e-bc24e50fd0c7#0:FAIL-t31, a7998a79-199c-44f4-b3c2-ea75c49d687d<-ee386961-2337-4a8c-9c8d-dbca8671699a#0:FAIL-t31] and 0 exception(s); a7998a79-199c-44f4-b3c2-ea75c49d687d@group-8175D73357F8:t31, leader=null, voted=a7998a79-199c-44f4-b3c2-ea75c49d687d, raftlog=a7998a79-199c-44f4-b3c2-ea75c49d687d@group-8175D73357F8-SegmentedRaftLog:OPENED:c3,f4,i4, conf=0: [a7998a79-199c-44f4-b3c2-ea75c49d687d:192.168.157.233:46825, 2d385246-963b-498d-9e2e-bc24e50fd0c7:192.168.157.233:40769, ee386961-2337-4a8c-9c8d-dbca8671699a:192.168.157.233:35014], old=null
2019-10-18 14:22:58,065 [a7998a79-199c-44f4-b3c2-ea75c49d687d@group-8175D73357F8-LeaderElection38] INFO  impl.RaftServerImpl (RaftServerImpl.java:setRole(184)) - a7998a79-199c-44f4-b3c2-ea75c49d687d@group-8175D73357F8: changes role from CANDIDATE to FOLLOWER at term 31 for DISCOVERED_A_NEW_TERM
2019-10-18 14:22:58,065 [a7998a79-199c-44f4-b3c2-ea75c49d687d@group-8175D73357F8-LeaderElection38] INFO  impl.RoleInfo (RoleInfo.java:shutdownLeaderElection(134)) - a7998a79-199c-44f4-b3c2-ea75c49d687d: shutdown LeaderElection
2019-10-18 14:22:58,065 [a7998a79-199c-44f4-b3c2-ea75c49d687d@group-8175D73357F8-LeaderElection38] INFO  impl.RoleInfo (RoleInfo.java:updateAndGet(143)) - a7998a79-199c-44f4-b3c2-ea75c49d687d: start FollowerState
2019-10-18 14:22:58,106 [Thread-764] INFO  impl.FollowerState (FollowerState.java:run(108)) - a7998a79-199c-44f4-b3c2-ea75c49d687d@group-8175D73357F8-FollowerState: change to CANDIDATE, lastRpcTime:41ms, electionTimeout:41ms
2019-10-18 14:22:58,106 [Thread-764] INFO  impl.RoleInfo (RoleInfo.java:shutdownFollowerState(121)) - a7998a79-199c-44f4-b3c2-ea75c49d687d: shutdown FollowerState
2019-10-18 14:22:58,107 [Thread-764] INFO  impl.RaftServerImpl (RaftServerImpl.java:setRole(184)) - a7998a79-199c-44f4-b3c2-ea75c49d687d@group-8175D73357F8: changes role from  FOLLOWER to CANDIDATE at term 31 for changeToCandidate
2019-10-18 14:22:58,107 [Thread-764] INFO  impl.RoleInfo (RoleInfo.java:updateAndGet(143)) - a7998a79-199c-44f4-b3c2-ea75c49d687d: start LeaderElection
2019-10-18 14:22:58,129 [a7998a79-199c-44f4-b3c2-ea75c49d687d@group-8175D73357F8-LeaderElection39] INFO  impl.LeaderElection (LeaderElection.java:askForVotes(178)) - a7998a79-199c-44f4-b3c2-ea75c49d687d@group-8175D73357F8-LeaderElection39: begin an election at term 32 for 0: [a7998a79-199c-44f4-b3c2-ea75c49d687d:192.168.157.233:46825, 2d385246-963b-498d-9e2e-bc24e50fd0c7:192.168.157.233:40769, ee386961-2337-4a8c-9c8d-dbca8671699a:192.168.157.233:35014], old=null
2019-10-18 14:22:58,132 [grpc-default-executor-5] INFO  impl.RaftServerImpl (RaftServerImpl.java:setRole(184)) - 2d385246-963b-498d-9e2e-bc24e50fd0c7@group-8175D73357F8: changes role from  FOLLOWER to FOLLOWER at term 32 for recognizeCandidate:a7998a79-199c-44f4-b3c2-ea75c49d687d
2019-10-18 14:22:58,132 [grpc-default-executor-4] INFO  impl.RaftServerImpl (RaftServerImpl.java:setRole(184)) - ee386961-2337-4a8c-9c8d-dbca8671699a@group-8175D73357F8: changes role from  FOLLOWER to FOLLOWER at term 32 for recognizeCandidate:a7998a79-199c-44f4-b3c2-ea75c49d687d
2019-10-18 14:22:58,132 [grpc-default-executor-5] INFO  impl.RoleInfo (RoleInfo.java:shutdownFollowerState(121)) - 2d385246-963b-498d-9e2e-bc24e50fd0c7: shutdown FollowerState
2019-10-18 14:22:58,132 [grpc-default-executor-4] INFO  impl.RoleInfo (RoleInfo.java:shutdownFollowerState(121)) - ee386961-2337-4a8c-9c8d-dbca8671699a: shutdown FollowerState
2019-10-18 14:22:58,132 [Thread-760] INFO  impl.FollowerState (FollowerState.java:run(117)) - 2d385246-963b-498d-9e2e-bc24e50fd0c7@group-8175D73357F8-FollowerState was interrupted: java.lang.InterruptedException: sleep interrupted
2019-10-18 14:22:58,132 [grpc-default-executor-5] INFO  impl.RoleInfo (RoleInfo.java:updateAndGet(143)) - 2d385246-963b-498d-9e2e-bc24e50fd0c7: start FollowerState
2019-10-18 14:22:58,133 [Thread-761] INFO  impl.FollowerState (FollowerState.java:run(117)) - ee386961-2337-4a8c-9c8d-dbca8671699a@group-8175D73357F8-FollowerState was interrupted: java.lang.InterruptedException: sleep interrupted
2019-10-18 14:22:58,133 [grpc-default-executor-4] INFO  impl.RoleInfo (RoleInfo.java:updateAndGet(143)) - ee386961-2337-4a8c-9c8d-dbca8671699a: start FollowerState
2019-10-18 14:22:58,145 [a7998a79-199c-44f4-b3c2-ea75c49d687d@group-8175D73357F8-LeaderElection39] INFO  impl.LeaderElection (LeaderElection.java:logAndReturn(56)) - a7998a79-199c-44f4-b3c2-ea75c49d687d@group-8175D73357F8-LeaderElection39: Election REJECTED; received 2 response(s) [a7998a79-199c-44f4-b3c2-ea75c49d687d<-2d385246-963b-498d-9e2e-bc24e50fd0c7#0:FAIL-t32, a7998a79-199c-44f4-b3c2-ea75c49d687d<-ee386961-2337-4a8c-9c8d-dbca8671699a#0:FAIL-t32] and 0 exception(s); a7998a79-199c-44f4-b3c2-ea75c49d687d@group-8175D73357F8:t32, leader=null, voted=a7998a79-199c-44f4-b3c2-ea75c49d687d, raftlog=a7998a79-199c-44f4-b3c2-ea75c49d687d@group-8175D73357F8-SegmentedRaftLog:OPENED:c3,f4,i4, conf=0: [a7998a79-199c-44f4-b3c2-ea75c49d687d:192.168.157.233:46825, 2d385246-963b-498d-9e2e-bc24e50fd0c7:192.168.157.233:40769, ee386961-2337-4a8c-9c8d-dbca8671699a:192.168.157.233:35014], old=null
2019-10-18 14:22:58,145 [a7998a79-199c-44f4-b3c2-ea75c49d687d@group-8175D73357F8-LeaderElection39] INFO  impl.RaftServerImpl (RaftServerImpl.java:setRole(184)) - a7998a79-199c-44f4-b3c2-ea75c49d687d@group-8175D73357F8: changes role from CANDIDATE to FOLLOWER at term 32 for DISCOVERED_A_NEW_TERM
2019-10-18 14:22:58,145 [a7998a79-199c-44f4-b3c2-ea75c49d687d@group-8175D73357F8-LeaderElection39] INFO  impl.RoleInfo (RoleInfo.java:shutdownLeaderElection(134)) - a7998a79-199c-44f4-b3c2-ea75c49d687d: shutdown LeaderElection
2019-10-18 14:22:58,145 [a7998a79-199c-44f4-b3c2-ea75c49d687d@group-8175D73357F8-LeaderElection39] INFO  impl.RoleInfo (RoleInfo.java:updateAndGet(143)) - a7998a79-199c-44f4-b3c2-ea75c49d687d: start FollowerState
2019-10-18 14:22:58,276 [Thread-770] INFO  impl.FollowerState (FollowerState.java:run(108)) - a7998a79-199c-44f4-b3c2-ea75c49d687d@group-8175D73357F8-FollowerState: change to CANDIDATE, lastRpcTime:130ms, electionTimeout:130ms
2019-10-18 14:22:58,276 [Thread-770] INFO  impl.RoleInfo (RoleInfo.java:shutdownFollowerState(121)) - a7998a79-199c-44f4-b3c2-ea75c49d687d: shutdown FollowerState
2019-10-18 14:22:58,276 [Thread-770] INFO  impl.RaftServerImpl (RaftServerImpl.java:setRole(184)) - a7998a79-199c-44f4-b3c2-ea75c49d687d@group-8175D73357F8: changes role from  FOLLOWER to CANDIDATE at term 32 for changeToCandidate
2019-10-18 14:22:58,276 [Thread-770] INFO  impl.RoleInfo (RoleInfo.java:updateAndGet(143)) - a7998a79-199c-44f4-b3c2-ea75c49d687d: start LeaderElection
2019-10-18 14:22:58,291 [a7998a79-199c-44f4-b3c2-ea75c49d687d@group-8175D73357F8-LeaderElection40] INFO  impl.LeaderElection (LeaderElection.java:askForVotes(178)) - a7998a79-199c-44f4-b3c2-ea75c49d687d@group-8175D73357F8-LeaderElection40: begin an election at term 33 for 0: [a7998a79-199c-44f4-b3c2-ea75c49d687d:192.168.157.233:46825, 2d385246-963b-498d-9e2e-bc24e50fd0c7:192.168.157.233:40769, ee386961-2337-4a8c-9c8d-dbca8671699a:192.168.157.233:35014], old=null
2019-10-18 14:22:58,293 [grpc-default-executor-4] INFO  impl.RaftServerImpl (RaftServerImpl.java:setRole(184)) - ee386961-2337-4a8c-9c8d-dbca8671699a@group-8175D73357F8: changes role from  FOLLOWER to FOLLOWER at term 33 for recognizeCandidate:a7998a79-199c-44f4-b3c2-ea75c49d687d
2019-10-18 14:22:58,293 [grpc-default-executor-5] INFO  impl.RaftServerImpl (RaftServerImpl.java:setRole(184)) - 2d385246-963b-498d-9e2e-bc24e50fd0c7@group-8175D73357F8: changes role from  FOLLOWER to FOLLOWER at term 33 for recognizeCandidate:a7998a79-199c-44f4-b3c2-ea75c49d687d
2019-10-18 14:22:58,293 [grpc-default-executor-4] INFO  impl.RoleInfo (RoleInfo.java:shutdownFollowerState(121)) - ee386961-2337-4a8c-9c8d-dbca8671699a: shutdown FollowerState
2019-10-18 14:22:58,294 [grpc-default-executor-5] INFO  impl.RoleInfo (RoleInfo.java:shutdownFollowerState(121)) - 2d385246-963b-498d-9e2e-bc24e50fd0c7: shutdown FollowerState
2019-10-18 14:22:58,294 [Thread-769] INFO  impl.FollowerState (FollowerState.java:run(117)) - ee386961-2337-4a8c-9c8d-dbca8671699a@group-8175D73357F8-FollowerState was interrupted: java.lang.InterruptedException: sleep interrupted
2019-10-18 14:22:58,294 [Thread-768] INFO  impl.FollowerState (FollowerState.java:run(117)) - 2d385246-963b-498d-9e2e-bc24e50fd0c7@group-8175D73357F8-FollowerState was interrupted: java.lang.InterruptedException: sleep interrupted
2019-10-18 14:22:58,294 [grpc-default-executor-4] INFO  impl.RoleInfo (RoleInfo.java:updateAndGet(143)) - ee386961-2337-4a8c-9c8d-dbca8671699a: start FollowerState
2019-10-18 14:22:58,294 [grpc-default-executor-5] INFO  impl.RoleInfo (RoleInfo.java:updateAndGet(143)) - 2d385246-963b-498d-9e2e-bc24e50fd0c7: start FollowerState
2019-10-18 14:22:58,309 [a7998a79-199c-44f4-b3c2-ea75c49d687d@group-8175D73357F8-LeaderElection40] INFO  impl.LeaderElection (LeaderElection.java:logAndReturn(56)) - a7998a79-199c-44f4-b3c2-ea75c49d687d@group-8175D73357F8-LeaderElection40: Election REJECTED; received 2 response(s) [a7998a79-199c-44f4-b3c2-ea75c49d687d<-2d385246-963b-498d-9e2e-bc24e50fd0c7#0:FAIL-t33, a7998a79-199c-44f4-b3c2-ea75c49d687d<-ee386961-2337-4a8c-9c8d-dbca8671699a#0:FAIL-t33] and 0 exception(s); a7998a79-199c-44f4-b3c2-ea75c49d687d@group-8175D73357F8:t33, leader=null, voted=a7998a79-199c-44f4-b3c2-ea75c49d687d, raftlog=a7998a79-199c-44f4-b3c2-ea75c49d687d@group-8175D73357F8-SegmentedRaftLog:OPENED:c3,f4,i4, conf=0: [a7998a79-199c-44f4-b3c2-ea75c49d687d:192.168.157.233:46825, 2d385246-963b-498d-9e2e-bc24e50fd0c7:192.168.157.233:40769, ee386961-2337-4a8c-9c8d-dbca8671699a:192.168.157.233:35014], old=null
2019-10-18 14:22:58,309 [a7998a79-199c-44f4-b3c2-ea75c49d687d@group-8175D73357F8-LeaderElection40] INFO  impl.RaftServerImpl (RaftServerImpl.java:setRole(184)) - a7998a79-199c-44f4-b3c2-ea75c49d687d@group-8175D73357F8: changes role from CANDIDATE to FOLLOWER at term 33 for DISCOVERED_A_NEW_TERM
2019-10-18 14:22:58,309 [a7998a79-199c-44f4-b3c2-ea75c49d687d@group-8175D73357F8-LeaderElection40] INFO  impl.RoleInfo (RoleInfo.java:shutdownLeaderElection(134)) - a7998a79-199c-44f4-b3c2-ea75c49d687d: shutdown LeaderElection
2019-10-18 14:22:58,309 [a7998a79-199c-44f4-b3c2-ea75c49d687d@group-8175D73357F8-LeaderElection40] INFO  impl.RoleInfo (RoleInfo.java:updateAndGet(143)) - a7998a79-199c-44f4-b3c2-ea75c49d687d: start FollowerState
2019-10-18 14:22:58,348 [Thread-776] INFO  impl.FollowerState (FollowerState.java:run(108)) - a7998a79-199c-44f4-b3c2-ea75c49d687d@group-8175D73357F8-FollowerState: change to CANDIDATE, lastRpcTime:38ms, electionTimeout:38ms
2019-10-18 14:22:58,348 [Thread-776] INFO  impl.RoleInfo (RoleInfo.java:shutdownFollowerState(121)) - a7998a79-199c-44f4-b3c2-ea75c49d687d: shutdown FollowerState
2019-10-18 14:22:58,348 [Thread-776] INFO  impl.RaftServerImpl (RaftServerImpl.java:setRole(184)) - a7998a79-199c-44f4-b3c2-ea75c49d687d@group-8175D73357F8: changes role from  FOLLOWER to CANDIDATE at term 33 for changeToCandidate
2019-10-18 14:22:58,348 [Thread-776] INFO  impl.RoleInfo (RoleInfo.java:updateAndGet(143)) - a7998a79-199c-44f4-b3c2-ea75c49d687d: start LeaderElection
2019-10-18 14:22:58,362 [a7998a79-199c-44f4-b3c2-ea75c49d687d@group-8175D73357F8-LeaderElection41] INFO  impl.LeaderElection (LeaderElection.java:askForVotes(178)) - a7998a79-199c-44f4-b3c2-ea75c49d687d@group-8175D73357F8-LeaderElection41: begin an election at term 34 for 0: [a7998a79-199c-44f4-b3c2-ea75c49d687d:192.168.157.233:46825, 2d385246-963b-498d-9e2e-bc24e50fd0c7:192.168.157.233:40769, ee386961-2337-4a8c-9c8d-dbca8671699a:192.168.157.233:35014], old=null
2019-10-18 14:22:58,364 [grpc-default-executor-5] INFO  impl.RaftServerImpl (RaftServerImpl.java:setRole(184)) - 2d385246-963b-498d-9e2e-bc24e50fd0c7@group-8175D73357F8: changes role from  FOLLOWER to FOLLOWER at term 34 for recognizeCandidate:a7998a79-199c-44f4-b3c2-ea75c49d687d
2019-10-18 14:22:58,364 [grpc-default-executor-5] INFO  impl.RoleInfo (RoleInfo.java:shutdownFollowerState(121)) - 2d385246-963b-498d-9e2e-bc24e50fd0c7: shutdown FollowerState
2019-10-18 14:22:58,364 [grpc-default-executor-4] INFO  impl.RaftServerImpl (RaftServerImpl.java:setRole(184)) - ee386961-2337-4a8c-9c8d-dbca8671699a@group-8175D73357F8: changes role from  FOLLOWER to FOLLOWER at term 34 for recognizeCandidate:a7998a79-199c-44f4-b3c2-ea75c49d687d
2019-10-18 14:22:58,365 [Thread-775] INFO  impl.FollowerState (FollowerState.java:run(117)) - 2d385246-963b-498d-9e2e-bc24e50fd0c7@group-8175D73357F8-FollowerState was interrupted: java.lang.InterruptedException: sleep interrupted
2019-10-18 14:22:58,365 [grpc-default-executor-5] INFO  impl.RoleInfo (RoleInfo.java:updateAndGet(143)) - 2d385246-963b-498d-9e2e-bc24e50fd0c7: start FollowerState
2019-10-18 14:22:58,365 [grpc-default-executor-4] INFO  impl.RoleInfo (RoleInfo.java:shutdownFollowerState(121)) - ee386961-2337-4a8c-9c8d-dbca8671699a: shutdown FollowerState
2019-10-18 14:22:58,365 [grpc-default-executor-4] INFO  impl.RoleInfo (RoleInfo.java:updateAndGet(143)) - ee386961-2337-4a8c-9c8d-dbca8671699a: start FollowerState
2019-10-18 14:22:58,365 [Thread-774] INFO  impl.FollowerState (FollowerState.java:run(117)) - ee386961-2337-4a8c-9c8d-dbca8671699a@group-8175D73357F8-FollowerState was interrupted: java.lang.InterruptedException: sleep interrupted
2019-10-18 14:22:58,377 [a7998a79-199c-44f4-b3c2-ea75c49d687d@group-8175D73357F8-LeaderElection41] INFO  impl.LeaderElection (LeaderElection.java:logAndReturn(56)) - a7998a79-199c-44f4-b3c2-ea75c49d687d@group-8175D73357F8-LeaderElection41: Election TIMEOUT; received 0 response(s) [] and 0 exception(s); a7998a79-199c-44f4-b3c2-ea75c49d687d@group-8175D73357F8:t34, leader=null, voted=a7998a79-199c-44f4-b3c2-ea75c49d687d, raftlog=a7998a79-199c-44f4-b3c2-ea75c49d687d@group-8175D73357F8-SegmentedRaftLog:OPENED:c3,f4,i4, conf=0: [a7998a79-199c-44f4-b3c2-ea75c49d687d:192.168.157.233:46825, 2d385246-963b-498d-9e2e-bc24e50fd0c7:192.168.157.233:40769, ee386961-2337-4a8c-9c8d-dbca8671699a:192.168.157.233:35014], old=null
2019-10-18 14:22:58,381 [a7998a79-199c-44f4-b3c2-ea75c49d687d@group-8175D73357F8-LeaderElection41] INFO  impl.LeaderElection (LeaderElection.java:askForVotes(178)) - a7998a79-199c-44f4-b3c2-ea75c49d687d@group-8175D73357F8-LeaderElection41: begin an election at term 35 for 0: [a7998a79-199c-44f4-b3c2-ea75c49d687d:192.168.157.233:46825, 2d385246-963b-498d-9e2e-bc24e50fd0c7:192.168.157.233:40769, ee386961-2337-4a8c-9c8d-dbca8671699a:192.168.157.233:35014], old=null
2019-10-18 14:22:58,383 [grpc-default-executor-4] INFO  impl.RaftServerImpl (RaftServerImpl.java:setRole(184)) - 2d385246-963b-498d-9e2e-bc24e50fd0c7@group-8175D73357F8: changes role from  FOLLOWER to FOLLOWER at term 35 for recognizeCandidate:a7998a79-199c-44f4-b3c2-ea75c49d687d
2019-10-18 14:22:58,383 [grpc-default-executor-4] INFO  impl.RoleInfo (RoleInfo.java:shutdownFollowerState(121)) - 2d385246-963b-498d-9e2e-bc24e50fd0c7: shutdown FollowerState
2019-10-18 14:22:58,383 [grpc-default-executor-5] INFO  impl.RaftServerImpl (RaftServerImpl.java:setRole(184)) - ee386961-2337-4a8c-9c8d-dbca8671699a@group-8175D73357F8: changes role from  FOLLOWER to FOLLOWER at term 35 for recognizeCandidate:a7998a79-199c-44f4-b3c2-ea75c49d687d
2019-10-18 14:22:58,384 [Thread-780] INFO  impl.FollowerState (FollowerState.java:run(117)) - 2d385246-963b-498d-9e2e-bc24e50fd0c7@group-8175D73357F8-FollowerState was interrupted: java.lang.InterruptedException: sleep interrupted
2019-10-18 14:22:58,384 [grpc-default-executor-4] INFO  impl.RoleInfo (RoleInfo.java:updateAndGet(143)) - 2d385246-963b-498d-9e2e-bc24e50fd0c7: start FollowerState
2019-10-18 14:22:58,384 [grpc-default-executor-5] INFO  impl.RoleInfo (RoleInfo.java:shutdownFollowerState(121)) - ee386961-2337-4a8c-9c8d-dbca8671699a: shutdown FollowerState
2019-10-18 14:22:58,384 [Thread-781] INFO  impl.FollowerState (FollowerState.java:run(117)) - ee386961-2337-4a8c-9c8d-dbca8671699a@group-8175D73357F8-FollowerState was interrupted: java.lang.InterruptedException: sleep interrupted
2019-10-18 14:22:58,384 [grpc-default-executor-5] INFO  impl.RoleInfo (RoleInfo.java:updateAndGet(143)) - ee386961-2337-4a8c-9c8d-dbca8671699a: start FollowerState
2019-10-18 14:22:58,405 [a7998a79-199c-44f4-b3c2-ea75c49d687d@group-8175D73357F8-LeaderElection41] INFO  impl.LeaderElection (LeaderElection.java:logAndReturn(56)) - a7998a79-199c-44f4-b3c2-ea75c49d687d@group-8175D73357F8-LeaderElection41: Election REJECTED; received 2 response(s) [a7998a79-199c-44f4-b3c2-ea75c49d687d<-2d385246-963b-498d-9e2e-bc24e50fd0c7#0:FAIL-t35, a7998a79-199c-44f4-b3c2-ea75c49d687d<-ee386961-2337-4a8c-9c8d-dbca8671699a#0:FAIL-t35] and 0 exception(s); a7998a79-199c-44f4-b3c2-ea75c49d687d@group-8175D73357F8:t35, leader=null, voted=a7998a79-199c-44f4-b3c2-ea75c49d687d, raftlog=a7998a79-199c-44f4-b3c2-ea75c49d687d@group-8175D73357F8-SegmentedRaftLog:OPENED:c3,f4,i4, conf=0: [a7998a79-199c-44f4-b3c2-ea75c49d687d:192.168.157.233:46825, 2d385246-963b-498d-9e2e-bc24e50fd0c7:192.168.157.233:40769, ee386961-2337-4a8c-9c8d-dbca8671699a:192.168.157.233:35014], old=null
2019-10-18 14:22:58,405 [a7998a79-199c-44f4-b3c2-ea75c49d687d@group-8175D73357F8-LeaderElection41] INFO  impl.RaftServerImpl (RaftServerImpl.java:setRole(184)) - a7998a79-199c-44f4-b3c2-ea75c49d687d@group-8175D73357F8: changes role from CANDIDATE to FOLLOWER at term 35 for DISCOVERED_A_NEW_TERM
2019-10-18 14:22:58,405 [a7998a79-199c-44f4-b3c2-ea75c49d687d@group-8175D73357F8-LeaderElection41] INFO  impl.RoleInfo (RoleInfo.java:shutdownLeaderElection(134)) - a7998a79-199c-44f4-b3c2-ea75c49d687d: shutdown LeaderElection
2019-10-18 14:22:58,405 [a7998a79-199c-44f4-b3c2-ea75c49d687d@group-8175D73357F8-LeaderElection41] INFO  impl.RoleInfo (RoleInfo.java:updateAndGet(143)) - a7998a79-199c-44f4-b3c2-ea75c49d687d: start FollowerState
2019-10-18 14:22:58,408 [SCMBlockDeletingService#1] INFO  block.SCMBlockDeletingService (SCMBlockDeletingService.java:call(184)) - Totally added 1 delete blocks command for 1 datanodes, task elapsed time: 0ms
2019-10-18 14:22:58,408 [pool-7-thread-5] INFO  commands.RetriableDatanodeEventWatcher (RetriableDatanodeEventWatcher.java:onTimeout(47)) - RetriableDatanodeCommand type=deleteBlocksCommand with id=1571408571401 timed out. Retrying.
2019-10-18 14:22:58,408 [pool-7-thread-7] INFO  commands.RetriableDatanodeEventWatcher (RetriableDatanodeEventWatcher.java:onTimeout(47)) - RetriableDatanodeCommand type=deleteBlocksCommand with id=1571408571405 timed out. Retrying.
2019-10-18 14:22:58,409 [pool-7-thread-2] INFO  commands.RetriableDatanodeEventWatcher (RetriableDatanodeEventWatcher.java:onTimeout(47)) - RetriableDatanodeCommand type=deleteBlocksCommand with id=1571408571404 timed out. Retrying.
2019-10-18 14:22:58,409 [pool-7-thread-4] INFO  commands.RetriableDatanodeEventWatcher (RetriableDatanodeEventWatcher.java:onTimeout(47)) - RetriableDatanodeCommand type=deleteBlocksCommand with id=1571408571408 timed out. Retrying.
2019-10-18 14:22:58,409 [pool-7-thread-6] INFO  commands.RetriableDatanodeEventWatcher (RetriableDatanodeEventWatcher.java:onTimeout(47)) - RetriableDatanodeCommand type=deleteBlocksCommand with id=1571408571407 timed out. Retrying.
2019-10-18 14:22:58,409 [pool-7-thread-1] INFO  commands.RetriableDatanodeEventWatcher (RetriableDatanodeEventWatcher.java:onTimeout(47)) - RetriableDatanodeCommand type=deleteBlocksCommand with id=1571408571403 timed out. Retrying.
2019-10-18 14:22:58,409 [pool-7-thread-3] INFO  commands.RetriableDatanodeEventWatcher (RetriableDatanodeEventWatcher.java:onTimeout(47)) - RetriableDatanodeCommand type=deleteBlocksCommand with id=1571408571406 timed out. Retrying.
2019-10-18 14:22:58,461 [Thread-786] INFO  impl.FollowerState (FollowerState.java:run(108)) - a7998a79-199c-44f4-b3c2-ea75c49d687d@group-8175D73357F8-FollowerState: change to CANDIDATE, lastRpcTime:55ms, electionTimeout:55ms
2019-10-18 14:22:58,461 [Thread-786] INFO  impl.RoleInfo (RoleInfo.java:shutdownFollowerState(121)) - a7998a79-199c-44f4-b3c2-ea75c49d687d: shutdown FollowerState
2019-10-18 14:22:58,461 [Thread-786] INFO  impl.RaftServerImpl (RaftServerImpl.java:setRole(184)) - a7998a79-199c-44f4-b3c2-ea75c49d687d@group-8175D73357F8: changes role from  FOLLOWER to CANDIDATE at term 35 for changeToCandidate
2019-10-18 14:22:58,461 [Thread-786] INFO  impl.RoleInfo (RoleInfo.java:updateAndGet(143)) - a7998a79-199c-44f4-b3c2-ea75c49d687d: start LeaderElection
2019-10-18 14:22:58,475 [a7998a79-199c-44f4-b3c2-ea75c49d687d@group-8175D73357F8-LeaderElection42] INFO  impl.LeaderElection (LeaderElection.java:askForVotes(178)) - a7998a79-199c-44f4-b3c2-ea75c49d687d@group-8175D73357F8-LeaderElection42: begin an election at term 36 for 0: [a7998a79-199c-44f4-b3c2-ea75c49d687d:192.168.157.233:46825, 2d385246-963b-498d-9e2e-bc24e50fd0c7:192.168.157.233:40769, ee386961-2337-4a8c-9c8d-dbca8671699a:192.168.157.233:35014], old=null
2019-10-18 14:22:58,478 [grpc-default-executor-5] INFO  impl.RaftServerImpl (RaftServerImpl.java:setRole(184)) - 2d385246-963b-498d-9e2e-bc24e50fd0c7@group-8175D73357F8: changes role from  FOLLOWER to FOLLOWER at term 36 for recognizeCandidate:a7998a79-199c-44f4-b3c2-ea75c49d687d
2019-10-18 14:22:58,478 [grpc-default-executor-4] INFO  impl.RaftServerImpl (RaftServerImpl.java:setRole(184)) - ee386961-2337-4a8c-9c8d-dbca8671699a@group-8175D73357F8: changes role from  FOLLOWER to FOLLOWER at term 36 for recognizeCandidate:a7998a79-199c-44f4-b3c2-ea75c49d687d
2019-10-18 14:22:58,478 [grpc-default-executor-5] INFO  impl.RoleInfo (RoleInfo.java:shutdownFollowerState(121)) - 2d385246-963b-498d-9e2e-bc24e50fd0c7: shutdown FollowerState
2019-10-18 14:22:58,478 [grpc-default-executor-4] INFO  impl.RoleInfo (RoleInfo.java:shutdownFollowerState(121)) - ee386961-2337-4a8c-9c8d-dbca8671699a: shutdown FollowerState
2019-10-18 14:22:58,478 [Thread-784] INFO  impl.FollowerState (FollowerState.java:run(117)) - 2d385246-963b-498d-9e2e-bc24e50fd0c7@group-8175D73357F8-FollowerState was interrupted: java.lang.InterruptedException: sleep interrupted
2019-10-18 14:22:58,478 [grpc-default-executor-5] INFO  impl.RoleInfo (RoleInfo.java:updateAndGet(143)) - 2d385246-963b-498d-9e2e-bc24e50fd0c7: start FollowerState
2019-10-18 14:22:58,478 [grpc-default-executor-4] INFO  impl.RoleInfo (RoleInfo.java:updateAndGet(143)) - ee386961-2337-4a8c-9c8d-dbca8671699a: start FollowerState
2019-10-18 14:22:58,478 [Thread-785] INFO  impl.FollowerState (FollowerState.java:run(117)) - ee386961-2337-4a8c-9c8d-dbca8671699a@group-8175D73357F8-FollowerState was interrupted: java.lang.InterruptedException: sleep interrupted
2019-10-18 14:22:58,493 [a7998a79-199c-44f4-b3c2-ea75c49d687d@group-8175D73357F8-LeaderElection42] INFO  impl.LeaderElection (LeaderElection.java:logAndReturn(56)) - a7998a79-199c-44f4-b3c2-ea75c49d687d@group-8175D73357F8-LeaderElection42: Election REJECTED; received 2 response(s) [a7998a79-199c-44f4-b3c2-ea75c49d687d<-2d385246-963b-498d-9e2e-bc24e50fd0c7#0:FAIL-t36, a7998a79-199c-44f4-b3c2-ea75c49d687d<-ee386961-2337-4a8c-9c8d-dbca8671699a#0:FAIL-t36] and 0 exception(s); a7998a79-199c-44f4-b3c2-ea75c49d687d@group-8175D73357F8:t36, leader=null, voted=a7998a79-199c-44f4-b3c2-ea75c49d687d, raftlog=a7998a79-199c-44f4-b3c2-ea75c49d687d@group-8175D73357F8-SegmentedRaftLog:OPENED:c3,f4,i4, conf=0: [a7998a79-199c-44f4-b3c2-ea75c49d687d:192.168.157.233:46825, 2d385246-963b-498d-9e2e-bc24e50fd0c7:192.168.157.233:40769, ee386961-2337-4a8c-9c8d-dbca8671699a:192.168.157.233:35014], old=null
2019-10-18 14:22:58,493 [a7998a79-199c-44f4-b3c2-ea75c49d687d@group-8175D73357F8-LeaderElection42] INFO  impl.RaftServerImpl (RaftServerImpl.java:setRole(184)) - a7998a79-199c-44f4-b3c2-ea75c49d687d@group-8175D73357F8: changes role from CANDIDATE to FOLLOWER at term 36 for DISCOVERED_A_NEW_TERM
2019-10-18 14:22:58,494 [a7998a79-199c-44f4-b3c2-ea75c49d687d@group-8175D73357F8-LeaderElection42] INFO  impl.RoleInfo (RoleInfo.java:shutdownLeaderElection(134)) - a7998a79-199c-44f4-b3c2-ea75c49d687d: shutdown LeaderElection
2019-10-18 14:22:58,494 [a7998a79-199c-44f4-b3c2-ea75c49d687d@group-8175D73357F8-LeaderElection42] INFO  impl.RoleInfo (RoleInfo.java:updateAndGet(143)) - a7998a79-199c-44f4-b3c2-ea75c49d687d: start FollowerState
2019-10-18 14:22:58,562 [Thread-792] INFO  impl.FollowerState (FollowerState.java:run(108)) - a7998a79-199c-44f4-b3c2-ea75c49d687d@group-8175D73357F8-FollowerState: change to CANDIDATE, lastRpcTime:68ms, electionTimeout:68ms
2019-10-18 14:22:58,562 [Thread-792] INFO  impl.RoleInfo (RoleInfo.java:shutdownFollowerState(121)) - a7998a79-199c-44f4-b3c2-ea75c49d687d: shutdown FollowerState
2019-10-18 14:22:58,562 [Thread-792] INFO  impl.RaftServerImpl (RaftServerImpl.java:setRole(184)) - a7998a79-199c-44f4-b3c2-ea75c49d687d@group-8175D73357F8: changes role from  FOLLOWER to CANDIDATE at term 36 for changeToCandidate
2019-10-18 14:22:58,563 [Thread-792] INFO  impl.RoleInfo (RoleInfo.java:updateAndGet(143)) - a7998a79-199c-44f4-b3c2-ea75c49d687d: start LeaderElection
2019-10-18 14:22:58,576 [a7998a79-199c-44f4-b3c2-ea75c49d687d@group-8175D73357F8-LeaderElection43] INFO  impl.LeaderElection (LeaderElection.java:askForVotes(178)) - a7998a79-199c-44f4-b3c2-ea75c49d687d@group-8175D73357F8-LeaderElection43: begin an election at term 37 for 0: [a7998a79-199c-44f4-b3c2-ea75c49d687d:192.168.157.233:46825, 2d385246-963b-498d-9e2e-bc24e50fd0c7:192.168.157.233:40769, ee386961-2337-4a8c-9c8d-dbca8671699a:192.168.157.233:35014], old=null
2019-10-18 14:22:58,579 [grpc-default-executor-5] INFO  impl.RaftServerImpl (RaftServerImpl.java:setRole(184)) - ee386961-2337-4a8c-9c8d-dbca8671699a@group-8175D73357F8: changes role from  FOLLOWER to FOLLOWER at term 37 for recognizeCandidate:a7998a79-199c-44f4-b3c2-ea75c49d687d
2019-10-18 14:22:58,579 [grpc-default-executor-4] INFO  impl.RaftServerImpl (RaftServerImpl.java:setRole(184)) - 2d385246-963b-498d-9e2e-bc24e50fd0c7@group-8175D73357F8: changes role from  FOLLOWER to FOLLOWER at term 37 for recognizeCandidate:a7998a79-199c-44f4-b3c2-ea75c49d687d
2019-10-18 14:22:58,579 [grpc-default-executor-5] INFO  impl.RoleInfo (RoleInfo.java:shutdownFollowerState(121)) - ee386961-2337-4a8c-9c8d-dbca8671699a: shutdown FollowerState
2019-10-18 14:22:58,579 [grpc-default-executor-4] INFO  impl.RoleInfo (RoleInfo.java:shutdownFollowerState(121)) - 2d385246-963b-498d-9e2e-bc24e50fd0c7: shutdown FollowerState
2019-10-18 14:22:58,579 [Thread-791] INFO  impl.FollowerState (FollowerState.java:run(117)) - ee386961-2337-4a8c-9c8d-dbca8671699a@group-8175D73357F8-FollowerState was interrupted: java.lang.InterruptedException: sleep interrupted
2019-10-18 14:22:58,579 [Thread-790] INFO  impl.FollowerState (FollowerState.java:run(117)) - 2d385246-963b-498d-9e2e-bc24e50fd0c7@group-8175D73357F8-FollowerState was interrupted: java.lang.InterruptedException: sleep interrupted
2019-10-18 14:22:58,579 [grpc-default-executor-5] INFO  impl.RoleInfo (RoleInfo.java:updateAndGet(143)) - ee386961-2337-4a8c-9c8d-dbca8671699a: start FollowerState
2019-10-18 14:22:58,579 [grpc-default-executor-4] INFO  impl.RoleInfo (RoleInfo.java:updateAndGet(143)) - 2d385246-963b-498d-9e2e-bc24e50fd0c7: start FollowerState
2019-10-18 14:22:58,594 [a7998a79-199c-44f4-b3c2-ea75c49d687d@group-8175D73357F8-LeaderElection43] INFO  impl.LeaderElection (LeaderElection.java:logAndReturn(56)) - a7998a79-199c-44f4-b3c2-ea75c49d687d@group-8175D73357F8-LeaderElection43: Election REJECTED; received 2 response(s) [a7998a79-199c-44f4-b3c2-ea75c49d687d<-2d385246-963b-498d-9e2e-bc24e50fd0c7#0:FAIL-t37, a7998a79-199c-44f4-b3c2-ea75c49d687d<-ee386961-2337-4a8c-9c8d-dbca8671699a#0:FAIL-t37] and 0 exception(s); a7998a79-199c-44f4-b3c2-ea75c49d687d@group-8175D73357F8:t37, leader=null, voted=a7998a79-199c-44f4-b3c2-ea75c49d687d, raftlog=a7998a79-199c-44f4-b3c2-ea75c49d687d@group-8175D73357F8-SegmentedRaftLog:OPENED:c3,f4,i4, conf=0: [a7998a79-199c-44f4-b3c2-ea75c49d687d:192.168.157.233:46825, 2d385246-963b-498d-9e2e-bc24e50fd0c7:192.168.157.233:40769, ee386961-2337-4a8c-9c8d-dbca8671699a:192.168.157.233:35014], old=null
2019-10-18 14:22:58,594 [a7998a79-199c-44f4-b3c2-ea75c49d687d@group-8175D73357F8-LeaderElection43] INFO  impl.RaftServerImpl (RaftServerImpl.java:setRole(184)) - a7998a79-199c-44f4-b3c2-ea75c49d687d@group-8175D73357F8: changes role from CANDIDATE to FOLLOWER at term 37 for DISCOVERED_A_NEW_TERM
2019-10-18 14:22:58,594 [a7998a79-199c-44f4-b3c2-ea75c49d687d@group-8175D73357F8-LeaderElection43] INFO  impl.RoleInfo (RoleInfo.java:shutdownLeaderElection(134)) - a7998a79-199c-44f4-b3c2-ea75c49d687d: shutdown LeaderElection
2019-10-18 14:22:58,594 [a7998a79-199c-44f4-b3c2-ea75c49d687d@group-8175D73357F8-LeaderElection43] INFO  impl.RoleInfo (RoleInfo.java:updateAndGet(143)) - a7998a79-199c-44f4-b3c2-ea75c49d687d: start FollowerState
2019-10-18 14:22:58,704 [Thread-798] INFO  impl.FollowerState (FollowerState.java:run(108)) - a7998a79-199c-44f4-b3c2-ea75c49d687d@group-8175D73357F8-FollowerState: change to CANDIDATE, lastRpcTime:109ms, electionTimeout:109ms
2019-10-18 14:22:58,704 [Thread-798] INFO  impl.RoleInfo (RoleInfo.java:shutdownFollowerState(121)) - a7998a79-199c-44f4-b3c2-ea75c49d687d: shutdown FollowerState
2019-10-18 14:22:58,704 [Thread-798] INFO  impl.RaftServerImpl (RaftServerImpl.java:setRole(184)) - a7998a79-199c-44f4-b3c2-ea75c49d687d@group-8175D73357F8: changes role from  FOLLOWER to CANDIDATE at term 37 for changeToCandidate
2019-10-18 14:22:58,704 [Thread-798] INFO  impl.RoleInfo (RoleInfo.java:updateAndGet(143)) - a7998a79-199c-44f4-b3c2-ea75c49d687d: start LeaderElection
2019-10-18 14:22:58,719 [a7998a79-199c-44f4-b3c2-ea75c49d687d@group-8175D73357F8-LeaderElection44] INFO  impl.LeaderElection (LeaderElection.java:askForVotes(178)) - a7998a79-199c-44f4-b3c2-ea75c49d687d@group-8175D73357F8-LeaderElection44: begin an election at term 38 for 0: [a7998a79-199c-44f4-b3c2-ea75c49d687d:192.168.157.233:46825, 2d385246-963b-498d-9e2e-bc24e50fd0c7:192.168.157.233:40769, ee386961-2337-4a8c-9c8d-dbca8671699a:192.168.157.233:35014], old=null
2019-10-18 14:22:58,721 [grpc-default-executor-4] INFO  impl.RaftServerImpl (RaftServerImpl.java:setRole(184)) - 2d385246-963b-498d-9e2e-bc24e50fd0c7@group-8175D73357F8: changes role from  FOLLOWER to FOLLOWER at term 38 for recognizeCandidate:a7998a79-199c-44f4-b3c2-ea75c49d687d
2019-10-18 14:22:58,721 [grpc-default-executor-4] INFO  impl.RoleInfo (RoleInfo.java:shutdownFollowerState(121)) - 2d385246-963b-498d-9e2e-bc24e50fd0c7: shutdown FollowerState
2019-10-18 14:22:58,722 [grpc-default-executor-5] INFO  impl.RaftServerImpl (RaftServerImpl.java:setRole(184)) - ee386961-2337-4a8c-9c8d-dbca8671699a@group-8175D73357F8: changes role from  FOLLOWER to FOLLOWER at term 38 for recognizeCandidate:a7998a79-199c-44f4-b3c2-ea75c49d687d
2019-10-18 14:22:58,722 [Thread-797] INFO  impl.FollowerState (FollowerState.java:run(117)) - 2d385246-963b-498d-9e2e-bc24e50fd0c7@group-8175D73357F8-FollowerState was interrupted: java.lang.InterruptedException: sleep interrupted
2019-10-18 14:22:58,722 [grpc-default-executor-4] INFO  impl.RoleInfo (RoleInfo.java:updateAndGet(143)) - 2d385246-963b-498d-9e2e-bc24e50fd0c7: start FollowerState
2019-10-18 14:22:58,722 [grpc-default-executor-5] INFO  impl.RoleInfo (RoleInfo.java:shutdownFollowerState(121)) - ee386961-2337-4a8c-9c8d-dbca8671699a: shutdown FollowerState
2019-10-18 14:22:58,722 [grpc-default-executor-5] INFO  impl.RoleInfo (RoleInfo.java:updateAndGet(143)) - ee386961-2337-4a8c-9c8d-dbca8671699a: start FollowerState
2019-10-18 14:22:58,722 [Thread-796] INFO  impl.FollowerState (FollowerState.java:run(117)) - ee386961-2337-4a8c-9c8d-dbca8671699a@group-8175D73357F8-FollowerState was interrupted: java.lang.InterruptedException: sleep interrupted
2019-10-18 14:22:58,737 [a7998a79-199c-44f4-b3c2-ea75c49d687d@group-8175D73357F8-LeaderElection44] INFO  impl.LeaderElection (LeaderElection.java:logAndReturn(56)) - a7998a79-199c-44f4-b3c2-ea75c49d687d@group-8175D73357F8-LeaderElection44: Election REJECTED; received 2 response(s) [a7998a79-199c-44f4-b3c2-ea75c49d687d<-2d385246-963b-498d-9e2e-bc24e50fd0c7#0:FAIL-t38, a7998a79-199c-44f4-b3c2-ea75c49d687d<-ee386961-2337-4a8c-9c8d-dbca8671699a#0:FAIL-t38] and 0 exception(s); a7998a79-199c-44f4-b3c2-ea75c49d687d@group-8175D73357F8:t38, leader=null, voted=a7998a79-199c-44f4-b3c2-ea75c49d687d, raftlog=a7998a79-199c-44f4-b3c2-ea75c49d687d@group-8175D73357F8-SegmentedRaftLog:OPENED:c3,f4,i4, conf=0: [a7998a79-199c-44f4-b3c2-ea75c49d687d:192.168.157.233:46825, 2d385246-963b-498d-9e2e-bc24e50fd0c7:192.168.157.233:40769, ee386961-2337-4a8c-9c8d-dbca8671699a:192.168.157.233:35014], old=null
2019-10-18 14:22:58,737 [a7998a79-199c-44f4-b3c2-ea75c49d687d@group-8175D73357F8-LeaderElection44] INFO  impl.RaftServerImpl (RaftServerImpl.java:setRole(184)) - a7998a79-199c-44f4-b3c2-ea75c49d687d@group-8175D73357F8: changes role from CANDIDATE to FOLLOWER at term 38 for DISCOVERED_A_NEW_TERM
2019-10-18 14:22:58,737 [a7998a79-199c-44f4-b3c2-ea75c49d687d@group-8175D73357F8-LeaderElection44] INFO  impl.RoleInfo (RoleInfo.java:shutdownLeaderElection(134)) - a7998a79-199c-44f4-b3c2-ea75c49d687d: shutdown LeaderElection
2019-10-18 14:22:58,737 [a7998a79-199c-44f4-b3c2-ea75c49d687d@group-8175D73357F8-LeaderElection44] INFO  impl.RoleInfo (RoleInfo.java:updateAndGet(143)) - a7998a79-199c-44f4-b3c2-ea75c49d687d: start FollowerState
2019-10-18 14:22:58,756 [Thread-804] INFO  impl.FollowerState (FollowerState.java:run(108)) - a7998a79-199c-44f4-b3c2-ea75c49d687d@group-8175D73357F8-FollowerState: change to CANDIDATE, lastRpcTime:18ms, electionTimeout:18ms
2019-10-18 14:22:58,756 [Thread-804] INFO  impl.RoleInfo (RoleInfo.java:shutdownFollowerState(121)) - a7998a79-199c-44f4-b3c2-ea75c49d687d: shutdown FollowerState
2019-10-18 14:22:58,756 [Thread-804] INFO  impl.RaftServerImpl (RaftServerImpl.java:setRole(184)) - a7998a79-199c-44f4-b3c2-ea75c49d687d@group-8175D73357F8: changes role from  FOLLOWER to CANDIDATE at term 38 for changeToCandidate
2019-10-18 14:22:58,756 [Thread-804] INFO  impl.RoleInfo (RoleInfo.java:updateAndGet(143)) - a7998a79-199c-44f4-b3c2-ea75c49d687d: start LeaderElection
2019-10-18 14:22:58,757 [EventQueue-PendingDeleteStatusForPendingDeleteHandler] INFO  block.SCMBlockDeletingService (SCMBlockDeletingService.java:handlePendingDeletes(115)) - Block deletion txnID mismatch in datanode a7998a79-199c-44f4-b3c2-ea75c49d687d for containerID 1. Datanode delete txnID: 0, SCM txnID: 1
2019-10-18 14:22:58,770 [a7998a79-199c-44f4-b3c2-ea75c49d687d@group-8175D73357F8-LeaderElection45] INFO  impl.LeaderElection (LeaderElection.java:askForVotes(178)) - a7998a79-199c-44f4-b3c2-ea75c49d687d@group-8175D73357F8-LeaderElection45: begin an election at term 39 for 0: [a7998a79-199c-44f4-b3c2-ea75c49d687d:192.168.157.233:46825, 2d385246-963b-498d-9e2e-bc24e50fd0c7:192.168.157.233:40769, ee386961-2337-4a8c-9c8d-dbca8671699a:192.168.157.233:35014], old=null
2019-10-18 14:22:58,772 [grpc-default-executor-4] INFO  impl.RaftServerImpl (RaftServerImpl.java:setRole(184)) - 2d385246-963b-498d-9e2e-bc24e50fd0c7@group-8175D73357F8: changes role from  FOLLOWER to FOLLOWER at term 39 for recognizeCandidate:a7998a79-199c-44f4-b3c2-ea75c49d687d
2019-10-18 14:22:58,773 [grpc-default-executor-5] INFO  impl.RaftServerImpl (RaftServerImpl.java:setRole(184)) - ee386961-2337-4a8c-9c8d-dbca8671699a@group-8175D73357F8: changes role from  FOLLOWER to FOLLOWER at term 39 for recognizeCandidate:a7998a79-199c-44f4-b3c2-ea75c49d687d
2019-10-18 14:22:58,773 [grpc-default-executor-4] INFO  impl.RoleInfo (RoleInfo.java:shutdownFollowerState(121)) - 2d385246-963b-498d-9e2e-bc24e50fd0c7: shutdown FollowerState
2019-10-18 14:22:58,773 [grpc-default-executor-5] INFO  impl.RoleInfo (RoleInfo.java:shutdownFollowerState(121)) - ee386961-2337-4a8c-9c8d-dbca8671699a: shutdown FollowerState
2019-10-18 14:22:58,773 [grpc-default-executor-4] INFO  impl.RoleInfo (RoleInfo.java:updateAndGet(143)) - 2d385246-963b-498d-9e2e-bc24e50fd0c7: start FollowerState
2019-10-18 14:22:58,773 [Thread-803] INFO  impl.FollowerState (FollowerState.java:run(117)) - ee386961-2337-4a8c-9c8d-dbca8671699a@group-8175D73357F8-FollowerState was interrupted: java.lang.InterruptedException: sleep interrupted
2019-10-18 14:22:58,773 [Thread-802] INFO  impl.FollowerState (FollowerState.java:run(117)) - 2d385246-963b-498d-9e2e-bc24e50fd0c7@group-8175D73357F8-FollowerState was interrupted: java.lang.InterruptedException: sleep interrupted
2019-10-18 14:22:58,773 [grpc-default-executor-5] INFO  impl.RoleInfo (RoleInfo.java:updateAndGet(143)) - ee386961-2337-4a8c-9c8d-dbca8671699a: start FollowerState
2019-10-18 14:22:58,788 [a7998a79-199c-44f4-b3c2-ea75c49d687d@group-8175D73357F8-LeaderElection45] INFO  impl.LeaderElection (LeaderElection.java:logAndReturn(56)) - a7998a79-199c-44f4-b3c2-ea75c49d687d@group-8175D73357F8-LeaderElection45: Election REJECTED; received 2 response(s) [a7998a79-199c-44f4-b3c2-ea75c49d687d<-2d385246-963b-498d-9e2e-bc24e50fd0c7#0:FAIL-t39, a7998a79-199c-44f4-b3c2-ea75c49d687d<-ee386961-2337-4a8c-9c8d-dbca8671699a#0:FAIL-t39] and 0 exception(s); a7998a79-199c-44f4-b3c2-ea75c49d687d@group-8175D73357F8:t39, leader=null, voted=a7998a79-199c-44f4-b3c2-ea75c49d687d, raftlog=a7998a79-199c-44f4-b3c2-ea75c49d687d@group-8175D73357F8-SegmentedRaftLog:OPENED:c3,f4,i4, conf=0: [a7998a79-199c-44f4-b3c2-ea75c49d687d:192.168.157.233:46825, 2d385246-963b-498d-9e2e-bc24e50fd0c7:192.168.157.233:40769, ee386961-2337-4a8c-9c8d-dbca8671699a:192.168.157.233:35014], old=null
2019-10-18 14:22:58,788 [a7998a79-199c-44f4-b3c2-ea75c49d687d@group-8175D73357F8-LeaderElection45] INFO  impl.RaftServerImpl (RaftServerImpl.java:setRole(184)) - a7998a79-199c-44f4-b3c2-ea75c49d687d@group-8175D73357F8: changes role from CANDIDATE to FOLLOWER at term 39 for DISCOVERED_A_NEW_TERM
2019-10-18 14:22:58,788 [a7998a79-199c-44f4-b3c2-ea75c49d687d@group-8175D73357F8-LeaderElection45] INFO  impl.RoleInfo (RoleInfo.java:shutdownLeaderElection(134)) - a7998a79-199c-44f4-b3c2-ea75c49d687d: shutdown LeaderElection
2019-10-18 14:22:58,789 [a7998a79-199c-44f4-b3c2-ea75c49d687d@group-8175D73357F8-LeaderElection45] INFO  impl.RoleInfo (RoleInfo.java:updateAndGet(143)) - a7998a79-199c-44f4-b3c2-ea75c49d687d: start FollowerState
2019-10-18 14:22:58,883 [grpc-default-executor-5] INFO  impl.RaftServerProxy (RaftServerProxy.java:addNew(89)) - a7998a79-199c-44f4-b3c2-ea75c49d687d: addNew group-D1701DB3FDB1:[a7998a79-199c-44f4-b3c2-ea75c49d687d:192.168.157.233:46825] returns group-D1701DB3FDB1:java.util.concurrent.CompletableFuture@76ed7f14[Not completed]
2019-10-18 14:22:58,887 [pool-59-thread-1] INFO  impl.RaftServerImpl (RaftServerImpl.java:<init>(104)) - a7998a79-199c-44f4-b3c2-ea75c49d687d: new RaftServerImpl for group-D1701DB3FDB1:[a7998a79-199c-44f4-b3c2-ea75c49d687d:192.168.157.233:46825] with ContainerStateMachine:uninitialized
2019-10-18 14:22:58,887 [pool-59-thread-1] INFO  server.RaftServerConfigKeys (ConfUtils.java:logGet(43)) - raft.server.rpc.timeout.min = 5s (custom)
2019-10-18 14:22:58,887 [pool-59-thread-1] INFO  server.RaftServerConfigKeys (ConfUtils.java:logGet(43)) - raft.server.rpc.timeout.max = 5200ms (custom)
2019-10-18 14:22:58,887 [pool-59-thread-1] INFO  server.RaftServerConfigKeys (ConfUtils.java:logGet(43)) - raft.server.rpcslowness.timeout = 1000s (custom)
2019-10-18 14:22:58,887 [pool-59-thread-1] INFO  server.RaftServerConfigKeys (ConfUtils.java:logGet(43)) - raft.server.sleep.deviation.threshold = 300 (default)
2019-10-18 14:22:58,888 [pool-59-thread-1] INFO  server.RaftServerConfigKeys (ConfUtils.java:logGet(43)) - raft.server.log.appender.install.snapshot.enabled = false (custom)
2019-10-18 14:22:58,888 [pool-59-thread-1] INFO  impl.RaftServerImpl (ServerState.java:<init>(103)) - a7998a79-199c-44f4-b3c2-ea75c49d687d@group-D1701DB3FDB1: ConfigurationManager, init=-1: [a7998a79-199c-44f4-b3c2-ea75c49d687d:192.168.157.233:46825], old=null, confs=<EMPTY_MAP>
2019-10-18 14:22:58,888 [pool-59-thread-1] INFO  server.RaftServerConfigKeys (ConfUtils.java:logGet(43)) - raft.server.storage.dir = [/workdir/hadoop-ozone/integration-test/target/test-dir/MiniOzoneClusterImpl-b1cd5a49-dfd5-4407-b99d-3d51da0a788c/datanode-1/data/ratis] (custom)
2019-10-18 14:22:58,889 [pool-59-thread-1] INFO  server.RaftServerConfigKeys (ConfUtils.java:logGet(43)) - raft.server.log.corruption.policy = EXCEPTION (default)
2019-10-18 14:22:58,889 [pool-59-thread-1] INFO  storage.RaftStorageDirectory (RaftStorageDirectory.java:analyzeStorage(246)) - The storage directory /workdir/hadoop-ozone/integration-test/target/test-dir/MiniOzoneClusterImpl-b1cd5a49-dfd5-4407-b99d-3d51da0a788c/datanode-1/data/ratis/6c4875be-1901-44ae-91bf-d1701db3fdb1 does not exist. Creating ...
2019-10-18 14:22:58,903 [pool-59-thread-1] INFO  storage.RaftStorageDirectory (RaftStorageDirectory.java:tryLock(328)) - Lock on /workdir/hadoop-ozone/integration-test/target/test-dir/MiniOzoneClusterImpl-b1cd5a49-dfd5-4407-b99d-3d51da0a788c/datanode-1/data/ratis/6c4875be-1901-44ae-91bf-d1701db3fdb1/in_use.lock acquired by nodename 17776@pr-hdds-2325-q7txw-2705037156
2019-10-18 14:22:58,929 [pool-59-thread-1] INFO  storage.RaftStorage (RaftStorage.java:format(84)) - Storage directory /workdir/hadoop-ozone/integration-test/target/test-dir/MiniOzoneClusterImpl-b1cd5a49-dfd5-4407-b99d-3d51da0a788c/datanode-1/data/ratis/6c4875be-1901-44ae-91bf-d1701db3fdb1 has been successfully formatted.
2019-10-18 14:22:58,930 [pool-59-thread-1] INFO  ratis.ContainerStateMachine (ContainerStateMachine.java:loadSnapshot(231)) - group-D1701DB3FDB1: The snapshot info is null. Setting the last applied indexto:(t:0, i:~)
2019-10-18 14:22:58,930 [pool-59-thread-1] INFO  server.RaftServerConfigKeys (ConfUtils.java:logGet(43)) - raft.server.notification.no-leader.timeout = 1000s (custom)
2019-10-18 14:22:58,930 [pool-59-thread-1] INFO  server.RaftServerConfigKeys (ConfUtils.java:logGet(43)) - raft.server.log.use.memory = false (default)
2019-10-18 14:22:58,930 [pool-59-thread-1] INFO  server.RaftServerConfigKeys (ConfUtils.java:logGet(43)) - raft.server.log.purge.gap = 1000000 (custom)
2019-10-18 14:22:58,930 [pool-59-thread-1] INFO  server.RaftServerConfigKeys (ConfUtils.java:logGet(43)) - raft.server.log.appender.buffer.byte-limit = 33554432 (custom)
2019-10-18 14:22:58,930 [pool-59-thread-1] INFO  server.RaftServerConfigKeys (ConfUtils.java:logGet(43)) - raft.server.log.segment.size.max = 1048576 (custom)
2019-10-18 14:22:58,931 [pool-59-thread-1] INFO  server.RaftServerConfigKeys (ConfUtils.java:logGet(43)) - raft.server.log.segment.cache.num.max = 2 (custom)
2019-10-18 14:22:58,931 [pool-59-thread-1] INFO  segmented.SegmentedRaftLogWorker (SegmentedRaftLogWorker.java:<init>(173)) - new a7998a79-199c-44f4-b3c2-ea75c49d687d@group-D1701DB3FDB1-SegmentedRaftLogWorker for RaftStorage:Storage Directory /workdir/hadoop-ozone/integration-test/target/test-dir/MiniOzoneClusterImpl-b1cd5a49-dfd5-4407-b99d-3d51da0a788c/datanode-1/data/ratis/6c4875be-1901-44ae-91bf-d1701db3fdb1
2019-10-18 14:22:58,931 [pool-59-thread-1] INFO  server.RaftServerConfigKeys (ConfUtils.java:logGet(43)) - raft.server.log.queue.byte-limit = 2147483647 (custom)
2019-10-18 14:22:58,931 [pool-59-thread-1] INFO  server.RaftServerConfigKeys (ConfUtils.java:logGet(43)) - raft.server.log.queue.element-limit = 1024 (custom)
2019-10-18 14:22:58,931 [pool-59-thread-1] INFO  server.RaftServerConfigKeys (ConfUtils.java:logGet(43)) - raft.server.log.segment.size.max = 1048576 (custom)
2019-10-18 14:22:58,931 [pool-59-thread-1] INFO  server.RaftServerConfigKeys (ConfUtils.java:logGet(43)) - raft.server.log.preallocated.size = 16384 (custom)
2019-10-18 14:22:58,931 [pool-59-thread-1] INFO  server.RaftServerConfigKeys (ConfUtils.java:logGet(43)) - raft.server.log.write.buffer.size = 33554432 (custom)
2019-10-18 14:22:58,931 [pool-59-thread-1] INFO  server.RaftServerConfigKeys (ConfUtils.java:logGet(43)) - raft.server.log.force.sync.num = 128 (default)
2019-10-18 14:22:58,931 [pool-59-thread-1] INFO  server.RaftServerConfigKeys (ConfUtils.java:logGet(43)) - raft.server.log.statemachine.data.sync = true (default)
2019-10-18 14:22:58,931 [pool-59-thread-1] INFO  server.RaftServerConfigKeys (ConfUtils.java:logGet(43)) - raft.server.log.statemachine.data.sync.timeout = 10s (default)
2019-10-18 14:22:58,932 [pool-59-thread-1] INFO  server.RaftServerConfigKeys (ConfUtils.java:logGet(43)) - raft.server.log.statemachine.data.sync.timeout.retry = -1 (default)
2019-10-18 14:22:58,932 [pool-59-thread-1] INFO  server.RaftServerConfigKeys (ConfUtils.java:logGet(43)) - raft.server.log.statemachine.data.caching.enabled = true (custom)
2019-10-18 14:22:58,932 [pool-59-thread-1] INFO  segmented.SegmentedRaftLogWorker (SegmentedRaftLogWorker.java:lambda$new$0(128)) - a7998a79-199c-44f4-b3c2-ea75c49d687d@group-D1701DB3FDB1-SegmentedRaftLogWorker: flushIndex: setUnconditionally 0 -> -1
2019-10-18 14:22:58,933 [pool-59-thread-1] INFO  server.RaftServerConfigKeys (ConfUtils.java:logGet(43)) - raft.server.snapshot.auto.trigger.enabled = true (custom)
2019-10-18 14:22:58,933 [pool-59-thread-1] INFO  server.RaftServerConfigKeys (ConfUtils.java:logGet(43)) - raft.server.snapshot.auto.trigger.threshold = 10000 (custom)
2019-10-18 14:22:58,933 [pool-59-thread-1] INFO  server.RaftServerConfigKeys (ConfUtils.java:logGet(43)) - raft.server.snapshot.retention.file.num = 5 (custom)
2019-10-18 14:22:58,933 [pool-59-thread-1] INFO  server.RaftServerConfigKeys (ConfUtils.java:logGet(43)) - raft.server.retrycache.expirytime = 600000ms (custom)
2019-10-18 14:22:58,936 [pool-59-thread-1] INFO  impl.RaftServerImpl (RaftServerImpl.java:start(195)) - a7998a79-199c-44f4-b3c2-ea75c49d687d@group-D1701DB3FDB1: start as a follower, conf=-1: [a7998a79-199c-44f4-b3c2-ea75c49d687d:192.168.157.233:46825], old=null
2019-10-18 14:22:58,936 [pool-59-thread-1] INFO  impl.RaftServerImpl (RaftServerImpl.java:setRole(184)) - a7998a79-199c-44f4-b3c2-ea75c49d687d@group-D1701DB3FDB1: changes role from      null to FOLLOWER at term 0 for startAsFollower
2019-10-18 14:22:58,936 [pool-59-thread-1] INFO  impl.RoleInfo (RoleInfo.java:updateAndGet(143)) - a7998a79-199c-44f4-b3c2-ea75c49d687d: start FollowerState
2019-10-18 14:22:58,937 [pool-59-thread-1] INFO  util.JmxRegister (JmxRegister.java:tryRegister(44)) - Successfully registered JMX Bean with object name Ratis:service=RaftServer,group=group-D1701DB3FDB1,id=a7998a79-199c-44f4-b3c2-ea75c49d687d
2019-10-18 14:22:58,945 [RatisPipelineUtilsThread] INFO  pipeline.PipelineStateManager (PipelineStateManager.java:addPipeline(56)) - Created pipeline Pipeline[ Id: 6c4875be-1901-44ae-91bf-d1701db3fdb1, Nodes: a7998a79-199c-44f4-b3c2-ea75c49d687d{ip: 192.168.157.233, host: pr-hdds-2325-q7txw-2705037156, networkLocation: /default-rack, certSerialId: null}, Type:RATIS, Factor:ONE, State:OPEN]
2019-10-18 14:22:58,958 [EventQueue-PendingDeleteStatusForPendingDeleteHandler] INFO  block.SCMBlockDeletingService (SCMBlockDeletingService.java:handlePendingDeletes(115)) - Block deletion txnID mismatch in datanode a7998a79-199c-44f4-b3c2-ea75c49d687d for containerID 1. Datanode delete txnID: 0, SCM txnID: 1
2019-10-18 14:22:58,959 [Thread-811] INFO  impl.FollowerState (FollowerState.java:run(108)) - a7998a79-199c-44f4-b3c2-ea75c49d687d@group-8175D73357F8-FollowerState: change to CANDIDATE, lastRpcTime:170ms, electionTimeout:170ms
2019-10-18 14:22:58,959 [Thread-811] INFO  impl.RoleInfo (RoleInfo.java:shutdownFollowerState(121)) - a7998a79-199c-44f4-b3c2-ea75c49d687d: shutdown FollowerState
2019-10-18 14:22:58,959 [Thread-811] INFO  impl.RaftServerImpl (RaftServerImpl.java:setRole(184)) - a7998a79-199c-44f4-b3c2-ea75c49d687d@group-8175D73357F8: changes role from  FOLLOWER to CANDIDATE at term 39 for changeToCandidate
2019-10-18 14:22:58,960 [Thread-811] INFO  impl.RoleInfo (RoleInfo.java:updateAndGet(143)) - a7998a79-199c-44f4-b3c2-ea75c49d687d: start LeaderElection
2019-10-18 14:22:58,961 [grpc-default-executor-4] INFO  impl.RaftServerProxy (RaftServerProxy.java:addNew(89)) - ee386961-2337-4a8c-9c8d-dbca8671699a: addNew group-B8EEB2952F7B:[a7998a79-199c-44f4-b3c2-ea75c49d687d:192.168.157.233:46825, 2d385246-963b-498d-9e2e-bc24e50fd0c7:192.168.157.233:40769, ee386961-2337-4a8c-9c8d-dbca8671699a:192.168.157.233:35014] returns group-B8EEB2952F7B:java.util.concurrent.CompletableFuture@40ef5436[Not completed]
2019-10-18 14:22:58,961 [grpc-default-executor-4] INFO  impl.RaftServerProxy (RaftServerProxy.java:addNew(89)) - 2d385246-963b-498d-9e2e-bc24e50fd0c7: addNew group-B8EEB2952F7B:[a7998a79-199c-44f4-b3c2-ea75c49d687d:192.168.157.233:46825, 2d385246-963b-498d-9e2e-bc24e50fd0c7:192.168.157.233:40769, ee386961-2337-4a8c-9c8d-dbca8671699a:192.168.157.233:35014] returns group-B8EEB2952F7B:java.util.concurrent.CompletableFuture@623e6fa8[Not completed]
2019-10-18 14:22:58,962 [grpc-default-executor-5] INFO  impl.RaftServerProxy (RaftServerProxy.java:addNew(89)) - a7998a79-199c-44f4-b3c2-ea75c49d687d: addNew group-B8EEB2952F7B:[a7998a79-199c-44f4-b3c2-ea75c49d687d:192.168.157.233:46825, 2d385246-963b-498d-9e2e-bc24e50fd0c7:192.168.157.233:40769, ee386961-2337-4a8c-9c8d-dbca8671699a:192.168.157.233:35014] returns group-B8EEB2952F7B:java.util.concurrent.CompletableFuture@6443349d[Not completed]
2019-10-18 14:22:58,963 [pool-27-thread-1] INFO  impl.RaftServerImpl (RaftServerImpl.java:<init>(104)) - ee386961-2337-4a8c-9c8d-dbca8671699a: new RaftServerImpl for group-B8EEB2952F7B:[a7998a79-199c-44f4-b3c2-ea75c49d687d:192.168.157.233:46825, 2d385246-963b-498d-9e2e-bc24e50fd0c7:192.168.157.233:40769, ee386961-2337-4a8c-9c8d-dbca8671699a:192.168.157.233:35014] with ContainerStateMachine:uninitialized
2019-10-18 14:22:58,963 [pool-27-thread-1] INFO  server.RaftServerConfigKeys (ConfUtils.java:logGet(43)) - raft.server.rpc.timeout.min = 5s (custom)
2019-10-18 14:22:58,964 [pool-27-thread-1] INFO  server.RaftServerConfigKeys (ConfUtils.java:logGet(43)) - raft.server.rpc.timeout.max = 5200ms (custom)
2019-10-18 14:22:58,964 [pool-27-thread-1] INFO  server.RaftServerConfigKeys (ConfUtils.java:logGet(43)) - raft.server.rpcslowness.timeout = 1000s (custom)
2019-10-18 14:22:58,964 [pool-27-thread-1] INFO  server.RaftServerConfigKeys (ConfUtils.java:logGet(43)) - raft.server.sleep.deviation.threshold = 300 (default)
2019-10-18 14:22:58,964 [pool-27-thread-1] INFO  server.RaftServerConfigKeys (ConfUtils.java:logGet(43)) - raft.server.log.appender.install.snapshot.enabled = false (custom)
2019-10-18 14:22:58,964 [pool-59-thread-1] INFO  impl.RaftServerImpl (RaftServerImpl.java:<init>(104)) - a7998a79-199c-44f4-b3c2-ea75c49d687d: new RaftServerImpl for group-B8EEB2952F7B:[a7998a79-199c-44f4-b3c2-ea75c49d687d:192.168.157.233:46825, 2d385246-963b-498d-9e2e-bc24e50fd0c7:192.168.157.233:40769, ee386961-2337-4a8c-9c8d-dbca8671699a:192.168.157.233:35014] with ContainerStateMachine:uninitialized
2019-10-18 14:22:58,964 [pool-27-thread-1] INFO  impl.RaftServerImpl (ServerState.java:<init>(103)) - ee386961-2337-4a8c-9c8d-dbca8671699a@group-B8EEB2952F7B: ConfigurationManager, init=-1: [a7998a79-199c-44f4-b3c2-ea75c49d687d:192.168.157.233:46825, 2d385246-963b-498d-9e2e-bc24e50fd0c7:192.168.157.233:40769, ee386961-2337-4a8c-9c8d-dbca8671699a:192.168.157.233:35014], old=null, confs=<EMPTY_MAP>
2019-10-18 14:22:58,964 [pool-59-thread-1] INFO  server.RaftServerConfigKeys (ConfUtils.java:logGet(43)) - raft.server.rpc.timeout.min = 5s (custom)
2019-10-18 14:22:58,964 [pool-27-thread-1] INFO  server.RaftServerConfigKeys (ConfUtils.java:logGet(43)) - raft.server.storage.dir = [/workdir/hadoop-ozone/integration-test/target/test-dir/MiniOzoneClusterImpl-b1cd5a49-dfd5-4407-b99d-3d51da0a788c/datanode-0/data/ratis] (custom)
2019-10-18 14:22:58,964 [pool-59-thread-1] INFO  server.RaftServerConfigKeys (ConfUtils.java:logGet(43)) - raft.server.rpc.timeout.max = 5200ms (custom)
2019-10-18 14:22:58,965 [pool-59-thread-1] INFO  server.RaftServerConfigKeys (ConfUtils.java:logGet(43)) - raft.server.rpcslowness.timeout = 1000s (custom)
2019-10-18 14:22:58,965 [pool-59-thread-1] INFO  server.RaftServerConfigKeys (ConfUtils.java:logGet(43)) - raft.server.sleep.deviation.threshold = 300 (default)
2019-10-18 14:22:58,965 [pool-27-thread-1] INFO  server.RaftServerConfigKeys (ConfUtils.java:logGet(43)) - raft.server.log.corruption.policy = EXCEPTION (default)
2019-10-18 14:22:58,965 [pool-59-thread-1] INFO  server.RaftServerConfigKeys (ConfUtils.java:logGet(43)) - raft.server.log.appender.install.snapshot.enabled = false (custom)
2019-10-18 14:22:58,965 [pool-47-thread-1] INFO  impl.RaftServerImpl (RaftServerImpl.java:<init>(104)) - 2d385246-963b-498d-9e2e-bc24e50fd0c7: new RaftServerImpl for group-B8EEB2952F7B:[a7998a79-199c-44f4-b3c2-ea75c49d687d:192.168.157.233:46825, 2d385246-963b-498d-9e2e-bc24e50fd0c7:192.168.157.233:40769, ee386961-2337-4a8c-9c8d-dbca8671699a:192.168.157.233:35014] with ContainerStateMachine:uninitialized
2019-10-18 14:22:58,965 [pool-59-thread-1] INFO  impl.RaftServerImpl (ServerState.java:<init>(103)) - a7998a79-199c-44f4-b3c2-ea75c49d687d@group-B8EEB2952F7B: ConfigurationManager, init=-1: [a7998a79-199c-44f4-b3c2-ea75c49d687d:192.168.157.233:46825, 2d385246-963b-498d-9e2e-bc24e50fd0c7:192.168.157.233:40769, ee386961-2337-4a8c-9c8d-dbca8671699a:192.168.157.233:35014], old=null, confs=<EMPTY_MAP>
2019-10-18 14:22:58,965 [pool-27-thread-1] INFO  storage.RaftStorageDirectory (RaftStorageDirectory.java:analyzeStorage(246)) - The storage directory /workdir/hadoop-ozone/integration-test/target/test-dir/MiniOzoneClusterImpl-b1cd5a49-dfd5-4407-b99d-3d51da0a788c/datanode-0/data/ratis/09670964-3e2f-415e-94ac-b8eeb2952f7b does not exist. Creating ...
2019-10-18 14:22:58,966 [pool-59-thread-1] INFO  server.RaftServerConfigKeys (ConfUtils.java:logGet(43)) - raft.server.storage.dir = [/workdir/hadoop-ozone/integration-test/target/test-dir/MiniOzoneClusterImpl-b1cd5a49-dfd5-4407-b99d-3d51da0a788c/datanode-1/data/ratis] (custom)
2019-10-18 14:22:58,965 [pool-47-thread-1] INFO  server.RaftServerConfigKeys (ConfUtils.java:logGet(43)) - raft.server.rpc.timeout.min = 5s (custom)
2019-10-18 14:22:58,966 [pool-59-thread-1] INFO  server.RaftServerConfigKeys (ConfUtils.java:logGet(43)) - raft.server.log.corruption.policy = EXCEPTION (default)
2019-10-18 14:22:58,966 [pool-47-thread-1] INFO  server.RaftServerConfigKeys (ConfUtils.java:logGet(43)) - raft.server.rpc.timeout.max = 5200ms (custom)
2019-10-18 14:22:58,966 [pool-59-thread-1] INFO  storage.RaftStorageDirectory (RaftStorageDirectory.java:analyzeStorage(246)) - The storage directory /workdir/hadoop-ozone/integration-test/target/test-dir/MiniOzoneClusterImpl-b1cd5a49-dfd5-4407-b99d-3d51da0a788c/datanode-1/data/ratis/09670964-3e2f-415e-94ac-b8eeb2952f7b does not exist. Creating ...
2019-10-18 14:22:58,966 [pool-47-thread-1] INFO  server.RaftServerConfigKeys (ConfUtils.java:logGet(43)) - raft.server.rpcslowness.timeout = 1000s (custom)
2019-10-18 14:22:58,966 [pool-47-thread-1] INFO  server.RaftServerConfigKeys (ConfUtils.java:logGet(43)) - raft.server.sleep.deviation.threshold = 300 (default)
2019-10-18 14:22:58,967 [pool-47-thread-1] INFO  server.RaftServerConfigKeys (ConfUtils.java:logGet(43)) - raft.server.log.appender.install.snapshot.enabled = false (custom)
2019-10-18 14:22:58,967 [pool-47-thread-1] INFO  impl.RaftServerImpl (ServerState.java:<init>(103)) - 2d385246-963b-498d-9e2e-bc24e50fd0c7@group-B8EEB2952F7B: ConfigurationManager, init=-1: [a7998a79-199c-44f4-b3c2-ea75c49d687d:192.168.157.233:46825, 2d385246-963b-498d-9e2e-bc24e50fd0c7:192.168.157.233:40769, ee386961-2337-4a8c-9c8d-dbca8671699a:192.168.157.233:35014], old=null, confs=<EMPTY_MAP>
2019-10-18 14:22:58,967 [pool-47-thread-1] INFO  server.RaftServerConfigKeys (ConfUtils.java:logGet(43)) - raft.server.storage.dir = [/workdir/hadoop-ozone/integration-test/target/test-dir/MiniOzoneClusterImpl-b1cd5a49-dfd5-4407-b99d-3d51da0a788c/datanode-2/data/ratis] (custom)
2019-10-18 14:22:58,967 [pool-47-thread-1] INFO  server.RaftServerConfigKeys (ConfUtils.java:logGet(43)) - raft.server.log.corruption.policy = EXCEPTION (default)
2019-10-18 14:22:58,967 [pool-47-thread-1] INFO  storage.RaftStorageDirectory (RaftStorageDirectory.java:analyzeStorage(246)) - The storage directory /workdir/hadoop-ozone/integration-test/target/test-dir/MiniOzoneClusterImpl-b1cd5a49-dfd5-4407-b99d-3d51da0a788c/datanode-2/data/ratis/09670964-3e2f-415e-94ac-b8eeb2952f7b does not exist. Creating ...
2019-10-18 14:22:58,974 [pool-59-thread-1] INFO  storage.RaftStorageDirectory (RaftStorageDirectory.java:tryLock(328)) - Lock on /workdir/hadoop-ozone/integration-test/target/test-dir/MiniOzoneClusterImpl-b1cd5a49-dfd5-4407-b99d-3d51da0a788c/datanode-1/data/ratis/09670964-3e2f-415e-94ac-b8eeb2952f7b/in_use.lock acquired by nodename 17776@pr-hdds-2325-q7txw-2705037156
2019-10-18 14:22:58,974 [pool-47-thread-1] INFO  storage.RaftStorageDirectory (RaftStorageDirectory.java:tryLock(328)) - Lock on /workdir/hadoop-ozone/integration-test/target/test-dir/MiniOzoneClusterImpl-b1cd5a49-dfd5-4407-b99d-3d51da0a788c/datanode-2/data/ratis/09670964-3e2f-415e-94ac-b8eeb2952f7b/in_use.lock acquired by nodename 17776@pr-hdds-2325-q7txw-2705037156
2019-10-18 14:22:58,974 [pool-27-thread-1] INFO  storage.RaftStorageDirectory (RaftStorageDirectory.java:tryLock(328)) - Lock on /workdir/hadoop-ozone/integration-test/target/test-dir/MiniOzoneClusterImpl-b1cd5a49-dfd5-4407-b99d-3d51da0a788c/datanode-0/data/ratis/09670964-3e2f-415e-94ac-b8eeb2952f7b/in_use.lock acquired by nodename 17776@pr-hdds-2325-q7txw-2705037156
2019-10-18 14:22:58,974 [a7998a79-199c-44f4-b3c2-ea75c49d687d@group-8175D73357F8-LeaderElection46] INFO  impl.LeaderElection (LeaderElection.java:askForVotes(178)) - a7998a79-199c-44f4-b3c2-ea75c49d687d@group-8175D73357F8-LeaderElection46: begin an election at term 40 for 0: [a7998a79-199c-44f4-b3c2-ea75c49d687d:192.168.157.233:46825, 2d385246-963b-498d-9e2e-bc24e50fd0c7:192.168.157.233:40769, ee386961-2337-4a8c-9c8d-dbca8671699a:192.168.157.233:35014], old=null
2019-10-18 14:22:58,978 [grpc-default-executor-5] INFO  impl.RaftServerImpl (RaftServerImpl.java:setRole(184)) - 2d385246-963b-498d-9e2e-bc24e50fd0c7@group-8175D73357F8: changes role from  FOLLOWER to FOLLOWER at term 40 for recognizeCandidate:a7998a79-199c-44f4-b3c2-ea75c49d687d
2019-10-18 14:22:58,978 [grpc-default-executor-5] INFO  impl.RoleInfo (RoleInfo.java:shutdownFollowerState(121)) - 2d385246-963b-498d-9e2e-bc24e50fd0c7: shutdown FollowerState
2019-10-18 14:22:58,978 [grpc-default-executor-4] INFO  impl.RaftServerImpl (RaftServerImpl.java:setRole(184)) - ee386961-2337-4a8c-9c8d-dbca8671699a@group-8175D73357F8: changes role from  FOLLOWER to FOLLOWER at term 40 for recognizeCandidate:a7998a79-199c-44f4-b3c2-ea75c49d687d
2019-10-18 14:22:58,978 [grpc-default-executor-5] INFO  impl.RoleInfo (RoleInfo.java:updateAndGet(143)) - 2d385246-963b-498d-9e2e-bc24e50fd0c7: start FollowerState
2019-10-18 14:22:58,978 [Thread-808] INFO  impl.FollowerState (FollowerState.java:run(117)) - 2d385246-963b-498d-9e2e-bc24e50fd0c7@group-8175D73357F8-FollowerState was interrupted: java.lang.InterruptedException: sleep interrupted
2019-10-18 14:22:58,978 [grpc-default-executor-4] INFO  impl.RoleInfo (RoleInfo.java:shutdownFollowerState(121)) - ee386961-2337-4a8c-9c8d-dbca8671699a: shutdown FollowerState
2019-10-18 14:22:58,979 [grpc-default-executor-4] INFO  impl.RoleInfo (RoleInfo.java:updateAndGet(143)) - ee386961-2337-4a8c-9c8d-dbca8671699a: start FollowerState
2019-10-18 14:22:58,979 [Thread-809] INFO  impl.FollowerState (FollowerState.java:run(117)) - ee386961-2337-4a8c-9c8d-dbca8671699a@group-8175D73357F8-FollowerState was interrupted: java.lang.InterruptedException: sleep interrupted
2019-10-18 14:22:58,988 [pool-59-thread-1] INFO  storage.RaftStorage (RaftStorage.java:format(84)) - Storage directory /workdir/hadoop-ozone/integration-test/target/test-dir/MiniOzoneClusterImpl-b1cd5a49-dfd5-4407-b99d-3d51da0a788c/datanode-1/data/ratis/09670964-3e2f-415e-94ac-b8eeb2952f7b has been successfully formatted.
2019-10-18 14:22:58,988 [pool-47-thread-1] INFO  storage.RaftStorage (RaftStorage.java:format(84)) - Storage directory /workdir/hadoop-ozone/integration-test/target/test-dir/MiniOzoneClusterImpl-b1cd5a49-dfd5-4407-b99d-3d51da0a788c/datanode-2/data/ratis/09670964-3e2f-415e-94ac-b8eeb2952f7b has been successfully formatted.
2019-10-18 14:22:58,988 [pool-59-thread-1] INFO  ratis.ContainerStateMachine (ContainerStateMachine.java:loadSnapshot(231)) - group-B8EEB2952F7B: The snapshot info is null. Setting the last applied indexto:(t:0, i:~)
2019-10-18 14:22:58,988 [pool-27-thread-1] INFO  storage.RaftStorage (RaftStorage.java:format(84)) - Storage directory /workdir/hadoop-ozone/integration-test/target/test-dir/MiniOzoneClusterImpl-b1cd5a49-dfd5-4407-b99d-3d51da0a788c/datanode-0/data/ratis/09670964-3e2f-415e-94ac-b8eeb2952f7b has been successfully formatted.
2019-10-18 14:22:58,989 [pool-47-thread-1] INFO  ratis.ContainerStateMachine (ContainerStateMachine.java:loadSnapshot(231)) - group-B8EEB2952F7B: The snapshot info is null. Setting the last applied indexto:(t:0, i:~)
2019-10-18 14:22:58,989 [pool-27-thread-1] INFO  ratis.ContainerStateMachine (ContainerStateMachine.java:loadSnapshot(231)) - group-B8EEB2952F7B: The snapshot info is null. Setting the last applied indexto:(t:0, i:~)
2019-10-18 14:22:58,989 [pool-59-thread-1] INFO  server.RaftServerConfigKeys (ConfUtils.java:logGet(43)) - raft.server.notification.no-leader.timeout = 1000s (custom)
2019-10-18 14:22:58,989 [pool-27-thread-1] INFO  server.RaftServerConfigKeys (ConfUtils.java:logGet(43)) - raft.server.notification.no-leader.timeout = 1000s (custom)
2019-10-18 14:22:58,989 [pool-47-thread-1] INFO  server.RaftServerConfigKeys (ConfUtils.java:logGet(43)) - raft.server.notification.no-leader.timeout = 1000s (custom)
2019-10-18 14:22:58,989 [a7998a79-199c-44f4-b3c2-ea75c49d687d@group-8175D73357F8-LeaderElection46] INFO  impl.LeaderElection (LeaderElection.java:logAndReturn(56)) - a7998a79-199c-44f4-b3c2-ea75c49d687d@group-8175D73357F8-LeaderElection46: Election REJECTED; received 2 response(s) [a7998a79-199c-44f4-b3c2-ea75c49d687d<-2d385246-963b-498d-9e2e-bc24e50fd0c7#0:FAIL-t40, a7998a79-199c-44f4-b3c2-ea75c49d687d<-ee386961-2337-4a8c-9c8d-dbca8671699a#0:FAIL-t40] and 0 exception(s); a7998a79-199c-44f4-b3c2-ea75c49d687d@group-8175D73357F8:t40, leader=null, voted=a7998a79-199c-44f4-b3c2-ea75c49d687d, raftlog=a7998a79-199c-44f4-b3c2-ea75c49d687d@group-8175D73357F8-SegmentedRaftLog:OPENED:c3,f4,i4, conf=0: [a7998a79-199c-44f4-b3c2-ea75c49d687d:192.168.157.233:46825, 2d385246-963b-498d-9e2e-bc24e50fd0c7:192.168.157.233:40769, ee386961-2337-4a8c-9c8d-dbca8671699a:192.168.157.233:35014], old=null
2019-10-18 14:22:58,989 [pool-27-thread-1] INFO  server.RaftServerConfigKeys (ConfUtils.java:logGet(43)) - raft.server.log.use.memory = false (default)
2019-10-18 14:22:58,989 [pool-59-thread-1] INFO  server.RaftServerConfigKeys (ConfUtils.java:logGet(43)) - raft.server.log.use.memory = false (default)
2019-10-18 14:22:58,990 [pool-27-thread-1] INFO  server.RaftServerConfigKeys (ConfUtils.java:logGet(43)) - raft.server.log.purge.gap = 1000000 (custom)
2019-10-18 14:22:58,990 [a7998a79-199c-44f4-b3c2-ea75c49d687d@group-8175D73357F8-LeaderElection46] INFO  impl.RaftServerImpl (RaftServerImpl.java:setRole(184)) - a7998a79-199c-44f4-b3c2-ea75c49d687d@group-8175D73357F8: changes role from CANDIDATE to FOLLOWER at term 40 for DISCOVERED_A_NEW_TERM
2019-10-18 14:22:58,990 [a7998a79-199c-44f4-b3c2-ea75c49d687d@group-8175D73357F8-LeaderElection46] INFO  impl.RoleInfo (RoleInfo.java:shutdownLeaderElection(134)) - a7998a79-199c-44f4-b3c2-ea75c49d687d: shutdown LeaderElection
2019-10-18 14:22:58,990 [pool-47-thread-1] INFO  server.RaftServerConfigKeys (ConfUtils.java:logGet(43)) - raft.server.log.use.memory = false (default)
2019-10-18 14:22:58,991 [a7998a79-199c-44f4-b3c2-ea75c49d687d@group-8175D73357F8-LeaderElection46] INFO  impl.RoleInfo (RoleInfo.java:updateAndGet(143)) - a7998a79-199c-44f4-b3c2-ea75c49d687d: start FollowerState
2019-10-18 14:22:58,990 [pool-27-thread-1] INFO  server.RaftServerConfigKeys (ConfUtils.java:logGet(43)) - raft.server.log.appender.buffer.byte-limit = 33554432 (custom)
2019-10-18 14:22:58,990 [pool-59-thread-1] INFO  server.RaftServerConfigKeys (ConfUtils.java:logGet(43)) - raft.server.log.purge.gap = 1000000 (custom)
2019-10-18 14:22:58,991 [pool-27-thread-1] INFO  server.RaftServerConfigKeys (ConfUtils.java:logGet(43)) - raft.server.log.segment.size.max = 1048576 (custom)
2019-10-18 14:22:58,991 [pool-47-thread-1] INFO  server.RaftServerConfigKeys (ConfUtils.java:logGet(43)) - raft.server.log.purge.gap = 1000000 (custom)
2019-10-18 14:22:58,991 [pool-27-thread-1] INFO  server.RaftServerConfigKeys (ConfUtils.java:logGet(43)) - raft.server.log.segment.cache.num.max = 2 (custom)
2019-10-18 14:22:58,991 [pool-59-thread-1] INFO  server.RaftServerConfigKeys (ConfUtils.java:logGet(43)) - raft.server.log.appender.buffer.byte-limit = 33554432 (custom)
2019-10-18 14:22:58,992 [pool-27-thread-1] INFO  segmented.SegmentedRaftLogWorker (SegmentedRaftLogWorker.java:<init>(173)) - new ee386961-2337-4a8c-9c8d-dbca8671699a@group-B8EEB2952F7B-SegmentedRaftLogWorker for RaftStorage:Storage Directory /workdir/hadoop-ozone/integration-test/target/test-dir/MiniOzoneClusterImpl-b1cd5a49-dfd5-4407-b99d-3d51da0a788c/datanode-0/data/ratis/09670964-3e2f-415e-94ac-b8eeb2952f7b
2019-10-18 14:22:58,991 [pool-47-thread-1] INFO  server.RaftServerConfigKeys (ConfUtils.java:logGet(43)) - raft.server.log.appender.buffer.byte-limit = 33554432 (custom)
2019-10-18 14:22:58,992 [pool-27-thread-1] INFO  server.RaftServerConfigKeys (ConfUtils.java:logGet(43)) - raft.server.log.queue.byte-limit = 2147483647 (custom)
2019-10-18 14:22:58,992 [pool-59-thread-1] INFO  server.RaftServerConfigKeys (ConfUtils.java:logGet(43)) - raft.server.log.segment.size.max = 1048576 (custom)
2019-10-18 14:22:58,992 [pool-27-thread-1] INFO  server.RaftServerConfigKeys (ConfUtils.java:logGet(43)) - raft.server.log.queue.element-limit = 1024 (custom)
2019-10-18 14:22:58,992 [pool-47-thread-1] INFO  server.RaftServerConfigKeys (ConfUtils.java:logGet(43)) - raft.server.log.segment.size.max = 1048576 (custom)
2019-10-18 14:22:58,992 [pool-27-thread-1] INFO  server.RaftServerConfigKeys (ConfUtils.java:logGet(43)) - raft.server.log.segment.size.max = 1048576 (custom)
2019-10-18 14:22:58,992 [pool-59-thread-1] INFO  server.RaftServerConfigKeys (ConfUtils.java:logGet(43)) - raft.server.log.segment.cache.num.max = 2 (custom)
2019-10-18 14:22:58,993 [pool-27-thread-1] INFO  server.RaftServerConfigKeys (ConfUtils.java:logGet(43)) - raft.server.log.preallocated.size = 16384 (custom)
2019-10-18 14:22:58,993 [pool-47-thread-1] INFO  server.RaftServerConfigKeys (ConfUtils.java:logGet(43)) - raft.server.log.segment.cache.num.max = 2 (custom)
2019-10-18 14:22:58,993 [pool-27-thread-1] INFO  server.RaftServerConfigKeys (ConfUtils.java:logGet(43)) - raft.server.log.write.buffer.size = 33554432 (custom)
2019-10-18 14:22:58,993 [pool-59-thread-1] INFO  segmented.SegmentedRaftLogWorker (SegmentedRaftLogWorker.java:<init>(173)) - new a7998a79-199c-44f4-b3c2-ea75c49d687d@group-B8EEB2952F7B-SegmentedRaftLogWorker for RaftStorage:Storage Directory /workdir/hadoop-ozone/integration-test/target/test-dir/MiniOzoneClusterImpl-b1cd5a49-dfd5-4407-b99d-3d51da0a788c/datanode-1/data/ratis/09670964-3e2f-415e-94ac-b8eeb2952f7b
2019-10-18 14:22:58,993 [pool-27-thread-1] INFO  server.RaftServerConfigKeys (ConfUtils.java:logGet(43)) - raft.server.log.force.sync.num = 128 (default)
2019-10-18 14:22:58,993 [pool-47-thread-1] INFO  segmented.SegmentedRaftLogWorker (SegmentedRaftLogWorker.java:<init>(173)) - new 2d385246-963b-498d-9e2e-bc24e50fd0c7@group-B8EEB2952F7B-SegmentedRaftLogWorker for RaftStorage:Storage Directory /workdir/hadoop-ozone/integration-test/target/test-dir/MiniOzoneClusterImpl-b1cd5a49-dfd5-4407-b99d-3d51da0a788c/datanode-2/data/ratis/09670964-3e2f-415e-94ac-b8eeb2952f7b
2019-10-18 14:22:58,994 [pool-27-thread-1] INFO  server.RaftServerConfigKeys (ConfUtils.java:logGet(43)) - raft.server.log.statemachine.data.sync = true (default)
2019-10-18 14:22:58,993 [pool-59-thread-1] INFO  server.RaftServerConfigKeys (ConfUtils.java:logGet(43)) - raft.server.log.queue.byte-limit = 2147483647 (custom)
2019-10-18 14:22:58,994 [pool-27-thread-1] INFO  server.RaftServerConfigKeys (ConfUtils.java:logGet(43)) - raft.server.log.statemachine.data.sync.timeout = 10s (default)
2019-10-18 14:22:58,994 [pool-47-thread-1] INFO  server.RaftServerConfigKeys (ConfUtils.java:logGet(43)) - raft.server.log.queue.byte-limit = 2147483647 (custom)
2019-10-18 14:22:58,994 [pool-27-thread-1] INFO  server.RaftServerConfigKeys (ConfUtils.java:logGet(43)) - raft.server.log.statemachine.data.sync.timeout.retry = -1 (default)
2019-10-18 14:22:58,994 [pool-59-thread-1] INFO  server.RaftServerConfigKeys (ConfUtils.java:logGet(43)) - raft.server.log.queue.element-limit = 1024 (custom)
2019-10-18 14:22:58,994 [pool-47-thread-1] INFO  server.RaftServerConfigKeys (ConfUtils.java:logGet(43)) - raft.server.log.queue.element-limit = 1024 (custom)
2019-10-18 14:22:58,995 [pool-59-thread-1] INFO  server.RaftServerConfigKeys (ConfUtils.java:logGet(43)) - raft.server.log.segment.size.max = 1048576 (custom)
2019-10-18 14:22:58,995 [pool-27-thread-1] INFO  server.RaftServerConfigKeys (ConfUtils.java:logGet(43)) - raft.server.log.statemachine.data.caching.enabled = true (custom)
2019-10-18 14:22:58,995 [pool-59-thread-1] INFO  server.RaftServerConfigKeys (ConfUtils.java:logGet(43)) - raft.server.log.preallocated.size = 16384 (custom)
2019-10-18 14:22:58,995 [pool-47-thread-1] INFO  server.RaftServerConfigKeys (ConfUtils.java:logGet(43)) - raft.server.log.segment.size.max = 1048576 (custom)
2019-10-18 14:22:58,995 [pool-27-thread-1] INFO  segmented.SegmentedRaftLogWorker (SegmentedRaftLogWorker.java:lambda$new$0(128)) - ee386961-2337-4a8c-9c8d-dbca8671699a@group-B8EEB2952F7B-SegmentedRaftLogWorker: flushIndex: setUnconditionally 0 -> -1
2019-10-18 14:22:58,995 [pool-47-thread-1] INFO  server.RaftServerConfigKeys (ConfUtils.java:logGet(43)) - raft.server.log.preallocated.size = 16384 (custom)
2019-10-18 14:22:58,995 [pool-59-thread-1] INFO  server.RaftServerConfigKeys (ConfUtils.java:logGet(43)) - raft.server.log.write.buffer.size = 33554432 (custom)
2019-10-18 14:22:58,996 [pool-27-thread-1] INFO  server.RaftServerConfigKeys (ConfUtils.java:logGet(43)) - raft.server.snapshot.auto.trigger.enabled = true (custom)
2019-10-18 14:22:58,995 [pool-47-thread-1] INFO  server.RaftServerConfigKeys (ConfUtils.java:logGet(43)) - raft.server.log.write.buffer.size = 33554432 (custom)
2019-10-18 14:22:58,996 [pool-27-thread-1] INFO  server.RaftServerConfigKeys (ConfUtils.java:logGet(43)) - raft.server.snapshot.auto.trigger.threshold = 10000 (custom)
2019-10-18 14:22:58,996 [pool-59-thread-1] INFO  server.RaftServerConfigKeys (ConfUtils.java:logGet(43)) - raft.server.log.force.sync.num = 128 (default)
2019-10-18 14:22:58,996 [pool-27-thread-1] INFO  server.RaftServerConfigKeys (ConfUtils.java:logGet(43)) - raft.server.snapshot.retention.file.num = 5 (custom)
2019-10-18 14:22:58,996 [pool-47-thread-1] INFO  server.RaftServerConfigKeys (ConfUtils.java:logGet(43)) - raft.server.log.force.sync.num = 128 (default)
2019-10-18 14:22:58,996 [pool-27-thread-1] INFO  server.RaftServerConfigKeys (ConfUtils.java:logGet(43)) - raft.server.retrycache.expirytime = 600000ms (custom)
2019-10-18 14:22:58,996 [pool-59-thread-1] INFO  server.RaftServerConfigKeys (ConfUtils.java:logGet(43)) - raft.server.log.statemachine.data.sync = true (default)
2019-10-18 14:22:58,996 [pool-47-thread-1] INFO  server.RaftServerConfigKeys (ConfUtils.java:logGet(43)) - raft.server.log.statemachine.data.sync = true (default)
2019-10-18 14:22:58,997 [pool-59-thread-1] INFO  server.RaftServerConfigKeys (ConfUtils.java:logGet(43)) - raft.server.log.statemachine.data.sync.timeout = 10s (default)
2019-10-18 14:22:58,997 [pool-47-thread-1] INFO  server.RaftServerConfigKeys (ConfUtils.java:logGet(43)) - raft.server.log.statemachine.data.sync.timeout = 10s (default)
2019-10-18 14:22:58,997 [pool-59-thread-1] INFO  server.RaftServerConfigKeys (ConfUtils.java:logGet(43)) - raft.server.log.statemachine.data.sync.timeout.retry = -1 (default)
2019-10-18 14:22:58,997 [pool-47-thread-1] INFO  server.RaftServerConfigKeys (ConfUtils.java:logGet(43)) - raft.server.log.statemachine.data.sync.timeout.retry = -1 (default)
2019-10-18 14:22:58,997 [pool-59-thread-1] INFO  server.RaftServerConfigKeys (ConfUtils.java:logGet(43)) - raft.server.log.statemachine.data.caching.enabled = true (custom)
2019-10-18 14:22:58,997 [pool-47-thread-1] INFO  server.RaftServerConfigKeys (ConfUtils.java:logGet(43)) - raft.server.log.statemachine.data.caching.enabled = true (custom)
2019-10-18 14:22:58,997 [pool-59-thread-1] INFO  segmented.SegmentedRaftLogWorker (SegmentedRaftLogWorker.java:lambda$new$0(128)) - a7998a79-199c-44f4-b3c2-ea75c49d687d@group-B8EEB2952F7B-SegmentedRaftLogWorker: flushIndex: setUnconditionally 0 -> -1
2019-10-18 14:22:58,998 [pool-47-thread-1] INFO  segmented.SegmentedRaftLogWorker (SegmentedRaftLogWorker.java:lambda$new$0(128)) - 2d385246-963b-498d-9e2e-bc24e50fd0c7@group-B8EEB2952F7B-SegmentedRaftLogWorker: flushIndex: setUnconditionally 0 -> -1
2019-10-18 14:22:58,998 [pool-59-thread-1] INFO  server.RaftServerConfigKeys (ConfUtils.java:logGet(43)) - raft.server.snapshot.auto.trigger.enabled = true (custom)
2019-10-18 14:22:58,998 [pool-59-thread-1] INFO  server.RaftServerConfigKeys (ConfUtils.java:logGet(43)) - raft.server.snapshot.auto.trigger.threshold = 10000 (custom)
2019-10-18 14:22:58,998 [pool-47-thread-1] INFO  server.RaftServerConfigKeys (ConfUtils.java:logGet(43)) - raft.server.snapshot.auto.trigger.enabled = true (custom)
2019-10-18 14:22:58,998 [pool-59-thread-1] INFO  server.RaftServerConfigKeys (ConfUtils.java:logGet(43)) - raft.server.snapshot.retention.file.num = 5 (custom)
2019-10-18 14:22:58,998 [pool-47-thread-1] INFO  server.RaftServerConfigKeys (ConfUtils.java:logGet(43)) - raft.server.snapshot.auto.trigger.threshold = 10000 (custom)
2019-10-18 14:22:58,998 [pool-59-thread-1] INFO  server.RaftServerConfigKeys (ConfUtils.java:logGet(43)) - raft.server.retrycache.expirytime = 600000ms (custom)
2019-10-18 14:22:58,998 [pool-47-thread-1] INFO  server.RaftServerConfigKeys (ConfUtils.java:logGet(43)) - raft.server.snapshot.retention.file.num = 5 (custom)
2019-10-18 14:22:58,999 [pool-47-thread-1] INFO  server.RaftServerConfigKeys (ConfUtils.java:logGet(43)) - raft.server.retrycache.expirytime = 600000ms (custom)
2019-10-18 14:22:58,999 [pool-27-thread-1] INFO  impl.RaftServerImpl (RaftServerImpl.java:start(195)) - ee386961-2337-4a8c-9c8d-dbca8671699a@group-B8EEB2952F7B: start as a follower, conf=-1: [a7998a79-199c-44f4-b3c2-ea75c49d687d:192.168.157.233:46825, 2d385246-963b-498d-9e2e-bc24e50fd0c7:192.168.157.233:40769, ee386961-2337-4a8c-9c8d-dbca8671699a:192.168.157.233:35014], old=null
2019-10-18 14:22:59,000 [pool-27-thread-1] INFO  impl.RaftServerImpl (RaftServerImpl.java:setRole(184)) - ee386961-2337-4a8c-9c8d-dbca8671699a@group-B8EEB2952F7B: changes role from      null to FOLLOWER at term 0 for startAsFollower
2019-10-18 14:22:59,000 [pool-27-thread-1] INFO  impl.RoleInfo (RoleInfo.java:updateAndGet(143)) - ee386961-2337-4a8c-9c8d-dbca8671699a: start FollowerState
2019-10-18 14:22:59,000 [pool-27-thread-1] INFO  util.JmxRegister (JmxRegister.java:tryRegister(44)) - Successfully registered JMX Bean with object name Ratis:service=RaftServer,group=group-B8EEB2952F7B,id=ee386961-2337-4a8c-9c8d-dbca8671699a
2019-10-18 14:22:59,002 [pool-59-thread-1] INFO  impl.RaftServerImpl (RaftServerImpl.java:start(195)) - a7998a79-199c-44f4-b3c2-ea75c49d687d@group-B8EEB2952F7B: start as a follower, conf=-1: [a7998a79-199c-44f4-b3c2-ea75c49d687d:192.168.157.233:46825, 2d385246-963b-498d-9e2e-bc24e50fd0c7:192.168.157.233:40769, ee386961-2337-4a8c-9c8d-dbca8671699a:192.168.157.233:35014], old=null
2019-10-18 14:22:59,002 [pool-59-thread-1] INFO  impl.RaftServerImpl (RaftServerImpl.java:setRole(184)) - a7998a79-199c-44f4-b3c2-ea75c49d687d@group-B8EEB2952F7B: changes role from      null to FOLLOWER at term 0 for startAsFollower
2019-10-18 14:22:59,002 [pool-59-thread-1] INFO  impl.RoleInfo (RoleInfo.java:updateAndGet(143)) - a7998a79-199c-44f4-b3c2-ea75c49d687d: start FollowerState
2019-10-18 14:22:59,002 [pool-59-thread-1] INFO  util.JmxRegister (JmxRegister.java:tryRegister(44)) - Successfully registered JMX Bean with object name Ratis:service=RaftServer,group=group-B8EEB2952F7B,id=a7998a79-199c-44f4-b3c2-ea75c49d687d
2019-10-18 14:22:59,003 [pool-47-thread-1] INFO  impl.RaftServerImpl (RaftServerImpl.java:start(195)) - 2d385246-963b-498d-9e2e-bc24e50fd0c7@group-B8EEB2952F7B: start as a follower, conf=-1: [a7998a79-199c-44f4-b3c2-ea75c49d687d:192.168.157.233:46825, 2d385246-963b-498d-9e2e-bc24e50fd0c7:192.168.157.233:40769, ee386961-2337-4a8c-9c8d-dbca8671699a:192.168.157.233:35014], old=null
2019-10-18 14:22:59,003 [pool-47-thread-1] INFO  impl.RaftServerImpl (RaftServerImpl.java:setRole(184)) - 2d385246-963b-498d-9e2e-bc24e50fd0c7@group-B8EEB2952F7B: changes role from      null to FOLLOWER at term 0 for startAsFollower
2019-10-18 14:22:59,004 [pool-47-thread-1] INFO  impl.RoleInfo (RoleInfo.java:updateAndGet(143)) - 2d385246-963b-498d-9e2e-bc24e50fd0c7: start FollowerState
2019-10-18 14:22:59,004 [pool-47-thread-1] INFO  util.JmxRegister (JmxRegister.java:tryRegister(44)) - Successfully registered JMX Bean with object name Ratis:service=RaftServer,group=group-B8EEB2952F7B,id=2d385246-963b-498d-9e2e-bc24e50fd0c7
2019-10-18 14:22:59,013 [RatisPipelineUtilsThread] INFO  pipeline.PipelineStateManager (PipelineStateManager.java:addPipeline(56)) - Created pipeline Pipeline[ Id: 09670964-3e2f-415e-94ac-b8eeb2952f7b, Nodes: 2d385246-963b-498d-9e2e-bc24e50fd0c7{ip: 192.168.157.233, host: pr-hdds-2325-q7txw-2705037156, networkLocation: /default-rack, certSerialId: null}ee386961-2337-4a8c-9c8d-dbca8671699a{ip: 192.168.157.233, host: pr-hdds-2325-q7txw-2705037156, networkLocation: /default-rack, certSerialId: null}a7998a79-199c-44f4-b3c2-ea75c49d687d{ip: 192.168.157.233, host: pr-hdds-2325-q7txw-2705037156, networkLocation: /default-rack, certSerialId: null}, Type:RATIS, Factor:THREE, State:OPEN]
2019-10-18 14:22:59,021 [Thread-826] INFO  impl.FollowerState (FollowerState.java:run(108)) - a7998a79-199c-44f4-b3c2-ea75c49d687d@group-B8EEB2952F7B-FollowerState: change to CANDIDATE, lastRpcTime:19ms, electionTimeout:19ms
2019-10-18 14:22:59,021 [Thread-826] INFO  impl.RoleInfo (RoleInfo.java:shutdownFollowerState(121)) - a7998a79-199c-44f4-b3c2-ea75c49d687d: shutdown FollowerState
2019-10-18 14:22:59,022 [Thread-826] INFO  impl.RaftServerImpl (RaftServerImpl.java:setRole(184)) - a7998a79-199c-44f4-b3c2-ea75c49d687d@group-B8EEB2952F7B: changes role from  FOLLOWER to CANDIDATE at term 0 for changeToCandidate
2019-10-18 14:22:59,022 [Thread-826] INFO  impl.RoleInfo (RoleInfo.java:updateAndGet(143)) - a7998a79-199c-44f4-b3c2-ea75c49d687d: start LeaderElection
2019-10-18 14:22:59,031 [Thread-825] INFO  impl.FollowerState (FollowerState.java:run(108)) - ee386961-2337-4a8c-9c8d-dbca8671699a@group-B8EEB2952F7B-FollowerState: change to CANDIDATE, lastRpcTime:31ms, electionTimeout:31ms
2019-10-18 14:22:59,032 [Thread-825] INFO  impl.RoleInfo (RoleInfo.java:shutdownFollowerState(121)) - ee386961-2337-4a8c-9c8d-dbca8671699a: shutdown FollowerState
2019-10-18 14:22:59,032 [Thread-825] INFO  impl.RaftServerImpl (RaftServerImpl.java:setRole(184)) - ee386961-2337-4a8c-9c8d-dbca8671699a@group-B8EEB2952F7B: changes role from  FOLLOWER to CANDIDATE at term 0 for changeToCandidate
2019-10-18 14:22:59,032 [Thread-825] INFO  impl.RoleInfo (RoleInfo.java:updateAndGet(143)) - ee386961-2337-4a8c-9c8d-dbca8671699a: start LeaderElection
2019-10-18 14:22:59,037 [ee386961-2337-4a8c-9c8d-dbca8671699a@group-B8EEB2952F7B-LeaderElection48] INFO  impl.LeaderElection (LeaderElection.java:askForVotes(178)) - ee386961-2337-4a8c-9c8d-dbca8671699a@group-B8EEB2952F7B-LeaderElection48: begin an election at term 1 for -1: [a7998a79-199c-44f4-b3c2-ea75c49d687d:192.168.157.233:46825, 2d385246-963b-498d-9e2e-bc24e50fd0c7:192.168.157.233:40769, ee386961-2337-4a8c-9c8d-dbca8671699a:192.168.157.233:35014], old=null
2019-10-18 14:22:59,037 [a7998a79-199c-44f4-b3c2-ea75c49d687d@group-B8EEB2952F7B-LeaderElection47] INFO  impl.LeaderElection (LeaderElection.java:askForVotes(178)) - a7998a79-199c-44f4-b3c2-ea75c49d687d@group-B8EEB2952F7B-LeaderElection47: begin an election at term 1 for -1: [a7998a79-199c-44f4-b3c2-ea75c49d687d:192.168.157.233:46825, 2d385246-963b-498d-9e2e-bc24e50fd0c7:192.168.157.233:40769, ee386961-2337-4a8c-9c8d-dbca8671699a:192.168.157.233:35014], old=null
2019-10-18 14:22:59,042 [Thread-827] INFO  impl.FollowerState (FollowerState.java:run(108)) - 2d385246-963b-498d-9e2e-bc24e50fd0c7@group-B8EEB2952F7B-FollowerState: change to CANDIDATE, lastRpcTime:37ms, electionTimeout:36ms
2019-10-18 14:22:59,042 [Thread-827] INFO  impl.RoleInfo (RoleInfo.java:shutdownFollowerState(121)) - 2d385246-963b-498d-9e2e-bc24e50fd0c7: shutdown FollowerState
2019-10-18 14:22:59,042 [Thread-827] INFO  impl.RaftServerImpl (RaftServerImpl.java:setRole(184)) - 2d385246-963b-498d-9e2e-bc24e50fd0c7@group-B8EEB2952F7B: changes role from  FOLLOWER to CANDIDATE at term 0 for changeToCandidate
2019-10-18 14:22:59,042 [Thread-827] INFO  impl.RoleInfo (RoleInfo.java:updateAndGet(143)) - 2d385246-963b-498d-9e2e-bc24e50fd0c7: start LeaderElection
2019-10-18 14:22:59,052 [Thread-814] INFO  impl.FollowerState (FollowerState.java:run(108)) - a7998a79-199c-44f4-b3c2-ea75c49d687d@group-D1701DB3FDB1-FollowerState: change to CANDIDATE, lastRpcTime:115ms, electionTimeout:115ms
2019-10-18 14:22:59,055 [Thread-814] INFO  impl.RoleInfo (RoleInfo.java:shutdownFollowerState(121)) - a7998a79-199c-44f4-b3c2-ea75c49d687d: shutdown FollowerState
2019-10-18 14:22:59,055 [Thread-814] INFO  impl.RaftServerImpl (RaftServerImpl.java:setRole(184)) - a7998a79-199c-44f4-b3c2-ea75c49d687d@group-D1701DB3FDB1: changes role from  FOLLOWER to CANDIDATE at term 0 for changeToCandidate
2019-10-18 14:22:59,055 [Thread-814] INFO  impl.RoleInfo (RoleInfo.java:updateAndGet(143)) - a7998a79-199c-44f4-b3c2-ea75c49d687d: start LeaderElection
2019-10-18 14:22:59,060 [BlockDeletingService#0] WARN  background.BlockDeletingService (BlockDeletingService.java:isDeletionAllowed(187)) - Close Container log Index 6 is not replicated across allthe servers in the pipeline 5a21c002-5003-4cac-9183-8175d73357f8 as the min replicated index is 4. Deletion is not allowed in this container yet.
2019-10-18 14:22:59,060 [BlockDeletingService#2] WARN  background.BlockDeletingService (BlockDeletingService.java:isDeletionAllowed(187)) - Close Container log Index 6 is not replicated across allthe servers in the pipeline 5a21c002-5003-4cac-9183-8175d73357f8 as the min replicated index is 4. Deletion is not allowed in this container yet.
2019-10-18 14:22:59,061 [Thread-842] INFO  client.GrpcClientProtocolService (GrpcClientProtocolService.java:lambda$processClientRequest$0(278)) - Failed RaftClientRequest:client-49F5F9D51947->ee386961-2337-4a8c-9c8d-dbca8671699a@group-8175D73357F8, cid=10, seq=0, Watch-ALL_COMMITTED(6), Message:<EMPTY>, reply=RaftClientReply:client-49F5F9D51947->ee386961-2337-4a8c-9c8d-dbca8671699a@group-8175D73357F8, cid=10, FAILED org.apache.ratis.protocol.NotLeaderException: Server ee386961-2337-4a8c-9c8d-dbca8671699a@group-8175D73357F8 is not the leader, logIndex=0, commits[ee386961-2337-4a8c-9c8d-dbca8671699a:c10, a7998a79-199c-44f4-b3c2-ea75c49d687d:c4, 2d385246-963b-498d-9e2e-bc24e50fd0c7:c10]
2019-10-18 14:22:59,067 [a7998a79-199c-44f4-b3c2-ea75c49d687d@group-D1701DB3FDB1-LeaderElection50] INFO  impl.LeaderElection (LeaderElection.java:askForVotes(178)) - a7998a79-199c-44f4-b3c2-ea75c49d687d@group-D1701DB3FDB1-LeaderElection50: begin an election at term 1 for -1: [a7998a79-199c-44f4-b3c2-ea75c49d687d:192.168.157.233:46825], old=null
2019-10-18 14:22:59,067 [2d385246-963b-498d-9e2e-bc24e50fd0c7@group-B8EEB2952F7B-LeaderElection49] INFO  impl.LeaderElection (LeaderElection.java:askForVotes(178)) - 2d385246-963b-498d-9e2e-bc24e50fd0c7@group-B8EEB2952F7B-LeaderElection49: begin an election at term 1 for -1: [a7998a79-199c-44f4-b3c2-ea75c49d687d:192.168.157.233:46825, 2d385246-963b-498d-9e2e-bc24e50fd0c7:192.168.157.233:40769, ee386961-2337-4a8c-9c8d-dbca8671699a:192.168.157.233:35014], old=null
2019-10-18 14:22:59,067 [a7998a79-199c-44f4-b3c2-ea75c49d687d@group-D1701DB3FDB1-LeaderElection50] INFO  impl.RoleInfo (RoleInfo.java:shutdownLeaderElection(134)) - a7998a79-199c-44f4-b3c2-ea75c49d687d: shutdown LeaderElection
2019-10-18 14:22:59,071 [a7998a79-199c-44f4-b3c2-ea75c49d687d@group-D1701DB3FDB1-LeaderElection50] INFO  impl.RaftServerImpl (RaftServerImpl.java:setRole(184)) - a7998a79-199c-44f4-b3c2-ea75c49d687d@group-D1701DB3FDB1: changes role from CANDIDATE to LEADER at term 1 for changeToLeader
2019-10-18 14:22:59,071 [a7998a79-199c-44f4-b3c2-ea75c49d687d@group-D1701DB3FDB1-LeaderElection50] INFO  impl.RaftServerImpl (ServerState.java:setLeader(256)) - a7998a79-199c-44f4-b3c2-ea75c49d687d@group-D1701DB3FDB1: change Leader from null to a7998a79-199c-44f4-b3c2-ea75c49d687d at term 1 for becomeLeader, leader elected after 141ms
2019-10-18 14:22:59,072 [a7998a79-199c-44f4-b3c2-ea75c49d687d@group-D1701DB3FDB1-LeaderElection50] INFO  server.RaftServerConfigKeys (ConfUtils.java:logGet(43)) - raft.server.staging.catchup.gap = 1000 (default)
2019-10-18 14:22:59,073 [a7998a79-199c-44f4-b3c2-ea75c49d687d@group-D1701DB3FDB1-LeaderElection50] INFO  server.RaftServerConfigKeys (ConfUtils.java:logGet(43)) - raft.server.rpc.sleep.time = 25ms (default)
2019-10-18 14:22:59,073 [ee386961-2337-4a8c-9c8d-dbca8671699a@group-B8EEB2952F7B-LeaderElection48] INFO  impl.LeaderElection (LeaderElection.java:logAndReturn(56)) - ee386961-2337-4a8c-9c8d-dbca8671699a@group-B8EEB2952F7B-LeaderElection48: Election REJECTED; received 2 response(s) [ee386961-2337-4a8c-9c8d-dbca8671699a<-a7998a79-199c-44f4-b3c2-ea75c49d687d#0:FAIL-t1, ee386961-2337-4a8c-9c8d-dbca8671699a<-2d385246-963b-498d-9e2e-bc24e50fd0c7#0:FAIL-t1] and 0 exception(s); ee386961-2337-4a8c-9c8d-dbca8671699a@group-B8EEB2952F7B:t1, leader=null, voted=ee386961-2337-4a8c-9c8d-dbca8671699a, raftlog=ee386961-2337-4a8c-9c8d-dbca8671699a@group-B8EEB2952F7B-SegmentedRaftLog:OPENED:c-1,f-1,i0, conf=-1: [a7998a79-199c-44f4-b3c2-ea75c49d687d:192.168.157.233:46825, 2d385246-963b-498d-9e2e-bc24e50fd0c7:192.168.157.233:40769, ee386961-2337-4a8c-9c8d-dbca8671699a:192.168.157.233:35014], old=null
2019-10-18 14:22:59,073 [a7998a79-199c-44f4-b3c2-ea75c49d687d@group-B8EEB2952F7B-LeaderElection47] INFO  impl.LeaderElection (LeaderElection.java:logAndReturn(56)) - a7998a79-199c-44f4-b3c2-ea75c49d687d@group-B8EEB2952F7B-LeaderElection47: Election REJECTED; received 2 response(s) [a7998a79-199c-44f4-b3c2-ea75c49d687d<-2d385246-963b-498d-9e2e-bc24e50fd0c7#0:FAIL-t1, a7998a79-199c-44f4-b3c2-ea75c49d687d<-ee386961-2337-4a8c-9c8d-dbca8671699a#0:FAIL-t1] and 0 exception(s); a7998a79-199c-44f4-b3c2-ea75c49d687d@group-B8EEB2952F7B:t1, leader=null, voted=a7998a79-199c-44f4-b3c2-ea75c49d687d, raftlog=a7998a79-199c-44f4-b3c2-ea75c49d687d@group-B8EEB2952F7B-SegmentedRaftLog:OPENED:c-1,f-1,i0, conf=-1: [a7998a79-199c-44f4-b3c2-ea75c49d687d:192.168.157.233:46825, 2d385246-963b-498d-9e2e-bc24e50fd0c7:192.168.157.233:40769, ee386961-2337-4a8c-9c8d-dbca8671699a:192.168.157.233:35014], old=null
2019-10-18 14:22:59,073 [ee386961-2337-4a8c-9c8d-dbca8671699a@group-B8EEB2952F7B-LeaderElection48] INFO  impl.RaftServerImpl (RaftServerImpl.java:setRole(184)) - ee386961-2337-4a8c-9c8d-dbca8671699a@group-B8EEB2952F7B: changes role from CANDIDATE to FOLLOWER at term 1 for DISCOVERED_A_NEW_TERM
2019-10-18 14:22:59,073 [a7998a79-199c-44f4-b3c2-ea75c49d687d@group-D1701DB3FDB1-LeaderElection50] INFO  server.RaftServerConfigKeys (ConfUtils.java:logGet(43)) - raft.server.write.element-limit = 4096 (default)
2019-10-18 14:22:59,075 [a7998a79-199c-44f4-b3c2-ea75c49d687d@group-B8EEB2952F7B-LeaderElection47] INFO  impl.RaftServerImpl (RaftServerImpl.java:setRole(184)) - a7998a79-199c-44f4-b3c2-ea75c49d687d@group-B8EEB2952F7B: changes role from CANDIDATE to FOLLOWER at term 1 for DISCOVERED_A_NEW_TERM
2019-10-18 14:22:59,075 [a7998a79-199c-44f4-b3c2-ea75c49d687d@group-D1701DB3FDB1-LeaderElection50] INFO  server.RaftServerConfigKeys (ConfUtils.java:logGet(43)) - raft.server.watch.timeout = 10s (default)
2019-10-18 14:22:59,076 [a7998a79-199c-44f4-b3c2-ea75c49d687d@group-D1701DB3FDB1-LeaderElection50] INFO  server.RaftServerConfigKeys (ConfUtils.java:logGet(43)) - raft.server.watch.timeout.denomination = 1s (default)
2019-10-18 14:22:59,074 [ee386961-2337-4a8c-9c8d-dbca8671699a@group-B8EEB2952F7B-LeaderElection48] INFO  impl.RoleInfo (RoleInfo.java:shutdownLeaderElection(134)) - ee386961-2337-4a8c-9c8d-dbca8671699a: shutdown LeaderElection
2019-10-18 14:22:59,076 [a7998a79-199c-44f4-b3c2-ea75c49d687d@group-D1701DB3FDB1-LeaderElection50] INFO  server.RaftServerConfigKeys (ConfUtils.java:logGet(43)) - raft.server.watch.element-limit = 65536 (default)
2019-10-18 14:22:59,075 [a7998a79-199c-44f4-b3c2-ea75c49d687d@group-B8EEB2952F7B-LeaderElection47] INFO  impl.RoleInfo (RoleInfo.java:shutdownLeaderElection(134)) - a7998a79-199c-44f4-b3c2-ea75c49d687d: shutdown LeaderElection
2019-10-18 14:22:59,076 [ee386961-2337-4a8c-9c8d-dbca8671699a@group-B8EEB2952F7B-LeaderElection48] INFO  impl.RoleInfo (RoleInfo.java:updateAndGet(143)) - ee386961-2337-4a8c-9c8d-dbca8671699a: start FollowerState
2019-10-18 14:22:59,077 [a7998a79-199c-44f4-b3c2-ea75c49d687d@group-B8EEB2952F7B-LeaderElection47] INFO  impl.RoleInfo (RoleInfo.java:updateAndGet(143)) - a7998a79-199c-44f4-b3c2-ea75c49d687d: start FollowerState
2019-10-18 14:22:59,080 [a7998a79-199c-44f4-b3c2-ea75c49d687d@group-D1701DB3FDB1-LeaderElection50] INFO  impl.RoleInfo (RoleInfo.java:updateAndGet(143)) - a7998a79-199c-44f4-b3c2-ea75c49d687d: start LeaderState
2019-10-18 14:22:59,081 [a7998a79-199c-44f4-b3c2-ea75c49d687d@group-D1701DB3FDB1-LeaderElection50] INFO  segmented.SegmentedRaftLogWorker (SegmentedRaftLogWorker.java:startLogSegment(385)) - a7998a79-199c-44f4-b3c2-ea75c49d687d@group-D1701DB3FDB1-SegmentedRaftLogWorker: Starting segment from index:0
2019-10-18 14:22:59,083 [a7998a79-199c-44f4-b3c2-ea75c49d687d@group-D1701DB3FDB1-LeaderElection50] INFO  impl.RaftServerImpl (ServerState.java:setRaftConf(357)) - a7998a79-199c-44f4-b3c2-ea75c49d687d@group-D1701DB3FDB1: set configuration 0: [a7998a79-199c-44f4-b3c2-ea75c49d687d:192.168.157.233:46825], old=null at 0
2019-10-18 14:22:59,083 [2d385246-963b-498d-9e2e-bc24e50fd0c7@group-B8EEB2952F7B-LeaderElection49] INFO  impl.LeaderElection (LeaderElection.java:logAndReturn(56)) - 2d385246-963b-498d-9e2e-bc24e50fd0c7@group-B8EEB2952F7B-LeaderElection49: Election REJECTED; received 2 response(s) [2d385246-963b-498d-9e2e-bc24e50fd0c7<-a7998a79-199c-44f4-b3c2-ea75c49d687d#0:FAIL-t1, 2d385246-963b-498d-9e2e-bc24e50fd0c7<-ee386961-2337-4a8c-9c8d-dbca8671699a#0:FAIL-t1] and 0 exception(s); 2d385246-963b-498d-9e2e-bc24e50fd0c7@group-B8EEB2952F7B:t1, leader=null, voted=2d385246-963b-498d-9e2e-bc24e50fd0c7, raftlog=2d385246-963b-498d-9e2e-bc24e50fd0c7@group-B8EEB2952F7B-SegmentedRaftLog:OPENED:c-1,f-1,i0, conf=-1: [a7998a79-199c-44f4-b3c2-ea75c49d687d:192.168.157.233:46825, 2d385246-963b-498d-9e2e-bc24e50fd0c7:192.168.157.233:40769, ee386961-2337-4a8c-9c8d-dbca8671699a:192.168.157.233:35014], old=null
2019-10-18 14:22:59,083 [2d385246-963b-498d-9e2e-bc24e50fd0c7@group-B8EEB2952F7B-LeaderElection49] INFO  impl.RaftServerImpl (RaftServerImpl.java:setRole(184)) - 2d385246-963b-498d-9e2e-bc24e50fd0c7@group-B8EEB2952F7B: changes role from CANDIDATE to FOLLOWER at term 1 for DISCOVERED_A_NEW_TERM
2019-10-18 14:22:59,083 [2d385246-963b-498d-9e2e-bc24e50fd0c7@group-B8EEB2952F7B-LeaderElection49] INFO  impl.RoleInfo (RoleInfo.java:shutdownLeaderElection(134)) - 2d385246-963b-498d-9e2e-bc24e50fd0c7: shutdown LeaderElection
2019-10-18 14:22:59,084 [2d385246-963b-498d-9e2e-bc24e50fd0c7@group-B8EEB2952F7B-LeaderElection49] INFO  impl.RoleInfo (RoleInfo.java:updateAndGet(143)) - 2d385246-963b-498d-9e2e-bc24e50fd0c7: start FollowerState
2019-10-18 14:22:59,092 [Thread-821] INFO  impl.FollowerState (FollowerState.java:run(108)) - a7998a79-199c-44f4-b3c2-ea75c49d687d@group-8175D73357F8-FollowerState: change to CANDIDATE, lastRpcTime:101ms, electionTimeout:101ms
2019-10-18 14:22:59,092 [Thread-821] INFO  impl.RoleInfo (RoleInfo.java:shutdownFollowerState(121)) - a7998a79-199c-44f4-b3c2-ea75c49d687d: shutdown FollowerState
2019-10-18 14:22:59,092 [Thread-821] INFO  impl.RaftServerImpl (RaftServerImpl.java:setRole(184)) - a7998a79-199c-44f4-b3c2-ea75c49d687d@group-8175D73357F8: changes role from  FOLLOWER to CANDIDATE at term 40 for changeToCandidate
2019-10-18 14:22:59,092 [Thread-821] INFO  impl.RoleInfo (RoleInfo.java:updateAndGet(143)) - a7998a79-199c-44f4-b3c2-ea75c49d687d: start LeaderElection
2019-10-18 14:22:59,106 [a7998a79-199c-44f4-b3c2-ea75c49d687d@group-8175D73357F8-LeaderElection51] INFO  impl.LeaderElection (LeaderElection.java:askForVotes(178)) - a7998a79-199c-44f4-b3c2-ea75c49d687d@group-8175D73357F8-LeaderElection51: begin an election at term 41 for 0: [a7998a79-199c-44f4-b3c2-ea75c49d687d:192.168.157.233:46825, 2d385246-963b-498d-9e2e-bc24e50fd0c7:192.168.157.233:40769, ee386961-2337-4a8c-9c8d-dbca8671699a:192.168.157.233:35014], old=null
2019-10-18 14:22:59,109 [grpc-default-executor-5] INFO  impl.RaftServerImpl (RaftServerImpl.java:setRole(184)) - 2d385246-963b-498d-9e2e-bc24e50fd0c7@group-8175D73357F8: changes role from  FOLLOWER to FOLLOWER at term 41 for recognizeCandidate:a7998a79-199c-44f4-b3c2-ea75c49d687d
2019-10-18 14:22:59,109 [grpc-default-executor-5] INFO  impl.RoleInfo (RoleInfo.java:shutdownFollowerState(121)) - 2d385246-963b-498d-9e2e-bc24e50fd0c7: shutdown FollowerState
2019-10-18 14:22:59,109 [grpc-default-executor-5] INFO  impl.RoleInfo (RoleInfo.java:updateAndGet(143)) - 2d385246-963b-498d-9e2e-bc24e50fd0c7: start FollowerState
2019-10-18 14:22:59,109 [Thread-819] INFO  impl.FollowerState (FollowerState.java:run(117)) - 2d385246-963b-498d-9e2e-bc24e50fd0c7@group-8175D73357F8-FollowerState was interrupted: java.lang.InterruptedException: sleep interrupted
2019-10-18 14:22:59,109 [grpc-default-executor-4] INFO  impl.RaftServerImpl (RaftServerImpl.java:setRole(184)) - ee386961-2337-4a8c-9c8d-dbca8671699a@group-8175D73357F8: changes role from  FOLLOWER to FOLLOWER at term 41 for recognizeCandidate:a7998a79-199c-44f4-b3c2-ea75c49d687d
2019-10-18 14:22:59,109 [grpc-default-executor-4] INFO  impl.RoleInfo (RoleInfo.java:shutdownFollowerState(121)) - ee386961-2337-4a8c-9c8d-dbca8671699a: shutdown FollowerState
2019-10-18 14:22:59,109 [Thread-820] INFO  impl.FollowerState (FollowerState.java:run(117)) - ee386961-2337-4a8c-9c8d-dbca8671699a@group-8175D73357F8-FollowerState was interrupted: java.lang.InterruptedException: sleep interrupted
2019-10-18 14:22:59,109 [grpc-default-executor-4] INFO  impl.RoleInfo (RoleInfo.java:updateAndGet(143)) - ee386961-2337-4a8c-9c8d-dbca8671699a: start FollowerState
2019-10-18 14:22:59,119 [a7998a79-199c-44f4-b3c2-ea75c49d687d@group-D1701DB3FDB1-SegmentedRaftLogWorker] INFO  segmented.SegmentedRaftLogWorker (SegmentedRaftLogWorker.java:execute(576)) - a7998a79-199c-44f4-b3c2-ea75c49d687d@group-D1701DB3FDB1-SegmentedRaftLogWorker: created new log segment /workdir/hadoop-ozone/integration-test/target/test-dir/MiniOzoneClusterImpl-b1cd5a49-dfd5-4407-b99d-3d51da0a788c/datanode-1/data/ratis/6c4875be-1901-44ae-91bf-d1701db3fdb1/current/log_inprogress_0
2019-10-18 14:22:59,120 [a7998a79-199c-44f4-b3c2-ea75c49d687d@group-8175D73357F8-LeaderElection51] INFO  impl.LeaderElection (LeaderElection.java:logAndReturn(56)) - a7998a79-199c-44f4-b3c2-ea75c49d687d@group-8175D73357F8-LeaderElection51: Election REJECTED; received 2 response(s) [a7998a79-199c-44f4-b3c2-ea75c49d687d<-2d385246-963b-498d-9e2e-bc24e50fd0c7#0:FAIL-t41, a7998a79-199c-44f4-b3c2-ea75c49d687d<-ee386961-2337-4a8c-9c8d-dbca8671699a#0:FAIL-t41] and 0 exception(s); a7998a79-199c-44f4-b3c2-ea75c49d687d@group-8175D73357F8:t41, leader=null, voted=a7998a79-199c-44f4-b3c2-ea75c49d687d, raftlog=a7998a79-199c-44f4-b3c2-ea75c49d687d@group-8175D73357F8-SegmentedRaftLog:OPENED:c3,f4,i4, conf=0: [a7998a79-199c-44f4-b3c2-ea75c49d687d:192.168.157.233:46825, 2d385246-963b-498d-9e2e-bc24e50fd0c7:192.168.157.233:40769, ee386961-2337-4a8c-9c8d-dbca8671699a:192.168.157.233:35014], old=null
2019-10-18 14:22:59,120 [a7998a79-199c-44f4-b3c2-ea75c49d687d@group-8175D73357F8-LeaderElection51] INFO  impl.RaftServerImpl (RaftServerImpl.java:setRole(184)) - a7998a79-199c-44f4-b3c2-ea75c49d687d@group-8175D73357F8: changes role from CANDIDATE to FOLLOWER at term 41 for DISCOVERED_A_NEW_TERM
2019-10-18 14:22:59,120 [a7998a79-199c-44f4-b3c2-ea75c49d687d@group-8175D73357F8-LeaderElection51] INFO  impl.RoleInfo (RoleInfo.java:shutdownLeaderElection(134)) - a7998a79-199c-44f4-b3c2-ea75c49d687d: shutdown LeaderElection
2019-10-18 14:22:59,120 [a7998a79-199c-44f4-b3c2-ea75c49d687d@group-8175D73357F8-LeaderElection51] INFO  impl.RoleInfo (RoleInfo.java:updateAndGet(143)) - a7998a79-199c-44f4-b3c2-ea75c49d687d: start FollowerState
2019-10-18 14:22:59,148 [Thread-847] INFO  impl.FollowerState (FollowerState.java:run(108)) - ee386961-2337-4a8c-9c8d-dbca8671699a@group-B8EEB2952F7B-FollowerState: change to CANDIDATE, lastRpcTime:72ms, electionTimeout:70ms
2019-10-18 14:22:59,148 [Thread-847] INFO  impl.RoleInfo (RoleInfo.java:shutdownFollowerState(121)) - ee386961-2337-4a8c-9c8d-dbca8671699a: shutdown FollowerState
2019-10-18 14:22:59,149 [Thread-847] INFO  impl.RaftServerImpl (RaftServerImpl.java:setRole(184)) - ee386961-2337-4a8c-9c8d-dbca8671699a@group-B8EEB2952F7B: changes role from  FOLLOWER to CANDIDATE at term 1 for changeToCandidate
2019-10-18 14:22:59,149 [Thread-847] INFO  impl.RoleInfo (RoleInfo.java:updateAndGet(143)) - ee386961-2337-4a8c-9c8d-dbca8671699a: start LeaderElection
2019-10-18 14:22:59,164 [ee386961-2337-4a8c-9c8d-dbca8671699a@group-B8EEB2952F7B-LeaderElection52] INFO  impl.LeaderElection (LeaderElection.java:askForVotes(178)) - ee386961-2337-4a8c-9c8d-dbca8671699a@group-B8EEB2952F7B-LeaderElection52: begin an election at term 2 for -1: [a7998a79-199c-44f4-b3c2-ea75c49d687d:192.168.157.233:46825, 2d385246-963b-498d-9e2e-bc24e50fd0c7:192.168.157.233:40769, ee386961-2337-4a8c-9c8d-dbca8671699a:192.168.157.233:35014], old=null
2019-10-18 14:22:59,167 [grpc-default-executor-4] INFO  impl.RaftServerImpl (RaftServerImpl.java:setRole(184)) - a7998a79-199c-44f4-b3c2-ea75c49d687d@group-B8EEB2952F7B: changes role from  FOLLOWER to FOLLOWER at term 2 for recognizeCandidate:ee386961-2337-4a8c-9c8d-dbca8671699a
2019-10-18 14:22:59,167 [grpc-default-executor-5] INFO  impl.RaftServerImpl (RaftServerImpl.java:setRole(184)) - 2d385246-963b-498d-9e2e-bc24e50fd0c7@group-B8EEB2952F7B: changes role from  FOLLOWER to FOLLOWER at term 2 for recognizeCandidate:ee386961-2337-4a8c-9c8d-dbca8671699a
2019-10-18 14:22:59,167 [grpc-default-executor-4] INFO  impl.RoleInfo (RoleInfo.java:shutdownFollowerState(121)) - a7998a79-199c-44f4-b3c2-ea75c49d687d: shutdown FollowerState
2019-10-18 14:22:59,167 [grpc-default-executor-5] INFO  impl.RoleInfo (RoleInfo.java:shutdownFollowerState(121)) - 2d385246-963b-498d-9e2e-bc24e50fd0c7: shutdown FollowerState
2019-10-18 14:22:59,168 [grpc-default-executor-4] INFO  impl.RoleInfo (RoleInfo.java:updateAndGet(143)) - a7998a79-199c-44f4-b3c2-ea75c49d687d: start FollowerState
2019-10-18 14:22:59,168 [Thread-849] INFO  impl.FollowerState (FollowerState.java:run(117)) - 2d385246-963b-498d-9e2e-bc24e50fd0c7@group-B8EEB2952F7B-FollowerState was interrupted: java.lang.InterruptedException: sleep interrupted
2019-10-18 14:22:59,168 [grpc-default-executor-5] INFO  impl.RoleInfo (RoleInfo.java:updateAndGet(143)) - 2d385246-963b-498d-9e2e-bc24e50fd0c7: start FollowerState
2019-10-18 14:22:59,168 [Thread-848] INFO  impl.FollowerState (FollowerState.java:run(117)) - a7998a79-199c-44f4-b3c2-ea75c49d687d@group-B8EEB2952F7B-FollowerState was interrupted: java.lang.InterruptedException: sleep interrupted
2019-10-18 14:22:59,182 [Thread-855] INFO  impl.FollowerState (FollowerState.java:run(108)) - a7998a79-199c-44f4-b3c2-ea75c49d687d@group-8175D73357F8-FollowerState: change to CANDIDATE, lastRpcTime:61ms, electionTimeout:61ms
2019-10-18 14:22:59,182 [Thread-855] INFO  impl.RoleInfo (RoleInfo.java:shutdownFollowerState(121)) - a7998a79-199c-44f4-b3c2-ea75c49d687d: shutdown FollowerState
2019-10-18 14:22:59,182 [Thread-855] INFO  impl.RaftServerImpl (RaftServerImpl.java:setRole(184)) - a7998a79-199c-44f4-b3c2-ea75c49d687d@group-8175D73357F8: changes role from  FOLLOWER to CANDIDATE at term 41 for changeToCandidate
2019-10-18 14:22:59,182 [Thread-855] INFO  impl.RoleInfo (RoleInfo.java:updateAndGet(143)) - a7998a79-199c-44f4-b3c2-ea75c49d687d: start LeaderElection
2019-10-18 14:22:59,190 [a7998a79-199c-44f4-b3c2-ea75c49d687d@group-8175D73357F8-LeaderElection53] INFO  impl.LeaderElection (LeaderElection.java:askForVotes(178)) - a7998a79-199c-44f4-b3c2-ea75c49d687d@group-8175D73357F8-LeaderElection53: begin an election at term 42 for 0: [a7998a79-199c-44f4-b3c2-ea75c49d687d:192.168.157.233:46825, 2d385246-963b-498d-9e2e-bc24e50fd0c7:192.168.157.233:40769, ee386961-2337-4a8c-9c8d-dbca8671699a:192.168.157.233:35014], old=null
2019-10-18 14:22:59,190 [Thread-860] INFO  impl.FollowerState (FollowerState.java:run(108)) - 2d385246-963b-498d-9e2e-bc24e50fd0c7@group-B8EEB2952F7B-FollowerState: change to CANDIDATE, lastRpcTime:22ms, electionTimeout:10ms
2019-10-18 14:22:59,190 [Thread-860] INFO  impl.RoleInfo (RoleInfo.java:shutdownFollowerState(121)) - 2d385246-963b-498d-9e2e-bc24e50fd0c7: shutdown FollowerState
2019-10-18 14:22:59,190 [Thread-859] INFO  impl.FollowerState (FollowerState.java:run(108)) - a7998a79-199c-44f4-b3c2-ea75c49d687d@group-B8EEB2952F7B-FollowerState: change to CANDIDATE, lastRpcTime:22ms, electionTimeout:3ms
2019-10-18 14:22:59,190 [Thread-860] INFO  impl.RaftServerImpl (RaftServerImpl.java:setRole(184)) - 2d385246-963b-498d-9e2e-bc24e50fd0c7@group-B8EEB2952F7B: changes role from  FOLLOWER to CANDIDATE at term 2 for changeToCandidate
2019-10-18 14:22:59,190 [Thread-859] INFO  impl.RoleInfo (RoleInfo.java:shutdownFollowerState(121)) - a7998a79-199c-44f4-b3c2-ea75c49d687d: shutdown FollowerState
2019-10-18 14:22:59,190 [Thread-860] INFO  impl.RoleInfo (RoleInfo.java:updateAndGet(143)) - 2d385246-963b-498d-9e2e-bc24e50fd0c7: start LeaderElection
2019-10-18 14:22:59,190 [Thread-859] INFO  impl.RaftServerImpl (RaftServerImpl.java:setRole(184)) - a7998a79-199c-44f4-b3c2-ea75c49d687d@group-B8EEB2952F7B: changes role from  FOLLOWER to CANDIDATE at term 2 for changeToCandidate
2019-10-18 14:22:59,191 [Thread-859] INFO  impl.RoleInfo (RoleInfo.java:updateAndGet(143)) - a7998a79-199c-44f4-b3c2-ea75c49d687d: start LeaderElection
2019-10-18 14:22:59,191 [ee386961-2337-4a8c-9c8d-dbca8671699a@group-B8EEB2952F7B-LeaderElection52] INFO  impl.LeaderElection (LeaderElection.java:logAndReturn(56)) - ee386961-2337-4a8c-9c8d-dbca8671699a@group-B8EEB2952F7B-LeaderElection52: Election PASSED; received 1 response(s) [ee386961-2337-4a8c-9c8d-dbca8671699a<-a7998a79-199c-44f4-b3c2-ea75c49d687d#0:OK-t2] and 0 exception(s); ee386961-2337-4a8c-9c8d-dbca8671699a@group-B8EEB2952F7B:t2, leader=null, voted=ee386961-2337-4a8c-9c8d-dbca8671699a, raftlog=ee386961-2337-4a8c-9c8d-dbca8671699a@group-B8EEB2952F7B-SegmentedRaftLog:OPENED:c-1,f-1,i0, conf=-1: [a7998a79-199c-44f4-b3c2-ea75c49d687d:192.168.157.233:46825, 2d385246-963b-498d-9e2e-bc24e50fd0c7:192.168.157.233:40769, ee386961-2337-4a8c-9c8d-dbca8671699a:192.168.157.233:35014], old=null
2019-10-18 14:22:59,191 [ee386961-2337-4a8c-9c8d-dbca8671699a@group-B8EEB2952F7B-LeaderElection52] INFO  impl.RoleInfo (RoleInfo.java:shutdownLeaderElection(134)) - ee386961-2337-4a8c-9c8d-dbca8671699a: shutdown LeaderElection
2019-10-18 14:22:59,192 [ee386961-2337-4a8c-9c8d-dbca8671699a@group-B8EEB2952F7B-LeaderElection52] INFO  impl.RaftServerImpl (RaftServerImpl.java:setRole(184)) - ee386961-2337-4a8c-9c8d-dbca8671699a@group-B8EEB2952F7B: changes role from CANDIDATE to LEADER at term 2 for changeToLeader
2019-10-18 14:22:59,192 [ee386961-2337-4a8c-9c8d-dbca8671699a@group-B8EEB2952F7B-LeaderElection52] INFO  impl.RaftServerImpl (ServerState.java:setLeader(256)) - ee386961-2337-4a8c-9c8d-dbca8671699a@group-B8EEB2952F7B: change Leader from null to ee386961-2337-4a8c-9c8d-dbca8671699a at term 2 for becomeLeader, leader elected after 202ms
2019-10-18 14:22:59,192 [ee386961-2337-4a8c-9c8d-dbca8671699a@group-B8EEB2952F7B-LeaderElection52] INFO  server.RaftServerConfigKeys (ConfUtils.java:logGet(43)) - raft.server.staging.catchup.gap = 1000 (default)
2019-10-18 14:22:59,192 [ee386961-2337-4a8c-9c8d-dbca8671699a@group-B8EEB2952F7B-LeaderElection52] INFO  server.RaftServerConfigKeys (ConfUtils.java:logGet(43)) - raft.server.rpc.sleep.time = 25ms (default)
2019-10-18 14:22:59,192 [ee386961-2337-4a8c-9c8d-dbca8671699a@group-B8EEB2952F7B-LeaderElection52] INFO  server.RaftServerConfigKeys (ConfUtils.java:logGet(43)) - raft.server.write.element-limit = 4096 (default)
2019-10-18 14:22:59,192 [ee386961-2337-4a8c-9c8d-dbca8671699a@group-B8EEB2952F7B-LeaderElection52] INFO  server.RaftServerConfigKeys (ConfUtils.java:logGet(43)) - raft.server.watch.timeout = 10s (default)
2019-10-18 14:22:59,193 [grpc-default-executor-5] INFO  impl.RaftServerImpl (RaftServerImpl.java:setRole(184)) - 2d385246-963b-498d-9e2e-bc24e50fd0c7@group-8175D73357F8: changes role from  FOLLOWER to FOLLOWER at term 42 for recognizeCandidate:a7998a79-199c-44f4-b3c2-ea75c49d687d
2019-10-18 14:22:59,193 [ee386961-2337-4a8c-9c8d-dbca8671699a@group-B8EEB2952F7B-LeaderElection52] INFO  server.RaftServerConfigKeys (ConfUtils.java:logGet(43)) - raft.server.watch.timeout.denomination = 1s (default)
2019-10-18 14:22:59,193 [grpc-default-executor-5] INFO  impl.RoleInfo (RoleInfo.java:shutdownFollowerState(121)) - 2d385246-963b-498d-9e2e-bc24e50fd0c7: shutdown FollowerState
2019-10-18 14:22:59,193 [ee386961-2337-4a8c-9c8d-dbca8671699a@group-B8EEB2952F7B-LeaderElection52] INFO  server.RaftServerConfigKeys (ConfUtils.java:logGet(43)) - raft.server.watch.element-limit = 65536 (default)
2019-10-18 14:22:59,193 [Thread-853] INFO  impl.FollowerState (FollowerState.java:run(117)) - 2d385246-963b-498d-9e2e-bc24e50fd0c7@group-8175D73357F8-FollowerState was interrupted: java.lang.InterruptedException: sleep interrupted
2019-10-18 14:22:59,193 [grpc-default-executor-5] INFO  impl.RoleInfo (RoleInfo.java:updateAndGet(143)) - 2d385246-963b-498d-9e2e-bc24e50fd0c7: start FollowerState
2019-10-18 14:22:59,194 [grpc-default-executor-4] INFO  impl.RaftServerImpl (RaftServerImpl.java:setRole(184)) - ee386961-2337-4a8c-9c8d-dbca8671699a@group-8175D73357F8: changes role from  FOLLOWER to FOLLOWER at term 42 for recognizeCandidate:a7998a79-199c-44f4-b3c2-ea75c49d687d
2019-10-18 14:22:59,194 [grpc-default-executor-4] INFO  impl.RoleInfo (RoleInfo.java:shutdownFollowerState(121)) - ee386961-2337-4a8c-9c8d-dbca8671699a: shutdown FollowerState
2019-10-18 14:22:59,194 [Thread-854] INFO  impl.FollowerState (FollowerState.java:run(117)) - ee386961-2337-4a8c-9c8d-dbca8671699a@group-8175D73357F8-FollowerState was interrupted: java.lang.InterruptedException: sleep interrupted
2019-10-18 14:22:59,194 [grpc-default-executor-4] INFO  impl.RoleInfo (RoleInfo.java:updateAndGet(143)) - ee386961-2337-4a8c-9c8d-dbca8671699a: start FollowerState
2019-10-18 14:22:59,196 [ee386961-2337-4a8c-9c8d-dbca8671699a@group-B8EEB2952F7B-LeaderElection52] INFO  server.RaftServerConfigKeys (ConfUtils.java:logGet(43)) - raft.server.log.appender.snapshot.chunk.size.max = 16MB (=16777216) (default)
2019-10-18 14:22:59,196 [ee386961-2337-4a8c-9c8d-dbca8671699a@group-B8EEB2952F7B-LeaderElection52] INFO  server.RaftServerConfigKeys (ConfUtils.java:logGet(43)) - raft.server.log.appender.buffer.byte-limit = 33554432 (custom)
2019-10-18 14:22:59,196 [ee386961-2337-4a8c-9c8d-dbca8671699a@group-B8EEB2952F7B-LeaderElection52] INFO  server.RaftServerConfigKeys (ConfUtils.java:logGet(43)) - raft.server.log.appender.buffer.element-limit = 1 (custom)
2019-10-18 14:22:59,197 [ee386961-2337-4a8c-9c8d-dbca8671699a@group-B8EEB2952F7B-LeaderElection52] INFO  grpc.GrpcConfigKeys$Server (ConfUtils.java:logGet(43)) - raft.grpc.server.leader.outstanding.appends.max = 128 (default)
2019-10-18 14:22:59,197 [ee386961-2337-4a8c-9c8d-dbca8671699a@group-B8EEB2952F7B-LeaderElection52] INFO  server.RaftServerConfigKeys (ConfUtils.java:logGet(43)) - raft.server.rpc.request.timeout = 3000ms (default)
2019-10-18 14:22:59,197 [ee386961-2337-4a8c-9c8d-dbca8671699a@group-B8EEB2952F7B-LeaderElection52] INFO  server.RaftServerConfigKeys (ConfUtils.java:logGet(43)) - raft.server.log.appender.install.snapshot.enabled = false (custom)
2019-10-18 14:22:59,198 [2d385246-963b-498d-9e2e-bc24e50fd0c7@group-B8EEB2952F7B-LeaderElection54] INFO  impl.LeaderElection (LeaderElection.java:askForVotes(178)) - 2d385246-963b-498d-9e2e-bc24e50fd0c7@group-B8EEB2952F7B-LeaderElection54: begin an election at term 3 for -1: [a7998a79-199c-44f4-b3c2-ea75c49d687d:192.168.157.233:46825, 2d385246-963b-498d-9e2e-bc24e50fd0c7:192.168.157.233:40769, ee386961-2337-4a8c-9c8d-dbca8671699a:192.168.157.233:35014], old=null
2019-10-18 14:22:59,198 [a7998a79-199c-44f4-b3c2-ea75c49d687d@group-B8EEB2952F7B-LeaderElection55] INFO  impl.LeaderElection (LeaderElection.java:askForVotes(178)) - a7998a79-199c-44f4-b3c2-ea75c49d687d@group-B8EEB2952F7B-LeaderElection55: begin an election at term 3 for -1: [a7998a79-199c-44f4-b3c2-ea75c49d687d:192.168.157.233:46825, 2d385246-963b-498d-9e2e-bc24e50fd0c7:192.168.157.233:40769, ee386961-2337-4a8c-9c8d-dbca8671699a:192.168.157.233:35014], old=null
2019-10-18 14:22:59,199 [a7998a79-199c-44f4-b3c2-ea75c49d687d@group-8175D73357F8-LeaderElection53] INFO  impl.LeaderElection (LeaderElection.java:logAndReturn(56)) - a7998a79-199c-44f4-b3c2-ea75c49d687d@group-8175D73357F8-LeaderElection53: Election REJECTED; received 2 response(s) [a7998a79-199c-44f4-b3c2-ea75c49d687d<-2d385246-963b-498d-9e2e-bc24e50fd0c7#0:FAIL-t42, a7998a79-199c-44f4-b3c2-ea75c49d687d<-ee386961-2337-4a8c-9c8d-dbca8671699a#0:FAIL-t42] and 0 exception(s); a7998a79-199c-44f4-b3c2-ea75c49d687d@group-8175D73357F8:t42, leader=null, voted=a7998a79-199c-44f4-b3c2-ea75c49d687d, raftlog=a7998a79-199c-44f4-b3c2-ea75c49d687d@group-8175D73357F8-SegmentedRaftLog:OPENED:c3,f4,i4, conf=0: [a7998a79-199c-44f4-b3c2-ea75c49d687d:192.168.157.233:46825, 2d385246-963b-498d-9e2e-bc24e50fd0c7:192.168.157.233:40769, ee386961-2337-4a8c-9c8d-dbca8671699a:192.168.157.233:35014], old=null
2019-10-18 14:22:59,199 [a7998a79-199c-44f4-b3c2-ea75c49d687d@group-8175D73357F8-LeaderElection53] INFO  impl.RaftServerImpl (RaftServerImpl.java:setRole(184)) - a7998a79-199c-44f4-b3c2-ea75c49d687d@group-8175D73357F8: changes role from CANDIDATE to FOLLOWER at term 42 for DISCOVERED_A_NEW_TERM
2019-10-18 14:22:59,199 [a7998a79-199c-44f4-b3c2-ea75c49d687d@group-8175D73357F8-LeaderElection53] INFO  impl.RoleInfo (RoleInfo.java:shutdownLeaderElection(134)) - a7998a79-199c-44f4-b3c2-ea75c49d687d: shutdown LeaderElection
2019-10-18 14:22:59,200 [a7998a79-199c-44f4-b3c2-ea75c49d687d@group-8175D73357F8-LeaderElection53] INFO  impl.RoleInfo (RoleInfo.java:updateAndGet(143)) - a7998a79-199c-44f4-b3c2-ea75c49d687d: start FollowerState
2019-10-18 14:22:59,200 [ee386961-2337-4a8c-9c8d-dbca8671699a@group-B8EEB2952F7B-LeaderElection52] INFO  server.RaftServerConfigKeys (ConfUtils.java:logGet(43)) - raft.server.log.appender.snapshot.chunk.size.max = 16MB (=16777216) (default)
2019-10-18 14:22:59,201 [ee386961-2337-4a8c-9c8d-dbca8671699a@group-B8EEB2952F7B-LeaderElection52] INFO  server.RaftServerConfigKeys (ConfUtils.java:logGet(43)) - raft.server.log.appender.buffer.byte-limit = 33554432 (custom)
2019-10-18 14:22:59,201 [ee386961-2337-4a8c-9c8d-dbca8671699a@group-B8EEB2952F7B-LeaderElection52] INFO  server.RaftServerConfigKeys (ConfUtils.java:logGet(43)) - raft.server.log.appender.buffer.element-limit = 1 (custom)
2019-10-18 14:22:59,201 [ee386961-2337-4a8c-9c8d-dbca8671699a@group-B8EEB2952F7B-LeaderElection52] INFO  grpc.GrpcConfigKeys$Server (ConfUtils.java:logGet(43)) - raft.grpc.server.leader.outstanding.appends.max = 128 (default)
2019-10-18 14:22:59,201 [ee386961-2337-4a8c-9c8d-dbca8671699a@group-B8EEB2952F7B-LeaderElection52] INFO  server.RaftServerConfigKeys (ConfUtils.java:logGet(43)) - raft.server.rpc.request.timeout = 3000ms (default)
2019-10-18 14:22:59,201 [ee386961-2337-4a8c-9c8d-dbca8671699a@group-B8EEB2952F7B-LeaderElection52] INFO  server.RaftServerConfigKeys (ConfUtils.java:logGet(43)) - raft.server.log.appender.install.snapshot.enabled = false (custom)
2019-10-18 14:22:59,204 [a7998a79-199c-44f4-b3c2-ea75c49d687d@group-B8EEB2952F7B-LeaderElection55] INFO  impl.LeaderElection (LeaderElection.java:logAndReturn(56)) - a7998a79-199c-44f4-b3c2-ea75c49d687d@group-B8EEB2952F7B-LeaderElection55: Election TIMEOUT; received 1 response(s) [a7998a79-199c-44f4-b3c2-ea75c49d687d<-2d385246-963b-498d-9e2e-bc24e50fd0c7#0:FAIL-t3] and 0 exception(s); a7998a79-199c-44f4-b3c2-ea75c49d687d@group-B8EEB2952F7B:t3, leader=null, voted=a7998a79-199c-44f4-b3c2-ea75c49d687d, raftlog=a7998a79-199c-44f4-b3c2-ea75c49d687d@group-B8EEB2952F7B-SegmentedRaftLog:OPENED:c-1,f-1,i0, conf=-1: [a7998a79-199c-44f4-b3c2-ea75c49d687d:192.168.157.233:46825, 2d385246-963b-498d-9e2e-bc24e50fd0c7:192.168.157.233:40769, ee386961-2337-4a8c-9c8d-dbca8671699a:192.168.157.233:35014], old=null
2019-10-18 14:22:59,204 [ee386961-2337-4a8c-9c8d-dbca8671699a@group-B8EEB2952F7B-LeaderElection52] INFO  impl.RoleInfo (RoleInfo.java:updateAndGet(143)) - ee386961-2337-4a8c-9c8d-dbca8671699a: start LeaderState
2019-10-18 14:22:59,204 [ee386961-2337-4a8c-9c8d-dbca8671699a@group-B8EEB2952F7B-LeaderElection52] INFO  segmented.SegmentedRaftLogWorker (SegmentedRaftLogWorker.java:startLogSegment(385)) - ee386961-2337-4a8c-9c8d-dbca8671699a@group-B8EEB2952F7B-SegmentedRaftLogWorker: Starting segment from index:0
2019-10-18 14:22:59,205 [ee386961-2337-4a8c-9c8d-dbca8671699a@group-B8EEB2952F7B-LeaderElection52] INFO  impl.RaftServerImpl (ServerState.java:setRaftConf(357)) - ee386961-2337-4a8c-9c8d-dbca8671699a@group-B8EEB2952F7B: set configuration 0: [a7998a79-199c-44f4-b3c2-ea75c49d687d:192.168.157.233:46825, 2d385246-963b-498d-9e2e-bc24e50fd0c7:192.168.157.233:40769, ee386961-2337-4a8c-9c8d-dbca8671699a:192.168.157.233:35014], old=null at 0
2019-10-18 14:22:59,235 [Thread-874] INFO  impl.FollowerState (FollowerState.java:run(108)) - a7998a79-199c-44f4-b3c2-ea75c49d687d@group-8175D73357F8-FollowerState: change to CANDIDATE, lastRpcTime:35ms, electionTimeout:9ms
2019-10-18 14:22:59,235 [a7998a79-199c-44f4-b3c2-ea75c49d687d@group-B8EEB2952F7B-LeaderElection55] INFO  impl.LeaderElection (LeaderElection.java:askForVotes(178)) - a7998a79-199c-44f4-b3c2-ea75c49d687d@group-B8EEB2952F7B-LeaderElection55: begin an election at term 4 for -1: [a7998a79-199c-44f4-b3c2-ea75c49d687d:192.168.157.233:46825, 2d385246-963b-498d-9e2e-bc24e50fd0c7:192.168.157.233:40769, ee386961-2337-4a8c-9c8d-dbca8671699a:192.168.157.233:35014], old=null
2019-10-18 14:22:59,235 [grpc-default-executor-4] INFO  impl.RaftServerImpl (ServerState.java:setLeader(256)) - ee386961-2337-4a8c-9c8d-dbca8671699a@group-B8EEB2952F7B: change Leader from ee386961-2337-4a8c-9c8d-dbca8671699a to null at term 3 for updateCurrentTerm
2019-10-18 14:22:59,235 [2d385246-963b-498d-9e2e-bc24e50fd0c7@group-B8EEB2952F7B-LeaderElection54] INFO  impl.LeaderElection (LeaderElection.java:logAndReturn(56)) - 2d385246-963b-498d-9e2e-bc24e50fd0c7@group-B8EEB2952F7B-LeaderElection54: Election TIMEOUT; received 1 response(s) [2d385246-963b-498d-9e2e-bc24e50fd0c7<-a7998a79-199c-44f4-b3c2-ea75c49d687d#0:FAIL-t3] and 0 exception(s); 2d385246-963b-498d-9e2e-bc24e50fd0c7@group-B8EEB2952F7B:t3, leader=null, voted=2d385246-963b-498d-9e2e-bc24e50fd0c7, raftlog=2d385246-963b-498d-9e2e-bc24e50fd0c7@group-B8EEB2952F7B-SegmentedRaftLog:OPENED:c-1,f-1,i0, conf=-1: [a7998a79-199c-44f4-b3c2-ea75c49d687d:192.168.157.233:46825, 2d385246-963b-498d-9e2e-bc24e50fd0c7:192.168.157.233:40769, ee386961-2337-4a8c-9c8d-dbca8671699a:192.168.157.233:35014], old=null
2019-10-18 14:22:59,235 [Thread-874] INFO  impl.RoleInfo (RoleInfo.java:shutdownFollowerState(121)) - a7998a79-199c-44f4-b3c2-ea75c49d687d: shutdown FollowerState
2019-10-18 14:22:59,235 [grpc-default-executor-4] INFO  impl.RaftServerImpl (RaftServerImpl.java:setRole(184)) - ee386961-2337-4a8c-9c8d-dbca8671699a@group-B8EEB2952F7B: changes role from    LEADER to FOLLOWER at term 3 for recognizeCandidate:2d385246-963b-498d-9e2e-bc24e50fd0c7
2019-10-18 14:22:59,236 [Thread-874] INFO  impl.RaftServerImpl (RaftServerImpl.java:setRole(184)) - a7998a79-199c-44f4-b3c2-ea75c49d687d@group-8175D73357F8: changes role from  FOLLOWER to CANDIDATE at term 42 for changeToCandidate
2019-10-18 14:22:59,236 [grpc-default-executor-4] INFO  impl.RoleInfo (RoleInfo.java:shutdownLeaderState(104)) - ee386961-2337-4a8c-9c8d-dbca8671699a: shutdown LeaderState
2019-10-18 14:22:59,236 [Thread-874] INFO  impl.RoleInfo (RoleInfo.java:updateAndGet(143)) - a7998a79-199c-44f4-b3c2-ea75c49d687d: start LeaderElection
2019-10-18 14:22:59,239 [org.apache.ratis.server.impl.LogAppender$AppenderDaemon$$Lambda$448/2095661354@14bbcf3a] WARN  server.GrpcLogAppender (GrpcLogAppender.java:mayWait(149)) - ee386961-2337-4a8c-9c8d-dbca8671699a@group-B8EEB2952F7B->a7998a79-199c-44f4-b3c2-ea75c49d687d-GrpcLogAppender: Wait interrupted by java.lang.InterruptedException
2019-10-18 14:22:59,239 [grpc-default-executor-4] INFO  impl.PendingRequests (PendingRequests.java:sendNotLeaderResponses(202)) - ee386961-2337-4a8c-9c8d-dbca8671699a@group-B8EEB2952F7B-PendingRequests: sendNotLeaderResponses
2019-10-18 14:22:59,240 [org.apache.ratis.server.impl.LogAppender$AppenderDaemon$$Lambda$448/2095661354@25e51f55] WARN  server.GrpcLogAppender (GrpcLogAppender.java:mayWait(149)) - ee386961-2337-4a8c-9c8d-dbca8671699a@group-B8EEB2952F7B->2d385246-963b-498d-9e2e-bc24e50fd0c7-GrpcLogAppender: Wait interrupted by java.lang.InterruptedException
2019-10-18 14:22:59,240 [grpc-default-executor-4] INFO  impl.RoleInfo (RoleInfo.java:updateAndGet(143)) - ee386961-2337-4a8c-9c8d-dbca8671699a: start FollowerState
2019-10-18 14:22:59,241 [grpc-default-executor-7] INFO  server.GrpcServerProtocolService (GrpcServerProtocolService.java:onCompleted(113)) - a7998a79-199c-44f4-b3c2-ea75c49d687d: Completed APPEND_ENTRIES, lastRequest: ee386961-2337-4a8c-9c8d-dbca8671699a->a7998a79-199c-44f4-b3c2-ea75c49d687d#0-t2, previous=(t:0, i:0), leaderCommit=-1, initializing? false, entries: <empty>
2019-10-18 14:22:59,246 [ee386961-2337-4a8c-9c8d-dbca8671699a@group-B8EEB2952F7B-SegmentedRaftLogWorker] INFO  segmented.SegmentedRaftLogWorker (SegmentedRaftLogWorker.java:execute(576)) - ee386961-2337-4a8c-9c8d-dbca8671699a@group-B8EEB2952F7B-SegmentedRaftLogWorker: created new log segment /workdir/hadoop-ozone/integration-test/target/test-dir/MiniOzoneClusterImpl-b1cd5a49-dfd5-4407-b99d-3d51da0a788c/datanode-0/data/ratis/09670964-3e2f-415e-94ac-b8eeb2952f7b/current/log_inprogress_0
2019-10-18 14:22:59,247 [a7998a79-199c-44f4-b3c2-ea75c49d687d@group-8175D73357F8-LeaderElection56] INFO  impl.LeaderElection (LeaderElection.java:askForVotes(178)) - a7998a79-199c-44f4-b3c2-ea75c49d687d@group-8175D73357F8-LeaderElection56: begin an election at term 43 for 0: [a7998a79-199c-44f4-b3c2-ea75c49d687d:192.168.157.233:46825, 2d385246-963b-498d-9e2e-bc24e50fd0c7:192.168.157.233:40769, ee386961-2337-4a8c-9c8d-dbca8671699a:192.168.157.233:35014], old=null
2019-10-18 14:22:59,247 [2d385246-963b-498d-9e2e-bc24e50fd0c7@group-B8EEB2952F7B-LeaderElection54] INFO  impl.LeaderElection (LeaderElection.java:askForVotes(178)) - 2d385246-963b-498d-9e2e-bc24e50fd0c7@group-B8EEB2952F7B-LeaderElection54: begin an election at term 4 for -1: [a7998a79-199c-44f4-b3c2-ea75c49d687d:192.168.157.233:46825, 2d385246-963b-498d-9e2e-bc24e50fd0c7:192.168.157.233:40769, ee386961-2337-4a8c-9c8d-dbca8671699a:192.168.157.233:35014], old=null
2019-10-18 14:22:59,247 [grpc-default-executor-5] INFO  impl.RaftServerImpl (RaftServerImpl.java:setRole(184)) - ee386961-2337-4a8c-9c8d-dbca8671699a@group-B8EEB2952F7B: changes role from  FOLLOWER to FOLLOWER at term 3 for recognizeCandidate:a7998a79-199c-44f4-b3c2-ea75c49d687d
2019-10-18 14:22:59,247 [grpc-default-executor-5] INFO  impl.RoleInfo (RoleInfo.java:shutdownFollowerState(121)) - ee386961-2337-4a8c-9c8d-dbca8671699a: shutdown FollowerState
2019-10-18 14:22:59,247 [Thread-881] INFO  impl.FollowerState (FollowerState.java:run(117)) - ee386961-2337-4a8c-9c8d-dbca8671699a@group-B8EEB2952F7B-FollowerState was interrupted: java.lang.InterruptedException: sleep interrupted
2019-10-18 14:22:59,247 [grpc-default-executor-5] INFO  impl.RoleInfo (RoleInfo.java:updateAndGet(143)) - ee386961-2337-4a8c-9c8d-dbca8671699a: start FollowerState
2019-10-18 14:22:59,248 [grpc-default-executor-7] INFO  impl.RaftServerImpl (RaftServerImpl.java:setRole(184)) - ee386961-2337-4a8c-9c8d-dbca8671699a@group-B8EEB2952F7B: changes role from  FOLLOWER to FOLLOWER at term 4 for recognizeCandidate:a7998a79-199c-44f4-b3c2-ea75c49d687d
2019-10-18 14:22:59,248 [grpc-default-executor-7] INFO  impl.RoleInfo (RoleInfo.java:shutdownFollowerState(121)) - ee386961-2337-4a8c-9c8d-dbca8671699a: shutdown FollowerState
2019-10-18 14:22:59,248 [Thread-885] INFO  impl.FollowerState (FollowerState.java:run(117)) - ee386961-2337-4a8c-9c8d-dbca8671699a@group-B8EEB2952F7B-FollowerState was interrupted: java.lang.InterruptedException: sleep interrupted
2019-10-18 14:22:59,248 [grpc-default-executor-7] INFO  impl.RoleInfo (RoleInfo.java:updateAndGet(143)) - ee386961-2337-4a8c-9c8d-dbca8671699a: start FollowerState
2019-10-18 14:22:59,250 [grpc-default-executor-5] INFO  impl.RaftServerImpl (RaftServerImpl.java:setRole(184)) - ee386961-2337-4a8c-9c8d-dbca8671699a@group-8175D73357F8: changes role from  FOLLOWER to FOLLOWER at term 43 for recognizeCandidate:a7998a79-199c-44f4-b3c2-ea75c49d687d
2019-10-18 14:22:59,250 [grpc-default-executor-5] INFO  impl.RoleInfo (RoleInfo.java:shutdownFollowerState(121)) - ee386961-2337-4a8c-9c8d-dbca8671699a: shutdown FollowerState
2019-10-18 14:22:59,250 [Thread-868] INFO  impl.FollowerState (FollowerState.java:run(117)) - ee386961-2337-4a8c-9c8d-dbca8671699a@group-8175D73357F8-FollowerState was interrupted: java.lang.InterruptedException: sleep interrupted
2019-10-18 14:22:59,250 [grpc-default-executor-5] INFO  impl.RoleInfo (RoleInfo.java:updateAndGet(143)) - ee386961-2337-4a8c-9c8d-dbca8671699a: start FollowerState
2019-10-18 14:22:59,251 [grpc-default-executor-8] INFO  impl.RaftServerImpl (RaftServerImpl.java:setRole(184)) - 2d385246-963b-498d-9e2e-bc24e50fd0c7@group-8175D73357F8: changes role from  FOLLOWER to FOLLOWER at term 43 for recognizeCandidate:a7998a79-199c-44f4-b3c2-ea75c49d687d
2019-10-18 14:22:59,252 [grpc-default-executor-8] INFO  impl.RoleInfo (RoleInfo.java:shutdownFollowerState(121)) - 2d385246-963b-498d-9e2e-bc24e50fd0c7: shutdown FollowerState
2019-10-18 14:22:59,252 [grpc-default-executor-6] INFO  server.GrpcServerProtocolService (GrpcServerProtocolService.java:onCompleted(113)) - 2d385246-963b-498d-9e2e-bc24e50fd0c7: Completed APPEND_ENTRIES, lastRequest: ee386961-2337-4a8c-9c8d-dbca8671699a->2d385246-963b-498d-9e2e-bc24e50fd0c7#0-t2, previous=(t:0, i:0), leaderCommit=-1, initializing? false, entries: <empty>
2019-10-18 14:22:59,252 [Thread-867] INFO  impl.FollowerState (FollowerState.java:run(117)) - 2d385246-963b-498d-9e2e-bc24e50fd0c7@group-8175D73357F8-FollowerState was interrupted: java.lang.InterruptedException: sleep interrupted
2019-10-18 14:22:59,252 [grpc-default-executor-8] INFO  impl.RoleInfo (RoleInfo.java:updateAndGet(143)) - 2d385246-963b-498d-9e2e-bc24e50fd0c7: start FollowerState
2019-10-18 14:22:59,263 [grpc-default-executor-10] INFO  server.GrpcLogAppender (GrpcLogAppender.java:onCompleted(308)) - ee386961-2337-4a8c-9c8d-dbca8671699a@group-B8EEB2952F7B->2d385246-963b-498d-9e2e-bc24e50fd0c7-AppendLogResponseHandler: follower responses appendEntries COMPLETED
2019-10-18 14:22:59,263 [grpc-default-executor-4] INFO  impl.RaftServerImpl (RaftServerImpl.java:setRole(184)) - ee386961-2337-4a8c-9c8d-dbca8671699a@group-B8EEB2952F7B: changes role from  FOLLOWER to FOLLOWER at term 4 for recognizeCandidate:2d385246-963b-498d-9e2e-bc24e50fd0c7
2019-10-18 14:22:59,263 [grpc-default-executor-0] INFO  server.GrpcLogAppender (GrpcLogAppender.java:onCompleted(308)) - ee386961-2337-4a8c-9c8d-dbca8671699a@group-B8EEB2952F7B->a7998a79-199c-44f4-b3c2-ea75c49d687d-AppendLogResponseHandler: follower responses appendEntries COMPLETED
2019-10-18 14:22:59,264 [grpc-default-executor-4] INFO  impl.RoleInfo (RoleInfo.java:shutdownFollowerState(121)) - ee386961-2337-4a8c-9c8d-dbca8671699a: shutdown FollowerState
2019-10-18 14:22:59,266 [grpc-default-executor-4] INFO  impl.RoleInfo (RoleInfo.java:updateAndGet(143)) - ee386961-2337-4a8c-9c8d-dbca8671699a: start FollowerState
2019-10-18 14:22:59,266 [grpc-default-executor-10] INFO  impl.FollowerInfo (FollowerInfo.java:lambda$new$0(51)) - ee386961-2337-4a8c-9c8d-dbca8671699a@group-B8EEB2952F7B->2d385246-963b-498d-9e2e-bc24e50fd0c7: nextIndex: updateUnconditionally 0 -> 0
2019-10-18 14:22:59,266 [Thread-887] INFO  impl.FollowerState (FollowerState.java:run(117)) - ee386961-2337-4a8c-9c8d-dbca8671699a@group-B8EEB2952F7B-FollowerState was interrupted: java.lang.InterruptedException: sleep interrupted
2019-10-18 14:22:59,266 [a7998a79-199c-44f4-b3c2-ea75c49d687d@group-B8EEB2952F7B-LeaderElection55] INFO  impl.LeaderElection (LeaderElection.java:logAndReturn(56)) - a7998a79-199c-44f4-b3c2-ea75c49d687d@group-B8EEB2952F7B-LeaderElection55: Election REJECTED; received 2 response(s) [a7998a79-199c-44f4-b3c2-ea75c49d687d<-2d385246-963b-498d-9e2e-bc24e50fd0c7#0:FAIL-t4, a7998a79-199c-44f4-b3c2-ea75c49d687d<-ee386961-2337-4a8c-9c8d-dbca8671699a#0:FAIL-t4] and 0 exception(s); a7998a79-199c-44f4-b3c2-ea75c49d687d@group-B8EEB2952F7B:t4, leader=null, voted=a7998a79-199c-44f4-b3c2-ea75c49d687d, raftlog=a7998a79-199c-44f4-b3c2-ea75c49d687d@group-B8EEB2952F7B-SegmentedRaftLog:OPENED:c-1,f-1,i0, conf=-1: [a7998a79-199c-44f4-b3c2-ea75c49d687d:192.168.157.233:46825, 2d385246-963b-498d-9e2e-bc24e50fd0c7:192.168.157.233:40769, ee386961-2337-4a8c-9c8d-dbca8671699a:192.168.157.233:35014], old=null
2019-10-18 14:22:59,266 [grpc-default-executor-0] INFO  impl.FollowerInfo (FollowerInfo.java:lambda$new$0(51)) - ee386961-2337-4a8c-9c8d-dbca8671699a@group-B8EEB2952F7B->a7998a79-199c-44f4-b3c2-ea75c49d687d: nextIndex: updateUnconditionally 0 -> 0
2019-10-18 14:22:59,266 [a7998a79-199c-44f4-b3c2-ea75c49d687d@group-8175D73357F8-LeaderElection56] INFO  impl.LeaderElection (LeaderElection.java:logAndReturn(56)) - a7998a79-199c-44f4-b3c2-ea75c49d687d@group-8175D73357F8-LeaderElection56: Election REJECTED; received 2 response(s) [a7998a79-199c-44f4-b3c2-ea75c49d687d<-2d385246-963b-498d-9e2e-bc24e50fd0c7#0:FAIL-t43, a7998a79-199c-44f4-b3c2-ea75c49d687d<-ee386961-2337-4a8c-9c8d-dbca8671699a#0:FAIL-t43] and 0 exception(s); a7998a79-199c-44f4-b3c2-ea75c49d687d@group-8175D73357F8:t43, leader=null, voted=a7998a79-199c-44f4-b3c2-ea75c49d687d, raftlog=a7998a79-199c-44f4-b3c2-ea75c49d687d@group-8175D73357F8-SegmentedRaftLog:OPENED:c3,f4,i4, conf=0: [a7998a79-199c-44f4-b3c2-ea75c49d687d:192.168.157.233:46825, 2d385246-963b-498d-9e2e-bc24e50fd0c7:192.168.157.233:40769, ee386961-2337-4a8c-9c8d-dbca8671699a:192.168.157.233:35014], old=null
2019-10-18 14:22:59,266 [a7998a79-199c-44f4-b3c2-ea75c49d687d@group-B8EEB2952F7B-LeaderElection55] INFO  impl.RaftServerImpl (RaftServerImpl.java:setRole(184)) - a7998a79-199c-44f4-b3c2-ea75c49d687d@group-B8EEB2952F7B: changes role from CANDIDATE to FOLLOWER at term 4 for DISCOVERED_A_NEW_TERM
2019-10-18 14:22:59,267 [a7998a79-199c-44f4-b3c2-ea75c49d687d@group-8175D73357F8-LeaderElection56] INFO  impl.RaftServerImpl (RaftServerImpl.java:setRole(184)) - a7998a79-199c-44f4-b3c2-ea75c49d687d@group-8175D73357F8: changes role from CANDIDATE to FOLLOWER at term 43 for DISCOVERED_A_NEW_TERM
2019-10-18 14:22:59,267 [2d385246-963b-498d-9e2e-bc24e50fd0c7@group-B8EEB2952F7B-LeaderElection54] INFO  impl.LeaderElection (LeaderElection.java:logAndReturn(56)) - 2d385246-963b-498d-9e2e-bc24e50fd0c7@group-B8EEB2952F7B-LeaderElection54: Election REJECTED; received 2 response(s) [2d385246-963b-498d-9e2e-bc24e50fd0c7<-a7998a79-199c-44f4-b3c2-ea75c49d687d#0:FAIL-t4, 2d385246-963b-498d-9e2e-bc24e50fd0c7<-ee386961-2337-4a8c-9c8d-dbca8671699a#0:FAIL-t4] and 0 exception(s); 2d385246-963b-498d-9e2e-bc24e50fd0c7@group-B8EEB2952F7B:t4, leader=null, voted=2d385246-963b-498d-9e2e-bc24e50fd0c7, raftlog=2d385246-963b-498d-9e2e-bc24e50fd0c7@group-B8EEB2952F7B-SegmentedRaftLog:OPENED:c-1,f-1,i0, conf=-1: [a7998a79-199c-44f4-b3c2-ea75c49d687d:192.168.157.233:46825, 2d385246-963b-498d-9e2e-bc24e50fd0c7:192.168.157.233:40769, ee386961-2337-4a8c-9c8d-dbca8671699a:192.168.157.233:35014], old=null
2019-10-18 14:22:59,267 [a7998a79-199c-44f4-b3c2-ea75c49d687d@group-B8EEB2952F7B-LeaderElection55] INFO  impl.RoleInfo (RoleInfo.java:shutdownLeaderElection(134)) - a7998a79-199c-44f4-b3c2-ea75c49d687d: shutdown LeaderElection
2019-10-18 14:22:59,267 [2d385246-963b-498d-9e2e-bc24e50fd0c7@group-B8EEB2952F7B-LeaderElection54] INFO  impl.RaftServerImpl (RaftServerImpl.java:setRole(184)) - 2d385246-963b-498d-9e2e-bc24e50fd0c7@group-B8EEB2952F7B: changes role from CANDIDATE to FOLLOWER at term 4 for DISCOVERED_A_NEW_TERM
2019-10-18 14:22:59,267 [2d385246-963b-498d-9e2e-bc24e50fd0c7@group-B8EEB2952F7B-LeaderElection54] INFO  impl.RoleInfo (RoleInfo.java:shutdownLeaderElection(134)) - 2d385246-963b-498d-9e2e-bc24e50fd0c7: shutdown LeaderElection
2019-10-18 14:22:59,267 [a7998a79-199c-44f4-b3c2-ea75c49d687d@group-8175D73357F8-LeaderElection56] INFO  impl.RoleInfo (RoleInfo.java:shutdownLeaderElection(134)) - a7998a79-199c-44f4-b3c2-ea75c49d687d: shutdown LeaderElection
2019-10-18 14:22:59,267 [a7998a79-199c-44f4-b3c2-ea75c49d687d@group-B8EEB2952F7B-LeaderElection55] INFO  impl.RoleInfo (RoleInfo.java:updateAndGet(143)) - a7998a79-199c-44f4-b3c2-ea75c49d687d: start FollowerState
2019-10-18 14:22:59,268 [2d385246-963b-498d-9e2e-bc24e50fd0c7@group-B8EEB2952F7B-LeaderElection54] INFO  impl.RoleInfo (RoleInfo.java:updateAndGet(143)) - 2d385246-963b-498d-9e2e-bc24e50fd0c7: start FollowerState
2019-10-18 14:22:59,268 [a7998a79-199c-44f4-b3c2-ea75c49d687d@group-8175D73357F8-LeaderElection56] INFO  impl.RoleInfo (RoleInfo.java:updateAndGet(143)) - a7998a79-199c-44f4-b3c2-ea75c49d687d: start FollowerState
2019-10-18 14:22:59,337 [Thread-891] INFO  impl.FollowerState (FollowerState.java:run(108)) - a7998a79-199c-44f4-b3c2-ea75c49d687d@group-B8EEB2952F7B-FollowerState: change to CANDIDATE, lastRpcTime:69ms, electionTimeout:69ms
2019-10-18 14:22:59,337 [Thread-891] INFO  impl.RoleInfo (RoleInfo.java:shutdownFollowerState(121)) - a7998a79-199c-44f4-b3c2-ea75c49d687d: shutdown FollowerState
2019-10-18 14:22:59,337 [Thread-891] INFO  impl.RaftServerImpl (RaftServerImpl.java:setRole(184)) - a7998a79-199c-44f4-b3c2-ea75c49d687d@group-B8EEB2952F7B: changes role from  FOLLOWER to CANDIDATE at term 4 for changeToCandidate
2019-10-18 14:22:59,338 [Thread-891] INFO  impl.RoleInfo (RoleInfo.java:updateAndGet(143)) - a7998a79-199c-44f4-b3c2-ea75c49d687d: start LeaderElection
2019-10-18 14:22:59,352 [a7998a79-199c-44f4-b3c2-ea75c49d687d@group-B8EEB2952F7B-LeaderElection57] INFO  impl.LeaderElection (LeaderElection.java:askForVotes(178)) - a7998a79-199c-44f4-b3c2-ea75c49d687d@group-B8EEB2952F7B-LeaderElection57: begin an election at term 5 for -1: [a7998a79-199c-44f4-b3c2-ea75c49d687d:192.168.157.233:46825, 2d385246-963b-498d-9e2e-bc24e50fd0c7:192.168.157.233:40769, ee386961-2337-4a8c-9c8d-dbca8671699a:192.168.157.233:35014], old=null
2019-10-18 14:22:59,354 [grpc-default-executor-0] INFO  impl.RaftServerImpl (RaftServerImpl.java:setRole(184)) - 2d385246-963b-498d-9e2e-bc24e50fd0c7@group-B8EEB2952F7B: changes role from  FOLLOWER to FOLLOWER at term 5 for recognizeCandidate:a7998a79-199c-44f4-b3c2-ea75c49d687d
2019-10-18 14:22:59,354 [grpc-default-executor-0] INFO  impl.RoleInfo (RoleInfo.java:shutdownFollowerState(121)) - 2d385246-963b-498d-9e2e-bc24e50fd0c7: shutdown FollowerState
2019-10-18 14:22:59,354 [grpc-default-executor-0] INFO  impl.RoleInfo (RoleInfo.java:updateAndGet(143)) - 2d385246-963b-498d-9e2e-bc24e50fd0c7: start FollowerState
2019-10-18 14:22:59,354 [Thread-892] INFO  impl.FollowerState (FollowerState.java:run(117)) - 2d385246-963b-498d-9e2e-bc24e50fd0c7@group-B8EEB2952F7B-FollowerState was interrupted: java.lang.InterruptedException: sleep interrupted
2019-10-18 14:22:59,354 [grpc-default-executor-4] INFO  impl.RaftServerImpl (RaftServerImpl.java:setRole(184)) - ee386961-2337-4a8c-9c8d-dbca8671699a@group-B8EEB2952F7B: changes role from  FOLLOWER to FOLLOWER at term 5 for recognizeCandidate:a7998a79-199c-44f4-b3c2-ea75c49d687d
2019-10-18 14:22:59,355 [grpc-default-executor-4] INFO  impl.RoleInfo (RoleInfo.java:shutdownFollowerState(121)) - ee386961-2337-4a8c-9c8d-dbca8671699a: shutdown FollowerState
2019-10-18 14:22:59,355 [grpc-default-executor-4] INFO  impl.RoleInfo (RoleInfo.java:updateAndGet(143)) - ee386961-2337-4a8c-9c8d-dbca8671699a: start FollowerState
2019-10-18 14:22:59,355 [Thread-890] INFO  impl.FollowerState (FollowerState.java:run(117)) - ee386961-2337-4a8c-9c8d-dbca8671699a@group-B8EEB2952F7B-FollowerState was interrupted: java.lang.InterruptedException: sleep interrupted
2019-10-18 14:22:59,360 [a7998a79-199c-44f4-b3c2-ea75c49d687d@group-B8EEB2952F7B-LeaderElection57] INFO  impl.LeaderElection (LeaderElection.java:logAndReturn(56)) - a7998a79-199c-44f4-b3c2-ea75c49d687d@group-B8EEB2952F7B-LeaderElection57: Election TIMEOUT; received 0 response(s) [] and 0 exception(s); a7998a79-199c-44f4-b3c2-ea75c49d687d@group-B8EEB2952F7B:t5, leader=null, voted=a7998a79-199c-44f4-b3c2-ea75c49d687d, raftlog=a7998a79-199c-44f4-b3c2-ea75c49d687d@group-B8EEB2952F7B-SegmentedRaftLog:OPENED:c-1,f-1,i0, conf=-1: [a7998a79-199c-44f4-b3c2-ea75c49d687d:192.168.157.233:46825, 2d385246-963b-498d-9e2e-bc24e50fd0c7:192.168.157.233:40769, ee386961-2337-4a8c-9c8d-dbca8671699a:192.168.157.233:35014], old=null
2019-10-18 14:22:59,361 [EventQueue-PendingDeleteStatusForPendingDeleteHandler] INFO  block.SCMBlockDeletingService (SCMBlockDeletingService.java:handlePendingDeletes(115)) - Block deletion txnID mismatch in datanode a7998a79-199c-44f4-b3c2-ea75c49d687d for containerID 1. Datanode delete txnID: 0, SCM txnID: 1
2019-10-18 14:22:59,368 [a7998a79-199c-44f4-b3c2-ea75c49d687d@group-B8EEB2952F7B-LeaderElection57] INFO  impl.LeaderElection (LeaderElection.java:askForVotes(178)) - a7998a79-199c-44f4-b3c2-ea75c49d687d@group-B8EEB2952F7B-LeaderElection57: begin an election at term 6 for -1: [a7998a79-199c-44f4-b3c2-ea75c49d687d:192.168.157.233:46825, 2d385246-963b-498d-9e2e-bc24e50fd0c7:192.168.157.233:40769, ee386961-2337-4a8c-9c8d-dbca8671699a:192.168.157.233:35014], old=null
2019-10-18 14:22:59,370 [Thread-897] INFO  impl.FollowerState (FollowerState.java:run(108)) - 2d385246-963b-498d-9e2e-bc24e50fd0c7@group-B8EEB2952F7B-FollowerState: change to CANDIDATE, lastRpcTime:15ms, electionTimeout:15ms
2019-10-18 14:22:59,370 [grpc-default-executor-4] INFO  impl.RaftServerImpl (RaftServerImpl.java:setRole(184)) - ee386961-2337-4a8c-9c8d-dbca8671699a@group-B8EEB2952F7B: changes role from  FOLLOWER to FOLLOWER at term 6 for recognizeCandidate:a7998a79-199c-44f4-b3c2-ea75c49d687d
2019-10-18 14:22:59,370 [grpc-default-executor-4] INFO  impl.RoleInfo (RoleInfo.java:shutdownFollowerState(121)) - ee386961-2337-4a8c-9c8d-dbca8671699a: shutdown FollowerState
2019-10-18 14:22:59,370 [Thread-897] INFO  impl.RoleInfo (RoleInfo.java:shutdownFollowerState(121)) - 2d385246-963b-498d-9e2e-bc24e50fd0c7: shutdown FollowerState
2019-10-18 14:22:59,370 [Thread-898] INFO  impl.FollowerState (FollowerState.java:run(117)) - ee386961-2337-4a8c-9c8d-dbca8671699a@group-B8EEB2952F7B-FollowerState was interrupted: java.lang.InterruptedException: sleep interrupted
2019-10-18 14:22:59,370 [grpc-default-executor-4] INFO  impl.RoleInfo (RoleInfo.java:updateAndGet(143)) - ee386961-2337-4a8c-9c8d-dbca8671699a: start FollowerState
2019-10-18 14:22:59,370 [Thread-897] INFO  impl.RaftServerImpl (RaftServerImpl.java:setRole(184)) - 2d385246-963b-498d-9e2e-bc24e50fd0c7@group-B8EEB2952F7B: changes role from  FOLLOWER to CANDIDATE at term 5 for changeToCandidate
2019-10-18 14:22:59,371 [Thread-897] INFO  impl.RoleInfo (RoleInfo.java:updateAndGet(143)) - 2d385246-963b-498d-9e2e-bc24e50fd0c7: start LeaderElection
2019-10-18 14:22:59,371 [grpc-default-executor-0] INFO  impl.RaftServerImpl (RaftServerImpl.java:setRole(184)) - 2d385246-963b-498d-9e2e-bc24e50fd0c7@group-B8EEB2952F7B: changes role from CANDIDATE to FOLLOWER at term 6 for recognizeCandidate:a7998a79-199c-44f4-b3c2-ea75c49d687d
2019-10-18 14:22:59,371 [grpc-default-executor-0] INFO  impl.RoleInfo (RoleInfo.java:shutdownLeaderElection(134)) - 2d385246-963b-498d-9e2e-bc24e50fd0c7: shutdown LeaderElection
2019-10-18 14:22:59,371 [grpc-default-executor-0] INFO  impl.RoleInfo (RoleInfo.java:updateAndGet(143)) - 2d385246-963b-498d-9e2e-bc24e50fd0c7: start FollowerState
2019-10-18 14:22:59,385 [a7998a79-199c-44f4-b3c2-ea75c49d687d@group-B8EEB2952F7B-LeaderElection57] INFO  impl.LeaderElection (LeaderElection.java:logAndReturn(56)) - a7998a79-199c-44f4-b3c2-ea75c49d687d@group-B8EEB2952F7B-LeaderElection57: Election REJECTED; received 2 response(s) [a7998a79-199c-44f4-b3c2-ea75c49d687d<-2d385246-963b-498d-9e2e-bc24e50fd0c7#0:FAIL-t6, a7998a79-199c-44f4-b3c2-ea75c49d687d<-ee386961-2337-4a8c-9c8d-dbca8671699a#0:FAIL-t6] and 0 exception(s); a7998a79-199c-44f4-b3c2-ea75c49d687d@group-B8EEB2952F7B:t6, leader=null, voted=a7998a79-199c-44f4-b3c2-ea75c49d687d, raftlog=a7998a79-199c-44f4-b3c2-ea75c49d687d@group-B8EEB2952F7B-SegmentedRaftLog:OPENED:c-1,f-1,i0, conf=-1: [a7998a79-199c-44f4-b3c2-ea75c49d687d:192.168.157.233:46825, 2d385246-963b-498d-9e2e-bc24e50fd0c7:192.168.157.233:40769, ee386961-2337-4a8c-9c8d-dbca8671699a:192.168.157.233:35014], old=null
2019-10-18 14:22:59,385 [a7998a79-199c-44f4-b3c2-ea75c49d687d@group-B8EEB2952F7B-LeaderElection57] INFO  impl.RaftServerImpl (RaftServerImpl.java:setRole(184)) - a7998a79-199c-44f4-b3c2-ea75c49d687d@group-B8EEB2952F7B: changes role from CANDIDATE to FOLLOWER at term 6 for DISCOVERED_A_NEW_TERM
2019-10-18 14:22:59,385 [a7998a79-199c-44f4-b3c2-ea75c49d687d@group-B8EEB2952F7B-LeaderElection57] INFO  impl.RoleInfo (RoleInfo.java:shutdownLeaderElection(134)) - a7998a79-199c-44f4-b3c2-ea75c49d687d: shutdown LeaderElection
2019-10-18 14:22:59,385 [a7998a79-199c-44f4-b3c2-ea75c49d687d@group-B8EEB2952F7B-LeaderElection57] INFO  impl.RoleInfo (RoleInfo.java:updateAndGet(143)) - a7998a79-199c-44f4-b3c2-ea75c49d687d: start FollowerState
2019-10-18 14:22:59,396 [2d385246-963b-498d-9e2e-bc24e50fd0c7@group-B8EEB2952F7B-LeaderElection58] INFO  impl.LeaderElection (LeaderElection.java:askForVotes(178)) - 2d385246-963b-498d-9e2e-bc24e50fd0c7@group-B8EEB2952F7B-LeaderElection58: begin an election at term 7 for -1: [a7998a79-199c-44f4-b3c2-ea75c49d687d:192.168.157.233:46825, 2d385246-963b-498d-9e2e-bc24e50fd0c7:192.168.157.233:40769, ee386961-2337-4a8c-9c8d-dbca8671699a:192.168.157.233:35014], old=null
2019-10-18 14:22:59,397 [2d385246-963b-498d-9e2e-bc24e50fd0c7@group-B8EEB2952F7B-LeaderElection58] INFO  impl.LeaderElection (LeaderElection.java:logAndReturn(56)) - 2d385246-963b-498d-9e2e-bc24e50fd0c7@group-B8EEB2952F7B-LeaderElection58: Election REJECTED; received 0 response(s) [] and 0 exception(s); 2d385246-963b-498d-9e2e-bc24e50fd0c7@group-B8EEB2952F7B:t7, leader=null, voted=2d385246-963b-498d-9e2e-bc24e50fd0c7, raftlog=2d385246-963b-498d-9e2e-bc24e50fd0c7@group-B8EEB2952F7B-SegmentedRaftLog:OPENED:c-1,f-1,i0, conf=-1: [a7998a79-199c-44f4-b3c2-ea75c49d687d:192.168.157.233:46825, 2d385246-963b-498d-9e2e-bc24e50fd0c7:192.168.157.233:40769, ee386961-2337-4a8c-9c8d-dbca8671699a:192.168.157.233:35014], old=null
2019-10-18 14:22:59,398 [grpc-default-executor-0] INFO  impl.RaftServerImpl (RaftServerImpl.java:setRole(184)) - ee386961-2337-4a8c-9c8d-dbca8671699a@group-B8EEB2952F7B: changes role from  FOLLOWER to FOLLOWER at term 7 for recognizeCandidate:2d385246-963b-498d-9e2e-bc24e50fd0c7
2019-10-18 14:22:59,398 [grpc-default-executor-0] INFO  impl.RoleInfo (RoleInfo.java:shutdownFollowerState(121)) - ee386961-2337-4a8c-9c8d-dbca8671699a: shutdown FollowerState
2019-10-18 14:22:59,398 [grpc-default-executor-4] INFO  impl.RaftServerImpl (RaftServerImpl.java:setRole(184)) - a7998a79-199c-44f4-b3c2-ea75c49d687d@group-B8EEB2952F7B: changes role from  FOLLOWER to FOLLOWER at term 7 for recognizeCandidate:2d385246-963b-498d-9e2e-bc24e50fd0c7
2019-10-18 14:22:59,398 [grpc-default-executor-0] INFO  impl.RoleInfo (RoleInfo.java:updateAndGet(143)) - ee386961-2337-4a8c-9c8d-dbca8671699a: start FollowerState
2019-10-18 14:22:59,398 [Thread-901] INFO  impl.FollowerState (FollowerState.java:run(117)) - ee386961-2337-4a8c-9c8d-dbca8671699a@group-B8EEB2952F7B-FollowerState was interrupted: java.lang.InterruptedException: sleep interrupted
2019-10-18 14:22:59,399 [grpc-default-executor-4] INFO  impl.RoleInfo (RoleInfo.java:shutdownFollowerState(121)) - a7998a79-199c-44f4-b3c2-ea75c49d687d: shutdown FollowerState
2019-10-18 14:22:59,399 [grpc-default-executor-4] INFO  impl.RoleInfo (RoleInfo.java:updateAndGet(143)) - a7998a79-199c-44f4-b3c2-ea75c49d687d: start FollowerState
2019-10-18 14:22:59,399 [Thread-904] INFO  impl.FollowerState (FollowerState.java:run(117)) - a7998a79-199c-44f4-b3c2-ea75c49d687d@group-B8EEB2952F7B-FollowerState was interrupted: java.lang.InterruptedException: sleep interrupted
2019-10-18 14:22:59,408 [pool-7-thread-3] INFO  commands.RetriableDatanodeEventWatcher (RetriableDatanodeEventWatcher.java:onTimeout(47)) - RetriableDatanodeCommand type=deleteBlocksCommand with id=1571408571409 timed out. Retrying.
2019-10-18 14:22:59,409 [pool-7-thread-3] INFO  commands.RetriableDatanodeEventWatcher (RetriableDatanodeEventWatcher.java:onTimeout(47)) - RetriableDatanodeCommand type=deleteBlocksCommand with id=1571408571401 timed out. Retrying.
2019-10-18 14:22:59,409 [pool-7-thread-6] INFO  commands.RetriableDatanodeEventWatcher (RetriableDatanodeEventWatcher.java:onTimeout(47)) - RetriableDatanodeCommand type=deleteBlocksCommand with id=1571408571405 timed out. Retrying.
2019-10-18 14:22:59,409 [pool-7-thread-1] INFO  commands.RetriableDatanodeEventWatcher (RetriableDatanodeEventWatcher.java:onTimeout(47)) - RetriableDatanodeCommand type=deleteBlocksCommand with id=1571408571404 timed out. Retrying.
2019-10-18 14:22:59,409 [SCMBlockDeletingService#1] INFO  block.SCMBlockDeletingService (SCMBlockDeletingService.java:call(184)) - Totally added 1 delete blocks command for 1 datanodes, task elapsed time: 1ms
2019-10-18 14:22:59,409 [pool-7-thread-1] INFO  commands.RetriableDatanodeEventWatcher (RetriableDatanodeEventWatcher.java:onTimeout(47)) - RetriableDatanodeCommand type=deleteBlocksCommand with id=1571408571408 timed out. Retrying.
2019-10-18 14:22:59,410 [pool-7-thread-4] INFO  commands.RetriableDatanodeEventWatcher (RetriableDatanodeEventWatcher.java:onTimeout(47)) - RetriableDatanodeCommand type=deleteBlocksCommand with id=1571408571407 timed out. Retrying.
2019-10-18 14:22:59,410 [pool-7-thread-3] INFO  commands.RetriableDatanodeEventWatcher (RetriableDatanodeEventWatcher.java:onTimeout(47)) - RetriableDatanodeCommand type=deleteBlocksCommand with id=1571408571406 timed out. Retrying.
2019-10-18 14:22:59,410 [pool-7-thread-6] INFO  commands.RetriableDatanodeEventWatcher (RetriableDatanodeEventWatcher.java:onTimeout(47)) - RetriableDatanodeCommand type=deleteBlocksCommand with id=1571408571403 timed out. Retrying.
2019-10-18 14:22:59,412 [Thread-908] INFO  impl.FollowerState (FollowerState.java:run(108)) - a7998a79-199c-44f4-b3c2-ea75c49d687d@group-B8EEB2952F7B-FollowerState: change to CANDIDATE, lastRpcTime:12ms, electionTimeout:7ms
2019-10-18 14:22:59,412 [Thread-908] INFO  impl.RoleInfo (RoleInfo.java:shutdownFollowerState(121)) - a7998a79-199c-44f4-b3c2-ea75c49d687d: shutdown FollowerState
2019-10-18 14:22:59,412 [Thread-908] INFO  impl.RaftServerImpl (RaftServerImpl.java:setRole(184)) - a7998a79-199c-44f4-b3c2-ea75c49d687d@group-B8EEB2952F7B: changes role from  FOLLOWER to CANDIDATE at term 7 for changeToCandidate
2019-10-18 14:22:59,412 [Thread-908] INFO  impl.RoleInfo (RoleInfo.java:updateAndGet(143)) - a7998a79-199c-44f4-b3c2-ea75c49d687d: start LeaderElection
2019-10-18 14:22:59,425 [a7998a79-199c-44f4-b3c2-ea75c49d687d@group-B8EEB2952F7B-LeaderElection59] INFO  impl.LeaderElection (LeaderElection.java:askForVotes(178)) - a7998a79-199c-44f4-b3c2-ea75c49d687d@group-B8EEB2952F7B-LeaderElection59: begin an election at term 8 for -1: [a7998a79-199c-44f4-b3c2-ea75c49d687d:192.168.157.233:46825, 2d385246-963b-498d-9e2e-bc24e50fd0c7:192.168.157.233:40769, ee386961-2337-4a8c-9c8d-dbca8671699a:192.168.157.233:35014], old=null
2019-10-18 14:22:59,427 [grpc-default-executor-4] INFO  impl.RaftServerImpl (RaftServerImpl.java:setRole(184)) - ee386961-2337-4a8c-9c8d-dbca8671699a@group-B8EEB2952F7B: changes role from  FOLLOWER to FOLLOWER at term 8 for recognizeCandidate:a7998a79-199c-44f4-b3c2-ea75c49d687d
2019-10-18 14:22:59,427 [grpc-default-executor-4] INFO  impl.RoleInfo (RoleInfo.java:shutdownFollowerState(121)) - ee386961-2337-4a8c-9c8d-dbca8671699a: shutdown FollowerState
2019-10-18 14:22:59,427 [grpc-default-executor-0] INFO  impl.RaftServerImpl (RaftServerImpl.java:setRole(184)) - 2d385246-963b-498d-9e2e-bc24e50fd0c7@group-B8EEB2952F7B: changes role from  FOLLOWER to FOLLOWER at term 8 for recognizeCandidate:a7998a79-199c-44f4-b3c2-ea75c49d687d
2019-10-18 14:22:59,427 [Thread-907] INFO  impl.FollowerState (FollowerState.java:run(117)) - ee386961-2337-4a8c-9c8d-dbca8671699a@group-B8EEB2952F7B-FollowerState was interrupted: java.lang.InterruptedException: sleep interrupted
2019-10-18 14:22:59,427 [grpc-default-executor-4] INFO  impl.RoleInfo (RoleInfo.java:updateAndGet(143)) - ee386961-2337-4a8c-9c8d-dbca8671699a: start FollowerState
2019-10-18 14:22:59,427 [grpc-default-executor-0] INFO  impl.RoleInfo (RoleInfo.java:shutdownFollowerState(121)) - 2d385246-963b-498d-9e2e-bc24e50fd0c7: shutdown FollowerState
2019-10-18 14:22:59,428 [grpc-default-executor-0] INFO  impl.RoleInfo (RoleInfo.java:updateAndGet(143)) - 2d385246-963b-498d-9e2e-bc24e50fd0c7: start FollowerState
2019-10-18 14:22:59,428 [Thread-903] INFO  impl.FollowerState (FollowerState.java:run(117)) - 2d385246-963b-498d-9e2e-bc24e50fd0c7@group-B8EEB2952F7B-FollowerState was interrupted: java.lang.InterruptedException: sleep interrupted
2019-10-18 14:22:59,445 [a7998a79-199c-44f4-b3c2-ea75c49d687d@group-B8EEB2952F7B-LeaderElection59] INFO  impl.LeaderElection (LeaderElection.java:logAndReturn(56)) - a7998a79-199c-44f4-b3c2-ea75c49d687d@group-B8EEB2952F7B-LeaderElection59: Election PASSED; received 2 response(s) [a7998a79-199c-44f4-b3c2-ea75c49d687d<-2d385246-963b-498d-9e2e-bc24e50fd0c7#0:OK-t8, a7998a79-199c-44f4-b3c2-ea75c49d687d<-ee386961-2337-4a8c-9c8d-dbca8671699a#0:FAIL-t8] and 0 exception(s); a7998a79-199c-44f4-b3c2-ea75c49d687d@group-B8EEB2952F7B:t8, leader=null, voted=a7998a79-199c-44f4-b3c2-ea75c49d687d, raftlog=a7998a79-199c-44f4-b3c2-ea75c49d687d@group-B8EEB2952F7B-SegmentedRaftLog:OPENED:c-1,f-1,i0, conf=-1: [a7998a79-199c-44f4-b3c2-ea75c49d687d:192.168.157.233:46825, 2d385246-963b-498d-9e2e-bc24e50fd0c7:192.168.157.233:40769, ee386961-2337-4a8c-9c8d-dbca8671699a:192.168.157.233:35014], old=null
2019-10-18 14:22:59,446 [a7998a79-199c-44f4-b3c2-ea75c49d687d@group-B8EEB2952F7B-LeaderElection59] INFO  impl.RoleInfo (RoleInfo.java:shutdownLeaderElection(134)) - a7998a79-199c-44f4-b3c2-ea75c49d687d: shutdown LeaderElection
2019-10-18 14:22:59,446 [a7998a79-199c-44f4-b3c2-ea75c49d687d@group-B8EEB2952F7B-LeaderElection59] INFO  impl.RaftServerImpl (RaftServerImpl.java:setRole(184)) - a7998a79-199c-44f4-b3c2-ea75c49d687d@group-B8EEB2952F7B: changes role from CANDIDATE to LEADER at term 8 for changeToLeader
2019-10-18 14:22:59,446 [a7998a79-199c-44f4-b3c2-ea75c49d687d@group-B8EEB2952F7B-LeaderElection59] INFO  impl.RaftServerImpl (ServerState.java:setLeader(256)) - a7998a79-199c-44f4-b3c2-ea75c49d687d@group-B8EEB2952F7B: change Leader from null to a7998a79-199c-44f4-b3c2-ea75c49d687d at term 8 for becomeLeader, leader elected after 457ms
2019-10-18 14:22:59,446 [a7998a79-199c-44f4-b3c2-ea75c49d687d@group-B8EEB2952F7B-LeaderElection59] INFO  server.RaftServerConfigKeys (ConfUtils.java:logGet(43)) - raft.server.staging.catchup.gap = 1000 (default)
2019-10-18 14:22:59,446 [a7998a79-199c-44f4-b3c2-ea75c49d687d@group-B8EEB2952F7B-LeaderElection59] INFO  server.RaftServerConfigKeys (ConfUtils.java:logGet(43)) - raft.server.rpc.sleep.time = 25ms (default)
2019-10-18 14:22:59,446 [a7998a79-199c-44f4-b3c2-ea75c49d687d@group-B8EEB2952F7B-LeaderElection59] INFO  server.RaftServerConfigKeys (ConfUtils.java:logGet(43)) - raft.server.write.element-limit = 4096 (default)
2019-10-18 14:22:59,447 [a7998a79-199c-44f4-b3c2-ea75c49d687d@group-B8EEB2952F7B-LeaderElection59] INFO  server.RaftServerConfigKeys (ConfUtils.java:logGet(43)) - raft.server.watch.timeout = 10s (default)
2019-10-18 14:22:59,447 [a7998a79-199c-44f4-b3c2-ea75c49d687d@group-B8EEB2952F7B-LeaderElection59] INFO  server.RaftServerConfigKeys (ConfUtils.java:logGet(43)) - raft.server.watch.timeout.denomination = 1s (default)
2019-10-18 14:22:59,447 [a7998a79-199c-44f4-b3c2-ea75c49d687d@group-B8EEB2952F7B-LeaderElection59] INFO  server.RaftServerConfigKeys (ConfUtils.java:logGet(43)) - raft.server.watch.element-limit = 65536 (default)
2019-10-18 14:22:59,450 [a7998a79-199c-44f4-b3c2-ea75c49d687d@group-B8EEB2952F7B-LeaderElection59] INFO  server.RaftServerConfigKeys (ConfUtils.java:logGet(43)) - raft.server.log.appender.snapshot.chunk.size.max = 16MB (=16777216) (default)
2019-10-18 14:22:59,450 [a7998a79-199c-44f4-b3c2-ea75c49d687d@group-B8EEB2952F7B-LeaderElection59] INFO  server.RaftServerConfigKeys (ConfUtils.java:logGet(43)) - raft.server.log.appender.buffer.byte-limit = 33554432 (custom)
2019-10-18 14:22:59,451 [a7998a79-199c-44f4-b3c2-ea75c49d687d@group-B8EEB2952F7B-LeaderElection59] INFO  server.RaftServerConfigKeys (ConfUtils.java:logGet(43)) - raft.server.log.appender.buffer.element-limit = 1 (custom)
2019-10-18 14:22:59,451 [a7998a79-199c-44f4-b3c2-ea75c49d687d@group-B8EEB2952F7B-LeaderElection59] INFO  grpc.GrpcConfigKeys$Server (ConfUtils.java:logGet(43)) - raft.grpc.server.leader.outstanding.appends.max = 128 (default)
2019-10-18 14:22:59,451 [a7998a79-199c-44f4-b3c2-ea75c49d687d@group-B8EEB2952F7B-LeaderElection59] INFO  server.RaftServerConfigKeys (ConfUtils.java:logGet(43)) - raft.server.rpc.request.timeout = 3000ms (default)
2019-10-18 14:22:59,451 [a7998a79-199c-44f4-b3c2-ea75c49d687d@group-B8EEB2952F7B-LeaderElection59] INFO  server.RaftServerConfigKeys (ConfUtils.java:logGet(43)) - raft.server.log.appender.install.snapshot.enabled = false (custom)
2019-10-18 14:22:59,454 [a7998a79-199c-44f4-b3c2-ea75c49d687d@group-B8EEB2952F7B-LeaderElection59] INFO  server.RaftServerConfigKeys (ConfUtils.java:logGet(43)) - raft.server.log.appender.snapshot.chunk.size.max = 16MB (=16777216) (default)
2019-10-18 14:22:59,454 [a7998a79-199c-44f4-b3c2-ea75c49d687d@group-B8EEB2952F7B-LeaderElection59] INFO  server.RaftServerConfigKeys (ConfUtils.java:logGet(43)) - raft.server.log.appender.buffer.byte-limit = 33554432 (custom)
2019-10-18 14:22:59,454 [a7998a79-199c-44f4-b3c2-ea75c49d687d@group-B8EEB2952F7B-LeaderElection59] INFO  server.RaftServerConfigKeys (ConfUtils.java:logGet(43)) - raft.server.log.appender.buffer.element-limit = 1 (custom)
2019-10-18 14:22:59,454 [a7998a79-199c-44f4-b3c2-ea75c49d687d@group-B8EEB2952F7B-LeaderElection59] INFO  grpc.GrpcConfigKeys$Server (ConfUtils.java:logGet(43)) - raft.grpc.server.leader.outstanding.appends.max = 128 (default)
2019-10-18 14:22:59,455 [a7998a79-199c-44f4-b3c2-ea75c49d687d@group-B8EEB2952F7B-LeaderElection59] INFO  server.RaftServerConfigKeys (ConfUtils.java:logGet(43)) - raft.server.rpc.request.timeout = 3000ms (default)
2019-10-18 14:22:59,455 [a7998a79-199c-44f4-b3c2-ea75c49d687d@group-B8EEB2952F7B-LeaderElection59] INFO  server.RaftServerConfigKeys (ConfUtils.java:logGet(43)) - raft.server.log.appender.install.snapshot.enabled = false (custom)
2019-10-18 14:22:59,457 [a7998a79-199c-44f4-b3c2-ea75c49d687d@group-B8EEB2952F7B-LeaderElection59] INFO  impl.RoleInfo (RoleInfo.java:updateAndGet(143)) - a7998a79-199c-44f4-b3c2-ea75c49d687d: start LeaderState
2019-10-18 14:22:59,457 [a7998a79-199c-44f4-b3c2-ea75c49d687d@group-B8EEB2952F7B-LeaderElection59] INFO  segmented.SegmentedRaftLogWorker (SegmentedRaftLogWorker.java:startLogSegment(385)) - a7998a79-199c-44f4-b3c2-ea75c49d687d@group-B8EEB2952F7B-SegmentedRaftLogWorker: Starting segment from index:0
2019-10-18 14:22:59,458 [a7998a79-199c-44f4-b3c2-ea75c49d687d@group-B8EEB2952F7B-LeaderElection59] INFO  impl.RaftServerImpl (ServerState.java:setRaftConf(357)) - a7998a79-199c-44f4-b3c2-ea75c49d687d@group-B8EEB2952F7B: set configuration 0: [a7998a79-199c-44f4-b3c2-ea75c49d687d:192.168.157.233:46825, 2d385246-963b-498d-9e2e-bc24e50fd0c7:192.168.157.233:40769, ee386961-2337-4a8c-9c8d-dbca8671699a:192.168.157.233:35014], old=null at 0
2019-10-18 14:22:59,483 [Thread-913] INFO  impl.FollowerState (FollowerState.java:run(108)) - 2d385246-963b-498d-9e2e-bc24e50fd0c7@group-B8EEB2952F7B-FollowerState: change to CANDIDATE, lastRpcTime:55ms, electionTimeout:54ms
2019-10-18 14:22:59,483 [Thread-893] INFO  impl.FollowerState (FollowerState.java:run(108)) - a7998a79-199c-44f4-b3c2-ea75c49d687d@group-8175D73357F8-FollowerState: change to CANDIDATE, lastRpcTime:215ms, electionTimeout:193ms
2019-10-18 14:22:59,483 [Thread-913] INFO  impl.RoleInfo (RoleInfo.java:shutdownFollowerState(121)) - 2d385246-963b-498d-9e2e-bc24e50fd0c7: shutdown FollowerState
2019-10-18 14:22:59,484 [Thread-893] INFO  impl.RoleInfo (RoleInfo.java:shutdownFollowerState(121)) - a7998a79-199c-44f4-b3c2-ea75c49d687d: shutdown FollowerState
2019-10-18 14:22:59,484 [Thread-913] INFO  impl.RaftServerImpl (RaftServerImpl.java:setRole(184)) - 2d385246-963b-498d-9e2e-bc24e50fd0c7@group-B8EEB2952F7B: changes role from  FOLLOWER to CANDIDATE at term 8 for changeToCandidate
2019-10-18 14:22:59,484 [Thread-893] INFO  impl.RaftServerImpl (RaftServerImpl.java:setRole(184)) - a7998a79-199c-44f4-b3c2-ea75c49d687d@group-8175D73357F8: changes role from  FOLLOWER to CANDIDATE at term 43 for changeToCandidate
2019-10-18 14:22:59,484 [Thread-913] INFO  impl.RoleInfo (RoleInfo.java:updateAndGet(143)) - 2d385246-963b-498d-9e2e-bc24e50fd0c7: start LeaderElection
2019-10-18 14:22:59,484 [Thread-893] INFO  impl.RoleInfo (RoleInfo.java:updateAndGet(143)) - a7998a79-199c-44f4-b3c2-ea75c49d687d: start LeaderElection
2019-10-18 14:22:59,486 [grpc-default-executor-0] INFO  impl.RaftServerImpl (ServerState.java:setLeader(256)) - ee386961-2337-4a8c-9c8d-dbca8671699a@group-B8EEB2952F7B: change Leader from null to a7998a79-199c-44f4-b3c2-ea75c49d687d at term 8 for appendEntries, leader elected after 250ms
2019-10-18 14:22:59,489 [grpc-default-executor-0] INFO  impl.RaftServerImpl (ServerState.java:setRaftConf(357)) - ee386961-2337-4a8c-9c8d-dbca8671699a@group-B8EEB2952F7B: set configuration 0: [a7998a79-199c-44f4-b3c2-ea75c49d687d:192.168.157.233:46825, 2d385246-963b-498d-9e2e-bc24e50fd0c7:192.168.157.233:40769, ee386961-2337-4a8c-9c8d-dbca8671699a:192.168.157.233:35014], old=null at 0
2019-10-18 14:22:59,490 [grpc-default-executor-0] INFO  segmented.SegmentedRaftLogWorker (SegmentedRaftLogWorker.java:truncate(401)) - ee386961-2337-4a8c-9c8d-dbca8671699a@group-B8EEB2952F7B-SegmentedRaftLogWorker: Truncating segments toTruncate: null
  toDelete: [(0, 0) isOpen? true, length=0, newEndIndex=-1], start index 0
2019-10-18 14:22:59,490 [grpc-default-executor-0] INFO  segmented.SegmentedRaftLogWorker (SegmentedRaftLogWorker.java:startLogSegment(385)) - ee386961-2337-4a8c-9c8d-dbca8671699a@group-B8EEB2952F7B-SegmentedRaftLogWorker: Starting segment from index:0
2019-10-18 14:22:59,490 [ee386961-2337-4a8c-9c8d-dbca8671699a@group-B8EEB2952F7B-SegmentedRaftLogWorker] INFO  segmented.SegmentedRaftLogWorker (SegmentedRaftLogWorker.java:execute(640)) - ee386961-2337-4a8c-9c8d-dbca8671699a@group-B8EEB2952F7B-SegmentedRaftLogWorker: Deleted log file /workdir/hadoop-ozone/integration-test/target/test-dir/MiniOzoneClusterImpl-b1cd5a49-dfd5-4407-b99d-3d51da0a788c/datanode-0/data/ratis/09670964-3e2f-415e-94ac-b8eeb2952f7b/current/log_inprogress_0
2019-10-18 14:22:59,491 [ee386961-2337-4a8c-9c8d-dbca8671699a@group-B8EEB2952F7B-SegmentedRaftLogWorker] INFO  segmented.SegmentedRaftLogWorker (SegmentedRaftLogWorker.java:lambda$new$0(128)) - ee386961-2337-4a8c-9c8d-dbca8671699a@group-B8EEB2952F7B-SegmentedRaftLogWorker: flushIndex: setUnconditionally 0 -> -1
2019-10-18 14:22:59,529 [a7998a79-199c-44f4-b3c2-ea75c49d687d@group-B8EEB2952F7B-SegmentedRaftLogWorker] INFO  segmented.SegmentedRaftLogWorker (SegmentedRaftLogWorker.java:execute(576)) - a7998a79-199c-44f4-b3c2-ea75c49d687d@group-B8EEB2952F7B-SegmentedRaftLogWorker: created new log segment /workdir/hadoop-ozone/integration-test/target/test-dir/MiniOzoneClusterImpl-b1cd5a49-dfd5-4407-b99d-3d51da0a788c/datanode-1/data/ratis/09670964-3e2f-415e-94ac-b8eeb2952f7b/current/log_inprogress_0
2019-10-18 14:22:59,534 [a7998a79-199c-44f4-b3c2-ea75c49d687d@group-8175D73357F8-LeaderElection61] INFO  impl.LeaderElection (LeaderElection.java:askForVotes(178)) - a7998a79-199c-44f4-b3c2-ea75c49d687d@group-8175D73357F8-LeaderElection61: begin an election at term 44 for 0: [a7998a79-199c-44f4-b3c2-ea75c49d687d:192.168.157.233:46825, 2d385246-963b-498d-9e2e-bc24e50fd0c7:192.168.157.233:40769, ee386961-2337-4a8c-9c8d-dbca8671699a:192.168.157.233:35014], old=null
2019-10-18 14:22:59,534 [2d385246-963b-498d-9e2e-bc24e50fd0c7@group-B8EEB2952F7B-LeaderElection60] INFO  impl.LeaderElection (LeaderElection.java:askForVotes(178)) - 2d385246-963b-498d-9e2e-bc24e50fd0c7@group-B8EEB2952F7B-LeaderElection60: begin an election at term 9 for -1: [a7998a79-199c-44f4-b3c2-ea75c49d687d:192.168.157.233:46825, 2d385246-963b-498d-9e2e-bc24e50fd0c7:192.168.157.233:40769, ee386961-2337-4a8c-9c8d-dbca8671699a:192.168.157.233:35014], old=null
2019-10-18 14:22:59,537 [Thread-914] INFO  impl.RaftServerImpl (ServerState.java:setLeader(256)) - a7998a79-199c-44f4-b3c2-ea75c49d687d@group-B8EEB2952F7B: change Leader from a7998a79-199c-44f4-b3c2-ea75c49d687d to null at term 9 for updateCurrentTerm
2019-10-18 14:22:59,537 [Thread-914] INFO  impl.RaftServerImpl (RaftServerImpl.java:setRole(184)) - a7998a79-199c-44f4-b3c2-ea75c49d687d@group-B8EEB2952F7B: changes role from    LEADER to FOLLOWER at term 9 for stepDown
2019-10-18 14:22:59,537 [Thread-914] INFO  impl.RoleInfo (RoleInfo.java:shutdownLeaderState(104)) - a7998a79-199c-44f4-b3c2-ea75c49d687d: shutdown LeaderState
2019-10-18 14:22:59,539 [Thread-914] INFO  impl.PendingRequests (PendingRequests.java:sendNotLeaderResponses(202)) - a7998a79-199c-44f4-b3c2-ea75c49d687d@group-B8EEB2952F7B-PendingRequests: sendNotLeaderResponses
2019-10-18 14:22:59,539 [org.apache.ratis.server.impl.LogAppender$AppenderDaemon$$Lambda$448/2095661354@6a4bb75b] WARN  server.GrpcLogAppender (GrpcLogAppender.java:mayWait(149)) - a7998a79-199c-44f4-b3c2-ea75c49d687d@group-B8EEB2952F7B->2d385246-963b-498d-9e2e-bc24e50fd0c7-GrpcLogAppender: Wait interrupted by java.lang.InterruptedException
2019-10-18 14:22:59,539 [grpc-default-executor-4] INFO  impl.RaftServerImpl (RaftServerImpl.java:setRole(184)) - 2d385246-963b-498d-9e2e-bc24e50fd0c7@group-8175D73357F8: changes role from  FOLLOWER to FOLLOWER at term 44 for recognizeCandidate:a7998a79-199c-44f4-b3c2-ea75c49d687d
2019-10-18 14:22:59,539 [grpc-default-executor-10] INFO  impl.RaftServerImpl (RaftServerImpl.java:setRole(184)) - ee386961-2337-4a8c-9c8d-dbca8671699a@group-8175D73357F8: changes role from  FOLLOWER to FOLLOWER at term 44 for recognizeCandidate:a7998a79-199c-44f4-b3c2-ea75c49d687d
2019-10-18 14:22:59,539 [grpc-default-executor-10] INFO  impl.RoleInfo (RoleInfo.java:shutdownFollowerState(121)) - ee386961-2337-4a8c-9c8d-dbca8671699a: shutdown FollowerState
2019-10-18 14:22:59,539 [org.apache.ratis.server.impl.LogAppender$AppenderDaemon$$Lambda$448/2095661354@5b6bf9a3] WARN  server.GrpcLogAppender (GrpcLogAppender.java:mayWait(149)) - a7998a79-199c-44f4-b3c2-ea75c49d687d@group-B8EEB2952F7B->ee386961-2337-4a8c-9c8d-dbca8671699a-GrpcLogAppender: Wait interrupted by java.lang.InterruptedException
2019-10-18 14:22:59,539 [grpc-default-executor-5] INFO  server.GrpcServerProtocolService (GrpcServerProtocolService.java:onCompleted(113)) - 2d385246-963b-498d-9e2e-bc24e50fd0c7: Completed APPEND_ENTRIES, lastRequest: a7998a79-199c-44f4-b3c2-ea75c49d687d->2d385246-963b-498d-9e2e-bc24e50fd0c7#0-t8, previous=(t:0, i:0), leaderCommit=-1, initializing? false, entries: <empty>
2019-10-18 14:22:59,539 [grpc-default-executor-4] INFO  impl.RoleInfo (RoleInfo.java:shutdownFollowerState(121)) - 2d385246-963b-498d-9e2e-bc24e50fd0c7: shutdown FollowerState
2019-10-18 14:22:59,540 [grpc-default-executor-8] INFO  server.GrpcServerProtocolService (GrpcServerProtocolService.java:onCompleted(113)) - ee386961-2337-4a8c-9c8d-dbca8671699a: Completed APPEND_ENTRIES, lastRequest: a7998a79-199c-44f4-b3c2-ea75c49d687d->ee386961-2337-4a8c-9c8d-dbca8671699a#1-t8, previous=(t:0, i:0), leaderCommit=-1, initializing? false, entries: size=1, first=(t:8, i:0), CONFIGURATIONENTRY
2019-10-18 14:22:59,539 [Thread-914] INFO  impl.RoleInfo (RoleInfo.java:updateAndGet(143)) - a7998a79-199c-44f4-b3c2-ea75c49d687d: start FollowerState
2019-10-18 14:22:59,540 [grpc-default-executor-5] INFO  server.GrpcLogAppender (GrpcLogAppender.java:onCompleted(308)) - a7998a79-199c-44f4-b3c2-ea75c49d687d@group-B8EEB2952F7B->2d385246-963b-498d-9e2e-bc24e50fd0c7-AppendLogResponseHandler: follower responses appendEntries COMPLETED
2019-10-18 14:22:59,541 [grpc-default-executor-8] INFO  server.GrpcLogAppender (GrpcLogAppender.java:onCompleted(308)) - a7998a79-199c-44f4-b3c2-ea75c49d687d@group-B8EEB2952F7B->ee386961-2337-4a8c-9c8d-dbca8671699a-AppendLogResponseHandler: follower responses appendEntries COMPLETED
2019-10-18 14:22:59,540 [grpc-default-executor-4] INFO  impl.RoleInfo (RoleInfo.java:updateAndGet(143)) - 2d385246-963b-498d-9e2e-bc24e50fd0c7: start FollowerState
2019-10-18 14:22:59,540 [Thread-889] INFO  impl.FollowerState (FollowerState.java:run(117)) - 2d385246-963b-498d-9e2e-bc24e50fd0c7@group-8175D73357F8-FollowerState was interrupted: java.lang.InterruptedException: sleep interrupted
2019-10-18 14:22:59,540 [Thread-888] INFO  impl.FollowerState (FollowerState.java:run(117)) - ee386961-2337-4a8c-9c8d-dbca8671699a@group-8175D73357F8-FollowerState was interrupted: java.lang.InterruptedException: sleep interrupted
2019-10-18 14:22:59,540 [grpc-default-executor-10] INFO  impl.RoleInfo (RoleInfo.java:updateAndGet(143)) - ee386961-2337-4a8c-9c8d-dbca8671699a: start FollowerState
2019-10-18 14:22:59,540 [grpc-default-executor-7] INFO  impl.RaftServerImpl (ServerState.java:setLeader(256)) - ee386961-2337-4a8c-9c8d-dbca8671699a@group-B8EEB2952F7B: change Leader from a7998a79-199c-44f4-b3c2-ea75c49d687d to null at term 9 for updateCurrentTerm
2019-10-18 14:22:59,542 [grpc-default-executor-7] INFO  impl.RaftServerImpl (RaftServerImpl.java:setRole(184)) - ee386961-2337-4a8c-9c8d-dbca8671699a@group-B8EEB2952F7B: changes role from  FOLLOWER to FOLLOWER at term 9 for recognizeCandidate:2d385246-963b-498d-9e2e-bc24e50fd0c7
2019-10-18 14:22:59,542 [grpc-default-executor-7] INFO  impl.RoleInfo (RoleInfo.java:shutdownFollowerState(121)) - ee386961-2337-4a8c-9c8d-dbca8671699a: shutdown FollowerState
2019-10-18 14:22:59,543 [grpc-default-executor-7] INFO  impl.RoleInfo (RoleInfo.java:updateAndGet(143)) - ee386961-2337-4a8c-9c8d-dbca8671699a: start FollowerState
2019-10-18 14:22:59,543 [Thread-912] INFO  impl.FollowerState (FollowerState.java:run(117)) - ee386961-2337-4a8c-9c8d-dbca8671699a@group-B8EEB2952F7B-FollowerState was interrupted: java.lang.InterruptedException: sleep interrupted
2019-10-18 14:22:59,543 [ee386961-2337-4a8c-9c8d-dbca8671699a@group-B8EEB2952F7B-SegmentedRaftLogWorker] INFO  segmented.SegmentedRaftLogWorker (SegmentedRaftLogWorker.java:execute(576)) - ee386961-2337-4a8c-9c8d-dbca8671699a@group-B8EEB2952F7B-SegmentedRaftLogWorker: created new log segment /workdir/hadoop-ozone/integration-test/target/test-dir/MiniOzoneClusterImpl-b1cd5a49-dfd5-4407-b99d-3d51da0a788c/datanode-0/data/ratis/09670964-3e2f-415e-94ac-b8eeb2952f7b/current/log_inprogress_0
2019-10-18 14:22:59,547 [grpc-default-executor-0] INFO  impl.RaftServerImpl (RaftServerImpl.java:setRole(184)) - a7998a79-199c-44f4-b3c2-ea75c49d687d@group-B8EEB2952F7B: changes role from  FOLLOWER to FOLLOWER at term 9 for recognizeCandidate:2d385246-963b-498d-9e2e-bc24e50fd0c7
2019-10-18 14:22:59,547 [grpc-default-executor-0] INFO  impl.RoleInfo (RoleInfo.java:shutdownFollowerState(121)) - a7998a79-199c-44f4-b3c2-ea75c49d687d: shutdown FollowerState
2019-10-18 14:22:59,547 [Thread-926] INFO  impl.FollowerState (FollowerState.java:run(117)) - a7998a79-199c-44f4-b3c2-ea75c49d687d@group-B8EEB2952F7B-FollowerState was interrupted: java.lang.InterruptedException: sleep interrupted
2019-10-18 14:22:59,547 [grpc-default-executor-0] INFO  impl.RoleInfo (RoleInfo.java:updateAndGet(143)) - a7998a79-199c-44f4-b3c2-ea75c49d687d: start FollowerState
2019-10-18 14:22:59,548 [a7998a79-199c-44f4-b3c2-ea75c49d687d@group-8175D73357F8-LeaderElection61] INFO  impl.LeaderElection (LeaderElection.java:logAndReturn(56)) - a7998a79-199c-44f4-b3c2-ea75c49d687d@group-8175D73357F8-LeaderElection61: Election REJECTED; received 2 response(s) [a7998a79-199c-44f4-b3c2-ea75c49d687d<-2d385246-963b-498d-9e2e-bc24e50fd0c7#0:FAIL-t44, a7998a79-199c-44f4-b3c2-ea75c49d687d<-ee386961-2337-4a8c-9c8d-dbca8671699a#0:FAIL-t44] and 0 exception(s); a7998a79-199c-44f4-b3c2-ea75c49d687d@group-8175D73357F8:t44, leader=null, voted=a7998a79-199c-44f4-b3c2-ea75c49d687d, raftlog=a7998a79-199c-44f4-b3c2-ea75c49d687d@group-8175D73357F8-SegmentedRaftLog:OPENED:c3,f4,i4, conf=0: [a7998a79-199c-44f4-b3c2-ea75c49d687d:192.168.157.233:46825, 2d385246-963b-498d-9e2e-bc24e50fd0c7:192.168.157.233:40769, ee386961-2337-4a8c-9c8d-dbca8671699a:192.168.157.233:35014], old=null
2019-10-18 14:22:59,548 [a7998a79-199c-44f4-b3c2-ea75c49d687d@group-8175D73357F8-LeaderElection61] INFO  impl.RaftServerImpl (RaftServerImpl.java:setRole(184)) - a7998a79-199c-44f4-b3c2-ea75c49d687d@group-8175D73357F8: changes role from CANDIDATE to FOLLOWER at term 44 for DISCOVERED_A_NEW_TERM
2019-10-18 14:22:59,548 [grpc-default-executor-5] INFO  impl.FollowerInfo (FollowerInfo.java:lambda$new$0(51)) - a7998a79-199c-44f4-b3c2-ea75c49d687d@group-B8EEB2952F7B->2d385246-963b-498d-9e2e-bc24e50fd0c7: nextIndex: updateUnconditionally 0 -> 0
2019-10-18 14:22:59,549 [2d385246-963b-498d-9e2e-bc24e50fd0c7@group-B8EEB2952F7B-LeaderElection60] INFO  impl.LeaderElection (LeaderElection.java:logAndReturn(56)) - 2d385246-963b-498d-9e2e-bc24e50fd0c7@group-B8EEB2952F7B-LeaderElection60: Election REJECTED; received 2 response(s) [2d385246-963b-498d-9e2e-bc24e50fd0c7<-a7998a79-199c-44f4-b3c2-ea75c49d687d#0:FAIL-t9, 2d385246-963b-498d-9e2e-bc24e50fd0c7<-ee386961-2337-4a8c-9c8d-dbca8671699a#0:FAIL-t9] and 0 exception(s); 2d385246-963b-498d-9e2e-bc24e50fd0c7@group-B8EEB2952F7B:t9, leader=null, voted=2d385246-963b-498d-9e2e-bc24e50fd0c7, raftlog=2d385246-963b-498d-9e2e-bc24e50fd0c7@group-B8EEB2952F7B-SegmentedRaftLog:OPENED:c-1,f-1,i0, conf=-1: [a7998a79-199c-44f4-b3c2-ea75c49d687d:192.168.157.233:46825, 2d385246-963b-498d-9e2e-bc24e50fd0c7:192.168.157.233:40769, ee386961-2337-4a8c-9c8d-dbca8671699a:192.168.157.233:35014], old=null
2019-10-18 14:22:59,549 [a7998a79-199c-44f4-b3c2-ea75c49d687d@group-8175D73357F8-LeaderElection61] INFO  impl.RoleInfo (RoleInfo.java:shutdownLeaderElection(134)) - a7998a79-199c-44f4-b3c2-ea75c49d687d: shutdown LeaderElection
2019-10-18 14:22:59,550 [2d385246-963b-498d-9e2e-bc24e50fd0c7@group-B8EEB2952F7B-LeaderElection60] INFO  impl.RaftServerImpl (RaftServerImpl.java:setRole(184)) - 2d385246-963b-498d-9e2e-bc24e50fd0c7@group-B8EEB2952F7B: changes role from CANDIDATE to FOLLOWER at term 9 for DISCOVERED_A_NEW_TERM
2019-10-18 14:22:59,549 [grpc-default-executor-8] INFO  impl.FollowerInfo (FollowerInfo.java:lambda$new$0(51)) - a7998a79-199c-44f4-b3c2-ea75c49d687d@group-B8EEB2952F7B->ee386961-2337-4a8c-9c8d-dbca8671699a: nextIndex: updateUnconditionally 1 -> 0
2019-10-18 14:22:59,550 [2d385246-963b-498d-9e2e-bc24e50fd0c7@group-B8EEB2952F7B-LeaderElection60] INFO  impl.RoleInfo (RoleInfo.java:shutdownLeaderElection(134)) - 2d385246-963b-498d-9e2e-bc24e50fd0c7: shutdown LeaderElection
2019-10-18 14:22:59,550 [a7998a79-199c-44f4-b3c2-ea75c49d687d@group-8175D73357F8-LeaderElection61] INFO  impl.RoleInfo (RoleInfo.java:updateAndGet(143)) - a7998a79-199c-44f4-b3c2-ea75c49d687d: start FollowerState
2019-10-18 14:22:59,550 [2d385246-963b-498d-9e2e-bc24e50fd0c7@group-B8EEB2952F7B-LeaderElection60] INFO  impl.RoleInfo (RoleInfo.java:updateAndGet(143)) - 2d385246-963b-498d-9e2e-bc24e50fd0c7: start FollowerState
2019-10-18 14:22:59,584 [Thread-933] INFO  impl.FollowerState (FollowerState.java:run(108)) - 2d385246-963b-498d-9e2e-bc24e50fd0c7@group-B8EEB2952F7B-FollowerState: change to CANDIDATE, lastRpcTime:33ms, electionTimeout:33ms
2019-10-18 14:22:59,584 [Thread-933] INFO  impl.RoleInfo (RoleInfo.java:shutdownFollowerState(121)) - 2d385246-963b-498d-9e2e-bc24e50fd0c7: shutdown FollowerState
2019-10-18 14:22:59,584 [Thread-933] INFO  impl.RaftServerImpl (RaftServerImpl.java:setRole(184)) - 2d385246-963b-498d-9e2e-bc24e50fd0c7@group-B8EEB2952F7B: changes role from  FOLLOWER to CANDIDATE at term 9 for changeToCandidate
2019-10-18 14:22:59,584 [Thread-933] INFO  impl.RoleInfo (RoleInfo.java:updateAndGet(143)) - 2d385246-963b-498d-9e2e-bc24e50fd0c7: start LeaderElection
2019-10-18 14:22:59,585 [EventQueue-PendingDeleteStatusForPendingDeleteHandler] INFO  block.SCMBlockDeletingService (SCMBlockDeletingService.java:handlePendingDeletes(115)) - Block deletion txnID mismatch in datanode a7998a79-199c-44f4-b3c2-ea75c49d687d for containerID 1. Datanode delete txnID: 0, SCM txnID: 1
2019-10-18 14:22:59,598 [2d385246-963b-498d-9e2e-bc24e50fd0c7@group-B8EEB2952F7B-LeaderElection62] INFO  impl.LeaderElection (LeaderElection.java:askForVotes(178)) - 2d385246-963b-498d-9e2e-bc24e50fd0c7@group-B8EEB2952F7B-LeaderElection62: begin an election at term 10 for -1: [a7998a79-199c-44f4-b3c2-ea75c49d687d:192.168.157.233:46825, 2d385246-963b-498d-9e2e-bc24e50fd0c7:192.168.157.233:40769, ee386961-2337-4a8c-9c8d-dbca8671699a:192.168.157.233:35014], old=null
2019-10-18 14:22:59,601 [grpc-default-executor-8] INFO  impl.RaftServerImpl (RaftServerImpl.java:setRole(184)) - a7998a79-199c-44f4-b3c2-ea75c49d687d@group-B8EEB2952F7B: changes role from  FOLLOWER to FOLLOWER at term 10 for recognizeCandidate:2d385246-963b-498d-9e2e-bc24e50fd0c7
2019-10-18 14:22:59,601 [grpc-default-executor-8] INFO  impl.RoleInfo (RoleInfo.java:shutdownFollowerState(121)) - a7998a79-199c-44f4-b3c2-ea75c49d687d: shutdown FollowerState
2019-10-18 14:22:59,601 [grpc-default-executor-5] INFO  impl.RaftServerImpl (RaftServerImpl.java:setRole(184)) - ee386961-2337-4a8c-9c8d-dbca8671699a@group-B8EEB2952F7B: changes role from  FOLLOWER to FOLLOWER at term 10 for recognizeCandidate:2d385246-963b-498d-9e2e-bc24e50fd0c7
2019-10-18 14:22:59,601 [Thread-931] INFO  impl.FollowerState (FollowerState.java:run(117)) - a7998a79-199c-44f4-b3c2-ea75c49d687d@group-B8EEB2952F7B-FollowerState was interrupted: java.lang.InterruptedException: sleep interrupted
2019-10-18 14:22:59,601 [grpc-default-executor-8] INFO  impl.RoleInfo (RoleInfo.java:updateAndGet(143)) - a7998a79-199c-44f4-b3c2-ea75c49d687d: start FollowerState
2019-10-18 14:22:59,601 [grpc-default-executor-5] INFO  impl.RoleInfo (RoleInfo.java:shutdownFollowerState(121)) - ee386961-2337-4a8c-9c8d-dbca8671699a: shutdown FollowerState
2019-10-18 14:22:59,602 [grpc-default-executor-5] INFO  impl.RoleInfo (RoleInfo.java:updateAndGet(143)) - ee386961-2337-4a8c-9c8d-dbca8671699a: start FollowerState
2019-10-18 14:22:59,602 [Thread-929] INFO  impl.FollowerState (FollowerState.java:run(117)) - ee386961-2337-4a8c-9c8d-dbca8671699a@group-B8EEB2952F7B-FollowerState was interrupted: java.lang.InterruptedException: sleep interrupted
2019-10-18 14:22:59,617 [2d385246-963b-498d-9e2e-bc24e50fd0c7@group-B8EEB2952F7B-LeaderElection62] INFO  impl.LeaderElection (LeaderElection.java:logAndReturn(56)) - 2d385246-963b-498d-9e2e-bc24e50fd0c7@group-B8EEB2952F7B-LeaderElection62: Election REJECTED; received 2 response(s) [2d385246-963b-498d-9e2e-bc24e50fd0c7<-a7998a79-199c-44f4-b3c2-ea75c49d687d#0:FAIL-t10, 2d385246-963b-498d-9e2e-bc24e50fd0c7<-ee386961-2337-4a8c-9c8d-dbca8671699a#0:FAIL-t10] and 0 exception(s); 2d385246-963b-498d-9e2e-bc24e50fd0c7@group-B8EEB2952F7B:t10, leader=null, voted=2d385246-963b-498d-9e2e-bc24e50fd0c7, raftlog=2d385246-963b-498d-9e2e-bc24e50fd0c7@group-B8EEB2952F7B-SegmentedRaftLog:OPENED:c-1,f-1,i0, conf=-1: [a7998a79-199c-44f4-b3c2-ea75c49d687d:192.168.157.233:46825, 2d385246-963b-498d-9e2e-bc24e50fd0c7:192.168.157.233:40769, ee386961-2337-4a8c-9c8d-dbca8671699a:192.168.157.233:35014], old=null
2019-10-18 14:22:59,617 [2d385246-963b-498d-9e2e-bc24e50fd0c7@group-B8EEB2952F7B-LeaderElection62] INFO  impl.RaftServerImpl (RaftServerImpl.java:setRole(184)) - 2d385246-963b-498d-9e2e-bc24e50fd0c7@group-B8EEB2952F7B: changes role from CANDIDATE to FOLLOWER at term 10 for DISCOVERED_A_NEW_TERM
2019-10-18 14:22:59,617 [2d385246-963b-498d-9e2e-bc24e50fd0c7@group-B8EEB2952F7B-LeaderElection62] INFO  impl.RoleInfo (RoleInfo.java:shutdownLeaderElection(134)) - 2d385246-963b-498d-9e2e-bc24e50fd0c7: shutdown LeaderElection
2019-10-18 14:22:59,617 [2d385246-963b-498d-9e2e-bc24e50fd0c7@group-B8EEB2952F7B-LeaderElection62] INFO  impl.RoleInfo (RoleInfo.java:updateAndGet(143)) - 2d385246-963b-498d-9e2e-bc24e50fd0c7: start FollowerState
2019-10-18 14:22:59,743 [Thread-932] INFO  impl.FollowerState (FollowerState.java:run(108)) - a7998a79-199c-44f4-b3c2-ea75c49d687d@group-8175D73357F8-FollowerState: change to CANDIDATE, lastRpcTime:193ms, electionTimeout:192ms
2019-10-18 14:22:59,743 [Thread-932] INFO  impl.RoleInfo (RoleInfo.java:shutdownFollowerState(121)) - a7998a79-199c-44f4-b3c2-ea75c49d687d: shutdown FollowerState
2019-10-18 14:22:59,743 [Thread-932] INFO  impl.RaftServerImpl (RaftServerImpl.java:setRole(184)) - a7998a79-199c-44f4-b3c2-ea75c49d687d@group-8175D73357F8: changes role from  FOLLOWER to CANDIDATE at term 44 for changeToCandidate
2019-10-18 14:22:59,743 [Thread-932] INFO  impl.RoleInfo (RoleInfo.java:updateAndGet(143)) - a7998a79-199c-44f4-b3c2-ea75c49d687d: start LeaderElection
2019-10-18 14:22:59,757 [Thread-939] INFO  impl.FollowerState (FollowerState.java:run(108)) - 2d385246-963b-498d-9e2e-bc24e50fd0c7@group-B8EEB2952F7B-FollowerState: change to CANDIDATE, lastRpcTime:139ms, electionTimeout:139ms
2019-10-18 14:22:59,757 [a7998a79-199c-44f4-b3c2-ea75c49d687d@group-8175D73357F8-LeaderElection63] INFO  impl.LeaderElection (LeaderElection.java:askForVotes(178)) - a7998a79-199c-44f4-b3c2-ea75c49d687d@group-8175D73357F8-LeaderElection63: begin an election at term 45 for 0: [a7998a79-199c-44f4-b3c2-ea75c49d687d:192.168.157.233:46825, 2d385246-963b-498d-9e2e-bc24e50fd0c7:192.168.157.233:40769, ee386961-2337-4a8c-9c8d-dbca8671699a:192.168.157.233:35014], old=null
2019-10-18 14:22:59,757 [Thread-939] INFO  impl.RoleInfo (RoleInfo.java:shutdownFollowerState(121)) - 2d385246-963b-498d-9e2e-bc24e50fd0c7: shutdown FollowerState
2019-10-18 14:22:59,757 [Thread-939] INFO  impl.RaftServerImpl (RaftServerImpl.java:setRole(184)) - 2d385246-963b-498d-9e2e-bc24e50fd0c7@group-B8EEB2952F7B: changes role from  FOLLOWER to CANDIDATE at term 10 for changeToCandidate
2019-10-18 14:22:59,757 [Thread-939] INFO  impl.RoleInfo (RoleInfo.java:updateAndGet(143)) - 2d385246-963b-498d-9e2e-bc24e50fd0c7: start LeaderElection
2019-10-18 14:22:59,770 [grpc-default-executor-5] INFO  impl.RaftServerImpl (RaftServerImpl.java:setRole(184)) - 2d385246-963b-498d-9e2e-bc24e50fd0c7@group-8175D73357F8: changes role from  FOLLOWER to FOLLOWER at term 45 for recognizeCandidate:a7998a79-199c-44f4-b3c2-ea75c49d687d
2019-10-18 14:22:59,770 [grpc-default-executor-5] INFO  impl.RoleInfo (RoleInfo.java:shutdownFollowerState(121)) - 2d385246-963b-498d-9e2e-bc24e50fd0c7: shutdown FollowerState
2019-10-18 14:22:59,770 [grpc-default-executor-5] INFO  impl.RoleInfo (RoleInfo.java:updateAndGet(143)) - 2d385246-963b-498d-9e2e-bc24e50fd0c7: start FollowerState
2019-10-18 14:22:59,770 [Thread-928] INFO  impl.FollowerState (FollowerState.java:run(117)) - 2d385246-963b-498d-9e2e-bc24e50fd0c7@group-8175D73357F8-FollowerState was interrupted: java.lang.InterruptedException: sleep interrupted
2019-10-18 14:22:59,770 [grpc-default-executor-8] INFO  impl.RaftServerImpl (RaftServerImpl.java:setRole(184)) - ee386961-2337-4a8c-9c8d-dbca8671699a@group-8175D73357F8: changes role from  FOLLOWER to FOLLOWER at term 45 for recognizeCandidate:a7998a79-199c-44f4-b3c2-ea75c49d687d
2019-10-18 14:22:59,771 [grpc-default-executor-8] INFO  impl.RoleInfo (RoleInfo.java:shutdownFollowerState(121)) - ee386961-2337-4a8c-9c8d-dbca8671699a: shutdown FollowerState
2019-10-18 14:22:59,771 [grpc-default-executor-8] INFO  impl.RoleInfo (RoleInfo.java:updateAndGet(143)) - ee386961-2337-4a8c-9c8d-dbca8671699a: start FollowerState
2019-10-18 14:22:59,771 [Thread-927] INFO  impl.FollowerState (FollowerState.java:run(117)) - ee386961-2337-4a8c-9c8d-dbca8671699a@group-8175D73357F8-FollowerState was interrupted: java.lang.InterruptedException: sleep interrupted
2019-10-18 14:22:59,781 [2d385246-963b-498d-9e2e-bc24e50fd0c7@group-B8EEB2952F7B-LeaderElection64] INFO  impl.LeaderElection (LeaderElection.java:askForVotes(178)) - 2d385246-963b-498d-9e2e-bc24e50fd0c7@group-B8EEB2952F7B-LeaderElection64: begin an election at term 11 for -1: [a7998a79-199c-44f4-b3c2-ea75c49d687d:192.168.157.233:46825, 2d385246-963b-498d-9e2e-bc24e50fd0c7:192.168.157.233:40769, ee386961-2337-4a8c-9c8d-dbca8671699a:192.168.157.233:35014], old=null
2019-10-18 14:22:59,784 [Command processor thread] INFO  commandhandler.DeleteBlocksCommandHandler (DeleteBlocksCommandHandler.java:handle(106)) - Start to delete container blocks, TXIDs=[1(0)], numOfContainers=1, numOfBlocks=1
2019-10-18 14:22:59,784 [EventQueue-PendingDeleteStatusForPendingDeleteHandler] INFO  block.SCMBlockDeletingService (SCMBlockDeletingService.java:handlePendingDeletes(115)) - Block deletion txnID mismatch in datanode a7998a79-199c-44f4-b3c2-ea75c49d687d for containerID 1. Datanode delete txnID: 0, SCM txnID: 1
2019-10-18 14:22:59,786 [a7998a79-199c-44f4-b3c2-ea75c49d687d@group-8175D73357F8-LeaderElection63] INFO  impl.LeaderElection (LeaderElection.java:logAndReturn(56)) - a7998a79-199c-44f4-b3c2-ea75c49d687d@group-8175D73357F8-LeaderElection63: Election REJECTED; received 2 response(s) [a7998a79-199c-44f4-b3c2-ea75c49d687d<-2d385246-963b-498d-9e2e-bc24e50fd0c7#0:FAIL-t45, a7998a79-199c-44f4-b3c2-ea75c49d687d<-ee386961-2337-4a8c-9c8d-dbca8671699a#0:FAIL-t45] and 0 exception(s); a7998a79-199c-44f4-b3c2-ea75c49d687d@group-8175D73357F8:t45, leader=null, voted=a7998a79-199c-44f4-b3c2-ea75c49d687d, raftlog=a7998a79-199c-44f4-b3c2-ea75c49d687d@group-8175D73357F8-SegmentedRaftLog:OPENED:c3,f4,i4, conf=0: [a7998a79-199c-44f4-b3c2-ea75c49d687d:192.168.157.233:46825, 2d385246-963b-498d-9e2e-bc24e50fd0c7:192.168.157.233:40769, ee386961-2337-4a8c-9c8d-dbca8671699a:192.168.157.233:35014], old=null
2019-10-18 14:22:59,786 [Command processor thread] INFO  commandhandler.DeleteBlocksCommandHandler (DeleteBlocksCommandHandler.java:handle(106)) - Start to delete container blocks, TXIDs=[1(2)], numOfContainers=1, numOfBlocks=1
2019-10-18 14:22:59,786 [a7998a79-199c-44f4-b3c2-ea75c49d687d@group-8175D73357F8-LeaderElection63] INFO  impl.RaftServerImpl (RaftServerImpl.java:setRole(184)) - a7998a79-199c-44f4-b3c2-ea75c49d687d@group-8175D73357F8: changes role from CANDIDATE to FOLLOWER at term 45 for DISCOVERED_A_NEW_TERM
2019-10-18 14:22:59,786 [a7998a79-199c-44f4-b3c2-ea75c49d687d@group-8175D73357F8-LeaderElection63] INFO  impl.RoleInfo (RoleInfo.java:shutdownLeaderElection(134)) - a7998a79-199c-44f4-b3c2-ea75c49d687d: shutdown LeaderElection
2019-10-18 14:22:59,786 [Command processor thread] INFO  commandhandler.DeleteBlocksCommandHandler (DeleteBlocksCommandHandler.java:handle(106)) - Start to delete container blocks, TXIDs=[1(0)], numOfContainers=1, numOfBlocks=1
2019-10-18 14:22:59,786 [a7998a79-199c-44f4-b3c2-ea75c49d687d@group-8175D73357F8-LeaderElection63] INFO  impl.RoleInfo (RoleInfo.java:updateAndGet(143)) - a7998a79-199c-44f4-b3c2-ea75c49d687d: start FollowerState
2019-10-18 14:22:59,787 [Command processor thread] INFO  commandhandler.DeleteBlocksCommandHandler (DeleteBlocksCommandHandler.java:handle(106)) - Start to delete container blocks, TXIDs=[1(2)], numOfContainers=1, numOfBlocks=1
2019-10-18 14:22:59,787 [grpc-default-executor-8] INFO  impl.RaftServerImpl (RaftServerImpl.java:setRole(184)) - ee386961-2337-4a8c-9c8d-dbca8671699a@group-B8EEB2952F7B: changes role from  FOLLOWER to FOLLOWER at term 11 for recognizeCandidate:2d385246-963b-498d-9e2e-bc24e50fd0c7
2019-10-18 14:22:59,787 [grpc-default-executor-5] INFO  impl.RaftServerImpl (RaftServerImpl.java:setRole(184)) - a7998a79-199c-44f4-b3c2-ea75c49d687d@group-B8EEB2952F7B: changes role from  FOLLOWER to FOLLOWER at term 11 for recognizeCandidate:2d385246-963b-498d-9e2e-bc24e50fd0c7
2019-10-18 14:22:59,787 [grpc-default-executor-8] INFO  impl.RoleInfo (RoleInfo.java:shutdownFollowerState(121)) - ee386961-2337-4a8c-9c8d-dbca8671699a: shutdown FollowerState
2019-10-18 14:22:59,787 [Command processor thread] INFO  commandhandler.DeleteBlocksCommandHandler (DeleteBlocksCommandHandler.java:handle(106)) - Start to delete container blocks, TXIDs=[1(4)], numOfContainers=1, numOfBlocks=1
2019-10-18 14:22:59,788 [Thread-938] INFO  impl.FollowerState (FollowerState.java:run(117)) - ee386961-2337-4a8c-9c8d-dbca8671699a@group-B8EEB2952F7B-FollowerState was interrupted: java.lang.InterruptedException: sleep interrupted
2019-10-18 14:22:59,788 [grpc-default-executor-8] INFO  impl.RoleInfo (RoleInfo.java:updateAndGet(143)) - ee386961-2337-4a8c-9c8d-dbca8671699a: start FollowerState
2019-10-18 14:22:59,787 [grpc-default-executor-5] INFO  impl.RoleInfo (RoleInfo.java:shutdownFollowerState(121)) - a7998a79-199c-44f4-b3c2-ea75c49d687d: shutdown FollowerState
2019-10-18 14:22:59,788 [Command processor thread] INFO  commandhandler.DeleteBlocksCommandHandler (DeleteBlocksCommandHandler.java:handle(106)) - Start to delete container blocks, TXIDs=[1(0)], numOfContainers=1, numOfBlocks=1
2019-10-18 14:22:59,788 [Thread-937] INFO  impl.FollowerState (FollowerState.java:run(117)) - a7998a79-199c-44f4-b3c2-ea75c49d687d@group-B8EEB2952F7B-FollowerState was interrupted: java.lang.InterruptedException: sleep interrupted
2019-10-18 14:22:59,788 [Command processor thread] INFO  commandhandler.DeleteBlocksCommandHandler (DeleteBlocksCommandHandler.java:handle(106)) - Start to delete container blocks, TXIDs=[1(5)], numOfContainers=1, numOfBlocks=1
2019-10-18 14:22:59,788 [grpc-default-executor-5] INFO  impl.RoleInfo (RoleInfo.java:updateAndGet(143)) - a7998a79-199c-44f4-b3c2-ea75c49d687d: start FollowerState
2019-10-18 14:22:59,789 [Command processor thread] INFO  commandhandler.DeleteBlocksCommandHandler (DeleteBlocksCommandHandler.java:handle(106)) - Start to delete container blocks, TXIDs=[1(4)], numOfContainers=1, numOfBlocks=1
2019-10-18 14:22:59,789 [Command processor thread] INFO  commandhandler.DeleteBlocksCommandHandler (DeleteBlocksCommandHandler.java:handle(106)) - Start to delete container blocks, TXIDs=[1(0)], numOfContainers=1, numOfBlocks=1
2019-10-18 14:22:59,789 [Command processor thread] INFO  commandhandler.DeleteBlocksCommandHandler (DeleteBlocksCommandHandler.java:handle(106)) - Start to delete container blocks, TXIDs=[1(2)], numOfContainers=1, numOfBlocks=1
2019-10-18 14:22:59,789 [Command processor thread] INFO  commandhandler.DeleteBlocksCommandHandler (DeleteBlocksCommandHandler.java:handle(106)) - Start to delete container blocks, TXIDs=[1(0)], numOfContainers=1, numOfBlocks=1
2019-10-18 14:22:59,789 [Command processor thread] INFO  commandhandler.DeleteBlocksCommandHandler (DeleteBlocksCommandHandler.java:handle(106)) - Start to delete container blocks, TXIDs=[1(5)], numOfContainers=1, numOfBlocks=1
2019-10-18 14:22:59,790 [Command processor thread] INFO  commandhandler.DeleteBlocksCommandHandler (DeleteBlocksCommandHandler.java:handle(106)) - Start to delete container blocks, TXIDs=[1(6)], numOfContainers=1, numOfBlocks=1
2019-10-18 14:22:59,790 [Command processor thread] INFO  commandhandler.DeleteBlocksCommandHandler (DeleteBlocksCommandHandler.java:handle(106)) - Start to delete container blocks, TXIDs=[1(4)], numOfContainers=1, numOfBlocks=1
2019-10-18 14:22:59,790 [Command processor thread] INFO  commandhandler.DeleteBlocksCommandHandler (DeleteBlocksCommandHandler.java:handle(106)) - Start to delete container blocks, TXIDs=[1(2)], numOfContainers=1, numOfBlocks=1
2019-10-18 14:22:59,790 [Command processor thread] INFO  commandhandler.DeleteBlocksCommandHandler (DeleteBlocksCommandHandler.java:handle(106)) - Start to delete container blocks, TXIDs=[1(2)], numOfContainers=1, numOfBlocks=1
2019-10-18 14:22:59,790 [Command processor thread] INFO  commandhandler.DeleteBlocksCommandHandler (DeleteBlocksCommandHandler.java:handle(106)) - Start to delete container blocks, TXIDs=[1(5)], numOfContainers=1, numOfBlocks=1
2019-10-18 14:22:59,791 [Command processor thread] INFO  commandhandler.DeleteBlocksCommandHandler (DeleteBlocksCommandHandler.java:handle(106)) - Start to delete container blocks, TXIDs=[1(6)], numOfContainers=1, numOfBlocks=1
2019-10-18 14:22:59,791 [Command processor thread] INFO  commandhandler.DeleteBlocksCommandHandler (DeleteBlocksCommandHandler.java:handle(106)) - Start to delete container blocks, TXIDs=[1(7)], numOfContainers=1, numOfBlocks=1
2019-10-18 14:22:59,791 [Command processor thread] INFO  commandhandler.DeleteBlocksCommandHandler (DeleteBlocksCommandHandler.java:handle(106)) - Start to delete container blocks, TXIDs=[1(4)], numOfContainers=1, numOfBlocks=1
2019-10-18 14:22:59,791 [Command processor thread] INFO  commandhandler.DeleteBlocksCommandHandler (DeleteBlocksCommandHandler.java:handle(106)) - Start to delete container blocks, TXIDs=[1(0)], numOfContainers=1, numOfBlocks=1
2019-10-18 14:22:59,791 [Command processor thread] INFO  commandhandler.DeleteBlocksCommandHandler (DeleteBlocksCommandHandler.java:handle(106)) - Start to delete container blocks, TXIDs=[1(6)], numOfContainers=1, numOfBlocks=1
2019-10-18 14:22:59,794 [Command processor thread] INFO  commandhandler.DeleteBlocksCommandHandler (DeleteBlocksCommandHandler.java:handle(106)) - Start to delete container blocks, TXIDs=[1(7)], numOfContainers=1, numOfBlocks=1
2019-10-18 14:22:59,794 [Command processor thread] INFO  commandhandler.DeleteBlocksCommandHandler (DeleteBlocksCommandHandler.java:handle(106)) - Start to delete container blocks, TXIDs=[1(5)], numOfContainers=1, numOfBlocks=1
2019-10-18 14:22:59,794 [Command processor thread] INFO  commandhandler.DeleteBlocksCommandHandler (DeleteBlocksCommandHandler.java:handle(106)) - Start to delete container blocks, TXIDs=[1(2)], numOfContainers=1, numOfBlocks=1
2019-10-18 14:22:59,795 [Command processor thread] INFO  commandhandler.DeleteBlocksCommandHandler (DeleteBlocksCommandHandler.java:handle(106)) - Start to delete container blocks, TXIDs=[1(7)], numOfContainers=1, numOfBlocks=1
2019-10-18 14:22:59,795 [Command processor thread] INFO  commandhandler.DeleteBlocksCommandHandler (DeleteBlocksCommandHandler.java:handle(106)) - Start to delete container blocks, TXIDs=[1(0)], numOfContainers=1, numOfBlocks=1
2019-10-18 14:22:59,795 [Command processor thread] INFO  commandhandler.DeleteBlocksCommandHandler (DeleteBlocksCommandHandler.java:handle(106)) - Start to delete container blocks, TXIDs=[1(4)], numOfContainers=1, numOfBlocks=1
2019-10-18 14:22:59,795 [Command processor thread] INFO  commandhandler.DeleteBlocksCommandHandler (DeleteBlocksCommandHandler.java:handle(106)) - Start to delete container blocks, TXIDs=[1(7)], numOfContainers=1, numOfBlocks=1
2019-10-18 14:22:59,795 [Command processor thread] INFO  commandhandler.DeleteBlocksCommandHandler (DeleteBlocksCommandHandler.java:handle(106)) - Start to delete container blocks, TXIDs=[1(0)], numOfContainers=1, numOfBlocks=1
2019-10-18 14:22:59,796 [Command processor thread] INFO  commandhandler.DeleteBlocksCommandHandler (DeleteBlocksCommandHandler.java:handle(106)) - Start to delete container blocks, TXIDs=[1(5)], numOfContainers=1, numOfBlocks=1
2019-10-18 14:22:59,796 [Command processor thread] INFO  commandhandler.DeleteBlocksCommandHandler (DeleteBlocksCommandHandler.java:handle(106)) - Start to delete container blocks, TXIDs=[1(4)], numOfContainers=1, numOfBlocks=1
2019-10-18 14:22:59,796 [Command processor thread] INFO  commandhandler.DeleteBlocksCommandHandler (DeleteBlocksCommandHandler.java:handle(106)) - Start to delete container blocks, TXIDs=[1(7)], numOfContainers=1, numOfBlocks=1
2019-10-18 14:22:59,796 [2d385246-963b-498d-9e2e-bc24e50fd0c7@group-B8EEB2952F7B-LeaderElection64] INFO  impl.LeaderElection (LeaderElection.java:logAndReturn(56)) - 2d385246-963b-498d-9e2e-bc24e50fd0c7@group-B8EEB2952F7B-LeaderElection64: Election REJECTED; received 2 response(s) [2d385246-963b-498d-9e2e-bc24e50fd0c7<-a7998a79-199c-44f4-b3c2-ea75c49d687d#0:FAIL-t11, 2d385246-963b-498d-9e2e-bc24e50fd0c7<-ee386961-2337-4a8c-9c8d-dbca8671699a#0:FAIL-t11] and 0 exception(s); 2d385246-963b-498d-9e2e-bc24e50fd0c7@group-B8EEB2952F7B:t11, leader=null, voted=2d385246-963b-498d-9e2e-bc24e50fd0c7, raftlog=2d385246-963b-498d-9e2e-bc24e50fd0c7@group-B8EEB2952F7B-SegmentedRaftLog:OPENED:c-1,f-1,i0, conf=-1: [a7998a79-199c-44f4-b3c2-ea75c49d687d:192.168.157.233:46825, 2d385246-963b-498d-9e2e-bc24e50fd0c7:192.168.157.233:40769, ee386961-2337-4a8c-9c8d-dbca8671699a:192.168.157.233:35014], old=null
2019-10-18 14:22:59,796 [Command processor thread] INFO  commandhandler.DeleteBlocksCommandHandler (DeleteBlocksCommandHandler.java:handle(106)) - Start to delete container blocks, TXIDs=[1(7)], numOfContainers=1, numOfBlocks=1
2019-10-18 14:22:59,796 [2d385246-963b-498d-9e2e-bc24e50fd0c7@group-B8EEB2952F7B-LeaderElection64] INFO  impl.RaftServerImpl (RaftServerImpl.java:setRole(184)) - 2d385246-963b-498d-9e2e-bc24e50fd0c7@group-B8EEB2952F7B: changes role from CANDIDATE to FOLLOWER at term 11 for DISCOVERED_A_NEW_TERM
2019-10-18 14:22:59,797 [Command processor thread] INFO  commandhandler.DeleteBlocksCommandHandler (DeleteBlocksCommandHandler.java:handle(106)) - Start to delete container blocks, TXIDs=[1(2)], numOfContainers=1, numOfBlocks=1
2019-10-18 14:22:59,797 [2d385246-963b-498d-9e2e-bc24e50fd0c7@group-B8EEB2952F7B-LeaderElection64] INFO  impl.RoleInfo (RoleInfo.java:shutdownLeaderElection(134)) - 2d385246-963b-498d-9e2e-bc24e50fd0c7: shutdown LeaderElection
2019-10-18 14:22:59,797 [Command processor thread] INFO  commandhandler.DeleteBlocksCommandHandler (DeleteBlocksCommandHandler.java:handle(106)) - Start to delete container blocks, TXIDs=[1(6)], numOfContainers=1, numOfBlocks=1
2019-10-18 14:22:59,797 [2d385246-963b-498d-9e2e-bc24e50fd0c7@group-B8EEB2952F7B-LeaderElection64] INFO  impl.RoleInfo (RoleInfo.java:updateAndGet(143)) - 2d385246-963b-498d-9e2e-bc24e50fd0c7: start FollowerState
2019-10-18 14:22:59,797 [Command processor thread] INFO  commandhandler.DeleteBlocksCommandHandler (DeleteBlocksCommandHandler.java:handle(106)) - Start to delete container blocks, TXIDs=[1(7)], numOfContainers=1, numOfBlocks=1
2019-10-18 14:22:59,797 [Command processor thread] INFO  commandhandler.DeleteBlocksCommandHandler (DeleteBlocksCommandHandler.java:handle(106)) - Start to delete container blocks, TXIDs=[1(0)], numOfContainers=1, numOfBlocks=1
2019-10-18 14:22:59,797 [Command processor thread] INFO  commandhandler.DeleteBlocksCommandHandler (DeleteBlocksCommandHandler.java:handle(106)) - Start to delete container blocks, TXIDs=[1(43)], numOfContainers=1, numOfBlocks=1
2019-10-18 14:22:59,798 [Command processor thread] INFO  commandhandler.DeleteBlocksCommandHandler (DeleteBlocksCommandHandler.java:handle(106)) - Start to delete container blocks, TXIDs=[1(5)], numOfContainers=1, numOfBlocks=1
2019-10-18 14:22:59,798 [Command processor thread] INFO  commandhandler.DeleteBlocksCommandHandler (DeleteBlocksCommandHandler.java:handle(106)) - Start to delete container blocks, TXIDs=[1(4)], numOfContainers=1, numOfBlocks=1
2019-10-18 14:22:59,798 [Command processor thread] INFO  commandhandler.DeleteBlocksCommandHandler (DeleteBlocksCommandHandler.java:handle(106)) - Start to delete container blocks, TXIDs=[1(7)], numOfContainers=1, numOfBlocks=1
2019-10-18 14:22:59,798 [Command processor thread] INFO  commandhandler.DeleteBlocksCommandHandler (DeleteBlocksCommandHandler.java:handle(106)) - Start to delete container blocks, TXIDs=[1(7)], numOfContainers=1, numOfBlocks=1
2019-10-18 14:22:59,798 [Command processor thread] INFO  commandhandler.DeleteBlocksCommandHandler (DeleteBlocksCommandHandler.java:handle(106)) - Start to delete container blocks, TXIDs=[1(6)], numOfContainers=1, numOfBlocks=1
2019-10-18 14:22:59,799 [Command processor thread] INFO  commandhandler.DeleteBlocksCommandHandler (DeleteBlocksCommandHandler.java:handle(106)) - Start to delete container blocks, TXIDs=[1(2)], numOfContainers=1, numOfBlocks=1
2019-10-18 14:22:59,899 [Thread-949] INFO  impl.FollowerState (FollowerState.java:run(108)) - a7998a79-199c-44f4-b3c2-ea75c49d687d@group-8175D73357F8-FollowerState: change to CANDIDATE, lastRpcTime:112ms, electionTimeout:112ms
2019-10-18 14:22:59,899 [Thread-949] INFO  impl.RoleInfo (RoleInfo.java:shutdownFollowerState(121)) - a7998a79-199c-44f4-b3c2-ea75c49d687d: shutdown FollowerState
2019-10-18 14:22:59,899 [Thread-949] INFO  impl.RaftServerImpl (RaftServerImpl.java:setRole(184)) - a7998a79-199c-44f4-b3c2-ea75c49d687d@group-8175D73357F8: changes role from  FOLLOWER to CANDIDATE at term 45 for changeToCandidate
2019-10-18 14:22:59,899 [Thread-949] INFO  impl.RoleInfo (RoleInfo.java:updateAndGet(143)) - a7998a79-199c-44f4-b3c2-ea75c49d687d: start LeaderElection
2019-10-18 14:22:59,933 [a7998a79-199c-44f4-b3c2-ea75c49d687d@group-8175D73357F8-LeaderElection65] INFO  impl.LeaderElection (LeaderElection.java:askForVotes(178)) - a7998a79-199c-44f4-b3c2-ea75c49d687d@group-8175D73357F8-LeaderElection65: begin an election at term 46 for 0: [a7998a79-199c-44f4-b3c2-ea75c49d687d:192.168.157.233:46825, 2d385246-963b-498d-9e2e-bc24e50fd0c7:192.168.157.233:40769, ee386961-2337-4a8c-9c8d-dbca8671699a:192.168.157.233:35014], old=null
2019-10-18 14:22:59,937 [grpc-default-executor-5] INFO  impl.RaftServerImpl (RaftServerImpl.java:setRole(184)) - 2d385246-963b-498d-9e2e-bc24e50fd0c7@group-8175D73357F8: changes role from  FOLLOWER to FOLLOWER at term 46 for recognizeCandidate:a7998a79-199c-44f4-b3c2-ea75c49d687d
2019-10-18 14:22:59,937 [grpc-default-executor-8] INFO  impl.RaftServerImpl (RaftServerImpl.java:setRole(184)) - ee386961-2337-4a8c-9c8d-dbca8671699a@group-8175D73357F8: changes role from  FOLLOWER to FOLLOWER at term 46 for recognizeCandidate:a7998a79-199c-44f4-b3c2-ea75c49d687d
2019-10-18 14:22:59,937 [grpc-default-executor-5] INFO  impl.RoleInfo (RoleInfo.java:shutdownFollowerState(121)) - 2d385246-963b-498d-9e2e-bc24e50fd0c7: shutdown FollowerState
2019-10-18 14:22:59,937 [grpc-default-executor-8] INFO  impl.RoleInfo (RoleInfo.java:shutdownFollowerState(121)) - ee386961-2337-4a8c-9c8d-dbca8671699a: shutdown FollowerState
2019-10-18 14:22:59,938 [Thread-944] INFO  impl.FollowerState (FollowerState.java:run(117)) - 2d385246-963b-498d-9e2e-bc24e50fd0c7@group-8175D73357F8-FollowerState was interrupted: java.lang.InterruptedException: sleep interrupted
2019-10-18 14:22:59,938 [grpc-default-executor-5] INFO  impl.RoleInfo (RoleInfo.java:updateAndGet(143)) - 2d385246-963b-498d-9e2e-bc24e50fd0c7: start FollowerState
2019-10-18 14:22:59,938 [Thread-945] INFO  impl.FollowerState (FollowerState.java:run(117)) - ee386961-2337-4a8c-9c8d-dbca8671699a@group-8175D73357F8-FollowerState was interrupted: java.lang.InterruptedException: sleep interrupted
2019-10-18 14:22:59,938 [grpc-default-executor-8] INFO  impl.RoleInfo (RoleInfo.java:updateAndGet(143)) - ee386961-2337-4a8c-9c8d-dbca8671699a: start FollowerState
2019-10-18 14:22:59,958 [a7998a79-199c-44f4-b3c2-ea75c49d687d@group-8175D73357F8-LeaderElection65] INFO  impl.LeaderElection (LeaderElection.java:logAndReturn(56)) - a7998a79-199c-44f4-b3c2-ea75c49d687d@group-8175D73357F8-LeaderElection65: Election REJECTED; received 2 response(s) [a7998a79-199c-44f4-b3c2-ea75c49d687d<-2d385246-963b-498d-9e2e-bc24e50fd0c7#0:FAIL-t46, a7998a79-199c-44f4-b3c2-ea75c49d687d<-ee386961-2337-4a8c-9c8d-dbca8671699a#0:FAIL-t46] and 0 exception(s); a7998a79-199c-44f4-b3c2-ea75c49d687d@group-8175D73357F8:t46, leader=null, voted=a7998a79-199c-44f4-b3c2-ea75c49d687d, raftlog=a7998a79-199c-44f4-b3c2-ea75c49d687d@group-8175D73357F8-SegmentedRaftLog:OPENED:c3,f4,i4, conf=0: [a7998a79-199c-44f4-b3c2-ea75c49d687d:192.168.157.233:46825, 2d385246-963b-498d-9e2e-bc24e50fd0c7:192.168.157.233:40769, ee386961-2337-4a8c-9c8d-dbca8671699a:192.168.157.233:35014], old=null
2019-10-18 14:22:59,959 [a7998a79-199c-44f4-b3c2-ea75c49d687d@group-8175D73357F8-LeaderElection65] INFO  impl.RaftServerImpl (RaftServerImpl.java:setRole(184)) - a7998a79-199c-44f4-b3c2-ea75c49d687d@group-8175D73357F8: changes role from CANDIDATE to FOLLOWER at term 46 for DISCOVERED_A_NEW_TERM
2019-10-18 14:22:59,959 [a7998a79-199c-44f4-b3c2-ea75c49d687d@group-8175D73357F8-LeaderElection65] INFO  impl.RoleInfo (RoleInfo.java:shutdownLeaderElection(134)) - a7998a79-199c-44f4-b3c2-ea75c49d687d: shutdown LeaderElection
2019-10-18 14:22:59,959 [a7998a79-199c-44f4-b3c2-ea75c49d687d@group-8175D73357F8-LeaderElection65] INFO  impl.RoleInfo (RoleInfo.java:updateAndGet(143)) - a7998a79-199c-44f4-b3c2-ea75c49d687d: start FollowerState
2019-10-18 14:22:59,984 [EventQueue-DeleteBlockStatusForDeletedBlockLogImpl] WARN  block.DeletedBlockLogImpl (DeletedBlockLogImpl.java:commitTransactions(205)) - Transaction txId=1 commit by dnId=a7998a79-199c-44f4-b3c2-ea75c49d687d for containerID=#1 failed. Corresponding entry not found.
2019-10-18 14:22:59,984 [EventQueue-DeleteBlockStatusForDeletedBlockLogImpl] WARN  block.DeletedBlockLogImpl (DeletedBlockLogImpl.java:commitTransactions(205)) - Transaction txId=1 commit by dnId=a7998a79-199c-44f4-b3c2-ea75c49d687d for containerID=#1 failed. Corresponding entry not found.
2019-10-18 14:22:59,984 [EventQueue-DeleteBlockStatusForDeletedBlockLogImpl] WARN  block.DeletedBlockLogImpl (DeletedBlockLogImpl.java:commitTransactions(205)) - Transaction txId=1 commit by dnId=a7998a79-199c-44f4-b3c2-ea75c49d687d for containerID=#1 failed. Corresponding entry not found.
2019-10-18 14:22:59,985 [EventQueue-DeleteBlockStatusForDeletedBlockLogImpl] WARN  block.DeletedBlockLogImpl (DeletedBlockLogImpl.java:commitTransactions(205)) - Transaction txId=1 commit by dnId=a7998a79-199c-44f4-b3c2-ea75c49d687d for containerID=#1 failed. Corresponding entry not found.
2019-10-18 14:22:59,985 [EventQueue-DeleteBlockStatusForDeletedBlockLogImpl] WARN  block.DeletedBlockLogImpl (DeletedBlockLogImpl.java:commitTransactions(205)) - Transaction txId=1 commit by dnId=a7998a79-199c-44f4-b3c2-ea75c49d687d for containerID=#1 failed. Corresponding entry not found.
2019-10-18 14:22:59,985 [EventQueue-DeleteBlockStatusForDeletedBlockLogImpl] WARN  block.DeletedBlockLogImpl (DeletedBlockLogImpl.java:commitTransactions(205)) - Transaction txId=1 commit by dnId=a7998a79-199c-44f4-b3c2-ea75c49d687d for containerID=#1 failed. Corresponding entry not found.
2019-10-18 14:22:59,985 [EventQueue-DeleteBlockStatusForDeletedBlockLogImpl] WARN  block.DeletedBlockLogImpl (DeletedBlockLogImpl.java:commitTransactions(205)) - Transaction txId=1 commit by dnId=a7998a79-199c-44f4-b3c2-ea75c49d687d for containerID=#1 failed. Corresponding entry not found.
2019-10-18 14:22:59,985 [EventQueue-DeleteBlockStatusForDeletedBlockLogImpl] WARN  block.DeletedBlockLogImpl (DeletedBlockLogImpl.java:commitTransactions(205)) - Transaction txId=1 commit by dnId=a7998a79-199c-44f4-b3c2-ea75c49d687d for containerID=#1 failed. Corresponding entry not found.
2019-10-18 14:22:59,985 [Thread-952] INFO  impl.FollowerState (FollowerState.java:run(108)) - 2d385246-963b-498d-9e2e-bc24e50fd0c7@group-B8EEB2952F7B-FollowerState: change to CANDIDATE, lastRpcTime:188ms, electionTimeout:188ms
2019-10-18 14:22:59,985 [Thread-952] INFO  impl.RoleInfo (RoleInfo.java:shutdownFollowerState(121)) - 2d385246-963b-498d-9e2e-bc24e50fd0c7: shutdown FollowerState
2019-10-18 14:22:59,985 [Thread-952] INFO  impl.RaftServerImpl (RaftServerImpl.java:setRole(184)) - 2d385246-963b-498d-9e2e-bc24e50fd0c7@group-B8EEB2952F7B: changes role from  FOLLOWER to CANDIDATE at term 11 for changeToCandidate
2019-10-18 14:22:59,986 [Thread-952] INFO  impl.RoleInfo (RoleInfo.java:updateAndGet(143)) - 2d385246-963b-498d-9e2e-bc24e50fd0c7: start LeaderElection
2019-10-18 14:22:59,999 [2d385246-963b-498d-9e2e-bc24e50fd0c7@group-B8EEB2952F7B-LeaderElection66] INFO  impl.LeaderElection (LeaderElection.java:askForVotes(178)) - 2d385246-963b-498d-9e2e-bc24e50fd0c7@group-B8EEB2952F7B-LeaderElection66: begin an election at term 12 for -1: [a7998a79-199c-44f4-b3c2-ea75c49d687d:192.168.157.233:46825, 2d385246-963b-498d-9e2e-bc24e50fd0c7:192.168.157.233:40769, ee386961-2337-4a8c-9c8d-dbca8671699a:192.168.157.233:35014], old=null
2019-10-18 14:23:00,002 [grpc-default-executor-8] INFO  impl.RaftServerImpl (RaftServerImpl.java:setRole(184)) - ee386961-2337-4a8c-9c8d-dbca8671699a@group-B8EEB2952F7B: changes role from  FOLLOWER to FOLLOWER at term 12 for recognizeCandidate:2d385246-963b-498d-9e2e-bc24e50fd0c7
2019-10-18 14:23:00,002 [grpc-default-executor-5] INFO  impl.RaftServerImpl (RaftServerImpl.java:setRole(184)) - a7998a79-199c-44f4-b3c2-ea75c49d687d@group-B8EEB2952F7B: changes role from  FOLLOWER to FOLLOWER at term 12 for recognizeCandidate:2d385246-963b-498d-9e2e-bc24e50fd0c7
2019-10-18 14:23:00,002 [grpc-default-executor-8] INFO  impl.RoleInfo (RoleInfo.java:shutdownFollowerState(121)) - ee386961-2337-4a8c-9c8d-dbca8671699a: shutdown FollowerState
2019-10-18 14:23:00,002 [grpc-default-executor-5] INFO  impl.RoleInfo (RoleInfo.java:shutdownFollowerState(121)) - a7998a79-199c-44f4-b3c2-ea75c49d687d: shutdown FollowerState
2019-10-18 14:23:00,002 [grpc-default-executor-8] INFO  impl.RoleInfo (RoleInfo.java:updateAndGet(143)) - ee386961-2337-4a8c-9c8d-dbca8671699a: start FollowerState
2019-10-18 14:23:00,003 [Thread-951] INFO  impl.FollowerState (FollowerState.java:run(117)) - a7998a79-199c-44f4-b3c2-ea75c49d687d@group-B8EEB2952F7B-FollowerState was interrupted: java.lang.InterruptedException: sleep interrupted
2019-10-18 14:23:00,002 [grpc-default-executor-5] INFO  impl.RoleInfo (RoleInfo.java:updateAndGet(143)) - a7998a79-199c-44f4-b3c2-ea75c49d687d: start FollowerState
2019-10-18 14:23:00,002 [Thread-950] INFO  impl.FollowerState (FollowerState.java:run(117)) - ee386961-2337-4a8c-9c8d-dbca8671699a@group-B8EEB2952F7B-FollowerState was interrupted: java.lang.InterruptedException: sleep interrupted
2019-10-18 14:23:00,017 [2d385246-963b-498d-9e2e-bc24e50fd0c7@group-B8EEB2952F7B-LeaderElection66] INFO  impl.LeaderElection (LeaderElection.java:logAndReturn(56)) - 2d385246-963b-498d-9e2e-bc24e50fd0c7@group-B8EEB2952F7B-LeaderElection66: Election REJECTED; received 2 response(s) [2d385246-963b-498d-9e2e-bc24e50fd0c7<-a7998a79-199c-44f4-b3c2-ea75c49d687d#0:FAIL-t12, 2d385246-963b-498d-9e2e-bc24e50fd0c7<-ee386961-2337-4a8c-9c8d-dbca8671699a#0:FAIL-t12] and 0 exception(s); 2d385246-963b-498d-9e2e-bc24e50fd0c7@group-B8EEB2952F7B:t12, leader=null, voted=2d385246-963b-498d-9e2e-bc24e50fd0c7, raftlog=2d385246-963b-498d-9e2e-bc24e50fd0c7@group-B8EEB2952F7B-SegmentedRaftLog:OPENED:c-1,f-1,i0, conf=-1: [a7998a79-199c-44f4-b3c2-ea75c49d687d:192.168.157.233:46825, 2d385246-963b-498d-9e2e-bc24e50fd0c7:192.168.157.233:40769, ee386961-2337-4a8c-9c8d-dbca8671699a:192.168.157.233:35014], old=null
2019-10-18 14:23:00,018 [2d385246-963b-498d-9e2e-bc24e50fd0c7@group-B8EEB2952F7B-LeaderElection66] INFO  impl.RaftServerImpl (RaftServerImpl.java:setRole(184)) - 2d385246-963b-498d-9e2e-bc24e50fd0c7@group-B8EEB2952F7B: changes role from CANDIDATE to FOLLOWER at term 12 for DISCOVERED_A_NEW_TERM
2019-10-18 14:23:00,018 [2d385246-963b-498d-9e2e-bc24e50fd0c7@group-B8EEB2952F7B-LeaderElection66] INFO  impl.RoleInfo (RoleInfo.java:shutdownLeaderElection(134)) - 2d385246-963b-498d-9e2e-bc24e50fd0c7: shutdown LeaderElection
2019-10-18 14:23:00,018 [2d385246-963b-498d-9e2e-bc24e50fd0c7@group-B8EEB2952F7B-LeaderElection66] INFO  impl.RoleInfo (RoleInfo.java:updateAndGet(143)) - 2d385246-963b-498d-9e2e-bc24e50fd0c7: start FollowerState
2019-10-18 14:23:00,061 [BlockDeletingService#0] WARN  background.BlockDeletingService (BlockDeletingService.java:isDeletionAllowed(187)) - Close Container log Index 6 is not replicated across allthe servers in the pipeline 5a21c002-5003-4cac-9183-8175d73357f8 as the min replicated index is 4. Deletion is not allowed in this container yet.
2019-10-18 14:23:00,061 [BlockDeletingService#2] WARN  background.BlockDeletingService (BlockDeletingService.java:isDeletionAllowed(187)) - Close Container log Index 6 is not replicated across allthe servers in the pipeline 5a21c002-5003-4cac-9183-8175d73357f8 as the min replicated index is 4. Deletion is not allowed in this container yet.
2019-10-18 14:23:00,079 [Thread-968] INFO  client.GrpcClientProtocolService (GrpcClientProtocolService.java:lambda$processClientRequest$0(278)) - Failed RaftClientRequest:client-49F5F9D51947->2d385246-963b-498d-9e2e-bc24e50fd0c7@group-8175D73357F8, cid=10, seq=0, Watch-ALL_COMMITTED(6), Message:<EMPTY>, reply=RaftClientReply:client-49F5F9D51947->2d385246-963b-498d-9e2e-bc24e50fd0c7@group-8175D73357F8, cid=10, FAILED org.apache.ratis.protocol.NotLeaderException: Server 2d385246-963b-498d-9e2e-bc24e50fd0c7@group-8175D73357F8 is not the leader, logIndex=0, commits[2d385246-963b-498d-9e2e-bc24e50fd0c7:c10, a7998a79-199c-44f4-b3c2-ea75c49d687d:c4, ee386961-2337-4a8c-9c8d-dbca8671699a:c10]
2019-10-18 14:23:00,116 [Thread-964] INFO  impl.FollowerState (FollowerState.java:run(108)) - 2d385246-963b-498d-9e2e-bc24e50fd0c7@group-B8EEB2952F7B-FollowerState: change to CANDIDATE, lastRpcTime:98ms, electionTimeout:98ms
2019-10-18 14:23:00,116 [Thread-964] INFO  impl.RoleInfo (RoleInfo.java:shutdownFollowerState(121)) - 2d385246-963b-498d-9e2e-bc24e50fd0c7: shutdown FollowerState
2019-10-18 14:23:00,117 [Thread-964] INFO  impl.RaftServerImpl (RaftServerImpl.java:setRole(184)) - 2d385246-963b-498d-9e2e-bc24e50fd0c7@group-B8EEB2952F7B: changes role from  FOLLOWER to CANDIDATE at term 12 for changeToCandidate
2019-10-18 14:23:00,117 [Thread-964] INFO  impl.RoleInfo (RoleInfo.java:updateAndGet(143)) - 2d385246-963b-498d-9e2e-bc24e50fd0c7: start LeaderElection
2019-10-18 14:23:00,128 [Thread-958] INFO  impl.FollowerState (FollowerState.java:run(108)) - a7998a79-199c-44f4-b3c2-ea75c49d687d@group-8175D73357F8-FollowerState: change to CANDIDATE, lastRpcTime:169ms, electionTimeout:169ms
2019-10-18 14:23:00,129 [Thread-958] INFO  impl.RoleInfo (RoleInfo.java:shutdownFollowerState(121)) - a7998a79-199c-44f4-b3c2-ea75c49d687d: shutdown FollowerState
2019-10-18 14:23:00,129 [Thread-958] INFO  impl.RaftServerImpl (RaftServerImpl.java:setRole(184)) - a7998a79-199c-44f4-b3c2-ea75c49d687d@group-8175D73357F8: changes role from  FOLLOWER to CANDIDATE at term 46 for changeToCandidate
2019-10-18 14:23:00,129 [Thread-958] INFO  impl.RoleInfo (RoleInfo.java:updateAndGet(143)) - a7998a79-199c-44f4-b3c2-ea75c49d687d: start LeaderElection
2019-10-18 14:23:00,130 [2d385246-963b-498d-9e2e-bc24e50fd0c7@group-B8EEB2952F7B-LeaderElection67] INFO  impl.LeaderElection (LeaderElection.java:askForVotes(178)) - 2d385246-963b-498d-9e2e-bc24e50fd0c7@group-B8EEB2952F7B-LeaderElection67: begin an election at term 13 for -1: [a7998a79-199c-44f4-b3c2-ea75c49d687d:192.168.157.233:46825, 2d385246-963b-498d-9e2e-bc24e50fd0c7:192.168.157.233:40769, ee386961-2337-4a8c-9c8d-dbca8671699a:192.168.157.233:35014], old=null
2019-10-18 14:23:00,131 [2d385246-963b-498d-9e2e-bc24e50fd0c7@group-B8EEB2952F7B-LeaderElection67] INFO  impl.LeaderElection (LeaderElection.java:logAndReturn(56)) - 2d385246-963b-498d-9e2e-bc24e50fd0c7@group-B8EEB2952F7B-LeaderElection67: Election TIMEOUT; received 0 response(s) [] and 0 exception(s); 2d385246-963b-498d-9e2e-bc24e50fd0c7@group-B8EEB2952F7B:t13, leader=null, voted=2d385246-963b-498d-9e2e-bc24e50fd0c7, raftlog=2d385246-963b-498d-9e2e-bc24e50fd0c7@group-B8EEB2952F7B-SegmentedRaftLog:OPENED:c-1,f-1,i0, conf=-1: [a7998a79-199c-44f4-b3c2-ea75c49d687d:192.168.157.233:46825, 2d385246-963b-498d-9e2e-bc24e50fd0c7:192.168.157.233:40769, ee386961-2337-4a8c-9c8d-dbca8671699a:192.168.157.233:35014], old=null
2019-10-18 14:23:00,132 [a7998a79-199c-44f4-b3c2-ea75c49d687d@group-8175D73357F8-LeaderElection68] INFO  impl.LeaderElection (LeaderElection.java:askForVotes(178)) - a7998a79-199c-44f4-b3c2-ea75c49d687d@group-8175D73357F8-LeaderElection68: begin an election at term 47 for 0: [a7998a79-199c-44f4-b3c2-ea75c49d687d:192.168.157.233:46825, 2d385246-963b-498d-9e2e-bc24e50fd0c7:192.168.157.233:40769, ee386961-2337-4a8c-9c8d-dbca8671699a:192.168.157.233:35014], old=null
2019-10-18 14:23:00,133 [grpc-default-executor-8] INFO  impl.RaftServerImpl (RaftServerImpl.java:setRole(184)) - a7998a79-199c-44f4-b3c2-ea75c49d687d@group-B8EEB2952F7B: changes role from  FOLLOWER to FOLLOWER at term 13 for recognizeCandidate:2d385246-963b-498d-9e2e-bc24e50fd0c7
2019-10-18 14:23:00,133 [grpc-default-executor-8] INFO  impl.RoleInfo (RoleInfo.java:shutdownFollowerState(121)) - a7998a79-199c-44f4-b3c2-ea75c49d687d: shutdown FollowerState
2019-10-18 14:23:00,134 [grpc-default-executor-5] INFO  impl.RaftServerImpl (RaftServerImpl.java:setRole(184)) - ee386961-2337-4a8c-9c8d-dbca8671699a@group-B8EEB2952F7B: changes role from  FOLLOWER to FOLLOWER at term 13 for recognizeCandidate:2d385246-963b-498d-9e2e-bc24e50fd0c7
2019-10-18 14:23:00,134 [grpc-default-executor-8] INFO  impl.RoleInfo (RoleInfo.java:updateAndGet(143)) - a7998a79-199c-44f4-b3c2-ea75c49d687d: start FollowerState
2019-10-18 14:23:00,134 [grpc-default-executor-5] INFO  impl.RoleInfo (RoleInfo.java:shutdownFollowerState(121)) - ee386961-2337-4a8c-9c8d-dbca8671699a: shutdown FollowerState
2019-10-18 14:23:00,134 [Thread-963] INFO  impl.FollowerState (FollowerState.java:run(117)) - a7998a79-199c-44f4-b3c2-ea75c49d687d@group-B8EEB2952F7B-FollowerState was interrupted: java.lang.InterruptedException: sleep interrupted
2019-10-18 14:23:00,134 [grpc-default-executor-5] INFO  impl.RoleInfo (RoleInfo.java:updateAndGet(143)) - ee386961-2337-4a8c-9c8d-dbca8671699a: start FollowerState
2019-10-18 14:23:00,134 [Thread-962] INFO  impl.FollowerState (FollowerState.java:run(117)) - ee386961-2337-4a8c-9c8d-dbca8671699a@group-B8EEB2952F7B-FollowerState was interrupted: java.lang.InterruptedException: sleep interrupted
2019-10-18 14:23:00,135 [2d385246-963b-498d-9e2e-bc24e50fd0c7@group-B8EEB2952F7B-LeaderElection67] INFO  impl.LeaderElection (LeaderElection.java:askForVotes(178)) - 2d385246-963b-498d-9e2e-bc24e50fd0c7@group-B8EEB2952F7B-LeaderElection67: begin an election at term 14 for -1: [a7998a79-199c-44f4-b3c2-ea75c49d687d:192.168.157.233:46825, 2d385246-963b-498d-9e2e-bc24e50fd0c7:192.168.157.233:40769, ee386961-2337-4a8c-9c8d-dbca8671699a:192.168.157.233:35014], old=null
2019-10-18 14:23:00,135 [grpc-default-executor-0] INFO  impl.RaftServerImpl (RaftServerImpl.java:setRole(184)) - 2d385246-963b-498d-9e2e-bc24e50fd0c7@group-8175D73357F8: changes role from  FOLLOWER to FOLLOWER at term 47 for recognizeCandidate:a7998a79-199c-44f4-b3c2-ea75c49d687d
2019-10-18 14:23:00,135 [grpc-default-executor-0] INFO  impl.RoleInfo (RoleInfo.java:shutdownFollowerState(121)) - 2d385246-963b-498d-9e2e-bc24e50fd0c7: shutdown FollowerState
2019-10-18 14:23:00,135 [grpc-default-executor-0] INFO  impl.RoleInfo (RoleInfo.java:updateAndGet(143)) - 2d385246-963b-498d-9e2e-bc24e50fd0c7: start FollowerState
2019-10-18 14:23:00,136 [Thread-956] INFO  impl.FollowerState (FollowerState.java:run(117)) - 2d385246-963b-498d-9e2e-bc24e50fd0c7@group-8175D73357F8-FollowerState was interrupted: java.lang.InterruptedException: sleep interrupted
2019-10-18 14:23:00,136 [grpc-default-executor-7] INFO  impl.RaftServerImpl (RaftServerImpl.java:setRole(184)) - ee386961-2337-4a8c-9c8d-dbca8671699a@group-8175D73357F8: changes role from  FOLLOWER to FOLLOWER at term 47 for recognizeCandidate:a7998a79-199c-44f4-b3c2-ea75c49d687d
2019-10-18 14:23:00,136 [grpc-default-executor-7] INFO  impl.RoleInfo (RoleInfo.java:shutdownFollowerState(121)) - ee386961-2337-4a8c-9c8d-dbca8671699a: shutdown FollowerState
2019-10-18 14:23:00,136 [grpc-default-executor-7] INFO  impl.RoleInfo (RoleInfo.java:updateAndGet(143)) - ee386961-2337-4a8c-9c8d-dbca8671699a: start FollowerState
2019-10-18 14:23:00,136 [Thread-957] INFO  impl.FollowerState (FollowerState.java:run(117)) - ee386961-2337-4a8c-9c8d-dbca8671699a@group-8175D73357F8-FollowerState was interrupted: java.lang.InterruptedException: sleep interrupted
2019-10-18 14:23:00,144 [2d385246-963b-498d-9e2e-bc24e50fd0c7@group-B8EEB2952F7B-LeaderElection67] INFO  impl.LeaderElection (LeaderElection.java:logAndReturn(56)) - 2d385246-963b-498d-9e2e-bc24e50fd0c7@group-B8EEB2952F7B-LeaderElection67: Election TIMEOUT; received 0 response(s) [] and 0 exception(s); 2d385246-963b-498d-9e2e-bc24e50fd0c7@group-B8EEB2952F7B:t14, leader=null, voted=2d385246-963b-498d-9e2e-bc24e50fd0c7, raftlog=2d385246-963b-498d-9e2e-bc24e50fd0c7@group-B8EEB2952F7B-SegmentedRaftLog:OPENED:c-1,f-1,i0, conf=-1: [a7998a79-199c-44f4-b3c2-ea75c49d687d:192.168.157.233:46825, 2d385246-963b-498d-9e2e-bc24e50fd0c7:192.168.157.233:40769, ee386961-2337-4a8c-9c8d-dbca8671699a:192.168.157.233:35014], old=null
2019-10-18 14:23:00,148 [2d385246-963b-498d-9e2e-bc24e50fd0c7@group-B8EEB2952F7B-LeaderElection67] INFO  impl.LeaderElection (LeaderElection.java:askForVotes(178)) - 2d385246-963b-498d-9e2e-bc24e50fd0c7@group-B8EEB2952F7B-LeaderElection67: begin an election at term 15 for -1: [a7998a79-199c-44f4-b3c2-ea75c49d687d:192.168.157.233:46825, 2d385246-963b-498d-9e2e-bc24e50fd0c7:192.168.157.233:40769, ee386961-2337-4a8c-9c8d-dbca8671699a:192.168.157.233:35014], old=null
2019-10-18 14:23:00,148 [grpc-default-executor-4] INFO  impl.RaftServerImpl (RaftServerImpl.java:setRole(184)) - ee386961-2337-4a8c-9c8d-dbca8671699a@group-B8EEB2952F7B: changes role from  FOLLOWER to FOLLOWER at term 14 for recognizeCandidate:2d385246-963b-498d-9e2e-bc24e50fd0c7
2019-10-18 14:23:00,148 [grpc-default-executor-10] INFO  impl.RaftServerImpl (RaftServerImpl.java:setRole(184)) - a7998a79-199c-44f4-b3c2-ea75c49d687d@group-B8EEB2952F7B: changes role from  FOLLOWER to FOLLOWER at term 14 for recognizeCandidate:2d385246-963b-498d-9e2e-bc24e50fd0c7
2019-10-18 14:23:00,148 [grpc-default-executor-4] INFO  impl.RoleInfo (RoleInfo.java:shutdownFollowerState(121)) - ee386961-2337-4a8c-9c8d-dbca8671699a: shutdown FollowerState
2019-10-18 14:23:00,149 [grpc-default-executor-10] INFO  impl.RoleInfo (RoleInfo.java:shutdownFollowerState(121)) - a7998a79-199c-44f4-b3c2-ea75c49d687d: shutdown FollowerState
2019-10-18 14:23:00,149 [Thread-977] INFO  impl.FollowerState (FollowerState.java:run(117)) - ee386961-2337-4a8c-9c8d-dbca8671699a@group-B8EEB2952F7B-FollowerState was interrupted: java.lang.InterruptedException: sleep interrupted
2019-10-18 14:23:00,149 [grpc-default-executor-4] INFO  impl.RoleInfo (RoleInfo.java:updateAndGet(143)) - ee386961-2337-4a8c-9c8d-dbca8671699a: start FollowerState
2019-10-18 14:23:00,149 [Thread-976] INFO  impl.FollowerState (FollowerState.java:run(117)) - a7998a79-199c-44f4-b3c2-ea75c49d687d@group-B8EEB2952F7B-FollowerState was interrupted: java.lang.InterruptedException: sleep interrupted
2019-10-18 14:23:00,149 [grpc-default-executor-10] INFO  impl.RoleInfo (RoleInfo.java:updateAndGet(143)) - a7998a79-199c-44f4-b3c2-ea75c49d687d: start FollowerState
2019-10-18 14:23:00,149 [a7998a79-199c-44f4-b3c2-ea75c49d687d@group-8175D73357F8-LeaderElection68] INFO  impl.LeaderElection (LeaderElection.java:logAndReturn(56)) - a7998a79-199c-44f4-b3c2-ea75c49d687d@group-8175D73357F8-LeaderElection68: Election REJECTED; received 2 response(s) [a7998a79-199c-44f4-b3c2-ea75c49d687d<-2d385246-963b-498d-9e2e-bc24e50fd0c7#0:FAIL-t47, a7998a79-199c-44f4-b3c2-ea75c49d687d<-ee386961-2337-4a8c-9c8d-dbca8671699a#0:FAIL-t47] and 0 exception(s); a7998a79-199c-44f4-b3c2-ea75c49d687d@group-8175D73357F8:t47, leader=null, voted=a7998a79-199c-44f4-b3c2-ea75c49d687d, raftlog=a7998a79-199c-44f4-b3c2-ea75c49d687d@group-8175D73357F8-SegmentedRaftLog:OPENED:c3,f4,i4, conf=0: [a7998a79-199c-44f4-b3c2-ea75c49d687d:192.168.157.233:46825, 2d385246-963b-498d-9e2e-bc24e50fd0c7:192.168.157.233:40769, ee386961-2337-4a8c-9c8d-dbca8671699a:192.168.157.233:35014], old=null
2019-10-18 14:23:00,150 [a7998a79-199c-44f4-b3c2-ea75c49d687d@group-8175D73357F8-LeaderElection68] INFO  impl.RaftServerImpl (RaftServerImpl.java:setRole(184)) - a7998a79-199c-44f4-b3c2-ea75c49d687d@group-8175D73357F8: changes role from CANDIDATE to FOLLOWER at term 47 for DISCOVERED_A_NEW_TERM
2019-10-18 14:23:00,150 [a7998a79-199c-44f4-b3c2-ea75c49d687d@group-8175D73357F8-LeaderElection68] INFO  impl.RoleInfo (RoleInfo.java:shutdownLeaderElection(134)) - a7998a79-199c-44f4-b3c2-ea75c49d687d: shutdown LeaderElection
2019-10-18 14:23:00,151 [a7998a79-199c-44f4-b3c2-ea75c49d687d@group-8175D73357F8-LeaderElection68] INFO  impl.RoleInfo (RoleInfo.java:updateAndGet(143)) - a7998a79-199c-44f4-b3c2-ea75c49d687d: start FollowerState
2019-10-18 14:23:00,161 [grpc-default-executor-8] INFO  impl.RaftServerImpl (RaftServerImpl.java:setRole(184)) - ee386961-2337-4a8c-9c8d-dbca8671699a@group-B8EEB2952F7B: changes role from  FOLLOWER to FOLLOWER at term 15 for recognizeCandidate:2d385246-963b-498d-9e2e-bc24e50fd0c7
2019-10-18 14:23:00,161 [grpc-default-executor-8] INFO  impl.RoleInfo (RoleInfo.java:shutdownFollowerState(121)) - ee386961-2337-4a8c-9c8d-dbca8671699a: shutdown FollowerState
2019-10-18 14:23:00,161 [grpc-default-executor-7] INFO  impl.RaftServerImpl (RaftServerImpl.java:setRole(184)) - a7998a79-199c-44f4-b3c2-ea75c49d687d@group-B8EEB2952F7B: changes role from  FOLLOWER to FOLLOWER at term 15 for recognizeCandidate:2d385246-963b-498d-9e2e-bc24e50fd0c7
2019-10-18 14:23:00,161 [Thread-984] INFO  impl.FollowerState (FollowerState.java:run(117)) - ee386961-2337-4a8c-9c8d-dbca8671699a@group-B8EEB2952F7B-FollowerState was interrupted: java.lang.InterruptedException: sleep interrupted
2019-10-18 14:23:00,161 [grpc-default-executor-8] INFO  impl.RoleInfo (RoleInfo.java:updateAndGet(143)) - ee386961-2337-4a8c-9c8d-dbca8671699a: start FollowerState
2019-10-18 14:23:00,161 [grpc-default-executor-7] INFO  impl.RoleInfo (RoleInfo.java:shutdownFollowerState(121)) - a7998a79-199c-44f4-b3c2-ea75c49d687d: shutdown FollowerState
2019-10-18 14:23:00,162 [grpc-default-executor-7] INFO  impl.RoleInfo (RoleInfo.java:updateAndGet(143)) - a7998a79-199c-44f4-b3c2-ea75c49d687d: start FollowerState
2019-10-18 14:23:00,162 [Thread-985] INFO  impl.FollowerState (FollowerState.java:run(117)) - a7998a79-199c-44f4-b3c2-ea75c49d687d@group-B8EEB2952F7B-FollowerState was interrupted: java.lang.InterruptedException: sleep interrupted
2019-10-18 14:23:00,168 [2d385246-963b-498d-9e2e-bc24e50fd0c7@group-B8EEB2952F7B-LeaderElection67] INFO  impl.LeaderElection (LeaderElection.java:logAndReturn(56)) - 2d385246-963b-498d-9e2e-bc24e50fd0c7@group-B8EEB2952F7B-LeaderElection67: Election TIMEOUT; received 0 response(s) [] and 0 exception(s); 2d385246-963b-498d-9e2e-bc24e50fd0c7@group-B8EEB2952F7B:t15, leader=null, voted=2d385246-963b-498d-9e2e-bc24e50fd0c7, raftlog=2d385246-963b-498d-9e2e-bc24e50fd0c7@group-B8EEB2952F7B-SegmentedRaftLog:OPENED:c-1,f-1,i0, conf=-1: [a7998a79-199c-44f4-b3c2-ea75c49d687d:192.168.157.233:46825, 2d385246-963b-498d-9e2e-bc24e50fd0c7:192.168.157.233:40769, ee386961-2337-4a8c-9c8d-dbca8671699a:192.168.157.233:35014], old=null
2019-10-18 14:23:00,184 [2d385246-963b-498d-9e2e-bc24e50fd0c7@group-B8EEB2952F7B-LeaderElection67] INFO  impl.LeaderElection (LeaderElection.java:askForVotes(178)) - 2d385246-963b-498d-9e2e-bc24e50fd0c7@group-B8EEB2952F7B-LeaderElection67: begin an election at term 16 for -1: [a7998a79-199c-44f4-b3c2-ea75c49d687d:192.168.157.233:46825, 2d385246-963b-498d-9e2e-bc24e50fd0c7:192.168.157.233:40769, ee386961-2337-4a8c-9c8d-dbca8671699a:192.168.157.233:35014], old=null
2019-10-18 14:23:00,186 [grpc-default-executor-8] INFO  impl.RaftServerImpl (RaftServerImpl.java:setRole(184)) - ee386961-2337-4a8c-9c8d-dbca8671699a@group-B8EEB2952F7B: changes role from  FOLLOWER to FOLLOWER at term 16 for recognizeCandidate:2d385246-963b-498d-9e2e-bc24e50fd0c7
2019-10-18 14:23:00,186 [grpc-default-executor-8] INFO  impl.RoleInfo (RoleInfo.java:shutdownFollowerState(121)) - ee386961-2337-4a8c-9c8d-dbca8671699a: shutdown FollowerState
2019-10-18 14:23:00,186 [grpc-default-executor-7] INFO  impl.RaftServerImpl (RaftServerImpl.java:setRole(184)) - a7998a79-199c-44f4-b3c2-ea75c49d687d@group-B8EEB2952F7B: changes role from  FOLLOWER to FOLLOWER at term 16 for recognizeCandidate:2d385246-963b-498d-9e2e-bc24e50fd0c7
2019-10-18 14:23:00,186 [grpc-default-executor-7] INFO  impl.RoleInfo (RoleInfo.java:shutdownFollowerState(121)) - a7998a79-199c-44f4-b3c2-ea75c49d687d: shutdown FollowerState
2019-10-18 14:23:00,186 [Thread-987] INFO  impl.FollowerState (FollowerState.java:run(117)) - ee386961-2337-4a8c-9c8d-dbca8671699a@group-B8EEB2952F7B-FollowerState was interrupted: java.lang.InterruptedException: sleep interrupted
2019-10-18 14:23:00,186 [grpc-default-executor-8] INFO  impl.RoleInfo (RoleInfo.java:updateAndGet(143)) - ee386961-2337-4a8c-9c8d-dbca8671699a: start FollowerState
2019-10-18 14:23:00,187 [Thread-988] INFO  impl.FollowerState (FollowerState.java:run(117)) - a7998a79-199c-44f4-b3c2-ea75c49d687d@group-B8EEB2952F7B-FollowerState was interrupted: java.lang.InterruptedException: sleep interrupted
2019-10-18 14:23:00,187 [grpc-default-executor-7] INFO  impl.RoleInfo (RoleInfo.java:updateAndGet(143)) - a7998a79-199c-44f4-b3c2-ea75c49d687d: start FollowerState
2019-10-18 14:23:00,209 [2d385246-963b-498d-9e2e-bc24e50fd0c7@group-B8EEB2952F7B-LeaderElection67] INFO  impl.LeaderElection (LeaderElection.java:logAndReturn(56)) - 2d385246-963b-498d-9e2e-bc24e50fd0c7@group-B8EEB2952F7B-LeaderElection67: Election REJECTED; received 2 response(s) [2d385246-963b-498d-9e2e-bc24e50fd0c7<-a7998a79-199c-44f4-b3c2-ea75c49d687d#0:FAIL-t16, 2d385246-963b-498d-9e2e-bc24e50fd0c7<-ee386961-2337-4a8c-9c8d-dbca8671699a#0:FAIL-t16] and 0 exception(s); 2d385246-963b-498d-9e2e-bc24e50fd0c7@group-B8EEB2952F7B:t16, leader=null, voted=2d385246-963b-498d-9e2e-bc24e50fd0c7, raftlog=2d385246-963b-498d-9e2e-bc24e50fd0c7@group-B8EEB2952F7B-SegmentedRaftLog:OPENED:c-1,f-1,i0, conf=-1: [a7998a79-199c-44f4-b3c2-ea75c49d687d:192.168.157.233:46825, 2d385246-963b-498d-9e2e-bc24e50fd0c7:192.168.157.233:40769, ee386961-2337-4a8c-9c8d-dbca8671699a:192.168.157.233:35014], old=null
2019-10-18 14:23:00,209 [2d385246-963b-498d-9e2e-bc24e50fd0c7@group-B8EEB2952F7B-LeaderElection67] INFO  impl.RaftServerImpl (RaftServerImpl.java:setRole(184)) - 2d385246-963b-498d-9e2e-bc24e50fd0c7@group-B8EEB2952F7B: changes role from CANDIDATE to FOLLOWER at term 16 for DISCOVERED_A_NEW_TERM
2019-10-18 14:23:00,210 [2d385246-963b-498d-9e2e-bc24e50fd0c7@group-B8EEB2952F7B-LeaderElection67] INFO  impl.RoleInfo (RoleInfo.java:shutdownLeaderElection(134)) - 2d385246-963b-498d-9e2e-bc24e50fd0c7: shutdown LeaderElection
2019-10-18 14:23:00,210 [2d385246-963b-498d-9e2e-bc24e50fd0c7@group-B8EEB2952F7B-LeaderElection67] INFO  impl.RoleInfo (RoleInfo.java:updateAndGet(143)) - 2d385246-963b-498d-9e2e-bc24e50fd0c7: start FollowerState
2019-10-18 14:23:00,339 [Thread-986] INFO  impl.FollowerState (FollowerState.java:run(108)) - a7998a79-199c-44f4-b3c2-ea75c49d687d@group-8175D73357F8-FollowerState: change to CANDIDATE, lastRpcTime:188ms, electionTimeout:188ms
2019-10-18 14:23:00,339 [Thread-986] INFO  impl.RoleInfo (RoleInfo.java:shutdownFollowerState(121)) - a7998a79-199c-44f4-b3c2-ea75c49d687d: shutdown FollowerState
2019-10-18 14:23:00,339 [Thread-986] INFO  impl.RaftServerImpl (RaftServerImpl.java:setRole(184)) - a7998a79-199c-44f4-b3c2-ea75c49d687d@group-8175D73357F8: changes role from  FOLLOWER to CANDIDATE at term 47 for changeToCandidate
2019-10-18 14:23:00,339 [Thread-986] INFO  impl.RoleInfo (RoleInfo.java:updateAndGet(143)) - a7998a79-199c-44f4-b3c2-ea75c49d687d: start LeaderElection
2019-10-18 14:23:00,354 [a7998a79-199c-44f4-b3c2-ea75c49d687d@group-8175D73357F8-LeaderElection69] INFO  impl.LeaderElection (LeaderElection.java:askForVotes(178)) - a7998a79-199c-44f4-b3c2-ea75c49d687d@group-8175D73357F8-LeaderElection69: begin an election at term 48 for 0: [a7998a79-199c-44f4-b3c2-ea75c49d687d:192.168.157.233:46825, 2d385246-963b-498d-9e2e-bc24e50fd0c7:192.168.157.233:40769, ee386961-2337-4a8c-9c8d-dbca8671699a:192.168.157.233:35014], old=null
2019-10-18 14:23:00,357 [grpc-default-executor-7] INFO  impl.RaftServerImpl (RaftServerImpl.java:setRole(184)) - 2d385246-963b-498d-9e2e-bc24e50fd0c7@group-8175D73357F8: changes role from  FOLLOWER to FOLLOWER at term 48 for recognizeCandidate:a7998a79-199c-44f4-b3c2-ea75c49d687d
2019-10-18 14:23:00,357 [grpc-default-executor-7] INFO  impl.RoleInfo (RoleInfo.java:shutdownFollowerState(121)) - 2d385246-963b-498d-9e2e-bc24e50fd0c7: shutdown FollowerState
2019-10-18 14:23:00,357 [grpc-default-executor-8] INFO  impl.RaftServerImpl (RaftServerImpl.java:setRole(184)) - ee386961-2337-4a8c-9c8d-dbca8671699a@group-8175D73357F8: changes role from  FOLLOWER to FOLLOWER at term 48 for recognizeCandidate:a7998a79-199c-44f4-b3c2-ea75c49d687d
2019-10-18 14:23:00,357 [Thread-980] INFO  impl.FollowerState (FollowerState.java:run(117)) - 2d385246-963b-498d-9e2e-bc24e50fd0c7@group-8175D73357F8-FollowerState was interrupted: java.lang.InterruptedException: sleep interrupted
2019-10-18 14:23:00,357 [grpc-default-executor-7] INFO  impl.RoleInfo (RoleInfo.java:updateAndGet(143)) - 2d385246-963b-498d-9e2e-bc24e50fd0c7: start FollowerState
2019-10-18 14:23:00,357 [grpc-default-executor-8] INFO  impl.RoleInfo (RoleInfo.java:shutdownFollowerState(121)) - ee386961-2337-4a8c-9c8d-dbca8671699a: shutdown FollowerState
2019-10-18 14:23:00,358 [grpc-default-executor-8] INFO  impl.RoleInfo (RoleInfo.java:updateAndGet(143)) - ee386961-2337-4a8c-9c8d-dbca8671699a: start FollowerState
2019-10-18 14:23:00,358 [Thread-981] INFO  impl.FollowerState (FollowerState.java:run(117)) - ee386961-2337-4a8c-9c8d-dbca8671699a@group-8175D73357F8-FollowerState was interrupted: java.lang.InterruptedException: sleep interrupted
2019-10-18 14:23:00,366 [a7998a79-199c-44f4-b3c2-ea75c49d687d@group-8175D73357F8-LeaderElection69] INFO  impl.LeaderElection (LeaderElection.java:logAndReturn(56)) - a7998a79-199c-44f4-b3c2-ea75c49d687d@group-8175D73357F8-LeaderElection69: Election TIMEOUT; received 0 response(s) [] and 0 exception(s); a7998a79-199c-44f4-b3c2-ea75c49d687d@group-8175D73357F8:t48, leader=null, voted=a7998a79-199c-44f4-b3c2-ea75c49d687d, raftlog=a7998a79-199c-44f4-b3c2-ea75c49d687d@group-8175D73357F8-SegmentedRaftLog:OPENED:c3,f4,i4, conf=0: [a7998a79-199c-44f4-b3c2-ea75c49d687d:192.168.157.233:46825, 2d385246-963b-498d-9e2e-bc24e50fd0c7:192.168.157.233:40769, ee386961-2337-4a8c-9c8d-dbca8671699a:192.168.157.233:35014], old=null
2019-10-18 14:23:00,382 [Thread-993] INFO  impl.FollowerState (FollowerState.java:run(108)) - 2d385246-963b-498d-9e2e-bc24e50fd0c7@group-B8EEB2952F7B-FollowerState: change to CANDIDATE, lastRpcTime:172ms, electionTimeout:172ms
2019-10-18 14:23:00,382 [Thread-993] INFO  impl.RoleInfo (RoleInfo.java:shutdownFollowerState(121)) - 2d385246-963b-498d-9e2e-bc24e50fd0c7: shutdown FollowerState
2019-10-18 14:23:00,382 [Thread-993] INFO  impl.RaftServerImpl (RaftServerImpl.java:setRole(184)) - 2d385246-963b-498d-9e2e-bc24e50fd0c7@group-B8EEB2952F7B: changes role from  FOLLOWER to CANDIDATE at term 16 for changeToCandidate
2019-10-18 14:23:00,383 [Thread-993] INFO  impl.RoleInfo (RoleInfo.java:updateAndGet(143)) - 2d385246-963b-498d-9e2e-bc24e50fd0c7: start LeaderElection
2019-10-18 14:23:00,383 [a7998a79-199c-44f4-b3c2-ea75c49d687d@group-8175D73357F8-LeaderElection69] INFO  impl.LeaderElection (LeaderElection.java:askForVotes(178)) - a7998a79-199c-44f4-b3c2-ea75c49d687d@group-8175D73357F8-LeaderElection69: begin an election at term 49 for 0: [a7998a79-199c-44f4-b3c2-ea75c49d687d:192.168.157.233:46825, 2d385246-963b-498d-9e2e-bc24e50fd0c7:192.168.157.233:40769, ee386961-2337-4a8c-9c8d-dbca8671699a:192.168.157.233:35014], old=null
2019-10-18 14:23:00,385 [grpc-default-executor-8] INFO  impl.RaftServerImpl (RaftServerImpl.java:setRole(184)) - 2d385246-963b-498d-9e2e-bc24e50fd0c7@group-8175D73357F8: changes role from  FOLLOWER to FOLLOWER at term 49 for recognizeCandidate:a7998a79-199c-44f4-b3c2-ea75c49d687d
2019-10-18 14:23:00,385 [grpc-default-executor-8] INFO  impl.RoleInfo (RoleInfo.java:shutdownFollowerState(121)) - 2d385246-963b-498d-9e2e-bc24e50fd0c7: shutdown FollowerState
2019-10-18 14:23:00,385 [grpc-default-executor-8] INFO  impl.RoleInfo (RoleInfo.java:updateAndGet(143)) - 2d385246-963b-498d-9e2e-bc24e50fd0c7: start FollowerState
2019-10-18 14:23:00,385 [Thread-997] INFO  impl.FollowerState (FollowerState.java:run(117)) - 2d385246-963b-498d-9e2e-bc24e50fd0c7@group-8175D73357F8-FollowerState was interrupted: java.lang.InterruptedException: sleep interrupted
2019-10-18 14:23:00,386 [grpc-default-executor-7] INFO  impl.RaftServerImpl (RaftServerImpl.java:setRole(184)) - ee386961-2337-4a8c-9c8d-dbca8671699a@group-8175D73357F8: changes role from  FOLLOWER to FOLLOWER at term 49 for recognizeCandidate:a7998a79-199c-44f4-b3c2-ea75c49d687d
2019-10-18 14:23:00,386 [grpc-default-executor-7] INFO  impl.RoleInfo (RoleInfo.java:shutdownFollowerState(121)) - ee386961-2337-4a8c-9c8d-dbca8671699a: shutdown FollowerState
2019-10-18 14:23:00,386 [grpc-default-executor-7] INFO  impl.RoleInfo (RoleInfo.java:updateAndGet(143)) - ee386961-2337-4a8c-9c8d-dbca8671699a: start FollowerState
2019-10-18 14:23:00,386 [Thread-998] INFO  impl.FollowerState (FollowerState.java:run(117)) - ee386961-2337-4a8c-9c8d-dbca8671699a@group-8175D73357F8-FollowerState was interrupted: java.lang.InterruptedException: sleep interrupted
2019-10-18 14:23:00,409 [2d385246-963b-498d-9e2e-bc24e50fd0c7@group-B8EEB2952F7B-LeaderElection70] INFO  impl.LeaderElection (LeaderElection.java:askForVotes(178)) - 2d385246-963b-498d-9e2e-bc24e50fd0c7@group-B8EEB2952F7B-LeaderElection70: begin an election at term 17 for -1: [a7998a79-199c-44f4-b3c2-ea75c49d687d:192.168.157.233:46825, 2d385246-963b-498d-9e2e-bc24e50fd0c7:192.168.157.233:40769, ee386961-2337-4a8c-9c8d-dbca8671699a:192.168.157.233:35014], old=null
2019-10-18 14:23:00,410 [a7998a79-199c-44f4-b3c2-ea75c49d687d@group-8175D73357F8-LeaderElection69] INFO  impl.LeaderElection (LeaderElection.java:logAndReturn(56)) - a7998a79-199c-44f4-b3c2-ea75c49d687d@group-8175D73357F8-LeaderElection69: Election REJECTED; received 2 response(s) [a7998a79-199c-44f4-b3c2-ea75c49d687d<-2d385246-963b-498d-9e2e-bc24e50fd0c7#0:FAIL-t49, a7998a79-199c-44f4-b3c2-ea75c49d687d<-ee386961-2337-4a8c-9c8d-dbca8671699a#0:FAIL-t49] and 0 exception(s); a7998a79-199c-44f4-b3c2-ea75c49d687d@group-8175D73357F8:t49, leader=null, voted=a7998a79-199c-44f4-b3c2-ea75c49d687d, raftlog=a7998a79-199c-44f4-b3c2-ea75c49d687d@group-8175D73357F8-SegmentedRaftLog:OPENED:c3,f4,i4, conf=0: [a7998a79-199c-44f4-b3c2-ea75c49d687d:192.168.157.233:46825, 2d385246-963b-498d-9e2e-bc24e50fd0c7:192.168.157.233:40769, ee386961-2337-4a8c-9c8d-dbca8671699a:192.168.157.233:35014], old=null
2019-10-18 14:23:00,411 [a7998a79-199c-44f4-b3c2-ea75c49d687d@group-8175D73357F8-LeaderElection69] INFO  impl.RaftServerImpl (RaftServerImpl.java:setRole(184)) - a7998a79-199c-44f4-b3c2-ea75c49d687d@group-8175D73357F8: changes role from CANDIDATE to FOLLOWER at term 49 for DISCOVERED_A_NEW_TERM
2019-10-18 14:23:00,411 [a7998a79-199c-44f4-b3c2-ea75c49d687d@group-8175D73357F8-LeaderElection69] INFO  impl.RoleInfo (RoleInfo.java:shutdownLeaderElection(134)) - a7998a79-199c-44f4-b3c2-ea75c49d687d: shutdown LeaderElection
2019-10-18 14:23:00,411 [a7998a79-199c-44f4-b3c2-ea75c49d687d@group-8175D73357F8-LeaderElection69] INFO  impl.RoleInfo (RoleInfo.java:updateAndGet(143)) - a7998a79-199c-44f4-b3c2-ea75c49d687d: start FollowerState
2019-10-18 14:23:00,412 [grpc-default-executor-7] INFO  impl.RaftServerImpl (RaftServerImpl.java:setRole(184)) - ee386961-2337-4a8c-9c8d-dbca8671699a@group-B8EEB2952F7B: changes role from  FOLLOWER to FOLLOWER at term 17 for recognizeCandidate:2d385246-963b-498d-9e2e-bc24e50fd0c7
2019-10-18 14:23:00,412 [grpc-default-executor-7] INFO  impl.RoleInfo (RoleInfo.java:shutdownFollowerState(121)) - ee386961-2337-4a8c-9c8d-dbca8671699a: shutdown FollowerState
2019-10-18 14:23:00,412 [grpc-default-executor-7] INFO  impl.RoleInfo (RoleInfo.java:updateAndGet(143)) - ee386961-2337-4a8c-9c8d-dbca8671699a: start FollowerState
2019-10-18 14:23:00,412 [grpc-default-executor-8] INFO  impl.RaftServerImpl (RaftServerImpl.java:setRole(184)) - a7998a79-199c-44f4-b3c2-ea75c49d687d@group-B8EEB2952F7B: changes role from  FOLLOWER to FOLLOWER at term 17 for recognizeCandidate:2d385246-963b-498d-9e2e-bc24e50fd0c7
2019-10-18 14:23:00,412 [grpc-default-executor-8] INFO  impl.RoleInfo (RoleInfo.java:shutdownFollowerState(121)) - a7998a79-199c-44f4-b3c2-ea75c49d687d: shutdown FollowerState
2019-10-18 14:23:00,412 [Thread-991] INFO  impl.FollowerState (FollowerState.java:run(117)) - ee386961-2337-4a8c-9c8d-dbca8671699a@group-B8EEB2952F7B-FollowerState was interrupted: java.lang.InterruptedException: sleep interrupted
2019-10-18 14:23:00,413 [Thread-992] INFO  impl.FollowerState (FollowerState.java:run(117)) - a7998a79-199c-44f4-b3c2-ea75c49d687d@group-B8EEB2952F7B-FollowerState was interrupted: java.lang.InterruptedException: sleep interrupted
2019-10-18 14:23:00,413 [grpc-default-executor-8] INFO  impl.RoleInfo (RoleInfo.java:updateAndGet(143)) - a7998a79-199c-44f4-b3c2-ea75c49d687d: start FollowerState
2019-10-18 14:23:00,439 [2d385246-963b-498d-9e2e-bc24e50fd0c7@group-B8EEB2952F7B-LeaderElection70] INFO  impl.LeaderElection (LeaderElection.java:logAndReturn(56)) - 2d385246-963b-498d-9e2e-bc24e50fd0c7@group-B8EEB2952F7B-LeaderElection70: Election REJECTED; received 2 response(s) [2d385246-963b-498d-9e2e-bc24e50fd0c7<-a7998a79-199c-44f4-b3c2-ea75c49d687d#0:FAIL-t17, 2d385246-963b-498d-9e2e-bc24e50fd0c7<-ee386961-2337-4a8c-9c8d-dbca8671699a#0:FAIL-t17] and 0 exception(s); 2d385246-963b-498d-9e2e-bc24e50fd0c7@group-B8EEB2952F7B:t17, leader=null, voted=2d385246-963b-498d-9e2e-bc24e50fd0c7, raftlog=2d385246-963b-498d-9e2e-bc24e50fd0c7@group-B8EEB2952F7B-SegmentedRaftLog:OPENED:c-1,f-1,i0, conf=-1: [a7998a79-199c-44f4-b3c2-ea75c49d687d:192.168.157.233:46825, 2d385246-963b-498d-9e2e-bc24e50fd0c7:192.168.157.233:40769, ee386961-2337-4a8c-9c8d-dbca8671699a:192.168.157.233:35014], old=null
2019-10-18 14:23:00,439 [2d385246-963b-498d-9e2e-bc24e50fd0c7@group-B8EEB2952F7B-LeaderElection70] INFO  impl.RaftServerImpl (RaftServerImpl.java:setRole(184)) - 2d385246-963b-498d-9e2e-bc24e50fd0c7@group-B8EEB2952F7B: changes role from CANDIDATE to FOLLOWER at term 17 for DISCOVERED_A_NEW_TERM
2019-10-18 14:23:00,440 [2d385246-963b-498d-9e2e-bc24e50fd0c7@group-B8EEB2952F7B-LeaderElection70] INFO  impl.RoleInfo (RoleInfo.java:shutdownLeaderElection(134)) - 2d385246-963b-498d-9e2e-bc24e50fd0c7: shutdown LeaderElection
2019-10-18 14:23:00,440 [2d385246-963b-498d-9e2e-bc24e50fd0c7@group-B8EEB2952F7B-LeaderElection70] INFO  impl.RoleInfo (RoleInfo.java:updateAndGet(143)) - 2d385246-963b-498d-9e2e-bc24e50fd0c7: start FollowerState
2019-10-18 14:23:00,467 [Thread-1009] INFO  impl.FollowerState (FollowerState.java:run(108)) - 2d385246-963b-498d-9e2e-bc24e50fd0c7@group-B8EEB2952F7B-FollowerState: change to CANDIDATE, lastRpcTime:27ms, electionTimeout:27ms
2019-10-18 14:23:00,467 [Thread-1009] INFO  impl.RoleInfo (RoleInfo.java:shutdownFollowerState(121)) - 2d385246-963b-498d-9e2e-bc24e50fd0c7: shutdown FollowerState
2019-10-18 14:23:00,468 [Thread-1009] INFO  impl.RaftServerImpl (RaftServerImpl.java:setRole(184)) - 2d385246-963b-498d-9e2e-bc24e50fd0c7@group-B8EEB2952F7B: changes role from  FOLLOWER to CANDIDATE at term 17 for changeToCandidate
2019-10-18 14:23:00,468 [Thread-1009] INFO  impl.RoleInfo (RoleInfo.java:updateAndGet(143)) - 2d385246-963b-498d-9e2e-bc24e50fd0c7: start LeaderElection
2019-10-18 14:23:00,483 [2d385246-963b-498d-9e2e-bc24e50fd0c7@group-B8EEB2952F7B-LeaderElection71] INFO  impl.LeaderElection (LeaderElection.java:askForVotes(178)) - 2d385246-963b-498d-9e2e-bc24e50fd0c7@group-B8EEB2952F7B-LeaderElection71: begin an election at term 18 for -1: [a7998a79-199c-44f4-b3c2-ea75c49d687d:192.168.157.233:46825, 2d385246-963b-498d-9e2e-bc24e50fd0c7:192.168.157.233:40769, ee386961-2337-4a8c-9c8d-dbca8671699a:192.168.157.233:35014], old=null
2019-10-18 14:23:00,485 [grpc-default-executor-7] INFO  impl.RaftServerImpl (RaftServerImpl.java:setRole(184)) - a7998a79-199c-44f4-b3c2-ea75c49d687d@group-B8EEB2952F7B: changes role from  FOLLOWER to FOLLOWER at term 18 for recognizeCandidate:2d385246-963b-498d-9e2e-bc24e50fd0c7
2019-10-18 14:23:00,485 [grpc-default-executor-8] INFO  impl.RaftServerImpl (RaftServerImpl.java:setRole(184)) - ee386961-2337-4a8c-9c8d-dbca8671699a@group-B8EEB2952F7B: changes role from  FOLLOWER to FOLLOWER at term 18 for recognizeCandidate:2d385246-963b-498d-9e2e-bc24e50fd0c7
2019-10-18 14:23:00,485 [grpc-default-executor-7] INFO  impl.RoleInfo (RoleInfo.java:shutdownFollowerState(121)) - a7998a79-199c-44f4-b3c2-ea75c49d687d: shutdown FollowerState
2019-10-18 14:23:00,486 [grpc-default-executor-8] INFO  impl.RoleInfo (RoleInfo.java:shutdownFollowerState(121)) - ee386961-2337-4a8c-9c8d-dbca8671699a: shutdown FollowerState
2019-10-18 14:23:00,486 [Thread-1008] INFO  impl.FollowerState (FollowerState.java:run(117)) - a7998a79-199c-44f4-b3c2-ea75c49d687d@group-B8EEB2952F7B-FollowerState was interrupted: java.lang.InterruptedException: sleep interrupted
2019-10-18 14:23:00,486 [grpc-default-executor-7] INFO  impl.RoleInfo (RoleInfo.java:updateAndGet(143)) - a7998a79-199c-44f4-b3c2-ea75c49d687d: start FollowerState
2019-10-18 14:23:00,486 [Thread-1007] INFO  impl.FollowerState (FollowerState.java:run(117)) - ee386961-2337-4a8c-9c8d-dbca8671699a@group-B8EEB2952F7B-FollowerState was interrupted: java.lang.InterruptedException: sleep interrupted
2019-10-18 14:23:00,486 [grpc-default-executor-8] INFO  impl.RoleInfo (RoleInfo.java:updateAndGet(143)) - ee386961-2337-4a8c-9c8d-dbca8671699a: start FollowerState
2019-10-18 14:23:00,501 [2d385246-963b-498d-9e2e-bc24e50fd0c7@group-B8EEB2952F7B-LeaderElection71] INFO  impl.LeaderElection (LeaderElection.java:logAndReturn(56)) - 2d385246-963b-498d-9e2e-bc24e50fd0c7@group-B8EEB2952F7B-LeaderElection71: Election REJECTED; received 2 response(s) [2d385246-963b-498d-9e2e-bc24e50fd0c7<-a7998a79-199c-44f4-b3c2-ea75c49d687d#0:FAIL-t18, 2d385246-963b-498d-9e2e-bc24e50fd0c7<-ee386961-2337-4a8c-9c8d-dbca8671699a#0:FAIL-t18] and 0 exception(s); 2d385246-963b-498d-9e2e-bc24e50fd0c7@group-B8EEB2952F7B:t18, leader=null, voted=2d385246-963b-498d-9e2e-bc24e50fd0c7, raftlog=2d385246-963b-498d-9e2e-bc24e50fd0c7@group-B8EEB2952F7B-SegmentedRaftLog:OPENED:c-1,f-1,i0, conf=-1: [a7998a79-199c-44f4-b3c2-ea75c49d687d:192.168.157.233:46825, 2d385246-963b-498d-9e2e-bc24e50fd0c7:192.168.157.233:40769, ee386961-2337-4a8c-9c8d-dbca8671699a:192.168.157.233:35014], old=null
2019-10-18 14:23:00,501 [2d385246-963b-498d-9e2e-bc24e50fd0c7@group-B8EEB2952F7B-LeaderElection71] INFO  impl.RaftServerImpl (RaftServerImpl.java:setRole(184)) - 2d385246-963b-498d-9e2e-bc24e50fd0c7@group-B8EEB2952F7B: changes role from CANDIDATE to FOLLOWER at term 18 for DISCOVERED_A_NEW_TERM
2019-10-18 14:23:00,501 [2d385246-963b-498d-9e2e-bc24e50fd0c7@group-B8EEB2952F7B-LeaderElection71] INFO  impl.RoleInfo (RoleInfo.java:shutdownLeaderElection(134)) - 2d385246-963b-498d-9e2e-bc24e50fd0c7: shutdown LeaderElection
2019-10-18 14:23:00,502 [2d385246-963b-498d-9e2e-bc24e50fd0c7@group-B8EEB2952F7B-LeaderElection71] INFO  impl.RoleInfo (RoleInfo.java:updateAndGet(143)) - 2d385246-963b-498d-9e2e-bc24e50fd0c7: start FollowerState
2019-10-18 14:23:00,513 [Thread-1015] INFO  impl.FollowerState (FollowerState.java:run(108)) - 2d385246-963b-498d-9e2e-bc24e50fd0c7@group-B8EEB2952F7B-FollowerState: change to CANDIDATE, lastRpcTime:11ms, electionTimeout:11ms
2019-10-18 14:23:00,513 [Thread-1015] INFO  impl.RoleInfo (RoleInfo.java:shutdownFollowerState(121)) - 2d385246-963b-498d-9e2e-bc24e50fd0c7: shutdown FollowerState
2019-10-18 14:23:00,513 [Thread-1015] INFO  impl.RaftServerImpl (RaftServerImpl.java:setRole(184)) - 2d385246-963b-498d-9e2e-bc24e50fd0c7@group-B8EEB2952F7B: changes role from  FOLLOWER to CANDIDATE at term 18 for changeToCandidate
2019-10-18 14:23:00,513 [Thread-1015] INFO  impl.RoleInfo (RoleInfo.java:updateAndGet(143)) - 2d385246-963b-498d-9e2e-bc24e50fd0c7: start LeaderElection
2019-10-18 14:23:00,524 [Thread-1006] INFO  impl.FollowerState (FollowerState.java:run(108)) - a7998a79-199c-44f4-b3c2-ea75c49d687d@group-8175D73357F8-FollowerState: change to CANDIDATE, lastRpcTime:113ms, electionTimeout:113ms
2019-10-18 14:23:00,524 [Thread-1006] INFO  impl.RoleInfo (RoleInfo.java:shutdownFollowerState(121)) - a7998a79-199c-44f4-b3c2-ea75c49d687d: shutdown FollowerState
2019-10-18 14:23:00,525 [Thread-1006] INFO  impl.RaftServerImpl (RaftServerImpl.java:setRole(184)) - a7998a79-199c-44f4-b3c2-ea75c49d687d@group-8175D73357F8: changes role from  FOLLOWER to CANDIDATE at term 49 for changeToCandidate
2019-10-18 14:23:00,525 [Thread-1006] INFO  impl.RoleInfo (RoleInfo.java:updateAndGet(143)) - a7998a79-199c-44f4-b3c2-ea75c49d687d: start LeaderElection
2019-10-18 14:23:00,528 [2d385246-963b-498d-9e2e-bc24e50fd0c7@group-B8EEB2952F7B-LeaderElection72] INFO  impl.LeaderElection (LeaderElection.java:askForVotes(178)) - 2d385246-963b-498d-9e2e-bc24e50fd0c7@group-B8EEB2952F7B-LeaderElection72: begin an election at term 19 for -1: [a7998a79-199c-44f4-b3c2-ea75c49d687d:192.168.157.233:46825, 2d385246-963b-498d-9e2e-bc24e50fd0c7:192.168.157.233:40769, ee386961-2337-4a8c-9c8d-dbca8671699a:192.168.157.233:35014], old=null
2019-10-18 14:23:00,530 [grpc-default-executor-8] INFO  impl.RaftServerImpl (RaftServerImpl.java:setRole(184)) - a7998a79-199c-44f4-b3c2-ea75c49d687d@group-B8EEB2952F7B: changes role from  FOLLOWER to FOLLOWER at term 19 for recognizeCandidate:2d385246-963b-498d-9e2e-bc24e50fd0c7
2019-10-18 14:23:00,530 [grpc-default-executor-8] INFO  impl.RoleInfo (RoleInfo.java:shutdownFollowerState(121)) - a7998a79-199c-44f4-b3c2-ea75c49d687d: shutdown FollowerState
2019-10-18 14:23:00,531 [grpc-default-executor-8] INFO  impl.RoleInfo (RoleInfo.java:updateAndGet(143)) - a7998a79-199c-44f4-b3c2-ea75c49d687d: start FollowerState
2019-10-18 14:23:00,531 [grpc-default-executor-7] INFO  impl.RaftServerImpl (RaftServerImpl.java:setRole(184)) - ee386961-2337-4a8c-9c8d-dbca8671699a@group-B8EEB2952F7B: changes role from  FOLLOWER to FOLLOWER at term 19 for recognizeCandidate:2d385246-963b-498d-9e2e-bc24e50fd0c7
2019-10-18 14:23:00,531 [Thread-1013] INFO  impl.FollowerState (FollowerState.java:run(117)) - a7998a79-199c-44f4-b3c2-ea75c49d687d@group-B8EEB2952F7B-FollowerState was interrupted: java.lang.InterruptedException: sleep interrupted
2019-10-18 14:23:00,531 [grpc-default-executor-7] INFO  impl.RoleInfo (RoleInfo.java:shutdownFollowerState(121)) - ee386961-2337-4a8c-9c8d-dbca8671699a: shutdown FollowerState
2019-10-18 14:23:00,531 [grpc-default-executor-7] INFO  impl.RoleInfo (RoleInfo.java:updateAndGet(143)) - ee386961-2337-4a8c-9c8d-dbca8671699a: start FollowerState
2019-10-18 14:23:00,531 [Thread-1014] INFO  impl.FollowerState (FollowerState.java:run(117)) - ee386961-2337-4a8c-9c8d-dbca8671699a@group-B8EEB2952F7B-FollowerState was interrupted: java.lang.InterruptedException: sleep interrupted
2019-10-18 14:23:00,553 [a7998a79-199c-44f4-b3c2-ea75c49d687d@group-8175D73357F8-LeaderElection73] INFO  impl.LeaderElection (LeaderElection.java:askForVotes(178)) - a7998a79-199c-44f4-b3c2-ea75c49d687d@group-8175D73357F8-LeaderElection73: begin an election at term 50 for 0: [a7998a79-199c-44f4-b3c2-ea75c49d687d:192.168.157.233:46825, 2d385246-963b-498d-9e2e-bc24e50fd0c7:192.168.157.233:40769, ee386961-2337-4a8c-9c8d-dbca8671699a:192.168.157.233:35014], old=null
2019-10-18 14:23:00,554 [2d385246-963b-498d-9e2e-bc24e50fd0c7@group-B8EEB2952F7B-LeaderElection72] INFO  impl.LeaderElection (LeaderElection.java:logAndReturn(56)) - 2d385246-963b-498d-9e2e-bc24e50fd0c7@group-B8EEB2952F7B-LeaderElection72: Election REJECTED; received 2 response(s) [2d385246-963b-498d-9e2e-bc24e50fd0c7<-a7998a79-199c-44f4-b3c2-ea75c49d687d#0:FAIL-t19, 2d385246-963b-498d-9e2e-bc24e50fd0c7<-ee386961-2337-4a8c-9c8d-dbca8671699a#0:FAIL-t19] and 0 exception(s); 2d385246-963b-498d-9e2e-bc24e50fd0c7@group-B8EEB2952F7B:t19, leader=null, voted=2d385246-963b-498d-9e2e-bc24e50fd0c7, raftlog=2d385246-963b-498d-9e2e-bc24e50fd0c7@group-B8EEB2952F7B-SegmentedRaftLog:OPENED:c-1,f-1,i0, conf=-1: [a7998a79-199c-44f4-b3c2-ea75c49d687d:192.168.157.233:46825, 2d385246-963b-498d-9e2e-bc24e50fd0c7:192.168.157.233:40769, ee386961-2337-4a8c-9c8d-dbca8671699a:192.168.157.233:35014], old=null
2019-10-18 14:23:00,555 [2d385246-963b-498d-9e2e-bc24e50fd0c7@group-B8EEB2952F7B-LeaderElection72] INFO  impl.RaftServerImpl (RaftServerImpl.java:setRole(184)) - 2d385246-963b-498d-9e2e-bc24e50fd0c7@group-B8EEB2952F7B: changes role from CANDIDATE to FOLLOWER at term 19 for DISCOVERED_A_NEW_TERM
2019-10-18 14:23:00,555 [2d385246-963b-498d-9e2e-bc24e50fd0c7@group-B8EEB2952F7B-LeaderElection72] INFO  impl.RoleInfo (RoleInfo.java:shutdownLeaderElection(134)) - 2d385246-963b-498d-9e2e-bc24e50fd0c7: shutdown LeaderElection
2019-10-18 14:23:00,555 [2d385246-963b-498d-9e2e-bc24e50fd0c7@group-B8EEB2952F7B-LeaderElection72] INFO  impl.RoleInfo (RoleInfo.java:updateAndGet(143)) - 2d385246-963b-498d-9e2e-bc24e50fd0c7: start FollowerState
2019-10-18 14:23:00,555 [grpc-default-executor-8] INFO  impl.RaftServerImpl (RaftServerImpl.java:setRole(184)) - 2d385246-963b-498d-9e2e-bc24e50fd0c7@group-8175D73357F8: changes role from  FOLLOWER to FOLLOWER at term 50 for recognizeCandidate:a7998a79-199c-44f4-b3c2-ea75c49d687d
2019-10-18 14:23:00,555 [grpc-default-executor-8] INFO  impl.RoleInfo (RoleInfo.java:shutdownFollowerState(121)) - 2d385246-963b-498d-9e2e-bc24e50fd0c7: shutdown FollowerState
2019-10-18 14:23:00,556 [grpc-default-executor-8] INFO  impl.RoleInfo (RoleInfo.java:updateAndGet(143)) - 2d385246-963b-498d-9e2e-bc24e50fd0c7: start FollowerState
2019-10-18 14:23:00,556 [Thread-1002] INFO  impl.FollowerState (FollowerState.java:run(117)) - 2d385246-963b-498d-9e2e-bc24e50fd0c7@group-8175D73357F8-FollowerState was interrupted: java.lang.InterruptedException: sleep interrupted
2019-10-18 14:23:00,556 [grpc-default-executor-7] INFO  impl.RaftServerImpl (RaftServerImpl.java:setRole(184)) - ee386961-2337-4a8c-9c8d-dbca8671699a@group-8175D73357F8: changes role from  FOLLOWER to FOLLOWER at term 50 for recognizeCandidate:a7998a79-199c-44f4-b3c2-ea75c49d687d
2019-10-18 14:23:00,556 [grpc-default-executor-7] INFO  impl.RoleInfo (RoleInfo.java:shutdownFollowerState(121)) - ee386961-2337-4a8c-9c8d-dbca8671699a: shutdown FollowerState
2019-10-18 14:23:00,556 [grpc-default-executor-7] INFO  impl.RoleInfo (RoleInfo.java:updateAndGet(143)) - ee386961-2337-4a8c-9c8d-dbca8671699a: start FollowerState
2019-10-18 14:23:00,557 [Thread-1003] INFO  impl.FollowerState (FollowerState.java:run(117)) - ee386961-2337-4a8c-9c8d-dbca8671699a@group-8175D73357F8-FollowerState was interrupted: java.lang.InterruptedException: sleep interrupted
2019-10-18 14:23:00,581 [a7998a79-199c-44f4-b3c2-ea75c49d687d@group-8175D73357F8-LeaderElection73] INFO  impl.LeaderElection (LeaderElection.java:logAndReturn(56)) - a7998a79-199c-44f4-b3c2-ea75c49d687d@group-8175D73357F8-LeaderElection73: Election REJECTED; received 2 response(s) [a7998a79-199c-44f4-b3c2-ea75c49d687d<-2d385246-963b-498d-9e2e-bc24e50fd0c7#0:FAIL-t50, a7998a79-199c-44f4-b3c2-ea75c49d687d<-ee386961-2337-4a8c-9c8d-dbca8671699a#0:FAIL-t50] and 0 exception(s); a7998a79-199c-44f4-b3c2-ea75c49d687d@group-8175D73357F8:t50, leader=null, voted=a7998a79-199c-44f4-b3c2-ea75c49d687d, raftlog=a7998a79-199c-44f4-b3c2-ea75c49d687d@group-8175D73357F8-SegmentedRaftLog:OPENED:c3,f4,i4, conf=0: [a7998a79-199c-44f4-b3c2-ea75c49d687d:192.168.157.233:46825, 2d385246-963b-498d-9e2e-bc24e50fd0c7:192.168.157.233:40769, ee386961-2337-4a8c-9c8d-dbca8671699a:192.168.157.233:35014], old=null
2019-10-18 14:23:00,582 [a7998a79-199c-44f4-b3c2-ea75c49d687d@group-8175D73357F8-LeaderElection73] INFO  impl.RaftServerImpl (RaftServerImpl.java:setRole(184)) - a7998a79-199c-44f4-b3c2-ea75c49d687d@group-8175D73357F8: changes role from CANDIDATE to FOLLOWER at term 50 for DISCOVERED_A_NEW_TERM
2019-10-18 14:23:00,582 [a7998a79-199c-44f4-b3c2-ea75c49d687d@group-8175D73357F8-LeaderElection73] INFO  impl.RoleInfo (RoleInfo.java:shutdownLeaderElection(134)) - a7998a79-199c-44f4-b3c2-ea75c49d687d: shutdown LeaderElection
2019-10-18 14:23:00,582 [a7998a79-199c-44f4-b3c2-ea75c49d687d@group-8175D73357F8-LeaderElection73] INFO  impl.RoleInfo (RoleInfo.java:updateAndGet(143)) - a7998a79-199c-44f4-b3c2-ea75c49d687d: start FollowerState
2019-10-18 14:23:00,586 [Thread-1024] INFO  impl.FollowerState (FollowerState.java:run(108)) - 2d385246-963b-498d-9e2e-bc24e50fd0c7@group-B8EEB2952F7B-FollowerState: change to CANDIDATE, lastRpcTime:30ms, electionTimeout:30ms
2019-10-18 14:23:00,586 [Thread-1024] INFO  impl.RoleInfo (RoleInfo.java:shutdownFollowerState(121)) - 2d385246-963b-498d-9e2e-bc24e50fd0c7: shutdown FollowerState
2019-10-18 14:23:00,586 [Thread-1024] INFO  impl.RaftServerImpl (RaftServerImpl.java:setRole(184)) - 2d385246-963b-498d-9e2e-bc24e50fd0c7@group-B8EEB2952F7B: changes role from  FOLLOWER to CANDIDATE at term 19 for changeToCandidate
2019-10-18 14:23:00,586 [Thread-1024] INFO  impl.RoleInfo (RoleInfo.java:updateAndGet(143)) - 2d385246-963b-498d-9e2e-bc24e50fd0c7: start LeaderElection
2019-10-18 14:23:00,598 [2d385246-963b-498d-9e2e-bc24e50fd0c7@group-B8EEB2952F7B-LeaderElection74] INFO  impl.LeaderElection (LeaderElection.java:askForVotes(178)) - 2d385246-963b-498d-9e2e-bc24e50fd0c7@group-B8EEB2952F7B-LeaderElection74: begin an election at term 20 for -1: [a7998a79-199c-44f4-b3c2-ea75c49d687d:192.168.157.233:46825, 2d385246-963b-498d-9e2e-bc24e50fd0c7:192.168.157.233:40769, ee386961-2337-4a8c-9c8d-dbca8671699a:192.168.157.233:35014], old=null
2019-10-18 14:23:00,600 [grpc-default-executor-8] INFO  impl.RaftServerImpl (RaftServerImpl.java:setRole(184)) - a7998a79-199c-44f4-b3c2-ea75c49d687d@group-B8EEB2952F7B: changes role from  FOLLOWER to FOLLOWER at term 20 for recognizeCandidate:2d385246-963b-498d-9e2e-bc24e50fd0c7
2019-10-18 14:23:00,600 [grpc-default-executor-8] INFO  impl.RoleInfo (RoleInfo.java:shutdownFollowerState(121)) - a7998a79-199c-44f4-b3c2-ea75c49d687d: shutdown FollowerState
2019-10-18 14:23:00,600 [grpc-default-executor-8] INFO  impl.RoleInfo (RoleInfo.java:updateAndGet(143)) - a7998a79-199c-44f4-b3c2-ea75c49d687d: start FollowerState
2019-10-18 14:23:00,601 [grpc-default-executor-7] INFO  impl.RaftServerImpl (RaftServerImpl.java:setRole(184)) - ee386961-2337-4a8c-9c8d-dbca8671699a@group-B8EEB2952F7B: changes role from  FOLLOWER to FOLLOWER at term 20 for recognizeCandidate:2d385246-963b-498d-9e2e-bc24e50fd0c7
2019-10-18 14:23:00,600 [Thread-1020] INFO  impl.FollowerState (FollowerState.java:run(117)) - a7998a79-199c-44f4-b3c2-ea75c49d687d@group-B8EEB2952F7B-FollowerState was interrupted: java.lang.InterruptedException: sleep interrupted
2019-10-18 14:23:00,601 [grpc-default-executor-7] INFO  impl.RoleInfo (RoleInfo.java:shutdownFollowerState(121)) - ee386961-2337-4a8c-9c8d-dbca8671699a: shutdown FollowerState
2019-10-18 14:23:00,601 [grpc-default-executor-7] INFO  impl.RoleInfo (RoleInfo.java:updateAndGet(143)) - ee386961-2337-4a8c-9c8d-dbca8671699a: start FollowerState
2019-10-18 14:23:00,601 [Thread-1021] INFO  impl.FollowerState (FollowerState.java:run(117)) - ee386961-2337-4a8c-9c8d-dbca8671699a@group-B8EEB2952F7B-FollowerState was interrupted: java.lang.InterruptedException: sleep interrupted
2019-10-18 14:23:00,614 [2d385246-963b-498d-9e2e-bc24e50fd0c7@group-B8EEB2952F7B-LeaderElection74] INFO  impl.LeaderElection (LeaderElection.java:logAndReturn(56)) - 2d385246-963b-498d-9e2e-bc24e50fd0c7@group-B8EEB2952F7B-LeaderElection74: Election REJECTED; received 2 response(s) [2d385246-963b-498d-9e2e-bc24e50fd0c7<-a7998a79-199c-44f4-b3c2-ea75c49d687d#0:FAIL-t20, 2d385246-963b-498d-9e2e-bc24e50fd0c7<-ee386961-2337-4a8c-9c8d-dbca8671699a#0:FAIL-t20] and 0 exception(s); 2d385246-963b-498d-9e2e-bc24e50fd0c7@group-B8EEB2952F7B:t20, leader=null, voted=2d385246-963b-498d-9e2e-bc24e50fd0c7, raftlog=2d385246-963b-498d-9e2e-bc24e50fd0c7@group-B8EEB2952F7B-SegmentedRaftLog:OPENED:c-1,f-1,i0, conf=-1: [a7998a79-199c-44f4-b3c2-ea75c49d687d:192.168.157.233:46825, 2d385246-963b-498d-9e2e-bc24e50fd0c7:192.168.157.233:40769, ee386961-2337-4a8c-9c8d-dbca8671699a:192.168.157.233:35014], old=null
2019-10-18 14:23:00,614 [2d385246-963b-498d-9e2e-bc24e50fd0c7@group-B8EEB2952F7B-LeaderElection74] INFO  impl.RaftServerImpl (RaftServerImpl.java:setRole(184)) - 2d385246-963b-498d-9e2e-bc24e50fd0c7@group-B8EEB2952F7B: changes role from CANDIDATE to FOLLOWER at term 20 for DISCOVERED_A_NEW_TERM
2019-10-18 14:23:00,614 [2d385246-963b-498d-9e2e-bc24e50fd0c7@group-B8EEB2952F7B-LeaderElection74] INFO  impl.RoleInfo (RoleInfo.java:shutdownLeaderElection(134)) - 2d385246-963b-498d-9e2e-bc24e50fd0c7: shutdown LeaderElection
2019-10-18 14:23:00,614 [2d385246-963b-498d-9e2e-bc24e50fd0c7@group-B8EEB2952F7B-LeaderElection74] INFO  impl.RoleInfo (RoleInfo.java:updateAndGet(143)) - 2d385246-963b-498d-9e2e-bc24e50fd0c7: start FollowerState
2019-10-18 14:23:00,688 [Thread-1027] INFO  impl.FollowerState (FollowerState.java:run(108)) - a7998a79-199c-44f4-b3c2-ea75c49d687d@group-8175D73357F8-FollowerState: change to CANDIDATE, lastRpcTime:105ms, electionTimeout:105ms
2019-10-18 14:23:00,688 [Thread-1027] INFO  impl.RoleInfo (RoleInfo.java:shutdownFollowerState(121)) - a7998a79-199c-44f4-b3c2-ea75c49d687d: shutdown FollowerState
2019-10-18 14:23:00,688 [Thread-1027] INFO  impl.RaftServerImpl (RaftServerImpl.java:setRole(184)) - a7998a79-199c-44f4-b3c2-ea75c49d687d@group-8175D73357F8: changes role from  FOLLOWER to CANDIDATE at term 50 for changeToCandidate
2019-10-18 14:23:00,688 [Thread-1027] INFO  impl.RoleInfo (RoleInfo.java:updateAndGet(143)) - a7998a79-199c-44f4-b3c2-ea75c49d687d: start LeaderElection
2019-10-18 14:23:00,708 [a7998a79-199c-44f4-b3c2-ea75c49d687d@group-8175D73357F8-LeaderElection75] INFO  impl.LeaderElection (LeaderElection.java:askForVotes(178)) - a7998a79-199c-44f4-b3c2-ea75c49d687d@group-8175D73357F8-LeaderElection75: begin an election at term 51 for 0: [a7998a79-199c-44f4-b3c2-ea75c49d687d:192.168.157.233:46825, 2d385246-963b-498d-9e2e-bc24e50fd0c7:192.168.157.233:40769, ee386961-2337-4a8c-9c8d-dbca8671699a:192.168.157.233:35014], old=null
2019-10-18 14:23:00,711 [grpc-default-executor-8] INFO  impl.RaftServerImpl (RaftServerImpl.java:setRole(184)) - 2d385246-963b-498d-9e2e-bc24e50fd0c7@group-8175D73357F8: changes role from  FOLLOWER to FOLLOWER at term 51 for recognizeCandidate:a7998a79-199c-44f4-b3c2-ea75c49d687d
2019-10-18 14:23:00,711 [grpc-default-executor-8] INFO  impl.RoleInfo (RoleInfo.java:shutdownFollowerState(121)) - 2d385246-963b-498d-9e2e-bc24e50fd0c7: shutdown FollowerState
2019-10-18 14:23:00,711 [grpc-default-executor-8] INFO  impl.RoleInfo (RoleInfo.java:updateAndGet(143)) - 2d385246-963b-498d-9e2e-bc24e50fd0c7: start FollowerState
2019-10-18 14:23:00,711 [Thread-1025] INFO  impl.FollowerState (FollowerState.java:run(117)) - 2d385246-963b-498d-9e2e-bc24e50fd0c7@group-8175D73357F8-FollowerState was interrupted: java.lang.InterruptedException: sleep interrupted
2019-10-18 14:23:00,712 [grpc-default-executor-7] INFO  impl.RaftServerImpl (RaftServerImpl.java:setRole(184)) - ee386961-2337-4a8c-9c8d-dbca8671699a@group-8175D73357F8: changes role from  FOLLOWER to FOLLOWER at term 51 for recognizeCandidate:a7998a79-199c-44f4-b3c2-ea75c49d687d
2019-10-18 14:23:00,712 [grpc-default-executor-7] INFO  impl.RoleInfo (RoleInfo.java:shutdownFollowerState(121)) - ee386961-2337-4a8c-9c8d-dbca8671699a: shutdown FollowerState
2019-10-18 14:23:00,712 [grpc-default-executor-7] INFO  impl.RoleInfo (RoleInfo.java:updateAndGet(143)) - ee386961-2337-4a8c-9c8d-dbca8671699a: start FollowerState
2019-10-18 14:23:00,712 [Thread-1026] INFO  impl.FollowerState (FollowerState.java:run(117)) - ee386961-2337-4a8c-9c8d-dbca8671699a@group-8175D73357F8-FollowerState was interrupted: java.lang.InterruptedException: sleep interrupted
2019-10-18 14:23:00,737 [a7998a79-199c-44f4-b3c2-ea75c49d687d@group-8175D73357F8-LeaderElection75] INFO  impl.LeaderElection (LeaderElection.java:logAndReturn(56)) - a7998a79-199c-44f4-b3c2-ea75c49d687d@group-8175D73357F8-LeaderElection75: Election REJECTED; received 2 response(s) [a7998a79-199c-44f4-b3c2-ea75c49d687d<-2d385246-963b-498d-9e2e-bc24e50fd0c7#0:FAIL-t51, a7998a79-199c-44f4-b3c2-ea75c49d687d<-ee386961-2337-4a8c-9c8d-dbca8671699a#0:FAIL-t51] and 0 exception(s); a7998a79-199c-44f4-b3c2-ea75c49d687d@group-8175D73357F8:t51, leader=null, voted=a7998a79-199c-44f4-b3c2-ea75c49d687d, raftlog=a7998a79-199c-44f4-b3c2-ea75c49d687d@group-8175D73357F8-SegmentedRaftLog:OPENED:c3,f4,i4, conf=0: [a7998a79-199c-44f4-b3c2-ea75c49d687d:192.168.157.233:46825, 2d385246-963b-498d-9e2e-bc24e50fd0c7:192.168.157.233:40769, ee386961-2337-4a8c-9c8d-dbca8671699a:192.168.157.233:35014], old=null
2019-10-18 14:23:00,737 [a7998a79-199c-44f4-b3c2-ea75c49d687d@group-8175D73357F8-LeaderElection75] INFO  impl.RaftServerImpl (RaftServerImpl.java:setRole(184)) - a7998a79-199c-44f4-b3c2-ea75c49d687d@group-8175D73357F8: changes role from CANDIDATE to FOLLOWER at term 51 for DISCOVERED_A_NEW_TERM
2019-10-18 14:23:00,737 [a7998a79-199c-44f4-b3c2-ea75c49d687d@group-8175D73357F8-LeaderElection75] INFO  impl.RoleInfo (RoleInfo.java:shutdownLeaderElection(134)) - a7998a79-199c-44f4-b3c2-ea75c49d687d: shutdown LeaderElection
2019-10-18 14:23:00,737 [a7998a79-199c-44f4-b3c2-ea75c49d687d@group-8175D73357F8-LeaderElection75] INFO  impl.RoleInfo (RoleInfo.java:updateAndGet(143)) - a7998a79-199c-44f4-b3c2-ea75c49d687d: start FollowerState
2019-10-18 14:23:00,741 [Thread-1039] INFO  impl.FollowerState (FollowerState.java:run(108)) - a7998a79-199c-44f4-b3c2-ea75c49d687d@group-8175D73357F8-FollowerState: change to CANDIDATE, lastRpcTime:3ms, electionTimeout:3ms
2019-10-18 14:23:00,741 [Thread-1039] INFO  impl.RoleInfo (RoleInfo.java:shutdownFollowerState(121)) - a7998a79-199c-44f4-b3c2-ea75c49d687d: shutdown FollowerState
2019-10-18 14:23:00,741 [Thread-1039] INFO  impl.RaftServerImpl (RaftServerImpl.java:setRole(184)) - a7998a79-199c-44f4-b3c2-ea75c49d687d@group-8175D73357F8: changes role from  FOLLOWER to CANDIDATE at term 51 for changeToCandidate
2019-10-18 14:23:00,741 [Thread-1039] INFO  impl.RoleInfo (RoleInfo.java:updateAndGet(143)) - a7998a79-199c-44f4-b3c2-ea75c49d687d: start LeaderElection
2019-10-18 14:23:00,751 [a7998a79-199c-44f4-b3c2-ea75c49d687d@group-8175D73357F8-LeaderElection76] INFO  impl.LeaderElection (LeaderElection.java:askForVotes(178)) - a7998a79-199c-44f4-b3c2-ea75c49d687d@group-8175D73357F8-LeaderElection76: begin an election at term 52 for 0: [a7998a79-199c-44f4-b3c2-ea75c49d687d:192.168.157.233:46825, 2d385246-963b-498d-9e2e-bc24e50fd0c7:192.168.157.233:40769, ee386961-2337-4a8c-9c8d-dbca8671699a:192.168.157.233:35014], old=null
2019-10-18 14:23:00,753 [grpc-default-executor-7] INFO  impl.RaftServerImpl (RaftServerImpl.java:setRole(184)) - 2d385246-963b-498d-9e2e-bc24e50fd0c7@group-8175D73357F8: changes role from  FOLLOWER to FOLLOWER at term 52 for recognizeCandidate:a7998a79-199c-44f4-b3c2-ea75c49d687d
2019-10-18 14:23:00,753 [grpc-default-executor-7] INFO  impl.RoleInfo (RoleInfo.java:shutdownFollowerState(121)) - 2d385246-963b-498d-9e2e-bc24e50fd0c7: shutdown FollowerState
2019-10-18 14:23:00,754 [grpc-default-executor-7] INFO  impl.RoleInfo (RoleInfo.java:updateAndGet(143)) - 2d385246-963b-498d-9e2e-bc24e50fd0c7: start FollowerState
2019-10-18 14:23:00,754 [Thread-1037] INFO  impl.FollowerState (FollowerState.java:run(117)) - 2d385246-963b-498d-9e2e-bc24e50fd0c7@group-8175D73357F8-FollowerState was interrupted: java.lang.InterruptedException: sleep interrupted
2019-10-18 14:23:00,754 [grpc-default-executor-8] INFO  impl.RaftServerImpl (RaftServerImpl.java:setRole(184)) - ee386961-2337-4a8c-9c8d-dbca8671699a@group-8175D73357F8: changes role from  FOLLOWER to FOLLOWER at term 52 for recognizeCandidate:a7998a79-199c-44f4-b3c2-ea75c49d687d
2019-10-18 14:23:00,754 [grpc-default-executor-8] INFO  impl.RoleInfo (RoleInfo.java:shutdownFollowerState(121)) - ee386961-2337-4a8c-9c8d-dbca8671699a: shutdown FollowerState
2019-10-18 14:23:00,754 [grpc-default-executor-8] INFO  impl.RoleInfo (RoleInfo.java:updateAndGet(143)) - ee386961-2337-4a8c-9c8d-dbca8671699a: start FollowerState
2019-10-18 14:23:00,754 [Thread-1038] INFO  impl.FollowerState (FollowerState.java:run(117)) - ee386961-2337-4a8c-9c8d-dbca8671699a@group-8175D73357F8-FollowerState was interrupted: java.lang.InterruptedException: sleep interrupted
2019-10-18 14:23:00,780 [a7998a79-199c-44f4-b3c2-ea75c49d687d@group-8175D73357F8-LeaderElection76] INFO  impl.LeaderElection (LeaderElection.java:logAndReturn(56)) - a7998a79-199c-44f4-b3c2-ea75c49d687d@group-8175D73357F8-LeaderElection76: Election REJECTED; received 2 response(s) [a7998a79-199c-44f4-b3c2-ea75c49d687d<-2d385246-963b-498d-9e2e-bc24e50fd0c7#0:FAIL-t52, a7998a79-199c-44f4-b3c2-ea75c49d687d<-ee386961-2337-4a8c-9c8d-dbca8671699a#0:FAIL-t52] and 0 exception(s); a7998a79-199c-44f4-b3c2-ea75c49d687d@group-8175D73357F8:t52, leader=null, voted=a7998a79-199c-44f4-b3c2-ea75c49d687d, raftlog=a7998a79-199c-44f4-b3c2-ea75c49d687d@group-8175D73357F8-SegmentedRaftLog:OPENED:c3,f4,i4, conf=0: [a7998a79-199c-44f4-b3c2-ea75c49d687d:192.168.157.233:46825, 2d385246-963b-498d-9e2e-bc24e50fd0c7:192.168.157.233:40769, ee386961-2337-4a8c-9c8d-dbca8671699a:192.168.157.233:35014], old=null
2019-10-18 14:23:00,780 [a7998a79-199c-44f4-b3c2-ea75c49d687d@group-8175D73357F8-LeaderElection76] INFO  impl.RaftServerImpl (RaftServerImpl.java:setRole(184)) - a7998a79-199c-44f4-b3c2-ea75c49d687d@group-8175D73357F8: changes role from CANDIDATE to FOLLOWER at term 52 for DISCOVERED_A_NEW_TERM
2019-10-18 14:23:00,780 [a7998a79-199c-44f4-b3c2-ea75c49d687d@group-8175D73357F8-LeaderElection76] INFO  impl.RoleInfo (RoleInfo.java:shutdownLeaderElection(134)) - a7998a79-199c-44f4-b3c2-ea75c49d687d: shutdown LeaderElection
2019-10-18 14:23:00,780 [a7998a79-199c-44f4-b3c2-ea75c49d687d@group-8175D73357F8-LeaderElection76] INFO  impl.RoleInfo (RoleInfo.java:updateAndGet(143)) - a7998a79-199c-44f4-b3c2-ea75c49d687d: start FollowerState
2019-10-18 14:23:00,809 [Thread-1033] INFO  impl.FollowerState (FollowerState.java:run(108)) - 2d385246-963b-498d-9e2e-bc24e50fd0c7@group-B8EEB2952F7B-FollowerState: change to CANDIDATE, lastRpcTime:194ms, electionTimeout:194ms
2019-10-18 14:23:00,809 [Thread-1033] INFO  impl.RoleInfo (RoleInfo.java:shutdownFollowerState(121)) - 2d385246-963b-498d-9e2e-bc24e50fd0c7: shutdown FollowerState
2019-10-18 14:23:00,809 [Thread-1033] INFO  impl.RaftServerImpl (RaftServerImpl.java:setRole(184)) - 2d385246-963b-498d-9e2e-bc24e50fd0c7@group-B8EEB2952F7B: changes role from  FOLLOWER to CANDIDATE at term 20 for changeToCandidate
2019-10-18 14:23:00,809 [Thread-1033] INFO  impl.RoleInfo (RoleInfo.java:updateAndGet(143)) - 2d385246-963b-498d-9e2e-bc24e50fd0c7: start LeaderElection
2019-10-18 14:23:00,813 [Thread-1045] INFO  impl.FollowerState (FollowerState.java:run(108)) - a7998a79-199c-44f4-b3c2-ea75c49d687d@group-8175D73357F8-FollowerState: change to CANDIDATE, lastRpcTime:32ms, electionTimeout:32ms
2019-10-18 14:23:00,813 [Thread-1045] INFO  impl.RoleInfo (RoleInfo.java:shutdownFollowerState(121)) - a7998a79-199c-44f4-b3c2-ea75c49d687d: shutdown FollowerState
2019-10-18 14:23:00,813 [Thread-1045] INFO  impl.RaftServerImpl (RaftServerImpl.java:setRole(184)) - a7998a79-199c-44f4-b3c2-ea75c49d687d@group-8175D73357F8: changes role from  FOLLOWER to CANDIDATE at term 52 for changeToCandidate
2019-10-18 14:23:00,813 [Thread-1045] INFO  impl.RoleInfo (RoleInfo.java:updateAndGet(143)) - a7998a79-199c-44f4-b3c2-ea75c49d687d: start LeaderElection
2019-10-18 14:23:00,835 [a7998a79-199c-44f4-b3c2-ea75c49d687d@group-8175D73357F8-LeaderElection78] INFO  impl.LeaderElection (LeaderElection.java:askForVotes(178)) - a7998a79-199c-44f4-b3c2-ea75c49d687d@group-8175D73357F8-LeaderElection78: begin an election at term 53 for 0: [a7998a79-199c-44f4-b3c2-ea75c49d687d:192.168.157.233:46825, 2d385246-963b-498d-9e2e-bc24e50fd0c7:192.168.157.233:40769, ee386961-2337-4a8c-9c8d-dbca8671699a:192.168.157.233:35014], old=null
2019-10-18 14:23:00,835 [2d385246-963b-498d-9e2e-bc24e50fd0c7@group-B8EEB2952F7B-LeaderElection77] INFO  impl.LeaderElection (LeaderElection.java:askForVotes(178)) - 2d385246-963b-498d-9e2e-bc24e50fd0c7@group-B8EEB2952F7B-LeaderElection77: begin an election at term 21 for -1: [a7998a79-199c-44f4-b3c2-ea75c49d687d:192.168.157.233:46825, 2d385246-963b-498d-9e2e-bc24e50fd0c7:192.168.157.233:40769, ee386961-2337-4a8c-9c8d-dbca8671699a:192.168.157.233:35014], old=null
2019-10-18 14:23:00,837 [grpc-default-executor-7] INFO  impl.RaftServerImpl (RaftServerImpl.java:setRole(184)) - 2d385246-963b-498d-9e2e-bc24e50fd0c7@group-8175D73357F8: changes role from  FOLLOWER to FOLLOWER at term 53 for recognizeCandidate:a7998a79-199c-44f4-b3c2-ea75c49d687d
2019-10-18 14:23:00,837 [grpc-default-executor-7] INFO  impl.RoleInfo (RoleInfo.java:shutdownFollowerState(121)) - 2d385246-963b-498d-9e2e-bc24e50fd0c7: shutdown FollowerState
2019-10-18 14:23:00,837 [grpc-default-executor-8] INFO  impl.RaftServerImpl (RaftServerImpl.java:setRole(184)) - a7998a79-199c-44f4-b3c2-ea75c49d687d@group-B8EEB2952F7B: changes role from  FOLLOWER to FOLLOWER at term 21 for recognizeCandidate:2d385246-963b-498d-9e2e-bc24e50fd0c7
2019-10-18 14:23:00,838 [Thread-1043] INFO  impl.FollowerState (FollowerState.java:run(117)) - 2d385246-963b-498d-9e2e-bc24e50fd0c7@group-8175D73357F8-FollowerState was interrupted: java.lang.InterruptedException: sleep interrupted
2019-10-18 14:23:00,838 [grpc-default-executor-7] INFO  impl.RoleInfo (RoleInfo.java:updateAndGet(143)) - 2d385246-963b-498d-9e2e-bc24e50fd0c7: start FollowerState
2019-10-18 14:23:00,838 [grpc-default-executor-8] INFO  impl.RoleInfo (RoleInfo.java:shutdownFollowerState(121)) - a7998a79-199c-44f4-b3c2-ea75c49d687d: shutdown FollowerState
2019-10-18 14:23:00,838 [grpc-default-executor-10] INFO  impl.RaftServerImpl (RaftServerImpl.java:setRole(184)) - ee386961-2337-4a8c-9c8d-dbca8671699a@group-8175D73357F8: changes role from  FOLLOWER to FOLLOWER at term 53 for recognizeCandidate:a7998a79-199c-44f4-b3c2-ea75c49d687d
2019-10-18 14:23:00,839 [grpc-default-executor-4] INFO  impl.RaftServerImpl (RaftServerImpl.java:setRole(184)) - ee386961-2337-4a8c-9c8d-dbca8671699a@group-B8EEB2952F7B: changes role from  FOLLOWER to FOLLOWER at term 21 for recognizeCandidate:2d385246-963b-498d-9e2e-bc24e50fd0c7
2019-10-18 14:23:00,839 [grpc-default-executor-4] INFO  impl.RoleInfo (RoleInfo.java:shutdownFollowerState(121)) - ee386961-2337-4a8c-9c8d-dbca8671699a: shutdown FollowerState
2019-10-18 14:23:00,838 [grpc-default-executor-8] INFO  impl.RoleInfo (RoleInfo.java:updateAndGet(143)) - a7998a79-199c-44f4-b3c2-ea75c49d687d: start FollowerState
2019-10-18 14:23:00,839 [Thread-1031] INFO  impl.FollowerState (FollowerState.java:run(117)) - a7998a79-199c-44f4-b3c2-ea75c49d687d@group-B8EEB2952F7B-FollowerState was interrupted: java.lang.InterruptedException: sleep interrupted
2019-10-18 14:23:00,839 [Thread-1032] INFO  impl.FollowerState (FollowerState.java:run(117)) - ee386961-2337-4a8c-9c8d-dbca8671699a@group-B8EEB2952F7B-FollowerState was interrupted: java.lang.InterruptedException: sleep interrupted
2019-10-18 14:23:00,839 [grpc-default-executor-4] INFO  impl.RoleInfo (RoleInfo.java:updateAndGet(143)) - ee386961-2337-4a8c-9c8d-dbca8671699a: start FollowerState
2019-10-18 14:23:00,839 [grpc-default-executor-10] INFO  impl.RoleInfo (RoleInfo.java:shutdownFollowerState(121)) - ee386961-2337-4a8c-9c8d-dbca8671699a: shutdown FollowerState
2019-10-18 14:23:00,840 [grpc-default-executor-10] INFO  impl.RoleInfo (RoleInfo.java:updateAndGet(143)) - ee386961-2337-4a8c-9c8d-dbca8671699a: start FollowerState
2019-10-18 14:23:00,840 [Thread-1044] INFO  impl.FollowerState (FollowerState.java:run(117)) - ee386961-2337-4a8c-9c8d-dbca8671699a@group-8175D73357F8-FollowerState was interrupted: java.lang.InterruptedException: sleep interrupted
2019-10-18 14:23:00,856 [a7998a79-199c-44f4-b3c2-ea75c49d687d@group-8175D73357F8-LeaderElection78] INFO  impl.LeaderElection (LeaderElection.java:logAndReturn(56)) - a7998a79-199c-44f4-b3c2-ea75c49d687d@group-8175D73357F8-LeaderElection78: Election TIMEOUT; received 0 response(s) [] and 0 exception(s); a7998a79-199c-44f4-b3c2-ea75c49d687d@group-8175D73357F8:t53, leader=null, voted=a7998a79-199c-44f4-b3c2-ea75c49d687d, raftlog=a7998a79-199c-44f4-b3c2-ea75c49d687d@group-8175D73357F8-SegmentedRaftLog:OPENED:c3,f4,i4, conf=0: [a7998a79-199c-44f4-b3c2-ea75c49d687d:192.168.157.233:46825, 2d385246-963b-498d-9e2e-bc24e50fd0c7:192.168.157.233:40769, ee386961-2337-4a8c-9c8d-dbca8671699a:192.168.157.233:35014], old=null
2019-10-18 14:23:00,867 [2d385246-963b-498d-9e2e-bc24e50fd0c7@group-B8EEB2952F7B-LeaderElection77] INFO  impl.LeaderElection (LeaderElection.java:logAndReturn(56)) - 2d385246-963b-498d-9e2e-bc24e50fd0c7@group-B8EEB2952F7B-LeaderElection77: Election REJECTED; received 2 response(s) [2d385246-963b-498d-9e2e-bc24e50fd0c7<-a7998a79-199c-44f4-b3c2-ea75c49d687d#0:FAIL-t21, 2d385246-963b-498d-9e2e-bc24e50fd0c7<-ee386961-2337-4a8c-9c8d-dbca8671699a#0:FAIL-t21] and 0 exception(s); 2d385246-963b-498d-9e2e-bc24e50fd0c7@group-B8EEB2952F7B:t21, leader=null, voted=2d385246-963b-498d-9e2e-bc24e50fd0c7, raftlog=2d385246-963b-498d-9e2e-bc24e50fd0c7@group-B8EEB2952F7B-SegmentedRaftLog:OPENED:c-1,f-1,i0, conf=-1: [a7998a79-199c-44f4-b3c2-ea75c49d687d:192.168.157.233:46825, 2d385246-963b-498d-9e2e-bc24e50fd0c7:192.168.157.233:40769, ee386961-2337-4a8c-9c8d-dbca8671699a:192.168.157.233:35014], old=null
2019-10-18 14:23:00,867 [2d385246-963b-498d-9e2e-bc24e50fd0c7@group-B8EEB2952F7B-LeaderElection77] INFO  impl.RaftServerImpl (RaftServerImpl.java:setRole(184)) - 2d385246-963b-498d-9e2e-bc24e50fd0c7@group-B8EEB2952F7B: changes role from CANDIDATE to FOLLOWER at term 21 for DISCOVERED_A_NEW_TERM
2019-10-18 14:23:00,867 [2d385246-963b-498d-9e2e-bc24e50fd0c7@group-B8EEB2952F7B-LeaderElection77] INFO  impl.RoleInfo (RoleInfo.java:shutdownLeaderElection(134)) - 2d385246-963b-498d-9e2e-bc24e50fd0c7: shutdown LeaderElection
2019-10-18 14:23:00,868 [2d385246-963b-498d-9e2e-bc24e50fd0c7@group-B8EEB2952F7B-LeaderElection77] INFO  impl.RoleInfo (RoleInfo.java:updateAndGet(143)) - 2d385246-963b-498d-9e2e-bc24e50fd0c7: start FollowerState
2019-10-18 14:23:00,877 [a7998a79-199c-44f4-b3c2-ea75c49d687d@group-8175D73357F8-LeaderElection78] INFO  impl.LeaderElection (LeaderElection.java:askForVotes(178)) - a7998a79-199c-44f4-b3c2-ea75c49d687d@group-8175D73357F8-LeaderElection78: begin an election at term 54 for 0: [a7998a79-199c-44f4-b3c2-ea75c49d687d:192.168.157.233:46825, 2d385246-963b-498d-9e2e-bc24e50fd0c7:192.168.157.233:40769, ee386961-2337-4a8c-9c8d-dbca8671699a:192.168.157.233:35014], old=null
2019-10-18 14:23:00,880 [grpc-default-executor-10] INFO  impl.RaftServerImpl (RaftServerImpl.java:setRole(184)) - 2d385246-963b-498d-9e2e-bc24e50fd0c7@group-8175D73357F8: changes role from  FOLLOWER to FOLLOWER at term 54 for recognizeCandidate:a7998a79-199c-44f4-b3c2-ea75c49d687d
2019-10-18 14:23:00,880 [grpc-default-executor-10] INFO  impl.RoleInfo (RoleInfo.java:shutdownFollowerState(121)) - 2d385246-963b-498d-9e2e-bc24e50fd0c7: shutdown FollowerState
2019-10-18 14:23:00,880 [grpc-default-executor-10] INFO  impl.RoleInfo (RoleInfo.java:updateAndGet(143)) - 2d385246-963b-498d-9e2e-bc24e50fd0c7: start FollowerState
2019-10-18 14:23:00,880 [Thread-1053] INFO  impl.FollowerState (FollowerState.java:run(117)) - 2d385246-963b-498d-9e2e-bc24e50fd0c7@group-8175D73357F8-FollowerState was interrupted: java.lang.InterruptedException: sleep interrupted
2019-10-18 14:23:00,880 [grpc-default-executor-4] INFO  impl.RaftServerImpl (RaftServerImpl.java:setRole(184)) - ee386961-2337-4a8c-9c8d-dbca8671699a@group-8175D73357F8: changes role from  FOLLOWER to FOLLOWER at term 54 for recognizeCandidate:a7998a79-199c-44f4-b3c2-ea75c49d687d
2019-10-18 14:23:00,880 [grpc-default-executor-4] INFO  impl.RoleInfo (RoleInfo.java:shutdownFollowerState(121)) - ee386961-2337-4a8c-9c8d-dbca8671699a: shutdown FollowerState
2019-10-18 14:23:00,881 [grpc-default-executor-4] INFO  impl.RoleInfo (RoleInfo.java:updateAndGet(143)) - ee386961-2337-4a8c-9c8d-dbca8671699a: start FollowerState
2019-10-18 14:23:00,881 [Thread-1056] INFO  impl.FollowerState (FollowerState.java:run(117)) - ee386961-2337-4a8c-9c8d-dbca8671699a@group-8175D73357F8-FollowerState was interrupted: java.lang.InterruptedException: sleep interrupted
2019-10-18 14:23:00,893 [a7998a79-199c-44f4-b3c2-ea75c49d687d@group-8175D73357F8-LeaderElection78] INFO  impl.LeaderElection (LeaderElection.java:logAndReturn(56)) - a7998a79-199c-44f4-b3c2-ea75c49d687d@group-8175D73357F8-LeaderElection78: Election REJECTED; received 2 response(s) [a7998a79-199c-44f4-b3c2-ea75c49d687d<-2d385246-963b-498d-9e2e-bc24e50fd0c7#0:FAIL-t54, a7998a79-199c-44f4-b3c2-ea75c49d687d<-ee386961-2337-4a8c-9c8d-dbca8671699a#0:FAIL-t54] and 0 exception(s); a7998a79-199c-44f4-b3c2-ea75c49d687d@group-8175D73357F8:t54, leader=null, voted=a7998a79-199c-44f4-b3c2-ea75c49d687d, raftlog=a7998a79-199c-44f4-b3c2-ea75c49d687d@group-8175D73357F8-SegmentedRaftLog:OPENED:c3,f4,i4, conf=0: [a7998a79-199c-44f4-b3c2-ea75c49d687d:192.168.157.233:46825, 2d385246-963b-498d-9e2e-bc24e50fd0c7:192.168.157.233:40769, ee386961-2337-4a8c-9c8d-dbca8671699a:192.168.157.233:35014], old=null
2019-10-18 14:23:00,894 [a7998a79-199c-44f4-b3c2-ea75c49d687d@group-8175D73357F8-LeaderElection78] INFO  impl.RaftServerImpl (RaftServerImpl.java:setRole(184)) - a7998a79-199c-44f4-b3c2-ea75c49d687d@group-8175D73357F8: changes role from CANDIDATE to FOLLOWER at term 54 for DISCOVERED_A_NEW_TERM
2019-10-18 14:23:00,894 [a7998a79-199c-44f4-b3c2-ea75c49d687d@group-8175D73357F8-LeaderElection78] INFO  impl.RoleInfo (RoleInfo.java:shutdownLeaderElection(134)) - a7998a79-199c-44f4-b3c2-ea75c49d687d: shutdown LeaderElection
2019-10-18 14:23:00,894 [a7998a79-199c-44f4-b3c2-ea75c49d687d@group-8175D73357F8-LeaderElection78] INFO  impl.RoleInfo (RoleInfo.java:updateAndGet(143)) - a7998a79-199c-44f4-b3c2-ea75c49d687d: start FollowerState
2019-10-18 14:23:00,901 [Thread-1057] INFO  impl.FollowerState (FollowerState.java:run(108)) - 2d385246-963b-498d-9e2e-bc24e50fd0c7@group-B8EEB2952F7B-FollowerState: change to CANDIDATE, lastRpcTime:33ms, electionTimeout:33ms
2019-10-18 14:23:00,901 [Thread-1057] INFO  impl.RoleInfo (RoleInfo.java:shutdownFollowerState(121)) - 2d385246-963b-498d-9e2e-bc24e50fd0c7: shutdown FollowerState
2019-10-18 14:23:00,901 [Thread-1057] INFO  impl.RaftServerImpl (RaftServerImpl.java:setRole(184)) - 2d385246-963b-498d-9e2e-bc24e50fd0c7@group-B8EEB2952F7B: changes role from  FOLLOWER to CANDIDATE at term 21 for changeToCandidate
2019-10-18 14:23:00,901 [Thread-1057] INFO  impl.RoleInfo (RoleInfo.java:updateAndGet(143)) - 2d385246-963b-498d-9e2e-bc24e50fd0c7: start LeaderElection
2019-10-18 14:23:00,908 [2d385246-963b-498d-9e2e-bc24e50fd0c7@group-B8EEB2952F7B-LeaderElection79] INFO  impl.LeaderElection (LeaderElection.java:askForVotes(178)) - 2d385246-963b-498d-9e2e-bc24e50fd0c7@group-B8EEB2952F7B-LeaderElection79: begin an election at term 22 for -1: [a7998a79-199c-44f4-b3c2-ea75c49d687d:192.168.157.233:46825, 2d385246-963b-498d-9e2e-bc24e50fd0c7:192.168.157.233:40769, ee386961-2337-4a8c-9c8d-dbca8671699a:192.168.157.233:35014], old=null
2019-10-18 14:23:00,911 [grpc-default-executor-10] INFO  impl.RaftServerImpl (RaftServerImpl.java:setRole(184)) - a7998a79-199c-44f4-b3c2-ea75c49d687d@group-B8EEB2952F7B: changes role from  FOLLOWER to FOLLOWER at term 22 for recognizeCandidate:2d385246-963b-498d-9e2e-bc24e50fd0c7
2019-10-18 14:23:00,911 [grpc-default-executor-4] INFO  impl.RaftServerImpl (RaftServerImpl.java:setRole(184)) - ee386961-2337-4a8c-9c8d-dbca8671699a@group-B8EEB2952F7B: changes role from  FOLLOWER to FOLLOWER at term 22 for recognizeCandidate:2d385246-963b-498d-9e2e-bc24e50fd0c7
2019-10-18 14:23:00,911 [grpc-default-executor-10] INFO  impl.RoleInfo (RoleInfo.java:shutdownFollowerState(121)) - a7998a79-199c-44f4-b3c2-ea75c49d687d: shutdown FollowerState
2019-10-18 14:23:00,911 [grpc-default-executor-4] INFO  impl.RoleInfo (RoleInfo.java:shutdownFollowerState(121)) - ee386961-2337-4a8c-9c8d-dbca8671699a: shutdown FollowerState
2019-10-18 14:23:00,911 [Thread-1054] INFO  impl.FollowerState (FollowerState.java:run(117)) - a7998a79-199c-44f4-b3c2-ea75c49d687d@group-B8EEB2952F7B-FollowerState was interrupted: java.lang.InterruptedException: sleep interrupted
2019-10-18 14:23:00,911 [grpc-default-executor-10] INFO  impl.RoleInfo (RoleInfo.java:updateAndGet(143)) - a7998a79-199c-44f4-b3c2-ea75c49d687d: start FollowerState
2019-10-18 14:23:00,911 [Thread-1055] INFO  impl.FollowerState (FollowerState.java:run(117)) - ee386961-2337-4a8c-9c8d-dbca8671699a@group-B8EEB2952F7B-FollowerState was interrupted: java.lang.InterruptedException: sleep interrupted
2019-10-18 14:23:00,911 [grpc-default-executor-4] INFO  impl.RoleInfo (RoleInfo.java:updateAndGet(143)) - ee386961-2337-4a8c-9c8d-dbca8671699a: start FollowerState
2019-10-18 14:23:00,933 [2d385246-963b-498d-9e2e-bc24e50fd0c7@group-B8EEB2952F7B-LeaderElection79] INFO  impl.LeaderElection (LeaderElection.java:logAndReturn(56)) - 2d385246-963b-498d-9e2e-bc24e50fd0c7@group-B8EEB2952F7B-LeaderElection79: Election TIMEOUT; received 0 response(s) [] and 0 exception(s); 2d385246-963b-498d-9e2e-bc24e50fd0c7@group-B8EEB2952F7B:t22, leader=null, voted=2d385246-963b-498d-9e2e-bc24e50fd0c7, raftlog=2d385246-963b-498d-9e2e-bc24e50fd0c7@group-B8EEB2952F7B-SegmentedRaftLog:OPENED:c-1,f-1,i0, conf=-1: [a7998a79-199c-44f4-b3c2-ea75c49d687d:192.168.157.233:46825, 2d385246-963b-498d-9e2e-bc24e50fd0c7:192.168.157.233:40769, ee386961-2337-4a8c-9c8d-dbca8671699a:192.168.157.233:35014], old=null
2019-10-18 14:23:00,936 [2d385246-963b-498d-9e2e-bc24e50fd0c7@group-B8EEB2952F7B-LeaderElection79] INFO  impl.LeaderElection (LeaderElection.java:askForVotes(178)) - 2d385246-963b-498d-9e2e-bc24e50fd0c7@group-B8EEB2952F7B-LeaderElection79: begin an election at term 23 for -1: [a7998a79-199c-44f4-b3c2-ea75c49d687d:192.168.157.233:46825, 2d385246-963b-498d-9e2e-bc24e50fd0c7:192.168.157.233:40769, ee386961-2337-4a8c-9c8d-dbca8671699a:192.168.157.233:35014], old=null
2019-10-18 14:23:00,938 [grpc-default-executor-10] INFO  impl.RaftServerImpl (RaftServerImpl.java:setRole(184)) - a7998a79-199c-44f4-b3c2-ea75c49d687d@group-B8EEB2952F7B: changes role from  FOLLOWER to FOLLOWER at term 23 for recognizeCandidate:2d385246-963b-498d-9e2e-bc24e50fd0c7
2019-10-18 14:23:00,938 [grpc-default-executor-4] INFO  impl.RaftServerImpl (RaftServerImpl.java:setRole(184)) - ee386961-2337-4a8c-9c8d-dbca8671699a@group-B8EEB2952F7B: changes role from  FOLLOWER to FOLLOWER at term 23 for recognizeCandidate:2d385246-963b-498d-9e2e-bc24e50fd0c7
2019-10-18 14:23:00,938 [grpc-default-executor-10] INFO  impl.RoleInfo (RoleInfo.java:shutdownFollowerState(121)) - a7998a79-199c-44f4-b3c2-ea75c49d687d: shutdown FollowerState
2019-10-18 14:23:00,938 [grpc-default-executor-4] INFO  impl.RoleInfo (RoleInfo.java:shutdownFollowerState(121)) - ee386961-2337-4a8c-9c8d-dbca8671699a: shutdown FollowerState
2019-10-18 14:23:00,939 [Thread-1066] INFO  impl.FollowerState (FollowerState.java:run(117)) - a7998a79-199c-44f4-b3c2-ea75c49d687d@group-B8EEB2952F7B-FollowerState was interrupted: java.lang.InterruptedException: sleep interrupted
2019-10-18 14:23:00,939 [grpc-default-executor-10] INFO  impl.RoleInfo (RoleInfo.java:updateAndGet(143)) - a7998a79-199c-44f4-b3c2-ea75c49d687d: start FollowerState
2019-10-18 14:23:00,939 [Thread-1067] INFO  impl.FollowerState (FollowerState.java:run(117)) - ee386961-2337-4a8c-9c8d-dbca8671699a@group-B8EEB2952F7B-FollowerState was interrupted: java.lang.InterruptedException: sleep interrupted
2019-10-18 14:23:00,939 [grpc-default-executor-4] INFO  impl.RoleInfo (RoleInfo.java:updateAndGet(143)) - ee386961-2337-4a8c-9c8d-dbca8671699a: start FollowerState
2019-10-18 14:23:00,966 [2d385246-963b-498d-9e2e-bc24e50fd0c7@group-B8EEB2952F7B-LeaderElection79] INFO  impl.LeaderElection (LeaderElection.java:logAndReturn(56)) - 2d385246-963b-498d-9e2e-bc24e50fd0c7@group-B8EEB2952F7B-LeaderElection79: Election REJECTED; received 2 response(s) [2d385246-963b-498d-9e2e-bc24e50fd0c7<-a7998a79-199c-44f4-b3c2-ea75c49d687d#0:FAIL-t23, 2d385246-963b-498d-9e2e-bc24e50fd0c7<-ee386961-2337-4a8c-9c8d-dbca8671699a#0:FAIL-t23] and 0 exception(s); 2d385246-963b-498d-9e2e-bc24e50fd0c7@group-B8EEB2952F7B:t23, leader=null, voted=2d385246-963b-498d-9e2e-bc24e50fd0c7, raftlog=2d385246-963b-498d-9e2e-bc24e50fd0c7@group-B8EEB2952F7B-SegmentedRaftLog:OPENED:c-1,f-1,i0, conf=-1: [a7998a79-199c-44f4-b3c2-ea75c49d687d:192.168.157.233:46825, 2d385246-963b-498d-9e2e-bc24e50fd0c7:192.168.157.233:40769, ee386961-2337-4a8c-9c8d-dbca8671699a:192.168.157.233:35014], old=null
2019-10-18 14:23:00,966 [2d385246-963b-498d-9e2e-bc24e50fd0c7@group-B8EEB2952F7B-LeaderElection79] INFO  impl.RaftServerImpl (RaftServerImpl.java:setRole(184)) - 2d385246-963b-498d-9e2e-bc24e50fd0c7@group-B8EEB2952F7B: changes role from CANDIDATE to FOLLOWER at term 23 for DISCOVERED_A_NEW_TERM
2019-10-18 14:23:00,966 [2d385246-963b-498d-9e2e-bc24e50fd0c7@group-B8EEB2952F7B-LeaderElection79] INFO  impl.RoleInfo (RoleInfo.java:shutdownLeaderElection(134)) - 2d385246-963b-498d-9e2e-bc24e50fd0c7: shutdown LeaderElection
2019-10-18 14:23:00,967 [2d385246-963b-498d-9e2e-bc24e50fd0c7@group-B8EEB2952F7B-LeaderElection79] INFO  impl.RoleInfo (RoleInfo.java:updateAndGet(143)) - 2d385246-963b-498d-9e2e-bc24e50fd0c7: start FollowerState
2019-10-18 14:23:01,008 [Thread-1062] INFO  impl.FollowerState (FollowerState.java:run(108)) - a7998a79-199c-44f4-b3c2-ea75c49d687d@group-8175D73357F8-FollowerState: change to CANDIDATE, lastRpcTime:114ms, electionTimeout:114ms
2019-10-18 14:23:01,012 [Thread-1062] INFO  impl.RoleInfo (RoleInfo.java:shutdownFollowerState(121)) - a7998a79-199c-44f4-b3c2-ea75c49d687d: shutdown FollowerState
2019-10-18 14:23:01,013 [Thread-1062] INFO  impl.RaftServerImpl (RaftServerImpl.java:setRole(184)) - a7998a79-199c-44f4-b3c2-ea75c49d687d@group-8175D73357F8: changes role from  FOLLOWER to CANDIDATE at term 54 for changeToCandidate
2019-10-18 14:23:01,018 [Thread-1062] INFO  impl.RoleInfo (RoleInfo.java:updateAndGet(143)) - a7998a79-199c-44f4-b3c2-ea75c49d687d: start LeaderElection
2019-10-18 14:23:01,039 [a7998a79-199c-44f4-b3c2-ea75c49d687d@group-8175D73357F8-LeaderElection80] INFO  impl.LeaderElection (LeaderElection.java:askForVotes(178)) - a7998a79-199c-44f4-b3c2-ea75c49d687d@group-8175D73357F8-LeaderElection80: begin an election at term 55 for 0: [a7998a79-199c-44f4-b3c2-ea75c49d687d:192.168.157.233:46825, 2d385246-963b-498d-9e2e-bc24e50fd0c7:192.168.157.233:40769, ee386961-2337-4a8c-9c8d-dbca8671699a:192.168.157.233:35014], old=null
2019-10-18 14:23:01,043 [grpc-default-executor-4] INFO  impl.RaftServerImpl (RaftServerImpl.java:setRole(184)) - ee386961-2337-4a8c-9c8d-dbca8671699a@group-8175D73357F8: changes role from  FOLLOWER to FOLLOWER at term 55 for recognizeCandidate:a7998a79-199c-44f4-b3c2-ea75c49d687d
2019-10-18 14:23:01,043 [grpc-default-executor-4] INFO  impl.RoleInfo (RoleInfo.java:shutdownFollowerState(121)) - ee386961-2337-4a8c-9c8d-dbca8671699a: shutdown FollowerState
2019-10-18 14:23:01,043 [grpc-default-executor-10] INFO  impl.RaftServerImpl (RaftServerImpl.java:setRole(184)) - 2d385246-963b-498d-9e2e-bc24e50fd0c7@group-8175D73357F8: changes role from  FOLLOWER to FOLLOWER at term 55 for recognizeCandidate:a7998a79-199c-44f4-b3c2-ea75c49d687d
2019-10-18 14:23:01,043 [Thread-1061] INFO  impl.FollowerState (FollowerState.java:run(117)) - ee386961-2337-4a8c-9c8d-dbca8671699a@group-8175D73357F8-FollowerState was interrupted: java.lang.InterruptedException: sleep interrupted
2019-10-18 14:23:01,043 [grpc-default-executor-4] INFO  impl.RoleInfo (RoleInfo.java:updateAndGet(143)) - ee386961-2337-4a8c-9c8d-dbca8671699a: start FollowerState
2019-10-18 14:23:01,044 [grpc-default-executor-10] INFO  impl.RoleInfo (RoleInfo.java:shutdownFollowerState(121)) - 2d385246-963b-498d-9e2e-bc24e50fd0c7: shutdown FollowerState
2019-10-18 14:23:01,044 [grpc-default-executor-10] INFO  impl.RoleInfo (RoleInfo.java:updateAndGet(143)) - 2d385246-963b-498d-9e2e-bc24e50fd0c7: start FollowerState
2019-10-18 14:23:01,044 [Thread-1060] INFO  impl.FollowerState (FollowerState.java:run(117)) - 2d385246-963b-498d-9e2e-bc24e50fd0c7@group-8175D73357F8-FollowerState was interrupted: java.lang.InterruptedException: sleep interrupted
2019-10-18 14:23:01,062 [BlockDeletingService#0] WARN  background.BlockDeletingService (BlockDeletingService.java:isDeletionAllowed(187)) - Close Container log Index 6 is not replicated across allthe servers in the pipeline 5a21c002-5003-4cac-9183-8175d73357f8 as the min replicated index is 4. Deletion is not allowed in this container yet.
2019-10-18 14:23:01,062 [BlockDeletingService#2] WARN  background.BlockDeletingService (BlockDeletingService.java:isDeletionAllowed(187)) - Close Container log Index 6 is not replicated across allthe servers in the pipeline 5a21c002-5003-4cac-9183-8175d73357f8 as the min replicated index is 4. Deletion is not allowed in this container yet.
2019-10-18 14:23:01,071 [a7998a79-199c-44f4-b3c2-ea75c49d687d@group-8175D73357F8-LeaderElection80] INFO  impl.LeaderElection (LeaderElection.java:logAndReturn(56)) - a7998a79-199c-44f4-b3c2-ea75c49d687d@group-8175D73357F8-LeaderElection80: Election REJECTED; received 2 response(s) [a7998a79-199c-44f4-b3c2-ea75c49d687d<-2d385246-963b-498d-9e2e-bc24e50fd0c7#0:FAIL-t55, a7998a79-199c-44f4-b3c2-ea75c49d687d<-ee386961-2337-4a8c-9c8d-dbca8671699a#0:FAIL-t55] and 0 exception(s); a7998a79-199c-44f4-b3c2-ea75c49d687d@group-8175D73357F8:t55, leader=null, voted=a7998a79-199c-44f4-b3c2-ea75c49d687d, raftlog=a7998a79-199c-44f4-b3c2-ea75c49d687d@group-8175D73357F8-SegmentedRaftLog:OPENED:c3,f4,i4, conf=0: [a7998a79-199c-44f4-b3c2-ea75c49d687d:192.168.157.233:46825, 2d385246-963b-498d-9e2e-bc24e50fd0c7:192.168.157.233:40769, ee386961-2337-4a8c-9c8d-dbca8671699a:192.168.157.233:35014], old=null
2019-10-18 14:23:01,071 [a7998a79-199c-44f4-b3c2-ea75c49d687d@group-8175D73357F8-LeaderElection80] INFO  impl.RaftServerImpl (RaftServerImpl.java:setRole(184)) - a7998a79-199c-44f4-b3c2-ea75c49d687d@group-8175D73357F8: changes role from CANDIDATE to FOLLOWER at term 55 for DISCOVERED_A_NEW_TERM
2019-10-18 14:23:01,071 [a7998a79-199c-44f4-b3c2-ea75c49d687d@group-8175D73357F8-LeaderElection80] INFO  impl.RoleInfo (RoleInfo.java:shutdownLeaderElection(134)) - a7998a79-199c-44f4-b3c2-ea75c49d687d: shutdown LeaderElection
2019-10-18 14:23:01,071 [a7998a79-199c-44f4-b3c2-ea75c49d687d@group-8175D73357F8-LeaderElection80] INFO  impl.RoleInfo (RoleInfo.java:updateAndGet(143)) - a7998a79-199c-44f4-b3c2-ea75c49d687d: start FollowerState
2019-10-18 14:23:01,094 [Thread-1082] INFO  client.GrpcClientProtocolService (GrpcClientProtocolService.java:lambda$processClientRequest$0(278)) - Failed RaftClientRequest:client-49F5F9D51947->ee386961-2337-4a8c-9c8d-dbca8671699a@group-8175D73357F8, cid=10, seq=0, Watch-ALL_COMMITTED(6), Message:<EMPTY>, reply=RaftClientReply:client-49F5F9D51947->ee386961-2337-4a8c-9c8d-dbca8671699a@group-8175D73357F8, cid=10, FAILED org.apache.ratis.protocol.NotLeaderException: Server ee386961-2337-4a8c-9c8d-dbca8671699a@group-8175D73357F8 is not the leader, logIndex=0, commits[ee386961-2337-4a8c-9c8d-dbca8671699a:c10, a7998a79-199c-44f4-b3c2-ea75c49d687d:c4, 2d385246-963b-498d-9e2e-bc24e50fd0c7:c10]
2019-10-18 14:23:01,096 [Thread-1072] INFO  impl.FollowerState (FollowerState.java:run(108)) - 2d385246-963b-498d-9e2e-bc24e50fd0c7@group-B8EEB2952F7B-FollowerState: change to CANDIDATE, lastRpcTime:129ms, electionTimeout:128ms
2019-10-18 14:23:01,096 [Thread-1072] INFO  impl.RoleInfo (RoleInfo.java:shutdownFollowerState(121)) - 2d385246-963b-498d-9e2e-bc24e50fd0c7: shutdown FollowerState
2019-10-18 14:23:01,096 [Thread-1072] INFO  impl.RaftServerImpl (RaftServerImpl.java:setRole(184)) - 2d385246-963b-498d-9e2e-bc24e50fd0c7@group-B8EEB2952F7B: changes role from  FOLLOWER to CANDIDATE at term 23 for changeToCandidate
2019-10-18 14:23:01,096 [Thread-1072] INFO  impl.RoleInfo (RoleInfo.java:updateAndGet(143)) - 2d385246-963b-498d-9e2e-bc24e50fd0c7: start LeaderElection
2019-10-18 14:23:01,112 [2d385246-963b-498d-9e2e-bc24e50fd0c7@group-B8EEB2952F7B-LeaderElection81] INFO  impl.LeaderElection (LeaderElection.java:askForVotes(178)) - 2d385246-963b-498d-9e2e-bc24e50fd0c7@group-B8EEB2952F7B-LeaderElection81: begin an election at term 24 for -1: [a7998a79-199c-44f4-b3c2-ea75c49d687d:192.168.157.233:46825, 2d385246-963b-498d-9e2e-bc24e50fd0c7:192.168.157.233:40769, ee386961-2337-4a8c-9c8d-dbca8671699a:192.168.157.233:35014], old=null
2019-10-18 14:23:01,114 [grpc-default-executor-4] INFO  impl.RaftServerImpl (RaftServerImpl.java:setRole(184)) - a7998a79-199c-44f4-b3c2-ea75c49d687d@group-B8EEB2952F7B: changes role from  FOLLOWER to FOLLOWER at term 24 for recognizeCandidate:2d385246-963b-498d-9e2e-bc24e50fd0c7
2019-10-18 14:23:01,115 [grpc-default-executor-4] INFO  impl.RoleInfo (RoleInfo.java:shutdownFollowerState(121)) - a7998a79-199c-44f4-b3c2-ea75c49d687d: shutdown FollowerState
2019-10-18 14:23:01,115 [grpc-default-executor-10] INFO  impl.RaftServerImpl (RaftServerImpl.java:setRole(184)) - ee386961-2337-4a8c-9c8d-dbca8671699a@group-B8EEB2952F7B: changes role from  FOLLOWER to FOLLOWER at term 24 for recognizeCandidate:2d385246-963b-498d-9e2e-bc24e50fd0c7
2019-10-18 14:23:01,115 [Thread-1070] INFO  impl.FollowerState (FollowerState.java:run(117)) - a7998a79-199c-44f4-b3c2-ea75c49d687d@group-B8EEB2952F7B-FollowerState was interrupted: java.lang.InterruptedException: sleep interrupted
2019-10-18 14:23:01,115 [grpc-default-executor-4] INFO  impl.RoleInfo (RoleInfo.java:updateAndGet(143)) - a7998a79-199c-44f4-b3c2-ea75c49d687d: start FollowerState
2019-10-18 14:23:01,115 [grpc-default-executor-10] INFO  impl.RoleInfo (RoleInfo.java:shutdownFollowerState(121)) - ee386961-2337-4a8c-9c8d-dbca8671699a: shutdown FollowerState
2019-10-18 14:23:01,115 [grpc-default-executor-10] INFO  impl.RoleInfo (RoleInfo.java:updateAndGet(143)) - ee386961-2337-4a8c-9c8d-dbca8671699a: start FollowerState
2019-10-18 14:23:01,115 [Thread-1071] INFO  impl.FollowerState (FollowerState.java:run(117)) - ee386961-2337-4a8c-9c8d-dbca8671699a@group-B8EEB2952F7B-FollowerState was interrupted: java.lang.InterruptedException: sleep interrupted
2019-10-18 14:23:01,130 [2d385246-963b-498d-9e2e-bc24e50fd0c7@group-B8EEB2952F7B-LeaderElection81] INFO  impl.LeaderElection (LeaderElection.java:logAndReturn(56)) - 2d385246-963b-498d-9e2e-bc24e50fd0c7@group-B8EEB2952F7B-LeaderElection81: Election REJECTED; received 2 response(s) [2d385246-963b-498d-9e2e-bc24e50fd0c7<-a7998a79-199c-44f4-b3c2-ea75c49d687d#0:FAIL-t24, 2d385246-963b-498d-9e2e-bc24e50fd0c7<-ee386961-2337-4a8c-9c8d-dbca8671699a#0:FAIL-t24] and 0 exception(s); 2d385246-963b-498d-9e2e-bc24e50fd0c7@group-B8EEB2952F7B:t24, leader=null, voted=2d385246-963b-498d-9e2e-bc24e50fd0c7, raftlog=2d385246-963b-498d-9e2e-bc24e50fd0c7@group-B8EEB2952F7B-SegmentedRaftLog:OPENED:c-1,f-1,i0, conf=-1: [a7998a79-199c-44f4-b3c2-ea75c49d687d:192.168.157.233:46825, 2d385246-963b-498d-9e2e-bc24e50fd0c7:192.168.157.233:40769, ee386961-2337-4a8c-9c8d-dbca8671699a:192.168.157.233:35014], old=null
2019-10-18 14:23:01,131 [2d385246-963b-498d-9e2e-bc24e50fd0c7@group-B8EEB2952F7B-LeaderElection81] INFO  impl.RaftServerImpl (RaftServerImpl.java:setRole(184)) - 2d385246-963b-498d-9e2e-bc24e50fd0c7@group-B8EEB2952F7B: changes role from CANDIDATE to FOLLOWER at term 24 for DISCOVERED_A_NEW_TERM
2019-10-18 14:23:01,131 [2d385246-963b-498d-9e2e-bc24e50fd0c7@group-B8EEB2952F7B-LeaderElection81] INFO  impl.RoleInfo (RoleInfo.java:shutdownLeaderElection(134)) - 2d385246-963b-498d-9e2e-bc24e50fd0c7: shutdown LeaderElection
2019-10-18 14:23:01,131 [2d385246-963b-498d-9e2e-bc24e50fd0c7@group-B8EEB2952F7B-LeaderElection81] INFO  impl.RoleInfo (RoleInfo.java:updateAndGet(143)) - 2d385246-963b-498d-9e2e-bc24e50fd0c7: start FollowerState
2019-10-18 14:23:01,136 [Thread-1080] INFO  impl.FollowerState (FollowerState.java:run(108)) - a7998a79-199c-44f4-b3c2-ea75c49d687d@group-8175D73357F8-FollowerState: change to CANDIDATE, lastRpcTime:64ms, electionTimeout:64ms
2019-10-18 14:23:01,136 [Thread-1080] INFO  impl.RoleInfo (RoleInfo.java:shutdownFollowerState(121)) - a7998a79-199c-44f4-b3c2-ea75c49d687d: shutdown FollowerState
2019-10-18 14:23:01,136 [Thread-1080] INFO  impl.RaftServerImpl (RaftServerImpl.java:setRole(184)) - a7998a79-199c-44f4-b3c2-ea75c49d687d@group-8175D73357F8: changes role from  FOLLOWER to CANDIDATE at term 55 for changeToCandidate
2019-10-18 14:23:01,136 [Thread-1080] INFO  impl.RoleInfo (RoleInfo.java:updateAndGet(143)) - a7998a79-199c-44f4-b3c2-ea75c49d687d: start LeaderElection
2019-10-18 14:23:01,158 [a7998a79-199c-44f4-b3c2-ea75c49d687d@group-8175D73357F8-LeaderElection82] INFO  impl.LeaderElection (LeaderElection.java:askForVotes(178)) - a7998a79-199c-44f4-b3c2-ea75c49d687d@group-8175D73357F8-LeaderElection82: begin an election at term 56 for 0: [a7998a79-199c-44f4-b3c2-ea75c49d687d:192.168.157.233:46825, 2d385246-963b-498d-9e2e-bc24e50fd0c7:192.168.157.233:40769, ee386961-2337-4a8c-9c8d-dbca8671699a:192.168.157.233:35014], old=null
2019-10-18 14:23:01,160 [grpc-default-executor-4] INFO  impl.RaftServerImpl (RaftServerImpl.java:setRole(184)) - ee386961-2337-4a8c-9c8d-dbca8671699a@group-8175D73357F8: changes role from  FOLLOWER to FOLLOWER at term 56 for recognizeCandidate:a7998a79-199c-44f4-b3c2-ea75c49d687d
2019-10-18 14:23:01,160 [grpc-default-executor-4] INFO  impl.RoleInfo (RoleInfo.java:shutdownFollowerState(121)) - ee386961-2337-4a8c-9c8d-dbca8671699a: shutdown FollowerState
2019-10-18 14:23:01,160 [grpc-default-executor-10] INFO  impl.RaftServerImpl (RaftServerImpl.java:setRole(184)) - 2d385246-963b-498d-9e2e-bc24e50fd0c7@group-8175D73357F8: changes role from  FOLLOWER to FOLLOWER at term 56 for recognizeCandidate:a7998a79-199c-44f4-b3c2-ea75c49d687d
2019-10-18 14:23:01,161 [Thread-1076] INFO  impl.FollowerState (FollowerState.java:run(117)) - ee386961-2337-4a8c-9c8d-dbca8671699a@group-8175D73357F8-FollowerState was interrupted: java.lang.InterruptedException: sleep interrupted
2019-10-18 14:23:01,161 [grpc-default-executor-4] INFO  impl.RoleInfo (RoleInfo.java:updateAndGet(143)) - ee386961-2337-4a8c-9c8d-dbca8671699a: start FollowerState
2019-10-18 14:23:01,161 [grpc-default-executor-10] INFO  impl.RoleInfo (RoleInfo.java:shutdownFollowerState(121)) - 2d385246-963b-498d-9e2e-bc24e50fd0c7: shutdown FollowerState
2019-10-18 14:23:01,161 [grpc-default-executor-10] INFO  impl.RoleInfo (RoleInfo.java:updateAndGet(143)) - 2d385246-963b-498d-9e2e-bc24e50fd0c7: start FollowerState
2019-10-18 14:23:01,161 [Thread-1077] INFO  impl.FollowerState (FollowerState.java:run(117)) - 2d385246-963b-498d-9e2e-bc24e50fd0c7@group-8175D73357F8-FollowerState was interrupted: java.lang.InterruptedException: sleep interrupted
2019-10-18 14:23:01,186 [a7998a79-199c-44f4-b3c2-ea75c49d687d@group-8175D73357F8-LeaderElection82] INFO  impl.LeaderElection (LeaderElection.java:logAndReturn(56)) - a7998a79-199c-44f4-b3c2-ea75c49d687d@group-8175D73357F8-LeaderElection82: Election REJECTED; received 2 response(s) [a7998a79-199c-44f4-b3c2-ea75c49d687d<-2d385246-963b-498d-9e2e-bc24e50fd0c7#0:FAIL-t56, a7998a79-199c-44f4-b3c2-ea75c49d687d<-ee386961-2337-4a8c-9c8d-dbca8671699a#0:FAIL-t56] and 0 exception(s); a7998a79-199c-44f4-b3c2-ea75c49d687d@group-8175D73357F8:t56, leader=null, voted=a7998a79-199c-44f4-b3c2-ea75c49d687d, raftlog=a7998a79-199c-44f4-b3c2-ea75c49d687d@group-8175D73357F8-SegmentedRaftLog:OPENED:c3,f4,i4, conf=0: [a7998a79-199c-44f4-b3c2-ea75c49d687d:192.168.157.233:46825, 2d385246-963b-498d-9e2e-bc24e50fd0c7:192.168.157.233:40769, ee386961-2337-4a8c-9c8d-dbca8671699a:192.168.157.233:35014], old=null
2019-10-18 14:23:01,186 [a7998a79-199c-44f4-b3c2-ea75c49d687d@group-8175D73357F8-LeaderElection82] INFO  impl.RaftServerImpl (RaftServerImpl.java:setRole(184)) - a7998a79-199c-44f4-b3c2-ea75c49d687d@group-8175D73357F8: changes role from CANDIDATE to FOLLOWER at term 56 for DISCOVERED_A_NEW_TERM
2019-10-18 14:23:01,186 [a7998a79-199c-44f4-b3c2-ea75c49d687d@group-8175D73357F8-LeaderElection82] INFO  impl.RoleInfo (RoleInfo.java:shutdownLeaderElection(134)) - a7998a79-199c-44f4-b3c2-ea75c49d687d: shutdown LeaderElection
2019-10-18 14:23:01,186 [a7998a79-199c-44f4-b3c2-ea75c49d687d@group-8175D73357F8-LeaderElection82] INFO  impl.RoleInfo (RoleInfo.java:updateAndGet(143)) - a7998a79-199c-44f4-b3c2-ea75c49d687d: start FollowerState
2019-10-18 14:23:01,244 [Thread-1095] INFO  impl.FollowerState (FollowerState.java:run(108)) - a7998a79-199c-44f4-b3c2-ea75c49d687d@group-8175D73357F8-FollowerState: change to CANDIDATE, lastRpcTime:57ms, electionTimeout:57ms
2019-10-18 14:23:01,244 [Thread-1095] INFO  impl.RoleInfo (RoleInfo.java:shutdownFollowerState(121)) - a7998a79-199c-44f4-b3c2-ea75c49d687d: shutdown FollowerState
2019-10-18 14:23:01,244 [Thread-1095] INFO  impl.RaftServerImpl (RaftServerImpl.java:setRole(184)) - a7998a79-199c-44f4-b3c2-ea75c49d687d@group-8175D73357F8: changes role from  FOLLOWER to CANDIDATE at term 56 for changeToCandidate
2019-10-18 14:23:01,244 [Thread-1095] INFO  impl.RoleInfo (RoleInfo.java:updateAndGet(143)) - a7998a79-199c-44f4-b3c2-ea75c49d687d: start LeaderElection
2019-10-18 14:23:01,258 [a7998a79-199c-44f4-b3c2-ea75c49d687d@group-8175D73357F8-LeaderElection83] INFO  impl.LeaderElection (LeaderElection.java:askForVotes(178)) - a7998a79-199c-44f4-b3c2-ea75c49d687d@group-8175D73357F8-LeaderElection83: begin an election at term 57 for 0: [a7998a79-199c-44f4-b3c2-ea75c49d687d:192.168.157.233:46825, 2d385246-963b-498d-9e2e-bc24e50fd0c7:192.168.157.233:40769, ee386961-2337-4a8c-9c8d-dbca8671699a:192.168.157.233:35014], old=null
2019-10-18 14:23:01,260 [grpc-default-executor-4] INFO  impl.RaftServerImpl (RaftServerImpl.java:setRole(184)) - ee386961-2337-4a8c-9c8d-dbca8671699a@group-8175D73357F8: changes role from  FOLLOWER to FOLLOWER at term 57 for recognizeCandidate:a7998a79-199c-44f4-b3c2-ea75c49d687d
2019-10-18 14:23:01,260 [grpc-default-executor-10] INFO  impl.RaftServerImpl (RaftServerImpl.java:setRole(184)) - 2d385246-963b-498d-9e2e-bc24e50fd0c7@group-8175D73357F8: changes role from  FOLLOWER to FOLLOWER at term 57 for recognizeCandidate:a7998a79-199c-44f4-b3c2-ea75c49d687d
2019-10-18 14:23:01,260 [grpc-default-executor-4] INFO  impl.RoleInfo (RoleInfo.java:shutdownFollowerState(121)) - ee386961-2337-4a8c-9c8d-dbca8671699a: shutdown FollowerState
2019-10-18 14:23:01,261 [grpc-default-executor-10] INFO  impl.RoleInfo (RoleInfo.java:shutdownFollowerState(121)) - 2d385246-963b-498d-9e2e-bc24e50fd0c7: shutdown FollowerState
2019-10-18 14:23:01,261 [Thread-1093] INFO  impl.FollowerState (FollowerState.java:run(117)) - ee386961-2337-4a8c-9c8d-dbca8671699a@group-8175D73357F8-FollowerState was interrupted: java.lang.InterruptedException: sleep interrupted
2019-10-18 14:23:01,261 [grpc-default-executor-10] INFO  impl.RoleInfo (RoleInfo.java:updateAndGet(143)) - 2d385246-963b-498d-9e2e-bc24e50fd0c7: start FollowerState
2019-10-18 14:23:01,261 [grpc-default-executor-4] INFO  impl.RoleInfo (RoleInfo.java:updateAndGet(143)) - ee386961-2337-4a8c-9c8d-dbca8671699a: start FollowerState
2019-10-18 14:23:01,261 [Thread-1094] INFO  impl.FollowerState (FollowerState.java:run(117)) - 2d385246-963b-498d-9e2e-bc24e50fd0c7@group-8175D73357F8-FollowerState was interrupted: java.lang.InterruptedException: sleep interrupted
2019-10-18 14:23:01,287 [Thread-1089] INFO  impl.FollowerState (FollowerState.java:run(108)) - 2d385246-963b-498d-9e2e-bc24e50fd0c7@group-B8EEB2952F7B-FollowerState: change to CANDIDATE, lastRpcTime:155ms, electionTimeout:154ms
2019-10-18 14:23:01,287 [Thread-1089] INFO  impl.RoleInfo (RoleInfo.java:shutdownFollowerState(121)) - 2d385246-963b-498d-9e2e-bc24e50fd0c7: shutdown FollowerState
2019-10-18 14:23:01,287 [Thread-1089] INFO  impl.RaftServerImpl (RaftServerImpl.java:setRole(184)) - 2d385246-963b-498d-9e2e-bc24e50fd0c7@group-B8EEB2952F7B: changes role from  FOLLOWER to CANDIDATE at term 24 for changeToCandidate
2019-10-18 14:23:01,288 [Thread-1089] INFO  impl.RoleInfo (RoleInfo.java:updateAndGet(143)) - 2d385246-963b-498d-9e2e-bc24e50fd0c7: start LeaderElection
2019-10-18 14:23:01,288 [a7998a79-199c-44f4-b3c2-ea75c49d687d@group-8175D73357F8-LeaderElection83] INFO  impl.LeaderElection (LeaderElection.java:logAndReturn(56)) - a7998a79-199c-44f4-b3c2-ea75c49d687d@group-8175D73357F8-LeaderElection83: Election REJECTED; received 2 response(s) [a7998a79-199c-44f4-b3c2-ea75c49d687d<-2d385246-963b-498d-9e2e-bc24e50fd0c7#0:FAIL-t57, a7998a79-199c-44f4-b3c2-ea75c49d687d<-ee386961-2337-4a8c-9c8d-dbca8671699a#0:FAIL-t57] and 0 exception(s); a7998a79-199c-44f4-b3c2-ea75c49d687d@group-8175D73357F8:t57, leader=null, voted=a7998a79-199c-44f4-b3c2-ea75c49d687d, raftlog=a7998a79-199c-44f4-b3c2-ea75c49d687d@group-8175D73357F8-SegmentedRaftLog:OPENED:c3,f4,i4, conf=0: [a7998a79-199c-44f4-b3c2-ea75c49d687d:192.168.157.233:46825, 2d385246-963b-498d-9e2e-bc24e50fd0c7:192.168.157.233:40769, ee386961-2337-4a8c-9c8d-dbca8671699a:192.168.157.233:35014], old=null
2019-10-18 14:23:01,288 [a7998a79-199c-44f4-b3c2-ea75c49d687d@group-8175D73357F8-LeaderElection83] INFO  impl.RaftServerImpl (RaftServerImpl.java:setRole(184)) - a7998a79-199c-44f4-b3c2-ea75c49d687d@group-8175D73357F8: changes role from CANDIDATE to FOLLOWER at term 57 for DISCOVERED_A_NEW_TERM
2019-10-18 14:23:01,288 [a7998a79-199c-44f4-b3c2-ea75c49d687d@group-8175D73357F8-LeaderElection83] INFO  impl.RoleInfo (RoleInfo.java:shutdownLeaderElection(134)) - a7998a79-199c-44f4-b3c2-ea75c49d687d: shutdown LeaderElection
2019-10-18 14:23:01,289 [a7998a79-199c-44f4-b3c2-ea75c49d687d@group-8175D73357F8-LeaderElection83] INFO  impl.RoleInfo (RoleInfo.java:updateAndGet(143)) - a7998a79-199c-44f4-b3c2-ea75c49d687d: start FollowerState
2019-10-18 14:23:01,303 [2d385246-963b-498d-9e2e-bc24e50fd0c7@group-B8EEB2952F7B-LeaderElection84] INFO  impl.LeaderElection (LeaderElection.java:askForVotes(178)) - 2d385246-963b-498d-9e2e-bc24e50fd0c7@group-B8EEB2952F7B-LeaderElection84: begin an election at term 25 for -1: [a7998a79-199c-44f4-b3c2-ea75c49d687d:192.168.157.233:46825, 2d385246-963b-498d-9e2e-bc24e50fd0c7:192.168.157.233:40769, ee386961-2337-4a8c-9c8d-dbca8671699a:192.168.157.233:35014], old=null
2019-10-18 14:23:01,305 [grpc-default-executor-4] INFO  impl.RaftServerImpl (RaftServerImpl.java:setRole(184)) - ee386961-2337-4a8c-9c8d-dbca8671699a@group-B8EEB2952F7B: changes role from  FOLLOWER to FOLLOWER at term 25 for recognizeCandidate:2d385246-963b-498d-9e2e-bc24e50fd0c7
2019-10-18 14:23:01,305 [grpc-default-executor-4] INFO  impl.RoleInfo (RoleInfo.java:shutdownFollowerState(121)) - ee386961-2337-4a8c-9c8d-dbca8671699a: shutdown FollowerState
2019-10-18 14:23:01,305 [grpc-default-executor-4] INFO  impl.RoleInfo (RoleInfo.java:updateAndGet(143)) - ee386961-2337-4a8c-9c8d-dbca8671699a: start FollowerState
2019-10-18 14:23:01,305 [grpc-default-executor-10] INFO  impl.RaftServerImpl (RaftServerImpl.java:setRole(184)) - a7998a79-199c-44f4-b3c2-ea75c49d687d@group-B8EEB2952F7B: changes role from  FOLLOWER to FOLLOWER at term 25 for recognizeCandidate:2d385246-963b-498d-9e2e-bc24e50fd0c7
2019-10-18 14:23:01,305 [Thread-1088] INFO  impl.FollowerState (FollowerState.java:run(117)) - ee386961-2337-4a8c-9c8d-dbca8671699a@group-B8EEB2952F7B-FollowerState was interrupted: java.lang.InterruptedException: sleep interrupted
2019-10-18 14:23:01,306 [grpc-default-executor-10] INFO  impl.RoleInfo (RoleInfo.java:shutdownFollowerState(121)) - a7998a79-199c-44f4-b3c2-ea75c49d687d: shutdown FollowerState
2019-10-18 14:23:01,306 [grpc-default-executor-10] INFO  impl.RoleInfo (RoleInfo.java:updateAndGet(143)) - a7998a79-199c-44f4-b3c2-ea75c49d687d: start FollowerState
2019-10-18 14:23:01,306 [Thread-1087] INFO  impl.FollowerState (FollowerState.java:run(117)) - a7998a79-199c-44f4-b3c2-ea75c49d687d@group-B8EEB2952F7B-FollowerState was interrupted: java.lang.InterruptedException: sleep interrupted
2019-10-18 14:23:01,332 [2d385246-963b-498d-9e2e-bc24e50fd0c7@group-B8EEB2952F7B-LeaderElection84] INFO  impl.LeaderElection (LeaderElection.java:logAndReturn(56)) - 2d385246-963b-498d-9e2e-bc24e50fd0c7@group-B8EEB2952F7B-LeaderElection84: Election REJECTED; received 2 response(s) [2d385246-963b-498d-9e2e-bc24e50fd0c7<-a7998a79-199c-44f4-b3c2-ea75c49d687d#0:FAIL-t25, 2d385246-963b-498d-9e2e-bc24e50fd0c7<-ee386961-2337-4a8c-9c8d-dbca8671699a#0:FAIL-t25] and 0 exception(s); 2d385246-963b-498d-9e2e-bc24e50fd0c7@group-B8EEB2952F7B:t25, leader=null, voted=2d385246-963b-498d-9e2e-bc24e50fd0c7, raftlog=2d385246-963b-498d-9e2e-bc24e50fd0c7@group-B8EEB2952F7B-SegmentedRaftLog:OPENED:c-1,f-1,i0, conf=-1: [a7998a79-199c-44f4-b3c2-ea75c49d687d:192.168.157.233:46825, 2d385246-963b-498d-9e2e-bc24e50fd0c7:192.168.157.233:40769, ee386961-2337-4a8c-9c8d-dbca8671699a:192.168.157.233:35014], old=null
2019-10-18 14:23:01,332 [2d385246-963b-498d-9e2e-bc24e50fd0c7@group-B8EEB2952F7B-LeaderElection84] INFO  impl.RaftServerImpl (RaftServerImpl.java:setRole(184)) - 2d385246-963b-498d-9e2e-bc24e50fd0c7@group-B8EEB2952F7B: changes role from CANDIDATE to FOLLOWER at term 25 for DISCOVERED_A_NEW_TERM
2019-10-18 14:23:01,332 [2d385246-963b-498d-9e2e-bc24e50fd0c7@group-B8EEB2952F7B-LeaderElection84] INFO  impl.RoleInfo (RoleInfo.java:shutdownLeaderElection(134)) - 2d385246-963b-498d-9e2e-bc24e50fd0c7: shutdown LeaderElection
2019-10-18 14:23:01,332 [2d385246-963b-498d-9e2e-bc24e50fd0c7@group-B8EEB2952F7B-LeaderElection84] INFO  impl.RoleInfo (RoleInfo.java:updateAndGet(143)) - 2d385246-963b-498d-9e2e-bc24e50fd0c7: start FollowerState
2019-10-18 14:23:01,479 [Thread-1102] INFO  impl.FollowerState (FollowerState.java:run(108)) - a7998a79-199c-44f4-b3c2-ea75c49d687d@group-8175D73357F8-FollowerState: change to CANDIDATE, lastRpcTime:190ms, electionTimeout:190ms
2019-10-18 14:23:01,479 [Thread-1102] INFO  impl.RoleInfo (RoleInfo.java:shutdownFollowerState(121)) - a7998a79-199c-44f4-b3c2-ea75c49d687d: shutdown FollowerState
2019-10-18 14:23:01,479 [Thread-1102] INFO  impl.RaftServerImpl (RaftServerImpl.java:setRole(184)) - a7998a79-199c-44f4-b3c2-ea75c49d687d@group-8175D73357F8: changes role from  FOLLOWER to CANDIDATE at term 57 for changeToCandidate
2019-10-18 14:23:01,480 [Thread-1102] INFO  impl.RoleInfo (RoleInfo.java:updateAndGet(143)) - a7998a79-199c-44f4-b3c2-ea75c49d687d: start LeaderElection
2019-10-18 14:23:01,487 [Thread-1107] INFO  impl.FollowerState (FollowerState.java:run(108)) - 2d385246-963b-498d-9e2e-bc24e50fd0c7@group-B8EEB2952F7B-FollowerState: change to CANDIDATE, lastRpcTime:154ms, electionTimeout:154ms
2019-10-18 14:23:01,487 [Thread-1107] INFO  impl.RoleInfo (RoleInfo.java:shutdownFollowerState(121)) - 2d385246-963b-498d-9e2e-bc24e50fd0c7: shutdown FollowerState
2019-10-18 14:23:01,487 [Thread-1107] INFO  impl.RaftServerImpl (RaftServerImpl.java:setRole(184)) - 2d385246-963b-498d-9e2e-bc24e50fd0c7@group-B8EEB2952F7B: changes role from  FOLLOWER to CANDIDATE at term 25 for changeToCandidate
2019-10-18 14:23:01,487 [Thread-1107] INFO  impl.RoleInfo (RoleInfo.java:updateAndGet(143)) - 2d385246-963b-498d-9e2e-bc24e50fd0c7: start LeaderElection
2019-10-18 14:23:01,495 [2d385246-963b-498d-9e2e-bc24e50fd0c7@group-B8EEB2952F7B-LeaderElection86] INFO  impl.LeaderElection (LeaderElection.java:askForVotes(178)) - 2d385246-963b-498d-9e2e-bc24e50fd0c7@group-B8EEB2952F7B-LeaderElection86: begin an election at term 26 for -1: [a7998a79-199c-44f4-b3c2-ea75c49d687d:192.168.157.233:46825, 2d385246-963b-498d-9e2e-bc24e50fd0c7:192.168.157.233:40769, ee386961-2337-4a8c-9c8d-dbca8671699a:192.168.157.233:35014], old=null
2019-10-18 14:23:01,495 [a7998a79-199c-44f4-b3c2-ea75c49d687d@group-8175D73357F8-LeaderElection85] INFO  impl.LeaderElection (LeaderElection.java:askForVotes(178)) - a7998a79-199c-44f4-b3c2-ea75c49d687d@group-8175D73357F8-LeaderElection85: begin an election at term 58 for 0: [a7998a79-199c-44f4-b3c2-ea75c49d687d:192.168.157.233:46825, 2d385246-963b-498d-9e2e-bc24e50fd0c7:192.168.157.233:40769, ee386961-2337-4a8c-9c8d-dbca8671699a:192.168.157.233:35014], old=null
2019-10-18 14:23:01,498 [grpc-default-executor-4] INFO  impl.RaftServerImpl (RaftServerImpl.java:setRole(184)) - ee386961-2337-4a8c-9c8d-dbca8671699a@group-B8EEB2952F7B: changes role from  FOLLOWER to FOLLOWER at term 26 for recognizeCandidate:2d385246-963b-498d-9e2e-bc24e50fd0c7
2019-10-18 14:23:01,498 [grpc-default-executor-7] INFO  impl.RaftServerImpl (RaftServerImpl.java:setRole(184)) - a7998a79-199c-44f4-b3c2-ea75c49d687d@group-B8EEB2952F7B: changes role from  FOLLOWER to FOLLOWER at term 26 for recognizeCandidate:2d385246-963b-498d-9e2e-bc24e50fd0c7
2019-10-18 14:23:01,498 [grpc-default-executor-10] INFO  impl.RaftServerImpl (RaftServerImpl.java:setRole(184)) - ee386961-2337-4a8c-9c8d-dbca8671699a@group-8175D73357F8: changes role from  FOLLOWER to FOLLOWER at term 58 for recognizeCandidate:a7998a79-199c-44f4-b3c2-ea75c49d687d
2019-10-18 14:23:01,499 [grpc-default-executor-7] INFO  impl.RoleInfo (RoleInfo.java:shutdownFollowerState(121)) - a7998a79-199c-44f4-b3c2-ea75c49d687d: shutdown FollowerState
2019-10-18 14:23:01,499 [grpc-default-executor-8] INFO  impl.RaftServerImpl (RaftServerImpl.java:setRole(184)) - 2d385246-963b-498d-9e2e-bc24e50fd0c7@group-8175D73357F8: changes role from  FOLLOWER to FOLLOWER at term 58 for recognizeCandidate:a7998a79-199c-44f4-b3c2-ea75c49d687d
2019-10-18 14:23:01,499 [grpc-default-executor-8] INFO  impl.RoleInfo (RoleInfo.java:shutdownFollowerState(121)) - 2d385246-963b-498d-9e2e-bc24e50fd0c7: shutdown FollowerState
2019-10-18 14:23:01,498 [grpc-default-executor-4] INFO  impl.RoleInfo (RoleInfo.java:shutdownFollowerState(121)) - ee386961-2337-4a8c-9c8d-dbca8671699a: shutdown FollowerState
2019-10-18 14:23:01,499 [Thread-1100] INFO  impl.FollowerState (FollowerState.java:run(117)) - 2d385246-963b-498d-9e2e-bc24e50fd0c7@group-8175D73357F8-FollowerState was interrupted: java.lang.InterruptedException: sleep interrupted
2019-10-18 14:23:01,499 [grpc-default-executor-8] INFO  impl.RoleInfo (RoleInfo.java:updateAndGet(143)) - 2d385246-963b-498d-9e2e-bc24e50fd0c7: start FollowerState
2019-10-18 14:23:01,499 [Thread-1106] INFO  impl.FollowerState (FollowerState.java:run(117)) - a7998a79-199c-44f4-b3c2-ea75c49d687d@group-B8EEB2952F7B-FollowerState was interrupted: java.lang.InterruptedException: sleep interrupted
2019-10-18 14:23:01,499 [grpc-default-executor-7] INFO  impl.RoleInfo (RoleInfo.java:updateAndGet(143)) - a7998a79-199c-44f4-b3c2-ea75c49d687d: start FollowerState
2019-10-18 14:23:01,499 [grpc-default-executor-10] INFO  impl.RoleInfo (RoleInfo.java:shutdownFollowerState(121)) - ee386961-2337-4a8c-9c8d-dbca8671699a: shutdown FollowerState
2019-10-18 14:23:01,500 [Thread-1105] INFO  impl.FollowerState (FollowerState.java:run(117)) - ee386961-2337-4a8c-9c8d-dbca8671699a@group-B8EEB2952F7B-FollowerState was interrupted: java.lang.InterruptedException: sleep interrupted
2019-10-18 14:23:01,500 [grpc-default-executor-4] INFO  impl.RoleInfo (RoleInfo.java:updateAndGet(143)) - ee386961-2337-4a8c-9c8d-dbca8671699a: start FollowerState
2019-10-18 14:23:01,500 [grpc-default-executor-10] INFO  impl.RoleInfo (RoleInfo.java:updateAndGet(143)) - ee386961-2337-4a8c-9c8d-dbca8671699a: start FollowerState
2019-10-18 14:23:01,500 [Thread-1099] INFO  impl.FollowerState (FollowerState.java:run(117)) - ee386961-2337-4a8c-9c8d-dbca8671699a@group-8175D73357F8-FollowerState was interrupted: java.lang.InterruptedException: sleep interrupted
2019-10-18 14:23:01,515 [a7998a79-199c-44f4-b3c2-ea75c49d687d@group-8175D73357F8-LeaderElection85] INFO  impl.LeaderElection (LeaderElection.java:logAndReturn(56)) - a7998a79-199c-44f4-b3c2-ea75c49d687d@group-8175D73357F8-LeaderElection85: Election REJECTED; received 2 response(s) [a7998a79-199c-44f4-b3c2-ea75c49d687d<-2d385246-963b-498d-9e2e-bc24e50fd0c7#0:FAIL-t58, a7998a79-199c-44f4-b3c2-ea75c49d687d<-ee386961-2337-4a8c-9c8d-dbca8671699a#0:FAIL-t58] and 0 exception(s); a7998a79-199c-44f4-b3c2-ea75c49d687d@group-8175D73357F8:t58, leader=null, voted=a7998a79-199c-44f4-b3c2-ea75c49d687d, raftlog=a7998a79-199c-44f4-b3c2-ea75c49d687d@group-8175D73357F8-SegmentedRaftLog:OPENED:c3,f4,i4, conf=0: [a7998a79-199c-44f4-b3c2-ea75c49d687d:192.168.157.233:46825, 2d385246-963b-498d-9e2e-bc24e50fd0c7:192.168.157.233:40769, ee386961-2337-4a8c-9c8d-dbca8671699a:192.168.157.233:35014], old=null
2019-10-18 14:23:01,515 [a7998a79-199c-44f4-b3c2-ea75c49d687d@group-8175D73357F8-LeaderElection85] INFO  impl.RaftServerImpl (RaftServerImpl.java:setRole(184)) - a7998a79-199c-44f4-b3c2-ea75c49d687d@group-8175D73357F8: changes role from CANDIDATE to FOLLOWER at term 58 for DISCOVERED_A_NEW_TERM
2019-10-18 14:23:01,515 [2d385246-963b-498d-9e2e-bc24e50fd0c7@group-B8EEB2952F7B-LeaderElection86] INFO  impl.LeaderElection (LeaderElection.java:logAndReturn(56)) - 2d385246-963b-498d-9e2e-bc24e50fd0c7@group-B8EEB2952F7B-LeaderElection86: Election REJECTED; received 2 response(s) [2d385246-963b-498d-9e2e-bc24e50fd0c7<-a7998a79-199c-44f4-b3c2-ea75c49d687d#0:FAIL-t26, 2d385246-963b-498d-9e2e-bc24e50fd0c7<-ee386961-2337-4a8c-9c8d-dbca8671699a#0:FAIL-t26] and 0 exception(s); 2d385246-963b-498d-9e2e-bc24e50fd0c7@group-B8EEB2952F7B:t26, leader=null, voted=2d385246-963b-498d-9e2e-bc24e50fd0c7, raftlog=2d385246-963b-498d-9e2e-bc24e50fd0c7@group-B8EEB2952F7B-SegmentedRaftLog:OPENED:c-1,f-1,i0, conf=-1: [a7998a79-199c-44f4-b3c2-ea75c49d687d:192.168.157.233:46825, 2d385246-963b-498d-9e2e-bc24e50fd0c7:192.168.157.233:40769, ee386961-2337-4a8c-9c8d-dbca8671699a:192.168.157.233:35014], old=null
2019-10-18 14:23:01,515 [a7998a79-199c-44f4-b3c2-ea75c49d687d@group-8175D73357F8-LeaderElection85] INFO  impl.RoleInfo (RoleInfo.java:shutdownLeaderElection(134)) - a7998a79-199c-44f4-b3c2-ea75c49d687d: shutdown LeaderElection
2019-10-18 14:23:01,515 [2d385246-963b-498d-9e2e-bc24e50fd0c7@group-B8EEB2952F7B-LeaderElection86] INFO  impl.RaftServerImpl (RaftServerImpl.java:setRole(184)) - 2d385246-963b-498d-9e2e-bc24e50fd0c7@group-B8EEB2952F7B: changes role from CANDIDATE to FOLLOWER at term 26 for DISCOVERED_A_NEW_TERM
2019-10-18 14:23:01,516 [a7998a79-199c-44f4-b3c2-ea75c49d687d@group-8175D73357F8-LeaderElection85] INFO  impl.RoleInfo (RoleInfo.java:updateAndGet(143)) - a7998a79-199c-44f4-b3c2-ea75c49d687d: start FollowerState
2019-10-18 14:23:01,516 [2d385246-963b-498d-9e2e-bc24e50fd0c7@group-B8EEB2952F7B-LeaderElection86] INFO  impl.RoleInfo (RoleInfo.java:shutdownLeaderElection(134)) - 2d385246-963b-498d-9e2e-bc24e50fd0c7: shutdown LeaderElection
2019-10-18 14:23:01,516 [2d385246-963b-498d-9e2e-bc24e50fd0c7@group-B8EEB2952F7B-LeaderElection86] INFO  impl.RoleInfo (RoleInfo.java:updateAndGet(143)) - 2d385246-963b-498d-9e2e-bc24e50fd0c7: start FollowerState
2019-10-18 14:23:01,563 [Thread-1118] INFO  impl.FollowerState (FollowerState.java:run(108)) - a7998a79-199c-44f4-b3c2-ea75c49d687d@group-8175D73357F8-FollowerState: change to CANDIDATE, lastRpcTime:47ms, electionTimeout:47ms
2019-10-18 14:23:01,563 [Thread-1118] INFO  impl.RoleInfo (RoleInfo.java:shutdownFollowerState(121)) - a7998a79-199c-44f4-b3c2-ea75c49d687d: shutdown FollowerState
2019-10-18 14:23:01,563 [Thread-1118] INFO  impl.RaftServerImpl (RaftServerImpl.java:setRole(184)) - a7998a79-199c-44f4-b3c2-ea75c49d687d@group-8175D73357F8: changes role from  FOLLOWER to CANDIDATE at term 58 for changeToCandidate
2019-10-18 14:23:01,564 [Thread-1118] INFO  impl.RoleInfo (RoleInfo.java:updateAndGet(143)) - a7998a79-199c-44f4-b3c2-ea75c49d687d: start LeaderElection
2019-10-18 14:23:01,577 [a7998a79-199c-44f4-b3c2-ea75c49d687d@group-8175D73357F8-LeaderElection87] INFO  impl.LeaderElection (LeaderElection.java:askForVotes(178)) - a7998a79-199c-44f4-b3c2-ea75c49d687d@group-8175D73357F8-LeaderElection87: begin an election at term 59 for 0: [a7998a79-199c-44f4-b3c2-ea75c49d687d:192.168.157.233:46825, 2d385246-963b-498d-9e2e-bc24e50fd0c7:192.168.157.233:40769, ee386961-2337-4a8c-9c8d-dbca8671699a:192.168.157.233:35014], old=null
2019-10-18 14:23:01,579 [grpc-default-executor-8] INFO  impl.RaftServerImpl (RaftServerImpl.java:setRole(184)) - 2d385246-963b-498d-9e2e-bc24e50fd0c7@group-8175D73357F8: changes role from  FOLLOWER to FOLLOWER at term 59 for recognizeCandidate:a7998a79-199c-44f4-b3c2-ea75c49d687d
2019-10-18 14:23:01,580 [grpc-default-executor-8] INFO  impl.RoleInfo (RoleInfo.java:shutdownFollowerState(121)) - 2d385246-963b-498d-9e2e-bc24e50fd0c7: shutdown FollowerState
2019-10-18 14:23:01,580 [grpc-default-executor-10] INFO  impl.RaftServerImpl (RaftServerImpl.java:setRole(184)) - ee386961-2337-4a8c-9c8d-dbca8671699a@group-8175D73357F8: changes role from  FOLLOWER to FOLLOWER at term 59 for recognizeCandidate:a7998a79-199c-44f4-b3c2-ea75c49d687d
2019-10-18 14:23:01,580 [Thread-1115] INFO  impl.FollowerState (FollowerState.java:run(117)) - 2d385246-963b-498d-9e2e-bc24e50fd0c7@group-8175D73357F8-FollowerState was interrupted: java.lang.InterruptedException: sleep interrupted
2019-10-18 14:23:01,580 [grpc-default-executor-8] INFO  impl.RoleInfo (RoleInfo.java:updateAndGet(143)) - 2d385246-963b-498d-9e2e-bc24e50fd0c7: start FollowerState
2019-10-18 14:23:01,580 [grpc-default-executor-10] INFO  impl.RoleInfo (RoleInfo.java:shutdownFollowerState(121)) - ee386961-2337-4a8c-9c8d-dbca8671699a: shutdown FollowerState
2019-10-18 14:23:01,580 [grpc-default-executor-10] INFO  impl.RoleInfo (RoleInfo.java:updateAndGet(143)) - ee386961-2337-4a8c-9c8d-dbca8671699a: start FollowerState
2019-10-18 14:23:01,580 [Thread-1117] INFO  impl.FollowerState (FollowerState.java:run(117)) - ee386961-2337-4a8c-9c8d-dbca8671699a@group-8175D73357F8-FollowerState was interrupted: java.lang.InterruptedException: sleep interrupted
2019-10-18 14:23:01,596 [a7998a79-199c-44f4-b3c2-ea75c49d687d@group-8175D73357F8-LeaderElection87] INFO  impl.LeaderElection (LeaderElection.java:logAndReturn(56)) - a7998a79-199c-44f4-b3c2-ea75c49d687d@group-8175D73357F8-LeaderElection87: Election REJECTED; received 2 response(s) [a7998a79-199c-44f4-b3c2-ea75c49d687d<-2d385246-963b-498d-9e2e-bc24e50fd0c7#0:FAIL-t59, a7998a79-199c-44f4-b3c2-ea75c49d687d<-ee386961-2337-4a8c-9c8d-dbca8671699a#0:FAIL-t59] and 0 exception(s); a7998a79-199c-44f4-b3c2-ea75c49d687d@group-8175D73357F8:t59, leader=null, voted=a7998a79-199c-44f4-b3c2-ea75c49d687d, raftlog=a7998a79-199c-44f4-b3c2-ea75c49d687d@group-8175D73357F8-SegmentedRaftLog:OPENED:c3,f4,i4, conf=0: [a7998a79-199c-44f4-b3c2-ea75c49d687d:192.168.157.233:46825, 2d385246-963b-498d-9e2e-bc24e50fd0c7:192.168.157.233:40769, ee386961-2337-4a8c-9c8d-dbca8671699a:192.168.157.233:35014], old=null
2019-10-18 14:23:01,596 [a7998a79-199c-44f4-b3c2-ea75c49d687d@group-8175D73357F8-LeaderElection87] INFO  impl.RaftServerImpl (RaftServerImpl.java:setRole(184)) - a7998a79-199c-44f4-b3c2-ea75c49d687d@group-8175D73357F8: changes role from CANDIDATE to FOLLOWER at term 59 for DISCOVERED_A_NEW_TERM
2019-10-18 14:23:01,596 [a7998a79-199c-44f4-b3c2-ea75c49d687d@group-8175D73357F8-LeaderElection87] INFO  impl.RoleInfo (RoleInfo.java:shutdownLeaderElection(134)) - a7998a79-199c-44f4-b3c2-ea75c49d687d: shutdown LeaderElection
2019-10-18 14:23:01,596 [a7998a79-199c-44f4-b3c2-ea75c49d687d@group-8175D73357F8-LeaderElection87] INFO  impl.RoleInfo (RoleInfo.java:updateAndGet(143)) - a7998a79-199c-44f4-b3c2-ea75c49d687d: start FollowerState
2019-10-18 14:23:01,631 [Thread-1125] INFO  impl.FollowerState (FollowerState.java:run(108)) - a7998a79-199c-44f4-b3c2-ea75c49d687d@group-8175D73357F8-FollowerState: change to CANDIDATE, lastRpcTime:34ms, electionTimeout:34ms
2019-10-18 14:23:01,631 [Thread-1125] INFO  impl.RoleInfo (RoleInfo.java:shutdownFollowerState(121)) - a7998a79-199c-44f4-b3c2-ea75c49d687d: shutdown FollowerState
2019-10-18 14:23:01,631 [Thread-1125] INFO  impl.RaftServerImpl (RaftServerImpl.java:setRole(184)) - a7998a79-199c-44f4-b3c2-ea75c49d687d@group-8175D73357F8: changes role from  FOLLOWER to CANDIDATE at term 59 for changeToCandidate
2019-10-18 14:23:01,631 [Thread-1125] INFO  impl.RoleInfo (RoleInfo.java:updateAndGet(143)) - a7998a79-199c-44f4-b3c2-ea75c49d687d: start LeaderElection
2019-10-18 14:23:01,645 [a7998a79-199c-44f4-b3c2-ea75c49d687d@group-8175D73357F8-LeaderElection88] INFO  impl.LeaderElection (LeaderElection.java:askForVotes(178)) - a7998a79-199c-44f4-b3c2-ea75c49d687d@group-8175D73357F8-LeaderElection88: begin an election at term 60 for 0: [a7998a79-199c-44f4-b3c2-ea75c49d687d:192.168.157.233:46825, 2d385246-963b-498d-9e2e-bc24e50fd0c7:192.168.157.233:40769, ee386961-2337-4a8c-9c8d-dbca8671699a:192.168.157.233:35014], old=null
2019-10-18 14:23:01,647 [grpc-default-executor-10] INFO  impl.RaftServerImpl (RaftServerImpl.java:setRole(184)) - 2d385246-963b-498d-9e2e-bc24e50fd0c7@group-8175D73357F8: changes role from  FOLLOWER to FOLLOWER at term 60 for recognizeCandidate:a7998a79-199c-44f4-b3c2-ea75c49d687d
2019-10-18 14:23:01,648 [grpc-default-executor-10] INFO  impl.RoleInfo (RoleInfo.java:shutdownFollowerState(121)) - 2d385246-963b-498d-9e2e-bc24e50fd0c7: shutdown FollowerState
2019-10-18 14:23:01,648 [grpc-default-executor-10] INFO  impl.RoleInfo (RoleInfo.java:updateAndGet(143)) - 2d385246-963b-498d-9e2e-bc24e50fd0c7: start FollowerState
2019-10-18 14:23:01,648 [a7998a79-199c-44f4-b3c2-ea75c49d687d@group-8175D73357F8-LeaderElection88] INFO  impl.LeaderElection (LeaderElection.java:logAndReturn(56)) - a7998a79-199c-44f4-b3c2-ea75c49d687d@group-8175D73357F8-LeaderElection88: Election TIMEOUT; received 0 response(s) [] and 0 exception(s); a7998a79-199c-44f4-b3c2-ea75c49d687d@group-8175D73357F8:t60, leader=null, voted=a7998a79-199c-44f4-b3c2-ea75c49d687d, raftlog=a7998a79-199c-44f4-b3c2-ea75c49d687d@group-8175D73357F8-SegmentedRaftLog:OPENED:c3,f4,i4, conf=0: [a7998a79-199c-44f4-b3c2-ea75c49d687d:192.168.157.233:46825, 2d385246-963b-498d-9e2e-bc24e50fd0c7:192.168.157.233:40769, ee386961-2337-4a8c-9c8d-dbca8671699a:192.168.157.233:35014], old=null
2019-10-18 14:23:01,648 [Thread-1123] INFO  impl.FollowerState (FollowerState.java:run(117)) - 2d385246-963b-498d-9e2e-bc24e50fd0c7@group-8175D73357F8-FollowerState was interrupted: java.lang.InterruptedException: sleep interrupted
2019-10-18 14:23:01,648 [grpc-default-executor-8] INFO  impl.RaftServerImpl (RaftServerImpl.java:setRole(184)) - ee386961-2337-4a8c-9c8d-dbca8671699a@group-8175D73357F8: changes role from  FOLLOWER to FOLLOWER at term 60 for recognizeCandidate:a7998a79-199c-44f4-b3c2-ea75c49d687d
2019-10-18 14:23:01,649 [grpc-default-executor-8] INFO  impl.RoleInfo (RoleInfo.java:shutdownFollowerState(121)) - ee386961-2337-4a8c-9c8d-dbca8671699a: shutdown FollowerState
2019-10-18 14:23:01,649 [grpc-default-executor-8] INFO  impl.RoleInfo (RoleInfo.java:updateAndGet(143)) - ee386961-2337-4a8c-9c8d-dbca8671699a: start FollowerState
2019-10-18 14:23:01,649 [Thread-1124] INFO  impl.FollowerState (FollowerState.java:run(117)) - ee386961-2337-4a8c-9c8d-dbca8671699a@group-8175D73357F8-FollowerState was interrupted: java.lang.InterruptedException: sleep interrupted
2019-10-18 14:23:01,667 [Thread-1119] INFO  impl.FollowerState (FollowerState.java:run(108)) - 2d385246-963b-498d-9e2e-bc24e50fd0c7@group-B8EEB2952F7B-FollowerState: change to CANDIDATE, lastRpcTime:151ms, electionTimeout:151ms
2019-10-18 14:23:01,668 [Thread-1119] INFO  impl.RoleInfo (RoleInfo.java:shutdownFollowerState(121)) - 2d385246-963b-498d-9e2e-bc24e50fd0c7: shutdown FollowerState
2019-10-18 14:23:01,668 [Thread-1119] INFO  impl.RaftServerImpl (RaftServerImpl.java:setRole(184)) - 2d385246-963b-498d-9e2e-bc24e50fd0c7@group-B8EEB2952F7B: changes role from  FOLLOWER to CANDIDATE at term 26 for changeToCandidate
2019-10-18 14:23:01,668 [Thread-1119] INFO  impl.RoleInfo (RoleInfo.java:updateAndGet(143)) - 2d385246-963b-498d-9e2e-bc24e50fd0c7: start LeaderElection
2019-10-18 14:23:01,670 [a7998a79-199c-44f4-b3c2-ea75c49d687d@group-8175D73357F8-LeaderElection88] INFO  impl.LeaderElection (LeaderElection.java:askForVotes(178)) - a7998a79-199c-44f4-b3c2-ea75c49d687d@group-8175D73357F8-LeaderElection88: begin an election at term 61 for 0: [a7998a79-199c-44f4-b3c2-ea75c49d687d:192.168.157.233:46825, 2d385246-963b-498d-9e2e-bc24e50fd0c7:192.168.157.233:40769, ee386961-2337-4a8c-9c8d-dbca8671699a:192.168.157.233:35014], old=null
2019-10-18 14:23:01,672 [grpc-default-executor-8] INFO  impl.RaftServerImpl (RaftServerImpl.java:setRole(184)) - 2d385246-963b-498d-9e2e-bc24e50fd0c7@group-8175D73357F8: changes role from  FOLLOWER to FOLLOWER at term 61 for recognizeCandidate:a7998a79-199c-44f4-b3c2-ea75c49d687d
2019-10-18 14:23:01,672 [grpc-default-executor-8] INFO  impl.RoleInfo (RoleInfo.java:shutdownFollowerState(121)) - 2d385246-963b-498d-9e2e-bc24e50fd0c7: shutdown FollowerState
2019-10-18 14:23:01,673 [grpc-default-executor-8] INFO  impl.RoleInfo (RoleInfo.java:updateAndGet(143)) - 2d385246-963b-498d-9e2e-bc24e50fd0c7: start FollowerState
2019-10-18 14:23:01,673 [Thread-1129] INFO  impl.FollowerState (FollowerState.java:run(117)) - 2d385246-963b-498d-9e2e-bc24e50fd0c7@group-8175D73357F8-FollowerState was interrupted: java.lang.InterruptedException: sleep interrupted
2019-10-18 14:23:01,673 [2d385246-963b-498d-9e2e-bc24e50fd0c7@group-B8EEB2952F7B-LeaderElection89] INFO  impl.LeaderElection (LeaderElection.java:askForVotes(178)) - 2d385246-963b-498d-9e2e-bc24e50fd0c7@group-B8EEB2952F7B-LeaderElection89: begin an election at term 27 for -1: [a7998a79-199c-44f4-b3c2-ea75c49d687d:192.168.157.233:46825, 2d385246-963b-498d-9e2e-bc24e50fd0c7:192.168.157.233:40769, ee386961-2337-4a8c-9c8d-dbca8671699a:192.168.157.233:35014], old=null
2019-10-18 14:23:01,673 [grpc-default-executor-10] INFO  impl.RaftServerImpl (RaftServerImpl.java:setRole(184)) - ee386961-2337-4a8c-9c8d-dbca8671699a@group-8175D73357F8: changes role from  FOLLOWER to FOLLOWER at term 61 for recognizeCandidate:a7998a79-199c-44f4-b3c2-ea75c49d687d
2019-10-18 14:23:01,673 [grpc-default-executor-10] INFO  impl.RoleInfo (RoleInfo.java:shutdownFollowerState(121)) - ee386961-2337-4a8c-9c8d-dbca8671699a: shutdown FollowerState
2019-10-18 14:23:01,674 [grpc-default-executor-10] INFO  impl.RoleInfo (RoleInfo.java:updateAndGet(143)) - ee386961-2337-4a8c-9c8d-dbca8671699a: start FollowerState
2019-10-18 14:23:01,674 [Thread-1130] INFO  impl.FollowerState (FollowerState.java:run(117)) - ee386961-2337-4a8c-9c8d-dbca8671699a@group-8175D73357F8-FollowerState was interrupted: java.lang.InterruptedException: sleep interrupted
2019-10-18 14:23:01,675 [grpc-default-executor-4] INFO  impl.RaftServerImpl (RaftServerImpl.java:setRole(184)) - a7998a79-199c-44f4-b3c2-ea75c49d687d@group-B8EEB2952F7B: changes role from  FOLLOWER to FOLLOWER at term 27 for recognizeCandidate:2d385246-963b-498d-9e2e-bc24e50fd0c7
2019-10-18 14:23:01,675 [grpc-default-executor-4] INFO  impl.RoleInfo (RoleInfo.java:shutdownFollowerState(121)) - a7998a79-199c-44f4-b3c2-ea75c49d687d: shutdown FollowerState
2019-10-18 14:23:01,675 [grpc-default-executor-7] INFO  impl.RaftServerImpl (RaftServerImpl.java:setRole(184)) - ee386961-2337-4a8c-9c8d-dbca8671699a@group-B8EEB2952F7B: changes role from  FOLLOWER to FOLLOWER at term 27 for recognizeCandidate:2d385246-963b-498d-9e2e-bc24e50fd0c7
2019-10-18 14:23:01,676 [Thread-1114] INFO  impl.FollowerState (FollowerState.java:run(117)) - a7998a79-199c-44f4-b3c2-ea75c49d687d@group-B8EEB2952F7B-FollowerState was interrupted: java.lang.InterruptedException: sleep interrupted
2019-10-18 14:23:01,675 [grpc-default-executor-4] INFO  impl.RoleInfo (RoleInfo.java:updateAndGet(143)) - a7998a79-199c-44f4-b3c2-ea75c49d687d: start FollowerState
2019-10-18 14:23:01,676 [grpc-default-executor-7] INFO  impl.RoleInfo (RoleInfo.java:shutdownFollowerState(121)) - ee386961-2337-4a8c-9c8d-dbca8671699a: shutdown FollowerState
2019-10-18 14:23:01,676 [grpc-default-executor-7] INFO  impl.RoleInfo (RoleInfo.java:updateAndGet(143)) - ee386961-2337-4a8c-9c8d-dbca8671699a: start FollowerState
2019-10-18 14:23:01,676 [Thread-1116] INFO  impl.FollowerState (FollowerState.java:run(117)) - ee386961-2337-4a8c-9c8d-dbca8671699a@group-B8EEB2952F7B-FollowerState was interrupted: java.lang.InterruptedException: sleep interrupted
2019-10-18 14:23:01,684 [a7998a79-199c-44f4-b3c2-ea75c49d687d@group-8175D73357F8-LeaderElection88] INFO  impl.LeaderElection (LeaderElection.java:logAndReturn(56)) - a7998a79-199c-44f4-b3c2-ea75c49d687d@group-8175D73357F8-LeaderElection88: Election REJECTED; received 2 response(s) [a7998a79-199c-44f4-b3c2-ea75c49d687d<-2d385246-963b-498d-9e2e-bc24e50fd0c7#0:FAIL-t61, a7998a79-199c-44f4-b3c2-ea75c49d687d<-ee386961-2337-4a8c-9c8d-dbca8671699a#0:FAIL-t61] and 0 exception(s); a7998a79-199c-44f4-b3c2-ea75c49d687d@group-8175D73357F8:t61, leader=null, voted=a7998a79-199c-44f4-b3c2-ea75c49d687d, raftlog=a7998a79-199c-44f4-b3c2-ea75c49d687d@group-8175D73357F8-SegmentedRaftLog:OPENED:c3,f4,i4, conf=0: [a7998a79-199c-44f4-b3c2-ea75c49d687d:192.168.157.233:46825, 2d385246-963b-498d-9e2e-bc24e50fd0c7:192.168.157.233:40769, ee386961-2337-4a8c-9c8d-dbca8671699a:192.168.157.233:35014], old=null
2019-10-18 14:23:01,684 [2d385246-963b-498d-9e2e-bc24e50fd0c7@group-B8EEB2952F7B-LeaderElection89] INFO  impl.LeaderElection (LeaderElection.java:logAndReturn(56)) - 2d385246-963b-498d-9e2e-bc24e50fd0c7@group-B8EEB2952F7B-LeaderElection89: Election REJECTED; received 2 response(s) [2d385246-963b-498d-9e2e-bc24e50fd0c7<-a7998a79-199c-44f4-b3c2-ea75c49d687d#0:FAIL-t27, 2d385246-963b-498d-9e2e-bc24e50fd0c7<-ee386961-2337-4a8c-9c8d-dbca8671699a#0:FAIL-t27] and 0 exception(s); 2d385246-963b-498d-9e2e-bc24e50fd0c7@group-B8EEB2952F7B:t27, leader=null, voted=2d385246-963b-498d-9e2e-bc24e50fd0c7, raftlog=2d385246-963b-498d-9e2e-bc24e50fd0c7@group-B8EEB2952F7B-SegmentedRaftLog:OPENED:c-1,f-1,i0, conf=-1: [a7998a79-199c-44f4-b3c2-ea75c49d687d:192.168.157.233:46825, 2d385246-963b-498d-9e2e-bc24e50fd0c7:192.168.157.233:40769, ee386961-2337-4a8c-9c8d-dbca8671699a:192.168.157.233:35014], old=null
2019-10-18 14:23:01,684 [a7998a79-199c-44f4-b3c2-ea75c49d687d@group-8175D73357F8-LeaderElection88] INFO  impl.RaftServerImpl (RaftServerImpl.java:setRole(184)) - a7998a79-199c-44f4-b3c2-ea75c49d687d@group-8175D73357F8: changes role from CANDIDATE to FOLLOWER at term 61 for DISCOVERED_A_NEW_TERM
2019-10-18 14:23:01,684 [2d385246-963b-498d-9e2e-bc24e50fd0c7@group-B8EEB2952F7B-LeaderElection89] INFO  impl.RaftServerImpl (RaftServerImpl.java:setRole(184)) - 2d385246-963b-498d-9e2e-bc24e50fd0c7@group-B8EEB2952F7B: changes role from CANDIDATE to FOLLOWER at term 27 for DISCOVERED_A_NEW_TERM
2019-10-18 14:23:01,684 [a7998a79-199c-44f4-b3c2-ea75c49d687d@group-8175D73357F8-LeaderElection88] INFO  impl.RoleInfo (RoleInfo.java:shutdownLeaderElection(134)) - a7998a79-199c-44f4-b3c2-ea75c49d687d: shutdown LeaderElection
2019-10-18 14:23:01,684 [2d385246-963b-498d-9e2e-bc24e50fd0c7@group-B8EEB2952F7B-LeaderElection89] INFO  impl.RoleInfo (RoleInfo.java:shutdownLeaderElection(134)) - 2d385246-963b-498d-9e2e-bc24e50fd0c7: shutdown LeaderElection
2019-10-18 14:23:01,684 [a7998a79-199c-44f4-b3c2-ea75c49d687d@group-8175D73357F8-LeaderElection88] INFO  impl.RoleInfo (RoleInfo.java:updateAndGet(143)) - a7998a79-199c-44f4-b3c2-ea75c49d687d: start FollowerState
2019-10-18 14:23:01,684 [2d385246-963b-498d-9e2e-bc24e50fd0c7@group-B8EEB2952F7B-LeaderElection89] INFO  impl.RoleInfo (RoleInfo.java:updateAndGet(143)) - 2d385246-963b-498d-9e2e-bc24e50fd0c7: start FollowerState
2019-10-18 14:23:01,839 [Thread-1140] INFO  impl.FollowerState (FollowerState.java:run(108)) - a7998a79-199c-44f4-b3c2-ea75c49d687d@group-8175D73357F8-FollowerState: change to CANDIDATE, lastRpcTime:154ms, electionTimeout:154ms
2019-10-18 14:23:01,839 [Thread-1140] INFO  impl.RoleInfo (RoleInfo.java:shutdownFollowerState(121)) - a7998a79-199c-44f4-b3c2-ea75c49d687d: shutdown FollowerState
2019-10-18 14:23:01,839 [Thread-1140] INFO  impl.RaftServerImpl (RaftServerImpl.java:setRole(184)) - a7998a79-199c-44f4-b3c2-ea75c49d687d@group-8175D73357F8: changes role from  FOLLOWER to CANDIDATE at term 61 for changeToCandidate
2019-10-18 14:23:01,839 [Thread-1140] INFO  impl.RoleInfo (RoleInfo.java:updateAndGet(143)) - a7998a79-199c-44f4-b3c2-ea75c49d687d: start LeaderElection
2019-10-18 14:23:01,852 [a7998a79-199c-44f4-b3c2-ea75c49d687d@group-8175D73357F8-LeaderElection90] INFO  impl.LeaderElection (LeaderElection.java:askForVotes(178)) - a7998a79-199c-44f4-b3c2-ea75c49d687d@group-8175D73357F8-LeaderElection90: begin an election at term 62 for 0: [a7998a79-199c-44f4-b3c2-ea75c49d687d:192.168.157.233:46825, 2d385246-963b-498d-9e2e-bc24e50fd0c7:192.168.157.233:40769, ee386961-2337-4a8c-9c8d-dbca8671699a:192.168.157.233:35014], old=null
2019-10-18 14:23:01,854 [Thread-1141] INFO  impl.FollowerState (FollowerState.java:run(108)) - 2d385246-963b-498d-9e2e-bc24e50fd0c7@group-B8EEB2952F7B-FollowerState: change to CANDIDATE, lastRpcTime:169ms, electionTimeout:169ms
2019-10-18 14:23:01,854 [Thread-1141] INFO  impl.RoleInfo (RoleInfo.java:shutdownFollowerState(121)) - 2d385246-963b-498d-9e2e-bc24e50fd0c7: shutdown FollowerState
2019-10-18 14:23:01,854 [grpc-default-executor-4] INFO  impl.RaftServerImpl (RaftServerImpl.java:setRole(184)) - 2d385246-963b-498d-9e2e-bc24e50fd0c7@group-8175D73357F8: changes role from  FOLLOWER to FOLLOWER at term 62 for recognizeCandidate:a7998a79-199c-44f4-b3c2-ea75c49d687d
2019-10-18 14:23:01,854 [Thread-1141] INFO  impl.RaftServerImpl (RaftServerImpl.java:setRole(184)) - 2d385246-963b-498d-9e2e-bc24e50fd0c7@group-B8EEB2952F7B: changes role from  FOLLOWER to CANDIDATE at term 27 for changeToCandidate
2019-10-18 14:23:01,854 [grpc-default-executor-7] INFO  impl.RaftServerImpl (RaftServerImpl.java:setRole(184)) - ee386961-2337-4a8c-9c8d-dbca8671699a@group-8175D73357F8: changes role from  FOLLOWER to FOLLOWER at term 62 for recognizeCandidate:a7998a79-199c-44f4-b3c2-ea75c49d687d
2019-10-18 14:23:01,855 [grpc-default-executor-7] INFO  impl.RoleInfo (RoleInfo.java:shutdownFollowerState(121)) - ee386961-2337-4a8c-9c8d-dbca8671699a: shutdown FollowerState
2019-10-18 14:23:01,854 [grpc-default-executor-4] INFO  impl.RoleInfo (RoleInfo.java:shutdownFollowerState(121)) - 2d385246-963b-498d-9e2e-bc24e50fd0c7: shutdown FollowerState
2019-10-18 14:23:01,855 [Thread-1137] INFO  impl.FollowerState (FollowerState.java:run(117)) - ee386961-2337-4a8c-9c8d-dbca8671699a@group-8175D73357F8-FollowerState was interrupted: java.lang.InterruptedException: sleep interrupted
2019-10-18 14:23:01,855 [Thread-1134] INFO  impl.FollowerState (FollowerState.java:run(117)) - 2d385246-963b-498d-9e2e-bc24e50fd0c7@group-8175D73357F8-FollowerState was interrupted: java.lang.InterruptedException: sleep interrupted
2019-10-18 14:23:01,855 [grpc-default-executor-7] INFO  impl.RoleInfo (RoleInfo.java:updateAndGet(143)) - ee386961-2337-4a8c-9c8d-dbca8671699a: start FollowerState
2019-10-18 14:23:01,855 [Thread-1141] INFO  impl.RoleInfo (RoleInfo.java:updateAndGet(143)) - 2d385246-963b-498d-9e2e-bc24e50fd0c7: start LeaderElection
2019-10-18 14:23:01,855 [grpc-default-executor-4] INFO  impl.RoleInfo (RoleInfo.java:updateAndGet(143)) - 2d385246-963b-498d-9e2e-bc24e50fd0c7: start FollowerState
2019-10-18 14:23:01,882 [2d385246-963b-498d-9e2e-bc24e50fd0c7@group-B8EEB2952F7B-LeaderElection91] INFO  impl.LeaderElection (LeaderElection.java:askForVotes(178)) - 2d385246-963b-498d-9e2e-bc24e50fd0c7@group-B8EEB2952F7B-LeaderElection91: begin an election at term 28 for -1: [a7998a79-199c-44f4-b3c2-ea75c49d687d:192.168.157.233:46825, 2d385246-963b-498d-9e2e-bc24e50fd0c7:192.168.157.233:40769, ee386961-2337-4a8c-9c8d-dbca8671699a:192.168.157.233:35014], old=null
2019-10-18 14:23:01,883 [a7998a79-199c-44f4-b3c2-ea75c49d687d@group-8175D73357F8-LeaderElection90] INFO  impl.LeaderElection (LeaderElection.java:logAndReturn(56)) - a7998a79-199c-44f4-b3c2-ea75c49d687d@group-8175D73357F8-LeaderElection90: Election REJECTED; received 2 response(s) [a7998a79-199c-44f4-b3c2-ea75c49d687d<-2d385246-963b-498d-9e2e-bc24e50fd0c7#0:FAIL-t62, a7998a79-199c-44f4-b3c2-ea75c49d687d<-ee386961-2337-4a8c-9c8d-dbca8671699a#0:FAIL-t62] and 0 exception(s); a7998a79-199c-44f4-b3c2-ea75c49d687d@group-8175D73357F8:t62, leader=null, voted=a7998a79-199c-44f4-b3c2-ea75c49d687d, raftlog=a7998a79-199c-44f4-b3c2-ea75c49d687d@group-8175D73357F8-SegmentedRaftLog:OPENED:c3,f4,i4, conf=0: [a7998a79-199c-44f4-b3c2-ea75c49d687d:192.168.157.233:46825, 2d385246-963b-498d-9e2e-bc24e50fd0c7:192.168.157.233:40769, ee386961-2337-4a8c-9c8d-dbca8671699a:192.168.157.233:35014], old=null
2019-10-18 14:23:01,883 [a7998a79-199c-44f4-b3c2-ea75c49d687d@group-8175D73357F8-LeaderElection90] INFO  impl.RaftServerImpl (RaftServerImpl.java:setRole(184)) - a7998a79-199c-44f4-b3c2-ea75c49d687d@group-8175D73357F8: changes role from CANDIDATE to FOLLOWER at term 62 for DISCOVERED_A_NEW_TERM
2019-10-18 14:23:01,884 [a7998a79-199c-44f4-b3c2-ea75c49d687d@group-8175D73357F8-LeaderElection90] INFO  impl.RoleInfo (RoleInfo.java:shutdownLeaderElection(134)) - a7998a79-199c-44f4-b3c2-ea75c49d687d: shutdown LeaderElection
2019-10-18 14:23:01,884 [a7998a79-199c-44f4-b3c2-ea75c49d687d@group-8175D73357F8-LeaderElection90] INFO  impl.RoleInfo (RoleInfo.java:updateAndGet(143)) - a7998a79-199c-44f4-b3c2-ea75c49d687d: start FollowerState
2019-10-18 14:23:01,884 [grpc-default-executor-7] INFO  impl.RaftServerImpl (RaftServerImpl.java:setRole(184)) - a7998a79-199c-44f4-b3c2-ea75c49d687d@group-B8EEB2952F7B: changes role from  FOLLOWER to FOLLOWER at term 28 for recognizeCandidate:2d385246-963b-498d-9e2e-bc24e50fd0c7
2019-10-18 14:23:01,884 [grpc-default-executor-7] INFO  impl.RoleInfo (RoleInfo.java:shutdownFollowerState(121)) - a7998a79-199c-44f4-b3c2-ea75c49d687d: shutdown FollowerState
2019-10-18 14:23:01,884 [grpc-default-executor-4] INFO  impl.RaftServerImpl (RaftServerImpl.java:setRole(184)) - ee386961-2337-4a8c-9c8d-dbca8671699a@group-B8EEB2952F7B: changes role from  FOLLOWER to FOLLOWER at term 28 for recognizeCandidate:2d385246-963b-498d-9e2e-bc24e50fd0c7
2019-10-18 14:23:01,884 [Thread-1138] INFO  impl.FollowerState (FollowerState.java:run(117)) - a7998a79-199c-44f4-b3c2-ea75c49d687d@group-B8EEB2952F7B-FollowerState was interrupted: java.lang.InterruptedException: sleep interrupted
2019-10-18 14:23:01,884 [grpc-default-executor-7] INFO  impl.RoleInfo (RoleInfo.java:updateAndGet(143)) - a7998a79-199c-44f4-b3c2-ea75c49d687d: start FollowerState
2019-10-18 14:23:01,885 [grpc-default-executor-4] INFO  impl.RoleInfo (RoleInfo.java:shutdownFollowerState(121)) - ee386961-2337-4a8c-9c8d-dbca8671699a: shutdown FollowerState
2019-10-18 14:23:01,885 [grpc-default-executor-4] INFO  impl.RoleInfo (RoleInfo.java:updateAndGet(143)) - ee386961-2337-4a8c-9c8d-dbca8671699a: start FollowerState
2019-10-18 14:23:01,885 [Thread-1139] INFO  impl.FollowerState (FollowerState.java:run(117)) - ee386961-2337-4a8c-9c8d-dbca8671699a@group-B8EEB2952F7B-FollowerState was interrupted: java.lang.InterruptedException: sleep interrupted
2019-10-18 14:23:01,900 [2d385246-963b-498d-9e2e-bc24e50fd0c7@group-B8EEB2952F7B-LeaderElection91] INFO  impl.LeaderElection (LeaderElection.java:logAndReturn(56)) - 2d385246-963b-498d-9e2e-bc24e50fd0c7@group-B8EEB2952F7B-LeaderElection91: Election REJECTED; received 2 response(s) [2d385246-963b-498d-9e2e-bc24e50fd0c7<-a7998a79-199c-44f4-b3c2-ea75c49d687d#0:FAIL-t28, 2d385246-963b-498d-9e2e-bc24e50fd0c7<-ee386961-2337-4a8c-9c8d-dbca8671699a#0:FAIL-t28] and 0 exception(s); 2d385246-963b-498d-9e2e-bc24e50fd0c7@group-B8EEB2952F7B:t28, leader=null, voted=2d385246-963b-498d-9e2e-bc24e50fd0c7, raftlog=2d385246-963b-498d-9e2e-bc24e50fd0c7@group-B8EEB2952F7B-SegmentedRaftLog:OPENED:c-1,f-1,i0, conf=-1: [a7998a79-199c-44f4-b3c2-ea75c49d687d:192.168.157.233:46825, 2d385246-963b-498d-9e2e-bc24e50fd0c7:192.168.157.233:40769, ee386961-2337-4a8c-9c8d-dbca8671699a:192.168.157.233:35014], old=null
2019-10-18 14:23:01,900 [2d385246-963b-498d-9e2e-bc24e50fd0c7@group-B8EEB2952F7B-LeaderElection91] INFO  impl.RaftServerImpl (RaftServerImpl.java:setRole(184)) - 2d385246-963b-498d-9e2e-bc24e50fd0c7@group-B8EEB2952F7B: changes role from CANDIDATE to FOLLOWER at term 28 for DISCOVERED_A_NEW_TERM
2019-10-18 14:23:01,900 [2d385246-963b-498d-9e2e-bc24e50fd0c7@group-B8EEB2952F7B-LeaderElection91] INFO  impl.RoleInfo (RoleInfo.java:shutdownLeaderElection(134)) - 2d385246-963b-498d-9e2e-bc24e50fd0c7: shutdown LeaderElection
2019-10-18 14:23:01,900 [2d385246-963b-498d-9e2e-bc24e50fd0c7@group-B8EEB2952F7B-LeaderElection91] INFO  impl.RoleInfo (RoleInfo.java:updateAndGet(143)) - 2d385246-963b-498d-9e2e-bc24e50fd0c7: start FollowerState
2019-10-18 14:23:01,931 [Thread-1151] INFO  impl.FollowerState (FollowerState.java:run(108)) - a7998a79-199c-44f4-b3c2-ea75c49d687d@group-8175D73357F8-FollowerState: change to CANDIDATE, lastRpcTime:47ms, electionTimeout:47ms
2019-10-18 14:23:01,932 [Thread-1151] INFO  impl.RoleInfo (RoleInfo.java:shutdownFollowerState(121)) - a7998a79-199c-44f4-b3c2-ea75c49d687d: shutdown FollowerState
2019-10-18 14:23:01,932 [Thread-1151] INFO  impl.RaftServerImpl (RaftServerImpl.java:setRole(184)) - a7998a79-199c-44f4-b3c2-ea75c49d687d@group-8175D73357F8: changes role from  FOLLOWER to CANDIDATE at term 62 for changeToCandidate
2019-10-18 14:23:01,932 [Thread-1151] INFO  impl.RoleInfo (RoleInfo.java:updateAndGet(143)) - a7998a79-199c-44f4-b3c2-ea75c49d687d: start LeaderElection
2019-10-18 14:23:01,944 [a7998a79-199c-44f4-b3c2-ea75c49d687d@group-8175D73357F8-LeaderElection92] INFO  impl.LeaderElection (LeaderElection.java:askForVotes(178)) - a7998a79-199c-44f4-b3c2-ea75c49d687d@group-8175D73357F8-LeaderElection92: begin an election at term 63 for 0: [a7998a79-199c-44f4-b3c2-ea75c49d687d:192.168.157.233:46825, 2d385246-963b-498d-9e2e-bc24e50fd0c7:192.168.157.233:40769, ee386961-2337-4a8c-9c8d-dbca8671699a:192.168.157.233:35014], old=null
2019-10-18 14:23:01,946 [grpc-default-executor-4] INFO  impl.RaftServerImpl (RaftServerImpl.java:setRole(184)) - 2d385246-963b-498d-9e2e-bc24e50fd0c7@group-8175D73357F8: changes role from  FOLLOWER to FOLLOWER at term 63 for recognizeCandidate:a7998a79-199c-44f4-b3c2-ea75c49d687d
2019-10-18 14:23:01,946 [grpc-default-executor-4] INFO  impl.RoleInfo (RoleInfo.java:shutdownFollowerState(121)) - 2d385246-963b-498d-9e2e-bc24e50fd0c7: shutdown FollowerState
2019-10-18 14:23:01,947 [grpc-default-executor-4] INFO  impl.RoleInfo (RoleInfo.java:updateAndGet(143)) - 2d385246-963b-498d-9e2e-bc24e50fd0c7: start FollowerState
2019-10-18 14:23:01,947 [Thread-1148] INFO  impl.FollowerState (FollowerState.java:run(117)) - 2d385246-963b-498d-9e2e-bc24e50fd0c7@group-8175D73357F8-FollowerState was interrupted: java.lang.InterruptedException: sleep interrupted
2019-10-18 14:23:01,947 [grpc-default-executor-7] INFO  impl.RaftServerImpl (RaftServerImpl.java:setRole(184)) - ee386961-2337-4a8c-9c8d-dbca8671699a@group-8175D73357F8: changes role from  FOLLOWER to FOLLOWER at term 63 for recognizeCandidate:a7998a79-199c-44f4-b3c2-ea75c49d687d
2019-10-18 14:23:01,947 [grpc-default-executor-7] INFO  impl.RoleInfo (RoleInfo.java:shutdownFollowerState(121)) - ee386961-2337-4a8c-9c8d-dbca8671699a: shutdown FollowerState
2019-10-18 14:23:01,948 [Thread-1147] INFO  impl.FollowerState (FollowerState.java:run(117)) - ee386961-2337-4a8c-9c8d-dbca8671699a@group-8175D73357F8-FollowerState was interrupted: java.lang.InterruptedException: sleep interrupted
2019-10-18 14:23:01,948 [grpc-default-executor-7] INFO  impl.RoleInfo (RoleInfo.java:updateAndGet(143)) - ee386961-2337-4a8c-9c8d-dbca8671699a: start FollowerState
2019-10-18 14:23:01,962 [a7998a79-199c-44f4-b3c2-ea75c49d687d@group-8175D73357F8-LeaderElection92] INFO  impl.LeaderElection (LeaderElection.java:logAndReturn(56)) - a7998a79-199c-44f4-b3c2-ea75c49d687d@group-8175D73357F8-LeaderElection92: Election REJECTED; received 2 response(s) [a7998a79-199c-44f4-b3c2-ea75c49d687d<-2d385246-963b-498d-9e2e-bc24e50fd0c7#0:FAIL-t63, a7998a79-199c-44f4-b3c2-ea75c49d687d<-ee386961-2337-4a8c-9c8d-dbca8671699a#0:FAIL-t63] and 0 exception(s); a7998a79-199c-44f4-b3c2-ea75c49d687d@group-8175D73357F8:t63, leader=null, voted=a7998a79-199c-44f4-b3c2-ea75c49d687d, raftlog=a7998a79-199c-44f4-b3c2-ea75c49d687d@group-8175D73357F8-SegmentedRaftLog:OPENED:c3,f4,i4, conf=0: [a7998a79-199c-44f4-b3c2-ea75c49d687d:192.168.157.233:46825, 2d385246-963b-498d-9e2e-bc24e50fd0c7:192.168.157.233:40769, ee386961-2337-4a8c-9c8d-dbca8671699a:192.168.157.233:35014], old=null
2019-10-18 14:23:01,962 [a7998a79-199c-44f4-b3c2-ea75c49d687d@group-8175D73357F8-LeaderElection92] INFO  impl.RaftServerImpl (RaftServerImpl.java:setRole(184)) - a7998a79-199c-44f4-b3c2-ea75c49d687d@group-8175D73357F8: changes role from CANDIDATE to FOLLOWER at term 63 for DISCOVERED_A_NEW_TERM
2019-10-18 14:23:01,962 [a7998a79-199c-44f4-b3c2-ea75c49d687d@group-8175D73357F8-LeaderElection92] INFO  impl.RoleInfo (RoleInfo.java:shutdownLeaderElection(134)) - a7998a79-199c-44f4-b3c2-ea75c49d687d: shutdown LeaderElection
2019-10-18 14:23:01,962 [a7998a79-199c-44f4-b3c2-ea75c49d687d@group-8175D73357F8-LeaderElection92] INFO  impl.RoleInfo (RoleInfo.java:updateAndGet(143)) - a7998a79-199c-44f4-b3c2-ea75c49d687d: start FollowerState
2019-10-18 14:23:01,968 [Thread-1160] INFO  impl.FollowerState (FollowerState.java:run(108)) - a7998a79-199c-44f4-b3c2-ea75c49d687d@group-8175D73357F8-FollowerState: change to CANDIDATE, lastRpcTime:5ms, electionTimeout:5ms
2019-10-18 14:23:01,968 [Thread-1160] INFO  impl.RoleInfo (RoleInfo.java:shutdownFollowerState(121)) - a7998a79-199c-44f4-b3c2-ea75c49d687d: shutdown FollowerState
2019-10-18 14:23:01,968 [Thread-1160] INFO  impl.RaftServerImpl (RaftServerImpl.java:setRole(184)) - a7998a79-199c-44f4-b3c2-ea75c49d687d@group-8175D73357F8: changes role from  FOLLOWER to CANDIDATE at term 63 for changeToCandidate
2019-10-18 14:23:01,968 [Thread-1160] INFO  impl.RoleInfo (RoleInfo.java:updateAndGet(143)) - a7998a79-199c-44f4-b3c2-ea75c49d687d: start LeaderElection
2019-10-18 14:23:01,982 [a7998a79-199c-44f4-b3c2-ea75c49d687d@group-8175D73357F8-LeaderElection93] INFO  impl.LeaderElection (LeaderElection.java:askForVotes(178)) - a7998a79-199c-44f4-b3c2-ea75c49d687d@group-8175D73357F8-LeaderElection93: begin an election at term 64 for 0: [a7998a79-199c-44f4-b3c2-ea75c49d687d:192.168.157.233:46825, 2d385246-963b-498d-9e2e-bc24e50fd0c7:192.168.157.233:40769, ee386961-2337-4a8c-9c8d-dbca8671699a:192.168.157.233:35014], old=null
2019-10-18 14:23:01,984 [grpc-default-executor-4] INFO  impl.RaftServerImpl (RaftServerImpl.java:setRole(184)) - 2d385246-963b-498d-9e2e-bc24e50fd0c7@group-8175D73357F8: changes role from  FOLLOWER to FOLLOWER at term 64 for recognizeCandidate:a7998a79-199c-44f4-b3c2-ea75c49d687d
2019-10-18 14:23:01,984 [grpc-default-executor-4] INFO  impl.RoleInfo (RoleInfo.java:shutdownFollowerState(121)) - 2d385246-963b-498d-9e2e-bc24e50fd0c7: shutdown FollowerState
2019-10-18 14:23:01,984 [grpc-default-executor-7] INFO  impl.RaftServerImpl (RaftServerImpl.java:setRole(184)) - ee386961-2337-4a8c-9c8d-dbca8671699a@group-8175D73357F8: changes role from  FOLLOWER to FOLLOWER at term 64 for recognizeCandidate:a7998a79-199c-44f4-b3c2-ea75c49d687d
2019-10-18 14:23:01,984 [grpc-default-executor-7] INFO  impl.RoleInfo (RoleInfo.java:shutdownFollowerState(121)) - ee386961-2337-4a8c-9c8d-dbca8671699a: shutdown FollowerState
2019-10-18 14:23:01,984 [Thread-1158] INFO  impl.FollowerState (FollowerState.java:run(117)) - 2d385246-963b-498d-9e2e-bc24e50fd0c7@group-8175D73357F8-FollowerState was interrupted: java.lang.InterruptedException: sleep interrupted
2019-10-18 14:23:01,984 [grpc-default-executor-4] INFO  impl.RoleInfo (RoleInfo.java:updateAndGet(143)) - 2d385246-963b-498d-9e2e-bc24e50fd0c7: start FollowerState
2019-10-18 14:23:01,985 [Thread-1159] INFO  impl.FollowerState (FollowerState.java:run(117)) - ee386961-2337-4a8c-9c8d-dbca8671699a@group-8175D73357F8-FollowerState was interrupted: java.lang.InterruptedException: sleep interrupted
2019-10-18 14:23:01,985 [grpc-default-executor-7] INFO  impl.RoleInfo (RoleInfo.java:updateAndGet(143)) - ee386961-2337-4a8c-9c8d-dbca8671699a: start FollowerState
2019-10-18 14:23:02,010 [a7998a79-199c-44f4-b3c2-ea75c49d687d@group-8175D73357F8-LeaderElection93] INFO  impl.LeaderElection (LeaderElection.java:logAndReturn(56)) - a7998a79-199c-44f4-b3c2-ea75c49d687d@group-8175D73357F8-LeaderElection93: Election REJECTED; received 2 response(s) [a7998a79-199c-44f4-b3c2-ea75c49d687d<-2d385246-963b-498d-9e2e-bc24e50fd0c7#0:FAIL-t64, a7998a79-199c-44f4-b3c2-ea75c49d687d<-ee386961-2337-4a8c-9c8d-dbca8671699a#0:FAIL-t64] and 0 exception(s); a7998a79-199c-44f4-b3c2-ea75c49d687d@group-8175D73357F8:t64, leader=null, voted=a7998a79-199c-44f4-b3c2-ea75c49d687d, raftlog=a7998a79-199c-44f4-b3c2-ea75c49d687d@group-8175D73357F8-SegmentedRaftLog:OPENED:c3,f4,i4, conf=0: [a7998a79-199c-44f4-b3c2-ea75c49d687d:192.168.157.233:46825, 2d385246-963b-498d-9e2e-bc24e50fd0c7:192.168.157.233:40769, ee386961-2337-4a8c-9c8d-dbca8671699a:192.168.157.233:35014], old=null
2019-10-18 14:23:02,011 [a7998a79-199c-44f4-b3c2-ea75c49d687d@group-8175D73357F8-LeaderElection93] INFO  impl.RaftServerImpl (RaftServerImpl.java:setRole(184)) - a7998a79-199c-44f4-b3c2-ea75c49d687d@group-8175D73357F8: changes role from CANDIDATE to FOLLOWER at term 64 for DISCOVERED_A_NEW_TERM
2019-10-18 14:23:02,011 [a7998a79-199c-44f4-b3c2-ea75c49d687d@group-8175D73357F8-LeaderElection93] INFO  impl.RoleInfo (RoleInfo.java:shutdownLeaderElection(134)) - a7998a79-199c-44f4-b3c2-ea75c49d687d: shutdown LeaderElection
2019-10-18 14:23:02,011 [a7998a79-199c-44f4-b3c2-ea75c49d687d@group-8175D73357F8-LeaderElection93] INFO  impl.RoleInfo (RoleInfo.java:updateAndGet(143)) - a7998a79-199c-44f4-b3c2-ea75c49d687d: start FollowerState
2019-10-18 14:23:02,064 [BlockDeletingService#0] WARN  background.BlockDeletingService (BlockDeletingService.java:isDeletionAllowed(187)) - Close Container log Index 6 is not replicated across allthe servers in the pipeline 5a21c002-5003-4cac-9183-8175d73357f8 as the min replicated index is 4. Deletion is not allowed in this container yet.
2019-10-18 14:23:02,064 [BlockDeletingService#2] WARN  background.BlockDeletingService (BlockDeletingService.java:isDeletionAllowed(187)) - Close Container log Index 6 is not replicated across allthe servers in the pipeline 5a21c002-5003-4cac-9183-8175d73357f8 as the min replicated index is 4. Deletion is not allowed in this container yet.
2019-10-18 14:23:02,075 [Thread-1154] INFO  impl.FollowerState (FollowerState.java:run(108)) - 2d385246-963b-498d-9e2e-bc24e50fd0c7@group-B8EEB2952F7B-FollowerState: change to CANDIDATE, lastRpcTime:174ms, electionTimeout:174ms
2019-10-18 14:23:02,075 [Thread-1154] INFO  impl.RoleInfo (RoleInfo.java:shutdownFollowerState(121)) - 2d385246-963b-498d-9e2e-bc24e50fd0c7: shutdown FollowerState
2019-10-18 14:23:02,075 [Thread-1154] INFO  impl.RaftServerImpl (RaftServerImpl.java:setRole(184)) - 2d385246-963b-498d-9e2e-bc24e50fd0c7@group-B8EEB2952F7B: changes role from  FOLLOWER to CANDIDATE at term 28 for changeToCandidate
2019-10-18 14:23:02,075 [Thread-1166] INFO  impl.FollowerState (FollowerState.java:run(108)) - a7998a79-199c-44f4-b3c2-ea75c49d687d@group-8175D73357F8-FollowerState: change to CANDIDATE, lastRpcTime:64ms, electionTimeout:64ms
2019-10-18 14:23:02,075 [Thread-1154] INFO  impl.RoleInfo (RoleInfo.java:updateAndGet(143)) - 2d385246-963b-498d-9e2e-bc24e50fd0c7: start LeaderElection
2019-10-18 14:23:02,075 [Thread-1166] INFO  impl.RoleInfo (RoleInfo.java:shutdownFollowerState(121)) - a7998a79-199c-44f4-b3c2-ea75c49d687d: shutdown FollowerState
2019-10-18 14:23:02,076 [Thread-1166] INFO  impl.RaftServerImpl (RaftServerImpl.java:setRole(184)) - a7998a79-199c-44f4-b3c2-ea75c49d687d@group-8175D73357F8: changes role from  FOLLOWER to CANDIDATE at term 64 for changeToCandidate
2019-10-18 14:23:02,076 [Thread-1166] INFO  impl.RoleInfo (RoleInfo.java:updateAndGet(143)) - a7998a79-199c-44f4-b3c2-ea75c49d687d: start LeaderElection
2019-10-18 14:23:02,090 [a7998a79-199c-44f4-b3c2-ea75c49d687d@group-8175D73357F8-LeaderElection95] INFO  impl.LeaderElection (LeaderElection.java:askForVotes(178)) - a7998a79-199c-44f4-b3c2-ea75c49d687d@group-8175D73357F8-LeaderElection95: begin an election at term 65 for 0: [a7998a79-199c-44f4-b3c2-ea75c49d687d:192.168.157.233:46825, 2d385246-963b-498d-9e2e-bc24e50fd0c7:192.168.157.233:40769, ee386961-2337-4a8c-9c8d-dbca8671699a:192.168.157.233:35014], old=null
2019-10-18 14:23:02,090 [2d385246-963b-498d-9e2e-bc24e50fd0c7@group-B8EEB2952F7B-LeaderElection94] INFO  impl.LeaderElection (LeaderElection.java:askForVotes(178)) - 2d385246-963b-498d-9e2e-bc24e50fd0c7@group-B8EEB2952F7B-LeaderElection94: begin an election at term 29 for -1: [a7998a79-199c-44f4-b3c2-ea75c49d687d:192.168.157.233:46825, 2d385246-963b-498d-9e2e-bc24e50fd0c7:192.168.157.233:40769, ee386961-2337-4a8c-9c8d-dbca8671699a:192.168.157.233:35014], old=null
2019-10-18 14:23:02,092 [grpc-default-executor-4] INFO  impl.RaftServerImpl (RaftServerImpl.java:setRole(184)) - 2d385246-963b-498d-9e2e-bc24e50fd0c7@group-8175D73357F8: changes role from  FOLLOWER to FOLLOWER at term 65 for recognizeCandidate:a7998a79-199c-44f4-b3c2-ea75c49d687d
2019-10-18 14:23:02,092 [grpc-default-executor-7] INFO  impl.RaftServerImpl (RaftServerImpl.java:setRole(184)) - ee386961-2337-4a8c-9c8d-dbca8671699a@group-8175D73357F8: changes role from  FOLLOWER to FOLLOWER at term 65 for recognizeCandidate:a7998a79-199c-44f4-b3c2-ea75c49d687d
2019-10-18 14:23:02,092 [grpc-default-executor-4] INFO  impl.RoleInfo (RoleInfo.java:shutdownFollowerState(121)) - 2d385246-963b-498d-9e2e-bc24e50fd0c7: shutdown FollowerState
2019-10-18 14:23:02,092 [grpc-default-executor-8] INFO  impl.RaftServerImpl (RaftServerImpl.java:setRole(184)) - a7998a79-199c-44f4-b3c2-ea75c49d687d@group-B8EEB2952F7B: changes role from  FOLLOWER to FOLLOWER at term 29 for recognizeCandidate:2d385246-963b-498d-9e2e-bc24e50fd0c7
2019-10-18 14:23:02,092 [grpc-default-executor-7] INFO  impl.RoleInfo (RoleInfo.java:shutdownFollowerState(121)) - ee386961-2337-4a8c-9c8d-dbca8671699a: shutdown FollowerState
2019-10-18 14:23:02,093 [grpc-default-executor-10] INFO  impl.RaftServerImpl (RaftServerImpl.java:setRole(184)) - ee386961-2337-4a8c-9c8d-dbca8671699a@group-B8EEB2952F7B: changes role from  FOLLOWER to FOLLOWER at term 29 for recognizeCandidate:2d385246-963b-498d-9e2e-bc24e50fd0c7
2019-10-18 14:23:02,093 [grpc-default-executor-10] INFO  impl.RoleInfo (RoleInfo.java:shutdownFollowerState(121)) - ee386961-2337-4a8c-9c8d-dbca8671699a: shutdown FollowerState
2019-10-18 14:23:02,093 [grpc-default-executor-8] INFO  impl.RoleInfo (RoleInfo.java:shutdownFollowerState(121)) - a7998a79-199c-44f4-b3c2-ea75c49d687d: shutdown FollowerState
2019-10-18 14:23:02,092 [grpc-default-executor-4] INFO  impl.RoleInfo (RoleInfo.java:updateAndGet(143)) - 2d385246-963b-498d-9e2e-bc24e50fd0c7: start FollowerState
2019-10-18 14:23:02,092 [Thread-1164] INFO  impl.FollowerState (FollowerState.java:run(117)) - 2d385246-963b-498d-9e2e-bc24e50fd0c7@group-8175D73357F8-FollowerState was interrupted: java.lang.InterruptedException: sleep interrupted
2019-10-18 14:23:02,093 [Thread-1152] INFO  impl.FollowerState (FollowerState.java:run(117)) - a7998a79-199c-44f4-b3c2-ea75c49d687d@group-B8EEB2952F7B-FollowerState was interrupted: java.lang.InterruptedException: sleep interrupted
2019-10-18 14:23:02,093 [grpc-default-executor-8] INFO  impl.RoleInfo (RoleInfo.java:updateAndGet(143)) - a7998a79-199c-44f4-b3c2-ea75c49d687d: start FollowerState
2019-10-18 14:23:02,093 [Thread-1153] INFO  impl.FollowerState (FollowerState.java:run(117)) - ee386961-2337-4a8c-9c8d-dbca8671699a@group-B8EEB2952F7B-FollowerState was interrupted: java.lang.InterruptedException: sleep interrupted
2019-10-18 14:23:02,093 [grpc-default-executor-10] INFO  impl.RoleInfo (RoleInfo.java:updateAndGet(143)) - ee386961-2337-4a8c-9c8d-dbca8671699a: start FollowerState
2019-10-18 14:23:02,093 [grpc-default-executor-7] INFO  impl.RoleInfo (RoleInfo.java:updateAndGet(143)) - ee386961-2337-4a8c-9c8d-dbca8671699a: start FollowerState
2019-10-18 14:23:02,093 [Thread-1165] INFO  impl.FollowerState (FollowerState.java:run(117)) - ee386961-2337-4a8c-9c8d-dbca8671699a@group-8175D73357F8-FollowerState was interrupted: java.lang.InterruptedException: sleep interrupted
2019-10-18 14:23:02,099 [2d385246-963b-498d-9e2e-bc24e50fd0c7@group-B8EEB2952F7B-LeaderElection94] INFO  impl.LeaderElection (LeaderElection.java:logAndReturn(56)) - 2d385246-963b-498d-9e2e-bc24e50fd0c7@group-B8EEB2952F7B-LeaderElection94: Election TIMEOUT; received 0 response(s) [] and 0 exception(s); 2d385246-963b-498d-9e2e-bc24e50fd0c7@group-B8EEB2952F7B:t29, leader=null, voted=2d385246-963b-498d-9e2e-bc24e50fd0c7, raftlog=2d385246-963b-498d-9e2e-bc24e50fd0c7@group-B8EEB2952F7B-SegmentedRaftLog:OPENED:c-1,f-1,i0, conf=-1: [a7998a79-199c-44f4-b3c2-ea75c49d687d:192.168.157.233:46825, 2d385246-963b-498d-9e2e-bc24e50fd0c7:192.168.157.233:40769, ee386961-2337-4a8c-9c8d-dbca8671699a:192.168.157.233:35014], old=null
2019-10-18 14:23:02,107 [Thread-1180] INFO  client.GrpcClientProtocolService (GrpcClientProtocolService.java:lambda$processClientRequest$0(278)) - Failed RaftClientRequest:client-49F5F9D51947->a7998a79-199c-44f4-b3c2-ea75c49d687d@group-8175D73357F8, cid=10, seq=0, Watch-ALL_COMMITTED(6), Message:<EMPTY>, reply=RaftClientReply:client-49F5F9D51947->a7998a79-199c-44f4-b3c2-ea75c49d687d@group-8175D73357F8, cid=10, FAILED org.apache.ratis.protocol.NotLeaderException: Server a7998a79-199c-44f4-b3c2-ea75c49d687d@group-8175D73357F8 is not the leader, logIndex=0, commits[a7998a79-199c-44f4-b3c2-ea75c49d687d:c3]
2019-10-18 14:23:02,107 [2d385246-963b-498d-9e2e-bc24e50fd0c7@group-B8EEB2952F7B-LeaderElection94] INFO  impl.LeaderElection (LeaderElection.java:askForVotes(178)) - 2d385246-963b-498d-9e2e-bc24e50fd0c7@group-B8EEB2952F7B-LeaderElection94: begin an election at term 30 for -1: [a7998a79-199c-44f4-b3c2-ea75c49d687d:192.168.157.233:46825, 2d385246-963b-498d-9e2e-bc24e50fd0c7:192.168.157.233:40769, ee386961-2337-4a8c-9c8d-dbca8671699a:192.168.157.233:35014], old=null
2019-10-18 14:23:02,110 [a7998a79-199c-44f4-b3c2-ea75c49d687d@group-8175D73357F8-LeaderElection95] INFO  impl.LeaderElection (LeaderElection.java:logAndReturn(56)) - a7998a79-199c-44f4-b3c2-ea75c49d687d@group-8175D73357F8-LeaderElection95: Election REJECTED; received 2 response(s) [a7998a79-199c-44f4-b3c2-ea75c49d687d<-2d385246-963b-498d-9e2e-bc24e50fd0c7#0:FAIL-t65, a7998a79-199c-44f4-b3c2-ea75c49d687d<-ee386961-2337-4a8c-9c8d-dbca8671699a#0:FAIL-t65] and 0 exception(s); a7998a79-199c-44f4-b3c2-ea75c49d687d@group-8175D73357F8:t65, leader=null, voted=a7998a79-199c-44f4-b3c2-ea75c49d687d, raftlog=a7998a79-199c-44f4-b3c2-ea75c49d687d@group-8175D73357F8-SegmentedRaftLog:OPENED:c3,f4,i4, conf=0: [a7998a79-199c-44f4-b3c2-ea75c49d687d:192.168.157.233:46825, 2d385246-963b-498d-9e2e-bc24e50fd0c7:192.168.157.233:40769, ee386961-2337-4a8c-9c8d-dbca8671699a:192.168.157.233:35014], old=null
2019-10-18 14:23:02,110 [a7998a79-199c-44f4-b3c2-ea75c49d687d@group-8175D73357F8-LeaderElection95] INFO  impl.RaftServerImpl (RaftServerImpl.java:setRole(184)) - a7998a79-199c-44f4-b3c2-ea75c49d687d@group-8175D73357F8: changes role from CANDIDATE to FOLLOWER at term 65 for DISCOVERED_A_NEW_TERM
2019-10-18 14:23:02,111 [a7998a79-199c-44f4-b3c2-ea75c49d687d@group-8175D73357F8-LeaderElection95] INFO  impl.RoleInfo (RoleInfo.java:shutdownLeaderElection(134)) - a7998a79-199c-44f4-b3c2-ea75c49d687d: shutdown LeaderElection
2019-10-18 14:23:02,111 [a7998a79-199c-44f4-b3c2-ea75c49d687d@group-8175D73357F8-LeaderElection95] INFO  impl.RoleInfo (RoleInfo.java:updateAndGet(143)) - a7998a79-199c-44f4-b3c2-ea75c49d687d: start FollowerState
2019-10-18 14:23:02,114 [grpc-default-executor-8] INFO  impl.RaftServerImpl (RaftServerImpl.java:setRole(184)) - a7998a79-199c-44f4-b3c2-ea75c49d687d@group-B8EEB2952F7B: changes role from  FOLLOWER to FOLLOWER at term 30 for recognizeCandidate:2d385246-963b-498d-9e2e-bc24e50fd0c7
2019-10-18 14:23:02,115 [grpc-default-executor-8] INFO  impl.RoleInfo (RoleInfo.java:shutdownFollowerState(121)) - a7998a79-199c-44f4-b3c2-ea75c49d687d: shutdown FollowerState
2019-10-18 14:23:02,115 [grpc-default-executor-7] INFO  impl.RaftServerImpl (RaftServerImpl.java:setRole(184)) - ee386961-2337-4a8c-9c8d-dbca8671699a@group-B8EEB2952F7B: changes role from  FOLLOWER to FOLLOWER at term 30 for recognizeCandidate:2d385246-963b-498d-9e2e-bc24e50fd0c7
2019-10-18 14:23:02,115 [grpc-default-executor-8] INFO  impl.RoleInfo (RoleInfo.java:updateAndGet(143)) - a7998a79-199c-44f4-b3c2-ea75c49d687d: start FollowerState
2019-10-18 14:23:02,115 [grpc-default-executor-7] INFO  impl.RoleInfo (RoleInfo.java:shutdownFollowerState(121)) - ee386961-2337-4a8c-9c8d-dbca8671699a: shutdown FollowerState
2019-10-18 14:23:02,115 [Thread-1178] INFO  impl.FollowerState (FollowerState.java:run(117)) - a7998a79-199c-44f4-b3c2-ea75c49d687d@group-B8EEB2952F7B-FollowerState was interrupted: java.lang.InterruptedException: sleep interrupted
2019-10-18 14:23:02,116 [grpc-default-executor-7] INFO  impl.RoleInfo (RoleInfo.java:updateAndGet(143)) - ee386961-2337-4a8c-9c8d-dbca8671699a: start FollowerState
2019-10-18 14:23:02,116 [Thread-1177] INFO  impl.FollowerState (FollowerState.java:run(117)) - ee386961-2337-4a8c-9c8d-dbca8671699a@group-B8EEB2952F7B-FollowerState was interrupted: java.lang.InterruptedException: sleep interrupted
2019-10-18 14:23:02,143 [2d385246-963b-498d-9e2e-bc24e50fd0c7@group-B8EEB2952F7B-LeaderElection94] INFO  impl.LeaderElection (LeaderElection.java:logAndReturn(56)) - 2d385246-963b-498d-9e2e-bc24e50fd0c7@group-B8EEB2952F7B-LeaderElection94: Election REJECTED; received 2 response(s) [2d385246-963b-498d-9e2e-bc24e50fd0c7<-a7998a79-199c-44f4-b3c2-ea75c49d687d#0:FAIL-t30, 2d385246-963b-498d-9e2e-bc24e50fd0c7<-ee386961-2337-4a8c-9c8d-dbca8671699a#0:FAIL-t30] and 0 exception(s); 2d385246-963b-498d-9e2e-bc24e50fd0c7@group-B8EEB2952F7B:t30, leader=null, voted=2d385246-963b-498d-9e2e-bc24e50fd0c7, raftlog=2d385246-963b-498d-9e2e-bc24e50fd0c7@group-B8EEB2952F7B-SegmentedRaftLog:OPENED:c-1,f-1,i0, conf=-1: [a7998a79-199c-44f4-b3c2-ea75c49d687d:192.168.157.233:46825, 2d385246-963b-498d-9e2e-bc24e50fd0c7:192.168.157.233:40769, ee386961-2337-4a8c-9c8d-dbca8671699a:192.168.157.233:35014], old=null
2019-10-18 14:23:02,143 [2d385246-963b-498d-9e2e-bc24e50fd0c7@group-B8EEB2952F7B-LeaderElection94] INFO  impl.RaftServerImpl (RaftServerImpl.java:setRole(184)) - 2d385246-963b-498d-9e2e-bc24e50fd0c7@group-B8EEB2952F7B: changes role from CANDIDATE to FOLLOWER at term 30 for DISCOVERED_A_NEW_TERM
2019-10-18 14:23:02,143 [2d385246-963b-498d-9e2e-bc24e50fd0c7@group-B8EEB2952F7B-LeaderElection94] INFO  impl.RoleInfo (RoleInfo.java:shutdownLeaderElection(134)) - 2d385246-963b-498d-9e2e-bc24e50fd0c7: shutdown LeaderElection
2019-10-18 14:23:02,144 [2d385246-963b-498d-9e2e-bc24e50fd0c7@group-B8EEB2952F7B-LeaderElection94] INFO  impl.RoleInfo (RoleInfo.java:updateAndGet(143)) - 2d385246-963b-498d-9e2e-bc24e50fd0c7: start FollowerState
2019-10-18 14:23:02,145 [Thread-1184] INFO  impl.FollowerState (FollowerState.java:run(108)) - a7998a79-199c-44f4-b3c2-ea75c49d687d@group-8175D73357F8-FollowerState: change to CANDIDATE, lastRpcTime:33ms, electionTimeout:32ms
2019-10-18 14:23:02,145 [Thread-1184] INFO  impl.RoleInfo (RoleInfo.java:shutdownFollowerState(121)) - a7998a79-199c-44f4-b3c2-ea75c49d687d: shutdown FollowerState
2019-10-18 14:23:02,145 [Thread-1184] INFO  impl.RaftServerImpl (RaftServerImpl.java:setRole(184)) - a7998a79-199c-44f4-b3c2-ea75c49d687d@group-8175D73357F8: changes role from  FOLLOWER to CANDIDATE at term 65 for changeToCandidate
2019-10-18 14:23:02,145 [Thread-1184] INFO  impl.RoleInfo (RoleInfo.java:updateAndGet(143)) - a7998a79-199c-44f4-b3c2-ea75c49d687d: start LeaderElection
2019-10-18 14:23:02,170 [a7998a79-199c-44f4-b3c2-ea75c49d687d@group-8175D73357F8-LeaderElection96] INFO  impl.LeaderElection (LeaderElection.java:askForVotes(178)) - a7998a79-199c-44f4-b3c2-ea75c49d687d@group-8175D73357F8-LeaderElection96: begin an election at term 66 for 0: [a7998a79-199c-44f4-b3c2-ea75c49d687d:192.168.157.233:46825, 2d385246-963b-498d-9e2e-bc24e50fd0c7:192.168.157.233:40769, ee386961-2337-4a8c-9c8d-dbca8671699a:192.168.157.233:35014], old=null
2019-10-18 14:23:02,173 [grpc-default-executor-8] INFO  impl.RaftServerImpl (RaftServerImpl.java:setRole(184)) - ee386961-2337-4a8c-9c8d-dbca8671699a@group-8175D73357F8: changes role from  FOLLOWER to FOLLOWER at term 66 for recognizeCandidate:a7998a79-199c-44f4-b3c2-ea75c49d687d
2019-10-18 14:23:02,174 [grpc-default-executor-7] INFO  impl.RaftServerImpl (RaftServerImpl.java:setRole(184)) - 2d385246-963b-498d-9e2e-bc24e50fd0c7@group-8175D73357F8: changes role from  FOLLOWER to FOLLOWER at term 66 for recognizeCandidate:a7998a79-199c-44f4-b3c2-ea75c49d687d
2019-10-18 14:23:02,174 [grpc-default-executor-7] INFO  impl.RoleInfo (RoleInfo.java:shutdownFollowerState(121)) - 2d385246-963b-498d-9e2e-bc24e50fd0c7: shutdown FollowerState
2019-10-18 14:23:02,174 [grpc-default-executor-8] INFO  impl.RoleInfo (RoleInfo.java:shutdownFollowerState(121)) - ee386961-2337-4a8c-9c8d-dbca8671699a: shutdown FollowerState
2019-10-18 14:23:02,174 [Thread-1175] INFO  impl.FollowerState (FollowerState.java:run(117)) - 2d385246-963b-498d-9e2e-bc24e50fd0c7@group-8175D73357F8-FollowerState was interrupted: java.lang.InterruptedException: sleep interrupted
2019-10-18 14:23:02,174 [grpc-default-executor-8] INFO  impl.RoleInfo (RoleInfo.java:updateAndGet(143)) - ee386961-2337-4a8c-9c8d-dbca8671699a: start FollowerState
2019-10-18 14:23:02,174 [grpc-default-executor-7] INFO  impl.RoleInfo (RoleInfo.java:updateAndGet(143)) - 2d385246-963b-498d-9e2e-bc24e50fd0c7: start FollowerState
2019-10-18 14:23:02,174 [Thread-1176] INFO  impl.FollowerState (FollowerState.java:run(117)) - ee386961-2337-4a8c-9c8d-dbca8671699a@group-8175D73357F8-FollowerState was interrupted: java.lang.InterruptedException: sleep interrupted
2019-10-18 14:23:02,183 [a7998a79-199c-44f4-b3c2-ea75c49d687d@group-8175D73357F8-LeaderElection96] INFO  impl.LeaderElection (LeaderElection.java:logAndReturn(56)) - a7998a79-199c-44f4-b3c2-ea75c49d687d@group-8175D73357F8-LeaderElection96: Election TIMEOUT; received 0 response(s) [] and 0 exception(s); a7998a79-199c-44f4-b3c2-ea75c49d687d@group-8175D73357F8:t66, leader=null, voted=a7998a79-199c-44f4-b3c2-ea75c49d687d, raftlog=a7998a79-199c-44f4-b3c2-ea75c49d687d@group-8175D73357F8-SegmentedRaftLog:OPENED:c3,f4,i4, conf=0: [a7998a79-199c-44f4-b3c2-ea75c49d687d:192.168.157.233:46825, 2d385246-963b-498d-9e2e-bc24e50fd0c7:192.168.157.233:40769, ee386961-2337-4a8c-9c8d-dbca8671699a:192.168.157.233:35014], old=null
2019-10-18 14:23:02,192 [a7998a79-199c-44f4-b3c2-ea75c49d687d@group-8175D73357F8-LeaderElection96] INFO  impl.LeaderElection (LeaderElection.java:askForVotes(178)) - a7998a79-199c-44f4-b3c2-ea75c49d687d@group-8175D73357F8-LeaderElection96: begin an election at term 67 for 0: [a7998a79-199c-44f4-b3c2-ea75c49d687d:192.168.157.233:46825, 2d385246-963b-498d-9e2e-bc24e50fd0c7:192.168.157.233:40769, ee386961-2337-4a8c-9c8d-dbca8671699a:192.168.157.233:35014], old=null
2019-10-18 14:23:02,194 [grpc-default-executor-7] INFO  impl.RaftServerImpl (RaftServerImpl.java:setRole(184)) - 2d385246-963b-498d-9e2e-bc24e50fd0c7@group-8175D73357F8: changes role from  FOLLOWER to FOLLOWER at term 67 for recognizeCandidate:a7998a79-199c-44f4-b3c2-ea75c49d687d
2019-10-18 14:23:02,194 [grpc-default-executor-7] INFO  impl.RoleInfo (RoleInfo.java:shutdownFollowerState(121)) - 2d385246-963b-498d-9e2e-bc24e50fd0c7: shutdown FollowerState
2019-10-18 14:23:02,194 [grpc-default-executor-8] INFO  impl.RaftServerImpl (RaftServerImpl.java:setRole(184)) - ee386961-2337-4a8c-9c8d-dbca8671699a@group-8175D73357F8: changes role from  FOLLOWER to FOLLOWER at term 67 for recognizeCandidate:a7998a79-199c-44f4-b3c2-ea75c49d687d
2019-10-18 14:23:02,194 [Thread-1191] INFO  impl.FollowerState (FollowerState.java:run(117)) - 2d385246-963b-498d-9e2e-bc24e50fd0c7@group-8175D73357F8-FollowerState was interrupted: java.lang.InterruptedException: sleep interrupted
2019-10-18 14:23:02,194 [grpc-default-executor-7] INFO  impl.RoleInfo (RoleInfo.java:updateAndGet(143)) - 2d385246-963b-498d-9e2e-bc24e50fd0c7: start FollowerState
2019-10-18 14:23:02,194 [grpc-default-executor-8] INFO  impl.RoleInfo (RoleInfo.java:shutdownFollowerState(121)) - ee386961-2337-4a8c-9c8d-dbca8671699a: shutdown FollowerState
2019-10-18 14:23:02,195 [grpc-default-executor-8] INFO  impl.RoleInfo (RoleInfo.java:updateAndGet(143)) - ee386961-2337-4a8c-9c8d-dbca8671699a: start FollowerState
2019-10-18 14:23:02,195 [Thread-1192] INFO  impl.FollowerState (FollowerState.java:run(117)) - ee386961-2337-4a8c-9c8d-dbca8671699a@group-8175D73357F8-FollowerState was interrupted: java.lang.InterruptedException: sleep interrupted
2019-10-18 14:23:02,202 [a7998a79-199c-44f4-b3c2-ea75c49d687d@group-8175D73357F8-LeaderElection96] INFO  impl.LeaderElection (LeaderElection.java:logAndReturn(56)) - a7998a79-199c-44f4-b3c2-ea75c49d687d@group-8175D73357F8-LeaderElection96: Election REJECTED; received 2 response(s) [a7998a79-199c-44f4-b3c2-ea75c49d687d<-2d385246-963b-498d-9e2e-bc24e50fd0c7#0:FAIL-t67, a7998a79-199c-44f4-b3c2-ea75c49d687d<-ee386961-2337-4a8c-9c8d-dbca8671699a#0:FAIL-t67] and 0 exception(s); a7998a79-199c-44f4-b3c2-ea75c49d687d@group-8175D73357F8:t67, leader=null, voted=a7998a79-199c-44f4-b3c2-ea75c49d687d, raftlog=a7998a79-199c-44f4-b3c2-ea75c49d687d@group-8175D73357F8-SegmentedRaftLog:OPENED:c3,f4,i4, conf=0: [a7998a79-199c-44f4-b3c2-ea75c49d687d:192.168.157.233:46825, 2d385246-963b-498d-9e2e-bc24e50fd0c7:192.168.157.233:40769, ee386961-2337-4a8c-9c8d-dbca8671699a:192.168.157.233:35014], old=null
2019-10-18 14:23:02,203 [a7998a79-199c-44f4-b3c2-ea75c49d687d@group-8175D73357F8-LeaderElection96] INFO  impl.RaftServerImpl (RaftServerImpl.java:setRole(184)) - a7998a79-199c-44f4-b3c2-ea75c49d687d@group-8175D73357F8: changes role from CANDIDATE to FOLLOWER at term 67 for DISCOVERED_A_NEW_TERM
2019-10-18 14:23:02,203 [a7998a79-199c-44f4-b3c2-ea75c49d687d@group-8175D73357F8-LeaderElection96] INFO  impl.RoleInfo (RoleInfo.java:shutdownLeaderElection(134)) - a7998a79-199c-44f4-b3c2-ea75c49d687d: shutdown LeaderElection
2019-10-18 14:23:02,203 [a7998a79-199c-44f4-b3c2-ea75c49d687d@group-8175D73357F8-LeaderElection96] INFO  impl.RoleInfo (RoleInfo.java:updateAndGet(143)) - a7998a79-199c-44f4-b3c2-ea75c49d687d: start FollowerState
2019-10-18 14:23:02,287 [Thread-1197] INFO  impl.FollowerState (FollowerState.java:run(108)) - a7998a79-199c-44f4-b3c2-ea75c49d687d@group-8175D73357F8-FollowerState: change to CANDIDATE, lastRpcTime:84ms, electionTimeout:84ms
2019-10-18 14:23:02,287 [Thread-1197] INFO  impl.RoleInfo (RoleInfo.java:shutdownFollowerState(121)) - a7998a79-199c-44f4-b3c2-ea75c49d687d: shutdown FollowerState
2019-10-18 14:23:02,287 [Thread-1197] INFO  impl.RaftServerImpl (RaftServerImpl.java:setRole(184)) - a7998a79-199c-44f4-b3c2-ea75c49d687d@group-8175D73357F8: changes role from  FOLLOWER to CANDIDATE at term 67 for changeToCandidate
2019-10-18 14:23:02,288 [Thread-1197] INFO  impl.RoleInfo (RoleInfo.java:updateAndGet(143)) - a7998a79-199c-44f4-b3c2-ea75c49d687d: start LeaderElection
2019-10-18 14:23:02,303 [a7998a79-199c-44f4-b3c2-ea75c49d687d@group-8175D73357F8-LeaderElection97] INFO  impl.LeaderElection (LeaderElection.java:askForVotes(178)) - a7998a79-199c-44f4-b3c2-ea75c49d687d@group-8175D73357F8-LeaderElection97: begin an election at term 68 for 0: [a7998a79-199c-44f4-b3c2-ea75c49d687d:192.168.157.233:46825, 2d385246-963b-498d-9e2e-bc24e50fd0c7:192.168.157.233:40769, ee386961-2337-4a8c-9c8d-dbca8671699a:192.168.157.233:35014], old=null
2019-10-18 14:23:02,306 [grpc-default-executor-8] INFO  impl.RaftServerImpl (RaftServerImpl.java:setRole(184)) - 2d385246-963b-498d-9e2e-bc24e50fd0c7@group-8175D73357F8: changes role from  FOLLOWER to FOLLOWER at term 68 for recognizeCandidate:a7998a79-199c-44f4-b3c2-ea75c49d687d
2019-10-18 14:23:02,306 [grpc-default-executor-8] INFO  impl.RoleInfo (RoleInfo.java:shutdownFollowerState(121)) - 2d385246-963b-498d-9e2e-bc24e50fd0c7: shutdown FollowerState
2019-10-18 14:23:02,306 [grpc-default-executor-8] INFO  impl.RoleInfo (RoleInfo.java:updateAndGet(143)) - 2d385246-963b-498d-9e2e-bc24e50fd0c7: start FollowerState
2019-10-18 14:23:02,306 [grpc-default-executor-7] INFO  impl.RaftServerImpl (RaftServerImpl.java:setRole(184)) - ee386961-2337-4a8c-9c8d-dbca8671699a@group-8175D73357F8: changes role from  FOLLOWER to FOLLOWER at term 68 for recognizeCandidate:a7998a79-199c-44f4-b3c2-ea75c49d687d
2019-10-18 14:23:02,306 [Thread-1195] INFO  impl.FollowerState (FollowerState.java:run(117)) - 2d385246-963b-498d-9e2e-bc24e50fd0c7@group-8175D73357F8-FollowerState was interrupted: java.lang.InterruptedException: sleep interrupted
2019-10-18 14:23:02,306 [grpc-default-executor-7] INFO  impl.RoleInfo (RoleInfo.java:shutdownFollowerState(121)) - ee386961-2337-4a8c-9c8d-dbca8671699a: shutdown FollowerState
2019-10-18 14:23:02,307 [grpc-default-executor-7] INFO  impl.RoleInfo (RoleInfo.java:updateAndGet(143)) - ee386961-2337-4a8c-9c8d-dbca8671699a: start FollowerState
2019-10-18 14:23:02,307 [Thread-1196] INFO  impl.FollowerState (FollowerState.java:run(117)) - ee386961-2337-4a8c-9c8d-dbca8671699a@group-8175D73357F8-FollowerState was interrupted: java.lang.InterruptedException: sleep interrupted
2019-10-18 14:23:02,320 [Thread-1187] INFO  impl.FollowerState (FollowerState.java:run(108)) - 2d385246-963b-498d-9e2e-bc24e50fd0c7@group-B8EEB2952F7B-FollowerState: change to CANDIDATE, lastRpcTime:176ms, electionTimeout:176ms
2019-10-18 14:23:02,320 [Thread-1187] INFO  impl.RoleInfo (RoleInfo.java:shutdownFollowerState(121)) - 2d385246-963b-498d-9e2e-bc24e50fd0c7: shutdown FollowerState
2019-10-18 14:23:02,320 [Thread-1187] INFO  impl.RaftServerImpl (RaftServerImpl.java:setRole(184)) - 2d385246-963b-498d-9e2e-bc24e50fd0c7@group-B8EEB2952F7B: changes role from  FOLLOWER to CANDIDATE at term 30 for changeToCandidate
2019-10-18 14:23:02,320 [Thread-1187] INFO  impl.RoleInfo (RoleInfo.java:updateAndGet(143)) - 2d385246-963b-498d-9e2e-bc24e50fd0c7: start LeaderElection
2019-10-18 14:23:02,333 [a7998a79-199c-44f4-b3c2-ea75c49d687d@group-8175D73357F8-LeaderElection97] INFO  impl.LeaderElection (LeaderElection.java:logAndReturn(56)) - a7998a79-199c-44f4-b3c2-ea75c49d687d@group-8175D73357F8-LeaderElection97: Election TIMEOUT; received 0 response(s) [] and 0 exception(s); a7998a79-199c-44f4-b3c2-ea75c49d687d@group-8175D73357F8:t68, leader=null, voted=a7998a79-199c-44f4-b3c2-ea75c49d687d, raftlog=a7998a79-199c-44f4-b3c2-ea75c49d687d@group-8175D73357F8-SegmentedRaftLog:OPENED:c3,f4,i4, conf=0: [a7998a79-199c-44f4-b3c2-ea75c49d687d:192.168.157.233:46825, 2d385246-963b-498d-9e2e-bc24e50fd0c7:192.168.157.233:40769, ee386961-2337-4a8c-9c8d-dbca8671699a:192.168.157.233:35014], old=null
2019-10-18 14:23:02,334 [2d385246-963b-498d-9e2e-bc24e50fd0c7@group-B8EEB2952F7B-LeaderElection98] INFO  impl.LeaderElection (LeaderElection.java:askForVotes(178)) - 2d385246-963b-498d-9e2e-bc24e50fd0c7@group-B8EEB2952F7B-LeaderElection98: begin an election at term 31 for -1: [a7998a79-199c-44f4-b3c2-ea75c49d687d:192.168.157.233:46825, 2d385246-963b-498d-9e2e-bc24e50fd0c7:192.168.157.233:40769, ee386961-2337-4a8c-9c8d-dbca8671699a:192.168.157.233:35014], old=null
2019-10-18 14:23:02,337 [a7998a79-199c-44f4-b3c2-ea75c49d687d@group-8175D73357F8-LeaderElection97] INFO  impl.LeaderElection (LeaderElection.java:askForVotes(178)) - a7998a79-199c-44f4-b3c2-ea75c49d687d@group-8175D73357F8-LeaderElection97: begin an election at term 69 for 0: [a7998a79-199c-44f4-b3c2-ea75c49d687d:192.168.157.233:46825, 2d385246-963b-498d-9e2e-bc24e50fd0c7:192.168.157.233:40769, ee386961-2337-4a8c-9c8d-dbca8671699a:192.168.157.233:35014], old=null
2019-10-18 14:23:02,337 [grpc-default-executor-8] INFO  impl.RaftServerImpl (RaftServerImpl.java:setRole(184)) - ee386961-2337-4a8c-9c8d-dbca8671699a@group-B8EEB2952F7B: changes role from  FOLLOWER to FOLLOWER at term 31 for recognizeCandidate:2d385246-963b-498d-9e2e-bc24e50fd0c7
2019-10-18 14:23:02,337 [grpc-default-executor-8] INFO  impl.RoleInfo (RoleInfo.java:shutdownFollowerState(121)) - ee386961-2337-4a8c-9c8d-dbca8671699a: shutdown FollowerState
2019-10-18 14:23:02,337 [grpc-default-executor-7] INFO  impl.RaftServerImpl (RaftServerImpl.java:setRole(184)) - a7998a79-199c-44f4-b3c2-ea75c49d687d@group-B8EEB2952F7B: changes role from  FOLLOWER to FOLLOWER at term 31 for recognizeCandidate:2d385246-963b-498d-9e2e-bc24e50fd0c7
2019-10-18 14:23:02,337 [Thread-1186] INFO  impl.FollowerState (FollowerState.java:run(117)) - ee386961-2337-4a8c-9c8d-dbca8671699a@group-B8EEB2952F7B-FollowerState was interrupted: java.lang.InterruptedException: sleep interrupted
2019-10-18 14:23:02,337 [grpc-default-executor-8] INFO  impl.RoleInfo (RoleInfo.java:updateAndGet(143)) - ee386961-2337-4a8c-9c8d-dbca8671699a: start FollowerState
2019-10-18 14:23:02,337 [grpc-default-executor-7] INFO  impl.RoleInfo (RoleInfo.java:shutdownFollowerState(121)) - a7998a79-199c-44f4-b3c2-ea75c49d687d: shutdown FollowerState
2019-10-18 14:23:02,338 [Thread-1185] INFO  impl.FollowerState (FollowerState.java:run(117)) - a7998a79-199c-44f4-b3c2-ea75c49d687d@group-B8EEB2952F7B-FollowerState was interrupted: java.lang.InterruptedException: sleep interrupted
2019-10-18 14:23:02,338 [grpc-default-executor-7] INFO  impl.RoleInfo (RoleInfo.java:updateAndGet(143)) - a7998a79-199c-44f4-b3c2-ea75c49d687d: start FollowerState
2019-10-18 14:23:02,339 [grpc-default-executor-10] INFO  impl.RaftServerImpl (RaftServerImpl.java:setRole(184)) - 2d385246-963b-498d-9e2e-bc24e50fd0c7@group-8175D73357F8: changes role from  FOLLOWER to FOLLOWER at term 69 for recognizeCandidate:a7998a79-199c-44f4-b3c2-ea75c49d687d
2019-10-18 14:23:02,339 [grpc-default-executor-10] INFO  impl.RoleInfo (RoleInfo.java:shutdownFollowerState(121)) - 2d385246-963b-498d-9e2e-bc24e50fd0c7: shutdown FollowerState
2019-10-18 14:23:02,339 [grpc-default-executor-10] INFO  impl.RoleInfo (RoleInfo.java:updateAndGet(143)) - 2d385246-963b-498d-9e2e-bc24e50fd0c7: start FollowerState
2019-10-18 14:23:02,339 [grpc-default-executor-4] INFO  impl.RaftServerImpl (RaftServerImpl.java:setRole(184)) - ee386961-2337-4a8c-9c8d-dbca8671699a@group-8175D73357F8: changes role from  FOLLOWER to FOLLOWER at term 69 for recognizeCandidate:a7998a79-199c-44f4-b3c2-ea75c49d687d
2019-10-18 14:23:02,339 [Thread-1201] INFO  impl.FollowerState (FollowerState.java:run(117)) - 2d385246-963b-498d-9e2e-bc24e50fd0c7@group-8175D73357F8-FollowerState was interrupted: java.lang.InterruptedException: sleep interrupted
2019-10-18 14:23:02,340 [grpc-default-executor-4] INFO  impl.RoleInfo (RoleInfo.java:shutdownFollowerState(121)) - ee386961-2337-4a8c-9c8d-dbca8671699a: shutdown FollowerState
2019-10-18 14:23:02,340 [grpc-default-executor-4] INFO  impl.RoleInfo (RoleInfo.java:updateAndGet(143)) - ee386961-2337-4a8c-9c8d-dbca8671699a: start FollowerState
2019-10-18 14:23:02,340 [Thread-1202] INFO  impl.FollowerState (FollowerState.java:run(117)) - ee386961-2337-4a8c-9c8d-dbca8671699a@group-8175D73357F8-FollowerState was interrupted: java.lang.InterruptedException: sleep interrupted
2019-10-18 14:23:02,352 [2d385246-963b-498d-9e2e-bc24e50fd0c7@group-B8EEB2952F7B-LeaderElection98] INFO  impl.LeaderElection (LeaderElection.java:logAndReturn(56)) - 2d385246-963b-498d-9e2e-bc24e50fd0c7@group-B8EEB2952F7B-LeaderElection98: Election REJECTED; received 2 response(s) [2d385246-963b-498d-9e2e-bc24e50fd0c7<-a7998a79-199c-44f4-b3c2-ea75c49d687d#0:FAIL-t31, 2d385246-963b-498d-9e2e-bc24e50fd0c7<-ee386961-2337-4a8c-9c8d-dbca8671699a#0:FAIL-t31] and 0 exception(s); 2d385246-963b-498d-9e2e-bc24e50fd0c7@group-B8EEB2952F7B:t31, leader=null, voted=2d385246-963b-498d-9e2e-bc24e50fd0c7, raftlog=2d385246-963b-498d-9e2e-bc24e50fd0c7@group-B8EEB2952F7B-SegmentedRaftLog:OPENED:c-1,f-1,i0, conf=-1: [a7998a79-199c-44f4-b3c2-ea75c49d687d:192.168.157.233:46825, 2d385246-963b-498d-9e2e-bc24e50fd0c7:192.168.157.233:40769, ee386961-2337-4a8c-9c8d-dbca8671699a:192.168.157.233:35014], old=null
2019-10-18 14:23:02,352 [a7998a79-199c-44f4-b3c2-ea75c49d687d@group-8175D73357F8-LeaderElection97] INFO  impl.LeaderElection (LeaderElection.java:logAndReturn(56)) - a7998a79-199c-44f4-b3c2-ea75c49d687d@group-8175D73357F8-LeaderElection97: Election REJECTED; received 2 response(s) [a7998a79-199c-44f4-b3c2-ea75c49d687d<-2d385246-963b-498d-9e2e-bc24e50fd0c7#0:FAIL-t69, a7998a79-199c-44f4-b3c2-ea75c49d687d<-ee386961-2337-4a8c-9c8d-dbca8671699a#0:FAIL-t69] and 0 exception(s); a7998a79-199c-44f4-b3c2-ea75c49d687d@group-8175D73357F8:t69, leader=null, voted=a7998a79-199c-44f4-b3c2-ea75c49d687d, raftlog=a7998a79-199c-44f4-b3c2-ea75c49d687d@group-8175D73357F8-SegmentedRaftLog:OPENED:c3,f4,i4, conf=0: [a7998a79-199c-44f4-b3c2-ea75c49d687d:192.168.157.233:46825, 2d385246-963b-498d-9e2e-bc24e50fd0c7:192.168.157.233:40769, ee386961-2337-4a8c-9c8d-dbca8671699a:192.168.157.233:35014], old=null
2019-10-18 14:23:02,352 [2d385246-963b-498d-9e2e-bc24e50fd0c7@group-B8EEB2952F7B-LeaderElection98] INFO  impl.RaftServerImpl (RaftServerImpl.java:setRole(184)) - 2d385246-963b-498d-9e2e-bc24e50fd0c7@group-B8EEB2952F7B: changes role from CANDIDATE to FOLLOWER at term 31 for DISCOVERED_A_NEW_TERM
2019-10-18 14:23:02,353 [a7998a79-199c-44f4-b3c2-ea75c49d687d@group-8175D73357F8-LeaderElection97] INFO  impl.RaftServerImpl (RaftServerImpl.java:setRole(184)) - a7998a79-199c-44f4-b3c2-ea75c49d687d@group-8175D73357F8: changes role from CANDIDATE to FOLLOWER at term 69 for DISCOVERED_A_NEW_TERM
2019-10-18 14:23:02,353 [2d385246-963b-498d-9e2e-bc24e50fd0c7@group-B8EEB2952F7B-LeaderElection98] INFO  impl.RoleInfo (RoleInfo.java:shutdownLeaderElection(134)) - 2d385246-963b-498d-9e2e-bc24e50fd0c7: shutdown LeaderElection
2019-10-18 14:23:02,353 [a7998a79-199c-44f4-b3c2-ea75c49d687d@group-8175D73357F8-LeaderElection97] INFO  impl.RoleInfo (RoleInfo.java:shutdownLeaderElection(134)) - a7998a79-199c-44f4-b3c2-ea75c49d687d: shutdown LeaderElection
2019-10-18 14:23:02,353 [2d385246-963b-498d-9e2e-bc24e50fd0c7@group-B8EEB2952F7B-LeaderElection98] INFO  impl.RoleInfo (RoleInfo.java:updateAndGet(143)) - 2d385246-963b-498d-9e2e-bc24e50fd0c7: start FollowerState
2019-10-18 14:23:02,353 [a7998a79-199c-44f4-b3c2-ea75c49d687d@group-8175D73357F8-LeaderElection97] INFO  impl.RoleInfo (RoleInfo.java:updateAndGet(143)) - a7998a79-199c-44f4-b3c2-ea75c49d687d: start FollowerState
2019-10-18 14:23:02,396 [Thread-1213] INFO  impl.FollowerState (FollowerState.java:run(108)) - a7998a79-199c-44f4-b3c2-ea75c49d687d@group-8175D73357F8-FollowerState: change to CANDIDATE, lastRpcTime:42ms, electionTimeout:42ms
2019-10-18 14:23:02,396 [Thread-1213] INFO  impl.RoleInfo (RoleInfo.java:shutdownFollowerState(121)) - a7998a79-199c-44f4-b3c2-ea75c49d687d: shutdown FollowerState
2019-10-18 14:23:02,396 [Thread-1213] INFO  impl.RaftServerImpl (RaftServerImpl.java:setRole(184)) - a7998a79-199c-44f4-b3c2-ea75c49d687d@group-8175D73357F8: changes role from  FOLLOWER to CANDIDATE at term 69 for changeToCandidate
2019-10-18 14:23:02,396 [Thread-1213] INFO  impl.RoleInfo (RoleInfo.java:updateAndGet(143)) - a7998a79-199c-44f4-b3c2-ea75c49d687d: start LeaderElection
2019-10-18 14:23:02,409 [a7998a79-199c-44f4-b3c2-ea75c49d687d@group-8175D73357F8-LeaderElection99] INFO  impl.LeaderElection (LeaderElection.java:askForVotes(178)) - a7998a79-199c-44f4-b3c2-ea75c49d687d@group-8175D73357F8-LeaderElection99: begin an election at term 70 for 0: [a7998a79-199c-44f4-b3c2-ea75c49d687d:192.168.157.233:46825, 2d385246-963b-498d-9e2e-bc24e50fd0c7:192.168.157.233:40769, ee386961-2337-4a8c-9c8d-dbca8671699a:192.168.157.233:35014], old=null
2019-10-18 14:23:02,412 [grpc-default-executor-10] INFO  impl.RaftServerImpl (RaftServerImpl.java:setRole(184)) - 2d385246-963b-498d-9e2e-bc24e50fd0c7@group-8175D73357F8: changes role from  FOLLOWER to FOLLOWER at term 70 for recognizeCandidate:a7998a79-199c-44f4-b3c2-ea75c49d687d
2019-10-18 14:23:02,412 [grpc-default-executor-10] INFO  impl.RoleInfo (RoleInfo.java:shutdownFollowerState(121)) - 2d385246-963b-498d-9e2e-bc24e50fd0c7: shutdown FollowerState
2019-10-18 14:23:02,412 [grpc-default-executor-8] INFO  impl.RaftServerImpl (RaftServerImpl.java:setRole(184)) - ee386961-2337-4a8c-9c8d-dbca8671699a@group-8175D73357F8: changes role from  FOLLOWER to FOLLOWER at term 70 for recognizeCandidate:a7998a79-199c-44f4-b3c2-ea75c49d687d
2019-10-18 14:23:02,412 [Thread-1210] INFO  impl.FollowerState (FollowerState.java:run(117)) - 2d385246-963b-498d-9e2e-bc24e50fd0c7@group-8175D73357F8-FollowerState was interrupted: java.lang.InterruptedException: sleep interrupted
2019-10-18 14:23:02,412 [grpc-default-executor-10] INFO  impl.RoleInfo (RoleInfo.java:updateAndGet(143)) - 2d385246-963b-498d-9e2e-bc24e50fd0c7: start FollowerState
2019-10-18 14:23:02,412 [grpc-default-executor-8] INFO  impl.RoleInfo (RoleInfo.java:shutdownFollowerState(121)) - ee386961-2337-4a8c-9c8d-dbca8671699a: shutdown FollowerState
2019-10-18 14:23:02,413 [grpc-default-executor-8] INFO  impl.RoleInfo (RoleInfo.java:updateAndGet(143)) - ee386961-2337-4a8c-9c8d-dbca8671699a: start FollowerState
2019-10-18 14:23:02,413 [Thread-1211] INFO  impl.FollowerState (FollowerState.java:run(117)) - ee386961-2337-4a8c-9c8d-dbca8671699a@group-8175D73357F8-FollowerState was interrupted: java.lang.InterruptedException: sleep interrupted
2019-10-18 14:23:02,439 [a7998a79-199c-44f4-b3c2-ea75c49d687d@group-8175D73357F8-LeaderElection99] INFO  impl.LeaderElection (LeaderElection.java:logAndReturn(56)) - a7998a79-199c-44f4-b3c2-ea75c49d687d@group-8175D73357F8-LeaderElection99: Election REJECTED; received 2 response(s) [a7998a79-199c-44f4-b3c2-ea75c49d687d<-2d385246-963b-498d-9e2e-bc24e50fd0c7#0:FAIL-t70, a7998a79-199c-44f4-b3c2-ea75c49d687d<-ee386961-2337-4a8c-9c8d-dbca8671699a#0:FAIL-t70] and 0 exception(s); a7998a79-199c-44f4-b3c2-ea75c49d687d@group-8175D73357F8:t70, leader=null, voted=a7998a79-199c-44f4-b3c2-ea75c49d687d, raftlog=a7998a79-199c-44f4-b3c2-ea75c49d687d@group-8175D73357F8-SegmentedRaftLog:OPENED:c3,f4,i4, conf=0: [a7998a79-199c-44f4-b3c2-ea75c49d687d:192.168.157.233:46825, 2d385246-963b-498d-9e2e-bc24e50fd0c7:192.168.157.233:40769, ee386961-2337-4a8c-9c8d-dbca8671699a:192.168.157.233:35014], old=null
2019-10-18 14:23:02,439 [a7998a79-199c-44f4-b3c2-ea75c49d687d@group-8175D73357F8-LeaderElection99] INFO  impl.RaftServerImpl (RaftServerImpl.java:setRole(184)) - a7998a79-199c-44f4-b3c2-ea75c49d687d@group-8175D73357F8: changes role from CANDIDATE to FOLLOWER at term 70 for DISCOVERED_A_NEW_TERM
2019-10-18 14:23:02,439 [a7998a79-199c-44f4-b3c2-ea75c49d687d@group-8175D73357F8-LeaderElection99] INFO  impl.RoleInfo (RoleInfo.java:shutdownLeaderElection(134)) - a7998a79-199c-44f4-b3c2-ea75c49d687d: shutdown LeaderElection
2019-10-18 14:23:02,439 [a7998a79-199c-44f4-b3c2-ea75c49d687d@group-8175D73357F8-LeaderElection99] INFO  impl.RoleInfo (RoleInfo.java:updateAndGet(143)) - a7998a79-199c-44f4-b3c2-ea75c49d687d: start FollowerState
2019-10-18 14:23:02,468 [Thread-1212] INFO  impl.FollowerState (FollowerState.java:run(108)) - 2d385246-963b-498d-9e2e-bc24e50fd0c7@group-B8EEB2952F7B-FollowerState: change to CANDIDATE, lastRpcTime:115ms, electionTimeout:115ms
2019-10-18 14:23:02,469 [Thread-1212] INFO  impl.RoleInfo (RoleInfo.java:shutdownFollowerState(121)) - 2d385246-963b-498d-9e2e-bc24e50fd0c7: shutdown FollowerState
2019-10-18 14:23:02,469 [Thread-1212] INFO  impl.RaftServerImpl (RaftServerImpl.java:setRole(184)) - 2d385246-963b-498d-9e2e-bc24e50fd0c7@group-B8EEB2952F7B: changes role from  FOLLOWER to CANDIDATE at term 31 for changeToCandidate
2019-10-18 14:23:02,469 [Thread-1212] INFO  impl.RoleInfo (RoleInfo.java:updateAndGet(143)) - 2d385246-963b-498d-9e2e-bc24e50fd0c7: start LeaderElection
2019-10-18 14:23:02,472 [Thread-1219] INFO  impl.FollowerState (FollowerState.java:run(108)) - a7998a79-199c-44f4-b3c2-ea75c49d687d@group-8175D73357F8-FollowerState: change to CANDIDATE, lastRpcTime:32ms, electionTimeout:32ms
2019-10-18 14:23:02,472 [Thread-1219] INFO  impl.RoleInfo (RoleInfo.java:shutdownFollowerState(121)) - a7998a79-199c-44f4-b3c2-ea75c49d687d: shutdown FollowerState
2019-10-18 14:23:02,472 [Thread-1219] INFO  impl.RaftServerImpl (RaftServerImpl.java:setRole(184)) - a7998a79-199c-44f4-b3c2-ea75c49d687d@group-8175D73357F8: changes role from  FOLLOWER to CANDIDATE at term 70 for changeToCandidate
2019-10-18 14:23:02,472 [Thread-1219] INFO  impl.RoleInfo (RoleInfo.java:updateAndGet(143)) - a7998a79-199c-44f4-b3c2-ea75c49d687d: start LeaderElection
2019-10-18 14:23:02,484 [2d385246-963b-498d-9e2e-bc24e50fd0c7@group-B8EEB2952F7B-LeaderElection100] INFO  impl.LeaderElection (LeaderElection.java:askForVotes(178)) - 2d385246-963b-498d-9e2e-bc24e50fd0c7@group-B8EEB2952F7B-LeaderElection100: begin an election at term 32 for -1: [a7998a79-199c-44f4-b3c2-ea75c49d687d:192.168.157.233:46825, 2d385246-963b-498d-9e2e-bc24e50fd0c7:192.168.157.233:40769, ee386961-2337-4a8c-9c8d-dbca8671699a:192.168.157.233:35014], old=null
2019-10-18 14:23:02,484 [a7998a79-199c-44f4-b3c2-ea75c49d687d@group-8175D73357F8-LeaderElection101] INFO  impl.LeaderElection (LeaderElection.java:askForVotes(178)) - a7998a79-199c-44f4-b3c2-ea75c49d687d@group-8175D73357F8-LeaderElection101: begin an election at term 71 for 0: [a7998a79-199c-44f4-b3c2-ea75c49d687d:192.168.157.233:46825, 2d385246-963b-498d-9e2e-bc24e50fd0c7:192.168.157.233:40769, ee386961-2337-4a8c-9c8d-dbca8671699a:192.168.157.233:35014], old=null
2019-10-18 14:23:02,489 [grpc-default-executor-10] INFO  impl.RaftServerImpl (RaftServerImpl.java:setRole(184)) - a7998a79-199c-44f4-b3c2-ea75c49d687d@group-B8EEB2952F7B: changes role from  FOLLOWER to FOLLOWER at term 32 for recognizeCandidate:2d385246-963b-498d-9e2e-bc24e50fd0c7
2019-10-18 14:23:02,489 [grpc-default-executor-10] INFO  impl.RoleInfo (RoleInfo.java:shutdownFollowerState(121)) - a7998a79-199c-44f4-b3c2-ea75c49d687d: shutdown FollowerState
2019-10-18 14:23:02,489 [grpc-default-executor-10] INFO  impl.RoleInfo (RoleInfo.java:updateAndGet(143)) - a7998a79-199c-44f4-b3c2-ea75c49d687d: start FollowerState
2019-10-18 14:23:02,489 [Thread-1209] INFO  impl.FollowerState (FollowerState.java:run(117)) - a7998a79-199c-44f4-b3c2-ea75c49d687d@group-B8EEB2952F7B-FollowerState was interrupted: java.lang.InterruptedException: sleep interrupted
2019-10-18 14:23:02,490 [grpc-default-executor-8] INFO  impl.RaftServerImpl (RaftServerImpl.java:setRole(184)) - 2d385246-963b-498d-9e2e-bc24e50fd0c7@group-8175D73357F8: changes role from  FOLLOWER to FOLLOWER at term 71 for recognizeCandidate:a7998a79-199c-44f4-b3c2-ea75c49d687d
2019-10-18 14:23:02,490 [grpc-default-executor-8] INFO  impl.RoleInfo (RoleInfo.java:shutdownFollowerState(121)) - 2d385246-963b-498d-9e2e-bc24e50fd0c7: shutdown FollowerState
2019-10-18 14:23:02,490 [grpc-default-executor-8] INFO  impl.RoleInfo (RoleInfo.java:updateAndGet(143)) - 2d385246-963b-498d-9e2e-bc24e50fd0c7: start FollowerState
2019-10-18 14:23:02,490 [Thread-1217] INFO  impl.FollowerState (FollowerState.java:run(117)) - 2d385246-963b-498d-9e2e-bc24e50fd0c7@group-8175D73357F8-FollowerState was interrupted: java.lang.InterruptedException: sleep interrupted
2019-10-18 14:23:02,490 [grpc-default-executor-4] INFO  impl.RaftServerImpl (RaftServerImpl.java:setRole(184)) - ee386961-2337-4a8c-9c8d-dbca8671699a@group-8175D73357F8: changes role from  FOLLOWER to FOLLOWER at term 71 for recognizeCandidate:a7998a79-199c-44f4-b3c2-ea75c49d687d
2019-10-18 14:23:02,490 [grpc-default-executor-4] INFO  impl.RoleInfo (RoleInfo.java:shutdownFollowerState(121)) - ee386961-2337-4a8c-9c8d-dbca8671699a: shutdown FollowerState
2019-10-18 14:23:02,490 [grpc-default-executor-7] INFO  impl.RaftServerImpl (RaftServerImpl.java:setRole(184)) - ee386961-2337-4a8c-9c8d-dbca8671699a@group-B8EEB2952F7B: changes role from  FOLLOWER to FOLLOWER at term 32 for recognizeCandidate:2d385246-963b-498d-9e2e-bc24e50fd0c7
2019-10-18 14:23:02,490 [Thread-1218] INFO  impl.FollowerState (FollowerState.java:run(117)) - ee386961-2337-4a8c-9c8d-dbca8671699a@group-8175D73357F8-FollowerState was interrupted: java.lang.InterruptedException: sleep interrupted
2019-10-18 14:23:02,490 [grpc-default-executor-4] INFO  impl.RoleInfo (RoleInfo.java:updateAndGet(143)) - ee386961-2337-4a8c-9c8d-dbca8671699a: start FollowerState
2019-10-18 14:23:02,491 [grpc-default-executor-7] INFO  impl.RoleInfo (RoleInfo.java:shutdownFollowerState(121)) - ee386961-2337-4a8c-9c8d-dbca8671699a: shutdown FollowerState
2019-10-18 14:23:02,491 [Thread-1208] INFO  impl.FollowerState (FollowerState.java:run(117)) - ee386961-2337-4a8c-9c8d-dbca8671699a@group-B8EEB2952F7B-FollowerState was interrupted: java.lang.InterruptedException: sleep interrupted
2019-10-18 14:23:02,491 [grpc-default-executor-7] INFO  impl.RoleInfo (RoleInfo.java:updateAndGet(143)) - ee386961-2337-4a8c-9c8d-dbca8671699a: start FollowerState
2019-10-18 14:23:02,504 [a7998a79-199c-44f4-b3c2-ea75c49d687d@group-8175D73357F8-LeaderElection101] INFO  impl.LeaderElection (LeaderElection.java:logAndReturn(56)) - a7998a79-199c-44f4-b3c2-ea75c49d687d@group-8175D73357F8-LeaderElection101: Election REJECTED; received 2 response(s) [a7998a79-199c-44f4-b3c2-ea75c49d687d<-2d385246-963b-498d-9e2e-bc24e50fd0c7#0:FAIL-t71, a7998a79-199c-44f4-b3c2-ea75c49d687d<-ee386961-2337-4a8c-9c8d-dbca8671699a#0:FAIL-t71] and 0 exception(s); a7998a79-199c-44f4-b3c2-ea75c49d687d@group-8175D73357F8:t71, leader=null, voted=a7998a79-199c-44f4-b3c2-ea75c49d687d, raftlog=a7998a79-199c-44f4-b3c2-ea75c49d687d@group-8175D73357F8-SegmentedRaftLog:OPENED:c3,f4,i4, conf=0: [a7998a79-199c-44f4-b3c2-ea75c49d687d:192.168.157.233:46825, 2d385246-963b-498d-9e2e-bc24e50fd0c7:192.168.157.233:40769, ee386961-2337-4a8c-9c8d-dbca8671699a:192.168.157.233:35014], old=null
2019-10-18 14:23:02,504 [2d385246-963b-498d-9e2e-bc24e50fd0c7@group-B8EEB2952F7B-LeaderElection100] INFO  impl.LeaderElection (LeaderElection.java:logAndReturn(56)) - 2d385246-963b-498d-9e2e-bc24e50fd0c7@group-B8EEB2952F7B-LeaderElection100: Election REJECTED; received 2 response(s) [2d385246-963b-498d-9e2e-bc24e50fd0c7<-a7998a79-199c-44f4-b3c2-ea75c49d687d#0:FAIL-t32, 2d385246-963b-498d-9e2e-bc24e50fd0c7<-ee386961-2337-4a8c-9c8d-dbca8671699a#0:FAIL-t32] and 0 exception(s); 2d385246-963b-498d-9e2e-bc24e50fd0c7@group-B8EEB2952F7B:t32, leader=null, voted=2d385246-963b-498d-9e2e-bc24e50fd0c7, raftlog=2d385246-963b-498d-9e2e-bc24e50fd0c7@group-B8EEB2952F7B-SegmentedRaftLog:OPENED:c-1,f-1,i0, conf=-1: [a7998a79-199c-44f4-b3c2-ea75c49d687d:192.168.157.233:46825, 2d385246-963b-498d-9e2e-bc24e50fd0c7:192.168.157.233:40769, ee386961-2337-4a8c-9c8d-dbca8671699a:192.168.157.233:35014], old=null
2019-10-18 14:23:02,504 [a7998a79-199c-44f4-b3c2-ea75c49d687d@group-8175D73357F8-LeaderElection101] INFO  impl.RaftServerImpl (RaftServerImpl.java:setRole(184)) - a7998a79-199c-44f4-b3c2-ea75c49d687d@group-8175D73357F8: changes role from CANDIDATE to FOLLOWER at term 71 for DISCOVERED_A_NEW_TERM
2019-10-18 14:23:02,504 [2d385246-963b-498d-9e2e-bc24e50fd0c7@group-B8EEB2952F7B-LeaderElection100] INFO  impl.RaftServerImpl (RaftServerImpl.java:setRole(184)) - 2d385246-963b-498d-9e2e-bc24e50fd0c7@group-B8EEB2952F7B: changes role from CANDIDATE to FOLLOWER at term 32 for DISCOVERED_A_NEW_TERM
2019-10-18 14:23:02,504 [a7998a79-199c-44f4-b3c2-ea75c49d687d@group-8175D73357F8-LeaderElection101] INFO  impl.RoleInfo (RoleInfo.java:shutdownLeaderElection(134)) - a7998a79-199c-44f4-b3c2-ea75c49d687d: shutdown LeaderElection
2019-10-18 14:23:02,504 [2d385246-963b-498d-9e2e-bc24e50fd0c7@group-B8EEB2952F7B-LeaderElection100] INFO  impl.RoleInfo (RoleInfo.java:shutdownLeaderElection(134)) - 2d385246-963b-498d-9e2e-bc24e50fd0c7: shutdown LeaderElection
2019-10-18 14:23:02,504 [a7998a79-199c-44f4-b3c2-ea75c49d687d@group-8175D73357F8-LeaderElection101] INFO  impl.RoleInfo (RoleInfo.java:updateAndGet(143)) - a7998a79-199c-44f4-b3c2-ea75c49d687d: start FollowerState
2019-10-18 14:23:02,504 [2d385246-963b-498d-9e2e-bc24e50fd0c7@group-B8EEB2952F7B-LeaderElection100] INFO  impl.RoleInfo (RoleInfo.java:updateAndGet(143)) - 2d385246-963b-498d-9e2e-bc24e50fd0c7: start FollowerState
2019-10-18 14:23:02,505 [Thread-1231] INFO  impl.FollowerState (FollowerState.java:run(108)) - 2d385246-963b-498d-9e2e-bc24e50fd0c7@group-B8EEB2952F7B-FollowerState: change to CANDIDATE, lastRpcTime:0ms, electionTimeout:0ms
2019-10-18 14:23:02,505 [Thread-1231] INFO  impl.RoleInfo (RoleInfo.java:shutdownFollowerState(121)) - 2d385246-963b-498d-9e2e-bc24e50fd0c7: shutdown FollowerState
2019-10-18 14:23:02,505 [Thread-1231] INFO  impl.RaftServerImpl (RaftServerImpl.java:setRole(184)) - 2d385246-963b-498d-9e2e-bc24e50fd0c7@group-B8EEB2952F7B: changes role from  FOLLOWER to CANDIDATE at term 32 for changeToCandidate
2019-10-18 14:23:02,505 [Thread-1231] INFO  impl.RoleInfo (RoleInfo.java:updateAndGet(143)) - 2d385246-963b-498d-9e2e-bc24e50fd0c7: start LeaderElection
2019-10-18 14:23:02,519 [2d385246-963b-498d-9e2e-bc24e50fd0c7@group-B8EEB2952F7B-LeaderElection102] INFO  impl.LeaderElection (LeaderElection.java:askForVotes(178)) - 2d385246-963b-498d-9e2e-bc24e50fd0c7@group-B8EEB2952F7B-LeaderElection102: begin an election at term 33 for -1: [a7998a79-199c-44f4-b3c2-ea75c49d687d:192.168.157.233:46825, 2d385246-963b-498d-9e2e-bc24e50fd0c7:192.168.157.233:40769, ee386961-2337-4a8c-9c8d-dbca8671699a:192.168.157.233:35014], old=null
2019-10-18 14:23:02,521 [grpc-default-executor-4] INFO  impl.RaftServerImpl (RaftServerImpl.java:setRole(184)) - ee386961-2337-4a8c-9c8d-dbca8671699a@group-B8EEB2952F7B: changes role from  FOLLOWER to FOLLOWER at term 33 for recognizeCandidate:2d385246-963b-498d-9e2e-bc24e50fd0c7
2019-10-18 14:23:02,521 [grpc-default-executor-4] INFO  impl.RoleInfo (RoleInfo.java:shutdownFollowerState(121)) - ee386961-2337-4a8c-9c8d-dbca8671699a: shutdown FollowerState
2019-10-18 14:23:02,521 [grpc-default-executor-7] INFO  impl.RaftServerImpl (RaftServerImpl.java:setRole(184)) - a7998a79-199c-44f4-b3c2-ea75c49d687d@group-B8EEB2952F7B: changes role from  FOLLOWER to FOLLOWER at term 33 for recognizeCandidate:2d385246-963b-498d-9e2e-bc24e50fd0c7
2019-10-18 14:23:02,521 [Thread-1229] INFO  impl.FollowerState (FollowerState.java:run(117)) - ee386961-2337-4a8c-9c8d-dbca8671699a@group-B8EEB2952F7B-FollowerState was interrupted: java.lang.InterruptedException: sleep interrupted
2019-10-18 14:23:02,521 [grpc-default-executor-4] INFO  impl.RoleInfo (RoleInfo.java:updateAndGet(143)) - ee386961-2337-4a8c-9c8d-dbca8671699a: start FollowerState
2019-10-18 14:23:02,521 [grpc-default-executor-7] INFO  impl.RoleInfo (RoleInfo.java:shutdownFollowerState(121)) - a7998a79-199c-44f4-b3c2-ea75c49d687d: shutdown FollowerState
2019-10-18 14:23:02,521 [grpc-default-executor-7] INFO  impl.RoleInfo (RoleInfo.java:updateAndGet(143)) - a7998a79-199c-44f4-b3c2-ea75c49d687d: start FollowerState
2019-10-18 14:23:02,521 [Thread-1226] INFO  impl.FollowerState (FollowerState.java:run(117)) - a7998a79-199c-44f4-b3c2-ea75c49d687d@group-B8EEB2952F7B-FollowerState was interrupted: java.lang.InterruptedException: sleep interrupted
2019-10-18 14:23:02,526 [2d385246-963b-498d-9e2e-bc24e50fd0c7@group-B8EEB2952F7B-LeaderElection102] INFO  impl.LeaderElection (LeaderElection.java:logAndReturn(56)) - 2d385246-963b-498d-9e2e-bc24e50fd0c7@group-B8EEB2952F7B-LeaderElection102: Election TIMEOUT; received 0 response(s) [] and 0 exception(s); 2d385246-963b-498d-9e2e-bc24e50fd0c7@group-B8EEB2952F7B:t33, leader=null, voted=2d385246-963b-498d-9e2e-bc24e50fd0c7, raftlog=2d385246-963b-498d-9e2e-bc24e50fd0c7@group-B8EEB2952F7B-SegmentedRaftLog:OPENED:c-1,f-1,i0, conf=-1: [a7998a79-199c-44f4-b3c2-ea75c49d687d:192.168.157.233:46825, 2d385246-963b-498d-9e2e-bc24e50fd0c7:192.168.157.233:40769, ee386961-2337-4a8c-9c8d-dbca8671699a:192.168.157.233:35014], old=null
2019-10-18 14:23:02,534 [2d385246-963b-498d-9e2e-bc24e50fd0c7@group-B8EEB2952F7B-LeaderElection102] INFO  impl.LeaderElection (LeaderElection.java:askForVotes(178)) - 2d385246-963b-498d-9e2e-bc24e50fd0c7@group-B8EEB2952F7B-LeaderElection102: begin an election at term 34 for -1: [a7998a79-199c-44f4-b3c2-ea75c49d687d:192.168.157.233:46825, 2d385246-963b-498d-9e2e-bc24e50fd0c7:192.168.157.233:40769, ee386961-2337-4a8c-9c8d-dbca8671699a:192.168.157.233:35014], old=null
2019-10-18 14:23:02,536 [grpc-default-executor-4] INFO  impl.RaftServerImpl (RaftServerImpl.java:setRole(184)) - a7998a79-199c-44f4-b3c2-ea75c49d687d@group-B8EEB2952F7B: changes role from  FOLLOWER to FOLLOWER at term 34 for recognizeCandidate:2d385246-963b-498d-9e2e-bc24e50fd0c7
2019-10-18 14:23:02,536 [grpc-default-executor-4] INFO  impl.RoleInfo (RoleInfo.java:shutdownFollowerState(121)) - a7998a79-199c-44f4-b3c2-ea75c49d687d: shutdown FollowerState
2019-10-18 14:23:02,536 [grpc-default-executor-4] INFO  impl.RoleInfo (RoleInfo.java:updateAndGet(143)) - a7998a79-199c-44f4-b3c2-ea75c49d687d: start FollowerState
2019-10-18 14:23:02,536 [Thread-1236] INFO  impl.FollowerState (FollowerState.java:run(117)) - a7998a79-199c-44f4-b3c2-ea75c49d687d@group-B8EEB2952F7B-FollowerState was interrupted: java.lang.InterruptedException: sleep interrupted
2019-10-18 14:23:02,537 [grpc-default-executor-7] INFO  impl.RaftServerImpl (RaftServerImpl.java:setRole(184)) - ee386961-2337-4a8c-9c8d-dbca8671699a@group-B8EEB2952F7B: changes role from  FOLLOWER to FOLLOWER at term 34 for recognizeCandidate:2d385246-963b-498d-9e2e-bc24e50fd0c7
2019-10-18 14:23:02,537 [grpc-default-executor-7] INFO  impl.RoleInfo (RoleInfo.java:shutdownFollowerState(121)) - ee386961-2337-4a8c-9c8d-dbca8671699a: shutdown FollowerState
2019-10-18 14:23:02,537 [grpc-default-executor-7] INFO  impl.RoleInfo (RoleInfo.java:updateAndGet(143)) - ee386961-2337-4a8c-9c8d-dbca8671699a: start FollowerState
2019-10-18 14:23:02,537 [Thread-1235] INFO  impl.FollowerState (FollowerState.java:run(117)) - ee386961-2337-4a8c-9c8d-dbca8671699a@group-B8EEB2952F7B-FollowerState was interrupted: java.lang.InterruptedException: sleep interrupted
2019-10-18 14:23:02,551 [2d385246-963b-498d-9e2e-bc24e50fd0c7@group-B8EEB2952F7B-LeaderElection102] INFO  impl.LeaderElection (LeaderElection.java:logAndReturn(56)) - 2d385246-963b-498d-9e2e-bc24e50fd0c7@group-B8EEB2952F7B-LeaderElection102: Election REJECTED; received 2 response(s) [2d385246-963b-498d-9e2e-bc24e50fd0c7<-a7998a79-199c-44f4-b3c2-ea75c49d687d#0:FAIL-t34, 2d385246-963b-498d-9e2e-bc24e50fd0c7<-ee386961-2337-4a8c-9c8d-dbca8671699a#0:FAIL-t34] and 0 exception(s); 2d385246-963b-498d-9e2e-bc24e50fd0c7@group-B8EEB2952F7B:t34, leader=null, voted=2d385246-963b-498d-9e2e-bc24e50fd0c7, raftlog=2d385246-963b-498d-9e2e-bc24e50fd0c7@group-B8EEB2952F7B-SegmentedRaftLog:OPENED:c-1,f-1,i0, conf=-1: [a7998a79-199c-44f4-b3c2-ea75c49d687d:192.168.157.233:46825, 2d385246-963b-498d-9e2e-bc24e50fd0c7:192.168.157.233:40769, ee386961-2337-4a8c-9c8d-dbca8671699a:192.168.157.233:35014], old=null
2019-10-18 14:23:02,551 [2d385246-963b-498d-9e2e-bc24e50fd0c7@group-B8EEB2952F7B-LeaderElection102] INFO  impl.RaftServerImpl (RaftServerImpl.java:setRole(184)) - 2d385246-963b-498d-9e2e-bc24e50fd0c7@group-B8EEB2952F7B: changes role from CANDIDATE to FOLLOWER at term 34 for DISCOVERED_A_NEW_TERM
2019-10-18 14:23:02,551 [2d385246-963b-498d-9e2e-bc24e50fd0c7@group-B8EEB2952F7B-LeaderElection102] INFO  impl.RoleInfo (RoleInfo.java:shutdownLeaderElection(134)) - 2d385246-963b-498d-9e2e-bc24e50fd0c7: shutdown LeaderElection
2019-10-18 14:23:02,551 [2d385246-963b-498d-9e2e-bc24e50fd0c7@group-B8EEB2952F7B-LeaderElection102] INFO  impl.RoleInfo (RoleInfo.java:updateAndGet(143)) - 2d385246-963b-498d-9e2e-bc24e50fd0c7: start FollowerState
2019-10-18 14:23:02,649 [Thread-1230] INFO  impl.FollowerState (FollowerState.java:run(108)) - a7998a79-199c-44f4-b3c2-ea75c49d687d@group-8175D73357F8-FollowerState: change to CANDIDATE, lastRpcTime:144ms, electionTimeout:144ms
2019-10-18 14:23:02,649 [Thread-1230] INFO  impl.RoleInfo (RoleInfo.java:shutdownFollowerState(121)) - a7998a79-199c-44f4-b3c2-ea75c49d687d: shutdown FollowerState
2019-10-18 14:23:02,649 [Thread-1230] INFO  impl.RaftServerImpl (RaftServerImpl.java:setRole(184)) - a7998a79-199c-44f4-b3c2-ea75c49d687d@group-8175D73357F8: changes role from  FOLLOWER to CANDIDATE at term 71 for changeToCandidate
2019-10-18 14:23:02,649 [Thread-1230] INFO  impl.RoleInfo (RoleInfo.java:updateAndGet(143)) - a7998a79-199c-44f4-b3c2-ea75c49d687d: start LeaderElection
2019-10-18 14:23:02,663 [a7998a79-199c-44f4-b3c2-ea75c49d687d@group-8175D73357F8-LeaderElection103] INFO  impl.LeaderElection (LeaderElection.java:askForVotes(178)) - a7998a79-199c-44f4-b3c2-ea75c49d687d@group-8175D73357F8-LeaderElection103: begin an election at term 72 for 0: [a7998a79-199c-44f4-b3c2-ea75c49d687d:192.168.157.233:46825, 2d385246-963b-498d-9e2e-bc24e50fd0c7:192.168.157.233:40769, ee386961-2337-4a8c-9c8d-dbca8671699a:192.168.157.233:35014], old=null
2019-10-18 14:23:02,666 [grpc-default-executor-4] INFO  impl.RaftServerImpl (RaftServerImpl.java:setRole(184)) - ee386961-2337-4a8c-9c8d-dbca8671699a@group-8175D73357F8: changes role from  FOLLOWER to FOLLOWER at term 72 for recognizeCandidate:a7998a79-199c-44f4-b3c2-ea75c49d687d
2019-10-18 14:23:02,667 [grpc-default-executor-4] INFO  impl.RoleInfo (RoleInfo.java:shutdownFollowerState(121)) - ee386961-2337-4a8c-9c8d-dbca8671699a: shutdown FollowerState
2019-10-18 14:23:02,667 [grpc-default-executor-7] INFO  impl.RaftServerImpl (RaftServerImpl.java:setRole(184)) - 2d385246-963b-498d-9e2e-bc24e50fd0c7@group-8175D73357F8: changes role from  FOLLOWER to FOLLOWER at term 72 for recognizeCandidate:a7998a79-199c-44f4-b3c2-ea75c49d687d
2019-10-18 14:23:02,667 [Thread-1228] INFO  impl.FollowerState (FollowerState.java:run(117)) - ee386961-2337-4a8c-9c8d-dbca8671699a@group-8175D73357F8-FollowerState was interrupted: java.lang.InterruptedException: sleep interrupted
2019-10-18 14:23:02,667 [grpc-default-executor-4] INFO  impl.RoleInfo (RoleInfo.java:updateAndGet(143)) - ee386961-2337-4a8c-9c8d-dbca8671699a: start FollowerState
2019-10-18 14:23:02,667 [grpc-default-executor-7] INFO  impl.RoleInfo (RoleInfo.java:shutdownFollowerState(121)) - 2d385246-963b-498d-9e2e-bc24e50fd0c7: shutdown FollowerState
2019-10-18 14:23:02,668 [grpc-default-executor-7] INFO  impl.RoleInfo (RoleInfo.java:updateAndGet(143)) - 2d385246-963b-498d-9e2e-bc24e50fd0c7: start FollowerState
2019-10-18 14:23:02,668 [Thread-1227] INFO  impl.FollowerState (FollowerState.java:run(117)) - 2d385246-963b-498d-9e2e-bc24e50fd0c7@group-8175D73357F8-FollowerState was interrupted: java.lang.InterruptedException: sleep interrupted
]]></system-out>
    <system-err><![CDATA[ERROR StatusLogger No Log4j 2 configuration file found. Using default configuration (logging only errors to the console), or user programmatically provided configurations. Set system property 'log4j2.debug' to show Log4j 2 internal initialization logging. See https://logging.apache.org/log4j/2.x/manual/configuration.html for instructions on how to configure Log4j 2
Oct 18, 2019 2:21:15 PM org.apache.ratis.thirdparty.io.grpc.internal.SerializingExecutor run
SEVERE: Exception while executing runnable org.apache.ratis.thirdparty.io.grpc.internal.ServerImpl$JumpToApplicationThreadServerStreamListener$1Closed@8c66b28
org.apache.ratis.thirdparty.io.grpc.StatusRuntimeException: CANCELLED: call already cancelled
	at org.apache.ratis.thirdparty.io.grpc.Status.asRuntimeException(Status.java:517)
	at org.apache.ratis.thirdparty.io.grpc.stub.ServerCalls$ServerCallStreamObserverImpl.onCompleted(ServerCalls.java:356)
	at org.apache.ratis.grpc.server.GrpcServerProtocolService$ServerRequestStreamObserver.onError(GrpcServerProtocolService.java:121)
	at org.apache.ratis.thirdparty.io.grpc.stub.ServerCalls$StreamingServerCallHandler$StreamingServerCallListener.onCancel(ServerCalls.java:269)
	at org.apache.ratis.thirdparty.io.grpc.internal.ServerCallImpl$ServerStreamListenerImpl.closed(ServerCallImpl.java:293)
	at org.apache.ratis.thirdparty.io.grpc.internal.ServerImpl$JumpToApplicationThreadServerStreamListener$1Closed.runInContext(ServerImpl.java:741)
	at org.apache.ratis.thirdparty.io.grpc.internal.ContextRunnable.run(ContextRunnable.java:37)
	at org.apache.ratis.thirdparty.io.grpc.internal.SerializingExecutor.run(SerializingExecutor.java:123)
	at java.util.concurrent.ThreadPoolExecutor.runWorker(ThreadPoolExecutor.java:1149)
	at java.util.concurrent.ThreadPoolExecutor$Worker.run(ThreadPoolExecutor.java:624)
	at java.lang.Thread.run(Thread.java:748)

Oct 18, 2019 2:21:15 PM org.apache.ratis.thirdparty.io.grpc.internal.SerializingExecutor run
SEVERE: Exception while executing runnable org.apache.ratis.thirdparty.io.grpc.internal.ClientCallImpl$ClientStreamListenerImpl$1StreamClosed@aab5377
java.lang.NullPointerException
	at org.apache.ratis.grpc.server.GrpcLogAppender$AppendLogResponseHandler.onError(GrpcLogAppender.java:303)
	at org.apache.ratis.thirdparty.io.grpc.stub.ClientCalls$StreamObserverToCallListenerAdapter.onClose(ClientCalls.java:434)
	at org.apache.ratis.thirdparty.io.grpc.PartialForwardingClientCallListener.onClose(PartialForwardingClientCallListener.java:39)
	at org.apache.ratis.thirdparty.io.grpc.ForwardingClientCallListener.onClose(ForwardingClientCallListener.java:23)
	at org.apache.ratis.thirdparty.io.grpc.ForwardingClientCallListener$SimpleForwardingClientCallListener.onClose(ForwardingClientCallListener.java:40)
	at org.apache.ratis.thirdparty.io.grpc.internal.CensusStatsModule$StatsClientInterceptor$1$1.onClose(CensusStatsModule.java:678)
	at org.apache.ratis.thirdparty.io.grpc.PartialForwardingClientCallListener.onClose(PartialForwardingClientCallListener.java:39)
	at org.apache.ratis.thirdparty.io.grpc.ForwardingClientCallListener.onClose(ForwardingClientCallListener.java:23)
	at org.apache.ratis.thirdparty.io.grpc.ForwardingClientCallListener$SimpleForwardingClientCallListener.onClose(ForwardingClientCallListener.java:40)
	at org.apache.ratis.thirdparty.io.grpc.internal.CensusTracingModule$TracingClientInterceptor$1$1.onClose(CensusTracingModule.java:397)
	at org.apache.ratis.thirdparty.io.grpc.internal.ClientCallImpl.closeObserver(ClientCallImpl.java:459)
	at org.apache.ratis.thirdparty.io.grpc.internal.ClientCallImpl.access$300(ClientCallImpl.java:63)
	at org.apache.ratis.thirdparty.io.grpc.internal.ClientCallImpl$ClientStreamListenerImpl.close(ClientCallImpl.java:546)
	at org.apache.ratis.thirdparty.io.grpc.internal.ClientCallImpl$ClientStreamListenerImpl.access$600(ClientCallImpl.java:467)
	at org.apache.ratis.thirdparty.io.grpc.internal.ClientCallImpl$ClientStreamListenerImpl$1StreamClosed.runInContext(ClientCallImpl.java:584)
	at org.apache.ratis.thirdparty.io.grpc.internal.ContextRunnable.run(ContextRunnable.java:37)
	at org.apache.ratis.thirdparty.io.grpc.internal.SerializingExecutor.run(SerializingExecutor.java:123)
	at java.util.concurrent.ThreadPoolExecutor.runWorker(ThreadPoolExecutor.java:1149)
	at java.util.concurrent.ThreadPoolExecutor$Worker.run(ThreadPoolExecutor.java:624)
	at java.lang.Thread.run(Thread.java:748)

]]></system-err>
  </testcase>
</testsuite>