<?xml version="1.0" encoding="UTF-8"?>
<testsuite xmlns:xsi="http://www.w3.org/2001/XMLSchema-instance" xsi:noNamespaceSchemaLocation="https://maven.apache.org/surefire/maven-surefire-plugin/xsd/surefire-test-report.xsd" name="org.apache.hadoop.ozone.client.rpc.TestWatchForCommit" time="254.445" tests="5" errors="1" skipped="0" failures="1">
  <properties>
    <property name="awt.toolkit" value="sun.awt.X11.XToolkit"/>
    <property name="file.encoding.pkg" value="sun.io"/>
    <property name="java.specification.version" value="1.8"/>
    <property name="sun.cpu.isalist" value=""/>
    <property name="sun.jnu.encoding" value="UTF-8"/>
    <property name="java.class.path" value="/workdir/hadoop-ozone/integration-test/target/test-classes:/workdir/hadoop-ozone/integration-test/target/classes:/home/user/.m2/repository/org/apache/hadoop/hadoop-ozone-common/0.5.0-SNAPSHOT/hadoop-ozone-common-0.5.0-SNAPSHOT.jar:/home/user/.m2/repository/org/apache/commons/commons-compress/1.4.1/commons-compress-1.4.1.jar:/home/user/.m2/repository/org/tukaani/xz/1.0/xz-1.0.jar:/home/user/.m2/repository/org/apache/hadoop/hadoop-common/3.2.0/hadoop-common-3.2.0.jar:/home/user/.m2/repository/org/apache/hadoop/hadoop-hdfs/3.2.0/hadoop-hdfs-3.2.0.jar:/home/user/.m2/repository/org/apache/hadoop/hadoop-hdfs-client/3.2.0/hadoop-hdfs-client-3.2.0.jar:/home/user/.m2/repository/com/fasterxml/jackson/core/jackson-annotations/2.9.9/jackson-annotations-2.9.9.jar:/home/user/.m2/repository/org/apache/hadoop/hadoop-hdds-common/0.5.0-SNAPSHOT/hadoop-hdds-common-0.5.0-SNAPSHOT.jar:/home/user/.m2/repository/javax/annotation/javax.annotation-api/1.2/javax.annotation-api-1.2.jar:/home/user/.m2/repository/org/apache/ratis/ratis-server/0.5.0-201fc85-SNAPSHOT/ratis-server-0.5.0-201fc85-SNAPSHOT.jar:/home/user/.m2/repository/org/apache/ratis/ratis-thirdparty-misc/0.2.0/ratis-thirdparty-misc-0.2.0.jar:/home/user/.m2/repository/org/apache/ratis/ratis-proto/0.5.0-201fc85-SNAPSHOT/ratis-proto-0.5.0-201fc85-SNAPSHOT.jar:/home/user/.m2/repository/org/apache/ratis/ratis-common/0.5.0-201fc85-SNAPSHOT/ratis-common-0.5.0-201fc85-SNAPSHOT.jar:/home/user/.m2/repository/org/apache/ratis/ratis-client/0.5.0-201fc85-SNAPSHOT/ratis-client-0.5.0-201fc85-SNAPSHOT.jar:/home/user/.m2/repository/org/apache/ratis/ratis-metrics/0.5.0-201fc85-SNAPSHOT/ratis-metrics-0.5.0-201fc85-SNAPSHOT.jar:/home/user/.m2/repository/com/github/joshelser/dropwizard-metrics-hadoop-metrics2-reporter/0.1.2/dropwizard-metrics-hadoop-metrics2-reporter-0.1.2.jar:/home/user/.m2/repository/io/dropwizard/metrics/metrics-jvm/3.2.5/metrics-jvm-3.2.5.jar:/home/user/.m2/repository/io/dropwizard/metrics/metrics-ganglia/3.2.5/metrics-ganglia-3.2.5.jar:/home/user/.m2/repository/info/ganglia/gmetric4j/gmetric4j/1.0.7/gmetric4j-1.0.7.jar:/home/user/.m2/repository/org/apache/ratis/ratis-netty/0.5.0-201fc85-SNAPSHOT/ratis-netty-0.5.0-201fc85-SNAPSHOT.jar:/home/user/.m2/repository/org/apache/ratis/ratis-grpc/0.5.0-201fc85-SNAPSHOT/ratis-grpc-0.5.0-201fc85-SNAPSHOT.jar:/home/user/.m2/repository/org/rocksdb/rocksdbjni/6.0.1/rocksdbjni-6.0.1.jar:/home/user/.m2/repository/org/apache/logging/log4j/log4j-api/2.11.0/log4j-api-2.11.0.jar:/home/user/.m2/repository/org/apache/logging/log4j/log4j-core/2.11.0/log4j-core-2.11.0.jar:/home/user/.m2/repository/com/lmax/disruptor/3.4.2/disruptor-3.4.2.jar:/home/user/.m2/repository/org/apache/commons/commons-pool2/2.6.0/commons-pool2-2.6.0.jar:/home/user/.m2/repository/org/bouncycastle/bcpkix-jdk15on/1.60/bcpkix-jdk15on-1.60.jar:/home/user/.m2/repository/commons-validator/commons-validator/1.6/commons-validator-1.6.jar:/home/user/.m2/repository/commons-digester/commons-digester/1.8.1/commons-digester-1.8.1.jar:/home/user/.m2/repository/io/jaegertracing/jaeger-client/0.34.0/jaeger-client-0.34.0.jar:/home/user/.m2/repository/io/jaegertracing/jaeger-thrift/0.34.0/jaeger-thrift-0.34.0.jar:/home/user/.m2/repository/org/apache/thrift/libthrift/0.12.0/libthrift-0.12.0.jar:/home/user/.m2/repository/com/squareup/okhttp3/okhttp/3.9.0/okhttp-3.9.0.jar:/home/user/.m2/repository/com/squareup/okio/okio/1.13.0/okio-1.13.0.jar:/home/user/.m2/repository/io/jaegertracing/jaeger-core/0.34.0/jaeger-core-0.34.0.jar:/home/user/.m2/repository/io/jaegertracing/jaeger-tracerresolver/0.34.0/jaeger-tracerresolver-0.34.0.jar:/home/user/.m2/repository/io/opentracing/contrib/opentracing-tracerresolver/0.1.5/opentracing-tracerresolver-0.1.5.jar:/home/user/.m2/repository/io/opentracing/opentracing-util/0.31.0/opentracing-util-0.31.0.jar:/home/user/.m2/repository/io/opentracing/opentracing-api/0.31.0/opentracing-api-0.31.0.jar:/home/user/.m2/repository/io/opentracing/opentracing-noop/0.31.0/opentracing-noop-0.31.0.jar:/home/user/.m2/repository/org/apache/hadoop/hadoop-hdds-server-framework/0.5.0-SNAPSHOT/hadoop-hdds-server-framework-0.5.0-SNAPSHOT.jar:/home/user/.m2/repository/org/apache/hadoop/hadoop-hdds-container-service/0.5.0-SNAPSHOT/hadoop-hdds-container-service-0.5.0-SNAPSHOT.jar:/home/user/.m2/repository/org/apache/hadoop/hadoop-hdds-client/0.5.0-SNAPSHOT/hadoop-hdds-client-0.5.0-SNAPSHOT.jar:/home/user/.m2/repository/org/apache/hadoop/hadoop-hdds-tools/0.5.0-SNAPSHOT/hadoop-hdds-tools-0.5.0-SNAPSHOT.jar:/home/user/.m2/repository/org/apache/hadoop/hadoop-hdds-server-scm/0.5.0-SNAPSHOT/hadoop-hdds-server-scm-0.5.0-SNAPSHOT.jar:/home/user/.m2/repository/org/apache/hadoop/hadoop-hdds-docs/0.5.0-SNAPSHOT/hadoop-hdds-docs-0.5.0-SNAPSHOT.jar:/home/user/.m2/repository/io/dropwizard/metrics/metrics-core/3.2.4/metrics-core-3.2.4.jar:/home/user/.m2/repository/org/hamcrest/hamcrest-all/1.3/hamcrest-all-1.3.jar:/home/user/.m2/repository/org/bouncycastle/bcprov-jdk15on/1.60/bcprov-jdk15on-1.60.jar:/home/user/.m2/repository/info/picocli/picocli/3.9.6/picocli-3.9.6.jar:/home/user/.m2/repository/com/google/protobuf/protobuf-java/2.5.0/protobuf-java-2.5.0.jar:/home/user/.m2/repository/com/google/guava/guava/11.0.2/guava-11.0.2.jar:/home/user/.m2/repository/org/apache/hadoop/hadoop-ozone-ozone-manager/0.5.0-SNAPSHOT/hadoop-ozone-ozone-manager-0.5.0-SNAPSHOT.jar:/home/user/.m2/repository/org/apache/hadoop/hadoop-minikdc/3.2.0/hadoop-minikdc-3.2.0.jar:/home/user/.m2/repository/commons-io/commons-io/2.5/commons-io-2.5.jar:/home/user/.m2/repository/org/apache/kerby/kerb-simplekdc/1.0.1/kerb-simplekdc-1.0.1.jar:/home/user/.m2/repository/org/apache/kerby/kerb-client/1.0.1/kerb-client-1.0.1.jar:/home/user/.m2/repository/org/apache/kerby/kerby-config/1.0.1/kerby-config-1.0.1.jar:/home/user/.m2/repository/org/apache/kerby/kerb-core/1.0.1/kerb-core-1.0.1.jar:/home/user/.m2/repository/org/apache/kerby/kerby-pkix/1.0.1/kerby-pkix-1.0.1.jar:/home/user/.m2/repository/org/apache/kerby/kerby-asn1/1.0.1/kerby-asn1-1.0.1.jar:/home/user/.m2/repository/org/apache/kerby/kerby-util/1.0.1/kerby-util-1.0.1.jar:/home/user/.m2/repository/org/apache/kerby/kerb-common/1.0.1/kerb-common-1.0.1.jar:/home/user/.m2/repository/org/apache/kerby/kerb-crypto/1.0.1/kerb-crypto-1.0.1.jar:/home/user/.m2/repository/org/apache/kerby/kerb-util/1.0.1/kerb-util-1.0.1.jar:/home/user/.m2/repository/org/apache/kerby/token-provider/1.0.1/token-provider-1.0.1.jar:/home/user/.m2/repository/org/apache/kerby/kerb-admin/1.0.1/kerb-admin-1.0.1.jar:/home/user/.m2/repository/org/apache/kerby/kerb-server/1.0.1/kerb-server-1.0.1.jar:/home/user/.m2/repository/org/apache/kerby/kerb-identity/1.0.1/kerb-identity-1.0.1.jar:/home/user/.m2/repository/org/apache/kerby/kerby-xdr/1.0.1/kerby-xdr-1.0.1.jar:/home/user/.m2/repository/org/slf4j/slf4j-log4j12/1.7.25/slf4j-log4j12-1.7.25.jar:/home/user/.m2/repository/org/apache/hadoop/hadoop-ozone-s3gateway/0.5.0-SNAPSHOT/hadoop-ozone-s3gateway-0.5.0-SNAPSHOT.jar:/home/user/.m2/repository/org/jboss/weld/servlet/weld-servlet/2.4.7.Final/weld-servlet-2.4.7.Final.jar:/home/user/.m2/repository/org/glassfish/jersey/containers/jersey-container-servlet-core/2.27/jersey-container-servlet-core-2.27.jar:/home/user/.m2/repository/org/glassfish/hk2/external/javax.inject/2.5.0-b42/javax.inject-2.5.0-b42.jar:/home/user/.m2/repository/org/glassfish/jersey/core/jersey-common/2.27/jersey-common-2.27.jar:/home/user/.m2/repository/org/glassfish/hk2/osgi-resource-locator/1.0.1/osgi-resource-locator-1.0.1.jar:/home/user/.m2/repository/javax/ws/rs/javax.ws.rs-api/2.1/javax.ws.rs-api-2.1.jar:/home/user/.m2/repository/org/glassfish/jersey/ext/cdi/jersey-cdi1x/2.27/jersey-cdi1x-2.27.jar:/home/user/.m2/repository/org/glassfish/jersey/inject/jersey-hk2/2.27/jersey-hk2-2.27.jar:/home/user/.m2/repository/org/glassfish/hk2/hk2-locator/2.5.0-b42/hk2-locator-2.5.0-b42.jar:/home/user/.m2/repository/org/javassist/javassist/3.22.0-CR2/javassist-3.22.0-CR2.jar:/home/user/.m2/repository/org/glassfish/hk2/hk2-api/2.5.0/hk2-api-2.5.0.jar:/home/user/.m2/repository/org/glassfish/hk2/external/jakarta.inject/2.5.0/jakarta.inject-2.5.0.jar:/home/user/.m2/repository/org/glassfish/hk2/hk2-utils/2.5.0/hk2-utils-2.5.0.jar:/home/user/.m2/repository/jakarta/annotation/jakarta.annotation-api/1.3.4/jakarta.annotation-api-1.3.4.jar:/home/user/.m2/repository/org/glassfish/hk2/external/aopalliance-repackaged/2.5.0/aopalliance-repackaged-2.5.0.jar:/home/user/.m2/repository/com/fasterxml/jackson/dataformat/jackson-dataformat-xml/2.9.0/jackson-dataformat-xml-2.9.0.jar:/home/user/.m2/repository/com/fasterxml/jackson/core/jackson-core/2.9.9/jackson-core-2.9.9.jar:/home/user/.m2/repository/com/fasterxml/jackson/module/jackson-module-jaxb-annotations/2.9.9/jackson-module-jaxb-annotations-2.9.9.jar:/home/user/.m2/repository/javax/enterprise/cdi-api/1.2/cdi-api-1.2.jar:/home/user/.m2/repository/javax/el/javax.el-api/3.0.0/javax.el-api-3.0.0.jar:/home/user/.m2/repository/javax/interceptor/javax.interceptor-api/1.2/javax.interceptor-api-1.2.jar:/home/user/.m2/repository/javax/inject/javax.inject/1/javax.inject-1.jar:/home/user/.m2/repository/com/sun/xml/bind/jaxb-impl/2.3.0.1/jaxb-impl-2.3.0.1.jar:/home/user/.m2/repository/com/sun/xml/bind/jaxb-core/2.3.0.1/jaxb-core-2.3.0.1.jar:/home/user/.m2/repository/javax/xml/bind/jaxb-api/2.3.0/jaxb-api-2.3.0.jar:/home/user/.m2/repository/javax/activation/activation/1.1.1/activation-1.1.1.jar:/home/user/.m2/repository/org/apache/hadoop/hadoop-ozone-csi/0.5.0-SNAPSHOT/hadoop-ozone-csi-0.5.0-SNAPSHOT.jar:/home/user/.m2/repository/com/google/protobuf/protobuf-java-util/3.5.1/protobuf-java-util-3.5.1.jar:/home/user/.m2/repository/org/apache/hadoop/hadoop-hdds-config/0.5.0-SNAPSHOT/hadoop-hdds-config-0.5.0-SNAPSHOT.jar:/home/user/.m2/repository/io/grpc/grpc-netty/1.17.1/grpc-netty-1.17.1.jar:/home/user/.m2/repository/io/grpc/grpc-core/1.17.1/grpc-core-1.17.1.jar:/home/user/.m2/repository/io/grpc/grpc-context/1.17.1/grpc-context-1.17.1.jar:/home/user/.m2/repository/com/google/errorprone/error_prone_annotations/2.2.0/error_prone_annotations-2.2.0.jar:/home/user/.m2/repository/org/codehaus/mojo/animal-sniffer-annotations/1.17/animal-sniffer-annotations-1.17.jar:/home/user/.m2/repository/io/opencensus/opencensus-api/0.17.0/opencensus-api-0.17.0.jar:/home/user/.m2/repository/io/opencensus/opencensus-contrib-grpc-metrics/0.17.0/opencensus-contrib-grpc-metrics-0.17.0.jar:/home/user/.m2/repository/io/netty/netty-codec-http2/4.1.30.Final/netty-codec-http2-4.1.30.Final.jar:/home/user/.m2/repository/io/netty/netty-codec-http/4.1.30.Final/netty-codec-http-4.1.30.Final.jar:/home/user/.m2/repository/io/netty/netty-codec/4.1.30.Final/netty-codec-4.1.30.Final.jar:/home/user/.m2/repository/io/netty/netty-handler/4.1.30.Final/netty-handler-4.1.30.Final.jar:/home/user/.m2/repository/io/netty/netty-handler-proxy/4.1.30.Final/netty-handler-proxy-4.1.30.Final.jar:/home/user/.m2/repository/io/netty/netty-codec-socks/4.1.30.Final/netty-codec-socks-4.1.30.Final.jar:/home/user/.m2/repository/io/netty/netty-transport-native-epoll/4.1.30.Final/netty-transport-native-epoll-4.1.30.Final.jar:/home/user/.m2/repository/io/netty/netty-common/4.1.30.Final/netty-common-4.1.30.Final.jar:/home/user/.m2/repository/io/netty/netty-buffer/4.1.30.Final/netty-buffer-4.1.30.Final.jar:/home/user/.m2/repository/io/netty/netty-transport/4.1.30.Final/netty-transport-4.1.30.Final.jar:/home/user/.m2/repository/io/netty/netty-resolver/4.1.30.Final/netty-resolver-4.1.30.Final.jar:/home/user/.m2/repository/io/netty/netty-transport-native-unix-common/4.1.30.Final/netty-transport-native-unix-common-4.1.30.Final.jar:/home/user/.m2/repository/io/grpc/grpc-protobuf/1.17.1/grpc-protobuf-1.17.1.jar:/home/user/.m2/repository/com/google/api/grpc/proto-google-common-protos/1.0.0/proto-google-common-protos-1.0.0.jar:/home/user/.m2/repository/io/grpc/grpc-protobuf-lite/1.17.1/grpc-protobuf-lite-1.17.1.jar:/home/user/.m2/repository/io/grpc/grpc-stub/1.17.1/grpc-stub-1.17.1.jar:/home/user/.m2/repository/org/apache/hadoop/hadoop-ozone-recon/0.5.0-SNAPSHOT/hadoop-ozone-recon-0.5.0-SNAPSHOT.jar:/home/user/.m2/repository/org/apache/hadoop/hadoop-ozone-reconcodegen/0.5.0-SNAPSHOT/hadoop-ozone-reconcodegen-0.5.0-SNAPSHOT.jar:/home/user/.m2/repository/com/google/inject/extensions/guice-multibindings/4.0/guice-multibindings-4.0.jar:/home/user/.m2/repository/com/google/inject/guice/4.0/guice-4.0.jar:/home/user/.m2/repository/aopalliance/aopalliance/1.0/aopalliance-1.0.jar:/home/user/.m2/repository/com/google/inject/extensions/guice-servlet/4.0/guice-servlet-4.0.jar:/home/user/.m2/repository/org/glassfish/jersey/containers/jersey-container-servlet/2.27/jersey-container-servlet-2.27.jar:/home/user/.m2/repository/org/glassfish/hk2/guice-bridge/2.5.0/guice-bridge-2.5.0.jar:/home/user/.m2/repository/org/glassfish/jersey/core/jersey-server/2.27/jersey-server-2.27.jar:/home/user/.m2/repository/org/glassfish/jersey/core/jersey-client/2.27/jersey-client-2.27.jar:/home/user/.m2/repository/org/glassfish/jersey/media/jersey-media-jaxb/2.27/jersey-media-jaxb-2.27.jar:/home/user/.m2/repository/javax/validation/validation-api/1.1.0.Final/validation-api-1.1.0.Final.jar:/home/user/.m2/repository/org/glassfish/jersey/media/jersey-media-json-jackson/2.27/jersey-media-json-jackson-2.27.jar:/home/user/.m2/repository/org/glassfish/jersey/ext/jersey-entity-filtering/2.27/jersey-entity-filtering-2.27.jar:/home/user/.m2/repository/com/google/inject/extensions/guice-assistedinject/4.0/guice-assistedinject-4.0.jar:/home/user/.m2/repository/org/jooq/jooq/3.11.10/jooq-3.11.10.jar:/home/user/.m2/repository/org/jooq/jooq-meta/3.11.10/jooq-meta-3.11.10.jar:/home/user/.m2/repository/org/jooq/jooq-codegen/3.11.10/jooq-codegen-3.11.10.jar:/home/user/.m2/repository/com/jolbox/bonecp/0.8.0.RELEASE/bonecp-0.8.0.RELEASE.jar:/home/user/.m2/repository/org/xerial/sqlite-jdbc/3.25.2/sqlite-jdbc-3.25.2.jar:/home/user/.m2/repository/org/springframework/spring-jdbc/5.1.3.RELEASE/spring-jdbc-5.1.3.RELEASE.jar:/home/user/.m2/repository/org/springframework/spring-beans/5.1.3.RELEASE/spring-beans-5.1.3.RELEASE.jar:/home/user/.m2/repository/org/springframework/spring-core/5.1.3.RELEASE/spring-core-5.1.3.RELEASE.jar:/home/user/.m2/repository/org/springframework/spring-jcl/5.1.3.RELEASE/spring-jcl-5.1.3.RELEASE.jar:/home/user/.m2/repository/org/springframework/spring-tx/5.1.3.RELEASE/spring-tx-5.1.3.RELEASE.jar:/home/user/.m2/repository/org/apache/hadoop/hadoop-ozone-client/0.5.0-SNAPSHOT/hadoop-ozone-client-0.5.0-SNAPSHOT.jar:/home/user/.m2/repository/commons-lang/commons-lang/2.6/commons-lang-2.6.jar:/home/user/.m2/repository/org/apache/hadoop/hadoop-ozone-ozone-manager/0.5.0-SNAPSHOT/hadoop-ozone-ozone-manager-0.5.0-SNAPSHOT-tests.jar:/home/user/.m2/repository/junit/junit/4.11/junit-4.11.jar:/home/user/.m2/repository/org/hamcrest/hamcrest-core/1.3/hamcrest-core-1.3.jar:/home/user/.m2/repository/org/openjdk/jmh/jmh-core/1.19/jmh-core-1.19.jar:/home/user/.m2/repository/net/sf/jopt-simple/jopt-simple/4.6/jopt-simple-4.6.jar:/home/user/.m2/repository/org/apache/commons/commons-math3/3.1.1/commons-math3-3.1.1.jar:/home/user/.m2/repository/org/openjdk/jmh/jmh-generator-annprocess/1.19/jmh-generator-annprocess-1.19.jar:/home/user/.m2/repository/org/mockito/mockito-all/1.8.5/mockito-all-1.8.5.jar:/home/user/.m2/repository/org/apache/hadoop/hadoop-kms/3.2.0/hadoop-kms-3.2.0.jar:/home/user/.m2/repository/org/apache/hadoop/hadoop-auth/3.2.0/hadoop-auth-3.2.0.jar:/home/user/.m2/repository/com/nimbusds/nimbus-jose-jwt/4.41.1/nimbus-jose-jwt-4.41.1.jar:/home/user/.m2/repository/com/github/stephenc/jcip/jcip-annotations/1.0-1/jcip-annotations-1.0-1.jar:/home/user/.m2/repository/net/minidev/json-smart/2.3/json-smart-2.3.jar:/home/user/.m2/repository/net/minidev/accessors-smart/1.2/accessors-smart-1.2.jar:/home/user/.m2/repository/org/ow2/asm/asm/5.0.4/asm-5.0.4.jar:/home/user/.m2/repository/org/apache/curator/curator-framework/2.12.0/curator-framework-2.12.0.jar:/home/user/.m2/repository/com/sun/jersey/jersey-core/1.19/jersey-core-1.19.jar:/home/user/.m2/repository/javax/ws/rs/jsr311-api/1.1.1/jsr311-api-1.1.1.jar:/home/user/.m2/repository/com/sun/jersey/jersey-server/1.19/jersey-server-1.19.jar:/home/user/.m2/repository/javax/servlet/javax.servlet-api/3.1.0/javax.servlet-api-3.1.0.jar:/home/user/.m2/repository/org/eclipse/jetty/jetty-server/9.3.25.v20180904/jetty-server-9.3.25.v20180904.jar:/home/user/.m2/repository/org/eclipse/jetty/jetty-http/9.3.25.v20180904/jetty-http-9.3.25.v20180904.jar:/home/user/.m2/repository/org/eclipse/jetty/jetty-io/9.3.25.v20180904/jetty-io-9.3.25.v20180904.jar:/home/user/.m2/repository/org/eclipse/jetty/jetty-webapp/9.3.25.v20180904/jetty-webapp-9.3.25.v20180904.jar:/home/user/.m2/repository/org/eclipse/jetty/jetty-xml/9.3.25.v20180904/jetty-xml-9.3.25.v20180904.jar:/home/user/.m2/repository/log4j/log4j/1.2.17/log4j-1.2.17.jar:/home/user/.m2/repository/org/slf4j/slf4j-api/1.7.25/slf4j-api-1.7.25.jar:/home/user/.m2/repository/org/slf4j/jul-to-slf4j/1.7.25/jul-to-slf4j-1.7.25.jar:/home/user/.m2/repository/org/eclipse/jetty/jetty-util/9.3.25.v20180904/jetty-util-9.3.25.v20180904.jar:/home/user/.m2/repository/com/fasterxml/jackson/core/jackson-databind/2.9.9/jackson-databind-2.9.9.jar:/home/user/.m2/repository/org/apache/hadoop/hadoop-kms/3.2.0/hadoop-kms-3.2.0-tests.jar:/home/user/.m2/repository/org/apache/hadoop/hadoop-hdds-server-scm/0.5.0-SNAPSHOT/hadoop-hdds-server-scm-0.5.0-SNAPSHOT-tests.jar:/home/user/.m2/repository/org/apache/hadoop/hadoop-hdds-container-service/0.5.0-SNAPSHOT/hadoop-hdds-container-service-0.5.0-SNAPSHOT-tests.jar:/home/user/.m2/repository/org/yaml/snakeyaml/1.16/snakeyaml-1.16.jar:/home/user/.m2/repository/org/apache/hadoop/hadoop-common/3.2.0/hadoop-common-3.2.0-tests.jar:/home/user/.m2/repository/org/apache/hadoop/hadoop-annotations/3.2.0/hadoop-annotations-3.2.0.jar:/usr/lib/jvm/java-1.8-openjdk/jre/../lib/tools.jar:/home/user/.m2/repository/commons-cli/commons-cli/1.2/commons-cli-1.2.jar:/home/user/.m2/repository/org/apache/httpcomponents/httpclient/4.5.2/httpclient-4.5.2.jar:/home/user/.m2/repository/org/apache/httpcomponents/httpcore/4.4.4/httpcore-4.4.4.jar:/home/user/.m2/repository/commons-codec/commons-codec/1.11/commons-codec-1.11.jar:/home/user/.m2/repository/commons-net/commons-net/3.6/commons-net-3.6.jar:/home/user/.m2/repository/commons-collections/commons-collections/3.2.2/commons-collections-3.2.2.jar:/home/user/.m2/repository/org/eclipse/jetty/jetty-servlet/9.3.25.v20180904/jetty-servlet-9.3.25.v20180904.jar:/home/user/.m2/repository/org/eclipse/jetty/jetty-security/9.3.25.v20180904/jetty-security-9.3.25.v20180904.jar:/home/user/.m2/repository/javax/servlet/jsp/jsp-api/2.1/jsp-api-2.1.jar:/home/user/.m2/repository/com/sun/jersey/jersey-servlet/1.19/jersey-servlet-1.19.jar:/home/user/.m2/repository/com/sun/jersey/jersey-json/1.19/jersey-json-1.19.jar:/home/user/.m2/repository/org/codehaus/jettison/jettison/1.1/jettison-1.1.jar:/home/user/.m2/repository/org/codehaus/jackson/jackson-core-asl/1.9.13/jackson-core-asl-1.9.13.jar:/home/user/.m2/repository/org/codehaus/jackson/jackson-mapper-asl/1.9.13/jackson-mapper-asl-1.9.13.jar:/home/user/.m2/repository/org/codehaus/jackson/jackson-jaxrs/1.9.13/jackson-jaxrs-1.9.13.jar:/home/user/.m2/repository/org/codehaus/jackson/jackson-xc/1.9.13/jackson-xc-1.9.13.jar:/home/user/.m2/repository/commons-logging/commons-logging/1.1.3/commons-logging-1.1.3.jar:/home/user/.m2/repository/commons-beanutils/commons-beanutils/1.9.4/commons-beanutils-1.9.4.jar:/home/user/.m2/repository/org/apache/commons/commons-configuration2/2.1.1/commons-configuration2-2.1.1.jar:/home/user/.m2/repository/org/apache/commons/commons-lang3/3.7/commons-lang3-3.7.jar:/home/user/.m2/repository/org/apache/commons/commons-text/1.4/commons-text-1.4.jar:/home/user/.m2/repository/org/apache/avro/avro/1.7.7/avro-1.7.7.jar:/home/user/.m2/repository/com/thoughtworks/paranamer/paranamer/2.3/paranamer-2.3.jar:/home/user/.m2/repository/org/xerial/snappy/snappy-java/1.0.5/snappy-java-1.0.5.jar:/home/user/.m2/repository/com/google/re2j/re2j/1.1/re2j-1.1.jar:/home/user/.m2/repository/com/google/code/gson/gson/2.2.4/gson-2.2.4.jar:/home/user/.m2/repository/com/jcraft/jsch/0.1.54/jsch-0.1.54.jar:/home/user/.m2/repository/org/apache/curator/curator-client/2.12.0/curator-client-2.12.0.jar:/home/user/.m2/repository/org/apache/curator/curator-recipes/2.12.0/curator-recipes-2.12.0.jar:/home/user/.m2/repository/com/google/code/findbugs/jsr305/3.0.0/jsr305-3.0.0.jar:/home/user/.m2/repository/org/apache/htrace/htrace-core4/4.1.0-incubating/htrace-core4-4.1.0-incubating.jar:/home/user/.m2/repository/org/apache/zookeeper/zookeeper/3.4.13/zookeeper-3.4.13.jar:/home/user/.m2/repository/jline/jline/0.9.94/jline-0.9.94.jar:/home/user/.m2/repository/org/apache/yetus/audience-annotations/0.5.0/audience-annotations-0.5.0.jar:/home/user/.m2/repository/org/codehaus/woodstox/stax2-api/3.1.4/stax2-api-3.1.4.jar:/home/user/.m2/repository/com/fasterxml/woodstox/woodstox-core/5.0.3/woodstox-core-5.0.3.jar:/home/user/.m2/repository/dnsjava/dnsjava/2.1.7/dnsjava-2.1.7.jar:/home/user/.m2/repository/org/apache/hadoop/hadoop-hdfs/3.2.0/hadoop-hdfs-3.2.0-tests.jar:/home/user/.m2/repository/org/eclipse/jetty/jetty-util-ajax/9.3.25.v20180904/jetty-util-ajax-9.3.25.v20180904.jar:/home/user/.m2/repository/commons-daemon/commons-daemon/1.0.13/commons-daemon-1.0.13.jar:/home/user/.m2/repository/io/netty/netty/3.10.5.Final/netty-3.10.5.Final.jar:/home/user/.m2/repository/io/netty/netty-all/4.0.52.Final/netty-all-4.0.52.Final.jar:/home/user/.m2/repository/org/fusesource/leveldbjni/leveldbjni-all/1.8/leveldbjni-all-1.8.jar:"/>
    <property name="java.vm.vendor" value="IcedTea"/>
    <property name="sun.arch.data.model" value="64"/>
    <property name="test.build.dir" value="/workdir/hadoop-ozone/integration-test/target/test-dir"/>
    <property name="test.cache.data" value=""/>
    <property name="java.vendor.url" value="https://icedtea.classpath.org"/>
    <property name="user.timezone" value=""/>
    <property name="java.vm.specification.version" value="1.8"/>
    <property name="os.name" value="Linux"/>
    <property name="test.build.data" value="/workdir/hadoop-ozone/integration-test/target/test-dir"/>
    <property name="user.country" value="US"/>
    <property name="sun.java.launcher" value="SUN_STANDARD"/>
    <property name="sun.boot.library.path" value="/usr/lib/jvm/java-1.8-openjdk/jre/lib/amd64"/>
    <property name="sun.java.command" value="/workdir/hadoop-ozone/integration-test/target/surefire/surefirebooter3545256810644094484.jar /workdir/hadoop-ozone/integration-test/target/surefire 2019-10-04T20-08-14_794-jvmRun1 surefire695700526916064259tmp surefire_766518023140651624115tmp"/>
    <property name="test" value="!TestMiniChaosOzoneCluster"/>
    <property name="surefire.test.class.path" value="/workdir/hadoop-ozone/integration-test/target/test-classes:/workdir/hadoop-ozone/integration-test/target/classes:/home/user/.m2/repository/org/apache/hadoop/hadoop-ozone-common/0.5.0-SNAPSHOT/hadoop-ozone-common-0.5.0-SNAPSHOT.jar:/home/user/.m2/repository/org/apache/commons/commons-compress/1.4.1/commons-compress-1.4.1.jar:/home/user/.m2/repository/org/tukaani/xz/1.0/xz-1.0.jar:/home/user/.m2/repository/org/apache/hadoop/hadoop-common/3.2.0/hadoop-common-3.2.0.jar:/home/user/.m2/repository/org/apache/hadoop/hadoop-hdfs/3.2.0/hadoop-hdfs-3.2.0.jar:/home/user/.m2/repository/org/apache/hadoop/hadoop-hdfs-client/3.2.0/hadoop-hdfs-client-3.2.0.jar:/home/user/.m2/repository/com/fasterxml/jackson/core/jackson-annotations/2.9.9/jackson-annotations-2.9.9.jar:/home/user/.m2/repository/org/apache/hadoop/hadoop-hdds-common/0.5.0-SNAPSHOT/hadoop-hdds-common-0.5.0-SNAPSHOT.jar:/home/user/.m2/repository/javax/annotation/javax.annotation-api/1.2/javax.annotation-api-1.2.jar:/home/user/.m2/repository/org/apache/ratis/ratis-server/0.5.0-201fc85-SNAPSHOT/ratis-server-0.5.0-201fc85-SNAPSHOT.jar:/home/user/.m2/repository/org/apache/ratis/ratis-thirdparty-misc/0.2.0/ratis-thirdparty-misc-0.2.0.jar:/home/user/.m2/repository/org/apache/ratis/ratis-proto/0.5.0-201fc85-SNAPSHOT/ratis-proto-0.5.0-201fc85-SNAPSHOT.jar:/home/user/.m2/repository/org/apache/ratis/ratis-common/0.5.0-201fc85-SNAPSHOT/ratis-common-0.5.0-201fc85-SNAPSHOT.jar:/home/user/.m2/repository/org/apache/ratis/ratis-client/0.5.0-201fc85-SNAPSHOT/ratis-client-0.5.0-201fc85-SNAPSHOT.jar:/home/user/.m2/repository/org/apache/ratis/ratis-metrics/0.5.0-201fc85-SNAPSHOT/ratis-metrics-0.5.0-201fc85-SNAPSHOT.jar:/home/user/.m2/repository/com/github/joshelser/dropwizard-metrics-hadoop-metrics2-reporter/0.1.2/dropwizard-metrics-hadoop-metrics2-reporter-0.1.2.jar:/home/user/.m2/repository/io/dropwizard/metrics/metrics-jvm/3.2.5/metrics-jvm-3.2.5.jar:/home/user/.m2/repository/io/dropwizard/metrics/metrics-ganglia/3.2.5/metrics-ganglia-3.2.5.jar:/home/user/.m2/repository/info/ganglia/gmetric4j/gmetric4j/1.0.7/gmetric4j-1.0.7.jar:/home/user/.m2/repository/org/apache/ratis/ratis-netty/0.5.0-201fc85-SNAPSHOT/ratis-netty-0.5.0-201fc85-SNAPSHOT.jar:/home/user/.m2/repository/org/apache/ratis/ratis-grpc/0.5.0-201fc85-SNAPSHOT/ratis-grpc-0.5.0-201fc85-SNAPSHOT.jar:/home/user/.m2/repository/org/rocksdb/rocksdbjni/6.0.1/rocksdbjni-6.0.1.jar:/home/user/.m2/repository/org/apache/logging/log4j/log4j-api/2.11.0/log4j-api-2.11.0.jar:/home/user/.m2/repository/org/apache/logging/log4j/log4j-core/2.11.0/log4j-core-2.11.0.jar:/home/user/.m2/repository/com/lmax/disruptor/3.4.2/disruptor-3.4.2.jar:/home/user/.m2/repository/org/apache/commons/commons-pool2/2.6.0/commons-pool2-2.6.0.jar:/home/user/.m2/repository/org/bouncycastle/bcpkix-jdk15on/1.60/bcpkix-jdk15on-1.60.jar:/home/user/.m2/repository/commons-validator/commons-validator/1.6/commons-validator-1.6.jar:/home/user/.m2/repository/commons-digester/commons-digester/1.8.1/commons-digester-1.8.1.jar:/home/user/.m2/repository/io/jaegertracing/jaeger-client/0.34.0/jaeger-client-0.34.0.jar:/home/user/.m2/repository/io/jaegertracing/jaeger-thrift/0.34.0/jaeger-thrift-0.34.0.jar:/home/user/.m2/repository/org/apache/thrift/libthrift/0.12.0/libthrift-0.12.0.jar:/home/user/.m2/repository/com/squareup/okhttp3/okhttp/3.9.0/okhttp-3.9.0.jar:/home/user/.m2/repository/com/squareup/okio/okio/1.13.0/okio-1.13.0.jar:/home/user/.m2/repository/io/jaegertracing/jaeger-core/0.34.0/jaeger-core-0.34.0.jar:/home/user/.m2/repository/io/jaegertracing/jaeger-tracerresolver/0.34.0/jaeger-tracerresolver-0.34.0.jar:/home/user/.m2/repository/io/opentracing/contrib/opentracing-tracerresolver/0.1.5/opentracing-tracerresolver-0.1.5.jar:/home/user/.m2/repository/io/opentracing/opentracing-util/0.31.0/opentracing-util-0.31.0.jar:/home/user/.m2/repository/io/opentracing/opentracing-api/0.31.0/opentracing-api-0.31.0.jar:/home/user/.m2/repository/io/opentracing/opentracing-noop/0.31.0/opentracing-noop-0.31.0.jar:/home/user/.m2/repository/org/apache/hadoop/hadoop-hdds-server-framework/0.5.0-SNAPSHOT/hadoop-hdds-server-framework-0.5.0-SNAPSHOT.jar:/home/user/.m2/repository/org/apache/hadoop/hadoop-hdds-container-service/0.5.0-SNAPSHOT/hadoop-hdds-container-service-0.5.0-SNAPSHOT.jar:/home/user/.m2/repository/org/apache/hadoop/hadoop-hdds-client/0.5.0-SNAPSHOT/hadoop-hdds-client-0.5.0-SNAPSHOT.jar:/home/user/.m2/repository/org/apache/hadoop/hadoop-hdds-tools/0.5.0-SNAPSHOT/hadoop-hdds-tools-0.5.0-SNAPSHOT.jar:/home/user/.m2/repository/org/apache/hadoop/hadoop-hdds-server-scm/0.5.0-SNAPSHOT/hadoop-hdds-server-scm-0.5.0-SNAPSHOT.jar:/home/user/.m2/repository/org/apache/hadoop/hadoop-hdds-docs/0.5.0-SNAPSHOT/hadoop-hdds-docs-0.5.0-SNAPSHOT.jar:/home/user/.m2/repository/io/dropwizard/metrics/metrics-core/3.2.4/metrics-core-3.2.4.jar:/home/user/.m2/repository/org/hamcrest/hamcrest-all/1.3/hamcrest-all-1.3.jar:/home/user/.m2/repository/org/bouncycastle/bcprov-jdk15on/1.60/bcprov-jdk15on-1.60.jar:/home/user/.m2/repository/info/picocli/picocli/3.9.6/picocli-3.9.6.jar:/home/user/.m2/repository/com/google/protobuf/protobuf-java/2.5.0/protobuf-java-2.5.0.jar:/home/user/.m2/repository/com/google/guava/guava/11.0.2/guava-11.0.2.jar:/home/user/.m2/repository/org/apache/hadoop/hadoop-ozone-ozone-manager/0.5.0-SNAPSHOT/hadoop-ozone-ozone-manager-0.5.0-SNAPSHOT.jar:/home/user/.m2/repository/org/apache/hadoop/hadoop-minikdc/3.2.0/hadoop-minikdc-3.2.0.jar:/home/user/.m2/repository/commons-io/commons-io/2.5/commons-io-2.5.jar:/home/user/.m2/repository/org/apache/kerby/kerb-simplekdc/1.0.1/kerb-simplekdc-1.0.1.jar:/home/user/.m2/repository/org/apache/kerby/kerb-client/1.0.1/kerb-client-1.0.1.jar:/home/user/.m2/repository/org/apache/kerby/kerby-config/1.0.1/kerby-config-1.0.1.jar:/home/user/.m2/repository/org/apache/kerby/kerb-core/1.0.1/kerb-core-1.0.1.jar:/home/user/.m2/repository/org/apache/kerby/kerby-pkix/1.0.1/kerby-pkix-1.0.1.jar:/home/user/.m2/repository/org/apache/kerby/kerby-asn1/1.0.1/kerby-asn1-1.0.1.jar:/home/user/.m2/repository/org/apache/kerby/kerby-util/1.0.1/kerby-util-1.0.1.jar:/home/user/.m2/repository/org/apache/kerby/kerb-common/1.0.1/kerb-common-1.0.1.jar:/home/user/.m2/repository/org/apache/kerby/kerb-crypto/1.0.1/kerb-crypto-1.0.1.jar:/home/user/.m2/repository/org/apache/kerby/kerb-util/1.0.1/kerb-util-1.0.1.jar:/home/user/.m2/repository/org/apache/kerby/token-provider/1.0.1/token-provider-1.0.1.jar:/home/user/.m2/repository/org/apache/kerby/kerb-admin/1.0.1/kerb-admin-1.0.1.jar:/home/user/.m2/repository/org/apache/kerby/kerb-server/1.0.1/kerb-server-1.0.1.jar:/home/user/.m2/repository/org/apache/kerby/kerb-identity/1.0.1/kerb-identity-1.0.1.jar:/home/user/.m2/repository/org/apache/kerby/kerby-xdr/1.0.1/kerby-xdr-1.0.1.jar:/home/user/.m2/repository/org/slf4j/slf4j-log4j12/1.7.25/slf4j-log4j12-1.7.25.jar:/home/user/.m2/repository/org/apache/hadoop/hadoop-ozone-s3gateway/0.5.0-SNAPSHOT/hadoop-ozone-s3gateway-0.5.0-SNAPSHOT.jar:/home/user/.m2/repository/org/jboss/weld/servlet/weld-servlet/2.4.7.Final/weld-servlet-2.4.7.Final.jar:/home/user/.m2/repository/org/glassfish/jersey/containers/jersey-container-servlet-core/2.27/jersey-container-servlet-core-2.27.jar:/home/user/.m2/repository/org/glassfish/hk2/external/javax.inject/2.5.0-b42/javax.inject-2.5.0-b42.jar:/home/user/.m2/repository/org/glassfish/jersey/core/jersey-common/2.27/jersey-common-2.27.jar:/home/user/.m2/repository/org/glassfish/hk2/osgi-resource-locator/1.0.1/osgi-resource-locator-1.0.1.jar:/home/user/.m2/repository/javax/ws/rs/javax.ws.rs-api/2.1/javax.ws.rs-api-2.1.jar:/home/user/.m2/repository/org/glassfish/jersey/ext/cdi/jersey-cdi1x/2.27/jersey-cdi1x-2.27.jar:/home/user/.m2/repository/org/glassfish/jersey/inject/jersey-hk2/2.27/jersey-hk2-2.27.jar:/home/user/.m2/repository/org/glassfish/hk2/hk2-locator/2.5.0-b42/hk2-locator-2.5.0-b42.jar:/home/user/.m2/repository/org/javassist/javassist/3.22.0-CR2/javassist-3.22.0-CR2.jar:/home/user/.m2/repository/org/glassfish/hk2/hk2-api/2.5.0/hk2-api-2.5.0.jar:/home/user/.m2/repository/org/glassfish/hk2/external/jakarta.inject/2.5.0/jakarta.inject-2.5.0.jar:/home/user/.m2/repository/org/glassfish/hk2/hk2-utils/2.5.0/hk2-utils-2.5.0.jar:/home/user/.m2/repository/jakarta/annotation/jakarta.annotation-api/1.3.4/jakarta.annotation-api-1.3.4.jar:/home/user/.m2/repository/org/glassfish/hk2/external/aopalliance-repackaged/2.5.0/aopalliance-repackaged-2.5.0.jar:/home/user/.m2/repository/com/fasterxml/jackson/dataformat/jackson-dataformat-xml/2.9.0/jackson-dataformat-xml-2.9.0.jar:/home/user/.m2/repository/com/fasterxml/jackson/core/jackson-core/2.9.9/jackson-core-2.9.9.jar:/home/user/.m2/repository/com/fasterxml/jackson/module/jackson-module-jaxb-annotations/2.9.9/jackson-module-jaxb-annotations-2.9.9.jar:/home/user/.m2/repository/javax/enterprise/cdi-api/1.2/cdi-api-1.2.jar:/home/user/.m2/repository/javax/el/javax.el-api/3.0.0/javax.el-api-3.0.0.jar:/home/user/.m2/repository/javax/interceptor/javax.interceptor-api/1.2/javax.interceptor-api-1.2.jar:/home/user/.m2/repository/javax/inject/javax.inject/1/javax.inject-1.jar:/home/user/.m2/repository/com/sun/xml/bind/jaxb-impl/2.3.0.1/jaxb-impl-2.3.0.1.jar:/home/user/.m2/repository/com/sun/xml/bind/jaxb-core/2.3.0.1/jaxb-core-2.3.0.1.jar:/home/user/.m2/repository/javax/xml/bind/jaxb-api/2.3.0/jaxb-api-2.3.0.jar:/home/user/.m2/repository/javax/activation/activation/1.1.1/activation-1.1.1.jar:/home/user/.m2/repository/org/apache/hadoop/hadoop-ozone-csi/0.5.0-SNAPSHOT/hadoop-ozone-csi-0.5.0-SNAPSHOT.jar:/home/user/.m2/repository/com/google/protobuf/protobuf-java-util/3.5.1/protobuf-java-util-3.5.1.jar:/home/user/.m2/repository/org/apache/hadoop/hadoop-hdds-config/0.5.0-SNAPSHOT/hadoop-hdds-config-0.5.0-SNAPSHOT.jar:/home/user/.m2/repository/io/grpc/grpc-netty/1.17.1/grpc-netty-1.17.1.jar:/home/user/.m2/repository/io/grpc/grpc-core/1.17.1/grpc-core-1.17.1.jar:/home/user/.m2/repository/io/grpc/grpc-context/1.17.1/grpc-context-1.17.1.jar:/home/user/.m2/repository/com/google/errorprone/error_prone_annotations/2.2.0/error_prone_annotations-2.2.0.jar:/home/user/.m2/repository/org/codehaus/mojo/animal-sniffer-annotations/1.17/animal-sniffer-annotations-1.17.jar:/home/user/.m2/repository/io/opencensus/opencensus-api/0.17.0/opencensus-api-0.17.0.jar:/home/user/.m2/repository/io/opencensus/opencensus-contrib-grpc-metrics/0.17.0/opencensus-contrib-grpc-metrics-0.17.0.jar:/home/user/.m2/repository/io/netty/netty-codec-http2/4.1.30.Final/netty-codec-http2-4.1.30.Final.jar:/home/user/.m2/repository/io/netty/netty-codec-http/4.1.30.Final/netty-codec-http-4.1.30.Final.jar:/home/user/.m2/repository/io/netty/netty-codec/4.1.30.Final/netty-codec-4.1.30.Final.jar:/home/user/.m2/repository/io/netty/netty-handler/4.1.30.Final/netty-handler-4.1.30.Final.jar:/home/user/.m2/repository/io/netty/netty-handler-proxy/4.1.30.Final/netty-handler-proxy-4.1.30.Final.jar:/home/user/.m2/repository/io/netty/netty-codec-socks/4.1.30.Final/netty-codec-socks-4.1.30.Final.jar:/home/user/.m2/repository/io/netty/netty-transport-native-epoll/4.1.30.Final/netty-transport-native-epoll-4.1.30.Final.jar:/home/user/.m2/repository/io/netty/netty-common/4.1.30.Final/netty-common-4.1.30.Final.jar:/home/user/.m2/repository/io/netty/netty-buffer/4.1.30.Final/netty-buffer-4.1.30.Final.jar:/home/user/.m2/repository/io/netty/netty-transport/4.1.30.Final/netty-transport-4.1.30.Final.jar:/home/user/.m2/repository/io/netty/netty-resolver/4.1.30.Final/netty-resolver-4.1.30.Final.jar:/home/user/.m2/repository/io/netty/netty-transport-native-unix-common/4.1.30.Final/netty-transport-native-unix-common-4.1.30.Final.jar:/home/user/.m2/repository/io/grpc/grpc-protobuf/1.17.1/grpc-protobuf-1.17.1.jar:/home/user/.m2/repository/com/google/api/grpc/proto-google-common-protos/1.0.0/proto-google-common-protos-1.0.0.jar:/home/user/.m2/repository/io/grpc/grpc-protobuf-lite/1.17.1/grpc-protobuf-lite-1.17.1.jar:/home/user/.m2/repository/io/grpc/grpc-stub/1.17.1/grpc-stub-1.17.1.jar:/home/user/.m2/repository/org/apache/hadoop/hadoop-ozone-recon/0.5.0-SNAPSHOT/hadoop-ozone-recon-0.5.0-SNAPSHOT.jar:/home/user/.m2/repository/org/apache/hadoop/hadoop-ozone-reconcodegen/0.5.0-SNAPSHOT/hadoop-ozone-reconcodegen-0.5.0-SNAPSHOT.jar:/home/user/.m2/repository/com/google/inject/extensions/guice-multibindings/4.0/guice-multibindings-4.0.jar:/home/user/.m2/repository/com/google/inject/guice/4.0/guice-4.0.jar:/home/user/.m2/repository/aopalliance/aopalliance/1.0/aopalliance-1.0.jar:/home/user/.m2/repository/com/google/inject/extensions/guice-servlet/4.0/guice-servlet-4.0.jar:/home/user/.m2/repository/org/glassfish/jersey/containers/jersey-container-servlet/2.27/jersey-container-servlet-2.27.jar:/home/user/.m2/repository/org/glassfish/hk2/guice-bridge/2.5.0/guice-bridge-2.5.0.jar:/home/user/.m2/repository/org/glassfish/jersey/core/jersey-server/2.27/jersey-server-2.27.jar:/home/user/.m2/repository/org/glassfish/jersey/core/jersey-client/2.27/jersey-client-2.27.jar:/home/user/.m2/repository/org/glassfish/jersey/media/jersey-media-jaxb/2.27/jersey-media-jaxb-2.27.jar:/home/user/.m2/repository/javax/validation/validation-api/1.1.0.Final/validation-api-1.1.0.Final.jar:/home/user/.m2/repository/org/glassfish/jersey/media/jersey-media-json-jackson/2.27/jersey-media-json-jackson-2.27.jar:/home/user/.m2/repository/org/glassfish/jersey/ext/jersey-entity-filtering/2.27/jersey-entity-filtering-2.27.jar:/home/user/.m2/repository/com/google/inject/extensions/guice-assistedinject/4.0/guice-assistedinject-4.0.jar:/home/user/.m2/repository/org/jooq/jooq/3.11.10/jooq-3.11.10.jar:/home/user/.m2/repository/org/jooq/jooq-meta/3.11.10/jooq-meta-3.11.10.jar:/home/user/.m2/repository/org/jooq/jooq-codegen/3.11.10/jooq-codegen-3.11.10.jar:/home/user/.m2/repository/com/jolbox/bonecp/0.8.0.RELEASE/bonecp-0.8.0.RELEASE.jar:/home/user/.m2/repository/org/xerial/sqlite-jdbc/3.25.2/sqlite-jdbc-3.25.2.jar:/home/user/.m2/repository/org/springframework/spring-jdbc/5.1.3.RELEASE/spring-jdbc-5.1.3.RELEASE.jar:/home/user/.m2/repository/org/springframework/spring-beans/5.1.3.RELEASE/spring-beans-5.1.3.RELEASE.jar:/home/user/.m2/repository/org/springframework/spring-core/5.1.3.RELEASE/spring-core-5.1.3.RELEASE.jar:/home/user/.m2/repository/org/springframework/spring-jcl/5.1.3.RELEASE/spring-jcl-5.1.3.RELEASE.jar:/home/user/.m2/repository/org/springframework/spring-tx/5.1.3.RELEASE/spring-tx-5.1.3.RELEASE.jar:/home/user/.m2/repository/org/apache/hadoop/hadoop-ozone-client/0.5.0-SNAPSHOT/hadoop-ozone-client-0.5.0-SNAPSHOT.jar:/home/user/.m2/repository/commons-lang/commons-lang/2.6/commons-lang-2.6.jar:/home/user/.m2/repository/org/apache/hadoop/hadoop-ozone-ozone-manager/0.5.0-SNAPSHOT/hadoop-ozone-ozone-manager-0.5.0-SNAPSHOT-tests.jar:/home/user/.m2/repository/junit/junit/4.11/junit-4.11.jar:/home/user/.m2/repository/org/hamcrest/hamcrest-core/1.3/hamcrest-core-1.3.jar:/home/user/.m2/repository/org/openjdk/jmh/jmh-core/1.19/jmh-core-1.19.jar:/home/user/.m2/repository/net/sf/jopt-simple/jopt-simple/4.6/jopt-simple-4.6.jar:/home/user/.m2/repository/org/apache/commons/commons-math3/3.1.1/commons-math3-3.1.1.jar:/home/user/.m2/repository/org/openjdk/jmh/jmh-generator-annprocess/1.19/jmh-generator-annprocess-1.19.jar:/home/user/.m2/repository/org/mockito/mockito-all/1.8.5/mockito-all-1.8.5.jar:/home/user/.m2/repository/org/apache/hadoop/hadoop-kms/3.2.0/hadoop-kms-3.2.0.jar:/home/user/.m2/repository/org/apache/hadoop/hadoop-auth/3.2.0/hadoop-auth-3.2.0.jar:/home/user/.m2/repository/com/nimbusds/nimbus-jose-jwt/4.41.1/nimbus-jose-jwt-4.41.1.jar:/home/user/.m2/repository/com/github/stephenc/jcip/jcip-annotations/1.0-1/jcip-annotations-1.0-1.jar:/home/user/.m2/repository/net/minidev/json-smart/2.3/json-smart-2.3.jar:/home/user/.m2/repository/net/minidev/accessors-smart/1.2/accessors-smart-1.2.jar:/home/user/.m2/repository/org/ow2/asm/asm/5.0.4/asm-5.0.4.jar:/home/user/.m2/repository/org/apache/curator/curator-framework/2.12.0/curator-framework-2.12.0.jar:/home/user/.m2/repository/com/sun/jersey/jersey-core/1.19/jersey-core-1.19.jar:/home/user/.m2/repository/javax/ws/rs/jsr311-api/1.1.1/jsr311-api-1.1.1.jar:/home/user/.m2/repository/com/sun/jersey/jersey-server/1.19/jersey-server-1.19.jar:/home/user/.m2/repository/javax/servlet/javax.servlet-api/3.1.0/javax.servlet-api-3.1.0.jar:/home/user/.m2/repository/org/eclipse/jetty/jetty-server/9.3.25.v20180904/jetty-server-9.3.25.v20180904.jar:/home/user/.m2/repository/org/eclipse/jetty/jetty-http/9.3.25.v20180904/jetty-http-9.3.25.v20180904.jar:/home/user/.m2/repository/org/eclipse/jetty/jetty-io/9.3.25.v20180904/jetty-io-9.3.25.v20180904.jar:/home/user/.m2/repository/org/eclipse/jetty/jetty-webapp/9.3.25.v20180904/jetty-webapp-9.3.25.v20180904.jar:/home/user/.m2/repository/org/eclipse/jetty/jetty-xml/9.3.25.v20180904/jetty-xml-9.3.25.v20180904.jar:/home/user/.m2/repository/log4j/log4j/1.2.17/log4j-1.2.17.jar:/home/user/.m2/repository/org/slf4j/slf4j-api/1.7.25/slf4j-api-1.7.25.jar:/home/user/.m2/repository/org/slf4j/jul-to-slf4j/1.7.25/jul-to-slf4j-1.7.25.jar:/home/user/.m2/repository/org/eclipse/jetty/jetty-util/9.3.25.v20180904/jetty-util-9.3.25.v20180904.jar:/home/user/.m2/repository/com/fasterxml/jackson/core/jackson-databind/2.9.9/jackson-databind-2.9.9.jar:/home/user/.m2/repository/org/apache/hadoop/hadoop-kms/3.2.0/hadoop-kms-3.2.0-tests.jar:/home/user/.m2/repository/org/apache/hadoop/hadoop-hdds-server-scm/0.5.0-SNAPSHOT/hadoop-hdds-server-scm-0.5.0-SNAPSHOT-tests.jar:/home/user/.m2/repository/org/apache/hadoop/hadoop-hdds-container-service/0.5.0-SNAPSHOT/hadoop-hdds-container-service-0.5.0-SNAPSHOT-tests.jar:/home/user/.m2/repository/org/yaml/snakeyaml/1.16/snakeyaml-1.16.jar:/home/user/.m2/repository/org/apache/hadoop/hadoop-common/3.2.0/hadoop-common-3.2.0-tests.jar:/home/user/.m2/repository/org/apache/hadoop/hadoop-annotations/3.2.0/hadoop-annotations-3.2.0.jar:/usr/lib/jvm/java-1.8-openjdk/jre/../lib/tools.jar:/home/user/.m2/repository/commons-cli/commons-cli/1.2/commons-cli-1.2.jar:/home/user/.m2/repository/org/apache/httpcomponents/httpclient/4.5.2/httpclient-4.5.2.jar:/home/user/.m2/repository/org/apache/httpcomponents/httpcore/4.4.4/httpcore-4.4.4.jar:/home/user/.m2/repository/commons-codec/commons-codec/1.11/commons-codec-1.11.jar:/home/user/.m2/repository/commons-net/commons-net/3.6/commons-net-3.6.jar:/home/user/.m2/repository/commons-collections/commons-collections/3.2.2/commons-collections-3.2.2.jar:/home/user/.m2/repository/org/eclipse/jetty/jetty-servlet/9.3.25.v20180904/jetty-servlet-9.3.25.v20180904.jar:/home/user/.m2/repository/org/eclipse/jetty/jetty-security/9.3.25.v20180904/jetty-security-9.3.25.v20180904.jar:/home/user/.m2/repository/javax/servlet/jsp/jsp-api/2.1/jsp-api-2.1.jar:/home/user/.m2/repository/com/sun/jersey/jersey-servlet/1.19/jersey-servlet-1.19.jar:/home/user/.m2/repository/com/sun/jersey/jersey-json/1.19/jersey-json-1.19.jar:/home/user/.m2/repository/org/codehaus/jettison/jettison/1.1/jettison-1.1.jar:/home/user/.m2/repository/org/codehaus/jackson/jackson-core-asl/1.9.13/jackson-core-asl-1.9.13.jar:/home/user/.m2/repository/org/codehaus/jackson/jackson-mapper-asl/1.9.13/jackson-mapper-asl-1.9.13.jar:/home/user/.m2/repository/org/codehaus/jackson/jackson-jaxrs/1.9.13/jackson-jaxrs-1.9.13.jar:/home/user/.m2/repository/org/codehaus/jackson/jackson-xc/1.9.13/jackson-xc-1.9.13.jar:/home/user/.m2/repository/commons-logging/commons-logging/1.1.3/commons-logging-1.1.3.jar:/home/user/.m2/repository/commons-beanutils/commons-beanutils/1.9.4/commons-beanutils-1.9.4.jar:/home/user/.m2/repository/org/apache/commons/commons-configuration2/2.1.1/commons-configuration2-2.1.1.jar:/home/user/.m2/repository/org/apache/commons/commons-lang3/3.7/commons-lang3-3.7.jar:/home/user/.m2/repository/org/apache/commons/commons-text/1.4/commons-text-1.4.jar:/home/user/.m2/repository/org/apache/avro/avro/1.7.7/avro-1.7.7.jar:/home/user/.m2/repository/com/thoughtworks/paranamer/paranamer/2.3/paranamer-2.3.jar:/home/user/.m2/repository/org/xerial/snappy/snappy-java/1.0.5/snappy-java-1.0.5.jar:/home/user/.m2/repository/com/google/re2j/re2j/1.1/re2j-1.1.jar:/home/user/.m2/repository/com/google/code/gson/gson/2.2.4/gson-2.2.4.jar:/home/user/.m2/repository/com/jcraft/jsch/0.1.54/jsch-0.1.54.jar:/home/user/.m2/repository/org/apache/curator/curator-client/2.12.0/curator-client-2.12.0.jar:/home/user/.m2/repository/org/apache/curator/curator-recipes/2.12.0/curator-recipes-2.12.0.jar:/home/user/.m2/repository/com/google/code/findbugs/jsr305/3.0.0/jsr305-3.0.0.jar:/home/user/.m2/repository/org/apache/htrace/htrace-core4/4.1.0-incubating/htrace-core4-4.1.0-incubating.jar:/home/user/.m2/repository/org/apache/zookeeper/zookeeper/3.4.13/zookeeper-3.4.13.jar:/home/user/.m2/repository/jline/jline/0.9.94/jline-0.9.94.jar:/home/user/.m2/repository/org/apache/yetus/audience-annotations/0.5.0/audience-annotations-0.5.0.jar:/home/user/.m2/repository/org/codehaus/woodstox/stax2-api/3.1.4/stax2-api-3.1.4.jar:/home/user/.m2/repository/com/fasterxml/woodstox/woodstox-core/5.0.3/woodstox-core-5.0.3.jar:/home/user/.m2/repository/dnsjava/dnsjava/2.1.7/dnsjava-2.1.7.jar:/home/user/.m2/repository/org/apache/hadoop/hadoop-hdfs/3.2.0/hadoop-hdfs-3.2.0-tests.jar:/home/user/.m2/repository/org/eclipse/jetty/jetty-util-ajax/9.3.25.v20180904/jetty-util-ajax-9.3.25.v20180904.jar:/home/user/.m2/repository/commons-daemon/commons-daemon/1.0.13/commons-daemon-1.0.13.jar:/home/user/.m2/repository/io/netty/netty/3.10.5.Final/netty-3.10.5.Final.jar:/home/user/.m2/repository/io/netty/netty-all/4.0.52.Final/netty-all-4.0.52.Final.jar:/home/user/.m2/repository/org/fusesource/leveldbjni/leveldbjni-all/1.8/leveldbjni-all-1.8.jar:"/>
    <property name="sun.cpu.endian" value="little"/>
    <property name="user.home" value="/home/user"/>
    <property name="user.language" value="en"/>
    <property name="java.specification.vendor" value="Oracle Corporation"/>
    <property name="java.home" value="/usr/lib/jvm/java-1.8-openjdk/jre"/>
    <property name="java.security.krb5.conf" value="/workdir/hadoop-ozone/integration-test/target/test-classes/krb5.conf"/>
    <property name="basedir" value="/workdir/hadoop-ozone/integration-test"/>
    <property name="file.separator" value="/"/>
    <property name="line.separator" value="&#10;"/>
    <property name="java.vm.specification.vendor" value="Oracle Corporation"/>
    <property name="java.specification.name" value="Java Platform API Specification"/>
    <property name="java.awt.graphicsenv" value="sun.awt.X11GraphicsEnvironment"/>
    <property name="surefire.real.class.path" value="/workdir/hadoop-ozone/integration-test/target/surefire/surefirebooter3545256810644094484.jar"/>
    <property name="hadoop.log.dir" value="/workdir/hadoop-ozone/integration-test/target/log"/>
    <property name="sun.boot.class.path" value="/usr/lib/jvm/java-1.8-openjdk/jre/lib/resources.jar:/usr/lib/jvm/java-1.8-openjdk/jre/lib/rt.jar:/usr/lib/jvm/java-1.8-openjdk/jre/lib/sunrsasign.jar:/usr/lib/jvm/java-1.8-openjdk/jre/lib/jsse.jar:/usr/lib/jvm/java-1.8-openjdk/jre/lib/jce.jar:/usr/lib/jvm/java-1.8-openjdk/jre/lib/charsets.jar:/usr/lib/jvm/java-1.8-openjdk/jre/lib/jfr.jar:/usr/lib/jvm/java-1.8-openjdk/jre/classes"/>
    <property name="sun.management.compiler" value="HotSpot 64-Bit Tiered Compilers"/>
    <property name="java.runtime.version" value="1.8.0_212-b04"/>
    <property name="java.net.preferIPv4Stack" value="true"/>
    <property name="user.name" value="jenkins1000"/>
    <property name="path.separator" value=":"/>
    <property name="java.security.egd" value="file:///dev/urandom"/>
    <property name="os.version" value="3.10.0-957.12.2.el7.x86_64"/>
    <property name="java.endorsed.dirs" value="/usr/lib/jvm/java-1.8-openjdk/jre/lib/endorsed"/>
    <property name="java.runtime.name" value="OpenJDK Runtime Environment"/>
    <property name="file.encoding" value="UTF-8"/>
    <property name="java.vm.name" value="OpenJDK 64-Bit Server VM"/>
    <property name="test.build.webapps" value=""/>
    <property name="localRepository" value="/home/user/.m2/repository"/>
    <property name="java.vendor.url.bug" value="https://icedtea.classpath.org/bugzilla"/>
    <property name="java.io.tmpdir" value="/tmp"/>
    <property name="require.test.libhadoop" value=""/>
    <property name="java.version" value="1.8.0_212"/>
    <property name="user.dir" value="/workdir/hadoop-ozone/integration-test"/>
    <property name="os.arch" value="amd64"/>
    <property name="java.vm.specification.name" value="Java Virtual Machine Specification"/>
    <property name="test.build.classes" value="/workdir/hadoop-ozone/integration-test/target/test-classes"/>
    <property name="java.awt.printerjob" value="sun.print.PSPrinterJob"/>
    <property name="sun.os.patch.level" value="unknown"/>
    <property name="hadoop.tmp.dir" value="/workdir/hadoop-ozone/integration-test/target/tmp"/>
    <property name="java.library.path" value="/usr/lib/jvm/java-1.8-openjdk/jre/lib/amd64/server:/usr/lib/jvm/java-1.8-openjdk/jre/lib/amd64:/usr/lib/jvm/java-1.8-openjdk/jre/../lib/amd64:/workdir/hadoop-ozone/integration-test/target/native/target/usr/local/lib:/workdir/hadoop-ozone/integration-test/../../hadoop-common-project/hadoop-common/target/native/target/usr/local/lib:/usr/java/packages/lib/amd64:/usr/lib64:/lib64:/lib:/usr/lib"/>
    <property name="java.vm.info" value="mixed mode"/>
    <property name="java.vendor" value="IcedTea"/>
    <property name="java.vm.version" value="25.212-b04"/>
    <property name="java.ext.dirs" value="/usr/lib/jvm/java-1.8-openjdk/jre/lib/ext:/usr/java/packages/lib/ext"/>
    <property name="sun.io.unicode.encoding" value="UnicodeLittle"/>
    <property name="java.class.version" value="52.0"/>
  </properties>
  <testcase name="testWatchForCommitWithKeyWrite" classname="org.apache.hadoop.ozone.client.rpc.TestWatchForCommit" time="85.064"/>
  <testcase name="testWatchForCommitWithSmallerTimeoutValue" classname="org.apache.hadoop.ozone.client.rpc.TestWatchForCommit" time="42.745"/>
  <testcase name="testWatchForCommitForRetryfailure" classname="org.apache.hadoop.ozone.client.rpc.TestWatchForCommit" time="66.51">
    <failure type="java.lang.AssertionError">java.lang.AssertionError
	at org.junit.Assert.fail(Assert.java:86)
	at org.junit.Assert.assertTrue(Assert.java:41)
	at org.junit.Assert.assertTrue(Assert.java:52)
	at org.apache.hadoop.ozone.client.rpc.TestWatchForCommit.testWatchForCommitForRetryfailure(TestWatchForCommit.java:348)
	at sun.reflect.NativeMethodAccessorImpl.invoke0(Native Method)
	at sun.reflect.NativeMethodAccessorImpl.invoke(NativeMethodAccessorImpl.java:62)
	at sun.reflect.DelegatingMethodAccessorImpl.invoke(DelegatingMethodAccessorImpl.java:43)
	at java.lang.reflect.Method.invoke(Method.java:498)
	at org.junit.runners.model.FrameworkMethod$1.runReflectiveCall(FrameworkMethod.java:47)
	at org.junit.internal.runners.model.ReflectiveCallable.run(ReflectiveCallable.java:12)
	at org.junit.runners.model.FrameworkMethod.invokeExplosively(FrameworkMethod.java:44)
	at org.junit.internal.runners.statements.InvokeMethod.evaluate(InvokeMethod.java:17)
	at org.junit.runners.ParentRunner.runLeaf(ParentRunner.java:271)
	at org.junit.runners.BlockJUnit4ClassRunner.runChild(BlockJUnit4ClassRunner.java:70)
	at org.junit.runners.BlockJUnit4ClassRunner.runChild(BlockJUnit4ClassRunner.java:50)
	at org.junit.runners.ParentRunner$3.run(ParentRunner.java:238)
	at org.junit.runners.ParentRunner$1.schedule(ParentRunner.java:63)
	at org.junit.runners.ParentRunner.runChildren(ParentRunner.java:236)
	at org.junit.runners.ParentRunner.access$000(ParentRunner.java:53)
	at org.junit.runners.ParentRunner$2.evaluate(ParentRunner.java:229)
	at org.junit.runners.ParentRunner.run(ParentRunner.java:309)
	at org.apache.maven.surefire.junit4.JUnit4Provider.execute(JUnit4Provider.java:365)
	at org.apache.maven.surefire.junit4.JUnit4Provider.executeWithRerun(JUnit4Provider.java:273)
	at org.apache.maven.surefire.junit4.JUnit4Provider.executeTestSet(JUnit4Provider.java:238)
	at org.apache.maven.surefire.junit4.JUnit4Provider.invoke(JUnit4Provider.java:159)
	at org.apache.maven.surefire.booter.ForkedBooter.invokeProviderInSameClassLoader(ForkedBooter.java:384)
	at org.apache.maven.surefire.booter.ForkedBooter.runSuitesInProcess(ForkedBooter.java:345)
	at org.apache.maven.surefire.booter.ForkedBooter.execute(ForkedBooter.java:126)
	at org.apache.maven.surefire.booter.ForkedBooter.main(ForkedBooter.java:418)
</failure>
    <system-out><![CDATA[2019-10-04 21:26:18,251 [main] WARN  server.ServerUtils (ServerUtils.java:getScmDbDir(145)) - ozone.scm.db.dirs is not configured. We recommend adding this setting. Falling back to ozone.metadata.dirs instead.
2019-10-04 21:26:18,266 [main] WARN  server.ServerUtils (ServerUtils.java:getScmDbDir(145)) - ozone.scm.db.dirs is not configured. We recommend adding this setting. Falling back to ozone.metadata.dirs instead.
2019-10-04 21:26:18,267 [main] WARN  server.ServerUtils (ServerUtils.java:getScmDbDir(145)) - ozone.scm.db.dirs is not configured. We recommend adding this setting. Falling back to ozone.metadata.dirs instead.
2019-10-04 21:26:18,268 [main] INFO  db.DBStoreBuilder (DBStoreBuilder.java:addTable(117)) - using custom profile for table: deletedBlocks
2019-10-04 21:26:18,268 [main] INFO  db.DBStoreBuilder (DBStoreBuilder.java:processTables(168)) - Using default column profile:DBProfile.DISK for Table:deletedBlocks
2019-10-04 21:26:18,268 [main] INFO  db.DBStoreBuilder (DBStoreBuilder.java:addTable(117)) - using custom profile for table: validCerts
2019-10-04 21:26:18,268 [main] INFO  db.DBStoreBuilder (DBStoreBuilder.java:processTables(168)) - Using default column profile:DBProfile.DISK for Table:validCerts
2019-10-04 21:26:18,268 [main] INFO  db.DBStoreBuilder (DBStoreBuilder.java:addTable(117)) - using custom profile for table: revokedCerts
2019-10-04 21:26:18,268 [main] INFO  db.DBStoreBuilder (DBStoreBuilder.java:processTables(168)) - Using default column profile:DBProfile.DISK for Table:revokedCerts
2019-10-04 21:26:18,269 [main] INFO  db.DBStoreBuilder (DBStoreBuilder.java:addTable(117)) - using custom profile for table: default
2019-10-04 21:26:18,269 [main] INFO  db.DBStoreBuilder (DBStoreBuilder.java:processTables(174)) - Using default column profile:DBProfile.DISK for Table:default
2019-10-04 21:26:18,269 [main] INFO  db.DBStoreBuilder (DBStoreBuilder.java:getDbProfile(205)) - Using default options. DBProfile.DISK
2019-10-04 21:26:18,486 [main] INFO  net.NodeSchemaLoader (NodeSchemaLoader.java:loadSchemaFromFile(125)) - Loading file from sun.misc.CompoundEnumeration@41d16cc3
2019-10-04 21:26:18,486 [main] INFO  net.NodeSchemaLoader (NodeSchemaLoader.java:loadSchema(171)) - Loading network topology layer schema file
2019-10-04 21:26:18,491 [main] WARN  server.ServerUtils (ServerUtils.java:sanitizeUserArgs(70)) - ozone.scm.stale.node.interval value = 300000 is larger than max = 100000 based on the key value of ozone.scm.heartbeat.thread.interval, reset to the max value 100000.
2019-10-04 21:26:18,491 [main] WARN  server.ServerUtils (ServerUtils.java:sanitizeUserArgs(70)) - ozone.scm.stale.node.interval value = 300000 is larger than max = 100000 based on the key value of ozone.scm.heartbeat.thread.interval, reset to the max value 100000.
2019-10-04 21:26:18,491 [main] INFO  node.SCMNodeManager (SCMNodeManager.java:<init>(116)) - Entering startup safe mode.
2019-10-04 21:26:18,492 [main] INFO  algorithms.ContainerPlacementPolicyFactory (ContainerPlacementPolicyFactory.java:getPolicy(57)) - Create container placement policy of type org.apache.hadoop.hdds.scm.container.placement.algorithms.SCMContainerPlacementRandom
2019-10-04 21:26:18,493 [main] WARN  server.ServerUtils (ServerUtils.java:getScmDbDir(145)) - ozone.scm.db.dirs is not configured. We recommend adding this setting. Falling back to ozone.metadata.dirs instead.
2019-10-04 21:26:18,561 [main] INFO  pipeline.SCMPipelineManager (SCMPipelineManager.java:initializePipelineState(132)) - No pipeline exists in current db
2019-10-04 21:26:18,561 [main] WARN  server.ServerUtils (ServerUtils.java:getScmDbDir(145)) - ozone.scm.db.dirs is not configured. We recommend adding this setting. Falling back to ozone.metadata.dirs instead.
2019-10-04 21:26:18,633 [main] WARN  events.EventQueue (EventQueue.java:fireEvent(183)) - No event handler registered for event TypedEvent{payloadType=SafeModeStatus, name='SafeModeStatus'}
2019-10-04 21:26:18,634 [main] INFO  ipc.CallQueueManager (CallQueueManager.java:<init>(84)) - Using callQueue: class java.util.concurrent.LinkedBlockingQueue, queueCapacity: 2000, scheduler: class org.apache.hadoop.ipc.DefaultRpcScheduler, ipcBackoff: false.
2019-10-04 21:26:18,635 [Socket Reader #1 for port 34893] INFO  ipc.Server (Server.java:run(1074)) - Starting Socket Reader #1 for port 34893
2019-10-04 21:26:18,637 [main] INFO  ipc.CallQueueManager (CallQueueManager.java:<init>(84)) - Using callQueue: class java.util.concurrent.LinkedBlockingQueue, queueCapacity: 2000, scheduler: class org.apache.hadoop.ipc.DefaultRpcScheduler, ipcBackoff: false.
2019-10-04 21:26:18,638 [Socket Reader #1 for port 41868] INFO  ipc.Server (Server.java:run(1074)) - Starting Socket Reader #1 for port 41868
2019-10-04 21:26:18,639 [main] INFO  ipc.CallQueueManager (CallQueueManager.java:<init>(84)) - Using callQueue: class java.util.concurrent.LinkedBlockingQueue, queueCapacity: 2000, scheduler: class org.apache.hadoop.ipc.DefaultRpcScheduler, ipcBackoff: false.
2019-10-04 21:26:18,640 [Socket Reader #1 for port 43965] INFO  ipc.Server (Server.java:run(1074)) - Starting Socket Reader #1 for port 43965
2019-10-04 21:26:18,643 [main] INFO  hdfs.DFSUtil (DFSUtil.java:httpServerTemplateForNNAndJN(1641)) - Starting Web-server for scm at: http://0.0.0.0:0
2019-10-04 21:26:18,646 [main] INFO  server.AuthenticationFilter (AuthenticationFilter.java:constructSecretProvider(240)) - Unable to initialize FileSignerSecretProvider, falling back to use random secrets.
2019-10-04 21:26:18,647 [main] WARN  http.HttpRequestLog (HttpRequestLog.java:getRequestLog(97)) - Jetty request log can only be enabled using Log4j
2019-10-04 21:26:18,649 [main] INFO  http.HttpServer2 (HttpServer2.java:addGlobalFilter(975)) - Added global filter 'safety' (class=org.apache.hadoop.http.HttpServer2$QuotingInputFilter)
2019-10-04 21:26:18,650 [main] INFO  http.HttpServer2 (HttpServer2.java:addFilter(948)) - Added filter static_user_filter (class=org.apache.hadoop.http.lib.StaticUserWebFilter$StaticUserFilter) to context scm
2019-10-04 21:26:18,650 [main] INFO  http.HttpServer2 (HttpServer2.java:addFilter(958)) - Added filter static_user_filter (class=org.apache.hadoop.http.lib.StaticUserWebFilter$StaticUserFilter) to context logs
2019-10-04 21:26:18,651 [main] INFO  http.HttpServer2 (HttpServer2.java:addFilter(958)) - Added filter static_user_filter (class=org.apache.hadoop.http.lib.StaticUserWebFilter$StaticUserFilter) to context static
2019-10-04 21:26:18,654 [main] INFO  server.StorageContainerManager (StorageContainerManager.java:start(770)) - StorageContainerLocationProtocol RPC server is listening at /0.0.0.0:43965
2019-10-04 21:26:18,656 [main] WARN  impl.MetricsConfig (MetricsConfig.java:loadFirst(134)) - Cannot locate configuration: tried hadoop-metrics2-storagecontainermanager.properties,hadoop-metrics2.properties
2019-10-04 21:26:18,658 [main] INFO  impl.MetricsSystemImpl (MetricsSystemImpl.java:startTimer(374)) - Scheduled Metric snapshot period at 10 second(s).
2019-10-04 21:26:18,658 [main] INFO  impl.MetricsSystemImpl (MetricsSystemImpl.java:start(191)) - StorageContainerManager metrics system started
2019-10-04 21:26:18,703 [main] WARN  impl.MetricsSystemImpl (MetricsSystemImpl.java:register(276)) - Sink prometheus already exists!
2019-10-04 21:26:18,704 [main] INFO  lib.Interns (Interns.java:removeEldestEntry(50)) - Metrics intern cache overflow at 2011 for MetricsSystem={MetricsSystem=MetricsInfoImpl{name=MetricsSystem, description=MetricsSystem}, MetricsSystem record=MetricsInfoImpl{name=MetricsSystem, description=MetricsSystem record}}
2019-10-04 21:26:18,742 [main] INFO  server.SCMClientProtocolServer (SCMClientProtocolServer.java:start(159)) - RPC server for Client  is listening at /0.0.0.0:43965
2019-10-04 21:26:18,743 [IPC Server Responder] INFO  ipc.Server (Server.java:run(1314)) - IPC Server Responder: starting
2019-10-04 21:26:18,743 [IPC Server listener on 43965] INFO  ipc.Server (Server.java:run(1153)) - IPC Server listener on 43965: starting
2019-10-04 21:26:18,747 [main] INFO  server.StorageContainerManager (StorageContainerManager.java:start(780)) - ScmBlockLocationProtocol RPC server is listening at /0.0.0.0:41868
2019-10-04 21:26:18,747 [main] INFO  server.SCMBlockProtocolServer (SCMBlockProtocolServer.java:start(146)) - RPC server for Block Protocol is listening at /0.0.0.0:41868
2019-10-04 21:26:18,748 [IPC Server Responder] INFO  ipc.Server (Server.java:run(1314)) - IPC Server Responder: starting
2019-10-04 21:26:18,748 [IPC Server listener on 41868] INFO  ipc.Server (Server.java:run(1153)) - IPC Server listener on 41868: starting
2019-10-04 21:26:18,752 [main] INFO  server.StorageContainerManager (StorageContainerManager.java:start(784)) - ScmDatanodeProtocl RPC server is listening at /0.0.0.0:34893
2019-10-04 21:26:18,753 [main] INFO  server.SCMDatanodeProtocolServer (SCMDatanodeProtocolServer.java:start(169)) - RPC server for DataNodes is listening at /0.0.0.0:34893
2019-10-04 21:26:18,753 [IPC Server Responder] INFO  ipc.Server (Server.java:run(1314)) - IPC Server Responder: starting
2019-10-04 21:26:18,753 [IPC Server listener on 34893] INFO  ipc.Server (Server.java:run(1153)) - IPC Server listener on 34893: starting
2019-10-04 21:26:18,757 [main] INFO  http.HttpServer2 (HttpServer2.java:bindListener(1191)) - Jetty bound to port 45255
2019-10-04 21:26:18,758 [main] INFO  server.Server (Server.java:doStart(351)) - jetty-9.3.25.v20180904, build timestamp: 2018-09-04T21:11:46Z, git hash: 3ce520221d0240229c862b122d2b06c12a625732
2019-10-04 21:26:18,760 [main] INFO  handler.ContextHandler (ContextHandler.java:doStart(781)) - Started o.e.j.s.ServletContextHandler@4816ee24{/logs,file:///workdir/hadoop-ozone/integration-test/target/log,AVAILABLE}
2019-10-04 21:26:18,760 [main] INFO  handler.ContextHandler (ContextHandler.java:doStart(781)) - Started o.e.j.s.ServletContextHandler@73613ae5{/static,file:///workdir/hadoop-ozone/integration-test/target/test-classes/webapps/static,AVAILABLE}
2019-10-04 21:26:18,764 [main] INFO  handler.ContextHandler (ContextHandler.java:doStart(781)) - Started o.e.j.w.WebAppContext@634ff56{/,file:///workdir/hadoop-ozone/integration-test/target/test-classes/webapps/scm/,AVAILABLE}{/scm}
2019-10-04 21:26:18,765 [main] INFO  server.AbstractConnector (AbstractConnector.java:doStart(278)) - Started ServerConnector@66522ead{HTTP/1.1,[http/1.1]}{0.0.0.0:45255}
2019-10-04 21:26:18,766 [main] INFO  server.Server (Server.java:doStart(419)) - Started @128746ms
2019-10-04 21:26:18,766 [main] WARN  impl.MetricsSystemImpl (MetricsSystemImpl.java:register(276)) - Sink prometheus already exists!
2019-10-04 21:26:18,767 [main] INFO  server.BaseHttpServer (BaseHttpServer.java:updateConnectorAddress(215)) - HTTP server of SCM is listening at http://0.0.0.0:45255
2019-10-04 21:26:18,767 [main] WARN  server.ServerUtils (ServerUtils.java:getDBPath(222)) - ozone.om.db.dirs is not configured. We recommend adding this setting. Falling back to ozone.metadata.dirs instead.
2019-10-04 21:26:18,768 [org.apache.hadoop.util.JvmPauseMonitor$Monitor@e91b4f4] INFO  util.JvmPauseMonitor (JvmPauseMonitor.java:run(188)) - Starting JVM pause monitor
2019-10-04 21:26:18,781 [main] INFO  ha.OMHANodeDetails (OMHANodeDetails.java:loadOMHAConfig(190)) - Configuration either no ozone.om.address set. Falling back to the default OM address /127.0.0.1:0
2019-10-04 21:26:18,781 [main] INFO  ha.OMHANodeDetails (OMHANodeDetails.java:getOMNodeDetails(220)) - OM Service ID is not set. Setting it to the default ID: omServiceIdDefault
2019-10-04 21:26:18,781 [main] WARN  server.ServerUtils (ServerUtils.java:getDBPath(222)) - ozone.om.db.dirs is not configured. We recommend adding this setting. Falling back to ozone.metadata.dirs instead.
2019-10-04 21:26:18,782 [main] WARN  server.ServerUtils (ServerUtils.java:getDBPath(222)) - ozone.om.db.dirs is not configured. We recommend adding this setting. Falling back to ozone.metadata.dirs instead.
2019-10-04 21:26:18,788 [main] WARN  server.ServerUtils (ServerUtils.java:getDBPath(222)) - ozone.om.db.dirs is not configured. We recommend adding this setting. Falling back to ozone.metadata.dirs instead.
2019-10-04 21:26:18,789 [main] INFO  db.DBStoreBuilder (DBStoreBuilder.java:addTable(117)) - using custom profile for table: userTable
2019-10-04 21:26:18,789 [main] INFO  db.DBStoreBuilder (DBStoreBuilder.java:processTables(168)) - Using default column profile:DBProfile.DISK for Table:userTable
2019-10-04 21:26:18,789 [main] INFO  db.DBStoreBuilder (DBStoreBuilder.java:addTable(117)) - using custom profile for table: volumeTable
2019-10-04 21:26:18,789 [main] INFO  db.DBStoreBuilder (DBStoreBuilder.java:processTables(168)) - Using default column profile:DBProfile.DISK for Table:volumeTable
2019-10-04 21:26:18,790 [main] INFO  db.DBStoreBuilder (DBStoreBuilder.java:addTable(117)) - using custom profile for table: bucketTable
2019-10-04 21:26:18,790 [main] INFO  db.DBStoreBuilder (DBStoreBuilder.java:processTables(168)) - Using default column profile:DBProfile.DISK for Table:bucketTable
2019-10-04 21:26:18,790 [main] INFO  db.DBStoreBuilder (DBStoreBuilder.java:addTable(117)) - using custom profile for table: keyTable
2019-10-04 21:26:18,790 [main] INFO  db.DBStoreBuilder (DBStoreBuilder.java:processTables(168)) - Using default column profile:DBProfile.DISK for Table:keyTable
2019-10-04 21:26:18,791 [main] INFO  db.DBStoreBuilder (DBStoreBuilder.java:addTable(117)) - using custom profile for table: deletedTable
2019-10-04 21:26:18,791 [main] INFO  db.DBStoreBuilder (DBStoreBuilder.java:processTables(168)) - Using default column profile:DBProfile.DISK for Table:deletedTable
2019-10-04 21:26:18,791 [main] INFO  db.DBStoreBuilder (DBStoreBuilder.java:addTable(117)) - using custom profile for table: openKeyTable
2019-10-04 21:26:18,791 [main] INFO  db.DBStoreBuilder (DBStoreBuilder.java:processTables(168)) - Using default column profile:DBProfile.DISK for Table:openKeyTable
2019-10-04 21:26:18,791 [main] INFO  db.DBStoreBuilder (DBStoreBuilder.java:addTable(117)) - using custom profile for table: s3Table
2019-10-04 21:26:18,792 [main] INFO  db.DBStoreBuilder (DBStoreBuilder.java:processTables(168)) - Using default column profile:DBProfile.DISK for Table:s3Table
2019-10-04 21:26:18,792 [main] INFO  db.DBStoreBuilder (DBStoreBuilder.java:addTable(117)) - using custom profile for table: multipartInfoTable
2019-10-04 21:26:18,792 [main] INFO  db.DBStoreBuilder (DBStoreBuilder.java:processTables(168)) - Using default column profile:DBProfile.DISK for Table:multipartInfoTable
2019-10-04 21:26:18,792 [main] INFO  db.DBStoreBuilder (DBStoreBuilder.java:addTable(117)) - using custom profile for table: dTokenTable
2019-10-04 21:26:18,793 [main] INFO  db.DBStoreBuilder (DBStoreBuilder.java:processTables(168)) - Using default column profile:DBProfile.DISK for Table:dTokenTable
2019-10-04 21:26:18,793 [main] INFO  db.DBStoreBuilder (DBStoreBuilder.java:addTable(117)) - using custom profile for table: s3SecretTable
2019-10-04 21:26:18,793 [main] INFO  db.DBStoreBuilder (DBStoreBuilder.java:processTables(168)) - Using default column profile:DBProfile.DISK for Table:s3SecretTable
2019-10-04 21:26:18,793 [main] INFO  db.DBStoreBuilder (DBStoreBuilder.java:addTable(117)) - using custom profile for table: prefixTable
2019-10-04 21:26:18,793 [main] INFO  db.DBStoreBuilder (DBStoreBuilder.java:processTables(168)) - Using default column profile:DBProfile.DISK for Table:prefixTable
2019-10-04 21:26:18,794 [main] INFO  db.DBStoreBuilder (DBStoreBuilder.java:addTable(117)) - using custom profile for table: default
2019-10-04 21:26:18,794 [main] INFO  db.DBStoreBuilder (DBStoreBuilder.java:processTables(174)) - Using default column profile:DBProfile.DISK for Table:default
2019-10-04 21:26:18,794 [main] INFO  db.DBStoreBuilder (DBStoreBuilder.java:getDbProfile(205)) - Using default options. DBProfile.DISK
2019-10-04 21:26:19,450 [main] INFO  ipc.CallQueueManager (CallQueueManager.java:<init>(84)) - Using callQueue: class java.util.concurrent.LinkedBlockingQueue, queueCapacity: 2000, scheduler: class org.apache.hadoop.ipc.DefaultRpcScheduler, ipcBackoff: false.
2019-10-04 21:26:19,451 [Socket Reader #1 for port 41416] INFO  ipc.Server (Server.java:run(1074)) - Starting Socket Reader #1 for port 41416
2019-10-04 21:26:19,463 [main] INFO  om.OzoneManager (OzoneManager.java:start(1069)) - OzoneManager RPC server is listening at localhost/127.0.0.1:41416
2019-10-04 21:26:19,463 [main] INFO  impl.MetricsSystemImpl (MetricsSystemImpl.java:init(158)) - OzoneManager metrics system started (again)
2019-10-04 21:26:19,464 [IPC Server Responder] INFO  ipc.Server (Server.java:run(1314)) - IPC Server Responder: starting
2019-10-04 21:26:19,464 [IPC Server listener on 41416] INFO  ipc.Server (Server.java:run(1153)) - IPC Server listener on 41416: starting
2019-10-04 21:26:19,468 [main] INFO  hdfs.DFSUtil (DFSUtil.java:httpServerTemplateForNNAndJN(1641)) - Starting Web-server for ozoneManager at: http://0.0.0.0:0
2019-10-04 21:26:19,470 [main] INFO  server.AuthenticationFilter (AuthenticationFilter.java:constructSecretProvider(240)) - Unable to initialize FileSignerSecretProvider, falling back to use random secrets.
2019-10-04 21:26:19,470 [main] WARN  http.HttpRequestLog (HttpRequestLog.java:getRequestLog(97)) - Jetty request log can only be enabled using Log4j
2019-10-04 21:26:19,472 [main] INFO  http.HttpServer2 (HttpServer2.java:addGlobalFilter(975)) - Added global filter 'safety' (class=org.apache.hadoop.http.HttpServer2$QuotingInputFilter)
2019-10-04 21:26:19,472 [main] INFO  http.HttpServer2 (HttpServer2.java:addFilter(948)) - Added filter static_user_filter (class=org.apache.hadoop.http.lib.StaticUserWebFilter$StaticUserFilter) to context ozoneManager
2019-10-04 21:26:19,472 [main] INFO  http.HttpServer2 (HttpServer2.java:addFilter(958)) - Added filter static_user_filter (class=org.apache.hadoop.http.lib.StaticUserWebFilter$StaticUserFilter) to context static
2019-10-04 21:26:19,472 [main] INFO  http.HttpServer2 (HttpServer2.java:addFilter(958)) - Added filter static_user_filter (class=org.apache.hadoop.http.lib.StaticUserWebFilter$StaticUserFilter) to context logs
2019-10-04 21:26:19,473 [main] INFO  http.HttpServer2 (HttpServer2.java:bindListener(1191)) - Jetty bound to port 44283
2019-10-04 21:26:19,473 [main] INFO  server.Server (Server.java:doStart(351)) - jetty-9.3.25.v20180904, build timestamp: 2018-09-04T21:11:46Z, git hash: 3ce520221d0240229c862b122d2b06c12a625732
2019-10-04 21:26:19,475 [main] INFO  handler.ContextHandler (ContextHandler.java:doStart(781)) - Started o.e.j.s.ServletContextHandler@1dcedc93{/logs,file:///workdir/hadoop-ozone/integration-test/target/log,AVAILABLE}
2019-10-04 21:26:19,475 [main] INFO  handler.ContextHandler (ContextHandler.java:doStart(781)) - Started o.e.j.s.ServletContextHandler@628b819d{/static,file:///workdir/hadoop-ozone/integration-test/target/test-classes/webapps/static,AVAILABLE}
2019-10-04 21:26:19,480 [main] INFO  handler.ContextHandler (ContextHandler.java:doStart(781)) - Started o.e.j.w.WebAppContext@7944b8b4{/,file:///workdir/hadoop-ozone/integration-test/target/test-classes/webapps/ozoneManager/,AVAILABLE}{/ozoneManager}
2019-10-04 21:26:19,480 [main] INFO  server.AbstractConnector (AbstractConnector.java:doStart(278)) - Started ServerConnector@d7bbf12{HTTP/1.1,[http/1.1]}{0.0.0.0:44283}
2019-10-04 21:26:19,481 [main] INFO  server.Server (Server.java:doStart(419)) - Started @129461ms
2019-10-04 21:26:19,481 [main] WARN  impl.MetricsSystemImpl (MetricsSystemImpl.java:register(276)) - Sink prometheus already exists!
2019-10-04 21:26:19,482 [main] INFO  server.BaseHttpServer (BaseHttpServer.java:updateConnectorAddress(215)) - HTTP server of OZONEMANAGER is listening at http://0.0.0.0:44283
2019-10-04 21:26:19,498 [main] INFO  impl.MetricsSystemImpl (MetricsSystemImpl.java:init(158)) - HddsDatanode metrics system started (again)
2019-10-04 21:26:19,501 [main] INFO  ozone.HddsDatanodeService (HddsDatanodeService.java:start(184)) - HddsDatanodeService host:pr-hdds-2239-t668n-1079239961 ip:192.168.151.72
2019-10-04 21:26:19,506 [main] INFO  volume.HddsVolume (HddsVolume.java:<init>(176)) - Creating Volume: /workdir/hadoop-ozone/integration-test/target/test-dir/MiniOzoneClusterImpl-40beb1f2-94b2-4db7-b7c7-fe5f3583899d/datanode-0/data/containers/hdds of  storage type : DISK and capacity : 1482555576320
2019-10-04 21:26:19,507 [main] INFO  volume.VolumeSet (VolumeSet.java:initializeVolumeSet(170)) - Added Volume : /workdir/hadoop-ozone/integration-test/target/test-dir/MiniOzoneClusterImpl-40beb1f2-94b2-4db7-b7c7-fe5f3583899d/datanode-0/data/containers/hdds to VolumeSet
2019-10-04 21:26:19,507 [main] INFO  volume.ThrottledAsyncChecker (ThrottledAsyncChecker.java:schedule(139)) - Scheduling a check for org.apache.hadoop.ozone.container.common.volume.HddsVolume@3becc950
2019-10-04 21:26:19,507 [main] INFO  volume.HddsVolumeChecker (HddsVolumeChecker.java:checkAllVolumes(202)) - Scheduled health check for volume org.apache.hadoop.ozone.container.common.volume.HddsVolume@3becc950
2019-10-04 21:26:19,521 [main] INFO  impl.RaftServerProxy (ConfUtils.java:logGet(43)) - raft.rpc.type = GRPC (default)
2019-10-04 21:26:19,521 [main] INFO  grpc.GrpcFactory (GrpcFactory.java:checkPooledByteBufAllocatorUseCacheForAllThreads(45)) - PERFORMANCE WARNING: useCacheForAllThreads is true that may cause Netty to create a lot garbage objects and, as a result, trigger GC.
	It is recommended to disable useCacheForAllThreads by setting -Dorg.apache.ratis.thirdparty.io.netty.allocator.useCacheForAllThreads=false in command line.
2019-10-04 21:26:19,521 [main] INFO  grpc.GrpcConfigKeys$Server (ConfUtils.java:logGet(43)) - raft.grpc.server.port = 0 (default)
2019-10-04 21:26:19,521 [main] INFO  server.GrpcService (ConfUtils.java:logGet(43)) - raft.grpc.message.size.max = 33570816 (custom)
2019-10-04 21:26:19,522 [main] INFO  server.RaftServerConfigKeys (ConfUtils.java:logGet(43)) - raft.server.log.appender.buffer.byte-limit = 33554432 (custom)
2019-10-04 21:26:19,522 [main] INFO  server.GrpcService (ConfUtils.java:logGet(43)) - raft.grpc.flow.control.window = 1MB (=1048576) (default)
2019-10-04 21:26:19,522 [main] INFO  server.RaftServerConfigKeys (ConfUtils.java:logGet(43)) - raft.server.rpc.request.timeout = 3000ms (default)
2019-10-04 21:26:19,523 [main] INFO  server.RaftServerConfigKeys (ConfUtils.java:logGet(43)) - raft.server.storage.dir = [/workdir/hadoop-ozone/integration-test/target/test-dir/MiniOzoneClusterImpl-40beb1f2-94b2-4db7-b7c7-fe5f3583899d/datanode-0/data/ratis] (custom)
2019-10-04 21:26:19,524 [main] INFO  hdfs.DFSUtil (DFSUtil.java:httpServerTemplateForNNAndJN(1641)) - Starting Web-server for hddsDatanode at: http://0.0.0.0:0
2019-10-04 21:26:19,527 [main] INFO  server.AuthenticationFilter (AuthenticationFilter.java:constructSecretProvider(240)) - Unable to initialize FileSignerSecretProvider, falling back to use random secrets.
2019-10-04 21:26:19,528 [main] WARN  http.HttpRequestLog (HttpRequestLog.java:getRequestLog(97)) - Jetty request log can only be enabled using Log4j
2019-10-04 21:26:19,529 [main] INFO  http.HttpServer2 (HttpServer2.java:addGlobalFilter(975)) - Added global filter 'safety' (class=org.apache.hadoop.http.HttpServer2$QuotingInputFilter)
2019-10-04 21:26:19,530 [main] INFO  http.HttpServer2 (HttpServer2.java:addFilter(948)) - Added filter static_user_filter (class=org.apache.hadoop.http.lib.StaticUserWebFilter$StaticUserFilter) to context hddsDatanode
2019-10-04 21:26:19,530 [main] INFO  http.HttpServer2 (HttpServer2.java:addFilter(958)) - Added filter static_user_filter (class=org.apache.hadoop.http.lib.StaticUserWebFilter$StaticUserFilter) to context static
2019-10-04 21:26:19,530 [main] INFO  http.HttpServer2 (HttpServer2.java:addFilter(958)) - Added filter static_user_filter (class=org.apache.hadoop.http.lib.StaticUserWebFilter$StaticUserFilter) to context logs
2019-10-04 21:26:19,531 [main] INFO  http.HttpServer2 (HttpServer2.java:bindListener(1191)) - Jetty bound to port 41938
2019-10-04 21:26:19,531 [main] INFO  server.Server (Server.java:doStart(351)) - jetty-9.3.25.v20180904, build timestamp: 2018-09-04T21:11:46Z, git hash: 3ce520221d0240229c862b122d2b06c12a625732
2019-10-04 21:26:19,533 [main] INFO  handler.ContextHandler (ContextHandler.java:doStart(781)) - Started o.e.j.s.ServletContextHandler@61db86bf{/logs,file:///workdir/hadoop-ozone/integration-test/target/log,AVAILABLE}
2019-10-04 21:26:19,533 [main] INFO  handler.ContextHandler (ContextHandler.java:doStart(781)) - Started o.e.j.s.ServletContextHandler@3e377967{/static,jar:file:/home/user/.m2/repository/org/apache/hadoop/hadoop-hdds-container-service/0.5.0-SNAPSHOT/hadoop-hdds-container-service-0.5.0-SNAPSHOT.jar!/webapps/static,AVAILABLE}
2019-10-04 21:26:19,568 [main] INFO  handler.ContextHandler (ContextHandler.java:doStart(781)) - Started o.e.j.w.WebAppContext@4cc65c2{/,file:///tmp/jetty-0.0.0.0-41938-hddsDatanode-_-any-6633222464001443014.dir/webapp/,AVAILABLE}{/hddsDatanode}
2019-10-04 21:26:19,569 [main] INFO  server.AbstractConnector (AbstractConnector.java:doStart(278)) - Started ServerConnector@574059d5{HTTP/1.1,[http/1.1]}{0.0.0.0:41938}
2019-10-04 21:26:19,572 [main] INFO  server.Server (Server.java:doStart(419)) - Started @129552ms
2019-10-04 21:26:19,572 [main] WARN  impl.MetricsSystemImpl (MetricsSystemImpl.java:register(276)) - Sink prometheus already exists!
2019-10-04 21:26:19,573 [main] INFO  server.BaseHttpServer (BaseHttpServer.java:updateConnectorAddress(215)) - HTTP server of HDDSDATANODE is listening at http://0.0.0.0:41938
2019-10-04 21:26:19,573 [main] INFO  impl.MetricsSystemImpl (MetricsSystemImpl.java:init(158)) - HddsDatanode metrics system started (again)
2019-10-04 21:26:19,576 [org.apache.hadoop.util.JvmPauseMonitor$Monitor@4e1ab6bb] INFO  util.JvmPauseMonitor (JvmPauseMonitor.java:run(188)) - Starting JVM pause monitor
2019-10-04 21:26:19,576 [main] INFO  ozone.HddsDatanodeService (HddsDatanodeService.java:start(184)) - HddsDatanodeService host:pr-hdds-2239-t668n-1079239961 ip:192.168.151.72
2019-10-04 21:26:19,577 [Datanode State Machine Thread - 0] INFO  datanode.InitDatanodeState (InitDatanodeState.java:persistContainerDatanodeDetails(140)) - DatanodeDetails is persisted to /workdir/hadoop-ozone/integration-test/target/test-dir/MiniOzoneClusterImpl-40beb1f2-94b2-4db7-b7c7-fe5f3583899d/datanode-0/meta/datanode.id
2019-10-04 21:26:19,582 [main] INFO  volume.HddsVolume (HddsVolume.java:<init>(176)) - Creating Volume: /workdir/hadoop-ozone/integration-test/target/test-dir/MiniOzoneClusterImpl-40beb1f2-94b2-4db7-b7c7-fe5f3583899d/datanode-1/data/containers/hdds of  storage type : DISK and capacity : 1482555576320
2019-10-04 21:26:19,583 [main] INFO  volume.VolumeSet (VolumeSet.java:initializeVolumeSet(170)) - Added Volume : /workdir/hadoop-ozone/integration-test/target/test-dir/MiniOzoneClusterImpl-40beb1f2-94b2-4db7-b7c7-fe5f3583899d/datanode-1/data/containers/hdds to VolumeSet
2019-10-04 21:26:19,583 [main] INFO  volume.ThrottledAsyncChecker (ThrottledAsyncChecker.java:schedule(139)) - Scheduling a check for org.apache.hadoop.ozone.container.common.volume.HddsVolume@4bc59b27
2019-10-04 21:26:19,584 [main] INFO  volume.HddsVolumeChecker (HddsVolumeChecker.java:checkAllVolumes(202)) - Scheduled health check for volume org.apache.hadoop.ozone.container.common.volume.HddsVolume@4bc59b27
2019-10-04 21:26:19,602 [main] INFO  impl.RaftServerProxy (ConfUtils.java:logGet(43)) - raft.rpc.type = GRPC (default)
2019-10-04 21:26:19,602 [main] INFO  grpc.GrpcFactory (GrpcFactory.java:checkPooledByteBufAllocatorUseCacheForAllThreads(45)) - PERFORMANCE WARNING: useCacheForAllThreads is true that may cause Netty to create a lot garbage objects and, as a result, trigger GC.
	It is recommended to disable useCacheForAllThreads by setting -Dorg.apache.ratis.thirdparty.io.netty.allocator.useCacheForAllThreads=false in command line.
2019-10-04 21:26:19,602 [main] INFO  grpc.GrpcConfigKeys$Server (ConfUtils.java:logGet(43)) - raft.grpc.server.port = 0 (default)
2019-10-04 21:26:19,603 [main] INFO  server.GrpcService (ConfUtils.java:logGet(43)) - raft.grpc.message.size.max = 33570816 (custom)
2019-10-04 21:26:19,603 [main] INFO  server.RaftServerConfigKeys (ConfUtils.java:logGet(43)) - raft.server.log.appender.buffer.byte-limit = 33554432 (custom)
2019-10-04 21:26:19,603 [main] INFO  server.GrpcService (ConfUtils.java:logGet(43)) - raft.grpc.flow.control.window = 1MB (=1048576) (default)
2019-10-04 21:26:19,603 [main] INFO  server.RaftServerConfigKeys (ConfUtils.java:logGet(43)) - raft.server.rpc.request.timeout = 3000ms (default)
2019-10-04 21:26:19,604 [main] INFO  server.RaftServerConfigKeys (ConfUtils.java:logGet(43)) - raft.server.storage.dir = [/workdir/hadoop-ozone/integration-test/target/test-dir/MiniOzoneClusterImpl-40beb1f2-94b2-4db7-b7c7-fe5f3583899d/datanode-1/data/ratis] (custom)
2019-10-04 21:26:19,607 [main] INFO  hdfs.DFSUtil (DFSUtil.java:httpServerTemplateForNNAndJN(1641)) - Starting Web-server for hddsDatanode at: http://0.0.0.0:0
2019-10-04 21:26:19,608 [main] INFO  server.AuthenticationFilter (AuthenticationFilter.java:constructSecretProvider(240)) - Unable to initialize FileSignerSecretProvider, falling back to use random secrets.
2019-10-04 21:26:19,609 [main] WARN  http.HttpRequestLog (HttpRequestLog.java:getRequestLog(97)) - Jetty request log can only be enabled using Log4j
2019-10-04 21:26:19,610 [main] INFO  http.HttpServer2 (HttpServer2.java:addGlobalFilter(975)) - Added global filter 'safety' (class=org.apache.hadoop.http.HttpServer2$QuotingInputFilter)
2019-10-04 21:26:19,611 [main] INFO  http.HttpServer2 (HttpServer2.java:addFilter(948)) - Added filter static_user_filter (class=org.apache.hadoop.http.lib.StaticUserWebFilter$StaticUserFilter) to context hddsDatanode
2019-10-04 21:26:19,611 [main] INFO  http.HttpServer2 (HttpServer2.java:addFilter(958)) - Added filter static_user_filter (class=org.apache.hadoop.http.lib.StaticUserWebFilter$StaticUserFilter) to context logs
2019-10-04 21:26:19,611 [main] INFO  http.HttpServer2 (HttpServer2.java:addFilter(958)) - Added filter static_user_filter (class=org.apache.hadoop.http.lib.StaticUserWebFilter$StaticUserFilter) to context static
2019-10-04 21:26:19,612 [main] INFO  http.HttpServer2 (HttpServer2.java:bindListener(1191)) - Jetty bound to port 37237
2019-10-04 21:26:19,612 [main] INFO  server.Server (Server.java:doStart(351)) - jetty-9.3.25.v20180904, build timestamp: 2018-09-04T21:11:46Z, git hash: 3ce520221d0240229c862b122d2b06c12a625732
2019-10-04 21:26:19,614 [main] INFO  handler.ContextHandler (ContextHandler.java:doStart(781)) - Started o.e.j.s.ServletContextHandler@2a8a3ada{/logs,file:///workdir/hadoop-ozone/integration-test/target/log,AVAILABLE}
2019-10-04 21:26:19,615 [main] INFO  handler.ContextHandler (ContextHandler.java:doStart(781)) - Started o.e.j.s.ServletContextHandler@ec7b5de{/static,jar:file:/home/user/.m2/repository/org/apache/hadoop/hadoop-hdds-container-service/0.5.0-SNAPSHOT/hadoop-hdds-container-service-0.5.0-SNAPSHOT.jar!/webapps/static,AVAILABLE}
2019-10-04 21:26:19,654 [main] INFO  handler.ContextHandler (ContextHandler.java:doStart(781)) - Started o.e.j.w.WebAppContext@60743cdb{/,file:///tmp/jetty-0.0.0.0-37237-hddsDatanode-_-any-2491296727440135773.dir/webapp/,AVAILABLE}{/hddsDatanode}
2019-10-04 21:26:19,655 [main] INFO  server.AbstractConnector (AbstractConnector.java:doStart(278)) - Started ServerConnector@c02670f{HTTP/1.1,[http/1.1]}{0.0.0.0:37237}
2019-10-04 21:26:19,657 [main] INFO  server.Server (Server.java:doStart(419)) - Started @129636ms
2019-10-04 21:26:19,657 [main] WARN  impl.MetricsSystemImpl (MetricsSystemImpl.java:register(276)) - Sink prometheus already exists!
2019-10-04 21:26:19,658 [main] INFO  server.BaseHttpServer (BaseHttpServer.java:updateConnectorAddress(215)) - HTTP server of HDDSDATANODE is listening at http://0.0.0.0:37237
2019-10-04 21:26:19,658 [main] INFO  impl.MetricsSystemImpl (MetricsSystemImpl.java:init(158)) - HddsDatanode metrics system started (again)
2019-10-04 21:26:19,661 [org.apache.hadoop.util.JvmPauseMonitor$Monitor@7800dad3] INFO  util.JvmPauseMonitor (JvmPauseMonitor.java:run(188)) - Starting JVM pause monitor
2019-10-04 21:26:19,662 [main] INFO  ozone.HddsDatanodeService (HddsDatanodeService.java:start(184)) - HddsDatanodeService host:pr-hdds-2239-t668n-1079239961 ip:192.168.151.72
2019-10-04 21:26:19,665 [Datanode State Machine Thread - 0] INFO  datanode.InitDatanodeState (InitDatanodeState.java:persistContainerDatanodeDetails(140)) - DatanodeDetails is persisted to /workdir/hadoop-ozone/integration-test/target/test-dir/MiniOzoneClusterImpl-40beb1f2-94b2-4db7-b7c7-fe5f3583899d/datanode-1/meta/datanode.id
2019-10-04 21:26:19,667 [main] INFO  volume.HddsVolume (HddsVolume.java:<init>(176)) - Creating Volume: /workdir/hadoop-ozone/integration-test/target/test-dir/MiniOzoneClusterImpl-40beb1f2-94b2-4db7-b7c7-fe5f3583899d/datanode-2/data/containers/hdds of  storage type : DISK and capacity : 1482555576320
2019-10-04 21:26:19,667 [main] INFO  volume.VolumeSet (VolumeSet.java:initializeVolumeSet(170)) - Added Volume : /workdir/hadoop-ozone/integration-test/target/test-dir/MiniOzoneClusterImpl-40beb1f2-94b2-4db7-b7c7-fe5f3583899d/datanode-2/data/containers/hdds to VolumeSet
2019-10-04 21:26:19,668 [main] INFO  volume.ThrottledAsyncChecker (ThrottledAsyncChecker.java:schedule(139)) - Scheduling a check for org.apache.hadoop.ozone.container.common.volume.HddsVolume@627ff1b8
2019-10-04 21:26:19,668 [main] INFO  volume.HddsVolumeChecker (HddsVolumeChecker.java:checkAllVolumes(202)) - Scheduled health check for volume org.apache.hadoop.ozone.container.common.volume.HddsVolume@627ff1b8
2019-10-04 21:26:19,682 [main] INFO  impl.RaftServerProxy (ConfUtils.java:logGet(43)) - raft.rpc.type = GRPC (default)
2019-10-04 21:26:19,682 [main] INFO  grpc.GrpcFactory (GrpcFactory.java:checkPooledByteBufAllocatorUseCacheForAllThreads(45)) - PERFORMANCE WARNING: useCacheForAllThreads is true that may cause Netty to create a lot garbage objects and, as a result, trigger GC.
	It is recommended to disable useCacheForAllThreads by setting -Dorg.apache.ratis.thirdparty.io.netty.allocator.useCacheForAllThreads=false in command line.
2019-10-04 21:26:19,682 [main] INFO  grpc.GrpcConfigKeys$Server (ConfUtils.java:logGet(43)) - raft.grpc.server.port = 0 (default)
2019-10-04 21:26:19,683 [main] INFO  server.GrpcService (ConfUtils.java:logGet(43)) - raft.grpc.message.size.max = 33570816 (custom)
2019-10-04 21:26:19,683 [main] INFO  server.RaftServerConfigKeys (ConfUtils.java:logGet(43)) - raft.server.log.appender.buffer.byte-limit = 33554432 (custom)
2019-10-04 21:26:19,683 [main] INFO  server.GrpcService (ConfUtils.java:logGet(43)) - raft.grpc.flow.control.window = 1MB (=1048576) (default)
2019-10-04 21:26:19,683 [main] INFO  server.RaftServerConfigKeys (ConfUtils.java:logGet(43)) - raft.server.rpc.request.timeout = 3000ms (default)
2019-10-04 21:26:19,684 [main] INFO  server.RaftServerConfigKeys (ConfUtils.java:logGet(43)) - raft.server.storage.dir = [/workdir/hadoop-ozone/integration-test/target/test-dir/MiniOzoneClusterImpl-40beb1f2-94b2-4db7-b7c7-fe5f3583899d/datanode-2/data/ratis] (custom)
2019-10-04 21:26:19,685 [main] INFO  hdfs.DFSUtil (DFSUtil.java:httpServerTemplateForNNAndJN(1641)) - Starting Web-server for hddsDatanode at: http://0.0.0.0:0
2019-10-04 21:26:19,687 [main] INFO  server.AuthenticationFilter (AuthenticationFilter.java:constructSecretProvider(240)) - Unable to initialize FileSignerSecretProvider, falling back to use random secrets.
2019-10-04 21:26:19,687 [main] WARN  http.HttpRequestLog (HttpRequestLog.java:getRequestLog(97)) - Jetty request log can only be enabled using Log4j
2019-10-04 21:26:19,689 [main] INFO  http.HttpServer2 (HttpServer2.java:addGlobalFilter(975)) - Added global filter 'safety' (class=org.apache.hadoop.http.HttpServer2$QuotingInputFilter)
2019-10-04 21:26:19,689 [main] INFO  http.HttpServer2 (HttpServer2.java:addFilter(948)) - Added filter static_user_filter (class=org.apache.hadoop.http.lib.StaticUserWebFilter$StaticUserFilter) to context hddsDatanode
2019-10-04 21:26:19,689 [main] INFO  http.HttpServer2 (HttpServer2.java:addFilter(958)) - Added filter static_user_filter (class=org.apache.hadoop.http.lib.StaticUserWebFilter$StaticUserFilter) to context static
2019-10-04 21:26:19,690 [main] INFO  http.HttpServer2 (HttpServer2.java:addFilter(958)) - Added filter static_user_filter (class=org.apache.hadoop.http.lib.StaticUserWebFilter$StaticUserFilter) to context logs
2019-10-04 21:26:19,690 [main] INFO  http.HttpServer2 (HttpServer2.java:bindListener(1191)) - Jetty bound to port 34300
2019-10-04 21:26:19,691 [main] INFO  server.Server (Server.java:doStart(351)) - jetty-9.3.25.v20180904, build timestamp: 2018-09-04T21:11:46Z, git hash: 3ce520221d0240229c862b122d2b06c12a625732
2019-10-04 21:26:19,692 [main] INFO  handler.ContextHandler (ContextHandler.java:doStart(781)) - Started o.e.j.s.ServletContextHandler@65ef48f2{/logs,file:///workdir/hadoop-ozone/integration-test/target/log,AVAILABLE}
2019-10-04 21:26:19,693 [main] INFO  handler.ContextHandler (ContextHandler.java:doStart(781)) - Started o.e.j.s.ServletContextHandler@72543547{/static,jar:file:/home/user/.m2/repository/org/apache/hadoop/hadoop-hdds-container-service/0.5.0-SNAPSHOT/hadoop-hdds-container-service-0.5.0-SNAPSHOT.jar!/webapps/static,AVAILABLE}
2019-10-04 21:26:19,728 [main] INFO  handler.ContextHandler (ContextHandler.java:doStart(781)) - Started o.e.j.w.WebAppContext@6ecc02bb{/,file:///tmp/jetty-0.0.0.0-34300-hddsDatanode-_-any-4546000743798417056.dir/webapp/,AVAILABLE}{/hddsDatanode}
2019-10-04 21:26:19,728 [main] INFO  server.AbstractConnector (AbstractConnector.java:doStart(278)) - Started ServerConnector@31973858{HTTP/1.1,[http/1.1]}{0.0.0.0:34300}
2019-10-04 21:26:19,730 [main] INFO  server.Server (Server.java:doStart(419)) - Started @129710ms
2019-10-04 21:26:19,730 [main] WARN  impl.MetricsSystemImpl (MetricsSystemImpl.java:register(276)) - Sink prometheus already exists!
2019-10-04 21:26:19,731 [main] INFO  server.BaseHttpServer (BaseHttpServer.java:updateConnectorAddress(215)) - HTTP server of HDDSDATANODE is listening at http://0.0.0.0:34300
2019-10-04 21:26:19,732 [main] INFO  impl.MetricsSystemImpl (MetricsSystemImpl.java:init(158)) - HddsDatanode metrics system started (again)
2019-10-04 21:26:19,735 [org.apache.hadoop.util.JvmPauseMonitor$Monitor@3703b4c0] INFO  util.JvmPauseMonitor (JvmPauseMonitor.java:run(188)) - Starting JVM pause monitor
2019-10-04 21:26:19,736 [main] INFO  ozone.HddsDatanodeService (HddsDatanodeService.java:start(184)) - HddsDatanodeService host:pr-hdds-2239-t668n-1079239961 ip:192.168.151.72
2019-10-04 21:26:19,737 [Datanode State Machine Thread - 0] INFO  datanode.InitDatanodeState (InitDatanodeState.java:persistContainerDatanodeDetails(140)) - DatanodeDetails is persisted to /workdir/hadoop-ozone/integration-test/target/test-dir/MiniOzoneClusterImpl-40beb1f2-94b2-4db7-b7c7-fe5f3583899d/datanode-2/meta/datanode.id
2019-10-04 21:26:19,744 [main] INFO  volume.HddsVolume (HddsVolume.java:<init>(176)) - Creating Volume: /workdir/hadoop-ozone/integration-test/target/test-dir/MiniOzoneClusterImpl-40beb1f2-94b2-4db7-b7c7-fe5f3583899d/datanode-3/data/containers/hdds of  storage type : DISK and capacity : 1482555576320
2019-10-04 21:26:19,744 [main] INFO  volume.VolumeSet (VolumeSet.java:initializeVolumeSet(170)) - Added Volume : /workdir/hadoop-ozone/integration-test/target/test-dir/MiniOzoneClusterImpl-40beb1f2-94b2-4db7-b7c7-fe5f3583899d/datanode-3/data/containers/hdds to VolumeSet
2019-10-04 21:26:19,745 [main] INFO  volume.ThrottledAsyncChecker (ThrottledAsyncChecker.java:schedule(139)) - Scheduling a check for org.apache.hadoop.ozone.container.common.volume.HddsVolume@3b009e7b
2019-10-04 21:26:19,745 [main] INFO  volume.HddsVolumeChecker (HddsVolumeChecker.java:checkAllVolumes(202)) - Scheduled health check for volume org.apache.hadoop.ozone.container.common.volume.HddsVolume@3b009e7b
2019-10-04 21:26:19,765 [main] INFO  impl.RaftServerProxy (ConfUtils.java:logGet(43)) - raft.rpc.type = GRPC (default)
2019-10-04 21:26:19,765 [main] INFO  grpc.GrpcFactory (GrpcFactory.java:checkPooledByteBufAllocatorUseCacheForAllThreads(45)) - PERFORMANCE WARNING: useCacheForAllThreads is true that may cause Netty to create a lot garbage objects and, as a result, trigger GC.
	It is recommended to disable useCacheForAllThreads by setting -Dorg.apache.ratis.thirdparty.io.netty.allocator.useCacheForAllThreads=false in command line.
2019-10-04 21:26:19,765 [main] INFO  grpc.GrpcConfigKeys$Server (ConfUtils.java:logGet(43)) - raft.grpc.server.port = 0 (default)
2019-10-04 21:26:19,765 [main] INFO  server.GrpcService (ConfUtils.java:logGet(43)) - raft.grpc.message.size.max = 33570816 (custom)
2019-10-04 21:26:19,766 [main] INFO  server.RaftServerConfigKeys (ConfUtils.java:logGet(43)) - raft.server.log.appender.buffer.byte-limit = 33554432 (custom)
2019-10-04 21:26:19,766 [main] INFO  server.GrpcService (ConfUtils.java:logGet(43)) - raft.grpc.flow.control.window = 1MB (=1048576) (default)
2019-10-04 21:26:19,766 [main] INFO  server.RaftServerConfigKeys (ConfUtils.java:logGet(43)) - raft.server.rpc.request.timeout = 3000ms (default)
2019-10-04 21:26:19,767 [main] INFO  server.RaftServerConfigKeys (ConfUtils.java:logGet(43)) - raft.server.storage.dir = [/workdir/hadoop-ozone/integration-test/target/test-dir/MiniOzoneClusterImpl-40beb1f2-94b2-4db7-b7c7-fe5f3583899d/datanode-3/data/ratis] (custom)
2019-10-04 21:26:19,768 [main] INFO  hdfs.DFSUtil (DFSUtil.java:httpServerTemplateForNNAndJN(1641)) - Starting Web-server for hddsDatanode at: http://0.0.0.0:0
2019-10-04 21:26:19,769 [main] INFO  server.AuthenticationFilter (AuthenticationFilter.java:constructSecretProvider(240)) - Unable to initialize FileSignerSecretProvider, falling back to use random secrets.
2019-10-04 21:26:19,770 [main] WARN  http.HttpRequestLog (HttpRequestLog.java:getRequestLog(97)) - Jetty request log can only be enabled using Log4j
2019-10-04 21:26:19,771 [main] INFO  http.HttpServer2 (HttpServer2.java:addGlobalFilter(975)) - Added global filter 'safety' (class=org.apache.hadoop.http.HttpServer2$QuotingInputFilter)
2019-10-04 21:26:19,772 [main] INFO  http.HttpServer2 (HttpServer2.java:addFilter(948)) - Added filter static_user_filter (class=org.apache.hadoop.http.lib.StaticUserWebFilter$StaticUserFilter) to context hddsDatanode
2019-10-04 21:26:19,772 [main] INFO  http.HttpServer2 (HttpServer2.java:addFilter(958)) - Added filter static_user_filter (class=org.apache.hadoop.http.lib.StaticUserWebFilter$StaticUserFilter) to context logs
2019-10-04 21:26:19,772 [main] INFO  http.HttpServer2 (HttpServer2.java:addFilter(958)) - Added filter static_user_filter (class=org.apache.hadoop.http.lib.StaticUserWebFilter$StaticUserFilter) to context static
2019-10-04 21:26:19,773 [main] INFO  http.HttpServer2 (HttpServer2.java:bindListener(1191)) - Jetty bound to port 45307
2019-10-04 21:26:19,773 [main] INFO  server.Server (Server.java:doStart(351)) - jetty-9.3.25.v20180904, build timestamp: 2018-09-04T21:11:46Z, git hash: 3ce520221d0240229c862b122d2b06c12a625732
2019-10-04 21:26:19,775 [main] INFO  handler.ContextHandler (ContextHandler.java:doStart(781)) - Started o.e.j.s.ServletContextHandler@cfd1075{/logs,file:///workdir/hadoop-ozone/integration-test/target/log,AVAILABLE}
2019-10-04 21:26:19,775 [main] INFO  handler.ContextHandler (ContextHandler.java:doStart(781)) - Started o.e.j.s.ServletContextHandler@7741771e{/static,jar:file:/home/user/.m2/repository/org/apache/hadoop/hadoop-hdds-container-service/0.5.0-SNAPSHOT/hadoop-hdds-container-service-0.5.0-SNAPSHOT.jar!/webapps/static,AVAILABLE}
2019-10-04 21:26:19,811 [main] INFO  handler.ContextHandler (ContextHandler.java:doStart(781)) - Started o.e.j.w.WebAppContext@7fda2001{/,file:///tmp/jetty-0.0.0.0-45307-hddsDatanode-_-any-2218376121617208243.dir/webapp/,AVAILABLE}{/hddsDatanode}
2019-10-04 21:26:19,811 [main] INFO  server.AbstractConnector (AbstractConnector.java:doStart(278)) - Started ServerConnector@162c1dfb{HTTP/1.1,[http/1.1]}{0.0.0.0:45307}
2019-10-04 21:26:19,813 [main] INFO  server.Server (Server.java:doStart(419)) - Started @129792ms
2019-10-04 21:26:19,813 [main] WARN  impl.MetricsSystemImpl (MetricsSystemImpl.java:register(276)) - Sink prometheus already exists!
2019-10-04 21:26:19,814 [main] INFO  server.BaseHttpServer (BaseHttpServer.java:updateConnectorAddress(215)) - HTTP server of HDDSDATANODE is listening at http://0.0.0.0:45307
2019-10-04 21:26:19,814 [main] INFO  impl.MetricsSystemImpl (MetricsSystemImpl.java:init(158)) - HddsDatanode metrics system started (again)
2019-10-04 21:26:19,817 [main] INFO  ozone.HddsDatanodeService (HddsDatanodeService.java:start(184)) - HddsDatanodeService host:pr-hdds-2239-t668n-1079239961 ip:192.168.151.72
2019-10-04 21:26:19,817 [org.apache.hadoop.util.JvmPauseMonitor$Monitor@1ee112fb] INFO  util.JvmPauseMonitor (JvmPauseMonitor.java:run(188)) - Starting JVM pause monitor
2019-10-04 21:26:19,819 [Datanode State Machine Thread - 0] INFO  datanode.InitDatanodeState (InitDatanodeState.java:persistContainerDatanodeDetails(140)) - DatanodeDetails is persisted to /workdir/hadoop-ozone/integration-test/target/test-dir/MiniOzoneClusterImpl-40beb1f2-94b2-4db7-b7c7-fe5f3583899d/datanode-3/meta/datanode.id
2019-10-04 21:26:19,831 [main] INFO  volume.HddsVolume (HddsVolume.java:<init>(176)) - Creating Volume: /workdir/hadoop-ozone/integration-test/target/test-dir/MiniOzoneClusterImpl-40beb1f2-94b2-4db7-b7c7-fe5f3583899d/datanode-4/data/containers/hdds of  storage type : DISK and capacity : 1482555576320
2019-10-04 21:26:19,832 [main] INFO  volume.VolumeSet (VolumeSet.java:initializeVolumeSet(170)) - Added Volume : /workdir/hadoop-ozone/integration-test/target/test-dir/MiniOzoneClusterImpl-40beb1f2-94b2-4db7-b7c7-fe5f3583899d/datanode-4/data/containers/hdds to VolumeSet
2019-10-04 21:26:19,832 [main] INFO  volume.ThrottledAsyncChecker (ThrottledAsyncChecker.java:schedule(139)) - Scheduling a check for org.apache.hadoop.ozone.container.common.volume.HddsVolume@52454457
2019-10-04 21:26:19,832 [main] INFO  volume.HddsVolumeChecker (HddsVolumeChecker.java:checkAllVolumes(202)) - Scheduled health check for volume org.apache.hadoop.ozone.container.common.volume.HddsVolume@52454457
2019-10-04 21:26:19,848 [main] INFO  impl.RaftServerProxy (ConfUtils.java:logGet(43)) - raft.rpc.type = GRPC (default)
2019-10-04 21:26:19,848 [main] INFO  grpc.GrpcFactory (GrpcFactory.java:checkPooledByteBufAllocatorUseCacheForAllThreads(45)) - PERFORMANCE WARNING: useCacheForAllThreads is true that may cause Netty to create a lot garbage objects and, as a result, trigger GC.
	It is recommended to disable useCacheForAllThreads by setting -Dorg.apache.ratis.thirdparty.io.netty.allocator.useCacheForAllThreads=false in command line.
2019-10-04 21:26:19,849 [main] INFO  grpc.GrpcConfigKeys$Server (ConfUtils.java:logGet(43)) - raft.grpc.server.port = 0 (default)
2019-10-04 21:26:19,849 [main] INFO  server.GrpcService (ConfUtils.java:logGet(43)) - raft.grpc.message.size.max = 33570816 (custom)
2019-10-04 21:26:19,849 [main] INFO  server.RaftServerConfigKeys (ConfUtils.java:logGet(43)) - raft.server.log.appender.buffer.byte-limit = 33554432 (custom)
2019-10-04 21:26:19,849 [main] INFO  server.GrpcService (ConfUtils.java:logGet(43)) - raft.grpc.flow.control.window = 1MB (=1048576) (default)
2019-10-04 21:26:19,849 [main] INFO  server.RaftServerConfigKeys (ConfUtils.java:logGet(43)) - raft.server.rpc.request.timeout = 3000ms (default)
2019-10-04 21:26:19,850 [main] INFO  server.RaftServerConfigKeys (ConfUtils.java:logGet(43)) - raft.server.storage.dir = [/workdir/hadoop-ozone/integration-test/target/test-dir/MiniOzoneClusterImpl-40beb1f2-94b2-4db7-b7c7-fe5f3583899d/datanode-4/data/ratis] (custom)
2019-10-04 21:26:19,851 [main] INFO  hdfs.DFSUtil (DFSUtil.java:httpServerTemplateForNNAndJN(1641)) - Starting Web-server for hddsDatanode at: http://0.0.0.0:0
2019-10-04 21:26:19,853 [main] INFO  server.AuthenticationFilter (AuthenticationFilter.java:constructSecretProvider(240)) - Unable to initialize FileSignerSecretProvider, falling back to use random secrets.
2019-10-04 21:26:19,853 [main] WARN  http.HttpRequestLog (HttpRequestLog.java:getRequestLog(97)) - Jetty request log can only be enabled using Log4j
2019-10-04 21:26:19,855 [main] INFO  http.HttpServer2 (HttpServer2.java:addGlobalFilter(975)) - Added global filter 'safety' (class=org.apache.hadoop.http.HttpServer2$QuotingInputFilter)
2019-10-04 21:26:19,855 [main] INFO  http.HttpServer2 (HttpServer2.java:addFilter(948)) - Added filter static_user_filter (class=org.apache.hadoop.http.lib.StaticUserWebFilter$StaticUserFilter) to context hddsDatanode
2019-10-04 21:26:19,856 [main] INFO  http.HttpServer2 (HttpServer2.java:addFilter(958)) - Added filter static_user_filter (class=org.apache.hadoop.http.lib.StaticUserWebFilter$StaticUserFilter) to context static
2019-10-04 21:26:19,856 [main] INFO  http.HttpServer2 (HttpServer2.java:addFilter(958)) - Added filter static_user_filter (class=org.apache.hadoop.http.lib.StaticUserWebFilter$StaticUserFilter) to context logs
2019-10-04 21:26:19,857 [main] INFO  http.HttpServer2 (HttpServer2.java:bindListener(1191)) - Jetty bound to port 35157
2019-10-04 21:26:19,857 [main] INFO  server.Server (Server.java:doStart(351)) - jetty-9.3.25.v20180904, build timestamp: 2018-09-04T21:11:46Z, git hash: 3ce520221d0240229c862b122d2b06c12a625732
2019-10-04 21:26:19,859 [main] INFO  handler.ContextHandler (ContextHandler.java:doStart(781)) - Started o.e.j.s.ServletContextHandler@5f8d9767{/logs,file:///workdir/hadoop-ozone/integration-test/target/log,AVAILABLE}
2019-10-04 21:26:19,859 [main] INFO  handler.ContextHandler (ContextHandler.java:doStart(781)) - Started o.e.j.s.ServletContextHandler@62b09715{/static,jar:file:/home/user/.m2/repository/org/apache/hadoop/hadoop-hdds-container-service/0.5.0-SNAPSHOT/hadoop-hdds-container-service-0.5.0-SNAPSHOT.jar!/webapps/static,AVAILABLE}
2019-10-04 21:26:19,895 [main] INFO  handler.ContextHandler (ContextHandler.java:doStart(781)) - Started o.e.j.w.WebAppContext@7a1b8a46{/,file:///tmp/jetty-0.0.0.0-35157-hddsDatanode-_-any-8860063455961355073.dir/webapp/,AVAILABLE}{/hddsDatanode}
2019-10-04 21:26:19,895 [main] INFO  server.AbstractConnector (AbstractConnector.java:doStart(278)) - Started ServerConnector@2921199d{HTTP/1.1,[http/1.1]}{0.0.0.0:35157}
2019-10-04 21:26:19,897 [main] INFO  server.Server (Server.java:doStart(419)) - Started @129877ms
2019-10-04 21:26:19,897 [main] WARN  impl.MetricsSystemImpl (MetricsSystemImpl.java:register(276)) - Sink prometheus already exists!
2019-10-04 21:26:19,898 [main] INFO  server.BaseHttpServer (BaseHttpServer.java:updateConnectorAddress(215)) - HTTP server of HDDSDATANODE is listening at http://0.0.0.0:35157
2019-10-04 21:26:19,898 [main] INFO  impl.MetricsSystemImpl (MetricsSystemImpl.java:init(158)) - HddsDatanode metrics system started (again)
2019-10-04 21:26:19,901 [main] INFO  ozone.HddsDatanodeService (HddsDatanodeService.java:start(184)) - HddsDatanodeService host:pr-hdds-2239-t668n-1079239961 ip:192.168.151.72
2019-10-04 21:26:19,901 [org.apache.hadoop.util.JvmPauseMonitor$Monitor@4b5fc98b] INFO  util.JvmPauseMonitor (JvmPauseMonitor.java:run(188)) - Starting JVM pause monitor
2019-10-04 21:26:19,903 [Datanode State Machine Thread - 0] INFO  datanode.InitDatanodeState (InitDatanodeState.java:persistContainerDatanodeDetails(140)) - DatanodeDetails is persisted to /workdir/hadoop-ozone/integration-test/target/test-dir/MiniOzoneClusterImpl-40beb1f2-94b2-4db7-b7c7-fe5f3583899d/datanode-4/meta/datanode.id
2019-10-04 21:26:19,907 [main] INFO  volume.HddsVolume (HddsVolume.java:<init>(176)) - Creating Volume: /workdir/hadoop-ozone/integration-test/target/test-dir/MiniOzoneClusterImpl-40beb1f2-94b2-4db7-b7c7-fe5f3583899d/datanode-5/data/containers/hdds of  storage type : DISK and capacity : 1482555576320
2019-10-04 21:26:19,907 [main] INFO  volume.VolumeSet (VolumeSet.java:initializeVolumeSet(170)) - Added Volume : /workdir/hadoop-ozone/integration-test/target/test-dir/MiniOzoneClusterImpl-40beb1f2-94b2-4db7-b7c7-fe5f3583899d/datanode-5/data/containers/hdds to VolumeSet
2019-10-04 21:26:19,907 [main] INFO  volume.ThrottledAsyncChecker (ThrottledAsyncChecker.java:schedule(139)) - Scheduling a check for org.apache.hadoop.ozone.container.common.volume.HddsVolume@64aeaf29
2019-10-04 21:26:19,908 [main] INFO  volume.HddsVolumeChecker (HddsVolumeChecker.java:checkAllVolumes(202)) - Scheduled health check for volume org.apache.hadoop.ozone.container.common.volume.HddsVolume@64aeaf29
2019-10-04 21:26:19,919 [main] INFO  impl.RaftServerProxy (ConfUtils.java:logGet(43)) - raft.rpc.type = GRPC (default)
2019-10-04 21:26:19,920 [main] INFO  grpc.GrpcFactory (GrpcFactory.java:checkPooledByteBufAllocatorUseCacheForAllThreads(45)) - PERFORMANCE WARNING: useCacheForAllThreads is true that may cause Netty to create a lot garbage objects and, as a result, trigger GC.
	It is recommended to disable useCacheForAllThreads by setting -Dorg.apache.ratis.thirdparty.io.netty.allocator.useCacheForAllThreads=false in command line.
2019-10-04 21:26:19,920 [main] INFO  grpc.GrpcConfigKeys$Server (ConfUtils.java:logGet(43)) - raft.grpc.server.port = 0 (default)
2019-10-04 21:26:19,920 [main] INFO  server.GrpcService (ConfUtils.java:logGet(43)) - raft.grpc.message.size.max = 33570816 (custom)
2019-10-04 21:26:19,920 [main] INFO  server.RaftServerConfigKeys (ConfUtils.java:logGet(43)) - raft.server.log.appender.buffer.byte-limit = 33554432 (custom)
2019-10-04 21:26:19,920 [main] INFO  server.GrpcService (ConfUtils.java:logGet(43)) - raft.grpc.flow.control.window = 1MB (=1048576) (default)
2019-10-04 21:26:19,920 [main] INFO  server.RaftServerConfigKeys (ConfUtils.java:logGet(43)) - raft.server.rpc.request.timeout = 3000ms (default)
2019-10-04 21:26:19,921 [main] INFO  server.RaftServerConfigKeys (ConfUtils.java:logGet(43)) - raft.server.storage.dir = [/workdir/hadoop-ozone/integration-test/target/test-dir/MiniOzoneClusterImpl-40beb1f2-94b2-4db7-b7c7-fe5f3583899d/datanode-5/data/ratis] (custom)
2019-10-04 21:26:19,922 [main] INFO  hdfs.DFSUtil (DFSUtil.java:httpServerTemplateForNNAndJN(1641)) - Starting Web-server for hddsDatanode at: http://0.0.0.0:0
2019-10-04 21:26:19,923 [main] INFO  server.AuthenticationFilter (AuthenticationFilter.java:constructSecretProvider(240)) - Unable to initialize FileSignerSecretProvider, falling back to use random secrets.
2019-10-04 21:26:19,923 [main] WARN  http.HttpRequestLog (HttpRequestLog.java:getRequestLog(97)) - Jetty request log can only be enabled using Log4j
2019-10-04 21:26:19,924 [main] INFO  http.HttpServer2 (HttpServer2.java:addGlobalFilter(975)) - Added global filter 'safety' (class=org.apache.hadoop.http.HttpServer2$QuotingInputFilter)
2019-10-04 21:26:19,924 [main] INFO  http.HttpServer2 (HttpServer2.java:addFilter(948)) - Added filter static_user_filter (class=org.apache.hadoop.http.lib.StaticUserWebFilter$StaticUserFilter) to context hddsDatanode
2019-10-04 21:26:19,924 [main] INFO  http.HttpServer2 (HttpServer2.java:addFilter(958)) - Added filter static_user_filter (class=org.apache.hadoop.http.lib.StaticUserWebFilter$StaticUserFilter) to context logs
2019-10-04 21:26:19,925 [main] INFO  http.HttpServer2 (HttpServer2.java:addFilter(958)) - Added filter static_user_filter (class=org.apache.hadoop.http.lib.StaticUserWebFilter$StaticUserFilter) to context static
2019-10-04 21:26:19,925 [main] INFO  http.HttpServer2 (HttpServer2.java:bindListener(1191)) - Jetty bound to port 46819
2019-10-04 21:26:19,925 [main] INFO  server.Server (Server.java:doStart(351)) - jetty-9.3.25.v20180904, build timestamp: 2018-09-04T21:11:46Z, git hash: 3ce520221d0240229c862b122d2b06c12a625732
2019-10-04 21:26:19,927 [main] INFO  handler.ContextHandler (ContextHandler.java:doStart(781)) - Started o.e.j.s.ServletContextHandler@15a3b42{/logs,file:///workdir/hadoop-ozone/integration-test/target/log,AVAILABLE}
2019-10-04 21:26:19,927 [main] INFO  handler.ContextHandler (ContextHandler.java:doStart(781)) - Started o.e.j.s.ServletContextHandler@17207f5b{/static,jar:file:/home/user/.m2/repository/org/apache/hadoop/hadoop-hdds-container-service/0.5.0-SNAPSHOT/hadoop-hdds-container-service-0.5.0-SNAPSHOT.jar!/webapps/static,AVAILABLE}
2019-10-04 21:26:19,952 [main] INFO  handler.ContextHandler (ContextHandler.java:doStart(781)) - Started o.e.j.w.WebAppContext@5d878b25{/,file:///tmp/jetty-0.0.0.0-46819-hddsDatanode-_-any-2677041403911061597.dir/webapp/,AVAILABLE}{/hddsDatanode}
2019-10-04 21:26:19,952 [main] INFO  server.AbstractConnector (AbstractConnector.java:doStart(278)) - Started ServerConnector@28279a49{HTTP/1.1,[http/1.1]}{0.0.0.0:46819}
2019-10-04 21:26:19,954 [main] INFO  server.Server (Server.java:doStart(419)) - Started @129934ms
2019-10-04 21:26:19,954 [main] WARN  impl.MetricsSystemImpl (MetricsSystemImpl.java:register(276)) - Sink prometheus already exists!
2019-10-04 21:26:19,955 [main] INFO  server.BaseHttpServer (BaseHttpServer.java:updateConnectorAddress(215)) - HTTP server of HDDSDATANODE is listening at http://0.0.0.0:46819
2019-10-04 21:26:19,955 [main] INFO  impl.MetricsSystemImpl (MetricsSystemImpl.java:init(158)) - HddsDatanode metrics system started (again)
2019-10-04 21:26:19,958 [main] INFO  ozone.HddsDatanodeService (HddsDatanodeService.java:start(184)) - HddsDatanodeService host:pr-hdds-2239-t668n-1079239961 ip:192.168.151.72
2019-10-04 21:26:19,958 [org.apache.hadoop.util.JvmPauseMonitor$Monitor@2561d691] INFO  util.JvmPauseMonitor (JvmPauseMonitor.java:run(188)) - Starting JVM pause monitor
2019-10-04 21:26:19,959 [Datanode State Machine Thread - 0] INFO  datanode.InitDatanodeState (InitDatanodeState.java:persistContainerDatanodeDetails(140)) - DatanodeDetails is persisted to /workdir/hadoop-ozone/integration-test/target/test-dir/MiniOzoneClusterImpl-40beb1f2-94b2-4db7-b7c7-fe5f3583899d/datanode-5/meta/datanode.id
2019-10-04 21:26:19,964 [main] INFO  volume.HddsVolume (HddsVolume.java:<init>(176)) - Creating Volume: /workdir/hadoop-ozone/integration-test/target/test-dir/MiniOzoneClusterImpl-40beb1f2-94b2-4db7-b7c7-fe5f3583899d/datanode-6/data/containers/hdds of  storage type : DISK and capacity : 1482555576320
2019-10-04 21:26:19,964 [main] INFO  volume.VolumeSet (VolumeSet.java:initializeVolumeSet(170)) - Added Volume : /workdir/hadoop-ozone/integration-test/target/test-dir/MiniOzoneClusterImpl-40beb1f2-94b2-4db7-b7c7-fe5f3583899d/datanode-6/data/containers/hdds to VolumeSet
2019-10-04 21:26:19,964 [main] INFO  volume.ThrottledAsyncChecker (ThrottledAsyncChecker.java:schedule(139)) - Scheduling a check for org.apache.hadoop.ozone.container.common.volume.HddsVolume@588545ac
2019-10-04 21:26:19,965 [main] INFO  volume.HddsVolumeChecker (HddsVolumeChecker.java:checkAllVolumes(202)) - Scheduled health check for volume org.apache.hadoop.ozone.container.common.volume.HddsVolume@588545ac
2019-10-04 21:26:19,977 [main] INFO  impl.RaftServerProxy (ConfUtils.java:logGet(43)) - raft.rpc.type = GRPC (default)
2019-10-04 21:26:19,978 [main] INFO  grpc.GrpcFactory (GrpcFactory.java:checkPooledByteBufAllocatorUseCacheForAllThreads(45)) - PERFORMANCE WARNING: useCacheForAllThreads is true that may cause Netty to create a lot garbage objects and, as a result, trigger GC.
	It is recommended to disable useCacheForAllThreads by setting -Dorg.apache.ratis.thirdparty.io.netty.allocator.useCacheForAllThreads=false in command line.
2019-10-04 21:26:19,978 [main] INFO  grpc.GrpcConfigKeys$Server (ConfUtils.java:logGet(43)) - raft.grpc.server.port = 0 (default)
2019-10-04 21:26:19,978 [main] INFO  server.GrpcService (ConfUtils.java:logGet(43)) - raft.grpc.message.size.max = 33570816 (custom)
2019-10-04 21:26:19,978 [main] INFO  server.RaftServerConfigKeys (ConfUtils.java:logGet(43)) - raft.server.log.appender.buffer.byte-limit = 33554432 (custom)
2019-10-04 21:26:19,979 [main] INFO  server.GrpcService (ConfUtils.java:logGet(43)) - raft.grpc.flow.control.window = 1MB (=1048576) (default)
2019-10-04 21:26:19,979 [main] INFO  server.RaftServerConfigKeys (ConfUtils.java:logGet(43)) - raft.server.rpc.request.timeout = 3000ms (default)
2019-10-04 21:26:19,979 [main] INFO  server.RaftServerConfigKeys (ConfUtils.java:logGet(43)) - raft.server.storage.dir = [/workdir/hadoop-ozone/integration-test/target/test-dir/MiniOzoneClusterImpl-40beb1f2-94b2-4db7-b7c7-fe5f3583899d/datanode-6/data/ratis] (custom)
2019-10-04 21:26:19,980 [main] INFO  hdfs.DFSUtil (DFSUtil.java:httpServerTemplateForNNAndJN(1641)) - Starting Web-server for hddsDatanode at: http://0.0.0.0:0
2019-10-04 21:26:19,982 [main] INFO  server.AuthenticationFilter (AuthenticationFilter.java:constructSecretProvider(240)) - Unable to initialize FileSignerSecretProvider, falling back to use random secrets.
2019-10-04 21:26:19,982 [main] WARN  http.HttpRequestLog (HttpRequestLog.java:getRequestLog(97)) - Jetty request log can only be enabled using Log4j
2019-10-04 21:26:19,983 [main] INFO  http.HttpServer2 (HttpServer2.java:addGlobalFilter(975)) - Added global filter 'safety' (class=org.apache.hadoop.http.HttpServer2$QuotingInputFilter)
2019-10-04 21:26:19,984 [main] INFO  http.HttpServer2 (HttpServer2.java:addFilter(948)) - Added filter static_user_filter (class=org.apache.hadoop.http.lib.StaticUserWebFilter$StaticUserFilter) to context hddsDatanode
2019-10-04 21:26:19,984 [main] INFO  http.HttpServer2 (HttpServer2.java:addFilter(958)) - Added filter static_user_filter (class=org.apache.hadoop.http.lib.StaticUserWebFilter$StaticUserFilter) to context logs
2019-10-04 21:26:19,984 [main] INFO  http.HttpServer2 (HttpServer2.java:addFilter(958)) - Added filter static_user_filter (class=org.apache.hadoop.http.lib.StaticUserWebFilter$StaticUserFilter) to context static
2019-10-04 21:26:19,985 [main] INFO  http.HttpServer2 (HttpServer2.java:bindListener(1191)) - Jetty bound to port 36578
2019-10-04 21:26:19,985 [main] INFO  server.Server (Server.java:doStart(351)) - jetty-9.3.25.v20180904, build timestamp: 2018-09-04T21:11:46Z, git hash: 3ce520221d0240229c862b122d2b06c12a625732
2019-10-04 21:26:19,986 [main] INFO  handler.ContextHandler (ContextHandler.java:doStart(781)) - Started o.e.j.s.ServletContextHandler@412c5e8b{/logs,file:///workdir/hadoop-ozone/integration-test/target/log,AVAILABLE}
2019-10-04 21:26:19,987 [main] INFO  handler.ContextHandler (ContextHandler.java:doStart(781)) - Started o.e.j.s.ServletContextHandler@3b0c3951{/static,jar:file:/home/user/.m2/repository/org/apache/hadoop/hadoop-hdds-container-service/0.5.0-SNAPSHOT/hadoop-hdds-container-service-0.5.0-SNAPSHOT.jar!/webapps/static,AVAILABLE}
2019-10-04 21:26:20,011 [main] INFO  handler.ContextHandler (ContextHandler.java:doStart(781)) - Started o.e.j.w.WebAppContext@6be6931f{/,file:///tmp/jetty-0.0.0.0-36578-hddsDatanode-_-any-8242752494444866895.dir/webapp/,AVAILABLE}{/hddsDatanode}
2019-10-04 21:26:20,012 [main] INFO  server.AbstractConnector (AbstractConnector.java:doStart(278)) - Started ServerConnector@6b4125ed{HTTP/1.1,[http/1.1]}{0.0.0.0:36578}
2019-10-04 21:26:20,013 [main] INFO  server.Server (Server.java:doStart(419)) - Started @129993ms
2019-10-04 21:26:20,013 [main] WARN  impl.MetricsSystemImpl (MetricsSystemImpl.java:register(276)) - Sink prometheus already exists!
2019-10-04 21:26:20,014 [main] INFO  server.BaseHttpServer (BaseHttpServer.java:updateConnectorAddress(215)) - HTTP server of HDDSDATANODE is listening at http://0.0.0.0:36578
2019-10-04 21:26:20,014 [main] INFO  ozone.MiniOzoneClusterImpl (MiniOzoneClusterImpl.java:lambda$waitForClusterToBeReady$0(147)) - Waiting for cluster to be ready. Got 0 of 7 DN Heartbeats.
2019-10-04 21:26:20,015 [org.apache.hadoop.util.JvmPauseMonitor$Monitor@3f5d4fa2] INFO  util.JvmPauseMonitor (JvmPauseMonitor.java:run(188)) - Starting JVM pause monitor
2019-10-04 21:26:20,017 [Datanode State Machine Thread - 0] INFO  datanode.InitDatanodeState (InitDatanodeState.java:persistContainerDatanodeDetails(140)) - DatanodeDetails is persisted to /workdir/hadoop-ozone/integration-test/target/test-dir/MiniOzoneClusterImpl-40beb1f2-94b2-4db7-b7c7-fe5f3583899d/datanode-6/meta/datanode.id
2019-10-04 21:26:21,015 [main] INFO  ozone.MiniOzoneClusterImpl (MiniOzoneClusterImpl.java:lambda$waitForClusterToBeReady$0(147)) - Waiting for cluster to be ready. Got 0 of 7 DN Heartbeats.
2019-10-04 21:26:21,663 [Datanode State Machine Thread - 0] INFO  ozoneimpl.OzoneContainer (OzoneContainer.java:start(217)) - Attempting to start container services.
2019-10-04 21:26:21,663 [Datanode State Machine Thread - 0] INFO  ozoneimpl.OzoneContainer (OzoneContainer.java:startContainerScrub(179)) - Background container scanner has been disabled.
2019-10-04 21:26:21,664 [Datanode State Machine Thread - 0] INFO  ratis.XceiverServerRatis (XceiverServerRatis.java:start(417)) - Starting XceiverServerRatis aef531bd-6946-4f65-aff1-2034fa836c06 at port 0
2019-10-04 21:26:21,671 [Datanode State Machine Thread - 0] INFO  impl.RaftServerProxy (RaftServerProxy.java:lambda$start$3(299)) - aef531bd-6946-4f65-aff1-2034fa836c06: start RPC server
2019-10-04 21:26:21,674 [Datanode State Machine Thread - 0] INFO  server.GrpcService (GrpcService.java:startImpl(158)) - aef531bd-6946-4f65-aff1-2034fa836c06: GrpcService started, listening on 0.0.0.0/0.0.0.0:33855
2019-10-04 21:26:21,674 [Datanode State Machine Thread - 0] INFO  ratis.XceiverServerRatis (XceiverServerRatis.java:start(427)) - XceiverServerRatis aef531bd-6946-4f65-aff1-2034fa836c06 is started using port 33855
2019-10-04 21:26:21,675 [Datanode State Machine Thread - 0] INFO  server.XceiverServerGrpc (XceiverServerGrpc.java:start(149)) - XceiverServerGrpc aef531bd-6946-4f65-aff1-2034fa836c06 is started using port 38928
2019-10-04 21:26:21,691 [Datanode State Machine Thread - 0] INFO  ozoneimpl.OzoneContainer (OzoneContainer.java:start(217)) - Attempting to start container services.
2019-10-04 21:26:21,693 [Datanode State Machine Thread - 0] INFO  ozoneimpl.OzoneContainer (OzoneContainer.java:startContainerScrub(179)) - Background container scanner has been disabled.
2019-10-04 21:26:21,694 [Datanode State Machine Thread - 0] INFO  ratis.XceiverServerRatis (XceiverServerRatis.java:start(417)) - Starting XceiverServerRatis 85482a46-d908-46a3-b4f7-930495164df5 at port 0
2019-10-04 21:26:21,701 [Datanode State Machine Thread - 0] INFO  impl.RaftServerProxy (RaftServerProxy.java:lambda$start$3(299)) - 85482a46-d908-46a3-b4f7-930495164df5: start RPC server
2019-10-04 21:26:21,702 [Datanode State Machine Thread - 0] INFO  server.GrpcService (GrpcService.java:startImpl(158)) - 85482a46-d908-46a3-b4f7-930495164df5: GrpcService started, listening on 0.0.0.0/0.0.0.0:45133
2019-10-04 21:26:21,702 [Datanode State Machine Thread - 0] INFO  ratis.XceiverServerRatis (XceiverServerRatis.java:start(427)) - XceiverServerRatis 85482a46-d908-46a3-b4f7-930495164df5 is started using port 45133
2019-10-04 21:26:21,703 [Datanode State Machine Thread - 0] INFO  server.XceiverServerGrpc (XceiverServerGrpc.java:start(149)) - XceiverServerGrpc 85482a46-d908-46a3-b4f7-930495164df5 is started using port 45817
2019-10-04 21:26:21,750 [Datanode State Machine Thread - 0] INFO  ozoneimpl.OzoneContainer (OzoneContainer.java:start(217)) - Attempting to start container services.
2019-10-04 21:26:21,750 [Datanode State Machine Thread - 0] INFO  ozoneimpl.OzoneContainer (OzoneContainer.java:startContainerScrub(179)) - Background container scanner has been disabled.
2019-10-04 21:26:21,750 [Datanode State Machine Thread - 0] INFO  ratis.XceiverServerRatis (XceiverServerRatis.java:start(417)) - Starting XceiverServerRatis b3a93a1c-bd5d-4647-93a8-f02890694163 at port 0
2019-10-04 21:26:21,759 [Datanode State Machine Thread - 0] INFO  impl.RaftServerProxy (RaftServerProxy.java:lambda$start$3(299)) - b3a93a1c-bd5d-4647-93a8-f02890694163: start RPC server
2019-10-04 21:26:21,759 [Datanode State Machine Thread - 0] INFO  server.GrpcService (GrpcService.java:startImpl(158)) - b3a93a1c-bd5d-4647-93a8-f02890694163: GrpcService started, listening on 0.0.0.0/0.0.0.0:38085
2019-10-04 21:26:21,759 [Datanode State Machine Thread - 0] INFO  ratis.XceiverServerRatis (XceiverServerRatis.java:start(427)) - XceiverServerRatis b3a93a1c-bd5d-4647-93a8-f02890694163 is started using port 38085
2019-10-04 21:26:21,761 [Datanode State Machine Thread - 0] INFO  server.XceiverServerGrpc (XceiverServerGrpc.java:start(149)) - XceiverServerGrpc b3a93a1c-bd5d-4647-93a8-f02890694163 is started using port 44876
2019-10-04 21:26:21,831 [Datanode State Machine Thread - 0] INFO  ozoneimpl.OzoneContainer (OzoneContainer.java:start(217)) - Attempting to start container services.
2019-10-04 21:26:21,832 [Datanode State Machine Thread - 0] INFO  ozoneimpl.OzoneContainer (OzoneContainer.java:startContainerScrub(179)) - Background container scanner has been disabled.
2019-10-04 21:26:21,832 [Datanode State Machine Thread - 0] INFO  ratis.XceiverServerRatis (XceiverServerRatis.java:start(417)) - Starting XceiverServerRatis aa0e7599-6889-4ac9-8da1-2d5668e426b3 at port 0
2019-10-04 21:26:21,839 [Datanode State Machine Thread - 0] INFO  impl.RaftServerProxy (RaftServerProxy.java:lambda$start$3(299)) - aa0e7599-6889-4ac9-8da1-2d5668e426b3: start RPC server
2019-10-04 21:26:21,841 [Datanode State Machine Thread - 0] INFO  server.GrpcService (GrpcService.java:startImpl(158)) - aa0e7599-6889-4ac9-8da1-2d5668e426b3: GrpcService started, listening on 0.0.0.0/0.0.0.0:36897
2019-10-04 21:26:21,842 [Datanode State Machine Thread - 0] INFO  ratis.XceiverServerRatis (XceiverServerRatis.java:start(427)) - XceiverServerRatis aa0e7599-6889-4ac9-8da1-2d5668e426b3 is started using port 36897
2019-10-04 21:26:21,844 [Datanode State Machine Thread - 0] INFO  server.XceiverServerGrpc (XceiverServerGrpc.java:start(149)) - XceiverServerGrpc aa0e7599-6889-4ac9-8da1-2d5668e426b3 is started using port 37157
2019-10-04 21:26:21,916 [Datanode State Machine Thread - 0] INFO  ozoneimpl.OzoneContainer (OzoneContainer.java:start(217)) - Attempting to start container services.
2019-10-04 21:26:21,917 [Datanode State Machine Thread - 0] INFO  ozoneimpl.OzoneContainer (OzoneContainer.java:startContainerScrub(179)) - Background container scanner has been disabled.
2019-10-04 21:26:21,917 [Datanode State Machine Thread - 0] INFO  ratis.XceiverServerRatis (XceiverServerRatis.java:start(417)) - Starting XceiverServerRatis 13d088eb-5a30-4c3a-8eb2-9178c546b7e9 at port 0
2019-10-04 21:26:21,924 [Datanode State Machine Thread - 0] INFO  impl.RaftServerProxy (RaftServerProxy.java:lambda$start$3(299)) - 13d088eb-5a30-4c3a-8eb2-9178c546b7e9: start RPC server
2019-10-04 21:26:21,925 [Datanode State Machine Thread - 0] INFO  server.GrpcService (GrpcService.java:startImpl(158)) - 13d088eb-5a30-4c3a-8eb2-9178c546b7e9: GrpcService started, listening on 0.0.0.0/0.0.0.0:36780
2019-10-04 21:26:21,925 [Datanode State Machine Thread - 0] INFO  ratis.XceiverServerRatis (XceiverServerRatis.java:start(427)) - XceiverServerRatis 13d088eb-5a30-4c3a-8eb2-9178c546b7e9 is started using port 36780
2019-10-04 21:26:21,926 [Datanode State Machine Thread - 0] INFO  server.XceiverServerGrpc (XceiverServerGrpc.java:start(149)) - XceiverServerGrpc 13d088eb-5a30-4c3a-8eb2-9178c546b7e9 is started using port 34694
2019-10-04 21:26:21,973 [Datanode State Machine Thread - 0] INFO  ozoneimpl.OzoneContainer (OzoneContainer.java:start(217)) - Attempting to start container services.
2019-10-04 21:26:21,973 [Datanode State Machine Thread - 0] INFO  ozoneimpl.OzoneContainer (OzoneContainer.java:startContainerScrub(179)) - Background container scanner has been disabled.
2019-10-04 21:26:21,974 [Datanode State Machine Thread - 0] INFO  ratis.XceiverServerRatis (XceiverServerRatis.java:start(417)) - Starting XceiverServerRatis e71f5af9-0e50-404f-8e0b-b530ac019365 at port 0
2019-10-04 21:26:21,981 [Datanode State Machine Thread - 0] INFO  impl.RaftServerProxy (RaftServerProxy.java:lambda$start$3(299)) - e71f5af9-0e50-404f-8e0b-b530ac019365: start RPC server
2019-10-04 21:26:21,982 [Datanode State Machine Thread - 0] INFO  server.GrpcService (GrpcService.java:startImpl(158)) - e71f5af9-0e50-404f-8e0b-b530ac019365: GrpcService started, listening on 0.0.0.0/0.0.0.0:33241
2019-10-04 21:26:21,982 [Datanode State Machine Thread - 0] INFO  ratis.XceiverServerRatis (XceiverServerRatis.java:start(427)) - XceiverServerRatis e71f5af9-0e50-404f-8e0b-b530ac019365 is started using port 33241
2019-10-04 21:26:21,983 [Datanode State Machine Thread - 0] INFO  server.XceiverServerGrpc (XceiverServerGrpc.java:start(149)) - XceiverServerGrpc e71f5af9-0e50-404f-8e0b-b530ac019365 is started using port 40322
2019-10-04 21:26:22,016 [main] INFO  ozone.MiniOzoneClusterImpl (MiniOzoneClusterImpl.java:lambda$waitForClusterToBeReady$0(147)) - Waiting for cluster to be ready. Got 0 of 7 DN Heartbeats.
2019-10-04 21:26:22,032 [Datanode State Machine Thread - 0] INFO  ozoneimpl.OzoneContainer (OzoneContainer.java:start(217)) - Attempting to start container services.
2019-10-04 21:26:22,032 [Datanode State Machine Thread - 0] INFO  ozoneimpl.OzoneContainer (OzoneContainer.java:startContainerScrub(179)) - Background container scanner has been disabled.
2019-10-04 21:26:22,032 [Datanode State Machine Thread - 0] INFO  ratis.XceiverServerRatis (XceiverServerRatis.java:start(417)) - Starting XceiverServerRatis b33e9b63-acfc-4b47-b8d0-9566c36bc898 at port 0
2019-10-04 21:26:22,038 [Datanode State Machine Thread - 0] INFO  impl.RaftServerProxy (RaftServerProxy.java:lambda$start$3(299)) - b33e9b63-acfc-4b47-b8d0-9566c36bc898: start RPC server
2019-10-04 21:26:22,039 [Datanode State Machine Thread - 0] INFO  server.GrpcService (GrpcService.java:startImpl(158)) - b33e9b63-acfc-4b47-b8d0-9566c36bc898: GrpcService started, listening on 0.0.0.0/0.0.0.0:46340
2019-10-04 21:26:22,039 [Datanode State Machine Thread - 0] INFO  ratis.XceiverServerRatis (XceiverServerRatis.java:start(427)) - XceiverServerRatis b33e9b63-acfc-4b47-b8d0-9566c36bc898 is started using port 46340
2019-10-04 21:26:22,039 [Datanode State Machine Thread - 0] INFO  server.XceiverServerGrpc (XceiverServerGrpc.java:start(149)) - XceiverServerGrpc b33e9b63-acfc-4b47-b8d0-9566c36bc898 is started using port 42817
2019-10-04 21:26:23,017 [main] INFO  ozone.MiniOzoneClusterImpl (MiniOzoneClusterImpl.java:lambda$waitForClusterToBeReady$0(147)) - Waiting for cluster to be ready. Got 0 of 7 DN Heartbeats.
2019-10-04 21:26:23,582 [IPC Server handler 5 on 34893] INFO  net.NetworkTopology (NetworkTopologyImpl.java:add(111)) - Added a new node: /default-rack/aef531bd-6946-4f65-aff1-2034fa836c06
2019-10-04 21:26:23,585 [IPC Server handler 5 on 34893] INFO  node.SCMNodeManager (SCMNodeManager.java:register(268)) - Registered Data node : aef531bd-6946-4f65-aff1-2034fa836c06{ip: 192.168.151.72, host: pr-hdds-2239-t668n-1079239961, networkLocation: /default-rack, certSerialId: null}
2019-10-04 21:26:23,586 [EventQueue-NodeRegistrationContainerReportForDataNodeSafeModeRule] INFO  safemode.SCMSafeModeManager (DataNodeSafeModeRule.java:process(71)) - SCM in safe mode. 1 DataNodes registered, 1 required.
2019-10-04 21:26:23,589 [EventQueue-NodeRegistrationContainerReportForDataNodeSafeModeRule] INFO  safemode.SCMSafeModeManager (SCMSafeModeManager.java:validateSafeModeExitRules(177)) - ScmSafeModeManager, all rules are successfully validated
2019-10-04 21:26:23,589 [EventQueue-NodeRegistrationContainerReportForDataNodeSafeModeRule] INFO  safemode.SCMSafeModeManager (SCMSafeModeManager.java:exitSafeMode(193)) - SCM exiting safe mode.
2019-10-04 21:26:23,604 [grpc-default-executor-1] INFO  impl.RaftServerProxy (RaftServerProxy.java:addNew(89)) - aef531bd-6946-4f65-aff1-2034fa836c06: addNew group-B2822BF26BDD:[aef531bd-6946-4f65-aff1-2034fa836c06:192.168.151.72:33855] returns group-B2822BF26BDD:java.util.concurrent.CompletableFuture@d878e56[Not completed]
2019-10-04 21:26:23,608 [pool-207-thread-1] INFO  impl.RaftServerImpl (RaftServerImpl.java:<init>(95)) - aef531bd-6946-4f65-aff1-2034fa836c06: new RaftServerImpl for group-B2822BF26BDD:[aef531bd-6946-4f65-aff1-2034fa836c06:192.168.151.72:33855] with ContainerStateMachine:uninitialized
2019-10-04 21:26:23,609 [pool-207-thread-1] INFO  server.RaftServerConfigKeys (ConfUtils.java:logGet(43)) - raft.server.rpc.timeout.min = 5s (custom)
2019-10-04 21:26:23,609 [pool-207-thread-1] INFO  server.RaftServerConfigKeys (ConfUtils.java:logGet(43)) - raft.server.rpc.timeout.max = 5200ms (custom)
2019-10-04 21:26:23,609 [pool-207-thread-1] INFO  server.RaftServerConfigKeys (ConfUtils.java:logGet(43)) - raft.server.rpcslowness.timeout = 120s (custom)
2019-10-04 21:26:23,609 [pool-207-thread-1] INFO  server.RaftServerConfigKeys (ConfUtils.java:logGet(43)) - raft.server.sleep.deviation.threshold = 300 (default)
2019-10-04 21:26:23,609 [pool-207-thread-1] INFO  server.RaftServerConfigKeys (ConfUtils.java:logGet(43)) - raft.server.log.appender.install.snapshot.enabled = false (custom)
2019-10-04 21:26:23,610 [pool-207-thread-1] INFO  impl.RaftServerImpl (ServerState.java:<init>(103)) - aef531bd-6946-4f65-aff1-2034fa836c06@group-B2822BF26BDD: ConfigurationManager, init=-1: [aef531bd-6946-4f65-aff1-2034fa836c06:192.168.151.72:33855], old=null, confs=<EMPTY_MAP>
2019-10-04 21:26:23,610 [pool-207-thread-1] INFO  server.RaftServerConfigKeys (ConfUtils.java:logGet(43)) - raft.server.storage.dir = [/workdir/hadoop-ozone/integration-test/target/test-dir/MiniOzoneClusterImpl-40beb1f2-94b2-4db7-b7c7-fe5f3583899d/datanode-0/data/ratis] (custom)
2019-10-04 21:26:23,611 [pool-207-thread-1] INFO  server.RaftServerConfigKeys (ConfUtils.java:logGet(43)) - raft.server.log.corruption.policy = EXCEPTION (default)
2019-10-04 21:26:23,611 [pool-207-thread-1] INFO  storage.RaftStorageDirectory (RaftStorageDirectory.java:analyzeStorage(246)) - The storage directory /workdir/hadoop-ozone/integration-test/target/test-dir/MiniOzoneClusterImpl-40beb1f2-94b2-4db7-b7c7-fe5f3583899d/datanode-0/data/ratis/95e2efbc-da91-48c2-9b3e-b2822bf26bdd does not exist. Creating ...
2019-10-04 21:26:23,625 [pool-207-thread-1] INFO  storage.RaftStorageDirectory (RaftStorageDirectory.java:tryLock(328)) - Lock on /workdir/hadoop-ozone/integration-test/target/test-dir/MiniOzoneClusterImpl-40beb1f2-94b2-4db7-b7c7-fe5f3583899d/datanode-0/data/ratis/95e2efbc-da91-48c2-9b3e-b2822bf26bdd/in_use.lock acquired by nodename 26541@pr-hdds-2239-t668n-1079239961
2019-10-04 21:26:23,638 [pool-207-thread-1] INFO  storage.RaftStorage (RaftStorage.java:format(84)) - Storage directory /workdir/hadoop-ozone/integration-test/target/test-dir/MiniOzoneClusterImpl-40beb1f2-94b2-4db7-b7c7-fe5f3583899d/datanode-0/data/ratis/95e2efbc-da91-48c2-9b3e-b2822bf26bdd has been successfully formatted.
2019-10-04 21:26:23,638 [pool-207-thread-1] INFO  ratis.ContainerStateMachine (ContainerStateMachine.java:loadSnapshot(230)) - group-B2822BF26BDD: The snapshot info is null. Setting the last applied indexto:(t:0, i:~)
2019-10-04 21:26:23,638 [pool-207-thread-1] INFO  server.RaftServerConfigKeys (ConfUtils.java:logGet(43)) - raft.server.notification.no-leader.timeout = 120s (custom)
2019-10-04 21:26:23,638 [pool-207-thread-1] INFO  server.RaftServerConfigKeys (ConfUtils.java:logGet(43)) - raft.server.log.use.memory = false (default)
2019-10-04 21:26:23,639 [pool-207-thread-1] INFO  server.RaftServerConfigKeys (ConfUtils.java:logGet(43)) - raft.server.log.purge.gap = 1000000 (custom)
2019-10-04 21:26:23,639 [pool-207-thread-1] INFO  server.RaftServerConfigKeys (ConfUtils.java:logGet(43)) - raft.server.log.appender.buffer.byte-limit = 33554432 (custom)
2019-10-04 21:26:23,639 [pool-207-thread-1] INFO  server.RaftServerConfigKeys (ConfUtils.java:logGet(43)) - raft.server.log.segment.size.max = 1048576 (custom)
2019-10-04 21:26:23,642 [pool-207-thread-1] INFO  server.RaftServerConfigKeys (ConfUtils.java:logGet(43)) - raft.server.log.segment.cache.num.max = 2 (custom)
2019-10-04 21:26:23,642 [pool-207-thread-1] INFO  segmented.SegmentedRaftLogWorker (SegmentedRaftLogWorker.java:<init>(173)) - new aef531bd-6946-4f65-aff1-2034fa836c06@group-B2822BF26BDD-SegmentedRaftLogWorker for RaftStorage:Storage Directory /workdir/hadoop-ozone/integration-test/target/test-dir/MiniOzoneClusterImpl-40beb1f2-94b2-4db7-b7c7-fe5f3583899d/datanode-0/data/ratis/95e2efbc-da91-48c2-9b3e-b2822bf26bdd
2019-10-04 21:26:23,642 [pool-207-thread-1] INFO  server.RaftServerConfigKeys (ConfUtils.java:logGet(43)) - raft.server.log.queue.byte-limit = 2147483647 (custom)
2019-10-04 21:26:23,642 [pool-207-thread-1] INFO  server.RaftServerConfigKeys (ConfUtils.java:logGet(43)) - raft.server.log.queue.element-limit = 1024 (custom)
2019-10-04 21:26:23,643 [pool-207-thread-1] INFO  server.RaftServerConfigKeys (ConfUtils.java:logGet(43)) - raft.server.log.segment.size.max = 1048576 (custom)
2019-10-04 21:26:23,643 [pool-207-thread-1] INFO  server.RaftServerConfigKeys (ConfUtils.java:logGet(43)) - raft.server.log.preallocated.size = 16384 (custom)
2019-10-04 21:26:23,643 [pool-207-thread-1] INFO  server.RaftServerConfigKeys (ConfUtils.java:logGet(43)) - raft.server.log.write.buffer.size = 33554432 (custom)
2019-10-04 21:26:23,643 [pool-207-thread-1] INFO  server.RaftServerConfigKeys (ConfUtils.java:logGet(43)) - raft.server.log.force.sync.num = 128 (default)
2019-10-04 21:26:23,643 [pool-207-thread-1] INFO  server.RaftServerConfigKeys (ConfUtils.java:logGet(43)) - raft.server.log.statemachine.data.sync = true (default)
2019-10-04 21:26:23,643 [pool-207-thread-1] INFO  server.RaftServerConfigKeys (ConfUtils.java:logGet(43)) - raft.server.log.statemachine.data.sync.timeout = 10s (default)
2019-10-04 21:26:23,643 [pool-207-thread-1] INFO  server.RaftServerConfigKeys (ConfUtils.java:logGet(43)) - raft.server.log.statemachine.data.sync.timeout.retry = -1 (default)
2019-10-04 21:26:23,644 [pool-207-thread-1] INFO  server.RaftServerConfigKeys (ConfUtils.java:logGet(43)) - raft.server.log.statemachine.data.caching.enabled = true (custom)
2019-10-04 21:26:23,645 [pool-207-thread-1] INFO  segmented.SegmentedRaftLogWorker (SegmentedRaftLogWorker.java:lambda$new$0(128)) - aef531bd-6946-4f65-aff1-2034fa836c06@group-B2822BF26BDD-SegmentedRaftLogWorker: flushIndex: setUnconditionally 0 -> -1
2019-10-04 21:26:23,645 [pool-207-thread-1] INFO  server.RaftServerConfigKeys (ConfUtils.java:logGet(43)) - raft.server.snapshot.auto.trigger.enabled = true (custom)
2019-10-04 21:26:23,645 [pool-207-thread-1] INFO  server.RaftServerConfigKeys (ConfUtils.java:logGet(43)) - raft.server.snapshot.auto.trigger.threshold = 10000 (custom)
2019-10-04 21:26:23,645 [pool-207-thread-1] INFO  server.RaftServerConfigKeys (ConfUtils.java:logGet(43)) - raft.server.snapshot.retention.file.num = 5 (custom)
2019-10-04 21:26:23,645 [pool-207-thread-1] INFO  server.RaftServerConfigKeys (ConfUtils.java:logGet(43)) - raft.server.retrycache.expirytime = 600000ms (custom)
2019-10-04 21:26:23,648 [pool-207-thread-1] INFO  impl.RaftServerImpl (RaftServerImpl.java:start(181)) - aef531bd-6946-4f65-aff1-2034fa836c06@group-B2822BF26BDD: start as a follower, conf=-1: [aef531bd-6946-4f65-aff1-2034fa836c06:192.168.151.72:33855], old=null
2019-10-04 21:26:23,648 [pool-207-thread-1] INFO  impl.RaftServerImpl (RaftServerImpl.java:setRole(170)) - aef531bd-6946-4f65-aff1-2034fa836c06@group-B2822BF26BDD: changes role from      null to FOLLOWER at term 0 for startAsFollower
2019-10-04 21:26:23,648 [pool-207-thread-1] INFO  impl.RoleInfo (RoleInfo.java:updateAndGet(143)) - aef531bd-6946-4f65-aff1-2034fa836c06: start FollowerState
2019-10-04 21:26:23,648 [pool-207-thread-1] INFO  util.JmxRegister (JmxRegister.java:tryRegister(44)) - Successfully registered JMX Bean with object name Ratis:service=RaftServer,group=group-B2822BF26BDD,id=aef531bd-6946-4f65-aff1-2034fa836c06
2019-10-04 21:26:23,658 [RatisPipelineUtilsThread] INFO  pipeline.PipelineStateManager (PipelineStateManager.java:addPipeline(56)) - Created pipeline Pipeline[ Id: 95e2efbc-da91-48c2-9b3e-b2822bf26bdd, Nodes: aef531bd-6946-4f65-aff1-2034fa836c06{ip: 192.168.151.72, host: pr-hdds-2239-t668n-1079239961, networkLocation: /default-rack, certSerialId: null}, Type:RATIS, Factor:ONE, State:OPEN]
2019-10-04 21:26:23,662 [IPC Server handler 1 on 34893] INFO  net.NetworkTopology (NetworkTopologyImpl.java:add(111)) - Added a new node: /default-rack/85482a46-d908-46a3-b4f7-930495164df5
2019-10-04 21:26:23,662 [IPC Server handler 1 on 34893] INFO  node.SCMNodeManager (SCMNodeManager.java:register(268)) - Registered Data node : 85482a46-d908-46a3-b4f7-930495164df5{ip: 192.168.151.72, host: pr-hdds-2239-t668n-1079239961, networkLocation: /default-rack, certSerialId: null}
2019-10-04 21:26:23,679 [grpc-default-executor-1] INFO  impl.RaftServerProxy (RaftServerProxy.java:addNew(89)) - 85482a46-d908-46a3-b4f7-930495164df5: addNew group-767B5EAC5E4B:[85482a46-d908-46a3-b4f7-930495164df5:192.168.151.72:45133] returns group-767B5EAC5E4B:java.util.concurrent.CompletableFuture@13ab3184[Not completed]
2019-10-04 21:26:23,680 [pool-217-thread-1] INFO  impl.RaftServerImpl (RaftServerImpl.java:<init>(95)) - 85482a46-d908-46a3-b4f7-930495164df5: new RaftServerImpl for group-767B5EAC5E4B:[85482a46-d908-46a3-b4f7-930495164df5:192.168.151.72:45133] with ContainerStateMachine:uninitialized
2019-10-04 21:26:23,680 [pool-217-thread-1] INFO  server.RaftServerConfigKeys (ConfUtils.java:logGet(43)) - raft.server.rpc.timeout.min = 5s (custom)
2019-10-04 21:26:23,680 [pool-217-thread-1] INFO  server.RaftServerConfigKeys (ConfUtils.java:logGet(43)) - raft.server.rpc.timeout.max = 5200ms (custom)
2019-10-04 21:26:23,680 [pool-217-thread-1] INFO  server.RaftServerConfigKeys (ConfUtils.java:logGet(43)) - raft.server.rpcslowness.timeout = 120s (custom)
2019-10-04 21:26:23,680 [pool-217-thread-1] INFO  server.RaftServerConfigKeys (ConfUtils.java:logGet(43)) - raft.server.sleep.deviation.threshold = 300 (default)
2019-10-04 21:26:23,680 [pool-217-thread-1] INFO  server.RaftServerConfigKeys (ConfUtils.java:logGet(43)) - raft.server.log.appender.install.snapshot.enabled = false (custom)
2019-10-04 21:26:23,680 [pool-217-thread-1] INFO  impl.RaftServerImpl (ServerState.java:<init>(103)) - 85482a46-d908-46a3-b4f7-930495164df5@group-767B5EAC5E4B: ConfigurationManager, init=-1: [85482a46-d908-46a3-b4f7-930495164df5:192.168.151.72:45133], old=null, confs=<EMPTY_MAP>
2019-10-04 21:26:23,680 [pool-217-thread-1] INFO  server.RaftServerConfigKeys (ConfUtils.java:logGet(43)) - raft.server.storage.dir = [/workdir/hadoop-ozone/integration-test/target/test-dir/MiniOzoneClusterImpl-40beb1f2-94b2-4db7-b7c7-fe5f3583899d/datanode-1/data/ratis] (custom)
2019-10-04 21:26:23,681 [pool-217-thread-1] INFO  server.RaftServerConfigKeys (ConfUtils.java:logGet(43)) - raft.server.log.corruption.policy = EXCEPTION (default)
2019-10-04 21:26:23,681 [pool-217-thread-1] INFO  storage.RaftStorageDirectory (RaftStorageDirectory.java:analyzeStorage(246)) - The storage directory /workdir/hadoop-ozone/integration-test/target/test-dir/MiniOzoneClusterImpl-40beb1f2-94b2-4db7-b7c7-fe5f3583899d/datanode-1/data/ratis/5edd7da8-e3a7-4a60-a508-767b5eac5e4b does not exist. Creating ...
2019-10-04 21:26:23,693 [pool-217-thread-1] INFO  storage.RaftStorageDirectory (RaftStorageDirectory.java:tryLock(328)) - Lock on /workdir/hadoop-ozone/integration-test/target/test-dir/MiniOzoneClusterImpl-40beb1f2-94b2-4db7-b7c7-fe5f3583899d/datanode-1/data/ratis/5edd7da8-e3a7-4a60-a508-767b5eac5e4b/in_use.lock acquired by nodename 26541@pr-hdds-2239-t668n-1079239961
2019-10-04 21:26:23,706 [pool-217-thread-1] INFO  storage.RaftStorage (RaftStorage.java:format(84)) - Storage directory /workdir/hadoop-ozone/integration-test/target/test-dir/MiniOzoneClusterImpl-40beb1f2-94b2-4db7-b7c7-fe5f3583899d/datanode-1/data/ratis/5edd7da8-e3a7-4a60-a508-767b5eac5e4b has been successfully formatted.
2019-10-04 21:26:23,706 [pool-217-thread-1] INFO  ratis.ContainerStateMachine (ContainerStateMachine.java:loadSnapshot(230)) - group-767B5EAC5E4B: The snapshot info is null. Setting the last applied indexto:(t:0, i:~)
2019-10-04 21:26:23,706 [pool-217-thread-1] INFO  server.RaftServerConfigKeys (ConfUtils.java:logGet(43)) - raft.server.notification.no-leader.timeout = 120s (custom)
2019-10-04 21:26:23,706 [pool-217-thread-1] INFO  server.RaftServerConfigKeys (ConfUtils.java:logGet(43)) - raft.server.log.use.memory = false (default)
2019-10-04 21:26:23,706 [pool-217-thread-1] INFO  server.RaftServerConfigKeys (ConfUtils.java:logGet(43)) - raft.server.log.purge.gap = 1000000 (custom)
2019-10-04 21:26:23,706 [pool-217-thread-1] INFO  server.RaftServerConfigKeys (ConfUtils.java:logGet(43)) - raft.server.log.appender.buffer.byte-limit = 33554432 (custom)
2019-10-04 21:26:23,706 [pool-217-thread-1] INFO  server.RaftServerConfigKeys (ConfUtils.java:logGet(43)) - raft.server.log.segment.size.max = 1048576 (custom)
2019-10-04 21:26:23,708 [pool-217-thread-1] INFO  server.RaftServerConfigKeys (ConfUtils.java:logGet(43)) - raft.server.log.segment.cache.num.max = 2 (custom)
2019-10-04 21:26:23,708 [pool-217-thread-1] INFO  segmented.SegmentedRaftLogWorker (SegmentedRaftLogWorker.java:<init>(173)) - new 85482a46-d908-46a3-b4f7-930495164df5@group-767B5EAC5E4B-SegmentedRaftLogWorker for RaftStorage:Storage Directory /workdir/hadoop-ozone/integration-test/target/test-dir/MiniOzoneClusterImpl-40beb1f2-94b2-4db7-b7c7-fe5f3583899d/datanode-1/data/ratis/5edd7da8-e3a7-4a60-a508-767b5eac5e4b
2019-10-04 21:26:23,708 [pool-217-thread-1] INFO  server.RaftServerConfigKeys (ConfUtils.java:logGet(43)) - raft.server.log.queue.byte-limit = 2147483647 (custom)
2019-10-04 21:26:23,708 [pool-217-thread-1] INFO  server.RaftServerConfigKeys (ConfUtils.java:logGet(43)) - raft.server.log.queue.element-limit = 1024 (custom)
2019-10-04 21:26:23,708 [pool-217-thread-1] INFO  server.RaftServerConfigKeys (ConfUtils.java:logGet(43)) - raft.server.log.segment.size.max = 1048576 (custom)
2019-10-04 21:26:23,708 [pool-217-thread-1] INFO  server.RaftServerConfigKeys (ConfUtils.java:logGet(43)) - raft.server.log.preallocated.size = 16384 (custom)
2019-10-04 21:26:23,708 [pool-217-thread-1] INFO  server.RaftServerConfigKeys (ConfUtils.java:logGet(43)) - raft.server.log.write.buffer.size = 33554432 (custom)
2019-10-04 21:26:23,708 [pool-217-thread-1] INFO  server.RaftServerConfigKeys (ConfUtils.java:logGet(43)) - raft.server.log.force.sync.num = 128 (default)
2019-10-04 21:26:23,708 [pool-217-thread-1] INFO  server.RaftServerConfigKeys (ConfUtils.java:logGet(43)) - raft.server.log.statemachine.data.sync = true (default)
2019-10-04 21:26:23,709 [pool-217-thread-1] INFO  server.RaftServerConfigKeys (ConfUtils.java:logGet(43)) - raft.server.log.statemachine.data.sync.timeout = 10s (default)
2019-10-04 21:26:23,709 [pool-217-thread-1] INFO  server.RaftServerConfigKeys (ConfUtils.java:logGet(43)) - raft.server.log.statemachine.data.sync.timeout.retry = -1 (default)
2019-10-04 21:26:23,709 [pool-217-thread-1] INFO  server.RaftServerConfigKeys (ConfUtils.java:logGet(43)) - raft.server.log.statemachine.data.caching.enabled = true (custom)
2019-10-04 21:26:23,709 [pool-217-thread-1] INFO  segmented.SegmentedRaftLogWorker (SegmentedRaftLogWorker.java:lambda$new$0(128)) - 85482a46-d908-46a3-b4f7-930495164df5@group-767B5EAC5E4B-SegmentedRaftLogWorker: flushIndex: setUnconditionally 0 -> -1
2019-10-04 21:26:23,709 [pool-217-thread-1] INFO  server.RaftServerConfigKeys (ConfUtils.java:logGet(43)) - raft.server.snapshot.auto.trigger.enabled = true (custom)
2019-10-04 21:26:23,709 [pool-217-thread-1] INFO  server.RaftServerConfigKeys (ConfUtils.java:logGet(43)) - raft.server.snapshot.auto.trigger.threshold = 10000 (custom)
2019-10-04 21:26:23,710 [pool-217-thread-1] INFO  server.RaftServerConfigKeys (ConfUtils.java:logGet(43)) - raft.server.snapshot.retention.file.num = 5 (custom)
2019-10-04 21:26:23,710 [pool-217-thread-1] INFO  server.RaftServerConfigKeys (ConfUtils.java:logGet(43)) - raft.server.retrycache.expirytime = 600000ms (custom)
2019-10-04 21:26:23,711 [pool-217-thread-1] INFO  impl.RaftServerImpl (RaftServerImpl.java:start(181)) - 85482a46-d908-46a3-b4f7-930495164df5@group-767B5EAC5E4B: start as a follower, conf=-1: [85482a46-d908-46a3-b4f7-930495164df5:192.168.151.72:45133], old=null
2019-10-04 21:26:23,711 [pool-217-thread-1] INFO  impl.RaftServerImpl (RaftServerImpl.java:setRole(170)) - 85482a46-d908-46a3-b4f7-930495164df5@group-767B5EAC5E4B: changes role from      null to FOLLOWER at term 0 for startAsFollower
2019-10-04 21:26:23,711 [pool-217-thread-1] INFO  impl.RoleInfo (RoleInfo.java:updateAndGet(143)) - 85482a46-d908-46a3-b4f7-930495164df5: start FollowerState
2019-10-04 21:26:23,711 [pool-217-thread-1] INFO  util.JmxRegister (JmxRegister.java:tryRegister(44)) - Successfully registered JMX Bean with object name Ratis:service=RaftServer,group=group-767B5EAC5E4B,id=85482a46-d908-46a3-b4f7-930495164df5
2019-10-04 21:26:23,717 [RatisPipelineUtilsThread] INFO  pipeline.PipelineStateManager (PipelineStateManager.java:addPipeline(56)) - Created pipeline Pipeline[ Id: 5edd7da8-e3a7-4a60-a508-767b5eac5e4b, Nodes: 85482a46-d908-46a3-b4f7-930495164df5{ip: 192.168.151.72, host: pr-hdds-2239-t668n-1079239961, networkLocation: /default-rack, certSerialId: null}, Type:RATIS, Factor:ONE, State:OPEN]
2019-10-04 21:26:23,737 [IPC Server handler 7 on 34893] INFO  net.NetworkTopology (NetworkTopologyImpl.java:add(111)) - Added a new node: /default-rack/b3a93a1c-bd5d-4647-93a8-f02890694163
2019-10-04 21:26:23,737 [IPC Server handler 7 on 34893] INFO  node.SCMNodeManager (SCMNodeManager.java:register(268)) - Registered Data node : b3a93a1c-bd5d-4647-93a8-f02890694163{ip: 192.168.151.72, host: pr-hdds-2239-t668n-1079239961, networkLocation: /default-rack, certSerialId: null}
2019-10-04 21:26:23,744 [grpc-default-executor-1] INFO  impl.RaftServerProxy (RaftServerProxy.java:addNew(89)) - b3a93a1c-bd5d-4647-93a8-f02890694163: addNew group-17C1022369B3:[b3a93a1c-bd5d-4647-93a8-f02890694163:192.168.151.72:38085] returns group-17C1022369B3:java.util.concurrent.CompletableFuture@6b453501[Not completed]
2019-10-04 21:26:23,745 [pool-227-thread-1] INFO  impl.RaftServerImpl (RaftServerImpl.java:<init>(95)) - b3a93a1c-bd5d-4647-93a8-f02890694163: new RaftServerImpl for group-17C1022369B3:[b3a93a1c-bd5d-4647-93a8-f02890694163:192.168.151.72:38085] with ContainerStateMachine:uninitialized
2019-10-04 21:26:23,745 [pool-227-thread-1] INFO  server.RaftServerConfigKeys (ConfUtils.java:logGet(43)) - raft.server.rpc.timeout.min = 5s (custom)
2019-10-04 21:26:23,745 [pool-227-thread-1] INFO  server.RaftServerConfigKeys (ConfUtils.java:logGet(43)) - raft.server.rpc.timeout.max = 5200ms (custom)
2019-10-04 21:26:23,745 [pool-227-thread-1] INFO  server.RaftServerConfigKeys (ConfUtils.java:logGet(43)) - raft.server.rpcslowness.timeout = 120s (custom)
2019-10-04 21:26:23,745 [pool-227-thread-1] INFO  server.RaftServerConfigKeys (ConfUtils.java:logGet(43)) - raft.server.sleep.deviation.threshold = 300 (default)
2019-10-04 21:26:23,745 [pool-227-thread-1] INFO  server.RaftServerConfigKeys (ConfUtils.java:logGet(43)) - raft.server.log.appender.install.snapshot.enabled = false (custom)
2019-10-04 21:26:23,745 [pool-227-thread-1] INFO  impl.RaftServerImpl (ServerState.java:<init>(103)) - b3a93a1c-bd5d-4647-93a8-f02890694163@group-17C1022369B3: ConfigurationManager, init=-1: [b3a93a1c-bd5d-4647-93a8-f02890694163:192.168.151.72:38085], old=null, confs=<EMPTY_MAP>
2019-10-04 21:26:23,745 [pool-227-thread-1] INFO  server.RaftServerConfigKeys (ConfUtils.java:logGet(43)) - raft.server.storage.dir = [/workdir/hadoop-ozone/integration-test/target/test-dir/MiniOzoneClusterImpl-40beb1f2-94b2-4db7-b7c7-fe5f3583899d/datanode-2/data/ratis] (custom)
2019-10-04 21:26:23,746 [pool-227-thread-1] INFO  server.RaftServerConfigKeys (ConfUtils.java:logGet(43)) - raft.server.log.corruption.policy = EXCEPTION (default)
2019-10-04 21:26:23,746 [pool-227-thread-1] INFO  storage.RaftStorageDirectory (RaftStorageDirectory.java:analyzeStorage(246)) - The storage directory /workdir/hadoop-ozone/integration-test/target/test-dir/MiniOzoneClusterImpl-40beb1f2-94b2-4db7-b7c7-fe5f3583899d/datanode-2/data/ratis/9af09692-9440-4e27-890a-17c1022369b3 does not exist. Creating ...
2019-10-04 21:26:23,758 [pool-227-thread-1] INFO  storage.RaftStorageDirectory (RaftStorageDirectory.java:tryLock(328)) - Lock on /workdir/hadoop-ozone/integration-test/target/test-dir/MiniOzoneClusterImpl-40beb1f2-94b2-4db7-b7c7-fe5f3583899d/datanode-2/data/ratis/9af09692-9440-4e27-890a-17c1022369b3/in_use.lock acquired by nodename 26541@pr-hdds-2239-t668n-1079239961
2019-10-04 21:26:23,771 [pool-227-thread-1] INFO  storage.RaftStorage (RaftStorage.java:format(84)) - Storage directory /workdir/hadoop-ozone/integration-test/target/test-dir/MiniOzoneClusterImpl-40beb1f2-94b2-4db7-b7c7-fe5f3583899d/datanode-2/data/ratis/9af09692-9440-4e27-890a-17c1022369b3 has been successfully formatted.
2019-10-04 21:26:23,771 [pool-227-thread-1] INFO  ratis.ContainerStateMachine (ContainerStateMachine.java:loadSnapshot(230)) - group-17C1022369B3: The snapshot info is null. Setting the last applied indexto:(t:0, i:~)
2019-10-04 21:26:23,771 [pool-227-thread-1] INFO  server.RaftServerConfigKeys (ConfUtils.java:logGet(43)) - raft.server.notification.no-leader.timeout = 120s (custom)
2019-10-04 21:26:23,771 [pool-227-thread-1] INFO  server.RaftServerConfigKeys (ConfUtils.java:logGet(43)) - raft.server.log.use.memory = false (default)
2019-10-04 21:26:23,771 [pool-227-thread-1] INFO  server.RaftServerConfigKeys (ConfUtils.java:logGet(43)) - raft.server.log.purge.gap = 1000000 (custom)
2019-10-04 21:26:23,771 [pool-227-thread-1] INFO  server.RaftServerConfigKeys (ConfUtils.java:logGet(43)) - raft.server.log.appender.buffer.byte-limit = 33554432 (custom)
2019-10-04 21:26:23,772 [pool-227-thread-1] INFO  server.RaftServerConfigKeys (ConfUtils.java:logGet(43)) - raft.server.log.segment.size.max = 1048576 (custom)
2019-10-04 21:26:23,773 [pool-227-thread-1] INFO  server.RaftServerConfigKeys (ConfUtils.java:logGet(43)) - raft.server.log.segment.cache.num.max = 2 (custom)
2019-10-04 21:26:23,773 [pool-227-thread-1] INFO  segmented.SegmentedRaftLogWorker (SegmentedRaftLogWorker.java:<init>(173)) - new b3a93a1c-bd5d-4647-93a8-f02890694163@group-17C1022369B3-SegmentedRaftLogWorker for RaftStorage:Storage Directory /workdir/hadoop-ozone/integration-test/target/test-dir/MiniOzoneClusterImpl-40beb1f2-94b2-4db7-b7c7-fe5f3583899d/datanode-2/data/ratis/9af09692-9440-4e27-890a-17c1022369b3
2019-10-04 21:26:23,773 [pool-227-thread-1] INFO  server.RaftServerConfigKeys (ConfUtils.java:logGet(43)) - raft.server.log.queue.byte-limit = 2147483647 (custom)
2019-10-04 21:26:23,773 [pool-227-thread-1] INFO  server.RaftServerConfigKeys (ConfUtils.java:logGet(43)) - raft.server.log.queue.element-limit = 1024 (custom)
2019-10-04 21:26:23,774 [pool-227-thread-1] INFO  server.RaftServerConfigKeys (ConfUtils.java:logGet(43)) - raft.server.log.segment.size.max = 1048576 (custom)
2019-10-04 21:26:23,774 [pool-227-thread-1] INFO  server.RaftServerConfigKeys (ConfUtils.java:logGet(43)) - raft.server.log.preallocated.size = 16384 (custom)
2019-10-04 21:26:23,774 [pool-227-thread-1] INFO  server.RaftServerConfigKeys (ConfUtils.java:logGet(43)) - raft.server.log.write.buffer.size = 33554432 (custom)
2019-10-04 21:26:23,774 [pool-227-thread-1] INFO  server.RaftServerConfigKeys (ConfUtils.java:logGet(43)) - raft.server.log.force.sync.num = 128 (default)
2019-10-04 21:26:23,774 [pool-227-thread-1] INFO  server.RaftServerConfigKeys (ConfUtils.java:logGet(43)) - raft.server.log.statemachine.data.sync = true (default)
2019-10-04 21:26:23,774 [pool-227-thread-1] INFO  server.RaftServerConfigKeys (ConfUtils.java:logGet(43)) - raft.server.log.statemachine.data.sync.timeout = 10s (default)
2019-10-04 21:26:23,774 [pool-227-thread-1] INFO  server.RaftServerConfigKeys (ConfUtils.java:logGet(43)) - raft.server.log.statemachine.data.sync.timeout.retry = -1 (default)
2019-10-04 21:26:23,775 [pool-227-thread-1] INFO  server.RaftServerConfigKeys (ConfUtils.java:logGet(43)) - raft.server.log.statemachine.data.caching.enabled = true (custom)
2019-10-04 21:26:23,775 [pool-227-thread-1] INFO  segmented.SegmentedRaftLogWorker (SegmentedRaftLogWorker.java:lambda$new$0(128)) - b3a93a1c-bd5d-4647-93a8-f02890694163@group-17C1022369B3-SegmentedRaftLogWorker: flushIndex: setUnconditionally 0 -> -1
2019-10-04 21:26:23,775 [pool-227-thread-1] INFO  server.RaftServerConfigKeys (ConfUtils.java:logGet(43)) - raft.server.snapshot.auto.trigger.enabled = true (custom)
2019-10-04 21:26:23,775 [pool-227-thread-1] INFO  server.RaftServerConfigKeys (ConfUtils.java:logGet(43)) - raft.server.snapshot.auto.trigger.threshold = 10000 (custom)
2019-10-04 21:26:23,775 [pool-227-thread-1] INFO  server.RaftServerConfigKeys (ConfUtils.java:logGet(43)) - raft.server.snapshot.retention.file.num = 5 (custom)
2019-10-04 21:26:23,775 [pool-227-thread-1] INFO  server.RaftServerConfigKeys (ConfUtils.java:logGet(43)) - raft.server.retrycache.expirytime = 600000ms (custom)
2019-10-04 21:26:23,777 [pool-227-thread-1] INFO  impl.RaftServerImpl (RaftServerImpl.java:start(181)) - b3a93a1c-bd5d-4647-93a8-f02890694163@group-17C1022369B3: start as a follower, conf=-1: [b3a93a1c-bd5d-4647-93a8-f02890694163:192.168.151.72:38085], old=null
2019-10-04 21:26:23,777 [pool-227-thread-1] INFO  impl.RaftServerImpl (RaftServerImpl.java:setRole(170)) - b3a93a1c-bd5d-4647-93a8-f02890694163@group-17C1022369B3: changes role from      null to FOLLOWER at term 0 for startAsFollower
2019-10-04 21:26:23,777 [pool-227-thread-1] INFO  impl.RoleInfo (RoleInfo.java:updateAndGet(143)) - b3a93a1c-bd5d-4647-93a8-f02890694163: start FollowerState
2019-10-04 21:26:23,777 [pool-227-thread-1] INFO  util.JmxRegister (JmxRegister.java:tryRegister(44)) - Successfully registered JMX Bean with object name Ratis:service=RaftServer,group=group-17C1022369B3,id=b3a93a1c-bd5d-4647-93a8-f02890694163
2019-10-04 21:26:23,783 [RatisPipelineUtilsThread] INFO  pipeline.PipelineStateManager (PipelineStateManager.java:addPipeline(56)) - Created pipeline Pipeline[ Id: 9af09692-9440-4e27-890a-17c1022369b3, Nodes: b3a93a1c-bd5d-4647-93a8-f02890694163{ip: 192.168.151.72, host: pr-hdds-2239-t668n-1079239961, networkLocation: /default-rack, certSerialId: null}, Type:RATIS, Factor:ONE, State:OPEN]
2019-10-04 21:26:23,793 [grpc-default-executor-2] INFO  impl.RaftServerProxy (RaftServerProxy.java:addNew(89)) - aef531bd-6946-4f65-aff1-2034fa836c06: addNew group-B46CC0D4AE81:[aef531bd-6946-4f65-aff1-2034fa836c06:192.168.151.72:33855, 85482a46-d908-46a3-b4f7-930495164df5:192.168.151.72:45133, b3a93a1c-bd5d-4647-93a8-f02890694163:192.168.151.72:38085] returns group-B46CC0D4AE81:java.util.concurrent.CompletableFuture@f2203ee[Not completed]
2019-10-04 21:26:23,793 [grpc-default-executor-4] INFO  impl.RaftServerProxy (RaftServerProxy.java:addNew(89)) - b3a93a1c-bd5d-4647-93a8-f02890694163: addNew group-B46CC0D4AE81:[aef531bd-6946-4f65-aff1-2034fa836c06:192.168.151.72:33855, 85482a46-d908-46a3-b4f7-930495164df5:192.168.151.72:45133, b3a93a1c-bd5d-4647-93a8-f02890694163:192.168.151.72:38085] returns group-B46CC0D4AE81:java.util.concurrent.CompletableFuture@736cc1fd[Not completed]
2019-10-04 21:26:23,793 [grpc-default-executor-2] INFO  impl.RaftServerProxy (RaftServerProxy.java:addNew(89)) - 85482a46-d908-46a3-b4f7-930495164df5: addNew group-B46CC0D4AE81:[aef531bd-6946-4f65-aff1-2034fa836c06:192.168.151.72:33855, 85482a46-d908-46a3-b4f7-930495164df5:192.168.151.72:45133, b3a93a1c-bd5d-4647-93a8-f02890694163:192.168.151.72:38085] returns group-B46CC0D4AE81:java.util.concurrent.CompletableFuture@688c1964[Not completed]
2019-10-04 21:26:23,794 [pool-207-thread-1] INFO  impl.RaftServerImpl (RaftServerImpl.java:<init>(95)) - aef531bd-6946-4f65-aff1-2034fa836c06: new RaftServerImpl for group-B46CC0D4AE81:[aef531bd-6946-4f65-aff1-2034fa836c06:192.168.151.72:33855, 85482a46-d908-46a3-b4f7-930495164df5:192.168.151.72:45133, b3a93a1c-bd5d-4647-93a8-f02890694163:192.168.151.72:38085] with ContainerStateMachine:uninitialized
2019-10-04 21:26:23,794 [pool-207-thread-1] INFO  server.RaftServerConfigKeys (ConfUtils.java:logGet(43)) - raft.server.rpc.timeout.min = 5s (custom)
2019-10-04 21:26:23,794 [pool-207-thread-1] INFO  server.RaftServerConfigKeys (ConfUtils.java:logGet(43)) - raft.server.rpc.timeout.max = 5200ms (custom)
2019-10-04 21:26:23,794 [pool-207-thread-1] INFO  server.RaftServerConfigKeys (ConfUtils.java:logGet(43)) - raft.server.rpcslowness.timeout = 120s (custom)
2019-10-04 21:26:23,794 [pool-207-thread-1] INFO  server.RaftServerConfigKeys (ConfUtils.java:logGet(43)) - raft.server.sleep.deviation.threshold = 300 (default)
2019-10-04 21:26:23,794 [pool-207-thread-1] INFO  server.RaftServerConfigKeys (ConfUtils.java:logGet(43)) - raft.server.log.appender.install.snapshot.enabled = false (custom)
2019-10-04 21:26:23,795 [pool-207-thread-1] INFO  impl.RaftServerImpl (ServerState.java:<init>(103)) - aef531bd-6946-4f65-aff1-2034fa836c06@group-B46CC0D4AE81: ConfigurationManager, init=-1: [aef531bd-6946-4f65-aff1-2034fa836c06:192.168.151.72:33855, 85482a46-d908-46a3-b4f7-930495164df5:192.168.151.72:45133, b3a93a1c-bd5d-4647-93a8-f02890694163:192.168.151.72:38085], old=null, confs=<EMPTY_MAP>
2019-10-04 21:26:23,795 [pool-207-thread-1] INFO  server.RaftServerConfigKeys (ConfUtils.java:logGet(43)) - raft.server.storage.dir = [/workdir/hadoop-ozone/integration-test/target/test-dir/MiniOzoneClusterImpl-40beb1f2-94b2-4db7-b7c7-fe5f3583899d/datanode-0/data/ratis] (custom)
2019-10-04 21:26:23,795 [pool-227-thread-1] INFO  impl.RaftServerImpl (RaftServerImpl.java:<init>(95)) - b3a93a1c-bd5d-4647-93a8-f02890694163: new RaftServerImpl for group-B46CC0D4AE81:[aef531bd-6946-4f65-aff1-2034fa836c06:192.168.151.72:33855, 85482a46-d908-46a3-b4f7-930495164df5:192.168.151.72:45133, b3a93a1c-bd5d-4647-93a8-f02890694163:192.168.151.72:38085] with ContainerStateMachine:uninitialized
2019-10-04 21:26:23,795 [pool-207-thread-1] INFO  server.RaftServerConfigKeys (ConfUtils.java:logGet(43)) - raft.server.log.corruption.policy = EXCEPTION (default)
2019-10-04 21:26:23,795 [pool-227-thread-1] INFO  server.RaftServerConfigKeys (ConfUtils.java:logGet(43)) - raft.server.rpc.timeout.min = 5s (custom)
2019-10-04 21:26:23,795 [pool-207-thread-1] INFO  storage.RaftStorageDirectory (RaftStorageDirectory.java:analyzeStorage(246)) - The storage directory /workdir/hadoop-ozone/integration-test/target/test-dir/MiniOzoneClusterImpl-40beb1f2-94b2-4db7-b7c7-fe5f3583899d/datanode-0/data/ratis/9afcdec0-e7b1-46b1-95dc-b46cc0d4ae81 does not exist. Creating ...
2019-10-04 21:26:23,795 [pool-227-thread-1] INFO  server.RaftServerConfigKeys (ConfUtils.java:logGet(43)) - raft.server.rpc.timeout.max = 5200ms (custom)
2019-10-04 21:26:23,795 [pool-227-thread-1] INFO  server.RaftServerConfigKeys (ConfUtils.java:logGet(43)) - raft.server.rpcslowness.timeout = 120s (custom)
2019-10-04 21:26:23,796 [pool-227-thread-1] INFO  server.RaftServerConfigKeys (ConfUtils.java:logGet(43)) - raft.server.sleep.deviation.threshold = 300 (default)
2019-10-04 21:26:23,796 [pool-227-thread-1] INFO  server.RaftServerConfigKeys (ConfUtils.java:logGet(43)) - raft.server.log.appender.install.snapshot.enabled = false (custom)
2019-10-04 21:26:23,796 [pool-217-thread-1] INFO  impl.RaftServerImpl (RaftServerImpl.java:<init>(95)) - 85482a46-d908-46a3-b4f7-930495164df5: new RaftServerImpl for group-B46CC0D4AE81:[aef531bd-6946-4f65-aff1-2034fa836c06:192.168.151.72:33855, 85482a46-d908-46a3-b4f7-930495164df5:192.168.151.72:45133, b3a93a1c-bd5d-4647-93a8-f02890694163:192.168.151.72:38085] with ContainerStateMachine:uninitialized
2019-10-04 21:26:23,796 [pool-227-thread-1] INFO  impl.RaftServerImpl (ServerState.java:<init>(103)) - b3a93a1c-bd5d-4647-93a8-f02890694163@group-B46CC0D4AE81: ConfigurationManager, init=-1: [aef531bd-6946-4f65-aff1-2034fa836c06:192.168.151.72:33855, 85482a46-d908-46a3-b4f7-930495164df5:192.168.151.72:45133, b3a93a1c-bd5d-4647-93a8-f02890694163:192.168.151.72:38085], old=null, confs=<EMPTY_MAP>
2019-10-04 21:26:23,796 [pool-217-thread-1] INFO  server.RaftServerConfigKeys (ConfUtils.java:logGet(43)) - raft.server.rpc.timeout.min = 5s (custom)
2019-10-04 21:26:23,796 [pool-227-thread-1] INFO  server.RaftServerConfigKeys (ConfUtils.java:logGet(43)) - raft.server.storage.dir = [/workdir/hadoop-ozone/integration-test/target/test-dir/MiniOzoneClusterImpl-40beb1f2-94b2-4db7-b7c7-fe5f3583899d/datanode-2/data/ratis] (custom)
2019-10-04 21:26:23,796 [pool-217-thread-1] INFO  server.RaftServerConfigKeys (ConfUtils.java:logGet(43)) - raft.server.rpc.timeout.max = 5200ms (custom)
2019-10-04 21:26:23,797 [pool-227-thread-1] INFO  server.RaftServerConfigKeys (ConfUtils.java:logGet(43)) - raft.server.log.corruption.policy = EXCEPTION (default)
2019-10-04 21:26:23,797 [pool-217-thread-1] INFO  server.RaftServerConfigKeys (ConfUtils.java:logGet(43)) - raft.server.rpcslowness.timeout = 120s (custom)
2019-10-04 21:26:23,797 [pool-227-thread-1] INFO  storage.RaftStorageDirectory (RaftStorageDirectory.java:analyzeStorage(246)) - The storage directory /workdir/hadoop-ozone/integration-test/target/test-dir/MiniOzoneClusterImpl-40beb1f2-94b2-4db7-b7c7-fe5f3583899d/datanode-2/data/ratis/9afcdec0-e7b1-46b1-95dc-b46cc0d4ae81 does not exist. Creating ...
2019-10-04 21:26:23,797 [pool-217-thread-1] INFO  server.RaftServerConfigKeys (ConfUtils.java:logGet(43)) - raft.server.sleep.deviation.threshold = 300 (default)
2019-10-04 21:26:23,797 [pool-217-thread-1] INFO  server.RaftServerConfigKeys (ConfUtils.java:logGet(43)) - raft.server.log.appender.install.snapshot.enabled = false (custom)
2019-10-04 21:26:23,797 [pool-217-thread-1] INFO  impl.RaftServerImpl (ServerState.java:<init>(103)) - 85482a46-d908-46a3-b4f7-930495164df5@group-B46CC0D4AE81: ConfigurationManager, init=-1: [aef531bd-6946-4f65-aff1-2034fa836c06:192.168.151.72:33855, 85482a46-d908-46a3-b4f7-930495164df5:192.168.151.72:45133, b3a93a1c-bd5d-4647-93a8-f02890694163:192.168.151.72:38085], old=null, confs=<EMPTY_MAP>
2019-10-04 21:26:23,797 [pool-217-thread-1] INFO  server.RaftServerConfigKeys (ConfUtils.java:logGet(43)) - raft.server.storage.dir = [/workdir/hadoop-ozone/integration-test/target/test-dir/MiniOzoneClusterImpl-40beb1f2-94b2-4db7-b7c7-fe5f3583899d/datanode-1/data/ratis] (custom)
2019-10-04 21:26:23,798 [pool-217-thread-1] INFO  server.RaftServerConfigKeys (ConfUtils.java:logGet(43)) - raft.server.log.corruption.policy = EXCEPTION (default)
2019-10-04 21:26:23,798 [pool-217-thread-1] INFO  storage.RaftStorageDirectory (RaftStorageDirectory.java:analyzeStorage(246)) - The storage directory /workdir/hadoop-ozone/integration-test/target/test-dir/MiniOzoneClusterImpl-40beb1f2-94b2-4db7-b7c7-fe5f3583899d/datanode-1/data/ratis/9afcdec0-e7b1-46b1-95dc-b46cc0d4ae81 does not exist. Creating ...
2019-10-04 21:26:23,800 [pool-207-thread-1] INFO  storage.RaftStorageDirectory (RaftStorageDirectory.java:tryLock(328)) - Lock on /workdir/hadoop-ozone/integration-test/target/test-dir/MiniOzoneClusterImpl-40beb1f2-94b2-4db7-b7c7-fe5f3583899d/datanode-0/data/ratis/9afcdec0-e7b1-46b1-95dc-b46cc0d4ae81/in_use.lock acquired by nodename 26541@pr-hdds-2239-t668n-1079239961
2019-10-04 21:26:23,804 [pool-227-thread-1] INFO  storage.RaftStorageDirectory (RaftStorageDirectory.java:tryLock(328)) - Lock on /workdir/hadoop-ozone/integration-test/target/test-dir/MiniOzoneClusterImpl-40beb1f2-94b2-4db7-b7c7-fe5f3583899d/datanode-2/data/ratis/9afcdec0-e7b1-46b1-95dc-b46cc0d4ae81/in_use.lock acquired by nodename 26541@pr-hdds-2239-t668n-1079239961
2019-10-04 21:26:23,804 [pool-207-thread-1] INFO  storage.RaftStorage (RaftStorage.java:format(84)) - Storage directory /workdir/hadoop-ozone/integration-test/target/test-dir/MiniOzoneClusterImpl-40beb1f2-94b2-4db7-b7c7-fe5f3583899d/datanode-0/data/ratis/9afcdec0-e7b1-46b1-95dc-b46cc0d4ae81 has been successfully formatted.
2019-10-04 21:26:23,804 [pool-217-thread-1] INFO  storage.RaftStorageDirectory (RaftStorageDirectory.java:tryLock(328)) - Lock on /workdir/hadoop-ozone/integration-test/target/test-dir/MiniOzoneClusterImpl-40beb1f2-94b2-4db7-b7c7-fe5f3583899d/datanode-1/data/ratis/9afcdec0-e7b1-46b1-95dc-b46cc0d4ae81/in_use.lock acquired by nodename 26541@pr-hdds-2239-t668n-1079239961
2019-10-04 21:26:23,804 [pool-207-thread-1] INFO  ratis.ContainerStateMachine (ContainerStateMachine.java:loadSnapshot(230)) - group-B46CC0D4AE81: The snapshot info is null. Setting the last applied indexto:(t:0, i:~)
2019-10-04 21:26:23,805 [pool-207-thread-1] INFO  server.RaftServerConfigKeys (ConfUtils.java:logGet(43)) - raft.server.notification.no-leader.timeout = 120s (custom)
2019-10-04 21:26:23,805 [pool-207-thread-1] INFO  server.RaftServerConfigKeys (ConfUtils.java:logGet(43)) - raft.server.log.use.memory = false (default)
2019-10-04 21:26:23,805 [pool-207-thread-1] INFO  server.RaftServerConfigKeys (ConfUtils.java:logGet(43)) - raft.server.log.purge.gap = 1000000 (custom)
2019-10-04 21:26:23,805 [pool-207-thread-1] INFO  server.RaftServerConfigKeys (ConfUtils.java:logGet(43)) - raft.server.log.appender.buffer.byte-limit = 33554432 (custom)
2019-10-04 21:26:23,805 [pool-207-thread-1] INFO  server.RaftServerConfigKeys (ConfUtils.java:logGet(43)) - raft.server.log.segment.size.max = 1048576 (custom)
2019-10-04 21:26:23,805 [pool-207-thread-1] INFO  server.RaftServerConfigKeys (ConfUtils.java:logGet(43)) - raft.server.log.segment.cache.num.max = 2 (custom)
2019-10-04 21:26:23,806 [pool-207-thread-1] INFO  segmented.SegmentedRaftLogWorker (SegmentedRaftLogWorker.java:<init>(173)) - new aef531bd-6946-4f65-aff1-2034fa836c06@group-B46CC0D4AE81-SegmentedRaftLogWorker for RaftStorage:Storage Directory /workdir/hadoop-ozone/integration-test/target/test-dir/MiniOzoneClusterImpl-40beb1f2-94b2-4db7-b7c7-fe5f3583899d/datanode-0/data/ratis/9afcdec0-e7b1-46b1-95dc-b46cc0d4ae81
2019-10-04 21:26:23,806 [pool-207-thread-1] INFO  server.RaftServerConfigKeys (ConfUtils.java:logGet(43)) - raft.server.log.queue.byte-limit = 2147483647 (custom)
2019-10-04 21:26:23,806 [pool-207-thread-1] INFO  server.RaftServerConfigKeys (ConfUtils.java:logGet(43)) - raft.server.log.queue.element-limit = 1024 (custom)
2019-10-04 21:26:23,806 [pool-207-thread-1] INFO  server.RaftServerConfigKeys (ConfUtils.java:logGet(43)) - raft.server.log.segment.size.max = 1048576 (custom)
2019-10-04 21:26:23,806 [pool-207-thread-1] INFO  server.RaftServerConfigKeys (ConfUtils.java:logGet(43)) - raft.server.log.preallocated.size = 16384 (custom)
2019-10-04 21:26:23,806 [pool-207-thread-1] INFO  server.RaftServerConfigKeys (ConfUtils.java:logGet(43)) - raft.server.log.write.buffer.size = 33554432 (custom)
2019-10-04 21:26:23,807 [pool-207-thread-1] INFO  server.RaftServerConfigKeys (ConfUtils.java:logGet(43)) - raft.server.log.force.sync.num = 128 (default)
2019-10-04 21:26:23,807 [pool-207-thread-1] INFO  server.RaftServerConfigKeys (ConfUtils.java:logGet(43)) - raft.server.log.statemachine.data.sync = true (default)
2019-10-04 21:26:23,807 [pool-207-thread-1] INFO  server.RaftServerConfigKeys (ConfUtils.java:logGet(43)) - raft.server.log.statemachine.data.sync.timeout = 10s (default)
2019-10-04 21:26:23,807 [pool-207-thread-1] INFO  server.RaftServerConfigKeys (ConfUtils.java:logGet(43)) - raft.server.log.statemachine.data.sync.timeout.retry = -1 (default)
2019-10-04 21:26:23,807 [pool-207-thread-1] INFO  server.RaftServerConfigKeys (ConfUtils.java:logGet(43)) - raft.server.log.statemachine.data.caching.enabled = true (custom)
2019-10-04 21:26:23,808 [pool-207-thread-1] INFO  segmented.SegmentedRaftLogWorker (SegmentedRaftLogWorker.java:lambda$new$0(128)) - aef531bd-6946-4f65-aff1-2034fa836c06@group-B46CC0D4AE81-SegmentedRaftLogWorker: flushIndex: setUnconditionally 0 -> -1
2019-10-04 21:26:23,808 [pool-207-thread-1] INFO  server.RaftServerConfigKeys (ConfUtils.java:logGet(43)) - raft.server.snapshot.auto.trigger.enabled = true (custom)
2019-10-04 21:26:23,808 [pool-207-thread-1] INFO  server.RaftServerConfigKeys (ConfUtils.java:logGet(43)) - raft.server.snapshot.auto.trigger.threshold = 10000 (custom)
2019-10-04 21:26:23,808 [pool-207-thread-1] INFO  server.RaftServerConfigKeys (ConfUtils.java:logGet(43)) - raft.server.snapshot.retention.file.num = 5 (custom)
2019-10-04 21:26:23,808 [pool-207-thread-1] INFO  server.RaftServerConfigKeys (ConfUtils.java:logGet(43)) - raft.server.retrycache.expirytime = 600000ms (custom)
2019-10-04 21:26:23,810 [pool-217-thread-1] INFO  storage.RaftStorage (RaftStorage.java:format(84)) - Storage directory /workdir/hadoop-ozone/integration-test/target/test-dir/MiniOzoneClusterImpl-40beb1f2-94b2-4db7-b7c7-fe5f3583899d/datanode-1/data/ratis/9afcdec0-e7b1-46b1-95dc-b46cc0d4ae81 has been successfully formatted.
2019-10-04 21:26:23,810 [pool-227-thread-1] INFO  storage.RaftStorage (RaftStorage.java:format(84)) - Storage directory /workdir/hadoop-ozone/integration-test/target/test-dir/MiniOzoneClusterImpl-40beb1f2-94b2-4db7-b7c7-fe5f3583899d/datanode-2/data/ratis/9afcdec0-e7b1-46b1-95dc-b46cc0d4ae81 has been successfully formatted.
2019-10-04 21:26:23,810 [pool-217-thread-1] INFO  ratis.ContainerStateMachine (ContainerStateMachine.java:loadSnapshot(230)) - group-B46CC0D4AE81: The snapshot info is null. Setting the last applied indexto:(t:0, i:~)
2019-10-04 21:26:23,810 [pool-227-thread-1] INFO  ratis.ContainerStateMachine (ContainerStateMachine.java:loadSnapshot(230)) - group-B46CC0D4AE81: The snapshot info is null. Setting the last applied indexto:(t:0, i:~)
2019-10-04 21:26:23,810 [pool-217-thread-1] INFO  server.RaftServerConfigKeys (ConfUtils.java:logGet(43)) - raft.server.notification.no-leader.timeout = 120s (custom)
2019-10-04 21:26:23,810 [pool-227-thread-1] INFO  server.RaftServerConfigKeys (ConfUtils.java:logGet(43)) - raft.server.notification.no-leader.timeout = 120s (custom)
2019-10-04 21:26:23,811 [pool-217-thread-1] INFO  server.RaftServerConfigKeys (ConfUtils.java:logGet(43)) - raft.server.log.use.memory = false (default)
2019-10-04 21:26:23,811 [pool-207-thread-1] INFO  impl.RaftServerImpl (RaftServerImpl.java:start(181)) - aef531bd-6946-4f65-aff1-2034fa836c06@group-B46CC0D4AE81: start as a follower, conf=-1: [aef531bd-6946-4f65-aff1-2034fa836c06:192.168.151.72:33855, 85482a46-d908-46a3-b4f7-930495164df5:192.168.151.72:45133, b3a93a1c-bd5d-4647-93a8-f02890694163:192.168.151.72:38085], old=null
2019-10-04 21:26:23,811 [pool-217-thread-1] INFO  server.RaftServerConfigKeys (ConfUtils.java:logGet(43)) - raft.server.log.purge.gap = 1000000 (custom)
2019-10-04 21:26:23,811 [pool-227-thread-1] INFO  server.RaftServerConfigKeys (ConfUtils.java:logGet(43)) - raft.server.log.use.memory = false (default)
2019-10-04 21:26:23,811 [pool-217-thread-1] INFO  server.RaftServerConfigKeys (ConfUtils.java:logGet(43)) - raft.server.log.appender.buffer.byte-limit = 33554432 (custom)
2019-10-04 21:26:23,811 [pool-207-thread-1] INFO  impl.RaftServerImpl (RaftServerImpl.java:setRole(170)) - aef531bd-6946-4f65-aff1-2034fa836c06@group-B46CC0D4AE81: changes role from      null to FOLLOWER at term 0 for startAsFollower
2019-10-04 21:26:23,811 [pool-217-thread-1] INFO  server.RaftServerConfigKeys (ConfUtils.java:logGet(43)) - raft.server.log.segment.size.max = 1048576 (custom)
2019-10-04 21:26:23,811 [pool-227-thread-1] INFO  server.RaftServerConfigKeys (ConfUtils.java:logGet(43)) - raft.server.log.purge.gap = 1000000 (custom)
2019-10-04 21:26:23,812 [pool-217-thread-1] INFO  server.RaftServerConfigKeys (ConfUtils.java:logGet(43)) - raft.server.log.segment.cache.num.max = 2 (custom)
2019-10-04 21:26:23,812 [pool-207-thread-1] INFO  impl.RoleInfo (RoleInfo.java:updateAndGet(143)) - aef531bd-6946-4f65-aff1-2034fa836c06: start FollowerState
2019-10-04 21:26:23,812 [pool-217-thread-1] INFO  segmented.SegmentedRaftLogWorker (SegmentedRaftLogWorker.java:<init>(173)) - new 85482a46-d908-46a3-b4f7-930495164df5@group-B46CC0D4AE81-SegmentedRaftLogWorker for RaftStorage:Storage Directory /workdir/hadoop-ozone/integration-test/target/test-dir/MiniOzoneClusterImpl-40beb1f2-94b2-4db7-b7c7-fe5f3583899d/datanode-1/data/ratis/9afcdec0-e7b1-46b1-95dc-b46cc0d4ae81
2019-10-04 21:26:23,812 [pool-227-thread-1] INFO  server.RaftServerConfigKeys (ConfUtils.java:logGet(43)) - raft.server.log.appender.buffer.byte-limit = 33554432 (custom)
2019-10-04 21:26:23,812 [pool-207-thread-1] INFO  util.JmxRegister (JmxRegister.java:tryRegister(44)) - Successfully registered JMX Bean with object name Ratis:service=RaftServer,group=group-B46CC0D4AE81,id=aef531bd-6946-4f65-aff1-2034fa836c06
2019-10-04 21:26:23,812 [pool-217-thread-1] INFO  server.RaftServerConfigKeys (ConfUtils.java:logGet(43)) - raft.server.log.queue.byte-limit = 2147483647 (custom)
2019-10-04 21:26:23,812 [pool-227-thread-1] INFO  server.RaftServerConfigKeys (ConfUtils.java:logGet(43)) - raft.server.log.segment.size.max = 1048576 (custom)
2019-10-04 21:26:23,813 [pool-217-thread-1] INFO  server.RaftServerConfigKeys (ConfUtils.java:logGet(43)) - raft.server.log.queue.element-limit = 1024 (custom)
2019-10-04 21:26:23,813 [pool-227-thread-1] INFO  server.RaftServerConfigKeys (ConfUtils.java:logGet(43)) - raft.server.log.segment.cache.num.max = 2 (custom)
2019-10-04 21:26:23,813 [pool-217-thread-1] INFO  server.RaftServerConfigKeys (ConfUtils.java:logGet(43)) - raft.server.log.segment.size.max = 1048576 (custom)
2019-10-04 21:26:23,813 [pool-227-thread-1] INFO  segmented.SegmentedRaftLogWorker (SegmentedRaftLogWorker.java:<init>(173)) - new b3a93a1c-bd5d-4647-93a8-f02890694163@group-B46CC0D4AE81-SegmentedRaftLogWorker for RaftStorage:Storage Directory /workdir/hadoop-ozone/integration-test/target/test-dir/MiniOzoneClusterImpl-40beb1f2-94b2-4db7-b7c7-fe5f3583899d/datanode-2/data/ratis/9afcdec0-e7b1-46b1-95dc-b46cc0d4ae81
2019-10-04 21:26:23,813 [pool-217-thread-1] INFO  server.RaftServerConfigKeys (ConfUtils.java:logGet(43)) - raft.server.log.preallocated.size = 16384 (custom)
2019-10-04 21:26:23,813 [pool-227-thread-1] INFO  server.RaftServerConfigKeys (ConfUtils.java:logGet(43)) - raft.server.log.queue.byte-limit = 2147483647 (custom)
2019-10-04 21:26:23,814 [pool-217-thread-1] INFO  server.RaftServerConfigKeys (ConfUtils.java:logGet(43)) - raft.server.log.write.buffer.size = 33554432 (custom)
2019-10-04 21:26:23,814 [pool-227-thread-1] INFO  server.RaftServerConfigKeys (ConfUtils.java:logGet(43)) - raft.server.log.queue.element-limit = 1024 (custom)
2019-10-04 21:26:23,814 [pool-217-thread-1] INFO  server.RaftServerConfigKeys (ConfUtils.java:logGet(43)) - raft.server.log.force.sync.num = 128 (default)
2019-10-04 21:26:23,814 [pool-227-thread-1] INFO  server.RaftServerConfigKeys (ConfUtils.java:logGet(43)) - raft.server.log.segment.size.max = 1048576 (custom)
2019-10-04 21:26:23,814 [pool-217-thread-1] INFO  server.RaftServerConfigKeys (ConfUtils.java:logGet(43)) - raft.server.log.statemachine.data.sync = true (default)
2019-10-04 21:26:23,814 [pool-227-thread-1] INFO  server.RaftServerConfigKeys (ConfUtils.java:logGet(43)) - raft.server.log.preallocated.size = 16384 (custom)
2019-10-04 21:26:23,815 [pool-217-thread-1] INFO  server.RaftServerConfigKeys (ConfUtils.java:logGet(43)) - raft.server.log.statemachine.data.sync.timeout = 10s (default)
2019-10-04 21:26:23,815 [pool-227-thread-1] INFO  server.RaftServerConfigKeys (ConfUtils.java:logGet(43)) - raft.server.log.write.buffer.size = 33554432 (custom)
2019-10-04 21:26:23,815 [pool-217-thread-1] INFO  server.RaftServerConfigKeys (ConfUtils.java:logGet(43)) - raft.server.log.statemachine.data.sync.timeout.retry = -1 (default)
2019-10-04 21:26:23,815 [pool-227-thread-1] INFO  server.RaftServerConfigKeys (ConfUtils.java:logGet(43)) - raft.server.log.force.sync.num = 128 (default)
2019-10-04 21:26:23,818 [pool-217-thread-1] INFO  server.RaftServerConfigKeys (ConfUtils.java:logGet(43)) - raft.server.log.statemachine.data.caching.enabled = true (custom)
2019-10-04 21:26:23,818 [pool-227-thread-1] INFO  server.RaftServerConfigKeys (ConfUtils.java:logGet(43)) - raft.server.log.statemachine.data.sync = true (default)
2019-10-04 21:26:23,818 [pool-227-thread-1] INFO  server.RaftServerConfigKeys (ConfUtils.java:logGet(43)) - raft.server.log.statemachine.data.sync.timeout = 10s (default)
2019-10-04 21:26:23,818 [pool-217-thread-1] INFO  segmented.SegmentedRaftLogWorker (SegmentedRaftLogWorker.java:lambda$new$0(128)) - 85482a46-d908-46a3-b4f7-930495164df5@group-B46CC0D4AE81-SegmentedRaftLogWorker: flushIndex: setUnconditionally 0 -> -1
2019-10-04 21:26:23,818 [pool-227-thread-1] INFO  server.RaftServerConfigKeys (ConfUtils.java:logGet(43)) - raft.server.log.statemachine.data.sync.timeout.retry = -1 (default)
2019-10-04 21:26:23,819 [IPC Server handler 0 on 34893] INFO  net.NetworkTopology (NetworkTopologyImpl.java:add(111)) - Added a new node: /default-rack/aa0e7599-6889-4ac9-8da1-2d5668e426b3
2019-10-04 21:26:23,819 [pool-217-thread-1] INFO  server.RaftServerConfigKeys (ConfUtils.java:logGet(43)) - raft.server.snapshot.auto.trigger.enabled = true (custom)
2019-10-04 21:26:23,819 [pool-227-thread-1] INFO  server.RaftServerConfigKeys (ConfUtils.java:logGet(43)) - raft.server.log.statemachine.data.caching.enabled = true (custom)
2019-10-04 21:26:23,819 [pool-217-thread-1] INFO  server.RaftServerConfigKeys (ConfUtils.java:logGet(43)) - raft.server.snapshot.auto.trigger.threshold = 10000 (custom)
2019-10-04 21:26:23,819 [IPC Server handler 0 on 34893] INFO  node.SCMNodeManager (SCMNodeManager.java:register(268)) - Registered Data node : aa0e7599-6889-4ac9-8da1-2d5668e426b3{ip: 192.168.151.72, host: pr-hdds-2239-t668n-1079239961, networkLocation: /default-rack, certSerialId: null}
2019-10-04 21:26:23,819 [pool-227-thread-1] INFO  segmented.SegmentedRaftLogWorker (SegmentedRaftLogWorker.java:lambda$new$0(128)) - b3a93a1c-bd5d-4647-93a8-f02890694163@group-B46CC0D4AE81-SegmentedRaftLogWorker: flushIndex: setUnconditionally 0 -> -1
2019-10-04 21:26:23,819 [pool-217-thread-1] INFO  server.RaftServerConfigKeys (ConfUtils.java:logGet(43)) - raft.server.snapshot.retention.file.num = 5 (custom)
2019-10-04 21:26:23,820 [pool-227-thread-1] INFO  server.RaftServerConfigKeys (ConfUtils.java:logGet(43)) - raft.server.snapshot.auto.trigger.enabled = true (custom)
2019-10-04 21:26:23,820 [pool-217-thread-1] INFO  server.RaftServerConfigKeys (ConfUtils.java:logGet(43)) - raft.server.retrycache.expirytime = 600000ms (custom)
2019-10-04 21:26:23,820 [pool-227-thread-1] INFO  server.RaftServerConfigKeys (ConfUtils.java:logGet(43)) - raft.server.snapshot.auto.trigger.threshold = 10000 (custom)
2019-10-04 21:26:23,820 [pool-227-thread-1] INFO  server.RaftServerConfigKeys (ConfUtils.java:logGet(43)) - raft.server.snapshot.retention.file.num = 5 (custom)
2019-10-04 21:26:23,820 [pool-227-thread-1] INFO  server.RaftServerConfigKeys (ConfUtils.java:logGet(43)) - raft.server.retrycache.expirytime = 600000ms (custom)
2019-10-04 21:26:23,823 [pool-217-thread-1] INFO  impl.RaftServerImpl (RaftServerImpl.java:start(181)) - 85482a46-d908-46a3-b4f7-930495164df5@group-B46CC0D4AE81: start as a follower, conf=-1: [aef531bd-6946-4f65-aff1-2034fa836c06:192.168.151.72:33855, 85482a46-d908-46a3-b4f7-930495164df5:192.168.151.72:45133, b3a93a1c-bd5d-4647-93a8-f02890694163:192.168.151.72:38085], old=null
2019-10-04 21:26:23,824 [pool-217-thread-1] INFO  impl.RaftServerImpl (RaftServerImpl.java:setRole(170)) - 85482a46-d908-46a3-b4f7-930495164df5@group-B46CC0D4AE81: changes role from      null to FOLLOWER at term 0 for startAsFollower
2019-10-04 21:26:23,824 [pool-227-thread-1] INFO  impl.RaftServerImpl (RaftServerImpl.java:start(181)) - b3a93a1c-bd5d-4647-93a8-f02890694163@group-B46CC0D4AE81: start as a follower, conf=-1: [aef531bd-6946-4f65-aff1-2034fa836c06:192.168.151.72:33855, 85482a46-d908-46a3-b4f7-930495164df5:192.168.151.72:45133, b3a93a1c-bd5d-4647-93a8-f02890694163:192.168.151.72:38085], old=null
2019-10-04 21:26:23,824 [pool-217-thread-1] INFO  impl.RoleInfo (RoleInfo.java:updateAndGet(143)) - 85482a46-d908-46a3-b4f7-930495164df5: start FollowerState
2019-10-04 21:26:23,824 [pool-227-thread-1] INFO  impl.RaftServerImpl (RaftServerImpl.java:setRole(170)) - b3a93a1c-bd5d-4647-93a8-f02890694163@group-B46CC0D4AE81: changes role from      null to FOLLOWER at term 0 for startAsFollower
2019-10-04 21:26:23,824 [pool-227-thread-1] INFO  impl.RoleInfo (RoleInfo.java:updateAndGet(143)) - b3a93a1c-bd5d-4647-93a8-f02890694163: start FollowerState
2019-10-04 21:26:23,824 [pool-217-thread-1] INFO  util.JmxRegister (JmxRegister.java:tryRegister(44)) - Successfully registered JMX Bean with object name Ratis:service=RaftServer,group=group-B46CC0D4AE81,id=85482a46-d908-46a3-b4f7-930495164df5
2019-10-04 21:26:23,825 [pool-227-thread-1] INFO  util.JmxRegister (JmxRegister.java:tryRegister(44)) - Successfully registered JMX Bean with object name Ratis:service=RaftServer,group=group-B46CC0D4AE81,id=b3a93a1c-bd5d-4647-93a8-f02890694163
2019-10-04 21:26:23,833 [RatisPipelineUtilsThread] INFO  pipeline.PipelineStateManager (PipelineStateManager.java:addPipeline(56)) - Created pipeline Pipeline[ Id: 9afcdec0-e7b1-46b1-95dc-b46cc0d4ae81, Nodes: 85482a46-d908-46a3-b4f7-930495164df5{ip: 192.168.151.72, host: pr-hdds-2239-t668n-1079239961, networkLocation: /default-rack, certSerialId: null}b3a93a1c-bd5d-4647-93a8-f02890694163{ip: 192.168.151.72, host: pr-hdds-2239-t668n-1079239961, networkLocation: /default-rack, certSerialId: null}aef531bd-6946-4f65-aff1-2034fa836c06{ip: 192.168.151.72, host: pr-hdds-2239-t668n-1079239961, networkLocation: /default-rack, certSerialId: null}, Type:RATIS, Factor:THREE, State:OPEN]
2019-10-04 21:26:23,902 [IPC Server handler 2 on 34893] INFO  net.NetworkTopology (NetworkTopologyImpl.java:add(111)) - Added a new node: /default-rack/13d088eb-5a30-4c3a-8eb2-9178c546b7e9
2019-10-04 21:26:23,903 [IPC Server handler 2 on 34893] INFO  node.SCMNodeManager (SCMNodeManager.java:register(268)) - Registered Data node : 13d088eb-5a30-4c3a-8eb2-9178c546b7e9{ip: 192.168.151.72, host: pr-hdds-2239-t668n-1079239961, networkLocation: /default-rack, certSerialId: null}
2019-10-04 21:26:23,910 [grpc-default-executor-4] INFO  impl.RaftServerProxy (RaftServerProxy.java:addNew(89)) - 13d088eb-5a30-4c3a-8eb2-9178c546b7e9: addNew group-C0B7014600CD:[13d088eb-5a30-4c3a-8eb2-9178c546b7e9:192.168.151.72:36780] returns group-C0B7014600CD:java.util.concurrent.CompletableFuture@30d0a702[Not completed]
2019-10-04 21:26:23,914 [pool-247-thread-1] INFO  impl.RaftServerImpl (RaftServerImpl.java:<init>(95)) - 13d088eb-5a30-4c3a-8eb2-9178c546b7e9: new RaftServerImpl for group-C0B7014600CD:[13d088eb-5a30-4c3a-8eb2-9178c546b7e9:192.168.151.72:36780] with ContainerStateMachine:uninitialized
2019-10-04 21:26:23,914 [pool-247-thread-1] INFO  server.RaftServerConfigKeys (ConfUtils.java:logGet(43)) - raft.server.rpc.timeout.min = 5s (custom)
2019-10-04 21:26:23,914 [pool-247-thread-1] INFO  server.RaftServerConfigKeys (ConfUtils.java:logGet(43)) - raft.server.rpc.timeout.max = 5200ms (custom)
2019-10-04 21:26:23,914 [pool-247-thread-1] INFO  server.RaftServerConfigKeys (ConfUtils.java:logGet(43)) - raft.server.rpcslowness.timeout = 120s (custom)
2019-10-04 21:26:23,915 [pool-247-thread-1] INFO  server.RaftServerConfigKeys (ConfUtils.java:logGet(43)) - raft.server.sleep.deviation.threshold = 300 (default)
2019-10-04 21:26:23,915 [pool-247-thread-1] INFO  server.RaftServerConfigKeys (ConfUtils.java:logGet(43)) - raft.server.log.appender.install.snapshot.enabled = false (custom)
2019-10-04 21:26:23,915 [pool-247-thread-1] INFO  impl.RaftServerImpl (ServerState.java:<init>(103)) - 13d088eb-5a30-4c3a-8eb2-9178c546b7e9@group-C0B7014600CD: ConfigurationManager, init=-1: [13d088eb-5a30-4c3a-8eb2-9178c546b7e9:192.168.151.72:36780], old=null, confs=<EMPTY_MAP>
2019-10-04 21:26:23,915 [pool-247-thread-1] INFO  server.RaftServerConfigKeys (ConfUtils.java:logGet(43)) - raft.server.storage.dir = [/workdir/hadoop-ozone/integration-test/target/test-dir/MiniOzoneClusterImpl-40beb1f2-94b2-4db7-b7c7-fe5f3583899d/datanode-4/data/ratis] (custom)
2019-10-04 21:26:23,915 [pool-247-thread-1] INFO  server.RaftServerConfigKeys (ConfUtils.java:logGet(43)) - raft.server.log.corruption.policy = EXCEPTION (default)
2019-10-04 21:26:23,915 [pool-247-thread-1] INFO  storage.RaftStorageDirectory (RaftStorageDirectory.java:analyzeStorage(246)) - The storage directory /workdir/hadoop-ozone/integration-test/target/test-dir/MiniOzoneClusterImpl-40beb1f2-94b2-4db7-b7c7-fe5f3583899d/datanode-4/data/ratis/3bc88a72-fe1c-4258-9ec4-c0b7014600cd does not exist. Creating ...
2019-10-04 21:26:23,941 [pool-247-thread-1] INFO  storage.RaftStorageDirectory (RaftStorageDirectory.java:tryLock(328)) - Lock on /workdir/hadoop-ozone/integration-test/target/test-dir/MiniOzoneClusterImpl-40beb1f2-94b2-4db7-b7c7-fe5f3583899d/datanode-4/data/ratis/3bc88a72-fe1c-4258-9ec4-c0b7014600cd/in_use.lock acquired by nodename 26541@pr-hdds-2239-t668n-1079239961
2019-10-04 21:26:23,954 [pool-247-thread-1] INFO  storage.RaftStorage (RaftStorage.java:format(84)) - Storage directory /workdir/hadoop-ozone/integration-test/target/test-dir/MiniOzoneClusterImpl-40beb1f2-94b2-4db7-b7c7-fe5f3583899d/datanode-4/data/ratis/3bc88a72-fe1c-4258-9ec4-c0b7014600cd has been successfully formatted.
2019-10-04 21:26:23,954 [pool-247-thread-1] INFO  ratis.ContainerStateMachine (ContainerStateMachine.java:loadSnapshot(230)) - group-C0B7014600CD: The snapshot info is null. Setting the last applied indexto:(t:0, i:~)
2019-10-04 21:26:23,954 [pool-247-thread-1] INFO  server.RaftServerConfigKeys (ConfUtils.java:logGet(43)) - raft.server.notification.no-leader.timeout = 120s (custom)
2019-10-04 21:26:23,955 [pool-247-thread-1] INFO  server.RaftServerConfigKeys (ConfUtils.java:logGet(43)) - raft.server.log.use.memory = false (default)
2019-10-04 21:26:23,955 [pool-247-thread-1] INFO  server.RaftServerConfigKeys (ConfUtils.java:logGet(43)) - raft.server.log.purge.gap = 1000000 (custom)
2019-10-04 21:26:23,955 [pool-247-thread-1] INFO  server.RaftServerConfigKeys (ConfUtils.java:logGet(43)) - raft.server.log.appender.buffer.byte-limit = 33554432 (custom)
2019-10-04 21:26:23,955 [pool-247-thread-1] INFO  server.RaftServerConfigKeys (ConfUtils.java:logGet(43)) - raft.server.log.segment.size.max = 1048576 (custom)
2019-10-04 21:26:23,957 [pool-247-thread-1] INFO  server.RaftServerConfigKeys (ConfUtils.java:logGet(43)) - raft.server.log.segment.cache.num.max = 2 (custom)
2019-10-04 21:26:23,957 [pool-247-thread-1] INFO  segmented.SegmentedRaftLogWorker (SegmentedRaftLogWorker.java:<init>(173)) - new 13d088eb-5a30-4c3a-8eb2-9178c546b7e9@group-C0B7014600CD-SegmentedRaftLogWorker for RaftStorage:Storage Directory /workdir/hadoop-ozone/integration-test/target/test-dir/MiniOzoneClusterImpl-40beb1f2-94b2-4db7-b7c7-fe5f3583899d/datanode-4/data/ratis/3bc88a72-fe1c-4258-9ec4-c0b7014600cd
2019-10-04 21:26:23,957 [pool-247-thread-1] INFO  server.RaftServerConfigKeys (ConfUtils.java:logGet(43)) - raft.server.log.queue.byte-limit = 2147483647 (custom)
2019-10-04 21:26:23,957 [pool-247-thread-1] INFO  server.RaftServerConfigKeys (ConfUtils.java:logGet(43)) - raft.server.log.queue.element-limit = 1024 (custom)
2019-10-04 21:26:23,957 [pool-247-thread-1] INFO  server.RaftServerConfigKeys (ConfUtils.java:logGet(43)) - raft.server.log.segment.size.max = 1048576 (custom)
2019-10-04 21:26:23,958 [pool-247-thread-1] INFO  server.RaftServerConfigKeys (ConfUtils.java:logGet(43)) - raft.server.log.preallocated.size = 16384 (custom)
2019-10-04 21:26:23,958 [pool-247-thread-1] INFO  server.RaftServerConfigKeys (ConfUtils.java:logGet(43)) - raft.server.log.write.buffer.size = 33554432 (custom)
2019-10-04 21:26:23,958 [pool-247-thread-1] INFO  server.RaftServerConfigKeys (ConfUtils.java:logGet(43)) - raft.server.log.force.sync.num = 128 (default)
2019-10-04 21:26:23,958 [pool-247-thread-1] INFO  server.RaftServerConfigKeys (ConfUtils.java:logGet(43)) - raft.server.log.statemachine.data.sync = true (default)
2019-10-04 21:26:23,958 [pool-247-thread-1] INFO  server.RaftServerConfigKeys (ConfUtils.java:logGet(43)) - raft.server.log.statemachine.data.sync.timeout = 10s (default)
2019-10-04 21:26:23,958 [pool-247-thread-1] INFO  server.RaftServerConfigKeys (ConfUtils.java:logGet(43)) - raft.server.log.statemachine.data.sync.timeout.retry = -1 (default)
2019-10-04 21:26:23,959 [pool-247-thread-1] INFO  server.RaftServerConfigKeys (ConfUtils.java:logGet(43)) - raft.server.log.statemachine.data.caching.enabled = true (custom)
2019-10-04 21:26:23,959 [pool-247-thread-1] INFO  segmented.SegmentedRaftLogWorker (SegmentedRaftLogWorker.java:lambda$new$0(128)) - 13d088eb-5a30-4c3a-8eb2-9178c546b7e9@group-C0B7014600CD-SegmentedRaftLogWorker: flushIndex: setUnconditionally 0 -> -1
2019-10-04 21:26:23,959 [pool-247-thread-1] INFO  server.RaftServerConfigKeys (ConfUtils.java:logGet(43)) - raft.server.snapshot.auto.trigger.enabled = true (custom)
2019-10-04 21:26:23,959 [IPC Server handler 3 on 34893] INFO  net.NetworkTopology (NetworkTopologyImpl.java:add(111)) - Added a new node: /default-rack/e71f5af9-0e50-404f-8e0b-b530ac019365
2019-10-04 21:26:23,959 [pool-247-thread-1] INFO  server.RaftServerConfigKeys (ConfUtils.java:logGet(43)) - raft.server.snapshot.auto.trigger.threshold = 10000 (custom)
2019-10-04 21:26:23,960 [IPC Server handler 3 on 34893] INFO  node.SCMNodeManager (SCMNodeManager.java:register(268)) - Registered Data node : e71f5af9-0e50-404f-8e0b-b530ac019365{ip: 192.168.151.72, host: pr-hdds-2239-t668n-1079239961, networkLocation: /default-rack, certSerialId: null}
2019-10-04 21:26:23,960 [pool-247-thread-1] INFO  server.RaftServerConfigKeys (ConfUtils.java:logGet(43)) - raft.server.snapshot.retention.file.num = 5 (custom)
2019-10-04 21:26:23,960 [pool-247-thread-1] INFO  server.RaftServerConfigKeys (ConfUtils.java:logGet(43)) - raft.server.retrycache.expirytime = 600000ms (custom)
2019-10-04 21:26:23,962 [pool-247-thread-1] INFO  impl.RaftServerImpl (RaftServerImpl.java:start(181)) - 13d088eb-5a30-4c3a-8eb2-9178c546b7e9@group-C0B7014600CD: start as a follower, conf=-1: [13d088eb-5a30-4c3a-8eb2-9178c546b7e9:192.168.151.72:36780], old=null
2019-10-04 21:26:23,962 [pool-247-thread-1] INFO  impl.RaftServerImpl (RaftServerImpl.java:setRole(170)) - 13d088eb-5a30-4c3a-8eb2-9178c546b7e9@group-C0B7014600CD: changes role from      null to FOLLOWER at term 0 for startAsFollower
2019-10-04 21:26:23,962 [pool-247-thread-1] INFO  impl.RoleInfo (RoleInfo.java:updateAndGet(143)) - 13d088eb-5a30-4c3a-8eb2-9178c546b7e9: start FollowerState
2019-10-04 21:26:23,963 [pool-247-thread-1] INFO  util.JmxRegister (JmxRegister.java:tryRegister(44)) - Successfully registered JMX Bean with object name Ratis:service=RaftServer,group=group-C0B7014600CD,id=13d088eb-5a30-4c3a-8eb2-9178c546b7e9
2019-10-04 21:26:23,970 [RatisPipelineUtilsThread] INFO  pipeline.PipelineStateManager (PipelineStateManager.java:addPipeline(56)) - Created pipeline Pipeline[ Id: 3bc88a72-fe1c-4258-9ec4-c0b7014600cd, Nodes: 13d088eb-5a30-4c3a-8eb2-9178c546b7e9{ip: 192.168.151.72, host: pr-hdds-2239-t668n-1079239961, networkLocation: /default-rack, certSerialId: null}, Type:RATIS, Factor:ONE, State:OPEN]
2019-10-04 21:26:23,977 [grpc-default-executor-4] INFO  impl.RaftServerProxy (RaftServerProxy.java:addNew(89)) - e71f5af9-0e50-404f-8e0b-b530ac019365: addNew group-FDC583436D0E:[e71f5af9-0e50-404f-8e0b-b530ac019365:192.168.151.72:33241] returns group-FDC583436D0E:java.util.concurrent.CompletableFuture@64d47468[Not completed]
2019-10-04 21:26:23,978 [pool-257-thread-1] INFO  impl.RaftServerImpl (RaftServerImpl.java:<init>(95)) - e71f5af9-0e50-404f-8e0b-b530ac019365: new RaftServerImpl for group-FDC583436D0E:[e71f5af9-0e50-404f-8e0b-b530ac019365:192.168.151.72:33241] with ContainerStateMachine:uninitialized
2019-10-04 21:26:23,978 [pool-257-thread-1] INFO  server.RaftServerConfigKeys (ConfUtils.java:logGet(43)) - raft.server.rpc.timeout.min = 5s (custom)
2019-10-04 21:26:23,978 [pool-257-thread-1] INFO  server.RaftServerConfigKeys (ConfUtils.java:logGet(43)) - raft.server.rpc.timeout.max = 5200ms (custom)
2019-10-04 21:26:23,979 [pool-257-thread-1] INFO  server.RaftServerConfigKeys (ConfUtils.java:logGet(43)) - raft.server.rpcslowness.timeout = 120s (custom)
2019-10-04 21:26:23,979 [pool-257-thread-1] INFO  server.RaftServerConfigKeys (ConfUtils.java:logGet(43)) - raft.server.sleep.deviation.threshold = 300 (default)
2019-10-04 21:26:23,979 [pool-257-thread-1] INFO  server.RaftServerConfigKeys (ConfUtils.java:logGet(43)) - raft.server.log.appender.install.snapshot.enabled = false (custom)
2019-10-04 21:26:23,979 [pool-257-thread-1] INFO  impl.RaftServerImpl (ServerState.java:<init>(103)) - e71f5af9-0e50-404f-8e0b-b530ac019365@group-FDC583436D0E: ConfigurationManager, init=-1: [e71f5af9-0e50-404f-8e0b-b530ac019365:192.168.151.72:33241], old=null, confs=<EMPTY_MAP>
2019-10-04 21:26:23,979 [pool-257-thread-1] INFO  server.RaftServerConfigKeys (ConfUtils.java:logGet(43)) - raft.server.storage.dir = [/workdir/hadoop-ozone/integration-test/target/test-dir/MiniOzoneClusterImpl-40beb1f2-94b2-4db7-b7c7-fe5f3583899d/datanode-5/data/ratis] (custom)
2019-10-04 21:26:23,979 [pool-257-thread-1] INFO  server.RaftServerConfigKeys (ConfUtils.java:logGet(43)) - raft.server.log.corruption.policy = EXCEPTION (default)
2019-10-04 21:26:23,979 [pool-257-thread-1] INFO  storage.RaftStorageDirectory (RaftStorageDirectory.java:analyzeStorage(246)) - The storage directory /workdir/hadoop-ozone/integration-test/target/test-dir/MiniOzoneClusterImpl-40beb1f2-94b2-4db7-b7c7-fe5f3583899d/datanode-5/data/ratis/984bc2be-0e82-4d6a-be7f-fdc583436d0e does not exist. Creating ...
2019-10-04 21:26:23,992 [pool-257-thread-1] INFO  storage.RaftStorageDirectory (RaftStorageDirectory.java:tryLock(328)) - Lock on /workdir/hadoop-ozone/integration-test/target/test-dir/MiniOzoneClusterImpl-40beb1f2-94b2-4db7-b7c7-fe5f3583899d/datanode-5/data/ratis/984bc2be-0e82-4d6a-be7f-fdc583436d0e/in_use.lock acquired by nodename 26541@pr-hdds-2239-t668n-1079239961
2019-10-04 21:26:24,004 [pool-257-thread-1] INFO  storage.RaftStorage (RaftStorage.java:format(84)) - Storage directory /workdir/hadoop-ozone/integration-test/target/test-dir/MiniOzoneClusterImpl-40beb1f2-94b2-4db7-b7c7-fe5f3583899d/datanode-5/data/ratis/984bc2be-0e82-4d6a-be7f-fdc583436d0e has been successfully formatted.
2019-10-04 21:26:24,004 [pool-257-thread-1] INFO  ratis.ContainerStateMachine (ContainerStateMachine.java:loadSnapshot(230)) - group-FDC583436D0E: The snapshot info is null. Setting the last applied indexto:(t:0, i:~)
2019-10-04 21:26:24,005 [pool-257-thread-1] INFO  server.RaftServerConfigKeys (ConfUtils.java:logGet(43)) - raft.server.notification.no-leader.timeout = 120s (custom)
2019-10-04 21:26:24,005 [pool-257-thread-1] INFO  server.RaftServerConfigKeys (ConfUtils.java:logGet(43)) - raft.server.log.use.memory = false (default)
2019-10-04 21:26:24,005 [pool-257-thread-1] INFO  server.RaftServerConfigKeys (ConfUtils.java:logGet(43)) - raft.server.log.purge.gap = 1000000 (custom)
2019-10-04 21:26:24,005 [pool-257-thread-1] INFO  server.RaftServerConfigKeys (ConfUtils.java:logGet(43)) - raft.server.log.appender.buffer.byte-limit = 33554432 (custom)
2019-10-04 21:26:24,005 [pool-257-thread-1] INFO  server.RaftServerConfigKeys (ConfUtils.java:logGet(43)) - raft.server.log.segment.size.max = 1048576 (custom)
2019-10-04 21:26:24,007 [pool-257-thread-1] INFO  server.RaftServerConfigKeys (ConfUtils.java:logGet(43)) - raft.server.log.segment.cache.num.max = 2 (custom)
2019-10-04 21:26:24,007 [pool-257-thread-1] INFO  segmented.SegmentedRaftLogWorker (SegmentedRaftLogWorker.java:<init>(173)) - new e71f5af9-0e50-404f-8e0b-b530ac019365@group-FDC583436D0E-SegmentedRaftLogWorker for RaftStorage:Storage Directory /workdir/hadoop-ozone/integration-test/target/test-dir/MiniOzoneClusterImpl-40beb1f2-94b2-4db7-b7c7-fe5f3583899d/datanode-5/data/ratis/984bc2be-0e82-4d6a-be7f-fdc583436d0e
2019-10-04 21:26:24,007 [pool-257-thread-1] INFO  server.RaftServerConfigKeys (ConfUtils.java:logGet(43)) - raft.server.log.queue.byte-limit = 2147483647 (custom)
2019-10-04 21:26:24,007 [pool-257-thread-1] INFO  server.RaftServerConfigKeys (ConfUtils.java:logGet(43)) - raft.server.log.queue.element-limit = 1024 (custom)
2019-10-04 21:26:24,007 [pool-257-thread-1] INFO  server.RaftServerConfigKeys (ConfUtils.java:logGet(43)) - raft.server.log.segment.size.max = 1048576 (custom)
2019-10-04 21:26:24,007 [pool-257-thread-1] INFO  server.RaftServerConfigKeys (ConfUtils.java:logGet(43)) - raft.server.log.preallocated.size = 16384 (custom)
2019-10-04 21:26:24,007 [pool-257-thread-1] INFO  server.RaftServerConfigKeys (ConfUtils.java:logGet(43)) - raft.server.log.write.buffer.size = 33554432 (custom)
2019-10-04 21:26:24,007 [pool-257-thread-1] INFO  server.RaftServerConfigKeys (ConfUtils.java:logGet(43)) - raft.server.log.force.sync.num = 128 (default)
2019-10-04 21:26:24,007 [pool-257-thread-1] INFO  server.RaftServerConfigKeys (ConfUtils.java:logGet(43)) - raft.server.log.statemachine.data.sync = true (default)
2019-10-04 21:26:24,008 [pool-257-thread-1] INFO  server.RaftServerConfigKeys (ConfUtils.java:logGet(43)) - raft.server.log.statemachine.data.sync.timeout = 10s (default)
2019-10-04 21:26:24,008 [pool-257-thread-1] INFO  server.RaftServerConfigKeys (ConfUtils.java:logGet(43)) - raft.server.log.statemachine.data.sync.timeout.retry = -1 (default)
2019-10-04 21:26:24,008 [pool-257-thread-1] INFO  server.RaftServerConfigKeys (ConfUtils.java:logGet(43)) - raft.server.log.statemachine.data.caching.enabled = true (custom)
2019-10-04 21:26:24,008 [pool-257-thread-1] INFO  segmented.SegmentedRaftLogWorker (SegmentedRaftLogWorker.java:lambda$new$0(128)) - e71f5af9-0e50-404f-8e0b-b530ac019365@group-FDC583436D0E-SegmentedRaftLogWorker: flushIndex: setUnconditionally 0 -> -1
2019-10-04 21:26:24,009 [pool-257-thread-1] INFO  server.RaftServerConfigKeys (ConfUtils.java:logGet(43)) - raft.server.snapshot.auto.trigger.enabled = true (custom)
2019-10-04 21:26:24,009 [pool-257-thread-1] INFO  server.RaftServerConfigKeys (ConfUtils.java:logGet(43)) - raft.server.snapshot.auto.trigger.threshold = 10000 (custom)
2019-10-04 21:26:24,009 [pool-257-thread-1] INFO  server.RaftServerConfigKeys (ConfUtils.java:logGet(43)) - raft.server.snapshot.retention.file.num = 5 (custom)
2019-10-04 21:26:24,009 [pool-257-thread-1] INFO  server.RaftServerConfigKeys (ConfUtils.java:logGet(43)) - raft.server.retrycache.expirytime = 600000ms (custom)
2019-10-04 21:26:24,010 [pool-257-thread-1] INFO  impl.RaftServerImpl (RaftServerImpl.java:start(181)) - e71f5af9-0e50-404f-8e0b-b530ac019365@group-FDC583436D0E: start as a follower, conf=-1: [e71f5af9-0e50-404f-8e0b-b530ac019365:192.168.151.72:33241], old=null
2019-10-04 21:26:24,011 [pool-257-thread-1] INFO  impl.RaftServerImpl (RaftServerImpl.java:setRole(170)) - e71f5af9-0e50-404f-8e0b-b530ac019365@group-FDC583436D0E: changes role from      null to FOLLOWER at term 0 for startAsFollower
2019-10-04 21:26:24,011 [pool-257-thread-1] INFO  impl.RoleInfo (RoleInfo.java:updateAndGet(143)) - e71f5af9-0e50-404f-8e0b-b530ac019365: start FollowerState
2019-10-04 21:26:24,011 [pool-257-thread-1] INFO  util.JmxRegister (JmxRegister.java:tryRegister(44)) - Successfully registered JMX Bean with object name Ratis:service=RaftServer,group=group-FDC583436D0E,id=e71f5af9-0e50-404f-8e0b-b530ac019365
2019-10-04 21:26:24,017 [main] INFO  ozone.MiniOzoneClusterImpl (MiniOzoneClusterImpl.java:lambda$waitForClusterToBeReady$0(147)) - Waiting for cluster to be ready. Got 6 of 7 DN Heartbeats.
2019-10-04 21:26:24,018 [RatisPipelineUtilsThread] INFO  pipeline.PipelineStateManager (PipelineStateManager.java:addPipeline(56)) - Created pipeline Pipeline[ Id: 984bc2be-0e82-4d6a-be7f-fdc583436d0e, Nodes: e71f5af9-0e50-404f-8e0b-b530ac019365{ip: 192.168.151.72, host: pr-hdds-2239-t668n-1079239961, networkLocation: /default-rack, certSerialId: null}, Type:RATIS, Factor:ONE, State:OPEN]
2019-10-04 21:26:24,018 [IPC Server handler 5 on 34893] INFO  net.NetworkTopology (NetworkTopologyImpl.java:add(111)) - Added a new node: /default-rack/b33e9b63-acfc-4b47-b8d0-9566c36bc898
2019-10-04 21:26:24,018 [IPC Server handler 5 on 34893] INFO  node.SCMNodeManager (SCMNodeManager.java:register(268)) - Registered Data node : b33e9b63-acfc-4b47-b8d0-9566c36bc898{ip: 192.168.151.72, host: pr-hdds-2239-t668n-1079239961, networkLocation: /default-rack, certSerialId: null}
2019-10-04 21:26:24,032 [grpc-default-executor-4] INFO  impl.RaftServerProxy (RaftServerProxy.java:addNew(89)) - b33e9b63-acfc-4b47-b8d0-9566c36bc898: addNew group-58E0BBC0782D:[b33e9b63-acfc-4b47-b8d0-9566c36bc898:192.168.151.72:46340] returns group-58E0BBC0782D:java.util.concurrent.CompletableFuture@5afd5cc5[Not completed]
2019-10-04 21:26:24,033 [pool-267-thread-1] INFO  impl.RaftServerImpl (RaftServerImpl.java:<init>(95)) - b33e9b63-acfc-4b47-b8d0-9566c36bc898: new RaftServerImpl for group-58E0BBC0782D:[b33e9b63-acfc-4b47-b8d0-9566c36bc898:192.168.151.72:46340] with ContainerStateMachine:uninitialized
2019-10-04 21:26:24,033 [pool-267-thread-1] INFO  server.RaftServerConfigKeys (ConfUtils.java:logGet(43)) - raft.server.rpc.timeout.min = 5s (custom)
2019-10-04 21:26:24,034 [pool-267-thread-1] INFO  server.RaftServerConfigKeys (ConfUtils.java:logGet(43)) - raft.server.rpc.timeout.max = 5200ms (custom)
2019-10-04 21:26:24,034 [pool-267-thread-1] INFO  server.RaftServerConfigKeys (ConfUtils.java:logGet(43)) - raft.server.rpcslowness.timeout = 120s (custom)
2019-10-04 21:26:24,034 [pool-267-thread-1] INFO  server.RaftServerConfigKeys (ConfUtils.java:logGet(43)) - raft.server.sleep.deviation.threshold = 300 (default)
2019-10-04 21:26:24,034 [pool-267-thread-1] INFO  server.RaftServerConfigKeys (ConfUtils.java:logGet(43)) - raft.server.log.appender.install.snapshot.enabled = false (custom)
2019-10-04 21:26:24,034 [pool-267-thread-1] INFO  impl.RaftServerImpl (ServerState.java:<init>(103)) - b33e9b63-acfc-4b47-b8d0-9566c36bc898@group-58E0BBC0782D: ConfigurationManager, init=-1: [b33e9b63-acfc-4b47-b8d0-9566c36bc898:192.168.151.72:46340], old=null, confs=<EMPTY_MAP>
2019-10-04 21:26:24,034 [pool-267-thread-1] INFO  server.RaftServerConfigKeys (ConfUtils.java:logGet(43)) - raft.server.storage.dir = [/workdir/hadoop-ozone/integration-test/target/test-dir/MiniOzoneClusterImpl-40beb1f2-94b2-4db7-b7c7-fe5f3583899d/datanode-6/data/ratis] (custom)
2019-10-04 21:26:24,035 [pool-267-thread-1] INFO  server.RaftServerConfigKeys (ConfUtils.java:logGet(43)) - raft.server.log.corruption.policy = EXCEPTION (default)
2019-10-04 21:26:24,035 [pool-267-thread-1] INFO  storage.RaftStorageDirectory (RaftStorageDirectory.java:analyzeStorage(246)) - The storage directory /workdir/hadoop-ozone/integration-test/target/test-dir/MiniOzoneClusterImpl-40beb1f2-94b2-4db7-b7c7-fe5f3583899d/datanode-6/data/ratis/37ef7c45-13ec-41a2-8d93-58e0bbc0782d does not exist. Creating ...
2019-10-04 21:26:24,047 [pool-267-thread-1] INFO  storage.RaftStorageDirectory (RaftStorageDirectory.java:tryLock(328)) - Lock on /workdir/hadoop-ozone/integration-test/target/test-dir/MiniOzoneClusterImpl-40beb1f2-94b2-4db7-b7c7-fe5f3583899d/datanode-6/data/ratis/37ef7c45-13ec-41a2-8d93-58e0bbc0782d/in_use.lock acquired by nodename 26541@pr-hdds-2239-t668n-1079239961
2019-10-04 21:26:24,060 [pool-267-thread-1] INFO  storage.RaftStorage (RaftStorage.java:format(84)) - Storage directory /workdir/hadoop-ozone/integration-test/target/test-dir/MiniOzoneClusterImpl-40beb1f2-94b2-4db7-b7c7-fe5f3583899d/datanode-6/data/ratis/37ef7c45-13ec-41a2-8d93-58e0bbc0782d has been successfully formatted.
2019-10-04 21:26:24,061 [pool-267-thread-1] INFO  ratis.ContainerStateMachine (ContainerStateMachine.java:loadSnapshot(230)) - group-58E0BBC0782D: The snapshot info is null. Setting the last applied indexto:(t:0, i:~)
2019-10-04 21:26:24,061 [pool-267-thread-1] INFO  server.RaftServerConfigKeys (ConfUtils.java:logGet(43)) - raft.server.notification.no-leader.timeout = 120s (custom)
2019-10-04 21:26:24,061 [pool-267-thread-1] INFO  server.RaftServerConfigKeys (ConfUtils.java:logGet(43)) - raft.server.log.use.memory = false (default)
2019-10-04 21:26:24,061 [pool-267-thread-1] INFO  server.RaftServerConfigKeys (ConfUtils.java:logGet(43)) - raft.server.log.purge.gap = 1000000 (custom)
2019-10-04 21:26:24,061 [pool-267-thread-1] INFO  server.RaftServerConfigKeys (ConfUtils.java:logGet(43)) - raft.server.log.appender.buffer.byte-limit = 33554432 (custom)
2019-10-04 21:26:24,061 [pool-267-thread-1] INFO  server.RaftServerConfigKeys (ConfUtils.java:logGet(43)) - raft.server.log.segment.size.max = 1048576 (custom)
2019-10-04 21:26:24,063 [pool-267-thread-1] INFO  server.RaftServerConfigKeys (ConfUtils.java:logGet(43)) - raft.server.log.segment.cache.num.max = 2 (custom)
2019-10-04 21:26:24,063 [pool-267-thread-1] INFO  segmented.SegmentedRaftLogWorker (SegmentedRaftLogWorker.java:<init>(173)) - new b33e9b63-acfc-4b47-b8d0-9566c36bc898@group-58E0BBC0782D-SegmentedRaftLogWorker for RaftStorage:Storage Directory /workdir/hadoop-ozone/integration-test/target/test-dir/MiniOzoneClusterImpl-40beb1f2-94b2-4db7-b7c7-fe5f3583899d/datanode-6/data/ratis/37ef7c45-13ec-41a2-8d93-58e0bbc0782d
2019-10-04 21:26:24,063 [pool-267-thread-1] INFO  server.RaftServerConfigKeys (ConfUtils.java:logGet(43)) - raft.server.log.queue.byte-limit = 2147483647 (custom)
2019-10-04 21:26:24,064 [pool-267-thread-1] INFO  server.RaftServerConfigKeys (ConfUtils.java:logGet(43)) - raft.server.log.queue.element-limit = 1024 (custom)
2019-10-04 21:26:24,064 [pool-267-thread-1] INFO  server.RaftServerConfigKeys (ConfUtils.java:logGet(43)) - raft.server.log.segment.size.max = 1048576 (custom)
2019-10-04 21:26:24,064 [pool-267-thread-1] INFO  server.RaftServerConfigKeys (ConfUtils.java:logGet(43)) - raft.server.log.preallocated.size = 16384 (custom)
2019-10-04 21:26:24,064 [pool-267-thread-1] INFO  server.RaftServerConfigKeys (ConfUtils.java:logGet(43)) - raft.server.log.write.buffer.size = 33554432 (custom)
2019-10-04 21:26:24,064 [pool-267-thread-1] INFO  server.RaftServerConfigKeys (ConfUtils.java:logGet(43)) - raft.server.log.force.sync.num = 128 (default)
2019-10-04 21:26:24,064 [pool-267-thread-1] INFO  server.RaftServerConfigKeys (ConfUtils.java:logGet(43)) - raft.server.log.statemachine.data.sync = true (default)
2019-10-04 21:26:24,064 [pool-267-thread-1] INFO  server.RaftServerConfigKeys (ConfUtils.java:logGet(43)) - raft.server.log.statemachine.data.sync.timeout = 10s (default)
2019-10-04 21:26:24,065 [pool-267-thread-1] INFO  server.RaftServerConfigKeys (ConfUtils.java:logGet(43)) - raft.server.log.statemachine.data.sync.timeout.retry = -1 (default)
2019-10-04 21:26:24,065 [pool-267-thread-1] INFO  server.RaftServerConfigKeys (ConfUtils.java:logGet(43)) - raft.server.log.statemachine.data.caching.enabled = true (custom)
2019-10-04 21:26:24,065 [pool-267-thread-1] INFO  segmented.SegmentedRaftLogWorker (SegmentedRaftLogWorker.java:lambda$new$0(128)) - b33e9b63-acfc-4b47-b8d0-9566c36bc898@group-58E0BBC0782D-SegmentedRaftLogWorker: flushIndex: setUnconditionally 0 -> -1
2019-10-04 21:26:24,066 [pool-267-thread-1] INFO  server.RaftServerConfigKeys (ConfUtils.java:logGet(43)) - raft.server.snapshot.auto.trigger.enabled = true (custom)
2019-10-04 21:26:24,066 [pool-267-thread-1] INFO  server.RaftServerConfigKeys (ConfUtils.java:logGet(43)) - raft.server.snapshot.auto.trigger.threshold = 10000 (custom)
2019-10-04 21:26:24,066 [pool-267-thread-1] INFO  server.RaftServerConfigKeys (ConfUtils.java:logGet(43)) - raft.server.snapshot.retention.file.num = 5 (custom)
2019-10-04 21:26:24,066 [pool-267-thread-1] INFO  server.RaftServerConfigKeys (ConfUtils.java:logGet(43)) - raft.server.retrycache.expirytime = 600000ms (custom)
2019-10-04 21:26:24,068 [pool-267-thread-1] INFO  impl.RaftServerImpl (RaftServerImpl.java:start(181)) - b33e9b63-acfc-4b47-b8d0-9566c36bc898@group-58E0BBC0782D: start as a follower, conf=-1: [b33e9b63-acfc-4b47-b8d0-9566c36bc898:192.168.151.72:46340], old=null
2019-10-04 21:26:24,068 [pool-267-thread-1] INFO  impl.RaftServerImpl (RaftServerImpl.java:setRole(170)) - b33e9b63-acfc-4b47-b8d0-9566c36bc898@group-58E0BBC0782D: changes role from      null to FOLLOWER at term 0 for startAsFollower
2019-10-04 21:26:24,068 [pool-267-thread-1] INFO  impl.RoleInfo (RoleInfo.java:updateAndGet(143)) - b33e9b63-acfc-4b47-b8d0-9566c36bc898: start FollowerState
2019-10-04 21:26:24,068 [pool-267-thread-1] INFO  util.JmxRegister (JmxRegister.java:tryRegister(44)) - Successfully registered JMX Bean with object name Ratis:service=RaftServer,group=group-58E0BBC0782D,id=b33e9b63-acfc-4b47-b8d0-9566c36bc898
2019-10-04 21:26:24,075 [RatisPipelineUtilsThread] INFO  pipeline.PipelineStateManager (PipelineStateManager.java:addPipeline(56)) - Created pipeline Pipeline[ Id: 37ef7c45-13ec-41a2-8d93-58e0bbc0782d, Nodes: b33e9b63-acfc-4b47-b8d0-9566c36bc898{ip: 192.168.151.72, host: pr-hdds-2239-t668n-1079239961, networkLocation: /default-rack, certSerialId: null}, Type:RATIS, Factor:ONE, State:OPEN]
2019-10-04 21:26:24,080 [grpc-default-executor-4] INFO  impl.RaftServerProxy (RaftServerProxy.java:addNew(89)) - aa0e7599-6889-4ac9-8da1-2d5668e426b3: addNew group-04AFCBE3BB78:[aa0e7599-6889-4ac9-8da1-2d5668e426b3:192.168.151.72:36897] returns group-04AFCBE3BB78:java.util.concurrent.CompletableFuture@58297ffc[Not completed]
2019-10-04 21:26:24,081 [pool-237-thread-1] INFO  impl.RaftServerImpl (RaftServerImpl.java:<init>(95)) - aa0e7599-6889-4ac9-8da1-2d5668e426b3: new RaftServerImpl for group-04AFCBE3BB78:[aa0e7599-6889-4ac9-8da1-2d5668e426b3:192.168.151.72:36897] with ContainerStateMachine:uninitialized
2019-10-04 21:26:24,081 [pool-237-thread-1] INFO  server.RaftServerConfigKeys (ConfUtils.java:logGet(43)) - raft.server.rpc.timeout.min = 5s (custom)
2019-10-04 21:26:24,081 [pool-237-thread-1] INFO  server.RaftServerConfigKeys (ConfUtils.java:logGet(43)) - raft.server.rpc.timeout.max = 5200ms (custom)
2019-10-04 21:26:24,082 [pool-237-thread-1] INFO  server.RaftServerConfigKeys (ConfUtils.java:logGet(43)) - raft.server.rpcslowness.timeout = 120s (custom)
2019-10-04 21:26:24,082 [pool-237-thread-1] INFO  server.RaftServerConfigKeys (ConfUtils.java:logGet(43)) - raft.server.sleep.deviation.threshold = 300 (default)
2019-10-04 21:26:24,082 [pool-237-thread-1] INFO  server.RaftServerConfigKeys (ConfUtils.java:logGet(43)) - raft.server.log.appender.install.snapshot.enabled = false (custom)
2019-10-04 21:26:24,082 [pool-237-thread-1] INFO  impl.RaftServerImpl (ServerState.java:<init>(103)) - aa0e7599-6889-4ac9-8da1-2d5668e426b3@group-04AFCBE3BB78: ConfigurationManager, init=-1: [aa0e7599-6889-4ac9-8da1-2d5668e426b3:192.168.151.72:36897], old=null, confs=<EMPTY_MAP>
2019-10-04 21:26:24,082 [pool-237-thread-1] INFO  server.RaftServerConfigKeys (ConfUtils.java:logGet(43)) - raft.server.storage.dir = [/workdir/hadoop-ozone/integration-test/target/test-dir/MiniOzoneClusterImpl-40beb1f2-94b2-4db7-b7c7-fe5f3583899d/datanode-3/data/ratis] (custom)
2019-10-04 21:26:24,082 [pool-237-thread-1] INFO  server.RaftServerConfigKeys (ConfUtils.java:logGet(43)) - raft.server.log.corruption.policy = EXCEPTION (default)
2019-10-04 21:26:24,082 [pool-237-thread-1] INFO  storage.RaftStorageDirectory (RaftStorageDirectory.java:analyzeStorage(246)) - The storage directory /workdir/hadoop-ozone/integration-test/target/test-dir/MiniOzoneClusterImpl-40beb1f2-94b2-4db7-b7c7-fe5f3583899d/datanode-3/data/ratis/b50c8fda-1bcc-414f-9c87-04afcbe3bb78 does not exist. Creating ...
2019-10-04 21:26:24,095 [pool-237-thread-1] INFO  storage.RaftStorageDirectory (RaftStorageDirectory.java:tryLock(328)) - Lock on /workdir/hadoop-ozone/integration-test/target/test-dir/MiniOzoneClusterImpl-40beb1f2-94b2-4db7-b7c7-fe5f3583899d/datanode-3/data/ratis/b50c8fda-1bcc-414f-9c87-04afcbe3bb78/in_use.lock acquired by nodename 26541@pr-hdds-2239-t668n-1079239961
2019-10-04 21:26:24,108 [pool-237-thread-1] INFO  storage.RaftStorage (RaftStorage.java:format(84)) - Storage directory /workdir/hadoop-ozone/integration-test/target/test-dir/MiniOzoneClusterImpl-40beb1f2-94b2-4db7-b7c7-fe5f3583899d/datanode-3/data/ratis/b50c8fda-1bcc-414f-9c87-04afcbe3bb78 has been successfully formatted.
2019-10-04 21:26:24,108 [pool-237-thread-1] INFO  ratis.ContainerStateMachine (ContainerStateMachine.java:loadSnapshot(230)) - group-04AFCBE3BB78: The snapshot info is null. Setting the last applied indexto:(t:0, i:~)
2019-10-04 21:26:24,108 [pool-237-thread-1] INFO  server.RaftServerConfigKeys (ConfUtils.java:logGet(43)) - raft.server.notification.no-leader.timeout = 120s (custom)
2019-10-04 21:26:24,108 [pool-237-thread-1] INFO  server.RaftServerConfigKeys (ConfUtils.java:logGet(43)) - raft.server.log.use.memory = false (default)
2019-10-04 21:26:24,108 [pool-237-thread-1] INFO  server.RaftServerConfigKeys (ConfUtils.java:logGet(43)) - raft.server.log.purge.gap = 1000000 (custom)
2019-10-04 21:26:24,108 [pool-237-thread-1] INFO  server.RaftServerConfigKeys (ConfUtils.java:logGet(43)) - raft.server.log.appender.buffer.byte-limit = 33554432 (custom)
2019-10-04 21:26:24,108 [pool-237-thread-1] INFO  server.RaftServerConfigKeys (ConfUtils.java:logGet(43)) - raft.server.log.segment.size.max = 1048576 (custom)
2019-10-04 21:26:24,110 [pool-237-thread-1] INFO  server.RaftServerConfigKeys (ConfUtils.java:logGet(43)) - raft.server.log.segment.cache.num.max = 2 (custom)
2019-10-04 21:26:24,110 [pool-237-thread-1] INFO  segmented.SegmentedRaftLogWorker (SegmentedRaftLogWorker.java:<init>(173)) - new aa0e7599-6889-4ac9-8da1-2d5668e426b3@group-04AFCBE3BB78-SegmentedRaftLogWorker for RaftStorage:Storage Directory /workdir/hadoop-ozone/integration-test/target/test-dir/MiniOzoneClusterImpl-40beb1f2-94b2-4db7-b7c7-fe5f3583899d/datanode-3/data/ratis/b50c8fda-1bcc-414f-9c87-04afcbe3bb78
2019-10-04 21:26:24,110 [pool-237-thread-1] INFO  server.RaftServerConfigKeys (ConfUtils.java:logGet(43)) - raft.server.log.queue.byte-limit = 2147483647 (custom)
2019-10-04 21:26:24,110 [pool-237-thread-1] INFO  server.RaftServerConfigKeys (ConfUtils.java:logGet(43)) - raft.server.log.queue.element-limit = 1024 (custom)
2019-10-04 21:26:24,110 [pool-237-thread-1] INFO  server.RaftServerConfigKeys (ConfUtils.java:logGet(43)) - raft.server.log.segment.size.max = 1048576 (custom)
2019-10-04 21:26:24,110 [pool-237-thread-1] INFO  server.RaftServerConfigKeys (ConfUtils.java:logGet(43)) - raft.server.log.preallocated.size = 16384 (custom)
2019-10-04 21:26:24,110 [pool-237-thread-1] INFO  server.RaftServerConfigKeys (ConfUtils.java:logGet(43)) - raft.server.log.write.buffer.size = 33554432 (custom)
2019-10-04 21:26:24,111 [pool-237-thread-1] INFO  server.RaftServerConfigKeys (ConfUtils.java:logGet(43)) - raft.server.log.force.sync.num = 128 (default)
2019-10-04 21:26:24,111 [pool-237-thread-1] INFO  server.RaftServerConfigKeys (ConfUtils.java:logGet(43)) - raft.server.log.statemachine.data.sync = true (default)
2019-10-04 21:26:24,111 [pool-237-thread-1] INFO  server.RaftServerConfigKeys (ConfUtils.java:logGet(43)) - raft.server.log.statemachine.data.sync.timeout = 10s (default)
2019-10-04 21:26:24,111 [pool-237-thread-1] INFO  server.RaftServerConfigKeys (ConfUtils.java:logGet(43)) - raft.server.log.statemachine.data.sync.timeout.retry = -1 (default)
2019-10-04 21:26:24,111 [pool-237-thread-1] INFO  server.RaftServerConfigKeys (ConfUtils.java:logGet(43)) - raft.server.log.statemachine.data.caching.enabled = true (custom)
2019-10-04 21:26:24,111 [pool-237-thread-1] INFO  segmented.SegmentedRaftLogWorker (SegmentedRaftLogWorker.java:lambda$new$0(128)) - aa0e7599-6889-4ac9-8da1-2d5668e426b3@group-04AFCBE3BB78-SegmentedRaftLogWorker: flushIndex: setUnconditionally 0 -> -1
2019-10-04 21:26:24,112 [pool-237-thread-1] INFO  server.RaftServerConfigKeys (ConfUtils.java:logGet(43)) - raft.server.snapshot.auto.trigger.enabled = true (custom)
2019-10-04 21:26:24,112 [pool-237-thread-1] INFO  server.RaftServerConfigKeys (ConfUtils.java:logGet(43)) - raft.server.snapshot.auto.trigger.threshold = 10000 (custom)
2019-10-04 21:26:24,112 [pool-237-thread-1] INFO  server.RaftServerConfigKeys (ConfUtils.java:logGet(43)) - raft.server.snapshot.retention.file.num = 5 (custom)
2019-10-04 21:26:24,112 [pool-237-thread-1] INFO  server.RaftServerConfigKeys (ConfUtils.java:logGet(43)) - raft.server.retrycache.expirytime = 600000ms (custom)
2019-10-04 21:26:24,114 [pool-237-thread-1] INFO  impl.RaftServerImpl (RaftServerImpl.java:start(181)) - aa0e7599-6889-4ac9-8da1-2d5668e426b3@group-04AFCBE3BB78: start as a follower, conf=-1: [aa0e7599-6889-4ac9-8da1-2d5668e426b3:192.168.151.72:36897], old=null
2019-10-04 21:26:24,114 [pool-237-thread-1] INFO  impl.RaftServerImpl (RaftServerImpl.java:setRole(170)) - aa0e7599-6889-4ac9-8da1-2d5668e426b3@group-04AFCBE3BB78: changes role from      null to FOLLOWER at term 0 for startAsFollower
2019-10-04 21:26:24,114 [pool-237-thread-1] INFO  impl.RoleInfo (RoleInfo.java:updateAndGet(143)) - aa0e7599-6889-4ac9-8da1-2d5668e426b3: start FollowerState
2019-10-04 21:26:24,114 [pool-237-thread-1] INFO  util.JmxRegister (JmxRegister.java:tryRegister(44)) - Successfully registered JMX Bean with object name Ratis:service=RaftServer,group=group-04AFCBE3BB78,id=aa0e7599-6889-4ac9-8da1-2d5668e426b3
2019-10-04 21:26:24,122 [RatisPipelineUtilsThread] INFO  pipeline.PipelineStateManager (PipelineStateManager.java:addPipeline(56)) - Created pipeline Pipeline[ Id: b50c8fda-1bcc-414f-9c87-04afcbe3bb78, Nodes: aa0e7599-6889-4ac9-8da1-2d5668e426b3{ip: 192.168.151.72, host: pr-hdds-2239-t668n-1079239961, networkLocation: /default-rack, certSerialId: null}, Type:RATIS, Factor:ONE, State:OPEN]
2019-10-04 21:26:24,137 [grpc-default-executor-2] INFO  impl.RaftServerProxy (RaftServerProxy.java:addNew(89)) - b33e9b63-acfc-4b47-b8d0-9566c36bc898: addNew group-81D542EAC84E:[13d088eb-5a30-4c3a-8eb2-9178c546b7e9:192.168.151.72:36780, b33e9b63-acfc-4b47-b8d0-9566c36bc898:192.168.151.72:46340, e71f5af9-0e50-404f-8e0b-b530ac019365:192.168.151.72:33241] returns group-81D542EAC84E:java.util.concurrent.CompletableFuture@5dd5e912[Not completed]
2019-10-04 21:26:24,137 [grpc-default-executor-1] INFO  impl.RaftServerProxy (RaftServerProxy.java:addNew(89)) - 13d088eb-5a30-4c3a-8eb2-9178c546b7e9: addNew group-81D542EAC84E:[13d088eb-5a30-4c3a-8eb2-9178c546b7e9:192.168.151.72:36780, b33e9b63-acfc-4b47-b8d0-9566c36bc898:192.168.151.72:46340, e71f5af9-0e50-404f-8e0b-b530ac019365:192.168.151.72:33241] returns group-81D542EAC84E:java.util.concurrent.CompletableFuture@4738fdf3[Not completed]
2019-10-04 21:26:24,137 [grpc-default-executor-2] INFO  impl.RaftServerProxy (RaftServerProxy.java:addNew(89)) - e71f5af9-0e50-404f-8e0b-b530ac019365: addNew group-81D542EAC84E:[13d088eb-5a30-4c3a-8eb2-9178c546b7e9:192.168.151.72:36780, b33e9b63-acfc-4b47-b8d0-9566c36bc898:192.168.151.72:46340, e71f5af9-0e50-404f-8e0b-b530ac019365:192.168.151.72:33241] returns group-81D542EAC84E:java.util.concurrent.CompletableFuture@4277bc35[Not completed]
2019-10-04 21:26:24,138 [pool-267-thread-1] INFO  impl.RaftServerImpl (RaftServerImpl.java:<init>(95)) - b33e9b63-acfc-4b47-b8d0-9566c36bc898: new RaftServerImpl for group-81D542EAC84E:[13d088eb-5a30-4c3a-8eb2-9178c546b7e9:192.168.151.72:36780, b33e9b63-acfc-4b47-b8d0-9566c36bc898:192.168.151.72:46340, e71f5af9-0e50-404f-8e0b-b530ac019365:192.168.151.72:33241] with ContainerStateMachine:uninitialized
2019-10-04 21:26:24,138 [pool-267-thread-1] INFO  server.RaftServerConfigKeys (ConfUtils.java:logGet(43)) - raft.server.rpc.timeout.min = 5s (custom)
2019-10-04 21:26:24,138 [pool-267-thread-1] INFO  server.RaftServerConfigKeys (ConfUtils.java:logGet(43)) - raft.server.rpc.timeout.max = 5200ms (custom)
2019-10-04 21:26:24,138 [pool-267-thread-1] INFO  server.RaftServerConfigKeys (ConfUtils.java:logGet(43)) - raft.server.rpcslowness.timeout = 120s (custom)
2019-10-04 21:26:24,138 [pool-267-thread-1] INFO  server.RaftServerConfigKeys (ConfUtils.java:logGet(43)) - raft.server.sleep.deviation.threshold = 300 (default)
2019-10-04 21:26:24,138 [pool-267-thread-1] INFO  server.RaftServerConfigKeys (ConfUtils.java:logGet(43)) - raft.server.log.appender.install.snapshot.enabled = false (custom)
2019-10-04 21:26:24,139 [pool-267-thread-1] INFO  impl.RaftServerImpl (ServerState.java:<init>(103)) - b33e9b63-acfc-4b47-b8d0-9566c36bc898@group-81D542EAC84E: ConfigurationManager, init=-1: [13d088eb-5a30-4c3a-8eb2-9178c546b7e9:192.168.151.72:36780, b33e9b63-acfc-4b47-b8d0-9566c36bc898:192.168.151.72:46340, e71f5af9-0e50-404f-8e0b-b530ac019365:192.168.151.72:33241], old=null, confs=<EMPTY_MAP>
2019-10-04 21:26:24,139 [pool-267-thread-1] INFO  server.RaftServerConfigKeys (ConfUtils.java:logGet(43)) - raft.server.storage.dir = [/workdir/hadoop-ozone/integration-test/target/test-dir/MiniOzoneClusterImpl-40beb1f2-94b2-4db7-b7c7-fe5f3583899d/datanode-6/data/ratis] (custom)
2019-10-04 21:26:24,139 [pool-267-thread-1] INFO  server.RaftServerConfigKeys (ConfUtils.java:logGet(43)) - raft.server.log.corruption.policy = EXCEPTION (default)
2019-10-04 21:26:24,139 [pool-267-thread-1] INFO  storage.RaftStorageDirectory (RaftStorageDirectory.java:analyzeStorage(246)) - The storage directory /workdir/hadoop-ozone/integration-test/target/test-dir/MiniOzoneClusterImpl-40beb1f2-94b2-4db7-b7c7-fe5f3583899d/datanode-6/data/ratis/ce4338ea-c2b8-4866-9634-81d542eac84e does not exist. Creating ...
2019-10-04 21:26:24,140 [pool-247-thread-1] INFO  impl.RaftServerImpl (RaftServerImpl.java:<init>(95)) - 13d088eb-5a30-4c3a-8eb2-9178c546b7e9: new RaftServerImpl for group-81D542EAC84E:[13d088eb-5a30-4c3a-8eb2-9178c546b7e9:192.168.151.72:36780, b33e9b63-acfc-4b47-b8d0-9566c36bc898:192.168.151.72:46340, e71f5af9-0e50-404f-8e0b-b530ac019365:192.168.151.72:33241] with ContainerStateMachine:uninitialized
2019-10-04 21:26:24,140 [pool-247-thread-1] INFO  server.RaftServerConfigKeys (ConfUtils.java:logGet(43)) - raft.server.rpc.timeout.min = 5s (custom)
2019-10-04 21:26:24,140 [pool-247-thread-1] INFO  server.RaftServerConfigKeys (ConfUtils.java:logGet(43)) - raft.server.rpc.timeout.max = 5200ms (custom)
2019-10-04 21:26:24,140 [pool-247-thread-1] INFO  server.RaftServerConfigKeys (ConfUtils.java:logGet(43)) - raft.server.rpcslowness.timeout = 120s (custom)
2019-10-04 21:26:24,140 [pool-247-thread-1] INFO  server.RaftServerConfigKeys (ConfUtils.java:logGet(43)) - raft.server.sleep.deviation.threshold = 300 (default)
2019-10-04 21:26:24,140 [pool-247-thread-1] INFO  server.RaftServerConfigKeys (ConfUtils.java:logGet(43)) - raft.server.log.appender.install.snapshot.enabled = false (custom)
2019-10-04 21:26:24,140 [pool-257-thread-1] INFO  impl.RaftServerImpl (RaftServerImpl.java:<init>(95)) - e71f5af9-0e50-404f-8e0b-b530ac019365: new RaftServerImpl for group-81D542EAC84E:[13d088eb-5a30-4c3a-8eb2-9178c546b7e9:192.168.151.72:36780, b33e9b63-acfc-4b47-b8d0-9566c36bc898:192.168.151.72:46340, e71f5af9-0e50-404f-8e0b-b530ac019365:192.168.151.72:33241] with ContainerStateMachine:uninitialized
2019-10-04 21:26:24,141 [pool-247-thread-1] INFO  impl.RaftServerImpl (ServerState.java:<init>(103)) - 13d088eb-5a30-4c3a-8eb2-9178c546b7e9@group-81D542EAC84E: ConfigurationManager, init=-1: [13d088eb-5a30-4c3a-8eb2-9178c546b7e9:192.168.151.72:36780, b33e9b63-acfc-4b47-b8d0-9566c36bc898:192.168.151.72:46340, e71f5af9-0e50-404f-8e0b-b530ac019365:192.168.151.72:33241], old=null, confs=<EMPTY_MAP>
2019-10-04 21:26:24,141 [pool-257-thread-1] INFO  server.RaftServerConfigKeys (ConfUtils.java:logGet(43)) - raft.server.rpc.timeout.min = 5s (custom)
2019-10-04 21:26:24,141 [pool-247-thread-1] INFO  server.RaftServerConfigKeys (ConfUtils.java:logGet(43)) - raft.server.storage.dir = [/workdir/hadoop-ozone/integration-test/target/test-dir/MiniOzoneClusterImpl-40beb1f2-94b2-4db7-b7c7-fe5f3583899d/datanode-4/data/ratis] (custom)
2019-10-04 21:26:24,141 [pool-257-thread-1] INFO  server.RaftServerConfigKeys (ConfUtils.java:logGet(43)) - raft.server.rpc.timeout.max = 5200ms (custom)
2019-10-04 21:26:24,141 [pool-247-thread-1] INFO  server.RaftServerConfigKeys (ConfUtils.java:logGet(43)) - raft.server.log.corruption.policy = EXCEPTION (default)
2019-10-04 21:26:24,141 [pool-257-thread-1] INFO  server.RaftServerConfigKeys (ConfUtils.java:logGet(43)) - raft.server.rpcslowness.timeout = 120s (custom)
2019-10-04 21:26:24,141 [pool-247-thread-1] INFO  storage.RaftStorageDirectory (RaftStorageDirectory.java:analyzeStorage(246)) - The storage directory /workdir/hadoop-ozone/integration-test/target/test-dir/MiniOzoneClusterImpl-40beb1f2-94b2-4db7-b7c7-fe5f3583899d/datanode-4/data/ratis/ce4338ea-c2b8-4866-9634-81d542eac84e does not exist. Creating ...
2019-10-04 21:26:24,141 [pool-257-thread-1] INFO  server.RaftServerConfigKeys (ConfUtils.java:logGet(43)) - raft.server.sleep.deviation.threshold = 300 (default)
2019-10-04 21:26:24,142 [pool-257-thread-1] INFO  server.RaftServerConfigKeys (ConfUtils.java:logGet(43)) - raft.server.log.appender.install.snapshot.enabled = false (custom)
2019-10-04 21:26:24,142 [pool-257-thread-1] INFO  impl.RaftServerImpl (ServerState.java:<init>(103)) - e71f5af9-0e50-404f-8e0b-b530ac019365@group-81D542EAC84E: ConfigurationManager, init=-1: [13d088eb-5a30-4c3a-8eb2-9178c546b7e9:192.168.151.72:36780, b33e9b63-acfc-4b47-b8d0-9566c36bc898:192.168.151.72:46340, e71f5af9-0e50-404f-8e0b-b530ac019365:192.168.151.72:33241], old=null, confs=<EMPTY_MAP>
2019-10-04 21:26:24,142 [pool-257-thread-1] INFO  server.RaftServerConfigKeys (ConfUtils.java:logGet(43)) - raft.server.storage.dir = [/workdir/hadoop-ozone/integration-test/target/test-dir/MiniOzoneClusterImpl-40beb1f2-94b2-4db7-b7c7-fe5f3583899d/datanode-5/data/ratis] (custom)
2019-10-04 21:26:24,142 [pool-257-thread-1] INFO  server.RaftServerConfigKeys (ConfUtils.java:logGet(43)) - raft.server.log.corruption.policy = EXCEPTION (default)
2019-10-04 21:26:24,143 [pool-257-thread-1] INFO  storage.RaftStorageDirectory (RaftStorageDirectory.java:analyzeStorage(246)) - The storage directory /workdir/hadoop-ozone/integration-test/target/test-dir/MiniOzoneClusterImpl-40beb1f2-94b2-4db7-b7c7-fe5f3583899d/datanode-5/data/ratis/ce4338ea-c2b8-4866-9634-81d542eac84e does not exist. Creating ...
2019-10-04 21:26:24,164 [pool-267-thread-1] INFO  storage.RaftStorageDirectory (RaftStorageDirectory.java:tryLock(328)) - Lock on /workdir/hadoop-ozone/integration-test/target/test-dir/MiniOzoneClusterImpl-40beb1f2-94b2-4db7-b7c7-fe5f3583899d/datanode-6/data/ratis/ce4338ea-c2b8-4866-9634-81d542eac84e/in_use.lock acquired by nodename 26541@pr-hdds-2239-t668n-1079239961
2019-10-04 21:26:24,164 [pool-257-thread-1] INFO  storage.RaftStorageDirectory (RaftStorageDirectory.java:tryLock(328)) - Lock on /workdir/hadoop-ozone/integration-test/target/test-dir/MiniOzoneClusterImpl-40beb1f2-94b2-4db7-b7c7-fe5f3583899d/datanode-5/data/ratis/ce4338ea-c2b8-4866-9634-81d542eac84e/in_use.lock acquired by nodename 26541@pr-hdds-2239-t668n-1079239961
2019-10-04 21:26:24,164 [pool-247-thread-1] INFO  storage.RaftStorageDirectory (RaftStorageDirectory.java:tryLock(328)) - Lock on /workdir/hadoop-ozone/integration-test/target/test-dir/MiniOzoneClusterImpl-40beb1f2-94b2-4db7-b7c7-fe5f3583899d/datanode-4/data/ratis/ce4338ea-c2b8-4866-9634-81d542eac84e/in_use.lock acquired by nodename 26541@pr-hdds-2239-t668n-1079239961
2019-10-04 21:26:24,170 [pool-267-thread-1] INFO  storage.RaftStorage (RaftStorage.java:format(84)) - Storage directory /workdir/hadoop-ozone/integration-test/target/test-dir/MiniOzoneClusterImpl-40beb1f2-94b2-4db7-b7c7-fe5f3583899d/datanode-6/data/ratis/ce4338ea-c2b8-4866-9634-81d542eac84e has been successfully formatted.
2019-10-04 21:26:24,170 [pool-257-thread-1] INFO  storage.RaftStorage (RaftStorage.java:format(84)) - Storage directory /workdir/hadoop-ozone/integration-test/target/test-dir/MiniOzoneClusterImpl-40beb1f2-94b2-4db7-b7c7-fe5f3583899d/datanode-5/data/ratis/ce4338ea-c2b8-4866-9634-81d542eac84e has been successfully formatted.
2019-10-04 21:26:24,170 [pool-247-thread-1] INFO  storage.RaftStorage (RaftStorage.java:format(84)) - Storage directory /workdir/hadoop-ozone/integration-test/target/test-dir/MiniOzoneClusterImpl-40beb1f2-94b2-4db7-b7c7-fe5f3583899d/datanode-4/data/ratis/ce4338ea-c2b8-4866-9634-81d542eac84e has been successfully formatted.
2019-10-04 21:26:24,171 [pool-257-thread-1] INFO  ratis.ContainerStateMachine (ContainerStateMachine.java:loadSnapshot(230)) - group-81D542EAC84E: The snapshot info is null. Setting the last applied indexto:(t:0, i:~)
2019-10-04 21:26:24,170 [pool-267-thread-1] INFO  ratis.ContainerStateMachine (ContainerStateMachine.java:loadSnapshot(230)) - group-81D542EAC84E: The snapshot info is null. Setting the last applied indexto:(t:0, i:~)
2019-10-04 21:26:24,171 [pool-257-thread-1] INFO  server.RaftServerConfigKeys (ConfUtils.java:logGet(43)) - raft.server.notification.no-leader.timeout = 120s (custom)
2019-10-04 21:26:24,171 [pool-247-thread-1] INFO  ratis.ContainerStateMachine (ContainerStateMachine.java:loadSnapshot(230)) - group-81D542EAC84E: The snapshot info is null. Setting the last applied indexto:(t:0, i:~)
2019-10-04 21:26:24,171 [pool-257-thread-1] INFO  server.RaftServerConfigKeys (ConfUtils.java:logGet(43)) - raft.server.log.use.memory = false (default)
2019-10-04 21:26:24,171 [pool-267-thread-1] INFO  server.RaftServerConfigKeys (ConfUtils.java:logGet(43)) - raft.server.notification.no-leader.timeout = 120s (custom)
2019-10-04 21:26:24,172 [pool-257-thread-1] INFO  server.RaftServerConfigKeys (ConfUtils.java:logGet(43)) - raft.server.log.purge.gap = 1000000 (custom)
2019-10-04 21:26:24,172 [pool-247-thread-1] INFO  server.RaftServerConfigKeys (ConfUtils.java:logGet(43)) - raft.server.notification.no-leader.timeout = 120s (custom)
2019-10-04 21:26:24,172 [pool-257-thread-1] INFO  server.RaftServerConfigKeys (ConfUtils.java:logGet(43)) - raft.server.log.appender.buffer.byte-limit = 33554432 (custom)
2019-10-04 21:26:24,172 [pool-267-thread-1] INFO  server.RaftServerConfigKeys (ConfUtils.java:logGet(43)) - raft.server.log.use.memory = false (default)
2019-10-04 21:26:24,172 [pool-257-thread-1] INFO  server.RaftServerConfigKeys (ConfUtils.java:logGet(43)) - raft.server.log.segment.size.max = 1048576 (custom)
2019-10-04 21:26:24,172 [pool-247-thread-1] INFO  server.RaftServerConfigKeys (ConfUtils.java:logGet(43)) - raft.server.log.use.memory = false (default)
2019-10-04 21:26:24,173 [pool-257-thread-1] INFO  server.RaftServerConfigKeys (ConfUtils.java:logGet(43)) - raft.server.log.segment.cache.num.max = 2 (custom)
2019-10-04 21:26:24,172 [pool-267-thread-1] INFO  server.RaftServerConfigKeys (ConfUtils.java:logGet(43)) - raft.server.log.purge.gap = 1000000 (custom)
2019-10-04 21:26:24,173 [pool-257-thread-1] INFO  segmented.SegmentedRaftLogWorker (SegmentedRaftLogWorker.java:<init>(173)) - new e71f5af9-0e50-404f-8e0b-b530ac019365@group-81D542EAC84E-SegmentedRaftLogWorker for RaftStorage:Storage Directory /workdir/hadoop-ozone/integration-test/target/test-dir/MiniOzoneClusterImpl-40beb1f2-94b2-4db7-b7c7-fe5f3583899d/datanode-5/data/ratis/ce4338ea-c2b8-4866-9634-81d542eac84e
2019-10-04 21:26:24,173 [pool-247-thread-1] INFO  server.RaftServerConfigKeys (ConfUtils.java:logGet(43)) - raft.server.log.purge.gap = 1000000 (custom)
2019-10-04 21:26:24,173 [pool-257-thread-1] INFO  server.RaftServerConfigKeys (ConfUtils.java:logGet(43)) - raft.server.log.queue.byte-limit = 2147483647 (custom)
2019-10-04 21:26:24,173 [pool-267-thread-1] INFO  server.RaftServerConfigKeys (ConfUtils.java:logGet(43)) - raft.server.log.appender.buffer.byte-limit = 33554432 (custom)
2019-10-04 21:26:24,174 [pool-257-thread-1] INFO  server.RaftServerConfigKeys (ConfUtils.java:logGet(43)) - raft.server.log.queue.element-limit = 1024 (custom)
2019-10-04 21:26:24,173 [pool-247-thread-1] INFO  server.RaftServerConfigKeys (ConfUtils.java:logGet(43)) - raft.server.log.appender.buffer.byte-limit = 33554432 (custom)
2019-10-04 21:26:24,174 [pool-257-thread-1] INFO  server.RaftServerConfigKeys (ConfUtils.java:logGet(43)) - raft.server.log.segment.size.max = 1048576 (custom)
2019-10-04 21:26:24,174 [pool-267-thread-1] INFO  server.RaftServerConfigKeys (ConfUtils.java:logGet(43)) - raft.server.log.segment.size.max = 1048576 (custom)
2019-10-04 21:26:24,174 [pool-257-thread-1] INFO  server.RaftServerConfigKeys (ConfUtils.java:logGet(43)) - raft.server.log.preallocated.size = 16384 (custom)
2019-10-04 21:26:24,174 [pool-247-thread-1] INFO  server.RaftServerConfigKeys (ConfUtils.java:logGet(43)) - raft.server.log.segment.size.max = 1048576 (custom)
2019-10-04 21:26:24,174 [pool-257-thread-1] INFO  server.RaftServerConfigKeys (ConfUtils.java:logGet(43)) - raft.server.log.write.buffer.size = 33554432 (custom)
2019-10-04 21:26:24,174 [pool-267-thread-1] INFO  server.RaftServerConfigKeys (ConfUtils.java:logGet(43)) - raft.server.log.segment.cache.num.max = 2 (custom)
2019-10-04 21:26:24,175 [pool-257-thread-1] INFO  server.RaftServerConfigKeys (ConfUtils.java:logGet(43)) - raft.server.log.force.sync.num = 128 (default)
2019-10-04 21:26:24,175 [pool-247-thread-1] INFO  server.RaftServerConfigKeys (ConfUtils.java:logGet(43)) - raft.server.log.segment.cache.num.max = 2 (custom)
2019-10-04 21:26:24,175 [pool-257-thread-1] INFO  server.RaftServerConfigKeys (ConfUtils.java:logGet(43)) - raft.server.log.statemachine.data.sync = true (default)
2019-10-04 21:26:24,175 [pool-257-thread-1] INFO  server.RaftServerConfigKeys (ConfUtils.java:logGet(43)) - raft.server.log.statemachine.data.sync.timeout = 10s (default)
2019-10-04 21:26:24,175 [pool-267-thread-1] INFO  segmented.SegmentedRaftLogWorker (SegmentedRaftLogWorker.java:<init>(173)) - new b33e9b63-acfc-4b47-b8d0-9566c36bc898@group-81D542EAC84E-SegmentedRaftLogWorker for RaftStorage:Storage Directory /workdir/hadoop-ozone/integration-test/target/test-dir/MiniOzoneClusterImpl-40beb1f2-94b2-4db7-b7c7-fe5f3583899d/datanode-6/data/ratis/ce4338ea-c2b8-4866-9634-81d542eac84e
2019-10-04 21:26:24,176 [pool-257-thread-1] INFO  server.RaftServerConfigKeys (ConfUtils.java:logGet(43)) - raft.server.log.statemachine.data.sync.timeout.retry = -1 (default)
2019-10-04 21:26:24,175 [pool-247-thread-1] INFO  segmented.SegmentedRaftLogWorker (SegmentedRaftLogWorker.java:<init>(173)) - new 13d088eb-5a30-4c3a-8eb2-9178c546b7e9@group-81D542EAC84E-SegmentedRaftLogWorker for RaftStorage:Storage Directory /workdir/hadoop-ozone/integration-test/target/test-dir/MiniOzoneClusterImpl-40beb1f2-94b2-4db7-b7c7-fe5f3583899d/datanode-4/data/ratis/ce4338ea-c2b8-4866-9634-81d542eac84e
2019-10-04 21:26:24,176 [pool-257-thread-1] INFO  server.RaftServerConfigKeys (ConfUtils.java:logGet(43)) - raft.server.log.statemachine.data.caching.enabled = true (custom)
2019-10-04 21:26:24,176 [pool-267-thread-1] INFO  server.RaftServerConfigKeys (ConfUtils.java:logGet(43)) - raft.server.log.queue.byte-limit = 2147483647 (custom)
2019-10-04 21:26:24,176 [pool-247-thread-1] INFO  server.RaftServerConfigKeys (ConfUtils.java:logGet(43)) - raft.server.log.queue.byte-limit = 2147483647 (custom)
2019-10-04 21:26:24,176 [pool-257-thread-1] INFO  segmented.SegmentedRaftLogWorker (SegmentedRaftLogWorker.java:lambda$new$0(128)) - e71f5af9-0e50-404f-8e0b-b530ac019365@group-81D542EAC84E-SegmentedRaftLogWorker: flushIndex: setUnconditionally 0 -> -1
2019-10-04 21:26:24,176 [pool-267-thread-1] INFO  server.RaftServerConfigKeys (ConfUtils.java:logGet(43)) - raft.server.log.queue.element-limit = 1024 (custom)
2019-10-04 21:26:24,177 [pool-247-thread-1] INFO  server.RaftServerConfigKeys (ConfUtils.java:logGet(43)) - raft.server.log.queue.element-limit = 1024 (custom)
2019-10-04 21:26:24,177 [pool-257-thread-1] INFO  server.RaftServerConfigKeys (ConfUtils.java:logGet(43)) - raft.server.snapshot.auto.trigger.enabled = true (custom)
2019-10-04 21:26:24,177 [pool-267-thread-1] INFO  server.RaftServerConfigKeys (ConfUtils.java:logGet(43)) - raft.server.log.segment.size.max = 1048576 (custom)
2019-10-04 21:26:24,177 [pool-257-thread-1] INFO  server.RaftServerConfigKeys (ConfUtils.java:logGet(43)) - raft.server.snapshot.auto.trigger.threshold = 10000 (custom)
2019-10-04 21:26:24,177 [pool-247-thread-1] INFO  server.RaftServerConfigKeys (ConfUtils.java:logGet(43)) - raft.server.log.segment.size.max = 1048576 (custom)
2019-10-04 21:26:24,177 [pool-257-thread-1] INFO  server.RaftServerConfigKeys (ConfUtils.java:logGet(43)) - raft.server.snapshot.retention.file.num = 5 (custom)
2019-10-04 21:26:24,177 [pool-267-thread-1] INFO  server.RaftServerConfigKeys (ConfUtils.java:logGet(43)) - raft.server.log.preallocated.size = 16384 (custom)
2019-10-04 21:26:24,178 [pool-257-thread-1] INFO  server.RaftServerConfigKeys (ConfUtils.java:logGet(43)) - raft.server.retrycache.expirytime = 600000ms (custom)
2019-10-04 21:26:24,178 [pool-247-thread-1] INFO  server.RaftServerConfigKeys (ConfUtils.java:logGet(43)) - raft.server.log.preallocated.size = 16384 (custom)
2019-10-04 21:26:24,178 [pool-267-thread-1] INFO  server.RaftServerConfigKeys (ConfUtils.java:logGet(43)) - raft.server.log.write.buffer.size = 33554432 (custom)
2019-10-04 21:26:24,178 [pool-247-thread-1] INFO  server.RaftServerConfigKeys (ConfUtils.java:logGet(43)) - raft.server.log.write.buffer.size = 33554432 (custom)
2019-10-04 21:26:24,178 [pool-267-thread-1] INFO  server.RaftServerConfigKeys (ConfUtils.java:logGet(43)) - raft.server.log.force.sync.num = 128 (default)
2019-10-04 21:26:24,179 [pool-247-thread-1] INFO  server.RaftServerConfigKeys (ConfUtils.java:logGet(43)) - raft.server.log.force.sync.num = 128 (default)
2019-10-04 21:26:24,179 [pool-267-thread-1] INFO  server.RaftServerConfigKeys (ConfUtils.java:logGet(43)) - raft.server.log.statemachine.data.sync = true (default)
2019-10-04 21:26:24,179 [pool-247-thread-1] INFO  server.RaftServerConfigKeys (ConfUtils.java:logGet(43)) - raft.server.log.statemachine.data.sync = true (default)
2019-10-04 21:26:24,179 [pool-267-thread-1] INFO  server.RaftServerConfigKeys (ConfUtils.java:logGet(43)) - raft.server.log.statemachine.data.sync.timeout = 10s (default)
2019-10-04 21:26:24,179 [pool-247-thread-1] INFO  server.RaftServerConfigKeys (ConfUtils.java:logGet(43)) - raft.server.log.statemachine.data.sync.timeout = 10s (default)
2019-10-04 21:26:24,179 [pool-267-thread-1] INFO  server.RaftServerConfigKeys (ConfUtils.java:logGet(43)) - raft.server.log.statemachine.data.sync.timeout.retry = -1 (default)
2019-10-04 21:26:24,179 [pool-247-thread-1] INFO  server.RaftServerConfigKeys (ConfUtils.java:logGet(43)) - raft.server.log.statemachine.data.sync.timeout.retry = -1 (default)
2019-10-04 21:26:24,180 [pool-267-thread-1] INFO  server.RaftServerConfigKeys (ConfUtils.java:logGet(43)) - raft.server.log.statemachine.data.caching.enabled = true (custom)
2019-10-04 21:26:24,180 [pool-247-thread-1] INFO  server.RaftServerConfigKeys (ConfUtils.java:logGet(43)) - raft.server.log.statemachine.data.caching.enabled = true (custom)
2019-10-04 21:26:24,180 [pool-267-thread-1] INFO  segmented.SegmentedRaftLogWorker (SegmentedRaftLogWorker.java:lambda$new$0(128)) - b33e9b63-acfc-4b47-b8d0-9566c36bc898@group-81D542EAC84E-SegmentedRaftLogWorker: flushIndex: setUnconditionally 0 -> -1
2019-10-04 21:26:24,180 [pool-247-thread-1] INFO  segmented.SegmentedRaftLogWorker (SegmentedRaftLogWorker.java:lambda$new$0(128)) - 13d088eb-5a30-4c3a-8eb2-9178c546b7e9@group-81D542EAC84E-SegmentedRaftLogWorker: flushIndex: setUnconditionally 0 -> -1
2019-10-04 21:26:24,180 [pool-267-thread-1] INFO  server.RaftServerConfigKeys (ConfUtils.java:logGet(43)) - raft.server.snapshot.auto.trigger.enabled = true (custom)
2019-10-04 21:26:24,180 [pool-267-thread-1] INFO  server.RaftServerConfigKeys (ConfUtils.java:logGet(43)) - raft.server.snapshot.auto.trigger.threshold = 10000 (custom)
2019-10-04 21:26:24,181 [pool-247-thread-1] INFO  server.RaftServerConfigKeys (ConfUtils.java:logGet(43)) - raft.server.snapshot.auto.trigger.enabled = true (custom)
2019-10-04 21:26:24,181 [pool-267-thread-1] INFO  server.RaftServerConfigKeys (ConfUtils.java:logGet(43)) - raft.server.snapshot.retention.file.num = 5 (custom)
2019-10-04 21:26:24,181 [pool-247-thread-1] INFO  server.RaftServerConfigKeys (ConfUtils.java:logGet(43)) - raft.server.snapshot.auto.trigger.threshold = 10000 (custom)
2019-10-04 21:26:24,181 [pool-267-thread-1] INFO  server.RaftServerConfigKeys (ConfUtils.java:logGet(43)) - raft.server.retrycache.expirytime = 600000ms (custom)
2019-10-04 21:26:24,181 [pool-257-thread-1] INFO  impl.RaftServerImpl (RaftServerImpl.java:start(181)) - e71f5af9-0e50-404f-8e0b-b530ac019365@group-81D542EAC84E: start as a follower, conf=-1: [13d088eb-5a30-4c3a-8eb2-9178c546b7e9:192.168.151.72:36780, b33e9b63-acfc-4b47-b8d0-9566c36bc898:192.168.151.72:46340, e71f5af9-0e50-404f-8e0b-b530ac019365:192.168.151.72:33241], old=null
2019-10-04 21:26:24,181 [pool-247-thread-1] INFO  server.RaftServerConfigKeys (ConfUtils.java:logGet(43)) - raft.server.snapshot.retention.file.num = 5 (custom)
2019-10-04 21:26:24,181 [pool-257-thread-1] INFO  impl.RaftServerImpl (RaftServerImpl.java:setRole(170)) - e71f5af9-0e50-404f-8e0b-b530ac019365@group-81D542EAC84E: changes role from      null to FOLLOWER at term 0 for startAsFollower
2019-10-04 21:26:24,181 [pool-247-thread-1] INFO  server.RaftServerConfigKeys (ConfUtils.java:logGet(43)) - raft.server.retrycache.expirytime = 600000ms (custom)
2019-10-04 21:26:24,182 [pool-257-thread-1] INFO  impl.RoleInfo (RoleInfo.java:updateAndGet(143)) - e71f5af9-0e50-404f-8e0b-b530ac019365: start FollowerState
2019-10-04 21:26:24,182 [pool-257-thread-1] INFO  util.JmxRegister (JmxRegister.java:tryRegister(44)) - Successfully registered JMX Bean with object name Ratis:service=RaftServer,group=group-81D542EAC84E,id=e71f5af9-0e50-404f-8e0b-b530ac019365
2019-10-04 21:26:24,183 [pool-267-thread-1] INFO  impl.RaftServerImpl (RaftServerImpl.java:start(181)) - b33e9b63-acfc-4b47-b8d0-9566c36bc898@group-81D542EAC84E: start as a follower, conf=-1: [13d088eb-5a30-4c3a-8eb2-9178c546b7e9:192.168.151.72:36780, b33e9b63-acfc-4b47-b8d0-9566c36bc898:192.168.151.72:46340, e71f5af9-0e50-404f-8e0b-b530ac019365:192.168.151.72:33241], old=null
2019-10-04 21:26:24,183 [pool-267-thread-1] INFO  impl.RaftServerImpl (RaftServerImpl.java:setRole(170)) - b33e9b63-acfc-4b47-b8d0-9566c36bc898@group-81D542EAC84E: changes role from      null to FOLLOWER at term 0 for startAsFollower
2019-10-04 21:26:24,183 [pool-267-thread-1] INFO  impl.RoleInfo (RoleInfo.java:updateAndGet(143)) - b33e9b63-acfc-4b47-b8d0-9566c36bc898: start FollowerState
2019-10-04 21:26:24,183 [pool-267-thread-1] INFO  util.JmxRegister (JmxRegister.java:tryRegister(44)) - Successfully registered JMX Bean with object name Ratis:service=RaftServer,group=group-81D542EAC84E,id=b33e9b63-acfc-4b47-b8d0-9566c36bc898
2019-10-04 21:26:24,185 [pool-247-thread-1] INFO  impl.RaftServerImpl (RaftServerImpl.java:start(181)) - 13d088eb-5a30-4c3a-8eb2-9178c546b7e9@group-81D542EAC84E: start as a follower, conf=-1: [13d088eb-5a30-4c3a-8eb2-9178c546b7e9:192.168.151.72:36780, b33e9b63-acfc-4b47-b8d0-9566c36bc898:192.168.151.72:46340, e71f5af9-0e50-404f-8e0b-b530ac019365:192.168.151.72:33241], old=null
2019-10-04 21:26:24,186 [pool-247-thread-1] INFO  impl.RaftServerImpl (RaftServerImpl.java:setRole(170)) - 13d088eb-5a30-4c3a-8eb2-9178c546b7e9@group-81D542EAC84E: changes role from      null to FOLLOWER at term 0 for startAsFollower
2019-10-04 21:26:24,186 [pool-247-thread-1] INFO  impl.RoleInfo (RoleInfo.java:updateAndGet(143)) - 13d088eb-5a30-4c3a-8eb2-9178c546b7e9: start FollowerState
2019-10-04 21:26:24,186 [pool-247-thread-1] INFO  util.JmxRegister (JmxRegister.java:tryRegister(44)) - Successfully registered JMX Bean with object name Ratis:service=RaftServer,group=group-81D542EAC84E,id=13d088eb-5a30-4c3a-8eb2-9178c546b7e9
2019-10-04 21:26:24,197 [RatisPipelineUtilsThread] INFO  pipeline.PipelineStateManager (PipelineStateManager.java:addPipeline(56)) - Created pipeline Pipeline[ Id: ce4338ea-c2b8-4866-9634-81d542eac84e, Nodes: b33e9b63-acfc-4b47-b8d0-9566c36bc898{ip: 192.168.151.72, host: pr-hdds-2239-t668n-1079239961, networkLocation: /default-rack, certSerialId: null}13d088eb-5a30-4c3a-8eb2-9178c546b7e9{ip: 192.168.151.72, host: pr-hdds-2239-t668n-1079239961, networkLocation: /default-rack, certSerialId: null}e71f5af9-0e50-404f-8e0b-b530ac019365{ip: 192.168.151.72, host: pr-hdds-2239-t668n-1079239961, networkLocation: /default-rack, certSerialId: null}, Type:RATIS, Factor:THREE, State:OPEN]
2019-10-04 21:26:25,018 [main] INFO  ozone.MiniOzoneClusterImpl (MiniOzoneClusterImpl.java:lambda$waitForClusterToBeReady$0(147)) - Cluster is ready. Got 7 of 7 DN Heartbeats.
2019-10-04 21:26:25,056 [main] INFO  rpc.RpcClient (RpcClient.java:createVolume(277)) - Creating Volume: watchforcommithandlingtest, with jenkins1000 as owner.
2019-10-04 21:26:25,059 [IPC Server handler 2 on 41416] INFO  volume.OMVolumeCreateRequest (OMVolumeCreateRequest.java:validateAndUpdateCache(193)) - created volume:watchforcommithandlingtest for user:jenkins1000
2019-10-04 21:26:25,077 [main] INFO  rpc.RpcClient (RpcClient.java:createBucket(416)) - Creating Bucket: watchforcommithandlingtest/watchforcommithandlingtest, with Versioning false and Storage Type set to DISK and Encryption set to false 
2019-10-04 21:26:25,083 [main] INFO  ozone.MiniOzoneClusterImpl (MiniOzoneClusterImpl.java:getStorageContainerLocationClient(234)) - Creating StorageContainerLocationProtocol RPC client with address /0.0.0.0:43965
2019-10-04 21:26:26,591 [Thread-1454] INFO  container.ReplicationManager (ReplicationManager.java:start(162)) - Starting Replication Monitor Thread.
2019-10-04 21:26:26,593 [ReplicationMonitor] INFO  container.ReplicationManager (ReplicationManager.java:run(225)) - Replication Monitor Thread took 0 milliseconds for processing 1 containers.
2019-10-04 21:26:28,806 [Thread-1462] INFO  impl.FollowerState (FollowerState.java:run(108)) - b3a93a1c-bd5d-4647-93a8-f02890694163@group-17C1022369B3-FollowerState: change to CANDIDATE, lastRpcTime:5028ms, electionTimeout:5028ms
2019-10-04 21:26:28,806 [Thread-1462] INFO  impl.RoleInfo (RoleInfo.java:shutdownFollowerState(121)) - b3a93a1c-bd5d-4647-93a8-f02890694163: shutdown FollowerState
2019-10-04 21:26:28,807 [Thread-1462] INFO  impl.RaftServerImpl (RaftServerImpl.java:setRole(170)) - b3a93a1c-bd5d-4647-93a8-f02890694163@group-17C1022369B3: changes role from  FOLLOWER to CANDIDATE at term 0 for changeToCandidate
2019-10-04 21:26:28,807 [Thread-1462] INFO  impl.RoleInfo (RoleInfo.java:updateAndGet(143)) - b3a93a1c-bd5d-4647-93a8-f02890694163: start LeaderElection
2019-10-04 21:26:28,828 [b3a93a1c-bd5d-4647-93a8-f02890694163@group-17C1022369B3-LeaderElection32] INFO  impl.LeaderElection (LeaderElection.java:askForVotes(178)) - b3a93a1c-bd5d-4647-93a8-f02890694163@group-17C1022369B3-LeaderElection32: begin an election at term 1 for -1: [b3a93a1c-bd5d-4647-93a8-f02890694163:192.168.151.72:38085], old=null
2019-10-04 21:26:28,828 [b3a93a1c-bd5d-4647-93a8-f02890694163@group-17C1022369B3-LeaderElection32] INFO  impl.RoleInfo (RoleInfo.java:shutdownLeaderElection(134)) - b3a93a1c-bd5d-4647-93a8-f02890694163: shutdown LeaderElection
2019-10-04 21:26:28,828 [b3a93a1c-bd5d-4647-93a8-f02890694163@group-17C1022369B3-LeaderElection32] INFO  impl.RaftServerImpl (RaftServerImpl.java:setRole(170)) - b3a93a1c-bd5d-4647-93a8-f02890694163@group-17C1022369B3: changes role from CANDIDATE to LEADER at term 1 for changeToLeader
2019-10-04 21:26:28,828 [b3a93a1c-bd5d-4647-93a8-f02890694163@group-17C1022369B3-LeaderElection32] INFO  impl.RaftServerImpl (ServerState.java:setLeader(255)) - b3a93a1c-bd5d-4647-93a8-f02890694163@group-17C1022369B3: change Leader from null to b3a93a1c-bd5d-4647-93a8-f02890694163 at term 1 for becomeLeader, leader elected after 5056ms
2019-10-04 21:26:28,828 [b3a93a1c-bd5d-4647-93a8-f02890694163@group-17C1022369B3-LeaderElection32] INFO  server.RaftServerConfigKeys (ConfUtils.java:logGet(43)) - raft.server.staging.catchup.gap = 1000 (default)
2019-10-04 21:26:28,829 [b3a93a1c-bd5d-4647-93a8-f02890694163@group-17C1022369B3-LeaderElection32] INFO  server.RaftServerConfigKeys (ConfUtils.java:logGet(43)) - raft.server.rpc.sleep.time = 25ms (default)
2019-10-04 21:26:28,829 [b3a93a1c-bd5d-4647-93a8-f02890694163@group-17C1022369B3-LeaderElection32] INFO  server.RaftServerConfigKeys (ConfUtils.java:logGet(43)) - raft.server.write.element-limit = 4096 (default)
2019-10-04 21:26:28,829 [b3a93a1c-bd5d-4647-93a8-f02890694163@group-17C1022369B3-LeaderElection32] INFO  server.RaftServerConfigKeys (ConfUtils.java:logGet(43)) - raft.server.watch.timeout = 10s (default)
2019-10-04 21:26:28,829 [b3a93a1c-bd5d-4647-93a8-f02890694163@group-17C1022369B3-LeaderElection32] INFO  server.RaftServerConfigKeys (ConfUtils.java:logGet(43)) - raft.server.watch.timeout.denomination = 1s (default)
2019-10-04 21:26:28,829 [b3a93a1c-bd5d-4647-93a8-f02890694163@group-17C1022369B3-LeaderElection32] INFO  server.RaftServerConfigKeys (ConfUtils.java:logGet(43)) - raft.server.watch.element-limit = 65536 (default)
2019-10-04 21:26:28,834 [b3a93a1c-bd5d-4647-93a8-f02890694163@group-17C1022369B3-LeaderElection32] INFO  impl.RoleInfo (RoleInfo.java:updateAndGet(143)) - b3a93a1c-bd5d-4647-93a8-f02890694163: start LeaderState
2019-10-04 21:26:28,835 [b3a93a1c-bd5d-4647-93a8-f02890694163@group-17C1022369B3-LeaderElection32] INFO  segmented.SegmentedRaftLogWorker (SegmentedRaftLogWorker.java:startLogSegment(385)) - b3a93a1c-bd5d-4647-93a8-f02890694163@group-17C1022369B3-SegmentedRaftLogWorker: Starting segment from index:0
2019-10-04 21:26:28,836 [b3a93a1c-bd5d-4647-93a8-f02890694163@group-17C1022369B3-LeaderElection32] INFO  impl.RaftServerImpl (ServerState.java:setRaftConf(356)) - b3a93a1c-bd5d-4647-93a8-f02890694163@group-17C1022369B3: set configuration 0: [b3a93a1c-bd5d-4647-93a8-f02890694163:192.168.151.72:38085], old=null at 0
2019-10-04 21:26:28,840 [Thread-1456] INFO  impl.FollowerState (FollowerState.java:run(108)) - aef531bd-6946-4f65-aff1-2034fa836c06@group-B2822BF26BDD-FollowerState: change to CANDIDATE, lastRpcTime:5191ms, electionTimeout:5191ms
2019-10-04 21:26:28,840 [Thread-1456] INFO  impl.RoleInfo (RoleInfo.java:shutdownFollowerState(121)) - aef531bd-6946-4f65-aff1-2034fa836c06: shutdown FollowerState
2019-10-04 21:26:28,840 [Thread-1456] INFO  impl.RaftServerImpl (RaftServerImpl.java:setRole(170)) - aef531bd-6946-4f65-aff1-2034fa836c06@group-B2822BF26BDD: changes role from  FOLLOWER to CANDIDATE at term 0 for changeToCandidate
2019-10-04 21:26:28,840 [Thread-1456] INFO  impl.RoleInfo (RoleInfo.java:updateAndGet(143)) - aef531bd-6946-4f65-aff1-2034fa836c06: start LeaderElection
2019-10-04 21:26:28,873 [Thread-1465] INFO  impl.FollowerState (FollowerState.java:run(108)) - aef531bd-6946-4f65-aff1-2034fa836c06@group-B46CC0D4AE81-FollowerState: change to CANDIDATE, lastRpcTime:5058ms, electionTimeout:5034ms
2019-10-04 21:26:28,873 [Thread-1470] INFO  impl.FollowerState (FollowerState.java:run(108)) - b3a93a1c-bd5d-4647-93a8-f02890694163@group-B46CC0D4AE81-FollowerState: change to CANDIDATE, lastRpcTime:5049ms, electionTimeout:5047ms
2019-10-04 21:26:28,874 [Thread-1465] INFO  impl.RoleInfo (RoleInfo.java:shutdownFollowerState(121)) - aef531bd-6946-4f65-aff1-2034fa836c06: shutdown FollowerState
2019-10-04 21:26:28,874 [Thread-1470] INFO  impl.RoleInfo (RoleInfo.java:shutdownFollowerState(121)) - b3a93a1c-bd5d-4647-93a8-f02890694163: shutdown FollowerState
2019-10-04 21:26:28,874 [Thread-1465] INFO  impl.RaftServerImpl (RaftServerImpl.java:setRole(170)) - aef531bd-6946-4f65-aff1-2034fa836c06@group-B46CC0D4AE81: changes role from  FOLLOWER to CANDIDATE at term 0 for changeToCandidate
2019-10-04 21:26:28,874 [Thread-1470] INFO  impl.RaftServerImpl (RaftServerImpl.java:setRole(170)) - b3a93a1c-bd5d-4647-93a8-f02890694163@group-B46CC0D4AE81: changes role from  FOLLOWER to CANDIDATE at term 0 for changeToCandidate
2019-10-04 21:26:28,874 [Thread-1465] INFO  impl.RoleInfo (RoleInfo.java:updateAndGet(143)) - aef531bd-6946-4f65-aff1-2034fa836c06: start LeaderElection
2019-10-04 21:26:28,874 [Thread-1470] INFO  impl.RoleInfo (RoleInfo.java:updateAndGet(143)) - b3a93a1c-bd5d-4647-93a8-f02890694163: start LeaderElection
2019-10-04 21:26:28,883 [Thread-1469] INFO  impl.FollowerState (FollowerState.java:run(108)) - 85482a46-d908-46a3-b4f7-930495164df5@group-B46CC0D4AE81-FollowerState: change to CANDIDATE, lastRpcTime:5059ms, electionTimeout:5059ms
2019-10-04 21:26:28,884 [Thread-1469] INFO  impl.RoleInfo (RoleInfo.java:shutdownFollowerState(121)) - 85482a46-d908-46a3-b4f7-930495164df5: shutdown FollowerState
2019-10-04 21:26:28,884 [Thread-1469] INFO  impl.RaftServerImpl (RaftServerImpl.java:setRole(170)) - 85482a46-d908-46a3-b4f7-930495164df5@group-B46CC0D4AE81: changes role from  FOLLOWER to CANDIDATE at term 0 for changeToCandidate
2019-10-04 21:26:28,884 [Thread-1469] INFO  impl.RoleInfo (RoleInfo.java:updateAndGet(143)) - 85482a46-d908-46a3-b4f7-930495164df5: start LeaderElection
2019-10-04 21:26:28,894 [b3a93a1c-bd5d-4647-93a8-f02890694163@group-17C1022369B3-SegmentedRaftLogWorker] INFO  segmented.SegmentedRaftLogWorker (SegmentedRaftLogWorker.java:execute(574)) - b3a93a1c-bd5d-4647-93a8-f02890694163@group-17C1022369B3-SegmentedRaftLogWorker: created new log segment /workdir/hadoop-ozone/integration-test/target/test-dir/MiniOzoneClusterImpl-40beb1f2-94b2-4db7-b7c7-fe5f3583899d/datanode-2/data/ratis/9af09692-9440-4e27-890a-17c1022369b3/current/log_inprogress_0
2019-10-04 21:26:28,894 [aef531bd-6946-4f65-aff1-2034fa836c06@group-B2822BF26BDD-LeaderElection33] INFO  impl.LeaderElection (LeaderElection.java:askForVotes(178)) - aef531bd-6946-4f65-aff1-2034fa836c06@group-B2822BF26BDD-LeaderElection33: begin an election at term 1 for -1: [aef531bd-6946-4f65-aff1-2034fa836c06:192.168.151.72:33855], old=null
2019-10-04 21:26:28,894 [aef531bd-6946-4f65-aff1-2034fa836c06@group-B2822BF26BDD-LeaderElection33] INFO  impl.RoleInfo (RoleInfo.java:shutdownLeaderElection(134)) - aef531bd-6946-4f65-aff1-2034fa836c06: shutdown LeaderElection
2019-10-04 21:26:28,894 [aef531bd-6946-4f65-aff1-2034fa836c06@group-B2822BF26BDD-LeaderElection33] INFO  impl.RaftServerImpl (RaftServerImpl.java:setRole(170)) - aef531bd-6946-4f65-aff1-2034fa836c06@group-B2822BF26BDD: changes role from CANDIDATE to LEADER at term 1 for changeToLeader
2019-10-04 21:26:28,894 [aef531bd-6946-4f65-aff1-2034fa836c06@group-B2822BF26BDD-LeaderElection33] INFO  impl.RaftServerImpl (ServerState.java:setLeader(255)) - aef531bd-6946-4f65-aff1-2034fa836c06@group-B2822BF26BDD: change Leader from null to aef531bd-6946-4f65-aff1-2034fa836c06 at term 1 for becomeLeader, leader elected after 5255ms
2019-10-04 21:26:28,894 [aef531bd-6946-4f65-aff1-2034fa836c06@group-B2822BF26BDD-LeaderElection33] INFO  server.RaftServerConfigKeys (ConfUtils.java:logGet(43)) - raft.server.staging.catchup.gap = 1000 (default)
2019-10-04 21:26:28,895 [aef531bd-6946-4f65-aff1-2034fa836c06@group-B2822BF26BDD-LeaderElection33] INFO  server.RaftServerConfigKeys (ConfUtils.java:logGet(43)) - raft.server.rpc.sleep.time = 25ms (default)
2019-10-04 21:26:28,895 [aef531bd-6946-4f65-aff1-2034fa836c06@group-B2822BF26BDD-LeaderElection33] INFO  server.RaftServerConfigKeys (ConfUtils.java:logGet(43)) - raft.server.write.element-limit = 4096 (default)
2019-10-04 21:26:28,895 [aef531bd-6946-4f65-aff1-2034fa836c06@group-B2822BF26BDD-LeaderElection33] INFO  server.RaftServerConfigKeys (ConfUtils.java:logGet(43)) - raft.server.watch.timeout = 10s (default)
2019-10-04 21:26:28,895 [aef531bd-6946-4f65-aff1-2034fa836c06@group-B2822BF26BDD-LeaderElection33] INFO  server.RaftServerConfigKeys (ConfUtils.java:logGet(43)) - raft.server.watch.timeout.denomination = 1s (default)
2019-10-04 21:26:28,895 [aef531bd-6946-4f65-aff1-2034fa836c06@group-B2822BF26BDD-LeaderElection33] INFO  server.RaftServerConfigKeys (ConfUtils.java:logGet(43)) - raft.server.watch.element-limit = 65536 (default)
2019-10-04 21:26:28,896 [aef531bd-6946-4f65-aff1-2034fa836c06@group-B46CC0D4AE81-LeaderElection34] INFO  impl.LeaderElection (LeaderElection.java:askForVotes(178)) - aef531bd-6946-4f65-aff1-2034fa836c06@group-B46CC0D4AE81-LeaderElection34: begin an election at term 1 for -1: [aef531bd-6946-4f65-aff1-2034fa836c06:192.168.151.72:33855, 85482a46-d908-46a3-b4f7-930495164df5:192.168.151.72:45133, b3a93a1c-bd5d-4647-93a8-f02890694163:192.168.151.72:38085], old=null
2019-10-04 21:26:28,896 [b3a93a1c-bd5d-4647-93a8-f02890694163@group-B46CC0D4AE81-LeaderElection35] INFO  impl.LeaderElection (LeaderElection.java:askForVotes(178)) - b3a93a1c-bd5d-4647-93a8-f02890694163@group-B46CC0D4AE81-LeaderElection35: begin an election at term 1 for -1: [aef531bd-6946-4f65-aff1-2034fa836c06:192.168.151.72:33855, 85482a46-d908-46a3-b4f7-930495164df5:192.168.151.72:45133, b3a93a1c-bd5d-4647-93a8-f02890694163:192.168.151.72:38085], old=null
2019-10-04 21:26:28,896 [85482a46-d908-46a3-b4f7-930495164df5@group-B46CC0D4AE81-LeaderElection36] INFO  impl.LeaderElection (LeaderElection.java:askForVotes(178)) - 85482a46-d908-46a3-b4f7-930495164df5@group-B46CC0D4AE81-LeaderElection36: begin an election at term 1 for -1: [aef531bd-6946-4f65-aff1-2034fa836c06:192.168.151.72:33855, 85482a46-d908-46a3-b4f7-930495164df5:192.168.151.72:45133, b3a93a1c-bd5d-4647-93a8-f02890694163:192.168.151.72:38085], old=null
2019-10-04 21:26:28,898 [aef531bd-6946-4f65-aff1-2034fa836c06@group-B2822BF26BDD-LeaderElection33] INFO  impl.RoleInfo (RoleInfo.java:updateAndGet(143)) - aef531bd-6946-4f65-aff1-2034fa836c06: start LeaderState
2019-10-04 21:26:28,898 [aef531bd-6946-4f65-aff1-2034fa836c06@group-B2822BF26BDD-LeaderElection33] INFO  segmented.SegmentedRaftLogWorker (SegmentedRaftLogWorker.java:startLogSegment(385)) - aef531bd-6946-4f65-aff1-2034fa836c06@group-B2822BF26BDD-SegmentedRaftLogWorker: Starting segment from index:0
2019-10-04 21:26:28,899 [Thread-1459] INFO  impl.FollowerState (FollowerState.java:run(108)) - 85482a46-d908-46a3-b4f7-930495164df5@group-767B5EAC5E4B-FollowerState: change to CANDIDATE, lastRpcTime:5187ms, electionTimeout:5187ms
2019-10-04 21:26:28,899 [Thread-1459] INFO  impl.RoleInfo (RoleInfo.java:shutdownFollowerState(121)) - 85482a46-d908-46a3-b4f7-930495164df5: shutdown FollowerState
2019-10-04 21:26:28,899 [Thread-1459] INFO  impl.RaftServerImpl (RaftServerImpl.java:setRole(170)) - 85482a46-d908-46a3-b4f7-930495164df5@group-767B5EAC5E4B: changes role from  FOLLOWER to CANDIDATE at term 0 for changeToCandidate
2019-10-04 21:26:28,899 [aef531bd-6946-4f65-aff1-2034fa836c06@group-B2822BF26BDD-LeaderElection33] INFO  impl.RaftServerImpl (ServerState.java:setRaftConf(356)) - aef531bd-6946-4f65-aff1-2034fa836c06@group-B2822BF26BDD: set configuration 0: [aef531bd-6946-4f65-aff1-2034fa836c06:192.168.151.72:33855], old=null at 0
2019-10-04 21:26:28,936 [Thread-1459] INFO  impl.RoleInfo (RoleInfo.java:updateAndGet(143)) - 85482a46-d908-46a3-b4f7-930495164df5: start LeaderElection
2019-10-04 21:26:28,959 [aef531bd-6946-4f65-aff1-2034fa836c06@group-B2822BF26BDD-SegmentedRaftLogWorker] INFO  segmented.SegmentedRaftLogWorker (SegmentedRaftLogWorker.java:execute(574)) - aef531bd-6946-4f65-aff1-2034fa836c06@group-B2822BF26BDD-SegmentedRaftLogWorker: created new log segment /workdir/hadoop-ozone/integration-test/target/test-dir/MiniOzoneClusterImpl-40beb1f2-94b2-4db7-b7c7-fe5f3583899d/datanode-0/data/ratis/95e2efbc-da91-48c2-9b3e-b2822bf26bdd/current/log_inprogress_0
2019-10-04 21:26:28,959 [85482a46-d908-46a3-b4f7-930495164df5@group-767B5EAC5E4B-LeaderElection37] INFO  impl.LeaderElection (LeaderElection.java:askForVotes(178)) - 85482a46-d908-46a3-b4f7-930495164df5@group-767B5EAC5E4B-LeaderElection37: begin an election at term 1 for -1: [85482a46-d908-46a3-b4f7-930495164df5:192.168.151.72:45133], old=null
2019-10-04 21:26:28,959 [85482a46-d908-46a3-b4f7-930495164df5@group-767B5EAC5E4B-LeaderElection37] INFO  impl.RoleInfo (RoleInfo.java:shutdownLeaderElection(134)) - 85482a46-d908-46a3-b4f7-930495164df5: shutdown LeaderElection
2019-10-04 21:26:28,959 [85482a46-d908-46a3-b4f7-930495164df5@group-767B5EAC5E4B-LeaderElection37] INFO  impl.RaftServerImpl (RaftServerImpl.java:setRole(170)) - 85482a46-d908-46a3-b4f7-930495164df5@group-767B5EAC5E4B: changes role from CANDIDATE to LEADER at term 1 for changeToLeader
2019-10-04 21:26:28,960 [85482a46-d908-46a3-b4f7-930495164df5@group-767B5EAC5E4B-LeaderElection37] INFO  impl.RaftServerImpl (ServerState.java:setLeader(255)) - 85482a46-d908-46a3-b4f7-930495164df5@group-767B5EAC5E4B: change Leader from null to 85482a46-d908-46a3-b4f7-930495164df5 at term 1 for becomeLeader, leader elected after 5253ms
2019-10-04 21:26:28,960 [85482a46-d908-46a3-b4f7-930495164df5@group-767B5EAC5E4B-LeaderElection37] INFO  server.RaftServerConfigKeys (ConfUtils.java:logGet(43)) - raft.server.staging.catchup.gap = 1000 (default)
2019-10-04 21:26:28,960 [85482a46-d908-46a3-b4f7-930495164df5@group-767B5EAC5E4B-LeaderElection37] INFO  server.RaftServerConfigKeys (ConfUtils.java:logGet(43)) - raft.server.rpc.sleep.time = 25ms (default)
2019-10-04 21:26:28,960 [85482a46-d908-46a3-b4f7-930495164df5@group-767B5EAC5E4B-LeaderElection37] INFO  server.RaftServerConfigKeys (ConfUtils.java:logGet(43)) - raft.server.write.element-limit = 4096 (default)
2019-10-04 21:26:28,960 [85482a46-d908-46a3-b4f7-930495164df5@group-767B5EAC5E4B-LeaderElection37] INFO  server.RaftServerConfigKeys (ConfUtils.java:logGet(43)) - raft.server.watch.timeout = 10s (default)
2019-10-04 21:26:28,960 [85482a46-d908-46a3-b4f7-930495164df5@group-B46CC0D4AE81-LeaderElection36] INFO  impl.LeaderElection (LeaderElection.java:logAndReturn(56)) - 85482a46-d908-46a3-b4f7-930495164df5@group-B46CC0D4AE81-LeaderElection36: Election REJECTED; received 2 response(s) [85482a46-d908-46a3-b4f7-930495164df5<-aef531bd-6946-4f65-aff1-2034fa836c06#0:FAIL-t1, 85482a46-d908-46a3-b4f7-930495164df5<-b3a93a1c-bd5d-4647-93a8-f02890694163#0:FAIL-t1] and 0 exception(s); 85482a46-d908-46a3-b4f7-930495164df5@group-B46CC0D4AE81:t1, leader=null, voted=85482a46-d908-46a3-b4f7-930495164df5, raftlog=85482a46-d908-46a3-b4f7-930495164df5@group-B46CC0D4AE81-SegmentedRaftLog:OPENED:c-1,f-1,i0, conf=-1: [aef531bd-6946-4f65-aff1-2034fa836c06:192.168.151.72:33855, 85482a46-d908-46a3-b4f7-930495164df5:192.168.151.72:45133, b3a93a1c-bd5d-4647-93a8-f02890694163:192.168.151.72:38085], old=null
2019-10-04 21:26:28,961 [85482a46-d908-46a3-b4f7-930495164df5@group-767B5EAC5E4B-LeaderElection37] INFO  server.RaftServerConfigKeys (ConfUtils.java:logGet(43)) - raft.server.watch.timeout.denomination = 1s (default)
2019-10-04 21:26:28,961 [85482a46-d908-46a3-b4f7-930495164df5@group-B46CC0D4AE81-LeaderElection36] INFO  impl.RaftServerImpl (RaftServerImpl.java:setRole(170)) - 85482a46-d908-46a3-b4f7-930495164df5@group-B46CC0D4AE81: changes role from CANDIDATE to FOLLOWER at term 1 for DISCOVERED_A_NEW_TERM
2019-10-04 21:26:28,963 [85482a46-d908-46a3-b4f7-930495164df5@group-B46CC0D4AE81-LeaderElection36] INFO  impl.RoleInfo (RoleInfo.java:shutdownLeaderElection(134)) - 85482a46-d908-46a3-b4f7-930495164df5: shutdown LeaderElection
2019-10-04 21:26:28,961 [85482a46-d908-46a3-b4f7-930495164df5@group-767B5EAC5E4B-LeaderElection37] INFO  server.RaftServerConfigKeys (ConfUtils.java:logGet(43)) - raft.server.watch.element-limit = 65536 (default)
2019-10-04 21:26:28,964 [85482a46-d908-46a3-b4f7-930495164df5@group-B46CC0D4AE81-LeaderElection36] INFO  impl.RoleInfo (RoleInfo.java:updateAndGet(143)) - 85482a46-d908-46a3-b4f7-930495164df5: start FollowerState
2019-10-04 21:26:28,964 [aef531bd-6946-4f65-aff1-2034fa836c06@group-B46CC0D4AE81-LeaderElection34] INFO  impl.LeaderElection (LeaderElection.java:logAndReturn(56)) - aef531bd-6946-4f65-aff1-2034fa836c06@group-B46CC0D4AE81-LeaderElection34: Election REJECTED; received 2 response(s) [aef531bd-6946-4f65-aff1-2034fa836c06<-85482a46-d908-46a3-b4f7-930495164df5#0:FAIL-t1, aef531bd-6946-4f65-aff1-2034fa836c06<-b3a93a1c-bd5d-4647-93a8-f02890694163#0:FAIL-t1] and 0 exception(s); aef531bd-6946-4f65-aff1-2034fa836c06@group-B46CC0D4AE81:t1, leader=null, voted=aef531bd-6946-4f65-aff1-2034fa836c06, raftlog=aef531bd-6946-4f65-aff1-2034fa836c06@group-B46CC0D4AE81-SegmentedRaftLog:OPENED:c-1,f-1,i0, conf=-1: [aef531bd-6946-4f65-aff1-2034fa836c06:192.168.151.72:33855, 85482a46-d908-46a3-b4f7-930495164df5:192.168.151.72:45133, b3a93a1c-bd5d-4647-93a8-f02890694163:192.168.151.72:38085], old=null
2019-10-04 21:26:28,964 [b3a93a1c-bd5d-4647-93a8-f02890694163@group-B46CC0D4AE81-LeaderElection35] INFO  impl.LeaderElection (LeaderElection.java:logAndReturn(56)) - b3a93a1c-bd5d-4647-93a8-f02890694163@group-B46CC0D4AE81-LeaderElection35: Election REJECTED; received 2 response(s) [b3a93a1c-bd5d-4647-93a8-f02890694163<-aef531bd-6946-4f65-aff1-2034fa836c06#0:FAIL-t1, b3a93a1c-bd5d-4647-93a8-f02890694163<-85482a46-d908-46a3-b4f7-930495164df5#0:FAIL-t1] and 0 exception(s); b3a93a1c-bd5d-4647-93a8-f02890694163@group-B46CC0D4AE81:t1, leader=null, voted=b3a93a1c-bd5d-4647-93a8-f02890694163, raftlog=b3a93a1c-bd5d-4647-93a8-f02890694163@group-B46CC0D4AE81-SegmentedRaftLog:OPENED:c-1,f-1,i0, conf=-1: [aef531bd-6946-4f65-aff1-2034fa836c06:192.168.151.72:33855, 85482a46-d908-46a3-b4f7-930495164df5:192.168.151.72:45133, b3a93a1c-bd5d-4647-93a8-f02890694163:192.168.151.72:38085], old=null
2019-10-04 21:26:28,965 [aef531bd-6946-4f65-aff1-2034fa836c06@group-B46CC0D4AE81-LeaderElection34] INFO  impl.RaftServerImpl (RaftServerImpl.java:setRole(170)) - aef531bd-6946-4f65-aff1-2034fa836c06@group-B46CC0D4AE81: changes role from CANDIDATE to FOLLOWER at term 1 for DISCOVERED_A_NEW_TERM
2019-10-04 21:26:28,967 [b3a93a1c-bd5d-4647-93a8-f02890694163@group-B46CC0D4AE81-LeaderElection35] INFO  impl.RaftServerImpl (RaftServerImpl.java:setRole(170)) - b3a93a1c-bd5d-4647-93a8-f02890694163@group-B46CC0D4AE81: changes role from CANDIDATE to FOLLOWER at term 1 for DISCOVERED_A_NEW_TERM
2019-10-04 21:26:28,967 [aef531bd-6946-4f65-aff1-2034fa836c06@group-B46CC0D4AE81-LeaderElection34] INFO  impl.RoleInfo (RoleInfo.java:shutdownLeaderElection(134)) - aef531bd-6946-4f65-aff1-2034fa836c06: shutdown LeaderElection
2019-10-04 21:26:28,970 [b3a93a1c-bd5d-4647-93a8-f02890694163@group-B46CC0D4AE81-LeaderElection35] INFO  impl.RoleInfo (RoleInfo.java:shutdownLeaderElection(134)) - b3a93a1c-bd5d-4647-93a8-f02890694163: shutdown LeaderElection
2019-10-04 21:26:28,970 [aef531bd-6946-4f65-aff1-2034fa836c06@group-B46CC0D4AE81-LeaderElection34] INFO  impl.RoleInfo (RoleInfo.java:updateAndGet(143)) - aef531bd-6946-4f65-aff1-2034fa836c06: start FollowerState
2019-10-04 21:26:28,970 [b3a93a1c-bd5d-4647-93a8-f02890694163@group-B46CC0D4AE81-LeaderElection35] INFO  impl.RoleInfo (RoleInfo.java:updateAndGet(143)) - b3a93a1c-bd5d-4647-93a8-f02890694163: start FollowerState
2019-10-04 21:26:28,971 [85482a46-d908-46a3-b4f7-930495164df5@group-767B5EAC5E4B-LeaderElection37] INFO  impl.RoleInfo (RoleInfo.java:updateAndGet(143)) - 85482a46-d908-46a3-b4f7-930495164df5: start LeaderState
2019-10-04 21:26:28,972 [85482a46-d908-46a3-b4f7-930495164df5@group-767B5EAC5E4B-LeaderElection37] INFO  segmented.SegmentedRaftLogWorker (SegmentedRaftLogWorker.java:startLogSegment(385)) - 85482a46-d908-46a3-b4f7-930495164df5@group-767B5EAC5E4B-SegmentedRaftLogWorker: Starting segment from index:0
2019-10-04 21:26:28,972 [85482a46-d908-46a3-b4f7-930495164df5@group-767B5EAC5E4B-LeaderElection37] INFO  impl.RaftServerImpl (ServerState.java:setRaftConf(356)) - 85482a46-d908-46a3-b4f7-930495164df5@group-767B5EAC5E4B: set configuration 0: [85482a46-d908-46a3-b4f7-930495164df5:192.168.151.72:45133], old=null at 0
2019-10-04 21:26:29,018 [85482a46-d908-46a3-b4f7-930495164df5@group-767B5EAC5E4B-SegmentedRaftLogWorker] INFO  segmented.SegmentedRaftLogWorker (SegmentedRaftLogWorker.java:execute(574)) - 85482a46-d908-46a3-b4f7-930495164df5@group-767B5EAC5E4B-SegmentedRaftLogWorker: created new log segment /workdir/hadoop-ozone/integration-test/target/test-dir/MiniOzoneClusterImpl-40beb1f2-94b2-4db7-b7c7-fe5f3583899d/datanode-1/data/ratis/5edd7da8-e3a7-4a60-a508-767b5eac5e4b/current/log_inprogress_0
2019-10-04 21:26:29,052 [Thread-1474] INFO  impl.FollowerState (FollowerState.java:run(108)) - 13d088eb-5a30-4c3a-8eb2-9178c546b7e9@group-C0B7014600CD-FollowerState: change to CANDIDATE, lastRpcTime:5089ms, electionTimeout:5089ms
2019-10-04 21:26:29,052 [Thread-1474] INFO  impl.RoleInfo (RoleInfo.java:shutdownFollowerState(121)) - 13d088eb-5a30-4c3a-8eb2-9178c546b7e9: shutdown FollowerState
2019-10-04 21:26:29,052 [Thread-1474] INFO  impl.RaftServerImpl (RaftServerImpl.java:setRole(170)) - 13d088eb-5a30-4c3a-8eb2-9178c546b7e9@group-C0B7014600CD: changes role from  FOLLOWER to CANDIDATE at term 0 for changeToCandidate
2019-10-04 21:26:29,052 [Thread-1474] INFO  impl.RoleInfo (RoleInfo.java:updateAndGet(143)) - 13d088eb-5a30-4c3a-8eb2-9178c546b7e9: start LeaderElection
2019-10-04 21:26:29,069 [Thread-1480] INFO  impl.FollowerState (FollowerState.java:run(108)) - b33e9b63-acfc-4b47-b8d0-9566c36bc898@group-58E0BBC0782D-FollowerState: change to CANDIDATE, lastRpcTime:5001ms, electionTimeout:5001ms
2019-10-04 21:26:29,070 [Thread-1480] INFO  impl.RoleInfo (RoleInfo.java:shutdownFollowerState(121)) - b33e9b63-acfc-4b47-b8d0-9566c36bc898: shutdown FollowerState
2019-10-04 21:26:29,070 [Thread-1480] INFO  impl.RaftServerImpl (RaftServerImpl.java:setRole(170)) - b33e9b63-acfc-4b47-b8d0-9566c36bc898@group-58E0BBC0782D: changes role from  FOLLOWER to CANDIDATE at term 0 for changeToCandidate
2019-10-04 21:26:29,070 [Thread-1480] INFO  impl.RoleInfo (RoleInfo.java:updateAndGet(143)) - b33e9b63-acfc-4b47-b8d0-9566c36bc898: start LeaderElection
2019-10-04 21:26:29,073 [13d088eb-5a30-4c3a-8eb2-9178c546b7e9@group-C0B7014600CD-LeaderElection38] INFO  impl.LeaderElection (LeaderElection.java:askForVotes(178)) - 13d088eb-5a30-4c3a-8eb2-9178c546b7e9@group-C0B7014600CD-LeaderElection38: begin an election at term 1 for -1: [13d088eb-5a30-4c3a-8eb2-9178c546b7e9:192.168.151.72:36780], old=null
2019-10-04 21:26:29,076 [13d088eb-5a30-4c3a-8eb2-9178c546b7e9@group-C0B7014600CD-LeaderElection38] INFO  impl.RoleInfo (RoleInfo.java:shutdownLeaderElection(134)) - 13d088eb-5a30-4c3a-8eb2-9178c546b7e9: shutdown LeaderElection
2019-10-04 21:26:29,077 [13d088eb-5a30-4c3a-8eb2-9178c546b7e9@group-C0B7014600CD-LeaderElection38] INFO  impl.RaftServerImpl (RaftServerImpl.java:setRole(170)) - 13d088eb-5a30-4c3a-8eb2-9178c546b7e9@group-C0B7014600CD: changes role from CANDIDATE to LEADER at term 1 for changeToLeader
2019-10-04 21:26:29,077 [13d088eb-5a30-4c3a-8eb2-9178c546b7e9@group-C0B7014600CD-LeaderElection38] INFO  impl.RaftServerImpl (ServerState.java:setLeader(255)) - 13d088eb-5a30-4c3a-8eb2-9178c546b7e9@group-C0B7014600CD: change Leader from null to 13d088eb-5a30-4c3a-8eb2-9178c546b7e9 at term 1 for becomeLeader, leader elected after 5122ms
2019-10-04 21:26:29,077 [13d088eb-5a30-4c3a-8eb2-9178c546b7e9@group-C0B7014600CD-LeaderElection38] INFO  server.RaftServerConfigKeys (ConfUtils.java:logGet(43)) - raft.server.staging.catchup.gap = 1000 (default)
2019-10-04 21:26:29,077 [13d088eb-5a30-4c3a-8eb2-9178c546b7e9@group-C0B7014600CD-LeaderElection38] INFO  server.RaftServerConfigKeys (ConfUtils.java:logGet(43)) - raft.server.rpc.sleep.time = 25ms (default)
2019-10-04 21:26:29,077 [13d088eb-5a30-4c3a-8eb2-9178c546b7e9@group-C0B7014600CD-LeaderElection38] INFO  server.RaftServerConfigKeys (ConfUtils.java:logGet(43)) - raft.server.write.element-limit = 4096 (default)
2019-10-04 21:26:29,078 [13d088eb-5a30-4c3a-8eb2-9178c546b7e9@group-C0B7014600CD-LeaderElection38] INFO  server.RaftServerConfigKeys (ConfUtils.java:logGet(43)) - raft.server.watch.timeout = 10s (default)
2019-10-04 21:26:29,078 [13d088eb-5a30-4c3a-8eb2-9178c546b7e9@group-C0B7014600CD-LeaderElection38] INFO  server.RaftServerConfigKeys (ConfUtils.java:logGet(43)) - raft.server.watch.timeout.denomination = 1s (default)
2019-10-04 21:26:29,078 [13d088eb-5a30-4c3a-8eb2-9178c546b7e9@group-C0B7014600CD-LeaderElection38] INFO  server.RaftServerConfigKeys (ConfUtils.java:logGet(43)) - raft.server.watch.element-limit = 65536 (default)
2019-10-04 21:26:29,080 [b33e9b63-acfc-4b47-b8d0-9566c36bc898@group-58E0BBC0782D-LeaderElection39] INFO  impl.LeaderElection (LeaderElection.java:askForVotes(178)) - b33e9b63-acfc-4b47-b8d0-9566c36bc898@group-58E0BBC0782D-LeaderElection39: begin an election at term 1 for -1: [b33e9b63-acfc-4b47-b8d0-9566c36bc898:192.168.151.72:46340], old=null
2019-10-04 21:26:29,080 [13d088eb-5a30-4c3a-8eb2-9178c546b7e9@group-C0B7014600CD-LeaderElection38] INFO  impl.RoleInfo (RoleInfo.java:updateAndGet(143)) - 13d088eb-5a30-4c3a-8eb2-9178c546b7e9: start LeaderState
2019-10-04 21:26:29,080 [b33e9b63-acfc-4b47-b8d0-9566c36bc898@group-58E0BBC0782D-LeaderElection39] INFO  impl.RoleInfo (RoleInfo.java:shutdownLeaderElection(134)) - b33e9b63-acfc-4b47-b8d0-9566c36bc898: shutdown LeaderElection
2019-10-04 21:26:29,080 [b33e9b63-acfc-4b47-b8d0-9566c36bc898@group-58E0BBC0782D-LeaderElection39] INFO  impl.RaftServerImpl (RaftServerImpl.java:setRole(170)) - b33e9b63-acfc-4b47-b8d0-9566c36bc898@group-58E0BBC0782D: changes role from CANDIDATE to LEADER at term 1 for changeToLeader
2019-10-04 21:26:29,081 [13d088eb-5a30-4c3a-8eb2-9178c546b7e9@group-C0B7014600CD-LeaderElection38] INFO  segmented.SegmentedRaftLogWorker (SegmentedRaftLogWorker.java:startLogSegment(385)) - 13d088eb-5a30-4c3a-8eb2-9178c546b7e9@group-C0B7014600CD-SegmentedRaftLogWorker: Starting segment from index:0
2019-10-04 21:26:29,081 [b33e9b63-acfc-4b47-b8d0-9566c36bc898@group-58E0BBC0782D-LeaderElection39] INFO  impl.RaftServerImpl (ServerState.java:setLeader(255)) - b33e9b63-acfc-4b47-b8d0-9566c36bc898@group-58E0BBC0782D: change Leader from null to b33e9b63-acfc-4b47-b8d0-9566c36bc898 at term 1 for becomeLeader, leader elected after 5019ms
2019-10-04 21:26:29,081 [b33e9b63-acfc-4b47-b8d0-9566c36bc898@group-58E0BBC0782D-LeaderElection39] INFO  server.RaftServerConfigKeys (ConfUtils.java:logGet(43)) - raft.server.staging.catchup.gap = 1000 (default)
2019-10-04 21:26:29,081 [b33e9b63-acfc-4b47-b8d0-9566c36bc898@group-58E0BBC0782D-LeaderElection39] INFO  server.RaftServerConfigKeys (ConfUtils.java:logGet(43)) - raft.server.rpc.sleep.time = 25ms (default)
2019-10-04 21:26:29,081 [b33e9b63-acfc-4b47-b8d0-9566c36bc898@group-58E0BBC0782D-LeaderElection39] INFO  server.RaftServerConfigKeys (ConfUtils.java:logGet(43)) - raft.server.write.element-limit = 4096 (default)
2019-10-04 21:26:29,081 [13d088eb-5a30-4c3a-8eb2-9178c546b7e9@group-C0B7014600CD-LeaderElection38] INFO  impl.RaftServerImpl (ServerState.java:setRaftConf(356)) - 13d088eb-5a30-4c3a-8eb2-9178c546b7e9@group-C0B7014600CD: set configuration 0: [13d088eb-5a30-4c3a-8eb2-9178c546b7e9:192.168.151.72:36780], old=null at 0
2019-10-04 21:26:29,082 [b33e9b63-acfc-4b47-b8d0-9566c36bc898@group-58E0BBC0782D-LeaderElection39] INFO  server.RaftServerConfigKeys (ConfUtils.java:logGet(43)) - raft.server.watch.timeout = 10s (default)
2019-10-04 21:26:29,082 [b33e9b63-acfc-4b47-b8d0-9566c36bc898@group-58E0BBC0782D-LeaderElection39] INFO  server.RaftServerConfigKeys (ConfUtils.java:logGet(43)) - raft.server.watch.timeout.denomination = 1s (default)
2019-10-04 21:26:29,082 [b33e9b63-acfc-4b47-b8d0-9566c36bc898@group-58E0BBC0782D-LeaderElection39] INFO  server.RaftServerConfigKeys (ConfUtils.java:logGet(43)) - raft.server.watch.element-limit = 65536 (default)
2019-10-04 21:26:29,084 [b33e9b63-acfc-4b47-b8d0-9566c36bc898@group-58E0BBC0782D-LeaderElection39] INFO  impl.RoleInfo (RoleInfo.java:updateAndGet(143)) - b33e9b63-acfc-4b47-b8d0-9566c36bc898: start LeaderState
2019-10-04 21:26:29,084 [b33e9b63-acfc-4b47-b8d0-9566c36bc898@group-58E0BBC0782D-LeaderElection39] INFO  segmented.SegmentedRaftLogWorker (SegmentedRaftLogWorker.java:startLogSegment(385)) - b33e9b63-acfc-4b47-b8d0-9566c36bc898@group-58E0BBC0782D-SegmentedRaftLogWorker: Starting segment from index:0
2019-10-04 21:26:29,085 [b33e9b63-acfc-4b47-b8d0-9566c36bc898@group-58E0BBC0782D-LeaderElection39] INFO  impl.RaftServerImpl (ServerState.java:setRaftConf(356)) - b33e9b63-acfc-4b47-b8d0-9566c36bc898@group-58E0BBC0782D: set configuration 0: [b33e9b63-acfc-4b47-b8d0-9566c36bc898:192.168.151.72:46340], old=null at 0
2019-10-04 21:26:29,127 [13d088eb-5a30-4c3a-8eb2-9178c546b7e9@group-C0B7014600CD-SegmentedRaftLogWorker] INFO  segmented.SegmentedRaftLogWorker (SegmentedRaftLogWorker.java:execute(574)) - 13d088eb-5a30-4c3a-8eb2-9178c546b7e9@group-C0B7014600CD-SegmentedRaftLogWorker: created new log segment /workdir/hadoop-ozone/integration-test/target/test-dir/MiniOzoneClusterImpl-40beb1f2-94b2-4db7-b7c7-fe5f3583899d/datanode-4/data/ratis/3bc88a72-fe1c-4258-9ec4-c0b7014600cd/current/log_inprogress_0
2019-10-04 21:26:29,127 [b33e9b63-acfc-4b47-b8d0-9566c36bc898@group-58E0BBC0782D-SegmentedRaftLogWorker] INFO  segmented.SegmentedRaftLogWorker (SegmentedRaftLogWorker.java:execute(574)) - b33e9b63-acfc-4b47-b8d0-9566c36bc898@group-58E0BBC0782D-SegmentedRaftLogWorker: created new log segment /workdir/hadoop-ozone/integration-test/target/test-dir/MiniOzoneClusterImpl-40beb1f2-94b2-4db7-b7c7-fe5f3583899d/datanode-6/data/ratis/37ef7c45-13ec-41a2-8d93-58e0bbc0782d/current/log_inprogress_0
2019-10-04 21:26:29,197 [Thread-1477] INFO  impl.FollowerState (FollowerState.java:run(108)) - e71f5af9-0e50-404f-8e0b-b530ac019365@group-FDC583436D0E-FollowerState: change to CANDIDATE, lastRpcTime:5186ms, electionTimeout:5186ms
2019-10-04 21:26:29,198 [Thread-1477] INFO  impl.RoleInfo (RoleInfo.java:shutdownFollowerState(121)) - e71f5af9-0e50-404f-8e0b-b530ac019365: shutdown FollowerState
2019-10-04 21:26:29,198 [Thread-1477] INFO  impl.RaftServerImpl (RaftServerImpl.java:setRole(170)) - e71f5af9-0e50-404f-8e0b-b530ac019365@group-FDC583436D0E: changes role from  FOLLOWER to CANDIDATE at term 0 for changeToCandidate
2019-10-04 21:26:29,198 [Thread-1477] INFO  impl.RoleInfo (RoleInfo.java:updateAndGet(143)) - e71f5af9-0e50-404f-8e0b-b530ac019365: start LeaderElection
2019-10-04 21:26:29,208 [Thread-1483] INFO  impl.FollowerState (FollowerState.java:run(108)) - aa0e7599-6889-4ac9-8da1-2d5668e426b3@group-04AFCBE3BB78-FollowerState: change to CANDIDATE, lastRpcTime:5094ms, electionTimeout:5094ms
2019-10-04 21:26:29,209 [Thread-1483] INFO  impl.RoleInfo (RoleInfo.java:shutdownFollowerState(121)) - aa0e7599-6889-4ac9-8da1-2d5668e426b3: shutdown FollowerState
2019-10-04 21:26:29,209 [Thread-1483] INFO  impl.RaftServerImpl (RaftServerImpl.java:setRole(170)) - aa0e7599-6889-4ac9-8da1-2d5668e426b3@group-04AFCBE3BB78: changes role from  FOLLOWER to CANDIDATE at term 0 for changeToCandidate
2019-10-04 21:26:29,209 [Thread-1483] INFO  impl.RoleInfo (RoleInfo.java:updateAndGet(143)) - aa0e7599-6889-4ac9-8da1-2d5668e426b3: start LeaderElection
2019-10-04 21:26:29,228 [Thread-1490] INFO  impl.FollowerState (FollowerState.java:run(108)) - 13d088eb-5a30-4c3a-8eb2-9178c546b7e9@group-81D542EAC84E-FollowerState: change to CANDIDATE, lastRpcTime:5041ms, electionTimeout:5041ms
2019-10-04 21:26:29,228 [Thread-1490] INFO  impl.RoleInfo (RoleInfo.java:shutdownFollowerState(121)) - 13d088eb-5a30-4c3a-8eb2-9178c546b7e9: shutdown FollowerState
2019-10-04 21:26:29,228 [Thread-1490] INFO  impl.RaftServerImpl (RaftServerImpl.java:setRole(170)) - 13d088eb-5a30-4c3a-8eb2-9178c546b7e9@group-81D542EAC84E: changes role from  FOLLOWER to CANDIDATE at term 0 for changeToCandidate
2019-10-04 21:26:29,228 [Thread-1490] INFO  impl.RoleInfo (RoleInfo.java:updateAndGet(143)) - 13d088eb-5a30-4c3a-8eb2-9178c546b7e9: start LeaderElection
2019-10-04 21:26:29,228 [e71f5af9-0e50-404f-8e0b-b530ac019365@group-FDC583436D0E-LeaderElection40] INFO  impl.LeaderElection (LeaderElection.java:askForVotes(178)) - e71f5af9-0e50-404f-8e0b-b530ac019365@group-FDC583436D0E-LeaderElection40: begin an election at term 1 for -1: [e71f5af9-0e50-404f-8e0b-b530ac019365:192.168.151.72:33241], old=null
2019-10-04 21:26:29,228 [aa0e7599-6889-4ac9-8da1-2d5668e426b3@group-04AFCBE3BB78-LeaderElection41] INFO  impl.LeaderElection (LeaderElection.java:askForVotes(178)) - aa0e7599-6889-4ac9-8da1-2d5668e426b3@group-04AFCBE3BB78-LeaderElection41: begin an election at term 1 for -1: [aa0e7599-6889-4ac9-8da1-2d5668e426b3:192.168.151.72:36897], old=null
2019-10-04 21:26:29,232 [e71f5af9-0e50-404f-8e0b-b530ac019365@group-FDC583436D0E-LeaderElection40] INFO  impl.RoleInfo (RoleInfo.java:shutdownLeaderElection(134)) - e71f5af9-0e50-404f-8e0b-b530ac019365: shutdown LeaderElection
2019-10-04 21:26:29,239 [aa0e7599-6889-4ac9-8da1-2d5668e426b3@group-04AFCBE3BB78-LeaderElection41] INFO  impl.RoleInfo (RoleInfo.java:shutdownLeaderElection(134)) - aa0e7599-6889-4ac9-8da1-2d5668e426b3: shutdown LeaderElection
2019-10-04 21:26:29,241 [e71f5af9-0e50-404f-8e0b-b530ac019365@group-FDC583436D0E-LeaderElection40] INFO  impl.RaftServerImpl (RaftServerImpl.java:setRole(170)) - e71f5af9-0e50-404f-8e0b-b530ac019365@group-FDC583436D0E: changes role from CANDIDATE to LEADER at term 1 for changeToLeader
2019-10-04 21:26:29,241 [aa0e7599-6889-4ac9-8da1-2d5668e426b3@group-04AFCBE3BB78-LeaderElection41] INFO  impl.RaftServerImpl (RaftServerImpl.java:setRole(170)) - aa0e7599-6889-4ac9-8da1-2d5668e426b3@group-04AFCBE3BB78: changes role from CANDIDATE to LEADER at term 1 for changeToLeader
2019-10-04 21:26:29,241 [e71f5af9-0e50-404f-8e0b-b530ac019365@group-FDC583436D0E-LeaderElection40] INFO  impl.RaftServerImpl (ServerState.java:setLeader(255)) - e71f5af9-0e50-404f-8e0b-b530ac019365@group-FDC583436D0E: change Leader from null to e71f5af9-0e50-404f-8e0b-b530ac019365 at term 1 for becomeLeader, leader elected after 5236ms
2019-10-04 21:26:29,241 [aa0e7599-6889-4ac9-8da1-2d5668e426b3@group-04AFCBE3BB78-LeaderElection41] INFO  impl.RaftServerImpl (ServerState.java:setLeader(255)) - aa0e7599-6889-4ac9-8da1-2d5668e426b3@group-04AFCBE3BB78: change Leader from null to aa0e7599-6889-4ac9-8da1-2d5668e426b3 at term 1 for becomeLeader, leader elected after 5132ms
2019-10-04 21:26:29,241 [e71f5af9-0e50-404f-8e0b-b530ac019365@group-FDC583436D0E-LeaderElection40] INFO  server.RaftServerConfigKeys (ConfUtils.java:logGet(43)) - raft.server.staging.catchup.gap = 1000 (default)
2019-10-04 21:26:29,241 [aa0e7599-6889-4ac9-8da1-2d5668e426b3@group-04AFCBE3BB78-LeaderElection41] INFO  server.RaftServerConfigKeys (ConfUtils.java:logGet(43)) - raft.server.staging.catchup.gap = 1000 (default)
2019-10-04 21:26:29,241 [e71f5af9-0e50-404f-8e0b-b530ac019365@group-FDC583436D0E-LeaderElection40] INFO  server.RaftServerConfigKeys (ConfUtils.java:logGet(43)) - raft.server.rpc.sleep.time = 25ms (default)
2019-10-04 21:26:29,241 [aa0e7599-6889-4ac9-8da1-2d5668e426b3@group-04AFCBE3BB78-LeaderElection41] INFO  server.RaftServerConfigKeys (ConfUtils.java:logGet(43)) - raft.server.rpc.sleep.time = 25ms (default)
2019-10-04 21:26:29,242 [e71f5af9-0e50-404f-8e0b-b530ac019365@group-FDC583436D0E-LeaderElection40] INFO  server.RaftServerConfigKeys (ConfUtils.java:logGet(43)) - raft.server.write.element-limit = 4096 (default)
2019-10-04 21:26:29,242 [aa0e7599-6889-4ac9-8da1-2d5668e426b3@group-04AFCBE3BB78-LeaderElection41] INFO  server.RaftServerConfigKeys (ConfUtils.java:logGet(43)) - raft.server.write.element-limit = 4096 (default)
2019-10-04 21:26:29,242 [e71f5af9-0e50-404f-8e0b-b530ac019365@group-FDC583436D0E-LeaderElection40] INFO  server.RaftServerConfigKeys (ConfUtils.java:logGet(43)) - raft.server.watch.timeout = 10s (default)
2019-10-04 21:26:29,242 [aa0e7599-6889-4ac9-8da1-2d5668e426b3@group-04AFCBE3BB78-LeaderElection41] INFO  server.RaftServerConfigKeys (ConfUtils.java:logGet(43)) - raft.server.watch.timeout = 10s (default)
2019-10-04 21:26:29,242 [e71f5af9-0e50-404f-8e0b-b530ac019365@group-FDC583436D0E-LeaderElection40] INFO  server.RaftServerConfigKeys (ConfUtils.java:logGet(43)) - raft.server.watch.timeout.denomination = 1s (default)
2019-10-04 21:26:29,242 [aa0e7599-6889-4ac9-8da1-2d5668e426b3@group-04AFCBE3BB78-LeaderElection41] INFO  server.RaftServerConfigKeys (ConfUtils.java:logGet(43)) - raft.server.watch.timeout.denomination = 1s (default)
2019-10-04 21:26:29,242 [e71f5af9-0e50-404f-8e0b-b530ac019365@group-FDC583436D0E-LeaderElection40] INFO  server.RaftServerConfigKeys (ConfUtils.java:logGet(43)) - raft.server.watch.element-limit = 65536 (default)
2019-10-04 21:26:29,242 [aa0e7599-6889-4ac9-8da1-2d5668e426b3@group-04AFCBE3BB78-LeaderElection41] INFO  server.RaftServerConfigKeys (ConfUtils.java:logGet(43)) - raft.server.watch.element-limit = 65536 (default)
2019-10-04 21:26:29,245 [e71f5af9-0e50-404f-8e0b-b530ac019365@group-FDC583436D0E-LeaderElection40] INFO  impl.RoleInfo (RoleInfo.java:updateAndGet(143)) - e71f5af9-0e50-404f-8e0b-b530ac019365: start LeaderState
2019-10-04 21:26:29,245 [aa0e7599-6889-4ac9-8da1-2d5668e426b3@group-04AFCBE3BB78-LeaderElection41] INFO  impl.RoleInfo (RoleInfo.java:updateAndGet(143)) - aa0e7599-6889-4ac9-8da1-2d5668e426b3: start LeaderState
2019-10-04 21:26:29,246 [e71f5af9-0e50-404f-8e0b-b530ac019365@group-FDC583436D0E-LeaderElection40] INFO  segmented.SegmentedRaftLogWorker (SegmentedRaftLogWorker.java:startLogSegment(385)) - e71f5af9-0e50-404f-8e0b-b530ac019365@group-FDC583436D0E-SegmentedRaftLogWorker: Starting segment from index:0
2019-10-04 21:26:29,246 [aa0e7599-6889-4ac9-8da1-2d5668e426b3@group-04AFCBE3BB78-LeaderElection41] INFO  segmented.SegmentedRaftLogWorker (SegmentedRaftLogWorker.java:startLogSegment(385)) - aa0e7599-6889-4ac9-8da1-2d5668e426b3@group-04AFCBE3BB78-SegmentedRaftLogWorker: Starting segment from index:0
2019-10-04 21:26:29,246 [e71f5af9-0e50-404f-8e0b-b530ac019365@group-FDC583436D0E-LeaderElection40] INFO  impl.RaftServerImpl (ServerState.java:setRaftConf(356)) - e71f5af9-0e50-404f-8e0b-b530ac019365@group-FDC583436D0E: set configuration 0: [e71f5af9-0e50-404f-8e0b-b530ac019365:192.168.151.72:33241], old=null at 0
2019-10-04 21:26:29,247 [aa0e7599-6889-4ac9-8da1-2d5668e426b3@group-04AFCBE3BB78-LeaderElection41] INFO  impl.RaftServerImpl (ServerState.java:setRaftConf(356)) - aa0e7599-6889-4ac9-8da1-2d5668e426b3@group-04AFCBE3BB78: set configuration 0: [aa0e7599-6889-4ac9-8da1-2d5668e426b3:192.168.151.72:36897], old=null at 0
2019-10-04 21:26:29,255 [13d088eb-5a30-4c3a-8eb2-9178c546b7e9@group-81D542EAC84E-LeaderElection42] INFO  impl.LeaderElection (LeaderElection.java:askForVotes(178)) - 13d088eb-5a30-4c3a-8eb2-9178c546b7e9@group-81D542EAC84E-LeaderElection42: begin an election at term 1 for -1: [13d088eb-5a30-4c3a-8eb2-9178c546b7e9:192.168.151.72:36780, b33e9b63-acfc-4b47-b8d0-9566c36bc898:192.168.151.72:46340, e71f5af9-0e50-404f-8e0b-b530ac019365:192.168.151.72:33241], old=null
2019-10-04 21:26:29,281 [grpc-default-executor-10] INFO  impl.RaftServerImpl (RaftServerImpl.java:setRole(170)) - b33e9b63-acfc-4b47-b8d0-9566c36bc898@group-81D542EAC84E: changes role from  FOLLOWER to FOLLOWER at term 1 for recognizeCandidate:13d088eb-5a30-4c3a-8eb2-9178c546b7e9
2019-10-04 21:26:29,284 [grpc-default-executor-9] INFO  impl.RaftServerImpl (RaftServerImpl.java:setRole(170)) - e71f5af9-0e50-404f-8e0b-b530ac019365@group-81D542EAC84E: changes role from  FOLLOWER to FOLLOWER at term 1 for recognizeCandidate:13d088eb-5a30-4c3a-8eb2-9178c546b7e9
2019-10-04 21:26:29,284 [grpc-default-executor-10] INFO  impl.RoleInfo (RoleInfo.java:shutdownFollowerState(121)) - b33e9b63-acfc-4b47-b8d0-9566c36bc898: shutdown FollowerState
2019-10-04 21:26:29,284 [grpc-default-executor-9] INFO  impl.RoleInfo (RoleInfo.java:shutdownFollowerState(121)) - e71f5af9-0e50-404f-8e0b-b530ac019365: shutdown FollowerState
2019-10-04 21:26:29,284 [grpc-default-executor-10] INFO  impl.RoleInfo (RoleInfo.java:updateAndGet(143)) - b33e9b63-acfc-4b47-b8d0-9566c36bc898: start FollowerState
2019-10-04 21:26:29,284 [Thread-1489] INFO  impl.FollowerState (FollowerState.java:run(117)) - b33e9b63-acfc-4b47-b8d0-9566c36bc898@group-81D542EAC84E-FollowerState was interrupted: java.lang.InterruptedException: sleep interrupted
2019-10-04 21:26:29,284 [grpc-default-executor-9] INFO  impl.RoleInfo (RoleInfo.java:updateAndGet(143)) - e71f5af9-0e50-404f-8e0b-b530ac019365: start FollowerState
2019-10-04 21:26:29,284 [Thread-1488] INFO  impl.FollowerState (FollowerState.java:run(117)) - e71f5af9-0e50-404f-8e0b-b530ac019365@group-81D542EAC84E-FollowerState was interrupted: java.lang.InterruptedException: sleep interrupted
2019-10-04 21:26:29,295 [e71f5af9-0e50-404f-8e0b-b530ac019365@group-FDC583436D0E-SegmentedRaftLogWorker] INFO  segmented.SegmentedRaftLogWorker (SegmentedRaftLogWorker.java:execute(574)) - e71f5af9-0e50-404f-8e0b-b530ac019365@group-FDC583436D0E-SegmentedRaftLogWorker: created new log segment /workdir/hadoop-ozone/integration-test/target/test-dir/MiniOzoneClusterImpl-40beb1f2-94b2-4db7-b7c7-fe5f3583899d/datanode-5/data/ratis/984bc2be-0e82-4d6a-be7f-fdc583436d0e/current/log_inprogress_0
2019-10-04 21:26:29,295 [aa0e7599-6889-4ac9-8da1-2d5668e426b3@group-04AFCBE3BB78-SegmentedRaftLogWorker] INFO  segmented.SegmentedRaftLogWorker (SegmentedRaftLogWorker.java:execute(574)) - aa0e7599-6889-4ac9-8da1-2d5668e426b3@group-04AFCBE3BB78-SegmentedRaftLogWorker: created new log segment /workdir/hadoop-ozone/integration-test/target/test-dir/MiniOzoneClusterImpl-40beb1f2-94b2-4db7-b7c7-fe5f3583899d/datanode-3/data/ratis/b50c8fda-1bcc-414f-9c87-04afcbe3bb78/current/log_inprogress_0
2019-10-04 21:26:29,299 [13d088eb-5a30-4c3a-8eb2-9178c546b7e9@group-81D542EAC84E-LeaderElection42] INFO  impl.LeaderElection (LeaderElection.java:logAndReturn(56)) - 13d088eb-5a30-4c3a-8eb2-9178c546b7e9@group-81D542EAC84E-LeaderElection42: Election PASSED; received 1 response(s) [13d088eb-5a30-4c3a-8eb2-9178c546b7e9<-b33e9b63-acfc-4b47-b8d0-9566c36bc898#0:OK-t1] and 0 exception(s); 13d088eb-5a30-4c3a-8eb2-9178c546b7e9@group-81D542EAC84E:t1, leader=null, voted=13d088eb-5a30-4c3a-8eb2-9178c546b7e9, raftlog=13d088eb-5a30-4c3a-8eb2-9178c546b7e9@group-81D542EAC84E-SegmentedRaftLog:OPENED:c-1,f-1,i0, conf=-1: [13d088eb-5a30-4c3a-8eb2-9178c546b7e9:192.168.151.72:36780, b33e9b63-acfc-4b47-b8d0-9566c36bc898:192.168.151.72:46340, e71f5af9-0e50-404f-8e0b-b530ac019365:192.168.151.72:33241], old=null
2019-10-04 21:26:29,299 [13d088eb-5a30-4c3a-8eb2-9178c546b7e9@group-81D542EAC84E-LeaderElection42] INFO  impl.RoleInfo (RoleInfo.java:shutdownLeaderElection(134)) - 13d088eb-5a30-4c3a-8eb2-9178c546b7e9: shutdown LeaderElection
2019-10-04 21:26:29,300 [13d088eb-5a30-4c3a-8eb2-9178c546b7e9@group-81D542EAC84E-LeaderElection42] INFO  impl.RaftServerImpl (RaftServerImpl.java:setRole(170)) - 13d088eb-5a30-4c3a-8eb2-9178c546b7e9@group-81D542EAC84E: changes role from CANDIDATE to LEADER at term 1 for changeToLeader
2019-10-04 21:26:29,300 [13d088eb-5a30-4c3a-8eb2-9178c546b7e9@group-81D542EAC84E-LeaderElection42] INFO  impl.RaftServerImpl (ServerState.java:setLeader(255)) - 13d088eb-5a30-4c3a-8eb2-9178c546b7e9@group-81D542EAC84E: change Leader from null to 13d088eb-5a30-4c3a-8eb2-9178c546b7e9 at term 1 for becomeLeader, leader elected after 5128ms
2019-10-04 21:26:29,300 [13d088eb-5a30-4c3a-8eb2-9178c546b7e9@group-81D542EAC84E-LeaderElection42] INFO  server.RaftServerConfigKeys (ConfUtils.java:logGet(43)) - raft.server.staging.catchup.gap = 1000 (default)
2019-10-04 21:26:29,300 [13d088eb-5a30-4c3a-8eb2-9178c546b7e9@group-81D542EAC84E-LeaderElection42] INFO  server.RaftServerConfigKeys (ConfUtils.java:logGet(43)) - raft.server.rpc.sleep.time = 25ms (default)
2019-10-04 21:26:29,300 [13d088eb-5a30-4c3a-8eb2-9178c546b7e9@group-81D542EAC84E-LeaderElection42] INFO  server.RaftServerConfigKeys (ConfUtils.java:logGet(43)) - raft.server.write.element-limit = 4096 (default)
2019-10-04 21:26:29,301 [13d088eb-5a30-4c3a-8eb2-9178c546b7e9@group-81D542EAC84E-LeaderElection42] INFO  server.RaftServerConfigKeys (ConfUtils.java:logGet(43)) - raft.server.watch.timeout = 10s (default)
2019-10-04 21:26:29,301 [13d088eb-5a30-4c3a-8eb2-9178c546b7e9@group-81D542EAC84E-LeaderElection42] INFO  server.RaftServerConfigKeys (ConfUtils.java:logGet(43)) - raft.server.watch.timeout.denomination = 1s (default)
2019-10-04 21:26:29,301 [13d088eb-5a30-4c3a-8eb2-9178c546b7e9@group-81D542EAC84E-LeaderElection42] INFO  server.RaftServerConfigKeys (ConfUtils.java:logGet(43)) - raft.server.watch.element-limit = 65536 (default)
2019-10-04 21:26:29,303 [13d088eb-5a30-4c3a-8eb2-9178c546b7e9@group-81D542EAC84E-LeaderElection42] INFO  server.RaftServerConfigKeys (ConfUtils.java:logGet(43)) - raft.server.log.appender.snapshot.chunk.size.max = 16MB (=16777216) (default)
2019-10-04 21:26:29,303 [13d088eb-5a30-4c3a-8eb2-9178c546b7e9@group-81D542EAC84E-LeaderElection42] INFO  server.RaftServerConfigKeys (ConfUtils.java:logGet(43)) - raft.server.log.appender.buffer.byte-limit = 33554432 (custom)
2019-10-04 21:26:29,304 [13d088eb-5a30-4c3a-8eb2-9178c546b7e9@group-81D542EAC84E-LeaderElection42] INFO  server.RaftServerConfigKeys (ConfUtils.java:logGet(43)) - raft.server.log.appender.buffer.element-limit = 1 (custom)
2019-10-04 21:26:29,304 [13d088eb-5a30-4c3a-8eb2-9178c546b7e9@group-81D542EAC84E-LeaderElection42] INFO  grpc.GrpcConfigKeys$Server (ConfUtils.java:logGet(43)) - raft.grpc.server.leader.outstanding.appends.max = 128 (default)
2019-10-04 21:26:29,304 [13d088eb-5a30-4c3a-8eb2-9178c546b7e9@group-81D542EAC84E-LeaderElection42] INFO  server.RaftServerConfigKeys (ConfUtils.java:logGet(43)) - raft.server.rpc.request.timeout = 3000ms (default)
2019-10-04 21:26:29,304 [13d088eb-5a30-4c3a-8eb2-9178c546b7e9@group-81D542EAC84E-LeaderElection42] INFO  server.RaftServerConfigKeys (ConfUtils.java:logGet(43)) - raft.server.log.appender.install.snapshot.enabled = false (custom)
2019-10-04 21:26:29,305 [13d088eb-5a30-4c3a-8eb2-9178c546b7e9@group-81D542EAC84E-LeaderElection42] INFO  server.RaftServerConfigKeys (ConfUtils.java:logGet(43)) - raft.server.log.appender.snapshot.chunk.size.max = 16MB (=16777216) (default)
2019-10-04 21:26:29,305 [13d088eb-5a30-4c3a-8eb2-9178c546b7e9@group-81D542EAC84E-LeaderElection42] INFO  server.RaftServerConfigKeys (ConfUtils.java:logGet(43)) - raft.server.log.appender.buffer.byte-limit = 33554432 (custom)
2019-10-04 21:26:29,305 [13d088eb-5a30-4c3a-8eb2-9178c546b7e9@group-81D542EAC84E-LeaderElection42] INFO  server.RaftServerConfigKeys (ConfUtils.java:logGet(43)) - raft.server.log.appender.buffer.element-limit = 1 (custom)
2019-10-04 21:26:29,305 [13d088eb-5a30-4c3a-8eb2-9178c546b7e9@group-81D542EAC84E-LeaderElection42] INFO  grpc.GrpcConfigKeys$Server (ConfUtils.java:logGet(43)) - raft.grpc.server.leader.outstanding.appends.max = 128 (default)
2019-10-04 21:26:29,305 [13d088eb-5a30-4c3a-8eb2-9178c546b7e9@group-81D542EAC84E-LeaderElection42] INFO  server.RaftServerConfigKeys (ConfUtils.java:logGet(43)) - raft.server.rpc.request.timeout = 3000ms (default)
2019-10-04 21:26:29,306 [13d088eb-5a30-4c3a-8eb2-9178c546b7e9@group-81D542EAC84E-LeaderElection42] INFO  server.RaftServerConfigKeys (ConfUtils.java:logGet(43)) - raft.server.log.appender.install.snapshot.enabled = false (custom)
2019-10-04 21:26:29,306 [13d088eb-5a30-4c3a-8eb2-9178c546b7e9@group-81D542EAC84E-LeaderElection42] INFO  impl.RoleInfo (RoleInfo.java:updateAndGet(143)) - 13d088eb-5a30-4c3a-8eb2-9178c546b7e9: start LeaderState
2019-10-04 21:26:29,306 [13d088eb-5a30-4c3a-8eb2-9178c546b7e9@group-81D542EAC84E-LeaderElection42] INFO  segmented.SegmentedRaftLogWorker (SegmentedRaftLogWorker.java:startLogSegment(385)) - 13d088eb-5a30-4c3a-8eb2-9178c546b7e9@group-81D542EAC84E-SegmentedRaftLogWorker: Starting segment from index:0
2019-10-04 21:26:29,307 [13d088eb-5a30-4c3a-8eb2-9178c546b7e9@group-81D542EAC84E-LeaderElection42] INFO  impl.RaftServerImpl (ServerState.java:setRaftConf(356)) - 13d088eb-5a30-4c3a-8eb2-9178c546b7e9@group-81D542EAC84E: set configuration 0: [13d088eb-5a30-4c3a-8eb2-9178c546b7e9:192.168.151.72:36780, b33e9b63-acfc-4b47-b8d0-9566c36bc898:192.168.151.72:46340, e71f5af9-0e50-404f-8e0b-b530ac019365:192.168.151.72:33241], old=null at 0
2019-10-04 21:26:29,335 [grpc-default-executor-10] INFO  impl.RaftServerImpl (ServerState.java:setLeader(255)) - e71f5af9-0e50-404f-8e0b-b530ac019365@group-81D542EAC84E: change Leader from null to 13d088eb-5a30-4c3a-8eb2-9178c546b7e9 at term 1 for appendEntries, leader elected after 5163ms
2019-10-04 21:26:29,340 [grpc-default-executor-9] INFO  impl.RaftServerImpl (ServerState.java:setLeader(255)) - b33e9b63-acfc-4b47-b8d0-9566c36bc898@group-81D542EAC84E: change Leader from null to 13d088eb-5a30-4c3a-8eb2-9178c546b7e9 at term 1 for appendEntries, leader elected after 5168ms
2019-10-04 21:26:29,342 [grpc-default-executor-10] INFO  impl.RaftServerImpl (ServerState.java:setRaftConf(356)) - b33e9b63-acfc-4b47-b8d0-9566c36bc898@group-81D542EAC84E: set configuration 0: [13d088eb-5a30-4c3a-8eb2-9178c546b7e9:192.168.151.72:36780, b33e9b63-acfc-4b47-b8d0-9566c36bc898:192.168.151.72:46340, e71f5af9-0e50-404f-8e0b-b530ac019365:192.168.151.72:33241], old=null at 0
2019-10-04 21:26:29,342 [grpc-default-executor-9] INFO  impl.RaftServerImpl (ServerState.java:setRaftConf(356)) - e71f5af9-0e50-404f-8e0b-b530ac019365@group-81D542EAC84E: set configuration 0: [13d088eb-5a30-4c3a-8eb2-9178c546b7e9:192.168.151.72:36780, b33e9b63-acfc-4b47-b8d0-9566c36bc898:192.168.151.72:46340, e71f5af9-0e50-404f-8e0b-b530ac019365:192.168.151.72:33241], old=null at 0
2019-10-04 21:26:29,342 [grpc-default-executor-10] INFO  segmented.SegmentedRaftLogWorker (SegmentedRaftLogWorker.java:startLogSegment(385)) - b33e9b63-acfc-4b47-b8d0-9566c36bc898@group-81D542EAC84E-SegmentedRaftLogWorker: Starting segment from index:0
2019-10-04 21:26:29,343 [grpc-default-executor-9] INFO  segmented.SegmentedRaftLogWorker (SegmentedRaftLogWorker.java:startLogSegment(385)) - e71f5af9-0e50-404f-8e0b-b530ac019365@group-81D542EAC84E-SegmentedRaftLogWorker: Starting segment from index:0
2019-10-04 21:26:29,359 [13d088eb-5a30-4c3a-8eb2-9178c546b7e9@group-81D542EAC84E-SegmentedRaftLogWorker] INFO  segmented.SegmentedRaftLogWorker (SegmentedRaftLogWorker.java:execute(574)) - 13d088eb-5a30-4c3a-8eb2-9178c546b7e9@group-81D542EAC84E-SegmentedRaftLogWorker: created new log segment /workdir/hadoop-ozone/integration-test/target/test-dir/MiniOzoneClusterImpl-40beb1f2-94b2-4db7-b7c7-fe5f3583899d/datanode-4/data/ratis/ce4338ea-c2b8-4866-9634-81d542eac84e/current/log_inprogress_0
2019-10-04 21:26:29,377 [e71f5af9-0e50-404f-8e0b-b530ac019365@group-81D542EAC84E-SegmentedRaftLogWorker] INFO  segmented.SegmentedRaftLogWorker (SegmentedRaftLogWorker.java:execute(574)) - e71f5af9-0e50-404f-8e0b-b530ac019365@group-81D542EAC84E-SegmentedRaftLogWorker: created new log segment /workdir/hadoop-ozone/integration-test/target/test-dir/MiniOzoneClusterImpl-40beb1f2-94b2-4db7-b7c7-fe5f3583899d/datanode-5/data/ratis/ce4338ea-c2b8-4866-9634-81d542eac84e/current/log_inprogress_0
2019-10-04 21:26:29,377 [b33e9b63-acfc-4b47-b8d0-9566c36bc898@group-81D542EAC84E-SegmentedRaftLogWorker] INFO  segmented.SegmentedRaftLogWorker (SegmentedRaftLogWorker.java:execute(574)) - b33e9b63-acfc-4b47-b8d0-9566c36bc898@group-81D542EAC84E-SegmentedRaftLogWorker: created new log segment /workdir/hadoop-ozone/integration-test/target/test-dir/MiniOzoneClusterImpl-40beb1f2-94b2-4db7-b7c7-fe5f3583899d/datanode-6/data/ratis/ce4338ea-c2b8-4866-9634-81d542eac84e/current/log_inprogress_0
2019-10-04 21:26:34,021 [Thread-1522] INFO  impl.FollowerState (FollowerState.java:run(108)) - aef531bd-6946-4f65-aff1-2034fa836c06@group-B46CC0D4AE81-FollowerState: change to CANDIDATE, lastRpcTime:5050ms, electionTimeout:5050ms
2019-10-04 21:26:34,022 [Thread-1522] INFO  impl.RoleInfo (RoleInfo.java:shutdownFollowerState(121)) - aef531bd-6946-4f65-aff1-2034fa836c06: shutdown FollowerState
2019-10-04 21:26:34,022 [Thread-1522] INFO  impl.RaftServerImpl (RaftServerImpl.java:setRole(170)) - aef531bd-6946-4f65-aff1-2034fa836c06@group-B46CC0D4AE81: changes role from  FOLLOWER to CANDIDATE at term 1 for changeToCandidate
2019-10-04 21:26:34,022 [Thread-1522] INFO  impl.RoleInfo (RoleInfo.java:updateAndGet(143)) - aef531bd-6946-4f65-aff1-2034fa836c06: start LeaderElection
2019-10-04 21:26:34,039 [aef531bd-6946-4f65-aff1-2034fa836c06@group-B46CC0D4AE81-LeaderElection43] INFO  impl.LeaderElection (LeaderElection.java:askForVotes(178)) - aef531bd-6946-4f65-aff1-2034fa836c06@group-B46CC0D4AE81-LeaderElection43: begin an election at term 2 for -1: [aef531bd-6946-4f65-aff1-2034fa836c06:192.168.151.72:33855, 85482a46-d908-46a3-b4f7-930495164df5:192.168.151.72:45133, b3a93a1c-bd5d-4647-93a8-f02890694163:192.168.151.72:38085], old=null
2019-10-04 21:26:34,043 [grpc-default-executor-9] INFO  impl.RaftServerImpl (RaftServerImpl.java:setRole(170)) - 85482a46-d908-46a3-b4f7-930495164df5@group-B46CC0D4AE81: changes role from  FOLLOWER to FOLLOWER at term 2 for recognizeCandidate:aef531bd-6946-4f65-aff1-2034fa836c06
2019-10-04 21:26:34,043 [grpc-default-executor-10] INFO  impl.RaftServerImpl (RaftServerImpl.java:setRole(170)) - b3a93a1c-bd5d-4647-93a8-f02890694163@group-B46CC0D4AE81: changes role from  FOLLOWER to FOLLOWER at term 2 for recognizeCandidate:aef531bd-6946-4f65-aff1-2034fa836c06
2019-10-04 21:26:34,043 [grpc-default-executor-9] INFO  impl.RoleInfo (RoleInfo.java:shutdownFollowerState(121)) - 85482a46-d908-46a3-b4f7-930495164df5: shutdown FollowerState
2019-10-04 21:26:34,043 [grpc-default-executor-10] INFO  impl.RoleInfo (RoleInfo.java:shutdownFollowerState(121)) - b3a93a1c-bd5d-4647-93a8-f02890694163: shutdown FollowerState
2019-10-04 21:26:34,044 [Thread-1521] INFO  impl.FollowerState (FollowerState.java:run(117)) - 85482a46-d908-46a3-b4f7-930495164df5@group-B46CC0D4AE81-FollowerState was interrupted: java.lang.InterruptedException: sleep interrupted
2019-10-04 21:26:34,044 [Thread-1523] INFO  impl.FollowerState (FollowerState.java:run(117)) - b3a93a1c-bd5d-4647-93a8-f02890694163@group-B46CC0D4AE81-FollowerState was interrupted: java.lang.InterruptedException: sleep interrupted
2019-10-04 21:26:34,044 [grpc-default-executor-9] INFO  impl.RoleInfo (RoleInfo.java:updateAndGet(143)) - 85482a46-d908-46a3-b4f7-930495164df5: start FollowerState
2019-10-04 21:26:34,044 [grpc-default-executor-10] INFO  impl.RoleInfo (RoleInfo.java:updateAndGet(143)) - b3a93a1c-bd5d-4647-93a8-f02890694163: start FollowerState
2019-10-04 21:26:34,074 [aef531bd-6946-4f65-aff1-2034fa836c06@group-B46CC0D4AE81-LeaderElection43] INFO  impl.LeaderElection (LeaderElection.java:logAndReturn(56)) - aef531bd-6946-4f65-aff1-2034fa836c06@group-B46CC0D4AE81-LeaderElection43: Election PASSED; received 1 response(s) [aef531bd-6946-4f65-aff1-2034fa836c06<-b3a93a1c-bd5d-4647-93a8-f02890694163#0:OK-t2] and 0 exception(s); aef531bd-6946-4f65-aff1-2034fa836c06@group-B46CC0D4AE81:t2, leader=null, voted=aef531bd-6946-4f65-aff1-2034fa836c06, raftlog=aef531bd-6946-4f65-aff1-2034fa836c06@group-B46CC0D4AE81-SegmentedRaftLog:OPENED:c-1,f-1,i0, conf=-1: [aef531bd-6946-4f65-aff1-2034fa836c06:192.168.151.72:33855, 85482a46-d908-46a3-b4f7-930495164df5:192.168.151.72:45133, b3a93a1c-bd5d-4647-93a8-f02890694163:192.168.151.72:38085], old=null
2019-10-04 21:26:34,074 [aef531bd-6946-4f65-aff1-2034fa836c06@group-B46CC0D4AE81-LeaderElection43] INFO  impl.RoleInfo (RoleInfo.java:shutdownLeaderElection(134)) - aef531bd-6946-4f65-aff1-2034fa836c06: shutdown LeaderElection
2019-10-04 21:26:34,075 [aef531bd-6946-4f65-aff1-2034fa836c06@group-B46CC0D4AE81-LeaderElection43] INFO  impl.RaftServerImpl (RaftServerImpl.java:setRole(170)) - aef531bd-6946-4f65-aff1-2034fa836c06@group-B46CC0D4AE81: changes role from CANDIDATE to LEADER at term 2 for changeToLeader
2019-10-04 21:26:34,075 [aef531bd-6946-4f65-aff1-2034fa836c06@group-B46CC0D4AE81-LeaderElection43] INFO  impl.RaftServerImpl (ServerState.java:setLeader(255)) - aef531bd-6946-4f65-aff1-2034fa836c06@group-B46CC0D4AE81: change Leader from null to aef531bd-6946-4f65-aff1-2034fa836c06 at term 2 for becomeLeader, leader elected after 10270ms
2019-10-04 21:26:34,075 [aef531bd-6946-4f65-aff1-2034fa836c06@group-B46CC0D4AE81-LeaderElection43] INFO  server.RaftServerConfigKeys (ConfUtils.java:logGet(43)) - raft.server.staging.catchup.gap = 1000 (default)
2019-10-04 21:26:34,075 [aef531bd-6946-4f65-aff1-2034fa836c06@group-B46CC0D4AE81-LeaderElection43] INFO  server.RaftServerConfigKeys (ConfUtils.java:logGet(43)) - raft.server.rpc.sleep.time = 25ms (default)
2019-10-04 21:26:34,075 [aef531bd-6946-4f65-aff1-2034fa836c06@group-B46CC0D4AE81-LeaderElection43] INFO  server.RaftServerConfigKeys (ConfUtils.java:logGet(43)) - raft.server.write.element-limit = 4096 (default)
2019-10-04 21:26:34,076 [aef531bd-6946-4f65-aff1-2034fa836c06@group-B46CC0D4AE81-LeaderElection43] INFO  server.RaftServerConfigKeys (ConfUtils.java:logGet(43)) - raft.server.watch.timeout = 10s (default)
2019-10-04 21:26:34,076 [aef531bd-6946-4f65-aff1-2034fa836c06@group-B46CC0D4AE81-LeaderElection43] INFO  server.RaftServerConfigKeys (ConfUtils.java:logGet(43)) - raft.server.watch.timeout.denomination = 1s (default)
2019-10-04 21:26:34,076 [aef531bd-6946-4f65-aff1-2034fa836c06@group-B46CC0D4AE81-LeaderElection43] INFO  server.RaftServerConfigKeys (ConfUtils.java:logGet(43)) - raft.server.watch.element-limit = 65536 (default)
2019-10-04 21:26:34,079 [aef531bd-6946-4f65-aff1-2034fa836c06@group-B46CC0D4AE81-LeaderElection43] INFO  server.RaftServerConfigKeys (ConfUtils.java:logGet(43)) - raft.server.log.appender.snapshot.chunk.size.max = 16MB (=16777216) (default)
2019-10-04 21:26:34,079 [aef531bd-6946-4f65-aff1-2034fa836c06@group-B46CC0D4AE81-LeaderElection43] INFO  server.RaftServerConfigKeys (ConfUtils.java:logGet(43)) - raft.server.log.appender.buffer.byte-limit = 33554432 (custom)
2019-10-04 21:26:34,079 [aef531bd-6946-4f65-aff1-2034fa836c06@group-B46CC0D4AE81-LeaderElection43] INFO  server.RaftServerConfigKeys (ConfUtils.java:logGet(43)) - raft.server.log.appender.buffer.element-limit = 1 (custom)
2019-10-04 21:26:34,079 [aef531bd-6946-4f65-aff1-2034fa836c06@group-B46CC0D4AE81-LeaderElection43] INFO  grpc.GrpcConfigKeys$Server (ConfUtils.java:logGet(43)) - raft.grpc.server.leader.outstanding.appends.max = 128 (default)
2019-10-04 21:26:34,080 [aef531bd-6946-4f65-aff1-2034fa836c06@group-B46CC0D4AE81-LeaderElection43] INFO  server.RaftServerConfigKeys (ConfUtils.java:logGet(43)) - raft.server.rpc.request.timeout = 3000ms (default)
2019-10-04 21:26:34,080 [aef531bd-6946-4f65-aff1-2034fa836c06@group-B46CC0D4AE81-LeaderElection43] INFO  server.RaftServerConfigKeys (ConfUtils.java:logGet(43)) - raft.server.log.appender.install.snapshot.enabled = false (custom)
2019-10-04 21:26:34,080 [aef531bd-6946-4f65-aff1-2034fa836c06@group-B46CC0D4AE81-LeaderElection43] INFO  server.RaftServerConfigKeys (ConfUtils.java:logGet(43)) - raft.server.log.appender.snapshot.chunk.size.max = 16MB (=16777216) (default)
2019-10-04 21:26:34,080 [aef531bd-6946-4f65-aff1-2034fa836c06@group-B46CC0D4AE81-LeaderElection43] INFO  server.RaftServerConfigKeys (ConfUtils.java:logGet(43)) - raft.server.log.appender.buffer.byte-limit = 33554432 (custom)
2019-10-04 21:26:34,081 [aef531bd-6946-4f65-aff1-2034fa836c06@group-B46CC0D4AE81-LeaderElection43] INFO  server.RaftServerConfigKeys (ConfUtils.java:logGet(43)) - raft.server.log.appender.buffer.element-limit = 1 (custom)
2019-10-04 21:26:34,081 [aef531bd-6946-4f65-aff1-2034fa836c06@group-B46CC0D4AE81-LeaderElection43] INFO  grpc.GrpcConfigKeys$Server (ConfUtils.java:logGet(43)) - raft.grpc.server.leader.outstanding.appends.max = 128 (default)
2019-10-04 21:26:34,081 [aef531bd-6946-4f65-aff1-2034fa836c06@group-B46CC0D4AE81-LeaderElection43] INFO  server.RaftServerConfigKeys (ConfUtils.java:logGet(43)) - raft.server.rpc.request.timeout = 3000ms (default)
2019-10-04 21:26:34,081 [aef531bd-6946-4f65-aff1-2034fa836c06@group-B46CC0D4AE81-LeaderElection43] INFO  server.RaftServerConfigKeys (ConfUtils.java:logGet(43)) - raft.server.log.appender.install.snapshot.enabled = false (custom)
2019-10-04 21:26:34,081 [aef531bd-6946-4f65-aff1-2034fa836c06@group-B46CC0D4AE81-LeaderElection43] INFO  impl.RoleInfo (RoleInfo.java:updateAndGet(143)) - aef531bd-6946-4f65-aff1-2034fa836c06: start LeaderState
2019-10-04 21:26:34,082 [aef531bd-6946-4f65-aff1-2034fa836c06@group-B46CC0D4AE81-LeaderElection43] INFO  segmented.SegmentedRaftLogWorker (SegmentedRaftLogWorker.java:startLogSegment(385)) - aef531bd-6946-4f65-aff1-2034fa836c06@group-B46CC0D4AE81-SegmentedRaftLogWorker: Starting segment from index:0
2019-10-04 21:26:34,083 [aef531bd-6946-4f65-aff1-2034fa836c06@group-B46CC0D4AE81-LeaderElection43] INFO  impl.RaftServerImpl (ServerState.java:setRaftConf(356)) - aef531bd-6946-4f65-aff1-2034fa836c06@group-B46CC0D4AE81: set configuration 0: [aef531bd-6946-4f65-aff1-2034fa836c06:192.168.151.72:33855, 85482a46-d908-46a3-b4f7-930495164df5:192.168.151.72:45133, b3a93a1c-bd5d-4647-93a8-f02890694163:192.168.151.72:38085], old=null at 0
2019-10-04 21:26:34,085 [grpc-default-executor-9] INFO  impl.RaftServerImpl (ServerState.java:setLeader(255)) - 85482a46-d908-46a3-b4f7-930495164df5@group-B46CC0D4AE81: change Leader from null to aef531bd-6946-4f65-aff1-2034fa836c06 at term 2 for appendEntries, leader elected after 10274ms
2019-10-04 21:26:34,114 [grpc-default-executor-10] INFO  impl.RaftServerImpl (ServerState.java:setLeader(255)) - b3a93a1c-bd5d-4647-93a8-f02890694163@group-B46CC0D4AE81: change Leader from null to aef531bd-6946-4f65-aff1-2034fa836c06 at term 2 for appendEntries, leader elected after 10274ms
2019-10-04 21:26:34,117 [grpc-default-executor-9] INFO  impl.RaftServerImpl (ServerState.java:setRaftConf(356)) - 85482a46-d908-46a3-b4f7-930495164df5@group-B46CC0D4AE81: set configuration 0: [aef531bd-6946-4f65-aff1-2034fa836c06:192.168.151.72:33855, 85482a46-d908-46a3-b4f7-930495164df5:192.168.151.72:45133, b3a93a1c-bd5d-4647-93a8-f02890694163:192.168.151.72:38085], old=null at 0
2019-10-04 21:26:34,118 [grpc-default-executor-9] INFO  segmented.SegmentedRaftLogWorker (SegmentedRaftLogWorker.java:startLogSegment(385)) - 85482a46-d908-46a3-b4f7-930495164df5@group-B46CC0D4AE81-SegmentedRaftLogWorker: Starting segment from index:0
2019-10-04 21:26:34,118 [grpc-default-executor-10] INFO  impl.RaftServerImpl (ServerState.java:setRaftConf(356)) - b3a93a1c-bd5d-4647-93a8-f02890694163@group-B46CC0D4AE81: set configuration 0: [aef531bd-6946-4f65-aff1-2034fa836c06:192.168.151.72:33855, 85482a46-d908-46a3-b4f7-930495164df5:192.168.151.72:45133, b3a93a1c-bd5d-4647-93a8-f02890694163:192.168.151.72:38085], old=null at 0
2019-10-04 21:26:34,118 [grpc-default-executor-10] INFO  segmented.SegmentedRaftLogWorker (SegmentedRaftLogWorker.java:startLogSegment(385)) - b3a93a1c-bd5d-4647-93a8-f02890694163@group-B46CC0D4AE81-SegmentedRaftLogWorker: Starting segment from index:0
2019-10-04 21:26:34,138 [aef531bd-6946-4f65-aff1-2034fa836c06@group-B46CC0D4AE81-SegmentedRaftLogWorker] INFO  segmented.SegmentedRaftLogWorker (SegmentedRaftLogWorker.java:execute(574)) - aef531bd-6946-4f65-aff1-2034fa836c06@group-B46CC0D4AE81-SegmentedRaftLogWorker: created new log segment /workdir/hadoop-ozone/integration-test/target/test-dir/MiniOzoneClusterImpl-40beb1f2-94b2-4db7-b7c7-fe5f3583899d/datanode-0/data/ratis/9afcdec0-e7b1-46b1-95dc-b46cc0d4ae81/current/log_inprogress_0
2019-10-04 21:26:34,155 [b3a93a1c-bd5d-4647-93a8-f02890694163@group-B46CC0D4AE81-SegmentedRaftLogWorker] INFO  segmented.SegmentedRaftLogWorker (SegmentedRaftLogWorker.java:execute(574)) - b3a93a1c-bd5d-4647-93a8-f02890694163@group-B46CC0D4AE81-SegmentedRaftLogWorker: created new log segment /workdir/hadoop-ozone/integration-test/target/test-dir/MiniOzoneClusterImpl-40beb1f2-94b2-4db7-b7c7-fe5f3583899d/datanode-2/data/ratis/9afcdec0-e7b1-46b1-95dc-b46cc0d4ae81/current/log_inprogress_0
2019-10-04 21:26:34,158 [85482a46-d908-46a3-b4f7-930495164df5@group-B46CC0D4AE81-SegmentedRaftLogWorker] INFO  segmented.SegmentedRaftLogWorker (SegmentedRaftLogWorker.java:execute(574)) - 85482a46-d908-46a3-b4f7-930495164df5@group-B46CC0D4AE81-SegmentedRaftLogWorker: created new log segment /workdir/hadoop-ozone/integration-test/target/test-dir/MiniOzoneClusterImpl-40beb1f2-94b2-4db7-b7c7-fe5f3583899d/datanode-1/data/ratis/9afcdec0-e7b1-46b1-95dc-b46cc0d4ae81/current/log_inprogress_0
2019-10-04 21:26:34,546 [Datanode State Machine Thread - 0] INFO  statemachine.DatanodeStateMachine (DatanodeStateMachine.java:lambda$startDaemon$0(350)) - Ozone container server started.
2019-10-04 21:26:39,538 [main] INFO  ozoneimpl.OzoneContainer (OzoneContainer.java:stop(231)) - Attempting to stop container services.
2019-10-04 21:26:39,539 [main] INFO  impl.RaftServerProxy (RaftServerProxy.java:lambda$close$4(314)) - 85482a46-d908-46a3-b4f7-930495164df5: close
2019-10-04 21:26:39,540 [main] INFO  impl.RaftServerImpl (RaftServerImpl.java:lambda$shutdown$3(247)) - 85482a46-d908-46a3-b4f7-930495164df5@group-767B5EAC5E4B: shutdown
2019-10-04 21:26:39,540 [ForkJoinPool.commonPool-worker-0] INFO  impl.RaftServerImpl (RaftServerImpl.java:lambda$shutdown$3(247)) - 85482a46-d908-46a3-b4f7-930495164df5@group-B46CC0D4AE81: shutdown
2019-10-04 21:26:39,540 [main] INFO  util.JmxRegister (JmxRegister.java:unregister(73)) - Successfully un-registered JMX Bean with object name Ratis:service=RaftServer,group=group-767B5EAC5E4B,id=85482a46-d908-46a3-b4f7-930495164df5
2019-10-04 21:26:39,541 [ForkJoinPool.commonPool-worker-0] INFO  util.JmxRegister (JmxRegister.java:unregister(73)) - Successfully un-registered JMX Bean with object name Ratis:service=RaftServer,group=group-B46CC0D4AE81,id=85482a46-d908-46a3-b4f7-930495164df5
2019-10-04 21:26:39,541 [main] INFO  impl.RoleInfo (RoleInfo.java:shutdownLeaderState(104)) - 85482a46-d908-46a3-b4f7-930495164df5: shutdown LeaderState
2019-10-04 21:26:39,541 [ForkJoinPool.commonPool-worker-0] INFO  impl.RoleInfo (RoleInfo.java:shutdownFollowerState(121)) - 85482a46-d908-46a3-b4f7-930495164df5: shutdown FollowerState
2019-10-04 21:26:39,541 [main] INFO  impl.PendingRequests (PendingRequests.java:sendNotLeaderResponses(202)) - 85482a46-d908-46a3-b4f7-930495164df5@group-767B5EAC5E4B-PendingRequests: sendNotLeaderResponses
2019-10-04 21:26:39,542 [Thread-1561] INFO  impl.FollowerState (FollowerState.java:run(117)) - 85482a46-d908-46a3-b4f7-930495164df5@group-B46CC0D4AE81-FollowerState was interrupted: java.lang.InterruptedException: sleep interrupted
2019-10-04 21:26:39,542 [85482a46-d908-46a3-b4f7-930495164df5@group-B46CC0D4AE81-StateMachineUpdater] INFO  ratis.ContainerStateMachine (ContainerStateMachine.java:takeSnapshot(293)) - group-B46CC0D4AE81: Taking a snapshot at:(t:2, i:1) file /workdir/hadoop-ozone/integration-test/target/test-dir/MiniOzoneClusterImpl-40beb1f2-94b2-4db7-b7c7-fe5f3583899d/datanode-1/data/ratis/9afcdec0-e7b1-46b1-95dc-b46cc0d4ae81/sm/snapshot.2_1
2019-10-04 21:26:39,545 [main] INFO  impl.StateMachineUpdater (StateMachineUpdater.java:stopAndJoin(136)) - 85482a46-d908-46a3-b4f7-930495164df5@group-767B5EAC5E4B-StateMachineUpdater: set stopIndex = 0
2019-10-04 21:26:39,541 [ForkJoinPool.commonPool-worker-0] INFO  impl.StateMachineUpdater (StateMachineUpdater.java:stopAndJoin(136)) - 85482a46-d908-46a3-b4f7-930495164df5@group-B46CC0D4AE81-StateMachineUpdater: set stopIndex = 2
2019-10-04 21:26:39,546 [main] INFO  impl.RaftServerImpl (ServerState.java:close(387)) - 85482a46-d908-46a3-b4f7-930495164df5@group-767B5EAC5E4B: closes. applyIndex: 0
2019-10-04 21:26:39,546 [85482a46-d908-46a3-b4f7-930495164df5@group-767B5EAC5E4B-SegmentedRaftLogWorker] INFO  segmented.SegmentedRaftLogWorker (SegmentedRaftLogWorker.java:run(316)) - 85482a46-d908-46a3-b4f7-930495164df5@group-767B5EAC5E4B-SegmentedRaftLogWorker was interrupted, exiting. There are 0 tasks remaining in the queue.
2019-10-04 21:26:39,557 [main] INFO  segmented.SegmentedRaftLogWorker (SegmentedRaftLogWorker.java:close(224)) - 85482a46-d908-46a3-b4f7-930495164df5@group-767B5EAC5E4B-SegmentedRaftLogWorker close()
2019-10-04 21:26:39,560 [85482a46-d908-46a3-b4f7-930495164df5@group-B46CC0D4AE81-StateMachineUpdater] INFO  ratis.ContainerStateMachine (ContainerStateMachine.java:takeSnapshot(304)) - group-B46CC0D4AE81: Finished taking a snapshot at:(t:2, i:1) file:/workdir/hadoop-ozone/integration-test/target/test-dir/MiniOzoneClusterImpl-40beb1f2-94b2-4db7-b7c7-fe5f3583899d/datanode-1/data/ratis/9afcdec0-e7b1-46b1-95dc-b46cc0d4ae81/sm/snapshot.2_1 time:18
2019-10-04 21:26:39,561 [85482a46-d908-46a3-b4f7-930495164df5@group-B46CC0D4AE81-StateMachineUpdater] INFO  impl.StateMachineUpdater (StateMachineUpdater.java:takeSnapshot(269)) - 85482a46-d908-46a3-b4f7-930495164df5@group-B46CC0D4AE81-StateMachineUpdater: Took a snapshot at index 1
2019-10-04 21:26:39,561 [85482a46-d908-46a3-b4f7-930495164df5@group-B46CC0D4AE81-StateMachineUpdater] INFO  impl.StateMachineUpdater (StateMachineUpdater.java:lambda$new$0(84)) - 85482a46-d908-46a3-b4f7-930495164df5@group-B46CC0D4AE81-StateMachineUpdater: snapshotIndex: updateIncreasingly -1 -> 1
2019-10-04 21:26:39,561 [85482a46-d908-46a3-b4f7-930495164df5@group-B46CC0D4AE81-StateMachineUpdater] INFO  ratis.ContainerStateMachine (ContainerStateMachine.java:takeSnapshot(293)) - group-B46CC0D4AE81: Taking a snapshot at:(t:2, i:1) file /workdir/hadoop-ozone/integration-test/target/test-dir/MiniOzoneClusterImpl-40beb1f2-94b2-4db7-b7c7-fe5f3583899d/datanode-1/data/ratis/9afcdec0-e7b1-46b1-95dc-b46cc0d4ae81/sm/snapshot.2_1
2019-10-04 21:26:39,573 [85482a46-d908-46a3-b4f7-930495164df5@group-B46CC0D4AE81-StateMachineUpdater] INFO  ratis.ContainerStateMachine (ContainerStateMachine.java:takeSnapshot(304)) - group-B46CC0D4AE81: Finished taking a snapshot at:(t:2, i:1) file:/workdir/hadoop-ozone/integration-test/target/test-dir/MiniOzoneClusterImpl-40beb1f2-94b2-4db7-b7c7-fe5f3583899d/datanode-1/data/ratis/9afcdec0-e7b1-46b1-95dc-b46cc0d4ae81/sm/snapshot.2_1 time:12
2019-10-04 21:26:39,574 [85482a46-d908-46a3-b4f7-930495164df5@group-B46CC0D4AE81-StateMachineUpdater] INFO  impl.StateMachineUpdater (StateMachineUpdater.java:takeSnapshot(269)) - 85482a46-d908-46a3-b4f7-930495164df5@group-B46CC0D4AE81-StateMachineUpdater: Took a snapshot at index 1
2019-10-04 21:26:39,574 [85482a46-d908-46a3-b4f7-930495164df5@group-B46CC0D4AE81-StateMachineUpdater] INFO  impl.StateMachineUpdater (StateMachineUpdater.java:lambda$new$0(84)) - 85482a46-d908-46a3-b4f7-930495164df5@group-B46CC0D4AE81-StateMachineUpdater: snapshotIndex: updateIncreasingly 1 -> 1
2019-10-04 21:26:39,574 [ForkJoinPool.commonPool-worker-0] INFO  impl.RaftServerImpl (ServerState.java:close(387)) - 85482a46-d908-46a3-b4f7-930495164df5@group-B46CC0D4AE81: closes. applyIndex: 2
2019-10-04 21:26:39,574 [85482a46-d908-46a3-b4f7-930495164df5@group-B46CC0D4AE81-SegmentedRaftLogWorker] INFO  segmented.SegmentedRaftLogWorker (SegmentedRaftLogWorker.java:run(316)) - 85482a46-d908-46a3-b4f7-930495164df5@group-B46CC0D4AE81-SegmentedRaftLogWorker was interrupted, exiting. There are 0 tasks remaining in the queue.
2019-10-04 21:26:39,576 [ForkJoinPool.commonPool-worker-0] INFO  segmented.SegmentedRaftLogWorker (SegmentedRaftLogWorker.java:close(224)) - 85482a46-d908-46a3-b4f7-930495164df5@group-B46CC0D4AE81-SegmentedRaftLogWorker close()
2019-10-04 21:26:39,580 [main] INFO  server.GrpcService (GrpcService.java:closeImpl(164)) - 85482a46-d908-46a3-b4f7-930495164df5: shutdown server with port 45133 now
2019-10-04 21:26:39,581 [grpc-default-executor-10] WARN  server.GrpcServerProtocolService (LogUtils.java:warn(134)) - 85482a46-d908-46a3-b4f7-930495164df5: installSnapshot onError, lastRequest: aef531bd-6946-4f65-aff1-2034fa836c06->85482a46-d908-46a3-b4f7-930495164df5#5-t2, previous=(t:2, i:2), leaderCommit=2, initializing? false, entries: <empty>: org.apache.ratis.thirdparty.io.grpc.StatusRuntimeException: CANCELLED: cancelled before receiving half close
2019-10-04 21:26:39,581 [main] INFO  server.GrpcService (GrpcService.java:closeImpl(172)) - 85482a46-d908-46a3-b4f7-930495164df5: shutdown server with port 45133 successfully
2019-10-04 21:26:39,581 [grpc-default-executor-9] WARN  server.GrpcLogAppender (LogUtils.java:warn(134)) - aef531bd-6946-4f65-aff1-2034fa836c06@group-B46CC0D4AE81->85482a46-d908-46a3-b4f7-930495164df5-AppendLogResponseHandler: Failed appendEntries: org.apache.ratis.thirdparty.io.grpc.StatusRuntimeException: CANCELLED: HTTP/2 error code: CANCEL
Received Rst Stream
2019-10-04 21:26:39,582 [grpc-default-executor-9] INFO  impl.FollowerInfo (FollowerInfo.java:lambda$new$0(51)) - aef531bd-6946-4f65-aff1-2034fa836c06@group-B46CC0D4AE81->85482a46-d908-46a3-b4f7-930495164df5: nextIndex: updateUnconditionally 3 -> 2
2019-10-04 21:26:39,583 [refreshUsed-/workdir/hadoop-ozone/integration-test/target/test-dir/MiniOzoneClusterImpl-40beb1f2-94b2-4db7-b7c7-fe5f3583899d/datanode-1/data/containers] WARN  fs.CachingGetSpaceUsed (CachingGetSpaceUsed.java:run(183)) - Thread Interrupted waiting to refresh disk information: sleep interrupted
2019-10-04 21:26:39,599 [main] INFO  utils.BackgroundService (BackgroundService.java:shutdown(148)) - Shutting down service BlockDeletingService
2019-10-04 21:26:39,606 [main] INFO  statemachine.DatanodeStateMachine (DatanodeStateMachine.java:stopDaemon(395)) - Ozone container server stopped.
2019-10-04 21:26:39,607 [main] INFO  handler.ContextHandler (ContextHandler.java:doStop(910)) - Stopped o.e.j.w.WebAppContext@60743cdb{/,null,UNAVAILABLE}{/hddsDatanode}
2019-10-04 21:26:39,608 [main] INFO  server.AbstractConnector (AbstractConnector.java:doStop(318)) - Stopped ServerConnector@c02670f{HTTP/1.1,[http/1.1]}{0.0.0.0:0}
2019-10-04 21:26:39,608 [main] INFO  handler.ContextHandler (ContextHandler.java:doStop(910)) - Stopped o.e.j.s.ServletContextHandler@ec7b5de{/static,jar:file:/home/user/.m2/repository/org/apache/hadoop/hadoop-hdds-container-service/0.5.0-SNAPSHOT/hadoop-hdds-container-service-0.5.0-SNAPSHOT.jar!/webapps/static,UNAVAILABLE}
2019-10-04 21:26:39,609 [main] INFO  handler.ContextHandler (ContextHandler.java:doStop(910)) - Stopped o.e.j.s.ServletContextHandler@2a8a3ada{/logs,file:///workdir/hadoop-ozone/integration-test/target/log,UNAVAILABLE}
2019-10-04 21:26:40,546 [Datanode State Machine Thread - 0] INFO  statemachine.DatanodeStateMachine (DatanodeStateMachine.java:lambda$startDaemon$0(350)) - Ozone container server started.
2019-10-04 21:26:41,917 [grpc-default-executor-9] WARN  server.GrpcLogAppender (LogUtils.java:warn(134)) - aef531bd-6946-4f65-aff1-2034fa836c06@group-B46CC0D4AE81->85482a46-d908-46a3-b4f7-930495164df5-AppendLogResponseHandler: Failed appendEntries: org.apache.ratis.thirdparty.io.grpc.StatusRuntimeException: UNAVAILABLE: io exception
2019-10-04 21:26:41,918 [grpc-default-executor-9] INFO  impl.FollowerInfo (FollowerInfo.java:lambda$new$0(51)) - aef531bd-6946-4f65-aff1-2034fa836c06@group-B46CC0D4AE81->85482a46-d908-46a3-b4f7-930495164df5: nextIndex: updateUnconditionally 2 -> 1
2019-10-04 21:26:44,423 [grpc-default-executor-9] WARN  server.GrpcLogAppender (LogUtils.java:warn(134)) - aef531bd-6946-4f65-aff1-2034fa836c06@group-B46CC0D4AE81->85482a46-d908-46a3-b4f7-930495164df5-AppendLogResponseHandler: Failed appendEntries: org.apache.ratis.thirdparty.io.grpc.StatusRuntimeException: UNAVAILABLE: io exception
2019-10-04 21:26:44,424 [grpc-default-executor-9] INFO  impl.FollowerInfo (FollowerInfo.java:lambda$new$0(51)) - aef531bd-6946-4f65-aff1-2034fa836c06@group-B46CC0D4AE81->85482a46-d908-46a3-b4f7-930495164df5: nextIndex: updateUnconditionally 1 -> 0
2019-10-04 21:26:44,611 [main] INFO  ozoneimpl.OzoneContainer (OzoneContainer.java:stop(231)) - Attempting to stop container services.
2019-10-04 21:26:44,612 [main] INFO  impl.RaftServerProxy (RaftServerProxy.java:lambda$close$4(314)) - b3a93a1c-bd5d-4647-93a8-f02890694163: close
2019-10-04 21:26:44,613 [main] INFO  impl.RaftServerImpl (RaftServerImpl.java:lambda$shutdown$3(247)) - b3a93a1c-bd5d-4647-93a8-f02890694163@group-B46CC0D4AE81: shutdown
2019-10-04 21:26:44,613 [main] INFO  util.JmxRegister (JmxRegister.java:unregister(73)) - Successfully un-registered JMX Bean with object name Ratis:service=RaftServer,group=group-B46CC0D4AE81,id=b3a93a1c-bd5d-4647-93a8-f02890694163
2019-10-04 21:26:44,614 [main] INFO  impl.RoleInfo (RoleInfo.java:shutdownFollowerState(121)) - b3a93a1c-bd5d-4647-93a8-f02890694163: shutdown FollowerState
2019-10-04 21:26:44,614 [main] INFO  impl.StateMachineUpdater (StateMachineUpdater.java:stopAndJoin(136)) - b3a93a1c-bd5d-4647-93a8-f02890694163@group-B46CC0D4AE81-StateMachineUpdater: set stopIndex = 2
2019-10-04 21:26:44,614 [b3a93a1c-bd5d-4647-93a8-f02890694163@group-B46CC0D4AE81-StateMachineUpdater] INFO  ratis.ContainerStateMachine (ContainerStateMachine.java:takeSnapshot(293)) - group-B46CC0D4AE81: Taking a snapshot at:(t:2, i:1) file /workdir/hadoop-ozone/integration-test/target/test-dir/MiniOzoneClusterImpl-40beb1f2-94b2-4db7-b7c7-fe5f3583899d/datanode-2/data/ratis/9afcdec0-e7b1-46b1-95dc-b46cc0d4ae81/sm/snapshot.2_1
2019-10-04 21:26:44,614 [Thread-1562] INFO  impl.FollowerState (FollowerState.java:run(117)) - b3a93a1c-bd5d-4647-93a8-f02890694163@group-B46CC0D4AE81-FollowerState was interrupted: java.lang.InterruptedException: sleep interrupted
2019-10-04 21:26:44,651 [b3a93a1c-bd5d-4647-93a8-f02890694163@group-B46CC0D4AE81-StateMachineUpdater] INFO  ratis.ContainerStateMachine (ContainerStateMachine.java:takeSnapshot(304)) - group-B46CC0D4AE81: Finished taking a snapshot at:(t:2, i:1) file:/workdir/hadoop-ozone/integration-test/target/test-dir/MiniOzoneClusterImpl-40beb1f2-94b2-4db7-b7c7-fe5f3583899d/datanode-2/data/ratis/9afcdec0-e7b1-46b1-95dc-b46cc0d4ae81/sm/snapshot.2_1 time:37
2019-10-04 21:26:44,652 [b3a93a1c-bd5d-4647-93a8-f02890694163@group-B46CC0D4AE81-StateMachineUpdater] INFO  impl.StateMachineUpdater (StateMachineUpdater.java:takeSnapshot(269)) - b3a93a1c-bd5d-4647-93a8-f02890694163@group-B46CC0D4AE81-StateMachineUpdater: Took a snapshot at index 1
2019-10-04 21:26:44,652 [b3a93a1c-bd5d-4647-93a8-f02890694163@group-B46CC0D4AE81-StateMachineUpdater] INFO  impl.StateMachineUpdater (StateMachineUpdater.java:lambda$new$0(84)) - b3a93a1c-bd5d-4647-93a8-f02890694163@group-B46CC0D4AE81-StateMachineUpdater: snapshotIndex: updateIncreasingly -1 -> 1
2019-10-04 21:26:44,652 [b3a93a1c-bd5d-4647-93a8-f02890694163@group-B46CC0D4AE81-StateMachineUpdater] INFO  ratis.ContainerStateMachine (ContainerStateMachine.java:takeSnapshot(293)) - group-B46CC0D4AE81: Taking a snapshot at:(t:2, i:1) file /workdir/hadoop-ozone/integration-test/target/test-dir/MiniOzoneClusterImpl-40beb1f2-94b2-4db7-b7c7-fe5f3583899d/datanode-2/data/ratis/9afcdec0-e7b1-46b1-95dc-b46cc0d4ae81/sm/snapshot.2_1
2019-10-04 21:26:44,664 [b3a93a1c-bd5d-4647-93a8-f02890694163@group-B46CC0D4AE81-StateMachineUpdater] INFO  ratis.ContainerStateMachine (ContainerStateMachine.java:takeSnapshot(304)) - group-B46CC0D4AE81: Finished taking a snapshot at:(t:2, i:1) file:/workdir/hadoop-ozone/integration-test/target/test-dir/MiniOzoneClusterImpl-40beb1f2-94b2-4db7-b7c7-fe5f3583899d/datanode-2/data/ratis/9afcdec0-e7b1-46b1-95dc-b46cc0d4ae81/sm/snapshot.2_1 time:12
2019-10-04 21:26:44,665 [b3a93a1c-bd5d-4647-93a8-f02890694163@group-B46CC0D4AE81-StateMachineUpdater] INFO  impl.StateMachineUpdater (StateMachineUpdater.java:takeSnapshot(269)) - b3a93a1c-bd5d-4647-93a8-f02890694163@group-B46CC0D4AE81-StateMachineUpdater: Took a snapshot at index 1
2019-10-04 21:26:44,665 [b3a93a1c-bd5d-4647-93a8-f02890694163@group-B46CC0D4AE81-StateMachineUpdater] INFO  impl.StateMachineUpdater (StateMachineUpdater.java:lambda$new$0(84)) - b3a93a1c-bd5d-4647-93a8-f02890694163@group-B46CC0D4AE81-StateMachineUpdater: snapshotIndex: updateIncreasingly 1 -> 1
2019-10-04 21:26:44,665 [main] INFO  impl.RaftServerImpl (ServerState.java:close(387)) - b3a93a1c-bd5d-4647-93a8-f02890694163@group-B46CC0D4AE81: closes. applyIndex: 2
2019-10-04 21:26:44,666 [b3a93a1c-bd5d-4647-93a8-f02890694163@group-B46CC0D4AE81-SegmentedRaftLogWorker] INFO  segmented.SegmentedRaftLogWorker (SegmentedRaftLogWorker.java:run(316)) - b3a93a1c-bd5d-4647-93a8-f02890694163@group-B46CC0D4AE81-SegmentedRaftLogWorker was interrupted, exiting. There are 0 tasks remaining in the queue.
2019-10-04 21:26:44,669 [main] INFO  segmented.SegmentedRaftLogWorker (SegmentedRaftLogWorker.java:close(224)) - b3a93a1c-bd5d-4647-93a8-f02890694163@group-B46CC0D4AE81-SegmentedRaftLogWorker close()
2019-10-04 21:26:44,674 [main] INFO  impl.RaftServerImpl (RaftServerImpl.java:lambda$shutdown$3(247)) - b3a93a1c-bd5d-4647-93a8-f02890694163@group-17C1022369B3: shutdown
2019-10-04 21:26:44,675 [main] INFO  util.JmxRegister (JmxRegister.java:unregister(73)) - Successfully un-registered JMX Bean with object name Ratis:service=RaftServer,group=group-17C1022369B3,id=b3a93a1c-bd5d-4647-93a8-f02890694163
2019-10-04 21:26:44,675 [main] INFO  impl.RoleInfo (RoleInfo.java:shutdownLeaderState(104)) - b3a93a1c-bd5d-4647-93a8-f02890694163: shutdown LeaderState
2019-10-04 21:26:44,675 [main] INFO  impl.PendingRequests (PendingRequests.java:sendNotLeaderResponses(202)) - b3a93a1c-bd5d-4647-93a8-f02890694163@group-17C1022369B3-PendingRequests: sendNotLeaderResponses
2019-10-04 21:26:44,676 [main] INFO  impl.StateMachineUpdater (StateMachineUpdater.java:stopAndJoin(136)) - b3a93a1c-bd5d-4647-93a8-f02890694163@group-17C1022369B3-StateMachineUpdater: set stopIndex = 0
2019-10-04 21:26:44,676 [main] INFO  impl.RaftServerImpl (ServerState.java:close(387)) - b3a93a1c-bd5d-4647-93a8-f02890694163@group-17C1022369B3: closes. applyIndex: 0
2019-10-04 21:26:44,677 [b3a93a1c-bd5d-4647-93a8-f02890694163@group-17C1022369B3-SegmentedRaftLogWorker] INFO  segmented.SegmentedRaftLogWorker (SegmentedRaftLogWorker.java:run(316)) - b3a93a1c-bd5d-4647-93a8-f02890694163@group-17C1022369B3-SegmentedRaftLogWorker was interrupted, exiting. There are 0 tasks remaining in the queue.
2019-10-04 21:26:44,679 [main] INFO  segmented.SegmentedRaftLogWorker (SegmentedRaftLogWorker.java:close(224)) - b3a93a1c-bd5d-4647-93a8-f02890694163@group-17C1022369B3-SegmentedRaftLogWorker close()
2019-10-04 21:26:44,684 [main] INFO  server.GrpcService (GrpcService.java:closeImpl(164)) - b3a93a1c-bd5d-4647-93a8-f02890694163: shutdown server with port 38085 now
2019-10-04 21:26:44,686 [grpc-default-executor-10] WARN  server.GrpcServerProtocolService (LogUtils.java:warn(134)) - b3a93a1c-bd5d-4647-93a8-f02890694163: installSnapshot onError, lastRequest: aef531bd-6946-4f65-aff1-2034fa836c06->b3a93a1c-bd5d-4647-93a8-f02890694163#7-t2, previous=(t:2, i:2), leaderCommit=2, initializing? false, entries: <empty>: org.apache.ratis.thirdparty.io.grpc.StatusRuntimeException: CANCELLED: cancelled before receiving half close
2019-10-04 21:26:44,686 [grpc-default-executor-9] WARN  server.GrpcLogAppender (LogUtils.java:warn(134)) - aef531bd-6946-4f65-aff1-2034fa836c06@group-B46CC0D4AE81->b3a93a1c-bd5d-4647-93a8-f02890694163-AppendLogResponseHandler: Failed appendEntries: org.apache.ratis.thirdparty.io.grpc.StatusRuntimeException: CANCELLED: HTTP/2 error code: CANCEL
Received Rst Stream
2019-10-04 21:26:44,686 [main] INFO  server.GrpcService (GrpcService.java:closeImpl(172)) - b3a93a1c-bd5d-4647-93a8-f02890694163: shutdown server with port 38085 successfully
2019-10-04 21:26:44,687 [grpc-default-executor-9] INFO  impl.FollowerInfo (FollowerInfo.java:lambda$new$0(51)) - aef531bd-6946-4f65-aff1-2034fa836c06@group-B46CC0D4AE81->b3a93a1c-bd5d-4647-93a8-f02890694163: nextIndex: updateUnconditionally 3 -> 2
2019-10-04 21:26:44,690 [refreshUsed-/workdir/hadoop-ozone/integration-test/target/test-dir/MiniOzoneClusterImpl-40beb1f2-94b2-4db7-b7c7-fe5f3583899d/datanode-2/data/containers] WARN  fs.CachingGetSpaceUsed (CachingGetSpaceUsed.java:run(183)) - Thread Interrupted waiting to refresh disk information: sleep interrupted
2019-10-04 21:26:44,710 [main] INFO  utils.BackgroundService (BackgroundService.java:shutdown(148)) - Shutting down service BlockDeletingService
2019-10-04 21:26:44,717 [main] INFO  statemachine.DatanodeStateMachine (DatanodeStateMachine.java:stopDaemon(395)) - Ozone container server stopped.
2019-10-04 21:26:44,719 [main] INFO  handler.ContextHandler (ContextHandler.java:doStop(910)) - Stopped o.e.j.w.WebAppContext@6ecc02bb{/,null,UNAVAILABLE}{/hddsDatanode}
2019-10-04 21:26:44,720 [main] INFO  server.AbstractConnector (AbstractConnector.java:doStop(318)) - Stopped ServerConnector@31973858{HTTP/1.1,[http/1.1]}{0.0.0.0:0}
2019-10-04 21:26:44,720 [main] INFO  handler.ContextHandler (ContextHandler.java:doStop(910)) - Stopped o.e.j.s.ServletContextHandler@72543547{/static,jar:file:/home/user/.m2/repository/org/apache/hadoop/hadoop-hdds-container-service/0.5.0-SNAPSHOT/hadoop-hdds-container-service-0.5.0-SNAPSHOT.jar!/webapps/static,UNAVAILABLE}
2019-10-04 21:26:44,721 [main] INFO  handler.ContextHandler (ContextHandler.java:doStop(910)) - Stopped o.e.j.s.ServletContextHandler@65ef48f2{/logs,file:///workdir/hadoop-ozone/integration-test/target/log,UNAVAILABLE}
2019-10-04 21:26:46,920 [grpc-default-executor-2] WARN  server.GrpcLogAppender (LogUtils.java:warn(134)) - aef531bd-6946-4f65-aff1-2034fa836c06@group-B46CC0D4AE81->85482a46-d908-46a3-b4f7-930495164df5-AppendLogResponseHandler: Failed appendEntries: org.apache.ratis.thirdparty.io.grpc.StatusRuntimeException: UNAVAILABLE: io exception
2019-10-04 21:26:46,921 [grpc-default-executor-2] INFO  impl.FollowerInfo (FollowerInfo.java:lambda$new$0(51)) - aef531bd-6946-4f65-aff1-2034fa836c06@group-B46CC0D4AE81->85482a46-d908-46a3-b4f7-930495164df5: nextIndex: updateUnconditionally 0 -> 0
2019-10-04 21:26:46,924 [grpc-default-executor-9] WARN  server.GrpcLogAppender (LogUtils.java:warn(134)) - aef531bd-6946-4f65-aff1-2034fa836c06@group-B46CC0D4AE81->b3a93a1c-bd5d-4647-93a8-f02890694163-AppendLogResponseHandler: Failed appendEntries: org.apache.ratis.thirdparty.io.grpc.StatusRuntimeException: UNAVAILABLE: io exception
2019-10-04 21:26:46,924 [grpc-default-executor-9] INFO  impl.FollowerInfo (FollowerInfo.java:lambda$new$0(51)) - aef531bd-6946-4f65-aff1-2034fa836c06@group-B46CC0D4AE81->b3a93a1c-bd5d-4647-93a8-f02890694163: nextIndex: updateUnconditionally 2 -> 1
2019-10-04 21:26:49,427 [grpc-default-executor-9] WARN  server.GrpcLogAppender (LogUtils.java:warn(134)) - aef531bd-6946-4f65-aff1-2034fa836c06@group-B46CC0D4AE81->85482a46-d908-46a3-b4f7-930495164df5-AppendLogResponseHandler: Failed appendEntries: org.apache.ratis.thirdparty.io.grpc.StatusRuntimeException: UNAVAILABLE: io exception
2019-10-04 21:26:49,427 [grpc-default-executor-10] WARN  server.GrpcLogAppender (LogUtils.java:warn(134)) - aef531bd-6946-4f65-aff1-2034fa836c06@group-B46CC0D4AE81->b3a93a1c-bd5d-4647-93a8-f02890694163-AppendLogResponseHandler: Failed appendEntries: org.apache.ratis.thirdparty.io.grpc.StatusRuntimeException: UNAVAILABLE: io exception
2019-10-04 21:26:49,428 [grpc-default-executor-9] INFO  impl.FollowerInfo (FollowerInfo.java:lambda$new$0(51)) - aef531bd-6946-4f65-aff1-2034fa836c06@group-B46CC0D4AE81->85482a46-d908-46a3-b4f7-930495164df5: nextIndex: updateUnconditionally 0 -> 0
2019-10-04 21:26:49,428 [grpc-default-executor-10] INFO  impl.FollowerInfo (FollowerInfo.java:lambda$new$0(51)) - aef531bd-6946-4f65-aff1-2034fa836c06@group-B46CC0D4AE81->b3a93a1c-bd5d-4647-93a8-f02890694163: nextIndex: updateUnconditionally 1 -> 0
2019-10-04 21:26:51,927 [grpc-default-executor-10] WARN  server.GrpcLogAppender (LogUtils.java:warn(134)) - aef531bd-6946-4f65-aff1-2034fa836c06@group-B46CC0D4AE81->85482a46-d908-46a3-b4f7-930495164df5-AppendLogResponseHandler: Failed appendEntries: org.apache.ratis.thirdparty.io.grpc.StatusRuntimeException: UNAVAILABLE: io exception
2019-10-04 21:26:51,928 [grpc-default-executor-11] WARN  server.GrpcLogAppender (LogUtils.java:warn(134)) - aef531bd-6946-4f65-aff1-2034fa836c06@group-B46CC0D4AE81->b3a93a1c-bd5d-4647-93a8-f02890694163-AppendLogResponseHandler: Failed appendEntries: org.apache.ratis.thirdparty.io.grpc.StatusRuntimeException: UNAVAILABLE: io exception
2019-10-04 21:26:51,928 [grpc-default-executor-10] INFO  impl.FollowerInfo (FollowerInfo.java:lambda$new$0(51)) - aef531bd-6946-4f65-aff1-2034fa836c06@group-B46CC0D4AE81->85482a46-d908-46a3-b4f7-930495164df5: nextIndex: updateUnconditionally 0 -> 0
2019-10-04 21:26:51,928 [grpc-default-executor-11] INFO  impl.FollowerInfo (FollowerInfo.java:lambda$new$0(51)) - aef531bd-6946-4f65-aff1-2034fa836c06@group-B46CC0D4AE81->b3a93a1c-bd5d-4647-93a8-f02890694163: nextIndex: updateUnconditionally 0 -> 0
2019-10-04 21:26:54,430 [grpc-default-executor-10] WARN  server.GrpcLogAppender (LogUtils.java:warn(134)) - aef531bd-6946-4f65-aff1-2034fa836c06@group-B46CC0D4AE81->b3a93a1c-bd5d-4647-93a8-f02890694163-AppendLogResponseHandler: Failed appendEntries: org.apache.ratis.thirdparty.io.grpc.StatusRuntimeException: UNAVAILABLE: io exception
2019-10-04 21:26:54,430 [grpc-default-executor-2] WARN  server.GrpcLogAppender (LogUtils.java:warn(134)) - aef531bd-6946-4f65-aff1-2034fa836c06@group-B46CC0D4AE81->85482a46-d908-46a3-b4f7-930495164df5-AppendLogResponseHandler: Failed appendEntries: org.apache.ratis.thirdparty.io.grpc.StatusRuntimeException: UNAVAILABLE: io exception
2019-10-04 21:26:54,432 [grpc-default-executor-10] INFO  impl.FollowerInfo (FollowerInfo.java:lambda$new$0(51)) - aef531bd-6946-4f65-aff1-2034fa836c06@group-B46CC0D4AE81->b3a93a1c-bd5d-4647-93a8-f02890694163: nextIndex: updateUnconditionally 0 -> 0
2019-10-04 21:26:54,432 [grpc-default-executor-2] INFO  impl.FollowerInfo (FollowerInfo.java:lambda$new$0(51)) - aef531bd-6946-4f65-aff1-2034fa836c06@group-B46CC0D4AE81->85482a46-d908-46a3-b4f7-930495164df5: nextIndex: updateUnconditionally 0 -> 0
2019-10-04 21:26:55,060 [Thread-1614] INFO  client.GrpcClientProtocolService (GrpcClientProtocolService.java:lambda$processClientRequest$0(278)) - Failed RaftClientRequest:client-CE3CC55F23D9->aef531bd-6946-4f65-aff1-2034fa836c06@group-B46CC0D4AE81, cid=67, seq=0, Watch-ALL_COMMITTED(11), Message:<EMPTY>, reply=RaftClientReply:client-CE3CC55F23D9->aef531bd-6946-4f65-aff1-2034fa836c06@group-B46CC0D4AE81, cid=67, FAILED org.apache.ratis.protocol.NotReplicatedException: Request with call Id 67 and log index 11 is not yet replicated to ALL_COMMITTED, logIndex=11, commits[aef531bd-6946-4f65-aff1-2034fa836c06:c2, 85482a46-d908-46a3-b4f7-930495164df5:c2, b3a93a1c-bd5d-4647-93a8-f02890694163:c2]
2019-10-04 21:26:56,929 [grpc-default-executor-11] WARN  server.GrpcLogAppender (LogUtils.java:warn(134)) - aef531bd-6946-4f65-aff1-2034fa836c06@group-B46CC0D4AE81->b3a93a1c-bd5d-4647-93a8-f02890694163-AppendLogResponseHandler: Failed appendEntries: org.apache.ratis.thirdparty.io.grpc.StatusRuntimeException: UNAVAILABLE: io exception
2019-10-04 21:26:56,929 [grpc-default-executor-2] WARN  server.GrpcLogAppender (LogUtils.java:warn(134)) - aef531bd-6946-4f65-aff1-2034fa836c06@group-B46CC0D4AE81->85482a46-d908-46a3-b4f7-930495164df5-AppendLogResponseHandler: Failed appendEntries: org.apache.ratis.thirdparty.io.grpc.StatusRuntimeException: UNAVAILABLE: io exception
2019-10-04 21:26:56,933 [grpc-default-executor-11] INFO  impl.FollowerInfo (FollowerInfo.java:lambda$new$0(51)) - aef531bd-6946-4f65-aff1-2034fa836c06@group-B46CC0D4AE81->b3a93a1c-bd5d-4647-93a8-f02890694163: nextIndex: updateUnconditionally 0 -> 0
2019-10-04 21:26:56,933 [grpc-default-executor-2] INFO  impl.FollowerInfo (FollowerInfo.java:lambda$new$0(51)) - aef531bd-6946-4f65-aff1-2034fa836c06@group-B46CC0D4AE81->85482a46-d908-46a3-b4f7-930495164df5: nextIndex: updateUnconditionally 0 -> 0
2019-10-04 21:26:59,432 [grpc-default-executor-10] WARN  server.GrpcLogAppender (LogUtils.java:warn(134)) - aef531bd-6946-4f65-aff1-2034fa836c06@group-B46CC0D4AE81->85482a46-d908-46a3-b4f7-930495164df5-AppendLogResponseHandler: Failed appendEntries: org.apache.ratis.thirdparty.io.grpc.StatusRuntimeException: UNAVAILABLE: io exception
2019-10-04 21:26:59,432 [grpc-default-executor-11] WARN  server.GrpcLogAppender (LogUtils.java:warn(134)) - aef531bd-6946-4f65-aff1-2034fa836c06@group-B46CC0D4AE81->b3a93a1c-bd5d-4647-93a8-f02890694163-AppendLogResponseHandler: Failed appendEntries: org.apache.ratis.thirdparty.io.grpc.StatusRuntimeException: UNAVAILABLE: io exception
2019-10-04 21:26:59,435 [grpc-default-executor-11] INFO  impl.FollowerInfo (FollowerInfo.java:lambda$new$0(51)) - aef531bd-6946-4f65-aff1-2034fa836c06@group-B46CC0D4AE81->b3a93a1c-bd5d-4647-93a8-f02890694163: nextIndex: updateUnconditionally 0 -> 0
2019-10-04 21:26:59,435 [grpc-default-executor-10] INFO  impl.FollowerInfo (FollowerInfo.java:lambda$new$0(51)) - aef531bd-6946-4f65-aff1-2034fa836c06@group-B46CC0D4AE81->85482a46-d908-46a3-b4f7-930495164df5: nextIndex: updateUnconditionally 0 -> 0
2019-10-04 21:27:01,937 [grpc-default-executor-1] WARN  server.GrpcLogAppender (LogUtils.java:warn(134)) - aef531bd-6946-4f65-aff1-2034fa836c06@group-B46CC0D4AE81->85482a46-d908-46a3-b4f7-930495164df5-AppendLogResponseHandler: Failed appendEntries: org.apache.ratis.thirdparty.io.grpc.StatusRuntimeException: UNAVAILABLE: io exception
2019-10-04 21:27:01,937 [grpc-default-executor-10] WARN  server.GrpcLogAppender (LogUtils.java:warn(134)) - aef531bd-6946-4f65-aff1-2034fa836c06@group-B46CC0D4AE81->b3a93a1c-bd5d-4647-93a8-f02890694163-AppendLogResponseHandler: Failed appendEntries: org.apache.ratis.thirdparty.io.grpc.StatusRuntimeException: UNAVAILABLE: io exception
2019-10-04 21:27:01,938 [grpc-default-executor-1] INFO  impl.FollowerInfo (FollowerInfo.java:lambda$new$0(51)) - aef531bd-6946-4f65-aff1-2034fa836c06@group-B46CC0D4AE81->85482a46-d908-46a3-b4f7-930495164df5: nextIndex: updateUnconditionally 0 -> 0
2019-10-04 21:27:01,938 [grpc-default-executor-10] INFO  impl.FollowerInfo (FollowerInfo.java:lambda$new$0(51)) - aef531bd-6946-4f65-aff1-2034fa836c06@group-B46CC0D4AE81->b3a93a1c-bd5d-4647-93a8-f02890694163: nextIndex: updateUnconditionally 0 -> 0
2019-10-04 21:27:04,442 [grpc-default-executor-10] WARN  server.GrpcLogAppender (LogUtils.java:warn(134)) - aef531bd-6946-4f65-aff1-2034fa836c06@group-B46CC0D4AE81->b3a93a1c-bd5d-4647-93a8-f02890694163-AppendLogResponseHandler: Failed appendEntries: org.apache.ratis.thirdparty.io.grpc.StatusRuntimeException: UNAVAILABLE: io exception
2019-10-04 21:27:04,442 [grpc-default-executor-1] WARN  server.GrpcLogAppender (LogUtils.java:warn(134)) - aef531bd-6946-4f65-aff1-2034fa836c06@group-B46CC0D4AE81->85482a46-d908-46a3-b4f7-930495164df5-AppendLogResponseHandler: Failed appendEntries: org.apache.ratis.thirdparty.io.grpc.StatusRuntimeException: UNAVAILABLE: io exception
2019-10-04 21:27:04,443 [grpc-default-executor-10] INFO  impl.FollowerInfo (FollowerInfo.java:lambda$new$0(51)) - aef531bd-6946-4f65-aff1-2034fa836c06@group-B46CC0D4AE81->b3a93a1c-bd5d-4647-93a8-f02890694163: nextIndex: updateUnconditionally 0 -> 0
2019-10-04 21:27:04,443 [grpc-default-executor-1] INFO  impl.FollowerInfo (FollowerInfo.java:lambda$new$0(51)) - aef531bd-6946-4f65-aff1-2034fa836c06@group-B46CC0D4AE81->85482a46-d908-46a3-b4f7-930495164df5: nextIndex: updateUnconditionally 0 -> 0
2019-10-04 21:27:04,725 [main] WARN  scm.XceiverClientRatis (XceiverClientRatis.java:watchForCommit(292)) - 3 way commit failed on pipeline Pipeline[ Id: 9afcdec0-e7b1-46b1-95dc-b46cc0d4ae81, Nodes: 85482a46-d908-46a3-b4f7-930495164df5{ip: 192.168.151.72, host: pr-hdds-2239-t668n-1079239961, networkLocation: /default-rack, certSerialId: null}b3a93a1c-bd5d-4647-93a8-f02890694163{ip: 192.168.151.72, host: pr-hdds-2239-t668n-1079239961, networkLocation: /default-rack, certSerialId: null}aef531bd-6946-4f65-aff1-2034fa836c06{ip: 192.168.151.72, host: pr-hdds-2239-t668n-1079239961, networkLocation: /default-rack, certSerialId: null}, Type:RATIS, Factor:THREE, State:OPEN]
java.util.concurrent.TimeoutException
	at java.util.concurrent.CompletableFuture.timedGet(CompletableFuture.java:1771)
	at java.util.concurrent.CompletableFuture.get(CompletableFuture.java:1915)
	at org.apache.hadoop.hdds.scm.XceiverClientRatis.watchForCommit(XceiverClientRatis.java:289)
	at org.apache.hadoop.ozone.client.rpc.TestWatchForCommit.testWatchForCommitForRetryfailure(TestWatchForCommit.java:345)
	at sun.reflect.NativeMethodAccessorImpl.invoke0(Native Method)
	at sun.reflect.NativeMethodAccessorImpl.invoke(NativeMethodAccessorImpl.java:62)
	at sun.reflect.DelegatingMethodAccessorImpl.invoke(DelegatingMethodAccessorImpl.java:43)
	at java.lang.reflect.Method.invoke(Method.java:498)
	at org.junit.runners.model.FrameworkMethod$1.runReflectiveCall(FrameworkMethod.java:47)
	at org.junit.internal.runners.model.ReflectiveCallable.run(ReflectiveCallable.java:12)
	at org.junit.runners.model.FrameworkMethod.invokeExplosively(FrameworkMethod.java:44)
	at org.junit.internal.runners.statements.InvokeMethod.evaluate(InvokeMethod.java:17)
	at org.junit.runners.ParentRunner.runLeaf(ParentRunner.java:271)
	at org.junit.runners.BlockJUnit4ClassRunner.runChild(BlockJUnit4ClassRunner.java:70)
	at org.junit.runners.BlockJUnit4ClassRunner.runChild(BlockJUnit4ClassRunner.java:50)
	at org.junit.runners.ParentRunner$3.run(ParentRunner.java:238)
	at org.junit.runners.ParentRunner$1.schedule(ParentRunner.java:63)
	at org.junit.runners.ParentRunner.runChildren(ParentRunner.java:236)
	at org.junit.runners.ParentRunner.access$000(ParentRunner.java:53)
	at org.junit.runners.ParentRunner$2.evaluate(ParentRunner.java:229)
	at org.junit.runners.ParentRunner.run(ParentRunner.java:309)
	at org.apache.maven.surefire.junit4.JUnit4Provider.execute(JUnit4Provider.java:365)
	at org.apache.maven.surefire.junit4.JUnit4Provider.executeWithRerun(JUnit4Provider.java:273)
	at org.apache.maven.surefire.junit4.JUnit4Provider.executeTestSet(JUnit4Provider.java:238)
	at org.apache.maven.surefire.junit4.JUnit4Provider.invoke(JUnit4Provider.java:159)
	at org.apache.maven.surefire.booter.ForkedBooter.invokeProviderInSameClassLoader(ForkedBooter.java:384)
	at org.apache.maven.surefire.booter.ForkedBooter.runSuitesInProcess(ForkedBooter.java:345)
	at org.apache.maven.surefire.booter.ForkedBooter.execute(ForkedBooter.java:126)
	at org.apache.maven.surefire.booter.ForkedBooter.main(ForkedBooter.java:418)
2019-10-04 21:27:06,946 [grpc-default-executor-1] WARN  server.GrpcLogAppender (LogUtils.java:warn(134)) - aef531bd-6946-4f65-aff1-2034fa836c06@group-B46CC0D4AE81->b3a93a1c-bd5d-4647-93a8-f02890694163-AppendLogResponseHandler: Failed appendEntries: org.apache.ratis.thirdparty.io.grpc.StatusRuntimeException: UNAVAILABLE: io exception
2019-10-04 21:27:06,946 [grpc-default-executor-10] WARN  server.GrpcLogAppender (LogUtils.java:warn(134)) - aef531bd-6946-4f65-aff1-2034fa836c06@group-B46CC0D4AE81->85482a46-d908-46a3-b4f7-930495164df5-AppendLogResponseHandler: Failed appendEntries: org.apache.ratis.thirdparty.io.grpc.StatusRuntimeException: UNAVAILABLE: io exception
2019-10-04 21:27:06,950 [grpc-default-executor-1] INFO  impl.FollowerInfo (FollowerInfo.java:lambda$new$0(51)) - aef531bd-6946-4f65-aff1-2034fa836c06@group-B46CC0D4AE81->b3a93a1c-bd5d-4647-93a8-f02890694163: nextIndex: updateUnconditionally 0 -> 0
2019-10-04 21:27:06,950 [grpc-default-executor-10] INFO  impl.FollowerInfo (FollowerInfo.java:lambda$new$0(51)) - aef531bd-6946-4f65-aff1-2034fa836c06@group-B46CC0D4AE81->85482a46-d908-46a3-b4f7-930495164df5: nextIndex: updateUnconditionally 0 -> 0
2019-10-04 21:27:09,443 [grpc-default-executor-10] WARN  server.GrpcLogAppender (LogUtils.java:warn(134)) - aef531bd-6946-4f65-aff1-2034fa836c06@group-B46CC0D4AE81->b3a93a1c-bd5d-4647-93a8-f02890694163-AppendLogResponseHandler: Failed appendEntries: org.apache.ratis.thirdparty.io.grpc.StatusRuntimeException: UNAVAILABLE: io exception
2019-10-04 21:27:09,443 [grpc-default-executor-1] WARN  server.GrpcLogAppender (LogUtils.java:warn(134)) - aef531bd-6946-4f65-aff1-2034fa836c06@group-B46CC0D4AE81->85482a46-d908-46a3-b4f7-930495164df5-AppendLogResponseHandler: Failed appendEntries: org.apache.ratis.thirdparty.io.grpc.StatusRuntimeException: UNAVAILABLE: io exception
2019-10-04 21:27:09,444 [grpc-default-executor-1] INFO  impl.FollowerInfo (FollowerInfo.java:lambda$new$0(51)) - aef531bd-6946-4f65-aff1-2034fa836c06@group-B46CC0D4AE81->85482a46-d908-46a3-b4f7-930495164df5: nextIndex: updateUnconditionally 0 -> 0
2019-10-04 21:27:09,444 [grpc-default-executor-10] INFO  impl.FollowerInfo (FollowerInfo.java:lambda$new$0(51)) - aef531bd-6946-4f65-aff1-2034fa836c06@group-B46CC0D4AE81->b3a93a1c-bd5d-4647-93a8-f02890694163: nextIndex: updateUnconditionally 0 -> 0
2019-10-04 21:27:10,056 [Thread-1640] INFO  client.GrpcClientProtocolService (GrpcClientProtocolService.java:lambda$processClientRequest$0(278)) - Failed RaftClientRequest:client-CE3CC55F23D9->aef531bd-6946-4f65-aff1-2034fa836c06@group-B46CC0D4AE81, cid=67, seq=0, Watch-ALL_COMMITTED(11), Message:<EMPTY>, reply=RaftClientReply:client-CE3CC55F23D9->aef531bd-6946-4f65-aff1-2034fa836c06@group-B46CC0D4AE81, cid=67, FAILED org.apache.ratis.protocol.NotReplicatedException: Request with call Id 67 and log index 11 is not yet replicated to ALL_COMMITTED, logIndex=11, commits[aef531bd-6946-4f65-aff1-2034fa836c06:c2, 85482a46-d908-46a3-b4f7-930495164df5:c2, b3a93a1c-bd5d-4647-93a8-f02890694163:c2]
2019-10-04 21:27:11,950 [grpc-default-executor-2] WARN  server.GrpcLogAppender (LogUtils.java:warn(134)) - aef531bd-6946-4f65-aff1-2034fa836c06@group-B46CC0D4AE81->85482a46-d908-46a3-b4f7-930495164df5-AppendLogResponseHandler: Failed appendEntries: org.apache.ratis.thirdparty.io.grpc.StatusRuntimeException: UNAVAILABLE: io exception
2019-10-04 21:27:11,950 [grpc-default-executor-1] WARN  server.GrpcLogAppender (LogUtils.java:warn(134)) - aef531bd-6946-4f65-aff1-2034fa836c06@group-B46CC0D4AE81->b3a93a1c-bd5d-4647-93a8-f02890694163-AppendLogResponseHandler: Failed appendEntries: org.apache.ratis.thirdparty.io.grpc.StatusRuntimeException: UNAVAILABLE: io exception
2019-10-04 21:27:11,954 [grpc-default-executor-2] INFO  impl.FollowerInfo (FollowerInfo.java:lambda$new$0(51)) - aef531bd-6946-4f65-aff1-2034fa836c06@group-B46CC0D4AE81->85482a46-d908-46a3-b4f7-930495164df5: nextIndex: updateUnconditionally 0 -> 0
2019-10-04 21:27:11,954 [grpc-default-executor-1] INFO  impl.FollowerInfo (FollowerInfo.java:lambda$new$0(51)) - aef531bd-6946-4f65-aff1-2034fa836c06@group-B46CC0D4AE81->b3a93a1c-bd5d-4647-93a8-f02890694163: nextIndex: updateUnconditionally 0 -> 0
2019-10-04 21:27:14,454 [grpc-default-executor-1] WARN  server.GrpcLogAppender (LogUtils.java:warn(134)) - aef531bd-6946-4f65-aff1-2034fa836c06@group-B46CC0D4AE81->85482a46-d908-46a3-b4f7-930495164df5-AppendLogResponseHandler: Failed appendEntries: org.apache.ratis.thirdparty.io.grpc.StatusRuntimeException: UNAVAILABLE: io exception
2019-10-04 21:27:14,454 [grpc-default-executor-2] WARN  server.GrpcLogAppender (LogUtils.java:warn(134)) - aef531bd-6946-4f65-aff1-2034fa836c06@group-B46CC0D4AE81->b3a93a1c-bd5d-4647-93a8-f02890694163-AppendLogResponseHandler: Failed appendEntries: org.apache.ratis.thirdparty.io.grpc.StatusRuntimeException: UNAVAILABLE: io exception
2019-10-04 21:27:14,456 [grpc-default-executor-1] INFO  impl.FollowerInfo (FollowerInfo.java:lambda$new$0(51)) - aef531bd-6946-4f65-aff1-2034fa836c06@group-B46CC0D4AE81->85482a46-d908-46a3-b4f7-930495164df5: nextIndex: updateUnconditionally 0 -> 0
2019-10-04 21:27:14,456 [grpc-default-executor-2] INFO  impl.FollowerInfo (FollowerInfo.java:lambda$new$0(51)) - aef531bd-6946-4f65-aff1-2034fa836c06@group-B46CC0D4AE81->b3a93a1c-bd5d-4647-93a8-f02890694163: nextIndex: updateUnconditionally 0 -> 0
2019-10-04 21:27:16,956 [grpc-default-executor-2] WARN  server.GrpcLogAppender (LogUtils.java:warn(134)) - aef531bd-6946-4f65-aff1-2034fa836c06@group-B46CC0D4AE81->85482a46-d908-46a3-b4f7-930495164df5-AppendLogResponseHandler: Failed appendEntries: org.apache.ratis.thirdparty.io.grpc.StatusRuntimeException: UNAVAILABLE: io exception
2019-10-04 21:27:16,956 [grpc-default-executor-1] WARN  server.GrpcLogAppender (LogUtils.java:warn(134)) - aef531bd-6946-4f65-aff1-2034fa836c06@group-B46CC0D4AE81->b3a93a1c-bd5d-4647-93a8-f02890694163-AppendLogResponseHandler: Failed appendEntries: org.apache.ratis.thirdparty.io.grpc.StatusRuntimeException: UNAVAILABLE: io exception
2019-10-04 21:27:16,957 [grpc-default-executor-2] INFO  impl.FollowerInfo (FollowerInfo.java:lambda$new$0(51)) - aef531bd-6946-4f65-aff1-2034fa836c06@group-B46CC0D4AE81->85482a46-d908-46a3-b4f7-930495164df5: nextIndex: updateUnconditionally 0 -> 0
2019-10-04 21:27:16,957 [grpc-default-executor-1] INFO  impl.FollowerInfo (FollowerInfo.java:lambda$new$0(51)) - aef531bd-6946-4f65-aff1-2034fa836c06@group-B46CC0D4AE81->b3a93a1c-bd5d-4647-93a8-f02890694163: nextIndex: updateUnconditionally 0 -> 0
2019-10-04 21:27:19,057 [Thread-1652] INFO  client.GrpcClientProtocolService (GrpcClientProtocolService.java:lambda$processClientRequest$0(278)) - Failed RaftClientRequest:client-CE3CC55F23D9->aef531bd-6946-4f65-aff1-2034fa836c06@group-B46CC0D4AE81, cid=68, seq=0, Watch-MAJORITY_COMMITTED(11), Message:<EMPTY>, reply=RaftClientReply:client-CE3CC55F23D9->aef531bd-6946-4f65-aff1-2034fa836c06@group-B46CC0D4AE81, cid=68, FAILED org.apache.ratis.protocol.NotReplicatedException: Request with call Id 68 and log index 11 is not yet replicated to MAJORITY_COMMITTED, logIndex=11, commits[aef531bd-6946-4f65-aff1-2034fa836c06:c2, 85482a46-d908-46a3-b4f7-930495164df5:c2, b3a93a1c-bd5d-4647-93a8-f02890694163:c2]
2019-10-04 21:27:19,057 [Thread-1653] INFO  client.GrpcClientProtocolService (GrpcClientProtocolService.java:lambda$processClientRequest$0(278)) - Failed RaftClientRequest:client-CE3CC55F23D9->aef531bd-6946-4f65-aff1-2034fa836c06@group-B46CC0D4AE81, cid=67, seq=0, Watch-ALL_COMMITTED(11), Message:<EMPTY>, reply=RaftClientReply:client-CE3CC55F23D9->aef531bd-6946-4f65-aff1-2034fa836c06@group-B46CC0D4AE81, cid=67, FAILED org.apache.ratis.protocol.NotReplicatedException: Request with call Id 67 and log index 11 is not yet replicated to ALL_COMMITTED, logIndex=11, commits[aef531bd-6946-4f65-aff1-2034fa836c06:c2, 85482a46-d908-46a3-b4f7-930495164df5:c2, b3a93a1c-bd5d-4647-93a8-f02890694163:c2]
2019-10-04 21:27:19,456 [grpc-default-executor-1] WARN  server.GrpcLogAppender (LogUtils.java:warn(134)) - aef531bd-6946-4f65-aff1-2034fa836c06@group-B46CC0D4AE81->b3a93a1c-bd5d-4647-93a8-f02890694163-AppendLogResponseHandler: Failed appendEntries: org.apache.ratis.thirdparty.io.grpc.StatusRuntimeException: UNAVAILABLE: io exception
2019-10-04 21:27:19,456 [grpc-default-executor-10] WARN  server.GrpcLogAppender (LogUtils.java:warn(134)) - aef531bd-6946-4f65-aff1-2034fa836c06@group-B46CC0D4AE81->85482a46-d908-46a3-b4f7-930495164df5-AppendLogResponseHandler: Failed appendEntries: org.apache.ratis.thirdparty.io.grpc.StatusRuntimeException: UNAVAILABLE: io exception
2019-10-04 21:27:19,461 [grpc-default-executor-10] INFO  impl.FollowerInfo (FollowerInfo.java:lambda$new$0(51)) - aef531bd-6946-4f65-aff1-2034fa836c06@group-B46CC0D4AE81->85482a46-d908-46a3-b4f7-930495164df5: nextIndex: updateUnconditionally 0 -> 0
2019-10-04 21:27:19,461 [grpc-default-executor-1] INFO  impl.FollowerInfo (FollowerInfo.java:lambda$new$0(51)) - aef531bd-6946-4f65-aff1-2034fa836c06@group-B46CC0D4AE81->b3a93a1c-bd5d-4647-93a8-f02890694163: nextIndex: updateUnconditionally 0 -> 0
2019-10-04 21:27:21,957 [grpc-default-executor-10] WARN  server.GrpcLogAppender (LogUtils.java:warn(134)) - aef531bd-6946-4f65-aff1-2034fa836c06@group-B46CC0D4AE81->b3a93a1c-bd5d-4647-93a8-f02890694163-AppendLogResponseHandler: Failed appendEntries: org.apache.ratis.thirdparty.io.grpc.StatusRuntimeException: UNAVAILABLE: io exception
2019-10-04 21:27:21,957 [grpc-default-executor-8] WARN  server.GrpcLogAppender (LogUtils.java:warn(134)) - aef531bd-6946-4f65-aff1-2034fa836c06@group-B46CC0D4AE81->85482a46-d908-46a3-b4f7-930495164df5-AppendLogResponseHandler: Failed appendEntries: org.apache.ratis.thirdparty.io.grpc.StatusRuntimeException: UNAVAILABLE: io exception
2019-10-04 21:27:21,957 [grpc-default-executor-10] INFO  impl.FollowerInfo (FollowerInfo.java:lambda$new$0(51)) - aef531bd-6946-4f65-aff1-2034fa836c06@group-B46CC0D4AE81->b3a93a1c-bd5d-4647-93a8-f02890694163: nextIndex: updateUnconditionally 0 -> 0
2019-10-04 21:27:21,957 [grpc-default-executor-8] INFO  impl.FollowerInfo (FollowerInfo.java:lambda$new$0(51)) - aef531bd-6946-4f65-aff1-2034fa836c06@group-B46CC0D4AE81->85482a46-d908-46a3-b4f7-930495164df5: nextIndex: updateUnconditionally 0 -> 0
2019-10-04 21:27:24,458 [grpc-default-executor-8] WARN  server.GrpcLogAppender (LogUtils.java:warn(134)) - aef531bd-6946-4f65-aff1-2034fa836c06@group-B46CC0D4AE81->85482a46-d908-46a3-b4f7-930495164df5-AppendLogResponseHandler: Failed appendEntries: org.apache.ratis.thirdparty.io.grpc.StatusRuntimeException: UNAVAILABLE: io exception
2019-10-04 21:27:24,458 [grpc-default-executor-1] WARN  server.GrpcLogAppender (LogUtils.java:warn(134)) - aef531bd-6946-4f65-aff1-2034fa836c06@group-B46CC0D4AE81->b3a93a1c-bd5d-4647-93a8-f02890694163-AppendLogResponseHandler: Failed appendEntries: org.apache.ratis.thirdparty.io.grpc.StatusRuntimeException: UNAVAILABLE: io exception
2019-10-04 21:27:24,458 [grpc-default-executor-8] INFO  impl.FollowerInfo (FollowerInfo.java:lambda$new$0(51)) - aef531bd-6946-4f65-aff1-2034fa836c06@group-B46CC0D4AE81->85482a46-d908-46a3-b4f7-930495164df5: nextIndex: updateUnconditionally 0 -> 0
2019-10-04 21:27:24,459 [grpc-default-executor-1] INFO  impl.FollowerInfo (FollowerInfo.java:lambda$new$0(51)) - aef531bd-6946-4f65-aff1-2034fa836c06@group-B46CC0D4AE81->b3a93a1c-bd5d-4647-93a8-f02890694163: nextIndex: updateUnconditionally 0 -> 0
]]></system-out>
    <system-err><![CDATA[Oct 04, 2019 9:26:39 PM org.apache.ratis.thirdparty.io.grpc.internal.SerializingExecutor run
SEVERE: Exception while executing runnable org.apache.ratis.thirdparty.io.grpc.internal.ServerImpl$JumpToApplicationThreadServerStreamListener$1Closed@7e9f8550
org.apache.ratis.thirdparty.io.grpc.StatusRuntimeException: CANCELLED: call already cancelled
	at org.apache.ratis.thirdparty.io.grpc.Status.asRuntimeException(Status.java:517)
	at org.apache.ratis.thirdparty.io.grpc.stub.ServerCalls$ServerCallStreamObserverImpl.onCompleted(ServerCalls.java:356)
	at org.apache.ratis.grpc.server.GrpcServerProtocolService$ServerRequestStreamObserver.onError(GrpcServerProtocolService.java:121)
	at org.apache.ratis.thirdparty.io.grpc.stub.ServerCalls$StreamingServerCallHandler$StreamingServerCallListener.onCancel(ServerCalls.java:269)
	at org.apache.ratis.thirdparty.io.grpc.internal.ServerCallImpl$ServerStreamListenerImpl.closed(ServerCallImpl.java:293)
	at org.apache.ratis.thirdparty.io.grpc.internal.ServerImpl$JumpToApplicationThreadServerStreamListener$1Closed.runInContext(ServerImpl.java:741)
	at org.apache.ratis.thirdparty.io.grpc.internal.ContextRunnable.run(ContextRunnable.java:37)
	at org.apache.ratis.thirdparty.io.grpc.internal.SerializingExecutor.run(SerializingExecutor.java:123)
	at java.util.concurrent.ThreadPoolExecutor.runWorker(ThreadPoolExecutor.java:1149)
	at java.util.concurrent.ThreadPoolExecutor$Worker.run(ThreadPoolExecutor.java:624)
	at java.lang.Thread.run(Thread.java:748)

Oct 04, 2019 9:26:44 PM org.apache.ratis.thirdparty.io.grpc.internal.SerializingExecutor run
SEVERE: Exception while executing runnable org.apache.ratis.thirdparty.io.grpc.internal.ServerImpl$JumpToApplicationThreadServerStreamListener$1Closed@2f35d02a
org.apache.ratis.thirdparty.io.grpc.StatusRuntimeException: CANCELLED: call already cancelled
	at org.apache.ratis.thirdparty.io.grpc.Status.asRuntimeException(Status.java:517)
	at org.apache.ratis.thirdparty.io.grpc.stub.ServerCalls$ServerCallStreamObserverImpl.onCompleted(ServerCalls.java:356)
	at org.apache.ratis.grpc.server.GrpcServerProtocolService$ServerRequestStreamObserver.onError(GrpcServerProtocolService.java:121)
	at org.apache.ratis.thirdparty.io.grpc.stub.ServerCalls$StreamingServerCallHandler$StreamingServerCallListener.onCancel(ServerCalls.java:269)
	at org.apache.ratis.thirdparty.io.grpc.internal.ServerCallImpl$ServerStreamListenerImpl.closed(ServerCallImpl.java:293)
	at org.apache.ratis.thirdparty.io.grpc.internal.ServerImpl$JumpToApplicationThreadServerStreamListener$1Closed.runInContext(ServerImpl.java:741)
	at org.apache.ratis.thirdparty.io.grpc.internal.ContextRunnable.run(ContextRunnable.java:37)
	at org.apache.ratis.thirdparty.io.grpc.internal.SerializingExecutor.run(SerializingExecutor.java:123)
	at java.util.concurrent.ThreadPoolExecutor.runWorker(ThreadPoolExecutor.java:1149)
	at java.util.concurrent.ThreadPoolExecutor$Worker.run(ThreadPoolExecutor.java:624)
	at java.lang.Thread.run(Thread.java:748)

Oct 04, 2019 9:27:16 PM org.apache.ratis.thirdparty.io.grpc.internal.ManagedChannelOrphanWrapper$ManagedChannelReference cleanQueue
SEVERE: *~*~*~ Channel ManagedChannelImpl{logId=1467, target=192.168.151.72:43025} was not shutdown properly!!! ~*~*~*
    Make sure to call shutdown()/shutdownNow() and wait until awaitTermination() returns true.
java.lang.RuntimeException: ManagedChannel allocation site
	at org.apache.ratis.thirdparty.io.grpc.internal.ManagedChannelOrphanWrapper$ManagedChannelReference.<init>(ManagedChannelOrphanWrapper.java:103)
	at org.apache.ratis.thirdparty.io.grpc.internal.ManagedChannelOrphanWrapper.<init>(ManagedChannelOrphanWrapper.java:53)
	at org.apache.ratis.thirdparty.io.grpc.internal.ManagedChannelOrphanWrapper.<init>(ManagedChannelOrphanWrapper.java:44)
	at org.apache.ratis.thirdparty.io.grpc.internal.AbstractManagedChannelImplBuilder.build(AbstractManagedChannelImplBuilder.java:411)
	at org.apache.ratis.grpc.client.GrpcClientProtocolClient.<init>(GrpcClientProtocolClient.java:128)
	at org.apache.ratis.grpc.client.GrpcClientRpc.lambda$new$0(GrpcClientRpc.java:55)
	at org.apache.ratis.util.PeerProxyMap$PeerAndProxy.lambda$getProxy$0(PeerProxyMap.java:61)
	at org.apache.ratis.util.LifeCycle.startAndTransition(LifeCycle.java:202)
	at org.apache.ratis.util.PeerProxyMap$PeerAndProxy.getProxy(PeerProxyMap.java:60)
	at org.apache.ratis.util.PeerProxyMap.getProxy(PeerProxyMap.java:108)
	at org.apache.ratis.grpc.client.GrpcClientRpc.sendRequestAsyncUnordered(GrpcClientRpc.java:78)
	at org.apache.ratis.client.impl.UnorderedAsync.sendRequestWithRetry(UnorderedAsync.java:75)
	at org.apache.ratis.client.impl.UnorderedAsync.lambda$null$2(UnorderedAsync.java:120)
	at org.apache.ratis.util.TimeoutScheduler.lambda$onTimeout$0(TimeoutScheduler.java:113)
	at org.apache.ratis.util.TimeoutScheduler.lambda$onTimeout$1(TimeoutScheduler.java:133)
	at org.apache.ratis.util.LogUtils.runAndLog(LogUtils.java:50)
	at org.apache.ratis.util.LogUtils$1.run(LogUtils.java:91)
	at java.util.concurrent.Executors$RunnableAdapter.call(Executors.java:511)
	at java.util.concurrent.FutureTask.run(FutureTask.java:266)
	at java.util.concurrent.ScheduledThreadPoolExecutor$ScheduledFutureTask.access$201(ScheduledThreadPoolExecutor.java:180)
	at java.util.concurrent.ScheduledThreadPoolExecutor$ScheduledFutureTask.run(ScheduledThreadPoolExecutor.java:293)
	at java.util.concurrent.ThreadPoolExecutor.runWorker(ThreadPoolExecutor.java:1149)
	at java.util.concurrent.ThreadPoolExecutor$Worker.run(ThreadPoolExecutor.java:624)
	at java.lang.Thread.run(Thread.java:748)

]]></system-err>
  </testcase>
  <testcase name="testWatchForCommitForGroupMismatchException" classname="org.apache.hadoop.ozone.client.rpc.TestWatchForCommit" time="32.561"/>
  <testcase name="test2WayCommitForTimeoutException" classname="org.apache.hadoop.ozone.client.rpc.TestWatchForCommit" time="27.5">
    <error message="org.apache.ratis.protocol.RaftRetryFailureException: Failed RaftClientRequest:client-DF9932994B6C-&gt;117e6173-3a16-4e4f-95c1-02e2385318dd@group-59DCCDE7E53C, cid=103, seq=2*, RW, org.apache.hadoop.hdds.scm.XceiverClientRatis$$Lambda$463/2146540595@486b63ce for 20 attempts with RetryLimited(maxAttempts=20, sleepTime=1000ms)" type="java.util.concurrent.ExecutionException">java.util.concurrent.ExecutionException: org.apache.ratis.protocol.RaftRetryFailureException: Failed RaftClientRequest:client-DF9932994B6C->117e6173-3a16-4e4f-95c1-02e2385318dd@group-59DCCDE7E53C, cid=103, seq=2*, RW, org.apache.hadoop.hdds.scm.XceiverClientRatis$$Lambda$463/2146540595@486b63ce for 20 attempts with RetryLimited(maxAttempts=20, sleepTime=1000ms)
	at java.util.concurrent.CompletableFuture.reportGet(CompletableFuture.java:357)
	at java.util.concurrent.CompletableFuture.get(CompletableFuture.java:1895)
	at org.apache.hadoop.ozone.client.rpc.TestWatchForCommit.test2WayCommitForTimeoutException(TestWatchForCommit.java:390)
	at sun.reflect.NativeMethodAccessorImpl.invoke0(Native Method)
	at sun.reflect.NativeMethodAccessorImpl.invoke(NativeMethodAccessorImpl.java:62)
	at sun.reflect.DelegatingMethodAccessorImpl.invoke(DelegatingMethodAccessorImpl.java:43)
	at java.lang.reflect.Method.invoke(Method.java:498)
	at org.junit.runners.model.FrameworkMethod$1.runReflectiveCall(FrameworkMethod.java:47)
	at org.junit.internal.runners.model.ReflectiveCallable.run(ReflectiveCallable.java:12)
	at org.junit.runners.model.FrameworkMethod.invokeExplosively(FrameworkMethod.java:44)
	at org.junit.internal.runners.statements.InvokeMethod.evaluate(InvokeMethod.java:17)
	at org.junit.runners.ParentRunner.runLeaf(ParentRunner.java:271)
	at org.junit.runners.BlockJUnit4ClassRunner.runChild(BlockJUnit4ClassRunner.java:70)
	at org.junit.runners.BlockJUnit4ClassRunner.runChild(BlockJUnit4ClassRunner.java:50)
	at org.junit.runners.ParentRunner$3.run(ParentRunner.java:238)
	at org.junit.runners.ParentRunner$1.schedule(ParentRunner.java:63)
	at org.junit.runners.ParentRunner.runChildren(ParentRunner.java:236)
	at org.junit.runners.ParentRunner.access$000(ParentRunner.java:53)
	at org.junit.runners.ParentRunner$2.evaluate(ParentRunner.java:229)
	at org.junit.runners.ParentRunner.run(ParentRunner.java:309)
	at org.apache.maven.surefire.junit4.JUnit4Provider.execute(JUnit4Provider.java:365)
	at org.apache.maven.surefire.junit4.JUnit4Provider.executeWithRerun(JUnit4Provider.java:273)
	at org.apache.maven.surefire.junit4.JUnit4Provider.executeTestSet(JUnit4Provider.java:238)
	at org.apache.maven.surefire.junit4.JUnit4Provider.invoke(JUnit4Provider.java:159)
	at org.apache.maven.surefire.booter.ForkedBooter.invokeProviderInSameClassLoader(ForkedBooter.java:384)
	at org.apache.maven.surefire.booter.ForkedBooter.runSuitesInProcess(ForkedBooter.java:345)
	at org.apache.maven.surefire.booter.ForkedBooter.execute(ForkedBooter.java:126)
	at org.apache.maven.surefire.booter.ForkedBooter.main(ForkedBooter.java:418)
Caused by: org.apache.ratis.protocol.RaftRetryFailureException: Failed RaftClientRequest:client-DF9932994B6C->117e6173-3a16-4e4f-95c1-02e2385318dd@group-59DCCDE7E53C, cid=103, seq=2*, RW, org.apache.hadoop.hdds.scm.XceiverClientRatis$$Lambda$463/2146540595@486b63ce for 20 attempts with RetryLimited(maxAttempts=20, sleepTime=1000ms)
	at org.apache.ratis.client.impl.RaftClientImpl.noMoreRetries(RaftClientImpl.java:271)
	at org.apache.ratis.client.impl.OrderedAsync.handleAsyncRetryFailure(OrderedAsync.java:138)
	at org.apache.ratis.client.impl.OrderedAsync.lambda$sendRequest$10(OrderedAsync.java:230)
	at java.util.concurrent.CompletableFuture.uniExceptionally(CompletableFuture.java:870)
	at java.util.concurrent.CompletableFuture$UniExceptionally.tryFire(CompletableFuture.java:852)
	at java.util.concurrent.CompletableFuture.postComplete(CompletableFuture.java:474)
	at java.util.concurrent.CompletableFuture.completeExceptionally(CompletableFuture.java:1977)
	at org.apache.ratis.grpc.client.GrpcClientProtocolClient$AsyncStreamObservers.completeReplyExceptionally(GrpcClientProtocolClient.java:345)
	at org.apache.ratis.grpc.client.GrpcClientProtocolClient$AsyncStreamObservers.access$000(GrpcClientProtocolClient.java:261)
	at org.apache.ratis.grpc.client.GrpcClientProtocolClient$AsyncStreamObservers$1.onNext(GrpcClientProtocolClient.java:273)
	at org.apache.ratis.grpc.client.GrpcClientProtocolClient$AsyncStreamObservers$1.onNext(GrpcClientProtocolClient.java:264)
	at org.apache.ratis.thirdparty.io.grpc.stub.ClientCalls$StreamObserverToCallListenerAdapter.onMessage(ClientCalls.java:421)
	at org.apache.ratis.thirdparty.io.grpc.ForwardingClientCallListener.onMessage(ForwardingClientCallListener.java:33)
	at org.apache.ratis.thirdparty.io.grpc.ForwardingClientCallListener.onMessage(ForwardingClientCallListener.java:33)
	at org.apache.ratis.thirdparty.io.grpc.internal.ClientCallImpl$ClientStreamListenerImpl$1MessagesAvailable.runInContext(ClientCallImpl.java:519)
	at org.apache.ratis.thirdparty.io.grpc.internal.ContextRunnable.run(ContextRunnable.java:37)
	at org.apache.ratis.thirdparty.io.grpc.internal.SerializingExecutor.run(SerializingExecutor.java:123)
	at java.util.concurrent.ThreadPoolExecutor.runWorker(ThreadPoolExecutor.java:1149)
	at java.util.concurrent.ThreadPoolExecutor$Worker.run(ThreadPoolExecutor.java:624)
	at java.lang.Thread.run(Thread.java:748)
Caused by: org.apache.ratis.protocol.NotLeaderException: Server 117e6173-3a16-4e4f-95c1-02e2385318dd@group-59DCCDE7E53C is not the leader
	at org.apache.ratis.client.impl.ClientProtoUtils.toRaftClientReply(ClientProtoUtils.java:243)
	at org.apache.ratis.grpc.client.GrpcClientProtocolClient$AsyncStreamObservers$1.onNext(GrpcClientProtocolClient.java:269)
	... 10 more
</error>
    <system-out><![CDATA[2019-10-04 21:27:57,328 [main] WARN  server.ServerUtils (ServerUtils.java:getScmDbDir(145)) - ozone.scm.db.dirs is not configured. We recommend adding this setting. Falling back to ozone.metadata.dirs instead.
2019-10-04 21:27:57,352 [main] WARN  server.ServerUtils (ServerUtils.java:getScmDbDir(145)) - ozone.scm.db.dirs is not configured. We recommend adding this setting. Falling back to ozone.metadata.dirs instead.
2019-10-04 21:27:57,353 [main] WARN  server.ServerUtils (ServerUtils.java:getScmDbDir(145)) - ozone.scm.db.dirs is not configured. We recommend adding this setting. Falling back to ozone.metadata.dirs instead.
2019-10-04 21:27:57,354 [main] INFO  db.DBStoreBuilder (DBStoreBuilder.java:addTable(117)) - using custom profile for table: deletedBlocks
2019-10-04 21:27:57,354 [main] INFO  db.DBStoreBuilder (DBStoreBuilder.java:processTables(168)) - Using default column profile:DBProfile.DISK for Table:deletedBlocks
2019-10-04 21:27:57,354 [main] INFO  db.DBStoreBuilder (DBStoreBuilder.java:addTable(117)) - using custom profile for table: validCerts
2019-10-04 21:27:57,354 [main] INFO  db.DBStoreBuilder (DBStoreBuilder.java:processTables(168)) - Using default column profile:DBProfile.DISK for Table:validCerts
2019-10-04 21:27:57,355 [main] INFO  db.DBStoreBuilder (DBStoreBuilder.java:addTable(117)) - using custom profile for table: revokedCerts
2019-10-04 21:27:57,355 [main] INFO  db.DBStoreBuilder (DBStoreBuilder.java:processTables(168)) - Using default column profile:DBProfile.DISK for Table:revokedCerts
2019-10-04 21:27:57,355 [main] INFO  db.DBStoreBuilder (DBStoreBuilder.java:addTable(117)) - using custom profile for table: default
2019-10-04 21:27:57,355 [main] INFO  db.DBStoreBuilder (DBStoreBuilder.java:processTables(174)) - Using default column profile:DBProfile.DISK for Table:default
2019-10-04 21:27:57,356 [main] INFO  db.DBStoreBuilder (DBStoreBuilder.java:getDbProfile(205)) - Using default options. DBProfile.DISK
2019-10-04 21:27:57,605 [main] INFO  net.NodeSchemaLoader (NodeSchemaLoader.java:loadSchemaFromFile(125)) - Loading file from sun.misc.CompoundEnumeration@269222ae
2019-10-04 21:27:57,605 [main] INFO  net.NodeSchemaLoader (NodeSchemaLoader.java:loadSchema(171)) - Loading network topology layer schema file
2019-10-04 21:27:57,611 [main] WARN  server.ServerUtils (ServerUtils.java:sanitizeUserArgs(70)) - ozone.scm.stale.node.interval value = 300000 is larger than max = 100000 based on the key value of ozone.scm.heartbeat.thread.interval, reset to the max value 100000.
2019-10-04 21:27:57,611 [main] WARN  server.ServerUtils (ServerUtils.java:sanitizeUserArgs(70)) - ozone.scm.stale.node.interval value = 300000 is larger than max = 100000 based on the key value of ozone.scm.heartbeat.thread.interval, reset to the max value 100000.
2019-10-04 21:27:57,611 [main] INFO  node.SCMNodeManager (SCMNodeManager.java:<init>(116)) - Entering startup safe mode.
2019-10-04 21:27:57,612 [main] INFO  algorithms.ContainerPlacementPolicyFactory (ContainerPlacementPolicyFactory.java:getPolicy(57)) - Create container placement policy of type org.apache.hadoop.hdds.scm.container.placement.algorithms.SCMContainerPlacementRandom
2019-10-04 21:27:57,612 [main] WARN  server.ServerUtils (ServerUtils.java:getScmDbDir(145)) - ozone.scm.db.dirs is not configured. We recommend adding this setting. Falling back to ozone.metadata.dirs instead.
2019-10-04 21:27:57,709 [main] INFO  pipeline.SCMPipelineManager (SCMPipelineManager.java:initializePipelineState(132)) - No pipeline exists in current db
2019-10-04 21:27:57,709 [main] WARN  server.ServerUtils (ServerUtils.java:getScmDbDir(145)) - ozone.scm.db.dirs is not configured. We recommend adding this setting. Falling back to ozone.metadata.dirs instead.
2019-10-04 21:27:57,791 [main] WARN  events.EventQueue (EventQueue.java:fireEvent(183)) - No event handler registered for event TypedEvent{payloadType=SafeModeStatus, name='SafeModeStatus'}
2019-10-04 21:27:57,792 [main] INFO  ipc.CallQueueManager (CallQueueManager.java:<init>(84)) - Using callQueue: class java.util.concurrent.LinkedBlockingQueue, queueCapacity: 2000, scheduler: class org.apache.hadoop.ipc.DefaultRpcScheduler, ipcBackoff: false.
2019-10-04 21:27:57,794 [Socket Reader #1 for port 43077] INFO  ipc.Server (Server.java:run(1074)) - Starting Socket Reader #1 for port 43077
2019-10-04 21:27:57,798 [main] INFO  ipc.CallQueueManager (CallQueueManager.java:<init>(84)) - Using callQueue: class java.util.concurrent.LinkedBlockingQueue, queueCapacity: 2000, scheduler: class org.apache.hadoop.ipc.DefaultRpcScheduler, ipcBackoff: false.
2019-10-04 21:27:57,799 [Socket Reader #1 for port 43565] INFO  ipc.Server (Server.java:run(1074)) - Starting Socket Reader #1 for port 43565
2019-10-04 21:27:57,803 [main] INFO  ipc.CallQueueManager (CallQueueManager.java:<init>(84)) - Using callQueue: class java.util.concurrent.LinkedBlockingQueue, queueCapacity: 2000, scheduler: class org.apache.hadoop.ipc.DefaultRpcScheduler, ipcBackoff: false.
2019-10-04 21:27:57,804 [Socket Reader #1 for port 38309] INFO  ipc.Server (Server.java:run(1074)) - Starting Socket Reader #1 for port 38309
2019-10-04 21:27:57,808 [main] INFO  hdfs.DFSUtil (DFSUtil.java:httpServerTemplateForNNAndJN(1641)) - Starting Web-server for scm at: http://0.0.0.0:0
2019-10-04 21:27:57,810 [main] INFO  server.AuthenticationFilter (AuthenticationFilter.java:constructSecretProvider(240)) - Unable to initialize FileSignerSecretProvider, falling back to use random secrets.
2019-10-04 21:27:57,811 [main] WARN  http.HttpRequestLog (HttpRequestLog.java:getRequestLog(97)) - Jetty request log can only be enabled using Log4j
2019-10-04 21:27:57,813 [main] INFO  http.HttpServer2 (HttpServer2.java:addGlobalFilter(975)) - Added global filter 'safety' (class=org.apache.hadoop.http.HttpServer2$QuotingInputFilter)
2019-10-04 21:27:57,813 [main] INFO  http.HttpServer2 (HttpServer2.java:addFilter(948)) - Added filter static_user_filter (class=org.apache.hadoop.http.lib.StaticUserWebFilter$StaticUserFilter) to context scm
2019-10-04 21:27:57,814 [main] INFO  http.HttpServer2 (HttpServer2.java:addFilter(958)) - Added filter static_user_filter (class=org.apache.hadoop.http.lib.StaticUserWebFilter$StaticUserFilter) to context logs
2019-10-04 21:27:57,814 [main] INFO  http.HttpServer2 (HttpServer2.java:addFilter(958)) - Added filter static_user_filter (class=org.apache.hadoop.http.lib.StaticUserWebFilter$StaticUserFilter) to context static
2019-10-04 21:27:57,816 [main] INFO  server.StorageContainerManager (StorageContainerManager.java:start(770)) - StorageContainerLocationProtocol RPC server is listening at /0.0.0.0:38309
2019-10-04 21:27:57,819 [main] WARN  impl.MetricsConfig (MetricsConfig.java:loadFirst(134)) - Cannot locate configuration: tried hadoop-metrics2-storagecontainermanager.properties,hadoop-metrics2.properties
2019-10-04 21:27:57,820 [main] INFO  impl.MetricsSystemImpl (MetricsSystemImpl.java:startTimer(374)) - Scheduled Metric snapshot period at 10 second(s).
2019-10-04 21:27:57,820 [main] INFO  impl.MetricsSystemImpl (MetricsSystemImpl.java:start(191)) - StorageContainerManager metrics system started
2019-10-04 21:27:58,130 [main] WARN  impl.MetricsSystemImpl (MetricsSystemImpl.java:register(276)) - Sink prometheus already exists!
2019-10-04 21:27:58,408 [main] INFO  server.SCMClientProtocolServer (SCMClientProtocolServer.java:start(159)) - RPC server for Client  is listening at /0.0.0.0:38309
2019-10-04 21:27:58,409 [IPC Server Responder] INFO  ipc.Server (Server.java:run(1314)) - IPC Server Responder: starting
2019-10-04 21:27:58,409 [IPC Server listener on 38309] INFO  ipc.Server (Server.java:run(1153)) - IPC Server listener on 38309: starting
2019-10-04 21:27:58,417 [main] INFO  server.StorageContainerManager (StorageContainerManager.java:start(780)) - ScmBlockLocationProtocol RPC server is listening at /0.0.0.0:43565
2019-10-04 21:27:58,418 [main] INFO  server.SCMBlockProtocolServer (SCMBlockProtocolServer.java:start(146)) - RPC server for Block Protocol is listening at /0.0.0.0:43565
2019-10-04 21:27:58,418 [IPC Server Responder] INFO  ipc.Server (Server.java:run(1314)) - IPC Server Responder: starting
2019-10-04 21:27:58,418 [IPC Server listener on 43565] INFO  ipc.Server (Server.java:run(1153)) - IPC Server listener on 43565: starting
2019-10-04 21:27:58,430 [main] INFO  server.StorageContainerManager (StorageContainerManager.java:start(784)) - ScmDatanodeProtocl RPC server is listening at /0.0.0.0:43077
2019-10-04 21:27:58,430 [main] INFO  server.SCMDatanodeProtocolServer (SCMDatanodeProtocolServer.java:start(169)) - RPC server for DataNodes is listening at /0.0.0.0:43077
2019-10-04 21:27:58,431 [IPC Server Responder] INFO  ipc.Server (Server.java:run(1314)) - IPC Server Responder: starting
2019-10-04 21:27:58,431 [IPC Server listener on 43077] INFO  ipc.Server (Server.java:run(1153)) - IPC Server listener on 43077: starting
2019-10-04 21:27:58,436 [main] INFO  http.HttpServer2 (HttpServer2.java:bindListener(1191)) - Jetty bound to port 42924
2019-10-04 21:27:58,436 [main] INFO  server.Server (Server.java:doStart(351)) - jetty-9.3.25.v20180904, build timestamp: 2018-09-04T21:11:46Z, git hash: 3ce520221d0240229c862b122d2b06c12a625732
2019-10-04 21:27:58,438 [main] INFO  handler.ContextHandler (ContextHandler.java:doStart(781)) - Started o.e.j.s.ServletContextHandler@6c742b84{/logs,file:///workdir/hadoop-ozone/integration-test/target/log,AVAILABLE}
2019-10-04 21:27:58,438 [main] INFO  handler.ContextHandler (ContextHandler.java:doStart(781)) - Started o.e.j.s.ServletContextHandler@53a50b0a{/static,file:///workdir/hadoop-ozone/integration-test/target/test-classes/webapps/static,AVAILABLE}
2019-10-04 21:27:58,442 [main] INFO  handler.ContextHandler (ContextHandler.java:doStart(781)) - Started o.e.j.w.WebAppContext@75eaba95{/,file:///workdir/hadoop-ozone/integration-test/target/test-classes/webapps/scm/,AVAILABLE}{/scm}
2019-10-04 21:27:58,442 [main] INFO  server.AbstractConnector (AbstractConnector.java:doStart(278)) - Started ServerConnector@320be73{HTTP/1.1,[http/1.1]}{0.0.0.0:42924}
2019-10-04 21:27:58,444 [main] INFO  server.Server (Server.java:doStart(419)) - Started @228424ms
2019-10-04 21:27:58,444 [main] WARN  impl.MetricsSystemImpl (MetricsSystemImpl.java:register(276)) - Sink prometheus already exists!
2019-10-04 21:27:58,445 [main] INFO  server.BaseHttpServer (BaseHttpServer.java:updateConnectorAddress(215)) - HTTP server of SCM is listening at http://0.0.0.0:42924
2019-10-04 21:27:58,448 [main] WARN  server.ServerUtils (ServerUtils.java:getDBPath(222)) - ozone.om.db.dirs is not configured. We recommend adding this setting. Falling back to ozone.metadata.dirs instead.
2019-10-04 21:27:58,448 [org.apache.hadoop.util.JvmPauseMonitor$Monitor@6af310c7] INFO  util.JvmPauseMonitor (JvmPauseMonitor.java:run(188)) - Starting JVM pause monitor
2019-10-04 21:27:58,462 [main] INFO  ha.OMHANodeDetails (OMHANodeDetails.java:loadOMHAConfig(190)) - Configuration either no ozone.om.address set. Falling back to the default OM address /127.0.0.1:0
2019-10-04 21:27:58,462 [main] INFO  ha.OMHANodeDetails (OMHANodeDetails.java:getOMNodeDetails(220)) - OM Service ID is not set. Setting it to the default ID: omServiceIdDefault
2019-10-04 21:27:58,463 [main] WARN  server.ServerUtils (ServerUtils.java:getDBPath(222)) - ozone.om.db.dirs is not configured. We recommend adding this setting. Falling back to ozone.metadata.dirs instead.
2019-10-04 21:27:58,464 [main] WARN  server.ServerUtils (ServerUtils.java:getDBPath(222)) - ozone.om.db.dirs is not configured. We recommend adding this setting. Falling back to ozone.metadata.dirs instead.
2019-10-04 21:27:58,473 [main] WARN  server.ServerUtils (ServerUtils.java:getDBPath(222)) - ozone.om.db.dirs is not configured. We recommend adding this setting. Falling back to ozone.metadata.dirs instead.
2019-10-04 21:27:58,473 [main] INFO  db.DBStoreBuilder (DBStoreBuilder.java:addTable(117)) - using custom profile for table: userTable
2019-10-04 21:27:58,473 [main] INFO  db.DBStoreBuilder (DBStoreBuilder.java:processTables(168)) - Using default column profile:DBProfile.DISK for Table:userTable
2019-10-04 21:27:58,474 [main] INFO  db.DBStoreBuilder (DBStoreBuilder.java:addTable(117)) - using custom profile for table: volumeTable
2019-10-04 21:27:58,474 [main] INFO  db.DBStoreBuilder (DBStoreBuilder.java:processTables(168)) - Using default column profile:DBProfile.DISK for Table:volumeTable
2019-10-04 21:27:58,474 [main] INFO  db.DBStoreBuilder (DBStoreBuilder.java:addTable(117)) - using custom profile for table: bucketTable
2019-10-04 21:27:58,474 [main] INFO  db.DBStoreBuilder (DBStoreBuilder.java:processTables(168)) - Using default column profile:DBProfile.DISK for Table:bucketTable
2019-10-04 21:27:58,474 [main] INFO  db.DBStoreBuilder (DBStoreBuilder.java:addTable(117)) - using custom profile for table: keyTable
2019-10-04 21:27:58,475 [main] INFO  db.DBStoreBuilder (DBStoreBuilder.java:processTables(168)) - Using default column profile:DBProfile.DISK for Table:keyTable
2019-10-04 21:27:58,475 [main] INFO  db.DBStoreBuilder (DBStoreBuilder.java:addTable(117)) - using custom profile for table: deletedTable
2019-10-04 21:27:58,475 [main] INFO  db.DBStoreBuilder (DBStoreBuilder.java:processTables(168)) - Using default column profile:DBProfile.DISK for Table:deletedTable
2019-10-04 21:27:58,475 [main] INFO  db.DBStoreBuilder (DBStoreBuilder.java:addTable(117)) - using custom profile for table: openKeyTable
2019-10-04 21:27:58,475 [main] INFO  db.DBStoreBuilder (DBStoreBuilder.java:processTables(168)) - Using default column profile:DBProfile.DISK for Table:openKeyTable
2019-10-04 21:27:58,475 [main] INFO  db.DBStoreBuilder (DBStoreBuilder.java:addTable(117)) - using custom profile for table: s3Table
2019-10-04 21:27:58,476 [main] INFO  db.DBStoreBuilder (DBStoreBuilder.java:processTables(168)) - Using default column profile:DBProfile.DISK for Table:s3Table
2019-10-04 21:27:58,476 [main] INFO  db.DBStoreBuilder (DBStoreBuilder.java:addTable(117)) - using custom profile for table: multipartInfoTable
2019-10-04 21:27:58,476 [main] INFO  db.DBStoreBuilder (DBStoreBuilder.java:processTables(168)) - Using default column profile:DBProfile.DISK for Table:multipartInfoTable
2019-10-04 21:27:58,476 [main] INFO  db.DBStoreBuilder (DBStoreBuilder.java:addTable(117)) - using custom profile for table: dTokenTable
2019-10-04 21:27:58,476 [main] INFO  db.DBStoreBuilder (DBStoreBuilder.java:processTables(168)) - Using default column profile:DBProfile.DISK for Table:dTokenTable
2019-10-04 21:27:58,477 [main] INFO  db.DBStoreBuilder (DBStoreBuilder.java:addTable(117)) - using custom profile for table: s3SecretTable
2019-10-04 21:27:58,477 [main] INFO  db.DBStoreBuilder (DBStoreBuilder.java:processTables(168)) - Using default column profile:DBProfile.DISK for Table:s3SecretTable
2019-10-04 21:27:58,477 [main] INFO  db.DBStoreBuilder (DBStoreBuilder.java:addTable(117)) - using custom profile for table: prefixTable
2019-10-04 21:27:58,477 [main] INFO  db.DBStoreBuilder (DBStoreBuilder.java:processTables(168)) - Using default column profile:DBProfile.DISK for Table:prefixTable
2019-10-04 21:27:58,477 [main] INFO  db.DBStoreBuilder (DBStoreBuilder.java:addTable(117)) - using custom profile for table: default
2019-10-04 21:27:58,477 [main] INFO  db.DBStoreBuilder (DBStoreBuilder.java:processTables(174)) - Using default column profile:DBProfile.DISK for Table:default
2019-10-04 21:27:58,478 [main] INFO  db.DBStoreBuilder (DBStoreBuilder.java:getDbProfile(205)) - Using default options. DBProfile.DISK
2019-10-04 21:27:59,085 [main] INFO  ipc.CallQueueManager (CallQueueManager.java:<init>(84)) - Using callQueue: class java.util.concurrent.LinkedBlockingQueue, queueCapacity: 2000, scheduler: class org.apache.hadoop.ipc.DefaultRpcScheduler, ipcBackoff: false.
2019-10-04 21:27:59,086 [Socket Reader #1 for port 38217] INFO  ipc.Server (Server.java:run(1074)) - Starting Socket Reader #1 for port 38217
2019-10-04 21:27:59,104 [main] INFO  om.OzoneManager (OzoneManager.java:start(1069)) - OzoneManager RPC server is listening at localhost/127.0.0.1:38217
2019-10-04 21:27:59,105 [main] INFO  impl.MetricsSystemImpl (MetricsSystemImpl.java:init(158)) - OzoneManager metrics system started (again)
2019-10-04 21:27:59,109 [IPC Server Responder] INFO  ipc.Server (Server.java:run(1314)) - IPC Server Responder: starting
2019-10-04 21:27:59,110 [IPC Server listener on 38217] INFO  ipc.Server (Server.java:run(1153)) - IPC Server listener on 38217: starting
2019-10-04 21:27:59,118 [main] INFO  hdfs.DFSUtil (DFSUtil.java:httpServerTemplateForNNAndJN(1641)) - Starting Web-server for ozoneManager at: http://0.0.0.0:0
2019-10-04 21:27:59,120 [main] INFO  server.AuthenticationFilter (AuthenticationFilter.java:constructSecretProvider(240)) - Unable to initialize FileSignerSecretProvider, falling back to use random secrets.
2019-10-04 21:27:59,121 [main] WARN  http.HttpRequestLog (HttpRequestLog.java:getRequestLog(97)) - Jetty request log can only be enabled using Log4j
2019-10-04 21:27:59,123 [main] INFO  http.HttpServer2 (HttpServer2.java:addGlobalFilter(975)) - Added global filter 'safety' (class=org.apache.hadoop.http.HttpServer2$QuotingInputFilter)
2019-10-04 21:27:59,123 [main] INFO  http.HttpServer2 (HttpServer2.java:addFilter(948)) - Added filter static_user_filter (class=org.apache.hadoop.http.lib.StaticUserWebFilter$StaticUserFilter) to context ozoneManager
2019-10-04 21:27:59,124 [main] INFO  http.HttpServer2 (HttpServer2.java:addFilter(958)) - Added filter static_user_filter (class=org.apache.hadoop.http.lib.StaticUserWebFilter$StaticUserFilter) to context static
2019-10-04 21:27:59,124 [main] INFO  http.HttpServer2 (HttpServer2.java:addFilter(958)) - Added filter static_user_filter (class=org.apache.hadoop.http.lib.StaticUserWebFilter$StaticUserFilter) to context logs
2019-10-04 21:27:59,125 [main] INFO  http.HttpServer2 (HttpServer2.java:bindListener(1191)) - Jetty bound to port 38514
2019-10-04 21:27:59,125 [main] INFO  server.Server (Server.java:doStart(351)) - jetty-9.3.25.v20180904, build timestamp: 2018-09-04T21:11:46Z, git hash: 3ce520221d0240229c862b122d2b06c12a625732
2019-10-04 21:27:59,127 [main] INFO  handler.ContextHandler (ContextHandler.java:doStart(781)) - Started o.e.j.s.ServletContextHandler@7e49ded{/logs,file:///workdir/hadoop-ozone/integration-test/target/log,AVAILABLE}
2019-10-04 21:27:59,127 [main] INFO  handler.ContextHandler (ContextHandler.java:doStart(781)) - Started o.e.j.s.ServletContextHandler@2478b629{/static,file:///workdir/hadoop-ozone/integration-test/target/test-classes/webapps/static,AVAILABLE}
2019-10-04 21:27:59,132 [main] INFO  handler.ContextHandler (ContextHandler.java:doStart(781)) - Started o.e.j.w.WebAppContext@66f16742{/,file:///workdir/hadoop-ozone/integration-test/target/test-classes/webapps/ozoneManager/,AVAILABLE}{/ozoneManager}
2019-10-04 21:27:59,132 [main] INFO  server.AbstractConnector (AbstractConnector.java:doStart(278)) - Started ServerConnector@2871ac91{HTTP/1.1,[http/1.1]}{0.0.0.0:38514}
2019-10-04 21:27:59,136 [main] INFO  server.Server (Server.java:doStart(419)) - Started @229115ms
2019-10-04 21:27:59,136 [main] WARN  impl.MetricsSystemImpl (MetricsSystemImpl.java:register(276)) - Sink prometheus already exists!
2019-10-04 21:27:59,137 [main] INFO  server.BaseHttpServer (BaseHttpServer.java:updateConnectorAddress(215)) - HTTP server of OZONEMANAGER is listening at http://0.0.0.0:38514
2019-10-04 21:27:59,155 [main] INFO  impl.MetricsSystemImpl (MetricsSystemImpl.java:init(158)) - HddsDatanode metrics system started (again)
2019-10-04 21:27:59,178 [main] INFO  ozone.HddsDatanodeService (HddsDatanodeService.java:start(184)) - HddsDatanodeService host:pr-hdds-2239-t668n-1079239961 ip:192.168.151.72
2019-10-04 21:27:59,189 [main] INFO  volume.HddsVolume (HddsVolume.java:<init>(176)) - Creating Volume: /workdir/hadoop-ozone/integration-test/target/test-dir/MiniOzoneClusterImpl-bc605976-4d95-4dc7-a329-328585032c31/datanode-0/data/containers/hdds of  storage type : DISK and capacity : 1482555576320
2019-10-04 21:27:59,190 [main] INFO  volume.VolumeSet (VolumeSet.java:initializeVolumeSet(170)) - Added Volume : /workdir/hadoop-ozone/integration-test/target/test-dir/MiniOzoneClusterImpl-bc605976-4d95-4dc7-a329-328585032c31/datanode-0/data/containers/hdds to VolumeSet
2019-10-04 21:27:59,190 [main] INFO  volume.ThrottledAsyncChecker (ThrottledAsyncChecker.java:schedule(139)) - Scheduling a check for org.apache.hadoop.ozone.container.common.volume.HddsVolume@6ddd1c51
2019-10-04 21:27:59,194 [main] INFO  volume.HddsVolumeChecker (HddsVolumeChecker.java:checkAllVolumes(202)) - Scheduled health check for volume org.apache.hadoop.ozone.container.common.volume.HddsVolume@6ddd1c51
2019-10-04 21:27:59,210 [main] INFO  impl.RaftServerProxy (ConfUtils.java:logGet(43)) - raft.rpc.type = GRPC (default)
2019-10-04 21:27:59,210 [main] INFO  grpc.GrpcFactory (GrpcFactory.java:checkPooledByteBufAllocatorUseCacheForAllThreads(45)) - PERFORMANCE WARNING: useCacheForAllThreads is true that may cause Netty to create a lot garbage objects and, as a result, trigger GC.
	It is recommended to disable useCacheForAllThreads by setting -Dorg.apache.ratis.thirdparty.io.netty.allocator.useCacheForAllThreads=false in command line.
2019-10-04 21:27:59,210 [main] INFO  grpc.GrpcConfigKeys$Server (ConfUtils.java:logGet(43)) - raft.grpc.server.port = 0 (default)
2019-10-04 21:27:59,210 [main] INFO  server.GrpcService (ConfUtils.java:logGet(43)) - raft.grpc.message.size.max = 33570816 (custom)
2019-10-04 21:27:59,211 [main] INFO  server.RaftServerConfigKeys (ConfUtils.java:logGet(43)) - raft.server.log.appender.buffer.byte-limit = 33554432 (custom)
2019-10-04 21:27:59,211 [main] INFO  server.GrpcService (ConfUtils.java:logGet(43)) - raft.grpc.flow.control.window = 1MB (=1048576) (default)
2019-10-04 21:27:59,211 [main] INFO  server.RaftServerConfigKeys (ConfUtils.java:logGet(43)) - raft.server.rpc.request.timeout = 3000ms (default)
2019-10-04 21:27:59,212 [main] INFO  server.RaftServerConfigKeys (ConfUtils.java:logGet(43)) - raft.server.storage.dir = [/workdir/hadoop-ozone/integration-test/target/test-dir/MiniOzoneClusterImpl-bc605976-4d95-4dc7-a329-328585032c31/datanode-0/data/ratis] (custom)
2019-10-04 21:27:59,215 [main] INFO  hdfs.DFSUtil (DFSUtil.java:httpServerTemplateForNNAndJN(1641)) - Starting Web-server for hddsDatanode at: http://0.0.0.0:0
2019-10-04 21:27:59,216 [main] INFO  server.AuthenticationFilter (AuthenticationFilter.java:constructSecretProvider(240)) - Unable to initialize FileSignerSecretProvider, falling back to use random secrets.
2019-10-04 21:27:59,217 [main] WARN  http.HttpRequestLog (HttpRequestLog.java:getRequestLog(97)) - Jetty request log can only be enabled using Log4j
2019-10-04 21:27:59,218 [main] INFO  http.HttpServer2 (HttpServer2.java:addGlobalFilter(975)) - Added global filter 'safety' (class=org.apache.hadoop.http.HttpServer2$QuotingInputFilter)
2019-10-04 21:27:59,218 [main] INFO  http.HttpServer2 (HttpServer2.java:addFilter(948)) - Added filter static_user_filter (class=org.apache.hadoop.http.lib.StaticUserWebFilter$StaticUserFilter) to context hddsDatanode
2019-10-04 21:27:59,218 [main] INFO  http.HttpServer2 (HttpServer2.java:addFilter(958)) - Added filter static_user_filter (class=org.apache.hadoop.http.lib.StaticUserWebFilter$StaticUserFilter) to context logs
2019-10-04 21:27:59,219 [main] INFO  http.HttpServer2 (HttpServer2.java:addFilter(958)) - Added filter static_user_filter (class=org.apache.hadoop.http.lib.StaticUserWebFilter$StaticUserFilter) to context static
2019-10-04 21:27:59,219 [main] INFO  http.HttpServer2 (HttpServer2.java:bindListener(1191)) - Jetty bound to port 37543
2019-10-04 21:27:59,219 [main] INFO  server.Server (Server.java:doStart(351)) - jetty-9.3.25.v20180904, build timestamp: 2018-09-04T21:11:46Z, git hash: 3ce520221d0240229c862b122d2b06c12a625732
2019-10-04 21:27:59,221 [main] INFO  handler.ContextHandler (ContextHandler.java:doStart(781)) - Started o.e.j.s.ServletContextHandler@76396509{/logs,file:///workdir/hadoop-ozone/integration-test/target/log,AVAILABLE}
2019-10-04 21:27:59,222 [main] INFO  handler.ContextHandler (ContextHandler.java:doStart(781)) - Started o.e.j.s.ServletContextHandler@51ac12ac{/static,jar:file:/home/user/.m2/repository/org/apache/hadoop/hadoop-hdds-container-service/0.5.0-SNAPSHOT/hadoop-hdds-container-service-0.5.0-SNAPSHOT.jar!/webapps/static,AVAILABLE}
2019-10-04 21:27:59,250 [main] INFO  handler.ContextHandler (ContextHandler.java:doStart(781)) - Started o.e.j.w.WebAppContext@17ff8810{/,file:///tmp/jetty-0.0.0.0-37543-hddsDatanode-_-any-6847634670023860495.dir/webapp/,AVAILABLE}{/hddsDatanode}
2019-10-04 21:27:59,251 [main] INFO  server.AbstractConnector (AbstractConnector.java:doStart(278)) - Started ServerConnector@6c951ada{HTTP/1.1,[http/1.1]}{0.0.0.0:37543}
2019-10-04 21:27:59,254 [main] INFO  server.Server (Server.java:doStart(419)) - Started @229234ms
2019-10-04 21:27:59,254 [main] WARN  impl.MetricsSystemImpl (MetricsSystemImpl.java:register(276)) - Sink prometheus already exists!
2019-10-04 21:27:59,255 [main] INFO  server.BaseHttpServer (BaseHttpServer.java:updateConnectorAddress(215)) - HTTP server of HDDSDATANODE is listening at http://0.0.0.0:37543
2019-10-04 21:27:59,255 [main] INFO  impl.MetricsSystemImpl (MetricsSystemImpl.java:init(158)) - HddsDatanode metrics system started (again)
2019-10-04 21:27:59,271 [org.apache.hadoop.util.JvmPauseMonitor$Monitor@232102b7] INFO  util.JvmPauseMonitor (JvmPauseMonitor.java:run(188)) - Starting JVM pause monitor
2019-10-04 21:27:59,272 [main] INFO  ozone.HddsDatanodeService (HddsDatanodeService.java:start(184)) - HddsDatanodeService host:pr-hdds-2239-t668n-1079239961 ip:192.168.151.72
2019-10-04 21:27:59,273 [Datanode State Machine Thread - 0] INFO  datanode.InitDatanodeState (InitDatanodeState.java:persistContainerDatanodeDetails(140)) - DatanodeDetails is persisted to /workdir/hadoop-ozone/integration-test/target/test-dir/MiniOzoneClusterImpl-bc605976-4d95-4dc7-a329-328585032c31/datanode-0/meta/datanode.id
2019-10-04 21:27:59,281 [main] INFO  volume.HddsVolume (HddsVolume.java:<init>(176)) - Creating Volume: /workdir/hadoop-ozone/integration-test/target/test-dir/MiniOzoneClusterImpl-bc605976-4d95-4dc7-a329-328585032c31/datanode-1/data/containers/hdds of  storage type : DISK and capacity : 1482555576320
2019-10-04 21:27:59,281 [main] INFO  volume.VolumeSet (VolumeSet.java:initializeVolumeSet(170)) - Added Volume : /workdir/hadoop-ozone/integration-test/target/test-dir/MiniOzoneClusterImpl-bc605976-4d95-4dc7-a329-328585032c31/datanode-1/data/containers/hdds to VolumeSet
2019-10-04 21:27:59,282 [main] INFO  volume.ThrottledAsyncChecker (ThrottledAsyncChecker.java:schedule(139)) - Scheduling a check for org.apache.hadoop.ozone.container.common.volume.HddsVolume@6de7778f
2019-10-04 21:27:59,282 [main] INFO  volume.HddsVolumeChecker (HddsVolumeChecker.java:checkAllVolumes(202)) - Scheduled health check for volume org.apache.hadoop.ozone.container.common.volume.HddsVolume@6de7778f
2019-10-04 21:27:59,295 [main] INFO  impl.RaftServerProxy (ConfUtils.java:logGet(43)) - raft.rpc.type = GRPC (default)
2019-10-04 21:27:59,295 [main] INFO  grpc.GrpcFactory (GrpcFactory.java:checkPooledByteBufAllocatorUseCacheForAllThreads(45)) - PERFORMANCE WARNING: useCacheForAllThreads is true that may cause Netty to create a lot garbage objects and, as a result, trigger GC.
	It is recommended to disable useCacheForAllThreads by setting -Dorg.apache.ratis.thirdparty.io.netty.allocator.useCacheForAllThreads=false in command line.
2019-10-04 21:27:59,295 [main] INFO  grpc.GrpcConfigKeys$Server (ConfUtils.java:logGet(43)) - raft.grpc.server.port = 0 (default)
2019-10-04 21:27:59,295 [main] INFO  server.GrpcService (ConfUtils.java:logGet(43)) - raft.grpc.message.size.max = 33570816 (custom)
2019-10-04 21:27:59,295 [main] INFO  server.RaftServerConfigKeys (ConfUtils.java:logGet(43)) - raft.server.log.appender.buffer.byte-limit = 33554432 (custom)
2019-10-04 21:27:59,295 [main] INFO  server.GrpcService (ConfUtils.java:logGet(43)) - raft.grpc.flow.control.window = 1MB (=1048576) (default)
2019-10-04 21:27:59,296 [main] INFO  server.RaftServerConfigKeys (ConfUtils.java:logGet(43)) - raft.server.rpc.request.timeout = 3000ms (default)
2019-10-04 21:27:59,296 [main] INFO  server.RaftServerConfigKeys (ConfUtils.java:logGet(43)) - raft.server.storage.dir = [/workdir/hadoop-ozone/integration-test/target/test-dir/MiniOzoneClusterImpl-bc605976-4d95-4dc7-a329-328585032c31/datanode-1/data/ratis] (custom)
2019-10-04 21:27:59,297 [main] INFO  hdfs.DFSUtil (DFSUtil.java:httpServerTemplateForNNAndJN(1641)) - Starting Web-server for hddsDatanode at: http://0.0.0.0:0
2019-10-04 21:27:59,298 [main] INFO  server.AuthenticationFilter (AuthenticationFilter.java:constructSecretProvider(240)) - Unable to initialize FileSignerSecretProvider, falling back to use random secrets.
2019-10-04 21:27:59,299 [main] WARN  http.HttpRequestLog (HttpRequestLog.java:getRequestLog(97)) - Jetty request log can only be enabled using Log4j
2019-10-04 21:27:59,300 [main] INFO  http.HttpServer2 (HttpServer2.java:addGlobalFilter(975)) - Added global filter 'safety' (class=org.apache.hadoop.http.HttpServer2$QuotingInputFilter)
2019-10-04 21:27:59,300 [main] INFO  http.HttpServer2 (HttpServer2.java:addFilter(948)) - Added filter static_user_filter (class=org.apache.hadoop.http.lib.StaticUserWebFilter$StaticUserFilter) to context hddsDatanode
2019-10-04 21:27:59,300 [main] INFO  http.HttpServer2 (HttpServer2.java:addFilter(958)) - Added filter static_user_filter (class=org.apache.hadoop.http.lib.StaticUserWebFilter$StaticUserFilter) to context static
2019-10-04 21:27:59,300 [main] INFO  http.HttpServer2 (HttpServer2.java:addFilter(958)) - Added filter static_user_filter (class=org.apache.hadoop.http.lib.StaticUserWebFilter$StaticUserFilter) to context logs
2019-10-04 21:27:59,301 [main] INFO  http.HttpServer2 (HttpServer2.java:bindListener(1191)) - Jetty bound to port 35141
2019-10-04 21:27:59,301 [main] INFO  server.Server (Server.java:doStart(351)) - jetty-9.3.25.v20180904, build timestamp: 2018-09-04T21:11:46Z, git hash: 3ce520221d0240229c862b122d2b06c12a625732
2019-10-04 21:27:59,303 [main] INFO  handler.ContextHandler (ContextHandler.java:doStart(781)) - Started o.e.j.s.ServletContextHandler@3dfd6220{/logs,file:///workdir/hadoop-ozone/integration-test/target/log,AVAILABLE}
2019-10-04 21:27:59,303 [main] INFO  handler.ContextHandler (ContextHandler.java:doStart(781)) - Started o.e.j.s.ServletContextHandler@6de43bc1{/static,jar:file:/home/user/.m2/repository/org/apache/hadoop/hadoop-hdds-container-service/0.5.0-SNAPSHOT/hadoop-hdds-container-service-0.5.0-SNAPSHOT.jar!/webapps/static,AVAILABLE}
2019-10-04 21:27:59,331 [main] INFO  handler.ContextHandler (ContextHandler.java:doStart(781)) - Started o.e.j.w.WebAppContext@5a592c70{/,file:///tmp/jetty-0.0.0.0-35141-hddsDatanode-_-any-6790228564952594100.dir/webapp/,AVAILABLE}{/hddsDatanode}
2019-10-04 21:27:59,332 [main] INFO  server.AbstractConnector (AbstractConnector.java:doStart(278)) - Started ServerConnector@252ec02e{HTTP/1.1,[http/1.1]}{0.0.0.0:35141}
2019-10-04 21:27:59,334 [main] INFO  server.Server (Server.java:doStart(419)) - Started @229314ms
2019-10-04 21:27:59,335 [main] WARN  impl.MetricsSystemImpl (MetricsSystemImpl.java:register(276)) - Sink prometheus already exists!
2019-10-04 21:27:59,335 [main] INFO  server.BaseHttpServer (BaseHttpServer.java:updateConnectorAddress(215)) - HTTP server of HDDSDATANODE is listening at http://0.0.0.0:35141
2019-10-04 21:27:59,335 [main] INFO  impl.MetricsSystemImpl (MetricsSystemImpl.java:init(158)) - HddsDatanode metrics system started (again)
2019-10-04 21:27:59,352 [org.apache.hadoop.util.JvmPauseMonitor$Monitor@7a1531c7] INFO  util.JvmPauseMonitor (JvmPauseMonitor.java:run(188)) - Starting JVM pause monitor
2019-10-04 21:27:59,354 [main] INFO  ozone.HddsDatanodeService (HddsDatanodeService.java:start(184)) - HddsDatanodeService host:pr-hdds-2239-t668n-1079239961 ip:192.168.151.72
2019-10-04 21:27:59,354 [Datanode State Machine Thread - 0] INFO  datanode.InitDatanodeState (InitDatanodeState.java:persistContainerDatanodeDetails(140)) - DatanodeDetails is persisted to /workdir/hadoop-ozone/integration-test/target/test-dir/MiniOzoneClusterImpl-bc605976-4d95-4dc7-a329-328585032c31/datanode-1/meta/datanode.id
2019-10-04 21:27:59,362 [main] INFO  volume.HddsVolume (HddsVolume.java:<init>(176)) - Creating Volume: /workdir/hadoop-ozone/integration-test/target/test-dir/MiniOzoneClusterImpl-bc605976-4d95-4dc7-a329-328585032c31/datanode-2/data/containers/hdds of  storage type : DISK and capacity : 1482555576320
2019-10-04 21:27:59,363 [main] INFO  volume.VolumeSet (VolumeSet.java:initializeVolumeSet(170)) - Added Volume : /workdir/hadoop-ozone/integration-test/target/test-dir/MiniOzoneClusterImpl-bc605976-4d95-4dc7-a329-328585032c31/datanode-2/data/containers/hdds to VolumeSet
2019-10-04 21:27:59,363 [main] INFO  volume.ThrottledAsyncChecker (ThrottledAsyncChecker.java:schedule(139)) - Scheduling a check for org.apache.hadoop.ozone.container.common.volume.HddsVolume@2bd8f7db
2019-10-04 21:27:59,363 [main] INFO  volume.HddsVolumeChecker (HddsVolumeChecker.java:checkAllVolumes(202)) - Scheduled health check for volume org.apache.hadoop.ozone.container.common.volume.HddsVolume@2bd8f7db
2019-10-04 21:27:59,378 [main] INFO  impl.RaftServerProxy (ConfUtils.java:logGet(43)) - raft.rpc.type = GRPC (default)
2019-10-04 21:27:59,378 [main] INFO  grpc.GrpcFactory (GrpcFactory.java:checkPooledByteBufAllocatorUseCacheForAllThreads(45)) - PERFORMANCE WARNING: useCacheForAllThreads is true that may cause Netty to create a lot garbage objects and, as a result, trigger GC.
	It is recommended to disable useCacheForAllThreads by setting -Dorg.apache.ratis.thirdparty.io.netty.allocator.useCacheForAllThreads=false in command line.
2019-10-04 21:27:59,378 [main] INFO  grpc.GrpcConfigKeys$Server (ConfUtils.java:logGet(43)) - raft.grpc.server.port = 0 (default)
2019-10-04 21:27:59,378 [main] INFO  server.GrpcService (ConfUtils.java:logGet(43)) - raft.grpc.message.size.max = 33570816 (custom)
2019-10-04 21:27:59,378 [main] INFO  server.RaftServerConfigKeys (ConfUtils.java:logGet(43)) - raft.server.log.appender.buffer.byte-limit = 33554432 (custom)
2019-10-04 21:27:59,379 [main] INFO  server.GrpcService (ConfUtils.java:logGet(43)) - raft.grpc.flow.control.window = 1MB (=1048576) (default)
2019-10-04 21:27:59,379 [main] INFO  server.RaftServerConfigKeys (ConfUtils.java:logGet(43)) - raft.server.rpc.request.timeout = 3000ms (default)
2019-10-04 21:27:59,379 [main] INFO  server.RaftServerConfigKeys (ConfUtils.java:logGet(43)) - raft.server.storage.dir = [/workdir/hadoop-ozone/integration-test/target/test-dir/MiniOzoneClusterImpl-bc605976-4d95-4dc7-a329-328585032c31/datanode-2/data/ratis] (custom)
2019-10-04 21:27:59,380 [main] INFO  hdfs.DFSUtil (DFSUtil.java:httpServerTemplateForNNAndJN(1641)) - Starting Web-server for hddsDatanode at: http://0.0.0.0:0
2019-10-04 21:27:59,381 [main] INFO  server.AuthenticationFilter (AuthenticationFilter.java:constructSecretProvider(240)) - Unable to initialize FileSignerSecretProvider, falling back to use random secrets.
2019-10-04 21:27:59,382 [main] WARN  http.HttpRequestLog (HttpRequestLog.java:getRequestLog(97)) - Jetty request log can only be enabled using Log4j
2019-10-04 21:27:59,383 [main] INFO  http.HttpServer2 (HttpServer2.java:addGlobalFilter(975)) - Added global filter 'safety' (class=org.apache.hadoop.http.HttpServer2$QuotingInputFilter)
2019-10-04 21:27:59,383 [main] INFO  http.HttpServer2 (HttpServer2.java:addFilter(948)) - Added filter static_user_filter (class=org.apache.hadoop.http.lib.StaticUserWebFilter$StaticUserFilter) to context hddsDatanode
2019-10-04 21:27:59,383 [main] INFO  http.HttpServer2 (HttpServer2.java:addFilter(958)) - Added filter static_user_filter (class=org.apache.hadoop.http.lib.StaticUserWebFilter$StaticUserFilter) to context logs
2019-10-04 21:27:59,384 [main] INFO  http.HttpServer2 (HttpServer2.java:addFilter(958)) - Added filter static_user_filter (class=org.apache.hadoop.http.lib.StaticUserWebFilter$StaticUserFilter) to context static
2019-10-04 21:27:59,384 [main] INFO  http.HttpServer2 (HttpServer2.java:bindListener(1191)) - Jetty bound to port 37831
2019-10-04 21:27:59,384 [main] INFO  server.Server (Server.java:doStart(351)) - jetty-9.3.25.v20180904, build timestamp: 2018-09-04T21:11:46Z, git hash: 3ce520221d0240229c862b122d2b06c12a625732
2019-10-04 21:27:59,386 [main] INFO  handler.ContextHandler (ContextHandler.java:doStart(781)) - Started o.e.j.s.ServletContextHandler@10b8b900{/logs,file:///workdir/hadoop-ozone/integration-test/target/log,AVAILABLE}
2019-10-04 21:27:59,386 [main] INFO  handler.ContextHandler (ContextHandler.java:doStart(781)) - Started o.e.j.s.ServletContextHandler@2801827a{/static,jar:file:/home/user/.m2/repository/org/apache/hadoop/hadoop-hdds-container-service/0.5.0-SNAPSHOT/hadoop-hdds-container-service-0.5.0-SNAPSHOT.jar!/webapps/static,AVAILABLE}
2019-10-04 21:27:59,413 [main] INFO  handler.ContextHandler (ContextHandler.java:doStart(781)) - Started o.e.j.w.WebAppContext@7ac48e10{/,file:///tmp/jetty-0.0.0.0-37831-hddsDatanode-_-any-8740589359005930380.dir/webapp/,AVAILABLE}{/hddsDatanode}
2019-10-04 21:27:59,414 [main] INFO  server.AbstractConnector (AbstractConnector.java:doStart(278)) - Started ServerConnector@52354202{HTTP/1.1,[http/1.1]}{0.0.0.0:37831}
2019-10-04 21:27:59,416 [main] INFO  server.Server (Server.java:doStart(419)) - Started @229396ms
2019-10-04 21:27:59,416 [main] WARN  impl.MetricsSystemImpl (MetricsSystemImpl.java:register(276)) - Sink prometheus already exists!
2019-10-04 21:27:59,417 [main] INFO  server.BaseHttpServer (BaseHttpServer.java:updateConnectorAddress(215)) - HTTP server of HDDSDATANODE is listening at http://0.0.0.0:37831
2019-10-04 21:27:59,417 [main] INFO  impl.MetricsSystemImpl (MetricsSystemImpl.java:init(158)) - HddsDatanode metrics system started (again)
2019-10-04 21:27:59,434 [org.apache.hadoop.util.JvmPauseMonitor$Monitor@56dbdccc] INFO  util.JvmPauseMonitor (JvmPauseMonitor.java:run(188)) - Starting JVM pause monitor
2019-10-04 21:27:59,435 [main] INFO  ozone.HddsDatanodeService (HddsDatanodeService.java:start(184)) - HddsDatanodeService host:pr-hdds-2239-t668n-1079239961 ip:192.168.151.72
2019-10-04 21:27:59,436 [Datanode State Machine Thread - 0] INFO  datanode.InitDatanodeState (InitDatanodeState.java:persistContainerDatanodeDetails(140)) - DatanodeDetails is persisted to /workdir/hadoop-ozone/integration-test/target/test-dir/MiniOzoneClusterImpl-bc605976-4d95-4dc7-a329-328585032c31/datanode-2/meta/datanode.id
2019-10-04 21:27:59,442 [main] INFO  volume.HddsVolume (HddsVolume.java:<init>(176)) - Creating Volume: /workdir/hadoop-ozone/integration-test/target/test-dir/MiniOzoneClusterImpl-bc605976-4d95-4dc7-a329-328585032c31/datanode-3/data/containers/hdds of  storage type : DISK and capacity : 1482555576320
2019-10-04 21:27:59,443 [main] INFO  volume.VolumeSet (VolumeSet.java:initializeVolumeSet(170)) - Added Volume : /workdir/hadoop-ozone/integration-test/target/test-dir/MiniOzoneClusterImpl-bc605976-4d95-4dc7-a329-328585032c31/datanode-3/data/containers/hdds to VolumeSet
2019-10-04 21:27:59,443 [main] INFO  volume.ThrottledAsyncChecker (ThrottledAsyncChecker.java:schedule(139)) - Scheduling a check for org.apache.hadoop.ozone.container.common.volume.HddsVolume@79df80a4
2019-10-04 21:27:59,443 [main] INFO  volume.HddsVolumeChecker (HddsVolumeChecker.java:checkAllVolumes(202)) - Scheduled health check for volume org.apache.hadoop.ozone.container.common.volume.HddsVolume@79df80a4
2019-10-04 21:27:59,455 [main] INFO  impl.RaftServerProxy (ConfUtils.java:logGet(43)) - raft.rpc.type = GRPC (default)
2019-10-04 21:27:59,455 [main] INFO  grpc.GrpcFactory (GrpcFactory.java:checkPooledByteBufAllocatorUseCacheForAllThreads(45)) - PERFORMANCE WARNING: useCacheForAllThreads is true that may cause Netty to create a lot garbage objects and, as a result, trigger GC.
	It is recommended to disable useCacheForAllThreads by setting -Dorg.apache.ratis.thirdparty.io.netty.allocator.useCacheForAllThreads=false in command line.
2019-10-04 21:27:59,455 [main] INFO  grpc.GrpcConfigKeys$Server (ConfUtils.java:logGet(43)) - raft.grpc.server.port = 0 (default)
2019-10-04 21:27:59,455 [main] INFO  server.GrpcService (ConfUtils.java:logGet(43)) - raft.grpc.message.size.max = 33570816 (custom)
2019-10-04 21:27:59,455 [main] INFO  server.RaftServerConfigKeys (ConfUtils.java:logGet(43)) - raft.server.log.appender.buffer.byte-limit = 33554432 (custom)
2019-10-04 21:27:59,456 [main] INFO  server.GrpcService (ConfUtils.java:logGet(43)) - raft.grpc.flow.control.window = 1MB (=1048576) (default)
2019-10-04 21:27:59,456 [main] INFO  server.RaftServerConfigKeys (ConfUtils.java:logGet(43)) - raft.server.rpc.request.timeout = 3000ms (default)
2019-10-04 21:27:59,456 [main] INFO  server.RaftServerConfigKeys (ConfUtils.java:logGet(43)) - raft.server.storage.dir = [/workdir/hadoop-ozone/integration-test/target/test-dir/MiniOzoneClusterImpl-bc605976-4d95-4dc7-a329-328585032c31/datanode-3/data/ratis] (custom)
2019-10-04 21:27:59,457 [main] INFO  hdfs.DFSUtil (DFSUtil.java:httpServerTemplateForNNAndJN(1641)) - Starting Web-server for hddsDatanode at: http://0.0.0.0:0
2019-10-04 21:27:59,458 [main] INFO  server.AuthenticationFilter (AuthenticationFilter.java:constructSecretProvider(240)) - Unable to initialize FileSignerSecretProvider, falling back to use random secrets.
2019-10-04 21:27:59,459 [main] WARN  http.HttpRequestLog (HttpRequestLog.java:getRequestLog(97)) - Jetty request log can only be enabled using Log4j
2019-10-04 21:27:59,460 [main] INFO  http.HttpServer2 (HttpServer2.java:addGlobalFilter(975)) - Added global filter 'safety' (class=org.apache.hadoop.http.HttpServer2$QuotingInputFilter)
2019-10-04 21:27:59,460 [main] INFO  http.HttpServer2 (HttpServer2.java:addFilter(948)) - Added filter static_user_filter (class=org.apache.hadoop.http.lib.StaticUserWebFilter$StaticUserFilter) to context hddsDatanode
2019-10-04 21:27:59,460 [main] INFO  http.HttpServer2 (HttpServer2.java:addFilter(958)) - Added filter static_user_filter (class=org.apache.hadoop.http.lib.StaticUserWebFilter$StaticUserFilter) to context static
2019-10-04 21:27:59,460 [main] INFO  http.HttpServer2 (HttpServer2.java:addFilter(958)) - Added filter static_user_filter (class=org.apache.hadoop.http.lib.StaticUserWebFilter$StaticUserFilter) to context logs
2019-10-04 21:27:59,461 [main] INFO  http.HttpServer2 (HttpServer2.java:bindListener(1191)) - Jetty bound to port 40184
2019-10-04 21:27:59,461 [main] INFO  server.Server (Server.java:doStart(351)) - jetty-9.3.25.v20180904, build timestamp: 2018-09-04T21:11:46Z, git hash: 3ce520221d0240229c862b122d2b06c12a625732
2019-10-04 21:27:59,463 [main] INFO  handler.ContextHandler (ContextHandler.java:doStart(781)) - Started o.e.j.s.ServletContextHandler@3a4a5f3c{/logs,file:///workdir/hadoop-ozone/integration-test/target/log,AVAILABLE}
2019-10-04 21:27:59,463 [main] INFO  handler.ContextHandler (ContextHandler.java:doStart(781)) - Started o.e.j.s.ServletContextHandler@586cc15d{/static,jar:file:/home/user/.m2/repository/org/apache/hadoop/hadoop-hdds-container-service/0.5.0-SNAPSHOT/hadoop-hdds-container-service-0.5.0-SNAPSHOT.jar!/webapps/static,AVAILABLE}
2019-10-04 21:27:59,469 [grpc-default-executor-10] WARN  server.GrpcLogAppender (LogUtils.java:warn(134)) - aef531bd-6946-4f65-aff1-2034fa836c06@group-B46CC0D4AE81->b3a93a1c-bd5d-4647-93a8-f02890694163-AppendLogResponseHandler: Failed appendEntries: org.apache.ratis.thirdparty.io.grpc.StatusRuntimeException: UNAVAILABLE: io exception
2019-10-04 21:27:59,469 [grpc-default-executor-10] INFO  impl.FollowerInfo (FollowerInfo.java:lambda$new$0(51)) - aef531bd-6946-4f65-aff1-2034fa836c06@group-B46CC0D4AE81->b3a93a1c-bd5d-4647-93a8-f02890694163: nextIndex: updateUnconditionally 0 -> 0
2019-10-04 21:27:59,469 [grpc-default-executor-12] WARN  server.GrpcLogAppender (LogUtils.java:warn(134)) - aef531bd-6946-4f65-aff1-2034fa836c06@group-B46CC0D4AE81->85482a46-d908-46a3-b4f7-930495164df5-AppendLogResponseHandler: Failed appendEntries: org.apache.ratis.thirdparty.io.grpc.StatusRuntimeException: UNAVAILABLE: io exception
2019-10-04 21:27:59,469 [grpc-default-executor-12] INFO  impl.FollowerInfo (FollowerInfo.java:lambda$new$0(51)) - aef531bd-6946-4f65-aff1-2034fa836c06@group-B46CC0D4AE81->85482a46-d908-46a3-b4f7-930495164df5: nextIndex: updateUnconditionally 0 -> 0
2019-10-04 21:27:59,491 [main] INFO  handler.ContextHandler (ContextHandler.java:doStart(781)) - Started o.e.j.w.WebAppContext@6750e381{/,file:///tmp/jetty-0.0.0.0-40184-hddsDatanode-_-any-386881019883114908.dir/webapp/,AVAILABLE}{/hddsDatanode}
2019-10-04 21:27:59,492 [main] INFO  server.AbstractConnector (AbstractConnector.java:doStart(278)) - Started ServerConnector@5d850a25{HTTP/1.1,[http/1.1]}{0.0.0.0:40184}
2019-10-04 21:27:59,494 [main] INFO  server.Server (Server.java:doStart(419)) - Started @229474ms
2019-10-04 21:27:59,494 [main] WARN  impl.MetricsSystemImpl (MetricsSystemImpl.java:register(276)) - Sink prometheus already exists!
2019-10-04 21:27:59,495 [main] INFO  server.BaseHttpServer (BaseHttpServer.java:updateConnectorAddress(215)) - HTTP server of HDDSDATANODE is listening at http://0.0.0.0:40184
2019-10-04 21:27:59,496 [main] INFO  impl.MetricsSystemImpl (MetricsSystemImpl.java:init(158)) - HddsDatanode metrics system started (again)
2019-10-04 21:27:59,518 [org.apache.hadoop.util.JvmPauseMonitor$Monitor@3a2afc6d] INFO  util.JvmPauseMonitor (JvmPauseMonitor.java:run(188)) - Starting JVM pause monitor
2019-10-04 21:27:59,519 [main] INFO  ozone.HddsDatanodeService (HddsDatanodeService.java:start(184)) - HddsDatanodeService host:pr-hdds-2239-t668n-1079239961 ip:192.168.151.72
2019-10-04 21:27:59,520 [Datanode State Machine Thread - 0] INFO  datanode.InitDatanodeState (InitDatanodeState.java:persistContainerDatanodeDetails(140)) - DatanodeDetails is persisted to /workdir/hadoop-ozone/integration-test/target/test-dir/MiniOzoneClusterImpl-bc605976-4d95-4dc7-a329-328585032c31/datanode-3/meta/datanode.id
2019-10-04 21:27:59,526 [main] INFO  volume.HddsVolume (HddsVolume.java:<init>(176)) - Creating Volume: /workdir/hadoop-ozone/integration-test/target/test-dir/MiniOzoneClusterImpl-bc605976-4d95-4dc7-a329-328585032c31/datanode-4/data/containers/hdds of  storage type : DISK and capacity : 1482555576320
2019-10-04 21:27:59,526 [main] INFO  volume.VolumeSet (VolumeSet.java:initializeVolumeSet(170)) - Added Volume : /workdir/hadoop-ozone/integration-test/target/test-dir/MiniOzoneClusterImpl-bc605976-4d95-4dc7-a329-328585032c31/datanode-4/data/containers/hdds to VolumeSet
2019-10-04 21:27:59,526 [main] INFO  volume.ThrottledAsyncChecker (ThrottledAsyncChecker.java:schedule(139)) - Scheduling a check for org.apache.hadoop.ozone.container.common.volume.HddsVolume@46a8c2b4
2019-10-04 21:27:59,527 [main] INFO  volume.HddsVolumeChecker (HddsVolumeChecker.java:checkAllVolumes(202)) - Scheduled health check for volume org.apache.hadoop.ozone.container.common.volume.HddsVolume@46a8c2b4
2019-10-04 21:27:59,539 [main] INFO  impl.RaftServerProxy (ConfUtils.java:logGet(43)) - raft.rpc.type = GRPC (default)
2019-10-04 21:27:59,539 [main] INFO  grpc.GrpcFactory (GrpcFactory.java:checkPooledByteBufAllocatorUseCacheForAllThreads(45)) - PERFORMANCE WARNING: useCacheForAllThreads is true that may cause Netty to create a lot garbage objects and, as a result, trigger GC.
	It is recommended to disable useCacheForAllThreads by setting -Dorg.apache.ratis.thirdparty.io.netty.allocator.useCacheForAllThreads=false in command line.
2019-10-04 21:27:59,539 [main] INFO  grpc.GrpcConfigKeys$Server (ConfUtils.java:logGet(43)) - raft.grpc.server.port = 0 (default)
2019-10-04 21:27:59,540 [main] INFO  server.GrpcService (ConfUtils.java:logGet(43)) - raft.grpc.message.size.max = 33570816 (custom)
2019-10-04 21:27:59,540 [main] INFO  server.RaftServerConfigKeys (ConfUtils.java:logGet(43)) - raft.server.log.appender.buffer.byte-limit = 33554432 (custom)
2019-10-04 21:27:59,540 [main] INFO  server.GrpcService (ConfUtils.java:logGet(43)) - raft.grpc.flow.control.window = 1MB (=1048576) (default)
2019-10-04 21:27:59,540 [main] INFO  server.RaftServerConfigKeys (ConfUtils.java:logGet(43)) - raft.server.rpc.request.timeout = 3000ms (default)
2019-10-04 21:27:59,541 [main] INFO  server.RaftServerConfigKeys (ConfUtils.java:logGet(43)) - raft.server.storage.dir = [/workdir/hadoop-ozone/integration-test/target/test-dir/MiniOzoneClusterImpl-bc605976-4d95-4dc7-a329-328585032c31/datanode-4/data/ratis] (custom)
2019-10-04 21:27:59,542 [main] INFO  hdfs.DFSUtil (DFSUtil.java:httpServerTemplateForNNAndJN(1641)) - Starting Web-server for hddsDatanode at: http://0.0.0.0:0
2019-10-04 21:27:59,543 [main] INFO  server.AuthenticationFilter (AuthenticationFilter.java:constructSecretProvider(240)) - Unable to initialize FileSignerSecretProvider, falling back to use random secrets.
2019-10-04 21:27:59,543 [main] WARN  http.HttpRequestLog (HttpRequestLog.java:getRequestLog(97)) - Jetty request log can only be enabled using Log4j
2019-10-04 21:27:59,544 [main] INFO  http.HttpServer2 (HttpServer2.java:addGlobalFilter(975)) - Added global filter 'safety' (class=org.apache.hadoop.http.HttpServer2$QuotingInputFilter)
2019-10-04 21:27:59,545 [main] INFO  http.HttpServer2 (HttpServer2.java:addFilter(948)) - Added filter static_user_filter (class=org.apache.hadoop.http.lib.StaticUserWebFilter$StaticUserFilter) to context hddsDatanode
2019-10-04 21:27:59,545 [main] INFO  http.HttpServer2 (HttpServer2.java:addFilter(958)) - Added filter static_user_filter (class=org.apache.hadoop.http.lib.StaticUserWebFilter$StaticUserFilter) to context static
2019-10-04 21:27:59,545 [main] INFO  http.HttpServer2 (HttpServer2.java:addFilter(958)) - Added filter static_user_filter (class=org.apache.hadoop.http.lib.StaticUserWebFilter$StaticUserFilter) to context logs
2019-10-04 21:27:59,546 [main] INFO  http.HttpServer2 (HttpServer2.java:bindListener(1191)) - Jetty bound to port 45764
2019-10-04 21:27:59,546 [main] INFO  server.Server (Server.java:doStart(351)) - jetty-9.3.25.v20180904, build timestamp: 2018-09-04T21:11:46Z, git hash: 3ce520221d0240229c862b122d2b06c12a625732
2019-10-04 21:27:59,547 [main] INFO  handler.ContextHandler (ContextHandler.java:doStart(781)) - Started o.e.j.s.ServletContextHandler@2726a511{/logs,file:///workdir/hadoop-ozone/integration-test/target/log,AVAILABLE}
2019-10-04 21:27:59,548 [main] INFO  handler.ContextHandler (ContextHandler.java:doStart(781)) - Started o.e.j.s.ServletContextHandler@686cf8ad{/static,jar:file:/home/user/.m2/repository/org/apache/hadoop/hadoop-hdds-container-service/0.5.0-SNAPSHOT/hadoop-hdds-container-service-0.5.0-SNAPSHOT.jar!/webapps/static,AVAILABLE}
2019-10-04 21:27:59,577 [main] INFO  handler.ContextHandler (ContextHandler.java:doStart(781)) - Started o.e.j.w.WebAppContext@756808cc{/,file:///tmp/jetty-0.0.0.0-45764-hddsDatanode-_-any-3444531622244701598.dir/webapp/,AVAILABLE}{/hddsDatanode}
2019-10-04 21:27:59,578 [main] INFO  server.AbstractConnector (AbstractConnector.java:doStart(278)) - Started ServerConnector@52f8a6f4{HTTP/1.1,[http/1.1]}{0.0.0.0:45764}
2019-10-04 21:27:59,581 [main] INFO  server.Server (Server.java:doStart(419)) - Started @229561ms
2019-10-04 21:27:59,582 [main] WARN  impl.MetricsSystemImpl (MetricsSystemImpl.java:register(276)) - Sink prometheus already exists!
2019-10-04 21:27:59,582 [main] INFO  server.BaseHttpServer (BaseHttpServer.java:updateConnectorAddress(215)) - HTTP server of HDDSDATANODE is listening at http://0.0.0.0:45764
2019-10-04 21:27:59,583 [main] INFO  impl.MetricsSystemImpl (MetricsSystemImpl.java:init(158)) - HddsDatanode metrics system started (again)
2019-10-04 21:27:59,602 [org.apache.hadoop.util.JvmPauseMonitor$Monitor@78e16f48] INFO  util.JvmPauseMonitor (JvmPauseMonitor.java:run(188)) - Starting JVM pause monitor
2019-10-04 21:27:59,603 [Datanode State Machine Thread - 0] INFO  datanode.InitDatanodeState (InitDatanodeState.java:persistContainerDatanodeDetails(140)) - DatanodeDetails is persisted to /workdir/hadoop-ozone/integration-test/target/test-dir/MiniOzoneClusterImpl-bc605976-4d95-4dc7-a329-328585032c31/datanode-4/meta/datanode.id
2019-10-04 21:27:59,604 [main] INFO  ozone.HddsDatanodeService (HddsDatanodeService.java:start(184)) - HddsDatanodeService host:pr-hdds-2239-t668n-1079239961 ip:192.168.151.72
2019-10-04 21:27:59,614 [main] INFO  volume.HddsVolume (HddsVolume.java:<init>(176)) - Creating Volume: /workdir/hadoop-ozone/integration-test/target/test-dir/MiniOzoneClusterImpl-bc605976-4d95-4dc7-a329-328585032c31/datanode-5/data/containers/hdds of  storage type : DISK and capacity : 1482555576320
2019-10-04 21:27:59,614 [main] INFO  volume.VolumeSet (VolumeSet.java:initializeVolumeSet(170)) - Added Volume : /workdir/hadoop-ozone/integration-test/target/test-dir/MiniOzoneClusterImpl-bc605976-4d95-4dc7-a329-328585032c31/datanode-5/data/containers/hdds to VolumeSet
2019-10-04 21:27:59,614 [main] INFO  volume.ThrottledAsyncChecker (ThrottledAsyncChecker.java:schedule(139)) - Scheduling a check for org.apache.hadoop.ozone.container.common.volume.HddsVolume@34edd065
2019-10-04 21:27:59,615 [main] INFO  volume.HddsVolumeChecker (HddsVolumeChecker.java:checkAllVolumes(202)) - Scheduled health check for volume org.apache.hadoop.ozone.container.common.volume.HddsVolume@34edd065
2019-10-04 21:27:59,634 [main] INFO  impl.RaftServerProxy (ConfUtils.java:logGet(43)) - raft.rpc.type = GRPC (default)
2019-10-04 21:27:59,635 [main] INFO  grpc.GrpcFactory (GrpcFactory.java:checkPooledByteBufAllocatorUseCacheForAllThreads(45)) - PERFORMANCE WARNING: useCacheForAllThreads is true that may cause Netty to create a lot garbage objects and, as a result, trigger GC.
	It is recommended to disable useCacheForAllThreads by setting -Dorg.apache.ratis.thirdparty.io.netty.allocator.useCacheForAllThreads=false in command line.
2019-10-04 21:27:59,635 [main] INFO  grpc.GrpcConfigKeys$Server (ConfUtils.java:logGet(43)) - raft.grpc.server.port = 0 (default)
2019-10-04 21:27:59,635 [main] INFO  server.GrpcService (ConfUtils.java:logGet(43)) - raft.grpc.message.size.max = 33570816 (custom)
2019-10-04 21:27:59,635 [main] INFO  server.RaftServerConfigKeys (ConfUtils.java:logGet(43)) - raft.server.log.appender.buffer.byte-limit = 33554432 (custom)
2019-10-04 21:27:59,636 [main] INFO  server.GrpcService (ConfUtils.java:logGet(43)) - raft.grpc.flow.control.window = 1MB (=1048576) (default)
2019-10-04 21:27:59,636 [main] INFO  server.RaftServerConfigKeys (ConfUtils.java:logGet(43)) - raft.server.rpc.request.timeout = 3000ms (default)
2019-10-04 21:27:59,636 [main] INFO  server.RaftServerConfigKeys (ConfUtils.java:logGet(43)) - raft.server.storage.dir = [/workdir/hadoop-ozone/integration-test/target/test-dir/MiniOzoneClusterImpl-bc605976-4d95-4dc7-a329-328585032c31/datanode-5/data/ratis] (custom)
2019-10-04 21:27:59,638 [main] INFO  hdfs.DFSUtil (DFSUtil.java:httpServerTemplateForNNAndJN(1641)) - Starting Web-server for hddsDatanode at: http://0.0.0.0:0
2019-10-04 21:27:59,639 [main] INFO  server.AuthenticationFilter (AuthenticationFilter.java:constructSecretProvider(240)) - Unable to initialize FileSignerSecretProvider, falling back to use random secrets.
2019-10-04 21:27:59,640 [main] WARN  http.HttpRequestLog (HttpRequestLog.java:getRequestLog(97)) - Jetty request log can only be enabled using Log4j
2019-10-04 21:27:59,641 [main] INFO  http.HttpServer2 (HttpServer2.java:addGlobalFilter(975)) - Added global filter 'safety' (class=org.apache.hadoop.http.HttpServer2$QuotingInputFilter)
2019-10-04 21:27:59,641 [main] INFO  http.HttpServer2 (HttpServer2.java:addFilter(948)) - Added filter static_user_filter (class=org.apache.hadoop.http.lib.StaticUserWebFilter$StaticUserFilter) to context hddsDatanode
2019-10-04 21:27:59,641 [main] INFO  http.HttpServer2 (HttpServer2.java:addFilter(958)) - Added filter static_user_filter (class=org.apache.hadoop.http.lib.StaticUserWebFilter$StaticUserFilter) to context logs
2019-10-04 21:27:59,642 [main] INFO  http.HttpServer2 (HttpServer2.java:addFilter(958)) - Added filter static_user_filter (class=org.apache.hadoop.http.lib.StaticUserWebFilter$StaticUserFilter) to context static
2019-10-04 21:27:59,642 [main] INFO  http.HttpServer2 (HttpServer2.java:bindListener(1191)) - Jetty bound to port 42725
2019-10-04 21:27:59,642 [main] INFO  server.Server (Server.java:doStart(351)) - jetty-9.3.25.v20180904, build timestamp: 2018-09-04T21:11:46Z, git hash: 3ce520221d0240229c862b122d2b06c12a625732
2019-10-04 21:27:59,644 [main] INFO  handler.ContextHandler (ContextHandler.java:doStart(781)) - Started o.e.j.s.ServletContextHandler@29bbc63c{/logs,file:///workdir/hadoop-ozone/integration-test/target/log,AVAILABLE}
2019-10-04 21:27:59,644 [main] INFO  handler.ContextHandler (ContextHandler.java:doStart(781)) - Started o.e.j.s.ServletContextHandler@2cccf134{/static,jar:file:/home/user/.m2/repository/org/apache/hadoop/hadoop-hdds-container-service/0.5.0-SNAPSHOT/hadoop-hdds-container-service-0.5.0-SNAPSHOT.jar!/webapps/static,AVAILABLE}
2019-10-04 21:27:59,670 [main] INFO  handler.ContextHandler (ContextHandler.java:doStart(781)) - Started o.e.j.w.WebAppContext@231df705{/,file:///tmp/jetty-0.0.0.0-42725-hddsDatanode-_-any-7942259034948103518.dir/webapp/,AVAILABLE}{/hddsDatanode}
2019-10-04 21:27:59,670 [main] INFO  server.AbstractConnector (AbstractConnector.java:doStart(278)) - Started ServerConnector@2d130ac4{HTTP/1.1,[http/1.1]}{0.0.0.0:42725}
2019-10-04 21:27:59,674 [main] INFO  server.Server (Server.java:doStart(419)) - Started @229654ms
2019-10-04 21:27:59,674 [main] WARN  impl.MetricsSystemImpl (MetricsSystemImpl.java:register(276)) - Sink prometheus already exists!
2019-10-04 21:27:59,675 [main] INFO  server.BaseHttpServer (BaseHttpServer.java:updateConnectorAddress(215)) - HTTP server of HDDSDATANODE is listening at http://0.0.0.0:42725
2019-10-04 21:27:59,675 [main] INFO  impl.MetricsSystemImpl (MetricsSystemImpl.java:init(158)) - HddsDatanode metrics system started (again)
2019-10-04 21:27:59,697 [org.apache.hadoop.util.JvmPauseMonitor$Monitor@284c2f01] INFO  util.JvmPauseMonitor (JvmPauseMonitor.java:run(188)) - Starting JVM pause monitor
2019-10-04 21:27:59,698 [Datanode State Machine Thread - 0] INFO  datanode.InitDatanodeState (InitDatanodeState.java:persistContainerDatanodeDetails(140)) - DatanodeDetails is persisted to /workdir/hadoop-ozone/integration-test/target/test-dir/MiniOzoneClusterImpl-bc605976-4d95-4dc7-a329-328585032c31/datanode-5/meta/datanode.id
2019-10-04 21:27:59,699 [main] INFO  ozone.HddsDatanodeService (HddsDatanodeService.java:start(184)) - HddsDatanodeService host:pr-hdds-2239-t668n-1079239961 ip:192.168.151.72
2019-10-04 21:27:59,710 [main] INFO  volume.HddsVolume (HddsVolume.java:<init>(176)) - Creating Volume: /workdir/hadoop-ozone/integration-test/target/test-dir/MiniOzoneClusterImpl-bc605976-4d95-4dc7-a329-328585032c31/datanode-6/data/containers/hdds of  storage type : DISK and capacity : 1482555576320
2019-10-04 21:27:59,710 [main] INFO  volume.VolumeSet (VolumeSet.java:initializeVolumeSet(170)) - Added Volume : /workdir/hadoop-ozone/integration-test/target/test-dir/MiniOzoneClusterImpl-bc605976-4d95-4dc7-a329-328585032c31/datanode-6/data/containers/hdds to VolumeSet
2019-10-04 21:27:59,711 [main] INFO  volume.ThrottledAsyncChecker (ThrottledAsyncChecker.java:schedule(139)) - Scheduling a check for org.apache.hadoop.ozone.container.common.volume.HddsVolume@48e41b5d
2019-10-04 21:27:59,711 [main] INFO  volume.HddsVolumeChecker (HddsVolumeChecker.java:checkAllVolumes(202)) - Scheduled health check for volume org.apache.hadoop.ozone.container.common.volume.HddsVolume@48e41b5d
2019-10-04 21:27:59,732 [main] INFO  impl.RaftServerProxy (ConfUtils.java:logGet(43)) - raft.rpc.type = GRPC (default)
2019-10-04 21:27:59,732 [main] INFO  grpc.GrpcFactory (GrpcFactory.java:checkPooledByteBufAllocatorUseCacheForAllThreads(45)) - PERFORMANCE WARNING: useCacheForAllThreads is true that may cause Netty to create a lot garbage objects and, as a result, trigger GC.
	It is recommended to disable useCacheForAllThreads by setting -Dorg.apache.ratis.thirdparty.io.netty.allocator.useCacheForAllThreads=false in command line.
2019-10-04 21:27:59,733 [main] INFO  grpc.GrpcConfigKeys$Server (ConfUtils.java:logGet(43)) - raft.grpc.server.port = 0 (default)
2019-10-04 21:27:59,733 [main] INFO  server.GrpcService (ConfUtils.java:logGet(43)) - raft.grpc.message.size.max = 33570816 (custom)
2019-10-04 21:27:59,733 [main] INFO  server.RaftServerConfigKeys (ConfUtils.java:logGet(43)) - raft.server.log.appender.buffer.byte-limit = 33554432 (custom)
2019-10-04 21:27:59,733 [main] INFO  server.GrpcService (ConfUtils.java:logGet(43)) - raft.grpc.flow.control.window = 1MB (=1048576) (default)
2019-10-04 21:27:59,734 [main] INFO  server.RaftServerConfigKeys (ConfUtils.java:logGet(43)) - raft.server.rpc.request.timeout = 3000ms (default)
2019-10-04 21:27:59,734 [main] INFO  server.RaftServerConfigKeys (ConfUtils.java:logGet(43)) - raft.server.storage.dir = [/workdir/hadoop-ozone/integration-test/target/test-dir/MiniOzoneClusterImpl-bc605976-4d95-4dc7-a329-328585032c31/datanode-6/data/ratis] (custom)
2019-10-04 21:27:59,736 [main] INFO  hdfs.DFSUtil (DFSUtil.java:httpServerTemplateForNNAndJN(1641)) - Starting Web-server for hddsDatanode at: http://0.0.0.0:0
2019-10-04 21:27:59,737 [main] INFO  server.AuthenticationFilter (AuthenticationFilter.java:constructSecretProvider(240)) - Unable to initialize FileSignerSecretProvider, falling back to use random secrets.
2019-10-04 21:27:59,738 [main] WARN  http.HttpRequestLog (HttpRequestLog.java:getRequestLog(97)) - Jetty request log can only be enabled using Log4j
2019-10-04 21:27:59,739 [main] INFO  http.HttpServer2 (HttpServer2.java:addGlobalFilter(975)) - Added global filter 'safety' (class=org.apache.hadoop.http.HttpServer2$QuotingInputFilter)
2019-10-04 21:27:59,739 [main] INFO  http.HttpServer2 (HttpServer2.java:addFilter(948)) - Added filter static_user_filter (class=org.apache.hadoop.http.lib.StaticUserWebFilter$StaticUserFilter) to context hddsDatanode
2019-10-04 21:27:59,740 [main] INFO  http.HttpServer2 (HttpServer2.java:addFilter(958)) - Added filter static_user_filter (class=org.apache.hadoop.http.lib.StaticUserWebFilter$StaticUserFilter) to context logs
2019-10-04 21:27:59,740 [main] INFO  http.HttpServer2 (HttpServer2.java:addFilter(958)) - Added filter static_user_filter (class=org.apache.hadoop.http.lib.StaticUserWebFilter$StaticUserFilter) to context static
2019-10-04 21:27:59,740 [main] INFO  http.HttpServer2 (HttpServer2.java:bindListener(1191)) - Jetty bound to port 39098
2019-10-04 21:27:59,741 [main] INFO  server.Server (Server.java:doStart(351)) - jetty-9.3.25.v20180904, build timestamp: 2018-09-04T21:11:46Z, git hash: 3ce520221d0240229c862b122d2b06c12a625732
2019-10-04 21:27:59,742 [main] INFO  handler.ContextHandler (ContextHandler.java:doStart(781)) - Started o.e.j.s.ServletContextHandler@129c4d19{/logs,file:///workdir/hadoop-ozone/integration-test/target/log,AVAILABLE}
2019-10-04 21:27:59,743 [main] INFO  handler.ContextHandler (ContextHandler.java:doStart(781)) - Started o.e.j.s.ServletContextHandler@13278a41{/static,jar:file:/home/user/.m2/repository/org/apache/hadoop/hadoop-hdds-container-service/0.5.0-SNAPSHOT/hadoop-hdds-container-service-0.5.0-SNAPSHOT.jar!/webapps/static,AVAILABLE}
2019-10-04 21:27:59,777 [main] INFO  handler.ContextHandler (ContextHandler.java:doStart(781)) - Started o.e.j.w.WebAppContext@325162e9{/,file:///tmp/jetty-0.0.0.0-39098-hddsDatanode-_-any-9059257924654791444.dir/webapp/,AVAILABLE}{/hddsDatanode}
2019-10-04 21:27:59,777 [main] INFO  server.AbstractConnector (AbstractConnector.java:doStart(278)) - Started ServerConnector@1ee40b5c{HTTP/1.1,[http/1.1]}{0.0.0.0:39098}
2019-10-04 21:27:59,777 [main] INFO  server.Server (Server.java:doStart(419)) - Started @229757ms
2019-10-04 21:27:59,781 [main] WARN  impl.MetricsSystemImpl (MetricsSystemImpl.java:register(276)) - Sink prometheus already exists!
2019-10-04 21:27:59,782 [main] INFO  server.BaseHttpServer (BaseHttpServer.java:updateConnectorAddress(215)) - HTTP server of HDDSDATANODE is listening at http://0.0.0.0:39098
2019-10-04 21:27:59,782 [main] INFO  ozone.MiniOzoneClusterImpl (MiniOzoneClusterImpl.java:lambda$waitForClusterToBeReady$0(147)) - Waiting for cluster to be ready. Got 0 of 7 DN Heartbeats.
2019-10-04 21:27:59,784 [org.apache.hadoop.util.JvmPauseMonitor$Monitor@719185d6] INFO  util.JvmPauseMonitor (JvmPauseMonitor.java:run(188)) - Starting JVM pause monitor
2019-10-04 21:27:59,785 [Datanode State Machine Thread - 0] INFO  datanode.InitDatanodeState (InitDatanodeState.java:persistContainerDatanodeDetails(140)) - DatanodeDetails is persisted to /workdir/hadoop-ozone/integration-test/target/test-dir/MiniOzoneClusterImpl-bc605976-4d95-4dc7-a329-328585032c31/datanode-6/meta/datanode.id
2019-10-04 21:28:00,783 [main] INFO  ozone.MiniOzoneClusterImpl (MiniOzoneClusterImpl.java:lambda$waitForClusterToBeReady$0(147)) - Waiting for cluster to be ready. Got 0 of 7 DN Heartbeats.
2019-10-04 21:28:01,335 [Datanode State Machine Thread - 0] INFO  ozoneimpl.OzoneContainer (OzoneContainer.java:start(217)) - Attempting to start container services.
2019-10-04 21:28:01,336 [Datanode State Machine Thread - 0] INFO  ozoneimpl.OzoneContainer (OzoneContainer.java:startContainerScrub(179)) - Background container scanner has been disabled.
2019-10-04 21:28:01,336 [Datanode State Machine Thread - 0] INFO  ratis.XceiverServerRatis (XceiverServerRatis.java:start(417)) - Starting XceiverServerRatis 117e6173-3a16-4e4f-95c1-02e2385318dd at port 0
2019-10-04 21:28:01,344 [Datanode State Machine Thread - 0] INFO  impl.RaftServerProxy (RaftServerProxy.java:lambda$start$3(299)) - 117e6173-3a16-4e4f-95c1-02e2385318dd: start RPC server
2019-10-04 21:28:01,346 [Datanode State Machine Thread - 0] INFO  server.GrpcService (GrpcService.java:startImpl(158)) - 117e6173-3a16-4e4f-95c1-02e2385318dd: GrpcService started, listening on 0.0.0.0/0.0.0.0:37596
2019-10-04 21:28:01,346 [Datanode State Machine Thread - 0] INFO  ratis.XceiverServerRatis (XceiverServerRatis.java:start(427)) - XceiverServerRatis 117e6173-3a16-4e4f-95c1-02e2385318dd is started using port 37596
2019-10-04 21:28:01,346 [Datanode State Machine Thread - 0] INFO  server.XceiverServerGrpc (XceiverServerGrpc.java:start(149)) - XceiverServerGrpc 117e6173-3a16-4e4f-95c1-02e2385318dd is started using port 44315
2019-10-04 21:28:01,370 [Datanode State Machine Thread - 0] INFO  ozoneimpl.OzoneContainer (OzoneContainer.java:start(217)) - Attempting to start container services.
2019-10-04 21:28:01,370 [Datanode State Machine Thread - 0] INFO  ozoneimpl.OzoneContainer (OzoneContainer.java:startContainerScrub(179)) - Background container scanner has been disabled.
2019-10-04 21:28:01,371 [Datanode State Machine Thread - 0] INFO  ratis.XceiverServerRatis (XceiverServerRatis.java:start(417)) - Starting XceiverServerRatis 76f8dd46-7a49-4c28-b6d4-c158c8440244 at port 0
2019-10-04 21:28:01,379 [Datanode State Machine Thread - 0] INFO  impl.RaftServerProxy (RaftServerProxy.java:lambda$start$3(299)) - 76f8dd46-7a49-4c28-b6d4-c158c8440244: start RPC server
2019-10-04 21:28:01,380 [Datanode State Machine Thread - 0] INFO  server.GrpcService (GrpcService.java:startImpl(158)) - 76f8dd46-7a49-4c28-b6d4-c158c8440244: GrpcService started, listening on 0.0.0.0/0.0.0.0:45621
2019-10-04 21:28:01,380 [Datanode State Machine Thread - 0] INFO  ratis.XceiverServerRatis (XceiverServerRatis.java:start(427)) - XceiverServerRatis 76f8dd46-7a49-4c28-b6d4-c158c8440244 is started using port 45621
2019-10-04 21:28:01,381 [Datanode State Machine Thread - 0] INFO  server.XceiverServerGrpc (XceiverServerGrpc.java:start(149)) - XceiverServerGrpc 76f8dd46-7a49-4c28-b6d4-c158c8440244 is started using port 38670
2019-10-04 21:28:01,449 [Datanode State Machine Thread - 0] INFO  ozoneimpl.OzoneContainer (OzoneContainer.java:start(217)) - Attempting to start container services.
2019-10-04 21:28:01,449 [Datanode State Machine Thread - 0] INFO  ozoneimpl.OzoneContainer (OzoneContainer.java:startContainerScrub(179)) - Background container scanner has been disabled.
2019-10-04 21:28:01,449 [Datanode State Machine Thread - 0] INFO  ratis.XceiverServerRatis (XceiverServerRatis.java:start(417)) - Starting XceiverServerRatis d68b6e22-9ed6-46cb-902d-288bc38a3b75 at port 0
2019-10-04 21:28:01,457 [Datanode State Machine Thread - 0] INFO  impl.RaftServerProxy (RaftServerProxy.java:lambda$start$3(299)) - d68b6e22-9ed6-46cb-902d-288bc38a3b75: start RPC server
2019-10-04 21:28:01,458 [Datanode State Machine Thread - 0] INFO  server.GrpcService (GrpcService.java:startImpl(158)) - d68b6e22-9ed6-46cb-902d-288bc38a3b75: GrpcService started, listening on 0.0.0.0/0.0.0.0:35524
2019-10-04 21:28:01,458 [Datanode State Machine Thread - 0] INFO  ratis.XceiverServerRatis (XceiverServerRatis.java:start(427)) - XceiverServerRatis d68b6e22-9ed6-46cb-902d-288bc38a3b75 is started using port 35524
2019-10-04 21:28:01,458 [Datanode State Machine Thread - 0] INFO  server.XceiverServerGrpc (XceiverServerGrpc.java:start(149)) - XceiverServerGrpc d68b6e22-9ed6-46cb-902d-288bc38a3b75 is started using port 37893
2019-10-04 21:28:01,534 [Datanode State Machine Thread - 0] INFO  ozoneimpl.OzoneContainer (OzoneContainer.java:start(217)) - Attempting to start container services.
2019-10-04 21:28:01,534 [Datanode State Machine Thread - 0] INFO  ozoneimpl.OzoneContainer (OzoneContainer.java:startContainerScrub(179)) - Background container scanner has been disabled.
2019-10-04 21:28:01,534 [Datanode State Machine Thread - 0] INFO  ratis.XceiverServerRatis (XceiverServerRatis.java:start(417)) - Starting XceiverServerRatis 692258db-9369-418a-ad89-2e962e970f02 at port 0
2019-10-04 21:28:01,542 [Datanode State Machine Thread - 0] INFO  impl.RaftServerProxy (RaftServerProxy.java:lambda$start$3(299)) - 692258db-9369-418a-ad89-2e962e970f02: start RPC server
2019-10-04 21:28:01,543 [Datanode State Machine Thread - 0] INFO  server.GrpcService (GrpcService.java:startImpl(158)) - 692258db-9369-418a-ad89-2e962e970f02: GrpcService started, listening on 0.0.0.0/0.0.0.0:45912
2019-10-04 21:28:01,543 [Datanode State Machine Thread - 0] INFO  ratis.XceiverServerRatis (XceiverServerRatis.java:start(427)) - XceiverServerRatis 692258db-9369-418a-ad89-2e962e970f02 is started using port 45912
2019-10-04 21:28:01,544 [Datanode State Machine Thread - 0] INFO  server.XceiverServerGrpc (XceiverServerGrpc.java:start(149)) - XceiverServerGrpc 692258db-9369-418a-ad89-2e962e970f02 is started using port 43156
2019-10-04 21:28:01,616 [Datanode State Machine Thread - 0] INFO  ozoneimpl.OzoneContainer (OzoneContainer.java:start(217)) - Attempting to start container services.
2019-10-04 21:28:01,616 [Datanode State Machine Thread - 0] INFO  ozoneimpl.OzoneContainer (OzoneContainer.java:startContainerScrub(179)) - Background container scanner has been disabled.
2019-10-04 21:28:01,616 [Datanode State Machine Thread - 0] INFO  ratis.XceiverServerRatis (XceiverServerRatis.java:start(417)) - Starting XceiverServerRatis af950672-a7e7-4366-ad73-34d1713f4936 at port 0
2019-10-04 21:28:01,624 [Datanode State Machine Thread - 0] INFO  impl.RaftServerProxy (RaftServerProxy.java:lambda$start$3(299)) - af950672-a7e7-4366-ad73-34d1713f4936: start RPC server
2019-10-04 21:28:01,624 [Datanode State Machine Thread - 0] INFO  server.GrpcService (GrpcService.java:startImpl(158)) - af950672-a7e7-4366-ad73-34d1713f4936: GrpcService started, listening on 0.0.0.0/0.0.0.0:36287
2019-10-04 21:28:01,624 [Datanode State Machine Thread - 0] INFO  ratis.XceiverServerRatis (XceiverServerRatis.java:start(427)) - XceiverServerRatis af950672-a7e7-4366-ad73-34d1713f4936 is started using port 36287
2019-10-04 21:28:01,625 [Datanode State Machine Thread - 0] INFO  server.XceiverServerGrpc (XceiverServerGrpc.java:start(149)) - XceiverServerGrpc af950672-a7e7-4366-ad73-34d1713f4936 is started using port 40452
2019-10-04 21:28:01,711 [Datanode State Machine Thread - 0] INFO  ozoneimpl.OzoneContainer (OzoneContainer.java:start(217)) - Attempting to start container services.
2019-10-04 21:28:01,711 [Datanode State Machine Thread - 0] INFO  ozoneimpl.OzoneContainer (OzoneContainer.java:startContainerScrub(179)) - Background container scanner has been disabled.
2019-10-04 21:28:01,711 [Datanode State Machine Thread - 0] INFO  ratis.XceiverServerRatis (XceiverServerRatis.java:start(417)) - Starting XceiverServerRatis 7d9a5e18-d3d4-4a07-976c-1bc843e8257a at port 0
2019-10-04 21:28:01,719 [Datanode State Machine Thread - 0] INFO  impl.RaftServerProxy (RaftServerProxy.java:lambda$start$3(299)) - 7d9a5e18-d3d4-4a07-976c-1bc843e8257a: start RPC server
2019-10-04 21:28:01,719 [Datanode State Machine Thread - 0] INFO  server.GrpcService (GrpcService.java:startImpl(158)) - 7d9a5e18-d3d4-4a07-976c-1bc843e8257a: GrpcService started, listening on 0.0.0.0/0.0.0.0:36866
2019-10-04 21:28:01,720 [Datanode State Machine Thread - 0] INFO  ratis.XceiverServerRatis (XceiverServerRatis.java:start(427)) - XceiverServerRatis 7d9a5e18-d3d4-4a07-976c-1bc843e8257a is started using port 36866
2019-10-04 21:28:01,720 [Datanode State Machine Thread - 0] INFO  server.XceiverServerGrpc (XceiverServerGrpc.java:start(149)) - XceiverServerGrpc 7d9a5e18-d3d4-4a07-976c-1bc843e8257a is started using port 33571
2019-10-04 21:28:01,784 [main] INFO  ozone.MiniOzoneClusterImpl (MiniOzoneClusterImpl.java:lambda$waitForClusterToBeReady$0(147)) - Waiting for cluster to be ready. Got 0 of 7 DN Heartbeats.
2019-10-04 21:28:01,806 [Datanode State Machine Thread - 0] INFO  ozoneimpl.OzoneContainer (OzoneContainer.java:start(217)) - Attempting to start container services.
2019-10-04 21:28:01,806 [Datanode State Machine Thread - 0] INFO  ozoneimpl.OzoneContainer (OzoneContainer.java:startContainerScrub(179)) - Background container scanner has been disabled.
2019-10-04 21:28:01,807 [Datanode State Machine Thread - 0] INFO  ratis.XceiverServerRatis (XceiverServerRatis.java:start(417)) - Starting XceiverServerRatis c5010002-c318-4afd-9fc1-65f5d9ac8797 at port 0
2019-10-04 21:28:01,813 [Datanode State Machine Thread - 0] INFO  impl.RaftServerProxy (RaftServerProxy.java:lambda$start$3(299)) - c5010002-c318-4afd-9fc1-65f5d9ac8797: start RPC server
2019-10-04 21:28:01,820 [Datanode State Machine Thread - 0] INFO  server.GrpcService (GrpcService.java:startImpl(158)) - c5010002-c318-4afd-9fc1-65f5d9ac8797: GrpcService started, listening on 0.0.0.0/0.0.0.0:46331
2019-10-04 21:28:01,820 [Datanode State Machine Thread - 0] INFO  ratis.XceiverServerRatis (XceiverServerRatis.java:start(427)) - XceiverServerRatis c5010002-c318-4afd-9fc1-65f5d9ac8797 is started using port 46331
2019-10-04 21:28:01,820 [Datanode State Machine Thread - 0] INFO  server.XceiverServerGrpc (XceiverServerGrpc.java:start(149)) - XceiverServerGrpc c5010002-c318-4afd-9fc1-65f5d9ac8797 is started using port 33442
2019-10-04 21:28:01,975 [grpc-default-executor-10] WARN  server.GrpcLogAppender (LogUtils.java:warn(134)) - aef531bd-6946-4f65-aff1-2034fa836c06@group-B46CC0D4AE81->b3a93a1c-bd5d-4647-93a8-f02890694163-AppendLogResponseHandler: Failed appendEntries: org.apache.ratis.thirdparty.io.grpc.StatusRuntimeException: UNAVAILABLE: io exception
2019-10-04 21:28:01,975 [grpc-default-executor-12] WARN  server.GrpcLogAppender (LogUtils.java:warn(134)) - aef531bd-6946-4f65-aff1-2034fa836c06@group-B46CC0D4AE81->85482a46-d908-46a3-b4f7-930495164df5-AppendLogResponseHandler: Failed appendEntries: org.apache.ratis.thirdparty.io.grpc.StatusRuntimeException: UNAVAILABLE: io exception
2019-10-04 21:28:01,975 [grpc-default-executor-10] INFO  impl.FollowerInfo (FollowerInfo.java:lambda$new$0(51)) - aef531bd-6946-4f65-aff1-2034fa836c06@group-B46CC0D4AE81->b3a93a1c-bd5d-4647-93a8-f02890694163: nextIndex: updateUnconditionally 0 -> 0
2019-10-04 21:28:01,975 [grpc-default-executor-12] INFO  impl.FollowerInfo (FollowerInfo.java:lambda$new$0(51)) - aef531bd-6946-4f65-aff1-2034fa836c06@group-B46CC0D4AE81->85482a46-d908-46a3-b4f7-930495164df5: nextIndex: updateUnconditionally 0 -> 0
2019-10-04 21:28:02,784 [main] INFO  ozone.MiniOzoneClusterImpl (MiniOzoneClusterImpl.java:lambda$waitForClusterToBeReady$0(147)) - Waiting for cluster to be ready. Got 0 of 7 DN Heartbeats.
2019-10-04 21:28:03,278 [IPC Server handler 4 on 43077] INFO  net.NetworkTopology (NetworkTopologyImpl.java:add(111)) - Added a new node: /default-rack/117e6173-3a16-4e4f-95c1-02e2385318dd
2019-10-04 21:28:03,282 [IPC Server handler 4 on 43077] INFO  node.SCMNodeManager (SCMNodeManager.java:register(268)) - Registered Data node : 117e6173-3a16-4e4f-95c1-02e2385318dd{ip: 192.168.151.72, host: pr-hdds-2239-t668n-1079239961, networkLocation: /default-rack, certSerialId: null}
2019-10-04 21:28:03,284 [EventQueue-NodeRegistrationContainerReportForDataNodeSafeModeRule] INFO  safemode.SCMSafeModeManager (DataNodeSafeModeRule.java:process(71)) - SCM in safe mode. 1 DataNodes registered, 1 required.
2019-10-04 21:28:03,287 [EventQueue-NodeRegistrationContainerReportForDataNodeSafeModeRule] INFO  safemode.SCMSafeModeManager (SCMSafeModeManager.java:validateSafeModeExitRules(177)) - ScmSafeModeManager, all rules are successfully validated
2019-10-04 21:28:03,288 [EventQueue-NodeRegistrationContainerReportForDataNodeSafeModeRule] INFO  safemode.SCMSafeModeManager (SCMSafeModeManager.java:exitSafeMode(193)) - SCM exiting safe mode.
2019-10-04 21:28:03,298 [grpc-default-executor-10] INFO  impl.RaftServerProxy (RaftServerProxy.java:addNew(89)) - 117e6173-3a16-4e4f-95c1-02e2385318dd: addNew group-160360CD5156:[117e6173-3a16-4e4f-95c1-02e2385318dd:192.168.151.72:37596] returns group-160360CD5156:java.util.concurrent.CompletableFuture@2db4e416[Not completed]
2019-10-04 21:28:03,301 [pool-383-thread-1] INFO  impl.RaftServerImpl (RaftServerImpl.java:<init>(95)) - 117e6173-3a16-4e4f-95c1-02e2385318dd: new RaftServerImpl for group-160360CD5156:[117e6173-3a16-4e4f-95c1-02e2385318dd:192.168.151.72:37596] with ContainerStateMachine:uninitialized
2019-10-04 21:28:03,301 [pool-383-thread-1] INFO  server.RaftServerConfigKeys (ConfUtils.java:logGet(43)) - raft.server.rpc.timeout.min = 5s (custom)
2019-10-04 21:28:03,301 [pool-383-thread-1] INFO  server.RaftServerConfigKeys (ConfUtils.java:logGet(43)) - raft.server.rpc.timeout.max = 5200ms (custom)
2019-10-04 21:28:03,301 [pool-383-thread-1] INFO  server.RaftServerConfigKeys (ConfUtils.java:logGet(43)) - raft.server.rpcslowness.timeout = 120s (custom)
2019-10-04 21:28:03,301 [pool-383-thread-1] INFO  server.RaftServerConfigKeys (ConfUtils.java:logGet(43)) - raft.server.sleep.deviation.threshold = 300 (default)
2019-10-04 21:28:03,302 [pool-383-thread-1] INFO  server.RaftServerConfigKeys (ConfUtils.java:logGet(43)) - raft.server.log.appender.install.snapshot.enabled = false (custom)
2019-10-04 21:28:03,302 [pool-383-thread-1] INFO  impl.RaftServerImpl (ServerState.java:<init>(103)) - 117e6173-3a16-4e4f-95c1-02e2385318dd@group-160360CD5156: ConfigurationManager, init=-1: [117e6173-3a16-4e4f-95c1-02e2385318dd:192.168.151.72:37596], old=null, confs=<EMPTY_MAP>
2019-10-04 21:28:03,302 [pool-383-thread-1] INFO  server.RaftServerConfigKeys (ConfUtils.java:logGet(43)) - raft.server.storage.dir = [/workdir/hadoop-ozone/integration-test/target/test-dir/MiniOzoneClusterImpl-bc605976-4d95-4dc7-a329-328585032c31/datanode-0/data/ratis] (custom)
2019-10-04 21:28:03,303 [pool-383-thread-1] INFO  server.RaftServerConfigKeys (ConfUtils.java:logGet(43)) - raft.server.log.corruption.policy = EXCEPTION (default)
2019-10-04 21:28:03,303 [pool-383-thread-1] INFO  storage.RaftStorageDirectory (RaftStorageDirectory.java:analyzeStorage(246)) - The storage directory /workdir/hadoop-ozone/integration-test/target/test-dir/MiniOzoneClusterImpl-bc605976-4d95-4dc7-a329-328585032c31/datanode-0/data/ratis/74a6b08c-8bb1-4a53-8e60-160360cd5156 does not exist. Creating ...
2019-10-04 21:28:03,316 [pool-383-thread-1] INFO  storage.RaftStorageDirectory (RaftStorageDirectory.java:tryLock(328)) - Lock on /workdir/hadoop-ozone/integration-test/target/test-dir/MiniOzoneClusterImpl-bc605976-4d95-4dc7-a329-328585032c31/datanode-0/data/ratis/74a6b08c-8bb1-4a53-8e60-160360cd5156/in_use.lock acquired by nodename 26541@pr-hdds-2239-t668n-1079239961
2019-10-04 21:28:03,329 [pool-383-thread-1] INFO  storage.RaftStorage (RaftStorage.java:format(84)) - Storage directory /workdir/hadoop-ozone/integration-test/target/test-dir/MiniOzoneClusterImpl-bc605976-4d95-4dc7-a329-328585032c31/datanode-0/data/ratis/74a6b08c-8bb1-4a53-8e60-160360cd5156 has been successfully formatted.
2019-10-04 21:28:03,329 [pool-383-thread-1] INFO  ratis.ContainerStateMachine (ContainerStateMachine.java:loadSnapshot(230)) - group-160360CD5156: The snapshot info is null. Setting the last applied indexto:(t:0, i:~)
2019-10-04 21:28:03,329 [pool-383-thread-1] INFO  server.RaftServerConfigKeys (ConfUtils.java:logGet(43)) - raft.server.notification.no-leader.timeout = 120s (custom)
2019-10-04 21:28:03,329 [pool-383-thread-1] INFO  server.RaftServerConfigKeys (ConfUtils.java:logGet(43)) - raft.server.log.use.memory = false (default)
2019-10-04 21:28:03,330 [pool-383-thread-1] INFO  server.RaftServerConfigKeys (ConfUtils.java:logGet(43)) - raft.server.log.purge.gap = 1000000 (custom)
2019-10-04 21:28:03,330 [pool-383-thread-1] INFO  server.RaftServerConfigKeys (ConfUtils.java:logGet(43)) - raft.server.log.appender.buffer.byte-limit = 33554432 (custom)
2019-10-04 21:28:03,330 [pool-383-thread-1] INFO  server.RaftServerConfigKeys (ConfUtils.java:logGet(43)) - raft.server.log.segment.size.max = 1048576 (custom)
2019-10-04 21:28:03,332 [pool-383-thread-1] INFO  server.RaftServerConfigKeys (ConfUtils.java:logGet(43)) - raft.server.log.segment.cache.num.max = 2 (custom)
2019-10-04 21:28:03,332 [pool-383-thread-1] INFO  segmented.SegmentedRaftLogWorker (SegmentedRaftLogWorker.java:<init>(173)) - new 117e6173-3a16-4e4f-95c1-02e2385318dd@group-160360CD5156-SegmentedRaftLogWorker for RaftStorage:Storage Directory /workdir/hadoop-ozone/integration-test/target/test-dir/MiniOzoneClusterImpl-bc605976-4d95-4dc7-a329-328585032c31/datanode-0/data/ratis/74a6b08c-8bb1-4a53-8e60-160360cd5156
2019-10-04 21:28:03,332 [pool-383-thread-1] INFO  server.RaftServerConfigKeys (ConfUtils.java:logGet(43)) - raft.server.log.queue.byte-limit = 2147483647 (custom)
2019-10-04 21:28:03,332 [pool-383-thread-1] INFO  server.RaftServerConfigKeys (ConfUtils.java:logGet(43)) - raft.server.log.queue.element-limit = 1024 (custom)
2019-10-04 21:28:03,332 [pool-383-thread-1] INFO  server.RaftServerConfigKeys (ConfUtils.java:logGet(43)) - raft.server.log.segment.size.max = 1048576 (custom)
2019-10-04 21:28:03,332 [pool-383-thread-1] INFO  server.RaftServerConfigKeys (ConfUtils.java:logGet(43)) - raft.server.log.preallocated.size = 16384 (custom)
2019-10-04 21:28:03,333 [pool-383-thread-1] INFO  server.RaftServerConfigKeys (ConfUtils.java:logGet(43)) - raft.server.log.write.buffer.size = 33554432 (custom)
2019-10-04 21:28:03,333 [pool-383-thread-1] INFO  server.RaftServerConfigKeys (ConfUtils.java:logGet(43)) - raft.server.log.force.sync.num = 128 (default)
2019-10-04 21:28:03,333 [pool-383-thread-1] INFO  server.RaftServerConfigKeys (ConfUtils.java:logGet(43)) - raft.server.log.statemachine.data.sync = true (default)
2019-10-04 21:28:03,333 [pool-383-thread-1] INFO  server.RaftServerConfigKeys (ConfUtils.java:logGet(43)) - raft.server.log.statemachine.data.sync.timeout = 10s (default)
2019-10-04 21:28:03,333 [pool-383-thread-1] INFO  server.RaftServerConfigKeys (ConfUtils.java:logGet(43)) - raft.server.log.statemachine.data.sync.timeout.retry = -1 (default)
2019-10-04 21:28:03,334 [pool-383-thread-1] INFO  server.RaftServerConfigKeys (ConfUtils.java:logGet(43)) - raft.server.log.statemachine.data.caching.enabled = true (custom)
2019-10-04 21:28:03,334 [pool-383-thread-1] INFO  segmented.SegmentedRaftLogWorker (SegmentedRaftLogWorker.java:lambda$new$0(128)) - 117e6173-3a16-4e4f-95c1-02e2385318dd@group-160360CD5156-SegmentedRaftLogWorker: flushIndex: setUnconditionally 0 -> -1
2019-10-04 21:28:03,334 [pool-383-thread-1] INFO  server.RaftServerConfigKeys (ConfUtils.java:logGet(43)) - raft.server.snapshot.auto.trigger.enabled = true (custom)
2019-10-04 21:28:03,334 [pool-383-thread-1] INFO  server.RaftServerConfigKeys (ConfUtils.java:logGet(43)) - raft.server.snapshot.auto.trigger.threshold = 10000 (custom)
2019-10-04 21:28:03,335 [pool-383-thread-1] INFO  server.RaftServerConfigKeys (ConfUtils.java:logGet(43)) - raft.server.snapshot.retention.file.num = 5 (custom)
2019-10-04 21:28:03,335 [pool-383-thread-1] INFO  server.RaftServerConfigKeys (ConfUtils.java:logGet(43)) - raft.server.retrycache.expirytime = 600000ms (custom)
2019-10-04 21:28:03,336 [pool-383-thread-1] INFO  impl.RaftServerImpl (RaftServerImpl.java:start(181)) - 117e6173-3a16-4e4f-95c1-02e2385318dd@group-160360CD5156: start as a follower, conf=-1: [117e6173-3a16-4e4f-95c1-02e2385318dd:192.168.151.72:37596], old=null
2019-10-04 21:28:03,336 [pool-383-thread-1] INFO  impl.RaftServerImpl (RaftServerImpl.java:setRole(170)) - 117e6173-3a16-4e4f-95c1-02e2385318dd@group-160360CD5156: changes role from      null to FOLLOWER at term 0 for startAsFollower
2019-10-04 21:28:03,336 [pool-383-thread-1] INFO  impl.RoleInfo (RoleInfo.java:updateAndGet(143)) - 117e6173-3a16-4e4f-95c1-02e2385318dd: start FollowerState
2019-10-04 21:28:03,337 [pool-383-thread-1] INFO  util.JmxRegister (JmxRegister.java:tryRegister(44)) - Successfully registered JMX Bean with object name Ratis:service=RaftServer,group=group-160360CD5156,id=117e6173-3a16-4e4f-95c1-02e2385318dd
2019-10-04 21:28:03,341 [RatisPipelineUtilsThread] INFO  pipeline.PipelineStateManager (PipelineStateManager.java:addPipeline(56)) - Created pipeline Pipeline[ Id: 74a6b08c-8bb1-4a53-8e60-160360cd5156, Nodes: 117e6173-3a16-4e4f-95c1-02e2385318dd{ip: 192.168.151.72, host: pr-hdds-2239-t668n-1079239961, networkLocation: /default-rack, certSerialId: null}, Type:RATIS, Factor:ONE, State:OPEN]
2019-10-04 21:28:03,353 [IPC Server handler 6 on 43077] INFO  net.NetworkTopology (NetworkTopologyImpl.java:add(111)) - Added a new node: /default-rack/76f8dd46-7a49-4c28-b6d4-c158c8440244
2019-10-04 21:28:03,354 [IPC Server handler 6 on 43077] INFO  node.SCMNodeManager (SCMNodeManager.java:register(268)) - Registered Data node : 76f8dd46-7a49-4c28-b6d4-c158c8440244{ip: 192.168.151.72, host: pr-hdds-2239-t668n-1079239961, networkLocation: /default-rack, certSerialId: null}
2019-10-04 21:28:03,361 [grpc-default-executor-10] INFO  impl.RaftServerProxy (RaftServerProxy.java:addNew(89)) - 76f8dd46-7a49-4c28-b6d4-c158c8440244: addNew group-3A58DB64718C:[76f8dd46-7a49-4c28-b6d4-c158c8440244:192.168.151.72:45621] returns group-3A58DB64718C:java.util.concurrent.CompletableFuture@151a69ca[Not completed]
2019-10-04 21:28:03,362 [pool-393-thread-1] INFO  impl.RaftServerImpl (RaftServerImpl.java:<init>(95)) - 76f8dd46-7a49-4c28-b6d4-c158c8440244: new RaftServerImpl for group-3A58DB64718C:[76f8dd46-7a49-4c28-b6d4-c158c8440244:192.168.151.72:45621] with ContainerStateMachine:uninitialized
2019-10-04 21:28:03,363 [pool-393-thread-1] INFO  server.RaftServerConfigKeys (ConfUtils.java:logGet(43)) - raft.server.rpc.timeout.min = 5s (custom)
2019-10-04 21:28:03,363 [pool-393-thread-1] INFO  server.RaftServerConfigKeys (ConfUtils.java:logGet(43)) - raft.server.rpc.timeout.max = 5200ms (custom)
2019-10-04 21:28:03,363 [pool-393-thread-1] INFO  server.RaftServerConfigKeys (ConfUtils.java:logGet(43)) - raft.server.rpcslowness.timeout = 120s (custom)
2019-10-04 21:28:03,363 [pool-393-thread-1] INFO  server.RaftServerConfigKeys (ConfUtils.java:logGet(43)) - raft.server.sleep.deviation.threshold = 300 (default)
2019-10-04 21:28:03,363 [pool-393-thread-1] INFO  server.RaftServerConfigKeys (ConfUtils.java:logGet(43)) - raft.server.log.appender.install.snapshot.enabled = false (custom)
2019-10-04 21:28:03,363 [pool-393-thread-1] INFO  impl.RaftServerImpl (ServerState.java:<init>(103)) - 76f8dd46-7a49-4c28-b6d4-c158c8440244@group-3A58DB64718C: ConfigurationManager, init=-1: [76f8dd46-7a49-4c28-b6d4-c158c8440244:192.168.151.72:45621], old=null, confs=<EMPTY_MAP>
2019-10-04 21:28:03,363 [pool-393-thread-1] INFO  server.RaftServerConfigKeys (ConfUtils.java:logGet(43)) - raft.server.storage.dir = [/workdir/hadoop-ozone/integration-test/target/test-dir/MiniOzoneClusterImpl-bc605976-4d95-4dc7-a329-328585032c31/datanode-1/data/ratis] (custom)
2019-10-04 21:28:03,364 [pool-393-thread-1] INFO  server.RaftServerConfigKeys (ConfUtils.java:logGet(43)) - raft.server.log.corruption.policy = EXCEPTION (default)
2019-10-04 21:28:03,364 [pool-393-thread-1] INFO  storage.RaftStorageDirectory (RaftStorageDirectory.java:analyzeStorage(246)) - The storage directory /workdir/hadoop-ozone/integration-test/target/test-dir/MiniOzoneClusterImpl-bc605976-4d95-4dc7-a329-328585032c31/datanode-1/data/ratis/0d53a80f-f267-48b7-a4f3-3a58db64718c does not exist. Creating ...
2019-10-04 21:28:03,376 [pool-393-thread-1] INFO  storage.RaftStorageDirectory (RaftStorageDirectory.java:tryLock(328)) - Lock on /workdir/hadoop-ozone/integration-test/target/test-dir/MiniOzoneClusterImpl-bc605976-4d95-4dc7-a329-328585032c31/datanode-1/data/ratis/0d53a80f-f267-48b7-a4f3-3a58db64718c/in_use.lock acquired by nodename 26541@pr-hdds-2239-t668n-1079239961
2019-10-04 21:28:03,389 [pool-393-thread-1] INFO  storage.RaftStorage (RaftStorage.java:format(84)) - Storage directory /workdir/hadoop-ozone/integration-test/target/test-dir/MiniOzoneClusterImpl-bc605976-4d95-4dc7-a329-328585032c31/datanode-1/data/ratis/0d53a80f-f267-48b7-a4f3-3a58db64718c has been successfully formatted.
2019-10-04 21:28:03,389 [pool-393-thread-1] INFO  ratis.ContainerStateMachine (ContainerStateMachine.java:loadSnapshot(230)) - group-3A58DB64718C: The snapshot info is null. Setting the last applied indexto:(t:0, i:~)
2019-10-04 21:28:03,389 [pool-393-thread-1] INFO  server.RaftServerConfigKeys (ConfUtils.java:logGet(43)) - raft.server.notification.no-leader.timeout = 120s (custom)
2019-10-04 21:28:03,390 [pool-393-thread-1] INFO  server.RaftServerConfigKeys (ConfUtils.java:logGet(43)) - raft.server.log.use.memory = false (default)
2019-10-04 21:28:03,390 [pool-393-thread-1] INFO  server.RaftServerConfigKeys (ConfUtils.java:logGet(43)) - raft.server.log.purge.gap = 1000000 (custom)
2019-10-04 21:28:03,390 [pool-393-thread-1] INFO  server.RaftServerConfigKeys (ConfUtils.java:logGet(43)) - raft.server.log.appender.buffer.byte-limit = 33554432 (custom)
2019-10-04 21:28:03,390 [pool-393-thread-1] INFO  server.RaftServerConfigKeys (ConfUtils.java:logGet(43)) - raft.server.log.segment.size.max = 1048576 (custom)
2019-10-04 21:28:03,392 [pool-393-thread-1] INFO  server.RaftServerConfigKeys (ConfUtils.java:logGet(43)) - raft.server.log.segment.cache.num.max = 2 (custom)
2019-10-04 21:28:03,392 [pool-393-thread-1] INFO  segmented.SegmentedRaftLogWorker (SegmentedRaftLogWorker.java:<init>(173)) - new 76f8dd46-7a49-4c28-b6d4-c158c8440244@group-3A58DB64718C-SegmentedRaftLogWorker for RaftStorage:Storage Directory /workdir/hadoop-ozone/integration-test/target/test-dir/MiniOzoneClusterImpl-bc605976-4d95-4dc7-a329-328585032c31/datanode-1/data/ratis/0d53a80f-f267-48b7-a4f3-3a58db64718c
2019-10-04 21:28:03,392 [pool-393-thread-1] INFO  server.RaftServerConfigKeys (ConfUtils.java:logGet(43)) - raft.server.log.queue.byte-limit = 2147483647 (custom)
2019-10-04 21:28:03,392 [pool-393-thread-1] INFO  server.RaftServerConfigKeys (ConfUtils.java:logGet(43)) - raft.server.log.queue.element-limit = 1024 (custom)
2019-10-04 21:28:03,392 [pool-393-thread-1] INFO  server.RaftServerConfigKeys (ConfUtils.java:logGet(43)) - raft.server.log.segment.size.max = 1048576 (custom)
2019-10-04 21:28:03,392 [pool-393-thread-1] INFO  server.RaftServerConfigKeys (ConfUtils.java:logGet(43)) - raft.server.log.preallocated.size = 16384 (custom)
2019-10-04 21:28:03,393 [pool-393-thread-1] INFO  server.RaftServerConfigKeys (ConfUtils.java:logGet(43)) - raft.server.log.write.buffer.size = 33554432 (custom)
2019-10-04 21:28:03,393 [pool-393-thread-1] INFO  server.RaftServerConfigKeys (ConfUtils.java:logGet(43)) - raft.server.log.force.sync.num = 128 (default)
2019-10-04 21:28:03,393 [pool-393-thread-1] INFO  server.RaftServerConfigKeys (ConfUtils.java:logGet(43)) - raft.server.log.statemachine.data.sync = true (default)
2019-10-04 21:28:03,393 [pool-393-thread-1] INFO  server.RaftServerConfigKeys (ConfUtils.java:logGet(43)) - raft.server.log.statemachine.data.sync.timeout = 10s (default)
2019-10-04 21:28:03,393 [pool-393-thread-1] INFO  server.RaftServerConfigKeys (ConfUtils.java:logGet(43)) - raft.server.log.statemachine.data.sync.timeout.retry = -1 (default)
2019-10-04 21:28:03,394 [pool-393-thread-1] INFO  server.RaftServerConfigKeys (ConfUtils.java:logGet(43)) - raft.server.log.statemachine.data.caching.enabled = true (custom)
2019-10-04 21:28:03,394 [pool-393-thread-1] INFO  segmented.SegmentedRaftLogWorker (SegmentedRaftLogWorker.java:lambda$new$0(128)) - 76f8dd46-7a49-4c28-b6d4-c158c8440244@group-3A58DB64718C-SegmentedRaftLogWorker: flushIndex: setUnconditionally 0 -> -1
2019-10-04 21:28:03,394 [pool-393-thread-1] INFO  server.RaftServerConfigKeys (ConfUtils.java:logGet(43)) - raft.server.snapshot.auto.trigger.enabled = true (custom)
2019-10-04 21:28:03,394 [pool-393-thread-1] INFO  server.RaftServerConfigKeys (ConfUtils.java:logGet(43)) - raft.server.snapshot.auto.trigger.threshold = 10000 (custom)
2019-10-04 21:28:03,395 [pool-393-thread-1] INFO  server.RaftServerConfigKeys (ConfUtils.java:logGet(43)) - raft.server.snapshot.retention.file.num = 5 (custom)
2019-10-04 21:28:03,395 [pool-393-thread-1] INFO  server.RaftServerConfigKeys (ConfUtils.java:logGet(43)) - raft.server.retrycache.expirytime = 600000ms (custom)
2019-10-04 21:28:03,396 [pool-393-thread-1] INFO  impl.RaftServerImpl (RaftServerImpl.java:start(181)) - 76f8dd46-7a49-4c28-b6d4-c158c8440244@group-3A58DB64718C: start as a follower, conf=-1: [76f8dd46-7a49-4c28-b6d4-c158c8440244:192.168.151.72:45621], old=null
2019-10-04 21:28:03,396 [pool-393-thread-1] INFO  impl.RaftServerImpl (RaftServerImpl.java:setRole(170)) - 76f8dd46-7a49-4c28-b6d4-c158c8440244@group-3A58DB64718C: changes role from      null to FOLLOWER at term 0 for startAsFollower
2019-10-04 21:28:03,397 [pool-393-thread-1] INFO  impl.RoleInfo (RoleInfo.java:updateAndGet(143)) - 76f8dd46-7a49-4c28-b6d4-c158c8440244: start FollowerState
2019-10-04 21:28:03,397 [pool-393-thread-1] INFO  util.JmxRegister (JmxRegister.java:tryRegister(44)) - Successfully registered JMX Bean with object name Ratis:service=RaftServer,group=group-3A58DB64718C,id=76f8dd46-7a49-4c28-b6d4-c158c8440244
2019-10-04 21:28:03,400 [RatisPipelineUtilsThread] INFO  pipeline.PipelineStateManager (PipelineStateManager.java:addPipeline(56)) - Created pipeline Pipeline[ Id: 0d53a80f-f267-48b7-a4f3-3a58db64718c, Nodes: 76f8dd46-7a49-4c28-b6d4-c158c8440244{ip: 192.168.151.72, host: pr-hdds-2239-t668n-1079239961, networkLocation: /default-rack, certSerialId: null}, Type:RATIS, Factor:ONE, State:OPEN]
2019-10-04 21:28:03,437 [IPC Server handler 19 on 43077] INFO  net.NetworkTopology (NetworkTopologyImpl.java:add(111)) - Added a new node: /default-rack/d68b6e22-9ed6-46cb-902d-288bc38a3b75
2019-10-04 21:28:03,437 [IPC Server handler 19 on 43077] INFO  node.SCMNodeManager (SCMNodeManager.java:register(268)) - Registered Data node : d68b6e22-9ed6-46cb-902d-288bc38a3b75{ip: 192.168.151.72, host: pr-hdds-2239-t668n-1079239961, networkLocation: /default-rack, certSerialId: null}
2019-10-04 21:28:03,449 [grpc-default-executor-10] INFO  impl.RaftServerProxy (RaftServerProxy.java:addNew(89)) - d68b6e22-9ed6-46cb-902d-288bc38a3b75: addNew group-EDF22A392C31:[d68b6e22-9ed6-46cb-902d-288bc38a3b75:192.168.151.72:35524] returns group-EDF22A392C31:java.util.concurrent.CompletableFuture@1fb9c8ec[Not completed]
2019-10-04 21:28:03,450 [pool-403-thread-1] INFO  impl.RaftServerImpl (RaftServerImpl.java:<init>(95)) - d68b6e22-9ed6-46cb-902d-288bc38a3b75: new RaftServerImpl for group-EDF22A392C31:[d68b6e22-9ed6-46cb-902d-288bc38a3b75:192.168.151.72:35524] with ContainerStateMachine:uninitialized
2019-10-04 21:28:03,450 [pool-403-thread-1] INFO  server.RaftServerConfigKeys (ConfUtils.java:logGet(43)) - raft.server.rpc.timeout.min = 5s (custom)
2019-10-04 21:28:03,450 [pool-403-thread-1] INFO  server.RaftServerConfigKeys (ConfUtils.java:logGet(43)) - raft.server.rpc.timeout.max = 5200ms (custom)
2019-10-04 21:28:03,450 [pool-403-thread-1] INFO  server.RaftServerConfigKeys (ConfUtils.java:logGet(43)) - raft.server.rpcslowness.timeout = 120s (custom)
2019-10-04 21:28:03,451 [pool-403-thread-1] INFO  server.RaftServerConfigKeys (ConfUtils.java:logGet(43)) - raft.server.sleep.deviation.threshold = 300 (default)
2019-10-04 21:28:03,451 [pool-403-thread-1] INFO  server.RaftServerConfigKeys (ConfUtils.java:logGet(43)) - raft.server.log.appender.install.snapshot.enabled = false (custom)
2019-10-04 21:28:03,451 [pool-403-thread-1] INFO  impl.RaftServerImpl (ServerState.java:<init>(103)) - d68b6e22-9ed6-46cb-902d-288bc38a3b75@group-EDF22A392C31: ConfigurationManager, init=-1: [d68b6e22-9ed6-46cb-902d-288bc38a3b75:192.168.151.72:35524], old=null, confs=<EMPTY_MAP>
2019-10-04 21:28:03,451 [pool-403-thread-1] INFO  server.RaftServerConfigKeys (ConfUtils.java:logGet(43)) - raft.server.storage.dir = [/workdir/hadoop-ozone/integration-test/target/test-dir/MiniOzoneClusterImpl-bc605976-4d95-4dc7-a329-328585032c31/datanode-2/data/ratis] (custom)
2019-10-04 21:28:03,451 [pool-403-thread-1] INFO  server.RaftServerConfigKeys (ConfUtils.java:logGet(43)) - raft.server.log.corruption.policy = EXCEPTION (default)
2019-10-04 21:28:03,452 [pool-403-thread-1] INFO  storage.RaftStorageDirectory (RaftStorageDirectory.java:analyzeStorage(246)) - The storage directory /workdir/hadoop-ozone/integration-test/target/test-dir/MiniOzoneClusterImpl-bc605976-4d95-4dc7-a329-328585032c31/datanode-2/data/ratis/88a759c0-7083-4dc7-a687-edf22a392c31 does not exist. Creating ...
2019-10-04 21:28:03,464 [pool-403-thread-1] INFO  storage.RaftStorageDirectory (RaftStorageDirectory.java:tryLock(328)) - Lock on /workdir/hadoop-ozone/integration-test/target/test-dir/MiniOzoneClusterImpl-bc605976-4d95-4dc7-a329-328585032c31/datanode-2/data/ratis/88a759c0-7083-4dc7-a687-edf22a392c31/in_use.lock acquired by nodename 26541@pr-hdds-2239-t668n-1079239961
2019-10-04 21:28:03,477 [pool-403-thread-1] INFO  storage.RaftStorage (RaftStorage.java:format(84)) - Storage directory /workdir/hadoop-ozone/integration-test/target/test-dir/MiniOzoneClusterImpl-bc605976-4d95-4dc7-a329-328585032c31/datanode-2/data/ratis/88a759c0-7083-4dc7-a687-edf22a392c31 has been successfully formatted.
2019-10-04 21:28:03,477 [pool-403-thread-1] INFO  ratis.ContainerStateMachine (ContainerStateMachine.java:loadSnapshot(230)) - group-EDF22A392C31: The snapshot info is null. Setting the last applied indexto:(t:0, i:~)
2019-10-04 21:28:03,477 [pool-403-thread-1] INFO  server.RaftServerConfigKeys (ConfUtils.java:logGet(43)) - raft.server.notification.no-leader.timeout = 120s (custom)
2019-10-04 21:28:03,477 [pool-403-thread-1] INFO  server.RaftServerConfigKeys (ConfUtils.java:logGet(43)) - raft.server.log.use.memory = false (default)
2019-10-04 21:28:03,477 [pool-403-thread-1] INFO  server.RaftServerConfigKeys (ConfUtils.java:logGet(43)) - raft.server.log.purge.gap = 1000000 (custom)
2019-10-04 21:28:03,477 [pool-403-thread-1] INFO  server.RaftServerConfigKeys (ConfUtils.java:logGet(43)) - raft.server.log.appender.buffer.byte-limit = 33554432 (custom)
2019-10-04 21:28:03,478 [pool-403-thread-1] INFO  server.RaftServerConfigKeys (ConfUtils.java:logGet(43)) - raft.server.log.segment.size.max = 1048576 (custom)
2019-10-04 21:28:03,479 [pool-403-thread-1] INFO  server.RaftServerConfigKeys (ConfUtils.java:logGet(43)) - raft.server.log.segment.cache.num.max = 2 (custom)
2019-10-04 21:28:03,479 [pool-403-thread-1] INFO  segmented.SegmentedRaftLogWorker (SegmentedRaftLogWorker.java:<init>(173)) - new d68b6e22-9ed6-46cb-902d-288bc38a3b75@group-EDF22A392C31-SegmentedRaftLogWorker for RaftStorage:Storage Directory /workdir/hadoop-ozone/integration-test/target/test-dir/MiniOzoneClusterImpl-bc605976-4d95-4dc7-a329-328585032c31/datanode-2/data/ratis/88a759c0-7083-4dc7-a687-edf22a392c31
2019-10-04 21:28:03,479 [pool-403-thread-1] INFO  server.RaftServerConfigKeys (ConfUtils.java:logGet(43)) - raft.server.log.queue.byte-limit = 2147483647 (custom)
2019-10-04 21:28:03,479 [pool-403-thread-1] INFO  server.RaftServerConfigKeys (ConfUtils.java:logGet(43)) - raft.server.log.queue.element-limit = 1024 (custom)
2019-10-04 21:28:03,479 [pool-403-thread-1] INFO  server.RaftServerConfigKeys (ConfUtils.java:logGet(43)) - raft.server.log.segment.size.max = 1048576 (custom)
2019-10-04 21:28:03,480 [pool-403-thread-1] INFO  server.RaftServerConfigKeys (ConfUtils.java:logGet(43)) - raft.server.log.preallocated.size = 16384 (custom)
2019-10-04 21:28:03,480 [pool-403-thread-1] INFO  server.RaftServerConfigKeys (ConfUtils.java:logGet(43)) - raft.server.log.write.buffer.size = 33554432 (custom)
2019-10-04 21:28:03,480 [pool-403-thread-1] INFO  server.RaftServerConfigKeys (ConfUtils.java:logGet(43)) - raft.server.log.force.sync.num = 128 (default)
2019-10-04 21:28:03,480 [pool-403-thread-1] INFO  server.RaftServerConfigKeys (ConfUtils.java:logGet(43)) - raft.server.log.statemachine.data.sync = true (default)
2019-10-04 21:28:03,480 [pool-403-thread-1] INFO  server.RaftServerConfigKeys (ConfUtils.java:logGet(43)) - raft.server.log.statemachine.data.sync.timeout = 10s (default)
2019-10-04 21:28:03,480 [pool-403-thread-1] INFO  server.RaftServerConfigKeys (ConfUtils.java:logGet(43)) - raft.server.log.statemachine.data.sync.timeout.retry = -1 (default)
2019-10-04 21:28:03,481 [pool-403-thread-1] INFO  server.RaftServerConfigKeys (ConfUtils.java:logGet(43)) - raft.server.log.statemachine.data.caching.enabled = true (custom)
2019-10-04 21:28:03,481 [pool-403-thread-1] INFO  segmented.SegmentedRaftLogWorker (SegmentedRaftLogWorker.java:lambda$new$0(128)) - d68b6e22-9ed6-46cb-902d-288bc38a3b75@group-EDF22A392C31-SegmentedRaftLogWorker: flushIndex: setUnconditionally 0 -> -1
2019-10-04 21:28:03,481 [pool-403-thread-1] INFO  server.RaftServerConfigKeys (ConfUtils.java:logGet(43)) - raft.server.snapshot.auto.trigger.enabled = true (custom)
2019-10-04 21:28:03,481 [pool-403-thread-1] INFO  server.RaftServerConfigKeys (ConfUtils.java:logGet(43)) - raft.server.snapshot.auto.trigger.threshold = 10000 (custom)
2019-10-04 21:28:03,481 [pool-403-thread-1] INFO  server.RaftServerConfigKeys (ConfUtils.java:logGet(43)) - raft.server.snapshot.retention.file.num = 5 (custom)
2019-10-04 21:28:03,481 [pool-403-thread-1] INFO  server.RaftServerConfigKeys (ConfUtils.java:logGet(43)) - raft.server.retrycache.expirytime = 600000ms (custom)
2019-10-04 21:28:03,483 [pool-403-thread-1] INFO  impl.RaftServerImpl (RaftServerImpl.java:start(181)) - d68b6e22-9ed6-46cb-902d-288bc38a3b75@group-EDF22A392C31: start as a follower, conf=-1: [d68b6e22-9ed6-46cb-902d-288bc38a3b75:192.168.151.72:35524], old=null
2019-10-04 21:28:03,483 [pool-403-thread-1] INFO  impl.RaftServerImpl (RaftServerImpl.java:setRole(170)) - d68b6e22-9ed6-46cb-902d-288bc38a3b75@group-EDF22A392C31: changes role from      null to FOLLOWER at term 0 for startAsFollower
2019-10-04 21:28:03,483 [pool-403-thread-1] INFO  impl.RoleInfo (RoleInfo.java:updateAndGet(143)) - d68b6e22-9ed6-46cb-902d-288bc38a3b75: start FollowerState
2019-10-04 21:28:03,483 [pool-403-thread-1] INFO  util.JmxRegister (JmxRegister.java:tryRegister(44)) - Successfully registered JMX Bean with object name Ratis:service=RaftServer,group=group-EDF22A392C31,id=d68b6e22-9ed6-46cb-902d-288bc38a3b75
2019-10-04 21:28:03,487 [RatisPipelineUtilsThread] INFO  pipeline.PipelineStateManager (PipelineStateManager.java:addPipeline(56)) - Created pipeline Pipeline[ Id: 88a759c0-7083-4dc7-a687-edf22a392c31, Nodes: d68b6e22-9ed6-46cb-902d-288bc38a3b75{ip: 192.168.151.72, host: pr-hdds-2239-t668n-1079239961, networkLocation: /default-rack, certSerialId: null}, Type:RATIS, Factor:ONE, State:OPEN]
2019-10-04 21:28:03,499 [grpc-default-executor-12] INFO  impl.RaftServerProxy (RaftServerProxy.java:addNew(89)) - 76f8dd46-7a49-4c28-b6d4-c158c8440244: addNew group-59DCCDE7E53C:[117e6173-3a16-4e4f-95c1-02e2385318dd:192.168.151.72:37596, d68b6e22-9ed6-46cb-902d-288bc38a3b75:192.168.151.72:35524, 76f8dd46-7a49-4c28-b6d4-c158c8440244:192.168.151.72:45621] returns group-59DCCDE7E53C:java.util.concurrent.CompletableFuture@7a0bc20d[Not completed]
2019-10-04 21:28:03,499 [grpc-default-executor-11] INFO  impl.RaftServerProxy (RaftServerProxy.java:addNew(89)) - 117e6173-3a16-4e4f-95c1-02e2385318dd: addNew group-59DCCDE7E53C:[117e6173-3a16-4e4f-95c1-02e2385318dd:192.168.151.72:37596, d68b6e22-9ed6-46cb-902d-288bc38a3b75:192.168.151.72:35524, 76f8dd46-7a49-4c28-b6d4-c158c8440244:192.168.151.72:45621] returns group-59DCCDE7E53C:java.util.concurrent.CompletableFuture@6cd7b3ba[Not completed]
2019-10-04 21:28:03,500 [grpc-default-executor-10] INFO  impl.RaftServerProxy (RaftServerProxy.java:addNew(89)) - d68b6e22-9ed6-46cb-902d-288bc38a3b75: addNew group-59DCCDE7E53C:[117e6173-3a16-4e4f-95c1-02e2385318dd:192.168.151.72:37596, d68b6e22-9ed6-46cb-902d-288bc38a3b75:192.168.151.72:35524, 76f8dd46-7a49-4c28-b6d4-c158c8440244:192.168.151.72:45621] returns group-59DCCDE7E53C:java.util.concurrent.CompletableFuture@634c9315[Not completed]
2019-10-04 21:28:03,500 [pool-393-thread-1] INFO  impl.RaftServerImpl (RaftServerImpl.java:<init>(95)) - 76f8dd46-7a49-4c28-b6d4-c158c8440244: new RaftServerImpl for group-59DCCDE7E53C:[117e6173-3a16-4e4f-95c1-02e2385318dd:192.168.151.72:37596, d68b6e22-9ed6-46cb-902d-288bc38a3b75:192.168.151.72:35524, 76f8dd46-7a49-4c28-b6d4-c158c8440244:192.168.151.72:45621] with ContainerStateMachine:uninitialized
2019-10-04 21:28:03,500 [pool-393-thread-1] INFO  server.RaftServerConfigKeys (ConfUtils.java:logGet(43)) - raft.server.rpc.timeout.min = 5s (custom)
2019-10-04 21:28:03,500 [pool-393-thread-1] INFO  server.RaftServerConfigKeys (ConfUtils.java:logGet(43)) - raft.server.rpc.timeout.max = 5200ms (custom)
2019-10-04 21:28:03,501 [pool-393-thread-1] INFO  server.RaftServerConfigKeys (ConfUtils.java:logGet(43)) - raft.server.rpcslowness.timeout = 120s (custom)
2019-10-04 21:28:03,501 [pool-403-thread-1] INFO  impl.RaftServerImpl (RaftServerImpl.java:<init>(95)) - d68b6e22-9ed6-46cb-902d-288bc38a3b75: new RaftServerImpl for group-59DCCDE7E53C:[117e6173-3a16-4e4f-95c1-02e2385318dd:192.168.151.72:37596, d68b6e22-9ed6-46cb-902d-288bc38a3b75:192.168.151.72:35524, 76f8dd46-7a49-4c28-b6d4-c158c8440244:192.168.151.72:45621] with ContainerStateMachine:uninitialized
2019-10-04 21:28:03,501 [pool-393-thread-1] INFO  server.RaftServerConfigKeys (ConfUtils.java:logGet(43)) - raft.server.sleep.deviation.threshold = 300 (default)
2019-10-04 21:28:03,501 [pool-403-thread-1] INFO  server.RaftServerConfigKeys (ConfUtils.java:logGet(43)) - raft.server.rpc.timeout.min = 5s (custom)
2019-10-04 21:28:03,501 [pool-383-thread-1] INFO  impl.RaftServerImpl (RaftServerImpl.java:<init>(95)) - 117e6173-3a16-4e4f-95c1-02e2385318dd: new RaftServerImpl for group-59DCCDE7E53C:[117e6173-3a16-4e4f-95c1-02e2385318dd:192.168.151.72:37596, d68b6e22-9ed6-46cb-902d-288bc38a3b75:192.168.151.72:35524, 76f8dd46-7a49-4c28-b6d4-c158c8440244:192.168.151.72:45621] with ContainerStateMachine:uninitialized
2019-10-04 21:28:03,501 [pool-403-thread-1] INFO  server.RaftServerConfigKeys (ConfUtils.java:logGet(43)) - raft.server.rpc.timeout.max = 5200ms (custom)
2019-10-04 21:28:03,501 [pool-403-thread-1] INFO  server.RaftServerConfigKeys (ConfUtils.java:logGet(43)) - raft.server.rpcslowness.timeout = 120s (custom)
2019-10-04 21:28:03,501 [pool-393-thread-1] INFO  server.RaftServerConfigKeys (ConfUtils.java:logGet(43)) - raft.server.log.appender.install.snapshot.enabled = false (custom)
2019-10-04 21:28:03,502 [pool-403-thread-1] INFO  server.RaftServerConfigKeys (ConfUtils.java:logGet(43)) - raft.server.sleep.deviation.threshold = 300 (default)
2019-10-04 21:28:03,501 [pool-383-thread-1] INFO  server.RaftServerConfigKeys (ConfUtils.java:logGet(43)) - raft.server.rpc.timeout.min = 5s (custom)
2019-10-04 21:28:03,502 [pool-403-thread-1] INFO  server.RaftServerConfigKeys (ConfUtils.java:logGet(43)) - raft.server.log.appender.install.snapshot.enabled = false (custom)
2019-10-04 21:28:03,502 [pool-393-thread-1] INFO  impl.RaftServerImpl (ServerState.java:<init>(103)) - 76f8dd46-7a49-4c28-b6d4-c158c8440244@group-59DCCDE7E53C: ConfigurationManager, init=-1: [117e6173-3a16-4e4f-95c1-02e2385318dd:192.168.151.72:37596, d68b6e22-9ed6-46cb-902d-288bc38a3b75:192.168.151.72:35524, 76f8dd46-7a49-4c28-b6d4-c158c8440244:192.168.151.72:45621], old=null, confs=<EMPTY_MAP>
2019-10-04 21:28:03,502 [pool-383-thread-1] INFO  server.RaftServerConfigKeys (ConfUtils.java:logGet(43)) - raft.server.rpc.timeout.max = 5200ms (custom)
2019-10-04 21:28:03,502 [pool-403-thread-1] INFO  impl.RaftServerImpl (ServerState.java:<init>(103)) - d68b6e22-9ed6-46cb-902d-288bc38a3b75@group-59DCCDE7E53C: ConfigurationManager, init=-1: [117e6173-3a16-4e4f-95c1-02e2385318dd:192.168.151.72:37596, d68b6e22-9ed6-46cb-902d-288bc38a3b75:192.168.151.72:35524, 76f8dd46-7a49-4c28-b6d4-c158c8440244:192.168.151.72:45621], old=null, confs=<EMPTY_MAP>
2019-10-04 21:28:03,502 [pool-393-thread-1] INFO  server.RaftServerConfigKeys (ConfUtils.java:logGet(43)) - raft.server.storage.dir = [/workdir/hadoop-ozone/integration-test/target/test-dir/MiniOzoneClusterImpl-bc605976-4d95-4dc7-a329-328585032c31/datanode-1/data/ratis] (custom)
2019-10-04 21:28:03,503 [pool-403-thread-1] INFO  server.RaftServerConfigKeys (ConfUtils.java:logGet(43)) - raft.server.storage.dir = [/workdir/hadoop-ozone/integration-test/target/test-dir/MiniOzoneClusterImpl-bc605976-4d95-4dc7-a329-328585032c31/datanode-2/data/ratis] (custom)
2019-10-04 21:28:03,502 [pool-383-thread-1] INFO  server.RaftServerConfigKeys (ConfUtils.java:logGet(43)) - raft.server.rpcslowness.timeout = 120s (custom)
2019-10-04 21:28:03,503 [pool-403-thread-1] INFO  server.RaftServerConfigKeys (ConfUtils.java:logGet(43)) - raft.server.log.corruption.policy = EXCEPTION (default)
2019-10-04 21:28:03,503 [pool-393-thread-1] INFO  server.RaftServerConfigKeys (ConfUtils.java:logGet(43)) - raft.server.log.corruption.policy = EXCEPTION (default)
2019-10-04 21:28:03,503 [pool-403-thread-1] INFO  storage.RaftStorageDirectory (RaftStorageDirectory.java:analyzeStorage(246)) - The storage directory /workdir/hadoop-ozone/integration-test/target/test-dir/MiniOzoneClusterImpl-bc605976-4d95-4dc7-a329-328585032c31/datanode-2/data/ratis/365b7aab-176b-417e-9af1-59dccde7e53c does not exist. Creating ...
2019-10-04 21:28:03,503 [pool-383-thread-1] INFO  server.RaftServerConfigKeys (ConfUtils.java:logGet(43)) - raft.server.sleep.deviation.threshold = 300 (default)
2019-10-04 21:28:03,503 [pool-393-thread-1] INFO  storage.RaftStorageDirectory (RaftStorageDirectory.java:analyzeStorage(246)) - The storage directory /workdir/hadoop-ozone/integration-test/target/test-dir/MiniOzoneClusterImpl-bc605976-4d95-4dc7-a329-328585032c31/datanode-1/data/ratis/365b7aab-176b-417e-9af1-59dccde7e53c does not exist. Creating ...
2019-10-04 21:28:03,503 [pool-383-thread-1] INFO  server.RaftServerConfigKeys (ConfUtils.java:logGet(43)) - raft.server.log.appender.install.snapshot.enabled = false (custom)
2019-10-04 21:28:03,504 [pool-383-thread-1] INFO  impl.RaftServerImpl (ServerState.java:<init>(103)) - 117e6173-3a16-4e4f-95c1-02e2385318dd@group-59DCCDE7E53C: ConfigurationManager, init=-1: [117e6173-3a16-4e4f-95c1-02e2385318dd:192.168.151.72:37596, d68b6e22-9ed6-46cb-902d-288bc38a3b75:192.168.151.72:35524, 76f8dd46-7a49-4c28-b6d4-c158c8440244:192.168.151.72:45621], old=null, confs=<EMPTY_MAP>
2019-10-04 21:28:03,504 [pool-383-thread-1] INFO  server.RaftServerConfigKeys (ConfUtils.java:logGet(43)) - raft.server.storage.dir = [/workdir/hadoop-ozone/integration-test/target/test-dir/MiniOzoneClusterImpl-bc605976-4d95-4dc7-a329-328585032c31/datanode-0/data/ratis] (custom)
2019-10-04 21:28:03,504 [pool-383-thread-1] INFO  server.RaftServerConfigKeys (ConfUtils.java:logGet(43)) - raft.server.log.corruption.policy = EXCEPTION (default)
2019-10-04 21:28:03,504 [pool-383-thread-1] INFO  storage.RaftStorageDirectory (RaftStorageDirectory.java:analyzeStorage(246)) - The storage directory /workdir/hadoop-ozone/integration-test/target/test-dir/MiniOzoneClusterImpl-bc605976-4d95-4dc7-a329-328585032c31/datanode-0/data/ratis/365b7aab-176b-417e-9af1-59dccde7e53c does not exist. Creating ...
2019-10-04 21:28:03,510 [pool-383-thread-1] INFO  storage.RaftStorageDirectory (RaftStorageDirectory.java:tryLock(328)) - Lock on /workdir/hadoop-ozone/integration-test/target/test-dir/MiniOzoneClusterImpl-bc605976-4d95-4dc7-a329-328585032c31/datanode-0/data/ratis/365b7aab-176b-417e-9af1-59dccde7e53c/in_use.lock acquired by nodename 26541@pr-hdds-2239-t668n-1079239961
2019-10-04 21:28:03,510 [pool-403-thread-1] INFO  storage.RaftStorageDirectory (RaftStorageDirectory.java:tryLock(328)) - Lock on /workdir/hadoop-ozone/integration-test/target/test-dir/MiniOzoneClusterImpl-bc605976-4d95-4dc7-a329-328585032c31/datanode-2/data/ratis/365b7aab-176b-417e-9af1-59dccde7e53c/in_use.lock acquired by nodename 26541@pr-hdds-2239-t668n-1079239961
2019-10-04 21:28:03,510 [pool-393-thread-1] INFO  storage.RaftStorageDirectory (RaftStorageDirectory.java:tryLock(328)) - Lock on /workdir/hadoop-ozone/integration-test/target/test-dir/MiniOzoneClusterImpl-bc605976-4d95-4dc7-a329-328585032c31/datanode-1/data/ratis/365b7aab-176b-417e-9af1-59dccde7e53c/in_use.lock acquired by nodename 26541@pr-hdds-2239-t668n-1079239961
2019-10-04 21:28:03,515 [pool-383-thread-1] INFO  storage.RaftStorage (RaftStorage.java:format(84)) - Storage directory /workdir/hadoop-ozone/integration-test/target/test-dir/MiniOzoneClusterImpl-bc605976-4d95-4dc7-a329-328585032c31/datanode-0/data/ratis/365b7aab-176b-417e-9af1-59dccde7e53c has been successfully formatted.
2019-10-04 21:28:03,515 [pool-393-thread-1] INFO  storage.RaftStorage (RaftStorage.java:format(84)) - Storage directory /workdir/hadoop-ozone/integration-test/target/test-dir/MiniOzoneClusterImpl-bc605976-4d95-4dc7-a329-328585032c31/datanode-1/data/ratis/365b7aab-176b-417e-9af1-59dccde7e53c has been successfully formatted.
2019-10-04 21:28:03,515 [pool-403-thread-1] INFO  storage.RaftStorage (RaftStorage.java:format(84)) - Storage directory /workdir/hadoop-ozone/integration-test/target/test-dir/MiniOzoneClusterImpl-bc605976-4d95-4dc7-a329-328585032c31/datanode-2/data/ratis/365b7aab-176b-417e-9af1-59dccde7e53c has been successfully formatted.
2019-10-04 21:28:03,515 [pool-393-thread-1] INFO  ratis.ContainerStateMachine (ContainerStateMachine.java:loadSnapshot(230)) - group-59DCCDE7E53C: The snapshot info is null. Setting the last applied indexto:(t:0, i:~)
2019-10-04 21:28:03,515 [pool-383-thread-1] INFO  ratis.ContainerStateMachine (ContainerStateMachine.java:loadSnapshot(230)) - group-59DCCDE7E53C: The snapshot info is null. Setting the last applied indexto:(t:0, i:~)
2019-10-04 21:28:03,516 [pool-393-thread-1] INFO  server.RaftServerConfigKeys (ConfUtils.java:logGet(43)) - raft.server.notification.no-leader.timeout = 120s (custom)
2019-10-04 21:28:03,516 [pool-383-thread-1] INFO  server.RaftServerConfigKeys (ConfUtils.java:logGet(43)) - raft.server.notification.no-leader.timeout = 120s (custom)
2019-10-04 21:28:03,516 [pool-393-thread-1] INFO  server.RaftServerConfigKeys (ConfUtils.java:logGet(43)) - raft.server.log.use.memory = false (default)
2019-10-04 21:28:03,516 [pool-383-thread-1] INFO  server.RaftServerConfigKeys (ConfUtils.java:logGet(43)) - raft.server.log.use.memory = false (default)
2019-10-04 21:28:03,516 [pool-393-thread-1] INFO  server.RaftServerConfigKeys (ConfUtils.java:logGet(43)) - raft.server.log.purge.gap = 1000000 (custom)
2019-10-04 21:28:03,516 [pool-403-thread-1] INFO  ratis.ContainerStateMachine (ContainerStateMachine.java:loadSnapshot(230)) - group-59DCCDE7E53C: The snapshot info is null. Setting the last applied indexto:(t:0, i:~)
2019-10-04 21:28:03,516 [pool-383-thread-1] INFO  server.RaftServerConfigKeys (ConfUtils.java:logGet(43)) - raft.server.log.purge.gap = 1000000 (custom)
2019-10-04 21:28:03,517 [pool-403-thread-1] INFO  server.RaftServerConfigKeys (ConfUtils.java:logGet(43)) - raft.server.notification.no-leader.timeout = 120s (custom)
2019-10-04 21:28:03,516 [pool-393-thread-1] INFO  server.RaftServerConfigKeys (ConfUtils.java:logGet(43)) - raft.server.log.appender.buffer.byte-limit = 33554432 (custom)
2019-10-04 21:28:03,517 [pool-403-thread-1] INFO  server.RaftServerConfigKeys (ConfUtils.java:logGet(43)) - raft.server.log.use.memory = false (default)
2019-10-04 21:28:03,517 [pool-403-thread-1] INFO  server.RaftServerConfigKeys (ConfUtils.java:logGet(43)) - raft.server.log.purge.gap = 1000000 (custom)
2019-10-04 21:28:03,517 [pool-383-thread-1] INFO  server.RaftServerConfigKeys (ConfUtils.java:logGet(43)) - raft.server.log.appender.buffer.byte-limit = 33554432 (custom)
2019-10-04 21:28:03,517 [pool-403-thread-1] INFO  server.RaftServerConfigKeys (ConfUtils.java:logGet(43)) - raft.server.log.appender.buffer.byte-limit = 33554432 (custom)
2019-10-04 21:28:03,517 [pool-393-thread-1] INFO  server.RaftServerConfigKeys (ConfUtils.java:logGet(43)) - raft.server.log.segment.size.max = 1048576 (custom)
2019-10-04 21:28:03,517 [pool-403-thread-1] INFO  server.RaftServerConfigKeys (ConfUtils.java:logGet(43)) - raft.server.log.segment.size.max = 1048576 (custom)
2019-10-04 21:28:03,517 [pool-383-thread-1] INFO  server.RaftServerConfigKeys (ConfUtils.java:logGet(43)) - raft.server.log.segment.size.max = 1048576 (custom)
2019-10-04 21:28:03,518 [pool-403-thread-1] INFO  server.RaftServerConfigKeys (ConfUtils.java:logGet(43)) - raft.server.log.segment.cache.num.max = 2 (custom)
2019-10-04 21:28:03,518 [pool-393-thread-1] INFO  server.RaftServerConfigKeys (ConfUtils.java:logGet(43)) - raft.server.log.segment.cache.num.max = 2 (custom)
2019-10-04 21:28:03,518 [pool-403-thread-1] INFO  segmented.SegmentedRaftLogWorker (SegmentedRaftLogWorker.java:<init>(173)) - new d68b6e22-9ed6-46cb-902d-288bc38a3b75@group-59DCCDE7E53C-SegmentedRaftLogWorker for RaftStorage:Storage Directory /workdir/hadoop-ozone/integration-test/target/test-dir/MiniOzoneClusterImpl-bc605976-4d95-4dc7-a329-328585032c31/datanode-2/data/ratis/365b7aab-176b-417e-9af1-59dccde7e53c
2019-10-04 21:28:03,518 [pool-383-thread-1] INFO  server.RaftServerConfigKeys (ConfUtils.java:logGet(43)) - raft.server.log.segment.cache.num.max = 2 (custom)
2019-10-04 21:28:03,518 [pool-403-thread-1] INFO  server.RaftServerConfigKeys (ConfUtils.java:logGet(43)) - raft.server.log.queue.byte-limit = 2147483647 (custom)
2019-10-04 21:28:03,518 [pool-393-thread-1] INFO  segmented.SegmentedRaftLogWorker (SegmentedRaftLogWorker.java:<init>(173)) - new 76f8dd46-7a49-4c28-b6d4-c158c8440244@group-59DCCDE7E53C-SegmentedRaftLogWorker for RaftStorage:Storage Directory /workdir/hadoop-ozone/integration-test/target/test-dir/MiniOzoneClusterImpl-bc605976-4d95-4dc7-a329-328585032c31/datanode-1/data/ratis/365b7aab-176b-417e-9af1-59dccde7e53c
2019-10-04 21:28:03,519 [pool-403-thread-1] INFO  server.RaftServerConfigKeys (ConfUtils.java:logGet(43)) - raft.server.log.queue.element-limit = 1024 (custom)
2019-10-04 21:28:03,519 [pool-383-thread-1] INFO  segmented.SegmentedRaftLogWorker (SegmentedRaftLogWorker.java:<init>(173)) - new 117e6173-3a16-4e4f-95c1-02e2385318dd@group-59DCCDE7E53C-SegmentedRaftLogWorker for RaftStorage:Storage Directory /workdir/hadoop-ozone/integration-test/target/test-dir/MiniOzoneClusterImpl-bc605976-4d95-4dc7-a329-328585032c31/datanode-0/data/ratis/365b7aab-176b-417e-9af1-59dccde7e53c
2019-10-04 21:28:03,519 [pool-403-thread-1] INFO  server.RaftServerConfigKeys (ConfUtils.java:logGet(43)) - raft.server.log.segment.size.max = 1048576 (custom)
2019-10-04 21:28:03,519 [pool-393-thread-1] INFO  server.RaftServerConfigKeys (ConfUtils.java:logGet(43)) - raft.server.log.queue.byte-limit = 2147483647 (custom)
2019-10-04 21:28:03,519 [pool-403-thread-1] INFO  server.RaftServerConfigKeys (ConfUtils.java:logGet(43)) - raft.server.log.preallocated.size = 16384 (custom)
2019-10-04 21:28:03,519 [IPC Server handler 0 on 43077] INFO  net.NetworkTopology (NetworkTopologyImpl.java:add(111)) - Added a new node: /default-rack/692258db-9369-418a-ad89-2e962e970f02
2019-10-04 21:28:03,520 [IPC Server handler 0 on 43077] INFO  node.SCMNodeManager (SCMNodeManager.java:register(268)) - Registered Data node : 692258db-9369-418a-ad89-2e962e970f02{ip: 192.168.151.72, host: pr-hdds-2239-t668n-1079239961, networkLocation: /default-rack, certSerialId: null}
2019-10-04 21:28:03,519 [pool-383-thread-1] INFO  server.RaftServerConfigKeys (ConfUtils.java:logGet(43)) - raft.server.log.queue.byte-limit = 2147483647 (custom)
2019-10-04 21:28:03,520 [pool-403-thread-1] INFO  server.RaftServerConfigKeys (ConfUtils.java:logGet(43)) - raft.server.log.write.buffer.size = 33554432 (custom)
2019-10-04 21:28:03,520 [pool-403-thread-1] INFO  server.RaftServerConfigKeys (ConfUtils.java:logGet(43)) - raft.server.log.force.sync.num = 128 (default)
2019-10-04 21:28:03,519 [pool-393-thread-1] INFO  server.RaftServerConfigKeys (ConfUtils.java:logGet(43)) - raft.server.log.queue.element-limit = 1024 (custom)
2019-10-04 21:28:03,520 [pool-403-thread-1] INFO  server.RaftServerConfigKeys (ConfUtils.java:logGet(43)) - raft.server.log.statemachine.data.sync = true (default)
2019-10-04 21:28:03,521 [pool-403-thread-1] INFO  server.RaftServerConfigKeys (ConfUtils.java:logGet(43)) - raft.server.log.statemachine.data.sync.timeout = 10s (default)
2019-10-04 21:28:03,520 [pool-383-thread-1] INFO  server.RaftServerConfigKeys (ConfUtils.java:logGet(43)) - raft.server.log.queue.element-limit = 1024 (custom)
2019-10-04 21:28:03,521 [pool-403-thread-1] INFO  server.RaftServerConfigKeys (ConfUtils.java:logGet(43)) - raft.server.log.statemachine.data.sync.timeout.retry = -1 (default)
2019-10-04 21:28:03,521 [pool-393-thread-1] INFO  server.RaftServerConfigKeys (ConfUtils.java:logGet(43)) - raft.server.log.segment.size.max = 1048576 (custom)
2019-10-04 21:28:03,521 [pool-403-thread-1] INFO  server.RaftServerConfigKeys (ConfUtils.java:logGet(43)) - raft.server.log.statemachine.data.caching.enabled = true (custom)
2019-10-04 21:28:03,521 [pool-383-thread-1] INFO  server.RaftServerConfigKeys (ConfUtils.java:logGet(43)) - raft.server.log.segment.size.max = 1048576 (custom)
2019-10-04 21:28:03,521 [pool-393-thread-1] INFO  server.RaftServerConfigKeys (ConfUtils.java:logGet(43)) - raft.server.log.preallocated.size = 16384 (custom)
2019-10-04 21:28:03,522 [pool-403-thread-1] INFO  segmented.SegmentedRaftLogWorker (SegmentedRaftLogWorker.java:lambda$new$0(128)) - d68b6e22-9ed6-46cb-902d-288bc38a3b75@group-59DCCDE7E53C-SegmentedRaftLogWorker: flushIndex: setUnconditionally 0 -> -1
2019-10-04 21:28:03,522 [pool-383-thread-1] INFO  server.RaftServerConfigKeys (ConfUtils.java:logGet(43)) - raft.server.log.preallocated.size = 16384 (custom)
2019-10-04 21:28:03,522 [pool-393-thread-1] INFO  server.RaftServerConfigKeys (ConfUtils.java:logGet(43)) - raft.server.log.write.buffer.size = 33554432 (custom)
2019-10-04 21:28:03,522 [pool-403-thread-1] INFO  server.RaftServerConfigKeys (ConfUtils.java:logGet(43)) - raft.server.snapshot.auto.trigger.enabled = true (custom)
2019-10-04 21:28:03,522 [pool-383-thread-1] INFO  server.RaftServerConfigKeys (ConfUtils.java:logGet(43)) - raft.server.log.write.buffer.size = 33554432 (custom)
2019-10-04 21:28:03,522 [pool-403-thread-1] INFO  server.RaftServerConfigKeys (ConfUtils.java:logGet(43)) - raft.server.snapshot.auto.trigger.threshold = 10000 (custom)
2019-10-04 21:28:03,522 [pool-393-thread-1] INFO  server.RaftServerConfigKeys (ConfUtils.java:logGet(43)) - raft.server.log.force.sync.num = 128 (default)
2019-10-04 21:28:03,523 [pool-403-thread-1] INFO  server.RaftServerConfigKeys (ConfUtils.java:logGet(43)) - raft.server.snapshot.retention.file.num = 5 (custom)
2019-10-04 21:28:03,522 [pool-383-thread-1] INFO  server.RaftServerConfigKeys (ConfUtils.java:logGet(43)) - raft.server.log.force.sync.num = 128 (default)
2019-10-04 21:28:03,523 [pool-403-thread-1] INFO  server.RaftServerConfigKeys (ConfUtils.java:logGet(43)) - raft.server.retrycache.expirytime = 600000ms (custom)
2019-10-04 21:28:03,523 [pool-393-thread-1] INFO  server.RaftServerConfigKeys (ConfUtils.java:logGet(43)) - raft.server.log.statemachine.data.sync = true (default)
2019-10-04 21:28:03,523 [pool-383-thread-1] INFO  server.RaftServerConfigKeys (ConfUtils.java:logGet(43)) - raft.server.log.statemachine.data.sync = true (default)
2019-10-04 21:28:03,523 [pool-393-thread-1] INFO  server.RaftServerConfigKeys (ConfUtils.java:logGet(43)) - raft.server.log.statemachine.data.sync.timeout = 10s (default)
2019-10-04 21:28:03,523 [pool-383-thread-1] INFO  server.RaftServerConfigKeys (ConfUtils.java:logGet(43)) - raft.server.log.statemachine.data.sync.timeout = 10s (default)
2019-10-04 21:28:03,524 [pool-393-thread-1] INFO  server.RaftServerConfigKeys (ConfUtils.java:logGet(43)) - raft.server.log.statemachine.data.sync.timeout.retry = -1 (default)
2019-10-04 21:28:03,524 [pool-383-thread-1] INFO  server.RaftServerConfigKeys (ConfUtils.java:logGet(43)) - raft.server.log.statemachine.data.sync.timeout.retry = -1 (default)
2019-10-04 21:28:03,524 [pool-393-thread-1] INFO  server.RaftServerConfigKeys (ConfUtils.java:logGet(43)) - raft.server.log.statemachine.data.caching.enabled = true (custom)
2019-10-04 21:28:03,524 [pool-383-thread-1] INFO  server.RaftServerConfigKeys (ConfUtils.java:logGet(43)) - raft.server.log.statemachine.data.caching.enabled = true (custom)
2019-10-04 21:28:03,524 [pool-393-thread-1] INFO  segmented.SegmentedRaftLogWorker (SegmentedRaftLogWorker.java:lambda$new$0(128)) - 76f8dd46-7a49-4c28-b6d4-c158c8440244@group-59DCCDE7E53C-SegmentedRaftLogWorker: flushIndex: setUnconditionally 0 -> -1
2019-10-04 21:28:03,524 [pool-383-thread-1] INFO  segmented.SegmentedRaftLogWorker (SegmentedRaftLogWorker.java:lambda$new$0(128)) - 117e6173-3a16-4e4f-95c1-02e2385318dd@group-59DCCDE7E53C-SegmentedRaftLogWorker: flushIndex: setUnconditionally 0 -> -1
2019-10-04 21:28:03,524 [pool-403-thread-1] INFO  impl.RaftServerImpl (RaftServerImpl.java:start(181)) - d68b6e22-9ed6-46cb-902d-288bc38a3b75@group-59DCCDE7E53C: start as a follower, conf=-1: [117e6173-3a16-4e4f-95c1-02e2385318dd:192.168.151.72:37596, d68b6e22-9ed6-46cb-902d-288bc38a3b75:192.168.151.72:35524, 76f8dd46-7a49-4c28-b6d4-c158c8440244:192.168.151.72:45621], old=null
2019-10-04 21:28:03,525 [pool-393-thread-1] INFO  server.RaftServerConfigKeys (ConfUtils.java:logGet(43)) - raft.server.snapshot.auto.trigger.enabled = true (custom)
2019-10-04 21:28:03,525 [pool-383-thread-1] INFO  server.RaftServerConfigKeys (ConfUtils.java:logGet(43)) - raft.server.snapshot.auto.trigger.enabled = true (custom)
2019-10-04 21:28:03,525 [pool-403-thread-1] INFO  impl.RaftServerImpl (RaftServerImpl.java:setRole(170)) - d68b6e22-9ed6-46cb-902d-288bc38a3b75@group-59DCCDE7E53C: changes role from      null to FOLLOWER at term 0 for startAsFollower
2019-10-04 21:28:03,525 [pool-383-thread-1] INFO  server.RaftServerConfigKeys (ConfUtils.java:logGet(43)) - raft.server.snapshot.auto.trigger.threshold = 10000 (custom)
2019-10-04 21:28:03,525 [pool-393-thread-1] INFO  server.RaftServerConfigKeys (ConfUtils.java:logGet(43)) - raft.server.snapshot.auto.trigger.threshold = 10000 (custom)
2019-10-04 21:28:03,525 [pool-383-thread-1] INFO  server.RaftServerConfigKeys (ConfUtils.java:logGet(43)) - raft.server.snapshot.retention.file.num = 5 (custom)
2019-10-04 21:28:03,525 [pool-403-thread-1] INFO  impl.RoleInfo (RoleInfo.java:updateAndGet(143)) - d68b6e22-9ed6-46cb-902d-288bc38a3b75: start FollowerState
2019-10-04 21:28:03,525 [pool-383-thread-1] INFO  server.RaftServerConfigKeys (ConfUtils.java:logGet(43)) - raft.server.retrycache.expirytime = 600000ms (custom)
2019-10-04 21:28:03,525 [pool-393-thread-1] INFO  server.RaftServerConfigKeys (ConfUtils.java:logGet(43)) - raft.server.snapshot.retention.file.num = 5 (custom)
2019-10-04 21:28:03,526 [pool-403-thread-1] INFO  util.JmxRegister (JmxRegister.java:tryRegister(44)) - Successfully registered JMX Bean with object name Ratis:service=RaftServer,group=group-59DCCDE7E53C,id=d68b6e22-9ed6-46cb-902d-288bc38a3b75
2019-10-04 21:28:03,526 [pool-393-thread-1] INFO  server.RaftServerConfigKeys (ConfUtils.java:logGet(43)) - raft.server.retrycache.expirytime = 600000ms (custom)
2019-10-04 21:28:03,529 [pool-383-thread-1] INFO  impl.RaftServerImpl (RaftServerImpl.java:start(181)) - 117e6173-3a16-4e4f-95c1-02e2385318dd@group-59DCCDE7E53C: start as a follower, conf=-1: [117e6173-3a16-4e4f-95c1-02e2385318dd:192.168.151.72:37596, d68b6e22-9ed6-46cb-902d-288bc38a3b75:192.168.151.72:35524, 76f8dd46-7a49-4c28-b6d4-c158c8440244:192.168.151.72:45621], old=null
2019-10-04 21:28:03,529 [pool-383-thread-1] INFO  impl.RaftServerImpl (RaftServerImpl.java:setRole(170)) - 117e6173-3a16-4e4f-95c1-02e2385318dd@group-59DCCDE7E53C: changes role from      null to FOLLOWER at term 0 for startAsFollower
2019-10-04 21:28:03,529 [pool-383-thread-1] INFO  impl.RoleInfo (RoleInfo.java:updateAndGet(143)) - 117e6173-3a16-4e4f-95c1-02e2385318dd: start FollowerState
2019-10-04 21:28:03,529 [pool-393-thread-1] INFO  impl.RaftServerImpl (RaftServerImpl.java:start(181)) - 76f8dd46-7a49-4c28-b6d4-c158c8440244@group-59DCCDE7E53C: start as a follower, conf=-1: [117e6173-3a16-4e4f-95c1-02e2385318dd:192.168.151.72:37596, d68b6e22-9ed6-46cb-902d-288bc38a3b75:192.168.151.72:35524, 76f8dd46-7a49-4c28-b6d4-c158c8440244:192.168.151.72:45621], old=null
2019-10-04 21:28:03,529 [pool-383-thread-1] INFO  util.JmxRegister (JmxRegister.java:tryRegister(44)) - Successfully registered JMX Bean with object name Ratis:service=RaftServer,group=group-59DCCDE7E53C,id=117e6173-3a16-4e4f-95c1-02e2385318dd
2019-10-04 21:28:03,529 [pool-393-thread-1] INFO  impl.RaftServerImpl (RaftServerImpl.java:setRole(170)) - 76f8dd46-7a49-4c28-b6d4-c158c8440244@group-59DCCDE7E53C: changes role from      null to FOLLOWER at term 0 for startAsFollower
2019-10-04 21:28:03,530 [pool-393-thread-1] INFO  impl.RoleInfo (RoleInfo.java:updateAndGet(143)) - 76f8dd46-7a49-4c28-b6d4-c158c8440244: start FollowerState
2019-10-04 21:28:03,530 [pool-393-thread-1] INFO  util.JmxRegister (JmxRegister.java:tryRegister(44)) - Successfully registered JMX Bean with object name Ratis:service=RaftServer,group=group-59DCCDE7E53C,id=76f8dd46-7a49-4c28-b6d4-c158c8440244
2019-10-04 21:28:03,534 [RatisPipelineUtilsThread] INFO  pipeline.PipelineStateManager (PipelineStateManager.java:addPipeline(56)) - Created pipeline Pipeline[ Id: 365b7aab-176b-417e-9af1-59dccde7e53c, Nodes: 76f8dd46-7a49-4c28-b6d4-c158c8440244{ip: 192.168.151.72, host: pr-hdds-2239-t668n-1079239961, networkLocation: /default-rack, certSerialId: null}117e6173-3a16-4e4f-95c1-02e2385318dd{ip: 192.168.151.72, host: pr-hdds-2239-t668n-1079239961, networkLocation: /default-rack, certSerialId: null}d68b6e22-9ed6-46cb-902d-288bc38a3b75{ip: 192.168.151.72, host: pr-hdds-2239-t668n-1079239961, networkLocation: /default-rack, certSerialId: null}, Type:RATIS, Factor:THREE, State:OPEN]
2019-10-04 21:28:03,603 [IPC Server handler 1 on 43077] INFO  net.NetworkTopology (NetworkTopologyImpl.java:add(111)) - Added a new node: /default-rack/af950672-a7e7-4366-ad73-34d1713f4936
2019-10-04 21:28:03,603 [IPC Server handler 1 on 43077] INFO  node.SCMNodeManager (SCMNodeManager.java:register(268)) - Registered Data node : af950672-a7e7-4366-ad73-34d1713f4936{ip: 192.168.151.72, host: pr-hdds-2239-t668n-1079239961, networkLocation: /default-rack, certSerialId: null}
2019-10-04 21:28:03,612 [grpc-default-executor-10] INFO  impl.RaftServerProxy (RaftServerProxy.java:addNew(89)) - 692258db-9369-418a-ad89-2e962e970f02: addNew group-A725107B6E36:[692258db-9369-418a-ad89-2e962e970f02:192.168.151.72:45912] returns group-A725107B6E36:java.util.concurrent.CompletableFuture@56580a19[Not completed]
2019-10-04 21:28:03,617 [pool-413-thread-1] INFO  impl.RaftServerImpl (RaftServerImpl.java:<init>(95)) - 692258db-9369-418a-ad89-2e962e970f02: new RaftServerImpl for group-A725107B6E36:[692258db-9369-418a-ad89-2e962e970f02:192.168.151.72:45912] with ContainerStateMachine:uninitialized
2019-10-04 21:28:03,618 [pool-413-thread-1] INFO  server.RaftServerConfigKeys (ConfUtils.java:logGet(43)) - raft.server.rpc.timeout.min = 5s (custom)
2019-10-04 21:28:03,618 [pool-413-thread-1] INFO  server.RaftServerConfigKeys (ConfUtils.java:logGet(43)) - raft.server.rpc.timeout.max = 5200ms (custom)
2019-10-04 21:28:03,618 [pool-413-thread-1] INFO  server.RaftServerConfigKeys (ConfUtils.java:logGet(43)) - raft.server.rpcslowness.timeout = 120s (custom)
2019-10-04 21:28:03,618 [pool-413-thread-1] INFO  server.RaftServerConfigKeys (ConfUtils.java:logGet(43)) - raft.server.sleep.deviation.threshold = 300 (default)
2019-10-04 21:28:03,618 [pool-413-thread-1] INFO  server.RaftServerConfigKeys (ConfUtils.java:logGet(43)) - raft.server.log.appender.install.snapshot.enabled = false (custom)
2019-10-04 21:28:03,618 [pool-413-thread-1] INFO  impl.RaftServerImpl (ServerState.java:<init>(103)) - 692258db-9369-418a-ad89-2e962e970f02@group-A725107B6E36: ConfigurationManager, init=-1: [692258db-9369-418a-ad89-2e962e970f02:192.168.151.72:45912], old=null, confs=<EMPTY_MAP>
2019-10-04 21:28:03,618 [pool-413-thread-1] INFO  server.RaftServerConfigKeys (ConfUtils.java:logGet(43)) - raft.server.storage.dir = [/workdir/hadoop-ozone/integration-test/target/test-dir/MiniOzoneClusterImpl-bc605976-4d95-4dc7-a329-328585032c31/datanode-3/data/ratis] (custom)
2019-10-04 21:28:03,619 [pool-413-thread-1] INFO  server.RaftServerConfigKeys (ConfUtils.java:logGet(43)) - raft.server.log.corruption.policy = EXCEPTION (default)
2019-10-04 21:28:03,619 [pool-413-thread-1] INFO  storage.RaftStorageDirectory (RaftStorageDirectory.java:analyzeStorage(246)) - The storage directory /workdir/hadoop-ozone/integration-test/target/test-dir/MiniOzoneClusterImpl-bc605976-4d95-4dc7-a329-328585032c31/datanode-3/data/ratis/cbe2f52a-c5a7-4919-b270-a725107b6e36 does not exist. Creating ...
2019-10-04 21:28:03,632 [pool-413-thread-1] INFO  storage.RaftStorageDirectory (RaftStorageDirectory.java:tryLock(328)) - Lock on /workdir/hadoop-ozone/integration-test/target/test-dir/MiniOzoneClusterImpl-bc605976-4d95-4dc7-a329-328585032c31/datanode-3/data/ratis/cbe2f52a-c5a7-4919-b270-a725107b6e36/in_use.lock acquired by nodename 26541@pr-hdds-2239-t668n-1079239961
2019-10-04 21:28:03,644 [pool-413-thread-1] INFO  storage.RaftStorage (RaftStorage.java:format(84)) - Storage directory /workdir/hadoop-ozone/integration-test/target/test-dir/MiniOzoneClusterImpl-bc605976-4d95-4dc7-a329-328585032c31/datanode-3/data/ratis/cbe2f52a-c5a7-4919-b270-a725107b6e36 has been successfully formatted.
2019-10-04 21:28:03,645 [pool-413-thread-1] INFO  ratis.ContainerStateMachine (ContainerStateMachine.java:loadSnapshot(230)) - group-A725107B6E36: The snapshot info is null. Setting the last applied indexto:(t:0, i:~)
2019-10-04 21:28:03,645 [pool-413-thread-1] INFO  server.RaftServerConfigKeys (ConfUtils.java:logGet(43)) - raft.server.notification.no-leader.timeout = 120s (custom)
2019-10-04 21:28:03,645 [pool-413-thread-1] INFO  server.RaftServerConfigKeys (ConfUtils.java:logGet(43)) - raft.server.log.use.memory = false (default)
2019-10-04 21:28:03,645 [pool-413-thread-1] INFO  server.RaftServerConfigKeys (ConfUtils.java:logGet(43)) - raft.server.log.purge.gap = 1000000 (custom)
2019-10-04 21:28:03,645 [pool-413-thread-1] INFO  server.RaftServerConfigKeys (ConfUtils.java:logGet(43)) - raft.server.log.appender.buffer.byte-limit = 33554432 (custom)
2019-10-04 21:28:03,645 [pool-413-thread-1] INFO  server.RaftServerConfigKeys (ConfUtils.java:logGet(43)) - raft.server.log.segment.size.max = 1048576 (custom)
2019-10-04 21:28:03,647 [pool-413-thread-1] INFO  server.RaftServerConfigKeys (ConfUtils.java:logGet(43)) - raft.server.log.segment.cache.num.max = 2 (custom)
2019-10-04 21:28:03,647 [pool-413-thread-1] INFO  segmented.SegmentedRaftLogWorker (SegmentedRaftLogWorker.java:<init>(173)) - new 692258db-9369-418a-ad89-2e962e970f02@group-A725107B6E36-SegmentedRaftLogWorker for RaftStorage:Storage Directory /workdir/hadoop-ozone/integration-test/target/test-dir/MiniOzoneClusterImpl-bc605976-4d95-4dc7-a329-328585032c31/datanode-3/data/ratis/cbe2f52a-c5a7-4919-b270-a725107b6e36
2019-10-04 21:28:03,647 [pool-413-thread-1] INFO  server.RaftServerConfigKeys (ConfUtils.java:logGet(43)) - raft.server.log.queue.byte-limit = 2147483647 (custom)
2019-10-04 21:28:03,647 [pool-413-thread-1] INFO  server.RaftServerConfigKeys (ConfUtils.java:logGet(43)) - raft.server.log.queue.element-limit = 1024 (custom)
2019-10-04 21:28:03,647 [pool-413-thread-1] INFO  server.RaftServerConfigKeys (ConfUtils.java:logGet(43)) - raft.server.log.segment.size.max = 1048576 (custom)
2019-10-04 21:28:03,647 [pool-413-thread-1] INFO  server.RaftServerConfigKeys (ConfUtils.java:logGet(43)) - raft.server.log.preallocated.size = 16384 (custom)
2019-10-04 21:28:03,647 [pool-413-thread-1] INFO  server.RaftServerConfigKeys (ConfUtils.java:logGet(43)) - raft.server.log.write.buffer.size = 33554432 (custom)
2019-10-04 21:28:03,648 [pool-413-thread-1] INFO  server.RaftServerConfigKeys (ConfUtils.java:logGet(43)) - raft.server.log.force.sync.num = 128 (default)
2019-10-04 21:28:03,648 [pool-413-thread-1] INFO  server.RaftServerConfigKeys (ConfUtils.java:logGet(43)) - raft.server.log.statemachine.data.sync = true (default)
2019-10-04 21:28:03,648 [pool-413-thread-1] INFO  server.RaftServerConfigKeys (ConfUtils.java:logGet(43)) - raft.server.log.statemachine.data.sync.timeout = 10s (default)
2019-10-04 21:28:03,648 [pool-413-thread-1] INFO  server.RaftServerConfigKeys (ConfUtils.java:logGet(43)) - raft.server.log.statemachine.data.sync.timeout.retry = -1 (default)
2019-10-04 21:28:03,648 [pool-413-thread-1] INFO  server.RaftServerConfigKeys (ConfUtils.java:logGet(43)) - raft.server.log.statemachine.data.caching.enabled = true (custom)
2019-10-04 21:28:03,648 [pool-413-thread-1] INFO  segmented.SegmentedRaftLogWorker (SegmentedRaftLogWorker.java:lambda$new$0(128)) - 692258db-9369-418a-ad89-2e962e970f02@group-A725107B6E36-SegmentedRaftLogWorker: flushIndex: setUnconditionally 0 -> -1
2019-10-04 21:28:03,649 [pool-413-thread-1] INFO  server.RaftServerConfigKeys (ConfUtils.java:logGet(43)) - raft.server.snapshot.auto.trigger.enabled = true (custom)
2019-10-04 21:28:03,649 [pool-413-thread-1] INFO  server.RaftServerConfigKeys (ConfUtils.java:logGet(43)) - raft.server.snapshot.auto.trigger.threshold = 10000 (custom)
2019-10-04 21:28:03,649 [pool-413-thread-1] INFO  server.RaftServerConfigKeys (ConfUtils.java:logGet(43)) - raft.server.snapshot.retention.file.num = 5 (custom)
2019-10-04 21:28:03,649 [pool-413-thread-1] INFO  server.RaftServerConfigKeys (ConfUtils.java:logGet(43)) - raft.server.retrycache.expirytime = 600000ms (custom)
2019-10-04 21:28:03,651 [pool-413-thread-1] INFO  impl.RaftServerImpl (RaftServerImpl.java:start(181)) - 692258db-9369-418a-ad89-2e962e970f02@group-A725107B6E36: start as a follower, conf=-1: [692258db-9369-418a-ad89-2e962e970f02:192.168.151.72:45912], old=null
2019-10-04 21:28:03,651 [pool-413-thread-1] INFO  impl.RaftServerImpl (RaftServerImpl.java:setRole(170)) - 692258db-9369-418a-ad89-2e962e970f02@group-A725107B6E36: changes role from      null to FOLLOWER at term 0 for startAsFollower
2019-10-04 21:28:03,651 [pool-413-thread-1] INFO  impl.RoleInfo (RoleInfo.java:updateAndGet(143)) - 692258db-9369-418a-ad89-2e962e970f02: start FollowerState
2019-10-04 21:28:03,651 [pool-413-thread-1] INFO  util.JmxRegister (JmxRegister.java:tryRegister(44)) - Successfully registered JMX Bean with object name Ratis:service=RaftServer,group=group-A725107B6E36,id=692258db-9369-418a-ad89-2e962e970f02
2019-10-04 21:28:03,655 [RatisPipelineUtilsThread] INFO  pipeline.PipelineStateManager (PipelineStateManager.java:addPipeline(56)) - Created pipeline Pipeline[ Id: cbe2f52a-c5a7-4919-b270-a725107b6e36, Nodes: 692258db-9369-418a-ad89-2e962e970f02{ip: 192.168.151.72, host: pr-hdds-2239-t668n-1079239961, networkLocation: /default-rack, certSerialId: null}, Type:RATIS, Factor:ONE, State:OPEN]
2019-10-04 21:28:03,668 [grpc-default-executor-10] INFO  impl.RaftServerProxy (RaftServerProxy.java:addNew(89)) - af950672-a7e7-4366-ad73-34d1713f4936: addNew group-FF046B4AA903:[af950672-a7e7-4366-ad73-34d1713f4936:192.168.151.72:36287] returns group-FF046B4AA903:java.util.concurrent.CompletableFuture@7abe6015[Not completed]
2019-10-04 21:28:03,669 [pool-423-thread-1] INFO  impl.RaftServerImpl (RaftServerImpl.java:<init>(95)) - af950672-a7e7-4366-ad73-34d1713f4936: new RaftServerImpl for group-FF046B4AA903:[af950672-a7e7-4366-ad73-34d1713f4936:192.168.151.72:36287] with ContainerStateMachine:uninitialized
2019-10-04 21:28:03,669 [pool-423-thread-1] INFO  server.RaftServerConfigKeys (ConfUtils.java:logGet(43)) - raft.server.rpc.timeout.min = 5s (custom)
2019-10-04 21:28:03,669 [pool-423-thread-1] INFO  server.RaftServerConfigKeys (ConfUtils.java:logGet(43)) - raft.server.rpc.timeout.max = 5200ms (custom)
2019-10-04 21:28:03,669 [pool-423-thread-1] INFO  server.RaftServerConfigKeys (ConfUtils.java:logGet(43)) - raft.server.rpcslowness.timeout = 120s (custom)
2019-10-04 21:28:03,669 [pool-423-thread-1] INFO  server.RaftServerConfigKeys (ConfUtils.java:logGet(43)) - raft.server.sleep.deviation.threshold = 300 (default)
2019-10-04 21:28:03,669 [pool-423-thread-1] INFO  server.RaftServerConfigKeys (ConfUtils.java:logGet(43)) - raft.server.log.appender.install.snapshot.enabled = false (custom)
2019-10-04 21:28:03,670 [pool-423-thread-1] INFO  impl.RaftServerImpl (ServerState.java:<init>(103)) - af950672-a7e7-4366-ad73-34d1713f4936@group-FF046B4AA903: ConfigurationManager, init=-1: [af950672-a7e7-4366-ad73-34d1713f4936:192.168.151.72:36287], old=null, confs=<EMPTY_MAP>
2019-10-04 21:28:03,670 [pool-423-thread-1] INFO  server.RaftServerConfigKeys (ConfUtils.java:logGet(43)) - raft.server.storage.dir = [/workdir/hadoop-ozone/integration-test/target/test-dir/MiniOzoneClusterImpl-bc605976-4d95-4dc7-a329-328585032c31/datanode-4/data/ratis] (custom)
2019-10-04 21:28:03,670 [pool-423-thread-1] INFO  server.RaftServerConfigKeys (ConfUtils.java:logGet(43)) - raft.server.log.corruption.policy = EXCEPTION (default)
2019-10-04 21:28:03,670 [pool-423-thread-1] INFO  storage.RaftStorageDirectory (RaftStorageDirectory.java:analyzeStorage(246)) - The storage directory /workdir/hadoop-ozone/integration-test/target/test-dir/MiniOzoneClusterImpl-bc605976-4d95-4dc7-a329-328585032c31/datanode-4/data/ratis/76c2cf06-3e66-4465-9552-ff046b4aa903 does not exist. Creating ...
2019-10-04 21:28:03,683 [pool-423-thread-1] INFO  storage.RaftStorageDirectory (RaftStorageDirectory.java:tryLock(328)) - Lock on /workdir/hadoop-ozone/integration-test/target/test-dir/MiniOzoneClusterImpl-bc605976-4d95-4dc7-a329-328585032c31/datanode-4/data/ratis/76c2cf06-3e66-4465-9552-ff046b4aa903/in_use.lock acquired by nodename 26541@pr-hdds-2239-t668n-1079239961
2019-10-04 21:28:03,695 [pool-423-thread-1] INFO  storage.RaftStorage (RaftStorage.java:format(84)) - Storage directory /workdir/hadoop-ozone/integration-test/target/test-dir/MiniOzoneClusterImpl-bc605976-4d95-4dc7-a329-328585032c31/datanode-4/data/ratis/76c2cf06-3e66-4465-9552-ff046b4aa903 has been successfully formatted.
2019-10-04 21:28:03,695 [pool-423-thread-1] INFO  ratis.ContainerStateMachine (ContainerStateMachine.java:loadSnapshot(230)) - group-FF046B4AA903: The snapshot info is null. Setting the last applied indexto:(t:0, i:~)
2019-10-04 21:28:03,695 [pool-423-thread-1] INFO  server.RaftServerConfigKeys (ConfUtils.java:logGet(43)) - raft.server.notification.no-leader.timeout = 120s (custom)
2019-10-04 21:28:03,695 [pool-423-thread-1] INFO  server.RaftServerConfigKeys (ConfUtils.java:logGet(43)) - raft.server.log.use.memory = false (default)
2019-10-04 21:28:03,695 [pool-423-thread-1] INFO  server.RaftServerConfigKeys (ConfUtils.java:logGet(43)) - raft.server.log.purge.gap = 1000000 (custom)
2019-10-04 21:28:03,695 [pool-423-thread-1] INFO  server.RaftServerConfigKeys (ConfUtils.java:logGet(43)) - raft.server.log.appender.buffer.byte-limit = 33554432 (custom)
2019-10-04 21:28:03,696 [pool-423-thread-1] INFO  server.RaftServerConfigKeys (ConfUtils.java:logGet(43)) - raft.server.log.segment.size.max = 1048576 (custom)
2019-10-04 21:28:03,697 [pool-423-thread-1] INFO  server.RaftServerConfigKeys (ConfUtils.java:logGet(43)) - raft.server.log.segment.cache.num.max = 2 (custom)
2019-10-04 21:28:03,697 [pool-423-thread-1] INFO  segmented.SegmentedRaftLogWorker (SegmentedRaftLogWorker.java:<init>(173)) - new af950672-a7e7-4366-ad73-34d1713f4936@group-FF046B4AA903-SegmentedRaftLogWorker for RaftStorage:Storage Directory /workdir/hadoop-ozone/integration-test/target/test-dir/MiniOzoneClusterImpl-bc605976-4d95-4dc7-a329-328585032c31/datanode-4/data/ratis/76c2cf06-3e66-4465-9552-ff046b4aa903
2019-10-04 21:28:03,697 [pool-423-thread-1] INFO  server.RaftServerConfigKeys (ConfUtils.java:logGet(43)) - raft.server.log.queue.byte-limit = 2147483647 (custom)
2019-10-04 21:28:03,697 [pool-423-thread-1] INFO  server.RaftServerConfigKeys (ConfUtils.java:logGet(43)) - raft.server.log.queue.element-limit = 1024 (custom)
2019-10-04 21:28:03,697 [pool-423-thread-1] INFO  server.RaftServerConfigKeys (ConfUtils.java:logGet(43)) - raft.server.log.segment.size.max = 1048576 (custom)
2019-10-04 21:28:03,697 [pool-423-thread-1] INFO  server.RaftServerConfigKeys (ConfUtils.java:logGet(43)) - raft.server.log.preallocated.size = 16384 (custom)
2019-10-04 21:28:03,697 [IPC Server handler 2 on 43077] INFO  net.NetworkTopology (NetworkTopologyImpl.java:add(111)) - Added a new node: /default-rack/7d9a5e18-d3d4-4a07-976c-1bc843e8257a
2019-10-04 21:28:03,697 [pool-423-thread-1] INFO  server.RaftServerConfigKeys (ConfUtils.java:logGet(43)) - raft.server.log.write.buffer.size = 33554432 (custom)
2019-10-04 21:28:03,698 [IPC Server handler 2 on 43077] INFO  node.SCMNodeManager (SCMNodeManager.java:register(268)) - Registered Data node : 7d9a5e18-d3d4-4a07-976c-1bc843e8257a{ip: 192.168.151.72, host: pr-hdds-2239-t668n-1079239961, networkLocation: /default-rack, certSerialId: null}
2019-10-04 21:28:03,698 [pool-423-thread-1] INFO  server.RaftServerConfigKeys (ConfUtils.java:logGet(43)) - raft.server.log.force.sync.num = 128 (default)
2019-10-04 21:28:03,698 [pool-423-thread-1] INFO  server.RaftServerConfigKeys (ConfUtils.java:logGet(43)) - raft.server.log.statemachine.data.sync = true (default)
2019-10-04 21:28:03,698 [pool-423-thread-1] INFO  server.RaftServerConfigKeys (ConfUtils.java:logGet(43)) - raft.server.log.statemachine.data.sync.timeout = 10s (default)
2019-10-04 21:28:03,698 [pool-423-thread-1] INFO  server.RaftServerConfigKeys (ConfUtils.java:logGet(43)) - raft.server.log.statemachine.data.sync.timeout.retry = -1 (default)
2019-10-04 21:28:03,698 [pool-423-thread-1] INFO  server.RaftServerConfigKeys (ConfUtils.java:logGet(43)) - raft.server.log.statemachine.data.caching.enabled = true (custom)
2019-10-04 21:28:03,699 [pool-423-thread-1] INFO  segmented.SegmentedRaftLogWorker (SegmentedRaftLogWorker.java:lambda$new$0(128)) - af950672-a7e7-4366-ad73-34d1713f4936@group-FF046B4AA903-SegmentedRaftLogWorker: flushIndex: setUnconditionally 0 -> -1
2019-10-04 21:28:03,699 [pool-423-thread-1] INFO  server.RaftServerConfigKeys (ConfUtils.java:logGet(43)) - raft.server.snapshot.auto.trigger.enabled = true (custom)
2019-10-04 21:28:03,699 [pool-423-thread-1] INFO  server.RaftServerConfigKeys (ConfUtils.java:logGet(43)) - raft.server.snapshot.auto.trigger.threshold = 10000 (custom)
2019-10-04 21:28:03,699 [pool-423-thread-1] INFO  server.RaftServerConfigKeys (ConfUtils.java:logGet(43)) - raft.server.snapshot.retention.file.num = 5 (custom)
2019-10-04 21:28:03,699 [pool-423-thread-1] INFO  server.RaftServerConfigKeys (ConfUtils.java:logGet(43)) - raft.server.retrycache.expirytime = 600000ms (custom)
2019-10-04 21:28:03,700 [pool-423-thread-1] INFO  impl.RaftServerImpl (RaftServerImpl.java:start(181)) - af950672-a7e7-4366-ad73-34d1713f4936@group-FF046B4AA903: start as a follower, conf=-1: [af950672-a7e7-4366-ad73-34d1713f4936:192.168.151.72:36287], old=null
2019-10-04 21:28:03,701 [pool-423-thread-1] INFO  impl.RaftServerImpl (RaftServerImpl.java:setRole(170)) - af950672-a7e7-4366-ad73-34d1713f4936@group-FF046B4AA903: changes role from      null to FOLLOWER at term 0 for startAsFollower
2019-10-04 21:28:03,701 [pool-423-thread-1] INFO  impl.RoleInfo (RoleInfo.java:updateAndGet(143)) - af950672-a7e7-4366-ad73-34d1713f4936: start FollowerState
2019-10-04 21:28:03,701 [pool-423-thread-1] INFO  util.JmxRegister (JmxRegister.java:tryRegister(44)) - Successfully registered JMX Bean with object name Ratis:service=RaftServer,group=group-FF046B4AA903,id=af950672-a7e7-4366-ad73-34d1713f4936
2019-10-04 21:28:03,704 [RatisPipelineUtilsThread] INFO  pipeline.PipelineStateManager (PipelineStateManager.java:addPipeline(56)) - Created pipeline Pipeline[ Id: 76c2cf06-3e66-4465-9552-ff046b4aa903, Nodes: af950672-a7e7-4366-ad73-34d1713f4936{ip: 192.168.151.72, host: pr-hdds-2239-t668n-1079239961, networkLocation: /default-rack, certSerialId: null}, Type:RATIS, Factor:ONE, State:OPEN]
2019-10-04 21:28:03,714 [grpc-default-executor-10] INFO  impl.RaftServerProxy (RaftServerProxy.java:addNew(89)) - 7d9a5e18-d3d4-4a07-976c-1bc843e8257a: addNew group-FDF92818066D:[7d9a5e18-d3d4-4a07-976c-1bc843e8257a:192.168.151.72:36866] returns group-FDF92818066D:java.util.concurrent.CompletableFuture@6ea465f[Not completed]
2019-10-04 21:28:03,715 [pool-433-thread-1] INFO  impl.RaftServerImpl (RaftServerImpl.java:<init>(95)) - 7d9a5e18-d3d4-4a07-976c-1bc843e8257a: new RaftServerImpl for group-FDF92818066D:[7d9a5e18-d3d4-4a07-976c-1bc843e8257a:192.168.151.72:36866] with ContainerStateMachine:uninitialized
2019-10-04 21:28:03,715 [pool-433-thread-1] INFO  server.RaftServerConfigKeys (ConfUtils.java:logGet(43)) - raft.server.rpc.timeout.min = 5s (custom)
2019-10-04 21:28:03,715 [pool-433-thread-1] INFO  server.RaftServerConfigKeys (ConfUtils.java:logGet(43)) - raft.server.rpc.timeout.max = 5200ms (custom)
2019-10-04 21:28:03,715 [pool-433-thread-1] INFO  server.RaftServerConfigKeys (ConfUtils.java:logGet(43)) - raft.server.rpcslowness.timeout = 120s (custom)
2019-10-04 21:28:03,715 [pool-433-thread-1] INFO  server.RaftServerConfigKeys (ConfUtils.java:logGet(43)) - raft.server.sleep.deviation.threshold = 300 (default)
2019-10-04 21:28:03,715 [pool-433-thread-1] INFO  server.RaftServerConfigKeys (ConfUtils.java:logGet(43)) - raft.server.log.appender.install.snapshot.enabled = false (custom)
2019-10-04 21:28:03,715 [pool-433-thread-1] INFO  impl.RaftServerImpl (ServerState.java:<init>(103)) - 7d9a5e18-d3d4-4a07-976c-1bc843e8257a@group-FDF92818066D: ConfigurationManager, init=-1: [7d9a5e18-d3d4-4a07-976c-1bc843e8257a:192.168.151.72:36866], old=null, confs=<EMPTY_MAP>
2019-10-04 21:28:03,716 [pool-433-thread-1] INFO  server.RaftServerConfigKeys (ConfUtils.java:logGet(43)) - raft.server.storage.dir = [/workdir/hadoop-ozone/integration-test/target/test-dir/MiniOzoneClusterImpl-bc605976-4d95-4dc7-a329-328585032c31/datanode-5/data/ratis] (custom)
2019-10-04 21:28:03,716 [pool-433-thread-1] INFO  server.RaftServerConfigKeys (ConfUtils.java:logGet(43)) - raft.server.log.corruption.policy = EXCEPTION (default)
2019-10-04 21:28:03,716 [pool-433-thread-1] INFO  storage.RaftStorageDirectory (RaftStorageDirectory.java:analyzeStorage(246)) - The storage directory /workdir/hadoop-ozone/integration-test/target/test-dir/MiniOzoneClusterImpl-bc605976-4d95-4dc7-a329-328585032c31/datanode-5/data/ratis/55fa6f23-2773-41ac-88bf-fdf92818066d does not exist. Creating ...
2019-10-04 21:28:03,728 [pool-433-thread-1] INFO  storage.RaftStorageDirectory (RaftStorageDirectory.java:tryLock(328)) - Lock on /workdir/hadoop-ozone/integration-test/target/test-dir/MiniOzoneClusterImpl-bc605976-4d95-4dc7-a329-328585032c31/datanode-5/data/ratis/55fa6f23-2773-41ac-88bf-fdf92818066d/in_use.lock acquired by nodename 26541@pr-hdds-2239-t668n-1079239961
2019-10-04 21:28:03,741 [pool-433-thread-1] INFO  storage.RaftStorage (RaftStorage.java:format(84)) - Storage directory /workdir/hadoop-ozone/integration-test/target/test-dir/MiniOzoneClusterImpl-bc605976-4d95-4dc7-a329-328585032c31/datanode-5/data/ratis/55fa6f23-2773-41ac-88bf-fdf92818066d has been successfully formatted.
2019-10-04 21:28:03,741 [pool-433-thread-1] INFO  ratis.ContainerStateMachine (ContainerStateMachine.java:loadSnapshot(230)) - group-FDF92818066D: The snapshot info is null. Setting the last applied indexto:(t:0, i:~)
2019-10-04 21:28:03,741 [pool-433-thread-1] INFO  server.RaftServerConfigKeys (ConfUtils.java:logGet(43)) - raft.server.notification.no-leader.timeout = 120s (custom)
2019-10-04 21:28:03,741 [pool-433-thread-1] INFO  server.RaftServerConfigKeys (ConfUtils.java:logGet(43)) - raft.server.log.use.memory = false (default)
2019-10-04 21:28:03,741 [pool-433-thread-1] INFO  server.RaftServerConfigKeys (ConfUtils.java:logGet(43)) - raft.server.log.purge.gap = 1000000 (custom)
2019-10-04 21:28:03,741 [pool-433-thread-1] INFO  server.RaftServerConfigKeys (ConfUtils.java:logGet(43)) - raft.server.log.appender.buffer.byte-limit = 33554432 (custom)
2019-10-04 21:28:03,741 [pool-433-thread-1] INFO  server.RaftServerConfigKeys (ConfUtils.java:logGet(43)) - raft.server.log.segment.size.max = 1048576 (custom)
2019-10-04 21:28:03,742 [pool-433-thread-1] INFO  server.RaftServerConfigKeys (ConfUtils.java:logGet(43)) - raft.server.log.segment.cache.num.max = 2 (custom)
2019-10-04 21:28:03,742 [pool-433-thread-1] INFO  segmented.SegmentedRaftLogWorker (SegmentedRaftLogWorker.java:<init>(173)) - new 7d9a5e18-d3d4-4a07-976c-1bc843e8257a@group-FDF92818066D-SegmentedRaftLogWorker for RaftStorage:Storage Directory /workdir/hadoop-ozone/integration-test/target/test-dir/MiniOzoneClusterImpl-bc605976-4d95-4dc7-a329-328585032c31/datanode-5/data/ratis/55fa6f23-2773-41ac-88bf-fdf92818066d
2019-10-04 21:28:03,743 [pool-433-thread-1] INFO  server.RaftServerConfigKeys (ConfUtils.java:logGet(43)) - raft.server.log.queue.byte-limit = 2147483647 (custom)
2019-10-04 21:28:03,743 [pool-433-thread-1] INFO  server.RaftServerConfigKeys (ConfUtils.java:logGet(43)) - raft.server.log.queue.element-limit = 1024 (custom)
2019-10-04 21:28:03,743 [pool-433-thread-1] INFO  server.RaftServerConfigKeys (ConfUtils.java:logGet(43)) - raft.server.log.segment.size.max = 1048576 (custom)
2019-10-04 21:28:03,743 [pool-433-thread-1] INFO  server.RaftServerConfigKeys (ConfUtils.java:logGet(43)) - raft.server.log.preallocated.size = 16384 (custom)
2019-10-04 21:28:03,743 [pool-433-thread-1] INFO  server.RaftServerConfigKeys (ConfUtils.java:logGet(43)) - raft.server.log.write.buffer.size = 33554432 (custom)
2019-10-04 21:28:03,743 [pool-433-thread-1] INFO  server.RaftServerConfigKeys (ConfUtils.java:logGet(43)) - raft.server.log.force.sync.num = 128 (default)
2019-10-04 21:28:03,743 [pool-433-thread-1] INFO  server.RaftServerConfigKeys (ConfUtils.java:logGet(43)) - raft.server.log.statemachine.data.sync = true (default)
2019-10-04 21:28:03,743 [pool-433-thread-1] INFO  server.RaftServerConfigKeys (ConfUtils.java:logGet(43)) - raft.server.log.statemachine.data.sync.timeout = 10s (default)
2019-10-04 21:28:03,743 [pool-433-thread-1] INFO  server.RaftServerConfigKeys (ConfUtils.java:logGet(43)) - raft.server.log.statemachine.data.sync.timeout.retry = -1 (default)
2019-10-04 21:28:03,744 [pool-433-thread-1] INFO  server.RaftServerConfigKeys (ConfUtils.java:logGet(43)) - raft.server.log.statemachine.data.caching.enabled = true (custom)
2019-10-04 21:28:03,744 [pool-433-thread-1] INFO  segmented.SegmentedRaftLogWorker (SegmentedRaftLogWorker.java:lambda$new$0(128)) - 7d9a5e18-d3d4-4a07-976c-1bc843e8257a@group-FDF92818066D-SegmentedRaftLogWorker: flushIndex: setUnconditionally 0 -> -1
2019-10-04 21:28:03,744 [pool-433-thread-1] INFO  server.RaftServerConfigKeys (ConfUtils.java:logGet(43)) - raft.server.snapshot.auto.trigger.enabled = true (custom)
2019-10-04 21:28:03,744 [pool-433-thread-1] INFO  server.RaftServerConfigKeys (ConfUtils.java:logGet(43)) - raft.server.snapshot.auto.trigger.threshold = 10000 (custom)
2019-10-04 21:28:03,744 [pool-433-thread-1] INFO  server.RaftServerConfigKeys (ConfUtils.java:logGet(43)) - raft.server.snapshot.retention.file.num = 5 (custom)
2019-10-04 21:28:03,744 [pool-433-thread-1] INFO  server.RaftServerConfigKeys (ConfUtils.java:logGet(43)) - raft.server.retrycache.expirytime = 600000ms (custom)
2019-10-04 21:28:03,746 [pool-433-thread-1] INFO  impl.RaftServerImpl (RaftServerImpl.java:start(181)) - 7d9a5e18-d3d4-4a07-976c-1bc843e8257a@group-FDF92818066D: start as a follower, conf=-1: [7d9a5e18-d3d4-4a07-976c-1bc843e8257a:192.168.151.72:36866], old=null
2019-10-04 21:28:03,746 [pool-433-thread-1] INFO  impl.RaftServerImpl (RaftServerImpl.java:setRole(170)) - 7d9a5e18-d3d4-4a07-976c-1bc843e8257a@group-FDF92818066D: changes role from      null to FOLLOWER at term 0 for startAsFollower
2019-10-04 21:28:03,746 [pool-433-thread-1] INFO  impl.RoleInfo (RoleInfo.java:updateAndGet(143)) - 7d9a5e18-d3d4-4a07-976c-1bc843e8257a: start FollowerState
2019-10-04 21:28:03,746 [pool-433-thread-1] INFO  util.JmxRegister (JmxRegister.java:tryRegister(44)) - Successfully registered JMX Bean with object name Ratis:service=RaftServer,group=group-FDF92818066D,id=7d9a5e18-d3d4-4a07-976c-1bc843e8257a
2019-10-04 21:28:03,749 [RatisPipelineUtilsThread] INFO  pipeline.PipelineStateManager (PipelineStateManager.java:addPipeline(56)) - Created pipeline Pipeline[ Id: 55fa6f23-2773-41ac-88bf-fdf92818066d, Nodes: 7d9a5e18-d3d4-4a07-976c-1bc843e8257a{ip: 192.168.151.72, host: pr-hdds-2239-t668n-1079239961, networkLocation: /default-rack, certSerialId: null}, Type:RATIS, Factor:ONE, State:OPEN]
2019-10-04 21:28:03,768 [grpc-default-executor-11] INFO  impl.RaftServerProxy (RaftServerProxy.java:addNew(89)) - af950672-a7e7-4366-ad73-34d1713f4936: addNew group-63D556AF8F71:[7d9a5e18-d3d4-4a07-976c-1bc843e8257a:192.168.151.72:36866, af950672-a7e7-4366-ad73-34d1713f4936:192.168.151.72:36287, 692258db-9369-418a-ad89-2e962e970f02:192.168.151.72:45912] returns group-63D556AF8F71:java.util.concurrent.CompletableFuture@1bcc83ca[Not completed]
2019-10-04 21:28:03,768 [grpc-default-executor-12] INFO  impl.RaftServerProxy (RaftServerProxy.java:addNew(89)) - 692258db-9369-418a-ad89-2e962e970f02: addNew group-63D556AF8F71:[7d9a5e18-d3d4-4a07-976c-1bc843e8257a:192.168.151.72:36866, af950672-a7e7-4366-ad73-34d1713f4936:192.168.151.72:36287, 692258db-9369-418a-ad89-2e962e970f02:192.168.151.72:45912] returns group-63D556AF8F71:java.util.concurrent.CompletableFuture@4b3bdcc2[Not completed]
2019-10-04 21:28:03,768 [grpc-default-executor-10] INFO  impl.RaftServerProxy (RaftServerProxy.java:addNew(89)) - 7d9a5e18-d3d4-4a07-976c-1bc843e8257a: addNew group-63D556AF8F71:[7d9a5e18-d3d4-4a07-976c-1bc843e8257a:192.168.151.72:36866, af950672-a7e7-4366-ad73-34d1713f4936:192.168.151.72:36287, 692258db-9369-418a-ad89-2e962e970f02:192.168.151.72:45912] returns group-63D556AF8F71:java.util.concurrent.CompletableFuture@66b8c050[Not completed]
2019-10-04 21:28:03,773 [pool-413-thread-1] INFO  impl.RaftServerImpl (RaftServerImpl.java:<init>(95)) - 692258db-9369-418a-ad89-2e962e970f02: new RaftServerImpl for group-63D556AF8F71:[7d9a5e18-d3d4-4a07-976c-1bc843e8257a:192.168.151.72:36866, af950672-a7e7-4366-ad73-34d1713f4936:192.168.151.72:36287, 692258db-9369-418a-ad89-2e962e970f02:192.168.151.72:45912] with ContainerStateMachine:uninitialized
2019-10-04 21:28:03,773 [pool-413-thread-1] INFO  server.RaftServerConfigKeys (ConfUtils.java:logGet(43)) - raft.server.rpc.timeout.min = 5s (custom)
2019-10-04 21:28:03,773 [pool-413-thread-1] INFO  server.RaftServerConfigKeys (ConfUtils.java:logGet(43)) - raft.server.rpc.timeout.max = 5200ms (custom)
2019-10-04 21:28:03,773 [pool-423-thread-1] INFO  impl.RaftServerImpl (RaftServerImpl.java:<init>(95)) - af950672-a7e7-4366-ad73-34d1713f4936: new RaftServerImpl for group-63D556AF8F71:[7d9a5e18-d3d4-4a07-976c-1bc843e8257a:192.168.151.72:36866, af950672-a7e7-4366-ad73-34d1713f4936:192.168.151.72:36287, 692258db-9369-418a-ad89-2e962e970f02:192.168.151.72:45912] with ContainerStateMachine:uninitialized
2019-10-04 21:28:03,774 [pool-413-thread-1] INFO  server.RaftServerConfigKeys (ConfUtils.java:logGet(43)) - raft.server.rpcslowness.timeout = 120s (custom)
2019-10-04 21:28:03,774 [pool-423-thread-1] INFO  server.RaftServerConfigKeys (ConfUtils.java:logGet(43)) - raft.server.rpc.timeout.min = 5s (custom)
2019-10-04 21:28:03,774 [pool-413-thread-1] INFO  server.RaftServerConfigKeys (ConfUtils.java:logGet(43)) - raft.server.sleep.deviation.threshold = 300 (default)
2019-10-04 21:28:03,774 [pool-433-thread-1] INFO  impl.RaftServerImpl (RaftServerImpl.java:<init>(95)) - 7d9a5e18-d3d4-4a07-976c-1bc843e8257a: new RaftServerImpl for group-63D556AF8F71:[7d9a5e18-d3d4-4a07-976c-1bc843e8257a:192.168.151.72:36866, af950672-a7e7-4366-ad73-34d1713f4936:192.168.151.72:36287, 692258db-9369-418a-ad89-2e962e970f02:192.168.151.72:45912] with ContainerStateMachine:uninitialized
2019-10-04 21:28:03,774 [pool-423-thread-1] INFO  server.RaftServerConfigKeys (ConfUtils.java:logGet(43)) - raft.server.rpc.timeout.max = 5200ms (custom)
2019-10-04 21:28:03,774 [pool-433-thread-1] INFO  server.RaftServerConfigKeys (ConfUtils.java:logGet(43)) - raft.server.rpc.timeout.min = 5s (custom)
2019-10-04 21:28:03,774 [pool-433-thread-1] INFO  server.RaftServerConfigKeys (ConfUtils.java:logGet(43)) - raft.server.rpc.timeout.max = 5200ms (custom)
2019-10-04 21:28:03,774 [pool-413-thread-1] INFO  server.RaftServerConfigKeys (ConfUtils.java:logGet(43)) - raft.server.log.appender.install.snapshot.enabled = false (custom)
2019-10-04 21:28:03,775 [pool-433-thread-1] INFO  server.RaftServerConfigKeys (ConfUtils.java:logGet(43)) - raft.server.rpcslowness.timeout = 120s (custom)
2019-10-04 21:28:03,774 [pool-423-thread-1] INFO  server.RaftServerConfigKeys (ConfUtils.java:logGet(43)) - raft.server.rpcslowness.timeout = 120s (custom)
2019-10-04 21:28:03,775 [pool-433-thread-1] INFO  server.RaftServerConfigKeys (ConfUtils.java:logGet(43)) - raft.server.sleep.deviation.threshold = 300 (default)
2019-10-04 21:28:03,775 [pool-433-thread-1] INFO  server.RaftServerConfigKeys (ConfUtils.java:logGet(43)) - raft.server.log.appender.install.snapshot.enabled = false (custom)
2019-10-04 21:28:03,775 [pool-413-thread-1] INFO  impl.RaftServerImpl (ServerState.java:<init>(103)) - 692258db-9369-418a-ad89-2e962e970f02@group-63D556AF8F71: ConfigurationManager, init=-1: [7d9a5e18-d3d4-4a07-976c-1bc843e8257a:192.168.151.72:36866, af950672-a7e7-4366-ad73-34d1713f4936:192.168.151.72:36287, 692258db-9369-418a-ad89-2e962e970f02:192.168.151.72:45912], old=null, confs=<EMPTY_MAP>
2019-10-04 21:28:03,775 [pool-433-thread-1] INFO  impl.RaftServerImpl (ServerState.java:<init>(103)) - 7d9a5e18-d3d4-4a07-976c-1bc843e8257a@group-63D556AF8F71: ConfigurationManager, init=-1: [7d9a5e18-d3d4-4a07-976c-1bc843e8257a:192.168.151.72:36866, af950672-a7e7-4366-ad73-34d1713f4936:192.168.151.72:36287, 692258db-9369-418a-ad89-2e962e970f02:192.168.151.72:45912], old=null, confs=<EMPTY_MAP>
2019-10-04 21:28:03,775 [pool-423-thread-1] INFO  server.RaftServerConfigKeys (ConfUtils.java:logGet(43)) - raft.server.sleep.deviation.threshold = 300 (default)
2019-10-04 21:28:03,775 [pool-433-thread-1] INFO  server.RaftServerConfigKeys (ConfUtils.java:logGet(43)) - raft.server.storage.dir = [/workdir/hadoop-ozone/integration-test/target/test-dir/MiniOzoneClusterImpl-bc605976-4d95-4dc7-a329-328585032c31/datanode-5/data/ratis] (custom)
2019-10-04 21:28:03,775 [pool-413-thread-1] INFO  server.RaftServerConfigKeys (ConfUtils.java:logGet(43)) - raft.server.storage.dir = [/workdir/hadoop-ozone/integration-test/target/test-dir/MiniOzoneClusterImpl-bc605976-4d95-4dc7-a329-328585032c31/datanode-3/data/ratis] (custom)
2019-10-04 21:28:03,776 [pool-433-thread-1] INFO  server.RaftServerConfigKeys (ConfUtils.java:logGet(43)) - raft.server.log.corruption.policy = EXCEPTION (default)
2019-10-04 21:28:03,776 [pool-423-thread-1] INFO  server.RaftServerConfigKeys (ConfUtils.java:logGet(43)) - raft.server.log.appender.install.snapshot.enabled = false (custom)
2019-10-04 21:28:03,776 [pool-433-thread-1] INFO  storage.RaftStorageDirectory (RaftStorageDirectory.java:analyzeStorage(246)) - The storage directory /workdir/hadoop-ozone/integration-test/target/test-dir/MiniOzoneClusterImpl-bc605976-4d95-4dc7-a329-328585032c31/datanode-5/data/ratis/42706ade-d679-46f7-98e5-63d556af8f71 does not exist. Creating ...
2019-10-04 21:28:03,776 [pool-413-thread-1] INFO  server.RaftServerConfigKeys (ConfUtils.java:logGet(43)) - raft.server.log.corruption.policy = EXCEPTION (default)
2019-10-04 21:28:03,776 [pool-423-thread-1] INFO  impl.RaftServerImpl (ServerState.java:<init>(103)) - af950672-a7e7-4366-ad73-34d1713f4936@group-63D556AF8F71: ConfigurationManager, init=-1: [7d9a5e18-d3d4-4a07-976c-1bc843e8257a:192.168.151.72:36866, af950672-a7e7-4366-ad73-34d1713f4936:192.168.151.72:36287, 692258db-9369-418a-ad89-2e962e970f02:192.168.151.72:45912], old=null, confs=<EMPTY_MAP>
2019-10-04 21:28:03,777 [pool-413-thread-1] INFO  storage.RaftStorageDirectory (RaftStorageDirectory.java:analyzeStorage(246)) - The storage directory /workdir/hadoop-ozone/integration-test/target/test-dir/MiniOzoneClusterImpl-bc605976-4d95-4dc7-a329-328585032c31/datanode-3/data/ratis/42706ade-d679-46f7-98e5-63d556af8f71 does not exist. Creating ...
2019-10-04 21:28:03,777 [pool-423-thread-1] INFO  server.RaftServerConfigKeys (ConfUtils.java:logGet(43)) - raft.server.storage.dir = [/workdir/hadoop-ozone/integration-test/target/test-dir/MiniOzoneClusterImpl-bc605976-4d95-4dc7-a329-328585032c31/datanode-4/data/ratis] (custom)
2019-10-04 21:28:03,777 [pool-423-thread-1] INFO  server.RaftServerConfigKeys (ConfUtils.java:logGet(43)) - raft.server.log.corruption.policy = EXCEPTION (default)
2019-10-04 21:28:03,777 [pool-423-thread-1] INFO  storage.RaftStorageDirectory (RaftStorageDirectory.java:analyzeStorage(246)) - The storage directory /workdir/hadoop-ozone/integration-test/target/test-dir/MiniOzoneClusterImpl-bc605976-4d95-4dc7-a329-328585032c31/datanode-4/data/ratis/42706ade-d679-46f7-98e5-63d556af8f71 does not exist. Creating ...
2019-10-04 21:28:03,785 [main] INFO  ozone.MiniOzoneClusterImpl (MiniOzoneClusterImpl.java:lambda$waitForClusterToBeReady$0(147)) - Waiting for cluster to be ready. Got 6 of 7 DN Heartbeats.
2019-10-04 21:28:03,785 [IPC Server handler 4 on 43077] INFO  net.NetworkTopology (NetworkTopologyImpl.java:add(111)) - Added a new node: /default-rack/c5010002-c318-4afd-9fc1-65f5d9ac8797
2019-10-04 21:28:03,785 [IPC Server handler 4 on 43077] INFO  node.SCMNodeManager (SCMNodeManager.java:register(268)) - Registered Data node : c5010002-c318-4afd-9fc1-65f5d9ac8797{ip: 192.168.151.72, host: pr-hdds-2239-t668n-1079239961, networkLocation: /default-rack, certSerialId: null}
2019-10-04 21:28:03,802 [pool-433-thread-1] INFO  storage.RaftStorageDirectory (RaftStorageDirectory.java:tryLock(328)) - Lock on /workdir/hadoop-ozone/integration-test/target/test-dir/MiniOzoneClusterImpl-bc605976-4d95-4dc7-a329-328585032c31/datanode-5/data/ratis/42706ade-d679-46f7-98e5-63d556af8f71/in_use.lock acquired by nodename 26541@pr-hdds-2239-t668n-1079239961
2019-10-04 21:28:03,802 [pool-413-thread-1] INFO  storage.RaftStorageDirectory (RaftStorageDirectory.java:tryLock(328)) - Lock on /workdir/hadoop-ozone/integration-test/target/test-dir/MiniOzoneClusterImpl-bc605976-4d95-4dc7-a329-328585032c31/datanode-3/data/ratis/42706ade-d679-46f7-98e5-63d556af8f71/in_use.lock acquired by nodename 26541@pr-hdds-2239-t668n-1079239961
2019-10-04 21:28:03,802 [pool-423-thread-1] INFO  storage.RaftStorageDirectory (RaftStorageDirectory.java:tryLock(328)) - Lock on /workdir/hadoop-ozone/integration-test/target/test-dir/MiniOzoneClusterImpl-bc605976-4d95-4dc7-a329-328585032c31/datanode-4/data/ratis/42706ade-d679-46f7-98e5-63d556af8f71/in_use.lock acquired by nodename 26541@pr-hdds-2239-t668n-1079239961
2019-10-04 21:28:03,827 [pool-433-thread-1] INFO  storage.RaftStorage (RaftStorage.java:format(84)) - Storage directory /workdir/hadoop-ozone/integration-test/target/test-dir/MiniOzoneClusterImpl-bc605976-4d95-4dc7-a329-328585032c31/datanode-5/data/ratis/42706ade-d679-46f7-98e5-63d556af8f71 has been successfully formatted.
2019-10-04 21:28:03,827 [pool-423-thread-1] INFO  storage.RaftStorage (RaftStorage.java:format(84)) - Storage directory /workdir/hadoop-ozone/integration-test/target/test-dir/MiniOzoneClusterImpl-bc605976-4d95-4dc7-a329-328585032c31/datanode-4/data/ratis/42706ade-d679-46f7-98e5-63d556af8f71 has been successfully formatted.
2019-10-04 21:28:03,827 [pool-413-thread-1] INFO  storage.RaftStorage (RaftStorage.java:format(84)) - Storage directory /workdir/hadoop-ozone/integration-test/target/test-dir/MiniOzoneClusterImpl-bc605976-4d95-4dc7-a329-328585032c31/datanode-3/data/ratis/42706ade-d679-46f7-98e5-63d556af8f71 has been successfully formatted.
2019-10-04 21:28:03,827 [pool-433-thread-1] INFO  ratis.ContainerStateMachine (ContainerStateMachine.java:loadSnapshot(230)) - group-63D556AF8F71: The snapshot info is null. Setting the last applied indexto:(t:0, i:~)
2019-10-04 21:28:03,828 [pool-413-thread-1] INFO  ratis.ContainerStateMachine (ContainerStateMachine.java:loadSnapshot(230)) - group-63D556AF8F71: The snapshot info is null. Setting the last applied indexto:(t:0, i:~)
2019-10-04 21:28:03,828 [pool-423-thread-1] INFO  ratis.ContainerStateMachine (ContainerStateMachine.java:loadSnapshot(230)) - group-63D556AF8F71: The snapshot info is null. Setting the last applied indexto:(t:0, i:~)
2019-10-04 21:28:03,828 [pool-413-thread-1] INFO  server.RaftServerConfigKeys (ConfUtils.java:logGet(43)) - raft.server.notification.no-leader.timeout = 120s (custom)
2019-10-04 21:28:03,828 [pool-433-thread-1] INFO  server.RaftServerConfigKeys (ConfUtils.java:logGet(43)) - raft.server.notification.no-leader.timeout = 120s (custom)
2019-10-04 21:28:03,828 [pool-413-thread-1] INFO  server.RaftServerConfigKeys (ConfUtils.java:logGet(43)) - raft.server.log.use.memory = false (default)
2019-10-04 21:28:03,828 [pool-423-thread-1] INFO  server.RaftServerConfigKeys (ConfUtils.java:logGet(43)) - raft.server.notification.no-leader.timeout = 120s (custom)
2019-10-04 21:28:03,829 [pool-413-thread-1] INFO  server.RaftServerConfigKeys (ConfUtils.java:logGet(43)) - raft.server.log.purge.gap = 1000000 (custom)
2019-10-04 21:28:03,828 [pool-433-thread-1] INFO  server.RaftServerConfigKeys (ConfUtils.java:logGet(43)) - raft.server.log.use.memory = false (default)
2019-10-04 21:28:03,829 [pool-413-thread-1] INFO  server.RaftServerConfigKeys (ConfUtils.java:logGet(43)) - raft.server.log.appender.buffer.byte-limit = 33554432 (custom)
2019-10-04 21:28:03,829 [pool-423-thread-1] INFO  server.RaftServerConfigKeys (ConfUtils.java:logGet(43)) - raft.server.log.use.memory = false (default)
2019-10-04 21:28:03,829 [pool-413-thread-1] INFO  server.RaftServerConfigKeys (ConfUtils.java:logGet(43)) - raft.server.log.segment.size.max = 1048576 (custom)
2019-10-04 21:28:03,829 [pool-433-thread-1] INFO  server.RaftServerConfigKeys (ConfUtils.java:logGet(43)) - raft.server.log.purge.gap = 1000000 (custom)
2019-10-04 21:28:03,829 [pool-413-thread-1] INFO  server.RaftServerConfigKeys (ConfUtils.java:logGet(43)) - raft.server.log.segment.cache.num.max = 2 (custom)
2019-10-04 21:28:03,829 [pool-423-thread-1] INFO  server.RaftServerConfigKeys (ConfUtils.java:logGet(43)) - raft.server.log.purge.gap = 1000000 (custom)
2019-10-04 21:28:03,830 [pool-413-thread-1] INFO  segmented.SegmentedRaftLogWorker (SegmentedRaftLogWorker.java:<init>(173)) - new 692258db-9369-418a-ad89-2e962e970f02@group-63D556AF8F71-SegmentedRaftLogWorker for RaftStorage:Storage Directory /workdir/hadoop-ozone/integration-test/target/test-dir/MiniOzoneClusterImpl-bc605976-4d95-4dc7-a329-328585032c31/datanode-3/data/ratis/42706ade-d679-46f7-98e5-63d556af8f71
2019-10-04 21:28:03,830 [pool-433-thread-1] INFO  server.RaftServerConfigKeys (ConfUtils.java:logGet(43)) - raft.server.log.appender.buffer.byte-limit = 33554432 (custom)
2019-10-04 21:28:03,830 [pool-413-thread-1] INFO  server.RaftServerConfigKeys (ConfUtils.java:logGet(43)) - raft.server.log.queue.byte-limit = 2147483647 (custom)
2019-10-04 21:28:03,830 [pool-423-thread-1] INFO  server.RaftServerConfigKeys (ConfUtils.java:logGet(43)) - raft.server.log.appender.buffer.byte-limit = 33554432 (custom)
2019-10-04 21:28:03,830 [pool-413-thread-1] INFO  server.RaftServerConfigKeys (ConfUtils.java:logGet(43)) - raft.server.log.queue.element-limit = 1024 (custom)
2019-10-04 21:28:03,830 [pool-433-thread-1] INFO  server.RaftServerConfigKeys (ConfUtils.java:logGet(43)) - raft.server.log.segment.size.max = 1048576 (custom)
2019-10-04 21:28:03,830 [pool-413-thread-1] INFO  server.RaftServerConfigKeys (ConfUtils.java:logGet(43)) - raft.server.log.segment.size.max = 1048576 (custom)
2019-10-04 21:28:03,830 [pool-423-thread-1] INFO  server.RaftServerConfigKeys (ConfUtils.java:logGet(43)) - raft.server.log.segment.size.max = 1048576 (custom)
2019-10-04 21:28:03,831 [pool-413-thread-1] INFO  server.RaftServerConfigKeys (ConfUtils.java:logGet(43)) - raft.server.log.preallocated.size = 16384 (custom)
2019-10-04 21:28:03,831 [pool-433-thread-1] INFO  server.RaftServerConfigKeys (ConfUtils.java:logGet(43)) - raft.server.log.segment.cache.num.max = 2 (custom)
2019-10-04 21:28:03,831 [pool-413-thread-1] INFO  server.RaftServerConfigKeys (ConfUtils.java:logGet(43)) - raft.server.log.write.buffer.size = 33554432 (custom)
2019-10-04 21:28:03,831 [pool-413-thread-1] INFO  server.RaftServerConfigKeys (ConfUtils.java:logGet(43)) - raft.server.log.force.sync.num = 128 (default)
2019-10-04 21:28:03,831 [pool-423-thread-1] INFO  server.RaftServerConfigKeys (ConfUtils.java:logGet(43)) - raft.server.log.segment.cache.num.max = 2 (custom)
2019-10-04 21:28:03,831 [pool-413-thread-1] INFO  server.RaftServerConfigKeys (ConfUtils.java:logGet(43)) - raft.server.log.statemachine.data.sync = true (default)
2019-10-04 21:28:03,831 [pool-433-thread-1] INFO  segmented.SegmentedRaftLogWorker (SegmentedRaftLogWorker.java:<init>(173)) - new 7d9a5e18-d3d4-4a07-976c-1bc843e8257a@group-63D556AF8F71-SegmentedRaftLogWorker for RaftStorage:Storage Directory /workdir/hadoop-ozone/integration-test/target/test-dir/MiniOzoneClusterImpl-bc605976-4d95-4dc7-a329-328585032c31/datanode-5/data/ratis/42706ade-d679-46f7-98e5-63d556af8f71
2019-10-04 21:28:03,832 [pool-413-thread-1] INFO  server.RaftServerConfigKeys (ConfUtils.java:logGet(43)) - raft.server.log.statemachine.data.sync.timeout = 10s (default)
2019-10-04 21:28:03,832 [pool-413-thread-1] INFO  server.RaftServerConfigKeys (ConfUtils.java:logGet(43)) - raft.server.log.statemachine.data.sync.timeout.retry = -1 (default)
2019-10-04 21:28:03,831 [pool-423-thread-1] INFO  segmented.SegmentedRaftLogWorker (SegmentedRaftLogWorker.java:<init>(173)) - new af950672-a7e7-4366-ad73-34d1713f4936@group-63D556AF8F71-SegmentedRaftLogWorker for RaftStorage:Storage Directory /workdir/hadoop-ozone/integration-test/target/test-dir/MiniOzoneClusterImpl-bc605976-4d95-4dc7-a329-328585032c31/datanode-4/data/ratis/42706ade-d679-46f7-98e5-63d556af8f71
2019-10-04 21:28:03,832 [pool-413-thread-1] INFO  server.RaftServerConfigKeys (ConfUtils.java:logGet(43)) - raft.server.log.statemachine.data.caching.enabled = true (custom)
2019-10-04 21:28:03,832 [pool-433-thread-1] INFO  server.RaftServerConfigKeys (ConfUtils.java:logGet(43)) - raft.server.log.queue.byte-limit = 2147483647 (custom)
2019-10-04 21:28:03,832 [pool-423-thread-1] INFO  server.RaftServerConfigKeys (ConfUtils.java:logGet(43)) - raft.server.log.queue.byte-limit = 2147483647 (custom)
2019-10-04 21:28:03,832 [pool-413-thread-1] INFO  segmented.SegmentedRaftLogWorker (SegmentedRaftLogWorker.java:lambda$new$0(128)) - 692258db-9369-418a-ad89-2e962e970f02@group-63D556AF8F71-SegmentedRaftLogWorker: flushIndex: setUnconditionally 0 -> -1
2019-10-04 21:28:03,832 [pool-433-thread-1] INFO  server.RaftServerConfigKeys (ConfUtils.java:logGet(43)) - raft.server.log.queue.element-limit = 1024 (custom)
2019-10-04 21:28:03,833 [pool-423-thread-1] INFO  server.RaftServerConfigKeys (ConfUtils.java:logGet(43)) - raft.server.log.queue.element-limit = 1024 (custom)
2019-10-04 21:28:03,833 [pool-413-thread-1] INFO  server.RaftServerConfigKeys (ConfUtils.java:logGet(43)) - raft.server.snapshot.auto.trigger.enabled = true (custom)
2019-10-04 21:28:03,833 [pool-433-thread-1] INFO  server.RaftServerConfigKeys (ConfUtils.java:logGet(43)) - raft.server.log.segment.size.max = 1048576 (custom)
2019-10-04 21:28:03,833 [pool-413-thread-1] INFO  server.RaftServerConfigKeys (ConfUtils.java:logGet(43)) - raft.server.snapshot.auto.trigger.threshold = 10000 (custom)
2019-10-04 21:28:03,833 [pool-413-thread-1] INFO  server.RaftServerConfigKeys (ConfUtils.java:logGet(43)) - raft.server.snapshot.retention.file.num = 5 (custom)
2019-10-04 21:28:03,833 [pool-423-thread-1] INFO  server.RaftServerConfigKeys (ConfUtils.java:logGet(43)) - raft.server.log.segment.size.max = 1048576 (custom)
2019-10-04 21:28:03,834 [pool-413-thread-1] INFO  server.RaftServerConfigKeys (ConfUtils.java:logGet(43)) - raft.server.retrycache.expirytime = 600000ms (custom)
2019-10-04 21:28:03,833 [pool-433-thread-1] INFO  server.RaftServerConfigKeys (ConfUtils.java:logGet(43)) - raft.server.log.preallocated.size = 16384 (custom)
2019-10-04 21:28:03,834 [pool-423-thread-1] INFO  server.RaftServerConfigKeys (ConfUtils.java:logGet(43)) - raft.server.log.preallocated.size = 16384 (custom)
2019-10-04 21:28:03,834 [pool-433-thread-1] INFO  server.RaftServerConfigKeys (ConfUtils.java:logGet(43)) - raft.server.log.write.buffer.size = 33554432 (custom)
2019-10-04 21:28:03,834 [pool-423-thread-1] INFO  server.RaftServerConfigKeys (ConfUtils.java:logGet(43)) - raft.server.log.write.buffer.size = 33554432 (custom)
2019-10-04 21:28:03,834 [pool-433-thread-1] INFO  server.RaftServerConfigKeys (ConfUtils.java:logGet(43)) - raft.server.log.force.sync.num = 128 (default)
2019-10-04 21:28:03,834 [pool-423-thread-1] INFO  server.RaftServerConfigKeys (ConfUtils.java:logGet(43)) - raft.server.log.force.sync.num = 128 (default)
2019-10-04 21:28:03,834 [pool-433-thread-1] INFO  server.RaftServerConfigKeys (ConfUtils.java:logGet(43)) - raft.server.log.statemachine.data.sync = true (default)
2019-10-04 21:28:03,835 [pool-423-thread-1] INFO  server.RaftServerConfigKeys (ConfUtils.java:logGet(43)) - raft.server.log.statemachine.data.sync = true (default)
2019-10-04 21:28:03,835 [pool-433-thread-1] INFO  server.RaftServerConfigKeys (ConfUtils.java:logGet(43)) - raft.server.log.statemachine.data.sync.timeout = 10s (default)
2019-10-04 21:28:03,835 [pool-423-thread-1] INFO  server.RaftServerConfigKeys (ConfUtils.java:logGet(43)) - raft.server.log.statemachine.data.sync.timeout = 10s (default)
2019-10-04 21:28:03,835 [pool-433-thread-1] INFO  server.RaftServerConfigKeys (ConfUtils.java:logGet(43)) - raft.server.log.statemachine.data.sync.timeout.retry = -1 (default)
2019-10-04 21:28:03,835 [pool-423-thread-1] INFO  server.RaftServerConfigKeys (ConfUtils.java:logGet(43)) - raft.server.log.statemachine.data.sync.timeout.retry = -1 (default)
2019-10-04 21:28:03,835 [pool-433-thread-1] INFO  server.RaftServerConfigKeys (ConfUtils.java:logGet(43)) - raft.server.log.statemachine.data.caching.enabled = true (custom)
2019-10-04 21:28:03,835 [pool-423-thread-1] INFO  server.RaftServerConfigKeys (ConfUtils.java:logGet(43)) - raft.server.log.statemachine.data.caching.enabled = true (custom)
2019-10-04 21:28:03,835 [pool-413-thread-1] INFO  impl.RaftServerImpl (RaftServerImpl.java:start(181)) - 692258db-9369-418a-ad89-2e962e970f02@group-63D556AF8F71: start as a follower, conf=-1: [7d9a5e18-d3d4-4a07-976c-1bc843e8257a:192.168.151.72:36866, af950672-a7e7-4366-ad73-34d1713f4936:192.168.151.72:36287, 692258db-9369-418a-ad89-2e962e970f02:192.168.151.72:45912], old=null
2019-10-04 21:28:03,836 [pool-423-thread-1] INFO  segmented.SegmentedRaftLogWorker (SegmentedRaftLogWorker.java:lambda$new$0(128)) - af950672-a7e7-4366-ad73-34d1713f4936@group-63D556AF8F71-SegmentedRaftLogWorker: flushIndex: setUnconditionally 0 -> -1
2019-10-04 21:28:03,836 [pool-433-thread-1] INFO  segmented.SegmentedRaftLogWorker (SegmentedRaftLogWorker.java:lambda$new$0(128)) - 7d9a5e18-d3d4-4a07-976c-1bc843e8257a@group-63D556AF8F71-SegmentedRaftLogWorker: flushIndex: setUnconditionally 0 -> -1
2019-10-04 21:28:03,836 [pool-413-thread-1] INFO  impl.RaftServerImpl (RaftServerImpl.java:setRole(170)) - 692258db-9369-418a-ad89-2e962e970f02@group-63D556AF8F71: changes role from      null to FOLLOWER at term 0 for startAsFollower
2019-10-04 21:28:03,836 [pool-423-thread-1] INFO  server.RaftServerConfigKeys (ConfUtils.java:logGet(43)) - raft.server.snapshot.auto.trigger.enabled = true (custom)
2019-10-04 21:28:03,836 [pool-413-thread-1] INFO  impl.RoleInfo (RoleInfo.java:updateAndGet(143)) - 692258db-9369-418a-ad89-2e962e970f02: start FollowerState
2019-10-04 21:28:03,836 [pool-423-thread-1] INFO  server.RaftServerConfigKeys (ConfUtils.java:logGet(43)) - raft.server.snapshot.auto.trigger.threshold = 10000 (custom)
2019-10-04 21:28:03,836 [pool-433-thread-1] INFO  server.RaftServerConfigKeys (ConfUtils.java:logGet(43)) - raft.server.snapshot.auto.trigger.enabled = true (custom)
2019-10-04 21:28:03,836 [pool-423-thread-1] INFO  server.RaftServerConfigKeys (ConfUtils.java:logGet(43)) - raft.server.snapshot.retention.file.num = 5 (custom)
2019-10-04 21:28:03,836 [pool-413-thread-1] INFO  util.JmxRegister (JmxRegister.java:tryRegister(44)) - Successfully registered JMX Bean with object name Ratis:service=RaftServer,group=group-63D556AF8F71,id=692258db-9369-418a-ad89-2e962e970f02
2019-10-04 21:28:03,836 [pool-433-thread-1] INFO  server.RaftServerConfigKeys (ConfUtils.java:logGet(43)) - raft.server.snapshot.auto.trigger.threshold = 10000 (custom)
2019-10-04 21:28:03,836 [pool-423-thread-1] INFO  server.RaftServerConfigKeys (ConfUtils.java:logGet(43)) - raft.server.retrycache.expirytime = 600000ms (custom)
2019-10-04 21:28:03,837 [pool-433-thread-1] INFO  server.RaftServerConfigKeys (ConfUtils.java:logGet(43)) - raft.server.snapshot.retention.file.num = 5 (custom)
2019-10-04 21:28:03,837 [pool-433-thread-1] INFO  server.RaftServerConfigKeys (ConfUtils.java:logGet(43)) - raft.server.retrycache.expirytime = 600000ms (custom)
2019-10-04 21:28:03,840 [pool-423-thread-1] INFO  impl.RaftServerImpl (RaftServerImpl.java:start(181)) - af950672-a7e7-4366-ad73-34d1713f4936@group-63D556AF8F71: start as a follower, conf=-1: [7d9a5e18-d3d4-4a07-976c-1bc843e8257a:192.168.151.72:36866, af950672-a7e7-4366-ad73-34d1713f4936:192.168.151.72:36287, 692258db-9369-418a-ad89-2e962e970f02:192.168.151.72:45912], old=null
2019-10-04 21:28:03,840 [pool-423-thread-1] INFO  impl.RaftServerImpl (RaftServerImpl.java:setRole(170)) - af950672-a7e7-4366-ad73-34d1713f4936@group-63D556AF8F71: changes role from      null to FOLLOWER at term 0 for startAsFollower
2019-10-04 21:28:03,840 [pool-433-thread-1] INFO  impl.RaftServerImpl (RaftServerImpl.java:start(181)) - 7d9a5e18-d3d4-4a07-976c-1bc843e8257a@group-63D556AF8F71: start as a follower, conf=-1: [7d9a5e18-d3d4-4a07-976c-1bc843e8257a:192.168.151.72:36866, af950672-a7e7-4366-ad73-34d1713f4936:192.168.151.72:36287, 692258db-9369-418a-ad89-2e962e970f02:192.168.151.72:45912], old=null
2019-10-04 21:28:03,840 [pool-423-thread-1] INFO  impl.RoleInfo (RoleInfo.java:updateAndGet(143)) - af950672-a7e7-4366-ad73-34d1713f4936: start FollowerState
2019-10-04 21:28:03,840 [pool-433-thread-1] INFO  impl.RaftServerImpl (RaftServerImpl.java:setRole(170)) - 7d9a5e18-d3d4-4a07-976c-1bc843e8257a@group-63D556AF8F71: changes role from      null to FOLLOWER at term 0 for startAsFollower
2019-10-04 21:28:03,841 [pool-433-thread-1] INFO  impl.RoleInfo (RoleInfo.java:updateAndGet(143)) - 7d9a5e18-d3d4-4a07-976c-1bc843e8257a: start FollowerState
2019-10-04 21:28:03,841 [pool-423-thread-1] INFO  util.JmxRegister (JmxRegister.java:tryRegister(44)) - Successfully registered JMX Bean with object name Ratis:service=RaftServer,group=group-63D556AF8F71,id=af950672-a7e7-4366-ad73-34d1713f4936
2019-10-04 21:28:03,841 [pool-433-thread-1] INFO  util.JmxRegister (JmxRegister.java:tryRegister(44)) - Successfully registered JMX Bean with object name Ratis:service=RaftServer,group=group-63D556AF8F71,id=7d9a5e18-d3d4-4a07-976c-1bc843e8257a
2019-10-04 21:28:03,846 [RatisPipelineUtilsThread] INFO  pipeline.PipelineStateManager (PipelineStateManager.java:addPipeline(56)) - Created pipeline Pipeline[ Id: 42706ade-d679-46f7-98e5-63d556af8f71, Nodes: 692258db-9369-418a-ad89-2e962e970f02{ip: 192.168.151.72, host: pr-hdds-2239-t668n-1079239961, networkLocation: /default-rack, certSerialId: null}7d9a5e18-d3d4-4a07-976c-1bc843e8257a{ip: 192.168.151.72, host: pr-hdds-2239-t668n-1079239961, networkLocation: /default-rack, certSerialId: null}af950672-a7e7-4366-ad73-34d1713f4936{ip: 192.168.151.72, host: pr-hdds-2239-t668n-1079239961, networkLocation: /default-rack, certSerialId: null}, Type:RATIS, Factor:THREE, State:OPEN]
2019-10-04 21:28:04,056 [Thread-2400] INFO  client.GrpcClientProtocolService (GrpcClientProtocolService.java:lambda$processClientRequest$0(278)) - Failed RaftClientRequest:client-CE3CC55F23D9->aef531bd-6946-4f65-aff1-2034fa836c06@group-B46CC0D4AE81, cid=68, seq=0, Watch-MAJORITY_COMMITTED(11), Message:<EMPTY>, reply=RaftClientReply:client-CE3CC55F23D9->aef531bd-6946-4f65-aff1-2034fa836c06@group-B46CC0D4AE81, cid=68, FAILED org.apache.ratis.protocol.NotReplicatedException: Request with call Id 68 and log index 11 is not yet replicated to MAJORITY_COMMITTED, logIndex=11, commits[aef531bd-6946-4f65-aff1-2034fa836c06:c2, 85482a46-d908-46a3-b4f7-930495164df5:c2, b3a93a1c-bd5d-4647-93a8-f02890694163:c2]
2019-10-04 21:28:04,474 [grpc-default-executor-12] WARN  server.GrpcLogAppender (LogUtils.java:warn(134)) - aef531bd-6946-4f65-aff1-2034fa836c06@group-B46CC0D4AE81->85482a46-d908-46a3-b4f7-930495164df5-AppendLogResponseHandler: Failed appendEntries: org.apache.ratis.thirdparty.io.grpc.StatusRuntimeException: UNAVAILABLE: io exception
2019-10-04 21:28:04,474 [grpc-default-executor-1] WARN  server.GrpcLogAppender (LogUtils.java:warn(134)) - aef531bd-6946-4f65-aff1-2034fa836c06@group-B46CC0D4AE81->b3a93a1c-bd5d-4647-93a8-f02890694163-AppendLogResponseHandler: Failed appendEntries: org.apache.ratis.thirdparty.io.grpc.StatusRuntimeException: UNAVAILABLE: io exception
2019-10-04 21:28:04,485 [grpc-default-executor-12] INFO  impl.FollowerInfo (FollowerInfo.java:lambda$new$0(51)) - aef531bd-6946-4f65-aff1-2034fa836c06@group-B46CC0D4AE81->85482a46-d908-46a3-b4f7-930495164df5: nextIndex: updateUnconditionally 0 -> 0
2019-10-04 21:28:04,485 [grpc-default-executor-1] INFO  impl.FollowerInfo (FollowerInfo.java:lambda$new$0(51)) - aef531bd-6946-4f65-aff1-2034fa836c06@group-B46CC0D4AE81->b3a93a1c-bd5d-4647-93a8-f02890694163: nextIndex: updateUnconditionally 0 -> 0
2019-10-04 21:28:04,785 [main] INFO  ozone.MiniOzoneClusterImpl (MiniOzoneClusterImpl.java:lambda$waitForClusterToBeReady$0(147)) - Cluster is ready. Got 7 of 7 DN Heartbeats.
2019-10-04 21:28:04,826 [main] INFO  rpc.RpcClient (RpcClient.java:createVolume(277)) - Creating Volume: watchforcommithandlingtest, with jenkins1000 as owner.
2019-10-04 21:28:04,830 [IPC Server handler 0 on 38217] INFO  volume.OMVolumeCreateRequest (OMVolumeCreateRequest.java:validateAndUpdateCache(193)) - created volume:watchforcommithandlingtest for user:jenkins1000
2019-10-04 21:28:04,849 [main] INFO  rpc.RpcClient (RpcClient.java:createBucket(416)) - Creating Bucket: watchforcommithandlingtest/watchforcommithandlingtest, with Versioning false and Storage Type set to DISK and Encryption set to false 
2019-10-04 21:28:04,858 [main] INFO  ozone.MiniOzoneClusterImpl (MiniOzoneClusterImpl.java:getStorageContainerLocationClient(234)) - Creating StorageContainerLocationProtocol RPC client with address /0.0.0.0:38309
2019-10-04 21:28:06,289 [Thread-2363] INFO  container.ReplicationManager (ReplicationManager.java:start(162)) - Starting Replication Monitor Thread.
2019-10-04 21:28:06,296 [ReplicationMonitor] INFO  container.ReplicationManager (ReplicationManager.java:run(225)) - Replication Monitor Thread took 0 milliseconds for processing 1 containers.
2019-10-04 21:28:06,975 [grpc-default-executor-8] WARN  server.GrpcLogAppender (LogUtils.java:warn(134)) - aef531bd-6946-4f65-aff1-2034fa836c06@group-B46CC0D4AE81->b3a93a1c-bd5d-4647-93a8-f02890694163-AppendLogResponseHandler: Failed appendEntries: org.apache.ratis.thirdparty.io.grpc.StatusRuntimeException: UNAVAILABLE: io exception
2019-10-04 21:28:06,975 [grpc-default-executor-2] WARN  server.GrpcLogAppender (LogUtils.java:warn(134)) - aef531bd-6946-4f65-aff1-2034fa836c06@group-B46CC0D4AE81->85482a46-d908-46a3-b4f7-930495164df5-AppendLogResponseHandler: Failed appendEntries: org.apache.ratis.thirdparty.io.grpc.StatusRuntimeException: UNAVAILABLE: io exception
2019-10-04 21:28:06,975 [grpc-default-executor-8] INFO  impl.FollowerInfo (FollowerInfo.java:lambda$new$0(51)) - aef531bd-6946-4f65-aff1-2034fa836c06@group-B46CC0D4AE81->b3a93a1c-bd5d-4647-93a8-f02890694163: nextIndex: updateUnconditionally 0 -> 0
2019-10-04 21:28:06,975 [grpc-default-executor-2] INFO  impl.FollowerInfo (FollowerInfo.java:lambda$new$0(51)) - aef531bd-6946-4f65-aff1-2034fa836c06@group-B46CC0D4AE81->85482a46-d908-46a3-b4f7-930495164df5: nextIndex: updateUnconditionally 0 -> 0
2019-10-04 21:28:08,468 [Thread-2368] INFO  impl.FollowerState (FollowerState.java:run(108)) - 76f8dd46-7a49-4c28-b6d4-c158c8440244@group-3A58DB64718C-FollowerState: change to CANDIDATE, lastRpcTime:5070ms, electionTimeout:5070ms
2019-10-04 21:28:08,468 [Thread-2368] INFO  impl.RoleInfo (RoleInfo.java:shutdownFollowerState(121)) - 76f8dd46-7a49-4c28-b6d4-c158c8440244: shutdown FollowerState
2019-10-04 21:28:08,469 [Thread-2368] INFO  impl.RaftServerImpl (RaftServerImpl.java:setRole(170)) - 76f8dd46-7a49-4c28-b6d4-c158c8440244@group-3A58DB64718C: changes role from  FOLLOWER to CANDIDATE at term 0 for changeToCandidate
2019-10-04 21:28:08,469 [Thread-2368] INFO  impl.RoleInfo (RoleInfo.java:updateAndGet(143)) - 76f8dd46-7a49-4c28-b6d4-c158c8440244: start LeaderElection
2019-10-04 21:28:08,488 [Thread-2365] INFO  impl.FollowerState (FollowerState.java:run(108)) - 117e6173-3a16-4e4f-95c1-02e2385318dd@group-160360CD5156-FollowerState: change to CANDIDATE, lastRpcTime:5151ms, electionTimeout:5151ms
2019-10-04 21:28:08,489 [Thread-2365] INFO  impl.RoleInfo (RoleInfo.java:shutdownFollowerState(121)) - 117e6173-3a16-4e4f-95c1-02e2385318dd: shutdown FollowerState
2019-10-04 21:28:08,489 [Thread-2365] INFO  impl.RaftServerImpl (RaftServerImpl.java:setRole(170)) - 117e6173-3a16-4e4f-95c1-02e2385318dd@group-160360CD5156: changes role from  FOLLOWER to CANDIDATE at term 0 for changeToCandidate
2019-10-04 21:28:08,489 [Thread-2365] INFO  impl.RoleInfo (RoleInfo.java:updateAndGet(143)) - 117e6173-3a16-4e4f-95c1-02e2385318dd: start LeaderElection
2019-10-04 21:28:08,501 [76f8dd46-7a49-4c28-b6d4-c158c8440244@group-3A58DB64718C-LeaderElection58] INFO  impl.LeaderElection (LeaderElection.java:askForVotes(178)) - 76f8dd46-7a49-4c28-b6d4-c158c8440244@group-3A58DB64718C-LeaderElection58: begin an election at term 1 for -1: [76f8dd46-7a49-4c28-b6d4-c158c8440244:192.168.151.72:45621], old=null
2019-10-04 21:28:08,502 [76f8dd46-7a49-4c28-b6d4-c158c8440244@group-3A58DB64718C-LeaderElection58] INFO  impl.RoleInfo (RoleInfo.java:shutdownLeaderElection(134)) - 76f8dd46-7a49-4c28-b6d4-c158c8440244: shutdown LeaderElection
2019-10-04 21:28:08,502 [76f8dd46-7a49-4c28-b6d4-c158c8440244@group-3A58DB64718C-LeaderElection58] INFO  impl.RaftServerImpl (RaftServerImpl.java:setRole(170)) - 76f8dd46-7a49-4c28-b6d4-c158c8440244@group-3A58DB64718C: changes role from CANDIDATE to LEADER at term 1 for changeToLeader
2019-10-04 21:28:08,502 [76f8dd46-7a49-4c28-b6d4-c158c8440244@group-3A58DB64718C-LeaderElection58] INFO  impl.RaftServerImpl (ServerState.java:setLeader(255)) - 76f8dd46-7a49-4c28-b6d4-c158c8440244@group-3A58DB64718C: change Leader from null to 76f8dd46-7a49-4c28-b6d4-c158c8440244 at term 1 for becomeLeader, leader elected after 5112ms
2019-10-04 21:28:08,502 [76f8dd46-7a49-4c28-b6d4-c158c8440244@group-3A58DB64718C-LeaderElection58] INFO  server.RaftServerConfigKeys (ConfUtils.java:logGet(43)) - raft.server.staging.catchup.gap = 1000 (default)
2019-10-04 21:28:08,502 [76f8dd46-7a49-4c28-b6d4-c158c8440244@group-3A58DB64718C-LeaderElection58] INFO  server.RaftServerConfigKeys (ConfUtils.java:logGet(43)) - raft.server.rpc.sleep.time = 25ms (default)
2019-10-04 21:28:08,503 [76f8dd46-7a49-4c28-b6d4-c158c8440244@group-3A58DB64718C-LeaderElection58] INFO  server.RaftServerConfigKeys (ConfUtils.java:logGet(43)) - raft.server.write.element-limit = 4096 (default)
2019-10-04 21:28:08,503 [76f8dd46-7a49-4c28-b6d4-c158c8440244@group-3A58DB64718C-LeaderElection58] INFO  server.RaftServerConfigKeys (ConfUtils.java:logGet(43)) - raft.server.watch.timeout = 10s (default)
2019-10-04 21:28:08,503 [76f8dd46-7a49-4c28-b6d4-c158c8440244@group-3A58DB64718C-LeaderElection58] INFO  server.RaftServerConfigKeys (ConfUtils.java:logGet(43)) - raft.server.watch.timeout.denomination = 1s (default)
2019-10-04 21:28:08,503 [76f8dd46-7a49-4c28-b6d4-c158c8440244@group-3A58DB64718C-LeaderElection58] INFO  server.RaftServerConfigKeys (ConfUtils.java:logGet(43)) - raft.server.watch.element-limit = 65536 (default)
2019-10-04 21:28:08,505 [76f8dd46-7a49-4c28-b6d4-c158c8440244@group-3A58DB64718C-LeaderElection58] INFO  impl.RoleInfo (RoleInfo.java:updateAndGet(143)) - 76f8dd46-7a49-4c28-b6d4-c158c8440244: start LeaderState
2019-10-04 21:28:08,506 [76f8dd46-7a49-4c28-b6d4-c158c8440244@group-3A58DB64718C-LeaderElection58] INFO  segmented.SegmentedRaftLogWorker (SegmentedRaftLogWorker.java:startLogSegment(385)) - 76f8dd46-7a49-4c28-b6d4-c158c8440244@group-3A58DB64718C-SegmentedRaftLogWorker: Starting segment from index:0
2019-10-04 21:28:08,507 [76f8dd46-7a49-4c28-b6d4-c158c8440244@group-3A58DB64718C-LeaderElection58] INFO  impl.RaftServerImpl (ServerState.java:setRaftConf(356)) - 76f8dd46-7a49-4c28-b6d4-c158c8440244@group-3A58DB64718C: set configuration 0: [76f8dd46-7a49-4c28-b6d4-c158c8440244:192.168.151.72:45621], old=null at 0
2019-10-04 21:28:08,514 [117e6173-3a16-4e4f-95c1-02e2385318dd@group-160360CD5156-LeaderElection59] INFO  impl.LeaderElection (LeaderElection.java:askForVotes(178)) - 117e6173-3a16-4e4f-95c1-02e2385318dd@group-160360CD5156-LeaderElection59: begin an election at term 1 for -1: [117e6173-3a16-4e4f-95c1-02e2385318dd:192.168.151.72:37596], old=null
2019-10-04 21:28:08,514 [117e6173-3a16-4e4f-95c1-02e2385318dd@group-160360CD5156-LeaderElection59] INFO  impl.RoleInfo (RoleInfo.java:shutdownLeaderElection(134)) - 117e6173-3a16-4e4f-95c1-02e2385318dd: shutdown LeaderElection
2019-10-04 21:28:08,514 [117e6173-3a16-4e4f-95c1-02e2385318dd@group-160360CD5156-LeaderElection59] INFO  impl.RaftServerImpl (RaftServerImpl.java:setRole(170)) - 117e6173-3a16-4e4f-95c1-02e2385318dd@group-160360CD5156: changes role from CANDIDATE to LEADER at term 1 for changeToLeader
2019-10-04 21:28:08,514 [117e6173-3a16-4e4f-95c1-02e2385318dd@group-160360CD5156-LeaderElection59] INFO  impl.RaftServerImpl (ServerState.java:setLeader(255)) - 117e6173-3a16-4e4f-95c1-02e2385318dd@group-160360CD5156: change Leader from null to 117e6173-3a16-4e4f-95c1-02e2385318dd at term 1 for becomeLeader, leader elected after 5184ms
2019-10-04 21:28:08,514 [117e6173-3a16-4e4f-95c1-02e2385318dd@group-160360CD5156-LeaderElection59] INFO  server.RaftServerConfigKeys (ConfUtils.java:logGet(43)) - raft.server.staging.catchup.gap = 1000 (default)
2019-10-04 21:28:08,514 [117e6173-3a16-4e4f-95c1-02e2385318dd@group-160360CD5156-LeaderElection59] INFO  server.RaftServerConfigKeys (ConfUtils.java:logGet(43)) - raft.server.rpc.sleep.time = 25ms (default)
2019-10-04 21:28:08,515 [117e6173-3a16-4e4f-95c1-02e2385318dd@group-160360CD5156-LeaderElection59] INFO  server.RaftServerConfigKeys (ConfUtils.java:logGet(43)) - raft.server.write.element-limit = 4096 (default)
2019-10-04 21:28:08,515 [117e6173-3a16-4e4f-95c1-02e2385318dd@group-160360CD5156-LeaderElection59] INFO  server.RaftServerConfigKeys (ConfUtils.java:logGet(43)) - raft.server.watch.timeout = 10s (default)
2019-10-04 21:28:08,515 [117e6173-3a16-4e4f-95c1-02e2385318dd@group-160360CD5156-LeaderElection59] INFO  server.RaftServerConfigKeys (ConfUtils.java:logGet(43)) - raft.server.watch.timeout.denomination = 1s (default)
2019-10-04 21:28:08,515 [117e6173-3a16-4e4f-95c1-02e2385318dd@group-160360CD5156-LeaderElection59] INFO  server.RaftServerConfigKeys (ConfUtils.java:logGet(43)) - raft.server.watch.element-limit = 65536 (default)
2019-10-04 21:28:08,517 [117e6173-3a16-4e4f-95c1-02e2385318dd@group-160360CD5156-LeaderElection59] INFO  impl.RoleInfo (RoleInfo.java:updateAndGet(143)) - 117e6173-3a16-4e4f-95c1-02e2385318dd: start LeaderState
2019-10-04 21:28:08,517 [117e6173-3a16-4e4f-95c1-02e2385318dd@group-160360CD5156-LeaderElection59] INFO  segmented.SegmentedRaftLogWorker (SegmentedRaftLogWorker.java:startLogSegment(385)) - 117e6173-3a16-4e4f-95c1-02e2385318dd@group-160360CD5156-SegmentedRaftLogWorker: Starting segment from index:0
2019-10-04 21:28:08,517 [117e6173-3a16-4e4f-95c1-02e2385318dd@group-160360CD5156-LeaderElection59] INFO  impl.RaftServerImpl (ServerState.java:setRaftConf(356)) - 117e6173-3a16-4e4f-95c1-02e2385318dd@group-160360CD5156: set configuration 0: [117e6173-3a16-4e4f-95c1-02e2385318dd:192.168.151.72:37596], old=null at 0
2019-10-04 21:28:08,556 [76f8dd46-7a49-4c28-b6d4-c158c8440244@group-3A58DB64718C-SegmentedRaftLogWorker] INFO  segmented.SegmentedRaftLogWorker (SegmentedRaftLogWorker.java:execute(574)) - 76f8dd46-7a49-4c28-b6d4-c158c8440244@group-3A58DB64718C-SegmentedRaftLogWorker: created new log segment /workdir/hadoop-ozone/integration-test/target/test-dir/MiniOzoneClusterImpl-bc605976-4d95-4dc7-a329-328585032c31/datanode-1/data/ratis/0d53a80f-f267-48b7-a4f3-3a58db64718c/current/log_inprogress_0
2019-10-04 21:28:08,556 [117e6173-3a16-4e4f-95c1-02e2385318dd@group-160360CD5156-SegmentedRaftLogWorker] INFO  segmented.SegmentedRaftLogWorker (SegmentedRaftLogWorker.java:execute(574)) - 117e6173-3a16-4e4f-95c1-02e2385318dd@group-160360CD5156-SegmentedRaftLogWorker: created new log segment /workdir/hadoop-ozone/integration-test/target/test-dir/MiniOzoneClusterImpl-bc605976-4d95-4dc7-a329-328585032c31/datanode-0/data/ratis/74a6b08c-8bb1-4a53-8e60-160360cd5156/current/log_inprogress_0
2019-10-04 21:28:08,578 [Thread-2379] INFO  impl.FollowerState (FollowerState.java:run(108)) - 76f8dd46-7a49-4c28-b6d4-c158c8440244@group-59DCCDE7E53C-FollowerState: change to CANDIDATE, lastRpcTime:5048ms, electionTimeout:5048ms
2019-10-04 21:28:08,578 [Thread-2379] INFO  impl.RoleInfo (RoleInfo.java:shutdownFollowerState(121)) - 76f8dd46-7a49-4c28-b6d4-c158c8440244: shutdown FollowerState
2019-10-04 21:28:08,579 [Thread-2379] INFO  impl.RaftServerImpl (RaftServerImpl.java:setRole(170)) - 76f8dd46-7a49-4c28-b6d4-c158c8440244@group-59DCCDE7E53C: changes role from  FOLLOWER to CANDIDATE at term 0 for changeToCandidate
2019-10-04 21:28:08,579 [Thread-2379] INFO  impl.RoleInfo (RoleInfo.java:updateAndGet(143)) - 76f8dd46-7a49-4c28-b6d4-c158c8440244: start LeaderElection
2019-10-04 21:28:08,599 [76f8dd46-7a49-4c28-b6d4-c158c8440244@group-59DCCDE7E53C-LeaderElection60] INFO  impl.LeaderElection (LeaderElection.java:askForVotes(178)) - 76f8dd46-7a49-4c28-b6d4-c158c8440244@group-59DCCDE7E53C-LeaderElection60: begin an election at term 1 for -1: [117e6173-3a16-4e4f-95c1-02e2385318dd:192.168.151.72:37596, d68b6e22-9ed6-46cb-902d-288bc38a3b75:192.168.151.72:35524, 76f8dd46-7a49-4c28-b6d4-c158c8440244:192.168.151.72:45621], old=null
2019-10-04 21:28:08,601 [Thread-2374] INFO  impl.FollowerState (FollowerState.java:run(108)) - d68b6e22-9ed6-46cb-902d-288bc38a3b75@group-59DCCDE7E53C-FollowerState: change to CANDIDATE, lastRpcTime:5075ms, electionTimeout:5075ms
2019-10-04 21:28:08,601 [Thread-2374] INFO  impl.RoleInfo (RoleInfo.java:shutdownFollowerState(121)) - d68b6e22-9ed6-46cb-902d-288bc38a3b75: shutdown FollowerState
2019-10-04 21:28:08,601 [Thread-2374] INFO  impl.RaftServerImpl (RaftServerImpl.java:setRole(170)) - d68b6e22-9ed6-46cb-902d-288bc38a3b75@group-59DCCDE7E53C: changes role from  FOLLOWER to CANDIDATE at term 0 for changeToCandidate
2019-10-04 21:28:08,602 [Thread-2374] INFO  impl.RoleInfo (RoleInfo.java:updateAndGet(143)) - d68b6e22-9ed6-46cb-902d-288bc38a3b75: start LeaderElection
2019-10-04 21:28:08,612 [grpc-default-executor-8] INFO  impl.RaftServerImpl (RaftServerImpl.java:setRole(170)) - 117e6173-3a16-4e4f-95c1-02e2385318dd@group-59DCCDE7E53C: changes role from  FOLLOWER to FOLLOWER at term 1 for recognizeCandidate:76f8dd46-7a49-4c28-b6d4-c158c8440244
2019-10-04 21:28:08,612 [grpc-default-executor-8] INFO  impl.RoleInfo (RoleInfo.java:shutdownFollowerState(121)) - 117e6173-3a16-4e4f-95c1-02e2385318dd: shutdown FollowerState
2019-10-04 21:28:08,613 [grpc-default-executor-8] INFO  impl.RoleInfo (RoleInfo.java:updateAndGet(143)) - 117e6173-3a16-4e4f-95c1-02e2385318dd: start FollowerState
2019-10-04 21:28:08,613 [Thread-2377] INFO  impl.FollowerState (FollowerState.java:run(117)) - 117e6173-3a16-4e4f-95c1-02e2385318dd@group-59DCCDE7E53C-FollowerState was interrupted: java.lang.InterruptedException: sleep interrupted
2019-10-04 21:28:08,624 [d68b6e22-9ed6-46cb-902d-288bc38a3b75@group-59DCCDE7E53C-LeaderElection61] INFO  impl.LeaderElection (LeaderElection.java:askForVotes(178)) - d68b6e22-9ed6-46cb-902d-288bc38a3b75@group-59DCCDE7E53C-LeaderElection61: begin an election at term 1 for -1: [117e6173-3a16-4e4f-95c1-02e2385318dd:192.168.151.72:37596, d68b6e22-9ed6-46cb-902d-288bc38a3b75:192.168.151.72:35524, 76f8dd46-7a49-4c28-b6d4-c158c8440244:192.168.151.72:45621], old=null
2019-10-04 21:28:08,625 [76f8dd46-7a49-4c28-b6d4-c158c8440244@group-59DCCDE7E53C-LeaderElection60] INFO  impl.LeaderElection (LeaderElection.java:logAndReturn(56)) - 76f8dd46-7a49-4c28-b6d4-c158c8440244@group-59DCCDE7E53C-LeaderElection60: Election PASSED; received 2 response(s) [76f8dd46-7a49-4c28-b6d4-c158c8440244<-117e6173-3a16-4e4f-95c1-02e2385318dd#0:OK-t1, 76f8dd46-7a49-4c28-b6d4-c158c8440244<-d68b6e22-9ed6-46cb-902d-288bc38a3b75#0:FAIL-t1] and 0 exception(s); 76f8dd46-7a49-4c28-b6d4-c158c8440244@group-59DCCDE7E53C:t1, leader=null, voted=76f8dd46-7a49-4c28-b6d4-c158c8440244, raftlog=76f8dd46-7a49-4c28-b6d4-c158c8440244@group-59DCCDE7E53C-SegmentedRaftLog:OPENED:c-1,f-1,i0, conf=-1: [117e6173-3a16-4e4f-95c1-02e2385318dd:192.168.151.72:37596, d68b6e22-9ed6-46cb-902d-288bc38a3b75:192.168.151.72:35524, 76f8dd46-7a49-4c28-b6d4-c158c8440244:192.168.151.72:45621], old=null
2019-10-04 21:28:08,626 [76f8dd46-7a49-4c28-b6d4-c158c8440244@group-59DCCDE7E53C-LeaderElection60] INFO  impl.RoleInfo (RoleInfo.java:shutdownLeaderElection(134)) - 76f8dd46-7a49-4c28-b6d4-c158c8440244: shutdown LeaderElection
2019-10-04 21:28:08,626 [76f8dd46-7a49-4c28-b6d4-c158c8440244@group-59DCCDE7E53C-LeaderElection60] INFO  impl.RaftServerImpl (RaftServerImpl.java:setRole(170)) - 76f8dd46-7a49-4c28-b6d4-c158c8440244@group-59DCCDE7E53C: changes role from CANDIDATE to LEADER at term 1 for changeToLeader
2019-10-04 21:28:08,626 [76f8dd46-7a49-4c28-b6d4-c158c8440244@group-59DCCDE7E53C-LeaderElection60] INFO  impl.RaftServerImpl (ServerState.java:setLeader(255)) - 76f8dd46-7a49-4c28-b6d4-c158c8440244@group-59DCCDE7E53C: change Leader from null to 76f8dd46-7a49-4c28-b6d4-c158c8440244 at term 1 for becomeLeader, leader elected after 5110ms
2019-10-04 21:28:08,626 [76f8dd46-7a49-4c28-b6d4-c158c8440244@group-59DCCDE7E53C-LeaderElection60] INFO  server.RaftServerConfigKeys (ConfUtils.java:logGet(43)) - raft.server.staging.catchup.gap = 1000 (default)
2019-10-04 21:28:08,626 [76f8dd46-7a49-4c28-b6d4-c158c8440244@group-59DCCDE7E53C-LeaderElection60] INFO  server.RaftServerConfigKeys (ConfUtils.java:logGet(43)) - raft.server.rpc.sleep.time = 25ms (default)
2019-10-04 21:28:08,626 [76f8dd46-7a49-4c28-b6d4-c158c8440244@group-59DCCDE7E53C-LeaderElection60] INFO  server.RaftServerConfigKeys (ConfUtils.java:logGet(43)) - raft.server.write.element-limit = 4096 (default)
2019-10-04 21:28:08,627 [76f8dd46-7a49-4c28-b6d4-c158c8440244@group-59DCCDE7E53C-LeaderElection60] INFO  server.RaftServerConfigKeys (ConfUtils.java:logGet(43)) - raft.server.watch.timeout = 10s (default)
2019-10-04 21:28:08,627 [76f8dd46-7a49-4c28-b6d4-c158c8440244@group-59DCCDE7E53C-LeaderElection60] INFO  server.RaftServerConfigKeys (ConfUtils.java:logGet(43)) - raft.server.watch.timeout.denomination = 1s (default)
2019-10-04 21:28:08,632 [76f8dd46-7a49-4c28-b6d4-c158c8440244@group-59DCCDE7E53C-LeaderElection60] INFO  server.RaftServerConfigKeys (ConfUtils.java:logGet(43)) - raft.server.watch.element-limit = 65536 (default)
2019-10-04 21:28:08,634 [76f8dd46-7a49-4c28-b6d4-c158c8440244@group-59DCCDE7E53C-LeaderElection60] INFO  server.RaftServerConfigKeys (ConfUtils.java:logGet(43)) - raft.server.log.appender.snapshot.chunk.size.max = 16MB (=16777216) (default)
2019-10-04 21:28:08,634 [76f8dd46-7a49-4c28-b6d4-c158c8440244@group-59DCCDE7E53C-LeaderElection60] INFO  server.RaftServerConfigKeys (ConfUtils.java:logGet(43)) - raft.server.log.appender.buffer.byte-limit = 33554432 (custom)
2019-10-04 21:28:08,634 [76f8dd46-7a49-4c28-b6d4-c158c8440244@group-59DCCDE7E53C-LeaderElection60] INFO  server.RaftServerConfigKeys (ConfUtils.java:logGet(43)) - raft.server.log.appender.buffer.element-limit = 1 (custom)
2019-10-04 21:28:08,634 [76f8dd46-7a49-4c28-b6d4-c158c8440244@group-59DCCDE7E53C-LeaderElection60] INFO  grpc.GrpcConfigKeys$Server (ConfUtils.java:logGet(43)) - raft.grpc.server.leader.outstanding.appends.max = 128 (default)
2019-10-04 21:28:08,635 [76f8dd46-7a49-4c28-b6d4-c158c8440244@group-59DCCDE7E53C-LeaderElection60] INFO  server.RaftServerConfigKeys (ConfUtils.java:logGet(43)) - raft.server.rpc.request.timeout = 3000ms (default)
2019-10-04 21:28:08,635 [76f8dd46-7a49-4c28-b6d4-c158c8440244@group-59DCCDE7E53C-LeaderElection60] INFO  server.RaftServerConfigKeys (ConfUtils.java:logGet(43)) - raft.server.log.appender.install.snapshot.enabled = false (custom)
2019-10-04 21:28:08,635 [76f8dd46-7a49-4c28-b6d4-c158c8440244@group-59DCCDE7E53C-LeaderElection60] INFO  server.RaftServerConfigKeys (ConfUtils.java:logGet(43)) - raft.server.log.appender.snapshot.chunk.size.max = 16MB (=16777216) (default)
2019-10-04 21:28:08,635 [76f8dd46-7a49-4c28-b6d4-c158c8440244@group-59DCCDE7E53C-LeaderElection60] INFO  server.RaftServerConfigKeys (ConfUtils.java:logGet(43)) - raft.server.log.appender.buffer.byte-limit = 33554432 (custom)
2019-10-04 21:28:08,635 [76f8dd46-7a49-4c28-b6d4-c158c8440244@group-59DCCDE7E53C-LeaderElection60] INFO  server.RaftServerConfigKeys (ConfUtils.java:logGet(43)) - raft.server.log.appender.buffer.element-limit = 1 (custom)
2019-10-04 21:28:08,636 [76f8dd46-7a49-4c28-b6d4-c158c8440244@group-59DCCDE7E53C-LeaderElection60] INFO  grpc.GrpcConfigKeys$Server (ConfUtils.java:logGet(43)) - raft.grpc.server.leader.outstanding.appends.max = 128 (default)
2019-10-04 21:28:08,636 [76f8dd46-7a49-4c28-b6d4-c158c8440244@group-59DCCDE7E53C-LeaderElection60] INFO  server.RaftServerConfigKeys (ConfUtils.java:logGet(43)) - raft.server.rpc.request.timeout = 3000ms (default)
2019-10-04 21:28:08,636 [76f8dd46-7a49-4c28-b6d4-c158c8440244@group-59DCCDE7E53C-LeaderElection60] INFO  server.RaftServerConfigKeys (ConfUtils.java:logGet(43)) - raft.server.log.appender.install.snapshot.enabled = false (custom)
2019-10-04 21:28:08,636 [76f8dd46-7a49-4c28-b6d4-c158c8440244@group-59DCCDE7E53C-LeaderElection60] INFO  impl.RoleInfo (RoleInfo.java:updateAndGet(143)) - 76f8dd46-7a49-4c28-b6d4-c158c8440244: start LeaderState
2019-10-04 21:28:08,636 [76f8dd46-7a49-4c28-b6d4-c158c8440244@group-59DCCDE7E53C-LeaderElection60] INFO  segmented.SegmentedRaftLogWorker (SegmentedRaftLogWorker.java:startLogSegment(385)) - 76f8dd46-7a49-4c28-b6d4-c158c8440244@group-59DCCDE7E53C-SegmentedRaftLogWorker: Starting segment from index:0
2019-10-04 21:28:08,637 [76f8dd46-7a49-4c28-b6d4-c158c8440244@group-59DCCDE7E53C-LeaderElection60] INFO  impl.RaftServerImpl (ServerState.java:setRaftConf(356)) - 76f8dd46-7a49-4c28-b6d4-c158c8440244@group-59DCCDE7E53C: set configuration 0: [117e6173-3a16-4e4f-95c1-02e2385318dd:192.168.151.72:37596, d68b6e22-9ed6-46cb-902d-288bc38a3b75:192.168.151.72:35524, 76f8dd46-7a49-4c28-b6d4-c158c8440244:192.168.151.72:45621], old=null at 0
2019-10-04 21:28:08,661 [grpc-default-executor-2] INFO  impl.RaftServerImpl (RaftServerImpl.java:setRole(170)) - d68b6e22-9ed6-46cb-902d-288bc38a3b75@group-59DCCDE7E53C: changes role from CANDIDATE to FOLLOWER at term 1 for appendEntries
2019-10-04 21:28:08,661 [grpc-default-executor-8] INFO  impl.RaftServerImpl (RaftServerImpl.java:requestVote(754)) - 76f8dd46-7a49-4c28-b6d4-c158c8440244@group-59DCCDE7E53C-   LEADER: Withhold vote from candidate d68b6e22-9ed6-46cb-902d-288bc38a3b75 with term 1. State: leader=76f8dd46-7a49-4c28-b6d4-c158c8440244, term=1, lastRpcElapsed=null
2019-10-04 21:28:08,665 [76f8dd46-7a49-4c28-b6d4-c158c8440244@group-59DCCDE7E53C-SegmentedRaftLogWorker] INFO  segmented.SegmentedRaftLogWorker (SegmentedRaftLogWorker.java:execute(574)) - 76f8dd46-7a49-4c28-b6d4-c158c8440244@group-59DCCDE7E53C-SegmentedRaftLogWorker: created new log segment /workdir/hadoop-ozone/integration-test/target/test-dir/MiniOzoneClusterImpl-bc605976-4d95-4dc7-a329-328585032c31/datanode-1/data/ratis/365b7aab-176b-417e-9af1-59dccde7e53c/current/log_inprogress_0
2019-10-04 21:28:08,665 [grpc-default-executor-2] INFO  impl.RoleInfo (RoleInfo.java:shutdownLeaderElection(134)) - d68b6e22-9ed6-46cb-902d-288bc38a3b75: shutdown LeaderElection
2019-10-04 21:28:08,666 [grpc-default-executor-8] INFO  impl.RaftServerImpl (ServerState.java:setLeader(255)) - 117e6173-3a16-4e4f-95c1-02e2385318dd@group-59DCCDE7E53C: change Leader from null to 76f8dd46-7a49-4c28-b6d4-c158c8440244 at term 1 for appendEntries, leader elected after 5150ms
2019-10-04 21:28:08,666 [grpc-default-executor-2] INFO  impl.RoleInfo (RoleInfo.java:updateAndGet(143)) - d68b6e22-9ed6-46cb-902d-288bc38a3b75: start FollowerState
2019-10-04 21:28:08,666 [d68b6e22-9ed6-46cb-902d-288bc38a3b75@group-59DCCDE7E53C-LeaderElection61] INFO  impl.LeaderElection (LeaderElection.java:logAndReturn(56)) - d68b6e22-9ed6-46cb-902d-288bc38a3b75@group-59DCCDE7E53C-LeaderElection61: Election REJECTED; received 2 response(s) [d68b6e22-9ed6-46cb-902d-288bc38a3b75<-117e6173-3a16-4e4f-95c1-02e2385318dd#0:FAIL-t1, d68b6e22-9ed6-46cb-902d-288bc38a3b75<-76f8dd46-7a49-4c28-b6d4-c158c8440244#0:FAIL-t1] and 0 exception(s); d68b6e22-9ed6-46cb-902d-288bc38a3b75@group-59DCCDE7E53C:t1, leader=null, voted=d68b6e22-9ed6-46cb-902d-288bc38a3b75, raftlog=d68b6e22-9ed6-46cb-902d-288bc38a3b75@group-59DCCDE7E53C-SegmentedRaftLog:OPENED:c-1,f-1,i0, conf=-1: [117e6173-3a16-4e4f-95c1-02e2385318dd:192.168.151.72:37596, d68b6e22-9ed6-46cb-902d-288bc38a3b75:192.168.151.72:35524, 76f8dd46-7a49-4c28-b6d4-c158c8440244:192.168.151.72:45621], old=null
2019-10-04 21:28:08,666 [grpc-default-executor-2] INFO  impl.RaftServerImpl (ServerState.java:setLeader(255)) - d68b6e22-9ed6-46cb-902d-288bc38a3b75@group-59DCCDE7E53C: change Leader from null to 76f8dd46-7a49-4c28-b6d4-c158c8440244 at term 1 for appendEntries, leader elected after 5149ms
2019-10-04 21:28:08,668 [Thread-2383] INFO  impl.FollowerState (FollowerState.java:run(108)) - 692258db-9369-418a-ad89-2e962e970f02@group-A725107B6E36-FollowerState: change to CANDIDATE, lastRpcTime:5016ms, electionTimeout:5016ms
2019-10-04 21:28:08,672 [Thread-2371] INFO  impl.FollowerState (FollowerState.java:run(108)) - d68b6e22-9ed6-46cb-902d-288bc38a3b75@group-EDF22A392C31-FollowerState: change to CANDIDATE, lastRpcTime:5188ms, electionTimeout:5186ms
2019-10-04 21:28:08,672 [Thread-2383] INFO  impl.RoleInfo (RoleInfo.java:shutdownFollowerState(121)) - 692258db-9369-418a-ad89-2e962e970f02: shutdown FollowerState
2019-10-04 21:28:08,672 [Thread-2371] INFO  impl.RoleInfo (RoleInfo.java:shutdownFollowerState(121)) - d68b6e22-9ed6-46cb-902d-288bc38a3b75: shutdown FollowerState
2019-10-04 21:28:08,672 [Thread-2383] INFO  impl.RaftServerImpl (RaftServerImpl.java:setRole(170)) - 692258db-9369-418a-ad89-2e962e970f02@group-A725107B6E36: changes role from  FOLLOWER to CANDIDATE at term 0 for changeToCandidate
2019-10-04 21:28:08,672 [Thread-2371] INFO  impl.RaftServerImpl (RaftServerImpl.java:setRole(170)) - d68b6e22-9ed6-46cb-902d-288bc38a3b75@group-EDF22A392C31: changes role from  FOLLOWER to CANDIDATE at term 0 for changeToCandidate
2019-10-04 21:28:08,672 [grpc-default-executor-2] INFO  impl.RaftServerImpl (ServerState.java:setRaftConf(356)) - 117e6173-3a16-4e4f-95c1-02e2385318dd@group-59DCCDE7E53C: set configuration 0: [117e6173-3a16-4e4f-95c1-02e2385318dd:192.168.151.72:37596, d68b6e22-9ed6-46cb-902d-288bc38a3b75:192.168.151.72:35524, 76f8dd46-7a49-4c28-b6d4-c158c8440244:192.168.151.72:45621], old=null at 0
2019-10-04 21:28:08,672 [Thread-2383] INFO  impl.RoleInfo (RoleInfo.java:updateAndGet(143)) - 692258db-9369-418a-ad89-2e962e970f02: start LeaderElection
2019-10-04 21:28:08,673 [grpc-default-executor-2] INFO  segmented.SegmentedRaftLogWorker (SegmentedRaftLogWorker.java:startLogSegment(385)) - 117e6173-3a16-4e4f-95c1-02e2385318dd@group-59DCCDE7E53C-SegmentedRaftLogWorker: Starting segment from index:0
2019-10-04 21:28:08,673 [grpc-default-executor-8] INFO  impl.RaftServerImpl (ServerState.java:setRaftConf(356)) - d68b6e22-9ed6-46cb-902d-288bc38a3b75@group-59DCCDE7E53C: set configuration 0: [117e6173-3a16-4e4f-95c1-02e2385318dd:192.168.151.72:37596, d68b6e22-9ed6-46cb-902d-288bc38a3b75:192.168.151.72:35524, 76f8dd46-7a49-4c28-b6d4-c158c8440244:192.168.151.72:45621], old=null at 0
2019-10-04 21:28:08,673 [Thread-2371] INFO  impl.RoleInfo (RoleInfo.java:updateAndGet(143)) - d68b6e22-9ed6-46cb-902d-288bc38a3b75: start LeaderElection
2019-10-04 21:28:08,684 [grpc-default-executor-8] INFO  segmented.SegmentedRaftLogWorker (SegmentedRaftLogWorker.java:startLogSegment(385)) - d68b6e22-9ed6-46cb-902d-288bc38a3b75@group-59DCCDE7E53C-SegmentedRaftLogWorker: Starting segment from index:0
2019-10-04 21:28:08,719 [692258db-9369-418a-ad89-2e962e970f02@group-A725107B6E36-LeaderElection62] INFO  impl.LeaderElection (LeaderElection.java:askForVotes(178)) - 692258db-9369-418a-ad89-2e962e970f02@group-A725107B6E36-LeaderElection62: begin an election at term 1 for -1: [692258db-9369-418a-ad89-2e962e970f02:192.168.151.72:45912], old=null
2019-10-04 21:28:08,726 [117e6173-3a16-4e4f-95c1-02e2385318dd@group-59DCCDE7E53C-SegmentedRaftLogWorker] INFO  segmented.SegmentedRaftLogWorker (SegmentedRaftLogWorker.java:execute(574)) - 117e6173-3a16-4e4f-95c1-02e2385318dd@group-59DCCDE7E53C-SegmentedRaftLogWorker: created new log segment /workdir/hadoop-ozone/integration-test/target/test-dir/MiniOzoneClusterImpl-bc605976-4d95-4dc7-a329-328585032c31/datanode-0/data/ratis/365b7aab-176b-417e-9af1-59dccde7e53c/current/log_inprogress_0
2019-10-04 21:28:08,726 [692258db-9369-418a-ad89-2e962e970f02@group-A725107B6E36-LeaderElection62] INFO  impl.RoleInfo (RoleInfo.java:shutdownLeaderElection(134)) - 692258db-9369-418a-ad89-2e962e970f02: shutdown LeaderElection
2019-10-04 21:28:08,726 [692258db-9369-418a-ad89-2e962e970f02@group-A725107B6E36-LeaderElection62] INFO  impl.RaftServerImpl (RaftServerImpl.java:setRole(170)) - 692258db-9369-418a-ad89-2e962e970f02@group-A725107B6E36: changes role from CANDIDATE to LEADER at term 1 for changeToLeader
2019-10-04 21:28:08,726 [692258db-9369-418a-ad89-2e962e970f02@group-A725107B6E36-LeaderElection62] INFO  impl.RaftServerImpl (ServerState.java:setLeader(255)) - 692258db-9369-418a-ad89-2e962e970f02@group-A725107B6E36: change Leader from null to 692258db-9369-418a-ad89-2e962e970f02 at term 1 for becomeLeader, leader elected after 5081ms
2019-10-04 21:28:08,727 [692258db-9369-418a-ad89-2e962e970f02@group-A725107B6E36-LeaderElection62] INFO  server.RaftServerConfigKeys (ConfUtils.java:logGet(43)) - raft.server.staging.catchup.gap = 1000 (default)
2019-10-04 21:28:08,727 [692258db-9369-418a-ad89-2e962e970f02@group-A725107B6E36-LeaderElection62] INFO  server.RaftServerConfigKeys (ConfUtils.java:logGet(43)) - raft.server.rpc.sleep.time = 25ms (default)
2019-10-04 21:28:08,727 [692258db-9369-418a-ad89-2e962e970f02@group-A725107B6E36-LeaderElection62] INFO  server.RaftServerConfigKeys (ConfUtils.java:logGet(43)) - raft.server.write.element-limit = 4096 (default)
2019-10-04 21:28:08,727 [692258db-9369-418a-ad89-2e962e970f02@group-A725107B6E36-LeaderElection62] INFO  server.RaftServerConfigKeys (ConfUtils.java:logGet(43)) - raft.server.watch.timeout = 10s (default)
2019-10-04 21:28:08,727 [692258db-9369-418a-ad89-2e962e970f02@group-A725107B6E36-LeaderElection62] INFO  server.RaftServerConfigKeys (ConfUtils.java:logGet(43)) - raft.server.watch.timeout.denomination = 1s (default)
2019-10-04 21:28:08,727 [692258db-9369-418a-ad89-2e962e970f02@group-A725107B6E36-LeaderElection62] INFO  server.RaftServerConfigKeys (ConfUtils.java:logGet(43)) - raft.server.watch.element-limit = 65536 (default)
2019-10-04 21:28:08,729 [692258db-9369-418a-ad89-2e962e970f02@group-A725107B6E36-LeaderElection62] INFO  impl.RoleInfo (RoleInfo.java:updateAndGet(143)) - 692258db-9369-418a-ad89-2e962e970f02: start LeaderState
2019-10-04 21:28:08,729 [692258db-9369-418a-ad89-2e962e970f02@group-A725107B6E36-LeaderElection62] INFO  segmented.SegmentedRaftLogWorker (SegmentedRaftLogWorker.java:startLogSegment(385)) - 692258db-9369-418a-ad89-2e962e970f02@group-A725107B6E36-SegmentedRaftLogWorker: Starting segment from index:0
2019-10-04 21:28:08,730 [d68b6e22-9ed6-46cb-902d-288bc38a3b75@group-EDF22A392C31-LeaderElection63] INFO  impl.LeaderElection (LeaderElection.java:askForVotes(178)) - d68b6e22-9ed6-46cb-902d-288bc38a3b75@group-EDF22A392C31-LeaderElection63: begin an election at term 1 for -1: [d68b6e22-9ed6-46cb-902d-288bc38a3b75:192.168.151.72:35524], old=null
2019-10-04 21:28:08,730 [692258db-9369-418a-ad89-2e962e970f02@group-A725107B6E36-LeaderElection62] INFO  impl.RaftServerImpl (ServerState.java:setRaftConf(356)) - 692258db-9369-418a-ad89-2e962e970f02@group-A725107B6E36: set configuration 0: [692258db-9369-418a-ad89-2e962e970f02:192.168.151.72:45912], old=null at 0
2019-10-04 21:28:08,730 [d68b6e22-9ed6-46cb-902d-288bc38a3b75@group-EDF22A392C31-LeaderElection63] INFO  impl.RoleInfo (RoleInfo.java:shutdownLeaderElection(134)) - d68b6e22-9ed6-46cb-902d-288bc38a3b75: shutdown LeaderElection
2019-10-04 21:28:08,730 [d68b6e22-9ed6-46cb-902d-288bc38a3b75@group-EDF22A392C31-LeaderElection63] INFO  impl.RaftServerImpl (RaftServerImpl.java:setRole(170)) - d68b6e22-9ed6-46cb-902d-288bc38a3b75@group-EDF22A392C31: changes role from CANDIDATE to LEADER at term 1 for changeToLeader
2019-10-04 21:28:08,730 [d68b6e22-9ed6-46cb-902d-288bc38a3b75@group-EDF22A392C31-LeaderElection63] INFO  impl.RaftServerImpl (ServerState.java:setLeader(255)) - d68b6e22-9ed6-46cb-902d-288bc38a3b75@group-EDF22A392C31: change Leader from null to d68b6e22-9ed6-46cb-902d-288bc38a3b75 at term 1 for becomeLeader, leader elected after 5252ms
2019-10-04 21:28:08,730 [d68b6e22-9ed6-46cb-902d-288bc38a3b75@group-EDF22A392C31-LeaderElection63] INFO  server.RaftServerConfigKeys (ConfUtils.java:logGet(43)) - raft.server.staging.catchup.gap = 1000 (default)
2019-10-04 21:28:08,730 [d68b6e22-9ed6-46cb-902d-288bc38a3b75@group-EDF22A392C31-LeaderElection63] INFO  server.RaftServerConfigKeys (ConfUtils.java:logGet(43)) - raft.server.rpc.sleep.time = 25ms (default)
2019-10-04 21:28:08,730 [d68b6e22-9ed6-46cb-902d-288bc38a3b75@group-EDF22A392C31-LeaderElection63] INFO  server.RaftServerConfigKeys (ConfUtils.java:logGet(43)) - raft.server.write.element-limit = 4096 (default)
2019-10-04 21:28:08,731 [d68b6e22-9ed6-46cb-902d-288bc38a3b75@group-EDF22A392C31-LeaderElection63] INFO  server.RaftServerConfigKeys (ConfUtils.java:logGet(43)) - raft.server.watch.timeout = 10s (default)
2019-10-04 21:28:08,731 [d68b6e22-9ed6-46cb-902d-288bc38a3b75@group-EDF22A392C31-LeaderElection63] INFO  server.RaftServerConfigKeys (ConfUtils.java:logGet(43)) - raft.server.watch.timeout.denomination = 1s (default)
2019-10-04 21:28:08,731 [d68b6e22-9ed6-46cb-902d-288bc38a3b75@group-EDF22A392C31-LeaderElection63] INFO  server.RaftServerConfigKeys (ConfUtils.java:logGet(43)) - raft.server.watch.element-limit = 65536 (default)
2019-10-04 21:28:08,732 [d68b6e22-9ed6-46cb-902d-288bc38a3b75@group-EDF22A392C31-LeaderElection63] INFO  impl.RoleInfo (RoleInfo.java:updateAndGet(143)) - d68b6e22-9ed6-46cb-902d-288bc38a3b75: start LeaderState
2019-10-04 21:28:08,733 [d68b6e22-9ed6-46cb-902d-288bc38a3b75@group-EDF22A392C31-LeaderElection63] INFO  segmented.SegmentedRaftLogWorker (SegmentedRaftLogWorker.java:startLogSegment(385)) - d68b6e22-9ed6-46cb-902d-288bc38a3b75@group-EDF22A392C31-SegmentedRaftLogWorker: Starting segment from index:0
2019-10-04 21:28:08,733 [d68b6e22-9ed6-46cb-902d-288bc38a3b75@group-EDF22A392C31-LeaderElection63] INFO  impl.RaftServerImpl (ServerState.java:setRaftConf(356)) - d68b6e22-9ed6-46cb-902d-288bc38a3b75@group-EDF22A392C31: set configuration 0: [d68b6e22-9ed6-46cb-902d-288bc38a3b75:192.168.151.72:35524], old=null at 0
2019-10-04 21:28:08,748 [Thread-2386] INFO  impl.FollowerState (FollowerState.java:run(108)) - af950672-a7e7-4366-ad73-34d1713f4936@group-FF046B4AA903-FollowerState: change to CANDIDATE, lastRpcTime:5047ms, electionTimeout:5047ms
2019-10-04 21:28:08,748 [Thread-2386] INFO  impl.RoleInfo (RoleInfo.java:shutdownFollowerState(121)) - af950672-a7e7-4366-ad73-34d1713f4936: shutdown FollowerState
2019-10-04 21:28:08,748 [Thread-2386] INFO  impl.RaftServerImpl (RaftServerImpl.java:setRole(170)) - af950672-a7e7-4366-ad73-34d1713f4936@group-FF046B4AA903: changes role from  FOLLOWER to CANDIDATE at term 0 for changeToCandidate
2019-10-04 21:28:08,749 [Thread-2386] INFO  impl.RoleInfo (RoleInfo.java:updateAndGet(143)) - af950672-a7e7-4366-ad73-34d1713f4936: start LeaderElection
2019-10-04 21:28:08,785 [d68b6e22-9ed6-46cb-902d-288bc38a3b75@group-59DCCDE7E53C-SegmentedRaftLogWorker] INFO  segmented.SegmentedRaftLogWorker (SegmentedRaftLogWorker.java:execute(574)) - d68b6e22-9ed6-46cb-902d-288bc38a3b75@group-59DCCDE7E53C-SegmentedRaftLogWorker: created new log segment /workdir/hadoop-ozone/integration-test/target/test-dir/MiniOzoneClusterImpl-bc605976-4d95-4dc7-a329-328585032c31/datanode-2/data/ratis/365b7aab-176b-417e-9af1-59dccde7e53c/current/log_inprogress_0
2019-10-04 21:28:08,785 [d68b6e22-9ed6-46cb-902d-288bc38a3b75@group-EDF22A392C31-SegmentedRaftLogWorker] INFO  segmented.SegmentedRaftLogWorker (SegmentedRaftLogWorker.java:execute(574)) - d68b6e22-9ed6-46cb-902d-288bc38a3b75@group-EDF22A392C31-SegmentedRaftLogWorker: created new log segment /workdir/hadoop-ozone/integration-test/target/test-dir/MiniOzoneClusterImpl-bc605976-4d95-4dc7-a329-328585032c31/datanode-2/data/ratis/88a759c0-7083-4dc7-a687-edf22a392c31/current/log_inprogress_0
2019-10-04 21:28:08,785 [692258db-9369-418a-ad89-2e962e970f02@group-A725107B6E36-SegmentedRaftLogWorker] INFO  segmented.SegmentedRaftLogWorker (SegmentedRaftLogWorker.java:execute(574)) - 692258db-9369-418a-ad89-2e962e970f02@group-A725107B6E36-SegmentedRaftLogWorker: created new log segment /workdir/hadoop-ozone/integration-test/target/test-dir/MiniOzoneClusterImpl-bc605976-4d95-4dc7-a329-328585032c31/datanode-3/data/ratis/cbe2f52a-c5a7-4919-b270-a725107b6e36/current/log_inprogress_0
2019-10-04 21:28:08,788 [af950672-a7e7-4366-ad73-34d1713f4936@group-FF046B4AA903-LeaderElection64] INFO  impl.LeaderElection (LeaderElection.java:askForVotes(178)) - af950672-a7e7-4366-ad73-34d1713f4936@group-FF046B4AA903-LeaderElection64: begin an election at term 1 for -1: [af950672-a7e7-4366-ad73-34d1713f4936:192.168.151.72:36287], old=null
2019-10-04 21:28:08,788 [af950672-a7e7-4366-ad73-34d1713f4936@group-FF046B4AA903-LeaderElection64] INFO  impl.RoleInfo (RoleInfo.java:shutdownLeaderElection(134)) - af950672-a7e7-4366-ad73-34d1713f4936: shutdown LeaderElection
2019-10-04 21:28:08,788 [af950672-a7e7-4366-ad73-34d1713f4936@group-FF046B4AA903-LeaderElection64] INFO  impl.RaftServerImpl (RaftServerImpl.java:setRole(170)) - af950672-a7e7-4366-ad73-34d1713f4936@group-FF046B4AA903: changes role from CANDIDATE to LEADER at term 1 for changeToLeader
2019-10-04 21:28:08,789 [af950672-a7e7-4366-ad73-34d1713f4936@group-FF046B4AA903-LeaderElection64] INFO  impl.RaftServerImpl (ServerState.java:setLeader(255)) - af950672-a7e7-4366-ad73-34d1713f4936@group-FF046B4AA903: change Leader from null to af950672-a7e7-4366-ad73-34d1713f4936 at term 1 for becomeLeader, leader elected after 5093ms
2019-10-04 21:28:08,789 [af950672-a7e7-4366-ad73-34d1713f4936@group-FF046B4AA903-LeaderElection64] INFO  server.RaftServerConfigKeys (ConfUtils.java:logGet(43)) - raft.server.staging.catchup.gap = 1000 (default)
2019-10-04 21:28:08,789 [af950672-a7e7-4366-ad73-34d1713f4936@group-FF046B4AA903-LeaderElection64] INFO  server.RaftServerConfigKeys (ConfUtils.java:logGet(43)) - raft.server.rpc.sleep.time = 25ms (default)
2019-10-04 21:28:08,789 [af950672-a7e7-4366-ad73-34d1713f4936@group-FF046B4AA903-LeaderElection64] INFO  server.RaftServerConfigKeys (ConfUtils.java:logGet(43)) - raft.server.write.element-limit = 4096 (default)
2019-10-04 21:28:08,789 [af950672-a7e7-4366-ad73-34d1713f4936@group-FF046B4AA903-LeaderElection64] INFO  server.RaftServerConfigKeys (ConfUtils.java:logGet(43)) - raft.server.watch.timeout = 10s (default)
2019-10-04 21:28:08,789 [af950672-a7e7-4366-ad73-34d1713f4936@group-FF046B4AA903-LeaderElection64] INFO  server.RaftServerConfigKeys (ConfUtils.java:logGet(43)) - raft.server.watch.timeout.denomination = 1s (default)
2019-10-04 21:28:08,789 [af950672-a7e7-4366-ad73-34d1713f4936@group-FF046B4AA903-LeaderElection64] INFO  server.RaftServerConfigKeys (ConfUtils.java:logGet(43)) - raft.server.watch.element-limit = 65536 (default)
2019-10-04 21:28:08,791 [af950672-a7e7-4366-ad73-34d1713f4936@group-FF046B4AA903-LeaderElection64] INFO  impl.RoleInfo (RoleInfo.java:updateAndGet(143)) - af950672-a7e7-4366-ad73-34d1713f4936: start LeaderState
2019-10-04 21:28:08,792 [af950672-a7e7-4366-ad73-34d1713f4936@group-FF046B4AA903-LeaderElection64] INFO  segmented.SegmentedRaftLogWorker (SegmentedRaftLogWorker.java:startLogSegment(385)) - af950672-a7e7-4366-ad73-34d1713f4936@group-FF046B4AA903-SegmentedRaftLogWorker: Starting segment from index:0
2019-10-04 21:28:08,792 [af950672-a7e7-4366-ad73-34d1713f4936@group-FF046B4AA903-LeaderElection64] INFO  impl.RaftServerImpl (ServerState.java:setRaftConf(356)) - af950672-a7e7-4366-ad73-34d1713f4936@group-FF046B4AA903: set configuration 0: [af950672-a7e7-4366-ad73-34d1713f4936:192.168.151.72:36287], old=null at 0
2019-10-04 21:28:08,839 [af950672-a7e7-4366-ad73-34d1713f4936@group-FF046B4AA903-SegmentedRaftLogWorker] INFO  segmented.SegmentedRaftLogWorker (SegmentedRaftLogWorker.java:execute(574)) - af950672-a7e7-4366-ad73-34d1713f4936@group-FF046B4AA903-SegmentedRaftLogWorker: created new log segment /workdir/hadoop-ozone/integration-test/target/test-dir/MiniOzoneClusterImpl-bc605976-4d95-4dc7-a329-328585032c31/datanode-4/data/ratis/76c2cf06-3e66-4465-9552-ff046b4aa903/current/log_inprogress_0
2019-10-04 21:28:08,851 [Thread-2389] INFO  impl.FollowerState (FollowerState.java:run(108)) - 7d9a5e18-d3d4-4a07-976c-1bc843e8257a@group-FDF92818066D-FollowerState: change to CANDIDATE, lastRpcTime:5105ms, electionTimeout:5105ms
2019-10-04 21:28:08,851 [Thread-2389] INFO  impl.RoleInfo (RoleInfo.java:shutdownFollowerState(121)) - 7d9a5e18-d3d4-4a07-976c-1bc843e8257a: shutdown FollowerState
2019-10-04 21:28:08,852 [Thread-2389] INFO  impl.RaftServerImpl (RaftServerImpl.java:setRole(170)) - 7d9a5e18-d3d4-4a07-976c-1bc843e8257a@group-FDF92818066D: changes role from  FOLLOWER to CANDIDATE at term 0 for changeToCandidate
2019-10-04 21:28:08,852 [Thread-2389] INFO  impl.RoleInfo (RoleInfo.java:updateAndGet(143)) - 7d9a5e18-d3d4-4a07-976c-1bc843e8257a: start LeaderElection
2019-10-04 21:28:08,879 [7d9a5e18-d3d4-4a07-976c-1bc843e8257a@group-FDF92818066D-LeaderElection65] INFO  impl.LeaderElection (LeaderElection.java:askForVotes(178)) - 7d9a5e18-d3d4-4a07-976c-1bc843e8257a@group-FDF92818066D-LeaderElection65: begin an election at term 1 for -1: [7d9a5e18-d3d4-4a07-976c-1bc843e8257a:192.168.151.72:36866], old=null
2019-10-04 21:28:08,879 [7d9a5e18-d3d4-4a07-976c-1bc843e8257a@group-FDF92818066D-LeaderElection65] INFO  impl.RoleInfo (RoleInfo.java:shutdownLeaderElection(134)) - 7d9a5e18-d3d4-4a07-976c-1bc843e8257a: shutdown LeaderElection
2019-10-04 21:28:08,879 [7d9a5e18-d3d4-4a07-976c-1bc843e8257a@group-FDF92818066D-LeaderElection65] INFO  impl.RaftServerImpl (RaftServerImpl.java:setRole(170)) - 7d9a5e18-d3d4-4a07-976c-1bc843e8257a@group-FDF92818066D: changes role from CANDIDATE to LEADER at term 1 for changeToLeader
2019-10-04 21:28:08,879 [7d9a5e18-d3d4-4a07-976c-1bc843e8257a@group-FDF92818066D-LeaderElection65] INFO  impl.RaftServerImpl (ServerState.java:setLeader(255)) - 7d9a5e18-d3d4-4a07-976c-1bc843e8257a@group-FDF92818066D: change Leader from null to 7d9a5e18-d3d4-4a07-976c-1bc843e8257a at term 1 for becomeLeader, leader elected after 5137ms
2019-10-04 21:28:08,879 [7d9a5e18-d3d4-4a07-976c-1bc843e8257a@group-FDF92818066D-LeaderElection65] INFO  server.RaftServerConfigKeys (ConfUtils.java:logGet(43)) - raft.server.staging.catchup.gap = 1000 (default)
2019-10-04 21:28:08,879 [7d9a5e18-d3d4-4a07-976c-1bc843e8257a@group-FDF92818066D-LeaderElection65] INFO  server.RaftServerConfigKeys (ConfUtils.java:logGet(43)) - raft.server.rpc.sleep.time = 25ms (default)
2019-10-04 21:28:08,879 [7d9a5e18-d3d4-4a07-976c-1bc843e8257a@group-FDF92818066D-LeaderElection65] INFO  server.RaftServerConfigKeys (ConfUtils.java:logGet(43)) - raft.server.write.element-limit = 4096 (default)
2019-10-04 21:28:08,879 [7d9a5e18-d3d4-4a07-976c-1bc843e8257a@group-FDF92818066D-LeaderElection65] INFO  server.RaftServerConfigKeys (ConfUtils.java:logGet(43)) - raft.server.watch.timeout = 10s (default)
2019-10-04 21:28:08,880 [7d9a5e18-d3d4-4a07-976c-1bc843e8257a@group-FDF92818066D-LeaderElection65] INFO  server.RaftServerConfigKeys (ConfUtils.java:logGet(43)) - raft.server.watch.timeout.denomination = 1s (default)
2019-10-04 21:28:08,880 [7d9a5e18-d3d4-4a07-976c-1bc843e8257a@group-FDF92818066D-LeaderElection65] INFO  server.RaftServerConfigKeys (ConfUtils.java:logGet(43)) - raft.server.watch.element-limit = 65536 (default)
2019-10-04 21:28:08,881 [7d9a5e18-d3d4-4a07-976c-1bc843e8257a@group-FDF92818066D-LeaderElection65] INFO  impl.RoleInfo (RoleInfo.java:updateAndGet(143)) - 7d9a5e18-d3d4-4a07-976c-1bc843e8257a: start LeaderState
2019-10-04 21:28:08,881 [7d9a5e18-d3d4-4a07-976c-1bc843e8257a@group-FDF92818066D-LeaderElection65] INFO  segmented.SegmentedRaftLogWorker (SegmentedRaftLogWorker.java:startLogSegment(385)) - 7d9a5e18-d3d4-4a07-976c-1bc843e8257a@group-FDF92818066D-SegmentedRaftLogWorker: Starting segment from index:0
2019-10-04 21:28:08,882 [7d9a5e18-d3d4-4a07-976c-1bc843e8257a@group-FDF92818066D-LeaderElection65] INFO  impl.RaftServerImpl (ServerState.java:setRaftConf(356)) - 7d9a5e18-d3d4-4a07-976c-1bc843e8257a@group-FDF92818066D: set configuration 0: [7d9a5e18-d3d4-4a07-976c-1bc843e8257a:192.168.151.72:36866], old=null at 0
2019-10-04 21:28:08,903 [Thread-2397] INFO  impl.FollowerState (FollowerState.java:run(108)) - 7d9a5e18-d3d4-4a07-976c-1bc843e8257a@group-63D556AF8F71-FollowerState: change to CANDIDATE, lastRpcTime:5062ms, electionTimeout:5062ms
2019-10-04 21:28:08,903 [Thread-2397] INFO  impl.RoleInfo (RoleInfo.java:shutdownFollowerState(121)) - 7d9a5e18-d3d4-4a07-976c-1bc843e8257a: shutdown FollowerState
2019-10-04 21:28:08,903 [Thread-2397] INFO  impl.RaftServerImpl (RaftServerImpl.java:setRole(170)) - 7d9a5e18-d3d4-4a07-976c-1bc843e8257a@group-63D556AF8F71: changes role from  FOLLOWER to CANDIDATE at term 0 for changeToCandidate
2019-10-04 21:28:08,903 [Thread-2397] INFO  impl.RoleInfo (RoleInfo.java:updateAndGet(143)) - 7d9a5e18-d3d4-4a07-976c-1bc843e8257a: start LeaderElection
2019-10-04 21:28:08,929 [7d9a5e18-d3d4-4a07-976c-1bc843e8257a@group-FDF92818066D-SegmentedRaftLogWorker] INFO  segmented.SegmentedRaftLogWorker (SegmentedRaftLogWorker.java:execute(574)) - 7d9a5e18-d3d4-4a07-976c-1bc843e8257a@group-FDF92818066D-SegmentedRaftLogWorker: created new log segment /workdir/hadoop-ozone/integration-test/target/test-dir/MiniOzoneClusterImpl-bc605976-4d95-4dc7-a329-328585032c31/datanode-5/data/ratis/55fa6f23-2773-41ac-88bf-fdf92818066d/current/log_inprogress_0
2019-10-04 21:28:08,929 [7d9a5e18-d3d4-4a07-976c-1bc843e8257a@group-63D556AF8F71-LeaderElection66] INFO  impl.LeaderElection (LeaderElection.java:askForVotes(178)) - 7d9a5e18-d3d4-4a07-976c-1bc843e8257a@group-63D556AF8F71-LeaderElection66: begin an election at term 1 for -1: [7d9a5e18-d3d4-4a07-976c-1bc843e8257a:192.168.151.72:36866, af950672-a7e7-4366-ad73-34d1713f4936:192.168.151.72:36287, 692258db-9369-418a-ad89-2e962e970f02:192.168.151.72:45912], old=null
2019-10-04 21:28:08,940 [grpc-default-executor-8] INFO  impl.RaftServerImpl (RaftServerImpl.java:setRole(170)) - 692258db-9369-418a-ad89-2e962e970f02@group-63D556AF8F71: changes role from  FOLLOWER to FOLLOWER at term 1 for recognizeCandidate:7d9a5e18-d3d4-4a07-976c-1bc843e8257a
2019-10-04 21:28:08,940 [grpc-default-executor-2] INFO  impl.RaftServerImpl (RaftServerImpl.java:setRole(170)) - af950672-a7e7-4366-ad73-34d1713f4936@group-63D556AF8F71: changes role from  FOLLOWER to FOLLOWER at term 1 for recognizeCandidate:7d9a5e18-d3d4-4a07-976c-1bc843e8257a
2019-10-04 21:28:08,941 [grpc-default-executor-8] INFO  impl.RoleInfo (RoleInfo.java:shutdownFollowerState(121)) - 692258db-9369-418a-ad89-2e962e970f02: shutdown FollowerState
2019-10-04 21:28:08,941 [grpc-default-executor-2] INFO  impl.RoleInfo (RoleInfo.java:shutdownFollowerState(121)) - af950672-a7e7-4366-ad73-34d1713f4936: shutdown FollowerState
2019-10-04 21:28:08,941 [grpc-default-executor-8] INFO  impl.RoleInfo (RoleInfo.java:updateAndGet(143)) - 692258db-9369-418a-ad89-2e962e970f02: start FollowerState
2019-10-04 21:28:08,941 [Thread-2396] INFO  impl.FollowerState (FollowerState.java:run(117)) - af950672-a7e7-4366-ad73-34d1713f4936@group-63D556AF8F71-FollowerState was interrupted: java.lang.InterruptedException: sleep interrupted
2019-10-04 21:28:08,941 [grpc-default-executor-2] INFO  impl.RoleInfo (RoleInfo.java:updateAndGet(143)) - af950672-a7e7-4366-ad73-34d1713f4936: start FollowerState
2019-10-04 21:28:08,941 [Thread-2392] INFO  impl.FollowerState (FollowerState.java:run(117)) - 692258db-9369-418a-ad89-2e962e970f02@group-63D556AF8F71-FollowerState was interrupted: java.lang.InterruptedException: sleep interrupted
2019-10-04 21:28:08,963 [7d9a5e18-d3d4-4a07-976c-1bc843e8257a@group-63D556AF8F71-LeaderElection66] INFO  impl.LeaderElection (LeaderElection.java:logAndReturn(56)) - 7d9a5e18-d3d4-4a07-976c-1bc843e8257a@group-63D556AF8F71-LeaderElection66: Election PASSED; received 1 response(s) [7d9a5e18-d3d4-4a07-976c-1bc843e8257a<-692258db-9369-418a-ad89-2e962e970f02#0:OK-t1] and 0 exception(s); 7d9a5e18-d3d4-4a07-976c-1bc843e8257a@group-63D556AF8F71:t1, leader=null, voted=7d9a5e18-d3d4-4a07-976c-1bc843e8257a, raftlog=7d9a5e18-d3d4-4a07-976c-1bc843e8257a@group-63D556AF8F71-SegmentedRaftLog:OPENED:c-1,f-1,i0, conf=-1: [7d9a5e18-d3d4-4a07-976c-1bc843e8257a:192.168.151.72:36866, af950672-a7e7-4366-ad73-34d1713f4936:192.168.151.72:36287, 692258db-9369-418a-ad89-2e962e970f02:192.168.151.72:45912], old=null
2019-10-04 21:28:08,963 [7d9a5e18-d3d4-4a07-976c-1bc843e8257a@group-63D556AF8F71-LeaderElection66] INFO  impl.RoleInfo (RoleInfo.java:shutdownLeaderElection(134)) - 7d9a5e18-d3d4-4a07-976c-1bc843e8257a: shutdown LeaderElection
2019-10-04 21:28:08,963 [7d9a5e18-d3d4-4a07-976c-1bc843e8257a@group-63D556AF8F71-LeaderElection66] INFO  impl.RaftServerImpl (RaftServerImpl.java:setRole(170)) - 7d9a5e18-d3d4-4a07-976c-1bc843e8257a@group-63D556AF8F71: changes role from CANDIDATE to LEADER at term 1 for changeToLeader
2019-10-04 21:28:08,963 [7d9a5e18-d3d4-4a07-976c-1bc843e8257a@group-63D556AF8F71-LeaderElection66] INFO  impl.RaftServerImpl (ServerState.java:setLeader(255)) - 7d9a5e18-d3d4-4a07-976c-1bc843e8257a@group-63D556AF8F71: change Leader from null to 7d9a5e18-d3d4-4a07-976c-1bc843e8257a at term 1 for becomeLeader, leader elected after 5135ms
2019-10-04 21:28:08,964 [7d9a5e18-d3d4-4a07-976c-1bc843e8257a@group-63D556AF8F71-LeaderElection66] INFO  server.RaftServerConfigKeys (ConfUtils.java:logGet(43)) - raft.server.staging.catchup.gap = 1000 (default)
2019-10-04 21:28:08,964 [7d9a5e18-d3d4-4a07-976c-1bc843e8257a@group-63D556AF8F71-LeaderElection66] INFO  server.RaftServerConfigKeys (ConfUtils.java:logGet(43)) - raft.server.rpc.sleep.time = 25ms (default)
2019-10-04 21:28:08,964 [7d9a5e18-d3d4-4a07-976c-1bc843e8257a@group-63D556AF8F71-LeaderElection66] INFO  server.RaftServerConfigKeys (ConfUtils.java:logGet(43)) - raft.server.write.element-limit = 4096 (default)
2019-10-04 21:28:08,964 [7d9a5e18-d3d4-4a07-976c-1bc843e8257a@group-63D556AF8F71-LeaderElection66] INFO  server.RaftServerConfigKeys (ConfUtils.java:logGet(43)) - raft.server.watch.timeout = 10s (default)
2019-10-04 21:28:08,964 [7d9a5e18-d3d4-4a07-976c-1bc843e8257a@group-63D556AF8F71-LeaderElection66] INFO  server.RaftServerConfigKeys (ConfUtils.java:logGet(43)) - raft.server.watch.timeout.denomination = 1s (default)
2019-10-04 21:28:08,964 [7d9a5e18-d3d4-4a07-976c-1bc843e8257a@group-63D556AF8F71-LeaderElection66] INFO  server.RaftServerConfigKeys (ConfUtils.java:logGet(43)) - raft.server.watch.element-limit = 65536 (default)
2019-10-04 21:28:08,966 [7d9a5e18-d3d4-4a07-976c-1bc843e8257a@group-63D556AF8F71-LeaderElection66] INFO  server.RaftServerConfigKeys (ConfUtils.java:logGet(43)) - raft.server.log.appender.snapshot.chunk.size.max = 16MB (=16777216) (default)
2019-10-04 21:28:08,966 [7d9a5e18-d3d4-4a07-976c-1bc843e8257a@group-63D556AF8F71-LeaderElection66] INFO  server.RaftServerConfigKeys (ConfUtils.java:logGet(43)) - raft.server.log.appender.buffer.byte-limit = 33554432 (custom)
2019-10-04 21:28:08,966 [7d9a5e18-d3d4-4a07-976c-1bc843e8257a@group-63D556AF8F71-LeaderElection66] INFO  server.RaftServerConfigKeys (ConfUtils.java:logGet(43)) - raft.server.log.appender.buffer.element-limit = 1 (custom)
2019-10-04 21:28:08,967 [7d9a5e18-d3d4-4a07-976c-1bc843e8257a@group-63D556AF8F71-LeaderElection66] INFO  grpc.GrpcConfigKeys$Server (ConfUtils.java:logGet(43)) - raft.grpc.server.leader.outstanding.appends.max = 128 (default)
2019-10-04 21:28:08,967 [7d9a5e18-d3d4-4a07-976c-1bc843e8257a@group-63D556AF8F71-LeaderElection66] INFO  server.RaftServerConfigKeys (ConfUtils.java:logGet(43)) - raft.server.rpc.request.timeout = 3000ms (default)
2019-10-04 21:28:08,967 [7d9a5e18-d3d4-4a07-976c-1bc843e8257a@group-63D556AF8F71-LeaderElection66] INFO  server.RaftServerConfigKeys (ConfUtils.java:logGet(43)) - raft.server.log.appender.install.snapshot.enabled = false (custom)
2019-10-04 21:28:08,967 [7d9a5e18-d3d4-4a07-976c-1bc843e8257a@group-63D556AF8F71-LeaderElection66] INFO  server.RaftServerConfigKeys (ConfUtils.java:logGet(43)) - raft.server.log.appender.snapshot.chunk.size.max = 16MB (=16777216) (default)
2019-10-04 21:28:08,967 [7d9a5e18-d3d4-4a07-976c-1bc843e8257a@group-63D556AF8F71-LeaderElection66] INFO  server.RaftServerConfigKeys (ConfUtils.java:logGet(43)) - raft.server.log.appender.buffer.byte-limit = 33554432 (custom)
2019-10-04 21:28:08,967 [7d9a5e18-d3d4-4a07-976c-1bc843e8257a@group-63D556AF8F71-LeaderElection66] INFO  server.RaftServerConfigKeys (ConfUtils.java:logGet(43)) - raft.server.log.appender.buffer.element-limit = 1 (custom)
2019-10-04 21:28:08,968 [7d9a5e18-d3d4-4a07-976c-1bc843e8257a@group-63D556AF8F71-LeaderElection66] INFO  grpc.GrpcConfigKeys$Server (ConfUtils.java:logGet(43)) - raft.grpc.server.leader.outstanding.appends.max = 128 (default)
2019-10-04 21:28:08,968 [7d9a5e18-d3d4-4a07-976c-1bc843e8257a@group-63D556AF8F71-LeaderElection66] INFO  server.RaftServerConfigKeys (ConfUtils.java:logGet(43)) - raft.server.rpc.request.timeout = 3000ms (default)
2019-10-04 21:28:08,968 [7d9a5e18-d3d4-4a07-976c-1bc843e8257a@group-63D556AF8F71-LeaderElection66] INFO  server.RaftServerConfigKeys (ConfUtils.java:logGet(43)) - raft.server.log.appender.install.snapshot.enabled = false (custom)
2019-10-04 21:28:08,968 [7d9a5e18-d3d4-4a07-976c-1bc843e8257a@group-63D556AF8F71-LeaderElection66] INFO  impl.RoleInfo (RoleInfo.java:updateAndGet(143)) - 7d9a5e18-d3d4-4a07-976c-1bc843e8257a: start LeaderState
2019-10-04 21:28:08,969 [7d9a5e18-d3d4-4a07-976c-1bc843e8257a@group-63D556AF8F71-LeaderElection66] INFO  segmented.SegmentedRaftLogWorker (SegmentedRaftLogWorker.java:startLogSegment(385)) - 7d9a5e18-d3d4-4a07-976c-1bc843e8257a@group-63D556AF8F71-SegmentedRaftLogWorker: Starting segment from index:0
2019-10-04 21:28:08,969 [7d9a5e18-d3d4-4a07-976c-1bc843e8257a@group-63D556AF8F71-LeaderElection66] INFO  impl.RaftServerImpl (ServerState.java:setRaftConf(356)) - 7d9a5e18-d3d4-4a07-976c-1bc843e8257a@group-63D556AF8F71: set configuration 0: [7d9a5e18-d3d4-4a07-976c-1bc843e8257a:192.168.151.72:36866, af950672-a7e7-4366-ad73-34d1713f4936:192.168.151.72:36287, 692258db-9369-418a-ad89-2e962e970f02:192.168.151.72:45912], old=null at 0
2019-10-04 21:28:08,970 [grpc-default-executor-2] INFO  impl.RaftServerImpl (ServerState.java:setLeader(255)) - af950672-a7e7-4366-ad73-34d1713f4936@group-63D556AF8F71: change Leader from null to 7d9a5e18-d3d4-4a07-976c-1bc843e8257a at term 1 for appendEntries, leader elected after 5141ms
2019-10-04 21:28:08,970 [grpc-default-executor-8] INFO  impl.RaftServerImpl (ServerState.java:setLeader(255)) - 692258db-9369-418a-ad89-2e962e970f02@group-63D556AF8F71: change Leader from null to 7d9a5e18-d3d4-4a07-976c-1bc843e8257a at term 1 for appendEntries, leader elected after 5142ms
2019-10-04 21:28:09,021 [grpc-default-executor-8] INFO  impl.RaftServerImpl (ServerState.java:setRaftConf(356)) - af950672-a7e7-4366-ad73-34d1713f4936@group-63D556AF8F71: set configuration 0: [7d9a5e18-d3d4-4a07-976c-1bc843e8257a:192.168.151.72:36866, af950672-a7e7-4366-ad73-34d1713f4936:192.168.151.72:36287, 692258db-9369-418a-ad89-2e962e970f02:192.168.151.72:45912], old=null at 0
2019-10-04 21:28:09,021 [7d9a5e18-d3d4-4a07-976c-1bc843e8257a@group-63D556AF8F71-SegmentedRaftLogWorker] INFO  segmented.SegmentedRaftLogWorker (SegmentedRaftLogWorker.java:execute(574)) - 7d9a5e18-d3d4-4a07-976c-1bc843e8257a@group-63D556AF8F71-SegmentedRaftLogWorker: created new log segment /workdir/hadoop-ozone/integration-test/target/test-dir/MiniOzoneClusterImpl-bc605976-4d95-4dc7-a329-328585032c31/datanode-5/data/ratis/42706ade-d679-46f7-98e5-63d556af8f71/current/log_inprogress_0
2019-10-04 21:28:09,021 [grpc-default-executor-8] INFO  segmented.SegmentedRaftLogWorker (SegmentedRaftLogWorker.java:startLogSegment(385)) - af950672-a7e7-4366-ad73-34d1713f4936@group-63D556AF8F71-SegmentedRaftLogWorker: Starting segment from index:0
2019-10-04 21:28:09,021 [grpc-default-executor-2] INFO  impl.RaftServerImpl (ServerState.java:setRaftConf(356)) - 692258db-9369-418a-ad89-2e962e970f02@group-63D556AF8F71: set configuration 0: [7d9a5e18-d3d4-4a07-976c-1bc843e8257a:192.168.151.72:36866, af950672-a7e7-4366-ad73-34d1713f4936:192.168.151.72:36287, 692258db-9369-418a-ad89-2e962e970f02:192.168.151.72:45912], old=null at 0
2019-10-04 21:28:09,022 [grpc-default-executor-2] INFO  segmented.SegmentedRaftLogWorker (SegmentedRaftLogWorker.java:startLogSegment(385)) - 692258db-9369-418a-ad89-2e962e970f02@group-63D556AF8F71-SegmentedRaftLogWorker: Starting segment from index:0
2019-10-04 21:28:09,067 [af950672-a7e7-4366-ad73-34d1713f4936@group-63D556AF8F71-SegmentedRaftLogWorker] INFO  segmented.SegmentedRaftLogWorker (SegmentedRaftLogWorker.java:execute(574)) - af950672-a7e7-4366-ad73-34d1713f4936@group-63D556AF8F71-SegmentedRaftLogWorker: created new log segment /workdir/hadoop-ozone/integration-test/target/test-dir/MiniOzoneClusterImpl-bc605976-4d95-4dc7-a329-328585032c31/datanode-4/data/ratis/42706ade-d679-46f7-98e5-63d556af8f71/current/log_inprogress_0
2019-10-04 21:28:09,067 [692258db-9369-418a-ad89-2e962e970f02@group-63D556AF8F71-SegmentedRaftLogWorker] INFO  segmented.SegmentedRaftLogWorker (SegmentedRaftLogWorker.java:execute(574)) - 692258db-9369-418a-ad89-2e962e970f02@group-63D556AF8F71-SegmentedRaftLogWorker: created new log segment /workdir/hadoop-ozone/integration-test/target/test-dir/MiniOzoneClusterImpl-bc605976-4d95-4dc7-a329-328585032c31/datanode-3/data/ratis/42706ade-d679-46f7-98e5-63d556af8f71/current/log_inprogress_0
2019-10-04 21:28:09,475 [grpc-default-executor-2] WARN  server.GrpcLogAppender (LogUtils.java:warn(134)) - aef531bd-6946-4f65-aff1-2034fa836c06@group-B46CC0D4AE81->b3a93a1c-bd5d-4647-93a8-f02890694163-AppendLogResponseHandler: Failed appendEntries: org.apache.ratis.thirdparty.io.grpc.StatusRuntimeException: UNAVAILABLE: io exception
2019-10-04 21:28:09,475 [grpc-default-executor-10] WARN  server.GrpcLogAppender (LogUtils.java:warn(134)) - aef531bd-6946-4f65-aff1-2034fa836c06@group-B46CC0D4AE81->85482a46-d908-46a3-b4f7-930495164df5-AppendLogResponseHandler: Failed appendEntries: org.apache.ratis.thirdparty.io.grpc.StatusRuntimeException: UNAVAILABLE: io exception
2019-10-04 21:28:09,476 [grpc-default-executor-2] INFO  impl.FollowerInfo (FollowerInfo.java:lambda$new$0(51)) - aef531bd-6946-4f65-aff1-2034fa836c06@group-B46CC0D4AE81->b3a93a1c-bd5d-4647-93a8-f02890694163: nextIndex: updateUnconditionally 0 -> 0
2019-10-04 21:28:09,476 [grpc-default-executor-10] INFO  impl.FollowerInfo (FollowerInfo.java:lambda$new$0(51)) - aef531bd-6946-4f65-aff1-2034fa836c06@group-B46CC0D4AE81->85482a46-d908-46a3-b4f7-930495164df5: nextIndex: updateUnconditionally 0 -> 0
2019-10-04 21:28:10,231 [Datanode State Machine Thread - 0] INFO  statemachine.DatanodeStateMachine (DatanodeStateMachine.java:lambda$startDaemon$0(350)) - Ozone container server started.
2019-10-04 21:28:11,979 [grpc-default-executor-2] WARN  server.GrpcLogAppender (LogUtils.java:warn(134)) - aef531bd-6946-4f65-aff1-2034fa836c06@group-B46CC0D4AE81->85482a46-d908-46a3-b4f7-930495164df5-AppendLogResponseHandler: Failed appendEntries: org.apache.ratis.thirdparty.io.grpc.StatusRuntimeException: UNAVAILABLE: io exception
2019-10-04 21:28:11,979 [grpc-default-executor-11] WARN  server.GrpcLogAppender (LogUtils.java:warn(134)) - aef531bd-6946-4f65-aff1-2034fa836c06@group-B46CC0D4AE81->b3a93a1c-bd5d-4647-93a8-f02890694163-AppendLogResponseHandler: Failed appendEntries: org.apache.ratis.thirdparty.io.grpc.StatusRuntimeException: UNAVAILABLE: io exception
2019-10-04 21:28:11,980 [grpc-default-executor-2] INFO  impl.FollowerInfo (FollowerInfo.java:lambda$new$0(51)) - aef531bd-6946-4f65-aff1-2034fa836c06@group-B46CC0D4AE81->85482a46-d908-46a3-b4f7-930495164df5: nextIndex: updateUnconditionally 0 -> 0
2019-10-04 21:28:11,980 [grpc-default-executor-11] INFO  impl.FollowerInfo (FollowerInfo.java:lambda$new$0(51)) - aef531bd-6946-4f65-aff1-2034fa836c06@group-B46CC0D4AE81->b3a93a1c-bd5d-4647-93a8-f02890694163: nextIndex: updateUnconditionally 0 -> 0
2019-10-04 21:28:13,681 [EventQueue-StaleNodeForStaleNodeHandler] INFO  node.StaleNodeHandler (StaleNodeHandler.java:onMessage(58)) - Datanode 85482a46-d908-46a3-b4f7-930495164df5{ip: 192.168.151.72, host: pr-hdds-2239-t668n-1079239961, networkLocation: /default-rack, certSerialId: null} moved to stale state. Finalizing its pipelines [PipelineID=5edd7da8-e3a7-4a60-a508-767b5eac5e4b, PipelineID=9afcdec0-e7b1-46b1-95dc-b46cc0d4ae81]
2019-10-04 21:28:13,682 [EventQueue-StaleNodeForStaleNodeHandler] INFO  pipeline.SCMPipelineManager (SCMPipelineManager.java:finalizeAndDestroyPipeline(315)) - destroying pipeline:Pipeline[ Id: 5edd7da8-e3a7-4a60-a508-767b5eac5e4b, Nodes: 85482a46-d908-46a3-b4f7-930495164df5{ip: 192.168.151.72, host: pr-hdds-2239-t668n-1079239961, networkLocation: /default-rack, certSerialId: null}, Type:RATIS, Factor:ONE, State:OPEN]
2019-10-04 21:28:13,682 [EventQueue-StaleNodeForStaleNodeHandler] INFO  pipeline.PipelineStateManager (PipelineStateManager.java:finalizePipeline(123)) - Pipeline Pipeline[ Id: 5edd7da8-e3a7-4a60-a508-767b5eac5e4b, Nodes: 85482a46-d908-46a3-b4f7-930495164df5{ip: 192.168.151.72, host: pr-hdds-2239-t668n-1079239961, networkLocation: /default-rack, certSerialId: null}, Type:RATIS, Factor:ONE, State:CLOSED] moved to CLOSED state
2019-10-04 21:28:13,683 [EventQueue-StaleNodeForStaleNodeHandler] INFO  pipeline.SCMPipelineManager (SCMPipelineManager.java:finalizeAndDestroyPipeline(315)) - destroying pipeline:Pipeline[ Id: 9afcdec0-e7b1-46b1-95dc-b46cc0d4ae81, Nodes: 85482a46-d908-46a3-b4f7-930495164df5{ip: 192.168.151.72, host: pr-hdds-2239-t668n-1079239961, networkLocation: /default-rack, certSerialId: null}b3a93a1c-bd5d-4647-93a8-f02890694163{ip: 192.168.151.72, host: pr-hdds-2239-t668n-1079239961, networkLocation: /default-rack, certSerialId: null}aef531bd-6946-4f65-aff1-2034fa836c06{ip: 192.168.151.72, host: pr-hdds-2239-t668n-1079239961, networkLocation: /default-rack, certSerialId: null}, Type:RATIS, Factor:THREE, State:OPEN]
2019-10-04 21:28:13,683 [EventQueue-StaleNodeForStaleNodeHandler] INFO  pipeline.PipelineStateManager (PipelineStateManager.java:finalizePipeline(123)) - Pipeline Pipeline[ Id: 9afcdec0-e7b1-46b1-95dc-b46cc0d4ae81, Nodes: 85482a46-d908-46a3-b4f7-930495164df5{ip: 192.168.151.72, host: pr-hdds-2239-t668n-1079239961, networkLocation: /default-rack, certSerialId: null}b3a93a1c-bd5d-4647-93a8-f02890694163{ip: 192.168.151.72, host: pr-hdds-2239-t668n-1079239961, networkLocation: /default-rack, certSerialId: null}aef531bd-6946-4f65-aff1-2034fa836c06{ip: 192.168.151.72, host: pr-hdds-2239-t668n-1079239961, networkLocation: /default-rack, certSerialId: null}, Type:RATIS, Factor:THREE, State:CLOSED] moved to CLOSED state
2019-10-04 21:28:13,684 [EventQueue-CloseContainerForCloseContainerEventHandler] INFO  container.CloseContainerEventHandler (CloseContainerEventHandler.java:onMessage(61)) - Close container Event triggered for container : #1
2019-10-04 21:28:14,238 [main] INFO  ozoneimpl.OzoneContainer (OzoneContainer.java:stop(231)) - Attempting to stop container services.
2019-10-04 21:28:14,245 [main] INFO  impl.RaftServerProxy (RaftServerProxy.java:lambda$close$4(314)) - 76f8dd46-7a49-4c28-b6d4-c158c8440244: close
2019-10-04 21:28:14,246 [main] INFO  impl.RaftServerImpl (RaftServerImpl.java:lambda$shutdown$3(247)) - 76f8dd46-7a49-4c28-b6d4-c158c8440244@group-59DCCDE7E53C: shutdown
2019-10-04 21:28:14,246 [ForkJoinPool.commonPool-worker-0] INFO  impl.RaftServerImpl (RaftServerImpl.java:lambda$shutdown$3(247)) - 76f8dd46-7a49-4c28-b6d4-c158c8440244@group-3A58DB64718C: shutdown
2019-10-04 21:28:14,246 [main] INFO  util.JmxRegister (JmxRegister.java:unregister(73)) - Successfully un-registered JMX Bean with object name Ratis:service=RaftServer,group=group-59DCCDE7E53C,id=76f8dd46-7a49-4c28-b6d4-c158c8440244
2019-10-04 21:28:14,246 [ForkJoinPool.commonPool-worker-0] INFO  util.JmxRegister (JmxRegister.java:unregister(73)) - Successfully un-registered JMX Bean with object name Ratis:service=RaftServer,group=group-3A58DB64718C,id=76f8dd46-7a49-4c28-b6d4-c158c8440244
2019-10-04 21:28:14,247 [main] INFO  impl.RoleInfo (RoleInfo.java:shutdownLeaderState(104)) - 76f8dd46-7a49-4c28-b6d4-c158c8440244: shutdown LeaderState
2019-10-04 21:28:14,247 [ForkJoinPool.commonPool-worker-0] INFO  impl.RoleInfo (RoleInfo.java:shutdownLeaderState(104)) - 76f8dd46-7a49-4c28-b6d4-c158c8440244: shutdown LeaderState
2019-10-04 21:28:14,255 [main] INFO  impl.PendingRequests (PendingRequests.java:sendNotLeaderResponses(202)) - 76f8dd46-7a49-4c28-b6d4-c158c8440244@group-59DCCDE7E53C-PendingRequests: sendNotLeaderResponses
2019-10-04 21:28:14,255 [ForkJoinPool.commonPool-worker-0] INFO  impl.PendingRequests (PendingRequests.java:sendNotLeaderResponses(202)) - 76f8dd46-7a49-4c28-b6d4-c158c8440244@group-3A58DB64718C-PendingRequests: sendNotLeaderResponses
2019-10-04 21:28:14,255 [org.apache.ratis.server.impl.LogAppender$AppenderDaemon$$Lambda$536/773048450@382a256c] WARN  server.GrpcLogAppender (GrpcLogAppender.java:mayWait(143)) - 76f8dd46-7a49-4c28-b6d4-c158c8440244@group-59DCCDE7E53C->d68b6e22-9ed6-46cb-902d-288bc38a3b75-GrpcLogAppender: Wait interrupted by java.lang.InterruptedException
2019-10-04 21:28:14,293 [76f8dd46-7a49-4c28-b6d4-c158c8440244@group-59DCCDE7E53C-StateMachineUpdater] INFO  ratis.ContainerStateMachine (ContainerStateMachine.java:takeSnapshot(293)) - group-59DCCDE7E53C: Taking a snapshot at:(t:1, i:2) file /workdir/hadoop-ozone/integration-test/target/test-dir/MiniOzoneClusterImpl-bc605976-4d95-4dc7-a329-328585032c31/datanode-1/data/ratis/365b7aab-176b-417e-9af1-59dccde7e53c/sm/snapshot.1_2
2019-10-04 21:28:14,293 [ForkJoinPool.commonPool-worker-0] INFO  impl.StateMachineUpdater (StateMachineUpdater.java:stopAndJoin(136)) - 76f8dd46-7a49-4c28-b6d4-c158c8440244@group-3A58DB64718C-StateMachineUpdater: set stopIndex = 0
2019-10-04 21:28:14,293 [main] INFO  impl.StateMachineUpdater (StateMachineUpdater.java:stopAndJoin(136)) - 76f8dd46-7a49-4c28-b6d4-c158c8440244@group-59DCCDE7E53C-StateMachineUpdater: set stopIndex = 2
2019-10-04 21:28:14,256 [org.apache.ratis.server.impl.LogAppender$AppenderDaemon$$Lambda$536/773048450@2ed400aa] WARN  server.GrpcLogAppender (GrpcLogAppender.java:mayWait(143)) - 76f8dd46-7a49-4c28-b6d4-c158c8440244@group-59DCCDE7E53C->117e6173-3a16-4e4f-95c1-02e2385318dd-GrpcLogAppender: Wait interrupted by java.lang.InterruptedException
2019-10-04 21:28:14,294 [ForkJoinPool.commonPool-worker-0] INFO  impl.RaftServerImpl (ServerState.java:close(387)) - 76f8dd46-7a49-4c28-b6d4-c158c8440244@group-3A58DB64718C: closes. applyIndex: 0
2019-10-04 21:28:14,294 [grpc-default-executor-11] INFO  server.GrpcServerProtocolService (GrpcServerProtocolService.java:onCompleted(113)) - d68b6e22-9ed6-46cb-902d-288bc38a3b75: Completed APPEND_ENTRIES, lastRequest: 76f8dd46-7a49-4c28-b6d4-c158c8440244->d68b6e22-9ed6-46cb-902d-288bc38a3b75#5-t1, previous=(t:1, i:2), leaderCommit=2, initializing? false, entries: <empty>
2019-10-04 21:28:14,299 [grpc-default-executor-2] INFO  server.GrpcServerProtocolService (GrpcServerProtocolService.java:onCompleted(113)) - 117e6173-3a16-4e4f-95c1-02e2385318dd: Completed APPEND_ENTRIES, lastRequest: 76f8dd46-7a49-4c28-b6d4-c158c8440244->117e6173-3a16-4e4f-95c1-02e2385318dd#5-t1, previous=(t:1, i:2), leaderCommit=2, initializing? false, entries: <empty>
2019-10-04 21:28:14,299 [76f8dd46-7a49-4c28-b6d4-c158c8440244@group-3A58DB64718C-SegmentedRaftLogWorker] INFO  segmented.SegmentedRaftLogWorker (SegmentedRaftLogWorker.java:run(316)) - 76f8dd46-7a49-4c28-b6d4-c158c8440244@group-3A58DB64718C-SegmentedRaftLogWorker was interrupted, exiting. There are 0 tasks remaining in the queue.
2019-10-04 21:28:14,299 [grpc-default-executor-11] INFO  server.GrpcLogAppender (GrpcLogAppender.java:onCompleted(293)) - 76f8dd46-7a49-4c28-b6d4-c158c8440244@group-59DCCDE7E53C->d68b6e22-9ed6-46cb-902d-288bc38a3b75-AppendLogResponseHandler: follower responses appendEntries COMPLETED
2019-10-04 21:28:14,303 [ForkJoinPool.commonPool-worker-0] INFO  segmented.SegmentedRaftLogWorker (SegmentedRaftLogWorker.java:close(224)) - 76f8dd46-7a49-4c28-b6d4-c158c8440244@group-3A58DB64718C-SegmentedRaftLogWorker close()
2019-10-04 21:28:14,309 [grpc-default-executor-2] INFO  server.GrpcLogAppender (GrpcLogAppender.java:onCompleted(293)) - 76f8dd46-7a49-4c28-b6d4-c158c8440244@group-59DCCDE7E53C->117e6173-3a16-4e4f-95c1-02e2385318dd-AppendLogResponseHandler: follower responses appendEntries COMPLETED
2019-10-04 21:28:14,309 [grpc-default-executor-11] INFO  impl.FollowerInfo (FollowerInfo.java:lambda$new$0(51)) - 76f8dd46-7a49-4c28-b6d4-c158c8440244@group-59DCCDE7E53C->d68b6e22-9ed6-46cb-902d-288bc38a3b75: nextIndex: updateUnconditionally 3 -> 2
2019-10-04 21:28:14,310 [grpc-default-executor-2] INFO  impl.FollowerInfo (FollowerInfo.java:lambda$new$0(51)) - 76f8dd46-7a49-4c28-b6d4-c158c8440244@group-59DCCDE7E53C->117e6173-3a16-4e4f-95c1-02e2385318dd: nextIndex: updateUnconditionally 3 -> 2
2019-10-04 21:28:14,320 [76f8dd46-7a49-4c28-b6d4-c158c8440244@group-59DCCDE7E53C-StateMachineUpdater] INFO  ratis.ContainerStateMachine (ContainerStateMachine.java:takeSnapshot(304)) - group-59DCCDE7E53C: Finished taking a snapshot at:(t:1, i:2) file:/workdir/hadoop-ozone/integration-test/target/test-dir/MiniOzoneClusterImpl-bc605976-4d95-4dc7-a329-328585032c31/datanode-1/data/ratis/365b7aab-176b-417e-9af1-59dccde7e53c/sm/snapshot.1_2 time:27
2019-10-04 21:28:14,321 [76f8dd46-7a49-4c28-b6d4-c158c8440244@group-59DCCDE7E53C-StateMachineUpdater] INFO  impl.StateMachineUpdater (StateMachineUpdater.java:takeSnapshot(269)) - 76f8dd46-7a49-4c28-b6d4-c158c8440244@group-59DCCDE7E53C-StateMachineUpdater: Took a snapshot at index 2
2019-10-04 21:28:14,321 [76f8dd46-7a49-4c28-b6d4-c158c8440244@group-59DCCDE7E53C-StateMachineUpdater] INFO  impl.StateMachineUpdater (StateMachineUpdater.java:lambda$new$0(84)) - 76f8dd46-7a49-4c28-b6d4-c158c8440244@group-59DCCDE7E53C-StateMachineUpdater: snapshotIndex: updateIncreasingly -1 -> 2
2019-10-04 21:28:14,321 [main] INFO  impl.RaftServerImpl (ServerState.java:close(387)) - 76f8dd46-7a49-4c28-b6d4-c158c8440244@group-59DCCDE7E53C: closes. applyIndex: 2
2019-10-04 21:28:14,322 [76f8dd46-7a49-4c28-b6d4-c158c8440244@group-59DCCDE7E53C-SegmentedRaftLogWorker] INFO  segmented.SegmentedRaftLogWorker (SegmentedRaftLogWorker.java:run(316)) - 76f8dd46-7a49-4c28-b6d4-c158c8440244@group-59DCCDE7E53C-SegmentedRaftLogWorker was interrupted, exiting. There are 0 tasks remaining in the queue.
2019-10-04 21:28:14,325 [main] INFO  segmented.SegmentedRaftLogWorker (SegmentedRaftLogWorker.java:close(224)) - 76f8dd46-7a49-4c28-b6d4-c158c8440244@group-59DCCDE7E53C-SegmentedRaftLogWorker close()
2019-10-04 21:28:14,331 [main] INFO  server.GrpcService (GrpcService.java:closeImpl(164)) - 76f8dd46-7a49-4c28-b6d4-c158c8440244: shutdown server with port 45621 now
2019-10-04 21:28:14,332 [main] INFO  server.GrpcService (GrpcService.java:closeImpl(172)) - 76f8dd46-7a49-4c28-b6d4-c158c8440244: shutdown server with port 45621 successfully
2019-10-04 21:28:14,338 [refreshUsed-/workdir/hadoop-ozone/integration-test/target/test-dir/MiniOzoneClusterImpl-bc605976-4d95-4dc7-a329-328585032c31/datanode-1/data/containers] WARN  fs.CachingGetSpaceUsed (CachingGetSpaceUsed.java:run(183)) - Thread Interrupted waiting to refresh disk information: sleep interrupted
2019-10-04 21:28:14,356 [main] INFO  utils.BackgroundService (BackgroundService.java:shutdown(148)) - Shutting down service BlockDeletingService
2019-10-04 21:28:14,367 [main] INFO  statemachine.DatanodeStateMachine (DatanodeStateMachine.java:stopDaemon(395)) - Ozone container server stopped.
2019-10-04 21:28:14,369 [main] INFO  handler.ContextHandler (ContextHandler.java:doStop(910)) - Stopped o.e.j.w.WebAppContext@5a592c70{/,null,UNAVAILABLE}{/hddsDatanode}
2019-10-04 21:28:14,370 [main] INFO  server.AbstractConnector (AbstractConnector.java:doStop(318)) - Stopped ServerConnector@252ec02e{HTTP/1.1,[http/1.1]}{0.0.0.0:0}
2019-10-04 21:28:14,370 [main] INFO  handler.ContextHandler (ContextHandler.java:doStop(910)) - Stopped o.e.j.s.ServletContextHandler@6de43bc1{/static,jar:file:/home/user/.m2/repository/org/apache/hadoop/hadoop-hdds-container-service/0.5.0-SNAPSHOT/hadoop-hdds-container-service-0.5.0-SNAPSHOT.jar!/webapps/static,UNAVAILABLE}
2019-10-04 21:28:14,371 [main] INFO  handler.ContextHandler (ContextHandler.java:doStop(910)) - Stopped o.e.j.s.ServletContextHandler@3dfd6220{/logs,file:///workdir/hadoop-ozone/integration-test/target/log,UNAVAILABLE}
2019-10-04 21:28:14,479 [grpc-default-executor-10] WARN  server.GrpcLogAppender (LogUtils.java:warn(134)) - aef531bd-6946-4f65-aff1-2034fa836c06@group-B46CC0D4AE81->85482a46-d908-46a3-b4f7-930495164df5-AppendLogResponseHandler: Failed appendEntries: org.apache.ratis.thirdparty.io.grpc.StatusRuntimeException: UNAVAILABLE: io exception
2019-10-04 21:28:14,479 [grpc-default-executor-8] WARN  server.GrpcLogAppender (LogUtils.java:warn(134)) - aef531bd-6946-4f65-aff1-2034fa836c06@group-B46CC0D4AE81->b3a93a1c-bd5d-4647-93a8-f02890694163-AppendLogResponseHandler: Failed appendEntries: org.apache.ratis.thirdparty.io.grpc.StatusRuntimeException: UNAVAILABLE: io exception
2019-10-04 21:28:14,480 [grpc-default-executor-10] INFO  impl.FollowerInfo (FollowerInfo.java:lambda$new$0(51)) - aef531bd-6946-4f65-aff1-2034fa836c06@group-B46CC0D4AE81->85482a46-d908-46a3-b4f7-930495164df5: nextIndex: updateUnconditionally 0 -> 0
2019-10-04 21:28:14,480 [grpc-default-executor-8] INFO  impl.FollowerInfo (FollowerInfo.java:lambda$new$0(51)) - aef531bd-6946-4f65-aff1-2034fa836c06@group-B46CC0D4AE81->b3a93a1c-bd5d-4647-93a8-f02890694163: nextIndex: updateUnconditionally 0 -> 0
2019-10-04 21:28:14,742 [grpc-default-executor-10] WARN  server.GrpcLogAppender (LogUtils.java:warn(134)) - aef531bd-6946-4f65-aff1-2034fa836c06@group-B46CC0D4AE81->85482a46-d908-46a3-b4f7-930495164df5-AppendLogResponseHandler: Failed appendEntries: org.apache.ratis.thirdparty.io.grpc.StatusRuntimeException: UNAVAILABLE: io exception
2019-10-04 21:28:14,742 [grpc-default-executor-11] WARN  server.GrpcLogAppender (LogUtils.java:warn(134)) - aef531bd-6946-4f65-aff1-2034fa836c06@group-B46CC0D4AE81->b3a93a1c-bd5d-4647-93a8-f02890694163-AppendLogResponseHandler: Failed appendEntries: org.apache.ratis.thirdparty.io.grpc.StatusRuntimeException: UNAVAILABLE: io exception
2019-10-04 21:28:14,743 [grpc-default-executor-10] INFO  impl.FollowerInfo (FollowerInfo.java:lambda$new$0(51)) - aef531bd-6946-4f65-aff1-2034fa836c06@group-B46CC0D4AE81->85482a46-d908-46a3-b4f7-930495164df5: nextIndex: updateUnconditionally 1 -> 0
2019-10-04 21:28:14,743 [grpc-default-executor-11] INFO  impl.FollowerInfo (FollowerInfo.java:lambda$new$0(51)) - aef531bd-6946-4f65-aff1-2034fa836c06@group-B46CC0D4AE81->b3a93a1c-bd5d-4647-93a8-f02890694163: nextIndex: updateUnconditionally 1 -> 0
2019-10-04 21:28:17,243 [grpc-default-executor-8] WARN  server.GrpcLogAppender (LogUtils.java:warn(134)) - aef531bd-6946-4f65-aff1-2034fa836c06@group-B46CC0D4AE81->85482a46-d908-46a3-b4f7-930495164df5-AppendLogResponseHandler: Failed appendEntries: org.apache.ratis.thirdparty.io.grpc.StatusRuntimeException: UNAVAILABLE: io exception
2019-10-04 21:28:17,244 [grpc-default-executor-10] WARN  server.GrpcLogAppender (LogUtils.java:warn(134)) - aef531bd-6946-4f65-aff1-2034fa836c06@group-B46CC0D4AE81->b3a93a1c-bd5d-4647-93a8-f02890694163-AppendLogResponseHandler: Failed appendEntries: org.apache.ratis.thirdparty.io.grpc.StatusRuntimeException: UNAVAILABLE: io exception
2019-10-04 21:28:17,245 [grpc-default-executor-8] INFO  impl.FollowerInfo (FollowerInfo.java:lambda$new$0(51)) - aef531bd-6946-4f65-aff1-2034fa836c06@group-B46CC0D4AE81->85482a46-d908-46a3-b4f7-930495164df5: nextIndex: updateUnconditionally 0 -> 0
2019-10-04 21:28:17,245 [grpc-default-executor-10] INFO  impl.FollowerInfo (FollowerInfo.java:lambda$new$0(51)) - aef531bd-6946-4f65-aff1-2034fa836c06@group-B46CC0D4AE81->b3a93a1c-bd5d-4647-93a8-f02890694163: nextIndex: updateUnconditionally 0 -> 0
2019-10-04 21:28:19,630 [EventQueue-StaleNodeForStaleNodeHandler] INFO  node.StaleNodeHandler (StaleNodeHandler.java:onMessage(58)) - Datanode b3a93a1c-bd5d-4647-93a8-f02890694163{ip: 192.168.151.72, host: pr-hdds-2239-t668n-1079239961, networkLocation: /default-rack, certSerialId: null} moved to stale state. Finalizing its pipelines [PipelineID=9afcdec0-e7b1-46b1-95dc-b46cc0d4ae81, PipelineID=9af09692-9440-4e27-890a-17c1022369b3]
2019-10-04 21:28:19,630 [EventQueue-StaleNodeForStaleNodeHandler] INFO  pipeline.SCMPipelineManager (SCMPipelineManager.java:finalizeAndDestroyPipeline(315)) - destroying pipeline:Pipeline[ Id: 9afcdec0-e7b1-46b1-95dc-b46cc0d4ae81, Nodes: 85482a46-d908-46a3-b4f7-930495164df5{ip: 192.168.151.72, host: pr-hdds-2239-t668n-1079239961, networkLocation: /default-rack, certSerialId: null}b3a93a1c-bd5d-4647-93a8-f02890694163{ip: 192.168.151.72, host: pr-hdds-2239-t668n-1079239961, networkLocation: /default-rack, certSerialId: null}aef531bd-6946-4f65-aff1-2034fa836c06{ip: 192.168.151.72, host: pr-hdds-2239-t668n-1079239961, networkLocation: /default-rack, certSerialId: null}, Type:RATIS, Factor:THREE, State:CLOSED]
2019-10-04 21:28:19,630 [EventQueue-StaleNodeForStaleNodeHandler] INFO  pipeline.SCMPipelineManager (SCMPipelineManager.java:finalizeAndDestroyPipeline(315)) - destroying pipeline:Pipeline[ Id: 9af09692-9440-4e27-890a-17c1022369b3, Nodes: b3a93a1c-bd5d-4647-93a8-f02890694163{ip: 192.168.151.72, host: pr-hdds-2239-t668n-1079239961, networkLocation: /default-rack, certSerialId: null}, Type:RATIS, Factor:ONE, State:OPEN]
2019-10-04 21:28:19,630 [EventQueue-StaleNodeForStaleNodeHandler] INFO  pipeline.PipelineStateManager (PipelineStateManager.java:finalizePipeline(123)) - Pipeline Pipeline[ Id: 9af09692-9440-4e27-890a-17c1022369b3, Nodes: b3a93a1c-bd5d-4647-93a8-f02890694163{ip: 192.168.151.72, host: pr-hdds-2239-t668n-1079239961, networkLocation: /default-rack, certSerialId: null}, Type:RATIS, Factor:ONE, State:CLOSED] moved to CLOSED state
2019-10-04 21:28:19,744 [grpc-default-executor-12] WARN  server.GrpcLogAppender (LogUtils.java:warn(134)) - aef531bd-6946-4f65-aff1-2034fa836c06@group-B46CC0D4AE81->85482a46-d908-46a3-b4f7-930495164df5-AppendLogResponseHandler: Failed appendEntries: org.apache.ratis.thirdparty.io.grpc.StatusRuntimeException: UNAVAILABLE: io exception
2019-10-04 21:28:19,744 [grpc-default-executor-2] WARN  server.GrpcLogAppender (LogUtils.java:warn(134)) - aef531bd-6946-4f65-aff1-2034fa836c06@group-B46CC0D4AE81->b3a93a1c-bd5d-4647-93a8-f02890694163-AppendLogResponseHandler: Failed appendEntries: org.apache.ratis.thirdparty.io.grpc.StatusRuntimeException: UNAVAILABLE: io exception
2019-10-04 21:28:19,749 [grpc-default-executor-12] INFO  impl.FollowerInfo (FollowerInfo.java:lambda$new$0(51)) - aef531bd-6946-4f65-aff1-2034fa836c06@group-B46CC0D4AE81->85482a46-d908-46a3-b4f7-930495164df5: nextIndex: updateUnconditionally 0 -> 0
2019-10-04 21:28:19,749 [grpc-default-executor-2] INFO  impl.FollowerInfo (FollowerInfo.java:lambda$new$0(51)) - aef531bd-6946-4f65-aff1-2034fa836c06@group-B46CC0D4AE81->b3a93a1c-bd5d-4647-93a8-f02890694163: nextIndex: updateUnconditionally 0 -> 0
2019-10-04 21:28:22,246 [grpc-default-executor-8] WARN  server.GrpcLogAppender (LogUtils.java:warn(134)) - aef531bd-6946-4f65-aff1-2034fa836c06@group-B46CC0D4AE81->b3a93a1c-bd5d-4647-93a8-f02890694163-AppendLogResponseHandler: Failed appendEntries: org.apache.ratis.thirdparty.io.grpc.StatusRuntimeException: UNAVAILABLE: io exception
2019-10-04 21:28:22,246 [grpc-default-executor-2] WARN  server.GrpcLogAppender (LogUtils.java:warn(134)) - aef531bd-6946-4f65-aff1-2034fa836c06@group-B46CC0D4AE81->85482a46-d908-46a3-b4f7-930495164df5-AppendLogResponseHandler: Failed appendEntries: org.apache.ratis.thirdparty.io.grpc.StatusRuntimeException: UNAVAILABLE: io exception
2019-10-04 21:28:22,247 [grpc-default-executor-8] INFO  impl.FollowerInfo (FollowerInfo.java:lambda$new$0(51)) - aef531bd-6946-4f65-aff1-2034fa836c06@group-B46CC0D4AE81->b3a93a1c-bd5d-4647-93a8-f02890694163: nextIndex: updateUnconditionally 0 -> 0
2019-10-04 21:28:22,247 [grpc-default-executor-2] INFO  impl.FollowerInfo (FollowerInfo.java:lambda$new$0(51)) - aef531bd-6946-4f65-aff1-2034fa836c06@group-B46CC0D4AE81->85482a46-d908-46a3-b4f7-930495164df5: nextIndex: updateUnconditionally 0 -> 0
2019-10-04 21:28:23,950 [Thread-2431] INFO  impl.FollowerState (FollowerState.java:run(108)) - 117e6173-3a16-4e4f-95c1-02e2385318dd@group-59DCCDE7E53C-FollowerState: change to CANDIDATE, lastRpcTime:9837ms, electionTimeout:5143ms
2019-10-04 21:28:23,950 [Thread-2431] INFO  impl.RoleInfo (RoleInfo.java:shutdownFollowerState(121)) - 117e6173-3a16-4e4f-95c1-02e2385318dd: shutdown FollowerState
2019-10-04 21:28:23,951 [Thread-2431] INFO  impl.RaftServerImpl (RaftServerImpl.java:setRole(170)) - 117e6173-3a16-4e4f-95c1-02e2385318dd@group-59DCCDE7E53C: changes role from  FOLLOWER to CANDIDATE at term 1 for changeToCandidate
2019-10-04 21:28:23,951 [Thread-2431] INFO  impl.RoleInfo (RoleInfo.java:updateAndGet(143)) - 117e6173-3a16-4e4f-95c1-02e2385318dd: start LeaderElection
2019-10-04 21:28:23,957 [117e6173-3a16-4e4f-95c1-02e2385318dd@group-59DCCDE7E53C-LeaderElection67] INFO  impl.RaftServerImpl (ServerState.java:setLeader(255)) - 117e6173-3a16-4e4f-95c1-02e2385318dd@group-59DCCDE7E53C: change Leader from 76f8dd46-7a49-4c28-b6d4-c158c8440244 to null at term 1 for initElection
2019-10-04 21:28:23,971 [117e6173-3a16-4e4f-95c1-02e2385318dd@group-59DCCDE7E53C-LeaderElection67] INFO  impl.LeaderElection (LeaderElection.java:askForVotes(178)) - 117e6173-3a16-4e4f-95c1-02e2385318dd@group-59DCCDE7E53C-LeaderElection67: begin an election at term 2 for 0: [117e6173-3a16-4e4f-95c1-02e2385318dd:192.168.151.72:37596, d68b6e22-9ed6-46cb-902d-288bc38a3b75:192.168.151.72:35524, 76f8dd46-7a49-4c28-b6d4-c158c8440244:192.168.151.72:45621], old=null
2019-10-04 21:28:23,974 [117e6173-3a16-4e4f-95c1-02e2385318dd@group-59DCCDE7E53C-LeaderElection67] INFO  impl.LeaderElection (LogUtils.java:infoOrTrace(149)) - 117e6173-3a16-4e4f-95c1-02e2385318dd@group-59DCCDE7E53C-LeaderElection67 got exception when requesting votes: {}
java.util.concurrent.ExecutionException: org.apache.ratis.thirdparty.io.grpc.StatusRuntimeException: UNAVAILABLE: io exception
	at java.util.concurrent.FutureTask.report(FutureTask.java:122)
	at java.util.concurrent.FutureTask.get(FutureTask.java:192)
	at org.apache.ratis.server.impl.LeaderElection.waitForResults(LeaderElection.java:259)
	at org.apache.ratis.server.impl.LeaderElection.askForVotes(LeaderElection.java:197)
	at org.apache.ratis.server.impl.LeaderElection.run(LeaderElection.java:133)
	at java.lang.Thread.run(Thread.java:748)
Caused by: org.apache.ratis.thirdparty.io.grpc.StatusRuntimeException: UNAVAILABLE: io exception
	at org.apache.ratis.thirdparty.io.grpc.stub.ClientCalls.toStatusRuntimeException(ClientCalls.java:233)
	at org.apache.ratis.thirdparty.io.grpc.stub.ClientCalls.getUnchecked(ClientCalls.java:214)
	at org.apache.ratis.thirdparty.io.grpc.stub.ClientCalls.blockingUnaryCall(ClientCalls.java:139)
	at org.apache.ratis.proto.grpc.RaftServerProtocolServiceGrpc$RaftServerProtocolServiceBlockingStub.requestVote(RaftServerProtocolServiceGrpc.java:265)
	at org.apache.ratis.grpc.server.GrpcServerProtocolClient.requestVote(GrpcServerProtocolClient.java:99)
	at org.apache.ratis.grpc.server.GrpcService.requestVote(GrpcService.java:204)
	at org.apache.ratis.server.impl.LeaderElection.lambda$submitRequests$1(LeaderElection.java:234)
	at java.util.concurrent.FutureTask.run(FutureTask.java:266)
	at java.util.concurrent.Executors$RunnableAdapter.call(Executors.java:511)
	at java.util.concurrent.FutureTask.run(FutureTask.java:266)
	at java.util.concurrent.ThreadPoolExecutor.runWorker(ThreadPoolExecutor.java:1149)
	at java.util.concurrent.ThreadPoolExecutor$Worker.run(ThreadPoolExecutor.java:624)
	... 1 more
Caused by: org.apache.ratis.thirdparty.io.netty.channel.AbstractChannel$AnnotatedConnectException: Connection refused: /192.168.151.72:45621
	at sun.nio.ch.SocketChannelImpl.checkConnect(Native Method)
	at sun.nio.ch.SocketChannelImpl.finishConnect(SocketChannelImpl.java:717)
	at org.apache.ratis.thirdparty.io.netty.channel.socket.nio.NioSocketChannel.doFinishConnect(NioSocketChannel.java:327)
	at org.apache.ratis.thirdparty.io.netty.channel.nio.AbstractNioChannel$AbstractNioUnsafe.finishConnect(AbstractNioChannel.java:340)
	at org.apache.ratis.thirdparty.io.netty.channel.nio.NioEventLoop.processSelectedKey(NioEventLoop.java:632)
	at org.apache.ratis.thirdparty.io.netty.channel.nio.NioEventLoop.processSelectedKeysOptimized(NioEventLoop.java:579)
	at org.apache.ratis.thirdparty.io.netty.channel.nio.NioEventLoop.processSelectedKeys(NioEventLoop.java:496)
	at org.apache.ratis.thirdparty.io.netty.channel.nio.NioEventLoop.run(NioEventLoop.java:458)
	at org.apache.ratis.thirdparty.io.netty.util.concurrent.SingleThreadEventExecutor$5.run(SingleThreadEventExecutor.java:897)
	at org.apache.ratis.thirdparty.io.netty.util.concurrent.FastThreadLocalRunnable.run(FastThreadLocalRunnable.java:30)
	... 1 more
Caused by: java.net.ConnectException: Connection refused
	... 11 more
2019-10-04 21:28:24,003 [Thread-2439] INFO  impl.FollowerState (FollowerState.java:run(108)) - d68b6e22-9ed6-46cb-902d-288bc38a3b75@group-59DCCDE7E53C-FollowerState: change to CANDIDATE, lastRpcTime:9892ms, electionTimeout:5179ms
2019-10-04 21:28:24,004 [Thread-2439] INFO  impl.RoleInfo (RoleInfo.java:shutdownFollowerState(121)) - d68b6e22-9ed6-46cb-902d-288bc38a3b75: shutdown FollowerState
2019-10-04 21:28:24,004 [Thread-2439] INFO  impl.RaftServerImpl (RaftServerImpl.java:setRole(170)) - d68b6e22-9ed6-46cb-902d-288bc38a3b75@group-59DCCDE7E53C: changes role from  FOLLOWER to CANDIDATE at term 1 for changeToCandidate
2019-10-04 21:28:24,004 [Thread-2439] INFO  impl.RoleInfo (RoleInfo.java:updateAndGet(143)) - d68b6e22-9ed6-46cb-902d-288bc38a3b75: start LeaderElection
2019-10-04 21:28:24,010 [d68b6e22-9ed6-46cb-902d-288bc38a3b75@group-59DCCDE7E53C-LeaderElection68] INFO  impl.RaftServerImpl (ServerState.java:setLeader(255)) - d68b6e22-9ed6-46cb-902d-288bc38a3b75@group-59DCCDE7E53C: change Leader from 76f8dd46-7a49-4c28-b6d4-c158c8440244 to null at term 1 for initElection
2019-10-04 21:28:24,027 [d68b6e22-9ed6-46cb-902d-288bc38a3b75@group-59DCCDE7E53C-LeaderElection68] INFO  impl.LeaderElection (LeaderElection.java:askForVotes(178)) - d68b6e22-9ed6-46cb-902d-288bc38a3b75@group-59DCCDE7E53C-LeaderElection68: begin an election at term 2 for 0: [117e6173-3a16-4e4f-95c1-02e2385318dd:192.168.151.72:37596, d68b6e22-9ed6-46cb-902d-288bc38a3b75:192.168.151.72:35524, 76f8dd46-7a49-4c28-b6d4-c158c8440244:192.168.151.72:45621], old=null
2019-10-04 21:28:24,029 [117e6173-3a16-4e4f-95c1-02e2385318dd@group-59DCCDE7E53C-LeaderElection67] INFO  impl.LeaderElection (LeaderElection.java:logAndReturn(56)) - 117e6173-3a16-4e4f-95c1-02e2385318dd@group-59DCCDE7E53C-LeaderElection67: Election REJECTED; received 1 response(s) [117e6173-3a16-4e4f-95c1-02e2385318dd<-d68b6e22-9ed6-46cb-902d-288bc38a3b75#0:FAIL-t2] and 1 exception(s); 117e6173-3a16-4e4f-95c1-02e2385318dd@group-59DCCDE7E53C:t2, leader=null, voted=117e6173-3a16-4e4f-95c1-02e2385318dd, raftlog=117e6173-3a16-4e4f-95c1-02e2385318dd@group-59DCCDE7E53C-SegmentedRaftLog:OPENED:c2,f2,i2, conf=0: [117e6173-3a16-4e4f-95c1-02e2385318dd:192.168.151.72:37596, d68b6e22-9ed6-46cb-902d-288bc38a3b75:192.168.151.72:35524, 76f8dd46-7a49-4c28-b6d4-c158c8440244:192.168.151.72:45621], old=null
2019-10-04 21:28:24,029 [117e6173-3a16-4e4f-95c1-02e2385318dd@group-59DCCDE7E53C-LeaderElection67] INFO  impl.LeaderElection (LogUtils.java:infoOrTrace(149)) -   Exception 0: {}
java.util.concurrent.ExecutionException: org.apache.ratis.thirdparty.io.grpc.StatusRuntimeException: UNAVAILABLE: io exception
	at java.util.concurrent.FutureTask.report(FutureTask.java:122)
	at java.util.concurrent.FutureTask.get(FutureTask.java:192)
	at org.apache.ratis.server.impl.LeaderElection.waitForResults(LeaderElection.java:259)
	at org.apache.ratis.server.impl.LeaderElection.askForVotes(LeaderElection.java:197)
	at org.apache.ratis.server.impl.LeaderElection.run(LeaderElection.java:133)
	at java.lang.Thread.run(Thread.java:748)
Caused by: org.apache.ratis.thirdparty.io.grpc.StatusRuntimeException: UNAVAILABLE: io exception
	at org.apache.ratis.thirdparty.io.grpc.stub.ClientCalls.toStatusRuntimeException(ClientCalls.java:233)
	at org.apache.ratis.thirdparty.io.grpc.stub.ClientCalls.getUnchecked(ClientCalls.java:214)
	at org.apache.ratis.thirdparty.io.grpc.stub.ClientCalls.blockingUnaryCall(ClientCalls.java:139)
	at org.apache.ratis.proto.grpc.RaftServerProtocolServiceGrpc$RaftServerProtocolServiceBlockingStub.requestVote(RaftServerProtocolServiceGrpc.java:265)
	at org.apache.ratis.grpc.server.GrpcServerProtocolClient.requestVote(GrpcServerProtocolClient.java:99)
	at org.apache.ratis.grpc.server.GrpcService.requestVote(GrpcService.java:204)
	at org.apache.ratis.server.impl.LeaderElection.lambda$submitRequests$1(LeaderElection.java:234)
	at java.util.concurrent.FutureTask.run(FutureTask.java:266)
	at java.util.concurrent.Executors$RunnableAdapter.call(Executors.java:511)
	at java.util.concurrent.FutureTask.run(FutureTask.java:266)
	at java.util.concurrent.ThreadPoolExecutor.runWorker(ThreadPoolExecutor.java:1149)
	at java.util.concurrent.ThreadPoolExecutor$Worker.run(ThreadPoolExecutor.java:624)
	... 1 more
Caused by: org.apache.ratis.thirdparty.io.netty.channel.AbstractChannel$AnnotatedConnectException: Connection refused: /192.168.151.72:45621
	at sun.nio.ch.SocketChannelImpl.checkConnect(Native Method)
	at sun.nio.ch.SocketChannelImpl.finishConnect(SocketChannelImpl.java:717)
	at org.apache.ratis.thirdparty.io.netty.channel.socket.nio.NioSocketChannel.doFinishConnect(NioSocketChannel.java:327)
	at org.apache.ratis.thirdparty.io.netty.channel.nio.AbstractNioChannel$AbstractNioUnsafe.finishConnect(AbstractNioChannel.java:340)
	at org.apache.ratis.thirdparty.io.netty.channel.nio.NioEventLoop.processSelectedKey(NioEventLoop.java:632)
	at org.apache.ratis.thirdparty.io.netty.channel.nio.NioEventLoop.processSelectedKeysOptimized(NioEventLoop.java:579)
	at org.apache.ratis.thirdparty.io.netty.channel.nio.NioEventLoop.processSelectedKeys(NioEventLoop.java:496)
	at org.apache.ratis.thirdparty.io.netty.channel.nio.NioEventLoop.run(NioEventLoop.java:458)
	at org.apache.ratis.thirdparty.io.netty.util.concurrent.SingleThreadEventExecutor$5.run(SingleThreadEventExecutor.java:897)
	at org.apache.ratis.thirdparty.io.netty.util.concurrent.FastThreadLocalRunnable.run(FastThreadLocalRunnable.java:30)
	... 1 more
Caused by: java.net.ConnectException: Connection refused
	... 11 more
2019-10-04 21:28:24,029 [117e6173-3a16-4e4f-95c1-02e2385318dd@group-59DCCDE7E53C-LeaderElection67] INFO  impl.RaftServerImpl (RaftServerImpl.java:setRole(170)) - 117e6173-3a16-4e4f-95c1-02e2385318dd@group-59DCCDE7E53C: changes role from CANDIDATE to FOLLOWER at term 2 for DISCOVERED_A_NEW_TERM
2019-10-04 21:28:24,029 [117e6173-3a16-4e4f-95c1-02e2385318dd@group-59DCCDE7E53C-LeaderElection67] INFO  impl.RoleInfo (RoleInfo.java:shutdownLeaderElection(134)) - 117e6173-3a16-4e4f-95c1-02e2385318dd: shutdown LeaderElection
2019-10-04 21:28:24,029 [d68b6e22-9ed6-46cb-902d-288bc38a3b75@group-59DCCDE7E53C-LeaderElection68] INFO  impl.LeaderElection (LogUtils.java:infoOrTrace(149)) - d68b6e22-9ed6-46cb-902d-288bc38a3b75@group-59DCCDE7E53C-LeaderElection68 got exception when requesting votes: {}
java.util.concurrent.ExecutionException: org.apache.ratis.thirdparty.io.grpc.StatusRuntimeException: UNAVAILABLE: io exception
	at java.util.concurrent.FutureTask.report(FutureTask.java:122)
	at java.util.concurrent.FutureTask.get(FutureTask.java:192)
	at org.apache.ratis.server.impl.LeaderElection.waitForResults(LeaderElection.java:259)
	at org.apache.ratis.server.impl.LeaderElection.askForVotes(LeaderElection.java:197)
	at org.apache.ratis.server.impl.LeaderElection.run(LeaderElection.java:133)
	at java.lang.Thread.run(Thread.java:748)
Caused by: org.apache.ratis.thirdparty.io.grpc.StatusRuntimeException: UNAVAILABLE: io exception
	at org.apache.ratis.thirdparty.io.grpc.stub.ClientCalls.toStatusRuntimeException(ClientCalls.java:233)
	at org.apache.ratis.thirdparty.io.grpc.stub.ClientCalls.getUnchecked(ClientCalls.java:214)
	at org.apache.ratis.thirdparty.io.grpc.stub.ClientCalls.blockingUnaryCall(ClientCalls.java:139)
	at org.apache.ratis.proto.grpc.RaftServerProtocolServiceGrpc$RaftServerProtocolServiceBlockingStub.requestVote(RaftServerProtocolServiceGrpc.java:265)
	at org.apache.ratis.grpc.server.GrpcServerProtocolClient.requestVote(GrpcServerProtocolClient.java:99)
	at org.apache.ratis.grpc.server.GrpcService.requestVote(GrpcService.java:204)
	at org.apache.ratis.server.impl.LeaderElection.lambda$submitRequests$1(LeaderElection.java:234)
	at java.util.concurrent.FutureTask.run(FutureTask.java:266)
	at java.util.concurrent.Executors$RunnableAdapter.call(Executors.java:511)
	at java.util.concurrent.FutureTask.run(FutureTask.java:266)
	at java.util.concurrent.ThreadPoolExecutor.runWorker(ThreadPoolExecutor.java:1149)
	at java.util.concurrent.ThreadPoolExecutor$Worker.run(ThreadPoolExecutor.java:624)
	... 1 more
Caused by: org.apache.ratis.thirdparty.io.netty.channel.AbstractChannel$AnnotatedConnectException: Connection refused: /192.168.151.72:45621
	at sun.nio.ch.SocketChannelImpl.checkConnect(Native Method)
	at sun.nio.ch.SocketChannelImpl.finishConnect(SocketChannelImpl.java:717)
	at org.apache.ratis.thirdparty.io.netty.channel.socket.nio.NioSocketChannel.doFinishConnect(NioSocketChannel.java:327)
	at org.apache.ratis.thirdparty.io.netty.channel.nio.AbstractNioChannel$AbstractNioUnsafe.finishConnect(AbstractNioChannel.java:340)
	at org.apache.ratis.thirdparty.io.netty.channel.nio.NioEventLoop.processSelectedKey(NioEventLoop.java:632)
	at org.apache.ratis.thirdparty.io.netty.channel.nio.NioEventLoop.processSelectedKeysOptimized(NioEventLoop.java:579)
	at org.apache.ratis.thirdparty.io.netty.channel.nio.NioEventLoop.processSelectedKeys(NioEventLoop.java:496)
	at org.apache.ratis.thirdparty.io.netty.channel.nio.NioEventLoop.run(NioEventLoop.java:458)
	at org.apache.ratis.thirdparty.io.netty.util.concurrent.SingleThreadEventExecutor$5.run(SingleThreadEventExecutor.java:897)
	at org.apache.ratis.thirdparty.io.netty.util.concurrent.FastThreadLocalRunnable.run(FastThreadLocalRunnable.java:30)
	... 1 more
Caused by: java.net.ConnectException: Connection refused
	... 11 more
2019-10-04 21:28:24,037 [117e6173-3a16-4e4f-95c1-02e2385318dd@group-59DCCDE7E53C-LeaderElection67] INFO  impl.RoleInfo (RoleInfo.java:updateAndGet(143)) - 117e6173-3a16-4e4f-95c1-02e2385318dd: start FollowerState
2019-10-04 21:28:24,038 [d68b6e22-9ed6-46cb-902d-288bc38a3b75@group-59DCCDE7E53C-LeaderElection68] INFO  impl.LeaderElection (LeaderElection.java:logAndReturn(56)) - d68b6e22-9ed6-46cb-902d-288bc38a3b75@group-59DCCDE7E53C-LeaderElection68: Election REJECTED; received 1 response(s) [d68b6e22-9ed6-46cb-902d-288bc38a3b75<-117e6173-3a16-4e4f-95c1-02e2385318dd#0:FAIL-t2] and 1 exception(s); d68b6e22-9ed6-46cb-902d-288bc38a3b75@group-59DCCDE7E53C:t2, leader=null, voted=d68b6e22-9ed6-46cb-902d-288bc38a3b75, raftlog=d68b6e22-9ed6-46cb-902d-288bc38a3b75@group-59DCCDE7E53C-SegmentedRaftLog:OPENED:c2,f2,i2, conf=0: [117e6173-3a16-4e4f-95c1-02e2385318dd:192.168.151.72:37596, d68b6e22-9ed6-46cb-902d-288bc38a3b75:192.168.151.72:35524, 76f8dd46-7a49-4c28-b6d4-c158c8440244:192.168.151.72:45621], old=null
2019-10-04 21:28:24,038 [d68b6e22-9ed6-46cb-902d-288bc38a3b75@group-59DCCDE7E53C-LeaderElection68] INFO  impl.LeaderElection (LogUtils.java:infoOrTrace(149)) -   Exception 0: {}
java.util.concurrent.ExecutionException: org.apache.ratis.thirdparty.io.grpc.StatusRuntimeException: UNAVAILABLE: io exception
	at java.util.concurrent.FutureTask.report(FutureTask.java:122)
	at java.util.concurrent.FutureTask.get(FutureTask.java:192)
	at org.apache.ratis.server.impl.LeaderElection.waitForResults(LeaderElection.java:259)
	at org.apache.ratis.server.impl.LeaderElection.askForVotes(LeaderElection.java:197)
	at org.apache.ratis.server.impl.LeaderElection.run(LeaderElection.java:133)
	at java.lang.Thread.run(Thread.java:748)
Caused by: org.apache.ratis.thirdparty.io.grpc.StatusRuntimeException: UNAVAILABLE: io exception
	at org.apache.ratis.thirdparty.io.grpc.stub.ClientCalls.toStatusRuntimeException(ClientCalls.java:233)
	at org.apache.ratis.thirdparty.io.grpc.stub.ClientCalls.getUnchecked(ClientCalls.java:214)
	at org.apache.ratis.thirdparty.io.grpc.stub.ClientCalls.blockingUnaryCall(ClientCalls.java:139)
	at org.apache.ratis.proto.grpc.RaftServerProtocolServiceGrpc$RaftServerProtocolServiceBlockingStub.requestVote(RaftServerProtocolServiceGrpc.java:265)
	at org.apache.ratis.grpc.server.GrpcServerProtocolClient.requestVote(GrpcServerProtocolClient.java:99)
	at org.apache.ratis.grpc.server.GrpcService.requestVote(GrpcService.java:204)
	at org.apache.ratis.server.impl.LeaderElection.lambda$submitRequests$1(LeaderElection.java:234)
	at java.util.concurrent.FutureTask.run(FutureTask.java:266)
	at java.util.concurrent.Executors$RunnableAdapter.call(Executors.java:511)
	at java.util.concurrent.FutureTask.run(FutureTask.java:266)
	at java.util.concurrent.ThreadPoolExecutor.runWorker(ThreadPoolExecutor.java:1149)
	at java.util.concurrent.ThreadPoolExecutor$Worker.run(ThreadPoolExecutor.java:624)
	... 1 more
Caused by: org.apache.ratis.thirdparty.io.netty.channel.AbstractChannel$AnnotatedConnectException: Connection refused: /192.168.151.72:45621
	at sun.nio.ch.SocketChannelImpl.checkConnect(Native Method)
	at sun.nio.ch.SocketChannelImpl.finishConnect(SocketChannelImpl.java:717)
	at org.apache.ratis.thirdparty.io.netty.channel.socket.nio.NioSocketChannel.doFinishConnect(NioSocketChannel.java:327)
	at org.apache.ratis.thirdparty.io.netty.channel.nio.AbstractNioChannel$AbstractNioUnsafe.finishConnect(AbstractNioChannel.java:340)
	at org.apache.ratis.thirdparty.io.netty.channel.nio.NioEventLoop.processSelectedKey(NioEventLoop.java:632)
	at org.apache.ratis.thirdparty.io.netty.channel.nio.NioEventLoop.processSelectedKeysOptimized(NioEventLoop.java:579)
	at org.apache.ratis.thirdparty.io.netty.channel.nio.NioEventLoop.processSelectedKeys(NioEventLoop.java:496)
	at org.apache.ratis.thirdparty.io.netty.channel.nio.NioEventLoop.run(NioEventLoop.java:458)
	at org.apache.ratis.thirdparty.io.netty.util.concurrent.SingleThreadEventExecutor$5.run(SingleThreadEventExecutor.java:897)
	at org.apache.ratis.thirdparty.io.netty.util.concurrent.FastThreadLocalRunnable.run(FastThreadLocalRunnable.java:30)
	... 1 more
Caused by: java.net.ConnectException: Connection refused
	... 11 more
2019-10-04 21:28:24,038 [d68b6e22-9ed6-46cb-902d-288bc38a3b75@group-59DCCDE7E53C-LeaderElection68] INFO  impl.RaftServerImpl (RaftServerImpl.java:setRole(170)) - d68b6e22-9ed6-46cb-902d-288bc38a3b75@group-59DCCDE7E53C: changes role from CANDIDATE to FOLLOWER at term 2 for DISCOVERED_A_NEW_TERM
2019-10-04 21:28:24,039 [d68b6e22-9ed6-46cb-902d-288bc38a3b75@group-59DCCDE7E53C-LeaderElection68] INFO  impl.RoleInfo (RoleInfo.java:shutdownLeaderElection(134)) - d68b6e22-9ed6-46cb-902d-288bc38a3b75: shutdown LeaderElection
2019-10-04 21:28:24,039 [d68b6e22-9ed6-46cb-902d-288bc38a3b75@group-59DCCDE7E53C-LeaderElection68] INFO  impl.RoleInfo (RoleInfo.java:updateAndGet(143)) - d68b6e22-9ed6-46cb-902d-288bc38a3b75: start FollowerState
2019-10-04 21:28:24,746 [grpc-default-executor-11] WARN  server.GrpcLogAppender (LogUtils.java:warn(134)) - aef531bd-6946-4f65-aff1-2034fa836c06@group-B46CC0D4AE81->85482a46-d908-46a3-b4f7-930495164df5-AppendLogResponseHandler: Failed appendEntries: org.apache.ratis.thirdparty.io.grpc.StatusRuntimeException: UNAVAILABLE: io exception
2019-10-04 21:28:24,746 [grpc-default-executor-8] WARN  server.GrpcLogAppender (LogUtils.java:warn(134)) - aef531bd-6946-4f65-aff1-2034fa836c06@group-B46CC0D4AE81->b3a93a1c-bd5d-4647-93a8-f02890694163-AppendLogResponseHandler: Failed appendEntries: org.apache.ratis.thirdparty.io.grpc.StatusRuntimeException: UNAVAILABLE: io exception
2019-10-04 21:28:24,754 [grpc-default-executor-11] INFO  impl.FollowerInfo (FollowerInfo.java:lambda$new$0(51)) - aef531bd-6946-4f65-aff1-2034fa836c06@group-B46CC0D4AE81->85482a46-d908-46a3-b4f7-930495164df5: nextIndex: updateUnconditionally 0 -> 0
2019-10-04 21:28:24,754 [grpc-default-executor-8] INFO  impl.FollowerInfo (FollowerInfo.java:lambda$new$0(51)) - aef531bd-6946-4f65-aff1-2034fa836c06@group-B46CC0D4AE81->b3a93a1c-bd5d-4647-93a8-f02890694163: nextIndex: updateUnconditionally 0 -> 0
]]></system-out>
  </testcase>
</testsuite>