<?xml version="1.0" encoding="UTF-8"?>
<testsuite xmlns:xsi="http://www.w3.org/2001/XMLSchema-instance" xsi:noNamespaceSchemaLocation="https://maven.apache.org/surefire/maven-surefire-plugin/xsd/surefire-test-report.xsd" name="org.apache.hadoop.ozone.client.rpc.TestDeleteWithSlowFollower" time="145.927" tests="1" errors="0" skipped="0" failures="1">
  <properties>
    <property name="awt.toolkit" value="sun.awt.X11.XToolkit"/>
    <property name="file.encoding.pkg" value="sun.io"/>
    <property name="java.specification.version" value="1.8"/>
    <property name="sun.cpu.isalist" value=""/>
    <property name="sun.jnu.encoding" value="ANSI_X3.4-1968"/>
    <property name="java.class.path" value="/workdir/hadoop-ozone/integration-test/target/test-classes:/workdir/hadoop-ozone/integration-test/target/classes:/home/user/.m2/repository/org/apache/hadoop/hadoop-ozone-common/0.5.0-SNAPSHOT/hadoop-ozone-common-0.5.0-SNAPSHOT.jar:/home/user/.m2/repository/org/apache/commons/commons-compress/1.4.1/commons-compress-1.4.1.jar:/home/user/.m2/repository/org/tukaani/xz/1.0/xz-1.0.jar:/home/user/.m2/repository/org/apache/hadoop/hadoop-common/3.2.0/hadoop-common-3.2.0.jar:/home/user/.m2/repository/org/apache/hadoop/hadoop-hdfs/3.2.0/hadoop-hdfs-3.2.0.jar:/home/user/.m2/repository/org/apache/hadoop/hadoop-hdfs-client/3.2.0/hadoop-hdfs-client-3.2.0.jar:/home/user/.m2/repository/com/fasterxml/jackson/core/jackson-annotations/2.9.9/jackson-annotations-2.9.9.jar:/home/user/.m2/repository/org/apache/hadoop/hadoop-hdds-common/0.5.0-SNAPSHOT/hadoop-hdds-common-0.5.0-SNAPSHOT.jar:/home/user/.m2/repository/javax/annotation/javax.annotation-api/1.2/javax.annotation-api-1.2.jar:/home/user/.m2/repository/org/apache/ratis/ratis-server/0.5.0-3f446aa-SNAPSHOT/ratis-server-0.5.0-3f446aa-SNAPSHOT.jar:/home/user/.m2/repository/org/apache/ratis/ratis-thirdparty-misc/0.2.0/ratis-thirdparty-misc-0.2.0.jar:/home/user/.m2/repository/org/apache/ratis/ratis-proto/0.5.0-3f446aa-SNAPSHOT/ratis-proto-0.5.0-3f446aa-SNAPSHOT.jar:/home/user/.m2/repository/org/apache/ratis/ratis-common/0.5.0-3f446aa-SNAPSHOT/ratis-common-0.5.0-3f446aa-SNAPSHOT.jar:/home/user/.m2/repository/org/apache/ratis/ratis-client/0.5.0-3f446aa-SNAPSHOT/ratis-client-0.5.0-3f446aa-SNAPSHOT.jar:/home/user/.m2/repository/org/apache/ratis/ratis-metrics/0.5.0-3f446aa-SNAPSHOT/ratis-metrics-0.5.0-3f446aa-SNAPSHOT.jar:/home/user/.m2/repository/com/github/joshelser/dropwizard-metrics-hadoop-metrics2-reporter/0.1.2/dropwizard-metrics-hadoop-metrics2-reporter-0.1.2.jar:/home/user/.m2/repository/io/dropwizard/metrics/metrics-jvm/3.2.5/metrics-jvm-3.2.5.jar:/home/user/.m2/repository/io/dropwizard/metrics/metrics-ganglia/3.2.5/metrics-ganglia-3.2.5.jar:/home/user/.m2/repository/info/ganglia/gmetric4j/gmetric4j/1.0.7/gmetric4j-1.0.7.jar:/home/user/.m2/repository/org/apache/ratis/ratis-netty/0.5.0-3f446aa-SNAPSHOT/ratis-netty-0.5.0-3f446aa-SNAPSHOT.jar:/home/user/.m2/repository/org/apache/ratis/ratis-grpc/0.5.0-3f446aa-SNAPSHOT/ratis-grpc-0.5.0-3f446aa-SNAPSHOT.jar:/home/user/.m2/repository/org/rocksdb/rocksdbjni/6.0.1/rocksdbjni-6.0.1.jar:/home/user/.m2/repository/org/apache/logging/log4j/log4j-api/2.11.0/log4j-api-2.11.0.jar:/home/user/.m2/repository/org/apache/logging/log4j/log4j-core/2.11.0/log4j-core-2.11.0.jar:/home/user/.m2/repository/com/lmax/disruptor/3.4.2/disruptor-3.4.2.jar:/home/user/.m2/repository/org/apache/commons/commons-pool2/2.6.0/commons-pool2-2.6.0.jar:/home/user/.m2/repository/org/bouncycastle/bcpkix-jdk15on/1.60/bcpkix-jdk15on-1.60.jar:/home/user/.m2/repository/commons-validator/commons-validator/1.6/commons-validator-1.6.jar:/home/user/.m2/repository/commons-digester/commons-digester/1.8.1/commons-digester-1.8.1.jar:/home/user/.m2/repository/io/jaegertracing/jaeger-client/0.34.0/jaeger-client-0.34.0.jar:/home/user/.m2/repository/io/jaegertracing/jaeger-thrift/0.34.0/jaeger-thrift-0.34.0.jar:/home/user/.m2/repository/org/apache/thrift/libthrift/0.12.0/libthrift-0.12.0.jar:/home/user/.m2/repository/com/squareup/okhttp3/okhttp/3.9.0/okhttp-3.9.0.jar:/home/user/.m2/repository/com/squareup/okio/okio/1.13.0/okio-1.13.0.jar:/home/user/.m2/repository/io/jaegertracing/jaeger-core/0.34.0/jaeger-core-0.34.0.jar:/home/user/.m2/repository/io/jaegertracing/jaeger-tracerresolver/0.34.0/jaeger-tracerresolver-0.34.0.jar:/home/user/.m2/repository/io/opentracing/contrib/opentracing-tracerresolver/0.1.5/opentracing-tracerresolver-0.1.5.jar:/home/user/.m2/repository/io/opentracing/opentracing-util/0.31.0/opentracing-util-0.31.0.jar:/home/user/.m2/repository/io/opentracing/opentracing-api/0.31.0/opentracing-api-0.31.0.jar:/home/user/.m2/repository/io/opentracing/opentracing-noop/0.31.0/opentracing-noop-0.31.0.jar:/home/user/.m2/repository/org/apache/hadoop/hadoop-hdds-server-framework/0.5.0-SNAPSHOT/hadoop-hdds-server-framework-0.5.0-SNAPSHOT.jar:/home/user/.m2/repository/org/apache/hadoop/hadoop-hdds-container-service/0.5.0-SNAPSHOT/hadoop-hdds-container-service-0.5.0-SNAPSHOT.jar:/home/user/.m2/repository/org/apache/hadoop/hadoop-hdds-client/0.5.0-SNAPSHOT/hadoop-hdds-client-0.5.0-SNAPSHOT.jar:/home/user/.m2/repository/org/apache/hadoop/hadoop-hdds-tools/0.5.0-SNAPSHOT/hadoop-hdds-tools-0.5.0-SNAPSHOT.jar:/home/user/.m2/repository/org/apache/hadoop/hadoop-hdds-server-scm/0.5.0-SNAPSHOT/hadoop-hdds-server-scm-0.5.0-SNAPSHOT.jar:/home/user/.m2/repository/org/apache/hadoop/hadoop-hdds-docs/0.5.0-SNAPSHOT/hadoop-hdds-docs-0.5.0-SNAPSHOT.jar:/home/user/.m2/repository/io/dropwizard/metrics/metrics-core/3.2.4/metrics-core-3.2.4.jar:/home/user/.m2/repository/org/hamcrest/hamcrest-all/1.3/hamcrest-all-1.3.jar:/home/user/.m2/repository/org/bouncycastle/bcprov-jdk15on/1.60/bcprov-jdk15on-1.60.jar:/home/user/.m2/repository/info/picocli/picocli/3.9.6/picocli-3.9.6.jar:/home/user/.m2/repository/com/google/protobuf/protobuf-java/2.5.0/protobuf-java-2.5.0.jar:/home/user/.m2/repository/com/google/guava/guava/11.0.2/guava-11.0.2.jar:/home/user/.m2/repository/org/apache/hadoop/hadoop-ozone-ozone-manager/0.5.0-SNAPSHOT/hadoop-ozone-ozone-manager-0.5.0-SNAPSHOT.jar:/home/user/.m2/repository/org/apache/hadoop/hadoop-minikdc/3.2.0/hadoop-minikdc-3.2.0.jar:/home/user/.m2/repository/commons-io/commons-io/2.5/commons-io-2.5.jar:/home/user/.m2/repository/org/apache/kerby/kerb-simplekdc/1.0.1/kerb-simplekdc-1.0.1.jar:/home/user/.m2/repository/org/apache/kerby/kerb-client/1.0.1/kerb-client-1.0.1.jar:/home/user/.m2/repository/org/apache/kerby/kerby-config/1.0.1/kerby-config-1.0.1.jar:/home/user/.m2/repository/org/apache/kerby/kerb-core/1.0.1/kerb-core-1.0.1.jar:/home/user/.m2/repository/org/apache/kerby/kerby-pkix/1.0.1/kerby-pkix-1.0.1.jar:/home/user/.m2/repository/org/apache/kerby/kerby-asn1/1.0.1/kerby-asn1-1.0.1.jar:/home/user/.m2/repository/org/apache/kerby/kerby-util/1.0.1/kerby-util-1.0.1.jar:/home/user/.m2/repository/org/apache/kerby/kerb-common/1.0.1/kerb-common-1.0.1.jar:/home/user/.m2/repository/org/apache/kerby/kerb-crypto/1.0.1/kerb-crypto-1.0.1.jar:/home/user/.m2/repository/org/apache/kerby/kerb-util/1.0.1/kerb-util-1.0.1.jar:/home/user/.m2/repository/org/apache/kerby/token-provider/1.0.1/token-provider-1.0.1.jar:/home/user/.m2/repository/org/apache/kerby/kerb-admin/1.0.1/kerb-admin-1.0.1.jar:/home/user/.m2/repository/org/apache/kerby/kerb-server/1.0.1/kerb-server-1.0.1.jar:/home/user/.m2/repository/org/apache/kerby/kerb-identity/1.0.1/kerb-identity-1.0.1.jar:/home/user/.m2/repository/org/apache/kerby/kerby-xdr/1.0.1/kerby-xdr-1.0.1.jar:/home/user/.m2/repository/org/slf4j/slf4j-log4j12/1.7.25/slf4j-log4j12-1.7.25.jar:/home/user/.m2/repository/org/apache/hadoop/hadoop-ozone-s3gateway/0.5.0-SNAPSHOT/hadoop-ozone-s3gateway-0.5.0-SNAPSHOT.jar:/home/user/.m2/repository/org/jboss/weld/servlet/weld-servlet/2.4.7.Final/weld-servlet-2.4.7.Final.jar:/home/user/.m2/repository/org/glassfish/jersey/containers/jersey-container-servlet-core/2.27/jersey-container-servlet-core-2.27.jar:/home/user/.m2/repository/org/glassfish/hk2/external/javax.inject/2.5.0-b42/javax.inject-2.5.0-b42.jar:/home/user/.m2/repository/org/glassfish/jersey/core/jersey-common/2.27/jersey-common-2.27.jar:/home/user/.m2/repository/org/glassfish/hk2/osgi-resource-locator/1.0.1/osgi-resource-locator-1.0.1.jar:/home/user/.m2/repository/javax/ws/rs/javax.ws.rs-api/2.1/javax.ws.rs-api-2.1.jar:/home/user/.m2/repository/org/glassfish/jersey/ext/cdi/jersey-cdi1x/2.27/jersey-cdi1x-2.27.jar:/home/user/.m2/repository/org/glassfish/jersey/inject/jersey-hk2/2.27/jersey-hk2-2.27.jar:/home/user/.m2/repository/org/glassfish/hk2/hk2-locator/2.5.0-b42/hk2-locator-2.5.0-b42.jar:/home/user/.m2/repository/org/javassist/javassist/3.22.0-CR2/javassist-3.22.0-CR2.jar:/home/user/.m2/repository/org/glassfish/hk2/hk2-api/2.5.0/hk2-api-2.5.0.jar:/home/user/.m2/repository/org/glassfish/hk2/external/jakarta.inject/2.5.0/jakarta.inject-2.5.0.jar:/home/user/.m2/repository/org/glassfish/hk2/hk2-utils/2.5.0/hk2-utils-2.5.0.jar:/home/user/.m2/repository/jakarta/annotation/jakarta.annotation-api/1.3.4/jakarta.annotation-api-1.3.4.jar:/home/user/.m2/repository/org/glassfish/hk2/external/aopalliance-repackaged/2.5.0/aopalliance-repackaged-2.5.0.jar:/home/user/.m2/repository/com/fasterxml/jackson/dataformat/jackson-dataformat-xml/2.9.0/jackson-dataformat-xml-2.9.0.jar:/home/user/.m2/repository/com/fasterxml/jackson/core/jackson-core/2.9.9/jackson-core-2.9.9.jar:/home/user/.m2/repository/com/fasterxml/jackson/module/jackson-module-jaxb-annotations/2.9.9/jackson-module-jaxb-annotations-2.9.9.jar:/home/user/.m2/repository/javax/enterprise/cdi-api/1.2/cdi-api-1.2.jar:/home/user/.m2/repository/javax/el/javax.el-api/3.0.0/javax.el-api-3.0.0.jar:/home/user/.m2/repository/javax/interceptor/javax.interceptor-api/1.2/javax.interceptor-api-1.2.jar:/home/user/.m2/repository/javax/inject/javax.inject/1/javax.inject-1.jar:/home/user/.m2/repository/com/sun/xml/bind/jaxb-impl/2.3.0.1/jaxb-impl-2.3.0.1.jar:/home/user/.m2/repository/com/sun/xml/bind/jaxb-core/2.3.0.1/jaxb-core-2.3.0.1.jar:/home/user/.m2/repository/javax/xml/bind/jaxb-api/2.3.0/jaxb-api-2.3.0.jar:/home/user/.m2/repository/javax/activation/activation/1.1.1/activation-1.1.1.jar:/home/user/.m2/repository/org/apache/hadoop/hadoop-ozone-csi/0.5.0-SNAPSHOT/hadoop-ozone-csi-0.5.0-SNAPSHOT.jar:/home/user/.m2/repository/com/google/protobuf/protobuf-java-util/3.5.1/protobuf-java-util-3.5.1.jar:/home/user/.m2/repository/org/apache/hadoop/hadoop-hdds-config/0.5.0-SNAPSHOT/hadoop-hdds-config-0.5.0-SNAPSHOT.jar:/home/user/.m2/repository/io/grpc/grpc-netty/1.17.1/grpc-netty-1.17.1.jar:/home/user/.m2/repository/io/grpc/grpc-core/1.17.1/grpc-core-1.17.1.jar:/home/user/.m2/repository/io/grpc/grpc-context/1.17.1/grpc-context-1.17.1.jar:/home/user/.m2/repository/com/google/errorprone/error_prone_annotations/2.2.0/error_prone_annotations-2.2.0.jar:/home/user/.m2/repository/org/codehaus/mojo/animal-sniffer-annotations/1.17/animal-sniffer-annotations-1.17.jar:/home/user/.m2/repository/io/opencensus/opencensus-api/0.17.0/opencensus-api-0.17.0.jar:/home/user/.m2/repository/io/opencensus/opencensus-contrib-grpc-metrics/0.17.0/opencensus-contrib-grpc-metrics-0.17.0.jar:/home/user/.m2/repository/io/netty/netty-codec-http2/4.1.30.Final/netty-codec-http2-4.1.30.Final.jar:/home/user/.m2/repository/io/netty/netty-codec-http/4.1.30.Final/netty-codec-http-4.1.30.Final.jar:/home/user/.m2/repository/io/netty/netty-codec/4.1.30.Final/netty-codec-4.1.30.Final.jar:/home/user/.m2/repository/io/netty/netty-handler/4.1.30.Final/netty-handler-4.1.30.Final.jar:/home/user/.m2/repository/io/netty/netty-handler-proxy/4.1.30.Final/netty-handler-proxy-4.1.30.Final.jar:/home/user/.m2/repository/io/netty/netty-codec-socks/4.1.30.Final/netty-codec-socks-4.1.30.Final.jar:/home/user/.m2/repository/io/netty/netty-transport-native-epoll/4.1.30.Final/netty-transport-native-epoll-4.1.30.Final.jar:/home/user/.m2/repository/io/netty/netty-common/4.1.30.Final/netty-common-4.1.30.Final.jar:/home/user/.m2/repository/io/netty/netty-buffer/4.1.30.Final/netty-buffer-4.1.30.Final.jar:/home/user/.m2/repository/io/netty/netty-transport/4.1.30.Final/netty-transport-4.1.30.Final.jar:/home/user/.m2/repository/io/netty/netty-resolver/4.1.30.Final/netty-resolver-4.1.30.Final.jar:/home/user/.m2/repository/io/netty/netty-transport-native-unix-common/4.1.30.Final/netty-transport-native-unix-common-4.1.30.Final.jar:/home/user/.m2/repository/io/grpc/grpc-protobuf/1.17.1/grpc-protobuf-1.17.1.jar:/home/user/.m2/repository/com/google/api/grpc/proto-google-common-protos/1.0.0/proto-google-common-protos-1.0.0.jar:/home/user/.m2/repository/io/grpc/grpc-protobuf-lite/1.17.1/grpc-protobuf-lite-1.17.1.jar:/home/user/.m2/repository/io/grpc/grpc-stub/1.17.1/grpc-stub-1.17.1.jar:/home/user/.m2/repository/org/apache/hadoop/hadoop-ozone-recon/0.5.0-SNAPSHOT/hadoop-ozone-recon-0.5.0-SNAPSHOT.jar:/home/user/.m2/repository/org/apache/hadoop/hadoop-ozone-reconcodegen/0.5.0-SNAPSHOT/hadoop-ozone-reconcodegen-0.5.0-SNAPSHOT.jar:/home/user/.m2/repository/com/google/inject/extensions/guice-multibindings/4.0/guice-multibindings-4.0.jar:/home/user/.m2/repository/com/google/inject/guice/4.0/guice-4.0.jar:/home/user/.m2/repository/aopalliance/aopalliance/1.0/aopalliance-1.0.jar:/home/user/.m2/repository/com/google/inject/extensions/guice-servlet/4.0/guice-servlet-4.0.jar:/home/user/.m2/repository/org/glassfish/jersey/containers/jersey-container-servlet/2.27/jersey-container-servlet-2.27.jar:/home/user/.m2/repository/org/glassfish/hk2/guice-bridge/2.5.0/guice-bridge-2.5.0.jar:/home/user/.m2/repository/org/glassfish/jersey/core/jersey-server/2.27/jersey-server-2.27.jar:/home/user/.m2/repository/org/glassfish/jersey/core/jersey-client/2.27/jersey-client-2.27.jar:/home/user/.m2/repository/org/glassfish/jersey/media/jersey-media-jaxb/2.27/jersey-media-jaxb-2.27.jar:/home/user/.m2/repository/javax/validation/validation-api/1.1.0.Final/validation-api-1.1.0.Final.jar:/home/user/.m2/repository/org/glassfish/jersey/media/jersey-media-json-jackson/2.27/jersey-media-json-jackson-2.27.jar:/home/user/.m2/repository/org/glassfish/jersey/ext/jersey-entity-filtering/2.27/jersey-entity-filtering-2.27.jar:/home/user/.m2/repository/com/google/inject/extensions/guice-assistedinject/4.0/guice-assistedinject-4.0.jar:/home/user/.m2/repository/org/jooq/jooq/3.11.10/jooq-3.11.10.jar:/home/user/.m2/repository/org/jooq/jooq-meta/3.11.10/jooq-meta-3.11.10.jar:/home/user/.m2/repository/org/jooq/jooq-codegen/3.11.10/jooq-codegen-3.11.10.jar:/home/user/.m2/repository/com/jolbox/bonecp/0.8.0.RELEASE/bonecp-0.8.0.RELEASE.jar:/home/user/.m2/repository/org/xerial/sqlite-jdbc/3.25.2/sqlite-jdbc-3.25.2.jar:/home/user/.m2/repository/org/springframework/spring-jdbc/5.1.3.RELEASE/spring-jdbc-5.1.3.RELEASE.jar:/home/user/.m2/repository/org/springframework/spring-beans/5.1.3.RELEASE/spring-beans-5.1.3.RELEASE.jar:/home/user/.m2/repository/org/springframework/spring-core/5.1.3.RELEASE/spring-core-5.1.3.RELEASE.jar:/home/user/.m2/repository/org/springframework/spring-jcl/5.1.3.RELEASE/spring-jcl-5.1.3.RELEASE.jar:/home/user/.m2/repository/org/springframework/spring-tx/5.1.3.RELEASE/spring-tx-5.1.3.RELEASE.jar:/home/user/.m2/repository/org/apache/hadoop/hadoop-ozone-client/0.5.0-SNAPSHOT/hadoop-ozone-client-0.5.0-SNAPSHOT.jar:/home/user/.m2/repository/commons-lang/commons-lang/2.6/commons-lang-2.6.jar:/home/user/.m2/repository/org/apache/hadoop/hadoop-ozone-ozone-manager/0.5.0-SNAPSHOT/hadoop-ozone-ozone-manager-0.5.0-SNAPSHOT-tests.jar:/home/user/.m2/repository/junit/junit/4.11/junit-4.11.jar:/home/user/.m2/repository/org/hamcrest/hamcrest-core/1.3/hamcrest-core-1.3.jar:/home/user/.m2/repository/org/openjdk/jmh/jmh-core/1.19/jmh-core-1.19.jar:/home/user/.m2/repository/net/sf/jopt-simple/jopt-simple/4.6/jopt-simple-4.6.jar:/home/user/.m2/repository/org/apache/commons/commons-math3/3.1.1/commons-math3-3.1.1.jar:/home/user/.m2/repository/org/openjdk/jmh/jmh-generator-annprocess/1.19/jmh-generator-annprocess-1.19.jar:/home/user/.m2/repository/org/mockito/mockito-all/1.8.5/mockito-all-1.8.5.jar:/home/user/.m2/repository/org/apache/hadoop/hadoop-kms/3.2.0/hadoop-kms-3.2.0.jar:/home/user/.m2/repository/org/apache/hadoop/hadoop-auth/3.2.0/hadoop-auth-3.2.0.jar:/home/user/.m2/repository/com/nimbusds/nimbus-jose-jwt/4.41.1/nimbus-jose-jwt-4.41.1.jar:/home/user/.m2/repository/com/github/stephenc/jcip/jcip-annotations/1.0-1/jcip-annotations-1.0-1.jar:/home/user/.m2/repository/net/minidev/json-smart/2.3/json-smart-2.3.jar:/home/user/.m2/repository/net/minidev/accessors-smart/1.2/accessors-smart-1.2.jar:/home/user/.m2/repository/org/ow2/asm/asm/5.0.4/asm-5.0.4.jar:/home/user/.m2/repository/org/apache/curator/curator-framework/2.12.0/curator-framework-2.12.0.jar:/home/user/.m2/repository/com/sun/jersey/jersey-core/1.19/jersey-core-1.19.jar:/home/user/.m2/repository/javax/ws/rs/jsr311-api/1.1.1/jsr311-api-1.1.1.jar:/home/user/.m2/repository/com/sun/jersey/jersey-server/1.19/jersey-server-1.19.jar:/home/user/.m2/repository/javax/servlet/javax.servlet-api/3.1.0/javax.servlet-api-3.1.0.jar:/home/user/.m2/repository/org/eclipse/jetty/jetty-server/9.3.25.v20180904/jetty-server-9.3.25.v20180904.jar:/home/user/.m2/repository/org/eclipse/jetty/jetty-http/9.3.25.v20180904/jetty-http-9.3.25.v20180904.jar:/home/user/.m2/repository/org/eclipse/jetty/jetty-io/9.3.25.v20180904/jetty-io-9.3.25.v20180904.jar:/home/user/.m2/repository/org/eclipse/jetty/jetty-webapp/9.3.25.v20180904/jetty-webapp-9.3.25.v20180904.jar:/home/user/.m2/repository/org/eclipse/jetty/jetty-xml/9.3.25.v20180904/jetty-xml-9.3.25.v20180904.jar:/home/user/.m2/repository/log4j/log4j/1.2.17/log4j-1.2.17.jar:/home/user/.m2/repository/org/slf4j/slf4j-api/1.7.25/slf4j-api-1.7.25.jar:/home/user/.m2/repository/org/slf4j/jul-to-slf4j/1.7.25/jul-to-slf4j-1.7.25.jar:/home/user/.m2/repository/org/eclipse/jetty/jetty-util/9.3.25.v20180904/jetty-util-9.3.25.v20180904.jar:/home/user/.m2/repository/com/fasterxml/jackson/core/jackson-databind/2.9.9/jackson-databind-2.9.9.jar:/home/user/.m2/repository/org/apache/hadoop/hadoop-kms/3.2.0/hadoop-kms-3.2.0-tests.jar:/home/user/.m2/repository/org/apache/hadoop/hadoop-hdds-server-scm/0.5.0-SNAPSHOT/hadoop-hdds-server-scm-0.5.0-SNAPSHOT-tests.jar:/home/user/.m2/repository/org/apache/hadoop/hadoop-hdds-container-service/0.5.0-SNAPSHOT/hadoop-hdds-container-service-0.5.0-SNAPSHOT-tests.jar:/home/user/.m2/repository/org/yaml/snakeyaml/1.16/snakeyaml-1.16.jar:/home/user/.m2/repository/org/apache/hadoop/hadoop-common/3.2.0/hadoop-common-3.2.0-tests.jar:/home/user/.m2/repository/org/apache/hadoop/hadoop-annotations/3.2.0/hadoop-annotations-3.2.0.jar:/usr/lib/jvm/java-1.8.0-openjdk-1.8.0.222.b10-1.el7_7.x86_64/jre/../lib/tools.jar:/home/user/.m2/repository/commons-cli/commons-cli/1.2/commons-cli-1.2.jar:/home/user/.m2/repository/org/apache/httpcomponents/httpclient/4.5.2/httpclient-4.5.2.jar:/home/user/.m2/repository/org/apache/httpcomponents/httpcore/4.4.4/httpcore-4.4.4.jar:/home/user/.m2/repository/commons-codec/commons-codec/1.11/commons-codec-1.11.jar:/home/user/.m2/repository/commons-net/commons-net/3.6/commons-net-3.6.jar:/home/user/.m2/repository/commons-collections/commons-collections/3.2.2/commons-collections-3.2.2.jar:/home/user/.m2/repository/org/eclipse/jetty/jetty-servlet/9.3.25.v20180904/jetty-servlet-9.3.25.v20180904.jar:/home/user/.m2/repository/org/eclipse/jetty/jetty-security/9.3.25.v20180904/jetty-security-9.3.25.v20180904.jar:/home/user/.m2/repository/javax/servlet/jsp/jsp-api/2.1/jsp-api-2.1.jar:/home/user/.m2/repository/com/sun/jersey/jersey-servlet/1.19/jersey-servlet-1.19.jar:/home/user/.m2/repository/com/sun/jersey/jersey-json/1.19/jersey-json-1.19.jar:/home/user/.m2/repository/org/codehaus/jettison/jettison/1.1/jettison-1.1.jar:/home/user/.m2/repository/org/codehaus/jackson/jackson-core-asl/1.9.13/jackson-core-asl-1.9.13.jar:/home/user/.m2/repository/org/codehaus/jackson/jackson-mapper-asl/1.9.13/jackson-mapper-asl-1.9.13.jar:/home/user/.m2/repository/org/codehaus/jackson/jackson-jaxrs/1.9.13/jackson-jaxrs-1.9.13.jar:/home/user/.m2/repository/org/codehaus/jackson/jackson-xc/1.9.13/jackson-xc-1.9.13.jar:/home/user/.m2/repository/commons-logging/commons-logging/1.1.3/commons-logging-1.1.3.jar:/home/user/.m2/repository/commons-beanutils/commons-beanutils/1.9.4/commons-beanutils-1.9.4.jar:/home/user/.m2/repository/org/apache/commons/commons-configuration2/2.1.1/commons-configuration2-2.1.1.jar:/home/user/.m2/repository/org/apache/commons/commons-lang3/3.7/commons-lang3-3.7.jar:/home/user/.m2/repository/org/apache/commons/commons-text/1.4/commons-text-1.4.jar:/home/user/.m2/repository/org/apache/avro/avro/1.7.7/avro-1.7.7.jar:/home/user/.m2/repository/com/thoughtworks/paranamer/paranamer/2.3/paranamer-2.3.jar:/home/user/.m2/repository/org/xerial/snappy/snappy-java/1.0.5/snappy-java-1.0.5.jar:/home/user/.m2/repository/com/google/re2j/re2j/1.1/re2j-1.1.jar:/home/user/.m2/repository/com/google/code/gson/gson/2.2.4/gson-2.2.4.jar:/home/user/.m2/repository/com/jcraft/jsch/0.1.54/jsch-0.1.54.jar:/home/user/.m2/repository/org/apache/curator/curator-client/2.12.0/curator-client-2.12.0.jar:/home/user/.m2/repository/org/apache/curator/curator-recipes/2.12.0/curator-recipes-2.12.0.jar:/home/user/.m2/repository/com/google/code/findbugs/jsr305/3.0.0/jsr305-3.0.0.jar:/home/user/.m2/repository/org/apache/htrace/htrace-core4/4.1.0-incubating/htrace-core4-4.1.0-incubating.jar:/home/user/.m2/repository/org/apache/zookeeper/zookeeper/3.4.13/zookeeper-3.4.13.jar:/home/user/.m2/repository/jline/jline/0.9.94/jline-0.9.94.jar:/home/user/.m2/repository/org/apache/yetus/audience-annotations/0.5.0/audience-annotations-0.5.0.jar:/home/user/.m2/repository/org/codehaus/woodstox/stax2-api/3.1.4/stax2-api-3.1.4.jar:/home/user/.m2/repository/com/fasterxml/woodstox/woodstox-core/5.0.3/woodstox-core-5.0.3.jar:/home/user/.m2/repository/dnsjava/dnsjava/2.1.7/dnsjava-2.1.7.jar:/home/user/.m2/repository/org/apache/hadoop/hadoop-hdfs/3.2.0/hadoop-hdfs-3.2.0-tests.jar:/home/user/.m2/repository/org/eclipse/jetty/jetty-util-ajax/9.3.25.v20180904/jetty-util-ajax-9.3.25.v20180904.jar:/home/user/.m2/repository/commons-daemon/commons-daemon/1.0.13/commons-daemon-1.0.13.jar:/home/user/.m2/repository/io/netty/netty/3.10.5.Final/netty-3.10.5.Final.jar:/home/user/.m2/repository/io/netty/netty-all/4.0.52.Final/netty-all-4.0.52.Final.jar:/home/user/.m2/repository/org/fusesource/leveldbjni/leveldbjni-all/1.8/leveldbjni-all-1.8.jar:"/>
    <property name="java.vm.vendor" value="Oracle Corporation"/>
    <property name="sun.arch.data.model" value="64"/>
    <property name="test.build.dir" value="/workdir/hadoop-ozone/integration-test/target/test-dir"/>
    <property name="test.cache.data" value=""/>
    <property name="java.vendor.url" value="http://java.oracle.com/"/>
    <property name="user.timezone" value=""/>
    <property name="java.vm.specification.version" value="1.8"/>
    <property name="os.name" value="Linux"/>
    <property name="test.build.data" value="/workdir/hadoop-ozone/integration-test/target/test-dir"/>
    <property name="user.country" value="US"/>
    <property name="sun.java.launcher" value="SUN_STANDARD"/>
    <property name="sun.boot.library.path" value="/usr/lib/jvm/java-1.8.0-openjdk-1.8.0.222.b10-1.el7_7.x86_64/jre/lib/amd64"/>
    <property name="sun.java.command" value="/workdir/hadoop-ozone/integration-test/target/surefire/surefirebooter2307540068766627866.jar /workdir/hadoop-ozone/integration-test/target/surefire 2019-10-17T18-06-56_937-jvmRun1 surefire8511383419562817800tmp surefire_307542398999717169332tmp"/>
    <property name="surefire.test.class.path" value="/workdir/hadoop-ozone/integration-test/target/test-classes:/workdir/hadoop-ozone/integration-test/target/classes:/home/user/.m2/repository/org/apache/hadoop/hadoop-ozone-common/0.5.0-SNAPSHOT/hadoop-ozone-common-0.5.0-SNAPSHOT.jar:/home/user/.m2/repository/org/apache/commons/commons-compress/1.4.1/commons-compress-1.4.1.jar:/home/user/.m2/repository/org/tukaani/xz/1.0/xz-1.0.jar:/home/user/.m2/repository/org/apache/hadoop/hadoop-common/3.2.0/hadoop-common-3.2.0.jar:/home/user/.m2/repository/org/apache/hadoop/hadoop-hdfs/3.2.0/hadoop-hdfs-3.2.0.jar:/home/user/.m2/repository/org/apache/hadoop/hadoop-hdfs-client/3.2.0/hadoop-hdfs-client-3.2.0.jar:/home/user/.m2/repository/com/fasterxml/jackson/core/jackson-annotations/2.9.9/jackson-annotations-2.9.9.jar:/home/user/.m2/repository/org/apache/hadoop/hadoop-hdds-common/0.5.0-SNAPSHOT/hadoop-hdds-common-0.5.0-SNAPSHOT.jar:/home/user/.m2/repository/javax/annotation/javax.annotation-api/1.2/javax.annotation-api-1.2.jar:/home/user/.m2/repository/org/apache/ratis/ratis-server/0.5.0-3f446aa-SNAPSHOT/ratis-server-0.5.0-3f446aa-SNAPSHOT.jar:/home/user/.m2/repository/org/apache/ratis/ratis-thirdparty-misc/0.2.0/ratis-thirdparty-misc-0.2.0.jar:/home/user/.m2/repository/org/apache/ratis/ratis-proto/0.5.0-3f446aa-SNAPSHOT/ratis-proto-0.5.0-3f446aa-SNAPSHOT.jar:/home/user/.m2/repository/org/apache/ratis/ratis-common/0.5.0-3f446aa-SNAPSHOT/ratis-common-0.5.0-3f446aa-SNAPSHOT.jar:/home/user/.m2/repository/org/apache/ratis/ratis-client/0.5.0-3f446aa-SNAPSHOT/ratis-client-0.5.0-3f446aa-SNAPSHOT.jar:/home/user/.m2/repository/org/apache/ratis/ratis-metrics/0.5.0-3f446aa-SNAPSHOT/ratis-metrics-0.5.0-3f446aa-SNAPSHOT.jar:/home/user/.m2/repository/com/github/joshelser/dropwizard-metrics-hadoop-metrics2-reporter/0.1.2/dropwizard-metrics-hadoop-metrics2-reporter-0.1.2.jar:/home/user/.m2/repository/io/dropwizard/metrics/metrics-jvm/3.2.5/metrics-jvm-3.2.5.jar:/home/user/.m2/repository/io/dropwizard/metrics/metrics-ganglia/3.2.5/metrics-ganglia-3.2.5.jar:/home/user/.m2/repository/info/ganglia/gmetric4j/gmetric4j/1.0.7/gmetric4j-1.0.7.jar:/home/user/.m2/repository/org/apache/ratis/ratis-netty/0.5.0-3f446aa-SNAPSHOT/ratis-netty-0.5.0-3f446aa-SNAPSHOT.jar:/home/user/.m2/repository/org/apache/ratis/ratis-grpc/0.5.0-3f446aa-SNAPSHOT/ratis-grpc-0.5.0-3f446aa-SNAPSHOT.jar:/home/user/.m2/repository/org/rocksdb/rocksdbjni/6.0.1/rocksdbjni-6.0.1.jar:/home/user/.m2/repository/org/apache/logging/log4j/log4j-api/2.11.0/log4j-api-2.11.0.jar:/home/user/.m2/repository/org/apache/logging/log4j/log4j-core/2.11.0/log4j-core-2.11.0.jar:/home/user/.m2/repository/com/lmax/disruptor/3.4.2/disruptor-3.4.2.jar:/home/user/.m2/repository/org/apache/commons/commons-pool2/2.6.0/commons-pool2-2.6.0.jar:/home/user/.m2/repository/org/bouncycastle/bcpkix-jdk15on/1.60/bcpkix-jdk15on-1.60.jar:/home/user/.m2/repository/commons-validator/commons-validator/1.6/commons-validator-1.6.jar:/home/user/.m2/repository/commons-digester/commons-digester/1.8.1/commons-digester-1.8.1.jar:/home/user/.m2/repository/io/jaegertracing/jaeger-client/0.34.0/jaeger-client-0.34.0.jar:/home/user/.m2/repository/io/jaegertracing/jaeger-thrift/0.34.0/jaeger-thrift-0.34.0.jar:/home/user/.m2/repository/org/apache/thrift/libthrift/0.12.0/libthrift-0.12.0.jar:/home/user/.m2/repository/com/squareup/okhttp3/okhttp/3.9.0/okhttp-3.9.0.jar:/home/user/.m2/repository/com/squareup/okio/okio/1.13.0/okio-1.13.0.jar:/home/user/.m2/repository/io/jaegertracing/jaeger-core/0.34.0/jaeger-core-0.34.0.jar:/home/user/.m2/repository/io/jaegertracing/jaeger-tracerresolver/0.34.0/jaeger-tracerresolver-0.34.0.jar:/home/user/.m2/repository/io/opentracing/contrib/opentracing-tracerresolver/0.1.5/opentracing-tracerresolver-0.1.5.jar:/home/user/.m2/repository/io/opentracing/opentracing-util/0.31.0/opentracing-util-0.31.0.jar:/home/user/.m2/repository/io/opentracing/opentracing-api/0.31.0/opentracing-api-0.31.0.jar:/home/user/.m2/repository/io/opentracing/opentracing-noop/0.31.0/opentracing-noop-0.31.0.jar:/home/user/.m2/repository/org/apache/hadoop/hadoop-hdds-server-framework/0.5.0-SNAPSHOT/hadoop-hdds-server-framework-0.5.0-SNAPSHOT.jar:/home/user/.m2/repository/org/apache/hadoop/hadoop-hdds-container-service/0.5.0-SNAPSHOT/hadoop-hdds-container-service-0.5.0-SNAPSHOT.jar:/home/user/.m2/repository/org/apache/hadoop/hadoop-hdds-client/0.5.0-SNAPSHOT/hadoop-hdds-client-0.5.0-SNAPSHOT.jar:/home/user/.m2/repository/org/apache/hadoop/hadoop-hdds-tools/0.5.0-SNAPSHOT/hadoop-hdds-tools-0.5.0-SNAPSHOT.jar:/home/user/.m2/repository/org/apache/hadoop/hadoop-hdds-server-scm/0.5.0-SNAPSHOT/hadoop-hdds-server-scm-0.5.0-SNAPSHOT.jar:/home/user/.m2/repository/org/apache/hadoop/hadoop-hdds-docs/0.5.0-SNAPSHOT/hadoop-hdds-docs-0.5.0-SNAPSHOT.jar:/home/user/.m2/repository/io/dropwizard/metrics/metrics-core/3.2.4/metrics-core-3.2.4.jar:/home/user/.m2/repository/org/hamcrest/hamcrest-all/1.3/hamcrest-all-1.3.jar:/home/user/.m2/repository/org/bouncycastle/bcprov-jdk15on/1.60/bcprov-jdk15on-1.60.jar:/home/user/.m2/repository/info/picocli/picocli/3.9.6/picocli-3.9.6.jar:/home/user/.m2/repository/com/google/protobuf/protobuf-java/2.5.0/protobuf-java-2.5.0.jar:/home/user/.m2/repository/com/google/guava/guava/11.0.2/guava-11.0.2.jar:/home/user/.m2/repository/org/apache/hadoop/hadoop-ozone-ozone-manager/0.5.0-SNAPSHOT/hadoop-ozone-ozone-manager-0.5.0-SNAPSHOT.jar:/home/user/.m2/repository/org/apache/hadoop/hadoop-minikdc/3.2.0/hadoop-minikdc-3.2.0.jar:/home/user/.m2/repository/commons-io/commons-io/2.5/commons-io-2.5.jar:/home/user/.m2/repository/org/apache/kerby/kerb-simplekdc/1.0.1/kerb-simplekdc-1.0.1.jar:/home/user/.m2/repository/org/apache/kerby/kerb-client/1.0.1/kerb-client-1.0.1.jar:/home/user/.m2/repository/org/apache/kerby/kerby-config/1.0.1/kerby-config-1.0.1.jar:/home/user/.m2/repository/org/apache/kerby/kerb-core/1.0.1/kerb-core-1.0.1.jar:/home/user/.m2/repository/org/apache/kerby/kerby-pkix/1.0.1/kerby-pkix-1.0.1.jar:/home/user/.m2/repository/org/apache/kerby/kerby-asn1/1.0.1/kerby-asn1-1.0.1.jar:/home/user/.m2/repository/org/apache/kerby/kerby-util/1.0.1/kerby-util-1.0.1.jar:/home/user/.m2/repository/org/apache/kerby/kerb-common/1.0.1/kerb-common-1.0.1.jar:/home/user/.m2/repository/org/apache/kerby/kerb-crypto/1.0.1/kerb-crypto-1.0.1.jar:/home/user/.m2/repository/org/apache/kerby/kerb-util/1.0.1/kerb-util-1.0.1.jar:/home/user/.m2/repository/org/apache/kerby/token-provider/1.0.1/token-provider-1.0.1.jar:/home/user/.m2/repository/org/apache/kerby/kerb-admin/1.0.1/kerb-admin-1.0.1.jar:/home/user/.m2/repository/org/apache/kerby/kerb-server/1.0.1/kerb-server-1.0.1.jar:/home/user/.m2/repository/org/apache/kerby/kerb-identity/1.0.1/kerb-identity-1.0.1.jar:/home/user/.m2/repository/org/apache/kerby/kerby-xdr/1.0.1/kerby-xdr-1.0.1.jar:/home/user/.m2/repository/org/slf4j/slf4j-log4j12/1.7.25/slf4j-log4j12-1.7.25.jar:/home/user/.m2/repository/org/apache/hadoop/hadoop-ozone-s3gateway/0.5.0-SNAPSHOT/hadoop-ozone-s3gateway-0.5.0-SNAPSHOT.jar:/home/user/.m2/repository/org/jboss/weld/servlet/weld-servlet/2.4.7.Final/weld-servlet-2.4.7.Final.jar:/home/user/.m2/repository/org/glassfish/jersey/containers/jersey-container-servlet-core/2.27/jersey-container-servlet-core-2.27.jar:/home/user/.m2/repository/org/glassfish/hk2/external/javax.inject/2.5.0-b42/javax.inject-2.5.0-b42.jar:/home/user/.m2/repository/org/glassfish/jersey/core/jersey-common/2.27/jersey-common-2.27.jar:/home/user/.m2/repository/org/glassfish/hk2/osgi-resource-locator/1.0.1/osgi-resource-locator-1.0.1.jar:/home/user/.m2/repository/javax/ws/rs/javax.ws.rs-api/2.1/javax.ws.rs-api-2.1.jar:/home/user/.m2/repository/org/glassfish/jersey/ext/cdi/jersey-cdi1x/2.27/jersey-cdi1x-2.27.jar:/home/user/.m2/repository/org/glassfish/jersey/inject/jersey-hk2/2.27/jersey-hk2-2.27.jar:/home/user/.m2/repository/org/glassfish/hk2/hk2-locator/2.5.0-b42/hk2-locator-2.5.0-b42.jar:/home/user/.m2/repository/org/javassist/javassist/3.22.0-CR2/javassist-3.22.0-CR2.jar:/home/user/.m2/repository/org/glassfish/hk2/hk2-api/2.5.0/hk2-api-2.5.0.jar:/home/user/.m2/repository/org/glassfish/hk2/external/jakarta.inject/2.5.0/jakarta.inject-2.5.0.jar:/home/user/.m2/repository/org/glassfish/hk2/hk2-utils/2.5.0/hk2-utils-2.5.0.jar:/home/user/.m2/repository/jakarta/annotation/jakarta.annotation-api/1.3.4/jakarta.annotation-api-1.3.4.jar:/home/user/.m2/repository/org/glassfish/hk2/external/aopalliance-repackaged/2.5.0/aopalliance-repackaged-2.5.0.jar:/home/user/.m2/repository/com/fasterxml/jackson/dataformat/jackson-dataformat-xml/2.9.0/jackson-dataformat-xml-2.9.0.jar:/home/user/.m2/repository/com/fasterxml/jackson/core/jackson-core/2.9.9/jackson-core-2.9.9.jar:/home/user/.m2/repository/com/fasterxml/jackson/module/jackson-module-jaxb-annotations/2.9.9/jackson-module-jaxb-annotations-2.9.9.jar:/home/user/.m2/repository/javax/enterprise/cdi-api/1.2/cdi-api-1.2.jar:/home/user/.m2/repository/javax/el/javax.el-api/3.0.0/javax.el-api-3.0.0.jar:/home/user/.m2/repository/javax/interceptor/javax.interceptor-api/1.2/javax.interceptor-api-1.2.jar:/home/user/.m2/repository/javax/inject/javax.inject/1/javax.inject-1.jar:/home/user/.m2/repository/com/sun/xml/bind/jaxb-impl/2.3.0.1/jaxb-impl-2.3.0.1.jar:/home/user/.m2/repository/com/sun/xml/bind/jaxb-core/2.3.0.1/jaxb-core-2.3.0.1.jar:/home/user/.m2/repository/javax/xml/bind/jaxb-api/2.3.0/jaxb-api-2.3.0.jar:/home/user/.m2/repository/javax/activation/activation/1.1.1/activation-1.1.1.jar:/home/user/.m2/repository/org/apache/hadoop/hadoop-ozone-csi/0.5.0-SNAPSHOT/hadoop-ozone-csi-0.5.0-SNAPSHOT.jar:/home/user/.m2/repository/com/google/protobuf/protobuf-java-util/3.5.1/protobuf-java-util-3.5.1.jar:/home/user/.m2/repository/org/apache/hadoop/hadoop-hdds-config/0.5.0-SNAPSHOT/hadoop-hdds-config-0.5.0-SNAPSHOT.jar:/home/user/.m2/repository/io/grpc/grpc-netty/1.17.1/grpc-netty-1.17.1.jar:/home/user/.m2/repository/io/grpc/grpc-core/1.17.1/grpc-core-1.17.1.jar:/home/user/.m2/repository/io/grpc/grpc-context/1.17.1/grpc-context-1.17.1.jar:/home/user/.m2/repository/com/google/errorprone/error_prone_annotations/2.2.0/error_prone_annotations-2.2.0.jar:/home/user/.m2/repository/org/codehaus/mojo/animal-sniffer-annotations/1.17/animal-sniffer-annotations-1.17.jar:/home/user/.m2/repository/io/opencensus/opencensus-api/0.17.0/opencensus-api-0.17.0.jar:/home/user/.m2/repository/io/opencensus/opencensus-contrib-grpc-metrics/0.17.0/opencensus-contrib-grpc-metrics-0.17.0.jar:/home/user/.m2/repository/io/netty/netty-codec-http2/4.1.30.Final/netty-codec-http2-4.1.30.Final.jar:/home/user/.m2/repository/io/netty/netty-codec-http/4.1.30.Final/netty-codec-http-4.1.30.Final.jar:/home/user/.m2/repository/io/netty/netty-codec/4.1.30.Final/netty-codec-4.1.30.Final.jar:/home/user/.m2/repository/io/netty/netty-handler/4.1.30.Final/netty-handler-4.1.30.Final.jar:/home/user/.m2/repository/io/netty/netty-handler-proxy/4.1.30.Final/netty-handler-proxy-4.1.30.Final.jar:/home/user/.m2/repository/io/netty/netty-codec-socks/4.1.30.Final/netty-codec-socks-4.1.30.Final.jar:/home/user/.m2/repository/io/netty/netty-transport-native-epoll/4.1.30.Final/netty-transport-native-epoll-4.1.30.Final.jar:/home/user/.m2/repository/io/netty/netty-common/4.1.30.Final/netty-common-4.1.30.Final.jar:/home/user/.m2/repository/io/netty/netty-buffer/4.1.30.Final/netty-buffer-4.1.30.Final.jar:/home/user/.m2/repository/io/netty/netty-transport/4.1.30.Final/netty-transport-4.1.30.Final.jar:/home/user/.m2/repository/io/netty/netty-resolver/4.1.30.Final/netty-resolver-4.1.30.Final.jar:/home/user/.m2/repository/io/netty/netty-transport-native-unix-common/4.1.30.Final/netty-transport-native-unix-common-4.1.30.Final.jar:/home/user/.m2/repository/io/grpc/grpc-protobuf/1.17.1/grpc-protobuf-1.17.1.jar:/home/user/.m2/repository/com/google/api/grpc/proto-google-common-protos/1.0.0/proto-google-common-protos-1.0.0.jar:/home/user/.m2/repository/io/grpc/grpc-protobuf-lite/1.17.1/grpc-protobuf-lite-1.17.1.jar:/home/user/.m2/repository/io/grpc/grpc-stub/1.17.1/grpc-stub-1.17.1.jar:/home/user/.m2/repository/org/apache/hadoop/hadoop-ozone-recon/0.5.0-SNAPSHOT/hadoop-ozone-recon-0.5.0-SNAPSHOT.jar:/home/user/.m2/repository/org/apache/hadoop/hadoop-ozone-reconcodegen/0.5.0-SNAPSHOT/hadoop-ozone-reconcodegen-0.5.0-SNAPSHOT.jar:/home/user/.m2/repository/com/google/inject/extensions/guice-multibindings/4.0/guice-multibindings-4.0.jar:/home/user/.m2/repository/com/google/inject/guice/4.0/guice-4.0.jar:/home/user/.m2/repository/aopalliance/aopalliance/1.0/aopalliance-1.0.jar:/home/user/.m2/repository/com/google/inject/extensions/guice-servlet/4.0/guice-servlet-4.0.jar:/home/user/.m2/repository/org/glassfish/jersey/containers/jersey-container-servlet/2.27/jersey-container-servlet-2.27.jar:/home/user/.m2/repository/org/glassfish/hk2/guice-bridge/2.5.0/guice-bridge-2.5.0.jar:/home/user/.m2/repository/org/glassfish/jersey/core/jersey-server/2.27/jersey-server-2.27.jar:/home/user/.m2/repository/org/glassfish/jersey/core/jersey-client/2.27/jersey-client-2.27.jar:/home/user/.m2/repository/org/glassfish/jersey/media/jersey-media-jaxb/2.27/jersey-media-jaxb-2.27.jar:/home/user/.m2/repository/javax/validation/validation-api/1.1.0.Final/validation-api-1.1.0.Final.jar:/home/user/.m2/repository/org/glassfish/jersey/media/jersey-media-json-jackson/2.27/jersey-media-json-jackson-2.27.jar:/home/user/.m2/repository/org/glassfish/jersey/ext/jersey-entity-filtering/2.27/jersey-entity-filtering-2.27.jar:/home/user/.m2/repository/com/google/inject/extensions/guice-assistedinject/4.0/guice-assistedinject-4.0.jar:/home/user/.m2/repository/org/jooq/jooq/3.11.10/jooq-3.11.10.jar:/home/user/.m2/repository/org/jooq/jooq-meta/3.11.10/jooq-meta-3.11.10.jar:/home/user/.m2/repository/org/jooq/jooq-codegen/3.11.10/jooq-codegen-3.11.10.jar:/home/user/.m2/repository/com/jolbox/bonecp/0.8.0.RELEASE/bonecp-0.8.0.RELEASE.jar:/home/user/.m2/repository/org/xerial/sqlite-jdbc/3.25.2/sqlite-jdbc-3.25.2.jar:/home/user/.m2/repository/org/springframework/spring-jdbc/5.1.3.RELEASE/spring-jdbc-5.1.3.RELEASE.jar:/home/user/.m2/repository/org/springframework/spring-beans/5.1.3.RELEASE/spring-beans-5.1.3.RELEASE.jar:/home/user/.m2/repository/org/springframework/spring-core/5.1.3.RELEASE/spring-core-5.1.3.RELEASE.jar:/home/user/.m2/repository/org/springframework/spring-jcl/5.1.3.RELEASE/spring-jcl-5.1.3.RELEASE.jar:/home/user/.m2/repository/org/springframework/spring-tx/5.1.3.RELEASE/spring-tx-5.1.3.RELEASE.jar:/home/user/.m2/repository/org/apache/hadoop/hadoop-ozone-client/0.5.0-SNAPSHOT/hadoop-ozone-client-0.5.0-SNAPSHOT.jar:/home/user/.m2/repository/commons-lang/commons-lang/2.6/commons-lang-2.6.jar:/home/user/.m2/repository/org/apache/hadoop/hadoop-ozone-ozone-manager/0.5.0-SNAPSHOT/hadoop-ozone-ozone-manager-0.5.0-SNAPSHOT-tests.jar:/home/user/.m2/repository/junit/junit/4.11/junit-4.11.jar:/home/user/.m2/repository/org/hamcrest/hamcrest-core/1.3/hamcrest-core-1.3.jar:/home/user/.m2/repository/org/openjdk/jmh/jmh-core/1.19/jmh-core-1.19.jar:/home/user/.m2/repository/net/sf/jopt-simple/jopt-simple/4.6/jopt-simple-4.6.jar:/home/user/.m2/repository/org/apache/commons/commons-math3/3.1.1/commons-math3-3.1.1.jar:/home/user/.m2/repository/org/openjdk/jmh/jmh-generator-annprocess/1.19/jmh-generator-annprocess-1.19.jar:/home/user/.m2/repository/org/mockito/mockito-all/1.8.5/mockito-all-1.8.5.jar:/home/user/.m2/repository/org/apache/hadoop/hadoop-kms/3.2.0/hadoop-kms-3.2.0.jar:/home/user/.m2/repository/org/apache/hadoop/hadoop-auth/3.2.0/hadoop-auth-3.2.0.jar:/home/user/.m2/repository/com/nimbusds/nimbus-jose-jwt/4.41.1/nimbus-jose-jwt-4.41.1.jar:/home/user/.m2/repository/com/github/stephenc/jcip/jcip-annotations/1.0-1/jcip-annotations-1.0-1.jar:/home/user/.m2/repository/net/minidev/json-smart/2.3/json-smart-2.3.jar:/home/user/.m2/repository/net/minidev/accessors-smart/1.2/accessors-smart-1.2.jar:/home/user/.m2/repository/org/ow2/asm/asm/5.0.4/asm-5.0.4.jar:/home/user/.m2/repository/org/apache/curator/curator-framework/2.12.0/curator-framework-2.12.0.jar:/home/user/.m2/repository/com/sun/jersey/jersey-core/1.19/jersey-core-1.19.jar:/home/user/.m2/repository/javax/ws/rs/jsr311-api/1.1.1/jsr311-api-1.1.1.jar:/home/user/.m2/repository/com/sun/jersey/jersey-server/1.19/jersey-server-1.19.jar:/home/user/.m2/repository/javax/servlet/javax.servlet-api/3.1.0/javax.servlet-api-3.1.0.jar:/home/user/.m2/repository/org/eclipse/jetty/jetty-server/9.3.25.v20180904/jetty-server-9.3.25.v20180904.jar:/home/user/.m2/repository/org/eclipse/jetty/jetty-http/9.3.25.v20180904/jetty-http-9.3.25.v20180904.jar:/home/user/.m2/repository/org/eclipse/jetty/jetty-io/9.3.25.v20180904/jetty-io-9.3.25.v20180904.jar:/home/user/.m2/repository/org/eclipse/jetty/jetty-webapp/9.3.25.v20180904/jetty-webapp-9.3.25.v20180904.jar:/home/user/.m2/repository/org/eclipse/jetty/jetty-xml/9.3.25.v20180904/jetty-xml-9.3.25.v20180904.jar:/home/user/.m2/repository/log4j/log4j/1.2.17/log4j-1.2.17.jar:/home/user/.m2/repository/org/slf4j/slf4j-api/1.7.25/slf4j-api-1.7.25.jar:/home/user/.m2/repository/org/slf4j/jul-to-slf4j/1.7.25/jul-to-slf4j-1.7.25.jar:/home/user/.m2/repository/org/eclipse/jetty/jetty-util/9.3.25.v20180904/jetty-util-9.3.25.v20180904.jar:/home/user/.m2/repository/com/fasterxml/jackson/core/jackson-databind/2.9.9/jackson-databind-2.9.9.jar:/home/user/.m2/repository/org/apache/hadoop/hadoop-kms/3.2.0/hadoop-kms-3.2.0-tests.jar:/home/user/.m2/repository/org/apache/hadoop/hadoop-hdds-server-scm/0.5.0-SNAPSHOT/hadoop-hdds-server-scm-0.5.0-SNAPSHOT-tests.jar:/home/user/.m2/repository/org/apache/hadoop/hadoop-hdds-container-service/0.5.0-SNAPSHOT/hadoop-hdds-container-service-0.5.0-SNAPSHOT-tests.jar:/home/user/.m2/repository/org/yaml/snakeyaml/1.16/snakeyaml-1.16.jar:/home/user/.m2/repository/org/apache/hadoop/hadoop-common/3.2.0/hadoop-common-3.2.0-tests.jar:/home/user/.m2/repository/org/apache/hadoop/hadoop-annotations/3.2.0/hadoop-annotations-3.2.0.jar:/usr/lib/jvm/java-1.8.0-openjdk-1.8.0.222.b10-1.el7_7.x86_64/jre/../lib/tools.jar:/home/user/.m2/repository/commons-cli/commons-cli/1.2/commons-cli-1.2.jar:/home/user/.m2/repository/org/apache/httpcomponents/httpclient/4.5.2/httpclient-4.5.2.jar:/home/user/.m2/repository/org/apache/httpcomponents/httpcore/4.4.4/httpcore-4.4.4.jar:/home/user/.m2/repository/commons-codec/commons-codec/1.11/commons-codec-1.11.jar:/home/user/.m2/repository/commons-net/commons-net/3.6/commons-net-3.6.jar:/home/user/.m2/repository/commons-collections/commons-collections/3.2.2/commons-collections-3.2.2.jar:/home/user/.m2/repository/org/eclipse/jetty/jetty-servlet/9.3.25.v20180904/jetty-servlet-9.3.25.v20180904.jar:/home/user/.m2/repository/org/eclipse/jetty/jetty-security/9.3.25.v20180904/jetty-security-9.3.25.v20180904.jar:/home/user/.m2/repository/javax/servlet/jsp/jsp-api/2.1/jsp-api-2.1.jar:/home/user/.m2/repository/com/sun/jersey/jersey-servlet/1.19/jersey-servlet-1.19.jar:/home/user/.m2/repository/com/sun/jersey/jersey-json/1.19/jersey-json-1.19.jar:/home/user/.m2/repository/org/codehaus/jettison/jettison/1.1/jettison-1.1.jar:/home/user/.m2/repository/org/codehaus/jackson/jackson-core-asl/1.9.13/jackson-core-asl-1.9.13.jar:/home/user/.m2/repository/org/codehaus/jackson/jackson-mapper-asl/1.9.13/jackson-mapper-asl-1.9.13.jar:/home/user/.m2/repository/org/codehaus/jackson/jackson-jaxrs/1.9.13/jackson-jaxrs-1.9.13.jar:/home/user/.m2/repository/org/codehaus/jackson/jackson-xc/1.9.13/jackson-xc-1.9.13.jar:/home/user/.m2/repository/commons-logging/commons-logging/1.1.3/commons-logging-1.1.3.jar:/home/user/.m2/repository/commons-beanutils/commons-beanutils/1.9.4/commons-beanutils-1.9.4.jar:/home/user/.m2/repository/org/apache/commons/commons-configuration2/2.1.1/commons-configuration2-2.1.1.jar:/home/user/.m2/repository/org/apache/commons/commons-lang3/3.7/commons-lang3-3.7.jar:/home/user/.m2/repository/org/apache/commons/commons-text/1.4/commons-text-1.4.jar:/home/user/.m2/repository/org/apache/avro/avro/1.7.7/avro-1.7.7.jar:/home/user/.m2/repository/com/thoughtworks/paranamer/paranamer/2.3/paranamer-2.3.jar:/home/user/.m2/repository/org/xerial/snappy/snappy-java/1.0.5/snappy-java-1.0.5.jar:/home/user/.m2/repository/com/google/re2j/re2j/1.1/re2j-1.1.jar:/home/user/.m2/repository/com/google/code/gson/gson/2.2.4/gson-2.2.4.jar:/home/user/.m2/repository/com/jcraft/jsch/0.1.54/jsch-0.1.54.jar:/home/user/.m2/repository/org/apache/curator/curator-client/2.12.0/curator-client-2.12.0.jar:/home/user/.m2/repository/org/apache/curator/curator-recipes/2.12.0/curator-recipes-2.12.0.jar:/home/user/.m2/repository/com/google/code/findbugs/jsr305/3.0.0/jsr305-3.0.0.jar:/home/user/.m2/repository/org/apache/htrace/htrace-core4/4.1.0-incubating/htrace-core4-4.1.0-incubating.jar:/home/user/.m2/repository/org/apache/zookeeper/zookeeper/3.4.13/zookeeper-3.4.13.jar:/home/user/.m2/repository/jline/jline/0.9.94/jline-0.9.94.jar:/home/user/.m2/repository/org/apache/yetus/audience-annotations/0.5.0/audience-annotations-0.5.0.jar:/home/user/.m2/repository/org/codehaus/woodstox/stax2-api/3.1.4/stax2-api-3.1.4.jar:/home/user/.m2/repository/com/fasterxml/woodstox/woodstox-core/5.0.3/woodstox-core-5.0.3.jar:/home/user/.m2/repository/dnsjava/dnsjava/2.1.7/dnsjava-2.1.7.jar:/home/user/.m2/repository/org/apache/hadoop/hadoop-hdfs/3.2.0/hadoop-hdfs-3.2.0-tests.jar:/home/user/.m2/repository/org/eclipse/jetty/jetty-util-ajax/9.3.25.v20180904/jetty-util-ajax-9.3.25.v20180904.jar:/home/user/.m2/repository/commons-daemon/commons-daemon/1.0.13/commons-daemon-1.0.13.jar:/home/user/.m2/repository/io/netty/netty/3.10.5.Final/netty-3.10.5.Final.jar:/home/user/.m2/repository/io/netty/netty-all/4.0.52.Final/netty-all-4.0.52.Final.jar:/home/user/.m2/repository/org/fusesource/leveldbjni/leveldbjni-all/1.8/leveldbjni-all-1.8.jar:"/>
    <property name="sun.cpu.endian" value="little"/>
    <property name="user.home" value="/home/user"/>
    <property name="user.language" value="en"/>
    <property name="java.specification.vendor" value="Oracle Corporation"/>
    <property name="java.home" value="/usr/lib/jvm/java-1.8.0-openjdk-1.8.0.222.b10-1.el7_7.x86_64/jre"/>
    <property name="surefire.excludesFile" value="/tools/ozone-bad-unit-tests"/>
    <property name="java.security.krb5.conf" value="/workdir/hadoop-ozone/integration-test/target/test-classes/krb5.conf"/>
    <property name="basedir" value="/workdir/hadoop-ozone/integration-test"/>
    <property name="file.separator" value="/"/>
    <property name="line.separator" value="&#10;"/>
    <property name="java.vm.specification.vendor" value="Oracle Corporation"/>
    <property name="java.specification.name" value="Java Platform API Specification"/>
    <property name="java.awt.graphicsenv" value="sun.awt.X11GraphicsEnvironment"/>
    <property name="surefire.real.class.path" value="/workdir/hadoop-ozone/integration-test/target/surefire/surefirebooter2307540068766627866.jar"/>
    <property name="hadoop.log.dir" value="/workdir/hadoop-ozone/integration-test/target/log"/>
    <property name="sun.boot.class.path" value="/usr/lib/jvm/java-1.8.0-openjdk-1.8.0.222.b10-1.el7_7.x86_64/jre/lib/resources.jar:/usr/lib/jvm/java-1.8.0-openjdk-1.8.0.222.b10-1.el7_7.x86_64/jre/lib/rt.jar:/usr/lib/jvm/java-1.8.0-openjdk-1.8.0.222.b10-1.el7_7.x86_64/jre/lib/sunrsasign.jar:/usr/lib/jvm/java-1.8.0-openjdk-1.8.0.222.b10-1.el7_7.x86_64/jre/lib/jsse.jar:/usr/lib/jvm/java-1.8.0-openjdk-1.8.0.222.b10-1.el7_7.x86_64/jre/lib/jce.jar:/usr/lib/jvm/java-1.8.0-openjdk-1.8.0.222.b10-1.el7_7.x86_64/jre/lib/charsets.jar:/usr/lib/jvm/java-1.8.0-openjdk-1.8.0.222.b10-1.el7_7.x86_64/jre/lib/jfr.jar:/usr/lib/jvm/java-1.8.0-openjdk-1.8.0.222.b10-1.el7_7.x86_64/jre/classes"/>
    <property name="sun.management.compiler" value="HotSpot 64-Bit Tiered Compilers"/>
    <property name="java.runtime.version" value="1.8.0_222-b10"/>
    <property name="java.net.preferIPv4Stack" value="true"/>
    <property name="user.name" value="jenkins1000"/>
    <property name="path.separator" value=":"/>
    <property name="java.security.egd" value="file:///dev/urandom"/>
    <property name="os.version" value="3.10.0-957.12.2.el7.x86_64"/>
    <property name="java.endorsed.dirs" value="/usr/lib/jvm/java-1.8.0-openjdk-1.8.0.222.b10-1.el7_7.x86_64/jre/lib/endorsed"/>
    <property name="java.runtime.name" value="OpenJDK Runtime Environment"/>
    <property name="file.encoding" value="ANSI_X3.4-1968"/>
    <property name="java.vm.name" value="OpenJDK 64-Bit Server VM"/>
    <property name="test.build.webapps" value=""/>
    <property name="localRepository" value="/home/user/.m2/repository"/>
    <property name="java.vendor.url.bug" value="http://bugreport.sun.com/bugreport/"/>
    <property name="java.io.tmpdir" value="/tmp"/>
    <property name="require.test.libhadoop" value=""/>
    <property name="java.version" value="1.8.0_222"/>
    <property name="user.dir" value="/workdir/hadoop-ozone/integration-test"/>
    <property name="os.arch" value="amd64"/>
    <property name="java.vm.specification.name" value="Java Virtual Machine Specification"/>
    <property name="test.build.classes" value="/workdir/hadoop-ozone/integration-test/target/test-classes"/>
    <property name="java.awt.printerjob" value="sun.print.PSPrinterJob"/>
    <property name="sun.os.patch.level" value="unknown"/>
    <property name="hadoop.tmp.dir" value="/workdir/hadoop-ozone/integration-test/target/tmp"/>
    <property name="java.library.path" value="/usr/lib:/workdir/hadoop-ozone/integration-test/target/native/target/usr/local/lib:/workdir/hadoop-ozone/integration-test/../../hadoop-common-project/hadoop-common/target/native/target/usr/local/lib:/usr/java/packages/lib/amd64:/usr/lib64:/lib64:/lib:/usr/lib"/>
    <property name="java.vm.info" value="mixed mode"/>
    <property name="java.vendor" value="Oracle Corporation"/>
    <property name="java.vm.version" value="25.222-b10"/>
    <property name="java.ext.dirs" value="/usr/lib/jvm/java-1.8.0-openjdk-1.8.0.222.b10-1.el7_7.x86_64/jre/lib/ext:/usr/java/packages/lib/ext"/>
    <property name="sun.io.unicode.encoding" value="UnicodeLittle"/>
    <property name="java.class.version" value="52.0"/>
  </properties>
  <testcase name="testDeleteKeyWithSlowFollower" classname="org.apache.hadoop.ozone.client.rpc.TestDeleteWithSlowFollower" time="123.582">
    <failure type="java.lang.AssertionError">java.lang.AssertionError
	at org.junit.Assert.fail(Assert.java:86)
	at org.junit.Assert.assertTrue(Assert.java:41)
	at org.junit.Assert.assertTrue(Assert.java:52)
	at org.apache.hadoop.ozone.client.rpc.TestDeleteWithSlowFollower.testDeleteKeyWithSlowFollower(TestDeleteWithSlowFollower.java:265)
	at sun.reflect.NativeMethodAccessorImpl.invoke0(Native Method)
	at sun.reflect.NativeMethodAccessorImpl.invoke(NativeMethodAccessorImpl.java:62)
	at sun.reflect.DelegatingMethodAccessorImpl.invoke(DelegatingMethodAccessorImpl.java:43)
	at java.lang.reflect.Method.invoke(Method.java:498)
	at org.junit.runners.model.FrameworkMethod$1.runReflectiveCall(FrameworkMethod.java:47)
	at org.junit.internal.runners.model.ReflectiveCallable.run(ReflectiveCallable.java:12)
	at org.junit.runners.model.FrameworkMethod.invokeExplosively(FrameworkMethod.java:44)
	at org.junit.internal.runners.statements.InvokeMethod.evaluate(InvokeMethod.java:17)
	at org.junit.runners.ParentRunner.runLeaf(ParentRunner.java:271)
	at org.junit.runners.BlockJUnit4ClassRunner.runChild(BlockJUnit4ClassRunner.java:70)
	at org.junit.runners.BlockJUnit4ClassRunner.runChild(BlockJUnit4ClassRunner.java:50)
	at org.junit.runners.ParentRunner$3.run(ParentRunner.java:238)
	at org.junit.runners.ParentRunner$1.schedule(ParentRunner.java:63)
	at org.junit.runners.ParentRunner.runChildren(ParentRunner.java:236)
	at org.junit.runners.ParentRunner.access$000(ParentRunner.java:53)
	at org.junit.runners.ParentRunner$2.evaluate(ParentRunner.java:229)
	at org.junit.internal.runners.statements.RunBefores.evaluate(RunBefores.java:26)
	at org.junit.internal.runners.statements.RunAfters.evaluate(RunAfters.java:27)
	at org.junit.runners.ParentRunner.run(ParentRunner.java:309)
	at org.apache.maven.surefire.junit4.JUnit4Provider.execute(JUnit4Provider.java:365)
	at org.apache.maven.surefire.junit4.JUnit4Provider.executeWithRerun(JUnit4Provider.java:273)
	at org.apache.maven.surefire.junit4.JUnit4Provider.executeTestSet(JUnit4Provider.java:238)
	at org.apache.maven.surefire.junit4.JUnit4Provider.invoke(JUnit4Provider.java:159)
	at org.apache.maven.surefire.booter.ForkedBooter.invokeProviderInSameClassLoader(ForkedBooter.java:384)
	at org.apache.maven.surefire.booter.ForkedBooter.runSuitesInProcess(ForkedBooter.java:345)
	at org.apache.maven.surefire.booter.ForkedBooter.execute(ForkedBooter.java:126)
	at org.apache.maven.surefire.booter.ForkedBooter.main(ForkedBooter.java:418)
</failure>
    <system-out><![CDATA[2019-10-17 18:37:04,724 [main] WARN  server.ServerUtils (ServerUtils.java:getScmDbDir(145)) - ozone.scm.db.dirs is not configured. We recommend adding this setting. Falling back to ozone.metadata.dirs instead.
2019-10-17 18:37:04,870 [main] WARN  server.ServerUtils (ServerUtils.java:getScmDbDir(145)) - ozone.scm.db.dirs is not configured. We recommend adding this setting. Falling back to ozone.metadata.dirs instead.
2019-10-17 18:37:04,874 [main] WARN  server.ServerUtils (ServerUtils.java:getScmDbDir(145)) - ozone.scm.db.dirs is not configured. We recommend adding this setting. Falling back to ozone.metadata.dirs instead.
2019-10-17 18:37:04,904 [main] INFO  util.log (Log.java:initialized(192)) - Logging initialized @958ms
2019-10-17 18:37:05,001 [main] INFO  db.DBStoreBuilder (DBStoreBuilder.java:addTable(117)) - using custom profile for table: deletedBlocks
2019-10-17 18:37:05,001 [main] INFO  db.DBStoreBuilder (DBStoreBuilder.java:processTables(168)) - Using default column profile:DBProfile.DISK for Table:deletedBlocks
2019-10-17 18:37:05,002 [main] INFO  db.DBStoreBuilder (DBStoreBuilder.java:addTable(117)) - using custom profile for table: validCerts
2019-10-17 18:37:05,002 [main] INFO  db.DBStoreBuilder (DBStoreBuilder.java:processTables(168)) - Using default column profile:DBProfile.DISK for Table:validCerts
2019-10-17 18:37:05,002 [main] INFO  db.DBStoreBuilder (DBStoreBuilder.java:addTable(117)) - using custom profile for table: revokedCerts
2019-10-17 18:37:05,002 [main] INFO  db.DBStoreBuilder (DBStoreBuilder.java:processTables(168)) - Using default column profile:DBProfile.DISK for Table:revokedCerts
2019-10-17 18:37:05,014 [main] INFO  db.DBStoreBuilder (DBStoreBuilder.java:addTable(117)) - using custom profile for table: default
2019-10-17 18:37:05,014 [main] INFO  db.DBStoreBuilder (DBStoreBuilder.java:processTables(174)) - Using default column profile:DBProfile.DISK for Table:default
2019-10-17 18:37:05,015 [main] INFO  db.DBStoreBuilder (DBStoreBuilder.java:getDbProfile(205)) - Using default options. DBProfile.DISK
2019-10-17 18:37:05,289 [main] INFO  net.NodeSchemaLoader (NodeSchemaLoader.java:loadSchemaFromFile(125)) - Loading file from sun.misc.CompoundEnumeration@74235045
2019-10-17 18:37:05,291 [main] INFO  net.NodeSchemaLoader (NodeSchemaLoader.java:loadSchema(171)) - Loading network topology layer schema file
2019-10-17 18:37:05,347 [main] WARN  server.ServerUtils (ServerUtils.java:sanitizeUserArgs(70)) - ozone.scm.stale.node.interval value = 1000000 is larger than max = 100000 based on the key value of ozone.scm.heartbeat.thread.interval, reset to the max value 100000.
2019-10-17 18:37:05,349 [main] WARN  server.ServerUtils (ServerUtils.java:sanitizeUserArgs(70)) - ozone.scm.stale.node.interval value = 1000000 is larger than max = 100000 based on the key value of ozone.scm.heartbeat.thread.interval, reset to the max value 100000.
2019-10-17 18:37:05,351 [main] INFO  node.SCMNodeManager (SCMNodeManager.java:<init>(116)) - Entering startup safe mode.
2019-10-17 18:37:05,411 [main] INFO  algorithms.ContainerPlacementPolicyFactory (ContainerPlacementPolicyFactory.java:getPolicy(57)) - Create container placement policy of type org.apache.hadoop.hdds.scm.container.placement.algorithms.SCMContainerPlacementRandom
2019-10-17 18:37:05,424 [main] WARN  server.ServerUtils (ServerUtils.java:getScmDbDir(145)) - ozone.scm.db.dirs is not configured. We recommend adding this setting. Falling back to ozone.metadata.dirs instead.
2019-10-17 18:37:05,557 [main] INFO  pipeline.SCMPipelineManager (SCMPipelineManager.java:initializePipelineState(132)) - No pipeline exists in current db
2019-10-17 18:37:05,561 [main] WARN  server.ServerUtils (ServerUtils.java:getScmDbDir(145)) - ozone.scm.db.dirs is not configured. We recommend adding this setting. Falling back to ozone.metadata.dirs instead.
2019-10-17 18:37:05,658 [main] WARN  events.EventQueue (EventQueue.java:fireEvent(183)) - No event handler registered for event TypedEvent{payloadType=SafeModeStatus, name='SafeModeStatus'}
2019-10-17 18:37:06,017 [main] INFO  ipc.CallQueueManager (CallQueueManager.java:<init>(84)) - Using callQueue: class java.util.concurrent.LinkedBlockingQueue, queueCapacity: 2000, scheduler: class org.apache.hadoop.ipc.DefaultRpcScheduler, ipcBackoff: false.
2019-10-17 18:37:06,152 [Socket Reader #1 for port 46093] INFO  ipc.Server (Server.java:run(1074)) - Starting Socket Reader #1 for port 46093
2019-10-17 18:37:06,179 [main] INFO  ipc.CallQueueManager (CallQueueManager.java:<init>(84)) - Using callQueue: class java.util.concurrent.LinkedBlockingQueue, queueCapacity: 2000, scheduler: class org.apache.hadoop.ipc.DefaultRpcScheduler, ipcBackoff: false.
2019-10-17 18:37:06,180 [Socket Reader #1 for port 39163] INFO  ipc.Server (Server.java:run(1074)) - Starting Socket Reader #1 for port 39163
2019-10-17 18:37:06,188 [main] INFO  ipc.CallQueueManager (CallQueueManager.java:<init>(84)) - Using callQueue: class java.util.concurrent.LinkedBlockingQueue, queueCapacity: 2000, scheduler: class org.apache.hadoop.ipc.DefaultRpcScheduler, ipcBackoff: false.
2019-10-17 18:37:06,189 [Socket Reader #1 for port 44867] INFO  ipc.Server (Server.java:run(1074)) - Starting Socket Reader #1 for port 44867
2019-10-17 18:37:06,211 [main] INFO  hdfs.DFSUtil (DFSUtil.java:httpServerTemplateForNNAndJN(1641)) - Starting Web-server for scm at: http://0.0.0.0:0
2019-10-17 18:37:06,349 [main] INFO  server.AuthenticationFilter (AuthenticationFilter.java:constructSecretProvider(240)) - Unable to initialize FileSignerSecretProvider, falling back to use random secrets.
2019-10-17 18:37:06,362 [main] WARN  http.HttpRequestLog (HttpRequestLog.java:getRequestLog(97)) - Jetty request log can only be enabled using Log4j
2019-10-17 18:37:06,375 [main] INFO  http.HttpServer2 (HttpServer2.java:addGlobalFilter(975)) - Added global filter 'safety' (class=org.apache.hadoop.http.HttpServer2$QuotingInputFilter)
2019-10-17 18:37:06,379 [main] INFO  http.HttpServer2 (HttpServer2.java:addFilter(948)) - Added filter static_user_filter (class=org.apache.hadoop.http.lib.StaticUserWebFilter$StaticUserFilter) to context scm
2019-10-17 18:37:06,379 [main] INFO  http.HttpServer2 (HttpServer2.java:addFilter(958)) - Added filter static_user_filter (class=org.apache.hadoop.http.lib.StaticUserWebFilter$StaticUserFilter) to context logs
2019-10-17 18:37:06,380 [main] INFO  http.HttpServer2 (HttpServer2.java:addFilter(958)) - Added filter static_user_filter (class=org.apache.hadoop.http.lib.StaticUserWebFilter$StaticUserFilter) to context static
2019-10-17 18:37:06,420 [main] INFO  server.StorageContainerManager (StorageContainerManager.java:start(772)) - StorageContainerLocationProtocol RPC server is listening at /0.0.0.0:44867
2019-10-17 18:37:06,484 [main] WARN  impl.MetricsConfig (MetricsConfig.java:loadFirst(134)) - Cannot locate configuration: tried hadoop-metrics2-storagecontainermanager.properties,hadoop-metrics2.properties
2019-10-17 18:37:06,497 [main] INFO  impl.MetricsSystemImpl (MetricsSystemImpl.java:startTimer(374)) - Scheduled Metric snapshot period at 10 second(s).
2019-10-17 18:37:06,498 [main] INFO  impl.MetricsSystemImpl (MetricsSystemImpl.java:start(191)) - StorageContainerManager metrics system started
2019-10-17 18:37:06,742 [main] INFO  server.SCMClientProtocolServer (SCMClientProtocolServer.java:start(159)) - RPC server for Client  is listening at /0.0.0.0:44867
2019-10-17 18:37:06,743 [IPC Server Responder] INFO  ipc.Server (Server.java:run(1314)) - IPC Server Responder: starting
2019-10-17 18:37:06,743 [IPC Server listener on 44867] INFO  ipc.Server (Server.java:run(1153)) - IPC Server listener on 44867: starting
2019-10-17 18:37:06,746 [main] INFO  server.StorageContainerManager (StorageContainerManager.java:start(782)) - ScmBlockLocationProtocol RPC server is listening at /0.0.0.0:39163
2019-10-17 18:37:06,747 [main] INFO  server.SCMBlockProtocolServer (SCMBlockProtocolServer.java:start(146)) - RPC server for Block Protocol is listening at /0.0.0.0:39163
2019-10-17 18:37:06,747 [IPC Server Responder] INFO  ipc.Server (Server.java:run(1314)) - IPC Server Responder: starting
2019-10-17 18:37:06,747 [IPC Server listener on 39163] INFO  ipc.Server (Server.java:run(1153)) - IPC Server listener on 39163: starting
2019-10-17 18:37:06,750 [main] INFO  server.StorageContainerManager (StorageContainerManager.java:start(786)) - ScmDatanodeProtocl RPC server is listening at /0.0.0.0:46093
2019-10-17 18:37:06,750 [main] INFO  server.SCMDatanodeProtocolServer (SCMDatanodeProtocolServer.java:start(169)) - RPC server for DataNodes is listening at /0.0.0.0:46093
2019-10-17 18:37:06,751 [IPC Server Responder] INFO  ipc.Server (Server.java:run(1314)) - IPC Server Responder: starting
2019-10-17 18:37:06,751 [IPC Server listener on 46093] INFO  ipc.Server (Server.java:run(1153)) - IPC Server listener on 46093: starting
2019-10-17 18:37:06,754 [main] INFO  http.HttpServer2 (HttpServer2.java:bindListener(1191)) - Jetty bound to port 34551
2019-10-17 18:37:06,756 [main] INFO  server.Server (Server.java:doStart(351)) - jetty-9.3.25.v20180904, build timestamp: 2018-09-04T21:11:46Z, git hash: 3ce520221d0240229c862b122d2b06c12a625732
2019-10-17 18:37:06,792 [main] INFO  handler.ContextHandler (ContextHandler.java:doStart(781)) - Started o.e.j.s.ServletContextHandler@42f8285e{/logs,file:///workdir/hadoop-ozone/integration-test/target/log,AVAILABLE}
2019-10-17 18:37:06,793 [main] INFO  handler.ContextHandler (ContextHandler.java:doStart(781)) - Started o.e.j.s.ServletContextHandler@3724af13{/static,file:///workdir/hadoop-ozone/integration-test/target/test-classes/webapps/static,AVAILABLE}
2019-10-17 18:37:06,824 [main] INFO  handler.ContextHandler (ContextHandler.java:doStart(781)) - Started o.e.j.w.WebAppContext@24a1c17f{/,file:///workdir/hadoop-ozone/integration-test/target/test-classes/webapps/scm/,AVAILABLE}{/scm}
2019-10-17 18:37:06,829 [main] INFO  server.AbstractConnector (AbstractConnector.java:doStart(278)) - Started ServerConnector@4d63b624{HTTP/1.1,[http/1.1]}{0.0.0.0:34551}
2019-10-17 18:37:06,830 [main] INFO  server.Server (Server.java:doStart(419)) - Started @2884ms
2019-10-17 18:37:06,832 [main] INFO  impl.MetricsSinkAdapter (MetricsSinkAdapter.java:start(204)) - Sink prometheus started
2019-10-17 18:37:06,832 [main] INFO  impl.MetricsSystemImpl (MetricsSystemImpl.java:registerSink(301)) - Registered sink prometheus
2019-10-17 18:37:06,834 [main] INFO  server.BaseHttpServer (BaseHttpServer.java:updateConnectorAddress(215)) - HTTP server of SCM is listening at http://0.0.0.0:34551
2019-10-17 18:37:06,841 [org.apache.hadoop.util.JvmPauseMonitor$Monitor@4b629f13] INFO  util.JvmPauseMonitor (JvmPauseMonitor.java:run(188)) - Starting JVM pause monitor
2019-10-17 18:37:06,846 [main] WARN  server.ServerUtils (ServerUtils.java:getDBPath(222)) - ozone.om.db.dirs is not configured. We recommend adding this setting. Falling back to ozone.metadata.dirs instead.
2019-10-17 18:37:06,967 [main] INFO  ha.OMHANodeDetails (OMHANodeDetails.java:loadOMHAConfig(190)) - Configuration either no ozone.om.address set. Falling back to the default OM address /127.0.0.1:0
2019-10-17 18:37:06,968 [main] INFO  ha.OMHANodeDetails (OMHANodeDetails.java:getOMNodeDetails(220)) - OM Service ID is not set. Setting it to the default ID: omServiceIdDefault
2019-10-17 18:37:06,969 [main] WARN  server.ServerUtils (ServerUtils.java:getDBPath(222)) - ozone.om.db.dirs is not configured. We recommend adding this setting. Falling back to ozone.metadata.dirs instead.
2019-10-17 18:37:06,970 [main] WARN  server.ServerUtils (ServerUtils.java:getDBPath(222)) - ozone.om.db.dirs is not configured. We recommend adding this setting. Falling back to ozone.metadata.dirs instead.
2019-10-17 18:37:07,568 [main] WARN  server.ServerUtils (ServerUtils.java:getDBPath(222)) - ozone.om.db.dirs is not configured. We recommend adding this setting. Falling back to ozone.metadata.dirs instead.
2019-10-17 18:37:07,576 [main] INFO  db.DBStoreBuilder (DBStoreBuilder.java:addTable(117)) - using custom profile for table: userTable
2019-10-17 18:37:07,576 [main] INFO  db.DBStoreBuilder (DBStoreBuilder.java:processTables(168)) - Using default column profile:DBProfile.DISK for Table:userTable
2019-10-17 18:37:07,576 [main] INFO  db.DBStoreBuilder (DBStoreBuilder.java:addTable(117)) - using custom profile for table: volumeTable
2019-10-17 18:37:07,576 [main] INFO  db.DBStoreBuilder (DBStoreBuilder.java:processTables(168)) - Using default column profile:DBProfile.DISK for Table:volumeTable
2019-10-17 18:37:07,577 [main] INFO  db.DBStoreBuilder (DBStoreBuilder.java:addTable(117)) - using custom profile for table: bucketTable
2019-10-17 18:37:07,577 [main] INFO  db.DBStoreBuilder (DBStoreBuilder.java:processTables(168)) - Using default column profile:DBProfile.DISK for Table:bucketTable
2019-10-17 18:37:07,577 [main] INFO  db.DBStoreBuilder (DBStoreBuilder.java:addTable(117)) - using custom profile for table: keyTable
2019-10-17 18:37:07,577 [main] INFO  db.DBStoreBuilder (DBStoreBuilder.java:processTables(168)) - Using default column profile:DBProfile.DISK for Table:keyTable
2019-10-17 18:37:07,578 [main] INFO  db.DBStoreBuilder (DBStoreBuilder.java:addTable(117)) - using custom profile for table: deletedTable
2019-10-17 18:37:07,578 [main] INFO  db.DBStoreBuilder (DBStoreBuilder.java:processTables(168)) - Using default column profile:DBProfile.DISK for Table:deletedTable
2019-10-17 18:37:07,578 [main] INFO  db.DBStoreBuilder (DBStoreBuilder.java:addTable(117)) - using custom profile for table: openKeyTable
2019-10-17 18:37:07,578 [main] INFO  db.DBStoreBuilder (DBStoreBuilder.java:processTables(168)) - Using default column profile:DBProfile.DISK for Table:openKeyTable
2019-10-17 18:37:07,579 [main] INFO  db.DBStoreBuilder (DBStoreBuilder.java:addTable(117)) - using custom profile for table: s3Table
2019-10-17 18:37:07,579 [main] INFO  db.DBStoreBuilder (DBStoreBuilder.java:processTables(168)) - Using default column profile:DBProfile.DISK for Table:s3Table
2019-10-17 18:37:07,579 [main] INFO  db.DBStoreBuilder (DBStoreBuilder.java:addTable(117)) - using custom profile for table: multipartInfoTable
2019-10-17 18:37:07,579 [main] INFO  db.DBStoreBuilder (DBStoreBuilder.java:processTables(168)) - Using default column profile:DBProfile.DISK for Table:multipartInfoTable
2019-10-17 18:37:07,579 [main] INFO  db.DBStoreBuilder (DBStoreBuilder.java:addTable(117)) - using custom profile for table: dTokenTable
2019-10-17 18:37:07,580 [main] INFO  db.DBStoreBuilder (DBStoreBuilder.java:processTables(168)) - Using default column profile:DBProfile.DISK for Table:dTokenTable
2019-10-17 18:37:07,580 [main] INFO  db.DBStoreBuilder (DBStoreBuilder.java:addTable(117)) - using custom profile for table: s3SecretTable
2019-10-17 18:37:07,580 [main] INFO  db.DBStoreBuilder (DBStoreBuilder.java:processTables(168)) - Using default column profile:DBProfile.DISK for Table:s3SecretTable
2019-10-17 18:37:07,580 [main] INFO  db.DBStoreBuilder (DBStoreBuilder.java:addTable(117)) - using custom profile for table: prefixTable
2019-10-17 18:37:07,580 [main] INFO  db.DBStoreBuilder (DBStoreBuilder.java:processTables(168)) - Using default column profile:DBProfile.DISK for Table:prefixTable
2019-10-17 18:37:07,581 [main] INFO  db.DBStoreBuilder (DBStoreBuilder.java:addTable(117)) - using custom profile for table: default
2019-10-17 18:37:07,581 [main] INFO  db.DBStoreBuilder (DBStoreBuilder.java:processTables(174)) - Using default column profile:DBProfile.DISK for Table:default
2019-10-17 18:37:07,581 [main] INFO  db.DBStoreBuilder (DBStoreBuilder.java:getDbProfile(205)) - Using default options. DBProfile.DISK
2019-10-17 18:37:08,031 [main] INFO  ipc.CallQueueManager (CallQueueManager.java:<init>(84)) - Using callQueue: class java.util.concurrent.LinkedBlockingQueue, queueCapacity: 2000, scheduler: class org.apache.hadoop.ipc.DefaultRpcScheduler, ipcBackoff: false.
2019-10-17 18:37:08,032 [Socket Reader #1 for port 46568] INFO  ipc.Server (Server.java:run(1074)) - Starting Socket Reader #1 for port 46568
2019-10-17 18:37:08,058 [main] INFO  om.OzoneManager (OzoneManager.java:start(1071)) - OzoneManager RPC server is listening at localhost/127.0.0.1:46568
2019-10-17 18:37:08,058 [main] INFO  impl.MetricsSystemImpl (MetricsSystemImpl.java:init(158)) - OzoneManager metrics system started (again)
2019-10-17 18:37:08,066 [IPC Server Responder] INFO  ipc.Server (Server.java:run(1314)) - IPC Server Responder: starting
2019-10-17 18:37:08,066 [IPC Server listener on 46568] INFO  ipc.Server (Server.java:run(1153)) - IPC Server listener on 46568: starting
2019-10-17 18:37:08,071 [main] INFO  hdfs.DFSUtil (DFSUtil.java:httpServerTemplateForNNAndJN(1641)) - Starting Web-server for ozoneManager at: http://0.0.0.0:0
2019-10-17 18:37:08,074 [main] INFO  server.AuthenticationFilter (AuthenticationFilter.java:constructSecretProvider(240)) - Unable to initialize FileSignerSecretProvider, falling back to use random secrets.
2019-10-17 18:37:08,075 [main] WARN  http.HttpRequestLog (HttpRequestLog.java:getRequestLog(97)) - Jetty request log can only be enabled using Log4j
2019-10-17 18:37:08,078 [main] INFO  http.HttpServer2 (HttpServer2.java:addGlobalFilter(975)) - Added global filter 'safety' (class=org.apache.hadoop.http.HttpServer2$QuotingInputFilter)
2019-10-17 18:37:08,079 [main] INFO  http.HttpServer2 (HttpServer2.java:addFilter(948)) - Added filter static_user_filter (class=org.apache.hadoop.http.lib.StaticUserWebFilter$StaticUserFilter) to context ozoneManager
2019-10-17 18:37:08,080 [main] INFO  http.HttpServer2 (HttpServer2.java:addFilter(958)) - Added filter static_user_filter (class=org.apache.hadoop.http.lib.StaticUserWebFilter$StaticUserFilter) to context static
2019-10-17 18:37:08,080 [main] INFO  http.HttpServer2 (HttpServer2.java:addFilter(958)) - Added filter static_user_filter (class=org.apache.hadoop.http.lib.StaticUserWebFilter$StaticUserFilter) to context logs
2019-10-17 18:37:08,083 [main] INFO  http.HttpServer2 (HttpServer2.java:bindListener(1191)) - Jetty bound to port 41716
2019-10-17 18:37:08,084 [main] INFO  server.Server (Server.java:doStart(351)) - jetty-9.3.25.v20180904, build timestamp: 2018-09-04T21:11:46Z, git hash: 3ce520221d0240229c862b122d2b06c12a625732
2019-10-17 18:37:08,087 [main] INFO  handler.ContextHandler (ContextHandler.java:doStart(781)) - Started o.e.j.s.ServletContextHandler@aa10649{/logs,file:///workdir/hadoop-ozone/integration-test/target/log,AVAILABLE}
2019-10-17 18:37:08,088 [main] INFO  handler.ContextHandler (ContextHandler.java:doStart(781)) - Started o.e.j.s.ServletContextHandler@37095ded{/static,file:///workdir/hadoop-ozone/integration-test/target/test-classes/webapps/static,AVAILABLE}
2019-10-17 18:37:08,095 [main] INFO  handler.ContextHandler (ContextHandler.java:doStart(781)) - Started o.e.j.w.WebAppContext@75b3673{/,file:///workdir/hadoop-ozone/integration-test/target/test-classes/webapps/ozoneManager/,AVAILABLE}{/ozoneManager}
2019-10-17 18:37:08,096 [main] INFO  server.AbstractConnector (AbstractConnector.java:doStart(278)) - Started ServerConnector@1bcb79c2{HTTP/1.1,[http/1.1]}{0.0.0.0:41716}
2019-10-17 18:37:08,097 [main] INFO  server.Server (Server.java:doStart(419)) - Started @4151ms
2019-10-17 18:37:08,097 [main] WARN  impl.MetricsSystemImpl (MetricsSystemImpl.java:register(276)) - Sink prometheus already exists!
2019-10-17 18:37:08,099 [main] INFO  server.BaseHttpServer (BaseHttpServer.java:updateConnectorAddress(215)) - HTTP server of OZONEMANAGER is listening at http://0.0.0.0:41716
2019-10-17 18:37:08,415 [main] INFO  impl.MetricsSystemImpl (MetricsSystemImpl.java:init(158)) - HddsDatanode metrics system started (again)
2019-10-17 18:37:08,459 [main] INFO  ozone.HddsDatanodeService (HddsDatanodeService.java:start(184)) - HddsDatanodeService host:pr-hdds-2318-qqrts-113280968 ip:192.168.157.251
2019-10-17 18:37:08,490 [main] INFO  volume.HddsVolume (HddsVolume.java:<init>(176)) - Creating Volume: /workdir/hadoop-ozone/integration-test/target/test-dir/MiniOzoneClusterImpl-7c97e77e-72d1-4dbe-ba9d-252c38b2309c/datanode-0/data/containers/hdds of  storage type : DISK and capacity : 1482555576320
2019-10-17 18:37:08,492 [main] INFO  volume.VolumeSet (VolumeSet.java:initializeVolumeSet(170)) - Added Volume : /workdir/hadoop-ozone/integration-test/target/test-dir/MiniOzoneClusterImpl-7c97e77e-72d1-4dbe-ba9d-252c38b2309c/datanode-0/data/containers/hdds to VolumeSet
2019-10-17 18:37:08,494 [main] INFO  volume.ThrottledAsyncChecker (ThrottledAsyncChecker.java:schedule(141)) - Scheduling a check for /workdir/hadoop-ozone/integration-test/target/test-dir/MiniOzoneClusterImpl-7c97e77e-72d1-4dbe-ba9d-252c38b2309c/datanode-0/data/containers/hdds
2019-10-17 18:37:08,510 [main] INFO  volume.HddsVolumeChecker (HddsVolumeChecker.java:checkAllVolumes(204)) - Scheduled health check for volume /workdir/hadoop-ozone/integration-test/target/test-dir/MiniOzoneClusterImpl-7c97e77e-72d1-4dbe-ba9d-252c38b2309c/datanode-0/data/containers/hdds
2019-10-17 18:37:08,612 [main] INFO  impl.RaftServerProxy (ConfUtils.java:logGet(43)) - raft.rpc.type = GRPC (default)
2019-10-17 18:37:08,671 [main] INFO  grpc.GrpcFactory (GrpcFactory.java:checkPooledByteBufAllocatorUseCacheForAllThreads(45)) - PERFORMANCE WARNING: useCacheForAllThreads is true that may cause Netty to create a lot garbage objects and, as a result, trigger GC.
	It is recommended to disable useCacheForAllThreads by setting -Dorg.apache.ratis.thirdparty.io.netty.allocator.useCacheForAllThreads=false in command line.
2019-10-17 18:37:08,676 [main] INFO  grpc.GrpcConfigKeys$Server (ConfUtils.java:logGet(43)) - raft.grpc.server.port = 0 (default)
2019-10-17 18:37:08,677 [main] INFO  server.GrpcService (ConfUtils.java:logGet(43)) - raft.grpc.message.size.max = 33570816 (custom)
2019-10-17 18:37:08,678 [main] INFO  server.RaftServerConfigKeys (ConfUtils.java:logGet(43)) - raft.server.log.appender.buffer.byte-limit = 33554432 (custom)
2019-10-17 18:37:08,679 [main] INFO  server.GrpcService (ConfUtils.java:logGet(43)) - raft.grpc.flow.control.window = 1MB (=1048576) (default)
2019-10-17 18:37:08,680 [main] INFO  server.RaftServerConfigKeys (ConfUtils.java:logGet(43)) - raft.server.rpc.request.timeout = 3000ms (default)
2019-10-17 18:37:08,822 [main] INFO  server.RaftServerConfigKeys (ConfUtils.java:logGet(43)) - raft.server.storage.dir = [/workdir/hadoop-ozone/integration-test/target/test-dir/MiniOzoneClusterImpl-7c97e77e-72d1-4dbe-ba9d-252c38b2309c/datanode-0/data/ratis] (custom)
2019-10-17 18:37:08,869 [main] INFO  hdfs.DFSUtil (DFSUtil.java:httpServerTemplateForNNAndJN(1641)) - Starting Web-server for hddsDatanode at: http://0.0.0.0:0
2019-10-17 18:37:08,872 [main] INFO  server.AuthenticationFilter (AuthenticationFilter.java:constructSecretProvider(240)) - Unable to initialize FileSignerSecretProvider, falling back to use random secrets.
2019-10-17 18:37:08,872 [main] WARN  http.HttpRequestLog (HttpRequestLog.java:getRequestLog(97)) - Jetty request log can only be enabled using Log4j
2019-10-17 18:37:08,875 [main] INFO  http.HttpServer2 (HttpServer2.java:addGlobalFilter(975)) - Added global filter 'safety' (class=org.apache.hadoop.http.HttpServer2$QuotingInputFilter)
2019-10-17 18:37:08,876 [main] INFO  http.HttpServer2 (HttpServer2.java:addFilter(948)) - Added filter static_user_filter (class=org.apache.hadoop.http.lib.StaticUserWebFilter$StaticUserFilter) to context hddsDatanode
2019-10-17 18:37:08,876 [main] INFO  http.HttpServer2 (HttpServer2.java:addFilter(958)) - Added filter static_user_filter (class=org.apache.hadoop.http.lib.StaticUserWebFilter$StaticUserFilter) to context logs
2019-10-17 18:37:08,877 [main] INFO  http.HttpServer2 (HttpServer2.java:addFilter(958)) - Added filter static_user_filter (class=org.apache.hadoop.http.lib.StaticUserWebFilter$StaticUserFilter) to context static
2019-10-17 18:37:08,878 [main] INFO  http.HttpServer2 (HttpServer2.java:bindListener(1191)) - Jetty bound to port 43609
2019-10-17 18:37:08,878 [main] INFO  server.Server (Server.java:doStart(351)) - jetty-9.3.25.v20180904, build timestamp: 2018-09-04T21:11:46Z, git hash: 3ce520221d0240229c862b122d2b06c12a625732
2019-10-17 18:37:08,882 [main] INFO  handler.ContextHandler (ContextHandler.java:doStart(781)) - Started o.e.j.s.ServletContextHandler@60cf62ad{/logs,file:///workdir/hadoop-ozone/integration-test/target/log,AVAILABLE}
2019-10-17 18:37:08,882 [main] INFO  handler.ContextHandler (ContextHandler.java:doStart(781)) - Started o.e.j.s.ServletContextHandler@1ac4ccad{/static,jar:file:/home/user/.m2/repository/org/apache/hadoop/hadoop-hdds-container-service/0.5.0-SNAPSHOT/hadoop-hdds-container-service-0.5.0-SNAPSHOT.jar!/webapps/static,AVAILABLE}
2019-10-17 18:37:08,935 [main] INFO  handler.ContextHandler (ContextHandler.java:doStart(781)) - Started o.e.j.w.WebAppContext@de8039f{/,file:///tmp/jetty-0.0.0.0-43609-hddsDatanode-_-any-2113246802595061560.dir/webapp/,AVAILABLE}{/hddsDatanode}
2019-10-17 18:37:08,936 [main] INFO  server.AbstractConnector (AbstractConnector.java:doStart(278)) - Started ServerConnector@1deceb67{HTTP/1.1,[http/1.1]}{0.0.0.0:43609}
2019-10-17 18:37:08,936 [main] INFO  server.Server (Server.java:doStart(419)) - Started @4991ms
2019-10-17 18:37:08,937 [main] WARN  impl.MetricsSystemImpl (MetricsSystemImpl.java:register(276)) - Sink prometheus already exists!
2019-10-17 18:37:08,938 [main] INFO  server.BaseHttpServer (BaseHttpServer.java:updateConnectorAddress(215)) - HTTP server of HDDSDATANODE is listening at http://0.0.0.0:43609
2019-10-17 18:37:08,940 [main] INFO  impl.MetricsSystemImpl (MetricsSystemImpl.java:init(158)) - HddsDatanode metrics system started (again)
2019-10-17 18:37:08,943 [main] INFO  ozone.HddsDatanodeService (HddsDatanodeService.java:start(184)) - HddsDatanodeService host:pr-hdds-2318-qqrts-113280968 ip:192.168.157.251
2019-10-17 18:37:08,946 [org.apache.hadoop.util.JvmPauseMonitor$Monitor@17ace57b] INFO  util.JvmPauseMonitor (JvmPauseMonitor.java:run(188)) - Starting JVM pause monitor
2019-10-17 18:37:08,953 [main] INFO  volume.HddsVolume (HddsVolume.java:<init>(176)) - Creating Volume: /workdir/hadoop-ozone/integration-test/target/test-dir/MiniOzoneClusterImpl-7c97e77e-72d1-4dbe-ba9d-252c38b2309c/datanode-1/data/containers/hdds of  storage type : DISK and capacity : 1482555576320
2019-10-17 18:37:08,954 [main] INFO  volume.VolumeSet (VolumeSet.java:initializeVolumeSet(170)) - Added Volume : /workdir/hadoop-ozone/integration-test/target/test-dir/MiniOzoneClusterImpl-7c97e77e-72d1-4dbe-ba9d-252c38b2309c/datanode-1/data/containers/hdds to VolumeSet
2019-10-17 18:37:08,954 [main] INFO  volume.ThrottledAsyncChecker (ThrottledAsyncChecker.java:schedule(141)) - Scheduling a check for /workdir/hadoop-ozone/integration-test/target/test-dir/MiniOzoneClusterImpl-7c97e77e-72d1-4dbe-ba9d-252c38b2309c/datanode-1/data/containers/hdds
2019-10-17 18:37:08,955 [main] INFO  volume.HddsVolumeChecker (HddsVolumeChecker.java:checkAllVolumes(204)) - Scheduled health check for volume /workdir/hadoop-ozone/integration-test/target/test-dir/MiniOzoneClusterImpl-7c97e77e-72d1-4dbe-ba9d-252c38b2309c/datanode-1/data/containers/hdds
2019-10-17 18:37:08,974 [main] INFO  impl.RaftServerProxy (ConfUtils.java:logGet(43)) - raft.rpc.type = GRPC (default)
2019-10-17 18:37:08,975 [main] INFO  grpc.GrpcFactory (GrpcFactory.java:checkPooledByteBufAllocatorUseCacheForAllThreads(45)) - PERFORMANCE WARNING: useCacheForAllThreads is true that may cause Netty to create a lot garbage objects and, as a result, trigger GC.
	It is recommended to disable useCacheForAllThreads by setting -Dorg.apache.ratis.thirdparty.io.netty.allocator.useCacheForAllThreads=false in command line.
2019-10-17 18:37:08,975 [main] INFO  grpc.GrpcConfigKeys$Server (ConfUtils.java:logGet(43)) - raft.grpc.server.port = 0 (default)
2019-10-17 18:37:08,975 [main] INFO  server.GrpcService (ConfUtils.java:logGet(43)) - raft.grpc.message.size.max = 33570816 (custom)
2019-10-17 18:37:08,976 [main] INFO  server.RaftServerConfigKeys (ConfUtils.java:logGet(43)) - raft.server.log.appender.buffer.byte-limit = 33554432 (custom)
2019-10-17 18:37:08,976 [main] INFO  server.GrpcService (ConfUtils.java:logGet(43)) - raft.grpc.flow.control.window = 1MB (=1048576) (default)
2019-10-17 18:37:08,976 [main] INFO  server.RaftServerConfigKeys (ConfUtils.java:logGet(43)) - raft.server.rpc.request.timeout = 3000ms (default)
2019-10-17 18:37:08,977 [main] INFO  server.RaftServerConfigKeys (ConfUtils.java:logGet(43)) - raft.server.storage.dir = [/workdir/hadoop-ozone/integration-test/target/test-dir/MiniOzoneClusterImpl-7c97e77e-72d1-4dbe-ba9d-252c38b2309c/datanode-1/data/ratis] (custom)
2019-10-17 18:37:08,979 [main] INFO  hdfs.DFSUtil (DFSUtil.java:httpServerTemplateForNNAndJN(1641)) - Starting Web-server for hddsDatanode at: http://0.0.0.0:0
2019-10-17 18:37:08,981 [main] INFO  server.AuthenticationFilter (AuthenticationFilter.java:constructSecretProvider(240)) - Unable to initialize FileSignerSecretProvider, falling back to use random secrets.
2019-10-17 18:37:08,982 [main] WARN  http.HttpRequestLog (HttpRequestLog.java:getRequestLog(97)) - Jetty request log can only be enabled using Log4j
2019-10-17 18:37:08,984 [main] INFO  http.HttpServer2 (HttpServer2.java:addGlobalFilter(975)) - Added global filter 'safety' (class=org.apache.hadoop.http.HttpServer2$QuotingInputFilter)
2019-10-17 18:37:08,984 [main] INFO  http.HttpServer2 (HttpServer2.java:addFilter(948)) - Added filter static_user_filter (class=org.apache.hadoop.http.lib.StaticUserWebFilter$StaticUserFilter) to context hddsDatanode
2019-10-17 18:37:08,985 [main] INFO  http.HttpServer2 (HttpServer2.java:addFilter(958)) - Added filter static_user_filter (class=org.apache.hadoop.http.lib.StaticUserWebFilter$StaticUserFilter) to context logs
2019-10-17 18:37:08,985 [main] INFO  http.HttpServer2 (HttpServer2.java:addFilter(958)) - Added filter static_user_filter (class=org.apache.hadoop.http.lib.StaticUserWebFilter$StaticUserFilter) to context static
2019-10-17 18:37:08,986 [main] INFO  http.HttpServer2 (HttpServer2.java:bindListener(1191)) - Jetty bound to port 40960
2019-10-17 18:37:08,986 [main] INFO  server.Server (Server.java:doStart(351)) - jetty-9.3.25.v20180904, build timestamp: 2018-09-04T21:11:46Z, git hash: 3ce520221d0240229c862b122d2b06c12a625732
2019-10-17 18:37:08,991 [main] INFO  handler.ContextHandler (ContextHandler.java:doStart(781)) - Started o.e.j.s.ServletContextHandler@1907874b{/logs,file:///workdir/hadoop-ozone/integration-test/target/log,AVAILABLE}
2019-10-17 18:37:08,991 [main] INFO  handler.ContextHandler (ContextHandler.java:doStart(781)) - Started o.e.j.s.ServletContextHandler@5b3a7ef5{/static,jar:file:/home/user/.m2/repository/org/apache/hadoop/hadoop-hdds-container-service/0.5.0-SNAPSHOT/hadoop-hdds-container-service-0.5.0-SNAPSHOT.jar!/webapps/static,AVAILABLE}
2019-10-17 18:37:09,028 [main] INFO  handler.ContextHandler (ContextHandler.java:doStart(781)) - Started o.e.j.w.WebAppContext@660f0c{/,file:///tmp/jetty-0.0.0.0-40960-hddsDatanode-_-any-5669264069080917676.dir/webapp/,AVAILABLE}{/hddsDatanode}
2019-10-17 18:37:09,029 [main] INFO  server.AbstractConnector (AbstractConnector.java:doStart(278)) - Started ServerConnector@7a0ef219{HTTP/1.1,[http/1.1]}{0.0.0.0:40960}
2019-10-17 18:37:09,029 [main] INFO  server.Server (Server.java:doStart(419)) - Started @5084ms
2019-10-17 18:37:09,030 [main] WARN  impl.MetricsSystemImpl (MetricsSystemImpl.java:register(276)) - Sink prometheus already exists!
2019-10-17 18:37:09,034 [main] INFO  server.BaseHttpServer (BaseHttpServer.java:updateConnectorAddress(215)) - HTTP server of HDDSDATANODE is listening at http://0.0.0.0:40960
2019-10-17 18:37:09,034 [main] INFO  impl.MetricsSystemImpl (MetricsSystemImpl.java:init(158)) - HddsDatanode metrics system started (again)
2019-10-17 18:37:09,037 [main] INFO  ozone.HddsDatanodeService (HddsDatanodeService.java:start(184)) - HddsDatanodeService host:pr-hdds-2318-qqrts-113280968 ip:192.168.157.251
2019-10-17 18:37:09,038 [org.apache.hadoop.util.JvmPauseMonitor$Monitor@16d3df91] INFO  util.JvmPauseMonitor (JvmPauseMonitor.java:run(188)) - Starting JVM pause monitor
2019-10-17 18:37:09,047 [main] INFO  volume.HddsVolume (HddsVolume.java:<init>(176)) - Creating Volume: /workdir/hadoop-ozone/integration-test/target/test-dir/MiniOzoneClusterImpl-7c97e77e-72d1-4dbe-ba9d-252c38b2309c/datanode-2/data/containers/hdds of  storage type : DISK and capacity : 1482555576320
2019-10-17 18:37:09,047 [main] INFO  volume.VolumeSet (VolumeSet.java:initializeVolumeSet(170)) - Added Volume : /workdir/hadoop-ozone/integration-test/target/test-dir/MiniOzoneClusterImpl-7c97e77e-72d1-4dbe-ba9d-252c38b2309c/datanode-2/data/containers/hdds to VolumeSet
2019-10-17 18:37:09,047 [main] INFO  volume.ThrottledAsyncChecker (ThrottledAsyncChecker.java:schedule(141)) - Scheduling a check for /workdir/hadoop-ozone/integration-test/target/test-dir/MiniOzoneClusterImpl-7c97e77e-72d1-4dbe-ba9d-252c38b2309c/datanode-2/data/containers/hdds
2019-10-17 18:37:09,048 [main] INFO  volume.HddsVolumeChecker (HddsVolumeChecker.java:checkAllVolumes(204)) - Scheduled health check for volume /workdir/hadoop-ozone/integration-test/target/test-dir/MiniOzoneClusterImpl-7c97e77e-72d1-4dbe-ba9d-252c38b2309c/datanode-2/data/containers/hdds
2019-10-17 18:37:09,071 [main] INFO  impl.RaftServerProxy (ConfUtils.java:logGet(43)) - raft.rpc.type = GRPC (default)
2019-10-17 18:37:09,072 [main] INFO  grpc.GrpcFactory (GrpcFactory.java:checkPooledByteBufAllocatorUseCacheForAllThreads(45)) - PERFORMANCE WARNING: useCacheForAllThreads is true that may cause Netty to create a lot garbage objects and, as a result, trigger GC.
	It is recommended to disable useCacheForAllThreads by setting -Dorg.apache.ratis.thirdparty.io.netty.allocator.useCacheForAllThreads=false in command line.
2019-10-17 18:37:09,072 [main] INFO  grpc.GrpcConfigKeys$Server (ConfUtils.java:logGet(43)) - raft.grpc.server.port = 0 (default)
2019-10-17 18:37:09,072 [main] INFO  server.GrpcService (ConfUtils.java:logGet(43)) - raft.grpc.message.size.max = 33570816 (custom)
2019-10-17 18:37:09,073 [main] INFO  server.RaftServerConfigKeys (ConfUtils.java:logGet(43)) - raft.server.log.appender.buffer.byte-limit = 33554432 (custom)
2019-10-17 18:37:09,073 [main] INFO  server.GrpcService (ConfUtils.java:logGet(43)) - raft.grpc.flow.control.window = 1MB (=1048576) (default)
2019-10-17 18:37:09,074 [main] INFO  server.RaftServerConfigKeys (ConfUtils.java:logGet(43)) - raft.server.rpc.request.timeout = 3000ms (default)
2019-10-17 18:37:09,075 [main] INFO  server.RaftServerConfigKeys (ConfUtils.java:logGet(43)) - raft.server.storage.dir = [/workdir/hadoop-ozone/integration-test/target/test-dir/MiniOzoneClusterImpl-7c97e77e-72d1-4dbe-ba9d-252c38b2309c/datanode-2/data/ratis] (custom)
2019-10-17 18:37:09,076 [Datanode State Machine Thread - 0] INFO  datanode.InitDatanodeState (InitDatanodeState.java:persistContainerDatanodeDetails(140)) - DatanodeDetails is persisted to /workdir/hadoop-ozone/integration-test/target/test-dir/MiniOzoneClusterImpl-7c97e77e-72d1-4dbe-ba9d-252c38b2309c/datanode-0/meta/datanode.id
2019-10-17 18:37:09,077 [main] INFO  hdfs.DFSUtil (DFSUtil.java:httpServerTemplateForNNAndJN(1641)) - Starting Web-server for hddsDatanode at: http://0.0.0.0:0
2019-10-17 18:37:09,080 [main] INFO  server.AuthenticationFilter (AuthenticationFilter.java:constructSecretProvider(240)) - Unable to initialize FileSignerSecretProvider, falling back to use random secrets.
2019-10-17 18:37:09,081 [Datanode State Machine Thread - 0] INFO  datanode.InitDatanodeState (InitDatanodeState.java:persistContainerDatanodeDetails(140)) - DatanodeDetails is persisted to /workdir/hadoop-ozone/integration-test/target/test-dir/MiniOzoneClusterImpl-7c97e77e-72d1-4dbe-ba9d-252c38b2309c/datanode-1/meta/datanode.id
2019-10-17 18:37:09,081 [main] WARN  http.HttpRequestLog (HttpRequestLog.java:getRequestLog(97)) - Jetty request log can only be enabled using Log4j
2019-10-17 18:37:09,083 [main] INFO  http.HttpServer2 (HttpServer2.java:addGlobalFilter(975)) - Added global filter 'safety' (class=org.apache.hadoop.http.HttpServer2$QuotingInputFilter)
2019-10-17 18:37:09,084 [main] INFO  http.HttpServer2 (HttpServer2.java:addFilter(948)) - Added filter static_user_filter (class=org.apache.hadoop.http.lib.StaticUserWebFilter$StaticUserFilter) to context hddsDatanode
2019-10-17 18:37:09,084 [main] INFO  http.HttpServer2 (HttpServer2.java:addFilter(958)) - Added filter static_user_filter (class=org.apache.hadoop.http.lib.StaticUserWebFilter$StaticUserFilter) to context logs
2019-10-17 18:37:09,084 [main] INFO  http.HttpServer2 (HttpServer2.java:addFilter(958)) - Added filter static_user_filter (class=org.apache.hadoop.http.lib.StaticUserWebFilter$StaticUserFilter) to context static
2019-10-17 18:37:09,085 [main] INFO  http.HttpServer2 (HttpServer2.java:bindListener(1191)) - Jetty bound to port 37177
2019-10-17 18:37:09,085 [main] INFO  server.Server (Server.java:doStart(351)) - jetty-9.3.25.v20180904, build timestamp: 2018-09-04T21:11:46Z, git hash: 3ce520221d0240229c862b122d2b06c12a625732
2019-10-17 18:37:09,087 [main] INFO  handler.ContextHandler (ContextHandler.java:doStart(781)) - Started o.e.j.s.ServletContextHandler@6069dd38{/logs,file:///workdir/hadoop-ozone/integration-test/target/log,AVAILABLE}
2019-10-17 18:37:09,088 [main] INFO  handler.ContextHandler (ContextHandler.java:doStart(781)) - Started o.e.j.s.ServletContextHandler@558756be{/static,jar:file:/home/user/.m2/repository/org/apache/hadoop/hadoop-hdds-container-service/0.5.0-SNAPSHOT/hadoop-hdds-container-service-0.5.0-SNAPSHOT.jar!/webapps/static,AVAILABLE}
2019-10-17 18:37:09,126 [main] INFO  handler.ContextHandler (ContextHandler.java:doStart(781)) - Started o.e.j.w.WebAppContext@54e3658c{/,file:///tmp/jetty-0.0.0.0-37177-hddsDatanode-_-any-5149069077789596132.dir/webapp/,AVAILABLE}{/hddsDatanode}
2019-10-17 18:37:09,128 [main] INFO  server.AbstractConnector (AbstractConnector.java:doStart(278)) - Started ServerConnector@43e9089{HTTP/1.1,[http/1.1]}{0.0.0.0:37177}
2019-10-17 18:37:09,129 [main] INFO  server.Server (Server.java:doStart(419)) - Started @5183ms
2019-10-17 18:37:09,129 [main] WARN  impl.MetricsSystemImpl (MetricsSystemImpl.java:register(276)) - Sink prometheus already exists!
2019-10-17 18:37:09,131 [main] INFO  server.BaseHttpServer (BaseHttpServer.java:updateConnectorAddress(215)) - HTTP server of HDDSDATANODE is listening at http://0.0.0.0:37177
2019-10-17 18:37:09,133 [main] INFO  ozone.MiniOzoneClusterImpl (MiniOzoneClusterImpl.java:lambda$waitForClusterToBeReady$0(147)) - Waiting for cluster to be ready. Got 0 of 3 DN Heartbeats.
2019-10-17 18:37:09,134 [org.apache.hadoop.util.JvmPauseMonitor$Monitor@2fd94102] INFO  util.JvmPauseMonitor (JvmPauseMonitor.java:run(188)) - Starting JVM pause monitor
2019-10-17 18:37:09,137 [Datanode State Machine Thread - 0] INFO  datanode.InitDatanodeState (InitDatanodeState.java:persistContainerDatanodeDetails(140)) - DatanodeDetails is persisted to /workdir/hadoop-ozone/integration-test/target/test-dir/MiniOzoneClusterImpl-7c97e77e-72d1-4dbe-ba9d-252c38b2309c/datanode-2/meta/datanode.id
2019-10-17 18:37:10,134 [main] INFO  ozone.MiniOzoneClusterImpl (MiniOzoneClusterImpl.java:lambda$waitForClusterToBeReady$0(147)) - Waiting for cluster to be ready. Got 0 of 3 DN Heartbeats.
2019-10-17 18:37:11,134 [main] INFO  ozone.MiniOzoneClusterImpl (MiniOzoneClusterImpl.java:lambda$waitForClusterToBeReady$0(147)) - Waiting for cluster to be ready. Got 0 of 3 DN Heartbeats.
2019-10-17 18:37:12,136 [main] INFO  ozone.MiniOzoneClusterImpl (MiniOzoneClusterImpl.java:lambda$waitForClusterToBeReady$0(147)) - Waiting for cluster to be ready. Got 0 of 3 DN Heartbeats.
2019-10-17 18:37:12,800 [Datanode State Machine Thread - 0] INFO  ozoneimpl.OzoneContainer (OzoneContainer.java:start(213)) - Attempting to start container services.
2019-10-17 18:37:12,800 [Datanode State Machine Thread - 0] INFO  ozoneimpl.OzoneContainer (OzoneContainer.java:start(213)) - Attempting to start container services.
2019-10-17 18:37:12,800 [Datanode State Machine Thread - 0] INFO  ozoneimpl.OzoneContainer (OzoneContainer.java:start(213)) - Attempting to start container services.
2019-10-17 18:37:12,805 [Datanode State Machine Thread - 0] INFO  ozoneimpl.OzoneContainer (OzoneContainer.java:startContainerScrub(177)) - Background container scanner has been disabled.
2019-10-17 18:37:12,805 [Datanode State Machine Thread - 0] INFO  ratis.XceiverServerRatis (XceiverServerRatis.java:start(418)) - Starting XceiverServerRatis 09ea8095-e0f7-4a15-a25f-71748f8d4e7f at port 0
2019-10-17 18:37:12,805 [Datanode State Machine Thread - 0] INFO  ozoneimpl.OzoneContainer (OzoneContainer.java:startContainerScrub(177)) - Background container scanner has been disabled.
2019-10-17 18:37:12,805 [Datanode State Machine Thread - 0] INFO  ozoneimpl.OzoneContainer (OzoneContainer.java:startContainerScrub(177)) - Background container scanner has been disabled.
2019-10-17 18:37:12,806 [Datanode State Machine Thread - 0] INFO  ratis.XceiverServerRatis (XceiverServerRatis.java:start(418)) - Starting XceiverServerRatis 7b069786-c4de-4177-a49c-78057d3e7b27 at port 0
2019-10-17 18:37:12,806 [Datanode State Machine Thread - 0] INFO  ratis.XceiverServerRatis (XceiverServerRatis.java:start(418)) - Starting XceiverServerRatis 0d68154c-bc1a-4b17-bcf5-90972ecdd7ac at port 0
2019-10-17 18:37:12,850 [Datanode State Machine Thread - 0] INFO  impl.RaftServerProxy (RaftServerProxy.java:lambda$start$3(299)) - 09ea8095-e0f7-4a15-a25f-71748f8d4e7f: start RPC server
2019-10-17 18:37:12,850 [Datanode State Machine Thread - 0] INFO  impl.RaftServerProxy (RaftServerProxy.java:lambda$start$3(299)) - 0d68154c-bc1a-4b17-bcf5-90972ecdd7ac: start RPC server
2019-10-17 18:37:12,850 [Datanode State Machine Thread - 0] INFO  impl.RaftServerProxy (RaftServerProxy.java:lambda$start$3(299)) - 7b069786-c4de-4177-a49c-78057d3e7b27: start RPC server
2019-10-17 18:37:12,976 [Datanode State Machine Thread - 0] INFO  server.GrpcService (GrpcService.java:startImpl(158)) - 09ea8095-e0f7-4a15-a25f-71748f8d4e7f: GrpcService started, listening on 0.0.0.0/0.0.0.0:43128
2019-10-17 18:37:12,976 [Datanode State Machine Thread - 0] INFO  server.GrpcService (GrpcService.java:startImpl(158)) - 7b069786-c4de-4177-a49c-78057d3e7b27: GrpcService started, listening on 0.0.0.0/0.0.0.0:46071
2019-10-17 18:37:12,976 [Datanode State Machine Thread - 0] INFO  server.GrpcService (GrpcService.java:startImpl(158)) - 0d68154c-bc1a-4b17-bcf5-90972ecdd7ac: GrpcService started, listening on 0.0.0.0/0.0.0.0:40580
2019-10-17 18:37:12,977 [Datanode State Machine Thread - 0] INFO  ratis.XceiverServerRatis (XceiverServerRatis.java:start(428)) - XceiverServerRatis 7b069786-c4de-4177-a49c-78057d3e7b27 is started using port 46071
2019-10-17 18:37:12,976 [Datanode State Machine Thread - 0] INFO  ratis.XceiverServerRatis (XceiverServerRatis.java:start(428)) - XceiverServerRatis 09ea8095-e0f7-4a15-a25f-71748f8d4e7f is started using port 43128
2019-10-17 18:37:12,977 [Datanode State Machine Thread - 0] INFO  ratis.XceiverServerRatis (XceiverServerRatis.java:start(428)) - XceiverServerRatis 0d68154c-bc1a-4b17-bcf5-90972ecdd7ac is started using port 40580
2019-10-17 18:37:12,982 [Datanode State Machine Thread - 0] INFO  server.XceiverServerGrpc (XceiverServerGrpc.java:start(149)) - XceiverServerGrpc 09ea8095-e0f7-4a15-a25f-71748f8d4e7f is started using port 38727
2019-10-17 18:37:12,982 [Datanode State Machine Thread - 0] INFO  server.XceiverServerGrpc (XceiverServerGrpc.java:start(149)) - XceiverServerGrpc 0d68154c-bc1a-4b17-bcf5-90972ecdd7ac is started using port 33145
2019-10-17 18:37:12,983 [Datanode State Machine Thread - 0] INFO  server.XceiverServerGrpc (XceiverServerGrpc.java:start(149)) - XceiverServerGrpc 7b069786-c4de-4177-a49c-78057d3e7b27 is started using port 39695
2019-10-17 18:37:13,076 [IPC Server handler 3 on 46093] INFO  net.NetworkTopology (NetworkTopologyImpl.java:add(111)) - Added a new node: /default-rack/7b069786-c4de-4177-a49c-78057d3e7b27
2019-10-17 18:37:13,078 [IPC Server handler 3 on 46093] INFO  node.SCMNodeManager (SCMNodeManager.java:register(268)) - Registered Data node : 7b069786-c4de-4177-a49c-78057d3e7b27{ip: 192.168.157.251, host: pr-hdds-2318-qqrts-113280968, networkLocation: /default-rack, certSerialId: null}
2019-10-17 18:37:13,082 [EventQueue-NodeRegistrationContainerReportForDataNodeSafeModeRule] INFO  safemode.SCMSafeModeManager (DataNodeSafeModeRule.java:process(71)) - SCM in safe mode. 1 DataNodes registered, 1 required.
2019-10-17 18:37:13,082 [EventQueue-NodeRegistrationContainerReportForDataNodeSafeModeRule] INFO  safemode.SCMSafeModeManager (SCMSafeModeManager.java:validateSafeModeExitRules(177)) - ScmSafeModeManager, all rules are successfully validated
2019-10-17 18:37:13,082 [EventQueue-NodeRegistrationContainerReportForDataNodeSafeModeRule] INFO  safemode.SCMSafeModeManager (SCMSafeModeManager.java:exitSafeMode(193)) - SCM exiting safe mode.
2019-10-17 18:37:13,137 [main] INFO  ozone.MiniOzoneClusterImpl (MiniOzoneClusterImpl.java:lambda$waitForClusterToBeReady$0(147)) - Waiting for cluster to be ready. Got 1 of 3 DN Heartbeats.
2019-10-17 18:37:13,138 [IPC Server handler 2 on 46093] INFO  net.NetworkTopology (NetworkTopologyImpl.java:add(111)) - Added a new node: /default-rack/09ea8095-e0f7-4a15-a25f-71748f8d4e7f
2019-10-17 18:37:13,139 [IPC Server handler 2 on 46093] INFO  node.SCMNodeManager (SCMNodeManager.java:register(268)) - Registered Data node : 09ea8095-e0f7-4a15-a25f-71748f8d4e7f{ip: 192.168.157.251, host: pr-hdds-2318-qqrts-113280968, networkLocation: /default-rack, certSerialId: null}
2019-10-17 18:37:13,541 [grpc-default-executor-0] INFO  impl.RaftServerProxy (RaftServerProxy.java:addNew(89)) - 7b069786-c4de-4177-a49c-78057d3e7b27: addNew group-23D5F5600A60:[7b069786-c4de-4177-a49c-78057d3e7b27:192.168.157.251:46071] returns group-23D5F5600A60:java.util.concurrent.CompletableFuture@6bc525f5[Not completed]
2019-10-17 18:37:13,558 [pool-37-thread-1] INFO  impl.RaftServerImpl (RaftServerImpl.java:<init>(104)) - 7b069786-c4de-4177-a49c-78057d3e7b27: new RaftServerImpl for group-23D5F5600A60:[7b069786-c4de-4177-a49c-78057d3e7b27:192.168.157.251:46071] with ContainerStateMachine:uninitialized
2019-10-17 18:37:13,561 [pool-37-thread-1] INFO  server.RaftServerConfigKeys (ConfUtils.java:logGet(43)) - raft.server.rpc.timeout.min = 5s (custom)
2019-10-17 18:37:13,562 [pool-37-thread-1] INFO  server.RaftServerConfigKeys (ConfUtils.java:logGet(43)) - raft.server.rpc.timeout.max = 5200ms (custom)
2019-10-17 18:37:13,562 [pool-37-thread-1] INFO  server.RaftServerConfigKeys (ConfUtils.java:logGet(43)) - raft.server.rpcslowness.timeout = 1000s (custom)
2019-10-17 18:37:13,563 [pool-37-thread-1] INFO  server.RaftServerConfigKeys (ConfUtils.java:logGet(43)) - raft.server.sleep.deviation.threshold = 300 (default)
2019-10-17 18:37:13,564 [pool-37-thread-1] INFO  server.RaftServerConfigKeys (ConfUtils.java:logGet(43)) - raft.server.log.appender.install.snapshot.enabled = false (custom)
2019-10-17 18:37:13,574 [pool-37-thread-1] INFO  impl.RaftServerImpl (ServerState.java:<init>(103)) - 7b069786-c4de-4177-a49c-78057d3e7b27@group-23D5F5600A60: ConfigurationManager, init=-1: [7b069786-c4de-4177-a49c-78057d3e7b27:192.168.157.251:46071], old=null, confs=<EMPTY_MAP>
2019-10-17 18:37:13,574 [pool-37-thread-1] INFO  server.RaftServerConfigKeys (ConfUtils.java:logGet(43)) - raft.server.storage.dir = [/workdir/hadoop-ozone/integration-test/target/test-dir/MiniOzoneClusterImpl-7c97e77e-72d1-4dbe-ba9d-252c38b2309c/datanode-1/data/ratis] (custom)
2019-10-17 18:37:13,582 [pool-37-thread-1] INFO  server.RaftServerConfigKeys (ConfUtils.java:logGet(43)) - raft.server.log.corruption.policy = EXCEPTION (default)
2019-10-17 18:37:13,584 [pool-37-thread-1] INFO  storage.RaftStorageDirectory (RaftStorageDirectory.java:analyzeStorage(246)) - The storage directory /workdir/hadoop-ozone/integration-test/target/test-dir/MiniOzoneClusterImpl-7c97e77e-72d1-4dbe-ba9d-252c38b2309c/datanode-1/data/ratis/3683d52d-b9ee-45bc-af26-23d5f5600a60 does not exist. Creating ...
2019-10-17 18:37:14,122 [pool-37-thread-1] INFO  storage.RaftStorageDirectory (RaftStorageDirectory.java:tryLock(328)) - Lock on /workdir/hadoop-ozone/integration-test/target/test-dir/MiniOzoneClusterImpl-7c97e77e-72d1-4dbe-ba9d-252c38b2309c/datanode-1/data/ratis/3683d52d-b9ee-45bc-af26-23d5f5600a60/in_use.lock acquired by nodename 9147@pr-hdds-2318-qqrts-113280968
2019-10-17 18:37:14,138 [main] INFO  ozone.MiniOzoneClusterImpl (MiniOzoneClusterImpl.java:lambda$waitForClusterToBeReady$0(147)) - Waiting for cluster to be ready. Got 2 of 3 DN Heartbeats.
2019-10-17 18:37:14,155 [pool-37-thread-1] INFO  storage.RaftStorage (RaftStorage.java:format(84)) - Storage directory /workdir/hadoop-ozone/integration-test/target/test-dir/MiniOzoneClusterImpl-7c97e77e-72d1-4dbe-ba9d-252c38b2309c/datanode-1/data/ratis/3683d52d-b9ee-45bc-af26-23d5f5600a60 has been successfully formatted.
2019-10-17 18:37:14,158 [pool-37-thread-1] INFO  ratis.ContainerStateMachine (ContainerStateMachine.java:loadSnapshot(231)) - group-23D5F5600A60: The snapshot info is null. Setting the last applied indexto:(t:0, i:~)
2019-10-17 18:37:14,159 [pool-37-thread-1] INFO  server.RaftServerConfigKeys (ConfUtils.java:logGet(43)) - raft.server.notification.no-leader.timeout = 1000s (custom)
2019-10-17 18:37:14,162 [pool-37-thread-1] INFO  server.RaftServerConfigKeys (ConfUtils.java:logGet(43)) - raft.server.log.use.memory = false (default)
2019-10-17 18:37:14,169 [pool-37-thread-1] INFO  server.RaftServerConfigKeys (ConfUtils.java:logGet(43)) - raft.server.log.purge.gap = 1000000 (custom)
2019-10-17 18:37:14,169 [pool-37-thread-1] INFO  server.RaftServerConfigKeys (ConfUtils.java:logGet(43)) - raft.server.log.appender.buffer.byte-limit = 33554432 (custom)
2019-10-17 18:37:14,172 [pool-37-thread-1] INFO  server.RaftServerConfigKeys (ConfUtils.java:logGet(43)) - raft.server.log.segment.size.max = 1048576 (custom)
2019-10-17 18:37:14,174 [pool-37-thread-1] INFO  impl.MetricsSystemImpl (MetricsSystemImpl.java:init(158)) - ratis metrics system started (again)
2019-10-17 18:37:14,179 [pool-37-thread-1] INFO  metrics.MetricRegistries (MetricRegistriesLoader.java:load(64)) - Loaded MetricRegistries class org.apache.ratis.metrics.impl.MetricRegistriesImpl
2019-10-17 18:37:14,221 [pool-37-thread-1] INFO  server.RaftServerConfigKeys (ConfUtils.java:logGet(43)) - raft.server.log.segment.cache.num.max = 2 (custom)
2019-10-17 18:37:14,227 [pool-37-thread-1] INFO  segmented.SegmentedRaftLogWorker (SegmentedRaftLogWorker.java:<init>(173)) - new 7b069786-c4de-4177-a49c-78057d3e7b27@group-23D5F5600A60-SegmentedRaftLogWorker for RaftStorage:Storage Directory /workdir/hadoop-ozone/integration-test/target/test-dir/MiniOzoneClusterImpl-7c97e77e-72d1-4dbe-ba9d-252c38b2309c/datanode-1/data/ratis/3683d52d-b9ee-45bc-af26-23d5f5600a60
2019-10-17 18:37:14,227 [pool-37-thread-1] INFO  server.RaftServerConfigKeys (ConfUtils.java:logGet(43)) - raft.server.log.queue.byte-limit = 2147483647 (custom)
2019-10-17 18:37:14,228 [pool-37-thread-1] INFO  server.RaftServerConfigKeys (ConfUtils.java:logGet(43)) - raft.server.log.queue.element-limit = 1024 (custom)
2019-10-17 18:37:14,229 [pool-37-thread-1] INFO  server.RaftServerConfigKeys (ConfUtils.java:logGet(43)) - raft.server.log.segment.size.max = 1048576 (custom)
2019-10-17 18:37:14,230 [pool-37-thread-1] INFO  server.RaftServerConfigKeys (ConfUtils.java:logGet(43)) - raft.server.log.preallocated.size = 16384 (custom)
2019-10-17 18:37:14,230 [pool-37-thread-1] INFO  server.RaftServerConfigKeys (ConfUtils.java:logGet(43)) - raft.server.log.write.buffer.size = 33554432 (custom)
2019-10-17 18:37:14,230 [pool-37-thread-1] INFO  server.RaftServerConfigKeys (ConfUtils.java:logGet(43)) - raft.server.log.force.sync.num = 128 (default)
2019-10-17 18:37:14,231 [pool-37-thread-1] INFO  server.RaftServerConfigKeys (ConfUtils.java:logGet(43)) - raft.server.log.statemachine.data.sync = true (default)
2019-10-17 18:37:14,232 [pool-37-thread-1] INFO  server.RaftServerConfigKeys (ConfUtils.java:logGet(43)) - raft.server.log.statemachine.data.sync.timeout = 10s (default)
2019-10-17 18:37:14,232 [pool-37-thread-1] INFO  server.RaftServerConfigKeys (ConfUtils.java:logGet(43)) - raft.server.log.statemachine.data.sync.timeout.retry = -1 (default)
2019-10-17 18:37:14,244 [pool-37-thread-1] INFO  server.RaftServerConfigKeys (ConfUtils.java:logGet(43)) - raft.server.log.statemachine.data.caching.enabled = true (custom)
2019-10-17 18:37:14,248 [pool-37-thread-1] INFO  segmented.SegmentedRaftLogWorker (SegmentedRaftLogWorker.java:lambda$new$0(128)) - 7b069786-c4de-4177-a49c-78057d3e7b27@group-23D5F5600A60-SegmentedRaftLogWorker: flushIndex: setUnconditionally 0 -> -1
2019-10-17 18:37:14,252 [pool-37-thread-1] INFO  server.RaftServerConfigKeys (ConfUtils.java:logGet(43)) - raft.server.snapshot.auto.trigger.enabled = true (custom)
2019-10-17 18:37:14,253 [pool-37-thread-1] INFO  server.RaftServerConfigKeys (ConfUtils.java:logGet(43)) - raft.server.snapshot.auto.trigger.threshold = 10000 (custom)
2019-10-17 18:37:14,254 [pool-37-thread-1] INFO  server.RaftServerConfigKeys (ConfUtils.java:logGet(43)) - raft.server.snapshot.retention.file.num = 5 (custom)
2019-10-17 18:37:14,254 [pool-37-thread-1] INFO  server.RaftServerConfigKeys (ConfUtils.java:logGet(43)) - raft.server.retrycache.expirytime = 600000ms (custom)
2019-10-17 18:37:14,282 [pool-37-thread-1] INFO  impl.RaftServerImpl (RaftServerImpl.java:start(195)) - 7b069786-c4de-4177-a49c-78057d3e7b27@group-23D5F5600A60: start as a follower, conf=-1: [7b069786-c4de-4177-a49c-78057d3e7b27:192.168.157.251:46071], old=null
2019-10-17 18:37:14,283 [pool-37-thread-1] INFO  impl.RaftServerImpl (RaftServerImpl.java:setRole(184)) - 7b069786-c4de-4177-a49c-78057d3e7b27@group-23D5F5600A60: changes role from      null to FOLLOWER at term 0 for startAsFollower
2019-10-17 18:37:14,284 [pool-37-thread-1] INFO  impl.RoleInfo (RoleInfo.java:updateAndGet(143)) - 7b069786-c4de-4177-a49c-78057d3e7b27: start FollowerState
2019-10-17 18:37:14,286 [pool-37-thread-1] INFO  util.JmxRegister (JmxRegister.java:tryRegister(44)) - Successfully registered JMX Bean with object name Ratis:service=RaftServer,group=group-23D5F5600A60,id=7b069786-c4de-4177-a49c-78057d3e7b27
2019-10-17 18:37:14,325 [Thread-183] INFO  impl.FollowerState (FollowerState.java:run(108)) - 7b069786-c4de-4177-a49c-78057d3e7b27@group-23D5F5600A60-FollowerState: change to CANDIDATE, lastRpcTime:41ms, electionTimeout:40ms
2019-10-17 18:37:14,328 [Thread-183] INFO  impl.RoleInfo (RoleInfo.java:shutdownFollowerState(121)) - 7b069786-c4de-4177-a49c-78057d3e7b27: shutdown FollowerState
2019-10-17 18:37:14,329 [Thread-183] INFO  impl.RaftServerImpl (RaftServerImpl.java:setRole(184)) - 7b069786-c4de-4177-a49c-78057d3e7b27@group-23D5F5600A60: changes role from  FOLLOWER to CANDIDATE at term 0 for changeToCandidate
2019-10-17 18:37:14,337 [Thread-183] INFO  impl.RoleInfo (RoleInfo.java:updateAndGet(143)) - 7b069786-c4de-4177-a49c-78057d3e7b27: start LeaderElection
2019-10-17 18:37:14,355 [7b069786-c4de-4177-a49c-78057d3e7b27@group-23D5F5600A60-LeaderElection1] INFO  impl.LeaderElection (LeaderElection.java:askForVotes(178)) - 7b069786-c4de-4177-a49c-78057d3e7b27@group-23D5F5600A60-LeaderElection1: begin an election at term 1 for -1: [7b069786-c4de-4177-a49c-78057d3e7b27:192.168.157.251:46071], old=null
2019-10-17 18:37:14,356 [7b069786-c4de-4177-a49c-78057d3e7b27@group-23D5F5600A60-LeaderElection1] INFO  impl.RoleInfo (RoleInfo.java:shutdownLeaderElection(134)) - 7b069786-c4de-4177-a49c-78057d3e7b27: shutdown LeaderElection
2019-10-17 18:37:14,357 [7b069786-c4de-4177-a49c-78057d3e7b27@group-23D5F5600A60-LeaderElection1] INFO  impl.RaftServerImpl (RaftServerImpl.java:setRole(184)) - 7b069786-c4de-4177-a49c-78057d3e7b27@group-23D5F5600A60: changes role from CANDIDATE to LEADER at term 1 for changeToLeader
2019-10-17 18:37:14,357 [7b069786-c4de-4177-a49c-78057d3e7b27@group-23D5F5600A60-LeaderElection1] INFO  impl.RaftServerImpl (ServerState.java:setLeader(256)) - 7b069786-c4de-4177-a49c-78057d3e7b27@group-23D5F5600A60: change Leader from null to 7b069786-c4de-4177-a49c-78057d3e7b27 at term 1 for becomeLeader, leader elected after 198ms
2019-10-17 18:37:14,363 [7b069786-c4de-4177-a49c-78057d3e7b27@group-23D5F5600A60-LeaderElection1] INFO  server.RaftServerConfigKeys (ConfUtils.java:logGet(43)) - raft.server.staging.catchup.gap = 1000 (default)
2019-10-17 18:37:14,363 [7b069786-c4de-4177-a49c-78057d3e7b27@group-23D5F5600A60-LeaderElection1] INFO  server.RaftServerConfigKeys (ConfUtils.java:logGet(43)) - raft.server.rpc.sleep.time = 25ms (default)
2019-10-17 18:37:14,367 [7b069786-c4de-4177-a49c-78057d3e7b27@group-23D5F5600A60-LeaderElection1] INFO  server.RaftServerConfigKeys (ConfUtils.java:logGet(43)) - raft.server.write.element-limit = 4096 (default)
2019-10-17 18:37:14,369 [7b069786-c4de-4177-a49c-78057d3e7b27@group-23D5F5600A60-LeaderElection1] INFO  server.RaftServerConfigKeys (ConfUtils.java:logGet(43)) - raft.server.watch.timeout = 10s (default)
2019-10-17 18:37:14,370 [7b069786-c4de-4177-a49c-78057d3e7b27@group-23D5F5600A60-LeaderElection1] INFO  server.RaftServerConfigKeys (ConfUtils.java:logGet(43)) - raft.server.watch.timeout.denomination = 1s (default)
2019-10-17 18:37:14,371 [7b069786-c4de-4177-a49c-78057d3e7b27@group-23D5F5600A60-LeaderElection1] INFO  server.RaftServerConfigKeys (ConfUtils.java:logGet(43)) - raft.server.watch.element-limit = 65536 (default)
2019-10-17 18:37:14,397 [RatisPipelineUtilsThread] INFO  pipeline.PipelineStateManager (PipelineStateManager.java:addPipeline(56)) - Created pipeline Pipeline[ Id: 3683d52d-b9ee-45bc-af26-23d5f5600a60, Nodes: 7b069786-c4de-4177-a49c-78057d3e7b27{ip: 192.168.157.251, host: pr-hdds-2318-qqrts-113280968, networkLocation: /default-rack, certSerialId: null}, Type:RATIS, Factor:ONE, State:OPEN]
2019-10-17 18:37:14,407 [7b069786-c4de-4177-a49c-78057d3e7b27@group-23D5F5600A60-LeaderElection1] INFO  impl.RoleInfo (RoleInfo.java:updateAndGet(143)) - 7b069786-c4de-4177-a49c-78057d3e7b27: start LeaderState
2019-10-17 18:37:14,417 [grpc-default-executor-0] INFO  impl.RaftServerProxy (RaftServerProxy.java:addNew(89)) - 09ea8095-e0f7-4a15-a25f-71748f8d4e7f: addNew group-08C3FA632375:[09ea8095-e0f7-4a15-a25f-71748f8d4e7f:192.168.157.251:43128] returns group-08C3FA632375:java.util.concurrent.CompletableFuture@24d81e22[Not completed]
2019-10-17 18:37:14,420 [pool-47-thread-1] INFO  impl.RaftServerImpl (RaftServerImpl.java:<init>(104)) - 09ea8095-e0f7-4a15-a25f-71748f8d4e7f: new RaftServerImpl for group-08C3FA632375:[09ea8095-e0f7-4a15-a25f-71748f8d4e7f:192.168.157.251:43128] with ContainerStateMachine:uninitialized
2019-10-17 18:37:14,421 [pool-47-thread-1] INFO  server.RaftServerConfigKeys (ConfUtils.java:logGet(43)) - raft.server.rpc.timeout.min = 5s (custom)
2019-10-17 18:37:14,421 [pool-47-thread-1] INFO  server.RaftServerConfigKeys (ConfUtils.java:logGet(43)) - raft.server.rpc.timeout.max = 5200ms (custom)
2019-10-17 18:37:14,421 [pool-47-thread-1] INFO  server.RaftServerConfigKeys (ConfUtils.java:logGet(43)) - raft.server.rpcslowness.timeout = 1000s (custom)
2019-10-17 18:37:14,421 [pool-47-thread-1] INFO  server.RaftServerConfigKeys (ConfUtils.java:logGet(43)) - raft.server.sleep.deviation.threshold = 300 (default)
2019-10-17 18:37:14,421 [pool-47-thread-1] INFO  server.RaftServerConfigKeys (ConfUtils.java:logGet(43)) - raft.server.log.appender.install.snapshot.enabled = false (custom)
2019-10-17 18:37:14,422 [pool-47-thread-1] INFO  impl.RaftServerImpl (ServerState.java:<init>(103)) - 09ea8095-e0f7-4a15-a25f-71748f8d4e7f@group-08C3FA632375: ConfigurationManager, init=-1: [09ea8095-e0f7-4a15-a25f-71748f8d4e7f:192.168.157.251:43128], old=null, confs=<EMPTY_MAP>
2019-10-17 18:37:14,422 [pool-47-thread-1] INFO  server.RaftServerConfigKeys (ConfUtils.java:logGet(43)) - raft.server.storage.dir = [/workdir/hadoop-ozone/integration-test/target/test-dir/MiniOzoneClusterImpl-7c97e77e-72d1-4dbe-ba9d-252c38b2309c/datanode-2/data/ratis] (custom)
2019-10-17 18:37:14,422 [pool-47-thread-1] INFO  server.RaftServerConfigKeys (ConfUtils.java:logGet(43)) - raft.server.log.corruption.policy = EXCEPTION (default)
2019-10-17 18:37:14,423 [pool-47-thread-1] INFO  storage.RaftStorageDirectory (RaftStorageDirectory.java:analyzeStorage(246)) - The storage directory /workdir/hadoop-ozone/integration-test/target/test-dir/MiniOzoneClusterImpl-7c97e77e-72d1-4dbe-ba9d-252c38b2309c/datanode-2/data/ratis/18e7cb0e-0b18-41b5-b35f-08c3fa632375 does not exist. Creating ...
2019-10-17 18:37:14,427 [7b069786-c4de-4177-a49c-78057d3e7b27@group-23D5F5600A60-LeaderElection1] INFO  segmented.SegmentedRaftLogWorker (SegmentedRaftLogWorker.java:startLogSegment(385)) - 7b069786-c4de-4177-a49c-78057d3e7b27@group-23D5F5600A60-SegmentedRaftLogWorker: Starting segment from index:0
2019-10-17 18:37:14,436 [7b069786-c4de-4177-a49c-78057d3e7b27@group-23D5F5600A60-LeaderElection1] INFO  impl.RaftServerImpl (ServerState.java:setRaftConf(357)) - 7b069786-c4de-4177-a49c-78057d3e7b27@group-23D5F5600A60: set configuration 0: [7b069786-c4de-4177-a49c-78057d3e7b27:192.168.157.251:46071], old=null at 0
2019-10-17 18:37:14,449 [pool-47-thread-1] INFO  storage.RaftStorageDirectory (RaftStorageDirectory.java:tryLock(328)) - Lock on /workdir/hadoop-ozone/integration-test/target/test-dir/MiniOzoneClusterImpl-7c97e77e-72d1-4dbe-ba9d-252c38b2309c/datanode-2/data/ratis/18e7cb0e-0b18-41b5-b35f-08c3fa632375/in_use.lock acquired by nodename 9147@pr-hdds-2318-qqrts-113280968
2019-10-17 18:37:14,480 [pool-47-thread-1] INFO  storage.RaftStorage (RaftStorage.java:format(84)) - Storage directory /workdir/hadoop-ozone/integration-test/target/test-dir/MiniOzoneClusterImpl-7c97e77e-72d1-4dbe-ba9d-252c38b2309c/datanode-2/data/ratis/18e7cb0e-0b18-41b5-b35f-08c3fa632375 has been successfully formatted.
2019-10-17 18:37:14,481 [pool-47-thread-1] INFO  ratis.ContainerStateMachine (ContainerStateMachine.java:loadSnapshot(231)) - group-08C3FA632375: The snapshot info is null. Setting the last applied indexto:(t:0, i:~)
2019-10-17 18:37:14,482 [pool-47-thread-1] INFO  server.RaftServerConfigKeys (ConfUtils.java:logGet(43)) - raft.server.notification.no-leader.timeout = 1000s (custom)
2019-10-17 18:37:14,482 [pool-47-thread-1] INFO  server.RaftServerConfigKeys (ConfUtils.java:logGet(43)) - raft.server.log.use.memory = false (default)
2019-10-17 18:37:14,483 [pool-47-thread-1] INFO  server.RaftServerConfigKeys (ConfUtils.java:logGet(43)) - raft.server.log.purge.gap = 1000000 (custom)
2019-10-17 18:37:14,483 [pool-47-thread-1] INFO  server.RaftServerConfigKeys (ConfUtils.java:logGet(43)) - raft.server.log.appender.buffer.byte-limit = 33554432 (custom)
2019-10-17 18:37:14,483 [pool-47-thread-1] INFO  server.RaftServerConfigKeys (ConfUtils.java:logGet(43)) - raft.server.log.segment.size.max = 1048576 (custom)
2019-10-17 18:37:14,507 [pool-47-thread-1] INFO  server.RaftServerConfigKeys (ConfUtils.java:logGet(43)) - raft.server.log.segment.cache.num.max = 2 (custom)
2019-10-17 18:37:14,508 [pool-47-thread-1] INFO  segmented.SegmentedRaftLogWorker (SegmentedRaftLogWorker.java:<init>(173)) - new 09ea8095-e0f7-4a15-a25f-71748f8d4e7f@group-08C3FA632375-SegmentedRaftLogWorker for RaftStorage:Storage Directory /workdir/hadoop-ozone/integration-test/target/test-dir/MiniOzoneClusterImpl-7c97e77e-72d1-4dbe-ba9d-252c38b2309c/datanode-2/data/ratis/18e7cb0e-0b18-41b5-b35f-08c3fa632375
2019-10-17 18:37:14,508 [pool-47-thread-1] INFO  server.RaftServerConfigKeys (ConfUtils.java:logGet(43)) - raft.server.log.queue.byte-limit = 2147483647 (custom)
2019-10-17 18:37:14,508 [pool-47-thread-1] INFO  server.RaftServerConfigKeys (ConfUtils.java:logGet(43)) - raft.server.log.queue.element-limit = 1024 (custom)
2019-10-17 18:37:14,508 [pool-47-thread-1] INFO  server.RaftServerConfigKeys (ConfUtils.java:logGet(43)) - raft.server.log.segment.size.max = 1048576 (custom)
2019-10-17 18:37:14,508 [pool-47-thread-1] INFO  server.RaftServerConfigKeys (ConfUtils.java:logGet(43)) - raft.server.log.preallocated.size = 16384 (custom)
2019-10-17 18:37:14,509 [pool-47-thread-1] INFO  server.RaftServerConfigKeys (ConfUtils.java:logGet(43)) - raft.server.log.write.buffer.size = 33554432 (custom)
2019-10-17 18:37:14,509 [pool-47-thread-1] INFO  server.RaftServerConfigKeys (ConfUtils.java:logGet(43)) - raft.server.log.force.sync.num = 128 (default)
2019-10-17 18:37:14,509 [pool-47-thread-1] INFO  server.RaftServerConfigKeys (ConfUtils.java:logGet(43)) - raft.server.log.statemachine.data.sync = true (default)
2019-10-17 18:37:14,509 [pool-47-thread-1] INFO  server.RaftServerConfigKeys (ConfUtils.java:logGet(43)) - raft.server.log.statemachine.data.sync.timeout = 10s (default)
2019-10-17 18:37:14,509 [pool-47-thread-1] INFO  server.RaftServerConfigKeys (ConfUtils.java:logGet(43)) - raft.server.log.statemachine.data.sync.timeout.retry = -1 (default)
2019-10-17 18:37:14,510 [pool-47-thread-1] INFO  server.RaftServerConfigKeys (ConfUtils.java:logGet(43)) - raft.server.log.statemachine.data.caching.enabled = true (custom)
2019-10-17 18:37:14,510 [pool-47-thread-1] INFO  segmented.SegmentedRaftLogWorker (SegmentedRaftLogWorker.java:lambda$new$0(128)) - 09ea8095-e0f7-4a15-a25f-71748f8d4e7f@group-08C3FA632375-SegmentedRaftLogWorker: flushIndex: setUnconditionally 0 -> -1
2019-10-17 18:37:14,511 [pool-47-thread-1] INFO  server.RaftServerConfigKeys (ConfUtils.java:logGet(43)) - raft.server.snapshot.auto.trigger.enabled = true (custom)
2019-10-17 18:37:14,511 [pool-47-thread-1] INFO  server.RaftServerConfigKeys (ConfUtils.java:logGet(43)) - raft.server.snapshot.auto.trigger.threshold = 10000 (custom)
2019-10-17 18:37:14,511 [pool-47-thread-1] INFO  server.RaftServerConfigKeys (ConfUtils.java:logGet(43)) - raft.server.snapshot.retention.file.num = 5 (custom)
2019-10-17 18:37:14,511 [pool-47-thread-1] INFO  server.RaftServerConfigKeys (ConfUtils.java:logGet(43)) - raft.server.retrycache.expirytime = 600000ms (custom)
2019-10-17 18:37:14,520 [pool-47-thread-1] INFO  impl.RaftServerImpl (RaftServerImpl.java:start(195)) - 09ea8095-e0f7-4a15-a25f-71748f8d4e7f@group-08C3FA632375: start as a follower, conf=-1: [09ea8095-e0f7-4a15-a25f-71748f8d4e7f:192.168.157.251:43128], old=null
2019-10-17 18:37:14,520 [pool-47-thread-1] INFO  impl.RaftServerImpl (RaftServerImpl.java:setRole(184)) - 09ea8095-e0f7-4a15-a25f-71748f8d4e7f@group-08C3FA632375: changes role from      null to FOLLOWER at term 0 for startAsFollower
2019-10-17 18:37:14,521 [pool-47-thread-1] INFO  impl.RoleInfo (RoleInfo.java:updateAndGet(143)) - 09ea8095-e0f7-4a15-a25f-71748f8d4e7f: start FollowerState
2019-10-17 18:37:14,521 [pool-47-thread-1] INFO  util.JmxRegister (JmxRegister.java:tryRegister(44)) - Successfully registered JMX Bean with object name Ratis:service=RaftServer,group=group-08C3FA632375,id=09ea8095-e0f7-4a15-a25f-71748f8d4e7f
2019-10-17 18:37:14,534 [Thread-188] INFO  impl.FollowerState (FollowerState.java:run(108)) - 09ea8095-e0f7-4a15-a25f-71748f8d4e7f@group-08C3FA632375-FollowerState: change to CANDIDATE, lastRpcTime:13ms, electionTimeout:13ms
2019-10-17 18:37:14,537 [Thread-188] INFO  impl.RoleInfo (RoleInfo.java:shutdownFollowerState(121)) - 09ea8095-e0f7-4a15-a25f-71748f8d4e7f: shutdown FollowerState
2019-10-17 18:37:14,538 [Thread-188] INFO  impl.RaftServerImpl (RaftServerImpl.java:setRole(184)) - 09ea8095-e0f7-4a15-a25f-71748f8d4e7f@group-08C3FA632375: changes role from  FOLLOWER to CANDIDATE at term 0 for changeToCandidate
2019-10-17 18:37:14,538 [Thread-188] INFO  impl.RoleInfo (RoleInfo.java:updateAndGet(143)) - 09ea8095-e0f7-4a15-a25f-71748f8d4e7f: start LeaderElection
2019-10-17 18:37:14,540 [RatisPipelineUtilsThread] INFO  pipeline.PipelineStateManager (PipelineStateManager.java:addPipeline(56)) - Created pipeline Pipeline[ Id: 18e7cb0e-0b18-41b5-b35f-08c3fa632375, Nodes: 09ea8095-e0f7-4a15-a25f-71748f8d4e7f{ip: 192.168.157.251, host: pr-hdds-2318-qqrts-113280968, networkLocation: /default-rack, certSerialId: null}, Type:RATIS, Factor:ONE, State:OPEN]
2019-10-17 18:37:14,549 [09ea8095-e0f7-4a15-a25f-71748f8d4e7f@group-08C3FA632375-LeaderElection2] INFO  impl.LeaderElection (LeaderElection.java:askForVotes(178)) - 09ea8095-e0f7-4a15-a25f-71748f8d4e7f@group-08C3FA632375-LeaderElection2: begin an election at term 1 for -1: [09ea8095-e0f7-4a15-a25f-71748f8d4e7f:192.168.157.251:43128], old=null
2019-10-17 18:37:14,550 [09ea8095-e0f7-4a15-a25f-71748f8d4e7f@group-08C3FA632375-LeaderElection2] INFO  impl.RoleInfo (RoleInfo.java:shutdownLeaderElection(134)) - 09ea8095-e0f7-4a15-a25f-71748f8d4e7f: shutdown LeaderElection
2019-10-17 18:37:14,550 [09ea8095-e0f7-4a15-a25f-71748f8d4e7f@group-08C3FA632375-LeaderElection2] INFO  impl.RaftServerImpl (RaftServerImpl.java:setRole(184)) - 09ea8095-e0f7-4a15-a25f-71748f8d4e7f@group-08C3FA632375: changes role from CANDIDATE to LEADER at term 1 for changeToLeader
2019-10-17 18:37:14,550 [09ea8095-e0f7-4a15-a25f-71748f8d4e7f@group-08C3FA632375-LeaderElection2] INFO  impl.RaftServerImpl (ServerState.java:setLeader(256)) - 09ea8095-e0f7-4a15-a25f-71748f8d4e7f@group-08C3FA632375: change Leader from null to 09ea8095-e0f7-4a15-a25f-71748f8d4e7f at term 1 for becomeLeader, leader elected after 67ms
2019-10-17 18:37:14,550 [09ea8095-e0f7-4a15-a25f-71748f8d4e7f@group-08C3FA632375-LeaderElection2] INFO  server.RaftServerConfigKeys (ConfUtils.java:logGet(43)) - raft.server.staging.catchup.gap = 1000 (default)
2019-10-17 18:37:14,551 [09ea8095-e0f7-4a15-a25f-71748f8d4e7f@group-08C3FA632375-LeaderElection2] INFO  server.RaftServerConfigKeys (ConfUtils.java:logGet(43)) - raft.server.rpc.sleep.time = 25ms (default)
2019-10-17 18:37:14,551 [09ea8095-e0f7-4a15-a25f-71748f8d4e7f@group-08C3FA632375-LeaderElection2] INFO  server.RaftServerConfigKeys (ConfUtils.java:logGet(43)) - raft.server.write.element-limit = 4096 (default)
2019-10-17 18:37:14,551 [09ea8095-e0f7-4a15-a25f-71748f8d4e7f@group-08C3FA632375-LeaderElection2] INFO  server.RaftServerConfigKeys (ConfUtils.java:logGet(43)) - raft.server.watch.timeout = 10s (default)
2019-10-17 18:37:14,551 [09ea8095-e0f7-4a15-a25f-71748f8d4e7f@group-08C3FA632375-LeaderElection2] INFO  server.RaftServerConfigKeys (ConfUtils.java:logGet(43)) - raft.server.watch.timeout.denomination = 1s (default)
2019-10-17 18:37:14,551 [09ea8095-e0f7-4a15-a25f-71748f8d4e7f@group-08C3FA632375-LeaderElection2] INFO  server.RaftServerConfigKeys (ConfUtils.java:logGet(43)) - raft.server.watch.element-limit = 65536 (default)
2019-10-17 18:37:14,558 [09ea8095-e0f7-4a15-a25f-71748f8d4e7f@group-08C3FA632375-LeaderElection2] INFO  impl.RoleInfo (RoleInfo.java:updateAndGet(143)) - 09ea8095-e0f7-4a15-a25f-71748f8d4e7f: start LeaderState
2019-10-17 18:37:14,559 [09ea8095-e0f7-4a15-a25f-71748f8d4e7f@group-08C3FA632375-LeaderElection2] INFO  segmented.SegmentedRaftLogWorker (SegmentedRaftLogWorker.java:startLogSegment(385)) - 09ea8095-e0f7-4a15-a25f-71748f8d4e7f@group-08C3FA632375-SegmentedRaftLogWorker: Starting segment from index:0
2019-10-17 18:37:14,561 [09ea8095-e0f7-4a15-a25f-71748f8d4e7f@group-08C3FA632375-LeaderElection2] INFO  impl.RaftServerImpl (ServerState.java:setRaftConf(357)) - 09ea8095-e0f7-4a15-a25f-71748f8d4e7f@group-08C3FA632375: set configuration 0: [09ea8095-e0f7-4a15-a25f-71748f8d4e7f:192.168.157.251:43128], old=null at 0
2019-10-17 18:37:14,640 [7b069786-c4de-4177-a49c-78057d3e7b27@group-23D5F5600A60-SegmentedRaftLogWorker] INFO  segmented.SegmentedRaftLogWorker (SegmentedRaftLogWorker.java:execute(576)) - 7b069786-c4de-4177-a49c-78057d3e7b27@group-23D5F5600A60-SegmentedRaftLogWorker: created new log segment /workdir/hadoop-ozone/integration-test/target/test-dir/MiniOzoneClusterImpl-7c97e77e-72d1-4dbe-ba9d-252c38b2309c/datanode-1/data/ratis/3683d52d-b9ee-45bc-af26-23d5f5600a60/current/log_inprogress_0
2019-10-17 18:37:14,640 [09ea8095-e0f7-4a15-a25f-71748f8d4e7f@group-08C3FA632375-SegmentedRaftLogWorker] INFO  segmented.SegmentedRaftLogWorker (SegmentedRaftLogWorker.java:execute(576)) - 09ea8095-e0f7-4a15-a25f-71748f8d4e7f@group-08C3FA632375-SegmentedRaftLogWorker: created new log segment /workdir/hadoop-ozone/integration-test/target/test-dir/MiniOzoneClusterImpl-7c97e77e-72d1-4dbe-ba9d-252c38b2309c/datanode-2/data/ratis/18e7cb0e-0b18-41b5-b35f-08c3fa632375/current/log_inprogress_0
2019-10-17 18:37:14,956 [IPC Server handler 0 on 46093] INFO  net.NetworkTopology (NetworkTopologyImpl.java:add(111)) - Added a new node: /default-rack/0d68154c-bc1a-4b17-bcf5-90972ecdd7ac
2019-10-17 18:37:14,957 [IPC Server handler 0 on 46093] INFO  node.SCMNodeManager (SCMNodeManager.java:register(268)) - Registered Data node : 0d68154c-bc1a-4b17-bcf5-90972ecdd7ac{ip: 192.168.157.251, host: pr-hdds-2318-qqrts-113280968, networkLocation: /default-rack, certSerialId: null}
2019-10-17 18:37:14,974 [grpc-default-executor-0] INFO  impl.RaftServerProxy (RaftServerProxy.java:addNew(89)) - 0d68154c-bc1a-4b17-bcf5-90972ecdd7ac: addNew group-8CB07F0F125B:[0d68154c-bc1a-4b17-bcf5-90972ecdd7ac:192.168.157.251:40580] returns group-8CB07F0F125B:java.util.concurrent.CompletableFuture@5e21dc4b[Not completed]
2019-10-17 18:37:14,984 [pool-27-thread-1] INFO  impl.RaftServerImpl (RaftServerImpl.java:<init>(104)) - 0d68154c-bc1a-4b17-bcf5-90972ecdd7ac: new RaftServerImpl for group-8CB07F0F125B:[0d68154c-bc1a-4b17-bcf5-90972ecdd7ac:192.168.157.251:40580] with ContainerStateMachine:uninitialized
2019-10-17 18:37:14,985 [pool-27-thread-1] INFO  server.RaftServerConfigKeys (ConfUtils.java:logGet(43)) - raft.server.rpc.timeout.min = 5s (custom)
2019-10-17 18:37:14,985 [pool-27-thread-1] INFO  server.RaftServerConfigKeys (ConfUtils.java:logGet(43)) - raft.server.rpc.timeout.max = 5200ms (custom)
2019-10-17 18:37:14,985 [pool-27-thread-1] INFO  server.RaftServerConfigKeys (ConfUtils.java:logGet(43)) - raft.server.rpcslowness.timeout = 1000s (custom)
2019-10-17 18:37:14,985 [pool-27-thread-1] INFO  server.RaftServerConfigKeys (ConfUtils.java:logGet(43)) - raft.server.sleep.deviation.threshold = 300 (default)
2019-10-17 18:37:14,985 [pool-27-thread-1] INFO  server.RaftServerConfigKeys (ConfUtils.java:logGet(43)) - raft.server.log.appender.install.snapshot.enabled = false (custom)
2019-10-17 18:37:14,985 [pool-27-thread-1] INFO  impl.RaftServerImpl (ServerState.java:<init>(103)) - 0d68154c-bc1a-4b17-bcf5-90972ecdd7ac@group-8CB07F0F125B: ConfigurationManager, init=-1: [0d68154c-bc1a-4b17-bcf5-90972ecdd7ac:192.168.157.251:40580], old=null, confs=<EMPTY_MAP>
2019-10-17 18:37:14,986 [pool-27-thread-1] INFO  server.RaftServerConfigKeys (ConfUtils.java:logGet(43)) - raft.server.storage.dir = [/workdir/hadoop-ozone/integration-test/target/test-dir/MiniOzoneClusterImpl-7c97e77e-72d1-4dbe-ba9d-252c38b2309c/datanode-0/data/ratis] (custom)
2019-10-17 18:37:14,986 [pool-27-thread-1] INFO  server.RaftServerConfigKeys (ConfUtils.java:logGet(43)) - raft.server.log.corruption.policy = EXCEPTION (default)
2019-10-17 18:37:14,986 [pool-27-thread-1] INFO  storage.RaftStorageDirectory (RaftStorageDirectory.java:analyzeStorage(246)) - The storage directory /workdir/hadoop-ozone/integration-test/target/test-dir/MiniOzoneClusterImpl-7c97e77e-72d1-4dbe-ba9d-252c38b2309c/datanode-0/data/ratis/13dc870e-7835-4ba4-a017-8cb07f0f125b does not exist. Creating ...
2019-10-17 18:37:15,000 [pool-27-thread-1] INFO  storage.RaftStorageDirectory (RaftStorageDirectory.java:tryLock(328)) - Lock on /workdir/hadoop-ozone/integration-test/target/test-dir/MiniOzoneClusterImpl-7c97e77e-72d1-4dbe-ba9d-252c38b2309c/datanode-0/data/ratis/13dc870e-7835-4ba4-a017-8cb07f0f125b/in_use.lock acquired by nodename 9147@pr-hdds-2318-qqrts-113280968
2019-10-17 18:37:15,018 [pool-27-thread-1] INFO  storage.RaftStorage (RaftStorage.java:format(84)) - Storage directory /workdir/hadoop-ozone/integration-test/target/test-dir/MiniOzoneClusterImpl-7c97e77e-72d1-4dbe-ba9d-252c38b2309c/datanode-0/data/ratis/13dc870e-7835-4ba4-a017-8cb07f0f125b has been successfully formatted.
2019-10-17 18:37:15,018 [pool-27-thread-1] INFO  ratis.ContainerStateMachine (ContainerStateMachine.java:loadSnapshot(231)) - group-8CB07F0F125B: The snapshot info is null. Setting the last applied indexto:(t:0, i:~)
2019-10-17 18:37:15,018 [pool-27-thread-1] INFO  server.RaftServerConfigKeys (ConfUtils.java:logGet(43)) - raft.server.notification.no-leader.timeout = 1000s (custom)
2019-10-17 18:37:15,019 [pool-27-thread-1] INFO  server.RaftServerConfigKeys (ConfUtils.java:logGet(43)) - raft.server.log.use.memory = false (default)
2019-10-17 18:37:15,019 [pool-27-thread-1] INFO  server.RaftServerConfigKeys (ConfUtils.java:logGet(43)) - raft.server.log.purge.gap = 1000000 (custom)
2019-10-17 18:37:15,019 [pool-27-thread-1] INFO  server.RaftServerConfigKeys (ConfUtils.java:logGet(43)) - raft.server.log.appender.buffer.byte-limit = 33554432 (custom)
2019-10-17 18:37:15,019 [pool-27-thread-1] INFO  server.RaftServerConfigKeys (ConfUtils.java:logGet(43)) - raft.server.log.segment.size.max = 1048576 (custom)
2019-10-17 18:37:15,022 [pool-27-thread-1] INFO  server.RaftServerConfigKeys (ConfUtils.java:logGet(43)) - raft.server.log.segment.cache.num.max = 2 (custom)
2019-10-17 18:37:15,022 [pool-27-thread-1] INFO  segmented.SegmentedRaftLogWorker (SegmentedRaftLogWorker.java:<init>(173)) - new 0d68154c-bc1a-4b17-bcf5-90972ecdd7ac@group-8CB07F0F125B-SegmentedRaftLogWorker for RaftStorage:Storage Directory /workdir/hadoop-ozone/integration-test/target/test-dir/MiniOzoneClusterImpl-7c97e77e-72d1-4dbe-ba9d-252c38b2309c/datanode-0/data/ratis/13dc870e-7835-4ba4-a017-8cb07f0f125b
2019-10-17 18:37:15,022 [pool-27-thread-1] INFO  server.RaftServerConfigKeys (ConfUtils.java:logGet(43)) - raft.server.log.queue.byte-limit = 2147483647 (custom)
2019-10-17 18:37:15,022 [pool-27-thread-1] INFO  server.RaftServerConfigKeys (ConfUtils.java:logGet(43)) - raft.server.log.queue.element-limit = 1024 (custom)
2019-10-17 18:37:15,022 [pool-27-thread-1] INFO  server.RaftServerConfigKeys (ConfUtils.java:logGet(43)) - raft.server.log.segment.size.max = 1048576 (custom)
2019-10-17 18:37:15,022 [pool-27-thread-1] INFO  server.RaftServerConfigKeys (ConfUtils.java:logGet(43)) - raft.server.log.preallocated.size = 16384 (custom)
2019-10-17 18:37:15,023 [pool-27-thread-1] INFO  server.RaftServerConfigKeys (ConfUtils.java:logGet(43)) - raft.server.log.write.buffer.size = 33554432 (custom)
2019-10-17 18:37:15,024 [pool-27-thread-1] INFO  server.RaftServerConfigKeys (ConfUtils.java:logGet(43)) - raft.server.log.force.sync.num = 128 (default)
2019-10-17 18:37:15,024 [pool-27-thread-1] INFO  server.RaftServerConfigKeys (ConfUtils.java:logGet(43)) - raft.server.log.statemachine.data.sync = true (default)
2019-10-17 18:37:15,024 [pool-27-thread-1] INFO  server.RaftServerConfigKeys (ConfUtils.java:logGet(43)) - raft.server.log.statemachine.data.sync.timeout = 10s (default)
2019-10-17 18:37:15,024 [pool-27-thread-1] INFO  server.RaftServerConfigKeys (ConfUtils.java:logGet(43)) - raft.server.log.statemachine.data.sync.timeout.retry = -1 (default)
2019-10-17 18:37:15,025 [pool-27-thread-1] INFO  server.RaftServerConfigKeys (ConfUtils.java:logGet(43)) - raft.server.log.statemachine.data.caching.enabled = true (custom)
2019-10-17 18:37:15,025 [pool-27-thread-1] INFO  segmented.SegmentedRaftLogWorker (SegmentedRaftLogWorker.java:lambda$new$0(128)) - 0d68154c-bc1a-4b17-bcf5-90972ecdd7ac@group-8CB07F0F125B-SegmentedRaftLogWorker: flushIndex: setUnconditionally 0 -> -1
2019-10-17 18:37:15,026 [pool-27-thread-1] INFO  server.RaftServerConfigKeys (ConfUtils.java:logGet(43)) - raft.server.snapshot.auto.trigger.enabled = true (custom)
2019-10-17 18:37:15,026 [pool-27-thread-1] INFO  server.RaftServerConfigKeys (ConfUtils.java:logGet(43)) - raft.server.snapshot.auto.trigger.threshold = 10000 (custom)
2019-10-17 18:37:15,026 [pool-27-thread-1] INFO  server.RaftServerConfigKeys (ConfUtils.java:logGet(43)) - raft.server.snapshot.retention.file.num = 5 (custom)
2019-10-17 18:37:15,026 [pool-27-thread-1] INFO  server.RaftServerConfigKeys (ConfUtils.java:logGet(43)) - raft.server.retrycache.expirytime = 600000ms (custom)
2019-10-17 18:37:15,031 [pool-27-thread-1] INFO  impl.RaftServerImpl (RaftServerImpl.java:start(195)) - 0d68154c-bc1a-4b17-bcf5-90972ecdd7ac@group-8CB07F0F125B: start as a follower, conf=-1: [0d68154c-bc1a-4b17-bcf5-90972ecdd7ac:192.168.157.251:40580], old=null
2019-10-17 18:37:15,031 [pool-27-thread-1] INFO  impl.RaftServerImpl (RaftServerImpl.java:setRole(184)) - 0d68154c-bc1a-4b17-bcf5-90972ecdd7ac@group-8CB07F0F125B: changes role from      null to FOLLOWER at term 0 for startAsFollower
2019-10-17 18:37:15,031 [pool-27-thread-1] INFO  impl.RoleInfo (RoleInfo.java:updateAndGet(143)) - 0d68154c-bc1a-4b17-bcf5-90972ecdd7ac: start FollowerState
2019-10-17 18:37:15,031 [pool-27-thread-1] INFO  util.JmxRegister (JmxRegister.java:tryRegister(44)) - Successfully registered JMX Bean with object name Ratis:service=RaftServer,group=group-8CB07F0F125B,id=0d68154c-bc1a-4b17-bcf5-90972ecdd7ac
2019-10-17 18:37:15,044 [RatisPipelineUtilsThread] INFO  pipeline.PipelineStateManager (PipelineStateManager.java:addPipeline(56)) - Created pipeline Pipeline[ Id: 13dc870e-7835-4ba4-a017-8cb07f0f125b, Nodes: 0d68154c-bc1a-4b17-bcf5-90972ecdd7ac{ip: 192.168.157.251, host: pr-hdds-2318-qqrts-113280968, networkLocation: /default-rack, certSerialId: null}, Type:RATIS, Factor:ONE, State:OPEN]
2019-10-17 18:37:15,087 [grpc-default-executor-2] INFO  impl.RaftServerProxy (RaftServerProxy.java:addNew(89)) - 0d68154c-bc1a-4b17-bcf5-90972ecdd7ac: addNew group-A236C1E6A57F:[7b069786-c4de-4177-a49c-78057d3e7b27:192.168.157.251:46071, 0d68154c-bc1a-4b17-bcf5-90972ecdd7ac:192.168.157.251:40580, 09ea8095-e0f7-4a15-a25f-71748f8d4e7f:192.168.157.251:43128] returns group-A236C1E6A57F:java.util.concurrent.CompletableFuture@777fe65b[Not completed]
2019-10-17 18:37:15,088 [grpc-default-executor-0] INFO  impl.RaftServerProxy (RaftServerProxy.java:addNew(89)) - 09ea8095-e0f7-4a15-a25f-71748f8d4e7f: addNew group-A236C1E6A57F:[7b069786-c4de-4177-a49c-78057d3e7b27:192.168.157.251:46071, 0d68154c-bc1a-4b17-bcf5-90972ecdd7ac:192.168.157.251:40580, 09ea8095-e0f7-4a15-a25f-71748f8d4e7f:192.168.157.251:43128] returns group-A236C1E6A57F:java.util.concurrent.CompletableFuture@66b19255[Not completed]
2019-10-17 18:37:15,089 [grpc-default-executor-2] INFO  impl.RaftServerProxy (RaftServerProxy.java:addNew(89)) - 7b069786-c4de-4177-a49c-78057d3e7b27: addNew group-A236C1E6A57F:[7b069786-c4de-4177-a49c-78057d3e7b27:192.168.157.251:46071, 0d68154c-bc1a-4b17-bcf5-90972ecdd7ac:192.168.157.251:40580, 09ea8095-e0f7-4a15-a25f-71748f8d4e7f:192.168.157.251:43128] returns group-A236C1E6A57F:java.util.concurrent.CompletableFuture@327d66d0[Not completed]
2019-10-17 18:37:15,089 [pool-27-thread-1] INFO  impl.RaftServerImpl (RaftServerImpl.java:<init>(104)) - 0d68154c-bc1a-4b17-bcf5-90972ecdd7ac: new RaftServerImpl for group-A236C1E6A57F:[7b069786-c4de-4177-a49c-78057d3e7b27:192.168.157.251:46071, 0d68154c-bc1a-4b17-bcf5-90972ecdd7ac:192.168.157.251:40580, 09ea8095-e0f7-4a15-a25f-71748f8d4e7f:192.168.157.251:43128] with ContainerStateMachine:uninitialized
2019-10-17 18:37:15,089 [pool-27-thread-1] INFO  server.RaftServerConfigKeys (ConfUtils.java:logGet(43)) - raft.server.rpc.timeout.min = 5s (custom)
2019-10-17 18:37:15,089 [pool-27-thread-1] INFO  server.RaftServerConfigKeys (ConfUtils.java:logGet(43)) - raft.server.rpc.timeout.max = 5200ms (custom)
2019-10-17 18:37:15,089 [pool-27-thread-1] INFO  server.RaftServerConfigKeys (ConfUtils.java:logGet(43)) - raft.server.rpcslowness.timeout = 1000s (custom)
2019-10-17 18:37:15,089 [pool-27-thread-1] INFO  server.RaftServerConfigKeys (ConfUtils.java:logGet(43)) - raft.server.sleep.deviation.threshold = 300 (default)
2019-10-17 18:37:15,090 [pool-27-thread-1] INFO  server.RaftServerConfigKeys (ConfUtils.java:logGet(43)) - raft.server.log.appender.install.snapshot.enabled = false (custom)
2019-10-17 18:37:15,090 [pool-27-thread-1] INFO  impl.RaftServerImpl (ServerState.java:<init>(103)) - 0d68154c-bc1a-4b17-bcf5-90972ecdd7ac@group-A236C1E6A57F: ConfigurationManager, init=-1: [7b069786-c4de-4177-a49c-78057d3e7b27:192.168.157.251:46071, 0d68154c-bc1a-4b17-bcf5-90972ecdd7ac:192.168.157.251:40580, 09ea8095-e0f7-4a15-a25f-71748f8d4e7f:192.168.157.251:43128], old=null, confs=<EMPTY_MAP>
2019-10-17 18:37:15,090 [pool-27-thread-1] INFO  server.RaftServerConfigKeys (ConfUtils.java:logGet(43)) - raft.server.storage.dir = [/workdir/hadoop-ozone/integration-test/target/test-dir/MiniOzoneClusterImpl-7c97e77e-72d1-4dbe-ba9d-252c38b2309c/datanode-0/data/ratis] (custom)
2019-10-17 18:37:15,090 [pool-47-thread-1] INFO  impl.RaftServerImpl (RaftServerImpl.java:<init>(104)) - 09ea8095-e0f7-4a15-a25f-71748f8d4e7f: new RaftServerImpl for group-A236C1E6A57F:[7b069786-c4de-4177-a49c-78057d3e7b27:192.168.157.251:46071, 0d68154c-bc1a-4b17-bcf5-90972ecdd7ac:192.168.157.251:40580, 09ea8095-e0f7-4a15-a25f-71748f8d4e7f:192.168.157.251:43128] with ContainerStateMachine:uninitialized
2019-10-17 18:37:15,090 [pool-27-thread-1] INFO  server.RaftServerConfigKeys (ConfUtils.java:logGet(43)) - raft.server.log.corruption.policy = EXCEPTION (default)
2019-10-17 18:37:15,090 [pool-47-thread-1] INFO  server.RaftServerConfigKeys (ConfUtils.java:logGet(43)) - raft.server.rpc.timeout.min = 5s (custom)
2019-10-17 18:37:15,090 [pool-27-thread-1] INFO  storage.RaftStorageDirectory (RaftStorageDirectory.java:analyzeStorage(246)) - The storage directory /workdir/hadoop-ozone/integration-test/target/test-dir/MiniOzoneClusterImpl-7c97e77e-72d1-4dbe-ba9d-252c38b2309c/datanode-0/data/ratis/f5073bd3-c80c-4957-9a7f-a236c1e6a57f does not exist. Creating ...
2019-10-17 18:37:15,090 [pool-47-thread-1] INFO  server.RaftServerConfigKeys (ConfUtils.java:logGet(43)) - raft.server.rpc.timeout.max = 5200ms (custom)
2019-10-17 18:37:15,090 [pool-47-thread-1] INFO  server.RaftServerConfigKeys (ConfUtils.java:logGet(43)) - raft.server.rpcslowness.timeout = 1000s (custom)
2019-10-17 18:37:15,091 [pool-47-thread-1] INFO  server.RaftServerConfigKeys (ConfUtils.java:logGet(43)) - raft.server.sleep.deviation.threshold = 300 (default)
2019-10-17 18:37:15,091 [pool-47-thread-1] INFO  server.RaftServerConfigKeys (ConfUtils.java:logGet(43)) - raft.server.log.appender.install.snapshot.enabled = false (custom)
2019-10-17 18:37:15,091 [pool-47-thread-1] INFO  impl.RaftServerImpl (ServerState.java:<init>(103)) - 09ea8095-e0f7-4a15-a25f-71748f8d4e7f@group-A236C1E6A57F: ConfigurationManager, init=-1: [7b069786-c4de-4177-a49c-78057d3e7b27:192.168.157.251:46071, 0d68154c-bc1a-4b17-bcf5-90972ecdd7ac:192.168.157.251:40580, 09ea8095-e0f7-4a15-a25f-71748f8d4e7f:192.168.157.251:43128], old=null, confs=<EMPTY_MAP>
2019-10-17 18:37:15,091 [pool-37-thread-1] INFO  impl.RaftServerImpl (RaftServerImpl.java:<init>(104)) - 7b069786-c4de-4177-a49c-78057d3e7b27: new RaftServerImpl for group-A236C1E6A57F:[7b069786-c4de-4177-a49c-78057d3e7b27:192.168.157.251:46071, 0d68154c-bc1a-4b17-bcf5-90972ecdd7ac:192.168.157.251:40580, 09ea8095-e0f7-4a15-a25f-71748f8d4e7f:192.168.157.251:43128] with ContainerStateMachine:uninitialized
2019-10-17 18:37:15,091 [pool-47-thread-1] INFO  server.RaftServerConfigKeys (ConfUtils.java:logGet(43)) - raft.server.storage.dir = [/workdir/hadoop-ozone/integration-test/target/test-dir/MiniOzoneClusterImpl-7c97e77e-72d1-4dbe-ba9d-252c38b2309c/datanode-2/data/ratis] (custom)
2019-10-17 18:37:15,092 [pool-37-thread-1] INFO  server.RaftServerConfigKeys (ConfUtils.java:logGet(43)) - raft.server.rpc.timeout.min = 5s (custom)
2019-10-17 18:37:15,092 [pool-47-thread-1] INFO  server.RaftServerConfigKeys (ConfUtils.java:logGet(43)) - raft.server.log.corruption.policy = EXCEPTION (default)
2019-10-17 18:37:15,092 [pool-37-thread-1] INFO  server.RaftServerConfigKeys (ConfUtils.java:logGet(43)) - raft.server.rpc.timeout.max = 5200ms (custom)
2019-10-17 18:37:15,093 [pool-47-thread-1] INFO  storage.RaftStorageDirectory (RaftStorageDirectory.java:analyzeStorage(246)) - The storage directory /workdir/hadoop-ozone/integration-test/target/test-dir/MiniOzoneClusterImpl-7c97e77e-72d1-4dbe-ba9d-252c38b2309c/datanode-2/data/ratis/f5073bd3-c80c-4957-9a7f-a236c1e6a57f does not exist. Creating ...
2019-10-17 18:37:15,093 [pool-37-thread-1] INFO  server.RaftServerConfigKeys (ConfUtils.java:logGet(43)) - raft.server.rpcslowness.timeout = 1000s (custom)
2019-10-17 18:37:15,093 [pool-37-thread-1] INFO  server.RaftServerConfigKeys (ConfUtils.java:logGet(43)) - raft.server.sleep.deviation.threshold = 300 (default)
2019-10-17 18:37:15,093 [pool-37-thread-1] INFO  server.RaftServerConfigKeys (ConfUtils.java:logGet(43)) - raft.server.log.appender.install.snapshot.enabled = false (custom)
2019-10-17 18:37:15,093 [pool-37-thread-1] INFO  impl.RaftServerImpl (ServerState.java:<init>(103)) - 7b069786-c4de-4177-a49c-78057d3e7b27@group-A236C1E6A57F: ConfigurationManager, init=-1: [7b069786-c4de-4177-a49c-78057d3e7b27:192.168.157.251:46071, 0d68154c-bc1a-4b17-bcf5-90972ecdd7ac:192.168.157.251:40580, 09ea8095-e0f7-4a15-a25f-71748f8d4e7f:192.168.157.251:43128], old=null, confs=<EMPTY_MAP>
2019-10-17 18:37:15,093 [pool-37-thread-1] INFO  server.RaftServerConfigKeys (ConfUtils.java:logGet(43)) - raft.server.storage.dir = [/workdir/hadoop-ozone/integration-test/target/test-dir/MiniOzoneClusterImpl-7c97e77e-72d1-4dbe-ba9d-252c38b2309c/datanode-1/data/ratis] (custom)
2019-10-17 18:37:15,094 [pool-37-thread-1] INFO  server.RaftServerConfigKeys (ConfUtils.java:logGet(43)) - raft.server.log.corruption.policy = EXCEPTION (default)
2019-10-17 18:37:15,094 [pool-37-thread-1] INFO  storage.RaftStorageDirectory (RaftStorageDirectory.java:analyzeStorage(246)) - The storage directory /workdir/hadoop-ozone/integration-test/target/test-dir/MiniOzoneClusterImpl-7c97e77e-72d1-4dbe-ba9d-252c38b2309c/datanode-1/data/ratis/f5073bd3-c80c-4957-9a7f-a236c1e6a57f does not exist. Creating ...
2019-10-17 18:37:15,104 [pool-47-thread-1] INFO  storage.RaftStorageDirectory (RaftStorageDirectory.java:tryLock(328)) - Lock on /workdir/hadoop-ozone/integration-test/target/test-dir/MiniOzoneClusterImpl-7c97e77e-72d1-4dbe-ba9d-252c38b2309c/datanode-2/data/ratis/f5073bd3-c80c-4957-9a7f-a236c1e6a57f/in_use.lock acquired by nodename 9147@pr-hdds-2318-qqrts-113280968
2019-10-17 18:37:15,104 [pool-27-thread-1] INFO  storage.RaftStorageDirectory (RaftStorageDirectory.java:tryLock(328)) - Lock on /workdir/hadoop-ozone/integration-test/target/test-dir/MiniOzoneClusterImpl-7c97e77e-72d1-4dbe-ba9d-252c38b2309c/datanode-0/data/ratis/f5073bd3-c80c-4957-9a7f-a236c1e6a57f/in_use.lock acquired by nodename 9147@pr-hdds-2318-qqrts-113280968
2019-10-17 18:37:15,104 [pool-37-thread-1] INFO  storage.RaftStorageDirectory (RaftStorageDirectory.java:tryLock(328)) - Lock on /workdir/hadoop-ozone/integration-test/target/test-dir/MiniOzoneClusterImpl-7c97e77e-72d1-4dbe-ba9d-252c38b2309c/datanode-1/data/ratis/f5073bd3-c80c-4957-9a7f-a236c1e6a57f/in_use.lock acquired by nodename 9147@pr-hdds-2318-qqrts-113280968
2019-10-17 18:37:15,118 [pool-37-thread-1] INFO  storage.RaftStorage (RaftStorage.java:format(84)) - Storage directory /workdir/hadoop-ozone/integration-test/target/test-dir/MiniOzoneClusterImpl-7c97e77e-72d1-4dbe-ba9d-252c38b2309c/datanode-1/data/ratis/f5073bd3-c80c-4957-9a7f-a236c1e6a57f has been successfully formatted.
2019-10-17 18:37:15,118 [pool-27-thread-1] INFO  storage.RaftStorage (RaftStorage.java:format(84)) - Storage directory /workdir/hadoop-ozone/integration-test/target/test-dir/MiniOzoneClusterImpl-7c97e77e-72d1-4dbe-ba9d-252c38b2309c/datanode-0/data/ratis/f5073bd3-c80c-4957-9a7f-a236c1e6a57f has been successfully formatted.
2019-10-17 18:37:15,118 [pool-47-thread-1] INFO  storage.RaftStorage (RaftStorage.java:format(84)) - Storage directory /workdir/hadoop-ozone/integration-test/target/test-dir/MiniOzoneClusterImpl-7c97e77e-72d1-4dbe-ba9d-252c38b2309c/datanode-2/data/ratis/f5073bd3-c80c-4957-9a7f-a236c1e6a57f has been successfully formatted.
2019-10-17 18:37:15,118 [pool-37-thread-1] INFO  ratis.ContainerStateMachine (ContainerStateMachine.java:loadSnapshot(231)) - group-A236C1E6A57F: The snapshot info is null. Setting the last applied indexto:(t:0, i:~)
2019-10-17 18:37:15,119 [pool-47-thread-1] INFO  ratis.ContainerStateMachine (ContainerStateMachine.java:loadSnapshot(231)) - group-A236C1E6A57F: The snapshot info is null. Setting the last applied indexto:(t:0, i:~)
2019-10-17 18:37:15,119 [pool-27-thread-1] INFO  ratis.ContainerStateMachine (ContainerStateMachine.java:loadSnapshot(231)) - group-A236C1E6A57F: The snapshot info is null. Setting the last applied indexto:(t:0, i:~)
2019-10-17 18:37:15,119 [pool-47-thread-1] INFO  server.RaftServerConfigKeys (ConfUtils.java:logGet(43)) - raft.server.notification.no-leader.timeout = 1000s (custom)
2019-10-17 18:37:15,119 [pool-37-thread-1] INFO  server.RaftServerConfigKeys (ConfUtils.java:logGet(43)) - raft.server.notification.no-leader.timeout = 1000s (custom)
2019-10-17 18:37:15,119 [pool-47-thread-1] INFO  server.RaftServerConfigKeys (ConfUtils.java:logGet(43)) - raft.server.log.use.memory = false (default)
2019-10-17 18:37:15,119 [pool-27-thread-1] INFO  server.RaftServerConfigKeys (ConfUtils.java:logGet(43)) - raft.server.notification.no-leader.timeout = 1000s (custom)
2019-10-17 18:37:15,119 [pool-47-thread-1] INFO  server.RaftServerConfigKeys (ConfUtils.java:logGet(43)) - raft.server.log.purge.gap = 1000000 (custom)
2019-10-17 18:37:15,119 [pool-37-thread-1] INFO  server.RaftServerConfigKeys (ConfUtils.java:logGet(43)) - raft.server.log.use.memory = false (default)
2019-10-17 18:37:15,120 [pool-47-thread-1] INFO  server.RaftServerConfigKeys (ConfUtils.java:logGet(43)) - raft.server.log.appender.buffer.byte-limit = 33554432 (custom)
2019-10-17 18:37:15,119 [pool-27-thread-1] INFO  server.RaftServerConfigKeys (ConfUtils.java:logGet(43)) - raft.server.log.use.memory = false (default)
2019-10-17 18:37:15,120 [pool-47-thread-1] INFO  server.RaftServerConfigKeys (ConfUtils.java:logGet(43)) - raft.server.log.segment.size.max = 1048576 (custom)
2019-10-17 18:37:15,120 [pool-37-thread-1] INFO  server.RaftServerConfigKeys (ConfUtils.java:logGet(43)) - raft.server.log.purge.gap = 1000000 (custom)
2019-10-17 18:37:15,120 [pool-47-thread-1] INFO  server.RaftServerConfigKeys (ConfUtils.java:logGet(43)) - raft.server.log.segment.cache.num.max = 2 (custom)
2019-10-17 18:37:15,120 [pool-27-thread-1] INFO  server.RaftServerConfigKeys (ConfUtils.java:logGet(43)) - raft.server.log.purge.gap = 1000000 (custom)
2019-10-17 18:37:15,120 [pool-47-thread-1] INFO  segmented.SegmentedRaftLogWorker (SegmentedRaftLogWorker.java:<init>(173)) - new 09ea8095-e0f7-4a15-a25f-71748f8d4e7f@group-A236C1E6A57F-SegmentedRaftLogWorker for RaftStorage:Storage Directory /workdir/hadoop-ozone/integration-test/target/test-dir/MiniOzoneClusterImpl-7c97e77e-72d1-4dbe-ba9d-252c38b2309c/datanode-2/data/ratis/f5073bd3-c80c-4957-9a7f-a236c1e6a57f
2019-10-17 18:37:15,120 [pool-37-thread-1] INFO  server.RaftServerConfigKeys (ConfUtils.java:logGet(43)) - raft.server.log.appender.buffer.byte-limit = 33554432 (custom)
2019-10-17 18:37:15,121 [pool-47-thread-1] INFO  server.RaftServerConfigKeys (ConfUtils.java:logGet(43)) - raft.server.log.queue.byte-limit = 2147483647 (custom)
2019-10-17 18:37:15,120 [pool-27-thread-1] INFO  server.RaftServerConfigKeys (ConfUtils.java:logGet(43)) - raft.server.log.appender.buffer.byte-limit = 33554432 (custom)
2019-10-17 18:37:15,121 [pool-47-thread-1] INFO  server.RaftServerConfigKeys (ConfUtils.java:logGet(43)) - raft.server.log.queue.element-limit = 1024 (custom)
2019-10-17 18:37:15,121 [pool-37-thread-1] INFO  server.RaftServerConfigKeys (ConfUtils.java:logGet(43)) - raft.server.log.segment.size.max = 1048576 (custom)
2019-10-17 18:37:15,121 [pool-47-thread-1] INFO  server.RaftServerConfigKeys (ConfUtils.java:logGet(43)) - raft.server.log.segment.size.max = 1048576 (custom)
2019-10-17 18:37:15,121 [pool-27-thread-1] INFO  server.RaftServerConfigKeys (ConfUtils.java:logGet(43)) - raft.server.log.segment.size.max = 1048576 (custom)
2019-10-17 18:37:15,121 [pool-47-thread-1] INFO  server.RaftServerConfigKeys (ConfUtils.java:logGet(43)) - raft.server.log.preallocated.size = 16384 (custom)
2019-10-17 18:37:15,121 [pool-37-thread-1] INFO  server.RaftServerConfigKeys (ConfUtils.java:logGet(43)) - raft.server.log.segment.cache.num.max = 2 (custom)
2019-10-17 18:37:15,122 [pool-47-thread-1] INFO  server.RaftServerConfigKeys (ConfUtils.java:logGet(43)) - raft.server.log.write.buffer.size = 33554432 (custom)
2019-10-17 18:37:15,121 [pool-27-thread-1] INFO  server.RaftServerConfigKeys (ConfUtils.java:logGet(43)) - raft.server.log.segment.cache.num.max = 2 (custom)
2019-10-17 18:37:15,122 [pool-47-thread-1] INFO  server.RaftServerConfigKeys (ConfUtils.java:logGet(43)) - raft.server.log.force.sync.num = 128 (default)
2019-10-17 18:37:15,122 [pool-37-thread-1] INFO  segmented.SegmentedRaftLogWorker (SegmentedRaftLogWorker.java:<init>(173)) - new 7b069786-c4de-4177-a49c-78057d3e7b27@group-A236C1E6A57F-SegmentedRaftLogWorker for RaftStorage:Storage Directory /workdir/hadoop-ozone/integration-test/target/test-dir/MiniOzoneClusterImpl-7c97e77e-72d1-4dbe-ba9d-252c38b2309c/datanode-1/data/ratis/f5073bd3-c80c-4957-9a7f-a236c1e6a57f
2019-10-17 18:37:15,122 [pool-47-thread-1] INFO  server.RaftServerConfigKeys (ConfUtils.java:logGet(43)) - raft.server.log.statemachine.data.sync = true (default)
2019-10-17 18:37:15,122 [pool-27-thread-1] INFO  segmented.SegmentedRaftLogWorker (SegmentedRaftLogWorker.java:<init>(173)) - new 0d68154c-bc1a-4b17-bcf5-90972ecdd7ac@group-A236C1E6A57F-SegmentedRaftLogWorker for RaftStorage:Storage Directory /workdir/hadoop-ozone/integration-test/target/test-dir/MiniOzoneClusterImpl-7c97e77e-72d1-4dbe-ba9d-252c38b2309c/datanode-0/data/ratis/f5073bd3-c80c-4957-9a7f-a236c1e6a57f
2019-10-17 18:37:15,122 [pool-47-thread-1] INFO  server.RaftServerConfigKeys (ConfUtils.java:logGet(43)) - raft.server.log.statemachine.data.sync.timeout = 10s (default)
2019-10-17 18:37:15,122 [pool-37-thread-1] INFO  server.RaftServerConfigKeys (ConfUtils.java:logGet(43)) - raft.server.log.queue.byte-limit = 2147483647 (custom)
2019-10-17 18:37:15,123 [pool-47-thread-1] INFO  server.RaftServerConfigKeys (ConfUtils.java:logGet(43)) - raft.server.log.statemachine.data.sync.timeout.retry = -1 (default)
2019-10-17 18:37:15,122 [pool-27-thread-1] INFO  server.RaftServerConfigKeys (ConfUtils.java:logGet(43)) - raft.server.log.queue.byte-limit = 2147483647 (custom)
2019-10-17 18:37:15,123 [pool-37-thread-1] INFO  server.RaftServerConfigKeys (ConfUtils.java:logGet(43)) - raft.server.log.queue.element-limit = 1024 (custom)
2019-10-17 18:37:15,123 [pool-47-thread-1] INFO  server.RaftServerConfigKeys (ConfUtils.java:logGet(43)) - raft.server.log.statemachine.data.caching.enabled = true (custom)
2019-10-17 18:37:15,123 [pool-27-thread-1] INFO  server.RaftServerConfigKeys (ConfUtils.java:logGet(43)) - raft.server.log.queue.element-limit = 1024 (custom)
2019-10-17 18:37:15,123 [pool-37-thread-1] INFO  server.RaftServerConfigKeys (ConfUtils.java:logGet(43)) - raft.server.log.segment.size.max = 1048576 (custom)
2019-10-17 18:37:15,123 [pool-47-thread-1] INFO  segmented.SegmentedRaftLogWorker (SegmentedRaftLogWorker.java:lambda$new$0(128)) - 09ea8095-e0f7-4a15-a25f-71748f8d4e7f@group-A236C1E6A57F-SegmentedRaftLogWorker: flushIndex: setUnconditionally 0 -> -1
2019-10-17 18:37:15,123 [pool-27-thread-1] INFO  server.RaftServerConfigKeys (ConfUtils.java:logGet(43)) - raft.server.log.segment.size.max = 1048576 (custom)
2019-10-17 18:37:15,124 [pool-37-thread-1] INFO  server.RaftServerConfigKeys (ConfUtils.java:logGet(43)) - raft.server.log.preallocated.size = 16384 (custom)
2019-10-17 18:37:15,124 [pool-47-thread-1] INFO  server.RaftServerConfigKeys (ConfUtils.java:logGet(43)) - raft.server.snapshot.auto.trigger.enabled = true (custom)
2019-10-17 18:37:15,124 [pool-27-thread-1] INFO  server.RaftServerConfigKeys (ConfUtils.java:logGet(43)) - raft.server.log.preallocated.size = 16384 (custom)
2019-10-17 18:37:15,124 [pool-47-thread-1] INFO  server.RaftServerConfigKeys (ConfUtils.java:logGet(43)) - raft.server.snapshot.auto.trigger.threshold = 10000 (custom)
2019-10-17 18:37:15,124 [pool-37-thread-1] INFO  server.RaftServerConfigKeys (ConfUtils.java:logGet(43)) - raft.server.log.write.buffer.size = 33554432 (custom)
2019-10-17 18:37:15,124 [pool-47-thread-1] INFO  server.RaftServerConfigKeys (ConfUtils.java:logGet(43)) - raft.server.snapshot.retention.file.num = 5 (custom)
2019-10-17 18:37:15,124 [pool-27-thread-1] INFO  server.RaftServerConfigKeys (ConfUtils.java:logGet(43)) - raft.server.log.write.buffer.size = 33554432 (custom)
2019-10-17 18:37:15,125 [pool-47-thread-1] INFO  server.RaftServerConfigKeys (ConfUtils.java:logGet(43)) - raft.server.retrycache.expirytime = 600000ms (custom)
2019-10-17 18:37:15,124 [pool-37-thread-1] INFO  server.RaftServerConfigKeys (ConfUtils.java:logGet(43)) - raft.server.log.force.sync.num = 128 (default)
2019-10-17 18:37:15,125 [pool-27-thread-1] INFO  server.RaftServerConfigKeys (ConfUtils.java:logGet(43)) - raft.server.log.force.sync.num = 128 (default)
2019-10-17 18:37:15,125 [pool-37-thread-1] INFO  server.RaftServerConfigKeys (ConfUtils.java:logGet(43)) - raft.server.log.statemachine.data.sync = true (default)
2019-10-17 18:37:15,125 [pool-27-thread-1] INFO  server.RaftServerConfigKeys (ConfUtils.java:logGet(43)) - raft.server.log.statemachine.data.sync = true (default)
2019-10-17 18:37:15,125 [pool-37-thread-1] INFO  server.RaftServerConfigKeys (ConfUtils.java:logGet(43)) - raft.server.log.statemachine.data.sync.timeout = 10s (default)
2019-10-17 18:37:15,125 [pool-27-thread-1] INFO  server.RaftServerConfigKeys (ConfUtils.java:logGet(43)) - raft.server.log.statemachine.data.sync.timeout = 10s (default)
2019-10-17 18:37:15,126 [pool-37-thread-1] INFO  server.RaftServerConfigKeys (ConfUtils.java:logGet(43)) - raft.server.log.statemachine.data.sync.timeout.retry = -1 (default)
2019-10-17 18:37:15,126 [pool-27-thread-1] INFO  server.RaftServerConfigKeys (ConfUtils.java:logGet(43)) - raft.server.log.statemachine.data.sync.timeout.retry = -1 (default)
2019-10-17 18:37:15,126 [pool-37-thread-1] INFO  server.RaftServerConfigKeys (ConfUtils.java:logGet(43)) - raft.server.log.statemachine.data.caching.enabled = true (custom)
2019-10-17 18:37:15,126 [pool-27-thread-1] INFO  server.RaftServerConfigKeys (ConfUtils.java:logGet(43)) - raft.server.log.statemachine.data.caching.enabled = true (custom)
2019-10-17 18:37:15,126 [pool-37-thread-1] INFO  segmented.SegmentedRaftLogWorker (SegmentedRaftLogWorker.java:lambda$new$0(128)) - 7b069786-c4de-4177-a49c-78057d3e7b27@group-A236C1E6A57F-SegmentedRaftLogWorker: flushIndex: setUnconditionally 0 -> -1
2019-10-17 18:37:15,126 [pool-27-thread-1] INFO  segmented.SegmentedRaftLogWorker (SegmentedRaftLogWorker.java:lambda$new$0(128)) - 0d68154c-bc1a-4b17-bcf5-90972ecdd7ac@group-A236C1E6A57F-SegmentedRaftLogWorker: flushIndex: setUnconditionally 0 -> -1
2019-10-17 18:37:15,127 [pool-37-thread-1] INFO  server.RaftServerConfigKeys (ConfUtils.java:logGet(43)) - raft.server.snapshot.auto.trigger.enabled = true (custom)
2019-10-17 18:37:15,127 [pool-27-thread-1] INFO  server.RaftServerConfigKeys (ConfUtils.java:logGet(43)) - raft.server.snapshot.auto.trigger.enabled = true (custom)
2019-10-17 18:37:15,127 [pool-37-thread-1] INFO  server.RaftServerConfigKeys (ConfUtils.java:logGet(43)) - raft.server.snapshot.auto.trigger.threshold = 10000 (custom)
2019-10-17 18:37:15,127 [pool-27-thread-1] INFO  server.RaftServerConfigKeys (ConfUtils.java:logGet(43)) - raft.server.snapshot.auto.trigger.threshold = 10000 (custom)
2019-10-17 18:37:15,127 [pool-37-thread-1] INFO  server.RaftServerConfigKeys (ConfUtils.java:logGet(43)) - raft.server.snapshot.retention.file.num = 5 (custom)
2019-10-17 18:37:15,127 [pool-47-thread-1] INFO  impl.RaftServerImpl (RaftServerImpl.java:start(195)) - 09ea8095-e0f7-4a15-a25f-71748f8d4e7f@group-A236C1E6A57F: start as a follower, conf=-1: [7b069786-c4de-4177-a49c-78057d3e7b27:192.168.157.251:46071, 0d68154c-bc1a-4b17-bcf5-90972ecdd7ac:192.168.157.251:40580, 09ea8095-e0f7-4a15-a25f-71748f8d4e7f:192.168.157.251:43128], old=null
2019-10-17 18:37:15,127 [pool-27-thread-1] INFO  server.RaftServerConfigKeys (ConfUtils.java:logGet(43)) - raft.server.snapshot.retention.file.num = 5 (custom)
2019-10-17 18:37:15,128 [pool-37-thread-1] INFO  server.RaftServerConfigKeys (ConfUtils.java:logGet(43)) - raft.server.retrycache.expirytime = 600000ms (custom)
2019-10-17 18:37:15,128 [pool-47-thread-1] INFO  impl.RaftServerImpl (RaftServerImpl.java:setRole(184)) - 09ea8095-e0f7-4a15-a25f-71748f8d4e7f@group-A236C1E6A57F: changes role from      null to FOLLOWER at term 0 for startAsFollower
2019-10-17 18:37:15,128 [pool-27-thread-1] INFO  server.RaftServerConfigKeys (ConfUtils.java:logGet(43)) - raft.server.retrycache.expirytime = 600000ms (custom)
2019-10-17 18:37:15,128 [pool-47-thread-1] INFO  impl.RoleInfo (RoleInfo.java:updateAndGet(143)) - 09ea8095-e0f7-4a15-a25f-71748f8d4e7f: start FollowerState
2019-10-17 18:37:15,129 [pool-47-thread-1] INFO  util.JmxRegister (JmxRegister.java:tryRegister(44)) - Successfully registered JMX Bean with object name Ratis:service=RaftServer,group=group-A236C1E6A57F,id=09ea8095-e0f7-4a15-a25f-71748f8d4e7f
2019-10-17 18:37:15,132 [pool-37-thread-1] INFO  impl.RaftServerImpl (RaftServerImpl.java:start(195)) - 7b069786-c4de-4177-a49c-78057d3e7b27@group-A236C1E6A57F: start as a follower, conf=-1: [7b069786-c4de-4177-a49c-78057d3e7b27:192.168.157.251:46071, 0d68154c-bc1a-4b17-bcf5-90972ecdd7ac:192.168.157.251:40580, 09ea8095-e0f7-4a15-a25f-71748f8d4e7f:192.168.157.251:43128], old=null
2019-10-17 18:37:15,133 [pool-37-thread-1] INFO  impl.RaftServerImpl (RaftServerImpl.java:setRole(184)) - 7b069786-c4de-4177-a49c-78057d3e7b27@group-A236C1E6A57F: changes role from      null to FOLLOWER at term 0 for startAsFollower
2019-10-17 18:37:15,133 [pool-37-thread-1] INFO  impl.RoleInfo (RoleInfo.java:updateAndGet(143)) - 7b069786-c4de-4177-a49c-78057d3e7b27: start FollowerState
2019-10-17 18:37:15,133 [pool-27-thread-1] INFO  impl.RaftServerImpl (RaftServerImpl.java:start(195)) - 0d68154c-bc1a-4b17-bcf5-90972ecdd7ac@group-A236C1E6A57F: start as a follower, conf=-1: [7b069786-c4de-4177-a49c-78057d3e7b27:192.168.157.251:46071, 0d68154c-bc1a-4b17-bcf5-90972ecdd7ac:192.168.157.251:40580, 09ea8095-e0f7-4a15-a25f-71748f8d4e7f:192.168.157.251:43128], old=null
2019-10-17 18:37:15,133 [pool-27-thread-1] INFO  impl.RaftServerImpl (RaftServerImpl.java:setRole(184)) - 0d68154c-bc1a-4b17-bcf5-90972ecdd7ac@group-A236C1E6A57F: changes role from      null to FOLLOWER at term 0 for startAsFollower
2019-10-17 18:37:15,133 [pool-37-thread-1] INFO  util.JmxRegister (JmxRegister.java:tryRegister(44)) - Successfully registered JMX Bean with object name Ratis:service=RaftServer,group=group-A236C1E6A57F,id=7b069786-c4de-4177-a49c-78057d3e7b27
2019-10-17 18:37:15,133 [pool-27-thread-1] INFO  impl.RoleInfo (RoleInfo.java:updateAndGet(143)) - 0d68154c-bc1a-4b17-bcf5-90972ecdd7ac: start FollowerState
2019-10-17 18:37:15,134 [pool-27-thread-1] INFO  util.JmxRegister (JmxRegister.java:tryRegister(44)) - Successfully registered JMX Bean with object name Ratis:service=RaftServer,group=group-A236C1E6A57F,id=0d68154c-bc1a-4b17-bcf5-90972ecdd7ac
2019-10-17 18:37:15,139 [main] INFO  ozone.MiniOzoneClusterImpl (MiniOzoneClusterImpl.java:lambda$waitForClusterToBeReady$0(147)) - Cluster is ready. Got 3 of 3 DN Heartbeats.
2019-10-17 18:37:15,163 [RatisPipelineUtilsThread] INFO  pipeline.PipelineStateManager (PipelineStateManager.java:addPipeline(56)) - Created pipeline Pipeline[ Id: f5073bd3-c80c-4957-9a7f-a236c1e6a57f, Nodes: 09ea8095-e0f7-4a15-a25f-71748f8d4e7f{ip: 192.168.157.251, host: pr-hdds-2318-qqrts-113280968, networkLocation: /default-rack, certSerialId: null}7b069786-c4de-4177-a49c-78057d3e7b27{ip: 192.168.157.251, host: pr-hdds-2318-qqrts-113280968, networkLocation: /default-rack, certSerialId: null}0d68154c-bc1a-4b17-bcf5-90972ecdd7ac{ip: 192.168.157.251, host: pr-hdds-2318-qqrts-113280968, networkLocation: /default-rack, certSerialId: null}, Type:RATIS, Factor:THREE, State:OPEN]
2019-10-17 18:37:15,222 [Thread-196] INFO  impl.FollowerState (FollowerState.java:run(108)) - 0d68154c-bc1a-4b17-bcf5-90972ecdd7ac@group-8CB07F0F125B-FollowerState: change to CANDIDATE, lastRpcTime:191ms, electionTimeout:191ms
2019-10-17 18:37:15,224 [Thread-196] INFO  impl.RoleInfo (RoleInfo.java:shutdownFollowerState(121)) - 0d68154c-bc1a-4b17-bcf5-90972ecdd7ac: shutdown FollowerState
2019-10-17 18:37:15,224 [Thread-196] INFO  impl.RaftServerImpl (RaftServerImpl.java:setRole(184)) - 0d68154c-bc1a-4b17-bcf5-90972ecdd7ac@group-8CB07F0F125B: changes role from  FOLLOWER to CANDIDATE at term 0 for changeToCandidate
2019-10-17 18:37:15,224 [Thread-196] INFO  impl.RoleInfo (RoleInfo.java:updateAndGet(143)) - 0d68154c-bc1a-4b17-bcf5-90972ecdd7ac: start LeaderElection
2019-10-17 18:37:15,238 [Thread-203] INFO  impl.FollowerState (FollowerState.java:run(108)) - 0d68154c-bc1a-4b17-bcf5-90972ecdd7ac@group-A236C1E6A57F-FollowerState: change to CANDIDATE, lastRpcTime:104ms, electionTimeout:104ms
2019-10-17 18:37:15,240 [Thread-203] INFO  impl.RoleInfo (RoleInfo.java:shutdownFollowerState(121)) - 0d68154c-bc1a-4b17-bcf5-90972ecdd7ac: shutdown FollowerState
2019-10-17 18:37:15,240 [Thread-203] INFO  impl.RaftServerImpl (RaftServerImpl.java:setRole(184)) - 0d68154c-bc1a-4b17-bcf5-90972ecdd7ac@group-A236C1E6A57F: changes role from  FOLLOWER to CANDIDATE at term 0 for changeToCandidate
2019-10-17 18:37:15,241 [Thread-203] INFO  impl.RoleInfo (RoleInfo.java:updateAndGet(143)) - 0d68154c-bc1a-4b17-bcf5-90972ecdd7ac: start LeaderElection
2019-10-17 18:37:15,251 [0d68154c-bc1a-4b17-bcf5-90972ecdd7ac@group-8CB07F0F125B-LeaderElection3] INFO  impl.LeaderElection (LeaderElection.java:askForVotes(178)) - 0d68154c-bc1a-4b17-bcf5-90972ecdd7ac@group-8CB07F0F125B-LeaderElection3: begin an election at term 1 for -1: [0d68154c-bc1a-4b17-bcf5-90972ecdd7ac:192.168.157.251:40580], old=null
2019-10-17 18:37:15,253 [0d68154c-bc1a-4b17-bcf5-90972ecdd7ac@group-8CB07F0F125B-LeaderElection3] INFO  impl.RoleInfo (RoleInfo.java:shutdownLeaderElection(134)) - 0d68154c-bc1a-4b17-bcf5-90972ecdd7ac: shutdown LeaderElection
2019-10-17 18:37:15,253 [0d68154c-bc1a-4b17-bcf5-90972ecdd7ac@group-8CB07F0F125B-LeaderElection3] INFO  impl.RaftServerImpl (RaftServerImpl.java:setRole(184)) - 0d68154c-bc1a-4b17-bcf5-90972ecdd7ac@group-8CB07F0F125B: changes role from CANDIDATE to LEADER at term 1 for changeToLeader
2019-10-17 18:37:15,253 [0d68154c-bc1a-4b17-bcf5-90972ecdd7ac@group-8CB07F0F125B-LeaderElection3] INFO  impl.RaftServerImpl (ServerState.java:setLeader(256)) - 0d68154c-bc1a-4b17-bcf5-90972ecdd7ac@group-8CB07F0F125B: change Leader from null to 0d68154c-bc1a-4b17-bcf5-90972ecdd7ac at term 1 for becomeLeader, leader elected after 234ms
2019-10-17 18:37:15,253 [0d68154c-bc1a-4b17-bcf5-90972ecdd7ac@group-8CB07F0F125B-LeaderElection3] INFO  server.RaftServerConfigKeys (ConfUtils.java:logGet(43)) - raft.server.staging.catchup.gap = 1000 (default)
2019-10-17 18:37:15,253 [0d68154c-bc1a-4b17-bcf5-90972ecdd7ac@group-8CB07F0F125B-LeaderElection3] INFO  server.RaftServerConfigKeys (ConfUtils.java:logGet(43)) - raft.server.rpc.sleep.time = 25ms (default)
2019-10-17 18:37:15,253 [0d68154c-bc1a-4b17-bcf5-90972ecdd7ac@group-8CB07F0F125B-LeaderElection3] INFO  server.RaftServerConfigKeys (ConfUtils.java:logGet(43)) - raft.server.write.element-limit = 4096 (default)
2019-10-17 18:37:15,253 [0d68154c-bc1a-4b17-bcf5-90972ecdd7ac@group-8CB07F0F125B-LeaderElection3] INFO  server.RaftServerConfigKeys (ConfUtils.java:logGet(43)) - raft.server.watch.timeout = 10s (default)
2019-10-17 18:37:15,254 [0d68154c-bc1a-4b17-bcf5-90972ecdd7ac@group-8CB07F0F125B-LeaderElection3] INFO  server.RaftServerConfigKeys (ConfUtils.java:logGet(43)) - raft.server.watch.timeout.denomination = 1s (default)
2019-10-17 18:37:15,254 [0d68154c-bc1a-4b17-bcf5-90972ecdd7ac@group-8CB07F0F125B-LeaderElection3] INFO  server.RaftServerConfigKeys (ConfUtils.java:logGet(43)) - raft.server.watch.element-limit = 65536 (default)
2019-10-17 18:37:15,255 [0d68154c-bc1a-4b17-bcf5-90972ecdd7ac@group-A236C1E6A57F-LeaderElection4] INFO  impl.LeaderElection (LeaderElection.java:askForVotes(178)) - 0d68154c-bc1a-4b17-bcf5-90972ecdd7ac@group-A236C1E6A57F-LeaderElection4: begin an election at term 1 for -1: [7b069786-c4de-4177-a49c-78057d3e7b27:192.168.157.251:46071, 0d68154c-bc1a-4b17-bcf5-90972ecdd7ac:192.168.157.251:40580, 09ea8095-e0f7-4a15-a25f-71748f8d4e7f:192.168.157.251:43128], old=null
2019-10-17 18:37:15,257 [0d68154c-bc1a-4b17-bcf5-90972ecdd7ac@group-8CB07F0F125B-LeaderElection3] INFO  impl.RoleInfo (RoleInfo.java:updateAndGet(143)) - 0d68154c-bc1a-4b17-bcf5-90972ecdd7ac: start LeaderState
2019-10-17 18:37:15,257 [0d68154c-bc1a-4b17-bcf5-90972ecdd7ac@group-8CB07F0F125B-LeaderElection3] INFO  segmented.SegmentedRaftLogWorker (SegmentedRaftLogWorker.java:startLogSegment(385)) - 0d68154c-bc1a-4b17-bcf5-90972ecdd7ac@group-8CB07F0F125B-SegmentedRaftLogWorker: Starting segment from index:0
2019-10-17 18:37:15,258 [0d68154c-bc1a-4b17-bcf5-90972ecdd7ac@group-8CB07F0F125B-LeaderElection3] INFO  impl.RaftServerImpl (ServerState.java:setRaftConf(357)) - 0d68154c-bc1a-4b17-bcf5-90972ecdd7ac@group-8CB07F0F125B: set configuration 0: [0d68154c-bc1a-4b17-bcf5-90972ecdd7ac:192.168.157.251:40580], old=null at 0
2019-10-17 18:37:15,295 [0d68154c-bc1a-4b17-bcf5-90972ecdd7ac@group-8CB07F0F125B-SegmentedRaftLogWorker] INFO  segmented.SegmentedRaftLogWorker (SegmentedRaftLogWorker.java:execute(576)) - 0d68154c-bc1a-4b17-bcf5-90972ecdd7ac@group-8CB07F0F125B-SegmentedRaftLogWorker: created new log segment /workdir/hadoop-ozone/integration-test/target/test-dir/MiniOzoneClusterImpl-7c97e77e-72d1-4dbe-ba9d-252c38b2309c/datanode-0/data/ratis/13dc870e-7835-4ba4-a017-8cb07f0f125b/current/log_inprogress_0
2019-10-17 18:37:15,297 [Thread-202] INFO  impl.FollowerState (FollowerState.java:run(108)) - 7b069786-c4de-4177-a49c-78057d3e7b27@group-A236C1E6A57F-FollowerState: change to CANDIDATE, lastRpcTime:163ms, electionTimeout:163ms
2019-10-17 18:37:15,297 [Thread-202] INFO  impl.RoleInfo (RoleInfo.java:shutdownFollowerState(121)) - 7b069786-c4de-4177-a49c-78057d3e7b27: shutdown FollowerState
2019-10-17 18:37:15,298 [Thread-202] INFO  impl.RaftServerImpl (RaftServerImpl.java:setRole(184)) - 7b069786-c4de-4177-a49c-78057d3e7b27@group-A236C1E6A57F: changes role from  FOLLOWER to CANDIDATE at term 0 for changeToCandidate
2019-10-17 18:37:15,298 [Thread-202] INFO  impl.RoleInfo (RoleInfo.java:updateAndGet(143)) - 7b069786-c4de-4177-a49c-78057d3e7b27: start LeaderElection
2019-10-17 18:37:15,312 [7b069786-c4de-4177-a49c-78057d3e7b27@group-A236C1E6A57F-LeaderElection5] INFO  impl.LeaderElection (LeaderElection.java:askForVotes(178)) - 7b069786-c4de-4177-a49c-78057d3e7b27@group-A236C1E6A57F-LeaderElection5: begin an election at term 1 for -1: [7b069786-c4de-4177-a49c-78057d3e7b27:192.168.157.251:46071, 0d68154c-bc1a-4b17-bcf5-90972ecdd7ac:192.168.157.251:40580, 09ea8095-e0f7-4a15-a25f-71748f8d4e7f:192.168.157.251:43128], old=null
2019-10-17 18:37:15,314 [grpc-default-executor-0] INFO  impl.RaftServerImpl (RaftServerImpl.java:setRole(184)) - 09ea8095-e0f7-4a15-a25f-71748f8d4e7f@group-A236C1E6A57F: changes role from  FOLLOWER to FOLLOWER at term 1 for recognizeCandidate:0d68154c-bc1a-4b17-bcf5-90972ecdd7ac
2019-10-17 18:37:15,315 [grpc-default-executor-0] INFO  impl.RoleInfo (RoleInfo.java:shutdownFollowerState(121)) - 09ea8095-e0f7-4a15-a25f-71748f8d4e7f: shutdown FollowerState
2019-10-17 18:37:15,316 [Thread-201] INFO  impl.FollowerState (FollowerState.java:run(117)) - 09ea8095-e0f7-4a15-a25f-71748f8d4e7f@group-A236C1E6A57F-FollowerState was interrupted: java.lang.InterruptedException: sleep interrupted
2019-10-17 18:37:15,316 [grpc-default-executor-0] INFO  impl.RoleInfo (RoleInfo.java:updateAndGet(143)) - 09ea8095-e0f7-4a15-a25f-71748f8d4e7f: start FollowerState
2019-10-17 18:37:15,326 [0d68154c-bc1a-4b17-bcf5-90972ecdd7ac@group-A236C1E6A57F-LeaderElection4] INFO  impl.LeaderElection (LeaderElection.java:logAndReturn(56)) - 0d68154c-bc1a-4b17-bcf5-90972ecdd7ac@group-A236C1E6A57F-LeaderElection4: Election TIMEOUT; received 0 response(s) [] and 0 exception(s); 0d68154c-bc1a-4b17-bcf5-90972ecdd7ac@group-A236C1E6A57F:t1, leader=null, voted=0d68154c-bc1a-4b17-bcf5-90972ecdd7ac, raftlog=0d68154c-bc1a-4b17-bcf5-90972ecdd7ac@group-A236C1E6A57F-SegmentedRaftLog:OPENED:c-1,f-1,i0, conf=-1: [7b069786-c4de-4177-a49c-78057d3e7b27:192.168.157.251:46071, 0d68154c-bc1a-4b17-bcf5-90972ecdd7ac:192.168.157.251:40580, 09ea8095-e0f7-4a15-a25f-71748f8d4e7f:192.168.157.251:43128], old=null
2019-10-17 18:37:15,338 [0d68154c-bc1a-4b17-bcf5-90972ecdd7ac@group-A236C1E6A57F-LeaderElection4] INFO  impl.LeaderElection (LeaderElection.java:askForVotes(178)) - 0d68154c-bc1a-4b17-bcf5-90972ecdd7ac@group-A236C1E6A57F-LeaderElection4: begin an election at term 2 for -1: [7b069786-c4de-4177-a49c-78057d3e7b27:192.168.157.251:46071, 0d68154c-bc1a-4b17-bcf5-90972ecdd7ac:192.168.157.251:40580, 09ea8095-e0f7-4a15-a25f-71748f8d4e7f:192.168.157.251:43128], old=null
2019-10-17 18:37:15,346 [grpc-default-executor-3] INFO  impl.RaftServerImpl (RaftServerImpl.java:setRole(184)) - 7b069786-c4de-4177-a49c-78057d3e7b27@group-A236C1E6A57F: changes role from CANDIDATE to FOLLOWER at term 2 for recognizeCandidate:0d68154c-bc1a-4b17-bcf5-90972ecdd7ac
2019-10-17 18:37:15,348 [grpc-default-executor-3] INFO  impl.RoleInfo (RoleInfo.java:shutdownLeaderElection(134)) - 7b069786-c4de-4177-a49c-78057d3e7b27: shutdown LeaderElection
2019-10-17 18:37:15,348 [grpc-default-executor-3] INFO  impl.RoleInfo (RoleInfo.java:updateAndGet(143)) - 7b069786-c4de-4177-a49c-78057d3e7b27: start FollowerState
2019-10-17 18:37:15,349 [7b069786-c4de-4177-a49c-78057d3e7b27@group-A236C1E6A57F-LeaderElection5] INFO  impl.LeaderElection (LeaderElection.java:logAndReturn(56)) - 7b069786-c4de-4177-a49c-78057d3e7b27@group-A236C1E6A57F-LeaderElection5: Election DISCOVERED_A_NEW_TERM; received 1 response(s) [7b069786-c4de-4177-a49c-78057d3e7b27<-0d68154c-bc1a-4b17-bcf5-90972ecdd7ac#0:FAIL-t2] and 0 exception(s); 7b069786-c4de-4177-a49c-78057d3e7b27@group-A236C1E6A57F:t2, leader=null, voted=null, raftlog=7b069786-c4de-4177-a49c-78057d3e7b27@group-A236C1E6A57F-SegmentedRaftLog:OPENED:c-1,f-1,i0, conf=-1: [7b069786-c4de-4177-a49c-78057d3e7b27:192.168.157.251:46071, 0d68154c-bc1a-4b17-bcf5-90972ecdd7ac:192.168.157.251:40580, 09ea8095-e0f7-4a15-a25f-71748f8d4e7f:192.168.157.251:43128], old=null
2019-10-17 18:37:15,350 [0d68154c-bc1a-4b17-bcf5-90972ecdd7ac@group-A236C1E6A57F-LeaderElection4] INFO  impl.LeaderElection (LeaderElection.java:logAndReturn(56)) - 0d68154c-bc1a-4b17-bcf5-90972ecdd7ac@group-A236C1E6A57F-LeaderElection4: Election TIMEOUT; received 0 response(s) [] and 0 exception(s); 0d68154c-bc1a-4b17-bcf5-90972ecdd7ac@group-A236C1E6A57F:t2, leader=null, voted=0d68154c-bc1a-4b17-bcf5-90972ecdd7ac, raftlog=0d68154c-bc1a-4b17-bcf5-90972ecdd7ac@group-A236C1E6A57F-SegmentedRaftLog:OPENED:c-1,f-1,i0, conf=-1: [7b069786-c4de-4177-a49c-78057d3e7b27:192.168.157.251:46071, 0d68154c-bc1a-4b17-bcf5-90972ecdd7ac:192.168.157.251:40580, 09ea8095-e0f7-4a15-a25f-71748f8d4e7f:192.168.157.251:43128], old=null
2019-10-17 18:37:15,352 [grpc-default-executor-2] INFO  impl.RaftServerImpl (RaftServerImpl.java:setRole(184)) - 09ea8095-e0f7-4a15-a25f-71748f8d4e7f@group-A236C1E6A57F: changes role from  FOLLOWER to FOLLOWER at term 2 for recognizeCandidate:0d68154c-bc1a-4b17-bcf5-90972ecdd7ac
2019-10-17 18:37:15,352 [grpc-default-executor-2] INFO  impl.RoleInfo (RoleInfo.java:shutdownFollowerState(121)) - 09ea8095-e0f7-4a15-a25f-71748f8d4e7f: shutdown FollowerState
2019-10-17 18:37:15,353 [Thread-215] INFO  impl.FollowerState (FollowerState.java:run(117)) - 09ea8095-e0f7-4a15-a25f-71748f8d4e7f@group-A236C1E6A57F-FollowerState was interrupted: java.lang.InterruptedException: sleep interrupted
2019-10-17 18:37:15,353 [grpc-default-executor-2] INFO  impl.RoleInfo (RoleInfo.java:updateAndGet(143)) - 09ea8095-e0f7-4a15-a25f-71748f8d4e7f: start FollowerState
2019-10-17 18:37:15,363 [0d68154c-bc1a-4b17-bcf5-90972ecdd7ac@group-A236C1E6A57F-LeaderElection4] INFO  impl.LeaderElection (LeaderElection.java:askForVotes(178)) - 0d68154c-bc1a-4b17-bcf5-90972ecdd7ac@group-A236C1E6A57F-LeaderElection4: begin an election at term 3 for -1: [7b069786-c4de-4177-a49c-78057d3e7b27:192.168.157.251:46071, 0d68154c-bc1a-4b17-bcf5-90972ecdd7ac:192.168.157.251:40580, 09ea8095-e0f7-4a15-a25f-71748f8d4e7f:192.168.157.251:43128], old=null
2019-10-17 18:37:15,373 [Thread-218] INFO  impl.FollowerState (FollowerState.java:run(108)) - 7b069786-c4de-4177-a49c-78057d3e7b27@group-A236C1E6A57F-FollowerState: change to CANDIDATE, lastRpcTime:24ms, electionTimeout:23ms
2019-10-17 18:37:15,373 [Thread-218] INFO  impl.RoleInfo (RoleInfo.java:shutdownFollowerState(121)) - 7b069786-c4de-4177-a49c-78057d3e7b27: shutdown FollowerState
2019-10-17 18:37:15,373 [Thread-218] INFO  impl.RaftServerImpl (RaftServerImpl.java:setRole(184)) - 7b069786-c4de-4177-a49c-78057d3e7b27@group-A236C1E6A57F: changes role from  FOLLOWER to CANDIDATE at term 2 for changeToCandidate
2019-10-17 18:37:15,373 [grpc-default-executor-2] INFO  impl.RaftServerImpl (RaftServerImpl.java:setRole(184)) - 09ea8095-e0f7-4a15-a25f-71748f8d4e7f@group-A236C1E6A57F: changes role from  FOLLOWER to FOLLOWER at term 3 for recognizeCandidate:0d68154c-bc1a-4b17-bcf5-90972ecdd7ac
2019-10-17 18:37:15,373 [Thread-218] INFO  impl.RoleInfo (RoleInfo.java:updateAndGet(143)) - 7b069786-c4de-4177-a49c-78057d3e7b27: start LeaderElection
2019-10-17 18:37:15,373 [grpc-default-executor-2] INFO  impl.RoleInfo (RoleInfo.java:shutdownFollowerState(121)) - 09ea8095-e0f7-4a15-a25f-71748f8d4e7f: shutdown FollowerState
2019-10-17 18:37:15,373 [grpc-default-executor-2] INFO  impl.RoleInfo (RoleInfo.java:updateAndGet(143)) - 09ea8095-e0f7-4a15-a25f-71748f8d4e7f: start FollowerState
2019-10-17 18:37:15,374 [grpc-default-executor-3] INFO  impl.RaftServerImpl (RaftServerImpl.java:setRole(184)) - 7b069786-c4de-4177-a49c-78057d3e7b27@group-A236C1E6A57F: changes role from CANDIDATE to FOLLOWER at term 3 for recognizeCandidate:0d68154c-bc1a-4b17-bcf5-90972ecdd7ac
2019-10-17 18:37:15,374 [grpc-default-executor-3] INFO  impl.RoleInfo (RoleInfo.java:shutdownLeaderElection(134)) - 7b069786-c4de-4177-a49c-78057d3e7b27: shutdown LeaderElection
2019-10-17 18:37:15,373 [Thread-219] INFO  impl.FollowerState (FollowerState.java:run(117)) - 09ea8095-e0f7-4a15-a25f-71748f8d4e7f@group-A236C1E6A57F-FollowerState was interrupted: java.lang.InterruptedException: sleep interrupted
2019-10-17 18:37:15,375 [grpc-default-executor-3] INFO  impl.RoleInfo (RoleInfo.java:updateAndGet(143)) - 7b069786-c4de-4177-a49c-78057d3e7b27: start FollowerState
2019-10-17 18:37:15,394 [0d68154c-bc1a-4b17-bcf5-90972ecdd7ac@group-A236C1E6A57F-LeaderElection4] INFO  impl.LeaderElection (LeaderElection.java:logAndReturn(56)) - 0d68154c-bc1a-4b17-bcf5-90972ecdd7ac@group-A236C1E6A57F-LeaderElection4: Election PASSED; received 2 response(s) [0d68154c-bc1a-4b17-bcf5-90972ecdd7ac<-7b069786-c4de-4177-a49c-78057d3e7b27#0:FAIL-t3, 0d68154c-bc1a-4b17-bcf5-90972ecdd7ac<-09ea8095-e0f7-4a15-a25f-71748f8d4e7f#0:OK-t3] and 0 exception(s); 0d68154c-bc1a-4b17-bcf5-90972ecdd7ac@group-A236C1E6A57F:t3, leader=null, voted=0d68154c-bc1a-4b17-bcf5-90972ecdd7ac, raftlog=0d68154c-bc1a-4b17-bcf5-90972ecdd7ac@group-A236C1E6A57F-SegmentedRaftLog:OPENED:c-1,f-1,i0, conf=-1: [7b069786-c4de-4177-a49c-78057d3e7b27:192.168.157.251:46071, 0d68154c-bc1a-4b17-bcf5-90972ecdd7ac:192.168.157.251:40580, 09ea8095-e0f7-4a15-a25f-71748f8d4e7f:192.168.157.251:43128], old=null
2019-10-17 18:37:15,394 [0d68154c-bc1a-4b17-bcf5-90972ecdd7ac@group-A236C1E6A57F-LeaderElection4] INFO  impl.RoleInfo (RoleInfo.java:shutdownLeaderElection(134)) - 0d68154c-bc1a-4b17-bcf5-90972ecdd7ac: shutdown LeaderElection
2019-10-17 18:37:15,398 [0d68154c-bc1a-4b17-bcf5-90972ecdd7ac@group-A236C1E6A57F-LeaderElection4] INFO  impl.RaftServerImpl (RaftServerImpl.java:setRole(184)) - 0d68154c-bc1a-4b17-bcf5-90972ecdd7ac@group-A236C1E6A57F: changes role from CANDIDATE to LEADER at term 3 for changeToLeader
2019-10-17 18:37:15,400 [0d68154c-bc1a-4b17-bcf5-90972ecdd7ac@group-A236C1E6A57F-LeaderElection4] INFO  impl.RaftServerImpl (ServerState.java:setLeader(256)) - 0d68154c-bc1a-4b17-bcf5-90972ecdd7ac@group-A236C1E6A57F: change Leader from null to 0d68154c-bc1a-4b17-bcf5-90972ecdd7ac at term 3 for becomeLeader, leader elected after 281ms
2019-10-17 18:37:15,400 [0d68154c-bc1a-4b17-bcf5-90972ecdd7ac@group-A236C1E6A57F-LeaderElection4] INFO  server.RaftServerConfigKeys (ConfUtils.java:logGet(43)) - raft.server.staging.catchup.gap = 1000 (default)
2019-10-17 18:37:15,400 [0d68154c-bc1a-4b17-bcf5-90972ecdd7ac@group-A236C1E6A57F-LeaderElection4] INFO  server.RaftServerConfigKeys (ConfUtils.java:logGet(43)) - raft.server.rpc.sleep.time = 25ms (default)
2019-10-17 18:37:15,401 [0d68154c-bc1a-4b17-bcf5-90972ecdd7ac@group-A236C1E6A57F-LeaderElection4] INFO  server.RaftServerConfigKeys (ConfUtils.java:logGet(43)) - raft.server.write.element-limit = 4096 (default)
2019-10-17 18:37:15,401 [7b069786-c4de-4177-a49c-78057d3e7b27@group-A236C1E6A57F-LeaderElection6] INFO  impl.LeaderElection (LeaderElection.java:askForVotes(178)) - 7b069786-c4de-4177-a49c-78057d3e7b27@group-A236C1E6A57F-LeaderElection6: begin an election at term 4 for -1: [7b069786-c4de-4177-a49c-78057d3e7b27:192.168.157.251:46071, 0d68154c-bc1a-4b17-bcf5-90972ecdd7ac:192.168.157.251:40580, 09ea8095-e0f7-4a15-a25f-71748f8d4e7f:192.168.157.251:43128], old=null
2019-10-17 18:37:15,403 [0d68154c-bc1a-4b17-bcf5-90972ecdd7ac@group-A236C1E6A57F-LeaderElection4] INFO  server.RaftServerConfigKeys (ConfUtils.java:logGet(43)) - raft.server.watch.timeout = 10s (default)
2019-10-17 18:37:15,403 [0d68154c-bc1a-4b17-bcf5-90972ecdd7ac@group-A236C1E6A57F-LeaderElection4] INFO  server.RaftServerConfigKeys (ConfUtils.java:logGet(43)) - raft.server.watch.timeout.denomination = 1s (default)
2019-10-17 18:37:15,403 [0d68154c-bc1a-4b17-bcf5-90972ecdd7ac@group-A236C1E6A57F-LeaderElection4] INFO  server.RaftServerConfigKeys (ConfUtils.java:logGet(43)) - raft.server.watch.element-limit = 65536 (default)
2019-10-17 18:37:15,403 [7b069786-c4de-4177-a49c-78057d3e7b27@group-A236C1E6A57F-LeaderElection6] INFO  impl.LeaderElection (LeaderElection.java:logAndReturn(56)) - 7b069786-c4de-4177-a49c-78057d3e7b27@group-A236C1E6A57F-LeaderElection6: Election REJECTED; received 0 response(s) [] and 0 exception(s); 7b069786-c4de-4177-a49c-78057d3e7b27@group-A236C1E6A57F:t4, leader=null, voted=7b069786-c4de-4177-a49c-78057d3e7b27, raftlog=7b069786-c4de-4177-a49c-78057d3e7b27@group-A236C1E6A57F-SegmentedRaftLog:OPENED:c-1,f-1,i0, conf=-1: [7b069786-c4de-4177-a49c-78057d3e7b27:192.168.157.251:46071, 0d68154c-bc1a-4b17-bcf5-90972ecdd7ac:192.168.157.251:40580, 09ea8095-e0f7-4a15-a25f-71748f8d4e7f:192.168.157.251:43128], old=null
2019-10-17 18:37:15,409 [grpc-default-executor-2] INFO  impl.RaftServerImpl (RaftServerImpl.java:setRole(184)) - 09ea8095-e0f7-4a15-a25f-71748f8d4e7f@group-A236C1E6A57F: changes role from  FOLLOWER to FOLLOWER at term 4 for recognizeCandidate:7b069786-c4de-4177-a49c-78057d3e7b27
2019-10-17 18:37:15,409 [grpc-default-executor-2] INFO  impl.RoleInfo (RoleInfo.java:shutdownFollowerState(121)) - 09ea8095-e0f7-4a15-a25f-71748f8d4e7f: shutdown FollowerState
2019-10-17 18:37:15,409 [grpc-default-executor-2] INFO  impl.RoleInfo (RoleInfo.java:updateAndGet(143)) - 09ea8095-e0f7-4a15-a25f-71748f8d4e7f: start FollowerState
2019-10-17 18:37:15,409 [Thread-223] INFO  impl.FollowerState (FollowerState.java:run(117)) - 09ea8095-e0f7-4a15-a25f-71748f8d4e7f@group-A236C1E6A57F-FollowerState was interrupted: java.lang.InterruptedException: sleep interrupted
2019-10-17 18:37:15,412 [0d68154c-bc1a-4b17-bcf5-90972ecdd7ac@group-A236C1E6A57F-LeaderElection4] INFO  server.RaftServerConfigKeys (ConfUtils.java:logGet(43)) - raft.server.log.appender.snapshot.chunk.size.max = 16MB (=16777216) (default)
2019-10-17 18:37:15,412 [0d68154c-bc1a-4b17-bcf5-90972ecdd7ac@group-A236C1E6A57F-LeaderElection4] INFO  server.RaftServerConfigKeys (ConfUtils.java:logGet(43)) - raft.server.log.appender.buffer.byte-limit = 33554432 (custom)
2019-10-17 18:37:15,413 [0d68154c-bc1a-4b17-bcf5-90972ecdd7ac@group-A236C1E6A57F-LeaderElection4] INFO  server.RaftServerConfigKeys (ConfUtils.java:logGet(43)) - raft.server.log.appender.buffer.element-limit = 1 (custom)
2019-10-17 18:37:15,416 [0d68154c-bc1a-4b17-bcf5-90972ecdd7ac@group-A236C1E6A57F-LeaderElection4] INFO  grpc.GrpcConfigKeys$Server (ConfUtils.java:logGet(43)) - raft.grpc.server.leader.outstanding.appends.max = 128 (default)
2019-10-17 18:37:15,417 [0d68154c-bc1a-4b17-bcf5-90972ecdd7ac@group-A236C1E6A57F-LeaderElection4] INFO  server.RaftServerConfigKeys (ConfUtils.java:logGet(43)) - raft.server.rpc.request.timeout = 3000ms (default)
2019-10-17 18:37:15,417 [0d68154c-bc1a-4b17-bcf5-90972ecdd7ac@group-A236C1E6A57F-LeaderElection4] INFO  server.RaftServerConfigKeys (ConfUtils.java:logGet(43)) - raft.server.log.appender.install.snapshot.enabled = false (custom)
2019-10-17 18:37:15,421 [0d68154c-bc1a-4b17-bcf5-90972ecdd7ac@group-A236C1E6A57F-LeaderElection4] INFO  server.RaftServerConfigKeys (ConfUtils.java:logGet(43)) - raft.server.log.appender.snapshot.chunk.size.max = 16MB (=16777216) (default)
2019-10-17 18:37:15,421 [0d68154c-bc1a-4b17-bcf5-90972ecdd7ac@group-A236C1E6A57F-LeaderElection4] INFO  server.RaftServerConfigKeys (ConfUtils.java:logGet(43)) - raft.server.log.appender.buffer.byte-limit = 33554432 (custom)
2019-10-17 18:37:15,421 [0d68154c-bc1a-4b17-bcf5-90972ecdd7ac@group-A236C1E6A57F-LeaderElection4] INFO  server.RaftServerConfigKeys (ConfUtils.java:logGet(43)) - raft.server.log.appender.buffer.element-limit = 1 (custom)
2019-10-17 18:37:15,421 [0d68154c-bc1a-4b17-bcf5-90972ecdd7ac@group-A236C1E6A57F-LeaderElection4] INFO  grpc.GrpcConfigKeys$Server (ConfUtils.java:logGet(43)) - raft.grpc.server.leader.outstanding.appends.max = 128 (default)
2019-10-17 18:37:15,421 [0d68154c-bc1a-4b17-bcf5-90972ecdd7ac@group-A236C1E6A57F-LeaderElection4] INFO  server.RaftServerConfigKeys (ConfUtils.java:logGet(43)) - raft.server.rpc.request.timeout = 3000ms (default)
2019-10-17 18:37:15,422 [0d68154c-bc1a-4b17-bcf5-90972ecdd7ac@group-A236C1E6A57F-LeaderElection4] INFO  server.RaftServerConfigKeys (ConfUtils.java:logGet(43)) - raft.server.log.appender.install.snapshot.enabled = false (custom)
2019-10-17 18:37:15,426 [0d68154c-bc1a-4b17-bcf5-90972ecdd7ac@group-A236C1E6A57F-LeaderElection4] INFO  impl.RoleInfo (RoleInfo.java:updateAndGet(143)) - 0d68154c-bc1a-4b17-bcf5-90972ecdd7ac: start LeaderState
2019-10-17 18:37:15,427 [0d68154c-bc1a-4b17-bcf5-90972ecdd7ac@group-A236C1E6A57F-LeaderElection4] INFO  segmented.SegmentedRaftLogWorker (SegmentedRaftLogWorker.java:startLogSegment(385)) - 0d68154c-bc1a-4b17-bcf5-90972ecdd7ac@group-A236C1E6A57F-SegmentedRaftLogWorker: Starting segment from index:0
2019-10-17 18:37:15,427 [0d68154c-bc1a-4b17-bcf5-90972ecdd7ac@group-A236C1E6A57F-LeaderElection4] INFO  impl.RaftServerImpl (ServerState.java:setRaftConf(357)) - 0d68154c-bc1a-4b17-bcf5-90972ecdd7ac@group-A236C1E6A57F: set configuration 0: [7b069786-c4de-4177-a49c-78057d3e7b27:192.168.157.251:46071, 0d68154c-bc1a-4b17-bcf5-90972ecdd7ac:192.168.157.251:40580, 09ea8095-e0f7-4a15-a25f-71748f8d4e7f:192.168.157.251:43128], old=null at 0
2019-10-17 18:37:15,463 [grpc-default-executor-3] INFO  impl.RaftServerImpl (ServerState.java:setLeader(256)) - 0d68154c-bc1a-4b17-bcf5-90972ecdd7ac@group-A236C1E6A57F: change Leader from 0d68154c-bc1a-4b17-bcf5-90972ecdd7ac to null at term 4 for updateCurrentTerm
2019-10-17 18:37:15,463 [grpc-default-executor-3] INFO  impl.RaftServerImpl (RaftServerImpl.java:setRole(184)) - 0d68154c-bc1a-4b17-bcf5-90972ecdd7ac@group-A236C1E6A57F: changes role from    LEADER to FOLLOWER at term 4 for recognizeCandidate:7b069786-c4de-4177-a49c-78057d3e7b27
2019-10-17 18:37:15,464 [grpc-default-executor-3] INFO  impl.RoleInfo (RoleInfo.java:shutdownLeaderState(104)) - 0d68154c-bc1a-4b17-bcf5-90972ecdd7ac: shutdown LeaderState
2019-10-17 18:37:15,468 [grpc-default-executor-3] INFO  impl.PendingRequests (PendingRequests.java:sendNotLeaderResponses(202)) - 0d68154c-bc1a-4b17-bcf5-90972ecdd7ac@group-A236C1E6A57F-PendingRequests: sendNotLeaderResponses
2019-10-17 18:37:15,471 [grpc-default-executor-3] INFO  impl.RoleInfo (RoleInfo.java:updateAndGet(143)) - 0d68154c-bc1a-4b17-bcf5-90972ecdd7ac: start FollowerState
2019-10-17 18:37:15,474 [0d68154c-bc1a-4b17-bcf5-90972ecdd7ac@group-A236C1E6A57F-SegmentedRaftLogWorker] INFO  segmented.SegmentedRaftLogWorker (SegmentedRaftLogWorker.java:execute(576)) - 0d68154c-bc1a-4b17-bcf5-90972ecdd7ac@group-A236C1E6A57F-SegmentedRaftLogWorker: created new log segment /workdir/hadoop-ozone/integration-test/target/test-dir/MiniOzoneClusterImpl-7c97e77e-72d1-4dbe-ba9d-252c38b2309c/datanode-0/data/ratis/f5073bd3-c80c-4957-9a7f-a236c1e6a57f/current/log_inprogress_0
2019-10-17 18:37:15,483 [org.apache.ratis.server.impl.LogAppender$AppenderDaemon$$Lambda$421/2034866737@10063047] WARN  server.GrpcLogAppender (GrpcLogAppender.java:mayWait(149)) - 0d68154c-bc1a-4b17-bcf5-90972ecdd7ac@group-A236C1E6A57F->7b069786-c4de-4177-a49c-78057d3e7b27-GrpcLogAppender: Wait interrupted by java.lang.InterruptedException
2019-10-17 18:37:15,483 [org.apache.ratis.server.impl.LogAppender$AppenderDaemon$$Lambda$421/2034866737@22857421] WARN  server.GrpcLogAppender (GrpcLogAppender.java:mayWait(149)) - 0d68154c-bc1a-4b17-bcf5-90972ecdd7ac@group-A236C1E6A57F->09ea8095-e0f7-4a15-a25f-71748f8d4e7f-GrpcLogAppender: Wait interrupted by java.lang.InterruptedException
2019-10-17 18:37:15,491 [grpc-default-executor-3] INFO  server.GrpcServerProtocolService (GrpcServerProtocolService.java:onCompleted(113)) - 09ea8095-e0f7-4a15-a25f-71748f8d4e7f: Completed APPEND_ENTRIES, lastRequest: null
2019-10-17 18:37:15,491 [grpc-default-executor-2] INFO  server.GrpcServerProtocolService (GrpcServerProtocolService.java:onCompleted(113)) - 7b069786-c4de-4177-a49c-78057d3e7b27: Completed APPEND_ENTRIES, lastRequest: null
2019-10-17 18:37:15,494 [grpc-default-executor-3] INFO  server.GrpcLogAppender (GrpcLogAppender.java:onCompleted(308)) - 0d68154c-bc1a-4b17-bcf5-90972ecdd7ac@group-A236C1E6A57F->7b069786-c4de-4177-a49c-78057d3e7b27-AppendLogResponseHandler: follower responses appendEntries COMPLETED
2019-10-17 18:37:15,494 [grpc-default-executor-2] INFO  server.GrpcLogAppender (GrpcLogAppender.java:onCompleted(308)) - 0d68154c-bc1a-4b17-bcf5-90972ecdd7ac@group-A236C1E6A57F->09ea8095-e0f7-4a15-a25f-71748f8d4e7f-AppendLogResponseHandler: follower responses appendEntries COMPLETED
2019-10-17 18:37:15,501 [Thread-229] INFO  impl.FollowerState (FollowerState.java:run(108)) - 09ea8095-e0f7-4a15-a25f-71748f8d4e7f@group-A236C1E6A57F-FollowerState: change to CANDIDATE, lastRpcTime:91ms, electionTimeout:89ms
2019-10-17 18:37:15,501 [grpc-default-executor-3] INFO  impl.FollowerInfo (FollowerInfo.java:lambda$new$0(51)) - 0d68154c-bc1a-4b17-bcf5-90972ecdd7ac@group-A236C1E6A57F->7b069786-c4de-4177-a49c-78057d3e7b27: nextIndex: updateUnconditionally 0 -> 0
2019-10-17 18:37:15,502 [Thread-229] INFO  impl.RoleInfo (RoleInfo.java:shutdownFollowerState(121)) - 09ea8095-e0f7-4a15-a25f-71748f8d4e7f: shutdown FollowerState
2019-10-17 18:37:15,501 [grpc-default-executor-2] INFO  impl.FollowerInfo (FollowerInfo.java:lambda$new$0(51)) - 0d68154c-bc1a-4b17-bcf5-90972ecdd7ac@group-A236C1E6A57F->09ea8095-e0f7-4a15-a25f-71748f8d4e7f: nextIndex: updateUnconditionally 0 -> 0
2019-10-17 18:37:15,502 [Thread-229] INFO  impl.RaftServerImpl (RaftServerImpl.java:setRole(184)) - 09ea8095-e0f7-4a15-a25f-71748f8d4e7f@group-A236C1E6A57F: changes role from  FOLLOWER to CANDIDATE at term 4 for changeToCandidate
2019-10-17 18:37:15,502 [Thread-229] INFO  impl.RoleInfo (RoleInfo.java:updateAndGet(143)) - 09ea8095-e0f7-4a15-a25f-71748f8d4e7f: start LeaderElection
2019-10-17 18:37:15,509 [Thread-224] INFO  impl.FollowerState (FollowerState.java:run(108)) - 7b069786-c4de-4177-a49c-78057d3e7b27@group-A236C1E6A57F-FollowerState: change to CANDIDATE, lastRpcTime:134ms, electionTimeout:132ms
2019-10-17 18:37:15,509 [Thread-224] INFO  impl.RoleInfo (RoleInfo.java:shutdownFollowerState(121)) - 7b069786-c4de-4177-a49c-78057d3e7b27: shutdown FollowerState
2019-10-17 18:37:15,510 [Thread-224] INFO  impl.RaftServerImpl (RaftServerImpl.java:setRole(184)) - 7b069786-c4de-4177-a49c-78057d3e7b27@group-A236C1E6A57F: changes role from  FOLLOWER to CANDIDATE at term 4 for changeToCandidate
2019-10-17 18:37:15,510 [Thread-224] INFO  impl.RoleInfo (RoleInfo.java:updateAndGet(143)) - 7b069786-c4de-4177-a49c-78057d3e7b27: start LeaderElection
2019-10-17 18:37:15,516 [7b069786-c4de-4177-a49c-78057d3e7b27@group-A236C1E6A57F-LeaderElection8] INFO  impl.LeaderElection (LeaderElection.java:askForVotes(178)) - 7b069786-c4de-4177-a49c-78057d3e7b27@group-A236C1E6A57F-LeaderElection8: begin an election at term 5 for -1: [7b069786-c4de-4177-a49c-78057d3e7b27:192.168.157.251:46071, 0d68154c-bc1a-4b17-bcf5-90972ecdd7ac:192.168.157.251:40580, 09ea8095-e0f7-4a15-a25f-71748f8d4e7f:192.168.157.251:43128], old=null
2019-10-17 18:37:15,516 [09ea8095-e0f7-4a15-a25f-71748f8d4e7f@group-A236C1E6A57F-LeaderElection7] INFO  impl.LeaderElection (LeaderElection.java:askForVotes(178)) - 09ea8095-e0f7-4a15-a25f-71748f8d4e7f@group-A236C1E6A57F-LeaderElection7: begin an election at term 5 for -1: [7b069786-c4de-4177-a49c-78057d3e7b27:192.168.157.251:46071, 0d68154c-bc1a-4b17-bcf5-90972ecdd7ac:192.168.157.251:40580, 09ea8095-e0f7-4a15-a25f-71748f8d4e7f:192.168.157.251:43128], old=null
2019-10-17 18:37:15,528 [grpc-default-executor-2] INFO  impl.RaftServerImpl (RaftServerImpl.java:setRole(184)) - 0d68154c-bc1a-4b17-bcf5-90972ecdd7ac@group-A236C1E6A57F: changes role from  FOLLOWER to FOLLOWER at term 5 for recognizeCandidate:7b069786-c4de-4177-a49c-78057d3e7b27
2019-10-17 18:37:15,528 [grpc-default-executor-2] INFO  impl.RoleInfo (RoleInfo.java:shutdownFollowerState(121)) - 0d68154c-bc1a-4b17-bcf5-90972ecdd7ac: shutdown FollowerState
2019-10-17 18:37:15,528 [Thread-232] INFO  impl.FollowerState (FollowerState.java:run(117)) - 0d68154c-bc1a-4b17-bcf5-90972ecdd7ac@group-A236C1E6A57F-FollowerState was interrupted: java.lang.InterruptedException: sleep interrupted
2019-10-17 18:37:15,529 [grpc-default-executor-2] INFO  impl.RoleInfo (RoleInfo.java:updateAndGet(143)) - 0d68154c-bc1a-4b17-bcf5-90972ecdd7ac: start FollowerState
2019-10-17 18:37:15,561 [grpc-default-executor-3] INFO  impl.RaftServerImpl (RaftServerImpl.java:setRole(184)) - 0d68154c-bc1a-4b17-bcf5-90972ecdd7ac@group-A236C1E6A57F: changes role from  FOLLOWER to FOLLOWER at term 5 for recognizeCandidate:09ea8095-e0f7-4a15-a25f-71748f8d4e7f
2019-10-17 18:37:15,561 [grpc-default-executor-3] INFO  impl.RoleInfo (RoleInfo.java:shutdownFollowerState(121)) - 0d68154c-bc1a-4b17-bcf5-90972ecdd7ac: shutdown FollowerState
2019-10-17 18:37:15,561 [Thread-239] INFO  impl.FollowerState (FollowerState.java:run(117)) - 0d68154c-bc1a-4b17-bcf5-90972ecdd7ac@group-A236C1E6A57F-FollowerState was interrupted: java.lang.InterruptedException: sleep interrupted
2019-10-17 18:37:15,561 [grpc-default-executor-3] INFO  impl.RoleInfo (RoleInfo.java:updateAndGet(143)) - 0d68154c-bc1a-4b17-bcf5-90972ecdd7ac: start FollowerState
2019-10-17 18:37:15,565 [7b069786-c4de-4177-a49c-78057d3e7b27@group-A236C1E6A57F-LeaderElection8] INFO  impl.LeaderElection (LeaderElection.java:logAndReturn(56)) - 7b069786-c4de-4177-a49c-78057d3e7b27@group-A236C1E6A57F-LeaderElection8: Election REJECTED; received 2 response(s) [7b069786-c4de-4177-a49c-78057d3e7b27<-0d68154c-bc1a-4b17-bcf5-90972ecdd7ac#0:FAIL-t5, 7b069786-c4de-4177-a49c-78057d3e7b27<-09ea8095-e0f7-4a15-a25f-71748f8d4e7f#0:FAIL-t5] and 0 exception(s); 7b069786-c4de-4177-a49c-78057d3e7b27@group-A236C1E6A57F:t5, leader=null, voted=7b069786-c4de-4177-a49c-78057d3e7b27, raftlog=7b069786-c4de-4177-a49c-78057d3e7b27@group-A236C1E6A57F-SegmentedRaftLog:OPENED:c-1,f-1,i0, conf=-1: [7b069786-c4de-4177-a49c-78057d3e7b27:192.168.157.251:46071, 0d68154c-bc1a-4b17-bcf5-90972ecdd7ac:192.168.157.251:40580, 09ea8095-e0f7-4a15-a25f-71748f8d4e7f:192.168.157.251:43128], old=null
2019-10-17 18:37:15,565 [7b069786-c4de-4177-a49c-78057d3e7b27@group-A236C1E6A57F-LeaderElection8] INFO  impl.RaftServerImpl (RaftServerImpl.java:setRole(184)) - 7b069786-c4de-4177-a49c-78057d3e7b27@group-A236C1E6A57F: changes role from CANDIDATE to FOLLOWER at term 5 for DISCOVERED_A_NEW_TERM
2019-10-17 18:37:15,569 [7b069786-c4de-4177-a49c-78057d3e7b27@group-A236C1E6A57F-LeaderElection8] INFO  impl.RoleInfo (RoleInfo.java:shutdownLeaderElection(134)) - 7b069786-c4de-4177-a49c-78057d3e7b27: shutdown LeaderElection
2019-10-17 18:37:15,569 [7b069786-c4de-4177-a49c-78057d3e7b27@group-A236C1E6A57F-LeaderElection8] INFO  impl.RoleInfo (RoleInfo.java:updateAndGet(143)) - 7b069786-c4de-4177-a49c-78057d3e7b27: start FollowerState
2019-10-17 18:37:15,572 [09ea8095-e0f7-4a15-a25f-71748f8d4e7f@group-A236C1E6A57F-LeaderElection7] INFO  impl.LeaderElection (LeaderElection.java:logAndReturn(56)) - 09ea8095-e0f7-4a15-a25f-71748f8d4e7f@group-A236C1E6A57F-LeaderElection7: Election REJECTED; received 2 response(s) [09ea8095-e0f7-4a15-a25f-71748f8d4e7f<-7b069786-c4de-4177-a49c-78057d3e7b27#0:FAIL-t5, 09ea8095-e0f7-4a15-a25f-71748f8d4e7f<-0d68154c-bc1a-4b17-bcf5-90972ecdd7ac#0:FAIL-t5] and 0 exception(s); 09ea8095-e0f7-4a15-a25f-71748f8d4e7f@group-A236C1E6A57F:t5, leader=null, voted=09ea8095-e0f7-4a15-a25f-71748f8d4e7f, raftlog=09ea8095-e0f7-4a15-a25f-71748f8d4e7f@group-A236C1E6A57F-SegmentedRaftLog:OPENED:c-1,f-1,i0, conf=-1: [7b069786-c4de-4177-a49c-78057d3e7b27:192.168.157.251:46071, 0d68154c-bc1a-4b17-bcf5-90972ecdd7ac:192.168.157.251:40580, 09ea8095-e0f7-4a15-a25f-71748f8d4e7f:192.168.157.251:43128], old=null
2019-10-17 18:37:15,573 [09ea8095-e0f7-4a15-a25f-71748f8d4e7f@group-A236C1E6A57F-LeaderElection7] INFO  impl.RaftServerImpl (RaftServerImpl.java:setRole(184)) - 09ea8095-e0f7-4a15-a25f-71748f8d4e7f@group-A236C1E6A57F: changes role from CANDIDATE to FOLLOWER at term 5 for DISCOVERED_A_NEW_TERM
2019-10-17 18:37:15,574 [09ea8095-e0f7-4a15-a25f-71748f8d4e7f@group-A236C1E6A57F-LeaderElection7] INFO  impl.RoleInfo (RoleInfo.java:shutdownLeaderElection(134)) - 09ea8095-e0f7-4a15-a25f-71748f8d4e7f: shutdown LeaderElection
2019-10-17 18:37:15,574 [09ea8095-e0f7-4a15-a25f-71748f8d4e7f@group-A236C1E6A57F-LeaderElection7] INFO  impl.RoleInfo (RoleInfo.java:updateAndGet(143)) - 09ea8095-e0f7-4a15-a25f-71748f8d4e7f: start FollowerState
2019-10-17 18:37:15,607 [Thread-242] INFO  impl.FollowerState (FollowerState.java:run(108)) - 09ea8095-e0f7-4a15-a25f-71748f8d4e7f@group-A236C1E6A57F-FollowerState: change to CANDIDATE, lastRpcTime:33ms, electionTimeout:33ms
2019-10-17 18:37:15,608 [Thread-242] INFO  impl.RoleInfo (RoleInfo.java:shutdownFollowerState(121)) - 09ea8095-e0f7-4a15-a25f-71748f8d4e7f: shutdown FollowerState
2019-10-17 18:37:15,608 [Thread-242] INFO  impl.RaftServerImpl (RaftServerImpl.java:setRole(184)) - 09ea8095-e0f7-4a15-a25f-71748f8d4e7f@group-A236C1E6A57F: changes role from  FOLLOWER to CANDIDATE at term 5 for changeToCandidate
2019-10-17 18:37:15,609 [Thread-242] INFO  impl.RoleInfo (RoleInfo.java:updateAndGet(143)) - 09ea8095-e0f7-4a15-a25f-71748f8d4e7f: start LeaderElection
2019-10-17 18:37:15,623 [09ea8095-e0f7-4a15-a25f-71748f8d4e7f@group-A236C1E6A57F-LeaderElection9] INFO  impl.LeaderElection (LeaderElection.java:askForVotes(178)) - 09ea8095-e0f7-4a15-a25f-71748f8d4e7f@group-A236C1E6A57F-LeaderElection9: begin an election at term 6 for -1: [7b069786-c4de-4177-a49c-78057d3e7b27:192.168.157.251:46071, 0d68154c-bc1a-4b17-bcf5-90972ecdd7ac:192.168.157.251:40580, 09ea8095-e0f7-4a15-a25f-71748f8d4e7f:192.168.157.251:43128], old=null
2019-10-17 18:37:15,631 [grpc-default-executor-3] INFO  impl.RaftServerImpl (RaftServerImpl.java:setRole(184)) - 0d68154c-bc1a-4b17-bcf5-90972ecdd7ac@group-A236C1E6A57F: changes role from  FOLLOWER to FOLLOWER at term 6 for recognizeCandidate:09ea8095-e0f7-4a15-a25f-71748f8d4e7f
2019-10-17 18:37:15,631 [grpc-default-executor-2] INFO  impl.RaftServerImpl (RaftServerImpl.java:setRole(184)) - 7b069786-c4de-4177-a49c-78057d3e7b27@group-A236C1E6A57F: changes role from  FOLLOWER to FOLLOWER at term 6 for recognizeCandidate:09ea8095-e0f7-4a15-a25f-71748f8d4e7f
2019-10-17 18:37:15,632 [grpc-default-executor-3] INFO  impl.RoleInfo (RoleInfo.java:shutdownFollowerState(121)) - 0d68154c-bc1a-4b17-bcf5-90972ecdd7ac: shutdown FollowerState
2019-10-17 18:37:15,632 [grpc-default-executor-2] INFO  impl.RoleInfo (RoleInfo.java:shutdownFollowerState(121)) - 7b069786-c4de-4177-a49c-78057d3e7b27: shutdown FollowerState
2019-10-17 18:37:15,632 [Thread-240] INFO  impl.FollowerState (FollowerState.java:run(117)) - 0d68154c-bc1a-4b17-bcf5-90972ecdd7ac@group-A236C1E6A57F-FollowerState was interrupted: java.lang.InterruptedException: sleep interrupted
2019-10-17 18:37:15,632 [Thread-241] INFO  impl.FollowerState (FollowerState.java:run(117)) - 7b069786-c4de-4177-a49c-78057d3e7b27@group-A236C1E6A57F-FollowerState was interrupted: java.lang.InterruptedException: sleep interrupted
2019-10-17 18:37:15,632 [grpc-default-executor-3] INFO  impl.RoleInfo (RoleInfo.java:updateAndGet(143)) - 0d68154c-bc1a-4b17-bcf5-90972ecdd7ac: start FollowerState
2019-10-17 18:37:15,632 [grpc-default-executor-2] INFO  impl.RoleInfo (RoleInfo.java:updateAndGet(143)) - 7b069786-c4de-4177-a49c-78057d3e7b27: start FollowerState
2019-10-17 18:37:15,650 [09ea8095-e0f7-4a15-a25f-71748f8d4e7f@group-A236C1E6A57F-LeaderElection9] INFO  impl.LeaderElection (LeaderElection.java:logAndReturn(56)) - 09ea8095-e0f7-4a15-a25f-71748f8d4e7f@group-A236C1E6A57F-LeaderElection9: Election PASSED; received 1 response(s) [09ea8095-e0f7-4a15-a25f-71748f8d4e7f<-7b069786-c4de-4177-a49c-78057d3e7b27#0:OK-t6] and 0 exception(s); 09ea8095-e0f7-4a15-a25f-71748f8d4e7f@group-A236C1E6A57F:t6, leader=null, voted=09ea8095-e0f7-4a15-a25f-71748f8d4e7f, raftlog=09ea8095-e0f7-4a15-a25f-71748f8d4e7f@group-A236C1E6A57F-SegmentedRaftLog:OPENED:c-1,f-1,i0, conf=-1: [7b069786-c4de-4177-a49c-78057d3e7b27:192.168.157.251:46071, 0d68154c-bc1a-4b17-bcf5-90972ecdd7ac:192.168.157.251:40580, 09ea8095-e0f7-4a15-a25f-71748f8d4e7f:192.168.157.251:43128], old=null
2019-10-17 18:37:15,650 [09ea8095-e0f7-4a15-a25f-71748f8d4e7f@group-A236C1E6A57F-LeaderElection9] INFO  impl.RoleInfo (RoleInfo.java:shutdownLeaderElection(134)) - 09ea8095-e0f7-4a15-a25f-71748f8d4e7f: shutdown LeaderElection
2019-10-17 18:37:15,652 [09ea8095-e0f7-4a15-a25f-71748f8d4e7f@group-A236C1E6A57F-LeaderElection9] INFO  impl.RaftServerImpl (RaftServerImpl.java:setRole(184)) - 09ea8095-e0f7-4a15-a25f-71748f8d4e7f@group-A236C1E6A57F: changes role from CANDIDATE to LEADER at term 6 for changeToLeader
2019-10-17 18:37:15,652 [09ea8095-e0f7-4a15-a25f-71748f8d4e7f@group-A236C1E6A57F-LeaderElection9] INFO  impl.RaftServerImpl (ServerState.java:setLeader(256)) - 09ea8095-e0f7-4a15-a25f-71748f8d4e7f@group-A236C1E6A57F: change Leader from null to 09ea8095-e0f7-4a15-a25f-71748f8d4e7f at term 6 for becomeLeader, leader elected after 533ms
2019-10-17 18:37:15,652 [09ea8095-e0f7-4a15-a25f-71748f8d4e7f@group-A236C1E6A57F-LeaderElection9] INFO  server.RaftServerConfigKeys (ConfUtils.java:logGet(43)) - raft.server.staging.catchup.gap = 1000 (default)
2019-10-17 18:37:15,652 [09ea8095-e0f7-4a15-a25f-71748f8d4e7f@group-A236C1E6A57F-LeaderElection9] INFO  server.RaftServerConfigKeys (ConfUtils.java:logGet(43)) - raft.server.rpc.sleep.time = 25ms (default)
2019-10-17 18:37:15,653 [09ea8095-e0f7-4a15-a25f-71748f8d4e7f@group-A236C1E6A57F-LeaderElection9] INFO  server.RaftServerConfigKeys (ConfUtils.java:logGet(43)) - raft.server.write.element-limit = 4096 (default)
2019-10-17 18:37:15,653 [09ea8095-e0f7-4a15-a25f-71748f8d4e7f@group-A236C1E6A57F-LeaderElection9] INFO  server.RaftServerConfigKeys (ConfUtils.java:logGet(43)) - raft.server.watch.timeout = 10s (default)
2019-10-17 18:37:15,653 [09ea8095-e0f7-4a15-a25f-71748f8d4e7f@group-A236C1E6A57F-LeaderElection9] INFO  server.RaftServerConfigKeys (ConfUtils.java:logGet(43)) - raft.server.watch.timeout.denomination = 1s (default)
2019-10-17 18:37:15,653 [09ea8095-e0f7-4a15-a25f-71748f8d4e7f@group-A236C1E6A57F-LeaderElection9] INFO  server.RaftServerConfigKeys (ConfUtils.java:logGet(43)) - raft.server.watch.element-limit = 65536 (default)
2019-10-17 18:37:15,656 [09ea8095-e0f7-4a15-a25f-71748f8d4e7f@group-A236C1E6A57F-LeaderElection9] INFO  server.RaftServerConfigKeys (ConfUtils.java:logGet(43)) - raft.server.log.appender.snapshot.chunk.size.max = 16MB (=16777216) (default)
2019-10-17 18:37:15,657 [09ea8095-e0f7-4a15-a25f-71748f8d4e7f@group-A236C1E6A57F-LeaderElection9] INFO  server.RaftServerConfigKeys (ConfUtils.java:logGet(43)) - raft.server.log.appender.buffer.byte-limit = 33554432 (custom)
2019-10-17 18:37:15,657 [09ea8095-e0f7-4a15-a25f-71748f8d4e7f@group-A236C1E6A57F-LeaderElection9] INFO  server.RaftServerConfigKeys (ConfUtils.java:logGet(43)) - raft.server.log.appender.buffer.element-limit = 1 (custom)
2019-10-17 18:37:15,657 [09ea8095-e0f7-4a15-a25f-71748f8d4e7f@group-A236C1E6A57F-LeaderElection9] INFO  grpc.GrpcConfigKeys$Server (ConfUtils.java:logGet(43)) - raft.grpc.server.leader.outstanding.appends.max = 128 (default)
2019-10-17 18:37:15,659 [09ea8095-e0f7-4a15-a25f-71748f8d4e7f@group-A236C1E6A57F-LeaderElection9] INFO  server.RaftServerConfigKeys (ConfUtils.java:logGet(43)) - raft.server.rpc.request.timeout = 3000ms (default)
2019-10-17 18:37:15,659 [09ea8095-e0f7-4a15-a25f-71748f8d4e7f@group-A236C1E6A57F-LeaderElection9] INFO  server.RaftServerConfigKeys (ConfUtils.java:logGet(43)) - raft.server.log.appender.install.snapshot.enabled = false (custom)
2019-10-17 18:37:15,675 [09ea8095-e0f7-4a15-a25f-71748f8d4e7f@group-A236C1E6A57F-LeaderElection9] INFO  server.RaftServerConfigKeys (ConfUtils.java:logGet(43)) - raft.server.log.appender.snapshot.chunk.size.max = 16MB (=16777216) (default)
2019-10-17 18:37:15,675 [09ea8095-e0f7-4a15-a25f-71748f8d4e7f@group-A236C1E6A57F-LeaderElection9] INFO  server.RaftServerConfigKeys (ConfUtils.java:logGet(43)) - raft.server.log.appender.buffer.byte-limit = 33554432 (custom)
2019-10-17 18:37:15,675 [09ea8095-e0f7-4a15-a25f-71748f8d4e7f@group-A236C1E6A57F-LeaderElection9] INFO  server.RaftServerConfigKeys (ConfUtils.java:logGet(43)) - raft.server.log.appender.buffer.element-limit = 1 (custom)
2019-10-17 18:37:15,675 [09ea8095-e0f7-4a15-a25f-71748f8d4e7f@group-A236C1E6A57F-LeaderElection9] INFO  grpc.GrpcConfigKeys$Server (ConfUtils.java:logGet(43)) - raft.grpc.server.leader.outstanding.appends.max = 128 (default)
2019-10-17 18:37:15,676 [09ea8095-e0f7-4a15-a25f-71748f8d4e7f@group-A236C1E6A57F-LeaderElection9] INFO  server.RaftServerConfigKeys (ConfUtils.java:logGet(43)) - raft.server.rpc.request.timeout = 3000ms (default)
2019-10-17 18:37:15,676 [09ea8095-e0f7-4a15-a25f-71748f8d4e7f@group-A236C1E6A57F-LeaderElection9] INFO  server.RaftServerConfigKeys (ConfUtils.java:logGet(43)) - raft.server.log.appender.install.snapshot.enabled = false (custom)
2019-10-17 18:37:15,678 [09ea8095-e0f7-4a15-a25f-71748f8d4e7f@group-A236C1E6A57F-LeaderElection9] INFO  impl.RoleInfo (RoleInfo.java:updateAndGet(143)) - 09ea8095-e0f7-4a15-a25f-71748f8d4e7f: start LeaderState
2019-10-17 18:37:15,679 [09ea8095-e0f7-4a15-a25f-71748f8d4e7f@group-A236C1E6A57F-LeaderElection9] INFO  segmented.SegmentedRaftLogWorker (SegmentedRaftLogWorker.java:startLogSegment(385)) - 09ea8095-e0f7-4a15-a25f-71748f8d4e7f@group-A236C1E6A57F-SegmentedRaftLogWorker: Starting segment from index:0
2019-10-17 18:37:15,680 [09ea8095-e0f7-4a15-a25f-71748f8d4e7f@group-A236C1E6A57F-LeaderElection9] INFO  impl.RaftServerImpl (ServerState.java:setRaftConf(357)) - 09ea8095-e0f7-4a15-a25f-71748f8d4e7f@group-A236C1E6A57F: set configuration 0: [7b069786-c4de-4177-a49c-78057d3e7b27:192.168.157.251:46071, 0d68154c-bc1a-4b17-bcf5-90972ecdd7ac:192.168.157.251:40580, 09ea8095-e0f7-4a15-a25f-71748f8d4e7f:192.168.157.251:43128], old=null at 0
2019-10-17 18:37:15,728 [grpc-default-executor-3] INFO  impl.RaftServerImpl (ServerState.java:setLeader(256)) - 7b069786-c4de-4177-a49c-78057d3e7b27@group-A236C1E6A57F: change Leader from null to 09ea8095-e0f7-4a15-a25f-71748f8d4e7f at term 6 for appendEntries, leader elected after 609ms
2019-10-17 18:37:15,728 [09ea8095-e0f7-4a15-a25f-71748f8d4e7f@group-A236C1E6A57F-SegmentedRaftLogWorker] INFO  segmented.SegmentedRaftLogWorker (SegmentedRaftLogWorker.java:execute(576)) - 09ea8095-e0f7-4a15-a25f-71748f8d4e7f@group-A236C1E6A57F-SegmentedRaftLogWorker: created new log segment /workdir/hadoop-ozone/integration-test/target/test-dir/MiniOzoneClusterImpl-7c97e77e-72d1-4dbe-ba9d-252c38b2309c/datanode-2/data/ratis/f5073bd3-c80c-4957-9a7f-a236c1e6a57f/current/log_inprogress_0
2019-10-17 18:37:15,728 [grpc-default-executor-2] INFO  impl.RaftServerImpl (ServerState.java:setLeader(256)) - 0d68154c-bc1a-4b17-bcf5-90972ecdd7ac@group-A236C1E6A57F: change Leader from null to 09ea8095-e0f7-4a15-a25f-71748f8d4e7f at term 6 for appendEntries, leader elected after 264ms
2019-10-17 18:37:16,015 [Thread-247] INFO  impl.FollowerState (FollowerState.java:run(108)) - 7b069786-c4de-4177-a49c-78057d3e7b27@group-A236C1E6A57F-FollowerState: change to CANDIDATE, lastRpcTime:283ms, electionTimeout:153ms
2019-10-17 18:37:16,015 [Thread-247] INFO  impl.RoleInfo (RoleInfo.java:shutdownFollowerState(121)) - 7b069786-c4de-4177-a49c-78057d3e7b27: shutdown FollowerState
2019-10-17 18:37:16,017 [Thread-247] INFO  impl.RaftServerImpl (RaftServerImpl.java:setRole(184)) - 7b069786-c4de-4177-a49c-78057d3e7b27@group-A236C1E6A57F: changes role from  FOLLOWER to CANDIDATE at term 6 for changeToCandidate
2019-10-17 18:37:16,018 [Thread-247] INFO  impl.RoleInfo (RoleInfo.java:updateAndGet(143)) - 7b069786-c4de-4177-a49c-78057d3e7b27: start LeaderElection
2019-10-17 18:37:16,021 [7b069786-c4de-4177-a49c-78057d3e7b27@group-A236C1E6A57F-LeaderElection10] INFO  impl.RaftServerImpl (ServerState.java:setLeader(256)) - 7b069786-c4de-4177-a49c-78057d3e7b27@group-A236C1E6A57F: change Leader from 09ea8095-e0f7-4a15-a25f-71748f8d4e7f to null at term 6 for initElection
2019-10-17 18:37:16,023 [grpc-default-executor-2] INFO  impl.RaftServerImpl (ServerState.java:setRaftConf(357)) - 0d68154c-bc1a-4b17-bcf5-90972ecdd7ac@group-A236C1E6A57F: set configuration 0: [7b069786-c4de-4177-a49c-78057d3e7b27:192.168.157.251:46071, 0d68154c-bc1a-4b17-bcf5-90972ecdd7ac:192.168.157.251:40580, 09ea8095-e0f7-4a15-a25f-71748f8d4e7f:192.168.157.251:43128], old=null at 0
2019-10-17 18:37:16,027 [grpc-default-executor-2] INFO  segmented.SegmentedRaftLogWorker (SegmentedRaftLogWorker.java:truncate(401)) - 0d68154c-bc1a-4b17-bcf5-90972ecdd7ac@group-A236C1E6A57F-SegmentedRaftLogWorker: Truncating segments toTruncate: null
  toDelete: [(0, 0) isOpen? true, length=0, newEndIndex=-1], start index 0
2019-10-17 18:37:16,028 [grpc-default-executor-2] INFO  segmented.SegmentedRaftLogWorker (SegmentedRaftLogWorker.java:startLogSegment(385)) - 0d68154c-bc1a-4b17-bcf5-90972ecdd7ac@group-A236C1E6A57F-SegmentedRaftLogWorker: Starting segment from index:0
2019-10-17 18:37:16,032 [0d68154c-bc1a-4b17-bcf5-90972ecdd7ac@group-A236C1E6A57F-SegmentedRaftLogWorker] INFO  segmented.SegmentedRaftLogWorker (SegmentedRaftLogWorker.java:execute(640)) - 0d68154c-bc1a-4b17-bcf5-90972ecdd7ac@group-A236C1E6A57F-SegmentedRaftLogWorker: Deleted log file /workdir/hadoop-ozone/integration-test/target/test-dir/MiniOzoneClusterImpl-7c97e77e-72d1-4dbe-ba9d-252c38b2309c/datanode-0/data/ratis/f5073bd3-c80c-4957-9a7f-a236c1e6a57f/current/log_inprogress_0
2019-10-17 18:37:16,039 [7b069786-c4de-4177-a49c-78057d3e7b27@group-A236C1E6A57F-LeaderElection10] INFO  impl.LeaderElection (LeaderElection.java:askForVotes(178)) - 7b069786-c4de-4177-a49c-78057d3e7b27@group-A236C1E6A57F-LeaderElection10: begin an election at term 7 for -1: [7b069786-c4de-4177-a49c-78057d3e7b27:192.168.157.251:46071, 0d68154c-bc1a-4b17-bcf5-90972ecdd7ac:192.168.157.251:40580, 09ea8095-e0f7-4a15-a25f-71748f8d4e7f:192.168.157.251:43128], old=null
2019-10-17 18:37:16,039 [0d68154c-bc1a-4b17-bcf5-90972ecdd7ac@group-A236C1E6A57F-SegmentedRaftLogWorker] INFO  segmented.SegmentedRaftLogWorker (SegmentedRaftLogWorker.java:lambda$new$0(128)) - 0d68154c-bc1a-4b17-bcf5-90972ecdd7ac@group-A236C1E6A57F-SegmentedRaftLogWorker: flushIndex: setUnconditionally 0 -> -1
2019-10-17 18:37:16,081 [Thread-248] INFO  impl.RaftServerImpl (ServerState.java:setLeader(256)) - 09ea8095-e0f7-4a15-a25f-71748f8d4e7f@group-A236C1E6A57F: change Leader from 09ea8095-e0f7-4a15-a25f-71748f8d4e7f to null at term 7 for updateCurrentTerm
2019-10-17 18:37:16,082 [Thread-248] INFO  impl.RaftServerImpl (RaftServerImpl.java:setRole(184)) - 09ea8095-e0f7-4a15-a25f-71748f8d4e7f@group-A236C1E6A57F: changes role from    LEADER to FOLLOWER at term 7 for stepDown
2019-10-17 18:37:16,083 [grpc-default-executor-2] INFO  impl.RaftServerImpl (ServerState.java:setLeader(256)) - 0d68154c-bc1a-4b17-bcf5-90972ecdd7ac@group-A236C1E6A57F: change Leader from 09ea8095-e0f7-4a15-a25f-71748f8d4e7f to null at term 7 for updateCurrentTerm
2019-10-17 18:37:16,083 [Thread-248] INFO  impl.RoleInfo (RoleInfo.java:shutdownLeaderState(104)) - 09ea8095-e0f7-4a15-a25f-71748f8d4e7f: shutdown LeaderState
2019-10-17 18:37:16,083 [grpc-default-executor-2] INFO  impl.RaftServerImpl (RaftServerImpl.java:setRole(184)) - 0d68154c-bc1a-4b17-bcf5-90972ecdd7ac@group-A236C1E6A57F: changes role from  FOLLOWER to FOLLOWER at term 7 for recognizeCandidate:7b069786-c4de-4177-a49c-78057d3e7b27
2019-10-17 18:37:16,085 [org.apache.ratis.server.impl.LogAppender$AppenderDaemon$$Lambda$421/2034866737@6dba8aab] WARN  server.GrpcLogAppender (GrpcLogAppender.java:mayWait(149)) - 09ea8095-e0f7-4a15-a25f-71748f8d4e7f@group-A236C1E6A57F->7b069786-c4de-4177-a49c-78057d3e7b27-GrpcLogAppender: Wait interrupted by java.lang.InterruptedException
2019-10-17 18:37:16,085 [org.apache.ratis.server.impl.LogAppender$AppenderDaemon$$Lambda$421/2034866737@5c9d228f] WARN  server.GrpcLogAppender (GrpcLogAppender.java:mayWait(149)) - 09ea8095-e0f7-4a15-a25f-71748f8d4e7f@group-A236C1E6A57F->0d68154c-bc1a-4b17-bcf5-90972ecdd7ac-GrpcLogAppender: Wait interrupted by java.lang.InterruptedException
2019-10-17 18:37:16,087 [grpc-default-executor-2] INFO  impl.RoleInfo (RoleInfo.java:shutdownFollowerState(121)) - 0d68154c-bc1a-4b17-bcf5-90972ecdd7ac: shutdown FollowerState
2019-10-17 18:37:16,085 [Thread-248] INFO  impl.PendingRequests (PendingRequests.java:sendNotLeaderResponses(202)) - 09ea8095-e0f7-4a15-a25f-71748f8d4e7f@group-A236C1E6A57F-PendingRequests: sendNotLeaderResponses
2019-10-17 18:37:16,089 [grpc-default-executor-2] INFO  impl.RoleInfo (RoleInfo.java:updateAndGet(143)) - 0d68154c-bc1a-4b17-bcf5-90972ecdd7ac: start FollowerState
2019-10-17 18:37:16,089 [Thread-246] INFO  impl.FollowerState (FollowerState.java:run(117)) - 0d68154c-bc1a-4b17-bcf5-90972ecdd7ac@group-A236C1E6A57F-FollowerState was interrupted: java.lang.InterruptedException: sleep interrupted
2019-10-17 18:37:16,089 [Thread-248] INFO  impl.RoleInfo (RoleInfo.java:updateAndGet(143)) - 09ea8095-e0f7-4a15-a25f-71748f8d4e7f: start FollowerState
2019-10-17 18:37:16,091 [0d68154c-bc1a-4b17-bcf5-90972ecdd7ac@group-A236C1E6A57F-SegmentedRaftLogWorker] INFO  segmented.SegmentedRaftLogWorker (SegmentedRaftLogWorker.java:execute(576)) - 0d68154c-bc1a-4b17-bcf5-90972ecdd7ac@group-A236C1E6A57F-SegmentedRaftLogWorker: created new log segment /workdir/hadoop-ozone/integration-test/target/test-dir/MiniOzoneClusterImpl-7c97e77e-72d1-4dbe-ba9d-252c38b2309c/datanode-0/data/ratis/f5073bd3-c80c-4957-9a7f-a236c1e6a57f/current/log_inprogress_0
2019-10-17 18:37:16,091 [grpc-default-executor-1] INFO  server.GrpcServerProtocolService (GrpcServerProtocolService.java:onCompleted(113)) - 7b069786-c4de-4177-a49c-78057d3e7b27: Completed APPEND_ENTRIES, lastRequest: 09ea8095-e0f7-4a15-a25f-71748f8d4e7f->7b069786-c4de-4177-a49c-78057d3e7b27#1-t6, previous=(t:0, i:0), leaderCommit=0, initializing? false, entries: size=1, first=(t:6, i:0), CONFIGURATIONENTRY
2019-10-17 18:37:16,091 [grpc-default-executor-3] INFO  server.GrpcServerProtocolService (GrpcServerProtocolService.java:onCompleted(113)) - 0d68154c-bc1a-4b17-bcf5-90972ecdd7ac: Completed APPEND_ENTRIES, lastRequest: 09ea8095-e0f7-4a15-a25f-71748f8d4e7f->0d68154c-bc1a-4b17-bcf5-90972ecdd7ac#1-t6, previous=(t:0, i:0), leaderCommit=0, initializing? false, entries: size=1, first=(t:6, i:0), CONFIGURATIONENTRY
2019-10-17 18:37:16,094 [Thread-178] INFO  container.ReplicationManager (ReplicationManager.java:start(162)) - Starting Replication Monitor Thread.
2019-10-17 18:37:16,095 [grpc-default-executor-1] INFO  server.GrpcLogAppender (GrpcLogAppender.java:onCompleted(308)) - 09ea8095-e0f7-4a15-a25f-71748f8d4e7f@group-A236C1E6A57F->0d68154c-bc1a-4b17-bcf5-90972ecdd7ac-AppendLogResponseHandler: follower responses appendEntries COMPLETED
2019-10-17 18:37:16,095 [grpc-default-executor-3] INFO  server.GrpcLogAppender (GrpcLogAppender.java:onCompleted(308)) - 09ea8095-e0f7-4a15-a25f-71748f8d4e7f@group-A236C1E6A57F->7b069786-c4de-4177-a49c-78057d3e7b27-AppendLogResponseHandler: follower responses appendEntries COMPLETED
2019-10-17 18:37:16,101 [grpc-default-executor-1] INFO  impl.FollowerInfo (FollowerInfo.java:lambda$new$0(51)) - 09ea8095-e0f7-4a15-a25f-71748f8d4e7f@group-A236C1E6A57F->0d68154c-bc1a-4b17-bcf5-90972ecdd7ac: nextIndex: updateUnconditionally 1 -> 0
2019-10-17 18:37:16,102 [ReplicationMonitor] INFO  container.ReplicationManager (ReplicationManager.java:run(225)) - Replication Monitor Thread took 2 milliseconds for processing 0 containers.
2019-10-17 18:37:16,103 [grpc-default-executor-3] INFO  impl.FollowerInfo (FollowerInfo.java:lambda$new$0(51)) - 09ea8095-e0f7-4a15-a25f-71748f8d4e7f@group-A236C1E6A57F->7b069786-c4de-4177-a49c-78057d3e7b27: nextIndex: updateUnconditionally 1 -> 0
2019-10-17 18:37:16,106 [grpc-default-executor-0] INFO  impl.RaftServerImpl (RaftServerImpl.java:setRole(184)) - 09ea8095-e0f7-4a15-a25f-71748f8d4e7f@group-A236C1E6A57F: changes role from  FOLLOWER to FOLLOWER at term 7 for recognizeCandidate:7b069786-c4de-4177-a49c-78057d3e7b27
2019-10-17 18:37:16,106 [grpc-default-executor-0] INFO  impl.RoleInfo (RoleInfo.java:shutdownFollowerState(121)) - 09ea8095-e0f7-4a15-a25f-71748f8d4e7f: shutdown FollowerState
2019-10-17 18:37:16,107 [Thread-263] INFO  impl.FollowerState (FollowerState.java:run(117)) - 09ea8095-e0f7-4a15-a25f-71748f8d4e7f@group-A236C1E6A57F-FollowerState was interrupted: java.lang.InterruptedException: sleep interrupted
2019-10-17 18:37:16,107 [grpc-default-executor-0] INFO  impl.RoleInfo (RoleInfo.java:updateAndGet(143)) - 09ea8095-e0f7-4a15-a25f-71748f8d4e7f: start FollowerState
2019-10-17 18:37:16,113 [7b069786-c4de-4177-a49c-78057d3e7b27@group-A236C1E6A57F-LeaderElection10] INFO  impl.LeaderElection (LeaderElection.java:logAndReturn(56)) - 7b069786-c4de-4177-a49c-78057d3e7b27@group-A236C1E6A57F-LeaderElection10: Election REJECTED; received 2 response(s) [7b069786-c4de-4177-a49c-78057d3e7b27<-0d68154c-bc1a-4b17-bcf5-90972ecdd7ac#0:FAIL-t7, 7b069786-c4de-4177-a49c-78057d3e7b27<-09ea8095-e0f7-4a15-a25f-71748f8d4e7f#0:FAIL-t7] and 0 exception(s); 7b069786-c4de-4177-a49c-78057d3e7b27@group-A236C1E6A57F:t7, leader=null, voted=7b069786-c4de-4177-a49c-78057d3e7b27, raftlog=7b069786-c4de-4177-a49c-78057d3e7b27@group-A236C1E6A57F-SegmentedRaftLog:OPENED:c-1,f-1,i0, conf=-1: [7b069786-c4de-4177-a49c-78057d3e7b27:192.168.157.251:46071, 0d68154c-bc1a-4b17-bcf5-90972ecdd7ac:192.168.157.251:40580, 09ea8095-e0f7-4a15-a25f-71748f8d4e7f:192.168.157.251:43128], old=null
2019-10-17 18:37:16,113 [7b069786-c4de-4177-a49c-78057d3e7b27@group-A236C1E6A57F-LeaderElection10] INFO  impl.RaftServerImpl (RaftServerImpl.java:setRole(184)) - 7b069786-c4de-4177-a49c-78057d3e7b27@group-A236C1E6A57F: changes role from CANDIDATE to FOLLOWER at term 7 for DISCOVERED_A_NEW_TERM
2019-10-17 18:37:16,114 [7b069786-c4de-4177-a49c-78057d3e7b27@group-A236C1E6A57F-LeaderElection10] INFO  impl.RoleInfo (RoleInfo.java:shutdownLeaderElection(134)) - 7b069786-c4de-4177-a49c-78057d3e7b27: shutdown LeaderElection
2019-10-17 18:37:16,115 [7b069786-c4de-4177-a49c-78057d3e7b27@group-A236C1E6A57F-LeaderElection10] INFO  impl.RoleInfo (RoleInfo.java:updateAndGet(143)) - 7b069786-c4de-4177-a49c-78057d3e7b27: start FollowerState
2019-10-17 18:37:16,181 [main] INFO  rpc.RpcClient (RpcClient.java:createVolume(272)) - Creating Volume: testcontainerstatemachinefailures, with jenkins1000 as owner.
2019-10-17 18:37:16,291 [IPC Server handler 15 on 46568] INFO  volume.OMVolumeCreateRequest (OMVolumeCreateRequest.java:validateAndUpdateCache(193)) - created volume:testcontainerstatemachinefailures for user:jenkins1000
2019-10-17 18:37:16,320 [main] INFO  rpc.RpcClient (RpcClient.java:createBucket(411)) - Creating Bucket: testcontainerstatemachinefailures/testcontainerstatemachinefailures, with Versioning false and Storage Type set to DISK and Encryption set to false 
2019-10-17 18:37:16,473 [main] INFO  impl.MetricsSystemImpl (MetricsSystemImpl.java:init(158)) - XceiverClientMetrics metrics system started (again)
2019-10-17 18:37:21,112 [Thread-266] INFO  impl.FollowerState (FollowerState.java:run(108)) - 09ea8095-e0f7-4a15-a25f-71748f8d4e7f@group-A236C1E6A57F-FollowerState: change to CANDIDATE, lastRpcTime:5005ms, electionTimeout:5001ms
2019-10-17 18:37:21,112 [Thread-266] INFO  impl.RoleInfo (RoleInfo.java:shutdownFollowerState(121)) - 09ea8095-e0f7-4a15-a25f-71748f8d4e7f: shutdown FollowerState
2019-10-17 18:37:21,113 [Thread-266] INFO  impl.RaftServerImpl (RaftServerImpl.java:setRole(184)) - 09ea8095-e0f7-4a15-a25f-71748f8d4e7f@group-A236C1E6A57F: changes role from  FOLLOWER to CANDIDATE at term 7 for changeToCandidate
2019-10-17 18:37:21,113 [Thread-266] INFO  impl.RoleInfo (RoleInfo.java:updateAndGet(143)) - 09ea8095-e0f7-4a15-a25f-71748f8d4e7f: start LeaderElection
2019-10-17 18:37:21,226 [Thread-262] INFO  impl.FollowerState (FollowerState.java:run(108)) - 0d68154c-bc1a-4b17-bcf5-90972ecdd7ac@group-A236C1E6A57F-FollowerState: change to CANDIDATE, lastRpcTime:5136ms, electionTimeout:5135ms
2019-10-17 18:37:21,226 [Thread-262] INFO  impl.RoleInfo (RoleInfo.java:shutdownFollowerState(121)) - 0d68154c-bc1a-4b17-bcf5-90972ecdd7ac: shutdown FollowerState
2019-10-17 18:37:21,226 [Thread-262] INFO  impl.RaftServerImpl (RaftServerImpl.java:setRole(184)) - 0d68154c-bc1a-4b17-bcf5-90972ecdd7ac@group-A236C1E6A57F: changes role from  FOLLOWER to CANDIDATE at term 7 for changeToCandidate
2019-10-17 18:37:21,227 [Thread-262] INFO  impl.RoleInfo (RoleInfo.java:updateAndGet(143)) - 0d68154c-bc1a-4b17-bcf5-90972ecdd7ac: start LeaderElection
2019-10-17 18:37:21,275 [Thread-267] INFO  impl.FollowerState (FollowerState.java:run(108)) - 7b069786-c4de-4177-a49c-78057d3e7b27@group-A236C1E6A57F-FollowerState: change to CANDIDATE, lastRpcTime:5160ms, electionTimeout:5159ms
2019-10-17 18:37:21,275 [Thread-267] INFO  impl.RoleInfo (RoleInfo.java:shutdownFollowerState(121)) - 7b069786-c4de-4177-a49c-78057d3e7b27: shutdown FollowerState
2019-10-17 18:37:21,275 [Thread-267] INFO  impl.RaftServerImpl (RaftServerImpl.java:setRole(184)) - 7b069786-c4de-4177-a49c-78057d3e7b27@group-A236C1E6A57F: changes role from  FOLLOWER to CANDIDATE at term 7 for changeToCandidate
2019-10-17 18:37:21,276 [Thread-267] INFO  impl.RoleInfo (RoleInfo.java:updateAndGet(143)) - 7b069786-c4de-4177-a49c-78057d3e7b27: start LeaderElection
2019-10-17 18:37:22,438 [09ea8095-e0f7-4a15-a25f-71748f8d4e7f@group-A236C1E6A57F-LeaderElection11] INFO  impl.LeaderElection (LeaderElection.java:askForVotes(178)) - 09ea8095-e0f7-4a15-a25f-71748f8d4e7f@group-A236C1E6A57F-LeaderElection11: begin an election at term 8 for 0: [7b069786-c4de-4177-a49c-78057d3e7b27:192.168.157.251:46071, 0d68154c-bc1a-4b17-bcf5-90972ecdd7ac:192.168.157.251:40580, 09ea8095-e0f7-4a15-a25f-71748f8d4e7f:192.168.157.251:43128], old=null
2019-10-17 18:37:22,438 [7b069786-c4de-4177-a49c-78057d3e7b27@group-A236C1E6A57F-LeaderElection13] INFO  impl.LeaderElection (LeaderElection.java:askForVotes(178)) - 7b069786-c4de-4177-a49c-78057d3e7b27@group-A236C1E6A57F-LeaderElection13: begin an election at term 8 for -1: [7b069786-c4de-4177-a49c-78057d3e7b27:192.168.157.251:46071, 0d68154c-bc1a-4b17-bcf5-90972ecdd7ac:192.168.157.251:40580, 09ea8095-e0f7-4a15-a25f-71748f8d4e7f:192.168.157.251:43128], old=null
2019-10-17 18:37:22,438 [0d68154c-bc1a-4b17-bcf5-90972ecdd7ac@group-A236C1E6A57F-LeaderElection12] INFO  impl.LeaderElection (LeaderElection.java:askForVotes(178)) - 0d68154c-bc1a-4b17-bcf5-90972ecdd7ac@group-A236C1E6A57F-LeaderElection12: begin an election at term 8 for 0: [7b069786-c4de-4177-a49c-78057d3e7b27:192.168.157.251:46071, 0d68154c-bc1a-4b17-bcf5-90972ecdd7ac:192.168.157.251:40580, 09ea8095-e0f7-4a15-a25f-71748f8d4e7f:192.168.157.251:43128], old=null
2019-10-17 18:37:22,456 [7b069786-c4de-4177-a49c-78057d3e7b27@group-A236C1E6A57F-LeaderElection13] INFO  impl.LeaderElection (LeaderElection.java:logAndReturn(56)) - 7b069786-c4de-4177-a49c-78057d3e7b27@group-A236C1E6A57F-LeaderElection13: Election REJECTED; received 2 response(s) [7b069786-c4de-4177-a49c-78057d3e7b27<-0d68154c-bc1a-4b17-bcf5-90972ecdd7ac#0:FAIL-t8, 7b069786-c4de-4177-a49c-78057d3e7b27<-09ea8095-e0f7-4a15-a25f-71748f8d4e7f#0:FAIL-t8] and 0 exception(s); 7b069786-c4de-4177-a49c-78057d3e7b27@group-A236C1E6A57F:t8, leader=null, voted=7b069786-c4de-4177-a49c-78057d3e7b27, raftlog=7b069786-c4de-4177-a49c-78057d3e7b27@group-A236C1E6A57F-SegmentedRaftLog:OPENED:c-1,f-1,i0, conf=-1: [7b069786-c4de-4177-a49c-78057d3e7b27:192.168.157.251:46071, 0d68154c-bc1a-4b17-bcf5-90972ecdd7ac:192.168.157.251:40580, 09ea8095-e0f7-4a15-a25f-71748f8d4e7f:192.168.157.251:43128], old=null
2019-10-17 18:37:22,457 [7b069786-c4de-4177-a49c-78057d3e7b27@group-A236C1E6A57F-LeaderElection13] INFO  impl.RaftServerImpl (RaftServerImpl.java:setRole(184)) - 7b069786-c4de-4177-a49c-78057d3e7b27@group-A236C1E6A57F: changes role from CANDIDATE to FOLLOWER at term 8 for DISCOVERED_A_NEW_TERM
2019-10-17 18:37:22,457 [7b069786-c4de-4177-a49c-78057d3e7b27@group-A236C1E6A57F-LeaderElection13] INFO  impl.RoleInfo (RoleInfo.java:shutdownLeaderElection(134)) - 7b069786-c4de-4177-a49c-78057d3e7b27: shutdown LeaderElection
2019-10-17 18:37:22,460 [7b069786-c4de-4177-a49c-78057d3e7b27@group-A236C1E6A57F-LeaderElection13] INFO  impl.RoleInfo (RoleInfo.java:updateAndGet(143)) - 7b069786-c4de-4177-a49c-78057d3e7b27: start FollowerState
2019-10-17 18:37:22,467 [0d68154c-bc1a-4b17-bcf5-90972ecdd7ac@group-A236C1E6A57F-LeaderElection12] INFO  impl.LeaderElection (LeaderElection.java:logAndReturn(56)) - 0d68154c-bc1a-4b17-bcf5-90972ecdd7ac@group-A236C1E6A57F-LeaderElection12: Election REJECTED; received 2 response(s) [0d68154c-bc1a-4b17-bcf5-90972ecdd7ac<-7b069786-c4de-4177-a49c-78057d3e7b27#0:FAIL-t8, 0d68154c-bc1a-4b17-bcf5-90972ecdd7ac<-09ea8095-e0f7-4a15-a25f-71748f8d4e7f#0:FAIL-t8] and 0 exception(s); 0d68154c-bc1a-4b17-bcf5-90972ecdd7ac@group-A236C1E6A57F:t8, leader=null, voted=0d68154c-bc1a-4b17-bcf5-90972ecdd7ac, raftlog=0d68154c-bc1a-4b17-bcf5-90972ecdd7ac@group-A236C1E6A57F-SegmentedRaftLog:OPENED:c0,f0,i0, conf=0: [7b069786-c4de-4177-a49c-78057d3e7b27:192.168.157.251:46071, 0d68154c-bc1a-4b17-bcf5-90972ecdd7ac:192.168.157.251:40580, 09ea8095-e0f7-4a15-a25f-71748f8d4e7f:192.168.157.251:43128], old=null
2019-10-17 18:37:22,468 [09ea8095-e0f7-4a15-a25f-71748f8d4e7f@group-A236C1E6A57F-LeaderElection11] INFO  impl.LeaderElection (LeaderElection.java:logAndReturn(56)) - 09ea8095-e0f7-4a15-a25f-71748f8d4e7f@group-A236C1E6A57F-LeaderElection11: Election REJECTED; received 2 response(s) [09ea8095-e0f7-4a15-a25f-71748f8d4e7f<-7b069786-c4de-4177-a49c-78057d3e7b27#0:FAIL-t8, 09ea8095-e0f7-4a15-a25f-71748f8d4e7f<-0d68154c-bc1a-4b17-bcf5-90972ecdd7ac#0:FAIL-t8] and 0 exception(s); 09ea8095-e0f7-4a15-a25f-71748f8d4e7f@group-A236C1E6A57F:t8, leader=null, voted=09ea8095-e0f7-4a15-a25f-71748f8d4e7f, raftlog=09ea8095-e0f7-4a15-a25f-71748f8d4e7f@group-A236C1E6A57F-SegmentedRaftLog:OPENED:c0,f0,i0, conf=0: [7b069786-c4de-4177-a49c-78057d3e7b27:192.168.157.251:46071, 0d68154c-bc1a-4b17-bcf5-90972ecdd7ac:192.168.157.251:40580, 09ea8095-e0f7-4a15-a25f-71748f8d4e7f:192.168.157.251:43128], old=null
2019-10-17 18:37:22,469 [0d68154c-bc1a-4b17-bcf5-90972ecdd7ac@group-A236C1E6A57F-LeaderElection12] INFO  impl.RaftServerImpl (RaftServerImpl.java:setRole(184)) - 0d68154c-bc1a-4b17-bcf5-90972ecdd7ac@group-A236C1E6A57F: changes role from CANDIDATE to FOLLOWER at term 8 for DISCOVERED_A_NEW_TERM
2019-10-17 18:37:22,470 [0d68154c-bc1a-4b17-bcf5-90972ecdd7ac@group-A236C1E6A57F-LeaderElection12] INFO  impl.RoleInfo (RoleInfo.java:shutdownLeaderElection(134)) - 0d68154c-bc1a-4b17-bcf5-90972ecdd7ac: shutdown LeaderElection
2019-10-17 18:37:22,471 [09ea8095-e0f7-4a15-a25f-71748f8d4e7f@group-A236C1E6A57F-LeaderElection11] INFO  impl.RaftServerImpl (RaftServerImpl.java:setRole(184)) - 09ea8095-e0f7-4a15-a25f-71748f8d4e7f@group-A236C1E6A57F: changes role from CANDIDATE to FOLLOWER at term 8 for DISCOVERED_A_NEW_TERM
2019-10-17 18:37:22,474 [0d68154c-bc1a-4b17-bcf5-90972ecdd7ac@group-A236C1E6A57F-LeaderElection12] INFO  impl.RoleInfo (RoleInfo.java:updateAndGet(143)) - 0d68154c-bc1a-4b17-bcf5-90972ecdd7ac: start FollowerState
2019-10-17 18:37:22,474 [09ea8095-e0f7-4a15-a25f-71748f8d4e7f@group-A236C1E6A57F-LeaderElection11] INFO  impl.RoleInfo (RoleInfo.java:shutdownLeaderElection(134)) - 09ea8095-e0f7-4a15-a25f-71748f8d4e7f: shutdown LeaderElection
2019-10-17 18:37:22,475 [09ea8095-e0f7-4a15-a25f-71748f8d4e7f@group-A236C1E6A57F-LeaderElection11] INFO  impl.RoleInfo (RoleInfo.java:updateAndGet(143)) - 09ea8095-e0f7-4a15-a25f-71748f8d4e7f: start FollowerState
2019-10-17 18:37:27,524 [Thread-307] INFO  impl.FollowerState (FollowerState.java:run(108)) - 0d68154c-bc1a-4b17-bcf5-90972ecdd7ac@group-A236C1E6A57F-FollowerState: change to CANDIDATE, lastRpcTime:5049ms, electionTimeout:5049ms
2019-10-17 18:37:27,525 [Thread-307] INFO  impl.RoleInfo (RoleInfo.java:shutdownFollowerState(121)) - 0d68154c-bc1a-4b17-bcf5-90972ecdd7ac: shutdown FollowerState
2019-10-17 18:37:27,525 [Thread-307] INFO  impl.RaftServerImpl (RaftServerImpl.java:setRole(184)) - 0d68154c-bc1a-4b17-bcf5-90972ecdd7ac@group-A236C1E6A57F: changes role from  FOLLOWER to CANDIDATE at term 8 for changeToCandidate
2019-10-17 18:37:27,526 [Thread-307] INFO  impl.RoleInfo (RoleInfo.java:updateAndGet(143)) - 0d68154c-bc1a-4b17-bcf5-90972ecdd7ac: start LeaderElection
2019-10-17 18:37:27,544 [0d68154c-bc1a-4b17-bcf5-90972ecdd7ac@group-A236C1E6A57F-LeaderElection14] INFO  impl.LeaderElection (LeaderElection.java:askForVotes(178)) - 0d68154c-bc1a-4b17-bcf5-90972ecdd7ac@group-A236C1E6A57F-LeaderElection14: begin an election at term 9 for 0: [7b069786-c4de-4177-a49c-78057d3e7b27:192.168.157.251:46071, 0d68154c-bc1a-4b17-bcf5-90972ecdd7ac:192.168.157.251:40580, 09ea8095-e0f7-4a15-a25f-71748f8d4e7f:192.168.157.251:43128], old=null
2019-10-17 18:37:27,550 [grpc-default-executor-4] INFO  impl.RaftServerImpl (RaftServerImpl.java:setRole(184)) - 09ea8095-e0f7-4a15-a25f-71748f8d4e7f@group-A236C1E6A57F: changes role from  FOLLOWER to FOLLOWER at term 9 for recognizeCandidate:0d68154c-bc1a-4b17-bcf5-90972ecdd7ac
2019-10-17 18:37:27,550 [grpc-default-executor-0] INFO  impl.RaftServerImpl (RaftServerImpl.java:setRole(184)) - 7b069786-c4de-4177-a49c-78057d3e7b27@group-A236C1E6A57F: changes role from  FOLLOWER to FOLLOWER at term 9 for recognizeCandidate:0d68154c-bc1a-4b17-bcf5-90972ecdd7ac
2019-10-17 18:37:27,551 [grpc-default-executor-4] INFO  impl.RoleInfo (RoleInfo.java:shutdownFollowerState(121)) - 09ea8095-e0f7-4a15-a25f-71748f8d4e7f: shutdown FollowerState
2019-10-17 18:37:27,551 [grpc-default-executor-0] INFO  impl.RoleInfo (RoleInfo.java:shutdownFollowerState(121)) - 7b069786-c4de-4177-a49c-78057d3e7b27: shutdown FollowerState
2019-10-17 18:37:27,551 [grpc-default-executor-4] INFO  impl.RoleInfo (RoleInfo.java:updateAndGet(143)) - 09ea8095-e0f7-4a15-a25f-71748f8d4e7f: start FollowerState
2019-10-17 18:37:27,551 [grpc-default-executor-0] INFO  impl.RoleInfo (RoleInfo.java:updateAndGet(143)) - 7b069786-c4de-4177-a49c-78057d3e7b27: start FollowerState
2019-10-17 18:37:27,551 [Thread-308] INFO  impl.FollowerState (FollowerState.java:run(117)) - 09ea8095-e0f7-4a15-a25f-71748f8d4e7f@group-A236C1E6A57F-FollowerState was interrupted: java.lang.InterruptedException: sleep interrupted
2019-10-17 18:37:27,551 [Thread-306] INFO  impl.FollowerState (FollowerState.java:run(117)) - 7b069786-c4de-4177-a49c-78057d3e7b27@group-A236C1E6A57F-FollowerState was interrupted: java.lang.InterruptedException: sleep interrupted
2019-10-17 18:37:27,569 [0d68154c-bc1a-4b17-bcf5-90972ecdd7ac@group-A236C1E6A57F-LeaderElection14] INFO  impl.LeaderElection (LeaderElection.java:logAndReturn(56)) - 0d68154c-bc1a-4b17-bcf5-90972ecdd7ac@group-A236C1E6A57F-LeaderElection14: Election PASSED; received 1 response(s) [0d68154c-bc1a-4b17-bcf5-90972ecdd7ac<-09ea8095-e0f7-4a15-a25f-71748f8d4e7f#0:OK-t9] and 0 exception(s); 0d68154c-bc1a-4b17-bcf5-90972ecdd7ac@group-A236C1E6A57F:t9, leader=null, voted=0d68154c-bc1a-4b17-bcf5-90972ecdd7ac, raftlog=0d68154c-bc1a-4b17-bcf5-90972ecdd7ac@group-A236C1E6A57F-SegmentedRaftLog:OPENED:c0,f0,i0, conf=0: [7b069786-c4de-4177-a49c-78057d3e7b27:192.168.157.251:46071, 0d68154c-bc1a-4b17-bcf5-90972ecdd7ac:192.168.157.251:40580, 09ea8095-e0f7-4a15-a25f-71748f8d4e7f:192.168.157.251:43128], old=null
2019-10-17 18:37:27,569 [0d68154c-bc1a-4b17-bcf5-90972ecdd7ac@group-A236C1E6A57F-LeaderElection14] INFO  impl.RoleInfo (RoleInfo.java:shutdownLeaderElection(134)) - 0d68154c-bc1a-4b17-bcf5-90972ecdd7ac: shutdown LeaderElection
2019-10-17 18:37:27,569 [0d68154c-bc1a-4b17-bcf5-90972ecdd7ac@group-A236C1E6A57F-LeaderElection14] INFO  impl.RaftServerImpl (RaftServerImpl.java:setRole(184)) - 0d68154c-bc1a-4b17-bcf5-90972ecdd7ac@group-A236C1E6A57F: changes role from CANDIDATE to LEADER at term 9 for changeToLeader
2019-10-17 18:37:27,570 [0d68154c-bc1a-4b17-bcf5-90972ecdd7ac@group-A236C1E6A57F-LeaderElection14] INFO  impl.RaftServerImpl (ServerState.java:setLeader(256)) - 0d68154c-bc1a-4b17-bcf5-90972ecdd7ac@group-A236C1E6A57F: change Leader from null to 0d68154c-bc1a-4b17-bcf5-90972ecdd7ac at term 9 for becomeLeader, leader elected after 11486ms
2019-10-17 18:37:27,570 [0d68154c-bc1a-4b17-bcf5-90972ecdd7ac@group-A236C1E6A57F-LeaderElection14] INFO  server.RaftServerConfigKeys (ConfUtils.java:logGet(43)) - raft.server.staging.catchup.gap = 1000 (default)
2019-10-17 18:37:27,570 [0d68154c-bc1a-4b17-bcf5-90972ecdd7ac@group-A236C1E6A57F-LeaderElection14] INFO  server.RaftServerConfigKeys (ConfUtils.java:logGet(43)) - raft.server.rpc.sleep.time = 25ms (default)
2019-10-17 18:37:27,571 [0d68154c-bc1a-4b17-bcf5-90972ecdd7ac@group-A236C1E6A57F-LeaderElection14] INFO  server.RaftServerConfigKeys (ConfUtils.java:logGet(43)) - raft.server.write.element-limit = 4096 (default)
2019-10-17 18:37:27,571 [0d68154c-bc1a-4b17-bcf5-90972ecdd7ac@group-A236C1E6A57F-LeaderElection14] INFO  server.RaftServerConfigKeys (ConfUtils.java:logGet(43)) - raft.server.watch.timeout = 10s (default)
2019-10-17 18:37:27,571 [0d68154c-bc1a-4b17-bcf5-90972ecdd7ac@group-A236C1E6A57F-LeaderElection14] INFO  server.RaftServerConfigKeys (ConfUtils.java:logGet(43)) - raft.server.watch.timeout.denomination = 1s (default)
2019-10-17 18:37:27,571 [0d68154c-bc1a-4b17-bcf5-90972ecdd7ac@group-A236C1E6A57F-LeaderElection14] INFO  server.RaftServerConfigKeys (ConfUtils.java:logGet(43)) - raft.server.watch.element-limit = 65536 (default)
2019-10-17 18:37:27,572 [0d68154c-bc1a-4b17-bcf5-90972ecdd7ac@group-A236C1E6A57F-LeaderElection14] INFO  server.RaftServerConfigKeys (ConfUtils.java:logGet(43)) - raft.server.log.appender.snapshot.chunk.size.max = 16MB (=16777216) (default)
2019-10-17 18:37:27,572 [0d68154c-bc1a-4b17-bcf5-90972ecdd7ac@group-A236C1E6A57F-LeaderElection14] INFO  server.RaftServerConfigKeys (ConfUtils.java:logGet(43)) - raft.server.log.appender.buffer.byte-limit = 33554432 (custom)
2019-10-17 18:37:27,572 [0d68154c-bc1a-4b17-bcf5-90972ecdd7ac@group-A236C1E6A57F-LeaderElection14] INFO  server.RaftServerConfigKeys (ConfUtils.java:logGet(43)) - raft.server.log.appender.buffer.element-limit = 1 (custom)
2019-10-17 18:37:27,573 [0d68154c-bc1a-4b17-bcf5-90972ecdd7ac@group-A236C1E6A57F-LeaderElection14] INFO  grpc.GrpcConfigKeys$Server (ConfUtils.java:logGet(43)) - raft.grpc.server.leader.outstanding.appends.max = 128 (default)
2019-10-17 18:37:27,573 [0d68154c-bc1a-4b17-bcf5-90972ecdd7ac@group-A236C1E6A57F-LeaderElection14] INFO  server.RaftServerConfigKeys (ConfUtils.java:logGet(43)) - raft.server.rpc.request.timeout = 3000ms (default)
2019-10-17 18:37:27,573 [0d68154c-bc1a-4b17-bcf5-90972ecdd7ac@group-A236C1E6A57F-LeaderElection14] INFO  server.RaftServerConfigKeys (ConfUtils.java:logGet(43)) - raft.server.log.appender.install.snapshot.enabled = false (custom)
2019-10-17 18:37:27,579 [0d68154c-bc1a-4b17-bcf5-90972ecdd7ac@group-A236C1E6A57F-LeaderElection14] INFO  server.RaftServerConfigKeys (ConfUtils.java:logGet(43)) - raft.server.log.appender.snapshot.chunk.size.max = 16MB (=16777216) (default)
2019-10-17 18:37:27,579 [0d68154c-bc1a-4b17-bcf5-90972ecdd7ac@group-A236C1E6A57F-LeaderElection14] INFO  server.RaftServerConfigKeys (ConfUtils.java:logGet(43)) - raft.server.log.appender.buffer.byte-limit = 33554432 (custom)
2019-10-17 18:37:27,579 [0d68154c-bc1a-4b17-bcf5-90972ecdd7ac@group-A236C1E6A57F-LeaderElection14] INFO  server.RaftServerConfigKeys (ConfUtils.java:logGet(43)) - raft.server.log.appender.buffer.element-limit = 1 (custom)
2019-10-17 18:37:27,580 [0d68154c-bc1a-4b17-bcf5-90972ecdd7ac@group-A236C1E6A57F-LeaderElection14] INFO  grpc.GrpcConfigKeys$Server (ConfUtils.java:logGet(43)) - raft.grpc.server.leader.outstanding.appends.max = 128 (default)
2019-10-17 18:37:27,580 [0d68154c-bc1a-4b17-bcf5-90972ecdd7ac@group-A236C1E6A57F-LeaderElection14] INFO  server.RaftServerConfigKeys (ConfUtils.java:logGet(43)) - raft.server.rpc.request.timeout = 3000ms (default)
2019-10-17 18:37:27,580 [0d68154c-bc1a-4b17-bcf5-90972ecdd7ac@group-A236C1E6A57F-LeaderElection14] INFO  server.RaftServerConfigKeys (ConfUtils.java:logGet(43)) - raft.server.log.appender.install.snapshot.enabled = false (custom)
2019-10-17 18:37:27,583 [0d68154c-bc1a-4b17-bcf5-90972ecdd7ac@group-A236C1E6A57F-LeaderElection14] INFO  impl.RoleInfo (RoleInfo.java:updateAndGet(143)) - 0d68154c-bc1a-4b17-bcf5-90972ecdd7ac: start LeaderState
2019-10-17 18:37:27,584 [0d68154c-bc1a-4b17-bcf5-90972ecdd7ac@group-A236C1E6A57F-LeaderElection14] INFO  segmented.SegmentedRaftLogWorker (SegmentedRaftLogWorker.java:rollLogSegment(390)) - 0d68154c-bc1a-4b17-bcf5-90972ecdd7ac@group-A236C1E6A57F-SegmentedRaftLogWorker: Rolling segment log-0_0 to index:0
2019-10-17 18:37:27,590 [0d68154c-bc1a-4b17-bcf5-90972ecdd7ac@group-A236C1E6A57F-SegmentedRaftLogWorker] INFO  segmented.SegmentedRaftLogWorker (SegmentedRaftLogWorker.java:execute(533)) - 0d68154c-bc1a-4b17-bcf5-90972ecdd7ac@group-A236C1E6A57F-SegmentedRaftLogWorker: Rolled log segment from /workdir/hadoop-ozone/integration-test/target/test-dir/MiniOzoneClusterImpl-7c97e77e-72d1-4dbe-ba9d-252c38b2309c/datanode-0/data/ratis/f5073bd3-c80c-4957-9a7f-a236c1e6a57f/current/log_inprogress_0 to /workdir/hadoop-ozone/integration-test/target/test-dir/MiniOzoneClusterImpl-7c97e77e-72d1-4dbe-ba9d-252c38b2309c/datanode-0/data/ratis/f5073bd3-c80c-4957-9a7f-a236c1e6a57f/current/log_0-0
2019-10-17 18:37:27,594 [0d68154c-bc1a-4b17-bcf5-90972ecdd7ac@group-A236C1E6A57F-LeaderElection14] INFO  impl.RaftServerImpl (ServerState.java:setRaftConf(357)) - 0d68154c-bc1a-4b17-bcf5-90972ecdd7ac@group-A236C1E6A57F: set configuration 1: [7b069786-c4de-4177-a49c-78057d3e7b27:192.168.157.251:46071, 0d68154c-bc1a-4b17-bcf5-90972ecdd7ac:192.168.157.251:40580, 09ea8095-e0f7-4a15-a25f-71748f8d4e7f:192.168.157.251:43128], old=null at 1
2019-10-17 18:37:27,597 [grpc-default-executor-0] INFO  impl.RaftServerImpl (ServerState.java:setLeader(256)) - 7b069786-c4de-4177-a49c-78057d3e7b27@group-A236C1E6A57F: change Leader from null to 0d68154c-bc1a-4b17-bcf5-90972ecdd7ac at term 9 for appendEntries, leader elected after 11576ms
2019-10-17 18:37:27,625 [grpc-default-executor-4] INFO  impl.RaftServerImpl (ServerState.java:setLeader(256)) - 09ea8095-e0f7-4a15-a25f-71748f8d4e7f@group-A236C1E6A57F: change Leader from null to 0d68154c-bc1a-4b17-bcf5-90972ecdd7ac at term 9 for appendEntries, leader elected after 11543ms
2019-10-17 18:37:27,628 [grpc-default-executor-0] INFO  impl.RaftServerImpl (RaftServerImpl.java:checkInconsistentAppendEntries(1023)) - 7b069786-c4de-4177-a49c-78057d3e7b27@group-A236C1E6A57F: Failed appendEntries as previous log entry ((t:6, i:0)) is not found
2019-10-17 18:37:27,628 [grpc-default-executor-0] INFO  impl.RaftServerImpl (RaftServerImpl.java:checkInconsistentAppendEntries(996)) - 7b069786-c4de-4177-a49c-78057d3e7b27@group-A236C1E6A57F: inconsistency entries. Reply:0d68154c-bc1a-4b17-bcf5-90972ecdd7ac<-7b069786-c4de-4177-a49c-78057d3e7b27#0:FAIL,INCONSISTENCY,nextIndex:0,term:9,followerCommit:-1
2019-10-17 18:37:27,630 [grpc-default-executor-0] INFO  impl.FollowerInfo (FollowerInfo.java:lambda$new$0(51)) - 0d68154c-bc1a-4b17-bcf5-90972ecdd7ac@group-A236C1E6A57F->7b069786-c4de-4177-a49c-78057d3e7b27: nextIndex: updateUnconditionally 1 -> 0
2019-10-17 18:37:27,633 [grpc-default-executor-0] INFO  impl.RaftServerImpl (ServerState.java:setRaftConf(357)) - 7b069786-c4de-4177-a49c-78057d3e7b27@group-A236C1E6A57F: set configuration 0: [7b069786-c4de-4177-a49c-78057d3e7b27:192.168.157.251:46071, 0d68154c-bc1a-4b17-bcf5-90972ecdd7ac:192.168.157.251:40580, 09ea8095-e0f7-4a15-a25f-71748f8d4e7f:192.168.157.251:43128], old=null at 0
2019-10-17 18:37:27,633 [grpc-default-executor-0] INFO  segmented.SegmentedRaftLogWorker (SegmentedRaftLogWorker.java:startLogSegment(385)) - 7b069786-c4de-4177-a49c-78057d3e7b27@group-A236C1E6A57F-SegmentedRaftLogWorker: Starting segment from index:0
2019-10-17 18:37:27,635 [grpc-default-executor-0] INFO  impl.RaftServerImpl (ServerState.java:setRaftConf(357)) - 7b069786-c4de-4177-a49c-78057d3e7b27@group-A236C1E6A57F: set configuration 1: [7b069786-c4de-4177-a49c-78057d3e7b27:192.168.157.251:46071, 0d68154c-bc1a-4b17-bcf5-90972ecdd7ac:192.168.157.251:40580, 09ea8095-e0f7-4a15-a25f-71748f8d4e7f:192.168.157.251:43128], old=null at 1
2019-10-17 18:37:27,635 [grpc-default-executor-0] INFO  segmented.SegmentedRaftLogWorker (SegmentedRaftLogWorker.java:rollLogSegment(390)) - 7b069786-c4de-4177-a49c-78057d3e7b27@group-A236C1E6A57F-SegmentedRaftLogWorker: Rolling segment log-0_0 to index:0
2019-10-17 18:37:27,637 [0d68154c-bc1a-4b17-bcf5-90972ecdd7ac@group-A236C1E6A57F-SegmentedRaftLogWorker] INFO  segmented.SegmentedRaftLogWorker (SegmentedRaftLogWorker.java:execute(576)) - 0d68154c-bc1a-4b17-bcf5-90972ecdd7ac@group-A236C1E6A57F-SegmentedRaftLogWorker: created new log segment /workdir/hadoop-ozone/integration-test/target/test-dir/MiniOzoneClusterImpl-7c97e77e-72d1-4dbe-ba9d-252c38b2309c/datanode-0/data/ratis/f5073bd3-c80c-4957-9a7f-a236c1e6a57f/current/log_inprogress_1
2019-10-17 18:37:27,639 [grpc-default-executor-4] INFO  impl.RaftServerImpl (ServerState.java:setRaftConf(357)) - 09ea8095-e0f7-4a15-a25f-71748f8d4e7f@group-A236C1E6A57F: set configuration 1: [7b069786-c4de-4177-a49c-78057d3e7b27:192.168.157.251:46071, 0d68154c-bc1a-4b17-bcf5-90972ecdd7ac:192.168.157.251:40580, 09ea8095-e0f7-4a15-a25f-71748f8d4e7f:192.168.157.251:43128], old=null at 1
2019-10-17 18:37:27,639 [grpc-default-executor-4] INFO  segmented.SegmentedRaftLogWorker (SegmentedRaftLogWorker.java:rollLogSegment(390)) - 09ea8095-e0f7-4a15-a25f-71748f8d4e7f@group-A236C1E6A57F-SegmentedRaftLogWorker: Rolling segment log-0_0 to index:0
2019-10-17 18:37:27,640 [09ea8095-e0f7-4a15-a25f-71748f8d4e7f@group-A236C1E6A57F-SegmentedRaftLogWorker] INFO  segmented.SegmentedRaftLogWorker (SegmentedRaftLogWorker.java:execute(533)) - 09ea8095-e0f7-4a15-a25f-71748f8d4e7f@group-A236C1E6A57F-SegmentedRaftLogWorker: Rolled log segment from /workdir/hadoop-ozone/integration-test/target/test-dir/MiniOzoneClusterImpl-7c97e77e-72d1-4dbe-ba9d-252c38b2309c/datanode-2/data/ratis/f5073bd3-c80c-4957-9a7f-a236c1e6a57f/current/log_inprogress_0 to /workdir/hadoop-ozone/integration-test/target/test-dir/MiniOzoneClusterImpl-7c97e77e-72d1-4dbe-ba9d-252c38b2309c/datanode-2/data/ratis/f5073bd3-c80c-4957-9a7f-a236c1e6a57f/current/log_0-0
2019-10-17 18:37:27,685 [7b069786-c4de-4177-a49c-78057d3e7b27@group-A236C1E6A57F-SegmentedRaftLogWorker] INFO  segmented.SegmentedRaftLogWorker (SegmentedRaftLogWorker.java:execute(576)) - 7b069786-c4de-4177-a49c-78057d3e7b27@group-A236C1E6A57F-SegmentedRaftLogWorker: created new log segment /workdir/hadoop-ozone/integration-test/target/test-dir/MiniOzoneClusterImpl-7c97e77e-72d1-4dbe-ba9d-252c38b2309c/datanode-1/data/ratis/f5073bd3-c80c-4957-9a7f-a236c1e6a57f/current/log_inprogress_0
2019-10-17 18:37:27,685 [09ea8095-e0f7-4a15-a25f-71748f8d4e7f@group-A236C1E6A57F-SegmentedRaftLogWorker] INFO  segmented.SegmentedRaftLogWorker (SegmentedRaftLogWorker.java:execute(576)) - 09ea8095-e0f7-4a15-a25f-71748f8d4e7f@group-A236C1E6A57F-SegmentedRaftLogWorker: created new log segment /workdir/hadoop-ozone/integration-test/target/test-dir/MiniOzoneClusterImpl-7c97e77e-72d1-4dbe-ba9d-252c38b2309c/datanode-2/data/ratis/f5073bd3-c80c-4957-9a7f-a236c1e6a57f/current/log_inprogress_1
2019-10-17 18:37:27,698 [7b069786-c4de-4177-a49c-78057d3e7b27@group-A236C1E6A57F-SegmentedRaftLogWorker] INFO  segmented.SegmentedRaftLogWorker (SegmentedRaftLogWorker.java:execute(533)) - 7b069786-c4de-4177-a49c-78057d3e7b27@group-A236C1E6A57F-SegmentedRaftLogWorker: Rolled log segment from /workdir/hadoop-ozone/integration-test/target/test-dir/MiniOzoneClusterImpl-7c97e77e-72d1-4dbe-ba9d-252c38b2309c/datanode-1/data/ratis/f5073bd3-c80c-4957-9a7f-a236c1e6a57f/current/log_inprogress_0 to /workdir/hadoop-ozone/integration-test/target/test-dir/MiniOzoneClusterImpl-7c97e77e-72d1-4dbe-ba9d-252c38b2309c/datanode-1/data/ratis/f5073bd3-c80c-4957-9a7f-a236c1e6a57f/current/log_0-0
2019-10-17 18:37:27,730 [7b069786-c4de-4177-a49c-78057d3e7b27@group-A236C1E6A57F-SegmentedRaftLogWorker] INFO  segmented.SegmentedRaftLogWorker (SegmentedRaftLogWorker.java:execute(576)) - 7b069786-c4de-4177-a49c-78057d3e7b27@group-A236C1E6A57F-SegmentedRaftLogWorker: created new log segment /workdir/hadoop-ozone/integration-test/target/test-dir/MiniOzoneClusterImpl-7c97e77e-72d1-4dbe-ba9d-252c38b2309c/datanode-1/data/ratis/f5073bd3-c80c-4957-9a7f-a236c1e6a57f/current/log_inprogress_1
2019-10-17 18:37:28,259 [Datanode State Machine Thread - 0] INFO  statemachine.DatanodeStateMachine (DatanodeStateMachine.java:lambda$startDaemon$0(350)) - Ozone container server started.
2019-10-17 18:37:33,259 [main] INFO  ozoneimpl.OzoneContainer (OzoneContainer.java:stop(227)) - Attempting to stop container services.
2019-10-17 18:37:33,260 [main] INFO  impl.RaftServerProxy (RaftServerProxy.java:lambda$close$4(314)) - 09ea8095-e0f7-4a15-a25f-71748f8d4e7f: close
2019-10-17 18:37:33,262 [main] INFO  impl.RaftServerImpl (RaftServerImpl.java:lambda$shutdown$3(261)) - 09ea8095-e0f7-4a15-a25f-71748f8d4e7f@group-08C3FA632375: shutdown
2019-10-17 18:37:33,263 [main] INFO  util.JmxRegister (JmxRegister.java:unregister(73)) - Successfully un-registered JMX Bean with object name Ratis:service=RaftServer,group=group-08C3FA632375,id=09ea8095-e0f7-4a15-a25f-71748f8d4e7f
2019-10-17 18:37:33,263 [main] INFO  impl.RoleInfo (RoleInfo.java:shutdownLeaderState(104)) - 09ea8095-e0f7-4a15-a25f-71748f8d4e7f: shutdown LeaderState
2019-10-17 18:37:33,264 [main] INFO  impl.PendingRequests (PendingRequests.java:sendNotLeaderResponses(202)) - 09ea8095-e0f7-4a15-a25f-71748f8d4e7f@group-08C3FA632375-PendingRequests: sendNotLeaderResponses
2019-10-17 18:37:33,264 [main] INFO  impl.StateMachineUpdater (StateMachineUpdater.java:stopAndJoin(136)) - 09ea8095-e0f7-4a15-a25f-71748f8d4e7f@group-08C3FA632375-StateMachineUpdater: set stopIndex = 0
2019-10-17 18:37:33,265 [main] INFO  impl.RaftServerImpl (ServerState.java:close(388)) - 09ea8095-e0f7-4a15-a25f-71748f8d4e7f@group-08C3FA632375: closes. applyIndex: 0
2019-10-17 18:37:33,267 [09ea8095-e0f7-4a15-a25f-71748f8d4e7f@group-08C3FA632375-SegmentedRaftLogWorker] INFO  segmented.SegmentedRaftLogWorker (SegmentedRaftLogWorker.java:run(316)) - 09ea8095-e0f7-4a15-a25f-71748f8d4e7f@group-08C3FA632375-SegmentedRaftLogWorker was interrupted, exiting. There are 0 tasks remaining in the queue.
2019-10-17 18:37:33,269 [main] INFO  segmented.SegmentedRaftLogWorker (SegmentedRaftLogWorker.java:close(224)) - 09ea8095-e0f7-4a15-a25f-71748f8d4e7f@group-08C3FA632375-SegmentedRaftLogWorker close()
2019-10-17 18:37:33,271 [main] INFO  impl.RaftServerImpl (RaftServerImpl.java:lambda$shutdown$3(261)) - 09ea8095-e0f7-4a15-a25f-71748f8d4e7f@group-A236C1E6A57F: shutdown
2019-10-17 18:37:33,272 [main] INFO  util.JmxRegister (JmxRegister.java:unregister(73)) - Successfully un-registered JMX Bean with object name Ratis:service=RaftServer,group=group-A236C1E6A57F,id=09ea8095-e0f7-4a15-a25f-71748f8d4e7f
2019-10-17 18:37:33,272 [main] INFO  impl.RoleInfo (RoleInfo.java:shutdownFollowerState(121)) - 09ea8095-e0f7-4a15-a25f-71748f8d4e7f: shutdown FollowerState
2019-10-17 18:37:33,272 [main] INFO  impl.StateMachineUpdater (StateMachineUpdater.java:stopAndJoin(136)) - 09ea8095-e0f7-4a15-a25f-71748f8d4e7f@group-A236C1E6A57F-StateMachineUpdater: set stopIndex = 6
2019-10-17 18:37:33,273 [09ea8095-e0f7-4a15-a25f-71748f8d4e7f@group-A236C1E6A57F-StateMachineUpdater] INFO  ratis.ContainerStateMachine (ContainerStateMachine.java:takeSnapshot(294)) - group-A236C1E6A57F: Taking a snapshot at:(t:9, i:5) file /workdir/hadoop-ozone/integration-test/target/test-dir/MiniOzoneClusterImpl-7c97e77e-72d1-4dbe-ba9d-252c38b2309c/datanode-2/data/ratis/f5073bd3-c80c-4957-9a7f-a236c1e6a57f/sm/snapshot.9_5
2019-10-17 18:37:33,272 [Thread-322] INFO  impl.FollowerState (FollowerState.java:run(117)) - 09ea8095-e0f7-4a15-a25f-71748f8d4e7f@group-A236C1E6A57F-FollowerState was interrupted: java.lang.InterruptedException: sleep interrupted
2019-10-17 18:37:33,383 [09ea8095-e0f7-4a15-a25f-71748f8d4e7f@group-A236C1E6A57F-StateMachineUpdater] INFO  ratis.ContainerStateMachine (ContainerStateMachine.java:takeSnapshot(305)) - group-A236C1E6A57F: Finished taking a snapshot at:(t:9, i:5) file:/workdir/hadoop-ozone/integration-test/target/test-dir/MiniOzoneClusterImpl-7c97e77e-72d1-4dbe-ba9d-252c38b2309c/datanode-2/data/ratis/f5073bd3-c80c-4957-9a7f-a236c1e6a57f/sm/snapshot.9_5 time:111
2019-10-17 18:37:33,385 [09ea8095-e0f7-4a15-a25f-71748f8d4e7f@group-A236C1E6A57F-StateMachineUpdater] INFO  impl.StateMachineUpdater (StateMachineUpdater.java:takeSnapshot(269)) - 09ea8095-e0f7-4a15-a25f-71748f8d4e7f@group-A236C1E6A57F-StateMachineUpdater: Took a snapshot at index 5
2019-10-17 18:37:33,386 [09ea8095-e0f7-4a15-a25f-71748f8d4e7f@group-A236C1E6A57F-StateMachineUpdater] INFO  impl.StateMachineUpdater (StateMachineUpdater.java:lambda$new$0(84)) - 09ea8095-e0f7-4a15-a25f-71748f8d4e7f@group-A236C1E6A57F-StateMachineUpdater: snapshotIndex: updateIncreasingly -1 -> 5
2019-10-17 18:37:33,389 [09ea8095-e0f7-4a15-a25f-71748f8d4e7f@group-A236C1E6A57F-StateMachineUpdater] INFO  ratis.ContainerStateMachine (ContainerStateMachine.java:takeSnapshot(294)) - group-A236C1E6A57F: Taking a snapshot at:(t:9, i:5) file /workdir/hadoop-ozone/integration-test/target/test-dir/MiniOzoneClusterImpl-7c97e77e-72d1-4dbe-ba9d-252c38b2309c/datanode-2/data/ratis/f5073bd3-c80c-4957-9a7f-a236c1e6a57f/sm/snapshot.9_5
2019-10-17 18:37:33,407 [09ea8095-e0f7-4a15-a25f-71748f8d4e7f@group-A236C1E6A57F-StateMachineUpdater] INFO  ratis.ContainerStateMachine (ContainerStateMachine.java:takeSnapshot(305)) - group-A236C1E6A57F: Finished taking a snapshot at:(t:9, i:5) file:/workdir/hadoop-ozone/integration-test/target/test-dir/MiniOzoneClusterImpl-7c97e77e-72d1-4dbe-ba9d-252c38b2309c/datanode-2/data/ratis/f5073bd3-c80c-4957-9a7f-a236c1e6a57f/sm/snapshot.9_5 time:17
2019-10-17 18:37:33,407 [09ea8095-e0f7-4a15-a25f-71748f8d4e7f@group-A236C1E6A57F-StateMachineUpdater] INFO  impl.StateMachineUpdater (StateMachineUpdater.java:takeSnapshot(269)) - 09ea8095-e0f7-4a15-a25f-71748f8d4e7f@group-A236C1E6A57F-StateMachineUpdater: Took a snapshot at index 5
2019-10-17 18:37:33,407 [09ea8095-e0f7-4a15-a25f-71748f8d4e7f@group-A236C1E6A57F-StateMachineUpdater] INFO  impl.StateMachineUpdater (StateMachineUpdater.java:lambda$new$0(84)) - 09ea8095-e0f7-4a15-a25f-71748f8d4e7f@group-A236C1E6A57F-StateMachineUpdater: snapshotIndex: updateIncreasingly 5 -> 5
2019-10-17 18:37:33,408 [main] INFO  impl.RaftServerImpl (ServerState.java:close(388)) - 09ea8095-e0f7-4a15-a25f-71748f8d4e7f@group-A236C1E6A57F: closes. applyIndex: 6
2019-10-17 18:37:33,409 [09ea8095-e0f7-4a15-a25f-71748f8d4e7f@group-A236C1E6A57F-SegmentedRaftLogWorker] INFO  segmented.SegmentedRaftLogWorker (SegmentedRaftLogWorker.java:run(316)) - 09ea8095-e0f7-4a15-a25f-71748f8d4e7f@group-A236C1E6A57F-SegmentedRaftLogWorker was interrupted, exiting. There are 0 tasks remaining in the queue.
2019-10-17 18:37:33,410 [main] INFO  segmented.SegmentedRaftLogWorker (SegmentedRaftLogWorker.java:close(224)) - 09ea8095-e0f7-4a15-a25f-71748f8d4e7f@group-A236C1E6A57F-SegmentedRaftLogWorker close()
2019-10-17 18:37:33,413 [main] INFO  server.GrpcService (GrpcService.java:closeImpl(164)) - 09ea8095-e0f7-4a15-a25f-71748f8d4e7f: shutdown server with port 43128 now
2019-10-17 18:37:33,422 [grpc-default-executor-4] WARN  server.GrpcServerProtocolService (LogUtils.java:warn(134)) - 09ea8095-e0f7-4a15-a25f-71748f8d4e7f: installSnapshot onError, lastRequest: 0d68154c-bc1a-4b17-bcf5-90972ecdd7ac->09ea8095-e0f7-4a15-a25f-71748f8d4e7f#8-t9, previous=(t:9, i:6), leaderCommit=6, initializing? false, entries: <empty>: org.apache.ratis.thirdparty.io.grpc.StatusRuntimeException: CANCELLED: cancelled before receiving half close
2019-10-17 18:37:33,424 [main] INFO  server.GrpcService (GrpcService.java:closeImpl(172)) - 09ea8095-e0f7-4a15-a25f-71748f8d4e7f: shutdown server with port 43128 successfully
2019-10-17 18:37:33,424 [grpc-default-executor-0] WARN  server.GrpcLogAppender (LogUtils.java:warn(134)) - 0d68154c-bc1a-4b17-bcf5-90972ecdd7ac@group-A236C1E6A57F->09ea8095-e0f7-4a15-a25f-71748f8d4e7f-AppendLogResponseHandler: Failed appendEntries: org.apache.ratis.thirdparty.io.grpc.StatusRuntimeException: CANCELLED: HTTP/2 error code: CANCEL
Received Rst Stream
2019-10-17 18:37:33,440 [refreshUsed-/workdir/hadoop-ozone/integration-test/target/test-dir/MiniOzoneClusterImpl-7c97e77e-72d1-4dbe-ba9d-252c38b2309c/datanode-2/data/containers] WARN  fs.CachingGetSpaceUsed (CachingGetSpaceUsed.java:run(183)) - Thread Interrupted waiting to refresh disk information: sleep interrupted
2019-10-17 18:37:33,461 [main] INFO  utils.BackgroundService (BackgroundService.java:shutdown(151)) - Shutting down service BlockDeletingService
2019-10-17 18:37:33,467 [main] INFO  statemachine.DatanodeStateMachine (DatanodeStateMachine.java:stopDaemon(395)) - Ozone container server stopped.
2019-10-17 18:37:33,473 [main] INFO  handler.ContextHandler (ContextHandler.java:doStop(910)) - Stopped o.e.j.w.WebAppContext@54e3658c{/,null,UNAVAILABLE}{/hddsDatanode}
2019-10-17 18:37:33,479 [main] INFO  server.AbstractConnector (AbstractConnector.java:doStop(318)) - Stopped ServerConnector@43e9089{HTTP/1.1,[http/1.1]}{0.0.0.0:0}
2019-10-17 18:37:33,480 [main] INFO  handler.ContextHandler (ContextHandler.java:doStop(910)) - Stopped o.e.j.s.ServletContextHandler@558756be{/static,jar:file:/home/user/.m2/repository/org/apache/hadoop/hadoop-hdds-container-service/0.5.0-SNAPSHOT/hadoop-hdds-container-service-0.5.0-SNAPSHOT.jar!/webapps/static,UNAVAILABLE}
2019-10-17 18:37:33,480 [main] INFO  handler.ContextHandler (ContextHandler.java:doStop(910)) - Stopped o.e.j.s.ServletContextHandler@6069dd38{/logs,file:///workdir/hadoop-ozone/integration-test/target/log,UNAVAILABLE}
2019-10-17 18:37:36,489 [java.util.concurrent.ThreadPoolExecutor$Worker@76cdd85c[State = -1, empty queue]] WARN  server.GrpcLogAppender (GrpcLogAppender.java:timeoutAppendRequest(209)) - 0d68154c-bc1a-4b17-bcf5-90972ecdd7ac@group-A236C1E6A57F->09ea8095-e0f7-4a15-a25f-71748f8d4e7f-GrpcLogAppender: appendEntries Timeout, request=0d68154c-bc1a-4b17-bcf5-90972ecdd7ac->09ea8095-e0f7-4a15-a25f-71748f8d4e7f#9-t9, previous=(t:9, i:6), leaderCommit=6, initializing? false, entries: size=1, first=(t:9, i:7), STATEMACHINELOGENTRY, client-79966ACA1C67, cid=8
2019-10-17 18:37:36,489 [java.util.concurrent.ThreadPoolExecutor$Worker@76cdd85c[State = -1, empty queue]] WARN  server.GrpcLogAppender (GrpcLogAppender.java:timeoutAppendRequest(209)) - 0d68154c-bc1a-4b17-bcf5-90972ecdd7ac@group-A236C1E6A57F->09ea8095-e0f7-4a15-a25f-71748f8d4e7f-GrpcLogAppender: appendEntries Timeout, request=0d68154c-bc1a-4b17-bcf5-90972ecdd7ac->09ea8095-e0f7-4a15-a25f-71748f8d4e7f#10-t9, previous=(t:9, i:7), leaderCommit=6, initializing? false, entries: size=1, first=(t:9, i:8), STATEMACHINELOGENTRY, client-79966ACA1C67, cid=9
2019-10-17 18:37:36,503 [java.util.concurrent.ThreadPoolExecutor$Worker@76cdd85c[State = -1, empty queue]] WARN  server.GrpcLogAppender (GrpcLogAppender.java:timeoutAppendRequest(209)) - 0d68154c-bc1a-4b17-bcf5-90972ecdd7ac@group-A236C1E6A57F->09ea8095-e0f7-4a15-a25f-71748f8d4e7f-GrpcLogAppender: appendEntries Timeout, request=0d68154c-bc1a-4b17-bcf5-90972ecdd7ac->09ea8095-e0f7-4a15-a25f-71748f8d4e7f#11-t9, previous=(t:9, i:8), leaderCommit=7, initializing? false, entries: size=1, first=(t:9, i:9), METADATAENTRY(c7)
2019-10-17 18:37:36,503 [java.util.concurrent.ThreadPoolExecutor$Worker@76cdd85c[State = -1, empty queue]] WARN  server.GrpcLogAppender (GrpcLogAppender.java:timeoutAppendRequest(209)) - 0d68154c-bc1a-4b17-bcf5-90972ecdd7ac@group-A236C1E6A57F->09ea8095-e0f7-4a15-a25f-71748f8d4e7f-GrpcLogAppender: appendEntries Timeout, request=0d68154c-bc1a-4b17-bcf5-90972ecdd7ac->09ea8095-e0f7-4a15-a25f-71748f8d4e7f#12-t9, previous=(t:9, i:9), leaderCommit=8, initializing? false, entries: size=1, first=(t:9, i:10), METADATAENTRY(c8)
2019-10-17 18:37:39,005 [java.util.concurrent.ThreadPoolExecutor$Worker@76cdd85c[State = -1, empty queue]] WARN  server.GrpcLogAppender (GrpcLogAppender.java:timeoutAppendRequest(209)) - 0d68154c-bc1a-4b17-bcf5-90972ecdd7ac@group-A236C1E6A57F->09ea8095-e0f7-4a15-a25f-71748f8d4e7f-GrpcLogAppender: appendEntries Timeout, request=0d68154c-bc1a-4b17-bcf5-90972ecdd7ac->09ea8095-e0f7-4a15-a25f-71748f8d4e7f#13-t9, previous=(t:9, i:10), leaderCommit=10, initializing? false, entries: <empty>
2019-10-17 18:37:41,505 [java.util.concurrent.ThreadPoolExecutor$Worker@76cdd85c[State = -1, empty queue]] WARN  server.GrpcLogAppender (GrpcLogAppender.java:timeoutAppendRequest(209)) - 0d68154c-bc1a-4b17-bcf5-90972ecdd7ac@group-A236C1E6A57F->09ea8095-e0f7-4a15-a25f-71748f8d4e7f-GrpcLogAppender: appendEntries Timeout, request=0d68154c-bc1a-4b17-bcf5-90972ecdd7ac->09ea8095-e0f7-4a15-a25f-71748f8d4e7f#14-t9, previous=(t:9, i:10), leaderCommit=10, initializing? false, entries: <empty>
2019-10-17 18:37:42,540 [Thread-368] INFO  client.GrpcClientProtocolService (GrpcClientProtocolService.java:lambda$processClientRequest$0(278)) - Failed RaftClientRequest:client-79966ACA1C67->7b069786-c4de-4177-a49c-78057d3e7b27@group-A236C1E6A57F, cid=10, seq=0, Watch-ALL_COMMITTED(8), Message:<EMPTY>, reply=RaftClientReply:client-79966ACA1C67->7b069786-c4de-4177-a49c-78057d3e7b27@group-A236C1E6A57F, cid=10, FAILED org.apache.ratis.protocol.NotLeaderException: Server 7b069786-c4de-4177-a49c-78057d3e7b27@group-A236C1E6A57F is not the leader 0d68154c-bc1a-4b17-bcf5-90972ecdd7ac:192.168.157.251:40580, logIndex=0, commits[7b069786-c4de-4177-a49c-78057d3e7b27:c10, 0d68154c-bc1a-4b17-bcf5-90972ecdd7ac:c10, 09ea8095-e0f7-4a15-a25f-71748f8d4e7f:c6]
2019-10-17 18:37:43,588 [Thread-372] INFO  client.GrpcClientProtocolService (GrpcClientProtocolService.java:lambda$processClientRequest$0(278)) - Failed RaftClientRequest:client-79966ACA1C67->0d68154c-bc1a-4b17-bcf5-90972ecdd7ac@group-A236C1E6A57F, cid=10, seq=0, Watch-ALL_COMMITTED(8), Message:<EMPTY>, reply=RaftClientReply:client-79966ACA1C67->0d68154c-bc1a-4b17-bcf5-90972ecdd7ac@group-A236C1E6A57F, cid=10, FAILED org.apache.ratis.protocol.NotReplicatedException: Request with call Id 10 and log index 8 is not yet replicated to ALL_COMMITTED, logIndex=8, commits[0d68154c-bc1a-4b17-bcf5-90972ecdd7ac:c10, 7b069786-c4de-4177-a49c-78057d3e7b27:c10, 09ea8095-e0f7-4a15-a25f-71748f8d4e7f:c6]
2019-10-17 18:37:44,006 [java.util.concurrent.ThreadPoolExecutor$Worker@76cdd85c[State = -1, empty queue]] WARN  server.GrpcLogAppender (GrpcLogAppender.java:timeoutAppendRequest(209)) - 0d68154c-bc1a-4b17-bcf5-90972ecdd7ac@group-A236C1E6A57F->09ea8095-e0f7-4a15-a25f-71748f8d4e7f-GrpcLogAppender: appendEntries Timeout, request=0d68154c-bc1a-4b17-bcf5-90972ecdd7ac->09ea8095-e0f7-4a15-a25f-71748f8d4e7f#15-t9, previous=(t:9, i:10), leaderCommit=10, initializing? false, entries: <empty>
2019-10-17 18:37:46,508 [java.util.concurrent.ThreadPoolExecutor$Worker@76cdd85c[State = -1, empty queue]] WARN  server.GrpcLogAppender (GrpcLogAppender.java:timeoutAppendRequest(209)) - 0d68154c-bc1a-4b17-bcf5-90972ecdd7ac@group-A236C1E6A57F->09ea8095-e0f7-4a15-a25f-71748f8d4e7f-GrpcLogAppender: appendEntries Timeout, request=0d68154c-bc1a-4b17-bcf5-90972ecdd7ac->09ea8095-e0f7-4a15-a25f-71748f8d4e7f#16-t9, previous=(t:9, i:10), leaderCommit=10, initializing? false, entries: <empty>
2019-10-17 18:37:49,008 [java.util.concurrent.ThreadPoolExecutor$Worker@76cdd85c[State = -1, empty queue]] WARN  server.GrpcLogAppender (GrpcLogAppender.java:timeoutAppendRequest(209)) - 0d68154c-bc1a-4b17-bcf5-90972ecdd7ac@group-A236C1E6A57F->09ea8095-e0f7-4a15-a25f-71748f8d4e7f-GrpcLogAppender: appendEntries Timeout, request=0d68154c-bc1a-4b17-bcf5-90972ecdd7ac->09ea8095-e0f7-4a15-a25f-71748f8d4e7f#17-t9, previous=(t:9, i:10), leaderCommit=10, initializing? false, entries: <empty>
2019-10-17 18:37:51,511 [java.util.concurrent.ThreadPoolExecutor$Worker@76cdd85c[State = -1, empty queue]] WARN  server.GrpcLogAppender (GrpcLogAppender.java:timeoutAppendRequest(209)) - 0d68154c-bc1a-4b17-bcf5-90972ecdd7ac@group-A236C1E6A57F->09ea8095-e0f7-4a15-a25f-71748f8d4e7f-GrpcLogAppender: appendEntries Timeout, request=0d68154c-bc1a-4b17-bcf5-90972ecdd7ac->09ea8095-e0f7-4a15-a25f-71748f8d4e7f#18-t9, previous=(t:9, i:10), leaderCommit=10, initializing? false, entries: <empty>
2019-10-17 18:37:51,574 [Thread-378] INFO  client.GrpcClientProtocolService (GrpcClientProtocolService.java:lambda$processClientRequest$0(278)) - Failed RaftClientRequest:client-79966ACA1C67->7b069786-c4de-4177-a49c-78057d3e7b27@group-A236C1E6A57F, cid=10, seq=0, Watch-ALL_COMMITTED(8), Message:<EMPTY>, reply=RaftClientReply:client-79966ACA1C67->7b069786-c4de-4177-a49c-78057d3e7b27@group-A236C1E6A57F, cid=10, FAILED org.apache.ratis.protocol.NotLeaderException: Server 7b069786-c4de-4177-a49c-78057d3e7b27@group-A236C1E6A57F is not the leader 0d68154c-bc1a-4b17-bcf5-90972ecdd7ac:192.168.157.251:40580, logIndex=0, commits[7b069786-c4de-4177-a49c-78057d3e7b27:c10, 0d68154c-bc1a-4b17-bcf5-90972ecdd7ac:c10, 09ea8095-e0f7-4a15-a25f-71748f8d4e7f:c6]
2019-10-17 18:37:52,587 [Thread-381] INFO  client.GrpcClientProtocolService (GrpcClientProtocolService.java:lambda$processClientRequest$0(278)) - Failed RaftClientRequest:client-79966ACA1C67->0d68154c-bc1a-4b17-bcf5-90972ecdd7ac@group-A236C1E6A57F, cid=10, seq=0, Watch-ALL_COMMITTED(8), Message:<EMPTY>, reply=RaftClientReply:client-79966ACA1C67->0d68154c-bc1a-4b17-bcf5-90972ecdd7ac@group-A236C1E6A57F, cid=10, FAILED org.apache.ratis.protocol.NotReplicatedException: Request with call Id 10 and log index 8 is not yet replicated to ALL_COMMITTED, logIndex=8, commits[0d68154c-bc1a-4b17-bcf5-90972ecdd7ac:c10, 7b069786-c4de-4177-a49c-78057d3e7b27:c10, 09ea8095-e0f7-4a15-a25f-71748f8d4e7f:c6]
2019-10-17 18:37:54,014 [java.util.concurrent.ThreadPoolExecutor$Worker@76cdd85c[State = -1, empty queue]] WARN  server.GrpcLogAppender (GrpcLogAppender.java:timeoutAppendRequest(209)) - 0d68154c-bc1a-4b17-bcf5-90972ecdd7ac@group-A236C1E6A57F->09ea8095-e0f7-4a15-a25f-71748f8d4e7f-GrpcLogAppender: appendEntries Timeout, request=0d68154c-bc1a-4b17-bcf5-90972ecdd7ac->09ea8095-e0f7-4a15-a25f-71748f8d4e7f#19-t9, previous=(t:9, i:10), leaderCommit=10, initializing? false, entries: <empty>
2019-10-17 18:37:56,514 [java.util.concurrent.ThreadPoolExecutor$Worker@76cdd85c[State = -1, empty queue]] WARN  server.GrpcLogAppender (GrpcLogAppender.java:timeoutAppendRequest(209)) - 0d68154c-bc1a-4b17-bcf5-90972ecdd7ac@group-A236C1E6A57F->09ea8095-e0f7-4a15-a25f-71748f8d4e7f-GrpcLogAppender: appendEntries Timeout, request=0d68154c-bc1a-4b17-bcf5-90972ecdd7ac->09ea8095-e0f7-4a15-a25f-71748f8d4e7f#20-t9, previous=(t:9, i:10), leaderCommit=10, initializing? false, entries: <empty>
2019-10-17 18:37:59,015 [java.util.concurrent.ThreadPoolExecutor$Worker@76cdd85c[State = -1, empty queue]] WARN  server.GrpcLogAppender (GrpcLogAppender.java:timeoutAppendRequest(209)) - 0d68154c-bc1a-4b17-bcf5-90972ecdd7ac@group-A236C1E6A57F->09ea8095-e0f7-4a15-a25f-71748f8d4e7f-GrpcLogAppender: appendEntries Timeout, request=0d68154c-bc1a-4b17-bcf5-90972ecdd7ac->09ea8095-e0f7-4a15-a25f-71748f8d4e7f#21-t9, previous=(t:9, i:10), leaderCommit=10, initializing? false, entries: <empty>
2019-10-17 18:38:00,605 [Thread-387] INFO  client.GrpcClientProtocolService (GrpcClientProtocolService.java:lambda$processClientRequest$0(278)) - Failed RaftClientRequest:client-79966ACA1C67->7b069786-c4de-4177-a49c-78057d3e7b27@group-A236C1E6A57F, cid=10, seq=0, Watch-ALL_COMMITTED(8), Message:<EMPTY>, reply=RaftClientReply:client-79966ACA1C67->7b069786-c4de-4177-a49c-78057d3e7b27@group-A236C1E6A57F, cid=10, FAILED org.apache.ratis.protocol.NotLeaderException: Server 7b069786-c4de-4177-a49c-78057d3e7b27@group-A236C1E6A57F is not the leader 0d68154c-bc1a-4b17-bcf5-90972ecdd7ac:192.168.157.251:40580, logIndex=0, commits[7b069786-c4de-4177-a49c-78057d3e7b27:c10, 0d68154c-bc1a-4b17-bcf5-90972ecdd7ac:c10, 09ea8095-e0f7-4a15-a25f-71748f8d4e7f:c6]
2019-10-17 18:38:01,518 [java.util.concurrent.ThreadPoolExecutor$Worker@76cdd85c[State = -1, empty queue]] WARN  server.GrpcLogAppender (GrpcLogAppender.java:timeoutAppendRequest(209)) - 0d68154c-bc1a-4b17-bcf5-90972ecdd7ac@group-A236C1E6A57F->09ea8095-e0f7-4a15-a25f-71748f8d4e7f-GrpcLogAppender: appendEntries Timeout, request=0d68154c-bc1a-4b17-bcf5-90972ecdd7ac->09ea8095-e0f7-4a15-a25f-71748f8d4e7f#22-t9, previous=(t:9, i:10), leaderCommit=10, initializing? false, entries: <empty>
2019-10-17 18:38:02,586 [Thread-391] INFO  client.GrpcClientProtocolService (GrpcClientProtocolService.java:lambda$processClientRequest$0(278)) - Failed RaftClientRequest:client-79966ACA1C67->0d68154c-bc1a-4b17-bcf5-90972ecdd7ac@group-A236C1E6A57F, cid=10, seq=0, Watch-ALL_COMMITTED(8), Message:<EMPTY>, reply=RaftClientReply:client-79966ACA1C67->0d68154c-bc1a-4b17-bcf5-90972ecdd7ac@group-A236C1E6A57F, cid=10, FAILED org.apache.ratis.protocol.NotReplicatedException: Request with call Id 10 and log index 8 is not yet replicated to ALL_COMMITTED, logIndex=8, commits[0d68154c-bc1a-4b17-bcf5-90972ecdd7ac:c10, 7b069786-c4de-4177-a49c-78057d3e7b27:c10, 09ea8095-e0f7-4a15-a25f-71748f8d4e7f:c6]
2019-10-17 18:38:03,522 [main] WARN  scm.XceiverClientRatis (XceiverClientRatis.java:watchForCommit(277)) - 3 way commit failed on pipeline Pipeline[ Id: f5073bd3-c80c-4957-9a7f-a236c1e6a57f, Nodes: 09ea8095-e0f7-4a15-a25f-71748f8d4e7f{ip: 192.168.157.251, host: pr-hdds-2318-qqrts-113280968, networkLocation: /default-rack, certSerialId: null}7b069786-c4de-4177-a49c-78057d3e7b27{ip: 192.168.157.251, host: pr-hdds-2318-qqrts-113280968, networkLocation: /default-rack, certSerialId: null}0d68154c-bc1a-4b17-bcf5-90972ecdd7ac{ip: 192.168.157.251, host: pr-hdds-2318-qqrts-113280968, networkLocation: /default-rack, certSerialId: null}, Type:RATIS, Factor:THREE, State:OPEN]
java.util.concurrent.TimeoutException
	at java.util.concurrent.CompletableFuture.timedGet(CompletableFuture.java:1771)
	at java.util.concurrent.CompletableFuture.get(CompletableFuture.java:1915)
	at org.apache.hadoop.hdds.scm.XceiverClientRatis.watchForCommit(XceiverClientRatis.java:274)
	at org.apache.hadoop.hdds.scm.storage.CommitWatcher.watchForCommit(CommitWatcher.java:198)
	at org.apache.hadoop.hdds.scm.storage.CommitWatcher.watchOnLastIndex(CommitWatcher.java:161)
	at org.apache.hadoop.hdds.scm.storage.BlockOutputStream.watchForCommit(BlockOutputStream.java:346)
	at org.apache.hadoop.hdds.scm.storage.BlockOutputStream.handleFlush(BlockOutputStream.java:482)
	at org.apache.hadoop.hdds.scm.storage.BlockOutputStream.close(BlockOutputStream.java:496)
	at org.apache.hadoop.ozone.client.io.BlockOutputStreamEntry.close(BlockOutputStreamEntry.java:143)
	at org.apache.hadoop.ozone.client.io.KeyOutputStream.handleFlushOrClose(KeyOutputStream.java:435)
	at org.apache.hadoop.ozone.client.io.KeyOutputStream.close(KeyOutputStream.java:473)
	at org.apache.hadoop.ozone.client.io.OzoneOutputStream.close(OzoneOutputStream.java:60)
	at org.apache.hadoop.ozone.client.rpc.TestDeleteWithSlowFollower.testDeleteKeyWithSlowFollower(TestDeleteWithSlowFollower.java:193)
	at sun.reflect.NativeMethodAccessorImpl.invoke0(Native Method)
	at sun.reflect.NativeMethodAccessorImpl.invoke(NativeMethodAccessorImpl.java:62)
	at sun.reflect.DelegatingMethodAccessorImpl.invoke(DelegatingMethodAccessorImpl.java:43)
	at java.lang.reflect.Method.invoke(Method.java:498)
	at org.junit.runners.model.FrameworkMethod$1.runReflectiveCall(FrameworkMethod.java:47)
	at org.junit.internal.runners.model.ReflectiveCallable.run(ReflectiveCallable.java:12)
	at org.junit.runners.model.FrameworkMethod.invokeExplosively(FrameworkMethod.java:44)
	at org.junit.internal.runners.statements.InvokeMethod.evaluate(InvokeMethod.java:17)
	at org.junit.runners.ParentRunner.runLeaf(ParentRunner.java:271)
	at org.junit.runners.BlockJUnit4ClassRunner.runChild(BlockJUnit4ClassRunner.java:70)
	at org.junit.runners.BlockJUnit4ClassRunner.runChild(BlockJUnit4ClassRunner.java:50)
	at org.junit.runners.ParentRunner$3.run(ParentRunner.java:238)
	at org.junit.runners.ParentRunner$1.schedule(ParentRunner.java:63)
	at org.junit.runners.ParentRunner.runChildren(ParentRunner.java:236)
	at org.junit.runners.ParentRunner.access$000(ParentRunner.java:53)
	at org.junit.runners.ParentRunner$2.evaluate(ParentRunner.java:229)
	at org.junit.internal.runners.statements.RunBefores.evaluate(RunBefores.java:26)
	at org.junit.internal.runners.statements.RunAfters.evaluate(RunAfters.java:27)
	at org.junit.runners.ParentRunner.run(ParentRunner.java:309)
	at org.apache.maven.surefire.junit4.JUnit4Provider.execute(JUnit4Provider.java:365)
	at org.apache.maven.surefire.junit4.JUnit4Provider.executeWithRerun(JUnit4Provider.java:273)
	at org.apache.maven.surefire.junit4.JUnit4Provider.executeTestSet(JUnit4Provider.java:238)
	at org.apache.maven.surefire.junit4.JUnit4Provider.invoke(JUnit4Provider.java:159)
	at org.apache.maven.surefire.booter.ForkedBooter.invokeProviderInSameClassLoader(ForkedBooter.java:384)
	at org.apache.maven.surefire.booter.ForkedBooter.runSuitesInProcess(ForkedBooter.java:345)
	at org.apache.maven.surefire.booter.ForkedBooter.execute(ForkedBooter.java:126)
	at org.apache.maven.surefire.booter.ForkedBooter.main(ForkedBooter.java:418)
2019-10-17 18:38:03,547 [main] INFO  scm.XceiverClientRatis (XceiverClientRatis.java:lambda$watchForCommit$5(295)) - Could not commit index 8 on pipeline Pipeline[ Id: f5073bd3-c80c-4957-9a7f-a236c1e6a57f, Nodes: 09ea8095-e0f7-4a15-a25f-71748f8d4e7f{ip: 192.168.157.251, host: pr-hdds-2318-qqrts-113280968, networkLocation: /default-rack, certSerialId: null}7b069786-c4de-4177-a49c-78057d3e7b27{ip: 192.168.157.251, host: pr-hdds-2318-qqrts-113280968, networkLocation: /default-rack, certSerialId: null}0d68154c-bc1a-4b17-bcf5-90972ecdd7ac{ip: 192.168.157.251, host: pr-hdds-2318-qqrts-113280968, networkLocation: /default-rack, certSerialId: null}, Type:RATIS, Factor:THREE, State:OPEN] to all the nodes. Server 09ea8095-e0f7-4a15-a25f-71748f8d4e7f has failed. Committed by majority.
2019-10-17 18:38:03,548 [main] WARN  storage.BlockOutputStream (BlockOutputStream.java:watchForCommit(352)) - Failed to commit BlockId conID: 1 locID: 102979170231648256 bcsId: 8 on Pipeline[ Id: f5073bd3-c80c-4957-9a7f-a236c1e6a57f, Nodes: 09ea8095-e0f7-4a15-a25f-71748f8d4e7f{ip: 192.168.157.251, host: pr-hdds-2318-qqrts-113280968, networkLocation: /default-rack, certSerialId: null}7b069786-c4de-4177-a49c-78057d3e7b27{ip: 192.168.157.251, host: pr-hdds-2318-qqrts-113280968, networkLocation: /default-rack, certSerialId: null}0d68154c-bc1a-4b17-bcf5-90972ecdd7ac{ip: 192.168.157.251, host: pr-hdds-2318-qqrts-113280968, networkLocation: /default-rack, certSerialId: null}, Type:RATIS, Factor:THREE, State:OPEN]. Failed nodes: [09ea8095-e0f7-4a15-a25f-71748f8d4e7f{ip: null, host: null, networkLocation: /default-rack, certSerialId: null}]
2019-10-17 18:38:04,020 [java.util.concurrent.ThreadPoolExecutor$Worker@76cdd85c[State = -1, empty queue]] WARN  server.GrpcLogAppender (GrpcLogAppender.java:timeoutAppendRequest(209)) - 0d68154c-bc1a-4b17-bcf5-90972ecdd7ac@group-A236C1E6A57F->09ea8095-e0f7-4a15-a25f-71748f8d4e7f-GrpcLogAppender: appendEntries Timeout, request=0d68154c-bc1a-4b17-bcf5-90972ecdd7ac->09ea8095-e0f7-4a15-a25f-71748f8d4e7f#23-t9, previous=(t:9, i:10), leaderCommit=10, initializing? false, entries: <empty>
2019-10-17 18:38:04,670 [EventQueue-IncrementalContainerReportForIncrementalContainerReportHandler] WARN  container.IncrementalContainerReportHandler (AbstractContainerReportHandler.java:updateContainerState(145)) - Container #1 is in OPEN state, but the datanode 0d68154c-bc1a-4b17-bcf5-90972ecdd7ac{ip: 192.168.157.251, host: pr-hdds-2318-qqrts-113280968, networkLocation: /default-rack, certSerialId: null} reports an CLOSING replica.
2019-10-17 18:38:04,681 [RatisApplyTransactionExecutor 1] INFO  interfaces.Container (KeyValueContainer.java:flushAndSyncDB(386)) - Container 1 is synced with bcsId 8.
2019-10-17 18:38:04,681 [RatisApplyTransactionExecutor 1] INFO  interfaces.Container (KeyValueContainer.java:flushAndSyncDB(386)) - Container 1 is synced with bcsId 8.
2019-10-17 18:38:04,696 [RatisApplyTransactionExecutor 1] INFO  interfaces.Container (KeyValueContainer.java:close(335)) - Container 1 is closed with bcsId 8.
2019-10-17 18:38:04,699 [EventQueue-IncrementalContainerReportForIncrementalContainerReportHandler] WARN  container.IncrementalContainerReportHandler (AbstractContainerReportHandler.java:updateContainerState(145)) - Container #1 is in OPEN state, but the datanode 7b069786-c4de-4177-a49c-78057d3e7b27{ip: 192.168.157.251, host: pr-hdds-2318-qqrts-113280968, networkLocation: /default-rack, certSerialId: null} reports an CLOSING replica.
2019-10-17 18:38:04,699 [EventQueue-IncrementalContainerReportForIncrementalContainerReportHandler] WARN  container.IncrementalContainerReportHandler (AbstractContainerReportHandler.java:updateContainerState(145)) - Container #1 is in OPEN state, but the datanode 0d68154c-bc1a-4b17-bcf5-90972ecdd7ac{ip: 192.168.157.251, host: pr-hdds-2318-qqrts-113280968, networkLocation: /default-rack, certSerialId: null} reports an CLOSED replica.
2019-10-17 18:38:04,708 [RatisApplyTransactionExecutor 1] INFO  interfaces.Container (KeyValueContainer.java:flushAndSyncDB(386)) - Container 1 is synced with bcsId 8.
2019-10-17 18:38:04,709 [RatisApplyTransactionExecutor 1] INFO  interfaces.Container (KeyValueContainer.java:flushAndSyncDB(386)) - Container 1 is synced with bcsId 8.
2019-10-17 18:38:04,725 [RatisApplyTransactionExecutor 1] INFO  interfaces.Container (KeyValueContainer.java:close(335)) - Container 1 is closed with bcsId 8.
2019-10-17 18:38:04,727 [EventQueue-IncrementalContainerReportForIncrementalContainerReportHandler] WARN  container.IncrementalContainerReportHandler (AbstractContainerReportHandler.java:updateContainerState(145)) - Container #1 is in OPEN state, but the datanode 7b069786-c4de-4177-a49c-78057d3e7b27{ip: 192.168.157.251, host: pr-hdds-2318-qqrts-113280968, networkLocation: /default-rack, certSerialId: null} reports an CLOSED replica.
2019-10-17 18:38:04,999 [EventQueue-ContainerReportForContainerReportHandler] WARN  container.ContainerReportHandler (AbstractContainerReportHandler.java:updateContainerState(145)) - Container #1 is in OPEN state, but the datanode 0d68154c-bc1a-4b17-bcf5-90972ecdd7ac{ip: 192.168.157.251, host: pr-hdds-2318-qqrts-113280968, networkLocation: /default-rack, certSerialId: null} reports an CLOSED replica.
2019-10-17 18:38:05,026 [EventQueue-ContainerReportForContainerReportHandler] WARN  container.ContainerReportHandler (AbstractContainerReportHandler.java:updateContainerState(145)) - Container #1 is in OPEN state, but the datanode 7b069786-c4de-4177-a49c-78057d3e7b27{ip: 192.168.157.251, host: pr-hdds-2318-qqrts-113280968, networkLocation: /default-rack, certSerialId: null} reports an CLOSED replica.
2019-10-17 18:38:05,048 [BlockDeletingService#2] WARN  background.BlockDeletingService (BlockDeletingService.java:isDeletionAllowed(187)) - Close Container log Index 8 is not replicated across allthe servers in the pipeline f5073bd3-c80c-4957-9a7f-a236c1e6a57f as the min replicated index is 6. Deletion is not allowed in this container yet.
2019-10-17 18:38:05,051 [BlockDeletingService#2] WARN  background.BlockDeletingService (BlockDeletingService.java:isDeletionAllowed(187)) - Close Container log Index 8 is not replicated across allthe servers in the pipeline f5073bd3-c80c-4957-9a7f-a236c1e6a57f as the min replicated index is 6. Deletion is not allowed in this container yet.
2019-10-17 18:38:05,115 [IPC Server handler 0 on 39163] INFO  server.SCMBlockProtocolServer (SCMBlockProtocolServer.java:deleteKeyBlocks(212)) - SCM is informed by OM to delete 1 blocks
2019-10-17 18:38:05,115 [IPC Server handler 0 on 39163] INFO  block.BlockManagerImpl (BlockManagerImpl.java:deleteBlocks(285)) - Deleting blocks conID: 1 locID: 102979170231648256 bcsId: 0
2019-10-17 18:38:05,327 [EventQueue-ContainerReportForContainerReportHandler] WARN  container.ContainerReportHandler (AbstractContainerReportHandler.java:updateContainerState(145)) - Container #1 is in OPEN state, but the datanode 7b069786-c4de-4177-a49c-78057d3e7b27{ip: 192.168.157.251, host: pr-hdds-2318-qqrts-113280968, networkLocation: /default-rack, certSerialId: null} reports an CLOSED replica.
2019-10-17 18:38:05,400 [EventQueue-ContainerReportForContainerReportHandler] WARN  container.ContainerReportHandler (AbstractContainerReportHandler.java:updateContainerState(145)) - Container #1 is in OPEN state, but the datanode 0d68154c-bc1a-4b17-bcf5-90972ecdd7ac{ip: 192.168.157.251, host: pr-hdds-2318-qqrts-113280968, networkLocation: /default-rack, certSerialId: null} reports an CLOSED replica.
2019-10-17 18:38:05,601 [EventQueue-ContainerReportForContainerReportHandler] WARN  container.ContainerReportHandler (AbstractContainerReportHandler.java:updateContainerState(145)) - Container #1 is in OPEN state, but the datanode 0d68154c-bc1a-4b17-bcf5-90972ecdd7ac{ip: 192.168.157.251, host: pr-hdds-2318-qqrts-113280968, networkLocation: /default-rack, certSerialId: null} reports an CLOSED replica.
2019-10-17 18:38:05,629 [EventQueue-ContainerReportForContainerReportHandler] WARN  container.ContainerReportHandler (AbstractContainerReportHandler.java:updateContainerState(145)) - Container #1 is in OPEN state, but the datanode 7b069786-c4de-4177-a49c-78057d3e7b27{ip: 192.168.157.251, host: pr-hdds-2318-qqrts-113280968, networkLocation: /default-rack, certSerialId: null} reports an CLOSED replica.
2019-10-17 18:38:05,829 [EventQueue-ContainerReportForContainerReportHandler] WARN  container.ContainerReportHandler (AbstractContainerReportHandler.java:updateContainerState(145)) - Container #1 is in OPEN state, but the datanode 7b069786-c4de-4177-a49c-78057d3e7b27{ip: 192.168.157.251, host: pr-hdds-2318-qqrts-113280968, networkLocation: /default-rack, certSerialId: null} reports an CLOSED replica.
2019-10-17 18:38:05,902 [EventQueue-ContainerReportForContainerReportHandler] WARN  container.ContainerReportHandler (AbstractContainerReportHandler.java:updateContainerState(145)) - Container #1 is in OPEN state, but the datanode 0d68154c-bc1a-4b17-bcf5-90972ecdd7ac{ip: 192.168.157.251, host: pr-hdds-2318-qqrts-113280968, networkLocation: /default-rack, certSerialId: null} reports an CLOSED replica.
2019-10-17 18:38:06,049 [BlockDeletingService#2] WARN  background.BlockDeletingService (BlockDeletingService.java:isDeletionAllowed(187)) - Close Container log Index 8 is not replicated across allthe servers in the pipeline f5073bd3-c80c-4957-9a7f-a236c1e6a57f as the min replicated index is 6. Deletion is not allowed in this container yet.
2019-10-17 18:38:06,053 [BlockDeletingService#2] WARN  background.BlockDeletingService (BlockDeletingService.java:isDeletionAllowed(187)) - Close Container log Index 8 is not replicated across allthe servers in the pipeline f5073bd3-c80c-4957-9a7f-a236c1e6a57f as the min replicated index is 6. Deletion is not allowed in this container yet.
2019-10-17 18:38:06,129 [EventQueue-ContainerReportForContainerReportHandler] WARN  container.ContainerReportHandler (AbstractContainerReportHandler.java:updateContainerState(145)) - Container #1 is in OPEN state, but the datanode 7b069786-c4de-4177-a49c-78057d3e7b27{ip: 192.168.157.251, host: pr-hdds-2318-qqrts-113280968, networkLocation: /default-rack, certSerialId: null} reports an CLOSED replica.
2019-10-17 18:38:06,201 [EventQueue-ContainerReportForContainerReportHandler] WARN  container.ContainerReportHandler (AbstractContainerReportHandler.java:updateContainerState(145)) - Container #1 is in OPEN state, but the datanode 0d68154c-bc1a-4b17-bcf5-90972ecdd7ac{ip: 192.168.157.251, host: pr-hdds-2318-qqrts-113280968, networkLocation: /default-rack, certSerialId: null} reports an CLOSED replica.
2019-10-17 18:38:06,431 [EventQueue-ContainerReportForContainerReportHandler] WARN  container.ContainerReportHandler (AbstractContainerReportHandler.java:updateContainerState(145)) - Container #1 is in OPEN state, but the datanode 7b069786-c4de-4177-a49c-78057d3e7b27{ip: 192.168.157.251, host: pr-hdds-2318-qqrts-113280968, networkLocation: /default-rack, certSerialId: null} reports an CLOSED replica.
2019-10-17 18:38:06,502 [EventQueue-ContainerReportForContainerReportHandler] WARN  container.ContainerReportHandler (AbstractContainerReportHandler.java:updateContainerState(145)) - Container #1 is in OPEN state, but the datanode 0d68154c-bc1a-4b17-bcf5-90972ecdd7ac{ip: 192.168.157.251, host: pr-hdds-2318-qqrts-113280968, networkLocation: /default-rack, certSerialId: null} reports an CLOSED replica.
2019-10-17 18:38:06,521 [java.util.concurrent.ThreadPoolExecutor$Worker@76cdd85c[State = -1, empty queue]] WARN  server.GrpcLogAppender (GrpcLogAppender.java:timeoutAppendRequest(209)) - 0d68154c-bc1a-4b17-bcf5-90972ecdd7ac@group-A236C1E6A57F->09ea8095-e0f7-4a15-a25f-71748f8d4e7f-GrpcLogAppender: appendEntries Timeout, request=0d68154c-bc1a-4b17-bcf5-90972ecdd7ac->09ea8095-e0f7-4a15-a25f-71748f8d4e7f#24-t9, previous=(t:9, i:10), leaderCommit=10, initializing? false, entries: <empty>
2019-10-17 18:38:06,632 [EventQueue-ContainerReportForContainerReportHandler] WARN  container.ContainerReportHandler (AbstractContainerReportHandler.java:updateContainerState(145)) - Container #1 is in OPEN state, but the datanode 7b069786-c4de-4177-a49c-78057d3e7b27{ip: 192.168.157.251, host: pr-hdds-2318-qqrts-113280968, networkLocation: /default-rack, certSerialId: null} reports an CLOSED replica.
2019-10-17 18:38:06,804 [EventQueue-ContainerReportForContainerReportHandler] WARN  container.ContainerReportHandler (AbstractContainerReportHandler.java:updateContainerState(145)) - Container #1 is in OPEN state, but the datanode 0d68154c-bc1a-4b17-bcf5-90972ecdd7ac{ip: 192.168.157.251, host: pr-hdds-2318-qqrts-113280968, networkLocation: /default-rack, certSerialId: null} reports an CLOSED replica.
2019-10-17 18:38:06,932 [EventQueue-ContainerReportForContainerReportHandler] WARN  container.ContainerReportHandler (AbstractContainerReportHandler.java:updateContainerState(145)) - Container #1 is in OPEN state, but the datanode 7b069786-c4de-4177-a49c-78057d3e7b27{ip: 192.168.157.251, host: pr-hdds-2318-qqrts-113280968, networkLocation: /default-rack, certSerialId: null} reports an CLOSED replica.
2019-10-17 18:38:07,003 [EventQueue-ContainerReportForContainerReportHandler] WARN  container.ContainerReportHandler (AbstractContainerReportHandler.java:updateContainerState(145)) - Container #1 is in OPEN state, but the datanode 0d68154c-bc1a-4b17-bcf5-90972ecdd7ac{ip: 192.168.157.251, host: pr-hdds-2318-qqrts-113280968, networkLocation: /default-rack, certSerialId: null} reports an CLOSED replica.
2019-10-17 18:38:07,050 [BlockDeletingService#2] WARN  background.BlockDeletingService (BlockDeletingService.java:isDeletionAllowed(187)) - Close Container log Index 8 is not replicated across allthe servers in the pipeline f5073bd3-c80c-4957-9a7f-a236c1e6a57f as the min replicated index is 6. Deletion is not allowed in this container yet.
2019-10-17 18:38:07,054 [BlockDeletingService#2] WARN  background.BlockDeletingService (BlockDeletingService.java:isDeletionAllowed(187)) - Close Container log Index 8 is not replicated across allthe servers in the pipeline f5073bd3-c80c-4957-9a7f-a236c1e6a57f as the min replicated index is 6. Deletion is not allowed in this container yet.
2019-10-17 18:38:07,332 [EventQueue-ContainerReportForContainerReportHandler] WARN  container.ContainerReportHandler (AbstractContainerReportHandler.java:updateContainerState(145)) - Container #1 is in OPEN state, but the datanode 7b069786-c4de-4177-a49c-78057d3e7b27{ip: 192.168.157.251, host: pr-hdds-2318-qqrts-113280968, networkLocation: /default-rack, certSerialId: null} reports an CLOSED replica.
2019-10-17 18:38:07,405 [EventQueue-ContainerReportForContainerReportHandler] WARN  container.ContainerReportHandler (AbstractContainerReportHandler.java:updateContainerState(145)) - Container #1 is in OPEN state, but the datanode 0d68154c-bc1a-4b17-bcf5-90972ecdd7ac{ip: 192.168.157.251, host: pr-hdds-2318-qqrts-113280968, networkLocation: /default-rack, certSerialId: null} reports an CLOSED replica.
2019-10-17 18:38:07,532 [EventQueue-ContainerReportForContainerReportHandler] WARN  container.ContainerReportHandler (AbstractContainerReportHandler.java:updateContainerState(145)) - Container #1 is in OPEN state, but the datanode 7b069786-c4de-4177-a49c-78057d3e7b27{ip: 192.168.157.251, host: pr-hdds-2318-qqrts-113280968, networkLocation: /default-rack, certSerialId: null} reports an CLOSED replica.
2019-10-17 18:38:07,624 [java.util.concurrent.ThreadPoolExecutor$Worker@76cdd85c[State = -1, empty queue]] WARN  server.GrpcLogAppender (GrpcLogAppender.java:timeoutAppendRequest(209)) - 0d68154c-bc1a-4b17-bcf5-90972ecdd7ac@group-A236C1E6A57F->09ea8095-e0f7-4a15-a25f-71748f8d4e7f-GrpcLogAppender: appendEntries Timeout, request=0d68154c-bc1a-4b17-bcf5-90972ecdd7ac->09ea8095-e0f7-4a15-a25f-71748f8d4e7f#25-t9, previous=(t:9, i:10), leaderCommit=10, initializing? false, entries: size=1, first=(t:9, i:11), STATEMACHINELOGENTRY, client-034A442E7D1A, cid=12
2019-10-17 18:38:07,656 [java.util.concurrent.ThreadPoolExecutor$Worker@76cdd85c[State = -1, empty queue]] WARN  server.GrpcLogAppender (GrpcLogAppender.java:timeoutAppendRequest(209)) - 0d68154c-bc1a-4b17-bcf5-90972ecdd7ac@group-A236C1E6A57F->09ea8095-e0f7-4a15-a25f-71748f8d4e7f-GrpcLogAppender: appendEntries Timeout, request=0d68154c-bc1a-4b17-bcf5-90972ecdd7ac->09ea8095-e0f7-4a15-a25f-71748f8d4e7f#26-t9, previous=(t:9, i:11), leaderCommit=11, initializing? false, entries: size=1, first=(t:9, i:12), METADATAENTRY(c11)
2019-10-17 18:38:07,705 [EventQueue-ContainerReportForContainerReportHandler] WARN  container.ContainerReportHandler (AbstractContainerReportHandler.java:updateContainerState(145)) - Container #1 is in OPEN state, but the datanode 0d68154c-bc1a-4b17-bcf5-90972ecdd7ac{ip: 192.168.157.251, host: pr-hdds-2318-qqrts-113280968, networkLocation: /default-rack, certSerialId: null} reports an CLOSED replica.
2019-10-17 18:38:07,732 [EventQueue-ContainerReportForContainerReportHandler] WARN  container.ContainerReportHandler (AbstractContainerReportHandler.java:updateContainerState(145)) - Container #1 is in OPEN state, but the datanode 7b069786-c4de-4177-a49c-78057d3e7b27{ip: 192.168.157.251, host: pr-hdds-2318-qqrts-113280968, networkLocation: /default-rack, certSerialId: null} reports an CLOSED replica.
2019-10-17 18:38:07,906 [EventQueue-ContainerReportForContainerReportHandler] WARN  container.ContainerReportHandler (AbstractContainerReportHandler.java:updateContainerState(145)) - Container #1 is in OPEN state, but the datanode 0d68154c-bc1a-4b17-bcf5-90972ecdd7ac{ip: 192.168.157.251, host: pr-hdds-2318-qqrts-113280968, networkLocation: /default-rack, certSerialId: null} reports an CLOSED replica.
2019-10-17 18:38:07,932 [EventQueue-ContainerReportForContainerReportHandler] WARN  container.ContainerReportHandler (AbstractContainerReportHandler.java:updateContainerState(145)) - Container #1 is in OPEN state, but the datanode 7b069786-c4de-4177-a49c-78057d3e7b27{ip: 192.168.157.251, host: pr-hdds-2318-qqrts-113280968, networkLocation: /default-rack, certSerialId: null} reports an CLOSED replica.
2019-10-17 18:38:08,052 [BlockDeletingService#2] WARN  background.BlockDeletingService (BlockDeletingService.java:isDeletionAllowed(187)) - Close Container log Index 8 is not replicated across allthe servers in the pipeline f5073bd3-c80c-4957-9a7f-a236c1e6a57f as the min replicated index is 6. Deletion is not allowed in this container yet.
2019-10-17 18:38:08,055 [BlockDeletingService#2] WARN  background.BlockDeletingService (BlockDeletingService.java:isDeletionAllowed(187)) - Close Container log Index 8 is not replicated across allthe servers in the pipeline f5073bd3-c80c-4957-9a7f-a236c1e6a57f as the min replicated index is 6. Deletion is not allowed in this container yet.
2019-10-17 18:38:08,206 [EventQueue-ContainerReportForContainerReportHandler] WARN  container.ContainerReportHandler (AbstractContainerReportHandler.java:updateContainerState(145)) - Container #1 is in OPEN state, but the datanode 0d68154c-bc1a-4b17-bcf5-90972ecdd7ac{ip: 192.168.157.251, host: pr-hdds-2318-qqrts-113280968, networkLocation: /default-rack, certSerialId: null} reports an CLOSED replica.
2019-10-17 18:38:08,232 [EventQueue-ContainerReportForContainerReportHandler] WARN  container.ContainerReportHandler (AbstractContainerReportHandler.java:updateContainerState(145)) - Container #1 is in OPEN state, but the datanode 7b069786-c4de-4177-a49c-78057d3e7b27{ip: 192.168.157.251, host: pr-hdds-2318-qqrts-113280968, networkLocation: /default-rack, certSerialId: null} reports an CLOSED replica.
2019-10-17 18:38:08,406 [EventQueue-ContainerReportForContainerReportHandler] WARN  container.ContainerReportHandler (AbstractContainerReportHandler.java:updateContainerState(145)) - Container #1 is in OPEN state, but the datanode 0d68154c-bc1a-4b17-bcf5-90972ecdd7ac{ip: 192.168.157.251, host: pr-hdds-2318-qqrts-113280968, networkLocation: /default-rack, certSerialId: null} reports an CLOSED replica.
2019-10-17 18:38:08,532 [EventQueue-ContainerReportForContainerReportHandler] WARN  container.ContainerReportHandler (AbstractContainerReportHandler.java:updateContainerState(145)) - Container #1 is in OPEN state, but the datanode 7b069786-c4de-4177-a49c-78057d3e7b27{ip: 192.168.157.251, host: pr-hdds-2318-qqrts-113280968, networkLocation: /default-rack, certSerialId: null} reports an CLOSED replica.
2019-10-17 18:38:08,606 [EventQueue-ContainerReportForContainerReportHandler] WARN  container.ContainerReportHandler (AbstractContainerReportHandler.java:updateContainerState(145)) - Container #1 is in OPEN state, but the datanode 0d68154c-bc1a-4b17-bcf5-90972ecdd7ac{ip: 192.168.157.251, host: pr-hdds-2318-qqrts-113280968, networkLocation: /default-rack, certSerialId: null} reports an CLOSED replica.
2019-10-17 18:38:08,833 [EventQueue-ContainerReportForContainerReportHandler] WARN  container.ContainerReportHandler (AbstractContainerReportHandler.java:updateContainerState(145)) - Container #1 is in OPEN state, but the datanode 7b069786-c4de-4177-a49c-78057d3e7b27{ip: 192.168.157.251, host: pr-hdds-2318-qqrts-113280968, networkLocation: /default-rack, certSerialId: null} reports an CLOSED replica.
2019-10-17 18:38:08,906 [EventQueue-ContainerReportForContainerReportHandler] WARN  container.ContainerReportHandler (AbstractContainerReportHandler.java:updateContainerState(145)) - Container #1 is in OPEN state, but the datanode 0d68154c-bc1a-4b17-bcf5-90972ecdd7ac{ip: 192.168.157.251, host: pr-hdds-2318-qqrts-113280968, networkLocation: /default-rack, certSerialId: null} reports an CLOSED replica.
2019-10-17 18:38:09,033 [EventQueue-ContainerReportForContainerReportHandler] WARN  container.ContainerReportHandler (AbstractContainerReportHandler.java:updateContainerState(145)) - Container #1 is in OPEN state, but the datanode 7b069786-c4de-4177-a49c-78057d3e7b27{ip: 192.168.157.251, host: pr-hdds-2318-qqrts-113280968, networkLocation: /default-rack, certSerialId: null} reports an CLOSED replica.
2019-10-17 18:38:09,057 [BlockDeletingService#2] WARN  background.BlockDeletingService (BlockDeletingService.java:isDeletionAllowed(187)) - Close Container log Index 8 is not replicated across allthe servers in the pipeline f5073bd3-c80c-4957-9a7f-a236c1e6a57f as the min replicated index is 6. Deletion is not allowed in this container yet.
2019-10-17 18:38:09,057 [BlockDeletingService#2] WARN  background.BlockDeletingService (BlockDeletingService.java:isDeletionAllowed(187)) - Close Container log Index 8 is not replicated across allthe servers in the pipeline f5073bd3-c80c-4957-9a7f-a236c1e6a57f as the min replicated index is 6. Deletion is not allowed in this container yet.
2019-10-17 18:38:09,306 [EventQueue-ContainerReportForContainerReportHandler] WARN  container.ContainerReportHandler (AbstractContainerReportHandler.java:updateContainerState(145)) - Container #1 is in OPEN state, but the datanode 0d68154c-bc1a-4b17-bcf5-90972ecdd7ac{ip: 192.168.157.251, host: pr-hdds-2318-qqrts-113280968, networkLocation: /default-rack, certSerialId: null} reports an CLOSED replica.
2019-10-17 18:38:09,434 [EventQueue-ContainerReportForContainerReportHandler] WARN  container.ContainerReportHandler (AbstractContainerReportHandler.java:updateContainerState(145)) - Container #1 is in OPEN state, but the datanode 7b069786-c4de-4177-a49c-78057d3e7b27{ip: 192.168.157.251, host: pr-hdds-2318-qqrts-113280968, networkLocation: /default-rack, certSerialId: null} reports an CLOSED replica.
2019-10-17 18:38:09,506 [EventQueue-ContainerReportForContainerReportHandler] WARN  container.ContainerReportHandler (AbstractContainerReportHandler.java:updateContainerState(145)) - Container #1 is in OPEN state, but the datanode 0d68154c-bc1a-4b17-bcf5-90972ecdd7ac{ip: 192.168.157.251, host: pr-hdds-2318-qqrts-113280968, networkLocation: /default-rack, certSerialId: null} reports an CLOSED replica.
2019-10-17 18:38:09,625 [Thread-419] INFO  client.GrpcClientProtocolService (GrpcClientProtocolService.java:lambda$processClientRequest$0(278)) - Failed RaftClientRequest:client-79966ACA1C67->7b069786-c4de-4177-a49c-78057d3e7b27@group-A236C1E6A57F, cid=10, seq=0, Watch-ALL_COMMITTED(8), Message:<EMPTY>, reply=RaftClientReply:client-79966ACA1C67->7b069786-c4de-4177-a49c-78057d3e7b27@group-A236C1E6A57F, cid=10, FAILED org.apache.ratis.protocol.NotLeaderException: Server 7b069786-c4de-4177-a49c-78057d3e7b27@group-A236C1E6A57F is not the leader 0d68154c-bc1a-4b17-bcf5-90972ecdd7ac:192.168.157.251:40580, logIndex=0, commits[7b069786-c4de-4177-a49c-78057d3e7b27:c12, 0d68154c-bc1a-4b17-bcf5-90972ecdd7ac:c12, 09ea8095-e0f7-4a15-a25f-71748f8d4e7f:c6]
2019-10-17 18:38:09,635 [EventQueue-ContainerReportForContainerReportHandler] WARN  container.ContainerReportHandler (AbstractContainerReportHandler.java:updateContainerState(145)) - Container #1 is in OPEN state, but the datanode 7b069786-c4de-4177-a49c-78057d3e7b27{ip: 192.168.157.251, host: pr-hdds-2318-qqrts-113280968, networkLocation: /default-rack, certSerialId: null} reports an CLOSED replica.
2019-10-17 18:38:09,906 [EventQueue-ContainerReportForContainerReportHandler] WARN  container.ContainerReportHandler (AbstractContainerReportHandler.java:updateContainerState(145)) - Container #1 is in OPEN state, but the datanode 0d68154c-bc1a-4b17-bcf5-90972ecdd7ac{ip: 192.168.157.251, host: pr-hdds-2318-qqrts-113280968, networkLocation: /default-rack, certSerialId: null} reports an CLOSED replica.
2019-10-17 18:38:09,934 [EventQueue-ContainerReportForContainerReportHandler] WARN  container.ContainerReportHandler (AbstractContainerReportHandler.java:updateContainerState(145)) - Container #1 is in OPEN state, but the datanode 7b069786-c4de-4177-a49c-78057d3e7b27{ip: 192.168.157.251, host: pr-hdds-2318-qqrts-113280968, networkLocation: /default-rack, certSerialId: null} reports an CLOSED replica.
2019-10-17 18:38:10,058 [BlockDeletingService#2] WARN  background.BlockDeletingService (BlockDeletingService.java:isDeletionAllowed(187)) - Close Container log Index 8 is not replicated across allthe servers in the pipeline f5073bd3-c80c-4957-9a7f-a236c1e6a57f as the min replicated index is 6. Deletion is not allowed in this container yet.
2019-10-17 18:38:10,059 [BlockDeletingService#2] WARN  background.BlockDeletingService (BlockDeletingService.java:isDeletionAllowed(187)) - Close Container log Index 8 is not replicated across allthe servers in the pipeline f5073bd3-c80c-4957-9a7f-a236c1e6a57f as the min replicated index is 6. Deletion is not allowed in this container yet.
2019-10-17 18:38:10,157 [java.util.concurrent.ThreadPoolExecutor$Worker@76cdd85c[State = -1, empty queue]] WARN  server.GrpcLogAppender (GrpcLogAppender.java:timeoutAppendRequest(209)) - 0d68154c-bc1a-4b17-bcf5-90972ecdd7ac@group-A236C1E6A57F->09ea8095-e0f7-4a15-a25f-71748f8d4e7f-GrpcLogAppender: appendEntries Timeout, request=0d68154c-bc1a-4b17-bcf5-90972ecdd7ac->09ea8095-e0f7-4a15-a25f-71748f8d4e7f#27-t9, previous=(t:9, i:12), leaderCommit=12, initializing? false, entries: <empty>
2019-10-17 18:38:10,206 [EventQueue-ContainerReportForContainerReportHandler] WARN  container.ContainerReportHandler (AbstractContainerReportHandler.java:updateContainerState(145)) - Container #1 is in OPEN state, but the datanode 0d68154c-bc1a-4b17-bcf5-90972ecdd7ac{ip: 192.168.157.251, host: pr-hdds-2318-qqrts-113280968, networkLocation: /default-rack, certSerialId: null} reports an CLOSED replica.
2019-10-17 18:38:10,335 [EventQueue-ContainerReportForContainerReportHandler] WARN  container.ContainerReportHandler (AbstractContainerReportHandler.java:updateContainerState(145)) - Container #1 is in OPEN state, but the datanode 7b069786-c4de-4177-a49c-78057d3e7b27{ip: 192.168.157.251, host: pr-hdds-2318-qqrts-113280968, networkLocation: /default-rack, certSerialId: null} reports an CLOSED replica.
2019-10-17 18:38:10,607 [EventQueue-ContainerReportForContainerReportHandler] WARN  container.ContainerReportHandler (AbstractContainerReportHandler.java:updateContainerState(145)) - Container #1 is in OPEN state, but the datanode 0d68154c-bc1a-4b17-bcf5-90972ecdd7ac{ip: 192.168.157.251, host: pr-hdds-2318-qqrts-113280968, networkLocation: /default-rack, certSerialId: null} reports an CLOSED replica.
2019-10-17 18:38:10,634 [EventQueue-ContainerReportForContainerReportHandler] WARN  container.ContainerReportHandler (AbstractContainerReportHandler.java:updateContainerState(145)) - Container #1 is in OPEN state, but the datanode 7b069786-c4de-4177-a49c-78057d3e7b27{ip: 192.168.157.251, host: pr-hdds-2318-qqrts-113280968, networkLocation: /default-rack, certSerialId: null} reports an CLOSED replica.
2019-10-17 18:38:10,934 [EventQueue-ContainerReportForContainerReportHandler] WARN  container.ContainerReportHandler (AbstractContainerReportHandler.java:updateContainerState(145)) - Container #1 is in OPEN state, but the datanode 7b069786-c4de-4177-a49c-78057d3e7b27{ip: 192.168.157.251, host: pr-hdds-2318-qqrts-113280968, networkLocation: /default-rack, certSerialId: null} reports an CLOSED replica.
2019-10-17 18:38:11,007 [EventQueue-ContainerReportForContainerReportHandler] WARN  container.ContainerReportHandler (AbstractContainerReportHandler.java:updateContainerState(145)) - Container #1 is in OPEN state, but the datanode 0d68154c-bc1a-4b17-bcf5-90972ecdd7ac{ip: 192.168.157.251, host: pr-hdds-2318-qqrts-113280968, networkLocation: /default-rack, certSerialId: null} reports an CLOSED replica.
2019-10-17 18:38:11,060 [BlockDeletingService#2] WARN  background.BlockDeletingService (BlockDeletingService.java:isDeletionAllowed(187)) - Close Container log Index 8 is not replicated across allthe servers in the pipeline f5073bd3-c80c-4957-9a7f-a236c1e6a57f as the min replicated index is 6. Deletion is not allowed in this container yet.
2019-10-17 18:38:11,061 [BlockDeletingService#2] WARN  background.BlockDeletingService (BlockDeletingService.java:isDeletionAllowed(187)) - Close Container log Index 8 is not replicated across allthe servers in the pipeline f5073bd3-c80c-4957-9a7f-a236c1e6a57f as the min replicated index is 6. Deletion is not allowed in this container yet.
2019-10-17 18:38:11,234 [EventQueue-ContainerReportForContainerReportHandler] WARN  container.ContainerReportHandler (AbstractContainerReportHandler.java:updateContainerState(145)) - Container #1 is in OPEN state, but the datanode 7b069786-c4de-4177-a49c-78057d3e7b27{ip: 192.168.157.251, host: pr-hdds-2318-qqrts-113280968, networkLocation: /default-rack, certSerialId: null} reports an CLOSED replica.
2019-10-17 18:38:11,408 [EventQueue-ContainerReportForContainerReportHandler] WARN  container.ContainerReportHandler (AbstractContainerReportHandler.java:updateContainerState(145)) - Container #1 is in OPEN state, but the datanode 0d68154c-bc1a-4b17-bcf5-90972ecdd7ac{ip: 192.168.157.251, host: pr-hdds-2318-qqrts-113280968, networkLocation: /default-rack, certSerialId: null} reports an CLOSED replica.
2019-10-17 18:38:11,534 [EventQueue-ContainerReportForContainerReportHandler] WARN  container.ContainerReportHandler (AbstractContainerReportHandler.java:updateContainerState(145)) - Container #1 is in OPEN state, but the datanode 7b069786-c4de-4177-a49c-78057d3e7b27{ip: 192.168.157.251, host: pr-hdds-2318-qqrts-113280968, networkLocation: /default-rack, certSerialId: null} reports an CLOSED replica.
2019-10-17 18:38:11,585 [Thread-427] INFO  client.GrpcClientProtocolService (GrpcClientProtocolService.java:lambda$processClientRequest$0(278)) - Failed RaftClientRequest:client-79966ACA1C67->0d68154c-bc1a-4b17-bcf5-90972ecdd7ac@group-A236C1E6A57F, cid=10, seq=0, Watch-ALL_COMMITTED(8), Message:<EMPTY>, reply=RaftClientReply:client-79966ACA1C67->0d68154c-bc1a-4b17-bcf5-90972ecdd7ac@group-A236C1E6A57F, cid=10, FAILED org.apache.ratis.protocol.NotReplicatedException: Request with call Id 10 and log index 8 is not yet replicated to ALL_COMMITTED, logIndex=8, commits[0d68154c-bc1a-4b17-bcf5-90972ecdd7ac:c12, 7b069786-c4de-4177-a49c-78057d3e7b27:c12, 09ea8095-e0f7-4a15-a25f-71748f8d4e7f:c6]
2019-10-17 18:38:11,708 [EventQueue-ContainerReportForContainerReportHandler] WARN  container.ContainerReportHandler (AbstractContainerReportHandler.java:updateContainerState(145)) - Container #1 is in OPEN state, but the datanode 0d68154c-bc1a-4b17-bcf5-90972ecdd7ac{ip: 192.168.157.251, host: pr-hdds-2318-qqrts-113280968, networkLocation: /default-rack, certSerialId: null} reports an CLOSED replica.
2019-10-17 18:38:11,734 [EventQueue-ContainerReportForContainerReportHandler] WARN  container.ContainerReportHandler (AbstractContainerReportHandler.java:updateContainerState(145)) - Container #1 is in OPEN state, but the datanode 7b069786-c4de-4177-a49c-78057d3e7b27{ip: 192.168.157.251, host: pr-hdds-2318-qqrts-113280968, networkLocation: /default-rack, certSerialId: null} reports an CLOSED replica.
2019-10-17 18:38:11,908 [EventQueue-ContainerReportForContainerReportHandler] WARN  container.ContainerReportHandler (AbstractContainerReportHandler.java:updateContainerState(145)) - Container #1 is in OPEN state, but the datanode 0d68154c-bc1a-4b17-bcf5-90972ecdd7ac{ip: 192.168.157.251, host: pr-hdds-2318-qqrts-113280968, networkLocation: /default-rack, certSerialId: null} reports an CLOSED replica.
2019-10-17 18:38:12,035 [EventQueue-ContainerReportForContainerReportHandler] WARN  container.ContainerReportHandler (AbstractContainerReportHandler.java:updateContainerState(145)) - Container #1 is in OPEN state, but the datanode 7b069786-c4de-4177-a49c-78057d3e7b27{ip: 192.168.157.251, host: pr-hdds-2318-qqrts-113280968, networkLocation: /default-rack, certSerialId: null} reports an CLOSED replica.
2019-10-17 18:38:12,065 [BlockDeletingService#2] WARN  background.BlockDeletingService (BlockDeletingService.java:isDeletionAllowed(187)) - Close Container log Index 8 is not replicated across allthe servers in the pipeline f5073bd3-c80c-4957-9a7f-a236c1e6a57f as the min replicated index is 6. Deletion is not allowed in this container yet.
2019-10-17 18:38:12,065 [BlockDeletingService#2] WARN  background.BlockDeletingService (BlockDeletingService.java:isDeletionAllowed(187)) - Close Container log Index 8 is not replicated across allthe servers in the pipeline f5073bd3-c80c-4957-9a7f-a236c1e6a57f as the min replicated index is 6. Deletion is not allowed in this container yet.
2019-10-17 18:38:12,208 [EventQueue-ContainerReportForContainerReportHandler] WARN  container.ContainerReportHandler (AbstractContainerReportHandler.java:updateContainerState(145)) - Container #1 is in OPEN state, but the datanode 0d68154c-bc1a-4b17-bcf5-90972ecdd7ac{ip: 192.168.157.251, host: pr-hdds-2318-qqrts-113280968, networkLocation: /default-rack, certSerialId: null} reports an CLOSED replica.
2019-10-17 18:38:12,436 [EventQueue-ContainerReportForContainerReportHandler] WARN  container.ContainerReportHandler (AbstractContainerReportHandler.java:updateContainerState(145)) - Container #1 is in OPEN state, but the datanode 7b069786-c4de-4177-a49c-78057d3e7b27{ip: 192.168.157.251, host: pr-hdds-2318-qqrts-113280968, networkLocation: /default-rack, certSerialId: null} reports an CLOSED replica.
2019-10-17 18:38:12,608 [EventQueue-ContainerReportForContainerReportHandler] WARN  container.ContainerReportHandler (AbstractContainerReportHandler.java:updateContainerState(145)) - Container #1 is in OPEN state, but the datanode 0d68154c-bc1a-4b17-bcf5-90972ecdd7ac{ip: 192.168.157.251, host: pr-hdds-2318-qqrts-113280968, networkLocation: /default-rack, certSerialId: null} reports an CLOSED replica.
2019-10-17 18:38:12,658 [java.util.concurrent.ThreadPoolExecutor$Worker@76cdd85c[State = -1, empty queue]] WARN  server.GrpcLogAppender (GrpcLogAppender.java:timeoutAppendRequest(209)) - 0d68154c-bc1a-4b17-bcf5-90972ecdd7ac@group-A236C1E6A57F->09ea8095-e0f7-4a15-a25f-71748f8d4e7f-GrpcLogAppender: appendEntries Timeout, request=0d68154c-bc1a-4b17-bcf5-90972ecdd7ac->09ea8095-e0f7-4a15-a25f-71748f8d4e7f#28-t9, previous=(t:9, i:12), leaderCommit=12, initializing? false, entries: <empty>
2019-10-17 18:38:12,836 [EventQueue-ContainerReportForContainerReportHandler] WARN  container.ContainerReportHandler (AbstractContainerReportHandler.java:updateContainerState(145)) - Container #1 is in OPEN state, but the datanode 7b069786-c4de-4177-a49c-78057d3e7b27{ip: 192.168.157.251, host: pr-hdds-2318-qqrts-113280968, networkLocation: /default-rack, certSerialId: null} reports an CLOSED replica.
2019-10-17 18:38:12,908 [EventQueue-ContainerReportForContainerReportHandler] WARN  container.ContainerReportHandler (AbstractContainerReportHandler.java:updateContainerState(145)) - Container #1 is in OPEN state, but the datanode 0d68154c-bc1a-4b17-bcf5-90972ecdd7ac{ip: 192.168.157.251, host: pr-hdds-2318-qqrts-113280968, networkLocation: /default-rack, certSerialId: null} reports an CLOSED replica.
2019-10-17 18:38:13,067 [BlockDeletingService#2] WARN  background.BlockDeletingService (BlockDeletingService.java:isDeletionAllowed(187)) - Close Container log Index 8 is not replicated across allthe servers in the pipeline f5073bd3-c80c-4957-9a7f-a236c1e6a57f as the min replicated index is 6. Deletion is not allowed in this container yet.
2019-10-17 18:38:13,067 [BlockDeletingService#2] WARN  background.BlockDeletingService (BlockDeletingService.java:isDeletionAllowed(187)) - Close Container log Index 8 is not replicated across allthe servers in the pipeline f5073bd3-c80c-4957-9a7f-a236c1e6a57f as the min replicated index is 6. Deletion is not allowed in this container yet.
2019-10-17 18:38:13,136 [EventQueue-ContainerReportForContainerReportHandler] WARN  container.ContainerReportHandler (AbstractContainerReportHandler.java:updateContainerState(145)) - Container #1 is in OPEN state, but the datanode 7b069786-c4de-4177-a49c-78057d3e7b27{ip: 192.168.157.251, host: pr-hdds-2318-qqrts-113280968, networkLocation: /default-rack, certSerialId: null} reports an CLOSED replica.
2019-10-17 18:38:13,208 [EventQueue-ContainerReportForContainerReportHandler] WARN  container.ContainerReportHandler (AbstractContainerReportHandler.java:updateContainerState(145)) - Container #1 is in OPEN state, but the datanode 0d68154c-bc1a-4b17-bcf5-90972ecdd7ac{ip: 192.168.157.251, host: pr-hdds-2318-qqrts-113280968, networkLocation: /default-rack, certSerialId: null} reports an CLOSED replica.
2019-10-17 18:38:13,436 [EventQueue-ContainerReportForContainerReportHandler] WARN  container.ContainerReportHandler (AbstractContainerReportHandler.java:updateContainerState(145)) - Container #1 is in OPEN state, but the datanode 7b069786-c4de-4177-a49c-78057d3e7b27{ip: 192.168.157.251, host: pr-hdds-2318-qqrts-113280968, networkLocation: /default-rack, certSerialId: null} reports an CLOSED replica.
2019-10-17 18:38:13,508 [EventQueue-ContainerReportForContainerReportHandler] WARN  container.ContainerReportHandler (AbstractContainerReportHandler.java:updateContainerState(145)) - Container #1 is in OPEN state, but the datanode 0d68154c-bc1a-4b17-bcf5-90972ecdd7ac{ip: 192.168.157.251, host: pr-hdds-2318-qqrts-113280968, networkLocation: /default-rack, certSerialId: null} reports an CLOSED replica.
2019-10-17 18:38:13,737 [EventQueue-ContainerReportForContainerReportHandler] WARN  container.ContainerReportHandler (AbstractContainerReportHandler.java:updateContainerState(145)) - Container #1 is in OPEN state, but the datanode 7b069786-c4de-4177-a49c-78057d3e7b27{ip: 192.168.157.251, host: pr-hdds-2318-qqrts-113280968, networkLocation: /default-rack, certSerialId: null} reports an CLOSED replica.
2019-10-17 18:38:13,808 [EventQueue-ContainerReportForContainerReportHandler] WARN  container.ContainerReportHandler (AbstractContainerReportHandler.java:updateContainerState(145)) - Container #1 is in OPEN state, but the datanode 0d68154c-bc1a-4b17-bcf5-90972ecdd7ac{ip: 192.168.157.251, host: pr-hdds-2318-qqrts-113280968, networkLocation: /default-rack, certSerialId: null} reports an CLOSED replica.
2019-10-17 18:38:14,037 [EventQueue-ContainerReportForContainerReportHandler] WARN  container.ContainerReportHandler (AbstractContainerReportHandler.java:updateContainerState(145)) - Container #1 is in OPEN state, but the datanode 7b069786-c4de-4177-a49c-78057d3e7b27{ip: 192.168.157.251, host: pr-hdds-2318-qqrts-113280968, networkLocation: /default-rack, certSerialId: null} reports an CLOSED replica.
2019-10-17 18:38:14,069 [BlockDeletingService#2] WARN  background.BlockDeletingService (BlockDeletingService.java:isDeletionAllowed(187)) - Close Container log Index 8 is not replicated across allthe servers in the pipeline f5073bd3-c80c-4957-9a7f-a236c1e6a57f as the min replicated index is 6. Deletion is not allowed in this container yet.
2019-10-17 18:38:14,069 [BlockDeletingService#2] WARN  background.BlockDeletingService (BlockDeletingService.java:isDeletionAllowed(187)) - Close Container log Index 8 is not replicated across allthe servers in the pipeline f5073bd3-c80c-4957-9a7f-a236c1e6a57f as the min replicated index is 6. Deletion is not allowed in this container yet.
2019-10-17 18:38:14,108 [EventQueue-ContainerReportForContainerReportHandler] WARN  container.ContainerReportHandler (AbstractContainerReportHandler.java:updateContainerState(145)) - Container #1 is in OPEN state, but the datanode 0d68154c-bc1a-4b17-bcf5-90972ecdd7ac{ip: 192.168.157.251, host: pr-hdds-2318-qqrts-113280968, networkLocation: /default-rack, certSerialId: null} reports an CLOSED replica.
2019-10-17 18:38:14,337 [EventQueue-ContainerReportForContainerReportHandler] WARN  container.ContainerReportHandler (AbstractContainerReportHandler.java:updateContainerState(145)) - Container #1 is in OPEN state, but the datanode 7b069786-c4de-4177-a49c-78057d3e7b27{ip: 192.168.157.251, host: pr-hdds-2318-qqrts-113280968, networkLocation: /default-rack, certSerialId: null} reports an CLOSED replica.
2019-10-17 18:38:14,410 [EventQueue-ContainerReportForContainerReportHandler] WARN  container.ContainerReportHandler (AbstractContainerReportHandler.java:updateContainerState(145)) - Container #1 is in OPEN state, but the datanode 0d68154c-bc1a-4b17-bcf5-90972ecdd7ac{ip: 192.168.157.251, host: pr-hdds-2318-qqrts-113280968, networkLocation: /default-rack, certSerialId: null} reports an CLOSED replica.
2019-10-17 18:38:14,637 [EventQueue-ContainerReportForContainerReportHandler] WARN  container.ContainerReportHandler (AbstractContainerReportHandler.java:updateContainerState(145)) - Container #1 is in OPEN state, but the datanode 7b069786-c4de-4177-a49c-78057d3e7b27{ip: 192.168.157.251, host: pr-hdds-2318-qqrts-113280968, networkLocation: /default-rack, certSerialId: null} reports an CLOSED replica.
2019-10-17 18:38:14,810 [EventQueue-ContainerReportForContainerReportHandler] WARN  container.ContainerReportHandler (AbstractContainerReportHandler.java:updateContainerState(145)) - Container #1 is in OPEN state, but the datanode 0d68154c-bc1a-4b17-bcf5-90972ecdd7ac{ip: 192.168.157.251, host: pr-hdds-2318-qqrts-113280968, networkLocation: /default-rack, certSerialId: null} reports an CLOSED replica.
2019-10-17 18:38:14,837 [EventQueue-ContainerReportForContainerReportHandler] WARN  container.ContainerReportHandler (AbstractContainerReportHandler.java:updateContainerState(145)) - Container #1 is in OPEN state, but the datanode 7b069786-c4de-4177-a49c-78057d3e7b27{ip: 192.168.157.251, host: pr-hdds-2318-qqrts-113280968, networkLocation: /default-rack, certSerialId: null} reports an CLOSED replica.
2019-10-17 18:38:15,071 [BlockDeletingService#2] WARN  background.BlockDeletingService (BlockDeletingService.java:isDeletionAllowed(187)) - Close Container log Index 8 is not replicated across allthe servers in the pipeline f5073bd3-c80c-4957-9a7f-a236c1e6a57f as the min replicated index is 6. Deletion is not allowed in this container yet.
2019-10-17 18:38:15,071 [BlockDeletingService#2] WARN  background.BlockDeletingService (BlockDeletingService.java:isDeletionAllowed(187)) - Close Container log Index 8 is not replicated across allthe servers in the pipeline f5073bd3-c80c-4957-9a7f-a236c1e6a57f as the min replicated index is 6. Deletion is not allowed in this container yet.
2019-10-17 18:38:15,110 [EventQueue-ContainerReportForContainerReportHandler] WARN  container.ContainerReportHandler (AbstractContainerReportHandler.java:updateContainerState(145)) - Container #1 is in OPEN state, but the datanode 0d68154c-bc1a-4b17-bcf5-90972ecdd7ac{ip: 192.168.157.251, host: pr-hdds-2318-qqrts-113280968, networkLocation: /default-rack, certSerialId: null} reports an CLOSED replica.
2019-10-17 18:38:15,159 [java.util.concurrent.ThreadPoolExecutor$Worker@76cdd85c[State = -1, empty queue]] WARN  server.GrpcLogAppender (GrpcLogAppender.java:timeoutAppendRequest(209)) - 0d68154c-bc1a-4b17-bcf5-90972ecdd7ac@group-A236C1E6A57F->09ea8095-e0f7-4a15-a25f-71748f8d4e7f-GrpcLogAppender: appendEntries Timeout, request=0d68154c-bc1a-4b17-bcf5-90972ecdd7ac->09ea8095-e0f7-4a15-a25f-71748f8d4e7f#29-t9, previous=(t:9, i:12), leaderCommit=12, initializing? false, entries: <empty>
2019-10-17 18:38:15,237 [EventQueue-ContainerReportForContainerReportHandler] WARN  container.ContainerReportHandler (AbstractContainerReportHandler.java:updateContainerState(145)) - Container #1 is in OPEN state, but the datanode 7b069786-c4de-4177-a49c-78057d3e7b27{ip: 192.168.157.251, host: pr-hdds-2318-qqrts-113280968, networkLocation: /default-rack, certSerialId: null} reports an CLOSED replica.
2019-10-17 18:38:15,310 [EventQueue-ContainerReportForContainerReportHandler] WARN  container.ContainerReportHandler (AbstractContainerReportHandler.java:updateContainerState(145)) - Container #1 is in OPEN state, but the datanode 0d68154c-bc1a-4b17-bcf5-90972ecdd7ac{ip: 192.168.157.251, host: pr-hdds-2318-qqrts-113280968, networkLocation: /default-rack, certSerialId: null} reports an CLOSED replica.
2019-10-17 18:38:15,637 [EventQueue-ContainerReportForContainerReportHandler] WARN  container.ContainerReportHandler (AbstractContainerReportHandler.java:updateContainerState(145)) - Container #1 is in OPEN state, but the datanode 7b069786-c4de-4177-a49c-78057d3e7b27{ip: 192.168.157.251, host: pr-hdds-2318-qqrts-113280968, networkLocation: /default-rack, certSerialId: null} reports an CLOSED replica.
2019-10-17 18:38:15,709 [EventQueue-ContainerReportForContainerReportHandler] WARN  container.ContainerReportHandler (AbstractContainerReportHandler.java:updateContainerState(145)) - Container #1 is in OPEN state, but the datanode 0d68154c-bc1a-4b17-bcf5-90972ecdd7ac{ip: 192.168.157.251, host: pr-hdds-2318-qqrts-113280968, networkLocation: /default-rack, certSerialId: null} reports an CLOSED replica.
2019-10-17 18:38:15,937 [EventQueue-ContainerReportForContainerReportHandler] WARN  container.ContainerReportHandler (AbstractContainerReportHandler.java:updateContainerState(145)) - Container #1 is in OPEN state, but the datanode 7b069786-c4de-4177-a49c-78057d3e7b27{ip: 192.168.157.251, host: pr-hdds-2318-qqrts-113280968, networkLocation: /default-rack, certSerialId: null} reports an CLOSED replica.
2019-10-17 18:38:16,072 [BlockDeletingService#2] WARN  background.BlockDeletingService (BlockDeletingService.java:isDeletionAllowed(187)) - Close Container log Index 8 is not replicated across allthe servers in the pipeline f5073bd3-c80c-4957-9a7f-a236c1e6a57f as the min replicated index is 6. Deletion is not allowed in this container yet.
2019-10-17 18:38:16,072 [BlockDeletingService#2] WARN  background.BlockDeletingService (BlockDeletingService.java:isDeletionAllowed(187)) - Close Container log Index 8 is not replicated across allthe servers in the pipeline f5073bd3-c80c-4957-9a7f-a236c1e6a57f as the min replicated index is 6. Deletion is not allowed in this container yet.
2019-10-17 18:38:16,110 [EventQueue-ContainerReportForContainerReportHandler] WARN  container.ContainerReportHandler (AbstractContainerReportHandler.java:updateContainerState(145)) - Container #1 is in OPEN state, but the datanode 0d68154c-bc1a-4b17-bcf5-90972ecdd7ac{ip: 192.168.157.251, host: pr-hdds-2318-qqrts-113280968, networkLocation: /default-rack, certSerialId: null} reports an CLOSED replica.
2019-10-17 18:38:16,237 [EventQueue-ContainerReportForContainerReportHandler] WARN  container.ContainerReportHandler (AbstractContainerReportHandler.java:updateContainerState(145)) - Container #1 is in OPEN state, but the datanode 7b069786-c4de-4177-a49c-78057d3e7b27{ip: 192.168.157.251, host: pr-hdds-2318-qqrts-113280968, networkLocation: /default-rack, certSerialId: null} reports an CLOSED replica.
2019-10-17 18:38:16,310 [EventQueue-ContainerReportForContainerReportHandler] WARN  container.ContainerReportHandler (AbstractContainerReportHandler.java:updateContainerState(145)) - Container #1 is in OPEN state, but the datanode 0d68154c-bc1a-4b17-bcf5-90972ecdd7ac{ip: 192.168.157.251, host: pr-hdds-2318-qqrts-113280968, networkLocation: /default-rack, certSerialId: null} reports an CLOSED replica.
2019-10-17 18:38:16,438 [EventQueue-ContainerReportForContainerReportHandler] WARN  container.ContainerReportHandler (AbstractContainerReportHandler.java:updateContainerState(145)) - Container #1 is in OPEN state, but the datanode 7b069786-c4de-4177-a49c-78057d3e7b27{ip: 192.168.157.251, host: pr-hdds-2318-qqrts-113280968, networkLocation: /default-rack, certSerialId: null} reports an CLOSED replica.
2019-10-17 18:38:16,711 [EventQueue-ContainerReportForContainerReportHandler] WARN  container.ContainerReportHandler (AbstractContainerReportHandler.java:updateContainerState(145)) - Container #1 is in OPEN state, but the datanode 0d68154c-bc1a-4b17-bcf5-90972ecdd7ac{ip: 192.168.157.251, host: pr-hdds-2318-qqrts-113280968, networkLocation: /default-rack, certSerialId: null} reports an CLOSED replica.
2019-10-17 18:38:16,739 [EventQueue-ContainerReportForContainerReportHandler] WARN  container.ContainerReportHandler (AbstractContainerReportHandler.java:updateContainerState(145)) - Container #1 is in OPEN state, but the datanode 7b069786-c4de-4177-a49c-78057d3e7b27{ip: 192.168.157.251, host: pr-hdds-2318-qqrts-113280968, networkLocation: /default-rack, certSerialId: null} reports an CLOSED replica.
2019-10-17 18:38:16,912 [EventQueue-ContainerReportForContainerReportHandler] WARN  container.ContainerReportHandler (AbstractContainerReportHandler.java:updateContainerState(145)) - Container #1 is in OPEN state, but the datanode 0d68154c-bc1a-4b17-bcf5-90972ecdd7ac{ip: 192.168.157.251, host: pr-hdds-2318-qqrts-113280968, networkLocation: /default-rack, certSerialId: null} reports an CLOSED replica.
2019-10-17 18:38:16,939 [EventQueue-ContainerReportForContainerReportHandler] WARN  container.ContainerReportHandler (AbstractContainerReportHandler.java:updateContainerState(145)) - Container #1 is in OPEN state, but the datanode 7b069786-c4de-4177-a49c-78057d3e7b27{ip: 192.168.157.251, host: pr-hdds-2318-qqrts-113280968, networkLocation: /default-rack, certSerialId: null} reports an CLOSED replica.
2019-10-17 18:38:17,073 [BlockDeletingService#2] WARN  background.BlockDeletingService (BlockDeletingService.java:isDeletionAllowed(187)) - Close Container log Index 8 is not replicated across allthe servers in the pipeline f5073bd3-c80c-4957-9a7f-a236c1e6a57f as the min replicated index is 6. Deletion is not allowed in this container yet.
2019-10-17 18:38:17,073 [BlockDeletingService#2] WARN  background.BlockDeletingService (BlockDeletingService.java:isDeletionAllowed(187)) - Close Container log Index 8 is not replicated across allthe servers in the pipeline f5073bd3-c80c-4957-9a7f-a236c1e6a57f as the min replicated index is 6. Deletion is not allowed in this container yet.
2019-10-17 18:38:17,212 [EventQueue-ContainerReportForContainerReportHandler] WARN  container.ContainerReportHandler (AbstractContainerReportHandler.java:updateContainerState(145)) - Container #1 is in OPEN state, but the datanode 0d68154c-bc1a-4b17-bcf5-90972ecdd7ac{ip: 192.168.157.251, host: pr-hdds-2318-qqrts-113280968, networkLocation: /default-rack, certSerialId: null} reports an CLOSED replica.
2019-10-17 18:38:17,241 [EventQueue-ContainerReportForContainerReportHandler] WARN  container.ContainerReportHandler (AbstractContainerReportHandler.java:updateContainerState(145)) - Container #1 is in OPEN state, but the datanode 7b069786-c4de-4177-a49c-78057d3e7b27{ip: 192.168.157.251, host: pr-hdds-2318-qqrts-113280968, networkLocation: /default-rack, certSerialId: null} reports an CLOSED replica.
2019-10-17 18:38:17,512 [EventQueue-ContainerReportForContainerReportHandler] WARN  container.ContainerReportHandler (AbstractContainerReportHandler.java:updateContainerState(145)) - Container #1 is in OPEN state, but the datanode 0d68154c-bc1a-4b17-bcf5-90972ecdd7ac{ip: 192.168.157.251, host: pr-hdds-2318-qqrts-113280968, networkLocation: /default-rack, certSerialId: null} reports an CLOSED replica.
2019-10-17 18:38:17,641 [EventQueue-ContainerReportForContainerReportHandler] WARN  container.ContainerReportHandler (AbstractContainerReportHandler.java:updateContainerState(145)) - Container #1 is in OPEN state, but the datanode 7b069786-c4de-4177-a49c-78057d3e7b27{ip: 192.168.157.251, host: pr-hdds-2318-qqrts-113280968, networkLocation: /default-rack, certSerialId: null} reports an CLOSED replica.
2019-10-17 18:38:17,659 [java.util.concurrent.ThreadPoolExecutor$Worker@76cdd85c[State = -1, empty queue]] WARN  server.GrpcLogAppender (GrpcLogAppender.java:timeoutAppendRequest(209)) - 0d68154c-bc1a-4b17-bcf5-90972ecdd7ac@group-A236C1E6A57F->09ea8095-e0f7-4a15-a25f-71748f8d4e7f-GrpcLogAppender: appendEntries Timeout, request=0d68154c-bc1a-4b17-bcf5-90972ecdd7ac->09ea8095-e0f7-4a15-a25f-71748f8d4e7f#30-t9, previous=(t:9, i:12), leaderCommit=12, initializing? false, entries: <empty>
2019-10-17 18:38:17,812 [EventQueue-ContainerReportForContainerReportHandler] WARN  container.ContainerReportHandler (AbstractContainerReportHandler.java:updateContainerState(145)) - Container #1 is in OPEN state, but the datanode 0d68154c-bc1a-4b17-bcf5-90972ecdd7ac{ip: 192.168.157.251, host: pr-hdds-2318-qqrts-113280968, networkLocation: /default-rack, certSerialId: null} reports an CLOSED replica.
2019-10-17 18:38:17,941 [EventQueue-ContainerReportForContainerReportHandler] WARN  container.ContainerReportHandler (AbstractContainerReportHandler.java:updateContainerState(145)) - Container #1 is in OPEN state, but the datanode 7b069786-c4de-4177-a49c-78057d3e7b27{ip: 192.168.157.251, host: pr-hdds-2318-qqrts-113280968, networkLocation: /default-rack, certSerialId: null} reports an CLOSED replica.
2019-10-17 18:38:18,075 [BlockDeletingService#2] WARN  background.BlockDeletingService (BlockDeletingService.java:isDeletionAllowed(187)) - Close Container log Index 8 is not replicated across allthe servers in the pipeline f5073bd3-c80c-4957-9a7f-a236c1e6a57f as the min replicated index is 6. Deletion is not allowed in this container yet.
2019-10-17 18:38:18,075 [BlockDeletingService#2] WARN  background.BlockDeletingService (BlockDeletingService.java:isDeletionAllowed(187)) - Close Container log Index 8 is not replicated across allthe servers in the pipeline f5073bd3-c80c-4957-9a7f-a236c1e6a57f as the min replicated index is 6. Deletion is not allowed in this container yet.
2019-10-17 18:38:18,213 [EventQueue-ContainerReportForContainerReportHandler] WARN  container.ContainerReportHandler (AbstractContainerReportHandler.java:updateContainerState(145)) - Container #1 is in OPEN state, but the datanode 0d68154c-bc1a-4b17-bcf5-90972ecdd7ac{ip: 192.168.157.251, host: pr-hdds-2318-qqrts-113280968, networkLocation: /default-rack, certSerialId: null} reports an CLOSED replica.
2019-10-17 18:38:18,241 [EventQueue-ContainerReportForContainerReportHandler] WARN  container.ContainerReportHandler (AbstractContainerReportHandler.java:updateContainerState(145)) - Container #1 is in OPEN state, but the datanode 7b069786-c4de-4177-a49c-78057d3e7b27{ip: 192.168.157.251, host: pr-hdds-2318-qqrts-113280968, networkLocation: /default-rack, certSerialId: null} reports an CLOSED replica.
2019-10-17 18:38:18,512 [EventQueue-ContainerReportForContainerReportHandler] WARN  container.ContainerReportHandler (AbstractContainerReportHandler.java:updateContainerState(145)) - Container #1 is in OPEN state, but the datanode 0d68154c-bc1a-4b17-bcf5-90972ecdd7ac{ip: 192.168.157.251, host: pr-hdds-2318-qqrts-113280968, networkLocation: /default-rack, certSerialId: null} reports an CLOSED replica.
2019-10-17 18:38:18,541 [EventQueue-ContainerReportForContainerReportHandler] WARN  container.ContainerReportHandler (AbstractContainerReportHandler.java:updateContainerState(145)) - Container #1 is in OPEN state, but the datanode 7b069786-c4de-4177-a49c-78057d3e7b27{ip: 192.168.157.251, host: pr-hdds-2318-qqrts-113280968, networkLocation: /default-rack, certSerialId: null} reports an CLOSED replica.
2019-10-17 18:38:18,650 [Thread-447] INFO  client.GrpcClientProtocolService (GrpcClientProtocolService.java:lambda$processClientRequest$0(278)) - Failed RaftClientRequest:client-79966ACA1C67->7b069786-c4de-4177-a49c-78057d3e7b27@group-A236C1E6A57F, cid=10, seq=0, Watch-ALL_COMMITTED(8), Message:<EMPTY>, reply=RaftClientReply:client-79966ACA1C67->7b069786-c4de-4177-a49c-78057d3e7b27@group-A236C1E6A57F, cid=10, FAILED org.apache.ratis.protocol.NotLeaderException: Server 7b069786-c4de-4177-a49c-78057d3e7b27@group-A236C1E6A57F is not the leader 0d68154c-bc1a-4b17-bcf5-90972ecdd7ac:192.168.157.251:40580, logIndex=0, commits[7b069786-c4de-4177-a49c-78057d3e7b27:c12, 0d68154c-bc1a-4b17-bcf5-90972ecdd7ac:c12, 09ea8095-e0f7-4a15-a25f-71748f8d4e7f:c6]
2019-10-17 18:38:18,712 [EventQueue-ContainerReportForContainerReportHandler] WARN  container.ContainerReportHandler (AbstractContainerReportHandler.java:updateContainerState(145)) - Container #1 is in OPEN state, but the datanode 0d68154c-bc1a-4b17-bcf5-90972ecdd7ac{ip: 192.168.157.251, host: pr-hdds-2318-qqrts-113280968, networkLocation: /default-rack, certSerialId: null} reports an CLOSED replica.
2019-10-17 18:38:18,841 [EventQueue-ContainerReportForContainerReportHandler] WARN  container.ContainerReportHandler (AbstractContainerReportHandler.java:updateContainerState(145)) - Container #1 is in OPEN state, but the datanode 7b069786-c4de-4177-a49c-78057d3e7b27{ip: 192.168.157.251, host: pr-hdds-2318-qqrts-113280968, networkLocation: /default-rack, certSerialId: null} reports an CLOSED replica.
2019-10-17 18:38:19,012 [EventQueue-ContainerReportForContainerReportHandler] WARN  container.ContainerReportHandler (AbstractContainerReportHandler.java:updateContainerState(145)) - Container #1 is in OPEN state, but the datanode 0d68154c-bc1a-4b17-bcf5-90972ecdd7ac{ip: 192.168.157.251, host: pr-hdds-2318-qqrts-113280968, networkLocation: /default-rack, certSerialId: null} reports an CLOSED replica.
2019-10-17 18:38:19,076 [BlockDeletingService#2] WARN  background.BlockDeletingService (BlockDeletingService.java:isDeletionAllowed(187)) - Close Container log Index 8 is not replicated across allthe servers in the pipeline f5073bd3-c80c-4957-9a7f-a236c1e6a57f as the min replicated index is 6. Deletion is not allowed in this container yet.
2019-10-17 18:38:19,078 [BlockDeletingService#2] WARN  background.BlockDeletingService (BlockDeletingService.java:isDeletionAllowed(187)) - Close Container log Index 8 is not replicated across allthe servers in the pipeline f5073bd3-c80c-4957-9a7f-a236c1e6a57f as the min replicated index is 6. Deletion is not allowed in this container yet.
2019-10-17 18:38:19,141 [EventQueue-ContainerReportForContainerReportHandler] WARN  container.ContainerReportHandler (AbstractContainerReportHandler.java:updateContainerState(145)) - Container #1 is in OPEN state, but the datanode 7b069786-c4de-4177-a49c-78057d3e7b27{ip: 192.168.157.251, host: pr-hdds-2318-qqrts-113280968, networkLocation: /default-rack, certSerialId: null} reports an CLOSED replica.
2019-10-17 18:38:19,414 [EventQueue-ContainerReportForContainerReportHandler] WARN  container.ContainerReportHandler (AbstractContainerReportHandler.java:updateContainerState(145)) - Container #1 is in OPEN state, but the datanode 0d68154c-bc1a-4b17-bcf5-90972ecdd7ac{ip: 192.168.157.251, host: pr-hdds-2318-qqrts-113280968, networkLocation: /default-rack, certSerialId: null} reports an CLOSED replica.
2019-10-17 18:38:19,441 [EventQueue-ContainerReportForContainerReportHandler] WARN  container.ContainerReportHandler (AbstractContainerReportHandler.java:updateContainerState(145)) - Container #1 is in OPEN state, but the datanode 7b069786-c4de-4177-a49c-78057d3e7b27{ip: 192.168.157.251, host: pr-hdds-2318-qqrts-113280968, networkLocation: /default-rack, certSerialId: null} reports an CLOSED replica.
2019-10-17 18:38:19,715 [EventQueue-ContainerReportForContainerReportHandler] WARN  container.ContainerReportHandler (AbstractContainerReportHandler.java:updateContainerState(145)) - Container #1 is in OPEN state, but the datanode 0d68154c-bc1a-4b17-bcf5-90972ecdd7ac{ip: 192.168.157.251, host: pr-hdds-2318-qqrts-113280968, networkLocation: /default-rack, certSerialId: null} reports an CLOSED replica.
2019-10-17 18:38:19,842 [EventQueue-ContainerReportForContainerReportHandler] WARN  container.ContainerReportHandler (AbstractContainerReportHandler.java:updateContainerState(145)) - Container #1 is in OPEN state, but the datanode 7b069786-c4de-4177-a49c-78057d3e7b27{ip: 192.168.157.251, host: pr-hdds-2318-qqrts-113280968, networkLocation: /default-rack, certSerialId: null} reports an CLOSED replica.
2019-10-17 18:38:19,915 [EventQueue-ContainerReportForContainerReportHandler] WARN  container.ContainerReportHandler (AbstractContainerReportHandler.java:updateContainerState(145)) - Container #1 is in OPEN state, but the datanode 0d68154c-bc1a-4b17-bcf5-90972ecdd7ac{ip: 192.168.157.251, host: pr-hdds-2318-qqrts-113280968, networkLocation: /default-rack, certSerialId: null} reports an CLOSED replica.
2019-10-17 18:38:20,080 [BlockDeletingService#2] WARN  background.BlockDeletingService (BlockDeletingService.java:isDeletionAllowed(187)) - Close Container log Index 8 is not replicated across allthe servers in the pipeline f5073bd3-c80c-4957-9a7f-a236c1e6a57f as the min replicated index is 6. Deletion is not allowed in this container yet.
2019-10-17 18:38:20,080 [BlockDeletingService#2] WARN  background.BlockDeletingService (BlockDeletingService.java:isDeletionAllowed(187)) - Close Container log Index 8 is not replicated across allthe servers in the pipeline f5073bd3-c80c-4957-9a7f-a236c1e6a57f as the min replicated index is 6. Deletion is not allowed in this container yet.
2019-10-17 18:38:20,142 [EventQueue-ContainerReportForContainerReportHandler] WARN  container.ContainerReportHandler (AbstractContainerReportHandler.java:updateContainerState(145)) - Container #1 is in OPEN state, but the datanode 7b069786-c4de-4177-a49c-78057d3e7b27{ip: 192.168.157.251, host: pr-hdds-2318-qqrts-113280968, networkLocation: /default-rack, certSerialId: null} reports an CLOSED replica.
2019-10-17 18:38:20,160 [java.util.concurrent.ThreadPoolExecutor$Worker@76cdd85c[State = -1, empty queue]] WARN  server.GrpcLogAppender (GrpcLogAppender.java:timeoutAppendRequest(209)) - 0d68154c-bc1a-4b17-bcf5-90972ecdd7ac@group-A236C1E6A57F->09ea8095-e0f7-4a15-a25f-71748f8d4e7f-GrpcLogAppender: appendEntries Timeout, request=0d68154c-bc1a-4b17-bcf5-90972ecdd7ac->09ea8095-e0f7-4a15-a25f-71748f8d4e7f#31-t9, previous=(t:9, i:12), leaderCommit=12, initializing? false, entries: <empty>
2019-10-17 18:38:20,315 [EventQueue-ContainerReportForContainerReportHandler] WARN  container.ContainerReportHandler (AbstractContainerReportHandler.java:updateContainerState(145)) - Container #1 is in OPEN state, but the datanode 0d68154c-bc1a-4b17-bcf5-90972ecdd7ac{ip: 192.168.157.251, host: pr-hdds-2318-qqrts-113280968, networkLocation: /default-rack, certSerialId: null} reports an CLOSED replica.
2019-10-17 18:38:20,543 [EventQueue-ContainerReportForContainerReportHandler] WARN  container.ContainerReportHandler (AbstractContainerReportHandler.java:updateContainerState(145)) - Container #1 is in OPEN state, but the datanode 7b069786-c4de-4177-a49c-78057d3e7b27{ip: 192.168.157.251, host: pr-hdds-2318-qqrts-113280968, networkLocation: /default-rack, certSerialId: null} reports an CLOSED replica.
2019-10-17 18:38:20,584 [Thread-455] INFO  client.GrpcClientProtocolService (GrpcClientProtocolService.java:lambda$processClientRequest$0(278)) - Failed RaftClientRequest:client-79966ACA1C67->0d68154c-bc1a-4b17-bcf5-90972ecdd7ac@group-A236C1E6A57F, cid=10, seq=0, Watch-ALL_COMMITTED(8), Message:<EMPTY>, reply=RaftClientReply:client-79966ACA1C67->0d68154c-bc1a-4b17-bcf5-90972ecdd7ac@group-A236C1E6A57F, cid=10, FAILED org.apache.ratis.protocol.NotReplicatedException: Request with call Id 10 and log index 8 is not yet replicated to ALL_COMMITTED, logIndex=8, commits[0d68154c-bc1a-4b17-bcf5-90972ecdd7ac:c12, 7b069786-c4de-4177-a49c-78057d3e7b27:c12, 09ea8095-e0f7-4a15-a25f-71748f8d4e7f:c6]
2019-10-17 18:38:20,715 [EventQueue-ContainerReportForContainerReportHandler] WARN  container.ContainerReportHandler (AbstractContainerReportHandler.java:updateContainerState(145)) - Container #1 is in OPEN state, but the datanode 0d68154c-bc1a-4b17-bcf5-90972ecdd7ac{ip: 192.168.157.251, host: pr-hdds-2318-qqrts-113280968, networkLocation: /default-rack, certSerialId: null} reports an CLOSED replica.
2019-10-17 18:38:20,743 [EventQueue-ContainerReportForContainerReportHandler] WARN  container.ContainerReportHandler (AbstractContainerReportHandler.java:updateContainerState(145)) - Container #1 is in OPEN state, but the datanode 7b069786-c4de-4177-a49c-78057d3e7b27{ip: 192.168.157.251, host: pr-hdds-2318-qqrts-113280968, networkLocation: /default-rack, certSerialId: null} reports an CLOSED replica.
2019-10-17 18:38:20,915 [EventQueue-ContainerReportForContainerReportHandler] WARN  container.ContainerReportHandler (AbstractContainerReportHandler.java:updateContainerState(145)) - Container #1 is in OPEN state, but the datanode 0d68154c-bc1a-4b17-bcf5-90972ecdd7ac{ip: 192.168.157.251, host: pr-hdds-2318-qqrts-113280968, networkLocation: /default-rack, certSerialId: null} reports an CLOSED replica.
2019-10-17 18:38:21,081 [BlockDeletingService#2] WARN  background.BlockDeletingService (BlockDeletingService.java:isDeletionAllowed(187)) - Close Container log Index 8 is not replicated across allthe servers in the pipeline f5073bd3-c80c-4957-9a7f-a236c1e6a57f as the min replicated index is 6. Deletion is not allowed in this container yet.
2019-10-17 18:38:21,083 [BlockDeletingService#2] WARN  background.BlockDeletingService (BlockDeletingService.java:isDeletionAllowed(187)) - Close Container log Index 8 is not replicated across allthe servers in the pipeline f5073bd3-c80c-4957-9a7f-a236c1e6a57f as the min replicated index is 6. Deletion is not allowed in this container yet.
2019-10-17 18:38:21,144 [EventQueue-ContainerReportForContainerReportHandler] WARN  container.ContainerReportHandler (AbstractContainerReportHandler.java:updateContainerState(145)) - Container #1 is in OPEN state, but the datanode 7b069786-c4de-4177-a49c-78057d3e7b27{ip: 192.168.157.251, host: pr-hdds-2318-qqrts-113280968, networkLocation: /default-rack, certSerialId: null} reports an CLOSED replica.
2019-10-17 18:38:21,215 [EventQueue-ContainerReportForContainerReportHandler] WARN  container.ContainerReportHandler (AbstractContainerReportHandler.java:updateContainerState(145)) - Container #1 is in OPEN state, but the datanode 0d68154c-bc1a-4b17-bcf5-90972ecdd7ac{ip: 192.168.157.251, host: pr-hdds-2318-qqrts-113280968, networkLocation: /default-rack, certSerialId: null} reports an CLOSED replica.
2019-10-17 18:38:21,444 [EventQueue-ContainerReportForContainerReportHandler] WARN  container.ContainerReportHandler (AbstractContainerReportHandler.java:updateContainerState(145)) - Container #1 is in OPEN state, but the datanode 7b069786-c4de-4177-a49c-78057d3e7b27{ip: 192.168.157.251, host: pr-hdds-2318-qqrts-113280968, networkLocation: /default-rack, certSerialId: null} reports an CLOSED replica.
2019-10-17 18:38:21,515 [EventQueue-ContainerReportForContainerReportHandler] WARN  container.ContainerReportHandler (AbstractContainerReportHandler.java:updateContainerState(145)) - Container #1 is in OPEN state, but the datanode 0d68154c-bc1a-4b17-bcf5-90972ecdd7ac{ip: 192.168.157.251, host: pr-hdds-2318-qqrts-113280968, networkLocation: /default-rack, certSerialId: null} reports an CLOSED replica.
2019-10-17 18:38:21,644 [EventQueue-ContainerReportForContainerReportHandler] WARN  container.ContainerReportHandler (AbstractContainerReportHandler.java:updateContainerState(145)) - Container #1 is in OPEN state, but the datanode 7b069786-c4de-4177-a49c-78057d3e7b27{ip: 192.168.157.251, host: pr-hdds-2318-qqrts-113280968, networkLocation: /default-rack, certSerialId: null} reports an CLOSED replica.
2019-10-17 18:38:21,915 [EventQueue-ContainerReportForContainerReportHandler] WARN  container.ContainerReportHandler (AbstractContainerReportHandler.java:updateContainerState(145)) - Container #1 is in OPEN state, but the datanode 0d68154c-bc1a-4b17-bcf5-90972ecdd7ac{ip: 192.168.157.251, host: pr-hdds-2318-qqrts-113280968, networkLocation: /default-rack, certSerialId: null} reports an CLOSED replica.
2019-10-17 18:38:21,944 [EventQueue-ContainerReportForContainerReportHandler] WARN  container.ContainerReportHandler (AbstractContainerReportHandler.java:updateContainerState(145)) - Container #1 is in OPEN state, but the datanode 7b069786-c4de-4177-a49c-78057d3e7b27{ip: 192.168.157.251, host: pr-hdds-2318-qqrts-113280968, networkLocation: /default-rack, certSerialId: null} reports an CLOSED replica.
2019-10-17 18:38:22,085 [BlockDeletingService#2] WARN  background.BlockDeletingService (BlockDeletingService.java:isDeletionAllowed(187)) - Close Container log Index 8 is not replicated across allthe servers in the pipeline f5073bd3-c80c-4957-9a7f-a236c1e6a57f as the min replicated index is 6. Deletion is not allowed in this container yet.
2019-10-17 18:38:22,085 [BlockDeletingService#2] WARN  background.BlockDeletingService (BlockDeletingService.java:isDeletionAllowed(187)) - Close Container log Index 8 is not replicated across allthe servers in the pipeline f5073bd3-c80c-4957-9a7f-a236c1e6a57f as the min replicated index is 6. Deletion is not allowed in this container yet.
2019-10-17 18:38:22,215 [EventQueue-ContainerReportForContainerReportHandler] WARN  container.ContainerReportHandler (AbstractContainerReportHandler.java:updateContainerState(145)) - Container #1 is in OPEN state, but the datanode 0d68154c-bc1a-4b17-bcf5-90972ecdd7ac{ip: 192.168.157.251, host: pr-hdds-2318-qqrts-113280968, networkLocation: /default-rack, certSerialId: null} reports an CLOSED replica.
2019-10-17 18:38:22,244 [EventQueue-ContainerReportForContainerReportHandler] WARN  container.ContainerReportHandler (AbstractContainerReportHandler.java:updateContainerState(145)) - Container #1 is in OPEN state, but the datanode 7b069786-c4de-4177-a49c-78057d3e7b27{ip: 192.168.157.251, host: pr-hdds-2318-qqrts-113280968, networkLocation: /default-rack, certSerialId: null} reports an CLOSED replica.
2019-10-17 18:38:22,546 [EventQueue-ContainerReportForContainerReportHandler] WARN  container.ContainerReportHandler (AbstractContainerReportHandler.java:updateContainerState(145)) - Container #1 is in OPEN state, but the datanode 7b069786-c4de-4177-a49c-78057d3e7b27{ip: 192.168.157.251, host: pr-hdds-2318-qqrts-113280968, networkLocation: /default-rack, certSerialId: null} reports an CLOSED replica.
2019-10-17 18:38:22,615 [EventQueue-ContainerReportForContainerReportHandler] WARN  container.ContainerReportHandler (AbstractContainerReportHandler.java:updateContainerState(145)) - Container #1 is in OPEN state, but the datanode 0d68154c-bc1a-4b17-bcf5-90972ecdd7ac{ip: 192.168.157.251, host: pr-hdds-2318-qqrts-113280968, networkLocation: /default-rack, certSerialId: null} reports an CLOSED replica.
2019-10-17 18:38:22,661 [java.util.concurrent.ThreadPoolExecutor$Worker@76cdd85c[State = -1, empty queue]] WARN  server.GrpcLogAppender (GrpcLogAppender.java:timeoutAppendRequest(209)) - 0d68154c-bc1a-4b17-bcf5-90972ecdd7ac@group-A236C1E6A57F->09ea8095-e0f7-4a15-a25f-71748f8d4e7f-GrpcLogAppender: appendEntries Timeout, request=0d68154c-bc1a-4b17-bcf5-90972ecdd7ac->09ea8095-e0f7-4a15-a25f-71748f8d4e7f#32-t9, previous=(t:9, i:12), leaderCommit=12, initializing? false, entries: <empty>
2019-10-17 18:38:22,745 [EventQueue-ContainerReportForContainerReportHandler] WARN  container.ContainerReportHandler (AbstractContainerReportHandler.java:updateContainerState(145)) - Container #1 is in OPEN state, but the datanode 7b069786-c4de-4177-a49c-78057d3e7b27{ip: 192.168.157.251, host: pr-hdds-2318-qqrts-113280968, networkLocation: /default-rack, certSerialId: null} reports an CLOSED replica.
2019-10-17 18:38:22,915 [EventQueue-ContainerReportForContainerReportHandler] WARN  container.ContainerReportHandler (AbstractContainerReportHandler.java:updateContainerState(145)) - Container #1 is in OPEN state, but the datanode 0d68154c-bc1a-4b17-bcf5-90972ecdd7ac{ip: 192.168.157.251, host: pr-hdds-2318-qqrts-113280968, networkLocation: /default-rack, certSerialId: null} reports an CLOSED replica.
2019-10-17 18:38:22,945 [EventQueue-ContainerReportForContainerReportHandler] WARN  container.ContainerReportHandler (AbstractContainerReportHandler.java:updateContainerState(145)) - Container #1 is in OPEN state, but the datanode 7b069786-c4de-4177-a49c-78057d3e7b27{ip: 192.168.157.251, host: pr-hdds-2318-qqrts-113280968, networkLocation: /default-rack, certSerialId: null} reports an CLOSED replica.
2019-10-17 18:38:23,087 [BlockDeletingService#2] WARN  background.BlockDeletingService (BlockDeletingService.java:isDeletionAllowed(187)) - Close Container log Index 8 is not replicated across allthe servers in the pipeline f5073bd3-c80c-4957-9a7f-a236c1e6a57f as the min replicated index is 6. Deletion is not allowed in this container yet.
2019-10-17 18:38:23,087 [BlockDeletingService#2] WARN  background.BlockDeletingService (BlockDeletingService.java:isDeletionAllowed(187)) - Close Container log Index 8 is not replicated across allthe servers in the pipeline f5073bd3-c80c-4957-9a7f-a236c1e6a57f as the min replicated index is 6. Deletion is not allowed in this container yet.
2019-10-17 18:38:23,115 [EventQueue-ContainerReportForContainerReportHandler] WARN  container.ContainerReportHandler (AbstractContainerReportHandler.java:updateContainerState(145)) - Container #1 is in OPEN state, but the datanode 0d68154c-bc1a-4b17-bcf5-90972ecdd7ac{ip: 192.168.157.251, host: pr-hdds-2318-qqrts-113280968, networkLocation: /default-rack, certSerialId: null} reports an CLOSED replica.
2019-10-17 18:38:23,315 [EventQueue-ContainerReportForContainerReportHandler] WARN  container.ContainerReportHandler (AbstractContainerReportHandler.java:updateContainerState(145)) - Container #1 is in OPEN state, but the datanode 0d68154c-bc1a-4b17-bcf5-90972ecdd7ac{ip: 192.168.157.251, host: pr-hdds-2318-qqrts-113280968, networkLocation: /default-rack, certSerialId: null} reports an CLOSED replica.
2019-10-17 18:38:23,345 [EventQueue-ContainerReportForContainerReportHandler] WARN  container.ContainerReportHandler (AbstractContainerReportHandler.java:updateContainerState(145)) - Container #1 is in OPEN state, but the datanode 7b069786-c4de-4177-a49c-78057d3e7b27{ip: 192.168.157.251, host: pr-hdds-2318-qqrts-113280968, networkLocation: /default-rack, certSerialId: null} reports an CLOSED replica.
2019-10-17 18:38:23,545 [EventQueue-ContainerReportForContainerReportHandler] WARN  container.ContainerReportHandler (AbstractContainerReportHandler.java:updateContainerState(145)) - Container #1 is in OPEN state, but the datanode 7b069786-c4de-4177-a49c-78057d3e7b27{ip: 192.168.157.251, host: pr-hdds-2318-qqrts-113280968, networkLocation: /default-rack, certSerialId: null} reports an CLOSED replica.
2019-10-17 18:38:23,715 [EventQueue-ContainerReportForContainerReportHandler] WARN  container.ContainerReportHandler (AbstractContainerReportHandler.java:updateContainerState(145)) - Container #1 is in OPEN state, but the datanode 0d68154c-bc1a-4b17-bcf5-90972ecdd7ac{ip: 192.168.157.251, host: pr-hdds-2318-qqrts-113280968, networkLocation: /default-rack, certSerialId: null} reports an CLOSED replica.
2019-10-17 18:38:23,845 [EventQueue-ContainerReportForContainerReportHandler] WARN  container.ContainerReportHandler (AbstractContainerReportHandler.java:updateContainerState(145)) - Container #1 is in OPEN state, but the datanode 7b069786-c4de-4177-a49c-78057d3e7b27{ip: 192.168.157.251, host: pr-hdds-2318-qqrts-113280968, networkLocation: /default-rack, certSerialId: null} reports an CLOSED replica.
2019-10-17 18:38:24,016 [EventQueue-ContainerReportForContainerReportHandler] WARN  container.ContainerReportHandler (AbstractContainerReportHandler.java:updateContainerState(145)) - Container #1 is in OPEN state, but the datanode 0d68154c-bc1a-4b17-bcf5-90972ecdd7ac{ip: 192.168.157.251, host: pr-hdds-2318-qqrts-113280968, networkLocation: /default-rack, certSerialId: null} reports an CLOSED replica.
2019-10-17 18:38:24,089 [BlockDeletingService#2] WARN  background.BlockDeletingService (BlockDeletingService.java:isDeletionAllowed(187)) - Close Container log Index 8 is not replicated across allthe servers in the pipeline f5073bd3-c80c-4957-9a7f-a236c1e6a57f as the min replicated index is 6. Deletion is not allowed in this container yet.
2019-10-17 18:38:24,089 [BlockDeletingService#2] WARN  background.BlockDeletingService (BlockDeletingService.java:isDeletionAllowed(187)) - Close Container log Index 8 is not replicated across allthe servers in the pipeline f5073bd3-c80c-4957-9a7f-a236c1e6a57f as the min replicated index is 6. Deletion is not allowed in this container yet.
2019-10-17 18:38:24,146 [EventQueue-ContainerReportForContainerReportHandler] WARN  container.ContainerReportHandler (AbstractContainerReportHandler.java:updateContainerState(145)) - Container #1 is in OPEN state, but the datanode 7b069786-c4de-4177-a49c-78057d3e7b27{ip: 192.168.157.251, host: pr-hdds-2318-qqrts-113280968, networkLocation: /default-rack, certSerialId: null} reports an CLOSED replica.
2019-10-17 18:38:24,216 [EventQueue-ContainerReportForContainerReportHandler] WARN  container.ContainerReportHandler (AbstractContainerReportHandler.java:updateContainerState(145)) - Container #1 is in OPEN state, but the datanode 0d68154c-bc1a-4b17-bcf5-90972ecdd7ac{ip: 192.168.157.251, host: pr-hdds-2318-qqrts-113280968, networkLocation: /default-rack, certSerialId: null} reports an CLOSED replica.
2019-10-17 18:38:24,446 [EventQueue-ContainerReportForContainerReportHandler] WARN  container.ContainerReportHandler (AbstractContainerReportHandler.java:updateContainerState(145)) - Container #1 is in OPEN state, but the datanode 7b069786-c4de-4177-a49c-78057d3e7b27{ip: 192.168.157.251, host: pr-hdds-2318-qqrts-113280968, networkLocation: /default-rack, certSerialId: null} reports an CLOSED replica.
2019-10-17 18:38:24,617 [EventQueue-ContainerReportForContainerReportHandler] WARN  container.ContainerReportHandler (AbstractContainerReportHandler.java:updateContainerState(145)) - Container #1 is in OPEN state, but the datanode 0d68154c-bc1a-4b17-bcf5-90972ecdd7ac{ip: 192.168.157.251, host: pr-hdds-2318-qqrts-113280968, networkLocation: /default-rack, certSerialId: null} reports an CLOSED replica.
2019-10-17 18:38:24,847 [EventQueue-ContainerReportForContainerReportHandler] WARN  container.ContainerReportHandler (AbstractContainerReportHandler.java:updateContainerState(145)) - Container #1 is in OPEN state, but the datanode 7b069786-c4de-4177-a49c-78057d3e7b27{ip: 192.168.157.251, host: pr-hdds-2318-qqrts-113280968, networkLocation: /default-rack, certSerialId: null} reports an CLOSED replica.
2019-10-17 18:38:24,918 [EventQueue-ContainerReportForContainerReportHandler] WARN  container.ContainerReportHandler (AbstractContainerReportHandler.java:updateContainerState(145)) - Container #1 is in OPEN state, but the datanode 0d68154c-bc1a-4b17-bcf5-90972ecdd7ac{ip: 192.168.157.251, host: pr-hdds-2318-qqrts-113280968, networkLocation: /default-rack, certSerialId: null} reports an CLOSED replica.
2019-10-17 18:38:25,051 [EventQueue-ContainerReportForContainerReportHandler] WARN  container.ContainerReportHandler (AbstractContainerReportHandler.java:updateContainerState(145)) - Container #1 is in OPEN state, but the datanode 7b069786-c4de-4177-a49c-78057d3e7b27{ip: 192.168.157.251, host: pr-hdds-2318-qqrts-113280968, networkLocation: /default-rack, certSerialId: null} reports an CLOSED replica.
2019-10-17 18:38:25,091 [BlockDeletingService#2] WARN  background.BlockDeletingService (BlockDeletingService.java:isDeletionAllowed(187)) - Close Container log Index 8 is not replicated across allthe servers in the pipeline f5073bd3-c80c-4957-9a7f-a236c1e6a57f as the min replicated index is 6. Deletion is not allowed in this container yet.
2019-10-17 18:38:25,091 [BlockDeletingService#2] WARN  background.BlockDeletingService (BlockDeletingService.java:isDeletionAllowed(187)) - Close Container log Index 8 is not replicated across allthe servers in the pipeline f5073bd3-c80c-4957-9a7f-a236c1e6a57f as the min replicated index is 6. Deletion is not allowed in this container yet.
2019-10-17 18:38:25,120 [EventQueue-ContainerReportForContainerReportHandler] WARN  container.ContainerReportHandler (AbstractContainerReportHandler.java:updateContainerState(145)) - Container #1 is in OPEN state, but the datanode 0d68154c-bc1a-4b17-bcf5-90972ecdd7ac{ip: 192.168.157.251, host: pr-hdds-2318-qqrts-113280968, networkLocation: /default-rack, certSerialId: null} reports an CLOSED replica.
2019-10-17 18:38:25,162 [java.util.concurrent.ThreadPoolExecutor$Worker@76cdd85c[State = -1, empty queue]] WARN  server.GrpcLogAppender (GrpcLogAppender.java:timeoutAppendRequest(209)) - 0d68154c-bc1a-4b17-bcf5-90972ecdd7ac@group-A236C1E6A57F->09ea8095-e0f7-4a15-a25f-71748f8d4e7f-GrpcLogAppender: appendEntries Timeout, request=0d68154c-bc1a-4b17-bcf5-90972ecdd7ac->09ea8095-e0f7-4a15-a25f-71748f8d4e7f#33-t9, previous=(t:9, i:12), leaderCommit=12, initializing? false, entries: <empty>
2019-10-17 18:38:25,421 [EventQueue-ContainerReportForContainerReportHandler] WARN  container.ContainerReportHandler (AbstractContainerReportHandler.java:updateContainerState(145)) - Container #1 is in OPEN state, but the datanode 0d68154c-bc1a-4b17-bcf5-90972ecdd7ac{ip: 192.168.157.251, host: pr-hdds-2318-qqrts-113280968, networkLocation: /default-rack, certSerialId: null} reports an CLOSED replica.
2019-10-17 18:38:25,448 [EventQueue-ContainerReportForContainerReportHandler] WARN  container.ContainerReportHandler (AbstractContainerReportHandler.java:updateContainerState(145)) - Container #1 is in OPEN state, but the datanode 7b069786-c4de-4177-a49c-78057d3e7b27{ip: 192.168.157.251, host: pr-hdds-2318-qqrts-113280968, networkLocation: /default-rack, certSerialId: null} reports an CLOSED replica.
2019-10-17 18:38:25,648 [EventQueue-ContainerReportForContainerReportHandler] WARN  container.ContainerReportHandler (AbstractContainerReportHandler.java:updateContainerState(145)) - Container #1 is in OPEN state, but the datanode 7b069786-c4de-4177-a49c-78057d3e7b27{ip: 192.168.157.251, host: pr-hdds-2318-qqrts-113280968, networkLocation: /default-rack, certSerialId: null} reports an CLOSED replica.
2019-10-17 18:38:25,721 [EventQueue-ContainerReportForContainerReportHandler] WARN  container.ContainerReportHandler (AbstractContainerReportHandler.java:updateContainerState(145)) - Container #1 is in OPEN state, but the datanode 0d68154c-bc1a-4b17-bcf5-90972ecdd7ac{ip: 192.168.157.251, host: pr-hdds-2318-qqrts-113280968, networkLocation: /default-rack, certSerialId: null} reports an CLOSED replica.
2019-10-17 18:38:25,948 [EventQueue-ContainerReportForContainerReportHandler] WARN  container.ContainerReportHandler (AbstractContainerReportHandler.java:updateContainerState(145)) - Container #1 is in OPEN state, but the datanode 7b069786-c4de-4177-a49c-78057d3e7b27{ip: 192.168.157.251, host: pr-hdds-2318-qqrts-113280968, networkLocation: /default-rack, certSerialId: null} reports an CLOSED replica.
2019-10-17 18:38:26,021 [EventQueue-ContainerReportForContainerReportHandler] WARN  container.ContainerReportHandler (AbstractContainerReportHandler.java:updateContainerState(145)) - Container #1 is in OPEN state, but the datanode 0d68154c-bc1a-4b17-bcf5-90972ecdd7ac{ip: 192.168.157.251, host: pr-hdds-2318-qqrts-113280968, networkLocation: /default-rack, certSerialId: null} reports an CLOSED replica.
2019-10-17 18:38:26,093 [BlockDeletingService#2] WARN  background.BlockDeletingService (BlockDeletingService.java:isDeletionAllowed(187)) - Close Container log Index 8 is not replicated across allthe servers in the pipeline f5073bd3-c80c-4957-9a7f-a236c1e6a57f as the min replicated index is 6. Deletion is not allowed in this container yet.
2019-10-17 18:38:26,093 [BlockDeletingService#2] WARN  background.BlockDeletingService (BlockDeletingService.java:isDeletionAllowed(187)) - Close Container log Index 8 is not replicated across allthe servers in the pipeline f5073bd3-c80c-4957-9a7f-a236c1e6a57f as the min replicated index is 6. Deletion is not allowed in this container yet.
2019-10-17 18:38:26,148 [EventQueue-ContainerReportForContainerReportHandler] WARN  container.ContainerReportHandler (AbstractContainerReportHandler.java:updateContainerState(145)) - Container #1 is in OPEN state, but the datanode 7b069786-c4de-4177-a49c-78057d3e7b27{ip: 192.168.157.251, host: pr-hdds-2318-qqrts-113280968, networkLocation: /default-rack, certSerialId: null} reports an CLOSED replica.
2019-10-17 18:38:26,423 [EventQueue-ContainerReportForContainerReportHandler] WARN  container.ContainerReportHandler (AbstractContainerReportHandler.java:updateContainerState(145)) - Container #1 is in OPEN state, but the datanode 0d68154c-bc1a-4b17-bcf5-90972ecdd7ac{ip: 192.168.157.251, host: pr-hdds-2318-qqrts-113280968, networkLocation: /default-rack, certSerialId: null} reports an CLOSED replica.
2019-10-17 18:38:26,449 [EventQueue-ContainerReportForContainerReportHandler] WARN  container.ContainerReportHandler (AbstractContainerReportHandler.java:updateContainerState(145)) - Container #1 is in OPEN state, but the datanode 7b069786-c4de-4177-a49c-78057d3e7b27{ip: 192.168.157.251, host: pr-hdds-2318-qqrts-113280968, networkLocation: /default-rack, certSerialId: null} reports an CLOSED replica.
2019-10-17 18:38:26,725 [EventQueue-ContainerReportForContainerReportHandler] WARN  container.ContainerReportHandler (AbstractContainerReportHandler.java:updateContainerState(145)) - Container #1 is in OPEN state, but the datanode 0d68154c-bc1a-4b17-bcf5-90972ecdd7ac{ip: 192.168.157.251, host: pr-hdds-2318-qqrts-113280968, networkLocation: /default-rack, certSerialId: null} reports an CLOSED replica.
2019-10-17 18:38:26,749 [EventQueue-ContainerReportForContainerReportHandler] WARN  container.ContainerReportHandler (AbstractContainerReportHandler.java:updateContainerState(145)) - Container #1 is in OPEN state, but the datanode 7b069786-c4de-4177-a49c-78057d3e7b27{ip: 192.168.157.251, host: pr-hdds-2318-qqrts-113280968, networkLocation: /default-rack, certSerialId: null} reports an CLOSED replica.
2019-10-17 18:38:27,097 [BlockDeletingService#2] WARN  background.BlockDeletingService (BlockDeletingService.java:isDeletionAllowed(187)) - Close Container log Index 8 is not replicated across allthe servers in the pipeline f5073bd3-c80c-4957-9a7f-a236c1e6a57f as the min replicated index is 6. Deletion is not allowed in this container yet.
2019-10-17 18:38:27,097 [BlockDeletingService#2] WARN  background.BlockDeletingService (BlockDeletingService.java:isDeletionAllowed(187)) - Close Container log Index 8 is not replicated across allthe servers in the pipeline f5073bd3-c80c-4957-9a7f-a236c1e6a57f as the min replicated index is 6. Deletion is not allowed in this container yet.
2019-10-17 18:38:27,123 [EventQueue-ContainerReportForContainerReportHandler] WARN  container.ContainerReportHandler (AbstractContainerReportHandler.java:updateContainerState(145)) - Container #1 is in OPEN state, but the datanode 0d68154c-bc1a-4b17-bcf5-90972ecdd7ac{ip: 192.168.157.251, host: pr-hdds-2318-qqrts-113280968, networkLocation: /default-rack, certSerialId: null} reports an CLOSED replica.
2019-10-17 18:38:27,149 [EventQueue-ContainerReportForContainerReportHandler] WARN  container.ContainerReportHandler (AbstractContainerReportHandler.java:updateContainerState(145)) - Container #1 is in OPEN state, but the datanode 7b069786-c4de-4177-a49c-78057d3e7b27{ip: 192.168.157.251, host: pr-hdds-2318-qqrts-113280968, networkLocation: /default-rack, certSerialId: null} reports an CLOSED replica.
2019-10-17 18:38:27,423 [EventQueue-ContainerReportForContainerReportHandler] WARN  container.ContainerReportHandler (AbstractContainerReportHandler.java:updateContainerState(145)) - Container #1 is in OPEN state, but the datanode 0d68154c-bc1a-4b17-bcf5-90972ecdd7ac{ip: 192.168.157.251, host: pr-hdds-2318-qqrts-113280968, networkLocation: /default-rack, certSerialId: null} reports an CLOSED replica.
2019-10-17 18:38:27,549 [EventQueue-ContainerReportForContainerReportHandler] WARN  container.ContainerReportHandler (AbstractContainerReportHandler.java:updateContainerState(145)) - Container #1 is in OPEN state, but the datanode 7b069786-c4de-4177-a49c-78057d3e7b27{ip: 192.168.157.251, host: pr-hdds-2318-qqrts-113280968, networkLocation: /default-rack, certSerialId: null} reports an CLOSED replica.
2019-10-17 18:38:27,663 [java.util.concurrent.ThreadPoolExecutor$Worker@76cdd85c[State = -1, empty queue]] WARN  server.GrpcLogAppender (GrpcLogAppender.java:timeoutAppendRequest(209)) - 0d68154c-bc1a-4b17-bcf5-90972ecdd7ac@group-A236C1E6A57F->09ea8095-e0f7-4a15-a25f-71748f8d4e7f-GrpcLogAppender: appendEntries Timeout, request=0d68154c-bc1a-4b17-bcf5-90972ecdd7ac->09ea8095-e0f7-4a15-a25f-71748f8d4e7f#34-t9, previous=(t:9, i:12), leaderCommit=12, initializing? false, entries: <empty>
2019-10-17 18:38:27,677 [Thread-475] INFO  client.GrpcClientProtocolService (GrpcClientProtocolService.java:lambda$processClientRequest$0(278)) - Failed RaftClientRequest:client-79966ACA1C67->7b069786-c4de-4177-a49c-78057d3e7b27@group-A236C1E6A57F, cid=10, seq=0, Watch-ALL_COMMITTED(8), Message:<EMPTY>, reply=RaftClientReply:client-79966ACA1C67->7b069786-c4de-4177-a49c-78057d3e7b27@group-A236C1E6A57F, cid=10, FAILED org.apache.ratis.protocol.NotLeaderException: Server 7b069786-c4de-4177-a49c-78057d3e7b27@group-A236C1E6A57F is not the leader 0d68154c-bc1a-4b17-bcf5-90972ecdd7ac:192.168.157.251:40580, logIndex=0, commits[7b069786-c4de-4177-a49c-78057d3e7b27:c12, 0d68154c-bc1a-4b17-bcf5-90972ecdd7ac:c12, 09ea8095-e0f7-4a15-a25f-71748f8d4e7f:c6]
2019-10-17 18:38:27,723 [EventQueue-ContainerReportForContainerReportHandler] WARN  container.ContainerReportHandler (AbstractContainerReportHandler.java:updateContainerState(145)) - Container #1 is in OPEN state, but the datanode 0d68154c-bc1a-4b17-bcf5-90972ecdd7ac{ip: 192.168.157.251, host: pr-hdds-2318-qqrts-113280968, networkLocation: /default-rack, certSerialId: null} reports an CLOSED replica.
2019-10-17 18:38:27,949 [EventQueue-ContainerReportForContainerReportHandler] WARN  container.ContainerReportHandler (AbstractContainerReportHandler.java:updateContainerState(145)) - Container #1 is in OPEN state, but the datanode 7b069786-c4de-4177-a49c-78057d3e7b27{ip: 192.168.157.251, host: pr-hdds-2318-qqrts-113280968, networkLocation: /default-rack, certSerialId: null} reports an CLOSED replica.
2019-10-17 18:38:28,098 [BlockDeletingService#2] WARN  background.BlockDeletingService (BlockDeletingService.java:isDeletionAllowed(187)) - Close Container log Index 8 is not replicated across allthe servers in the pipeline f5073bd3-c80c-4957-9a7f-a236c1e6a57f as the min replicated index is 6. Deletion is not allowed in this container yet.
2019-10-17 18:38:28,098 [BlockDeletingService#2] WARN  background.BlockDeletingService (BlockDeletingService.java:isDeletionAllowed(187)) - Close Container log Index 8 is not replicated across allthe servers in the pipeline f5073bd3-c80c-4957-9a7f-a236c1e6a57f as the min replicated index is 6. Deletion is not allowed in this container yet.
2019-10-17 18:38:28,123 [EventQueue-ContainerReportForContainerReportHandler] WARN  container.ContainerReportHandler (AbstractContainerReportHandler.java:updateContainerState(145)) - Container #1 is in OPEN state, but the datanode 0d68154c-bc1a-4b17-bcf5-90972ecdd7ac{ip: 192.168.157.251, host: pr-hdds-2318-qqrts-113280968, networkLocation: /default-rack, certSerialId: null} reports an CLOSED replica.
2019-10-17 18:38:28,150 [EventQueue-ContainerReportForContainerReportHandler] WARN  container.ContainerReportHandler (AbstractContainerReportHandler.java:updateContainerState(145)) - Container #1 is in OPEN state, but the datanode 7b069786-c4de-4177-a49c-78057d3e7b27{ip: 192.168.157.251, host: pr-hdds-2318-qqrts-113280968, networkLocation: /default-rack, certSerialId: null} reports an CLOSED replica.
2019-10-17 18:38:28,423 [EventQueue-ContainerReportForContainerReportHandler] WARN  container.ContainerReportHandler (AbstractContainerReportHandler.java:updateContainerState(145)) - Container #1 is in OPEN state, but the datanode 0d68154c-bc1a-4b17-bcf5-90972ecdd7ac{ip: 192.168.157.251, host: pr-hdds-2318-qqrts-113280968, networkLocation: /default-rack, certSerialId: null} reports an CLOSED replica.
2019-10-17 18:38:28,551 [EventQueue-ContainerReportForContainerReportHandler] WARN  container.ContainerReportHandler (AbstractContainerReportHandler.java:updateContainerState(145)) - Container #1 is in OPEN state, but the datanode 7b069786-c4de-4177-a49c-78057d3e7b27{ip: 192.168.157.251, host: pr-hdds-2318-qqrts-113280968, networkLocation: /default-rack, certSerialId: null} reports an CLOSED replica.
2019-10-17 18:38:28,751 [EventQueue-ContainerReportForContainerReportHandler] WARN  container.ContainerReportHandler (AbstractContainerReportHandler.java:updateContainerState(145)) - Container #1 is in OPEN state, but the datanode 7b069786-c4de-4177-a49c-78057d3e7b27{ip: 192.168.157.251, host: pr-hdds-2318-qqrts-113280968, networkLocation: /default-rack, certSerialId: null} reports an CLOSED replica.
2019-10-17 18:38:28,824 [EventQueue-ContainerReportForContainerReportHandler] WARN  container.ContainerReportHandler (AbstractContainerReportHandler.java:updateContainerState(145)) - Container #1 is in OPEN state, but the datanode 0d68154c-bc1a-4b17-bcf5-90972ecdd7ac{ip: 192.168.157.251, host: pr-hdds-2318-qqrts-113280968, networkLocation: /default-rack, certSerialId: null} reports an CLOSED replica.
2019-10-17 18:38:29,024 [EventQueue-ContainerReportForContainerReportHandler] WARN  container.ContainerReportHandler (AbstractContainerReportHandler.java:updateContainerState(145)) - Container #1 is in OPEN state, but the datanode 0d68154c-bc1a-4b17-bcf5-90972ecdd7ac{ip: 192.168.157.251, host: pr-hdds-2318-qqrts-113280968, networkLocation: /default-rack, certSerialId: null} reports an CLOSED replica.
2019-10-17 18:38:29,051 [EventQueue-ContainerReportForContainerReportHandler] WARN  container.ContainerReportHandler (AbstractContainerReportHandler.java:updateContainerState(145)) - Container #1 is in OPEN state, but the datanode 7b069786-c4de-4177-a49c-78057d3e7b27{ip: 192.168.157.251, host: pr-hdds-2318-qqrts-113280968, networkLocation: /default-rack, certSerialId: null} reports an CLOSED replica.
2019-10-17 18:38:29,102 [BlockDeletingService#2] WARN  background.BlockDeletingService (BlockDeletingService.java:isDeletionAllowed(187)) - Close Container log Index 8 is not replicated across allthe servers in the pipeline f5073bd3-c80c-4957-9a7f-a236c1e6a57f as the min replicated index is 6. Deletion is not allowed in this container yet.
2019-10-17 18:38:29,102 [BlockDeletingService#2] WARN  background.BlockDeletingService (BlockDeletingService.java:isDeletionAllowed(187)) - Close Container log Index 8 is not replicated across allthe servers in the pipeline f5073bd3-c80c-4957-9a7f-a236c1e6a57f as the min replicated index is 6. Deletion is not allowed in this container yet.
2019-10-17 18:38:29,224 [EventQueue-ContainerReportForContainerReportHandler] WARN  container.ContainerReportHandler (AbstractContainerReportHandler.java:updateContainerState(145)) - Container #1 is in OPEN state, but the datanode 0d68154c-bc1a-4b17-bcf5-90972ecdd7ac{ip: 192.168.157.251, host: pr-hdds-2318-qqrts-113280968, networkLocation: /default-rack, certSerialId: null} reports an CLOSED replica.
2019-10-17 18:38:29,351 [EventQueue-ContainerReportForContainerReportHandler] WARN  container.ContainerReportHandler (AbstractContainerReportHandler.java:updateContainerState(145)) - Container #1 is in OPEN state, but the datanode 7b069786-c4de-4177-a49c-78057d3e7b27{ip: 192.168.157.251, host: pr-hdds-2318-qqrts-113280968, networkLocation: /default-rack, certSerialId: null} reports an CLOSED replica.
2019-10-17 18:38:29,524 [EventQueue-ContainerReportForContainerReportHandler] WARN  container.ContainerReportHandler (AbstractContainerReportHandler.java:updateContainerState(145)) - Container #1 is in OPEN state, but the datanode 0d68154c-bc1a-4b17-bcf5-90972ecdd7ac{ip: 192.168.157.251, host: pr-hdds-2318-qqrts-113280968, networkLocation: /default-rack, certSerialId: null} reports an CLOSED replica.
2019-10-17 18:38:29,584 [Thread-482] INFO  client.GrpcClientProtocolService (GrpcClientProtocolService.java:lambda$processClientRequest$0(278)) - Failed RaftClientRequest:client-79966ACA1C67->0d68154c-bc1a-4b17-bcf5-90972ecdd7ac@group-A236C1E6A57F, cid=10, seq=0, Watch-ALL_COMMITTED(8), Message:<EMPTY>, reply=RaftClientReply:client-79966ACA1C67->0d68154c-bc1a-4b17-bcf5-90972ecdd7ac@group-A236C1E6A57F, cid=10, FAILED org.apache.ratis.protocol.NotReplicatedException: Request with call Id 10 and log index 8 is not yet replicated to ALL_COMMITTED, logIndex=8, commits[0d68154c-bc1a-4b17-bcf5-90972ecdd7ac:c12, 7b069786-c4de-4177-a49c-78057d3e7b27:c12, 09ea8095-e0f7-4a15-a25f-71748f8d4e7f:c6]
2019-10-17 18:38:29,652 [EventQueue-ContainerReportForContainerReportHandler] WARN  container.ContainerReportHandler (AbstractContainerReportHandler.java:updateContainerState(145)) - Container #1 is in OPEN state, but the datanode 7b069786-c4de-4177-a49c-78057d3e7b27{ip: 192.168.157.251, host: pr-hdds-2318-qqrts-113280968, networkLocation: /default-rack, certSerialId: null} reports an CLOSED replica.
2019-10-17 18:38:29,825 [EventQueue-ContainerReportForContainerReportHandler] WARN  container.ContainerReportHandler (AbstractContainerReportHandler.java:updateContainerState(145)) - Container #1 is in OPEN state, but the datanode 0d68154c-bc1a-4b17-bcf5-90972ecdd7ac{ip: 192.168.157.251, host: pr-hdds-2318-qqrts-113280968, networkLocation: /default-rack, certSerialId: null} reports an CLOSED replica.
2019-10-17 18:38:29,952 [EventQueue-ContainerReportForContainerReportHandler] WARN  container.ContainerReportHandler (AbstractContainerReportHandler.java:updateContainerState(145)) - Container #1 is in OPEN state, but the datanode 7b069786-c4de-4177-a49c-78057d3e7b27{ip: 192.168.157.251, host: pr-hdds-2318-qqrts-113280968, networkLocation: /default-rack, certSerialId: null} reports an CLOSED replica.
2019-10-17 18:38:30,103 [BlockDeletingService#2] WARN  background.BlockDeletingService (BlockDeletingService.java:isDeletionAllowed(187)) - Close Container log Index 8 is not replicated across allthe servers in the pipeline f5073bd3-c80c-4957-9a7f-a236c1e6a57f as the min replicated index is 6. Deletion is not allowed in this container yet.
2019-10-17 18:38:30,103 [BlockDeletingService#2] WARN  background.BlockDeletingService (BlockDeletingService.java:isDeletionAllowed(187)) - Close Container log Index 8 is not replicated across allthe servers in the pipeline f5073bd3-c80c-4957-9a7f-a236c1e6a57f as the min replicated index is 6. Deletion is not allowed in this container yet.
2019-10-17 18:38:30,152 [EventQueue-ContainerReportForContainerReportHandler] WARN  container.ContainerReportHandler (AbstractContainerReportHandler.java:updateContainerState(145)) - Container #1 is in OPEN state, but the datanode 7b069786-c4de-4177-a49c-78057d3e7b27{ip: 192.168.157.251, host: pr-hdds-2318-qqrts-113280968, networkLocation: /default-rack, certSerialId: null} reports an CLOSED replica.
2019-10-17 18:38:30,165 [java.util.concurrent.ThreadPoolExecutor$Worker@76cdd85c[State = -1, empty queue]] WARN  server.GrpcLogAppender (GrpcLogAppender.java:timeoutAppendRequest(209)) - 0d68154c-bc1a-4b17-bcf5-90972ecdd7ac@group-A236C1E6A57F->09ea8095-e0f7-4a15-a25f-71748f8d4e7f-GrpcLogAppender: appendEntries Timeout, request=0d68154c-bc1a-4b17-bcf5-90972ecdd7ac->09ea8095-e0f7-4a15-a25f-71748f8d4e7f#35-t9, previous=(t:9, i:12), leaderCommit=12, initializing? false, entries: <empty>
2019-10-17 18:38:30,226 [EventQueue-ContainerReportForContainerReportHandler] WARN  container.ContainerReportHandler (AbstractContainerReportHandler.java:updateContainerState(145)) - Container #1 is in OPEN state, but the datanode 0d68154c-bc1a-4b17-bcf5-90972ecdd7ac{ip: 192.168.157.251, host: pr-hdds-2318-qqrts-113280968, networkLocation: /default-rack, certSerialId: null} reports an CLOSED replica.
2019-10-17 18:38:30,452 [EventQueue-ContainerReportForContainerReportHandler] WARN  container.ContainerReportHandler (AbstractContainerReportHandler.java:updateContainerState(145)) - Container #1 is in OPEN state, but the datanode 7b069786-c4de-4177-a49c-78057d3e7b27{ip: 192.168.157.251, host: pr-hdds-2318-qqrts-113280968, networkLocation: /default-rack, certSerialId: null} reports an CLOSED replica.
2019-10-17 18:38:30,526 [EventQueue-ContainerReportForContainerReportHandler] WARN  container.ContainerReportHandler (AbstractContainerReportHandler.java:updateContainerState(145)) - Container #1 is in OPEN state, but the datanode 0d68154c-bc1a-4b17-bcf5-90972ecdd7ac{ip: 192.168.157.251, host: pr-hdds-2318-qqrts-113280968, networkLocation: /default-rack, certSerialId: null} reports an CLOSED replica.
2019-10-17 18:38:30,652 [EventQueue-ContainerReportForContainerReportHandler] WARN  container.ContainerReportHandler (AbstractContainerReportHandler.java:updateContainerState(145)) - Container #1 is in OPEN state, but the datanode 7b069786-c4de-4177-a49c-78057d3e7b27{ip: 192.168.157.251, host: pr-hdds-2318-qqrts-113280968, networkLocation: /default-rack, certSerialId: null} reports an CLOSED replica.
2019-10-17 18:38:30,928 [EventQueue-ContainerReportForContainerReportHandler] WARN  container.ContainerReportHandler (AbstractContainerReportHandler.java:updateContainerState(145)) - Container #1 is in OPEN state, but the datanode 0d68154c-bc1a-4b17-bcf5-90972ecdd7ac{ip: 192.168.157.251, host: pr-hdds-2318-qqrts-113280968, networkLocation: /default-rack, certSerialId: null} reports an CLOSED replica.
2019-10-17 18:38:30,952 [EventQueue-ContainerReportForContainerReportHandler] WARN  container.ContainerReportHandler (AbstractContainerReportHandler.java:updateContainerState(145)) - Container #1 is in OPEN state, but the datanode 7b069786-c4de-4177-a49c-78057d3e7b27{ip: 192.168.157.251, host: pr-hdds-2318-qqrts-113280968, networkLocation: /default-rack, certSerialId: null} reports an CLOSED replica.
2019-10-17 18:38:31,106 [BlockDeletingService#2] WARN  background.BlockDeletingService (BlockDeletingService.java:isDeletionAllowed(187)) - Close Container log Index 8 is not replicated across allthe servers in the pipeline f5073bd3-c80c-4957-9a7f-a236c1e6a57f as the min replicated index is 6. Deletion is not allowed in this container yet.
2019-10-17 18:38:31,106 [BlockDeletingService#2] WARN  background.BlockDeletingService (BlockDeletingService.java:isDeletionAllowed(187)) - Close Container log Index 8 is not replicated across allthe servers in the pipeline f5073bd3-c80c-4957-9a7f-a236c1e6a57f as the min replicated index is 6. Deletion is not allowed in this container yet.
2019-10-17 18:38:31,128 [EventQueue-ContainerReportForContainerReportHandler] WARN  container.ContainerReportHandler (AbstractContainerReportHandler.java:updateContainerState(145)) - Container #1 is in OPEN state, but the datanode 0d68154c-bc1a-4b17-bcf5-90972ecdd7ac{ip: 192.168.157.251, host: pr-hdds-2318-qqrts-113280968, networkLocation: /default-rack, certSerialId: null} reports an CLOSED replica.
2019-10-17 18:38:31,252 [EventQueue-ContainerReportForContainerReportHandler] WARN  container.ContainerReportHandler (AbstractContainerReportHandler.java:updateContainerState(145)) - Container #1 is in OPEN state, but the datanode 7b069786-c4de-4177-a49c-78057d3e7b27{ip: 192.168.157.251, host: pr-hdds-2318-qqrts-113280968, networkLocation: /default-rack, certSerialId: null} reports an CLOSED replica.
2019-10-17 18:38:31,428 [EventQueue-ContainerReportForContainerReportHandler] WARN  container.ContainerReportHandler (AbstractContainerReportHandler.java:updateContainerState(145)) - Container #1 is in OPEN state, but the datanode 0d68154c-bc1a-4b17-bcf5-90972ecdd7ac{ip: 192.168.157.251, host: pr-hdds-2318-qqrts-113280968, networkLocation: /default-rack, certSerialId: null} reports an CLOSED replica.
2019-10-17 18:38:31,653 [EventQueue-ContainerReportForContainerReportHandler] WARN  container.ContainerReportHandler (AbstractContainerReportHandler.java:updateContainerState(145)) - Container #1 is in OPEN state, but the datanode 7b069786-c4de-4177-a49c-78057d3e7b27{ip: 192.168.157.251, host: pr-hdds-2318-qqrts-113280968, networkLocation: /default-rack, certSerialId: null} reports an CLOSED replica.
2019-10-17 18:38:31,729 [EventQueue-ContainerReportForContainerReportHandler] WARN  container.ContainerReportHandler (AbstractContainerReportHandler.java:updateContainerState(145)) - Container #1 is in OPEN state, but the datanode 0d68154c-bc1a-4b17-bcf5-90972ecdd7ac{ip: 192.168.157.251, host: pr-hdds-2318-qqrts-113280968, networkLocation: /default-rack, certSerialId: null} reports an CLOSED replica.
2019-10-17 18:38:31,929 [EventQueue-ContainerReportForContainerReportHandler] WARN  container.ContainerReportHandler (AbstractContainerReportHandler.java:updateContainerState(145)) - Container #1 is in OPEN state, but the datanode 0d68154c-bc1a-4b17-bcf5-90972ecdd7ac{ip: 192.168.157.251, host: pr-hdds-2318-qqrts-113280968, networkLocation: /default-rack, certSerialId: null} reports an CLOSED replica.
2019-10-17 18:38:32,053 [EventQueue-ContainerReportForContainerReportHandler] WARN  container.ContainerReportHandler (AbstractContainerReportHandler.java:updateContainerState(145)) - Container #1 is in OPEN state, but the datanode 7b069786-c4de-4177-a49c-78057d3e7b27{ip: 192.168.157.251, host: pr-hdds-2318-qqrts-113280968, networkLocation: /default-rack, certSerialId: null} reports an CLOSED replica.
2019-10-17 18:38:32,107 [BlockDeletingService#2] WARN  background.BlockDeletingService (BlockDeletingService.java:isDeletionAllowed(187)) - Close Container log Index 8 is not replicated across allthe servers in the pipeline f5073bd3-c80c-4957-9a7f-a236c1e6a57f as the min replicated index is 6. Deletion is not allowed in this container yet.
2019-10-17 18:38:32,107 [BlockDeletingService#2] WARN  background.BlockDeletingService (BlockDeletingService.java:isDeletionAllowed(187)) - Close Container log Index 8 is not replicated across allthe servers in the pipeline f5073bd3-c80c-4957-9a7f-a236c1e6a57f as the min replicated index is 6. Deletion is not allowed in this container yet.
2019-10-17 18:38:32,330 [EventQueue-ContainerReportForContainerReportHandler] WARN  container.ContainerReportHandler (AbstractContainerReportHandler.java:updateContainerState(145)) - Container #1 is in OPEN state, but the datanode 0d68154c-bc1a-4b17-bcf5-90972ecdd7ac{ip: 192.168.157.251, host: pr-hdds-2318-qqrts-113280968, networkLocation: /default-rack, certSerialId: null} reports an CLOSED replica.
2019-10-17 18:38:32,353 [EventQueue-ContainerReportForContainerReportHandler] WARN  container.ContainerReportHandler (AbstractContainerReportHandler.java:updateContainerState(145)) - Container #1 is in OPEN state, but the datanode 7b069786-c4de-4177-a49c-78057d3e7b27{ip: 192.168.157.251, host: pr-hdds-2318-qqrts-113280968, networkLocation: /default-rack, certSerialId: null} reports an CLOSED replica.
2019-10-17 18:38:32,654 [EventQueue-ContainerReportForContainerReportHandler] WARN  container.ContainerReportHandler (AbstractContainerReportHandler.java:updateContainerState(145)) - Container #1 is in OPEN state, but the datanode 7b069786-c4de-4177-a49c-78057d3e7b27{ip: 192.168.157.251, host: pr-hdds-2318-qqrts-113280968, networkLocation: /default-rack, certSerialId: null} reports an CLOSED replica.
2019-10-17 18:38:32,665 [java.util.concurrent.ThreadPoolExecutor$Worker@76cdd85c[State = -1, empty queue]] WARN  server.GrpcLogAppender (GrpcLogAppender.java:timeoutAppendRequest(209)) - 0d68154c-bc1a-4b17-bcf5-90972ecdd7ac@group-A236C1E6A57F->09ea8095-e0f7-4a15-a25f-71748f8d4e7f-GrpcLogAppender: appendEntries Timeout, request=0d68154c-bc1a-4b17-bcf5-90972ecdd7ac->09ea8095-e0f7-4a15-a25f-71748f8d4e7f#36-t9, previous=(t:9, i:12), leaderCommit=12, initializing? false, entries: <empty>
2019-10-17 18:38:32,730 [EventQueue-ContainerReportForContainerReportHandler] WARN  container.ContainerReportHandler (AbstractContainerReportHandler.java:updateContainerState(145)) - Container #1 is in OPEN state, but the datanode 0d68154c-bc1a-4b17-bcf5-90972ecdd7ac{ip: 192.168.157.251, host: pr-hdds-2318-qqrts-113280968, networkLocation: /default-rack, certSerialId: null} reports an CLOSED replica.
2019-10-17 18:38:32,954 [EventQueue-ContainerReportForContainerReportHandler] WARN  container.ContainerReportHandler (AbstractContainerReportHandler.java:updateContainerState(145)) - Container #1 is in OPEN state, but the datanode 7b069786-c4de-4177-a49c-78057d3e7b27{ip: 192.168.157.251, host: pr-hdds-2318-qqrts-113280968, networkLocation: /default-rack, certSerialId: null} reports an CLOSED replica.
2019-10-17 18:38:33,109 [BlockDeletingService#2] WARN  background.BlockDeletingService (BlockDeletingService.java:isDeletionAllowed(187)) - Close Container log Index 8 is not replicated across allthe servers in the pipeline f5073bd3-c80c-4957-9a7f-a236c1e6a57f as the min replicated index is 6. Deletion is not allowed in this container yet.
2019-10-17 18:38:33,109 [BlockDeletingService#2] WARN  background.BlockDeletingService (BlockDeletingService.java:isDeletionAllowed(187)) - Close Container log Index 8 is not replicated across allthe servers in the pipeline f5073bd3-c80c-4957-9a7f-a236c1e6a57f as the min replicated index is 6. Deletion is not allowed in this container yet.
2019-10-17 18:38:33,132 [EventQueue-ContainerReportForContainerReportHandler] WARN  container.ContainerReportHandler (AbstractContainerReportHandler.java:updateContainerState(145)) - Container #1 is in OPEN state, but the datanode 0d68154c-bc1a-4b17-bcf5-90972ecdd7ac{ip: 192.168.157.251, host: pr-hdds-2318-qqrts-113280968, networkLocation: /default-rack, certSerialId: null} reports an CLOSED replica.
2019-10-17 18:38:33,154 [EventQueue-ContainerReportForContainerReportHandler] WARN  container.ContainerReportHandler (AbstractContainerReportHandler.java:updateContainerState(145)) - Container #1 is in OPEN state, but the datanode 7b069786-c4de-4177-a49c-78057d3e7b27{ip: 192.168.157.251, host: pr-hdds-2318-qqrts-113280968, networkLocation: /default-rack, certSerialId: null} reports an CLOSED replica.
2019-10-17 18:38:33,354 [EventQueue-ContainerReportForContainerReportHandler] WARN  container.ContainerReportHandler (AbstractContainerReportHandler.java:updateContainerState(145)) - Container #1 is in OPEN state, but the datanode 7b069786-c4de-4177-a49c-78057d3e7b27{ip: 192.168.157.251, host: pr-hdds-2318-qqrts-113280968, networkLocation: /default-rack, certSerialId: null} reports an CLOSED replica.
2019-10-17 18:38:33,431 [EventQueue-ContainerReportForContainerReportHandler] WARN  container.ContainerReportHandler (AbstractContainerReportHandler.java:updateContainerState(145)) - Container #1 is in OPEN state, but the datanode 0d68154c-bc1a-4b17-bcf5-90972ecdd7ac{ip: 192.168.157.251, host: pr-hdds-2318-qqrts-113280968, networkLocation: /default-rack, certSerialId: null} reports an CLOSED replica.
2019-10-17 18:38:33,631 [EventQueue-ContainerReportForContainerReportHandler] WARN  container.ContainerReportHandler (AbstractContainerReportHandler.java:updateContainerState(145)) - Container #1 is in OPEN state, but the datanode 0d68154c-bc1a-4b17-bcf5-90972ecdd7ac{ip: 192.168.157.251, host: pr-hdds-2318-qqrts-113280968, networkLocation: /default-rack, certSerialId: null} reports an CLOSED replica.
2019-10-17 18:38:33,654 [EventQueue-ContainerReportForContainerReportHandler] WARN  container.ContainerReportHandler (AbstractContainerReportHandler.java:updateContainerState(145)) - Container #1 is in OPEN state, but the datanode 7b069786-c4de-4177-a49c-78057d3e7b27{ip: 192.168.157.251, host: pr-hdds-2318-qqrts-113280968, networkLocation: /default-rack, certSerialId: null} reports an CLOSED replica.
2019-10-17 18:38:33,854 [EventQueue-ContainerReportForContainerReportHandler] WARN  container.ContainerReportHandler (AbstractContainerReportHandler.java:updateContainerState(145)) - Container #1 is in OPEN state, but the datanode 7b069786-c4de-4177-a49c-78057d3e7b27{ip: 192.168.157.251, host: pr-hdds-2318-qqrts-113280968, networkLocation: /default-rack, certSerialId: null} reports an CLOSED replica.
2019-10-17 18:38:33,931 [EventQueue-ContainerReportForContainerReportHandler] WARN  container.ContainerReportHandler (AbstractContainerReportHandler.java:updateContainerState(145)) - Container #1 is in OPEN state, but the datanode 0d68154c-bc1a-4b17-bcf5-90972ecdd7ac{ip: 192.168.157.251, host: pr-hdds-2318-qqrts-113280968, networkLocation: /default-rack, certSerialId: null} reports an CLOSED replica.
2019-10-17 18:38:34,110 [BlockDeletingService#2] WARN  background.BlockDeletingService (BlockDeletingService.java:isDeletionAllowed(187)) - Close Container log Index 8 is not replicated across allthe servers in the pipeline f5073bd3-c80c-4957-9a7f-a236c1e6a57f as the min replicated index is 6. Deletion is not allowed in this container yet.
2019-10-17 18:38:34,110 [BlockDeletingService#2] WARN  background.BlockDeletingService (BlockDeletingService.java:isDeletionAllowed(187)) - Close Container log Index 8 is not replicated across allthe servers in the pipeline f5073bd3-c80c-4957-9a7f-a236c1e6a57f as the min replicated index is 6. Deletion is not allowed in this container yet.
2019-10-17 18:38:34,154 [EventQueue-ContainerReportForContainerReportHandler] WARN  container.ContainerReportHandler (AbstractContainerReportHandler.java:updateContainerState(145)) - Container #1 is in OPEN state, but the datanode 7b069786-c4de-4177-a49c-78057d3e7b27{ip: 192.168.157.251, host: pr-hdds-2318-qqrts-113280968, networkLocation: /default-rack, certSerialId: null} reports an CLOSED replica.
2019-10-17 18:38:34,331 [EventQueue-ContainerReportForContainerReportHandler] WARN  container.ContainerReportHandler (AbstractContainerReportHandler.java:updateContainerState(145)) - Container #1 is in OPEN state, but the datanode 0d68154c-bc1a-4b17-bcf5-90972ecdd7ac{ip: 192.168.157.251, host: pr-hdds-2318-qqrts-113280968, networkLocation: /default-rack, certSerialId: null} reports an CLOSED replica.
2019-10-17 18:38:34,454 [EventQueue-ContainerReportForContainerReportHandler] WARN  container.ContainerReportHandler (AbstractContainerReportHandler.java:updateContainerState(145)) - Container #1 is in OPEN state, but the datanode 7b069786-c4de-4177-a49c-78057d3e7b27{ip: 192.168.157.251, host: pr-hdds-2318-qqrts-113280968, networkLocation: /default-rack, certSerialId: null} reports an CLOSED replica.
2019-10-17 18:38:34,632 [EventQueue-ContainerReportForContainerReportHandler] WARN  container.ContainerReportHandler (AbstractContainerReportHandler.java:updateContainerState(145)) - Container #1 is in OPEN state, but the datanode 0d68154c-bc1a-4b17-bcf5-90972ecdd7ac{ip: 192.168.157.251, host: pr-hdds-2318-qqrts-113280968, networkLocation: /default-rack, certSerialId: null} reports an CLOSED replica.
2019-10-17 18:38:34,754 [EventQueue-ContainerReportForContainerReportHandler] WARN  container.ContainerReportHandler (AbstractContainerReportHandler.java:updateContainerState(145)) - Container #1 is in OPEN state, but the datanode 7b069786-c4de-4177-a49c-78057d3e7b27{ip: 192.168.157.251, host: pr-hdds-2318-qqrts-113280968, networkLocation: /default-rack, certSerialId: null} reports an CLOSED replica.
2019-10-17 18:38:34,933 [EventQueue-ContainerReportForContainerReportHandler] WARN  container.ContainerReportHandler (AbstractContainerReportHandler.java:updateContainerState(145)) - Container #1 is in OPEN state, but the datanode 0d68154c-bc1a-4b17-bcf5-90972ecdd7ac{ip: 192.168.157.251, host: pr-hdds-2318-qqrts-113280968, networkLocation: /default-rack, certSerialId: null} reports an CLOSED replica.
2019-10-17 18:38:35,054 [EventQueue-ContainerReportForContainerReportHandler] WARN  container.ContainerReportHandler (AbstractContainerReportHandler.java:updateContainerState(145)) - Container #1 is in OPEN state, but the datanode 7b069786-c4de-4177-a49c-78057d3e7b27{ip: 192.168.157.251, host: pr-hdds-2318-qqrts-113280968, networkLocation: /default-rack, certSerialId: null} reports an CLOSED replica.
2019-10-17 18:38:35,112 [BlockDeletingService#2] WARN  background.BlockDeletingService (BlockDeletingService.java:isDeletionAllowed(187)) - Close Container log Index 8 is not replicated across allthe servers in the pipeline f5073bd3-c80c-4957-9a7f-a236c1e6a57f as the min replicated index is 6. Deletion is not allowed in this container yet.
2019-10-17 18:38:35,112 [BlockDeletingService#2] WARN  background.BlockDeletingService (BlockDeletingService.java:isDeletionAllowed(187)) - Close Container log Index 8 is not replicated across allthe servers in the pipeline f5073bd3-c80c-4957-9a7f-a236c1e6a57f as the min replicated index is 6. Deletion is not allowed in this container yet.
2019-10-17 18:38:35,166 [java.util.concurrent.ThreadPoolExecutor$Worker@76cdd85c[State = -1, empty queue]] WARN  server.GrpcLogAppender (GrpcLogAppender.java:timeoutAppendRequest(209)) - 0d68154c-bc1a-4b17-bcf5-90972ecdd7ac@group-A236C1E6A57F->09ea8095-e0f7-4a15-a25f-71748f8d4e7f-GrpcLogAppender: appendEntries Timeout, request=0d68154c-bc1a-4b17-bcf5-90972ecdd7ac->09ea8095-e0f7-4a15-a25f-71748f8d4e7f#37-t9, previous=(t:9, i:12), leaderCommit=12, initializing? false, entries: <empty>
2019-10-17 18:38:35,233 [EventQueue-ContainerReportForContainerReportHandler] WARN  container.ContainerReportHandler (AbstractContainerReportHandler.java:updateContainerState(145)) - Container #1 is in OPEN state, but the datanode 0d68154c-bc1a-4b17-bcf5-90972ecdd7ac{ip: 192.168.157.251, host: pr-hdds-2318-qqrts-113280968, networkLocation: /default-rack, certSerialId: null} reports an CLOSED replica.
2019-10-17 18:38:35,454 [EventQueue-ContainerReportForContainerReportHandler] WARN  container.ContainerReportHandler (AbstractContainerReportHandler.java:updateContainerState(145)) - Container #1 is in OPEN state, but the datanode 7b069786-c4de-4177-a49c-78057d3e7b27{ip: 192.168.157.251, host: pr-hdds-2318-qqrts-113280968, networkLocation: /default-rack, certSerialId: null} reports an CLOSED replica.
2019-10-17 18:38:35,633 [EventQueue-ContainerReportForContainerReportHandler] WARN  container.ContainerReportHandler (AbstractContainerReportHandler.java:updateContainerState(145)) - Container #1 is in OPEN state, but the datanode 0d68154c-bc1a-4b17-bcf5-90972ecdd7ac{ip: 192.168.157.251, host: pr-hdds-2318-qqrts-113280968, networkLocation: /default-rack, certSerialId: null} reports an CLOSED replica.
2019-10-17 18:38:35,754 [EventQueue-ContainerReportForContainerReportHandler] WARN  container.ContainerReportHandler (AbstractContainerReportHandler.java:updateContainerState(145)) - Container #1 is in OPEN state, but the datanode 7b069786-c4de-4177-a49c-78057d3e7b27{ip: 192.168.157.251, host: pr-hdds-2318-qqrts-113280968, networkLocation: /default-rack, certSerialId: null} reports an CLOSED replica.
2019-10-17 18:38:35,834 [EventQueue-ContainerReportForContainerReportHandler] WARN  container.ContainerReportHandler (AbstractContainerReportHandler.java:updateContainerState(145)) - Container #1 is in OPEN state, but the datanode 0d68154c-bc1a-4b17-bcf5-90972ecdd7ac{ip: 192.168.157.251, host: pr-hdds-2318-qqrts-113280968, networkLocation: /default-rack, certSerialId: null} reports an CLOSED replica.
2019-10-17 18:38:36,114 [BlockDeletingService#2] WARN  background.BlockDeletingService (BlockDeletingService.java:isDeletionAllowed(187)) - Close Container log Index 8 is not replicated across allthe servers in the pipeline f5073bd3-c80c-4957-9a7f-a236c1e6a57f as the min replicated index is 6. Deletion is not allowed in this container yet.
2019-10-17 18:38:36,114 [BlockDeletingService#2] WARN  background.BlockDeletingService (BlockDeletingService.java:isDeletionAllowed(187)) - Close Container log Index 8 is not replicated across allthe servers in the pipeline f5073bd3-c80c-4957-9a7f-a236c1e6a57f as the min replicated index is 6. Deletion is not allowed in this container yet.
2019-10-17 18:38:36,154 [EventQueue-ContainerReportForContainerReportHandler] WARN  container.ContainerReportHandler (AbstractContainerReportHandler.java:updateContainerState(145)) - Container #1 is in OPEN state, but the datanode 7b069786-c4de-4177-a49c-78057d3e7b27{ip: 192.168.157.251, host: pr-hdds-2318-qqrts-113280968, networkLocation: /default-rack, certSerialId: null} reports an CLOSED replica.
2019-10-17 18:38:36,234 [EventQueue-ContainerReportForContainerReportHandler] WARN  container.ContainerReportHandler (AbstractContainerReportHandler.java:updateContainerState(145)) - Container #1 is in OPEN state, but the datanode 0d68154c-bc1a-4b17-bcf5-90972ecdd7ac{ip: 192.168.157.251, host: pr-hdds-2318-qqrts-113280968, networkLocation: /default-rack, certSerialId: null} reports an CLOSED replica.
2019-10-17 18:38:36,554 [EventQueue-ContainerReportForContainerReportHandler] WARN  container.ContainerReportHandler (AbstractContainerReportHandler.java:updateContainerState(145)) - Container #1 is in OPEN state, but the datanode 7b069786-c4de-4177-a49c-78057d3e7b27{ip: 192.168.157.251, host: pr-hdds-2318-qqrts-113280968, networkLocation: /default-rack, certSerialId: null} reports an CLOSED replica.
2019-10-17 18:38:36,634 [EventQueue-ContainerReportForContainerReportHandler] WARN  container.ContainerReportHandler (AbstractContainerReportHandler.java:updateContainerState(145)) - Container #1 is in OPEN state, but the datanode 0d68154c-bc1a-4b17-bcf5-90972ecdd7ac{ip: 192.168.157.251, host: pr-hdds-2318-qqrts-113280968, networkLocation: /default-rack, certSerialId: null} reports an CLOSED replica.
2019-10-17 18:38:36,697 [Thread-502] INFO  client.GrpcClientProtocolService (GrpcClientProtocolService.java:lambda$processClientRequest$0(278)) - Failed RaftClientRequest:client-79966ACA1C67->7b069786-c4de-4177-a49c-78057d3e7b27@group-A236C1E6A57F, cid=10, seq=0, Watch-ALL_COMMITTED(8), Message:<EMPTY>, reply=RaftClientReply:client-79966ACA1C67->7b069786-c4de-4177-a49c-78057d3e7b27@group-A236C1E6A57F, cid=10, FAILED org.apache.ratis.protocol.NotLeaderException: Server 7b069786-c4de-4177-a49c-78057d3e7b27@group-A236C1E6A57F is not the leader 0d68154c-bc1a-4b17-bcf5-90972ecdd7ac:192.168.157.251:40580, logIndex=0, commits[7b069786-c4de-4177-a49c-78057d3e7b27:c12, 0d68154c-bc1a-4b17-bcf5-90972ecdd7ac:c12, 09ea8095-e0f7-4a15-a25f-71748f8d4e7f:c6]
2019-10-17 18:38:36,754 [EventQueue-ContainerReportForContainerReportHandler] WARN  container.ContainerReportHandler (AbstractContainerReportHandler.java:updateContainerState(145)) - Container #1 is in OPEN state, but the datanode 7b069786-c4de-4177-a49c-78057d3e7b27{ip: 192.168.157.251, host: pr-hdds-2318-qqrts-113280968, networkLocation: /default-rack, certSerialId: null} reports an CLOSED replica.
2019-10-17 18:38:36,834 [EventQueue-ContainerReportForContainerReportHandler] WARN  container.ContainerReportHandler (AbstractContainerReportHandler.java:updateContainerState(145)) - Container #1 is in OPEN state, but the datanode 0d68154c-bc1a-4b17-bcf5-90972ecdd7ac{ip: 192.168.157.251, host: pr-hdds-2318-qqrts-113280968, networkLocation: /default-rack, certSerialId: null} reports an CLOSED replica.
2019-10-17 18:38:37,055 [EventQueue-ContainerReportForContainerReportHandler] WARN  container.ContainerReportHandler (AbstractContainerReportHandler.java:updateContainerState(145)) - Container #1 is in OPEN state, but the datanode 7b069786-c4de-4177-a49c-78057d3e7b27{ip: 192.168.157.251, host: pr-hdds-2318-qqrts-113280968, networkLocation: /default-rack, certSerialId: null} reports an CLOSED replica.
2019-10-17 18:38:37,115 [BlockDeletingService#2] WARN  background.BlockDeletingService (BlockDeletingService.java:isDeletionAllowed(187)) - Close Container log Index 8 is not replicated across allthe servers in the pipeline f5073bd3-c80c-4957-9a7f-a236c1e6a57f as the min replicated index is 6. Deletion is not allowed in this container yet.
2019-10-17 18:38:37,115 [BlockDeletingService#2] WARN  background.BlockDeletingService (BlockDeletingService.java:isDeletionAllowed(187)) - Close Container log Index 8 is not replicated across allthe servers in the pipeline f5073bd3-c80c-4957-9a7f-a236c1e6a57f as the min replicated index is 6. Deletion is not allowed in this container yet.
2019-10-17 18:38:37,134 [EventQueue-ContainerReportForContainerReportHandler] WARN  container.ContainerReportHandler (AbstractContainerReportHandler.java:updateContainerState(145)) - Container #1 is in OPEN state, but the datanode 0d68154c-bc1a-4b17-bcf5-90972ecdd7ac{ip: 192.168.157.251, host: pr-hdds-2318-qqrts-113280968, networkLocation: /default-rack, certSerialId: null} reports an CLOSED replica.
2019-10-17 18:38:37,255 [EventQueue-ContainerReportForContainerReportHandler] WARN  container.ContainerReportHandler (AbstractContainerReportHandler.java:updateContainerState(145)) - Container #1 is in OPEN state, but the datanode 7b069786-c4de-4177-a49c-78057d3e7b27{ip: 192.168.157.251, host: pr-hdds-2318-qqrts-113280968, networkLocation: /default-rack, certSerialId: null} reports an CLOSED replica.
2019-10-17 18:38:37,434 [EventQueue-ContainerReportForContainerReportHandler] WARN  container.ContainerReportHandler (AbstractContainerReportHandler.java:updateContainerState(145)) - Container #1 is in OPEN state, but the datanode 0d68154c-bc1a-4b17-bcf5-90972ecdd7ac{ip: 192.168.157.251, host: pr-hdds-2318-qqrts-113280968, networkLocation: /default-rack, certSerialId: null} reports an CLOSED replica.
2019-10-17 18:38:37,555 [EventQueue-ContainerReportForContainerReportHandler] WARN  container.ContainerReportHandler (AbstractContainerReportHandler.java:updateContainerState(145)) - Container #1 is in OPEN state, but the datanode 7b069786-c4de-4177-a49c-78057d3e7b27{ip: 192.168.157.251, host: pr-hdds-2318-qqrts-113280968, networkLocation: /default-rack, certSerialId: null} reports an CLOSED replica.
2019-10-17 18:38:37,635 [EventQueue-ContainerReportForContainerReportHandler] WARN  container.ContainerReportHandler (AbstractContainerReportHandler.java:updateContainerState(145)) - Container #1 is in OPEN state, but the datanode 0d68154c-bc1a-4b17-bcf5-90972ecdd7ac{ip: 192.168.157.251, host: pr-hdds-2318-qqrts-113280968, networkLocation: /default-rack, certSerialId: null} reports an CLOSED replica.
2019-10-17 18:38:37,667 [java.util.concurrent.ThreadPoolExecutor$Worker@76cdd85c[State = -1, empty queue]] WARN  server.GrpcLogAppender (GrpcLogAppender.java:timeoutAppendRequest(209)) - 0d68154c-bc1a-4b17-bcf5-90972ecdd7ac@group-A236C1E6A57F->09ea8095-e0f7-4a15-a25f-71748f8d4e7f-GrpcLogAppender: appendEntries Timeout, request=0d68154c-bc1a-4b17-bcf5-90972ecdd7ac->09ea8095-e0f7-4a15-a25f-71748f8d4e7f#38-t9, previous=(t:9, i:12), leaderCommit=12, initializing? false, entries: <empty>
2019-10-17 18:38:37,756 [EventQueue-ContainerReportForContainerReportHandler] WARN  container.ContainerReportHandler (AbstractContainerReportHandler.java:updateContainerState(145)) - Container #1 is in OPEN state, but the datanode 7b069786-c4de-4177-a49c-78057d3e7b27{ip: 192.168.157.251, host: pr-hdds-2318-qqrts-113280968, networkLocation: /default-rack, certSerialId: null} reports an CLOSED replica.
2019-10-17 18:38:38,035 [EventQueue-ContainerReportForContainerReportHandler] WARN  container.ContainerReportHandler (AbstractContainerReportHandler.java:updateContainerState(145)) - Container #1 is in OPEN state, but the datanode 0d68154c-bc1a-4b17-bcf5-90972ecdd7ac{ip: 192.168.157.251, host: pr-hdds-2318-qqrts-113280968, networkLocation: /default-rack, certSerialId: null} reports an CLOSED replica.
2019-10-17 18:38:38,056 [EventQueue-ContainerReportForContainerReportHandler] WARN  container.ContainerReportHandler (AbstractContainerReportHandler.java:updateContainerState(145)) - Container #1 is in OPEN state, but the datanode 7b069786-c4de-4177-a49c-78057d3e7b27{ip: 192.168.157.251, host: pr-hdds-2318-qqrts-113280968, networkLocation: /default-rack, certSerialId: null} reports an CLOSED replica.
2019-10-17 18:38:38,119 [BlockDeletingService#2] WARN  background.BlockDeletingService (BlockDeletingService.java:isDeletionAllowed(187)) - Close Container log Index 8 is not replicated across allthe servers in the pipeline f5073bd3-c80c-4957-9a7f-a236c1e6a57f as the min replicated index is 6. Deletion is not allowed in this container yet.
2019-10-17 18:38:38,119 [BlockDeletingService#2] WARN  background.BlockDeletingService (BlockDeletingService.java:isDeletionAllowed(187)) - Close Container log Index 8 is not replicated across allthe servers in the pipeline f5073bd3-c80c-4957-9a7f-a236c1e6a57f as the min replicated index is 6. Deletion is not allowed in this container yet.
2019-10-17 18:38:38,235 [EventQueue-ContainerReportForContainerReportHandler] WARN  container.ContainerReportHandler (AbstractContainerReportHandler.java:updateContainerState(145)) - Container #1 is in OPEN state, but the datanode 0d68154c-bc1a-4b17-bcf5-90972ecdd7ac{ip: 192.168.157.251, host: pr-hdds-2318-qqrts-113280968, networkLocation: /default-rack, certSerialId: null} reports an CLOSED replica.
2019-10-17 18:38:38,456 [EventQueue-ContainerReportForContainerReportHandler] WARN  container.ContainerReportHandler (AbstractContainerReportHandler.java:updateContainerState(145)) - Container #1 is in OPEN state, but the datanode 7b069786-c4de-4177-a49c-78057d3e7b27{ip: 192.168.157.251, host: pr-hdds-2318-qqrts-113280968, networkLocation: /default-rack, certSerialId: null} reports an CLOSED replica.
2019-10-17 18:38:38,535 [EventQueue-ContainerReportForContainerReportHandler] WARN  container.ContainerReportHandler (AbstractContainerReportHandler.java:updateContainerState(145)) - Container #1 is in OPEN state, but the datanode 0d68154c-bc1a-4b17-bcf5-90972ecdd7ac{ip: 192.168.157.251, host: pr-hdds-2318-qqrts-113280968, networkLocation: /default-rack, certSerialId: null} reports an CLOSED replica.
2019-10-17 18:38:38,584 [Thread-510] INFO  client.GrpcClientProtocolService (GrpcClientProtocolService.java:lambda$processClientRequest$0(278)) - Failed RaftClientRequest:client-79966ACA1C67->0d68154c-bc1a-4b17-bcf5-90972ecdd7ac@group-A236C1E6A57F, cid=10, seq=0, Watch-ALL_COMMITTED(8), Message:<EMPTY>, reply=RaftClientReply:client-79966ACA1C67->0d68154c-bc1a-4b17-bcf5-90972ecdd7ac@group-A236C1E6A57F, cid=10, FAILED org.apache.ratis.protocol.NotReplicatedException: Request with call Id 10 and log index 8 is not yet replicated to ALL_COMMITTED, logIndex=8, commits[0d68154c-bc1a-4b17-bcf5-90972ecdd7ac:c12, 7b069786-c4de-4177-a49c-78057d3e7b27:c12, 09ea8095-e0f7-4a15-a25f-71748f8d4e7f:c6]
2019-10-17 18:38:38,835 [EventQueue-ContainerReportForContainerReportHandler] WARN  container.ContainerReportHandler (AbstractContainerReportHandler.java:updateContainerState(145)) - Container #1 is in OPEN state, but the datanode 0d68154c-bc1a-4b17-bcf5-90972ecdd7ac{ip: 192.168.157.251, host: pr-hdds-2318-qqrts-113280968, networkLocation: /default-rack, certSerialId: null} reports an CLOSED replica.
2019-10-17 18:38:38,856 [EventQueue-ContainerReportForContainerReportHandler] WARN  container.ContainerReportHandler (AbstractContainerReportHandler.java:updateContainerState(145)) - Container #1 is in OPEN state, but the datanode 7b069786-c4de-4177-a49c-78057d3e7b27{ip: 192.168.157.251, host: pr-hdds-2318-qqrts-113280968, networkLocation: /default-rack, certSerialId: null} reports an CLOSED replica.
2019-10-17 18:38:39,035 [EventQueue-ContainerReportForContainerReportHandler] WARN  container.ContainerReportHandler (AbstractContainerReportHandler.java:updateContainerState(145)) - Container #1 is in OPEN state, but the datanode 0d68154c-bc1a-4b17-bcf5-90972ecdd7ac{ip: 192.168.157.251, host: pr-hdds-2318-qqrts-113280968, networkLocation: /default-rack, certSerialId: null} reports an CLOSED replica.
2019-10-17 18:38:39,121 [BlockDeletingService#2] WARN  background.BlockDeletingService (BlockDeletingService.java:isDeletionAllowed(187)) - Close Container log Index 8 is not replicated across allthe servers in the pipeline f5073bd3-c80c-4957-9a7f-a236c1e6a57f as the min replicated index is 6. Deletion is not allowed in this container yet.
2019-10-17 18:38:39,123 [BlockDeletingService#2] WARN  background.BlockDeletingService (BlockDeletingService.java:isDeletionAllowed(187)) - Close Container log Index 8 is not replicated across allthe servers in the pipeline f5073bd3-c80c-4957-9a7f-a236c1e6a57f as the min replicated index is 6. Deletion is not allowed in this container yet.
2019-10-17 18:38:39,156 [EventQueue-ContainerReportForContainerReportHandler] WARN  container.ContainerReportHandler (AbstractContainerReportHandler.java:updateContainerState(145)) - Container #1 is in OPEN state, but the datanode 7b069786-c4de-4177-a49c-78057d3e7b27{ip: 192.168.157.251, host: pr-hdds-2318-qqrts-113280968, networkLocation: /default-rack, certSerialId: null} reports an CLOSED replica.
2019-10-17 18:38:39,435 [EventQueue-ContainerReportForContainerReportHandler] WARN  container.ContainerReportHandler (AbstractContainerReportHandler.java:updateContainerState(145)) - Container #1 is in OPEN state, but the datanode 0d68154c-bc1a-4b17-bcf5-90972ecdd7ac{ip: 192.168.157.251, host: pr-hdds-2318-qqrts-113280968, networkLocation: /default-rack, certSerialId: null} reports an CLOSED replica.
2019-10-17 18:38:39,456 [EventQueue-ContainerReportForContainerReportHandler] WARN  container.ContainerReportHandler (AbstractContainerReportHandler.java:updateContainerState(145)) - Container #1 is in OPEN state, but the datanode 7b069786-c4de-4177-a49c-78057d3e7b27{ip: 192.168.157.251, host: pr-hdds-2318-qqrts-113280968, networkLocation: /default-rack, certSerialId: null} reports an CLOSED replica.
2019-10-17 18:38:39,736 [EventQueue-ContainerReportForContainerReportHandler] WARN  container.ContainerReportHandler (AbstractContainerReportHandler.java:updateContainerState(145)) - Container #1 is in OPEN state, but the datanode 0d68154c-bc1a-4b17-bcf5-90972ecdd7ac{ip: 192.168.157.251, host: pr-hdds-2318-qqrts-113280968, networkLocation: /default-rack, certSerialId: null} reports an CLOSED replica.
2019-10-17 18:38:39,856 [EventQueue-ContainerReportForContainerReportHandler] WARN  container.ContainerReportHandler (AbstractContainerReportHandler.java:updateContainerState(145)) - Container #1 is in OPEN state, but the datanode 7b069786-c4de-4177-a49c-78057d3e7b27{ip: 192.168.157.251, host: pr-hdds-2318-qqrts-113280968, networkLocation: /default-rack, certSerialId: null} reports an CLOSED replica.
2019-10-17 18:38:39,936 [EventQueue-ContainerReportForContainerReportHandler] WARN  container.ContainerReportHandler (AbstractContainerReportHandler.java:updateContainerState(145)) - Container #1 is in OPEN state, but the datanode 0d68154c-bc1a-4b17-bcf5-90972ecdd7ac{ip: 192.168.157.251, host: pr-hdds-2318-qqrts-113280968, networkLocation: /default-rack, certSerialId: null} reports an CLOSED replica.
2019-10-17 18:38:40,124 [BlockDeletingService#2] WARN  background.BlockDeletingService (BlockDeletingService.java:isDeletionAllowed(187)) - Close Container log Index 8 is not replicated across allthe servers in the pipeline f5073bd3-c80c-4957-9a7f-a236c1e6a57f as the min replicated index is 6. Deletion is not allowed in this container yet.
2019-10-17 18:38:40,124 [BlockDeletingService#2] WARN  background.BlockDeletingService (BlockDeletingService.java:isDeletionAllowed(187)) - Close Container log Index 8 is not replicated across allthe servers in the pipeline f5073bd3-c80c-4957-9a7f-a236c1e6a57f as the min replicated index is 6. Deletion is not allowed in this container yet.
2019-10-17 18:38:40,156 [EventQueue-ContainerReportForContainerReportHandler] WARN  container.ContainerReportHandler (AbstractContainerReportHandler.java:updateContainerState(145)) - Container #1 is in OPEN state, but the datanode 7b069786-c4de-4177-a49c-78057d3e7b27{ip: 192.168.157.251, host: pr-hdds-2318-qqrts-113280968, networkLocation: /default-rack, certSerialId: null} reports an CLOSED replica.
2019-10-17 18:38:40,167 [java.util.concurrent.ThreadPoolExecutor$Worker@76cdd85c[State = -1, empty queue]] WARN  server.GrpcLogAppender (GrpcLogAppender.java:timeoutAppendRequest(209)) - 0d68154c-bc1a-4b17-bcf5-90972ecdd7ac@group-A236C1E6A57F->09ea8095-e0f7-4a15-a25f-71748f8d4e7f-GrpcLogAppender: appendEntries Timeout, request=0d68154c-bc1a-4b17-bcf5-90972ecdd7ac->09ea8095-e0f7-4a15-a25f-71748f8d4e7f#39-t9, previous=(t:9, i:12), leaderCommit=12, initializing? false, entries: <empty>
2019-10-17 18:38:40,336 [EventQueue-ContainerReportForContainerReportHandler] WARN  container.ContainerReportHandler (AbstractContainerReportHandler.java:updateContainerState(145)) - Container #1 is in OPEN state, but the datanode 0d68154c-bc1a-4b17-bcf5-90972ecdd7ac{ip: 192.168.157.251, host: pr-hdds-2318-qqrts-113280968, networkLocation: /default-rack, certSerialId: null} reports an CLOSED replica.
2019-10-17 18:38:40,356 [EventQueue-ContainerReportForContainerReportHandler] WARN  container.ContainerReportHandler (AbstractContainerReportHandler.java:updateContainerState(145)) - Container #1 is in OPEN state, but the datanode 7b069786-c4de-4177-a49c-78057d3e7b27{ip: 192.168.157.251, host: pr-hdds-2318-qqrts-113280968, networkLocation: /default-rack, certSerialId: null} reports an CLOSED replica.
2019-10-17 18:38:40,536 [EventQueue-ContainerReportForContainerReportHandler] WARN  container.ContainerReportHandler (AbstractContainerReportHandler.java:updateContainerState(145)) - Container #1 is in OPEN state, but the datanode 0d68154c-bc1a-4b17-bcf5-90972ecdd7ac{ip: 192.168.157.251, host: pr-hdds-2318-qqrts-113280968, networkLocation: /default-rack, certSerialId: null} reports an CLOSED replica.
2019-10-17 18:38:40,756 [EventQueue-ContainerReportForContainerReportHandler] WARN  container.ContainerReportHandler (AbstractContainerReportHandler.java:updateContainerState(145)) - Container #1 is in OPEN state, but the datanode 7b069786-c4de-4177-a49c-78057d3e7b27{ip: 192.168.157.251, host: pr-hdds-2318-qqrts-113280968, networkLocation: /default-rack, certSerialId: null} reports an CLOSED replica.
2019-10-17 18:38:40,936 [EventQueue-ContainerReportForContainerReportHandler] WARN  container.ContainerReportHandler (AbstractContainerReportHandler.java:updateContainerState(145)) - Container #1 is in OPEN state, but the datanode 0d68154c-bc1a-4b17-bcf5-90972ecdd7ac{ip: 192.168.157.251, host: pr-hdds-2318-qqrts-113280968, networkLocation: /default-rack, certSerialId: null} reports an CLOSED replica.
2019-10-17 18:38:41,057 [EventQueue-ContainerReportForContainerReportHandler] WARN  container.ContainerReportHandler (AbstractContainerReportHandler.java:updateContainerState(145)) - Container #1 is in OPEN state, but the datanode 7b069786-c4de-4177-a49c-78057d3e7b27{ip: 192.168.157.251, host: pr-hdds-2318-qqrts-113280968, networkLocation: /default-rack, certSerialId: null} reports an CLOSED replica.
2019-10-17 18:38:41,125 [BlockDeletingService#2] WARN  background.BlockDeletingService (BlockDeletingService.java:isDeletionAllowed(187)) - Close Container log Index 8 is not replicated across allthe servers in the pipeline f5073bd3-c80c-4957-9a7f-a236c1e6a57f as the min replicated index is 6. Deletion is not allowed in this container yet.
2019-10-17 18:38:41,125 [BlockDeletingService#2] WARN  background.BlockDeletingService (BlockDeletingService.java:isDeletionAllowed(187)) - Close Container log Index 8 is not replicated across allthe servers in the pipeline f5073bd3-c80c-4957-9a7f-a236c1e6a57f as the min replicated index is 6. Deletion is not allowed in this container yet.
2019-10-17 18:38:41,256 [EventQueue-ContainerReportForContainerReportHandler] WARN  container.ContainerReportHandler (AbstractContainerReportHandler.java:updateContainerState(145)) - Container #1 is in OPEN state, but the datanode 7b069786-c4de-4177-a49c-78057d3e7b27{ip: 192.168.157.251, host: pr-hdds-2318-qqrts-113280968, networkLocation: /default-rack, certSerialId: null} reports an CLOSED replica.
2019-10-17 18:38:41,336 [EventQueue-ContainerReportForContainerReportHandler] WARN  container.ContainerReportHandler (AbstractContainerReportHandler.java:updateContainerState(145)) - Container #1 is in OPEN state, but the datanode 0d68154c-bc1a-4b17-bcf5-90972ecdd7ac{ip: 192.168.157.251, host: pr-hdds-2318-qqrts-113280968, networkLocation: /default-rack, certSerialId: null} reports an CLOSED replica.
2019-10-17 18:38:41,637 [EventQueue-ContainerReportForContainerReportHandler] WARN  container.ContainerReportHandler (AbstractContainerReportHandler.java:updateContainerState(145)) - Container #1 is in OPEN state, but the datanode 0d68154c-bc1a-4b17-bcf5-90972ecdd7ac{ip: 192.168.157.251, host: pr-hdds-2318-qqrts-113280968, networkLocation: /default-rack, certSerialId: null} reports an CLOSED replica.
2019-10-17 18:38:41,657 [EventQueue-ContainerReportForContainerReportHandler] WARN  container.ContainerReportHandler (AbstractContainerReportHandler.java:updateContainerState(145)) - Container #1 is in OPEN state, but the datanode 7b069786-c4de-4177-a49c-78057d3e7b27{ip: 192.168.157.251, host: pr-hdds-2318-qqrts-113280968, networkLocation: /default-rack, certSerialId: null} reports an CLOSED replica.
2019-10-17 18:38:42,037 [EventQueue-ContainerReportForContainerReportHandler] WARN  container.ContainerReportHandler (AbstractContainerReportHandler.java:updateContainerState(145)) - Container #1 is in OPEN state, but the datanode 0d68154c-bc1a-4b17-bcf5-90972ecdd7ac{ip: 192.168.157.251, host: pr-hdds-2318-qqrts-113280968, networkLocation: /default-rack, certSerialId: null} reports an CLOSED replica.
2019-10-17 18:38:42,057 [EventQueue-ContainerReportForContainerReportHandler] WARN  container.ContainerReportHandler (AbstractContainerReportHandler.java:updateContainerState(145)) - Container #1 is in OPEN state, but the datanode 7b069786-c4de-4177-a49c-78057d3e7b27{ip: 192.168.157.251, host: pr-hdds-2318-qqrts-113280968, networkLocation: /default-rack, certSerialId: null} reports an CLOSED replica.
2019-10-17 18:38:42,127 [BlockDeletingService#2] WARN  background.BlockDeletingService (BlockDeletingService.java:isDeletionAllowed(187)) - Close Container log Index 8 is not replicated across allthe servers in the pipeline f5073bd3-c80c-4957-9a7f-a236c1e6a57f as the min replicated index is 6. Deletion is not allowed in this container yet.
2019-10-17 18:38:42,127 [BlockDeletingService#2] WARN  background.BlockDeletingService (BlockDeletingService.java:isDeletionAllowed(187)) - Close Container log Index 8 is not replicated across allthe servers in the pipeline f5073bd3-c80c-4957-9a7f-a236c1e6a57f as the min replicated index is 6. Deletion is not allowed in this container yet.
2019-10-17 18:38:42,237 [EventQueue-ContainerReportForContainerReportHandler] WARN  container.ContainerReportHandler (AbstractContainerReportHandler.java:updateContainerState(145)) - Container #1 is in OPEN state, but the datanode 0d68154c-bc1a-4b17-bcf5-90972ecdd7ac{ip: 192.168.157.251, host: pr-hdds-2318-qqrts-113280968, networkLocation: /default-rack, certSerialId: null} reports an CLOSED replica.
2019-10-17 18:38:42,358 [EventQueue-ContainerReportForContainerReportHandler] WARN  container.ContainerReportHandler (AbstractContainerReportHandler.java:updateContainerState(145)) - Container #1 is in OPEN state, but the datanode 7b069786-c4de-4177-a49c-78057d3e7b27{ip: 192.168.157.251, host: pr-hdds-2318-qqrts-113280968, networkLocation: /default-rack, certSerialId: null} reports an CLOSED replica.
2019-10-17 18:38:42,537 [EventQueue-ContainerReportForContainerReportHandler] WARN  container.ContainerReportHandler (AbstractContainerReportHandler.java:updateContainerState(145)) - Container #1 is in OPEN state, but the datanode 0d68154c-bc1a-4b17-bcf5-90972ecdd7ac{ip: 192.168.157.251, host: pr-hdds-2318-qqrts-113280968, networkLocation: /default-rack, certSerialId: null} reports an CLOSED replica.
2019-10-17 18:38:42,659 [EventQueue-ContainerReportForContainerReportHandler] WARN  container.ContainerReportHandler (AbstractContainerReportHandler.java:updateContainerState(145)) - Container #1 is in OPEN state, but the datanode 7b069786-c4de-4177-a49c-78057d3e7b27{ip: 192.168.157.251, host: pr-hdds-2318-qqrts-113280968, networkLocation: /default-rack, certSerialId: null} reports an CLOSED replica.
2019-10-17 18:38:42,668 [java.util.concurrent.ThreadPoolExecutor$Worker@76cdd85c[State = -1, empty queue]] WARN  server.GrpcLogAppender (GrpcLogAppender.java:timeoutAppendRequest(209)) - 0d68154c-bc1a-4b17-bcf5-90972ecdd7ac@group-A236C1E6A57F->09ea8095-e0f7-4a15-a25f-71748f8d4e7f-GrpcLogAppender: appendEntries Timeout, request=0d68154c-bc1a-4b17-bcf5-90972ecdd7ac->09ea8095-e0f7-4a15-a25f-71748f8d4e7f#40-t9, previous=(t:9, i:12), leaderCommit=12, initializing? false, entries: <empty>
2019-10-17 18:38:42,840 [EventQueue-ContainerReportForContainerReportHandler] WARN  container.ContainerReportHandler (AbstractContainerReportHandler.java:updateContainerState(145)) - Container #1 is in OPEN state, but the datanode 0d68154c-bc1a-4b17-bcf5-90972ecdd7ac{ip: 192.168.157.251, host: pr-hdds-2318-qqrts-113280968, networkLocation: /default-rack, certSerialId: null} reports an CLOSED replica.
2019-10-17 18:38:42,959 [EventQueue-ContainerReportForContainerReportHandler] WARN  container.ContainerReportHandler (AbstractContainerReportHandler.java:updateContainerState(145)) - Container #1 is in OPEN state, but the datanode 7b069786-c4de-4177-a49c-78057d3e7b27{ip: 192.168.157.251, host: pr-hdds-2318-qqrts-113280968, networkLocation: /default-rack, certSerialId: null} reports an CLOSED replica.
2019-10-17 18:38:43,041 [EventQueue-ContainerReportForContainerReportHandler] WARN  container.ContainerReportHandler (AbstractContainerReportHandler.java:updateContainerState(145)) - Container #1 is in OPEN state, but the datanode 0d68154c-bc1a-4b17-bcf5-90972ecdd7ac{ip: 192.168.157.251, host: pr-hdds-2318-qqrts-113280968, networkLocation: /default-rack, certSerialId: null} reports an CLOSED replica.
2019-10-17 18:38:43,129 [BlockDeletingService#2] WARN  background.BlockDeletingService (BlockDeletingService.java:isDeletionAllowed(187)) - Close Container log Index 8 is not replicated across allthe servers in the pipeline f5073bd3-c80c-4957-9a7f-a236c1e6a57f as the min replicated index is 6. Deletion is not allowed in this container yet.
2019-10-17 18:38:43,129 [BlockDeletingService#2] WARN  background.BlockDeletingService (BlockDeletingService.java:isDeletionAllowed(187)) - Close Container log Index 8 is not replicated across allthe servers in the pipeline f5073bd3-c80c-4957-9a7f-a236c1e6a57f as the min replicated index is 6. Deletion is not allowed in this container yet.
2019-10-17 18:38:43,261 [EventQueue-ContainerReportForContainerReportHandler] WARN  container.ContainerReportHandler (AbstractContainerReportHandler.java:updateContainerState(145)) - Container #1 is in OPEN state, but the datanode 7b069786-c4de-4177-a49c-78057d3e7b27{ip: 192.168.157.251, host: pr-hdds-2318-qqrts-113280968, networkLocation: /default-rack, certSerialId: null} reports an CLOSED replica.
2019-10-17 18:38:43,341 [EventQueue-ContainerReportForContainerReportHandler] WARN  container.ContainerReportHandler (AbstractContainerReportHandler.java:updateContainerState(145)) - Container #1 is in OPEN state, but the datanode 0d68154c-bc1a-4b17-bcf5-90972ecdd7ac{ip: 192.168.157.251, host: pr-hdds-2318-qqrts-113280968, networkLocation: /default-rack, certSerialId: null} reports an CLOSED replica.
2019-10-17 18:38:43,461 [EventQueue-ContainerReportForContainerReportHandler] WARN  container.ContainerReportHandler (AbstractContainerReportHandler.java:updateContainerState(145)) - Container #1 is in OPEN state, but the datanode 7b069786-c4de-4177-a49c-78057d3e7b27{ip: 192.168.157.251, host: pr-hdds-2318-qqrts-113280968, networkLocation: /default-rack, certSerialId: null} reports an CLOSED replica.
2019-10-17 18:38:43,541 [EventQueue-ContainerReportForContainerReportHandler] WARN  container.ContainerReportHandler (AbstractContainerReportHandler.java:updateContainerState(145)) - Container #1 is in OPEN state, but the datanode 0d68154c-bc1a-4b17-bcf5-90972ecdd7ac{ip: 192.168.157.251, host: pr-hdds-2318-qqrts-113280968, networkLocation: /default-rack, certSerialId: null} reports an CLOSED replica.
2019-10-17 18:38:43,761 [EventQueue-ContainerReportForContainerReportHandler] WARN  container.ContainerReportHandler (AbstractContainerReportHandler.java:updateContainerState(145)) - Container #1 is in OPEN state, but the datanode 7b069786-c4de-4177-a49c-78057d3e7b27{ip: 192.168.157.251, host: pr-hdds-2318-qqrts-113280968, networkLocation: /default-rack, certSerialId: null} reports an CLOSED replica.
2019-10-17 18:38:43,844 [EventQueue-ContainerReportForContainerReportHandler] WARN  container.ContainerReportHandler (AbstractContainerReportHandler.java:updateContainerState(145)) - Container #1 is in OPEN state, but the datanode 0d68154c-bc1a-4b17-bcf5-90972ecdd7ac{ip: 192.168.157.251, host: pr-hdds-2318-qqrts-113280968, networkLocation: /default-rack, certSerialId: null} reports an CLOSED replica.
2019-10-17 18:38:44,041 [EventQueue-ContainerReportForContainerReportHandler] WARN  container.ContainerReportHandler (AbstractContainerReportHandler.java:updateContainerState(145)) - Container #1 is in OPEN state, but the datanode 0d68154c-bc1a-4b17-bcf5-90972ecdd7ac{ip: 192.168.157.251, host: pr-hdds-2318-qqrts-113280968, networkLocation: /default-rack, certSerialId: null} reports an CLOSED replica.
2019-10-17 18:38:44,061 [EventQueue-ContainerReportForContainerReportHandler] WARN  container.ContainerReportHandler (AbstractContainerReportHandler.java:updateContainerState(145)) - Container #1 is in OPEN state, but the datanode 7b069786-c4de-4177-a49c-78057d3e7b27{ip: 192.168.157.251, host: pr-hdds-2318-qqrts-113280968, networkLocation: /default-rack, certSerialId: null} reports an CLOSED replica.
2019-10-17 18:38:44,133 [BlockDeletingService#2] WARN  background.BlockDeletingService (BlockDeletingService.java:isDeletionAllowed(187)) - Close Container log Index 8 is not replicated across allthe servers in the pipeline f5073bd3-c80c-4957-9a7f-a236c1e6a57f as the min replicated index is 6. Deletion is not allowed in this container yet.
2019-10-17 18:38:44,133 [BlockDeletingService#2] WARN  background.BlockDeletingService (BlockDeletingService.java:isDeletionAllowed(187)) - Close Container log Index 8 is not replicated across allthe servers in the pipeline f5073bd3-c80c-4957-9a7f-a236c1e6a57f as the min replicated index is 6. Deletion is not allowed in this container yet.
2019-10-17 18:38:44,343 [EventQueue-ContainerReportForContainerReportHandler] WARN  container.ContainerReportHandler (AbstractContainerReportHandler.java:updateContainerState(145)) - Container #1 is in OPEN state, but the datanode 0d68154c-bc1a-4b17-bcf5-90972ecdd7ac{ip: 192.168.157.251, host: pr-hdds-2318-qqrts-113280968, networkLocation: /default-rack, certSerialId: null} reports an CLOSED replica.
2019-10-17 18:38:44,461 [EventQueue-ContainerReportForContainerReportHandler] WARN  container.ContainerReportHandler (AbstractContainerReportHandler.java:updateContainerState(145)) - Container #1 is in OPEN state, but the datanode 7b069786-c4de-4177-a49c-78057d3e7b27{ip: 192.168.157.251, host: pr-hdds-2318-qqrts-113280968, networkLocation: /default-rack, certSerialId: null} reports an CLOSED replica.
2019-10-17 18:38:44,746 [EventQueue-ContainerReportForContainerReportHandler] WARN  container.ContainerReportHandler (AbstractContainerReportHandler.java:updateContainerState(145)) - Container #1 is in OPEN state, but the datanode 0d68154c-bc1a-4b17-bcf5-90972ecdd7ac{ip: 192.168.157.251, host: pr-hdds-2318-qqrts-113280968, networkLocation: /default-rack, certSerialId: null} reports an CLOSED replica.
2019-10-17 18:38:44,761 [EventQueue-ContainerReportForContainerReportHandler] WARN  container.ContainerReportHandler (AbstractContainerReportHandler.java:updateContainerState(145)) - Container #1 is in OPEN state, but the datanode 7b069786-c4de-4177-a49c-78057d3e7b27{ip: 192.168.157.251, host: pr-hdds-2318-qqrts-113280968, networkLocation: /default-rack, certSerialId: null} reports an CLOSED replica.
2019-10-17 18:38:44,961 [EventQueue-ContainerReportForContainerReportHandler] WARN  container.ContainerReportHandler (AbstractContainerReportHandler.java:updateContainerState(145)) - Container #1 is in OPEN state, but the datanode 7b069786-c4de-4177-a49c-78057d3e7b27{ip: 192.168.157.251, host: pr-hdds-2318-qqrts-113280968, networkLocation: /default-rack, certSerialId: null} reports an CLOSED replica.
2019-10-17 18:38:45,046 [EventQueue-ContainerReportForContainerReportHandler] WARN  container.ContainerReportHandler (AbstractContainerReportHandler.java:updateContainerState(145)) - Container #1 is in OPEN state, but the datanode 0d68154c-bc1a-4b17-bcf5-90972ecdd7ac{ip: 192.168.157.251, host: pr-hdds-2318-qqrts-113280968, networkLocation: /default-rack, certSerialId: null} reports an CLOSED replica.
2019-10-17 18:38:45,135 [BlockDeletingService#2] WARN  background.BlockDeletingService (BlockDeletingService.java:isDeletionAllowed(187)) - Close Container log Index 8 is not replicated across allthe servers in the pipeline f5073bd3-c80c-4957-9a7f-a236c1e6a57f as the min replicated index is 6. Deletion is not allowed in this container yet.
2019-10-17 18:38:45,135 [BlockDeletingService#2] WARN  background.BlockDeletingService (BlockDeletingService.java:isDeletionAllowed(187)) - Close Container log Index 8 is not replicated across allthe servers in the pipeline f5073bd3-c80c-4957-9a7f-a236c1e6a57f as the min replicated index is 6. Deletion is not allowed in this container yet.
2019-10-17 18:38:45,161 [EventQueue-ContainerReportForContainerReportHandler] WARN  container.ContainerReportHandler (AbstractContainerReportHandler.java:updateContainerState(145)) - Container #1 is in OPEN state, but the datanode 7b069786-c4de-4177-a49c-78057d3e7b27{ip: 192.168.157.251, host: pr-hdds-2318-qqrts-113280968, networkLocation: /default-rack, certSerialId: null} reports an CLOSED replica.
2019-10-17 18:38:45,169 [java.util.concurrent.ThreadPoolExecutor$Worker@76cdd85c[State = -1, empty queue]] WARN  server.GrpcLogAppender (GrpcLogAppender.java:timeoutAppendRequest(209)) - 0d68154c-bc1a-4b17-bcf5-90972ecdd7ac@group-A236C1E6A57F->09ea8095-e0f7-4a15-a25f-71748f8d4e7f-GrpcLogAppender: appendEntries Timeout, request=0d68154c-bc1a-4b17-bcf5-90972ecdd7ac->09ea8095-e0f7-4a15-a25f-71748f8d4e7f#41-t9, previous=(t:9, i:12), leaderCommit=12, initializing? false, entries: <empty>
2019-10-17 18:38:45,247 [EventQueue-ContainerReportForContainerReportHandler] WARN  container.ContainerReportHandler (AbstractContainerReportHandler.java:updateContainerState(145)) - Container #1 is in OPEN state, but the datanode 0d68154c-bc1a-4b17-bcf5-90972ecdd7ac{ip: 192.168.157.251, host: pr-hdds-2318-qqrts-113280968, networkLocation: /default-rack, certSerialId: null} reports an CLOSED replica.
2019-10-17 18:38:45,547 [EventQueue-ContainerReportForContainerReportHandler] WARN  container.ContainerReportHandler (AbstractContainerReportHandler.java:updateContainerState(145)) - Container #1 is in OPEN state, but the datanode 0d68154c-bc1a-4b17-bcf5-90972ecdd7ac{ip: 192.168.157.251, host: pr-hdds-2318-qqrts-113280968, networkLocation: /default-rack, certSerialId: null} reports an CLOSED replica.
2019-10-17 18:38:45,562 [EventQueue-ContainerReportForContainerReportHandler] WARN  container.ContainerReportHandler (AbstractContainerReportHandler.java:updateContainerState(145)) - Container #1 is in OPEN state, but the datanode 7b069786-c4de-4177-a49c-78057d3e7b27{ip: 192.168.157.251, host: pr-hdds-2318-qqrts-113280968, networkLocation: /default-rack, certSerialId: null} reports an CLOSED replica.
2019-10-17 18:38:45,747 [EventQueue-ContainerReportForContainerReportHandler] WARN  container.ContainerReportHandler (AbstractContainerReportHandler.java:updateContainerState(145)) - Container #1 is in OPEN state, but the datanode 0d68154c-bc1a-4b17-bcf5-90972ecdd7ac{ip: 192.168.157.251, host: pr-hdds-2318-qqrts-113280968, networkLocation: /default-rack, certSerialId: null} reports an CLOSED replica.
2019-10-17 18:38:45,762 [EventQueue-ContainerReportForContainerReportHandler] WARN  container.ContainerReportHandler (AbstractContainerReportHandler.java:updateContainerState(145)) - Container #1 is in OPEN state, but the datanode 7b069786-c4de-4177-a49c-78057d3e7b27{ip: 192.168.157.251, host: pr-hdds-2318-qqrts-113280968, networkLocation: /default-rack, certSerialId: null} reports an CLOSED replica.
2019-10-17 18:38:46,047 [EventQueue-ContainerReportForContainerReportHandler] WARN  container.ContainerReportHandler (AbstractContainerReportHandler.java:updateContainerState(145)) - Container #1 is in OPEN state, but the datanode 0d68154c-bc1a-4b17-bcf5-90972ecdd7ac{ip: 192.168.157.251, host: pr-hdds-2318-qqrts-113280968, networkLocation: /default-rack, certSerialId: null} reports an CLOSED replica.
2019-10-17 18:38:46,136 [BlockDeletingService#2] WARN  background.BlockDeletingService (BlockDeletingService.java:isDeletionAllowed(187)) - Close Container log Index 8 is not replicated across allthe servers in the pipeline f5073bd3-c80c-4957-9a7f-a236c1e6a57f as the min replicated index is 6. Deletion is not allowed in this container yet.
2019-10-17 18:38:46,136 [BlockDeletingService#2] WARN  background.BlockDeletingService (BlockDeletingService.java:isDeletionAllowed(187)) - Close Container log Index 8 is not replicated across allthe servers in the pipeline f5073bd3-c80c-4957-9a7f-a236c1e6a57f as the min replicated index is 6. Deletion is not allowed in this container yet.
2019-10-17 18:38:46,162 [EventQueue-ContainerReportForContainerReportHandler] WARN  container.ContainerReportHandler (AbstractContainerReportHandler.java:updateContainerState(145)) - Container #1 is in OPEN state, but the datanode 7b069786-c4de-4177-a49c-78057d3e7b27{ip: 192.168.157.251, host: pr-hdds-2318-qqrts-113280968, networkLocation: /default-rack, certSerialId: null} reports an CLOSED replica.
2019-10-17 18:38:46,347 [EventQueue-ContainerReportForContainerReportHandler] WARN  container.ContainerReportHandler (AbstractContainerReportHandler.java:updateContainerState(145)) - Container #1 is in OPEN state, but the datanode 0d68154c-bc1a-4b17-bcf5-90972ecdd7ac{ip: 192.168.157.251, host: pr-hdds-2318-qqrts-113280968, networkLocation: /default-rack, certSerialId: null} reports an CLOSED replica.
2019-10-17 18:38:46,362 [EventQueue-ContainerReportForContainerReportHandler] WARN  container.ContainerReportHandler (AbstractContainerReportHandler.java:updateContainerState(145)) - Container #1 is in OPEN state, but the datanode 7b069786-c4de-4177-a49c-78057d3e7b27{ip: 192.168.157.251, host: pr-hdds-2318-qqrts-113280968, networkLocation: /default-rack, certSerialId: null} reports an CLOSED replica.
2019-10-17 18:38:46,647 [EventQueue-ContainerReportForContainerReportHandler] WARN  container.ContainerReportHandler (AbstractContainerReportHandler.java:updateContainerState(145)) - Container #1 is in OPEN state, but the datanode 0d68154c-bc1a-4b17-bcf5-90972ecdd7ac{ip: 192.168.157.251, host: pr-hdds-2318-qqrts-113280968, networkLocation: /default-rack, certSerialId: null} reports an CLOSED replica.
2019-10-17 18:38:46,733 [Thread-534] INFO  client.GrpcClientProtocolService (GrpcClientProtocolService.java:lambda$processClientRequest$0(278)) - Failed RaftClientRequest:client-79966ACA1C67->7b069786-c4de-4177-a49c-78057d3e7b27@group-A236C1E6A57F, cid=10, seq=0, Watch-ALL_COMMITTED(8), Message:<EMPTY>, reply=RaftClientReply:client-79966ACA1C67->7b069786-c4de-4177-a49c-78057d3e7b27@group-A236C1E6A57F, cid=10, FAILED org.apache.ratis.protocol.NotLeaderException: Server 7b069786-c4de-4177-a49c-78057d3e7b27@group-A236C1E6A57F is not the leader 0d68154c-bc1a-4b17-bcf5-90972ecdd7ac:192.168.157.251:40580, logIndex=0, commits[7b069786-c4de-4177-a49c-78057d3e7b27:c12, 0d68154c-bc1a-4b17-bcf5-90972ecdd7ac:c12, 09ea8095-e0f7-4a15-a25f-71748f8d4e7f:c6]
2019-10-17 18:38:46,763 [EventQueue-ContainerReportForContainerReportHandler] WARN  container.ContainerReportHandler (AbstractContainerReportHandler.java:updateContainerState(145)) - Container #1 is in OPEN state, but the datanode 7b069786-c4de-4177-a49c-78057d3e7b27{ip: 192.168.157.251, host: pr-hdds-2318-qqrts-113280968, networkLocation: /default-rack, certSerialId: null} reports an CLOSED replica.
2019-10-17 18:38:46,948 [EventQueue-ContainerReportForContainerReportHandler] WARN  container.ContainerReportHandler (AbstractContainerReportHandler.java:updateContainerState(145)) - Container #1 is in OPEN state, but the datanode 0d68154c-bc1a-4b17-bcf5-90972ecdd7ac{ip: 192.168.157.251, host: pr-hdds-2318-qqrts-113280968, networkLocation: /default-rack, certSerialId: null} reports an CLOSED replica.
2019-10-17 18:38:47,138 [BlockDeletingService#2] WARN  background.BlockDeletingService (BlockDeletingService.java:isDeletionAllowed(187)) - Close Container log Index 8 is not replicated across allthe servers in the pipeline f5073bd3-c80c-4957-9a7f-a236c1e6a57f as the min replicated index is 6. Deletion is not allowed in this container yet.
2019-10-17 18:38:47,138 [BlockDeletingService#2] WARN  background.BlockDeletingService (BlockDeletingService.java:isDeletionAllowed(187)) - Close Container log Index 8 is not replicated across allthe servers in the pipeline f5073bd3-c80c-4957-9a7f-a236c1e6a57f as the min replicated index is 6. Deletion is not allowed in this container yet.
2019-10-17 18:38:47,148 [EventQueue-ContainerReportForContainerReportHandler] WARN  container.ContainerReportHandler (AbstractContainerReportHandler.java:updateContainerState(145)) - Container #1 is in OPEN state, but the datanode 0d68154c-bc1a-4b17-bcf5-90972ecdd7ac{ip: 192.168.157.251, host: pr-hdds-2318-qqrts-113280968, networkLocation: /default-rack, certSerialId: null} reports an CLOSED replica.
2019-10-17 18:38:47,163 [EventQueue-ContainerReportForContainerReportHandler] WARN  container.ContainerReportHandler (AbstractContainerReportHandler.java:updateContainerState(145)) - Container #1 is in OPEN state, but the datanode 7b069786-c4de-4177-a49c-78057d3e7b27{ip: 192.168.157.251, host: pr-hdds-2318-qqrts-113280968, networkLocation: /default-rack, certSerialId: null} reports an CLOSED replica.
2019-10-17 18:38:47,363 [EventQueue-ContainerReportForContainerReportHandler] WARN  container.ContainerReportHandler (AbstractContainerReportHandler.java:updateContainerState(145)) - Container #1 is in OPEN state, but the datanode 7b069786-c4de-4177-a49c-78057d3e7b27{ip: 192.168.157.251, host: pr-hdds-2318-qqrts-113280968, networkLocation: /default-rack, certSerialId: null} reports an CLOSED replica.
2019-10-17 18:38:47,448 [EventQueue-ContainerReportForContainerReportHandler] WARN  container.ContainerReportHandler (AbstractContainerReportHandler.java:updateContainerState(145)) - Container #1 is in OPEN state, but the datanode 0d68154c-bc1a-4b17-bcf5-90972ecdd7ac{ip: 192.168.157.251, host: pr-hdds-2318-qqrts-113280968, networkLocation: /default-rack, certSerialId: null} reports an CLOSED replica.
2019-10-17 18:38:47,563 [EventQueue-ContainerReportForContainerReportHandler] WARN  container.ContainerReportHandler (AbstractContainerReportHandler.java:updateContainerState(145)) - Container #1 is in OPEN state, but the datanode 7b069786-c4de-4177-a49c-78057d3e7b27{ip: 192.168.157.251, host: pr-hdds-2318-qqrts-113280968, networkLocation: /default-rack, certSerialId: null} reports an CLOSED replica.
2019-10-17 18:38:47,584 [Thread-540] INFO  client.GrpcClientProtocolService (GrpcClientProtocolService.java:lambda$processClientRequest$0(278)) - Failed RaftClientRequest:client-79966ACA1C67->0d68154c-bc1a-4b17-bcf5-90972ecdd7ac@group-A236C1E6A57F, cid=10, seq=0, Watch-ALL_COMMITTED(8), Message:<EMPTY>, reply=RaftClientReply:client-79966ACA1C67->0d68154c-bc1a-4b17-bcf5-90972ecdd7ac@group-A236C1E6A57F, cid=10, FAILED org.apache.ratis.protocol.NotReplicatedException: Request with call Id 10 and log index 8 is not yet replicated to ALL_COMMITTED, logIndex=8, commits[0d68154c-bc1a-4b17-bcf5-90972ecdd7ac:c12, 7b069786-c4de-4177-a49c-78057d3e7b27:c12, 09ea8095-e0f7-4a15-a25f-71748f8d4e7f:c6]
2019-10-17 18:38:47,671 [java.util.concurrent.ThreadPoolExecutor$Worker@76cdd85c[State = -1, empty queue]] WARN  server.GrpcLogAppender (GrpcLogAppender.java:timeoutAppendRequest(209)) - 0d68154c-bc1a-4b17-bcf5-90972ecdd7ac@group-A236C1E6A57F->09ea8095-e0f7-4a15-a25f-71748f8d4e7f-GrpcLogAppender: appendEntries Timeout, request=0d68154c-bc1a-4b17-bcf5-90972ecdd7ac->09ea8095-e0f7-4a15-a25f-71748f8d4e7f#42-t9, previous=(t:9, i:12), leaderCommit=12, initializing? false, entries: <empty>
2019-10-17 18:38:47,848 [EventQueue-ContainerReportForContainerReportHandler] WARN  container.ContainerReportHandler (AbstractContainerReportHandler.java:updateContainerState(145)) - Container #1 is in OPEN state, but the datanode 0d68154c-bc1a-4b17-bcf5-90972ecdd7ac{ip: 192.168.157.251, host: pr-hdds-2318-qqrts-113280968, networkLocation: /default-rack, certSerialId: null} reports an CLOSED replica.
2019-10-17 18:38:47,963 [EventQueue-ContainerReportForContainerReportHandler] WARN  container.ContainerReportHandler (AbstractContainerReportHandler.java:updateContainerState(145)) - Container #1 is in OPEN state, but the datanode 7b069786-c4de-4177-a49c-78057d3e7b27{ip: 192.168.157.251, host: pr-hdds-2318-qqrts-113280968, networkLocation: /default-rack, certSerialId: null} reports an CLOSED replica.
2019-10-17 18:38:48,048 [EventQueue-ContainerReportForContainerReportHandler] WARN  container.ContainerReportHandler (AbstractContainerReportHandler.java:updateContainerState(145)) - Container #1 is in OPEN state, but the datanode 0d68154c-bc1a-4b17-bcf5-90972ecdd7ac{ip: 192.168.157.251, host: pr-hdds-2318-qqrts-113280968, networkLocation: /default-rack, certSerialId: null} reports an CLOSED replica.
2019-10-17 18:38:48,142 [BlockDeletingService#2] WARN  background.BlockDeletingService (BlockDeletingService.java:isDeletionAllowed(187)) - Close Container log Index 8 is not replicated across allthe servers in the pipeline f5073bd3-c80c-4957-9a7f-a236c1e6a57f as the min replicated index is 6. Deletion is not allowed in this container yet.
2019-10-17 18:38:48,142 [BlockDeletingService#2] WARN  background.BlockDeletingService (BlockDeletingService.java:isDeletionAllowed(187)) - Close Container log Index 8 is not replicated across allthe servers in the pipeline f5073bd3-c80c-4957-9a7f-a236c1e6a57f as the min replicated index is 6. Deletion is not allowed in this container yet.
2019-10-17 18:38:48,263 [EventQueue-ContainerReportForContainerReportHandler] WARN  container.ContainerReportHandler (AbstractContainerReportHandler.java:updateContainerState(145)) - Container #1 is in OPEN state, but the datanode 7b069786-c4de-4177-a49c-78057d3e7b27{ip: 192.168.157.251, host: pr-hdds-2318-qqrts-113280968, networkLocation: /default-rack, certSerialId: null} reports an CLOSED replica.
2019-10-17 18:38:48,348 [EventQueue-ContainerReportForContainerReportHandler] WARN  container.ContainerReportHandler (AbstractContainerReportHandler.java:updateContainerState(145)) - Container #1 is in OPEN state, but the datanode 0d68154c-bc1a-4b17-bcf5-90972ecdd7ac{ip: 192.168.157.251, host: pr-hdds-2318-qqrts-113280968, networkLocation: /default-rack, certSerialId: null} reports an CLOSED replica.
2019-10-17 18:38:48,649 [EventQueue-ContainerReportForContainerReportHandler] WARN  container.ContainerReportHandler (AbstractContainerReportHandler.java:updateContainerState(145)) - Container #1 is in OPEN state, but the datanode 0d68154c-bc1a-4b17-bcf5-90972ecdd7ac{ip: 192.168.157.251, host: pr-hdds-2318-qqrts-113280968, networkLocation: /default-rack, certSerialId: null} reports an CLOSED replica.
2019-10-17 18:38:48,664 [EventQueue-ContainerReportForContainerReportHandler] WARN  container.ContainerReportHandler (AbstractContainerReportHandler.java:updateContainerState(145)) - Container #1 is in OPEN state, but the datanode 7b069786-c4de-4177-a49c-78057d3e7b27{ip: 192.168.157.251, host: pr-hdds-2318-qqrts-113280968, networkLocation: /default-rack, certSerialId: null} reports an CLOSED replica.
2019-10-17 18:38:48,865 [EventQueue-ContainerReportForContainerReportHandler] WARN  container.ContainerReportHandler (AbstractContainerReportHandler.java:updateContainerState(145)) - Container #1 is in OPEN state, but the datanode 7b069786-c4de-4177-a49c-78057d3e7b27{ip: 192.168.157.251, host: pr-hdds-2318-qqrts-113280968, networkLocation: /default-rack, certSerialId: null} reports an CLOSED replica.
2019-10-17 18:38:49,049 [EventQueue-ContainerReportForContainerReportHandler] WARN  container.ContainerReportHandler (AbstractContainerReportHandler.java:updateContainerState(145)) - Container #1 is in OPEN state, but the datanode 0d68154c-bc1a-4b17-bcf5-90972ecdd7ac{ip: 192.168.157.251, host: pr-hdds-2318-qqrts-113280968, networkLocation: /default-rack, certSerialId: null} reports an CLOSED replica.
2019-10-17 18:38:49,143 [BlockDeletingService#2] WARN  background.BlockDeletingService (BlockDeletingService.java:isDeletionAllowed(187)) - Close Container log Index 8 is not replicated across allthe servers in the pipeline f5073bd3-c80c-4957-9a7f-a236c1e6a57f as the min replicated index is 6. Deletion is not allowed in this container yet.
2019-10-17 18:38:49,143 [BlockDeletingService#2] WARN  background.BlockDeletingService (BlockDeletingService.java:isDeletionAllowed(187)) - Close Container log Index 8 is not replicated across allthe servers in the pipeline f5073bd3-c80c-4957-9a7f-a236c1e6a57f as the min replicated index is 6. Deletion is not allowed in this container yet.
2019-10-17 18:38:49,164 [EventQueue-ContainerReportForContainerReportHandler] WARN  container.ContainerReportHandler (AbstractContainerReportHandler.java:updateContainerState(145)) - Container #1 is in OPEN state, but the datanode 7b069786-c4de-4177-a49c-78057d3e7b27{ip: 192.168.157.251, host: pr-hdds-2318-qqrts-113280968, networkLocation: /default-rack, certSerialId: null} reports an CLOSED replica.
2019-10-17 18:38:49,449 [EventQueue-ContainerReportForContainerReportHandler] WARN  container.ContainerReportHandler (AbstractContainerReportHandler.java:updateContainerState(145)) - Container #1 is in OPEN state, but the datanode 0d68154c-bc1a-4b17-bcf5-90972ecdd7ac{ip: 192.168.157.251, host: pr-hdds-2318-qqrts-113280968, networkLocation: /default-rack, certSerialId: null} reports an CLOSED replica.
2019-10-17 18:38:49,464 [EventQueue-ContainerReportForContainerReportHandler] WARN  container.ContainerReportHandler (AbstractContainerReportHandler.java:updateContainerState(145)) - Container #1 is in OPEN state, but the datanode 7b069786-c4de-4177-a49c-78057d3e7b27{ip: 192.168.157.251, host: pr-hdds-2318-qqrts-113280968, networkLocation: /default-rack, certSerialId: null} reports an CLOSED replica.
2019-10-17 18:38:49,764 [EventQueue-ContainerReportForContainerReportHandler] WARN  container.ContainerReportHandler (AbstractContainerReportHandler.java:updateContainerState(145)) - Container #1 is in OPEN state, but the datanode 7b069786-c4de-4177-a49c-78057d3e7b27{ip: 192.168.157.251, host: pr-hdds-2318-qqrts-113280968, networkLocation: /default-rack, certSerialId: null} reports an CLOSED replica.
2019-10-17 18:38:49,850 [EventQueue-ContainerReportForContainerReportHandler] WARN  container.ContainerReportHandler (AbstractContainerReportHandler.java:updateContainerState(145)) - Container #1 is in OPEN state, but the datanode 0d68154c-bc1a-4b17-bcf5-90972ecdd7ac{ip: 192.168.157.251, host: pr-hdds-2318-qqrts-113280968, networkLocation: /default-rack, certSerialId: null} reports an CLOSED replica.
2019-10-17 18:38:50,064 [EventQueue-ContainerReportForContainerReportHandler] WARN  container.ContainerReportHandler (AbstractContainerReportHandler.java:updateContainerState(145)) - Container #1 is in OPEN state, but the datanode 7b069786-c4de-4177-a49c-78057d3e7b27{ip: 192.168.157.251, host: pr-hdds-2318-qqrts-113280968, networkLocation: /default-rack, certSerialId: null} reports an CLOSED replica.
2019-10-17 18:38:50,144 [BlockDeletingService#2] WARN  background.BlockDeletingService (BlockDeletingService.java:isDeletionAllowed(187)) - Close Container log Index 8 is not replicated across allthe servers in the pipeline f5073bd3-c80c-4957-9a7f-a236c1e6a57f as the min replicated index is 6. Deletion is not allowed in this container yet.
2019-10-17 18:38:50,144 [BlockDeletingService#2] WARN  background.BlockDeletingService (BlockDeletingService.java:isDeletionAllowed(187)) - Close Container log Index 8 is not replicated across allthe servers in the pipeline f5073bd3-c80c-4957-9a7f-a236c1e6a57f as the min replicated index is 6. Deletion is not allowed in this container yet.
2019-10-17 18:38:50,150 [EventQueue-ContainerReportForContainerReportHandler] WARN  container.ContainerReportHandler (AbstractContainerReportHandler.java:updateContainerState(145)) - Container #1 is in OPEN state, but the datanode 0d68154c-bc1a-4b17-bcf5-90972ecdd7ac{ip: 192.168.157.251, host: pr-hdds-2318-qqrts-113280968, networkLocation: /default-rack, certSerialId: null} reports an CLOSED replica.
2019-10-17 18:38:50,172 [java.util.concurrent.ThreadPoolExecutor$Worker@76cdd85c[State = -1, empty queue]] WARN  server.GrpcLogAppender (GrpcLogAppender.java:timeoutAppendRequest(209)) - 0d68154c-bc1a-4b17-bcf5-90972ecdd7ac@group-A236C1E6A57F->09ea8095-e0f7-4a15-a25f-71748f8d4e7f-GrpcLogAppender: appendEntries Timeout, request=0d68154c-bc1a-4b17-bcf5-90972ecdd7ac->09ea8095-e0f7-4a15-a25f-71748f8d4e7f#43-t9, previous=(t:9, i:12), leaderCommit=12, initializing? false, entries: <empty>
2019-10-17 18:38:50,264 [EventQueue-ContainerReportForContainerReportHandler] WARN  container.ContainerReportHandler (AbstractContainerReportHandler.java:updateContainerState(145)) - Container #1 is in OPEN state, but the datanode 7b069786-c4de-4177-a49c-78057d3e7b27{ip: 192.168.157.251, host: pr-hdds-2318-qqrts-113280968, networkLocation: /default-rack, certSerialId: null} reports an CLOSED replica.
2019-10-17 18:38:50,451 [EventQueue-ContainerReportForContainerReportHandler] WARN  container.ContainerReportHandler (AbstractContainerReportHandler.java:updateContainerState(145)) - Container #1 is in OPEN state, but the datanode 0d68154c-bc1a-4b17-bcf5-90972ecdd7ac{ip: 192.168.157.251, host: pr-hdds-2318-qqrts-113280968, networkLocation: /default-rack, certSerialId: null} reports an CLOSED replica.
2019-10-17 18:38:50,564 [EventQueue-ContainerReportForContainerReportHandler] WARN  container.ContainerReportHandler (AbstractContainerReportHandler.java:updateContainerState(145)) - Container #1 is in OPEN state, but the datanode 7b069786-c4de-4177-a49c-78057d3e7b27{ip: 192.168.157.251, host: pr-hdds-2318-qqrts-113280968, networkLocation: /default-rack, certSerialId: null} reports an CLOSED replica.
2019-10-17 18:38:50,752 [EventQueue-ContainerReportForContainerReportHandler] WARN  container.ContainerReportHandler (AbstractContainerReportHandler.java:updateContainerState(145)) - Container #1 is in OPEN state, but the datanode 0d68154c-bc1a-4b17-bcf5-90972ecdd7ac{ip: 192.168.157.251, host: pr-hdds-2318-qqrts-113280968, networkLocation: /default-rack, certSerialId: null} reports an CLOSED replica.
2019-10-17 18:38:50,764 [EventQueue-ContainerReportForContainerReportHandler] WARN  container.ContainerReportHandler (AbstractContainerReportHandler.java:updateContainerState(145)) - Container #1 is in OPEN state, but the datanode 7b069786-c4de-4177-a49c-78057d3e7b27{ip: 192.168.157.251, host: pr-hdds-2318-qqrts-113280968, networkLocation: /default-rack, certSerialId: null} reports an CLOSED replica.
2019-10-17 18:38:50,952 [EventQueue-ContainerReportForContainerReportHandler] WARN  container.ContainerReportHandler (AbstractContainerReportHandler.java:updateContainerState(145)) - Container #1 is in OPEN state, but the datanode 0d68154c-bc1a-4b17-bcf5-90972ecdd7ac{ip: 192.168.157.251, host: pr-hdds-2318-qqrts-113280968, networkLocation: /default-rack, certSerialId: null} reports an CLOSED replica.
2019-10-17 18:38:51,065 [EventQueue-ContainerReportForContainerReportHandler] WARN  container.ContainerReportHandler (AbstractContainerReportHandler.java:updateContainerState(145)) - Container #1 is in OPEN state, but the datanode 7b069786-c4de-4177-a49c-78057d3e7b27{ip: 192.168.157.251, host: pr-hdds-2318-qqrts-113280968, networkLocation: /default-rack, certSerialId: null} reports an CLOSED replica.
2019-10-17 18:38:51,146 [BlockDeletingService#2] WARN  background.BlockDeletingService (BlockDeletingService.java:isDeletionAllowed(187)) - Close Container log Index 8 is not replicated across allthe servers in the pipeline f5073bd3-c80c-4957-9a7f-a236c1e6a57f as the min replicated index is 6. Deletion is not allowed in this container yet.
2019-10-17 18:38:51,146 [BlockDeletingService#2] WARN  background.BlockDeletingService (BlockDeletingService.java:isDeletionAllowed(187)) - Close Container log Index 8 is not replicated across allthe servers in the pipeline f5073bd3-c80c-4957-9a7f-a236c1e6a57f as the min replicated index is 6. Deletion is not allowed in this container yet.
2019-10-17 18:38:51,353 [EventQueue-ContainerReportForContainerReportHandler] WARN  container.ContainerReportHandler (AbstractContainerReportHandler.java:updateContainerState(145)) - Container #1 is in OPEN state, but the datanode 0d68154c-bc1a-4b17-bcf5-90972ecdd7ac{ip: 192.168.157.251, host: pr-hdds-2318-qqrts-113280968, networkLocation: /default-rack, certSerialId: null} reports an CLOSED replica.
2019-10-17 18:38:51,365 [EventQueue-ContainerReportForContainerReportHandler] WARN  container.ContainerReportHandler (AbstractContainerReportHandler.java:updateContainerState(145)) - Container #1 is in OPEN state, but the datanode 7b069786-c4de-4177-a49c-78057d3e7b27{ip: 192.168.157.251, host: pr-hdds-2318-qqrts-113280968, networkLocation: /default-rack, certSerialId: null} reports an CLOSED replica.
2019-10-17 18:38:51,553 [EventQueue-ContainerReportForContainerReportHandler] WARN  container.ContainerReportHandler (AbstractContainerReportHandler.java:updateContainerState(145)) - Container #1 is in OPEN state, but the datanode 0d68154c-bc1a-4b17-bcf5-90972ecdd7ac{ip: 192.168.157.251, host: pr-hdds-2318-qqrts-113280968, networkLocation: /default-rack, certSerialId: null} reports an CLOSED replica.
2019-10-17 18:38:51,565 [EventQueue-ContainerReportForContainerReportHandler] WARN  container.ContainerReportHandler (AbstractContainerReportHandler.java:updateContainerState(145)) - Container #1 is in OPEN state, but the datanode 7b069786-c4de-4177-a49c-78057d3e7b27{ip: 192.168.157.251, host: pr-hdds-2318-qqrts-113280968, networkLocation: /default-rack, certSerialId: null} reports an CLOSED replica.
2019-10-17 18:38:51,853 [EventQueue-ContainerReportForContainerReportHandler] WARN  container.ContainerReportHandler (AbstractContainerReportHandler.java:updateContainerState(145)) - Container #1 is in OPEN state, but the datanode 0d68154c-bc1a-4b17-bcf5-90972ecdd7ac{ip: 192.168.157.251, host: pr-hdds-2318-qqrts-113280968, networkLocation: /default-rack, certSerialId: null} reports an CLOSED replica.
2019-10-17 18:38:51,866 [EventQueue-ContainerReportForContainerReportHandler] WARN  container.ContainerReportHandler (AbstractContainerReportHandler.java:updateContainerState(145)) - Container #1 is in OPEN state, but the datanode 7b069786-c4de-4177-a49c-78057d3e7b27{ip: 192.168.157.251, host: pr-hdds-2318-qqrts-113280968, networkLocation: /default-rack, certSerialId: null} reports an CLOSED replica.
2019-10-17 18:38:52,053 [EventQueue-ContainerReportForContainerReportHandler] WARN  container.ContainerReportHandler (AbstractContainerReportHandler.java:updateContainerState(145)) - Container #1 is in OPEN state, but the datanode 0d68154c-bc1a-4b17-bcf5-90972ecdd7ac{ip: 192.168.157.251, host: pr-hdds-2318-qqrts-113280968, networkLocation: /default-rack, certSerialId: null} reports an CLOSED replica.
2019-10-17 18:38:52,147 [BlockDeletingService#2] WARN  background.BlockDeletingService (BlockDeletingService.java:isDeletionAllowed(187)) - Close Container log Index 8 is not replicated across allthe servers in the pipeline f5073bd3-c80c-4957-9a7f-a236c1e6a57f as the min replicated index is 6. Deletion is not allowed in this container yet.
2019-10-17 18:38:52,147 [BlockDeletingService#2] WARN  background.BlockDeletingService (BlockDeletingService.java:isDeletionAllowed(187)) - Close Container log Index 8 is not replicated across allthe servers in the pipeline f5073bd3-c80c-4957-9a7f-a236c1e6a57f as the min replicated index is 6. Deletion is not allowed in this container yet.
2019-10-17 18:38:52,167 [EventQueue-ContainerReportForContainerReportHandler] WARN  container.ContainerReportHandler (AbstractContainerReportHandler.java:updateContainerState(145)) - Container #1 is in OPEN state, but the datanode 7b069786-c4de-4177-a49c-78057d3e7b27{ip: 192.168.157.251, host: pr-hdds-2318-qqrts-113280968, networkLocation: /default-rack, certSerialId: null} reports an CLOSED replica.
2019-10-17 18:38:52,454 [EventQueue-ContainerReportForContainerReportHandler] WARN  container.ContainerReportHandler (AbstractContainerReportHandler.java:updateContainerState(145)) - Container #1 is in OPEN state, but the datanode 0d68154c-bc1a-4b17-bcf5-90972ecdd7ac{ip: 192.168.157.251, host: pr-hdds-2318-qqrts-113280968, networkLocation: /default-rack, certSerialId: null} reports an CLOSED replica.
2019-10-17 18:38:52,467 [EventQueue-ContainerReportForContainerReportHandler] WARN  container.ContainerReportHandler (AbstractContainerReportHandler.java:updateContainerState(145)) - Container #1 is in OPEN state, but the datanode 7b069786-c4de-4177-a49c-78057d3e7b27{ip: 192.168.157.251, host: pr-hdds-2318-qqrts-113280968, networkLocation: /default-rack, certSerialId: null} reports an CLOSED replica.
2019-10-17 18:38:52,674 [java.util.concurrent.ThreadPoolExecutor$Worker@76cdd85c[State = -1, empty queue]] WARN  server.GrpcLogAppender (GrpcLogAppender.java:timeoutAppendRequest(209)) - 0d68154c-bc1a-4b17-bcf5-90972ecdd7ac@group-A236C1E6A57F->09ea8095-e0f7-4a15-a25f-71748f8d4e7f-GrpcLogAppender: appendEntries Timeout, request=0d68154c-bc1a-4b17-bcf5-90972ecdd7ac->09ea8095-e0f7-4a15-a25f-71748f8d4e7f#44-t9, previous=(t:9, i:12), leaderCommit=12, initializing? false, entries: <empty>
2019-10-17 18:38:52,759 [EventQueue-ContainerReportForContainerReportHandler] WARN  container.ContainerReportHandler (AbstractContainerReportHandler.java:updateContainerState(145)) - Container #1 is in OPEN state, but the datanode 0d68154c-bc1a-4b17-bcf5-90972ecdd7ac{ip: 192.168.157.251, host: pr-hdds-2318-qqrts-113280968, networkLocation: /default-rack, certSerialId: null} reports an CLOSED replica.
2019-10-17 18:38:52,867 [EventQueue-ContainerReportForContainerReportHandler] WARN  container.ContainerReportHandler (AbstractContainerReportHandler.java:updateContainerState(145)) - Container #1 is in OPEN state, but the datanode 7b069786-c4de-4177-a49c-78057d3e7b27{ip: 192.168.157.251, host: pr-hdds-2318-qqrts-113280968, networkLocation: /default-rack, certSerialId: null} reports an CLOSED replica.
2019-10-17 18:38:53,057 [EventQueue-ContainerReportForContainerReportHandler] WARN  container.ContainerReportHandler (AbstractContainerReportHandler.java:updateContainerState(145)) - Container #1 is in OPEN state, but the datanode 0d68154c-bc1a-4b17-bcf5-90972ecdd7ac{ip: 192.168.157.251, host: pr-hdds-2318-qqrts-113280968, networkLocation: /default-rack, certSerialId: null} reports an CLOSED replica.
2019-10-17 18:38:53,067 [EventQueue-ContainerReportForContainerReportHandler] WARN  container.ContainerReportHandler (AbstractContainerReportHandler.java:updateContainerState(145)) - Container #1 is in OPEN state, but the datanode 7b069786-c4de-4177-a49c-78057d3e7b27{ip: 192.168.157.251, host: pr-hdds-2318-qqrts-113280968, networkLocation: /default-rack, certSerialId: null} reports an CLOSED replica.
2019-10-17 18:38:53,149 [BlockDeletingService#2] WARN  background.BlockDeletingService (BlockDeletingService.java:isDeletionAllowed(187)) - Close Container log Index 8 is not replicated across allthe servers in the pipeline f5073bd3-c80c-4957-9a7f-a236c1e6a57f as the min replicated index is 6. Deletion is not allowed in this container yet.
2019-10-17 18:38:53,149 [BlockDeletingService#2] WARN  background.BlockDeletingService (BlockDeletingService.java:isDeletionAllowed(187)) - Close Container log Index 8 is not replicated across allthe servers in the pipeline f5073bd3-c80c-4957-9a7f-a236c1e6a57f as the min replicated index is 6. Deletion is not allowed in this container yet.
2019-10-17 18:38:53,458 [EventQueue-ContainerReportForContainerReportHandler] WARN  container.ContainerReportHandler (AbstractContainerReportHandler.java:updateContainerState(145)) - Container #1 is in OPEN state, but the datanode 0d68154c-bc1a-4b17-bcf5-90972ecdd7ac{ip: 192.168.157.251, host: pr-hdds-2318-qqrts-113280968, networkLocation: /default-rack, certSerialId: null} reports an CLOSED replica.
2019-10-17 18:38:53,467 [EventQueue-ContainerReportForContainerReportHandler] WARN  container.ContainerReportHandler (AbstractContainerReportHandler.java:updateContainerState(145)) - Container #1 is in OPEN state, but the datanode 7b069786-c4de-4177-a49c-78057d3e7b27{ip: 192.168.157.251, host: pr-hdds-2318-qqrts-113280968, networkLocation: /default-rack, certSerialId: null} reports an CLOSED replica.
2019-10-17 18:38:53,761 [EventQueue-ContainerReportForContainerReportHandler] WARN  container.ContainerReportHandler (AbstractContainerReportHandler.java:updateContainerState(145)) - Container #1 is in OPEN state, but the datanode 0d68154c-bc1a-4b17-bcf5-90972ecdd7ac{ip: 192.168.157.251, host: pr-hdds-2318-qqrts-113280968, networkLocation: /default-rack, certSerialId: null} reports an CLOSED replica.
2019-10-17 18:38:53,767 [EventQueue-ContainerReportForContainerReportHandler] WARN  container.ContainerReportHandler (AbstractContainerReportHandler.java:updateContainerState(145)) - Container #1 is in OPEN state, but the datanode 7b069786-c4de-4177-a49c-78057d3e7b27{ip: 192.168.157.251, host: pr-hdds-2318-qqrts-113280968, networkLocation: /default-rack, certSerialId: null} reports an CLOSED replica.
2019-10-17 18:38:54,061 [EventQueue-ContainerReportForContainerReportHandler] WARN  container.ContainerReportHandler (AbstractContainerReportHandler.java:updateContainerState(145)) - Container #1 is in OPEN state, but the datanode 0d68154c-bc1a-4b17-bcf5-90972ecdd7ac{ip: 192.168.157.251, host: pr-hdds-2318-qqrts-113280968, networkLocation: /default-rack, certSerialId: null} reports an CLOSED replica.
2019-10-17 18:38:54,067 [EventQueue-ContainerReportForContainerReportHandler] WARN  container.ContainerReportHandler (AbstractContainerReportHandler.java:updateContainerState(145)) - Container #1 is in OPEN state, but the datanode 7b069786-c4de-4177-a49c-78057d3e7b27{ip: 192.168.157.251, host: pr-hdds-2318-qqrts-113280968, networkLocation: /default-rack, certSerialId: null} reports an CLOSED replica.
2019-10-17 18:38:54,151 [BlockDeletingService#2] WARN  background.BlockDeletingService (BlockDeletingService.java:isDeletionAllowed(187)) - Close Container log Index 8 is not replicated across allthe servers in the pipeline f5073bd3-c80c-4957-9a7f-a236c1e6a57f as the min replicated index is 6. Deletion is not allowed in this container yet.
2019-10-17 18:38:54,151 [BlockDeletingService#2] WARN  background.BlockDeletingService (BlockDeletingService.java:isDeletionAllowed(187)) - Close Container log Index 8 is not replicated across allthe servers in the pipeline f5073bd3-c80c-4957-9a7f-a236c1e6a57f as the min replicated index is 6. Deletion is not allowed in this container yet.
2019-10-17 18:38:54,267 [EventQueue-ContainerReportForContainerReportHandler] WARN  container.ContainerReportHandler (AbstractContainerReportHandler.java:updateContainerState(145)) - Container #1 is in OPEN state, but the datanode 7b069786-c4de-4177-a49c-78057d3e7b27{ip: 192.168.157.251, host: pr-hdds-2318-qqrts-113280968, networkLocation: /default-rack, certSerialId: null} reports an CLOSED replica.
2019-10-17 18:38:54,461 [EventQueue-ContainerReportForContainerReportHandler] WARN  container.ContainerReportHandler (AbstractContainerReportHandler.java:updateContainerState(145)) - Container #1 is in OPEN state, but the datanode 0d68154c-bc1a-4b17-bcf5-90972ecdd7ac{ip: 192.168.157.251, host: pr-hdds-2318-qqrts-113280968, networkLocation: /default-rack, certSerialId: null} reports an CLOSED replica.
2019-10-17 18:38:54,567 [EventQueue-ContainerReportForContainerReportHandler] WARN  container.ContainerReportHandler (AbstractContainerReportHandler.java:updateContainerState(145)) - Container #1 is in OPEN state, but the datanode 7b069786-c4de-4177-a49c-78057d3e7b27{ip: 192.168.157.251, host: pr-hdds-2318-qqrts-113280968, networkLocation: /default-rack, certSerialId: null} reports an CLOSED replica.
2019-10-17 18:38:54,761 [EventQueue-ContainerReportForContainerReportHandler] WARN  container.ContainerReportHandler (AbstractContainerReportHandler.java:updateContainerState(145)) - Container #1 is in OPEN state, but the datanode 0d68154c-bc1a-4b17-bcf5-90972ecdd7ac{ip: 192.168.157.251, host: pr-hdds-2318-qqrts-113280968, networkLocation: /default-rack, certSerialId: null} reports an CLOSED replica.
2019-10-17 18:38:54,767 [EventQueue-ContainerReportForContainerReportHandler] WARN  container.ContainerReportHandler (AbstractContainerReportHandler.java:updateContainerState(145)) - Container #1 is in OPEN state, but the datanode 7b069786-c4de-4177-a49c-78057d3e7b27{ip: 192.168.157.251, host: pr-hdds-2318-qqrts-113280968, networkLocation: /default-rack, certSerialId: null} reports an CLOSED replica.
2019-10-17 18:38:55,154 [BlockDeletingService#2] WARN  background.BlockDeletingService (BlockDeletingService.java:isDeletionAllowed(187)) - Close Container log Index 8 is not replicated across allthe servers in the pipeline f5073bd3-c80c-4957-9a7f-a236c1e6a57f as the min replicated index is 6. Deletion is not allowed in this container yet.
2019-10-17 18:38:55,154 [BlockDeletingService#2] WARN  background.BlockDeletingService (BlockDeletingService.java:isDeletionAllowed(187)) - Close Container log Index 8 is not replicated across allthe servers in the pipeline f5073bd3-c80c-4957-9a7f-a236c1e6a57f as the min replicated index is 6. Deletion is not allowed in this container yet.
2019-10-17 18:38:55,161 [EventQueue-ContainerReportForContainerReportHandler] WARN  container.ContainerReportHandler (AbstractContainerReportHandler.java:updateContainerState(145)) - Container #1 is in OPEN state, but the datanode 0d68154c-bc1a-4b17-bcf5-90972ecdd7ac{ip: 192.168.157.251, host: pr-hdds-2318-qqrts-113280968, networkLocation: /default-rack, certSerialId: null} reports an CLOSED replica.
2019-10-17 18:38:55,168 [EventQueue-ContainerReportForContainerReportHandler] WARN  container.ContainerReportHandler (AbstractContainerReportHandler.java:updateContainerState(145)) - Container #1 is in OPEN state, but the datanode 7b069786-c4de-4177-a49c-78057d3e7b27{ip: 192.168.157.251, host: pr-hdds-2318-qqrts-113280968, networkLocation: /default-rack, certSerialId: null} reports an CLOSED replica.
2019-10-17 18:38:55,174 [java.util.concurrent.ThreadPoolExecutor$Worker@76cdd85c[State = -1, empty queue]] WARN  server.GrpcLogAppender (GrpcLogAppender.java:timeoutAppendRequest(209)) - 0d68154c-bc1a-4b17-bcf5-90972ecdd7ac@group-A236C1E6A57F->09ea8095-e0f7-4a15-a25f-71748f8d4e7f-GrpcLogAppender: appendEntries Timeout, request=0d68154c-bc1a-4b17-bcf5-90972ecdd7ac->09ea8095-e0f7-4a15-a25f-71748f8d4e7f#45-t9, previous=(t:9, i:12), leaderCommit=12, initializing? false, entries: <empty>
2019-10-17 18:38:55,361 [EventQueue-ContainerReportForContainerReportHandler] WARN  container.ContainerReportHandler (AbstractContainerReportHandler.java:updateContainerState(145)) - Container #1 is in OPEN state, but the datanode 0d68154c-bc1a-4b17-bcf5-90972ecdd7ac{ip: 192.168.157.251, host: pr-hdds-2318-qqrts-113280968, networkLocation: /default-rack, certSerialId: null} reports an CLOSED replica.
2019-10-17 18:38:55,469 [EventQueue-ContainerReportForContainerReportHandler] WARN  container.ContainerReportHandler (AbstractContainerReportHandler.java:updateContainerState(145)) - Container #1 is in OPEN state, but the datanode 7b069786-c4de-4177-a49c-78057d3e7b27{ip: 192.168.157.251, host: pr-hdds-2318-qqrts-113280968, networkLocation: /default-rack, certSerialId: null} reports an CLOSED replica.
2019-10-17 18:38:55,761 [EventQueue-ContainerReportForContainerReportHandler] WARN  container.ContainerReportHandler (AbstractContainerReportHandler.java:updateContainerState(145)) - Container #1 is in OPEN state, but the datanode 0d68154c-bc1a-4b17-bcf5-90972ecdd7ac{ip: 192.168.157.251, host: pr-hdds-2318-qqrts-113280968, networkLocation: /default-rack, certSerialId: null} reports an CLOSED replica.
2019-10-17 18:38:55,869 [EventQueue-ContainerReportForContainerReportHandler] WARN  container.ContainerReportHandler (AbstractContainerReportHandler.java:updateContainerState(145)) - Container #1 is in OPEN state, but the datanode 7b069786-c4de-4177-a49c-78057d3e7b27{ip: 192.168.157.251, host: pr-hdds-2318-qqrts-113280968, networkLocation: /default-rack, certSerialId: null} reports an CLOSED replica.
2019-10-17 18:38:55,961 [EventQueue-ContainerReportForContainerReportHandler] WARN  container.ContainerReportHandler (AbstractContainerReportHandler.java:updateContainerState(145)) - Container #1 is in OPEN state, but the datanode 0d68154c-bc1a-4b17-bcf5-90972ecdd7ac{ip: 192.168.157.251, host: pr-hdds-2318-qqrts-113280968, networkLocation: /default-rack, certSerialId: null} reports an CLOSED replica.
2019-10-17 18:38:56,157 [BlockDeletingService#2] WARN  background.BlockDeletingService (BlockDeletingService.java:isDeletionAllowed(187)) - Close Container log Index 8 is not replicated across allthe servers in the pipeline f5073bd3-c80c-4957-9a7f-a236c1e6a57f as the min replicated index is 6. Deletion is not allowed in this container yet.
2019-10-17 18:38:56,157 [BlockDeletingService#2] WARN  background.BlockDeletingService (BlockDeletingService.java:isDeletionAllowed(187)) - Close Container log Index 8 is not replicated across allthe servers in the pipeline f5073bd3-c80c-4957-9a7f-a236c1e6a57f as the min replicated index is 6. Deletion is not allowed in this container yet.
2019-10-17 18:38:56,261 [EventQueue-ContainerReportForContainerReportHandler] WARN  container.ContainerReportHandler (AbstractContainerReportHandler.java:updateContainerState(145)) - Container #1 is in OPEN state, but the datanode 0d68154c-bc1a-4b17-bcf5-90972ecdd7ac{ip: 192.168.157.251, host: pr-hdds-2318-qqrts-113280968, networkLocation: /default-rack, certSerialId: null} reports an CLOSED replica.
2019-10-17 18:38:56,270 [EventQueue-ContainerReportForContainerReportHandler] WARN  container.ContainerReportHandler (AbstractContainerReportHandler.java:updateContainerState(145)) - Container #1 is in OPEN state, but the datanode 7b069786-c4de-4177-a49c-78057d3e7b27{ip: 192.168.157.251, host: pr-hdds-2318-qqrts-113280968, networkLocation: /default-rack, certSerialId: null} reports an CLOSED replica.
2019-10-17 18:38:56,470 [EventQueue-ContainerReportForContainerReportHandler] WARN  container.ContainerReportHandler (AbstractContainerReportHandler.java:updateContainerState(145)) - Container #1 is in OPEN state, but the datanode 7b069786-c4de-4177-a49c-78057d3e7b27{ip: 192.168.157.251, host: pr-hdds-2318-qqrts-113280968, networkLocation: /default-rack, certSerialId: null} reports an CLOSED replica.
2019-10-17 18:38:56,561 [EventQueue-ContainerReportForContainerReportHandler] WARN  container.ContainerReportHandler (AbstractContainerReportHandler.java:updateContainerState(145)) - Container #1 is in OPEN state, but the datanode 0d68154c-bc1a-4b17-bcf5-90972ecdd7ac{ip: 192.168.157.251, host: pr-hdds-2318-qqrts-113280968, networkLocation: /default-rack, certSerialId: null} reports an CLOSED replica.
2019-10-17 18:38:56,770 [EventQueue-ContainerReportForContainerReportHandler] WARN  container.ContainerReportHandler (AbstractContainerReportHandler.java:updateContainerState(145)) - Container #1 is in OPEN state, but the datanode 7b069786-c4de-4177-a49c-78057d3e7b27{ip: 192.168.157.251, host: pr-hdds-2318-qqrts-113280968, networkLocation: /default-rack, certSerialId: null} reports an CLOSED replica.
2019-10-17 18:38:56,861 [EventQueue-ContainerReportForContainerReportHandler] WARN  container.ContainerReportHandler (AbstractContainerReportHandler.java:updateContainerState(145)) - Container #1 is in OPEN state, but the datanode 0d68154c-bc1a-4b17-bcf5-90972ecdd7ac{ip: 192.168.157.251, host: pr-hdds-2318-qqrts-113280968, networkLocation: /default-rack, certSerialId: null} reports an CLOSED replica.
2019-10-17 18:38:56,970 [EventQueue-ContainerReportForContainerReportHandler] WARN  container.ContainerReportHandler (AbstractContainerReportHandler.java:updateContainerState(145)) - Container #1 is in OPEN state, but the datanode 7b069786-c4de-4177-a49c-78057d3e7b27{ip: 192.168.157.251, host: pr-hdds-2318-qqrts-113280968, networkLocation: /default-rack, certSerialId: null} reports an CLOSED replica.
2019-10-17 18:38:57,158 [BlockDeletingService#2] WARN  background.BlockDeletingService (BlockDeletingService.java:isDeletionAllowed(187)) - Close Container log Index 8 is not replicated across allthe servers in the pipeline f5073bd3-c80c-4957-9a7f-a236c1e6a57f as the min replicated index is 6. Deletion is not allowed in this container yet.
2019-10-17 18:38:57,158 [BlockDeletingService#2] WARN  background.BlockDeletingService (BlockDeletingService.java:isDeletionAllowed(187)) - Close Container log Index 8 is not replicated across allthe servers in the pipeline f5073bd3-c80c-4957-9a7f-a236c1e6a57f as the min replicated index is 6. Deletion is not allowed in this container yet.
2019-10-17 18:38:57,162 [EventQueue-ContainerReportForContainerReportHandler] WARN  container.ContainerReportHandler (AbstractContainerReportHandler.java:updateContainerState(145)) - Container #1 is in OPEN state, but the datanode 0d68154c-bc1a-4b17-bcf5-90972ecdd7ac{ip: 192.168.157.251, host: pr-hdds-2318-qqrts-113280968, networkLocation: /default-rack, certSerialId: null} reports an CLOSED replica.
2019-10-17 18:38:57,271 [EventQueue-ContainerReportForContainerReportHandler] WARN  container.ContainerReportHandler (AbstractContainerReportHandler.java:updateContainerState(145)) - Container #1 is in OPEN state, but the datanode 7b069786-c4de-4177-a49c-78057d3e7b27{ip: 192.168.157.251, host: pr-hdds-2318-qqrts-113280968, networkLocation: /default-rack, certSerialId: null} reports an CLOSED replica.
2019-10-17 18:38:57,463 [EventQueue-ContainerReportForContainerReportHandler] WARN  container.ContainerReportHandler (AbstractContainerReportHandler.java:updateContainerState(145)) - Container #1 is in OPEN state, but the datanode 0d68154c-bc1a-4b17-bcf5-90972ecdd7ac{ip: 192.168.157.251, host: pr-hdds-2318-qqrts-113280968, networkLocation: /default-rack, certSerialId: null} reports an CLOSED replica.
2019-10-17 18:38:57,471 [EventQueue-ContainerReportForContainerReportHandler] WARN  container.ContainerReportHandler (AbstractContainerReportHandler.java:updateContainerState(145)) - Container #1 is in OPEN state, but the datanode 7b069786-c4de-4177-a49c-78057d3e7b27{ip: 192.168.157.251, host: pr-hdds-2318-qqrts-113280968, networkLocation: /default-rack, certSerialId: null} reports an CLOSED replica.
2019-10-17 18:38:57,585 [Thread-569] INFO  client.GrpcClientProtocolService (GrpcClientProtocolService.java:lambda$processClientRequest$0(278)) - Failed RaftClientRequest:client-79966ACA1C67->0d68154c-bc1a-4b17-bcf5-90972ecdd7ac@group-A236C1E6A57F, cid=10, seq=0, Watch-ALL_COMMITTED(8), Message:<EMPTY>, reply=RaftClientReply:client-79966ACA1C67->0d68154c-bc1a-4b17-bcf5-90972ecdd7ac@group-A236C1E6A57F, cid=10, FAILED org.apache.ratis.protocol.NotReplicatedException: Request with call Id 10 and log index 8 is not yet replicated to ALL_COMMITTED, logIndex=8, commits[0d68154c-bc1a-4b17-bcf5-90972ecdd7ac:c12, 7b069786-c4de-4177-a49c-78057d3e7b27:c12, 09ea8095-e0f7-4a15-a25f-71748f8d4e7f:c6]
2019-10-17 18:38:57,676 [java.util.concurrent.ThreadPoolExecutor$Worker@76cdd85c[State = -1, empty queue]] WARN  server.GrpcLogAppender (GrpcLogAppender.java:timeoutAppendRequest(209)) - 0d68154c-bc1a-4b17-bcf5-90972ecdd7ac@group-A236C1E6A57F->09ea8095-e0f7-4a15-a25f-71748f8d4e7f-GrpcLogAppender: appendEntries Timeout, request=0d68154c-bc1a-4b17-bcf5-90972ecdd7ac->09ea8095-e0f7-4a15-a25f-71748f8d4e7f#46-t9, previous=(t:9, i:12), leaderCommit=12, initializing? false, entries: <empty>
2019-10-17 18:38:57,767 [EventQueue-ContainerReportForContainerReportHandler] WARN  container.ContainerReportHandler (AbstractContainerReportHandler.java:updateContainerState(145)) - Container #1 is in OPEN state, but the datanode 0d68154c-bc1a-4b17-bcf5-90972ecdd7ac{ip: 192.168.157.251, host: pr-hdds-2318-qqrts-113280968, networkLocation: /default-rack, certSerialId: null} reports an CLOSED replica.
2019-10-17 18:38:57,871 [EventQueue-ContainerReportForContainerReportHandler] WARN  container.ContainerReportHandler (AbstractContainerReportHandler.java:updateContainerState(145)) - Container #1 is in OPEN state, but the datanode 7b069786-c4de-4177-a49c-78057d3e7b27{ip: 192.168.157.251, host: pr-hdds-2318-qqrts-113280968, networkLocation: /default-rack, certSerialId: null} reports an CLOSED replica.
2019-10-17 18:38:58,064 [EventQueue-ContainerReportForContainerReportHandler] WARN  container.ContainerReportHandler (AbstractContainerReportHandler.java:updateContainerState(145)) - Container #1 is in OPEN state, but the datanode 0d68154c-bc1a-4b17-bcf5-90972ecdd7ac{ip: 192.168.157.251, host: pr-hdds-2318-qqrts-113280968, networkLocation: /default-rack, certSerialId: null} reports an CLOSED replica.
2019-10-17 18:38:58,071 [EventQueue-ContainerReportForContainerReportHandler] WARN  container.ContainerReportHandler (AbstractContainerReportHandler.java:updateContainerState(145)) - Container #1 is in OPEN state, but the datanode 7b069786-c4de-4177-a49c-78057d3e7b27{ip: 192.168.157.251, host: pr-hdds-2318-qqrts-113280968, networkLocation: /default-rack, certSerialId: null} reports an CLOSED replica.
2019-10-17 18:38:58,161 [BlockDeletingService#2] WARN  background.BlockDeletingService (BlockDeletingService.java:isDeletionAllowed(187)) - Close Container log Index 8 is not replicated across allthe servers in the pipeline f5073bd3-c80c-4957-9a7f-a236c1e6a57f as the min replicated index is 6. Deletion is not allowed in this container yet.
2019-10-17 18:38:58,161 [BlockDeletingService#2] WARN  background.BlockDeletingService (BlockDeletingService.java:isDeletionAllowed(187)) - Close Container log Index 8 is not replicated across allthe servers in the pipeline f5073bd3-c80c-4957-9a7f-a236c1e6a57f as the min replicated index is 6. Deletion is not allowed in this container yet.
2019-10-17 18:38:58,464 [EventQueue-ContainerReportForContainerReportHandler] WARN  container.ContainerReportHandler (AbstractContainerReportHandler.java:updateContainerState(145)) - Container #1 is in OPEN state, but the datanode 0d68154c-bc1a-4b17-bcf5-90972ecdd7ac{ip: 192.168.157.251, host: pr-hdds-2318-qqrts-113280968, networkLocation: /default-rack, certSerialId: null} reports an CLOSED replica.
2019-10-17 18:38:58,471 [EventQueue-ContainerReportForContainerReportHandler] WARN  container.ContainerReportHandler (AbstractContainerReportHandler.java:updateContainerState(145)) - Container #1 is in OPEN state, but the datanode 7b069786-c4de-4177-a49c-78057d3e7b27{ip: 192.168.157.251, host: pr-hdds-2318-qqrts-113280968, networkLocation: /default-rack, certSerialId: null} reports an CLOSED replica.
2019-10-17 18:38:58,771 [EventQueue-ContainerReportForContainerReportHandler] WARN  container.ContainerReportHandler (AbstractContainerReportHandler.java:updateContainerState(145)) - Container #1 is in OPEN state, but the datanode 7b069786-c4de-4177-a49c-78057d3e7b27{ip: 192.168.157.251, host: pr-hdds-2318-qqrts-113280968, networkLocation: /default-rack, certSerialId: null} reports an CLOSED replica.
2019-10-17 18:38:58,864 [EventQueue-ContainerReportForContainerReportHandler] WARN  container.ContainerReportHandler (AbstractContainerReportHandler.java:updateContainerState(145)) - Container #1 is in OPEN state, but the datanode 0d68154c-bc1a-4b17-bcf5-90972ecdd7ac{ip: 192.168.157.251, host: pr-hdds-2318-qqrts-113280968, networkLocation: /default-rack, certSerialId: null} reports an CLOSED replica.
2019-10-17 18:38:59,064 [EventQueue-ContainerReportForContainerReportHandler] WARN  container.ContainerReportHandler (AbstractContainerReportHandler.java:updateContainerState(145)) - Container #1 is in OPEN state, but the datanode 0d68154c-bc1a-4b17-bcf5-90972ecdd7ac{ip: 192.168.157.251, host: pr-hdds-2318-qqrts-113280968, networkLocation: /default-rack, certSerialId: null} reports an CLOSED replica.
2019-10-17 18:38:59,071 [EventQueue-ContainerReportForContainerReportHandler] WARN  container.ContainerReportHandler (AbstractContainerReportHandler.java:updateContainerState(145)) - Container #1 is in OPEN state, but the datanode 7b069786-c4de-4177-a49c-78057d3e7b27{ip: 192.168.157.251, host: pr-hdds-2318-qqrts-113280968, networkLocation: /default-rack, certSerialId: null} reports an CLOSED replica.
2019-10-17 18:38:59,163 [BlockDeletingService#2] WARN  background.BlockDeletingService (BlockDeletingService.java:isDeletionAllowed(187)) - Close Container log Index 8 is not replicated across allthe servers in the pipeline f5073bd3-c80c-4957-9a7f-a236c1e6a57f as the min replicated index is 6. Deletion is not allowed in this container yet.
2019-10-17 18:38:59,163 [BlockDeletingService#2] WARN  background.BlockDeletingService (BlockDeletingService.java:isDeletionAllowed(187)) - Close Container log Index 8 is not replicated across allthe servers in the pipeline f5073bd3-c80c-4957-9a7f-a236c1e6a57f as the min replicated index is 6. Deletion is not allowed in this container yet.
2019-10-17 18:38:59,364 [EventQueue-ContainerReportForContainerReportHandler] WARN  container.ContainerReportHandler (AbstractContainerReportHandler.java:updateContainerState(145)) - Container #1 is in OPEN state, but the datanode 0d68154c-bc1a-4b17-bcf5-90972ecdd7ac{ip: 192.168.157.251, host: pr-hdds-2318-qqrts-113280968, networkLocation: /default-rack, certSerialId: null} reports an CLOSED replica.
2019-10-17 18:38:59,372 [EventQueue-ContainerReportForContainerReportHandler] WARN  container.ContainerReportHandler (AbstractContainerReportHandler.java:updateContainerState(145)) - Container #1 is in OPEN state, but the datanode 7b069786-c4de-4177-a49c-78057d3e7b27{ip: 192.168.157.251, host: pr-hdds-2318-qqrts-113280968, networkLocation: /default-rack, certSerialId: null} reports an CLOSED replica.
2019-10-17 18:38:59,665 [EventQueue-ContainerReportForContainerReportHandler] WARN  container.ContainerReportHandler (AbstractContainerReportHandler.java:updateContainerState(145)) - Container #1 is in OPEN state, but the datanode 0d68154c-bc1a-4b17-bcf5-90972ecdd7ac{ip: 192.168.157.251, host: pr-hdds-2318-qqrts-113280968, networkLocation: /default-rack, certSerialId: null} reports an CLOSED replica.
2019-10-17 18:38:59,772 [EventQueue-ContainerReportForContainerReportHandler] WARN  container.ContainerReportHandler (AbstractContainerReportHandler.java:updateContainerState(145)) - Container #1 is in OPEN state, but the datanode 7b069786-c4de-4177-a49c-78057d3e7b27{ip: 192.168.157.251, host: pr-hdds-2318-qqrts-113280968, networkLocation: /default-rack, certSerialId: null} reports an CLOSED replica.
2019-10-17 18:39:00,068 [EventQueue-ContainerReportForContainerReportHandler] WARN  container.ContainerReportHandler (AbstractContainerReportHandler.java:updateContainerState(145)) - Container #1 is in OPEN state, but the datanode 0d68154c-bc1a-4b17-bcf5-90972ecdd7ac{ip: 192.168.157.251, host: pr-hdds-2318-qqrts-113280968, networkLocation: /default-rack, certSerialId: null} reports an CLOSED replica.
2019-10-17 18:39:00,071 [EventQueue-ContainerReportForContainerReportHandler] WARN  container.ContainerReportHandler (AbstractContainerReportHandler.java:updateContainerState(145)) - Container #1 is in OPEN state, but the datanode 7b069786-c4de-4177-a49c-78057d3e7b27{ip: 192.168.157.251, host: pr-hdds-2318-qqrts-113280968, networkLocation: /default-rack, certSerialId: null} reports an CLOSED replica.
2019-10-17 18:39:00,165 [BlockDeletingService#2] WARN  background.BlockDeletingService (BlockDeletingService.java:isDeletionAllowed(187)) - Close Container log Index 8 is not replicated across allthe servers in the pipeline f5073bd3-c80c-4957-9a7f-a236c1e6a57f as the min replicated index is 6. Deletion is not allowed in this container yet.
2019-10-17 18:39:00,165 [BlockDeletingService#2] WARN  background.BlockDeletingService (BlockDeletingService.java:isDeletionAllowed(187)) - Close Container log Index 8 is not replicated across allthe servers in the pipeline f5073bd3-c80c-4957-9a7f-a236c1e6a57f as the min replicated index is 6. Deletion is not allowed in this container yet.
2019-10-17 18:39:00,177 [java.util.concurrent.ThreadPoolExecutor$Worker@76cdd85c[State = -1, empty queue]] WARN  server.GrpcLogAppender (GrpcLogAppender.java:timeoutAppendRequest(209)) - 0d68154c-bc1a-4b17-bcf5-90972ecdd7ac@group-A236C1E6A57F->09ea8095-e0f7-4a15-a25f-71748f8d4e7f-GrpcLogAppender: appendEntries Timeout, request=0d68154c-bc1a-4b17-bcf5-90972ecdd7ac->09ea8095-e0f7-4a15-a25f-71748f8d4e7f#47-t9, previous=(t:9, i:12), leaderCommit=12, initializing? false, entries: <empty>
2019-10-17 18:39:00,266 [EventQueue-ContainerReportForContainerReportHandler] WARN  container.ContainerReportHandler (AbstractContainerReportHandler.java:updateContainerState(145)) - Container #1 is in OPEN state, but the datanode 0d68154c-bc1a-4b17-bcf5-90972ecdd7ac{ip: 192.168.157.251, host: pr-hdds-2318-qqrts-113280968, networkLocation: /default-rack, certSerialId: null} reports an CLOSED replica.
2019-10-17 18:39:00,372 [EventQueue-ContainerReportForContainerReportHandler] WARN  container.ContainerReportHandler (AbstractContainerReportHandler.java:updateContainerState(145)) - Container #1 is in OPEN state, but the datanode 7b069786-c4de-4177-a49c-78057d3e7b27{ip: 192.168.157.251, host: pr-hdds-2318-qqrts-113280968, networkLocation: /default-rack, certSerialId: null} reports an CLOSED replica.
2019-10-17 18:39:00,466 [EventQueue-ContainerReportForContainerReportHandler] WARN  container.ContainerReportHandler (AbstractContainerReportHandler.java:updateContainerState(145)) - Container #1 is in OPEN state, but the datanode 0d68154c-bc1a-4b17-bcf5-90972ecdd7ac{ip: 192.168.157.251, host: pr-hdds-2318-qqrts-113280968, networkLocation: /default-rack, certSerialId: null} reports an CLOSED replica.
2019-10-17 18:39:00,773 [EventQueue-ContainerReportForContainerReportHandler] WARN  container.ContainerReportHandler (AbstractContainerReportHandler.java:updateContainerState(145)) - Container #1 is in OPEN state, but the datanode 7b069786-c4de-4177-a49c-78057d3e7b27{ip: 192.168.157.251, host: pr-hdds-2318-qqrts-113280968, networkLocation: /default-rack, certSerialId: null} reports an CLOSED replica.
2019-10-17 18:39:00,981 [EventQueue-ContainerReportForContainerReportHandler] WARN  container.ContainerReportHandler (AbstractContainerReportHandler.java:updateContainerState(145)) - Container #1 is in OPEN state, but the datanode 0d68154c-bc1a-4b17-bcf5-90972ecdd7ac{ip: 192.168.157.251, host: pr-hdds-2318-qqrts-113280968, networkLocation: /default-rack, certSerialId: null} reports an CLOSED replica.
2019-10-17 18:39:01,063 [EventQueue-ContainerReportForContainerReportHandler] WARN  container.ContainerReportHandler (AbstractContainerReportHandler.java:updateContainerState(145)) - Container #1 is in OPEN state, but the datanode 7b069786-c4de-4177-a49c-78057d3e7b27{ip: 192.168.157.251, host: pr-hdds-2318-qqrts-113280968, networkLocation: /default-rack, certSerialId: null} reports an CLOSED replica.
2019-10-17 18:39:01,082 [EventQueue-ContainerReportForContainerReportHandler] WARN  container.ContainerReportHandler (AbstractContainerReportHandler.java:updateContainerState(145)) - Container #1 is in OPEN state, but the datanode 0d68154c-bc1a-4b17-bcf5-90972ecdd7ac{ip: 192.168.157.251, host: pr-hdds-2318-qqrts-113280968, networkLocation: /default-rack, certSerialId: null} reports an CLOSED replica.
2019-10-17 18:39:01,167 [BlockDeletingService#2] WARN  background.BlockDeletingService (BlockDeletingService.java:isDeletionAllowed(187)) - Close Container log Index 8 is not replicated across allthe servers in the pipeline f5073bd3-c80c-4957-9a7f-a236c1e6a57f as the min replicated index is 6. Deletion is not allowed in this container yet.
2019-10-17 18:39:01,167 [BlockDeletingService#2] WARN  background.BlockDeletingService (BlockDeletingService.java:isDeletionAllowed(187)) - Close Container log Index 8 is not replicated across allthe servers in the pipeline f5073bd3-c80c-4957-9a7f-a236c1e6a57f as the min replicated index is 6. Deletion is not allowed in this container yet.
2019-10-17 18:39:01,463 [EventQueue-ContainerReportForContainerReportHandler] WARN  container.ContainerReportHandler (AbstractContainerReportHandler.java:updateContainerState(145)) - Container #1 is in OPEN state, but the datanode 7b069786-c4de-4177-a49c-78057d3e7b27{ip: 192.168.157.251, host: pr-hdds-2318-qqrts-113280968, networkLocation: /default-rack, certSerialId: null} reports an CLOSED replica.
2019-10-17 18:39:01,482 [EventQueue-ContainerReportForContainerReportHandler] WARN  container.ContainerReportHandler (AbstractContainerReportHandler.java:updateContainerState(145)) - Container #1 is in OPEN state, but the datanode 0d68154c-bc1a-4b17-bcf5-90972ecdd7ac{ip: 192.168.157.251, host: pr-hdds-2318-qqrts-113280968, networkLocation: /default-rack, certSerialId: null} reports an CLOSED replica.
2019-10-17 18:39:01,763 [EventQueue-ContainerReportForContainerReportHandler] WARN  container.ContainerReportHandler (AbstractContainerReportHandler.java:updateContainerState(145)) - Container #1 is in OPEN state, but the datanode 7b069786-c4de-4177-a49c-78057d3e7b27{ip: 192.168.157.251, host: pr-hdds-2318-qqrts-113280968, networkLocation: /default-rack, certSerialId: null} reports an CLOSED replica.
2019-10-17 18:39:01,783 [EventQueue-ContainerReportForContainerReportHandler] WARN  container.ContainerReportHandler (AbstractContainerReportHandler.java:updateContainerState(145)) - Container #1 is in OPEN state, but the datanode 0d68154c-bc1a-4b17-bcf5-90972ecdd7ac{ip: 192.168.157.251, host: pr-hdds-2318-qqrts-113280968, networkLocation: /default-rack, certSerialId: null} reports an CLOSED replica.
2019-10-17 18:39:01,963 [EventQueue-ContainerReportForContainerReportHandler] WARN  container.ContainerReportHandler (AbstractContainerReportHandler.java:updateContainerState(145)) - Container #1 is in OPEN state, but the datanode 7b069786-c4de-4177-a49c-78057d3e7b27{ip: 192.168.157.251, host: pr-hdds-2318-qqrts-113280968, networkLocation: /default-rack, certSerialId: null} reports an CLOSED replica.
2019-10-17 18:39:02,163 [EventQueue-ContainerReportForContainerReportHandler] WARN  container.ContainerReportHandler (AbstractContainerReportHandler.java:updateContainerState(145)) - Container #1 is in OPEN state, but the datanode 7b069786-c4de-4177-a49c-78057d3e7b27{ip: 192.168.157.251, host: pr-hdds-2318-qqrts-113280968, networkLocation: /default-rack, certSerialId: null} reports an CLOSED replica.
2019-10-17 18:39:02,168 [BlockDeletingService#2] WARN  background.BlockDeletingService (BlockDeletingService.java:isDeletionAllowed(187)) - Close Container log Index 8 is not replicated across allthe servers in the pipeline f5073bd3-c80c-4957-9a7f-a236c1e6a57f as the min replicated index is 6. Deletion is not allowed in this container yet.
2019-10-17 18:39:02,168 [BlockDeletingService#2] WARN  background.BlockDeletingService (BlockDeletingService.java:isDeletionAllowed(187)) - Close Container log Index 8 is not replicated across allthe servers in the pipeline f5073bd3-c80c-4957-9a7f-a236c1e6a57f as the min replicated index is 6. Deletion is not allowed in this container yet.
2019-10-17 18:39:02,184 [EventQueue-ContainerReportForContainerReportHandler] WARN  container.ContainerReportHandler (AbstractContainerReportHandler.java:updateContainerState(145)) - Container #1 is in OPEN state, but the datanode 0d68154c-bc1a-4b17-bcf5-90972ecdd7ac{ip: 192.168.157.251, host: pr-hdds-2318-qqrts-113280968, networkLocation: /default-rack, certSerialId: null} reports an CLOSED replica.
2019-10-17 18:39:02,563 [EventQueue-ContainerReportForContainerReportHandler] WARN  container.ContainerReportHandler (AbstractContainerReportHandler.java:updateContainerState(145)) - Container #1 is in OPEN state, but the datanode 7b069786-c4de-4177-a49c-78057d3e7b27{ip: 192.168.157.251, host: pr-hdds-2318-qqrts-113280968, networkLocation: /default-rack, certSerialId: null} reports an CLOSED replica.
2019-10-17 18:39:02,584 [EventQueue-ContainerReportForContainerReportHandler] WARN  container.ContainerReportHandler (AbstractContainerReportHandler.java:updateContainerState(145)) - Container #1 is in OPEN state, but the datanode 0d68154c-bc1a-4b17-bcf5-90972ecdd7ac{ip: 192.168.157.251, host: pr-hdds-2318-qqrts-113280968, networkLocation: /default-rack, certSerialId: null} reports an CLOSED replica.
2019-10-17 18:39:02,679 [java.util.concurrent.ThreadPoolExecutor$Worker@76cdd85c[State = -1, empty queue]] WARN  server.GrpcLogAppender (GrpcLogAppender.java:timeoutAppendRequest(209)) - 0d68154c-bc1a-4b17-bcf5-90972ecdd7ac@group-A236C1E6A57F->09ea8095-e0f7-4a15-a25f-71748f8d4e7f-GrpcLogAppender: appendEntries Timeout, request=0d68154c-bc1a-4b17-bcf5-90972ecdd7ac->09ea8095-e0f7-4a15-a25f-71748f8d4e7f#48-t9, previous=(t:9, i:12), leaderCommit=12, initializing? false, entries: <empty>
2019-10-17 18:39:02,785 [EventQueue-ContainerReportForContainerReportHandler] WARN  container.ContainerReportHandler (AbstractContainerReportHandler.java:updateContainerState(145)) - Container #1 is in OPEN state, but the datanode 0d68154c-bc1a-4b17-bcf5-90972ecdd7ac{ip: 192.168.157.251, host: pr-hdds-2318-qqrts-113280968, networkLocation: /default-rack, certSerialId: null} reports an CLOSED replica.
2019-10-17 18:39:02,965 [EventQueue-ContainerReportForContainerReportHandler] WARN  container.ContainerReportHandler (AbstractContainerReportHandler.java:updateContainerState(145)) - Container #1 is in OPEN state, but the datanode 7b069786-c4de-4177-a49c-78057d3e7b27{ip: 192.168.157.251, host: pr-hdds-2318-qqrts-113280968, networkLocation: /default-rack, certSerialId: null} reports an CLOSED replica.
2019-10-17 18:39:03,085 [EventQueue-ContainerReportForContainerReportHandler] WARN  container.ContainerReportHandler (AbstractContainerReportHandler.java:updateContainerState(145)) - Container #1 is in OPEN state, but the datanode 0d68154c-bc1a-4b17-bcf5-90972ecdd7ac{ip: 192.168.157.251, host: pr-hdds-2318-qqrts-113280968, networkLocation: /default-rack, certSerialId: null} reports an CLOSED replica.
2019-10-17 18:39:03,163 [EventQueue-ContainerReportForContainerReportHandler] WARN  container.ContainerReportHandler (AbstractContainerReportHandler.java:updateContainerState(145)) - Container #1 is in OPEN state, but the datanode 7b069786-c4de-4177-a49c-78057d3e7b27{ip: 192.168.157.251, host: pr-hdds-2318-qqrts-113280968, networkLocation: /default-rack, certSerialId: null} reports an CLOSED replica.
2019-10-17 18:39:03,171 [BlockDeletingService#2] WARN  background.BlockDeletingService (BlockDeletingService.java:isDeletionAllowed(187)) - Close Container log Index 8 is not replicated across allthe servers in the pipeline f5073bd3-c80c-4957-9a7f-a236c1e6a57f as the min replicated index is 6. Deletion is not allowed in this container yet.
2019-10-17 18:39:03,172 [BlockDeletingService#2] WARN  background.BlockDeletingService (BlockDeletingService.java:isDeletionAllowed(187)) - Close Container log Index 8 is not replicated across allthe servers in the pipeline f5073bd3-c80c-4957-9a7f-a236c1e6a57f as the min replicated index is 6. Deletion is not allowed in this container yet.
2019-10-17 18:39:03,285 [EventQueue-ContainerReportForContainerReportHandler] WARN  container.ContainerReportHandler (AbstractContainerReportHandler.java:updateContainerState(145)) - Container #1 is in OPEN state, but the datanode 0d68154c-bc1a-4b17-bcf5-90972ecdd7ac{ip: 192.168.157.251, host: pr-hdds-2318-qqrts-113280968, networkLocation: /default-rack, certSerialId: null} reports an CLOSED replica.
2019-10-17 18:39:03,363 [EventQueue-ContainerReportForContainerReportHandler] WARN  container.ContainerReportHandler (AbstractContainerReportHandler.java:updateContainerState(145)) - Container #1 is in OPEN state, but the datanode 7b069786-c4de-4177-a49c-78057d3e7b27{ip: 192.168.157.251, host: pr-hdds-2318-qqrts-113280968, networkLocation: /default-rack, certSerialId: null} reports an CLOSED replica.
2019-10-17 18:39:03,586 [EventQueue-ContainerReportForContainerReportHandler] WARN  container.ContainerReportHandler (AbstractContainerReportHandler.java:updateContainerState(145)) - Container #1 is in OPEN state, but the datanode 0d68154c-bc1a-4b17-bcf5-90972ecdd7ac{ip: 192.168.157.251, host: pr-hdds-2318-qqrts-113280968, networkLocation: /default-rack, certSerialId: null} reports an CLOSED replica.
2019-10-17 18:39:03,763 [EventQueue-ContainerReportForContainerReportHandler] WARN  container.ContainerReportHandler (AbstractContainerReportHandler.java:updateContainerState(145)) - Container #1 is in OPEN state, but the datanode 7b069786-c4de-4177-a49c-78057d3e7b27{ip: 192.168.157.251, host: pr-hdds-2318-qqrts-113280968, networkLocation: /default-rack, certSerialId: null} reports an CLOSED replica.
2019-10-17 18:39:03,963 [EventQueue-ContainerReportForContainerReportHandler] WARN  container.ContainerReportHandler (AbstractContainerReportHandler.java:updateContainerState(145)) - Container #1 is in OPEN state, but the datanode 7b069786-c4de-4177-a49c-78057d3e7b27{ip: 192.168.157.251, host: pr-hdds-2318-qqrts-113280968, networkLocation: /default-rack, certSerialId: null} reports an CLOSED replica.
2019-10-17 18:39:03,987 [EventQueue-ContainerReportForContainerReportHandler] WARN  container.ContainerReportHandler (AbstractContainerReportHandler.java:updateContainerState(145)) - Container #1 is in OPEN state, but the datanode 0d68154c-bc1a-4b17-bcf5-90972ecdd7ac{ip: 192.168.157.251, host: pr-hdds-2318-qqrts-113280968, networkLocation: /default-rack, certSerialId: null} reports an CLOSED replica.
2019-10-17 18:39:04,173 [BlockDeletingService#2] WARN  background.BlockDeletingService (BlockDeletingService.java:isDeletionAllowed(187)) - Close Container log Index 8 is not replicated across allthe servers in the pipeline f5073bd3-c80c-4957-9a7f-a236c1e6a57f as the min replicated index is 6. Deletion is not allowed in this container yet.
2019-10-17 18:39:04,173 [BlockDeletingService#2] WARN  background.BlockDeletingService (BlockDeletingService.java:isDeletionAllowed(187)) - Close Container log Index 8 is not replicated across allthe servers in the pipeline f5073bd3-c80c-4957-9a7f-a236c1e6a57f as the min replicated index is 6. Deletion is not allowed in this container yet.
2019-10-17 18:39:04,287 [EventQueue-ContainerReportForContainerReportHandler] WARN  container.ContainerReportHandler (AbstractContainerReportHandler.java:updateContainerState(145)) - Container #1 is in OPEN state, but the datanode 0d68154c-bc1a-4b17-bcf5-90972ecdd7ac{ip: 192.168.157.251, host: pr-hdds-2318-qqrts-113280968, networkLocation: /default-rack, certSerialId: null} reports an CLOSED replica.
2019-10-17 18:39:04,363 [EventQueue-ContainerReportForContainerReportHandler] WARN  container.ContainerReportHandler (AbstractContainerReportHandler.java:updateContainerState(145)) - Container #1 is in OPEN state, but the datanode 7b069786-c4de-4177-a49c-78057d3e7b27{ip: 192.168.157.251, host: pr-hdds-2318-qqrts-113280968, networkLocation: /default-rack, certSerialId: null} reports an CLOSED replica.
2019-10-17 18:39:04,688 [EventQueue-ContainerReportForContainerReportHandler] WARN  container.ContainerReportHandler (AbstractContainerReportHandler.java:updateContainerState(145)) - Container #1 is in OPEN state, but the datanode 0d68154c-bc1a-4b17-bcf5-90972ecdd7ac{ip: 192.168.157.251, host: pr-hdds-2318-qqrts-113280968, networkLocation: /default-rack, certSerialId: null} reports an CLOSED replica.
2019-10-17 18:39:04,764 [EventQueue-ContainerReportForContainerReportHandler] WARN  container.ContainerReportHandler (AbstractContainerReportHandler.java:updateContainerState(145)) - Container #1 is in OPEN state, but the datanode 7b069786-c4de-4177-a49c-78057d3e7b27{ip: 192.168.157.251, host: pr-hdds-2318-qqrts-113280968, networkLocation: /default-rack, certSerialId: null} reports an CLOSED replica.
2019-10-17 18:39:04,965 [EventQueue-ContainerReportForContainerReportHandler] WARN  container.ContainerReportHandler (AbstractContainerReportHandler.java:updateContainerState(145)) - Container #1 is in OPEN state, but the datanode 7b069786-c4de-4177-a49c-78057d3e7b27{ip: 192.168.157.251, host: pr-hdds-2318-qqrts-113280968, networkLocation: /default-rack, certSerialId: null} reports an CLOSED replica.
2019-10-17 18:39:04,989 [EventQueue-ContainerReportForContainerReportHandler] WARN  container.ContainerReportHandler (AbstractContainerReportHandler.java:updateContainerState(145)) - Container #1 is in OPEN state, but the datanode 0d68154c-bc1a-4b17-bcf5-90972ecdd7ac{ip: 192.168.157.251, host: pr-hdds-2318-qqrts-113280968, networkLocation: /default-rack, certSerialId: null} reports an CLOSED replica.
2019-10-17 18:39:05,165 [EventQueue-ContainerReportForContainerReportHandler] WARN  container.ContainerReportHandler (AbstractContainerReportHandler.java:updateContainerState(145)) - Container #1 is in OPEN state, but the datanode 7b069786-c4de-4177-a49c-78057d3e7b27{ip: 192.168.157.251, host: pr-hdds-2318-qqrts-113280968, networkLocation: /default-rack, certSerialId: null} reports an CLOSED replica.
2019-10-17 18:39:05,175 [BlockDeletingService#2] WARN  background.BlockDeletingService (BlockDeletingService.java:isDeletionAllowed(187)) - Close Container log Index 8 is not replicated across allthe servers in the pipeline f5073bd3-c80c-4957-9a7f-a236c1e6a57f as the min replicated index is 6. Deletion is not allowed in this container yet.
2019-10-17 18:39:05,175 [BlockDeletingService#2] WARN  background.BlockDeletingService (BlockDeletingService.java:isDeletionAllowed(187)) - Close Container log Index 8 is not replicated across allthe servers in the pipeline f5073bd3-c80c-4957-9a7f-a236c1e6a57f as the min replicated index is 6. Deletion is not allowed in this container yet.
2019-10-17 18:39:05,180 [java.util.concurrent.ThreadPoolExecutor$Worker@76cdd85c[State = -1, empty queue]] WARN  server.GrpcLogAppender (GrpcLogAppender.java:timeoutAppendRequest(209)) - 0d68154c-bc1a-4b17-bcf5-90972ecdd7ac@group-A236C1E6A57F->09ea8095-e0f7-4a15-a25f-71748f8d4e7f-GrpcLogAppender: appendEntries Timeout, request=0d68154c-bc1a-4b17-bcf5-90972ecdd7ac->09ea8095-e0f7-4a15-a25f-71748f8d4e7f#49-t9, previous=(t:9, i:12), leaderCommit=12, initializing? false, entries: <empty>
2019-10-17 18:39:05,289 [EventQueue-ContainerReportForContainerReportHandler] WARN  container.ContainerReportHandler (AbstractContainerReportHandler.java:updateContainerState(145)) - Container #1 is in OPEN state, but the datanode 0d68154c-bc1a-4b17-bcf5-90972ecdd7ac{ip: 192.168.157.251, host: pr-hdds-2318-qqrts-113280968, networkLocation: /default-rack, certSerialId: null} reports an CLOSED replica.
2019-10-17 18:39:05,565 [EventQueue-ContainerReportForContainerReportHandler] WARN  container.ContainerReportHandler (AbstractContainerReportHandler.java:updateContainerState(145)) - Container #1 is in OPEN state, but the datanode 7b069786-c4de-4177-a49c-78057d3e7b27{ip: 192.168.157.251, host: pr-hdds-2318-qqrts-113280968, networkLocation: /default-rack, certSerialId: null} reports an CLOSED replica.
2019-10-17 18:39:05,691 [EventQueue-ContainerReportForContainerReportHandler] WARN  container.ContainerReportHandler (AbstractContainerReportHandler.java:updateContainerState(145)) - Container #1 is in OPEN state, but the datanode 0d68154c-bc1a-4b17-bcf5-90972ecdd7ac{ip: 192.168.157.251, host: pr-hdds-2318-qqrts-113280968, networkLocation: /default-rack, certSerialId: null} reports an CLOSED replica.
2019-10-17 18:39:05,785 [Thread-591] INFO  client.GrpcClientProtocolService (GrpcClientProtocolService.java:lambda$processClientRequest$0(278)) - Failed RaftClientRequest:client-79966ACA1C67->7b069786-c4de-4177-a49c-78057d3e7b27@group-A236C1E6A57F, cid=10, seq=0, Watch-ALL_COMMITTED(8), Message:<EMPTY>, reply=RaftClientReply:client-79966ACA1C67->7b069786-c4de-4177-a49c-78057d3e7b27@group-A236C1E6A57F, cid=10, FAILED org.apache.ratis.protocol.NotLeaderException: Server 7b069786-c4de-4177-a49c-78057d3e7b27@group-A236C1E6A57F is not the leader 0d68154c-bc1a-4b17-bcf5-90972ecdd7ac:192.168.157.251:40580, logIndex=0, commits[7b069786-c4de-4177-a49c-78057d3e7b27:c12, 0d68154c-bc1a-4b17-bcf5-90972ecdd7ac:c12, 09ea8095-e0f7-4a15-a25f-71748f8d4e7f:c6]
2019-10-17 18:39:05,890 [EventQueue-ContainerReportForContainerReportHandler] WARN  container.ContainerReportHandler (AbstractContainerReportHandler.java:updateContainerState(145)) - Container #1 is in OPEN state, but the datanode 0d68154c-bc1a-4b17-bcf5-90972ecdd7ac{ip: 192.168.157.251, host: pr-hdds-2318-qqrts-113280968, networkLocation: /default-rack, certSerialId: null} reports an CLOSED replica.
2019-10-17 18:39:05,965 [EventQueue-ContainerReportForContainerReportHandler] WARN  container.ContainerReportHandler (AbstractContainerReportHandler.java:updateContainerState(145)) - Container #1 is in OPEN state, but the datanode 7b069786-c4de-4177-a49c-78057d3e7b27{ip: 192.168.157.251, host: pr-hdds-2318-qqrts-113280968, networkLocation: /default-rack, certSerialId: null} reports an CLOSED replica.
2019-10-17 18:39:06,090 [EventQueue-ContainerReportForContainerReportHandler] WARN  container.ContainerReportHandler (AbstractContainerReportHandler.java:updateContainerState(145)) - Container #1 is in OPEN state, but the datanode 0d68154c-bc1a-4b17-bcf5-90972ecdd7ac{ip: 192.168.157.251, host: pr-hdds-2318-qqrts-113280968, networkLocation: /default-rack, certSerialId: null} reports an CLOSED replica.
2019-10-17 18:39:06,177 [BlockDeletingService#2] WARN  background.BlockDeletingService (BlockDeletingService.java:isDeletionAllowed(187)) - Close Container log Index 8 is not replicated across allthe servers in the pipeline f5073bd3-c80c-4957-9a7f-a236c1e6a57f as the min replicated index is 6. Deletion is not allowed in this container yet.
2019-10-17 18:39:06,177 [BlockDeletingService#2] WARN  background.BlockDeletingService (BlockDeletingService.java:isDeletionAllowed(187)) - Close Container log Index 8 is not replicated across allthe servers in the pipeline f5073bd3-c80c-4957-9a7f-a236c1e6a57f as the min replicated index is 6. Deletion is not allowed in this container yet.
2019-10-17 18:39:06,365 [EventQueue-ContainerReportForContainerReportHandler] WARN  container.ContainerReportHandler (AbstractContainerReportHandler.java:updateContainerState(145)) - Container #1 is in OPEN state, but the datanode 7b069786-c4de-4177-a49c-78057d3e7b27{ip: 192.168.157.251, host: pr-hdds-2318-qqrts-113280968, networkLocation: /default-rack, certSerialId: null} reports an CLOSED replica.
2019-10-17 18:39:06,390 [EventQueue-ContainerReportForContainerReportHandler] WARN  container.ContainerReportHandler (AbstractContainerReportHandler.java:updateContainerState(145)) - Container #1 is in OPEN state, but the datanode 0d68154c-bc1a-4b17-bcf5-90972ecdd7ac{ip: 192.168.157.251, host: pr-hdds-2318-qqrts-113280968, networkLocation: /default-rack, certSerialId: null} reports an CLOSED replica.
2019-10-17 18:39:06,565 [EventQueue-ContainerReportForContainerReportHandler] WARN  container.ContainerReportHandler (AbstractContainerReportHandler.java:updateContainerState(145)) - Container #1 is in OPEN state, but the datanode 7b069786-c4de-4177-a49c-78057d3e7b27{ip: 192.168.157.251, host: pr-hdds-2318-qqrts-113280968, networkLocation: /default-rack, certSerialId: null} reports an CLOSED replica.
2019-10-17 18:39:06,790 [EventQueue-ContainerReportForContainerReportHandler] WARN  container.ContainerReportHandler (AbstractContainerReportHandler.java:updateContainerState(145)) - Container #1 is in OPEN state, but the datanode 0d68154c-bc1a-4b17-bcf5-90972ecdd7ac{ip: 192.168.157.251, host: pr-hdds-2318-qqrts-113280968, networkLocation: /default-rack, certSerialId: null} reports an CLOSED replica.
2019-10-17 18:39:06,965 [EventQueue-ContainerReportForContainerReportHandler] WARN  container.ContainerReportHandler (AbstractContainerReportHandler.java:updateContainerState(145)) - Container #1 is in OPEN state, but the datanode 7b069786-c4de-4177-a49c-78057d3e7b27{ip: 192.168.157.251, host: pr-hdds-2318-qqrts-113280968, networkLocation: /default-rack, certSerialId: null} reports an CLOSED replica.
2019-10-17 18:39:07,091 [EventQueue-ContainerReportForContainerReportHandler] WARN  container.ContainerReportHandler (AbstractContainerReportHandler.java:updateContainerState(145)) - Container #1 is in OPEN state, but the datanode 0d68154c-bc1a-4b17-bcf5-90972ecdd7ac{ip: 192.168.157.251, host: pr-hdds-2318-qqrts-113280968, networkLocation: /default-rack, certSerialId: null} reports an CLOSED replica.
2019-10-17 18:39:07,180 [BlockDeletingService#2] WARN  background.BlockDeletingService (BlockDeletingService.java:isDeletionAllowed(187)) - Close Container log Index 8 is not replicated across allthe servers in the pipeline f5073bd3-c80c-4957-9a7f-a236c1e6a57f as the min replicated index is 6. Deletion is not allowed in this container yet.
2019-10-17 18:39:07,180 [BlockDeletingService#2] WARN  background.BlockDeletingService (BlockDeletingService.java:isDeletionAllowed(187)) - Close Container log Index 8 is not replicated across allthe servers in the pipeline f5073bd3-c80c-4957-9a7f-a236c1e6a57f as the min replicated index is 6. Deletion is not allowed in this container yet.
2019-10-17 18:39:07,365 [EventQueue-ContainerReportForContainerReportHandler] WARN  container.ContainerReportHandler (AbstractContainerReportHandler.java:updateContainerState(145)) - Container #1 is in OPEN state, but the datanode 7b069786-c4de-4177-a49c-78057d3e7b27{ip: 192.168.157.251, host: pr-hdds-2318-qqrts-113280968, networkLocation: /default-rack, certSerialId: null} reports an CLOSED replica.
2019-10-17 18:39:07,391 [EventQueue-ContainerReportForContainerReportHandler] WARN  container.ContainerReportHandler (AbstractContainerReportHandler.java:updateContainerState(145)) - Container #1 is in OPEN state, but the datanode 0d68154c-bc1a-4b17-bcf5-90972ecdd7ac{ip: 192.168.157.251, host: pr-hdds-2318-qqrts-113280968, networkLocation: /default-rack, certSerialId: null} reports an CLOSED replica.
2019-10-17 18:39:07,585 [Thread-599] INFO  client.GrpcClientProtocolService (GrpcClientProtocolService.java:lambda$processClientRequest$0(278)) - Failed RaftClientRequest:client-79966ACA1C67->0d68154c-bc1a-4b17-bcf5-90972ecdd7ac@group-A236C1E6A57F, cid=10, seq=0, Watch-ALL_COMMITTED(8), Message:<EMPTY>, reply=RaftClientReply:client-79966ACA1C67->0d68154c-bc1a-4b17-bcf5-90972ecdd7ac@group-A236C1E6A57F, cid=10, FAILED org.apache.ratis.protocol.NotReplicatedException: Request with call Id 10 and log index 8 is not yet replicated to ALL_COMMITTED, logIndex=8, commits[0d68154c-bc1a-4b17-bcf5-90972ecdd7ac:c12, 7b069786-c4de-4177-a49c-78057d3e7b27:c12, 09ea8095-e0f7-4a15-a25f-71748f8d4e7f:c6]
2019-10-17 18:39:07,681 [java.util.concurrent.ThreadPoolExecutor$Worker@76cdd85c[State = -1, empty queue]] WARN  server.GrpcLogAppender (GrpcLogAppender.java:timeoutAppendRequest(209)) - 0d68154c-bc1a-4b17-bcf5-90972ecdd7ac@group-A236C1E6A57F->09ea8095-e0f7-4a15-a25f-71748f8d4e7f-GrpcLogAppender: appendEntries Timeout, request=0d68154c-bc1a-4b17-bcf5-90972ecdd7ac->09ea8095-e0f7-4a15-a25f-71748f8d4e7f#50-t9, previous=(t:9, i:12), leaderCommit=12, initializing? false, entries: <empty>
2019-10-17 18:39:07,691 [EventQueue-ContainerReportForContainerReportHandler] WARN  container.ContainerReportHandler (AbstractContainerReportHandler.java:updateContainerState(145)) - Container #1 is in OPEN state, but the datanode 0d68154c-bc1a-4b17-bcf5-90972ecdd7ac{ip: 192.168.157.251, host: pr-hdds-2318-qqrts-113280968, networkLocation: /default-rack, certSerialId: null} reports an CLOSED replica.
2019-10-17 18:39:07,766 [EventQueue-ContainerReportForContainerReportHandler] WARN  container.ContainerReportHandler (AbstractContainerReportHandler.java:updateContainerState(145)) - Container #1 is in OPEN state, but the datanode 7b069786-c4de-4177-a49c-78057d3e7b27{ip: 192.168.157.251, host: pr-hdds-2318-qqrts-113280968, networkLocation: /default-rack, certSerialId: null} reports an CLOSED replica.
2019-10-17 18:39:08,067 [EventQueue-ContainerReportForContainerReportHandler] WARN  container.ContainerReportHandler (AbstractContainerReportHandler.java:updateContainerState(145)) - Container #1 is in OPEN state, but the datanode 7b069786-c4de-4177-a49c-78057d3e7b27{ip: 192.168.157.251, host: pr-hdds-2318-qqrts-113280968, networkLocation: /default-rack, certSerialId: null} reports an CLOSED replica.
2019-10-17 18:39:08,091 [EventQueue-ContainerReportForContainerReportHandler] WARN  container.ContainerReportHandler (AbstractContainerReportHandler.java:updateContainerState(145)) - Container #1 is in OPEN state, but the datanode 0d68154c-bc1a-4b17-bcf5-90972ecdd7ac{ip: 192.168.157.251, host: pr-hdds-2318-qqrts-113280968, networkLocation: /default-rack, certSerialId: null} reports an CLOSED replica.
2019-10-17 18:39:08,173 [EventQueue-StaleNodeForStaleNodeHandler] INFO  node.StaleNodeHandler (StaleNodeHandler.java:onMessage(58)) - Datanode 09ea8095-e0f7-4a15-a25f-71748f8d4e7f{ip: 192.168.157.251, host: pr-hdds-2318-qqrts-113280968, networkLocation: /default-rack, certSerialId: null} moved to stale state. Finalizing its pipelines [PipelineID=18e7cb0e-0b18-41b5-b35f-08c3fa632375, PipelineID=f5073bd3-c80c-4957-9a7f-a236c1e6a57f]
2019-10-17 18:39:08,174 [EventQueue-StaleNodeForStaleNodeHandler] INFO  pipeline.SCMPipelineManager (SCMPipelineManager.java:finalizeAndDestroyPipeline(315)) - destroying pipeline:Pipeline[ Id: 18e7cb0e-0b18-41b5-b35f-08c3fa632375, Nodes: 09ea8095-e0f7-4a15-a25f-71748f8d4e7f{ip: 192.168.157.251, host: pr-hdds-2318-qqrts-113280968, networkLocation: /default-rack, certSerialId: null}, Type:RATIS, Factor:ONE, State:OPEN]
2019-10-17 18:39:08,178 [EventQueue-StaleNodeForStaleNodeHandler] INFO  pipeline.PipelineStateManager (PipelineStateManager.java:finalizePipeline(123)) - Pipeline Pipeline[ Id: 18e7cb0e-0b18-41b5-b35f-08c3fa632375, Nodes: 09ea8095-e0f7-4a15-a25f-71748f8d4e7f{ip: 192.168.157.251, host: pr-hdds-2318-qqrts-113280968, networkLocation: /default-rack, certSerialId: null}, Type:RATIS, Factor:ONE, State:CLOSED] moved to CLOSED state
2019-10-17 18:39:08,180 [EventQueue-StaleNodeForStaleNodeHandler] INFO  pipeline.SCMPipelineManager (SCMPipelineManager.java:finalizeAndDestroyPipeline(315)) - destroying pipeline:Pipeline[ Id: f5073bd3-c80c-4957-9a7f-a236c1e6a57f, Nodes: 09ea8095-e0f7-4a15-a25f-71748f8d4e7f{ip: 192.168.157.251, host: pr-hdds-2318-qqrts-113280968, networkLocation: /default-rack, certSerialId: null}7b069786-c4de-4177-a49c-78057d3e7b27{ip: 192.168.157.251, host: pr-hdds-2318-qqrts-113280968, networkLocation: /default-rack, certSerialId: null}0d68154c-bc1a-4b17-bcf5-90972ecdd7ac{ip: 192.168.157.251, host: pr-hdds-2318-qqrts-113280968, networkLocation: /default-rack, certSerialId: null}, Type:RATIS, Factor:THREE, State:OPEN]
2019-10-17 18:39:08,181 [EventQueue-StaleNodeForStaleNodeHandler] INFO  pipeline.PipelineStateManager (PipelineStateManager.java:finalizePipeline(123)) - Pipeline Pipeline[ Id: f5073bd3-c80c-4957-9a7f-a236c1e6a57f, Nodes: 09ea8095-e0f7-4a15-a25f-71748f8d4e7f{ip: 192.168.157.251, host: pr-hdds-2318-qqrts-113280968, networkLocation: /default-rack, certSerialId: null}7b069786-c4de-4177-a49c-78057d3e7b27{ip: 192.168.157.251, host: pr-hdds-2318-qqrts-113280968, networkLocation: /default-rack, certSerialId: null}0d68154c-bc1a-4b17-bcf5-90972ecdd7ac{ip: 192.168.157.251, host: pr-hdds-2318-qqrts-113280968, networkLocation: /default-rack, certSerialId: null}, Type:RATIS, Factor:THREE, State:CLOSED] moved to CLOSED state
2019-10-17 18:39:08,182 [EventQueue-CloseContainerForCloseContainerEventHandler] INFO  container.CloseContainerEventHandler (CloseContainerEventHandler.java:onMessage(61)) - Close container Event triggered for container : #1
2019-10-17 18:39:08,185 [BlockDeletingService#2] WARN  background.BlockDeletingService (BlockDeletingService.java:isDeletionAllowed(187)) - Close Container log Index 8 is not replicated across allthe servers in the pipeline f5073bd3-c80c-4957-9a7f-a236c1e6a57f as the min replicated index is 6. Deletion is not allowed in this container yet.
2019-10-17 18:39:08,186 [BlockDeletingService#2] WARN  background.BlockDeletingService (BlockDeletingService.java:isDeletionAllowed(187)) - Close Container log Index 8 is not replicated across allthe servers in the pipeline f5073bd3-c80c-4957-9a7f-a236c1e6a57f as the min replicated index is 6. Deletion is not allowed in this container yet.
2019-10-17 18:39:08,368 [EventQueue-ContainerReportForContainerReportHandler] INFO  container.ContainerReportHandler (AbstractContainerReportHandler.java:updateContainerState(178)) - Moving container #1 to CLOSED state, datanode 7b069786-c4de-4177-a49c-78057d3e7b27{ip: 192.168.157.251, host: pr-hdds-2318-qqrts-113280968, networkLocation: /default-rack, certSerialId: null} reported CLOSED replica.
2019-10-17 18:39:09,089 [SCMBlockDeletingService#0] INFO  block.SCMBlockDeletingService (SCMBlockDeletingService.java:call(184)) - Totally added 3 delete blocks command for 3 datanodes, task elapsed time: 7ms
2019-10-17 18:39:09,169 [EventQueue-PendingDeleteStatusForPendingDeleteHandler] INFO  block.SCMBlockDeletingService (SCMBlockDeletingService.java:handlePendingDeletes(115)) - Block deletion txnID mismatch in datanode 7b069786-c4de-4177-a49c-78057d3e7b27 for containerID 1. Datanode delete txnID: 0, SCM txnID: 1
2019-10-17 18:39:09,187 [BlockDeletingService#2] WARN  background.BlockDeletingService (BlockDeletingService.java:isDeletionAllowed(187)) - Close Container log Index 8 is not replicated across allthe servers in the pipeline f5073bd3-c80c-4957-9a7f-a236c1e6a57f as the min replicated index is 6. Deletion is not allowed in this container yet.
2019-10-17 18:39:09,187 [BlockDeletingService#2] WARN  background.BlockDeletingService (BlockDeletingService.java:isDeletionAllowed(187)) - Close Container log Index 8 is not replicated across allthe servers in the pipeline f5073bd3-c80c-4957-9a7f-a236c1e6a57f as the min replicated index is 6. Deletion is not allowed in this container yet.
2019-10-17 18:39:09,192 [EventQueue-PendingDeleteStatusForPendingDeleteHandler] INFO  block.SCMBlockDeletingService (SCMBlockDeletingService.java:handlePendingDeletes(115)) - Block deletion txnID mismatch in datanode 0d68154c-bc1a-4b17-bcf5-90972ecdd7ac for containerID 1. Datanode delete txnID: 0, SCM txnID: 1
2019-10-17 18:39:09,293 [Command processor thread] INFO  commandhandler.DeleteBlocksCommandHandler (DeleteBlocksCommandHandler.java:handle(106)) - Start to delete container blocks, TXIDs=[1(0)], numOfContainers=1, numOfBlocks=1
2019-10-17 18:39:09,368 [EventQueue-PendingDeleteStatusForPendingDeleteHandler] INFO  block.SCMBlockDeletingService (SCMBlockDeletingService.java:handlePendingDeletes(115)) - Block deletion txnID mismatch in datanode 7b069786-c4de-4177-a49c-78057d3e7b27 for containerID 1. Datanode delete txnID: 0, SCM txnID: 1
2019-10-17 18:39:09,668 [EventQueue-PendingDeleteStatusForPendingDeleteHandler] INFO  block.SCMBlockDeletingService (SCMBlockDeletingService.java:handlePendingDeletes(115)) - Block deletion txnID mismatch in datanode 7b069786-c4de-4177-a49c-78057d3e7b27 for containerID 1. Datanode delete txnID: 0, SCM txnID: 1
2019-10-17 18:39:09,737 [main] INFO  impl.MetricsSystemImpl (MetricsSystemImpl.java:init(158)) - HddsDatanode metrics system started (again)
2019-10-17 18:39:09,780 [main] INFO  ozone.HddsDatanodeService (HddsDatanodeService.java:start(184)) - HddsDatanodeService host:pr-hdds-2318-qqrts-113280968 ip:192.168.157.251
2019-10-17 18:39:09,784 [main] INFO  volume.VolumeUsage (VolumeUsage.java:loadScmUsed(144)) - Cached ScmUsed found for /workdir/hadoop-ozone/integration-test/target/test-dir/MiniOzoneClusterImpl-7c97e77e-72d1-4dbe-ba9d-252c38b2309c/datanode-2/data/containers : 4096 
2019-10-17 18:39:09,784 [main] INFO  volume.HddsVolume (HddsVolume.java:<init>(176)) - Creating Volume: /workdir/hadoop-ozone/integration-test/target/test-dir/MiniOzoneClusterImpl-7c97e77e-72d1-4dbe-ba9d-252c38b2309c/datanode-2/data/containers/hdds of  storage type : DISK and capacity : 1482555576320
2019-10-17 18:39:09,785 [main] INFO  volume.VolumeSet (VolumeSet.java:initializeVolumeSet(170)) - Added Volume : /workdir/hadoop-ozone/integration-test/target/test-dir/MiniOzoneClusterImpl-7c97e77e-72d1-4dbe-ba9d-252c38b2309c/datanode-2/data/containers/hdds to VolumeSet
2019-10-17 18:39:09,785 [main] INFO  volume.ThrottledAsyncChecker (ThrottledAsyncChecker.java:schedule(141)) - Scheduling a check for /workdir/hadoop-ozone/integration-test/target/test-dir/MiniOzoneClusterImpl-7c97e77e-72d1-4dbe-ba9d-252c38b2309c/datanode-2/data/containers/hdds
2019-10-17 18:39:09,785 [main] INFO  volume.HddsVolumeChecker (HddsVolumeChecker.java:checkAllVolumes(204)) - Scheduled health check for volume /workdir/hadoop-ozone/integration-test/target/test-dir/MiniOzoneClusterImpl-7c97e77e-72d1-4dbe-ba9d-252c38b2309c/datanode-2/data/containers/hdds
2019-10-17 18:39:09,836 [main] INFO  impl.RaftServerProxy (ConfUtils.java:logGet(43)) - raft.rpc.type = GRPC (default)
2019-10-17 18:39:09,837 [main] INFO  grpc.GrpcFactory (GrpcFactory.java:checkPooledByteBufAllocatorUseCacheForAllThreads(45)) - PERFORMANCE WARNING: useCacheForAllThreads is true that may cause Netty to create a lot garbage objects and, as a result, trigger GC.
	It is recommended to disable useCacheForAllThreads by setting -Dorg.apache.ratis.thirdparty.io.netty.allocator.useCacheForAllThreads=false in command line.
2019-10-17 18:39:09,837 [main] INFO  grpc.GrpcConfigKeys$Server (ConfUtils.java:logGet(43)) - raft.grpc.server.port = 43128 (custom)
2019-10-17 18:39:09,837 [main] INFO  server.GrpcService (ConfUtils.java:logGet(43)) - raft.grpc.message.size.max = 33570816 (custom)
2019-10-17 18:39:09,838 [main] INFO  server.RaftServerConfigKeys (ConfUtils.java:logGet(43)) - raft.server.log.appender.buffer.byte-limit = 33554432 (custom)
2019-10-17 18:39:09,838 [main] INFO  server.GrpcService (ConfUtils.java:logGet(43)) - raft.grpc.flow.control.window = 1MB (=1048576) (default)
2019-10-17 18:39:09,838 [main] INFO  server.RaftServerConfigKeys (ConfUtils.java:logGet(43)) - raft.server.rpc.request.timeout = 3000ms (default)
2019-10-17 18:39:09,839 [main] INFO  server.RaftServerConfigKeys (ConfUtils.java:logGet(43)) - raft.server.storage.dir = [/workdir/hadoop-ozone/integration-test/target/test-dir/MiniOzoneClusterImpl-7c97e77e-72d1-4dbe-ba9d-252c38b2309c/datanode-2/data/ratis] (custom)
2019-10-17 18:39:09,839 [main] INFO  impl.RaftServerProxy (RaftServerProxy.java:lambda$null$0(191)) - 09ea8095-e0f7-4a15-a25f-71748f8d4e7f: found a subdirectory /workdir/hadoop-ozone/integration-test/target/test-dir/MiniOzoneClusterImpl-7c97e77e-72d1-4dbe-ba9d-252c38b2309c/datanode-2/data/ratis/f5073bd3-c80c-4957-9a7f-a236c1e6a57f
2019-10-17 18:39:09,840 [main] INFO  impl.RaftServerProxy (RaftServerProxy.java:addNew(89)) - 09ea8095-e0f7-4a15-a25f-71748f8d4e7f: addNew group-A236C1E6A57F:[] returns group-A236C1E6A57F:java.util.concurrent.CompletableFuture@2f7efd0b[Not completed]
2019-10-17 18:39:09,841 [main] INFO  impl.RaftServerProxy (RaftServerProxy.java:lambda$null$0(191)) - 09ea8095-e0f7-4a15-a25f-71748f8d4e7f: found a subdirectory /workdir/hadoop-ozone/integration-test/target/test-dir/MiniOzoneClusterImpl-7c97e77e-72d1-4dbe-ba9d-252c38b2309c/datanode-2/data/ratis/18e7cb0e-0b18-41b5-b35f-08c3fa632375
2019-10-17 18:39:09,841 [main] INFO  impl.RaftServerProxy (RaftServerProxy.java:addNew(89)) - 09ea8095-e0f7-4a15-a25f-71748f8d4e7f: addNew group-08C3FA632375:[] returns group-08C3FA632375:java.util.concurrent.CompletableFuture@41ad373[Not completed]
2019-10-17 18:39:09,846 [main] INFO  hdfs.DFSUtil (DFSUtil.java:httpServerTemplateForNNAndJN(1641)) - Starting Web-server for hddsDatanode at: http://0.0.0.0:37177
2019-10-17 18:39:09,846 [pool-59-thread-1] INFO  impl.RaftServerImpl (RaftServerImpl.java:<init>(104)) - 09ea8095-e0f7-4a15-a25f-71748f8d4e7f: new RaftServerImpl for group-A236C1E6A57F:[] with ContainerStateMachine:uninitialized
2019-10-17 18:39:09,846 [pool-59-thread-1] INFO  server.RaftServerConfigKeys (ConfUtils.java:logGet(43)) - raft.server.rpc.timeout.min = 5s (custom)
2019-10-17 18:39:09,846 [pool-59-thread-1] INFO  server.RaftServerConfigKeys (ConfUtils.java:logGet(43)) - raft.server.rpc.timeout.max = 5200ms (custom)
2019-10-17 18:39:09,846 [pool-59-thread-1] INFO  server.RaftServerConfigKeys (ConfUtils.java:logGet(43)) - raft.server.rpcslowness.timeout = 1000s (custom)
2019-10-17 18:39:09,846 [pool-59-thread-1] INFO  server.RaftServerConfigKeys (ConfUtils.java:logGet(43)) - raft.server.sleep.deviation.threshold = 300 (default)
2019-10-17 18:39:09,847 [pool-59-thread-1] INFO  server.RaftServerConfigKeys (ConfUtils.java:logGet(43)) - raft.server.log.appender.install.snapshot.enabled = false (custom)
2019-10-17 18:39:09,847 [pool-59-thread-1] INFO  impl.RaftServerImpl (ServerState.java:<init>(103)) - 09ea8095-e0f7-4a15-a25f-71748f8d4e7f@group-A236C1E6A57F: ConfigurationManager, init=-1: [], old=null, confs=<EMPTY_MAP>
2019-10-17 18:39:09,847 [pool-59-thread-1] INFO  server.RaftServerConfigKeys (ConfUtils.java:logGet(43)) - raft.server.storage.dir = [/workdir/hadoop-ozone/integration-test/target/test-dir/MiniOzoneClusterImpl-7c97e77e-72d1-4dbe-ba9d-252c38b2309c/datanode-2/data/ratis] (custom)
2019-10-17 18:39:09,847 [pool-59-thread-1] INFO  server.RaftServerConfigKeys (ConfUtils.java:logGet(43)) - raft.server.log.corruption.policy = EXCEPTION (default)
2019-10-17 18:39:09,848 [main] INFO  server.AuthenticationFilter (AuthenticationFilter.java:constructSecretProvider(240)) - Unable to initialize FileSignerSecretProvider, falling back to use random secrets.
2019-10-17 18:39:09,848 [main] WARN  http.HttpRequestLog (HttpRequestLog.java:getRequestLog(97)) - Jetty request log can only be enabled using Log4j
2019-10-17 18:39:09,850 [main] INFO  http.HttpServer2 (HttpServer2.java:addGlobalFilter(975)) - Added global filter 'safety' (class=org.apache.hadoop.http.HttpServer2$QuotingInputFilter)
2019-10-17 18:39:09,850 [main] INFO  http.HttpServer2 (HttpServer2.java:addFilter(948)) - Added filter static_user_filter (class=org.apache.hadoop.http.lib.StaticUserWebFilter$StaticUserFilter) to context hddsDatanode
2019-10-17 18:39:09,851 [main] INFO  http.HttpServer2 (HttpServer2.java:addFilter(958)) - Added filter static_user_filter (class=org.apache.hadoop.http.lib.StaticUserWebFilter$StaticUserFilter) to context logs
2019-10-17 18:39:09,851 [main] INFO  http.HttpServer2 (HttpServer2.java:addFilter(958)) - Added filter static_user_filter (class=org.apache.hadoop.http.lib.StaticUserWebFilter$StaticUserFilter) to context static
2019-10-17 18:39:09,852 [main] INFO  http.HttpServer2 (HttpServer2.java:bindListener(1191)) - Jetty bound to port 37177
2019-10-17 18:39:09,852 [main] INFO  server.Server (Server.java:doStart(351)) - jetty-9.3.25.v20180904, build timestamp: 2018-09-04T21:11:46Z, git hash: 3ce520221d0240229c862b122d2b06c12a625732
2019-10-17 18:39:09,854 [main] INFO  handler.ContextHandler (ContextHandler.java:doStart(781)) - Started o.e.j.s.ServletContextHandler@d2291de{/logs,file:///workdir/hadoop-ozone/integration-test/target/log,AVAILABLE}
2019-10-17 18:39:09,854 [main] INFO  handler.ContextHandler (ContextHandler.java:doStart(781)) - Started o.e.j.s.ServletContextHandler@41a374be{/static,jar:file:/home/user/.m2/repository/org/apache/hadoop/hadoop-hdds-container-service/0.5.0-SNAPSHOT/hadoop-hdds-container-service-0.5.0-SNAPSHOT.jar!/webapps/static,AVAILABLE}
2019-10-17 18:39:09,860 [pool-59-thread-1] INFO  storage.RaftStorageDirectory (RaftStorageDirectory.java:tryLock(328)) - Lock on /workdir/hadoop-ozone/integration-test/target/test-dir/MiniOzoneClusterImpl-7c97e77e-72d1-4dbe-ba9d-252c38b2309c/datanode-2/data/ratis/f5073bd3-c80c-4957-9a7f-a236c1e6a57f/in_use.lock acquired by nodename 9147@pr-hdds-2318-qqrts-113280968
2019-10-17 18:39:09,863 [pool-59-thread-1] INFO  ratis.ContainerStateMachine (ContainerStateMachine.java:loadSnapshot(240)) - group-A236C1E6A57F: Setting the last applied index to (t:9, i:5)
2019-10-17 18:39:09,868 [Command processor thread] INFO  commandhandler.DeleteBlocksCommandHandler (DeleteBlocksCommandHandler.java:handle(106)) - Start to delete container blocks, TXIDs=[1(0)], numOfContainers=1, numOfBlocks=1
2019-10-17 18:39:09,870 [pool-59-thread-1] INFO  impl.RaftServerImpl (ServerState.java:setRaftConf(357)) - 09ea8095-e0f7-4a15-a25f-71748f8d4e7f@group-A236C1E6A57F: set configuration 1: [7b069786-c4de-4177-a49c-78057d3e7b27:192.168.157.251:46071, 0d68154c-bc1a-4b17-bcf5-90972ecdd7ac:192.168.157.251:40580, 09ea8095-e0f7-4a15-a25f-71748f8d4e7f:192.168.157.251:43128], old=null at 1
2019-10-17 18:39:09,870 [pool-59-thread-1] INFO  server.RaftServerConfigKeys (ConfUtils.java:logGet(43)) - raft.server.notification.no-leader.timeout = 1000s (custom)
2019-10-17 18:39:09,870 [pool-59-thread-1] INFO  server.RaftServerConfigKeys (ConfUtils.java:logGet(43)) - raft.server.log.use.memory = false (default)
2019-10-17 18:39:09,870 [pool-59-thread-1] INFO  server.RaftServerConfigKeys (ConfUtils.java:logGet(43)) - raft.server.log.purge.gap = 1000000 (custom)
2019-10-17 18:39:09,870 [pool-59-thread-1] INFO  server.RaftServerConfigKeys (ConfUtils.java:logGet(43)) - raft.server.log.appender.buffer.byte-limit = 33554432 (custom)
2019-10-17 18:39:09,870 [pool-59-thread-1] INFO  server.RaftServerConfigKeys (ConfUtils.java:logGet(43)) - raft.server.log.segment.size.max = 1048576 (custom)
2019-10-17 18:39:09,870 [pool-59-thread-1] INFO  server.RaftServerConfigKeys (ConfUtils.java:logGet(43)) - raft.server.log.segment.cache.num.max = 2 (custom)
2019-10-17 18:39:09,871 [pool-59-thread-1] INFO  segmented.SegmentedRaftLogWorker (SegmentedRaftLogWorker.java:<init>(173)) - new 09ea8095-e0f7-4a15-a25f-71748f8d4e7f@group-A236C1E6A57F-SegmentedRaftLogWorker for RaftStorage:Storage Directory /workdir/hadoop-ozone/integration-test/target/test-dir/MiniOzoneClusterImpl-7c97e77e-72d1-4dbe-ba9d-252c38b2309c/datanode-2/data/ratis/f5073bd3-c80c-4957-9a7f-a236c1e6a57f
2019-10-17 18:39:09,871 [pool-59-thread-1] INFO  server.RaftServerConfigKeys (ConfUtils.java:logGet(43)) - raft.server.log.queue.byte-limit = 2147483647 (custom)
2019-10-17 18:39:09,871 [pool-59-thread-1] INFO  server.RaftServerConfigKeys (ConfUtils.java:logGet(43)) - raft.server.log.queue.element-limit = 1024 (custom)
2019-10-17 18:39:09,871 [pool-59-thread-1] INFO  server.RaftServerConfigKeys (ConfUtils.java:logGet(43)) - raft.server.log.segment.size.max = 1048576 (custom)
2019-10-17 18:39:09,871 [pool-59-thread-1] INFO  server.RaftServerConfigKeys (ConfUtils.java:logGet(43)) - raft.server.log.preallocated.size = 16384 (custom)
2019-10-17 18:39:09,871 [pool-59-thread-1] INFO  server.RaftServerConfigKeys (ConfUtils.java:logGet(43)) - raft.server.log.write.buffer.size = 33554432 (custom)
2019-10-17 18:39:09,872 [pool-59-thread-1] INFO  server.RaftServerConfigKeys (ConfUtils.java:logGet(43)) - raft.server.log.force.sync.num = 128 (default)
2019-10-17 18:39:09,872 [pool-59-thread-1] INFO  server.RaftServerConfigKeys (ConfUtils.java:logGet(43)) - raft.server.log.statemachine.data.sync = true (default)
2019-10-17 18:39:09,872 [pool-59-thread-1] INFO  server.RaftServerConfigKeys (ConfUtils.java:logGet(43)) - raft.server.log.statemachine.data.sync.timeout = 10s (default)
2019-10-17 18:39:09,872 [pool-59-thread-1] INFO  server.RaftServerConfigKeys (ConfUtils.java:logGet(43)) - raft.server.log.statemachine.data.sync.timeout.retry = -1 (default)
2019-10-17 18:39:09,872 [pool-59-thread-1] INFO  server.RaftServerConfigKeys (ConfUtils.java:logGet(43)) - raft.server.log.statemachine.data.caching.enabled = true (custom)
2019-10-17 18:39:09,880 [pool-59-thread-1] INFO  impl.RaftServerImpl (ServerState.java:setRaftConf(357)) - 09ea8095-e0f7-4a15-a25f-71748f8d4e7f@group-A236C1E6A57F: set configuration 0: [7b069786-c4de-4177-a49c-78057d3e7b27:192.168.157.251:46071, 0d68154c-bc1a-4b17-bcf5-90972ecdd7ac:192.168.157.251:40580, 09ea8095-e0f7-4a15-a25f-71748f8d4e7f:192.168.157.251:43128], old=null at 0
2019-10-17 18:39:09,880 [pool-59-thread-1] INFO  segmented.LogSegment (LogSegment.java:loadSegment(140)) - Successfully read 1 entries from segment file /workdir/hadoop-ozone/integration-test/target/test-dir/MiniOzoneClusterImpl-7c97e77e-72d1-4dbe-ba9d-252c38b2309c/datanode-2/data/ratis/f5073bd3-c80c-4957-9a7f-a236c1e6a57f/current/log_0-0
2019-10-17 18:39:09,881 [pool-59-thread-1] INFO  impl.RaftServerImpl (ServerState.java:setRaftConf(357)) - 09ea8095-e0f7-4a15-a25f-71748f8d4e7f@group-A236C1E6A57F: set configuration 1: [7b069786-c4de-4177-a49c-78057d3e7b27:192.168.157.251:46071, 0d68154c-bc1a-4b17-bcf5-90972ecdd7ac:192.168.157.251:40580, 09ea8095-e0f7-4a15-a25f-71748f8d4e7f:192.168.157.251:43128], old=null at 1
2019-10-17 18:39:09,882 [pool-59-thread-1] INFO  segmented.LogSegment (LogSegment.java:loadSegment(140)) - Successfully read 6 entries from segment file /workdir/hadoop-ozone/integration-test/target/test-dir/MiniOzoneClusterImpl-7c97e77e-72d1-4dbe-ba9d-252c38b2309c/datanode-2/data/ratis/f5073bd3-c80c-4957-9a7f-a236c1e6a57f/current/log_inprogress_1
2019-10-17 18:39:09,882 [pool-59-thread-1] INFO  segmented.SegmentedRaftLogWorker (SegmentedRaftLogWorker.java:lambda$new$0(128)) - 09ea8095-e0f7-4a15-a25f-71748f8d4e7f@group-A236C1E6A57F-SegmentedRaftLogWorker: flushIndex: setUnconditionally 0 -> 6
2019-10-17 18:39:09,886 [main] INFO  handler.ContextHandler (ContextHandler.java:doStart(781)) - Started o.e.j.w.WebAppContext@6fbc1bb{/,file:///tmp/jetty-0.0.0.0-37177-hddsDatanode-_-any-4370079862247569437.dir/webapp/,AVAILABLE}{/hddsDatanode}
2019-10-17 18:39:09,887 [main] INFO  server.AbstractConnector (AbstractConnector.java:doStart(278)) - Started ServerConnector@30c4e352{HTTP/1.1,[http/1.1]}{0.0.0.0:37177}
2019-10-17 18:39:09,910 [pool-59-thread-1] INFO  raftlog.RaftLog (RaftLog.java:lambda$new$0(61)) - 09ea8095-e0f7-4a15-a25f-71748f8d4e7f@group-A236C1E6A57F-SegmentedRaftLog: commitIndex: updateToMax old=5, new=5, updated? false
2019-10-17 18:39:09,910 [main] INFO  server.Server (Server.java:doStart(419)) - Started @125965ms
2019-10-17 18:39:09,911 [pool-59-thread-1] INFO  server.RaftServerConfigKeys (ConfUtils.java:logGet(43)) - raft.server.snapshot.auto.trigger.enabled = true (custom)
2019-10-17 18:39:09,911 [main] WARN  impl.MetricsSystemImpl (MetricsSystemImpl.java:register(276)) - Sink prometheus already exists!
2019-10-17 18:39:09,911 [pool-59-thread-1] INFO  server.RaftServerConfigKeys (ConfUtils.java:logGet(43)) - raft.server.snapshot.auto.trigger.threshold = 10000 (custom)
2019-10-17 18:39:09,911 [pool-59-thread-1] INFO  server.RaftServerConfigKeys (ConfUtils.java:logGet(43)) - raft.server.snapshot.retention.file.num = 5 (custom)
2019-10-17 18:39:09,911 [pool-59-thread-1] INFO  server.RaftServerConfigKeys (ConfUtils.java:logGet(43)) - raft.server.retrycache.expirytime = 600000ms (custom)
2019-10-17 18:39:09,913 [main] INFO  server.BaseHttpServer (BaseHttpServer.java:updateConnectorAddress(215)) - HTTP server of HDDSDATANODE is listening at http://0.0.0.0:37177
2019-10-17 18:39:09,913 [pool-59-thread-1] INFO  impl.RaftServerImpl (RaftServerImpl.java:<init>(104)) - 09ea8095-e0f7-4a15-a25f-71748f8d4e7f: new RaftServerImpl for group-08C3FA632375:[] with ContainerStateMachine:uninitialized
2019-10-17 18:39:09,913 [pool-59-thread-1] INFO  server.RaftServerConfigKeys (ConfUtils.java:logGet(43)) - raft.server.rpc.timeout.min = 5s (custom)
2019-10-17 18:39:09,913 [pool-59-thread-1] INFO  server.RaftServerConfigKeys (ConfUtils.java:logGet(43)) - raft.server.rpc.timeout.max = 5200ms (custom)
2019-10-17 18:39:09,913 [pool-59-thread-1] INFO  server.RaftServerConfigKeys (ConfUtils.java:logGet(43)) - raft.server.rpcslowness.timeout = 1000s (custom)
2019-10-17 18:39:09,913 [pool-59-thread-1] INFO  server.RaftServerConfigKeys (ConfUtils.java:logGet(43)) - raft.server.sleep.deviation.threshold = 300 (default)
2019-10-17 18:39:09,913 [pool-59-thread-1] INFO  server.RaftServerConfigKeys (ConfUtils.java:logGet(43)) - raft.server.log.appender.install.snapshot.enabled = false (custom)
2019-10-17 18:39:09,914 [pool-59-thread-1] INFO  impl.RaftServerImpl (ServerState.java:<init>(103)) - 09ea8095-e0f7-4a15-a25f-71748f8d4e7f@group-08C3FA632375: ConfigurationManager, init=-1: [], old=null, confs=<EMPTY_MAP>
2019-10-17 18:39:09,914 [pool-59-thread-1] INFO  server.RaftServerConfigKeys (ConfUtils.java:logGet(43)) - raft.server.storage.dir = [/workdir/hadoop-ozone/integration-test/target/test-dir/MiniOzoneClusterImpl-7c97e77e-72d1-4dbe-ba9d-252c38b2309c/datanode-2/data/ratis] (custom)
2019-10-17 18:39:09,914 [pool-59-thread-1] INFO  server.RaftServerConfigKeys (ConfUtils.java:logGet(43)) - raft.server.log.corruption.policy = EXCEPTION (default)
2019-10-17 18:39:09,914 [org.apache.hadoop.util.JvmPauseMonitor$Monitor@3aa16bd1] INFO  util.JvmPauseMonitor (JvmPauseMonitor.java:run(188)) - Starting JVM pause monitor
2019-10-17 18:39:09,926 [pool-59-thread-1] INFO  storage.RaftStorageDirectory (RaftStorageDirectory.java:tryLock(328)) - Lock on /workdir/hadoop-ozone/integration-test/target/test-dir/MiniOzoneClusterImpl-7c97e77e-72d1-4dbe-ba9d-252c38b2309c/datanode-2/data/ratis/18e7cb0e-0b18-41b5-b35f-08c3fa632375/in_use.lock acquired by nodename 9147@pr-hdds-2318-qqrts-113280968
2019-10-17 18:39:09,927 [pool-59-thread-1] INFO  ratis.ContainerStateMachine (ContainerStateMachine.java:loadSnapshot(231)) - group-08C3FA632375: The snapshot info is null. Setting the last applied indexto:(t:0, i:~)
2019-10-17 18:39:09,927 [pool-59-thread-1] INFO  server.RaftServerConfigKeys (ConfUtils.java:logGet(43)) - raft.server.notification.no-leader.timeout = 1000s (custom)
2019-10-17 18:39:09,927 [pool-59-thread-1] INFO  server.RaftServerConfigKeys (ConfUtils.java:logGet(43)) - raft.server.log.use.memory = false (default)
2019-10-17 18:39:09,927 [pool-59-thread-1] INFO  server.RaftServerConfigKeys (ConfUtils.java:logGet(43)) - raft.server.log.purge.gap = 1000000 (custom)
2019-10-17 18:39:09,927 [pool-59-thread-1] INFO  server.RaftServerConfigKeys (ConfUtils.java:logGet(43)) - raft.server.log.appender.buffer.byte-limit = 33554432 (custom)
2019-10-17 18:39:09,927 [pool-59-thread-1] INFO  server.RaftServerConfigKeys (ConfUtils.java:logGet(43)) - raft.server.log.segment.size.max = 1048576 (custom)
2019-10-17 18:39:09,927 [pool-59-thread-1] INFO  server.RaftServerConfigKeys (ConfUtils.java:logGet(43)) - raft.server.log.segment.cache.num.max = 2 (custom)
2019-10-17 18:39:09,927 [pool-59-thread-1] INFO  segmented.SegmentedRaftLogWorker (SegmentedRaftLogWorker.java:<init>(173)) - new 09ea8095-e0f7-4a15-a25f-71748f8d4e7f@group-08C3FA632375-SegmentedRaftLogWorker for RaftStorage:Storage Directory /workdir/hadoop-ozone/integration-test/target/test-dir/MiniOzoneClusterImpl-7c97e77e-72d1-4dbe-ba9d-252c38b2309c/datanode-2/data/ratis/18e7cb0e-0b18-41b5-b35f-08c3fa632375
2019-10-17 18:39:09,927 [pool-59-thread-1] INFO  server.RaftServerConfigKeys (ConfUtils.java:logGet(43)) - raft.server.log.queue.byte-limit = 2147483647 (custom)
2019-10-17 18:39:09,928 [pool-59-thread-1] INFO  server.RaftServerConfigKeys (ConfUtils.java:logGet(43)) - raft.server.log.queue.element-limit = 1024 (custom)
2019-10-17 18:39:09,928 [pool-59-thread-1] INFO  server.RaftServerConfigKeys (ConfUtils.java:logGet(43)) - raft.server.log.segment.size.max = 1048576 (custom)
2019-10-17 18:39:09,928 [pool-59-thread-1] INFO  server.RaftServerConfigKeys (ConfUtils.java:logGet(43)) - raft.server.log.preallocated.size = 16384 (custom)
2019-10-17 18:39:09,928 [pool-59-thread-1] INFO  server.RaftServerConfigKeys (ConfUtils.java:logGet(43)) - raft.server.log.write.buffer.size = 33554432 (custom)
2019-10-17 18:39:09,928 [pool-59-thread-1] INFO  server.RaftServerConfigKeys (ConfUtils.java:logGet(43)) - raft.server.log.force.sync.num = 128 (default)
2019-10-17 18:39:09,928 [pool-59-thread-1] INFO  server.RaftServerConfigKeys (ConfUtils.java:logGet(43)) - raft.server.log.statemachine.data.sync = true (default)
2019-10-17 18:39:09,928 [pool-59-thread-1] INFO  server.RaftServerConfigKeys (ConfUtils.java:logGet(43)) - raft.server.log.statemachine.data.sync.timeout = 10s (default)
2019-10-17 18:39:09,928 [pool-59-thread-1] INFO  server.RaftServerConfigKeys (ConfUtils.java:logGet(43)) - raft.server.log.statemachine.data.sync.timeout.retry = -1 (default)
2019-10-17 18:39:09,928 [pool-59-thread-1] INFO  server.RaftServerConfigKeys (ConfUtils.java:logGet(43)) - raft.server.log.statemachine.data.caching.enabled = true (custom)
2019-10-17 18:39:09,929 [pool-59-thread-1] INFO  impl.RaftServerImpl (ServerState.java:setRaftConf(357)) - 09ea8095-e0f7-4a15-a25f-71748f8d4e7f@group-08C3FA632375: set configuration 0: [09ea8095-e0f7-4a15-a25f-71748f8d4e7f:192.168.157.251:43128], old=null at 0
2019-10-17 18:39:09,929 [pool-59-thread-1] INFO  segmented.LogSegment (LogSegment.java:loadSegment(140)) - Successfully read 1 entries from segment file /workdir/hadoop-ozone/integration-test/target/test-dir/MiniOzoneClusterImpl-7c97e77e-72d1-4dbe-ba9d-252c38b2309c/datanode-2/data/ratis/18e7cb0e-0b18-41b5-b35f-08c3fa632375/current/log_inprogress_0
2019-10-17 18:39:09,929 [pool-59-thread-1] INFO  segmented.SegmentedRaftLogWorker (SegmentedRaftLogWorker.java:lambda$new$0(128)) - 09ea8095-e0f7-4a15-a25f-71748f8d4e7f@group-08C3FA632375-SegmentedRaftLogWorker: flushIndex: setUnconditionally 0 -> 0
2019-10-17 18:39:09,952 [pool-59-thread-1] INFO  server.RaftServerConfigKeys (ConfUtils.java:logGet(43)) - raft.server.snapshot.auto.trigger.enabled = true (custom)
2019-10-17 18:39:09,953 [pool-59-thread-1] INFO  server.RaftServerConfigKeys (ConfUtils.java:logGet(43)) - raft.server.snapshot.auto.trigger.threshold = 10000 (custom)
2019-10-17 18:39:09,953 [pool-59-thread-1] INFO  server.RaftServerConfigKeys (ConfUtils.java:logGet(43)) - raft.server.snapshot.retention.file.num = 5 (custom)
2019-10-17 18:39:09,953 [pool-59-thread-1] INFO  server.RaftServerConfigKeys (ConfUtils.java:logGet(43)) - raft.server.retrycache.expirytime = 600000ms (custom)
2019-10-17 18:39:10,090 [pool-7-thread-1] INFO  commands.RetriableDatanodeEventWatcher (RetriableDatanodeEventWatcher.java:onTimeout(47)) - RetriableDatanodeCommand type=deleteBlocksCommand with id=1571337549088 timed out. Retrying.
2019-10-17 18:39:10,090 [SCMBlockDeletingService#0] INFO  block.SCMBlockDeletingService (SCMBlockDeletingService.java:call(184)) - Totally added 1 delete blocks command for 1 datanodes, task elapsed time: 1ms
2019-10-17 18:39:10,182 [java.util.concurrent.ThreadPoolExecutor$Worker@76cdd85c[State = -1, empty queue]] WARN  server.GrpcLogAppender (GrpcLogAppender.java:timeoutAppendRequest(209)) - 0d68154c-bc1a-4b17-bcf5-90972ecdd7ac@group-A236C1E6A57F->09ea8095-e0f7-4a15-a25f-71748f8d4e7f-GrpcLogAppender: appendEntries Timeout, request=0d68154c-bc1a-4b17-bcf5-90972ecdd7ac->09ea8095-e0f7-4a15-a25f-71748f8d4e7f#51-t9, previous=(t:9, i:12), leaderCommit=12, initializing? false, entries: <empty>
2019-10-17 18:39:10,188 [BlockDeletingService#2] WARN  background.BlockDeletingService (BlockDeletingService.java:isDeletionAllowed(187)) - Close Container log Index 8 is not replicated across allthe servers in the pipeline f5073bd3-c80c-4957-9a7f-a236c1e6a57f as the min replicated index is 6. Deletion is not allowed in this container yet.
2019-10-17 18:39:10,188 [BlockDeletingService#2] WARN  background.BlockDeletingService (BlockDeletingService.java:isDeletionAllowed(187)) - Close Container log Index 8 is not replicated across allthe servers in the pipeline f5073bd3-c80c-4957-9a7f-a236c1e6a57f as the min replicated index is 6. Deletion is not allowed in this container yet.
2019-10-17 18:39:11,090 [pool-7-thread-1] INFO  commands.RetriableDatanodeEventWatcher (RetriableDatanodeEventWatcher.java:onTimeout(47)) - RetriableDatanodeCommand type=deleteBlocksCommand with id=1571337549088 timed out. Retrying.
2019-10-17 18:39:11,091 [pool-7-thread-2] INFO  commands.RetriableDatanodeEventWatcher (RetriableDatanodeEventWatcher.java:onTimeout(47)) - RetriableDatanodeCommand type=deleteBlocksCommand with id=1571337549091 timed out. Retrying.
2019-10-17 18:39:11,091 [SCMBlockDeletingService#0] INFO  block.SCMBlockDeletingService (SCMBlockDeletingService.java:call(184)) - Totally added 1 delete blocks command for 1 datanodes, task elapsed time: 1ms
2019-10-17 18:39:11,190 [BlockDeletingService#2] WARN  background.BlockDeletingService (BlockDeletingService.java:isDeletionAllowed(187)) - Close Container log Index 8 is not replicated across allthe servers in the pipeline f5073bd3-c80c-4957-9a7f-a236c1e6a57f as the min replicated index is 6. Deletion is not allowed in this container yet.
2019-10-17 18:39:11,190 [BlockDeletingService#2] WARN  background.BlockDeletingService (BlockDeletingService.java:isDeletionAllowed(187)) - Close Container log Index 8 is not replicated across allthe servers in the pipeline f5073bd3-c80c-4957-9a7f-a236c1e6a57f as the min replicated index is 6. Deletion is not allowed in this container yet.
2019-10-17 18:39:11,916 [Datanode State Machine Thread - 0] INFO  ozoneimpl.OzoneContainer (OzoneContainer.java:start(213)) - Attempting to start container services.
2019-10-17 18:39:11,918 [Datanode State Machine Thread - 0] INFO  ozoneimpl.OzoneContainer (OzoneContainer.java:startContainerScrub(177)) - Background container scanner has been disabled.
2019-10-17 18:39:11,918 [Datanode State Machine Thread - 0] INFO  ratis.XceiverServerRatis (XceiverServerRatis.java:start(418)) - Starting XceiverServerRatis 09ea8095-e0f7-4a15-a25f-71748f8d4e7f at port 43128
2019-10-17 18:39:11,928 [Datanode State Machine Thread - 0] INFO  impl.RaftServerImpl (RaftServerImpl.java:start(195)) - 09ea8095-e0f7-4a15-a25f-71748f8d4e7f@group-A236C1E6A57F: start as a follower, conf=1: [7b069786-c4de-4177-a49c-78057d3e7b27:192.168.157.251:46071, 0d68154c-bc1a-4b17-bcf5-90972ecdd7ac:192.168.157.251:40580, 09ea8095-e0f7-4a15-a25f-71748f8d4e7f:192.168.157.251:43128], old=null
2019-10-17 18:39:11,928 [ForkJoinPool.commonPool-worker-1] INFO  impl.RaftServerImpl (RaftServerImpl.java:start(195)) - 09ea8095-e0f7-4a15-a25f-71748f8d4e7f@group-08C3FA632375: start as a follower, conf=0: [09ea8095-e0f7-4a15-a25f-71748f8d4e7f:192.168.157.251:43128], old=null
2019-10-17 18:39:11,929 [Datanode State Machine Thread - 0] INFO  impl.RaftServerImpl (RaftServerImpl.java:setRole(184)) - 09ea8095-e0f7-4a15-a25f-71748f8d4e7f@group-A236C1E6A57F: changes role from      null to FOLLOWER at term 9 for startAsFollower
2019-10-17 18:39:11,929 [ForkJoinPool.commonPool-worker-1] INFO  impl.RaftServerImpl (RaftServerImpl.java:setRole(184)) - 09ea8095-e0f7-4a15-a25f-71748f8d4e7f@group-08C3FA632375: changes role from      null to FOLLOWER at term 1 for startAsFollower
2019-10-17 18:39:11,929 [Datanode State Machine Thread - 0] INFO  impl.RoleInfo (RoleInfo.java:updateAndGet(143)) - 09ea8095-e0f7-4a15-a25f-71748f8d4e7f: start FollowerState
2019-10-17 18:39:11,929 [ForkJoinPool.commonPool-worker-1] INFO  impl.RoleInfo (RoleInfo.java:updateAndGet(143)) - 09ea8095-e0f7-4a15-a25f-71748f8d4e7f: start FollowerState
2019-10-17 18:39:11,930 [Datanode State Machine Thread - 0] INFO  util.JmxRegister (JmxRegister.java:tryRegister(44)) - Successfully registered JMX Bean with object name Ratis:service=RaftServer,group=group-A236C1E6A57F,id=09ea8095-e0f7-4a15-a25f-71748f8d4e7f
2019-10-17 18:39:11,930 [ForkJoinPool.commonPool-worker-1] INFO  util.JmxRegister (JmxRegister.java:tryRegister(44)) - Successfully registered JMX Bean with object name Ratis:service=RaftServer,group=group-08C3FA632375,id=09ea8095-e0f7-4a15-a25f-71748f8d4e7f
2019-10-17 18:39:11,931 [Datanode State Machine Thread - 0] INFO  impl.RaftServerProxy (RaftServerProxy.java:lambda$start$3(299)) - 09ea8095-e0f7-4a15-a25f-71748f8d4e7f: start RPC server
2019-10-17 18:39:11,932 [Datanode State Machine Thread - 0] INFO  server.GrpcService (GrpcService.java:startImpl(158)) - 09ea8095-e0f7-4a15-a25f-71748f8d4e7f: GrpcService started, listening on 0.0.0.0/0.0.0.0:43128
2019-10-17 18:39:12,059 [Thread-633] INFO  impl.FollowerState (FollowerState.java:run(108)) - 09ea8095-e0f7-4a15-a25f-71748f8d4e7f@group-A236C1E6A57F-FollowerState: change to CANDIDATE, lastRpcTime:129ms, electionTimeout:129ms
2019-10-17 18:39:12,059 [Thread-633] INFO  impl.RoleInfo (RoleInfo.java:shutdownFollowerState(121)) - 09ea8095-e0f7-4a15-a25f-71748f8d4e7f: shutdown FollowerState
2019-10-17 18:39:12,059 [Thread-633] INFO  impl.RaftServerImpl (RaftServerImpl.java:setRole(184)) - 09ea8095-e0f7-4a15-a25f-71748f8d4e7f@group-A236C1E6A57F: changes role from  FOLLOWER to CANDIDATE at term 9 for changeToCandidate
2019-10-17 18:39:12,060 [Thread-633] INFO  impl.RoleInfo (RoleInfo.java:updateAndGet(143)) - 09ea8095-e0f7-4a15-a25f-71748f8d4e7f: start LeaderElection
2019-10-17 18:39:12,063 [Thread-634] INFO  impl.FollowerState (FollowerState.java:run(108)) - 09ea8095-e0f7-4a15-a25f-71748f8d4e7f@group-08C3FA632375-FollowerState: change to CANDIDATE, lastRpcTime:133ms, electionTimeout:133ms
2019-10-17 18:39:12,063 [Thread-634] INFO  impl.RoleInfo (RoleInfo.java:shutdownFollowerState(121)) - 09ea8095-e0f7-4a15-a25f-71748f8d4e7f: shutdown FollowerState
2019-10-17 18:39:12,063 [Thread-634] INFO  impl.RaftServerImpl (RaftServerImpl.java:setRole(184)) - 09ea8095-e0f7-4a15-a25f-71748f8d4e7f@group-08C3FA632375: changes role from  FOLLOWER to CANDIDATE at term 1 for changeToCandidate
2019-10-17 18:39:12,063 [Thread-634] INFO  impl.RoleInfo (RoleInfo.java:updateAndGet(143)) - 09ea8095-e0f7-4a15-a25f-71748f8d4e7f: start LeaderElection
2019-10-17 18:39:12,076 [09ea8095-e0f7-4a15-a25f-71748f8d4e7f@group-08C3FA632375-LeaderElection16] INFO  impl.LeaderElection (LeaderElection.java:askForVotes(178)) - 09ea8095-e0f7-4a15-a25f-71748f8d4e7f@group-08C3FA632375-LeaderElection16: begin an election at term 2 for 0: [09ea8095-e0f7-4a15-a25f-71748f8d4e7f:192.168.157.251:43128], old=null
2019-10-17 18:39:12,076 [09ea8095-e0f7-4a15-a25f-71748f8d4e7f@group-A236C1E6A57F-LeaderElection15] INFO  impl.LeaderElection (LeaderElection.java:askForVotes(178)) - 09ea8095-e0f7-4a15-a25f-71748f8d4e7f@group-A236C1E6A57F-LeaderElection15: begin an election at term 10 for 1: [7b069786-c4de-4177-a49c-78057d3e7b27:192.168.157.251:46071, 0d68154c-bc1a-4b17-bcf5-90972ecdd7ac:192.168.157.251:40580, 09ea8095-e0f7-4a15-a25f-71748f8d4e7f:192.168.157.251:43128], old=null
2019-10-17 18:39:12,076 [09ea8095-e0f7-4a15-a25f-71748f8d4e7f@group-08C3FA632375-LeaderElection16] INFO  impl.RoleInfo (RoleInfo.java:shutdownLeaderElection(134)) - 09ea8095-e0f7-4a15-a25f-71748f8d4e7f: shutdown LeaderElection
2019-10-17 18:39:12,077 [09ea8095-e0f7-4a15-a25f-71748f8d4e7f@group-08C3FA632375-LeaderElection16] INFO  impl.RaftServerImpl (RaftServerImpl.java:setRole(184)) - 09ea8095-e0f7-4a15-a25f-71748f8d4e7f@group-08C3FA632375: changes role from CANDIDATE to LEADER at term 2 for changeToLeader
2019-10-17 18:39:12,077 [09ea8095-e0f7-4a15-a25f-71748f8d4e7f@group-08C3FA632375-LeaderElection16] INFO  impl.RaftServerImpl (ServerState.java:setLeader(256)) - 09ea8095-e0f7-4a15-a25f-71748f8d4e7f@group-08C3FA632375: change Leader from null to 09ea8095-e0f7-4a15-a25f-71748f8d4e7f at term 2 for becomeLeader, leader elected after 2150ms
2019-10-17 18:39:12,078 [09ea8095-e0f7-4a15-a25f-71748f8d4e7f@group-08C3FA632375-LeaderElection16] INFO  server.RaftServerConfigKeys (ConfUtils.java:logGet(43)) - raft.server.staging.catchup.gap = 1000 (default)
2019-10-17 18:39:12,078 [09ea8095-e0f7-4a15-a25f-71748f8d4e7f@group-08C3FA632375-LeaderElection16] INFO  server.RaftServerConfigKeys (ConfUtils.java:logGet(43)) - raft.server.rpc.sleep.time = 25ms (default)
2019-10-17 18:39:12,079 [09ea8095-e0f7-4a15-a25f-71748f8d4e7f@group-08C3FA632375-LeaderElection16] INFO  server.RaftServerConfigKeys (ConfUtils.java:logGet(43)) - raft.server.write.element-limit = 4096 (default)
2019-10-17 18:39:12,079 [09ea8095-e0f7-4a15-a25f-71748f8d4e7f@group-08C3FA632375-LeaderElection16] INFO  server.RaftServerConfigKeys (ConfUtils.java:logGet(43)) - raft.server.watch.timeout = 10s (default)
2019-10-17 18:39:12,079 [09ea8095-e0f7-4a15-a25f-71748f8d4e7f@group-08C3FA632375-LeaderElection16] INFO  server.RaftServerConfigKeys (ConfUtils.java:logGet(43)) - raft.server.watch.timeout.denomination = 1s (default)
2019-10-17 18:39:12,079 [09ea8095-e0f7-4a15-a25f-71748f8d4e7f@group-08C3FA632375-LeaderElection16] INFO  server.RaftServerConfigKeys (ConfUtils.java:logGet(43)) - raft.server.watch.element-limit = 65536 (default)
2019-10-17 18:39:12,081 [09ea8095-e0f7-4a15-a25f-71748f8d4e7f@group-08C3FA632375-LeaderElection16] INFO  impl.RoleInfo (RoleInfo.java:updateAndGet(143)) - 09ea8095-e0f7-4a15-a25f-71748f8d4e7f: start LeaderState
2019-10-17 18:39:12,082 [09ea8095-e0f7-4a15-a25f-71748f8d4e7f@group-08C3FA632375-LeaderElection16] INFO  segmented.SegmentedRaftLogWorker (SegmentedRaftLogWorker.java:rollLogSegment(390)) - 09ea8095-e0f7-4a15-a25f-71748f8d4e7f@group-08C3FA632375-SegmentedRaftLogWorker: Rolling segment log-0_0 to index:0
2019-10-17 18:39:12,084 [09ea8095-e0f7-4a15-a25f-71748f8d4e7f@group-08C3FA632375-SegmentedRaftLogWorker] INFO  segmented.SegmentedRaftLogWorker (SegmentedRaftLogWorker.java:execute(533)) - 09ea8095-e0f7-4a15-a25f-71748f8d4e7f@group-08C3FA632375-SegmentedRaftLogWorker: Rolled log segment from /workdir/hadoop-ozone/integration-test/target/test-dir/MiniOzoneClusterImpl-7c97e77e-72d1-4dbe-ba9d-252c38b2309c/datanode-2/data/ratis/18e7cb0e-0b18-41b5-b35f-08c3fa632375/current/log_inprogress_0 to /workdir/hadoop-ozone/integration-test/target/test-dir/MiniOzoneClusterImpl-7c97e77e-72d1-4dbe-ba9d-252c38b2309c/datanode-2/data/ratis/18e7cb0e-0b18-41b5-b35f-08c3fa632375/current/log_0-0
2019-10-17 18:39:12,084 [09ea8095-e0f7-4a15-a25f-71748f8d4e7f@group-08C3FA632375-LeaderElection16] INFO  impl.RaftServerImpl (ServerState.java:setRaftConf(357)) - 09ea8095-e0f7-4a15-a25f-71748f8d4e7f@group-08C3FA632375: set configuration 1: [09ea8095-e0f7-4a15-a25f-71748f8d4e7f:192.168.157.251:43128], old=null at 1
2019-10-17 18:39:12,087 [grpc-default-executor-4] INFO  impl.RaftServerImpl (ServerState.java:setLeader(256)) - 0d68154c-bc1a-4b17-bcf5-90972ecdd7ac@group-A236C1E6A57F: change Leader from 0d68154c-bc1a-4b17-bcf5-90972ecdd7ac to null at term 10 for updateCurrentTerm
2019-10-17 18:39:12,087 [grpc-default-executor-5] INFO  impl.RaftServerImpl (ServerState.java:setLeader(256)) - 7b069786-c4de-4177-a49c-78057d3e7b27@group-A236C1E6A57F: change Leader from 0d68154c-bc1a-4b17-bcf5-90972ecdd7ac to null at term 10 for updateCurrentTerm
2019-10-17 18:39:12,113 [grpc-default-executor-4] INFO  impl.RaftServerImpl (RaftServerImpl.java:setRole(184)) - 0d68154c-bc1a-4b17-bcf5-90972ecdd7ac@group-A236C1E6A57F: changes role from    LEADER to FOLLOWER at term 10 for recognizeCandidate:09ea8095-e0f7-4a15-a25f-71748f8d4e7f
2019-10-17 18:39:12,114 [pool-7-thread-1] INFO  commands.RetriableDatanodeEventWatcher (RetriableDatanodeEventWatcher.java:onTimeout(47)) - RetriableDatanodeCommand type=deleteBlocksCommand with id=1571337549091 timed out. Retrying.
2019-10-17 18:39:12,114 [grpc-default-executor-5] INFO  impl.RaftServerImpl (RaftServerImpl.java:setRole(184)) - 7b069786-c4de-4177-a49c-78057d3e7b27@group-A236C1E6A57F: changes role from  FOLLOWER to FOLLOWER at term 10 for recognizeCandidate:09ea8095-e0f7-4a15-a25f-71748f8d4e7f
2019-10-17 18:39:12,114 [pool-7-thread-2] INFO  commands.RetriableDatanodeEventWatcher (RetriableDatanodeEventWatcher.java:onTimeout(47)) - RetriableDatanodeCommand type=deleteBlocksCommand with id=1571337549088 timed out. Retrying.
2019-10-17 18:39:12,114 [grpc-default-executor-4] INFO  impl.RoleInfo (RoleInfo.java:shutdownLeaderState(104)) - 0d68154c-bc1a-4b17-bcf5-90972ecdd7ac: shutdown LeaderState
2019-10-17 18:39:12,114 [pool-7-thread-3] INFO  commands.RetriableDatanodeEventWatcher (RetriableDatanodeEventWatcher.java:onTimeout(47)) - RetriableDatanodeCommand type=deleteBlocksCommand with id=1571337549092 timed out. Retrying.
2019-10-17 18:39:12,117 [org.apache.ratis.server.impl.LogAppender$AppenderDaemon$$Lambda$421/2034866737@6935d1b2] WARN  server.GrpcLogAppender (GrpcLogAppender.java:mayWait(149)) - 0d68154c-bc1a-4b17-bcf5-90972ecdd7ac@group-A236C1E6A57F->09ea8095-e0f7-4a15-a25f-71748f8d4e7f-GrpcLogAppender: Wait interrupted by java.lang.InterruptedException
2019-10-17 18:39:12,114 [grpc-default-executor-5] INFO  impl.RoleInfo (RoleInfo.java:shutdownFollowerState(121)) - 7b069786-c4de-4177-a49c-78057d3e7b27: shutdown FollowerState
2019-10-17 18:39:12,117 [org.apache.ratis.server.impl.LogAppender$AppenderDaemon$$Lambda$421/2034866737@137ca569] WARN  server.GrpcLogAppender (GrpcLogAppender.java:mayWait(149)) - 0d68154c-bc1a-4b17-bcf5-90972ecdd7ac@group-A236C1E6A57F->7b069786-c4de-4177-a49c-78057d3e7b27-GrpcLogAppender: Wait interrupted by java.lang.InterruptedException
2019-10-17 18:39:12,117 [grpc-default-executor-4] INFO  impl.PendingRequests (PendingRequests.java:sendNotLeaderResponses(202)) - 0d68154c-bc1a-4b17-bcf5-90972ecdd7ac@group-A236C1E6A57F-PendingRequests: sendNotLeaderResponses
2019-10-17 18:39:12,117 [Thread-323] INFO  impl.FollowerState (FollowerState.java:run(117)) - 7b069786-c4de-4177-a49c-78057d3e7b27@group-A236C1E6A57F-FollowerState was interrupted: java.lang.InterruptedException: sleep interrupted
2019-10-17 18:39:12,117 [grpc-default-executor-5] INFO  impl.RoleInfo (RoleInfo.java:updateAndGet(143)) - 7b069786-c4de-4177-a49c-78057d3e7b27: start FollowerState
2019-10-17 18:39:12,117 [SCMBlockDeletingService#0] INFO  block.SCMBlockDeletingService (SCMBlockDeletingService.java:call(184)) - Totally added 1 delete blocks command for 1 datanodes, task elapsed time: 4ms
2019-10-17 18:39:12,121 [grpc-default-executor-4] INFO  impl.RoleInfo (RoleInfo.java:updateAndGet(143)) - 0d68154c-bc1a-4b17-bcf5-90972ecdd7ac: start FollowerState
2019-10-17 18:39:12,122 [grpc-default-executor-0] INFO  server.GrpcServerProtocolService (GrpcServerProtocolService.java:onCompleted(113)) - 7b069786-c4de-4177-a49c-78057d3e7b27: Completed APPEND_ENTRIES, lastRequest: 0d68154c-bc1a-4b17-bcf5-90972ecdd7ac->7b069786-c4de-4177-a49c-78057d3e7b27#53-t9, previous=(t:9, i:12), leaderCommit=12, initializing? false, entries: <empty>
2019-10-17 18:39:12,122 [Thread-643] INFO  client.GrpcClientProtocolService (GrpcClientProtocolService.java:lambda$processClientRequest$0(278)) - Failed RaftClientRequest:client-79966ACA1C67->0d68154c-bc1a-4b17-bcf5-90972ecdd7ac@group-A236C1E6A57F, cid=10, seq=0, Watch-ALL_COMMITTED(8), Message:<EMPTY>, reply=RaftClientReply:client-79966ACA1C67->0d68154c-bc1a-4b17-bcf5-90972ecdd7ac@group-A236C1E6A57F, cid=10, FAILED org.apache.ratis.protocol.NotLeaderException: Server 0d68154c-bc1a-4b17-bcf5-90972ecdd7ac@group-A236C1E6A57F is not the leader, logIndex=0, commits[0d68154c-bc1a-4b17-bcf5-90972ecdd7ac:c12, 7b069786-c4de-4177-a49c-78057d3e7b27:c12, 09ea8095-e0f7-4a15-a25f-71748f8d4e7f:c6]
2019-10-17 18:39:12,131 [grpc-default-executor-6] INFO  server.GrpcLogAppender (GrpcLogAppender.java:onCompleted(308)) - 0d68154c-bc1a-4b17-bcf5-90972ecdd7ac@group-A236C1E6A57F->7b069786-c4de-4177-a49c-78057d3e7b27-AppendLogResponseHandler: follower responses appendEntries COMPLETED
2019-10-17 18:39:12,131 [grpc-default-executor-6] INFO  impl.FollowerInfo (FollowerInfo.java:lambda$new$0(51)) - 0d68154c-bc1a-4b17-bcf5-90972ecdd7ac@group-A236C1E6A57F->7b069786-c4de-4177-a49c-78057d3e7b27: nextIndex: updateUnconditionally 13 -> 12
2019-10-17 18:39:12,144 [09ea8095-e0f7-4a15-a25f-71748f8d4e7f@group-08C3FA632375-SegmentedRaftLogWorker] INFO  segmented.SegmentedRaftLogWorker (SegmentedRaftLogWorker.java:execute(576)) - 09ea8095-e0f7-4a15-a25f-71748f8d4e7f@group-08C3FA632375-SegmentedRaftLogWorker: created new log segment /workdir/hadoop-ozone/integration-test/target/test-dir/MiniOzoneClusterImpl-7c97e77e-72d1-4dbe-ba9d-252c38b2309c/datanode-2/data/ratis/18e7cb0e-0b18-41b5-b35f-08c3fa632375/current/log_inprogress_1
2019-10-17 18:39:12,158 [09ea8095-e0f7-4a15-a25f-71748f8d4e7f@group-A236C1E6A57F-LeaderElection15] INFO  impl.LeaderElection (LeaderElection.java:logAndReturn(56)) - 09ea8095-e0f7-4a15-a25f-71748f8d4e7f@group-A236C1E6A57F-LeaderElection15: Election REJECTED; received 2 response(s) [09ea8095-e0f7-4a15-a25f-71748f8d4e7f<-7b069786-c4de-4177-a49c-78057d3e7b27#0:FAIL-t10, 09ea8095-e0f7-4a15-a25f-71748f8d4e7f<-0d68154c-bc1a-4b17-bcf5-90972ecdd7ac#0:FAIL-t10] and 0 exception(s); 09ea8095-e0f7-4a15-a25f-71748f8d4e7f@group-A236C1E6A57F:t10, leader=null, voted=09ea8095-e0f7-4a15-a25f-71748f8d4e7f, raftlog=09ea8095-e0f7-4a15-a25f-71748f8d4e7f@group-A236C1E6A57F-SegmentedRaftLog:OPENED:c5,f6,i6, conf=1: [7b069786-c4de-4177-a49c-78057d3e7b27:192.168.157.251:46071, 0d68154c-bc1a-4b17-bcf5-90972ecdd7ac:192.168.157.251:40580, 09ea8095-e0f7-4a15-a25f-71748f8d4e7f:192.168.157.251:43128], old=null
2019-10-17 18:39:12,159 [09ea8095-e0f7-4a15-a25f-71748f8d4e7f@group-A236C1E6A57F-LeaderElection15] INFO  impl.RaftServerImpl (RaftServerImpl.java:setRole(184)) - 09ea8095-e0f7-4a15-a25f-71748f8d4e7f@group-A236C1E6A57F: changes role from CANDIDATE to FOLLOWER at term 10 for DISCOVERED_A_NEW_TERM
2019-10-17 18:39:12,159 [09ea8095-e0f7-4a15-a25f-71748f8d4e7f@group-A236C1E6A57F-LeaderElection15] INFO  impl.RoleInfo (RoleInfo.java:shutdownLeaderElection(134)) - 09ea8095-e0f7-4a15-a25f-71748f8d4e7f: shutdown LeaderElection
2019-10-17 18:39:12,159 [09ea8095-e0f7-4a15-a25f-71748f8d4e7f@group-A236C1E6A57F-LeaderElection15] INFO  impl.RoleInfo (RoleInfo.java:updateAndGet(143)) - 09ea8095-e0f7-4a15-a25f-71748f8d4e7f: start FollowerState
2019-10-17 18:39:12,191 [BlockDeletingService#2] WARN  background.BlockDeletingService (BlockDeletingService.java:isDeletionAllowed(187)) - Close Container log Index 8 is not replicated across allthe servers in the pipeline f5073bd3-c80c-4957-9a7f-a236c1e6a57f as the min replicated index is 6. Deletion is not allowed in this container yet.
2019-10-17 18:39:12,191 [BlockDeletingService#2] WARN  background.BlockDeletingService (BlockDeletingService.java:isDeletionAllowed(187)) - Close Container log Index 8 is not replicated across allthe servers in the pipeline f5073bd3-c80c-4957-9a7f-a236c1e6a57f as the min replicated index is 6. Deletion is not allowed in this container yet.
2019-10-17 18:39:12,308 [Thread-645] INFO  impl.FollowerState (FollowerState.java:run(108)) - 09ea8095-e0f7-4a15-a25f-71748f8d4e7f@group-A236C1E6A57F-FollowerState: change to CANDIDATE, lastRpcTime:149ms, electionTimeout:149ms
2019-10-17 18:39:12,309 [Thread-645] INFO  impl.RoleInfo (RoleInfo.java:shutdownFollowerState(121)) - 09ea8095-e0f7-4a15-a25f-71748f8d4e7f: shutdown FollowerState
2019-10-17 18:39:12,309 [Thread-645] INFO  impl.RaftServerImpl (RaftServerImpl.java:setRole(184)) - 09ea8095-e0f7-4a15-a25f-71748f8d4e7f@group-A236C1E6A57F: changes role from  FOLLOWER to CANDIDATE at term 10 for changeToCandidate
2019-10-17 18:39:12,309 [Thread-645] INFO  impl.RoleInfo (RoleInfo.java:updateAndGet(143)) - 09ea8095-e0f7-4a15-a25f-71748f8d4e7f: start LeaderElection
2019-10-17 18:39:12,324 [09ea8095-e0f7-4a15-a25f-71748f8d4e7f@group-A236C1E6A57F-LeaderElection17] INFO  impl.LeaderElection (LeaderElection.java:askForVotes(178)) - 09ea8095-e0f7-4a15-a25f-71748f8d4e7f@group-A236C1E6A57F-LeaderElection17: begin an election at term 11 for 1: [7b069786-c4de-4177-a49c-78057d3e7b27:192.168.157.251:46071, 0d68154c-bc1a-4b17-bcf5-90972ecdd7ac:192.168.157.251:40580, 09ea8095-e0f7-4a15-a25f-71748f8d4e7f:192.168.157.251:43128], old=null
2019-10-17 18:39:12,329 [grpc-default-executor-5] INFO  impl.RaftServerImpl (RaftServerImpl.java:setRole(184)) - 7b069786-c4de-4177-a49c-78057d3e7b27@group-A236C1E6A57F: changes role from  FOLLOWER to FOLLOWER at term 11 for recognizeCandidate:09ea8095-e0f7-4a15-a25f-71748f8d4e7f
2019-10-17 18:39:12,329 [grpc-default-executor-4] INFO  impl.RaftServerImpl (RaftServerImpl.java:setRole(184)) - 0d68154c-bc1a-4b17-bcf5-90972ecdd7ac@group-A236C1E6A57F: changes role from  FOLLOWER to FOLLOWER at term 11 for recognizeCandidate:09ea8095-e0f7-4a15-a25f-71748f8d4e7f
2019-10-17 18:39:12,329 [grpc-default-executor-5] INFO  impl.RoleInfo (RoleInfo.java:shutdownFollowerState(121)) - 7b069786-c4de-4177-a49c-78057d3e7b27: shutdown FollowerState
2019-10-17 18:39:12,329 [grpc-default-executor-4] INFO  impl.RoleInfo (RoleInfo.java:shutdownFollowerState(121)) - 0d68154c-bc1a-4b17-bcf5-90972ecdd7ac: shutdown FollowerState
2019-10-17 18:39:12,330 [grpc-default-executor-5] INFO  impl.RoleInfo (RoleInfo.java:updateAndGet(143)) - 7b069786-c4de-4177-a49c-78057d3e7b27: start FollowerState
2019-10-17 18:39:12,330 [Thread-642] INFO  impl.FollowerState (FollowerState.java:run(117)) - 7b069786-c4de-4177-a49c-78057d3e7b27@group-A236C1E6A57F-FollowerState was interrupted: java.lang.InterruptedException: sleep interrupted
2019-10-17 18:39:12,330 [grpc-default-executor-4] INFO  impl.RoleInfo (RoleInfo.java:updateAndGet(143)) - 0d68154c-bc1a-4b17-bcf5-90972ecdd7ac: start FollowerState
2019-10-17 18:39:12,330 [Thread-644] INFO  impl.FollowerState (FollowerState.java:run(117)) - 0d68154c-bc1a-4b17-bcf5-90972ecdd7ac@group-A236C1E6A57F-FollowerState was interrupted: java.lang.InterruptedException: sleep interrupted
2019-10-17 18:39:12,348 [09ea8095-e0f7-4a15-a25f-71748f8d4e7f@group-A236C1E6A57F-LeaderElection17] INFO  impl.LeaderElection (LeaderElection.java:logAndReturn(56)) - 09ea8095-e0f7-4a15-a25f-71748f8d4e7f@group-A236C1E6A57F-LeaderElection17: Election REJECTED; received 2 response(s) [09ea8095-e0f7-4a15-a25f-71748f8d4e7f<-7b069786-c4de-4177-a49c-78057d3e7b27#0:FAIL-t11, 09ea8095-e0f7-4a15-a25f-71748f8d4e7f<-0d68154c-bc1a-4b17-bcf5-90972ecdd7ac#0:FAIL-t11] and 0 exception(s); 09ea8095-e0f7-4a15-a25f-71748f8d4e7f@group-A236C1E6A57F:t11, leader=null, voted=09ea8095-e0f7-4a15-a25f-71748f8d4e7f, raftlog=09ea8095-e0f7-4a15-a25f-71748f8d4e7f@group-A236C1E6A57F-SegmentedRaftLog:OPENED:c5,f6,i6, conf=1: [7b069786-c4de-4177-a49c-78057d3e7b27:192.168.157.251:46071, 0d68154c-bc1a-4b17-bcf5-90972ecdd7ac:192.168.157.251:40580, 09ea8095-e0f7-4a15-a25f-71748f8d4e7f:192.168.157.251:43128], old=null
2019-10-17 18:39:12,348 [09ea8095-e0f7-4a15-a25f-71748f8d4e7f@group-A236C1E6A57F-LeaderElection17] INFO  impl.RaftServerImpl (RaftServerImpl.java:setRole(184)) - 09ea8095-e0f7-4a15-a25f-71748f8d4e7f@group-A236C1E6A57F: changes role from CANDIDATE to FOLLOWER at term 11 for DISCOVERED_A_NEW_TERM
2019-10-17 18:39:12,348 [09ea8095-e0f7-4a15-a25f-71748f8d4e7f@group-A236C1E6A57F-LeaderElection17] INFO  impl.RoleInfo (RoleInfo.java:shutdownLeaderElection(134)) - 09ea8095-e0f7-4a15-a25f-71748f8d4e7f: shutdown LeaderElection
2019-10-17 18:39:12,348 [09ea8095-e0f7-4a15-a25f-71748f8d4e7f@group-A236C1E6A57F-LeaderElection17] INFO  impl.RoleInfo (RoleInfo.java:updateAndGet(143)) - 09ea8095-e0f7-4a15-a25f-71748f8d4e7f: start FollowerState
2019-10-17 18:39:12,490 [Thread-653] INFO  impl.FollowerState (FollowerState.java:run(108)) - 09ea8095-e0f7-4a15-a25f-71748f8d4e7f@group-A236C1E6A57F-FollowerState: change to CANDIDATE, lastRpcTime:141ms, electionTimeout:141ms
2019-10-17 18:39:12,491 [Thread-653] INFO  impl.RoleInfo (RoleInfo.java:shutdownFollowerState(121)) - 09ea8095-e0f7-4a15-a25f-71748f8d4e7f: shutdown FollowerState
2019-10-17 18:39:12,491 [Thread-653] INFO  impl.RaftServerImpl (RaftServerImpl.java:setRole(184)) - 09ea8095-e0f7-4a15-a25f-71748f8d4e7f@group-A236C1E6A57F: changes role from  FOLLOWER to CANDIDATE at term 11 for changeToCandidate
2019-10-17 18:39:12,492 [Thread-653] INFO  impl.RoleInfo (RoleInfo.java:updateAndGet(143)) - 09ea8095-e0f7-4a15-a25f-71748f8d4e7f: start LeaderElection
2019-10-17 18:39:12,524 [09ea8095-e0f7-4a15-a25f-71748f8d4e7f@group-A236C1E6A57F-LeaderElection18] INFO  impl.LeaderElection (LeaderElection.java:askForVotes(178)) - 09ea8095-e0f7-4a15-a25f-71748f8d4e7f@group-A236C1E6A57F-LeaderElection18: begin an election at term 12 for 1: [7b069786-c4de-4177-a49c-78057d3e7b27:192.168.157.251:46071, 0d68154c-bc1a-4b17-bcf5-90972ecdd7ac:192.168.157.251:40580, 09ea8095-e0f7-4a15-a25f-71748f8d4e7f:192.168.157.251:43128], old=null
2019-10-17 18:39:12,528 [grpc-default-executor-4] INFO  impl.RaftServerImpl (RaftServerImpl.java:setRole(184)) - 0d68154c-bc1a-4b17-bcf5-90972ecdd7ac@group-A236C1E6A57F: changes role from  FOLLOWER to FOLLOWER at term 12 for recognizeCandidate:09ea8095-e0f7-4a15-a25f-71748f8d4e7f
2019-10-17 18:39:12,528 [grpc-default-executor-5] INFO  impl.RaftServerImpl (RaftServerImpl.java:setRole(184)) - 7b069786-c4de-4177-a49c-78057d3e7b27@group-A236C1E6A57F: changes role from  FOLLOWER to FOLLOWER at term 12 for recognizeCandidate:09ea8095-e0f7-4a15-a25f-71748f8d4e7f
2019-10-17 18:39:12,529 [grpc-default-executor-4] INFO  impl.RoleInfo (RoleInfo.java:shutdownFollowerState(121)) - 0d68154c-bc1a-4b17-bcf5-90972ecdd7ac: shutdown FollowerState
2019-10-17 18:39:12,529 [grpc-default-executor-5] INFO  impl.RoleInfo (RoleInfo.java:shutdownFollowerState(121)) - 7b069786-c4de-4177-a49c-78057d3e7b27: shutdown FollowerState
2019-10-17 18:39:12,529 [grpc-default-executor-4] INFO  impl.RoleInfo (RoleInfo.java:updateAndGet(143)) - 0d68154c-bc1a-4b17-bcf5-90972ecdd7ac: start FollowerState
2019-10-17 18:39:12,529 [Thread-652] INFO  impl.FollowerState (FollowerState.java:run(117)) - 0d68154c-bc1a-4b17-bcf5-90972ecdd7ac@group-A236C1E6A57F-FollowerState was interrupted: java.lang.InterruptedException: sleep interrupted
2019-10-17 18:39:12,529 [grpc-default-executor-5] INFO  impl.RoleInfo (RoleInfo.java:updateAndGet(143)) - 7b069786-c4de-4177-a49c-78057d3e7b27: start FollowerState
2019-10-17 18:39:12,529 [Thread-651] INFO  impl.FollowerState (FollowerState.java:run(117)) - 7b069786-c4de-4177-a49c-78057d3e7b27@group-A236C1E6A57F-FollowerState was interrupted: java.lang.InterruptedException: sleep interrupted
2019-10-17 18:39:12,546 [09ea8095-e0f7-4a15-a25f-71748f8d4e7f@group-A236C1E6A57F-LeaderElection18] INFO  impl.LeaderElection (LeaderElection.java:logAndReturn(56)) - 09ea8095-e0f7-4a15-a25f-71748f8d4e7f@group-A236C1E6A57F-LeaderElection18: Election REJECTED; received 2 response(s) [09ea8095-e0f7-4a15-a25f-71748f8d4e7f<-7b069786-c4de-4177-a49c-78057d3e7b27#0:FAIL-t12, 09ea8095-e0f7-4a15-a25f-71748f8d4e7f<-0d68154c-bc1a-4b17-bcf5-90972ecdd7ac#0:FAIL-t12] and 0 exception(s); 09ea8095-e0f7-4a15-a25f-71748f8d4e7f@group-A236C1E6A57F:t12, leader=null, voted=09ea8095-e0f7-4a15-a25f-71748f8d4e7f, raftlog=09ea8095-e0f7-4a15-a25f-71748f8d4e7f@group-A236C1E6A57F-SegmentedRaftLog:OPENED:c5,f6,i6, conf=1: [7b069786-c4de-4177-a49c-78057d3e7b27:192.168.157.251:46071, 0d68154c-bc1a-4b17-bcf5-90972ecdd7ac:192.168.157.251:40580, 09ea8095-e0f7-4a15-a25f-71748f8d4e7f:192.168.157.251:43128], old=null
2019-10-17 18:39:12,547 [09ea8095-e0f7-4a15-a25f-71748f8d4e7f@group-A236C1E6A57F-LeaderElection18] INFO  impl.RaftServerImpl (RaftServerImpl.java:setRole(184)) - 09ea8095-e0f7-4a15-a25f-71748f8d4e7f@group-A236C1E6A57F: changes role from CANDIDATE to FOLLOWER at term 12 for DISCOVERED_A_NEW_TERM
2019-10-17 18:39:12,547 [09ea8095-e0f7-4a15-a25f-71748f8d4e7f@group-A236C1E6A57F-LeaderElection18] INFO  impl.RoleInfo (RoleInfo.java:shutdownLeaderElection(134)) - 09ea8095-e0f7-4a15-a25f-71748f8d4e7f: shutdown LeaderElection
2019-10-17 18:39:12,547 [09ea8095-e0f7-4a15-a25f-71748f8d4e7f@group-A236C1E6A57F-LeaderElection18] INFO  impl.RoleInfo (RoleInfo.java:updateAndGet(143)) - 09ea8095-e0f7-4a15-a25f-71748f8d4e7f: start FollowerState
2019-10-17 18:39:12,549 [Thread-659] INFO  impl.FollowerState (FollowerState.java:run(108)) - 09ea8095-e0f7-4a15-a25f-71748f8d4e7f@group-A236C1E6A57F-FollowerState: change to CANDIDATE, lastRpcTime:2ms, electionTimeout:2ms
2019-10-17 18:39:12,550 [Thread-659] INFO  impl.RoleInfo (RoleInfo.java:shutdownFollowerState(121)) - 09ea8095-e0f7-4a15-a25f-71748f8d4e7f: shutdown FollowerState
2019-10-17 18:39:12,550 [Thread-659] INFO  impl.RaftServerImpl (RaftServerImpl.java:setRole(184)) - 09ea8095-e0f7-4a15-a25f-71748f8d4e7f@group-A236C1E6A57F: changes role from  FOLLOWER to CANDIDATE at term 12 for changeToCandidate
2019-10-17 18:39:12,550 [Thread-659] INFO  impl.RoleInfo (RoleInfo.java:updateAndGet(143)) - 09ea8095-e0f7-4a15-a25f-71748f8d4e7f: start LeaderElection
2019-10-17 18:39:12,565 [09ea8095-e0f7-4a15-a25f-71748f8d4e7f@group-A236C1E6A57F-LeaderElection19] INFO  impl.LeaderElection (LeaderElection.java:askForVotes(178)) - 09ea8095-e0f7-4a15-a25f-71748f8d4e7f@group-A236C1E6A57F-LeaderElection19: begin an election at term 13 for 1: [7b069786-c4de-4177-a49c-78057d3e7b27:192.168.157.251:46071, 0d68154c-bc1a-4b17-bcf5-90972ecdd7ac:192.168.157.251:40580, 09ea8095-e0f7-4a15-a25f-71748f8d4e7f:192.168.157.251:43128], old=null
2019-10-17 18:39:12,567 [grpc-default-executor-4] INFO  impl.RaftServerImpl (RaftServerImpl.java:setRole(184)) - 7b069786-c4de-4177-a49c-78057d3e7b27@group-A236C1E6A57F: changes role from  FOLLOWER to FOLLOWER at term 13 for recognizeCandidate:09ea8095-e0f7-4a15-a25f-71748f8d4e7f
2019-10-17 18:39:12,567 [grpc-default-executor-4] INFO  impl.RoleInfo (RoleInfo.java:shutdownFollowerState(121)) - 7b069786-c4de-4177-a49c-78057d3e7b27: shutdown FollowerState
2019-10-17 18:39:12,568 [grpc-default-executor-4] INFO  impl.RoleInfo (RoleInfo.java:updateAndGet(143)) - 7b069786-c4de-4177-a49c-78057d3e7b27: start FollowerState
2019-10-17 18:39:12,568 [Thread-658] INFO  impl.FollowerState (FollowerState.java:run(117)) - 7b069786-c4de-4177-a49c-78057d3e7b27@group-A236C1E6A57F-FollowerState was interrupted: java.lang.InterruptedException: sleep interrupted
2019-10-17 18:39:12,568 [grpc-default-executor-5] INFO  impl.RaftServerImpl (RaftServerImpl.java:setRole(184)) - 0d68154c-bc1a-4b17-bcf5-90972ecdd7ac@group-A236C1E6A57F: changes role from  FOLLOWER to FOLLOWER at term 13 for recognizeCandidate:09ea8095-e0f7-4a15-a25f-71748f8d4e7f
2019-10-17 18:39:12,569 [grpc-default-executor-5] INFO  impl.RoleInfo (RoleInfo.java:shutdownFollowerState(121)) - 0d68154c-bc1a-4b17-bcf5-90972ecdd7ac: shutdown FollowerState
2019-10-17 18:39:12,569 [grpc-default-executor-5] INFO  impl.RoleInfo (RoleInfo.java:updateAndGet(143)) - 0d68154c-bc1a-4b17-bcf5-90972ecdd7ac: start FollowerState
2019-10-17 18:39:12,569 [Thread-657] INFO  impl.FollowerState (FollowerState.java:run(117)) - 0d68154c-bc1a-4b17-bcf5-90972ecdd7ac@group-A236C1E6A57F-FollowerState was interrupted: java.lang.InterruptedException: sleep interrupted
2019-10-17 18:39:12,606 [09ea8095-e0f7-4a15-a25f-71748f8d4e7f@group-A236C1E6A57F-LeaderElection19] INFO  impl.LeaderElection (LeaderElection.java:logAndReturn(56)) - 09ea8095-e0f7-4a15-a25f-71748f8d4e7f@group-A236C1E6A57F-LeaderElection19: Election REJECTED; received 2 response(s) [09ea8095-e0f7-4a15-a25f-71748f8d4e7f<-7b069786-c4de-4177-a49c-78057d3e7b27#0:FAIL-t13, 09ea8095-e0f7-4a15-a25f-71748f8d4e7f<-0d68154c-bc1a-4b17-bcf5-90972ecdd7ac#0:FAIL-t13] and 0 exception(s); 09ea8095-e0f7-4a15-a25f-71748f8d4e7f@group-A236C1E6A57F:t13, leader=null, voted=09ea8095-e0f7-4a15-a25f-71748f8d4e7f, raftlog=09ea8095-e0f7-4a15-a25f-71748f8d4e7f@group-A236C1E6A57F-SegmentedRaftLog:OPENED:c5,f6,i6, conf=1: [7b069786-c4de-4177-a49c-78057d3e7b27:192.168.157.251:46071, 0d68154c-bc1a-4b17-bcf5-90972ecdd7ac:192.168.157.251:40580, 09ea8095-e0f7-4a15-a25f-71748f8d4e7f:192.168.157.251:43128], old=null
2019-10-17 18:39:12,606 [09ea8095-e0f7-4a15-a25f-71748f8d4e7f@group-A236C1E6A57F-LeaderElection19] INFO  impl.RaftServerImpl (RaftServerImpl.java:setRole(184)) - 09ea8095-e0f7-4a15-a25f-71748f8d4e7f@group-A236C1E6A57F: changes role from CANDIDATE to FOLLOWER at term 13 for DISCOVERED_A_NEW_TERM
2019-10-17 18:39:12,606 [09ea8095-e0f7-4a15-a25f-71748f8d4e7f@group-A236C1E6A57F-LeaderElection19] INFO  impl.RoleInfo (RoleInfo.java:shutdownLeaderElection(134)) - 09ea8095-e0f7-4a15-a25f-71748f8d4e7f: shutdown LeaderElection
2019-10-17 18:39:12,606 [09ea8095-e0f7-4a15-a25f-71748f8d4e7f@group-A236C1E6A57F-LeaderElection19] INFO  impl.RoleInfo (RoleInfo.java:updateAndGet(143)) - 09ea8095-e0f7-4a15-a25f-71748f8d4e7f: start FollowerState
2019-10-17 18:39:12,683 [java.util.concurrent.ThreadPoolExecutor$Worker@76cdd85c[State = -1, empty queue]] WARN  server.GrpcLogAppender (GrpcLogAppender.java:timeoutAppendRequest(209)) - 0d68154c-bc1a-4b17-bcf5-90972ecdd7ac@group-A236C1E6A57F->09ea8095-e0f7-4a15-a25f-71748f8d4e7f-GrpcLogAppender: appendEntries Timeout, request=0d68154c-bc1a-4b17-bcf5-90972ecdd7ac->09ea8095-e0f7-4a15-a25f-71748f8d4e7f#52-t9, previous=(t:9, i:12), leaderCommit=12, initializing? false, entries: <empty>
2019-10-17 18:39:12,765 [Thread-665] INFO  impl.FollowerState (FollowerState.java:run(108)) - 09ea8095-e0f7-4a15-a25f-71748f8d4e7f@group-A236C1E6A57F-FollowerState: change to CANDIDATE, lastRpcTime:158ms, electionTimeout:158ms
2019-10-17 18:39:12,767 [Thread-665] INFO  impl.RoleInfo (RoleInfo.java:shutdownFollowerState(121)) - 09ea8095-e0f7-4a15-a25f-71748f8d4e7f: shutdown FollowerState
2019-10-17 18:39:12,768 [Thread-665] INFO  impl.RaftServerImpl (RaftServerImpl.java:setRole(184)) - 09ea8095-e0f7-4a15-a25f-71748f8d4e7f@group-A236C1E6A57F: changes role from  FOLLOWER to CANDIDATE at term 13 for changeToCandidate
2019-10-17 18:39:12,768 [Thread-665] INFO  impl.RoleInfo (RoleInfo.java:updateAndGet(143)) - 09ea8095-e0f7-4a15-a25f-71748f8d4e7f: start LeaderElection
2019-10-17 18:39:12,787 [09ea8095-e0f7-4a15-a25f-71748f8d4e7f@group-A236C1E6A57F-LeaderElection20] INFO  impl.LeaderElection (LeaderElection.java:askForVotes(178)) - 09ea8095-e0f7-4a15-a25f-71748f8d4e7f@group-A236C1E6A57F-LeaderElection20: begin an election at term 14 for 1: [7b069786-c4de-4177-a49c-78057d3e7b27:192.168.157.251:46071, 0d68154c-bc1a-4b17-bcf5-90972ecdd7ac:192.168.157.251:40580, 09ea8095-e0f7-4a15-a25f-71748f8d4e7f:192.168.157.251:43128], old=null
2019-10-17 18:39:12,793 [grpc-default-executor-5] INFO  impl.RaftServerImpl (RaftServerImpl.java:setRole(184)) - 7b069786-c4de-4177-a49c-78057d3e7b27@group-A236C1E6A57F: changes role from  FOLLOWER to FOLLOWER at term 14 for recognizeCandidate:09ea8095-e0f7-4a15-a25f-71748f8d4e7f
2019-10-17 18:39:12,793 [grpc-default-executor-4] INFO  impl.RaftServerImpl (RaftServerImpl.java:setRole(184)) - 0d68154c-bc1a-4b17-bcf5-90972ecdd7ac@group-A236C1E6A57F: changes role from  FOLLOWER to FOLLOWER at term 14 for recognizeCandidate:09ea8095-e0f7-4a15-a25f-71748f8d4e7f
2019-10-17 18:39:12,793 [grpc-default-executor-5] INFO  impl.RoleInfo (RoleInfo.java:shutdownFollowerState(121)) - 7b069786-c4de-4177-a49c-78057d3e7b27: shutdown FollowerState
2019-10-17 18:39:12,793 [grpc-default-executor-4] INFO  impl.RoleInfo (RoleInfo.java:shutdownFollowerState(121)) - 0d68154c-bc1a-4b17-bcf5-90972ecdd7ac: shutdown FollowerState
2019-10-17 18:39:12,794 [Thread-663] INFO  impl.FollowerState (FollowerState.java:run(117)) - 7b069786-c4de-4177-a49c-78057d3e7b27@group-A236C1E6A57F-FollowerState was interrupted: java.lang.InterruptedException: sleep interrupted
2019-10-17 18:39:12,794 [grpc-default-executor-4] INFO  impl.RoleInfo (RoleInfo.java:updateAndGet(143)) - 0d68154c-bc1a-4b17-bcf5-90972ecdd7ac: start FollowerState
2019-10-17 18:39:12,794 [grpc-default-executor-5] INFO  impl.RoleInfo (RoleInfo.java:updateAndGet(143)) - 7b069786-c4de-4177-a49c-78057d3e7b27: start FollowerState
2019-10-17 18:39:12,794 [Thread-664] INFO  impl.FollowerState (FollowerState.java:run(117)) - 0d68154c-bc1a-4b17-bcf5-90972ecdd7ac@group-A236C1E6A57F-FollowerState was interrupted: java.lang.InterruptedException: sleep interrupted
2019-10-17 18:39:12,811 [09ea8095-e0f7-4a15-a25f-71748f8d4e7f@group-A236C1E6A57F-LeaderElection20] INFO  impl.LeaderElection (LeaderElection.java:logAndReturn(56)) - 09ea8095-e0f7-4a15-a25f-71748f8d4e7f@group-A236C1E6A57F-LeaderElection20: Election REJECTED; received 2 response(s) [09ea8095-e0f7-4a15-a25f-71748f8d4e7f<-7b069786-c4de-4177-a49c-78057d3e7b27#0:FAIL-t14, 09ea8095-e0f7-4a15-a25f-71748f8d4e7f<-0d68154c-bc1a-4b17-bcf5-90972ecdd7ac#0:FAIL-t14] and 0 exception(s); 09ea8095-e0f7-4a15-a25f-71748f8d4e7f@group-A236C1E6A57F:t14, leader=null, voted=09ea8095-e0f7-4a15-a25f-71748f8d4e7f, raftlog=09ea8095-e0f7-4a15-a25f-71748f8d4e7f@group-A236C1E6A57F-SegmentedRaftLog:OPENED:c5,f6,i6, conf=1: [7b069786-c4de-4177-a49c-78057d3e7b27:192.168.157.251:46071, 0d68154c-bc1a-4b17-bcf5-90972ecdd7ac:192.168.157.251:40580, 09ea8095-e0f7-4a15-a25f-71748f8d4e7f:192.168.157.251:43128], old=null
2019-10-17 18:39:12,812 [09ea8095-e0f7-4a15-a25f-71748f8d4e7f@group-A236C1E6A57F-LeaderElection20] INFO  impl.RaftServerImpl (RaftServerImpl.java:setRole(184)) - 09ea8095-e0f7-4a15-a25f-71748f8d4e7f@group-A236C1E6A57F: changes role from CANDIDATE to FOLLOWER at term 14 for DISCOVERED_A_NEW_TERM
2019-10-17 18:39:12,812 [09ea8095-e0f7-4a15-a25f-71748f8d4e7f@group-A236C1E6A57F-LeaderElection20] INFO  impl.RoleInfo (RoleInfo.java:shutdownLeaderElection(134)) - 09ea8095-e0f7-4a15-a25f-71748f8d4e7f: shutdown LeaderElection
2019-10-17 18:39:12,812 [09ea8095-e0f7-4a15-a25f-71748f8d4e7f@group-A236C1E6A57F-LeaderElection20] INFO  impl.RoleInfo (RoleInfo.java:updateAndGet(143)) - 09ea8095-e0f7-4a15-a25f-71748f8d4e7f: start FollowerState
2019-10-17 18:39:13,010 [Thread-671] INFO  impl.FollowerState (FollowerState.java:run(108)) - 09ea8095-e0f7-4a15-a25f-71748f8d4e7f@group-A236C1E6A57F-FollowerState: change to CANDIDATE, lastRpcTime:197ms, electionTimeout:197ms
2019-10-17 18:39:13,016 [Thread-671] INFO  impl.RoleInfo (RoleInfo.java:shutdownFollowerState(121)) - 09ea8095-e0f7-4a15-a25f-71748f8d4e7f: shutdown FollowerState
2019-10-17 18:39:13,016 [Thread-671] INFO  impl.RaftServerImpl (RaftServerImpl.java:setRole(184)) - 09ea8095-e0f7-4a15-a25f-71748f8d4e7f@group-A236C1E6A57F: changes role from  FOLLOWER to CANDIDATE at term 14 for changeToCandidate
2019-10-17 18:39:13,016 [Thread-671] INFO  impl.RoleInfo (RoleInfo.java:updateAndGet(143)) - 09ea8095-e0f7-4a15-a25f-71748f8d4e7f: start LeaderElection
2019-10-17 18:39:13,032 [09ea8095-e0f7-4a15-a25f-71748f8d4e7f@group-A236C1E6A57F-LeaderElection21] INFO  impl.LeaderElection (LeaderElection.java:askForVotes(178)) - 09ea8095-e0f7-4a15-a25f-71748f8d4e7f@group-A236C1E6A57F-LeaderElection21: begin an election at term 15 for 1: [7b069786-c4de-4177-a49c-78057d3e7b27:192.168.157.251:46071, 0d68154c-bc1a-4b17-bcf5-90972ecdd7ac:192.168.157.251:40580, 09ea8095-e0f7-4a15-a25f-71748f8d4e7f:192.168.157.251:43128], old=null
2019-10-17 18:39:13,037 [grpc-default-executor-5] INFO  impl.RaftServerImpl (RaftServerImpl.java:setRole(184)) - 0d68154c-bc1a-4b17-bcf5-90972ecdd7ac@group-A236C1E6A57F: changes role from  FOLLOWER to FOLLOWER at term 15 for recognizeCandidate:09ea8095-e0f7-4a15-a25f-71748f8d4e7f
2019-10-17 18:39:13,037 [grpc-default-executor-5] INFO  impl.RoleInfo (RoleInfo.java:shutdownFollowerState(121)) - 0d68154c-bc1a-4b17-bcf5-90972ecdd7ac: shutdown FollowerState
2019-10-17 18:39:13,037 [grpc-default-executor-4] INFO  impl.RaftServerImpl (RaftServerImpl.java:setRole(184)) - 7b069786-c4de-4177-a49c-78057d3e7b27@group-A236C1E6A57F: changes role from  FOLLOWER to FOLLOWER at term 15 for recognizeCandidate:09ea8095-e0f7-4a15-a25f-71748f8d4e7f
2019-10-17 18:39:13,038 [Thread-670] INFO  impl.FollowerState (FollowerState.java:run(117)) - 0d68154c-bc1a-4b17-bcf5-90972ecdd7ac@group-A236C1E6A57F-FollowerState was interrupted: java.lang.InterruptedException: sleep interrupted
2019-10-17 18:39:13,037 [grpc-default-executor-5] INFO  impl.RoleInfo (RoleInfo.java:updateAndGet(143)) - 0d68154c-bc1a-4b17-bcf5-90972ecdd7ac: start FollowerState
2019-10-17 18:39:13,038 [grpc-default-executor-4] INFO  impl.RoleInfo (RoleInfo.java:shutdownFollowerState(121)) - 7b069786-c4de-4177-a49c-78057d3e7b27: shutdown FollowerState
2019-10-17 18:39:13,039 [Thread-669] INFO  impl.FollowerState (FollowerState.java:run(117)) - 7b069786-c4de-4177-a49c-78057d3e7b27@group-A236C1E6A57F-FollowerState was interrupted: java.lang.InterruptedException: sleep interrupted
2019-10-17 18:39:13,039 [grpc-default-executor-4] INFO  impl.RoleInfo (RoleInfo.java:updateAndGet(143)) - 7b069786-c4de-4177-a49c-78057d3e7b27: start FollowerState
2019-10-17 18:39:13,054 [09ea8095-e0f7-4a15-a25f-71748f8d4e7f@group-A236C1E6A57F-LeaderElection21] INFO  impl.LeaderElection (LeaderElection.java:logAndReturn(56)) - 09ea8095-e0f7-4a15-a25f-71748f8d4e7f@group-A236C1E6A57F-LeaderElection21: Election TIMEOUT; received 0 response(s) [] and 0 exception(s); 09ea8095-e0f7-4a15-a25f-71748f8d4e7f@group-A236C1E6A57F:t15, leader=null, voted=09ea8095-e0f7-4a15-a25f-71748f8d4e7f, raftlog=09ea8095-e0f7-4a15-a25f-71748f8d4e7f@group-A236C1E6A57F-SegmentedRaftLog:OPENED:c5,f6,i6, conf=1: [7b069786-c4de-4177-a49c-78057d3e7b27:192.168.157.251:46071, 0d68154c-bc1a-4b17-bcf5-90972ecdd7ac:192.168.157.251:40580, 09ea8095-e0f7-4a15-a25f-71748f8d4e7f:192.168.157.251:43128], old=null
2019-10-17 18:39:13,068 [09ea8095-e0f7-4a15-a25f-71748f8d4e7f@group-A236C1E6A57F-LeaderElection21] INFO  impl.LeaderElection (LeaderElection.java:askForVotes(178)) - 09ea8095-e0f7-4a15-a25f-71748f8d4e7f@group-A236C1E6A57F-LeaderElection21: begin an election at term 16 for 1: [7b069786-c4de-4177-a49c-78057d3e7b27:192.168.157.251:46071, 0d68154c-bc1a-4b17-bcf5-90972ecdd7ac:192.168.157.251:40580, 09ea8095-e0f7-4a15-a25f-71748f8d4e7f:192.168.157.251:43128], old=null
2019-10-17 18:39:13,072 [grpc-default-executor-5] INFO  impl.RaftServerImpl (RaftServerImpl.java:setRole(184)) - 7b069786-c4de-4177-a49c-78057d3e7b27@group-A236C1E6A57F: changes role from  FOLLOWER to FOLLOWER at term 16 for recognizeCandidate:09ea8095-e0f7-4a15-a25f-71748f8d4e7f
2019-10-17 18:39:13,073 [grpc-default-executor-4] INFO  impl.RaftServerImpl (RaftServerImpl.java:setRole(184)) - 0d68154c-bc1a-4b17-bcf5-90972ecdd7ac@group-A236C1E6A57F: changes role from  FOLLOWER to FOLLOWER at term 16 for recognizeCandidate:09ea8095-e0f7-4a15-a25f-71748f8d4e7f
2019-10-17 18:39:13,073 [grpc-default-executor-5] INFO  impl.RoleInfo (RoleInfo.java:shutdownFollowerState(121)) - 7b069786-c4de-4177-a49c-78057d3e7b27: shutdown FollowerState
2019-10-17 18:39:13,073 [grpc-default-executor-4] INFO  impl.RoleInfo (RoleInfo.java:shutdownFollowerState(121)) - 0d68154c-bc1a-4b17-bcf5-90972ecdd7ac: shutdown FollowerState
2019-10-17 18:39:13,074 [grpc-default-executor-5] INFO  impl.RoleInfo (RoleInfo.java:updateAndGet(143)) - 7b069786-c4de-4177-a49c-78057d3e7b27: start FollowerState
2019-10-17 18:39:13,074 [grpc-default-executor-4] INFO  impl.RoleInfo (RoleInfo.java:updateAndGet(143)) - 0d68154c-bc1a-4b17-bcf5-90972ecdd7ac: start FollowerState
2019-10-17 18:39:13,074 [Thread-677] INFO  impl.FollowerState (FollowerState.java:run(117)) - 7b069786-c4de-4177-a49c-78057d3e7b27@group-A236C1E6A57F-FollowerState was interrupted: java.lang.InterruptedException: sleep interrupted
2019-10-17 18:39:13,074 [Thread-676] INFO  impl.FollowerState (FollowerState.java:run(117)) - 0d68154c-bc1a-4b17-bcf5-90972ecdd7ac@group-A236C1E6A57F-FollowerState was interrupted: java.lang.InterruptedException: sleep interrupted
2019-10-17 18:39:13,093 [09ea8095-e0f7-4a15-a25f-71748f8d4e7f@group-A236C1E6A57F-LeaderElection21] INFO  impl.LeaderElection (LeaderElection.java:logAndReturn(56)) - 09ea8095-e0f7-4a15-a25f-71748f8d4e7f@group-A236C1E6A57F-LeaderElection21: Election REJECTED; received 2 response(s) [09ea8095-e0f7-4a15-a25f-71748f8d4e7f<-7b069786-c4de-4177-a49c-78057d3e7b27#0:FAIL-t16, 09ea8095-e0f7-4a15-a25f-71748f8d4e7f<-0d68154c-bc1a-4b17-bcf5-90972ecdd7ac#0:FAIL-t16] and 0 exception(s); 09ea8095-e0f7-4a15-a25f-71748f8d4e7f@group-A236C1E6A57F:t16, leader=null, voted=09ea8095-e0f7-4a15-a25f-71748f8d4e7f, raftlog=09ea8095-e0f7-4a15-a25f-71748f8d4e7f@group-A236C1E6A57F-SegmentedRaftLog:OPENED:c5,f6,i6, conf=1: [7b069786-c4de-4177-a49c-78057d3e7b27:192.168.157.251:46071, 0d68154c-bc1a-4b17-bcf5-90972ecdd7ac:192.168.157.251:40580, 09ea8095-e0f7-4a15-a25f-71748f8d4e7f:192.168.157.251:43128], old=null
2019-10-17 18:39:13,093 [09ea8095-e0f7-4a15-a25f-71748f8d4e7f@group-A236C1E6A57F-LeaderElection21] INFO  impl.RaftServerImpl (RaftServerImpl.java:setRole(184)) - 09ea8095-e0f7-4a15-a25f-71748f8d4e7f@group-A236C1E6A57F: changes role from CANDIDATE to FOLLOWER at term 16 for DISCOVERED_A_NEW_TERM
2019-10-17 18:39:13,093 [09ea8095-e0f7-4a15-a25f-71748f8d4e7f@group-A236C1E6A57F-LeaderElection21] INFO  impl.RoleInfo (RoleInfo.java:shutdownLeaderElection(134)) - 09ea8095-e0f7-4a15-a25f-71748f8d4e7f: shutdown LeaderElection
2019-10-17 18:39:13,094 [09ea8095-e0f7-4a15-a25f-71748f8d4e7f@group-A236C1E6A57F-LeaderElection21] INFO  impl.RoleInfo (RoleInfo.java:updateAndGet(143)) - 09ea8095-e0f7-4a15-a25f-71748f8d4e7f: start FollowerState
2019-10-17 18:39:13,117 [pool-7-thread-3] INFO  commands.RetriableDatanodeEventWatcher (RetriableDatanodeEventWatcher.java:onTimeout(47)) - RetriableDatanodeCommand type=deleteBlocksCommand with id=1571337549088 timed out. Retrying.
2019-10-17 18:39:13,118 [pool-7-thread-4] INFO  commands.RetriableDatanodeEventWatcher (RetriableDatanodeEventWatcher.java:onTimeout(47)) - RetriableDatanodeCommand type=deleteBlocksCommand with id=1571337549093 timed out. Retrying.
2019-10-17 18:39:13,118 [pool-7-thread-1] INFO  commands.RetriableDatanodeEventWatcher (RetriableDatanodeEventWatcher.java:onTimeout(47)) - RetriableDatanodeCommand type=deleteBlocksCommand with id=1571337549092 timed out. Retrying.
2019-10-17 18:39:13,118 [pool-7-thread-2] INFO  commands.RetriableDatanodeEventWatcher (RetriableDatanodeEventWatcher.java:onTimeout(47)) - RetriableDatanodeCommand type=deleteBlocksCommand with id=1571337549091 timed out. Retrying.
2019-10-17 18:39:13,123 [SCMBlockDeletingService#0] INFO  block.SCMBlockDeletingService (SCMBlockDeletingService.java:call(184)) - Totally added 1 delete blocks command for 1 datanodes, task elapsed time: 1ms
2019-10-17 18:39:13,138 [Thread-684] INFO  client.GrpcClientProtocolService (GrpcClientProtocolService.java:lambda$processClientRequest$0(278)) - Failed RaftClientRequest:client-79966ACA1C67->09ea8095-e0f7-4a15-a25f-71748f8d4e7f@group-A236C1E6A57F, cid=10, seq=0, Watch-ALL_COMMITTED(8), Message:<EMPTY>, reply=RaftClientReply:client-79966ACA1C67->09ea8095-e0f7-4a15-a25f-71748f8d4e7f@group-A236C1E6A57F, cid=10, FAILED org.apache.ratis.protocol.NotLeaderException: Server 09ea8095-e0f7-4a15-a25f-71748f8d4e7f@group-A236C1E6A57F is not the leader, logIndex=0, commits[09ea8095-e0f7-4a15-a25f-71748f8d4e7f:c5]
2019-10-17 18:39:13,194 [BlockDeletingService#2] WARN  background.BlockDeletingService (BlockDeletingService.java:isDeletionAllowed(187)) - Close Container log Index 8 is not replicated across allthe servers in the pipeline f5073bd3-c80c-4957-9a7f-a236c1e6a57f as the min replicated index is 6. Deletion is not allowed in this container yet.
2019-10-17 18:39:13,194 [BlockDeletingService#2] WARN  background.BlockDeletingService (BlockDeletingService.java:isDeletionAllowed(187)) - Close Container log Index 8 is not replicated across allthe servers in the pipeline f5073bd3-c80c-4957-9a7f-a236c1e6a57f as the min replicated index is 6. Deletion is not allowed in this container yet.
2019-10-17 18:39:13,223 [Thread-682] INFO  impl.FollowerState (FollowerState.java:run(108)) - 09ea8095-e0f7-4a15-a25f-71748f8d4e7f@group-A236C1E6A57F-FollowerState: change to CANDIDATE, lastRpcTime:129ms, electionTimeout:129ms
2019-10-17 18:39:13,223 [Thread-682] INFO  impl.RoleInfo (RoleInfo.java:shutdownFollowerState(121)) - 09ea8095-e0f7-4a15-a25f-71748f8d4e7f: shutdown FollowerState
2019-10-17 18:39:13,224 [Thread-682] INFO  impl.RaftServerImpl (RaftServerImpl.java:setRole(184)) - 09ea8095-e0f7-4a15-a25f-71748f8d4e7f@group-A236C1E6A57F: changes role from  FOLLOWER to CANDIDATE at term 16 for changeToCandidate
2019-10-17 18:39:13,224 [Thread-682] INFO  impl.RoleInfo (RoleInfo.java:updateAndGet(143)) - 09ea8095-e0f7-4a15-a25f-71748f8d4e7f: start LeaderElection
2019-10-17 18:39:13,239 [09ea8095-e0f7-4a15-a25f-71748f8d4e7f@group-A236C1E6A57F-LeaderElection22] INFO  impl.LeaderElection (LeaderElection.java:askForVotes(178)) - 09ea8095-e0f7-4a15-a25f-71748f8d4e7f@group-A236C1E6A57F-LeaderElection22: begin an election at term 17 for 1: [7b069786-c4de-4177-a49c-78057d3e7b27:192.168.157.251:46071, 0d68154c-bc1a-4b17-bcf5-90972ecdd7ac:192.168.157.251:40580, 09ea8095-e0f7-4a15-a25f-71748f8d4e7f:192.168.157.251:43128], old=null
2019-10-17 18:39:13,242 [grpc-default-executor-5] INFO  impl.RaftServerImpl (RaftServerImpl.java:setRole(184)) - 0d68154c-bc1a-4b17-bcf5-90972ecdd7ac@group-A236C1E6A57F: changes role from  FOLLOWER to FOLLOWER at term 17 for recognizeCandidate:09ea8095-e0f7-4a15-a25f-71748f8d4e7f
2019-10-17 18:39:13,242 [grpc-default-executor-4] INFO  impl.RaftServerImpl (RaftServerImpl.java:setRole(184)) - 7b069786-c4de-4177-a49c-78057d3e7b27@group-A236C1E6A57F: changes role from  FOLLOWER to FOLLOWER at term 17 for recognizeCandidate:09ea8095-e0f7-4a15-a25f-71748f8d4e7f
2019-10-17 18:39:13,242 [grpc-default-executor-5] INFO  impl.RoleInfo (RoleInfo.java:shutdownFollowerState(121)) - 0d68154c-bc1a-4b17-bcf5-90972ecdd7ac: shutdown FollowerState
2019-10-17 18:39:13,242 [grpc-default-executor-4] INFO  impl.RoleInfo (RoleInfo.java:shutdownFollowerState(121)) - 7b069786-c4de-4177-a49c-78057d3e7b27: shutdown FollowerState
2019-10-17 18:39:13,242 [Thread-681] INFO  impl.FollowerState (FollowerState.java:run(117)) - 0d68154c-bc1a-4b17-bcf5-90972ecdd7ac@group-A236C1E6A57F-FollowerState was interrupted: java.lang.InterruptedException: sleep interrupted
2019-10-17 18:39:13,242 [grpc-default-executor-5] INFO  impl.RoleInfo (RoleInfo.java:updateAndGet(143)) - 0d68154c-bc1a-4b17-bcf5-90972ecdd7ac: start FollowerState
2019-10-17 18:39:13,243 [Thread-680] INFO  impl.FollowerState (FollowerState.java:run(117)) - 7b069786-c4de-4177-a49c-78057d3e7b27@group-A236C1E6A57F-FollowerState was interrupted: java.lang.InterruptedException: sleep interrupted
2019-10-17 18:39:13,243 [grpc-default-executor-4] INFO  impl.RoleInfo (RoleInfo.java:updateAndGet(143)) - 7b069786-c4de-4177-a49c-78057d3e7b27: start FollowerState
2019-10-17 18:39:13,258 [09ea8095-e0f7-4a15-a25f-71748f8d4e7f@group-A236C1E6A57F-LeaderElection22] INFO  impl.LeaderElection (LeaderElection.java:logAndReturn(56)) - 09ea8095-e0f7-4a15-a25f-71748f8d4e7f@group-A236C1E6A57F-LeaderElection22: Election REJECTED; received 2 response(s) [09ea8095-e0f7-4a15-a25f-71748f8d4e7f<-7b069786-c4de-4177-a49c-78057d3e7b27#0:FAIL-t17, 09ea8095-e0f7-4a15-a25f-71748f8d4e7f<-0d68154c-bc1a-4b17-bcf5-90972ecdd7ac#0:FAIL-t17] and 0 exception(s); 09ea8095-e0f7-4a15-a25f-71748f8d4e7f@group-A236C1E6A57F:t17, leader=null, voted=09ea8095-e0f7-4a15-a25f-71748f8d4e7f, raftlog=09ea8095-e0f7-4a15-a25f-71748f8d4e7f@group-A236C1E6A57F-SegmentedRaftLog:OPENED:c5,f6,i6, conf=1: [7b069786-c4de-4177-a49c-78057d3e7b27:192.168.157.251:46071, 0d68154c-bc1a-4b17-bcf5-90972ecdd7ac:192.168.157.251:40580, 09ea8095-e0f7-4a15-a25f-71748f8d4e7f:192.168.157.251:43128], old=null
2019-10-17 18:39:13,258 [09ea8095-e0f7-4a15-a25f-71748f8d4e7f@group-A236C1E6A57F-LeaderElection22] INFO  impl.RaftServerImpl (RaftServerImpl.java:setRole(184)) - 09ea8095-e0f7-4a15-a25f-71748f8d4e7f@group-A236C1E6A57F: changes role from CANDIDATE to FOLLOWER at term 17 for DISCOVERED_A_NEW_TERM
2019-10-17 18:39:13,258 [09ea8095-e0f7-4a15-a25f-71748f8d4e7f@group-A236C1E6A57F-LeaderElection22] INFO  impl.RoleInfo (RoleInfo.java:shutdownLeaderElection(134)) - 09ea8095-e0f7-4a15-a25f-71748f8d4e7f: shutdown LeaderElection
2019-10-17 18:39:13,258 [09ea8095-e0f7-4a15-a25f-71748f8d4e7f@group-A236C1E6A57F-LeaderElection22] INFO  impl.RoleInfo (RoleInfo.java:updateAndGet(143)) - 09ea8095-e0f7-4a15-a25f-71748f8d4e7f: start FollowerState
2019-10-17 18:39:13,428 [Thread-693] INFO  impl.FollowerState (FollowerState.java:run(108)) - 09ea8095-e0f7-4a15-a25f-71748f8d4e7f@group-A236C1E6A57F-FollowerState: change to CANDIDATE, lastRpcTime:170ms, electionTimeout:170ms
2019-10-17 18:39:13,430 [Thread-693] INFO  impl.RoleInfo (RoleInfo.java:shutdownFollowerState(121)) - 09ea8095-e0f7-4a15-a25f-71748f8d4e7f: shutdown FollowerState
2019-10-17 18:39:13,430 [Thread-693] INFO  impl.RaftServerImpl (RaftServerImpl.java:setRole(184)) - 09ea8095-e0f7-4a15-a25f-71748f8d4e7f@group-A236C1E6A57F: changes role from  FOLLOWER to CANDIDATE at term 17 for changeToCandidate
2019-10-17 18:39:13,431 [Thread-693] INFO  impl.RoleInfo (RoleInfo.java:updateAndGet(143)) - 09ea8095-e0f7-4a15-a25f-71748f8d4e7f: start LeaderElection
2019-10-17 18:39:13,445 [09ea8095-e0f7-4a15-a25f-71748f8d4e7f@group-A236C1E6A57F-LeaderElection23] INFO  impl.LeaderElection (LeaderElection.java:askForVotes(178)) - 09ea8095-e0f7-4a15-a25f-71748f8d4e7f@group-A236C1E6A57F-LeaderElection23: begin an election at term 18 for 1: [7b069786-c4de-4177-a49c-78057d3e7b27:192.168.157.251:46071, 0d68154c-bc1a-4b17-bcf5-90972ecdd7ac:192.168.157.251:40580, 09ea8095-e0f7-4a15-a25f-71748f8d4e7f:192.168.157.251:43128], old=null
2019-10-17 18:39:13,449 [grpc-default-executor-4] INFO  impl.RaftServerImpl (RaftServerImpl.java:setRole(184)) - 0d68154c-bc1a-4b17-bcf5-90972ecdd7ac@group-A236C1E6A57F: changes role from  FOLLOWER to FOLLOWER at term 18 for recognizeCandidate:09ea8095-e0f7-4a15-a25f-71748f8d4e7f
2019-10-17 18:39:13,449 [grpc-default-executor-4] INFO  impl.RoleInfo (RoleInfo.java:shutdownFollowerState(121)) - 0d68154c-bc1a-4b17-bcf5-90972ecdd7ac: shutdown FollowerState
2019-10-17 18:39:13,449 [grpc-default-executor-5] INFO  impl.RaftServerImpl (RaftServerImpl.java:setRole(184)) - 7b069786-c4de-4177-a49c-78057d3e7b27@group-A236C1E6A57F: changes role from  FOLLOWER to FOLLOWER at term 18 for recognizeCandidate:09ea8095-e0f7-4a15-a25f-71748f8d4e7f
2019-10-17 18:39:13,449 [Thread-691] INFO  impl.FollowerState (FollowerState.java:run(117)) - 0d68154c-bc1a-4b17-bcf5-90972ecdd7ac@group-A236C1E6A57F-FollowerState was interrupted: java.lang.InterruptedException: sleep interrupted
2019-10-17 18:39:13,449 [grpc-default-executor-5] INFO  impl.RoleInfo (RoleInfo.java:shutdownFollowerState(121)) - 7b069786-c4de-4177-a49c-78057d3e7b27: shutdown FollowerState
2019-10-17 18:39:13,449 [grpc-default-executor-4] INFO  impl.RoleInfo (RoleInfo.java:updateAndGet(143)) - 0d68154c-bc1a-4b17-bcf5-90972ecdd7ac: start FollowerState
2019-10-17 18:39:13,451 [grpc-default-executor-5] INFO  impl.RoleInfo (RoleInfo.java:updateAndGet(143)) - 7b069786-c4de-4177-a49c-78057d3e7b27: start FollowerState
2019-10-17 18:39:13,451 [Thread-692] INFO  impl.FollowerState (FollowerState.java:run(117)) - 7b069786-c4de-4177-a49c-78057d3e7b27@group-A236C1E6A57F-FollowerState was interrupted: java.lang.InterruptedException: sleep interrupted
2019-10-17 18:39:13,463 [09ea8095-e0f7-4a15-a25f-71748f8d4e7f@group-A236C1E6A57F-LeaderElection23] INFO  impl.LeaderElection (LeaderElection.java:logAndReturn(56)) - 09ea8095-e0f7-4a15-a25f-71748f8d4e7f@group-A236C1E6A57F-LeaderElection23: Election REJECTED; received 2 response(s) [09ea8095-e0f7-4a15-a25f-71748f8d4e7f<-7b069786-c4de-4177-a49c-78057d3e7b27#0:FAIL-t18, 09ea8095-e0f7-4a15-a25f-71748f8d4e7f<-0d68154c-bc1a-4b17-bcf5-90972ecdd7ac#0:FAIL-t18] and 0 exception(s); 09ea8095-e0f7-4a15-a25f-71748f8d4e7f@group-A236C1E6A57F:t18, leader=null, voted=09ea8095-e0f7-4a15-a25f-71748f8d4e7f, raftlog=09ea8095-e0f7-4a15-a25f-71748f8d4e7f@group-A236C1E6A57F-SegmentedRaftLog:OPENED:c5,f6,i6, conf=1: [7b069786-c4de-4177-a49c-78057d3e7b27:192.168.157.251:46071, 0d68154c-bc1a-4b17-bcf5-90972ecdd7ac:192.168.157.251:40580, 09ea8095-e0f7-4a15-a25f-71748f8d4e7f:192.168.157.251:43128], old=null
2019-10-17 18:39:13,463 [09ea8095-e0f7-4a15-a25f-71748f8d4e7f@group-A236C1E6A57F-LeaderElection23] INFO  impl.RaftServerImpl (RaftServerImpl.java:setRole(184)) - 09ea8095-e0f7-4a15-a25f-71748f8d4e7f@group-A236C1E6A57F: changes role from CANDIDATE to FOLLOWER at term 18 for DISCOVERED_A_NEW_TERM
2019-10-17 18:39:13,464 [09ea8095-e0f7-4a15-a25f-71748f8d4e7f@group-A236C1E6A57F-LeaderElection23] INFO  impl.RoleInfo (RoleInfo.java:shutdownLeaderElection(134)) - 09ea8095-e0f7-4a15-a25f-71748f8d4e7f: shutdown LeaderElection
2019-10-17 18:39:13,464 [09ea8095-e0f7-4a15-a25f-71748f8d4e7f@group-A236C1E6A57F-LeaderElection23] INFO  impl.RoleInfo (RoleInfo.java:updateAndGet(143)) - 09ea8095-e0f7-4a15-a25f-71748f8d4e7f: start FollowerState
2019-10-17 18:39:13,592 [Thread-699] INFO  impl.FollowerState (FollowerState.java:run(108)) - 09ea8095-e0f7-4a15-a25f-71748f8d4e7f@group-A236C1E6A57F-FollowerState: change to CANDIDATE, lastRpcTime:128ms, electionTimeout:128ms
2019-10-17 18:39:13,593 [Thread-699] INFO  impl.RoleInfo (RoleInfo.java:shutdownFollowerState(121)) - 09ea8095-e0f7-4a15-a25f-71748f8d4e7f: shutdown FollowerState
2019-10-17 18:39:13,593 [Thread-699] INFO  impl.RaftServerImpl (RaftServerImpl.java:setRole(184)) - 09ea8095-e0f7-4a15-a25f-71748f8d4e7f@group-A236C1E6A57F: changes role from  FOLLOWER to CANDIDATE at term 18 for changeToCandidate
2019-10-17 18:39:13,593 [Thread-699] INFO  impl.RoleInfo (RoleInfo.java:updateAndGet(143)) - 09ea8095-e0f7-4a15-a25f-71748f8d4e7f: start LeaderElection
2019-10-17 18:39:13,608 [09ea8095-e0f7-4a15-a25f-71748f8d4e7f@group-A236C1E6A57F-LeaderElection24] INFO  impl.LeaderElection (LeaderElection.java:askForVotes(178)) - 09ea8095-e0f7-4a15-a25f-71748f8d4e7f@group-A236C1E6A57F-LeaderElection24: begin an election at term 19 for 1: [7b069786-c4de-4177-a49c-78057d3e7b27:192.168.157.251:46071, 0d68154c-bc1a-4b17-bcf5-90972ecdd7ac:192.168.157.251:40580, 09ea8095-e0f7-4a15-a25f-71748f8d4e7f:192.168.157.251:43128], old=null
2019-10-17 18:39:13,611 [grpc-default-executor-5] INFO  impl.RaftServerImpl (RaftServerImpl.java:setRole(184)) - 7b069786-c4de-4177-a49c-78057d3e7b27@group-A236C1E6A57F: changes role from  FOLLOWER to FOLLOWER at term 19 for recognizeCandidate:09ea8095-e0f7-4a15-a25f-71748f8d4e7f
2019-10-17 18:39:13,611 [grpc-default-executor-5] INFO  impl.RoleInfo (RoleInfo.java:shutdownFollowerState(121)) - 7b069786-c4de-4177-a49c-78057d3e7b27: shutdown FollowerState
2019-10-17 18:39:13,612 [grpc-default-executor-4] INFO  impl.RaftServerImpl (RaftServerImpl.java:setRole(184)) - 0d68154c-bc1a-4b17-bcf5-90972ecdd7ac@group-A236C1E6A57F: changes role from  FOLLOWER to FOLLOWER at term 19 for recognizeCandidate:09ea8095-e0f7-4a15-a25f-71748f8d4e7f
2019-10-17 18:39:13,612 [grpc-default-executor-5] INFO  impl.RoleInfo (RoleInfo.java:updateAndGet(143)) - 7b069786-c4de-4177-a49c-78057d3e7b27: start FollowerState
2019-10-17 18:39:13,612 [Thread-698] INFO  impl.FollowerState (FollowerState.java:run(117)) - 7b069786-c4de-4177-a49c-78057d3e7b27@group-A236C1E6A57F-FollowerState was interrupted: java.lang.InterruptedException: sleep interrupted
2019-10-17 18:39:13,612 [grpc-default-executor-4] INFO  impl.RoleInfo (RoleInfo.java:shutdownFollowerState(121)) - 0d68154c-bc1a-4b17-bcf5-90972ecdd7ac: shutdown FollowerState
2019-10-17 18:39:13,613 [Thread-697] INFO  impl.FollowerState (FollowerState.java:run(117)) - 0d68154c-bc1a-4b17-bcf5-90972ecdd7ac@group-A236C1E6A57F-FollowerState was interrupted: java.lang.InterruptedException: sleep interrupted
2019-10-17 18:39:13,613 [grpc-default-executor-4] INFO  impl.RoleInfo (RoleInfo.java:updateAndGet(143)) - 0d68154c-bc1a-4b17-bcf5-90972ecdd7ac: start FollowerState
2019-10-17 18:39:13,629 [09ea8095-e0f7-4a15-a25f-71748f8d4e7f@group-A236C1E6A57F-LeaderElection24] INFO  impl.LeaderElection (LeaderElection.java:logAndReturn(56)) - 09ea8095-e0f7-4a15-a25f-71748f8d4e7f@group-A236C1E6A57F-LeaderElection24: Election REJECTED; received 2 response(s) [09ea8095-e0f7-4a15-a25f-71748f8d4e7f<-7b069786-c4de-4177-a49c-78057d3e7b27#0:FAIL-t19, 09ea8095-e0f7-4a15-a25f-71748f8d4e7f<-0d68154c-bc1a-4b17-bcf5-90972ecdd7ac#0:FAIL-t19] and 0 exception(s); 09ea8095-e0f7-4a15-a25f-71748f8d4e7f@group-A236C1E6A57F:t19, leader=null, voted=09ea8095-e0f7-4a15-a25f-71748f8d4e7f, raftlog=09ea8095-e0f7-4a15-a25f-71748f8d4e7f@group-A236C1E6A57F-SegmentedRaftLog:OPENED:c5,f6,i6, conf=1: [7b069786-c4de-4177-a49c-78057d3e7b27:192.168.157.251:46071, 0d68154c-bc1a-4b17-bcf5-90972ecdd7ac:192.168.157.251:40580, 09ea8095-e0f7-4a15-a25f-71748f8d4e7f:192.168.157.251:43128], old=null
2019-10-17 18:39:13,629 [09ea8095-e0f7-4a15-a25f-71748f8d4e7f@group-A236C1E6A57F-LeaderElection24] INFO  impl.RaftServerImpl (RaftServerImpl.java:setRole(184)) - 09ea8095-e0f7-4a15-a25f-71748f8d4e7f@group-A236C1E6A57F: changes role from CANDIDATE to FOLLOWER at term 19 for DISCOVERED_A_NEW_TERM
2019-10-17 18:39:13,630 [09ea8095-e0f7-4a15-a25f-71748f8d4e7f@group-A236C1E6A57F-LeaderElection24] INFO  impl.RoleInfo (RoleInfo.java:shutdownLeaderElection(134)) - 09ea8095-e0f7-4a15-a25f-71748f8d4e7f: shutdown LeaderElection
2019-10-17 18:39:13,630 [09ea8095-e0f7-4a15-a25f-71748f8d4e7f@group-A236C1E6A57F-LeaderElection24] INFO  impl.RoleInfo (RoleInfo.java:updateAndGet(143)) - 09ea8095-e0f7-4a15-a25f-71748f8d4e7f: start FollowerState
2019-10-17 18:39:13,778 [Thread-705] INFO  impl.FollowerState (FollowerState.java:run(108)) - 09ea8095-e0f7-4a15-a25f-71748f8d4e7f@group-A236C1E6A57F-FollowerState: change to CANDIDATE, lastRpcTime:148ms, electionTimeout:148ms
2019-10-17 18:39:13,779 [Thread-705] INFO  impl.RoleInfo (RoleInfo.java:shutdownFollowerState(121)) - 09ea8095-e0f7-4a15-a25f-71748f8d4e7f: shutdown FollowerState
2019-10-17 18:39:13,779 [Thread-705] INFO  impl.RaftServerImpl (RaftServerImpl.java:setRole(184)) - 09ea8095-e0f7-4a15-a25f-71748f8d4e7f@group-A236C1E6A57F: changes role from  FOLLOWER to CANDIDATE at term 19 for changeToCandidate
2019-10-17 18:39:13,780 [Thread-705] INFO  impl.RoleInfo (RoleInfo.java:updateAndGet(143)) - 09ea8095-e0f7-4a15-a25f-71748f8d4e7f: start LeaderElection
2019-10-17 18:39:13,794 [09ea8095-e0f7-4a15-a25f-71748f8d4e7f@group-A236C1E6A57F-LeaderElection25] INFO  impl.LeaderElection (LeaderElection.java:askForVotes(178)) - 09ea8095-e0f7-4a15-a25f-71748f8d4e7f@group-A236C1E6A57F-LeaderElection25: begin an election at term 20 for 1: [7b069786-c4de-4177-a49c-78057d3e7b27:192.168.157.251:46071, 0d68154c-bc1a-4b17-bcf5-90972ecdd7ac:192.168.157.251:40580, 09ea8095-e0f7-4a15-a25f-71748f8d4e7f:192.168.157.251:43128], old=null
2019-10-17 18:39:13,798 [grpc-default-executor-4] INFO  impl.RaftServerImpl (RaftServerImpl.java:setRole(184)) - 7b069786-c4de-4177-a49c-78057d3e7b27@group-A236C1E6A57F: changes role from  FOLLOWER to FOLLOWER at term 20 for recognizeCandidate:09ea8095-e0f7-4a15-a25f-71748f8d4e7f
2019-10-17 18:39:13,798 [grpc-default-executor-4] INFO  impl.RoleInfo (RoleInfo.java:shutdownFollowerState(121)) - 7b069786-c4de-4177-a49c-78057d3e7b27: shutdown FollowerState
2019-10-17 18:39:13,798 [grpc-default-executor-4] INFO  impl.RoleInfo (RoleInfo.java:updateAndGet(143)) - 7b069786-c4de-4177-a49c-78057d3e7b27: start FollowerState
2019-10-17 18:39:13,798 [Thread-703] INFO  impl.FollowerState (FollowerState.java:run(117)) - 7b069786-c4de-4177-a49c-78057d3e7b27@group-A236C1E6A57F-FollowerState was interrupted: java.lang.InterruptedException: sleep interrupted
2019-10-17 18:39:13,798 [grpc-default-executor-5] INFO  impl.RaftServerImpl (RaftServerImpl.java:setRole(184)) - 0d68154c-bc1a-4b17-bcf5-90972ecdd7ac@group-A236C1E6A57F: changes role from  FOLLOWER to FOLLOWER at term 20 for recognizeCandidate:09ea8095-e0f7-4a15-a25f-71748f8d4e7f
2019-10-17 18:39:13,800 [grpc-default-executor-5] INFO  impl.RoleInfo (RoleInfo.java:shutdownFollowerState(121)) - 0d68154c-bc1a-4b17-bcf5-90972ecdd7ac: shutdown FollowerState
2019-10-17 18:39:13,800 [Thread-704] INFO  impl.FollowerState (FollowerState.java:run(117)) - 0d68154c-bc1a-4b17-bcf5-90972ecdd7ac@group-A236C1E6A57F-FollowerState was interrupted: java.lang.InterruptedException: sleep interrupted
2019-10-17 18:39:13,800 [grpc-default-executor-5] INFO  impl.RoleInfo (RoleInfo.java:updateAndGet(143)) - 0d68154c-bc1a-4b17-bcf5-90972ecdd7ac: start FollowerState
2019-10-17 18:39:13,814 [09ea8095-e0f7-4a15-a25f-71748f8d4e7f@group-A236C1E6A57F-LeaderElection25] INFO  impl.LeaderElection (LeaderElection.java:logAndReturn(56)) - 09ea8095-e0f7-4a15-a25f-71748f8d4e7f@group-A236C1E6A57F-LeaderElection25: Election REJECTED; received 2 response(s) [09ea8095-e0f7-4a15-a25f-71748f8d4e7f<-7b069786-c4de-4177-a49c-78057d3e7b27#0:FAIL-t20, 09ea8095-e0f7-4a15-a25f-71748f8d4e7f<-0d68154c-bc1a-4b17-bcf5-90972ecdd7ac#0:FAIL-t20] and 0 exception(s); 09ea8095-e0f7-4a15-a25f-71748f8d4e7f@group-A236C1E6A57F:t20, leader=null, voted=09ea8095-e0f7-4a15-a25f-71748f8d4e7f, raftlog=09ea8095-e0f7-4a15-a25f-71748f8d4e7f@group-A236C1E6A57F-SegmentedRaftLog:OPENED:c5,f6,i6, conf=1: [7b069786-c4de-4177-a49c-78057d3e7b27:192.168.157.251:46071, 0d68154c-bc1a-4b17-bcf5-90972ecdd7ac:192.168.157.251:40580, 09ea8095-e0f7-4a15-a25f-71748f8d4e7f:192.168.157.251:43128], old=null
2019-10-17 18:39:13,814 [09ea8095-e0f7-4a15-a25f-71748f8d4e7f@group-A236C1E6A57F-LeaderElection25] INFO  impl.RaftServerImpl (RaftServerImpl.java:setRole(184)) - 09ea8095-e0f7-4a15-a25f-71748f8d4e7f@group-A236C1E6A57F: changes role from CANDIDATE to FOLLOWER at term 20 for DISCOVERED_A_NEW_TERM
2019-10-17 18:39:13,815 [09ea8095-e0f7-4a15-a25f-71748f8d4e7f@group-A236C1E6A57F-LeaderElection25] INFO  impl.RoleInfo (RoleInfo.java:shutdownLeaderElection(134)) - 09ea8095-e0f7-4a15-a25f-71748f8d4e7f: shutdown LeaderElection
2019-10-17 18:39:13,815 [09ea8095-e0f7-4a15-a25f-71748f8d4e7f@group-A236C1E6A57F-LeaderElection25] INFO  impl.RoleInfo (RoleInfo.java:updateAndGet(143)) - 09ea8095-e0f7-4a15-a25f-71748f8d4e7f: start FollowerState
2019-10-17 18:39:13,823 [Thread-711] INFO  impl.FollowerState (FollowerState.java:run(108)) - 09ea8095-e0f7-4a15-a25f-71748f8d4e7f@group-A236C1E6A57F-FollowerState: change to CANDIDATE, lastRpcTime:8ms, electionTimeout:8ms
2019-10-17 18:39:13,824 [Thread-711] INFO  impl.RoleInfo (RoleInfo.java:shutdownFollowerState(121)) - 09ea8095-e0f7-4a15-a25f-71748f8d4e7f: shutdown FollowerState
2019-10-17 18:39:13,824 [Thread-711] INFO  impl.RaftServerImpl (RaftServerImpl.java:setRole(184)) - 09ea8095-e0f7-4a15-a25f-71748f8d4e7f@group-A236C1E6A57F: changes role from  FOLLOWER to CANDIDATE at term 20 for changeToCandidate
2019-10-17 18:39:13,824 [Thread-711] INFO  impl.RoleInfo (RoleInfo.java:updateAndGet(143)) - 09ea8095-e0f7-4a15-a25f-71748f8d4e7f: start LeaderElection
2019-10-17 18:39:13,839 [09ea8095-e0f7-4a15-a25f-71748f8d4e7f@group-A236C1E6A57F-LeaderElection26] INFO  impl.LeaderElection (LeaderElection.java:askForVotes(178)) - 09ea8095-e0f7-4a15-a25f-71748f8d4e7f@group-A236C1E6A57F-LeaderElection26: begin an election at term 21 for 1: [7b069786-c4de-4177-a49c-78057d3e7b27:192.168.157.251:46071, 0d68154c-bc1a-4b17-bcf5-90972ecdd7ac:192.168.157.251:40580, 09ea8095-e0f7-4a15-a25f-71748f8d4e7f:192.168.157.251:43128], old=null
2019-10-17 18:39:13,842 [grpc-default-executor-4] INFO  impl.RaftServerImpl (RaftServerImpl.java:setRole(184)) - 7b069786-c4de-4177-a49c-78057d3e7b27@group-A236C1E6A57F: changes role from  FOLLOWER to FOLLOWER at term 21 for recognizeCandidate:09ea8095-e0f7-4a15-a25f-71748f8d4e7f
2019-10-17 18:39:13,842 [grpc-default-executor-4] INFO  impl.RoleInfo (RoleInfo.java:shutdownFollowerState(121)) - 7b069786-c4de-4177-a49c-78057d3e7b27: shutdown FollowerState
2019-10-17 18:39:13,842 [grpc-default-executor-4] INFO  impl.RoleInfo (RoleInfo.java:updateAndGet(143)) - 7b069786-c4de-4177-a49c-78057d3e7b27: start FollowerState
2019-10-17 18:39:13,842 [Thread-709] INFO  impl.FollowerState (FollowerState.java:run(117)) - 7b069786-c4de-4177-a49c-78057d3e7b27@group-A236C1E6A57F-FollowerState was interrupted: java.lang.InterruptedException: sleep interrupted
2019-10-17 18:39:13,843 [grpc-default-executor-5] INFO  impl.RaftServerImpl (RaftServerImpl.java:setRole(184)) - 0d68154c-bc1a-4b17-bcf5-90972ecdd7ac@group-A236C1E6A57F: changes role from  FOLLOWER to FOLLOWER at term 21 for recognizeCandidate:09ea8095-e0f7-4a15-a25f-71748f8d4e7f
2019-10-17 18:39:13,844 [grpc-default-executor-5] INFO  impl.RoleInfo (RoleInfo.java:shutdownFollowerState(121)) - 0d68154c-bc1a-4b17-bcf5-90972ecdd7ac: shutdown FollowerState
2019-10-17 18:39:13,844 [Thread-710] INFO  impl.FollowerState (FollowerState.java:run(117)) - 0d68154c-bc1a-4b17-bcf5-90972ecdd7ac@group-A236C1E6A57F-FollowerState was interrupted: java.lang.InterruptedException: sleep interrupted
2019-10-17 18:39:13,844 [grpc-default-executor-5] INFO  impl.RoleInfo (RoleInfo.java:updateAndGet(143)) - 0d68154c-bc1a-4b17-bcf5-90972ecdd7ac: start FollowerState
2019-10-17 18:39:13,858 [09ea8095-e0f7-4a15-a25f-71748f8d4e7f@group-A236C1E6A57F-LeaderElection26] INFO  impl.LeaderElection (LeaderElection.java:logAndReturn(56)) - 09ea8095-e0f7-4a15-a25f-71748f8d4e7f@group-A236C1E6A57F-LeaderElection26: Election REJECTED; received 2 response(s) [09ea8095-e0f7-4a15-a25f-71748f8d4e7f<-7b069786-c4de-4177-a49c-78057d3e7b27#0:FAIL-t21, 09ea8095-e0f7-4a15-a25f-71748f8d4e7f<-0d68154c-bc1a-4b17-bcf5-90972ecdd7ac#0:FAIL-t21] and 0 exception(s); 09ea8095-e0f7-4a15-a25f-71748f8d4e7f@group-A236C1E6A57F:t21, leader=null, voted=09ea8095-e0f7-4a15-a25f-71748f8d4e7f, raftlog=09ea8095-e0f7-4a15-a25f-71748f8d4e7f@group-A236C1E6A57F-SegmentedRaftLog:OPENED:c5,f6,i6, conf=1: [7b069786-c4de-4177-a49c-78057d3e7b27:192.168.157.251:46071, 0d68154c-bc1a-4b17-bcf5-90972ecdd7ac:192.168.157.251:40580, 09ea8095-e0f7-4a15-a25f-71748f8d4e7f:192.168.157.251:43128], old=null
2019-10-17 18:39:13,858 [09ea8095-e0f7-4a15-a25f-71748f8d4e7f@group-A236C1E6A57F-LeaderElection26] INFO  impl.RaftServerImpl (RaftServerImpl.java:setRole(184)) - 09ea8095-e0f7-4a15-a25f-71748f8d4e7f@group-A236C1E6A57F: changes role from CANDIDATE to FOLLOWER at term 21 for DISCOVERED_A_NEW_TERM
2019-10-17 18:39:13,859 [09ea8095-e0f7-4a15-a25f-71748f8d4e7f@group-A236C1E6A57F-LeaderElection26] INFO  impl.RoleInfo (RoleInfo.java:shutdownLeaderElection(134)) - 09ea8095-e0f7-4a15-a25f-71748f8d4e7f: shutdown LeaderElection
2019-10-17 18:39:13,859 [09ea8095-e0f7-4a15-a25f-71748f8d4e7f@group-A236C1E6A57F-LeaderElection26] INFO  impl.RoleInfo (RoleInfo.java:updateAndGet(143)) - 09ea8095-e0f7-4a15-a25f-71748f8d4e7f: start FollowerState
2019-10-17 18:39:13,917 [EventQueue-PendingDeleteStatusForPendingDeleteHandler] INFO  block.SCMBlockDeletingService (SCMBlockDeletingService.java:handlePendingDeletes(115)) - Block deletion txnID mismatch in datanode 09ea8095-e0f7-4a15-a25f-71748f8d4e7f for containerID 1. Datanode delete txnID: 0, SCM txnID: 1
2019-10-17 18:39:13,955 [Thread-717] INFO  impl.FollowerState (FollowerState.java:run(108)) - 09ea8095-e0f7-4a15-a25f-71748f8d4e7f@group-A236C1E6A57F-FollowerState: change to CANDIDATE, lastRpcTime:96ms, electionTimeout:96ms
2019-10-17 18:39:13,955 [Thread-717] INFO  impl.RoleInfo (RoleInfo.java:shutdownFollowerState(121)) - 09ea8095-e0f7-4a15-a25f-71748f8d4e7f: shutdown FollowerState
2019-10-17 18:39:13,955 [Thread-717] INFO  impl.RaftServerImpl (RaftServerImpl.java:setRole(184)) - 09ea8095-e0f7-4a15-a25f-71748f8d4e7f@group-A236C1E6A57F: changes role from  FOLLOWER to CANDIDATE at term 21 for changeToCandidate
2019-10-17 18:39:13,956 [Thread-717] INFO  impl.RoleInfo (RoleInfo.java:updateAndGet(143)) - 09ea8095-e0f7-4a15-a25f-71748f8d4e7f: start LeaderElection
2019-10-17 18:39:13,969 [09ea8095-e0f7-4a15-a25f-71748f8d4e7f@group-A236C1E6A57F-LeaderElection27] INFO  impl.LeaderElection (LeaderElection.java:askForVotes(178)) - 09ea8095-e0f7-4a15-a25f-71748f8d4e7f@group-A236C1E6A57F-LeaderElection27: begin an election at term 22 for 1: [7b069786-c4de-4177-a49c-78057d3e7b27:192.168.157.251:46071, 0d68154c-bc1a-4b17-bcf5-90972ecdd7ac:192.168.157.251:40580, 09ea8095-e0f7-4a15-a25f-71748f8d4e7f:192.168.157.251:43128], old=null
2019-10-17 18:39:13,972 [grpc-default-executor-5] INFO  impl.RaftServerImpl (RaftServerImpl.java:setRole(184)) - 7b069786-c4de-4177-a49c-78057d3e7b27@group-A236C1E6A57F: changes role from  FOLLOWER to FOLLOWER at term 22 for recognizeCandidate:09ea8095-e0f7-4a15-a25f-71748f8d4e7f
2019-10-17 18:39:13,972 [grpc-default-executor-5] INFO  impl.RoleInfo (RoleInfo.java:shutdownFollowerState(121)) - 7b069786-c4de-4177-a49c-78057d3e7b27: shutdown FollowerState
2019-10-17 18:39:13,972 [grpc-default-executor-4] INFO  impl.RaftServerImpl (RaftServerImpl.java:setRole(184)) - 0d68154c-bc1a-4b17-bcf5-90972ecdd7ac@group-A236C1E6A57F: changes role from  FOLLOWER to FOLLOWER at term 22 for recognizeCandidate:09ea8095-e0f7-4a15-a25f-71748f8d4e7f
2019-10-17 18:39:13,973 [grpc-default-executor-5] INFO  impl.RoleInfo (RoleInfo.java:updateAndGet(143)) - 7b069786-c4de-4177-a49c-78057d3e7b27: start FollowerState
2019-10-17 18:39:13,972 [Thread-715] INFO  impl.FollowerState (FollowerState.java:run(117)) - 7b069786-c4de-4177-a49c-78057d3e7b27@group-A236C1E6A57F-FollowerState was interrupted: java.lang.InterruptedException: sleep interrupted
2019-10-17 18:39:13,973 [grpc-default-executor-4] INFO  impl.RoleInfo (RoleInfo.java:shutdownFollowerState(121)) - 0d68154c-bc1a-4b17-bcf5-90972ecdd7ac: shutdown FollowerState
2019-10-17 18:39:13,974 [grpc-default-executor-4] INFO  impl.RoleInfo (RoleInfo.java:updateAndGet(143)) - 0d68154c-bc1a-4b17-bcf5-90972ecdd7ac: start FollowerState
2019-10-17 18:39:13,974 [Thread-716] INFO  impl.FollowerState (FollowerState.java:run(117)) - 0d68154c-bc1a-4b17-bcf5-90972ecdd7ac@group-A236C1E6A57F-FollowerState was interrupted: java.lang.InterruptedException: sleep interrupted
2019-10-17 18:39:13,989 [09ea8095-e0f7-4a15-a25f-71748f8d4e7f@group-A236C1E6A57F-LeaderElection27] INFO  impl.LeaderElection (LeaderElection.java:logAndReturn(56)) - 09ea8095-e0f7-4a15-a25f-71748f8d4e7f@group-A236C1E6A57F-LeaderElection27: Election REJECTED; received 2 response(s) [09ea8095-e0f7-4a15-a25f-71748f8d4e7f<-7b069786-c4de-4177-a49c-78057d3e7b27#0:FAIL-t22, 09ea8095-e0f7-4a15-a25f-71748f8d4e7f<-0d68154c-bc1a-4b17-bcf5-90972ecdd7ac#0:FAIL-t22] and 0 exception(s); 09ea8095-e0f7-4a15-a25f-71748f8d4e7f@group-A236C1E6A57F:t22, leader=null, voted=09ea8095-e0f7-4a15-a25f-71748f8d4e7f, raftlog=09ea8095-e0f7-4a15-a25f-71748f8d4e7f@group-A236C1E6A57F-SegmentedRaftLog:OPENED:c5,f6,i6, conf=1: [7b069786-c4de-4177-a49c-78057d3e7b27:192.168.157.251:46071, 0d68154c-bc1a-4b17-bcf5-90972ecdd7ac:192.168.157.251:40580, 09ea8095-e0f7-4a15-a25f-71748f8d4e7f:192.168.157.251:43128], old=null
2019-10-17 18:39:13,989 [09ea8095-e0f7-4a15-a25f-71748f8d4e7f@group-A236C1E6A57F-LeaderElection27] INFO  impl.RaftServerImpl (RaftServerImpl.java:setRole(184)) - 09ea8095-e0f7-4a15-a25f-71748f8d4e7f@group-A236C1E6A57F: changes role from CANDIDATE to FOLLOWER at term 22 for DISCOVERED_A_NEW_TERM
2019-10-17 18:39:13,989 [09ea8095-e0f7-4a15-a25f-71748f8d4e7f@group-A236C1E6A57F-LeaderElection27] INFO  impl.RoleInfo (RoleInfo.java:shutdownLeaderElection(134)) - 09ea8095-e0f7-4a15-a25f-71748f8d4e7f: shutdown LeaderElection
2019-10-17 18:39:13,989 [09ea8095-e0f7-4a15-a25f-71748f8d4e7f@group-A236C1E6A57F-LeaderElection27] INFO  impl.RoleInfo (RoleInfo.java:updateAndGet(143)) - 09ea8095-e0f7-4a15-a25f-71748f8d4e7f: start FollowerState
2019-10-17 18:39:14,032 [Thread-724] INFO  impl.FollowerState (FollowerState.java:run(108)) - 09ea8095-e0f7-4a15-a25f-71748f8d4e7f@group-A236C1E6A57F-FollowerState: change to CANDIDATE, lastRpcTime:42ms, electionTimeout:42ms
2019-10-17 18:39:14,033 [Thread-724] INFO  impl.RoleInfo (RoleInfo.java:shutdownFollowerState(121)) - 09ea8095-e0f7-4a15-a25f-71748f8d4e7f: shutdown FollowerState
2019-10-17 18:39:14,033 [Thread-724] INFO  impl.RaftServerImpl (RaftServerImpl.java:setRole(184)) - 09ea8095-e0f7-4a15-a25f-71748f8d4e7f@group-A236C1E6A57F: changes role from  FOLLOWER to CANDIDATE at term 22 for changeToCandidate
2019-10-17 18:39:14,033 [Thread-724] INFO  impl.RoleInfo (RoleInfo.java:updateAndGet(143)) - 09ea8095-e0f7-4a15-a25f-71748f8d4e7f: start LeaderElection
2019-10-17 18:39:14,048 [09ea8095-e0f7-4a15-a25f-71748f8d4e7f@group-A236C1E6A57F-LeaderElection28] INFO  impl.LeaderElection (LeaderElection.java:askForVotes(178)) - 09ea8095-e0f7-4a15-a25f-71748f8d4e7f@group-A236C1E6A57F-LeaderElection28: begin an election at term 23 for 1: [7b069786-c4de-4177-a49c-78057d3e7b27:192.168.157.251:46071, 0d68154c-bc1a-4b17-bcf5-90972ecdd7ac:192.168.157.251:40580, 09ea8095-e0f7-4a15-a25f-71748f8d4e7f:192.168.157.251:43128], old=null
2019-10-17 18:39:14,050 [grpc-default-executor-5] INFO  impl.RaftServerImpl (RaftServerImpl.java:setRole(184)) - 7b069786-c4de-4177-a49c-78057d3e7b27@group-A236C1E6A57F: changes role from  FOLLOWER to FOLLOWER at term 23 for recognizeCandidate:09ea8095-e0f7-4a15-a25f-71748f8d4e7f
2019-10-17 18:39:14,050 [grpc-default-executor-4] INFO  impl.RaftServerImpl (RaftServerImpl.java:setRole(184)) - 0d68154c-bc1a-4b17-bcf5-90972ecdd7ac@group-A236C1E6A57F: changes role from  FOLLOWER to FOLLOWER at term 23 for recognizeCandidate:09ea8095-e0f7-4a15-a25f-71748f8d4e7f
2019-10-17 18:39:14,051 [grpc-default-executor-4] INFO  impl.RoleInfo (RoleInfo.java:shutdownFollowerState(121)) - 0d68154c-bc1a-4b17-bcf5-90972ecdd7ac: shutdown FollowerState
2019-10-17 18:39:14,051 [grpc-default-executor-5] INFO  impl.RoleInfo (RoleInfo.java:shutdownFollowerState(121)) - 7b069786-c4de-4177-a49c-78057d3e7b27: shutdown FollowerState
2019-10-17 18:39:14,051 [Thread-723] INFO  impl.FollowerState (FollowerState.java:run(117)) - 0d68154c-bc1a-4b17-bcf5-90972ecdd7ac@group-A236C1E6A57F-FollowerState was interrupted: java.lang.InterruptedException: sleep interrupted
2019-10-17 18:39:14,051 [Thread-722] INFO  impl.FollowerState (FollowerState.java:run(117)) - 7b069786-c4de-4177-a49c-78057d3e7b27@group-A236C1E6A57F-FollowerState was interrupted: java.lang.InterruptedException: sleep interrupted
2019-10-17 18:39:14,051 [grpc-default-executor-4] INFO  impl.RoleInfo (RoleInfo.java:updateAndGet(143)) - 0d68154c-bc1a-4b17-bcf5-90972ecdd7ac: start FollowerState
2019-10-17 18:39:14,051 [grpc-default-executor-5] INFO  impl.RoleInfo (RoleInfo.java:updateAndGet(143)) - 7b069786-c4de-4177-a49c-78057d3e7b27: start FollowerState
2019-10-17 18:39:14,067 [09ea8095-e0f7-4a15-a25f-71748f8d4e7f@group-A236C1E6A57F-LeaderElection28] INFO  impl.LeaderElection (LeaderElection.java:logAndReturn(56)) - 09ea8095-e0f7-4a15-a25f-71748f8d4e7f@group-A236C1E6A57F-LeaderElection28: Election REJECTED; received 2 response(s) [09ea8095-e0f7-4a15-a25f-71748f8d4e7f<-7b069786-c4de-4177-a49c-78057d3e7b27#0:FAIL-t23, 09ea8095-e0f7-4a15-a25f-71748f8d4e7f<-0d68154c-bc1a-4b17-bcf5-90972ecdd7ac#0:FAIL-t23] and 0 exception(s); 09ea8095-e0f7-4a15-a25f-71748f8d4e7f@group-A236C1E6A57F:t23, leader=null, voted=09ea8095-e0f7-4a15-a25f-71748f8d4e7f, raftlog=09ea8095-e0f7-4a15-a25f-71748f8d4e7f@group-A236C1E6A57F-SegmentedRaftLog:OPENED:c5,f6,i6, conf=1: [7b069786-c4de-4177-a49c-78057d3e7b27:192.168.157.251:46071, 0d68154c-bc1a-4b17-bcf5-90972ecdd7ac:192.168.157.251:40580, 09ea8095-e0f7-4a15-a25f-71748f8d4e7f:192.168.157.251:43128], old=null
2019-10-17 18:39:14,067 [09ea8095-e0f7-4a15-a25f-71748f8d4e7f@group-A236C1E6A57F-LeaderElection28] INFO  impl.RaftServerImpl (RaftServerImpl.java:setRole(184)) - 09ea8095-e0f7-4a15-a25f-71748f8d4e7f@group-A236C1E6A57F: changes role from CANDIDATE to FOLLOWER at term 23 for DISCOVERED_A_NEW_TERM
2019-10-17 18:39:14,067 [09ea8095-e0f7-4a15-a25f-71748f8d4e7f@group-A236C1E6A57F-LeaderElection28] INFO  impl.RoleInfo (RoleInfo.java:shutdownLeaderElection(134)) - 09ea8095-e0f7-4a15-a25f-71748f8d4e7f: shutdown LeaderElection
2019-10-17 18:39:14,068 [09ea8095-e0f7-4a15-a25f-71748f8d4e7f@group-A236C1E6A57F-LeaderElection28] INFO  impl.RoleInfo (RoleInfo.java:updateAndGet(143)) - 09ea8095-e0f7-4a15-a25f-71748f8d4e7f: start FollowerState
2019-10-17 18:39:14,098 [Thread-730] INFO  impl.FollowerState (FollowerState.java:run(108)) - 09ea8095-e0f7-4a15-a25f-71748f8d4e7f@group-A236C1E6A57F-FollowerState: change to CANDIDATE, lastRpcTime:30ms, electionTimeout:30ms
2019-10-17 18:39:14,099 [Thread-730] INFO  impl.RoleInfo (RoleInfo.java:shutdownFollowerState(121)) - 09ea8095-e0f7-4a15-a25f-71748f8d4e7f: shutdown FollowerState
2019-10-17 18:39:14,099 [Thread-730] INFO  impl.RaftServerImpl (RaftServerImpl.java:setRole(184)) - 09ea8095-e0f7-4a15-a25f-71748f8d4e7f@group-A236C1E6A57F: changes role from  FOLLOWER to CANDIDATE at term 23 for changeToCandidate
2019-10-17 18:39:14,099 [Thread-730] INFO  impl.RoleInfo (RoleInfo.java:updateAndGet(143)) - 09ea8095-e0f7-4a15-a25f-71748f8d4e7f: start LeaderElection
2019-10-17 18:39:14,117 [09ea8095-e0f7-4a15-a25f-71748f8d4e7f@group-A236C1E6A57F-LeaderElection29] INFO  impl.LeaderElection (LeaderElection.java:askForVotes(178)) - 09ea8095-e0f7-4a15-a25f-71748f8d4e7f@group-A236C1E6A57F-LeaderElection29: begin an election at term 24 for 1: [7b069786-c4de-4177-a49c-78057d3e7b27:192.168.157.251:46071, 0d68154c-bc1a-4b17-bcf5-90972ecdd7ac:192.168.157.251:40580, 09ea8095-e0f7-4a15-a25f-71748f8d4e7f:192.168.157.251:43128], old=null
2019-10-17 18:39:14,119 [pool-7-thread-2] INFO  commands.RetriableDatanodeEventWatcher (RetriableDatanodeEventWatcher.java:onTimeout(47)) - RetriableDatanodeCommand type=deleteBlocksCommand with id=1571337549088 timed out. Retrying.
2019-10-17 18:39:14,119 [pool-7-thread-3] INFO  commands.RetriableDatanodeEventWatcher (RetriableDatanodeEventWatcher.java:onTimeout(47)) - RetriableDatanodeCommand type=deleteBlocksCommand with id=1571337549092 timed out. Retrying.
2019-10-17 18:39:14,119 [pool-7-thread-1] INFO  commands.RetriableDatanodeEventWatcher (RetriableDatanodeEventWatcher.java:onTimeout(47)) - RetriableDatanodeCommand type=deleteBlocksCommand with id=1571337549091 timed out. Retrying.
2019-10-17 18:39:14,120 [pool-7-thread-4] INFO  commands.RetriableDatanodeEventWatcher (RetriableDatanodeEventWatcher.java:onTimeout(47)) - RetriableDatanodeCommand type=deleteBlocksCommand with id=1571337549093 timed out. Retrying.
2019-10-17 18:39:14,120 [grpc-default-executor-5] INFO  impl.RaftServerImpl (RaftServerImpl.java:setRole(184)) - 7b069786-c4de-4177-a49c-78057d3e7b27@group-A236C1E6A57F: changes role from  FOLLOWER to FOLLOWER at term 24 for recognizeCandidate:09ea8095-e0f7-4a15-a25f-71748f8d4e7f
2019-10-17 18:39:14,120 [grpc-default-executor-4] INFO  impl.RaftServerImpl (RaftServerImpl.java:setRole(184)) - 0d68154c-bc1a-4b17-bcf5-90972ecdd7ac@group-A236C1E6A57F: changes role from  FOLLOWER to FOLLOWER at term 24 for recognizeCandidate:09ea8095-e0f7-4a15-a25f-71748f8d4e7f
2019-10-17 18:39:14,120 [grpc-default-executor-5] INFO  impl.RoleInfo (RoleInfo.java:shutdownFollowerState(121)) - 7b069786-c4de-4177-a49c-78057d3e7b27: shutdown FollowerState
2019-10-17 18:39:14,120 [grpc-default-executor-4] INFO  impl.RoleInfo (RoleInfo.java:shutdownFollowerState(121)) - 0d68154c-bc1a-4b17-bcf5-90972ecdd7ac: shutdown FollowerState
2019-10-17 18:39:14,120 [Thread-729] INFO  impl.FollowerState (FollowerState.java:run(117)) - 7b069786-c4de-4177-a49c-78057d3e7b27@group-A236C1E6A57F-FollowerState was interrupted: java.lang.InterruptedException: sleep interrupted
2019-10-17 18:39:14,120 [grpc-default-executor-5] INFO  impl.RoleInfo (RoleInfo.java:updateAndGet(143)) - 7b069786-c4de-4177-a49c-78057d3e7b27: start FollowerState
2019-10-17 18:39:14,120 [Thread-728] INFO  impl.FollowerState (FollowerState.java:run(117)) - 0d68154c-bc1a-4b17-bcf5-90972ecdd7ac@group-A236C1E6A57F-FollowerState was interrupted: java.lang.InterruptedException: sleep interrupted
2019-10-17 18:39:14,120 [grpc-default-executor-4] INFO  impl.RoleInfo (RoleInfo.java:updateAndGet(143)) - 0d68154c-bc1a-4b17-bcf5-90972ecdd7ac: start FollowerState
2019-10-17 18:39:14,122 [pool-7-thread-4] INFO  commands.RetriableDatanodeEventWatcher (RetriableDatanodeEventWatcher.java:onTimeout(47)) - RetriableDatanodeCommand type=deleteBlocksCommand with id=1571337549094 timed out. Retrying.
2019-10-17 18:39:14,124 [SCMBlockDeletingService#0] INFO  block.SCMBlockDeletingService (SCMBlockDeletingService.java:call(184)) - Totally added 1 delete blocks command for 1 datanodes, task elapsed time: 1ms
2019-10-17 18:39:14,135 [09ea8095-e0f7-4a15-a25f-71748f8d4e7f@group-A236C1E6A57F-LeaderElection29] INFO  impl.LeaderElection (LeaderElection.java:logAndReturn(56)) - 09ea8095-e0f7-4a15-a25f-71748f8d4e7f@group-A236C1E6A57F-LeaderElection29: Election REJECTED; received 2 response(s) [09ea8095-e0f7-4a15-a25f-71748f8d4e7f<-7b069786-c4de-4177-a49c-78057d3e7b27#0:FAIL-t24, 09ea8095-e0f7-4a15-a25f-71748f8d4e7f<-0d68154c-bc1a-4b17-bcf5-90972ecdd7ac#0:FAIL-t24] and 0 exception(s); 09ea8095-e0f7-4a15-a25f-71748f8d4e7f@group-A236C1E6A57F:t24, leader=null, voted=09ea8095-e0f7-4a15-a25f-71748f8d4e7f, raftlog=09ea8095-e0f7-4a15-a25f-71748f8d4e7f@group-A236C1E6A57F-SegmentedRaftLog:OPENED:c5,f6,i6, conf=1: [7b069786-c4de-4177-a49c-78057d3e7b27:192.168.157.251:46071, 0d68154c-bc1a-4b17-bcf5-90972ecdd7ac:192.168.157.251:40580, 09ea8095-e0f7-4a15-a25f-71748f8d4e7f:192.168.157.251:43128], old=null
2019-10-17 18:39:14,136 [09ea8095-e0f7-4a15-a25f-71748f8d4e7f@group-A236C1E6A57F-LeaderElection29] INFO  impl.RaftServerImpl (RaftServerImpl.java:setRole(184)) - 09ea8095-e0f7-4a15-a25f-71748f8d4e7f@group-A236C1E6A57F: changes role from CANDIDATE to FOLLOWER at term 24 for DISCOVERED_A_NEW_TERM
2019-10-17 18:39:14,136 [09ea8095-e0f7-4a15-a25f-71748f8d4e7f@group-A236C1E6A57F-LeaderElection29] INFO  impl.RoleInfo (RoleInfo.java:shutdownLeaderElection(134)) - 09ea8095-e0f7-4a15-a25f-71748f8d4e7f: shutdown LeaderElection
2019-10-17 18:39:14,136 [09ea8095-e0f7-4a15-a25f-71748f8d4e7f@group-A236C1E6A57F-LeaderElection29] INFO  impl.RoleInfo (RoleInfo.java:updateAndGet(143)) - 09ea8095-e0f7-4a15-a25f-71748f8d4e7f: start FollowerState
2019-10-17 18:39:14,150 [Thread-736] INFO  impl.FollowerState (FollowerState.java:run(108)) - 09ea8095-e0f7-4a15-a25f-71748f8d4e7f@group-A236C1E6A57F-FollowerState: change to CANDIDATE, lastRpcTime:14ms, electionTimeout:14ms
2019-10-17 18:39:14,151 [Thread-736] INFO  impl.RoleInfo (RoleInfo.java:shutdownFollowerState(121)) - 09ea8095-e0f7-4a15-a25f-71748f8d4e7f: shutdown FollowerState
2019-10-17 18:39:14,152 [Thread-736] INFO  impl.RaftServerImpl (RaftServerImpl.java:setRole(184)) - 09ea8095-e0f7-4a15-a25f-71748f8d4e7f@group-A236C1E6A57F: changes role from  FOLLOWER to CANDIDATE at term 24 for changeToCandidate
2019-10-17 18:39:14,152 [Thread-736] INFO  impl.RoleInfo (RoleInfo.java:updateAndGet(143)) - 09ea8095-e0f7-4a15-a25f-71748f8d4e7f: start LeaderElection
2019-10-17 18:39:14,154 [Thread-739] INFO  client.GrpcClientProtocolService (GrpcClientProtocolService.java:lambda$processClientRequest$0(278)) - Failed RaftClientRequest:client-79966ACA1C67->0d68154c-bc1a-4b17-bcf5-90972ecdd7ac@group-A236C1E6A57F, cid=10, seq=0, Watch-ALL_COMMITTED(8), Message:<EMPTY>, reply=RaftClientReply:client-79966ACA1C67->0d68154c-bc1a-4b17-bcf5-90972ecdd7ac@group-A236C1E6A57F, cid=10, FAILED org.apache.ratis.protocol.NotLeaderException: Server 0d68154c-bc1a-4b17-bcf5-90972ecdd7ac@group-A236C1E6A57F is not the leader, logIndex=0, commits[0d68154c-bc1a-4b17-bcf5-90972ecdd7ac:c12, 7b069786-c4de-4177-a49c-78057d3e7b27:c12, 09ea8095-e0f7-4a15-a25f-71748f8d4e7f:c6]
2019-10-17 18:39:14,165 [09ea8095-e0f7-4a15-a25f-71748f8d4e7f@group-A236C1E6A57F-LeaderElection30] INFO  impl.LeaderElection (LeaderElection.java:askForVotes(178)) - 09ea8095-e0f7-4a15-a25f-71748f8d4e7f@group-A236C1E6A57F-LeaderElection30: begin an election at term 25 for 1: [7b069786-c4de-4177-a49c-78057d3e7b27:192.168.157.251:46071, 0d68154c-bc1a-4b17-bcf5-90972ecdd7ac:192.168.157.251:40580, 09ea8095-e0f7-4a15-a25f-71748f8d4e7f:192.168.157.251:43128], old=null
2019-10-17 18:39:14,168 [grpc-default-executor-4] INFO  impl.RaftServerImpl (RaftServerImpl.java:setRole(184)) - 7b069786-c4de-4177-a49c-78057d3e7b27@group-A236C1E6A57F: changes role from  FOLLOWER to FOLLOWER at term 25 for recognizeCandidate:09ea8095-e0f7-4a15-a25f-71748f8d4e7f
2019-10-17 18:39:14,169 [grpc-default-executor-4] INFO  impl.RoleInfo (RoleInfo.java:shutdownFollowerState(121)) - 7b069786-c4de-4177-a49c-78057d3e7b27: shutdown FollowerState
2019-10-17 18:39:14,169 [Thread-734] INFO  impl.FollowerState (FollowerState.java:run(117)) - 7b069786-c4de-4177-a49c-78057d3e7b27@group-A236C1E6A57F-FollowerState was interrupted: java.lang.InterruptedException: sleep interrupted
2019-10-17 18:39:14,169 [grpc-default-executor-4] INFO  impl.RoleInfo (RoleInfo.java:updateAndGet(143)) - 7b069786-c4de-4177-a49c-78057d3e7b27: start FollowerState
2019-10-17 18:39:14,169 [grpc-default-executor-5] INFO  impl.RaftServerImpl (RaftServerImpl.java:setRole(184)) - 0d68154c-bc1a-4b17-bcf5-90972ecdd7ac@group-A236C1E6A57F: changes role from  FOLLOWER to FOLLOWER at term 25 for recognizeCandidate:09ea8095-e0f7-4a15-a25f-71748f8d4e7f
2019-10-17 18:39:14,169 [grpc-default-executor-5] INFO  impl.RoleInfo (RoleInfo.java:shutdownFollowerState(121)) - 0d68154c-bc1a-4b17-bcf5-90972ecdd7ac: shutdown FollowerState
2019-10-17 18:39:14,170 [Thread-735] INFO  impl.FollowerState (FollowerState.java:run(117)) - 0d68154c-bc1a-4b17-bcf5-90972ecdd7ac@group-A236C1E6A57F-FollowerState was interrupted: java.lang.InterruptedException: sleep interrupted
2019-10-17 18:39:14,170 [grpc-default-executor-5] INFO  impl.RoleInfo (RoleInfo.java:updateAndGet(143)) - 0d68154c-bc1a-4b17-bcf5-90972ecdd7ac: start FollowerState
2019-10-17 18:39:14,184 [09ea8095-e0f7-4a15-a25f-71748f8d4e7f@group-A236C1E6A57F-LeaderElection30] INFO  impl.LeaderElection (LeaderElection.java:logAndReturn(56)) - 09ea8095-e0f7-4a15-a25f-71748f8d4e7f@group-A236C1E6A57F-LeaderElection30: Election REJECTED; received 2 response(s) [09ea8095-e0f7-4a15-a25f-71748f8d4e7f<-7b069786-c4de-4177-a49c-78057d3e7b27#0:FAIL-t25, 09ea8095-e0f7-4a15-a25f-71748f8d4e7f<-0d68154c-bc1a-4b17-bcf5-90972ecdd7ac#0:FAIL-t25] and 0 exception(s); 09ea8095-e0f7-4a15-a25f-71748f8d4e7f@group-A236C1E6A57F:t25, leader=null, voted=09ea8095-e0f7-4a15-a25f-71748f8d4e7f, raftlog=09ea8095-e0f7-4a15-a25f-71748f8d4e7f@group-A236C1E6A57F-SegmentedRaftLog:OPENED:c5,f6,i6, conf=1: [7b069786-c4de-4177-a49c-78057d3e7b27:192.168.157.251:46071, 0d68154c-bc1a-4b17-bcf5-90972ecdd7ac:192.168.157.251:40580, 09ea8095-e0f7-4a15-a25f-71748f8d4e7f:192.168.157.251:43128], old=null
2019-10-17 18:39:14,185 [09ea8095-e0f7-4a15-a25f-71748f8d4e7f@group-A236C1E6A57F-LeaderElection30] INFO  impl.RaftServerImpl (RaftServerImpl.java:setRole(184)) - 09ea8095-e0f7-4a15-a25f-71748f8d4e7f@group-A236C1E6A57F: changes role from CANDIDATE to FOLLOWER at term 25 for DISCOVERED_A_NEW_TERM
2019-10-17 18:39:14,185 [09ea8095-e0f7-4a15-a25f-71748f8d4e7f@group-A236C1E6A57F-LeaderElection30] INFO  impl.RoleInfo (RoleInfo.java:shutdownLeaderElection(134)) - 09ea8095-e0f7-4a15-a25f-71748f8d4e7f: shutdown LeaderElection
2019-10-17 18:39:14,185 [09ea8095-e0f7-4a15-a25f-71748f8d4e7f@group-A236C1E6A57F-LeaderElection30] INFO  impl.RoleInfo (RoleInfo.java:updateAndGet(143)) - 09ea8095-e0f7-4a15-a25f-71748f8d4e7f: start FollowerState
2019-10-17 18:39:14,195 [BlockDeletingService#2] WARN  background.BlockDeletingService (BlockDeletingService.java:isDeletionAllowed(187)) - Close Container log Index 8 is not replicated across allthe servers in the pipeline f5073bd3-c80c-4957-9a7f-a236c1e6a57f as the min replicated index is 6. Deletion is not allowed in this container yet.
2019-10-17 18:39:14,197 [BlockDeletingService#2] WARN  background.BlockDeletingService (BlockDeletingService.java:isDeletionAllowed(187)) - Close Container log Index 8 is not replicated across allthe servers in the pipeline f5073bd3-c80c-4957-9a7f-a236c1e6a57f as the min replicated index is 6. Deletion is not allowed in this container yet.
2019-10-17 18:39:14,223 [Thread-745] INFO  impl.FollowerState (FollowerState.java:run(108)) - 09ea8095-e0f7-4a15-a25f-71748f8d4e7f@group-A236C1E6A57F-FollowerState: change to CANDIDATE, lastRpcTime:38ms, electionTimeout:38ms
2019-10-17 18:39:14,223 [Thread-745] INFO  impl.RoleInfo (RoleInfo.java:shutdownFollowerState(121)) - 09ea8095-e0f7-4a15-a25f-71748f8d4e7f: shutdown FollowerState
2019-10-17 18:39:14,223 [Thread-745] INFO  impl.RaftServerImpl (RaftServerImpl.java:setRole(184)) - 09ea8095-e0f7-4a15-a25f-71748f8d4e7f@group-A236C1E6A57F: changes role from  FOLLOWER to CANDIDATE at term 25 for changeToCandidate
2019-10-17 18:39:14,224 [Thread-745] INFO  impl.RoleInfo (RoleInfo.java:updateAndGet(143)) - 09ea8095-e0f7-4a15-a25f-71748f8d4e7f: start LeaderElection
2019-10-17 18:39:14,237 [09ea8095-e0f7-4a15-a25f-71748f8d4e7f@group-A236C1E6A57F-LeaderElection31] INFO  impl.LeaderElection (LeaderElection.java:askForVotes(178)) - 09ea8095-e0f7-4a15-a25f-71748f8d4e7f@group-A236C1E6A57F-LeaderElection31: begin an election at term 26 for 1: [7b069786-c4de-4177-a49c-78057d3e7b27:192.168.157.251:46071, 0d68154c-bc1a-4b17-bcf5-90972ecdd7ac:192.168.157.251:40580, 09ea8095-e0f7-4a15-a25f-71748f8d4e7f:192.168.157.251:43128], old=null
2019-10-17 18:39:14,239 [grpc-default-executor-4] INFO  impl.RaftServerImpl (RaftServerImpl.java:setRole(184)) - 7b069786-c4de-4177-a49c-78057d3e7b27@group-A236C1E6A57F: changes role from  FOLLOWER to FOLLOWER at term 26 for recognizeCandidate:09ea8095-e0f7-4a15-a25f-71748f8d4e7f
2019-10-17 18:39:14,240 [grpc-default-executor-4] INFO  impl.RoleInfo (RoleInfo.java:shutdownFollowerState(121)) - 7b069786-c4de-4177-a49c-78057d3e7b27: shutdown FollowerState
2019-10-17 18:39:14,240 [grpc-default-executor-5] INFO  impl.RaftServerImpl (RaftServerImpl.java:setRole(184)) - 0d68154c-bc1a-4b17-bcf5-90972ecdd7ac@group-A236C1E6A57F: changes role from  FOLLOWER to FOLLOWER at term 26 for recognizeCandidate:09ea8095-e0f7-4a15-a25f-71748f8d4e7f
2019-10-17 18:39:14,240 [Thread-743] INFO  impl.FollowerState (FollowerState.java:run(117)) - 7b069786-c4de-4177-a49c-78057d3e7b27@group-A236C1E6A57F-FollowerState was interrupted: java.lang.InterruptedException: sleep interrupted
2019-10-17 18:39:14,240 [grpc-default-executor-4] INFO  impl.RoleInfo (RoleInfo.java:updateAndGet(143)) - 7b069786-c4de-4177-a49c-78057d3e7b27: start FollowerState
2019-10-17 18:39:14,240 [grpc-default-executor-5] INFO  impl.RoleInfo (RoleInfo.java:shutdownFollowerState(121)) - 0d68154c-bc1a-4b17-bcf5-90972ecdd7ac: shutdown FollowerState
2019-10-17 18:39:14,240 [Thread-744] INFO  impl.FollowerState (FollowerState.java:run(117)) - 0d68154c-bc1a-4b17-bcf5-90972ecdd7ac@group-A236C1E6A57F-FollowerState was interrupted: java.lang.InterruptedException: sleep interrupted
2019-10-17 18:39:14,240 [grpc-default-executor-5] INFO  impl.RoleInfo (RoleInfo.java:updateAndGet(143)) - 0d68154c-bc1a-4b17-bcf5-90972ecdd7ac: start FollowerState
2019-10-17 18:39:14,256 [09ea8095-e0f7-4a15-a25f-71748f8d4e7f@group-A236C1E6A57F-LeaderElection31] INFO  impl.LeaderElection (LeaderElection.java:logAndReturn(56)) - 09ea8095-e0f7-4a15-a25f-71748f8d4e7f@group-A236C1E6A57F-LeaderElection31: Election REJECTED; received 2 response(s) [09ea8095-e0f7-4a15-a25f-71748f8d4e7f<-7b069786-c4de-4177-a49c-78057d3e7b27#0:FAIL-t26, 09ea8095-e0f7-4a15-a25f-71748f8d4e7f<-0d68154c-bc1a-4b17-bcf5-90972ecdd7ac#0:FAIL-t26] and 0 exception(s); 09ea8095-e0f7-4a15-a25f-71748f8d4e7f@group-A236C1E6A57F:t26, leader=null, voted=09ea8095-e0f7-4a15-a25f-71748f8d4e7f, raftlog=09ea8095-e0f7-4a15-a25f-71748f8d4e7f@group-A236C1E6A57F-SegmentedRaftLog:OPENED:c5,f6,i6, conf=1: [7b069786-c4de-4177-a49c-78057d3e7b27:192.168.157.251:46071, 0d68154c-bc1a-4b17-bcf5-90972ecdd7ac:192.168.157.251:40580, 09ea8095-e0f7-4a15-a25f-71748f8d4e7f:192.168.157.251:43128], old=null
2019-10-17 18:39:14,256 [09ea8095-e0f7-4a15-a25f-71748f8d4e7f@group-A236C1E6A57F-LeaderElection31] INFO  impl.RaftServerImpl (RaftServerImpl.java:setRole(184)) - 09ea8095-e0f7-4a15-a25f-71748f8d4e7f@group-A236C1E6A57F: changes role from CANDIDATE to FOLLOWER at term 26 for DISCOVERED_A_NEW_TERM
2019-10-17 18:39:14,256 [09ea8095-e0f7-4a15-a25f-71748f8d4e7f@group-A236C1E6A57F-LeaderElection31] INFO  impl.RoleInfo (RoleInfo.java:shutdownLeaderElection(134)) - 09ea8095-e0f7-4a15-a25f-71748f8d4e7f: shutdown LeaderElection
2019-10-17 18:39:14,256 [09ea8095-e0f7-4a15-a25f-71748f8d4e7f@group-A236C1E6A57F-LeaderElection31] INFO  impl.RoleInfo (RoleInfo.java:updateAndGet(143)) - 09ea8095-e0f7-4a15-a25f-71748f8d4e7f: start FollowerState
2019-10-17 18:39:14,383 [Thread-753] INFO  impl.FollowerState (FollowerState.java:run(108)) - 09ea8095-e0f7-4a15-a25f-71748f8d4e7f@group-A236C1E6A57F-FollowerState: change to CANDIDATE, lastRpcTime:126ms, electionTimeout:126ms
2019-10-17 18:39:14,385 [Thread-753] INFO  impl.RoleInfo (RoleInfo.java:shutdownFollowerState(121)) - 09ea8095-e0f7-4a15-a25f-71748f8d4e7f: shutdown FollowerState
2019-10-17 18:39:14,385 [Thread-753] INFO  impl.RaftServerImpl (RaftServerImpl.java:setRole(184)) - 09ea8095-e0f7-4a15-a25f-71748f8d4e7f@group-A236C1E6A57F: changes role from  FOLLOWER to CANDIDATE at term 26 for changeToCandidate
2019-10-17 18:39:14,385 [Thread-753] INFO  impl.RoleInfo (RoleInfo.java:updateAndGet(143)) - 09ea8095-e0f7-4a15-a25f-71748f8d4e7f: start LeaderElection
2019-10-17 18:39:14,412 [09ea8095-e0f7-4a15-a25f-71748f8d4e7f@group-A236C1E6A57F-LeaderElection32] INFO  impl.LeaderElection (LeaderElection.java:askForVotes(178)) - 09ea8095-e0f7-4a15-a25f-71748f8d4e7f@group-A236C1E6A57F-LeaderElection32: begin an election at term 27 for 1: [7b069786-c4de-4177-a49c-78057d3e7b27:192.168.157.251:46071, 0d68154c-bc1a-4b17-bcf5-90972ecdd7ac:192.168.157.251:40580, 09ea8095-e0f7-4a15-a25f-71748f8d4e7f:192.168.157.251:43128], old=null
2019-10-17 18:39:14,415 [grpc-default-executor-5] INFO  impl.RaftServerImpl (RaftServerImpl.java:setRole(184)) - 0d68154c-bc1a-4b17-bcf5-90972ecdd7ac@group-A236C1E6A57F: changes role from  FOLLOWER to FOLLOWER at term 27 for recognizeCandidate:09ea8095-e0f7-4a15-a25f-71748f8d4e7f
2019-10-17 18:39:14,415 [grpc-default-executor-5] INFO  impl.RoleInfo (RoleInfo.java:shutdownFollowerState(121)) - 0d68154c-bc1a-4b17-bcf5-90972ecdd7ac: shutdown FollowerState
2019-10-17 18:39:14,416 [grpc-default-executor-5] INFO  impl.RoleInfo (RoleInfo.java:updateAndGet(143)) - 0d68154c-bc1a-4b17-bcf5-90972ecdd7ac: start FollowerState
2019-10-17 18:39:14,416 [grpc-default-executor-4] INFO  impl.RaftServerImpl (RaftServerImpl.java:setRole(184)) - 7b069786-c4de-4177-a49c-78057d3e7b27@group-A236C1E6A57F: changes role from  FOLLOWER to FOLLOWER at term 27 for recognizeCandidate:09ea8095-e0f7-4a15-a25f-71748f8d4e7f
2019-10-17 18:39:14,416 [Thread-752] INFO  impl.FollowerState (FollowerState.java:run(117)) - 0d68154c-bc1a-4b17-bcf5-90972ecdd7ac@group-A236C1E6A57F-FollowerState was interrupted: java.lang.InterruptedException: sleep interrupted
2019-10-17 18:39:14,416 [grpc-default-executor-4] INFO  impl.RoleInfo (RoleInfo.java:shutdownFollowerState(121)) - 7b069786-c4de-4177-a49c-78057d3e7b27: shutdown FollowerState
2019-10-17 18:39:14,416 [Thread-751] INFO  impl.FollowerState (FollowerState.java:run(117)) - 7b069786-c4de-4177-a49c-78057d3e7b27@group-A236C1E6A57F-FollowerState was interrupted: java.lang.InterruptedException: sleep interrupted
2019-10-17 18:39:14,416 [grpc-default-executor-4] INFO  impl.RoleInfo (RoleInfo.java:updateAndGet(143)) - 7b069786-c4de-4177-a49c-78057d3e7b27: start FollowerState
2019-10-17 18:39:14,456 [09ea8095-e0f7-4a15-a25f-71748f8d4e7f@group-A236C1E6A57F-LeaderElection32] INFO  impl.LeaderElection (LeaderElection.java:logAndReturn(56)) - 09ea8095-e0f7-4a15-a25f-71748f8d4e7f@group-A236C1E6A57F-LeaderElection32: Election REJECTED; received 2 response(s) [09ea8095-e0f7-4a15-a25f-71748f8d4e7f<-7b069786-c4de-4177-a49c-78057d3e7b27#0:FAIL-t27, 09ea8095-e0f7-4a15-a25f-71748f8d4e7f<-0d68154c-bc1a-4b17-bcf5-90972ecdd7ac#0:FAIL-t27] and 0 exception(s); 09ea8095-e0f7-4a15-a25f-71748f8d4e7f@group-A236C1E6A57F:t27, leader=null, voted=09ea8095-e0f7-4a15-a25f-71748f8d4e7f, raftlog=09ea8095-e0f7-4a15-a25f-71748f8d4e7f@group-A236C1E6A57F-SegmentedRaftLog:OPENED:c5,f6,i6, conf=1: [7b069786-c4de-4177-a49c-78057d3e7b27:192.168.157.251:46071, 0d68154c-bc1a-4b17-bcf5-90972ecdd7ac:192.168.157.251:40580, 09ea8095-e0f7-4a15-a25f-71748f8d4e7f:192.168.157.251:43128], old=null
2019-10-17 18:39:14,456 [09ea8095-e0f7-4a15-a25f-71748f8d4e7f@group-A236C1E6A57F-LeaderElection32] INFO  impl.RaftServerImpl (RaftServerImpl.java:setRole(184)) - 09ea8095-e0f7-4a15-a25f-71748f8d4e7f@group-A236C1E6A57F: changes role from CANDIDATE to FOLLOWER at term 27 for DISCOVERED_A_NEW_TERM
2019-10-17 18:39:14,456 [09ea8095-e0f7-4a15-a25f-71748f8d4e7f@group-A236C1E6A57F-LeaderElection32] INFO  impl.RoleInfo (RoleInfo.java:shutdownLeaderElection(134)) - 09ea8095-e0f7-4a15-a25f-71748f8d4e7f: shutdown LeaderElection
2019-10-17 18:39:14,456 [09ea8095-e0f7-4a15-a25f-71748f8d4e7f@group-A236C1E6A57F-LeaderElection32] INFO  impl.RoleInfo (RoleInfo.java:updateAndGet(143)) - 09ea8095-e0f7-4a15-a25f-71748f8d4e7f: start FollowerState
2019-10-17 18:39:14,610 [Thread-759] INFO  impl.FollowerState (FollowerState.java:run(108)) - 09ea8095-e0f7-4a15-a25f-71748f8d4e7f@group-A236C1E6A57F-FollowerState: change to CANDIDATE, lastRpcTime:153ms, electionTimeout:153ms
2019-10-17 18:39:14,612 [Thread-759] INFO  impl.RoleInfo (RoleInfo.java:shutdownFollowerState(121)) - 09ea8095-e0f7-4a15-a25f-71748f8d4e7f: shutdown FollowerState
2019-10-17 18:39:14,612 [Thread-759] INFO  impl.RaftServerImpl (RaftServerImpl.java:setRole(184)) - 09ea8095-e0f7-4a15-a25f-71748f8d4e7f@group-A236C1E6A57F: changes role from  FOLLOWER to CANDIDATE at term 27 for changeToCandidate
2019-10-17 18:39:14,612 [Thread-759] INFO  impl.RoleInfo (RoleInfo.java:updateAndGet(143)) - 09ea8095-e0f7-4a15-a25f-71748f8d4e7f: start LeaderElection
2019-10-17 18:39:14,620 [09ea8095-e0f7-4a15-a25f-71748f8d4e7f@group-A236C1E6A57F-LeaderElection33] INFO  impl.LeaderElection (LeaderElection.java:askForVotes(178)) - 09ea8095-e0f7-4a15-a25f-71748f8d4e7f@group-A236C1E6A57F-LeaderElection33: begin an election at term 28 for 1: [7b069786-c4de-4177-a49c-78057d3e7b27:192.168.157.251:46071, 0d68154c-bc1a-4b17-bcf5-90972ecdd7ac:192.168.157.251:40580, 09ea8095-e0f7-4a15-a25f-71748f8d4e7f:192.168.157.251:43128], old=null
2019-10-17 18:39:14,623 [grpc-default-executor-5] INFO  impl.RaftServerImpl (RaftServerImpl.java:setRole(184)) - 7b069786-c4de-4177-a49c-78057d3e7b27@group-A236C1E6A57F: changes role from  FOLLOWER to FOLLOWER at term 28 for recognizeCandidate:09ea8095-e0f7-4a15-a25f-71748f8d4e7f
2019-10-17 18:39:14,623 [grpc-default-executor-5] INFO  impl.RoleInfo (RoleInfo.java:shutdownFollowerState(121)) - 7b069786-c4de-4177-a49c-78057d3e7b27: shutdown FollowerState
2019-10-17 18:39:14,624 [grpc-default-executor-5] INFO  impl.RoleInfo (RoleInfo.java:updateAndGet(143)) - 7b069786-c4de-4177-a49c-78057d3e7b27: start FollowerState
2019-10-17 18:39:14,624 [Thread-758] INFO  impl.FollowerState (FollowerState.java:run(117)) - 7b069786-c4de-4177-a49c-78057d3e7b27@group-A236C1E6A57F-FollowerState was interrupted: java.lang.InterruptedException: sleep interrupted
2019-10-17 18:39:14,624 [grpc-default-executor-4] INFO  impl.RaftServerImpl (RaftServerImpl.java:setRole(184)) - 0d68154c-bc1a-4b17-bcf5-90972ecdd7ac@group-A236C1E6A57F: changes role from  FOLLOWER to FOLLOWER at term 28 for recognizeCandidate:09ea8095-e0f7-4a15-a25f-71748f8d4e7f
2019-10-17 18:39:14,624 [grpc-default-executor-4] INFO  impl.RoleInfo (RoleInfo.java:shutdownFollowerState(121)) - 0d68154c-bc1a-4b17-bcf5-90972ecdd7ac: shutdown FollowerState
2019-10-17 18:39:14,624 [Thread-757] INFO  impl.FollowerState (FollowerState.java:run(117)) - 0d68154c-bc1a-4b17-bcf5-90972ecdd7ac@group-A236C1E6A57F-FollowerState was interrupted: java.lang.InterruptedException: sleep interrupted
2019-10-17 18:39:14,624 [grpc-default-executor-4] INFO  impl.RoleInfo (RoleInfo.java:updateAndGet(143)) - 0d68154c-bc1a-4b17-bcf5-90972ecdd7ac: start FollowerState
2019-10-17 18:39:14,638 [09ea8095-e0f7-4a15-a25f-71748f8d4e7f@group-A236C1E6A57F-LeaderElection33] INFO  impl.LeaderElection (LeaderElection.java:logAndReturn(56)) - 09ea8095-e0f7-4a15-a25f-71748f8d4e7f@group-A236C1E6A57F-LeaderElection33: Election REJECTED; received 2 response(s) [09ea8095-e0f7-4a15-a25f-71748f8d4e7f<-7b069786-c4de-4177-a49c-78057d3e7b27#0:FAIL-t28, 09ea8095-e0f7-4a15-a25f-71748f8d4e7f<-0d68154c-bc1a-4b17-bcf5-90972ecdd7ac#0:FAIL-t28] and 0 exception(s); 09ea8095-e0f7-4a15-a25f-71748f8d4e7f@group-A236C1E6A57F:t28, leader=null, voted=09ea8095-e0f7-4a15-a25f-71748f8d4e7f, raftlog=09ea8095-e0f7-4a15-a25f-71748f8d4e7f@group-A236C1E6A57F-SegmentedRaftLog:OPENED:c5,f6,i6, conf=1: [7b069786-c4de-4177-a49c-78057d3e7b27:192.168.157.251:46071, 0d68154c-bc1a-4b17-bcf5-90972ecdd7ac:192.168.157.251:40580, 09ea8095-e0f7-4a15-a25f-71748f8d4e7f:192.168.157.251:43128], old=null
2019-10-17 18:39:14,639 [09ea8095-e0f7-4a15-a25f-71748f8d4e7f@group-A236C1E6A57F-LeaderElection33] INFO  impl.RaftServerImpl (RaftServerImpl.java:setRole(184)) - 09ea8095-e0f7-4a15-a25f-71748f8d4e7f@group-A236C1E6A57F: changes role from CANDIDATE to FOLLOWER at term 28 for DISCOVERED_A_NEW_TERM
2019-10-17 18:39:14,639 [09ea8095-e0f7-4a15-a25f-71748f8d4e7f@group-A236C1E6A57F-LeaderElection33] INFO  impl.RoleInfo (RoleInfo.java:shutdownLeaderElection(134)) - 09ea8095-e0f7-4a15-a25f-71748f8d4e7f: shutdown LeaderElection
2019-10-17 18:39:14,639 [09ea8095-e0f7-4a15-a25f-71748f8d4e7f@group-A236C1E6A57F-LeaderElection33] INFO  impl.RoleInfo (RoleInfo.java:updateAndGet(143)) - 09ea8095-e0f7-4a15-a25f-71748f8d4e7f: start FollowerState
2019-10-17 18:39:14,701 [Thread-765] INFO  impl.FollowerState (FollowerState.java:run(108)) - 09ea8095-e0f7-4a15-a25f-71748f8d4e7f@group-A236C1E6A57F-FollowerState: change to CANDIDATE, lastRpcTime:62ms, electionTimeout:62ms
2019-10-17 18:39:14,703 [Thread-765] INFO  impl.RoleInfo (RoleInfo.java:shutdownFollowerState(121)) - 09ea8095-e0f7-4a15-a25f-71748f8d4e7f: shutdown FollowerState
2019-10-17 18:39:14,703 [Thread-765] INFO  impl.RaftServerImpl (RaftServerImpl.java:setRole(184)) - 09ea8095-e0f7-4a15-a25f-71748f8d4e7f@group-A236C1E6A57F: changes role from  FOLLOWER to CANDIDATE at term 28 for changeToCandidate
2019-10-17 18:39:14,703 [Thread-765] INFO  impl.RoleInfo (RoleInfo.java:updateAndGet(143)) - 09ea8095-e0f7-4a15-a25f-71748f8d4e7f: start LeaderElection
2019-10-17 18:39:14,717 [09ea8095-e0f7-4a15-a25f-71748f8d4e7f@group-A236C1E6A57F-LeaderElection34] INFO  impl.LeaderElection (LeaderElection.java:askForVotes(178)) - 09ea8095-e0f7-4a15-a25f-71748f8d4e7f@group-A236C1E6A57F-LeaderElection34: begin an election at term 29 for 1: [7b069786-c4de-4177-a49c-78057d3e7b27:192.168.157.251:46071, 0d68154c-bc1a-4b17-bcf5-90972ecdd7ac:192.168.157.251:40580, 09ea8095-e0f7-4a15-a25f-71748f8d4e7f:192.168.157.251:43128], old=null
2019-10-17 18:39:14,720 [grpc-default-executor-4] INFO  impl.RaftServerImpl (RaftServerImpl.java:setRole(184)) - 7b069786-c4de-4177-a49c-78057d3e7b27@group-A236C1E6A57F: changes role from  FOLLOWER to FOLLOWER at term 29 for recognizeCandidate:09ea8095-e0f7-4a15-a25f-71748f8d4e7f
2019-10-17 18:39:14,720 [grpc-default-executor-4] INFO  impl.RoleInfo (RoleInfo.java:shutdownFollowerState(121)) - 7b069786-c4de-4177-a49c-78057d3e7b27: shutdown FollowerState
2019-10-17 18:39:14,720 [grpc-default-executor-5] INFO  impl.RaftServerImpl (RaftServerImpl.java:setRole(184)) - 0d68154c-bc1a-4b17-bcf5-90972ecdd7ac@group-A236C1E6A57F: changes role from  FOLLOWER to FOLLOWER at term 29 for recognizeCandidate:09ea8095-e0f7-4a15-a25f-71748f8d4e7f
2019-10-17 18:39:14,720 [Thread-763] INFO  impl.FollowerState (FollowerState.java:run(117)) - 7b069786-c4de-4177-a49c-78057d3e7b27@group-A236C1E6A57F-FollowerState was interrupted: java.lang.InterruptedException: sleep interrupted
2019-10-17 18:39:14,720 [grpc-default-executor-4] INFO  impl.RoleInfo (RoleInfo.java:updateAndGet(143)) - 7b069786-c4de-4177-a49c-78057d3e7b27: start FollowerState
2019-10-17 18:39:14,720 [grpc-default-executor-5] INFO  impl.RoleInfo (RoleInfo.java:shutdownFollowerState(121)) - 0d68154c-bc1a-4b17-bcf5-90972ecdd7ac: shutdown FollowerState
2019-10-17 18:39:14,721 [grpc-default-executor-5] INFO  impl.RoleInfo (RoleInfo.java:updateAndGet(143)) - 0d68154c-bc1a-4b17-bcf5-90972ecdd7ac: start FollowerState
2019-10-17 18:39:14,721 [Thread-764] INFO  impl.FollowerState (FollowerState.java:run(117)) - 0d68154c-bc1a-4b17-bcf5-90972ecdd7ac@group-A236C1E6A57F-FollowerState was interrupted: java.lang.InterruptedException: sleep interrupted
2019-10-17 18:39:14,735 [09ea8095-e0f7-4a15-a25f-71748f8d4e7f@group-A236C1E6A57F-LeaderElection34] INFO  impl.LeaderElection (LeaderElection.java:logAndReturn(56)) - 09ea8095-e0f7-4a15-a25f-71748f8d4e7f@group-A236C1E6A57F-LeaderElection34: Election REJECTED; received 2 response(s) [09ea8095-e0f7-4a15-a25f-71748f8d4e7f<-7b069786-c4de-4177-a49c-78057d3e7b27#0:FAIL-t29, 09ea8095-e0f7-4a15-a25f-71748f8d4e7f<-0d68154c-bc1a-4b17-bcf5-90972ecdd7ac#0:FAIL-t29] and 0 exception(s); 09ea8095-e0f7-4a15-a25f-71748f8d4e7f@group-A236C1E6A57F:t29, leader=null, voted=09ea8095-e0f7-4a15-a25f-71748f8d4e7f, raftlog=09ea8095-e0f7-4a15-a25f-71748f8d4e7f@group-A236C1E6A57F-SegmentedRaftLog:OPENED:c5,f6,i6, conf=1: [7b069786-c4de-4177-a49c-78057d3e7b27:192.168.157.251:46071, 0d68154c-bc1a-4b17-bcf5-90972ecdd7ac:192.168.157.251:40580, 09ea8095-e0f7-4a15-a25f-71748f8d4e7f:192.168.157.251:43128], old=null
2019-10-17 18:39:14,736 [09ea8095-e0f7-4a15-a25f-71748f8d4e7f@group-A236C1E6A57F-LeaderElection34] INFO  impl.RaftServerImpl (RaftServerImpl.java:setRole(184)) - 09ea8095-e0f7-4a15-a25f-71748f8d4e7f@group-A236C1E6A57F: changes role from CANDIDATE to FOLLOWER at term 29 for DISCOVERED_A_NEW_TERM
2019-10-17 18:39:14,736 [09ea8095-e0f7-4a15-a25f-71748f8d4e7f@group-A236C1E6A57F-LeaderElection34] INFO  impl.RoleInfo (RoleInfo.java:shutdownLeaderElection(134)) - 09ea8095-e0f7-4a15-a25f-71748f8d4e7f: shutdown LeaderElection
2019-10-17 18:39:14,736 [09ea8095-e0f7-4a15-a25f-71748f8d4e7f@group-A236C1E6A57F-LeaderElection34] INFO  impl.RoleInfo (RoleInfo.java:updateAndGet(143)) - 09ea8095-e0f7-4a15-a25f-71748f8d4e7f: start FollowerState
2019-10-17 18:39:14,761 [Thread-771] INFO  impl.FollowerState (FollowerState.java:run(108)) - 09ea8095-e0f7-4a15-a25f-71748f8d4e7f@group-A236C1E6A57F-FollowerState: change to CANDIDATE, lastRpcTime:25ms, electionTimeout:25ms
2019-10-17 18:39:14,762 [Thread-771] INFO  impl.RoleInfo (RoleInfo.java:shutdownFollowerState(121)) - 09ea8095-e0f7-4a15-a25f-71748f8d4e7f: shutdown FollowerState
2019-10-17 18:39:14,762 [Thread-771] INFO  impl.RaftServerImpl (RaftServerImpl.java:setRole(184)) - 09ea8095-e0f7-4a15-a25f-71748f8d4e7f@group-A236C1E6A57F: changes role from  FOLLOWER to CANDIDATE at term 29 for changeToCandidate
2019-10-17 18:39:14,762 [Thread-771] INFO  impl.RoleInfo (RoleInfo.java:updateAndGet(143)) - 09ea8095-e0f7-4a15-a25f-71748f8d4e7f: start LeaderElection
2019-10-17 18:39:14,776 [09ea8095-e0f7-4a15-a25f-71748f8d4e7f@group-A236C1E6A57F-LeaderElection35] INFO  impl.LeaderElection (LeaderElection.java:askForVotes(178)) - 09ea8095-e0f7-4a15-a25f-71748f8d4e7f@group-A236C1E6A57F-LeaderElection35: begin an election at term 30 for 1: [7b069786-c4de-4177-a49c-78057d3e7b27:192.168.157.251:46071, 0d68154c-bc1a-4b17-bcf5-90972ecdd7ac:192.168.157.251:40580, 09ea8095-e0f7-4a15-a25f-71748f8d4e7f:192.168.157.251:43128], old=null
2019-10-17 18:39:14,778 [grpc-default-executor-5] INFO  impl.RaftServerImpl (RaftServerImpl.java:setRole(184)) - 7b069786-c4de-4177-a49c-78057d3e7b27@group-A236C1E6A57F: changes role from  FOLLOWER to FOLLOWER at term 30 for recognizeCandidate:09ea8095-e0f7-4a15-a25f-71748f8d4e7f
2019-10-17 18:39:14,778 [grpc-default-executor-5] INFO  impl.RoleInfo (RoleInfo.java:shutdownFollowerState(121)) - 7b069786-c4de-4177-a49c-78057d3e7b27: shutdown FollowerState
2019-10-17 18:39:14,778 [Thread-769] INFO  impl.FollowerState (FollowerState.java:run(117)) - 7b069786-c4de-4177-a49c-78057d3e7b27@group-A236C1E6A57F-FollowerState was interrupted: java.lang.InterruptedException: sleep interrupted
2019-10-17 18:39:14,778 [grpc-default-executor-4] INFO  impl.RaftServerImpl (RaftServerImpl.java:setRole(184)) - 0d68154c-bc1a-4b17-bcf5-90972ecdd7ac@group-A236C1E6A57F: changes role from  FOLLOWER to FOLLOWER at term 30 for recognizeCandidate:09ea8095-e0f7-4a15-a25f-71748f8d4e7f
2019-10-17 18:39:14,778 [grpc-default-executor-5] INFO  impl.RoleInfo (RoleInfo.java:updateAndGet(143)) - 7b069786-c4de-4177-a49c-78057d3e7b27: start FollowerState
2019-10-17 18:39:14,779 [grpc-default-executor-4] INFO  impl.RoleInfo (RoleInfo.java:shutdownFollowerState(121)) - 0d68154c-bc1a-4b17-bcf5-90972ecdd7ac: shutdown FollowerState
2019-10-17 18:39:14,779 [Thread-770] INFO  impl.FollowerState (FollowerState.java:run(117)) - 0d68154c-bc1a-4b17-bcf5-90972ecdd7ac@group-A236C1E6A57F-FollowerState was interrupted: java.lang.InterruptedException: sleep interrupted
2019-10-17 18:39:14,779 [grpc-default-executor-4] INFO  impl.RoleInfo (RoleInfo.java:updateAndGet(143)) - 0d68154c-bc1a-4b17-bcf5-90972ecdd7ac: start FollowerState
2019-10-17 18:39:14,793 [09ea8095-e0f7-4a15-a25f-71748f8d4e7f@group-A236C1E6A57F-LeaderElection35] INFO  impl.LeaderElection (LeaderElection.java:logAndReturn(56)) - 09ea8095-e0f7-4a15-a25f-71748f8d4e7f@group-A236C1E6A57F-LeaderElection35: Election REJECTED; received 2 response(s) [09ea8095-e0f7-4a15-a25f-71748f8d4e7f<-7b069786-c4de-4177-a49c-78057d3e7b27#0:FAIL-t30, 09ea8095-e0f7-4a15-a25f-71748f8d4e7f<-0d68154c-bc1a-4b17-bcf5-90972ecdd7ac#0:FAIL-t30] and 0 exception(s); 09ea8095-e0f7-4a15-a25f-71748f8d4e7f@group-A236C1E6A57F:t30, leader=null, voted=09ea8095-e0f7-4a15-a25f-71748f8d4e7f, raftlog=09ea8095-e0f7-4a15-a25f-71748f8d4e7f@group-A236C1E6A57F-SegmentedRaftLog:OPENED:c5,f6,i6, conf=1: [7b069786-c4de-4177-a49c-78057d3e7b27:192.168.157.251:46071, 0d68154c-bc1a-4b17-bcf5-90972ecdd7ac:192.168.157.251:40580, 09ea8095-e0f7-4a15-a25f-71748f8d4e7f:192.168.157.251:43128], old=null
2019-10-17 18:39:14,794 [09ea8095-e0f7-4a15-a25f-71748f8d4e7f@group-A236C1E6A57F-LeaderElection35] INFO  impl.RaftServerImpl (RaftServerImpl.java:setRole(184)) - 09ea8095-e0f7-4a15-a25f-71748f8d4e7f@group-A236C1E6A57F: changes role from CANDIDATE to FOLLOWER at term 30 for DISCOVERED_A_NEW_TERM
2019-10-17 18:39:14,794 [09ea8095-e0f7-4a15-a25f-71748f8d4e7f@group-A236C1E6A57F-LeaderElection35] INFO  impl.RoleInfo (RoleInfo.java:shutdownLeaderElection(134)) - 09ea8095-e0f7-4a15-a25f-71748f8d4e7f: shutdown LeaderElection
2019-10-17 18:39:14,794 [09ea8095-e0f7-4a15-a25f-71748f8d4e7f@group-A236C1E6A57F-LeaderElection35] INFO  impl.RoleInfo (RoleInfo.java:updateAndGet(143)) - 09ea8095-e0f7-4a15-a25f-71748f8d4e7f: start FollowerState
2019-10-17 18:39:14,865 [Thread-777] INFO  impl.FollowerState (FollowerState.java:run(108)) - 09ea8095-e0f7-4a15-a25f-71748f8d4e7f@group-A236C1E6A57F-FollowerState: change to CANDIDATE, lastRpcTime:71ms, electionTimeout:71ms
2019-10-17 18:39:14,866 [Thread-777] INFO  impl.RoleInfo (RoleInfo.java:shutdownFollowerState(121)) - 09ea8095-e0f7-4a15-a25f-71748f8d4e7f: shutdown FollowerState
2019-10-17 18:39:14,867 [Thread-777] INFO  impl.RaftServerImpl (RaftServerImpl.java:setRole(184)) - 09ea8095-e0f7-4a15-a25f-71748f8d4e7f@group-A236C1E6A57F: changes role from  FOLLOWER to CANDIDATE at term 30 for changeToCandidate
2019-10-17 18:39:14,867 [Thread-777] INFO  impl.RoleInfo (RoleInfo.java:updateAndGet(143)) - 09ea8095-e0f7-4a15-a25f-71748f8d4e7f: start LeaderElection
2019-10-17 18:39:14,880 [09ea8095-e0f7-4a15-a25f-71748f8d4e7f@group-A236C1E6A57F-LeaderElection36] INFO  impl.LeaderElection (LeaderElection.java:askForVotes(178)) - 09ea8095-e0f7-4a15-a25f-71748f8d4e7f@group-A236C1E6A57F-LeaderElection36: begin an election at term 31 for 1: [7b069786-c4de-4177-a49c-78057d3e7b27:192.168.157.251:46071, 0d68154c-bc1a-4b17-bcf5-90972ecdd7ac:192.168.157.251:40580, 09ea8095-e0f7-4a15-a25f-71748f8d4e7f:192.168.157.251:43128], old=null
2019-10-17 18:39:14,882 [grpc-default-executor-4] INFO  impl.RaftServerImpl (RaftServerImpl.java:setRole(184)) - 0d68154c-bc1a-4b17-bcf5-90972ecdd7ac@group-A236C1E6A57F: changes role from  FOLLOWER to FOLLOWER at term 31 for recognizeCandidate:09ea8095-e0f7-4a15-a25f-71748f8d4e7f
2019-10-17 18:39:14,882 [grpc-default-executor-5] INFO  impl.RaftServerImpl (RaftServerImpl.java:setRole(184)) - 7b069786-c4de-4177-a49c-78057d3e7b27@group-A236C1E6A57F: changes role from  FOLLOWER to FOLLOWER at term 31 for recognizeCandidate:09ea8095-e0f7-4a15-a25f-71748f8d4e7f
2019-10-17 18:39:14,883 [grpc-default-executor-4] INFO  impl.RoleInfo (RoleInfo.java:shutdownFollowerState(121)) - 0d68154c-bc1a-4b17-bcf5-90972ecdd7ac: shutdown FollowerState
2019-10-17 18:39:14,883 [grpc-default-executor-5] INFO  impl.RoleInfo (RoleInfo.java:shutdownFollowerState(121)) - 7b069786-c4de-4177-a49c-78057d3e7b27: shutdown FollowerState
2019-10-17 18:39:14,883 [grpc-default-executor-4] INFO  impl.RoleInfo (RoleInfo.java:updateAndGet(143)) - 0d68154c-bc1a-4b17-bcf5-90972ecdd7ac: start FollowerState
2019-10-17 18:39:14,883 [Thread-776] INFO  impl.FollowerState (FollowerState.java:run(117)) - 0d68154c-bc1a-4b17-bcf5-90972ecdd7ac@group-A236C1E6A57F-FollowerState was interrupted: java.lang.InterruptedException: sleep interrupted
2019-10-17 18:39:14,883 [grpc-default-executor-5] INFO  impl.RoleInfo (RoleInfo.java:updateAndGet(143)) - 7b069786-c4de-4177-a49c-78057d3e7b27: start FollowerState
2019-10-17 18:39:14,883 [Thread-775] INFO  impl.FollowerState (FollowerState.java:run(117)) - 7b069786-c4de-4177-a49c-78057d3e7b27@group-A236C1E6A57F-FollowerState was interrupted: java.lang.InterruptedException: sleep interrupted
2019-10-17 18:39:14,899 [09ea8095-e0f7-4a15-a25f-71748f8d4e7f@group-A236C1E6A57F-LeaderElection36] INFO  impl.LeaderElection (LeaderElection.java:logAndReturn(56)) - 09ea8095-e0f7-4a15-a25f-71748f8d4e7f@group-A236C1E6A57F-LeaderElection36: Election REJECTED; received 2 response(s) [09ea8095-e0f7-4a15-a25f-71748f8d4e7f<-7b069786-c4de-4177-a49c-78057d3e7b27#0:FAIL-t31, 09ea8095-e0f7-4a15-a25f-71748f8d4e7f<-0d68154c-bc1a-4b17-bcf5-90972ecdd7ac#0:FAIL-t31] and 0 exception(s); 09ea8095-e0f7-4a15-a25f-71748f8d4e7f@group-A236C1E6A57F:t31, leader=null, voted=09ea8095-e0f7-4a15-a25f-71748f8d4e7f, raftlog=09ea8095-e0f7-4a15-a25f-71748f8d4e7f@group-A236C1E6A57F-SegmentedRaftLog:OPENED:c5,f6,i6, conf=1: [7b069786-c4de-4177-a49c-78057d3e7b27:192.168.157.251:46071, 0d68154c-bc1a-4b17-bcf5-90972ecdd7ac:192.168.157.251:40580, 09ea8095-e0f7-4a15-a25f-71748f8d4e7f:192.168.157.251:43128], old=null
2019-10-17 18:39:14,899 [09ea8095-e0f7-4a15-a25f-71748f8d4e7f@group-A236C1E6A57F-LeaderElection36] INFO  impl.RaftServerImpl (RaftServerImpl.java:setRole(184)) - 09ea8095-e0f7-4a15-a25f-71748f8d4e7f@group-A236C1E6A57F: changes role from CANDIDATE to FOLLOWER at term 31 for DISCOVERED_A_NEW_TERM
2019-10-17 18:39:14,899 [09ea8095-e0f7-4a15-a25f-71748f8d4e7f@group-A236C1E6A57F-LeaderElection36] INFO  impl.RoleInfo (RoleInfo.java:shutdownLeaderElection(134)) - 09ea8095-e0f7-4a15-a25f-71748f8d4e7f: shutdown LeaderElection
2019-10-17 18:39:14,899 [09ea8095-e0f7-4a15-a25f-71748f8d4e7f@group-A236C1E6A57F-LeaderElection36] INFO  impl.RoleInfo (RoleInfo.java:updateAndGet(143)) - 09ea8095-e0f7-4a15-a25f-71748f8d4e7f: start FollowerState
2019-10-17 18:39:14,961 [Thread-783] INFO  impl.FollowerState (FollowerState.java:run(108)) - 09ea8095-e0f7-4a15-a25f-71748f8d4e7f@group-A236C1E6A57F-FollowerState: change to CANDIDATE, lastRpcTime:61ms, electionTimeout:61ms
2019-10-17 18:39:14,965 [Thread-783] INFO  impl.RoleInfo (RoleInfo.java:shutdownFollowerState(121)) - 09ea8095-e0f7-4a15-a25f-71748f8d4e7f: shutdown FollowerState
2019-10-17 18:39:14,965 [Thread-783] INFO  impl.RaftServerImpl (RaftServerImpl.java:setRole(184)) - 09ea8095-e0f7-4a15-a25f-71748f8d4e7f@group-A236C1E6A57F: changes role from  FOLLOWER to CANDIDATE at term 31 for changeToCandidate
2019-10-17 18:39:14,965 [Thread-783] INFO  impl.RoleInfo (RoleInfo.java:updateAndGet(143)) - 09ea8095-e0f7-4a15-a25f-71748f8d4e7f: start LeaderElection
2019-10-17 18:39:14,979 [09ea8095-e0f7-4a15-a25f-71748f8d4e7f@group-A236C1E6A57F-LeaderElection37] INFO  impl.LeaderElection (LeaderElection.java:askForVotes(178)) - 09ea8095-e0f7-4a15-a25f-71748f8d4e7f@group-A236C1E6A57F-LeaderElection37: begin an election at term 32 for 1: [7b069786-c4de-4177-a49c-78057d3e7b27:192.168.157.251:46071, 0d68154c-bc1a-4b17-bcf5-90972ecdd7ac:192.168.157.251:40580, 09ea8095-e0f7-4a15-a25f-71748f8d4e7f:192.168.157.251:43128], old=null
2019-10-17 18:39:14,982 [grpc-default-executor-4] INFO  impl.RaftServerImpl (RaftServerImpl.java:setRole(184)) - 7b069786-c4de-4177-a49c-78057d3e7b27@group-A236C1E6A57F: changes role from  FOLLOWER to FOLLOWER at term 32 for recognizeCandidate:09ea8095-e0f7-4a15-a25f-71748f8d4e7f
2019-10-17 18:39:14,982 [grpc-default-executor-4] INFO  impl.RoleInfo (RoleInfo.java:shutdownFollowerState(121)) - 7b069786-c4de-4177-a49c-78057d3e7b27: shutdown FollowerState
2019-10-17 18:39:14,982 [grpc-default-executor-4] INFO  impl.RoleInfo (RoleInfo.java:updateAndGet(143)) - 7b069786-c4de-4177-a49c-78057d3e7b27: start FollowerState
2019-10-17 18:39:14,982 [grpc-default-executor-5] INFO  impl.RaftServerImpl (RaftServerImpl.java:setRole(184)) - 0d68154c-bc1a-4b17-bcf5-90972ecdd7ac@group-A236C1E6A57F: changes role from  FOLLOWER to FOLLOWER at term 32 for recognizeCandidate:09ea8095-e0f7-4a15-a25f-71748f8d4e7f
2019-10-17 18:39:14,982 [Thread-782] INFO  impl.FollowerState (FollowerState.java:run(117)) - 7b069786-c4de-4177-a49c-78057d3e7b27@group-A236C1E6A57F-FollowerState was interrupted: java.lang.InterruptedException: sleep interrupted
2019-10-17 18:39:14,983 [grpc-default-executor-5] INFO  impl.RoleInfo (RoleInfo.java:shutdownFollowerState(121)) - 0d68154c-bc1a-4b17-bcf5-90972ecdd7ac: shutdown FollowerState
2019-10-17 18:39:14,983 [Thread-781] INFO  impl.FollowerState (FollowerState.java:run(117)) - 0d68154c-bc1a-4b17-bcf5-90972ecdd7ac@group-A236C1E6A57F-FollowerState was interrupted: java.lang.InterruptedException: sleep interrupted
2019-10-17 18:39:14,983 [grpc-default-executor-5] INFO  impl.RoleInfo (RoleInfo.java:updateAndGet(143)) - 0d68154c-bc1a-4b17-bcf5-90972ecdd7ac: start FollowerState
2019-10-17 18:39:14,984 [09ea8095-e0f7-4a15-a25f-71748f8d4e7f@group-A236C1E6A57F-LeaderElection37] INFO  impl.LeaderElection (LeaderElection.java:logAndReturn(56)) - 09ea8095-e0f7-4a15-a25f-71748f8d4e7f@group-A236C1E6A57F-LeaderElection37: Election TIMEOUT; received 0 response(s) [] and 0 exception(s); 09ea8095-e0f7-4a15-a25f-71748f8d4e7f@group-A236C1E6A57F:t32, leader=null, voted=09ea8095-e0f7-4a15-a25f-71748f8d4e7f, raftlog=09ea8095-e0f7-4a15-a25f-71748f8d4e7f@group-A236C1E6A57F-SegmentedRaftLog:OPENED:c5,f6,i6, conf=1: [7b069786-c4de-4177-a49c-78057d3e7b27:192.168.157.251:46071, 0d68154c-bc1a-4b17-bcf5-90972ecdd7ac:192.168.157.251:40580, 09ea8095-e0f7-4a15-a25f-71748f8d4e7f:192.168.157.251:43128], old=null
2019-10-17 18:39:14,996 [09ea8095-e0f7-4a15-a25f-71748f8d4e7f@group-A236C1E6A57F-LeaderElection37] INFO  impl.LeaderElection (LeaderElection.java:askForVotes(178)) - 09ea8095-e0f7-4a15-a25f-71748f8d4e7f@group-A236C1E6A57F-LeaderElection37: begin an election at term 33 for 1: [7b069786-c4de-4177-a49c-78057d3e7b27:192.168.157.251:46071, 0d68154c-bc1a-4b17-bcf5-90972ecdd7ac:192.168.157.251:40580, 09ea8095-e0f7-4a15-a25f-71748f8d4e7f:192.168.157.251:43128], old=null
2019-10-17 18:39:14,998 [grpc-default-executor-5] INFO  impl.RaftServerImpl (RaftServerImpl.java:setRole(184)) - 7b069786-c4de-4177-a49c-78057d3e7b27@group-A236C1E6A57F: changes role from  FOLLOWER to FOLLOWER at term 33 for recognizeCandidate:09ea8095-e0f7-4a15-a25f-71748f8d4e7f
2019-10-17 18:39:14,998 [grpc-default-executor-5] INFO  impl.RoleInfo (RoleInfo.java:shutdownFollowerState(121)) - 7b069786-c4de-4177-a49c-78057d3e7b27: shutdown FollowerState
2019-10-17 18:39:14,998 [grpc-default-executor-4] INFO  impl.RaftServerImpl (RaftServerImpl.java:setRole(184)) - 0d68154c-bc1a-4b17-bcf5-90972ecdd7ac@group-A236C1E6A57F: changes role from  FOLLOWER to FOLLOWER at term 33 for recognizeCandidate:09ea8095-e0f7-4a15-a25f-71748f8d4e7f
2019-10-17 18:39:14,998 [Thread-788] INFO  impl.FollowerState (FollowerState.java:run(117)) - 7b069786-c4de-4177-a49c-78057d3e7b27@group-A236C1E6A57F-FollowerState was interrupted: java.lang.InterruptedException: sleep interrupted
2019-10-17 18:39:14,998 [grpc-default-executor-5] INFO  impl.RoleInfo (RoleInfo.java:updateAndGet(143)) - 7b069786-c4de-4177-a49c-78057d3e7b27: start FollowerState
2019-10-17 18:39:14,998 [grpc-default-executor-4] INFO  impl.RoleInfo (RoleInfo.java:shutdownFollowerState(121)) - 0d68154c-bc1a-4b17-bcf5-90972ecdd7ac: shutdown FollowerState
2019-10-17 18:39:14,999 [Thread-789] INFO  impl.FollowerState (FollowerState.java:run(117)) - 0d68154c-bc1a-4b17-bcf5-90972ecdd7ac@group-A236C1E6A57F-FollowerState was interrupted: java.lang.InterruptedException: sleep interrupted
2019-10-17 18:39:14,999 [grpc-default-executor-4] INFO  impl.RoleInfo (RoleInfo.java:updateAndGet(143)) - 0d68154c-bc1a-4b17-bcf5-90972ecdd7ac: start FollowerState
2019-10-17 18:39:15,012 [09ea8095-e0f7-4a15-a25f-71748f8d4e7f@group-A236C1E6A57F-LeaderElection37] INFO  impl.LeaderElection (LeaderElection.java:logAndReturn(56)) - 09ea8095-e0f7-4a15-a25f-71748f8d4e7f@group-A236C1E6A57F-LeaderElection37: Election REJECTED; received 2 response(s) [09ea8095-e0f7-4a15-a25f-71748f8d4e7f<-7b069786-c4de-4177-a49c-78057d3e7b27#0:FAIL-t33, 09ea8095-e0f7-4a15-a25f-71748f8d4e7f<-0d68154c-bc1a-4b17-bcf5-90972ecdd7ac#0:FAIL-t33] and 0 exception(s); 09ea8095-e0f7-4a15-a25f-71748f8d4e7f@group-A236C1E6A57F:t33, leader=null, voted=09ea8095-e0f7-4a15-a25f-71748f8d4e7f, raftlog=09ea8095-e0f7-4a15-a25f-71748f8d4e7f@group-A236C1E6A57F-SegmentedRaftLog:OPENED:c5,f6,i6, conf=1: [7b069786-c4de-4177-a49c-78057d3e7b27:192.168.157.251:46071, 0d68154c-bc1a-4b17-bcf5-90972ecdd7ac:192.168.157.251:40580, 09ea8095-e0f7-4a15-a25f-71748f8d4e7f:192.168.157.251:43128], old=null
2019-10-17 18:39:15,013 [09ea8095-e0f7-4a15-a25f-71748f8d4e7f@group-A236C1E6A57F-LeaderElection37] INFO  impl.RaftServerImpl (RaftServerImpl.java:setRole(184)) - 09ea8095-e0f7-4a15-a25f-71748f8d4e7f@group-A236C1E6A57F: changes role from CANDIDATE to FOLLOWER at term 33 for DISCOVERED_A_NEW_TERM
2019-10-17 18:39:15,013 [09ea8095-e0f7-4a15-a25f-71748f8d4e7f@group-A236C1E6A57F-LeaderElection37] INFO  impl.RoleInfo (RoleInfo.java:shutdownLeaderElection(134)) - 09ea8095-e0f7-4a15-a25f-71748f8d4e7f: shutdown LeaderElection
2019-10-17 18:39:15,013 [09ea8095-e0f7-4a15-a25f-71748f8d4e7f@group-A236C1E6A57F-LeaderElection37] INFO  impl.RoleInfo (RoleInfo.java:updateAndGet(143)) - 09ea8095-e0f7-4a15-a25f-71748f8d4e7f: start FollowerState
2019-10-17 18:39:15,120 [pool-7-thread-4] INFO  commands.RetriableDatanodeEventWatcher (RetriableDatanodeEventWatcher.java:onTimeout(47)) - RetriableDatanodeCommand type=deleteBlocksCommand with id=1571337549088 timed out. Retrying.
2019-10-17 18:39:15,120 [pool-7-thread-2] INFO  commands.RetriableDatanodeEventWatcher (RetriableDatanodeEventWatcher.java:onTimeout(47)) - RetriableDatanodeCommand type=deleteBlocksCommand with id=1571337549092 timed out. Retrying.
2019-10-17 18:39:15,121 [pool-7-thread-3] INFO  commands.RetriableDatanodeEventWatcher (RetriableDatanodeEventWatcher.java:onTimeout(47)) - RetriableDatanodeCommand type=deleteBlocksCommand with id=1571337549093 timed out. Retrying.
2019-10-17 18:39:15,121 [pool-7-thread-1] INFO  commands.RetriableDatanodeEventWatcher (RetriableDatanodeEventWatcher.java:onTimeout(47)) - RetriableDatanodeCommand type=deleteBlocksCommand with id=1571337549091 timed out. Retrying.
2019-10-17 18:39:15,123 [pool-7-thread-1] INFO  commands.RetriableDatanodeEventWatcher (RetriableDatanodeEventWatcher.java:onTimeout(47)) - RetriableDatanodeCommand type=deleteBlocksCommand with id=1571337549094 timed out. Retrying.
2019-10-17 18:39:15,123 [pool-7-thread-1] INFO  commands.RetriableDatanodeEventWatcher (RetriableDatanodeEventWatcher.java:onTimeout(47)) - RetriableDatanodeCommand type=deleteBlocksCommand with id=1571337549095 timed out. Retrying.
2019-10-17 18:39:15,125 [SCMBlockDeletingService#0] INFO  block.SCMBlockDeletingService (SCMBlockDeletingService.java:call(184)) - Totally added 1 delete blocks command for 1 datanodes, task elapsed time: 1ms
2019-10-17 18:39:15,154 [Thread-794] INFO  impl.FollowerState (FollowerState.java:run(108)) - 09ea8095-e0f7-4a15-a25f-71748f8d4e7f@group-A236C1E6A57F-FollowerState: change to CANDIDATE, lastRpcTime:141ms, electionTimeout:141ms
2019-10-17 18:39:15,155 [Thread-794] INFO  impl.RoleInfo (RoleInfo.java:shutdownFollowerState(121)) - 09ea8095-e0f7-4a15-a25f-71748f8d4e7f: shutdown FollowerState
2019-10-17 18:39:15,155 [Thread-794] INFO  impl.RaftServerImpl (RaftServerImpl.java:setRole(184)) - 09ea8095-e0f7-4a15-a25f-71748f8d4e7f@group-A236C1E6A57F: changes role from  FOLLOWER to CANDIDATE at term 33 for changeToCandidate
2019-10-17 18:39:15,155 [Thread-794] INFO  impl.RoleInfo (RoleInfo.java:updateAndGet(143)) - 09ea8095-e0f7-4a15-a25f-71748f8d4e7f: start LeaderElection
2019-10-17 18:39:15,168 [09ea8095-e0f7-4a15-a25f-71748f8d4e7f@group-A236C1E6A57F-LeaderElection38] INFO  impl.LeaderElection (LeaderElection.java:askForVotes(178)) - 09ea8095-e0f7-4a15-a25f-71748f8d4e7f@group-A236C1E6A57F-LeaderElection38: begin an election at term 34 for 1: [7b069786-c4de-4177-a49c-78057d3e7b27:192.168.157.251:46071, 0d68154c-bc1a-4b17-bcf5-90972ecdd7ac:192.168.157.251:40580, 09ea8095-e0f7-4a15-a25f-71748f8d4e7f:192.168.157.251:43128], old=null
2019-10-17 18:39:15,169 [Thread-798] INFO  client.GrpcClientProtocolService (GrpcClientProtocolService.java:lambda$processClientRequest$0(278)) - Failed RaftClientRequest:client-79966ACA1C67->09ea8095-e0f7-4a15-a25f-71748f8d4e7f@group-A236C1E6A57F, cid=10, seq=0, Watch-ALL_COMMITTED(8), Message:<EMPTY>, reply=RaftClientReply:client-79966ACA1C67->09ea8095-e0f7-4a15-a25f-71748f8d4e7f@group-A236C1E6A57F, cid=10, FAILED org.apache.ratis.protocol.NotLeaderException: Server 09ea8095-e0f7-4a15-a25f-71748f8d4e7f@group-A236C1E6A57F is not the leader, logIndex=0, commits[09ea8095-e0f7-4a15-a25f-71748f8d4e7f:c5]
2019-10-17 18:39:15,173 [grpc-default-executor-4] INFO  impl.RaftServerImpl (RaftServerImpl.java:setRole(184)) - 7b069786-c4de-4177-a49c-78057d3e7b27@group-A236C1E6A57F: changes role from  FOLLOWER to FOLLOWER at term 34 for recognizeCandidate:09ea8095-e0f7-4a15-a25f-71748f8d4e7f
2019-10-17 18:39:15,174 [grpc-default-executor-4] INFO  impl.RoleInfo (RoleInfo.java:shutdownFollowerState(121)) - 7b069786-c4de-4177-a49c-78057d3e7b27: shutdown FollowerState
2019-10-17 18:39:15,175 [Thread-792] INFO  impl.FollowerState (FollowerState.java:run(117)) - 7b069786-c4de-4177-a49c-78057d3e7b27@group-A236C1E6A57F-FollowerState was interrupted: java.lang.InterruptedException: sleep interrupted
2019-10-17 18:39:15,176 [grpc-default-executor-4] INFO  impl.RoleInfo (RoleInfo.java:updateAndGet(143)) - 7b069786-c4de-4177-a49c-78057d3e7b27: start FollowerState
2019-10-17 18:39:15,176 [grpc-default-executor-5] INFO  impl.RaftServerImpl (RaftServerImpl.java:setRole(184)) - 0d68154c-bc1a-4b17-bcf5-90972ecdd7ac@group-A236C1E6A57F: changes role from  FOLLOWER to FOLLOWER at term 34 for recognizeCandidate:09ea8095-e0f7-4a15-a25f-71748f8d4e7f
2019-10-17 18:39:15,176 [grpc-default-executor-5] INFO  impl.RoleInfo (RoleInfo.java:shutdownFollowerState(121)) - 0d68154c-bc1a-4b17-bcf5-90972ecdd7ac: shutdown FollowerState
2019-10-17 18:39:15,176 [grpc-default-executor-5] INFO  impl.RoleInfo (RoleInfo.java:updateAndGet(143)) - 0d68154c-bc1a-4b17-bcf5-90972ecdd7ac: start FollowerState
2019-10-17 18:39:15,176 [Thread-793] INFO  impl.FollowerState (FollowerState.java:run(117)) - 0d68154c-bc1a-4b17-bcf5-90972ecdd7ac@group-A236C1E6A57F-FollowerState was interrupted: java.lang.InterruptedException: sleep interrupted
2019-10-17 18:39:15,190 [09ea8095-e0f7-4a15-a25f-71748f8d4e7f@group-A236C1E6A57F-LeaderElection38] INFO  impl.LeaderElection (LeaderElection.java:logAndReturn(56)) - 09ea8095-e0f7-4a15-a25f-71748f8d4e7f@group-A236C1E6A57F-LeaderElection38: Election TIMEOUT; received 0 response(s) [] and 0 exception(s); 09ea8095-e0f7-4a15-a25f-71748f8d4e7f@group-A236C1E6A57F:t34, leader=null, voted=09ea8095-e0f7-4a15-a25f-71748f8d4e7f, raftlog=09ea8095-e0f7-4a15-a25f-71748f8d4e7f@group-A236C1E6A57F-SegmentedRaftLog:OPENED:c5,f6,i6, conf=1: [7b069786-c4de-4177-a49c-78057d3e7b27:192.168.157.251:46071, 0d68154c-bc1a-4b17-bcf5-90972ecdd7ac:192.168.157.251:40580, 09ea8095-e0f7-4a15-a25f-71748f8d4e7f:192.168.157.251:43128], old=null
2019-10-17 18:39:15,197 [BlockDeletingService#2] WARN  background.BlockDeletingService (BlockDeletingService.java:isDeletionAllowed(187)) - Close Container log Index 8 is not replicated across allthe servers in the pipeline f5073bd3-c80c-4957-9a7f-a236c1e6a57f as the min replicated index is 6. Deletion is not allowed in this container yet.
2019-10-17 18:39:15,197 [BlockDeletingService#2] WARN  background.BlockDeletingService (BlockDeletingService.java:isDeletionAllowed(187)) - Close Container log Index 8 is not replicated across allthe servers in the pipeline f5073bd3-c80c-4957-9a7f-a236c1e6a57f as the min replicated index is 6. Deletion is not allowed in this container yet.
2019-10-17 18:39:15,201 [09ea8095-e0f7-4a15-a25f-71748f8d4e7f@group-A236C1E6A57F-LeaderElection38] INFO  impl.LeaderElection (LeaderElection.java:askForVotes(178)) - 09ea8095-e0f7-4a15-a25f-71748f8d4e7f@group-A236C1E6A57F-LeaderElection38: begin an election at term 35 for 1: [7b069786-c4de-4177-a49c-78057d3e7b27:192.168.157.251:46071, 0d68154c-bc1a-4b17-bcf5-90972ecdd7ac:192.168.157.251:40580, 09ea8095-e0f7-4a15-a25f-71748f8d4e7f:192.168.157.251:43128], old=null
2019-10-17 18:39:15,203 [grpc-default-executor-5] INFO  impl.RaftServerImpl (RaftServerImpl.java:setRole(184)) - 7b069786-c4de-4177-a49c-78057d3e7b27@group-A236C1E6A57F: changes role from  FOLLOWER to FOLLOWER at term 35 for recognizeCandidate:09ea8095-e0f7-4a15-a25f-71748f8d4e7f
2019-10-17 18:39:15,203 [grpc-default-executor-5] INFO  impl.RoleInfo (RoleInfo.java:shutdownFollowerState(121)) - 7b069786-c4de-4177-a49c-78057d3e7b27: shutdown FollowerState
2019-10-17 18:39:15,203 [grpc-default-executor-5] INFO  impl.RoleInfo (RoleInfo.java:updateAndGet(143)) - 7b069786-c4de-4177-a49c-78057d3e7b27: start FollowerState
2019-10-17 18:39:15,203 [Thread-801] INFO  impl.FollowerState (FollowerState.java:run(117)) - 7b069786-c4de-4177-a49c-78057d3e7b27@group-A236C1E6A57F-FollowerState was interrupted: java.lang.InterruptedException: sleep interrupted
2019-10-17 18:39:15,203 [grpc-default-executor-4] INFO  impl.RaftServerImpl (RaftServerImpl.java:setRole(184)) - 0d68154c-bc1a-4b17-bcf5-90972ecdd7ac@group-A236C1E6A57F: changes role from  FOLLOWER to FOLLOWER at term 35 for recognizeCandidate:09ea8095-e0f7-4a15-a25f-71748f8d4e7f
2019-10-17 18:39:15,204 [grpc-default-executor-4] INFO  impl.RoleInfo (RoleInfo.java:shutdownFollowerState(121)) - 0d68154c-bc1a-4b17-bcf5-90972ecdd7ac: shutdown FollowerState
2019-10-17 18:39:15,204 [grpc-default-executor-4] INFO  impl.RoleInfo (RoleInfo.java:updateAndGet(143)) - 0d68154c-bc1a-4b17-bcf5-90972ecdd7ac: start FollowerState
2019-10-17 18:39:15,204 [Thread-802] INFO  impl.FollowerState (FollowerState.java:run(117)) - 0d68154c-bc1a-4b17-bcf5-90972ecdd7ac@group-A236C1E6A57F-FollowerState was interrupted: java.lang.InterruptedException: sleep interrupted
2019-10-17 18:39:15,218 [09ea8095-e0f7-4a15-a25f-71748f8d4e7f@group-A236C1E6A57F-LeaderElection38] INFO  impl.LeaderElection (LeaderElection.java:logAndReturn(56)) - 09ea8095-e0f7-4a15-a25f-71748f8d4e7f@group-A236C1E6A57F-LeaderElection38: Election REJECTED; received 2 response(s) [09ea8095-e0f7-4a15-a25f-71748f8d4e7f<-7b069786-c4de-4177-a49c-78057d3e7b27#0:FAIL-t35, 09ea8095-e0f7-4a15-a25f-71748f8d4e7f<-0d68154c-bc1a-4b17-bcf5-90972ecdd7ac#0:FAIL-t35] and 0 exception(s); 09ea8095-e0f7-4a15-a25f-71748f8d4e7f@group-A236C1E6A57F:t35, leader=null, voted=09ea8095-e0f7-4a15-a25f-71748f8d4e7f, raftlog=09ea8095-e0f7-4a15-a25f-71748f8d4e7f@group-A236C1E6A57F-SegmentedRaftLog:OPENED:c5,f6,i6, conf=1: [7b069786-c4de-4177-a49c-78057d3e7b27:192.168.157.251:46071, 0d68154c-bc1a-4b17-bcf5-90972ecdd7ac:192.168.157.251:40580, 09ea8095-e0f7-4a15-a25f-71748f8d4e7f:192.168.157.251:43128], old=null
2019-10-17 18:39:15,218 [09ea8095-e0f7-4a15-a25f-71748f8d4e7f@group-A236C1E6A57F-LeaderElection38] INFO  impl.RaftServerImpl (RaftServerImpl.java:setRole(184)) - 09ea8095-e0f7-4a15-a25f-71748f8d4e7f@group-A236C1E6A57F: changes role from CANDIDATE to FOLLOWER at term 35 for DISCOVERED_A_NEW_TERM
2019-10-17 18:39:15,218 [09ea8095-e0f7-4a15-a25f-71748f8d4e7f@group-A236C1E6A57F-LeaderElection38] INFO  impl.RoleInfo (RoleInfo.java:shutdownLeaderElection(134)) - 09ea8095-e0f7-4a15-a25f-71748f8d4e7f: shutdown LeaderElection
2019-10-17 18:39:15,218 [09ea8095-e0f7-4a15-a25f-71748f8d4e7f@group-A236C1E6A57F-LeaderElection38] INFO  impl.RoleInfo (RoleInfo.java:updateAndGet(143)) - 09ea8095-e0f7-4a15-a25f-71748f8d4e7f: start FollowerState
2019-10-17 18:39:15,410 [Thread-809] INFO  impl.FollowerState (FollowerState.java:run(108)) - 09ea8095-e0f7-4a15-a25f-71748f8d4e7f@group-A236C1E6A57F-FollowerState: change to CANDIDATE, lastRpcTime:192ms, electionTimeout:192ms
2019-10-17 18:39:15,411 [Thread-809] INFO  impl.RoleInfo (RoleInfo.java:shutdownFollowerState(121)) - 09ea8095-e0f7-4a15-a25f-71748f8d4e7f: shutdown FollowerState
2019-10-17 18:39:15,411 [Thread-809] INFO  impl.RaftServerImpl (RaftServerImpl.java:setRole(184)) - 09ea8095-e0f7-4a15-a25f-71748f8d4e7f@group-A236C1E6A57F: changes role from  FOLLOWER to CANDIDATE at term 35 for changeToCandidate
2019-10-17 18:39:15,411 [Thread-809] INFO  impl.RoleInfo (RoleInfo.java:updateAndGet(143)) - 09ea8095-e0f7-4a15-a25f-71748f8d4e7f: start LeaderElection
2019-10-17 18:39:15,425 [09ea8095-e0f7-4a15-a25f-71748f8d4e7f@group-A236C1E6A57F-LeaderElection39] INFO  impl.LeaderElection (LeaderElection.java:askForVotes(178)) - 09ea8095-e0f7-4a15-a25f-71748f8d4e7f@group-A236C1E6A57F-LeaderElection39: begin an election at term 36 for 1: [7b069786-c4de-4177-a49c-78057d3e7b27:192.168.157.251:46071, 0d68154c-bc1a-4b17-bcf5-90972ecdd7ac:192.168.157.251:40580, 09ea8095-e0f7-4a15-a25f-71748f8d4e7f:192.168.157.251:43128], old=null
2019-10-17 18:39:15,428 [grpc-default-executor-4] INFO  impl.RaftServerImpl (RaftServerImpl.java:setRole(184)) - 7b069786-c4de-4177-a49c-78057d3e7b27@group-A236C1E6A57F: changes role from  FOLLOWER to FOLLOWER at term 36 for recognizeCandidate:09ea8095-e0f7-4a15-a25f-71748f8d4e7f
2019-10-17 18:39:15,428 [grpc-default-executor-5] INFO  impl.RaftServerImpl (RaftServerImpl.java:setRole(184)) - 0d68154c-bc1a-4b17-bcf5-90972ecdd7ac@group-A236C1E6A57F: changes role from  FOLLOWER to FOLLOWER at term 36 for recognizeCandidate:09ea8095-e0f7-4a15-a25f-71748f8d4e7f
2019-10-17 18:39:15,428 [grpc-default-executor-4] INFO  impl.RoleInfo (RoleInfo.java:shutdownFollowerState(121)) - 7b069786-c4de-4177-a49c-78057d3e7b27: shutdown FollowerState
2019-10-17 18:39:15,428 [grpc-default-executor-5] INFO  impl.RoleInfo (RoleInfo.java:shutdownFollowerState(121)) - 0d68154c-bc1a-4b17-bcf5-90972ecdd7ac: shutdown FollowerState
2019-10-17 18:39:15,429 [Thread-807] INFO  impl.FollowerState (FollowerState.java:run(117)) - 7b069786-c4de-4177-a49c-78057d3e7b27@group-A236C1E6A57F-FollowerState was interrupted: java.lang.InterruptedException: sleep interrupted
2019-10-17 18:39:15,428 [grpc-default-executor-4] INFO  impl.RoleInfo (RoleInfo.java:updateAndGet(143)) - 7b069786-c4de-4177-a49c-78057d3e7b27: start FollowerState
2019-10-17 18:39:15,429 [Thread-808] INFO  impl.FollowerState (FollowerState.java:run(117)) - 0d68154c-bc1a-4b17-bcf5-90972ecdd7ac@group-A236C1E6A57F-FollowerState was interrupted: java.lang.InterruptedException: sleep interrupted
2019-10-17 18:39:15,429 [grpc-default-executor-5] INFO  impl.RoleInfo (RoleInfo.java:updateAndGet(143)) - 0d68154c-bc1a-4b17-bcf5-90972ecdd7ac: start FollowerState
2019-10-17 18:39:15,444 [09ea8095-e0f7-4a15-a25f-71748f8d4e7f@group-A236C1E6A57F-LeaderElection39] INFO  impl.LeaderElection (LeaderElection.java:logAndReturn(56)) - 09ea8095-e0f7-4a15-a25f-71748f8d4e7f@group-A236C1E6A57F-LeaderElection39: Election REJECTED; received 2 response(s) [09ea8095-e0f7-4a15-a25f-71748f8d4e7f<-7b069786-c4de-4177-a49c-78057d3e7b27#0:FAIL-t36, 09ea8095-e0f7-4a15-a25f-71748f8d4e7f<-0d68154c-bc1a-4b17-bcf5-90972ecdd7ac#0:FAIL-t36] and 0 exception(s); 09ea8095-e0f7-4a15-a25f-71748f8d4e7f@group-A236C1E6A57F:t36, leader=null, voted=09ea8095-e0f7-4a15-a25f-71748f8d4e7f, raftlog=09ea8095-e0f7-4a15-a25f-71748f8d4e7f@group-A236C1E6A57F-SegmentedRaftLog:OPENED:c5,f6,i6, conf=1: [7b069786-c4de-4177-a49c-78057d3e7b27:192.168.157.251:46071, 0d68154c-bc1a-4b17-bcf5-90972ecdd7ac:192.168.157.251:40580, 09ea8095-e0f7-4a15-a25f-71748f8d4e7f:192.168.157.251:43128], old=null
2019-10-17 18:39:15,444 [09ea8095-e0f7-4a15-a25f-71748f8d4e7f@group-A236C1E6A57F-LeaderElection39] INFO  impl.RaftServerImpl (RaftServerImpl.java:setRole(184)) - 09ea8095-e0f7-4a15-a25f-71748f8d4e7f@group-A236C1E6A57F: changes role from CANDIDATE to FOLLOWER at term 36 for DISCOVERED_A_NEW_TERM
2019-10-17 18:39:15,444 [09ea8095-e0f7-4a15-a25f-71748f8d4e7f@group-A236C1E6A57F-LeaderElection39] INFO  impl.RoleInfo (RoleInfo.java:shutdownLeaderElection(134)) - 09ea8095-e0f7-4a15-a25f-71748f8d4e7f: shutdown LeaderElection
2019-10-17 18:39:15,444 [09ea8095-e0f7-4a15-a25f-71748f8d4e7f@group-A236C1E6A57F-LeaderElection39] INFO  impl.RoleInfo (RoleInfo.java:updateAndGet(143)) - 09ea8095-e0f7-4a15-a25f-71748f8d4e7f: start FollowerState
2019-10-17 18:39:15,633 [Thread-815] INFO  impl.FollowerState (FollowerState.java:run(108)) - 09ea8095-e0f7-4a15-a25f-71748f8d4e7f@group-A236C1E6A57F-FollowerState: change to CANDIDATE, lastRpcTime:188ms, electionTimeout:188ms
2019-10-17 18:39:15,633 [Thread-815] INFO  impl.RoleInfo (RoleInfo.java:shutdownFollowerState(121)) - 09ea8095-e0f7-4a15-a25f-71748f8d4e7f: shutdown FollowerState
2019-10-17 18:39:15,633 [Thread-815] INFO  impl.RaftServerImpl (RaftServerImpl.java:setRole(184)) - 09ea8095-e0f7-4a15-a25f-71748f8d4e7f@group-A236C1E6A57F: changes role from  FOLLOWER to CANDIDATE at term 36 for changeToCandidate
2019-10-17 18:39:15,633 [Thread-815] INFO  impl.RoleInfo (RoleInfo.java:updateAndGet(143)) - 09ea8095-e0f7-4a15-a25f-71748f8d4e7f: start LeaderElection
2019-10-17 18:39:15,647 [09ea8095-e0f7-4a15-a25f-71748f8d4e7f@group-A236C1E6A57F-LeaderElection40] INFO  impl.LeaderElection (LeaderElection.java:askForVotes(178)) - 09ea8095-e0f7-4a15-a25f-71748f8d4e7f@group-A236C1E6A57F-LeaderElection40: begin an election at term 37 for 1: [7b069786-c4de-4177-a49c-78057d3e7b27:192.168.157.251:46071, 0d68154c-bc1a-4b17-bcf5-90972ecdd7ac:192.168.157.251:40580, 09ea8095-e0f7-4a15-a25f-71748f8d4e7f:192.168.157.251:43128], old=null
2019-10-17 18:39:15,650 [grpc-default-executor-5] INFO  impl.RaftServerImpl (RaftServerImpl.java:setRole(184)) - 0d68154c-bc1a-4b17-bcf5-90972ecdd7ac@group-A236C1E6A57F: changes role from  FOLLOWER to FOLLOWER at term 37 for recognizeCandidate:09ea8095-e0f7-4a15-a25f-71748f8d4e7f
2019-10-17 18:39:15,651 [grpc-default-executor-5] INFO  impl.RoleInfo (RoleInfo.java:shutdownFollowerState(121)) - 0d68154c-bc1a-4b17-bcf5-90972ecdd7ac: shutdown FollowerState
2019-10-17 18:39:15,651 [grpc-default-executor-5] INFO  impl.RoleInfo (RoleInfo.java:updateAndGet(143)) - 0d68154c-bc1a-4b17-bcf5-90972ecdd7ac: start FollowerState
2019-10-17 18:39:15,651 [Thread-814] INFO  impl.FollowerState (FollowerState.java:run(117)) - 0d68154c-bc1a-4b17-bcf5-90972ecdd7ac@group-A236C1E6A57F-FollowerState was interrupted: java.lang.InterruptedException: sleep interrupted
2019-10-17 18:39:15,651 [grpc-default-executor-4] INFO  impl.RaftServerImpl (RaftServerImpl.java:setRole(184)) - 7b069786-c4de-4177-a49c-78057d3e7b27@group-A236C1E6A57F: changes role from  FOLLOWER to FOLLOWER at term 37 for recognizeCandidate:09ea8095-e0f7-4a15-a25f-71748f8d4e7f
2019-10-17 18:39:15,651 [grpc-default-executor-4] INFO  impl.RoleInfo (RoleInfo.java:shutdownFollowerState(121)) - 7b069786-c4de-4177-a49c-78057d3e7b27: shutdown FollowerState
2019-10-17 18:39:15,651 [grpc-default-executor-4] INFO  impl.RoleInfo (RoleInfo.java:updateAndGet(143)) - 7b069786-c4de-4177-a49c-78057d3e7b27: start FollowerState
2019-10-17 18:39:15,651 [Thread-813] INFO  impl.FollowerState (FollowerState.java:run(117)) - 7b069786-c4de-4177-a49c-78057d3e7b27@group-A236C1E6A57F-FollowerState was interrupted: java.lang.InterruptedException: sleep interrupted
2019-10-17 18:39:15,664 [09ea8095-e0f7-4a15-a25f-71748f8d4e7f@group-A236C1E6A57F-LeaderElection40] INFO  impl.LeaderElection (LeaderElection.java:logAndReturn(56)) - 09ea8095-e0f7-4a15-a25f-71748f8d4e7f@group-A236C1E6A57F-LeaderElection40: Election REJECTED; received 2 response(s) [09ea8095-e0f7-4a15-a25f-71748f8d4e7f<-7b069786-c4de-4177-a49c-78057d3e7b27#0:FAIL-t37, 09ea8095-e0f7-4a15-a25f-71748f8d4e7f<-0d68154c-bc1a-4b17-bcf5-90972ecdd7ac#0:FAIL-t37] and 0 exception(s); 09ea8095-e0f7-4a15-a25f-71748f8d4e7f@group-A236C1E6A57F:t37, leader=null, voted=09ea8095-e0f7-4a15-a25f-71748f8d4e7f, raftlog=09ea8095-e0f7-4a15-a25f-71748f8d4e7f@group-A236C1E6A57F-SegmentedRaftLog:OPENED:c5,f6,i6, conf=1: [7b069786-c4de-4177-a49c-78057d3e7b27:192.168.157.251:46071, 0d68154c-bc1a-4b17-bcf5-90972ecdd7ac:192.168.157.251:40580, 09ea8095-e0f7-4a15-a25f-71748f8d4e7f:192.168.157.251:43128], old=null
2019-10-17 18:39:15,664 [09ea8095-e0f7-4a15-a25f-71748f8d4e7f@group-A236C1E6A57F-LeaderElection40] INFO  impl.RaftServerImpl (RaftServerImpl.java:setRole(184)) - 09ea8095-e0f7-4a15-a25f-71748f8d4e7f@group-A236C1E6A57F: changes role from CANDIDATE to FOLLOWER at term 37 for DISCOVERED_A_NEW_TERM
2019-10-17 18:39:15,664 [09ea8095-e0f7-4a15-a25f-71748f8d4e7f@group-A236C1E6A57F-LeaderElection40] INFO  impl.RoleInfo (RoleInfo.java:shutdownLeaderElection(134)) - 09ea8095-e0f7-4a15-a25f-71748f8d4e7f: shutdown LeaderElection
2019-10-17 18:39:15,665 [09ea8095-e0f7-4a15-a25f-71748f8d4e7f@group-A236C1E6A57F-LeaderElection40] INFO  impl.RoleInfo (RoleInfo.java:updateAndGet(143)) - 09ea8095-e0f7-4a15-a25f-71748f8d4e7f: start FollowerState
2019-10-17 18:39:15,688 [Thread-821] INFO  impl.FollowerState (FollowerState.java:run(108)) - 09ea8095-e0f7-4a15-a25f-71748f8d4e7f@group-A236C1E6A57F-FollowerState: change to CANDIDATE, lastRpcTime:23ms, electionTimeout:23ms
2019-10-17 18:39:15,688 [Thread-821] INFO  impl.RoleInfo (RoleInfo.java:shutdownFollowerState(121)) - 09ea8095-e0f7-4a15-a25f-71748f8d4e7f: shutdown FollowerState
2019-10-17 18:39:15,688 [Thread-821] INFO  impl.RaftServerImpl (RaftServerImpl.java:setRole(184)) - 09ea8095-e0f7-4a15-a25f-71748f8d4e7f@group-A236C1E6A57F: changes role from  FOLLOWER to CANDIDATE at term 37 for changeToCandidate
2019-10-17 18:39:15,689 [Thread-821] INFO  impl.RoleInfo (RoleInfo.java:updateAndGet(143)) - 09ea8095-e0f7-4a15-a25f-71748f8d4e7f: start LeaderElection
2019-10-17 18:39:15,702 [09ea8095-e0f7-4a15-a25f-71748f8d4e7f@group-A236C1E6A57F-LeaderElection41] INFO  impl.LeaderElection (LeaderElection.java:askForVotes(178)) - 09ea8095-e0f7-4a15-a25f-71748f8d4e7f@group-A236C1E6A57F-LeaderElection41: begin an election at term 38 for 1: [7b069786-c4de-4177-a49c-78057d3e7b27:192.168.157.251:46071, 0d68154c-bc1a-4b17-bcf5-90972ecdd7ac:192.168.157.251:40580, 09ea8095-e0f7-4a15-a25f-71748f8d4e7f:192.168.157.251:43128], old=null
2019-10-17 18:39:15,705 [grpc-default-executor-4] INFO  impl.RaftServerImpl (RaftServerImpl.java:setRole(184)) - 7b069786-c4de-4177-a49c-78057d3e7b27@group-A236C1E6A57F: changes role from  FOLLOWER to FOLLOWER at term 38 for recognizeCandidate:09ea8095-e0f7-4a15-a25f-71748f8d4e7f
2019-10-17 18:39:15,705 [grpc-default-executor-4] INFO  impl.RoleInfo (RoleInfo.java:shutdownFollowerState(121)) - 7b069786-c4de-4177-a49c-78057d3e7b27: shutdown FollowerState
2019-10-17 18:39:15,705 [grpc-default-executor-5] INFO  impl.RaftServerImpl (RaftServerImpl.java:setRole(184)) - 0d68154c-bc1a-4b17-bcf5-90972ecdd7ac@group-A236C1E6A57F: changes role from  FOLLOWER to FOLLOWER at term 38 for recognizeCandidate:09ea8095-e0f7-4a15-a25f-71748f8d4e7f
2019-10-17 18:39:15,705 [Thread-820] INFO  impl.FollowerState (FollowerState.java:run(117)) - 7b069786-c4de-4177-a49c-78057d3e7b27@group-A236C1E6A57F-FollowerState was interrupted: java.lang.InterruptedException: sleep interrupted
2019-10-17 18:39:15,705 [grpc-default-executor-4] INFO  impl.RoleInfo (RoleInfo.java:updateAndGet(143)) - 7b069786-c4de-4177-a49c-78057d3e7b27: start FollowerState
2019-10-17 18:39:15,705 [grpc-default-executor-5] INFO  impl.RoleInfo (RoleInfo.java:shutdownFollowerState(121)) - 0d68154c-bc1a-4b17-bcf5-90972ecdd7ac: shutdown FollowerState
2019-10-17 18:39:15,706 [Thread-819] INFO  impl.FollowerState (FollowerState.java:run(117)) - 0d68154c-bc1a-4b17-bcf5-90972ecdd7ac@group-A236C1E6A57F-FollowerState was interrupted: java.lang.InterruptedException: sleep interrupted
2019-10-17 18:39:15,706 [grpc-default-executor-5] INFO  impl.RoleInfo (RoleInfo.java:updateAndGet(143)) - 0d68154c-bc1a-4b17-bcf5-90972ecdd7ac: start FollowerState
2019-10-17 18:39:15,720 [09ea8095-e0f7-4a15-a25f-71748f8d4e7f@group-A236C1E6A57F-LeaderElection41] INFO  impl.LeaderElection (LeaderElection.java:logAndReturn(56)) - 09ea8095-e0f7-4a15-a25f-71748f8d4e7f@group-A236C1E6A57F-LeaderElection41: Election REJECTED; received 2 response(s) [09ea8095-e0f7-4a15-a25f-71748f8d4e7f<-7b069786-c4de-4177-a49c-78057d3e7b27#0:FAIL-t38, 09ea8095-e0f7-4a15-a25f-71748f8d4e7f<-0d68154c-bc1a-4b17-bcf5-90972ecdd7ac#0:FAIL-t38] and 0 exception(s); 09ea8095-e0f7-4a15-a25f-71748f8d4e7f@group-A236C1E6A57F:t38, leader=null, voted=09ea8095-e0f7-4a15-a25f-71748f8d4e7f, raftlog=09ea8095-e0f7-4a15-a25f-71748f8d4e7f@group-A236C1E6A57F-SegmentedRaftLog:OPENED:c5,f6,i6, conf=1: [7b069786-c4de-4177-a49c-78057d3e7b27:192.168.157.251:46071, 0d68154c-bc1a-4b17-bcf5-90972ecdd7ac:192.168.157.251:40580, 09ea8095-e0f7-4a15-a25f-71748f8d4e7f:192.168.157.251:43128], old=null
2019-10-17 18:39:15,721 [09ea8095-e0f7-4a15-a25f-71748f8d4e7f@group-A236C1E6A57F-LeaderElection41] INFO  impl.RaftServerImpl (RaftServerImpl.java:setRole(184)) - 09ea8095-e0f7-4a15-a25f-71748f8d4e7f@group-A236C1E6A57F: changes role from CANDIDATE to FOLLOWER at term 38 for DISCOVERED_A_NEW_TERM
2019-10-17 18:39:15,721 [09ea8095-e0f7-4a15-a25f-71748f8d4e7f@group-A236C1E6A57F-LeaderElection41] INFO  impl.RoleInfo (RoleInfo.java:shutdownLeaderElection(134)) - 09ea8095-e0f7-4a15-a25f-71748f8d4e7f: shutdown LeaderElection
2019-10-17 18:39:15,721 [09ea8095-e0f7-4a15-a25f-71748f8d4e7f@group-A236C1E6A57F-LeaderElection41] INFO  impl.RoleInfo (RoleInfo.java:updateAndGet(143)) - 09ea8095-e0f7-4a15-a25f-71748f8d4e7f: start FollowerState
2019-10-17 18:39:15,763 [Thread-827] INFO  impl.FollowerState (FollowerState.java:run(108)) - 09ea8095-e0f7-4a15-a25f-71748f8d4e7f@group-A236C1E6A57F-FollowerState: change to CANDIDATE, lastRpcTime:42ms, electionTimeout:42ms
2019-10-17 18:39:15,764 [Thread-827] INFO  impl.RoleInfo (RoleInfo.java:shutdownFollowerState(121)) - 09ea8095-e0f7-4a15-a25f-71748f8d4e7f: shutdown FollowerState
2019-10-17 18:39:15,764 [Thread-827] INFO  impl.RaftServerImpl (RaftServerImpl.java:setRole(184)) - 09ea8095-e0f7-4a15-a25f-71748f8d4e7f@group-A236C1E6A57F: changes role from  FOLLOWER to CANDIDATE at term 38 for changeToCandidate
2019-10-17 18:39:15,764 [Thread-827] INFO  impl.RoleInfo (RoleInfo.java:updateAndGet(143)) - 09ea8095-e0f7-4a15-a25f-71748f8d4e7f: start LeaderElection
2019-10-17 18:39:15,778 [09ea8095-e0f7-4a15-a25f-71748f8d4e7f@group-A236C1E6A57F-LeaderElection42] INFO  impl.LeaderElection (LeaderElection.java:askForVotes(178)) - 09ea8095-e0f7-4a15-a25f-71748f8d4e7f@group-A236C1E6A57F-LeaderElection42: begin an election at term 39 for 1: [7b069786-c4de-4177-a49c-78057d3e7b27:192.168.157.251:46071, 0d68154c-bc1a-4b17-bcf5-90972ecdd7ac:192.168.157.251:40580, 09ea8095-e0f7-4a15-a25f-71748f8d4e7f:192.168.157.251:43128], old=null
2019-10-17 18:39:15,780 [grpc-default-executor-5] INFO  impl.RaftServerImpl (RaftServerImpl.java:setRole(184)) - 7b069786-c4de-4177-a49c-78057d3e7b27@group-A236C1E6A57F: changes role from  FOLLOWER to FOLLOWER at term 39 for recognizeCandidate:09ea8095-e0f7-4a15-a25f-71748f8d4e7f
2019-10-17 18:39:15,780 [grpc-default-executor-5] INFO  impl.RoleInfo (RoleInfo.java:shutdownFollowerState(121)) - 7b069786-c4de-4177-a49c-78057d3e7b27: shutdown FollowerState
2019-10-17 18:39:15,781 [grpc-default-executor-5] INFO  impl.RoleInfo (RoleInfo.java:updateAndGet(143)) - 7b069786-c4de-4177-a49c-78057d3e7b27: start FollowerState
2019-10-17 18:39:15,781 [Thread-825] INFO  impl.FollowerState (FollowerState.java:run(117)) - 7b069786-c4de-4177-a49c-78057d3e7b27@group-A236C1E6A57F-FollowerState was interrupted: java.lang.InterruptedException: sleep interrupted
2019-10-17 18:39:15,781 [grpc-default-executor-4] INFO  impl.RaftServerImpl (RaftServerImpl.java:setRole(184)) - 0d68154c-bc1a-4b17-bcf5-90972ecdd7ac@group-A236C1E6A57F: changes role from  FOLLOWER to FOLLOWER at term 39 for recognizeCandidate:09ea8095-e0f7-4a15-a25f-71748f8d4e7f
2019-10-17 18:39:15,781 [grpc-default-executor-4] INFO  impl.RoleInfo (RoleInfo.java:shutdownFollowerState(121)) - 0d68154c-bc1a-4b17-bcf5-90972ecdd7ac: shutdown FollowerState
2019-10-17 18:39:15,781 [grpc-default-executor-4] INFO  impl.RoleInfo (RoleInfo.java:updateAndGet(143)) - 0d68154c-bc1a-4b17-bcf5-90972ecdd7ac: start FollowerState
2019-10-17 18:39:15,781 [Thread-826] INFO  impl.FollowerState (FollowerState.java:run(117)) - 0d68154c-bc1a-4b17-bcf5-90972ecdd7ac@group-A236C1E6A57F-FollowerState was interrupted: java.lang.InterruptedException: sleep interrupted
2019-10-17 18:39:15,796 [09ea8095-e0f7-4a15-a25f-71748f8d4e7f@group-A236C1E6A57F-LeaderElection42] INFO  impl.LeaderElection (LeaderElection.java:logAndReturn(56)) - 09ea8095-e0f7-4a15-a25f-71748f8d4e7f@group-A236C1E6A57F-LeaderElection42: Election REJECTED; received 2 response(s) [09ea8095-e0f7-4a15-a25f-71748f8d4e7f<-7b069786-c4de-4177-a49c-78057d3e7b27#0:FAIL-t39, 09ea8095-e0f7-4a15-a25f-71748f8d4e7f<-0d68154c-bc1a-4b17-bcf5-90972ecdd7ac#0:FAIL-t39] and 0 exception(s); 09ea8095-e0f7-4a15-a25f-71748f8d4e7f@group-A236C1E6A57F:t39, leader=null, voted=09ea8095-e0f7-4a15-a25f-71748f8d4e7f, raftlog=09ea8095-e0f7-4a15-a25f-71748f8d4e7f@group-A236C1E6A57F-SegmentedRaftLog:OPENED:c5,f6,i6, conf=1: [7b069786-c4de-4177-a49c-78057d3e7b27:192.168.157.251:46071, 0d68154c-bc1a-4b17-bcf5-90972ecdd7ac:192.168.157.251:40580, 09ea8095-e0f7-4a15-a25f-71748f8d4e7f:192.168.157.251:43128], old=null
2019-10-17 18:39:15,796 [09ea8095-e0f7-4a15-a25f-71748f8d4e7f@group-A236C1E6A57F-LeaderElection42] INFO  impl.RaftServerImpl (RaftServerImpl.java:setRole(184)) - 09ea8095-e0f7-4a15-a25f-71748f8d4e7f@group-A236C1E6A57F: changes role from CANDIDATE to FOLLOWER at term 39 for DISCOVERED_A_NEW_TERM
2019-10-17 18:39:15,796 [09ea8095-e0f7-4a15-a25f-71748f8d4e7f@group-A236C1E6A57F-LeaderElection42] INFO  impl.RoleInfo (RoleInfo.java:shutdownLeaderElection(134)) - 09ea8095-e0f7-4a15-a25f-71748f8d4e7f: shutdown LeaderElection
2019-10-17 18:39:15,796 [09ea8095-e0f7-4a15-a25f-71748f8d4e7f@group-A236C1E6A57F-LeaderElection42] INFO  impl.RoleInfo (RoleInfo.java:updateAndGet(143)) - 09ea8095-e0f7-4a15-a25f-71748f8d4e7f: start FollowerState
2019-10-17 18:39:15,915 [EventQueue-PendingDeleteStatusForPendingDeleteHandler] INFO  block.SCMBlockDeletingService (SCMBlockDeletingService.java:handlePendingDeletes(115)) - Block deletion txnID mismatch in datanode 09ea8095-e0f7-4a15-a25f-71748f8d4e7f for containerID 1. Datanode delete txnID: 0, SCM txnID: 1
2019-10-17 18:39:15,951 [Thread-833] INFO  impl.FollowerState (FollowerState.java:run(108)) - 09ea8095-e0f7-4a15-a25f-71748f8d4e7f@group-A236C1E6A57F-FollowerState: change to CANDIDATE, lastRpcTime:154ms, electionTimeout:154ms
2019-10-17 18:39:15,951 [Thread-833] INFO  impl.RoleInfo (RoleInfo.java:shutdownFollowerState(121)) - 09ea8095-e0f7-4a15-a25f-71748f8d4e7f: shutdown FollowerState
2019-10-17 18:39:15,951 [Thread-833] INFO  impl.RaftServerImpl (RaftServerImpl.java:setRole(184)) - 09ea8095-e0f7-4a15-a25f-71748f8d4e7f@group-A236C1E6A57F: changes role from  FOLLOWER to CANDIDATE at term 39 for changeToCandidate
2019-10-17 18:39:15,951 [Thread-833] INFO  impl.RoleInfo (RoleInfo.java:updateAndGet(143)) - 09ea8095-e0f7-4a15-a25f-71748f8d4e7f: start LeaderElection
2019-10-17 18:39:15,965 [09ea8095-e0f7-4a15-a25f-71748f8d4e7f@group-A236C1E6A57F-LeaderElection43] INFO  impl.LeaderElection (LeaderElection.java:askForVotes(178)) - 09ea8095-e0f7-4a15-a25f-71748f8d4e7f@group-A236C1E6A57F-LeaderElection43: begin an election at term 40 for 1: [7b069786-c4de-4177-a49c-78057d3e7b27:192.168.157.251:46071, 0d68154c-bc1a-4b17-bcf5-90972ecdd7ac:192.168.157.251:40580, 09ea8095-e0f7-4a15-a25f-71748f8d4e7f:192.168.157.251:43128], old=null
2019-10-17 18:39:15,968 [grpc-default-executor-5] INFO  impl.RaftServerImpl (RaftServerImpl.java:setRole(184)) - 7b069786-c4de-4177-a49c-78057d3e7b27@group-A236C1E6A57F: changes role from  FOLLOWER to FOLLOWER at term 40 for recognizeCandidate:09ea8095-e0f7-4a15-a25f-71748f8d4e7f
2019-10-17 18:39:15,968 [grpc-default-executor-5] INFO  impl.RoleInfo (RoleInfo.java:shutdownFollowerState(121)) - 7b069786-c4de-4177-a49c-78057d3e7b27: shutdown FollowerState
2019-10-17 18:39:15,968 [grpc-default-executor-5] INFO  impl.RoleInfo (RoleInfo.java:updateAndGet(143)) - 7b069786-c4de-4177-a49c-78057d3e7b27: start FollowerState
2019-10-17 18:39:15,968 [Thread-831] INFO  impl.FollowerState (FollowerState.java:run(117)) - 7b069786-c4de-4177-a49c-78057d3e7b27@group-A236C1E6A57F-FollowerState was interrupted: java.lang.InterruptedException: sleep interrupted
2019-10-17 18:39:15,969 [grpc-default-executor-4] INFO  impl.RaftServerImpl (RaftServerImpl.java:setRole(184)) - 0d68154c-bc1a-4b17-bcf5-90972ecdd7ac@group-A236C1E6A57F: changes role from  FOLLOWER to FOLLOWER at term 40 for recognizeCandidate:09ea8095-e0f7-4a15-a25f-71748f8d4e7f
2019-10-17 18:39:15,969 [grpc-default-executor-4] INFO  impl.RoleInfo (RoleInfo.java:shutdownFollowerState(121)) - 0d68154c-bc1a-4b17-bcf5-90972ecdd7ac: shutdown FollowerState
2019-10-17 18:39:15,969 [Thread-832] INFO  impl.FollowerState (FollowerState.java:run(117)) - 0d68154c-bc1a-4b17-bcf5-90972ecdd7ac@group-A236C1E6A57F-FollowerState was interrupted: java.lang.InterruptedException: sleep interrupted
2019-10-17 18:39:15,969 [grpc-default-executor-4] INFO  impl.RoleInfo (RoleInfo.java:updateAndGet(143)) - 0d68154c-bc1a-4b17-bcf5-90972ecdd7ac: start FollowerState
2019-10-17 18:39:15,984 [09ea8095-e0f7-4a15-a25f-71748f8d4e7f@group-A236C1E6A57F-LeaderElection43] INFO  impl.LeaderElection (LeaderElection.java:logAndReturn(56)) - 09ea8095-e0f7-4a15-a25f-71748f8d4e7f@group-A236C1E6A57F-LeaderElection43: Election REJECTED; received 2 response(s) [09ea8095-e0f7-4a15-a25f-71748f8d4e7f<-7b069786-c4de-4177-a49c-78057d3e7b27#0:FAIL-t40, 09ea8095-e0f7-4a15-a25f-71748f8d4e7f<-0d68154c-bc1a-4b17-bcf5-90972ecdd7ac#0:FAIL-t40] and 0 exception(s); 09ea8095-e0f7-4a15-a25f-71748f8d4e7f@group-A236C1E6A57F:t40, leader=null, voted=09ea8095-e0f7-4a15-a25f-71748f8d4e7f, raftlog=09ea8095-e0f7-4a15-a25f-71748f8d4e7f@group-A236C1E6A57F-SegmentedRaftLog:OPENED:c5,f6,i6, conf=1: [7b069786-c4de-4177-a49c-78057d3e7b27:192.168.157.251:46071, 0d68154c-bc1a-4b17-bcf5-90972ecdd7ac:192.168.157.251:40580, 09ea8095-e0f7-4a15-a25f-71748f8d4e7f:192.168.157.251:43128], old=null
2019-10-17 18:39:15,984 [09ea8095-e0f7-4a15-a25f-71748f8d4e7f@group-A236C1E6A57F-LeaderElection43] INFO  impl.RaftServerImpl (RaftServerImpl.java:setRole(184)) - 09ea8095-e0f7-4a15-a25f-71748f8d4e7f@group-A236C1E6A57F: changes role from CANDIDATE to FOLLOWER at term 40 for DISCOVERED_A_NEW_TERM
2019-10-17 18:39:15,984 [09ea8095-e0f7-4a15-a25f-71748f8d4e7f@group-A236C1E6A57F-LeaderElection43] INFO  impl.RoleInfo (RoleInfo.java:shutdownLeaderElection(134)) - 09ea8095-e0f7-4a15-a25f-71748f8d4e7f: shutdown LeaderElection
2019-10-17 18:39:15,984 [09ea8095-e0f7-4a15-a25f-71748f8d4e7f@group-A236C1E6A57F-LeaderElection43] INFO  impl.RoleInfo (RoleInfo.java:updateAndGet(143)) - 09ea8095-e0f7-4a15-a25f-71748f8d4e7f: start FollowerState
2019-10-17 18:39:15,992 [grpc-default-executor-4] INFO  impl.RaftServerProxy (RaftServerProxy.java:addNew(89)) - 09ea8095-e0f7-4a15-a25f-71748f8d4e7f: addNew group-A353761F28FB:[09ea8095-e0f7-4a15-a25f-71748f8d4e7f:192.168.157.251:43128] returns group-A353761F28FB:java.util.concurrent.CompletableFuture@60cd8a52[Not completed]
2019-10-17 18:39:15,995 [pool-59-thread-1] INFO  impl.RaftServerImpl (RaftServerImpl.java:<init>(104)) - 09ea8095-e0f7-4a15-a25f-71748f8d4e7f: new RaftServerImpl for group-A353761F28FB:[09ea8095-e0f7-4a15-a25f-71748f8d4e7f:192.168.157.251:43128] with ContainerStateMachine:uninitialized
2019-10-17 18:39:15,995 [pool-59-thread-1] INFO  server.RaftServerConfigKeys (ConfUtils.java:logGet(43)) - raft.server.rpc.timeout.min = 5s (custom)
2019-10-17 18:39:15,995 [pool-59-thread-1] INFO  server.RaftServerConfigKeys (ConfUtils.java:logGet(43)) - raft.server.rpc.timeout.max = 5200ms (custom)
2019-10-17 18:39:15,996 [pool-59-thread-1] INFO  server.RaftServerConfigKeys (ConfUtils.java:logGet(43)) - raft.server.rpcslowness.timeout = 1000s (custom)
2019-10-17 18:39:15,996 [pool-59-thread-1] INFO  server.RaftServerConfigKeys (ConfUtils.java:logGet(43)) - raft.server.sleep.deviation.threshold = 300 (default)
2019-10-17 18:39:15,996 [pool-59-thread-1] INFO  server.RaftServerConfigKeys (ConfUtils.java:logGet(43)) - raft.server.log.appender.install.snapshot.enabled = false (custom)
2019-10-17 18:39:15,996 [pool-59-thread-1] INFO  impl.RaftServerImpl (ServerState.java:<init>(103)) - 09ea8095-e0f7-4a15-a25f-71748f8d4e7f@group-A353761F28FB: ConfigurationManager, init=-1: [09ea8095-e0f7-4a15-a25f-71748f8d4e7f:192.168.157.251:43128], old=null, confs=<EMPTY_MAP>
2019-10-17 18:39:15,996 [pool-59-thread-1] INFO  server.RaftServerConfigKeys (ConfUtils.java:logGet(43)) - raft.server.storage.dir = [/workdir/hadoop-ozone/integration-test/target/test-dir/MiniOzoneClusterImpl-7c97e77e-72d1-4dbe-ba9d-252c38b2309c/datanode-2/data/ratis] (custom)
2019-10-17 18:39:15,997 [pool-59-thread-1] INFO  server.RaftServerConfigKeys (ConfUtils.java:logGet(43)) - raft.server.log.corruption.policy = EXCEPTION (default)
2019-10-17 18:39:15,997 [pool-59-thread-1] INFO  storage.RaftStorageDirectory (RaftStorageDirectory.java:analyzeStorage(246)) - The storage directory /workdir/hadoop-ozone/integration-test/target/test-dir/MiniOzoneClusterImpl-7c97e77e-72d1-4dbe-ba9d-252c38b2309c/datanode-2/data/ratis/2032eb87-1558-46d7-8deb-a353761f28fb does not exist. Creating ...
2019-10-17 18:39:16,010 [pool-59-thread-1] INFO  storage.RaftStorageDirectory (RaftStorageDirectory.java:tryLock(328)) - Lock on /workdir/hadoop-ozone/integration-test/target/test-dir/MiniOzoneClusterImpl-7c97e77e-72d1-4dbe-ba9d-252c38b2309c/datanode-2/data/ratis/2032eb87-1558-46d7-8deb-a353761f28fb/in_use.lock acquired by nodename 9147@pr-hdds-2318-qqrts-113280968
2019-10-17 18:39:16,023 [pool-59-thread-1] INFO  storage.RaftStorage (RaftStorage.java:format(84)) - Storage directory /workdir/hadoop-ozone/integration-test/target/test-dir/MiniOzoneClusterImpl-7c97e77e-72d1-4dbe-ba9d-252c38b2309c/datanode-2/data/ratis/2032eb87-1558-46d7-8deb-a353761f28fb has been successfully formatted.
2019-10-17 18:39:16,023 [pool-59-thread-1] INFO  ratis.ContainerStateMachine (ContainerStateMachine.java:loadSnapshot(231)) - group-A353761F28FB: The snapshot info is null. Setting the last applied indexto:(t:0, i:~)
2019-10-17 18:39:16,023 [pool-59-thread-1] INFO  server.RaftServerConfigKeys (ConfUtils.java:logGet(43)) - raft.server.notification.no-leader.timeout = 1000s (custom)
2019-10-17 18:39:16,023 [pool-59-thread-1] INFO  server.RaftServerConfigKeys (ConfUtils.java:logGet(43)) - raft.server.log.use.memory = false (default)
2019-10-17 18:39:16,023 [pool-59-thread-1] INFO  server.RaftServerConfigKeys (ConfUtils.java:logGet(43)) - raft.server.log.purge.gap = 1000000 (custom)
2019-10-17 18:39:16,023 [pool-59-thread-1] INFO  server.RaftServerConfigKeys (ConfUtils.java:logGet(43)) - raft.server.log.appender.buffer.byte-limit = 33554432 (custom)
2019-10-17 18:39:16,024 [pool-59-thread-1] INFO  server.RaftServerConfigKeys (ConfUtils.java:logGet(43)) - raft.server.log.segment.size.max = 1048576 (custom)
2019-10-17 18:39:16,024 [pool-59-thread-1] INFO  server.RaftServerConfigKeys (ConfUtils.java:logGet(43)) - raft.server.log.segment.cache.num.max = 2 (custom)
2019-10-17 18:39:16,024 [pool-59-thread-1] INFO  segmented.SegmentedRaftLogWorker (SegmentedRaftLogWorker.java:<init>(173)) - new 09ea8095-e0f7-4a15-a25f-71748f8d4e7f@group-A353761F28FB-SegmentedRaftLogWorker for RaftStorage:Storage Directory /workdir/hadoop-ozone/integration-test/target/test-dir/MiniOzoneClusterImpl-7c97e77e-72d1-4dbe-ba9d-252c38b2309c/datanode-2/data/ratis/2032eb87-1558-46d7-8deb-a353761f28fb
2019-10-17 18:39:16,024 [pool-59-thread-1] INFO  server.RaftServerConfigKeys (ConfUtils.java:logGet(43)) - raft.server.log.queue.byte-limit = 2147483647 (custom)
2019-10-17 18:39:16,024 [pool-59-thread-1] INFO  server.RaftServerConfigKeys (ConfUtils.java:logGet(43)) - raft.server.log.queue.element-limit = 1024 (custom)
2019-10-17 18:39:16,024 [pool-59-thread-1] INFO  server.RaftServerConfigKeys (ConfUtils.java:logGet(43)) - raft.server.log.segment.size.max = 1048576 (custom)
2019-10-17 18:39:16,024 [pool-59-thread-1] INFO  server.RaftServerConfigKeys (ConfUtils.java:logGet(43)) - raft.server.log.preallocated.size = 16384 (custom)
2019-10-17 18:39:16,024 [pool-59-thread-1] INFO  server.RaftServerConfigKeys (ConfUtils.java:logGet(43)) - raft.server.log.write.buffer.size = 33554432 (custom)
2019-10-17 18:39:16,025 [pool-59-thread-1] INFO  server.RaftServerConfigKeys (ConfUtils.java:logGet(43)) - raft.server.log.force.sync.num = 128 (default)
2019-10-17 18:39:16,025 [pool-59-thread-1] INFO  server.RaftServerConfigKeys (ConfUtils.java:logGet(43)) - raft.server.log.statemachine.data.sync = true (default)
2019-10-17 18:39:16,025 [pool-59-thread-1] INFO  server.RaftServerConfigKeys (ConfUtils.java:logGet(43)) - raft.server.log.statemachine.data.sync.timeout = 10s (default)
2019-10-17 18:39:16,025 [pool-59-thread-1] INFO  server.RaftServerConfigKeys (ConfUtils.java:logGet(43)) - raft.server.log.statemachine.data.sync.timeout.retry = -1 (default)
2019-10-17 18:39:16,025 [pool-59-thread-1] INFO  server.RaftServerConfigKeys (ConfUtils.java:logGet(43)) - raft.server.log.statemachine.data.caching.enabled = true (custom)
2019-10-17 18:39:16,025 [pool-59-thread-1] INFO  segmented.SegmentedRaftLogWorker (SegmentedRaftLogWorker.java:lambda$new$0(128)) - 09ea8095-e0f7-4a15-a25f-71748f8d4e7f@group-A353761F28FB-SegmentedRaftLogWorker: flushIndex: setUnconditionally 0 -> -1
2019-10-17 18:39:16,026 [pool-59-thread-1] INFO  server.RaftServerConfigKeys (ConfUtils.java:logGet(43)) - raft.server.snapshot.auto.trigger.enabled = true (custom)
2019-10-17 18:39:16,026 [pool-59-thread-1] INFO  server.RaftServerConfigKeys (ConfUtils.java:logGet(43)) - raft.server.snapshot.auto.trigger.threshold = 10000 (custom)
2019-10-17 18:39:16,026 [pool-59-thread-1] INFO  server.RaftServerConfigKeys (ConfUtils.java:logGet(43)) - raft.server.snapshot.retention.file.num = 5 (custom)
2019-10-17 18:39:16,026 [pool-59-thread-1] INFO  server.RaftServerConfigKeys (ConfUtils.java:logGet(43)) - raft.server.retrycache.expirytime = 600000ms (custom)
2019-10-17 18:39:16,029 [pool-59-thread-1] INFO  impl.RaftServerImpl (RaftServerImpl.java:start(195)) - 09ea8095-e0f7-4a15-a25f-71748f8d4e7f@group-A353761F28FB: start as a follower, conf=-1: [09ea8095-e0f7-4a15-a25f-71748f8d4e7f:192.168.157.251:43128], old=null
2019-10-17 18:39:16,029 [pool-59-thread-1] INFO  impl.RaftServerImpl (RaftServerImpl.java:setRole(184)) - 09ea8095-e0f7-4a15-a25f-71748f8d4e7f@group-A353761F28FB: changes role from      null to FOLLOWER at term 0 for startAsFollower
2019-10-17 18:39:16,029 [pool-59-thread-1] INFO  impl.RoleInfo (RoleInfo.java:updateAndGet(143)) - 09ea8095-e0f7-4a15-a25f-71748f8d4e7f: start FollowerState
2019-10-17 18:39:16,029 [pool-59-thread-1] INFO  util.JmxRegister (JmxRegister.java:tryRegister(44)) - Successfully registered JMX Bean with object name Ratis:service=RaftServer,group=group-A353761F28FB,id=09ea8095-e0f7-4a15-a25f-71748f8d4e7f
2019-10-17 18:39:16,035 [Thread-843] INFO  impl.FollowerState (FollowerState.java:run(108)) - 09ea8095-e0f7-4a15-a25f-71748f8d4e7f@group-A353761F28FB-FollowerState: change to CANDIDATE, lastRpcTime:6ms, electionTimeout:6ms
2019-10-17 18:39:16,036 [Thread-843] INFO  impl.RoleInfo (RoleInfo.java:shutdownFollowerState(121)) - 09ea8095-e0f7-4a15-a25f-71748f8d4e7f: shutdown FollowerState
2019-10-17 18:39:16,036 [RatisPipelineUtilsThread] INFO  pipeline.PipelineStateManager (PipelineStateManager.java:addPipeline(56)) - Created pipeline Pipeline[ Id: 2032eb87-1558-46d7-8deb-a353761f28fb, Nodes: 09ea8095-e0f7-4a15-a25f-71748f8d4e7f{ip: 192.168.157.251, host: pr-hdds-2318-qqrts-113280968, networkLocation: /default-rack, certSerialId: null}, Type:RATIS, Factor:ONE, State:OPEN]
2019-10-17 18:39:16,036 [Thread-843] INFO  impl.RaftServerImpl (RaftServerImpl.java:setRole(184)) - 09ea8095-e0f7-4a15-a25f-71748f8d4e7f@group-A353761F28FB: changes role from  FOLLOWER to CANDIDATE at term 0 for changeToCandidate
2019-10-17 18:39:16,036 [Thread-843] INFO  impl.RoleInfo (RoleInfo.java:updateAndGet(143)) - 09ea8095-e0f7-4a15-a25f-71748f8d4e7f: start LeaderElection
2019-10-17 18:39:16,046 [grpc-default-executor-5] INFO  impl.RaftServerProxy (RaftServerProxy.java:addNew(89)) - 7b069786-c4de-4177-a49c-78057d3e7b27: addNew group-644E3E5AD574:[7b069786-c4de-4177-a49c-78057d3e7b27:192.168.157.251:46071, 0d68154c-bc1a-4b17-bcf5-90972ecdd7ac:192.168.157.251:40580, 09ea8095-e0f7-4a15-a25f-71748f8d4e7f:192.168.157.251:43128] returns group-644E3E5AD574:java.util.concurrent.CompletableFuture@29ab944c[Not completed]
2019-10-17 18:39:16,046 [grpc-default-executor-4] INFO  impl.RaftServerProxy (RaftServerProxy.java:addNew(89)) - 09ea8095-e0f7-4a15-a25f-71748f8d4e7f: addNew group-644E3E5AD574:[7b069786-c4de-4177-a49c-78057d3e7b27:192.168.157.251:46071, 0d68154c-bc1a-4b17-bcf5-90972ecdd7ac:192.168.157.251:40580, 09ea8095-e0f7-4a15-a25f-71748f8d4e7f:192.168.157.251:43128] returns group-644E3E5AD574:java.util.concurrent.CompletableFuture@16af1926[Not completed]
2019-10-17 18:39:16,047 [grpc-default-executor-4] INFO  impl.RaftServerProxy (RaftServerProxy.java:addNew(89)) - 0d68154c-bc1a-4b17-bcf5-90972ecdd7ac: addNew group-644E3E5AD574:[7b069786-c4de-4177-a49c-78057d3e7b27:192.168.157.251:46071, 0d68154c-bc1a-4b17-bcf5-90972ecdd7ac:192.168.157.251:40580, 09ea8095-e0f7-4a15-a25f-71748f8d4e7f:192.168.157.251:43128] returns group-644E3E5AD574:java.util.concurrent.CompletableFuture@1a3c8ebb[Not completed]
2019-10-17 18:39:16,047 [pool-59-thread-1] INFO  impl.RaftServerImpl (RaftServerImpl.java:<init>(104)) - 09ea8095-e0f7-4a15-a25f-71748f8d4e7f: new RaftServerImpl for group-644E3E5AD574:[7b069786-c4de-4177-a49c-78057d3e7b27:192.168.157.251:46071, 0d68154c-bc1a-4b17-bcf5-90972ecdd7ac:192.168.157.251:40580, 09ea8095-e0f7-4a15-a25f-71748f8d4e7f:192.168.157.251:43128] with ContainerStateMachine:uninitialized
2019-10-17 18:39:16,047 [pool-59-thread-1] INFO  server.RaftServerConfigKeys (ConfUtils.java:logGet(43)) - raft.server.rpc.timeout.min = 5s (custom)
2019-10-17 18:39:16,047 [pool-59-thread-1] INFO  server.RaftServerConfigKeys (ConfUtils.java:logGet(43)) - raft.server.rpc.timeout.max = 5200ms (custom)
2019-10-17 18:39:16,047 [pool-59-thread-1] INFO  server.RaftServerConfigKeys (ConfUtils.java:logGet(43)) - raft.server.rpcslowness.timeout = 1000s (custom)
2019-10-17 18:39:16,047 [pool-59-thread-1] INFO  server.RaftServerConfigKeys (ConfUtils.java:logGet(43)) - raft.server.sleep.deviation.threshold = 300 (default)
2019-10-17 18:39:16,047 [pool-59-thread-1] INFO  server.RaftServerConfigKeys (ConfUtils.java:logGet(43)) - raft.server.log.appender.install.snapshot.enabled = false (custom)
2019-10-17 18:39:16,047 [pool-59-thread-1] INFO  impl.RaftServerImpl (ServerState.java:<init>(103)) - 09ea8095-e0f7-4a15-a25f-71748f8d4e7f@group-644E3E5AD574: ConfigurationManager, init=-1: [7b069786-c4de-4177-a49c-78057d3e7b27:192.168.157.251:46071, 0d68154c-bc1a-4b17-bcf5-90972ecdd7ac:192.168.157.251:40580, 09ea8095-e0f7-4a15-a25f-71748f8d4e7f:192.168.157.251:43128], old=null, confs=<EMPTY_MAP>
2019-10-17 18:39:16,048 [pool-59-thread-1] INFO  server.RaftServerConfigKeys (ConfUtils.java:logGet(43)) - raft.server.storage.dir = [/workdir/hadoop-ozone/integration-test/target/test-dir/MiniOzoneClusterImpl-7c97e77e-72d1-4dbe-ba9d-252c38b2309c/datanode-2/data/ratis] (custom)
2019-10-17 18:39:16,048 [pool-59-thread-1] INFO  server.RaftServerConfigKeys (ConfUtils.java:logGet(43)) - raft.server.log.corruption.policy = EXCEPTION (default)
2019-10-17 18:39:16,048 [pool-59-thread-1] INFO  storage.RaftStorageDirectory (RaftStorageDirectory.java:analyzeStorage(246)) - The storage directory /workdir/hadoop-ozone/integration-test/target/test-dir/MiniOzoneClusterImpl-7c97e77e-72d1-4dbe-ba9d-252c38b2309c/datanode-2/data/ratis/1032caee-2ff3-4bfb-9ad2-644e3e5ad574 does not exist. Creating ...
2019-10-17 18:39:16,049 [pool-37-thread-1] INFO  impl.RaftServerImpl (RaftServerImpl.java:<init>(104)) - 7b069786-c4de-4177-a49c-78057d3e7b27: new RaftServerImpl for group-644E3E5AD574:[7b069786-c4de-4177-a49c-78057d3e7b27:192.168.157.251:46071, 0d68154c-bc1a-4b17-bcf5-90972ecdd7ac:192.168.157.251:40580, 09ea8095-e0f7-4a15-a25f-71748f8d4e7f:192.168.157.251:43128] with ContainerStateMachine:uninitialized
2019-10-17 18:39:16,049 [pool-37-thread-1] INFO  server.RaftServerConfigKeys (ConfUtils.java:logGet(43)) - raft.server.rpc.timeout.min = 5s (custom)
2019-10-17 18:39:16,049 [pool-37-thread-1] INFO  server.RaftServerConfigKeys (ConfUtils.java:logGet(43)) - raft.server.rpc.timeout.max = 5200ms (custom)
2019-10-17 18:39:16,050 [pool-37-thread-1] INFO  server.RaftServerConfigKeys (ConfUtils.java:logGet(43)) - raft.server.rpcslowness.timeout = 1000s (custom)
2019-10-17 18:39:16,050 [pool-37-thread-1] INFO  server.RaftServerConfigKeys (ConfUtils.java:logGet(43)) - raft.server.sleep.deviation.threshold = 300 (default)
2019-10-17 18:39:16,050 [pool-37-thread-1] INFO  server.RaftServerConfigKeys (ConfUtils.java:logGet(43)) - raft.server.log.appender.install.snapshot.enabled = false (custom)
2019-10-17 18:39:16,050 [pool-37-thread-1] INFO  impl.RaftServerImpl (ServerState.java:<init>(103)) - 7b069786-c4de-4177-a49c-78057d3e7b27@group-644E3E5AD574: ConfigurationManager, init=-1: [7b069786-c4de-4177-a49c-78057d3e7b27:192.168.157.251:46071, 0d68154c-bc1a-4b17-bcf5-90972ecdd7ac:192.168.157.251:40580, 09ea8095-e0f7-4a15-a25f-71748f8d4e7f:192.168.157.251:43128], old=null, confs=<EMPTY_MAP>
2019-10-17 18:39:16,050 [pool-37-thread-1] INFO  server.RaftServerConfigKeys (ConfUtils.java:logGet(43)) - raft.server.storage.dir = [/workdir/hadoop-ozone/integration-test/target/test-dir/MiniOzoneClusterImpl-7c97e77e-72d1-4dbe-ba9d-252c38b2309c/datanode-1/data/ratis] (custom)
2019-10-17 18:39:16,051 [pool-37-thread-1] INFO  server.RaftServerConfigKeys (ConfUtils.java:logGet(43)) - raft.server.log.corruption.policy = EXCEPTION (default)
2019-10-17 18:39:16,051 [pool-27-thread-1] INFO  impl.RaftServerImpl (RaftServerImpl.java:<init>(104)) - 0d68154c-bc1a-4b17-bcf5-90972ecdd7ac: new RaftServerImpl for group-644E3E5AD574:[7b069786-c4de-4177-a49c-78057d3e7b27:192.168.157.251:46071, 0d68154c-bc1a-4b17-bcf5-90972ecdd7ac:192.168.157.251:40580, 09ea8095-e0f7-4a15-a25f-71748f8d4e7f:192.168.157.251:43128] with ContainerStateMachine:uninitialized
2019-10-17 18:39:16,051 [09ea8095-e0f7-4a15-a25f-71748f8d4e7f@group-A353761F28FB-LeaderElection44] INFO  impl.LeaderElection (LeaderElection.java:askForVotes(178)) - 09ea8095-e0f7-4a15-a25f-71748f8d4e7f@group-A353761F28FB-LeaderElection44: begin an election at term 1 for -1: [09ea8095-e0f7-4a15-a25f-71748f8d4e7f:192.168.157.251:43128], old=null
2019-10-17 18:39:16,051 [pool-59-thread-1] INFO  storage.RaftStorageDirectory (RaftStorageDirectory.java:tryLock(328)) - Lock on /workdir/hadoop-ozone/integration-test/target/test-dir/MiniOzoneClusterImpl-7c97e77e-72d1-4dbe-ba9d-252c38b2309c/datanode-2/data/ratis/1032caee-2ff3-4bfb-9ad2-644e3e5ad574/in_use.lock acquired by nodename 9147@pr-hdds-2318-qqrts-113280968
2019-10-17 18:39:16,051 [09ea8095-e0f7-4a15-a25f-71748f8d4e7f@group-A353761F28FB-LeaderElection44] INFO  impl.RoleInfo (RoleInfo.java:shutdownLeaderElection(134)) - 09ea8095-e0f7-4a15-a25f-71748f8d4e7f: shutdown LeaderElection
2019-10-17 18:39:16,051 [pool-27-thread-1] INFO  server.RaftServerConfigKeys (ConfUtils.java:logGet(43)) - raft.server.rpc.timeout.min = 5s (custom)
2019-10-17 18:39:16,051 [pool-37-thread-1] INFO  storage.RaftStorageDirectory (RaftStorageDirectory.java:analyzeStorage(246)) - The storage directory /workdir/hadoop-ozone/integration-test/target/test-dir/MiniOzoneClusterImpl-7c97e77e-72d1-4dbe-ba9d-252c38b2309c/datanode-1/data/ratis/1032caee-2ff3-4bfb-9ad2-644e3e5ad574 does not exist. Creating ...
2019-10-17 18:39:16,051 [pool-27-thread-1] INFO  server.RaftServerConfigKeys (ConfUtils.java:logGet(43)) - raft.server.rpc.timeout.max = 5200ms (custom)
2019-10-17 18:39:16,051 [09ea8095-e0f7-4a15-a25f-71748f8d4e7f@group-A353761F28FB-LeaderElection44] INFO  impl.RaftServerImpl (RaftServerImpl.java:setRole(184)) - 09ea8095-e0f7-4a15-a25f-71748f8d4e7f@group-A353761F28FB: changes role from CANDIDATE to LEADER at term 1 for changeToLeader
2019-10-17 18:39:16,052 [pool-27-thread-1] INFO  server.RaftServerConfigKeys (ConfUtils.java:logGet(43)) - raft.server.rpcslowness.timeout = 1000s (custom)
2019-10-17 18:39:16,052 [09ea8095-e0f7-4a15-a25f-71748f8d4e7f@group-A353761F28FB-LeaderElection44] INFO  impl.RaftServerImpl (ServerState.java:setLeader(256)) - 09ea8095-e0f7-4a15-a25f-71748f8d4e7f@group-A353761F28FB: change Leader from null to 09ea8095-e0f7-4a15-a25f-71748f8d4e7f at term 1 for becomeLeader, leader elected after 28ms
2019-10-17 18:39:16,052 [pool-27-thread-1] INFO  server.RaftServerConfigKeys (ConfUtils.java:logGet(43)) - raft.server.sleep.deviation.threshold = 300 (default)
2019-10-17 18:39:16,052 [09ea8095-e0f7-4a15-a25f-71748f8d4e7f@group-A353761F28FB-LeaderElection44] INFO  server.RaftServerConfigKeys (ConfUtils.java:logGet(43)) - raft.server.staging.catchup.gap = 1000 (default)
2019-10-17 18:39:16,052 [pool-27-thread-1] INFO  server.RaftServerConfigKeys (ConfUtils.java:logGet(43)) - raft.server.log.appender.install.snapshot.enabled = false (custom)
2019-10-17 18:39:16,052 [09ea8095-e0f7-4a15-a25f-71748f8d4e7f@group-A353761F28FB-LeaderElection44] INFO  server.RaftServerConfigKeys (ConfUtils.java:logGet(43)) - raft.server.rpc.sleep.time = 25ms (default)
2019-10-17 18:39:16,053 [pool-27-thread-1] INFO  impl.RaftServerImpl (ServerState.java:<init>(103)) - 0d68154c-bc1a-4b17-bcf5-90972ecdd7ac@group-644E3E5AD574: ConfigurationManager, init=-1: [7b069786-c4de-4177-a49c-78057d3e7b27:192.168.157.251:46071, 0d68154c-bc1a-4b17-bcf5-90972ecdd7ac:192.168.157.251:40580, 09ea8095-e0f7-4a15-a25f-71748f8d4e7f:192.168.157.251:43128], old=null, confs=<EMPTY_MAP>
2019-10-17 18:39:16,053 [09ea8095-e0f7-4a15-a25f-71748f8d4e7f@group-A353761F28FB-LeaderElection44] INFO  server.RaftServerConfigKeys (ConfUtils.java:logGet(43)) - raft.server.write.element-limit = 4096 (default)
2019-10-17 18:39:16,053 [pool-27-thread-1] INFO  server.RaftServerConfigKeys (ConfUtils.java:logGet(43)) - raft.server.storage.dir = [/workdir/hadoop-ozone/integration-test/target/test-dir/MiniOzoneClusterImpl-7c97e77e-72d1-4dbe-ba9d-252c38b2309c/datanode-0/data/ratis] (custom)
2019-10-17 18:39:16,053 [09ea8095-e0f7-4a15-a25f-71748f8d4e7f@group-A353761F28FB-LeaderElection44] INFO  server.RaftServerConfigKeys (ConfUtils.java:logGet(43)) - raft.server.watch.timeout = 10s (default)
2019-10-17 18:39:16,053 [09ea8095-e0f7-4a15-a25f-71748f8d4e7f@group-A353761F28FB-LeaderElection44] INFO  server.RaftServerConfigKeys (ConfUtils.java:logGet(43)) - raft.server.watch.timeout.denomination = 1s (default)
2019-10-17 18:39:16,053 [pool-27-thread-1] INFO  server.RaftServerConfigKeys (ConfUtils.java:logGet(43)) - raft.server.log.corruption.policy = EXCEPTION (default)
2019-10-17 18:39:16,053 [09ea8095-e0f7-4a15-a25f-71748f8d4e7f@group-A353761F28FB-LeaderElection44] INFO  server.RaftServerConfigKeys (ConfUtils.java:logGet(43)) - raft.server.watch.element-limit = 65536 (default)
2019-10-17 18:39:16,053 [pool-27-thread-1] INFO  storage.RaftStorageDirectory (RaftStorageDirectory.java:analyzeStorage(246)) - The storage directory /workdir/hadoop-ozone/integration-test/target/test-dir/MiniOzoneClusterImpl-7c97e77e-72d1-4dbe-ba9d-252c38b2309c/datanode-0/data/ratis/1032caee-2ff3-4bfb-9ad2-644e3e5ad574 does not exist. Creating ...
2019-10-17 18:39:16,055 [Thread-841] INFO  impl.FollowerState (FollowerState.java:run(108)) - 09ea8095-e0f7-4a15-a25f-71748f8d4e7f@group-A236C1E6A57F-FollowerState: change to CANDIDATE, lastRpcTime:70ms, electionTimeout:70ms
2019-10-17 18:39:16,055 [Thread-841] INFO  impl.RoleInfo (RoleInfo.java:shutdownFollowerState(121)) - 09ea8095-e0f7-4a15-a25f-71748f8d4e7f: shutdown FollowerState
2019-10-17 18:39:16,055 [Thread-841] INFO  impl.RaftServerImpl (RaftServerImpl.java:setRole(184)) - 09ea8095-e0f7-4a15-a25f-71748f8d4e7f@group-A236C1E6A57F: changes role from  FOLLOWER to CANDIDATE at term 40 for changeToCandidate
2019-10-17 18:39:16,055 [Thread-841] INFO  impl.RoleInfo (RoleInfo.java:updateAndGet(143)) - 09ea8095-e0f7-4a15-a25f-71748f8d4e7f: start LeaderElection
2019-10-17 18:39:16,055 [09ea8095-e0f7-4a15-a25f-71748f8d4e7f@group-A353761F28FB-LeaderElection44] INFO  impl.RoleInfo (RoleInfo.java:updateAndGet(143)) - 09ea8095-e0f7-4a15-a25f-71748f8d4e7f: start LeaderState
2019-10-17 18:39:16,056 [09ea8095-e0f7-4a15-a25f-71748f8d4e7f@group-A353761F28FB-LeaderElection44] INFO  segmented.SegmentedRaftLogWorker (SegmentedRaftLogWorker.java:startLogSegment(385)) - 09ea8095-e0f7-4a15-a25f-71748f8d4e7f@group-A353761F28FB-SegmentedRaftLogWorker: Starting segment from index:0
2019-10-17 18:39:16,056 [09ea8095-e0f7-4a15-a25f-71748f8d4e7f@group-A353761F28FB-LeaderElection44] INFO  impl.RaftServerImpl (ServerState.java:setRaftConf(357)) - 09ea8095-e0f7-4a15-a25f-71748f8d4e7f@group-A353761F28FB: set configuration 0: [09ea8095-e0f7-4a15-a25f-71748f8d4e7f:192.168.157.251:43128], old=null at 0
2019-10-17 18:39:16,084 [pool-37-thread-1] INFO  storage.RaftStorageDirectory (RaftStorageDirectory.java:tryLock(328)) - Lock on /workdir/hadoop-ozone/integration-test/target/test-dir/MiniOzoneClusterImpl-7c97e77e-72d1-4dbe-ba9d-252c38b2309c/datanode-1/data/ratis/1032caee-2ff3-4bfb-9ad2-644e3e5ad574/in_use.lock acquired by nodename 9147@pr-hdds-2318-qqrts-113280968
2019-10-17 18:39:16,084 [09ea8095-e0f7-4a15-a25f-71748f8d4e7f@group-A236C1E6A57F-LeaderElection45] INFO  impl.LeaderElection (LeaderElection.java:askForVotes(178)) - 09ea8095-e0f7-4a15-a25f-71748f8d4e7f@group-A236C1E6A57F-LeaderElection45: begin an election at term 41 for 1: [7b069786-c4de-4177-a49c-78057d3e7b27:192.168.157.251:46071, 0d68154c-bc1a-4b17-bcf5-90972ecdd7ac:192.168.157.251:40580, 09ea8095-e0f7-4a15-a25f-71748f8d4e7f:192.168.157.251:43128], old=null
2019-10-17 18:39:16,084 [pool-59-thread-1] INFO  storage.RaftStorage (RaftStorage.java:format(84)) - Storage directory /workdir/hadoop-ozone/integration-test/target/test-dir/MiniOzoneClusterImpl-7c97e77e-72d1-4dbe-ba9d-252c38b2309c/datanode-2/data/ratis/1032caee-2ff3-4bfb-9ad2-644e3e5ad574 has been successfully formatted.
2019-10-17 18:39:16,084 [pool-27-thread-1] INFO  storage.RaftStorageDirectory (RaftStorageDirectory.java:tryLock(328)) - Lock on /workdir/hadoop-ozone/integration-test/target/test-dir/MiniOzoneClusterImpl-7c97e77e-72d1-4dbe-ba9d-252c38b2309c/datanode-0/data/ratis/1032caee-2ff3-4bfb-9ad2-644e3e5ad574/in_use.lock acquired by nodename 9147@pr-hdds-2318-qqrts-113280968
2019-10-17 18:39:16,085 [pool-59-thread-1] INFO  ratis.ContainerStateMachine (ContainerStateMachine.java:loadSnapshot(231)) - group-644E3E5AD574: The snapshot info is null. Setting the last applied indexto:(t:0, i:~)
2019-10-17 18:39:16,085 [pool-59-thread-1] INFO  server.RaftServerConfigKeys (ConfUtils.java:logGet(43)) - raft.server.notification.no-leader.timeout = 1000s (custom)
2019-10-17 18:39:16,085 [pool-59-thread-1] INFO  server.RaftServerConfigKeys (ConfUtils.java:logGet(43)) - raft.server.log.use.memory = false (default)
2019-10-17 18:39:16,086 [pool-59-thread-1] INFO  server.RaftServerConfigKeys (ConfUtils.java:logGet(43)) - raft.server.log.purge.gap = 1000000 (custom)
2019-10-17 18:39:16,086 [pool-59-thread-1] INFO  server.RaftServerConfigKeys (ConfUtils.java:logGet(43)) - raft.server.log.appender.buffer.byte-limit = 33554432 (custom)
2019-10-17 18:39:16,086 [pool-59-thread-1] INFO  server.RaftServerConfigKeys (ConfUtils.java:logGet(43)) - raft.server.log.segment.size.max = 1048576 (custom)
2019-10-17 18:39:16,086 [pool-59-thread-1] INFO  server.RaftServerConfigKeys (ConfUtils.java:logGet(43)) - raft.server.log.segment.cache.num.max = 2 (custom)
2019-10-17 18:39:16,086 [pool-59-thread-1] INFO  segmented.SegmentedRaftLogWorker (SegmentedRaftLogWorker.java:<init>(173)) - new 09ea8095-e0f7-4a15-a25f-71748f8d4e7f@group-644E3E5AD574-SegmentedRaftLogWorker for RaftStorage:Storage Directory /workdir/hadoop-ozone/integration-test/target/test-dir/MiniOzoneClusterImpl-7c97e77e-72d1-4dbe-ba9d-252c38b2309c/datanode-2/data/ratis/1032caee-2ff3-4bfb-9ad2-644e3e5ad574
2019-10-17 18:39:16,087 [pool-59-thread-1] INFO  server.RaftServerConfigKeys (ConfUtils.java:logGet(43)) - raft.server.log.queue.byte-limit = 2147483647 (custom)
2019-10-17 18:39:16,087 [pool-59-thread-1] INFO  server.RaftServerConfigKeys (ConfUtils.java:logGet(43)) - raft.server.log.queue.element-limit = 1024 (custom)
2019-10-17 18:39:16,087 [pool-59-thread-1] INFO  server.RaftServerConfigKeys (ConfUtils.java:logGet(43)) - raft.server.log.segment.size.max = 1048576 (custom)
2019-10-17 18:39:16,087 [pool-59-thread-1] INFO  server.RaftServerConfigKeys (ConfUtils.java:logGet(43)) - raft.server.log.preallocated.size = 16384 (custom)
2019-10-17 18:39:16,087 [grpc-default-executor-4] INFO  impl.RaftServerImpl (RaftServerImpl.java:setRole(184)) - 7b069786-c4de-4177-a49c-78057d3e7b27@group-A236C1E6A57F: changes role from  FOLLOWER to FOLLOWER at term 41 for recognizeCandidate:09ea8095-e0f7-4a15-a25f-71748f8d4e7f
2019-10-17 18:39:16,087 [grpc-default-executor-4] INFO  impl.RoleInfo (RoleInfo.java:shutdownFollowerState(121)) - 7b069786-c4de-4177-a49c-78057d3e7b27: shutdown FollowerState
2019-10-17 18:39:16,087 [pool-59-thread-1] INFO  server.RaftServerConfigKeys (ConfUtils.java:logGet(43)) - raft.server.log.write.buffer.size = 33554432 (custom)
2019-10-17 18:39:16,087 [Thread-838] INFO  impl.FollowerState (FollowerState.java:run(117)) - 7b069786-c4de-4177-a49c-78057d3e7b27@group-A236C1E6A57F-FollowerState was interrupted: java.lang.InterruptedException: sleep interrupted
2019-10-17 18:39:16,087 [grpc-default-executor-4] INFO  impl.RoleInfo (RoleInfo.java:updateAndGet(143)) - 7b069786-c4de-4177-a49c-78057d3e7b27: start FollowerState
2019-10-17 18:39:16,088 [grpc-default-executor-5] INFO  impl.RaftServerImpl (RaftServerImpl.java:setRole(184)) - 0d68154c-bc1a-4b17-bcf5-90972ecdd7ac@group-A236C1E6A57F: changes role from  FOLLOWER to FOLLOWER at term 41 for recognizeCandidate:09ea8095-e0f7-4a15-a25f-71748f8d4e7f
2019-10-17 18:39:16,088 [grpc-default-executor-5] INFO  impl.RoleInfo (RoleInfo.java:shutdownFollowerState(121)) - 0d68154c-bc1a-4b17-bcf5-90972ecdd7ac: shutdown FollowerState
2019-10-17 18:39:16,088 [pool-59-thread-1] INFO  server.RaftServerConfigKeys (ConfUtils.java:logGet(43)) - raft.server.log.force.sync.num = 128 (default)
2019-10-17 18:39:16,088 [grpc-default-executor-5] INFO  impl.RoleInfo (RoleInfo.java:updateAndGet(143)) - 0d68154c-bc1a-4b17-bcf5-90972ecdd7ac: start FollowerState
2019-10-17 18:39:16,088 [Thread-839] INFO  impl.FollowerState (FollowerState.java:run(117)) - 0d68154c-bc1a-4b17-bcf5-90972ecdd7ac@group-A236C1E6A57F-FollowerState was interrupted: java.lang.InterruptedException: sleep interrupted
2019-10-17 18:39:16,088 [pool-59-thread-1] INFO  server.RaftServerConfigKeys (ConfUtils.java:logGet(43)) - raft.server.log.statemachine.data.sync = true (default)
2019-10-17 18:39:16,089 [pool-59-thread-1] INFO  server.RaftServerConfigKeys (ConfUtils.java:logGet(43)) - raft.server.log.statemachine.data.sync.timeout = 10s (default)
2019-10-17 18:39:16,089 [pool-59-thread-1] INFO  server.RaftServerConfigKeys (ConfUtils.java:logGet(43)) - raft.server.log.statemachine.data.sync.timeout.retry = -1 (default)
2019-10-17 18:39:16,089 [pool-59-thread-1] INFO  server.RaftServerConfigKeys (ConfUtils.java:logGet(43)) - raft.server.log.statemachine.data.caching.enabled = true (custom)
2019-10-17 18:39:16,089 [pool-59-thread-1] INFO  segmented.SegmentedRaftLogWorker (SegmentedRaftLogWorker.java:lambda$new$0(128)) - 09ea8095-e0f7-4a15-a25f-71748f8d4e7f@group-644E3E5AD574-SegmentedRaftLogWorker: flushIndex: setUnconditionally 0 -> -1
2019-10-17 18:39:16,089 [pool-59-thread-1] INFO  server.RaftServerConfigKeys (ConfUtils.java:logGet(43)) - raft.server.snapshot.auto.trigger.enabled = true (custom)
2019-10-17 18:39:16,090 [pool-59-thread-1] INFO  server.RaftServerConfigKeys (ConfUtils.java:logGet(43)) - raft.server.snapshot.auto.trigger.threshold = 10000 (custom)
2019-10-17 18:39:16,090 [pool-59-thread-1] INFO  server.RaftServerConfigKeys (ConfUtils.java:logGet(43)) - raft.server.snapshot.retention.file.num = 5 (custom)
2019-10-17 18:39:16,090 [pool-59-thread-1] INFO  server.RaftServerConfigKeys (ConfUtils.java:logGet(43)) - raft.server.retrycache.expirytime = 600000ms (custom)
2019-10-17 18:39:16,092 [pool-59-thread-1] INFO  impl.RaftServerImpl (RaftServerImpl.java:start(195)) - 09ea8095-e0f7-4a15-a25f-71748f8d4e7f@group-644E3E5AD574: start as a follower, conf=-1: [7b069786-c4de-4177-a49c-78057d3e7b27:192.168.157.251:46071, 0d68154c-bc1a-4b17-bcf5-90972ecdd7ac:192.168.157.251:40580, 09ea8095-e0f7-4a15-a25f-71748f8d4e7f:192.168.157.251:43128], old=null
2019-10-17 18:39:16,092 [pool-59-thread-1] INFO  impl.RaftServerImpl (RaftServerImpl.java:setRole(184)) - 09ea8095-e0f7-4a15-a25f-71748f8d4e7f@group-644E3E5AD574: changes role from      null to FOLLOWER at term 0 for startAsFollower
2019-10-17 18:39:16,092 [pool-59-thread-1] INFO  impl.RoleInfo (RoleInfo.java:updateAndGet(143)) - 09ea8095-e0f7-4a15-a25f-71748f8d4e7f: start FollowerState
2019-10-17 18:39:16,093 [pool-59-thread-1] INFO  util.JmxRegister (JmxRegister.java:tryRegister(44)) - Successfully registered JMX Bean with object name Ratis:service=RaftServer,group=group-644E3E5AD574,id=09ea8095-e0f7-4a15-a25f-71748f8d4e7f
2019-10-17 18:39:16,115 [EventQueue-PendingDeleteStatusForPendingDeleteHandler] INFO  block.SCMBlockDeletingService (SCMBlockDeletingService.java:handlePendingDeletes(115)) - Block deletion txnID mismatch in datanode 09ea8095-e0f7-4a15-a25f-71748f8d4e7f for containerID 1. Datanode delete txnID: 0, SCM txnID: 1
2019-10-17 18:39:16,120 [Thread-853] INFO  impl.FollowerState (FollowerState.java:run(108)) - 09ea8095-e0f7-4a15-a25f-71748f8d4e7f@group-644E3E5AD574-FollowerState: change to CANDIDATE, lastRpcTime:27ms, electionTimeout:27ms
2019-10-17 18:39:16,120 [Thread-853] INFO  impl.RoleInfo (RoleInfo.java:shutdownFollowerState(121)) - 09ea8095-e0f7-4a15-a25f-71748f8d4e7f: shutdown FollowerState
2019-10-17 18:39:16,120 [Thread-853] INFO  impl.RaftServerImpl (RaftServerImpl.java:setRole(184)) - 09ea8095-e0f7-4a15-a25f-71748f8d4e7f@group-644E3E5AD574: changes role from  FOLLOWER to CANDIDATE at term 0 for changeToCandidate
2019-10-17 18:39:16,120 [Thread-853] INFO  impl.RoleInfo (RoleInfo.java:updateAndGet(143)) - 09ea8095-e0f7-4a15-a25f-71748f8d4e7f: start LeaderElection
2019-10-17 18:39:16,122 [pool-7-thread-3] INFO  commands.RetriableDatanodeEventWatcher (RetriableDatanodeEventWatcher.java:onTimeout(47)) - RetriableDatanodeCommand type=deleteBlocksCommand with id=1571337549091 timed out. Retrying.
2019-10-17 18:39:16,122 [pool-7-thread-2] INFO  commands.RetriableDatanodeEventWatcher (RetriableDatanodeEventWatcher.java:onTimeout(47)) - RetriableDatanodeCommand type=deleteBlocksCommand with id=1571337549093 timed out. Retrying.
2019-10-17 18:39:16,123 [pool-7-thread-1] INFO  commands.RetriableDatanodeEventWatcher (RetriableDatanodeEventWatcher.java:onTimeout(47)) - RetriableDatanodeCommand type=deleteBlocksCommand with id=1571337549088 timed out. Retrying.
2019-10-17 18:39:16,123 [pool-7-thread-4] INFO  commands.RetriableDatanodeEventWatcher (RetriableDatanodeEventWatcher.java:onTimeout(47)) - RetriableDatanodeCommand type=deleteBlocksCommand with id=1571337549092 timed out. Retrying.
2019-10-17 18:39:16,123 [pool-7-thread-4] INFO  commands.RetriableDatanodeEventWatcher (RetriableDatanodeEventWatcher.java:onTimeout(47)) - RetriableDatanodeCommand type=deleteBlocksCommand with id=1571337549095 timed out. Retrying.
2019-10-17 18:39:16,123 [pool-7-thread-1] INFO  commands.RetriableDatanodeEventWatcher (RetriableDatanodeEventWatcher.java:onTimeout(47)) - RetriableDatanodeCommand type=deleteBlocksCommand with id=1571337549094 timed out. Retrying.
2019-10-17 18:39:16,125 [pool-7-thread-1] INFO  commands.RetriableDatanodeEventWatcher (RetriableDatanodeEventWatcher.java:onTimeout(47)) - RetriableDatanodeCommand type=deleteBlocksCommand with id=1571337549096 timed out. Retrying.
2019-10-17 18:39:16,126 [SCMBlockDeletingService#0] INFO  block.SCMBlockDeletingService (SCMBlockDeletingService.java:call(184)) - Totally added 1 delete blocks command for 1 datanodes, task elapsed time: 0ms
2019-10-17 18:39:16,136 [09ea8095-e0f7-4a15-a25f-71748f8d4e7f@group-A353761F28FB-SegmentedRaftLogWorker] INFO  segmented.SegmentedRaftLogWorker (SegmentedRaftLogWorker.java:execute(576)) - 09ea8095-e0f7-4a15-a25f-71748f8d4e7f@group-A353761F28FB-SegmentedRaftLogWorker: created new log segment /workdir/hadoop-ozone/integration-test/target/test-dir/MiniOzoneClusterImpl-7c97e77e-72d1-4dbe-ba9d-252c38b2309c/datanode-2/data/ratis/2032eb87-1558-46d7-8deb-a353761f28fb/current/log_inprogress_0
2019-10-17 18:39:16,136 [pool-27-thread-1] INFO  storage.RaftStorage (RaftStorage.java:format(84)) - Storage directory /workdir/hadoop-ozone/integration-test/target/test-dir/MiniOzoneClusterImpl-7c97e77e-72d1-4dbe-ba9d-252c38b2309c/datanode-0/data/ratis/1032caee-2ff3-4bfb-9ad2-644e3e5ad574 has been successfully formatted.
2019-10-17 18:39:16,136 [pool-37-thread-1] INFO  storage.RaftStorage (RaftStorage.java:format(84)) - Storage directory /workdir/hadoop-ozone/integration-test/target/test-dir/MiniOzoneClusterImpl-7c97e77e-72d1-4dbe-ba9d-252c38b2309c/datanode-1/data/ratis/1032caee-2ff3-4bfb-9ad2-644e3e5ad574 has been successfully formatted.
2019-10-17 18:39:16,136 [pool-27-thread-1] INFO  ratis.ContainerStateMachine (ContainerStateMachine.java:loadSnapshot(231)) - group-644E3E5AD574: The snapshot info is null. Setting the last applied indexto:(t:0, i:~)
2019-10-17 18:39:16,136 [pool-27-thread-1] INFO  server.RaftServerConfigKeys (ConfUtils.java:logGet(43)) - raft.server.notification.no-leader.timeout = 1000s (custom)
2019-10-17 18:39:16,136 [pool-37-thread-1] INFO  ratis.ContainerStateMachine (ContainerStateMachine.java:loadSnapshot(231)) - group-644E3E5AD574: The snapshot info is null. Setting the last applied indexto:(t:0, i:~)
2019-10-17 18:39:16,136 [pool-27-thread-1] INFO  server.RaftServerConfigKeys (ConfUtils.java:logGet(43)) - raft.server.log.use.memory = false (default)
2019-10-17 18:39:16,136 [pool-37-thread-1] INFO  server.RaftServerConfigKeys (ConfUtils.java:logGet(43)) - raft.server.notification.no-leader.timeout = 1000s (custom)
2019-10-17 18:39:16,136 [pool-27-thread-1] INFO  server.RaftServerConfigKeys (ConfUtils.java:logGet(43)) - raft.server.log.purge.gap = 1000000 (custom)
2019-10-17 18:39:16,137 [pool-37-thread-1] INFO  server.RaftServerConfigKeys (ConfUtils.java:logGet(43)) - raft.server.log.use.memory = false (default)
2019-10-17 18:39:16,137 [pool-27-thread-1] INFO  server.RaftServerConfigKeys (ConfUtils.java:logGet(43)) - raft.server.log.appender.buffer.byte-limit = 33554432 (custom)
2019-10-17 18:39:16,137 [pool-37-thread-1] INFO  server.RaftServerConfigKeys (ConfUtils.java:logGet(43)) - raft.server.log.purge.gap = 1000000 (custom)
2019-10-17 18:39:16,137 [pool-27-thread-1] INFO  server.RaftServerConfigKeys (ConfUtils.java:logGet(43)) - raft.server.log.segment.size.max = 1048576 (custom)
2019-10-17 18:39:16,137 [pool-37-thread-1] INFO  server.RaftServerConfigKeys (ConfUtils.java:logGet(43)) - raft.server.log.appender.buffer.byte-limit = 33554432 (custom)
2019-10-17 18:39:16,137 [pool-27-thread-1] INFO  server.RaftServerConfigKeys (ConfUtils.java:logGet(43)) - raft.server.log.segment.cache.num.max = 2 (custom)
2019-10-17 18:39:16,137 [pool-37-thread-1] INFO  server.RaftServerConfigKeys (ConfUtils.java:logGet(43)) - raft.server.log.segment.size.max = 1048576 (custom)
2019-10-17 18:39:16,137 [pool-27-thread-1] INFO  segmented.SegmentedRaftLogWorker (SegmentedRaftLogWorker.java:<init>(173)) - new 0d68154c-bc1a-4b17-bcf5-90972ecdd7ac@group-644E3E5AD574-SegmentedRaftLogWorker for RaftStorage:Storage Directory /workdir/hadoop-ozone/integration-test/target/test-dir/MiniOzoneClusterImpl-7c97e77e-72d1-4dbe-ba9d-252c38b2309c/datanode-0/data/ratis/1032caee-2ff3-4bfb-9ad2-644e3e5ad574
2019-10-17 18:39:16,138 [pool-37-thread-1] INFO  server.RaftServerConfigKeys (ConfUtils.java:logGet(43)) - raft.server.log.segment.cache.num.max = 2 (custom)
2019-10-17 18:39:16,138 [pool-27-thread-1] INFO  server.RaftServerConfigKeys (ConfUtils.java:logGet(43)) - raft.server.log.queue.byte-limit = 2147483647 (custom)
2019-10-17 18:39:16,138 [pool-27-thread-1] INFO  server.RaftServerConfigKeys (ConfUtils.java:logGet(43)) - raft.server.log.queue.element-limit = 1024 (custom)
2019-10-17 18:39:16,138 [pool-37-thread-1] INFO  segmented.SegmentedRaftLogWorker (SegmentedRaftLogWorker.java:<init>(173)) - new 7b069786-c4de-4177-a49c-78057d3e7b27@group-644E3E5AD574-SegmentedRaftLogWorker for RaftStorage:Storage Directory /workdir/hadoop-ozone/integration-test/target/test-dir/MiniOzoneClusterImpl-7c97e77e-72d1-4dbe-ba9d-252c38b2309c/datanode-1/data/ratis/1032caee-2ff3-4bfb-9ad2-644e3e5ad574
2019-10-17 18:39:16,138 [pool-27-thread-1] INFO  server.RaftServerConfigKeys (ConfUtils.java:logGet(43)) - raft.server.log.segment.size.max = 1048576 (custom)
2019-10-17 18:39:16,138 [pool-37-thread-1] INFO  server.RaftServerConfigKeys (ConfUtils.java:logGet(43)) - raft.server.log.queue.byte-limit = 2147483647 (custom)
2019-10-17 18:39:16,138 [pool-27-thread-1] INFO  server.RaftServerConfigKeys (ConfUtils.java:logGet(43)) - raft.server.log.preallocated.size = 16384 (custom)
2019-10-17 18:39:16,139 [pool-37-thread-1] INFO  server.RaftServerConfigKeys (ConfUtils.java:logGet(43)) - raft.server.log.queue.element-limit = 1024 (custom)
2019-10-17 18:39:16,139 [pool-27-thread-1] INFO  server.RaftServerConfigKeys (ConfUtils.java:logGet(43)) - raft.server.log.write.buffer.size = 33554432 (custom)
2019-10-17 18:39:16,139 [pool-37-thread-1] INFO  server.RaftServerConfigKeys (ConfUtils.java:logGet(43)) - raft.server.log.segment.size.max = 1048576 (custom)
2019-10-17 18:39:16,139 [pool-27-thread-1] INFO  server.RaftServerConfigKeys (ConfUtils.java:logGet(43)) - raft.server.log.force.sync.num = 128 (default)
2019-10-17 18:39:16,139 [pool-37-thread-1] INFO  server.RaftServerConfigKeys (ConfUtils.java:logGet(43)) - raft.server.log.preallocated.size = 16384 (custom)
2019-10-17 18:39:16,139 [pool-27-thread-1] INFO  server.RaftServerConfigKeys (ConfUtils.java:logGet(43)) - raft.server.log.statemachine.data.sync = true (default)
2019-10-17 18:39:16,139 [pool-37-thread-1] INFO  server.RaftServerConfigKeys (ConfUtils.java:logGet(43)) - raft.server.log.write.buffer.size = 33554432 (custom)
2019-10-17 18:39:16,139 [pool-27-thread-1] INFO  server.RaftServerConfigKeys (ConfUtils.java:logGet(43)) - raft.server.log.statemachine.data.sync.timeout = 10s (default)
2019-10-17 18:39:16,140 [pool-37-thread-1] INFO  server.RaftServerConfigKeys (ConfUtils.java:logGet(43)) - raft.server.log.force.sync.num = 128 (default)
2019-10-17 18:39:16,140 [pool-27-thread-1] INFO  server.RaftServerConfigKeys (ConfUtils.java:logGet(43)) - raft.server.log.statemachine.data.sync.timeout.retry = -1 (default)
2019-10-17 18:39:16,140 [pool-37-thread-1] INFO  server.RaftServerConfigKeys (ConfUtils.java:logGet(43)) - raft.server.log.statemachine.data.sync = true (default)
2019-10-17 18:39:16,140 [pool-27-thread-1] INFO  server.RaftServerConfigKeys (ConfUtils.java:logGet(43)) - raft.server.log.statemachine.data.caching.enabled = true (custom)
2019-10-17 18:39:16,140 [pool-37-thread-1] INFO  server.RaftServerConfigKeys (ConfUtils.java:logGet(43)) - raft.server.log.statemachine.data.sync.timeout = 10s (default)
2019-10-17 18:39:16,140 [pool-27-thread-1] INFO  segmented.SegmentedRaftLogWorker (SegmentedRaftLogWorker.java:lambda$new$0(128)) - 0d68154c-bc1a-4b17-bcf5-90972ecdd7ac@group-644E3E5AD574-SegmentedRaftLogWorker: flushIndex: setUnconditionally 0 -> -1
2019-10-17 18:39:16,140 [pool-37-thread-1] INFO  server.RaftServerConfigKeys (ConfUtils.java:logGet(43)) - raft.server.log.statemachine.data.sync.timeout.retry = -1 (default)
2019-10-17 18:39:16,141 [pool-27-thread-1] INFO  server.RaftServerConfigKeys (ConfUtils.java:logGet(43)) - raft.server.snapshot.auto.trigger.enabled = true (custom)
2019-10-17 18:39:16,141 [pool-27-thread-1] INFO  server.RaftServerConfigKeys (ConfUtils.java:logGet(43)) - raft.server.snapshot.auto.trigger.threshold = 10000 (custom)
2019-10-17 18:39:16,141 [pool-37-thread-1] INFO  server.RaftServerConfigKeys (ConfUtils.java:logGet(43)) - raft.server.log.statemachine.data.caching.enabled = true (custom)
2019-10-17 18:39:16,141 [pool-27-thread-1] INFO  server.RaftServerConfigKeys (ConfUtils.java:logGet(43)) - raft.server.snapshot.retention.file.num = 5 (custom)
2019-10-17 18:39:16,141 [pool-27-thread-1] INFO  server.RaftServerConfigKeys (ConfUtils.java:logGet(43)) - raft.server.retrycache.expirytime = 600000ms (custom)
2019-10-17 18:39:16,141 [pool-37-thread-1] INFO  segmented.SegmentedRaftLogWorker (SegmentedRaftLogWorker.java:lambda$new$0(128)) - 7b069786-c4de-4177-a49c-78057d3e7b27@group-644E3E5AD574-SegmentedRaftLogWorker: flushIndex: setUnconditionally 0 -> -1
2019-10-17 18:39:16,142 [pool-37-thread-1] INFO  server.RaftServerConfigKeys (ConfUtils.java:logGet(43)) - raft.server.snapshot.auto.trigger.enabled = true (custom)
2019-10-17 18:39:16,142 [pool-37-thread-1] INFO  server.RaftServerConfigKeys (ConfUtils.java:logGet(43)) - raft.server.snapshot.auto.trigger.threshold = 10000 (custom)
2019-10-17 18:39:16,142 [pool-37-thread-1] INFO  server.RaftServerConfigKeys (ConfUtils.java:logGet(43)) - raft.server.snapshot.retention.file.num = 5 (custom)
2019-10-17 18:39:16,142 [pool-37-thread-1] INFO  server.RaftServerConfigKeys (ConfUtils.java:logGet(43)) - raft.server.retrycache.expirytime = 600000ms (custom)
2019-10-17 18:39:16,144 [pool-27-thread-1] INFO  impl.RaftServerImpl (RaftServerImpl.java:start(195)) - 0d68154c-bc1a-4b17-bcf5-90972ecdd7ac@group-644E3E5AD574: start as a follower, conf=-1: [7b069786-c4de-4177-a49c-78057d3e7b27:192.168.157.251:46071, 0d68154c-bc1a-4b17-bcf5-90972ecdd7ac:192.168.157.251:40580, 09ea8095-e0f7-4a15-a25f-71748f8d4e7f:192.168.157.251:43128], old=null
2019-10-17 18:39:16,144 [pool-27-thread-1] INFO  impl.RaftServerImpl (RaftServerImpl.java:setRole(184)) - 0d68154c-bc1a-4b17-bcf5-90972ecdd7ac@group-644E3E5AD574: changes role from      null to FOLLOWER at term 0 for startAsFollower
2019-10-17 18:39:16,144 [pool-27-thread-1] INFO  impl.RoleInfo (RoleInfo.java:updateAndGet(143)) - 0d68154c-bc1a-4b17-bcf5-90972ecdd7ac: start FollowerState
2019-10-17 18:39:16,144 [pool-27-thread-1] INFO  util.JmxRegister (JmxRegister.java:tryRegister(44)) - Successfully registered JMX Bean with object name Ratis:service=RaftServer,group=group-644E3E5AD574,id=0d68154c-bc1a-4b17-bcf5-90972ecdd7ac
2019-10-17 18:39:16,148 [pool-37-thread-1] INFO  impl.RaftServerImpl (RaftServerImpl.java:start(195)) - 7b069786-c4de-4177-a49c-78057d3e7b27@group-644E3E5AD574: start as a follower, conf=-1: [7b069786-c4de-4177-a49c-78057d3e7b27:192.168.157.251:46071, 0d68154c-bc1a-4b17-bcf5-90972ecdd7ac:192.168.157.251:40580, 09ea8095-e0f7-4a15-a25f-71748f8d4e7f:192.168.157.251:43128], old=null
2019-10-17 18:39:16,148 [pool-37-thread-1] INFO  impl.RaftServerImpl (RaftServerImpl.java:setRole(184)) - 7b069786-c4de-4177-a49c-78057d3e7b27@group-644E3E5AD574: changes role from      null to FOLLOWER at term 0 for startAsFollower
2019-10-17 18:39:16,148 [pool-37-thread-1] INFO  impl.RoleInfo (RoleInfo.java:updateAndGet(143)) - 7b069786-c4de-4177-a49c-78057d3e7b27: start FollowerState
2019-10-17 18:39:16,150 [pool-37-thread-1] INFO  util.JmxRegister (JmxRegister.java:tryRegister(44)) - Successfully registered JMX Bean with object name Ratis:service=RaftServer,group=group-644E3E5AD574,id=7b069786-c4de-4177-a49c-78057d3e7b27
2019-10-17 18:39:16,152 [09ea8095-e0f7-4a15-a25f-71748f8d4e7f@group-A236C1E6A57F-LeaderElection45] INFO  impl.LeaderElection (LeaderElection.java:logAndReturn(56)) - 09ea8095-e0f7-4a15-a25f-71748f8d4e7f@group-A236C1E6A57F-LeaderElection45: Election REJECTED; received 2 response(s) [09ea8095-e0f7-4a15-a25f-71748f8d4e7f<-7b069786-c4de-4177-a49c-78057d3e7b27#0:FAIL-t41, 09ea8095-e0f7-4a15-a25f-71748f8d4e7f<-0d68154c-bc1a-4b17-bcf5-90972ecdd7ac#0:FAIL-t41] and 0 exception(s); 09ea8095-e0f7-4a15-a25f-71748f8d4e7f@group-A236C1E6A57F:t41, leader=null, voted=09ea8095-e0f7-4a15-a25f-71748f8d4e7f, raftlog=09ea8095-e0f7-4a15-a25f-71748f8d4e7f@group-A236C1E6A57F-SegmentedRaftLog:OPENED:c5,f6,i6, conf=1: [7b069786-c4de-4177-a49c-78057d3e7b27:192.168.157.251:46071, 0d68154c-bc1a-4b17-bcf5-90972ecdd7ac:192.168.157.251:40580, 09ea8095-e0f7-4a15-a25f-71748f8d4e7f:192.168.157.251:43128], old=null
2019-10-17 18:39:16,152 [09ea8095-e0f7-4a15-a25f-71748f8d4e7f@group-644E3E5AD574-LeaderElection46] INFO  impl.LeaderElection (LeaderElection.java:askForVotes(178)) - 09ea8095-e0f7-4a15-a25f-71748f8d4e7f@group-644E3E5AD574-LeaderElection46: begin an election at term 1 for -1: [7b069786-c4de-4177-a49c-78057d3e7b27:192.168.157.251:46071, 0d68154c-bc1a-4b17-bcf5-90972ecdd7ac:192.168.157.251:40580, 09ea8095-e0f7-4a15-a25f-71748f8d4e7f:192.168.157.251:43128], old=null
2019-10-17 18:39:16,152 [09ea8095-e0f7-4a15-a25f-71748f8d4e7f@group-A236C1E6A57F-LeaderElection45] INFO  impl.RaftServerImpl (RaftServerImpl.java:setRole(184)) - 09ea8095-e0f7-4a15-a25f-71748f8d4e7f@group-A236C1E6A57F: changes role from CANDIDATE to FOLLOWER at term 41 for DISCOVERED_A_NEW_TERM
2019-10-17 18:39:16,152 [09ea8095-e0f7-4a15-a25f-71748f8d4e7f@group-A236C1E6A57F-LeaderElection45] INFO  impl.RoleInfo (RoleInfo.java:shutdownLeaderElection(134)) - 09ea8095-e0f7-4a15-a25f-71748f8d4e7f: shutdown LeaderElection
2019-10-17 18:39:16,152 [09ea8095-e0f7-4a15-a25f-71748f8d4e7f@group-A236C1E6A57F-LeaderElection45] INFO  impl.RoleInfo (RoleInfo.java:updateAndGet(143)) - 09ea8095-e0f7-4a15-a25f-71748f8d4e7f: start FollowerState
2019-10-17 18:39:16,155 [grpc-default-executor-5] INFO  impl.RaftServerImpl (RaftServerImpl.java:setRole(184)) - 7b069786-c4de-4177-a49c-78057d3e7b27@group-644E3E5AD574: changes role from  FOLLOWER to FOLLOWER at term 1 for recognizeCandidate:09ea8095-e0f7-4a15-a25f-71748f8d4e7f
2019-10-17 18:39:16,155 [grpc-default-executor-5] INFO  impl.RoleInfo (RoleInfo.java:shutdownFollowerState(121)) - 7b069786-c4de-4177-a49c-78057d3e7b27: shutdown FollowerState
2019-10-17 18:39:16,156 [grpc-default-executor-4] INFO  impl.RaftServerImpl (RaftServerImpl.java:setRole(184)) - 0d68154c-bc1a-4b17-bcf5-90972ecdd7ac@group-644E3E5AD574: changes role from  FOLLOWER to FOLLOWER at term 1 for recognizeCandidate:09ea8095-e0f7-4a15-a25f-71748f8d4e7f
2019-10-17 18:39:16,156 [grpc-default-executor-5] INFO  impl.RoleInfo (RoleInfo.java:updateAndGet(143)) - 7b069786-c4de-4177-a49c-78057d3e7b27: start FollowerState
2019-10-17 18:39:16,156 [Thread-860] INFO  impl.FollowerState (FollowerState.java:run(117)) - 7b069786-c4de-4177-a49c-78057d3e7b27@group-644E3E5AD574-FollowerState was interrupted: java.lang.InterruptedException: sleep interrupted
2019-10-17 18:39:16,157 [grpc-default-executor-4] INFO  impl.RoleInfo (RoleInfo.java:shutdownFollowerState(121)) - 0d68154c-bc1a-4b17-bcf5-90972ecdd7ac: shutdown FollowerState
2019-10-17 18:39:16,158 [grpc-default-executor-4] INFO  impl.RoleInfo (RoleInfo.java:updateAndGet(143)) - 0d68154c-bc1a-4b17-bcf5-90972ecdd7ac: start FollowerState
2019-10-17 18:39:16,158 [Thread-858] INFO  impl.FollowerState (FollowerState.java:run(117)) - 0d68154c-bc1a-4b17-bcf5-90972ecdd7ac@group-644E3E5AD574-FollowerState was interrupted: java.lang.InterruptedException: sleep interrupted
2019-10-17 18:39:16,159 [RatisPipelineUtilsThread] INFO  pipeline.PipelineStateManager (PipelineStateManager.java:addPipeline(56)) - Created pipeline Pipeline[ Id: 1032caee-2ff3-4bfb-9ad2-644e3e5ad574, Nodes: 09ea8095-e0f7-4a15-a25f-71748f8d4e7f{ip: 192.168.157.251, host: pr-hdds-2318-qqrts-113280968, networkLocation: /default-rack, certSerialId: null}7b069786-c4de-4177-a49c-78057d3e7b27{ip: 192.168.157.251, host: pr-hdds-2318-qqrts-113280968, networkLocation: /default-rack, certSerialId: null}0d68154c-bc1a-4b17-bcf5-90972ecdd7ac{ip: 192.168.157.251, host: pr-hdds-2318-qqrts-113280968, networkLocation: /default-rack, certSerialId: null}, Type:RATIS, Factor:THREE, State:OPEN]
2019-10-17 18:39:16,183 [Thread-868] INFO  client.GrpcClientProtocolService (GrpcClientProtocolService.java:lambda$processClientRequest$0(278)) - Failed RaftClientRequest:client-79966ACA1C67->0d68154c-bc1a-4b17-bcf5-90972ecdd7ac@group-A236C1E6A57F, cid=10, seq=0, Watch-ALL_COMMITTED(8), Message:<EMPTY>, reply=RaftClientReply:client-79966ACA1C67->0d68154c-bc1a-4b17-bcf5-90972ecdd7ac@group-A236C1E6A57F, cid=10, FAILED org.apache.ratis.protocol.NotLeaderException: Server 0d68154c-bc1a-4b17-bcf5-90972ecdd7ac@group-A236C1E6A57F is not the leader, logIndex=0, commits[0d68154c-bc1a-4b17-bcf5-90972ecdd7ac:c12, 7b069786-c4de-4177-a49c-78057d3e7b27:c12, 09ea8095-e0f7-4a15-a25f-71748f8d4e7f:c6]
2019-10-17 18:39:16,198 [BlockDeletingService#2] WARN  background.BlockDeletingService (BlockDeletingService.java:isDeletionAllowed(187)) - Close Container log Index 8 is not replicated across allthe servers in the pipeline f5073bd3-c80c-4957-9a7f-a236c1e6a57f as the min replicated index is 6. Deletion is not allowed in this container yet.
2019-10-17 18:39:16,198 [BlockDeletingService#2] WARN  background.BlockDeletingService (BlockDeletingService.java:isDeletionAllowed(187)) - Close Container log Index 8 is not replicated across allthe servers in the pipeline f5073bd3-c80c-4957-9a7f-a236c1e6a57f as the min replicated index is 6. Deletion is not allowed in this container yet.
2019-10-17 18:39:16,213 [09ea8095-e0f7-4a15-a25f-71748f8d4e7f@group-644E3E5AD574-LeaderElection46] INFO  impl.LeaderElection (LeaderElection.java:logAndReturn(56)) - 09ea8095-e0f7-4a15-a25f-71748f8d4e7f@group-644E3E5AD574-LeaderElection46: Election PASSED; received 1 response(s) [09ea8095-e0f7-4a15-a25f-71748f8d4e7f<-0d68154c-bc1a-4b17-bcf5-90972ecdd7ac#0:OK-t1] and 0 exception(s); 09ea8095-e0f7-4a15-a25f-71748f8d4e7f@group-644E3E5AD574:t1, leader=null, voted=09ea8095-e0f7-4a15-a25f-71748f8d4e7f, raftlog=09ea8095-e0f7-4a15-a25f-71748f8d4e7f@group-644E3E5AD574-SegmentedRaftLog:OPENED:c-1,f-1,i0, conf=-1: [7b069786-c4de-4177-a49c-78057d3e7b27:192.168.157.251:46071, 0d68154c-bc1a-4b17-bcf5-90972ecdd7ac:192.168.157.251:40580, 09ea8095-e0f7-4a15-a25f-71748f8d4e7f:192.168.157.251:43128], old=null
2019-10-17 18:39:16,213 [09ea8095-e0f7-4a15-a25f-71748f8d4e7f@group-644E3E5AD574-LeaderElection46] INFO  impl.RoleInfo (RoleInfo.java:shutdownLeaderElection(134)) - 09ea8095-e0f7-4a15-a25f-71748f8d4e7f: shutdown LeaderElection
2019-10-17 18:39:16,213 [09ea8095-e0f7-4a15-a25f-71748f8d4e7f@group-644E3E5AD574-LeaderElection46] INFO  impl.RaftServerImpl (RaftServerImpl.java:setRole(184)) - 09ea8095-e0f7-4a15-a25f-71748f8d4e7f@group-644E3E5AD574: changes role from CANDIDATE to LEADER at term 1 for changeToLeader
2019-10-17 18:39:16,214 [09ea8095-e0f7-4a15-a25f-71748f8d4e7f@group-644E3E5AD574-LeaderElection46] INFO  impl.RaftServerImpl (ServerState.java:setLeader(256)) - 09ea8095-e0f7-4a15-a25f-71748f8d4e7f@group-644E3E5AD574: change Leader from null to 09ea8095-e0f7-4a15-a25f-71748f8d4e7f at term 1 for becomeLeader, leader elected after 128ms
2019-10-17 18:39:16,214 [09ea8095-e0f7-4a15-a25f-71748f8d4e7f@group-644E3E5AD574-LeaderElection46] INFO  server.RaftServerConfigKeys (ConfUtils.java:logGet(43)) - raft.server.staging.catchup.gap = 1000 (default)
2019-10-17 18:39:16,214 [09ea8095-e0f7-4a15-a25f-71748f8d4e7f@group-644E3E5AD574-LeaderElection46] INFO  server.RaftServerConfigKeys (ConfUtils.java:logGet(43)) - raft.server.rpc.sleep.time = 25ms (default)
2019-10-17 18:39:16,214 [09ea8095-e0f7-4a15-a25f-71748f8d4e7f@group-644E3E5AD574-LeaderElection46] INFO  server.RaftServerConfigKeys (ConfUtils.java:logGet(43)) - raft.server.write.element-limit = 4096 (default)
2019-10-17 18:39:16,214 [09ea8095-e0f7-4a15-a25f-71748f8d4e7f@group-644E3E5AD574-LeaderElection46] INFO  server.RaftServerConfigKeys (ConfUtils.java:logGet(43)) - raft.server.watch.timeout = 10s (default)
2019-10-17 18:39:16,214 [09ea8095-e0f7-4a15-a25f-71748f8d4e7f@group-644E3E5AD574-LeaderElection46] INFO  server.RaftServerConfigKeys (ConfUtils.java:logGet(43)) - raft.server.watch.timeout.denomination = 1s (default)
2019-10-17 18:39:16,214 [09ea8095-e0f7-4a15-a25f-71748f8d4e7f@group-644E3E5AD574-LeaderElection46] INFO  server.RaftServerConfigKeys (ConfUtils.java:logGet(43)) - raft.server.watch.element-limit = 65536 (default)
2019-10-17 18:39:16,216 [09ea8095-e0f7-4a15-a25f-71748f8d4e7f@group-644E3E5AD574-LeaderElection46] INFO  server.RaftServerConfigKeys (ConfUtils.java:logGet(43)) - raft.server.log.appender.snapshot.chunk.size.max = 16MB (=16777216) (default)
2019-10-17 18:39:16,216 [09ea8095-e0f7-4a15-a25f-71748f8d4e7f@group-644E3E5AD574-LeaderElection46] INFO  server.RaftServerConfigKeys (ConfUtils.java:logGet(43)) - raft.server.log.appender.buffer.byte-limit = 33554432 (custom)
2019-10-17 18:39:16,216 [09ea8095-e0f7-4a15-a25f-71748f8d4e7f@group-644E3E5AD574-LeaderElection46] INFO  server.RaftServerConfigKeys (ConfUtils.java:logGet(43)) - raft.server.log.appender.buffer.element-limit = 1 (custom)
2019-10-17 18:39:16,216 [09ea8095-e0f7-4a15-a25f-71748f8d4e7f@group-644E3E5AD574-LeaderElection46] INFO  grpc.GrpcConfigKeys$Server (ConfUtils.java:logGet(43)) - raft.grpc.server.leader.outstanding.appends.max = 128 (default)
2019-10-17 18:39:16,216 [09ea8095-e0f7-4a15-a25f-71748f8d4e7f@group-644E3E5AD574-LeaderElection46] INFO  server.RaftServerConfigKeys (ConfUtils.java:logGet(43)) - raft.server.rpc.request.timeout = 3000ms (default)
2019-10-17 18:39:16,217 [09ea8095-e0f7-4a15-a25f-71748f8d4e7f@group-644E3E5AD574-LeaderElection46] INFO  server.RaftServerConfigKeys (ConfUtils.java:logGet(43)) - raft.server.log.appender.install.snapshot.enabled = false (custom)
2019-10-17 18:39:16,218 [09ea8095-e0f7-4a15-a25f-71748f8d4e7f@group-644E3E5AD574-LeaderElection46] INFO  server.RaftServerConfigKeys (ConfUtils.java:logGet(43)) - raft.server.log.appender.snapshot.chunk.size.max = 16MB (=16777216) (default)
2019-10-17 18:39:16,218 [09ea8095-e0f7-4a15-a25f-71748f8d4e7f@group-644E3E5AD574-LeaderElection46] INFO  server.RaftServerConfigKeys (ConfUtils.java:logGet(43)) - raft.server.log.appender.buffer.byte-limit = 33554432 (custom)
2019-10-17 18:39:16,218 [09ea8095-e0f7-4a15-a25f-71748f8d4e7f@group-644E3E5AD574-LeaderElection46] INFO  server.RaftServerConfigKeys (ConfUtils.java:logGet(43)) - raft.server.log.appender.buffer.element-limit = 1 (custom)
2019-10-17 18:39:16,219 [09ea8095-e0f7-4a15-a25f-71748f8d4e7f@group-644E3E5AD574-LeaderElection46] INFO  grpc.GrpcConfigKeys$Server (ConfUtils.java:logGet(43)) - raft.grpc.server.leader.outstanding.appends.max = 128 (default)
2019-10-17 18:39:16,219 [09ea8095-e0f7-4a15-a25f-71748f8d4e7f@group-644E3E5AD574-LeaderElection46] INFO  server.RaftServerConfigKeys (ConfUtils.java:logGet(43)) - raft.server.rpc.request.timeout = 3000ms (default)
2019-10-17 18:39:16,219 [09ea8095-e0f7-4a15-a25f-71748f8d4e7f@group-644E3E5AD574-LeaderElection46] INFO  server.RaftServerConfigKeys (ConfUtils.java:logGet(43)) - raft.server.log.appender.install.snapshot.enabled = false (custom)
2019-10-17 18:39:16,220 [09ea8095-e0f7-4a15-a25f-71748f8d4e7f@group-644E3E5AD574-LeaderElection46] INFO  impl.RoleInfo (RoleInfo.java:updateAndGet(143)) - 09ea8095-e0f7-4a15-a25f-71748f8d4e7f: start LeaderState
2019-10-17 18:39:16,221 [09ea8095-e0f7-4a15-a25f-71748f8d4e7f@group-644E3E5AD574-LeaderElection46] INFO  segmented.SegmentedRaftLogWorker (SegmentedRaftLogWorker.java:startLogSegment(385)) - 09ea8095-e0f7-4a15-a25f-71748f8d4e7f@group-644E3E5AD574-SegmentedRaftLogWorker: Starting segment from index:0
2019-10-17 18:39:16,221 [09ea8095-e0f7-4a15-a25f-71748f8d4e7f@group-644E3E5AD574-LeaderElection46] INFO  impl.RaftServerImpl (ServerState.java:setRaftConf(357)) - 09ea8095-e0f7-4a15-a25f-71748f8d4e7f@group-644E3E5AD574: set configuration 0: [7b069786-c4de-4177-a49c-78057d3e7b27:192.168.157.251:46071, 0d68154c-bc1a-4b17-bcf5-90972ecdd7ac:192.168.157.251:40580, 09ea8095-e0f7-4a15-a25f-71748f8d4e7f:192.168.157.251:43128], old=null at 0
2019-10-17 18:39:16,252 [grpc-default-executor-4] INFO  impl.RaftServerImpl (ServerState.java:setLeader(256)) - 7b069786-c4de-4177-a49c-78057d3e7b27@group-644E3E5AD574: change Leader from null to 09ea8095-e0f7-4a15-a25f-71748f8d4e7f at term 1 for appendEntries, leader elected after 115ms
2019-10-17 18:39:16,253 [grpc-default-executor-5] INFO  impl.RaftServerImpl (ServerState.java:setLeader(256)) - 0d68154c-bc1a-4b17-bcf5-90972ecdd7ac@group-644E3E5AD574: change Leader from null to 09ea8095-e0f7-4a15-a25f-71748f8d4e7f at term 1 for appendEntries, leader elected after 116ms
2019-10-17 18:39:16,256 [grpc-default-executor-4] INFO  impl.RaftServerImpl (ServerState.java:setRaftConf(357)) - 7b069786-c4de-4177-a49c-78057d3e7b27@group-644E3E5AD574: set configuration 0: [7b069786-c4de-4177-a49c-78057d3e7b27:192.168.157.251:46071, 0d68154c-bc1a-4b17-bcf5-90972ecdd7ac:192.168.157.251:40580, 09ea8095-e0f7-4a15-a25f-71748f8d4e7f:192.168.157.251:43128], old=null at 0
2019-10-17 18:39:16,256 [grpc-default-executor-5] INFO  impl.RaftServerImpl (ServerState.java:setRaftConf(357)) - 0d68154c-bc1a-4b17-bcf5-90972ecdd7ac@group-644E3E5AD574: set configuration 0: [7b069786-c4de-4177-a49c-78057d3e7b27:192.168.157.251:46071, 0d68154c-bc1a-4b17-bcf5-90972ecdd7ac:192.168.157.251:40580, 09ea8095-e0f7-4a15-a25f-71748f8d4e7f:192.168.157.251:43128], old=null at 0
2019-10-17 18:39:16,256 [grpc-default-executor-4] INFO  segmented.SegmentedRaftLogWorker (SegmentedRaftLogWorker.java:startLogSegment(385)) - 7b069786-c4de-4177-a49c-78057d3e7b27@group-644E3E5AD574-SegmentedRaftLogWorker: Starting segment from index:0
2019-10-17 18:39:16,256 [grpc-default-executor-5] INFO  segmented.SegmentedRaftLogWorker (SegmentedRaftLogWorker.java:startLogSegment(385)) - 0d68154c-bc1a-4b17-bcf5-90972ecdd7ac@group-644E3E5AD574-SegmentedRaftLogWorker: Starting segment from index:0
2019-10-17 18:39:16,268 [09ea8095-e0f7-4a15-a25f-71748f8d4e7f@group-644E3E5AD574-SegmentedRaftLogWorker] INFO  segmented.SegmentedRaftLogWorker (SegmentedRaftLogWorker.java:execute(576)) - 09ea8095-e0f7-4a15-a25f-71748f8d4e7f@group-644E3E5AD574-SegmentedRaftLogWorker: created new log segment /workdir/hadoop-ozone/integration-test/target/test-dir/MiniOzoneClusterImpl-7c97e77e-72d1-4dbe-ba9d-252c38b2309c/datanode-2/data/ratis/1032caee-2ff3-4bfb-9ad2-644e3e5ad574/current/log_inprogress_0
2019-10-17 18:39:16,310 [Thread-863] INFO  impl.FollowerState (FollowerState.java:run(108)) - 09ea8095-e0f7-4a15-a25f-71748f8d4e7f@group-A236C1E6A57F-FollowerState: change to CANDIDATE, lastRpcTime:157ms, electionTimeout:157ms
2019-10-17 18:39:16,310 [Thread-863] INFO  impl.RoleInfo (RoleInfo.java:shutdownFollowerState(121)) - 09ea8095-e0f7-4a15-a25f-71748f8d4e7f: shutdown FollowerState
2019-10-17 18:39:16,310 [Thread-863] INFO  impl.RaftServerImpl (RaftServerImpl.java:setRole(184)) - 09ea8095-e0f7-4a15-a25f-71748f8d4e7f@group-A236C1E6A57F: changes role from  FOLLOWER to CANDIDATE at term 41 for changeToCandidate
2019-10-17 18:39:16,310 [Thread-863] INFO  impl.RoleInfo (RoleInfo.java:updateAndGet(143)) - 09ea8095-e0f7-4a15-a25f-71748f8d4e7f: start LeaderElection
2019-10-17 18:39:16,314 [7b069786-c4de-4177-a49c-78057d3e7b27@group-644E3E5AD574-SegmentedRaftLogWorker] INFO  segmented.SegmentedRaftLogWorker (SegmentedRaftLogWorker.java:execute(576)) - 7b069786-c4de-4177-a49c-78057d3e7b27@group-644E3E5AD574-SegmentedRaftLogWorker: created new log segment /workdir/hadoop-ozone/integration-test/target/test-dir/MiniOzoneClusterImpl-7c97e77e-72d1-4dbe-ba9d-252c38b2309c/datanode-1/data/ratis/1032caee-2ff3-4bfb-9ad2-644e3e5ad574/current/log_inprogress_0
2019-10-17 18:39:16,314 [0d68154c-bc1a-4b17-bcf5-90972ecdd7ac@group-644E3E5AD574-SegmentedRaftLogWorker] INFO  segmented.SegmentedRaftLogWorker (SegmentedRaftLogWorker.java:execute(576)) - 0d68154c-bc1a-4b17-bcf5-90972ecdd7ac@group-644E3E5AD574-SegmentedRaftLogWorker: created new log segment /workdir/hadoop-ozone/integration-test/target/test-dir/MiniOzoneClusterImpl-7c97e77e-72d1-4dbe-ba9d-252c38b2309c/datanode-0/data/ratis/1032caee-2ff3-4bfb-9ad2-644e3e5ad574/current/log_inprogress_0
2019-10-17 18:39:16,315 [09ea8095-e0f7-4a15-a25f-71748f8d4e7f@group-A236C1E6A57F-LeaderElection47] INFO  impl.LeaderElection (LeaderElection.java:askForVotes(178)) - 09ea8095-e0f7-4a15-a25f-71748f8d4e7f@group-A236C1E6A57F-LeaderElection47: begin an election at term 42 for 1: [7b069786-c4de-4177-a49c-78057d3e7b27:192.168.157.251:46071, 0d68154c-bc1a-4b17-bcf5-90972ecdd7ac:192.168.157.251:40580, 09ea8095-e0f7-4a15-a25f-71748f8d4e7f:192.168.157.251:43128], old=null
2019-10-17 18:39:16,318 [grpc-default-executor-4] INFO  impl.RaftServerImpl (RaftServerImpl.java:setRole(184)) - 7b069786-c4de-4177-a49c-78057d3e7b27@group-A236C1E6A57F: changes role from  FOLLOWER to FOLLOWER at term 42 for recognizeCandidate:09ea8095-e0f7-4a15-a25f-71748f8d4e7f
2019-10-17 18:39:16,318 [grpc-default-executor-5] INFO  impl.RaftServerImpl (RaftServerImpl.java:setRole(184)) - 0d68154c-bc1a-4b17-bcf5-90972ecdd7ac@group-A236C1E6A57F: changes role from  FOLLOWER to FOLLOWER at term 42 for recognizeCandidate:09ea8095-e0f7-4a15-a25f-71748f8d4e7f
2019-10-17 18:39:16,318 [grpc-default-executor-4] INFO  impl.RoleInfo (RoleInfo.java:shutdownFollowerState(121)) - 7b069786-c4de-4177-a49c-78057d3e7b27: shutdown FollowerState
2019-10-17 18:39:16,318 [grpc-default-executor-5] INFO  impl.RoleInfo (RoleInfo.java:shutdownFollowerState(121)) - 0d68154c-bc1a-4b17-bcf5-90972ecdd7ac: shutdown FollowerState
2019-10-17 18:39:16,318 [Thread-850] INFO  impl.FollowerState (FollowerState.java:run(117)) - 7b069786-c4de-4177-a49c-78057d3e7b27@group-A236C1E6A57F-FollowerState was interrupted: java.lang.InterruptedException: sleep interrupted
2019-10-17 18:39:16,318 [grpc-default-executor-4] INFO  impl.RoleInfo (RoleInfo.java:updateAndGet(143)) - 7b069786-c4de-4177-a49c-78057d3e7b27: start FollowerState
2019-10-17 18:39:16,319 [Thread-851] INFO  impl.FollowerState (FollowerState.java:run(117)) - 0d68154c-bc1a-4b17-bcf5-90972ecdd7ac@group-A236C1E6A57F-FollowerState was interrupted: java.lang.InterruptedException: sleep interrupted
2019-10-17 18:39:16,319 [grpc-default-executor-5] INFO  impl.RoleInfo (RoleInfo.java:updateAndGet(143)) - 0d68154c-bc1a-4b17-bcf5-90972ecdd7ac: start FollowerState
2019-10-17 18:39:16,338 [09ea8095-e0f7-4a15-a25f-71748f8d4e7f@group-A236C1E6A57F-LeaderElection47] INFO  impl.LeaderElection (LeaderElection.java:logAndReturn(56)) - 09ea8095-e0f7-4a15-a25f-71748f8d4e7f@group-A236C1E6A57F-LeaderElection47: Election REJECTED; received 2 response(s) [09ea8095-e0f7-4a15-a25f-71748f8d4e7f<-7b069786-c4de-4177-a49c-78057d3e7b27#0:FAIL-t42, 09ea8095-e0f7-4a15-a25f-71748f8d4e7f<-0d68154c-bc1a-4b17-bcf5-90972ecdd7ac#0:FAIL-t42] and 0 exception(s); 09ea8095-e0f7-4a15-a25f-71748f8d4e7f@group-A236C1E6A57F:t42, leader=null, voted=09ea8095-e0f7-4a15-a25f-71748f8d4e7f, raftlog=09ea8095-e0f7-4a15-a25f-71748f8d4e7f@group-A236C1E6A57F-SegmentedRaftLog:OPENED:c5,f6,i6, conf=1: [7b069786-c4de-4177-a49c-78057d3e7b27:192.168.157.251:46071, 0d68154c-bc1a-4b17-bcf5-90972ecdd7ac:192.168.157.251:40580, 09ea8095-e0f7-4a15-a25f-71748f8d4e7f:192.168.157.251:43128], old=null
2019-10-17 18:39:16,338 [09ea8095-e0f7-4a15-a25f-71748f8d4e7f@group-A236C1E6A57F-LeaderElection47] INFO  impl.RaftServerImpl (RaftServerImpl.java:setRole(184)) - 09ea8095-e0f7-4a15-a25f-71748f8d4e7f@group-A236C1E6A57F: changes role from CANDIDATE to FOLLOWER at term 42 for DISCOVERED_A_NEW_TERM
2019-10-17 18:39:16,338 [09ea8095-e0f7-4a15-a25f-71748f8d4e7f@group-A236C1E6A57F-LeaderElection47] INFO  impl.RoleInfo (RoleInfo.java:shutdownLeaderElection(134)) - 09ea8095-e0f7-4a15-a25f-71748f8d4e7f: shutdown LeaderElection
2019-10-17 18:39:16,338 [09ea8095-e0f7-4a15-a25f-71748f8d4e7f@group-A236C1E6A57F-LeaderElection47] INFO  impl.RoleInfo (RoleInfo.java:updateAndGet(143)) - 09ea8095-e0f7-4a15-a25f-71748f8d4e7f: start FollowerState
2019-10-17 18:39:16,343 [Thread-886] INFO  impl.FollowerState (FollowerState.java:run(108)) - 09ea8095-e0f7-4a15-a25f-71748f8d4e7f@group-A236C1E6A57F-FollowerState: change to CANDIDATE, lastRpcTime:4ms, electionTimeout:4ms
2019-10-17 18:39:16,343 [Thread-886] INFO  impl.RoleInfo (RoleInfo.java:shutdownFollowerState(121)) - 09ea8095-e0f7-4a15-a25f-71748f8d4e7f: shutdown FollowerState
2019-10-17 18:39:16,343 [Thread-886] INFO  impl.RaftServerImpl (RaftServerImpl.java:setRole(184)) - 09ea8095-e0f7-4a15-a25f-71748f8d4e7f@group-A236C1E6A57F: changes role from  FOLLOWER to CANDIDATE at term 42 for changeToCandidate
2019-10-17 18:39:16,343 [Thread-886] INFO  impl.RoleInfo (RoleInfo.java:updateAndGet(143)) - 09ea8095-e0f7-4a15-a25f-71748f8d4e7f: start LeaderElection
2019-10-17 18:39:16,356 [09ea8095-e0f7-4a15-a25f-71748f8d4e7f@group-A236C1E6A57F-LeaderElection48] INFO  impl.LeaderElection (LeaderElection.java:askForVotes(178)) - 09ea8095-e0f7-4a15-a25f-71748f8d4e7f@group-A236C1E6A57F-LeaderElection48: begin an election at term 43 for 1: [7b069786-c4de-4177-a49c-78057d3e7b27:192.168.157.251:46071, 0d68154c-bc1a-4b17-bcf5-90972ecdd7ac:192.168.157.251:40580, 09ea8095-e0f7-4a15-a25f-71748f8d4e7f:192.168.157.251:43128], old=null
2019-10-17 18:39:16,358 [grpc-default-executor-4] INFO  impl.RaftServerImpl (RaftServerImpl.java:setRole(184)) - 7b069786-c4de-4177-a49c-78057d3e7b27@group-A236C1E6A57F: changes role from  FOLLOWER to FOLLOWER at term 43 for recognizeCandidate:09ea8095-e0f7-4a15-a25f-71748f8d4e7f
2019-10-17 18:39:16,358 [grpc-default-executor-4] INFO  impl.RoleInfo (RoleInfo.java:shutdownFollowerState(121)) - 7b069786-c4de-4177-a49c-78057d3e7b27: shutdown FollowerState
2019-10-17 18:39:16,359 [grpc-default-executor-4] INFO  impl.RoleInfo (RoleInfo.java:updateAndGet(143)) - 7b069786-c4de-4177-a49c-78057d3e7b27: start FollowerState
2019-10-17 18:39:16,359 [grpc-default-executor-5] INFO  impl.RaftServerImpl (RaftServerImpl.java:setRole(184)) - 0d68154c-bc1a-4b17-bcf5-90972ecdd7ac@group-A236C1E6A57F: changes role from  FOLLOWER to FOLLOWER at term 43 for recognizeCandidate:09ea8095-e0f7-4a15-a25f-71748f8d4e7f
2019-10-17 18:39:16,359 [grpc-default-executor-5] INFO  impl.RoleInfo (RoleInfo.java:shutdownFollowerState(121)) - 0d68154c-bc1a-4b17-bcf5-90972ecdd7ac: shutdown FollowerState
2019-10-17 18:39:16,359 [Thread-884] INFO  impl.FollowerState (FollowerState.java:run(117)) - 7b069786-c4de-4177-a49c-78057d3e7b27@group-A236C1E6A57F-FollowerState was interrupted: java.lang.InterruptedException: sleep interrupted
2019-10-17 18:39:16,359 [Thread-885] INFO  impl.FollowerState (FollowerState.java:run(117)) - 0d68154c-bc1a-4b17-bcf5-90972ecdd7ac@group-A236C1E6A57F-FollowerState was interrupted: java.lang.InterruptedException: sleep interrupted
2019-10-17 18:39:16,359 [grpc-default-executor-5] INFO  impl.RoleInfo (RoleInfo.java:updateAndGet(143)) - 0d68154c-bc1a-4b17-bcf5-90972ecdd7ac: start FollowerState
2019-10-17 18:39:16,374 [09ea8095-e0f7-4a15-a25f-71748f8d4e7f@group-A236C1E6A57F-LeaderElection48] INFO  impl.LeaderElection (LeaderElection.java:logAndReturn(56)) - 09ea8095-e0f7-4a15-a25f-71748f8d4e7f@group-A236C1E6A57F-LeaderElection48: Election REJECTED; received 2 response(s) [09ea8095-e0f7-4a15-a25f-71748f8d4e7f<-7b069786-c4de-4177-a49c-78057d3e7b27#0:FAIL-t43, 09ea8095-e0f7-4a15-a25f-71748f8d4e7f<-0d68154c-bc1a-4b17-bcf5-90972ecdd7ac#0:FAIL-t43] and 0 exception(s); 09ea8095-e0f7-4a15-a25f-71748f8d4e7f@group-A236C1E6A57F:t43, leader=null, voted=09ea8095-e0f7-4a15-a25f-71748f8d4e7f, raftlog=09ea8095-e0f7-4a15-a25f-71748f8d4e7f@group-A236C1E6A57F-SegmentedRaftLog:OPENED:c5,f6,i6, conf=1: [7b069786-c4de-4177-a49c-78057d3e7b27:192.168.157.251:46071, 0d68154c-bc1a-4b17-bcf5-90972ecdd7ac:192.168.157.251:40580, 09ea8095-e0f7-4a15-a25f-71748f8d4e7f:192.168.157.251:43128], old=null
2019-10-17 18:39:16,374 [09ea8095-e0f7-4a15-a25f-71748f8d4e7f@group-A236C1E6A57F-LeaderElection48] INFO  impl.RaftServerImpl (RaftServerImpl.java:setRole(184)) - 09ea8095-e0f7-4a15-a25f-71748f8d4e7f@group-A236C1E6A57F: changes role from CANDIDATE to FOLLOWER at term 43 for DISCOVERED_A_NEW_TERM
2019-10-17 18:39:16,374 [09ea8095-e0f7-4a15-a25f-71748f8d4e7f@group-A236C1E6A57F-LeaderElection48] INFO  impl.RoleInfo (RoleInfo.java:shutdownLeaderElection(134)) - 09ea8095-e0f7-4a15-a25f-71748f8d4e7f: shutdown LeaderElection
2019-10-17 18:39:16,374 [09ea8095-e0f7-4a15-a25f-71748f8d4e7f@group-A236C1E6A57F-LeaderElection48] INFO  impl.RoleInfo (RoleInfo.java:updateAndGet(143)) - 09ea8095-e0f7-4a15-a25f-71748f8d4e7f: start FollowerState
2019-10-17 18:39:16,415 [EventQueue-PendingDeleteStatusForPendingDeleteHandler] INFO  block.SCMBlockDeletingService (SCMBlockDeletingService.java:handlePendingDeletes(115)) - Block deletion txnID mismatch in datanode 09ea8095-e0f7-4a15-a25f-71748f8d4e7f for containerID 1. Datanode delete txnID: 0, SCM txnID: 1
2019-10-17 18:39:16,443 [Thread-892] INFO  impl.FollowerState (FollowerState.java:run(108)) - 09ea8095-e0f7-4a15-a25f-71748f8d4e7f@group-A236C1E6A57F-FollowerState: change to CANDIDATE, lastRpcTime:68ms, electionTimeout:68ms
2019-10-17 18:39:16,443 [Thread-892] INFO  impl.RoleInfo (RoleInfo.java:shutdownFollowerState(121)) - 09ea8095-e0f7-4a15-a25f-71748f8d4e7f: shutdown FollowerState
2019-10-17 18:39:16,443 [Thread-892] INFO  impl.RaftServerImpl (RaftServerImpl.java:setRole(184)) - 09ea8095-e0f7-4a15-a25f-71748f8d4e7f@group-A236C1E6A57F: changes role from  FOLLOWER to CANDIDATE at term 43 for changeToCandidate
2019-10-17 18:39:16,443 [Thread-892] INFO  impl.RoleInfo (RoleInfo.java:updateAndGet(143)) - 09ea8095-e0f7-4a15-a25f-71748f8d4e7f: start LeaderElection
2019-10-17 18:39:16,458 [09ea8095-e0f7-4a15-a25f-71748f8d4e7f@group-A236C1E6A57F-LeaderElection49] INFO  impl.LeaderElection (LeaderElection.java:askForVotes(178)) - 09ea8095-e0f7-4a15-a25f-71748f8d4e7f@group-A236C1E6A57F-LeaderElection49: begin an election at term 44 for 1: [7b069786-c4de-4177-a49c-78057d3e7b27:192.168.157.251:46071, 0d68154c-bc1a-4b17-bcf5-90972ecdd7ac:192.168.157.251:40580, 09ea8095-e0f7-4a15-a25f-71748f8d4e7f:192.168.157.251:43128], old=null
2019-10-17 18:39:16,460 [grpc-default-executor-5] INFO  impl.RaftServerImpl (RaftServerImpl.java:setRole(184)) - 0d68154c-bc1a-4b17-bcf5-90972ecdd7ac@group-A236C1E6A57F: changes role from  FOLLOWER to FOLLOWER at term 44 for recognizeCandidate:09ea8095-e0f7-4a15-a25f-71748f8d4e7f
2019-10-17 18:39:16,460 [grpc-default-executor-5] INFO  impl.RoleInfo (RoleInfo.java:shutdownFollowerState(121)) - 0d68154c-bc1a-4b17-bcf5-90972ecdd7ac: shutdown FollowerState
2019-10-17 18:39:16,460 [grpc-default-executor-4] INFO  impl.RaftServerImpl (RaftServerImpl.java:setRole(184)) - 7b069786-c4de-4177-a49c-78057d3e7b27@group-A236C1E6A57F: changes role from  FOLLOWER to FOLLOWER at term 44 for recognizeCandidate:09ea8095-e0f7-4a15-a25f-71748f8d4e7f
2019-10-17 18:39:16,460 [grpc-default-executor-5] INFO  impl.RoleInfo (RoleInfo.java:updateAndGet(143)) - 0d68154c-bc1a-4b17-bcf5-90972ecdd7ac: start FollowerState
2019-10-17 18:39:16,460 [Thread-891] INFO  impl.FollowerState (FollowerState.java:run(117)) - 0d68154c-bc1a-4b17-bcf5-90972ecdd7ac@group-A236C1E6A57F-FollowerState was interrupted: java.lang.InterruptedException: sleep interrupted
2019-10-17 18:39:16,460 [grpc-default-executor-4] INFO  impl.RoleInfo (RoleInfo.java:shutdownFollowerState(121)) - 7b069786-c4de-4177-a49c-78057d3e7b27: shutdown FollowerState
2019-10-17 18:39:16,461 [Thread-890] INFO  impl.FollowerState (FollowerState.java:run(117)) - 7b069786-c4de-4177-a49c-78057d3e7b27@group-A236C1E6A57F-FollowerState was interrupted: java.lang.InterruptedException: sleep interrupted
2019-10-17 18:39:16,461 [grpc-default-executor-4] INFO  impl.RoleInfo (RoleInfo.java:updateAndGet(143)) - 7b069786-c4de-4177-a49c-78057d3e7b27: start FollowerState
2019-10-17 18:39:16,471 [09ea8095-e0f7-4a15-a25f-71748f8d4e7f@group-A236C1E6A57F-LeaderElection49] INFO  impl.LeaderElection (LeaderElection.java:logAndReturn(56)) - 09ea8095-e0f7-4a15-a25f-71748f8d4e7f@group-A236C1E6A57F-LeaderElection49: Election TIMEOUT; received 0 response(s) [] and 0 exception(s); 09ea8095-e0f7-4a15-a25f-71748f8d4e7f@group-A236C1E6A57F:t44, leader=null, voted=09ea8095-e0f7-4a15-a25f-71748f8d4e7f, raftlog=09ea8095-e0f7-4a15-a25f-71748f8d4e7f@group-A236C1E6A57F-SegmentedRaftLog:OPENED:c5,f6,i6, conf=1: [7b069786-c4de-4177-a49c-78057d3e7b27:192.168.157.251:46071, 0d68154c-bc1a-4b17-bcf5-90972ecdd7ac:192.168.157.251:40580, 09ea8095-e0f7-4a15-a25f-71748f8d4e7f:192.168.157.251:43128], old=null
2019-10-17 18:39:16,477 [09ea8095-e0f7-4a15-a25f-71748f8d4e7f@group-A236C1E6A57F-LeaderElection49] INFO  impl.LeaderElection (LeaderElection.java:askForVotes(178)) - 09ea8095-e0f7-4a15-a25f-71748f8d4e7f@group-A236C1E6A57F-LeaderElection49: begin an election at term 45 for 1: [7b069786-c4de-4177-a49c-78057d3e7b27:192.168.157.251:46071, 0d68154c-bc1a-4b17-bcf5-90972ecdd7ac:192.168.157.251:40580, 09ea8095-e0f7-4a15-a25f-71748f8d4e7f:192.168.157.251:43128], old=null
2019-10-17 18:39:16,478 [grpc-default-executor-4] INFO  impl.RaftServerImpl (RaftServerImpl.java:setRole(184)) - 7b069786-c4de-4177-a49c-78057d3e7b27@group-A236C1E6A57F: changes role from  FOLLOWER to FOLLOWER at term 45 for recognizeCandidate:09ea8095-e0f7-4a15-a25f-71748f8d4e7f
2019-10-17 18:39:16,478 [grpc-default-executor-4] INFO  impl.RoleInfo (RoleInfo.java:shutdownFollowerState(121)) - 7b069786-c4de-4177-a49c-78057d3e7b27: shutdown FollowerState
2019-10-17 18:39:16,479 [Thread-897] INFO  impl.FollowerState (FollowerState.java:run(117)) - 7b069786-c4de-4177-a49c-78057d3e7b27@group-A236C1E6A57F-FollowerState was interrupted: java.lang.InterruptedException: sleep interrupted
2019-10-17 18:39:16,479 [grpc-default-executor-4] INFO  impl.RoleInfo (RoleInfo.java:updateAndGet(143)) - 7b069786-c4de-4177-a49c-78057d3e7b27: start FollowerState
2019-10-17 18:39:16,479 [grpc-default-executor-5] INFO  impl.RaftServerImpl (RaftServerImpl.java:setRole(184)) - 0d68154c-bc1a-4b17-bcf5-90972ecdd7ac@group-A236C1E6A57F: changes role from  FOLLOWER to FOLLOWER at term 45 for recognizeCandidate:09ea8095-e0f7-4a15-a25f-71748f8d4e7f
2019-10-17 18:39:16,479 [grpc-default-executor-5] INFO  impl.RoleInfo (RoleInfo.java:shutdownFollowerState(121)) - 0d68154c-bc1a-4b17-bcf5-90972ecdd7ac: shutdown FollowerState
2019-10-17 18:39:16,479 [grpc-default-executor-5] INFO  impl.RoleInfo (RoleInfo.java:updateAndGet(143)) - 0d68154c-bc1a-4b17-bcf5-90972ecdd7ac: start FollowerState
2019-10-17 18:39:16,479 [Thread-896] INFO  impl.FollowerState (FollowerState.java:run(117)) - 0d68154c-bc1a-4b17-bcf5-90972ecdd7ac@group-A236C1E6A57F-FollowerState was interrupted: java.lang.InterruptedException: sleep interrupted
2019-10-17 18:39:16,482 [09ea8095-e0f7-4a15-a25f-71748f8d4e7f@group-A236C1E6A57F-LeaderElection49] INFO  impl.LeaderElection (LeaderElection.java:logAndReturn(56)) - 09ea8095-e0f7-4a15-a25f-71748f8d4e7f@group-A236C1E6A57F-LeaderElection49: Election TIMEOUT; received 0 response(s) [] and 0 exception(s); 09ea8095-e0f7-4a15-a25f-71748f8d4e7f@group-A236C1E6A57F:t45, leader=null, voted=09ea8095-e0f7-4a15-a25f-71748f8d4e7f, raftlog=09ea8095-e0f7-4a15-a25f-71748f8d4e7f@group-A236C1E6A57F-SegmentedRaftLog:OPENED:c5,f6,i6, conf=1: [7b069786-c4de-4177-a49c-78057d3e7b27:192.168.157.251:46071, 0d68154c-bc1a-4b17-bcf5-90972ecdd7ac:192.168.157.251:40580, 09ea8095-e0f7-4a15-a25f-71748f8d4e7f:192.168.157.251:43128], old=null
2019-10-17 18:39:16,520 [09ea8095-e0f7-4a15-a25f-71748f8d4e7f@group-A236C1E6A57F-LeaderElection49] INFO  impl.LeaderElection (LeaderElection.java:askForVotes(178)) - 09ea8095-e0f7-4a15-a25f-71748f8d4e7f@group-A236C1E6A57F-LeaderElection49: begin an election at term 46 for 1: [7b069786-c4de-4177-a49c-78057d3e7b27:192.168.157.251:46071, 0d68154c-bc1a-4b17-bcf5-90972ecdd7ac:192.168.157.251:40580, 09ea8095-e0f7-4a15-a25f-71748f8d4e7f:192.168.157.251:43128], old=null
2019-10-17 18:39:16,522 [grpc-default-executor-4] INFO  impl.RaftServerImpl (RaftServerImpl.java:setRole(184)) - 7b069786-c4de-4177-a49c-78057d3e7b27@group-A236C1E6A57F: changes role from  FOLLOWER to FOLLOWER at term 46 for recognizeCandidate:09ea8095-e0f7-4a15-a25f-71748f8d4e7f
2019-10-17 18:39:16,522 [grpc-default-executor-4] INFO  impl.RoleInfo (RoleInfo.java:shutdownFollowerState(121)) - 7b069786-c4de-4177-a49c-78057d3e7b27: shutdown FollowerState
2019-10-17 18:39:16,523 [grpc-default-executor-5] INFO  impl.RaftServerImpl (RaftServerImpl.java:setRole(184)) - 0d68154c-bc1a-4b17-bcf5-90972ecdd7ac@group-A236C1E6A57F: changes role from  FOLLOWER to FOLLOWER at term 46 for recognizeCandidate:09ea8095-e0f7-4a15-a25f-71748f8d4e7f
2019-10-17 18:39:16,523 [grpc-default-executor-5] INFO  impl.RoleInfo (RoleInfo.java:shutdownFollowerState(121)) - 0d68154c-bc1a-4b17-bcf5-90972ecdd7ac: shutdown FollowerState
2019-10-17 18:39:16,526 [Thread-901] INFO  impl.FollowerState (FollowerState.java:run(117)) - 0d68154c-bc1a-4b17-bcf5-90972ecdd7ac@group-A236C1E6A57F-FollowerState was interrupted: java.lang.InterruptedException: sleep interrupted
2019-10-17 18:39:16,526 [Thread-900] INFO  impl.FollowerState (FollowerState.java:run(117)) - 7b069786-c4de-4177-a49c-78057d3e7b27@group-A236C1E6A57F-FollowerState was interrupted: java.lang.InterruptedException: sleep interrupted
2019-10-17 18:39:16,526 [grpc-default-executor-4] INFO  impl.RoleInfo (RoleInfo.java:updateAndGet(143)) - 7b069786-c4de-4177-a49c-78057d3e7b27: start FollowerState
2019-10-17 18:39:16,526 [grpc-default-executor-5] INFO  impl.RoleInfo (RoleInfo.java:updateAndGet(143)) - 0d68154c-bc1a-4b17-bcf5-90972ecdd7ac: start FollowerState
2019-10-17 18:39:16,569 [09ea8095-e0f7-4a15-a25f-71748f8d4e7f@group-A236C1E6A57F-LeaderElection49] INFO  impl.LeaderElection (LeaderElection.java:logAndReturn(56)) - 09ea8095-e0f7-4a15-a25f-71748f8d4e7f@group-A236C1E6A57F-LeaderElection49: Election REJECTED; received 2 response(s) [09ea8095-e0f7-4a15-a25f-71748f8d4e7f<-7b069786-c4de-4177-a49c-78057d3e7b27#0:FAIL-t46, 09ea8095-e0f7-4a15-a25f-71748f8d4e7f<-0d68154c-bc1a-4b17-bcf5-90972ecdd7ac#0:FAIL-t46] and 0 exception(s); 09ea8095-e0f7-4a15-a25f-71748f8d4e7f@group-A236C1E6A57F:t46, leader=null, voted=09ea8095-e0f7-4a15-a25f-71748f8d4e7f, raftlog=09ea8095-e0f7-4a15-a25f-71748f8d4e7f@group-A236C1E6A57F-SegmentedRaftLog:OPENED:c5,f6,i6, conf=1: [7b069786-c4de-4177-a49c-78057d3e7b27:192.168.157.251:46071, 0d68154c-bc1a-4b17-bcf5-90972ecdd7ac:192.168.157.251:40580, 09ea8095-e0f7-4a15-a25f-71748f8d4e7f:192.168.157.251:43128], old=null
2019-10-17 18:39:16,569 [09ea8095-e0f7-4a15-a25f-71748f8d4e7f@group-A236C1E6A57F-LeaderElection49] INFO  impl.RaftServerImpl (RaftServerImpl.java:setRole(184)) - 09ea8095-e0f7-4a15-a25f-71748f8d4e7f@group-A236C1E6A57F: changes role from CANDIDATE to FOLLOWER at term 46 for DISCOVERED_A_NEW_TERM
2019-10-17 18:39:16,569 [09ea8095-e0f7-4a15-a25f-71748f8d4e7f@group-A236C1E6A57F-LeaderElection49] INFO  impl.RoleInfo (RoleInfo.java:shutdownLeaderElection(134)) - 09ea8095-e0f7-4a15-a25f-71748f8d4e7f: shutdown LeaderElection
2019-10-17 18:39:16,569 [09ea8095-e0f7-4a15-a25f-71748f8d4e7f@group-A236C1E6A57F-LeaderElection49] INFO  impl.RoleInfo (RoleInfo.java:updateAndGet(143)) - 09ea8095-e0f7-4a15-a25f-71748f8d4e7f: start FollowerState
2019-10-17 18:39:16,615 [EventQueue-PendingDeleteStatusForPendingDeleteHandler] INFO  block.SCMBlockDeletingService (SCMBlockDeletingService.java:handlePendingDeletes(115)) - Block deletion txnID mismatch in datanode 09ea8095-e0f7-4a15-a25f-71748f8d4e7f for containerID 1. Datanode delete txnID: 0, SCM txnID: 1
2019-10-17 18:39:16,731 [Thread-906] INFO  impl.FollowerState (FollowerState.java:run(108)) - 09ea8095-e0f7-4a15-a25f-71748f8d4e7f@group-A236C1E6A57F-FollowerState: change to CANDIDATE, lastRpcTime:162ms, electionTimeout:162ms
2019-10-17 18:39:16,732 [Thread-906] INFO  impl.RoleInfo (RoleInfo.java:shutdownFollowerState(121)) - 09ea8095-e0f7-4a15-a25f-71748f8d4e7f: shutdown FollowerState
2019-10-17 18:39:16,732 [Thread-906] INFO  impl.RaftServerImpl (RaftServerImpl.java:setRole(184)) - 09ea8095-e0f7-4a15-a25f-71748f8d4e7f@group-A236C1E6A57F: changes role from  FOLLOWER to CANDIDATE at term 46 for changeToCandidate
2019-10-17 18:39:16,732 [Thread-906] INFO  impl.RoleInfo (RoleInfo.java:updateAndGet(143)) - 09ea8095-e0f7-4a15-a25f-71748f8d4e7f: start LeaderElection
2019-10-17 18:39:16,744 [09ea8095-e0f7-4a15-a25f-71748f8d4e7f@group-A236C1E6A57F-LeaderElection50] INFO  impl.LeaderElection (LeaderElection.java:askForVotes(178)) - 09ea8095-e0f7-4a15-a25f-71748f8d4e7f@group-A236C1E6A57F-LeaderElection50: begin an election at term 47 for 1: [7b069786-c4de-4177-a49c-78057d3e7b27:192.168.157.251:46071, 0d68154c-bc1a-4b17-bcf5-90972ecdd7ac:192.168.157.251:40580, 09ea8095-e0f7-4a15-a25f-71748f8d4e7f:192.168.157.251:43128], old=null
2019-10-17 18:39:16,747 [grpc-default-executor-4] INFO  impl.RaftServerImpl (RaftServerImpl.java:setRole(184)) - 0d68154c-bc1a-4b17-bcf5-90972ecdd7ac@group-A236C1E6A57F: changes role from  FOLLOWER to FOLLOWER at term 47 for recognizeCandidate:09ea8095-e0f7-4a15-a25f-71748f8d4e7f
2019-10-17 18:39:16,747 [grpc-default-executor-5] INFO  impl.RaftServerImpl (RaftServerImpl.java:setRole(184)) - 7b069786-c4de-4177-a49c-78057d3e7b27@group-A236C1E6A57F: changes role from  FOLLOWER to FOLLOWER at term 47 for recognizeCandidate:09ea8095-e0f7-4a15-a25f-71748f8d4e7f
2019-10-17 18:39:16,747 [grpc-default-executor-4] INFO  impl.RoleInfo (RoleInfo.java:shutdownFollowerState(121)) - 0d68154c-bc1a-4b17-bcf5-90972ecdd7ac: shutdown FollowerState
2019-10-17 18:39:16,747 [grpc-default-executor-5] INFO  impl.RoleInfo (RoleInfo.java:shutdownFollowerState(121)) - 7b069786-c4de-4177-a49c-78057d3e7b27: shutdown FollowerState
2019-10-17 18:39:16,747 [Thread-904] INFO  impl.FollowerState (FollowerState.java:run(117)) - 0d68154c-bc1a-4b17-bcf5-90972ecdd7ac@group-A236C1E6A57F-FollowerState was interrupted: java.lang.InterruptedException: sleep interrupted
2019-10-17 18:39:16,747 [grpc-default-executor-4] INFO  impl.RoleInfo (RoleInfo.java:updateAndGet(143)) - 0d68154c-bc1a-4b17-bcf5-90972ecdd7ac: start FollowerState
2019-10-17 18:39:16,747 [Thread-905] INFO  impl.FollowerState (FollowerState.java:run(117)) - 7b069786-c4de-4177-a49c-78057d3e7b27@group-A236C1E6A57F-FollowerState was interrupted: java.lang.InterruptedException: sleep interrupted
2019-10-17 18:39:16,747 [grpc-default-executor-5] INFO  impl.RoleInfo (RoleInfo.java:updateAndGet(143)) - 7b069786-c4de-4177-a49c-78057d3e7b27: start FollowerState
2019-10-17 18:39:16,762 [09ea8095-e0f7-4a15-a25f-71748f8d4e7f@group-A236C1E6A57F-LeaderElection50] INFO  impl.LeaderElection (LeaderElection.java:logAndReturn(56)) - 09ea8095-e0f7-4a15-a25f-71748f8d4e7f@group-A236C1E6A57F-LeaderElection50: Election REJECTED; received 2 response(s) [09ea8095-e0f7-4a15-a25f-71748f8d4e7f<-7b069786-c4de-4177-a49c-78057d3e7b27#0:FAIL-t47, 09ea8095-e0f7-4a15-a25f-71748f8d4e7f<-0d68154c-bc1a-4b17-bcf5-90972ecdd7ac#0:FAIL-t47] and 0 exception(s); 09ea8095-e0f7-4a15-a25f-71748f8d4e7f@group-A236C1E6A57F:t47, leader=null, voted=09ea8095-e0f7-4a15-a25f-71748f8d4e7f, raftlog=09ea8095-e0f7-4a15-a25f-71748f8d4e7f@group-A236C1E6A57F-SegmentedRaftLog:OPENED:c5,f6,i6, conf=1: [7b069786-c4de-4177-a49c-78057d3e7b27:192.168.157.251:46071, 0d68154c-bc1a-4b17-bcf5-90972ecdd7ac:192.168.157.251:40580, 09ea8095-e0f7-4a15-a25f-71748f8d4e7f:192.168.157.251:43128], old=null
2019-10-17 18:39:16,762 [09ea8095-e0f7-4a15-a25f-71748f8d4e7f@group-A236C1E6A57F-LeaderElection50] INFO  impl.RaftServerImpl (RaftServerImpl.java:setRole(184)) - 09ea8095-e0f7-4a15-a25f-71748f8d4e7f@group-A236C1E6A57F: changes role from CANDIDATE to FOLLOWER at term 47 for DISCOVERED_A_NEW_TERM
2019-10-17 18:39:16,762 [09ea8095-e0f7-4a15-a25f-71748f8d4e7f@group-A236C1E6A57F-LeaderElection50] INFO  impl.RoleInfo (RoleInfo.java:shutdownLeaderElection(134)) - 09ea8095-e0f7-4a15-a25f-71748f8d4e7f: shutdown LeaderElection
2019-10-17 18:39:16,762 [09ea8095-e0f7-4a15-a25f-71748f8d4e7f@group-A236C1E6A57F-LeaderElection50] INFO  impl.RoleInfo (RoleInfo.java:updateAndGet(143)) - 09ea8095-e0f7-4a15-a25f-71748f8d4e7f: start FollowerState
2019-10-17 18:39:16,812 [Thread-912] INFO  impl.FollowerState (FollowerState.java:run(108)) - 09ea8095-e0f7-4a15-a25f-71748f8d4e7f@group-A236C1E6A57F-FollowerState: change to CANDIDATE, lastRpcTime:49ms, electionTimeout:49ms
2019-10-17 18:39:16,812 [Thread-912] INFO  impl.RoleInfo (RoleInfo.java:shutdownFollowerState(121)) - 09ea8095-e0f7-4a15-a25f-71748f8d4e7f: shutdown FollowerState
2019-10-17 18:39:16,812 [Thread-912] INFO  impl.RaftServerImpl (RaftServerImpl.java:setRole(184)) - 09ea8095-e0f7-4a15-a25f-71748f8d4e7f@group-A236C1E6A57F: changes role from  FOLLOWER to CANDIDATE at term 47 for changeToCandidate
2019-10-17 18:39:16,812 [Thread-912] INFO  impl.RoleInfo (RoleInfo.java:updateAndGet(143)) - 09ea8095-e0f7-4a15-a25f-71748f8d4e7f: start LeaderElection
2019-10-17 18:39:16,827 [09ea8095-e0f7-4a15-a25f-71748f8d4e7f@group-A236C1E6A57F-LeaderElection51] INFO  impl.LeaderElection (LeaderElection.java:askForVotes(178)) - 09ea8095-e0f7-4a15-a25f-71748f8d4e7f@group-A236C1E6A57F-LeaderElection51: begin an election at term 48 for 1: [7b069786-c4de-4177-a49c-78057d3e7b27:192.168.157.251:46071, 0d68154c-bc1a-4b17-bcf5-90972ecdd7ac:192.168.157.251:40580, 09ea8095-e0f7-4a15-a25f-71748f8d4e7f:192.168.157.251:43128], old=null
2019-10-17 18:39:16,829 [grpc-default-executor-4] INFO  impl.RaftServerImpl (RaftServerImpl.java:setRole(184)) - 0d68154c-bc1a-4b17-bcf5-90972ecdd7ac@group-A236C1E6A57F: changes role from  FOLLOWER to FOLLOWER at term 48 for recognizeCandidate:09ea8095-e0f7-4a15-a25f-71748f8d4e7f
2019-10-17 18:39:16,829 [grpc-default-executor-4] INFO  impl.RoleInfo (RoleInfo.java:shutdownFollowerState(121)) - 0d68154c-bc1a-4b17-bcf5-90972ecdd7ac: shutdown FollowerState
2019-10-17 18:39:16,829 [grpc-default-executor-4] INFO  impl.RoleInfo (RoleInfo.java:updateAndGet(143)) - 0d68154c-bc1a-4b17-bcf5-90972ecdd7ac: start FollowerState
2019-10-17 18:39:16,829 [grpc-default-executor-5] INFO  impl.RaftServerImpl (RaftServerImpl.java:setRole(184)) - 7b069786-c4de-4177-a49c-78057d3e7b27@group-A236C1E6A57F: changes role from  FOLLOWER to FOLLOWER at term 48 for recognizeCandidate:09ea8095-e0f7-4a15-a25f-71748f8d4e7f
2019-10-17 18:39:16,829 [Thread-910] INFO  impl.FollowerState (FollowerState.java:run(117)) - 0d68154c-bc1a-4b17-bcf5-90972ecdd7ac@group-A236C1E6A57F-FollowerState was interrupted: java.lang.InterruptedException: sleep interrupted
2019-10-17 18:39:16,830 [grpc-default-executor-5] INFO  impl.RoleInfo (RoleInfo.java:shutdownFollowerState(121)) - 7b069786-c4de-4177-a49c-78057d3e7b27: shutdown FollowerState
2019-10-17 18:39:16,830 [grpc-default-executor-5] INFO  impl.RoleInfo (RoleInfo.java:updateAndGet(143)) - 7b069786-c4de-4177-a49c-78057d3e7b27: start FollowerState
2019-10-17 18:39:16,830 [Thread-911] INFO  impl.FollowerState (FollowerState.java:run(117)) - 7b069786-c4de-4177-a49c-78057d3e7b27@group-A236C1E6A57F-FollowerState was interrupted: java.lang.InterruptedException: sleep interrupted
2019-10-17 18:39:16,877 [09ea8095-e0f7-4a15-a25f-71748f8d4e7f@group-A236C1E6A57F-LeaderElection51] INFO  impl.LeaderElection (LeaderElection.java:logAndReturn(56)) - 09ea8095-e0f7-4a15-a25f-71748f8d4e7f@group-A236C1E6A57F-LeaderElection51: Election REJECTED; received 2 response(s) [09ea8095-e0f7-4a15-a25f-71748f8d4e7f<-7b069786-c4de-4177-a49c-78057d3e7b27#0:FAIL-t48, 09ea8095-e0f7-4a15-a25f-71748f8d4e7f<-0d68154c-bc1a-4b17-bcf5-90972ecdd7ac#0:FAIL-t48] and 0 exception(s); 09ea8095-e0f7-4a15-a25f-71748f8d4e7f@group-A236C1E6A57F:t48, leader=null, voted=09ea8095-e0f7-4a15-a25f-71748f8d4e7f, raftlog=09ea8095-e0f7-4a15-a25f-71748f8d4e7f@group-A236C1E6A57F-SegmentedRaftLog:OPENED:c5,f6,i6, conf=1: [7b069786-c4de-4177-a49c-78057d3e7b27:192.168.157.251:46071, 0d68154c-bc1a-4b17-bcf5-90972ecdd7ac:192.168.157.251:40580, 09ea8095-e0f7-4a15-a25f-71748f8d4e7f:192.168.157.251:43128], old=null
2019-10-17 18:39:16,877 [09ea8095-e0f7-4a15-a25f-71748f8d4e7f@group-A236C1E6A57F-LeaderElection51] INFO  impl.RaftServerImpl (RaftServerImpl.java:setRole(184)) - 09ea8095-e0f7-4a15-a25f-71748f8d4e7f@group-A236C1E6A57F: changes role from CANDIDATE to FOLLOWER at term 48 for DISCOVERED_A_NEW_TERM
2019-10-17 18:39:16,877 [09ea8095-e0f7-4a15-a25f-71748f8d4e7f@group-A236C1E6A57F-LeaderElection51] INFO  impl.RoleInfo (RoleInfo.java:shutdownLeaderElection(134)) - 09ea8095-e0f7-4a15-a25f-71748f8d4e7f: shutdown LeaderElection
2019-10-17 18:39:16,877 [09ea8095-e0f7-4a15-a25f-71748f8d4e7f@group-A236C1E6A57F-LeaderElection51] INFO  impl.RoleInfo (RoleInfo.java:updateAndGet(143)) - 09ea8095-e0f7-4a15-a25f-71748f8d4e7f: start FollowerState
2019-10-17 18:39:16,932 [Command processor thread] INFO  commandhandler.DeleteBlocksCommandHandler (DeleteBlocksCommandHandler.java:handle(106)) - Start to delete container blocks, TXIDs=[1(0)], numOfContainers=1, numOfBlocks=1
2019-10-17 18:39:16,933 [Command processor thread] INFO  commandhandler.DeleteBlocksCommandHandler (DeleteBlocksCommandHandler.java:handle(106)) - Start to delete container blocks, TXIDs=[1(0)], numOfContainers=1, numOfBlocks=1
2019-10-17 18:39:16,933 [Command processor thread] INFO  commandhandler.DeleteBlocksCommandHandler (DeleteBlocksCommandHandler.java:handle(106)) - Start to delete container blocks, TXIDs=[1(2)], numOfContainers=1, numOfBlocks=1
2019-10-17 18:39:16,934 [Command processor thread] INFO  commandhandler.DeleteBlocksCommandHandler (DeleteBlocksCommandHandler.java:handle(106)) - Start to delete container blocks, TXIDs=[1(0)], numOfContainers=1, numOfBlocks=1
2019-10-17 18:39:16,934 [Command processor thread] INFO  commandhandler.DeleteBlocksCommandHandler (DeleteBlocksCommandHandler.java:handle(106)) - Start to delete container blocks, TXIDs=[1(2)], numOfContainers=1, numOfBlocks=1
2019-10-17 18:39:16,934 [Command processor thread] INFO  commandhandler.DeleteBlocksCommandHandler (DeleteBlocksCommandHandler.java:handle(106)) - Start to delete container blocks, TXIDs=[1(2)], numOfContainers=1, numOfBlocks=1
2019-10-17 18:39:16,934 [Command processor thread] INFO  commandhandler.DeleteBlocksCommandHandler (DeleteBlocksCommandHandler.java:handle(106)) - Start to delete container blocks, TXIDs=[1(2)], numOfContainers=1, numOfBlocks=1
2019-10-17 18:39:16,934 [Command processor thread] INFO  commandhandler.DeleteBlocksCommandHandler (DeleteBlocksCommandHandler.java:handle(106)) - Start to delete container blocks, TXIDs=[1(0)], numOfContainers=1, numOfBlocks=1
2019-10-17 18:39:16,935 [Command processor thread] INFO  commandhandler.DeleteBlocksCommandHandler (DeleteBlocksCommandHandler.java:handle(106)) - Start to delete container blocks, TXIDs=[1(2)], numOfContainers=1, numOfBlocks=1
2019-10-17 18:39:16,935 [Command processor thread] INFO  commandhandler.DeleteBlocksCommandHandler (DeleteBlocksCommandHandler.java:handle(106)) - Start to delete container blocks, TXIDs=[1(2)], numOfContainers=1, numOfBlocks=1
2019-10-17 18:39:16,935 [Command processor thread] INFO  commandhandler.DeleteBlocksCommandHandler (DeleteBlocksCommandHandler.java:handle(106)) - Start to delete container blocks, TXIDs=[1(0)], numOfContainers=1, numOfBlocks=1
2019-10-17 18:39:16,936 [Command processor thread] INFO  commandhandler.DeleteBlocksCommandHandler (DeleteBlocksCommandHandler.java:handle(106)) - Start to delete container blocks, TXIDs=[1(2)], numOfContainers=1, numOfBlocks=1
2019-10-17 18:39:16,936 [Command processor thread] INFO  commandhandler.DeleteBlocksCommandHandler (DeleteBlocksCommandHandler.java:handle(106)) - Start to delete container blocks, TXIDs=[1(2)], numOfContainers=1, numOfBlocks=1
2019-10-17 18:39:16,936 [Command processor thread] INFO  commandhandler.DeleteBlocksCommandHandler (DeleteBlocksCommandHandler.java:handle(106)) - Start to delete container blocks, TXIDs=[1(2)], numOfContainers=1, numOfBlocks=1
2019-10-17 18:39:16,936 [Command processor thread] INFO  commandhandler.DeleteBlocksCommandHandler (DeleteBlocksCommandHandler.java:handle(106)) - Start to delete container blocks, TXIDs=[1(2)], numOfContainers=1, numOfBlocks=1
2019-10-17 18:39:16,936 [Command processor thread] INFO  commandhandler.DeleteBlocksCommandHandler (DeleteBlocksCommandHandler.java:handle(106)) - Start to delete container blocks, TXIDs=[1(0)], numOfContainers=1, numOfBlocks=1
2019-10-17 18:39:16,937 [Command processor thread] INFO  commandhandler.DeleteBlocksCommandHandler (DeleteBlocksCommandHandler.java:handle(106)) - Start to delete container blocks, TXIDs=[1(2)], numOfContainers=1, numOfBlocks=1
2019-10-17 18:39:16,937 [Command processor thread] INFO  commandhandler.DeleteBlocksCommandHandler (DeleteBlocksCommandHandler.java:handle(106)) - Start to delete container blocks, TXIDs=[1(2)], numOfContainers=1, numOfBlocks=1
2019-10-17 18:39:16,937 [Command processor thread] INFO  commandhandler.DeleteBlocksCommandHandler (DeleteBlocksCommandHandler.java:handle(106)) - Start to delete container blocks, TXIDs=[1(2)], numOfContainers=1, numOfBlocks=1
2019-10-17 18:39:16,937 [Command processor thread] INFO  commandhandler.DeleteBlocksCommandHandler (DeleteBlocksCommandHandler.java:handle(106)) - Start to delete container blocks, TXIDs=[1(2)], numOfContainers=1, numOfBlocks=1
2019-10-17 18:39:16,938 [Command processor thread] INFO  commandhandler.DeleteBlocksCommandHandler (DeleteBlocksCommandHandler.java:handle(106)) - Start to delete container blocks, TXIDs=[1(2)], numOfContainers=1, numOfBlocks=1
2019-10-17 18:39:16,938 [Command processor thread] INFO  commandhandler.DeleteBlocksCommandHandler (DeleteBlocksCommandHandler.java:handle(106)) - Start to delete container blocks, TXIDs=[1(0)], numOfContainers=1, numOfBlocks=1
2019-10-17 18:39:16,938 [Command processor thread] INFO  commandhandler.DeleteBlocksCommandHandler (DeleteBlocksCommandHandler.java:handle(106)) - Start to delete container blocks, TXIDs=[1(2)], numOfContainers=1, numOfBlocks=1
2019-10-17 18:39:16,938 [Command processor thread] INFO  commandhandler.DeleteBlocksCommandHandler (DeleteBlocksCommandHandler.java:handle(106)) - Start to delete container blocks, TXIDs=[1(2)], numOfContainers=1, numOfBlocks=1
2019-10-17 18:39:16,939 [Command processor thread] INFO  commandhandler.DeleteBlocksCommandHandler (DeleteBlocksCommandHandler.java:handle(106)) - Start to delete container blocks, TXIDs=[1(2)], numOfContainers=1, numOfBlocks=1
2019-10-17 18:39:16,939 [Command processor thread] INFO  commandhandler.DeleteBlocksCommandHandler (DeleteBlocksCommandHandler.java:handle(106)) - Start to delete container blocks, TXIDs=[1(2)], numOfContainers=1, numOfBlocks=1
2019-10-17 18:39:16,939 [Command processor thread] INFO  commandhandler.DeleteBlocksCommandHandler (DeleteBlocksCommandHandler.java:handle(106)) - Start to delete container blocks, TXIDs=[1(2)], numOfContainers=1, numOfBlocks=1
2019-10-17 18:39:16,939 [Command processor thread] INFO  commandhandler.DeleteBlocksCommandHandler (DeleteBlocksCommandHandler.java:handle(106)) - Start to delete container blocks, TXIDs=[1(2)], numOfContainers=1, numOfBlocks=1
2019-10-17 18:39:16,940 [Command processor thread] INFO  commandhandler.DeleteBlocksCommandHandler (DeleteBlocksCommandHandler.java:handle(106)) - Start to delete container blocks, TXIDs=[1(2)], numOfContainers=1, numOfBlocks=1
2019-10-17 18:39:16,940 [Command processor thread] INFO  commandhandler.DeleteBlocksCommandHandler (DeleteBlocksCommandHandler.java:handle(106)) - Start to delete container blocks, TXIDs=[1(2)], numOfContainers=1, numOfBlocks=1
2019-10-17 18:39:16,940 [Command processor thread] INFO  commandhandler.DeleteBlocksCommandHandler (DeleteBlocksCommandHandler.java:handle(106)) - Start to delete container blocks, TXIDs=[1(0)], numOfContainers=1, numOfBlocks=1
2019-10-17 18:39:16,940 [Command processor thread] INFO  commandhandler.DeleteBlocksCommandHandler (DeleteBlocksCommandHandler.java:handle(106)) - Start to delete container blocks, TXIDs=[1(2)], numOfContainers=1, numOfBlocks=1
2019-10-17 18:39:16,941 [Command processor thread] INFO  commandhandler.DeleteBlocksCommandHandler (DeleteBlocksCommandHandler.java:handle(106)) - Start to delete container blocks, TXIDs=[1(2)], numOfContainers=1, numOfBlocks=1
2019-10-17 18:39:16,941 [Command processor thread] INFO  commandhandler.DeleteBlocksCommandHandler (DeleteBlocksCommandHandler.java:handle(106)) - Start to delete container blocks, TXIDs=[1(2)], numOfContainers=1, numOfBlocks=1
2019-10-17 18:39:16,941 [Command processor thread] INFO  commandhandler.DeleteBlocksCommandHandler (DeleteBlocksCommandHandler.java:handle(106)) - Start to delete container blocks, TXIDs=[1(2)], numOfContainers=1, numOfBlocks=1
2019-10-17 18:39:16,941 [Command processor thread] INFO  commandhandler.DeleteBlocksCommandHandler (DeleteBlocksCommandHandler.java:handle(106)) - Start to delete container blocks, TXIDs=[1(30)], numOfContainers=1, numOfBlocks=1
2019-10-17 18:39:17,064 [Thread-918] INFO  impl.FollowerState (FollowerState.java:run(108)) - 09ea8095-e0f7-4a15-a25f-71748f8d4e7f@group-A236C1E6A57F-FollowerState: change to CANDIDATE, lastRpcTime:186ms, electionTimeout:186ms
2019-10-17 18:39:17,064 [Thread-918] INFO  impl.RoleInfo (RoleInfo.java:shutdownFollowerState(121)) - 09ea8095-e0f7-4a15-a25f-71748f8d4e7f: shutdown FollowerState
2019-10-17 18:39:17,064 [Thread-918] INFO  impl.RaftServerImpl (RaftServerImpl.java:setRole(184)) - 09ea8095-e0f7-4a15-a25f-71748f8d4e7f@group-A236C1E6A57F: changes role from  FOLLOWER to CANDIDATE at term 48 for changeToCandidate
2019-10-17 18:39:17,064 [Thread-918] INFO  impl.RoleInfo (RoleInfo.java:updateAndGet(143)) - 09ea8095-e0f7-4a15-a25f-71748f8d4e7f: start LeaderElection
2019-10-17 18:39:17,078 [09ea8095-e0f7-4a15-a25f-71748f8d4e7f@group-A236C1E6A57F-LeaderElection52] INFO  impl.LeaderElection (LeaderElection.java:askForVotes(178)) - 09ea8095-e0f7-4a15-a25f-71748f8d4e7f@group-A236C1E6A57F-LeaderElection52: begin an election at term 49 for 1: [7b069786-c4de-4177-a49c-78057d3e7b27:192.168.157.251:46071, 0d68154c-bc1a-4b17-bcf5-90972ecdd7ac:192.168.157.251:40580, 09ea8095-e0f7-4a15-a25f-71748f8d4e7f:192.168.157.251:43128], old=null
2019-10-17 18:39:17,081 [grpc-default-executor-4] INFO  impl.RaftServerImpl (RaftServerImpl.java:setRole(184)) - 0d68154c-bc1a-4b17-bcf5-90972ecdd7ac@group-A236C1E6A57F: changes role from  FOLLOWER to FOLLOWER at term 49 for recognizeCandidate:09ea8095-e0f7-4a15-a25f-71748f8d4e7f
2019-10-17 18:39:17,081 [grpc-default-executor-5] INFO  impl.RaftServerImpl (RaftServerImpl.java:setRole(184)) - 7b069786-c4de-4177-a49c-78057d3e7b27@group-A236C1E6A57F: changes role from  FOLLOWER to FOLLOWER at term 49 for recognizeCandidate:09ea8095-e0f7-4a15-a25f-71748f8d4e7f
2019-10-17 18:39:17,081 [grpc-default-executor-4] INFO  impl.RoleInfo (RoleInfo.java:shutdownFollowerState(121)) - 0d68154c-bc1a-4b17-bcf5-90972ecdd7ac: shutdown FollowerState
2019-10-17 18:39:17,081 [grpc-default-executor-5] INFO  impl.RoleInfo (RoleInfo.java:shutdownFollowerState(121)) - 7b069786-c4de-4177-a49c-78057d3e7b27: shutdown FollowerState
2019-10-17 18:39:17,081 [Thread-916] INFO  impl.FollowerState (FollowerState.java:run(117)) - 0d68154c-bc1a-4b17-bcf5-90972ecdd7ac@group-A236C1E6A57F-FollowerState was interrupted: java.lang.InterruptedException: sleep interrupted
2019-10-17 18:39:17,081 [Thread-917] INFO  impl.FollowerState (FollowerState.java:run(117)) - 7b069786-c4de-4177-a49c-78057d3e7b27@group-A236C1E6A57F-FollowerState was interrupted: java.lang.InterruptedException: sleep interrupted
2019-10-17 18:39:17,081 [grpc-default-executor-4] INFO  impl.RoleInfo (RoleInfo.java:updateAndGet(143)) - 0d68154c-bc1a-4b17-bcf5-90972ecdd7ac: start FollowerState
2019-10-17 18:39:17,081 [grpc-default-executor-5] INFO  impl.RoleInfo (RoleInfo.java:updateAndGet(143)) - 7b069786-c4de-4177-a49c-78057d3e7b27: start FollowerState
2019-10-17 18:39:17,096 [09ea8095-e0f7-4a15-a25f-71748f8d4e7f@group-A236C1E6A57F-LeaderElection52] INFO  impl.LeaderElection (LeaderElection.java:logAndReturn(56)) - 09ea8095-e0f7-4a15-a25f-71748f8d4e7f@group-A236C1E6A57F-LeaderElection52: Election REJECTED; received 2 response(s) [09ea8095-e0f7-4a15-a25f-71748f8d4e7f<-7b069786-c4de-4177-a49c-78057d3e7b27#0:FAIL-t49, 09ea8095-e0f7-4a15-a25f-71748f8d4e7f<-0d68154c-bc1a-4b17-bcf5-90972ecdd7ac#0:FAIL-t49] and 0 exception(s); 09ea8095-e0f7-4a15-a25f-71748f8d4e7f@group-A236C1E6A57F:t49, leader=null, voted=09ea8095-e0f7-4a15-a25f-71748f8d4e7f, raftlog=09ea8095-e0f7-4a15-a25f-71748f8d4e7f@group-A236C1E6A57F-SegmentedRaftLog:OPENED:c5,f6,i6, conf=1: [7b069786-c4de-4177-a49c-78057d3e7b27:192.168.157.251:46071, 0d68154c-bc1a-4b17-bcf5-90972ecdd7ac:192.168.157.251:40580, 09ea8095-e0f7-4a15-a25f-71748f8d4e7f:192.168.157.251:43128], old=null
2019-10-17 18:39:17,096 [09ea8095-e0f7-4a15-a25f-71748f8d4e7f@group-A236C1E6A57F-LeaderElection52] INFO  impl.RaftServerImpl (RaftServerImpl.java:setRole(184)) - 09ea8095-e0f7-4a15-a25f-71748f8d4e7f@group-A236C1E6A57F: changes role from CANDIDATE to FOLLOWER at term 49 for DISCOVERED_A_NEW_TERM
2019-10-17 18:39:17,096 [09ea8095-e0f7-4a15-a25f-71748f8d4e7f@group-A236C1E6A57F-LeaderElection52] INFO  impl.RoleInfo (RoleInfo.java:shutdownLeaderElection(134)) - 09ea8095-e0f7-4a15-a25f-71748f8d4e7f: shutdown LeaderElection
2019-10-17 18:39:17,096 [09ea8095-e0f7-4a15-a25f-71748f8d4e7f@group-A236C1E6A57F-LeaderElection52] INFO  impl.RoleInfo (RoleInfo.java:updateAndGet(143)) - 09ea8095-e0f7-4a15-a25f-71748f8d4e7f: start FollowerState
2019-10-17 18:39:17,124 [pool-7-thread-4] INFO  commands.RetriableDatanodeEventWatcher (RetriableDatanodeEventWatcher.java:onTimeout(47)) - RetriableDatanodeCommand type=deleteBlocksCommand with id=1571337549088 timed out. Retrying.
2019-10-17 18:39:17,124 [pool-7-thread-3] INFO  commands.RetriableDatanodeEventWatcher (RetriableDatanodeEventWatcher.java:onTimeout(47)) - RetriableDatanodeCommand type=deleteBlocksCommand with id=1571337549093 timed out. Retrying.
2019-10-17 18:39:17,125 [pool-7-thread-7] INFO  commands.RetriableDatanodeEventWatcher (RetriableDatanodeEventWatcher.java:onTimeout(47)) - RetriableDatanodeCommand type=deleteBlocksCommand with id=1571337549094 timed out. Retrying.
2019-10-17 18:39:17,125 [pool-7-thread-2] INFO  commands.RetriableDatanodeEventWatcher (RetriableDatanodeEventWatcher.java:onTimeout(47)) - RetriableDatanodeCommand type=deleteBlocksCommand with id=1571337549091 timed out. Retrying.
2019-10-17 18:39:17,125 [pool-7-thread-1] INFO  commands.RetriableDatanodeEventWatcher (RetriableDatanodeEventWatcher.java:onTimeout(47)) - RetriableDatanodeCommand type=deleteBlocksCommand with id=1571337549096 timed out. Retrying.
2019-10-17 18:39:17,125 [pool-7-thread-6] INFO  commands.RetriableDatanodeEventWatcher (RetriableDatanodeEventWatcher.java:onTimeout(47)) - RetriableDatanodeCommand type=deleteBlocksCommand with id=1571337549095 timed out. Retrying.
2019-10-17 18:39:17,126 [pool-7-thread-5] INFO  commands.RetriableDatanodeEventWatcher (RetriableDatanodeEventWatcher.java:onTimeout(47)) - RetriableDatanodeCommand type=deleteBlocksCommand with id=1571337549092 timed out. Retrying.
2019-10-17 18:39:17,126 [pool-7-thread-6] INFO  commands.RetriableDatanodeEventWatcher (RetriableDatanodeEventWatcher.java:onTimeout(47)) - RetriableDatanodeCommand type=deleteBlocksCommand with id=1571337549097 timed out. Retrying.
2019-10-17 18:39:17,127 [SCMBlockDeletingService#0] INFO  block.SCMBlockDeletingService (SCMBlockDeletingService.java:call(184)) - Totally added 1 delete blocks command for 1 datanodes, task elapsed time: 0ms
2019-10-17 18:39:17,135 [EventQueue-DeleteBlockStatusForDeletedBlockLogImpl] WARN  block.DeletedBlockLogImpl (DeletedBlockLogImpl.java:commitTransactions(205)) - Transaction txId=1 commit by dnId=09ea8095-e0f7-4a15-a25f-71748f8d4e7f for containerID=#1 failed. Corresponding entry not found.
2019-10-17 18:39:17,135 [IPC Server handler 2 on 46093] WARN  block.DeletedBlockLogImpl (DeletedBlockLogImpl.java:incrementCount(141)) - Deleted TXID not found.
2019-10-17 18:39:17,135 [EventQueue-DeleteBlockStatusForDeletedBlockLogImpl] WARN  block.DeletedBlockLogImpl (DeletedBlockLogImpl.java:commitTransactions(205)) - Transaction txId=1 commit by dnId=09ea8095-e0f7-4a15-a25f-71748f8d4e7f for containerID=#1 failed. Corresponding entry not found.
2019-10-17 18:39:17,135 [IPC Server handler 2 on 46093] WARN  block.DeletedBlockLogImpl (DeletedBlockLogImpl.java:incrementCount(141)) - Deleted TXID not found.
2019-10-17 18:39:17,135 [EventQueue-DeleteBlockStatusForDeletedBlockLogImpl] WARN  block.DeletedBlockLogImpl (DeletedBlockLogImpl.java:commitTransactions(205)) - Transaction txId=1 commit by dnId=09ea8095-e0f7-4a15-a25f-71748f8d4e7f for containerID=#1 failed. Corresponding entry not found.
2019-10-17 18:39:17,136 [IPC Server handler 2 on 46093] WARN  block.DeletedBlockLogImpl (DeletedBlockLogImpl.java:incrementCount(141)) - Deleted TXID not found.
2019-10-17 18:39:17,136 [EventQueue-DeleteBlockStatusForDeletedBlockLogImpl] WARN  block.DeletedBlockLogImpl (DeletedBlockLogImpl.java:commitTransactions(205)) - Transaction txId=1 commit by dnId=09ea8095-e0f7-4a15-a25f-71748f8d4e7f for containerID=#1 failed. Corresponding entry not found.
2019-10-17 18:39:17,136 [IPC Server handler 2 on 46093] WARN  block.DeletedBlockLogImpl (DeletedBlockLogImpl.java:incrementCount(141)) - Deleted TXID not found.
2019-10-17 18:39:17,136 [EventQueue-DeleteBlockStatusForDeletedBlockLogImpl] WARN  block.DeletedBlockLogImpl (DeletedBlockLogImpl.java:commitTransactions(205)) - Transaction txId=1 commit by dnId=09ea8095-e0f7-4a15-a25f-71748f8d4e7f for containerID=#1 failed. Corresponding entry not found.
2019-10-17 18:39:17,136 [IPC Server handler 2 on 46093] WARN  block.DeletedBlockLogImpl (DeletedBlockLogImpl.java:incrementCount(141)) - Deleted TXID not found.
2019-10-17 18:39:17,136 [EventQueue-DeleteBlockStatusForDeletedBlockLogImpl] WARN  block.DeletedBlockLogImpl (DeletedBlockLogImpl.java:commitTransactions(205)) - Transaction txId=1 commit by dnId=09ea8095-e0f7-4a15-a25f-71748f8d4e7f for containerID=#1 failed. Corresponding entry not found.
2019-10-17 18:39:17,136 [EventQueue-DeleteBlockStatusForDeletedBlockLogImpl] WARN  block.DeletedBlockLogImpl (DeletedBlockLogImpl.java:commitTransactions(205)) - Transaction txId=1 commit by dnId=09ea8095-e0f7-4a15-a25f-71748f8d4e7f for containerID=#1 failed. Corresponding entry not found.
2019-10-17 18:39:17,136 [IPC Server handler 2 on 46093] WARN  block.DeletedBlockLogImpl (DeletedBlockLogImpl.java:incrementCount(141)) - Deleted TXID not found.
2019-10-17 18:39:17,137 [IPC Server handler 2 on 46093] WARN  block.DeletedBlockLogImpl (DeletedBlockLogImpl.java:incrementCount(141)) - Deleted TXID not found.
2019-10-17 18:39:17,158 [Thread-925] INFO  impl.FollowerState (FollowerState.java:run(108)) - 09ea8095-e0f7-4a15-a25f-71748f8d4e7f@group-A236C1E6A57F-FollowerState: change to CANDIDATE, lastRpcTime:62ms, electionTimeout:62ms
2019-10-17 18:39:17,159 [Thread-925] INFO  impl.RoleInfo (RoleInfo.java:shutdownFollowerState(121)) - 09ea8095-e0f7-4a15-a25f-71748f8d4e7f: shutdown FollowerState
2019-10-17 18:39:17,159 [Thread-925] INFO  impl.RaftServerImpl (RaftServerImpl.java:setRole(184)) - 09ea8095-e0f7-4a15-a25f-71748f8d4e7f@group-A236C1E6A57F: changes role from  FOLLOWER to CANDIDATE at term 49 for changeToCandidate
2019-10-17 18:39:17,159 [Thread-925] INFO  impl.RoleInfo (RoleInfo.java:updateAndGet(143)) - 09ea8095-e0f7-4a15-a25f-71748f8d4e7f: start LeaderElection
2019-10-17 18:39:17,173 [09ea8095-e0f7-4a15-a25f-71748f8d4e7f@group-A236C1E6A57F-LeaderElection53] INFO  impl.LeaderElection (LeaderElection.java:askForVotes(178)) - 09ea8095-e0f7-4a15-a25f-71748f8d4e7f@group-A236C1E6A57F-LeaderElection53: begin an election at term 50 for 1: [7b069786-c4de-4177-a49c-78057d3e7b27:192.168.157.251:46071, 0d68154c-bc1a-4b17-bcf5-90972ecdd7ac:192.168.157.251:40580, 09ea8095-e0f7-4a15-a25f-71748f8d4e7f:192.168.157.251:43128], old=null
2019-10-17 18:39:17,175 [grpc-default-executor-0] INFO  impl.RaftServerImpl (RaftServerImpl.java:setRole(184)) - 0d68154c-bc1a-4b17-bcf5-90972ecdd7ac@group-A236C1E6A57F: changes role from  FOLLOWER to FOLLOWER at term 50 for recognizeCandidate:09ea8095-e0f7-4a15-a25f-71748f8d4e7f
2019-10-17 18:39:17,175 [grpc-default-executor-5] INFO  impl.RaftServerImpl (RaftServerImpl.java:setRole(184)) - 7b069786-c4de-4177-a49c-78057d3e7b27@group-A236C1E6A57F: changes role from  FOLLOWER to FOLLOWER at term 50 for recognizeCandidate:09ea8095-e0f7-4a15-a25f-71748f8d4e7f
2019-10-17 18:39:17,175 [grpc-default-executor-0] INFO  impl.RoleInfo (RoleInfo.java:shutdownFollowerState(121)) - 0d68154c-bc1a-4b17-bcf5-90972ecdd7ac: shutdown FollowerState
2019-10-17 18:39:17,176 [grpc-default-executor-5] INFO  impl.RoleInfo (RoleInfo.java:shutdownFollowerState(121)) - 7b069786-c4de-4177-a49c-78057d3e7b27: shutdown FollowerState
2019-10-17 18:39:17,176 [grpc-default-executor-0] INFO  impl.RoleInfo (RoleInfo.java:updateAndGet(143)) - 0d68154c-bc1a-4b17-bcf5-90972ecdd7ac: start FollowerState
2019-10-17 18:39:17,176 [Thread-923] INFO  impl.FollowerState (FollowerState.java:run(117)) - 0d68154c-bc1a-4b17-bcf5-90972ecdd7ac@group-A236C1E6A57F-FollowerState was interrupted: java.lang.InterruptedException: sleep interrupted
2019-10-17 18:39:17,176 [grpc-default-executor-5] INFO  impl.RoleInfo (RoleInfo.java:updateAndGet(143)) - 7b069786-c4de-4177-a49c-78057d3e7b27: start FollowerState
2019-10-17 18:39:17,176 [Thread-924] INFO  impl.FollowerState (FollowerState.java:run(117)) - 7b069786-c4de-4177-a49c-78057d3e7b27@group-A236C1E6A57F-FollowerState was interrupted: java.lang.InterruptedException: sleep interrupted
2019-10-17 18:39:17,192 [09ea8095-e0f7-4a15-a25f-71748f8d4e7f@group-A236C1E6A57F-LeaderElection53] INFO  impl.LeaderElection (LeaderElection.java:logAndReturn(56)) - 09ea8095-e0f7-4a15-a25f-71748f8d4e7f@group-A236C1E6A57F-LeaderElection53: Election REJECTED; received 2 response(s) [09ea8095-e0f7-4a15-a25f-71748f8d4e7f<-7b069786-c4de-4177-a49c-78057d3e7b27#0:FAIL-t50, 09ea8095-e0f7-4a15-a25f-71748f8d4e7f<-0d68154c-bc1a-4b17-bcf5-90972ecdd7ac#0:FAIL-t50] and 0 exception(s); 09ea8095-e0f7-4a15-a25f-71748f8d4e7f@group-A236C1E6A57F:t50, leader=null, voted=09ea8095-e0f7-4a15-a25f-71748f8d4e7f, raftlog=09ea8095-e0f7-4a15-a25f-71748f8d4e7f@group-A236C1E6A57F-SegmentedRaftLog:OPENED:c5,f6,i6, conf=1: [7b069786-c4de-4177-a49c-78057d3e7b27:192.168.157.251:46071, 0d68154c-bc1a-4b17-bcf5-90972ecdd7ac:192.168.157.251:40580, 09ea8095-e0f7-4a15-a25f-71748f8d4e7f:192.168.157.251:43128], old=null
2019-10-17 18:39:17,192 [09ea8095-e0f7-4a15-a25f-71748f8d4e7f@group-A236C1E6A57F-LeaderElection53] INFO  impl.RaftServerImpl (RaftServerImpl.java:setRole(184)) - 09ea8095-e0f7-4a15-a25f-71748f8d4e7f@group-A236C1E6A57F: changes role from CANDIDATE to FOLLOWER at term 50 for DISCOVERED_A_NEW_TERM
2019-10-17 18:39:17,192 [09ea8095-e0f7-4a15-a25f-71748f8d4e7f@group-A236C1E6A57F-LeaderElection53] INFO  impl.RoleInfo (RoleInfo.java:shutdownLeaderElection(134)) - 09ea8095-e0f7-4a15-a25f-71748f8d4e7f: shutdown LeaderElection
2019-10-17 18:39:17,192 [09ea8095-e0f7-4a15-a25f-71748f8d4e7f@group-A236C1E6A57F-LeaderElection53] INFO  impl.RoleInfo (RoleInfo.java:updateAndGet(143)) - 09ea8095-e0f7-4a15-a25f-71748f8d4e7f: start FollowerState
2019-10-17 18:39:17,197 [Thread-933] INFO  client.GrpcClientProtocolService (GrpcClientProtocolService.java:lambda$processClientRequest$0(278)) - Failed RaftClientRequest:client-79966ACA1C67->7b069786-c4de-4177-a49c-78057d3e7b27@group-A236C1E6A57F, cid=10, seq=0, Watch-ALL_COMMITTED(8), Message:<EMPTY>, reply=RaftClientReply:client-79966ACA1C67->7b069786-c4de-4177-a49c-78057d3e7b27@group-A236C1E6A57F, cid=10, FAILED org.apache.ratis.protocol.NotLeaderException: Server 7b069786-c4de-4177-a49c-78057d3e7b27@group-A236C1E6A57F is not the leader, logIndex=0, commits[7b069786-c4de-4177-a49c-78057d3e7b27:c12, 0d68154c-bc1a-4b17-bcf5-90972ecdd7ac:c12, 09ea8095-e0f7-4a15-a25f-71748f8d4e7f:c6]
2019-10-17 18:39:17,200 [BlockDeletingService#2] WARN  background.BlockDeletingService (BlockDeletingService.java:isDeletionAllowed(187)) - Close Container log Index 8 is not replicated across allthe servers in the pipeline f5073bd3-c80c-4957-9a7f-a236c1e6a57f as the min replicated index is 6. Deletion is not allowed in this container yet.
2019-10-17 18:39:17,200 [BlockDeletingService#2] WARN  background.BlockDeletingService (BlockDeletingService.java:isDeletionAllowed(187)) - Close Container log Index 8 is not replicated across allthe servers in the pipeline f5073bd3-c80c-4957-9a7f-a236c1e6a57f as the min replicated index is 6. Deletion is not allowed in this container yet.
2019-10-17 18:39:17,356 [Thread-931] INFO  impl.FollowerState (FollowerState.java:run(108)) - 09ea8095-e0f7-4a15-a25f-71748f8d4e7f@group-A236C1E6A57F-FollowerState: change to CANDIDATE, lastRpcTime:163ms, electionTimeout:162ms
2019-10-17 18:39:17,356 [Thread-931] INFO  impl.RoleInfo (RoleInfo.java:shutdownFollowerState(121)) - 09ea8095-e0f7-4a15-a25f-71748f8d4e7f: shutdown FollowerState
2019-10-17 18:39:17,356 [Thread-931] INFO  impl.RaftServerImpl (RaftServerImpl.java:setRole(184)) - 09ea8095-e0f7-4a15-a25f-71748f8d4e7f@group-A236C1E6A57F: changes role from  FOLLOWER to CANDIDATE at term 50 for changeToCandidate
2019-10-17 18:39:17,356 [Thread-931] INFO  impl.RoleInfo (RoleInfo.java:updateAndGet(143)) - 09ea8095-e0f7-4a15-a25f-71748f8d4e7f: start LeaderElection
2019-10-17 18:39:17,370 [09ea8095-e0f7-4a15-a25f-71748f8d4e7f@group-A236C1E6A57F-LeaderElection54] INFO  impl.LeaderElection (LeaderElection.java:askForVotes(178)) - 09ea8095-e0f7-4a15-a25f-71748f8d4e7f@group-A236C1E6A57F-LeaderElection54: begin an election at term 51 for 1: [7b069786-c4de-4177-a49c-78057d3e7b27:192.168.157.251:46071, 0d68154c-bc1a-4b17-bcf5-90972ecdd7ac:192.168.157.251:40580, 09ea8095-e0f7-4a15-a25f-71748f8d4e7f:192.168.157.251:43128], old=null
2019-10-17 18:39:17,373 [grpc-default-executor-5] INFO  impl.RaftServerImpl (RaftServerImpl.java:setRole(184)) - 7b069786-c4de-4177-a49c-78057d3e7b27@group-A236C1E6A57F: changes role from  FOLLOWER to FOLLOWER at term 51 for recognizeCandidate:09ea8095-e0f7-4a15-a25f-71748f8d4e7f
2019-10-17 18:39:17,373 [grpc-default-executor-0] INFO  impl.RaftServerImpl (RaftServerImpl.java:setRole(184)) - 0d68154c-bc1a-4b17-bcf5-90972ecdd7ac@group-A236C1E6A57F: changes role from  FOLLOWER to FOLLOWER at term 51 for recognizeCandidate:09ea8095-e0f7-4a15-a25f-71748f8d4e7f
2019-10-17 18:39:17,373 [grpc-default-executor-5] INFO  impl.RoleInfo (RoleInfo.java:shutdownFollowerState(121)) - 7b069786-c4de-4177-a49c-78057d3e7b27: shutdown FollowerState
2019-10-17 18:39:17,373 [grpc-default-executor-0] INFO  impl.RoleInfo (RoleInfo.java:shutdownFollowerState(121)) - 0d68154c-bc1a-4b17-bcf5-90972ecdd7ac: shutdown FollowerState
2019-10-17 18:39:17,373 [Thread-930] INFO  impl.FollowerState (FollowerState.java:run(117)) - 7b069786-c4de-4177-a49c-78057d3e7b27@group-A236C1E6A57F-FollowerState was interrupted: java.lang.InterruptedException: sleep interrupted
2019-10-17 18:39:17,373 [grpc-default-executor-5] INFO  impl.RoleInfo (RoleInfo.java:updateAndGet(143)) - 7b069786-c4de-4177-a49c-78057d3e7b27: start FollowerState
2019-10-17 18:39:17,374 [Thread-929] INFO  impl.FollowerState (FollowerState.java:run(117)) - 0d68154c-bc1a-4b17-bcf5-90972ecdd7ac@group-A236C1E6A57F-FollowerState was interrupted: java.lang.InterruptedException: sleep interrupted
2019-10-17 18:39:17,373 [grpc-default-executor-0] INFO  impl.RoleInfo (RoleInfo.java:updateAndGet(143)) - 0d68154c-bc1a-4b17-bcf5-90972ecdd7ac: start FollowerState
2019-10-17 18:39:17,388 [09ea8095-e0f7-4a15-a25f-71748f8d4e7f@group-A236C1E6A57F-LeaderElection54] INFO  impl.LeaderElection (LeaderElection.java:logAndReturn(56)) - 09ea8095-e0f7-4a15-a25f-71748f8d4e7f@group-A236C1E6A57F-LeaderElection54: Election REJECTED; received 2 response(s) [09ea8095-e0f7-4a15-a25f-71748f8d4e7f<-7b069786-c4de-4177-a49c-78057d3e7b27#0:FAIL-t51, 09ea8095-e0f7-4a15-a25f-71748f8d4e7f<-0d68154c-bc1a-4b17-bcf5-90972ecdd7ac#0:FAIL-t51] and 0 exception(s); 09ea8095-e0f7-4a15-a25f-71748f8d4e7f@group-A236C1E6A57F:t51, leader=null, voted=09ea8095-e0f7-4a15-a25f-71748f8d4e7f, raftlog=09ea8095-e0f7-4a15-a25f-71748f8d4e7f@group-A236C1E6A57F-SegmentedRaftLog:OPENED:c5,f6,i6, conf=1: [7b069786-c4de-4177-a49c-78057d3e7b27:192.168.157.251:46071, 0d68154c-bc1a-4b17-bcf5-90972ecdd7ac:192.168.157.251:40580, 09ea8095-e0f7-4a15-a25f-71748f8d4e7f:192.168.157.251:43128], old=null
2019-10-17 18:39:17,388 [09ea8095-e0f7-4a15-a25f-71748f8d4e7f@group-A236C1E6A57F-LeaderElection54] INFO  impl.RaftServerImpl (RaftServerImpl.java:setRole(184)) - 09ea8095-e0f7-4a15-a25f-71748f8d4e7f@group-A236C1E6A57F: changes role from CANDIDATE to FOLLOWER at term 51 for DISCOVERED_A_NEW_TERM
2019-10-17 18:39:17,388 [09ea8095-e0f7-4a15-a25f-71748f8d4e7f@group-A236C1E6A57F-LeaderElection54] INFO  impl.RoleInfo (RoleInfo.java:shutdownLeaderElection(134)) - 09ea8095-e0f7-4a15-a25f-71748f8d4e7f: shutdown LeaderElection
2019-10-17 18:39:17,388 [09ea8095-e0f7-4a15-a25f-71748f8d4e7f@group-A236C1E6A57F-LeaderElection54] INFO  impl.RoleInfo (RoleInfo.java:updateAndGet(143)) - 09ea8095-e0f7-4a15-a25f-71748f8d4e7f: start FollowerState
2019-10-17 18:39:17,488 [Thread-942] INFO  impl.FollowerState (FollowerState.java:run(108)) - 09ea8095-e0f7-4a15-a25f-71748f8d4e7f@group-A236C1E6A57F-FollowerState: change to CANDIDATE, lastRpcTime:100ms, electionTimeout:100ms
2019-10-17 18:39:17,489 [Thread-942] INFO  impl.RoleInfo (RoleInfo.java:shutdownFollowerState(121)) - 09ea8095-e0f7-4a15-a25f-71748f8d4e7f: shutdown FollowerState
2019-10-17 18:39:17,489 [Thread-942] INFO  impl.RaftServerImpl (RaftServerImpl.java:setRole(184)) - 09ea8095-e0f7-4a15-a25f-71748f8d4e7f@group-A236C1E6A57F: changes role from  FOLLOWER to CANDIDATE at term 51 for changeToCandidate
2019-10-17 18:39:17,489 [Thread-942] INFO  impl.RoleInfo (RoleInfo.java:updateAndGet(143)) - 09ea8095-e0f7-4a15-a25f-71748f8d4e7f: start LeaderElection
2019-10-17 18:39:17,503 [09ea8095-e0f7-4a15-a25f-71748f8d4e7f@group-A236C1E6A57F-LeaderElection55] INFO  impl.LeaderElection (LeaderElection.java:askForVotes(178)) - 09ea8095-e0f7-4a15-a25f-71748f8d4e7f@group-A236C1E6A57F-LeaderElection55: begin an election at term 52 for 1: [7b069786-c4de-4177-a49c-78057d3e7b27:192.168.157.251:46071, 0d68154c-bc1a-4b17-bcf5-90972ecdd7ac:192.168.157.251:40580, 09ea8095-e0f7-4a15-a25f-71748f8d4e7f:192.168.157.251:43128], old=null
2019-10-17 18:39:17,506 [grpc-default-executor-5] INFO  impl.RaftServerImpl (RaftServerImpl.java:setRole(184)) - 0d68154c-bc1a-4b17-bcf5-90972ecdd7ac@group-A236C1E6A57F: changes role from  FOLLOWER to FOLLOWER at term 52 for recognizeCandidate:09ea8095-e0f7-4a15-a25f-71748f8d4e7f
2019-10-17 18:39:17,506 [grpc-default-executor-0] INFO  impl.RaftServerImpl (RaftServerImpl.java:setRole(184)) - 7b069786-c4de-4177-a49c-78057d3e7b27@group-A236C1E6A57F: changes role from  FOLLOWER to FOLLOWER at term 52 for recognizeCandidate:09ea8095-e0f7-4a15-a25f-71748f8d4e7f
2019-10-17 18:39:17,506 [grpc-default-executor-5] INFO  impl.RoleInfo (RoleInfo.java:shutdownFollowerState(121)) - 0d68154c-bc1a-4b17-bcf5-90972ecdd7ac: shutdown FollowerState
2019-10-17 18:39:17,506 [grpc-default-executor-0] INFO  impl.RoleInfo (RoleInfo.java:shutdownFollowerState(121)) - 7b069786-c4de-4177-a49c-78057d3e7b27: shutdown FollowerState
2019-10-17 18:39:17,506 [grpc-default-executor-5] INFO  impl.RoleInfo (RoleInfo.java:updateAndGet(143)) - 0d68154c-bc1a-4b17-bcf5-90972ecdd7ac: start FollowerState
2019-10-17 18:39:17,506 [Thread-940] INFO  impl.FollowerState (FollowerState.java:run(117)) - 7b069786-c4de-4177-a49c-78057d3e7b27@group-A236C1E6A57F-FollowerState was interrupted: java.lang.InterruptedException: sleep interrupted
2019-10-17 18:39:17,506 [grpc-default-executor-0] INFO  impl.RoleInfo (RoleInfo.java:updateAndGet(143)) - 7b069786-c4de-4177-a49c-78057d3e7b27: start FollowerState
2019-10-17 18:39:17,506 [Thread-941] INFO  impl.FollowerState (FollowerState.java:run(117)) - 0d68154c-bc1a-4b17-bcf5-90972ecdd7ac@group-A236C1E6A57F-FollowerState was interrupted: java.lang.InterruptedException: sleep interrupted
2019-10-17 18:39:17,521 [09ea8095-e0f7-4a15-a25f-71748f8d4e7f@group-A236C1E6A57F-LeaderElection55] INFO  impl.LeaderElection (LeaderElection.java:logAndReturn(56)) - 09ea8095-e0f7-4a15-a25f-71748f8d4e7f@group-A236C1E6A57F-LeaderElection55: Election REJECTED; received 2 response(s) [09ea8095-e0f7-4a15-a25f-71748f8d4e7f<-7b069786-c4de-4177-a49c-78057d3e7b27#0:FAIL-t52, 09ea8095-e0f7-4a15-a25f-71748f8d4e7f<-0d68154c-bc1a-4b17-bcf5-90972ecdd7ac#0:FAIL-t52] and 0 exception(s); 09ea8095-e0f7-4a15-a25f-71748f8d4e7f@group-A236C1E6A57F:t52, leader=null, voted=09ea8095-e0f7-4a15-a25f-71748f8d4e7f, raftlog=09ea8095-e0f7-4a15-a25f-71748f8d4e7f@group-A236C1E6A57F-SegmentedRaftLog:OPENED:c5,f6,i6, conf=1: [7b069786-c4de-4177-a49c-78057d3e7b27:192.168.157.251:46071, 0d68154c-bc1a-4b17-bcf5-90972ecdd7ac:192.168.157.251:40580, 09ea8095-e0f7-4a15-a25f-71748f8d4e7f:192.168.157.251:43128], old=null
2019-10-17 18:39:17,521 [09ea8095-e0f7-4a15-a25f-71748f8d4e7f@group-A236C1E6A57F-LeaderElection55] INFO  impl.RaftServerImpl (RaftServerImpl.java:setRole(184)) - 09ea8095-e0f7-4a15-a25f-71748f8d4e7f@group-A236C1E6A57F: changes role from CANDIDATE to FOLLOWER at term 52 for DISCOVERED_A_NEW_TERM
2019-10-17 18:39:17,521 [09ea8095-e0f7-4a15-a25f-71748f8d4e7f@group-A236C1E6A57F-LeaderElection55] INFO  impl.RoleInfo (RoleInfo.java:shutdownLeaderElection(134)) - 09ea8095-e0f7-4a15-a25f-71748f8d4e7f: shutdown LeaderElection
2019-10-17 18:39:17,522 [09ea8095-e0f7-4a15-a25f-71748f8d4e7f@group-A236C1E6A57F-LeaderElection55] INFO  impl.RoleInfo (RoleInfo.java:updateAndGet(143)) - 09ea8095-e0f7-4a15-a25f-71748f8d4e7f: start FollowerState
2019-10-17 18:39:17,651 [Thread-948] INFO  impl.FollowerState (FollowerState.java:run(108)) - 09ea8095-e0f7-4a15-a25f-71748f8d4e7f@group-A236C1E6A57F-FollowerState: change to CANDIDATE, lastRpcTime:129ms, electionTimeout:129ms
2019-10-17 18:39:17,651 [Thread-948] INFO  impl.RoleInfo (RoleInfo.java:shutdownFollowerState(121)) - 09ea8095-e0f7-4a15-a25f-71748f8d4e7f: shutdown FollowerState
2019-10-17 18:39:17,651 [Thread-948] INFO  impl.RaftServerImpl (RaftServerImpl.java:setRole(184)) - 09ea8095-e0f7-4a15-a25f-71748f8d4e7f@group-A236C1E6A57F: changes role from  FOLLOWER to CANDIDATE at term 52 for changeToCandidate
2019-10-17 18:39:17,651 [Thread-948] INFO  impl.RoleInfo (RoleInfo.java:updateAndGet(143)) - 09ea8095-e0f7-4a15-a25f-71748f8d4e7f: start LeaderElection
2019-10-17 18:39:17,665 [09ea8095-e0f7-4a15-a25f-71748f8d4e7f@group-A236C1E6A57F-LeaderElection56] INFO  impl.LeaderElection (LeaderElection.java:askForVotes(178)) - 09ea8095-e0f7-4a15-a25f-71748f8d4e7f@group-A236C1E6A57F-LeaderElection56: begin an election at term 53 for 1: [7b069786-c4de-4177-a49c-78057d3e7b27:192.168.157.251:46071, 0d68154c-bc1a-4b17-bcf5-90972ecdd7ac:192.168.157.251:40580, 09ea8095-e0f7-4a15-a25f-71748f8d4e7f:192.168.157.251:43128], old=null
2019-10-17 18:39:17,667 [grpc-default-executor-0] INFO  impl.RaftServerImpl (RaftServerImpl.java:setRole(184)) - 7b069786-c4de-4177-a49c-78057d3e7b27@group-A236C1E6A57F: changes role from  FOLLOWER to FOLLOWER at term 53 for recognizeCandidate:09ea8095-e0f7-4a15-a25f-71748f8d4e7f
2019-10-17 18:39:17,667 [grpc-default-executor-0] INFO  impl.RoleInfo (RoleInfo.java:shutdownFollowerState(121)) - 7b069786-c4de-4177-a49c-78057d3e7b27: shutdown FollowerState
2019-10-17 18:39:17,667 [grpc-default-executor-0] INFO  impl.RoleInfo (RoleInfo.java:updateAndGet(143)) - 7b069786-c4de-4177-a49c-78057d3e7b27: start FollowerState
2019-10-17 18:39:17,667 [Thread-947] INFO  impl.FollowerState (FollowerState.java:run(117)) - 7b069786-c4de-4177-a49c-78057d3e7b27@group-A236C1E6A57F-FollowerState was interrupted: java.lang.InterruptedException: sleep interrupted
2019-10-17 18:39:17,667 [grpc-default-executor-5] INFO  impl.RaftServerImpl (RaftServerImpl.java:setRole(184)) - 0d68154c-bc1a-4b17-bcf5-90972ecdd7ac@group-A236C1E6A57F: changes role from  FOLLOWER to FOLLOWER at term 53 for recognizeCandidate:09ea8095-e0f7-4a15-a25f-71748f8d4e7f
2019-10-17 18:39:17,668 [grpc-default-executor-5] INFO  impl.RoleInfo (RoleInfo.java:shutdownFollowerState(121)) - 0d68154c-bc1a-4b17-bcf5-90972ecdd7ac: shutdown FollowerState
2019-10-17 18:39:17,668 [grpc-default-executor-5] INFO  impl.RoleInfo (RoleInfo.java:updateAndGet(143)) - 0d68154c-bc1a-4b17-bcf5-90972ecdd7ac: start FollowerState
2019-10-17 18:39:17,668 [Thread-946] INFO  impl.FollowerState (FollowerState.java:run(117)) - 0d68154c-bc1a-4b17-bcf5-90972ecdd7ac@group-A236C1E6A57F-FollowerState was interrupted: java.lang.InterruptedException: sleep interrupted
2019-10-17 18:39:17,683 [09ea8095-e0f7-4a15-a25f-71748f8d4e7f@group-A236C1E6A57F-LeaderElection56] INFO  impl.LeaderElection (LeaderElection.java:logAndReturn(56)) - 09ea8095-e0f7-4a15-a25f-71748f8d4e7f@group-A236C1E6A57F-LeaderElection56: Election REJECTED; received 2 response(s) [09ea8095-e0f7-4a15-a25f-71748f8d4e7f<-7b069786-c4de-4177-a49c-78057d3e7b27#0:FAIL-t53, 09ea8095-e0f7-4a15-a25f-71748f8d4e7f<-0d68154c-bc1a-4b17-bcf5-90972ecdd7ac#0:FAIL-t53] and 0 exception(s); 09ea8095-e0f7-4a15-a25f-71748f8d4e7f@group-A236C1E6A57F:t53, leader=null, voted=09ea8095-e0f7-4a15-a25f-71748f8d4e7f, raftlog=09ea8095-e0f7-4a15-a25f-71748f8d4e7f@group-A236C1E6A57F-SegmentedRaftLog:OPENED:c5,f6,i6, conf=1: [7b069786-c4de-4177-a49c-78057d3e7b27:192.168.157.251:46071, 0d68154c-bc1a-4b17-bcf5-90972ecdd7ac:192.168.157.251:40580, 09ea8095-e0f7-4a15-a25f-71748f8d4e7f:192.168.157.251:43128], old=null
2019-10-17 18:39:17,683 [09ea8095-e0f7-4a15-a25f-71748f8d4e7f@group-A236C1E6A57F-LeaderElection56] INFO  impl.RaftServerImpl (RaftServerImpl.java:setRole(184)) - 09ea8095-e0f7-4a15-a25f-71748f8d4e7f@group-A236C1E6A57F: changes role from CANDIDATE to FOLLOWER at term 53 for DISCOVERED_A_NEW_TERM
2019-10-17 18:39:17,683 [09ea8095-e0f7-4a15-a25f-71748f8d4e7f@group-A236C1E6A57F-LeaderElection56] INFO  impl.RoleInfo (RoleInfo.java:shutdownLeaderElection(134)) - 09ea8095-e0f7-4a15-a25f-71748f8d4e7f: shutdown LeaderElection
2019-10-17 18:39:17,683 [09ea8095-e0f7-4a15-a25f-71748f8d4e7f@group-A236C1E6A57F-LeaderElection56] INFO  impl.RoleInfo (RoleInfo.java:updateAndGet(143)) - 09ea8095-e0f7-4a15-a25f-71748f8d4e7f: start FollowerState
2019-10-17 18:39:17,818 [Thread-954] INFO  impl.FollowerState (FollowerState.java:run(108)) - 09ea8095-e0f7-4a15-a25f-71748f8d4e7f@group-A236C1E6A57F-FollowerState: change to CANDIDATE, lastRpcTime:135ms, electionTimeout:135ms
2019-10-17 18:39:17,819 [Thread-954] INFO  impl.RoleInfo (RoleInfo.java:shutdownFollowerState(121)) - 09ea8095-e0f7-4a15-a25f-71748f8d4e7f: shutdown FollowerState
2019-10-17 18:39:17,819 [Thread-954] INFO  impl.RaftServerImpl (RaftServerImpl.java:setRole(184)) - 09ea8095-e0f7-4a15-a25f-71748f8d4e7f@group-A236C1E6A57F: changes role from  FOLLOWER to CANDIDATE at term 53 for changeToCandidate
2019-10-17 18:39:17,819 [Thread-954] INFO  impl.RoleInfo (RoleInfo.java:updateAndGet(143)) - 09ea8095-e0f7-4a15-a25f-71748f8d4e7f: start LeaderElection
2019-10-17 18:39:17,832 [09ea8095-e0f7-4a15-a25f-71748f8d4e7f@group-A236C1E6A57F-LeaderElection57] INFO  impl.LeaderElection (LeaderElection.java:askForVotes(178)) - 09ea8095-e0f7-4a15-a25f-71748f8d4e7f@group-A236C1E6A57F-LeaderElection57: begin an election at term 54 for 1: [7b069786-c4de-4177-a49c-78057d3e7b27:192.168.157.251:46071, 0d68154c-bc1a-4b17-bcf5-90972ecdd7ac:192.168.157.251:40580, 09ea8095-e0f7-4a15-a25f-71748f8d4e7f:192.168.157.251:43128], old=null
2019-10-17 18:39:17,835 [grpc-default-executor-5] INFO  impl.RaftServerImpl (RaftServerImpl.java:setRole(184)) - 7b069786-c4de-4177-a49c-78057d3e7b27@group-A236C1E6A57F: changes role from  FOLLOWER to FOLLOWER at term 54 for recognizeCandidate:09ea8095-e0f7-4a15-a25f-71748f8d4e7f
2019-10-17 18:39:17,835 [grpc-default-executor-5] INFO  impl.RoleInfo (RoleInfo.java:shutdownFollowerState(121)) - 7b069786-c4de-4177-a49c-78057d3e7b27: shutdown FollowerState
2019-10-17 18:39:17,835 [grpc-default-executor-0] INFO  impl.RaftServerImpl (RaftServerImpl.java:setRole(184)) - 0d68154c-bc1a-4b17-bcf5-90972ecdd7ac@group-A236C1E6A57F: changes role from  FOLLOWER to FOLLOWER at term 54 for recognizeCandidate:09ea8095-e0f7-4a15-a25f-71748f8d4e7f
2019-10-17 18:39:17,835 [Thread-952] INFO  impl.FollowerState (FollowerState.java:run(117)) - 7b069786-c4de-4177-a49c-78057d3e7b27@group-A236C1E6A57F-FollowerState was interrupted: java.lang.InterruptedException: sleep interrupted
2019-10-17 18:39:17,835 [grpc-default-executor-5] INFO  impl.RoleInfo (RoleInfo.java:updateAndGet(143)) - 7b069786-c4de-4177-a49c-78057d3e7b27: start FollowerState
2019-10-17 18:39:17,836 [grpc-default-executor-0] INFO  impl.RoleInfo (RoleInfo.java:shutdownFollowerState(121)) - 0d68154c-bc1a-4b17-bcf5-90972ecdd7ac: shutdown FollowerState
2019-10-17 18:39:17,836 [grpc-default-executor-0] INFO  impl.RoleInfo (RoleInfo.java:updateAndGet(143)) - 0d68154c-bc1a-4b17-bcf5-90972ecdd7ac: start FollowerState
2019-10-17 18:39:17,836 [Thread-953] INFO  impl.FollowerState (FollowerState.java:run(117)) - 0d68154c-bc1a-4b17-bcf5-90972ecdd7ac@group-A236C1E6A57F-FollowerState was interrupted: java.lang.InterruptedException: sleep interrupted
2019-10-17 18:39:17,851 [09ea8095-e0f7-4a15-a25f-71748f8d4e7f@group-A236C1E6A57F-LeaderElection57] INFO  impl.LeaderElection (LeaderElection.java:logAndReturn(56)) - 09ea8095-e0f7-4a15-a25f-71748f8d4e7f@group-A236C1E6A57F-LeaderElection57: Election REJECTED; received 2 response(s) [09ea8095-e0f7-4a15-a25f-71748f8d4e7f<-7b069786-c4de-4177-a49c-78057d3e7b27#0:FAIL-t54, 09ea8095-e0f7-4a15-a25f-71748f8d4e7f<-0d68154c-bc1a-4b17-bcf5-90972ecdd7ac#0:FAIL-t54] and 0 exception(s); 09ea8095-e0f7-4a15-a25f-71748f8d4e7f@group-A236C1E6A57F:t54, leader=null, voted=09ea8095-e0f7-4a15-a25f-71748f8d4e7f, raftlog=09ea8095-e0f7-4a15-a25f-71748f8d4e7f@group-A236C1E6A57F-SegmentedRaftLog:OPENED:c5,f6,i6, conf=1: [7b069786-c4de-4177-a49c-78057d3e7b27:192.168.157.251:46071, 0d68154c-bc1a-4b17-bcf5-90972ecdd7ac:192.168.157.251:40580, 09ea8095-e0f7-4a15-a25f-71748f8d4e7f:192.168.157.251:43128], old=null
2019-10-17 18:39:17,851 [09ea8095-e0f7-4a15-a25f-71748f8d4e7f@group-A236C1E6A57F-LeaderElection57] INFO  impl.RaftServerImpl (RaftServerImpl.java:setRole(184)) - 09ea8095-e0f7-4a15-a25f-71748f8d4e7f@group-A236C1E6A57F: changes role from CANDIDATE to FOLLOWER at term 54 for DISCOVERED_A_NEW_TERM
2019-10-17 18:39:17,851 [09ea8095-e0f7-4a15-a25f-71748f8d4e7f@group-A236C1E6A57F-LeaderElection57] INFO  impl.RoleInfo (RoleInfo.java:shutdownLeaderElection(134)) - 09ea8095-e0f7-4a15-a25f-71748f8d4e7f: shutdown LeaderElection
2019-10-17 18:39:17,851 [09ea8095-e0f7-4a15-a25f-71748f8d4e7f@group-A236C1E6A57F-LeaderElection57] INFO  impl.RoleInfo (RoleInfo.java:updateAndGet(143)) - 09ea8095-e0f7-4a15-a25f-71748f8d4e7f: start FollowerState
2019-10-17 18:39:18,019 [Thread-960] INFO  impl.FollowerState (FollowerState.java:run(108)) - 09ea8095-e0f7-4a15-a25f-71748f8d4e7f@group-A236C1E6A57F-FollowerState: change to CANDIDATE, lastRpcTime:168ms, electionTimeout:168ms
2019-10-17 18:39:18,019 [Thread-960] INFO  impl.RoleInfo (RoleInfo.java:shutdownFollowerState(121)) - 09ea8095-e0f7-4a15-a25f-71748f8d4e7f: shutdown FollowerState
2019-10-17 18:39:18,020 [Thread-960] INFO  impl.RaftServerImpl (RaftServerImpl.java:setRole(184)) - 09ea8095-e0f7-4a15-a25f-71748f8d4e7f@group-A236C1E6A57F: changes role from  FOLLOWER to CANDIDATE at term 54 for changeToCandidate
2019-10-17 18:39:18,020 [Thread-960] INFO  impl.RoleInfo (RoleInfo.java:updateAndGet(143)) - 09ea8095-e0f7-4a15-a25f-71748f8d4e7f: start LeaderElection
2019-10-17 18:39:18,032 [Command processor thread] INFO  commandhandler.DeleteBlocksCommandHandler (DeleteBlocksCommandHandler.java:handle(106)) - Start to delete container blocks, TXIDs=[1(0)], numOfContainers=1, numOfBlocks=1
2019-10-17 18:39:18,032 [Command processor thread] INFO  commandhandler.DeleteBlocksCommandHandler (DeleteBlocksCommandHandler.java:handle(106)) - Start to delete container blocks, TXIDs=[1(2)], numOfContainers=1, numOfBlocks=1
2019-10-17 18:39:18,033 [Command processor thread] INFO  commandhandler.DeleteBlocksCommandHandler (DeleteBlocksCommandHandler.java:handle(106)) - Start to delete container blocks, TXIDs=[1(2)], numOfContainers=1, numOfBlocks=1
2019-10-17 18:39:18,033 [Command processor thread] INFO  commandhandler.DeleteBlocksCommandHandler (DeleteBlocksCommandHandler.java:handle(106)) - Start to delete container blocks, TXIDs=[1(2)], numOfContainers=1, numOfBlocks=1
2019-10-17 18:39:18,033 [Command processor thread] INFO  commandhandler.DeleteBlocksCommandHandler (DeleteBlocksCommandHandler.java:handle(106)) - Start to delete container blocks, TXIDs=[1(2)], numOfContainers=1, numOfBlocks=1
2019-10-17 18:39:18,034 [Command processor thread] INFO  commandhandler.DeleteBlocksCommandHandler (DeleteBlocksCommandHandler.java:handle(106)) - Start to delete container blocks, TXIDs=[1(2)], numOfContainers=1, numOfBlocks=1
2019-10-17 18:39:18,034 [09ea8095-e0f7-4a15-a25f-71748f8d4e7f@group-A236C1E6A57F-LeaderElection58] INFO  impl.LeaderElection (LeaderElection.java:askForVotes(178)) - 09ea8095-e0f7-4a15-a25f-71748f8d4e7f@group-A236C1E6A57F-LeaderElection58: begin an election at term 55 for 1: [7b069786-c4de-4177-a49c-78057d3e7b27:192.168.157.251:46071, 0d68154c-bc1a-4b17-bcf5-90972ecdd7ac:192.168.157.251:40580, 09ea8095-e0f7-4a15-a25f-71748f8d4e7f:192.168.157.251:43128], old=null
2019-10-17 18:39:18,034 [Command processor thread] INFO  commandhandler.DeleteBlocksCommandHandler (DeleteBlocksCommandHandler.java:handle(106)) - Start to delete container blocks, TXIDs=[1(2)], numOfContainers=1, numOfBlocks=1
2019-10-17 18:39:18,034 [Command processor thread] INFO  commandhandler.DeleteBlocksCommandHandler (DeleteBlocksCommandHandler.java:handle(106)) - Start to delete container blocks, TXIDs=[1(30)], numOfContainers=1, numOfBlocks=1
2019-10-17 18:39:18,035 [Command processor thread] INFO  commandhandler.DeleteBlocksCommandHandler (DeleteBlocksCommandHandler.java:handle(106)) - Start to delete container blocks, TXIDs=[1(38)], numOfContainers=1, numOfBlocks=1
2019-10-17 18:39:18,036 [grpc-default-executor-5] INFO  impl.RaftServerImpl (RaftServerImpl.java:setRole(184)) - 7b069786-c4de-4177-a49c-78057d3e7b27@group-A236C1E6A57F: changes role from  FOLLOWER to FOLLOWER at term 55 for recognizeCandidate:09ea8095-e0f7-4a15-a25f-71748f8d4e7f
2019-10-17 18:39:18,036 [grpc-default-executor-0] INFO  impl.RaftServerImpl (RaftServerImpl.java:setRole(184)) - 0d68154c-bc1a-4b17-bcf5-90972ecdd7ac@group-A236C1E6A57F: changes role from  FOLLOWER to FOLLOWER at term 55 for recognizeCandidate:09ea8095-e0f7-4a15-a25f-71748f8d4e7f
2019-10-17 18:39:18,036 [grpc-default-executor-5] INFO  impl.RoleInfo (RoleInfo.java:shutdownFollowerState(121)) - 7b069786-c4de-4177-a49c-78057d3e7b27: shutdown FollowerState
2019-10-17 18:39:18,036 [grpc-default-executor-0] INFO  impl.RoleInfo (RoleInfo.java:shutdownFollowerState(121)) - 0d68154c-bc1a-4b17-bcf5-90972ecdd7ac: shutdown FollowerState
2019-10-17 18:39:18,037 [grpc-default-executor-5] INFO  impl.RoleInfo (RoleInfo.java:updateAndGet(143)) - 7b069786-c4de-4177-a49c-78057d3e7b27: start FollowerState
2019-10-17 18:39:18,037 [Thread-958] INFO  impl.FollowerState (FollowerState.java:run(117)) - 7b069786-c4de-4177-a49c-78057d3e7b27@group-A236C1E6A57F-FollowerState was interrupted: java.lang.InterruptedException: sleep interrupted
2019-10-17 18:39:18,037 [grpc-default-executor-0] INFO  impl.RoleInfo (RoleInfo.java:updateAndGet(143)) - 0d68154c-bc1a-4b17-bcf5-90972ecdd7ac: start FollowerState
2019-10-17 18:39:18,037 [Thread-959] INFO  impl.FollowerState (FollowerState.java:run(117)) - 0d68154c-bc1a-4b17-bcf5-90972ecdd7ac@group-A236C1E6A57F-FollowerState was interrupted: java.lang.InterruptedException: sleep interrupted
2019-10-17 18:39:18,052 [09ea8095-e0f7-4a15-a25f-71748f8d4e7f@group-A236C1E6A57F-LeaderElection58] INFO  impl.LeaderElection (LeaderElection.java:logAndReturn(56)) - 09ea8095-e0f7-4a15-a25f-71748f8d4e7f@group-A236C1E6A57F-LeaderElection58: Election REJECTED; received 2 response(s) [09ea8095-e0f7-4a15-a25f-71748f8d4e7f<-7b069786-c4de-4177-a49c-78057d3e7b27#0:FAIL-t55, 09ea8095-e0f7-4a15-a25f-71748f8d4e7f<-0d68154c-bc1a-4b17-bcf5-90972ecdd7ac#0:FAIL-t55] and 0 exception(s); 09ea8095-e0f7-4a15-a25f-71748f8d4e7f@group-A236C1E6A57F:t55, leader=null, voted=09ea8095-e0f7-4a15-a25f-71748f8d4e7f, raftlog=09ea8095-e0f7-4a15-a25f-71748f8d4e7f@group-A236C1E6A57F-SegmentedRaftLog:OPENED:c5,f6,i6, conf=1: [7b069786-c4de-4177-a49c-78057d3e7b27:192.168.157.251:46071, 0d68154c-bc1a-4b17-bcf5-90972ecdd7ac:192.168.157.251:40580, 09ea8095-e0f7-4a15-a25f-71748f8d4e7f:192.168.157.251:43128], old=null
2019-10-17 18:39:18,052 [09ea8095-e0f7-4a15-a25f-71748f8d4e7f@group-A236C1E6A57F-LeaderElection58] INFO  impl.RaftServerImpl (RaftServerImpl.java:setRole(184)) - 09ea8095-e0f7-4a15-a25f-71748f8d4e7f@group-A236C1E6A57F: changes role from CANDIDATE to FOLLOWER at term 55 for DISCOVERED_A_NEW_TERM
2019-10-17 18:39:18,052 [09ea8095-e0f7-4a15-a25f-71748f8d4e7f@group-A236C1E6A57F-LeaderElection58] INFO  impl.RoleInfo (RoleInfo.java:shutdownLeaderElection(134)) - 09ea8095-e0f7-4a15-a25f-71748f8d4e7f: shutdown LeaderElection
2019-10-17 18:39:18,052 [09ea8095-e0f7-4a15-a25f-71748f8d4e7f@group-A236C1E6A57F-LeaderElection58] INFO  impl.RoleInfo (RoleInfo.java:updateAndGet(143)) - 09ea8095-e0f7-4a15-a25f-71748f8d4e7f: start FollowerState
2019-10-17 18:39:18,127 [pool-7-thread-6] INFO  commands.RetriableDatanodeEventWatcher (RetriableDatanodeEventWatcher.java:onTimeout(47)) - RetriableDatanodeCommand type=deleteBlocksCommand with id=1571337549098 timed out. Retrying.
2019-10-17 18:39:18,130 [Thread-967] INFO  impl.FollowerState (FollowerState.java:run(108)) - 09ea8095-e0f7-4a15-a25f-71748f8d4e7f@group-A236C1E6A57F-FollowerState: change to CANDIDATE, lastRpcTime:77ms, electionTimeout:77ms
2019-10-17 18:39:18,130 [Thread-967] INFO  impl.RoleInfo (RoleInfo.java:shutdownFollowerState(121)) - 09ea8095-e0f7-4a15-a25f-71748f8d4e7f: shutdown FollowerState
2019-10-17 18:39:18,130 [Thread-967] INFO  impl.RaftServerImpl (RaftServerImpl.java:setRole(184)) - 09ea8095-e0f7-4a15-a25f-71748f8d4e7f@group-A236C1E6A57F: changes role from  FOLLOWER to CANDIDATE at term 55 for changeToCandidate
2019-10-17 18:39:18,130 [Thread-967] INFO  impl.RoleInfo (RoleInfo.java:updateAndGet(143)) - 09ea8095-e0f7-4a15-a25f-71748f8d4e7f: start LeaderElection
2019-10-17 18:39:18,134 [IPC Server handler 14 on 46093] WARN  block.DeletedBlockLogImpl (DeletedBlockLogImpl.java:incrementCount(141)) - Deleted TXID not found.
2019-10-17 18:39:18,134 [EventQueue-DeleteBlockStatusForEventWatcher$$Lambda$30/637241618] WARN  events.EventWatcher (EventWatcher.java:lambda$start$0(110)) - Completion event without active lease. Id=1571337549097
2019-10-17 18:39:18,134 [EventQueue-DeleteBlockStatusForDeletedBlockLogImpl] WARN  block.DeletedBlockLogImpl (DeletedBlockLogImpl.java:commitTransactions(205)) - Transaction txId=1 commit by dnId=09ea8095-e0f7-4a15-a25f-71748f8d4e7f for containerID=#1 failed. Corresponding entry not found.
2019-10-17 18:39:18,134 [EventQueue-DeleteBlockStatusForEventWatcher$$Lambda$30/637241618] WARN  events.EventWatcher (EventWatcher.java:lambda$start$0(110)) - Completion event without active lease. Id=1571337549096
2019-10-17 18:39:18,134 [EventQueue-DeleteBlockStatusForDeletedBlockLogImpl] WARN  block.DeletedBlockLogImpl (DeletedBlockLogImpl.java:commitTransactions(205)) - Transaction txId=1 commit by dnId=09ea8095-e0f7-4a15-a25f-71748f8d4e7f for containerID=#1 failed. Corresponding entry not found.
2019-10-17 18:39:18,134 [EventQueue-DeleteBlockStatusForEventWatcher$$Lambda$30/637241618] WARN  events.EventWatcher (EventWatcher.java:lambda$start$0(110)) - Completion event without active lease. Id=1571337549088
2019-10-17 18:39:18,134 [EventQueue-DeleteBlockStatusForDeletedBlockLogImpl] WARN  block.DeletedBlockLogImpl (DeletedBlockLogImpl.java:commitTransactions(205)) - Transaction txId=1 commit by dnId=09ea8095-e0f7-4a15-a25f-71748f8d4e7f for containerID=#1 failed. Corresponding entry not found.
2019-10-17 18:39:18,135 [EventQueue-DeleteBlockStatusForEventWatcher$$Lambda$30/637241618] WARN  events.EventWatcher (EventWatcher.java:lambda$start$0(110)) - Completion event without active lease. Id=1571337549091
2019-10-17 18:39:18,135 [EventQueue-DeleteBlockStatusForDeletedBlockLogImpl] WARN  block.DeletedBlockLogImpl (DeletedBlockLogImpl.java:commitTransactions(205)) - Transaction txId=1 commit by dnId=09ea8095-e0f7-4a15-a25f-71748f8d4e7f for containerID=#1 failed. Corresponding entry not found.
2019-10-17 18:39:18,135 [EventQueue-DeleteBlockStatusForEventWatcher$$Lambda$30/637241618] WARN  events.EventWatcher (EventWatcher.java:lambda$start$0(110)) - Completion event without active lease. Id=1571337549093
2019-10-17 18:39:18,135 [EventQueue-DeleteBlockStatusForDeletedBlockLogImpl] WARN  block.DeletedBlockLogImpl (DeletedBlockLogImpl.java:commitTransactions(205)) - Transaction txId=1 commit by dnId=09ea8095-e0f7-4a15-a25f-71748f8d4e7f for containerID=#1 failed. Corresponding entry not found.
2019-10-17 18:39:18,135 [EventQueue-DeleteBlockStatusForEventWatcher$$Lambda$30/637241618] WARN  events.EventWatcher (EventWatcher.java:lambda$start$0(110)) - Completion event without active lease. Id=1571337549092
2019-10-17 18:39:18,135 [EventQueue-DeleteBlockStatusForDeletedBlockLogImpl] WARN  block.DeletedBlockLogImpl (DeletedBlockLogImpl.java:commitTransactions(205)) - Transaction txId=1 commit by dnId=09ea8095-e0f7-4a15-a25f-71748f8d4e7f for containerID=#1 failed. Corresponding entry not found.
2019-10-17 18:39:18,135 [EventQueue-DeleteBlockStatusForEventWatcher$$Lambda$30/637241618] WARN  events.EventWatcher (EventWatcher.java:lambda$start$0(110)) - Completion event without active lease. Id=1571337549095
2019-10-17 18:39:18,135 [EventQueue-DeleteBlockStatusForDeletedBlockLogImpl] WARN  block.DeletedBlockLogImpl (DeletedBlockLogImpl.java:commitTransactions(205)) - Transaction txId=1 commit by dnId=09ea8095-e0f7-4a15-a25f-71748f8d4e7f for containerID=#1 failed. Corresponding entry not found.
2019-10-17 18:39:18,135 [EventQueue-DeleteBlockStatusForEventWatcher$$Lambda$30/637241618] WARN  events.EventWatcher (EventWatcher.java:lambda$start$0(110)) - Completion event without active lease. Id=1571337549094
2019-10-17 18:39:18,135 [EventQueue-DeleteBlockStatusForDeletedBlockLogImpl] WARN  block.DeletedBlockLogImpl (DeletedBlockLogImpl.java:commitTransactions(205)) - Transaction txId=1 commit by dnId=09ea8095-e0f7-4a15-a25f-71748f8d4e7f for containerID=#1 failed. Corresponding entry not found.
2019-10-17 18:39:18,136 [EventQueue-DeleteBlockStatusForDeletedBlockLogImpl] WARN  block.DeletedBlockLogImpl (DeletedBlockLogImpl.java:commitTransactions(205)) - Transaction txId=1 commit by dnId=09ea8095-e0f7-4a15-a25f-71748f8d4e7f for containerID=#1 failed. Corresponding entry not found.
2019-10-17 18:39:18,144 [09ea8095-e0f7-4a15-a25f-71748f8d4e7f@group-A236C1E6A57F-LeaderElection59] INFO  impl.LeaderElection (LeaderElection.java:askForVotes(178)) - 09ea8095-e0f7-4a15-a25f-71748f8d4e7f@group-A236C1E6A57F-LeaderElection59: begin an election at term 56 for 1: [7b069786-c4de-4177-a49c-78057d3e7b27:192.168.157.251:46071, 0d68154c-bc1a-4b17-bcf5-90972ecdd7ac:192.168.157.251:40580, 09ea8095-e0f7-4a15-a25f-71748f8d4e7f:192.168.157.251:43128], old=null
2019-10-17 18:39:18,146 [grpc-default-executor-0] INFO  impl.RaftServerImpl (RaftServerImpl.java:setRole(184)) - 7b069786-c4de-4177-a49c-78057d3e7b27@group-A236C1E6A57F: changes role from  FOLLOWER to FOLLOWER at term 56 for recognizeCandidate:09ea8095-e0f7-4a15-a25f-71748f8d4e7f
2019-10-17 18:39:18,146 [grpc-default-executor-5] INFO  impl.RaftServerImpl (RaftServerImpl.java:setRole(184)) - 0d68154c-bc1a-4b17-bcf5-90972ecdd7ac@group-A236C1E6A57F: changes role from  FOLLOWER to FOLLOWER at term 56 for recognizeCandidate:09ea8095-e0f7-4a15-a25f-71748f8d4e7f
2019-10-17 18:39:18,146 [grpc-default-executor-0] INFO  impl.RoleInfo (RoleInfo.java:shutdownFollowerState(121)) - 7b069786-c4de-4177-a49c-78057d3e7b27: shutdown FollowerState
2019-10-17 18:39:18,146 [grpc-default-executor-5] INFO  impl.RoleInfo (RoleInfo.java:shutdownFollowerState(121)) - 0d68154c-bc1a-4b17-bcf5-90972ecdd7ac: shutdown FollowerState
2019-10-17 18:39:18,147 [Thread-965] INFO  impl.FollowerState (FollowerState.java:run(117)) - 7b069786-c4de-4177-a49c-78057d3e7b27@group-A236C1E6A57F-FollowerState was interrupted: java.lang.InterruptedException: sleep interrupted
2019-10-17 18:39:18,147 [grpc-default-executor-0] INFO  impl.RoleInfo (RoleInfo.java:updateAndGet(143)) - 7b069786-c4de-4177-a49c-78057d3e7b27: start FollowerState
2019-10-17 18:39:18,147 [Thread-966] INFO  impl.FollowerState (FollowerState.java:run(117)) - 0d68154c-bc1a-4b17-bcf5-90972ecdd7ac@group-A236C1E6A57F-FollowerState was interrupted: java.lang.InterruptedException: sleep interrupted
2019-10-17 18:39:18,147 [grpc-default-executor-5] INFO  impl.RoleInfo (RoleInfo.java:updateAndGet(143)) - 0d68154c-bc1a-4b17-bcf5-90972ecdd7ac: start FollowerState
2019-10-17 18:39:18,162 [09ea8095-e0f7-4a15-a25f-71748f8d4e7f@group-A236C1E6A57F-LeaderElection59] INFO  impl.LeaderElection (LeaderElection.java:logAndReturn(56)) - 09ea8095-e0f7-4a15-a25f-71748f8d4e7f@group-A236C1E6A57F-LeaderElection59: Election REJECTED; received 2 response(s) [09ea8095-e0f7-4a15-a25f-71748f8d4e7f<-7b069786-c4de-4177-a49c-78057d3e7b27#0:FAIL-t56, 09ea8095-e0f7-4a15-a25f-71748f8d4e7f<-0d68154c-bc1a-4b17-bcf5-90972ecdd7ac#0:FAIL-t56] and 0 exception(s); 09ea8095-e0f7-4a15-a25f-71748f8d4e7f@group-A236C1E6A57F:t56, leader=null, voted=09ea8095-e0f7-4a15-a25f-71748f8d4e7f, raftlog=09ea8095-e0f7-4a15-a25f-71748f8d4e7f@group-A236C1E6A57F-SegmentedRaftLog:OPENED:c5,f6,i6, conf=1: [7b069786-c4de-4177-a49c-78057d3e7b27:192.168.157.251:46071, 0d68154c-bc1a-4b17-bcf5-90972ecdd7ac:192.168.157.251:40580, 09ea8095-e0f7-4a15-a25f-71748f8d4e7f:192.168.157.251:43128], old=null
2019-10-17 18:39:18,162 [09ea8095-e0f7-4a15-a25f-71748f8d4e7f@group-A236C1E6A57F-LeaderElection59] INFO  impl.RaftServerImpl (RaftServerImpl.java:setRole(184)) - 09ea8095-e0f7-4a15-a25f-71748f8d4e7f@group-A236C1E6A57F: changes role from CANDIDATE to FOLLOWER at term 56 for DISCOVERED_A_NEW_TERM
2019-10-17 18:39:18,162 [09ea8095-e0f7-4a15-a25f-71748f8d4e7f@group-A236C1E6A57F-LeaderElection59] INFO  impl.RoleInfo (RoleInfo.java:shutdownLeaderElection(134)) - 09ea8095-e0f7-4a15-a25f-71748f8d4e7f: shutdown LeaderElection
2019-10-17 18:39:18,162 [09ea8095-e0f7-4a15-a25f-71748f8d4e7f@group-A236C1E6A57F-LeaderElection59] INFO  impl.RoleInfo (RoleInfo.java:updateAndGet(143)) - 09ea8095-e0f7-4a15-a25f-71748f8d4e7f: start FollowerState
2019-10-17 18:39:18,187 [Thread-973] INFO  impl.FollowerState (FollowerState.java:run(108)) - 09ea8095-e0f7-4a15-a25f-71748f8d4e7f@group-A236C1E6A57F-FollowerState: change to CANDIDATE, lastRpcTime:24ms, electionTimeout:24ms
2019-10-17 18:39:18,187 [Thread-973] INFO  impl.RoleInfo (RoleInfo.java:shutdownFollowerState(121)) - 09ea8095-e0f7-4a15-a25f-71748f8d4e7f: shutdown FollowerState
2019-10-17 18:39:18,187 [Thread-973] INFO  impl.RaftServerImpl (RaftServerImpl.java:setRole(184)) - 09ea8095-e0f7-4a15-a25f-71748f8d4e7f@group-A236C1E6A57F: changes role from  FOLLOWER to CANDIDATE at term 56 for changeToCandidate
2019-10-17 18:39:18,187 [Thread-973] INFO  impl.RoleInfo (RoleInfo.java:updateAndGet(143)) - 09ea8095-e0f7-4a15-a25f-71748f8d4e7f: start LeaderElection
2019-10-17 18:39:18,201 [09ea8095-e0f7-4a15-a25f-71748f8d4e7f@group-A236C1E6A57F-LeaderElection60] INFO  impl.LeaderElection (LeaderElection.java:askForVotes(178)) - 09ea8095-e0f7-4a15-a25f-71748f8d4e7f@group-A236C1E6A57F-LeaderElection60: begin an election at term 57 for 1: [7b069786-c4de-4177-a49c-78057d3e7b27:192.168.157.251:46071, 0d68154c-bc1a-4b17-bcf5-90972ecdd7ac:192.168.157.251:40580, 09ea8095-e0f7-4a15-a25f-71748f8d4e7f:192.168.157.251:43128], old=null
2019-10-17 18:39:18,201 [BlockDeletingService#2] WARN  background.BlockDeletingService (BlockDeletingService.java:isDeletionAllowed(187)) - Close Container log Index 8 is not replicated across allthe servers in the pipeline f5073bd3-c80c-4957-9a7f-a236c1e6a57f as the min replicated index is 6. Deletion is not allowed in this container yet.
2019-10-17 18:39:18,201 [BlockDeletingService#2] WARN  background.BlockDeletingService (BlockDeletingService.java:isDeletionAllowed(187)) - Close Container log Index 8 is not replicated across allthe servers in the pipeline f5073bd3-c80c-4957-9a7f-a236c1e6a57f as the min replicated index is 6. Deletion is not allowed in this container yet.
2019-10-17 18:39:18,203 [grpc-default-executor-0] INFO  impl.RaftServerImpl (RaftServerImpl.java:setRole(184)) - 7b069786-c4de-4177-a49c-78057d3e7b27@group-A236C1E6A57F: changes role from  FOLLOWER to FOLLOWER at term 57 for recognizeCandidate:09ea8095-e0f7-4a15-a25f-71748f8d4e7f
2019-10-17 18:39:18,204 [grpc-default-executor-0] INFO  impl.RoleInfo (RoleInfo.java:shutdownFollowerState(121)) - 7b069786-c4de-4177-a49c-78057d3e7b27: shutdown FollowerState
2019-10-17 18:39:18,204 [grpc-default-executor-0] INFO  impl.RoleInfo (RoleInfo.java:updateAndGet(143)) - 7b069786-c4de-4177-a49c-78057d3e7b27: start FollowerState
2019-10-17 18:39:18,204 [Thread-971] INFO  impl.FollowerState (FollowerState.java:run(117)) - 7b069786-c4de-4177-a49c-78057d3e7b27@group-A236C1E6A57F-FollowerState was interrupted: java.lang.InterruptedException: sleep interrupted
2019-10-17 18:39:18,204 [grpc-default-executor-5] INFO  impl.RaftServerImpl (RaftServerImpl.java:setRole(184)) - 0d68154c-bc1a-4b17-bcf5-90972ecdd7ac@group-A236C1E6A57F: changes role from  FOLLOWER to FOLLOWER at term 57 for recognizeCandidate:09ea8095-e0f7-4a15-a25f-71748f8d4e7f
2019-10-17 18:39:18,204 [grpc-default-executor-5] INFO  impl.RoleInfo (RoleInfo.java:shutdownFollowerState(121)) - 0d68154c-bc1a-4b17-bcf5-90972ecdd7ac: shutdown FollowerState
2019-10-17 18:39:18,204 [grpc-default-executor-5] INFO  impl.RoleInfo (RoleInfo.java:updateAndGet(143)) - 0d68154c-bc1a-4b17-bcf5-90972ecdd7ac: start FollowerState
2019-10-17 18:39:18,204 [Thread-972] INFO  impl.FollowerState (FollowerState.java:run(117)) - 0d68154c-bc1a-4b17-bcf5-90972ecdd7ac@group-A236C1E6A57F-FollowerState was interrupted: java.lang.InterruptedException: sleep interrupted
2019-10-17 18:39:18,213 [Thread-982] INFO  client.GrpcClientProtocolService (GrpcClientProtocolService.java:lambda$processClientRequest$0(278)) - Failed RaftClientRequest:client-79966ACA1C67->09ea8095-e0f7-4a15-a25f-71748f8d4e7f@group-A236C1E6A57F, cid=10, seq=0, Watch-ALL_COMMITTED(8), Message:<EMPTY>, reply=RaftClientReply:client-79966ACA1C67->09ea8095-e0f7-4a15-a25f-71748f8d4e7f@group-A236C1E6A57F, cid=10, FAILED org.apache.ratis.protocol.NotLeaderException: Server 09ea8095-e0f7-4a15-a25f-71748f8d4e7f@group-A236C1E6A57F is not the leader, logIndex=0, commits[09ea8095-e0f7-4a15-a25f-71748f8d4e7f:c5]
2019-10-17 18:39:18,220 [09ea8095-e0f7-4a15-a25f-71748f8d4e7f@group-A236C1E6A57F-LeaderElection60] INFO  impl.LeaderElection (LeaderElection.java:logAndReturn(56)) - 09ea8095-e0f7-4a15-a25f-71748f8d4e7f@group-A236C1E6A57F-LeaderElection60: Election REJECTED; received 2 response(s) [09ea8095-e0f7-4a15-a25f-71748f8d4e7f<-7b069786-c4de-4177-a49c-78057d3e7b27#0:FAIL-t57, 09ea8095-e0f7-4a15-a25f-71748f8d4e7f<-0d68154c-bc1a-4b17-bcf5-90972ecdd7ac#0:FAIL-t57] and 0 exception(s); 09ea8095-e0f7-4a15-a25f-71748f8d4e7f@group-A236C1E6A57F:t57, leader=null, voted=09ea8095-e0f7-4a15-a25f-71748f8d4e7f, raftlog=09ea8095-e0f7-4a15-a25f-71748f8d4e7f@group-A236C1E6A57F-SegmentedRaftLog:OPENED:c5,f6,i6, conf=1: [7b069786-c4de-4177-a49c-78057d3e7b27:192.168.157.251:46071, 0d68154c-bc1a-4b17-bcf5-90972ecdd7ac:192.168.157.251:40580, 09ea8095-e0f7-4a15-a25f-71748f8d4e7f:192.168.157.251:43128], old=null
2019-10-17 18:39:18,220 [09ea8095-e0f7-4a15-a25f-71748f8d4e7f@group-A236C1E6A57F-LeaderElection60] INFO  impl.RaftServerImpl (RaftServerImpl.java:setRole(184)) - 09ea8095-e0f7-4a15-a25f-71748f8d4e7f@group-A236C1E6A57F: changes role from CANDIDATE to FOLLOWER at term 57 for DISCOVERED_A_NEW_TERM
2019-10-17 18:39:18,220 [09ea8095-e0f7-4a15-a25f-71748f8d4e7f@group-A236C1E6A57F-LeaderElection60] INFO  impl.RoleInfo (RoleInfo.java:shutdownLeaderElection(134)) - 09ea8095-e0f7-4a15-a25f-71748f8d4e7f: shutdown LeaderElection
2019-10-17 18:39:18,221 [09ea8095-e0f7-4a15-a25f-71748f8d4e7f@group-A236C1E6A57F-LeaderElection60] INFO  impl.RoleInfo (RoleInfo.java:updateAndGet(143)) - 09ea8095-e0f7-4a15-a25f-71748f8d4e7f: start FollowerState
2019-10-17 18:39:18,397 [Thread-984] INFO  impl.FollowerState (FollowerState.java:run(108)) - 09ea8095-e0f7-4a15-a25f-71748f8d4e7f@group-A236C1E6A57F-FollowerState: change to CANDIDATE, lastRpcTime:176ms, electionTimeout:175ms
2019-10-17 18:39:18,397 [Thread-984] INFO  impl.RoleInfo (RoleInfo.java:shutdownFollowerState(121)) - 09ea8095-e0f7-4a15-a25f-71748f8d4e7f: shutdown FollowerState
2019-10-17 18:39:18,398 [Thread-984] INFO  impl.RaftServerImpl (RaftServerImpl.java:setRole(184)) - 09ea8095-e0f7-4a15-a25f-71748f8d4e7f@group-A236C1E6A57F: changes role from  FOLLOWER to CANDIDATE at term 57 for changeToCandidate
2019-10-17 18:39:18,398 [Thread-984] INFO  impl.RoleInfo (RoleInfo.java:updateAndGet(143)) - 09ea8095-e0f7-4a15-a25f-71748f8d4e7f: start LeaderElection
2019-10-17 18:39:18,412 [09ea8095-e0f7-4a15-a25f-71748f8d4e7f@group-A236C1E6A57F-LeaderElection61] INFO  impl.LeaderElection (LeaderElection.java:askForVotes(178)) - 09ea8095-e0f7-4a15-a25f-71748f8d4e7f@group-A236C1E6A57F-LeaderElection61: begin an election at term 58 for 1: [7b069786-c4de-4177-a49c-78057d3e7b27:192.168.157.251:46071, 0d68154c-bc1a-4b17-bcf5-90972ecdd7ac:192.168.157.251:40580, 09ea8095-e0f7-4a15-a25f-71748f8d4e7f:192.168.157.251:43128], old=null
2019-10-17 18:39:18,415 [grpc-default-executor-5] INFO  impl.RaftServerImpl (RaftServerImpl.java:setRole(184)) - 7b069786-c4de-4177-a49c-78057d3e7b27@group-A236C1E6A57F: changes role from  FOLLOWER to FOLLOWER at term 58 for recognizeCandidate:09ea8095-e0f7-4a15-a25f-71748f8d4e7f
2019-10-17 18:39:18,415 [grpc-default-executor-4] INFO  impl.RaftServerImpl (RaftServerImpl.java:setRole(184)) - 0d68154c-bc1a-4b17-bcf5-90972ecdd7ac@group-A236C1E6A57F: changes role from  FOLLOWER to FOLLOWER at term 58 for recognizeCandidate:09ea8095-e0f7-4a15-a25f-71748f8d4e7f
2019-10-17 18:39:18,416 [grpc-default-executor-5] INFO  impl.RoleInfo (RoleInfo.java:shutdownFollowerState(121)) - 7b069786-c4de-4177-a49c-78057d3e7b27: shutdown FollowerState
2019-10-17 18:39:18,416 [grpc-default-executor-4] INFO  impl.RoleInfo (RoleInfo.java:shutdownFollowerState(121)) - 0d68154c-bc1a-4b17-bcf5-90972ecdd7ac: shutdown FollowerState
2019-10-17 18:39:18,416 [grpc-default-executor-5] INFO  impl.RoleInfo (RoleInfo.java:updateAndGet(143)) - 7b069786-c4de-4177-a49c-78057d3e7b27: start FollowerState
2019-10-17 18:39:18,416 [Thread-980] INFO  impl.FollowerState (FollowerState.java:run(117)) - 0d68154c-bc1a-4b17-bcf5-90972ecdd7ac@group-A236C1E6A57F-FollowerState was interrupted: java.lang.InterruptedException: sleep interrupted
2019-10-17 18:39:18,416 [grpc-default-executor-4] INFO  impl.RoleInfo (RoleInfo.java:updateAndGet(143)) - 0d68154c-bc1a-4b17-bcf5-90972ecdd7ac: start FollowerState
2019-10-17 18:39:18,416 [Thread-979] INFO  impl.FollowerState (FollowerState.java:run(117)) - 7b069786-c4de-4177-a49c-78057d3e7b27@group-A236C1E6A57F-FollowerState was interrupted: java.lang.InterruptedException: sleep interrupted
2019-10-17 18:39:18,431 [09ea8095-e0f7-4a15-a25f-71748f8d4e7f@group-A236C1E6A57F-LeaderElection61] INFO  impl.LeaderElection (LeaderElection.java:logAndReturn(56)) - 09ea8095-e0f7-4a15-a25f-71748f8d4e7f@group-A236C1E6A57F-LeaderElection61: Election REJECTED; received 2 response(s) [09ea8095-e0f7-4a15-a25f-71748f8d4e7f<-7b069786-c4de-4177-a49c-78057d3e7b27#0:FAIL-t58, 09ea8095-e0f7-4a15-a25f-71748f8d4e7f<-0d68154c-bc1a-4b17-bcf5-90972ecdd7ac#0:FAIL-t58] and 0 exception(s); 09ea8095-e0f7-4a15-a25f-71748f8d4e7f@group-A236C1E6A57F:t58, leader=null, voted=09ea8095-e0f7-4a15-a25f-71748f8d4e7f, raftlog=09ea8095-e0f7-4a15-a25f-71748f8d4e7f@group-A236C1E6A57F-SegmentedRaftLog:OPENED:c5,f6,i6, conf=1: [7b069786-c4de-4177-a49c-78057d3e7b27:192.168.157.251:46071, 0d68154c-bc1a-4b17-bcf5-90972ecdd7ac:192.168.157.251:40580, 09ea8095-e0f7-4a15-a25f-71748f8d4e7f:192.168.157.251:43128], old=null
2019-10-17 18:39:18,431 [09ea8095-e0f7-4a15-a25f-71748f8d4e7f@group-A236C1E6A57F-LeaderElection61] INFO  impl.RaftServerImpl (RaftServerImpl.java:setRole(184)) - 09ea8095-e0f7-4a15-a25f-71748f8d4e7f@group-A236C1E6A57F: changes role from CANDIDATE to FOLLOWER at term 58 for DISCOVERED_A_NEW_TERM
2019-10-17 18:39:18,432 [09ea8095-e0f7-4a15-a25f-71748f8d4e7f@group-A236C1E6A57F-LeaderElection61] INFO  impl.RoleInfo (RoleInfo.java:shutdownLeaderElection(134)) - 09ea8095-e0f7-4a15-a25f-71748f8d4e7f: shutdown LeaderElection
2019-10-17 18:39:18,432 [09ea8095-e0f7-4a15-a25f-71748f8d4e7f@group-A236C1E6A57F-LeaderElection61] INFO  impl.RoleInfo (RoleInfo.java:updateAndGet(143)) - 09ea8095-e0f7-4a15-a25f-71748f8d4e7f: start FollowerState
2019-10-17 18:39:18,627 [Thread-990] INFO  impl.FollowerState (FollowerState.java:run(108)) - 09ea8095-e0f7-4a15-a25f-71748f8d4e7f@group-A236C1E6A57F-FollowerState: change to CANDIDATE, lastRpcTime:195ms, electionTimeout:195ms
2019-10-17 18:39:18,628 [Thread-990] INFO  impl.RoleInfo (RoleInfo.java:shutdownFollowerState(121)) - 09ea8095-e0f7-4a15-a25f-71748f8d4e7f: shutdown FollowerState
2019-10-17 18:39:18,628 [Thread-990] INFO  impl.RaftServerImpl (RaftServerImpl.java:setRole(184)) - 09ea8095-e0f7-4a15-a25f-71748f8d4e7f@group-A236C1E6A57F: changes role from  FOLLOWER to CANDIDATE at term 58 for changeToCandidate
2019-10-17 18:39:18,628 [Thread-990] INFO  impl.RoleInfo (RoleInfo.java:updateAndGet(143)) - 09ea8095-e0f7-4a15-a25f-71748f8d4e7f: start LeaderElection
2019-10-17 18:39:18,642 [09ea8095-e0f7-4a15-a25f-71748f8d4e7f@group-A236C1E6A57F-LeaderElection62] INFO  impl.LeaderElection (LeaderElection.java:askForVotes(178)) - 09ea8095-e0f7-4a15-a25f-71748f8d4e7f@group-A236C1E6A57F-LeaderElection62: begin an election at term 59 for 1: [7b069786-c4de-4177-a49c-78057d3e7b27:192.168.157.251:46071, 0d68154c-bc1a-4b17-bcf5-90972ecdd7ac:192.168.157.251:40580, 09ea8095-e0f7-4a15-a25f-71748f8d4e7f:192.168.157.251:43128], old=null
2019-10-17 18:39:18,645 [grpc-default-executor-5] INFO  impl.RaftServerImpl (RaftServerImpl.java:setRole(184)) - 0d68154c-bc1a-4b17-bcf5-90972ecdd7ac@group-A236C1E6A57F: changes role from  FOLLOWER to FOLLOWER at term 59 for recognizeCandidate:09ea8095-e0f7-4a15-a25f-71748f8d4e7f
2019-10-17 18:39:18,645 [grpc-default-executor-4] INFO  impl.RaftServerImpl (RaftServerImpl.java:setRole(184)) - 7b069786-c4de-4177-a49c-78057d3e7b27@group-A236C1E6A57F: changes role from  FOLLOWER to FOLLOWER at term 59 for recognizeCandidate:09ea8095-e0f7-4a15-a25f-71748f8d4e7f
2019-10-17 18:39:18,645 [grpc-default-executor-5] INFO  impl.RoleInfo (RoleInfo.java:shutdownFollowerState(121)) - 0d68154c-bc1a-4b17-bcf5-90972ecdd7ac: shutdown FollowerState
2019-10-17 18:39:18,645 [grpc-default-executor-4] INFO  impl.RoleInfo (RoleInfo.java:shutdownFollowerState(121)) - 7b069786-c4de-4177-a49c-78057d3e7b27: shutdown FollowerState
2019-10-17 18:39:18,645 [Thread-989] INFO  impl.FollowerState (FollowerState.java:run(117)) - 0d68154c-bc1a-4b17-bcf5-90972ecdd7ac@group-A236C1E6A57F-FollowerState was interrupted: java.lang.InterruptedException: sleep interrupted
2019-10-17 18:39:18,645 [grpc-default-executor-5] INFO  impl.RoleInfo (RoleInfo.java:updateAndGet(143)) - 0d68154c-bc1a-4b17-bcf5-90972ecdd7ac: start FollowerState
2019-10-17 18:39:18,645 [grpc-default-executor-4] INFO  impl.RoleInfo (RoleInfo.java:updateAndGet(143)) - 7b069786-c4de-4177-a49c-78057d3e7b27: start FollowerState
2019-10-17 18:39:18,645 [Thread-988] INFO  impl.FollowerState (FollowerState.java:run(117)) - 7b069786-c4de-4177-a49c-78057d3e7b27@group-A236C1E6A57F-FollowerState was interrupted: java.lang.InterruptedException: sleep interrupted
2019-10-17 18:39:18,660 [09ea8095-e0f7-4a15-a25f-71748f8d4e7f@group-A236C1E6A57F-LeaderElection62] INFO  impl.LeaderElection (LeaderElection.java:logAndReturn(56)) - 09ea8095-e0f7-4a15-a25f-71748f8d4e7f@group-A236C1E6A57F-LeaderElection62: Election REJECTED; received 2 response(s) [09ea8095-e0f7-4a15-a25f-71748f8d4e7f<-7b069786-c4de-4177-a49c-78057d3e7b27#0:FAIL-t59, 09ea8095-e0f7-4a15-a25f-71748f8d4e7f<-0d68154c-bc1a-4b17-bcf5-90972ecdd7ac#0:FAIL-t59] and 0 exception(s); 09ea8095-e0f7-4a15-a25f-71748f8d4e7f@group-A236C1E6A57F:t59, leader=null, voted=09ea8095-e0f7-4a15-a25f-71748f8d4e7f, raftlog=09ea8095-e0f7-4a15-a25f-71748f8d4e7f@group-A236C1E6A57F-SegmentedRaftLog:OPENED:c5,f6,i6, conf=1: [7b069786-c4de-4177-a49c-78057d3e7b27:192.168.157.251:46071, 0d68154c-bc1a-4b17-bcf5-90972ecdd7ac:192.168.157.251:40580, 09ea8095-e0f7-4a15-a25f-71748f8d4e7f:192.168.157.251:43128], old=null
2019-10-17 18:39:18,660 [09ea8095-e0f7-4a15-a25f-71748f8d4e7f@group-A236C1E6A57F-LeaderElection62] INFO  impl.RaftServerImpl (RaftServerImpl.java:setRole(184)) - 09ea8095-e0f7-4a15-a25f-71748f8d4e7f@group-A236C1E6A57F: changes role from CANDIDATE to FOLLOWER at term 59 for DISCOVERED_A_NEW_TERM
2019-10-17 18:39:18,661 [09ea8095-e0f7-4a15-a25f-71748f8d4e7f@group-A236C1E6A57F-LeaderElection62] INFO  impl.RoleInfo (RoleInfo.java:shutdownLeaderElection(134)) - 09ea8095-e0f7-4a15-a25f-71748f8d4e7f: shutdown LeaderElection
2019-10-17 18:39:18,661 [09ea8095-e0f7-4a15-a25f-71748f8d4e7f@group-A236C1E6A57F-LeaderElection62] INFO  impl.RoleInfo (RoleInfo.java:updateAndGet(143)) - 09ea8095-e0f7-4a15-a25f-71748f8d4e7f: start FollowerState
2019-10-17 18:39:18,770 [Thread-996] INFO  impl.FollowerState (FollowerState.java:run(108)) - 09ea8095-e0f7-4a15-a25f-71748f8d4e7f@group-A236C1E6A57F-FollowerState: change to CANDIDATE, lastRpcTime:109ms, electionTimeout:109ms
2019-10-17 18:39:18,770 [Thread-996] INFO  impl.RoleInfo (RoleInfo.java:shutdownFollowerState(121)) - 09ea8095-e0f7-4a15-a25f-71748f8d4e7f: shutdown FollowerState
2019-10-17 18:39:18,770 [Thread-996] INFO  impl.RaftServerImpl (RaftServerImpl.java:setRole(184)) - 09ea8095-e0f7-4a15-a25f-71748f8d4e7f@group-A236C1E6A57F: changes role from  FOLLOWER to CANDIDATE at term 59 for changeToCandidate
2019-10-17 18:39:18,771 [Thread-996] INFO  impl.RoleInfo (RoleInfo.java:updateAndGet(143)) - 09ea8095-e0f7-4a15-a25f-71748f8d4e7f: start LeaderElection
2019-10-17 18:39:18,785 [09ea8095-e0f7-4a15-a25f-71748f8d4e7f@group-A236C1E6A57F-LeaderElection63] INFO  impl.LeaderElection (LeaderElection.java:askForVotes(178)) - 09ea8095-e0f7-4a15-a25f-71748f8d4e7f@group-A236C1E6A57F-LeaderElection63: begin an election at term 60 for 1: [7b069786-c4de-4177-a49c-78057d3e7b27:192.168.157.251:46071, 0d68154c-bc1a-4b17-bcf5-90972ecdd7ac:192.168.157.251:40580, 09ea8095-e0f7-4a15-a25f-71748f8d4e7f:192.168.157.251:43128], old=null
2019-10-17 18:39:18,788 [grpc-default-executor-4] INFO  impl.RaftServerImpl (RaftServerImpl.java:setRole(184)) - 0d68154c-bc1a-4b17-bcf5-90972ecdd7ac@group-A236C1E6A57F: changes role from  FOLLOWER to FOLLOWER at term 60 for recognizeCandidate:09ea8095-e0f7-4a15-a25f-71748f8d4e7f
2019-10-17 18:39:18,788 [grpc-default-executor-5] INFO  impl.RaftServerImpl (RaftServerImpl.java:setRole(184)) - 7b069786-c4de-4177-a49c-78057d3e7b27@group-A236C1E6A57F: changes role from  FOLLOWER to FOLLOWER at term 60 for recognizeCandidate:09ea8095-e0f7-4a15-a25f-71748f8d4e7f
2019-10-17 18:39:18,789 [grpc-default-executor-4] INFO  impl.RoleInfo (RoleInfo.java:shutdownFollowerState(121)) - 0d68154c-bc1a-4b17-bcf5-90972ecdd7ac: shutdown FollowerState
2019-10-17 18:39:18,789 [grpc-default-executor-5] INFO  impl.RoleInfo (RoleInfo.java:shutdownFollowerState(121)) - 7b069786-c4de-4177-a49c-78057d3e7b27: shutdown FollowerState
2019-10-17 18:39:18,789 [Thread-994] INFO  impl.FollowerState (FollowerState.java:run(117)) - 0d68154c-bc1a-4b17-bcf5-90972ecdd7ac@group-A236C1E6A57F-FollowerState was interrupted: java.lang.InterruptedException: sleep interrupted
2019-10-17 18:39:18,789 [Thread-995] INFO  impl.FollowerState (FollowerState.java:run(117)) - 7b069786-c4de-4177-a49c-78057d3e7b27@group-A236C1E6A57F-FollowerState was interrupted: java.lang.InterruptedException: sleep interrupted
2019-10-17 18:39:18,789 [grpc-default-executor-4] INFO  impl.RoleInfo (RoleInfo.java:updateAndGet(143)) - 0d68154c-bc1a-4b17-bcf5-90972ecdd7ac: start FollowerState
2019-10-17 18:39:18,789 [grpc-default-executor-5] INFO  impl.RoleInfo (RoleInfo.java:updateAndGet(143)) - 7b069786-c4de-4177-a49c-78057d3e7b27: start FollowerState
2019-10-17 18:39:18,804 [09ea8095-e0f7-4a15-a25f-71748f8d4e7f@group-A236C1E6A57F-LeaderElection63] INFO  impl.LeaderElection (LeaderElection.java:logAndReturn(56)) - 09ea8095-e0f7-4a15-a25f-71748f8d4e7f@group-A236C1E6A57F-LeaderElection63: Election REJECTED; received 2 response(s) [09ea8095-e0f7-4a15-a25f-71748f8d4e7f<-7b069786-c4de-4177-a49c-78057d3e7b27#0:FAIL-t60, 09ea8095-e0f7-4a15-a25f-71748f8d4e7f<-0d68154c-bc1a-4b17-bcf5-90972ecdd7ac#0:FAIL-t60] and 0 exception(s); 09ea8095-e0f7-4a15-a25f-71748f8d4e7f@group-A236C1E6A57F:t60, leader=null, voted=09ea8095-e0f7-4a15-a25f-71748f8d4e7f, raftlog=09ea8095-e0f7-4a15-a25f-71748f8d4e7f@group-A236C1E6A57F-SegmentedRaftLog:OPENED:c5,f6,i6, conf=1: [7b069786-c4de-4177-a49c-78057d3e7b27:192.168.157.251:46071, 0d68154c-bc1a-4b17-bcf5-90972ecdd7ac:192.168.157.251:40580, 09ea8095-e0f7-4a15-a25f-71748f8d4e7f:192.168.157.251:43128], old=null
2019-10-17 18:39:18,805 [09ea8095-e0f7-4a15-a25f-71748f8d4e7f@group-A236C1E6A57F-LeaderElection63] INFO  impl.RaftServerImpl (RaftServerImpl.java:setRole(184)) - 09ea8095-e0f7-4a15-a25f-71748f8d4e7f@group-A236C1E6A57F: changes role from CANDIDATE to FOLLOWER at term 60 for DISCOVERED_A_NEW_TERM
2019-10-17 18:39:18,805 [09ea8095-e0f7-4a15-a25f-71748f8d4e7f@group-A236C1E6A57F-LeaderElection63] INFO  impl.RoleInfo (RoleInfo.java:shutdownLeaderElection(134)) - 09ea8095-e0f7-4a15-a25f-71748f8d4e7f: shutdown LeaderElection
2019-10-17 18:39:18,805 [09ea8095-e0f7-4a15-a25f-71748f8d4e7f@group-A236C1E6A57F-LeaderElection63] INFO  impl.RoleInfo (RoleInfo.java:updateAndGet(143)) - 09ea8095-e0f7-4a15-a25f-71748f8d4e7f: start FollowerState
2019-10-17 18:39:19,005 [Thread-1002] INFO  impl.FollowerState (FollowerState.java:run(108)) - 09ea8095-e0f7-4a15-a25f-71748f8d4e7f@group-A236C1E6A57F-FollowerState: change to CANDIDATE, lastRpcTime:200ms, electionTimeout:200ms
2019-10-17 18:39:19,006 [Thread-1002] INFO  impl.RoleInfo (RoleInfo.java:shutdownFollowerState(121)) - 09ea8095-e0f7-4a15-a25f-71748f8d4e7f: shutdown FollowerState
2019-10-17 18:39:19,006 [Thread-1002] INFO  impl.RaftServerImpl (RaftServerImpl.java:setRole(184)) - 09ea8095-e0f7-4a15-a25f-71748f8d4e7f@group-A236C1E6A57F: changes role from  FOLLOWER to CANDIDATE at term 60 for changeToCandidate
2019-10-17 18:39:19,006 [Thread-1002] INFO  impl.RoleInfo (RoleInfo.java:updateAndGet(143)) - 09ea8095-e0f7-4a15-a25f-71748f8d4e7f: start LeaderElection
2019-10-17 18:39:19,019 [09ea8095-e0f7-4a15-a25f-71748f8d4e7f@group-A236C1E6A57F-LeaderElection64] INFO  impl.LeaderElection (LeaderElection.java:askForVotes(178)) - 09ea8095-e0f7-4a15-a25f-71748f8d4e7f@group-A236C1E6A57F-LeaderElection64: begin an election at term 61 for 1: [7b069786-c4de-4177-a49c-78057d3e7b27:192.168.157.251:46071, 0d68154c-bc1a-4b17-bcf5-90972ecdd7ac:192.168.157.251:40580, 09ea8095-e0f7-4a15-a25f-71748f8d4e7f:192.168.157.251:43128], old=null
2019-10-17 18:39:19,022 [grpc-default-executor-5] INFO  impl.RaftServerImpl (RaftServerImpl.java:setRole(184)) - 0d68154c-bc1a-4b17-bcf5-90972ecdd7ac@group-A236C1E6A57F: changes role from  FOLLOWER to FOLLOWER at term 61 for recognizeCandidate:09ea8095-e0f7-4a15-a25f-71748f8d4e7f
2019-10-17 18:39:19,022 [grpc-default-executor-5] INFO  impl.RoleInfo (RoleInfo.java:shutdownFollowerState(121)) - 0d68154c-bc1a-4b17-bcf5-90972ecdd7ac: shutdown FollowerState
2019-10-17 18:39:19,022 [grpc-default-executor-4] INFO  impl.RaftServerImpl (RaftServerImpl.java:setRole(184)) - 7b069786-c4de-4177-a49c-78057d3e7b27@group-A236C1E6A57F: changes role from  FOLLOWER to FOLLOWER at term 61 for recognizeCandidate:09ea8095-e0f7-4a15-a25f-71748f8d4e7f
2019-10-17 18:39:19,022 [Thread-1000] INFO  impl.FollowerState (FollowerState.java:run(117)) - 0d68154c-bc1a-4b17-bcf5-90972ecdd7ac@group-A236C1E6A57F-FollowerState was interrupted: java.lang.InterruptedException: sleep interrupted
2019-10-17 18:39:19,022 [grpc-default-executor-5] INFO  impl.RoleInfo (RoleInfo.java:updateAndGet(143)) - 0d68154c-bc1a-4b17-bcf5-90972ecdd7ac: start FollowerState
2019-10-17 18:39:19,022 [grpc-default-executor-4] INFO  impl.RoleInfo (RoleInfo.java:shutdownFollowerState(121)) - 7b069786-c4de-4177-a49c-78057d3e7b27: shutdown FollowerState
2019-10-17 18:39:19,023 [Thread-1001] INFO  impl.FollowerState (FollowerState.java:run(117)) - 7b069786-c4de-4177-a49c-78057d3e7b27@group-A236C1E6A57F-FollowerState was interrupted: java.lang.InterruptedException: sleep interrupted
2019-10-17 18:39:19,023 [grpc-default-executor-4] INFO  impl.RoleInfo (RoleInfo.java:updateAndGet(143)) - 7b069786-c4de-4177-a49c-78057d3e7b27: start FollowerState
2019-10-17 18:39:19,028 [09ea8095-e0f7-4a15-a25f-71748f8d4e7f@group-A236C1E6A57F-LeaderElection64] INFO  impl.LeaderElection (LeaderElection.java:logAndReturn(56)) - 09ea8095-e0f7-4a15-a25f-71748f8d4e7f@group-A236C1E6A57F-LeaderElection64: Election REJECTED; received 2 response(s) [09ea8095-e0f7-4a15-a25f-71748f8d4e7f<-7b069786-c4de-4177-a49c-78057d3e7b27#0:FAIL-t61, 09ea8095-e0f7-4a15-a25f-71748f8d4e7f<-0d68154c-bc1a-4b17-bcf5-90972ecdd7ac#0:FAIL-t61] and 0 exception(s); 09ea8095-e0f7-4a15-a25f-71748f8d4e7f@group-A236C1E6A57F:t61, leader=null, voted=09ea8095-e0f7-4a15-a25f-71748f8d4e7f, raftlog=09ea8095-e0f7-4a15-a25f-71748f8d4e7f@group-A236C1E6A57F-SegmentedRaftLog:OPENED:c5,f6,i6, conf=1: [7b069786-c4de-4177-a49c-78057d3e7b27:192.168.157.251:46071, 0d68154c-bc1a-4b17-bcf5-90972ecdd7ac:192.168.157.251:40580, 09ea8095-e0f7-4a15-a25f-71748f8d4e7f:192.168.157.251:43128], old=null
2019-10-17 18:39:19,029 [09ea8095-e0f7-4a15-a25f-71748f8d4e7f@group-A236C1E6A57F-LeaderElection64] INFO  impl.RaftServerImpl (RaftServerImpl.java:setRole(184)) - 09ea8095-e0f7-4a15-a25f-71748f8d4e7f@group-A236C1E6A57F: changes role from CANDIDATE to FOLLOWER at term 61 for DISCOVERED_A_NEW_TERM
2019-10-17 18:39:19,029 [09ea8095-e0f7-4a15-a25f-71748f8d4e7f@group-A236C1E6A57F-LeaderElection64] INFO  impl.RoleInfo (RoleInfo.java:shutdownLeaderElection(134)) - 09ea8095-e0f7-4a15-a25f-71748f8d4e7f: shutdown LeaderElection
2019-10-17 18:39:19,029 [09ea8095-e0f7-4a15-a25f-71748f8d4e7f@group-A236C1E6A57F-LeaderElection64] INFO  impl.RoleInfo (RoleInfo.java:updateAndGet(143)) - 09ea8095-e0f7-4a15-a25f-71748f8d4e7f: start FollowerState
2019-10-17 18:39:19,132 [Command processor thread] INFO  commandhandler.DeleteBlocksCommandHandler (DeleteBlocksCommandHandler.java:handle(106)) - Start to delete container blocks, TXIDs=[1(38)], numOfContainers=1, numOfBlocks=1
2019-10-17 18:39:19,198 [Thread-1011] INFO  impl.FollowerState (FollowerState.java:run(108)) - 09ea8095-e0f7-4a15-a25f-71748f8d4e7f@group-A236C1E6A57F-FollowerState: change to CANDIDATE, lastRpcTime:169ms, electionTimeout:169ms
2019-10-17 18:39:19,198 [Thread-1011] INFO  impl.RoleInfo (RoleInfo.java:shutdownFollowerState(121)) - 09ea8095-e0f7-4a15-a25f-71748f8d4e7f: shutdown FollowerState
2019-10-17 18:39:19,198 [Thread-1011] INFO  impl.RaftServerImpl (RaftServerImpl.java:setRole(184)) - 09ea8095-e0f7-4a15-a25f-71748f8d4e7f@group-A236C1E6A57F: changes role from  FOLLOWER to CANDIDATE at term 61 for changeToCandidate
2019-10-17 18:39:19,199 [Thread-1011] INFO  impl.RoleInfo (RoleInfo.java:updateAndGet(143)) - 09ea8095-e0f7-4a15-a25f-71748f8d4e7f: start LeaderElection
2019-10-17 18:39:19,202 [BlockDeletingService#2] WARN  background.BlockDeletingService (BlockDeletingService.java:isDeletionAllowed(187)) - Close Container log Index 8 is not replicated across allthe servers in the pipeline f5073bd3-c80c-4957-9a7f-a236c1e6a57f as the min replicated index is 6. Deletion is not allowed in this container yet.
2019-10-17 18:39:19,203 [BlockDeletingService#2] WARN  background.BlockDeletingService (BlockDeletingService.java:isDeletionAllowed(187)) - Close Container log Index 8 is not replicated across allthe servers in the pipeline f5073bd3-c80c-4957-9a7f-a236c1e6a57f as the min replicated index is 6. Deletion is not allowed in this container yet.
2019-10-17 18:39:19,213 [09ea8095-e0f7-4a15-a25f-71748f8d4e7f@group-A236C1E6A57F-LeaderElection65] INFO  impl.LeaderElection (LeaderElection.java:askForVotes(178)) - 09ea8095-e0f7-4a15-a25f-71748f8d4e7f@group-A236C1E6A57F-LeaderElection65: begin an election at term 62 for 1: [7b069786-c4de-4177-a49c-78057d3e7b27:192.168.157.251:46071, 0d68154c-bc1a-4b17-bcf5-90972ecdd7ac:192.168.157.251:40580, 09ea8095-e0f7-4a15-a25f-71748f8d4e7f:192.168.157.251:43128], old=null
2019-10-17 18:39:19,216 [grpc-default-executor-4] INFO  impl.RaftServerImpl (RaftServerImpl.java:setRole(184)) - 0d68154c-bc1a-4b17-bcf5-90972ecdd7ac@group-A236C1E6A57F: changes role from  FOLLOWER to FOLLOWER at term 62 for recognizeCandidate:09ea8095-e0f7-4a15-a25f-71748f8d4e7f
2019-10-17 18:39:19,216 [grpc-default-executor-4] INFO  impl.RoleInfo (RoleInfo.java:shutdownFollowerState(121)) - 0d68154c-bc1a-4b17-bcf5-90972ecdd7ac: shutdown FollowerState
2019-10-17 18:39:19,216 [grpc-default-executor-5] INFO  impl.RaftServerImpl (RaftServerImpl.java:setRole(184)) - 7b069786-c4de-4177-a49c-78057d3e7b27@group-A236C1E6A57F: changes role from  FOLLOWER to FOLLOWER at term 62 for recognizeCandidate:09ea8095-e0f7-4a15-a25f-71748f8d4e7f
2019-10-17 18:39:19,216 [Thread-1009] INFO  impl.FollowerState (FollowerState.java:run(117)) - 0d68154c-bc1a-4b17-bcf5-90972ecdd7ac@group-A236C1E6A57F-FollowerState was interrupted: java.lang.InterruptedException: sleep interrupted
2019-10-17 18:39:19,216 [grpc-default-executor-4] INFO  impl.RoleInfo (RoleInfo.java:updateAndGet(143)) - 0d68154c-bc1a-4b17-bcf5-90972ecdd7ac: start FollowerState
2019-10-17 18:39:19,216 [grpc-default-executor-5] INFO  impl.RoleInfo (RoleInfo.java:shutdownFollowerState(121)) - 7b069786-c4de-4177-a49c-78057d3e7b27: shutdown FollowerState
2019-10-17 18:39:19,217 [grpc-default-executor-5] INFO  impl.RoleInfo (RoleInfo.java:updateAndGet(143)) - 7b069786-c4de-4177-a49c-78057d3e7b27: start FollowerState
2019-10-17 18:39:19,217 [Thread-1010] INFO  impl.FollowerState (FollowerState.java:run(117)) - 7b069786-c4de-4177-a49c-78057d3e7b27@group-A236C1E6A57F-FollowerState was interrupted: java.lang.InterruptedException: sleep interrupted
2019-10-17 18:39:19,230 [Thread-1020] INFO  client.GrpcClientProtocolService (GrpcClientProtocolService.java:lambda$processClientRequest$0(278)) - Failed RaftClientRequest:client-79966ACA1C67->7b069786-c4de-4177-a49c-78057d3e7b27@group-A236C1E6A57F, cid=10, seq=0, Watch-ALL_COMMITTED(8), Message:<EMPTY>, reply=RaftClientReply:client-79966ACA1C67->7b069786-c4de-4177-a49c-78057d3e7b27@group-A236C1E6A57F, cid=10, FAILED org.apache.ratis.protocol.NotLeaderException: Server 7b069786-c4de-4177-a49c-78057d3e7b27@group-A236C1E6A57F is not the leader, logIndex=0, commits[7b069786-c4de-4177-a49c-78057d3e7b27:c12, 0d68154c-bc1a-4b17-bcf5-90972ecdd7ac:c12, 09ea8095-e0f7-4a15-a25f-71748f8d4e7f:c6]
2019-10-17 18:39:19,233 [09ea8095-e0f7-4a15-a25f-71748f8d4e7f@group-A236C1E6A57F-LeaderElection65] INFO  impl.LeaderElection (LeaderElection.java:logAndReturn(56)) - 09ea8095-e0f7-4a15-a25f-71748f8d4e7f@group-A236C1E6A57F-LeaderElection65: Election REJECTED; received 2 response(s) [09ea8095-e0f7-4a15-a25f-71748f8d4e7f<-7b069786-c4de-4177-a49c-78057d3e7b27#0:FAIL-t62, 09ea8095-e0f7-4a15-a25f-71748f8d4e7f<-0d68154c-bc1a-4b17-bcf5-90972ecdd7ac#0:FAIL-t62] and 0 exception(s); 09ea8095-e0f7-4a15-a25f-71748f8d4e7f@group-A236C1E6A57F:t62, leader=null, voted=09ea8095-e0f7-4a15-a25f-71748f8d4e7f, raftlog=09ea8095-e0f7-4a15-a25f-71748f8d4e7f@group-A236C1E6A57F-SegmentedRaftLog:OPENED:c5,f6,i6, conf=1: [7b069786-c4de-4177-a49c-78057d3e7b27:192.168.157.251:46071, 0d68154c-bc1a-4b17-bcf5-90972ecdd7ac:192.168.157.251:40580, 09ea8095-e0f7-4a15-a25f-71748f8d4e7f:192.168.157.251:43128], old=null
2019-10-17 18:39:19,234 [09ea8095-e0f7-4a15-a25f-71748f8d4e7f@group-A236C1E6A57F-LeaderElection65] INFO  impl.RaftServerImpl (RaftServerImpl.java:setRole(184)) - 09ea8095-e0f7-4a15-a25f-71748f8d4e7f@group-A236C1E6A57F: changes role from CANDIDATE to FOLLOWER at term 62 for DISCOVERED_A_NEW_TERM
2019-10-17 18:39:19,234 [09ea8095-e0f7-4a15-a25f-71748f8d4e7f@group-A236C1E6A57F-LeaderElection65] INFO  impl.RoleInfo (RoleInfo.java:shutdownLeaderElection(134)) - 09ea8095-e0f7-4a15-a25f-71748f8d4e7f: shutdown LeaderElection
2019-10-17 18:39:19,235 [09ea8095-e0f7-4a15-a25f-71748f8d4e7f@group-A236C1E6A57F-LeaderElection65] INFO  impl.RoleInfo (RoleInfo.java:updateAndGet(143)) - 09ea8095-e0f7-4a15-a25f-71748f8d4e7f: start FollowerState
2019-10-17 18:39:19,328 [Thread-1022] INFO  impl.FollowerState (FollowerState.java:run(108)) - 09ea8095-e0f7-4a15-a25f-71748f8d4e7f@group-A236C1E6A57F-FollowerState: change to CANDIDATE, lastRpcTime:93ms, electionTimeout:91ms
2019-10-17 18:39:19,329 [Thread-1022] INFO  impl.RoleInfo (RoleInfo.java:shutdownFollowerState(121)) - 09ea8095-e0f7-4a15-a25f-71748f8d4e7f: shutdown FollowerState
2019-10-17 18:39:19,329 [Thread-1022] INFO  impl.RaftServerImpl (RaftServerImpl.java:setRole(184)) - 09ea8095-e0f7-4a15-a25f-71748f8d4e7f@group-A236C1E6A57F: changes role from  FOLLOWER to CANDIDATE at term 62 for changeToCandidate
2019-10-17 18:39:19,329 [Thread-1022] INFO  impl.RoleInfo (RoleInfo.java:updateAndGet(143)) - 09ea8095-e0f7-4a15-a25f-71748f8d4e7f: start LeaderElection
2019-10-17 18:39:19,335 [EventQueue-DeleteBlockStatusForEventWatcher$$Lambda$30/637241618] WARN  events.EventWatcher (EventWatcher.java:lambda$start$0(110)) - Completion event without active lease. Id=1571337549098
2019-10-17 18:39:19,335 [EventQueue-DeleteBlockStatusForDeletedBlockLogImpl] WARN  block.DeletedBlockLogImpl (DeletedBlockLogImpl.java:commitTransactions(205)) - Transaction txId=1 commit by dnId=09ea8095-e0f7-4a15-a25f-71748f8d4e7f for containerID=#1 failed. Corresponding entry not found.
2019-10-17 18:39:19,344 [09ea8095-e0f7-4a15-a25f-71748f8d4e7f@group-A236C1E6A57F-LeaderElection66] INFO  impl.LeaderElection (LeaderElection.java:askForVotes(178)) - 09ea8095-e0f7-4a15-a25f-71748f8d4e7f@group-A236C1E6A57F-LeaderElection66: begin an election at term 63 for 1: [7b069786-c4de-4177-a49c-78057d3e7b27:192.168.157.251:46071, 0d68154c-bc1a-4b17-bcf5-90972ecdd7ac:192.168.157.251:40580, 09ea8095-e0f7-4a15-a25f-71748f8d4e7f:192.168.157.251:43128], old=null
2019-10-17 18:39:19,347 [grpc-default-executor-5] INFO  impl.RaftServerImpl (RaftServerImpl.java:setRole(184)) - 0d68154c-bc1a-4b17-bcf5-90972ecdd7ac@group-A236C1E6A57F: changes role from  FOLLOWER to FOLLOWER at term 63 for recognizeCandidate:09ea8095-e0f7-4a15-a25f-71748f8d4e7f
2019-10-17 18:39:19,347 [grpc-default-executor-4] INFO  impl.RaftServerImpl (RaftServerImpl.java:setRole(184)) - 7b069786-c4de-4177-a49c-78057d3e7b27@group-A236C1E6A57F: changes role from  FOLLOWER to FOLLOWER at term 63 for recognizeCandidate:09ea8095-e0f7-4a15-a25f-71748f8d4e7f
2019-10-17 18:39:19,347 [grpc-default-executor-5] INFO  impl.RoleInfo (RoleInfo.java:shutdownFollowerState(121)) - 0d68154c-bc1a-4b17-bcf5-90972ecdd7ac: shutdown FollowerState
2019-10-17 18:39:19,347 [grpc-default-executor-4] INFO  impl.RoleInfo (RoleInfo.java:shutdownFollowerState(121)) - 7b069786-c4de-4177-a49c-78057d3e7b27: shutdown FollowerState
2019-10-17 18:39:19,348 [Thread-1017] INFO  impl.FollowerState (FollowerState.java:run(117)) - 0d68154c-bc1a-4b17-bcf5-90972ecdd7ac@group-A236C1E6A57F-FollowerState was interrupted: java.lang.InterruptedException: sleep interrupted
2019-10-17 18:39:19,348 [grpc-default-executor-5] INFO  impl.RoleInfo (RoleInfo.java:updateAndGet(143)) - 0d68154c-bc1a-4b17-bcf5-90972ecdd7ac: start FollowerState
2019-10-17 18:39:19,348 [Thread-1018] INFO  impl.FollowerState (FollowerState.java:run(117)) - 7b069786-c4de-4177-a49c-78057d3e7b27@group-A236C1E6A57F-FollowerState was interrupted: java.lang.InterruptedException: sleep interrupted
2019-10-17 18:39:19,348 [grpc-default-executor-4] INFO  impl.RoleInfo (RoleInfo.java:updateAndGet(143)) - 7b069786-c4de-4177-a49c-78057d3e7b27: start FollowerState
2019-10-17 18:39:19,363 [09ea8095-e0f7-4a15-a25f-71748f8d4e7f@group-A236C1E6A57F-LeaderElection66] INFO  impl.LeaderElection (LeaderElection.java:logAndReturn(56)) - 09ea8095-e0f7-4a15-a25f-71748f8d4e7f@group-A236C1E6A57F-LeaderElection66: Election REJECTED; received 2 response(s) [09ea8095-e0f7-4a15-a25f-71748f8d4e7f<-7b069786-c4de-4177-a49c-78057d3e7b27#0:FAIL-t63, 09ea8095-e0f7-4a15-a25f-71748f8d4e7f<-0d68154c-bc1a-4b17-bcf5-90972ecdd7ac#0:FAIL-t63] and 0 exception(s); 09ea8095-e0f7-4a15-a25f-71748f8d4e7f@group-A236C1E6A57F:t63, leader=null, voted=09ea8095-e0f7-4a15-a25f-71748f8d4e7f, raftlog=09ea8095-e0f7-4a15-a25f-71748f8d4e7f@group-A236C1E6A57F-SegmentedRaftLog:OPENED:c5,f6,i6, conf=1: [7b069786-c4de-4177-a49c-78057d3e7b27:192.168.157.251:46071, 0d68154c-bc1a-4b17-bcf5-90972ecdd7ac:192.168.157.251:40580, 09ea8095-e0f7-4a15-a25f-71748f8d4e7f:192.168.157.251:43128], old=null
2019-10-17 18:39:19,363 [09ea8095-e0f7-4a15-a25f-71748f8d4e7f@group-A236C1E6A57F-LeaderElection66] INFO  impl.RaftServerImpl (RaftServerImpl.java:setRole(184)) - 09ea8095-e0f7-4a15-a25f-71748f8d4e7f@group-A236C1E6A57F: changes role from CANDIDATE to FOLLOWER at term 63 for DISCOVERED_A_NEW_TERM
2019-10-17 18:39:19,363 [09ea8095-e0f7-4a15-a25f-71748f8d4e7f@group-A236C1E6A57F-LeaderElection66] INFO  impl.RoleInfo (RoleInfo.java:shutdownLeaderElection(134)) - 09ea8095-e0f7-4a15-a25f-71748f8d4e7f: shutdown LeaderElection
2019-10-17 18:39:19,363 [09ea8095-e0f7-4a15-a25f-71748f8d4e7f@group-A236C1E6A57F-LeaderElection66] INFO  impl.RoleInfo (RoleInfo.java:updateAndGet(143)) - 09ea8095-e0f7-4a15-a25f-71748f8d4e7f: start FollowerState
2019-10-17 18:39:19,436 [Thread-1028] INFO  impl.FollowerState (FollowerState.java:run(108)) - 09ea8095-e0f7-4a15-a25f-71748f8d4e7f@group-A236C1E6A57F-FollowerState: change to CANDIDATE, lastRpcTime:72ms, electionTimeout:72ms
2019-10-17 18:39:19,436 [Thread-1028] INFO  impl.RoleInfo (RoleInfo.java:shutdownFollowerState(121)) - 09ea8095-e0f7-4a15-a25f-71748f8d4e7f: shutdown FollowerState
2019-10-17 18:39:19,436 [Thread-1028] INFO  impl.RaftServerImpl (RaftServerImpl.java:setRole(184)) - 09ea8095-e0f7-4a15-a25f-71748f8d4e7f@group-A236C1E6A57F: changes role from  FOLLOWER to CANDIDATE at term 63 for changeToCandidate
2019-10-17 18:39:19,436 [Thread-1028] INFO  impl.RoleInfo (RoleInfo.java:updateAndGet(143)) - 09ea8095-e0f7-4a15-a25f-71748f8d4e7f: start LeaderElection
2019-10-17 18:39:19,450 [09ea8095-e0f7-4a15-a25f-71748f8d4e7f@group-A236C1E6A57F-LeaderElection67] INFO  impl.LeaderElection (LeaderElection.java:askForVotes(178)) - 09ea8095-e0f7-4a15-a25f-71748f8d4e7f@group-A236C1E6A57F-LeaderElection67: begin an election at term 64 for 1: [7b069786-c4de-4177-a49c-78057d3e7b27:192.168.157.251:46071, 0d68154c-bc1a-4b17-bcf5-90972ecdd7ac:192.168.157.251:40580, 09ea8095-e0f7-4a15-a25f-71748f8d4e7f:192.168.157.251:43128], old=null
2019-10-17 18:39:19,452 [grpc-default-executor-4] INFO  impl.RaftServerImpl (RaftServerImpl.java:setRole(184)) - 7b069786-c4de-4177-a49c-78057d3e7b27@group-A236C1E6A57F: changes role from  FOLLOWER to FOLLOWER at term 64 for recognizeCandidate:09ea8095-e0f7-4a15-a25f-71748f8d4e7f
2019-10-17 18:39:19,452 [grpc-default-executor-5] INFO  impl.RaftServerImpl (RaftServerImpl.java:setRole(184)) - 0d68154c-bc1a-4b17-bcf5-90972ecdd7ac@group-A236C1E6A57F: changes role from  FOLLOWER to FOLLOWER at term 64 for recognizeCandidate:09ea8095-e0f7-4a15-a25f-71748f8d4e7f
2019-10-17 18:39:19,452 [grpc-default-executor-4] INFO  impl.RoleInfo (RoleInfo.java:shutdownFollowerState(121)) - 7b069786-c4de-4177-a49c-78057d3e7b27: shutdown FollowerState
2019-10-17 18:39:19,452 [grpc-default-executor-5] INFO  impl.RoleInfo (RoleInfo.java:shutdownFollowerState(121)) - 0d68154c-bc1a-4b17-bcf5-90972ecdd7ac: shutdown FollowerState
2019-10-17 18:39:19,452 [Thread-1027] INFO  impl.FollowerState (FollowerState.java:run(117)) - 7b069786-c4de-4177-a49c-78057d3e7b27@group-A236C1E6A57F-FollowerState was interrupted: java.lang.InterruptedException: sleep interrupted
2019-10-17 18:39:19,452 [grpc-default-executor-4] INFO  impl.RoleInfo (RoleInfo.java:updateAndGet(143)) - 7b069786-c4de-4177-a49c-78057d3e7b27: start FollowerState
2019-10-17 18:39:19,453 [Thread-1026] INFO  impl.FollowerState (FollowerState.java:run(117)) - 0d68154c-bc1a-4b17-bcf5-90972ecdd7ac@group-A236C1E6A57F-FollowerState was interrupted: java.lang.InterruptedException: sleep interrupted
2019-10-17 18:39:19,453 [grpc-default-executor-5] INFO  impl.RoleInfo (RoleInfo.java:updateAndGet(143)) - 0d68154c-bc1a-4b17-bcf5-90972ecdd7ac: start FollowerState
2019-10-17 18:39:19,469 [09ea8095-e0f7-4a15-a25f-71748f8d4e7f@group-A236C1E6A57F-LeaderElection67] INFO  impl.LeaderElection (LeaderElection.java:logAndReturn(56)) - 09ea8095-e0f7-4a15-a25f-71748f8d4e7f@group-A236C1E6A57F-LeaderElection67: Election REJECTED; received 2 response(s) [09ea8095-e0f7-4a15-a25f-71748f8d4e7f<-7b069786-c4de-4177-a49c-78057d3e7b27#0:FAIL-t64, 09ea8095-e0f7-4a15-a25f-71748f8d4e7f<-0d68154c-bc1a-4b17-bcf5-90972ecdd7ac#0:FAIL-t64] and 0 exception(s); 09ea8095-e0f7-4a15-a25f-71748f8d4e7f@group-A236C1E6A57F:t64, leader=null, voted=09ea8095-e0f7-4a15-a25f-71748f8d4e7f, raftlog=09ea8095-e0f7-4a15-a25f-71748f8d4e7f@group-A236C1E6A57F-SegmentedRaftLog:OPENED:c5,f6,i6, conf=1: [7b069786-c4de-4177-a49c-78057d3e7b27:192.168.157.251:46071, 0d68154c-bc1a-4b17-bcf5-90972ecdd7ac:192.168.157.251:40580, 09ea8095-e0f7-4a15-a25f-71748f8d4e7f:192.168.157.251:43128], old=null
2019-10-17 18:39:19,469 [09ea8095-e0f7-4a15-a25f-71748f8d4e7f@group-A236C1E6A57F-LeaderElection67] INFO  impl.RaftServerImpl (RaftServerImpl.java:setRole(184)) - 09ea8095-e0f7-4a15-a25f-71748f8d4e7f@group-A236C1E6A57F: changes role from CANDIDATE to FOLLOWER at term 64 for DISCOVERED_A_NEW_TERM
2019-10-17 18:39:19,469 [09ea8095-e0f7-4a15-a25f-71748f8d4e7f@group-A236C1E6A57F-LeaderElection67] INFO  impl.RoleInfo (RoleInfo.java:shutdownLeaderElection(134)) - 09ea8095-e0f7-4a15-a25f-71748f8d4e7f: shutdown LeaderElection
2019-10-17 18:39:19,470 [09ea8095-e0f7-4a15-a25f-71748f8d4e7f@group-A236C1E6A57F-LeaderElection67] INFO  impl.RoleInfo (RoleInfo.java:updateAndGet(143)) - 09ea8095-e0f7-4a15-a25f-71748f8d4e7f: start FollowerState
2019-10-17 18:39:19,649 [Thread-1034] INFO  impl.FollowerState (FollowerState.java:run(108)) - 09ea8095-e0f7-4a15-a25f-71748f8d4e7f@group-A236C1E6A57F-FollowerState: change to CANDIDATE, lastRpcTime:179ms, electionTimeout:179ms
2019-10-17 18:39:19,649 [Thread-1034] INFO  impl.RoleInfo (RoleInfo.java:shutdownFollowerState(121)) - 09ea8095-e0f7-4a15-a25f-71748f8d4e7f: shutdown FollowerState
2019-10-17 18:39:19,650 [Thread-1034] INFO  impl.RaftServerImpl (RaftServerImpl.java:setRole(184)) - 09ea8095-e0f7-4a15-a25f-71748f8d4e7f@group-A236C1E6A57F: changes role from  FOLLOWER to CANDIDATE at term 64 for changeToCandidate
2019-10-17 18:39:19,650 [Thread-1034] INFO  impl.RoleInfo (RoleInfo.java:updateAndGet(143)) - 09ea8095-e0f7-4a15-a25f-71748f8d4e7f: start LeaderElection
2019-10-17 18:39:19,663 [09ea8095-e0f7-4a15-a25f-71748f8d4e7f@group-A236C1E6A57F-LeaderElection68] INFO  impl.LeaderElection (LeaderElection.java:askForVotes(178)) - 09ea8095-e0f7-4a15-a25f-71748f8d4e7f@group-A236C1E6A57F-LeaderElection68: begin an election at term 65 for 1: [7b069786-c4de-4177-a49c-78057d3e7b27:192.168.157.251:46071, 0d68154c-bc1a-4b17-bcf5-90972ecdd7ac:192.168.157.251:40580, 09ea8095-e0f7-4a15-a25f-71748f8d4e7f:192.168.157.251:43128], old=null
2019-10-17 18:39:19,666 [grpc-default-executor-5] INFO  impl.RaftServerImpl (RaftServerImpl.java:setRole(184)) - 7b069786-c4de-4177-a49c-78057d3e7b27@group-A236C1E6A57F: changes role from  FOLLOWER to FOLLOWER at term 65 for recognizeCandidate:09ea8095-e0f7-4a15-a25f-71748f8d4e7f
2019-10-17 18:39:19,666 [grpc-default-executor-4] INFO  impl.RaftServerImpl (RaftServerImpl.java:setRole(184)) - 0d68154c-bc1a-4b17-bcf5-90972ecdd7ac@group-A236C1E6A57F: changes role from  FOLLOWER to FOLLOWER at term 65 for recognizeCandidate:09ea8095-e0f7-4a15-a25f-71748f8d4e7f
2019-10-17 18:39:19,667 [grpc-default-executor-5] INFO  impl.RoleInfo (RoleInfo.java:shutdownFollowerState(121)) - 7b069786-c4de-4177-a49c-78057d3e7b27: shutdown FollowerState
2019-10-17 18:39:19,667 [grpc-default-executor-4] INFO  impl.RoleInfo (RoleInfo.java:shutdownFollowerState(121)) - 0d68154c-bc1a-4b17-bcf5-90972ecdd7ac: shutdown FollowerState
2019-10-17 18:39:19,667 [Thread-1032] INFO  impl.FollowerState (FollowerState.java:run(117)) - 7b069786-c4de-4177-a49c-78057d3e7b27@group-A236C1E6A57F-FollowerState was interrupted: java.lang.InterruptedException: sleep interrupted
2019-10-17 18:39:19,667 [grpc-default-executor-4] INFO  impl.RoleInfo (RoleInfo.java:updateAndGet(143)) - 0d68154c-bc1a-4b17-bcf5-90972ecdd7ac: start FollowerState
2019-10-17 18:39:19,667 [grpc-default-executor-5] INFO  impl.RoleInfo (RoleInfo.java:updateAndGet(143)) - 7b069786-c4de-4177-a49c-78057d3e7b27: start FollowerState
2019-10-17 18:39:19,667 [Thread-1033] INFO  impl.FollowerState (FollowerState.java:run(117)) - 0d68154c-bc1a-4b17-bcf5-90972ecdd7ac@group-A236C1E6A57F-FollowerState was interrupted: java.lang.InterruptedException: sleep interrupted
2019-10-17 18:39:19,682 [09ea8095-e0f7-4a15-a25f-71748f8d4e7f@group-A236C1E6A57F-LeaderElection68] INFO  impl.LeaderElection (LeaderElection.java:logAndReturn(56)) - 09ea8095-e0f7-4a15-a25f-71748f8d4e7f@group-A236C1E6A57F-LeaderElection68: Election REJECTED; received 2 response(s) [09ea8095-e0f7-4a15-a25f-71748f8d4e7f<-7b069786-c4de-4177-a49c-78057d3e7b27#0:FAIL-t65, 09ea8095-e0f7-4a15-a25f-71748f8d4e7f<-0d68154c-bc1a-4b17-bcf5-90972ecdd7ac#0:FAIL-t65] and 0 exception(s); 09ea8095-e0f7-4a15-a25f-71748f8d4e7f@group-A236C1E6A57F:t65, leader=null, voted=09ea8095-e0f7-4a15-a25f-71748f8d4e7f, raftlog=09ea8095-e0f7-4a15-a25f-71748f8d4e7f@group-A236C1E6A57F-SegmentedRaftLog:OPENED:c5,f6,i6, conf=1: [7b069786-c4de-4177-a49c-78057d3e7b27:192.168.157.251:46071, 0d68154c-bc1a-4b17-bcf5-90972ecdd7ac:192.168.157.251:40580, 09ea8095-e0f7-4a15-a25f-71748f8d4e7f:192.168.157.251:43128], old=null
2019-10-17 18:39:19,682 [09ea8095-e0f7-4a15-a25f-71748f8d4e7f@group-A236C1E6A57F-LeaderElection68] INFO  impl.RaftServerImpl (RaftServerImpl.java:setRole(184)) - 09ea8095-e0f7-4a15-a25f-71748f8d4e7f@group-A236C1E6A57F: changes role from CANDIDATE to FOLLOWER at term 65 for DISCOVERED_A_NEW_TERM
2019-10-17 18:39:19,682 [09ea8095-e0f7-4a15-a25f-71748f8d4e7f@group-A236C1E6A57F-LeaderElection68] INFO  impl.RoleInfo (RoleInfo.java:shutdownLeaderElection(134)) - 09ea8095-e0f7-4a15-a25f-71748f8d4e7f: shutdown LeaderElection
2019-10-17 18:39:19,683 [09ea8095-e0f7-4a15-a25f-71748f8d4e7f@group-A236C1E6A57F-LeaderElection68] INFO  impl.RoleInfo (RoleInfo.java:updateAndGet(143)) - 09ea8095-e0f7-4a15-a25f-71748f8d4e7f: start FollowerState
2019-10-17 18:39:19,831 [Thread-1040] INFO  impl.FollowerState (FollowerState.java:run(108)) - 09ea8095-e0f7-4a15-a25f-71748f8d4e7f@group-A236C1E6A57F-FollowerState: change to CANDIDATE, lastRpcTime:148ms, electionTimeout:148ms
2019-10-17 18:39:19,832 [Thread-1040] INFO  impl.RoleInfo (RoleInfo.java:shutdownFollowerState(121)) - 09ea8095-e0f7-4a15-a25f-71748f8d4e7f: shutdown FollowerState
2019-10-17 18:39:19,832 [Thread-1040] INFO  impl.RaftServerImpl (RaftServerImpl.java:setRole(184)) - 09ea8095-e0f7-4a15-a25f-71748f8d4e7f@group-A236C1E6A57F: changes role from  FOLLOWER to CANDIDATE at term 65 for changeToCandidate
2019-10-17 18:39:19,832 [Thread-1040] INFO  impl.RoleInfo (RoleInfo.java:updateAndGet(143)) - 09ea8095-e0f7-4a15-a25f-71748f8d4e7f: start LeaderElection
2019-10-17 18:39:19,846 [09ea8095-e0f7-4a15-a25f-71748f8d4e7f@group-A236C1E6A57F-LeaderElection69] INFO  impl.LeaderElection (LeaderElection.java:askForVotes(178)) - 09ea8095-e0f7-4a15-a25f-71748f8d4e7f@group-A236C1E6A57F-LeaderElection69: begin an election at term 66 for 1: [7b069786-c4de-4177-a49c-78057d3e7b27:192.168.157.251:46071, 0d68154c-bc1a-4b17-bcf5-90972ecdd7ac:192.168.157.251:40580, 09ea8095-e0f7-4a15-a25f-71748f8d4e7f:192.168.157.251:43128], old=null
2019-10-17 18:39:19,849 [grpc-default-executor-5] INFO  impl.RaftServerImpl (RaftServerImpl.java:setRole(184)) - 0d68154c-bc1a-4b17-bcf5-90972ecdd7ac@group-A236C1E6A57F: changes role from  FOLLOWER to FOLLOWER at term 66 for recognizeCandidate:09ea8095-e0f7-4a15-a25f-71748f8d4e7f
2019-10-17 18:39:19,849 [grpc-default-executor-4] INFO  impl.RaftServerImpl (RaftServerImpl.java:setRole(184)) - 7b069786-c4de-4177-a49c-78057d3e7b27@group-A236C1E6A57F: changes role from  FOLLOWER to FOLLOWER at term 66 for recognizeCandidate:09ea8095-e0f7-4a15-a25f-71748f8d4e7f
2019-10-17 18:39:19,849 [grpc-default-executor-5] INFO  impl.RoleInfo (RoleInfo.java:shutdownFollowerState(121)) - 0d68154c-bc1a-4b17-bcf5-90972ecdd7ac: shutdown FollowerState
2019-10-17 18:39:19,849 [grpc-default-executor-4] INFO  impl.RoleInfo (RoleInfo.java:shutdownFollowerState(121)) - 7b069786-c4de-4177-a49c-78057d3e7b27: shutdown FollowerState
2019-10-17 18:39:19,849 [grpc-default-executor-5] INFO  impl.RoleInfo (RoleInfo.java:updateAndGet(143)) - 0d68154c-bc1a-4b17-bcf5-90972ecdd7ac: start FollowerState
2019-10-17 18:39:19,850 [Thread-1038] INFO  impl.FollowerState (FollowerState.java:run(117)) - 7b069786-c4de-4177-a49c-78057d3e7b27@group-A236C1E6A57F-FollowerState was interrupted: java.lang.InterruptedException: sleep interrupted
2019-10-17 18:39:19,850 [grpc-default-executor-4] INFO  impl.RoleInfo (RoleInfo.java:updateAndGet(143)) - 7b069786-c4de-4177-a49c-78057d3e7b27: start FollowerState
2019-10-17 18:39:19,849 [Thread-1039] INFO  impl.FollowerState (FollowerState.java:run(117)) - 0d68154c-bc1a-4b17-bcf5-90972ecdd7ac@group-A236C1E6A57F-FollowerState was interrupted: java.lang.InterruptedException: sleep interrupted
2019-10-17 18:39:19,861 [09ea8095-e0f7-4a15-a25f-71748f8d4e7f@group-A236C1E6A57F-LeaderElection69] INFO  impl.LeaderElection (LeaderElection.java:logAndReturn(56)) - 09ea8095-e0f7-4a15-a25f-71748f8d4e7f@group-A236C1E6A57F-LeaderElection69: Election REJECTED; received 2 response(s) [09ea8095-e0f7-4a15-a25f-71748f8d4e7f<-7b069786-c4de-4177-a49c-78057d3e7b27#0:FAIL-t66, 09ea8095-e0f7-4a15-a25f-71748f8d4e7f<-0d68154c-bc1a-4b17-bcf5-90972ecdd7ac#0:FAIL-t66] and 0 exception(s); 09ea8095-e0f7-4a15-a25f-71748f8d4e7f@group-A236C1E6A57F:t66, leader=null, voted=09ea8095-e0f7-4a15-a25f-71748f8d4e7f, raftlog=09ea8095-e0f7-4a15-a25f-71748f8d4e7f@group-A236C1E6A57F-SegmentedRaftLog:OPENED:c5,f6,i6, conf=1: [7b069786-c4de-4177-a49c-78057d3e7b27:192.168.157.251:46071, 0d68154c-bc1a-4b17-bcf5-90972ecdd7ac:192.168.157.251:40580, 09ea8095-e0f7-4a15-a25f-71748f8d4e7f:192.168.157.251:43128], old=null
2019-10-17 18:39:19,861 [09ea8095-e0f7-4a15-a25f-71748f8d4e7f@group-A236C1E6A57F-LeaderElection69] INFO  impl.RaftServerImpl (RaftServerImpl.java:setRole(184)) - 09ea8095-e0f7-4a15-a25f-71748f8d4e7f@group-A236C1E6A57F: changes role from CANDIDATE to FOLLOWER at term 66 for DISCOVERED_A_NEW_TERM
2019-10-17 18:39:19,861 [09ea8095-e0f7-4a15-a25f-71748f8d4e7f@group-A236C1E6A57F-LeaderElection69] INFO  impl.RoleInfo (RoleInfo.java:shutdownLeaderElection(134)) - 09ea8095-e0f7-4a15-a25f-71748f8d4e7f: shutdown LeaderElection
2019-10-17 18:39:19,862 [09ea8095-e0f7-4a15-a25f-71748f8d4e7f@group-A236C1E6A57F-LeaderElection69] INFO  impl.RoleInfo (RoleInfo.java:updateAndGet(143)) - 09ea8095-e0f7-4a15-a25f-71748f8d4e7f: start FollowerState
]]></system-out>
    <system-err><![CDATA[ERROR StatusLogger No Log4j 2 configuration file found. Using default configuration (logging only errors to the console), or user programmatically provided configurations. Set system property 'log4j2.debug' to show Log4j 2 internal initialization logging. See https://logging.apache.org/log4j/2.x/manual/configuration.html for instructions on how to configure Log4j 2
Oct 17, 2019 6:37:33 PM org.apache.ratis.thirdparty.io.grpc.internal.SerializingExecutor run
SEVERE: Exception while executing runnable org.apache.ratis.thirdparty.io.grpc.internal.ServerImpl$JumpToApplicationThreadServerStreamListener$1Closed@270b6907
org.apache.ratis.thirdparty.io.grpc.StatusRuntimeException: CANCELLED: call already cancelled
	at org.apache.ratis.thirdparty.io.grpc.Status.asRuntimeException(Status.java:517)
	at org.apache.ratis.thirdparty.io.grpc.stub.ServerCalls$ServerCallStreamObserverImpl.onCompleted(ServerCalls.java:356)
	at org.apache.ratis.grpc.server.GrpcServerProtocolService$ServerRequestStreamObserver.onError(GrpcServerProtocolService.java:121)
	at org.apache.ratis.thirdparty.io.grpc.stub.ServerCalls$StreamingServerCallHandler$StreamingServerCallListener.onCancel(ServerCalls.java:269)
	at org.apache.ratis.thirdparty.io.grpc.internal.ServerCallImpl$ServerStreamListenerImpl.closed(ServerCallImpl.java:293)
	at org.apache.ratis.thirdparty.io.grpc.internal.ServerImpl$JumpToApplicationThreadServerStreamListener$1Closed.runInContext(ServerImpl.java:741)
	at org.apache.ratis.thirdparty.io.grpc.internal.ContextRunnable.run(ContextRunnable.java:37)
	at org.apache.ratis.thirdparty.io.grpc.internal.SerializingExecutor.run(SerializingExecutor.java:123)
	at java.util.concurrent.ThreadPoolExecutor.runWorker(ThreadPoolExecutor.java:1149)
	at java.util.concurrent.ThreadPoolExecutor$Worker.run(ThreadPoolExecutor.java:624)
	at java.lang.Thread.run(Thread.java:748)

Oct 17, 2019 6:37:33 PM org.apache.ratis.thirdparty.io.grpc.internal.SerializingExecutor run
SEVERE: Exception while executing runnable org.apache.ratis.thirdparty.io.grpc.internal.ClientCallImpl$ClientStreamListenerImpl$1StreamClosed@77f7f2da
java.lang.NullPointerException
	at org.apache.ratis.grpc.server.GrpcLogAppender$AppendLogResponseHandler.onError(GrpcLogAppender.java:303)
	at org.apache.ratis.thirdparty.io.grpc.stub.ClientCalls$StreamObserverToCallListenerAdapter.onClose(ClientCalls.java:434)
	at org.apache.ratis.thirdparty.io.grpc.PartialForwardingClientCallListener.onClose(PartialForwardingClientCallListener.java:39)
	at org.apache.ratis.thirdparty.io.grpc.ForwardingClientCallListener.onClose(ForwardingClientCallListener.java:23)
	at org.apache.ratis.thirdparty.io.grpc.ForwardingClientCallListener$SimpleForwardingClientCallListener.onClose(ForwardingClientCallListener.java:40)
	at org.apache.ratis.thirdparty.io.grpc.internal.CensusStatsModule$StatsClientInterceptor$1$1.onClose(CensusStatsModule.java:678)
	at org.apache.ratis.thirdparty.io.grpc.PartialForwardingClientCallListener.onClose(PartialForwardingClientCallListener.java:39)
	at org.apache.ratis.thirdparty.io.grpc.ForwardingClientCallListener.onClose(ForwardingClientCallListener.java:23)
	at org.apache.ratis.thirdparty.io.grpc.ForwardingClientCallListener$SimpleForwardingClientCallListener.onClose(ForwardingClientCallListener.java:40)
	at org.apache.ratis.thirdparty.io.grpc.internal.CensusTracingModule$TracingClientInterceptor$1$1.onClose(CensusTracingModule.java:397)
	at org.apache.ratis.thirdparty.io.grpc.internal.ClientCallImpl.closeObserver(ClientCallImpl.java:459)
	at org.apache.ratis.thirdparty.io.grpc.internal.ClientCallImpl.access$300(ClientCallImpl.java:63)
	at org.apache.ratis.thirdparty.io.grpc.internal.ClientCallImpl$ClientStreamListenerImpl.close(ClientCallImpl.java:546)
	at org.apache.ratis.thirdparty.io.grpc.internal.ClientCallImpl$ClientStreamListenerImpl.access$600(ClientCallImpl.java:467)
	at org.apache.ratis.thirdparty.io.grpc.internal.ClientCallImpl$ClientStreamListenerImpl$1StreamClosed.runInContext(ClientCallImpl.java:584)
	at org.apache.ratis.thirdparty.io.grpc.internal.ContextRunnable.run(ContextRunnable.java:37)
	at org.apache.ratis.thirdparty.io.grpc.internal.SerializingExecutor.run(SerializingExecutor.java:123)
	at java.util.concurrent.ThreadPoolExecutor.runWorker(ThreadPoolExecutor.java:1149)
	at java.util.concurrent.ThreadPoolExecutor$Worker.run(ThreadPoolExecutor.java:624)
	at java.lang.Thread.run(Thread.java:748)

]]></system-err>
  </testcase>
</testsuite>