<?xml version="1.0" encoding="UTF-8"?>
<testsuite xmlns:xsi="http://www.w3.org/2001/XMLSchema-instance" xsi:noNamespaceSchemaLocation="https://maven.apache.org/surefire/maven-surefire-plugin/xsd/surefire-test-report.xsd" name="org.apache.hadoop.ozone.client.rpc.TestMultiBlockWritesWithDnFailures" time="153.125" tests="2" errors="0" skipped="0" failures="1">
  <properties>
    <property name="awt.toolkit" value="sun.awt.X11.XToolkit"/>
    <property name="file.encoding.pkg" value="sun.io"/>
    <property name="java.specification.version" value="1.8"/>
    <property name="sun.cpu.isalist" value=""/>
    <property name="sun.jnu.encoding" value="ANSI_X3.4-1968"/>
    <property name="java.class.path" value="/workdir/hadoop-ozone/integration-test/target/test-classes:/workdir/hadoop-ozone/integration-test/target/classes:/home/user/.m2/repository/org/apache/hadoop/hadoop-ozone-common/0.5.0-SNAPSHOT/hadoop-ozone-common-0.5.0-SNAPSHOT.jar:/home/user/.m2/repository/org/apache/commons/commons-compress/1.4.1/commons-compress-1.4.1.jar:/home/user/.m2/repository/org/tukaani/xz/1.0/xz-1.0.jar:/home/user/.m2/repository/org/apache/hadoop/hadoop-common/3.2.0/hadoop-common-3.2.0.jar:/home/user/.m2/repository/org/apache/hadoop/hadoop-hdfs/3.2.0/hadoop-hdfs-3.2.0.jar:/home/user/.m2/repository/org/apache/hadoop/hadoop-hdfs-client/3.2.0/hadoop-hdfs-client-3.2.0.jar:/home/user/.m2/repository/com/fasterxml/jackson/core/jackson-annotations/2.9.9/jackson-annotations-2.9.9.jar:/home/user/.m2/repository/org/apache/hadoop/hadoop-hdds-common/0.5.0-SNAPSHOT/hadoop-hdds-common-0.5.0-SNAPSHOT.jar:/home/user/.m2/repository/javax/annotation/javax.annotation-api/1.2/javax.annotation-api-1.2.jar:/home/user/.m2/repository/org/apache/ratis/ratis-server/0.5.0-3f446aa-SNAPSHOT/ratis-server-0.5.0-3f446aa-SNAPSHOT.jar:/home/user/.m2/repository/org/apache/ratis/ratis-thirdparty-misc/0.2.0/ratis-thirdparty-misc-0.2.0.jar:/home/user/.m2/repository/org/apache/ratis/ratis-proto/0.5.0-3f446aa-SNAPSHOT/ratis-proto-0.5.0-3f446aa-SNAPSHOT.jar:/home/user/.m2/repository/org/apache/ratis/ratis-common/0.5.0-3f446aa-SNAPSHOT/ratis-common-0.5.0-3f446aa-SNAPSHOT.jar:/home/user/.m2/repository/org/apache/ratis/ratis-client/0.5.0-3f446aa-SNAPSHOT/ratis-client-0.5.0-3f446aa-SNAPSHOT.jar:/home/user/.m2/repository/org/apache/ratis/ratis-metrics/0.5.0-3f446aa-SNAPSHOT/ratis-metrics-0.5.0-3f446aa-SNAPSHOT.jar:/home/user/.m2/repository/com/github/joshelser/dropwizard-metrics-hadoop-metrics2-reporter/0.1.2/dropwizard-metrics-hadoop-metrics2-reporter-0.1.2.jar:/home/user/.m2/repository/io/dropwizard/metrics/metrics-jvm/3.2.5/metrics-jvm-3.2.5.jar:/home/user/.m2/repository/io/dropwizard/metrics/metrics-ganglia/3.2.5/metrics-ganglia-3.2.5.jar:/home/user/.m2/repository/info/ganglia/gmetric4j/gmetric4j/1.0.7/gmetric4j-1.0.7.jar:/home/user/.m2/repository/org/apache/ratis/ratis-netty/0.5.0-3f446aa-SNAPSHOT/ratis-netty-0.5.0-3f446aa-SNAPSHOT.jar:/home/user/.m2/repository/org/apache/ratis/ratis-grpc/0.5.0-3f446aa-SNAPSHOT/ratis-grpc-0.5.0-3f446aa-SNAPSHOT.jar:/home/user/.m2/repository/org/rocksdb/rocksdbjni/6.0.1/rocksdbjni-6.0.1.jar:/home/user/.m2/repository/org/apache/logging/log4j/log4j-api/2.11.0/log4j-api-2.11.0.jar:/home/user/.m2/repository/org/apache/logging/log4j/log4j-core/2.11.0/log4j-core-2.11.0.jar:/home/user/.m2/repository/com/lmax/disruptor/3.4.2/disruptor-3.4.2.jar:/home/user/.m2/repository/org/apache/commons/commons-pool2/2.6.0/commons-pool2-2.6.0.jar:/home/user/.m2/repository/org/bouncycastle/bcpkix-jdk15on/1.60/bcpkix-jdk15on-1.60.jar:/home/user/.m2/repository/commons-validator/commons-validator/1.6/commons-validator-1.6.jar:/home/user/.m2/repository/commons-digester/commons-digester/1.8.1/commons-digester-1.8.1.jar:/home/user/.m2/repository/io/jaegertracing/jaeger-client/0.34.0/jaeger-client-0.34.0.jar:/home/user/.m2/repository/io/jaegertracing/jaeger-thrift/0.34.0/jaeger-thrift-0.34.0.jar:/home/user/.m2/repository/org/apache/thrift/libthrift/0.12.0/libthrift-0.12.0.jar:/home/user/.m2/repository/com/squareup/okhttp3/okhttp/3.9.0/okhttp-3.9.0.jar:/home/user/.m2/repository/com/squareup/okio/okio/1.13.0/okio-1.13.0.jar:/home/user/.m2/repository/io/jaegertracing/jaeger-core/0.34.0/jaeger-core-0.34.0.jar:/home/user/.m2/repository/io/jaegertracing/jaeger-tracerresolver/0.34.0/jaeger-tracerresolver-0.34.0.jar:/home/user/.m2/repository/io/opentracing/contrib/opentracing-tracerresolver/0.1.5/opentracing-tracerresolver-0.1.5.jar:/home/user/.m2/repository/io/opentracing/opentracing-util/0.31.0/opentracing-util-0.31.0.jar:/home/user/.m2/repository/io/opentracing/opentracing-api/0.31.0/opentracing-api-0.31.0.jar:/home/user/.m2/repository/io/opentracing/opentracing-noop/0.31.0/opentracing-noop-0.31.0.jar:/home/user/.m2/repository/org/apache/hadoop/hadoop-hdds-server-framework/0.5.0-SNAPSHOT/hadoop-hdds-server-framework-0.5.0-SNAPSHOT.jar:/home/user/.m2/repository/org/apache/hadoop/hadoop-hdds-container-service/0.5.0-SNAPSHOT/hadoop-hdds-container-service-0.5.0-SNAPSHOT.jar:/home/user/.m2/repository/org/apache/hadoop/hadoop-hdds-client/0.5.0-SNAPSHOT/hadoop-hdds-client-0.5.0-SNAPSHOT.jar:/home/user/.m2/repository/org/apache/hadoop/hadoop-hdds-tools/0.5.0-SNAPSHOT/hadoop-hdds-tools-0.5.0-SNAPSHOT.jar:/home/user/.m2/repository/org/apache/hadoop/hadoop-hdds-server-scm/0.5.0-SNAPSHOT/hadoop-hdds-server-scm-0.5.0-SNAPSHOT.jar:/home/user/.m2/repository/org/apache/hadoop/hadoop-hdds-docs/0.5.0-SNAPSHOT/hadoop-hdds-docs-0.5.0-SNAPSHOT.jar:/home/user/.m2/repository/io/dropwizard/metrics/metrics-core/3.2.4/metrics-core-3.2.4.jar:/home/user/.m2/repository/org/hamcrest/hamcrest-all/1.3/hamcrest-all-1.3.jar:/home/user/.m2/repository/org/bouncycastle/bcprov-jdk15on/1.60/bcprov-jdk15on-1.60.jar:/home/user/.m2/repository/info/picocli/picocli/3.9.6/picocli-3.9.6.jar:/home/user/.m2/repository/com/google/protobuf/protobuf-java/2.5.0/protobuf-java-2.5.0.jar:/home/user/.m2/repository/com/google/guava/guava/11.0.2/guava-11.0.2.jar:/home/user/.m2/repository/org/apache/hadoop/hadoop-ozone-ozone-manager/0.5.0-SNAPSHOT/hadoop-ozone-ozone-manager-0.5.0-SNAPSHOT.jar:/home/user/.m2/repository/org/apache/hadoop/hadoop-minikdc/3.2.0/hadoop-minikdc-3.2.0.jar:/home/user/.m2/repository/commons-io/commons-io/2.5/commons-io-2.5.jar:/home/user/.m2/repository/org/apache/kerby/kerb-simplekdc/1.0.1/kerb-simplekdc-1.0.1.jar:/home/user/.m2/repository/org/apache/kerby/kerb-client/1.0.1/kerb-client-1.0.1.jar:/home/user/.m2/repository/org/apache/kerby/kerby-config/1.0.1/kerby-config-1.0.1.jar:/home/user/.m2/repository/org/apache/kerby/kerb-core/1.0.1/kerb-core-1.0.1.jar:/home/user/.m2/repository/org/apache/kerby/kerby-pkix/1.0.1/kerby-pkix-1.0.1.jar:/home/user/.m2/repository/org/apache/kerby/kerby-asn1/1.0.1/kerby-asn1-1.0.1.jar:/home/user/.m2/repository/org/apache/kerby/kerby-util/1.0.1/kerby-util-1.0.1.jar:/home/user/.m2/repository/org/apache/kerby/kerb-common/1.0.1/kerb-common-1.0.1.jar:/home/user/.m2/repository/org/apache/kerby/kerb-crypto/1.0.1/kerb-crypto-1.0.1.jar:/home/user/.m2/repository/org/apache/kerby/kerb-util/1.0.1/kerb-util-1.0.1.jar:/home/user/.m2/repository/org/apache/kerby/token-provider/1.0.1/token-provider-1.0.1.jar:/home/user/.m2/repository/org/apache/kerby/kerb-admin/1.0.1/kerb-admin-1.0.1.jar:/home/user/.m2/repository/org/apache/kerby/kerb-server/1.0.1/kerb-server-1.0.1.jar:/home/user/.m2/repository/org/apache/kerby/kerb-identity/1.0.1/kerb-identity-1.0.1.jar:/home/user/.m2/repository/org/apache/kerby/kerby-xdr/1.0.1/kerby-xdr-1.0.1.jar:/home/user/.m2/repository/org/slf4j/slf4j-log4j12/1.7.25/slf4j-log4j12-1.7.25.jar:/home/user/.m2/repository/org/apache/hadoop/hadoop-ozone-s3gateway/0.5.0-SNAPSHOT/hadoop-ozone-s3gateway-0.5.0-SNAPSHOT.jar:/home/user/.m2/repository/org/jboss/weld/servlet/weld-servlet/2.4.7.Final/weld-servlet-2.4.7.Final.jar:/home/user/.m2/repository/org/glassfish/jersey/containers/jersey-container-servlet-core/2.27/jersey-container-servlet-core-2.27.jar:/home/user/.m2/repository/org/glassfish/hk2/external/javax.inject/2.5.0-b42/javax.inject-2.5.0-b42.jar:/home/user/.m2/repository/org/glassfish/jersey/core/jersey-common/2.27/jersey-common-2.27.jar:/home/user/.m2/repository/org/glassfish/hk2/osgi-resource-locator/1.0.1/osgi-resource-locator-1.0.1.jar:/home/user/.m2/repository/javax/ws/rs/javax.ws.rs-api/2.1/javax.ws.rs-api-2.1.jar:/home/user/.m2/repository/org/glassfish/jersey/ext/cdi/jersey-cdi1x/2.27/jersey-cdi1x-2.27.jar:/home/user/.m2/repository/org/glassfish/jersey/inject/jersey-hk2/2.27/jersey-hk2-2.27.jar:/home/user/.m2/repository/org/glassfish/hk2/hk2-locator/2.5.0-b42/hk2-locator-2.5.0-b42.jar:/home/user/.m2/repository/org/javassist/javassist/3.22.0-CR2/javassist-3.22.0-CR2.jar:/home/user/.m2/repository/org/glassfish/hk2/hk2-api/2.5.0/hk2-api-2.5.0.jar:/home/user/.m2/repository/org/glassfish/hk2/external/jakarta.inject/2.5.0/jakarta.inject-2.5.0.jar:/home/user/.m2/repository/org/glassfish/hk2/hk2-utils/2.5.0/hk2-utils-2.5.0.jar:/home/user/.m2/repository/jakarta/annotation/jakarta.annotation-api/1.3.4/jakarta.annotation-api-1.3.4.jar:/home/user/.m2/repository/org/glassfish/hk2/external/aopalliance-repackaged/2.5.0/aopalliance-repackaged-2.5.0.jar:/home/user/.m2/repository/com/fasterxml/jackson/dataformat/jackson-dataformat-xml/2.9.0/jackson-dataformat-xml-2.9.0.jar:/home/user/.m2/repository/com/fasterxml/jackson/core/jackson-core/2.9.9/jackson-core-2.9.9.jar:/home/user/.m2/repository/com/fasterxml/jackson/module/jackson-module-jaxb-annotations/2.9.9/jackson-module-jaxb-annotations-2.9.9.jar:/home/user/.m2/repository/javax/enterprise/cdi-api/1.2/cdi-api-1.2.jar:/home/user/.m2/repository/javax/el/javax.el-api/3.0.0/javax.el-api-3.0.0.jar:/home/user/.m2/repository/javax/interceptor/javax.interceptor-api/1.2/javax.interceptor-api-1.2.jar:/home/user/.m2/repository/javax/inject/javax.inject/1/javax.inject-1.jar:/home/user/.m2/repository/com/sun/xml/bind/jaxb-impl/2.3.0.1/jaxb-impl-2.3.0.1.jar:/home/user/.m2/repository/com/sun/xml/bind/jaxb-core/2.3.0.1/jaxb-core-2.3.0.1.jar:/home/user/.m2/repository/javax/xml/bind/jaxb-api/2.3.0/jaxb-api-2.3.0.jar:/home/user/.m2/repository/javax/activation/activation/1.1.1/activation-1.1.1.jar:/home/user/.m2/repository/org/apache/hadoop/hadoop-ozone-csi/0.5.0-SNAPSHOT/hadoop-ozone-csi-0.5.0-SNAPSHOT.jar:/home/user/.m2/repository/com/google/protobuf/protobuf-java-util/3.5.1/protobuf-java-util-3.5.1.jar:/home/user/.m2/repository/org/apache/hadoop/hadoop-hdds-config/0.5.0-SNAPSHOT/hadoop-hdds-config-0.5.0-SNAPSHOT.jar:/home/user/.m2/repository/io/grpc/grpc-netty/1.17.1/grpc-netty-1.17.1.jar:/home/user/.m2/repository/io/grpc/grpc-core/1.17.1/grpc-core-1.17.1.jar:/home/user/.m2/repository/io/grpc/grpc-context/1.17.1/grpc-context-1.17.1.jar:/home/user/.m2/repository/com/google/errorprone/error_prone_annotations/2.2.0/error_prone_annotations-2.2.0.jar:/home/user/.m2/repository/org/codehaus/mojo/animal-sniffer-annotations/1.17/animal-sniffer-annotations-1.17.jar:/home/user/.m2/repository/io/opencensus/opencensus-api/0.17.0/opencensus-api-0.17.0.jar:/home/user/.m2/repository/io/opencensus/opencensus-contrib-grpc-metrics/0.17.0/opencensus-contrib-grpc-metrics-0.17.0.jar:/home/user/.m2/repository/io/netty/netty-codec-http2/4.1.30.Final/netty-codec-http2-4.1.30.Final.jar:/home/user/.m2/repository/io/netty/netty-codec-http/4.1.30.Final/netty-codec-http-4.1.30.Final.jar:/home/user/.m2/repository/io/netty/netty-codec/4.1.30.Final/netty-codec-4.1.30.Final.jar:/home/user/.m2/repository/io/netty/netty-handler/4.1.30.Final/netty-handler-4.1.30.Final.jar:/home/user/.m2/repository/io/netty/netty-handler-proxy/4.1.30.Final/netty-handler-proxy-4.1.30.Final.jar:/home/user/.m2/repository/io/netty/netty-codec-socks/4.1.30.Final/netty-codec-socks-4.1.30.Final.jar:/home/user/.m2/repository/io/netty/netty-transport-native-epoll/4.1.30.Final/netty-transport-native-epoll-4.1.30.Final.jar:/home/user/.m2/repository/io/netty/netty-common/4.1.30.Final/netty-common-4.1.30.Final.jar:/home/user/.m2/repository/io/netty/netty-buffer/4.1.30.Final/netty-buffer-4.1.30.Final.jar:/home/user/.m2/repository/io/netty/netty-transport/4.1.30.Final/netty-transport-4.1.30.Final.jar:/home/user/.m2/repository/io/netty/netty-resolver/4.1.30.Final/netty-resolver-4.1.30.Final.jar:/home/user/.m2/repository/io/netty/netty-transport-native-unix-common/4.1.30.Final/netty-transport-native-unix-common-4.1.30.Final.jar:/home/user/.m2/repository/io/grpc/grpc-protobuf/1.17.1/grpc-protobuf-1.17.1.jar:/home/user/.m2/repository/com/google/api/grpc/proto-google-common-protos/1.0.0/proto-google-common-protos-1.0.0.jar:/home/user/.m2/repository/io/grpc/grpc-protobuf-lite/1.17.1/grpc-protobuf-lite-1.17.1.jar:/home/user/.m2/repository/io/grpc/grpc-stub/1.17.1/grpc-stub-1.17.1.jar:/home/user/.m2/repository/org/apache/hadoop/hadoop-ozone-recon/0.5.0-SNAPSHOT/hadoop-ozone-recon-0.5.0-SNAPSHOT.jar:/home/user/.m2/repository/org/apache/hadoop/hadoop-ozone-reconcodegen/0.5.0-SNAPSHOT/hadoop-ozone-reconcodegen-0.5.0-SNAPSHOT.jar:/home/user/.m2/repository/com/google/inject/extensions/guice-multibindings/4.0/guice-multibindings-4.0.jar:/home/user/.m2/repository/com/google/inject/guice/4.0/guice-4.0.jar:/home/user/.m2/repository/aopalliance/aopalliance/1.0/aopalliance-1.0.jar:/home/user/.m2/repository/com/google/inject/extensions/guice-servlet/4.0/guice-servlet-4.0.jar:/home/user/.m2/repository/org/glassfish/jersey/containers/jersey-container-servlet/2.27/jersey-container-servlet-2.27.jar:/home/user/.m2/repository/org/glassfish/hk2/guice-bridge/2.5.0/guice-bridge-2.5.0.jar:/home/user/.m2/repository/org/glassfish/jersey/core/jersey-server/2.27/jersey-server-2.27.jar:/home/user/.m2/repository/org/glassfish/jersey/core/jersey-client/2.27/jersey-client-2.27.jar:/home/user/.m2/repository/org/glassfish/jersey/media/jersey-media-jaxb/2.27/jersey-media-jaxb-2.27.jar:/home/user/.m2/repository/javax/validation/validation-api/1.1.0.Final/validation-api-1.1.0.Final.jar:/home/user/.m2/repository/org/glassfish/jersey/media/jersey-media-json-jackson/2.27/jersey-media-json-jackson-2.27.jar:/home/user/.m2/repository/org/glassfish/jersey/ext/jersey-entity-filtering/2.27/jersey-entity-filtering-2.27.jar:/home/user/.m2/repository/com/google/inject/extensions/guice-assistedinject/4.0/guice-assistedinject-4.0.jar:/home/user/.m2/repository/org/jooq/jooq/3.11.10/jooq-3.11.10.jar:/home/user/.m2/repository/org/jooq/jooq-meta/3.11.10/jooq-meta-3.11.10.jar:/home/user/.m2/repository/org/jooq/jooq-codegen/3.11.10/jooq-codegen-3.11.10.jar:/home/user/.m2/repository/com/jolbox/bonecp/0.8.0.RELEASE/bonecp-0.8.0.RELEASE.jar:/home/user/.m2/repository/org/xerial/sqlite-jdbc/3.25.2/sqlite-jdbc-3.25.2.jar:/home/user/.m2/repository/org/springframework/spring-jdbc/5.1.3.RELEASE/spring-jdbc-5.1.3.RELEASE.jar:/home/user/.m2/repository/org/springframework/spring-beans/5.1.3.RELEASE/spring-beans-5.1.3.RELEASE.jar:/home/user/.m2/repository/org/springframework/spring-core/5.1.3.RELEASE/spring-core-5.1.3.RELEASE.jar:/home/user/.m2/repository/org/springframework/spring-jcl/5.1.3.RELEASE/spring-jcl-5.1.3.RELEASE.jar:/home/user/.m2/repository/org/springframework/spring-tx/5.1.3.RELEASE/spring-tx-5.1.3.RELEASE.jar:/home/user/.m2/repository/org/apache/hadoop/hadoop-ozone-client/0.5.0-SNAPSHOT/hadoop-ozone-client-0.5.0-SNAPSHOT.jar:/home/user/.m2/repository/commons-lang/commons-lang/2.6/commons-lang-2.6.jar:/home/user/.m2/repository/org/apache/hadoop/hadoop-ozone-ozone-manager/0.5.0-SNAPSHOT/hadoop-ozone-ozone-manager-0.5.0-SNAPSHOT-tests.jar:/home/user/.m2/repository/junit/junit/4.11/junit-4.11.jar:/home/user/.m2/repository/org/hamcrest/hamcrest-core/1.3/hamcrest-core-1.3.jar:/home/user/.m2/repository/org/openjdk/jmh/jmh-core/1.19/jmh-core-1.19.jar:/home/user/.m2/repository/net/sf/jopt-simple/jopt-simple/4.6/jopt-simple-4.6.jar:/home/user/.m2/repository/org/apache/commons/commons-math3/3.1.1/commons-math3-3.1.1.jar:/home/user/.m2/repository/org/openjdk/jmh/jmh-generator-annprocess/1.19/jmh-generator-annprocess-1.19.jar:/home/user/.m2/repository/org/mockito/mockito-all/1.8.5/mockito-all-1.8.5.jar:/home/user/.m2/repository/org/apache/hadoop/hadoop-kms/3.2.0/hadoop-kms-3.2.0.jar:/home/user/.m2/repository/org/apache/hadoop/hadoop-auth/3.2.0/hadoop-auth-3.2.0.jar:/home/user/.m2/repository/com/nimbusds/nimbus-jose-jwt/4.41.1/nimbus-jose-jwt-4.41.1.jar:/home/user/.m2/repository/com/github/stephenc/jcip/jcip-annotations/1.0-1/jcip-annotations-1.0-1.jar:/home/user/.m2/repository/net/minidev/json-smart/2.3/json-smart-2.3.jar:/home/user/.m2/repository/net/minidev/accessors-smart/1.2/accessors-smart-1.2.jar:/home/user/.m2/repository/org/ow2/asm/asm/5.0.4/asm-5.0.4.jar:/home/user/.m2/repository/org/apache/curator/curator-framework/2.12.0/curator-framework-2.12.0.jar:/home/user/.m2/repository/com/sun/jersey/jersey-core/1.19/jersey-core-1.19.jar:/home/user/.m2/repository/javax/ws/rs/jsr311-api/1.1.1/jsr311-api-1.1.1.jar:/home/user/.m2/repository/com/sun/jersey/jersey-server/1.19/jersey-server-1.19.jar:/home/user/.m2/repository/javax/servlet/javax.servlet-api/3.1.0/javax.servlet-api-3.1.0.jar:/home/user/.m2/repository/org/eclipse/jetty/jetty-server/9.3.25.v20180904/jetty-server-9.3.25.v20180904.jar:/home/user/.m2/repository/org/eclipse/jetty/jetty-http/9.3.25.v20180904/jetty-http-9.3.25.v20180904.jar:/home/user/.m2/repository/org/eclipse/jetty/jetty-io/9.3.25.v20180904/jetty-io-9.3.25.v20180904.jar:/home/user/.m2/repository/org/eclipse/jetty/jetty-webapp/9.3.25.v20180904/jetty-webapp-9.3.25.v20180904.jar:/home/user/.m2/repository/org/eclipse/jetty/jetty-xml/9.3.25.v20180904/jetty-xml-9.3.25.v20180904.jar:/home/user/.m2/repository/log4j/log4j/1.2.17/log4j-1.2.17.jar:/home/user/.m2/repository/org/slf4j/slf4j-api/1.7.25/slf4j-api-1.7.25.jar:/home/user/.m2/repository/org/slf4j/jul-to-slf4j/1.7.25/jul-to-slf4j-1.7.25.jar:/home/user/.m2/repository/org/eclipse/jetty/jetty-util/9.3.25.v20180904/jetty-util-9.3.25.v20180904.jar:/home/user/.m2/repository/com/fasterxml/jackson/core/jackson-databind/2.9.9/jackson-databind-2.9.9.jar:/home/user/.m2/repository/org/apache/hadoop/hadoop-kms/3.2.0/hadoop-kms-3.2.0-tests.jar:/home/user/.m2/repository/org/apache/hadoop/hadoop-hdds-server-scm/0.5.0-SNAPSHOT/hadoop-hdds-server-scm-0.5.0-SNAPSHOT-tests.jar:/home/user/.m2/repository/org/apache/hadoop/hadoop-hdds-container-service/0.5.0-SNAPSHOT/hadoop-hdds-container-service-0.5.0-SNAPSHOT-tests.jar:/home/user/.m2/repository/org/yaml/snakeyaml/1.16/snakeyaml-1.16.jar:/home/user/.m2/repository/org/apache/hadoop/hadoop-common/3.2.0/hadoop-common-3.2.0-tests.jar:/home/user/.m2/repository/org/apache/hadoop/hadoop-annotations/3.2.0/hadoop-annotations-3.2.0.jar:/usr/lib/jvm/java-1.8.0-openjdk-1.8.0.222.b10-1.el7_7.x86_64/jre/../lib/tools.jar:/home/user/.m2/repository/commons-cli/commons-cli/1.2/commons-cli-1.2.jar:/home/user/.m2/repository/org/apache/httpcomponents/httpclient/4.5.2/httpclient-4.5.2.jar:/home/user/.m2/repository/org/apache/httpcomponents/httpcore/4.4.4/httpcore-4.4.4.jar:/home/user/.m2/repository/commons-codec/commons-codec/1.11/commons-codec-1.11.jar:/home/user/.m2/repository/commons-net/commons-net/3.6/commons-net-3.6.jar:/home/user/.m2/repository/commons-collections/commons-collections/3.2.2/commons-collections-3.2.2.jar:/home/user/.m2/repository/org/eclipse/jetty/jetty-servlet/9.3.25.v20180904/jetty-servlet-9.3.25.v20180904.jar:/home/user/.m2/repository/org/eclipse/jetty/jetty-security/9.3.25.v20180904/jetty-security-9.3.25.v20180904.jar:/home/user/.m2/repository/javax/servlet/jsp/jsp-api/2.1/jsp-api-2.1.jar:/home/user/.m2/repository/com/sun/jersey/jersey-servlet/1.19/jersey-servlet-1.19.jar:/home/user/.m2/repository/com/sun/jersey/jersey-json/1.19/jersey-json-1.19.jar:/home/user/.m2/repository/org/codehaus/jettison/jettison/1.1/jettison-1.1.jar:/home/user/.m2/repository/org/codehaus/jackson/jackson-core-asl/1.9.13/jackson-core-asl-1.9.13.jar:/home/user/.m2/repository/org/codehaus/jackson/jackson-mapper-asl/1.9.13/jackson-mapper-asl-1.9.13.jar:/home/user/.m2/repository/org/codehaus/jackson/jackson-jaxrs/1.9.13/jackson-jaxrs-1.9.13.jar:/home/user/.m2/repository/org/codehaus/jackson/jackson-xc/1.9.13/jackson-xc-1.9.13.jar:/home/user/.m2/repository/commons-logging/commons-logging/1.1.3/commons-logging-1.1.3.jar:/home/user/.m2/repository/commons-beanutils/commons-beanutils/1.9.4/commons-beanutils-1.9.4.jar:/home/user/.m2/repository/org/apache/commons/commons-configuration2/2.1.1/commons-configuration2-2.1.1.jar:/home/user/.m2/repository/org/apache/commons/commons-lang3/3.7/commons-lang3-3.7.jar:/home/user/.m2/repository/org/apache/commons/commons-text/1.4/commons-text-1.4.jar:/home/user/.m2/repository/org/apache/avro/avro/1.7.7/avro-1.7.7.jar:/home/user/.m2/repository/com/thoughtworks/paranamer/paranamer/2.3/paranamer-2.3.jar:/home/user/.m2/repository/org/xerial/snappy/snappy-java/1.0.5/snappy-java-1.0.5.jar:/home/user/.m2/repository/com/google/re2j/re2j/1.1/re2j-1.1.jar:/home/user/.m2/repository/com/google/code/gson/gson/2.2.4/gson-2.2.4.jar:/home/user/.m2/repository/com/jcraft/jsch/0.1.54/jsch-0.1.54.jar:/home/user/.m2/repository/org/apache/curator/curator-client/2.12.0/curator-client-2.12.0.jar:/home/user/.m2/repository/org/apache/curator/curator-recipes/2.12.0/curator-recipes-2.12.0.jar:/home/user/.m2/repository/com/google/code/findbugs/jsr305/3.0.0/jsr305-3.0.0.jar:/home/user/.m2/repository/org/apache/htrace/htrace-core4/4.1.0-incubating/htrace-core4-4.1.0-incubating.jar:/home/user/.m2/repository/org/apache/zookeeper/zookeeper/3.4.13/zookeeper-3.4.13.jar:/home/user/.m2/repository/jline/jline/0.9.94/jline-0.9.94.jar:/home/user/.m2/repository/org/apache/yetus/audience-annotations/0.5.0/audience-annotations-0.5.0.jar:/home/user/.m2/repository/org/codehaus/woodstox/stax2-api/3.1.4/stax2-api-3.1.4.jar:/home/user/.m2/repository/com/fasterxml/woodstox/woodstox-core/5.0.3/woodstox-core-5.0.3.jar:/home/user/.m2/repository/dnsjava/dnsjava/2.1.7/dnsjava-2.1.7.jar:/home/user/.m2/repository/org/apache/hadoop/hadoop-hdfs/3.2.0/hadoop-hdfs-3.2.0-tests.jar:/home/user/.m2/repository/org/eclipse/jetty/jetty-util-ajax/9.3.25.v20180904/jetty-util-ajax-9.3.25.v20180904.jar:/home/user/.m2/repository/commons-daemon/commons-daemon/1.0.13/commons-daemon-1.0.13.jar:/home/user/.m2/repository/io/netty/netty/3.10.5.Final/netty-3.10.5.Final.jar:/home/user/.m2/repository/io/netty/netty-all/4.0.52.Final/netty-all-4.0.52.Final.jar:/home/user/.m2/repository/org/fusesource/leveldbjni/leveldbjni-all/1.8/leveldbjni-all-1.8.jar:"/>
    <property name="java.vm.vendor" value="Oracle Corporation"/>
    <property name="sun.arch.data.model" value="64"/>
    <property name="test.build.dir" value="/workdir/hadoop-ozone/integration-test/target/test-dir"/>
    <property name="test.cache.data" value=""/>
    <property name="java.vendor.url" value="http://java.oracle.com/"/>
    <property name="user.timezone" value=""/>
    <property name="java.vm.specification.version" value="1.8"/>
    <property name="os.name" value="Linux"/>
    <property name="test.build.data" value="/workdir/hadoop-ozone/integration-test/target/test-dir"/>
    <property name="user.country" value="US"/>
    <property name="sun.java.launcher" value="SUN_STANDARD"/>
    <property name="sun.boot.library.path" value="/usr/lib/jvm/java-1.8.0-openjdk-1.8.0.222.b10-1.el7_7.x86_64/jre/lib/amd64"/>
    <property name="sun.java.command" value="/workdir/hadoop-ozone/integration-test/target/surefire/surefirebooter3186362435353213020.jar /workdir/hadoop-ozone/integration-test/target/surefire 2019-10-17T18-06-56_937-jvmRun1 surefire6138397159252710284tmp surefire_368835613607462890627tmp"/>
    <property name="surefire.test.class.path" value="/workdir/hadoop-ozone/integration-test/target/test-classes:/workdir/hadoop-ozone/integration-test/target/classes:/home/user/.m2/repository/org/apache/hadoop/hadoop-ozone-common/0.5.0-SNAPSHOT/hadoop-ozone-common-0.5.0-SNAPSHOT.jar:/home/user/.m2/repository/org/apache/commons/commons-compress/1.4.1/commons-compress-1.4.1.jar:/home/user/.m2/repository/org/tukaani/xz/1.0/xz-1.0.jar:/home/user/.m2/repository/org/apache/hadoop/hadoop-common/3.2.0/hadoop-common-3.2.0.jar:/home/user/.m2/repository/org/apache/hadoop/hadoop-hdfs/3.2.0/hadoop-hdfs-3.2.0.jar:/home/user/.m2/repository/org/apache/hadoop/hadoop-hdfs-client/3.2.0/hadoop-hdfs-client-3.2.0.jar:/home/user/.m2/repository/com/fasterxml/jackson/core/jackson-annotations/2.9.9/jackson-annotations-2.9.9.jar:/home/user/.m2/repository/org/apache/hadoop/hadoop-hdds-common/0.5.0-SNAPSHOT/hadoop-hdds-common-0.5.0-SNAPSHOT.jar:/home/user/.m2/repository/javax/annotation/javax.annotation-api/1.2/javax.annotation-api-1.2.jar:/home/user/.m2/repository/org/apache/ratis/ratis-server/0.5.0-3f446aa-SNAPSHOT/ratis-server-0.5.0-3f446aa-SNAPSHOT.jar:/home/user/.m2/repository/org/apache/ratis/ratis-thirdparty-misc/0.2.0/ratis-thirdparty-misc-0.2.0.jar:/home/user/.m2/repository/org/apache/ratis/ratis-proto/0.5.0-3f446aa-SNAPSHOT/ratis-proto-0.5.0-3f446aa-SNAPSHOT.jar:/home/user/.m2/repository/org/apache/ratis/ratis-common/0.5.0-3f446aa-SNAPSHOT/ratis-common-0.5.0-3f446aa-SNAPSHOT.jar:/home/user/.m2/repository/org/apache/ratis/ratis-client/0.5.0-3f446aa-SNAPSHOT/ratis-client-0.5.0-3f446aa-SNAPSHOT.jar:/home/user/.m2/repository/org/apache/ratis/ratis-metrics/0.5.0-3f446aa-SNAPSHOT/ratis-metrics-0.5.0-3f446aa-SNAPSHOT.jar:/home/user/.m2/repository/com/github/joshelser/dropwizard-metrics-hadoop-metrics2-reporter/0.1.2/dropwizard-metrics-hadoop-metrics2-reporter-0.1.2.jar:/home/user/.m2/repository/io/dropwizard/metrics/metrics-jvm/3.2.5/metrics-jvm-3.2.5.jar:/home/user/.m2/repository/io/dropwizard/metrics/metrics-ganglia/3.2.5/metrics-ganglia-3.2.5.jar:/home/user/.m2/repository/info/ganglia/gmetric4j/gmetric4j/1.0.7/gmetric4j-1.0.7.jar:/home/user/.m2/repository/org/apache/ratis/ratis-netty/0.5.0-3f446aa-SNAPSHOT/ratis-netty-0.5.0-3f446aa-SNAPSHOT.jar:/home/user/.m2/repository/org/apache/ratis/ratis-grpc/0.5.0-3f446aa-SNAPSHOT/ratis-grpc-0.5.0-3f446aa-SNAPSHOT.jar:/home/user/.m2/repository/org/rocksdb/rocksdbjni/6.0.1/rocksdbjni-6.0.1.jar:/home/user/.m2/repository/org/apache/logging/log4j/log4j-api/2.11.0/log4j-api-2.11.0.jar:/home/user/.m2/repository/org/apache/logging/log4j/log4j-core/2.11.0/log4j-core-2.11.0.jar:/home/user/.m2/repository/com/lmax/disruptor/3.4.2/disruptor-3.4.2.jar:/home/user/.m2/repository/org/apache/commons/commons-pool2/2.6.0/commons-pool2-2.6.0.jar:/home/user/.m2/repository/org/bouncycastle/bcpkix-jdk15on/1.60/bcpkix-jdk15on-1.60.jar:/home/user/.m2/repository/commons-validator/commons-validator/1.6/commons-validator-1.6.jar:/home/user/.m2/repository/commons-digester/commons-digester/1.8.1/commons-digester-1.8.1.jar:/home/user/.m2/repository/io/jaegertracing/jaeger-client/0.34.0/jaeger-client-0.34.0.jar:/home/user/.m2/repository/io/jaegertracing/jaeger-thrift/0.34.0/jaeger-thrift-0.34.0.jar:/home/user/.m2/repository/org/apache/thrift/libthrift/0.12.0/libthrift-0.12.0.jar:/home/user/.m2/repository/com/squareup/okhttp3/okhttp/3.9.0/okhttp-3.9.0.jar:/home/user/.m2/repository/com/squareup/okio/okio/1.13.0/okio-1.13.0.jar:/home/user/.m2/repository/io/jaegertracing/jaeger-core/0.34.0/jaeger-core-0.34.0.jar:/home/user/.m2/repository/io/jaegertracing/jaeger-tracerresolver/0.34.0/jaeger-tracerresolver-0.34.0.jar:/home/user/.m2/repository/io/opentracing/contrib/opentracing-tracerresolver/0.1.5/opentracing-tracerresolver-0.1.5.jar:/home/user/.m2/repository/io/opentracing/opentracing-util/0.31.0/opentracing-util-0.31.0.jar:/home/user/.m2/repository/io/opentracing/opentracing-api/0.31.0/opentracing-api-0.31.0.jar:/home/user/.m2/repository/io/opentracing/opentracing-noop/0.31.0/opentracing-noop-0.31.0.jar:/home/user/.m2/repository/org/apache/hadoop/hadoop-hdds-server-framework/0.5.0-SNAPSHOT/hadoop-hdds-server-framework-0.5.0-SNAPSHOT.jar:/home/user/.m2/repository/org/apache/hadoop/hadoop-hdds-container-service/0.5.0-SNAPSHOT/hadoop-hdds-container-service-0.5.0-SNAPSHOT.jar:/home/user/.m2/repository/org/apache/hadoop/hadoop-hdds-client/0.5.0-SNAPSHOT/hadoop-hdds-client-0.5.0-SNAPSHOT.jar:/home/user/.m2/repository/org/apache/hadoop/hadoop-hdds-tools/0.5.0-SNAPSHOT/hadoop-hdds-tools-0.5.0-SNAPSHOT.jar:/home/user/.m2/repository/org/apache/hadoop/hadoop-hdds-server-scm/0.5.0-SNAPSHOT/hadoop-hdds-server-scm-0.5.0-SNAPSHOT.jar:/home/user/.m2/repository/org/apache/hadoop/hadoop-hdds-docs/0.5.0-SNAPSHOT/hadoop-hdds-docs-0.5.0-SNAPSHOT.jar:/home/user/.m2/repository/io/dropwizard/metrics/metrics-core/3.2.4/metrics-core-3.2.4.jar:/home/user/.m2/repository/org/hamcrest/hamcrest-all/1.3/hamcrest-all-1.3.jar:/home/user/.m2/repository/org/bouncycastle/bcprov-jdk15on/1.60/bcprov-jdk15on-1.60.jar:/home/user/.m2/repository/info/picocli/picocli/3.9.6/picocli-3.9.6.jar:/home/user/.m2/repository/com/google/protobuf/protobuf-java/2.5.0/protobuf-java-2.5.0.jar:/home/user/.m2/repository/com/google/guava/guava/11.0.2/guava-11.0.2.jar:/home/user/.m2/repository/org/apache/hadoop/hadoop-ozone-ozone-manager/0.5.0-SNAPSHOT/hadoop-ozone-ozone-manager-0.5.0-SNAPSHOT.jar:/home/user/.m2/repository/org/apache/hadoop/hadoop-minikdc/3.2.0/hadoop-minikdc-3.2.0.jar:/home/user/.m2/repository/commons-io/commons-io/2.5/commons-io-2.5.jar:/home/user/.m2/repository/org/apache/kerby/kerb-simplekdc/1.0.1/kerb-simplekdc-1.0.1.jar:/home/user/.m2/repository/org/apache/kerby/kerb-client/1.0.1/kerb-client-1.0.1.jar:/home/user/.m2/repository/org/apache/kerby/kerby-config/1.0.1/kerby-config-1.0.1.jar:/home/user/.m2/repository/org/apache/kerby/kerb-core/1.0.1/kerb-core-1.0.1.jar:/home/user/.m2/repository/org/apache/kerby/kerby-pkix/1.0.1/kerby-pkix-1.0.1.jar:/home/user/.m2/repository/org/apache/kerby/kerby-asn1/1.0.1/kerby-asn1-1.0.1.jar:/home/user/.m2/repository/org/apache/kerby/kerby-util/1.0.1/kerby-util-1.0.1.jar:/home/user/.m2/repository/org/apache/kerby/kerb-common/1.0.1/kerb-common-1.0.1.jar:/home/user/.m2/repository/org/apache/kerby/kerb-crypto/1.0.1/kerb-crypto-1.0.1.jar:/home/user/.m2/repository/org/apache/kerby/kerb-util/1.0.1/kerb-util-1.0.1.jar:/home/user/.m2/repository/org/apache/kerby/token-provider/1.0.1/token-provider-1.0.1.jar:/home/user/.m2/repository/org/apache/kerby/kerb-admin/1.0.1/kerb-admin-1.0.1.jar:/home/user/.m2/repository/org/apache/kerby/kerb-server/1.0.1/kerb-server-1.0.1.jar:/home/user/.m2/repository/org/apache/kerby/kerb-identity/1.0.1/kerb-identity-1.0.1.jar:/home/user/.m2/repository/org/apache/kerby/kerby-xdr/1.0.1/kerby-xdr-1.0.1.jar:/home/user/.m2/repository/org/slf4j/slf4j-log4j12/1.7.25/slf4j-log4j12-1.7.25.jar:/home/user/.m2/repository/org/apache/hadoop/hadoop-ozone-s3gateway/0.5.0-SNAPSHOT/hadoop-ozone-s3gateway-0.5.0-SNAPSHOT.jar:/home/user/.m2/repository/org/jboss/weld/servlet/weld-servlet/2.4.7.Final/weld-servlet-2.4.7.Final.jar:/home/user/.m2/repository/org/glassfish/jersey/containers/jersey-container-servlet-core/2.27/jersey-container-servlet-core-2.27.jar:/home/user/.m2/repository/org/glassfish/hk2/external/javax.inject/2.5.0-b42/javax.inject-2.5.0-b42.jar:/home/user/.m2/repository/org/glassfish/jersey/core/jersey-common/2.27/jersey-common-2.27.jar:/home/user/.m2/repository/org/glassfish/hk2/osgi-resource-locator/1.0.1/osgi-resource-locator-1.0.1.jar:/home/user/.m2/repository/javax/ws/rs/javax.ws.rs-api/2.1/javax.ws.rs-api-2.1.jar:/home/user/.m2/repository/org/glassfish/jersey/ext/cdi/jersey-cdi1x/2.27/jersey-cdi1x-2.27.jar:/home/user/.m2/repository/org/glassfish/jersey/inject/jersey-hk2/2.27/jersey-hk2-2.27.jar:/home/user/.m2/repository/org/glassfish/hk2/hk2-locator/2.5.0-b42/hk2-locator-2.5.0-b42.jar:/home/user/.m2/repository/org/javassist/javassist/3.22.0-CR2/javassist-3.22.0-CR2.jar:/home/user/.m2/repository/org/glassfish/hk2/hk2-api/2.5.0/hk2-api-2.5.0.jar:/home/user/.m2/repository/org/glassfish/hk2/external/jakarta.inject/2.5.0/jakarta.inject-2.5.0.jar:/home/user/.m2/repository/org/glassfish/hk2/hk2-utils/2.5.0/hk2-utils-2.5.0.jar:/home/user/.m2/repository/jakarta/annotation/jakarta.annotation-api/1.3.4/jakarta.annotation-api-1.3.4.jar:/home/user/.m2/repository/org/glassfish/hk2/external/aopalliance-repackaged/2.5.0/aopalliance-repackaged-2.5.0.jar:/home/user/.m2/repository/com/fasterxml/jackson/dataformat/jackson-dataformat-xml/2.9.0/jackson-dataformat-xml-2.9.0.jar:/home/user/.m2/repository/com/fasterxml/jackson/core/jackson-core/2.9.9/jackson-core-2.9.9.jar:/home/user/.m2/repository/com/fasterxml/jackson/module/jackson-module-jaxb-annotations/2.9.9/jackson-module-jaxb-annotations-2.9.9.jar:/home/user/.m2/repository/javax/enterprise/cdi-api/1.2/cdi-api-1.2.jar:/home/user/.m2/repository/javax/el/javax.el-api/3.0.0/javax.el-api-3.0.0.jar:/home/user/.m2/repository/javax/interceptor/javax.interceptor-api/1.2/javax.interceptor-api-1.2.jar:/home/user/.m2/repository/javax/inject/javax.inject/1/javax.inject-1.jar:/home/user/.m2/repository/com/sun/xml/bind/jaxb-impl/2.3.0.1/jaxb-impl-2.3.0.1.jar:/home/user/.m2/repository/com/sun/xml/bind/jaxb-core/2.3.0.1/jaxb-core-2.3.0.1.jar:/home/user/.m2/repository/javax/xml/bind/jaxb-api/2.3.0/jaxb-api-2.3.0.jar:/home/user/.m2/repository/javax/activation/activation/1.1.1/activation-1.1.1.jar:/home/user/.m2/repository/org/apache/hadoop/hadoop-ozone-csi/0.5.0-SNAPSHOT/hadoop-ozone-csi-0.5.0-SNAPSHOT.jar:/home/user/.m2/repository/com/google/protobuf/protobuf-java-util/3.5.1/protobuf-java-util-3.5.1.jar:/home/user/.m2/repository/org/apache/hadoop/hadoop-hdds-config/0.5.0-SNAPSHOT/hadoop-hdds-config-0.5.0-SNAPSHOT.jar:/home/user/.m2/repository/io/grpc/grpc-netty/1.17.1/grpc-netty-1.17.1.jar:/home/user/.m2/repository/io/grpc/grpc-core/1.17.1/grpc-core-1.17.1.jar:/home/user/.m2/repository/io/grpc/grpc-context/1.17.1/grpc-context-1.17.1.jar:/home/user/.m2/repository/com/google/errorprone/error_prone_annotations/2.2.0/error_prone_annotations-2.2.0.jar:/home/user/.m2/repository/org/codehaus/mojo/animal-sniffer-annotations/1.17/animal-sniffer-annotations-1.17.jar:/home/user/.m2/repository/io/opencensus/opencensus-api/0.17.0/opencensus-api-0.17.0.jar:/home/user/.m2/repository/io/opencensus/opencensus-contrib-grpc-metrics/0.17.0/opencensus-contrib-grpc-metrics-0.17.0.jar:/home/user/.m2/repository/io/netty/netty-codec-http2/4.1.30.Final/netty-codec-http2-4.1.30.Final.jar:/home/user/.m2/repository/io/netty/netty-codec-http/4.1.30.Final/netty-codec-http-4.1.30.Final.jar:/home/user/.m2/repository/io/netty/netty-codec/4.1.30.Final/netty-codec-4.1.30.Final.jar:/home/user/.m2/repository/io/netty/netty-handler/4.1.30.Final/netty-handler-4.1.30.Final.jar:/home/user/.m2/repository/io/netty/netty-handler-proxy/4.1.30.Final/netty-handler-proxy-4.1.30.Final.jar:/home/user/.m2/repository/io/netty/netty-codec-socks/4.1.30.Final/netty-codec-socks-4.1.30.Final.jar:/home/user/.m2/repository/io/netty/netty-transport-native-epoll/4.1.30.Final/netty-transport-native-epoll-4.1.30.Final.jar:/home/user/.m2/repository/io/netty/netty-common/4.1.30.Final/netty-common-4.1.30.Final.jar:/home/user/.m2/repository/io/netty/netty-buffer/4.1.30.Final/netty-buffer-4.1.30.Final.jar:/home/user/.m2/repository/io/netty/netty-transport/4.1.30.Final/netty-transport-4.1.30.Final.jar:/home/user/.m2/repository/io/netty/netty-resolver/4.1.30.Final/netty-resolver-4.1.30.Final.jar:/home/user/.m2/repository/io/netty/netty-transport-native-unix-common/4.1.30.Final/netty-transport-native-unix-common-4.1.30.Final.jar:/home/user/.m2/repository/io/grpc/grpc-protobuf/1.17.1/grpc-protobuf-1.17.1.jar:/home/user/.m2/repository/com/google/api/grpc/proto-google-common-protos/1.0.0/proto-google-common-protos-1.0.0.jar:/home/user/.m2/repository/io/grpc/grpc-protobuf-lite/1.17.1/grpc-protobuf-lite-1.17.1.jar:/home/user/.m2/repository/io/grpc/grpc-stub/1.17.1/grpc-stub-1.17.1.jar:/home/user/.m2/repository/org/apache/hadoop/hadoop-ozone-recon/0.5.0-SNAPSHOT/hadoop-ozone-recon-0.5.0-SNAPSHOT.jar:/home/user/.m2/repository/org/apache/hadoop/hadoop-ozone-reconcodegen/0.5.0-SNAPSHOT/hadoop-ozone-reconcodegen-0.5.0-SNAPSHOT.jar:/home/user/.m2/repository/com/google/inject/extensions/guice-multibindings/4.0/guice-multibindings-4.0.jar:/home/user/.m2/repository/com/google/inject/guice/4.0/guice-4.0.jar:/home/user/.m2/repository/aopalliance/aopalliance/1.0/aopalliance-1.0.jar:/home/user/.m2/repository/com/google/inject/extensions/guice-servlet/4.0/guice-servlet-4.0.jar:/home/user/.m2/repository/org/glassfish/jersey/containers/jersey-container-servlet/2.27/jersey-container-servlet-2.27.jar:/home/user/.m2/repository/org/glassfish/hk2/guice-bridge/2.5.0/guice-bridge-2.5.0.jar:/home/user/.m2/repository/org/glassfish/jersey/core/jersey-server/2.27/jersey-server-2.27.jar:/home/user/.m2/repository/org/glassfish/jersey/core/jersey-client/2.27/jersey-client-2.27.jar:/home/user/.m2/repository/org/glassfish/jersey/media/jersey-media-jaxb/2.27/jersey-media-jaxb-2.27.jar:/home/user/.m2/repository/javax/validation/validation-api/1.1.0.Final/validation-api-1.1.0.Final.jar:/home/user/.m2/repository/org/glassfish/jersey/media/jersey-media-json-jackson/2.27/jersey-media-json-jackson-2.27.jar:/home/user/.m2/repository/org/glassfish/jersey/ext/jersey-entity-filtering/2.27/jersey-entity-filtering-2.27.jar:/home/user/.m2/repository/com/google/inject/extensions/guice-assistedinject/4.0/guice-assistedinject-4.0.jar:/home/user/.m2/repository/org/jooq/jooq/3.11.10/jooq-3.11.10.jar:/home/user/.m2/repository/org/jooq/jooq-meta/3.11.10/jooq-meta-3.11.10.jar:/home/user/.m2/repository/org/jooq/jooq-codegen/3.11.10/jooq-codegen-3.11.10.jar:/home/user/.m2/repository/com/jolbox/bonecp/0.8.0.RELEASE/bonecp-0.8.0.RELEASE.jar:/home/user/.m2/repository/org/xerial/sqlite-jdbc/3.25.2/sqlite-jdbc-3.25.2.jar:/home/user/.m2/repository/org/springframework/spring-jdbc/5.1.3.RELEASE/spring-jdbc-5.1.3.RELEASE.jar:/home/user/.m2/repository/org/springframework/spring-beans/5.1.3.RELEASE/spring-beans-5.1.3.RELEASE.jar:/home/user/.m2/repository/org/springframework/spring-core/5.1.3.RELEASE/spring-core-5.1.3.RELEASE.jar:/home/user/.m2/repository/org/springframework/spring-jcl/5.1.3.RELEASE/spring-jcl-5.1.3.RELEASE.jar:/home/user/.m2/repository/org/springframework/spring-tx/5.1.3.RELEASE/spring-tx-5.1.3.RELEASE.jar:/home/user/.m2/repository/org/apache/hadoop/hadoop-ozone-client/0.5.0-SNAPSHOT/hadoop-ozone-client-0.5.0-SNAPSHOT.jar:/home/user/.m2/repository/commons-lang/commons-lang/2.6/commons-lang-2.6.jar:/home/user/.m2/repository/org/apache/hadoop/hadoop-ozone-ozone-manager/0.5.0-SNAPSHOT/hadoop-ozone-ozone-manager-0.5.0-SNAPSHOT-tests.jar:/home/user/.m2/repository/junit/junit/4.11/junit-4.11.jar:/home/user/.m2/repository/org/hamcrest/hamcrest-core/1.3/hamcrest-core-1.3.jar:/home/user/.m2/repository/org/openjdk/jmh/jmh-core/1.19/jmh-core-1.19.jar:/home/user/.m2/repository/net/sf/jopt-simple/jopt-simple/4.6/jopt-simple-4.6.jar:/home/user/.m2/repository/org/apache/commons/commons-math3/3.1.1/commons-math3-3.1.1.jar:/home/user/.m2/repository/org/openjdk/jmh/jmh-generator-annprocess/1.19/jmh-generator-annprocess-1.19.jar:/home/user/.m2/repository/org/mockito/mockito-all/1.8.5/mockito-all-1.8.5.jar:/home/user/.m2/repository/org/apache/hadoop/hadoop-kms/3.2.0/hadoop-kms-3.2.0.jar:/home/user/.m2/repository/org/apache/hadoop/hadoop-auth/3.2.0/hadoop-auth-3.2.0.jar:/home/user/.m2/repository/com/nimbusds/nimbus-jose-jwt/4.41.1/nimbus-jose-jwt-4.41.1.jar:/home/user/.m2/repository/com/github/stephenc/jcip/jcip-annotations/1.0-1/jcip-annotations-1.0-1.jar:/home/user/.m2/repository/net/minidev/json-smart/2.3/json-smart-2.3.jar:/home/user/.m2/repository/net/minidev/accessors-smart/1.2/accessors-smart-1.2.jar:/home/user/.m2/repository/org/ow2/asm/asm/5.0.4/asm-5.0.4.jar:/home/user/.m2/repository/org/apache/curator/curator-framework/2.12.0/curator-framework-2.12.0.jar:/home/user/.m2/repository/com/sun/jersey/jersey-core/1.19/jersey-core-1.19.jar:/home/user/.m2/repository/javax/ws/rs/jsr311-api/1.1.1/jsr311-api-1.1.1.jar:/home/user/.m2/repository/com/sun/jersey/jersey-server/1.19/jersey-server-1.19.jar:/home/user/.m2/repository/javax/servlet/javax.servlet-api/3.1.0/javax.servlet-api-3.1.0.jar:/home/user/.m2/repository/org/eclipse/jetty/jetty-server/9.3.25.v20180904/jetty-server-9.3.25.v20180904.jar:/home/user/.m2/repository/org/eclipse/jetty/jetty-http/9.3.25.v20180904/jetty-http-9.3.25.v20180904.jar:/home/user/.m2/repository/org/eclipse/jetty/jetty-io/9.3.25.v20180904/jetty-io-9.3.25.v20180904.jar:/home/user/.m2/repository/org/eclipse/jetty/jetty-webapp/9.3.25.v20180904/jetty-webapp-9.3.25.v20180904.jar:/home/user/.m2/repository/org/eclipse/jetty/jetty-xml/9.3.25.v20180904/jetty-xml-9.3.25.v20180904.jar:/home/user/.m2/repository/log4j/log4j/1.2.17/log4j-1.2.17.jar:/home/user/.m2/repository/org/slf4j/slf4j-api/1.7.25/slf4j-api-1.7.25.jar:/home/user/.m2/repository/org/slf4j/jul-to-slf4j/1.7.25/jul-to-slf4j-1.7.25.jar:/home/user/.m2/repository/org/eclipse/jetty/jetty-util/9.3.25.v20180904/jetty-util-9.3.25.v20180904.jar:/home/user/.m2/repository/com/fasterxml/jackson/core/jackson-databind/2.9.9/jackson-databind-2.9.9.jar:/home/user/.m2/repository/org/apache/hadoop/hadoop-kms/3.2.0/hadoop-kms-3.2.0-tests.jar:/home/user/.m2/repository/org/apache/hadoop/hadoop-hdds-server-scm/0.5.0-SNAPSHOT/hadoop-hdds-server-scm-0.5.0-SNAPSHOT-tests.jar:/home/user/.m2/repository/org/apache/hadoop/hadoop-hdds-container-service/0.5.0-SNAPSHOT/hadoop-hdds-container-service-0.5.0-SNAPSHOT-tests.jar:/home/user/.m2/repository/org/yaml/snakeyaml/1.16/snakeyaml-1.16.jar:/home/user/.m2/repository/org/apache/hadoop/hadoop-common/3.2.0/hadoop-common-3.2.0-tests.jar:/home/user/.m2/repository/org/apache/hadoop/hadoop-annotations/3.2.0/hadoop-annotations-3.2.0.jar:/usr/lib/jvm/java-1.8.0-openjdk-1.8.0.222.b10-1.el7_7.x86_64/jre/../lib/tools.jar:/home/user/.m2/repository/commons-cli/commons-cli/1.2/commons-cli-1.2.jar:/home/user/.m2/repository/org/apache/httpcomponents/httpclient/4.5.2/httpclient-4.5.2.jar:/home/user/.m2/repository/org/apache/httpcomponents/httpcore/4.4.4/httpcore-4.4.4.jar:/home/user/.m2/repository/commons-codec/commons-codec/1.11/commons-codec-1.11.jar:/home/user/.m2/repository/commons-net/commons-net/3.6/commons-net-3.6.jar:/home/user/.m2/repository/commons-collections/commons-collections/3.2.2/commons-collections-3.2.2.jar:/home/user/.m2/repository/org/eclipse/jetty/jetty-servlet/9.3.25.v20180904/jetty-servlet-9.3.25.v20180904.jar:/home/user/.m2/repository/org/eclipse/jetty/jetty-security/9.3.25.v20180904/jetty-security-9.3.25.v20180904.jar:/home/user/.m2/repository/javax/servlet/jsp/jsp-api/2.1/jsp-api-2.1.jar:/home/user/.m2/repository/com/sun/jersey/jersey-servlet/1.19/jersey-servlet-1.19.jar:/home/user/.m2/repository/com/sun/jersey/jersey-json/1.19/jersey-json-1.19.jar:/home/user/.m2/repository/org/codehaus/jettison/jettison/1.1/jettison-1.1.jar:/home/user/.m2/repository/org/codehaus/jackson/jackson-core-asl/1.9.13/jackson-core-asl-1.9.13.jar:/home/user/.m2/repository/org/codehaus/jackson/jackson-mapper-asl/1.9.13/jackson-mapper-asl-1.9.13.jar:/home/user/.m2/repository/org/codehaus/jackson/jackson-jaxrs/1.9.13/jackson-jaxrs-1.9.13.jar:/home/user/.m2/repository/org/codehaus/jackson/jackson-xc/1.9.13/jackson-xc-1.9.13.jar:/home/user/.m2/repository/commons-logging/commons-logging/1.1.3/commons-logging-1.1.3.jar:/home/user/.m2/repository/commons-beanutils/commons-beanutils/1.9.4/commons-beanutils-1.9.4.jar:/home/user/.m2/repository/org/apache/commons/commons-configuration2/2.1.1/commons-configuration2-2.1.1.jar:/home/user/.m2/repository/org/apache/commons/commons-lang3/3.7/commons-lang3-3.7.jar:/home/user/.m2/repository/org/apache/commons/commons-text/1.4/commons-text-1.4.jar:/home/user/.m2/repository/org/apache/avro/avro/1.7.7/avro-1.7.7.jar:/home/user/.m2/repository/com/thoughtworks/paranamer/paranamer/2.3/paranamer-2.3.jar:/home/user/.m2/repository/org/xerial/snappy/snappy-java/1.0.5/snappy-java-1.0.5.jar:/home/user/.m2/repository/com/google/re2j/re2j/1.1/re2j-1.1.jar:/home/user/.m2/repository/com/google/code/gson/gson/2.2.4/gson-2.2.4.jar:/home/user/.m2/repository/com/jcraft/jsch/0.1.54/jsch-0.1.54.jar:/home/user/.m2/repository/org/apache/curator/curator-client/2.12.0/curator-client-2.12.0.jar:/home/user/.m2/repository/org/apache/curator/curator-recipes/2.12.0/curator-recipes-2.12.0.jar:/home/user/.m2/repository/com/google/code/findbugs/jsr305/3.0.0/jsr305-3.0.0.jar:/home/user/.m2/repository/org/apache/htrace/htrace-core4/4.1.0-incubating/htrace-core4-4.1.0-incubating.jar:/home/user/.m2/repository/org/apache/zookeeper/zookeeper/3.4.13/zookeeper-3.4.13.jar:/home/user/.m2/repository/jline/jline/0.9.94/jline-0.9.94.jar:/home/user/.m2/repository/org/apache/yetus/audience-annotations/0.5.0/audience-annotations-0.5.0.jar:/home/user/.m2/repository/org/codehaus/woodstox/stax2-api/3.1.4/stax2-api-3.1.4.jar:/home/user/.m2/repository/com/fasterxml/woodstox/woodstox-core/5.0.3/woodstox-core-5.0.3.jar:/home/user/.m2/repository/dnsjava/dnsjava/2.1.7/dnsjava-2.1.7.jar:/home/user/.m2/repository/org/apache/hadoop/hadoop-hdfs/3.2.0/hadoop-hdfs-3.2.0-tests.jar:/home/user/.m2/repository/org/eclipse/jetty/jetty-util-ajax/9.3.25.v20180904/jetty-util-ajax-9.3.25.v20180904.jar:/home/user/.m2/repository/commons-daemon/commons-daemon/1.0.13/commons-daemon-1.0.13.jar:/home/user/.m2/repository/io/netty/netty/3.10.5.Final/netty-3.10.5.Final.jar:/home/user/.m2/repository/io/netty/netty-all/4.0.52.Final/netty-all-4.0.52.Final.jar:/home/user/.m2/repository/org/fusesource/leveldbjni/leveldbjni-all/1.8/leveldbjni-all-1.8.jar:"/>
    <property name="sun.cpu.endian" value="little"/>
    <property name="user.home" value="/home/user"/>
    <property name="user.language" value="en"/>
    <property name="java.specification.vendor" value="Oracle Corporation"/>
    <property name="java.home" value="/usr/lib/jvm/java-1.8.0-openjdk-1.8.0.222.b10-1.el7_7.x86_64/jre"/>
    <property name="surefire.excludesFile" value="/tools/ozone-bad-unit-tests"/>
    <property name="java.security.krb5.conf" value="/workdir/hadoop-ozone/integration-test/target/test-classes/krb5.conf"/>
    <property name="basedir" value="/workdir/hadoop-ozone/integration-test"/>
    <property name="file.separator" value="/"/>
    <property name="line.separator" value="&#10;"/>
    <property name="java.vm.specification.vendor" value="Oracle Corporation"/>
    <property name="java.specification.name" value="Java Platform API Specification"/>
    <property name="java.awt.graphicsenv" value="sun.awt.X11GraphicsEnvironment"/>
    <property name="surefire.real.class.path" value="/workdir/hadoop-ozone/integration-test/target/surefire/surefirebooter3186362435353213020.jar"/>
    <property name="hadoop.log.dir" value="/workdir/hadoop-ozone/integration-test/target/log"/>
    <property name="sun.boot.class.path" value="/usr/lib/jvm/java-1.8.0-openjdk-1.8.0.222.b10-1.el7_7.x86_64/jre/lib/resources.jar:/usr/lib/jvm/java-1.8.0-openjdk-1.8.0.222.b10-1.el7_7.x86_64/jre/lib/rt.jar:/usr/lib/jvm/java-1.8.0-openjdk-1.8.0.222.b10-1.el7_7.x86_64/jre/lib/sunrsasign.jar:/usr/lib/jvm/java-1.8.0-openjdk-1.8.0.222.b10-1.el7_7.x86_64/jre/lib/jsse.jar:/usr/lib/jvm/java-1.8.0-openjdk-1.8.0.222.b10-1.el7_7.x86_64/jre/lib/jce.jar:/usr/lib/jvm/java-1.8.0-openjdk-1.8.0.222.b10-1.el7_7.x86_64/jre/lib/charsets.jar:/usr/lib/jvm/java-1.8.0-openjdk-1.8.0.222.b10-1.el7_7.x86_64/jre/lib/jfr.jar:/usr/lib/jvm/java-1.8.0-openjdk-1.8.0.222.b10-1.el7_7.x86_64/jre/classes"/>
    <property name="sun.management.compiler" value="HotSpot 64-Bit Tiered Compilers"/>
    <property name="java.runtime.version" value="1.8.0_222-b10"/>
    <property name="java.net.preferIPv4Stack" value="true"/>
    <property name="user.name" value="jenkins1000"/>
    <property name="path.separator" value=":"/>
    <property name="java.security.egd" value="file:///dev/urandom"/>
    <property name="os.version" value="3.10.0-957.12.2.el7.x86_64"/>
    <property name="java.endorsed.dirs" value="/usr/lib/jvm/java-1.8.0-openjdk-1.8.0.222.b10-1.el7_7.x86_64/jre/lib/endorsed"/>
    <property name="java.runtime.name" value="OpenJDK Runtime Environment"/>
    <property name="file.encoding" value="ANSI_X3.4-1968"/>
    <property name="java.vm.name" value="OpenJDK 64-Bit Server VM"/>
    <property name="test.build.webapps" value=""/>
    <property name="localRepository" value="/home/user/.m2/repository"/>
    <property name="java.vendor.url.bug" value="http://bugreport.sun.com/bugreport/"/>
    <property name="java.io.tmpdir" value="/tmp"/>
    <property name="require.test.libhadoop" value=""/>
    <property name="java.version" value="1.8.0_222"/>
    <property name="user.dir" value="/workdir/hadoop-ozone/integration-test"/>
    <property name="os.arch" value="amd64"/>
    <property name="java.vm.specification.name" value="Java Virtual Machine Specification"/>
    <property name="test.build.classes" value="/workdir/hadoop-ozone/integration-test/target/test-classes"/>
    <property name="java.awt.printerjob" value="sun.print.PSPrinterJob"/>
    <property name="sun.os.patch.level" value="unknown"/>
    <property name="hadoop.tmp.dir" value="/workdir/hadoop-ozone/integration-test/target/tmp"/>
    <property name="java.library.path" value="/usr/lib:/workdir/hadoop-ozone/integration-test/target/native/target/usr/local/lib:/workdir/hadoop-ozone/integration-test/../../hadoop-common-project/hadoop-common/target/native/target/usr/local/lib:/usr/java/packages/lib/amd64:/usr/lib64:/lib64:/lib:/usr/lib"/>
    <property name="java.vm.info" value="mixed mode"/>
    <property name="java.vendor" value="Oracle Corporation"/>
    <property name="java.vm.version" value="25.222-b10"/>
    <property name="java.ext.dirs" value="/usr/lib/jvm/java-1.8.0-openjdk-1.8.0.222.b10-1.el7_7.x86_64/jre/lib/ext:/usr/java/packages/lib/ext"/>
    <property name="sun.io.unicode.encoding" value="UnicodeLittle"/>
    <property name="java.class.version" value="52.0"/>
  </properties>
  <testcase name="testMultiBlockWritesWithIntermittentDnFailures" classname="org.apache.hadoop.ozone.client.rpc.TestMultiBlockWritesWithDnFailures" time="58.159">
    <failure message="expected:&lt;6&gt; but was:&lt;4&gt;" type="java.lang.AssertionError"><![CDATA[java.lang.AssertionError: expected:<6> but was:<4>
	at org.junit.Assert.fail(Assert.java:88)
	at org.junit.Assert.failNotEquals(Assert.java:743)
	at org.junit.Assert.assertEquals(Assert.java:118)
	at org.junit.Assert.assertEquals(Assert.java:555)
	at org.junit.Assert.assertEquals(Assert.java:542)
	at org.apache.hadoop.ozone.client.rpc.TestMultiBlockWritesWithDnFailures.testMultiBlockWritesWithIntermittentDnFailures(TestMultiBlockWritesWithDnFailures.java:176)
	at sun.reflect.NativeMethodAccessorImpl.invoke0(Native Method)
	at sun.reflect.NativeMethodAccessorImpl.invoke(NativeMethodAccessorImpl.java:62)
	at sun.reflect.DelegatingMethodAccessorImpl.invoke(DelegatingMethodAccessorImpl.java:43)
	at java.lang.reflect.Method.invoke(Method.java:498)
	at org.junit.runners.model.FrameworkMethod$1.runReflectiveCall(FrameworkMethod.java:47)
	at org.junit.internal.runners.model.ReflectiveCallable.run(ReflectiveCallable.java:12)
	at org.junit.runners.model.FrameworkMethod.invokeExplosively(FrameworkMethod.java:44)
	at org.junit.internal.runners.statements.InvokeMethod.evaluate(InvokeMethod.java:17)
	at org.junit.internal.runners.statements.RunAfters.evaluate(RunAfters.java:27)
	at org.junit.runners.ParentRunner.runLeaf(ParentRunner.java:271)
	at org.junit.runners.BlockJUnit4ClassRunner.runChild(BlockJUnit4ClassRunner.java:70)
	at org.junit.runners.BlockJUnit4ClassRunner.runChild(BlockJUnit4ClassRunner.java:50)
	at org.junit.runners.ParentRunner$3.run(ParentRunner.java:238)
	at org.junit.runners.ParentRunner$1.schedule(ParentRunner.java:63)
	at org.junit.runners.ParentRunner.runChildren(ParentRunner.java:236)
	at org.junit.runners.ParentRunner.access$000(ParentRunner.java:53)
	at org.junit.runners.ParentRunner$2.evaluate(ParentRunner.java:229)
	at org.junit.runners.ParentRunner.run(ParentRunner.java:309)
	at org.apache.maven.surefire.junit4.JUnit4Provider.execute(JUnit4Provider.java:365)
	at org.apache.maven.surefire.junit4.JUnit4Provider.executeWithRerun(JUnit4Provider.java:273)
	at org.apache.maven.surefire.junit4.JUnit4Provider.executeTestSet(JUnit4Provider.java:238)
	at org.apache.maven.surefire.junit4.JUnit4Provider.invoke(JUnit4Provider.java:159)
	at org.apache.maven.surefire.booter.ForkedBooter.invokeProviderInSameClassLoader(ForkedBooter.java:384)
	at org.apache.maven.surefire.booter.ForkedBooter.runSuitesInProcess(ForkedBooter.java:345)
	at org.apache.maven.surefire.booter.ForkedBooter.execute(ForkedBooter.java:126)
	at org.apache.maven.surefire.booter.ForkedBooter.main(ForkedBooter.java:418)
]]></failure>
    <system-out><![CDATA[2019-10-17 18:50:32,902 [main] WARN  server.ServerUtils (ServerUtils.java:getScmDbDir(145)) - ozone.scm.db.dirs is not configured. We recommend adding this setting. Falling back to ozone.metadata.dirs instead.
2019-10-17 18:50:33,041 [main] WARN  server.ServerUtils (ServerUtils.java:getScmDbDir(145)) - ozone.scm.db.dirs is not configured. We recommend adding this setting. Falling back to ozone.metadata.dirs instead.
2019-10-17 18:50:33,045 [main] WARN  server.ServerUtils (ServerUtils.java:getScmDbDir(145)) - ozone.scm.db.dirs is not configured. We recommend adding this setting. Falling back to ozone.metadata.dirs instead.
2019-10-17 18:50:33,075 [main] INFO  util.log (Log.java:initialized(192)) - Logging initialized @804ms
2019-10-17 18:50:33,170 [main] INFO  db.DBStoreBuilder (DBStoreBuilder.java:addTable(117)) - using custom profile for table: deletedBlocks
2019-10-17 18:50:33,170 [main] INFO  db.DBStoreBuilder (DBStoreBuilder.java:processTables(168)) - Using default column profile:DBProfile.DISK for Table:deletedBlocks
2019-10-17 18:50:33,170 [main] INFO  db.DBStoreBuilder (DBStoreBuilder.java:addTable(117)) - using custom profile for table: validCerts
2019-10-17 18:50:33,171 [main] INFO  db.DBStoreBuilder (DBStoreBuilder.java:processTables(168)) - Using default column profile:DBProfile.DISK for Table:validCerts
2019-10-17 18:50:33,171 [main] INFO  db.DBStoreBuilder (DBStoreBuilder.java:addTable(117)) - using custom profile for table: revokedCerts
2019-10-17 18:50:33,171 [main] INFO  db.DBStoreBuilder (DBStoreBuilder.java:processTables(168)) - Using default column profile:DBProfile.DISK for Table:revokedCerts
2019-10-17 18:50:33,182 [main] INFO  db.DBStoreBuilder (DBStoreBuilder.java:addTable(117)) - using custom profile for table: default
2019-10-17 18:50:33,182 [main] INFO  db.DBStoreBuilder (DBStoreBuilder.java:processTables(174)) - Using default column profile:DBProfile.DISK for Table:default
2019-10-17 18:50:33,183 [main] INFO  db.DBStoreBuilder (DBStoreBuilder.java:getDbProfile(205)) - Using default options. DBProfile.DISK
2019-10-17 18:50:33,660 [main] INFO  net.NodeSchemaLoader (NodeSchemaLoader.java:loadSchemaFromFile(125)) - Loading file from sun.misc.CompoundEnumeration@6b2ea799
2019-10-17 18:50:33,661 [main] INFO  net.NodeSchemaLoader (NodeSchemaLoader.java:loadSchema(171)) - Loading network topology layer schema file
2019-10-17 18:50:33,719 [main] INFO  node.SCMNodeManager (SCMNodeManager.java:<init>(116)) - Entering startup safe mode.
2019-10-17 18:50:33,785 [main] INFO  algorithms.ContainerPlacementPolicyFactory (ContainerPlacementPolicyFactory.java:getPolicy(57)) - Create container placement policy of type org.apache.hadoop.hdds.scm.container.placement.algorithms.SCMContainerPlacementRandom
2019-10-17 18:50:33,798 [main] WARN  server.ServerUtils (ServerUtils.java:getScmDbDir(145)) - ozone.scm.db.dirs is not configured. We recommend adding this setting. Falling back to ozone.metadata.dirs instead.
2019-10-17 18:50:33,890 [main] INFO  pipeline.SCMPipelineManager (SCMPipelineManager.java:initializePipelineState(132)) - No pipeline exists in current db
2019-10-17 18:50:33,893 [main] WARN  server.ServerUtils (ServerUtils.java:getScmDbDir(145)) - ozone.scm.db.dirs is not configured. We recommend adding this setting. Falling back to ozone.metadata.dirs instead.
2019-10-17 18:50:33,973 [main] WARN  events.EventQueue (EventQueue.java:fireEvent(183)) - No event handler registered for event TypedEvent{payloadType=SafeModeStatus, name='SafeModeStatus'}
2019-10-17 18:50:34,325 [main] INFO  ipc.CallQueueManager (CallQueueManager.java:<init>(84)) - Using callQueue: class java.util.concurrent.LinkedBlockingQueue, queueCapacity: 2000, scheduler: class org.apache.hadoop.ipc.DefaultRpcScheduler, ipcBackoff: false.
2019-10-17 18:50:34,350 [Socket Reader #1 for port 38637] INFO  ipc.Server (Server.java:run(1074)) - Starting Socket Reader #1 for port 38637
2019-10-17 18:50:34,463 [main] INFO  ipc.CallQueueManager (CallQueueManager.java:<init>(84)) - Using callQueue: class java.util.concurrent.LinkedBlockingQueue, queueCapacity: 2000, scheduler: class org.apache.hadoop.ipc.DefaultRpcScheduler, ipcBackoff: false.
2019-10-17 18:50:34,464 [Socket Reader #1 for port 36143] INFO  ipc.Server (Server.java:run(1074)) - Starting Socket Reader #1 for port 36143
2019-10-17 18:50:34,474 [main] INFO  ipc.CallQueueManager (CallQueueManager.java:<init>(84)) - Using callQueue: class java.util.concurrent.LinkedBlockingQueue, queueCapacity: 2000, scheduler: class org.apache.hadoop.ipc.DefaultRpcScheduler, ipcBackoff: false.
2019-10-17 18:50:34,475 [Socket Reader #1 for port 38327] INFO  ipc.Server (Server.java:run(1074)) - Starting Socket Reader #1 for port 38327
2019-10-17 18:50:34,503 [main] INFO  hdfs.DFSUtil (DFSUtil.java:httpServerTemplateForNNAndJN(1641)) - Starting Web-server for scm at: http://0.0.0.0:0
2019-10-17 18:50:34,678 [main] INFO  server.AuthenticationFilter (AuthenticationFilter.java:constructSecretProvider(240)) - Unable to initialize FileSignerSecretProvider, falling back to use random secrets.
2019-10-17 18:50:34,686 [main] WARN  http.HttpRequestLog (HttpRequestLog.java:getRequestLog(97)) - Jetty request log can only be enabled using Log4j
2019-10-17 18:50:34,694 [main] INFO  http.HttpServer2 (HttpServer2.java:addGlobalFilter(975)) - Added global filter 'safety' (class=org.apache.hadoop.http.HttpServer2$QuotingInputFilter)
2019-10-17 18:50:34,698 [main] INFO  http.HttpServer2 (HttpServer2.java:addFilter(948)) - Added filter static_user_filter (class=org.apache.hadoop.http.lib.StaticUserWebFilter$StaticUserFilter) to context scm
2019-10-17 18:50:34,698 [main] INFO  http.HttpServer2 (HttpServer2.java:addFilter(958)) - Added filter static_user_filter (class=org.apache.hadoop.http.lib.StaticUserWebFilter$StaticUserFilter) to context logs
2019-10-17 18:50:34,699 [main] INFO  http.HttpServer2 (HttpServer2.java:addFilter(958)) - Added filter static_user_filter (class=org.apache.hadoop.http.lib.StaticUserWebFilter$StaticUserFilter) to context static
2019-10-17 18:50:34,732 [main] INFO  server.StorageContainerManager (StorageContainerManager.java:start(772)) - StorageContainerLocationProtocol RPC server is listening at /0.0.0.0:38327
2019-10-17 18:50:34,795 [main] WARN  impl.MetricsConfig (MetricsConfig.java:loadFirst(134)) - Cannot locate configuration: tried hadoop-metrics2-storagecontainermanager.properties,hadoop-metrics2.properties
2019-10-17 18:50:34,808 [main] INFO  impl.MetricsSystemImpl (MetricsSystemImpl.java:startTimer(374)) - Scheduled Metric snapshot period at 10 second(s).
2019-10-17 18:50:34,808 [main] INFO  impl.MetricsSystemImpl (MetricsSystemImpl.java:start(191)) - StorageContainerManager metrics system started
2019-10-17 18:50:35,050 [main] INFO  server.SCMClientProtocolServer (SCMClientProtocolServer.java:start(159)) - RPC server for Client  is listening at /0.0.0.0:38327
2019-10-17 18:50:35,051 [IPC Server Responder] INFO  ipc.Server (Server.java:run(1314)) - IPC Server Responder: starting
2019-10-17 18:50:35,051 [IPC Server listener on 38327] INFO  ipc.Server (Server.java:run(1153)) - IPC Server listener on 38327: starting
2019-10-17 18:50:35,053 [main] INFO  server.StorageContainerManager (StorageContainerManager.java:start(782)) - ScmBlockLocationProtocol RPC server is listening at /0.0.0.0:36143
2019-10-17 18:50:35,054 [main] INFO  server.SCMBlockProtocolServer (SCMBlockProtocolServer.java:start(146)) - RPC server for Block Protocol is listening at /0.0.0.0:36143
2019-10-17 18:50:35,054 [IPC Server Responder] INFO  ipc.Server (Server.java:run(1314)) - IPC Server Responder: starting
2019-10-17 18:50:35,055 [IPC Server listener on 36143] INFO  ipc.Server (Server.java:run(1153)) - IPC Server listener on 36143: starting
2019-10-17 18:50:35,057 [main] INFO  server.StorageContainerManager (StorageContainerManager.java:start(786)) - ScmDatanodeProtocl RPC server is listening at /0.0.0.0:38637
2019-10-17 18:50:35,057 [main] INFO  server.SCMDatanodeProtocolServer (SCMDatanodeProtocolServer.java:start(169)) - RPC server for DataNodes is listening at /0.0.0.0:38637
2019-10-17 18:50:35,058 [IPC Server Responder] INFO  ipc.Server (Server.java:run(1314)) - IPC Server Responder: starting
2019-10-17 18:50:35,058 [IPC Server listener on 38637] INFO  ipc.Server (Server.java:run(1153)) - IPC Server listener on 38637: starting
2019-10-17 18:50:35,070 [main] INFO  http.HttpServer2 (HttpServer2.java:bindListener(1191)) - Jetty bound to port 33791
2019-10-17 18:50:35,072 [main] INFO  server.Server (Server.java:doStart(351)) - jetty-9.3.25.v20180904, build timestamp: 2018-09-04T21:11:46Z, git hash: 3ce520221d0240229c862b122d2b06c12a625732
2019-10-17 18:50:35,109 [main] INFO  handler.ContextHandler (ContextHandler.java:doStart(781)) - Started o.e.j.s.ServletContextHandler@340da44c{/logs,file:///workdir/hadoop-ozone/integration-test/target/log,AVAILABLE}
2019-10-17 18:50:35,110 [main] INFO  handler.ContextHandler (ContextHandler.java:doStart(781)) - Started o.e.j.s.ServletContextHandler@37052337{/static,file:///workdir/hadoop-ozone/integration-test/target/test-classes/webapps/static,AVAILABLE}
2019-10-17 18:50:35,144 [main] INFO  handler.ContextHandler (ContextHandler.java:doStart(781)) - Started o.e.j.w.WebAppContext@3b366632{/,file:///workdir/hadoop-ozone/integration-test/target/test-classes/webapps/scm/,AVAILABLE}{/scm}
2019-10-17 18:50:35,150 [main] INFO  server.AbstractConnector (AbstractConnector.java:doStart(278)) - Started ServerConnector@6815c5f2{HTTP/1.1,[http/1.1]}{0.0.0.0:33791}
2019-10-17 18:50:35,150 [main] INFO  server.Server (Server.java:doStart(419)) - Started @2879ms
2019-10-17 18:50:35,153 [main] INFO  impl.MetricsSinkAdapter (MetricsSinkAdapter.java:start(204)) - Sink prometheus started
2019-10-17 18:50:35,153 [main] INFO  impl.MetricsSystemImpl (MetricsSystemImpl.java:registerSink(301)) - Registered sink prometheus
2019-10-17 18:50:35,154 [main] INFO  server.BaseHttpServer (BaseHttpServer.java:updateConnectorAddress(215)) - HTTP server of SCM is listening at http://0.0.0.0:33791
2019-10-17 18:50:35,159 [org.apache.hadoop.util.JvmPauseMonitor$Monitor@4263b080] INFO  util.JvmPauseMonitor (JvmPauseMonitor.java:run(188)) - Starting JVM pause monitor
2019-10-17 18:50:35,162 [main] WARN  server.ServerUtils (ServerUtils.java:getDBPath(222)) - ozone.om.db.dirs is not configured. We recommend adding this setting. Falling back to ozone.metadata.dirs instead.
2019-10-17 18:50:35,287 [main] INFO  ha.OMHANodeDetails (OMHANodeDetails.java:loadOMHAConfig(190)) - Configuration either no ozone.om.address set. Falling back to the default OM address /127.0.0.1:0
2019-10-17 18:50:35,287 [main] INFO  ha.OMHANodeDetails (OMHANodeDetails.java:getOMNodeDetails(220)) - OM Service ID is not set. Setting it to the default ID: omServiceIdDefault
2019-10-17 18:50:35,289 [main] WARN  server.ServerUtils (ServerUtils.java:getDBPath(222)) - ozone.om.db.dirs is not configured. We recommend adding this setting. Falling back to ozone.metadata.dirs instead.
2019-10-17 18:50:35,289 [main] WARN  server.ServerUtils (ServerUtils.java:getDBPath(222)) - ozone.om.db.dirs is not configured. We recommend adding this setting. Falling back to ozone.metadata.dirs instead.
2019-10-17 18:50:35,917 [main] WARN  server.ServerUtils (ServerUtils.java:getDBPath(222)) - ozone.om.db.dirs is not configured. We recommend adding this setting. Falling back to ozone.metadata.dirs instead.
2019-10-17 18:50:35,925 [main] INFO  db.DBStoreBuilder (DBStoreBuilder.java:addTable(117)) - using custom profile for table: userTable
2019-10-17 18:50:35,925 [main] INFO  db.DBStoreBuilder (DBStoreBuilder.java:processTables(168)) - Using default column profile:DBProfile.DISK for Table:userTable
2019-10-17 18:50:35,926 [main] INFO  db.DBStoreBuilder (DBStoreBuilder.java:addTable(117)) - using custom profile for table: volumeTable
2019-10-17 18:50:35,926 [main] INFO  db.DBStoreBuilder (DBStoreBuilder.java:processTables(168)) - Using default column profile:DBProfile.DISK for Table:volumeTable
2019-10-17 18:50:35,926 [main] INFO  db.DBStoreBuilder (DBStoreBuilder.java:addTable(117)) - using custom profile for table: bucketTable
2019-10-17 18:50:35,926 [main] INFO  db.DBStoreBuilder (DBStoreBuilder.java:processTables(168)) - Using default column profile:DBProfile.DISK for Table:bucketTable
2019-10-17 18:50:35,927 [main] INFO  db.DBStoreBuilder (DBStoreBuilder.java:addTable(117)) - using custom profile for table: keyTable
2019-10-17 18:50:35,927 [main] INFO  db.DBStoreBuilder (DBStoreBuilder.java:processTables(168)) - Using default column profile:DBProfile.DISK for Table:keyTable
2019-10-17 18:50:35,927 [main] INFO  db.DBStoreBuilder (DBStoreBuilder.java:addTable(117)) - using custom profile for table: deletedTable
2019-10-17 18:50:35,927 [main] INFO  db.DBStoreBuilder (DBStoreBuilder.java:processTables(168)) - Using default column profile:DBProfile.DISK for Table:deletedTable
2019-10-17 18:50:35,928 [main] INFO  db.DBStoreBuilder (DBStoreBuilder.java:addTable(117)) - using custom profile for table: openKeyTable
2019-10-17 18:50:35,928 [main] INFO  db.DBStoreBuilder (DBStoreBuilder.java:processTables(168)) - Using default column profile:DBProfile.DISK for Table:openKeyTable
2019-10-17 18:50:35,928 [main] INFO  db.DBStoreBuilder (DBStoreBuilder.java:addTable(117)) - using custom profile for table: s3Table
2019-10-17 18:50:35,928 [main] INFO  db.DBStoreBuilder (DBStoreBuilder.java:processTables(168)) - Using default column profile:DBProfile.DISK for Table:s3Table
2019-10-17 18:50:35,929 [main] INFO  db.DBStoreBuilder (DBStoreBuilder.java:addTable(117)) - using custom profile for table: multipartInfoTable
2019-10-17 18:50:35,929 [main] INFO  db.DBStoreBuilder (DBStoreBuilder.java:processTables(168)) - Using default column profile:DBProfile.DISK for Table:multipartInfoTable
2019-10-17 18:50:35,929 [main] INFO  db.DBStoreBuilder (DBStoreBuilder.java:addTable(117)) - using custom profile for table: dTokenTable
2019-10-17 18:50:35,929 [main] INFO  db.DBStoreBuilder (DBStoreBuilder.java:processTables(168)) - Using default column profile:DBProfile.DISK for Table:dTokenTable
2019-10-17 18:50:35,930 [main] INFO  db.DBStoreBuilder (DBStoreBuilder.java:addTable(117)) - using custom profile for table: s3SecretTable
2019-10-17 18:50:35,930 [main] INFO  db.DBStoreBuilder (DBStoreBuilder.java:processTables(168)) - Using default column profile:DBProfile.DISK for Table:s3SecretTable
2019-10-17 18:50:35,930 [main] INFO  db.DBStoreBuilder (DBStoreBuilder.java:addTable(117)) - using custom profile for table: prefixTable
2019-10-17 18:50:35,930 [main] INFO  db.DBStoreBuilder (DBStoreBuilder.java:processTables(168)) - Using default column profile:DBProfile.DISK for Table:prefixTable
2019-10-17 18:50:35,931 [main] INFO  db.DBStoreBuilder (DBStoreBuilder.java:addTable(117)) - using custom profile for table: default
2019-10-17 18:50:35,931 [main] INFO  db.DBStoreBuilder (DBStoreBuilder.java:processTables(174)) - Using default column profile:DBProfile.DISK for Table:default
2019-10-17 18:50:35,931 [main] INFO  db.DBStoreBuilder (DBStoreBuilder.java:getDbProfile(205)) - Using default options. DBProfile.DISK
2019-10-17 18:50:36,468 [main] INFO  ipc.CallQueueManager (CallQueueManager.java:<init>(84)) - Using callQueue: class java.util.concurrent.LinkedBlockingQueue, queueCapacity: 2000, scheduler: class org.apache.hadoop.ipc.DefaultRpcScheduler, ipcBackoff: false.
2019-10-17 18:50:36,470 [Socket Reader #1 for port 41382] INFO  ipc.Server (Server.java:run(1074)) - Starting Socket Reader #1 for port 41382
2019-10-17 18:50:36,493 [main] INFO  om.OzoneManager (OzoneManager.java:start(1071)) - OzoneManager RPC server is listening at localhost/127.0.0.1:41382
2019-10-17 18:50:36,494 [main] INFO  impl.MetricsSystemImpl (MetricsSystemImpl.java:init(158)) - OzoneManager metrics system started (again)
2019-10-17 18:50:36,502 [IPC Server Responder] INFO  ipc.Server (Server.java:run(1314)) - IPC Server Responder: starting
2019-10-17 18:50:36,502 [IPC Server listener on 41382] INFO  ipc.Server (Server.java:run(1153)) - IPC Server listener on 41382: starting
2019-10-17 18:50:36,509 [main] INFO  hdfs.DFSUtil (DFSUtil.java:httpServerTemplateForNNAndJN(1641)) - Starting Web-server for ozoneManager at: http://0.0.0.0:0
2019-10-17 18:50:36,510 [main] INFO  server.AuthenticationFilter (AuthenticationFilter.java:constructSecretProvider(240)) - Unable to initialize FileSignerSecretProvider, falling back to use random secrets.
2019-10-17 18:50:36,511 [main] WARN  http.HttpRequestLog (HttpRequestLog.java:getRequestLog(97)) - Jetty request log can only be enabled using Log4j
2019-10-17 18:50:36,513 [main] INFO  http.HttpServer2 (HttpServer2.java:addGlobalFilter(975)) - Added global filter 'safety' (class=org.apache.hadoop.http.HttpServer2$QuotingInputFilter)
2019-10-17 18:50:36,514 [main] INFO  http.HttpServer2 (HttpServer2.java:addFilter(948)) - Added filter static_user_filter (class=org.apache.hadoop.http.lib.StaticUserWebFilter$StaticUserFilter) to context ozoneManager
2019-10-17 18:50:36,514 [main] INFO  http.HttpServer2 (HttpServer2.java:addFilter(958)) - Added filter static_user_filter (class=org.apache.hadoop.http.lib.StaticUserWebFilter$StaticUserFilter) to context logs
2019-10-17 18:50:36,514 [main] INFO  http.HttpServer2 (HttpServer2.java:addFilter(958)) - Added filter static_user_filter (class=org.apache.hadoop.http.lib.StaticUserWebFilter$StaticUserFilter) to context static
2019-10-17 18:50:36,516 [main] INFO  http.HttpServer2 (HttpServer2.java:bindListener(1191)) - Jetty bound to port 35979
2019-10-17 18:50:36,516 [main] INFO  server.Server (Server.java:doStart(351)) - jetty-9.3.25.v20180904, build timestamp: 2018-09-04T21:11:46Z, git hash: 3ce520221d0240229c862b122d2b06c12a625732
2019-10-17 18:50:36,518 [main] INFO  handler.ContextHandler (ContextHandler.java:doStart(781)) - Started o.e.j.s.ServletContextHandler@6b63d445{/logs,file:///workdir/hadoop-ozone/integration-test/target/log,AVAILABLE}
2019-10-17 18:50:36,519 [main] INFO  handler.ContextHandler (ContextHandler.java:doStart(781)) - Started o.e.j.s.ServletContextHandler@30b2b76f{/static,file:///workdir/hadoop-ozone/integration-test/target/test-classes/webapps/static,AVAILABLE}
2019-10-17 18:50:36,524 [main] INFO  handler.ContextHandler (ContextHandler.java:doStart(781)) - Started o.e.j.w.WebAppContext@12db3386{/,file:///workdir/hadoop-ozone/integration-test/target/test-classes/webapps/ozoneManager/,AVAILABLE}{/ozoneManager}
2019-10-17 18:50:36,525 [main] INFO  server.AbstractConnector (AbstractConnector.java:doStart(278)) - Started ServerConnector@4078695f{HTTP/1.1,[http/1.1]}{0.0.0.0:35979}
2019-10-17 18:50:36,525 [main] INFO  server.Server (Server.java:doStart(419)) - Started @4254ms
2019-10-17 18:50:36,525 [main] WARN  impl.MetricsSystemImpl (MetricsSystemImpl.java:register(276)) - Sink prometheus already exists!
2019-10-17 18:50:36,526 [main] INFO  server.BaseHttpServer (BaseHttpServer.java:updateConnectorAddress(215)) - HTTP server of OZONEMANAGER is listening at http://0.0.0.0:35979
2019-10-17 18:50:36,781 [main] INFO  impl.MetricsSystemImpl (MetricsSystemImpl.java:init(158)) - HddsDatanode metrics system started (again)
2019-10-17 18:50:36,828 [main] INFO  ozone.HddsDatanodeService (HddsDatanodeService.java:start(184)) - HddsDatanodeService host:pr-hdds-2318-qqrts-113280968 ip:192.168.157.251
2019-10-17 18:50:36,857 [main] INFO  volume.HddsVolume (HddsVolume.java:<init>(176)) - Creating Volume: /workdir/hadoop-ozone/integration-test/target/test-dir/MiniOzoneClusterImpl-1add80d3-0bcb-487c-a891-e654dcc55690/datanode-0/data/containers/hdds of  storage type : DISK and capacity : 1482555576320
2019-10-17 18:50:36,859 [main] INFO  volume.VolumeSet (VolumeSet.java:initializeVolumeSet(170)) - Added Volume : /workdir/hadoop-ozone/integration-test/target/test-dir/MiniOzoneClusterImpl-1add80d3-0bcb-487c-a891-e654dcc55690/datanode-0/data/containers/hdds to VolumeSet
2019-10-17 18:50:36,862 [main] INFO  volume.ThrottledAsyncChecker (ThrottledAsyncChecker.java:schedule(141)) - Scheduling a check for /workdir/hadoop-ozone/integration-test/target/test-dir/MiniOzoneClusterImpl-1add80d3-0bcb-487c-a891-e654dcc55690/datanode-0/data/containers/hdds
2019-10-17 18:50:36,878 [main] INFO  volume.HddsVolumeChecker (HddsVolumeChecker.java:checkAllVolumes(204)) - Scheduled health check for volume /workdir/hadoop-ozone/integration-test/target/test-dir/MiniOzoneClusterImpl-1add80d3-0bcb-487c-a891-e654dcc55690/datanode-0/data/containers/hdds
2019-10-17 18:50:36,979 [main] INFO  impl.RaftServerProxy (ConfUtils.java:logGet(43)) - raft.rpc.type = GRPC (default)
2019-10-17 18:50:37,034 [main] INFO  grpc.GrpcFactory (GrpcFactory.java:checkPooledByteBufAllocatorUseCacheForAllThreads(45)) - PERFORMANCE WARNING: useCacheForAllThreads is true that may cause Netty to create a lot garbage objects and, as a result, trigger GC.
	It is recommended to disable useCacheForAllThreads by setting -Dorg.apache.ratis.thirdparty.io.netty.allocator.useCacheForAllThreads=false in command line.
2019-10-17 18:50:37,039 [main] INFO  grpc.GrpcConfigKeys$Server (ConfUtils.java:logGet(43)) - raft.grpc.server.port = 0 (default)
2019-10-17 18:50:37,039 [main] INFO  server.GrpcService (ConfUtils.java:logGet(43)) - raft.grpc.message.size.max = 33570816 (custom)
2019-10-17 18:50:37,041 [main] INFO  server.RaftServerConfigKeys (ConfUtils.java:logGet(43)) - raft.server.log.appender.buffer.byte-limit = 33554432 (custom)
2019-10-17 18:50:37,041 [main] INFO  server.GrpcService (ConfUtils.java:logGet(43)) - raft.grpc.flow.control.window = 1MB (=1048576) (default)
2019-10-17 18:50:37,042 [main] INFO  server.RaftServerConfigKeys (ConfUtils.java:logGet(43)) - raft.server.rpc.request.timeout = 3000ms (default)
2019-10-17 18:50:37,180 [main] INFO  server.RaftServerConfigKeys (ConfUtils.java:logGet(43)) - raft.server.storage.dir = [/workdir/hadoop-ozone/integration-test/target/test-dir/MiniOzoneClusterImpl-1add80d3-0bcb-487c-a891-e654dcc55690/datanode-0/data/ratis] (custom)
2019-10-17 18:50:37,224 [main] INFO  hdfs.DFSUtil (DFSUtil.java:httpServerTemplateForNNAndJN(1641)) - Starting Web-server for hddsDatanode at: http://0.0.0.0:0
2019-10-17 18:50:37,225 [main] INFO  server.AuthenticationFilter (AuthenticationFilter.java:constructSecretProvider(240)) - Unable to initialize FileSignerSecretProvider, falling back to use random secrets.
2019-10-17 18:50:37,226 [main] WARN  http.HttpRequestLog (HttpRequestLog.java:getRequestLog(97)) - Jetty request log can only be enabled using Log4j
2019-10-17 18:50:37,228 [main] INFO  http.HttpServer2 (HttpServer2.java:addGlobalFilter(975)) - Added global filter 'safety' (class=org.apache.hadoop.http.HttpServer2$QuotingInputFilter)
2019-10-17 18:50:37,229 [main] INFO  http.HttpServer2 (HttpServer2.java:addFilter(948)) - Added filter static_user_filter (class=org.apache.hadoop.http.lib.StaticUserWebFilter$StaticUserFilter) to context hddsDatanode
2019-10-17 18:50:37,229 [main] INFO  http.HttpServer2 (HttpServer2.java:addFilter(958)) - Added filter static_user_filter (class=org.apache.hadoop.http.lib.StaticUserWebFilter$StaticUserFilter) to context static
2019-10-17 18:50:37,229 [main] INFO  http.HttpServer2 (HttpServer2.java:addFilter(958)) - Added filter static_user_filter (class=org.apache.hadoop.http.lib.StaticUserWebFilter$StaticUserFilter) to context logs
2019-10-17 18:50:37,230 [main] INFO  http.HttpServer2 (HttpServer2.java:bindListener(1191)) - Jetty bound to port 42722
2019-10-17 18:50:37,230 [main] INFO  server.Server (Server.java:doStart(351)) - jetty-9.3.25.v20180904, build timestamp: 2018-09-04T21:11:46Z, git hash: 3ce520221d0240229c862b122d2b06c12a625732
2019-10-17 18:50:37,233 [main] INFO  handler.ContextHandler (ContextHandler.java:doStart(781)) - Started o.e.j.s.ServletContextHandler@644ded04{/logs,file:///workdir/hadoop-ozone/integration-test/target/log,AVAILABLE}
2019-10-17 18:50:37,233 [main] INFO  handler.ContextHandler (ContextHandler.java:doStart(781)) - Started o.e.j.s.ServletContextHandler@13d9261f{/static,jar:file:/home/user/.m2/repository/org/apache/hadoop/hadoop-hdds-container-service/0.5.0-SNAPSHOT/hadoop-hdds-container-service-0.5.0-SNAPSHOT.jar!/webapps/static,AVAILABLE}
2019-10-17 18:50:37,270 [main] INFO  handler.ContextHandler (ContextHandler.java:doStart(781)) - Started o.e.j.w.WebAppContext@61cd1c71{/,file:///tmp/jetty-0.0.0.0-42722-hddsDatanode-_-any-5323190127061212343.dir/webapp/,AVAILABLE}{/hddsDatanode}
2019-10-17 18:50:37,271 [main] INFO  server.AbstractConnector (AbstractConnector.java:doStart(278)) - Started ServerConnector@6724cdec{HTTP/1.1,[http/1.1]}{0.0.0.0:42722}
2019-10-17 18:50:37,271 [main] INFO  server.Server (Server.java:doStart(419)) - Started @5000ms
2019-10-17 18:50:37,271 [main] WARN  impl.MetricsSystemImpl (MetricsSystemImpl.java:register(276)) - Sink prometheus already exists!
2019-10-17 18:50:37,273 [main] INFO  server.BaseHttpServer (BaseHttpServer.java:updateConnectorAddress(215)) - HTTP server of HDDSDATANODE is listening at http://0.0.0.0:42722
2019-10-17 18:50:37,273 [main] INFO  impl.MetricsSystemImpl (MetricsSystemImpl.java:init(158)) - HddsDatanode metrics system started (again)
2019-10-17 18:50:37,276 [main] INFO  ozone.HddsDatanodeService (HddsDatanodeService.java:start(184)) - HddsDatanodeService host:pr-hdds-2318-qqrts-113280968 ip:192.168.157.251
2019-10-17 18:50:37,278 [org.apache.hadoop.util.JvmPauseMonitor$Monitor@37681e4f] INFO  util.JvmPauseMonitor (JvmPauseMonitor.java:run(188)) - Starting JVM pause monitor
2019-10-17 18:50:37,283 [main] INFO  volume.HddsVolume (HddsVolume.java:<init>(176)) - Creating Volume: /workdir/hadoop-ozone/integration-test/target/test-dir/MiniOzoneClusterImpl-1add80d3-0bcb-487c-a891-e654dcc55690/datanode-1/data/containers/hdds of  storage type : DISK and capacity : 1482555576320
2019-10-17 18:50:37,284 [main] INFO  volume.VolumeSet (VolumeSet.java:initializeVolumeSet(170)) - Added Volume : /workdir/hadoop-ozone/integration-test/target/test-dir/MiniOzoneClusterImpl-1add80d3-0bcb-487c-a891-e654dcc55690/datanode-1/data/containers/hdds to VolumeSet
2019-10-17 18:50:37,284 [main] INFO  volume.ThrottledAsyncChecker (ThrottledAsyncChecker.java:schedule(141)) - Scheduling a check for /workdir/hadoop-ozone/integration-test/target/test-dir/MiniOzoneClusterImpl-1add80d3-0bcb-487c-a891-e654dcc55690/datanode-1/data/containers/hdds
2019-10-17 18:50:37,285 [main] INFO  volume.HddsVolumeChecker (HddsVolumeChecker.java:checkAllVolumes(204)) - Scheduled health check for volume /workdir/hadoop-ozone/integration-test/target/test-dir/MiniOzoneClusterImpl-1add80d3-0bcb-487c-a891-e654dcc55690/datanode-1/data/containers/hdds
2019-10-17 18:50:37,305 [main] INFO  impl.RaftServerProxy (ConfUtils.java:logGet(43)) - raft.rpc.type = GRPC (default)
2019-10-17 18:50:37,305 [main] INFO  grpc.GrpcFactory (GrpcFactory.java:checkPooledByteBufAllocatorUseCacheForAllThreads(45)) - PERFORMANCE WARNING: useCacheForAllThreads is true that may cause Netty to create a lot garbage objects and, as a result, trigger GC.
	It is recommended to disable useCacheForAllThreads by setting -Dorg.apache.ratis.thirdparty.io.netty.allocator.useCacheForAllThreads=false in command line.
2019-10-17 18:50:37,306 [main] INFO  grpc.GrpcConfigKeys$Server (ConfUtils.java:logGet(43)) - raft.grpc.server.port = 0 (default)
2019-10-17 18:50:37,306 [main] INFO  server.GrpcService (ConfUtils.java:logGet(43)) - raft.grpc.message.size.max = 33570816 (custom)
2019-10-17 18:50:37,306 [main] INFO  server.RaftServerConfigKeys (ConfUtils.java:logGet(43)) - raft.server.log.appender.buffer.byte-limit = 33554432 (custom)
2019-10-17 18:50:37,307 [main] INFO  server.GrpcService (ConfUtils.java:logGet(43)) - raft.grpc.flow.control.window = 1MB (=1048576) (default)
2019-10-17 18:50:37,307 [main] INFO  server.RaftServerConfigKeys (ConfUtils.java:logGet(43)) - raft.server.rpc.request.timeout = 3000ms (default)
2019-10-17 18:50:37,308 [main] INFO  server.RaftServerConfigKeys (ConfUtils.java:logGet(43)) - raft.server.storage.dir = [/workdir/hadoop-ozone/integration-test/target/test-dir/MiniOzoneClusterImpl-1add80d3-0bcb-487c-a891-e654dcc55690/datanode-1/data/ratis] (custom)
2019-10-17 18:50:37,310 [main] INFO  hdfs.DFSUtil (DFSUtil.java:httpServerTemplateForNNAndJN(1641)) - Starting Web-server for hddsDatanode at: http://0.0.0.0:0
2019-10-17 18:50:37,312 [main] INFO  server.AuthenticationFilter (AuthenticationFilter.java:constructSecretProvider(240)) - Unable to initialize FileSignerSecretProvider, falling back to use random secrets.
2019-10-17 18:50:37,312 [main] WARN  http.HttpRequestLog (HttpRequestLog.java:getRequestLog(97)) - Jetty request log can only be enabled using Log4j
2019-10-17 18:50:37,314 [main] INFO  http.HttpServer2 (HttpServer2.java:addGlobalFilter(975)) - Added global filter 'safety' (class=org.apache.hadoop.http.HttpServer2$QuotingInputFilter)
2019-10-17 18:50:37,315 [main] INFO  http.HttpServer2 (HttpServer2.java:addFilter(948)) - Added filter static_user_filter (class=org.apache.hadoop.http.lib.StaticUserWebFilter$StaticUserFilter) to context hddsDatanode
2019-10-17 18:50:37,316 [main] INFO  http.HttpServer2 (HttpServer2.java:addFilter(958)) - Added filter static_user_filter (class=org.apache.hadoop.http.lib.StaticUserWebFilter$StaticUserFilter) to context static
2019-10-17 18:50:37,316 [main] INFO  http.HttpServer2 (HttpServer2.java:addFilter(958)) - Added filter static_user_filter (class=org.apache.hadoop.http.lib.StaticUserWebFilter$StaticUserFilter) to context logs
2019-10-17 18:50:37,317 [main] INFO  http.HttpServer2 (HttpServer2.java:bindListener(1191)) - Jetty bound to port 44470
2019-10-17 18:50:37,317 [main] INFO  server.Server (Server.java:doStart(351)) - jetty-9.3.25.v20180904, build timestamp: 2018-09-04T21:11:46Z, git hash: 3ce520221d0240229c862b122d2b06c12a625732
2019-10-17 18:50:37,320 [main] INFO  handler.ContextHandler (ContextHandler.java:doStart(781)) - Started o.e.j.s.ServletContextHandler@fab35b1{/logs,file:///workdir/hadoop-ozone/integration-test/target/log,AVAILABLE}
2019-10-17 18:50:37,321 [main] INFO  handler.ContextHandler (ContextHandler.java:doStart(781)) - Started o.e.j.s.ServletContextHandler@65bdd558{/static,jar:file:/home/user/.m2/repository/org/apache/hadoop/hadoop-hdds-container-service/0.5.0-SNAPSHOT/hadoop-hdds-container-service-0.5.0-SNAPSHOT.jar!/webapps/static,AVAILABLE}
2019-10-17 18:50:37,355 [main] INFO  handler.ContextHandler (ContextHandler.java:doStart(781)) - Started o.e.j.w.WebAppContext@17f2dd85{/,file:///tmp/jetty-0.0.0.0-44470-hddsDatanode-_-any-8285564893513455492.dir/webapp/,AVAILABLE}{/hddsDatanode}
2019-10-17 18:50:37,356 [main] INFO  server.AbstractConnector (AbstractConnector.java:doStart(278)) - Started ServerConnector@1e58512c{HTTP/1.1,[http/1.1]}{0.0.0.0:44470}
2019-10-17 18:50:37,357 [main] INFO  server.Server (Server.java:doStart(419)) - Started @5086ms
2019-10-17 18:50:37,358 [main] WARN  impl.MetricsSystemImpl (MetricsSystemImpl.java:register(276)) - Sink prometheus already exists!
2019-10-17 18:50:37,359 [main] INFO  server.BaseHttpServer (BaseHttpServer.java:updateConnectorAddress(215)) - HTTP server of HDDSDATANODE is listening at http://0.0.0.0:44470
2019-10-17 18:50:37,360 [main] INFO  impl.MetricsSystemImpl (MetricsSystemImpl.java:init(158)) - HddsDatanode metrics system started (again)
2019-10-17 18:50:37,362 [org.apache.hadoop.util.JvmPauseMonitor$Monitor@63f4d941] INFO  util.JvmPauseMonitor (JvmPauseMonitor.java:run(188)) - Starting JVM pause monitor
2019-10-17 18:50:37,362 [main] INFO  ozone.HddsDatanodeService (HddsDatanodeService.java:start(184)) - HddsDatanodeService host:pr-hdds-2318-qqrts-113280968 ip:192.168.157.251
2019-10-17 18:50:37,371 [main] INFO  volume.HddsVolume (HddsVolume.java:<init>(176)) - Creating Volume: /workdir/hadoop-ozone/integration-test/target/test-dir/MiniOzoneClusterImpl-1add80d3-0bcb-487c-a891-e654dcc55690/datanode-2/data/containers/hdds of  storage type : DISK and capacity : 1482555576320
2019-10-17 18:50:37,371 [main] INFO  volume.VolumeSet (VolumeSet.java:initializeVolumeSet(170)) - Added Volume : /workdir/hadoop-ozone/integration-test/target/test-dir/MiniOzoneClusterImpl-1add80d3-0bcb-487c-a891-e654dcc55690/datanode-2/data/containers/hdds to VolumeSet
2019-10-17 18:50:37,372 [main] INFO  volume.ThrottledAsyncChecker (ThrottledAsyncChecker.java:schedule(141)) - Scheduling a check for /workdir/hadoop-ozone/integration-test/target/test-dir/MiniOzoneClusterImpl-1add80d3-0bcb-487c-a891-e654dcc55690/datanode-2/data/containers/hdds
2019-10-17 18:50:37,372 [main] INFO  volume.HddsVolumeChecker (HddsVolumeChecker.java:checkAllVolumes(204)) - Scheduled health check for volume /workdir/hadoop-ozone/integration-test/target/test-dir/MiniOzoneClusterImpl-1add80d3-0bcb-487c-a891-e654dcc55690/datanode-2/data/containers/hdds
2019-10-17 18:50:37,387 [main] INFO  impl.RaftServerProxy (ConfUtils.java:logGet(43)) - raft.rpc.type = GRPC (default)
2019-10-17 18:50:37,388 [main] INFO  grpc.GrpcFactory (GrpcFactory.java:checkPooledByteBufAllocatorUseCacheForAllThreads(45)) - PERFORMANCE WARNING: useCacheForAllThreads is true that may cause Netty to create a lot garbage objects and, as a result, trigger GC.
	It is recommended to disable useCacheForAllThreads by setting -Dorg.apache.ratis.thirdparty.io.netty.allocator.useCacheForAllThreads=false in command line.
2019-10-17 18:50:37,388 [main] INFO  grpc.GrpcConfigKeys$Server (ConfUtils.java:logGet(43)) - raft.grpc.server.port = 0 (default)
2019-10-17 18:50:37,388 [main] INFO  server.GrpcService (ConfUtils.java:logGet(43)) - raft.grpc.message.size.max = 33570816 (custom)
2019-10-17 18:50:37,388 [main] INFO  server.RaftServerConfigKeys (ConfUtils.java:logGet(43)) - raft.server.log.appender.buffer.byte-limit = 33554432 (custom)
2019-10-17 18:50:37,389 [main] INFO  server.GrpcService (ConfUtils.java:logGet(43)) - raft.grpc.flow.control.window = 1MB (=1048576) (default)
2019-10-17 18:50:37,389 [main] INFO  server.RaftServerConfigKeys (ConfUtils.java:logGet(43)) - raft.server.rpc.request.timeout = 3000ms (default)
2019-10-17 18:50:37,389 [main] INFO  server.RaftServerConfigKeys (ConfUtils.java:logGet(43)) - raft.server.storage.dir = [/workdir/hadoop-ozone/integration-test/target/test-dir/MiniOzoneClusterImpl-1add80d3-0bcb-487c-a891-e654dcc55690/datanode-2/data/ratis] (custom)
2019-10-17 18:50:37,391 [Datanode State Machine Thread - 0] INFO  datanode.InitDatanodeState (InitDatanodeState.java:persistContainerDatanodeDetails(140)) - DatanodeDetails is persisted to /workdir/hadoop-ozone/integration-test/target/test-dir/MiniOzoneClusterImpl-1add80d3-0bcb-487c-a891-e654dcc55690/datanode-0/meta/datanode.id
2019-10-17 18:50:37,394 [main] INFO  hdfs.DFSUtil (DFSUtil.java:httpServerTemplateForNNAndJN(1641)) - Starting Web-server for hddsDatanode at: http://0.0.0.0:0
2019-10-17 18:50:37,394 [Datanode State Machine Thread - 0] INFO  datanode.InitDatanodeState (InitDatanodeState.java:persistContainerDatanodeDetails(140)) - DatanodeDetails is persisted to /workdir/hadoop-ozone/integration-test/target/test-dir/MiniOzoneClusterImpl-1add80d3-0bcb-487c-a891-e654dcc55690/datanode-1/meta/datanode.id
2019-10-17 18:50:37,396 [main] INFO  server.AuthenticationFilter (AuthenticationFilter.java:constructSecretProvider(240)) - Unable to initialize FileSignerSecretProvider, falling back to use random secrets.
2019-10-17 18:50:37,396 [main] WARN  http.HttpRequestLog (HttpRequestLog.java:getRequestLog(97)) - Jetty request log can only be enabled using Log4j
2019-10-17 18:50:37,397 [main] INFO  http.HttpServer2 (HttpServer2.java:addGlobalFilter(975)) - Added global filter 'safety' (class=org.apache.hadoop.http.HttpServer2$QuotingInputFilter)
2019-10-17 18:50:37,398 [main] INFO  http.HttpServer2 (HttpServer2.java:addFilter(948)) - Added filter static_user_filter (class=org.apache.hadoop.http.lib.StaticUserWebFilter$StaticUserFilter) to context hddsDatanode
2019-10-17 18:50:37,398 [main] INFO  http.HttpServer2 (HttpServer2.java:addFilter(958)) - Added filter static_user_filter (class=org.apache.hadoop.http.lib.StaticUserWebFilter$StaticUserFilter) to context static
2019-10-17 18:50:37,398 [main] INFO  http.HttpServer2 (HttpServer2.java:addFilter(958)) - Added filter static_user_filter (class=org.apache.hadoop.http.lib.StaticUserWebFilter$StaticUserFilter) to context logs
2019-10-17 18:50:37,399 [main] INFO  http.HttpServer2 (HttpServer2.java:bindListener(1191)) - Jetty bound to port 38993
2019-10-17 18:50:37,399 [main] INFO  server.Server (Server.java:doStart(351)) - jetty-9.3.25.v20180904, build timestamp: 2018-09-04T21:11:46Z, git hash: 3ce520221d0240229c862b122d2b06c12a625732
2019-10-17 18:50:37,401 [main] INFO  handler.ContextHandler (ContextHandler.java:doStart(781)) - Started o.e.j.s.ServletContextHandler@d109c4f{/logs,file:///workdir/hadoop-ozone/integration-test/target/log,AVAILABLE}
2019-10-17 18:50:37,402 [main] INFO  handler.ContextHandler (ContextHandler.java:doStart(781)) - Started o.e.j.s.ServletContextHandler@26f46fa6{/static,jar:file:/home/user/.m2/repository/org/apache/hadoop/hadoop-hdds-container-service/0.5.0-SNAPSHOT/hadoop-hdds-container-service-0.5.0-SNAPSHOT.jar!/webapps/static,AVAILABLE}
2019-10-17 18:50:37,436 [main] INFO  handler.ContextHandler (ContextHandler.java:doStart(781)) - Started o.e.j.w.WebAppContext@4c6007fb{/,file:///tmp/jetty-0.0.0.0-38993-hddsDatanode-_-any-3898816555966359105.dir/webapp/,AVAILABLE}{/hddsDatanode}
2019-10-17 18:50:37,437 [main] INFO  server.AbstractConnector (AbstractConnector.java:doStart(278)) - Started ServerConnector@3e33d73e{HTTP/1.1,[http/1.1]}{0.0.0.0:38993}
2019-10-17 18:50:37,438 [main] INFO  server.Server (Server.java:doStart(419)) - Started @5167ms
2019-10-17 18:50:37,439 [main] WARN  impl.MetricsSystemImpl (MetricsSystemImpl.java:register(276)) - Sink prometheus already exists!
2019-10-17 18:50:37,440 [main] INFO  server.BaseHttpServer (BaseHttpServer.java:updateConnectorAddress(215)) - HTTP server of HDDSDATANODE is listening at http://0.0.0.0:38993
2019-10-17 18:50:37,440 [main] INFO  impl.MetricsSystemImpl (MetricsSystemImpl.java:init(158)) - HddsDatanode metrics system started (again)
2019-10-17 18:50:37,443 [org.apache.hadoop.util.JvmPauseMonitor$Monitor@5e0583eb] INFO  util.JvmPauseMonitor (JvmPauseMonitor.java:run(188)) - Starting JVM pause monitor
2019-10-17 18:50:37,443 [main] INFO  ozone.HddsDatanodeService (HddsDatanodeService.java:start(184)) - HddsDatanodeService host:pr-hdds-2318-qqrts-113280968 ip:192.168.157.251
2019-10-17 18:50:37,446 [Datanode State Machine Thread - 0] INFO  datanode.InitDatanodeState (InitDatanodeState.java:persistContainerDatanodeDetails(140)) - DatanodeDetails is persisted to /workdir/hadoop-ozone/integration-test/target/test-dir/MiniOzoneClusterImpl-1add80d3-0bcb-487c-a891-e654dcc55690/datanode-2/meta/datanode.id
2019-10-17 18:50:37,451 [main] INFO  volume.HddsVolume (HddsVolume.java:<init>(176)) - Creating Volume: /workdir/hadoop-ozone/integration-test/target/test-dir/MiniOzoneClusterImpl-1add80d3-0bcb-487c-a891-e654dcc55690/datanode-3/data/containers/hdds of  storage type : DISK and capacity : 1482555576320
2019-10-17 18:50:37,452 [main] INFO  volume.VolumeSet (VolumeSet.java:initializeVolumeSet(170)) - Added Volume : /workdir/hadoop-ozone/integration-test/target/test-dir/MiniOzoneClusterImpl-1add80d3-0bcb-487c-a891-e654dcc55690/datanode-3/data/containers/hdds to VolumeSet
2019-10-17 18:50:37,452 [main] INFO  volume.ThrottledAsyncChecker (ThrottledAsyncChecker.java:schedule(141)) - Scheduling a check for /workdir/hadoop-ozone/integration-test/target/test-dir/MiniOzoneClusterImpl-1add80d3-0bcb-487c-a891-e654dcc55690/datanode-3/data/containers/hdds
2019-10-17 18:50:37,452 [main] INFO  volume.HddsVolumeChecker (HddsVolumeChecker.java:checkAllVolumes(204)) - Scheduled health check for volume /workdir/hadoop-ozone/integration-test/target/test-dir/MiniOzoneClusterImpl-1add80d3-0bcb-487c-a891-e654dcc55690/datanode-3/data/containers/hdds
2019-10-17 18:50:37,466 [main] INFO  impl.RaftServerProxy (ConfUtils.java:logGet(43)) - raft.rpc.type = GRPC (default)
2019-10-17 18:50:37,466 [main] INFO  grpc.GrpcFactory (GrpcFactory.java:checkPooledByteBufAllocatorUseCacheForAllThreads(45)) - PERFORMANCE WARNING: useCacheForAllThreads is true that may cause Netty to create a lot garbage objects and, as a result, trigger GC.
	It is recommended to disable useCacheForAllThreads by setting -Dorg.apache.ratis.thirdparty.io.netty.allocator.useCacheForAllThreads=false in command line.
2019-10-17 18:50:37,466 [main] INFO  grpc.GrpcConfigKeys$Server (ConfUtils.java:logGet(43)) - raft.grpc.server.port = 0 (default)
2019-10-17 18:50:37,466 [main] INFO  server.GrpcService (ConfUtils.java:logGet(43)) - raft.grpc.message.size.max = 33570816 (custom)
2019-10-17 18:50:37,467 [main] INFO  server.RaftServerConfigKeys (ConfUtils.java:logGet(43)) - raft.server.log.appender.buffer.byte-limit = 33554432 (custom)
2019-10-17 18:50:37,467 [main] INFO  server.GrpcService (ConfUtils.java:logGet(43)) - raft.grpc.flow.control.window = 1MB (=1048576) (default)
2019-10-17 18:50:37,467 [main] INFO  server.RaftServerConfigKeys (ConfUtils.java:logGet(43)) - raft.server.rpc.request.timeout = 3000ms (default)
2019-10-17 18:50:37,468 [main] INFO  server.RaftServerConfigKeys (ConfUtils.java:logGet(43)) - raft.server.storage.dir = [/workdir/hadoop-ozone/integration-test/target/test-dir/MiniOzoneClusterImpl-1add80d3-0bcb-487c-a891-e654dcc55690/datanode-3/data/ratis] (custom)
2019-10-17 18:50:37,469 [main] INFO  hdfs.DFSUtil (DFSUtil.java:httpServerTemplateForNNAndJN(1641)) - Starting Web-server for hddsDatanode at: http://0.0.0.0:0
2019-10-17 18:50:37,471 [main] INFO  server.AuthenticationFilter (AuthenticationFilter.java:constructSecretProvider(240)) - Unable to initialize FileSignerSecretProvider, falling back to use random secrets.
2019-10-17 18:50:37,471 [main] WARN  http.HttpRequestLog (HttpRequestLog.java:getRequestLog(97)) - Jetty request log can only be enabled using Log4j
2019-10-17 18:50:37,473 [main] INFO  http.HttpServer2 (HttpServer2.java:addGlobalFilter(975)) - Added global filter 'safety' (class=org.apache.hadoop.http.HttpServer2$QuotingInputFilter)
2019-10-17 18:50:37,473 [main] INFO  http.HttpServer2 (HttpServer2.java:addFilter(948)) - Added filter static_user_filter (class=org.apache.hadoop.http.lib.StaticUserWebFilter$StaticUserFilter) to context hddsDatanode
2019-10-17 18:50:37,473 [main] INFO  http.HttpServer2 (HttpServer2.java:addFilter(958)) - Added filter static_user_filter (class=org.apache.hadoop.http.lib.StaticUserWebFilter$StaticUserFilter) to context logs
2019-10-17 18:50:37,473 [main] INFO  http.HttpServer2 (HttpServer2.java:addFilter(958)) - Added filter static_user_filter (class=org.apache.hadoop.http.lib.StaticUserWebFilter$StaticUserFilter) to context static
2019-10-17 18:50:37,474 [main] INFO  http.HttpServer2 (HttpServer2.java:bindListener(1191)) - Jetty bound to port 33263
2019-10-17 18:50:37,474 [main] INFO  server.Server (Server.java:doStart(351)) - jetty-9.3.25.v20180904, build timestamp: 2018-09-04T21:11:46Z, git hash: 3ce520221d0240229c862b122d2b06c12a625732
2019-10-17 18:50:37,478 [main] INFO  handler.ContextHandler (ContextHandler.java:doStart(781)) - Started o.e.j.s.ServletContextHandler@4b200971{/logs,file:///workdir/hadoop-ozone/integration-test/target/log,AVAILABLE}
2019-10-17 18:50:37,478 [main] INFO  handler.ContextHandler (ContextHandler.java:doStart(781)) - Started o.e.j.s.ServletContextHandler@68d7a2df{/static,jar:file:/home/user/.m2/repository/org/apache/hadoop/hadoop-hdds-container-service/0.5.0-SNAPSHOT/hadoop-hdds-container-service-0.5.0-SNAPSHOT.jar!/webapps/static,AVAILABLE}
2019-10-17 18:50:37,514 [main] INFO  handler.ContextHandler (ContextHandler.java:doStart(781)) - Started o.e.j.w.WebAppContext@4da6d664{/,file:///tmp/jetty-0.0.0.0-33263-hddsDatanode-_-any-6772496903387199371.dir/webapp/,AVAILABLE}{/hddsDatanode}
2019-10-17 18:50:37,515 [main] INFO  server.AbstractConnector (AbstractConnector.java:doStart(278)) - Started ServerConnector@5e5af8e1{HTTP/1.1,[http/1.1]}{0.0.0.0:33263}
2019-10-17 18:50:37,516 [main] INFO  server.Server (Server.java:doStart(419)) - Started @5245ms
2019-10-17 18:50:37,517 [main] WARN  impl.MetricsSystemImpl (MetricsSystemImpl.java:register(276)) - Sink prometheus already exists!
2019-10-17 18:50:37,518 [main] INFO  server.BaseHttpServer (BaseHttpServer.java:updateConnectorAddress(215)) - HTTP server of HDDSDATANODE is listening at http://0.0.0.0:33263
2019-10-17 18:50:37,518 [main] INFO  impl.MetricsSystemImpl (MetricsSystemImpl.java:init(158)) - HddsDatanode metrics system started (again)
2019-10-17 18:50:37,522 [org.apache.hadoop.util.JvmPauseMonitor$Monitor@1829856d] INFO  util.JvmPauseMonitor (JvmPauseMonitor.java:run(188)) - Starting JVM pause monitor
2019-10-17 18:50:37,523 [main] INFO  ozone.HddsDatanodeService (HddsDatanodeService.java:start(184)) - HddsDatanodeService host:pr-hdds-2318-qqrts-113280968 ip:192.168.157.251
2019-10-17 18:50:37,524 [Datanode State Machine Thread - 0] INFO  datanode.InitDatanodeState (InitDatanodeState.java:persistContainerDatanodeDetails(140)) - DatanodeDetails is persisted to /workdir/hadoop-ozone/integration-test/target/test-dir/MiniOzoneClusterImpl-1add80d3-0bcb-487c-a891-e654dcc55690/datanode-3/meta/datanode.id
2019-10-17 18:50:37,533 [main] INFO  volume.HddsVolume (HddsVolume.java:<init>(176)) - Creating Volume: /workdir/hadoop-ozone/integration-test/target/test-dir/MiniOzoneClusterImpl-1add80d3-0bcb-487c-a891-e654dcc55690/datanode-4/data/containers/hdds of  storage type : DISK and capacity : 1482555576320
2019-10-17 18:50:37,534 [main] INFO  volume.VolumeSet (VolumeSet.java:initializeVolumeSet(170)) - Added Volume : /workdir/hadoop-ozone/integration-test/target/test-dir/MiniOzoneClusterImpl-1add80d3-0bcb-487c-a891-e654dcc55690/datanode-4/data/containers/hdds to VolumeSet
2019-10-17 18:50:37,534 [main] INFO  volume.ThrottledAsyncChecker (ThrottledAsyncChecker.java:schedule(141)) - Scheduling a check for /workdir/hadoop-ozone/integration-test/target/test-dir/MiniOzoneClusterImpl-1add80d3-0bcb-487c-a891-e654dcc55690/datanode-4/data/containers/hdds
2019-10-17 18:50:37,535 [main] INFO  volume.HddsVolumeChecker (HddsVolumeChecker.java:checkAllVolumes(204)) - Scheduled health check for volume /workdir/hadoop-ozone/integration-test/target/test-dir/MiniOzoneClusterImpl-1add80d3-0bcb-487c-a891-e654dcc55690/datanode-4/data/containers/hdds
2019-10-17 18:50:37,554 [main] INFO  impl.RaftServerProxy (ConfUtils.java:logGet(43)) - raft.rpc.type = GRPC (default)
2019-10-17 18:50:37,555 [main] INFO  grpc.GrpcFactory (GrpcFactory.java:checkPooledByteBufAllocatorUseCacheForAllThreads(45)) - PERFORMANCE WARNING: useCacheForAllThreads is true that may cause Netty to create a lot garbage objects and, as a result, trigger GC.
	It is recommended to disable useCacheForAllThreads by setting -Dorg.apache.ratis.thirdparty.io.netty.allocator.useCacheForAllThreads=false in command line.
2019-10-17 18:50:37,555 [main] INFO  grpc.GrpcConfigKeys$Server (ConfUtils.java:logGet(43)) - raft.grpc.server.port = 0 (default)
2019-10-17 18:50:37,555 [main] INFO  server.GrpcService (ConfUtils.java:logGet(43)) - raft.grpc.message.size.max = 33570816 (custom)
2019-10-17 18:50:37,555 [main] INFO  server.RaftServerConfigKeys (ConfUtils.java:logGet(43)) - raft.server.log.appender.buffer.byte-limit = 33554432 (custom)
2019-10-17 18:50:37,556 [main] INFO  server.GrpcService (ConfUtils.java:logGet(43)) - raft.grpc.flow.control.window = 1MB (=1048576) (default)
2019-10-17 18:50:37,556 [main] INFO  server.RaftServerConfigKeys (ConfUtils.java:logGet(43)) - raft.server.rpc.request.timeout = 3000ms (default)
2019-10-17 18:50:37,557 [main] INFO  server.RaftServerConfigKeys (ConfUtils.java:logGet(43)) - raft.server.storage.dir = [/workdir/hadoop-ozone/integration-test/target/test-dir/MiniOzoneClusterImpl-1add80d3-0bcb-487c-a891-e654dcc55690/datanode-4/data/ratis] (custom)
2019-10-17 18:50:37,560 [main] INFO  hdfs.DFSUtil (DFSUtil.java:httpServerTemplateForNNAndJN(1641)) - Starting Web-server for hddsDatanode at: http://0.0.0.0:0
2019-10-17 18:50:37,562 [main] INFO  server.AuthenticationFilter (AuthenticationFilter.java:constructSecretProvider(240)) - Unable to initialize FileSignerSecretProvider, falling back to use random secrets.
2019-10-17 18:50:37,563 [main] WARN  http.HttpRequestLog (HttpRequestLog.java:getRequestLog(97)) - Jetty request log can only be enabled using Log4j
2019-10-17 18:50:37,565 [main] INFO  http.HttpServer2 (HttpServer2.java:addGlobalFilter(975)) - Added global filter 'safety' (class=org.apache.hadoop.http.HttpServer2$QuotingInputFilter)
2019-10-17 18:50:37,566 [main] INFO  http.HttpServer2 (HttpServer2.java:addFilter(948)) - Added filter static_user_filter (class=org.apache.hadoop.http.lib.StaticUserWebFilter$StaticUserFilter) to context hddsDatanode
2019-10-17 18:50:37,566 [main] INFO  http.HttpServer2 (HttpServer2.java:addFilter(958)) - Added filter static_user_filter (class=org.apache.hadoop.http.lib.StaticUserWebFilter$StaticUserFilter) to context static
2019-10-17 18:50:37,567 [main] INFO  http.HttpServer2 (HttpServer2.java:addFilter(958)) - Added filter static_user_filter (class=org.apache.hadoop.http.lib.StaticUserWebFilter$StaticUserFilter) to context logs
2019-10-17 18:50:37,568 [main] INFO  http.HttpServer2 (HttpServer2.java:bindListener(1191)) - Jetty bound to port 43077
2019-10-17 18:50:37,568 [main] INFO  server.Server (Server.java:doStart(351)) - jetty-9.3.25.v20180904, build timestamp: 2018-09-04T21:11:46Z, git hash: 3ce520221d0240229c862b122d2b06c12a625732
2019-10-17 18:50:37,570 [main] INFO  handler.ContextHandler (ContextHandler.java:doStart(781)) - Started o.e.j.s.ServletContextHandler@712cfb63{/logs,file:///workdir/hadoop-ozone/integration-test/target/log,AVAILABLE}
2019-10-17 18:50:37,571 [main] INFO  handler.ContextHandler (ContextHandler.java:doStart(781)) - Started o.e.j.s.ServletContextHandler@15639440{/static,jar:file:/home/user/.m2/repository/org/apache/hadoop/hadoop-hdds-container-service/0.5.0-SNAPSHOT/hadoop-hdds-container-service-0.5.0-SNAPSHOT.jar!/webapps/static,AVAILABLE}
2019-10-17 18:50:37,604 [main] INFO  handler.ContextHandler (ContextHandler.java:doStart(781)) - Started o.e.j.w.WebAppContext@5a6fa56e{/,file:///tmp/jetty-0.0.0.0-43077-hddsDatanode-_-any-6064361718296490683.dir/webapp/,AVAILABLE}{/hddsDatanode}
2019-10-17 18:50:37,604 [main] INFO  server.AbstractConnector (AbstractConnector.java:doStart(278)) - Started ServerConnector@1981d861{HTTP/1.1,[http/1.1]}{0.0.0.0:43077}
2019-10-17 18:50:37,605 [main] INFO  server.Server (Server.java:doStart(419)) - Started @5334ms
2019-10-17 18:50:37,605 [main] WARN  impl.MetricsSystemImpl (MetricsSystemImpl.java:register(276)) - Sink prometheus already exists!
2019-10-17 18:50:37,607 [main] INFO  server.BaseHttpServer (BaseHttpServer.java:updateConnectorAddress(215)) - HTTP server of HDDSDATANODE is listening at http://0.0.0.0:43077
2019-10-17 18:50:37,608 [main] INFO  impl.MetricsSystemImpl (MetricsSystemImpl.java:init(158)) - HddsDatanode metrics system started (again)
2019-10-17 18:50:37,611 [main] INFO  ozone.HddsDatanodeService (HddsDatanodeService.java:start(184)) - HddsDatanodeService host:pr-hdds-2318-qqrts-113280968 ip:192.168.157.251
2019-10-17 18:50:37,611 [org.apache.hadoop.util.JvmPauseMonitor$Monitor@3d1d1129] INFO  util.JvmPauseMonitor (JvmPauseMonitor.java:run(188)) - Starting JVM pause monitor
2019-10-17 18:50:37,616 [Datanode State Machine Thread - 0] INFO  datanode.InitDatanodeState (InitDatanodeState.java:persistContainerDatanodeDetails(140)) - DatanodeDetails is persisted to /workdir/hadoop-ozone/integration-test/target/test-dir/MiniOzoneClusterImpl-1add80d3-0bcb-487c-a891-e654dcc55690/datanode-4/meta/datanode.id
2019-10-17 18:50:37,619 [main] INFO  volume.HddsVolume (HddsVolume.java:<init>(176)) - Creating Volume: /workdir/hadoop-ozone/integration-test/target/test-dir/MiniOzoneClusterImpl-1add80d3-0bcb-487c-a891-e654dcc55690/datanode-5/data/containers/hdds of  storage type : DISK and capacity : 1482555576320
2019-10-17 18:50:37,621 [main] INFO  volume.VolumeSet (VolumeSet.java:initializeVolumeSet(170)) - Added Volume : /workdir/hadoop-ozone/integration-test/target/test-dir/MiniOzoneClusterImpl-1add80d3-0bcb-487c-a891-e654dcc55690/datanode-5/data/containers/hdds to VolumeSet
2019-10-17 18:50:37,622 [main] INFO  volume.ThrottledAsyncChecker (ThrottledAsyncChecker.java:schedule(141)) - Scheduling a check for /workdir/hadoop-ozone/integration-test/target/test-dir/MiniOzoneClusterImpl-1add80d3-0bcb-487c-a891-e654dcc55690/datanode-5/data/containers/hdds
2019-10-17 18:50:37,622 [main] INFO  volume.HddsVolumeChecker (HddsVolumeChecker.java:checkAllVolumes(204)) - Scheduled health check for volume /workdir/hadoop-ozone/integration-test/target/test-dir/MiniOzoneClusterImpl-1add80d3-0bcb-487c-a891-e654dcc55690/datanode-5/data/containers/hdds
2019-10-17 18:50:37,642 [main] INFO  impl.RaftServerProxy (ConfUtils.java:logGet(43)) - raft.rpc.type = GRPC (default)
2019-10-17 18:50:37,642 [main] INFO  grpc.GrpcFactory (GrpcFactory.java:checkPooledByteBufAllocatorUseCacheForAllThreads(45)) - PERFORMANCE WARNING: useCacheForAllThreads is true that may cause Netty to create a lot garbage objects and, as a result, trigger GC.
	It is recommended to disable useCacheForAllThreads by setting -Dorg.apache.ratis.thirdparty.io.netty.allocator.useCacheForAllThreads=false in command line.
2019-10-17 18:50:37,643 [main] INFO  grpc.GrpcConfigKeys$Server (ConfUtils.java:logGet(43)) - raft.grpc.server.port = 0 (default)
2019-10-17 18:50:37,643 [main] INFO  server.GrpcService (ConfUtils.java:logGet(43)) - raft.grpc.message.size.max = 33570816 (custom)
2019-10-17 18:50:37,643 [main] INFO  server.RaftServerConfigKeys (ConfUtils.java:logGet(43)) - raft.server.log.appender.buffer.byte-limit = 33554432 (custom)
2019-10-17 18:50:37,643 [main] INFO  server.GrpcService (ConfUtils.java:logGet(43)) - raft.grpc.flow.control.window = 1MB (=1048576) (default)
2019-10-17 18:50:37,643 [main] INFO  server.RaftServerConfigKeys (ConfUtils.java:logGet(43)) - raft.server.rpc.request.timeout = 3000ms (default)
2019-10-17 18:50:37,644 [main] INFO  server.RaftServerConfigKeys (ConfUtils.java:logGet(43)) - raft.server.storage.dir = [/workdir/hadoop-ozone/integration-test/target/test-dir/MiniOzoneClusterImpl-1add80d3-0bcb-487c-a891-e654dcc55690/datanode-5/data/ratis] (custom)
2019-10-17 18:50:37,646 [main] INFO  hdfs.DFSUtil (DFSUtil.java:httpServerTemplateForNNAndJN(1641)) - Starting Web-server for hddsDatanode at: http://0.0.0.0:0
2019-10-17 18:50:37,647 [main] INFO  server.AuthenticationFilter (AuthenticationFilter.java:constructSecretProvider(240)) - Unable to initialize FileSignerSecretProvider, falling back to use random secrets.
2019-10-17 18:50:37,648 [main] WARN  http.HttpRequestLog (HttpRequestLog.java:getRequestLog(97)) - Jetty request log can only be enabled using Log4j
2019-10-17 18:50:37,649 [main] INFO  http.HttpServer2 (HttpServer2.java:addGlobalFilter(975)) - Added global filter 'safety' (class=org.apache.hadoop.http.HttpServer2$QuotingInputFilter)
2019-10-17 18:50:37,650 [main] INFO  http.HttpServer2 (HttpServer2.java:addFilter(948)) - Added filter static_user_filter (class=org.apache.hadoop.http.lib.StaticUserWebFilter$StaticUserFilter) to context hddsDatanode
2019-10-17 18:50:37,650 [main] INFO  http.HttpServer2 (HttpServer2.java:addFilter(958)) - Added filter static_user_filter (class=org.apache.hadoop.http.lib.StaticUserWebFilter$StaticUserFilter) to context logs
2019-10-17 18:50:37,651 [main] INFO  http.HttpServer2 (HttpServer2.java:addFilter(958)) - Added filter static_user_filter (class=org.apache.hadoop.http.lib.StaticUserWebFilter$StaticUserFilter) to context static
2019-10-17 18:50:37,651 [main] INFO  http.HttpServer2 (HttpServer2.java:bindListener(1191)) - Jetty bound to port 42298
2019-10-17 18:50:37,652 [main] INFO  server.Server (Server.java:doStart(351)) - jetty-9.3.25.v20180904, build timestamp: 2018-09-04T21:11:46Z, git hash: 3ce520221d0240229c862b122d2b06c12a625732
2019-10-17 18:50:37,653 [main] INFO  handler.ContextHandler (ContextHandler.java:doStart(781)) - Started o.e.j.s.ServletContextHandler@1305c126{/logs,file:///workdir/hadoop-ozone/integration-test/target/log,AVAILABLE}
2019-10-17 18:50:37,654 [main] INFO  handler.ContextHandler (ContextHandler.java:doStart(781)) - Started o.e.j.s.ServletContextHandler@4c1bdcc2{/static,jar:file:/home/user/.m2/repository/org/apache/hadoop/hadoop-hdds-container-service/0.5.0-SNAPSHOT/hadoop-hdds-container-service-0.5.0-SNAPSHOT.jar!/webapps/static,AVAILABLE}
2019-10-17 18:50:37,683 [main] INFO  handler.ContextHandler (ContextHandler.java:doStart(781)) - Started o.e.j.w.WebAppContext@715b886f{/,file:///tmp/jetty-0.0.0.0-42298-hddsDatanode-_-any-8258564027686993991.dir/webapp/,AVAILABLE}{/hddsDatanode}
2019-10-17 18:50:37,684 [main] INFO  server.AbstractConnector (AbstractConnector.java:doStart(278)) - Started ServerConnector@7fb29ca9{HTTP/1.1,[http/1.1]}{0.0.0.0:42298}
2019-10-17 18:50:37,684 [main] INFO  server.Server (Server.java:doStart(419)) - Started @5413ms
2019-10-17 18:50:37,684 [main] WARN  impl.MetricsSystemImpl (MetricsSystemImpl.java:register(276)) - Sink prometheus already exists!
2019-10-17 18:50:37,686 [main] INFO  server.BaseHttpServer (BaseHttpServer.java:updateConnectorAddress(215)) - HTTP server of HDDSDATANODE is listening at http://0.0.0.0:42298
2019-10-17 18:50:37,686 [main] INFO  impl.MetricsSystemImpl (MetricsSystemImpl.java:init(158)) - HddsDatanode metrics system started (again)
2019-10-17 18:50:37,689 [org.apache.hadoop.util.JvmPauseMonitor$Monitor@4970fd9b] INFO  util.JvmPauseMonitor (JvmPauseMonitor.java:run(188)) - Starting JVM pause monitor
2019-10-17 18:50:37,690 [main] INFO  ozone.HddsDatanodeService (HddsDatanodeService.java:start(184)) - HddsDatanodeService host:pr-hdds-2318-qqrts-113280968 ip:192.168.157.251
2019-10-17 18:50:37,693 [Datanode State Machine Thread - 0] INFO  datanode.InitDatanodeState (InitDatanodeState.java:persistContainerDatanodeDetails(140)) - DatanodeDetails is persisted to /workdir/hadoop-ozone/integration-test/target/test-dir/MiniOzoneClusterImpl-1add80d3-0bcb-487c-a891-e654dcc55690/datanode-5/meta/datanode.id
2019-10-17 18:50:37,697 [main] INFO  volume.HddsVolume (HddsVolume.java:<init>(176)) - Creating Volume: /workdir/hadoop-ozone/integration-test/target/test-dir/MiniOzoneClusterImpl-1add80d3-0bcb-487c-a891-e654dcc55690/datanode-6/data/containers/hdds of  storage type : DISK and capacity : 1482555576320
2019-10-17 18:50:37,698 [main] INFO  volume.VolumeSet (VolumeSet.java:initializeVolumeSet(170)) - Added Volume : /workdir/hadoop-ozone/integration-test/target/test-dir/MiniOzoneClusterImpl-1add80d3-0bcb-487c-a891-e654dcc55690/datanode-6/data/containers/hdds to VolumeSet
2019-10-17 18:50:37,698 [main] INFO  volume.ThrottledAsyncChecker (ThrottledAsyncChecker.java:schedule(141)) - Scheduling a check for /workdir/hadoop-ozone/integration-test/target/test-dir/MiniOzoneClusterImpl-1add80d3-0bcb-487c-a891-e654dcc55690/datanode-6/data/containers/hdds
2019-10-17 18:50:37,699 [main] INFO  volume.HddsVolumeChecker (HddsVolumeChecker.java:checkAllVolumes(204)) - Scheduled health check for volume /workdir/hadoop-ozone/integration-test/target/test-dir/MiniOzoneClusterImpl-1add80d3-0bcb-487c-a891-e654dcc55690/datanode-6/data/containers/hdds
2019-10-17 18:50:37,717 [main] INFO  impl.RaftServerProxy (ConfUtils.java:logGet(43)) - raft.rpc.type = GRPC (default)
2019-10-17 18:50:37,717 [main] INFO  grpc.GrpcFactory (GrpcFactory.java:checkPooledByteBufAllocatorUseCacheForAllThreads(45)) - PERFORMANCE WARNING: useCacheForAllThreads is true that may cause Netty to create a lot garbage objects and, as a result, trigger GC.
	It is recommended to disable useCacheForAllThreads by setting -Dorg.apache.ratis.thirdparty.io.netty.allocator.useCacheForAllThreads=false in command line.
2019-10-17 18:50:37,717 [main] INFO  grpc.GrpcConfigKeys$Server (ConfUtils.java:logGet(43)) - raft.grpc.server.port = 0 (default)
2019-10-17 18:50:37,718 [main] INFO  server.GrpcService (ConfUtils.java:logGet(43)) - raft.grpc.message.size.max = 33570816 (custom)
2019-10-17 18:50:37,718 [main] INFO  server.RaftServerConfigKeys (ConfUtils.java:logGet(43)) - raft.server.log.appender.buffer.byte-limit = 33554432 (custom)
2019-10-17 18:50:37,718 [main] INFO  server.GrpcService (ConfUtils.java:logGet(43)) - raft.grpc.flow.control.window = 1MB (=1048576) (default)
2019-10-17 18:50:37,718 [main] INFO  server.RaftServerConfigKeys (ConfUtils.java:logGet(43)) - raft.server.rpc.request.timeout = 3000ms (default)
2019-10-17 18:50:37,719 [main] INFO  server.RaftServerConfigKeys (ConfUtils.java:logGet(43)) - raft.server.storage.dir = [/workdir/hadoop-ozone/integration-test/target/test-dir/MiniOzoneClusterImpl-1add80d3-0bcb-487c-a891-e654dcc55690/datanode-6/data/ratis] (custom)
2019-10-17 18:50:37,720 [main] INFO  hdfs.DFSUtil (DFSUtil.java:httpServerTemplateForNNAndJN(1641)) - Starting Web-server for hddsDatanode at: http://0.0.0.0:0
2019-10-17 18:50:37,722 [main] INFO  server.AuthenticationFilter (AuthenticationFilter.java:constructSecretProvider(240)) - Unable to initialize FileSignerSecretProvider, falling back to use random secrets.
2019-10-17 18:50:37,722 [main] WARN  http.HttpRequestLog (HttpRequestLog.java:getRequestLog(97)) - Jetty request log can only be enabled using Log4j
2019-10-17 18:50:37,724 [main] INFO  http.HttpServer2 (HttpServer2.java:addGlobalFilter(975)) - Added global filter 'safety' (class=org.apache.hadoop.http.HttpServer2$QuotingInputFilter)
2019-10-17 18:50:37,725 [main] INFO  http.HttpServer2 (HttpServer2.java:addFilter(948)) - Added filter static_user_filter (class=org.apache.hadoop.http.lib.StaticUserWebFilter$StaticUserFilter) to context hddsDatanode
2019-10-17 18:50:37,725 [main] INFO  http.HttpServer2 (HttpServer2.java:addFilter(958)) - Added filter static_user_filter (class=org.apache.hadoop.http.lib.StaticUserWebFilter$StaticUserFilter) to context static
2019-10-17 18:50:37,725 [main] INFO  http.HttpServer2 (HttpServer2.java:addFilter(958)) - Added filter static_user_filter (class=org.apache.hadoop.http.lib.StaticUserWebFilter$StaticUserFilter) to context logs
2019-10-17 18:50:37,726 [main] INFO  http.HttpServer2 (HttpServer2.java:bindListener(1191)) - Jetty bound to port 33535
2019-10-17 18:50:37,726 [main] INFO  server.Server (Server.java:doStart(351)) - jetty-9.3.25.v20180904, build timestamp: 2018-09-04T21:11:46Z, git hash: 3ce520221d0240229c862b122d2b06c12a625732
2019-10-17 18:50:37,728 [main] INFO  handler.ContextHandler (ContextHandler.java:doStart(781)) - Started o.e.j.s.ServletContextHandler@17fa1336{/logs,file:///workdir/hadoop-ozone/integration-test/target/log,AVAILABLE}
2019-10-17 18:50:37,729 [main] INFO  handler.ContextHandler (ContextHandler.java:doStart(781)) - Started o.e.j.s.ServletContextHandler@68b9834c{/static,jar:file:/home/user/.m2/repository/org/apache/hadoop/hadoop-hdds-container-service/0.5.0-SNAPSHOT/hadoop-hdds-container-service-0.5.0-SNAPSHOT.jar!/webapps/static,AVAILABLE}
2019-10-17 18:50:37,756 [main] INFO  handler.ContextHandler (ContextHandler.java:doStart(781)) - Started o.e.j.w.WebAppContext@2630dbc4{/,file:///tmp/jetty-0.0.0.0-33535-hddsDatanode-_-any-5192342699055578326.dir/webapp/,AVAILABLE}{/hddsDatanode}
2019-10-17 18:50:37,758 [main] INFO  server.AbstractConnector (AbstractConnector.java:doStart(278)) - Started ServerConnector@5ea4300e{HTTP/1.1,[http/1.1]}{0.0.0.0:33535}
2019-10-17 18:50:37,758 [main] INFO  server.Server (Server.java:doStart(419)) - Started @5487ms
2019-10-17 18:50:37,758 [main] WARN  impl.MetricsSystemImpl (MetricsSystemImpl.java:register(276)) - Sink prometheus already exists!
2019-10-17 18:50:37,759 [main] INFO  server.BaseHttpServer (BaseHttpServer.java:updateConnectorAddress(215)) - HTTP server of HDDSDATANODE is listening at http://0.0.0.0:33535
2019-10-17 18:50:37,760 [main] INFO  impl.MetricsSystemImpl (MetricsSystemImpl.java:init(158)) - HddsDatanode metrics system started (again)
2019-10-17 18:50:37,763 [org.apache.hadoop.util.JvmPauseMonitor$Monitor@4477b14] INFO  util.JvmPauseMonitor (JvmPauseMonitor.java:run(188)) - Starting JVM pause monitor
2019-10-17 18:50:37,763 [main] INFO  ozone.HddsDatanodeService (HddsDatanodeService.java:start(184)) - HddsDatanodeService host:pr-hdds-2318-qqrts-113280968 ip:192.168.157.251
2019-10-17 18:50:37,767 [Datanode State Machine Thread - 0] INFO  datanode.InitDatanodeState (InitDatanodeState.java:persistContainerDatanodeDetails(140)) - DatanodeDetails is persisted to /workdir/hadoop-ozone/integration-test/target/test-dir/MiniOzoneClusterImpl-1add80d3-0bcb-487c-a891-e654dcc55690/datanode-6/meta/datanode.id
2019-10-17 18:50:37,771 [main] INFO  volume.HddsVolume (HddsVolume.java:<init>(176)) - Creating Volume: /workdir/hadoop-ozone/integration-test/target/test-dir/MiniOzoneClusterImpl-1add80d3-0bcb-487c-a891-e654dcc55690/datanode-7/data/containers/hdds of  storage type : DISK and capacity : 1482555576320
2019-10-17 18:50:37,771 [main] INFO  volume.VolumeSet (VolumeSet.java:initializeVolumeSet(170)) - Added Volume : /workdir/hadoop-ozone/integration-test/target/test-dir/MiniOzoneClusterImpl-1add80d3-0bcb-487c-a891-e654dcc55690/datanode-7/data/containers/hdds to VolumeSet
2019-10-17 18:50:37,771 [main] INFO  volume.ThrottledAsyncChecker (ThrottledAsyncChecker.java:schedule(141)) - Scheduling a check for /workdir/hadoop-ozone/integration-test/target/test-dir/MiniOzoneClusterImpl-1add80d3-0bcb-487c-a891-e654dcc55690/datanode-7/data/containers/hdds
2019-10-17 18:50:37,772 [main] INFO  volume.HddsVolumeChecker (HddsVolumeChecker.java:checkAllVolumes(204)) - Scheduled health check for volume /workdir/hadoop-ozone/integration-test/target/test-dir/MiniOzoneClusterImpl-1add80d3-0bcb-487c-a891-e654dcc55690/datanode-7/data/containers/hdds
2019-10-17 18:50:37,785 [main] INFO  impl.RaftServerProxy (ConfUtils.java:logGet(43)) - raft.rpc.type = GRPC (default)
2019-10-17 18:50:37,786 [main] INFO  grpc.GrpcFactory (GrpcFactory.java:checkPooledByteBufAllocatorUseCacheForAllThreads(45)) - PERFORMANCE WARNING: useCacheForAllThreads is true that may cause Netty to create a lot garbage objects and, as a result, trigger GC.
	It is recommended to disable useCacheForAllThreads by setting -Dorg.apache.ratis.thirdparty.io.netty.allocator.useCacheForAllThreads=false in command line.
2019-10-17 18:50:37,786 [main] INFO  grpc.GrpcConfigKeys$Server (ConfUtils.java:logGet(43)) - raft.grpc.server.port = 0 (default)
2019-10-17 18:50:37,786 [main] INFO  server.GrpcService (ConfUtils.java:logGet(43)) - raft.grpc.message.size.max = 33570816 (custom)
2019-10-17 18:50:37,786 [main] INFO  server.RaftServerConfigKeys (ConfUtils.java:logGet(43)) - raft.server.log.appender.buffer.byte-limit = 33554432 (custom)
2019-10-17 18:50:37,786 [main] INFO  server.GrpcService (ConfUtils.java:logGet(43)) - raft.grpc.flow.control.window = 1MB (=1048576) (default)
2019-10-17 18:50:37,787 [main] INFO  server.RaftServerConfigKeys (ConfUtils.java:logGet(43)) - raft.server.rpc.request.timeout = 3000ms (default)
2019-10-17 18:50:37,787 [main] INFO  server.RaftServerConfigKeys (ConfUtils.java:logGet(43)) - raft.server.storage.dir = [/workdir/hadoop-ozone/integration-test/target/test-dir/MiniOzoneClusterImpl-1add80d3-0bcb-487c-a891-e654dcc55690/datanode-7/data/ratis] (custom)
2019-10-17 18:50:37,789 [main] INFO  hdfs.DFSUtil (DFSUtil.java:httpServerTemplateForNNAndJN(1641)) - Starting Web-server for hddsDatanode at: http://0.0.0.0:0
2019-10-17 18:50:37,790 [main] INFO  server.AuthenticationFilter (AuthenticationFilter.java:constructSecretProvider(240)) - Unable to initialize FileSignerSecretProvider, falling back to use random secrets.
2019-10-17 18:50:37,791 [main] WARN  http.HttpRequestLog (HttpRequestLog.java:getRequestLog(97)) - Jetty request log can only be enabled using Log4j
2019-10-17 18:50:37,792 [main] INFO  http.HttpServer2 (HttpServer2.java:addGlobalFilter(975)) - Added global filter 'safety' (class=org.apache.hadoop.http.HttpServer2$QuotingInputFilter)
2019-10-17 18:50:37,793 [main] INFO  http.HttpServer2 (HttpServer2.java:addFilter(948)) - Added filter static_user_filter (class=org.apache.hadoop.http.lib.StaticUserWebFilter$StaticUserFilter) to context hddsDatanode
2019-10-17 18:50:37,793 [main] INFO  http.HttpServer2 (HttpServer2.java:addFilter(958)) - Added filter static_user_filter (class=org.apache.hadoop.http.lib.StaticUserWebFilter$StaticUserFilter) to context logs
2019-10-17 18:50:37,793 [main] INFO  http.HttpServer2 (HttpServer2.java:addFilter(958)) - Added filter static_user_filter (class=org.apache.hadoop.http.lib.StaticUserWebFilter$StaticUserFilter) to context static
2019-10-17 18:50:37,794 [main] INFO  http.HttpServer2 (HttpServer2.java:bindListener(1191)) - Jetty bound to port 40684
2019-10-17 18:50:37,794 [main] INFO  server.Server (Server.java:doStart(351)) - jetty-9.3.25.v20180904, build timestamp: 2018-09-04T21:11:46Z, git hash: 3ce520221d0240229c862b122d2b06c12a625732
2019-10-17 18:50:37,795 [main] INFO  handler.ContextHandler (ContextHandler.java:doStart(781)) - Started o.e.j.s.ServletContextHandler@12eedfee{/logs,file:///workdir/hadoop-ozone/integration-test/target/log,AVAILABLE}
2019-10-17 18:50:37,796 [main] INFO  handler.ContextHandler (ContextHandler.java:doStart(781)) - Started o.e.j.s.ServletContextHandler@1352434e{/static,jar:file:/home/user/.m2/repository/org/apache/hadoop/hadoop-hdds-container-service/0.5.0-SNAPSHOT/hadoop-hdds-container-service-0.5.0-SNAPSHOT.jar!/webapps/static,AVAILABLE}
2019-10-17 18:50:37,824 [main] INFO  handler.ContextHandler (ContextHandler.java:doStart(781)) - Started o.e.j.w.WebAppContext@10f7918f{/,file:///tmp/jetty-0.0.0.0-40684-hddsDatanode-_-any-1865964734463746461.dir/webapp/,AVAILABLE}{/hddsDatanode}
2019-10-17 18:50:37,826 [main] INFO  server.AbstractConnector (AbstractConnector.java:doStart(278)) - Started ServerConnector@64d4f7c7{HTTP/1.1,[http/1.1]}{0.0.0.0:40684}
2019-10-17 18:50:37,826 [main] INFO  server.Server (Server.java:doStart(419)) - Started @5555ms
2019-10-17 18:50:37,826 [main] WARN  impl.MetricsSystemImpl (MetricsSystemImpl.java:register(276)) - Sink prometheus already exists!
2019-10-17 18:50:37,827 [main] INFO  server.BaseHttpServer (BaseHttpServer.java:updateConnectorAddress(215)) - HTTP server of HDDSDATANODE is listening at http://0.0.0.0:40684
2019-10-17 18:50:37,828 [main] INFO  impl.MetricsSystemImpl (MetricsSystemImpl.java:init(158)) - HddsDatanode metrics system started (again)
2019-10-17 18:50:37,832 [org.apache.hadoop.util.JvmPauseMonitor$Monitor@7cebb4c2] INFO  util.JvmPauseMonitor (JvmPauseMonitor.java:run(188)) - Starting JVM pause monitor
2019-10-17 18:50:37,833 [main] INFO  ozone.HddsDatanodeService (HddsDatanodeService.java:start(184)) - HddsDatanodeService host:pr-hdds-2318-qqrts-113280968 ip:192.168.157.251
2019-10-17 18:50:37,834 [Datanode State Machine Thread - 0] INFO  datanode.InitDatanodeState (InitDatanodeState.java:persistContainerDatanodeDetails(140)) - DatanodeDetails is persisted to /workdir/hadoop-ozone/integration-test/target/test-dir/MiniOzoneClusterImpl-1add80d3-0bcb-487c-a891-e654dcc55690/datanode-7/meta/datanode.id
2019-10-17 18:50:37,841 [main] INFO  volume.HddsVolume (HddsVolume.java:<init>(176)) - Creating Volume: /workdir/hadoop-ozone/integration-test/target/test-dir/MiniOzoneClusterImpl-1add80d3-0bcb-487c-a891-e654dcc55690/datanode-8/data/containers/hdds of  storage type : DISK and capacity : 1482555576320
2019-10-17 18:50:37,841 [main] INFO  volume.VolumeSet (VolumeSet.java:initializeVolumeSet(170)) - Added Volume : /workdir/hadoop-ozone/integration-test/target/test-dir/MiniOzoneClusterImpl-1add80d3-0bcb-487c-a891-e654dcc55690/datanode-8/data/containers/hdds to VolumeSet
2019-10-17 18:50:37,842 [main] INFO  volume.ThrottledAsyncChecker (ThrottledAsyncChecker.java:schedule(141)) - Scheduling a check for /workdir/hadoop-ozone/integration-test/target/test-dir/MiniOzoneClusterImpl-1add80d3-0bcb-487c-a891-e654dcc55690/datanode-8/data/containers/hdds
2019-10-17 18:50:37,842 [main] INFO  volume.HddsVolumeChecker (HddsVolumeChecker.java:checkAllVolumes(204)) - Scheduled health check for volume /workdir/hadoop-ozone/integration-test/target/test-dir/MiniOzoneClusterImpl-1add80d3-0bcb-487c-a891-e654dcc55690/datanode-8/data/containers/hdds
2019-10-17 18:50:37,860 [main] INFO  impl.RaftServerProxy (ConfUtils.java:logGet(43)) - raft.rpc.type = GRPC (default)
2019-10-17 18:50:37,861 [main] INFO  grpc.GrpcFactory (GrpcFactory.java:checkPooledByteBufAllocatorUseCacheForAllThreads(45)) - PERFORMANCE WARNING: useCacheForAllThreads is true that may cause Netty to create a lot garbage objects and, as a result, trigger GC.
	It is recommended to disable useCacheForAllThreads by setting -Dorg.apache.ratis.thirdparty.io.netty.allocator.useCacheForAllThreads=false in command line.
2019-10-17 18:50:37,861 [main] INFO  grpc.GrpcConfigKeys$Server (ConfUtils.java:logGet(43)) - raft.grpc.server.port = 0 (default)
2019-10-17 18:50:37,861 [main] INFO  server.GrpcService (ConfUtils.java:logGet(43)) - raft.grpc.message.size.max = 33570816 (custom)
2019-10-17 18:50:37,861 [main] INFO  server.RaftServerConfigKeys (ConfUtils.java:logGet(43)) - raft.server.log.appender.buffer.byte-limit = 33554432 (custom)
2019-10-17 18:50:37,861 [main] INFO  server.GrpcService (ConfUtils.java:logGet(43)) - raft.grpc.flow.control.window = 1MB (=1048576) (default)
2019-10-17 18:50:37,862 [main] INFO  server.RaftServerConfigKeys (ConfUtils.java:logGet(43)) - raft.server.rpc.request.timeout = 3000ms (default)
2019-10-17 18:50:37,862 [main] INFO  server.RaftServerConfigKeys (ConfUtils.java:logGet(43)) - raft.server.storage.dir = [/workdir/hadoop-ozone/integration-test/target/test-dir/MiniOzoneClusterImpl-1add80d3-0bcb-487c-a891-e654dcc55690/datanode-8/data/ratis] (custom)
2019-10-17 18:50:37,865 [main] INFO  hdfs.DFSUtil (DFSUtil.java:httpServerTemplateForNNAndJN(1641)) - Starting Web-server for hddsDatanode at: http://0.0.0.0:0
2019-10-17 18:50:37,867 [main] INFO  server.AuthenticationFilter (AuthenticationFilter.java:constructSecretProvider(240)) - Unable to initialize FileSignerSecretProvider, falling back to use random secrets.
2019-10-17 18:50:37,868 [main] WARN  http.HttpRequestLog (HttpRequestLog.java:getRequestLog(97)) - Jetty request log can only be enabled using Log4j
2019-10-17 18:50:37,869 [main] INFO  http.HttpServer2 (HttpServer2.java:addGlobalFilter(975)) - Added global filter 'safety' (class=org.apache.hadoop.http.HttpServer2$QuotingInputFilter)
2019-10-17 18:50:37,870 [main] INFO  http.HttpServer2 (HttpServer2.java:addFilter(948)) - Added filter static_user_filter (class=org.apache.hadoop.http.lib.StaticUserWebFilter$StaticUserFilter) to context hddsDatanode
2019-10-17 18:50:37,870 [main] INFO  http.HttpServer2 (HttpServer2.java:addFilter(958)) - Added filter static_user_filter (class=org.apache.hadoop.http.lib.StaticUserWebFilter$StaticUserFilter) to context static
2019-10-17 18:50:37,871 [main] INFO  http.HttpServer2 (HttpServer2.java:addFilter(958)) - Added filter static_user_filter (class=org.apache.hadoop.http.lib.StaticUserWebFilter$StaticUserFilter) to context logs
2019-10-17 18:50:37,872 [main] INFO  http.HttpServer2 (HttpServer2.java:bindListener(1191)) - Jetty bound to port 36862
2019-10-17 18:50:37,872 [main] INFO  server.Server (Server.java:doStart(351)) - jetty-9.3.25.v20180904, build timestamp: 2018-09-04T21:11:46Z, git hash: 3ce520221d0240229c862b122d2b06c12a625732
2019-10-17 18:50:37,874 [main] INFO  handler.ContextHandler (ContextHandler.java:doStart(781)) - Started o.e.j.s.ServletContextHandler@79a04e5f{/logs,file:///workdir/hadoop-ozone/integration-test/target/log,AVAILABLE}
2019-10-17 18:50:37,875 [main] INFO  handler.ContextHandler (ContextHandler.java:doStart(781)) - Started o.e.j.s.ServletContextHandler@53311681{/static,jar:file:/home/user/.m2/repository/org/apache/hadoop/hadoop-hdds-container-service/0.5.0-SNAPSHOT/hadoop-hdds-container-service-0.5.0-SNAPSHOT.jar!/webapps/static,AVAILABLE}
2019-10-17 18:50:37,910 [main] INFO  handler.ContextHandler (ContextHandler.java:doStart(781)) - Started o.e.j.w.WebAppContext@59696551{/,file:///tmp/jetty-0.0.0.0-36862-hddsDatanode-_-any-1365694938576219465.dir/webapp/,AVAILABLE}{/hddsDatanode}
2019-10-17 18:50:37,911 [main] INFO  server.AbstractConnector (AbstractConnector.java:doStart(278)) - Started ServerConnector@648d0e6d{HTTP/1.1,[http/1.1]}{0.0.0.0:36862}
2019-10-17 18:50:37,912 [main] INFO  server.Server (Server.java:doStart(419)) - Started @5641ms
2019-10-17 18:50:37,912 [main] WARN  impl.MetricsSystemImpl (MetricsSystemImpl.java:register(276)) - Sink prometheus already exists!
2019-10-17 18:50:37,913 [main] INFO  server.BaseHttpServer (BaseHttpServer.java:updateConnectorAddress(215)) - HTTP server of HDDSDATANODE is listening at http://0.0.0.0:36862
2019-10-17 18:50:37,913 [main] INFO  impl.MetricsSystemImpl (MetricsSystemImpl.java:init(158)) - HddsDatanode metrics system started (again)
2019-10-17 18:50:37,918 [org.apache.hadoop.util.JvmPauseMonitor$Monitor@6196647b] INFO  util.JvmPauseMonitor (JvmPauseMonitor.java:run(188)) - Starting JVM pause monitor
2019-10-17 18:50:37,918 [main] INFO  ozone.HddsDatanodeService (HddsDatanodeService.java:start(184)) - HddsDatanodeService host:pr-hdds-2318-qqrts-113280968 ip:192.168.157.251
2019-10-17 18:50:37,921 [Datanode State Machine Thread - 0] INFO  datanode.InitDatanodeState (InitDatanodeState.java:persistContainerDatanodeDetails(140)) - DatanodeDetails is persisted to /workdir/hadoop-ozone/integration-test/target/test-dir/MiniOzoneClusterImpl-1add80d3-0bcb-487c-a891-e654dcc55690/datanode-8/meta/datanode.id
2019-10-17 18:50:37,927 [main] INFO  volume.HddsVolume (HddsVolume.java:<init>(176)) - Creating Volume: /workdir/hadoop-ozone/integration-test/target/test-dir/MiniOzoneClusterImpl-1add80d3-0bcb-487c-a891-e654dcc55690/datanode-9/data/containers/hdds of  storage type : DISK and capacity : 1482555576320
2019-10-17 18:50:37,927 [main] INFO  volume.VolumeSet (VolumeSet.java:initializeVolumeSet(170)) - Added Volume : /workdir/hadoop-ozone/integration-test/target/test-dir/MiniOzoneClusterImpl-1add80d3-0bcb-487c-a891-e654dcc55690/datanode-9/data/containers/hdds to VolumeSet
2019-10-17 18:50:37,927 [main] INFO  volume.ThrottledAsyncChecker (ThrottledAsyncChecker.java:schedule(141)) - Scheduling a check for /workdir/hadoop-ozone/integration-test/target/test-dir/MiniOzoneClusterImpl-1add80d3-0bcb-487c-a891-e654dcc55690/datanode-9/data/containers/hdds
2019-10-17 18:50:37,928 [main] INFO  volume.HddsVolumeChecker (HddsVolumeChecker.java:checkAllVolumes(204)) - Scheduled health check for volume /workdir/hadoop-ozone/integration-test/target/test-dir/MiniOzoneClusterImpl-1add80d3-0bcb-487c-a891-e654dcc55690/datanode-9/data/containers/hdds
2019-10-17 18:50:37,943 [main] INFO  impl.RaftServerProxy (ConfUtils.java:logGet(43)) - raft.rpc.type = GRPC (default)
2019-10-17 18:50:37,943 [main] INFO  grpc.GrpcFactory (GrpcFactory.java:checkPooledByteBufAllocatorUseCacheForAllThreads(45)) - PERFORMANCE WARNING: useCacheForAllThreads is true that may cause Netty to create a lot garbage objects and, as a result, trigger GC.
	It is recommended to disable useCacheForAllThreads by setting -Dorg.apache.ratis.thirdparty.io.netty.allocator.useCacheForAllThreads=false in command line.
2019-10-17 18:50:37,943 [main] INFO  grpc.GrpcConfigKeys$Server (ConfUtils.java:logGet(43)) - raft.grpc.server.port = 0 (default)
2019-10-17 18:50:37,944 [main] INFO  server.GrpcService (ConfUtils.java:logGet(43)) - raft.grpc.message.size.max = 33570816 (custom)
2019-10-17 18:50:37,944 [main] INFO  server.RaftServerConfigKeys (ConfUtils.java:logGet(43)) - raft.server.log.appender.buffer.byte-limit = 33554432 (custom)
2019-10-17 18:50:37,944 [main] INFO  server.GrpcService (ConfUtils.java:logGet(43)) - raft.grpc.flow.control.window = 1MB (=1048576) (default)
2019-10-17 18:50:37,944 [main] INFO  server.RaftServerConfigKeys (ConfUtils.java:logGet(43)) - raft.server.rpc.request.timeout = 3000ms (default)
2019-10-17 18:50:37,945 [main] INFO  server.RaftServerConfigKeys (ConfUtils.java:logGet(43)) - raft.server.storage.dir = [/workdir/hadoop-ozone/integration-test/target/test-dir/MiniOzoneClusterImpl-1add80d3-0bcb-487c-a891-e654dcc55690/datanode-9/data/ratis] (custom)
2019-10-17 18:50:37,947 [main] INFO  hdfs.DFSUtil (DFSUtil.java:httpServerTemplateForNNAndJN(1641)) - Starting Web-server for hddsDatanode at: http://0.0.0.0:0
2019-10-17 18:50:37,948 [main] INFO  server.AuthenticationFilter (AuthenticationFilter.java:constructSecretProvider(240)) - Unable to initialize FileSignerSecretProvider, falling back to use random secrets.
2019-10-17 18:50:37,948 [main] WARN  http.HttpRequestLog (HttpRequestLog.java:getRequestLog(97)) - Jetty request log can only be enabled using Log4j
2019-10-17 18:50:37,950 [main] INFO  http.HttpServer2 (HttpServer2.java:addGlobalFilter(975)) - Added global filter 'safety' (class=org.apache.hadoop.http.HttpServer2$QuotingInputFilter)
2019-10-17 18:50:37,950 [main] INFO  http.HttpServer2 (HttpServer2.java:addFilter(948)) - Added filter static_user_filter (class=org.apache.hadoop.http.lib.StaticUserWebFilter$StaticUserFilter) to context hddsDatanode
2019-10-17 18:50:37,950 [main] INFO  http.HttpServer2 (HttpServer2.java:addFilter(958)) - Added filter static_user_filter (class=org.apache.hadoop.http.lib.StaticUserWebFilter$StaticUserFilter) to context static
2019-10-17 18:50:37,950 [main] INFO  http.HttpServer2 (HttpServer2.java:addFilter(958)) - Added filter static_user_filter (class=org.apache.hadoop.http.lib.StaticUserWebFilter$StaticUserFilter) to context logs
2019-10-17 18:50:37,951 [main] INFO  http.HttpServer2 (HttpServer2.java:bindListener(1191)) - Jetty bound to port 46078
2019-10-17 18:50:37,951 [main] INFO  server.Server (Server.java:doStart(351)) - jetty-9.3.25.v20180904, build timestamp: 2018-09-04T21:11:46Z, git hash: 3ce520221d0240229c862b122d2b06c12a625732
2019-10-17 18:50:37,953 [main] INFO  handler.ContextHandler (ContextHandler.java:doStart(781)) - Started o.e.j.s.ServletContextHandler@6cbd0674{/logs,file:///workdir/hadoop-ozone/integration-test/target/log,AVAILABLE}
2019-10-17 18:50:37,954 [main] INFO  handler.ContextHandler (ContextHandler.java:doStart(781)) - Started o.e.j.s.ServletContextHandler@19a64eae{/static,jar:file:/home/user/.m2/repository/org/apache/hadoop/hadoop-hdds-container-service/0.5.0-SNAPSHOT/hadoop-hdds-container-service-0.5.0-SNAPSHOT.jar!/webapps/static,AVAILABLE}
2019-10-17 18:50:37,988 [main] INFO  handler.ContextHandler (ContextHandler.java:doStart(781)) - Started o.e.j.w.WebAppContext@10c72a6f{/,file:///tmp/jetty-0.0.0.0-46078-hddsDatanode-_-any-5219509504635912541.dir/webapp/,AVAILABLE}{/hddsDatanode}
2019-10-17 18:50:37,989 [main] INFO  server.AbstractConnector (AbstractConnector.java:doStart(278)) - Started ServerConnector@70e94ecb{HTTP/1.1,[http/1.1]}{0.0.0.0:46078}
2019-10-17 18:50:37,990 [main] INFO  server.Server (Server.java:doStart(419)) - Started @5719ms
2019-10-17 18:50:37,990 [main] WARN  impl.MetricsSystemImpl (MetricsSystemImpl.java:register(276)) - Sink prometheus already exists!
2019-10-17 18:50:37,991 [main] INFO  server.BaseHttpServer (BaseHttpServer.java:updateConnectorAddress(215)) - HTTP server of HDDSDATANODE is listening at http://0.0.0.0:46078
2019-10-17 18:50:37,995 [main] INFO  ozone.MiniOzoneClusterImpl (MiniOzoneClusterImpl.java:lambda$waitForClusterToBeReady$0(147)) - Waiting for cluster to be ready. Got 0 of 10 DN Heartbeats.
2019-10-17 18:50:37,996 [org.apache.hadoop.util.JvmPauseMonitor$Monitor@5e549765] INFO  util.JvmPauseMonitor (JvmPauseMonitor.java:run(188)) - Starting JVM pause monitor
2019-10-17 18:50:38,000 [Datanode State Machine Thread - 0] INFO  datanode.InitDatanodeState (InitDatanodeState.java:persistContainerDatanodeDetails(140)) - DatanodeDetails is persisted to /workdir/hadoop-ozone/integration-test/target/test-dir/MiniOzoneClusterImpl-1add80d3-0bcb-487c-a891-e654dcc55690/datanode-9/meta/datanode.id
2019-10-17 18:50:38,995 [main] INFO  ozone.MiniOzoneClusterImpl (MiniOzoneClusterImpl.java:lambda$waitForClusterToBeReady$0(147)) - Waiting for cluster to be ready. Got 0 of 10 DN Heartbeats.
2019-10-17 18:50:39,371 [Datanode State Machine Thread - 0] INFO  ozoneimpl.OzoneContainer (OzoneContainer.java:start(213)) - Attempting to start container services.
2019-10-17 18:50:39,372 [Datanode State Machine Thread - 0] INFO  ozoneimpl.OzoneContainer (OzoneContainer.java:start(213)) - Attempting to start container services.
2019-10-17 18:50:39,376 [Datanode State Machine Thread - 0] INFO  ozoneimpl.OzoneContainer (OzoneContainer.java:startContainerScrub(177)) - Background container scanner has been disabled.
2019-10-17 18:50:39,376 [Datanode State Machine Thread - 0] INFO  ozoneimpl.OzoneContainer (OzoneContainer.java:startContainerScrub(177)) - Background container scanner has been disabled.
2019-10-17 18:50:39,376 [Datanode State Machine Thread - 0] INFO  ratis.XceiverServerRatis (XceiverServerRatis.java:start(418)) - Starting XceiverServerRatis a5e79c22-a35f-4e50-b1fd-e91b6a93d74d at port 0
2019-10-17 18:50:39,376 [Datanode State Machine Thread - 0] INFO  ratis.XceiverServerRatis (XceiverServerRatis.java:start(418)) - Starting XceiverServerRatis b8f04e38-0663-4b1f-8efd-f76585c6e86c at port 0
2019-10-17 18:50:39,400 [Datanode State Machine Thread - 0] INFO  impl.RaftServerProxy (RaftServerProxy.java:lambda$start$3(299)) - a5e79c22-a35f-4e50-b1fd-e91b6a93d74d: start RPC server
2019-10-17 18:50:39,400 [Datanode State Machine Thread - 0] INFO  impl.RaftServerProxy (RaftServerProxy.java:lambda$start$3(299)) - b8f04e38-0663-4b1f-8efd-f76585c6e86c: start RPC server
2019-10-17 18:50:39,459 [Datanode State Machine Thread - 0] INFO  ozoneimpl.OzoneContainer (OzoneContainer.java:start(213)) - Attempting to start container services.
2019-10-17 18:50:39,460 [Datanode State Machine Thread - 0] INFO  ozoneimpl.OzoneContainer (OzoneContainer.java:startContainerScrub(177)) - Background container scanner has been disabled.
2019-10-17 18:50:39,460 [Datanode State Machine Thread - 0] INFO  ratis.XceiverServerRatis (XceiverServerRatis.java:start(418)) - Starting XceiverServerRatis 1e4e1375-1b66-460f-8c99-4c341545a119 at port 0
2019-10-17 18:50:39,469 [Datanode State Machine Thread - 0] INFO  impl.RaftServerProxy (RaftServerProxy.java:lambda$start$3(299)) - 1e4e1375-1b66-460f-8c99-4c341545a119: start RPC server
2019-10-17 18:50:39,524 [Datanode State Machine Thread - 0] INFO  server.GrpcService (GrpcService.java:startImpl(158)) - b8f04e38-0663-4b1f-8efd-f76585c6e86c: GrpcService started, listening on 0.0.0.0/0.0.0.0:35700
2019-10-17 18:50:39,524 [Datanode State Machine Thread - 0] INFO  server.GrpcService (GrpcService.java:startImpl(158)) - 1e4e1375-1b66-460f-8c99-4c341545a119: GrpcService started, listening on 0.0.0.0/0.0.0.0:42113
2019-10-17 18:50:39,524 [Datanode State Machine Thread - 0] INFO  server.GrpcService (GrpcService.java:startImpl(158)) - a5e79c22-a35f-4e50-b1fd-e91b6a93d74d: GrpcService started, listening on 0.0.0.0/0.0.0.0:45177
2019-10-17 18:50:39,525 [Datanode State Machine Thread - 0] INFO  ratis.XceiverServerRatis (XceiverServerRatis.java:start(428)) - XceiverServerRatis 1e4e1375-1b66-460f-8c99-4c341545a119 is started using port 42113
2019-10-17 18:50:39,525 [Datanode State Machine Thread - 0] INFO  ratis.XceiverServerRatis (XceiverServerRatis.java:start(428)) - XceiverServerRatis b8f04e38-0663-4b1f-8efd-f76585c6e86c is started using port 35700
2019-10-17 18:50:39,526 [Datanode State Machine Thread - 0] INFO  ratis.XceiverServerRatis (XceiverServerRatis.java:start(428)) - XceiverServerRatis a5e79c22-a35f-4e50-b1fd-e91b6a93d74d is started using port 45177
2019-10-17 18:50:39,530 [Datanode State Machine Thread - 0] INFO  server.XceiverServerGrpc (XceiverServerGrpc.java:start(149)) - XceiverServerGrpc 1e4e1375-1b66-460f-8c99-4c341545a119 is started using port 40804
2019-10-17 18:50:39,530 [Datanode State Machine Thread - 0] INFO  server.XceiverServerGrpc (XceiverServerGrpc.java:start(149)) - XceiverServerGrpc a5e79c22-a35f-4e50-b1fd-e91b6a93d74d is started using port 32893
2019-10-17 18:50:39,530 [Datanode State Machine Thread - 0] INFO  server.XceiverServerGrpc (XceiverServerGrpc.java:start(149)) - XceiverServerGrpc b8f04e38-0663-4b1f-8efd-f76585c6e86c is started using port 35651
2019-10-17 18:50:39,545 [Datanode State Machine Thread - 0] INFO  ozoneimpl.OzoneContainer (OzoneContainer.java:start(213)) - Attempting to start container services.
2019-10-17 18:50:39,545 [Datanode State Machine Thread - 0] INFO  ozoneimpl.OzoneContainer (OzoneContainer.java:startContainerScrub(177)) - Background container scanner has been disabled.
2019-10-17 18:50:39,545 [Datanode State Machine Thread - 0] INFO  ratis.XceiverServerRatis (XceiverServerRatis.java:start(418)) - Starting XceiverServerRatis 73297ffa-40cb-4e3e-b33e-1bc2c1da60f5 at port 0
2019-10-17 18:50:39,551 [Datanode State Machine Thread - 0] INFO  impl.RaftServerProxy (RaftServerProxy.java:lambda$start$3(299)) - 73297ffa-40cb-4e3e-b33e-1bc2c1da60f5: start RPC server
2019-10-17 18:50:39,554 [Datanode State Machine Thread - 0] INFO  server.GrpcService (GrpcService.java:startImpl(158)) - 73297ffa-40cb-4e3e-b33e-1bc2c1da60f5: GrpcService started, listening on 0.0.0.0/0.0.0.0:32952
2019-10-17 18:50:39,554 [Datanode State Machine Thread - 0] INFO  ratis.XceiverServerRatis (XceiverServerRatis.java:start(428)) - XceiverServerRatis 73297ffa-40cb-4e3e-b33e-1bc2c1da60f5 is started using port 32952
2019-10-17 18:50:39,556 [Datanode State Machine Thread - 0] INFO  server.XceiverServerGrpc (XceiverServerGrpc.java:start(149)) - XceiverServerGrpc 73297ffa-40cb-4e3e-b33e-1bc2c1da60f5 is started using port 37034
2019-10-17 18:50:39,629 [Datanode State Machine Thread - 0] INFO  ozoneimpl.OzoneContainer (OzoneContainer.java:start(213)) - Attempting to start container services.
2019-10-17 18:50:39,629 [Datanode State Machine Thread - 0] INFO  ozoneimpl.OzoneContainer (OzoneContainer.java:startContainerScrub(177)) - Background container scanner has been disabled.
2019-10-17 18:50:39,629 [Datanode State Machine Thread - 0] INFO  ratis.XceiverServerRatis (XceiverServerRatis.java:start(418)) - Starting XceiverServerRatis de8c9e34-1a4b-4ad8-952a-c65e9c1604e8 at port 0
2019-10-17 18:50:39,636 [Datanode State Machine Thread - 0] INFO  impl.RaftServerProxy (RaftServerProxy.java:lambda$start$3(299)) - de8c9e34-1a4b-4ad8-952a-c65e9c1604e8: start RPC server
2019-10-17 18:50:39,639 [Datanode State Machine Thread - 0] INFO  server.GrpcService (GrpcService.java:startImpl(158)) - de8c9e34-1a4b-4ad8-952a-c65e9c1604e8: GrpcService started, listening on 0.0.0.0/0.0.0.0:40594
2019-10-17 18:50:39,639 [Datanode State Machine Thread - 0] INFO  ratis.XceiverServerRatis (XceiverServerRatis.java:start(428)) - XceiverServerRatis de8c9e34-1a4b-4ad8-952a-c65e9c1604e8 is started using port 40594
2019-10-17 18:50:39,641 [Datanode State Machine Thread - 0] INFO  server.XceiverServerGrpc (XceiverServerGrpc.java:start(149)) - XceiverServerGrpc de8c9e34-1a4b-4ad8-952a-c65e9c1604e8 is started using port 39381
2019-10-17 18:50:39,706 [Datanode State Machine Thread - 0] INFO  ozoneimpl.OzoneContainer (OzoneContainer.java:start(213)) - Attempting to start container services.
2019-10-17 18:50:39,706 [Datanode State Machine Thread - 0] INFO  ozoneimpl.OzoneContainer (OzoneContainer.java:startContainerScrub(177)) - Background container scanner has been disabled.
2019-10-17 18:50:39,707 [Datanode State Machine Thread - 0] INFO  ratis.XceiverServerRatis (XceiverServerRatis.java:start(418)) - Starting XceiverServerRatis abcd8826-c056-4817-bd0f-7af19a46d814 at port 0
2019-10-17 18:50:39,713 [Datanode State Machine Thread - 0] INFO  impl.RaftServerProxy (RaftServerProxy.java:lambda$start$3(299)) - abcd8826-c056-4817-bd0f-7af19a46d814: start RPC server
2019-10-17 18:50:39,715 [Datanode State Machine Thread - 0] INFO  server.GrpcService (GrpcService.java:startImpl(158)) - abcd8826-c056-4817-bd0f-7af19a46d814: GrpcService started, listening on 0.0.0.0/0.0.0.0:46496
2019-10-17 18:50:39,716 [Datanode State Machine Thread - 0] INFO  ratis.XceiverServerRatis (XceiverServerRatis.java:start(428)) - XceiverServerRatis abcd8826-c056-4817-bd0f-7af19a46d814 is started using port 46496
2019-10-17 18:50:39,717 [Datanode State Machine Thread - 0] INFO  server.XceiverServerGrpc (XceiverServerGrpc.java:start(149)) - XceiverServerGrpc abcd8826-c056-4817-bd0f-7af19a46d814 is started using port 39996
2019-10-17 18:50:39,781 [Datanode State Machine Thread - 0] INFO  ozoneimpl.OzoneContainer (OzoneContainer.java:start(213)) - Attempting to start container services.
2019-10-17 18:50:39,781 [Datanode State Machine Thread - 0] INFO  ozoneimpl.OzoneContainer (OzoneContainer.java:startContainerScrub(177)) - Background container scanner has been disabled.
2019-10-17 18:50:39,781 [Datanode State Machine Thread - 0] INFO  ratis.XceiverServerRatis (XceiverServerRatis.java:start(418)) - Starting XceiverServerRatis 0fe4833c-4439-4309-b94b-508419b07a37 at port 0
2019-10-17 18:50:39,788 [Datanode State Machine Thread - 0] INFO  impl.RaftServerProxy (RaftServerProxy.java:lambda$start$3(299)) - 0fe4833c-4439-4309-b94b-508419b07a37: start RPC server
2019-10-17 18:50:39,791 [Datanode State Machine Thread - 0] INFO  server.GrpcService (GrpcService.java:startImpl(158)) - 0fe4833c-4439-4309-b94b-508419b07a37: GrpcService started, listening on 0.0.0.0/0.0.0.0:39398
2019-10-17 18:50:39,791 [Datanode State Machine Thread - 0] INFO  ratis.XceiverServerRatis (XceiverServerRatis.java:start(428)) - XceiverServerRatis 0fe4833c-4439-4309-b94b-508419b07a37 is started using port 39398
2019-10-17 18:50:39,794 [Datanode State Machine Thread - 0] INFO  server.XceiverServerGrpc (XceiverServerGrpc.java:start(149)) - XceiverServerGrpc 0fe4833c-4439-4309-b94b-508419b07a37 is started using port 39764
2019-10-17 18:50:39,849 [Datanode State Machine Thread - 0] INFO  ozoneimpl.OzoneContainer (OzoneContainer.java:start(213)) - Attempting to start container services.
2019-10-17 18:50:39,849 [Datanode State Machine Thread - 0] INFO  ozoneimpl.OzoneContainer (OzoneContainer.java:startContainerScrub(177)) - Background container scanner has been disabled.
2019-10-17 18:50:39,849 [Datanode State Machine Thread - 0] INFO  ratis.XceiverServerRatis (XceiverServerRatis.java:start(418)) - Starting XceiverServerRatis 8f4f8799-ef18-41e5-9bb8-2f724208e999 at port 0
2019-10-17 18:50:39,854 [Datanode State Machine Thread - 0] INFO  impl.RaftServerProxy (RaftServerProxy.java:lambda$start$3(299)) - 8f4f8799-ef18-41e5-9bb8-2f724208e999: start RPC server
2019-10-17 18:50:39,857 [Datanode State Machine Thread - 0] INFO  server.GrpcService (GrpcService.java:startImpl(158)) - 8f4f8799-ef18-41e5-9bb8-2f724208e999: GrpcService started, listening on 0.0.0.0/0.0.0.0:33259
2019-10-17 18:50:39,857 [Datanode State Machine Thread - 0] INFO  ratis.XceiverServerRatis (XceiverServerRatis.java:start(428)) - XceiverServerRatis 8f4f8799-ef18-41e5-9bb8-2f724208e999 is started using port 33259
2019-10-17 18:50:39,859 [Datanode State Machine Thread - 0] INFO  server.XceiverServerGrpc (XceiverServerGrpc.java:start(149)) - XceiverServerGrpc 8f4f8799-ef18-41e5-9bb8-2f724208e999 is started using port 40306
2019-10-17 18:50:39,969 [Datanode State Machine Thread - 0] INFO  ozoneimpl.OzoneContainer (OzoneContainer.java:start(213)) - Attempting to start container services.
2019-10-17 18:50:39,970 [Datanode State Machine Thread - 0] INFO  ozoneimpl.OzoneContainer (OzoneContainer.java:startContainerScrub(177)) - Background container scanner has been disabled.
2019-10-17 18:50:39,970 [Datanode State Machine Thread - 0] INFO  ratis.XceiverServerRatis (XceiverServerRatis.java:start(418)) - Starting XceiverServerRatis daae7813-f814-475d-9647-a302a5541e36 at port 0
2019-10-17 18:50:39,975 [Datanode State Machine Thread - 0] INFO  impl.RaftServerProxy (RaftServerProxy.java:lambda$start$3(299)) - daae7813-f814-475d-9647-a302a5541e36: start RPC server
2019-10-17 18:50:39,979 [Datanode State Machine Thread - 0] INFO  server.GrpcService (GrpcService.java:startImpl(158)) - daae7813-f814-475d-9647-a302a5541e36: GrpcService started, listening on 0.0.0.0/0.0.0.0:45025
2019-10-17 18:50:39,980 [Datanode State Machine Thread - 0] INFO  ratis.XceiverServerRatis (XceiverServerRatis.java:start(428)) - XceiverServerRatis daae7813-f814-475d-9647-a302a5541e36 is started using port 45025
2019-10-17 18:50:39,987 [Datanode State Machine Thread - 0] INFO  server.XceiverServerGrpc (XceiverServerGrpc.java:start(149)) - XceiverServerGrpc daae7813-f814-475d-9647-a302a5541e36 is started using port 38278
2019-10-17 18:50:39,996 [main] INFO  ozone.MiniOzoneClusterImpl (MiniOzoneClusterImpl.java:lambda$waitForClusterToBeReady$0(147)) - Waiting for cluster to be ready. Got 0 of 10 DN Heartbeats.
2019-10-17 18:50:40,049 [Datanode State Machine Thread - 0] INFO  ozoneimpl.OzoneContainer (OzoneContainer.java:start(213)) - Attempting to start container services.
2019-10-17 18:50:40,049 [Datanode State Machine Thread - 0] INFO  ozoneimpl.OzoneContainer (OzoneContainer.java:startContainerScrub(177)) - Background container scanner has been disabled.
2019-10-17 18:50:40,049 [Datanode State Machine Thread - 0] INFO  ratis.XceiverServerRatis (XceiverServerRatis.java:start(418)) - Starting XceiverServerRatis 4fb2da21-ef5d-4d39-be53-a0300b1d3f26 at port 0
2019-10-17 18:50:40,056 [Datanode State Machine Thread - 0] INFO  impl.RaftServerProxy (RaftServerProxy.java:lambda$start$3(299)) - 4fb2da21-ef5d-4d39-be53-a0300b1d3f26: start RPC server
2019-10-17 18:50:40,061 [Datanode State Machine Thread - 0] INFO  server.GrpcService (GrpcService.java:startImpl(158)) - 4fb2da21-ef5d-4d39-be53-a0300b1d3f26: GrpcService started, listening on 0.0.0.0/0.0.0.0:34971
2019-10-17 18:50:40,062 [Datanode State Machine Thread - 0] INFO  ratis.XceiverServerRatis (XceiverServerRatis.java:start(428)) - XceiverServerRatis 4fb2da21-ef5d-4d39-be53-a0300b1d3f26 is started using port 34971
2019-10-17 18:50:40,079 [Datanode State Machine Thread - 0] INFO  server.XceiverServerGrpc (XceiverServerGrpc.java:start(149)) - XceiverServerGrpc 4fb2da21-ef5d-4d39-be53-a0300b1d3f26 is started using port 45486
2019-10-17 18:50:40,996 [main] INFO  ozone.MiniOzoneClusterImpl (MiniOzoneClusterImpl.java:lambda$waitForClusterToBeReady$0(147)) - Waiting for cluster to be ready. Got 0 of 10 DN Heartbeats.
2019-10-17 18:50:41,320 [IPC Server handler 0 on 38637] INFO  net.NetworkTopology (NetworkTopologyImpl.java:add(111)) - Added a new node: /default-rack/a5e79c22-a35f-4e50-b1fd-e91b6a93d74d
2019-10-17 18:50:41,321 [IPC Server handler 0 on 38637] INFO  node.SCMNodeManager (SCMNodeManager.java:register(268)) - Registered Data node : a5e79c22-a35f-4e50-b1fd-e91b6a93d74d{ip: 192.168.157.251, host: pr-hdds-2318-qqrts-113280968, networkLocation: /default-rack, certSerialId: null}
2019-10-17 18:50:41,325 [EventQueue-NodeRegistrationContainerReportForDataNodeSafeModeRule] INFO  safemode.SCMSafeModeManager (DataNodeSafeModeRule.java:process(71)) - SCM in safe mode. 1 DataNodes registered, 1 required.
2019-10-17 18:50:41,325 [EventQueue-NodeRegistrationContainerReportForDataNodeSafeModeRule] INFO  safemode.SCMSafeModeManager (SCMSafeModeManager.java:validateSafeModeExitRules(177)) - ScmSafeModeManager, all rules are successfully validated
2019-10-17 18:50:41,325 [EventQueue-NodeRegistrationContainerReportForDataNodeSafeModeRule] INFO  safemode.SCMSafeModeManager (SCMSafeModeManager.java:exitSafeMode(193)) - SCM exiting safe mode.
2019-10-17 18:50:41,367 [IPC Server handler 1 on 38637] INFO  net.NetworkTopology (NetworkTopologyImpl.java:add(111)) - Added a new node: /default-rack/b8f04e38-0663-4b1f-8efd-f76585c6e86c
2019-10-17 18:50:41,367 [IPC Server handler 1 on 38637] INFO  node.SCMNodeManager (SCMNodeManager.java:register(268)) - Registered Data node : b8f04e38-0663-4b1f-8efd-f76585c6e86c{ip: 192.168.157.251, host: pr-hdds-2318-qqrts-113280968, networkLocation: /default-rack, certSerialId: null}
2019-10-17 18:50:41,446 [IPC Server handler 3 on 38637] INFO  net.NetworkTopology (NetworkTopologyImpl.java:add(111)) - Added a new node: /default-rack/1e4e1375-1b66-460f-8c99-4c341545a119
2019-10-17 18:50:41,446 [IPC Server handler 3 on 38637] INFO  node.SCMNodeManager (SCMNodeManager.java:register(268)) - Registered Data node : 1e4e1375-1b66-460f-8c99-4c341545a119{ip: 192.168.157.251, host: pr-hdds-2318-qqrts-113280968, networkLocation: /default-rack, certSerialId: null}
2019-10-17 18:50:41,527 [IPC Server handler 4 on 38637] INFO  net.NetworkTopology (NetworkTopologyImpl.java:add(111)) - Added a new node: /default-rack/73297ffa-40cb-4e3e-b33e-1bc2c1da60f5
2019-10-17 18:50:41,528 [IPC Server handler 4 on 38637] INFO  node.SCMNodeManager (SCMNodeManager.java:register(268)) - Registered Data node : 73297ffa-40cb-4e3e-b33e-1bc2c1da60f5{ip: 192.168.157.251, host: pr-hdds-2318-qqrts-113280968, networkLocation: /default-rack, certSerialId: null}
2019-10-17 18:50:41,621 [IPC Server handler 5 on 38637] INFO  net.NetworkTopology (NetworkTopologyImpl.java:add(111)) - Added a new node: /default-rack/de8c9e34-1a4b-4ad8-952a-c65e9c1604e8
2019-10-17 18:50:41,621 [IPC Server handler 5 on 38637] INFO  node.SCMNodeManager (SCMNodeManager.java:register(268)) - Registered Data node : de8c9e34-1a4b-4ad8-952a-c65e9c1604e8{ip: 192.168.157.251, host: pr-hdds-2318-qqrts-113280968, networkLocation: /default-rack, certSerialId: null}
2019-10-17 18:50:41,726 [IPC Server handler 6 on 38637] INFO  net.NetworkTopology (NetworkTopologyImpl.java:add(111)) - Added a new node: /default-rack/abcd8826-c056-4817-bd0f-7af19a46d814
2019-10-17 18:50:41,726 [IPC Server handler 6 on 38637] INFO  node.SCMNodeManager (SCMNodeManager.java:register(268)) - Registered Data node : abcd8826-c056-4817-bd0f-7af19a46d814{ip: 192.168.157.251, host: pr-hdds-2318-qqrts-113280968, networkLocation: /default-rack, certSerialId: null}
2019-10-17 18:50:41,781 [IPC Server handler 7 on 38637] INFO  net.NetworkTopology (NetworkTopologyImpl.java:add(111)) - Added a new node: /default-rack/0fe4833c-4439-4309-b94b-508419b07a37
2019-10-17 18:50:41,781 [IPC Server handler 7 on 38637] INFO  node.SCMNodeManager (SCMNodeManager.java:register(268)) - Registered Data node : 0fe4833c-4439-4309-b94b-508419b07a37{ip: 192.168.157.251, host: pr-hdds-2318-qqrts-113280968, networkLocation: /default-rack, certSerialId: null}
2019-10-17 18:50:41,837 [IPC Server handler 8 on 38637] INFO  net.NetworkTopology (NetworkTopologyImpl.java:add(111)) - Added a new node: /default-rack/8f4f8799-ef18-41e5-9bb8-2f724208e999
2019-10-17 18:50:41,837 [IPC Server handler 8 on 38637] INFO  node.SCMNodeManager (SCMNodeManager.java:register(268)) - Registered Data node : 8f4f8799-ef18-41e5-9bb8-2f724208e999{ip: 192.168.157.251, host: pr-hdds-2318-qqrts-113280968, networkLocation: /default-rack, certSerialId: null}
2019-10-17 18:50:41,902 [grpc-default-executor-0] INFO  impl.RaftServerProxy (RaftServerProxy.java:addNew(89)) - a5e79c22-a35f-4e50-b1fd-e91b6a93d74d: addNew group-865512EF643C:[a5e79c22-a35f-4e50-b1fd-e91b6a93d74d:192.168.157.251:45177] returns group-865512EF643C:java.util.concurrent.CompletableFuture@1d4bab15[Not completed]
2019-10-17 18:50:41,919 [pool-27-thread-1] INFO  impl.RaftServerImpl (RaftServerImpl.java:<init>(104)) - a5e79c22-a35f-4e50-b1fd-e91b6a93d74d: new RaftServerImpl for group-865512EF643C:[a5e79c22-a35f-4e50-b1fd-e91b6a93d74d:192.168.157.251:45177] with ContainerStateMachine:uninitialized
2019-10-17 18:50:41,921 [IPC Server handler 9 on 38637] INFO  net.NetworkTopology (NetworkTopologyImpl.java:add(111)) - Added a new node: /default-rack/daae7813-f814-475d-9647-a302a5541e36
2019-10-17 18:50:41,921 [IPC Server handler 9 on 38637] INFO  node.SCMNodeManager (SCMNodeManager.java:register(268)) - Registered Data node : daae7813-f814-475d-9647-a302a5541e36{ip: 192.168.157.251, host: pr-hdds-2318-qqrts-113280968, networkLocation: /default-rack, certSerialId: null}
2019-10-17 18:50:41,922 [pool-27-thread-1] INFO  server.RaftServerConfigKeys (ConfUtils.java:logGet(43)) - raft.server.rpc.timeout.min = 1s (custom)
2019-10-17 18:50:41,924 [pool-27-thread-1] INFO  server.RaftServerConfigKeys (ConfUtils.java:logGet(43)) - raft.server.rpc.timeout.max = 1200ms (custom)
2019-10-17 18:50:41,924 [pool-27-thread-1] INFO  server.RaftServerConfigKeys (ConfUtils.java:logGet(43)) - raft.server.rpcslowness.timeout = 120s (custom)
2019-10-17 18:50:41,924 [pool-27-thread-1] INFO  server.RaftServerConfigKeys (ConfUtils.java:logGet(43)) - raft.server.sleep.deviation.threshold = 300 (default)
2019-10-17 18:50:41,925 [pool-27-thread-1] INFO  server.RaftServerConfigKeys (ConfUtils.java:logGet(43)) - raft.server.log.appender.install.snapshot.enabled = false (custom)
2019-10-17 18:50:41,933 [pool-27-thread-1] INFO  impl.RaftServerImpl (ServerState.java:<init>(103)) - a5e79c22-a35f-4e50-b1fd-e91b6a93d74d@group-865512EF643C: ConfigurationManager, init=-1: [a5e79c22-a35f-4e50-b1fd-e91b6a93d74d:192.168.157.251:45177], old=null, confs=<EMPTY_MAP>
2019-10-17 18:50:41,934 [pool-27-thread-1] INFO  server.RaftServerConfigKeys (ConfUtils.java:logGet(43)) - raft.server.storage.dir = [/workdir/hadoop-ozone/integration-test/target/test-dir/MiniOzoneClusterImpl-1add80d3-0bcb-487c-a891-e654dcc55690/datanode-0/data/ratis] (custom)
2019-10-17 18:50:41,940 [pool-27-thread-1] INFO  server.RaftServerConfigKeys (ConfUtils.java:logGet(43)) - raft.server.log.corruption.policy = EXCEPTION (default)
2019-10-17 18:50:41,942 [pool-27-thread-1] INFO  storage.RaftStorageDirectory (RaftStorageDirectory.java:analyzeStorage(246)) - The storage directory /workdir/hadoop-ozone/integration-test/target/test-dir/MiniOzoneClusterImpl-1add80d3-0bcb-487c-a891-e654dcc55690/datanode-0/data/ratis/51c9241a-69bd-4462-9ca5-865512ef643c does not exist. Creating ...
2019-10-17 18:50:41,995 [pool-27-thread-1] INFO  storage.RaftStorageDirectory (RaftStorageDirectory.java:tryLock(328)) - Lock on /workdir/hadoop-ozone/integration-test/target/test-dir/MiniOzoneClusterImpl-1add80d3-0bcb-487c-a891-e654dcc55690/datanode-0/data/ratis/51c9241a-69bd-4462-9ca5-865512ef643c/in_use.lock acquired by nodename 4964@pr-hdds-2318-qqrts-113280968
2019-10-17 18:50:41,997 [main] INFO  ozone.MiniOzoneClusterImpl (MiniOzoneClusterImpl.java:lambda$waitForClusterToBeReady$0(147)) - Waiting for cluster to be ready. Got 9 of 10 DN Heartbeats.
2019-10-17 18:50:42,021 [IPC Server handler 11 on 38637] INFO  net.NetworkTopology (NetworkTopologyImpl.java:add(111)) - Added a new node: /default-rack/4fb2da21-ef5d-4d39-be53-a0300b1d3f26
2019-10-17 18:50:42,022 [IPC Server handler 11 on 38637] INFO  node.SCMNodeManager (SCMNodeManager.java:register(268)) - Registered Data node : 4fb2da21-ef5d-4d39-be53-a0300b1d3f26{ip: 192.168.157.251, host: pr-hdds-2318-qqrts-113280968, networkLocation: /default-rack, certSerialId: null}
2019-10-17 18:50:42,033 [pool-27-thread-1] INFO  storage.RaftStorage (RaftStorage.java:format(84)) - Storage directory /workdir/hadoop-ozone/integration-test/target/test-dir/MiniOzoneClusterImpl-1add80d3-0bcb-487c-a891-e654dcc55690/datanode-0/data/ratis/51c9241a-69bd-4462-9ca5-865512ef643c has been successfully formatted.
2019-10-17 18:50:42,035 [pool-27-thread-1] INFO  ratis.ContainerStateMachine (ContainerStateMachine.java:loadSnapshot(231)) - group-865512EF643C: The snapshot info is null. Setting the last applied indexto:(t:0, i:~)
2019-10-17 18:50:42,036 [pool-27-thread-1] INFO  server.RaftServerConfigKeys (ConfUtils.java:logGet(43)) - raft.server.notification.no-leader.timeout = 120s (custom)
2019-10-17 18:50:42,038 [pool-27-thread-1] INFO  server.RaftServerConfigKeys (ConfUtils.java:logGet(43)) - raft.server.log.use.memory = false (default)
2019-10-17 18:50:42,042 [pool-27-thread-1] INFO  server.RaftServerConfigKeys (ConfUtils.java:logGet(43)) - raft.server.log.purge.gap = 1000000 (custom)
2019-10-17 18:50:42,042 [pool-27-thread-1] INFO  server.RaftServerConfigKeys (ConfUtils.java:logGet(43)) - raft.server.log.appender.buffer.byte-limit = 33554432 (custom)
2019-10-17 18:50:42,044 [pool-27-thread-1] INFO  server.RaftServerConfigKeys (ConfUtils.java:logGet(43)) - raft.server.log.segment.size.max = 1048576 (custom)
2019-10-17 18:50:42,045 [pool-27-thread-1] INFO  impl.MetricsSystemImpl (MetricsSystemImpl.java:init(158)) - ratis metrics system started (again)
2019-10-17 18:50:42,049 [pool-27-thread-1] INFO  metrics.MetricRegistries (MetricRegistriesLoader.java:load(64)) - Loaded MetricRegistries class org.apache.ratis.metrics.impl.MetricRegistriesImpl
2019-10-17 18:50:42,086 [pool-27-thread-1] INFO  server.RaftServerConfigKeys (ConfUtils.java:logGet(43)) - raft.server.log.segment.cache.num.max = 2 (custom)
2019-10-17 18:50:42,092 [pool-27-thread-1] INFO  segmented.SegmentedRaftLogWorker (SegmentedRaftLogWorker.java:<init>(173)) - new a5e79c22-a35f-4e50-b1fd-e91b6a93d74d@group-865512EF643C-SegmentedRaftLogWorker for RaftStorage:Storage Directory /workdir/hadoop-ozone/integration-test/target/test-dir/MiniOzoneClusterImpl-1add80d3-0bcb-487c-a891-e654dcc55690/datanode-0/data/ratis/51c9241a-69bd-4462-9ca5-865512ef643c
2019-10-17 18:50:42,092 [pool-27-thread-1] INFO  server.RaftServerConfigKeys (ConfUtils.java:logGet(43)) - raft.server.log.queue.byte-limit = 2147483647 (custom)
2019-10-17 18:50:42,092 [pool-27-thread-1] INFO  server.RaftServerConfigKeys (ConfUtils.java:logGet(43)) - raft.server.log.queue.element-limit = 1024 (custom)
2019-10-17 18:50:42,094 [pool-27-thread-1] INFO  server.RaftServerConfigKeys (ConfUtils.java:logGet(43)) - raft.server.log.segment.size.max = 1048576 (custom)
2019-10-17 18:50:42,094 [pool-27-thread-1] INFO  server.RaftServerConfigKeys (ConfUtils.java:logGet(43)) - raft.server.log.preallocated.size = 16384 (custom)
2019-10-17 18:50:42,094 [pool-27-thread-1] INFO  server.RaftServerConfigKeys (ConfUtils.java:logGet(43)) - raft.server.log.write.buffer.size = 33554432 (custom)
2019-10-17 18:50:42,095 [pool-27-thread-1] INFO  server.RaftServerConfigKeys (ConfUtils.java:logGet(43)) - raft.server.log.force.sync.num = 128 (default)
2019-10-17 18:50:42,096 [pool-27-thread-1] INFO  server.RaftServerConfigKeys (ConfUtils.java:logGet(43)) - raft.server.log.statemachine.data.sync = true (default)
2019-10-17 18:50:42,096 [pool-27-thread-1] INFO  server.RaftServerConfigKeys (ConfUtils.java:logGet(43)) - raft.server.log.statemachine.data.sync.timeout = 10s (default)
2019-10-17 18:50:42,096 [pool-27-thread-1] INFO  server.RaftServerConfigKeys (ConfUtils.java:logGet(43)) - raft.server.log.statemachine.data.sync.timeout.retry = -1 (default)
2019-10-17 18:50:42,108 [pool-27-thread-1] INFO  server.RaftServerConfigKeys (ConfUtils.java:logGet(43)) - raft.server.log.statemachine.data.caching.enabled = true (custom)
2019-10-17 18:50:42,112 [pool-27-thread-1] INFO  segmented.SegmentedRaftLogWorker (SegmentedRaftLogWorker.java:lambda$new$0(128)) - a5e79c22-a35f-4e50-b1fd-e91b6a93d74d@group-865512EF643C-SegmentedRaftLogWorker: flushIndex: setUnconditionally 0 -> -1
2019-10-17 18:50:42,116 [pool-27-thread-1] INFO  server.RaftServerConfigKeys (ConfUtils.java:logGet(43)) - raft.server.snapshot.auto.trigger.enabled = true (custom)
2019-10-17 18:50:42,117 [pool-27-thread-1] INFO  server.RaftServerConfigKeys (ConfUtils.java:logGet(43)) - raft.server.snapshot.auto.trigger.threshold = 10000 (custom)
2019-10-17 18:50:42,118 [pool-27-thread-1] INFO  server.RaftServerConfigKeys (ConfUtils.java:logGet(43)) - raft.server.snapshot.retention.file.num = 5 (custom)
2019-10-17 18:50:42,118 [pool-27-thread-1] INFO  server.RaftServerConfigKeys (ConfUtils.java:logGet(43)) - raft.server.retrycache.expirytime = 600000ms (custom)
2019-10-17 18:50:42,147 [pool-27-thread-1] INFO  impl.RaftServerImpl (RaftServerImpl.java:start(195)) - a5e79c22-a35f-4e50-b1fd-e91b6a93d74d@group-865512EF643C: start as a follower, conf=-1: [a5e79c22-a35f-4e50-b1fd-e91b6a93d74d:192.168.157.251:45177], old=null
2019-10-17 18:50:42,148 [pool-27-thread-1] INFO  impl.RaftServerImpl (RaftServerImpl.java:setRole(184)) - a5e79c22-a35f-4e50-b1fd-e91b6a93d74d@group-865512EF643C: changes role from      null to FOLLOWER at term 0 for startAsFollower
2019-10-17 18:50:42,149 [pool-27-thread-1] INFO  impl.RoleInfo (RoleInfo.java:updateAndGet(143)) - a5e79c22-a35f-4e50-b1fd-e91b6a93d74d: start FollowerState
2019-10-17 18:50:42,151 [pool-27-thread-1] INFO  util.JmxRegister (JmxRegister.java:tryRegister(44)) - Successfully registered JMX Bean with object name Ratis:service=RaftServer,group=group-865512EF643C,id=a5e79c22-a35f-4e50-b1fd-e91b6a93d74d
2019-10-17 18:50:42,220 [RatisPipelineUtilsThread] INFO  pipeline.PipelineStateManager (PipelineStateManager.java:addPipeline(56)) - Created pipeline Pipeline[ Id: 51c9241a-69bd-4462-9ca5-865512ef643c, Nodes: a5e79c22-a35f-4e50-b1fd-e91b6a93d74d{ip: 192.168.157.251, host: pr-hdds-2318-qqrts-113280968, networkLocation: /default-rack, certSerialId: null}, Type:RATIS, Factor:ONE, State:OPEN]
2019-10-17 18:50:42,250 [grpc-default-executor-0] INFO  impl.RaftServerProxy (RaftServerProxy.java:addNew(89)) - 0fe4833c-4439-4309-b94b-508419b07a37: addNew group-253862F21A1A:[0fe4833c-4439-4309-b94b-508419b07a37:192.168.157.251:39398] returns group-253862F21A1A:java.util.concurrent.CompletableFuture@4c766a8d[Not completed]
2019-10-17 18:50:42,304 [Thread-285] INFO  impl.FollowerState (FollowerState.java:run(108)) - a5e79c22-a35f-4e50-b1fd-e91b6a93d74d@group-865512EF643C-FollowerState: change to CANDIDATE, lastRpcTime:131ms, electionTimeout:128ms
2019-10-17 18:50:42,309 [pool-87-thread-1] INFO  impl.RaftServerImpl (RaftServerImpl.java:<init>(104)) - 0fe4833c-4439-4309-b94b-508419b07a37: new RaftServerImpl for group-253862F21A1A:[0fe4833c-4439-4309-b94b-508419b07a37:192.168.157.251:39398] with ContainerStateMachine:uninitialized
2019-10-17 18:50:42,310 [pool-87-thread-1] INFO  server.RaftServerConfigKeys (ConfUtils.java:logGet(43)) - raft.server.rpc.timeout.min = 1s (custom)
2019-10-17 18:50:42,310 [pool-87-thread-1] INFO  server.RaftServerConfigKeys (ConfUtils.java:logGet(43)) - raft.server.rpc.timeout.max = 1200ms (custom)
2019-10-17 18:50:42,310 [pool-87-thread-1] INFO  server.RaftServerConfigKeys (ConfUtils.java:logGet(43)) - raft.server.rpcslowness.timeout = 120s (custom)
2019-10-17 18:50:42,310 [pool-87-thread-1] INFO  server.RaftServerConfigKeys (ConfUtils.java:logGet(43)) - raft.server.sleep.deviation.threshold = 300 (default)
2019-10-17 18:50:42,310 [pool-87-thread-1] INFO  server.RaftServerConfigKeys (ConfUtils.java:logGet(43)) - raft.server.log.appender.install.snapshot.enabled = false (custom)
2019-10-17 18:50:42,310 [pool-87-thread-1] INFO  impl.RaftServerImpl (ServerState.java:<init>(103)) - 0fe4833c-4439-4309-b94b-508419b07a37@group-253862F21A1A: ConfigurationManager, init=-1: [0fe4833c-4439-4309-b94b-508419b07a37:192.168.157.251:39398], old=null, confs=<EMPTY_MAP>
2019-10-17 18:50:42,311 [pool-87-thread-1] INFO  server.RaftServerConfigKeys (ConfUtils.java:logGet(43)) - raft.server.storage.dir = [/workdir/hadoop-ozone/integration-test/target/test-dir/MiniOzoneClusterImpl-1add80d3-0bcb-487c-a891-e654dcc55690/datanode-6/data/ratis] (custom)
2019-10-17 18:50:42,311 [Thread-285] INFO  impl.RoleInfo (RoleInfo.java:shutdownFollowerState(121)) - a5e79c22-a35f-4e50-b1fd-e91b6a93d74d: shutdown FollowerState
2019-10-17 18:50:42,312 [pool-87-thread-1] INFO  server.RaftServerConfigKeys (ConfUtils.java:logGet(43)) - raft.server.log.corruption.policy = EXCEPTION (default)
2019-10-17 18:50:42,312 [Thread-285] INFO  impl.RaftServerImpl (RaftServerImpl.java:setRole(184)) - a5e79c22-a35f-4e50-b1fd-e91b6a93d74d@group-865512EF643C: changes role from  FOLLOWER to CANDIDATE at term 0 for changeToCandidate
2019-10-17 18:50:42,312 [pool-87-thread-1] INFO  storage.RaftStorageDirectory (RaftStorageDirectory.java:analyzeStorage(246)) - The storage directory /workdir/hadoop-ozone/integration-test/target/test-dir/MiniOzoneClusterImpl-1add80d3-0bcb-487c-a891-e654dcc55690/datanode-6/data/ratis/7192ba30-4a4c-4783-b3fd-253862f21a1a does not exist. Creating ...
2019-10-17 18:50:42,319 [Thread-285] INFO  impl.RoleInfo (RoleInfo.java:updateAndGet(143)) - a5e79c22-a35f-4e50-b1fd-e91b6a93d74d: start LeaderElection
2019-10-17 18:50:42,327 [pool-87-thread-1] INFO  storage.RaftStorageDirectory (RaftStorageDirectory.java:tryLock(328)) - Lock on /workdir/hadoop-ozone/integration-test/target/test-dir/MiniOzoneClusterImpl-1add80d3-0bcb-487c-a891-e654dcc55690/datanode-6/data/ratis/7192ba30-4a4c-4783-b3fd-253862f21a1a/in_use.lock acquired by nodename 4964@pr-hdds-2318-qqrts-113280968
2019-10-17 18:50:42,328 [a5e79c22-a35f-4e50-b1fd-e91b6a93d74d@group-865512EF643C-LeaderElection1] INFO  impl.LeaderElection (LeaderElection.java:askForVotes(178)) - a5e79c22-a35f-4e50-b1fd-e91b6a93d74d@group-865512EF643C-LeaderElection1: begin an election at term 1 for -1: [a5e79c22-a35f-4e50-b1fd-e91b6a93d74d:192.168.157.251:45177], old=null
2019-10-17 18:50:42,329 [a5e79c22-a35f-4e50-b1fd-e91b6a93d74d@group-865512EF643C-LeaderElection1] INFO  impl.RoleInfo (RoleInfo.java:shutdownLeaderElection(134)) - a5e79c22-a35f-4e50-b1fd-e91b6a93d74d: shutdown LeaderElection
2019-10-17 18:50:42,330 [a5e79c22-a35f-4e50-b1fd-e91b6a93d74d@group-865512EF643C-LeaderElection1] INFO  impl.RaftServerImpl (RaftServerImpl.java:setRole(184)) - a5e79c22-a35f-4e50-b1fd-e91b6a93d74d@group-865512EF643C: changes role from CANDIDATE to LEADER at term 1 for changeToLeader
2019-10-17 18:50:42,330 [a5e79c22-a35f-4e50-b1fd-e91b6a93d74d@group-865512EF643C-LeaderElection1] INFO  impl.RaftServerImpl (ServerState.java:setLeader(256)) - a5e79c22-a35f-4e50-b1fd-e91b6a93d74d@group-865512EF643C: change Leader from null to a5e79c22-a35f-4e50-b1fd-e91b6a93d74d at term 1 for becomeLeader, leader elected after 294ms
2019-10-17 18:50:42,336 [a5e79c22-a35f-4e50-b1fd-e91b6a93d74d@group-865512EF643C-LeaderElection1] INFO  server.RaftServerConfigKeys (ConfUtils.java:logGet(43)) - raft.server.staging.catchup.gap = 1000 (default)
2019-10-17 18:50:42,336 [a5e79c22-a35f-4e50-b1fd-e91b6a93d74d@group-865512EF643C-LeaderElection1] INFO  server.RaftServerConfigKeys (ConfUtils.java:logGet(43)) - raft.server.rpc.sleep.time = 25ms (default)
2019-10-17 18:50:42,340 [a5e79c22-a35f-4e50-b1fd-e91b6a93d74d@group-865512EF643C-LeaderElection1] INFO  server.RaftServerConfigKeys (ConfUtils.java:logGet(43)) - raft.server.write.element-limit = 4096 (default)
2019-10-17 18:50:42,341 [pool-87-thread-1] INFO  storage.RaftStorage (RaftStorage.java:format(84)) - Storage directory /workdir/hadoop-ozone/integration-test/target/test-dir/MiniOzoneClusterImpl-1add80d3-0bcb-487c-a891-e654dcc55690/datanode-6/data/ratis/7192ba30-4a4c-4783-b3fd-253862f21a1a has been successfully formatted.
2019-10-17 18:50:42,342 [pool-87-thread-1] INFO  ratis.ContainerStateMachine (ContainerStateMachine.java:loadSnapshot(231)) - group-253862F21A1A: The snapshot info is null. Setting the last applied indexto:(t:0, i:~)
2019-10-17 18:50:42,344 [pool-87-thread-1] INFO  server.RaftServerConfigKeys (ConfUtils.java:logGet(43)) - raft.server.notification.no-leader.timeout = 120s (custom)
2019-10-17 18:50:42,344 [pool-87-thread-1] INFO  server.RaftServerConfigKeys (ConfUtils.java:logGet(43)) - raft.server.log.use.memory = false (default)
2019-10-17 18:50:42,344 [pool-87-thread-1] INFO  server.RaftServerConfigKeys (ConfUtils.java:logGet(43)) - raft.server.log.purge.gap = 1000000 (custom)
2019-10-17 18:50:42,344 [pool-87-thread-1] INFO  server.RaftServerConfigKeys (ConfUtils.java:logGet(43)) - raft.server.log.appender.buffer.byte-limit = 33554432 (custom)
2019-10-17 18:50:42,344 [a5e79c22-a35f-4e50-b1fd-e91b6a93d74d@group-865512EF643C-LeaderElection1] INFO  server.RaftServerConfigKeys (ConfUtils.java:logGet(43)) - raft.server.watch.timeout = 10s (default)
2019-10-17 18:50:42,344 [pool-87-thread-1] INFO  server.RaftServerConfigKeys (ConfUtils.java:logGet(43)) - raft.server.log.segment.size.max = 1048576 (custom)
2019-10-17 18:50:42,344 [a5e79c22-a35f-4e50-b1fd-e91b6a93d74d@group-865512EF643C-LeaderElection1] INFO  server.RaftServerConfigKeys (ConfUtils.java:logGet(43)) - raft.server.watch.timeout.denomination = 1s (default)
2019-10-17 18:50:42,345 [a5e79c22-a35f-4e50-b1fd-e91b6a93d74d@group-865512EF643C-LeaderElection1] INFO  server.RaftServerConfigKeys (ConfUtils.java:logGet(43)) - raft.server.watch.element-limit = 65536 (default)
2019-10-17 18:50:42,348 [pool-87-thread-1] INFO  server.RaftServerConfigKeys (ConfUtils.java:logGet(43)) - raft.server.log.segment.cache.num.max = 2 (custom)
2019-10-17 18:50:42,348 [pool-87-thread-1] INFO  segmented.SegmentedRaftLogWorker (SegmentedRaftLogWorker.java:<init>(173)) - new 0fe4833c-4439-4309-b94b-508419b07a37@group-253862F21A1A-SegmentedRaftLogWorker for RaftStorage:Storage Directory /workdir/hadoop-ozone/integration-test/target/test-dir/MiniOzoneClusterImpl-1add80d3-0bcb-487c-a891-e654dcc55690/datanode-6/data/ratis/7192ba30-4a4c-4783-b3fd-253862f21a1a
2019-10-17 18:50:42,350 [pool-87-thread-1] INFO  server.RaftServerConfigKeys (ConfUtils.java:logGet(43)) - raft.server.log.queue.byte-limit = 2147483647 (custom)
2019-10-17 18:50:42,350 [pool-87-thread-1] INFO  server.RaftServerConfigKeys (ConfUtils.java:logGet(43)) - raft.server.log.queue.element-limit = 1024 (custom)
2019-10-17 18:50:42,350 [pool-87-thread-1] INFO  server.RaftServerConfigKeys (ConfUtils.java:logGet(43)) - raft.server.log.segment.size.max = 1048576 (custom)
2019-10-17 18:50:42,350 [pool-87-thread-1] INFO  server.RaftServerConfigKeys (ConfUtils.java:logGet(43)) - raft.server.log.preallocated.size = 16384 (custom)
2019-10-17 18:50:42,350 [pool-87-thread-1] INFO  server.RaftServerConfigKeys (ConfUtils.java:logGet(43)) - raft.server.log.write.buffer.size = 33554432 (custom)
2019-10-17 18:50:42,350 [pool-87-thread-1] INFO  server.RaftServerConfigKeys (ConfUtils.java:logGet(43)) - raft.server.log.force.sync.num = 128 (default)
2019-10-17 18:50:42,350 [pool-87-thread-1] INFO  server.RaftServerConfigKeys (ConfUtils.java:logGet(43)) - raft.server.log.statemachine.data.sync = true (default)
2019-10-17 18:50:42,350 [pool-87-thread-1] INFO  server.RaftServerConfigKeys (ConfUtils.java:logGet(43)) - raft.server.log.statemachine.data.sync.timeout = 10s (default)
2019-10-17 18:50:42,386 [pool-87-thread-1] INFO  server.RaftServerConfigKeys (ConfUtils.java:logGet(43)) - raft.server.log.statemachine.data.sync.timeout.retry = -1 (default)
2019-10-17 18:50:42,398 [pool-87-thread-1] INFO  server.RaftServerConfigKeys (ConfUtils.java:logGet(43)) - raft.server.log.statemachine.data.caching.enabled = true (custom)
2019-10-17 18:50:42,399 [pool-87-thread-1] INFO  segmented.SegmentedRaftLogWorker (SegmentedRaftLogWorker.java:lambda$new$0(128)) - 0fe4833c-4439-4309-b94b-508419b07a37@group-253862F21A1A-SegmentedRaftLogWorker: flushIndex: setUnconditionally 0 -> -1
2019-10-17 18:50:42,399 [pool-87-thread-1] INFO  server.RaftServerConfigKeys (ConfUtils.java:logGet(43)) - raft.server.snapshot.auto.trigger.enabled = true (custom)
2019-10-17 18:50:42,399 [pool-87-thread-1] INFO  server.RaftServerConfigKeys (ConfUtils.java:logGet(43)) - raft.server.snapshot.auto.trigger.threshold = 10000 (custom)
2019-10-17 18:50:42,400 [pool-87-thread-1] INFO  server.RaftServerConfigKeys (ConfUtils.java:logGet(43)) - raft.server.snapshot.retention.file.num = 5 (custom)
2019-10-17 18:50:42,400 [pool-87-thread-1] INFO  server.RaftServerConfigKeys (ConfUtils.java:logGet(43)) - raft.server.retrycache.expirytime = 600000ms (custom)
2019-10-17 18:50:42,411 [a5e79c22-a35f-4e50-b1fd-e91b6a93d74d@group-865512EF643C-LeaderElection1] INFO  impl.RoleInfo (RoleInfo.java:updateAndGet(143)) - a5e79c22-a35f-4e50-b1fd-e91b6a93d74d: start LeaderState
2019-10-17 18:50:42,411 [pool-87-thread-1] INFO  impl.RaftServerImpl (RaftServerImpl.java:start(195)) - 0fe4833c-4439-4309-b94b-508419b07a37@group-253862F21A1A: start as a follower, conf=-1: [0fe4833c-4439-4309-b94b-508419b07a37:192.168.157.251:39398], old=null
2019-10-17 18:50:42,412 [pool-87-thread-1] INFO  impl.RaftServerImpl (RaftServerImpl.java:setRole(184)) - 0fe4833c-4439-4309-b94b-508419b07a37@group-253862F21A1A: changes role from      null to FOLLOWER at term 0 for startAsFollower
2019-10-17 18:50:42,412 [pool-87-thread-1] INFO  impl.RoleInfo (RoleInfo.java:updateAndGet(143)) - 0fe4833c-4439-4309-b94b-508419b07a37: start FollowerState
2019-10-17 18:50:42,412 [pool-87-thread-1] INFO  util.JmxRegister (JmxRegister.java:tryRegister(44)) - Successfully registered JMX Bean with object name Ratis:service=RaftServer,group=group-253862F21A1A,id=0fe4833c-4439-4309-b94b-508419b07a37
2019-10-17 18:50:42,433 [RatisPipelineUtilsThread] INFO  pipeline.PipelineStateManager (PipelineStateManager.java:addPipeline(56)) - Created pipeline Pipeline[ Id: 7192ba30-4a4c-4783-b3fd-253862f21a1a, Nodes: 0fe4833c-4439-4309-b94b-508419b07a37{ip: 192.168.157.251, host: pr-hdds-2318-qqrts-113280968, networkLocation: /default-rack, certSerialId: null}, Type:RATIS, Factor:ONE, State:OPEN]
2019-10-17 18:50:42,454 [grpc-default-executor-0] INFO  impl.RaftServerProxy (RaftServerProxy.java:addNew(89)) - 8f4f8799-ef18-41e5-9bb8-2f724208e999: addNew group-8CCBB3701380:[8f4f8799-ef18-41e5-9bb8-2f724208e999:192.168.157.251:33259] returns group-8CCBB3701380:java.util.concurrent.CompletableFuture@15664c70[Not completed]
2019-10-17 18:50:42,455 [a5e79c22-a35f-4e50-b1fd-e91b6a93d74d@group-865512EF643C-LeaderElection1] INFO  segmented.SegmentedRaftLogWorker (SegmentedRaftLogWorker.java:startLogSegment(385)) - a5e79c22-a35f-4e50-b1fd-e91b6a93d74d@group-865512EF643C-SegmentedRaftLogWorker: Starting segment from index:0
2019-10-17 18:50:42,458 [pool-97-thread-1] INFO  impl.RaftServerImpl (RaftServerImpl.java:<init>(104)) - 8f4f8799-ef18-41e5-9bb8-2f724208e999: new RaftServerImpl for group-8CCBB3701380:[8f4f8799-ef18-41e5-9bb8-2f724208e999:192.168.157.251:33259] with ContainerStateMachine:uninitialized
2019-10-17 18:50:42,458 [pool-97-thread-1] INFO  server.RaftServerConfigKeys (ConfUtils.java:logGet(43)) - raft.server.rpc.timeout.min = 1s (custom)
2019-10-17 18:50:42,458 [pool-97-thread-1] INFO  server.RaftServerConfigKeys (ConfUtils.java:logGet(43)) - raft.server.rpc.timeout.max = 1200ms (custom)
2019-10-17 18:50:42,458 [pool-97-thread-1] INFO  server.RaftServerConfigKeys (ConfUtils.java:logGet(43)) - raft.server.rpcslowness.timeout = 120s (custom)
2019-10-17 18:50:42,458 [pool-97-thread-1] INFO  server.RaftServerConfigKeys (ConfUtils.java:logGet(43)) - raft.server.sleep.deviation.threshold = 300 (default)
2019-10-17 18:50:42,458 [pool-97-thread-1] INFO  server.RaftServerConfigKeys (ConfUtils.java:logGet(43)) - raft.server.log.appender.install.snapshot.enabled = false (custom)
2019-10-17 18:50:42,458 [pool-97-thread-1] INFO  impl.RaftServerImpl (ServerState.java:<init>(103)) - 8f4f8799-ef18-41e5-9bb8-2f724208e999@group-8CCBB3701380: ConfigurationManager, init=-1: [8f4f8799-ef18-41e5-9bb8-2f724208e999:192.168.157.251:33259], old=null, confs=<EMPTY_MAP>
2019-10-17 18:50:42,459 [pool-97-thread-1] INFO  server.RaftServerConfigKeys (ConfUtils.java:logGet(43)) - raft.server.storage.dir = [/workdir/hadoop-ozone/integration-test/target/test-dir/MiniOzoneClusterImpl-1add80d3-0bcb-487c-a891-e654dcc55690/datanode-7/data/ratis] (custom)
2019-10-17 18:50:42,459 [pool-97-thread-1] INFO  server.RaftServerConfigKeys (ConfUtils.java:logGet(43)) - raft.server.log.corruption.policy = EXCEPTION (default)
2019-10-17 18:50:42,459 [pool-97-thread-1] INFO  storage.RaftStorageDirectory (RaftStorageDirectory.java:analyzeStorage(246)) - The storage directory /workdir/hadoop-ozone/integration-test/target/test-dir/MiniOzoneClusterImpl-1add80d3-0bcb-487c-a891-e654dcc55690/datanode-7/data/ratis/6f25258f-7f5f-49dd-bcac-8ccbb3701380 does not exist. Creating ...
2019-10-17 18:50:42,536 [pool-97-thread-1] INFO  storage.RaftStorageDirectory (RaftStorageDirectory.java:tryLock(328)) - Lock on /workdir/hadoop-ozone/integration-test/target/test-dir/MiniOzoneClusterImpl-1add80d3-0bcb-487c-a891-e654dcc55690/datanode-7/data/ratis/6f25258f-7f5f-49dd-bcac-8ccbb3701380/in_use.lock acquired by nodename 4964@pr-hdds-2318-qqrts-113280968
2019-10-17 18:50:42,551 [a5e79c22-a35f-4e50-b1fd-e91b6a93d74d@group-865512EF643C-LeaderElection1] INFO  impl.RaftServerImpl (ServerState.java:setRaftConf(357)) - a5e79c22-a35f-4e50-b1fd-e91b6a93d74d@group-865512EF643C: set configuration 0: [a5e79c22-a35f-4e50-b1fd-e91b6a93d74d:192.168.157.251:45177], old=null at 0
2019-10-17 18:50:42,556 [pool-97-thread-1] INFO  storage.RaftStorage (RaftStorage.java:format(84)) - Storage directory /workdir/hadoop-ozone/integration-test/target/test-dir/MiniOzoneClusterImpl-1add80d3-0bcb-487c-a891-e654dcc55690/datanode-7/data/ratis/6f25258f-7f5f-49dd-bcac-8ccbb3701380 has been successfully formatted.
2019-10-17 18:50:42,557 [pool-97-thread-1] INFO  ratis.ContainerStateMachine (ContainerStateMachine.java:loadSnapshot(231)) - group-8CCBB3701380: The snapshot info is null. Setting the last applied indexto:(t:0, i:~)
2019-10-17 18:50:42,557 [pool-97-thread-1] INFO  server.RaftServerConfigKeys (ConfUtils.java:logGet(43)) - raft.server.notification.no-leader.timeout = 120s (custom)
2019-10-17 18:50:42,557 [pool-97-thread-1] INFO  server.RaftServerConfigKeys (ConfUtils.java:logGet(43)) - raft.server.log.use.memory = false (default)
2019-10-17 18:50:42,557 [pool-97-thread-1] INFO  server.RaftServerConfigKeys (ConfUtils.java:logGet(43)) - raft.server.log.purge.gap = 1000000 (custom)
2019-10-17 18:50:42,557 [pool-97-thread-1] INFO  server.RaftServerConfigKeys (ConfUtils.java:logGet(43)) - raft.server.log.appender.buffer.byte-limit = 33554432 (custom)
2019-10-17 18:50:42,557 [pool-97-thread-1] INFO  server.RaftServerConfigKeys (ConfUtils.java:logGet(43)) - raft.server.log.segment.size.max = 1048576 (custom)
2019-10-17 18:50:42,560 [Thread-290] INFO  impl.FollowerState (FollowerState.java:run(108)) - 0fe4833c-4439-4309-b94b-508419b07a37@group-253862F21A1A-FollowerState: change to CANDIDATE, lastRpcTime:148ms, electionTimeout:148ms
2019-10-17 18:50:42,561 [pool-97-thread-1] INFO  server.RaftServerConfigKeys (ConfUtils.java:logGet(43)) - raft.server.log.segment.cache.num.max = 2 (custom)
2019-10-17 18:50:42,561 [pool-97-thread-1] INFO  segmented.SegmentedRaftLogWorker (SegmentedRaftLogWorker.java:<init>(173)) - new 8f4f8799-ef18-41e5-9bb8-2f724208e999@group-8CCBB3701380-SegmentedRaftLogWorker for RaftStorage:Storage Directory /workdir/hadoop-ozone/integration-test/target/test-dir/MiniOzoneClusterImpl-1add80d3-0bcb-487c-a891-e654dcc55690/datanode-7/data/ratis/6f25258f-7f5f-49dd-bcac-8ccbb3701380
2019-10-17 18:50:42,561 [Thread-290] INFO  impl.RoleInfo (RoleInfo.java:shutdownFollowerState(121)) - 0fe4833c-4439-4309-b94b-508419b07a37: shutdown FollowerState
2019-10-17 18:50:42,562 [pool-97-thread-1] INFO  server.RaftServerConfigKeys (ConfUtils.java:logGet(43)) - raft.server.log.queue.byte-limit = 2147483647 (custom)
2019-10-17 18:50:42,562 [Thread-290] INFO  impl.RaftServerImpl (RaftServerImpl.java:setRole(184)) - 0fe4833c-4439-4309-b94b-508419b07a37@group-253862F21A1A: changes role from  FOLLOWER to CANDIDATE at term 0 for changeToCandidate
2019-10-17 18:50:42,562 [pool-97-thread-1] INFO  server.RaftServerConfigKeys (ConfUtils.java:logGet(43)) - raft.server.log.queue.element-limit = 1024 (custom)
2019-10-17 18:50:42,562 [pool-97-thread-1] INFO  server.RaftServerConfigKeys (ConfUtils.java:logGet(43)) - raft.server.log.segment.size.max = 1048576 (custom)
2019-10-17 18:50:42,562 [Thread-290] INFO  impl.RoleInfo (RoleInfo.java:updateAndGet(143)) - 0fe4833c-4439-4309-b94b-508419b07a37: start LeaderElection
2019-10-17 18:50:42,562 [pool-97-thread-1] INFO  server.RaftServerConfigKeys (ConfUtils.java:logGet(43)) - raft.server.log.preallocated.size = 16384 (custom)
2019-10-17 18:50:42,562 [pool-97-thread-1] INFO  server.RaftServerConfigKeys (ConfUtils.java:logGet(43)) - raft.server.log.write.buffer.size = 33554432 (custom)
2019-10-17 18:50:42,562 [pool-97-thread-1] INFO  server.RaftServerConfigKeys (ConfUtils.java:logGet(43)) - raft.server.log.force.sync.num = 128 (default)
2019-10-17 18:50:42,563 [pool-97-thread-1] INFO  server.RaftServerConfigKeys (ConfUtils.java:logGet(43)) - raft.server.log.statemachine.data.sync = true (default)
2019-10-17 18:50:42,565 [pool-97-thread-1] INFO  server.RaftServerConfigKeys (ConfUtils.java:logGet(43)) - raft.server.log.statemachine.data.sync.timeout = 10s (default)
2019-10-17 18:50:42,565 [pool-97-thread-1] INFO  server.RaftServerConfigKeys (ConfUtils.java:logGet(43)) - raft.server.log.statemachine.data.sync.timeout.retry = -1 (default)
2019-10-17 18:50:42,566 [pool-97-thread-1] INFO  server.RaftServerConfigKeys (ConfUtils.java:logGet(43)) - raft.server.log.statemachine.data.caching.enabled = true (custom)
2019-10-17 18:50:42,566 [pool-97-thread-1] INFO  segmented.SegmentedRaftLogWorker (SegmentedRaftLogWorker.java:lambda$new$0(128)) - 8f4f8799-ef18-41e5-9bb8-2f724208e999@group-8CCBB3701380-SegmentedRaftLogWorker: flushIndex: setUnconditionally 0 -> -1
2019-10-17 18:50:42,567 [pool-97-thread-1] INFO  server.RaftServerConfigKeys (ConfUtils.java:logGet(43)) - raft.server.snapshot.auto.trigger.enabled = true (custom)
2019-10-17 18:50:42,568 [pool-97-thread-1] INFO  server.RaftServerConfigKeys (ConfUtils.java:logGet(43)) - raft.server.snapshot.auto.trigger.threshold = 10000 (custom)
2019-10-17 18:50:42,568 [pool-97-thread-1] INFO  server.RaftServerConfigKeys (ConfUtils.java:logGet(43)) - raft.server.snapshot.retention.file.num = 5 (custom)
2019-10-17 18:50:42,568 [pool-97-thread-1] INFO  server.RaftServerConfigKeys (ConfUtils.java:logGet(43)) - raft.server.retrycache.expirytime = 600000ms (custom)
2019-10-17 18:50:42,573 [pool-97-thread-1] INFO  impl.RaftServerImpl (RaftServerImpl.java:start(195)) - 8f4f8799-ef18-41e5-9bb8-2f724208e999@group-8CCBB3701380: start as a follower, conf=-1: [8f4f8799-ef18-41e5-9bb8-2f724208e999:192.168.157.251:33259], old=null
2019-10-17 18:50:42,573 [pool-97-thread-1] INFO  impl.RaftServerImpl (RaftServerImpl.java:setRole(184)) - 8f4f8799-ef18-41e5-9bb8-2f724208e999@group-8CCBB3701380: changes role from      null to FOLLOWER at term 0 for startAsFollower
2019-10-17 18:50:42,573 [pool-97-thread-1] INFO  impl.RoleInfo (RoleInfo.java:updateAndGet(143)) - 8f4f8799-ef18-41e5-9bb8-2f724208e999: start FollowerState
2019-10-17 18:50:42,573 [pool-97-thread-1] INFO  util.JmxRegister (JmxRegister.java:tryRegister(44)) - Successfully registered JMX Bean with object name Ratis:service=RaftServer,group=group-8CCBB3701380,id=8f4f8799-ef18-41e5-9bb8-2f724208e999
2019-10-17 18:50:42,578 [0fe4833c-4439-4309-b94b-508419b07a37@group-253862F21A1A-LeaderElection2] INFO  impl.LeaderElection (LeaderElection.java:askForVotes(178)) - 0fe4833c-4439-4309-b94b-508419b07a37@group-253862F21A1A-LeaderElection2: begin an election at term 1 for -1: [0fe4833c-4439-4309-b94b-508419b07a37:192.168.157.251:39398], old=null
2019-10-17 18:50:42,584 [0fe4833c-4439-4309-b94b-508419b07a37@group-253862F21A1A-LeaderElection2] INFO  impl.RoleInfo (RoleInfo.java:shutdownLeaderElection(134)) - 0fe4833c-4439-4309-b94b-508419b07a37: shutdown LeaderElection
2019-10-17 18:50:42,586 [0fe4833c-4439-4309-b94b-508419b07a37@group-253862F21A1A-LeaderElection2] INFO  impl.RaftServerImpl (RaftServerImpl.java:setRole(184)) - 0fe4833c-4439-4309-b94b-508419b07a37@group-253862F21A1A: changes role from CANDIDATE to LEADER at term 1 for changeToLeader
2019-10-17 18:50:42,586 [0fe4833c-4439-4309-b94b-508419b07a37@group-253862F21A1A-LeaderElection2] INFO  impl.RaftServerImpl (ServerState.java:setLeader(256)) - 0fe4833c-4439-4309-b94b-508419b07a37@group-253862F21A1A: change Leader from null to 0fe4833c-4439-4309-b94b-508419b07a37 at term 1 for becomeLeader, leader elected after 242ms
2019-10-17 18:50:42,588 [0fe4833c-4439-4309-b94b-508419b07a37@group-253862F21A1A-LeaderElection2] INFO  server.RaftServerConfigKeys (ConfUtils.java:logGet(43)) - raft.server.staging.catchup.gap = 1000 (default)
2019-10-17 18:50:42,588 [0fe4833c-4439-4309-b94b-508419b07a37@group-253862F21A1A-LeaderElection2] INFO  server.RaftServerConfigKeys (ConfUtils.java:logGet(43)) - raft.server.rpc.sleep.time = 25ms (default)
2019-10-17 18:50:42,588 [0fe4833c-4439-4309-b94b-508419b07a37@group-253862F21A1A-LeaderElection2] INFO  server.RaftServerConfigKeys (ConfUtils.java:logGet(43)) - raft.server.write.element-limit = 4096 (default)
2019-10-17 18:50:42,589 [0fe4833c-4439-4309-b94b-508419b07a37@group-253862F21A1A-LeaderElection2] INFO  server.RaftServerConfigKeys (ConfUtils.java:logGet(43)) - raft.server.watch.timeout = 10s (default)
2019-10-17 18:50:42,589 [0fe4833c-4439-4309-b94b-508419b07a37@group-253862F21A1A-LeaderElection2] INFO  server.RaftServerConfigKeys (ConfUtils.java:logGet(43)) - raft.server.watch.timeout.denomination = 1s (default)
2019-10-17 18:50:42,590 [0fe4833c-4439-4309-b94b-508419b07a37@group-253862F21A1A-LeaderElection2] INFO  server.RaftServerConfigKeys (ConfUtils.java:logGet(43)) - raft.server.watch.element-limit = 65536 (default)
2019-10-17 18:50:42,592 [RatisPipelineUtilsThread] INFO  pipeline.PipelineStateManager (PipelineStateManager.java:addPipeline(56)) - Created pipeline Pipeline[ Id: 6f25258f-7f5f-49dd-bcac-8ccbb3701380, Nodes: 8f4f8799-ef18-41e5-9bb8-2f724208e999{ip: 192.168.157.251, host: pr-hdds-2318-qqrts-113280968, networkLocation: /default-rack, certSerialId: null}, Type:RATIS, Factor:ONE, State:OPEN]
2019-10-17 18:50:42,594 [0fe4833c-4439-4309-b94b-508419b07a37@group-253862F21A1A-LeaderElection2] INFO  impl.RoleInfo (RoleInfo.java:updateAndGet(143)) - 0fe4833c-4439-4309-b94b-508419b07a37: start LeaderState
2019-10-17 18:50:42,595 [0fe4833c-4439-4309-b94b-508419b07a37@group-253862F21A1A-LeaderElection2] INFO  segmented.SegmentedRaftLogWorker (SegmentedRaftLogWorker.java:startLogSegment(385)) - 0fe4833c-4439-4309-b94b-508419b07a37@group-253862F21A1A-SegmentedRaftLogWorker: Starting segment from index:0
2019-10-17 18:50:42,596 [0fe4833c-4439-4309-b94b-508419b07a37@group-253862F21A1A-LeaderElection2] INFO  impl.RaftServerImpl (ServerState.java:setRaftConf(357)) - 0fe4833c-4439-4309-b94b-508419b07a37@group-253862F21A1A: set configuration 0: [0fe4833c-4439-4309-b94b-508419b07a37:192.168.157.251:39398], old=null at 0
2019-10-17 18:50:42,610 [grpc-default-executor-0] INFO  impl.RaftServerProxy (RaftServerProxy.java:addNew(89)) - de8c9e34-1a4b-4ad8-952a-c65e9c1604e8: addNew group-67FC4C2E9854:[de8c9e34-1a4b-4ad8-952a-c65e9c1604e8:192.168.157.251:40594] returns group-67FC4C2E9854:java.util.concurrent.CompletableFuture@1ee0b1b3[Not completed]
2019-10-17 18:50:42,613 [pool-67-thread-1] INFO  impl.RaftServerImpl (RaftServerImpl.java:<init>(104)) - de8c9e34-1a4b-4ad8-952a-c65e9c1604e8: new RaftServerImpl for group-67FC4C2E9854:[de8c9e34-1a4b-4ad8-952a-c65e9c1604e8:192.168.157.251:40594] with ContainerStateMachine:uninitialized
2019-10-17 18:50:42,614 [pool-67-thread-1] INFO  server.RaftServerConfigKeys (ConfUtils.java:logGet(43)) - raft.server.rpc.timeout.min = 1s (custom)
2019-10-17 18:50:42,614 [pool-67-thread-1] INFO  server.RaftServerConfigKeys (ConfUtils.java:logGet(43)) - raft.server.rpc.timeout.max = 1200ms (custom)
2019-10-17 18:50:42,614 [pool-67-thread-1] INFO  server.RaftServerConfigKeys (ConfUtils.java:logGet(43)) - raft.server.rpcslowness.timeout = 120s (custom)
2019-10-17 18:50:42,614 [pool-67-thread-1] INFO  server.RaftServerConfigKeys (ConfUtils.java:logGet(43)) - raft.server.sleep.deviation.threshold = 300 (default)
2019-10-17 18:50:42,614 [pool-67-thread-1] INFO  server.RaftServerConfigKeys (ConfUtils.java:logGet(43)) - raft.server.log.appender.install.snapshot.enabled = false (custom)
2019-10-17 18:50:42,614 [pool-67-thread-1] INFO  impl.RaftServerImpl (ServerState.java:<init>(103)) - de8c9e34-1a4b-4ad8-952a-c65e9c1604e8@group-67FC4C2E9854: ConfigurationManager, init=-1: [de8c9e34-1a4b-4ad8-952a-c65e9c1604e8:192.168.157.251:40594], old=null, confs=<EMPTY_MAP>
2019-10-17 18:50:42,614 [pool-67-thread-1] INFO  server.RaftServerConfigKeys (ConfUtils.java:logGet(43)) - raft.server.storage.dir = [/workdir/hadoop-ozone/integration-test/target/test-dir/MiniOzoneClusterImpl-1add80d3-0bcb-487c-a891-e654dcc55690/datanode-4/data/ratis] (custom)
2019-10-17 18:50:42,614 [pool-67-thread-1] INFO  server.RaftServerConfigKeys (ConfUtils.java:logGet(43)) - raft.server.log.corruption.policy = EXCEPTION (default)
2019-10-17 18:50:42,615 [pool-67-thread-1] INFO  storage.RaftStorageDirectory (RaftStorageDirectory.java:analyzeStorage(246)) - The storage directory /workdir/hadoop-ozone/integration-test/target/test-dir/MiniOzoneClusterImpl-1add80d3-0bcb-487c-a891-e654dcc55690/datanode-4/data/ratis/31db55f8-3382-4f73-a6a5-67fc4c2e9854 does not exist. Creating ...
2019-10-17 18:50:42,627 [pool-67-thread-1] INFO  storage.RaftStorageDirectory (RaftStorageDirectory.java:tryLock(328)) - Lock on /workdir/hadoop-ozone/integration-test/target/test-dir/MiniOzoneClusterImpl-1add80d3-0bcb-487c-a891-e654dcc55690/datanode-4/data/ratis/31db55f8-3382-4f73-a6a5-67fc4c2e9854/in_use.lock acquired by nodename 4964@pr-hdds-2318-qqrts-113280968
2019-10-17 18:50:42,640 [pool-67-thread-1] INFO  storage.RaftStorage (RaftStorage.java:format(84)) - Storage directory /workdir/hadoop-ozone/integration-test/target/test-dir/MiniOzoneClusterImpl-1add80d3-0bcb-487c-a891-e654dcc55690/datanode-4/data/ratis/31db55f8-3382-4f73-a6a5-67fc4c2e9854 has been successfully formatted.
2019-10-17 18:50:42,641 [pool-67-thread-1] INFO  ratis.ContainerStateMachine (ContainerStateMachine.java:loadSnapshot(231)) - group-67FC4C2E9854: The snapshot info is null. Setting the last applied indexto:(t:0, i:~)
2019-10-17 18:50:42,641 [pool-67-thread-1] INFO  server.RaftServerConfigKeys (ConfUtils.java:logGet(43)) - raft.server.notification.no-leader.timeout = 120s (custom)
2019-10-17 18:50:42,641 [pool-67-thread-1] INFO  server.RaftServerConfigKeys (ConfUtils.java:logGet(43)) - raft.server.log.use.memory = false (default)
2019-10-17 18:50:42,641 [pool-67-thread-1] INFO  server.RaftServerConfigKeys (ConfUtils.java:logGet(43)) - raft.server.log.purge.gap = 1000000 (custom)
2019-10-17 18:50:42,641 [pool-67-thread-1] INFO  server.RaftServerConfigKeys (ConfUtils.java:logGet(43)) - raft.server.log.appender.buffer.byte-limit = 33554432 (custom)
2019-10-17 18:50:42,641 [pool-67-thread-1] INFO  server.RaftServerConfigKeys (ConfUtils.java:logGet(43)) - raft.server.log.segment.size.max = 1048576 (custom)
2019-10-17 18:50:42,643 [pool-67-thread-1] INFO  server.RaftServerConfigKeys (ConfUtils.java:logGet(43)) - raft.server.log.segment.cache.num.max = 2 (custom)
2019-10-17 18:50:42,643 [pool-67-thread-1] INFO  segmented.SegmentedRaftLogWorker (SegmentedRaftLogWorker.java:<init>(173)) - new de8c9e34-1a4b-4ad8-952a-c65e9c1604e8@group-67FC4C2E9854-SegmentedRaftLogWorker for RaftStorage:Storage Directory /workdir/hadoop-ozone/integration-test/target/test-dir/MiniOzoneClusterImpl-1add80d3-0bcb-487c-a891-e654dcc55690/datanode-4/data/ratis/31db55f8-3382-4f73-a6a5-67fc4c2e9854
2019-10-17 18:50:42,643 [pool-67-thread-1] INFO  server.RaftServerConfigKeys (ConfUtils.java:logGet(43)) - raft.server.log.queue.byte-limit = 2147483647 (custom)
2019-10-17 18:50:42,644 [pool-67-thread-1] INFO  server.RaftServerConfigKeys (ConfUtils.java:logGet(43)) - raft.server.log.queue.element-limit = 1024 (custom)
2019-10-17 18:50:42,645 [pool-67-thread-1] INFO  server.RaftServerConfigKeys (ConfUtils.java:logGet(43)) - raft.server.log.segment.size.max = 1048576 (custom)
2019-10-17 18:50:42,645 [pool-67-thread-1] INFO  server.RaftServerConfigKeys (ConfUtils.java:logGet(43)) - raft.server.log.preallocated.size = 16384 (custom)
2019-10-17 18:50:42,645 [pool-67-thread-1] INFO  server.RaftServerConfigKeys (ConfUtils.java:logGet(43)) - raft.server.log.write.buffer.size = 33554432 (custom)
2019-10-17 18:50:42,645 [pool-67-thread-1] INFO  server.RaftServerConfigKeys (ConfUtils.java:logGet(43)) - raft.server.log.force.sync.num = 128 (default)
2019-10-17 18:50:42,646 [pool-67-thread-1] INFO  server.RaftServerConfigKeys (ConfUtils.java:logGet(43)) - raft.server.log.statemachine.data.sync = true (default)
2019-10-17 18:50:42,646 [pool-67-thread-1] INFO  server.RaftServerConfigKeys (ConfUtils.java:logGet(43)) - raft.server.log.statemachine.data.sync.timeout = 10s (default)
2019-10-17 18:50:42,646 [pool-67-thread-1] INFO  server.RaftServerConfigKeys (ConfUtils.java:logGet(43)) - raft.server.log.statemachine.data.sync.timeout.retry = -1 (default)
2019-10-17 18:50:42,646 [pool-67-thread-1] INFO  server.RaftServerConfigKeys (ConfUtils.java:logGet(43)) - raft.server.log.statemachine.data.caching.enabled = true (custom)
2019-10-17 18:50:42,646 [pool-67-thread-1] INFO  segmented.SegmentedRaftLogWorker (SegmentedRaftLogWorker.java:lambda$new$0(128)) - de8c9e34-1a4b-4ad8-952a-c65e9c1604e8@group-67FC4C2E9854-SegmentedRaftLogWorker: flushIndex: setUnconditionally 0 -> -1
2019-10-17 18:50:42,647 [pool-67-thread-1] INFO  server.RaftServerConfigKeys (ConfUtils.java:logGet(43)) - raft.server.snapshot.auto.trigger.enabled = true (custom)
2019-10-17 18:50:42,647 [pool-67-thread-1] INFO  server.RaftServerConfigKeys (ConfUtils.java:logGet(43)) - raft.server.snapshot.auto.trigger.threshold = 10000 (custom)
2019-10-17 18:50:42,647 [pool-67-thread-1] INFO  server.RaftServerConfigKeys (ConfUtils.java:logGet(43)) - raft.server.snapshot.retention.file.num = 5 (custom)
2019-10-17 18:50:42,647 [pool-67-thread-1] INFO  server.RaftServerConfigKeys (ConfUtils.java:logGet(43)) - raft.server.retrycache.expirytime = 600000ms (custom)
2019-10-17 18:50:42,650 [pool-67-thread-1] INFO  impl.RaftServerImpl (RaftServerImpl.java:start(195)) - de8c9e34-1a4b-4ad8-952a-c65e9c1604e8@group-67FC4C2E9854: start as a follower, conf=-1: [de8c9e34-1a4b-4ad8-952a-c65e9c1604e8:192.168.157.251:40594], old=null
2019-10-17 18:50:42,650 [pool-67-thread-1] INFO  impl.RaftServerImpl (RaftServerImpl.java:setRole(184)) - de8c9e34-1a4b-4ad8-952a-c65e9c1604e8@group-67FC4C2E9854: changes role from      null to FOLLOWER at term 0 for startAsFollower
2019-10-17 18:50:42,650 [pool-67-thread-1] INFO  impl.RoleInfo (RoleInfo.java:updateAndGet(143)) - de8c9e34-1a4b-4ad8-952a-c65e9c1604e8: start FollowerState
2019-10-17 18:50:42,651 [pool-67-thread-1] INFO  util.JmxRegister (JmxRegister.java:tryRegister(44)) - Successfully registered JMX Bean with object name Ratis:service=RaftServer,group=group-67FC4C2E9854,id=de8c9e34-1a4b-4ad8-952a-c65e9c1604e8
2019-10-17 18:50:42,671 [RatisPipelineUtilsThread] INFO  pipeline.PipelineStateManager (PipelineStateManager.java:addPipeline(56)) - Created pipeline Pipeline[ Id: 31db55f8-3382-4f73-a6a5-67fc4c2e9854, Nodes: de8c9e34-1a4b-4ad8-952a-c65e9c1604e8{ip: 192.168.157.251, host: pr-hdds-2318-qqrts-113280968, networkLocation: /default-rack, certSerialId: null}, Type:RATIS, Factor:ONE, State:OPEN]
2019-10-17 18:50:42,684 [grpc-default-executor-0] INFO  impl.RaftServerProxy (RaftServerProxy.java:addNew(89)) - 1e4e1375-1b66-460f-8c99-4c341545a119: addNew group-10843C4E364E:[1e4e1375-1b66-460f-8c99-4c341545a119:192.168.157.251:42113] returns group-10843C4E364E:java.util.concurrent.CompletableFuture@5aac1e6c[Not completed]
2019-10-17 18:50:42,687 [pool-47-thread-1] INFO  impl.RaftServerImpl (RaftServerImpl.java:<init>(104)) - 1e4e1375-1b66-460f-8c99-4c341545a119: new RaftServerImpl for group-10843C4E364E:[1e4e1375-1b66-460f-8c99-4c341545a119:192.168.157.251:42113] with ContainerStateMachine:uninitialized
2019-10-17 18:50:42,688 [pool-47-thread-1] INFO  server.RaftServerConfigKeys (ConfUtils.java:logGet(43)) - raft.server.rpc.timeout.min = 1s (custom)
2019-10-17 18:50:42,688 [pool-47-thread-1] INFO  server.RaftServerConfigKeys (ConfUtils.java:logGet(43)) - raft.server.rpc.timeout.max = 1200ms (custom)
2019-10-17 18:50:42,688 [pool-47-thread-1] INFO  server.RaftServerConfigKeys (ConfUtils.java:logGet(43)) - raft.server.rpcslowness.timeout = 120s (custom)
2019-10-17 18:50:42,688 [pool-47-thread-1] INFO  server.RaftServerConfigKeys (ConfUtils.java:logGet(43)) - raft.server.sleep.deviation.threshold = 300 (default)
2019-10-17 18:50:42,688 [pool-47-thread-1] INFO  server.RaftServerConfigKeys (ConfUtils.java:logGet(43)) - raft.server.log.appender.install.snapshot.enabled = false (custom)
2019-10-17 18:50:42,688 [pool-47-thread-1] INFO  impl.RaftServerImpl (ServerState.java:<init>(103)) - 1e4e1375-1b66-460f-8c99-4c341545a119@group-10843C4E364E: ConfigurationManager, init=-1: [1e4e1375-1b66-460f-8c99-4c341545a119:192.168.157.251:42113], old=null, confs=<EMPTY_MAP>
2019-10-17 18:50:42,689 [pool-47-thread-1] INFO  server.RaftServerConfigKeys (ConfUtils.java:logGet(43)) - raft.server.storage.dir = [/workdir/hadoop-ozone/integration-test/target/test-dir/MiniOzoneClusterImpl-1add80d3-0bcb-487c-a891-e654dcc55690/datanode-2/data/ratis] (custom)
2019-10-17 18:50:42,689 [pool-47-thread-1] INFO  server.RaftServerConfigKeys (ConfUtils.java:logGet(43)) - raft.server.log.corruption.policy = EXCEPTION (default)
2019-10-17 18:50:42,689 [pool-47-thread-1] INFO  storage.RaftStorageDirectory (RaftStorageDirectory.java:analyzeStorage(246)) - The storage directory /workdir/hadoop-ozone/integration-test/target/test-dir/MiniOzoneClusterImpl-1add80d3-0bcb-487c-a891-e654dcc55690/datanode-2/data/ratis/21c92360-0e56-46c7-a66b-10843c4e364e does not exist. Creating ...
2019-10-17 18:50:42,702 [pool-47-thread-1] INFO  storage.RaftStorageDirectory (RaftStorageDirectory.java:tryLock(328)) - Lock on /workdir/hadoop-ozone/integration-test/target/test-dir/MiniOzoneClusterImpl-1add80d3-0bcb-487c-a891-e654dcc55690/datanode-2/data/ratis/21c92360-0e56-46c7-a66b-10843c4e364e/in_use.lock acquired by nodename 4964@pr-hdds-2318-qqrts-113280968
2019-10-17 18:50:42,715 [pool-47-thread-1] INFO  storage.RaftStorage (RaftStorage.java:format(84)) - Storage directory /workdir/hadoop-ozone/integration-test/target/test-dir/MiniOzoneClusterImpl-1add80d3-0bcb-487c-a891-e654dcc55690/datanode-2/data/ratis/21c92360-0e56-46c7-a66b-10843c4e364e has been successfully formatted.
2019-10-17 18:50:42,716 [pool-47-thread-1] INFO  ratis.ContainerStateMachine (ContainerStateMachine.java:loadSnapshot(231)) - group-10843C4E364E: The snapshot info is null. Setting the last applied indexto:(t:0, i:~)
2019-10-17 18:50:42,716 [pool-47-thread-1] INFO  server.RaftServerConfigKeys (ConfUtils.java:logGet(43)) - raft.server.notification.no-leader.timeout = 120s (custom)
2019-10-17 18:50:42,716 [pool-47-thread-1] INFO  server.RaftServerConfigKeys (ConfUtils.java:logGet(43)) - raft.server.log.use.memory = false (default)
2019-10-17 18:50:42,716 [pool-47-thread-1] INFO  server.RaftServerConfigKeys (ConfUtils.java:logGet(43)) - raft.server.log.purge.gap = 1000000 (custom)
2019-10-17 18:50:42,716 [pool-47-thread-1] INFO  server.RaftServerConfigKeys (ConfUtils.java:logGet(43)) - raft.server.log.appender.buffer.byte-limit = 33554432 (custom)
2019-10-17 18:50:42,716 [pool-47-thread-1] INFO  server.RaftServerConfigKeys (ConfUtils.java:logGet(43)) - raft.server.log.segment.size.max = 1048576 (custom)
2019-10-17 18:50:42,718 [pool-47-thread-1] INFO  server.RaftServerConfigKeys (ConfUtils.java:logGet(43)) - raft.server.log.segment.cache.num.max = 2 (custom)
2019-10-17 18:50:42,718 [pool-47-thread-1] INFO  segmented.SegmentedRaftLogWorker (SegmentedRaftLogWorker.java:<init>(173)) - new 1e4e1375-1b66-460f-8c99-4c341545a119@group-10843C4E364E-SegmentedRaftLogWorker for RaftStorage:Storage Directory /workdir/hadoop-ozone/integration-test/target/test-dir/MiniOzoneClusterImpl-1add80d3-0bcb-487c-a891-e654dcc55690/datanode-2/data/ratis/21c92360-0e56-46c7-a66b-10843c4e364e
2019-10-17 18:50:42,719 [pool-47-thread-1] INFO  server.RaftServerConfigKeys (ConfUtils.java:logGet(43)) - raft.server.log.queue.byte-limit = 2147483647 (custom)
2019-10-17 18:50:42,719 [pool-47-thread-1] INFO  server.RaftServerConfigKeys (ConfUtils.java:logGet(43)) - raft.server.log.queue.element-limit = 1024 (custom)
2019-10-17 18:50:42,719 [pool-47-thread-1] INFO  server.RaftServerConfigKeys (ConfUtils.java:logGet(43)) - raft.server.log.segment.size.max = 1048576 (custom)
2019-10-17 18:50:42,719 [pool-47-thread-1] INFO  server.RaftServerConfigKeys (ConfUtils.java:logGet(43)) - raft.server.log.preallocated.size = 16384 (custom)
2019-10-17 18:50:42,719 [pool-47-thread-1] INFO  server.RaftServerConfigKeys (ConfUtils.java:logGet(43)) - raft.server.log.write.buffer.size = 33554432 (custom)
2019-10-17 18:50:42,719 [pool-47-thread-1] INFO  server.RaftServerConfigKeys (ConfUtils.java:logGet(43)) - raft.server.log.force.sync.num = 128 (default)
2019-10-17 18:50:42,719 [pool-47-thread-1] INFO  server.RaftServerConfigKeys (ConfUtils.java:logGet(43)) - raft.server.log.statemachine.data.sync = true (default)
2019-10-17 18:50:42,719 [pool-47-thread-1] INFO  server.RaftServerConfigKeys (ConfUtils.java:logGet(43)) - raft.server.log.statemachine.data.sync.timeout = 10s (default)
2019-10-17 18:50:42,719 [pool-47-thread-1] INFO  server.RaftServerConfigKeys (ConfUtils.java:logGet(43)) - raft.server.log.statemachine.data.sync.timeout.retry = -1 (default)
2019-10-17 18:50:42,720 [pool-47-thread-1] INFO  server.RaftServerConfigKeys (ConfUtils.java:logGet(43)) - raft.server.log.statemachine.data.caching.enabled = true (custom)
2019-10-17 18:50:42,720 [pool-47-thread-1] INFO  segmented.SegmentedRaftLogWorker (SegmentedRaftLogWorker.java:lambda$new$0(128)) - 1e4e1375-1b66-460f-8c99-4c341545a119@group-10843C4E364E-SegmentedRaftLogWorker: flushIndex: setUnconditionally 0 -> -1
2019-10-17 18:50:42,720 [pool-47-thread-1] INFO  server.RaftServerConfigKeys (ConfUtils.java:logGet(43)) - raft.server.snapshot.auto.trigger.enabled = true (custom)
2019-10-17 18:50:42,721 [pool-47-thread-1] INFO  server.RaftServerConfigKeys (ConfUtils.java:logGet(43)) - raft.server.snapshot.auto.trigger.threshold = 10000 (custom)
2019-10-17 18:50:42,721 [pool-47-thread-1] INFO  server.RaftServerConfigKeys (ConfUtils.java:logGet(43)) - raft.server.snapshot.retention.file.num = 5 (custom)
2019-10-17 18:50:42,721 [pool-47-thread-1] INFO  server.RaftServerConfigKeys (ConfUtils.java:logGet(43)) - raft.server.retrycache.expirytime = 600000ms (custom)
2019-10-17 18:50:42,724 [pool-47-thread-1] INFO  impl.RaftServerImpl (RaftServerImpl.java:start(195)) - 1e4e1375-1b66-460f-8c99-4c341545a119@group-10843C4E364E: start as a follower, conf=-1: [1e4e1375-1b66-460f-8c99-4c341545a119:192.168.157.251:42113], old=null
2019-10-17 18:50:42,724 [pool-47-thread-1] INFO  impl.RaftServerImpl (RaftServerImpl.java:setRole(184)) - 1e4e1375-1b66-460f-8c99-4c341545a119@group-10843C4E364E: changes role from      null to FOLLOWER at term 0 for startAsFollower
2019-10-17 18:50:42,724 [pool-47-thread-1] INFO  impl.RoleInfo (RoleInfo.java:updateAndGet(143)) - 1e4e1375-1b66-460f-8c99-4c341545a119: start FollowerState
2019-10-17 18:50:42,725 [pool-47-thread-1] INFO  util.JmxRegister (JmxRegister.java:tryRegister(44)) - Successfully registered JMX Bean with object name Ratis:service=RaftServer,group=group-10843C4E364E,id=1e4e1375-1b66-460f-8c99-4c341545a119
2019-10-17 18:50:42,736 [Thread-294] INFO  impl.FollowerState (FollowerState.java:run(108)) - 8f4f8799-ef18-41e5-9bb8-2f724208e999@group-8CCBB3701380-FollowerState: change to CANDIDATE, lastRpcTime:163ms, electionTimeout:163ms
2019-10-17 18:50:42,738 [Thread-294] INFO  impl.RoleInfo (RoleInfo.java:shutdownFollowerState(121)) - 8f4f8799-ef18-41e5-9bb8-2f724208e999: shutdown FollowerState
2019-10-17 18:50:42,739 [Thread-294] INFO  impl.RaftServerImpl (RaftServerImpl.java:setRole(184)) - 8f4f8799-ef18-41e5-9bb8-2f724208e999@group-8CCBB3701380: changes role from  FOLLOWER to CANDIDATE at term 0 for changeToCandidate
2019-10-17 18:50:42,739 [Thread-294] INFO  impl.RoleInfo (RoleInfo.java:updateAndGet(143)) - 8f4f8799-ef18-41e5-9bb8-2f724208e999: start LeaderElection
2019-10-17 18:50:42,743 [RatisPipelineUtilsThread] INFO  pipeline.PipelineStateManager (PipelineStateManager.java:addPipeline(56)) - Created pipeline Pipeline[ Id: 21c92360-0e56-46c7-a66b-10843c4e364e, Nodes: 1e4e1375-1b66-460f-8c99-4c341545a119{ip: 192.168.157.251, host: pr-hdds-2318-qqrts-113280968, networkLocation: /default-rack, certSerialId: null}, Type:RATIS, Factor:ONE, State:OPEN]
2019-10-17 18:50:42,758 [8f4f8799-ef18-41e5-9bb8-2f724208e999@group-8CCBB3701380-LeaderElection3] INFO  impl.LeaderElection (LeaderElection.java:askForVotes(178)) - 8f4f8799-ef18-41e5-9bb8-2f724208e999@group-8CCBB3701380-LeaderElection3: begin an election at term 1 for -1: [8f4f8799-ef18-41e5-9bb8-2f724208e999:192.168.157.251:33259], old=null
2019-10-17 18:50:42,759 [grpc-default-executor-0] INFO  impl.RaftServerProxy (RaftServerProxy.java:addNew(89)) - daae7813-f814-475d-9647-a302a5541e36: addNew group-E7E38B8B3491:[daae7813-f814-475d-9647-a302a5541e36:192.168.157.251:45025] returns group-E7E38B8B3491:java.util.concurrent.CompletableFuture@35923828[Not completed]
2019-10-17 18:50:42,759 [8f4f8799-ef18-41e5-9bb8-2f724208e999@group-8CCBB3701380-LeaderElection3] INFO  impl.RoleInfo (RoleInfo.java:shutdownLeaderElection(134)) - 8f4f8799-ef18-41e5-9bb8-2f724208e999: shutdown LeaderElection
2019-10-17 18:50:42,760 [8f4f8799-ef18-41e5-9bb8-2f724208e999@group-8CCBB3701380-LeaderElection3] INFO  impl.RaftServerImpl (RaftServerImpl.java:setRole(184)) - 8f4f8799-ef18-41e5-9bb8-2f724208e999@group-8CCBB3701380: changes role from CANDIDATE to LEADER at term 1 for changeToLeader
2019-10-17 18:50:42,760 [8f4f8799-ef18-41e5-9bb8-2f724208e999@group-8CCBB3701380-LeaderElection3] INFO  impl.RaftServerImpl (ServerState.java:setLeader(256)) - 8f4f8799-ef18-41e5-9bb8-2f724208e999@group-8CCBB3701380: change Leader from null to 8f4f8799-ef18-41e5-9bb8-2f724208e999 at term 1 for becomeLeader, leader elected after 203ms
2019-10-17 18:50:42,761 [8f4f8799-ef18-41e5-9bb8-2f724208e999@group-8CCBB3701380-LeaderElection3] INFO  server.RaftServerConfigKeys (ConfUtils.java:logGet(43)) - raft.server.staging.catchup.gap = 1000 (default)
2019-10-17 18:50:42,761 [8f4f8799-ef18-41e5-9bb8-2f724208e999@group-8CCBB3701380-LeaderElection3] INFO  server.RaftServerConfigKeys (ConfUtils.java:logGet(43)) - raft.server.rpc.sleep.time = 25ms (default)
2019-10-17 18:50:42,761 [8f4f8799-ef18-41e5-9bb8-2f724208e999@group-8CCBB3701380-LeaderElection3] INFO  server.RaftServerConfigKeys (ConfUtils.java:logGet(43)) - raft.server.write.element-limit = 4096 (default)
2019-10-17 18:50:42,761 [8f4f8799-ef18-41e5-9bb8-2f724208e999@group-8CCBB3701380-LeaderElection3] INFO  server.RaftServerConfigKeys (ConfUtils.java:logGet(43)) - raft.server.watch.timeout = 10s (default)
2019-10-17 18:50:42,762 [8f4f8799-ef18-41e5-9bb8-2f724208e999@group-8CCBB3701380-LeaderElection3] INFO  server.RaftServerConfigKeys (ConfUtils.java:logGet(43)) - raft.server.watch.timeout.denomination = 1s (default)
2019-10-17 18:50:42,762 [8f4f8799-ef18-41e5-9bb8-2f724208e999@group-8CCBB3701380-LeaderElection3] INFO  server.RaftServerConfigKeys (ConfUtils.java:logGet(43)) - raft.server.watch.element-limit = 65536 (default)
2019-10-17 18:50:42,796 [pool-107-thread-1] INFO  impl.RaftServerImpl (RaftServerImpl.java:<init>(104)) - daae7813-f814-475d-9647-a302a5541e36: new RaftServerImpl for group-E7E38B8B3491:[daae7813-f814-475d-9647-a302a5541e36:192.168.157.251:45025] with ContainerStateMachine:uninitialized
2019-10-17 18:50:42,796 [Thread-298] INFO  impl.FollowerState (FollowerState.java:run(108)) - de8c9e34-1a4b-4ad8-952a-c65e9c1604e8@group-67FC4C2E9854-FollowerState: change to CANDIDATE, lastRpcTime:145ms, electionTimeout:134ms
2019-10-17 18:50:42,796 [pool-107-thread-1] INFO  server.RaftServerConfigKeys (ConfUtils.java:logGet(43)) - raft.server.rpc.timeout.min = 1s (custom)
2019-10-17 18:50:42,796 [Thread-298] INFO  impl.RoleInfo (RoleInfo.java:shutdownFollowerState(121)) - de8c9e34-1a4b-4ad8-952a-c65e9c1604e8: shutdown FollowerState
2019-10-17 18:50:42,796 [pool-107-thread-1] INFO  server.RaftServerConfigKeys (ConfUtils.java:logGet(43)) - raft.server.rpc.timeout.max = 1200ms (custom)
2019-10-17 18:50:42,796 [Thread-298] INFO  impl.RaftServerImpl (RaftServerImpl.java:setRole(184)) - de8c9e34-1a4b-4ad8-952a-c65e9c1604e8@group-67FC4C2E9854: changes role from  FOLLOWER to CANDIDATE at term 0 for changeToCandidate
2019-10-17 18:50:42,797 [pool-107-thread-1] INFO  server.RaftServerConfigKeys (ConfUtils.java:logGet(43)) - raft.server.rpcslowness.timeout = 120s (custom)
2019-10-17 18:50:42,797 [Thread-298] INFO  impl.RoleInfo (RoleInfo.java:updateAndGet(143)) - de8c9e34-1a4b-4ad8-952a-c65e9c1604e8: start LeaderElection
2019-10-17 18:50:42,797 [pool-107-thread-1] INFO  server.RaftServerConfigKeys (ConfUtils.java:logGet(43)) - raft.server.sleep.deviation.threshold = 300 (default)
2019-10-17 18:50:42,797 [pool-107-thread-1] INFO  server.RaftServerConfigKeys (ConfUtils.java:logGet(43)) - raft.server.log.appender.install.snapshot.enabled = false (custom)
2019-10-17 18:50:42,800 [pool-107-thread-1] INFO  impl.RaftServerImpl (ServerState.java:<init>(103)) - daae7813-f814-475d-9647-a302a5541e36@group-E7E38B8B3491: ConfigurationManager, init=-1: [daae7813-f814-475d-9647-a302a5541e36:192.168.157.251:45025], old=null, confs=<EMPTY_MAP>
2019-10-17 18:50:42,800 [pool-107-thread-1] INFO  server.RaftServerConfigKeys (ConfUtils.java:logGet(43)) - raft.server.storage.dir = [/workdir/hadoop-ozone/integration-test/target/test-dir/MiniOzoneClusterImpl-1add80d3-0bcb-487c-a891-e654dcc55690/datanode-8/data/ratis] (custom)
2019-10-17 18:50:42,801 [pool-107-thread-1] INFO  server.RaftServerConfigKeys (ConfUtils.java:logGet(43)) - raft.server.log.corruption.policy = EXCEPTION (default)
2019-10-17 18:50:42,801 [8f4f8799-ef18-41e5-9bb8-2f724208e999@group-8CCBB3701380-LeaderElection3] INFO  impl.RoleInfo (RoleInfo.java:updateAndGet(143)) - 8f4f8799-ef18-41e5-9bb8-2f724208e999: start LeaderState
2019-10-17 18:50:42,801 [pool-107-thread-1] INFO  storage.RaftStorageDirectory (RaftStorageDirectory.java:analyzeStorage(246)) - The storage directory /workdir/hadoop-ozone/integration-test/target/test-dir/MiniOzoneClusterImpl-1add80d3-0bcb-487c-a891-e654dcc55690/datanode-8/data/ratis/64d79ce5-e243-4fb2-b7d3-e7e38b8b3491 does not exist. Creating ...
2019-10-17 18:50:42,801 [8f4f8799-ef18-41e5-9bb8-2f724208e999@group-8CCBB3701380-LeaderElection3] INFO  segmented.SegmentedRaftLogWorker (SegmentedRaftLogWorker.java:startLogSegment(385)) - 8f4f8799-ef18-41e5-9bb8-2f724208e999@group-8CCBB3701380-SegmentedRaftLogWorker: Starting segment from index:0
2019-10-17 18:50:42,802 [8f4f8799-ef18-41e5-9bb8-2f724208e999@group-8CCBB3701380-LeaderElection3] INFO  impl.RaftServerImpl (ServerState.java:setRaftConf(357)) - 8f4f8799-ef18-41e5-9bb8-2f724208e999@group-8CCBB3701380: set configuration 0: [8f4f8799-ef18-41e5-9bb8-2f724208e999:192.168.157.251:33259], old=null at 0
2019-10-17 18:50:42,847 [pool-107-thread-1] INFO  storage.RaftStorageDirectory (RaftStorageDirectory.java:tryLock(328)) - Lock on /workdir/hadoop-ozone/integration-test/target/test-dir/MiniOzoneClusterImpl-1add80d3-0bcb-487c-a891-e654dcc55690/datanode-8/data/ratis/64d79ce5-e243-4fb2-b7d3-e7e38b8b3491/in_use.lock acquired by nodename 4964@pr-hdds-2318-qqrts-113280968
2019-10-17 18:50:42,847 [de8c9e34-1a4b-4ad8-952a-c65e9c1604e8@group-67FC4C2E9854-LeaderElection4] INFO  impl.LeaderElection (LeaderElection.java:askForVotes(178)) - de8c9e34-1a4b-4ad8-952a-c65e9c1604e8@group-67FC4C2E9854-LeaderElection4: begin an election at term 1 for -1: [de8c9e34-1a4b-4ad8-952a-c65e9c1604e8:192.168.157.251:40594], old=null
2019-10-17 18:50:42,847 [a5e79c22-a35f-4e50-b1fd-e91b6a93d74d@group-865512EF643C-SegmentedRaftLogWorker] INFO  segmented.SegmentedRaftLogWorker (SegmentedRaftLogWorker.java:execute(576)) - a5e79c22-a35f-4e50-b1fd-e91b6a93d74d@group-865512EF643C-SegmentedRaftLogWorker: created new log segment /workdir/hadoop-ozone/integration-test/target/test-dir/MiniOzoneClusterImpl-1add80d3-0bcb-487c-a891-e654dcc55690/datanode-0/data/ratis/51c9241a-69bd-4462-9ca5-865512ef643c/current/log_inprogress_0
2019-10-17 18:50:42,847 [de8c9e34-1a4b-4ad8-952a-c65e9c1604e8@group-67FC4C2E9854-LeaderElection4] INFO  impl.RoleInfo (RoleInfo.java:shutdownLeaderElection(134)) - de8c9e34-1a4b-4ad8-952a-c65e9c1604e8: shutdown LeaderElection
2019-10-17 18:50:42,847 [0fe4833c-4439-4309-b94b-508419b07a37@group-253862F21A1A-SegmentedRaftLogWorker] INFO  segmented.SegmentedRaftLogWorker (SegmentedRaftLogWorker.java:execute(576)) - 0fe4833c-4439-4309-b94b-508419b07a37@group-253862F21A1A-SegmentedRaftLogWorker: created new log segment /workdir/hadoop-ozone/integration-test/target/test-dir/MiniOzoneClusterImpl-1add80d3-0bcb-487c-a891-e654dcc55690/datanode-6/data/ratis/7192ba30-4a4c-4783-b3fd-253862f21a1a/current/log_inprogress_0
2019-10-17 18:50:42,847 [de8c9e34-1a4b-4ad8-952a-c65e9c1604e8@group-67FC4C2E9854-LeaderElection4] INFO  impl.RaftServerImpl (RaftServerImpl.java:setRole(184)) - de8c9e34-1a4b-4ad8-952a-c65e9c1604e8@group-67FC4C2E9854: changes role from CANDIDATE to LEADER at term 1 for changeToLeader
2019-10-17 18:50:42,848 [de8c9e34-1a4b-4ad8-952a-c65e9c1604e8@group-67FC4C2E9854-LeaderElection4] INFO  impl.RaftServerImpl (ServerState.java:setLeader(256)) - de8c9e34-1a4b-4ad8-952a-c65e9c1604e8@group-67FC4C2E9854: change Leader from null to de8c9e34-1a4b-4ad8-952a-c65e9c1604e8 at term 1 for becomeLeader, leader elected after 206ms
2019-10-17 18:50:42,849 [de8c9e34-1a4b-4ad8-952a-c65e9c1604e8@group-67FC4C2E9854-LeaderElection4] INFO  server.RaftServerConfigKeys (ConfUtils.java:logGet(43)) - raft.server.staging.catchup.gap = 1000 (default)
2019-10-17 18:50:42,849 [de8c9e34-1a4b-4ad8-952a-c65e9c1604e8@group-67FC4C2E9854-LeaderElection4] INFO  server.RaftServerConfigKeys (ConfUtils.java:logGet(43)) - raft.server.rpc.sleep.time = 25ms (default)
2019-10-17 18:50:42,850 [de8c9e34-1a4b-4ad8-952a-c65e9c1604e8@group-67FC4C2E9854-LeaderElection4] INFO  server.RaftServerConfigKeys (ConfUtils.java:logGet(43)) - raft.server.write.element-limit = 4096 (default)
2019-10-17 18:50:42,850 [de8c9e34-1a4b-4ad8-952a-c65e9c1604e8@group-67FC4C2E9854-LeaderElection4] INFO  server.RaftServerConfigKeys (ConfUtils.java:logGet(43)) - raft.server.watch.timeout = 10s (default)
2019-10-17 18:50:42,850 [de8c9e34-1a4b-4ad8-952a-c65e9c1604e8@group-67FC4C2E9854-LeaderElection4] INFO  server.RaftServerConfigKeys (ConfUtils.java:logGet(43)) - raft.server.watch.timeout.denomination = 1s (default)
2019-10-17 18:50:42,850 [de8c9e34-1a4b-4ad8-952a-c65e9c1604e8@group-67FC4C2E9854-LeaderElection4] INFO  server.RaftServerConfigKeys (ConfUtils.java:logGet(43)) - raft.server.watch.element-limit = 65536 (default)
2019-10-17 18:50:42,852 [de8c9e34-1a4b-4ad8-952a-c65e9c1604e8@group-67FC4C2E9854-LeaderElection4] INFO  impl.RoleInfo (RoleInfo.java:updateAndGet(143)) - de8c9e34-1a4b-4ad8-952a-c65e9c1604e8: start LeaderState
2019-10-17 18:50:42,852 [de8c9e34-1a4b-4ad8-952a-c65e9c1604e8@group-67FC4C2E9854-LeaderElection4] INFO  segmented.SegmentedRaftLogWorker (SegmentedRaftLogWorker.java:startLogSegment(385)) - de8c9e34-1a4b-4ad8-952a-c65e9c1604e8@group-67FC4C2E9854-SegmentedRaftLogWorker: Starting segment from index:0
2019-10-17 18:50:42,853 [de8c9e34-1a4b-4ad8-952a-c65e9c1604e8@group-67FC4C2E9854-LeaderElection4] INFO  impl.RaftServerImpl (ServerState.java:setRaftConf(357)) - de8c9e34-1a4b-4ad8-952a-c65e9c1604e8@group-67FC4C2E9854: set configuration 0: [de8c9e34-1a4b-4ad8-952a-c65e9c1604e8:192.168.157.251:40594], old=null at 0
2019-10-17 18:50:42,860 [8f4f8799-ef18-41e5-9bb8-2f724208e999@group-8CCBB3701380-SegmentedRaftLogWorker] INFO  segmented.SegmentedRaftLogWorker (SegmentedRaftLogWorker.java:execute(576)) - 8f4f8799-ef18-41e5-9bb8-2f724208e999@group-8CCBB3701380-SegmentedRaftLogWorker: created new log segment /workdir/hadoop-ozone/integration-test/target/test-dir/MiniOzoneClusterImpl-1add80d3-0bcb-487c-a891-e654dcc55690/datanode-7/data/ratis/6f25258f-7f5f-49dd-bcac-8ccbb3701380/current/log_inprogress_0
2019-10-17 18:50:42,860 [pool-107-thread-1] INFO  storage.RaftStorage (RaftStorage.java:format(84)) - Storage directory /workdir/hadoop-ozone/integration-test/target/test-dir/MiniOzoneClusterImpl-1add80d3-0bcb-487c-a891-e654dcc55690/datanode-8/data/ratis/64d79ce5-e243-4fb2-b7d3-e7e38b8b3491 has been successfully formatted.
2019-10-17 18:50:42,860 [pool-107-thread-1] INFO  ratis.ContainerStateMachine (ContainerStateMachine.java:loadSnapshot(231)) - group-E7E38B8B3491: The snapshot info is null. Setting the last applied indexto:(t:0, i:~)
2019-10-17 18:50:42,860 [pool-107-thread-1] INFO  server.RaftServerConfigKeys (ConfUtils.java:logGet(43)) - raft.server.notification.no-leader.timeout = 120s (custom)
2019-10-17 18:50:42,860 [pool-107-thread-1] INFO  server.RaftServerConfigKeys (ConfUtils.java:logGet(43)) - raft.server.log.use.memory = false (default)
2019-10-17 18:50:42,860 [pool-107-thread-1] INFO  server.RaftServerConfigKeys (ConfUtils.java:logGet(43)) - raft.server.log.purge.gap = 1000000 (custom)
2019-10-17 18:50:42,861 [pool-107-thread-1] INFO  server.RaftServerConfigKeys (ConfUtils.java:logGet(43)) - raft.server.log.appender.buffer.byte-limit = 33554432 (custom)
2019-10-17 18:50:42,861 [pool-107-thread-1] INFO  server.RaftServerConfigKeys (ConfUtils.java:logGet(43)) - raft.server.log.segment.size.max = 1048576 (custom)
2019-10-17 18:50:42,862 [pool-107-thread-1] INFO  server.RaftServerConfigKeys (ConfUtils.java:logGet(43)) - raft.server.log.segment.cache.num.max = 2 (custom)
2019-10-17 18:50:42,862 [pool-107-thread-1] INFO  segmented.SegmentedRaftLogWorker (SegmentedRaftLogWorker.java:<init>(173)) - new daae7813-f814-475d-9647-a302a5541e36@group-E7E38B8B3491-SegmentedRaftLogWorker for RaftStorage:Storage Directory /workdir/hadoop-ozone/integration-test/target/test-dir/MiniOzoneClusterImpl-1add80d3-0bcb-487c-a891-e654dcc55690/datanode-8/data/ratis/64d79ce5-e243-4fb2-b7d3-e7e38b8b3491
2019-10-17 18:50:42,863 [pool-107-thread-1] INFO  server.RaftServerConfigKeys (ConfUtils.java:logGet(43)) - raft.server.log.queue.byte-limit = 2147483647 (custom)
2019-10-17 18:50:42,863 [pool-107-thread-1] INFO  server.RaftServerConfigKeys (ConfUtils.java:logGet(43)) - raft.server.log.queue.element-limit = 1024 (custom)
2019-10-17 18:50:42,863 [pool-107-thread-1] INFO  server.RaftServerConfigKeys (ConfUtils.java:logGet(43)) - raft.server.log.segment.size.max = 1048576 (custom)
2019-10-17 18:50:42,863 [pool-107-thread-1] INFO  server.RaftServerConfigKeys (ConfUtils.java:logGet(43)) - raft.server.log.preallocated.size = 16384 (custom)
2019-10-17 18:50:42,863 [pool-107-thread-1] INFO  server.RaftServerConfigKeys (ConfUtils.java:logGet(43)) - raft.server.log.write.buffer.size = 33554432 (custom)
2019-10-17 18:50:42,863 [pool-107-thread-1] INFO  server.RaftServerConfigKeys (ConfUtils.java:logGet(43)) - raft.server.log.force.sync.num = 128 (default)
2019-10-17 18:50:42,863 [pool-107-thread-1] INFO  server.RaftServerConfigKeys (ConfUtils.java:logGet(43)) - raft.server.log.statemachine.data.sync = true (default)
2019-10-17 18:50:42,863 [pool-107-thread-1] INFO  server.RaftServerConfigKeys (ConfUtils.java:logGet(43)) - raft.server.log.statemachine.data.sync.timeout = 10s (default)
2019-10-17 18:50:42,863 [pool-107-thread-1] INFO  server.RaftServerConfigKeys (ConfUtils.java:logGet(43)) - raft.server.log.statemachine.data.sync.timeout.retry = -1 (default)
2019-10-17 18:50:42,864 [pool-107-thread-1] INFO  server.RaftServerConfigKeys (ConfUtils.java:logGet(43)) - raft.server.log.statemachine.data.caching.enabled = true (custom)
2019-10-17 18:50:42,864 [pool-107-thread-1] INFO  segmented.SegmentedRaftLogWorker (SegmentedRaftLogWorker.java:lambda$new$0(128)) - daae7813-f814-475d-9647-a302a5541e36@group-E7E38B8B3491-SegmentedRaftLogWorker: flushIndex: setUnconditionally 0 -> -1
2019-10-17 18:50:42,864 [pool-107-thread-1] INFO  server.RaftServerConfigKeys (ConfUtils.java:logGet(43)) - raft.server.snapshot.auto.trigger.enabled = true (custom)
2019-10-17 18:50:42,864 [pool-107-thread-1] INFO  server.RaftServerConfigKeys (ConfUtils.java:logGet(43)) - raft.server.snapshot.auto.trigger.threshold = 10000 (custom)
2019-10-17 18:50:42,864 [pool-107-thread-1] INFO  server.RaftServerConfigKeys (ConfUtils.java:logGet(43)) - raft.server.snapshot.retention.file.num = 5 (custom)
2019-10-17 18:50:42,864 [pool-107-thread-1] INFO  server.RaftServerConfigKeys (ConfUtils.java:logGet(43)) - raft.server.retrycache.expirytime = 600000ms (custom)
2019-10-17 18:50:42,867 [pool-107-thread-1] INFO  impl.RaftServerImpl (RaftServerImpl.java:start(195)) - daae7813-f814-475d-9647-a302a5541e36@group-E7E38B8B3491: start as a follower, conf=-1: [daae7813-f814-475d-9647-a302a5541e36:192.168.157.251:45025], old=null
2019-10-17 18:50:42,868 [pool-107-thread-1] INFO  impl.RaftServerImpl (RaftServerImpl.java:setRole(184)) - daae7813-f814-475d-9647-a302a5541e36@group-E7E38B8B3491: changes role from      null to FOLLOWER at term 0 for startAsFollower
2019-10-17 18:50:42,868 [pool-107-thread-1] INFO  impl.RoleInfo (RoleInfo.java:updateAndGet(143)) - daae7813-f814-475d-9647-a302a5541e36: start FollowerState
2019-10-17 18:50:42,868 [pool-107-thread-1] INFO  util.JmxRegister (JmxRegister.java:tryRegister(44)) - Successfully registered JMX Bean with object name Ratis:service=RaftServer,group=group-E7E38B8B3491,id=daae7813-f814-475d-9647-a302a5541e36
2019-10-17 18:50:42,887 [Thread-301] INFO  impl.FollowerState (FollowerState.java:run(108)) - 1e4e1375-1b66-460f-8c99-4c341545a119@group-10843C4E364E-FollowerState: change to CANDIDATE, lastRpcTime:162ms, electionTimeout:150ms
2019-10-17 18:50:42,888 [Thread-301] INFO  impl.RoleInfo (RoleInfo.java:shutdownFollowerState(121)) - 1e4e1375-1b66-460f-8c99-4c341545a119: shutdown FollowerState
2019-10-17 18:50:42,888 [Thread-301] INFO  impl.RaftServerImpl (RaftServerImpl.java:setRole(184)) - 1e4e1375-1b66-460f-8c99-4c341545a119@group-10843C4E364E: changes role from  FOLLOWER to CANDIDATE at term 0 for changeToCandidate
2019-10-17 18:50:42,888 [Thread-301] INFO  impl.RoleInfo (RoleInfo.java:updateAndGet(143)) - 1e4e1375-1b66-460f-8c99-4c341545a119: start LeaderElection
2019-10-17 18:50:42,900 [de8c9e34-1a4b-4ad8-952a-c65e9c1604e8@group-67FC4C2E9854-SegmentedRaftLogWorker] INFO  segmented.SegmentedRaftLogWorker (SegmentedRaftLogWorker.java:execute(576)) - de8c9e34-1a4b-4ad8-952a-c65e9c1604e8@group-67FC4C2E9854-SegmentedRaftLogWorker: created new log segment /workdir/hadoop-ozone/integration-test/target/test-dir/MiniOzoneClusterImpl-1add80d3-0bcb-487c-a891-e654dcc55690/datanode-4/data/ratis/31db55f8-3382-4f73-a6a5-67fc4c2e9854/current/log_inprogress_0
2019-10-17 18:50:42,900 [1e4e1375-1b66-460f-8c99-4c341545a119@group-10843C4E364E-LeaderElection5] INFO  impl.LeaderElection (LeaderElection.java:askForVotes(178)) - 1e4e1375-1b66-460f-8c99-4c341545a119@group-10843C4E364E-LeaderElection5: begin an election at term 1 for -1: [1e4e1375-1b66-460f-8c99-4c341545a119:192.168.157.251:42113], old=null
2019-10-17 18:50:42,900 [RatisPipelineUtilsThread] INFO  pipeline.PipelineStateManager (PipelineStateManager.java:addPipeline(56)) - Created pipeline Pipeline[ Id: 64d79ce5-e243-4fb2-b7d3-e7e38b8b3491, Nodes: daae7813-f814-475d-9647-a302a5541e36{ip: 192.168.157.251, host: pr-hdds-2318-qqrts-113280968, networkLocation: /default-rack, certSerialId: null}, Type:RATIS, Factor:ONE, State:OPEN]
2019-10-17 18:50:42,900 [1e4e1375-1b66-460f-8c99-4c341545a119@group-10843C4E364E-LeaderElection5] INFO  impl.RoleInfo (RoleInfo.java:shutdownLeaderElection(134)) - 1e4e1375-1b66-460f-8c99-4c341545a119: shutdown LeaderElection
2019-10-17 18:50:42,901 [1e4e1375-1b66-460f-8c99-4c341545a119@group-10843C4E364E-LeaderElection5] INFO  impl.RaftServerImpl (RaftServerImpl.java:setRole(184)) - 1e4e1375-1b66-460f-8c99-4c341545a119@group-10843C4E364E: changes role from CANDIDATE to LEADER at term 1 for changeToLeader
2019-10-17 18:50:42,901 [1e4e1375-1b66-460f-8c99-4c341545a119@group-10843C4E364E-LeaderElection5] INFO  impl.RaftServerImpl (ServerState.java:setLeader(256)) - 1e4e1375-1b66-460f-8c99-4c341545a119@group-10843C4E364E: change Leader from null to 1e4e1375-1b66-460f-8c99-4c341545a119 at term 1 for becomeLeader, leader elected after 184ms
2019-10-17 18:50:42,903 [1e4e1375-1b66-460f-8c99-4c341545a119@group-10843C4E364E-LeaderElection5] INFO  server.RaftServerConfigKeys (ConfUtils.java:logGet(43)) - raft.server.staging.catchup.gap = 1000 (default)
2019-10-17 18:50:42,903 [1e4e1375-1b66-460f-8c99-4c341545a119@group-10843C4E364E-LeaderElection5] INFO  server.RaftServerConfigKeys (ConfUtils.java:logGet(43)) - raft.server.rpc.sleep.time = 25ms (default)
2019-10-17 18:50:42,904 [1e4e1375-1b66-460f-8c99-4c341545a119@group-10843C4E364E-LeaderElection5] INFO  server.RaftServerConfigKeys (ConfUtils.java:logGet(43)) - raft.server.write.element-limit = 4096 (default)
2019-10-17 18:50:42,904 [1e4e1375-1b66-460f-8c99-4c341545a119@group-10843C4E364E-LeaderElection5] INFO  server.RaftServerConfigKeys (ConfUtils.java:logGet(43)) - raft.server.watch.timeout = 10s (default)
2019-10-17 18:50:42,904 [1e4e1375-1b66-460f-8c99-4c341545a119@group-10843C4E364E-LeaderElection5] INFO  server.RaftServerConfigKeys (ConfUtils.java:logGet(43)) - raft.server.watch.timeout.denomination = 1s (default)
2019-10-17 18:50:42,904 [1e4e1375-1b66-460f-8c99-4c341545a119@group-10843C4E364E-LeaderElection5] INFO  server.RaftServerConfigKeys (ConfUtils.java:logGet(43)) - raft.server.watch.element-limit = 65536 (default)
2019-10-17 18:50:42,912 [1e4e1375-1b66-460f-8c99-4c341545a119@group-10843C4E364E-LeaderElection5] INFO  impl.RoleInfo (RoleInfo.java:updateAndGet(143)) - 1e4e1375-1b66-460f-8c99-4c341545a119: start LeaderState
2019-10-17 18:50:42,913 [1e4e1375-1b66-460f-8c99-4c341545a119@group-10843C4E364E-LeaderElection5] INFO  segmented.SegmentedRaftLogWorker (SegmentedRaftLogWorker.java:startLogSegment(385)) - 1e4e1375-1b66-460f-8c99-4c341545a119@group-10843C4E364E-SegmentedRaftLogWorker: Starting segment from index:0
2019-10-17 18:50:42,913 [1e4e1375-1b66-460f-8c99-4c341545a119@group-10843C4E364E-LeaderElection5] INFO  impl.RaftServerImpl (ServerState.java:setRaftConf(357)) - 1e4e1375-1b66-460f-8c99-4c341545a119@group-10843C4E364E: set configuration 0: [1e4e1375-1b66-460f-8c99-4c341545a119:192.168.157.251:42113], old=null at 0
2019-10-17 18:50:42,949 [grpc-default-executor-0] INFO  impl.RaftServerProxy (RaftServerProxy.java:addNew(89)) - 73297ffa-40cb-4e3e-b33e-1bc2c1da60f5: addNew group-CC3111005FA9:[73297ffa-40cb-4e3e-b33e-1bc2c1da60f5:192.168.157.251:32952] returns group-CC3111005FA9:java.util.concurrent.CompletableFuture@12e42c54[Not completed]
2019-10-17 18:50:42,960 [1e4e1375-1b66-460f-8c99-4c341545a119@group-10843C4E364E-SegmentedRaftLogWorker] INFO  segmented.SegmentedRaftLogWorker (SegmentedRaftLogWorker.java:execute(576)) - 1e4e1375-1b66-460f-8c99-4c341545a119@group-10843C4E364E-SegmentedRaftLogWorker: created new log segment /workdir/hadoop-ozone/integration-test/target/test-dir/MiniOzoneClusterImpl-1add80d3-0bcb-487c-a891-e654dcc55690/datanode-2/data/ratis/21c92360-0e56-46c7-a66b-10843c4e364e/current/log_inprogress_0
2019-10-17 18:50:42,961 [pool-57-thread-1] INFO  impl.RaftServerImpl (RaftServerImpl.java:<init>(104)) - 73297ffa-40cb-4e3e-b33e-1bc2c1da60f5: new RaftServerImpl for group-CC3111005FA9:[73297ffa-40cb-4e3e-b33e-1bc2c1da60f5:192.168.157.251:32952] with ContainerStateMachine:uninitialized
2019-10-17 18:50:42,961 [pool-57-thread-1] INFO  server.RaftServerConfigKeys (ConfUtils.java:logGet(43)) - raft.server.rpc.timeout.min = 1s (custom)
2019-10-17 18:50:42,961 [pool-57-thread-1] INFO  server.RaftServerConfigKeys (ConfUtils.java:logGet(43)) - raft.server.rpc.timeout.max = 1200ms (custom)
2019-10-17 18:50:42,961 [pool-57-thread-1] INFO  server.RaftServerConfigKeys (ConfUtils.java:logGet(43)) - raft.server.rpcslowness.timeout = 120s (custom)
2019-10-17 18:50:42,961 [pool-57-thread-1] INFO  server.RaftServerConfigKeys (ConfUtils.java:logGet(43)) - raft.server.sleep.deviation.threshold = 300 (default)
2019-10-17 18:50:42,962 [pool-57-thread-1] INFO  server.RaftServerConfigKeys (ConfUtils.java:logGet(43)) - raft.server.log.appender.install.snapshot.enabled = false (custom)
2019-10-17 18:50:42,962 [pool-57-thread-1] INFO  impl.RaftServerImpl (ServerState.java:<init>(103)) - 73297ffa-40cb-4e3e-b33e-1bc2c1da60f5@group-CC3111005FA9: ConfigurationManager, init=-1: [73297ffa-40cb-4e3e-b33e-1bc2c1da60f5:192.168.157.251:32952], old=null, confs=<EMPTY_MAP>
2019-10-17 18:50:42,962 [pool-57-thread-1] INFO  server.RaftServerConfigKeys (ConfUtils.java:logGet(43)) - raft.server.storage.dir = [/workdir/hadoop-ozone/integration-test/target/test-dir/MiniOzoneClusterImpl-1add80d3-0bcb-487c-a891-e654dcc55690/datanode-3/data/ratis] (custom)
2019-10-17 18:50:42,962 [pool-57-thread-1] INFO  server.RaftServerConfigKeys (ConfUtils.java:logGet(43)) - raft.server.log.corruption.policy = EXCEPTION (default)
2019-10-17 18:50:42,963 [pool-57-thread-1] INFO  storage.RaftStorageDirectory (RaftStorageDirectory.java:analyzeStorage(246)) - The storage directory /workdir/hadoop-ozone/integration-test/target/test-dir/MiniOzoneClusterImpl-1add80d3-0bcb-487c-a891-e654dcc55690/datanode-3/data/ratis/8b896667-3753-4d2c-8176-cc3111005fa9 does not exist. Creating ...
2019-10-17 18:50:42,974 [pool-57-thread-1] INFO  storage.RaftStorageDirectory (RaftStorageDirectory.java:tryLock(328)) - Lock on /workdir/hadoop-ozone/integration-test/target/test-dir/MiniOzoneClusterImpl-1add80d3-0bcb-487c-a891-e654dcc55690/datanode-3/data/ratis/8b896667-3753-4d2c-8176-cc3111005fa9/in_use.lock acquired by nodename 4964@pr-hdds-2318-qqrts-113280968
2019-10-17 18:50:42,987 [pool-57-thread-1] INFO  storage.RaftStorage (RaftStorage.java:format(84)) - Storage directory /workdir/hadoop-ozone/integration-test/target/test-dir/MiniOzoneClusterImpl-1add80d3-0bcb-487c-a891-e654dcc55690/datanode-3/data/ratis/8b896667-3753-4d2c-8176-cc3111005fa9 has been successfully formatted.
2019-10-17 18:50:42,987 [pool-57-thread-1] INFO  ratis.ContainerStateMachine (ContainerStateMachine.java:loadSnapshot(231)) - group-CC3111005FA9: The snapshot info is null. Setting the last applied indexto:(t:0, i:~)
2019-10-17 18:50:42,987 [pool-57-thread-1] INFO  server.RaftServerConfigKeys (ConfUtils.java:logGet(43)) - raft.server.notification.no-leader.timeout = 120s (custom)
2019-10-17 18:50:42,987 [pool-57-thread-1] INFO  server.RaftServerConfigKeys (ConfUtils.java:logGet(43)) - raft.server.log.use.memory = false (default)
2019-10-17 18:50:42,987 [pool-57-thread-1] INFO  server.RaftServerConfigKeys (ConfUtils.java:logGet(43)) - raft.server.log.purge.gap = 1000000 (custom)
2019-10-17 18:50:42,988 [pool-57-thread-1] INFO  server.RaftServerConfigKeys (ConfUtils.java:logGet(43)) - raft.server.log.appender.buffer.byte-limit = 33554432 (custom)
2019-10-17 18:50:42,988 [pool-57-thread-1] INFO  server.RaftServerConfigKeys (ConfUtils.java:logGet(43)) - raft.server.log.segment.size.max = 1048576 (custom)
2019-10-17 18:50:42,991 [pool-57-thread-1] INFO  server.RaftServerConfigKeys (ConfUtils.java:logGet(43)) - raft.server.log.segment.cache.num.max = 2 (custom)
2019-10-17 18:50:42,991 [pool-57-thread-1] INFO  segmented.SegmentedRaftLogWorker (SegmentedRaftLogWorker.java:<init>(173)) - new 73297ffa-40cb-4e3e-b33e-1bc2c1da60f5@group-CC3111005FA9-SegmentedRaftLogWorker for RaftStorage:Storage Directory /workdir/hadoop-ozone/integration-test/target/test-dir/MiniOzoneClusterImpl-1add80d3-0bcb-487c-a891-e654dcc55690/datanode-3/data/ratis/8b896667-3753-4d2c-8176-cc3111005fa9
2019-10-17 18:50:42,991 [pool-57-thread-1] INFO  server.RaftServerConfigKeys (ConfUtils.java:logGet(43)) - raft.server.log.queue.byte-limit = 2147483647 (custom)
2019-10-17 18:50:42,993 [pool-57-thread-1] INFO  server.RaftServerConfigKeys (ConfUtils.java:logGet(43)) - raft.server.log.queue.element-limit = 1024 (custom)
2019-10-17 18:50:42,994 [pool-57-thread-1] INFO  server.RaftServerConfigKeys (ConfUtils.java:logGet(43)) - raft.server.log.segment.size.max = 1048576 (custom)
2019-10-17 18:50:42,994 [pool-57-thread-1] INFO  server.RaftServerConfigKeys (ConfUtils.java:logGet(43)) - raft.server.log.preallocated.size = 16384 (custom)
2019-10-17 18:50:42,994 [pool-57-thread-1] INFO  server.RaftServerConfigKeys (ConfUtils.java:logGet(43)) - raft.server.log.write.buffer.size = 33554432 (custom)
2019-10-17 18:50:42,994 [pool-57-thread-1] INFO  server.RaftServerConfigKeys (ConfUtils.java:logGet(43)) - raft.server.log.force.sync.num = 128 (default)
2019-10-17 18:50:42,994 [pool-57-thread-1] INFO  server.RaftServerConfigKeys (ConfUtils.java:logGet(43)) - raft.server.log.statemachine.data.sync = true (default)
2019-10-17 18:50:42,994 [pool-57-thread-1] INFO  server.RaftServerConfigKeys (ConfUtils.java:logGet(43)) - raft.server.log.statemachine.data.sync.timeout = 10s (default)
2019-10-17 18:50:42,994 [pool-57-thread-1] INFO  server.RaftServerConfigKeys (ConfUtils.java:logGet(43)) - raft.server.log.statemachine.data.sync.timeout.retry = -1 (default)
2019-10-17 18:50:42,995 [pool-57-thread-1] INFO  server.RaftServerConfigKeys (ConfUtils.java:logGet(43)) - raft.server.log.statemachine.data.caching.enabled = true (custom)
2019-10-17 18:50:42,995 [pool-57-thread-1] INFO  segmented.SegmentedRaftLogWorker (SegmentedRaftLogWorker.java:lambda$new$0(128)) - 73297ffa-40cb-4e3e-b33e-1bc2c1da60f5@group-CC3111005FA9-SegmentedRaftLogWorker: flushIndex: setUnconditionally 0 -> -1
2019-10-17 18:50:42,995 [pool-57-thread-1] INFO  server.RaftServerConfigKeys (ConfUtils.java:logGet(43)) - raft.server.snapshot.auto.trigger.enabled = true (custom)
2019-10-17 18:50:42,996 [pool-57-thread-1] INFO  server.RaftServerConfigKeys (ConfUtils.java:logGet(43)) - raft.server.snapshot.auto.trigger.threshold = 10000 (custom)
2019-10-17 18:50:42,996 [pool-57-thread-1] INFO  server.RaftServerConfigKeys (ConfUtils.java:logGet(43)) - raft.server.snapshot.retention.file.num = 5 (custom)
2019-10-17 18:50:42,996 [pool-57-thread-1] INFO  server.RaftServerConfigKeys (ConfUtils.java:logGet(43)) - raft.server.retrycache.expirytime = 600000ms (custom)
2019-10-17 18:50:42,998 [main] INFO  ozone.MiniOzoneClusterImpl (MiniOzoneClusterImpl.java:lambda$waitForClusterToBeReady$0(147)) - Cluster is ready. Got 10 of 10 DN Heartbeats.
2019-10-17 18:50:43,000 [pool-57-thread-1] INFO  impl.RaftServerImpl (RaftServerImpl.java:start(195)) - 73297ffa-40cb-4e3e-b33e-1bc2c1da60f5@group-CC3111005FA9: start as a follower, conf=-1: [73297ffa-40cb-4e3e-b33e-1bc2c1da60f5:192.168.157.251:32952], old=null
2019-10-17 18:50:43,000 [pool-57-thread-1] INFO  impl.RaftServerImpl (RaftServerImpl.java:setRole(184)) - 73297ffa-40cb-4e3e-b33e-1bc2c1da60f5@group-CC3111005FA9: changes role from      null to FOLLOWER at term 0 for startAsFollower
2019-10-17 18:50:43,000 [pool-57-thread-1] INFO  impl.RoleInfo (RoleInfo.java:updateAndGet(143)) - 73297ffa-40cb-4e3e-b33e-1bc2c1da60f5: start FollowerState
2019-10-17 18:50:43,001 [pool-57-thread-1] INFO  util.JmxRegister (JmxRegister.java:tryRegister(44)) - Successfully registered JMX Bean with object name Ratis:service=RaftServer,group=group-CC3111005FA9,id=73297ffa-40cb-4e3e-b33e-1bc2c1da60f5
2019-10-17 18:50:43,019 [RatisPipelineUtilsThread] INFO  pipeline.PipelineStateManager (PipelineStateManager.java:addPipeline(56)) - Created pipeline Pipeline[ Id: 8b896667-3753-4d2c-8176-cc3111005fa9, Nodes: 73297ffa-40cb-4e3e-b33e-1bc2c1da60f5{ip: 192.168.157.251, host: pr-hdds-2318-qqrts-113280968, networkLocation: /default-rack, certSerialId: null}, Type:RATIS, Factor:ONE, State:OPEN]
2019-10-17 18:50:43,035 [Thread-308] INFO  impl.FollowerState (FollowerState.java:run(108)) - daae7813-f814-475d-9647-a302a5541e36@group-E7E38B8B3491-FollowerState: change to CANDIDATE, lastRpcTime:167ms, electionTimeout:166ms
2019-10-17 18:50:43,035 [Thread-308] INFO  impl.RoleInfo (RoleInfo.java:shutdownFollowerState(121)) - daae7813-f814-475d-9647-a302a5541e36: shutdown FollowerState
2019-10-17 18:50:43,037 [Thread-308] INFO  impl.RaftServerImpl (RaftServerImpl.java:setRole(184)) - daae7813-f814-475d-9647-a302a5541e36@group-E7E38B8B3491: changes role from  FOLLOWER to CANDIDATE at term 0 for changeToCandidate
2019-10-17 18:50:43,037 [grpc-default-executor-0] INFO  impl.RaftServerProxy (RaftServerProxy.java:addNew(89)) - b8f04e38-0663-4b1f-8efd-f76585c6e86c: addNew group-9EB148ACE666:[b8f04e38-0663-4b1f-8efd-f76585c6e86c:192.168.157.251:35700] returns group-9EB148ACE666:java.util.concurrent.CompletableFuture@59c8004[Not completed]
2019-10-17 18:50:43,037 [Thread-308] INFO  impl.RoleInfo (RoleInfo.java:updateAndGet(143)) - daae7813-f814-475d-9647-a302a5541e36: start LeaderElection
2019-10-17 18:50:43,042 [pool-37-thread-1] INFO  impl.RaftServerImpl (RaftServerImpl.java:<init>(104)) - b8f04e38-0663-4b1f-8efd-f76585c6e86c: new RaftServerImpl for group-9EB148ACE666:[b8f04e38-0663-4b1f-8efd-f76585c6e86c:192.168.157.251:35700] with ContainerStateMachine:uninitialized
2019-10-17 18:50:43,042 [pool-37-thread-1] INFO  server.RaftServerConfigKeys (ConfUtils.java:logGet(43)) - raft.server.rpc.timeout.min = 1s (custom)
2019-10-17 18:50:43,042 [pool-37-thread-1] INFO  server.RaftServerConfigKeys (ConfUtils.java:logGet(43)) - raft.server.rpc.timeout.max = 1200ms (custom)
2019-10-17 18:50:43,042 [pool-37-thread-1] INFO  server.RaftServerConfigKeys (ConfUtils.java:logGet(43)) - raft.server.rpcslowness.timeout = 120s (custom)
2019-10-17 18:50:43,043 [pool-37-thread-1] INFO  server.RaftServerConfigKeys (ConfUtils.java:logGet(43)) - raft.server.sleep.deviation.threshold = 300 (default)
2019-10-17 18:50:43,043 [pool-37-thread-1] INFO  server.RaftServerConfigKeys (ConfUtils.java:logGet(43)) - raft.server.log.appender.install.snapshot.enabled = false (custom)
2019-10-17 18:50:43,043 [pool-37-thread-1] INFO  impl.RaftServerImpl (ServerState.java:<init>(103)) - b8f04e38-0663-4b1f-8efd-f76585c6e86c@group-9EB148ACE666: ConfigurationManager, init=-1: [b8f04e38-0663-4b1f-8efd-f76585c6e86c:192.168.157.251:35700], old=null, confs=<EMPTY_MAP>
2019-10-17 18:50:43,043 [pool-37-thread-1] INFO  server.RaftServerConfigKeys (ConfUtils.java:logGet(43)) - raft.server.storage.dir = [/workdir/hadoop-ozone/integration-test/target/test-dir/MiniOzoneClusterImpl-1add80d3-0bcb-487c-a891-e654dcc55690/datanode-1/data/ratis] (custom)
2019-10-17 18:50:43,044 [pool-37-thread-1] INFO  server.RaftServerConfigKeys (ConfUtils.java:logGet(43)) - raft.server.log.corruption.policy = EXCEPTION (default)
2019-10-17 18:50:43,044 [pool-37-thread-1] INFO  storage.RaftStorageDirectory (RaftStorageDirectory.java:analyzeStorage(246)) - The storage directory /workdir/hadoop-ozone/integration-test/target/test-dir/MiniOzoneClusterImpl-1add80d3-0bcb-487c-a891-e654dcc55690/datanode-1/data/ratis/10a00697-c776-4d1a-a328-9eb148ace666 does not exist. Creating ...
2019-10-17 18:50:43,054 [Thread-313] INFO  impl.FollowerState (FollowerState.java:run(108)) - 73297ffa-40cb-4e3e-b33e-1bc2c1da60f5@group-CC3111005FA9-FollowerState: change to CANDIDATE, lastRpcTime:53ms, electionTimeout:53ms
2019-10-17 18:50:43,054 [Thread-313] INFO  impl.RoleInfo (RoleInfo.java:shutdownFollowerState(121)) - 73297ffa-40cb-4e3e-b33e-1bc2c1da60f5: shutdown FollowerState
2019-10-17 18:50:43,054 [Thread-313] INFO  impl.RaftServerImpl (RaftServerImpl.java:setRole(184)) - 73297ffa-40cb-4e3e-b33e-1bc2c1da60f5@group-CC3111005FA9: changes role from  FOLLOWER to CANDIDATE at term 0 for changeToCandidate
2019-10-17 18:50:43,055 [Thread-313] INFO  impl.RoleInfo (RoleInfo.java:updateAndGet(143)) - 73297ffa-40cb-4e3e-b33e-1bc2c1da60f5: start LeaderElection
2019-10-17 18:50:43,055 [pool-37-thread-1] INFO  storage.RaftStorageDirectory (RaftStorageDirectory.java:tryLock(328)) - Lock on /workdir/hadoop-ozone/integration-test/target/test-dir/MiniOzoneClusterImpl-1add80d3-0bcb-487c-a891-e654dcc55690/datanode-1/data/ratis/10a00697-c776-4d1a-a328-9eb148ace666/in_use.lock acquired by nodename 4964@pr-hdds-2318-qqrts-113280968
2019-10-17 18:50:43,062 [daae7813-f814-475d-9647-a302a5541e36@group-E7E38B8B3491-LeaderElection6] INFO  impl.LeaderElection (LeaderElection.java:askForVotes(178)) - daae7813-f814-475d-9647-a302a5541e36@group-E7E38B8B3491-LeaderElection6: begin an election at term 1 for -1: [daae7813-f814-475d-9647-a302a5541e36:192.168.157.251:45025], old=null
2019-10-17 18:50:43,064 [daae7813-f814-475d-9647-a302a5541e36@group-E7E38B8B3491-LeaderElection6] INFO  impl.RoleInfo (RoleInfo.java:shutdownLeaderElection(134)) - daae7813-f814-475d-9647-a302a5541e36: shutdown LeaderElection
2019-10-17 18:50:43,064 [daae7813-f814-475d-9647-a302a5541e36@group-E7E38B8B3491-LeaderElection6] INFO  impl.RaftServerImpl (RaftServerImpl.java:setRole(184)) - daae7813-f814-475d-9647-a302a5541e36@group-E7E38B8B3491: changes role from CANDIDATE to LEADER at term 1 for changeToLeader
2019-10-17 18:50:43,064 [daae7813-f814-475d-9647-a302a5541e36@group-E7E38B8B3491-LeaderElection6] INFO  impl.RaftServerImpl (ServerState.java:setLeader(256)) - daae7813-f814-475d-9647-a302a5541e36@group-E7E38B8B3491: change Leader from null to daae7813-f814-475d-9647-a302a5541e36 at term 1 for becomeLeader, leader elected after 203ms
2019-10-17 18:50:43,064 [daae7813-f814-475d-9647-a302a5541e36@group-E7E38B8B3491-LeaderElection6] INFO  server.RaftServerConfigKeys (ConfUtils.java:logGet(43)) - raft.server.staging.catchup.gap = 1000 (default)
2019-10-17 18:50:43,064 [daae7813-f814-475d-9647-a302a5541e36@group-E7E38B8B3491-LeaderElection6] INFO  server.RaftServerConfigKeys (ConfUtils.java:logGet(43)) - raft.server.rpc.sleep.time = 25ms (default)
2019-10-17 18:50:43,064 [daae7813-f814-475d-9647-a302a5541e36@group-E7E38B8B3491-LeaderElection6] INFO  server.RaftServerConfigKeys (ConfUtils.java:logGet(43)) - raft.server.write.element-limit = 4096 (default)
2019-10-17 18:50:43,065 [daae7813-f814-475d-9647-a302a5541e36@group-E7E38B8B3491-LeaderElection6] INFO  server.RaftServerConfigKeys (ConfUtils.java:logGet(43)) - raft.server.watch.timeout = 10s (default)
2019-10-17 18:50:43,065 [daae7813-f814-475d-9647-a302a5541e36@group-E7E38B8B3491-LeaderElection6] INFO  server.RaftServerConfigKeys (ConfUtils.java:logGet(43)) - raft.server.watch.timeout.denomination = 1s (default)
2019-10-17 18:50:43,065 [daae7813-f814-475d-9647-a302a5541e36@group-E7E38B8B3491-LeaderElection6] INFO  server.RaftServerConfigKeys (ConfUtils.java:logGet(43)) - raft.server.watch.element-limit = 65536 (default)
2019-10-17 18:50:43,067 [daae7813-f814-475d-9647-a302a5541e36@group-E7E38B8B3491-LeaderElection6] INFO  impl.RoleInfo (RoleInfo.java:updateAndGet(143)) - daae7813-f814-475d-9647-a302a5541e36: start LeaderState
2019-10-17 18:50:43,067 [daae7813-f814-475d-9647-a302a5541e36@group-E7E38B8B3491-LeaderElection6] INFO  segmented.SegmentedRaftLogWorker (SegmentedRaftLogWorker.java:startLogSegment(385)) - daae7813-f814-475d-9647-a302a5541e36@group-E7E38B8B3491-SegmentedRaftLogWorker: Starting segment from index:0
2019-10-17 18:50:43,068 [daae7813-f814-475d-9647-a302a5541e36@group-E7E38B8B3491-LeaderElection6] INFO  impl.RaftServerImpl (ServerState.java:setRaftConf(357)) - daae7813-f814-475d-9647-a302a5541e36@group-E7E38B8B3491: set configuration 0: [daae7813-f814-475d-9647-a302a5541e36:192.168.157.251:45025], old=null at 0
2019-10-17 18:50:43,099 [pool-37-thread-1] INFO  storage.RaftStorage (RaftStorage.java:format(84)) - Storage directory /workdir/hadoop-ozone/integration-test/target/test-dir/MiniOzoneClusterImpl-1add80d3-0bcb-487c-a891-e654dcc55690/datanode-1/data/ratis/10a00697-c776-4d1a-a328-9eb148ace666 has been successfully formatted.
2019-10-17 18:50:43,102 [73297ffa-40cb-4e3e-b33e-1bc2c1da60f5@group-CC3111005FA9-LeaderElection7] INFO  impl.LeaderElection (LeaderElection.java:askForVotes(178)) - 73297ffa-40cb-4e3e-b33e-1bc2c1da60f5@group-CC3111005FA9-LeaderElection7: begin an election at term 1 for -1: [73297ffa-40cb-4e3e-b33e-1bc2c1da60f5:192.168.157.251:32952], old=null
2019-10-17 18:50:43,102 [pool-37-thread-1] INFO  ratis.ContainerStateMachine (ContainerStateMachine.java:loadSnapshot(231)) - group-9EB148ACE666: The snapshot info is null. Setting the last applied indexto:(t:0, i:~)
2019-10-17 18:50:43,102 [73297ffa-40cb-4e3e-b33e-1bc2c1da60f5@group-CC3111005FA9-LeaderElection7] INFO  impl.RoleInfo (RoleInfo.java:shutdownLeaderElection(134)) - 73297ffa-40cb-4e3e-b33e-1bc2c1da60f5: shutdown LeaderElection
2019-10-17 18:50:43,102 [pool-37-thread-1] INFO  server.RaftServerConfigKeys (ConfUtils.java:logGet(43)) - raft.server.notification.no-leader.timeout = 120s (custom)
2019-10-17 18:50:43,102 [73297ffa-40cb-4e3e-b33e-1bc2c1da60f5@group-CC3111005FA9-LeaderElection7] INFO  impl.RaftServerImpl (RaftServerImpl.java:setRole(184)) - 73297ffa-40cb-4e3e-b33e-1bc2c1da60f5@group-CC3111005FA9: changes role from CANDIDATE to LEADER at term 1 for changeToLeader
2019-10-17 18:50:43,102 [pool-37-thread-1] INFO  server.RaftServerConfigKeys (ConfUtils.java:logGet(43)) - raft.server.log.use.memory = false (default)
2019-10-17 18:50:43,102 [73297ffa-40cb-4e3e-b33e-1bc2c1da60f5@group-CC3111005FA9-LeaderElection7] INFO  impl.RaftServerImpl (ServerState.java:setLeader(256)) - 73297ffa-40cb-4e3e-b33e-1bc2c1da60f5@group-CC3111005FA9: change Leader from null to 73297ffa-40cb-4e3e-b33e-1bc2c1da60f5 at term 1 for becomeLeader, leader elected after 115ms
2019-10-17 18:50:43,102 [pool-37-thread-1] INFO  server.RaftServerConfigKeys (ConfUtils.java:logGet(43)) - raft.server.log.purge.gap = 1000000 (custom)
2019-10-17 18:50:43,102 [73297ffa-40cb-4e3e-b33e-1bc2c1da60f5@group-CC3111005FA9-LeaderElection7] INFO  server.RaftServerConfigKeys (ConfUtils.java:logGet(43)) - raft.server.staging.catchup.gap = 1000 (default)
2019-10-17 18:50:43,103 [pool-37-thread-1] INFO  server.RaftServerConfigKeys (ConfUtils.java:logGet(43)) - raft.server.log.appender.buffer.byte-limit = 33554432 (custom)
2019-10-17 18:50:43,103 [73297ffa-40cb-4e3e-b33e-1bc2c1da60f5@group-CC3111005FA9-LeaderElection7] INFO  server.RaftServerConfigKeys (ConfUtils.java:logGet(43)) - raft.server.rpc.sleep.time = 25ms (default)
2019-10-17 18:50:43,103 [pool-37-thread-1] INFO  server.RaftServerConfigKeys (ConfUtils.java:logGet(43)) - raft.server.log.segment.size.max = 1048576 (custom)
2019-10-17 18:50:43,103 [73297ffa-40cb-4e3e-b33e-1bc2c1da60f5@group-CC3111005FA9-LeaderElection7] INFO  server.RaftServerConfigKeys (ConfUtils.java:logGet(43)) - raft.server.write.element-limit = 4096 (default)
2019-10-17 18:50:43,103 [73297ffa-40cb-4e3e-b33e-1bc2c1da60f5@group-CC3111005FA9-LeaderElection7] INFO  server.RaftServerConfigKeys (ConfUtils.java:logGet(43)) - raft.server.watch.timeout = 10s (default)
2019-10-17 18:50:43,103 [73297ffa-40cb-4e3e-b33e-1bc2c1da60f5@group-CC3111005FA9-LeaderElection7] INFO  server.RaftServerConfigKeys (ConfUtils.java:logGet(43)) - raft.server.watch.timeout.denomination = 1s (default)
2019-10-17 18:50:43,104 [73297ffa-40cb-4e3e-b33e-1bc2c1da60f5@group-CC3111005FA9-LeaderElection7] INFO  server.RaftServerConfigKeys (ConfUtils.java:logGet(43)) - raft.server.watch.element-limit = 65536 (default)
2019-10-17 18:50:43,106 [pool-37-thread-1] INFO  server.RaftServerConfigKeys (ConfUtils.java:logGet(43)) - raft.server.log.segment.cache.num.max = 2 (custom)
2019-10-17 18:50:43,106 [pool-37-thread-1] INFO  segmented.SegmentedRaftLogWorker (SegmentedRaftLogWorker.java:<init>(173)) - new b8f04e38-0663-4b1f-8efd-f76585c6e86c@group-9EB148ACE666-SegmentedRaftLogWorker for RaftStorage:Storage Directory /workdir/hadoop-ozone/integration-test/target/test-dir/MiniOzoneClusterImpl-1add80d3-0bcb-487c-a891-e654dcc55690/datanode-1/data/ratis/10a00697-c776-4d1a-a328-9eb148ace666
2019-10-17 18:50:43,106 [pool-37-thread-1] INFO  server.RaftServerConfigKeys (ConfUtils.java:logGet(43)) - raft.server.log.queue.byte-limit = 2147483647 (custom)
2019-10-17 18:50:43,106 [pool-37-thread-1] INFO  server.RaftServerConfigKeys (ConfUtils.java:logGet(43)) - raft.server.log.queue.element-limit = 1024 (custom)
2019-10-17 18:50:43,106 [pool-37-thread-1] INFO  server.RaftServerConfigKeys (ConfUtils.java:logGet(43)) - raft.server.log.segment.size.max = 1048576 (custom)
2019-10-17 18:50:43,107 [pool-37-thread-1] INFO  server.RaftServerConfigKeys (ConfUtils.java:logGet(43)) - raft.server.log.preallocated.size = 16384 (custom)
2019-10-17 18:50:43,107 [pool-37-thread-1] INFO  server.RaftServerConfigKeys (ConfUtils.java:logGet(43)) - raft.server.log.write.buffer.size = 33554432 (custom)
2019-10-17 18:50:43,107 [pool-37-thread-1] INFO  server.RaftServerConfigKeys (ConfUtils.java:logGet(43)) - raft.server.log.force.sync.num = 128 (default)
2019-10-17 18:50:43,107 [73297ffa-40cb-4e3e-b33e-1bc2c1da60f5@group-CC3111005FA9-LeaderElection7] INFO  impl.RoleInfo (RoleInfo.java:updateAndGet(143)) - 73297ffa-40cb-4e3e-b33e-1bc2c1da60f5: start LeaderState
2019-10-17 18:50:43,107 [pool-37-thread-1] INFO  server.RaftServerConfigKeys (ConfUtils.java:logGet(43)) - raft.server.log.statemachine.data.sync = true (default)
2019-10-17 18:50:43,107 [pool-37-thread-1] INFO  server.RaftServerConfigKeys (ConfUtils.java:logGet(43)) - raft.server.log.statemachine.data.sync.timeout = 10s (default)
2019-10-17 18:50:43,107 [pool-37-thread-1] INFO  server.RaftServerConfigKeys (ConfUtils.java:logGet(43)) - raft.server.log.statemachine.data.sync.timeout.retry = -1 (default)
2019-10-17 18:50:43,107 [73297ffa-40cb-4e3e-b33e-1bc2c1da60f5@group-CC3111005FA9-LeaderElection7] INFO  segmented.SegmentedRaftLogWorker (SegmentedRaftLogWorker.java:startLogSegment(385)) - 73297ffa-40cb-4e3e-b33e-1bc2c1da60f5@group-CC3111005FA9-SegmentedRaftLogWorker: Starting segment from index:0
2019-10-17 18:50:43,108 [pool-37-thread-1] INFO  server.RaftServerConfigKeys (ConfUtils.java:logGet(43)) - raft.server.log.statemachine.data.caching.enabled = true (custom)
2019-10-17 18:50:43,108 [pool-37-thread-1] INFO  segmented.SegmentedRaftLogWorker (SegmentedRaftLogWorker.java:lambda$new$0(128)) - b8f04e38-0663-4b1f-8efd-f76585c6e86c@group-9EB148ACE666-SegmentedRaftLogWorker: flushIndex: setUnconditionally 0 -> -1
2019-10-17 18:50:43,108 [73297ffa-40cb-4e3e-b33e-1bc2c1da60f5@group-CC3111005FA9-LeaderElection7] INFO  impl.RaftServerImpl (ServerState.java:setRaftConf(357)) - 73297ffa-40cb-4e3e-b33e-1bc2c1da60f5@group-CC3111005FA9: set configuration 0: [73297ffa-40cb-4e3e-b33e-1bc2c1da60f5:192.168.157.251:32952], old=null at 0
2019-10-17 18:50:43,108 [pool-37-thread-1] INFO  server.RaftServerConfigKeys (ConfUtils.java:logGet(43)) - raft.server.snapshot.auto.trigger.enabled = true (custom)
2019-10-17 18:50:43,108 [pool-37-thread-1] INFO  server.RaftServerConfigKeys (ConfUtils.java:logGet(43)) - raft.server.snapshot.auto.trigger.threshold = 10000 (custom)
2019-10-17 18:50:43,141 [daae7813-f814-475d-9647-a302a5541e36@group-E7E38B8B3491-SegmentedRaftLogWorker] INFO  segmented.SegmentedRaftLogWorker (SegmentedRaftLogWorker.java:execute(576)) - daae7813-f814-475d-9647-a302a5541e36@group-E7E38B8B3491-SegmentedRaftLogWorker: created new log segment /workdir/hadoop-ozone/integration-test/target/test-dir/MiniOzoneClusterImpl-1add80d3-0bcb-487c-a891-e654dcc55690/datanode-8/data/ratis/64d79ce5-e243-4fb2-b7d3-e7e38b8b3491/current/log_inprogress_0
2019-10-17 18:50:43,141 [pool-37-thread-1] INFO  server.RaftServerConfigKeys (ConfUtils.java:logGet(43)) - raft.server.snapshot.retention.file.num = 5 (custom)
2019-10-17 18:50:43,142 [pool-37-thread-1] INFO  server.RaftServerConfigKeys (ConfUtils.java:logGet(43)) - raft.server.retrycache.expirytime = 600000ms (custom)
2019-10-17 18:50:43,154 [73297ffa-40cb-4e3e-b33e-1bc2c1da60f5@group-CC3111005FA9-SegmentedRaftLogWorker] INFO  segmented.SegmentedRaftLogWorker (SegmentedRaftLogWorker.java:execute(576)) - 73297ffa-40cb-4e3e-b33e-1bc2c1da60f5@group-CC3111005FA9-SegmentedRaftLogWorker: created new log segment /workdir/hadoop-ozone/integration-test/target/test-dir/MiniOzoneClusterImpl-1add80d3-0bcb-487c-a891-e654dcc55690/datanode-3/data/ratis/8b896667-3753-4d2c-8176-cc3111005fa9/current/log_inprogress_0
2019-10-17 18:50:43,154 [pool-37-thread-1] INFO  impl.RaftServerImpl (RaftServerImpl.java:start(195)) - b8f04e38-0663-4b1f-8efd-f76585c6e86c@group-9EB148ACE666: start as a follower, conf=-1: [b8f04e38-0663-4b1f-8efd-f76585c6e86c:192.168.157.251:35700], old=null
2019-10-17 18:50:43,154 [pool-37-thread-1] INFO  impl.RaftServerImpl (RaftServerImpl.java:setRole(184)) - b8f04e38-0663-4b1f-8efd-f76585c6e86c@group-9EB148ACE666: changes role from      null to FOLLOWER at term 0 for startAsFollower
2019-10-17 18:50:43,154 [pool-37-thread-1] INFO  impl.RoleInfo (RoleInfo.java:updateAndGet(143)) - b8f04e38-0663-4b1f-8efd-f76585c6e86c: start FollowerState
2019-10-17 18:50:43,155 [pool-37-thread-1] INFO  util.JmxRegister (JmxRegister.java:tryRegister(44)) - Successfully registered JMX Bean with object name Ratis:service=RaftServer,group=group-9EB148ACE666,id=b8f04e38-0663-4b1f-8efd-f76585c6e86c
2019-10-17 18:50:43,168 [RatisPipelineUtilsThread] INFO  pipeline.PipelineStateManager (PipelineStateManager.java:addPipeline(56)) - Created pipeline Pipeline[ Id: 10a00697-c776-4d1a-a328-9eb148ace666, Nodes: b8f04e38-0663-4b1f-8efd-f76585c6e86c{ip: 192.168.157.251, host: pr-hdds-2318-qqrts-113280968, networkLocation: /default-rack, certSerialId: null}, Type:RATIS, Factor:ONE, State:OPEN]
2019-10-17 18:50:43,182 [grpc-default-executor-0] INFO  impl.RaftServerProxy (RaftServerProxy.java:addNew(89)) - abcd8826-c056-4817-bd0f-7af19a46d814: addNew group-3EA2F331D210:[abcd8826-c056-4817-bd0f-7af19a46d814:192.168.157.251:46496] returns group-3EA2F331D210:java.util.concurrent.CompletableFuture@63d05942[Not completed]
2019-10-17 18:50:43,183 [pool-77-thread-1] INFO  impl.RaftServerImpl (RaftServerImpl.java:<init>(104)) - abcd8826-c056-4817-bd0f-7af19a46d814: new RaftServerImpl for group-3EA2F331D210:[abcd8826-c056-4817-bd0f-7af19a46d814:192.168.157.251:46496] with ContainerStateMachine:uninitialized
2019-10-17 18:50:43,184 [pool-77-thread-1] INFO  server.RaftServerConfigKeys (ConfUtils.java:logGet(43)) - raft.server.rpc.timeout.min = 1s (custom)
2019-10-17 18:50:43,184 [pool-77-thread-1] INFO  server.RaftServerConfigKeys (ConfUtils.java:logGet(43)) - raft.server.rpc.timeout.max = 1200ms (custom)
2019-10-17 18:50:43,184 [pool-77-thread-1] INFO  server.RaftServerConfigKeys (ConfUtils.java:logGet(43)) - raft.server.rpcslowness.timeout = 120s (custom)
2019-10-17 18:50:43,184 [pool-77-thread-1] INFO  server.RaftServerConfigKeys (ConfUtils.java:logGet(43)) - raft.server.sleep.deviation.threshold = 300 (default)
2019-10-17 18:50:43,184 [pool-77-thread-1] INFO  server.RaftServerConfigKeys (ConfUtils.java:logGet(43)) - raft.server.log.appender.install.snapshot.enabled = false (custom)
2019-10-17 18:50:43,184 [pool-77-thread-1] INFO  impl.RaftServerImpl (ServerState.java:<init>(103)) - abcd8826-c056-4817-bd0f-7af19a46d814@group-3EA2F331D210: ConfigurationManager, init=-1: [abcd8826-c056-4817-bd0f-7af19a46d814:192.168.157.251:46496], old=null, confs=<EMPTY_MAP>
2019-10-17 18:50:43,185 [pool-77-thread-1] INFO  server.RaftServerConfigKeys (ConfUtils.java:logGet(43)) - raft.server.storage.dir = [/workdir/hadoop-ozone/integration-test/target/test-dir/MiniOzoneClusterImpl-1add80d3-0bcb-487c-a891-e654dcc55690/datanode-5/data/ratis] (custom)
2019-10-17 18:50:43,185 [pool-77-thread-1] INFO  server.RaftServerConfigKeys (ConfUtils.java:logGet(43)) - raft.server.log.corruption.policy = EXCEPTION (default)
2019-10-17 18:50:43,185 [pool-77-thread-1] INFO  storage.RaftStorageDirectory (RaftStorageDirectory.java:analyzeStorage(246)) - The storage directory /workdir/hadoop-ozone/integration-test/target/test-dir/MiniOzoneClusterImpl-1add80d3-0bcb-487c-a891-e654dcc55690/datanode-5/data/ratis/e4144464-99e7-4852-8ff8-3ea2f331d210 does not exist. Creating ...
2019-10-17 18:50:43,198 [Thread-320] INFO  impl.FollowerState (FollowerState.java:run(108)) - b8f04e38-0663-4b1f-8efd-f76585c6e86c@group-9EB148ACE666-FollowerState: change to CANDIDATE, lastRpcTime:43ms, electionTimeout:43ms
2019-10-17 18:50:43,198 [Thread-320] INFO  impl.RoleInfo (RoleInfo.java:shutdownFollowerState(121)) - b8f04e38-0663-4b1f-8efd-f76585c6e86c: shutdown FollowerState
2019-10-17 18:50:43,198 [pool-77-thread-1] INFO  storage.RaftStorageDirectory (RaftStorageDirectory.java:tryLock(328)) - Lock on /workdir/hadoop-ozone/integration-test/target/test-dir/MiniOzoneClusterImpl-1add80d3-0bcb-487c-a891-e654dcc55690/datanode-5/data/ratis/e4144464-99e7-4852-8ff8-3ea2f331d210/in_use.lock acquired by nodename 4964@pr-hdds-2318-qqrts-113280968
2019-10-17 18:50:43,199 [Thread-320] INFO  impl.RaftServerImpl (RaftServerImpl.java:setRole(184)) - b8f04e38-0663-4b1f-8efd-f76585c6e86c@group-9EB148ACE666: changes role from  FOLLOWER to CANDIDATE at term 0 for changeToCandidate
2019-10-17 18:50:43,199 [Thread-320] INFO  impl.RoleInfo (RoleInfo.java:updateAndGet(143)) - b8f04e38-0663-4b1f-8efd-f76585c6e86c: start LeaderElection
2019-10-17 18:50:43,214 [pool-77-thread-1] INFO  storage.RaftStorage (RaftStorage.java:format(84)) - Storage directory /workdir/hadoop-ozone/integration-test/target/test-dir/MiniOzoneClusterImpl-1add80d3-0bcb-487c-a891-e654dcc55690/datanode-5/data/ratis/e4144464-99e7-4852-8ff8-3ea2f331d210 has been successfully formatted.
2019-10-17 18:50:43,214 [b8f04e38-0663-4b1f-8efd-f76585c6e86c@group-9EB148ACE666-LeaderElection8] INFO  impl.LeaderElection (LeaderElection.java:askForVotes(178)) - b8f04e38-0663-4b1f-8efd-f76585c6e86c@group-9EB148ACE666-LeaderElection8: begin an election at term 1 for -1: [b8f04e38-0663-4b1f-8efd-f76585c6e86c:192.168.157.251:35700], old=null
2019-10-17 18:50:43,214 [pool-77-thread-1] INFO  ratis.ContainerStateMachine (ContainerStateMachine.java:loadSnapshot(231)) - group-3EA2F331D210: The snapshot info is null. Setting the last applied indexto:(t:0, i:~)
2019-10-17 18:50:43,214 [b8f04e38-0663-4b1f-8efd-f76585c6e86c@group-9EB148ACE666-LeaderElection8] INFO  impl.RoleInfo (RoleInfo.java:shutdownLeaderElection(134)) - b8f04e38-0663-4b1f-8efd-f76585c6e86c: shutdown LeaderElection
2019-10-17 18:50:43,214 [pool-77-thread-1] INFO  server.RaftServerConfigKeys (ConfUtils.java:logGet(43)) - raft.server.notification.no-leader.timeout = 120s (custom)
2019-10-17 18:50:43,215 [b8f04e38-0663-4b1f-8efd-f76585c6e86c@group-9EB148ACE666-LeaderElection8] INFO  impl.RaftServerImpl (RaftServerImpl.java:setRole(184)) - b8f04e38-0663-4b1f-8efd-f76585c6e86c@group-9EB148ACE666: changes role from CANDIDATE to LEADER at term 1 for changeToLeader
2019-10-17 18:50:43,215 [pool-77-thread-1] INFO  server.RaftServerConfigKeys (ConfUtils.java:logGet(43)) - raft.server.log.use.memory = false (default)
2019-10-17 18:50:43,215 [b8f04e38-0663-4b1f-8efd-f76585c6e86c@group-9EB148ACE666-LeaderElection8] INFO  impl.RaftServerImpl (ServerState.java:setLeader(256)) - b8f04e38-0663-4b1f-8efd-f76585c6e86c@group-9EB148ACE666: change Leader from null to b8f04e38-0663-4b1f-8efd-f76585c6e86c at term 1 for becomeLeader, leader elected after 112ms
2019-10-17 18:50:43,215 [pool-77-thread-1] INFO  server.RaftServerConfigKeys (ConfUtils.java:logGet(43)) - raft.server.log.purge.gap = 1000000 (custom)
2019-10-17 18:50:43,215 [b8f04e38-0663-4b1f-8efd-f76585c6e86c@group-9EB148ACE666-LeaderElection8] INFO  server.RaftServerConfigKeys (ConfUtils.java:logGet(43)) - raft.server.staging.catchup.gap = 1000 (default)
2019-10-17 18:50:43,215 [pool-77-thread-1] INFO  server.RaftServerConfigKeys (ConfUtils.java:logGet(43)) - raft.server.log.appender.buffer.byte-limit = 33554432 (custom)
2019-10-17 18:50:43,215 [b8f04e38-0663-4b1f-8efd-f76585c6e86c@group-9EB148ACE666-LeaderElection8] INFO  server.RaftServerConfigKeys (ConfUtils.java:logGet(43)) - raft.server.rpc.sleep.time = 25ms (default)
2019-10-17 18:50:43,215 [pool-77-thread-1] INFO  server.RaftServerConfigKeys (ConfUtils.java:logGet(43)) - raft.server.log.segment.size.max = 1048576 (custom)
2019-10-17 18:50:43,216 [b8f04e38-0663-4b1f-8efd-f76585c6e86c@group-9EB148ACE666-LeaderElection8] INFO  server.RaftServerConfigKeys (ConfUtils.java:logGet(43)) - raft.server.write.element-limit = 4096 (default)
2019-10-17 18:50:43,216 [b8f04e38-0663-4b1f-8efd-f76585c6e86c@group-9EB148ACE666-LeaderElection8] INFO  server.RaftServerConfigKeys (ConfUtils.java:logGet(43)) - raft.server.watch.timeout = 10s (default)
2019-10-17 18:50:43,216 [b8f04e38-0663-4b1f-8efd-f76585c6e86c@group-9EB148ACE666-LeaderElection8] INFO  server.RaftServerConfigKeys (ConfUtils.java:logGet(43)) - raft.server.watch.timeout.denomination = 1s (default)
2019-10-17 18:50:43,216 [b8f04e38-0663-4b1f-8efd-f76585c6e86c@group-9EB148ACE666-LeaderElection8] INFO  server.RaftServerConfigKeys (ConfUtils.java:logGet(43)) - raft.server.watch.element-limit = 65536 (default)
2019-10-17 18:50:43,221 [pool-77-thread-1] INFO  server.RaftServerConfigKeys (ConfUtils.java:logGet(43)) - raft.server.log.segment.cache.num.max = 2 (custom)
2019-10-17 18:50:43,221 [pool-77-thread-1] INFO  segmented.SegmentedRaftLogWorker (SegmentedRaftLogWorker.java:<init>(173)) - new abcd8826-c056-4817-bd0f-7af19a46d814@group-3EA2F331D210-SegmentedRaftLogWorker for RaftStorage:Storage Directory /workdir/hadoop-ozone/integration-test/target/test-dir/MiniOzoneClusterImpl-1add80d3-0bcb-487c-a891-e654dcc55690/datanode-5/data/ratis/e4144464-99e7-4852-8ff8-3ea2f331d210
2019-10-17 18:50:43,221 [pool-77-thread-1] INFO  server.RaftServerConfigKeys (ConfUtils.java:logGet(43)) - raft.server.log.queue.byte-limit = 2147483647 (custom)
2019-10-17 18:50:43,222 [pool-77-thread-1] INFO  server.RaftServerConfigKeys (ConfUtils.java:logGet(43)) - raft.server.log.queue.element-limit = 1024 (custom)
2019-10-17 18:50:43,231 [pool-77-thread-1] INFO  server.RaftServerConfigKeys (ConfUtils.java:logGet(43)) - raft.server.log.segment.size.max = 1048576 (custom)
2019-10-17 18:50:43,231 [pool-77-thread-1] INFO  server.RaftServerConfigKeys (ConfUtils.java:logGet(43)) - raft.server.log.preallocated.size = 16384 (custom)
2019-10-17 18:50:43,231 [b8f04e38-0663-4b1f-8efd-f76585c6e86c@group-9EB148ACE666-LeaderElection8] INFO  impl.RoleInfo (RoleInfo.java:updateAndGet(143)) - b8f04e38-0663-4b1f-8efd-f76585c6e86c: start LeaderState
2019-10-17 18:50:43,231 [pool-77-thread-1] INFO  server.RaftServerConfigKeys (ConfUtils.java:logGet(43)) - raft.server.log.write.buffer.size = 33554432 (custom)
2019-10-17 18:50:43,231 [pool-77-thread-1] INFO  server.RaftServerConfigKeys (ConfUtils.java:logGet(43)) - raft.server.log.force.sync.num = 128 (default)
2019-10-17 18:50:43,232 [pool-77-thread-1] INFO  server.RaftServerConfigKeys (ConfUtils.java:logGet(43)) - raft.server.log.statemachine.data.sync = true (default)
2019-10-17 18:50:43,232 [b8f04e38-0663-4b1f-8efd-f76585c6e86c@group-9EB148ACE666-LeaderElection8] INFO  segmented.SegmentedRaftLogWorker (SegmentedRaftLogWorker.java:startLogSegment(385)) - b8f04e38-0663-4b1f-8efd-f76585c6e86c@group-9EB148ACE666-SegmentedRaftLogWorker: Starting segment from index:0
2019-10-17 18:50:43,232 [pool-77-thread-1] INFO  server.RaftServerConfigKeys (ConfUtils.java:logGet(43)) - raft.server.log.statemachine.data.sync.timeout = 10s (default)
2019-10-17 18:50:43,232 [pool-77-thread-1] INFO  server.RaftServerConfigKeys (ConfUtils.java:logGet(43)) - raft.server.log.statemachine.data.sync.timeout.retry = -1 (default)
2019-10-17 18:50:43,232 [b8f04e38-0663-4b1f-8efd-f76585c6e86c@group-9EB148ACE666-LeaderElection8] INFO  impl.RaftServerImpl (ServerState.java:setRaftConf(357)) - b8f04e38-0663-4b1f-8efd-f76585c6e86c@group-9EB148ACE666: set configuration 0: [b8f04e38-0663-4b1f-8efd-f76585c6e86c:192.168.157.251:35700], old=null at 0
2019-10-17 18:50:43,233 [pool-77-thread-1] INFO  server.RaftServerConfigKeys (ConfUtils.java:logGet(43)) - raft.server.log.statemachine.data.caching.enabled = true (custom)
2019-10-17 18:50:43,271 [pool-77-thread-1] INFO  segmented.SegmentedRaftLogWorker (SegmentedRaftLogWorker.java:lambda$new$0(128)) - abcd8826-c056-4817-bd0f-7af19a46d814@group-3EA2F331D210-SegmentedRaftLogWorker: flushIndex: setUnconditionally 0 -> -1
2019-10-17 18:50:43,272 [pool-77-thread-1] INFO  server.RaftServerConfigKeys (ConfUtils.java:logGet(43)) - raft.server.snapshot.auto.trigger.enabled = true (custom)
2019-10-17 18:50:43,272 [pool-77-thread-1] INFO  server.RaftServerConfigKeys (ConfUtils.java:logGet(43)) - raft.server.snapshot.auto.trigger.threshold = 10000 (custom)
2019-10-17 18:50:43,272 [pool-77-thread-1] INFO  server.RaftServerConfigKeys (ConfUtils.java:logGet(43)) - raft.server.snapshot.retention.file.num = 5 (custom)
2019-10-17 18:50:43,272 [pool-77-thread-1] INFO  server.RaftServerConfigKeys (ConfUtils.java:logGet(43)) - raft.server.retrycache.expirytime = 600000ms (custom)
2019-10-17 18:50:43,278 [pool-77-thread-1] INFO  impl.RaftServerImpl (RaftServerImpl.java:start(195)) - abcd8826-c056-4817-bd0f-7af19a46d814@group-3EA2F331D210: start as a follower, conf=-1: [abcd8826-c056-4817-bd0f-7af19a46d814:192.168.157.251:46496], old=null
2019-10-17 18:50:43,278 [pool-77-thread-1] INFO  impl.RaftServerImpl (RaftServerImpl.java:setRole(184)) - abcd8826-c056-4817-bd0f-7af19a46d814@group-3EA2F331D210: changes role from      null to FOLLOWER at term 0 for startAsFollower
2019-10-17 18:50:43,278 [pool-77-thread-1] INFO  impl.RoleInfo (RoleInfo.java:updateAndGet(143)) - abcd8826-c056-4817-bd0f-7af19a46d814: start FollowerState
2019-10-17 18:50:43,279 [pool-77-thread-1] INFO  util.JmxRegister (JmxRegister.java:tryRegister(44)) - Successfully registered JMX Bean with object name Ratis:service=RaftServer,group=group-3EA2F331D210,id=abcd8826-c056-4817-bd0f-7af19a46d814
2019-10-17 18:50:43,285 [Thread-325] INFO  impl.FollowerState (FollowerState.java:run(108)) - abcd8826-c056-4817-bd0f-7af19a46d814@group-3EA2F331D210-FollowerState: change to CANDIDATE, lastRpcTime:6ms, electionTimeout:4ms
2019-10-17 18:50:43,285 [b8f04e38-0663-4b1f-8efd-f76585c6e86c@group-9EB148ACE666-SegmentedRaftLogWorker] INFO  segmented.SegmentedRaftLogWorker (SegmentedRaftLogWorker.java:execute(576)) - b8f04e38-0663-4b1f-8efd-f76585c6e86c@group-9EB148ACE666-SegmentedRaftLogWorker: created new log segment /workdir/hadoop-ozone/integration-test/target/test-dir/MiniOzoneClusterImpl-1add80d3-0bcb-487c-a891-e654dcc55690/datanode-1/data/ratis/10a00697-c776-4d1a-a328-9eb148ace666/current/log_inprogress_0
2019-10-17 18:50:43,285 [Thread-325] INFO  impl.RoleInfo (RoleInfo.java:shutdownFollowerState(121)) - abcd8826-c056-4817-bd0f-7af19a46d814: shutdown FollowerState
2019-10-17 18:50:43,285 [Thread-325] INFO  impl.RaftServerImpl (RaftServerImpl.java:setRole(184)) - abcd8826-c056-4817-bd0f-7af19a46d814@group-3EA2F331D210: changes role from  FOLLOWER to CANDIDATE at term 0 for changeToCandidate
2019-10-17 18:50:43,286 [Thread-325] INFO  impl.RoleInfo (RoleInfo.java:updateAndGet(143)) - abcd8826-c056-4817-bd0f-7af19a46d814: start LeaderElection
2019-10-17 18:50:43,300 [abcd8826-c056-4817-bd0f-7af19a46d814@group-3EA2F331D210-LeaderElection9] INFO  impl.LeaderElection (LeaderElection.java:askForVotes(178)) - abcd8826-c056-4817-bd0f-7af19a46d814@group-3EA2F331D210-LeaderElection9: begin an election at term 1 for -1: [abcd8826-c056-4817-bd0f-7af19a46d814:192.168.157.251:46496], old=null
2019-10-17 18:50:43,301 [abcd8826-c056-4817-bd0f-7af19a46d814@group-3EA2F331D210-LeaderElection9] INFO  impl.RoleInfo (RoleInfo.java:shutdownLeaderElection(134)) - abcd8826-c056-4817-bd0f-7af19a46d814: shutdown LeaderElection
2019-10-17 18:50:43,301 [abcd8826-c056-4817-bd0f-7af19a46d814@group-3EA2F331D210-LeaderElection9] INFO  impl.RaftServerImpl (RaftServerImpl.java:setRole(184)) - abcd8826-c056-4817-bd0f-7af19a46d814@group-3EA2F331D210: changes role from CANDIDATE to LEADER at term 1 for changeToLeader
2019-10-17 18:50:43,301 [abcd8826-c056-4817-bd0f-7af19a46d814@group-3EA2F331D210-LeaderElection9] INFO  impl.RaftServerImpl (ServerState.java:setLeader(256)) - abcd8826-c056-4817-bd0f-7af19a46d814@group-3EA2F331D210: change Leader from null to abcd8826-c056-4817-bd0f-7af19a46d814 at term 1 for becomeLeader, leader elected after 86ms
2019-10-17 18:50:43,301 [abcd8826-c056-4817-bd0f-7af19a46d814@group-3EA2F331D210-LeaderElection9] INFO  server.RaftServerConfigKeys (ConfUtils.java:logGet(43)) - raft.server.staging.catchup.gap = 1000 (default)
2019-10-17 18:50:43,301 [abcd8826-c056-4817-bd0f-7af19a46d814@group-3EA2F331D210-LeaderElection9] INFO  server.RaftServerConfigKeys (ConfUtils.java:logGet(43)) - raft.server.rpc.sleep.time = 25ms (default)
2019-10-17 18:50:43,302 [RatisPipelineUtilsThread] INFO  pipeline.PipelineStateManager (PipelineStateManager.java:addPipeline(56)) - Created pipeline Pipeline[ Id: e4144464-99e7-4852-8ff8-3ea2f331d210, Nodes: abcd8826-c056-4817-bd0f-7af19a46d814{ip: 192.168.157.251, host: pr-hdds-2318-qqrts-113280968, networkLocation: /default-rack, certSerialId: null}, Type:RATIS, Factor:ONE, State:OPEN]
2019-10-17 18:50:43,302 [abcd8826-c056-4817-bd0f-7af19a46d814@group-3EA2F331D210-LeaderElection9] INFO  server.RaftServerConfigKeys (ConfUtils.java:logGet(43)) - raft.server.write.element-limit = 4096 (default)
2019-10-17 18:50:43,302 [abcd8826-c056-4817-bd0f-7af19a46d814@group-3EA2F331D210-LeaderElection9] INFO  server.RaftServerConfigKeys (ConfUtils.java:logGet(43)) - raft.server.watch.timeout = 10s (default)
2019-10-17 18:50:43,302 [abcd8826-c056-4817-bd0f-7af19a46d814@group-3EA2F331D210-LeaderElection9] INFO  server.RaftServerConfigKeys (ConfUtils.java:logGet(43)) - raft.server.watch.timeout.denomination = 1s (default)
2019-10-17 18:50:43,302 [abcd8826-c056-4817-bd0f-7af19a46d814@group-3EA2F331D210-LeaderElection9] INFO  server.RaftServerConfigKeys (ConfUtils.java:logGet(43)) - raft.server.watch.element-limit = 65536 (default)
2019-10-17 18:50:43,309 [abcd8826-c056-4817-bd0f-7af19a46d814@group-3EA2F331D210-LeaderElection9] INFO  impl.RoleInfo (RoleInfo.java:updateAndGet(143)) - abcd8826-c056-4817-bd0f-7af19a46d814: start LeaderState
2019-10-17 18:50:43,315 [abcd8826-c056-4817-bd0f-7af19a46d814@group-3EA2F331D210-LeaderElection9] INFO  segmented.SegmentedRaftLogWorker (SegmentedRaftLogWorker.java:startLogSegment(385)) - abcd8826-c056-4817-bd0f-7af19a46d814@group-3EA2F331D210-SegmentedRaftLogWorker: Starting segment from index:0
2019-10-17 18:50:43,316 [abcd8826-c056-4817-bd0f-7af19a46d814@group-3EA2F331D210-LeaderElection9] INFO  impl.RaftServerImpl (ServerState.java:setRaftConf(357)) - abcd8826-c056-4817-bd0f-7af19a46d814@group-3EA2F331D210: set configuration 0: [abcd8826-c056-4817-bd0f-7af19a46d814:192.168.157.251:46496], old=null at 0
2019-10-17 18:50:43,355 [grpc-default-executor-0] INFO  impl.RaftServerProxy (RaftServerProxy.java:addNew(89)) - 4fb2da21-ef5d-4d39-be53-a0300b1d3f26: addNew group-EDE844A50E5A:[4fb2da21-ef5d-4d39-be53-a0300b1d3f26:192.168.157.251:34971] returns group-EDE844A50E5A:java.util.concurrent.CompletableFuture@177d892e[Not completed]
2019-10-17 18:50:43,358 [pool-117-thread-1] INFO  impl.RaftServerImpl (RaftServerImpl.java:<init>(104)) - 4fb2da21-ef5d-4d39-be53-a0300b1d3f26: new RaftServerImpl for group-EDE844A50E5A:[4fb2da21-ef5d-4d39-be53-a0300b1d3f26:192.168.157.251:34971] with ContainerStateMachine:uninitialized
2019-10-17 18:50:43,358 [pool-117-thread-1] INFO  server.RaftServerConfigKeys (ConfUtils.java:logGet(43)) - raft.server.rpc.timeout.min = 1s (custom)
2019-10-17 18:50:43,358 [pool-117-thread-1] INFO  server.RaftServerConfigKeys (ConfUtils.java:logGet(43)) - raft.server.rpc.timeout.max = 1200ms (custom)
2019-10-17 18:50:43,358 [pool-117-thread-1] INFO  server.RaftServerConfigKeys (ConfUtils.java:logGet(43)) - raft.server.rpcslowness.timeout = 120s (custom)
2019-10-17 18:50:43,358 [pool-117-thread-1] INFO  server.RaftServerConfigKeys (ConfUtils.java:logGet(43)) - raft.server.sleep.deviation.threshold = 300 (default)
2019-10-17 18:50:43,358 [pool-117-thread-1] INFO  server.RaftServerConfigKeys (ConfUtils.java:logGet(43)) - raft.server.log.appender.install.snapshot.enabled = false (custom)
2019-10-17 18:50:43,359 [pool-117-thread-1] INFO  impl.RaftServerImpl (ServerState.java:<init>(103)) - 4fb2da21-ef5d-4d39-be53-a0300b1d3f26@group-EDE844A50E5A: ConfigurationManager, init=-1: [4fb2da21-ef5d-4d39-be53-a0300b1d3f26:192.168.157.251:34971], old=null, confs=<EMPTY_MAP>
2019-10-17 18:50:43,359 [pool-117-thread-1] INFO  server.RaftServerConfigKeys (ConfUtils.java:logGet(43)) - raft.server.storage.dir = [/workdir/hadoop-ozone/integration-test/target/test-dir/MiniOzoneClusterImpl-1add80d3-0bcb-487c-a891-e654dcc55690/datanode-9/data/ratis] (custom)
2019-10-17 18:50:43,359 [pool-117-thread-1] INFO  server.RaftServerConfigKeys (ConfUtils.java:logGet(43)) - raft.server.log.corruption.policy = EXCEPTION (default)
2019-10-17 18:50:43,360 [abcd8826-c056-4817-bd0f-7af19a46d814@group-3EA2F331D210-SegmentedRaftLogWorker] INFO  segmented.SegmentedRaftLogWorker (SegmentedRaftLogWorker.java:execute(576)) - abcd8826-c056-4817-bd0f-7af19a46d814@group-3EA2F331D210-SegmentedRaftLogWorker: created new log segment /workdir/hadoop-ozone/integration-test/target/test-dir/MiniOzoneClusterImpl-1add80d3-0bcb-487c-a891-e654dcc55690/datanode-5/data/ratis/e4144464-99e7-4852-8ff8-3ea2f331d210/current/log_inprogress_0
2019-10-17 18:50:43,360 [pool-117-thread-1] INFO  storage.RaftStorageDirectory (RaftStorageDirectory.java:analyzeStorage(246)) - The storage directory /workdir/hadoop-ozone/integration-test/target/test-dir/MiniOzoneClusterImpl-1add80d3-0bcb-487c-a891-e654dcc55690/datanode-9/data/ratis/49845821-1ffe-460b-9486-ede844a50e5a does not exist. Creating ...
2019-10-17 18:50:43,365 [pool-117-thread-1] INFO  storage.RaftStorageDirectory (RaftStorageDirectory.java:tryLock(328)) - Lock on /workdir/hadoop-ozone/integration-test/target/test-dir/MiniOzoneClusterImpl-1add80d3-0bcb-487c-a891-e654dcc55690/datanode-9/data/ratis/49845821-1ffe-460b-9486-ede844a50e5a/in_use.lock acquired by nodename 4964@pr-hdds-2318-qqrts-113280968
2019-10-17 18:50:43,386 [pool-117-thread-1] INFO  storage.RaftStorage (RaftStorage.java:format(84)) - Storage directory /workdir/hadoop-ozone/integration-test/target/test-dir/MiniOzoneClusterImpl-1add80d3-0bcb-487c-a891-e654dcc55690/datanode-9/data/ratis/49845821-1ffe-460b-9486-ede844a50e5a has been successfully formatted.
2019-10-17 18:50:43,387 [pool-117-thread-1] INFO  ratis.ContainerStateMachine (ContainerStateMachine.java:loadSnapshot(231)) - group-EDE844A50E5A: The snapshot info is null. Setting the last applied indexto:(t:0, i:~)
2019-10-17 18:50:43,387 [pool-117-thread-1] INFO  server.RaftServerConfigKeys (ConfUtils.java:logGet(43)) - raft.server.notification.no-leader.timeout = 120s (custom)
2019-10-17 18:50:43,387 [pool-117-thread-1] INFO  server.RaftServerConfigKeys (ConfUtils.java:logGet(43)) - raft.server.log.use.memory = false (default)
2019-10-17 18:50:43,388 [pool-117-thread-1] INFO  server.RaftServerConfigKeys (ConfUtils.java:logGet(43)) - raft.server.log.purge.gap = 1000000 (custom)
2019-10-17 18:50:43,388 [pool-117-thread-1] INFO  server.RaftServerConfigKeys (ConfUtils.java:logGet(43)) - raft.server.log.appender.buffer.byte-limit = 33554432 (custom)
2019-10-17 18:50:43,388 [pool-117-thread-1] INFO  server.RaftServerConfigKeys (ConfUtils.java:logGet(43)) - raft.server.log.segment.size.max = 1048576 (custom)
2019-10-17 18:50:43,395 [pool-117-thread-1] INFO  server.RaftServerConfigKeys (ConfUtils.java:logGet(43)) - raft.server.log.segment.cache.num.max = 2 (custom)
2019-10-17 18:50:43,395 [pool-117-thread-1] INFO  segmented.SegmentedRaftLogWorker (SegmentedRaftLogWorker.java:<init>(173)) - new 4fb2da21-ef5d-4d39-be53-a0300b1d3f26@group-EDE844A50E5A-SegmentedRaftLogWorker for RaftStorage:Storage Directory /workdir/hadoop-ozone/integration-test/target/test-dir/MiniOzoneClusterImpl-1add80d3-0bcb-487c-a891-e654dcc55690/datanode-9/data/ratis/49845821-1ffe-460b-9486-ede844a50e5a
2019-10-17 18:50:43,395 [pool-117-thread-1] INFO  server.RaftServerConfigKeys (ConfUtils.java:logGet(43)) - raft.server.log.queue.byte-limit = 2147483647 (custom)
2019-10-17 18:50:43,396 [pool-117-thread-1] INFO  server.RaftServerConfigKeys (ConfUtils.java:logGet(43)) - raft.server.log.queue.element-limit = 1024 (custom)
2019-10-17 18:50:43,396 [pool-117-thread-1] INFO  server.RaftServerConfigKeys (ConfUtils.java:logGet(43)) - raft.server.log.segment.size.max = 1048576 (custom)
2019-10-17 18:50:43,396 [pool-117-thread-1] INFO  server.RaftServerConfigKeys (ConfUtils.java:logGet(43)) - raft.server.log.preallocated.size = 16384 (custom)
2019-10-17 18:50:43,396 [pool-117-thread-1] INFO  server.RaftServerConfigKeys (ConfUtils.java:logGet(43)) - raft.server.log.write.buffer.size = 33554432 (custom)
2019-10-17 18:50:43,396 [pool-117-thread-1] INFO  server.RaftServerConfigKeys (ConfUtils.java:logGet(43)) - raft.server.log.force.sync.num = 128 (default)
2019-10-17 18:50:43,396 [pool-117-thread-1] INFO  server.RaftServerConfigKeys (ConfUtils.java:logGet(43)) - raft.server.log.statemachine.data.sync = true (default)
2019-10-17 18:50:43,397 [pool-117-thread-1] INFO  server.RaftServerConfigKeys (ConfUtils.java:logGet(43)) - raft.server.log.statemachine.data.sync.timeout = 10s (default)
2019-10-17 18:50:43,397 [pool-117-thread-1] INFO  server.RaftServerConfigKeys (ConfUtils.java:logGet(43)) - raft.server.log.statemachine.data.sync.timeout.retry = -1 (default)
2019-10-17 18:50:43,397 [pool-117-thread-1] INFO  server.RaftServerConfigKeys (ConfUtils.java:logGet(43)) - raft.server.log.statemachine.data.caching.enabled = true (custom)
2019-10-17 18:50:43,398 [pool-117-thread-1] INFO  segmented.SegmentedRaftLogWorker (SegmentedRaftLogWorker.java:lambda$new$0(128)) - 4fb2da21-ef5d-4d39-be53-a0300b1d3f26@group-EDE844A50E5A-SegmentedRaftLogWorker: flushIndex: setUnconditionally 0 -> -1
2019-10-17 18:50:43,399 [pool-117-thread-1] INFO  server.RaftServerConfigKeys (ConfUtils.java:logGet(43)) - raft.server.snapshot.auto.trigger.enabled = true (custom)
2019-10-17 18:50:43,399 [pool-117-thread-1] INFO  server.RaftServerConfigKeys (ConfUtils.java:logGet(43)) - raft.server.snapshot.auto.trigger.threshold = 10000 (custom)
2019-10-17 18:50:43,399 [pool-117-thread-1] INFO  server.RaftServerConfigKeys (ConfUtils.java:logGet(43)) - raft.server.snapshot.retention.file.num = 5 (custom)
2019-10-17 18:50:43,399 [pool-117-thread-1] INFO  server.RaftServerConfigKeys (ConfUtils.java:logGet(43)) - raft.server.retrycache.expirytime = 600000ms (custom)
2019-10-17 18:50:43,404 [pool-117-thread-1] INFO  impl.RaftServerImpl (RaftServerImpl.java:start(195)) - 4fb2da21-ef5d-4d39-be53-a0300b1d3f26@group-EDE844A50E5A: start as a follower, conf=-1: [4fb2da21-ef5d-4d39-be53-a0300b1d3f26:192.168.157.251:34971], old=null
2019-10-17 18:50:43,404 [pool-117-thread-1] INFO  impl.RaftServerImpl (RaftServerImpl.java:setRole(184)) - 4fb2da21-ef5d-4d39-be53-a0300b1d3f26@group-EDE844A50E5A: changes role from      null to FOLLOWER at term 0 for startAsFollower
2019-10-17 18:50:43,404 [pool-117-thread-1] INFO  impl.RoleInfo (RoleInfo.java:updateAndGet(143)) - 4fb2da21-ef5d-4d39-be53-a0300b1d3f26: start FollowerState
2019-10-17 18:50:43,405 [pool-117-thread-1] INFO  util.JmxRegister (JmxRegister.java:tryRegister(44)) - Successfully registered JMX Bean with object name Ratis:service=RaftServer,group=group-EDE844A50E5A,id=4fb2da21-ef5d-4d39-be53-a0300b1d3f26
2019-10-17 18:50:43,422 [RatisPipelineUtilsThread] INFO  pipeline.PipelineStateManager (PipelineStateManager.java:addPipeline(56)) - Created pipeline Pipeline[ Id: 49845821-1ffe-460b-9486-ede844a50e5a, Nodes: 4fb2da21-ef5d-4d39-be53-a0300b1d3f26{ip: 192.168.157.251, host: pr-hdds-2318-qqrts-113280968, networkLocation: /default-rack, certSerialId: null}, Type:RATIS, Factor:ONE, State:OPEN]
2019-10-17 18:50:43,463 [grpc-default-executor-2] INFO  impl.RaftServerProxy (RaftServerProxy.java:addNew(89)) - de8c9e34-1a4b-4ad8-952a-c65e9c1604e8: addNew group-9D6F8169C5E6:[0fe4833c-4439-4309-b94b-508419b07a37:192.168.157.251:39398, 8f4f8799-ef18-41e5-9bb8-2f724208e999:192.168.157.251:33259, de8c9e34-1a4b-4ad8-952a-c65e9c1604e8:192.168.157.251:40594] returns group-9D6F8169C5E6:java.util.concurrent.CompletableFuture@2c491916[Not completed]
2019-10-17 18:50:43,463 [grpc-default-executor-1] INFO  impl.RaftServerProxy (RaftServerProxy.java:addNew(89)) - 0fe4833c-4439-4309-b94b-508419b07a37: addNew group-9D6F8169C5E6:[0fe4833c-4439-4309-b94b-508419b07a37:192.168.157.251:39398, 8f4f8799-ef18-41e5-9bb8-2f724208e999:192.168.157.251:33259, de8c9e34-1a4b-4ad8-952a-c65e9c1604e8:192.168.157.251:40594] returns group-9D6F8169C5E6:java.util.concurrent.CompletableFuture@39b8d94a[Not completed]
2019-10-17 18:50:43,463 [grpc-default-executor-0] INFO  impl.RaftServerProxy (RaftServerProxy.java:addNew(89)) - 8f4f8799-ef18-41e5-9bb8-2f724208e999: addNew group-9D6F8169C5E6:[0fe4833c-4439-4309-b94b-508419b07a37:192.168.157.251:39398, 8f4f8799-ef18-41e5-9bb8-2f724208e999:192.168.157.251:33259, de8c9e34-1a4b-4ad8-952a-c65e9c1604e8:192.168.157.251:40594] returns group-9D6F8169C5E6:java.util.concurrent.CompletableFuture@1f8e2e0f[Not completed]
2019-10-17 18:50:43,466 [pool-67-thread-1] INFO  impl.RaftServerImpl (RaftServerImpl.java:<init>(104)) - de8c9e34-1a4b-4ad8-952a-c65e9c1604e8: new RaftServerImpl for group-9D6F8169C5E6:[0fe4833c-4439-4309-b94b-508419b07a37:192.168.157.251:39398, 8f4f8799-ef18-41e5-9bb8-2f724208e999:192.168.157.251:33259, de8c9e34-1a4b-4ad8-952a-c65e9c1604e8:192.168.157.251:40594] with ContainerStateMachine:uninitialized
2019-10-17 18:50:43,466 [pool-67-thread-1] INFO  server.RaftServerConfigKeys (ConfUtils.java:logGet(43)) - raft.server.rpc.timeout.min = 1s (custom)
2019-10-17 18:50:43,466 [pool-67-thread-1] INFO  server.RaftServerConfigKeys (ConfUtils.java:logGet(43)) - raft.server.rpc.timeout.max = 1200ms (custom)
2019-10-17 18:50:43,470 [pool-67-thread-1] INFO  server.RaftServerConfigKeys (ConfUtils.java:logGet(43)) - raft.server.rpcslowness.timeout = 120s (custom)
2019-10-17 18:50:43,472 [pool-67-thread-1] INFO  server.RaftServerConfigKeys (ConfUtils.java:logGet(43)) - raft.server.sleep.deviation.threshold = 300 (default)
2019-10-17 18:50:43,472 [pool-67-thread-1] INFO  server.RaftServerConfigKeys (ConfUtils.java:logGet(43)) - raft.server.log.appender.install.snapshot.enabled = false (custom)
2019-10-17 18:50:43,472 [pool-67-thread-1] INFO  impl.RaftServerImpl (ServerState.java:<init>(103)) - de8c9e34-1a4b-4ad8-952a-c65e9c1604e8@group-9D6F8169C5E6: ConfigurationManager, init=-1: [0fe4833c-4439-4309-b94b-508419b07a37:192.168.157.251:39398, 8f4f8799-ef18-41e5-9bb8-2f724208e999:192.168.157.251:33259, de8c9e34-1a4b-4ad8-952a-c65e9c1604e8:192.168.157.251:40594], old=null, confs=<EMPTY_MAP>
2019-10-17 18:50:43,472 [pool-97-thread-1] INFO  impl.RaftServerImpl (RaftServerImpl.java:<init>(104)) - 8f4f8799-ef18-41e5-9bb8-2f724208e999: new RaftServerImpl for group-9D6F8169C5E6:[0fe4833c-4439-4309-b94b-508419b07a37:192.168.157.251:39398, 8f4f8799-ef18-41e5-9bb8-2f724208e999:192.168.157.251:33259, de8c9e34-1a4b-4ad8-952a-c65e9c1604e8:192.168.157.251:40594] with ContainerStateMachine:uninitialized
2019-10-17 18:50:43,472 [pool-67-thread-1] INFO  server.RaftServerConfigKeys (ConfUtils.java:logGet(43)) - raft.server.storage.dir = [/workdir/hadoop-ozone/integration-test/target/test-dir/MiniOzoneClusterImpl-1add80d3-0bcb-487c-a891-e654dcc55690/datanode-4/data/ratis] (custom)
2019-10-17 18:50:43,472 [pool-97-thread-1] INFO  server.RaftServerConfigKeys (ConfUtils.java:logGet(43)) - raft.server.rpc.timeout.min = 1s (custom)
2019-10-17 18:50:43,473 [pool-97-thread-1] INFO  server.RaftServerConfigKeys (ConfUtils.java:logGet(43)) - raft.server.rpc.timeout.max = 1200ms (custom)
2019-10-17 18:50:43,473 [pool-67-thread-1] INFO  server.RaftServerConfigKeys (ConfUtils.java:logGet(43)) - raft.server.log.corruption.policy = EXCEPTION (default)
2019-10-17 18:50:43,473 [pool-87-thread-1] INFO  impl.RaftServerImpl (RaftServerImpl.java:<init>(104)) - 0fe4833c-4439-4309-b94b-508419b07a37: new RaftServerImpl for group-9D6F8169C5E6:[0fe4833c-4439-4309-b94b-508419b07a37:192.168.157.251:39398, 8f4f8799-ef18-41e5-9bb8-2f724208e999:192.168.157.251:33259, de8c9e34-1a4b-4ad8-952a-c65e9c1604e8:192.168.157.251:40594] with ContainerStateMachine:uninitialized
2019-10-17 18:50:43,473 [pool-97-thread-1] INFO  server.RaftServerConfigKeys (ConfUtils.java:logGet(43)) - raft.server.rpcslowness.timeout = 120s (custom)
2019-10-17 18:50:43,473 [pool-67-thread-1] INFO  storage.RaftStorageDirectory (RaftStorageDirectory.java:analyzeStorage(246)) - The storage directory /workdir/hadoop-ozone/integration-test/target/test-dir/MiniOzoneClusterImpl-1add80d3-0bcb-487c-a891-e654dcc55690/datanode-4/data/ratis/975d0cea-1227-4002-9576-9d6f8169c5e6 does not exist. Creating ...
2019-10-17 18:50:43,473 [pool-87-thread-1] INFO  server.RaftServerConfigKeys (ConfUtils.java:logGet(43)) - raft.server.rpc.timeout.min = 1s (custom)
2019-10-17 18:50:43,473 [pool-97-thread-1] INFO  server.RaftServerConfigKeys (ConfUtils.java:logGet(43)) - raft.server.sleep.deviation.threshold = 300 (default)
2019-10-17 18:50:43,474 [pool-87-thread-1] INFO  server.RaftServerConfigKeys (ConfUtils.java:logGet(43)) - raft.server.rpc.timeout.max = 1200ms (custom)
2019-10-17 18:50:43,474 [pool-97-thread-1] INFO  server.RaftServerConfigKeys (ConfUtils.java:logGet(43)) - raft.server.log.appender.install.snapshot.enabled = false (custom)
2019-10-17 18:50:43,474 [pool-87-thread-1] INFO  server.RaftServerConfigKeys (ConfUtils.java:logGet(43)) - raft.server.rpcslowness.timeout = 120s (custom)
2019-10-17 18:50:43,474 [pool-97-thread-1] INFO  impl.RaftServerImpl (ServerState.java:<init>(103)) - 8f4f8799-ef18-41e5-9bb8-2f724208e999@group-9D6F8169C5E6: ConfigurationManager, init=-1: [0fe4833c-4439-4309-b94b-508419b07a37:192.168.157.251:39398, 8f4f8799-ef18-41e5-9bb8-2f724208e999:192.168.157.251:33259, de8c9e34-1a4b-4ad8-952a-c65e9c1604e8:192.168.157.251:40594], old=null, confs=<EMPTY_MAP>
2019-10-17 18:50:43,474 [pool-87-thread-1] INFO  server.RaftServerConfigKeys (ConfUtils.java:logGet(43)) - raft.server.sleep.deviation.threshold = 300 (default)
2019-10-17 18:50:43,474 [pool-97-thread-1] INFO  server.RaftServerConfigKeys (ConfUtils.java:logGet(43)) - raft.server.storage.dir = [/workdir/hadoop-ozone/integration-test/target/test-dir/MiniOzoneClusterImpl-1add80d3-0bcb-487c-a891-e654dcc55690/datanode-7/data/ratis] (custom)
2019-10-17 18:50:43,474 [pool-87-thread-1] INFO  server.RaftServerConfigKeys (ConfUtils.java:logGet(43)) - raft.server.log.appender.install.snapshot.enabled = false (custom)
2019-10-17 18:50:43,475 [pool-87-thread-1] INFO  impl.RaftServerImpl (ServerState.java:<init>(103)) - 0fe4833c-4439-4309-b94b-508419b07a37@group-9D6F8169C5E6: ConfigurationManager, init=-1: [0fe4833c-4439-4309-b94b-508419b07a37:192.168.157.251:39398, 8f4f8799-ef18-41e5-9bb8-2f724208e999:192.168.157.251:33259, de8c9e34-1a4b-4ad8-952a-c65e9c1604e8:192.168.157.251:40594], old=null, confs=<EMPTY_MAP>
2019-10-17 18:50:43,475 [pool-97-thread-1] INFO  server.RaftServerConfigKeys (ConfUtils.java:logGet(43)) - raft.server.log.corruption.policy = EXCEPTION (default)
2019-10-17 18:50:43,475 [pool-87-thread-1] INFO  server.RaftServerConfigKeys (ConfUtils.java:logGet(43)) - raft.server.storage.dir = [/workdir/hadoop-ozone/integration-test/target/test-dir/MiniOzoneClusterImpl-1add80d3-0bcb-487c-a891-e654dcc55690/datanode-6/data/ratis] (custom)
2019-10-17 18:50:43,475 [pool-97-thread-1] INFO  storage.RaftStorageDirectory (RaftStorageDirectory.java:analyzeStorage(246)) - The storage directory /workdir/hadoop-ozone/integration-test/target/test-dir/MiniOzoneClusterImpl-1add80d3-0bcb-487c-a891-e654dcc55690/datanode-7/data/ratis/975d0cea-1227-4002-9576-9d6f8169c5e6 does not exist. Creating ...
2019-10-17 18:50:43,475 [pool-87-thread-1] INFO  server.RaftServerConfigKeys (ConfUtils.java:logGet(43)) - raft.server.log.corruption.policy = EXCEPTION (default)
2019-10-17 18:50:43,475 [pool-87-thread-1] INFO  storage.RaftStorageDirectory (RaftStorageDirectory.java:analyzeStorage(246)) - The storage directory /workdir/hadoop-ozone/integration-test/target/test-dir/MiniOzoneClusterImpl-1add80d3-0bcb-487c-a891-e654dcc55690/datanode-6/data/ratis/975d0cea-1227-4002-9576-9d6f8169c5e6 does not exist. Creating ...
2019-10-17 18:50:43,487 [pool-97-thread-1] INFO  storage.RaftStorageDirectory (RaftStorageDirectory.java:tryLock(328)) - Lock on /workdir/hadoop-ozone/integration-test/target/test-dir/MiniOzoneClusterImpl-1add80d3-0bcb-487c-a891-e654dcc55690/datanode-7/data/ratis/975d0cea-1227-4002-9576-9d6f8169c5e6/in_use.lock acquired by nodename 4964@pr-hdds-2318-qqrts-113280968
2019-10-17 18:50:43,487 [pool-87-thread-1] INFO  storage.RaftStorageDirectory (RaftStorageDirectory.java:tryLock(328)) - Lock on /workdir/hadoop-ozone/integration-test/target/test-dir/MiniOzoneClusterImpl-1add80d3-0bcb-487c-a891-e654dcc55690/datanode-6/data/ratis/975d0cea-1227-4002-9576-9d6f8169c5e6/in_use.lock acquired by nodename 4964@pr-hdds-2318-qqrts-113280968
2019-10-17 18:50:43,487 [pool-67-thread-1] INFO  storage.RaftStorageDirectory (RaftStorageDirectory.java:tryLock(328)) - Lock on /workdir/hadoop-ozone/integration-test/target/test-dir/MiniOzoneClusterImpl-1add80d3-0bcb-487c-a891-e654dcc55690/datanode-4/data/ratis/975d0cea-1227-4002-9576-9d6f8169c5e6/in_use.lock acquired by nodename 4964@pr-hdds-2318-qqrts-113280968
2019-10-17 18:50:43,501 [Thread-330] INFO  impl.FollowerState (FollowerState.java:run(108)) - 4fb2da21-ef5d-4d39-be53-a0300b1d3f26@group-EDE844A50E5A-FollowerState: change to CANDIDATE, lastRpcTime:96ms, electionTimeout:96ms
2019-10-17 18:50:43,501 [Thread-330] INFO  impl.RoleInfo (RoleInfo.java:shutdownFollowerState(121)) - 4fb2da21-ef5d-4d39-be53-a0300b1d3f26: shutdown FollowerState
2019-10-17 18:50:43,501 [Thread-330] INFO  impl.RaftServerImpl (RaftServerImpl.java:setRole(184)) - 4fb2da21-ef5d-4d39-be53-a0300b1d3f26@group-EDE844A50E5A: changes role from  FOLLOWER to CANDIDATE at term 0 for changeToCandidate
2019-10-17 18:50:43,501 [Thread-330] INFO  impl.RoleInfo (RoleInfo.java:updateAndGet(143)) - 4fb2da21-ef5d-4d39-be53-a0300b1d3f26: start LeaderElection
2019-10-17 18:50:43,501 [pool-67-thread-1] INFO  storage.RaftStorage (RaftStorage.java:format(84)) - Storage directory /workdir/hadoop-ozone/integration-test/target/test-dir/MiniOzoneClusterImpl-1add80d3-0bcb-487c-a891-e654dcc55690/datanode-4/data/ratis/975d0cea-1227-4002-9576-9d6f8169c5e6 has been successfully formatted.
2019-10-17 18:50:43,502 [pool-97-thread-1] INFO  storage.RaftStorage (RaftStorage.java:format(84)) - Storage directory /workdir/hadoop-ozone/integration-test/target/test-dir/MiniOzoneClusterImpl-1add80d3-0bcb-487c-a891-e654dcc55690/datanode-7/data/ratis/975d0cea-1227-4002-9576-9d6f8169c5e6 has been successfully formatted.
2019-10-17 18:50:43,502 [pool-87-thread-1] INFO  storage.RaftStorage (RaftStorage.java:format(84)) - Storage directory /workdir/hadoop-ozone/integration-test/target/test-dir/MiniOzoneClusterImpl-1add80d3-0bcb-487c-a891-e654dcc55690/datanode-6/data/ratis/975d0cea-1227-4002-9576-9d6f8169c5e6 has been successfully formatted.
2019-10-17 18:50:43,505 [pool-97-thread-1] INFO  ratis.ContainerStateMachine (ContainerStateMachine.java:loadSnapshot(231)) - group-9D6F8169C5E6: The snapshot info is null. Setting the last applied indexto:(t:0, i:~)
2019-10-17 18:50:43,502 [pool-67-thread-1] INFO  ratis.ContainerStateMachine (ContainerStateMachine.java:loadSnapshot(231)) - group-9D6F8169C5E6: The snapshot info is null. Setting the last applied indexto:(t:0, i:~)
2019-10-17 18:50:43,506 [pool-97-thread-1] INFO  server.RaftServerConfigKeys (ConfUtils.java:logGet(43)) - raft.server.notification.no-leader.timeout = 120s (custom)
2019-10-17 18:50:43,506 [pool-67-thread-1] INFO  server.RaftServerConfigKeys (ConfUtils.java:logGet(43)) - raft.server.notification.no-leader.timeout = 120s (custom)
2019-10-17 18:50:43,506 [pool-87-thread-1] INFO  ratis.ContainerStateMachine (ContainerStateMachine.java:loadSnapshot(231)) - group-9D6F8169C5E6: The snapshot info is null. Setting the last applied indexto:(t:0, i:~)
2019-10-17 18:50:43,506 [pool-67-thread-1] INFO  server.RaftServerConfigKeys (ConfUtils.java:logGet(43)) - raft.server.log.use.memory = false (default)
2019-10-17 18:50:43,506 [pool-87-thread-1] INFO  server.RaftServerConfigKeys (ConfUtils.java:logGet(43)) - raft.server.notification.no-leader.timeout = 120s (custom)
2019-10-17 18:50:43,506 [pool-97-thread-1] INFO  server.RaftServerConfigKeys (ConfUtils.java:logGet(43)) - raft.server.log.use.memory = false (default)
2019-10-17 18:50:43,506 [pool-87-thread-1] INFO  server.RaftServerConfigKeys (ConfUtils.java:logGet(43)) - raft.server.log.use.memory = false (default)
2019-10-17 18:50:43,506 [pool-67-thread-1] INFO  server.RaftServerConfigKeys (ConfUtils.java:logGet(43)) - raft.server.log.purge.gap = 1000000 (custom)
2019-10-17 18:50:43,507 [pool-87-thread-1] INFO  server.RaftServerConfigKeys (ConfUtils.java:logGet(43)) - raft.server.log.purge.gap = 1000000 (custom)
2019-10-17 18:50:43,506 [pool-97-thread-1] INFO  server.RaftServerConfigKeys (ConfUtils.java:logGet(43)) - raft.server.log.purge.gap = 1000000 (custom)
2019-10-17 18:50:43,507 [pool-87-thread-1] INFO  server.RaftServerConfigKeys (ConfUtils.java:logGet(43)) - raft.server.log.appender.buffer.byte-limit = 33554432 (custom)
2019-10-17 18:50:43,507 [pool-67-thread-1] INFO  server.RaftServerConfigKeys (ConfUtils.java:logGet(43)) - raft.server.log.appender.buffer.byte-limit = 33554432 (custom)
2019-10-17 18:50:43,507 [pool-87-thread-1] INFO  server.RaftServerConfigKeys (ConfUtils.java:logGet(43)) - raft.server.log.segment.size.max = 1048576 (custom)
2019-10-17 18:50:43,507 [pool-97-thread-1] INFO  server.RaftServerConfigKeys (ConfUtils.java:logGet(43)) - raft.server.log.appender.buffer.byte-limit = 33554432 (custom)
2019-10-17 18:50:43,507 [pool-87-thread-1] INFO  server.RaftServerConfigKeys (ConfUtils.java:logGet(43)) - raft.server.log.segment.cache.num.max = 2 (custom)
2019-10-17 18:50:43,507 [pool-67-thread-1] INFO  server.RaftServerConfigKeys (ConfUtils.java:logGet(43)) - raft.server.log.segment.size.max = 1048576 (custom)
2019-10-17 18:50:43,508 [pool-87-thread-1] INFO  segmented.SegmentedRaftLogWorker (SegmentedRaftLogWorker.java:<init>(173)) - new 0fe4833c-4439-4309-b94b-508419b07a37@group-9D6F8169C5E6-SegmentedRaftLogWorker for RaftStorage:Storage Directory /workdir/hadoop-ozone/integration-test/target/test-dir/MiniOzoneClusterImpl-1add80d3-0bcb-487c-a891-e654dcc55690/datanode-6/data/ratis/975d0cea-1227-4002-9576-9d6f8169c5e6
2019-10-17 18:50:43,508 [pool-97-thread-1] INFO  server.RaftServerConfigKeys (ConfUtils.java:logGet(43)) - raft.server.log.segment.size.max = 1048576 (custom)
2019-10-17 18:50:43,508 [pool-87-thread-1] INFO  server.RaftServerConfigKeys (ConfUtils.java:logGet(43)) - raft.server.log.queue.byte-limit = 2147483647 (custom)
2019-10-17 18:50:43,508 [pool-67-thread-1] INFO  server.RaftServerConfigKeys (ConfUtils.java:logGet(43)) - raft.server.log.segment.cache.num.max = 2 (custom)
2019-10-17 18:50:43,508 [pool-87-thread-1] INFO  server.RaftServerConfigKeys (ConfUtils.java:logGet(43)) - raft.server.log.queue.element-limit = 1024 (custom)
2019-10-17 18:50:43,508 [pool-97-thread-1] INFO  server.RaftServerConfigKeys (ConfUtils.java:logGet(43)) - raft.server.log.segment.cache.num.max = 2 (custom)
2019-10-17 18:50:43,508 [pool-87-thread-1] INFO  server.RaftServerConfigKeys (ConfUtils.java:logGet(43)) - raft.server.log.segment.size.max = 1048576 (custom)
2019-10-17 18:50:43,508 [pool-67-thread-1] INFO  segmented.SegmentedRaftLogWorker (SegmentedRaftLogWorker.java:<init>(173)) - new de8c9e34-1a4b-4ad8-952a-c65e9c1604e8@group-9D6F8169C5E6-SegmentedRaftLogWorker for RaftStorage:Storage Directory /workdir/hadoop-ozone/integration-test/target/test-dir/MiniOzoneClusterImpl-1add80d3-0bcb-487c-a891-e654dcc55690/datanode-4/data/ratis/975d0cea-1227-4002-9576-9d6f8169c5e6
2019-10-17 18:50:43,509 [pool-87-thread-1] INFO  server.RaftServerConfigKeys (ConfUtils.java:logGet(43)) - raft.server.log.preallocated.size = 16384 (custom)
2019-10-17 18:50:43,508 [pool-97-thread-1] INFO  segmented.SegmentedRaftLogWorker (SegmentedRaftLogWorker.java:<init>(173)) - new 8f4f8799-ef18-41e5-9bb8-2f724208e999@group-9D6F8169C5E6-SegmentedRaftLogWorker for RaftStorage:Storage Directory /workdir/hadoop-ozone/integration-test/target/test-dir/MiniOzoneClusterImpl-1add80d3-0bcb-487c-a891-e654dcc55690/datanode-7/data/ratis/975d0cea-1227-4002-9576-9d6f8169c5e6
2019-10-17 18:50:43,509 [pool-87-thread-1] INFO  server.RaftServerConfigKeys (ConfUtils.java:logGet(43)) - raft.server.log.write.buffer.size = 33554432 (custom)
2019-10-17 18:50:43,509 [pool-67-thread-1] INFO  server.RaftServerConfigKeys (ConfUtils.java:logGet(43)) - raft.server.log.queue.byte-limit = 2147483647 (custom)
2019-10-17 18:50:43,509 [pool-87-thread-1] INFO  server.RaftServerConfigKeys (ConfUtils.java:logGet(43)) - raft.server.log.force.sync.num = 128 (default)
2019-10-17 18:50:43,509 [pool-97-thread-1] INFO  server.RaftServerConfigKeys (ConfUtils.java:logGet(43)) - raft.server.log.queue.byte-limit = 2147483647 (custom)
2019-10-17 18:50:43,509 [pool-87-thread-1] INFO  server.RaftServerConfigKeys (ConfUtils.java:logGet(43)) - raft.server.log.statemachine.data.sync = true (default)
2019-10-17 18:50:43,509 [pool-67-thread-1] INFO  server.RaftServerConfigKeys (ConfUtils.java:logGet(43)) - raft.server.log.queue.element-limit = 1024 (custom)
2019-10-17 18:50:43,510 [pool-87-thread-1] INFO  server.RaftServerConfigKeys (ConfUtils.java:logGet(43)) - raft.server.log.statemachine.data.sync.timeout = 10s (default)
2019-10-17 18:50:43,509 [pool-97-thread-1] INFO  server.RaftServerConfigKeys (ConfUtils.java:logGet(43)) - raft.server.log.queue.element-limit = 1024 (custom)
2019-10-17 18:50:43,510 [pool-87-thread-1] INFO  server.RaftServerConfigKeys (ConfUtils.java:logGet(43)) - raft.server.log.statemachine.data.sync.timeout.retry = -1 (default)
2019-10-17 18:50:43,510 [pool-67-thread-1] INFO  server.RaftServerConfigKeys (ConfUtils.java:logGet(43)) - raft.server.log.segment.size.max = 1048576 (custom)
2019-10-17 18:50:43,510 [pool-97-thread-1] INFO  server.RaftServerConfigKeys (ConfUtils.java:logGet(43)) - raft.server.log.segment.size.max = 1048576 (custom)
2019-10-17 18:50:43,510 [pool-87-thread-1] INFO  server.RaftServerConfigKeys (ConfUtils.java:logGet(43)) - raft.server.log.statemachine.data.caching.enabled = true (custom)
2019-10-17 18:50:43,510 [pool-67-thread-1] INFO  server.RaftServerConfigKeys (ConfUtils.java:logGet(43)) - raft.server.log.preallocated.size = 16384 (custom)
2019-10-17 18:50:43,510 [pool-97-thread-1] INFO  server.RaftServerConfigKeys (ConfUtils.java:logGet(43)) - raft.server.log.preallocated.size = 16384 (custom)
2019-10-17 18:50:43,511 [pool-67-thread-1] INFO  server.RaftServerConfigKeys (ConfUtils.java:logGet(43)) - raft.server.log.write.buffer.size = 33554432 (custom)
2019-10-17 18:50:43,511 [pool-97-thread-1] INFO  server.RaftServerConfigKeys (ConfUtils.java:logGet(43)) - raft.server.log.write.buffer.size = 33554432 (custom)
2019-10-17 18:50:43,511 [pool-67-thread-1] INFO  server.RaftServerConfigKeys (ConfUtils.java:logGet(43)) - raft.server.log.force.sync.num = 128 (default)
2019-10-17 18:50:43,511 [pool-87-thread-1] INFO  segmented.SegmentedRaftLogWorker (SegmentedRaftLogWorker.java:lambda$new$0(128)) - 0fe4833c-4439-4309-b94b-508419b07a37@group-9D6F8169C5E6-SegmentedRaftLogWorker: flushIndex: setUnconditionally 0 -> -1
2019-10-17 18:50:43,511 [pool-67-thread-1] INFO  server.RaftServerConfigKeys (ConfUtils.java:logGet(43)) - raft.server.log.statemachine.data.sync = true (default)
2019-10-17 18:50:43,511 [pool-97-thread-1] INFO  server.RaftServerConfigKeys (ConfUtils.java:logGet(43)) - raft.server.log.force.sync.num = 128 (default)
2019-10-17 18:50:43,511 [pool-87-thread-1] INFO  server.RaftServerConfigKeys (ConfUtils.java:logGet(43)) - raft.server.snapshot.auto.trigger.enabled = true (custom)
2019-10-17 18:50:43,511 [pool-67-thread-1] INFO  server.RaftServerConfigKeys (ConfUtils.java:logGet(43)) - raft.server.log.statemachine.data.sync.timeout = 10s (default)
2019-10-17 18:50:43,511 [pool-87-thread-1] INFO  server.RaftServerConfigKeys (ConfUtils.java:logGet(43)) - raft.server.snapshot.auto.trigger.threshold = 10000 (custom)
2019-10-17 18:50:43,511 [pool-97-thread-1] INFO  server.RaftServerConfigKeys (ConfUtils.java:logGet(43)) - raft.server.log.statemachine.data.sync = true (default)
2019-10-17 18:50:43,512 [pool-87-thread-1] INFO  server.RaftServerConfigKeys (ConfUtils.java:logGet(43)) - raft.server.snapshot.retention.file.num = 5 (custom)
2019-10-17 18:50:43,512 [pool-67-thread-1] INFO  server.RaftServerConfigKeys (ConfUtils.java:logGet(43)) - raft.server.log.statemachine.data.sync.timeout.retry = -1 (default)
2019-10-17 18:50:43,512 [pool-97-thread-1] INFO  server.RaftServerConfigKeys (ConfUtils.java:logGet(43)) - raft.server.log.statemachine.data.sync.timeout = 10s (default)
2019-10-17 18:50:43,512 [pool-87-thread-1] INFO  server.RaftServerConfigKeys (ConfUtils.java:logGet(43)) - raft.server.retrycache.expirytime = 600000ms (custom)
2019-10-17 18:50:43,512 [pool-97-thread-1] INFO  server.RaftServerConfigKeys (ConfUtils.java:logGet(43)) - raft.server.log.statemachine.data.sync.timeout.retry = -1 (default)
2019-10-17 18:50:43,512 [pool-67-thread-1] INFO  server.RaftServerConfigKeys (ConfUtils.java:logGet(43)) - raft.server.log.statemachine.data.caching.enabled = true (custom)
2019-10-17 18:50:43,512 [pool-97-thread-1] INFO  server.RaftServerConfigKeys (ConfUtils.java:logGet(43)) - raft.server.log.statemachine.data.caching.enabled = true (custom)
2019-10-17 18:50:43,513 [pool-67-thread-1] INFO  segmented.SegmentedRaftLogWorker (SegmentedRaftLogWorker.java:lambda$new$0(128)) - de8c9e34-1a4b-4ad8-952a-c65e9c1604e8@group-9D6F8169C5E6-SegmentedRaftLogWorker: flushIndex: setUnconditionally 0 -> -1
2019-10-17 18:50:43,513 [pool-97-thread-1] INFO  segmented.SegmentedRaftLogWorker (SegmentedRaftLogWorker.java:lambda$new$0(128)) - 8f4f8799-ef18-41e5-9bb8-2f724208e999@group-9D6F8169C5E6-SegmentedRaftLogWorker: flushIndex: setUnconditionally 0 -> -1
2019-10-17 18:50:43,513 [pool-67-thread-1] INFO  server.RaftServerConfigKeys (ConfUtils.java:logGet(43)) - raft.server.snapshot.auto.trigger.enabled = true (custom)
2019-10-17 18:50:43,513 [pool-67-thread-1] INFO  server.RaftServerConfigKeys (ConfUtils.java:logGet(43)) - raft.server.snapshot.auto.trigger.threshold = 10000 (custom)
2019-10-17 18:50:43,513 [pool-97-thread-1] INFO  server.RaftServerConfigKeys (ConfUtils.java:logGet(43)) - raft.server.snapshot.auto.trigger.enabled = true (custom)
2019-10-17 18:50:43,513 [pool-67-thread-1] INFO  server.RaftServerConfigKeys (ConfUtils.java:logGet(43)) - raft.server.snapshot.retention.file.num = 5 (custom)
2019-10-17 18:50:43,513 [pool-97-thread-1] INFO  server.RaftServerConfigKeys (ConfUtils.java:logGet(43)) - raft.server.snapshot.auto.trigger.threshold = 10000 (custom)
2019-10-17 18:50:43,513 [pool-67-thread-1] INFO  server.RaftServerConfigKeys (ConfUtils.java:logGet(43)) - raft.server.retrycache.expirytime = 600000ms (custom)
2019-10-17 18:50:43,513 [pool-97-thread-1] INFO  server.RaftServerConfigKeys (ConfUtils.java:logGet(43)) - raft.server.snapshot.retention.file.num = 5 (custom)
2019-10-17 18:50:43,514 [pool-97-thread-1] INFO  server.RaftServerConfigKeys (ConfUtils.java:logGet(43)) - raft.server.retrycache.expirytime = 600000ms (custom)
2019-10-17 18:50:43,516 [pool-87-thread-1] INFO  impl.RaftServerImpl (RaftServerImpl.java:start(195)) - 0fe4833c-4439-4309-b94b-508419b07a37@group-9D6F8169C5E6: start as a follower, conf=-1: [0fe4833c-4439-4309-b94b-508419b07a37:192.168.157.251:39398, 8f4f8799-ef18-41e5-9bb8-2f724208e999:192.168.157.251:33259, de8c9e34-1a4b-4ad8-952a-c65e9c1604e8:192.168.157.251:40594], old=null
2019-10-17 18:50:43,516 [pool-87-thread-1] INFO  impl.RaftServerImpl (RaftServerImpl.java:setRole(184)) - 0fe4833c-4439-4309-b94b-508419b07a37@group-9D6F8169C5E6: changes role from      null to FOLLOWER at term 0 for startAsFollower
2019-10-17 18:50:43,516 [pool-87-thread-1] INFO  impl.RoleInfo (RoleInfo.java:updateAndGet(143)) - 0fe4833c-4439-4309-b94b-508419b07a37: start FollowerState
2019-10-17 18:50:43,517 [pool-87-thread-1] INFO  util.JmxRegister (JmxRegister.java:tryRegister(44)) - Successfully registered JMX Bean with object name Ratis:service=RaftServer,group=group-9D6F8169C5E6,id=0fe4833c-4439-4309-b94b-508419b07a37
2019-10-17 18:50:43,517 [pool-67-thread-1] INFO  impl.RaftServerImpl (RaftServerImpl.java:start(195)) - de8c9e34-1a4b-4ad8-952a-c65e9c1604e8@group-9D6F8169C5E6: start as a follower, conf=-1: [0fe4833c-4439-4309-b94b-508419b07a37:192.168.157.251:39398, 8f4f8799-ef18-41e5-9bb8-2f724208e999:192.168.157.251:33259, de8c9e34-1a4b-4ad8-952a-c65e9c1604e8:192.168.157.251:40594], old=null
2019-10-17 18:50:43,517 [pool-67-thread-1] INFO  impl.RaftServerImpl (RaftServerImpl.java:setRole(184)) - de8c9e34-1a4b-4ad8-952a-c65e9c1604e8@group-9D6F8169C5E6: changes role from      null to FOLLOWER at term 0 for startAsFollower
2019-10-17 18:50:43,517 [pool-97-thread-1] INFO  impl.RaftServerImpl (RaftServerImpl.java:start(195)) - 8f4f8799-ef18-41e5-9bb8-2f724208e999@group-9D6F8169C5E6: start as a follower, conf=-1: [0fe4833c-4439-4309-b94b-508419b07a37:192.168.157.251:39398, 8f4f8799-ef18-41e5-9bb8-2f724208e999:192.168.157.251:33259, de8c9e34-1a4b-4ad8-952a-c65e9c1604e8:192.168.157.251:40594], old=null
2019-10-17 18:50:43,517 [pool-67-thread-1] INFO  impl.RoleInfo (RoleInfo.java:updateAndGet(143)) - de8c9e34-1a4b-4ad8-952a-c65e9c1604e8: start FollowerState
2019-10-17 18:50:43,518 [pool-97-thread-1] INFO  impl.RaftServerImpl (RaftServerImpl.java:setRole(184)) - 8f4f8799-ef18-41e5-9bb8-2f724208e999@group-9D6F8169C5E6: changes role from      null to FOLLOWER at term 0 for startAsFollower
2019-10-17 18:50:43,518 [pool-97-thread-1] INFO  impl.RoleInfo (RoleInfo.java:updateAndGet(143)) - 8f4f8799-ef18-41e5-9bb8-2f724208e999: start FollowerState
2019-10-17 18:50:43,518 [pool-67-thread-1] INFO  util.JmxRegister (JmxRegister.java:tryRegister(44)) - Successfully registered JMX Bean with object name Ratis:service=RaftServer,group=group-9D6F8169C5E6,id=de8c9e34-1a4b-4ad8-952a-c65e9c1604e8
2019-10-17 18:50:43,518 [pool-97-thread-1] INFO  util.JmxRegister (JmxRegister.java:tryRegister(44)) - Successfully registered JMX Bean with object name Ratis:service=RaftServer,group=group-9D6F8169C5E6,id=8f4f8799-ef18-41e5-9bb8-2f724208e999
2019-10-17 18:50:43,519 [4fb2da21-ef5d-4d39-be53-a0300b1d3f26@group-EDE844A50E5A-LeaderElection10] INFO  impl.LeaderElection (LeaderElection.java:askForVotes(178)) - 4fb2da21-ef5d-4d39-be53-a0300b1d3f26@group-EDE844A50E5A-LeaderElection10: begin an election at term 1 for -1: [4fb2da21-ef5d-4d39-be53-a0300b1d3f26:192.168.157.251:34971], old=null
2019-10-17 18:50:43,519 [4fb2da21-ef5d-4d39-be53-a0300b1d3f26@group-EDE844A50E5A-LeaderElection10] INFO  impl.RoleInfo (RoleInfo.java:shutdownLeaderElection(134)) - 4fb2da21-ef5d-4d39-be53-a0300b1d3f26: shutdown LeaderElection
2019-10-17 18:50:43,519 [4fb2da21-ef5d-4d39-be53-a0300b1d3f26@group-EDE844A50E5A-LeaderElection10] INFO  impl.RaftServerImpl (RaftServerImpl.java:setRole(184)) - 4fb2da21-ef5d-4d39-be53-a0300b1d3f26@group-EDE844A50E5A: changes role from CANDIDATE to LEADER at term 1 for changeToLeader
2019-10-17 18:50:43,519 [4fb2da21-ef5d-4d39-be53-a0300b1d3f26@group-EDE844A50E5A-LeaderElection10] INFO  impl.RaftServerImpl (ServerState.java:setLeader(256)) - 4fb2da21-ef5d-4d39-be53-a0300b1d3f26@group-EDE844A50E5A: change Leader from null to 4fb2da21-ef5d-4d39-be53-a0300b1d3f26 at term 1 for becomeLeader, leader elected after 132ms
2019-10-17 18:50:43,519 [4fb2da21-ef5d-4d39-be53-a0300b1d3f26@group-EDE844A50E5A-LeaderElection10] INFO  server.RaftServerConfigKeys (ConfUtils.java:logGet(43)) - raft.server.staging.catchup.gap = 1000 (default)
2019-10-17 18:50:43,520 [4fb2da21-ef5d-4d39-be53-a0300b1d3f26@group-EDE844A50E5A-LeaderElection10] INFO  server.RaftServerConfigKeys (ConfUtils.java:logGet(43)) - raft.server.rpc.sleep.time = 25ms (default)
2019-10-17 18:50:43,520 [4fb2da21-ef5d-4d39-be53-a0300b1d3f26@group-EDE844A50E5A-LeaderElection10] INFO  server.RaftServerConfigKeys (ConfUtils.java:logGet(43)) - raft.server.write.element-limit = 4096 (default)
2019-10-17 18:50:43,520 [4fb2da21-ef5d-4d39-be53-a0300b1d3f26@group-EDE844A50E5A-LeaderElection10] INFO  server.RaftServerConfigKeys (ConfUtils.java:logGet(43)) - raft.server.watch.timeout = 10s (default)
2019-10-17 18:50:43,520 [4fb2da21-ef5d-4d39-be53-a0300b1d3f26@group-EDE844A50E5A-LeaderElection10] INFO  server.RaftServerConfigKeys (ConfUtils.java:logGet(43)) - raft.server.watch.timeout.denomination = 1s (default)
2019-10-17 18:50:43,521 [4fb2da21-ef5d-4d39-be53-a0300b1d3f26@group-EDE844A50E5A-LeaderElection10] INFO  server.RaftServerConfigKeys (ConfUtils.java:logGet(43)) - raft.server.watch.element-limit = 65536 (default)
2019-10-17 18:50:43,532 [4fb2da21-ef5d-4d39-be53-a0300b1d3f26@group-EDE844A50E5A-LeaderElection10] INFO  impl.RoleInfo (RoleInfo.java:updateAndGet(143)) - 4fb2da21-ef5d-4d39-be53-a0300b1d3f26: start LeaderState
2019-10-17 18:50:43,534 [4fb2da21-ef5d-4d39-be53-a0300b1d3f26@group-EDE844A50E5A-LeaderElection10] INFO  segmented.SegmentedRaftLogWorker (SegmentedRaftLogWorker.java:startLogSegment(385)) - 4fb2da21-ef5d-4d39-be53-a0300b1d3f26@group-EDE844A50E5A-SegmentedRaftLogWorker: Starting segment from index:0
2019-10-17 18:50:43,544 [4fb2da21-ef5d-4d39-be53-a0300b1d3f26@group-EDE844A50E5A-LeaderElection10] INFO  impl.RaftServerImpl (ServerState.java:setRaftConf(357)) - 4fb2da21-ef5d-4d39-be53-a0300b1d3f26@group-EDE844A50E5A: set configuration 0: [4fb2da21-ef5d-4d39-be53-a0300b1d3f26:192.168.157.251:34971], old=null at 0
2019-10-17 18:50:43,582 [RatisPipelineUtilsThread] INFO  pipeline.PipelineStateManager (PipelineStateManager.java:addPipeline(56)) - Created pipeline Pipeline[ Id: 975d0cea-1227-4002-9576-9d6f8169c5e6, Nodes: 0fe4833c-4439-4309-b94b-508419b07a37{ip: 192.168.157.251, host: pr-hdds-2318-qqrts-113280968, networkLocation: /default-rack, certSerialId: null}8f4f8799-ef18-41e5-9bb8-2f724208e999{ip: 192.168.157.251, host: pr-hdds-2318-qqrts-113280968, networkLocation: /default-rack, certSerialId: null}de8c9e34-1a4b-4ad8-952a-c65e9c1604e8{ip: 192.168.157.251, host: pr-hdds-2318-qqrts-113280968, networkLocation: /default-rack, certSerialId: null}, Type:RATIS, Factor:THREE, State:OPEN]
2019-10-17 18:50:43,589 [4fb2da21-ef5d-4d39-be53-a0300b1d3f26@group-EDE844A50E5A-SegmentedRaftLogWorker] INFO  segmented.SegmentedRaftLogWorker (SegmentedRaftLogWorker.java:execute(576)) - 4fb2da21-ef5d-4d39-be53-a0300b1d3f26@group-EDE844A50E5A-SegmentedRaftLogWorker: created new log segment /workdir/hadoop-ozone/integration-test/target/test-dir/MiniOzoneClusterImpl-1add80d3-0bcb-487c-a891-e654dcc55690/datanode-9/data/ratis/49845821-1ffe-460b-9486-ede844a50e5a/current/log_inprogress_0
2019-10-17 18:50:43,604 [grpc-default-executor-1] INFO  impl.RaftServerProxy (RaftServerProxy.java:addNew(89)) - a5e79c22-a35f-4e50-b1fd-e91b6a93d74d: addNew group-F775CA5912AC:[a5e79c22-a35f-4e50-b1fd-e91b6a93d74d:192.168.157.251:45177, daae7813-f814-475d-9647-a302a5541e36:192.168.157.251:45025, 1e4e1375-1b66-460f-8c99-4c341545a119:192.168.157.251:42113] returns group-F775CA5912AC:java.util.concurrent.CompletableFuture@4d0c79e5[Not completed]
2019-10-17 18:50:43,606 [grpc-default-executor-2] INFO  impl.RaftServerProxy (RaftServerProxy.java:addNew(89)) - 1e4e1375-1b66-460f-8c99-4c341545a119: addNew group-F775CA5912AC:[a5e79c22-a35f-4e50-b1fd-e91b6a93d74d:192.168.157.251:45177, daae7813-f814-475d-9647-a302a5541e36:192.168.157.251:45025, 1e4e1375-1b66-460f-8c99-4c341545a119:192.168.157.251:42113] returns group-F775CA5912AC:java.util.concurrent.CompletableFuture@3c8d6c84[Not completed]
2019-10-17 18:50:43,606 [grpc-default-executor-0] INFO  impl.RaftServerProxy (RaftServerProxy.java:addNew(89)) - daae7813-f814-475d-9647-a302a5541e36: addNew group-F775CA5912AC:[a5e79c22-a35f-4e50-b1fd-e91b6a93d74d:192.168.157.251:45177, daae7813-f814-475d-9647-a302a5541e36:192.168.157.251:45025, 1e4e1375-1b66-460f-8c99-4c341545a119:192.168.157.251:42113] returns group-F775CA5912AC:java.util.concurrent.CompletableFuture@73f1172b[Not completed]
2019-10-17 18:50:43,607 [pool-27-thread-1] INFO  impl.RaftServerImpl (RaftServerImpl.java:<init>(104)) - a5e79c22-a35f-4e50-b1fd-e91b6a93d74d: new RaftServerImpl for group-F775CA5912AC:[a5e79c22-a35f-4e50-b1fd-e91b6a93d74d:192.168.157.251:45177, daae7813-f814-475d-9647-a302a5541e36:192.168.157.251:45025, 1e4e1375-1b66-460f-8c99-4c341545a119:192.168.157.251:42113] with ContainerStateMachine:uninitialized
2019-10-17 18:50:43,607 [pool-27-thread-1] INFO  server.RaftServerConfigKeys (ConfUtils.java:logGet(43)) - raft.server.rpc.timeout.min = 1s (custom)
2019-10-17 18:50:43,607 [pool-27-thread-1] INFO  server.RaftServerConfigKeys (ConfUtils.java:logGet(43)) - raft.server.rpc.timeout.max = 1200ms (custom)
2019-10-17 18:50:43,607 [pool-27-thread-1] INFO  server.RaftServerConfigKeys (ConfUtils.java:logGet(43)) - raft.server.rpcslowness.timeout = 120s (custom)
2019-10-17 18:50:43,607 [pool-27-thread-1] INFO  server.RaftServerConfigKeys (ConfUtils.java:logGet(43)) - raft.server.sleep.deviation.threshold = 300 (default)
2019-10-17 18:50:43,607 [pool-27-thread-1] INFO  server.RaftServerConfigKeys (ConfUtils.java:logGet(43)) - raft.server.log.appender.install.snapshot.enabled = false (custom)
2019-10-17 18:50:43,607 [pool-27-thread-1] INFO  impl.RaftServerImpl (ServerState.java:<init>(103)) - a5e79c22-a35f-4e50-b1fd-e91b6a93d74d@group-F775CA5912AC: ConfigurationManager, init=-1: [a5e79c22-a35f-4e50-b1fd-e91b6a93d74d:192.168.157.251:45177, daae7813-f814-475d-9647-a302a5541e36:192.168.157.251:45025, 1e4e1375-1b66-460f-8c99-4c341545a119:192.168.157.251:42113], old=null, confs=<EMPTY_MAP>
2019-10-17 18:50:43,607 [pool-47-thread-1] INFO  impl.RaftServerImpl (RaftServerImpl.java:<init>(104)) - 1e4e1375-1b66-460f-8c99-4c341545a119: new RaftServerImpl for group-F775CA5912AC:[a5e79c22-a35f-4e50-b1fd-e91b6a93d74d:192.168.157.251:45177, daae7813-f814-475d-9647-a302a5541e36:192.168.157.251:45025, 1e4e1375-1b66-460f-8c99-4c341545a119:192.168.157.251:42113] with ContainerStateMachine:uninitialized
2019-10-17 18:50:43,607 [pool-27-thread-1] INFO  server.RaftServerConfigKeys (ConfUtils.java:logGet(43)) - raft.server.storage.dir = [/workdir/hadoop-ozone/integration-test/target/test-dir/MiniOzoneClusterImpl-1add80d3-0bcb-487c-a891-e654dcc55690/datanode-0/data/ratis] (custom)
2019-10-17 18:50:43,607 [pool-47-thread-1] INFO  server.RaftServerConfigKeys (ConfUtils.java:logGet(43)) - raft.server.rpc.timeout.min = 1s (custom)
2019-10-17 18:50:43,608 [pool-47-thread-1] INFO  server.RaftServerConfigKeys (ConfUtils.java:logGet(43)) - raft.server.rpc.timeout.max = 1200ms (custom)
2019-10-17 18:50:43,608 [pool-27-thread-1] INFO  server.RaftServerConfigKeys (ConfUtils.java:logGet(43)) - raft.server.log.corruption.policy = EXCEPTION (default)
2019-10-17 18:50:43,608 [pool-47-thread-1] INFO  server.RaftServerConfigKeys (ConfUtils.java:logGet(43)) - raft.server.rpcslowness.timeout = 120s (custom)
2019-10-17 18:50:43,608 [pool-27-thread-1] INFO  storage.RaftStorageDirectory (RaftStorageDirectory.java:analyzeStorage(246)) - The storage directory /workdir/hadoop-ozone/integration-test/target/test-dir/MiniOzoneClusterImpl-1add80d3-0bcb-487c-a891-e654dcc55690/datanode-0/data/ratis/7b008be4-a7d3-4e52-97e5-f775ca5912ac does not exist. Creating ...
2019-10-17 18:50:43,608 [pool-107-thread-1] INFO  impl.RaftServerImpl (RaftServerImpl.java:<init>(104)) - daae7813-f814-475d-9647-a302a5541e36: new RaftServerImpl for group-F775CA5912AC:[a5e79c22-a35f-4e50-b1fd-e91b6a93d74d:192.168.157.251:45177, daae7813-f814-475d-9647-a302a5541e36:192.168.157.251:45025, 1e4e1375-1b66-460f-8c99-4c341545a119:192.168.157.251:42113] with ContainerStateMachine:uninitialized
2019-10-17 18:50:43,608 [pool-47-thread-1] INFO  server.RaftServerConfigKeys (ConfUtils.java:logGet(43)) - raft.server.sleep.deviation.threshold = 300 (default)
2019-10-17 18:50:43,608 [pool-107-thread-1] INFO  server.RaftServerConfigKeys (ConfUtils.java:logGet(43)) - raft.server.rpc.timeout.min = 1s (custom)
2019-10-17 18:50:43,608 [pool-47-thread-1] INFO  server.RaftServerConfigKeys (ConfUtils.java:logGet(43)) - raft.server.log.appender.install.snapshot.enabled = false (custom)
2019-10-17 18:50:43,608 [pool-107-thread-1] INFO  server.RaftServerConfigKeys (ConfUtils.java:logGet(43)) - raft.server.rpc.timeout.max = 1200ms (custom)
2019-10-17 18:50:43,608 [pool-47-thread-1] INFO  impl.RaftServerImpl (ServerState.java:<init>(103)) - 1e4e1375-1b66-460f-8c99-4c341545a119@group-F775CA5912AC: ConfigurationManager, init=-1: [a5e79c22-a35f-4e50-b1fd-e91b6a93d74d:192.168.157.251:45177, daae7813-f814-475d-9647-a302a5541e36:192.168.157.251:45025, 1e4e1375-1b66-460f-8c99-4c341545a119:192.168.157.251:42113], old=null, confs=<EMPTY_MAP>
2019-10-17 18:50:43,609 [pool-107-thread-1] INFO  server.RaftServerConfigKeys (ConfUtils.java:logGet(43)) - raft.server.rpcslowness.timeout = 120s (custom)
2019-10-17 18:50:43,609 [pool-47-thread-1] INFO  server.RaftServerConfigKeys (ConfUtils.java:logGet(43)) - raft.server.storage.dir = [/workdir/hadoop-ozone/integration-test/target/test-dir/MiniOzoneClusterImpl-1add80d3-0bcb-487c-a891-e654dcc55690/datanode-2/data/ratis] (custom)
2019-10-17 18:50:43,609 [pool-107-thread-1] INFO  server.RaftServerConfigKeys (ConfUtils.java:logGet(43)) - raft.server.sleep.deviation.threshold = 300 (default)
2019-10-17 18:50:43,609 [pool-107-thread-1] INFO  server.RaftServerConfigKeys (ConfUtils.java:logGet(43)) - raft.server.log.appender.install.snapshot.enabled = false (custom)
2019-10-17 18:50:43,609 [pool-47-thread-1] INFO  server.RaftServerConfigKeys (ConfUtils.java:logGet(43)) - raft.server.log.corruption.policy = EXCEPTION (default)
2019-10-17 18:50:43,609 [pool-107-thread-1] INFO  impl.RaftServerImpl (ServerState.java:<init>(103)) - daae7813-f814-475d-9647-a302a5541e36@group-F775CA5912AC: ConfigurationManager, init=-1: [a5e79c22-a35f-4e50-b1fd-e91b6a93d74d:192.168.157.251:45177, daae7813-f814-475d-9647-a302a5541e36:192.168.157.251:45025, 1e4e1375-1b66-460f-8c99-4c341545a119:192.168.157.251:42113], old=null, confs=<EMPTY_MAP>
2019-10-17 18:50:43,609 [pool-47-thread-1] INFO  storage.RaftStorageDirectory (RaftStorageDirectory.java:analyzeStorage(246)) - The storage directory /workdir/hadoop-ozone/integration-test/target/test-dir/MiniOzoneClusterImpl-1add80d3-0bcb-487c-a891-e654dcc55690/datanode-2/data/ratis/7b008be4-a7d3-4e52-97e5-f775ca5912ac does not exist. Creating ...
2019-10-17 18:50:43,609 [pool-107-thread-1] INFO  server.RaftServerConfigKeys (ConfUtils.java:logGet(43)) - raft.server.storage.dir = [/workdir/hadoop-ozone/integration-test/target/test-dir/MiniOzoneClusterImpl-1add80d3-0bcb-487c-a891-e654dcc55690/datanode-8/data/ratis] (custom)
2019-10-17 18:50:43,609 [pool-107-thread-1] INFO  server.RaftServerConfigKeys (ConfUtils.java:logGet(43)) - raft.server.log.corruption.policy = EXCEPTION (default)
2019-10-17 18:50:43,610 [pool-107-thread-1] INFO  storage.RaftStorageDirectory (RaftStorageDirectory.java:analyzeStorage(246)) - The storage directory /workdir/hadoop-ozone/integration-test/target/test-dir/MiniOzoneClusterImpl-1add80d3-0bcb-487c-a891-e654dcc55690/datanode-8/data/ratis/7b008be4-a7d3-4e52-97e5-f775ca5912ac does not exist. Creating ...
2019-10-17 18:50:43,622 [Thread-337] INFO  impl.FollowerState (FollowerState.java:run(108)) - 0fe4833c-4439-4309-b94b-508419b07a37@group-9D6F8169C5E6-FollowerState: change to CANDIDATE, lastRpcTime:105ms, electionTimeout:105ms
2019-10-17 18:50:43,622 [pool-27-thread-1] INFO  storage.RaftStorageDirectory (RaftStorageDirectory.java:tryLock(328)) - Lock on /workdir/hadoop-ozone/integration-test/target/test-dir/MiniOzoneClusterImpl-1add80d3-0bcb-487c-a891-e654dcc55690/datanode-0/data/ratis/7b008be4-a7d3-4e52-97e5-f775ca5912ac/in_use.lock acquired by nodename 4964@pr-hdds-2318-qqrts-113280968
2019-10-17 18:50:43,622 [Thread-337] INFO  impl.RoleInfo (RoleInfo.java:shutdownFollowerState(121)) - 0fe4833c-4439-4309-b94b-508419b07a37: shutdown FollowerState
2019-10-17 18:50:43,622 [pool-107-thread-1] INFO  storage.RaftStorageDirectory (RaftStorageDirectory.java:tryLock(328)) - Lock on /workdir/hadoop-ozone/integration-test/target/test-dir/MiniOzoneClusterImpl-1add80d3-0bcb-487c-a891-e654dcc55690/datanode-8/data/ratis/7b008be4-a7d3-4e52-97e5-f775ca5912ac/in_use.lock acquired by nodename 4964@pr-hdds-2318-qqrts-113280968
2019-10-17 18:50:43,622 [pool-47-thread-1] INFO  storage.RaftStorageDirectory (RaftStorageDirectory.java:tryLock(328)) - Lock on /workdir/hadoop-ozone/integration-test/target/test-dir/MiniOzoneClusterImpl-1add80d3-0bcb-487c-a891-e654dcc55690/datanode-2/data/ratis/7b008be4-a7d3-4e52-97e5-f775ca5912ac/in_use.lock acquired by nodename 4964@pr-hdds-2318-qqrts-113280968
2019-10-17 18:50:43,622 [Thread-337] INFO  impl.RaftServerImpl (RaftServerImpl.java:setRole(184)) - 0fe4833c-4439-4309-b94b-508419b07a37@group-9D6F8169C5E6: changes role from  FOLLOWER to CANDIDATE at term 0 for changeToCandidate
2019-10-17 18:50:43,623 [Thread-337] INFO  impl.RoleInfo (RoleInfo.java:updateAndGet(143)) - 0fe4833c-4439-4309-b94b-508419b07a37: start LeaderElection
2019-10-17 18:50:43,654 [pool-107-thread-1] INFO  storage.RaftStorage (RaftStorage.java:format(84)) - Storage directory /workdir/hadoop-ozone/integration-test/target/test-dir/MiniOzoneClusterImpl-1add80d3-0bcb-487c-a891-e654dcc55690/datanode-8/data/ratis/7b008be4-a7d3-4e52-97e5-f775ca5912ac has been successfully formatted.
2019-10-17 18:50:43,654 [0fe4833c-4439-4309-b94b-508419b07a37@group-9D6F8169C5E6-LeaderElection11] INFO  impl.LeaderElection (LeaderElection.java:askForVotes(178)) - 0fe4833c-4439-4309-b94b-508419b07a37@group-9D6F8169C5E6-LeaderElection11: begin an election at term 1 for -1: [0fe4833c-4439-4309-b94b-508419b07a37:192.168.157.251:39398, 8f4f8799-ef18-41e5-9bb8-2f724208e999:192.168.157.251:33259, de8c9e34-1a4b-4ad8-952a-c65e9c1604e8:192.168.157.251:40594], old=null
2019-10-17 18:50:43,654 [pool-27-thread-1] INFO  storage.RaftStorage (RaftStorage.java:format(84)) - Storage directory /workdir/hadoop-ozone/integration-test/target/test-dir/MiniOzoneClusterImpl-1add80d3-0bcb-487c-a891-e654dcc55690/datanode-0/data/ratis/7b008be4-a7d3-4e52-97e5-f775ca5912ac has been successfully formatted.
2019-10-17 18:50:43,654 [pool-47-thread-1] INFO  storage.RaftStorage (RaftStorage.java:format(84)) - Storage directory /workdir/hadoop-ozone/integration-test/target/test-dir/MiniOzoneClusterImpl-1add80d3-0bcb-487c-a891-e654dcc55690/datanode-2/data/ratis/7b008be4-a7d3-4e52-97e5-f775ca5912ac has been successfully formatted.
2019-10-17 18:50:43,654 [pool-107-thread-1] INFO  ratis.ContainerStateMachine (ContainerStateMachine.java:loadSnapshot(231)) - group-F775CA5912AC: The snapshot info is null. Setting the last applied indexto:(t:0, i:~)
2019-10-17 18:50:43,654 [pool-27-thread-1] INFO  ratis.ContainerStateMachine (ContainerStateMachine.java:loadSnapshot(231)) - group-F775CA5912AC: The snapshot info is null. Setting the last applied indexto:(t:0, i:~)
2019-10-17 18:50:43,654 [pool-107-thread-1] INFO  server.RaftServerConfigKeys (ConfUtils.java:logGet(43)) - raft.server.notification.no-leader.timeout = 120s (custom)
2019-10-17 18:50:43,654 [pool-47-thread-1] INFO  ratis.ContainerStateMachine (ContainerStateMachine.java:loadSnapshot(231)) - group-F775CA5912AC: The snapshot info is null. Setting the last applied indexto:(t:0, i:~)
2019-10-17 18:50:43,655 [pool-107-thread-1] INFO  server.RaftServerConfigKeys (ConfUtils.java:logGet(43)) - raft.server.log.use.memory = false (default)
2019-10-17 18:50:43,655 [pool-27-thread-1] INFO  server.RaftServerConfigKeys (ConfUtils.java:logGet(43)) - raft.server.notification.no-leader.timeout = 120s (custom)
2019-10-17 18:50:43,655 [pool-107-thread-1] INFO  server.RaftServerConfigKeys (ConfUtils.java:logGet(43)) - raft.server.log.purge.gap = 1000000 (custom)
2019-10-17 18:50:43,655 [pool-47-thread-1] INFO  server.RaftServerConfigKeys (ConfUtils.java:logGet(43)) - raft.server.notification.no-leader.timeout = 120s (custom)
2019-10-17 18:50:43,655 [pool-107-thread-1] INFO  server.RaftServerConfigKeys (ConfUtils.java:logGet(43)) - raft.server.log.appender.buffer.byte-limit = 33554432 (custom)
2019-10-17 18:50:43,655 [pool-27-thread-1] INFO  server.RaftServerConfigKeys (ConfUtils.java:logGet(43)) - raft.server.log.use.memory = false (default)
2019-10-17 18:50:43,655 [pool-107-thread-1] INFO  server.RaftServerConfigKeys (ConfUtils.java:logGet(43)) - raft.server.log.segment.size.max = 1048576 (custom)
2019-10-17 18:50:43,655 [pool-47-thread-1] INFO  server.RaftServerConfigKeys (ConfUtils.java:logGet(43)) - raft.server.log.use.memory = false (default)
2019-10-17 18:50:43,655 [pool-107-thread-1] INFO  server.RaftServerConfigKeys (ConfUtils.java:logGet(43)) - raft.server.log.segment.cache.num.max = 2 (custom)
2019-10-17 18:50:43,655 [pool-27-thread-1] INFO  server.RaftServerConfigKeys (ConfUtils.java:logGet(43)) - raft.server.log.purge.gap = 1000000 (custom)
2019-10-17 18:50:43,656 [pool-107-thread-1] INFO  segmented.SegmentedRaftLogWorker (SegmentedRaftLogWorker.java:<init>(173)) - new daae7813-f814-475d-9647-a302a5541e36@group-F775CA5912AC-SegmentedRaftLogWorker for RaftStorage:Storage Directory /workdir/hadoop-ozone/integration-test/target/test-dir/MiniOzoneClusterImpl-1add80d3-0bcb-487c-a891-e654dcc55690/datanode-8/data/ratis/7b008be4-a7d3-4e52-97e5-f775ca5912ac
2019-10-17 18:50:43,655 [pool-47-thread-1] INFO  server.RaftServerConfigKeys (ConfUtils.java:logGet(43)) - raft.server.log.purge.gap = 1000000 (custom)
2019-10-17 18:50:43,656 [pool-107-thread-1] INFO  server.RaftServerConfigKeys (ConfUtils.java:logGet(43)) - raft.server.log.queue.byte-limit = 2147483647 (custom)
2019-10-17 18:50:43,656 [pool-27-thread-1] INFO  server.RaftServerConfigKeys (ConfUtils.java:logGet(43)) - raft.server.log.appender.buffer.byte-limit = 33554432 (custom)
2019-10-17 18:50:43,656 [pool-107-thread-1] INFO  server.RaftServerConfigKeys (ConfUtils.java:logGet(43)) - raft.server.log.queue.element-limit = 1024 (custom)
2019-10-17 18:50:43,656 [pool-47-thread-1] INFO  server.RaftServerConfigKeys (ConfUtils.java:logGet(43)) - raft.server.log.appender.buffer.byte-limit = 33554432 (custom)
2019-10-17 18:50:43,656 [pool-107-thread-1] INFO  server.RaftServerConfigKeys (ConfUtils.java:logGet(43)) - raft.server.log.segment.size.max = 1048576 (custom)
2019-10-17 18:50:43,656 [pool-27-thread-1] INFO  server.RaftServerConfigKeys (ConfUtils.java:logGet(43)) - raft.server.log.segment.size.max = 1048576 (custom)
2019-10-17 18:50:43,656 [pool-107-thread-1] INFO  server.RaftServerConfigKeys (ConfUtils.java:logGet(43)) - raft.server.log.preallocated.size = 16384 (custom)
2019-10-17 18:50:43,656 [pool-47-thread-1] INFO  server.RaftServerConfigKeys (ConfUtils.java:logGet(43)) - raft.server.log.segment.size.max = 1048576 (custom)
2019-10-17 18:50:43,656 [pool-107-thread-1] INFO  server.RaftServerConfigKeys (ConfUtils.java:logGet(43)) - raft.server.log.write.buffer.size = 33554432 (custom)
2019-10-17 18:50:43,656 [pool-27-thread-1] INFO  server.RaftServerConfigKeys (ConfUtils.java:logGet(43)) - raft.server.log.segment.cache.num.max = 2 (custom)
2019-10-17 18:50:43,657 [pool-107-thread-1] INFO  server.RaftServerConfigKeys (ConfUtils.java:logGet(43)) - raft.server.log.force.sync.num = 128 (default)
2019-10-17 18:50:43,656 [pool-47-thread-1] INFO  server.RaftServerConfigKeys (ConfUtils.java:logGet(43)) - raft.server.log.segment.cache.num.max = 2 (custom)
2019-10-17 18:50:43,657 [pool-107-thread-1] INFO  server.RaftServerConfigKeys (ConfUtils.java:logGet(43)) - raft.server.log.statemachine.data.sync = true (default)
2019-10-17 18:50:43,657 [pool-27-thread-1] INFO  segmented.SegmentedRaftLogWorker (SegmentedRaftLogWorker.java:<init>(173)) - new a5e79c22-a35f-4e50-b1fd-e91b6a93d74d@group-F775CA5912AC-SegmentedRaftLogWorker for RaftStorage:Storage Directory /workdir/hadoop-ozone/integration-test/target/test-dir/MiniOzoneClusterImpl-1add80d3-0bcb-487c-a891-e654dcc55690/datanode-0/data/ratis/7b008be4-a7d3-4e52-97e5-f775ca5912ac
2019-10-17 18:50:43,657 [pool-107-thread-1] INFO  server.RaftServerConfigKeys (ConfUtils.java:logGet(43)) - raft.server.log.statemachine.data.sync.timeout = 10s (default)
2019-10-17 18:50:43,657 [pool-47-thread-1] INFO  segmented.SegmentedRaftLogWorker (SegmentedRaftLogWorker.java:<init>(173)) - new 1e4e1375-1b66-460f-8c99-4c341545a119@group-F775CA5912AC-SegmentedRaftLogWorker for RaftStorage:Storage Directory /workdir/hadoop-ozone/integration-test/target/test-dir/MiniOzoneClusterImpl-1add80d3-0bcb-487c-a891-e654dcc55690/datanode-2/data/ratis/7b008be4-a7d3-4e52-97e5-f775ca5912ac
2019-10-17 18:50:43,657 [pool-107-thread-1] INFO  server.RaftServerConfigKeys (ConfUtils.java:logGet(43)) - raft.server.log.statemachine.data.sync.timeout.retry = -1 (default)
2019-10-17 18:50:43,657 [pool-27-thread-1] INFO  server.RaftServerConfigKeys (ConfUtils.java:logGet(43)) - raft.server.log.queue.byte-limit = 2147483647 (custom)
2019-10-17 18:50:43,657 [pool-47-thread-1] INFO  server.RaftServerConfigKeys (ConfUtils.java:logGet(43)) - raft.server.log.queue.byte-limit = 2147483647 (custom)
2019-10-17 18:50:43,657 [pool-27-thread-1] INFO  server.RaftServerConfigKeys (ConfUtils.java:logGet(43)) - raft.server.log.queue.element-limit = 1024 (custom)
2019-10-17 18:50:43,657 [pool-107-thread-1] INFO  server.RaftServerConfigKeys (ConfUtils.java:logGet(43)) - raft.server.log.statemachine.data.caching.enabled = true (custom)
2019-10-17 18:50:43,658 [pool-27-thread-1] INFO  server.RaftServerConfigKeys (ConfUtils.java:logGet(43)) - raft.server.log.segment.size.max = 1048576 (custom)
2019-10-17 18:50:43,657 [pool-47-thread-1] INFO  server.RaftServerConfigKeys (ConfUtils.java:logGet(43)) - raft.server.log.queue.element-limit = 1024 (custom)
2019-10-17 18:50:43,658 [pool-27-thread-1] INFO  server.RaftServerConfigKeys (ConfUtils.java:logGet(43)) - raft.server.log.preallocated.size = 16384 (custom)
2019-10-17 18:50:43,658 [pool-107-thread-1] INFO  segmented.SegmentedRaftLogWorker (SegmentedRaftLogWorker.java:lambda$new$0(128)) - daae7813-f814-475d-9647-a302a5541e36@group-F775CA5912AC-SegmentedRaftLogWorker: flushIndex: setUnconditionally 0 -> -1
2019-10-17 18:50:43,658 [pool-47-thread-1] INFO  server.RaftServerConfigKeys (ConfUtils.java:logGet(43)) - raft.server.log.segment.size.max = 1048576 (custom)
2019-10-17 18:50:43,658 [pool-27-thread-1] INFO  server.RaftServerConfigKeys (ConfUtils.java:logGet(43)) - raft.server.log.write.buffer.size = 33554432 (custom)
2019-10-17 18:50:43,658 [pool-107-thread-1] INFO  server.RaftServerConfigKeys (ConfUtils.java:logGet(43)) - raft.server.snapshot.auto.trigger.enabled = true (custom)
2019-10-17 18:50:43,658 [pool-47-thread-1] INFO  server.RaftServerConfigKeys (ConfUtils.java:logGet(43)) - raft.server.log.preallocated.size = 16384 (custom)
2019-10-17 18:50:43,658 [pool-107-thread-1] INFO  server.RaftServerConfigKeys (ConfUtils.java:logGet(43)) - raft.server.snapshot.auto.trigger.threshold = 10000 (custom)
2019-10-17 18:50:43,658 [pool-27-thread-1] INFO  server.RaftServerConfigKeys (ConfUtils.java:logGet(43)) - raft.server.log.force.sync.num = 128 (default)
2019-10-17 18:50:43,658 [pool-107-thread-1] INFO  server.RaftServerConfigKeys (ConfUtils.java:logGet(43)) - raft.server.snapshot.retention.file.num = 5 (custom)
2019-10-17 18:50:43,658 [pool-47-thread-1] INFO  server.RaftServerConfigKeys (ConfUtils.java:logGet(43)) - raft.server.log.write.buffer.size = 33554432 (custom)
2019-10-17 18:50:43,659 [pool-27-thread-1] INFO  server.RaftServerConfigKeys (ConfUtils.java:logGet(43)) - raft.server.log.statemachine.data.sync = true (default)
2019-10-17 18:50:43,659 [pool-47-thread-1] INFO  server.RaftServerConfigKeys (ConfUtils.java:logGet(43)) - raft.server.log.force.sync.num = 128 (default)
2019-10-17 18:50:43,659 [pool-107-thread-1] INFO  server.RaftServerConfigKeys (ConfUtils.java:logGet(43)) - raft.server.retrycache.expirytime = 600000ms (custom)
2019-10-17 18:50:43,659 [pool-47-thread-1] INFO  server.RaftServerConfigKeys (ConfUtils.java:logGet(43)) - raft.server.log.statemachine.data.sync = true (default)
2019-10-17 18:50:43,659 [pool-27-thread-1] INFO  server.RaftServerConfigKeys (ConfUtils.java:logGet(43)) - raft.server.log.statemachine.data.sync.timeout = 10s (default)
2019-10-17 18:50:43,659 [pool-47-thread-1] INFO  server.RaftServerConfigKeys (ConfUtils.java:logGet(43)) - raft.server.log.statemachine.data.sync.timeout = 10s (default)
2019-10-17 18:50:43,659 [pool-27-thread-1] INFO  server.RaftServerConfigKeys (ConfUtils.java:logGet(43)) - raft.server.log.statemachine.data.sync.timeout.retry = -1 (default)
2019-10-17 18:50:43,659 [pool-47-thread-1] INFO  server.RaftServerConfigKeys (ConfUtils.java:logGet(43)) - raft.server.log.statemachine.data.sync.timeout.retry = -1 (default)
2019-10-17 18:50:43,660 [pool-27-thread-1] INFO  server.RaftServerConfigKeys (ConfUtils.java:logGet(43)) - raft.server.log.statemachine.data.caching.enabled = true (custom)
2019-10-17 18:50:43,660 [pool-47-thread-1] INFO  server.RaftServerConfigKeys (ConfUtils.java:logGet(43)) - raft.server.log.statemachine.data.caching.enabled = true (custom)
2019-10-17 18:50:43,660 [pool-27-thread-1] INFO  segmented.SegmentedRaftLogWorker (SegmentedRaftLogWorker.java:lambda$new$0(128)) - a5e79c22-a35f-4e50-b1fd-e91b6a93d74d@group-F775CA5912AC-SegmentedRaftLogWorker: flushIndex: setUnconditionally 0 -> -1
2019-10-17 18:50:43,660 [pool-47-thread-1] INFO  segmented.SegmentedRaftLogWorker (SegmentedRaftLogWorker.java:lambda$new$0(128)) - 1e4e1375-1b66-460f-8c99-4c341545a119@group-F775CA5912AC-SegmentedRaftLogWorker: flushIndex: setUnconditionally 0 -> -1
2019-10-17 18:50:43,660 [pool-27-thread-1] INFO  server.RaftServerConfigKeys (ConfUtils.java:logGet(43)) - raft.server.snapshot.auto.trigger.enabled = true (custom)
2019-10-17 18:50:43,660 [pool-27-thread-1] INFO  server.RaftServerConfigKeys (ConfUtils.java:logGet(43)) - raft.server.snapshot.auto.trigger.threshold = 10000 (custom)
2019-10-17 18:50:43,660 [pool-47-thread-1] INFO  server.RaftServerConfigKeys (ConfUtils.java:logGet(43)) - raft.server.snapshot.auto.trigger.enabled = true (custom)
2019-10-17 18:50:43,660 [pool-27-thread-1] INFO  server.RaftServerConfigKeys (ConfUtils.java:logGet(43)) - raft.server.snapshot.retention.file.num = 5 (custom)
2019-10-17 18:50:43,661 [pool-47-thread-1] INFO  server.RaftServerConfigKeys (ConfUtils.java:logGet(43)) - raft.server.snapshot.auto.trigger.threshold = 10000 (custom)
2019-10-17 18:50:43,661 [pool-27-thread-1] INFO  server.RaftServerConfigKeys (ConfUtils.java:logGet(43)) - raft.server.retrycache.expirytime = 600000ms (custom)
2019-10-17 18:50:43,661 [pool-47-thread-1] INFO  server.RaftServerConfigKeys (ConfUtils.java:logGet(43)) - raft.server.snapshot.retention.file.num = 5 (custom)
2019-10-17 18:50:43,661 [pool-47-thread-1] INFO  server.RaftServerConfigKeys (ConfUtils.java:logGet(43)) - raft.server.retrycache.expirytime = 600000ms (custom)
2019-10-17 18:50:43,665 [pool-107-thread-1] INFO  impl.RaftServerImpl (RaftServerImpl.java:start(195)) - daae7813-f814-475d-9647-a302a5541e36@group-F775CA5912AC: start as a follower, conf=-1: [a5e79c22-a35f-4e50-b1fd-e91b6a93d74d:192.168.157.251:45177, daae7813-f814-475d-9647-a302a5541e36:192.168.157.251:45025, 1e4e1375-1b66-460f-8c99-4c341545a119:192.168.157.251:42113], old=null
2019-10-17 18:50:43,665 [pool-107-thread-1] INFO  impl.RaftServerImpl (RaftServerImpl.java:setRole(184)) - daae7813-f814-475d-9647-a302a5541e36@group-F775CA5912AC: changes role from      null to FOLLOWER at term 0 for startAsFollower
2019-10-17 18:50:43,665 [pool-107-thread-1] INFO  impl.RoleInfo (RoleInfo.java:updateAndGet(143)) - daae7813-f814-475d-9647-a302a5541e36: start FollowerState
2019-10-17 18:50:43,667 [pool-107-thread-1] INFO  util.JmxRegister (JmxRegister.java:tryRegister(44)) - Successfully registered JMX Bean with object name Ratis:service=RaftServer,group=group-F775CA5912AC,id=daae7813-f814-475d-9647-a302a5541e36
2019-10-17 18:50:43,668 [pool-27-thread-1] INFO  impl.RaftServerImpl (RaftServerImpl.java:start(195)) - a5e79c22-a35f-4e50-b1fd-e91b6a93d74d@group-F775CA5912AC: start as a follower, conf=-1: [a5e79c22-a35f-4e50-b1fd-e91b6a93d74d:192.168.157.251:45177, daae7813-f814-475d-9647-a302a5541e36:192.168.157.251:45025, 1e4e1375-1b66-460f-8c99-4c341545a119:192.168.157.251:42113], old=null
2019-10-17 18:50:43,668 [pool-27-thread-1] INFO  impl.RaftServerImpl (RaftServerImpl.java:setRole(184)) - a5e79c22-a35f-4e50-b1fd-e91b6a93d74d@group-F775CA5912AC: changes role from      null to FOLLOWER at term 0 for startAsFollower
2019-10-17 18:50:43,669 [pool-27-thread-1] INFO  impl.RoleInfo (RoleInfo.java:updateAndGet(143)) - a5e79c22-a35f-4e50-b1fd-e91b6a93d74d: start FollowerState
2019-10-17 18:50:43,669 [pool-47-thread-1] INFO  impl.RaftServerImpl (RaftServerImpl.java:start(195)) - 1e4e1375-1b66-460f-8c99-4c341545a119@group-F775CA5912AC: start as a follower, conf=-1: [a5e79c22-a35f-4e50-b1fd-e91b6a93d74d:192.168.157.251:45177, daae7813-f814-475d-9647-a302a5541e36:192.168.157.251:45025, 1e4e1375-1b66-460f-8c99-4c341545a119:192.168.157.251:42113], old=null
2019-10-17 18:50:43,669 [pool-27-thread-1] INFO  util.JmxRegister (JmxRegister.java:tryRegister(44)) - Successfully registered JMX Bean with object name Ratis:service=RaftServer,group=group-F775CA5912AC,id=a5e79c22-a35f-4e50-b1fd-e91b6a93d74d
2019-10-17 18:50:43,669 [pool-47-thread-1] INFO  impl.RaftServerImpl (RaftServerImpl.java:setRole(184)) - 1e4e1375-1b66-460f-8c99-4c341545a119@group-F775CA5912AC: changes role from      null to FOLLOWER at term 0 for startAsFollower
2019-10-17 18:50:43,669 [pool-47-thread-1] INFO  impl.RoleInfo (RoleInfo.java:updateAndGet(143)) - 1e4e1375-1b66-460f-8c99-4c341545a119: start FollowerState
2019-10-17 18:50:43,670 [pool-47-thread-1] INFO  util.JmxRegister (JmxRegister.java:tryRegister(44)) - Successfully registered JMX Bean with object name Ratis:service=RaftServer,group=group-F775CA5912AC,id=1e4e1375-1b66-460f-8c99-4c341545a119
2019-10-17 18:50:43,685 [Thread-339] INFO  impl.FollowerState (FollowerState.java:run(108)) - 8f4f8799-ef18-41e5-9bb8-2f724208e999@group-9D6F8169C5E6-FollowerState: change to CANDIDATE, lastRpcTime:166ms, electionTimeout:166ms
2019-10-17 18:50:43,686 [Thread-339] INFO  impl.RoleInfo (RoleInfo.java:shutdownFollowerState(121)) - 8f4f8799-ef18-41e5-9bb8-2f724208e999: shutdown FollowerState
2019-10-17 18:50:43,686 [grpc-default-executor-0] INFO  impl.RaftServerImpl (RaftServerImpl.java:setRole(184)) - de8c9e34-1a4b-4ad8-952a-c65e9c1604e8@group-9D6F8169C5E6: changes role from  FOLLOWER to FOLLOWER at term 1 for recognizeCandidate:0fe4833c-4439-4309-b94b-508419b07a37
2019-10-17 18:50:43,686 [Thread-339] INFO  impl.RaftServerImpl (RaftServerImpl.java:setRole(184)) - 8f4f8799-ef18-41e5-9bb8-2f724208e999@group-9D6F8169C5E6: changes role from  FOLLOWER to CANDIDATE at term 0 for changeToCandidate
2019-10-17 18:50:43,686 [grpc-default-executor-0] INFO  impl.RoleInfo (RoleInfo.java:shutdownFollowerState(121)) - de8c9e34-1a4b-4ad8-952a-c65e9c1604e8: shutdown FollowerState
2019-10-17 18:50:43,687 [Thread-339] INFO  impl.RoleInfo (RoleInfo.java:updateAndGet(143)) - 8f4f8799-ef18-41e5-9bb8-2f724208e999: start LeaderElection
2019-10-17 18:50:43,687 [Thread-338] INFO  impl.FollowerState (FollowerState.java:run(117)) - de8c9e34-1a4b-4ad8-952a-c65e9c1604e8@group-9D6F8169C5E6-FollowerState was interrupted: java.lang.InterruptedException: sleep interrupted
2019-10-17 18:50:43,687 [grpc-default-executor-0] INFO  impl.RoleInfo (RoleInfo.java:updateAndGet(143)) - de8c9e34-1a4b-4ad8-952a-c65e9c1604e8: start FollowerState
2019-10-17 18:50:43,705 [RatisPipelineUtilsThread] INFO  pipeline.PipelineStateManager (PipelineStateManager.java:addPipeline(56)) - Created pipeline Pipeline[ Id: 7b008be4-a7d3-4e52-97e5-f775ca5912ac, Nodes: a5e79c22-a35f-4e50-b1fd-e91b6a93d74d{ip: 192.168.157.251, host: pr-hdds-2318-qqrts-113280968, networkLocation: /default-rack, certSerialId: null}1e4e1375-1b66-460f-8c99-4c341545a119{ip: 192.168.157.251, host: pr-hdds-2318-qqrts-113280968, networkLocation: /default-rack, certSerialId: null}daae7813-f814-475d-9647-a302a5541e36{ip: 192.168.157.251, host: pr-hdds-2318-qqrts-113280968, networkLocation: /default-rack, certSerialId: null}, Type:RATIS, Factor:THREE, State:OPEN]
2019-10-17 18:50:43,717 [8f4f8799-ef18-41e5-9bb8-2f724208e999@group-9D6F8169C5E6-LeaderElection12] INFO  impl.LeaderElection (LeaderElection.java:askForVotes(178)) - 8f4f8799-ef18-41e5-9bb8-2f724208e999@group-9D6F8169C5E6-LeaderElection12: begin an election at term 1 for -1: [0fe4833c-4439-4309-b94b-508419b07a37:192.168.157.251:39398, 8f4f8799-ef18-41e5-9bb8-2f724208e999:192.168.157.251:33259, de8c9e34-1a4b-4ad8-952a-c65e9c1604e8:192.168.157.251:40594], old=null
2019-10-17 18:50:43,720 [Thread-350] INFO  impl.FollowerState (FollowerState.java:run(108)) - daae7813-f814-475d-9647-a302a5541e36@group-F775CA5912AC-FollowerState: change to CANDIDATE, lastRpcTime:54ms, electionTimeout:54ms
2019-10-17 18:50:43,721 [Thread-350] INFO  impl.RoleInfo (RoleInfo.java:shutdownFollowerState(121)) - daae7813-f814-475d-9647-a302a5541e36: shutdown FollowerState
2019-10-17 18:50:43,721 [Thread-350] INFO  impl.RaftServerImpl (RaftServerImpl.java:setRole(184)) - daae7813-f814-475d-9647-a302a5541e36@group-F775CA5912AC: changes role from  FOLLOWER to CANDIDATE at term 0 for changeToCandidate
2019-10-17 18:50:43,721 [Thread-350] INFO  impl.RoleInfo (RoleInfo.java:updateAndGet(143)) - daae7813-f814-475d-9647-a302a5541e36: start LeaderElection
2019-10-17 18:50:43,735 [grpc-default-executor-2] INFO  impl.RaftServerProxy (RaftServerProxy.java:addNew(89)) - abcd8826-c056-4817-bd0f-7af19a46d814: addNew group-5F52F902B742:[b8f04e38-0663-4b1f-8efd-f76585c6e86c:192.168.157.251:35700, abcd8826-c056-4817-bd0f-7af19a46d814:192.168.157.251:46496, 73297ffa-40cb-4e3e-b33e-1bc2c1da60f5:192.168.157.251:32952] returns group-5F52F902B742:java.util.concurrent.CompletableFuture@d2a0079[Not completed]
2019-10-17 18:50:43,735 [0fe4833c-4439-4309-b94b-508419b07a37@group-9D6F8169C5E6-LeaderElection11] INFO  impl.LeaderElection (LeaderElection.java:logAndReturn(56)) - 0fe4833c-4439-4309-b94b-508419b07a37@group-9D6F8169C5E6-LeaderElection11: Election PASSED; received 1 response(s) [0fe4833c-4439-4309-b94b-508419b07a37<-de8c9e34-1a4b-4ad8-952a-c65e9c1604e8#0:OK-t1] and 0 exception(s); 0fe4833c-4439-4309-b94b-508419b07a37@group-9D6F8169C5E6:t1, leader=null, voted=0fe4833c-4439-4309-b94b-508419b07a37, raftlog=0fe4833c-4439-4309-b94b-508419b07a37@group-9D6F8169C5E6-SegmentedRaftLog:OPENED:c-1,f-1,i0, conf=-1: [0fe4833c-4439-4309-b94b-508419b07a37:192.168.157.251:39398, 8f4f8799-ef18-41e5-9bb8-2f724208e999:192.168.157.251:33259, de8c9e34-1a4b-4ad8-952a-c65e9c1604e8:192.168.157.251:40594], old=null
2019-10-17 18:50:43,736 [0fe4833c-4439-4309-b94b-508419b07a37@group-9D6F8169C5E6-LeaderElection11] INFO  impl.RoleInfo (RoleInfo.java:shutdownLeaderElection(134)) - 0fe4833c-4439-4309-b94b-508419b07a37: shutdown LeaderElection
2019-10-17 18:50:43,736 [0fe4833c-4439-4309-b94b-508419b07a37@group-9D6F8169C5E6-LeaderElection11] INFO  impl.RaftServerImpl (RaftServerImpl.java:setRole(184)) - 0fe4833c-4439-4309-b94b-508419b07a37@group-9D6F8169C5E6: changes role from CANDIDATE to LEADER at term 1 for changeToLeader
2019-10-17 18:50:43,737 [0fe4833c-4439-4309-b94b-508419b07a37@group-9D6F8169C5E6-LeaderElection11] INFO  impl.RaftServerImpl (ServerState.java:setLeader(256)) - 0fe4833c-4439-4309-b94b-508419b07a37@group-9D6F8169C5E6: change Leader from null to 0fe4833c-4439-4309-b94b-508419b07a37 at term 1 for becomeLeader, leader elected after 229ms
2019-10-17 18:50:43,738 [0fe4833c-4439-4309-b94b-508419b07a37@group-9D6F8169C5E6-LeaderElection11] INFO  server.RaftServerConfigKeys (ConfUtils.java:logGet(43)) - raft.server.staging.catchup.gap = 1000 (default)
2019-10-17 18:50:43,739 [0fe4833c-4439-4309-b94b-508419b07a37@group-9D6F8169C5E6-LeaderElection11] INFO  server.RaftServerConfigKeys (ConfUtils.java:logGet(43)) - raft.server.rpc.sleep.time = 25ms (default)
2019-10-17 18:50:43,745 [0fe4833c-4439-4309-b94b-508419b07a37@group-9D6F8169C5E6-LeaderElection11] INFO  server.RaftServerConfigKeys (ConfUtils.java:logGet(43)) - raft.server.write.element-limit = 4096 (default)
2019-10-17 18:50:43,745 [daae7813-f814-475d-9647-a302a5541e36@group-F775CA5912AC-LeaderElection13] INFO  impl.LeaderElection (LeaderElection.java:askForVotes(178)) - daae7813-f814-475d-9647-a302a5541e36@group-F775CA5912AC-LeaderElection13: begin an election at term 1 for -1: [a5e79c22-a35f-4e50-b1fd-e91b6a93d74d:192.168.157.251:45177, daae7813-f814-475d-9647-a302a5541e36:192.168.157.251:45025, 1e4e1375-1b66-460f-8c99-4c341545a119:192.168.157.251:42113], old=null
2019-10-17 18:50:43,746 [0fe4833c-4439-4309-b94b-508419b07a37@group-9D6F8169C5E6-LeaderElection11] INFO  server.RaftServerConfigKeys (ConfUtils.java:logGet(43)) - raft.server.watch.timeout = 10s (default)
2019-10-17 18:50:43,746 [0fe4833c-4439-4309-b94b-508419b07a37@group-9D6F8169C5E6-LeaderElection11] INFO  server.RaftServerConfigKeys (ConfUtils.java:logGet(43)) - raft.server.watch.timeout.denomination = 1s (default)
2019-10-17 18:50:43,747 [0fe4833c-4439-4309-b94b-508419b07a37@group-9D6F8169C5E6-LeaderElection11] INFO  server.RaftServerConfigKeys (ConfUtils.java:logGet(43)) - raft.server.watch.element-limit = 65536 (default)
2019-10-17 18:50:43,747 [grpc-default-executor-2] INFO  impl.RaftServerProxy (RaftServerProxy.java:addNew(89)) - b8f04e38-0663-4b1f-8efd-f76585c6e86c: addNew group-5F52F902B742:[b8f04e38-0663-4b1f-8efd-f76585c6e86c:192.168.157.251:35700, abcd8826-c056-4817-bd0f-7af19a46d814:192.168.157.251:46496, 73297ffa-40cb-4e3e-b33e-1bc2c1da60f5:192.168.157.251:32952] returns group-5F52F902B742:java.util.concurrent.CompletableFuture@7dd6cfd[Not completed]
2019-10-17 18:50:43,747 [pool-77-thread-1] INFO  impl.RaftServerImpl (RaftServerImpl.java:<init>(104)) - abcd8826-c056-4817-bd0f-7af19a46d814: new RaftServerImpl for group-5F52F902B742:[b8f04e38-0663-4b1f-8efd-f76585c6e86c:192.168.157.251:35700, abcd8826-c056-4817-bd0f-7af19a46d814:192.168.157.251:46496, 73297ffa-40cb-4e3e-b33e-1bc2c1da60f5:192.168.157.251:32952] with ContainerStateMachine:uninitialized
2019-10-17 18:50:43,747 [pool-77-thread-1] INFO  server.RaftServerConfigKeys (ConfUtils.java:logGet(43)) - raft.server.rpc.timeout.min = 1s (custom)
2019-10-17 18:50:43,749 [pool-77-thread-1] INFO  server.RaftServerConfigKeys (ConfUtils.java:logGet(43)) - raft.server.rpc.timeout.max = 1200ms (custom)
2019-10-17 18:50:43,750 [pool-77-thread-1] INFO  server.RaftServerConfigKeys (ConfUtils.java:logGet(43)) - raft.server.rpcslowness.timeout = 120s (custom)
2019-10-17 18:50:43,751 [pool-77-thread-1] INFO  server.RaftServerConfigKeys (ConfUtils.java:logGet(43)) - raft.server.sleep.deviation.threshold = 300 (default)
2019-10-17 18:50:43,751 [pool-77-thread-1] INFO  server.RaftServerConfigKeys (ConfUtils.java:logGet(43)) - raft.server.log.appender.install.snapshot.enabled = false (custom)
2019-10-17 18:50:43,751 [grpc-default-executor-4] INFO  impl.RaftServerProxy (RaftServerProxy.java:addNew(89)) - 73297ffa-40cb-4e3e-b33e-1bc2c1da60f5: addNew group-5F52F902B742:[b8f04e38-0663-4b1f-8efd-f76585c6e86c:192.168.157.251:35700, abcd8826-c056-4817-bd0f-7af19a46d814:192.168.157.251:46496, 73297ffa-40cb-4e3e-b33e-1bc2c1da60f5:192.168.157.251:32952] returns group-5F52F902B742:java.util.concurrent.CompletableFuture@6435d764[Not completed]
2019-10-17 18:50:43,751 [pool-77-thread-1] INFO  impl.RaftServerImpl (ServerState.java:<init>(103)) - abcd8826-c056-4817-bd0f-7af19a46d814@group-5F52F902B742: ConfigurationManager, init=-1: [b8f04e38-0663-4b1f-8efd-f76585c6e86c:192.168.157.251:35700, abcd8826-c056-4817-bd0f-7af19a46d814:192.168.157.251:46496, 73297ffa-40cb-4e3e-b33e-1bc2c1da60f5:192.168.157.251:32952], old=null, confs=<EMPTY_MAP>
2019-10-17 18:50:43,753 [pool-77-thread-1] INFO  server.RaftServerConfigKeys (ConfUtils.java:logGet(43)) - raft.server.storage.dir = [/workdir/hadoop-ozone/integration-test/target/test-dir/MiniOzoneClusterImpl-1add80d3-0bcb-487c-a891-e654dcc55690/datanode-5/data/ratis] (custom)
2019-10-17 18:50:43,753 [pool-37-thread-1] INFO  impl.RaftServerImpl (RaftServerImpl.java:<init>(104)) - b8f04e38-0663-4b1f-8efd-f76585c6e86c: new RaftServerImpl for group-5F52F902B742:[b8f04e38-0663-4b1f-8efd-f76585c6e86c:192.168.157.251:35700, abcd8826-c056-4817-bd0f-7af19a46d814:192.168.157.251:46496, 73297ffa-40cb-4e3e-b33e-1bc2c1da60f5:192.168.157.251:32952] with ContainerStateMachine:uninitialized
2019-10-17 18:50:43,753 [pool-37-thread-1] INFO  server.RaftServerConfigKeys (ConfUtils.java:logGet(43)) - raft.server.rpc.timeout.min = 1s (custom)
2019-10-17 18:50:43,753 [pool-77-thread-1] INFO  server.RaftServerConfigKeys (ConfUtils.java:logGet(43)) - raft.server.log.corruption.policy = EXCEPTION (default)
2019-10-17 18:50:43,753 [pool-37-thread-1] INFO  server.RaftServerConfigKeys (ConfUtils.java:logGet(43)) - raft.server.rpc.timeout.max = 1200ms (custom)
2019-10-17 18:50:43,754 [pool-37-thread-1] INFO  server.RaftServerConfigKeys (ConfUtils.java:logGet(43)) - raft.server.rpcslowness.timeout = 120s (custom)
2019-10-17 18:50:43,754 [pool-77-thread-1] INFO  storage.RaftStorageDirectory (RaftStorageDirectory.java:analyzeStorage(246)) - The storage directory /workdir/hadoop-ozone/integration-test/target/test-dir/MiniOzoneClusterImpl-1add80d3-0bcb-487c-a891-e654dcc55690/datanode-5/data/ratis/d83b5072-3c48-4c0b-91c4-5f52f902b742 does not exist. Creating ...
2019-10-17 18:50:43,754 [pool-37-thread-1] INFO  server.RaftServerConfigKeys (ConfUtils.java:logGet(43)) - raft.server.sleep.deviation.threshold = 300 (default)
2019-10-17 18:50:43,755 [pool-37-thread-1] INFO  server.RaftServerConfigKeys (ConfUtils.java:logGet(43)) - raft.server.log.appender.install.snapshot.enabled = false (custom)
2019-10-17 18:50:43,755 [pool-37-thread-1] INFO  impl.RaftServerImpl (ServerState.java:<init>(103)) - b8f04e38-0663-4b1f-8efd-f76585c6e86c@group-5F52F902B742: ConfigurationManager, init=-1: [b8f04e38-0663-4b1f-8efd-f76585c6e86c:192.168.157.251:35700, abcd8826-c056-4817-bd0f-7af19a46d814:192.168.157.251:46496, 73297ffa-40cb-4e3e-b33e-1bc2c1da60f5:192.168.157.251:32952], old=null, confs=<EMPTY_MAP>
2019-10-17 18:50:43,755 [pool-37-thread-1] INFO  server.RaftServerConfigKeys (ConfUtils.java:logGet(43)) - raft.server.storage.dir = [/workdir/hadoop-ozone/integration-test/target/test-dir/MiniOzoneClusterImpl-1add80d3-0bcb-487c-a891-e654dcc55690/datanode-1/data/ratis] (custom)
2019-10-17 18:50:43,755 [pool-57-thread-1] INFO  impl.RaftServerImpl (RaftServerImpl.java:<init>(104)) - 73297ffa-40cb-4e3e-b33e-1bc2c1da60f5: new RaftServerImpl for group-5F52F902B742:[b8f04e38-0663-4b1f-8efd-f76585c6e86c:192.168.157.251:35700, abcd8826-c056-4817-bd0f-7af19a46d814:192.168.157.251:46496, 73297ffa-40cb-4e3e-b33e-1bc2c1da60f5:192.168.157.251:32952] with ContainerStateMachine:uninitialized
2019-10-17 18:50:43,755 [pool-37-thread-1] INFO  server.RaftServerConfigKeys (ConfUtils.java:logGet(43)) - raft.server.log.corruption.policy = EXCEPTION (default)
2019-10-17 18:50:43,756 [pool-57-thread-1] INFO  server.RaftServerConfigKeys (ConfUtils.java:logGet(43)) - raft.server.rpc.timeout.min = 1s (custom)
2019-10-17 18:50:43,757 [pool-57-thread-1] INFO  server.RaftServerConfigKeys (ConfUtils.java:logGet(43)) - raft.server.rpc.timeout.max = 1200ms (custom)
2019-10-17 18:50:43,757 [pool-37-thread-1] INFO  storage.RaftStorageDirectory (RaftStorageDirectory.java:analyzeStorage(246)) - The storage directory /workdir/hadoop-ozone/integration-test/target/test-dir/MiniOzoneClusterImpl-1add80d3-0bcb-487c-a891-e654dcc55690/datanode-1/data/ratis/d83b5072-3c48-4c0b-91c4-5f52f902b742 does not exist. Creating ...
2019-10-17 18:50:43,757 [pool-57-thread-1] INFO  server.RaftServerConfigKeys (ConfUtils.java:logGet(43)) - raft.server.rpcslowness.timeout = 120s (custom)
2019-10-17 18:50:43,757 [0fe4833c-4439-4309-b94b-508419b07a37@group-9D6F8169C5E6-LeaderElection11] INFO  server.RaftServerConfigKeys (ConfUtils.java:logGet(43)) - raft.server.log.appender.snapshot.chunk.size.max = 16MB (=16777216) (default)
2019-10-17 18:50:43,757 [pool-57-thread-1] INFO  server.RaftServerConfigKeys (ConfUtils.java:logGet(43)) - raft.server.sleep.deviation.threshold = 300 (default)
2019-10-17 18:50:43,758 [0fe4833c-4439-4309-b94b-508419b07a37@group-9D6F8169C5E6-LeaderElection11] INFO  server.RaftServerConfigKeys (ConfUtils.java:logGet(43)) - raft.server.log.appender.buffer.byte-limit = 33554432 (custom)
2019-10-17 18:50:43,758 [pool-57-thread-1] INFO  server.RaftServerConfigKeys (ConfUtils.java:logGet(43)) - raft.server.log.appender.install.snapshot.enabled = false (custom)
2019-10-17 18:50:43,758 [pool-57-thread-1] INFO  impl.RaftServerImpl (ServerState.java:<init>(103)) - 73297ffa-40cb-4e3e-b33e-1bc2c1da60f5@group-5F52F902B742: ConfigurationManager, init=-1: [b8f04e38-0663-4b1f-8efd-f76585c6e86c:192.168.157.251:35700, abcd8826-c056-4817-bd0f-7af19a46d814:192.168.157.251:46496, 73297ffa-40cb-4e3e-b33e-1bc2c1da60f5:192.168.157.251:32952], old=null, confs=<EMPTY_MAP>
2019-10-17 18:50:43,758 [0fe4833c-4439-4309-b94b-508419b07a37@group-9D6F8169C5E6-LeaderElection11] INFO  server.RaftServerConfigKeys (ConfUtils.java:logGet(43)) - raft.server.log.appender.buffer.element-limit = 1 (custom)
2019-10-17 18:50:43,758 [pool-57-thread-1] INFO  server.RaftServerConfigKeys (ConfUtils.java:logGet(43)) - raft.server.storage.dir = [/workdir/hadoop-ozone/integration-test/target/test-dir/MiniOzoneClusterImpl-1add80d3-0bcb-487c-a891-e654dcc55690/datanode-3/data/ratis] (custom)
2019-10-17 18:50:43,759 [pool-57-thread-1] INFO  server.RaftServerConfigKeys (ConfUtils.java:logGet(43)) - raft.server.log.corruption.policy = EXCEPTION (default)
2019-10-17 18:50:43,759 [pool-57-thread-1] INFO  storage.RaftStorageDirectory (RaftStorageDirectory.java:analyzeStorage(246)) - The storage directory /workdir/hadoop-ozone/integration-test/target/test-dir/MiniOzoneClusterImpl-1add80d3-0bcb-487c-a891-e654dcc55690/datanode-3/data/ratis/d83b5072-3c48-4c0b-91c4-5f52f902b742 does not exist. Creating ...
2019-10-17 18:50:43,764 [grpc-default-executor-0] INFO  impl.RaftServerImpl (RaftServerImpl.java:setRole(184)) - a5e79c22-a35f-4e50-b1fd-e91b6a93d74d@group-F775CA5912AC: changes role from  FOLLOWER to FOLLOWER at term 1 for recognizeCandidate:daae7813-f814-475d-9647-a302a5541e36
2019-10-17 18:50:43,765 [grpc-default-executor-4] INFO  impl.RaftServerImpl (RaftServerImpl.java:setRole(184)) - 1e4e1375-1b66-460f-8c99-4c341545a119@group-F775CA5912AC: changes role from  FOLLOWER to FOLLOWER at term 1 for recognizeCandidate:daae7813-f814-475d-9647-a302a5541e36
2019-10-17 18:50:43,765 [grpc-default-executor-0] INFO  impl.RoleInfo (RoleInfo.java:shutdownFollowerState(121)) - a5e79c22-a35f-4e50-b1fd-e91b6a93d74d: shutdown FollowerState
2019-10-17 18:50:43,765 [grpc-default-executor-4] INFO  impl.RoleInfo (RoleInfo.java:shutdownFollowerState(121)) - 1e4e1375-1b66-460f-8c99-4c341545a119: shutdown FollowerState
2019-10-17 18:50:43,765 [Thread-351] INFO  impl.FollowerState (FollowerState.java:run(117)) - a5e79c22-a35f-4e50-b1fd-e91b6a93d74d@group-F775CA5912AC-FollowerState was interrupted: java.lang.InterruptedException: sleep interrupted
2019-10-17 18:50:43,765 [grpc-default-executor-4] INFO  impl.RoleInfo (RoleInfo.java:updateAndGet(143)) - 1e4e1375-1b66-460f-8c99-4c341545a119: start FollowerState
2019-10-17 18:50:43,765 [Thread-352] INFO  impl.FollowerState (FollowerState.java:run(117)) - 1e4e1375-1b66-460f-8c99-4c341545a119@group-F775CA5912AC-FollowerState was interrupted: java.lang.InterruptedException: sleep interrupted
2019-10-17 18:50:43,765 [grpc-default-executor-0] INFO  impl.RoleInfo (RoleInfo.java:updateAndGet(143)) - a5e79c22-a35f-4e50-b1fd-e91b6a93d74d: start FollowerState
2019-10-17 18:50:43,769 [pool-77-thread-1] INFO  storage.RaftStorageDirectory (RaftStorageDirectory.java:tryLock(328)) - Lock on /workdir/hadoop-ozone/integration-test/target/test-dir/MiniOzoneClusterImpl-1add80d3-0bcb-487c-a891-e654dcc55690/datanode-5/data/ratis/d83b5072-3c48-4c0b-91c4-5f52f902b742/in_use.lock acquired by nodename 4964@pr-hdds-2318-qqrts-113280968
2019-10-17 18:50:43,769 [pool-57-thread-1] INFO  storage.RaftStorageDirectory (RaftStorageDirectory.java:tryLock(328)) - Lock on /workdir/hadoop-ozone/integration-test/target/test-dir/MiniOzoneClusterImpl-1add80d3-0bcb-487c-a891-e654dcc55690/datanode-3/data/ratis/d83b5072-3c48-4c0b-91c4-5f52f902b742/in_use.lock acquired by nodename 4964@pr-hdds-2318-qqrts-113280968
2019-10-17 18:50:43,768 [0fe4833c-4439-4309-b94b-508419b07a37@group-9D6F8169C5E6-LeaderElection11] INFO  grpc.GrpcConfigKeys$Server (ConfUtils.java:logGet(43)) - raft.grpc.server.leader.outstanding.appends.max = 128 (default)
2019-10-17 18:50:43,769 [pool-37-thread-1] INFO  storage.RaftStorageDirectory (RaftStorageDirectory.java:tryLock(328)) - Lock on /workdir/hadoop-ozone/integration-test/target/test-dir/MiniOzoneClusterImpl-1add80d3-0bcb-487c-a891-e654dcc55690/datanode-1/data/ratis/d83b5072-3c48-4c0b-91c4-5f52f902b742/in_use.lock acquired by nodename 4964@pr-hdds-2318-qqrts-113280968
2019-10-17 18:50:43,769 [0fe4833c-4439-4309-b94b-508419b07a37@group-9D6F8169C5E6-LeaderElection11] INFO  server.RaftServerConfigKeys (ConfUtils.java:logGet(43)) - raft.server.rpc.request.timeout = 3000ms (default)
2019-10-17 18:50:43,769 [0fe4833c-4439-4309-b94b-508419b07a37@group-9D6F8169C5E6-LeaderElection11] INFO  server.RaftServerConfigKeys (ConfUtils.java:logGet(43)) - raft.server.log.appender.install.snapshot.enabled = false (custom)
2019-10-17 18:50:43,774 [0fe4833c-4439-4309-b94b-508419b07a37@group-9D6F8169C5E6-LeaderElection11] INFO  server.RaftServerConfigKeys (ConfUtils.java:logGet(43)) - raft.server.log.appender.snapshot.chunk.size.max = 16MB (=16777216) (default)
2019-10-17 18:50:43,776 [0fe4833c-4439-4309-b94b-508419b07a37@group-9D6F8169C5E6-LeaderElection11] INFO  server.RaftServerConfigKeys (ConfUtils.java:logGet(43)) - raft.server.log.appender.buffer.byte-limit = 33554432 (custom)
2019-10-17 18:50:43,777 [0fe4833c-4439-4309-b94b-508419b07a37@group-9D6F8169C5E6-LeaderElection11] INFO  server.RaftServerConfigKeys (ConfUtils.java:logGet(43)) - raft.server.log.appender.buffer.element-limit = 1 (custom)
2019-10-17 18:50:43,777 [0fe4833c-4439-4309-b94b-508419b07a37@group-9D6F8169C5E6-LeaderElection11] INFO  grpc.GrpcConfigKeys$Server (ConfUtils.java:logGet(43)) - raft.grpc.server.leader.outstanding.appends.max = 128 (default)
2019-10-17 18:50:43,778 [0fe4833c-4439-4309-b94b-508419b07a37@group-9D6F8169C5E6-LeaderElection11] INFO  server.RaftServerConfigKeys (ConfUtils.java:logGet(43)) - raft.server.rpc.request.timeout = 3000ms (default)
2019-10-17 18:50:43,778 [0fe4833c-4439-4309-b94b-508419b07a37@group-9D6F8169C5E6-LeaderElection11] INFO  server.RaftServerConfigKeys (ConfUtils.java:logGet(43)) - raft.server.log.appender.install.snapshot.enabled = false (custom)
2019-10-17 18:50:43,782 [pool-57-thread-1] INFO  storage.RaftStorage (RaftStorage.java:format(84)) - Storage directory /workdir/hadoop-ozone/integration-test/target/test-dir/MiniOzoneClusterImpl-1add80d3-0bcb-487c-a891-e654dcc55690/datanode-3/data/ratis/d83b5072-3c48-4c0b-91c4-5f52f902b742 has been successfully formatted.
2019-10-17 18:50:43,782 [pool-77-thread-1] INFO  storage.RaftStorage (RaftStorage.java:format(84)) - Storage directory /workdir/hadoop-ozone/integration-test/target/test-dir/MiniOzoneClusterImpl-1add80d3-0bcb-487c-a891-e654dcc55690/datanode-5/data/ratis/d83b5072-3c48-4c0b-91c4-5f52f902b742 has been successfully formatted.
2019-10-17 18:50:43,782 [pool-37-thread-1] INFO  storage.RaftStorage (RaftStorage.java:format(84)) - Storage directory /workdir/hadoop-ozone/integration-test/target/test-dir/MiniOzoneClusterImpl-1add80d3-0bcb-487c-a891-e654dcc55690/datanode-1/data/ratis/d83b5072-3c48-4c0b-91c4-5f52f902b742 has been successfully formatted.
2019-10-17 18:50:43,782 [pool-57-thread-1] INFO  ratis.ContainerStateMachine (ContainerStateMachine.java:loadSnapshot(231)) - group-5F52F902B742: The snapshot info is null. Setting the last applied indexto:(t:0, i:~)
2019-10-17 18:50:43,782 [Thread-366] INFO  impl.FollowerState (FollowerState.java:run(108)) - 1e4e1375-1b66-460f-8c99-4c341545a119@group-F775CA5912AC-FollowerState: change to CANDIDATE, lastRpcTime:17ms, electionTimeout:8ms
2019-10-17 18:50:43,783 [pool-37-thread-1] INFO  ratis.ContainerStateMachine (ContainerStateMachine.java:loadSnapshot(231)) - group-5F52F902B742: The snapshot info is null. Setting the last applied indexto:(t:0, i:~)
2019-10-17 18:50:43,783 [Thread-366] INFO  impl.RoleInfo (RoleInfo.java:shutdownFollowerState(121)) - 1e4e1375-1b66-460f-8c99-4c341545a119: shutdown FollowerState
2019-10-17 18:50:43,783 [pool-57-thread-1] INFO  server.RaftServerConfigKeys (ConfUtils.java:logGet(43)) - raft.server.notification.no-leader.timeout = 120s (custom)
2019-10-17 18:50:43,782 [pool-77-thread-1] INFO  ratis.ContainerStateMachine (ContainerStateMachine.java:loadSnapshot(231)) - group-5F52F902B742: The snapshot info is null. Setting the last applied indexto:(t:0, i:~)
2019-10-17 18:50:43,783 [pool-57-thread-1] INFO  server.RaftServerConfigKeys (ConfUtils.java:logGet(43)) - raft.server.log.use.memory = false (default)
2019-10-17 18:50:43,783 [Thread-366] INFO  impl.RaftServerImpl (RaftServerImpl.java:setRole(184)) - 1e4e1375-1b66-460f-8c99-4c341545a119@group-F775CA5912AC: changes role from  FOLLOWER to CANDIDATE at term 1 for changeToCandidate
2019-10-17 18:50:43,783 [pool-37-thread-1] INFO  server.RaftServerConfigKeys (ConfUtils.java:logGet(43)) - raft.server.notification.no-leader.timeout = 120s (custom)
2019-10-17 18:50:43,783 [Thread-366] INFO  impl.RoleInfo (RoleInfo.java:updateAndGet(143)) - 1e4e1375-1b66-460f-8c99-4c341545a119: start LeaderElection
2019-10-17 18:50:43,783 [pool-57-thread-1] INFO  server.RaftServerConfigKeys (ConfUtils.java:logGet(43)) - raft.server.log.purge.gap = 1000000 (custom)
2019-10-17 18:50:43,783 [pool-77-thread-1] INFO  server.RaftServerConfigKeys (ConfUtils.java:logGet(43)) - raft.server.notification.no-leader.timeout = 120s (custom)
2019-10-17 18:50:43,791 [Thread-357] INFO  impl.FollowerState (FollowerState.java:run(108)) - de8c9e34-1a4b-4ad8-952a-c65e9c1604e8@group-9D6F8169C5E6-FollowerState: change to CANDIDATE, lastRpcTime:104ms, electionTimeout:88ms
2019-10-17 18:50:43,783 [pool-57-thread-1] INFO  server.RaftServerConfigKeys (ConfUtils.java:logGet(43)) - raft.server.log.appender.buffer.byte-limit = 33554432 (custom)
2019-10-17 18:50:43,783 [pool-37-thread-1] INFO  server.RaftServerConfigKeys (ConfUtils.java:logGet(43)) - raft.server.log.use.memory = false (default)
2019-10-17 18:50:43,793 [pool-57-thread-1] INFO  server.RaftServerConfigKeys (ConfUtils.java:logGet(43)) - raft.server.log.segment.size.max = 1048576 (custom)
2019-10-17 18:50:43,793 [Thread-357] INFO  impl.RoleInfo (RoleInfo.java:shutdownFollowerState(121)) - de8c9e34-1a4b-4ad8-952a-c65e9c1604e8: shutdown FollowerState
2019-10-17 18:50:43,793 [pool-57-thread-1] INFO  server.RaftServerConfigKeys (ConfUtils.java:logGet(43)) - raft.server.log.segment.cache.num.max = 2 (custom)
2019-10-17 18:50:43,793 [pool-77-thread-1] INFO  server.RaftServerConfigKeys (ConfUtils.java:logGet(43)) - raft.server.log.use.memory = false (default)
2019-10-17 18:50:43,793 [pool-57-thread-1] INFO  segmented.SegmentedRaftLogWorker (SegmentedRaftLogWorker.java:<init>(173)) - new 73297ffa-40cb-4e3e-b33e-1bc2c1da60f5@group-5F52F902B742-SegmentedRaftLogWorker for RaftStorage:Storage Directory /workdir/hadoop-ozone/integration-test/target/test-dir/MiniOzoneClusterImpl-1add80d3-0bcb-487c-a891-e654dcc55690/datanode-3/data/ratis/d83b5072-3c48-4c0b-91c4-5f52f902b742
2019-10-17 18:50:43,793 [pool-77-thread-1] INFO  server.RaftServerConfigKeys (ConfUtils.java:logGet(43)) - raft.server.log.purge.gap = 1000000 (custom)
2019-10-17 18:50:43,793 [Thread-357] INFO  impl.RaftServerImpl (RaftServerImpl.java:setRole(184)) - de8c9e34-1a4b-4ad8-952a-c65e9c1604e8@group-9D6F8169C5E6: changes role from  FOLLOWER to CANDIDATE at term 1 for changeToCandidate
2019-10-17 18:50:43,793 [0fe4833c-4439-4309-b94b-508419b07a37@group-9D6F8169C5E6-LeaderElection11] INFO  impl.RoleInfo (RoleInfo.java:updateAndGet(143)) - 0fe4833c-4439-4309-b94b-508419b07a37: start LeaderState
2019-10-17 18:50:43,794 [Thread-357] INFO  impl.RoleInfo (RoleInfo.java:updateAndGet(143)) - de8c9e34-1a4b-4ad8-952a-c65e9c1604e8: start LeaderElection
2019-10-17 18:50:43,793 [daae7813-f814-475d-9647-a302a5541e36@group-F775CA5912AC-LeaderElection13] INFO  impl.LeaderElection (LeaderElection.java:logAndReturn(56)) - daae7813-f814-475d-9647-a302a5541e36@group-F775CA5912AC-LeaderElection13: Election PASSED; received 1 response(s) [daae7813-f814-475d-9647-a302a5541e36<-1e4e1375-1b66-460f-8c99-4c341545a119#0:OK-t1] and 0 exception(s); daae7813-f814-475d-9647-a302a5541e36@group-F775CA5912AC:t1, leader=null, voted=daae7813-f814-475d-9647-a302a5541e36, raftlog=daae7813-f814-475d-9647-a302a5541e36@group-F775CA5912AC-SegmentedRaftLog:OPENED:c-1,f-1,i0, conf=-1: [a5e79c22-a35f-4e50-b1fd-e91b6a93d74d:192.168.157.251:45177, daae7813-f814-475d-9647-a302a5541e36:192.168.157.251:45025, 1e4e1375-1b66-460f-8c99-4c341545a119:192.168.157.251:42113], old=null
2019-10-17 18:50:43,793 [pool-37-thread-1] INFO  server.RaftServerConfigKeys (ConfUtils.java:logGet(43)) - raft.server.log.purge.gap = 1000000 (custom)
2019-10-17 18:50:43,794 [daae7813-f814-475d-9647-a302a5541e36@group-F775CA5912AC-LeaderElection13] INFO  impl.RoleInfo (RoleInfo.java:shutdownLeaderElection(134)) - daae7813-f814-475d-9647-a302a5541e36: shutdown LeaderElection
2019-10-17 18:50:43,794 [0fe4833c-4439-4309-b94b-508419b07a37@group-9D6F8169C5E6-LeaderElection11] INFO  segmented.SegmentedRaftLogWorker (SegmentedRaftLogWorker.java:startLogSegment(385)) - 0fe4833c-4439-4309-b94b-508419b07a37@group-9D6F8169C5E6-SegmentedRaftLogWorker: Starting segment from index:0
2019-10-17 18:50:43,794 [pool-77-thread-1] INFO  server.RaftServerConfigKeys (ConfUtils.java:logGet(43)) - raft.server.log.appender.buffer.byte-limit = 33554432 (custom)
2019-10-17 18:50:43,793 [pool-57-thread-1] INFO  server.RaftServerConfigKeys (ConfUtils.java:logGet(43)) - raft.server.log.queue.byte-limit = 2147483647 (custom)
2019-10-17 18:50:43,798 [pool-77-thread-1] INFO  server.RaftServerConfigKeys (ConfUtils.java:logGet(43)) - raft.server.log.segment.size.max = 1048576 (custom)
2019-10-17 18:50:43,797 [pool-37-thread-1] INFO  server.RaftServerConfigKeys (ConfUtils.java:logGet(43)) - raft.server.log.appender.buffer.byte-limit = 33554432 (custom)
2019-10-17 18:50:43,797 [daae7813-f814-475d-9647-a302a5541e36@group-F775CA5912AC-LeaderElection13] INFO  impl.RaftServerImpl (RaftServerImpl.java:setRole(184)) - daae7813-f814-475d-9647-a302a5541e36@group-F775CA5912AC: changes role from CANDIDATE to LEADER at term 1 for changeToLeader
2019-10-17 18:50:43,798 [pool-37-thread-1] INFO  server.RaftServerConfigKeys (ConfUtils.java:logGet(43)) - raft.server.log.segment.size.max = 1048576 (custom)
2019-10-17 18:50:43,798 [0fe4833c-4439-4309-b94b-508419b07a37@group-9D6F8169C5E6-LeaderElection11] INFO  impl.RaftServerImpl (ServerState.java:setRaftConf(357)) - 0fe4833c-4439-4309-b94b-508419b07a37@group-9D6F8169C5E6: set configuration 0: [0fe4833c-4439-4309-b94b-508419b07a37:192.168.157.251:39398, 8f4f8799-ef18-41e5-9bb8-2f724208e999:192.168.157.251:33259, de8c9e34-1a4b-4ad8-952a-c65e9c1604e8:192.168.157.251:40594], old=null at 0
2019-10-17 18:50:43,798 [pool-77-thread-1] INFO  server.RaftServerConfigKeys (ConfUtils.java:logGet(43)) - raft.server.log.segment.cache.num.max = 2 (custom)
2019-10-17 18:50:43,798 [pool-57-thread-1] INFO  server.RaftServerConfigKeys (ConfUtils.java:logGet(43)) - raft.server.log.queue.element-limit = 1024 (custom)
2019-10-17 18:50:43,823 [1e4e1375-1b66-460f-8c99-4c341545a119@group-F775CA5912AC-LeaderElection14] INFO  impl.LeaderElection (LeaderElection.java:askForVotes(178)) - 1e4e1375-1b66-460f-8c99-4c341545a119@group-F775CA5912AC-LeaderElection14: begin an election at term 2 for -1: [a5e79c22-a35f-4e50-b1fd-e91b6a93d74d:192.168.157.251:45177, daae7813-f814-475d-9647-a302a5541e36:192.168.157.251:45025, 1e4e1375-1b66-460f-8c99-4c341545a119:192.168.157.251:42113], old=null
2019-10-17 18:50:43,823 [de8c9e34-1a4b-4ad8-952a-c65e9c1604e8@group-9D6F8169C5E6-LeaderElection15] INFO  impl.LeaderElection (LeaderElection.java:askForVotes(178)) - de8c9e34-1a4b-4ad8-952a-c65e9c1604e8@group-9D6F8169C5E6-LeaderElection15: begin an election at term 2 for -1: [0fe4833c-4439-4309-b94b-508419b07a37:192.168.157.251:39398, 8f4f8799-ef18-41e5-9bb8-2f724208e999:192.168.157.251:33259, de8c9e34-1a4b-4ad8-952a-c65e9c1604e8:192.168.157.251:40594], old=null
2019-10-17 18:50:43,823 [pool-77-thread-1] INFO  segmented.SegmentedRaftLogWorker (SegmentedRaftLogWorker.java:<init>(173)) - new abcd8826-c056-4817-bd0f-7af19a46d814@group-5F52F902B742-SegmentedRaftLogWorker for RaftStorage:Storage Directory /workdir/hadoop-ozone/integration-test/target/test-dir/MiniOzoneClusterImpl-1add80d3-0bcb-487c-a891-e654dcc55690/datanode-5/data/ratis/d83b5072-3c48-4c0b-91c4-5f52f902b742
2019-10-17 18:50:43,823 [pool-77-thread-1] INFO  server.RaftServerConfigKeys (ConfUtils.java:logGet(43)) - raft.server.log.queue.byte-limit = 2147483647 (custom)
2019-10-17 18:50:43,823 [grpc-default-executor-3] INFO  impl.RaftServerImpl (RaftServerImpl.java:requestVote(776)) - 0fe4833c-4439-4309-b94b-508419b07a37@group-9D6F8169C5E6-   LEADER: Withhold vote from candidate 8f4f8799-ef18-41e5-9bb8-2f724208e999 with term 1. State: leader=0fe4833c-4439-4309-b94b-508419b07a37, term=1, lastRpcElapsed=null
2019-10-17 18:50:43,821 [Thread-365] INFO  impl.FollowerState (FollowerState.java:run(108)) - a5e79c22-a35f-4e50-b1fd-e91b6a93d74d@group-F775CA5912AC-FollowerState: change to CANDIDATE, lastRpcTime:55ms, electionTimeout:35ms
2019-10-17 18:50:43,798 [pool-37-thread-1] INFO  server.RaftServerConfigKeys (ConfUtils.java:logGet(43)) - raft.server.log.segment.cache.num.max = 2 (custom)
2019-10-17 18:50:43,824 [Thread-365] INFO  impl.RoleInfo (RoleInfo.java:shutdownFollowerState(121)) - a5e79c22-a35f-4e50-b1fd-e91b6a93d74d: shutdown FollowerState
2019-10-17 18:50:43,798 [daae7813-f814-475d-9647-a302a5541e36@group-F775CA5912AC-LeaderElection13] INFO  impl.RaftServerImpl (ServerState.java:setLeader(256)) - daae7813-f814-475d-9647-a302a5541e36@group-F775CA5912AC: change Leader from null to daae7813-f814-475d-9647-a302a5541e36 at term 1 for becomeLeader, leader elected after 143ms
2019-10-17 18:50:43,825 [Thread-365] INFO  impl.RaftServerImpl (RaftServerImpl.java:setRole(184)) - a5e79c22-a35f-4e50-b1fd-e91b6a93d74d@group-F775CA5912AC: changes role from  FOLLOWER to CANDIDATE at term 1 for changeToCandidate
2019-10-17 18:50:43,827 [daae7813-f814-475d-9647-a302a5541e36@group-F775CA5912AC-LeaderElection13] INFO  server.RaftServerConfigKeys (ConfUtils.java:logGet(43)) - raft.server.staging.catchup.gap = 1000 (default)
2019-10-17 18:50:43,824 [pool-37-thread-1] INFO  segmented.SegmentedRaftLogWorker (SegmentedRaftLogWorker.java:<init>(173)) - new b8f04e38-0663-4b1f-8efd-f76585c6e86c@group-5F52F902B742-SegmentedRaftLogWorker for RaftStorage:Storage Directory /workdir/hadoop-ozone/integration-test/target/test-dir/MiniOzoneClusterImpl-1add80d3-0bcb-487c-a891-e654dcc55690/datanode-1/data/ratis/d83b5072-3c48-4c0b-91c4-5f52f902b742
2019-10-17 18:50:43,823 [pool-77-thread-1] INFO  server.RaftServerConfigKeys (ConfUtils.java:logGet(43)) - raft.server.log.queue.element-limit = 1024 (custom)
2019-10-17 18:50:43,823 [pool-57-thread-1] INFO  server.RaftServerConfigKeys (ConfUtils.java:logGet(43)) - raft.server.log.segment.size.max = 1048576 (custom)
2019-10-17 18:50:43,832 [pool-77-thread-1] INFO  server.RaftServerConfigKeys (ConfUtils.java:logGet(43)) - raft.server.log.segment.size.max = 1048576 (custom)
2019-10-17 18:50:43,832 [de8c9e34-1a4b-4ad8-952a-c65e9c1604e8@group-9D6F8169C5E6-LeaderElection15] INFO  impl.LeaderElection (LeaderElection.java:logAndReturn(56)) - de8c9e34-1a4b-4ad8-952a-c65e9c1604e8@group-9D6F8169C5E6-LeaderElection15: Election TIMEOUT; received 0 response(s) [] and 0 exception(s); de8c9e34-1a4b-4ad8-952a-c65e9c1604e8@group-9D6F8169C5E6:t2, leader=null, voted=de8c9e34-1a4b-4ad8-952a-c65e9c1604e8, raftlog=de8c9e34-1a4b-4ad8-952a-c65e9c1604e8@group-9D6F8169C5E6-SegmentedRaftLog:OPENED:c-1,f-1,i0, conf=-1: [0fe4833c-4439-4309-b94b-508419b07a37:192.168.157.251:39398, 8f4f8799-ef18-41e5-9bb8-2f724208e999:192.168.157.251:33259, de8c9e34-1a4b-4ad8-952a-c65e9c1604e8:192.168.157.251:40594], old=null
2019-10-17 18:50:43,832 [pool-37-thread-1] INFO  server.RaftServerConfigKeys (ConfUtils.java:logGet(43)) - raft.server.log.queue.byte-limit = 2147483647 (custom)
2019-10-17 18:50:43,832 [daae7813-f814-475d-9647-a302a5541e36@group-F775CA5912AC-LeaderElection13] INFO  server.RaftServerConfigKeys (ConfUtils.java:logGet(43)) - raft.server.rpc.sleep.time = 25ms (default)
2019-10-17 18:50:43,831 [Thread-365] INFO  impl.RoleInfo (RoleInfo.java:updateAndGet(143)) - a5e79c22-a35f-4e50-b1fd-e91b6a93d74d: start LeaderElection
2019-10-17 18:50:43,834 [daae7813-f814-475d-9647-a302a5541e36@group-F775CA5912AC-LeaderElection13] INFO  server.RaftServerConfigKeys (ConfUtils.java:logGet(43)) - raft.server.write.element-limit = 4096 (default)
2019-10-17 18:50:43,833 [pool-37-thread-1] INFO  server.RaftServerConfigKeys (ConfUtils.java:logGet(43)) - raft.server.log.queue.element-limit = 1024 (custom)
2019-10-17 18:50:43,832 [pool-77-thread-1] INFO  server.RaftServerConfigKeys (ConfUtils.java:logGet(43)) - raft.server.log.preallocated.size = 16384 (custom)
2019-10-17 18:50:43,832 [pool-57-thread-1] INFO  server.RaftServerConfigKeys (ConfUtils.java:logGet(43)) - raft.server.log.preallocated.size = 16384 (custom)
2019-10-17 18:50:43,837 [pool-77-thread-1] INFO  server.RaftServerConfigKeys (ConfUtils.java:logGet(43)) - raft.server.log.write.buffer.size = 33554432 (custom)
2019-10-17 18:50:43,839 [pool-57-thread-1] INFO  server.RaftServerConfigKeys (ConfUtils.java:logGet(43)) - raft.server.log.write.buffer.size = 33554432 (custom)
2019-10-17 18:50:43,834 [pool-37-thread-1] INFO  server.RaftServerConfigKeys (ConfUtils.java:logGet(43)) - raft.server.log.segment.size.max = 1048576 (custom)
2019-10-17 18:50:43,839 [8f4f8799-ef18-41e5-9bb8-2f724208e999@group-9D6F8169C5E6-LeaderElection12] INFO  impl.LeaderElection (LeaderElection.java:logAndReturn(56)) - 8f4f8799-ef18-41e5-9bb8-2f724208e999@group-9D6F8169C5E6-LeaderElection12: Election REJECTED; received 2 response(s) [8f4f8799-ef18-41e5-9bb8-2f724208e999<-0fe4833c-4439-4309-b94b-508419b07a37#0:FAIL-t1, 8f4f8799-ef18-41e5-9bb8-2f724208e999<-de8c9e34-1a4b-4ad8-952a-c65e9c1604e8#0:FAIL-t1] and 0 exception(s); 8f4f8799-ef18-41e5-9bb8-2f724208e999@group-9D6F8169C5E6:t1, leader=null, voted=8f4f8799-ef18-41e5-9bb8-2f724208e999, raftlog=8f4f8799-ef18-41e5-9bb8-2f724208e999@group-9D6F8169C5E6-SegmentedRaftLog:OPENED:c-1,f-1,i0, conf=-1: [0fe4833c-4439-4309-b94b-508419b07a37:192.168.157.251:39398, 8f4f8799-ef18-41e5-9bb8-2f724208e999:192.168.157.251:33259, de8c9e34-1a4b-4ad8-952a-c65e9c1604e8:192.168.157.251:40594], old=null
2019-10-17 18:50:43,834 [daae7813-f814-475d-9647-a302a5541e36@group-F775CA5912AC-LeaderElection13] INFO  server.RaftServerConfigKeys (ConfUtils.java:logGet(43)) - raft.server.watch.timeout = 10s (default)
2019-10-17 18:50:43,839 [pool-37-thread-1] INFO  server.RaftServerConfigKeys (ConfUtils.java:logGet(43)) - raft.server.log.preallocated.size = 16384 (custom)
2019-10-17 18:50:43,839 [pool-57-thread-1] INFO  server.RaftServerConfigKeys (ConfUtils.java:logGet(43)) - raft.server.log.force.sync.num = 128 (default)
2019-10-17 18:50:43,839 [pool-77-thread-1] INFO  server.RaftServerConfigKeys (ConfUtils.java:logGet(43)) - raft.server.log.force.sync.num = 128 (default)
2019-10-17 18:50:43,841 [pool-57-thread-1] INFO  server.RaftServerConfigKeys (ConfUtils.java:logGet(43)) - raft.server.log.statemachine.data.sync = true (default)
2019-10-17 18:50:43,841 [pool-37-thread-1] INFO  server.RaftServerConfigKeys (ConfUtils.java:logGet(43)) - raft.server.log.write.buffer.size = 33554432 (custom)
2019-10-17 18:50:43,839 [daae7813-f814-475d-9647-a302a5541e36@group-F775CA5912AC-LeaderElection13] INFO  server.RaftServerConfigKeys (ConfUtils.java:logGet(43)) - raft.server.watch.timeout.denomination = 1s (default)
2019-10-17 18:50:43,839 [8f4f8799-ef18-41e5-9bb8-2f724208e999@group-9D6F8169C5E6-LeaderElection12] INFO  impl.RaftServerImpl (RaftServerImpl.java:setRole(184)) - 8f4f8799-ef18-41e5-9bb8-2f724208e999@group-9D6F8169C5E6: changes role from CANDIDATE to FOLLOWER at term 1 for DISCOVERED_A_NEW_TERM
2019-10-17 18:50:43,841 [daae7813-f814-475d-9647-a302a5541e36@group-F775CA5912AC-LeaderElection13] INFO  server.RaftServerConfigKeys (ConfUtils.java:logGet(43)) - raft.server.watch.element-limit = 65536 (default)
2019-10-17 18:50:43,841 [pool-37-thread-1] INFO  server.RaftServerConfigKeys (ConfUtils.java:logGet(43)) - raft.server.log.force.sync.num = 128 (default)
2019-10-17 18:50:43,841 [pool-57-thread-1] INFO  server.RaftServerConfigKeys (ConfUtils.java:logGet(43)) - raft.server.log.statemachine.data.sync.timeout = 10s (default)
2019-10-17 18:50:43,841 [pool-77-thread-1] INFO  server.RaftServerConfigKeys (ConfUtils.java:logGet(43)) - raft.server.log.statemachine.data.sync = true (default)
2019-10-17 18:50:43,842 [pool-57-thread-1] INFO  server.RaftServerConfigKeys (ConfUtils.java:logGet(43)) - raft.server.log.statemachine.data.sync.timeout.retry = -1 (default)
2019-10-17 18:50:43,842 [pool-37-thread-1] INFO  server.RaftServerConfigKeys (ConfUtils.java:logGet(43)) - raft.server.log.statemachine.data.sync = true (default)
2019-10-17 18:50:43,841 [8f4f8799-ef18-41e5-9bb8-2f724208e999@group-9D6F8169C5E6-LeaderElection12] INFO  impl.RoleInfo (RoleInfo.java:shutdownLeaderElection(134)) - 8f4f8799-ef18-41e5-9bb8-2f724208e999: shutdown LeaderElection
2019-10-17 18:50:43,842 [pool-37-thread-1] INFO  server.RaftServerConfigKeys (ConfUtils.java:logGet(43)) - raft.server.log.statemachine.data.sync.timeout = 10s (default)
2019-10-17 18:50:43,842 [pool-57-thread-1] INFO  server.RaftServerConfigKeys (ConfUtils.java:logGet(43)) - raft.server.log.statemachine.data.caching.enabled = true (custom)
2019-10-17 18:50:43,842 [pool-77-thread-1] INFO  server.RaftServerConfigKeys (ConfUtils.java:logGet(43)) - raft.server.log.statemachine.data.sync.timeout = 10s (default)
2019-10-17 18:50:43,842 [pool-37-thread-1] INFO  server.RaftServerConfigKeys (ConfUtils.java:logGet(43)) - raft.server.log.statemachine.data.sync.timeout.retry = -1 (default)
2019-10-17 18:50:43,842 [8f4f8799-ef18-41e5-9bb8-2f724208e999@group-9D6F8169C5E6-LeaderElection12] INFO  impl.RoleInfo (RoleInfo.java:updateAndGet(143)) - 8f4f8799-ef18-41e5-9bb8-2f724208e999: start FollowerState
2019-10-17 18:50:43,842 [pool-77-thread-1] INFO  server.RaftServerConfigKeys (ConfUtils.java:logGet(43)) - raft.server.log.statemachine.data.sync.timeout.retry = -1 (default)
2019-10-17 18:50:43,843 [pool-37-thread-1] INFO  server.RaftServerConfigKeys (ConfUtils.java:logGet(43)) - raft.server.log.statemachine.data.caching.enabled = true (custom)
2019-10-17 18:50:43,844 [pool-77-thread-1] INFO  server.RaftServerConfigKeys (ConfUtils.java:logGet(43)) - raft.server.log.statemachine.data.caching.enabled = true (custom)
2019-10-17 18:50:43,846 [grpc-default-executor-3] INFO  impl.RaftServerImpl (ServerState.java:setLeader(256)) - 0fe4833c-4439-4309-b94b-508419b07a37@group-9D6F8169C5E6: change Leader from 0fe4833c-4439-4309-b94b-508419b07a37 to null at term 2 for updateCurrentTerm
2019-10-17 18:50:43,847 [grpc-default-executor-3] INFO  impl.RaftServerImpl (RaftServerImpl.java:setRole(184)) - 0fe4833c-4439-4309-b94b-508419b07a37@group-9D6F8169C5E6: changes role from    LEADER to FOLLOWER at term 2 for recognizeCandidate:de8c9e34-1a4b-4ad8-952a-c65e9c1604e8
2019-10-17 18:50:43,847 [grpc-default-executor-3] INFO  impl.RoleInfo (RoleInfo.java:shutdownLeaderState(104)) - 0fe4833c-4439-4309-b94b-508419b07a37: shutdown LeaderState
2019-10-17 18:50:43,848 [daae7813-f814-475d-9647-a302a5541e36@group-F775CA5912AC-LeaderElection13] INFO  server.RaftServerConfigKeys (ConfUtils.java:logGet(43)) - raft.server.log.appender.snapshot.chunk.size.max = 16MB (=16777216) (default)
2019-10-17 18:50:43,850 [daae7813-f814-475d-9647-a302a5541e36@group-F775CA5912AC-LeaderElection13] INFO  server.RaftServerConfigKeys (ConfUtils.java:logGet(43)) - raft.server.log.appender.buffer.byte-limit = 33554432 (custom)
2019-10-17 18:50:43,850 [daae7813-f814-475d-9647-a302a5541e36@group-F775CA5912AC-LeaderElection13] INFO  server.RaftServerConfigKeys (ConfUtils.java:logGet(43)) - raft.server.log.appender.buffer.element-limit = 1 (custom)
2019-10-17 18:50:43,850 [grpc-default-executor-0] INFO  impl.RaftServerImpl (RaftServerImpl.java:setRole(184)) - 8f4f8799-ef18-41e5-9bb8-2f724208e999@group-9D6F8169C5E6: changes role from  FOLLOWER to FOLLOWER at term 2 for recognizeCandidate:de8c9e34-1a4b-4ad8-952a-c65e9c1604e8
2019-10-17 18:50:43,851 [daae7813-f814-475d-9647-a302a5541e36@group-F775CA5912AC-LeaderElection13] INFO  grpc.GrpcConfigKeys$Server (ConfUtils.java:logGet(43)) - raft.grpc.server.leader.outstanding.appends.max = 128 (default)
2019-10-17 18:50:43,852 [daae7813-f814-475d-9647-a302a5541e36@group-F775CA5912AC-LeaderElection13] INFO  server.RaftServerConfigKeys (ConfUtils.java:logGet(43)) - raft.server.rpc.request.timeout = 3000ms (default)
2019-10-17 18:50:43,852 [grpc-default-executor-3] INFO  impl.PendingRequests (PendingRequests.java:sendNotLeaderResponses(202)) - 0fe4833c-4439-4309-b94b-508419b07a37@group-9D6F8169C5E6-PendingRequests: sendNotLeaderResponses
2019-10-17 18:50:43,852 [daae7813-f814-475d-9647-a302a5541e36@group-F775CA5912AC-LeaderElection13] INFO  server.RaftServerConfigKeys (ConfUtils.java:logGet(43)) - raft.server.log.appender.install.snapshot.enabled = false (custom)
2019-10-17 18:50:43,852 [grpc-default-executor-0] INFO  impl.RoleInfo (RoleInfo.java:shutdownFollowerState(121)) - 8f4f8799-ef18-41e5-9bb8-2f724208e999: shutdown FollowerState
2019-10-17 18:50:43,853 [grpc-default-executor-0] INFO  impl.RoleInfo (RoleInfo.java:updateAndGet(143)) - 8f4f8799-ef18-41e5-9bb8-2f724208e999: start FollowerState
2019-10-17 18:50:43,853 [Thread-376] INFO  impl.FollowerState (FollowerState.java:run(117)) - 8f4f8799-ef18-41e5-9bb8-2f724208e999@group-9D6F8169C5E6-FollowerState was interrupted: java.lang.InterruptedException: sleep interrupted
2019-10-17 18:50:43,854 [org.apache.ratis.server.impl.LogAppender$AppenderDaemon$$Lambda$419/657957689@18d7ba04] WARN  server.GrpcLogAppender (GrpcLogAppender.java:mayWait(149)) - 0fe4833c-4439-4309-b94b-508419b07a37@group-9D6F8169C5E6->8f4f8799-ef18-41e5-9bb8-2f724208e999-GrpcLogAppender: Wait interrupted by java.lang.InterruptedException
2019-10-17 18:50:43,861 [org.apache.ratis.server.impl.LogAppender$AppenderDaemon$$Lambda$419/657957689@6258467d] WARN  server.GrpcLogAppender (GrpcLogAppender.java:mayWait(149)) - 0fe4833c-4439-4309-b94b-508419b07a37@group-9D6F8169C5E6->de8c9e34-1a4b-4ad8-952a-c65e9c1604e8-GrpcLogAppender: Wait interrupted by java.lang.InterruptedException
2019-10-17 18:50:43,874 [0fe4833c-4439-4309-b94b-508419b07a37@group-9D6F8169C5E6-SegmentedRaftLogWorker] INFO  segmented.SegmentedRaftLogWorker (SegmentedRaftLogWorker.java:execute(576)) - 0fe4833c-4439-4309-b94b-508419b07a37@group-9D6F8169C5E6-SegmentedRaftLogWorker: created new log segment /workdir/hadoop-ozone/integration-test/target/test-dir/MiniOzoneClusterImpl-1add80d3-0bcb-487c-a891-e654dcc55690/datanode-6/data/ratis/975d0cea-1227-4002-9576-9d6f8169c5e6/current/log_inprogress_0
2019-10-17 18:50:43,876 [pool-37-thread-1] INFO  segmented.SegmentedRaftLogWorker (SegmentedRaftLogWorker.java:lambda$new$0(128)) - b8f04e38-0663-4b1f-8efd-f76585c6e86c@group-5F52F902B742-SegmentedRaftLogWorker: flushIndex: setUnconditionally 0 -> -1
2019-10-17 18:50:43,876 [pool-77-thread-1] INFO  segmented.SegmentedRaftLogWorker (SegmentedRaftLogWorker.java:lambda$new$0(128)) - abcd8826-c056-4817-bd0f-7af19a46d814@group-5F52F902B742-SegmentedRaftLogWorker: flushIndex: setUnconditionally 0 -> -1
2019-10-17 18:50:43,876 [pool-57-thread-1] INFO  segmented.SegmentedRaftLogWorker (SegmentedRaftLogWorker.java:lambda$new$0(128)) - 73297ffa-40cb-4e3e-b33e-1bc2c1da60f5@group-5F52F902B742-SegmentedRaftLogWorker: flushIndex: setUnconditionally 0 -> -1
2019-10-17 18:50:43,876 [pool-37-thread-1] INFO  server.RaftServerConfigKeys (ConfUtils.java:logGet(43)) - raft.server.snapshot.auto.trigger.enabled = true (custom)
2019-10-17 18:50:43,876 [pool-77-thread-1] INFO  server.RaftServerConfigKeys (ConfUtils.java:logGet(43)) - raft.server.snapshot.auto.trigger.enabled = true (custom)
2019-10-17 18:50:43,877 [grpc-default-executor-3] INFO  impl.RoleInfo (RoleInfo.java:updateAndGet(143)) - 0fe4833c-4439-4309-b94b-508419b07a37: start FollowerState
2019-10-17 18:50:43,877 [pool-57-thread-1] INFO  server.RaftServerConfigKeys (ConfUtils.java:logGet(43)) - raft.server.snapshot.auto.trigger.enabled = true (custom)
2019-10-17 18:50:43,876 [pool-37-thread-1] INFO  server.RaftServerConfigKeys (ConfUtils.java:logGet(43)) - raft.server.snapshot.auto.trigger.threshold = 10000 (custom)
2019-10-17 18:50:43,877 [pool-57-thread-1] INFO  server.RaftServerConfigKeys (ConfUtils.java:logGet(43)) - raft.server.snapshot.auto.trigger.threshold = 10000 (custom)
2019-10-17 18:50:43,877 [daae7813-f814-475d-9647-a302a5541e36@group-F775CA5912AC-LeaderElection13] INFO  server.RaftServerConfigKeys (ConfUtils.java:logGet(43)) - raft.server.log.appender.snapshot.chunk.size.max = 16MB (=16777216) (default)
2019-10-17 18:50:43,877 [pool-77-thread-1] INFO  server.RaftServerConfigKeys (ConfUtils.java:logGet(43)) - raft.server.snapshot.auto.trigger.threshold = 10000 (custom)
2019-10-17 18:50:43,877 [daae7813-f814-475d-9647-a302a5541e36@group-F775CA5912AC-LeaderElection13] INFO  server.RaftServerConfigKeys (ConfUtils.java:logGet(43)) - raft.server.log.appender.buffer.byte-limit = 33554432 (custom)
2019-10-17 18:50:43,877 [pool-57-thread-1] INFO  server.RaftServerConfigKeys (ConfUtils.java:logGet(43)) - raft.server.snapshot.retention.file.num = 5 (custom)
2019-10-17 18:50:43,877 [pool-37-thread-1] INFO  server.RaftServerConfigKeys (ConfUtils.java:logGet(43)) - raft.server.snapshot.retention.file.num = 5 (custom)
2019-10-17 18:50:43,878 [pool-57-thread-1] INFO  server.RaftServerConfigKeys (ConfUtils.java:logGet(43)) - raft.server.retrycache.expirytime = 600000ms (custom)
2019-10-17 18:50:43,878 [daae7813-f814-475d-9647-a302a5541e36@group-F775CA5912AC-LeaderElection13] INFO  server.RaftServerConfigKeys (ConfUtils.java:logGet(43)) - raft.server.log.appender.buffer.element-limit = 1 (custom)
2019-10-17 18:50:43,878 [pool-77-thread-1] INFO  server.RaftServerConfigKeys (ConfUtils.java:logGet(43)) - raft.server.snapshot.retention.file.num = 5 (custom)
2019-10-17 18:50:43,878 [daae7813-f814-475d-9647-a302a5541e36@group-F775CA5912AC-LeaderElection13] INFO  grpc.GrpcConfigKeys$Server (ConfUtils.java:logGet(43)) - raft.grpc.server.leader.outstanding.appends.max = 128 (default)
2019-10-17 18:50:43,878 [pool-37-thread-1] INFO  server.RaftServerConfigKeys (ConfUtils.java:logGet(43)) - raft.server.retrycache.expirytime = 600000ms (custom)
2019-10-17 18:50:43,878 [daae7813-f814-475d-9647-a302a5541e36@group-F775CA5912AC-LeaderElection13] INFO  server.RaftServerConfigKeys (ConfUtils.java:logGet(43)) - raft.server.rpc.request.timeout = 3000ms (default)
2019-10-17 18:50:43,878 [pool-77-thread-1] INFO  server.RaftServerConfigKeys (ConfUtils.java:logGet(43)) - raft.server.retrycache.expirytime = 600000ms (custom)
2019-10-17 18:50:43,879 [daae7813-f814-475d-9647-a302a5541e36@group-F775CA5912AC-LeaderElection13] INFO  server.RaftServerConfigKeys (ConfUtils.java:logGet(43)) - raft.server.log.appender.install.snapshot.enabled = false (custom)
2019-10-17 18:50:43,879 [grpc-default-executor-1] INFO  server.GrpcServerProtocolService (GrpcServerProtocolService.java:onCompleted(113)) - 8f4f8799-ef18-41e5-9bb8-2f724208e999: Completed APPEND_ENTRIES, lastRequest: null
2019-10-17 18:50:43,879 [grpc-default-executor-5] INFO  server.GrpcServerProtocolService (GrpcServerProtocolService.java:onCompleted(113)) - de8c9e34-1a4b-4ad8-952a-c65e9c1604e8: Completed APPEND_ENTRIES, lastRequest: null
2019-10-17 18:50:43,884 [grpc-default-executor-1] INFO  server.GrpcLogAppender (GrpcLogAppender.java:onCompleted(308)) - 0fe4833c-4439-4309-b94b-508419b07a37@group-9D6F8169C5E6->8f4f8799-ef18-41e5-9bb8-2f724208e999-AppendLogResponseHandler: follower responses appendEntries COMPLETED
2019-10-17 18:50:43,884 [grpc-default-executor-5] INFO  server.GrpcLogAppender (GrpcLogAppender.java:onCompleted(308)) - 0fe4833c-4439-4309-b94b-508419b07a37@group-9D6F8169C5E6->de8c9e34-1a4b-4ad8-952a-c65e9c1604e8-AppendLogResponseHandler: follower responses appendEntries COMPLETED
2019-10-17 18:50:43,891 [de8c9e34-1a4b-4ad8-952a-c65e9c1604e8@group-9D6F8169C5E6-LeaderElection15] INFO  impl.LeaderElection (LeaderElection.java:askForVotes(178)) - de8c9e34-1a4b-4ad8-952a-c65e9c1604e8@group-9D6F8169C5E6-LeaderElection15: begin an election at term 3 for -1: [0fe4833c-4439-4309-b94b-508419b07a37:192.168.157.251:39398, 8f4f8799-ef18-41e5-9bb8-2f724208e999:192.168.157.251:33259, de8c9e34-1a4b-4ad8-952a-c65e9c1604e8:192.168.157.251:40594], old=null
2019-10-17 18:50:43,891 [a5e79c22-a35f-4e50-b1fd-e91b6a93d74d@group-F775CA5912AC-LeaderElection16] INFO  impl.LeaderElection (LeaderElection.java:askForVotes(178)) - a5e79c22-a35f-4e50-b1fd-e91b6a93d74d@group-F775CA5912AC-LeaderElection16: begin an election at term 2 for -1: [a5e79c22-a35f-4e50-b1fd-e91b6a93d74d:192.168.157.251:45177, daae7813-f814-475d-9647-a302a5541e36:192.168.157.251:45025, 1e4e1375-1b66-460f-8c99-4c341545a119:192.168.157.251:42113], old=null
2019-10-17 18:50:43,895 [grpc-default-executor-1] INFO  impl.FollowerInfo (FollowerInfo.java:lambda$new$0(51)) - 0fe4833c-4439-4309-b94b-508419b07a37@group-9D6F8169C5E6->8f4f8799-ef18-41e5-9bb8-2f724208e999: nextIndex: updateUnconditionally 0 -> 0
2019-10-17 18:50:43,895 [grpc-default-executor-5] INFO  impl.FollowerInfo (FollowerInfo.java:lambda$new$0(51)) - 0fe4833c-4439-4309-b94b-508419b07a37@group-9D6F8169C5E6->de8c9e34-1a4b-4ad8-952a-c65e9c1604e8: nextIndex: updateUnconditionally 0 -> 0
2019-10-17 18:50:43,912 [pool-57-thread-1] INFO  impl.RaftServerImpl (RaftServerImpl.java:start(195)) - 73297ffa-40cb-4e3e-b33e-1bc2c1da60f5@group-5F52F902B742: start as a follower, conf=-1: [b8f04e38-0663-4b1f-8efd-f76585c6e86c:192.168.157.251:35700, abcd8826-c056-4817-bd0f-7af19a46d814:192.168.157.251:46496, 73297ffa-40cb-4e3e-b33e-1bc2c1da60f5:192.168.157.251:32952], old=null
2019-10-17 18:50:43,912 [pool-57-thread-1] INFO  impl.RaftServerImpl (RaftServerImpl.java:setRole(184)) - 73297ffa-40cb-4e3e-b33e-1bc2c1da60f5@group-5F52F902B742: changes role from      null to FOLLOWER at term 0 for startAsFollower
2019-10-17 18:50:43,913 [pool-57-thread-1] INFO  impl.RoleInfo (RoleInfo.java:updateAndGet(143)) - 73297ffa-40cb-4e3e-b33e-1bc2c1da60f5: start FollowerState
2019-10-17 18:50:43,913 [grpc-default-executor-1] INFO  impl.RaftServerImpl (RaftServerImpl.java:setRole(184)) - 8f4f8799-ef18-41e5-9bb8-2f724208e999@group-9D6F8169C5E6: changes role from  FOLLOWER to FOLLOWER at term 3 for recognizeCandidate:de8c9e34-1a4b-4ad8-952a-c65e9c1604e8
2019-10-17 18:50:43,913 [grpc-default-executor-1] INFO  impl.RoleInfo (RoleInfo.java:shutdownFollowerState(121)) - 8f4f8799-ef18-41e5-9bb8-2f724208e999: shutdown FollowerState
2019-10-17 18:50:43,913 [pool-57-thread-1] INFO  util.JmxRegister (JmxRegister.java:tryRegister(44)) - Successfully registered JMX Bean with object name Ratis:service=RaftServer,group=group-5F52F902B742,id=73297ffa-40cb-4e3e-b33e-1bc2c1da60f5
2019-10-17 18:50:43,916 [Thread-378] INFO  impl.FollowerState (FollowerState.java:run(117)) - 8f4f8799-ef18-41e5-9bb8-2f724208e999@group-9D6F8169C5E6-FollowerState was interrupted: java.lang.InterruptedException: sleep interrupted
2019-10-17 18:50:43,916 [grpc-default-executor-1] INFO  impl.RoleInfo (RoleInfo.java:updateAndGet(143)) - 8f4f8799-ef18-41e5-9bb8-2f724208e999: start FollowerState
2019-10-17 18:50:43,917 [pool-37-thread-1] INFO  impl.RaftServerImpl (RaftServerImpl.java:start(195)) - b8f04e38-0663-4b1f-8efd-f76585c6e86c@group-5F52F902B742: start as a follower, conf=-1: [b8f04e38-0663-4b1f-8efd-f76585c6e86c:192.168.157.251:35700, abcd8826-c056-4817-bd0f-7af19a46d814:192.168.157.251:46496, 73297ffa-40cb-4e3e-b33e-1bc2c1da60f5:192.168.157.251:32952], old=null
2019-10-17 18:50:43,917 [grpc-default-executor-5] INFO  impl.RaftServerImpl (RaftServerImpl.java:setRole(184)) - 0fe4833c-4439-4309-b94b-508419b07a37@group-9D6F8169C5E6: changes role from  FOLLOWER to FOLLOWER at term 3 for recognizeCandidate:de8c9e34-1a4b-4ad8-952a-c65e9c1604e8
2019-10-17 18:50:43,918 [pool-37-thread-1] INFO  impl.RaftServerImpl (RaftServerImpl.java:setRole(184)) - b8f04e38-0663-4b1f-8efd-f76585c6e86c@group-5F52F902B742: changes role from      null to FOLLOWER at term 0 for startAsFollower
2019-10-17 18:50:43,918 [grpc-default-executor-5] INFO  impl.RoleInfo (RoleInfo.java:shutdownFollowerState(121)) - 0fe4833c-4439-4309-b94b-508419b07a37: shutdown FollowerState
2019-10-17 18:50:43,918 [pool-37-thread-1] INFO  impl.RoleInfo (RoleInfo.java:updateAndGet(143)) - b8f04e38-0663-4b1f-8efd-f76585c6e86c: start FollowerState
2019-10-17 18:50:43,919 [Thread-379] INFO  impl.FollowerState (FollowerState.java:run(117)) - 0fe4833c-4439-4309-b94b-508419b07a37@group-9D6F8169C5E6-FollowerState was interrupted: java.lang.InterruptedException: sleep interrupted
2019-10-17 18:50:43,920 [pool-77-thread-1] INFO  impl.RaftServerImpl (RaftServerImpl.java:start(195)) - abcd8826-c056-4817-bd0f-7af19a46d814@group-5F52F902B742: start as a follower, conf=-1: [b8f04e38-0663-4b1f-8efd-f76585c6e86c:192.168.157.251:35700, abcd8826-c056-4817-bd0f-7af19a46d814:192.168.157.251:46496, 73297ffa-40cb-4e3e-b33e-1bc2c1da60f5:192.168.157.251:32952], old=null
2019-10-17 18:50:43,919 [grpc-default-executor-5] INFO  impl.RoleInfo (RoleInfo.java:updateAndGet(143)) - 0fe4833c-4439-4309-b94b-508419b07a37: start FollowerState
2019-10-17 18:50:43,922 [pool-77-thread-1] INFO  impl.RaftServerImpl (RaftServerImpl.java:setRole(184)) - abcd8826-c056-4817-bd0f-7af19a46d814@group-5F52F902B742: changes role from      null to FOLLOWER at term 0 for startAsFollower
2019-10-17 18:50:43,922 [pool-37-thread-1] INFO  util.JmxRegister (JmxRegister.java:tryRegister(44)) - Successfully registered JMX Bean with object name Ratis:service=RaftServer,group=group-5F52F902B742,id=b8f04e38-0663-4b1f-8efd-f76585c6e86c
2019-10-17 18:50:43,920 [daae7813-f814-475d-9647-a302a5541e36@group-F775CA5912AC-LeaderElection13] INFO  impl.RoleInfo (RoleInfo.java:updateAndGet(143)) - daae7813-f814-475d-9647-a302a5541e36: start LeaderState
2019-10-17 18:50:43,922 [pool-77-thread-1] INFO  impl.RoleInfo (RoleInfo.java:updateAndGet(143)) - abcd8826-c056-4817-bd0f-7af19a46d814: start FollowerState
2019-10-17 18:50:43,925 [daae7813-f814-475d-9647-a302a5541e36@group-F775CA5912AC-LeaderElection13] INFO  segmented.SegmentedRaftLogWorker (SegmentedRaftLogWorker.java:startLogSegment(385)) - daae7813-f814-475d-9647-a302a5541e36@group-F775CA5912AC-SegmentedRaftLogWorker: Starting segment from index:0
2019-10-17 18:50:43,925 [pool-77-thread-1] INFO  util.JmxRegister (JmxRegister.java:tryRegister(44)) - Successfully registered JMX Bean with object name Ratis:service=RaftServer,group=group-5F52F902B742,id=abcd8826-c056-4817-bd0f-7af19a46d814
2019-10-17 18:50:43,926 [daae7813-f814-475d-9647-a302a5541e36@group-F775CA5912AC-LeaderElection13] INFO  impl.RaftServerImpl (ServerState.java:setRaftConf(357)) - daae7813-f814-475d-9647-a302a5541e36@group-F775CA5912AC: set configuration 0: [a5e79c22-a35f-4e50-b1fd-e91b6a93d74d:192.168.157.251:45177, daae7813-f814-475d-9647-a302a5541e36:192.168.157.251:45025, 1e4e1375-1b66-460f-8c99-4c341545a119:192.168.157.251:42113], old=null at 0
2019-10-17 18:50:43,926 [grpc-default-executor-3] INFO  impl.RaftServerImpl (ServerState.java:setLeader(256)) - daae7813-f814-475d-9647-a302a5541e36@group-F775CA5912AC: change Leader from daae7813-f814-475d-9647-a302a5541e36 to null at term 2 for updateCurrentTerm
2019-10-17 18:50:43,927 [grpc-default-executor-3] INFO  impl.RaftServerImpl (RaftServerImpl.java:setRole(184)) - daae7813-f814-475d-9647-a302a5541e36@group-F775CA5912AC: changes role from    LEADER to FOLLOWER at term 2 for recognizeCandidate:a5e79c22-a35f-4e50-b1fd-e91b6a93d74d
2019-10-17 18:50:43,927 [grpc-default-executor-3] INFO  impl.RoleInfo (RoleInfo.java:shutdownLeaderState(104)) - daae7813-f814-475d-9647-a302a5541e36: shutdown LeaderState
2019-10-17 18:50:43,952 [Thread-389] INFO  impl.FollowerState (FollowerState.java:run(108)) - 73297ffa-40cb-4e3e-b33e-1bc2c1da60f5@group-5F52F902B742-FollowerState: change to CANDIDATE, lastRpcTime:39ms, electionTimeout:33ms
2019-10-17 18:50:43,953 [grpc-default-executor-3] INFO  impl.PendingRequests (PendingRequests.java:sendNotLeaderResponses(202)) - daae7813-f814-475d-9647-a302a5541e36@group-F775CA5912AC-PendingRequests: sendNotLeaderResponses
2019-10-17 18:50:43,954 [org.apache.ratis.server.impl.LogAppender$AppenderDaemon$$Lambda$419/657957689@6afc2f7d] WARN  server.GrpcLogAppender (GrpcLogAppender.java:mayWait(149)) - daae7813-f814-475d-9647-a302a5541e36@group-F775CA5912AC->a5e79c22-a35f-4e50-b1fd-e91b6a93d74d-GrpcLogAppender: Wait interrupted by java.lang.InterruptedException
2019-10-17 18:50:43,953 [Thread-389] INFO  impl.RoleInfo (RoleInfo.java:shutdownFollowerState(121)) - 73297ffa-40cb-4e3e-b33e-1bc2c1da60f5: shutdown FollowerState
2019-10-17 18:50:43,953 [org.apache.ratis.server.impl.LogAppender$AppenderDaemon$$Lambda$419/657957689@5bdcc6ba] WARN  server.GrpcLogAppender (GrpcLogAppender.java:mayWait(149)) - daae7813-f814-475d-9647-a302a5541e36@group-F775CA5912AC->1e4e1375-1b66-460f-8c99-4c341545a119-GrpcLogAppender: Wait interrupted by java.lang.InterruptedException
2019-10-17 18:50:43,955 [Thread-389] INFO  impl.RaftServerImpl (RaftServerImpl.java:setRole(184)) - 73297ffa-40cb-4e3e-b33e-1bc2c1da60f5@group-5F52F902B742: changes role from  FOLLOWER to CANDIDATE at term 0 for changeToCandidate
2019-10-17 18:50:43,955 [grpc-default-executor-3] INFO  impl.RoleInfo (RoleInfo.java:updateAndGet(143)) - daae7813-f814-475d-9647-a302a5541e36: start FollowerState
2019-10-17 18:50:43,956 [de8c9e34-1a4b-4ad8-952a-c65e9c1604e8@group-9D6F8169C5E6-LeaderElection15] INFO  impl.LeaderElection (LeaderElection.java:logAndReturn(56)) - de8c9e34-1a4b-4ad8-952a-c65e9c1604e8@group-9D6F8169C5E6-LeaderElection15: Election TIMEOUT; received 0 response(s) [] and 0 exception(s); de8c9e34-1a4b-4ad8-952a-c65e9c1604e8@group-9D6F8169C5E6:t3, leader=null, voted=de8c9e34-1a4b-4ad8-952a-c65e9c1604e8, raftlog=de8c9e34-1a4b-4ad8-952a-c65e9c1604e8@group-9D6F8169C5E6-SegmentedRaftLog:OPENED:c-1,f-1,i0, conf=-1: [0fe4833c-4439-4309-b94b-508419b07a37:192.168.157.251:39398, 8f4f8799-ef18-41e5-9bb8-2f724208e999:192.168.157.251:33259, de8c9e34-1a4b-4ad8-952a-c65e9c1604e8:192.168.157.251:40594], old=null
2019-10-17 18:50:43,956 [Thread-389] INFO  impl.RoleInfo (RoleInfo.java:updateAndGet(143)) - 73297ffa-40cb-4e3e-b33e-1bc2c1da60f5: start LeaderElection
2019-10-17 18:50:43,960 [grpc-default-executor-4] INFO  server.GrpcServerProtocolService (GrpcServerProtocolService.java:onCompleted(113)) - a5e79c22-a35f-4e50-b1fd-e91b6a93d74d: Completed APPEND_ENTRIES, lastRequest: null
2019-10-17 18:50:43,964 [grpc-default-executor-4] INFO  server.GrpcServerProtocolService (GrpcServerProtocolService.java:onCompleted(113)) - 1e4e1375-1b66-460f-8c99-4c341545a119: Completed APPEND_ENTRIES, lastRequest: null
2019-10-17 18:50:43,965 [grpc-default-executor-4] INFO  server.GrpcLogAppender (GrpcLogAppender.java:onCompleted(308)) - daae7813-f814-475d-9647-a302a5541e36@group-F775CA5912AC->a5e79c22-a35f-4e50-b1fd-e91b6a93d74d-AppendLogResponseHandler: follower responses appendEntries COMPLETED
2019-10-17 18:50:43,968 [grpc-default-executor-0] INFO  server.GrpcLogAppender (GrpcLogAppender.java:onCompleted(308)) - daae7813-f814-475d-9647-a302a5541e36@group-F775CA5912AC->1e4e1375-1b66-460f-8c99-4c341545a119-AppendLogResponseHandler: follower responses appendEntries COMPLETED
2019-10-17 18:50:43,970 [grpc-default-executor-4] INFO  impl.FollowerInfo (FollowerInfo.java:lambda$new$0(51)) - daae7813-f814-475d-9647-a302a5541e36@group-F775CA5912AC->a5e79c22-a35f-4e50-b1fd-e91b6a93d74d: nextIndex: updateUnconditionally 0 -> 0
2019-10-17 18:50:43,972 [grpc-default-executor-0] INFO  impl.FollowerInfo (FollowerInfo.java:lambda$new$0(51)) - daae7813-f814-475d-9647-a302a5541e36@group-F775CA5912AC->1e4e1375-1b66-460f-8c99-4c341545a119: nextIndex: updateUnconditionally 0 -> 0
2019-10-17 18:50:43,972 [a5e79c22-a35f-4e50-b1fd-e91b6a93d74d@group-F775CA5912AC-LeaderElection16] INFO  impl.LeaderElection (LeaderElection.java:logAndReturn(56)) - a5e79c22-a35f-4e50-b1fd-e91b6a93d74d@group-F775CA5912AC-LeaderElection16: Election TIMEOUT; received 1 response(s) [a5e79c22-a35f-4e50-b1fd-e91b6a93d74d<-1e4e1375-1b66-460f-8c99-4c341545a119#0:FAIL-t2] and 0 exception(s); a5e79c22-a35f-4e50-b1fd-e91b6a93d74d@group-F775CA5912AC:t2, leader=null, voted=a5e79c22-a35f-4e50-b1fd-e91b6a93d74d, raftlog=a5e79c22-a35f-4e50-b1fd-e91b6a93d74d@group-F775CA5912AC-SegmentedRaftLog:OPENED:c-1,f-1,i0, conf=-1: [a5e79c22-a35f-4e50-b1fd-e91b6a93d74d:192.168.157.251:45177, daae7813-f814-475d-9647-a302a5541e36:192.168.157.251:45025, 1e4e1375-1b66-460f-8c99-4c341545a119:192.168.157.251:42113], old=null
2019-10-17 18:50:43,974 [RatisPipelineUtilsThread] INFO  pipeline.PipelineStateManager (PipelineStateManager.java:addPipeline(56)) - Created pipeline Pipeline[ Id: d83b5072-3c48-4c0b-91c4-5f52f902b742, Nodes: 73297ffa-40cb-4e3e-b33e-1bc2c1da60f5{ip: 192.168.157.251, host: pr-hdds-2318-qqrts-113280968, networkLocation: /default-rack, certSerialId: null}b8f04e38-0663-4b1f-8efd-f76585c6e86c{ip: 192.168.157.251, host: pr-hdds-2318-qqrts-113280968, networkLocation: /default-rack, certSerialId: null}abcd8826-c056-4817-bd0f-7af19a46d814{ip: 192.168.157.251, host: pr-hdds-2318-qqrts-113280968, networkLocation: /default-rack, certSerialId: null}, Type:RATIS, Factor:THREE, State:OPEN]
2019-10-17 18:50:43,981 [daae7813-f814-475d-9647-a302a5541e36@group-F775CA5912AC-SegmentedRaftLogWorker] INFO  segmented.SegmentedRaftLogWorker (SegmentedRaftLogWorker.java:execute(576)) - daae7813-f814-475d-9647-a302a5541e36@group-F775CA5912AC-SegmentedRaftLogWorker: created new log segment /workdir/hadoop-ozone/integration-test/target/test-dir/MiniOzoneClusterImpl-1add80d3-0bcb-487c-a891-e654dcc55690/datanode-8/data/ratis/7b008be4-a7d3-4e52-97e5-f775ca5912ac/current/log_inprogress_0
2019-10-17 18:50:43,982 [73297ffa-40cb-4e3e-b33e-1bc2c1da60f5@group-5F52F902B742-LeaderElection17] INFO  impl.LeaderElection (LeaderElection.java:askForVotes(178)) - 73297ffa-40cb-4e3e-b33e-1bc2c1da60f5@group-5F52F902B742-LeaderElection17: begin an election at term 1 for -1: [b8f04e38-0663-4b1f-8efd-f76585c6e86c:192.168.157.251:35700, abcd8826-c056-4817-bd0f-7af19a46d814:192.168.157.251:46496, 73297ffa-40cb-4e3e-b33e-1bc2c1da60f5:192.168.157.251:32952], old=null
2019-10-17 18:50:43,983 [grpc-default-executor-2] INFO  impl.RaftServerImpl (RaftServerImpl.java:setRole(184)) - daae7813-f814-475d-9647-a302a5541e36@group-F775CA5912AC: changes role from  FOLLOWER to FOLLOWER at term 2 for recognizeCandidate:1e4e1375-1b66-460f-8c99-4c341545a119
2019-10-17 18:50:43,984 [a5e79c22-a35f-4e50-b1fd-e91b6a93d74d@group-F775CA5912AC-LeaderElection16] INFO  impl.LeaderElection (LeaderElection.java:askForVotes(178)) - a5e79c22-a35f-4e50-b1fd-e91b6a93d74d@group-F775CA5912AC-LeaderElection16: begin an election at term 3 for -1: [a5e79c22-a35f-4e50-b1fd-e91b6a93d74d:192.168.157.251:45177, daae7813-f814-475d-9647-a302a5541e36:192.168.157.251:45025, 1e4e1375-1b66-460f-8c99-4c341545a119:192.168.157.251:42113], old=null
2019-10-17 18:50:43,984 [grpc-default-executor-2] INFO  impl.RoleInfo (RoleInfo.java:shutdownFollowerState(121)) - daae7813-f814-475d-9647-a302a5541e36: shutdown FollowerState
2019-10-17 18:50:43,983 [de8c9e34-1a4b-4ad8-952a-c65e9c1604e8@group-9D6F8169C5E6-LeaderElection15] INFO  impl.LeaderElection (LeaderElection.java:askForVotes(178)) - de8c9e34-1a4b-4ad8-952a-c65e9c1604e8@group-9D6F8169C5E6-LeaderElection15: begin an election at term 4 for -1: [0fe4833c-4439-4309-b94b-508419b07a37:192.168.157.251:39398, 8f4f8799-ef18-41e5-9bb8-2f724208e999:192.168.157.251:33259, de8c9e34-1a4b-4ad8-952a-c65e9c1604e8:192.168.157.251:40594], old=null
2019-10-17 18:50:43,984 [grpc-default-executor-2] INFO  impl.RoleInfo (RoleInfo.java:updateAndGet(143)) - daae7813-f814-475d-9647-a302a5541e36: start FollowerState
2019-10-17 18:50:43,984 [Thread-395] INFO  impl.FollowerState (FollowerState.java:run(117)) - daae7813-f814-475d-9647-a302a5541e36@group-F775CA5912AC-FollowerState was interrupted: java.lang.InterruptedException: sleep interrupted
2019-10-17 18:50:43,995 [1e4e1375-1b66-460f-8c99-4c341545a119@group-F775CA5912AC-LeaderElection14] INFO  impl.LeaderElection (LeaderElection.java:logAndReturn(56)) - 1e4e1375-1b66-460f-8c99-4c341545a119@group-F775CA5912AC-LeaderElection14: Election REJECTED; received 2 response(s) [1e4e1375-1b66-460f-8c99-4c341545a119<-a5e79c22-a35f-4e50-b1fd-e91b6a93d74d#0:FAIL-t2, 1e4e1375-1b66-460f-8c99-4c341545a119<-daae7813-f814-475d-9647-a302a5541e36#0:FAIL-t2] and 0 exception(s); 1e4e1375-1b66-460f-8c99-4c341545a119@group-F775CA5912AC:t2, leader=null, voted=1e4e1375-1b66-460f-8c99-4c341545a119, raftlog=1e4e1375-1b66-460f-8c99-4c341545a119@group-F775CA5912AC-SegmentedRaftLog:OPENED:c-1,f-1,i0, conf=-1: [a5e79c22-a35f-4e50-b1fd-e91b6a93d74d:192.168.157.251:45177, daae7813-f814-475d-9647-a302a5541e36:192.168.157.251:45025, 1e4e1375-1b66-460f-8c99-4c341545a119:192.168.157.251:42113], old=null
2019-10-17 18:50:43,995 [1e4e1375-1b66-460f-8c99-4c341545a119@group-F775CA5912AC-LeaderElection14] INFO  impl.RaftServerImpl (RaftServerImpl.java:setRole(184)) - 1e4e1375-1b66-460f-8c99-4c341545a119@group-F775CA5912AC: changes role from CANDIDATE to FOLLOWER at term 2 for DISCOVERED_A_NEW_TERM
2019-10-17 18:50:43,997 [1e4e1375-1b66-460f-8c99-4c341545a119@group-F775CA5912AC-LeaderElection14] INFO  impl.RoleInfo (RoleInfo.java:shutdownLeaderElection(134)) - 1e4e1375-1b66-460f-8c99-4c341545a119: shutdown LeaderElection
2019-10-17 18:50:43,997 [1e4e1375-1b66-460f-8c99-4c341545a119@group-F775CA5912AC-LeaderElection14] INFO  impl.RoleInfo (RoleInfo.java:updateAndGet(143)) - 1e4e1375-1b66-460f-8c99-4c341545a119: start FollowerState
2019-10-17 18:50:44,005 [Thread-393] INFO  impl.FollowerState (FollowerState.java:run(108)) - abcd8826-c056-4817-bd0f-7af19a46d814@group-5F52F902B742-FollowerState: change to CANDIDATE, lastRpcTime:83ms, electionTimeout:74ms
2019-10-17 18:50:44,007 [73297ffa-40cb-4e3e-b33e-1bc2c1da60f5@group-5F52F902B742-LeaderElection17] INFO  impl.LeaderElection (LeaderElection.java:logAndReturn(56)) - 73297ffa-40cb-4e3e-b33e-1bc2c1da60f5@group-5F52F902B742-LeaderElection17: Election TIMEOUT; received 0 response(s) [] and 0 exception(s); 73297ffa-40cb-4e3e-b33e-1bc2c1da60f5@group-5F52F902B742:t1, leader=null, voted=73297ffa-40cb-4e3e-b33e-1bc2c1da60f5, raftlog=73297ffa-40cb-4e3e-b33e-1bc2c1da60f5@group-5F52F902B742-SegmentedRaftLog:OPENED:c-1,f-1,i0, conf=-1: [b8f04e38-0663-4b1f-8efd-f76585c6e86c:192.168.157.251:35700, abcd8826-c056-4817-bd0f-7af19a46d814:192.168.157.251:46496, 73297ffa-40cb-4e3e-b33e-1bc2c1da60f5:192.168.157.251:32952], old=null
2019-10-17 18:50:44,007 [Thread-393] INFO  impl.RoleInfo (RoleInfo.java:shutdownFollowerState(121)) - abcd8826-c056-4817-bd0f-7af19a46d814: shutdown FollowerState
2019-10-17 18:50:44,007 [grpc-default-executor-3] INFO  impl.RaftServerImpl (RaftServerImpl.java:setRole(184)) - daae7813-f814-475d-9647-a302a5541e36@group-F775CA5912AC: changes role from  FOLLOWER to FOLLOWER at term 3 for recognizeCandidate:a5e79c22-a35f-4e50-b1fd-e91b6a93d74d
2019-10-17 18:50:44,009 [grpc-default-executor-3] INFO  impl.RoleInfo (RoleInfo.java:shutdownFollowerState(121)) - daae7813-f814-475d-9647-a302a5541e36: shutdown FollowerState
2019-10-17 18:50:44,007 [grpc-default-executor-2] INFO  impl.RaftServerImpl (RaftServerImpl.java:setRole(184)) - 0fe4833c-4439-4309-b94b-508419b07a37@group-9D6F8169C5E6: changes role from  FOLLOWER to FOLLOWER at term 4 for recognizeCandidate:de8c9e34-1a4b-4ad8-952a-c65e9c1604e8
2019-10-17 18:50:44,009 [grpc-default-executor-3] INFO  impl.RoleInfo (RoleInfo.java:updateAndGet(143)) - daae7813-f814-475d-9647-a302a5541e36: start FollowerState
2019-10-17 18:50:44,007 [Thread-393] INFO  impl.RaftServerImpl (RaftServerImpl.java:setRole(184)) - abcd8826-c056-4817-bd0f-7af19a46d814@group-5F52F902B742: changes role from  FOLLOWER to CANDIDATE at term 0 for changeToCandidate
2019-10-17 18:50:44,009 [Thread-401] INFO  impl.FollowerState (FollowerState.java:run(117)) - daae7813-f814-475d-9647-a302a5541e36@group-F775CA5912AC-FollowerState was interrupted: java.lang.InterruptedException: sleep interrupted
2019-10-17 18:50:44,009 [grpc-default-executor-2] INFO  impl.RoleInfo (RoleInfo.java:shutdownFollowerState(121)) - 0fe4833c-4439-4309-b94b-508419b07a37: shutdown FollowerState
2019-10-17 18:50:44,009 [Thread-393] INFO  impl.RoleInfo (RoleInfo.java:updateAndGet(143)) - abcd8826-c056-4817-bd0f-7af19a46d814: start LeaderElection
2019-10-17 18:50:44,011 [grpc-default-executor-2] INFO  impl.RoleInfo (RoleInfo.java:updateAndGet(143)) - 0fe4833c-4439-4309-b94b-508419b07a37: start FollowerState
2019-10-17 18:50:44,011 [Thread-392] INFO  impl.FollowerState (FollowerState.java:run(117)) - 0fe4833c-4439-4309-b94b-508419b07a37@group-9D6F8169C5E6-FollowerState was interrupted: java.lang.InterruptedException: sleep interrupted
2019-10-17 18:50:44,011 [grpc-default-executor-0] INFO  impl.RaftServerImpl (RaftServerImpl.java:setRole(184)) - 8f4f8799-ef18-41e5-9bb8-2f724208e999@group-9D6F8169C5E6: changes role from  FOLLOWER to FOLLOWER at term 4 for recognizeCandidate:de8c9e34-1a4b-4ad8-952a-c65e9c1604e8
2019-10-17 18:50:44,016 [Thread-406] INFO  impl.FollowerState (FollowerState.java:run(108)) - 1e4e1375-1b66-460f-8c99-4c341545a119@group-F775CA5912AC-FollowerState: change to CANDIDATE, lastRpcTime:18ms, electionTimeout:18ms
2019-10-17 18:50:44,017 [grpc-default-executor-0] INFO  impl.RoleInfo (RoleInfo.java:shutdownFollowerState(121)) - 8f4f8799-ef18-41e5-9bb8-2f724208e999: shutdown FollowerState
2019-10-17 18:50:44,017 [Thread-406] INFO  impl.RoleInfo (RoleInfo.java:shutdownFollowerState(121)) - 1e4e1375-1b66-460f-8c99-4c341545a119: shutdown FollowerState
2019-10-17 18:50:44,018 [Thread-390] INFO  impl.FollowerState (FollowerState.java:run(117)) - 8f4f8799-ef18-41e5-9bb8-2f724208e999@group-9D6F8169C5E6-FollowerState was interrupted: java.lang.InterruptedException: sleep interrupted
2019-10-17 18:50:44,018 [grpc-default-executor-0] INFO  impl.RoleInfo (RoleInfo.java:updateAndGet(143)) - 8f4f8799-ef18-41e5-9bb8-2f724208e999: start FollowerState
2019-10-17 18:50:44,018 [Thread-406] INFO  impl.RaftServerImpl (RaftServerImpl.java:setRole(184)) - 1e4e1375-1b66-460f-8c99-4c341545a119@group-F775CA5912AC: changes role from  FOLLOWER to CANDIDATE at term 2 for changeToCandidate
2019-10-17 18:50:44,021 [a5e79c22-a35f-4e50-b1fd-e91b6a93d74d@group-F775CA5912AC-LeaderElection16] INFO  impl.LeaderElection (LeaderElection.java:logAndReturn(56)) - a5e79c22-a35f-4e50-b1fd-e91b6a93d74d@group-F775CA5912AC-LeaderElection16: Election TIMEOUT; received 0 response(s) [] and 0 exception(s); a5e79c22-a35f-4e50-b1fd-e91b6a93d74d@group-F775CA5912AC:t3, leader=null, voted=a5e79c22-a35f-4e50-b1fd-e91b6a93d74d, raftlog=a5e79c22-a35f-4e50-b1fd-e91b6a93d74d@group-F775CA5912AC-SegmentedRaftLog:OPENED:c-1,f-1,i0, conf=-1: [a5e79c22-a35f-4e50-b1fd-e91b6a93d74d:192.168.157.251:45177, daae7813-f814-475d-9647-a302a5541e36:192.168.157.251:45025, 1e4e1375-1b66-460f-8c99-4c341545a119:192.168.157.251:42113], old=null
2019-10-17 18:50:44,024 [Thread-406] INFO  impl.RoleInfo (RoleInfo.java:updateAndGet(143)) - 1e4e1375-1b66-460f-8c99-4c341545a119: start LeaderElection
2019-10-17 18:50:44,024 [73297ffa-40cb-4e3e-b33e-1bc2c1da60f5@group-5F52F902B742-LeaderElection17] INFO  impl.LeaderElection (LeaderElection.java:askForVotes(178)) - 73297ffa-40cb-4e3e-b33e-1bc2c1da60f5@group-5F52F902B742-LeaderElection17: begin an election at term 2 for -1: [b8f04e38-0663-4b1f-8efd-f76585c6e86c:192.168.157.251:35700, abcd8826-c056-4817-bd0f-7af19a46d814:192.168.157.251:46496, 73297ffa-40cb-4e3e-b33e-1bc2c1da60f5:192.168.157.251:32952], old=null
2019-10-17 18:50:44,025 [abcd8826-c056-4817-bd0f-7af19a46d814@group-5F52F902B742-LeaderElection18] INFO  impl.LeaderElection (LeaderElection.java:askForVotes(178)) - abcd8826-c056-4817-bd0f-7af19a46d814@group-5F52F902B742-LeaderElection18: begin an election at term 1 for -1: [b8f04e38-0663-4b1f-8efd-f76585c6e86c:192.168.157.251:35700, abcd8826-c056-4817-bd0f-7af19a46d814:192.168.157.251:46496, 73297ffa-40cb-4e3e-b33e-1bc2c1da60f5:192.168.157.251:32952], old=null
2019-10-17 18:50:44,029 [de8c9e34-1a4b-4ad8-952a-c65e9c1604e8@group-9D6F8169C5E6-LeaderElection15] INFO  impl.LeaderElection (LeaderElection.java:logAndReturn(56)) - de8c9e34-1a4b-4ad8-952a-c65e9c1604e8@group-9D6F8169C5E6-LeaderElection15: Election TIMEOUT; received 0 response(s) [] and 0 exception(s); de8c9e34-1a4b-4ad8-952a-c65e9c1604e8@group-9D6F8169C5E6:t4, leader=null, voted=de8c9e34-1a4b-4ad8-952a-c65e9c1604e8, raftlog=de8c9e34-1a4b-4ad8-952a-c65e9c1604e8@group-9D6F8169C5E6-SegmentedRaftLog:OPENED:c-1,f-1,i0, conf=-1: [0fe4833c-4439-4309-b94b-508419b07a37:192.168.157.251:39398, 8f4f8799-ef18-41e5-9bb8-2f724208e999:192.168.157.251:33259, de8c9e34-1a4b-4ad8-952a-c65e9c1604e8:192.168.157.251:40594], old=null
2019-10-17 18:50:44,033 [grpc-default-executor-2] INFO  impl.RaftServerImpl (RaftServerImpl.java:setRole(184)) - b8f04e38-0663-4b1f-8efd-f76585c6e86c@group-5F52F902B742: changes role from  FOLLOWER to FOLLOWER at term 1 for recognizeCandidate:73297ffa-40cb-4e3e-b33e-1bc2c1da60f5
2019-10-17 18:50:44,034 [grpc-default-executor-2] INFO  impl.RoleInfo (RoleInfo.java:shutdownFollowerState(121)) - b8f04e38-0663-4b1f-8efd-f76585c6e86c: shutdown FollowerState
2019-10-17 18:50:44,035 [grpc-default-executor-2] INFO  impl.RoleInfo (RoleInfo.java:updateAndGet(143)) - b8f04e38-0663-4b1f-8efd-f76585c6e86c: start FollowerState
2019-10-17 18:50:44,035 [Thread-391] INFO  impl.FollowerState (FollowerState.java:run(117)) - b8f04e38-0663-4b1f-8efd-f76585c6e86c@group-5F52F902B742-FollowerState was interrupted: java.lang.InterruptedException: sleep interrupted
2019-10-17 18:50:44,038 [1e4e1375-1b66-460f-8c99-4c341545a119@group-F775CA5912AC-LeaderElection19] INFO  impl.LeaderElection (LeaderElection.java:askForVotes(178)) - 1e4e1375-1b66-460f-8c99-4c341545a119@group-F775CA5912AC-LeaderElection19: begin an election at term 3 for -1: [a5e79c22-a35f-4e50-b1fd-e91b6a93d74d:192.168.157.251:45177, daae7813-f814-475d-9647-a302a5541e36:192.168.157.251:45025, 1e4e1375-1b66-460f-8c99-4c341545a119:192.168.157.251:42113], old=null
2019-10-17 18:50:44,038 [a5e79c22-a35f-4e50-b1fd-e91b6a93d74d@group-F775CA5912AC-LeaderElection16] INFO  impl.LeaderElection (LeaderElection.java:askForVotes(178)) - a5e79c22-a35f-4e50-b1fd-e91b6a93d74d@group-F775CA5912AC-LeaderElection16: begin an election at term 4 for -1: [a5e79c22-a35f-4e50-b1fd-e91b6a93d74d:192.168.157.251:45177, daae7813-f814-475d-9647-a302a5541e36:192.168.157.251:45025, 1e4e1375-1b66-460f-8c99-4c341545a119:192.168.157.251:42113], old=null
2019-10-17 18:50:44,041 [Thread-410] INFO  impl.FollowerState (FollowerState.java:run(108)) - 8f4f8799-ef18-41e5-9bb8-2f724208e999@group-9D6F8169C5E6-FollowerState: change to CANDIDATE, lastRpcTime:23ms, electionTimeout:17ms
2019-10-17 18:50:44,042 [Thread-410] INFO  impl.RoleInfo (RoleInfo.java:shutdownFollowerState(121)) - 8f4f8799-ef18-41e5-9bb8-2f724208e999: shutdown FollowerState
2019-10-17 18:50:44,042 [Thread-410] INFO  impl.RaftServerImpl (RaftServerImpl.java:setRole(184)) - 8f4f8799-ef18-41e5-9bb8-2f724208e999@group-9D6F8169C5E6: changes role from  FOLLOWER to CANDIDATE at term 4 for changeToCandidate
2019-10-17 18:50:44,042 [Thread-410] INFO  impl.RoleInfo (RoleInfo.java:updateAndGet(143)) - 8f4f8799-ef18-41e5-9bb8-2f724208e999: start LeaderElection
2019-10-17 18:50:44,045 [grpc-default-executor-0] INFO  impl.RaftServerImpl (RaftServerImpl.java:setRole(184)) - abcd8826-c056-4817-bd0f-7af19a46d814@group-5F52F902B742: changes role from CANDIDATE to FOLLOWER at term 2 for recognizeCandidate:73297ffa-40cb-4e3e-b33e-1bc2c1da60f5
2019-10-17 18:50:44,046 [grpc-default-executor-0] INFO  impl.RoleInfo (RoleInfo.java:shutdownLeaderElection(134)) - abcd8826-c056-4817-bd0f-7af19a46d814: shutdown LeaderElection
2019-10-17 18:50:44,047 [grpc-default-executor-0] INFO  impl.RoleInfo (RoleInfo.java:updateAndGet(143)) - abcd8826-c056-4817-bd0f-7af19a46d814: start FollowerState
2019-10-17 18:50:44,049 [grpc-default-executor-5] INFO  impl.RaftServerImpl (RaftServerImpl.java:setRole(184)) - daae7813-f814-475d-9647-a302a5541e36@group-F775CA5912AC: changes role from  FOLLOWER to FOLLOWER at term 3 for recognizeCandidate:1e4e1375-1b66-460f-8c99-4c341545a119
2019-10-17 18:50:44,049 [grpc-default-executor-5] INFO  impl.RoleInfo (RoleInfo.java:shutdownFollowerState(121)) - daae7813-f814-475d-9647-a302a5541e36: shutdown FollowerState
2019-10-17 18:50:44,049 [grpc-default-executor-5] INFO  impl.RoleInfo (RoleInfo.java:updateAndGet(143)) - daae7813-f814-475d-9647-a302a5541e36: start FollowerState
2019-10-17 18:50:44,049 [Thread-407] INFO  impl.FollowerState (FollowerState.java:run(117)) - daae7813-f814-475d-9647-a302a5541e36@group-F775CA5912AC-FollowerState was interrupted: java.lang.InterruptedException: sleep interrupted
2019-10-17 18:50:44,051 [grpc-default-executor-3] INFO  impl.RaftServerImpl (RaftServerImpl.java:setRole(184)) - 1e4e1375-1b66-460f-8c99-4c341545a119@group-F775CA5912AC: changes role from CANDIDATE to FOLLOWER at term 4 for recognizeCandidate:a5e79c22-a35f-4e50-b1fd-e91b6a93d74d
2019-10-17 18:50:44,051 [grpc-default-executor-3] INFO  impl.RoleInfo (RoleInfo.java:shutdownLeaderElection(134)) - 1e4e1375-1b66-460f-8c99-4c341545a119: shutdown LeaderElection
2019-10-17 18:50:44,051 [8f4f8799-ef18-41e5-9bb8-2f724208e999@group-9D6F8169C5E6-LeaderElection20] INFO  impl.LeaderElection (LeaderElection.java:askForVotes(178)) - 8f4f8799-ef18-41e5-9bb8-2f724208e999@group-9D6F8169C5E6-LeaderElection20: begin an election at term 5 for -1: [0fe4833c-4439-4309-b94b-508419b07a37:192.168.157.251:39398, 8f4f8799-ef18-41e5-9bb8-2f724208e999:192.168.157.251:33259, de8c9e34-1a4b-4ad8-952a-c65e9c1604e8:192.168.157.251:40594], old=null
2019-10-17 18:50:44,051 [grpc-default-executor-4] INFO  impl.RaftServerImpl (RaftServerImpl.java:setRole(184)) - daae7813-f814-475d-9647-a302a5541e36@group-F775CA5912AC: changes role from  FOLLOWER to FOLLOWER at term 4 for recognizeCandidate:a5e79c22-a35f-4e50-b1fd-e91b6a93d74d
2019-10-17 18:50:44,051 [de8c9e34-1a4b-4ad8-952a-c65e9c1604e8@group-9D6F8169C5E6-LeaderElection15] INFO  impl.LeaderElection (LeaderElection.java:askForVotes(178)) - de8c9e34-1a4b-4ad8-952a-c65e9c1604e8@group-9D6F8169C5E6-LeaderElection15: begin an election at term 5 for -1: [0fe4833c-4439-4309-b94b-508419b07a37:192.168.157.251:39398, 8f4f8799-ef18-41e5-9bb8-2f724208e999:192.168.157.251:33259, de8c9e34-1a4b-4ad8-952a-c65e9c1604e8:192.168.157.251:40594], old=null
2019-10-17 18:50:44,051 [grpc-default-executor-4] INFO  impl.RoleInfo (RoleInfo.java:shutdownFollowerState(121)) - daae7813-f814-475d-9647-a302a5541e36: shutdown FollowerState
2019-10-17 18:50:44,051 [grpc-default-executor-3] INFO  impl.RoleInfo (RoleInfo.java:updateAndGet(143)) - 1e4e1375-1b66-460f-8c99-4c341545a119: start FollowerState
2019-10-17 18:50:44,051 [grpc-default-executor-1] INFO  impl.RaftServerImpl (RaftServerImpl.java:setRole(184)) - b8f04e38-0663-4b1f-8efd-f76585c6e86c@group-5F52F902B742: changes role from  FOLLOWER to FOLLOWER at term 2 for recognizeCandidate:73297ffa-40cb-4e3e-b33e-1bc2c1da60f5
2019-10-17 18:50:44,052 [Thread-423] INFO  impl.FollowerState (FollowerState.java:run(117)) - daae7813-f814-475d-9647-a302a5541e36@group-F775CA5912AC-FollowerState was interrupted: java.lang.InterruptedException: sleep interrupted
2019-10-17 18:50:44,052 [grpc-default-executor-1] INFO  impl.RoleInfo (RoleInfo.java:shutdownFollowerState(121)) - b8f04e38-0663-4b1f-8efd-f76585c6e86c: shutdown FollowerState
2019-10-17 18:50:44,052 [grpc-default-executor-4] INFO  impl.RoleInfo (RoleInfo.java:updateAndGet(143)) - daae7813-f814-475d-9647-a302a5541e36: start FollowerState
2019-10-17 18:50:44,052 [grpc-default-executor-1] INFO  impl.RoleInfo (RoleInfo.java:updateAndGet(143)) - b8f04e38-0663-4b1f-8efd-f76585c6e86c: start FollowerState
2019-10-17 18:50:44,052 [Thread-416] INFO  impl.FollowerState (FollowerState.java:run(117)) - b8f04e38-0663-4b1f-8efd-f76585c6e86c@group-5F52F902B742-FollowerState was interrupted: java.lang.InterruptedException: sleep interrupted
2019-10-17 18:50:44,056 [1e4e1375-1b66-460f-8c99-4c341545a119@group-F775CA5912AC-LeaderElection19] INFO  impl.LeaderElection (LeaderElection.java:logAndReturn(56)) - 1e4e1375-1b66-460f-8c99-4c341545a119@group-F775CA5912AC-LeaderElection19: Election REJECTED; received 1 response(s) [1e4e1375-1b66-460f-8c99-4c341545a119<-daae7813-f814-475d-9647-a302a5541e36#0:FAIL-t3] and 0 exception(s); 1e4e1375-1b66-460f-8c99-4c341545a119@group-F775CA5912AC:t4, leader=null, voted=null, raftlog=1e4e1375-1b66-460f-8c99-4c341545a119@group-F775CA5912AC-SegmentedRaftLog:OPENED:c-1,f-1,i0, conf=-1: [a5e79c22-a35f-4e50-b1fd-e91b6a93d74d:192.168.157.251:45177, daae7813-f814-475d-9647-a302a5541e36:192.168.157.251:45025, 1e4e1375-1b66-460f-8c99-4c341545a119:192.168.157.251:42113], old=null
2019-10-17 18:50:44,060 [grpc-default-executor-0] INFO  impl.RaftServerImpl (RaftServerImpl.java:setRole(184)) - 0fe4833c-4439-4309-b94b-508419b07a37@group-9D6F8169C5E6: changes role from  FOLLOWER to FOLLOWER at term 5 for recognizeCandidate:8f4f8799-ef18-41e5-9bb8-2f724208e999
2019-10-17 18:50:44,060 [grpc-default-executor-0] INFO  impl.RoleInfo (RoleInfo.java:shutdownFollowerState(121)) - 0fe4833c-4439-4309-b94b-508419b07a37: shutdown FollowerState
2019-10-17 18:50:44,060 [Thread-409] INFO  impl.FollowerState (FollowerState.java:run(117)) - 0fe4833c-4439-4309-b94b-508419b07a37@group-9D6F8169C5E6-FollowerState was interrupted: java.lang.InterruptedException: sleep interrupted
2019-10-17 18:50:44,060 [grpc-default-executor-0] INFO  impl.RoleInfo (RoleInfo.java:updateAndGet(143)) - 0fe4833c-4439-4309-b94b-508419b07a37: start FollowerState
2019-10-17 18:50:44,065 [abcd8826-c056-4817-bd0f-7af19a46d814@group-5F52F902B742-LeaderElection18] INFO  impl.LeaderElection (LeaderElection.java:logAndReturn(56)) - abcd8826-c056-4817-bd0f-7af19a46d814@group-5F52F902B742-LeaderElection18: Election DISCOVERED_A_NEW_TERM; received 1 response(s) [abcd8826-c056-4817-bd0f-7af19a46d814<-73297ffa-40cb-4e3e-b33e-1bc2c1da60f5#0:FAIL-t2] and 0 exception(s); abcd8826-c056-4817-bd0f-7af19a46d814@group-5F52F902B742:t2, leader=null, voted=null, raftlog=abcd8826-c056-4817-bd0f-7af19a46d814@group-5F52F902B742-SegmentedRaftLog:OPENED:c-1,f-1,i0, conf=-1: [b8f04e38-0663-4b1f-8efd-f76585c6e86c:192.168.157.251:35700, abcd8826-c056-4817-bd0f-7af19a46d814:192.168.157.251:46496, 73297ffa-40cb-4e3e-b33e-1bc2c1da60f5:192.168.157.251:32952], old=null
2019-10-17 18:50:44,072 [grpc-default-executor-5] INFO  impl.RaftServerImpl (RaftServerImpl.java:setRole(184)) - 0fe4833c-4439-4309-b94b-508419b07a37@group-9D6F8169C5E6: changes role from  FOLLOWER to FOLLOWER at term 5 for recognizeCandidate:de8c9e34-1a4b-4ad8-952a-c65e9c1604e8
2019-10-17 18:50:44,072 [grpc-default-executor-5] INFO  impl.RoleInfo (RoleInfo.java:shutdownFollowerState(121)) - 0fe4833c-4439-4309-b94b-508419b07a37: shutdown FollowerState
2019-10-17 18:50:44,072 [grpc-default-executor-5] INFO  impl.RoleInfo (RoleInfo.java:updateAndGet(143)) - 0fe4833c-4439-4309-b94b-508419b07a37: start FollowerState
2019-10-17 18:50:44,072 [Thread-431] INFO  impl.FollowerState (FollowerState.java:run(117)) - 0fe4833c-4439-4309-b94b-508419b07a37@group-9D6F8169C5E6-FollowerState was interrupted: java.lang.InterruptedException: sleep interrupted
2019-10-17 18:50:44,381 [Thread-430] INFO  impl.FollowerState (FollowerState.java:run(108)) - b8f04e38-0663-4b1f-8efd-f76585c6e86c@group-5F52F902B742-FollowerState: change to CANDIDATE, lastRpcTime:328ms, electionTimeout:171ms
2019-10-17 18:50:44,381 [Thread-422] INFO  impl.FollowerState (FollowerState.java:run(108)) - abcd8826-c056-4817-bd0f-7af19a46d814@group-5F52F902B742-FollowerState: change to CANDIDATE, lastRpcTime:334ms, electionTimeout:171ms
2019-10-17 18:50:44,381 [8f4f8799-ef18-41e5-9bb8-2f724208e999@group-9D6F8169C5E6-LeaderElection20] INFO  impl.LeaderElection (LeaderElection.java:logAndReturn(56)) - 8f4f8799-ef18-41e5-9bb8-2f724208e999@group-9D6F8169C5E6-LeaderElection20: Election TIMEOUT; received 0 response(s) [] and 0 exception(s); 8f4f8799-ef18-41e5-9bb8-2f724208e999@group-9D6F8169C5E6:t5, leader=null, voted=8f4f8799-ef18-41e5-9bb8-2f724208e999, raftlog=8f4f8799-ef18-41e5-9bb8-2f724208e999@group-9D6F8169C5E6-SegmentedRaftLog:OPENED:c-1,f-1,i0, conf=-1: [0fe4833c-4439-4309-b94b-508419b07a37:192.168.157.251:39398, 8f4f8799-ef18-41e5-9bb8-2f724208e999:192.168.157.251:33259, de8c9e34-1a4b-4ad8-952a-c65e9c1604e8:192.168.157.251:40594], old=null
2019-10-17 18:50:44,381 [Thread-422] INFO  impl.RoleInfo (RoleInfo.java:shutdownFollowerState(121)) - abcd8826-c056-4817-bd0f-7af19a46d814: shutdown FollowerState
2019-10-17 18:50:44,381 [a5e79c22-a35f-4e50-b1fd-e91b6a93d74d@group-F775CA5912AC-LeaderElection16] INFO  impl.LeaderElection (LeaderElection.java:logAndReturn(56)) - a5e79c22-a35f-4e50-b1fd-e91b6a93d74d@group-F775CA5912AC-LeaderElection16: Election TIMEOUT; received 0 response(s) [] and 0 exception(s); a5e79c22-a35f-4e50-b1fd-e91b6a93d74d@group-F775CA5912AC:t4, leader=null, voted=a5e79c22-a35f-4e50-b1fd-e91b6a93d74d, raftlog=a5e79c22-a35f-4e50-b1fd-e91b6a93d74d@group-F775CA5912AC-SegmentedRaftLog:OPENED:c-1,f-1,i0, conf=-1: [a5e79c22-a35f-4e50-b1fd-e91b6a93d74d:192.168.157.251:45177, daae7813-f814-475d-9647-a302a5541e36:192.168.157.251:45025, 1e4e1375-1b66-460f-8c99-4c341545a119:192.168.157.251:42113], old=null
2019-10-17 18:50:44,382 [Thread-422] INFO  impl.RaftServerImpl (RaftServerImpl.java:setRole(184)) - abcd8826-c056-4817-bd0f-7af19a46d814@group-5F52F902B742: changes role from  FOLLOWER to CANDIDATE at term 2 for changeToCandidate
2019-10-17 18:50:44,382 [Thread-424] INFO  impl.FollowerState (FollowerState.java:run(108)) - 1e4e1375-1b66-460f-8c99-4c341545a119@group-F775CA5912AC-FollowerState: change to CANDIDATE, lastRpcTime:330ms, electionTimeout:35ms
2019-10-17 18:50:44,382 [73297ffa-40cb-4e3e-b33e-1bc2c1da60f5@group-5F52F902B742-LeaderElection17] INFO  impl.LeaderElection (LeaderElection.java:logAndReturn(56)) - 73297ffa-40cb-4e3e-b33e-1bc2c1da60f5@group-5F52F902B742-LeaderElection17: Election TIMEOUT; received 1 response(s) [73297ffa-40cb-4e3e-b33e-1bc2c1da60f5<-abcd8826-c056-4817-bd0f-7af19a46d814#0:FAIL-t2] and 0 exception(s); 73297ffa-40cb-4e3e-b33e-1bc2c1da60f5@group-5F52F902B742:t2, leader=null, voted=73297ffa-40cb-4e3e-b33e-1bc2c1da60f5, raftlog=73297ffa-40cb-4e3e-b33e-1bc2c1da60f5@group-5F52F902B742-SegmentedRaftLog:OPENED:c-1,f-1,i0, conf=-1: [b8f04e38-0663-4b1f-8efd-f76585c6e86c:192.168.157.251:35700, abcd8826-c056-4817-bd0f-7af19a46d814:192.168.157.251:46496, 73297ffa-40cb-4e3e-b33e-1bc2c1da60f5:192.168.157.251:32952], old=null
2019-10-17 18:50:44,382 [de8c9e34-1a4b-4ad8-952a-c65e9c1604e8@group-9D6F8169C5E6-LeaderElection15] INFO  impl.LeaderElection (LeaderElection.java:logAndReturn(56)) - de8c9e34-1a4b-4ad8-952a-c65e9c1604e8@group-9D6F8169C5E6-LeaderElection15: Election TIMEOUT; received 0 response(s) [] and 0 exception(s); de8c9e34-1a4b-4ad8-952a-c65e9c1604e8@group-9D6F8169C5E6:t5, leader=null, voted=de8c9e34-1a4b-4ad8-952a-c65e9c1604e8, raftlog=de8c9e34-1a4b-4ad8-952a-c65e9c1604e8@group-9D6F8169C5E6-SegmentedRaftLog:OPENED:c-1,f-1,i0, conf=-1: [0fe4833c-4439-4309-b94b-508419b07a37:192.168.157.251:39398, 8f4f8799-ef18-41e5-9bb8-2f724208e999:192.168.157.251:33259, de8c9e34-1a4b-4ad8-952a-c65e9c1604e8:192.168.157.251:40594], old=null
2019-10-17 18:50:44,382 [Thread-430] INFO  impl.RoleInfo (RoleInfo.java:shutdownFollowerState(121)) - b8f04e38-0663-4b1f-8efd-f76585c6e86c: shutdown FollowerState
2019-10-17 18:50:44,405 [Thread-424] INFO  impl.RoleInfo (RoleInfo.java:shutdownFollowerState(121)) - 1e4e1375-1b66-460f-8c99-4c341545a119: shutdown FollowerState
2019-10-17 18:50:44,399 [Thread-422] INFO  impl.RoleInfo (RoleInfo.java:updateAndGet(143)) - abcd8826-c056-4817-bd0f-7af19a46d814: start LeaderElection
2019-10-17 18:50:44,419 [Thread-424] INFO  impl.RaftServerImpl (RaftServerImpl.java:setRole(184)) - 1e4e1375-1b66-460f-8c99-4c341545a119@group-F775CA5912AC: changes role from  FOLLOWER to CANDIDATE at term 4 for changeToCandidate
2019-10-17 18:50:44,417 [8f4f8799-ef18-41e5-9bb8-2f724208e999@group-9D6F8169C5E6-LeaderElection20] INFO  impl.LeaderElection (LeaderElection.java:askForVotes(178)) - 8f4f8799-ef18-41e5-9bb8-2f724208e999@group-9D6F8169C5E6-LeaderElection20: begin an election at term 6 for -1: [0fe4833c-4439-4309-b94b-508419b07a37:192.168.157.251:39398, 8f4f8799-ef18-41e5-9bb8-2f724208e999:192.168.157.251:33259, de8c9e34-1a4b-4ad8-952a-c65e9c1604e8:192.168.157.251:40594], old=null
2019-10-17 18:50:44,417 [a5e79c22-a35f-4e50-b1fd-e91b6a93d74d@group-F775CA5912AC-LeaderElection16] INFO  impl.LeaderElection (LeaderElection.java:askForVotes(178)) - a5e79c22-a35f-4e50-b1fd-e91b6a93d74d@group-F775CA5912AC-LeaderElection16: begin an election at term 5 for -1: [a5e79c22-a35f-4e50-b1fd-e91b6a93d74d:192.168.157.251:45177, daae7813-f814-475d-9647-a302a5541e36:192.168.157.251:45025, 1e4e1375-1b66-460f-8c99-4c341545a119:192.168.157.251:42113], old=null
2019-10-17 18:50:44,417 [Thread-430] INFO  impl.RaftServerImpl (RaftServerImpl.java:setRole(184)) - b8f04e38-0663-4b1f-8efd-f76585c6e86c@group-5F52F902B742: changes role from  FOLLOWER to CANDIDATE at term 2 for changeToCandidate
2019-10-17 18:50:44,421 [Thread-424] INFO  impl.RoleInfo (RoleInfo.java:updateAndGet(143)) - 1e4e1375-1b66-460f-8c99-4c341545a119: start LeaderElection
2019-10-17 18:50:44,421 [Thread-430] INFO  impl.RoleInfo (RoleInfo.java:updateAndGet(143)) - b8f04e38-0663-4b1f-8efd-f76585c6e86c: start LeaderElection
2019-10-17 18:50:44,425 [Thread-283] INFO  container.ReplicationManager (ReplicationManager.java:start(162)) - Starting Replication Monitor Thread.
2019-10-17 18:50:44,427 [ReplicationMonitor] INFO  container.ReplicationManager (ReplicationManager.java:run(225)) - Replication Monitor Thread took 1 milliseconds for processing 0 containers.
2019-10-17 18:50:44,427 [grpc-default-executor-5] INFO  impl.RaftServerImpl (RaftServerImpl.java:setRole(184)) - 0fe4833c-4439-4309-b94b-508419b07a37@group-9D6F8169C5E6: changes role from  FOLLOWER to FOLLOWER at term 6 for recognizeCandidate:8f4f8799-ef18-41e5-9bb8-2f724208e999
2019-10-17 18:50:44,427 [grpc-default-executor-4] INFO  impl.RaftServerImpl (RaftServerImpl.java:setRole(184)) - daae7813-f814-475d-9647-a302a5541e36@group-F775CA5912AC: changes role from  FOLLOWER to FOLLOWER at term 5 for recognizeCandidate:a5e79c22-a35f-4e50-b1fd-e91b6a93d74d
2019-10-17 18:50:44,427 [grpc-default-executor-5] INFO  impl.RoleInfo (RoleInfo.java:shutdownFollowerState(121)) - 0fe4833c-4439-4309-b94b-508419b07a37: shutdown FollowerState
2019-10-17 18:50:44,428 [grpc-default-executor-4] INFO  impl.RoleInfo (RoleInfo.java:shutdownFollowerState(121)) - daae7813-f814-475d-9647-a302a5541e36: shutdown FollowerState
2019-10-17 18:50:44,428 [de8c9e34-1a4b-4ad8-952a-c65e9c1604e8@group-9D6F8169C5E6-LeaderElection15] INFO  impl.LeaderElection (LeaderElection.java:askForVotes(178)) - de8c9e34-1a4b-4ad8-952a-c65e9c1604e8@group-9D6F8169C5E6-LeaderElection15: begin an election at term 6 for -1: [0fe4833c-4439-4309-b94b-508419b07a37:192.168.157.251:39398, 8f4f8799-ef18-41e5-9bb8-2f724208e999:192.168.157.251:33259, de8c9e34-1a4b-4ad8-952a-c65e9c1604e8:192.168.157.251:40594], old=null
2019-10-17 18:50:44,428 [73297ffa-40cb-4e3e-b33e-1bc2c1da60f5@group-5F52F902B742-LeaderElection17] INFO  impl.LeaderElection (LeaderElection.java:askForVotes(178)) - 73297ffa-40cb-4e3e-b33e-1bc2c1da60f5@group-5F52F902B742-LeaderElection17: begin an election at term 3 for -1: [b8f04e38-0663-4b1f-8efd-f76585c6e86c:192.168.157.251:35700, abcd8826-c056-4817-bd0f-7af19a46d814:192.168.157.251:46496, 73297ffa-40cb-4e3e-b33e-1bc2c1da60f5:192.168.157.251:32952], old=null
2019-10-17 18:50:44,428 [1e4e1375-1b66-460f-8c99-4c341545a119@group-F775CA5912AC-LeaderElection22] INFO  impl.LeaderElection (LeaderElection.java:askForVotes(178)) - 1e4e1375-1b66-460f-8c99-4c341545a119@group-F775CA5912AC-LeaderElection22: begin an election at term 5 for -1: [a5e79c22-a35f-4e50-b1fd-e91b6a93d74d:192.168.157.251:45177, daae7813-f814-475d-9647-a302a5541e36:192.168.157.251:45025, 1e4e1375-1b66-460f-8c99-4c341545a119:192.168.157.251:42113], old=null
2019-10-17 18:50:44,428 [Thread-432] INFO  impl.FollowerState (FollowerState.java:run(117)) - 0fe4833c-4439-4309-b94b-508419b07a37@group-9D6F8169C5E6-FollowerState was interrupted: java.lang.InterruptedException: sleep interrupted
2019-10-17 18:50:44,428 [b8f04e38-0663-4b1f-8efd-f76585c6e86c@group-5F52F902B742-LeaderElection23] INFO  impl.LeaderElection (LeaderElection.java:askForVotes(178)) - b8f04e38-0663-4b1f-8efd-f76585c6e86c@group-5F52F902B742-LeaderElection23: begin an election at term 3 for -1: [b8f04e38-0663-4b1f-8efd-f76585c6e86c:192.168.157.251:35700, abcd8826-c056-4817-bd0f-7af19a46d814:192.168.157.251:46496, 73297ffa-40cb-4e3e-b33e-1bc2c1da60f5:192.168.157.251:32952], old=null
2019-10-17 18:50:44,428 [grpc-default-executor-5] INFO  impl.RoleInfo (RoleInfo.java:updateAndGet(143)) - 0fe4833c-4439-4309-b94b-508419b07a37: start FollowerState
2019-10-17 18:50:44,428 [abcd8826-c056-4817-bd0f-7af19a46d814@group-5F52F902B742-LeaderElection21] INFO  impl.LeaderElection (LeaderElection.java:askForVotes(178)) - abcd8826-c056-4817-bd0f-7af19a46d814@group-5F52F902B742-LeaderElection21: begin an election at term 3 for -1: [b8f04e38-0663-4b1f-8efd-f76585c6e86c:192.168.157.251:35700, abcd8826-c056-4817-bd0f-7af19a46d814:192.168.157.251:46496, 73297ffa-40cb-4e3e-b33e-1bc2c1da60f5:192.168.157.251:32952], old=null
2019-10-17 18:50:44,428 [grpc-default-executor-4] INFO  impl.RoleInfo (RoleInfo.java:updateAndGet(143)) - daae7813-f814-475d-9647-a302a5541e36: start FollowerState
2019-10-17 18:50:44,428 [Thread-428] INFO  impl.FollowerState (FollowerState.java:run(117)) - daae7813-f814-475d-9647-a302a5541e36@group-F775CA5912AC-FollowerState was interrupted: java.lang.InterruptedException: sleep interrupted
2019-10-17 18:50:44,451 [73297ffa-40cb-4e3e-b33e-1bc2c1da60f5@group-5F52F902B742-LeaderElection17] INFO  impl.LeaderElection (LeaderElection.java:logAndReturn(56)) - 73297ffa-40cb-4e3e-b33e-1bc2c1da60f5@group-5F52F902B742-LeaderElection17: Election REJECTED; received 2 response(s) [73297ffa-40cb-4e3e-b33e-1bc2c1da60f5<-b8f04e38-0663-4b1f-8efd-f76585c6e86c#0:FAIL-t3, 73297ffa-40cb-4e3e-b33e-1bc2c1da60f5<-abcd8826-c056-4817-bd0f-7af19a46d814#0:FAIL-t3] and 0 exception(s); 73297ffa-40cb-4e3e-b33e-1bc2c1da60f5@group-5F52F902B742:t3, leader=null, voted=73297ffa-40cb-4e3e-b33e-1bc2c1da60f5, raftlog=73297ffa-40cb-4e3e-b33e-1bc2c1da60f5@group-5F52F902B742-SegmentedRaftLog:OPENED:c-1,f-1,i0, conf=-1: [b8f04e38-0663-4b1f-8efd-f76585c6e86c:192.168.157.251:35700, abcd8826-c056-4817-bd0f-7af19a46d814:192.168.157.251:46496, 73297ffa-40cb-4e3e-b33e-1bc2c1da60f5:192.168.157.251:32952], old=null
2019-10-17 18:50:44,452 [73297ffa-40cb-4e3e-b33e-1bc2c1da60f5@group-5F52F902B742-LeaderElection17] INFO  impl.RaftServerImpl (RaftServerImpl.java:setRole(184)) - 73297ffa-40cb-4e3e-b33e-1bc2c1da60f5@group-5F52F902B742: changes role from CANDIDATE to FOLLOWER at term 3 for DISCOVERED_A_NEW_TERM
2019-10-17 18:50:44,452 [73297ffa-40cb-4e3e-b33e-1bc2c1da60f5@group-5F52F902B742-LeaderElection17] INFO  impl.RoleInfo (RoleInfo.java:shutdownLeaderElection(134)) - 73297ffa-40cb-4e3e-b33e-1bc2c1da60f5: shutdown LeaderElection
2019-10-17 18:50:44,452 [73297ffa-40cb-4e3e-b33e-1bc2c1da60f5@group-5F52F902B742-LeaderElection17] INFO  impl.RoleInfo (RoleInfo.java:updateAndGet(143)) - 73297ffa-40cb-4e3e-b33e-1bc2c1da60f5: start FollowerState
2019-10-17 18:50:44,455 [grpc-default-executor-0] INFO  impl.RaftServerImpl (RaftServerImpl.java:setRole(184)) - 0fe4833c-4439-4309-b94b-508419b07a37@group-9D6F8169C5E6: changes role from  FOLLOWER to FOLLOWER at term 6 for recognizeCandidate:de8c9e34-1a4b-4ad8-952a-c65e9c1604e8
2019-10-17 18:50:44,455 [grpc-default-executor-2] INFO  impl.RaftServerImpl (RaftServerImpl.java:setRole(184)) - daae7813-f814-475d-9647-a302a5541e36@group-F775CA5912AC: changes role from  FOLLOWER to FOLLOWER at term 5 for recognizeCandidate:1e4e1375-1b66-460f-8c99-4c341545a119
2019-10-17 18:50:44,464 [grpc-default-executor-2] INFO  impl.RoleInfo (RoleInfo.java:shutdownFollowerState(121)) - daae7813-f814-475d-9647-a302a5541e36: shutdown FollowerState
2019-10-17 18:50:44,462 [grpc-default-executor-0] INFO  impl.RoleInfo (RoleInfo.java:shutdownFollowerState(121)) - 0fe4833c-4439-4309-b94b-508419b07a37: shutdown FollowerState
2019-10-17 18:50:44,464 [Thread-442] INFO  impl.FollowerState (FollowerState.java:run(117)) - daae7813-f814-475d-9647-a302a5541e36@group-F775CA5912AC-FollowerState was interrupted: java.lang.InterruptedException: sleep interrupted
2019-10-17 18:50:44,464 [Thread-441] INFO  impl.FollowerState (FollowerState.java:run(117)) - 0fe4833c-4439-4309-b94b-508419b07a37@group-9D6F8169C5E6-FollowerState was interrupted: java.lang.InterruptedException: sleep interrupted
2019-10-17 18:50:44,465 [grpc-default-executor-0] INFO  impl.RoleInfo (RoleInfo.java:updateAndGet(143)) - 0fe4833c-4439-4309-b94b-508419b07a37: start FollowerState
2019-10-17 18:50:44,464 [grpc-default-executor-2] INFO  impl.RoleInfo (RoleInfo.java:updateAndGet(143)) - daae7813-f814-475d-9647-a302a5541e36: start FollowerState
2019-10-17 18:50:44,466 [8f4f8799-ef18-41e5-9bb8-2f724208e999@group-9D6F8169C5E6-LeaderElection20] INFO  impl.LeaderElection (LeaderElection.java:logAndReturn(56)) - 8f4f8799-ef18-41e5-9bb8-2f724208e999@group-9D6F8169C5E6-LeaderElection20: Election REJECTED; received 2 response(s) [8f4f8799-ef18-41e5-9bb8-2f724208e999<-0fe4833c-4439-4309-b94b-508419b07a37#0:FAIL-t6, 8f4f8799-ef18-41e5-9bb8-2f724208e999<-de8c9e34-1a4b-4ad8-952a-c65e9c1604e8#0:FAIL-t6] and 0 exception(s); 8f4f8799-ef18-41e5-9bb8-2f724208e999@group-9D6F8169C5E6:t6, leader=null, voted=8f4f8799-ef18-41e5-9bb8-2f724208e999, raftlog=8f4f8799-ef18-41e5-9bb8-2f724208e999@group-9D6F8169C5E6-SegmentedRaftLog:OPENED:c-1,f-1,i0, conf=-1: [0fe4833c-4439-4309-b94b-508419b07a37:192.168.157.251:39398, 8f4f8799-ef18-41e5-9bb8-2f724208e999:192.168.157.251:33259, de8c9e34-1a4b-4ad8-952a-c65e9c1604e8:192.168.157.251:40594], old=null
2019-10-17 18:50:44,466 [8f4f8799-ef18-41e5-9bb8-2f724208e999@group-9D6F8169C5E6-LeaderElection20] INFO  impl.RaftServerImpl (RaftServerImpl.java:setRole(184)) - 8f4f8799-ef18-41e5-9bb8-2f724208e999@group-9D6F8169C5E6: changes role from CANDIDATE to FOLLOWER at term 6 for DISCOVERED_A_NEW_TERM
2019-10-17 18:50:44,466 [8f4f8799-ef18-41e5-9bb8-2f724208e999@group-9D6F8169C5E6-LeaderElection20] INFO  impl.RoleInfo (RoleInfo.java:shutdownLeaderElection(134)) - 8f4f8799-ef18-41e5-9bb8-2f724208e999: shutdown LeaderElection
2019-10-17 18:50:44,466 [abcd8826-c056-4817-bd0f-7af19a46d814@group-5F52F902B742-LeaderElection21] INFO  impl.LeaderElection (LeaderElection.java:logAndReturn(56)) - abcd8826-c056-4817-bd0f-7af19a46d814@group-5F52F902B742-LeaderElection21: Election REJECTED; received 2 response(s) [abcd8826-c056-4817-bd0f-7af19a46d814<-b8f04e38-0663-4b1f-8efd-f76585c6e86c#0:FAIL-t3, abcd8826-c056-4817-bd0f-7af19a46d814<-73297ffa-40cb-4e3e-b33e-1bc2c1da60f5#0:FAIL-t3] and 0 exception(s); abcd8826-c056-4817-bd0f-7af19a46d814@group-5F52F902B742:t3, leader=null, voted=abcd8826-c056-4817-bd0f-7af19a46d814, raftlog=abcd8826-c056-4817-bd0f-7af19a46d814@group-5F52F902B742-SegmentedRaftLog:OPENED:c-1,f-1,i0, conf=-1: [b8f04e38-0663-4b1f-8efd-f76585c6e86c:192.168.157.251:35700, abcd8826-c056-4817-bd0f-7af19a46d814:192.168.157.251:46496, 73297ffa-40cb-4e3e-b33e-1bc2c1da60f5:192.168.157.251:32952], old=null
2019-10-17 18:50:44,468 [abcd8826-c056-4817-bd0f-7af19a46d814@group-5F52F902B742-LeaderElection21] INFO  impl.RaftServerImpl (RaftServerImpl.java:setRole(184)) - abcd8826-c056-4817-bd0f-7af19a46d814@group-5F52F902B742: changes role from CANDIDATE to FOLLOWER at term 3 for DISCOVERED_A_NEW_TERM
2019-10-17 18:50:44,468 [8f4f8799-ef18-41e5-9bb8-2f724208e999@group-9D6F8169C5E6-LeaderElection20] INFO  impl.RoleInfo (RoleInfo.java:updateAndGet(143)) - 8f4f8799-ef18-41e5-9bb8-2f724208e999: start FollowerState
2019-10-17 18:50:44,468 [abcd8826-c056-4817-bd0f-7af19a46d814@group-5F52F902B742-LeaderElection21] INFO  impl.RoleInfo (RoleInfo.java:shutdownLeaderElection(134)) - abcd8826-c056-4817-bd0f-7af19a46d814: shutdown LeaderElection
2019-10-17 18:50:44,469 [a5e79c22-a35f-4e50-b1fd-e91b6a93d74d@group-F775CA5912AC-LeaderElection16] INFO  impl.LeaderElection (LeaderElection.java:logAndReturn(56)) - a5e79c22-a35f-4e50-b1fd-e91b6a93d74d@group-F775CA5912AC-LeaderElection16: Election REJECTED; received 2 response(s) [a5e79c22-a35f-4e50-b1fd-e91b6a93d74d<-daae7813-f814-475d-9647-a302a5541e36#0:FAIL-t5, a5e79c22-a35f-4e50-b1fd-e91b6a93d74d<-1e4e1375-1b66-460f-8c99-4c341545a119#0:FAIL-t5] and 0 exception(s); a5e79c22-a35f-4e50-b1fd-e91b6a93d74d@group-F775CA5912AC:t5, leader=null, voted=a5e79c22-a35f-4e50-b1fd-e91b6a93d74d, raftlog=a5e79c22-a35f-4e50-b1fd-e91b6a93d74d@group-F775CA5912AC-SegmentedRaftLog:OPENED:c-1,f-1,i0, conf=-1: [a5e79c22-a35f-4e50-b1fd-e91b6a93d74d:192.168.157.251:45177, daae7813-f814-475d-9647-a302a5541e36:192.168.157.251:45025, 1e4e1375-1b66-460f-8c99-4c341545a119:192.168.157.251:42113], old=null
2019-10-17 18:50:44,469 [abcd8826-c056-4817-bd0f-7af19a46d814@group-5F52F902B742-LeaderElection21] INFO  impl.RoleInfo (RoleInfo.java:updateAndGet(143)) - abcd8826-c056-4817-bd0f-7af19a46d814: start FollowerState
2019-10-17 18:50:44,469 [a5e79c22-a35f-4e50-b1fd-e91b6a93d74d@group-F775CA5912AC-LeaderElection16] INFO  impl.RaftServerImpl (RaftServerImpl.java:setRole(184)) - a5e79c22-a35f-4e50-b1fd-e91b6a93d74d@group-F775CA5912AC: changes role from CANDIDATE to FOLLOWER at term 5 for DISCOVERED_A_NEW_TERM
2019-10-17 18:50:44,471 [a5e79c22-a35f-4e50-b1fd-e91b6a93d74d@group-F775CA5912AC-LeaderElection16] INFO  impl.RoleInfo (RoleInfo.java:shutdownLeaderElection(134)) - a5e79c22-a35f-4e50-b1fd-e91b6a93d74d: shutdown LeaderElection
2019-10-17 18:50:44,473 [a5e79c22-a35f-4e50-b1fd-e91b6a93d74d@group-F775CA5912AC-LeaderElection16] INFO  impl.RoleInfo (RoleInfo.java:updateAndGet(143)) - a5e79c22-a35f-4e50-b1fd-e91b6a93d74d: start FollowerState
2019-10-17 18:50:44,473 [de8c9e34-1a4b-4ad8-952a-c65e9c1604e8@group-9D6F8169C5E6-LeaderElection15] INFO  impl.LeaderElection (LeaderElection.java:logAndReturn(56)) - de8c9e34-1a4b-4ad8-952a-c65e9c1604e8@group-9D6F8169C5E6-LeaderElection15: Election REJECTED; received 2 response(s) [de8c9e34-1a4b-4ad8-952a-c65e9c1604e8<-0fe4833c-4439-4309-b94b-508419b07a37#0:FAIL-t6, de8c9e34-1a4b-4ad8-952a-c65e9c1604e8<-8f4f8799-ef18-41e5-9bb8-2f724208e999#0:FAIL-t6] and 0 exception(s); de8c9e34-1a4b-4ad8-952a-c65e9c1604e8@group-9D6F8169C5E6:t6, leader=null, voted=de8c9e34-1a4b-4ad8-952a-c65e9c1604e8, raftlog=de8c9e34-1a4b-4ad8-952a-c65e9c1604e8@group-9D6F8169C5E6-SegmentedRaftLog:OPENED:c-1,f-1,i0, conf=-1: [0fe4833c-4439-4309-b94b-508419b07a37:192.168.157.251:39398, 8f4f8799-ef18-41e5-9bb8-2f724208e999:192.168.157.251:33259, de8c9e34-1a4b-4ad8-952a-c65e9c1604e8:192.168.157.251:40594], old=null
2019-10-17 18:50:44,474 [de8c9e34-1a4b-4ad8-952a-c65e9c1604e8@group-9D6F8169C5E6-LeaderElection15] INFO  impl.RaftServerImpl (RaftServerImpl.java:setRole(184)) - de8c9e34-1a4b-4ad8-952a-c65e9c1604e8@group-9D6F8169C5E6: changes role from CANDIDATE to FOLLOWER at term 6 for DISCOVERED_A_NEW_TERM
2019-10-17 18:50:44,474 [de8c9e34-1a4b-4ad8-952a-c65e9c1604e8@group-9D6F8169C5E6-LeaderElection15] INFO  impl.RoleInfo (RoleInfo.java:shutdownLeaderElection(134)) - de8c9e34-1a4b-4ad8-952a-c65e9c1604e8: shutdown LeaderElection
2019-10-17 18:50:44,474 [de8c9e34-1a4b-4ad8-952a-c65e9c1604e8@group-9D6F8169C5E6-LeaderElection15] INFO  impl.RoleInfo (RoleInfo.java:updateAndGet(143)) - de8c9e34-1a4b-4ad8-952a-c65e9c1604e8: start FollowerState
2019-10-17 18:50:44,474 [1e4e1375-1b66-460f-8c99-4c341545a119@group-F775CA5912AC-LeaderElection22] INFO  impl.LeaderElection (LeaderElection.java:logAndReturn(56)) - 1e4e1375-1b66-460f-8c99-4c341545a119@group-F775CA5912AC-LeaderElection22: Election REJECTED; received 2 response(s) [1e4e1375-1b66-460f-8c99-4c341545a119<-a5e79c22-a35f-4e50-b1fd-e91b6a93d74d#0:FAIL-t5, 1e4e1375-1b66-460f-8c99-4c341545a119<-daae7813-f814-475d-9647-a302a5541e36#0:FAIL-t5] and 0 exception(s); 1e4e1375-1b66-460f-8c99-4c341545a119@group-F775CA5912AC:t5, leader=null, voted=1e4e1375-1b66-460f-8c99-4c341545a119, raftlog=1e4e1375-1b66-460f-8c99-4c341545a119@group-F775CA5912AC-SegmentedRaftLog:OPENED:c-1,f-1,i0, conf=-1: [a5e79c22-a35f-4e50-b1fd-e91b6a93d74d:192.168.157.251:45177, daae7813-f814-475d-9647-a302a5541e36:192.168.157.251:45025, 1e4e1375-1b66-460f-8c99-4c341545a119:192.168.157.251:42113], old=null
2019-10-17 18:50:44,476 [1e4e1375-1b66-460f-8c99-4c341545a119@group-F775CA5912AC-LeaderElection22] INFO  impl.RaftServerImpl (RaftServerImpl.java:setRole(184)) - 1e4e1375-1b66-460f-8c99-4c341545a119@group-F775CA5912AC: changes role from CANDIDATE to FOLLOWER at term 5 for DISCOVERED_A_NEW_TERM
2019-10-17 18:50:44,476 [1e4e1375-1b66-460f-8c99-4c341545a119@group-F775CA5912AC-LeaderElection22] INFO  impl.RoleInfo (RoleInfo.java:shutdownLeaderElection(134)) - 1e4e1375-1b66-460f-8c99-4c341545a119: shutdown LeaderElection
2019-10-17 18:50:44,476 [1e4e1375-1b66-460f-8c99-4c341545a119@group-F775CA5912AC-LeaderElection22] INFO  impl.RoleInfo (RoleInfo.java:updateAndGet(143)) - 1e4e1375-1b66-460f-8c99-4c341545a119: start FollowerState
2019-10-17 18:50:44,478 [b8f04e38-0663-4b1f-8efd-f76585c6e86c@group-5F52F902B742-LeaderElection23] INFO  impl.LeaderElection (LeaderElection.java:logAndReturn(56)) - b8f04e38-0663-4b1f-8efd-f76585c6e86c@group-5F52F902B742-LeaderElection23: Election REJECTED; received 2 response(s) [b8f04e38-0663-4b1f-8efd-f76585c6e86c<-abcd8826-c056-4817-bd0f-7af19a46d814#0:FAIL-t3, b8f04e38-0663-4b1f-8efd-f76585c6e86c<-73297ffa-40cb-4e3e-b33e-1bc2c1da60f5#0:FAIL-t3] and 0 exception(s); b8f04e38-0663-4b1f-8efd-f76585c6e86c@group-5F52F902B742:t3, leader=null, voted=b8f04e38-0663-4b1f-8efd-f76585c6e86c, raftlog=b8f04e38-0663-4b1f-8efd-f76585c6e86c@group-5F52F902B742-SegmentedRaftLog:OPENED:c-1,f-1,i0, conf=-1: [b8f04e38-0663-4b1f-8efd-f76585c6e86c:192.168.157.251:35700, abcd8826-c056-4817-bd0f-7af19a46d814:192.168.157.251:46496, 73297ffa-40cb-4e3e-b33e-1bc2c1da60f5:192.168.157.251:32952], old=null
2019-10-17 18:50:44,480 [b8f04e38-0663-4b1f-8efd-f76585c6e86c@group-5F52F902B742-LeaderElection23] INFO  impl.RaftServerImpl (RaftServerImpl.java:setRole(184)) - b8f04e38-0663-4b1f-8efd-f76585c6e86c@group-5F52F902B742: changes role from CANDIDATE to FOLLOWER at term 3 for DISCOVERED_A_NEW_TERM
2019-10-17 18:50:44,480 [b8f04e38-0663-4b1f-8efd-f76585c6e86c@group-5F52F902B742-LeaderElection23] INFO  impl.RoleInfo (RoleInfo.java:shutdownLeaderElection(134)) - b8f04e38-0663-4b1f-8efd-f76585c6e86c: shutdown LeaderElection
2019-10-17 18:50:44,480 [b8f04e38-0663-4b1f-8efd-f76585c6e86c@group-5F52F902B742-LeaderElection23] INFO  impl.RoleInfo (RoleInfo.java:updateAndGet(143)) - b8f04e38-0663-4b1f-8efd-f76585c6e86c: start FollowerState
2019-10-17 18:50:44,515 [Thread-456] INFO  impl.FollowerState (FollowerState.java:run(108)) - 8f4f8799-ef18-41e5-9bb8-2f724208e999@group-9D6F8169C5E6-FollowerState: change to CANDIDATE, lastRpcTime:47ms, electionTimeout:44ms
2019-10-17 18:50:44,518 [Thread-456] INFO  impl.RoleInfo (RoleInfo.java:shutdownFollowerState(121)) - 8f4f8799-ef18-41e5-9bb8-2f724208e999: shutdown FollowerState
2019-10-17 18:50:44,518 [Thread-456] INFO  impl.RaftServerImpl (RaftServerImpl.java:setRole(184)) - 8f4f8799-ef18-41e5-9bb8-2f724208e999@group-9D6F8169C5E6: changes role from  FOLLOWER to CANDIDATE at term 6 for changeToCandidate
2019-10-17 18:50:44,518 [Thread-456] INFO  impl.RoleInfo (RoleInfo.java:updateAndGet(143)) - 8f4f8799-ef18-41e5-9bb8-2f724208e999: start LeaderElection
2019-10-17 18:50:44,521 [Thread-460] INFO  impl.FollowerState (FollowerState.java:run(108)) - 1e4e1375-1b66-460f-8c99-4c341545a119@group-F775CA5912AC-FollowerState: change to CANDIDATE, lastRpcTime:44ms, electionTimeout:43ms
2019-10-17 18:50:44,521 [Thread-460] INFO  impl.RoleInfo (RoleInfo.java:shutdownFollowerState(121)) - 1e4e1375-1b66-460f-8c99-4c341545a119: shutdown FollowerState
2019-10-17 18:50:44,522 [Thread-460] INFO  impl.RaftServerImpl (RaftServerImpl.java:setRole(184)) - 1e4e1375-1b66-460f-8c99-4c341545a119@group-F775CA5912AC: changes role from  FOLLOWER to CANDIDATE at term 5 for changeToCandidate
2019-10-17 18:50:44,522 [Thread-460] INFO  impl.RoleInfo (RoleInfo.java:updateAndGet(143)) - 1e4e1375-1b66-460f-8c99-4c341545a119: start LeaderElection
2019-10-17 18:50:44,526 [main] INFO  rpc.RpcClient (RpcClient.java:createVolume(272)) - Creating Volume: datanodefailurehandlingtest, with jenkins1000 as owner.
2019-10-17 18:50:44,532 [8f4f8799-ef18-41e5-9bb8-2f724208e999@group-9D6F8169C5E6-LeaderElection24] INFO  impl.LeaderElection (LeaderElection.java:askForVotes(178)) - 8f4f8799-ef18-41e5-9bb8-2f724208e999@group-9D6F8169C5E6-LeaderElection24: begin an election at term 7 for -1: [0fe4833c-4439-4309-b94b-508419b07a37:192.168.157.251:39398, 8f4f8799-ef18-41e5-9bb8-2f724208e999:192.168.157.251:33259, de8c9e34-1a4b-4ad8-952a-c65e9c1604e8:192.168.157.251:40594], old=null
2019-10-17 18:50:44,533 [1e4e1375-1b66-460f-8c99-4c341545a119@group-F775CA5912AC-LeaderElection25] INFO  impl.LeaderElection (LeaderElection.java:askForVotes(178)) - 1e4e1375-1b66-460f-8c99-4c341545a119@group-F775CA5912AC-LeaderElection25: begin an election at term 6 for -1: [a5e79c22-a35f-4e50-b1fd-e91b6a93d74d:192.168.157.251:45177, daae7813-f814-475d-9647-a302a5541e36:192.168.157.251:45025, 1e4e1375-1b66-460f-8c99-4c341545a119:192.168.157.251:42113], old=null
2019-10-17 18:50:44,537 [grpc-default-executor-2] INFO  impl.RaftServerImpl (RaftServerImpl.java:setRole(184)) - daae7813-f814-475d-9647-a302a5541e36@group-F775CA5912AC: changes role from  FOLLOWER to FOLLOWER at term 6 for recognizeCandidate:1e4e1375-1b66-460f-8c99-4c341545a119
2019-10-17 18:50:44,537 [grpc-default-executor-2] INFO  impl.RoleInfo (RoleInfo.java:shutdownFollowerState(121)) - daae7813-f814-475d-9647-a302a5541e36: shutdown FollowerState
2019-10-17 18:50:44,538 [grpc-default-executor-2] INFO  impl.RoleInfo (RoleInfo.java:updateAndGet(143)) - daae7813-f814-475d-9647-a302a5541e36: start FollowerState
2019-10-17 18:50:44,538 [Thread-454] INFO  impl.FollowerState (FollowerState.java:run(117)) - daae7813-f814-475d-9647-a302a5541e36@group-F775CA5912AC-FollowerState was interrupted: java.lang.InterruptedException: sleep interrupted
2019-10-17 18:50:44,538 [grpc-default-executor-0] INFO  impl.RaftServerImpl (RaftServerImpl.java:setRole(184)) - 0fe4833c-4439-4309-b94b-508419b07a37@group-9D6F8169C5E6: changes role from  FOLLOWER to FOLLOWER at term 7 for recognizeCandidate:8f4f8799-ef18-41e5-9bb8-2f724208e999
2019-10-17 18:50:44,538 [grpc-default-executor-0] INFO  impl.RoleInfo (RoleInfo.java:shutdownFollowerState(121)) - 0fe4833c-4439-4309-b94b-508419b07a37: shutdown FollowerState
2019-10-17 18:50:44,538 [grpc-default-executor-4] INFO  impl.RaftServerImpl (RaftServerImpl.java:setRole(184)) - de8c9e34-1a4b-4ad8-952a-c65e9c1604e8@group-9D6F8169C5E6: changes role from  FOLLOWER to FOLLOWER at term 7 for recognizeCandidate:8f4f8799-ef18-41e5-9bb8-2f724208e999
2019-10-17 18:50:44,538 [grpc-default-executor-0] INFO  impl.RoleInfo (RoleInfo.java:updateAndGet(143)) - 0fe4833c-4439-4309-b94b-508419b07a37: start FollowerState
2019-10-17 18:50:44,538 [Thread-455] INFO  impl.FollowerState (FollowerState.java:run(117)) - 0fe4833c-4439-4309-b94b-508419b07a37@group-9D6F8169C5E6-FollowerState was interrupted: java.lang.InterruptedException: sleep interrupted
2019-10-17 18:50:44,538 [grpc-default-executor-5] INFO  impl.RaftServerImpl (RaftServerImpl.java:setRole(184)) - a5e79c22-a35f-4e50-b1fd-e91b6a93d74d@group-F775CA5912AC: changes role from  FOLLOWER to FOLLOWER at term 6 for recognizeCandidate:1e4e1375-1b66-460f-8c99-4c341545a119
2019-10-17 18:50:44,538 [grpc-default-executor-4] INFO  impl.RoleInfo (RoleInfo.java:shutdownFollowerState(121)) - de8c9e34-1a4b-4ad8-952a-c65e9c1604e8: shutdown FollowerState
2019-10-17 18:50:44,539 [grpc-default-executor-5] INFO  impl.RoleInfo (RoleInfo.java:shutdownFollowerState(121)) - a5e79c22-a35f-4e50-b1fd-e91b6a93d74d: shutdown FollowerState
2019-10-17 18:50:44,539 [Thread-459] INFO  impl.FollowerState (FollowerState.java:run(117)) - de8c9e34-1a4b-4ad8-952a-c65e9c1604e8@group-9D6F8169C5E6-FollowerState was interrupted: java.lang.InterruptedException: sleep interrupted
2019-10-17 18:50:44,539 [grpc-default-executor-4] INFO  impl.RoleInfo (RoleInfo.java:updateAndGet(143)) - de8c9e34-1a4b-4ad8-952a-c65e9c1604e8: start FollowerState
2019-10-17 18:50:44,539 [grpc-default-executor-5] INFO  impl.RoleInfo (RoleInfo.java:updateAndGet(143)) - a5e79c22-a35f-4e50-b1fd-e91b6a93d74d: start FollowerState
2019-10-17 18:50:44,539 [Thread-458] INFO  impl.FollowerState (FollowerState.java:run(117)) - a5e79c22-a35f-4e50-b1fd-e91b6a93d74d@group-F775CA5912AC-FollowerState was interrupted: java.lang.InterruptedException: sleep interrupted
2019-10-17 18:50:44,546 [Thread-453] INFO  impl.FollowerState (FollowerState.java:run(108)) - 73297ffa-40cb-4e3e-b33e-1bc2c1da60f5@group-5F52F902B742-FollowerState: change to CANDIDATE, lastRpcTime:94ms, electionTimeout:94ms
2019-10-17 18:50:44,546 [Thread-453] INFO  impl.RoleInfo (RoleInfo.java:shutdownFollowerState(121)) - 73297ffa-40cb-4e3e-b33e-1bc2c1da60f5: shutdown FollowerState
2019-10-17 18:50:44,546 [Thread-453] INFO  impl.RaftServerImpl (RaftServerImpl.java:setRole(184)) - 73297ffa-40cb-4e3e-b33e-1bc2c1da60f5@group-5F52F902B742: changes role from  FOLLOWER to CANDIDATE at term 3 for changeToCandidate
2019-10-17 18:50:44,547 [Thread-453] INFO  impl.RoleInfo (RoleInfo.java:updateAndGet(143)) - 73297ffa-40cb-4e3e-b33e-1bc2c1da60f5: start LeaderElection
2019-10-17 18:50:44,552 [73297ffa-40cb-4e3e-b33e-1bc2c1da60f5@group-5F52F902B742-LeaderElection26] INFO  impl.LeaderElection (LeaderElection.java:askForVotes(178)) - 73297ffa-40cb-4e3e-b33e-1bc2c1da60f5@group-5F52F902B742-LeaderElection26: begin an election at term 4 for -1: [b8f04e38-0663-4b1f-8efd-f76585c6e86c:192.168.157.251:35700, abcd8826-c056-4817-bd0f-7af19a46d814:192.168.157.251:46496, 73297ffa-40cb-4e3e-b33e-1bc2c1da60f5:192.168.157.251:32952], old=null
2019-10-17 18:50:44,553 [8f4f8799-ef18-41e5-9bb8-2f724208e999@group-9D6F8169C5E6-LeaderElection24] INFO  impl.LeaderElection (LeaderElection.java:logAndReturn(56)) - 8f4f8799-ef18-41e5-9bb8-2f724208e999@group-9D6F8169C5E6-LeaderElection24: Election PASSED; received 1 response(s) [8f4f8799-ef18-41e5-9bb8-2f724208e999<-de8c9e34-1a4b-4ad8-952a-c65e9c1604e8#0:OK-t7] and 0 exception(s); 8f4f8799-ef18-41e5-9bb8-2f724208e999@group-9D6F8169C5E6:t7, leader=null, voted=8f4f8799-ef18-41e5-9bb8-2f724208e999, raftlog=8f4f8799-ef18-41e5-9bb8-2f724208e999@group-9D6F8169C5E6-SegmentedRaftLog:OPENED:c-1,f-1,i0, conf=-1: [0fe4833c-4439-4309-b94b-508419b07a37:192.168.157.251:39398, 8f4f8799-ef18-41e5-9bb8-2f724208e999:192.168.157.251:33259, de8c9e34-1a4b-4ad8-952a-c65e9c1604e8:192.168.157.251:40594], old=null
2019-10-17 18:50:44,553 [1e4e1375-1b66-460f-8c99-4c341545a119@group-F775CA5912AC-LeaderElection25] INFO  impl.LeaderElection (LeaderElection.java:logAndReturn(56)) - 1e4e1375-1b66-460f-8c99-4c341545a119@group-F775CA5912AC-LeaderElection25: Election PASSED; received 1 response(s) [1e4e1375-1b66-460f-8c99-4c341545a119<-a5e79c22-a35f-4e50-b1fd-e91b6a93d74d#0:OK-t6] and 0 exception(s); 1e4e1375-1b66-460f-8c99-4c341545a119@group-F775CA5912AC:t6, leader=null, voted=1e4e1375-1b66-460f-8c99-4c341545a119, raftlog=1e4e1375-1b66-460f-8c99-4c341545a119@group-F775CA5912AC-SegmentedRaftLog:OPENED:c-1,f-1,i0, conf=-1: [a5e79c22-a35f-4e50-b1fd-e91b6a93d74d:192.168.157.251:45177, daae7813-f814-475d-9647-a302a5541e36:192.168.157.251:45025, 1e4e1375-1b66-460f-8c99-4c341545a119:192.168.157.251:42113], old=null
2019-10-17 18:50:44,554 [8f4f8799-ef18-41e5-9bb8-2f724208e999@group-9D6F8169C5E6-LeaderElection24] INFO  impl.RoleInfo (RoleInfo.java:shutdownLeaderElection(134)) - 8f4f8799-ef18-41e5-9bb8-2f724208e999: shutdown LeaderElection
2019-10-17 18:50:44,555 [Thread-457] INFO  impl.FollowerState (FollowerState.java:run(108)) - abcd8826-c056-4817-bd0f-7af19a46d814@group-5F52F902B742-FollowerState: change to CANDIDATE, lastRpcTime:85ms, electionTimeout:81ms
2019-10-17 18:50:44,555 [8f4f8799-ef18-41e5-9bb8-2f724208e999@group-9D6F8169C5E6-LeaderElection24] INFO  impl.RaftServerImpl (RaftServerImpl.java:setRole(184)) - 8f4f8799-ef18-41e5-9bb8-2f724208e999@group-9D6F8169C5E6: changes role from CANDIDATE to LEADER at term 7 for changeToLeader
2019-10-17 18:50:44,557 [1e4e1375-1b66-460f-8c99-4c341545a119@group-F775CA5912AC-LeaderElection25] INFO  impl.RoleInfo (RoleInfo.java:shutdownLeaderElection(134)) - 1e4e1375-1b66-460f-8c99-4c341545a119: shutdown LeaderElection
2019-10-17 18:50:44,557 [Thread-457] INFO  impl.RoleInfo (RoleInfo.java:shutdownFollowerState(121)) - abcd8826-c056-4817-bd0f-7af19a46d814: shutdown FollowerState
2019-10-17 18:50:44,558 [1e4e1375-1b66-460f-8c99-4c341545a119@group-F775CA5912AC-LeaderElection25] INFO  impl.RaftServerImpl (RaftServerImpl.java:setRole(184)) - 1e4e1375-1b66-460f-8c99-4c341545a119@group-F775CA5912AC: changes role from CANDIDATE to LEADER at term 6 for changeToLeader
2019-10-17 18:50:44,557 [8f4f8799-ef18-41e5-9bb8-2f724208e999@group-9D6F8169C5E6-LeaderElection24] INFO  impl.RaftServerImpl (ServerState.java:setLeader(256)) - 8f4f8799-ef18-41e5-9bb8-2f724208e999@group-9D6F8169C5E6: change Leader from null to 8f4f8799-ef18-41e5-9bb8-2f724208e999 at term 7 for becomeLeader, leader elected after 1051ms
2019-10-17 18:50:44,558 [1e4e1375-1b66-460f-8c99-4c341545a119@group-F775CA5912AC-LeaderElection25] INFO  impl.RaftServerImpl (ServerState.java:setLeader(256)) - 1e4e1375-1b66-460f-8c99-4c341545a119@group-F775CA5912AC: change Leader from null to 1e4e1375-1b66-460f-8c99-4c341545a119 at term 6 for becomeLeader, leader elected after 903ms
2019-10-17 18:50:44,558 [Thread-457] INFO  impl.RaftServerImpl (RaftServerImpl.java:setRole(184)) - abcd8826-c056-4817-bd0f-7af19a46d814@group-5F52F902B742: changes role from  FOLLOWER to CANDIDATE at term 3 for changeToCandidate
2019-10-17 18:50:44,558 [1e4e1375-1b66-460f-8c99-4c341545a119@group-F775CA5912AC-LeaderElection25] INFO  server.RaftServerConfigKeys (ConfUtils.java:logGet(43)) - raft.server.staging.catchup.gap = 1000 (default)
2019-10-17 18:50:44,558 [8f4f8799-ef18-41e5-9bb8-2f724208e999@group-9D6F8169C5E6-LeaderElection24] INFO  server.RaftServerConfigKeys (ConfUtils.java:logGet(43)) - raft.server.staging.catchup.gap = 1000 (default)
2019-10-17 18:50:44,558 [1e4e1375-1b66-460f-8c99-4c341545a119@group-F775CA5912AC-LeaderElection25] INFO  server.RaftServerConfigKeys (ConfUtils.java:logGet(43)) - raft.server.rpc.sleep.time = 25ms (default)
2019-10-17 18:50:44,558 [Thread-457] INFO  impl.RoleInfo (RoleInfo.java:updateAndGet(143)) - abcd8826-c056-4817-bd0f-7af19a46d814: start LeaderElection
2019-10-17 18:50:44,558 [1e4e1375-1b66-460f-8c99-4c341545a119@group-F775CA5912AC-LeaderElection25] INFO  server.RaftServerConfigKeys (ConfUtils.java:logGet(43)) - raft.server.write.element-limit = 4096 (default)
2019-10-17 18:50:44,558 [8f4f8799-ef18-41e5-9bb8-2f724208e999@group-9D6F8169C5E6-LeaderElection24] INFO  server.RaftServerConfigKeys (ConfUtils.java:logGet(43)) - raft.server.rpc.sleep.time = 25ms (default)
2019-10-17 18:50:44,558 [grpc-default-executor-4] INFO  impl.RaftServerImpl (RaftServerImpl.java:setRole(184)) - b8f04e38-0663-4b1f-8efd-f76585c6e86c@group-5F52F902B742: changes role from  FOLLOWER to FOLLOWER at term 4 for recognizeCandidate:73297ffa-40cb-4e3e-b33e-1bc2c1da60f5
2019-10-17 18:50:44,559 [8f4f8799-ef18-41e5-9bb8-2f724208e999@group-9D6F8169C5E6-LeaderElection24] INFO  server.RaftServerConfigKeys (ConfUtils.java:logGet(43)) - raft.server.write.element-limit = 4096 (default)
2019-10-17 18:50:44,559 [grpc-default-executor-0] INFO  impl.RaftServerImpl (RaftServerImpl.java:setRole(184)) - abcd8826-c056-4817-bd0f-7af19a46d814@group-5F52F902B742: changes role from CANDIDATE to FOLLOWER at term 4 for recognizeCandidate:73297ffa-40cb-4e3e-b33e-1bc2c1da60f5
2019-10-17 18:50:44,559 [grpc-default-executor-0] INFO  impl.RoleInfo (RoleInfo.java:shutdownLeaderElection(134)) - abcd8826-c056-4817-bd0f-7af19a46d814: shutdown LeaderElection
2019-10-17 18:50:44,559 [1e4e1375-1b66-460f-8c99-4c341545a119@group-F775CA5912AC-LeaderElection25] INFO  server.RaftServerConfigKeys (ConfUtils.java:logGet(43)) - raft.server.watch.timeout = 10s (default)
2019-10-17 18:50:44,559 [grpc-default-executor-0] INFO  impl.RoleInfo (RoleInfo.java:updateAndGet(143)) - abcd8826-c056-4817-bd0f-7af19a46d814: start FollowerState
2019-10-17 18:50:44,559 [8f4f8799-ef18-41e5-9bb8-2f724208e999@group-9D6F8169C5E6-LeaderElection24] INFO  server.RaftServerConfigKeys (ConfUtils.java:logGet(43)) - raft.server.watch.timeout = 10s (default)
2019-10-17 18:50:44,559 [grpc-default-executor-4] INFO  impl.RoleInfo (RoleInfo.java:shutdownFollowerState(121)) - b8f04e38-0663-4b1f-8efd-f76585c6e86c: shutdown FollowerState
2019-10-17 18:50:44,560 [8f4f8799-ef18-41e5-9bb8-2f724208e999@group-9D6F8169C5E6-LeaderElection24] INFO  server.RaftServerConfigKeys (ConfUtils.java:logGet(43)) - raft.server.watch.timeout.denomination = 1s (default)
2019-10-17 18:50:44,559 [1e4e1375-1b66-460f-8c99-4c341545a119@group-F775CA5912AC-LeaderElection25] INFO  server.RaftServerConfigKeys (ConfUtils.java:logGet(43)) - raft.server.watch.timeout.denomination = 1s (default)
2019-10-17 18:50:44,560 [8f4f8799-ef18-41e5-9bb8-2f724208e999@group-9D6F8169C5E6-LeaderElection24] INFO  server.RaftServerConfigKeys (ConfUtils.java:logGet(43)) - raft.server.watch.element-limit = 65536 (default)
2019-10-17 18:50:44,560 [Thread-461] INFO  impl.FollowerState (FollowerState.java:run(117)) - b8f04e38-0663-4b1f-8efd-f76585c6e86c@group-5F52F902B742-FollowerState was interrupted: java.lang.InterruptedException: sleep interrupted
2019-10-17 18:50:44,560 [grpc-default-executor-4] INFO  impl.RoleInfo (RoleInfo.java:updateAndGet(143)) - b8f04e38-0663-4b1f-8efd-f76585c6e86c: start FollowerState
2019-10-17 18:50:44,560 [1e4e1375-1b66-460f-8c99-4c341545a119@group-F775CA5912AC-LeaderElection25] INFO  server.RaftServerConfigKeys (ConfUtils.java:logGet(43)) - raft.server.watch.element-limit = 65536 (default)
2019-10-17 18:50:44,562 [8f4f8799-ef18-41e5-9bb8-2f724208e999@group-9D6F8169C5E6-LeaderElection24] INFO  server.RaftServerConfigKeys (ConfUtils.java:logGet(43)) - raft.server.log.appender.snapshot.chunk.size.max = 16MB (=16777216) (default)
2019-10-17 18:50:44,562 [8f4f8799-ef18-41e5-9bb8-2f724208e999@group-9D6F8169C5E6-LeaderElection24] INFO  server.RaftServerConfigKeys (ConfUtils.java:logGet(43)) - raft.server.log.appender.buffer.byte-limit = 33554432 (custom)
2019-10-17 18:50:44,562 [8f4f8799-ef18-41e5-9bb8-2f724208e999@group-9D6F8169C5E6-LeaderElection24] INFO  server.RaftServerConfigKeys (ConfUtils.java:logGet(43)) - raft.server.log.appender.buffer.element-limit = 1 (custom)
2019-10-17 18:50:44,562 [1e4e1375-1b66-460f-8c99-4c341545a119@group-F775CA5912AC-LeaderElection25] INFO  server.RaftServerConfigKeys (ConfUtils.java:logGet(43)) - raft.server.log.appender.snapshot.chunk.size.max = 16MB (=16777216) (default)
2019-10-17 18:50:44,562 [8f4f8799-ef18-41e5-9bb8-2f724208e999@group-9D6F8169C5E6-LeaderElection24] INFO  grpc.GrpcConfigKeys$Server (ConfUtils.java:logGet(43)) - raft.grpc.server.leader.outstanding.appends.max = 128 (default)
2019-10-17 18:50:44,562 [1e4e1375-1b66-460f-8c99-4c341545a119@group-F775CA5912AC-LeaderElection25] INFO  server.RaftServerConfigKeys (ConfUtils.java:logGet(43)) - raft.server.log.appender.buffer.byte-limit = 33554432 (custom)
2019-10-17 18:50:44,562 [8f4f8799-ef18-41e5-9bb8-2f724208e999@group-9D6F8169C5E6-LeaderElection24] INFO  server.RaftServerConfigKeys (ConfUtils.java:logGet(43)) - raft.server.rpc.request.timeout = 3000ms (default)
2019-10-17 18:50:44,562 [1e4e1375-1b66-460f-8c99-4c341545a119@group-F775CA5912AC-LeaderElection25] INFO  server.RaftServerConfigKeys (ConfUtils.java:logGet(43)) - raft.server.log.appender.buffer.element-limit = 1 (custom)
2019-10-17 18:50:44,563 [8f4f8799-ef18-41e5-9bb8-2f724208e999@group-9D6F8169C5E6-LeaderElection24] INFO  server.RaftServerConfigKeys (ConfUtils.java:logGet(43)) - raft.server.log.appender.install.snapshot.enabled = false (custom)
2019-10-17 18:50:44,563 [1e4e1375-1b66-460f-8c99-4c341545a119@group-F775CA5912AC-LeaderElection25] INFO  grpc.GrpcConfigKeys$Server (ConfUtils.java:logGet(43)) - raft.grpc.server.leader.outstanding.appends.max = 128 (default)
2019-10-17 18:50:44,563 [1e4e1375-1b66-460f-8c99-4c341545a119@group-F775CA5912AC-LeaderElection25] INFO  server.RaftServerConfigKeys (ConfUtils.java:logGet(43)) - raft.server.rpc.request.timeout = 3000ms (default)
2019-10-17 18:50:44,563 [1e4e1375-1b66-460f-8c99-4c341545a119@group-F775CA5912AC-LeaderElection25] INFO  server.RaftServerConfigKeys (ConfUtils.java:logGet(43)) - raft.server.log.appender.install.snapshot.enabled = false (custom)
2019-10-17 18:50:44,564 [8f4f8799-ef18-41e5-9bb8-2f724208e999@group-9D6F8169C5E6-LeaderElection24] INFO  server.RaftServerConfigKeys (ConfUtils.java:logGet(43)) - raft.server.log.appender.snapshot.chunk.size.max = 16MB (=16777216) (default)
2019-10-17 18:50:44,564 [8f4f8799-ef18-41e5-9bb8-2f724208e999@group-9D6F8169C5E6-LeaderElection24] INFO  server.RaftServerConfigKeys (ConfUtils.java:logGet(43)) - raft.server.log.appender.buffer.byte-limit = 33554432 (custom)
2019-10-17 18:50:44,564 [8f4f8799-ef18-41e5-9bb8-2f724208e999@group-9D6F8169C5E6-LeaderElection24] INFO  server.RaftServerConfigKeys (ConfUtils.java:logGet(43)) - raft.server.log.appender.buffer.element-limit = 1 (custom)
2019-10-17 18:50:44,564 [8f4f8799-ef18-41e5-9bb8-2f724208e999@group-9D6F8169C5E6-LeaderElection24] INFO  grpc.GrpcConfigKeys$Server (ConfUtils.java:logGet(43)) - raft.grpc.server.leader.outstanding.appends.max = 128 (default)
2019-10-17 18:50:44,565 [8f4f8799-ef18-41e5-9bb8-2f724208e999@group-9D6F8169C5E6-LeaderElection24] INFO  server.RaftServerConfigKeys (ConfUtils.java:logGet(43)) - raft.server.rpc.request.timeout = 3000ms (default)
2019-10-17 18:50:44,565 [8f4f8799-ef18-41e5-9bb8-2f724208e999@group-9D6F8169C5E6-LeaderElection24] INFO  server.RaftServerConfigKeys (ConfUtils.java:logGet(43)) - raft.server.log.appender.install.snapshot.enabled = false (custom)
2019-10-17 18:50:44,565 [1e4e1375-1b66-460f-8c99-4c341545a119@group-F775CA5912AC-LeaderElection25] INFO  server.RaftServerConfigKeys (ConfUtils.java:logGet(43)) - raft.server.log.appender.snapshot.chunk.size.max = 16MB (=16777216) (default)
2019-10-17 18:50:44,565 [1e4e1375-1b66-460f-8c99-4c341545a119@group-F775CA5912AC-LeaderElection25] INFO  server.RaftServerConfigKeys (ConfUtils.java:logGet(43)) - raft.server.log.appender.buffer.byte-limit = 33554432 (custom)
2019-10-17 18:50:44,565 [1e4e1375-1b66-460f-8c99-4c341545a119@group-F775CA5912AC-LeaderElection25] INFO  server.RaftServerConfigKeys (ConfUtils.java:logGet(43)) - raft.server.log.appender.buffer.element-limit = 1 (custom)
2019-10-17 18:50:44,565 [1e4e1375-1b66-460f-8c99-4c341545a119@group-F775CA5912AC-LeaderElection25] INFO  grpc.GrpcConfigKeys$Server (ConfUtils.java:logGet(43)) - raft.grpc.server.leader.outstanding.appends.max = 128 (default)
2019-10-17 18:50:44,565 [1e4e1375-1b66-460f-8c99-4c341545a119@group-F775CA5912AC-LeaderElection25] INFO  server.RaftServerConfigKeys (ConfUtils.java:logGet(43)) - raft.server.rpc.request.timeout = 3000ms (default)
2019-10-17 18:50:44,565 [1e4e1375-1b66-460f-8c99-4c341545a119@group-F775CA5912AC-LeaderElection25] INFO  server.RaftServerConfigKeys (ConfUtils.java:logGet(43)) - raft.server.log.appender.install.snapshot.enabled = false (custom)
2019-10-17 18:50:44,566 [8f4f8799-ef18-41e5-9bb8-2f724208e999@group-9D6F8169C5E6-LeaderElection24] INFO  impl.RoleInfo (RoleInfo.java:updateAndGet(143)) - 8f4f8799-ef18-41e5-9bb8-2f724208e999: start LeaderState
2019-10-17 18:50:44,566 [8f4f8799-ef18-41e5-9bb8-2f724208e999@group-9D6F8169C5E6-LeaderElection24] INFO  segmented.SegmentedRaftLogWorker (SegmentedRaftLogWorker.java:startLogSegment(385)) - 8f4f8799-ef18-41e5-9bb8-2f724208e999@group-9D6F8169C5E6-SegmentedRaftLogWorker: Starting segment from index:0
2019-10-17 18:50:44,567 [8f4f8799-ef18-41e5-9bb8-2f724208e999@group-9D6F8169C5E6-LeaderElection24] INFO  impl.RaftServerImpl (ServerState.java:setRaftConf(357)) - 8f4f8799-ef18-41e5-9bb8-2f724208e999@group-9D6F8169C5E6: set configuration 0: [0fe4833c-4439-4309-b94b-508419b07a37:192.168.157.251:39398, 8f4f8799-ef18-41e5-9bb8-2f724208e999:192.168.157.251:33259, de8c9e34-1a4b-4ad8-952a-c65e9c1604e8:192.168.157.251:40594], old=null at 0
2019-10-17 18:50:44,567 [1e4e1375-1b66-460f-8c99-4c341545a119@group-F775CA5912AC-LeaderElection25] INFO  impl.RoleInfo (RoleInfo.java:updateAndGet(143)) - 1e4e1375-1b66-460f-8c99-4c341545a119: start LeaderState
2019-10-17 18:50:44,567 [1e4e1375-1b66-460f-8c99-4c341545a119@group-F775CA5912AC-LeaderElection25] INFO  segmented.SegmentedRaftLogWorker (SegmentedRaftLogWorker.java:startLogSegment(385)) - 1e4e1375-1b66-460f-8c99-4c341545a119@group-F775CA5912AC-SegmentedRaftLogWorker: Starting segment from index:0
2019-10-17 18:50:44,568 [1e4e1375-1b66-460f-8c99-4c341545a119@group-F775CA5912AC-LeaderElection25] INFO  impl.RaftServerImpl (ServerState.java:setRaftConf(357)) - 1e4e1375-1b66-460f-8c99-4c341545a119@group-F775CA5912AC: set configuration 0: [a5e79c22-a35f-4e50-b1fd-e91b6a93d74d:192.168.157.251:45177, daae7813-f814-475d-9647-a302a5541e36:192.168.157.251:45025, 1e4e1375-1b66-460f-8c99-4c341545a119:192.168.157.251:42113], old=null at 0
2019-10-17 18:50:44,598 [Thread-472] INFO  impl.FollowerState (FollowerState.java:run(108)) - a5e79c22-a35f-4e50-b1fd-e91b6a93d74d@group-F775CA5912AC-FollowerState: change to CANDIDATE, lastRpcTime:58ms, electionTimeout:36ms
2019-10-17 18:50:44,598 [Thread-472] INFO  impl.RoleInfo (RoleInfo.java:shutdownFollowerState(121)) - a5e79c22-a35f-4e50-b1fd-e91b6a93d74d: shutdown FollowerState
2019-10-17 18:50:44,598 [Thread-472] INFO  impl.RaftServerImpl (RaftServerImpl.java:setRole(184)) - a5e79c22-a35f-4e50-b1fd-e91b6a93d74d@group-F775CA5912AC: changes role from  FOLLOWER to CANDIDATE at term 6 for changeToCandidate
2019-10-17 18:50:44,598 [Thread-472] INFO  impl.RoleInfo (RoleInfo.java:updateAndGet(143)) - a5e79c22-a35f-4e50-b1fd-e91b6a93d74d: start LeaderElection
2019-10-17 18:50:44,603 [grpc-default-executor-2] INFO  impl.RaftServerImpl (ServerState.java:setLeader(256)) - daae7813-f814-475d-9647-a302a5541e36@group-F775CA5912AC: change Leader from null to 1e4e1375-1b66-460f-8c99-4c341545a119 at term 6 for appendEntries, leader elected after 677ms
2019-10-17 18:50:44,604 [grpc-default-executor-5] INFO  impl.RaftServerImpl (ServerState.java:setLeader(256)) - 0fe4833c-4439-4309-b94b-508419b07a37@group-9D6F8169C5E6: change Leader from null to 8f4f8799-ef18-41e5-9bb8-2f724208e999 at term 7 for appendEntries, leader elected after 757ms
2019-10-17 18:50:44,604 [grpc-default-executor-1] INFO  impl.RaftServerImpl (ServerState.java:setLeader(256)) - de8c9e34-1a4b-4ad8-952a-c65e9c1604e8@group-9D6F8169C5E6: change Leader from null to 8f4f8799-ef18-41e5-9bb8-2f724208e999 at term 7 for appendEntries, leader elected after 1098ms
2019-10-17 18:50:44,604 [Thread-479] INFO  impl.FollowerState (FollowerState.java:run(108)) - abcd8826-c056-4817-bd0f-7af19a46d814@group-5F52F902B742-FollowerState: change to CANDIDATE, lastRpcTime:44ms, electionTimeout:30ms
2019-10-17 18:50:44,604 [Thread-479] INFO  impl.RoleInfo (RoleInfo.java:shutdownFollowerState(121)) - abcd8826-c056-4817-bd0f-7af19a46d814: shutdown FollowerState
2019-10-17 18:50:44,604 [Thread-479] INFO  impl.RaftServerImpl (RaftServerImpl.java:setRole(184)) - abcd8826-c056-4817-bd0f-7af19a46d814@group-5F52F902B742: changes role from  FOLLOWER to CANDIDATE at term 4 for changeToCandidate
2019-10-17 18:50:44,605 [Thread-479] INFO  impl.RoleInfo (RoleInfo.java:updateAndGet(143)) - abcd8826-c056-4817-bd0f-7af19a46d814: start LeaderElection
2019-10-17 18:50:44,606 [73297ffa-40cb-4e3e-b33e-1bc2c1da60f5@group-5F52F902B742-LeaderElection26] INFO  impl.LeaderElection (LeaderElection.java:logAndReturn(56)) - 73297ffa-40cb-4e3e-b33e-1bc2c1da60f5@group-5F52F902B742-LeaderElection26: Election PASSED; received 2 response(s) [73297ffa-40cb-4e3e-b33e-1bc2c1da60f5<-b8f04e38-0663-4b1f-8efd-f76585c6e86c#0:OK-t4, 73297ffa-40cb-4e3e-b33e-1bc2c1da60f5<-abcd8826-c056-4817-bd0f-7af19a46d814#0:FAIL-t4] and 0 exception(s); 73297ffa-40cb-4e3e-b33e-1bc2c1da60f5@group-5F52F902B742:t4, leader=null, voted=73297ffa-40cb-4e3e-b33e-1bc2c1da60f5, raftlog=73297ffa-40cb-4e3e-b33e-1bc2c1da60f5@group-5F52F902B742-SegmentedRaftLog:OPENED:c-1,f-1,i0, conf=-1: [b8f04e38-0663-4b1f-8efd-f76585c6e86c:192.168.157.251:35700, abcd8826-c056-4817-bd0f-7af19a46d814:192.168.157.251:46496, 73297ffa-40cb-4e3e-b33e-1bc2c1da60f5:192.168.157.251:32952], old=null
2019-10-17 18:50:44,606 [73297ffa-40cb-4e3e-b33e-1bc2c1da60f5@group-5F52F902B742-LeaderElection26] INFO  impl.RoleInfo (RoleInfo.java:shutdownLeaderElection(134)) - 73297ffa-40cb-4e3e-b33e-1bc2c1da60f5: shutdown LeaderElection
2019-10-17 18:50:44,608 [73297ffa-40cb-4e3e-b33e-1bc2c1da60f5@group-5F52F902B742-LeaderElection26] INFO  impl.RaftServerImpl (RaftServerImpl.java:setRole(184)) - 73297ffa-40cb-4e3e-b33e-1bc2c1da60f5@group-5F52F902B742: changes role from CANDIDATE to LEADER at term 4 for changeToLeader
2019-10-17 18:50:44,608 [73297ffa-40cb-4e3e-b33e-1bc2c1da60f5@group-5F52F902B742-LeaderElection26] INFO  impl.RaftServerImpl (ServerState.java:setLeader(256)) - 73297ffa-40cb-4e3e-b33e-1bc2c1da60f5@group-5F52F902B742: change Leader from null to 73297ffa-40cb-4e3e-b33e-1bc2c1da60f5 at term 4 for becomeLeader, leader elected after 825ms
2019-10-17 18:50:44,608 [73297ffa-40cb-4e3e-b33e-1bc2c1da60f5@group-5F52F902B742-LeaderElection26] INFO  server.RaftServerConfigKeys (ConfUtils.java:logGet(43)) - raft.server.staging.catchup.gap = 1000 (default)
2019-10-17 18:50:44,608 [73297ffa-40cb-4e3e-b33e-1bc2c1da60f5@group-5F52F902B742-LeaderElection26] INFO  server.RaftServerConfigKeys (ConfUtils.java:logGet(43)) - raft.server.rpc.sleep.time = 25ms (default)
2019-10-17 18:50:44,610 [73297ffa-40cb-4e3e-b33e-1bc2c1da60f5@group-5F52F902B742-LeaderElection26] INFO  server.RaftServerConfigKeys (ConfUtils.java:logGet(43)) - raft.server.write.element-limit = 4096 (default)
2019-10-17 18:50:44,610 [73297ffa-40cb-4e3e-b33e-1bc2c1da60f5@group-5F52F902B742-LeaderElection26] INFO  server.RaftServerConfigKeys (ConfUtils.java:logGet(43)) - raft.server.watch.timeout = 10s (default)
2019-10-17 18:50:44,612 [73297ffa-40cb-4e3e-b33e-1bc2c1da60f5@group-5F52F902B742-LeaderElection26] INFO  server.RaftServerConfigKeys (ConfUtils.java:logGet(43)) - raft.server.watch.timeout.denomination = 1s (default)
2019-10-17 18:50:44,612 [73297ffa-40cb-4e3e-b33e-1bc2c1da60f5@group-5F52F902B742-LeaderElection26] INFO  server.RaftServerConfigKeys (ConfUtils.java:logGet(43)) - raft.server.watch.element-limit = 65536 (default)
2019-10-17 18:50:44,616 [73297ffa-40cb-4e3e-b33e-1bc2c1da60f5@group-5F52F902B742-LeaderElection26] INFO  server.RaftServerConfigKeys (ConfUtils.java:logGet(43)) - raft.server.log.appender.snapshot.chunk.size.max = 16MB (=16777216) (default)
2019-10-17 18:50:44,616 [1e4e1375-1b66-460f-8c99-4c341545a119@group-F775CA5912AC-SegmentedRaftLogWorker] INFO  segmented.SegmentedRaftLogWorker (SegmentedRaftLogWorker.java:execute(576)) - 1e4e1375-1b66-460f-8c99-4c341545a119@group-F775CA5912AC-SegmentedRaftLogWorker: created new log segment /workdir/hadoop-ozone/integration-test/target/test-dir/MiniOzoneClusterImpl-1add80d3-0bcb-487c-a891-e654dcc55690/datanode-2/data/ratis/7b008be4-a7d3-4e52-97e5-f775ca5912ac/current/log_inprogress_0
2019-10-17 18:50:44,616 [8f4f8799-ef18-41e5-9bb8-2f724208e999@group-9D6F8169C5E6-SegmentedRaftLogWorker] INFO  segmented.SegmentedRaftLogWorker (SegmentedRaftLogWorker.java:execute(576)) - 8f4f8799-ef18-41e5-9bb8-2f724208e999@group-9D6F8169C5E6-SegmentedRaftLogWorker: created new log segment /workdir/hadoop-ozone/integration-test/target/test-dir/MiniOzoneClusterImpl-1add80d3-0bcb-487c-a891-e654dcc55690/datanode-7/data/ratis/975d0cea-1227-4002-9576-9d6f8169c5e6/current/log_inprogress_0
2019-10-17 18:50:44,618 [abcd8826-c056-4817-bd0f-7af19a46d814@group-5F52F902B742-LeaderElection27] INFO  impl.LeaderElection (LeaderElection.java:askForVotes(178)) - abcd8826-c056-4817-bd0f-7af19a46d814@group-5F52F902B742-LeaderElection27: begin an election at term 5 for -1: [b8f04e38-0663-4b1f-8efd-f76585c6e86c:192.168.157.251:35700, abcd8826-c056-4817-bd0f-7af19a46d814:192.168.157.251:46496, 73297ffa-40cb-4e3e-b33e-1bc2c1da60f5:192.168.157.251:32952], old=null
2019-10-17 18:50:44,618 [a5e79c22-a35f-4e50-b1fd-e91b6a93d74d@group-F775CA5912AC-LeaderElection28] INFO  impl.LeaderElection (LeaderElection.java:askForVotes(178)) - a5e79c22-a35f-4e50-b1fd-e91b6a93d74d@group-F775CA5912AC-LeaderElection28: begin an election at term 7 for -1: [a5e79c22-a35f-4e50-b1fd-e91b6a93d74d:192.168.157.251:45177, daae7813-f814-475d-9647-a302a5541e36:192.168.157.251:45025, 1e4e1375-1b66-460f-8c99-4c341545a119:192.168.157.251:42113], old=null
2019-10-17 18:50:44,618 [73297ffa-40cb-4e3e-b33e-1bc2c1da60f5@group-5F52F902B742-LeaderElection26] INFO  server.RaftServerConfigKeys (ConfUtils.java:logGet(43)) - raft.server.log.appender.buffer.byte-limit = 33554432 (custom)
2019-10-17 18:50:44,619 [73297ffa-40cb-4e3e-b33e-1bc2c1da60f5@group-5F52F902B742-LeaderElection26] INFO  server.RaftServerConfigKeys (ConfUtils.java:logGet(43)) - raft.server.log.appender.buffer.element-limit = 1 (custom)
2019-10-17 18:50:44,619 [73297ffa-40cb-4e3e-b33e-1bc2c1da60f5@group-5F52F902B742-LeaderElection26] INFO  grpc.GrpcConfigKeys$Server (ConfUtils.java:logGet(43)) - raft.grpc.server.leader.outstanding.appends.max = 128 (default)
2019-10-17 18:50:44,619 [73297ffa-40cb-4e3e-b33e-1bc2c1da60f5@group-5F52F902B742-LeaderElection26] INFO  server.RaftServerConfigKeys (ConfUtils.java:logGet(43)) - raft.server.rpc.request.timeout = 3000ms (default)
2019-10-17 18:50:44,620 [73297ffa-40cb-4e3e-b33e-1bc2c1da60f5@group-5F52F902B742-LeaderElection26] INFO  server.RaftServerConfigKeys (ConfUtils.java:logGet(43)) - raft.server.log.appender.install.snapshot.enabled = false (custom)
2019-10-17 18:50:44,621 [grpc-default-executor-4] INFO  impl.RaftServerImpl (ServerState.java:setLeader(256)) - daae7813-f814-475d-9647-a302a5541e36@group-F775CA5912AC: change Leader from 1e4e1375-1b66-460f-8c99-4c341545a119 to null at term 7 for updateCurrentTerm
2019-10-17 18:50:44,622 [grpc-default-executor-4] INFO  impl.RaftServerImpl (RaftServerImpl.java:setRole(184)) - daae7813-f814-475d-9647-a302a5541e36@group-F775CA5912AC: changes role from  FOLLOWER to FOLLOWER at term 7 for recognizeCandidate:a5e79c22-a35f-4e50-b1fd-e91b6a93d74d
2019-10-17 18:50:44,622 [grpc-default-executor-4] INFO  impl.RoleInfo (RoleInfo.java:shutdownFollowerState(121)) - daae7813-f814-475d-9647-a302a5541e36: shutdown FollowerState
2019-10-17 18:50:44,622 [73297ffa-40cb-4e3e-b33e-1bc2c1da60f5@group-5F52F902B742-LeaderElection26] INFO  server.RaftServerConfigKeys (ConfUtils.java:logGet(43)) - raft.server.log.appender.snapshot.chunk.size.max = 16MB (=16777216) (default)
2019-10-17 18:50:44,622 [grpc-default-executor-4] INFO  impl.RoleInfo (RoleInfo.java:updateAndGet(143)) - daae7813-f814-475d-9647-a302a5541e36: start FollowerState
2019-10-17 18:50:44,622 [Thread-469] INFO  impl.FollowerState (FollowerState.java:run(117)) - daae7813-f814-475d-9647-a302a5541e36@group-F775CA5912AC-FollowerState was interrupted: java.lang.InterruptedException: sleep interrupted
2019-10-17 18:50:44,622 [grpc-default-executor-0] INFO  impl.RaftServerImpl (ServerState.java:setLeader(256)) - 1e4e1375-1b66-460f-8c99-4c341545a119@group-F775CA5912AC: change Leader from 1e4e1375-1b66-460f-8c99-4c341545a119 to null at term 7 for updateCurrentTerm
2019-10-17 18:50:44,622 [73297ffa-40cb-4e3e-b33e-1bc2c1da60f5@group-5F52F902B742-LeaderElection26] INFO  server.RaftServerConfigKeys (ConfUtils.java:logGet(43)) - raft.server.log.appender.buffer.byte-limit = 33554432 (custom)
2019-10-17 18:50:44,622 [grpc-default-executor-0] INFO  impl.RaftServerImpl (RaftServerImpl.java:setRole(184)) - 1e4e1375-1b66-460f-8c99-4c341545a119@group-F775CA5912AC: changes role from    LEADER to FOLLOWER at term 7 for recognizeCandidate:a5e79c22-a35f-4e50-b1fd-e91b6a93d74d
2019-10-17 18:50:44,623 [73297ffa-40cb-4e3e-b33e-1bc2c1da60f5@group-5F52F902B742-LeaderElection26] INFO  server.RaftServerConfigKeys (ConfUtils.java:logGet(43)) - raft.server.log.appender.buffer.element-limit = 1 (custom)
2019-10-17 18:50:44,623 [grpc-default-executor-0] INFO  impl.RoleInfo (RoleInfo.java:shutdownLeaderState(104)) - 1e4e1375-1b66-460f-8c99-4c341545a119: shutdown LeaderState
2019-10-17 18:50:44,623 [73297ffa-40cb-4e3e-b33e-1bc2c1da60f5@group-5F52F902B742-LeaderElection26] INFO  grpc.GrpcConfigKeys$Server (ConfUtils.java:logGet(43)) - raft.grpc.server.leader.outstanding.appends.max = 128 (default)
2019-10-17 18:50:44,626 [org.apache.ratis.server.impl.LogAppender$AppenderDaemon$$Lambda$419/657957689@60487819] WARN  server.GrpcLogAppender (GrpcLogAppender.java:mayWait(149)) - 1e4e1375-1b66-460f-8c99-4c341545a119@group-F775CA5912AC->daae7813-f814-475d-9647-a302a5541e36-GrpcLogAppender: Wait interrupted by java.lang.InterruptedException
2019-10-17 18:50:44,627 [73297ffa-40cb-4e3e-b33e-1bc2c1da60f5@group-5F52F902B742-LeaderElection26] INFO  server.RaftServerConfigKeys (ConfUtils.java:logGet(43)) - raft.server.rpc.request.timeout = 3000ms (default)
2019-10-17 18:50:44,626 [grpc-default-executor-0] INFO  impl.PendingRequests (PendingRequests.java:sendNotLeaderResponses(202)) - 1e4e1375-1b66-460f-8c99-4c341545a119@group-F775CA5912AC-PendingRequests: sendNotLeaderResponses
2019-10-17 18:50:44,627 [org.apache.ratis.server.impl.LogAppender$AppenderDaemon$$Lambda$419/657957689@51d30dcc] WARN  server.GrpcLogAppender (GrpcLogAppender.java:mayWait(149)) - 1e4e1375-1b66-460f-8c99-4c341545a119@group-F775CA5912AC->a5e79c22-a35f-4e50-b1fd-e91b6a93d74d-GrpcLogAppender: Wait interrupted by java.lang.InterruptedException
2019-10-17 18:50:44,627 [73297ffa-40cb-4e3e-b33e-1bc2c1da60f5@group-5F52F902B742-LeaderElection26] INFO  server.RaftServerConfigKeys (ConfUtils.java:logGet(43)) - raft.server.log.appender.install.snapshot.enabled = false (custom)
2019-10-17 18:50:44,629 [grpc-default-executor-0] INFO  impl.RoleInfo (RoleInfo.java:updateAndGet(143)) - 1e4e1375-1b66-460f-8c99-4c341545a119: start FollowerState
2019-10-17 18:50:44,629 [grpc-default-executor-6] INFO  server.GrpcServerProtocolService (GrpcServerProtocolService.java:onCompleted(113)) - daae7813-f814-475d-9647-a302a5541e36: Completed APPEND_ENTRIES, lastRequest: 1e4e1375-1b66-460f-8c99-4c341545a119->daae7813-f814-475d-9647-a302a5541e36#0-t6, previous=(t:0, i:0), leaderCommit=-1, initializing? false, entries: <empty>
2019-10-17 18:50:44,630 [grpc-default-executor-7] INFO  server.GrpcServerProtocolService (GrpcServerProtocolService.java:onCompleted(113)) - a5e79c22-a35f-4e50-b1fd-e91b6a93d74d: Completed APPEND_ENTRIES, lastRequest: 1e4e1375-1b66-460f-8c99-4c341545a119->a5e79c22-a35f-4e50-b1fd-e91b6a93d74d#0-t6, previous=(t:0, i:0), leaderCommit=-1, initializing? false, entries: <empty>
2019-10-17 18:50:44,633 [abcd8826-c056-4817-bd0f-7af19a46d814@group-5F52F902B742-LeaderElection29] INFO  impl.LeaderElection (LeaderElection.java:askForVotes(178)) - abcd8826-c056-4817-bd0f-7af19a46d814@group-5F52F902B742-LeaderElection29: begin an election at term 6 for -1: [b8f04e38-0663-4b1f-8efd-f76585c6e86c:192.168.157.251:35700, abcd8826-c056-4817-bd0f-7af19a46d814:192.168.157.251:46496, 73297ffa-40cb-4e3e-b33e-1bc2c1da60f5:192.168.157.251:32952], old=null
2019-10-17 18:50:44,633 [grpc-default-executor-2] INFO  server.GrpcLogAppender (GrpcLogAppender.java:onCompleted(308)) - 1e4e1375-1b66-460f-8c99-4c341545a119@group-F775CA5912AC->daae7813-f814-475d-9647-a302a5541e36-AppendLogResponseHandler: follower responses appendEntries COMPLETED
2019-10-17 18:50:44,633 [grpc-default-executor-7] INFO  server.GrpcLogAppender (GrpcLogAppender.java:onCompleted(308)) - 1e4e1375-1b66-460f-8c99-4c341545a119@group-F775CA5912AC->a5e79c22-a35f-4e50-b1fd-e91b6a93d74d-AppendLogResponseHandler: follower responses appendEntries COMPLETED
2019-10-17 18:50:44,635 [abcd8826-c056-4817-bd0f-7af19a46d814@group-5F52F902B742-LeaderElection27] INFO  impl.LeaderElection (LeaderElection.java:logAndReturn(56)) - abcd8826-c056-4817-bd0f-7af19a46d814@group-5F52F902B742-LeaderElection27: Election REJECTED; received 0 response(s) [] and 0 exception(s); abcd8826-c056-4817-bd0f-7af19a46d814@group-5F52F902B742:t6, leader=null, voted=abcd8826-c056-4817-bd0f-7af19a46d814, raftlog=abcd8826-c056-4817-bd0f-7af19a46d814@group-5F52F902B742-SegmentedRaftLog:OPENED:c-1,f-1,i0, conf=-1: [b8f04e38-0663-4b1f-8efd-f76585c6e86c:192.168.157.251:35700, abcd8826-c056-4817-bd0f-7af19a46d814:192.168.157.251:46496, 73297ffa-40cb-4e3e-b33e-1bc2c1da60f5:192.168.157.251:32952], old=null
2019-10-17 18:50:44,636 [grpc-default-executor-2] INFO  impl.FollowerInfo (FollowerInfo.java:lambda$new$0(51)) - 1e4e1375-1b66-460f-8c99-4c341545a119@group-F775CA5912AC->daae7813-f814-475d-9647-a302a5541e36: nextIndex: updateUnconditionally 0 -> 0
2019-10-17 18:50:44,638 [73297ffa-40cb-4e3e-b33e-1bc2c1da60f5@group-5F52F902B742-LeaderElection26] INFO  impl.RoleInfo (RoleInfo.java:updateAndGet(143)) - 73297ffa-40cb-4e3e-b33e-1bc2c1da60f5: start LeaderState
2019-10-17 18:50:44,640 [73297ffa-40cb-4e3e-b33e-1bc2c1da60f5@group-5F52F902B742-LeaderElection26] INFO  segmented.SegmentedRaftLogWorker (SegmentedRaftLogWorker.java:startLogSegment(385)) - 73297ffa-40cb-4e3e-b33e-1bc2c1da60f5@group-5F52F902B742-SegmentedRaftLogWorker: Starting segment from index:0
2019-10-17 18:50:44,640 [a5e79c22-a35f-4e50-b1fd-e91b6a93d74d@group-F775CA5912AC-LeaderElection28] INFO  impl.LeaderElection (LeaderElection.java:logAndReturn(56)) - a5e79c22-a35f-4e50-b1fd-e91b6a93d74d@group-F775CA5912AC-LeaderElection28: Election REJECTED; received 2 response(s) [a5e79c22-a35f-4e50-b1fd-e91b6a93d74d<-daae7813-f814-475d-9647-a302a5541e36#0:FAIL-t7, a5e79c22-a35f-4e50-b1fd-e91b6a93d74d<-1e4e1375-1b66-460f-8c99-4c341545a119#0:FAIL-t7] and 0 exception(s); a5e79c22-a35f-4e50-b1fd-e91b6a93d74d@group-F775CA5912AC:t7, leader=null, voted=a5e79c22-a35f-4e50-b1fd-e91b6a93d74d, raftlog=a5e79c22-a35f-4e50-b1fd-e91b6a93d74d@group-F775CA5912AC-SegmentedRaftLog:OPENED:c-1,f-1,i0, conf=-1: [a5e79c22-a35f-4e50-b1fd-e91b6a93d74d:192.168.157.251:45177, daae7813-f814-475d-9647-a302a5541e36:192.168.157.251:45025, 1e4e1375-1b66-460f-8c99-4c341545a119:192.168.157.251:42113], old=null
2019-10-17 18:50:44,642 [a5e79c22-a35f-4e50-b1fd-e91b6a93d74d@group-F775CA5912AC-LeaderElection28] INFO  impl.RaftServerImpl (RaftServerImpl.java:setRole(184)) - a5e79c22-a35f-4e50-b1fd-e91b6a93d74d@group-F775CA5912AC: changes role from CANDIDATE to FOLLOWER at term 7 for DISCOVERED_A_NEW_TERM
2019-10-17 18:50:44,642 [a5e79c22-a35f-4e50-b1fd-e91b6a93d74d@group-F775CA5912AC-LeaderElection28] INFO  impl.RoleInfo (RoleInfo.java:shutdownLeaderElection(134)) - a5e79c22-a35f-4e50-b1fd-e91b6a93d74d: shutdown LeaderElection
2019-10-17 18:50:44,642 [a5e79c22-a35f-4e50-b1fd-e91b6a93d74d@group-F775CA5912AC-LeaderElection28] INFO  impl.RoleInfo (RoleInfo.java:updateAndGet(143)) - a5e79c22-a35f-4e50-b1fd-e91b6a93d74d: start FollowerState
2019-10-17 18:50:44,642 [73297ffa-40cb-4e3e-b33e-1bc2c1da60f5@group-5F52F902B742-LeaderElection26] INFO  impl.RaftServerImpl (ServerState.java:setRaftConf(357)) - 73297ffa-40cb-4e3e-b33e-1bc2c1da60f5@group-5F52F902B742: set configuration 0: [b8f04e38-0663-4b1f-8efd-f76585c6e86c:192.168.157.251:35700, abcd8826-c056-4817-bd0f-7af19a46d814:192.168.157.251:46496, 73297ffa-40cb-4e3e-b33e-1bc2c1da60f5:192.168.157.251:32952], old=null at 0
2019-10-17 18:50:44,669 [grpc-default-executor-7] INFO  impl.FollowerInfo (FollowerInfo.java:lambda$new$0(51)) - 1e4e1375-1b66-460f-8c99-4c341545a119@group-F775CA5912AC->a5e79c22-a35f-4e50-b1fd-e91b6a93d74d: nextIndex: updateUnconditionally 0 -> 0
2019-10-17 18:50:44,670 [grpc-default-executor-7] INFO  impl.RaftServerImpl (RaftServerImpl.java:setRole(184)) - b8f04e38-0663-4b1f-8efd-f76585c6e86c@group-5F52F902B742: changes role from  FOLLOWER to FOLLOWER at term 5 for recognizeCandidate:abcd8826-c056-4817-bd0f-7af19a46d814
2019-10-17 18:50:44,670 [grpc-default-executor-7] INFO  impl.RoleInfo (RoleInfo.java:shutdownFollowerState(121)) - b8f04e38-0663-4b1f-8efd-f76585c6e86c: shutdown FollowerState
2019-10-17 18:50:44,670 [grpc-default-executor-7] INFO  impl.RoleInfo (RoleInfo.java:updateAndGet(143)) - b8f04e38-0663-4b1f-8efd-f76585c6e86c: start FollowerState
2019-10-17 18:50:44,670 [Thread-480] INFO  impl.FollowerState (FollowerState.java:run(117)) - b8f04e38-0663-4b1f-8efd-f76585c6e86c@group-5F52F902B742-FollowerState was interrupted: java.lang.InterruptedException: sleep interrupted
2019-10-17 18:50:44,671 [grpc-default-executor-2] INFO  impl.RaftServerImpl (ServerState.java:setLeader(256)) - 73297ffa-40cb-4e3e-b33e-1bc2c1da60f5@group-5F52F902B742: change Leader from 73297ffa-40cb-4e3e-b33e-1bc2c1da60f5 to null at term 5 for updateCurrentTerm
2019-10-17 18:50:44,671 [grpc-default-executor-2] INFO  impl.RaftServerImpl (RaftServerImpl.java:setRole(184)) - 73297ffa-40cb-4e3e-b33e-1bc2c1da60f5@group-5F52F902B742: changes role from    LEADER to FOLLOWER at term 5 for recognizeCandidate:abcd8826-c056-4817-bd0f-7af19a46d814
2019-10-17 18:50:44,671 [grpc-default-executor-2] INFO  impl.RoleInfo (RoleInfo.java:shutdownLeaderState(104)) - 73297ffa-40cb-4e3e-b33e-1bc2c1da60f5: shutdown LeaderState
2019-10-17 18:50:44,675 [org.apache.ratis.server.impl.LogAppender$AppenderDaemon$$Lambda$419/657957689@55c70aee] WARN  server.GrpcLogAppender (GrpcLogAppender.java:mayWait(149)) - 73297ffa-40cb-4e3e-b33e-1bc2c1da60f5@group-5F52F902B742->abcd8826-c056-4817-bd0f-7af19a46d814-GrpcLogAppender: Wait interrupted by java.lang.InterruptedException
2019-10-17 18:50:44,675 [org.apache.ratis.server.impl.LogAppender$AppenderDaemon$$Lambda$419/657957689@6469e87a] WARN  server.GrpcLogAppender (GrpcLogAppender.java:mayWait(149)) - 73297ffa-40cb-4e3e-b33e-1bc2c1da60f5@group-5F52F902B742->b8f04e38-0663-4b1f-8efd-f76585c6e86c-GrpcLogAppender: Wait interrupted by java.lang.InterruptedException
2019-10-17 18:50:44,675 [grpc-default-executor-2] INFO  impl.PendingRequests (PendingRequests.java:sendNotLeaderResponses(202)) - 73297ffa-40cb-4e3e-b33e-1bc2c1da60f5@group-5F52F902B742-PendingRequests: sendNotLeaderResponses
2019-10-17 18:50:44,675 [grpc-default-executor-2] INFO  impl.RoleInfo (RoleInfo.java:updateAndGet(143)) - 73297ffa-40cb-4e3e-b33e-1bc2c1da60f5: start FollowerState
2019-10-17 18:50:44,676 [grpc-default-executor-8] INFO  server.GrpcServerProtocolService (GrpcServerProtocolService.java:onCompleted(113)) - abcd8826-c056-4817-bd0f-7af19a46d814: Completed APPEND_ENTRIES, lastRequest: 73297ffa-40cb-4e3e-b33e-1bc2c1da60f5->abcd8826-c056-4817-bd0f-7af19a46d814#0-t4, previous=(t:0, i:0), leaderCommit=-1, initializing? false, entries: <empty>
2019-10-17 18:50:44,677 [grpc-default-executor-3] INFO  impl.RaftServerImpl (ServerState.java:setRaftConf(357)) - de8c9e34-1a4b-4ad8-952a-c65e9c1604e8@group-9D6F8169C5E6: set configuration 0: [0fe4833c-4439-4309-b94b-508419b07a37:192.168.157.251:39398, 8f4f8799-ef18-41e5-9bb8-2f724208e999:192.168.157.251:33259, de8c9e34-1a4b-4ad8-952a-c65e9c1604e8:192.168.157.251:40594], old=null at 0
2019-10-17 18:50:44,677 [grpc-default-executor-0] INFO  impl.RaftServerImpl (ServerState.java:setRaftConf(357)) - 0fe4833c-4439-4309-b94b-508419b07a37@group-9D6F8169C5E6: set configuration 0: [0fe4833c-4439-4309-b94b-508419b07a37:192.168.157.251:39398, 8f4f8799-ef18-41e5-9bb8-2f724208e999:192.168.157.251:33259, de8c9e34-1a4b-4ad8-952a-c65e9c1604e8:192.168.157.251:40594], old=null at 0
2019-10-17 18:50:44,677 [grpc-default-executor-3] INFO  segmented.SegmentedRaftLogWorker (SegmentedRaftLogWorker.java:startLogSegment(385)) - de8c9e34-1a4b-4ad8-952a-c65e9c1604e8@group-9D6F8169C5E6-SegmentedRaftLogWorker: Starting segment from index:0
2019-10-17 18:50:44,681 [73297ffa-40cb-4e3e-b33e-1bc2c1da60f5@group-5F52F902B742-SegmentedRaftLogWorker] INFO  segmented.SegmentedRaftLogWorker (SegmentedRaftLogWorker.java:execute(576)) - 73297ffa-40cb-4e3e-b33e-1bc2c1da60f5@group-5F52F902B742-SegmentedRaftLogWorker: created new log segment /workdir/hadoop-ozone/integration-test/target/test-dir/MiniOzoneClusterImpl-1add80d3-0bcb-487c-a891-e654dcc55690/datanode-3/data/ratis/d83b5072-3c48-4c0b-91c4-5f52f902b742/current/log_inprogress_0
2019-10-17 18:50:44,681 [grpc-default-executor-5] INFO  impl.RaftServerImpl (RaftServerImpl.java:setRole(184)) - 73297ffa-40cb-4e3e-b33e-1bc2c1da60f5@group-5F52F902B742: changes role from  FOLLOWER to FOLLOWER at term 6 for recognizeCandidate:abcd8826-c056-4817-bd0f-7af19a46d814
2019-10-17 18:50:44,681 [grpc-default-executor-1] INFO  impl.RaftServerImpl (RaftServerImpl.java:setRole(184)) - b8f04e38-0663-4b1f-8efd-f76585c6e86c@group-5F52F902B742: changes role from  FOLLOWER to FOLLOWER at term 6 for recognizeCandidate:abcd8826-c056-4817-bd0f-7af19a46d814
2019-10-17 18:50:44,681 [grpc-default-executor-6] INFO  server.GrpcLogAppender (GrpcLogAppender.java:onCompleted(308)) - 73297ffa-40cb-4e3e-b33e-1bc2c1da60f5@group-5F52F902B742->abcd8826-c056-4817-bd0f-7af19a46d814-AppendLogResponseHandler: follower responses appendEntries COMPLETED
2019-10-17 18:50:44,681 [grpc-default-executor-4] INFO  server.GrpcServerProtocolService (GrpcServerProtocolService.java:onCompleted(113)) - b8f04e38-0663-4b1f-8efd-f76585c6e86c: Completed APPEND_ENTRIES, lastRequest: 73297ffa-40cb-4e3e-b33e-1bc2c1da60f5->b8f04e38-0663-4b1f-8efd-f76585c6e86c#0-t4, previous=(t:0, i:0), leaderCommit=-1, initializing? false, entries: <empty>
2019-10-17 18:50:44,681 [grpc-default-executor-1] INFO  impl.RoleInfo (RoleInfo.java:shutdownFollowerState(121)) - b8f04e38-0663-4b1f-8efd-f76585c6e86c: shutdown FollowerState
2019-10-17 18:50:44,681 [grpc-default-executor-5] INFO  impl.RoleInfo (RoleInfo.java:shutdownFollowerState(121)) - 73297ffa-40cb-4e3e-b33e-1bc2c1da60f5: shutdown FollowerState
2019-10-17 18:50:44,714 [grpc-default-executor-1] INFO  impl.RoleInfo (RoleInfo.java:updateAndGet(143)) - b8f04e38-0663-4b1f-8efd-f76585c6e86c: start FollowerState
2019-10-17 18:50:44,714 [Thread-509] INFO  impl.FollowerState (FollowerState.java:run(117)) - 73297ffa-40cb-4e3e-b33e-1bc2c1da60f5@group-5F52F902B742-FollowerState was interrupted: java.lang.InterruptedException: sleep interrupted
2019-10-17 18:50:44,714 [abcd8826-c056-4817-bd0f-7af19a46d814@group-5F52F902B742-LeaderElection29] INFO  impl.LeaderElection (LeaderElection.java:logAndReturn(56)) - abcd8826-c056-4817-bd0f-7af19a46d814@group-5F52F902B742-LeaderElection29: Election TIMEOUT; received 0 response(s) [] and 0 exception(s); abcd8826-c056-4817-bd0f-7af19a46d814@group-5F52F902B742:t6, leader=null, voted=abcd8826-c056-4817-bd0f-7af19a46d814, raftlog=abcd8826-c056-4817-bd0f-7af19a46d814@group-5F52F902B742-SegmentedRaftLog:OPENED:c-1,f-1,i0, conf=-1: [b8f04e38-0663-4b1f-8efd-f76585c6e86c:192.168.157.251:35700, abcd8826-c056-4817-bd0f-7af19a46d814:192.168.157.251:46496, 73297ffa-40cb-4e3e-b33e-1bc2c1da60f5:192.168.157.251:32952], old=null
2019-10-17 18:50:44,714 [Thread-508] INFO  impl.FollowerState (FollowerState.java:run(117)) - b8f04e38-0663-4b1f-8efd-f76585c6e86c@group-5F52F902B742-FollowerState was interrupted: java.lang.InterruptedException: sleep interrupted
2019-10-17 18:50:44,713 [grpc-default-executor-0] INFO  segmented.SegmentedRaftLogWorker (SegmentedRaftLogWorker.java:truncate(401)) - 0fe4833c-4439-4309-b94b-508419b07a37@group-9D6F8169C5E6-SegmentedRaftLogWorker: Truncating segments toTruncate: null
  toDelete: [(0, 0) isOpen? true, length=0, newEndIndex=-1], start index 0
2019-10-17 18:50:44,714 [grpc-default-executor-6] INFO  impl.FollowerInfo (FollowerInfo.java:lambda$new$0(51)) - 73297ffa-40cb-4e3e-b33e-1bc2c1da60f5@group-5F52F902B742->abcd8826-c056-4817-bd0f-7af19a46d814: nextIndex: updateUnconditionally 0 -> 0
2019-10-17 18:50:44,714 [grpc-default-executor-5] INFO  impl.RoleInfo (RoleInfo.java:updateAndGet(143)) - 73297ffa-40cb-4e3e-b33e-1bc2c1da60f5: start FollowerState
2019-10-17 18:50:44,717 [grpc-default-executor-0] INFO  segmented.SegmentedRaftLogWorker (SegmentedRaftLogWorker.java:startLogSegment(385)) - 0fe4833c-4439-4309-b94b-508419b07a37@group-9D6F8169C5E6-SegmentedRaftLogWorker: Starting segment from index:0
2019-10-17 18:50:44,718 [0fe4833c-4439-4309-b94b-508419b07a37@group-9D6F8169C5E6-SegmentedRaftLogWorker] INFO  segmented.SegmentedRaftLogWorker (SegmentedRaftLogWorker.java:execute(640)) - 0fe4833c-4439-4309-b94b-508419b07a37@group-9D6F8169C5E6-SegmentedRaftLogWorker: Deleted log file /workdir/hadoop-ozone/integration-test/target/test-dir/MiniOzoneClusterImpl-1add80d3-0bcb-487c-a891-e654dcc55690/datanode-6/data/ratis/975d0cea-1227-4002-9576-9d6f8169c5e6/current/log_inprogress_0
2019-10-17 18:50:44,718 [0fe4833c-4439-4309-b94b-508419b07a37@group-9D6F8169C5E6-SegmentedRaftLogWorker] INFO  segmented.SegmentedRaftLogWorker (SegmentedRaftLogWorker.java:lambda$new$0(128)) - 0fe4833c-4439-4309-b94b-508419b07a37@group-9D6F8169C5E6-SegmentedRaftLogWorker: flushIndex: setUnconditionally 0 -> -1
2019-10-17 18:50:44,756 [abcd8826-c056-4817-bd0f-7af19a46d814@group-5F52F902B742-LeaderElection29] INFO  impl.LeaderElection (LeaderElection.java:askForVotes(178)) - abcd8826-c056-4817-bd0f-7af19a46d814@group-5F52F902B742-LeaderElection29: begin an election at term 7 for -1: [b8f04e38-0663-4b1f-8efd-f76585c6e86c:192.168.157.251:35700, abcd8826-c056-4817-bd0f-7af19a46d814:192.168.157.251:46496, 73297ffa-40cb-4e3e-b33e-1bc2c1da60f5:192.168.157.251:32952], old=null
2019-10-17 18:50:44,756 [de8c9e34-1a4b-4ad8-952a-c65e9c1604e8@group-9D6F8169C5E6-SegmentedRaftLogWorker] INFO  segmented.SegmentedRaftLogWorker (SegmentedRaftLogWorker.java:execute(576)) - de8c9e34-1a4b-4ad8-952a-c65e9c1604e8@group-9D6F8169C5E6-SegmentedRaftLogWorker: created new log segment /workdir/hadoop-ozone/integration-test/target/test-dir/MiniOzoneClusterImpl-1add80d3-0bcb-487c-a891-e654dcc55690/datanode-4/data/ratis/975d0cea-1227-4002-9576-9d6f8169c5e6/current/log_inprogress_0
2019-10-17 18:50:44,756 [grpc-default-executor-4] INFO  server.GrpcLogAppender (GrpcLogAppender.java:onCompleted(308)) - 73297ffa-40cb-4e3e-b33e-1bc2c1da60f5@group-5F52F902B742->b8f04e38-0663-4b1f-8efd-f76585c6e86c-AppendLogResponseHandler: follower responses appendEntries COMPLETED
2019-10-17 18:50:44,756 [Thread-510] INFO  impl.FollowerState (FollowerState.java:run(108)) - b8f04e38-0663-4b1f-8efd-f76585c6e86c@group-5F52F902B742-FollowerState: change to CANDIDATE, lastRpcTime:42ms, electionTimeout:40ms
2019-10-17 18:50:44,759 [Thread-510] INFO  impl.RoleInfo (RoleInfo.java:shutdownFollowerState(121)) - b8f04e38-0663-4b1f-8efd-f76585c6e86c: shutdown FollowerState
2019-10-17 18:50:44,759 [Thread-510] INFO  impl.RaftServerImpl (RaftServerImpl.java:setRole(184)) - b8f04e38-0663-4b1f-8efd-f76585c6e86c@group-5F52F902B742: changes role from  FOLLOWER to CANDIDATE at term 6 for changeToCandidate
2019-10-17 18:50:44,759 [Thread-510] INFO  impl.RoleInfo (RoleInfo.java:updateAndGet(143)) - b8f04e38-0663-4b1f-8efd-f76585c6e86c: start LeaderElection
2019-10-17 18:50:44,759 [grpc-default-executor-4] INFO  impl.FollowerInfo (FollowerInfo.java:lambda$new$0(51)) - 73297ffa-40cb-4e3e-b33e-1bc2c1da60f5@group-5F52F902B742->b8f04e38-0663-4b1f-8efd-f76585c6e86c: nextIndex: updateUnconditionally 0 -> 0
2019-10-17 18:50:44,761 [grpc-default-executor-5] INFO  impl.RaftServerImpl (RaftServerImpl.java:setRole(184)) - 73297ffa-40cb-4e3e-b33e-1bc2c1da60f5@group-5F52F902B742: changes role from  FOLLOWER to FOLLOWER at term 7 for recognizeCandidate:abcd8826-c056-4817-bd0f-7af19a46d814
2019-10-17 18:50:44,762 [grpc-default-executor-5] INFO  impl.RoleInfo (RoleInfo.java:shutdownFollowerState(121)) - 73297ffa-40cb-4e3e-b33e-1bc2c1da60f5: shutdown FollowerState
2019-10-17 18:50:44,762 [grpc-default-executor-5] INFO  impl.RoleInfo (RoleInfo.java:updateAndGet(143)) - 73297ffa-40cb-4e3e-b33e-1bc2c1da60f5: start FollowerState
2019-10-17 18:50:44,762 [Thread-511] INFO  impl.FollowerState (FollowerState.java:run(117)) - 73297ffa-40cb-4e3e-b33e-1bc2c1da60f5@group-5F52F902B742-FollowerState was interrupted: java.lang.InterruptedException: sleep interrupted
2019-10-17 18:50:44,763 [0fe4833c-4439-4309-b94b-508419b07a37@group-9D6F8169C5E6-SegmentedRaftLogWorker] INFO  segmented.SegmentedRaftLogWorker (SegmentedRaftLogWorker.java:execute(576)) - 0fe4833c-4439-4309-b94b-508419b07a37@group-9D6F8169C5E6-SegmentedRaftLogWorker: created new log segment /workdir/hadoop-ozone/integration-test/target/test-dir/MiniOzoneClusterImpl-1add80d3-0bcb-487c-a891-e654dcc55690/datanode-6/data/ratis/975d0cea-1227-4002-9576-9d6f8169c5e6/current/log_inprogress_0
2019-10-17 18:50:44,763 [b8f04e38-0663-4b1f-8efd-f76585c6e86c@group-5F52F902B742-LeaderElection30] INFO  impl.LeaderElection (LeaderElection.java:askForVotes(178)) - b8f04e38-0663-4b1f-8efd-f76585c6e86c@group-5F52F902B742-LeaderElection30: begin an election at term 7 for -1: [b8f04e38-0663-4b1f-8efd-f76585c6e86c:192.168.157.251:35700, abcd8826-c056-4817-bd0f-7af19a46d814:192.168.157.251:46496, 73297ffa-40cb-4e3e-b33e-1bc2c1da60f5:192.168.157.251:32952], old=null
2019-10-17 18:50:44,766 [grpc-default-executor-1] INFO  impl.RaftServerImpl (RaftServerImpl.java:setRole(184)) - 73297ffa-40cb-4e3e-b33e-1bc2c1da60f5@group-5F52F902B742: changes role from  FOLLOWER to FOLLOWER at term 7 for recognizeCandidate:b8f04e38-0663-4b1f-8efd-f76585c6e86c
2019-10-17 18:50:44,767 [grpc-default-executor-1] INFO  impl.RoleInfo (RoleInfo.java:shutdownFollowerState(121)) - 73297ffa-40cb-4e3e-b33e-1bc2c1da60f5: shutdown FollowerState
2019-10-17 18:50:44,767 [Thread-516] INFO  impl.FollowerState (FollowerState.java:run(117)) - 73297ffa-40cb-4e3e-b33e-1bc2c1da60f5@group-5F52F902B742-FollowerState was interrupted: java.lang.InterruptedException: sleep interrupted
2019-10-17 18:50:44,767 [grpc-default-executor-1] INFO  impl.RoleInfo (RoleInfo.java:updateAndGet(143)) - 73297ffa-40cb-4e3e-b33e-1bc2c1da60f5: start FollowerState
2019-10-17 18:50:44,768 [abcd8826-c056-4817-bd0f-7af19a46d814@group-5F52F902B742-LeaderElection29] INFO  impl.LeaderElection (LeaderElection.java:logAndReturn(56)) - abcd8826-c056-4817-bd0f-7af19a46d814@group-5F52F902B742-LeaderElection29: Election REJECTED; received 2 response(s) [abcd8826-c056-4817-bd0f-7af19a46d814<-b8f04e38-0663-4b1f-8efd-f76585c6e86c#0:FAIL-t7, abcd8826-c056-4817-bd0f-7af19a46d814<-73297ffa-40cb-4e3e-b33e-1bc2c1da60f5#0:FAIL-t7] and 0 exception(s); abcd8826-c056-4817-bd0f-7af19a46d814@group-5F52F902B742:t7, leader=null, voted=abcd8826-c056-4817-bd0f-7af19a46d814, raftlog=abcd8826-c056-4817-bd0f-7af19a46d814@group-5F52F902B742-SegmentedRaftLog:OPENED:c-1,f-1,i0, conf=-1: [b8f04e38-0663-4b1f-8efd-f76585c6e86c:192.168.157.251:35700, abcd8826-c056-4817-bd0f-7af19a46d814:192.168.157.251:46496, 73297ffa-40cb-4e3e-b33e-1bc2c1da60f5:192.168.157.251:32952], old=null
2019-10-17 18:50:44,768 [abcd8826-c056-4817-bd0f-7af19a46d814@group-5F52F902B742-LeaderElection29] INFO  impl.RaftServerImpl (RaftServerImpl.java:setRole(184)) - abcd8826-c056-4817-bd0f-7af19a46d814@group-5F52F902B742: changes role from CANDIDATE to FOLLOWER at term 7 for DISCOVERED_A_NEW_TERM
2019-10-17 18:50:44,768 [abcd8826-c056-4817-bd0f-7af19a46d814@group-5F52F902B742-LeaderElection29] INFO  impl.RoleInfo (RoleInfo.java:shutdownLeaderElection(134)) - abcd8826-c056-4817-bd0f-7af19a46d814: shutdown LeaderElection
2019-10-17 18:50:44,768 [abcd8826-c056-4817-bd0f-7af19a46d814@group-5F52F902B742-LeaderElection29] INFO  impl.RoleInfo (RoleInfo.java:updateAndGet(143)) - abcd8826-c056-4817-bd0f-7af19a46d814: start FollowerState
2019-10-17 18:50:44,768 [b8f04e38-0663-4b1f-8efd-f76585c6e86c@group-5F52F902B742-LeaderElection30] INFO  impl.LeaderElection (LeaderElection.java:logAndReturn(56)) - b8f04e38-0663-4b1f-8efd-f76585c6e86c@group-5F52F902B742-LeaderElection30: Election REJECTED; received 2 response(s) [b8f04e38-0663-4b1f-8efd-f76585c6e86c<-abcd8826-c056-4817-bd0f-7af19a46d814#0:FAIL-t7, b8f04e38-0663-4b1f-8efd-f76585c6e86c<-73297ffa-40cb-4e3e-b33e-1bc2c1da60f5#0:FAIL-t7] and 0 exception(s); b8f04e38-0663-4b1f-8efd-f76585c6e86c@group-5F52F902B742:t7, leader=null, voted=b8f04e38-0663-4b1f-8efd-f76585c6e86c, raftlog=b8f04e38-0663-4b1f-8efd-f76585c6e86c@group-5F52F902B742-SegmentedRaftLog:OPENED:c-1,f-1,i0, conf=-1: [b8f04e38-0663-4b1f-8efd-f76585c6e86c:192.168.157.251:35700, abcd8826-c056-4817-bd0f-7af19a46d814:192.168.157.251:46496, 73297ffa-40cb-4e3e-b33e-1bc2c1da60f5:192.168.157.251:32952], old=null
2019-10-17 18:50:44,770 [b8f04e38-0663-4b1f-8efd-f76585c6e86c@group-5F52F902B742-LeaderElection30] INFO  impl.RaftServerImpl (RaftServerImpl.java:setRole(184)) - b8f04e38-0663-4b1f-8efd-f76585c6e86c@group-5F52F902B742: changes role from CANDIDATE to FOLLOWER at term 7 for DISCOVERED_A_NEW_TERM
2019-10-17 18:50:44,770 [b8f04e38-0663-4b1f-8efd-f76585c6e86c@group-5F52F902B742-LeaderElection30] INFO  impl.RoleInfo (RoleInfo.java:shutdownLeaderElection(134)) - b8f04e38-0663-4b1f-8efd-f76585c6e86c: shutdown LeaderElection
2019-10-17 18:50:44,770 [b8f04e38-0663-4b1f-8efd-f76585c6e86c@group-5F52F902B742-LeaderElection30] INFO  impl.RoleInfo (RoleInfo.java:updateAndGet(143)) - b8f04e38-0663-4b1f-8efd-f76585c6e86c: start FollowerState
2019-10-17 18:50:44,798 [IPC Server handler 19 on 41382] INFO  volume.OMVolumeCreateRequest (OMVolumeCreateRequest.java:validateAndUpdateCache(193)) - created volume:datanodefailurehandlingtest for user:jenkins1000
2019-10-17 18:50:44,838 [main] INFO  rpc.RpcClient (RpcClient.java:createBucket(411)) - Creating Bucket: datanodefailurehandlingtest/datanodefailurehandlingtest, with Versioning false and Storage Type set to DISK and Encryption set to false 
2019-10-17 18:50:44,842 [Thread-505] INFO  impl.FollowerState (FollowerState.java:run(108)) - a5e79c22-a35f-4e50-b1fd-e91b6a93d74d@group-F775CA5912AC-FollowerState: change to CANDIDATE, lastRpcTime:199ms, electionTimeout:174ms
2019-10-17 18:50:44,842 [Thread-505] INFO  impl.RoleInfo (RoleInfo.java:shutdownFollowerState(121)) - a5e79c22-a35f-4e50-b1fd-e91b6a93d74d: shutdown FollowerState
2019-10-17 18:50:44,842 [Thread-505] INFO  impl.RaftServerImpl (RaftServerImpl.java:setRole(184)) - a5e79c22-a35f-4e50-b1fd-e91b6a93d74d@group-F775CA5912AC: changes role from  FOLLOWER to CANDIDATE at term 7 for changeToCandidate
2019-10-17 18:50:44,846 [Thread-521] INFO  impl.FollowerState (FollowerState.java:run(108)) - abcd8826-c056-4817-bd0f-7af19a46d814@group-5F52F902B742-FollowerState: change to CANDIDATE, lastRpcTime:78ms, electionTimeout:78ms
2019-10-17 18:50:44,846 [Thread-521] INFO  impl.RoleInfo (RoleInfo.java:shutdownFollowerState(121)) - abcd8826-c056-4817-bd0f-7af19a46d814: shutdown FollowerState
2019-10-17 18:50:44,846 [Thread-521] INFO  impl.RaftServerImpl (RaftServerImpl.java:setRole(184)) - abcd8826-c056-4817-bd0f-7af19a46d814@group-5F52F902B742: changes role from  FOLLOWER to CANDIDATE at term 7 for changeToCandidate
2019-10-17 18:50:44,862 [Thread-505] INFO  impl.RoleInfo (RoleInfo.java:updateAndGet(143)) - a5e79c22-a35f-4e50-b1fd-e91b6a93d74d: start LeaderElection
2019-10-17 18:50:44,862 [Thread-521] INFO  impl.RoleInfo (RoleInfo.java:updateAndGet(143)) - abcd8826-c056-4817-bd0f-7af19a46d814: start LeaderElection
2019-10-17 18:50:44,879 [a5e79c22-a35f-4e50-b1fd-e91b6a93d74d@group-F775CA5912AC-LeaderElection31] INFO  impl.LeaderElection (LeaderElection.java:askForVotes(178)) - a5e79c22-a35f-4e50-b1fd-e91b6a93d74d@group-F775CA5912AC-LeaderElection31: begin an election at term 8 for -1: [a5e79c22-a35f-4e50-b1fd-e91b6a93d74d:192.168.157.251:45177, daae7813-f814-475d-9647-a302a5541e36:192.168.157.251:45025, 1e4e1375-1b66-460f-8c99-4c341545a119:192.168.157.251:42113], old=null
2019-10-17 18:50:44,879 [abcd8826-c056-4817-bd0f-7af19a46d814@group-5F52F902B742-LeaderElection32] INFO  impl.LeaderElection (LeaderElection.java:askForVotes(178)) - abcd8826-c056-4817-bd0f-7af19a46d814@group-5F52F902B742-LeaderElection32: begin an election at term 8 for -1: [b8f04e38-0663-4b1f-8efd-f76585c6e86c:192.168.157.251:35700, abcd8826-c056-4817-bd0f-7af19a46d814:192.168.157.251:46496, 73297ffa-40cb-4e3e-b33e-1bc2c1da60f5:192.168.157.251:32952], old=null
2019-10-17 18:50:44,961 [Thread-522] INFO  impl.FollowerState (FollowerState.java:run(108)) - b8f04e38-0663-4b1f-8efd-f76585c6e86c@group-5F52F902B742-FollowerState: change to CANDIDATE, lastRpcTime:190ms, electionTimeout:159ms
2019-10-17 18:50:44,961 [Thread-522] INFO  impl.RoleInfo (RoleInfo.java:shutdownFollowerState(121)) - b8f04e38-0663-4b1f-8efd-f76585c6e86c: shutdown FollowerState
2019-10-17 18:50:44,961 [Thread-522] INFO  impl.RaftServerImpl (RaftServerImpl.java:setRole(184)) - b8f04e38-0663-4b1f-8efd-f76585c6e86c@group-5F52F902B742: changes role from  FOLLOWER to CANDIDATE at term 7 for changeToCandidate
2019-10-17 18:50:44,961 [a5e79c22-a35f-4e50-b1fd-e91b6a93d74d@group-F775CA5912AC-LeaderElection31] INFO  impl.LeaderElection (LeaderElection.java:logAndReturn(56)) - a5e79c22-a35f-4e50-b1fd-e91b6a93d74d@group-F775CA5912AC-LeaderElection31: Election TIMEOUT; received 0 response(s) [] and 0 exception(s); a5e79c22-a35f-4e50-b1fd-e91b6a93d74d@group-F775CA5912AC:t8, leader=null, voted=a5e79c22-a35f-4e50-b1fd-e91b6a93d74d, raftlog=a5e79c22-a35f-4e50-b1fd-e91b6a93d74d@group-F775CA5912AC-SegmentedRaftLog:OPENED:c-1,f-1,i0, conf=-1: [a5e79c22-a35f-4e50-b1fd-e91b6a93d74d:192.168.157.251:45177, daae7813-f814-475d-9647-a302a5541e36:192.168.157.251:45025, 1e4e1375-1b66-460f-8c99-4c341545a119:192.168.157.251:42113], old=null
2019-10-17 18:50:44,962 [grpc-default-executor-5] INFO  impl.RaftServerImpl (RaftServerImpl.java:setRole(184)) - daae7813-f814-475d-9647-a302a5541e36@group-F775CA5912AC: changes role from  FOLLOWER to FOLLOWER at term 8 for recognizeCandidate:a5e79c22-a35f-4e50-b1fd-e91b6a93d74d
2019-10-17 18:50:44,962 [grpc-default-executor-5] INFO  impl.RoleInfo (RoleInfo.java:shutdownFollowerState(121)) - daae7813-f814-475d-9647-a302a5541e36: shutdown FollowerState
2019-10-17 18:50:44,962 [grpc-default-executor-1] INFO  impl.RaftServerImpl (RaftServerImpl.java:setRole(184)) - 1e4e1375-1b66-460f-8c99-4c341545a119@group-F775CA5912AC: changes role from  FOLLOWER to FOLLOWER at term 8 for recognizeCandidate:a5e79c22-a35f-4e50-b1fd-e91b6a93d74d
2019-10-17 18:50:44,986 [Thread-522] INFO  impl.RoleInfo (RoleInfo.java:updateAndGet(143)) - b8f04e38-0663-4b1f-8efd-f76585c6e86c: start LeaderElection
2019-10-17 18:50:44,986 [grpc-default-executor-1] INFO  impl.RoleInfo (RoleInfo.java:shutdownFollowerState(121)) - 1e4e1375-1b66-460f-8c99-4c341545a119: shutdown FollowerState
2019-10-17 18:50:44,986 [grpc-default-executor-5] INFO  impl.RoleInfo (RoleInfo.java:updateAndGet(143)) - daae7813-f814-475d-9647-a302a5541e36: start FollowerState
2019-10-17 18:50:44,986 [Thread-498] INFO  impl.FollowerState (FollowerState.java:run(117)) - daae7813-f814-475d-9647-a302a5541e36@group-F775CA5912AC-FollowerState was interrupted: java.lang.InterruptedException: sleep interrupted
2019-10-17 18:50:44,987 [grpc-default-executor-0] INFO  impl.RaftServerImpl (RaftServerImpl.java:setRole(184)) - b8f04e38-0663-4b1f-8efd-f76585c6e86c@group-5F52F902B742: changes role from CANDIDATE to FOLLOWER at term 8 for recognizeCandidate:abcd8826-c056-4817-bd0f-7af19a46d814
2019-10-17 18:50:44,987 [grpc-default-executor-0] INFO  impl.RoleInfo (RoleInfo.java:shutdownLeaderElection(134)) - b8f04e38-0663-4b1f-8efd-f76585c6e86c: shutdown LeaderElection
2019-10-17 18:50:44,987 [grpc-default-executor-1] INFO  impl.RoleInfo (RoleInfo.java:updateAndGet(143)) - 1e4e1375-1b66-460f-8c99-4c341545a119: start FollowerState
2019-10-17 18:50:44,987 [Thread-500] INFO  impl.FollowerState (FollowerState.java:run(117)) - 1e4e1375-1b66-460f-8c99-4c341545a119@group-F775CA5912AC-FollowerState was interrupted: java.lang.InterruptedException: sleep interrupted
2019-10-17 18:50:44,987 [grpc-default-executor-4] INFO  impl.RaftServerImpl (RaftServerImpl.java:setRole(184)) - 73297ffa-40cb-4e3e-b33e-1bc2c1da60f5@group-5F52F902B742: changes role from  FOLLOWER to FOLLOWER at term 8 for recognizeCandidate:abcd8826-c056-4817-bd0f-7af19a46d814
2019-10-17 18:50:44,988 [grpc-default-executor-4] INFO  impl.RoleInfo (RoleInfo.java:shutdownFollowerState(121)) - 73297ffa-40cb-4e3e-b33e-1bc2c1da60f5: shutdown FollowerState
2019-10-17 18:50:44,987 [grpc-default-executor-0] INFO  impl.RoleInfo (RoleInfo.java:updateAndGet(143)) - b8f04e38-0663-4b1f-8efd-f76585c6e86c: start FollowerState
2019-10-17 18:50:44,988 [Thread-520] INFO  impl.FollowerState (FollowerState.java:run(117)) - 73297ffa-40cb-4e3e-b33e-1bc2c1da60f5@group-5F52F902B742-FollowerState was interrupted: java.lang.InterruptedException: sleep interrupted
2019-10-17 18:50:44,988 [grpc-default-executor-4] INFO  impl.RoleInfo (RoleInfo.java:updateAndGet(143)) - 73297ffa-40cb-4e3e-b33e-1bc2c1da60f5: start FollowerState
2019-10-17 18:50:45,001 [a5e79c22-a35f-4e50-b1fd-e91b6a93d74d@group-F775CA5912AC-LeaderElection31] INFO  impl.LeaderElection (LeaderElection.java:askForVotes(178)) - a5e79c22-a35f-4e50-b1fd-e91b6a93d74d@group-F775CA5912AC-LeaderElection31: begin an election at term 9 for -1: [a5e79c22-a35f-4e50-b1fd-e91b6a93d74d:192.168.157.251:45177, daae7813-f814-475d-9647-a302a5541e36:192.168.157.251:45025, 1e4e1375-1b66-460f-8c99-4c341545a119:192.168.157.251:42113], old=null
2019-10-17 18:50:45,015 [b8f04e38-0663-4b1f-8efd-f76585c6e86c@group-5F52F902B742-LeaderElection33] INFO  impl.LeaderElection (LeaderElection.java:askForVotes(178)) - b8f04e38-0663-4b1f-8efd-f76585c6e86c@group-5F52F902B742-LeaderElection33: begin an election at term 9 for -1: [b8f04e38-0663-4b1f-8efd-f76585c6e86c:192.168.157.251:35700, abcd8826-c056-4817-bd0f-7af19a46d814:192.168.157.251:46496, 73297ffa-40cb-4e3e-b33e-1bc2c1da60f5:192.168.157.251:32952], old=null
2019-10-17 18:50:45,015 [Thread-532] INFO  impl.FollowerState (FollowerState.java:run(108)) - b8f04e38-0663-4b1f-8efd-f76585c6e86c@group-5F52F902B742-FollowerState: change to CANDIDATE, lastRpcTime:27ms, electionTimeout:14ms
2019-10-17 18:50:45,015 [Thread-532] INFO  impl.RoleInfo (RoleInfo.java:shutdownFollowerState(121)) - b8f04e38-0663-4b1f-8efd-f76585c6e86c: shutdown FollowerState
2019-10-17 18:50:45,015 [Thread-532] INFO  impl.RaftServerImpl (RaftServerImpl.java:setRole(184)) - b8f04e38-0663-4b1f-8efd-f76585c6e86c@group-5F52F902B742: changes role from  FOLLOWER to CANDIDATE at term 9 for changeToCandidate
2019-10-17 18:50:45,016 [abcd8826-c056-4817-bd0f-7af19a46d814@group-5F52F902B742-LeaderElection32] INFO  impl.LeaderElection (LeaderElection.java:logAndReturn(56)) - abcd8826-c056-4817-bd0f-7af19a46d814@group-5F52F902B742-LeaderElection32: Election TIMEOUT; received 1 response(s) [abcd8826-c056-4817-bd0f-7af19a46d814<-73297ffa-40cb-4e3e-b33e-1bc2c1da60f5#0:FAIL-t8] and 0 exception(s); abcd8826-c056-4817-bd0f-7af19a46d814@group-5F52F902B742:t8, leader=null, voted=abcd8826-c056-4817-bd0f-7af19a46d814, raftlog=abcd8826-c056-4817-bd0f-7af19a46d814@group-5F52F902B742-SegmentedRaftLog:OPENED:c-1,f-1,i0, conf=-1: [b8f04e38-0663-4b1f-8efd-f76585c6e86c:192.168.157.251:35700, abcd8826-c056-4817-bd0f-7af19a46d814:192.168.157.251:46496, 73297ffa-40cb-4e3e-b33e-1bc2c1da60f5:192.168.157.251:32952], old=null
2019-10-17 18:50:45,026 [Thread-532] INFO  impl.RoleInfo (RoleInfo.java:updateAndGet(143)) - b8f04e38-0663-4b1f-8efd-f76585c6e86c: start LeaderElection
2019-10-17 18:50:45,031 [grpc-default-executor-5] INFO  impl.RaftServerImpl (RaftServerImpl.java:setRole(184)) - daae7813-f814-475d-9647-a302a5541e36@group-F775CA5912AC: changes role from  FOLLOWER to FOLLOWER at term 9 for recognizeCandidate:a5e79c22-a35f-4e50-b1fd-e91b6a93d74d
2019-10-17 18:50:45,033 [grpc-default-executor-1] INFO  impl.RaftServerImpl (RaftServerImpl.java:setRole(184)) - 1e4e1375-1b66-460f-8c99-4c341545a119@group-F775CA5912AC: changes role from  FOLLOWER to FOLLOWER at term 9 for recognizeCandidate:a5e79c22-a35f-4e50-b1fd-e91b6a93d74d
2019-10-17 18:50:45,033 [grpc-default-executor-5] INFO  impl.RoleInfo (RoleInfo.java:shutdownFollowerState(121)) - daae7813-f814-475d-9647-a302a5541e36: shutdown FollowerState
2019-10-17 18:50:45,033 [grpc-default-executor-1] INFO  impl.RoleInfo (RoleInfo.java:shutdownFollowerState(121)) - 1e4e1375-1b66-460f-8c99-4c341545a119: shutdown FollowerState
2019-10-17 18:50:45,033 [grpc-default-executor-5] INFO  impl.RoleInfo (RoleInfo.java:updateAndGet(143)) - daae7813-f814-475d-9647-a302a5541e36: start FollowerState
2019-10-17 18:50:45,033 [Thread-530] INFO  impl.FollowerState (FollowerState.java:run(117)) - daae7813-f814-475d-9647-a302a5541e36@group-F775CA5912AC-FollowerState was interrupted: java.lang.InterruptedException: sleep interrupted
2019-10-17 18:50:45,040 [b8f04e38-0663-4b1f-8efd-f76585c6e86c@group-5F52F902B742-LeaderElection34] INFO  impl.LeaderElection (LeaderElection.java:askForVotes(178)) - b8f04e38-0663-4b1f-8efd-f76585c6e86c@group-5F52F902B742-LeaderElection34: begin an election at term 10 for -1: [b8f04e38-0663-4b1f-8efd-f76585c6e86c:192.168.157.251:35700, abcd8826-c056-4817-bd0f-7af19a46d814:192.168.157.251:46496, 73297ffa-40cb-4e3e-b33e-1bc2c1da60f5:192.168.157.251:32952], old=null
2019-10-17 18:50:45,040 [abcd8826-c056-4817-bd0f-7af19a46d814@group-5F52F902B742-LeaderElection32] INFO  impl.LeaderElection (LeaderElection.java:askForVotes(178)) - abcd8826-c056-4817-bd0f-7af19a46d814@group-5F52F902B742-LeaderElection32: begin an election at term 9 for -1: [b8f04e38-0663-4b1f-8efd-f76585c6e86c:192.168.157.251:35700, abcd8826-c056-4817-bd0f-7af19a46d814:192.168.157.251:46496, 73297ffa-40cb-4e3e-b33e-1bc2c1da60f5:192.168.157.251:32952], old=null
2019-10-17 18:50:45,067 [b8f04e38-0663-4b1f-8efd-f76585c6e86c@group-5F52F902B742-LeaderElection33] INFO  impl.LeaderElection (LeaderElection.java:logAndReturn(56)) - b8f04e38-0663-4b1f-8efd-f76585c6e86c@group-5F52F902B742-LeaderElection33: Election REJECTED; received 0 response(s) [] and 0 exception(s); b8f04e38-0663-4b1f-8efd-f76585c6e86c@group-5F52F902B742:t10, leader=null, voted=b8f04e38-0663-4b1f-8efd-f76585c6e86c, raftlog=b8f04e38-0663-4b1f-8efd-f76585c6e86c@group-5F52F902B742-SegmentedRaftLog:OPENED:c-1,f-1,i0, conf=-1: [b8f04e38-0663-4b1f-8efd-f76585c6e86c:192.168.157.251:35700, abcd8826-c056-4817-bd0f-7af19a46d814:192.168.157.251:46496, 73297ffa-40cb-4e3e-b33e-1bc2c1da60f5:192.168.157.251:32952], old=null
2019-10-17 18:50:45,067 [Thread-531] INFO  impl.FollowerState (FollowerState.java:run(117)) - 1e4e1375-1b66-460f-8c99-4c341545a119@group-F775CA5912AC-FollowerState was interrupted: java.lang.InterruptedException: sleep interrupted
2019-10-17 18:50:45,067 [grpc-default-executor-1] INFO  impl.RoleInfo (RoleInfo.java:updateAndGet(143)) - 1e4e1375-1b66-460f-8c99-4c341545a119: start FollowerState
2019-10-17 18:50:45,071 [grpc-default-executor-0] INFO  impl.RaftServerImpl (RaftServerImpl.java:setRole(184)) - 73297ffa-40cb-4e3e-b33e-1bc2c1da60f5@group-5F52F902B742: changes role from  FOLLOWER to FOLLOWER at term 9 for recognizeCandidate:abcd8826-c056-4817-bd0f-7af19a46d814
2019-10-17 18:50:45,071 [grpc-default-executor-0] INFO  impl.RoleInfo (RoleInfo.java:shutdownFollowerState(121)) - 73297ffa-40cb-4e3e-b33e-1bc2c1da60f5: shutdown FollowerState
2019-10-17 18:50:45,071 [Thread-533] INFO  impl.FollowerState (FollowerState.java:run(117)) - 73297ffa-40cb-4e3e-b33e-1bc2c1da60f5@group-5F52F902B742-FollowerState was interrupted: java.lang.InterruptedException: sleep interrupted
2019-10-17 18:50:45,071 [grpc-default-executor-0] INFO  impl.RoleInfo (RoleInfo.java:updateAndGet(143)) - 73297ffa-40cb-4e3e-b33e-1bc2c1da60f5: start FollowerState
2019-10-17 18:50:45,073 [grpc-default-executor-2] INFO  impl.RaftServerImpl (RaftServerImpl.java:setRole(184)) - abcd8826-c056-4817-bd0f-7af19a46d814@group-5F52F902B742: changes role from CANDIDATE to FOLLOWER at term 10 for recognizeCandidate:b8f04e38-0663-4b1f-8efd-f76585c6e86c
2019-10-17 18:50:45,073 [grpc-default-executor-2] INFO  impl.RoleInfo (RoleInfo.java:shutdownLeaderElection(134)) - abcd8826-c056-4817-bd0f-7af19a46d814: shutdown LeaderElection
2019-10-17 18:50:45,075 [grpc-default-executor-2] INFO  impl.RoleInfo (RoleInfo.java:updateAndGet(143)) - abcd8826-c056-4817-bd0f-7af19a46d814: start FollowerState
2019-10-17 18:50:45,076 [abcd8826-c056-4817-bd0f-7af19a46d814@group-5F52F902B742-LeaderElection32] INFO  impl.LeaderElection (LeaderElection.java:logAndReturn(56)) - abcd8826-c056-4817-bd0f-7af19a46d814@group-5F52F902B742-LeaderElection32: Election DISCOVERED_A_NEW_TERM; received 1 response(s) [abcd8826-c056-4817-bd0f-7af19a46d814<-b8f04e38-0663-4b1f-8efd-f76585c6e86c#0:FAIL-t10] and 0 exception(s); abcd8826-c056-4817-bd0f-7af19a46d814@group-5F52F902B742:t10, leader=null, voted=null, raftlog=abcd8826-c056-4817-bd0f-7af19a46d814@group-5F52F902B742-SegmentedRaftLog:OPENED:c-1,f-1,i0, conf=-1: [b8f04e38-0663-4b1f-8efd-f76585c6e86c:192.168.157.251:35700, abcd8826-c056-4817-bd0f-7af19a46d814:192.168.157.251:46496, 73297ffa-40cb-4e3e-b33e-1bc2c1da60f5:192.168.157.251:32952], old=null
2019-10-17 18:50:45,077 [a5e79c22-a35f-4e50-b1fd-e91b6a93d74d@group-F775CA5912AC-LeaderElection31] INFO  impl.LeaderElection (LeaderElection.java:logAndReturn(56)) - a5e79c22-a35f-4e50-b1fd-e91b6a93d74d@group-F775CA5912AC-LeaderElection31: Election TIMEOUT; received 0 response(s) [] and 0 exception(s); a5e79c22-a35f-4e50-b1fd-e91b6a93d74d@group-F775CA5912AC:t9, leader=null, voted=a5e79c22-a35f-4e50-b1fd-e91b6a93d74d, raftlog=a5e79c22-a35f-4e50-b1fd-e91b6a93d74d@group-F775CA5912AC-SegmentedRaftLog:OPENED:c-1,f-1,i0, conf=-1: [a5e79c22-a35f-4e50-b1fd-e91b6a93d74d:192.168.157.251:45177, daae7813-f814-475d-9647-a302a5541e36:192.168.157.251:45025, 1e4e1375-1b66-460f-8c99-4c341545a119:192.168.157.251:42113], old=null
2019-10-17 18:50:45,094 [grpc-default-executor-4] INFO  impl.RaftServerImpl (RaftServerImpl.java:setRole(184)) - 73297ffa-40cb-4e3e-b33e-1bc2c1da60f5@group-5F52F902B742: changes role from  FOLLOWER to FOLLOWER at term 10 for recognizeCandidate:b8f04e38-0663-4b1f-8efd-f76585c6e86c
2019-10-17 18:50:45,104 [grpc-default-executor-4] INFO  impl.RoleInfo (RoleInfo.java:shutdownFollowerState(121)) - 73297ffa-40cb-4e3e-b33e-1bc2c1da60f5: shutdown FollowerState
2019-10-17 18:50:45,105 [Thread-545] INFO  impl.FollowerState (FollowerState.java:run(117)) - 73297ffa-40cb-4e3e-b33e-1bc2c1da60f5@group-5F52F902B742-FollowerState was interrupted: java.lang.InterruptedException: sleep interrupted
2019-10-17 18:50:45,113 [grpc-default-executor-4] INFO  impl.RoleInfo (RoleInfo.java:updateAndGet(143)) - 73297ffa-40cb-4e3e-b33e-1bc2c1da60f5: start FollowerState
2019-10-17 18:50:45,119 [b8f04e38-0663-4b1f-8efd-f76585c6e86c@group-5F52F902B742-LeaderElection34] INFO  impl.LeaderElection (LeaderElection.java:logAndReturn(56)) - b8f04e38-0663-4b1f-8efd-f76585c6e86c@group-5F52F902B742-LeaderElection34: Election TIMEOUT; received 1 response(s) [b8f04e38-0663-4b1f-8efd-f76585c6e86c<-abcd8826-c056-4817-bd0f-7af19a46d814#0:FAIL-t10] and 0 exception(s); b8f04e38-0663-4b1f-8efd-f76585c6e86c@group-5F52F902B742:t10, leader=null, voted=b8f04e38-0663-4b1f-8efd-f76585c6e86c, raftlog=b8f04e38-0663-4b1f-8efd-f76585c6e86c@group-5F52F902B742-SegmentedRaftLog:OPENED:c-1,f-1,i0, conf=-1: [b8f04e38-0663-4b1f-8efd-f76585c6e86c:192.168.157.251:35700, abcd8826-c056-4817-bd0f-7af19a46d814:192.168.157.251:46496, 73297ffa-40cb-4e3e-b33e-1bc2c1da60f5:192.168.157.251:32952], old=null
2019-10-17 18:50:45,127 [a5e79c22-a35f-4e50-b1fd-e91b6a93d74d@group-F775CA5912AC-LeaderElection31] INFO  impl.LeaderElection (LeaderElection.java:askForVotes(178)) - a5e79c22-a35f-4e50-b1fd-e91b6a93d74d@group-F775CA5912AC-LeaderElection31: begin an election at term 10 for -1: [a5e79c22-a35f-4e50-b1fd-e91b6a93d74d:192.168.157.251:45177, daae7813-f814-475d-9647-a302a5541e36:192.168.157.251:45025, 1e4e1375-1b66-460f-8c99-4c341545a119:192.168.157.251:42113], old=null
2019-10-17 18:50:45,147 [grpc-default-executor-4] INFO  impl.RaftServerImpl (RaftServerImpl.java:setRole(184)) - daae7813-f814-475d-9647-a302a5541e36@group-F775CA5912AC: changes role from  FOLLOWER to FOLLOWER at term 10 for recognizeCandidate:a5e79c22-a35f-4e50-b1fd-e91b6a93d74d
2019-10-17 18:50:45,147 [grpc-default-executor-6] INFO  impl.RaftServerImpl (RaftServerImpl.java:setRole(184)) - 1e4e1375-1b66-460f-8c99-4c341545a119@group-F775CA5912AC: changes role from  FOLLOWER to FOLLOWER at term 10 for recognizeCandidate:a5e79c22-a35f-4e50-b1fd-e91b6a93d74d
2019-10-17 18:50:45,147 [grpc-default-executor-4] INFO  impl.RoleInfo (RoleInfo.java:shutdownFollowerState(121)) - daae7813-f814-475d-9647-a302a5541e36: shutdown FollowerState
2019-10-17 18:50:45,147 [grpc-default-executor-6] INFO  impl.RoleInfo (RoleInfo.java:shutdownFollowerState(121)) - 1e4e1375-1b66-460f-8c99-4c341545a119: shutdown FollowerState
2019-10-17 18:50:45,155 [b8f04e38-0663-4b1f-8efd-f76585c6e86c@group-5F52F902B742-LeaderElection34] INFO  impl.LeaderElection (LeaderElection.java:askForVotes(178)) - b8f04e38-0663-4b1f-8efd-f76585c6e86c@group-5F52F902B742-LeaderElection34: begin an election at term 11 for -1: [b8f04e38-0663-4b1f-8efd-f76585c6e86c:192.168.157.251:35700, abcd8826-c056-4817-bd0f-7af19a46d814:192.168.157.251:46496, 73297ffa-40cb-4e3e-b33e-1bc2c1da60f5:192.168.157.251:32952], old=null
2019-10-17 18:50:45,168 [Thread-543] INFO  impl.FollowerState (FollowerState.java:run(117)) - 1e4e1375-1b66-460f-8c99-4c341545a119@group-F775CA5912AC-FollowerState was interrupted: java.lang.InterruptedException: sleep interrupted
2019-10-17 18:50:45,168 [grpc-default-executor-4] INFO  impl.RoleInfo (RoleInfo.java:updateAndGet(143)) - daae7813-f814-475d-9647-a302a5541e36: start FollowerState
2019-10-17 18:50:45,168 [grpc-default-executor-6] INFO  impl.RoleInfo (RoleInfo.java:updateAndGet(143)) - 1e4e1375-1b66-460f-8c99-4c341545a119: start FollowerState
2019-10-17 18:50:45,168 [Thread-538] INFO  impl.FollowerState (FollowerState.java:run(117)) - daae7813-f814-475d-9647-a302a5541e36@group-F775CA5912AC-FollowerState was interrupted: java.lang.InterruptedException: sleep interrupted
2019-10-17 18:50:45,174 [grpc-default-executor-2] INFO  impl.RaftServerImpl (RaftServerImpl.java:setRole(184)) - 73297ffa-40cb-4e3e-b33e-1bc2c1da60f5@group-5F52F902B742: changes role from  FOLLOWER to FOLLOWER at term 11 for recognizeCandidate:b8f04e38-0663-4b1f-8efd-f76585c6e86c
2019-10-17 18:50:45,174 [grpc-default-executor-2] INFO  impl.RoleInfo (RoleInfo.java:shutdownFollowerState(121)) - 73297ffa-40cb-4e3e-b33e-1bc2c1da60f5: shutdown FollowerState
2019-10-17 18:50:45,174 [grpc-default-executor-0] INFO  impl.RaftServerImpl (RaftServerImpl.java:setRole(184)) - abcd8826-c056-4817-bd0f-7af19a46d814@group-5F52F902B742: changes role from  FOLLOWER to FOLLOWER at term 11 for recognizeCandidate:b8f04e38-0663-4b1f-8efd-f76585c6e86c
2019-10-17 18:50:45,175 [grpc-default-executor-0] INFO  impl.RoleInfo (RoleInfo.java:shutdownFollowerState(121)) - abcd8826-c056-4817-bd0f-7af19a46d814: shutdown FollowerState
2019-10-17 18:50:45,180 [a5e79c22-a35f-4e50-b1fd-e91b6a93d74d@group-F775CA5912AC-LeaderElection31] INFO  impl.LeaderElection (LeaderElection.java:logAndReturn(56)) - a5e79c22-a35f-4e50-b1fd-e91b6a93d74d@group-F775CA5912AC-LeaderElection31: Election TIMEOUT; received 0 response(s) [] and 0 exception(s); a5e79c22-a35f-4e50-b1fd-e91b6a93d74d@group-F775CA5912AC:t10, leader=null, voted=a5e79c22-a35f-4e50-b1fd-e91b6a93d74d, raftlog=a5e79c22-a35f-4e50-b1fd-e91b6a93d74d@group-F775CA5912AC-SegmentedRaftLog:OPENED:c-1,f-1,i0, conf=-1: [a5e79c22-a35f-4e50-b1fd-e91b6a93d74d:192.168.157.251:45177, daae7813-f814-475d-9647-a302a5541e36:192.168.157.251:45025, 1e4e1375-1b66-460f-8c99-4c341545a119:192.168.157.251:42113], old=null
2019-10-17 18:50:45,196 [Thread-547] INFO  impl.FollowerState (FollowerState.java:run(117)) - 73297ffa-40cb-4e3e-b33e-1bc2c1da60f5@group-5F52F902B742-FollowerState was interrupted: java.lang.InterruptedException: sleep interrupted
2019-10-17 18:50:45,196 [grpc-default-executor-0] INFO  impl.RoleInfo (RoleInfo.java:updateAndGet(143)) - abcd8826-c056-4817-bd0f-7af19a46d814: start FollowerState
2019-10-17 18:50:45,196 [grpc-default-executor-2] INFO  impl.RoleInfo (RoleInfo.java:updateAndGet(143)) - 73297ffa-40cb-4e3e-b33e-1bc2c1da60f5: start FollowerState
2019-10-17 18:50:45,196 [Thread-546] INFO  impl.FollowerState (FollowerState.java:run(117)) - abcd8826-c056-4817-bd0f-7af19a46d814@group-5F52F902B742-FollowerState was interrupted: java.lang.InterruptedException: sleep interrupted
2019-10-17 18:50:45,205 [a5e79c22-a35f-4e50-b1fd-e91b6a93d74d@group-F775CA5912AC-LeaderElection31] INFO  impl.LeaderElection (LeaderElection.java:askForVotes(178)) - a5e79c22-a35f-4e50-b1fd-e91b6a93d74d@group-F775CA5912AC-LeaderElection31: begin an election at term 11 for -1: [a5e79c22-a35f-4e50-b1fd-e91b6a93d74d:192.168.157.251:45177, daae7813-f814-475d-9647-a302a5541e36:192.168.157.251:45025, 1e4e1375-1b66-460f-8c99-4c341545a119:192.168.157.251:42113], old=null
2019-10-17 18:50:45,207 [b8f04e38-0663-4b1f-8efd-f76585c6e86c@group-5F52F902B742-LeaderElection34] INFO  impl.LeaderElection (LeaderElection.java:logAndReturn(56)) - b8f04e38-0663-4b1f-8efd-f76585c6e86c@group-5F52F902B742-LeaderElection34: Election PASSED; received 1 response(s) [b8f04e38-0663-4b1f-8efd-f76585c6e86c<-abcd8826-c056-4817-bd0f-7af19a46d814#0:OK-t11] and 0 exception(s); b8f04e38-0663-4b1f-8efd-f76585c6e86c@group-5F52F902B742:t11, leader=null, voted=b8f04e38-0663-4b1f-8efd-f76585c6e86c, raftlog=b8f04e38-0663-4b1f-8efd-f76585c6e86c@group-5F52F902B742-SegmentedRaftLog:OPENED:c-1,f-1,i0, conf=-1: [b8f04e38-0663-4b1f-8efd-f76585c6e86c:192.168.157.251:35700, abcd8826-c056-4817-bd0f-7af19a46d814:192.168.157.251:46496, 73297ffa-40cb-4e3e-b33e-1bc2c1da60f5:192.168.157.251:32952], old=null
2019-10-17 18:50:45,227 [b8f04e38-0663-4b1f-8efd-f76585c6e86c@group-5F52F902B742-LeaderElection34] INFO  impl.RoleInfo (RoleInfo.java:shutdownLeaderElection(134)) - b8f04e38-0663-4b1f-8efd-f76585c6e86c: shutdown LeaderElection
2019-10-17 18:50:45,227 [b8f04e38-0663-4b1f-8efd-f76585c6e86c@group-5F52F902B742-LeaderElection34] INFO  impl.RaftServerImpl (RaftServerImpl.java:setRole(184)) - b8f04e38-0663-4b1f-8efd-f76585c6e86c@group-5F52F902B742: changes role from CANDIDATE to LEADER at term 11 for changeToLeader
2019-10-17 18:50:45,227 [b8f04e38-0663-4b1f-8efd-f76585c6e86c@group-5F52F902B742-LeaderElection34] INFO  impl.RaftServerImpl (ServerState.java:setLeader(256)) - b8f04e38-0663-4b1f-8efd-f76585c6e86c@group-5F52F902B742: change Leader from null to b8f04e38-0663-4b1f-8efd-f76585c6e86c at term 11 for becomeLeader, leader elected after 1444ms
2019-10-17 18:50:45,228 [b8f04e38-0663-4b1f-8efd-f76585c6e86c@group-5F52F902B742-LeaderElection34] INFO  server.RaftServerConfigKeys (ConfUtils.java:logGet(43)) - raft.server.staging.catchup.gap = 1000 (default)
2019-10-17 18:50:45,228 [b8f04e38-0663-4b1f-8efd-f76585c6e86c@group-5F52F902B742-LeaderElection34] INFO  server.RaftServerConfigKeys (ConfUtils.java:logGet(43)) - raft.server.rpc.sleep.time = 25ms (default)
2019-10-17 18:50:45,228 [b8f04e38-0663-4b1f-8efd-f76585c6e86c@group-5F52F902B742-LeaderElection34] INFO  server.RaftServerConfigKeys (ConfUtils.java:logGet(43)) - raft.server.write.element-limit = 4096 (default)
2019-10-17 18:50:45,228 [b8f04e38-0663-4b1f-8efd-f76585c6e86c@group-5F52F902B742-LeaderElection34] INFO  server.RaftServerConfigKeys (ConfUtils.java:logGet(43)) - raft.server.watch.timeout = 10s (default)
2019-10-17 18:50:45,243 [b8f04e38-0663-4b1f-8efd-f76585c6e86c@group-5F52F902B742-LeaderElection34] INFO  server.RaftServerConfigKeys (ConfUtils.java:logGet(43)) - raft.server.watch.timeout.denomination = 1s (default)
2019-10-17 18:50:45,243 [b8f04e38-0663-4b1f-8efd-f76585c6e86c@group-5F52F902B742-LeaderElection34] INFO  server.RaftServerConfigKeys (ConfUtils.java:logGet(43)) - raft.server.watch.element-limit = 65536 (default)
2019-10-17 18:50:45,244 [grpc-default-executor-0] INFO  impl.RaftServerImpl (RaftServerImpl.java:setRole(184)) - 1e4e1375-1b66-460f-8c99-4c341545a119@group-F775CA5912AC: changes role from  FOLLOWER to FOLLOWER at term 11 for recognizeCandidate:a5e79c22-a35f-4e50-b1fd-e91b6a93d74d
2019-10-17 18:50:45,244 [grpc-default-executor-2] INFO  impl.RaftServerImpl (RaftServerImpl.java:setRole(184)) - daae7813-f814-475d-9647-a302a5541e36@group-F775CA5912AC: changes role from  FOLLOWER to FOLLOWER at term 11 for recognizeCandidate:a5e79c22-a35f-4e50-b1fd-e91b6a93d74d
2019-10-17 18:50:45,244 [grpc-default-executor-0] INFO  impl.RoleInfo (RoleInfo.java:shutdownFollowerState(121)) - 1e4e1375-1b66-460f-8c99-4c341545a119: shutdown FollowerState
2019-10-17 18:50:45,244 [grpc-default-executor-2] INFO  impl.RoleInfo (RoleInfo.java:shutdownFollowerState(121)) - daae7813-f814-475d-9647-a302a5541e36: shutdown FollowerState
2019-10-17 18:50:45,262 [Thread-554] INFO  impl.FollowerState (FollowerState.java:run(108)) - abcd8826-c056-4817-bd0f-7af19a46d814@group-5F52F902B742-FollowerState: change to CANDIDATE, lastRpcTime:65ms, electionTimeout:65ms
2019-10-17 18:50:45,262 [Thread-554] INFO  impl.RoleInfo (RoleInfo.java:shutdownFollowerState(121)) - abcd8826-c056-4817-bd0f-7af19a46d814: shutdown FollowerState
2019-10-17 18:50:45,262 [Thread-554] INFO  impl.RaftServerImpl (RaftServerImpl.java:setRole(184)) - abcd8826-c056-4817-bd0f-7af19a46d814@group-5F52F902B742: changes role from  FOLLOWER to CANDIDATE at term 11 for changeToCandidate
2019-10-17 18:50:45,264 [Thread-554] INFO  impl.RoleInfo (RoleInfo.java:updateAndGet(143)) - abcd8826-c056-4817-bd0f-7af19a46d814: start LeaderElection
2019-10-17 18:50:45,264 [grpc-default-executor-0] INFO  impl.RoleInfo (RoleInfo.java:updateAndGet(143)) - 1e4e1375-1b66-460f-8c99-4c341545a119: start FollowerState
2019-10-17 18:50:45,264 [grpc-default-executor-2] INFO  impl.RoleInfo (RoleInfo.java:updateAndGet(143)) - daae7813-f814-475d-9647-a302a5541e36: start FollowerState
2019-10-17 18:50:45,264 [Thread-551] INFO  impl.FollowerState (FollowerState.java:run(117)) - 1e4e1375-1b66-460f-8c99-4c341545a119@group-F775CA5912AC-FollowerState was interrupted: java.lang.InterruptedException: sleep interrupted
2019-10-17 18:50:45,264 [Thread-552] INFO  impl.FollowerState (FollowerState.java:run(117)) - daae7813-f814-475d-9647-a302a5541e36@group-F775CA5912AC-FollowerState was interrupted: java.lang.InterruptedException: sleep interrupted
2019-10-17 18:50:45,278 [abcd8826-c056-4817-bd0f-7af19a46d814@group-5F52F902B742-LeaderElection35] INFO  impl.LeaderElection (LeaderElection.java:askForVotes(178)) - abcd8826-c056-4817-bd0f-7af19a46d814@group-5F52F902B742-LeaderElection35: begin an election at term 12 for -1: [b8f04e38-0663-4b1f-8efd-f76585c6e86c:192.168.157.251:35700, abcd8826-c056-4817-bd0f-7af19a46d814:192.168.157.251:46496, 73297ffa-40cb-4e3e-b33e-1bc2c1da60f5:192.168.157.251:32952], old=null
2019-10-17 18:50:45,301 [a5e79c22-a35f-4e50-b1fd-e91b6a93d74d@group-F775CA5912AC-LeaderElection31] INFO  impl.LeaderElection (LeaderElection.java:logAndReturn(56)) - a5e79c22-a35f-4e50-b1fd-e91b6a93d74d@group-F775CA5912AC-LeaderElection31: Election REJECTED; received 2 response(s) [a5e79c22-a35f-4e50-b1fd-e91b6a93d74d<-daae7813-f814-475d-9647-a302a5541e36#0:FAIL-t11, a5e79c22-a35f-4e50-b1fd-e91b6a93d74d<-1e4e1375-1b66-460f-8c99-4c341545a119#0:FAIL-t11] and 0 exception(s); a5e79c22-a35f-4e50-b1fd-e91b6a93d74d@group-F775CA5912AC:t11, leader=null, voted=a5e79c22-a35f-4e50-b1fd-e91b6a93d74d, raftlog=a5e79c22-a35f-4e50-b1fd-e91b6a93d74d@group-F775CA5912AC-SegmentedRaftLog:OPENED:c-1,f-1,i0, conf=-1: [a5e79c22-a35f-4e50-b1fd-e91b6a93d74d:192.168.157.251:45177, daae7813-f814-475d-9647-a302a5541e36:192.168.157.251:45025, 1e4e1375-1b66-460f-8c99-4c341545a119:192.168.157.251:42113], old=null
2019-10-17 18:50:45,301 [a5e79c22-a35f-4e50-b1fd-e91b6a93d74d@group-F775CA5912AC-LeaderElection31] INFO  impl.RaftServerImpl (RaftServerImpl.java:setRole(184)) - a5e79c22-a35f-4e50-b1fd-e91b6a93d74d@group-F775CA5912AC: changes role from CANDIDATE to FOLLOWER at term 11 for DISCOVERED_A_NEW_TERM
2019-10-17 18:50:45,301 [a5e79c22-a35f-4e50-b1fd-e91b6a93d74d@group-F775CA5912AC-LeaderElection31] INFO  impl.RoleInfo (RoleInfo.java:shutdownLeaderElection(134)) - a5e79c22-a35f-4e50-b1fd-e91b6a93d74d: shutdown LeaderElection
2019-10-17 18:50:45,301 [a5e79c22-a35f-4e50-b1fd-e91b6a93d74d@group-F775CA5912AC-LeaderElection31] INFO  impl.RoleInfo (RoleInfo.java:updateAndGet(143)) - a5e79c22-a35f-4e50-b1fd-e91b6a93d74d: start FollowerState
2019-10-17 18:50:45,302 [grpc-default-executor-6] INFO  impl.RaftServerImpl (RaftServerImpl.java:setRole(184)) - 73297ffa-40cb-4e3e-b33e-1bc2c1da60f5@group-5F52F902B742: changes role from  FOLLOWER to FOLLOWER at term 12 for recognizeCandidate:abcd8826-c056-4817-bd0f-7af19a46d814
2019-10-17 18:50:45,302 [grpc-default-executor-6] INFO  impl.RoleInfo (RoleInfo.java:shutdownFollowerState(121)) - 73297ffa-40cb-4e3e-b33e-1bc2c1da60f5: shutdown FollowerState
2019-10-17 18:50:45,302 [grpc-default-executor-6] INFO  impl.RoleInfo (RoleInfo.java:updateAndGet(143)) - 73297ffa-40cb-4e3e-b33e-1bc2c1da60f5: start FollowerState
2019-10-17 18:50:45,303 [Thread-555] INFO  impl.FollowerState (FollowerState.java:run(117)) - 73297ffa-40cb-4e3e-b33e-1bc2c1da60f5@group-5F52F902B742-FollowerState was interrupted: java.lang.InterruptedException: sleep interrupted
2019-10-17 18:50:45,306 [Timer for 'StorageContainerManager' metrics system] INFO  lib.Interns (Interns.java:removeEldestEntry(50)) - Metrics intern cache overflow at 2011 for MetricsSystem={MetricsSystem=MetricsInfoImpl{name=MetricsSystem, description=MetricsSystem}, MetricsSystem record=MetricsInfoImpl{name=MetricsSystem, description=MetricsSystem record}}
2019-10-17 18:50:45,312 [b8f04e38-0663-4b1f-8efd-f76585c6e86c@group-5F52F902B742-LeaderElection34] INFO  server.RaftServerConfigKeys (ConfUtils.java:logGet(43)) - raft.server.log.appender.snapshot.chunk.size.max = 16MB (=16777216) (default)
2019-10-17 18:50:45,312 [b8f04e38-0663-4b1f-8efd-f76585c6e86c@group-5F52F902B742-LeaderElection34] INFO  server.RaftServerConfigKeys (ConfUtils.java:logGet(43)) - raft.server.log.appender.buffer.byte-limit = 33554432 (custom)
2019-10-17 18:50:45,312 [b8f04e38-0663-4b1f-8efd-f76585c6e86c@group-5F52F902B742-LeaderElection34] INFO  server.RaftServerConfigKeys (ConfUtils.java:logGet(43)) - raft.server.log.appender.buffer.element-limit = 1 (custom)
2019-10-17 18:50:45,312 [b8f04e38-0663-4b1f-8efd-f76585c6e86c@group-5F52F902B742-LeaderElection34] INFO  grpc.GrpcConfigKeys$Server (ConfUtils.java:logGet(43)) - raft.grpc.server.leader.outstanding.appends.max = 128 (default)
2019-10-17 18:50:45,313 [b8f04e38-0663-4b1f-8efd-f76585c6e86c@group-5F52F902B742-LeaderElection34] INFO  server.RaftServerConfigKeys (ConfUtils.java:logGet(43)) - raft.server.rpc.request.timeout = 3000ms (default)
2019-10-17 18:50:45,313 [b8f04e38-0663-4b1f-8efd-f76585c6e86c@group-5F52F902B742-LeaderElection34] INFO  server.RaftServerConfigKeys (ConfUtils.java:logGet(43)) - raft.server.log.appender.install.snapshot.enabled = false (custom)
2019-10-17 18:50:45,315 [b8f04e38-0663-4b1f-8efd-f76585c6e86c@group-5F52F902B742-LeaderElection34] INFO  server.RaftServerConfigKeys (ConfUtils.java:logGet(43)) - raft.server.log.appender.snapshot.chunk.size.max = 16MB (=16777216) (default)
2019-10-17 18:50:45,316 [b8f04e38-0663-4b1f-8efd-f76585c6e86c@group-5F52F902B742-LeaderElection34] INFO  server.RaftServerConfigKeys (ConfUtils.java:logGet(43)) - raft.server.log.appender.buffer.byte-limit = 33554432 (custom)
2019-10-17 18:50:45,316 [b8f04e38-0663-4b1f-8efd-f76585c6e86c@group-5F52F902B742-LeaderElection34] INFO  server.RaftServerConfigKeys (ConfUtils.java:logGet(43)) - raft.server.log.appender.buffer.element-limit = 1 (custom)
2019-10-17 18:50:45,316 [b8f04e38-0663-4b1f-8efd-f76585c6e86c@group-5F52F902B742-LeaderElection34] INFO  grpc.GrpcConfigKeys$Server (ConfUtils.java:logGet(43)) - raft.grpc.server.leader.outstanding.appends.max = 128 (default)
2019-10-17 18:50:45,316 [b8f04e38-0663-4b1f-8efd-f76585c6e86c@group-5F52F902B742-LeaderElection34] INFO  server.RaftServerConfigKeys (ConfUtils.java:logGet(43)) - raft.server.rpc.request.timeout = 3000ms (default)
2019-10-17 18:50:45,316 [b8f04e38-0663-4b1f-8efd-f76585c6e86c@group-5F52F902B742-LeaderElection34] INFO  server.RaftServerConfigKeys (ConfUtils.java:logGet(43)) - raft.server.log.appender.install.snapshot.enabled = false (custom)
2019-10-17 18:50:45,319 [b8f04e38-0663-4b1f-8efd-f76585c6e86c@group-5F52F902B742-LeaderElection34] INFO  impl.RoleInfo (RoleInfo.java:updateAndGet(143)) - b8f04e38-0663-4b1f-8efd-f76585c6e86c: start LeaderState
2019-10-17 18:50:45,319 [b8f04e38-0663-4b1f-8efd-f76585c6e86c@group-5F52F902B742-LeaderElection34] INFO  segmented.SegmentedRaftLogWorker (SegmentedRaftLogWorker.java:startLogSegment(385)) - b8f04e38-0663-4b1f-8efd-f76585c6e86c@group-5F52F902B742-SegmentedRaftLogWorker: Starting segment from index:0
2019-10-17 18:50:45,320 [main] INFO  impl.MetricsSystemImpl (MetricsSystemImpl.java:init(158)) - XceiverClientMetrics metrics system started (again)
2019-10-17 18:50:45,320 [b8f04e38-0663-4b1f-8efd-f76585c6e86c@group-5F52F902B742-LeaderElection34] INFO  impl.RaftServerImpl (ServerState.java:setRaftConf(357)) - b8f04e38-0663-4b1f-8efd-f76585c6e86c@group-5F52F902B742: set configuration 0: [b8f04e38-0663-4b1f-8efd-f76585c6e86c:192.168.157.251:35700, abcd8826-c056-4817-bd0f-7af19a46d814:192.168.157.251:46496, 73297ffa-40cb-4e3e-b33e-1bc2c1da60f5:192.168.157.251:32952], old=null at 0
2019-10-17 18:50:45,352 [grpc-default-executor-0] INFO  impl.RaftServerImpl (ServerState.java:setLeader(256)) - b8f04e38-0663-4b1f-8efd-f76585c6e86c@group-5F52F902B742: change Leader from b8f04e38-0663-4b1f-8efd-f76585c6e86c to null at term 12 for updateCurrentTerm
2019-10-17 18:50:45,352 [grpc-default-executor-0] INFO  impl.RaftServerImpl (RaftServerImpl.java:setRole(184)) - b8f04e38-0663-4b1f-8efd-f76585c6e86c@group-5F52F902B742: changes role from    LEADER to FOLLOWER at term 12 for recognizeCandidate:abcd8826-c056-4817-bd0f-7af19a46d814
2019-10-17 18:50:45,352 [grpc-default-executor-0] INFO  impl.RoleInfo (RoleInfo.java:shutdownLeaderState(104)) - b8f04e38-0663-4b1f-8efd-f76585c6e86c: shutdown LeaderState
2019-10-17 18:50:45,357 [grpc-default-executor-0] INFO  impl.PendingRequests (PendingRequests.java:sendNotLeaderResponses(202)) - b8f04e38-0663-4b1f-8efd-f76585c6e86c@group-5F52F902B742-PendingRequests: sendNotLeaderResponses
2019-10-17 18:50:45,358 [grpc-default-executor-0] INFO  impl.RoleInfo (RoleInfo.java:updateAndGet(143)) - b8f04e38-0663-4b1f-8efd-f76585c6e86c: start FollowerState
2019-10-17 18:50:45,358 [org.apache.ratis.server.impl.LogAppender$AppenderDaemon$$Lambda$419/657957689@2d636cfa] WARN  server.GrpcLogAppender (GrpcLogAppender.java:mayWait(149)) - b8f04e38-0663-4b1f-8efd-f76585c6e86c@group-5F52F902B742->abcd8826-c056-4817-bd0f-7af19a46d814-GrpcLogAppender: Wait interrupted by java.lang.InterruptedException
2019-10-17 18:50:45,358 [org.apache.ratis.server.impl.LogAppender$AppenderDaemon$$Lambda$419/657957689@7c9acd30] WARN  server.GrpcLogAppender (GrpcLogAppender.java:mayWait(149)) - b8f04e38-0663-4b1f-8efd-f76585c6e86c@group-5F52F902B742->73297ffa-40cb-4e3e-b33e-1bc2c1da60f5-GrpcLogAppender: Wait interrupted by java.lang.InterruptedException
2019-10-17 18:50:45,359 [grpc-default-executor-2] INFO  server.GrpcServerProtocolService (GrpcServerProtocolService.java:onCompleted(113)) - 73297ffa-40cb-4e3e-b33e-1bc2c1da60f5: Completed APPEND_ENTRIES, lastRequest: b8f04e38-0663-4b1f-8efd-f76585c6e86c->73297ffa-40cb-4e3e-b33e-1bc2c1da60f5#0-t11, previous=(t:0, i:0), leaderCommit=-1, initializing? false, entries: <empty>
2019-10-17 18:50:45,359 [grpc-default-executor-6] INFO  server.GrpcServerProtocolService (GrpcServerProtocolService.java:onCompleted(113)) - abcd8826-c056-4817-bd0f-7af19a46d814: Completed APPEND_ENTRIES, lastRequest: b8f04e38-0663-4b1f-8efd-f76585c6e86c->abcd8826-c056-4817-bd0f-7af19a46d814#0-t11, previous=(t:0, i:0), leaderCommit=-1, initializing? false, entries: <empty>
2019-10-17 18:50:45,363 [abcd8826-c056-4817-bd0f-7af19a46d814@group-5F52F902B742-LeaderElection35] INFO  impl.LeaderElection (LeaderElection.java:logAndReturn(56)) - abcd8826-c056-4817-bd0f-7af19a46d814@group-5F52F902B742-LeaderElection35: Election TIMEOUT; received 1 response(s) [abcd8826-c056-4817-bd0f-7af19a46d814<-73297ffa-40cb-4e3e-b33e-1bc2c1da60f5#0:FAIL-t12] and 0 exception(s); abcd8826-c056-4817-bd0f-7af19a46d814@group-5F52F902B742:t12, leader=null, voted=abcd8826-c056-4817-bd0f-7af19a46d814, raftlog=abcd8826-c056-4817-bd0f-7af19a46d814@group-5F52F902B742-SegmentedRaftLog:OPENED:c-1,f-1,i0, conf=-1: [b8f04e38-0663-4b1f-8efd-f76585c6e86c:192.168.157.251:35700, abcd8826-c056-4817-bd0f-7af19a46d814:192.168.157.251:46496, 73297ffa-40cb-4e3e-b33e-1bc2c1da60f5:192.168.157.251:32952], old=null
2019-10-17 18:50:45,365 [b8f04e38-0663-4b1f-8efd-f76585c6e86c@group-5F52F902B742-SegmentedRaftLogWorker] INFO  segmented.SegmentedRaftLogWorker (SegmentedRaftLogWorker.java:execute(576)) - b8f04e38-0663-4b1f-8efd-f76585c6e86c@group-5F52F902B742-SegmentedRaftLogWorker: created new log segment /workdir/hadoop-ozone/integration-test/target/test-dir/MiniOzoneClusterImpl-1add80d3-0bcb-487c-a891-e654dcc55690/datanode-1/data/ratis/d83b5072-3c48-4c0b-91c4-5f52f902b742/current/log_inprogress_0
2019-10-17 18:50:45,365 [grpc-default-executor-4] INFO  server.GrpcLogAppender (GrpcLogAppender.java:onCompleted(308)) - b8f04e38-0663-4b1f-8efd-f76585c6e86c@group-5F52F902B742->abcd8826-c056-4817-bd0f-7af19a46d814-AppendLogResponseHandler: follower responses appendEntries COMPLETED
2019-10-17 18:50:45,365 [grpc-default-executor-6] INFO  server.GrpcLogAppender (GrpcLogAppender.java:onCompleted(308)) - b8f04e38-0663-4b1f-8efd-f76585c6e86c@group-5F52F902B742->73297ffa-40cb-4e3e-b33e-1bc2c1da60f5-AppendLogResponseHandler: follower responses appendEntries COMPLETED
2019-10-17 18:50:45,368 [abcd8826-c056-4817-bd0f-7af19a46d814@group-5F52F902B742-LeaderElection35] INFO  impl.LeaderElection (LeaderElection.java:askForVotes(178)) - abcd8826-c056-4817-bd0f-7af19a46d814@group-5F52F902B742-LeaderElection35: begin an election at term 13 for -1: [b8f04e38-0663-4b1f-8efd-f76585c6e86c:192.168.157.251:35700, abcd8826-c056-4817-bd0f-7af19a46d814:192.168.157.251:46496, 73297ffa-40cb-4e3e-b33e-1bc2c1da60f5:192.168.157.251:32952], old=null
2019-10-17 18:50:45,369 [grpc-default-executor-4] INFO  impl.FollowerInfo (FollowerInfo.java:lambda$new$0(51)) - b8f04e38-0663-4b1f-8efd-f76585c6e86c@group-5F52F902B742->abcd8826-c056-4817-bd0f-7af19a46d814: nextIndex: updateUnconditionally 0 -> 0
2019-10-17 18:50:45,371 [grpc-default-executor-6] INFO  impl.FollowerInfo (FollowerInfo.java:lambda$new$0(51)) - b8f04e38-0663-4b1f-8efd-f76585c6e86c@group-5F52F902B742->73297ffa-40cb-4e3e-b33e-1bc2c1da60f5: nextIndex: updateUnconditionally 0 -> 0
2019-10-17 18:50:45,373 [grpc-default-executor-6] INFO  impl.RaftServerImpl (RaftServerImpl.java:setRole(184)) - b8f04e38-0663-4b1f-8efd-f76585c6e86c@group-5F52F902B742: changes role from  FOLLOWER to FOLLOWER at term 13 for recognizeCandidate:abcd8826-c056-4817-bd0f-7af19a46d814
2019-10-17 18:50:45,373 [grpc-default-executor-4] INFO  impl.RaftServerImpl (RaftServerImpl.java:setRole(184)) - 73297ffa-40cb-4e3e-b33e-1bc2c1da60f5@group-5F52F902B742: changes role from  FOLLOWER to FOLLOWER at term 13 for recognizeCandidate:abcd8826-c056-4817-bd0f-7af19a46d814
2019-10-17 18:50:45,373 [grpc-default-executor-6] INFO  impl.RoleInfo (RoleInfo.java:shutdownFollowerState(121)) - b8f04e38-0663-4b1f-8efd-f76585c6e86c: shutdown FollowerState
2019-10-17 18:50:45,373 [grpc-default-executor-4] INFO  impl.RoleInfo (RoleInfo.java:shutdownFollowerState(121)) - 73297ffa-40cb-4e3e-b33e-1bc2c1da60f5: shutdown FollowerState
2019-10-17 18:50:45,374 [grpc-default-executor-6] INFO  impl.RoleInfo (RoleInfo.java:updateAndGet(143)) - b8f04e38-0663-4b1f-8efd-f76585c6e86c: start FollowerState
2019-10-17 18:50:45,374 [Thread-567] INFO  impl.FollowerState (FollowerState.java:run(117)) - 73297ffa-40cb-4e3e-b33e-1bc2c1da60f5@group-5F52F902B742-FollowerState was interrupted: java.lang.InterruptedException: sleep interrupted
2019-10-17 18:50:45,374 [grpc-default-executor-4] INFO  impl.RoleInfo (RoleInfo.java:updateAndGet(143)) - 73297ffa-40cb-4e3e-b33e-1bc2c1da60f5: start FollowerState
2019-10-17 18:50:45,374 [Thread-571] INFO  impl.FollowerState (FollowerState.java:run(117)) - b8f04e38-0663-4b1f-8efd-f76585c6e86c@group-5F52F902B742-FollowerState was interrupted: java.lang.InterruptedException: sleep interrupted
2019-10-17 18:50:45,383 [abcd8826-c056-4817-bd0f-7af19a46d814@group-5F52F902B742-LeaderElection35] INFO  impl.LeaderElection (LeaderElection.java:logAndReturn(56)) - abcd8826-c056-4817-bd0f-7af19a46d814@group-5F52F902B742-LeaderElection35: Election REJECTED; received 2 response(s) [abcd8826-c056-4817-bd0f-7af19a46d814<-b8f04e38-0663-4b1f-8efd-f76585c6e86c#0:FAIL-t13, abcd8826-c056-4817-bd0f-7af19a46d814<-73297ffa-40cb-4e3e-b33e-1bc2c1da60f5#0:FAIL-t13] and 0 exception(s); abcd8826-c056-4817-bd0f-7af19a46d814@group-5F52F902B742:t13, leader=null, voted=abcd8826-c056-4817-bd0f-7af19a46d814, raftlog=abcd8826-c056-4817-bd0f-7af19a46d814@group-5F52F902B742-SegmentedRaftLog:OPENED:c-1,f-1,i0, conf=-1: [b8f04e38-0663-4b1f-8efd-f76585c6e86c:192.168.157.251:35700, abcd8826-c056-4817-bd0f-7af19a46d814:192.168.157.251:46496, 73297ffa-40cb-4e3e-b33e-1bc2c1da60f5:192.168.157.251:32952], old=null
2019-10-17 18:50:45,383 [abcd8826-c056-4817-bd0f-7af19a46d814@group-5F52F902B742-LeaderElection35] INFO  impl.RaftServerImpl (RaftServerImpl.java:setRole(184)) - abcd8826-c056-4817-bd0f-7af19a46d814@group-5F52F902B742: changes role from CANDIDATE to FOLLOWER at term 13 for DISCOVERED_A_NEW_TERM
2019-10-17 18:50:45,384 [abcd8826-c056-4817-bd0f-7af19a46d814@group-5F52F902B742-LeaderElection35] INFO  impl.RoleInfo (RoleInfo.java:shutdownLeaderElection(134)) - abcd8826-c056-4817-bd0f-7af19a46d814: shutdown LeaderElection
2019-10-17 18:50:45,384 [Thread-566] INFO  impl.FollowerState (FollowerState.java:run(108)) - a5e79c22-a35f-4e50-b1fd-e91b6a93d74d@group-F775CA5912AC-FollowerState: change to CANDIDATE, lastRpcTime:82ms, electionTimeout:82ms
2019-10-17 18:50:45,384 [abcd8826-c056-4817-bd0f-7af19a46d814@group-5F52F902B742-LeaderElection35] INFO  impl.RoleInfo (RoleInfo.java:updateAndGet(143)) - abcd8826-c056-4817-bd0f-7af19a46d814: start FollowerState
2019-10-17 18:50:45,384 [Thread-566] INFO  impl.RoleInfo (RoleInfo.java:shutdownFollowerState(121)) - a5e79c22-a35f-4e50-b1fd-e91b6a93d74d: shutdown FollowerState
2019-10-17 18:50:45,384 [Thread-566] INFO  impl.RaftServerImpl (RaftServerImpl.java:setRole(184)) - a5e79c22-a35f-4e50-b1fd-e91b6a93d74d@group-F775CA5912AC: changes role from  FOLLOWER to CANDIDATE at term 11 for changeToCandidate
2019-10-17 18:50:45,384 [Thread-566] INFO  impl.RoleInfo (RoleInfo.java:updateAndGet(143)) - a5e79c22-a35f-4e50-b1fd-e91b6a93d74d: start LeaderElection
2019-10-17 18:50:45,393 [a5e79c22-a35f-4e50-b1fd-e91b6a93d74d@group-F775CA5912AC-LeaderElection36] INFO  impl.LeaderElection (LeaderElection.java:askForVotes(178)) - a5e79c22-a35f-4e50-b1fd-e91b6a93d74d@group-F775CA5912AC-LeaderElection36: begin an election at term 12 for -1: [a5e79c22-a35f-4e50-b1fd-e91b6a93d74d:192.168.157.251:45177, daae7813-f814-475d-9647-a302a5541e36:192.168.157.251:45025, 1e4e1375-1b66-460f-8c99-4c341545a119:192.168.157.251:42113], old=null
2019-10-17 18:50:45,395 [grpc-default-executor-4] INFO  impl.RaftServerImpl (RaftServerImpl.java:setRole(184)) - 1e4e1375-1b66-460f-8c99-4c341545a119@group-F775CA5912AC: changes role from  FOLLOWER to FOLLOWER at term 12 for recognizeCandidate:a5e79c22-a35f-4e50-b1fd-e91b6a93d74d
2019-10-17 18:50:45,395 [grpc-default-executor-4] INFO  impl.RoleInfo (RoleInfo.java:shutdownFollowerState(121)) - 1e4e1375-1b66-460f-8c99-4c341545a119: shutdown FollowerState
2019-10-17 18:50:45,396 [grpc-default-executor-6] INFO  impl.RaftServerImpl (RaftServerImpl.java:setRole(184)) - daae7813-f814-475d-9647-a302a5541e36@group-F775CA5912AC: changes role from  FOLLOWER to FOLLOWER at term 12 for recognizeCandidate:a5e79c22-a35f-4e50-b1fd-e91b6a93d74d
2019-10-17 18:50:45,396 [grpc-default-executor-4] INFO  impl.RoleInfo (RoleInfo.java:updateAndGet(143)) - 1e4e1375-1b66-460f-8c99-4c341545a119: start FollowerState
2019-10-17 18:50:45,396 [Thread-561] INFO  impl.FollowerState (FollowerState.java:run(117)) - 1e4e1375-1b66-460f-8c99-4c341545a119@group-F775CA5912AC-FollowerState was interrupted: java.lang.InterruptedException: sleep interrupted
2019-10-17 18:50:45,396 [grpc-default-executor-6] INFO  impl.RoleInfo (RoleInfo.java:shutdownFollowerState(121)) - daae7813-f814-475d-9647-a302a5541e36: shutdown FollowerState
2019-10-17 18:50:45,396 [Thread-560] INFO  impl.FollowerState (FollowerState.java:run(117)) - daae7813-f814-475d-9647-a302a5541e36@group-F775CA5912AC-FollowerState was interrupted: java.lang.InterruptedException: sleep interrupted
2019-10-17 18:50:45,396 [grpc-default-executor-6] INFO  impl.RoleInfo (RoleInfo.java:updateAndGet(143)) - daae7813-f814-475d-9647-a302a5541e36: start FollowerState
2019-10-17 18:50:45,412 [a5e79c22-a35f-4e50-b1fd-e91b6a93d74d@group-F775CA5912AC-LeaderElection36] INFO  impl.LeaderElection (LeaderElection.java:logAndReturn(56)) - a5e79c22-a35f-4e50-b1fd-e91b6a93d74d@group-F775CA5912AC-LeaderElection36: Election REJECTED; received 2 response(s) [a5e79c22-a35f-4e50-b1fd-e91b6a93d74d<-daae7813-f814-475d-9647-a302a5541e36#0:FAIL-t12, a5e79c22-a35f-4e50-b1fd-e91b6a93d74d<-1e4e1375-1b66-460f-8c99-4c341545a119#0:FAIL-t12] and 0 exception(s); a5e79c22-a35f-4e50-b1fd-e91b6a93d74d@group-F775CA5912AC:t12, leader=null, voted=a5e79c22-a35f-4e50-b1fd-e91b6a93d74d, raftlog=a5e79c22-a35f-4e50-b1fd-e91b6a93d74d@group-F775CA5912AC-SegmentedRaftLog:OPENED:c-1,f-1,i0, conf=-1: [a5e79c22-a35f-4e50-b1fd-e91b6a93d74d:192.168.157.251:45177, daae7813-f814-475d-9647-a302a5541e36:192.168.157.251:45025, 1e4e1375-1b66-460f-8c99-4c341545a119:192.168.157.251:42113], old=null
2019-10-17 18:50:45,412 [a5e79c22-a35f-4e50-b1fd-e91b6a93d74d@group-F775CA5912AC-LeaderElection36] INFO  impl.RaftServerImpl (RaftServerImpl.java:setRole(184)) - a5e79c22-a35f-4e50-b1fd-e91b6a93d74d@group-F775CA5912AC: changes role from CANDIDATE to FOLLOWER at term 12 for DISCOVERED_A_NEW_TERM
2019-10-17 18:50:45,412 [a5e79c22-a35f-4e50-b1fd-e91b6a93d74d@group-F775CA5912AC-LeaderElection36] INFO  impl.RoleInfo (RoleInfo.java:shutdownLeaderElection(134)) - a5e79c22-a35f-4e50-b1fd-e91b6a93d74d: shutdown LeaderElection
2019-10-17 18:50:45,412 [a5e79c22-a35f-4e50-b1fd-e91b6a93d74d@group-F775CA5912AC-LeaderElection36] INFO  impl.RoleInfo (RoleInfo.java:updateAndGet(143)) - a5e79c22-a35f-4e50-b1fd-e91b6a93d74d: start FollowerState
2019-10-17 18:50:45,473 [Thread-577] INFO  impl.FollowerState (FollowerState.java:run(108)) - abcd8826-c056-4817-bd0f-7af19a46d814@group-5F52F902B742-FollowerState: change to CANDIDATE, lastRpcTime:88ms, electionTimeout:86ms
2019-10-17 18:50:45,473 [Thread-577] INFO  impl.RoleInfo (RoleInfo.java:shutdownFollowerState(121)) - abcd8826-c056-4817-bd0f-7af19a46d814: shutdown FollowerState
2019-10-17 18:50:45,473 [Thread-577] INFO  impl.RaftServerImpl (RaftServerImpl.java:setRole(184)) - abcd8826-c056-4817-bd0f-7af19a46d814@group-5F52F902B742: changes role from  FOLLOWER to CANDIDATE at term 13 for changeToCandidate
2019-10-17 18:50:45,473 [Thread-577] INFO  impl.RoleInfo (RoleInfo.java:updateAndGet(143)) - abcd8826-c056-4817-bd0f-7af19a46d814: start LeaderElection
2019-10-17 18:50:45,489 [abcd8826-c056-4817-bd0f-7af19a46d814@group-5F52F902B742-LeaderElection37] INFO  impl.LeaderElection (LeaderElection.java:askForVotes(178)) - abcd8826-c056-4817-bd0f-7af19a46d814@group-5F52F902B742-LeaderElection37: begin an election at term 14 for -1: [b8f04e38-0663-4b1f-8efd-f76585c6e86c:192.168.157.251:35700, abcd8826-c056-4817-bd0f-7af19a46d814:192.168.157.251:46496, 73297ffa-40cb-4e3e-b33e-1bc2c1da60f5:192.168.157.251:32952], old=null
2019-10-17 18:50:45,496 [grpc-default-executor-2] INFO  impl.RaftServerImpl (RaftServerImpl.java:setRole(184)) - 73297ffa-40cb-4e3e-b33e-1bc2c1da60f5@group-5F52F902B742: changes role from  FOLLOWER to FOLLOWER at term 14 for recognizeCandidate:abcd8826-c056-4817-bd0f-7af19a46d814
2019-10-17 18:50:45,496 [grpc-default-executor-2] INFO  impl.RoleInfo (RoleInfo.java:shutdownFollowerState(121)) - 73297ffa-40cb-4e3e-b33e-1bc2c1da60f5: shutdown FollowerState
2019-10-17 18:50:45,496 [grpc-default-executor-6] INFO  impl.RaftServerImpl (RaftServerImpl.java:setRole(184)) - b8f04e38-0663-4b1f-8efd-f76585c6e86c@group-5F52F902B742: changes role from  FOLLOWER to FOLLOWER at term 14 for recognizeCandidate:abcd8826-c056-4817-bd0f-7af19a46d814
2019-10-17 18:50:45,497 [Thread-576] INFO  impl.FollowerState (FollowerState.java:run(117)) - 73297ffa-40cb-4e3e-b33e-1bc2c1da60f5@group-5F52F902B742-FollowerState was interrupted: java.lang.InterruptedException: sleep interrupted
2019-10-17 18:50:45,497 [grpc-default-executor-2] INFO  impl.RoleInfo (RoleInfo.java:updateAndGet(143)) - 73297ffa-40cb-4e3e-b33e-1bc2c1da60f5: start FollowerState
2019-10-17 18:50:45,497 [grpc-default-executor-6] INFO  impl.RoleInfo (RoleInfo.java:shutdownFollowerState(121)) - b8f04e38-0663-4b1f-8efd-f76585c6e86c: shutdown FollowerState
2019-10-17 18:50:45,500 [grpc-default-executor-6] INFO  impl.RoleInfo (RoleInfo.java:updateAndGet(143)) - b8f04e38-0663-4b1f-8efd-f76585c6e86c: start FollowerState
2019-10-17 18:50:45,500 [Thread-575] INFO  impl.FollowerState (FollowerState.java:run(117)) - b8f04e38-0663-4b1f-8efd-f76585c6e86c@group-5F52F902B742-FollowerState was interrupted: java.lang.InterruptedException: sleep interrupted
2019-10-17 18:50:45,523 [abcd8826-c056-4817-bd0f-7af19a46d814@group-5F52F902B742-LeaderElection37] INFO  impl.LeaderElection (LeaderElection.java:logAndReturn(56)) - abcd8826-c056-4817-bd0f-7af19a46d814@group-5F52F902B742-LeaderElection37: Election REJECTED; received 2 response(s) [abcd8826-c056-4817-bd0f-7af19a46d814<-b8f04e38-0663-4b1f-8efd-f76585c6e86c#0:FAIL-t14, abcd8826-c056-4817-bd0f-7af19a46d814<-73297ffa-40cb-4e3e-b33e-1bc2c1da60f5#0:FAIL-t14] and 0 exception(s); abcd8826-c056-4817-bd0f-7af19a46d814@group-5F52F902B742:t14, leader=null, voted=abcd8826-c056-4817-bd0f-7af19a46d814, raftlog=abcd8826-c056-4817-bd0f-7af19a46d814@group-5F52F902B742-SegmentedRaftLog:OPENED:c-1,f-1,i0, conf=-1: [b8f04e38-0663-4b1f-8efd-f76585c6e86c:192.168.157.251:35700, abcd8826-c056-4817-bd0f-7af19a46d814:192.168.157.251:46496, 73297ffa-40cb-4e3e-b33e-1bc2c1da60f5:192.168.157.251:32952], old=null
2019-10-17 18:50:45,523 [abcd8826-c056-4817-bd0f-7af19a46d814@group-5F52F902B742-LeaderElection37] INFO  impl.RaftServerImpl (RaftServerImpl.java:setRole(184)) - abcd8826-c056-4817-bd0f-7af19a46d814@group-5F52F902B742: changes role from CANDIDATE to FOLLOWER at term 14 for DISCOVERED_A_NEW_TERM
2019-10-17 18:50:45,523 [abcd8826-c056-4817-bd0f-7af19a46d814@group-5F52F902B742-LeaderElection37] INFO  impl.RoleInfo (RoleInfo.java:shutdownLeaderElection(134)) - abcd8826-c056-4817-bd0f-7af19a46d814: shutdown LeaderElection
2019-10-17 18:50:45,523 [abcd8826-c056-4817-bd0f-7af19a46d814@group-5F52F902B742-LeaderElection37] INFO  impl.RoleInfo (RoleInfo.java:updateAndGet(143)) - abcd8826-c056-4817-bd0f-7af19a46d814: start FollowerState
2019-10-17 18:50:45,560 [Thread-583] INFO  impl.FollowerState (FollowerState.java:run(108)) - a5e79c22-a35f-4e50-b1fd-e91b6a93d74d@group-F775CA5912AC-FollowerState: change to CANDIDATE, lastRpcTime:148ms, electionTimeout:143ms
2019-10-17 18:50:45,560 [Thread-583] INFO  impl.RoleInfo (RoleInfo.java:shutdownFollowerState(121)) - a5e79c22-a35f-4e50-b1fd-e91b6a93d74d: shutdown FollowerState
2019-10-17 18:50:45,561 [Thread-583] INFO  impl.RaftServerImpl (RaftServerImpl.java:setRole(184)) - a5e79c22-a35f-4e50-b1fd-e91b6a93d74d@group-F775CA5912AC: changes role from  FOLLOWER to CANDIDATE at term 12 for changeToCandidate
2019-10-17 18:50:45,561 [Thread-583] INFO  impl.RoleInfo (RoleInfo.java:updateAndGet(143)) - a5e79c22-a35f-4e50-b1fd-e91b6a93d74d: start LeaderElection
2019-10-17 18:50:45,583 [a5e79c22-a35f-4e50-b1fd-e91b6a93d74d@group-F775CA5912AC-LeaderElection38] INFO  impl.LeaderElection (LeaderElection.java:askForVotes(178)) - a5e79c22-a35f-4e50-b1fd-e91b6a93d74d@group-F775CA5912AC-LeaderElection38: begin an election at term 13 for -1: [a5e79c22-a35f-4e50-b1fd-e91b6a93d74d:192.168.157.251:45177, daae7813-f814-475d-9647-a302a5541e36:192.168.157.251:45025, 1e4e1375-1b66-460f-8c99-4c341545a119:192.168.157.251:42113], old=null
2019-10-17 18:50:45,587 [grpc-default-executor-2] INFO  impl.RaftServerImpl (RaftServerImpl.java:setRole(184)) - 1e4e1375-1b66-460f-8c99-4c341545a119@group-F775CA5912AC: changes role from  FOLLOWER to FOLLOWER at term 13 for recognizeCandidate:a5e79c22-a35f-4e50-b1fd-e91b6a93d74d
2019-10-17 18:50:45,587 [grpc-default-executor-6] INFO  impl.RaftServerImpl (RaftServerImpl.java:setRole(184)) - daae7813-f814-475d-9647-a302a5541e36@group-F775CA5912AC: changes role from  FOLLOWER to FOLLOWER at term 13 for recognizeCandidate:a5e79c22-a35f-4e50-b1fd-e91b6a93d74d
2019-10-17 18:50:45,587 [grpc-default-executor-2] INFO  impl.RoleInfo (RoleInfo.java:shutdownFollowerState(121)) - 1e4e1375-1b66-460f-8c99-4c341545a119: shutdown FollowerState
2019-10-17 18:50:45,587 [grpc-default-executor-6] INFO  impl.RoleInfo (RoleInfo.java:shutdownFollowerState(121)) - daae7813-f814-475d-9647-a302a5541e36: shutdown FollowerState
2019-10-17 18:50:45,587 [Thread-581] INFO  impl.FollowerState (FollowerState.java:run(117)) - 1e4e1375-1b66-460f-8c99-4c341545a119@group-F775CA5912AC-FollowerState was interrupted: java.lang.InterruptedException: sleep interrupted
2019-10-17 18:50:45,587 [Thread-582] INFO  impl.FollowerState (FollowerState.java:run(117)) - daae7813-f814-475d-9647-a302a5541e36@group-F775CA5912AC-FollowerState was interrupted: java.lang.InterruptedException: sleep interrupted
2019-10-17 18:50:45,587 [grpc-default-executor-2] INFO  impl.RoleInfo (RoleInfo.java:updateAndGet(143)) - 1e4e1375-1b66-460f-8c99-4c341545a119: start FollowerState
2019-10-17 18:50:45,587 [grpc-default-executor-6] INFO  impl.RoleInfo (RoleInfo.java:updateAndGet(143)) - daae7813-f814-475d-9647-a302a5541e36: start FollowerState
2019-10-17 18:50:45,606 [a5e79c22-a35f-4e50-b1fd-e91b6a93d74d@group-F775CA5912AC-LeaderElection38] INFO  impl.LeaderElection (LeaderElection.java:logAndReturn(56)) - a5e79c22-a35f-4e50-b1fd-e91b6a93d74d@group-F775CA5912AC-LeaderElection38: Election REJECTED; received 2 response(s) [a5e79c22-a35f-4e50-b1fd-e91b6a93d74d<-daae7813-f814-475d-9647-a302a5541e36#0:FAIL-t13, a5e79c22-a35f-4e50-b1fd-e91b6a93d74d<-1e4e1375-1b66-460f-8c99-4c341545a119#0:FAIL-t13] and 0 exception(s); a5e79c22-a35f-4e50-b1fd-e91b6a93d74d@group-F775CA5912AC:t13, leader=null, voted=a5e79c22-a35f-4e50-b1fd-e91b6a93d74d, raftlog=a5e79c22-a35f-4e50-b1fd-e91b6a93d74d@group-F775CA5912AC-SegmentedRaftLog:OPENED:c-1,f-1,i0, conf=-1: [a5e79c22-a35f-4e50-b1fd-e91b6a93d74d:192.168.157.251:45177, daae7813-f814-475d-9647-a302a5541e36:192.168.157.251:45025, 1e4e1375-1b66-460f-8c99-4c341545a119:192.168.157.251:42113], old=null
2019-10-17 18:50:45,607 [a5e79c22-a35f-4e50-b1fd-e91b6a93d74d@group-F775CA5912AC-LeaderElection38] INFO  impl.RaftServerImpl (RaftServerImpl.java:setRole(184)) - a5e79c22-a35f-4e50-b1fd-e91b6a93d74d@group-F775CA5912AC: changes role from CANDIDATE to FOLLOWER at term 13 for DISCOVERED_A_NEW_TERM
2019-10-17 18:50:45,607 [a5e79c22-a35f-4e50-b1fd-e91b6a93d74d@group-F775CA5912AC-LeaderElection38] INFO  impl.RoleInfo (RoleInfo.java:shutdownLeaderElection(134)) - a5e79c22-a35f-4e50-b1fd-e91b6a93d74d: shutdown LeaderElection
2019-10-17 18:50:45,607 [a5e79c22-a35f-4e50-b1fd-e91b6a93d74d@group-F775CA5912AC-LeaderElection38] INFO  impl.RoleInfo (RoleInfo.java:updateAndGet(143)) - a5e79c22-a35f-4e50-b1fd-e91b6a93d74d: start FollowerState
2019-10-17 18:50:45,644 [Thread-598] INFO  impl.FollowerState (FollowerState.java:run(108)) - a5e79c22-a35f-4e50-b1fd-e91b6a93d74d@group-F775CA5912AC-FollowerState: change to CANDIDATE, lastRpcTime:37ms, electionTimeout:37ms
2019-10-17 18:50:45,644 [Thread-598] INFO  impl.RoleInfo (RoleInfo.java:shutdownFollowerState(121)) - a5e79c22-a35f-4e50-b1fd-e91b6a93d74d: shutdown FollowerState
2019-10-17 18:50:45,644 [Thread-598] INFO  impl.RaftServerImpl (RaftServerImpl.java:setRole(184)) - a5e79c22-a35f-4e50-b1fd-e91b6a93d74d@group-F775CA5912AC: changes role from  FOLLOWER to CANDIDATE at term 13 for changeToCandidate
2019-10-17 18:50:45,644 [Thread-598] INFO  impl.RoleInfo (RoleInfo.java:updateAndGet(143)) - a5e79c22-a35f-4e50-b1fd-e91b6a93d74d: start LeaderElection
2019-10-17 18:50:45,658 [a5e79c22-a35f-4e50-b1fd-e91b6a93d74d@group-F775CA5912AC-LeaderElection39] INFO  impl.LeaderElection (LeaderElection.java:askForVotes(178)) - a5e79c22-a35f-4e50-b1fd-e91b6a93d74d@group-F775CA5912AC-LeaderElection39: begin an election at term 14 for -1: [a5e79c22-a35f-4e50-b1fd-e91b6a93d74d:192.168.157.251:45177, daae7813-f814-475d-9647-a302a5541e36:192.168.157.251:45025, 1e4e1375-1b66-460f-8c99-4c341545a119:192.168.157.251:42113], old=null
2019-10-17 18:50:45,662 [grpc-default-executor-6] INFO  impl.RaftServerImpl (RaftServerImpl.java:setRole(184)) - 1e4e1375-1b66-460f-8c99-4c341545a119@group-F775CA5912AC: changes role from  FOLLOWER to FOLLOWER at term 14 for recognizeCandidate:a5e79c22-a35f-4e50-b1fd-e91b6a93d74d
2019-10-17 18:50:45,662 [grpc-default-executor-2] INFO  impl.RaftServerImpl (RaftServerImpl.java:setRole(184)) - daae7813-f814-475d-9647-a302a5541e36@group-F775CA5912AC: changes role from  FOLLOWER to FOLLOWER at term 14 for recognizeCandidate:a5e79c22-a35f-4e50-b1fd-e91b6a93d74d
2019-10-17 18:50:45,662 [grpc-default-executor-6] INFO  impl.RoleInfo (RoleInfo.java:shutdownFollowerState(121)) - 1e4e1375-1b66-460f-8c99-4c341545a119: shutdown FollowerState
2019-10-17 18:50:45,662 [grpc-default-executor-2] INFO  impl.RoleInfo (RoleInfo.java:shutdownFollowerState(121)) - daae7813-f814-475d-9647-a302a5541e36: shutdown FollowerState
2019-10-17 18:50:45,662 [grpc-default-executor-6] INFO  impl.RoleInfo (RoleInfo.java:updateAndGet(143)) - 1e4e1375-1b66-460f-8c99-4c341545a119: start FollowerState
2019-10-17 18:50:45,662 [Thread-596] INFO  impl.FollowerState (FollowerState.java:run(117)) - 1e4e1375-1b66-460f-8c99-4c341545a119@group-F775CA5912AC-FollowerState was interrupted: java.lang.InterruptedException: sleep interrupted
2019-10-17 18:50:45,662 [grpc-default-executor-2] INFO  impl.RoleInfo (RoleInfo.java:updateAndGet(143)) - daae7813-f814-475d-9647-a302a5541e36: start FollowerState
2019-10-17 18:50:45,662 [Thread-597] INFO  impl.FollowerState (FollowerState.java:run(117)) - daae7813-f814-475d-9647-a302a5541e36@group-F775CA5912AC-FollowerState was interrupted: java.lang.InterruptedException: sleep interrupted
2019-10-17 18:50:45,667 [Thread-592] INFO  impl.FollowerState (FollowerState.java:run(108)) - abcd8826-c056-4817-bd0f-7af19a46d814@group-5F52F902B742-FollowerState: change to CANDIDATE, lastRpcTime:143ms, electionTimeout:143ms
2019-10-17 18:50:45,667 [Thread-592] INFO  impl.RoleInfo (RoleInfo.java:shutdownFollowerState(121)) - abcd8826-c056-4817-bd0f-7af19a46d814: shutdown FollowerState
2019-10-17 18:50:45,667 [Thread-592] INFO  impl.RaftServerImpl (RaftServerImpl.java:setRole(184)) - abcd8826-c056-4817-bd0f-7af19a46d814@group-5F52F902B742: changes role from  FOLLOWER to CANDIDATE at term 14 for changeToCandidate
2019-10-17 18:50:45,667 [Thread-592] INFO  impl.RoleInfo (RoleInfo.java:updateAndGet(143)) - abcd8826-c056-4817-bd0f-7af19a46d814: start LeaderElection
2019-10-17 18:50:45,678 [abcd8826-c056-4817-bd0f-7af19a46d814@group-5F52F902B742-LeaderElection40] INFO  impl.LeaderElection (LeaderElection.java:askForVotes(178)) - abcd8826-c056-4817-bd0f-7af19a46d814@group-5F52F902B742-LeaderElection40: begin an election at term 15 for -1: [b8f04e38-0663-4b1f-8efd-f76585c6e86c:192.168.157.251:35700, abcd8826-c056-4817-bd0f-7af19a46d814:192.168.157.251:46496, 73297ffa-40cb-4e3e-b33e-1bc2c1da60f5:192.168.157.251:32952], old=null
2019-10-17 18:50:45,680 [a5e79c22-a35f-4e50-b1fd-e91b6a93d74d@group-F775CA5912AC-LeaderElection39] INFO  impl.LeaderElection (LeaderElection.java:logAndReturn(56)) - a5e79c22-a35f-4e50-b1fd-e91b6a93d74d@group-F775CA5912AC-LeaderElection39: Election REJECTED; received 2 response(s) [a5e79c22-a35f-4e50-b1fd-e91b6a93d74d<-daae7813-f814-475d-9647-a302a5541e36#0:FAIL-t14, a5e79c22-a35f-4e50-b1fd-e91b6a93d74d<-1e4e1375-1b66-460f-8c99-4c341545a119#0:FAIL-t14] and 0 exception(s); a5e79c22-a35f-4e50-b1fd-e91b6a93d74d@group-F775CA5912AC:t14, leader=null, voted=a5e79c22-a35f-4e50-b1fd-e91b6a93d74d, raftlog=a5e79c22-a35f-4e50-b1fd-e91b6a93d74d@group-F775CA5912AC-SegmentedRaftLog:OPENED:c-1,f-1,i0, conf=-1: [a5e79c22-a35f-4e50-b1fd-e91b6a93d74d:192.168.157.251:45177, daae7813-f814-475d-9647-a302a5541e36:192.168.157.251:45025, 1e4e1375-1b66-460f-8c99-4c341545a119:192.168.157.251:42113], old=null
2019-10-17 18:50:45,680 [a5e79c22-a35f-4e50-b1fd-e91b6a93d74d@group-F775CA5912AC-LeaderElection39] INFO  impl.RaftServerImpl (RaftServerImpl.java:setRole(184)) - a5e79c22-a35f-4e50-b1fd-e91b6a93d74d@group-F775CA5912AC: changes role from CANDIDATE to FOLLOWER at term 14 for DISCOVERED_A_NEW_TERM
2019-10-17 18:50:45,680 [a5e79c22-a35f-4e50-b1fd-e91b6a93d74d@group-F775CA5912AC-LeaderElection39] INFO  impl.RoleInfo (RoleInfo.java:shutdownLeaderElection(134)) - a5e79c22-a35f-4e50-b1fd-e91b6a93d74d: shutdown LeaderElection
2019-10-17 18:50:45,680 [a5e79c22-a35f-4e50-b1fd-e91b6a93d74d@group-F775CA5912AC-LeaderElection39] INFO  impl.RoleInfo (RoleInfo.java:updateAndGet(143)) - a5e79c22-a35f-4e50-b1fd-e91b6a93d74d: start FollowerState
2019-10-17 18:50:45,681 [grpc-default-executor-2] INFO  impl.RaftServerImpl (RaftServerImpl.java:setRole(184)) - b8f04e38-0663-4b1f-8efd-f76585c6e86c@group-5F52F902B742: changes role from  FOLLOWER to FOLLOWER at term 15 for recognizeCandidate:abcd8826-c056-4817-bd0f-7af19a46d814
2019-10-17 18:50:45,681 [grpc-default-executor-6] INFO  impl.RaftServerImpl (RaftServerImpl.java:setRole(184)) - 73297ffa-40cb-4e3e-b33e-1bc2c1da60f5@group-5F52F902B742: changes role from  FOLLOWER to FOLLOWER at term 15 for recognizeCandidate:abcd8826-c056-4817-bd0f-7af19a46d814
2019-10-17 18:50:45,681 [grpc-default-executor-2] INFO  impl.RoleInfo (RoleInfo.java:shutdownFollowerState(121)) - b8f04e38-0663-4b1f-8efd-f76585c6e86c: shutdown FollowerState
2019-10-17 18:50:45,681 [grpc-default-executor-6] INFO  impl.RoleInfo (RoleInfo.java:shutdownFollowerState(121)) - 73297ffa-40cb-4e3e-b33e-1bc2c1da60f5: shutdown FollowerState
2019-10-17 18:50:45,682 [Thread-590] INFO  impl.FollowerState (FollowerState.java:run(117)) - b8f04e38-0663-4b1f-8efd-f76585c6e86c@group-5F52F902B742-FollowerState was interrupted: java.lang.InterruptedException: sleep interrupted
2019-10-17 18:50:45,682 [grpc-default-executor-6] INFO  impl.RoleInfo (RoleInfo.java:updateAndGet(143)) - 73297ffa-40cb-4e3e-b33e-1bc2c1da60f5: start FollowerState
2019-10-17 18:50:45,682 [grpc-default-executor-2] INFO  impl.RoleInfo (RoleInfo.java:updateAndGet(143)) - b8f04e38-0663-4b1f-8efd-f76585c6e86c: start FollowerState
2019-10-17 18:50:45,682 [Thread-589] INFO  impl.FollowerState (FollowerState.java:run(117)) - 73297ffa-40cb-4e3e-b33e-1bc2c1da60f5@group-5F52F902B742-FollowerState was interrupted: java.lang.InterruptedException: sleep interrupted
2019-10-17 18:50:45,717 [abcd8826-c056-4817-bd0f-7af19a46d814@group-5F52F902B742-LeaderElection40] INFO  impl.LeaderElection (LeaderElection.java:logAndReturn(56)) - abcd8826-c056-4817-bd0f-7af19a46d814@group-5F52F902B742-LeaderElection40: Election REJECTED; received 2 response(s) [abcd8826-c056-4817-bd0f-7af19a46d814<-b8f04e38-0663-4b1f-8efd-f76585c6e86c#0:FAIL-t15, abcd8826-c056-4817-bd0f-7af19a46d814<-73297ffa-40cb-4e3e-b33e-1bc2c1da60f5#0:FAIL-t15] and 0 exception(s); abcd8826-c056-4817-bd0f-7af19a46d814@group-5F52F902B742:t15, leader=null, voted=abcd8826-c056-4817-bd0f-7af19a46d814, raftlog=abcd8826-c056-4817-bd0f-7af19a46d814@group-5F52F902B742-SegmentedRaftLog:OPENED:c-1,f-1,i0, conf=-1: [b8f04e38-0663-4b1f-8efd-f76585c6e86c:192.168.157.251:35700, abcd8826-c056-4817-bd0f-7af19a46d814:192.168.157.251:46496, 73297ffa-40cb-4e3e-b33e-1bc2c1da60f5:192.168.157.251:32952], old=null
2019-10-17 18:50:45,717 [abcd8826-c056-4817-bd0f-7af19a46d814@group-5F52F902B742-LeaderElection40] INFO  impl.RaftServerImpl (RaftServerImpl.java:setRole(184)) - abcd8826-c056-4817-bd0f-7af19a46d814@group-5F52F902B742: changes role from CANDIDATE to FOLLOWER at term 15 for DISCOVERED_A_NEW_TERM
2019-10-17 18:50:45,717 [abcd8826-c056-4817-bd0f-7af19a46d814@group-5F52F902B742-LeaderElection40] INFO  impl.RoleInfo (RoleInfo.java:shutdownLeaderElection(134)) - abcd8826-c056-4817-bd0f-7af19a46d814: shutdown LeaderElection
2019-10-17 18:50:45,718 [abcd8826-c056-4817-bd0f-7af19a46d814@group-5F52F902B742-LeaderElection40] INFO  impl.RoleInfo (RoleInfo.java:updateAndGet(143)) - abcd8826-c056-4817-bd0f-7af19a46d814: start FollowerState
2019-10-17 18:50:45,729 [Thread-607] INFO  impl.FollowerState (FollowerState.java:run(108)) - a5e79c22-a35f-4e50-b1fd-e91b6a93d74d@group-F775CA5912AC-FollowerState: change to CANDIDATE, lastRpcTime:48ms, electionTimeout:48ms
2019-10-17 18:50:45,729 [Thread-607] INFO  impl.RoleInfo (RoleInfo.java:shutdownFollowerState(121)) - a5e79c22-a35f-4e50-b1fd-e91b6a93d74d: shutdown FollowerState
2019-10-17 18:50:45,729 [Thread-607] INFO  impl.RaftServerImpl (RaftServerImpl.java:setRole(184)) - a5e79c22-a35f-4e50-b1fd-e91b6a93d74d@group-F775CA5912AC: changes role from  FOLLOWER to CANDIDATE at term 14 for changeToCandidate
2019-10-17 18:50:45,729 [Thread-607] INFO  impl.RoleInfo (RoleInfo.java:updateAndGet(143)) - a5e79c22-a35f-4e50-b1fd-e91b6a93d74d: start LeaderElection
2019-10-17 18:50:45,743 [a5e79c22-a35f-4e50-b1fd-e91b6a93d74d@group-F775CA5912AC-LeaderElection41] INFO  impl.LeaderElection (LeaderElection.java:askForVotes(178)) - a5e79c22-a35f-4e50-b1fd-e91b6a93d74d@group-F775CA5912AC-LeaderElection41: begin an election at term 15 for -1: [a5e79c22-a35f-4e50-b1fd-e91b6a93d74d:192.168.157.251:45177, daae7813-f814-475d-9647-a302a5541e36:192.168.157.251:45025, 1e4e1375-1b66-460f-8c99-4c341545a119:192.168.157.251:42113], old=null
2019-10-17 18:50:45,746 [grpc-default-executor-6] INFO  impl.RaftServerImpl (RaftServerImpl.java:setRole(184)) - daae7813-f814-475d-9647-a302a5541e36@group-F775CA5912AC: changes role from  FOLLOWER to FOLLOWER at term 15 for recognizeCandidate:a5e79c22-a35f-4e50-b1fd-e91b6a93d74d
2019-10-17 18:50:45,746 [grpc-default-executor-6] INFO  impl.RoleInfo (RoleInfo.java:shutdownFollowerState(121)) - daae7813-f814-475d-9647-a302a5541e36: shutdown FollowerState
2019-10-17 18:50:45,746 [grpc-default-executor-6] INFO  impl.RoleInfo (RoleInfo.java:updateAndGet(143)) - daae7813-f814-475d-9647-a302a5541e36: start FollowerState
2019-10-17 18:50:45,746 [Thread-603] INFO  impl.FollowerState (FollowerState.java:run(117)) - daae7813-f814-475d-9647-a302a5541e36@group-F775CA5912AC-FollowerState was interrupted: java.lang.InterruptedException: sleep interrupted
2019-10-17 18:50:45,746 [grpc-default-executor-2] INFO  impl.RaftServerImpl (RaftServerImpl.java:setRole(184)) - 1e4e1375-1b66-460f-8c99-4c341545a119@group-F775CA5912AC: changes role from  FOLLOWER to FOLLOWER at term 15 for recognizeCandidate:a5e79c22-a35f-4e50-b1fd-e91b6a93d74d
2019-10-17 18:50:45,747 [grpc-default-executor-2] INFO  impl.RoleInfo (RoleInfo.java:shutdownFollowerState(121)) - 1e4e1375-1b66-460f-8c99-4c341545a119: shutdown FollowerState
2019-10-17 18:50:45,747 [Thread-602] INFO  impl.FollowerState (FollowerState.java:run(117)) - 1e4e1375-1b66-460f-8c99-4c341545a119@group-F775CA5912AC-FollowerState was interrupted: java.lang.InterruptedException: sleep interrupted
2019-10-17 18:50:45,747 [grpc-default-executor-2] INFO  impl.RoleInfo (RoleInfo.java:updateAndGet(143)) - 1e4e1375-1b66-460f-8c99-4c341545a119: start FollowerState
2019-10-17 18:50:45,758 [Thread-610] INFO  impl.FollowerState (FollowerState.java:run(108)) - abcd8826-c056-4817-bd0f-7af19a46d814@group-5F52F902B742-FollowerState: change to CANDIDATE, lastRpcTime:40ms, electionTimeout:40ms
2019-10-17 18:50:45,758 [Thread-610] INFO  impl.RoleInfo (RoleInfo.java:shutdownFollowerState(121)) - abcd8826-c056-4817-bd0f-7af19a46d814: shutdown FollowerState
2019-10-17 18:50:45,759 [Thread-610] INFO  impl.RaftServerImpl (RaftServerImpl.java:setRole(184)) - abcd8826-c056-4817-bd0f-7af19a46d814@group-5F52F902B742: changes role from  FOLLOWER to CANDIDATE at term 15 for changeToCandidate
2019-10-17 18:50:45,759 [Thread-610] INFO  impl.RoleInfo (RoleInfo.java:updateAndGet(143)) - abcd8826-c056-4817-bd0f-7af19a46d814: start LeaderElection
2019-10-17 18:50:45,765 [abcd8826-c056-4817-bd0f-7af19a46d814@group-5F52F902B742-LeaderElection42] INFO  impl.LeaderElection (LeaderElection.java:askForVotes(178)) - abcd8826-c056-4817-bd0f-7af19a46d814@group-5F52F902B742-LeaderElection42: begin an election at term 16 for -1: [b8f04e38-0663-4b1f-8efd-f76585c6e86c:192.168.157.251:35700, abcd8826-c056-4817-bd0f-7af19a46d814:192.168.157.251:46496, 73297ffa-40cb-4e3e-b33e-1bc2c1da60f5:192.168.157.251:32952], old=null
2019-10-17 18:50:45,765 [a5e79c22-a35f-4e50-b1fd-e91b6a93d74d@group-F775CA5912AC-LeaderElection41] INFO  impl.LeaderElection (LeaderElection.java:logAndReturn(56)) - a5e79c22-a35f-4e50-b1fd-e91b6a93d74d@group-F775CA5912AC-LeaderElection41: Election REJECTED; received 2 response(s) [a5e79c22-a35f-4e50-b1fd-e91b6a93d74d<-daae7813-f814-475d-9647-a302a5541e36#0:FAIL-t15, a5e79c22-a35f-4e50-b1fd-e91b6a93d74d<-1e4e1375-1b66-460f-8c99-4c341545a119#0:FAIL-t15] and 0 exception(s); a5e79c22-a35f-4e50-b1fd-e91b6a93d74d@group-F775CA5912AC:t15, leader=null, voted=a5e79c22-a35f-4e50-b1fd-e91b6a93d74d, raftlog=a5e79c22-a35f-4e50-b1fd-e91b6a93d74d@group-F775CA5912AC-SegmentedRaftLog:OPENED:c-1,f-1,i0, conf=-1: [a5e79c22-a35f-4e50-b1fd-e91b6a93d74d:192.168.157.251:45177, daae7813-f814-475d-9647-a302a5541e36:192.168.157.251:45025, 1e4e1375-1b66-460f-8c99-4c341545a119:192.168.157.251:42113], old=null
2019-10-17 18:50:45,766 [a5e79c22-a35f-4e50-b1fd-e91b6a93d74d@group-F775CA5912AC-LeaderElection41] INFO  impl.RaftServerImpl (RaftServerImpl.java:setRole(184)) - a5e79c22-a35f-4e50-b1fd-e91b6a93d74d@group-F775CA5912AC: changes role from CANDIDATE to FOLLOWER at term 15 for DISCOVERED_A_NEW_TERM
2019-10-17 18:50:45,766 [a5e79c22-a35f-4e50-b1fd-e91b6a93d74d@group-F775CA5912AC-LeaderElection41] INFO  impl.RoleInfo (RoleInfo.java:shutdownLeaderElection(134)) - a5e79c22-a35f-4e50-b1fd-e91b6a93d74d: shutdown LeaderElection
2019-10-17 18:50:45,766 [a5e79c22-a35f-4e50-b1fd-e91b6a93d74d@group-F775CA5912AC-LeaderElection41] INFO  impl.RoleInfo (RoleInfo.java:updateAndGet(143)) - a5e79c22-a35f-4e50-b1fd-e91b6a93d74d: start FollowerState
2019-10-17 18:50:45,767 [grpc-default-executor-6] INFO  impl.RaftServerImpl (RaftServerImpl.java:setRole(184)) - b8f04e38-0663-4b1f-8efd-f76585c6e86c@group-5F52F902B742: changes role from  FOLLOWER to FOLLOWER at term 16 for recognizeCandidate:abcd8826-c056-4817-bd0f-7af19a46d814
2019-10-17 18:50:45,767 [grpc-default-executor-2] INFO  impl.RaftServerImpl (RaftServerImpl.java:setRole(184)) - 73297ffa-40cb-4e3e-b33e-1bc2c1da60f5@group-5F52F902B742: changes role from  FOLLOWER to FOLLOWER at term 16 for recognizeCandidate:abcd8826-c056-4817-bd0f-7af19a46d814
2019-10-17 18:50:45,767 [grpc-default-executor-6] INFO  impl.RoleInfo (RoleInfo.java:shutdownFollowerState(121)) - b8f04e38-0663-4b1f-8efd-f76585c6e86c: shutdown FollowerState
2019-10-17 18:50:45,768 [grpc-default-executor-2] INFO  impl.RoleInfo (RoleInfo.java:shutdownFollowerState(121)) - 73297ffa-40cb-4e3e-b33e-1bc2c1da60f5: shutdown FollowerState
2019-10-17 18:50:45,768 [grpc-default-executor-6] INFO  impl.RoleInfo (RoleInfo.java:updateAndGet(143)) - b8f04e38-0663-4b1f-8efd-f76585c6e86c: start FollowerState
2019-10-17 18:50:45,768 [Thread-609] INFO  impl.FollowerState (FollowerState.java:run(117)) - 73297ffa-40cb-4e3e-b33e-1bc2c1da60f5@group-5F52F902B742-FollowerState was interrupted: java.lang.InterruptedException: sleep interrupted
2019-10-17 18:50:45,768 [grpc-default-executor-2] INFO  impl.RoleInfo (RoleInfo.java:updateAndGet(143)) - 73297ffa-40cb-4e3e-b33e-1bc2c1da60f5: start FollowerState
2019-10-17 18:50:45,768 [Thread-608] INFO  impl.FollowerState (FollowerState.java:run(117)) - b8f04e38-0663-4b1f-8efd-f76585c6e86c@group-5F52F902B742-FollowerState was interrupted: java.lang.InterruptedException: sleep interrupted
2019-10-17 18:50:45,785 [abcd8826-c056-4817-bd0f-7af19a46d814@group-5F52F902B742-LeaderElection42] INFO  impl.LeaderElection (LeaderElection.java:logAndReturn(56)) - abcd8826-c056-4817-bd0f-7af19a46d814@group-5F52F902B742-LeaderElection42: Election REJECTED; received 2 response(s) [abcd8826-c056-4817-bd0f-7af19a46d814<-b8f04e38-0663-4b1f-8efd-f76585c6e86c#0:FAIL-t16, abcd8826-c056-4817-bd0f-7af19a46d814<-73297ffa-40cb-4e3e-b33e-1bc2c1da60f5#0:FAIL-t16] and 0 exception(s); abcd8826-c056-4817-bd0f-7af19a46d814@group-5F52F902B742:t16, leader=null, voted=abcd8826-c056-4817-bd0f-7af19a46d814, raftlog=abcd8826-c056-4817-bd0f-7af19a46d814@group-5F52F902B742-SegmentedRaftLog:OPENED:c-1,f-1,i0, conf=-1: [b8f04e38-0663-4b1f-8efd-f76585c6e86c:192.168.157.251:35700, abcd8826-c056-4817-bd0f-7af19a46d814:192.168.157.251:46496, 73297ffa-40cb-4e3e-b33e-1bc2c1da60f5:192.168.157.251:32952], old=null
2019-10-17 18:50:45,785 [abcd8826-c056-4817-bd0f-7af19a46d814@group-5F52F902B742-LeaderElection42] INFO  impl.RaftServerImpl (RaftServerImpl.java:setRole(184)) - abcd8826-c056-4817-bd0f-7af19a46d814@group-5F52F902B742: changes role from CANDIDATE to FOLLOWER at term 16 for DISCOVERED_A_NEW_TERM
2019-10-17 18:50:45,785 [abcd8826-c056-4817-bd0f-7af19a46d814@group-5F52F902B742-LeaderElection42] INFO  impl.RoleInfo (RoleInfo.java:shutdownLeaderElection(134)) - abcd8826-c056-4817-bd0f-7af19a46d814: shutdown LeaderElection
2019-10-17 18:50:45,785 [abcd8826-c056-4817-bd0f-7af19a46d814@group-5F52F902B742-LeaderElection42] INFO  impl.RoleInfo (RoleInfo.java:updateAndGet(143)) - abcd8826-c056-4817-bd0f-7af19a46d814: start FollowerState
2019-10-17 18:50:45,795 [Thread-622] INFO  impl.FollowerState (FollowerState.java:run(108)) - abcd8826-c056-4817-bd0f-7af19a46d814@group-5F52F902B742-FollowerState: change to CANDIDATE, lastRpcTime:10ms, electionTimeout:10ms
2019-10-17 18:50:45,796 [Thread-622] INFO  impl.RoleInfo (RoleInfo.java:shutdownFollowerState(121)) - abcd8826-c056-4817-bd0f-7af19a46d814: shutdown FollowerState
2019-10-17 18:50:45,796 [Thread-622] INFO  impl.RaftServerImpl (RaftServerImpl.java:setRole(184)) - abcd8826-c056-4817-bd0f-7af19a46d814@group-5F52F902B742: changes role from  FOLLOWER to CANDIDATE at term 16 for changeToCandidate
2019-10-17 18:50:45,796 [Thread-622] INFO  impl.RoleInfo (RoleInfo.java:updateAndGet(143)) - abcd8826-c056-4817-bd0f-7af19a46d814: start LeaderElection
2019-10-17 18:50:45,809 [abcd8826-c056-4817-bd0f-7af19a46d814@group-5F52F902B742-LeaderElection43] INFO  impl.LeaderElection (LeaderElection.java:askForVotes(178)) - abcd8826-c056-4817-bd0f-7af19a46d814@group-5F52F902B742-LeaderElection43: begin an election at term 17 for -1: [b8f04e38-0663-4b1f-8efd-f76585c6e86c:192.168.157.251:35700, abcd8826-c056-4817-bd0f-7af19a46d814:192.168.157.251:46496, 73297ffa-40cb-4e3e-b33e-1bc2c1da60f5:192.168.157.251:32952], old=null
2019-10-17 18:50:45,811 [grpc-default-executor-6] INFO  impl.RaftServerImpl (RaftServerImpl.java:setRole(184)) - b8f04e38-0663-4b1f-8efd-f76585c6e86c@group-5F52F902B742: changes role from  FOLLOWER to FOLLOWER at term 17 for recognizeCandidate:abcd8826-c056-4817-bd0f-7af19a46d814
2019-10-17 18:50:45,811 [grpc-default-executor-2] INFO  impl.RaftServerImpl (RaftServerImpl.java:setRole(184)) - 73297ffa-40cb-4e3e-b33e-1bc2c1da60f5@group-5F52F902B742: changes role from  FOLLOWER to FOLLOWER at term 17 for recognizeCandidate:abcd8826-c056-4817-bd0f-7af19a46d814
2019-10-17 18:50:45,812 [grpc-default-executor-6] INFO  impl.RoleInfo (RoleInfo.java:shutdownFollowerState(121)) - b8f04e38-0663-4b1f-8efd-f76585c6e86c: shutdown FollowerState
2019-10-17 18:50:45,812 [grpc-default-executor-2] INFO  impl.RoleInfo (RoleInfo.java:shutdownFollowerState(121)) - 73297ffa-40cb-4e3e-b33e-1bc2c1da60f5: shutdown FollowerState
2019-10-17 18:50:45,812 [grpc-default-executor-6] INFO  impl.RoleInfo (RoleInfo.java:updateAndGet(143)) - b8f04e38-0663-4b1f-8efd-f76585c6e86c: start FollowerState
2019-10-17 18:50:45,812 [Thread-620] INFO  impl.FollowerState (FollowerState.java:run(117)) - b8f04e38-0663-4b1f-8efd-f76585c6e86c@group-5F52F902B742-FollowerState was interrupted: java.lang.InterruptedException: sleep interrupted
2019-10-17 18:50:45,812 [Thread-621] INFO  impl.FollowerState (FollowerState.java:run(117)) - 73297ffa-40cb-4e3e-b33e-1bc2c1da60f5@group-5F52F902B742-FollowerState was interrupted: java.lang.InterruptedException: sleep interrupted
2019-10-17 18:50:45,812 [grpc-default-executor-2] INFO  impl.RoleInfo (RoleInfo.java:updateAndGet(143)) - 73297ffa-40cb-4e3e-b33e-1bc2c1da60f5: start FollowerState
2019-10-17 18:50:45,829 [abcd8826-c056-4817-bd0f-7af19a46d814@group-5F52F902B742-LeaderElection43] INFO  impl.LeaderElection (LeaderElection.java:logAndReturn(56)) - abcd8826-c056-4817-bd0f-7af19a46d814@group-5F52F902B742-LeaderElection43: Election REJECTED; received 2 response(s) [abcd8826-c056-4817-bd0f-7af19a46d814<-b8f04e38-0663-4b1f-8efd-f76585c6e86c#0:FAIL-t17, abcd8826-c056-4817-bd0f-7af19a46d814<-73297ffa-40cb-4e3e-b33e-1bc2c1da60f5#0:FAIL-t17] and 0 exception(s); abcd8826-c056-4817-bd0f-7af19a46d814@group-5F52F902B742:t17, leader=null, voted=abcd8826-c056-4817-bd0f-7af19a46d814, raftlog=abcd8826-c056-4817-bd0f-7af19a46d814@group-5F52F902B742-SegmentedRaftLog:OPENED:c-1,f-1,i0, conf=-1: [b8f04e38-0663-4b1f-8efd-f76585c6e86c:192.168.157.251:35700, abcd8826-c056-4817-bd0f-7af19a46d814:192.168.157.251:46496, 73297ffa-40cb-4e3e-b33e-1bc2c1da60f5:192.168.157.251:32952], old=null
2019-10-17 18:50:45,829 [abcd8826-c056-4817-bd0f-7af19a46d814@group-5F52F902B742-LeaderElection43] INFO  impl.RaftServerImpl (RaftServerImpl.java:setRole(184)) - abcd8826-c056-4817-bd0f-7af19a46d814@group-5F52F902B742: changes role from CANDIDATE to FOLLOWER at term 17 for DISCOVERED_A_NEW_TERM
2019-10-17 18:50:45,829 [abcd8826-c056-4817-bd0f-7af19a46d814@group-5F52F902B742-LeaderElection43] INFO  impl.RoleInfo (RoleInfo.java:shutdownLeaderElection(134)) - abcd8826-c056-4817-bd0f-7af19a46d814: shutdown LeaderElection
2019-10-17 18:50:45,829 [abcd8826-c056-4817-bd0f-7af19a46d814@group-5F52F902B742-LeaderElection43] INFO  impl.RoleInfo (RoleInfo.java:updateAndGet(143)) - abcd8826-c056-4817-bd0f-7af19a46d814: start FollowerState
2019-10-17 18:50:45,871 [Thread-619] INFO  impl.FollowerState (FollowerState.java:run(108)) - a5e79c22-a35f-4e50-b1fd-e91b6a93d74d@group-F775CA5912AC-FollowerState: change to CANDIDATE, lastRpcTime:104ms, electionTimeout:103ms
2019-10-17 18:50:45,871 [Thread-619] INFO  impl.RoleInfo (RoleInfo.java:shutdownFollowerState(121)) - a5e79c22-a35f-4e50-b1fd-e91b6a93d74d: shutdown FollowerState
2019-10-17 18:50:45,871 [Thread-619] INFO  impl.RaftServerImpl (RaftServerImpl.java:setRole(184)) - a5e79c22-a35f-4e50-b1fd-e91b6a93d74d@group-F775CA5912AC: changes role from  FOLLOWER to CANDIDATE at term 15 for changeToCandidate
2019-10-17 18:50:45,871 [Thread-619] INFO  impl.RoleInfo (RoleInfo.java:updateAndGet(143)) - a5e79c22-a35f-4e50-b1fd-e91b6a93d74d: start LeaderElection
2019-10-17 18:50:45,885 [a5e79c22-a35f-4e50-b1fd-e91b6a93d74d@group-F775CA5912AC-LeaderElection44] INFO  impl.LeaderElection (LeaderElection.java:askForVotes(178)) - a5e79c22-a35f-4e50-b1fd-e91b6a93d74d@group-F775CA5912AC-LeaderElection44: begin an election at term 16 for -1: [a5e79c22-a35f-4e50-b1fd-e91b6a93d74d:192.168.157.251:45177, daae7813-f814-475d-9647-a302a5541e36:192.168.157.251:45025, 1e4e1375-1b66-460f-8c99-4c341545a119:192.168.157.251:42113], old=null
2019-10-17 18:50:45,888 [grpc-default-executor-2] INFO  impl.RaftServerImpl (RaftServerImpl.java:setRole(184)) - 1e4e1375-1b66-460f-8c99-4c341545a119@group-F775CA5912AC: changes role from  FOLLOWER to FOLLOWER at term 16 for recognizeCandidate:a5e79c22-a35f-4e50-b1fd-e91b6a93d74d
2019-10-17 18:50:45,888 [grpc-default-executor-2] INFO  impl.RoleInfo (RoleInfo.java:shutdownFollowerState(121)) - 1e4e1375-1b66-460f-8c99-4c341545a119: shutdown FollowerState
2019-10-17 18:50:45,888 [grpc-default-executor-6] INFO  impl.RaftServerImpl (RaftServerImpl.java:setRole(184)) - daae7813-f814-475d-9647-a302a5541e36@group-F775CA5912AC: changes role from  FOLLOWER to FOLLOWER at term 16 for recognizeCandidate:a5e79c22-a35f-4e50-b1fd-e91b6a93d74d
2019-10-17 18:50:45,888 [grpc-default-executor-2] INFO  impl.RoleInfo (RoleInfo.java:updateAndGet(143)) - 1e4e1375-1b66-460f-8c99-4c341545a119: start FollowerState
2019-10-17 18:50:45,888 [Thread-615] INFO  impl.FollowerState (FollowerState.java:run(117)) - 1e4e1375-1b66-460f-8c99-4c341545a119@group-F775CA5912AC-FollowerState was interrupted: java.lang.InterruptedException: sleep interrupted
2019-10-17 18:50:45,888 [grpc-default-executor-6] INFO  impl.RoleInfo (RoleInfo.java:shutdownFollowerState(121)) - daae7813-f814-475d-9647-a302a5541e36: shutdown FollowerState
2019-10-17 18:50:45,889 [Thread-614] INFO  impl.FollowerState (FollowerState.java:run(117)) - daae7813-f814-475d-9647-a302a5541e36@group-F775CA5912AC-FollowerState was interrupted: java.lang.InterruptedException: sleep interrupted
2019-10-17 18:50:45,889 [grpc-default-executor-6] INFO  impl.RoleInfo (RoleInfo.java:updateAndGet(143)) - daae7813-f814-475d-9647-a302a5541e36: start FollowerState
2019-10-17 18:50:45,903 [a5e79c22-a35f-4e50-b1fd-e91b6a93d74d@group-F775CA5912AC-LeaderElection44] INFO  impl.LeaderElection (LeaderElection.java:logAndReturn(56)) - a5e79c22-a35f-4e50-b1fd-e91b6a93d74d@group-F775CA5912AC-LeaderElection44: Election REJECTED; received 2 response(s) [a5e79c22-a35f-4e50-b1fd-e91b6a93d74d<-daae7813-f814-475d-9647-a302a5541e36#0:FAIL-t16, a5e79c22-a35f-4e50-b1fd-e91b6a93d74d<-1e4e1375-1b66-460f-8c99-4c341545a119#0:FAIL-t16] and 0 exception(s); a5e79c22-a35f-4e50-b1fd-e91b6a93d74d@group-F775CA5912AC:t16, leader=null, voted=a5e79c22-a35f-4e50-b1fd-e91b6a93d74d, raftlog=a5e79c22-a35f-4e50-b1fd-e91b6a93d74d@group-F775CA5912AC-SegmentedRaftLog:OPENED:c-1,f-1,i0, conf=-1: [a5e79c22-a35f-4e50-b1fd-e91b6a93d74d:192.168.157.251:45177, daae7813-f814-475d-9647-a302a5541e36:192.168.157.251:45025, 1e4e1375-1b66-460f-8c99-4c341545a119:192.168.157.251:42113], old=null
2019-10-17 18:50:45,903 [a5e79c22-a35f-4e50-b1fd-e91b6a93d74d@group-F775CA5912AC-LeaderElection44] INFO  impl.RaftServerImpl (RaftServerImpl.java:setRole(184)) - a5e79c22-a35f-4e50-b1fd-e91b6a93d74d@group-F775CA5912AC: changes role from CANDIDATE to FOLLOWER at term 16 for DISCOVERED_A_NEW_TERM
2019-10-17 18:50:45,903 [a5e79c22-a35f-4e50-b1fd-e91b6a93d74d@group-F775CA5912AC-LeaderElection44] INFO  impl.RoleInfo (RoleInfo.java:shutdownLeaderElection(134)) - a5e79c22-a35f-4e50-b1fd-e91b6a93d74d: shutdown LeaderElection
2019-10-17 18:50:45,904 [a5e79c22-a35f-4e50-b1fd-e91b6a93d74d@group-F775CA5912AC-LeaderElection44] INFO  impl.RoleInfo (RoleInfo.java:updateAndGet(143)) - a5e79c22-a35f-4e50-b1fd-e91b6a93d74d: start FollowerState
2019-10-17 18:50:45,982 [Thread-630] INFO  impl.FollowerState (FollowerState.java:run(108)) - abcd8826-c056-4817-bd0f-7af19a46d814@group-5F52F902B742-FollowerState: change to CANDIDATE, lastRpcTime:150ms, electionTimeout:150ms
2019-10-17 18:50:45,982 [Thread-630] INFO  impl.RoleInfo (RoleInfo.java:shutdownFollowerState(121)) - abcd8826-c056-4817-bd0f-7af19a46d814: shutdown FollowerState
2019-10-17 18:50:45,982 [Thread-630] INFO  impl.RaftServerImpl (RaftServerImpl.java:setRole(184)) - abcd8826-c056-4817-bd0f-7af19a46d814@group-5F52F902B742: changes role from  FOLLOWER to CANDIDATE at term 17 for changeToCandidate
2019-10-17 18:50:45,982 [Thread-630] INFO  impl.RoleInfo (RoleInfo.java:updateAndGet(143)) - abcd8826-c056-4817-bd0f-7af19a46d814: start LeaderElection
2019-10-17 18:50:45,997 [abcd8826-c056-4817-bd0f-7af19a46d814@group-5F52F902B742-LeaderElection45] INFO  impl.LeaderElection (LeaderElection.java:askForVotes(178)) - abcd8826-c056-4817-bd0f-7af19a46d814@group-5F52F902B742-LeaderElection45: begin an election at term 18 for -1: [b8f04e38-0663-4b1f-8efd-f76585c6e86c:192.168.157.251:35700, abcd8826-c056-4817-bd0f-7af19a46d814:192.168.157.251:46496, 73297ffa-40cb-4e3e-b33e-1bc2c1da60f5:192.168.157.251:32952], old=null
2019-10-17 18:50:46,001 [grpc-default-executor-6] INFO  impl.RaftServerImpl (RaftServerImpl.java:setRole(184)) - b8f04e38-0663-4b1f-8efd-f76585c6e86c@group-5F52F902B742: changes role from  FOLLOWER to FOLLOWER at term 18 for recognizeCandidate:abcd8826-c056-4817-bd0f-7af19a46d814
2019-10-17 18:50:46,001 [grpc-default-executor-2] INFO  impl.RaftServerImpl (RaftServerImpl.java:setRole(184)) - 73297ffa-40cb-4e3e-b33e-1bc2c1da60f5@group-5F52F902B742: changes role from  FOLLOWER to FOLLOWER at term 18 for recognizeCandidate:abcd8826-c056-4817-bd0f-7af19a46d814
2019-10-17 18:50:46,001 [grpc-default-executor-6] INFO  impl.RoleInfo (RoleInfo.java:shutdownFollowerState(121)) - b8f04e38-0663-4b1f-8efd-f76585c6e86c: shutdown FollowerState
2019-10-17 18:50:46,002 [grpc-default-executor-2] INFO  impl.RoleInfo (RoleInfo.java:shutdownFollowerState(121)) - 73297ffa-40cb-4e3e-b33e-1bc2c1da60f5: shutdown FollowerState
2019-10-17 18:50:46,002 [grpc-default-executor-6] INFO  impl.RoleInfo (RoleInfo.java:updateAndGet(143)) - b8f04e38-0663-4b1f-8efd-f76585c6e86c: start FollowerState
2019-10-17 18:50:46,002 [Thread-629] INFO  impl.FollowerState (FollowerState.java:run(117)) - 73297ffa-40cb-4e3e-b33e-1bc2c1da60f5@group-5F52F902B742-FollowerState was interrupted: java.lang.InterruptedException: sleep interrupted
2019-10-17 18:50:46,002 [Thread-628] INFO  impl.FollowerState (FollowerState.java:run(117)) - b8f04e38-0663-4b1f-8efd-f76585c6e86c@group-5F52F902B742-FollowerState was interrupted: java.lang.InterruptedException: sleep interrupted
2019-10-17 18:50:46,002 [grpc-default-executor-2] INFO  impl.RoleInfo (RoleInfo.java:updateAndGet(143)) - 73297ffa-40cb-4e3e-b33e-1bc2c1da60f5: start FollowerState
2019-10-17 18:50:46,018 [abcd8826-c056-4817-bd0f-7af19a46d814@group-5F52F902B742-LeaderElection45] INFO  impl.LeaderElection (LeaderElection.java:logAndReturn(56)) - abcd8826-c056-4817-bd0f-7af19a46d814@group-5F52F902B742-LeaderElection45: Election REJECTED; received 2 response(s) [abcd8826-c056-4817-bd0f-7af19a46d814<-b8f04e38-0663-4b1f-8efd-f76585c6e86c#0:FAIL-t18, abcd8826-c056-4817-bd0f-7af19a46d814<-73297ffa-40cb-4e3e-b33e-1bc2c1da60f5#0:FAIL-t18] and 0 exception(s); abcd8826-c056-4817-bd0f-7af19a46d814@group-5F52F902B742:t18, leader=null, voted=abcd8826-c056-4817-bd0f-7af19a46d814, raftlog=abcd8826-c056-4817-bd0f-7af19a46d814@group-5F52F902B742-SegmentedRaftLog:OPENED:c-1,f-1,i0, conf=-1: [b8f04e38-0663-4b1f-8efd-f76585c6e86c:192.168.157.251:35700, abcd8826-c056-4817-bd0f-7af19a46d814:192.168.157.251:46496, 73297ffa-40cb-4e3e-b33e-1bc2c1da60f5:192.168.157.251:32952], old=null
2019-10-17 18:50:46,018 [abcd8826-c056-4817-bd0f-7af19a46d814@group-5F52F902B742-LeaderElection45] INFO  impl.RaftServerImpl (RaftServerImpl.java:setRole(184)) - abcd8826-c056-4817-bd0f-7af19a46d814@group-5F52F902B742: changes role from CANDIDATE to FOLLOWER at term 18 for DISCOVERED_A_NEW_TERM
2019-10-17 18:50:46,018 [abcd8826-c056-4817-bd0f-7af19a46d814@group-5F52F902B742-LeaderElection45] INFO  impl.RoleInfo (RoleInfo.java:shutdownLeaderElection(134)) - abcd8826-c056-4817-bd0f-7af19a46d814: shutdown LeaderElection
2019-10-17 18:50:46,018 [abcd8826-c056-4817-bd0f-7af19a46d814@group-5F52F902B742-LeaderElection45] INFO  impl.RoleInfo (RoleInfo.java:updateAndGet(143)) - abcd8826-c056-4817-bd0f-7af19a46d814: start FollowerState
2019-10-17 18:50:46,037 [Thread-636] INFO  impl.FollowerState (FollowerState.java:run(108)) - a5e79c22-a35f-4e50-b1fd-e91b6a93d74d@group-F775CA5912AC-FollowerState: change to CANDIDATE, lastRpcTime:133ms, electionTimeout:133ms
2019-10-17 18:50:46,037 [Thread-636] INFO  impl.RoleInfo (RoleInfo.java:shutdownFollowerState(121)) - a5e79c22-a35f-4e50-b1fd-e91b6a93d74d: shutdown FollowerState
2019-10-17 18:50:46,037 [Thread-636] INFO  impl.RaftServerImpl (RaftServerImpl.java:setRole(184)) - a5e79c22-a35f-4e50-b1fd-e91b6a93d74d@group-F775CA5912AC: changes role from  FOLLOWER to CANDIDATE at term 16 for changeToCandidate
2019-10-17 18:50:46,038 [Thread-636] INFO  impl.RoleInfo (RoleInfo.java:updateAndGet(143)) - a5e79c22-a35f-4e50-b1fd-e91b6a93d74d: start LeaderElection
2019-10-17 18:50:46,052 [a5e79c22-a35f-4e50-b1fd-e91b6a93d74d@group-F775CA5912AC-LeaderElection46] INFO  impl.LeaderElection (LeaderElection.java:askForVotes(178)) - a5e79c22-a35f-4e50-b1fd-e91b6a93d74d@group-F775CA5912AC-LeaderElection46: begin an election at term 17 for -1: [a5e79c22-a35f-4e50-b1fd-e91b6a93d74d:192.168.157.251:45177, daae7813-f814-475d-9647-a302a5541e36:192.168.157.251:45025, 1e4e1375-1b66-460f-8c99-4c341545a119:192.168.157.251:42113], old=null
2019-10-17 18:50:46,055 [grpc-default-executor-6] INFO  impl.RaftServerImpl (RaftServerImpl.java:setRole(184)) - daae7813-f814-475d-9647-a302a5541e36@group-F775CA5912AC: changes role from  FOLLOWER to FOLLOWER at term 17 for recognizeCandidate:a5e79c22-a35f-4e50-b1fd-e91b6a93d74d
2019-10-17 18:50:46,055 [grpc-default-executor-6] INFO  impl.RoleInfo (RoleInfo.java:shutdownFollowerState(121)) - daae7813-f814-475d-9647-a302a5541e36: shutdown FollowerState
2019-10-17 18:50:46,055 [grpc-default-executor-2] INFO  impl.RaftServerImpl (RaftServerImpl.java:setRole(184)) - 1e4e1375-1b66-460f-8c99-4c341545a119@group-F775CA5912AC: changes role from  FOLLOWER to FOLLOWER at term 17 for recognizeCandidate:a5e79c22-a35f-4e50-b1fd-e91b6a93d74d
2019-10-17 18:50:46,055 [grpc-default-executor-6] INFO  impl.RoleInfo (RoleInfo.java:updateAndGet(143)) - daae7813-f814-475d-9647-a302a5541e36: start FollowerState
2019-10-17 18:50:46,055 [Thread-635] INFO  impl.FollowerState (FollowerState.java:run(117)) - daae7813-f814-475d-9647-a302a5541e36@group-F775CA5912AC-FollowerState was interrupted: java.lang.InterruptedException: sleep interrupted
2019-10-17 18:50:46,055 [grpc-default-executor-2] INFO  impl.RoleInfo (RoleInfo.java:shutdownFollowerState(121)) - 1e4e1375-1b66-460f-8c99-4c341545a119: shutdown FollowerState
2019-10-17 18:50:46,056 [Thread-634] INFO  impl.FollowerState (FollowerState.java:run(117)) - 1e4e1375-1b66-460f-8c99-4c341545a119@group-F775CA5912AC-FollowerState was interrupted: java.lang.InterruptedException: sleep interrupted
2019-10-17 18:50:46,056 [grpc-default-executor-2] INFO  impl.RoleInfo (RoleInfo.java:updateAndGet(143)) - 1e4e1375-1b66-460f-8c99-4c341545a119: start FollowerState
2019-10-17 18:50:46,075 [a5e79c22-a35f-4e50-b1fd-e91b6a93d74d@group-F775CA5912AC-LeaderElection46] INFO  impl.LeaderElection (LeaderElection.java:logAndReturn(56)) - a5e79c22-a35f-4e50-b1fd-e91b6a93d74d@group-F775CA5912AC-LeaderElection46: Election REJECTED; received 2 response(s) [a5e79c22-a35f-4e50-b1fd-e91b6a93d74d<-daae7813-f814-475d-9647-a302a5541e36#0:FAIL-t17, a5e79c22-a35f-4e50-b1fd-e91b6a93d74d<-1e4e1375-1b66-460f-8c99-4c341545a119#0:FAIL-t17] and 0 exception(s); a5e79c22-a35f-4e50-b1fd-e91b6a93d74d@group-F775CA5912AC:t17, leader=null, voted=a5e79c22-a35f-4e50-b1fd-e91b6a93d74d, raftlog=a5e79c22-a35f-4e50-b1fd-e91b6a93d74d@group-F775CA5912AC-SegmentedRaftLog:OPENED:c-1,f-1,i0, conf=-1: [a5e79c22-a35f-4e50-b1fd-e91b6a93d74d:192.168.157.251:45177, daae7813-f814-475d-9647-a302a5541e36:192.168.157.251:45025, 1e4e1375-1b66-460f-8c99-4c341545a119:192.168.157.251:42113], old=null
2019-10-17 18:50:46,075 [a5e79c22-a35f-4e50-b1fd-e91b6a93d74d@group-F775CA5912AC-LeaderElection46] INFO  impl.RaftServerImpl (RaftServerImpl.java:setRole(184)) - a5e79c22-a35f-4e50-b1fd-e91b6a93d74d@group-F775CA5912AC: changes role from CANDIDATE to FOLLOWER at term 17 for DISCOVERED_A_NEW_TERM
2019-10-17 18:50:46,075 [a5e79c22-a35f-4e50-b1fd-e91b6a93d74d@group-F775CA5912AC-LeaderElection46] INFO  impl.RoleInfo (RoleInfo.java:shutdownLeaderElection(134)) - a5e79c22-a35f-4e50-b1fd-e91b6a93d74d: shutdown LeaderElection
2019-10-17 18:50:46,075 [a5e79c22-a35f-4e50-b1fd-e91b6a93d74d@group-F775CA5912AC-LeaderElection46] INFO  impl.RoleInfo (RoleInfo.java:updateAndGet(143)) - a5e79c22-a35f-4e50-b1fd-e91b6a93d74d: start FollowerState
2019-10-17 18:50:46,134 [Thread-648] INFO  impl.FollowerState (FollowerState.java:run(108)) - a5e79c22-a35f-4e50-b1fd-e91b6a93d74d@group-F775CA5912AC-FollowerState: change to CANDIDATE, lastRpcTime:58ms, electionTimeout:58ms
2019-10-17 18:50:46,134 [Thread-648] INFO  impl.RoleInfo (RoleInfo.java:shutdownFollowerState(121)) - a5e79c22-a35f-4e50-b1fd-e91b6a93d74d: shutdown FollowerState
2019-10-17 18:50:46,134 [Thread-648] INFO  impl.RaftServerImpl (RaftServerImpl.java:setRole(184)) - a5e79c22-a35f-4e50-b1fd-e91b6a93d74d@group-F775CA5912AC: changes role from  FOLLOWER to CANDIDATE at term 17 for changeToCandidate
2019-10-17 18:50:46,135 [Thread-648] INFO  impl.RoleInfo (RoleInfo.java:updateAndGet(143)) - a5e79c22-a35f-4e50-b1fd-e91b6a93d74d: start LeaderElection
2019-10-17 18:50:46,142 [Thread-642] INFO  impl.FollowerState (FollowerState.java:run(108)) - abcd8826-c056-4817-bd0f-7af19a46d814@group-5F52F902B742-FollowerState: change to CANDIDATE, lastRpcTime:124ms, electionTimeout:124ms
2019-10-17 18:50:46,143 [Thread-642] INFO  impl.RoleInfo (RoleInfo.java:shutdownFollowerState(121)) - abcd8826-c056-4817-bd0f-7af19a46d814: shutdown FollowerState
2019-10-17 18:50:46,143 [Thread-642] INFO  impl.RaftServerImpl (RaftServerImpl.java:setRole(184)) - abcd8826-c056-4817-bd0f-7af19a46d814@group-5F52F902B742: changes role from  FOLLOWER to CANDIDATE at term 18 for changeToCandidate
2019-10-17 18:50:46,143 [Thread-642] INFO  impl.RoleInfo (RoleInfo.java:updateAndGet(143)) - abcd8826-c056-4817-bd0f-7af19a46d814: start LeaderElection
2019-10-17 18:50:46,149 [abcd8826-c056-4817-bd0f-7af19a46d814@group-5F52F902B742-LeaderElection48] INFO  impl.LeaderElection (LeaderElection.java:askForVotes(178)) - abcd8826-c056-4817-bd0f-7af19a46d814@group-5F52F902B742-LeaderElection48: begin an election at term 19 for -1: [b8f04e38-0663-4b1f-8efd-f76585c6e86c:192.168.157.251:35700, abcd8826-c056-4817-bd0f-7af19a46d814:192.168.157.251:46496, 73297ffa-40cb-4e3e-b33e-1bc2c1da60f5:192.168.157.251:32952], old=null
2019-10-17 18:50:46,149 [a5e79c22-a35f-4e50-b1fd-e91b6a93d74d@group-F775CA5912AC-LeaderElection47] INFO  impl.LeaderElection (LeaderElection.java:askForVotes(178)) - a5e79c22-a35f-4e50-b1fd-e91b6a93d74d@group-F775CA5912AC-LeaderElection47: begin an election at term 18 for -1: [a5e79c22-a35f-4e50-b1fd-e91b6a93d74d:192.168.157.251:45177, daae7813-f814-475d-9647-a302a5541e36:192.168.157.251:45025, 1e4e1375-1b66-460f-8c99-4c341545a119:192.168.157.251:42113], old=null
2019-10-17 18:50:46,153 [grpc-default-executor-6] INFO  impl.RaftServerImpl (RaftServerImpl.java:setRole(184)) - daae7813-f814-475d-9647-a302a5541e36@group-F775CA5912AC: changes role from  FOLLOWER to FOLLOWER at term 18 for recognizeCandidate:a5e79c22-a35f-4e50-b1fd-e91b6a93d74d
2019-10-17 18:50:46,153 [grpc-default-executor-2] INFO  impl.RaftServerImpl (RaftServerImpl.java:setRole(184)) - b8f04e38-0663-4b1f-8efd-f76585c6e86c@group-5F52F902B742: changes role from  FOLLOWER to FOLLOWER at term 19 for recognizeCandidate:abcd8826-c056-4817-bd0f-7af19a46d814
2019-10-17 18:50:46,153 [grpc-default-executor-2] INFO  impl.RoleInfo (RoleInfo.java:shutdownFollowerState(121)) - b8f04e38-0663-4b1f-8efd-f76585c6e86c: shutdown FollowerState
2019-10-17 18:50:46,153 [grpc-default-executor-0] INFO  impl.RaftServerImpl (RaftServerImpl.java:setRole(184)) - 73297ffa-40cb-4e3e-b33e-1bc2c1da60f5@group-5F52F902B742: changes role from  FOLLOWER to FOLLOWER at term 19 for recognizeCandidate:abcd8826-c056-4817-bd0f-7af19a46d814
2019-10-17 18:50:46,153 [grpc-default-executor-6] INFO  impl.RoleInfo (RoleInfo.java:shutdownFollowerState(121)) - daae7813-f814-475d-9647-a302a5541e36: shutdown FollowerState
2019-10-17 18:50:46,154 [grpc-default-executor-0] INFO  impl.RoleInfo (RoleInfo.java:shutdownFollowerState(121)) - 73297ffa-40cb-4e3e-b33e-1bc2c1da60f5: shutdown FollowerState
2019-10-17 18:50:46,153 [Thread-640] INFO  impl.FollowerState (FollowerState.java:run(117)) - b8f04e38-0663-4b1f-8efd-f76585c6e86c@group-5F52F902B742-FollowerState was interrupted: java.lang.InterruptedException: sleep interrupted
2019-10-17 18:50:46,153 [grpc-default-executor-2] INFO  impl.RoleInfo (RoleInfo.java:updateAndGet(143)) - b8f04e38-0663-4b1f-8efd-f76585c6e86c: start FollowerState
2019-10-17 18:50:46,153 [grpc-default-executor-4] INFO  impl.RaftServerImpl (RaftServerImpl.java:setRole(184)) - 1e4e1375-1b66-460f-8c99-4c341545a119@group-F775CA5912AC: changes role from  FOLLOWER to FOLLOWER at term 18 for recognizeCandidate:a5e79c22-a35f-4e50-b1fd-e91b6a93d74d
2019-10-17 18:50:46,154 [grpc-default-executor-0] INFO  impl.RoleInfo (RoleInfo.java:updateAndGet(143)) - 73297ffa-40cb-4e3e-b33e-1bc2c1da60f5: start FollowerState
2019-10-17 18:50:46,154 [Thread-641] INFO  impl.FollowerState (FollowerState.java:run(117)) - 73297ffa-40cb-4e3e-b33e-1bc2c1da60f5@group-5F52F902B742-FollowerState was interrupted: java.lang.InterruptedException: sleep interrupted
2019-10-17 18:50:46,154 [Thread-646] INFO  impl.FollowerState (FollowerState.java:run(117)) - daae7813-f814-475d-9647-a302a5541e36@group-F775CA5912AC-FollowerState was interrupted: java.lang.InterruptedException: sleep interrupted
2019-10-17 18:50:46,154 [grpc-default-executor-6] INFO  impl.RoleInfo (RoleInfo.java:updateAndGet(143)) - daae7813-f814-475d-9647-a302a5541e36: start FollowerState
2019-10-17 18:50:46,154 [grpc-default-executor-4] INFO  impl.RoleInfo (RoleInfo.java:shutdownFollowerState(121)) - 1e4e1375-1b66-460f-8c99-4c341545a119: shutdown FollowerState
2019-10-17 18:50:46,155 [Thread-647] INFO  impl.FollowerState (FollowerState.java:run(117)) - 1e4e1375-1b66-460f-8c99-4c341545a119@group-F775CA5912AC-FollowerState was interrupted: java.lang.InterruptedException: sleep interrupted
2019-10-17 18:50:46,155 [grpc-default-executor-4] INFO  impl.RoleInfo (RoleInfo.java:updateAndGet(143)) - 1e4e1375-1b66-460f-8c99-4c341545a119: start FollowerState
2019-10-17 18:50:46,170 [a5e79c22-a35f-4e50-b1fd-e91b6a93d74d@group-F775CA5912AC-LeaderElection47] INFO  impl.LeaderElection (LeaderElection.java:logAndReturn(56)) - a5e79c22-a35f-4e50-b1fd-e91b6a93d74d@group-F775CA5912AC-LeaderElection47: Election REJECTED; received 2 response(s) [a5e79c22-a35f-4e50-b1fd-e91b6a93d74d<-daae7813-f814-475d-9647-a302a5541e36#0:FAIL-t18, a5e79c22-a35f-4e50-b1fd-e91b6a93d74d<-1e4e1375-1b66-460f-8c99-4c341545a119#0:FAIL-t18] and 0 exception(s); a5e79c22-a35f-4e50-b1fd-e91b6a93d74d@group-F775CA5912AC:t18, leader=null, voted=a5e79c22-a35f-4e50-b1fd-e91b6a93d74d, raftlog=a5e79c22-a35f-4e50-b1fd-e91b6a93d74d@group-F775CA5912AC-SegmentedRaftLog:OPENED:c-1,f-1,i0, conf=-1: [a5e79c22-a35f-4e50-b1fd-e91b6a93d74d:192.168.157.251:45177, daae7813-f814-475d-9647-a302a5541e36:192.168.157.251:45025, 1e4e1375-1b66-460f-8c99-4c341545a119:192.168.157.251:42113], old=null
2019-10-17 18:50:46,170 [a5e79c22-a35f-4e50-b1fd-e91b6a93d74d@group-F775CA5912AC-LeaderElection47] INFO  impl.RaftServerImpl (RaftServerImpl.java:setRole(184)) - a5e79c22-a35f-4e50-b1fd-e91b6a93d74d@group-F775CA5912AC: changes role from CANDIDATE to FOLLOWER at term 18 for DISCOVERED_A_NEW_TERM
2019-10-17 18:50:46,170 [a5e79c22-a35f-4e50-b1fd-e91b6a93d74d@group-F775CA5912AC-LeaderElection47] INFO  impl.RoleInfo (RoleInfo.java:shutdownLeaderElection(134)) - a5e79c22-a35f-4e50-b1fd-e91b6a93d74d: shutdown LeaderElection
2019-10-17 18:50:46,170 [abcd8826-c056-4817-bd0f-7af19a46d814@group-5F52F902B742-LeaderElection48] INFO  impl.LeaderElection (LeaderElection.java:logAndReturn(56)) - abcd8826-c056-4817-bd0f-7af19a46d814@group-5F52F902B742-LeaderElection48: Election REJECTED; received 2 response(s) [abcd8826-c056-4817-bd0f-7af19a46d814<-b8f04e38-0663-4b1f-8efd-f76585c6e86c#0:FAIL-t19, abcd8826-c056-4817-bd0f-7af19a46d814<-73297ffa-40cb-4e3e-b33e-1bc2c1da60f5#0:FAIL-t19] and 0 exception(s); abcd8826-c056-4817-bd0f-7af19a46d814@group-5F52F902B742:t19, leader=null, voted=abcd8826-c056-4817-bd0f-7af19a46d814, raftlog=abcd8826-c056-4817-bd0f-7af19a46d814@group-5F52F902B742-SegmentedRaftLog:OPENED:c-1,f-1,i0, conf=-1: [b8f04e38-0663-4b1f-8efd-f76585c6e86c:192.168.157.251:35700, abcd8826-c056-4817-bd0f-7af19a46d814:192.168.157.251:46496, 73297ffa-40cb-4e3e-b33e-1bc2c1da60f5:192.168.157.251:32952], old=null
2019-10-17 18:50:46,170 [a5e79c22-a35f-4e50-b1fd-e91b6a93d74d@group-F775CA5912AC-LeaderElection47] INFO  impl.RoleInfo (RoleInfo.java:updateAndGet(143)) - a5e79c22-a35f-4e50-b1fd-e91b6a93d74d: start FollowerState
2019-10-17 18:50:46,170 [abcd8826-c056-4817-bd0f-7af19a46d814@group-5F52F902B742-LeaderElection48] INFO  impl.RaftServerImpl (RaftServerImpl.java:setRole(184)) - abcd8826-c056-4817-bd0f-7af19a46d814@group-5F52F902B742: changes role from CANDIDATE to FOLLOWER at term 19 for DISCOVERED_A_NEW_TERM
2019-10-17 18:50:46,171 [abcd8826-c056-4817-bd0f-7af19a46d814@group-5F52F902B742-LeaderElection48] INFO  impl.RoleInfo (RoleInfo.java:shutdownLeaderElection(134)) - abcd8826-c056-4817-bd0f-7af19a46d814: shutdown LeaderElection
2019-10-17 18:50:46,171 [abcd8826-c056-4817-bd0f-7af19a46d814@group-5F52F902B742-LeaderElection48] INFO  impl.RoleInfo (RoleInfo.java:updateAndGet(143)) - abcd8826-c056-4817-bd0f-7af19a46d814: start FollowerState
2019-10-17 18:50:46,326 [Thread-660] INFO  impl.FollowerState (FollowerState.java:run(108)) - abcd8826-c056-4817-bd0f-7af19a46d814@group-5F52F902B742-FollowerState: change to CANDIDATE, lastRpcTime:155ms, electionTimeout:155ms
2019-10-17 18:50:46,326 [Thread-660] INFO  impl.RoleInfo (RoleInfo.java:shutdownFollowerState(121)) - abcd8826-c056-4817-bd0f-7af19a46d814: shutdown FollowerState
2019-10-17 18:50:46,327 [Thread-660] INFO  impl.RaftServerImpl (RaftServerImpl.java:setRole(184)) - abcd8826-c056-4817-bd0f-7af19a46d814@group-5F52F902B742: changes role from  FOLLOWER to CANDIDATE at term 19 for changeToCandidate
2019-10-17 18:50:46,327 [Thread-660] INFO  impl.RoleInfo (RoleInfo.java:updateAndGet(143)) - abcd8826-c056-4817-bd0f-7af19a46d814: start LeaderElection
2019-10-17 18:50:46,329 [Thread-659] INFO  impl.FollowerState (FollowerState.java:run(108)) - a5e79c22-a35f-4e50-b1fd-e91b6a93d74d@group-F775CA5912AC-FollowerState: change to CANDIDATE, lastRpcTime:158ms, electionTimeout:158ms
2019-10-17 18:50:46,329 [Thread-659] INFO  impl.RoleInfo (RoleInfo.java:shutdownFollowerState(121)) - a5e79c22-a35f-4e50-b1fd-e91b6a93d74d: shutdown FollowerState
2019-10-17 18:50:46,329 [Thread-659] INFO  impl.RaftServerImpl (RaftServerImpl.java:setRole(184)) - a5e79c22-a35f-4e50-b1fd-e91b6a93d74d@group-F775CA5912AC: changes role from  FOLLOWER to CANDIDATE at term 18 for changeToCandidate
2019-10-17 18:50:46,329 [Thread-659] INFO  impl.RoleInfo (RoleInfo.java:updateAndGet(143)) - a5e79c22-a35f-4e50-b1fd-e91b6a93d74d: start LeaderElection
2019-10-17 18:50:46,342 [abcd8826-c056-4817-bd0f-7af19a46d814@group-5F52F902B742-LeaderElection49] INFO  impl.LeaderElection (LeaderElection.java:askForVotes(178)) - abcd8826-c056-4817-bd0f-7af19a46d814@group-5F52F902B742-LeaderElection49: begin an election at term 20 for -1: [b8f04e38-0663-4b1f-8efd-f76585c6e86c:192.168.157.251:35700, abcd8826-c056-4817-bd0f-7af19a46d814:192.168.157.251:46496, 73297ffa-40cb-4e3e-b33e-1bc2c1da60f5:192.168.157.251:32952], old=null
2019-10-17 18:50:46,342 [a5e79c22-a35f-4e50-b1fd-e91b6a93d74d@group-F775CA5912AC-LeaderElection50] INFO  impl.LeaderElection (LeaderElection.java:askForVotes(178)) - a5e79c22-a35f-4e50-b1fd-e91b6a93d74d@group-F775CA5912AC-LeaderElection50: begin an election at term 19 for -1: [a5e79c22-a35f-4e50-b1fd-e91b6a93d74d:192.168.157.251:45177, daae7813-f814-475d-9647-a302a5541e36:192.168.157.251:45025, 1e4e1375-1b66-460f-8c99-4c341545a119:192.168.157.251:42113], old=null
2019-10-17 18:50:46,345 [grpc-default-executor-4] INFO  impl.RaftServerImpl (RaftServerImpl.java:setRole(184)) - 1e4e1375-1b66-460f-8c99-4c341545a119@group-F775CA5912AC: changes role from  FOLLOWER to FOLLOWER at term 19 for recognizeCandidate:a5e79c22-a35f-4e50-b1fd-e91b6a93d74d
2019-10-17 18:50:46,345 [grpc-default-executor-4] INFO  impl.RoleInfo (RoleInfo.java:shutdownFollowerState(121)) - 1e4e1375-1b66-460f-8c99-4c341545a119: shutdown FollowerState
2019-10-17 18:50:46,345 [grpc-default-executor-0] INFO  impl.RaftServerImpl (RaftServerImpl.java:setRole(184)) - b8f04e38-0663-4b1f-8efd-f76585c6e86c@group-5F52F902B742: changes role from  FOLLOWER to FOLLOWER at term 20 for recognizeCandidate:abcd8826-c056-4817-bd0f-7af19a46d814
2019-10-17 18:50:46,345 [Thread-658] INFO  impl.FollowerState (FollowerState.java:run(117)) - 1e4e1375-1b66-460f-8c99-4c341545a119@group-F775CA5912AC-FollowerState was interrupted: java.lang.InterruptedException: sleep interrupted
2019-10-17 18:50:46,345 [grpc-default-executor-4] INFO  impl.RoleInfo (RoleInfo.java:updateAndGet(143)) - 1e4e1375-1b66-460f-8c99-4c341545a119: start FollowerState
2019-10-17 18:50:46,345 [grpc-default-executor-6] INFO  impl.RaftServerImpl (RaftServerImpl.java:setRole(184)) - 73297ffa-40cb-4e3e-b33e-1bc2c1da60f5@group-5F52F902B742: changes role from  FOLLOWER to FOLLOWER at term 20 for recognizeCandidate:abcd8826-c056-4817-bd0f-7af19a46d814
2019-10-17 18:50:46,345 [grpc-default-executor-2] INFO  impl.RaftServerImpl (RaftServerImpl.java:setRole(184)) - daae7813-f814-475d-9647-a302a5541e36@group-F775CA5912AC: changes role from  FOLLOWER to FOLLOWER at term 19 for recognizeCandidate:a5e79c22-a35f-4e50-b1fd-e91b6a93d74d
2019-10-17 18:50:46,346 [grpc-default-executor-6] INFO  impl.RoleInfo (RoleInfo.java:shutdownFollowerState(121)) - 73297ffa-40cb-4e3e-b33e-1bc2c1da60f5: shutdown FollowerState
2019-10-17 18:50:46,346 [grpc-default-executor-0] INFO  impl.RoleInfo (RoleInfo.java:shutdownFollowerState(121)) - b8f04e38-0663-4b1f-8efd-f76585c6e86c: shutdown FollowerState
2019-10-17 18:50:46,347 [grpc-default-executor-6] INFO  impl.RoleInfo (RoleInfo.java:updateAndGet(143)) - 73297ffa-40cb-4e3e-b33e-1bc2c1da60f5: start FollowerState
2019-10-17 18:50:46,346 [Thread-657] INFO  impl.FollowerState (FollowerState.java:run(117)) - 73297ffa-40cb-4e3e-b33e-1bc2c1da60f5@group-5F52F902B742-FollowerState was interrupted: java.lang.InterruptedException: sleep interrupted
2019-10-17 18:50:46,346 [grpc-default-executor-2] INFO  impl.RoleInfo (RoleInfo.java:shutdownFollowerState(121)) - daae7813-f814-475d-9647-a302a5541e36: shutdown FollowerState
2019-10-17 18:50:46,347 [grpc-default-executor-0] INFO  impl.RoleInfo (RoleInfo.java:updateAndGet(143)) - b8f04e38-0663-4b1f-8efd-f76585c6e86c: start FollowerState
2019-10-17 18:50:46,347 [Thread-655] INFO  impl.FollowerState (FollowerState.java:run(117)) - b8f04e38-0663-4b1f-8efd-f76585c6e86c@group-5F52F902B742-FollowerState was interrupted: java.lang.InterruptedException: sleep interrupted
2019-10-17 18:50:46,347 [grpc-default-executor-2] INFO  impl.RoleInfo (RoleInfo.java:updateAndGet(143)) - daae7813-f814-475d-9647-a302a5541e36: start FollowerState
2019-10-17 18:50:46,347 [Thread-656] INFO  impl.FollowerState (FollowerState.java:run(117)) - daae7813-f814-475d-9647-a302a5541e36@group-F775CA5912AC-FollowerState was interrupted: java.lang.InterruptedException: sleep interrupted
2019-10-17 18:50:46,365 [abcd8826-c056-4817-bd0f-7af19a46d814@group-5F52F902B742-LeaderElection49] INFO  impl.LeaderElection (LeaderElection.java:logAndReturn(56)) - abcd8826-c056-4817-bd0f-7af19a46d814@group-5F52F902B742-LeaderElection49: Election REJECTED; received 2 response(s) [abcd8826-c056-4817-bd0f-7af19a46d814<-b8f04e38-0663-4b1f-8efd-f76585c6e86c#0:FAIL-t20, abcd8826-c056-4817-bd0f-7af19a46d814<-73297ffa-40cb-4e3e-b33e-1bc2c1da60f5#0:FAIL-t20] and 0 exception(s); abcd8826-c056-4817-bd0f-7af19a46d814@group-5F52F902B742:t20, leader=null, voted=abcd8826-c056-4817-bd0f-7af19a46d814, raftlog=abcd8826-c056-4817-bd0f-7af19a46d814@group-5F52F902B742-SegmentedRaftLog:OPENED:c-1,f-1,i0, conf=-1: [b8f04e38-0663-4b1f-8efd-f76585c6e86c:192.168.157.251:35700, abcd8826-c056-4817-bd0f-7af19a46d814:192.168.157.251:46496, 73297ffa-40cb-4e3e-b33e-1bc2c1da60f5:192.168.157.251:32952], old=null
2019-10-17 18:50:46,365 [abcd8826-c056-4817-bd0f-7af19a46d814@group-5F52F902B742-LeaderElection49] INFO  impl.RaftServerImpl (RaftServerImpl.java:setRole(184)) - abcd8826-c056-4817-bd0f-7af19a46d814@group-5F52F902B742: changes role from CANDIDATE to FOLLOWER at term 20 for DISCOVERED_A_NEW_TERM
2019-10-17 18:50:46,365 [a5e79c22-a35f-4e50-b1fd-e91b6a93d74d@group-F775CA5912AC-LeaderElection50] INFO  impl.LeaderElection (LeaderElection.java:logAndReturn(56)) - a5e79c22-a35f-4e50-b1fd-e91b6a93d74d@group-F775CA5912AC-LeaderElection50: Election REJECTED; received 2 response(s) [a5e79c22-a35f-4e50-b1fd-e91b6a93d74d<-daae7813-f814-475d-9647-a302a5541e36#0:FAIL-t19, a5e79c22-a35f-4e50-b1fd-e91b6a93d74d<-1e4e1375-1b66-460f-8c99-4c341545a119#0:FAIL-t19] and 0 exception(s); a5e79c22-a35f-4e50-b1fd-e91b6a93d74d@group-F775CA5912AC:t19, leader=null, voted=a5e79c22-a35f-4e50-b1fd-e91b6a93d74d, raftlog=a5e79c22-a35f-4e50-b1fd-e91b6a93d74d@group-F775CA5912AC-SegmentedRaftLog:OPENED:c-1,f-1,i0, conf=-1: [a5e79c22-a35f-4e50-b1fd-e91b6a93d74d:192.168.157.251:45177, daae7813-f814-475d-9647-a302a5541e36:192.168.157.251:45025, 1e4e1375-1b66-460f-8c99-4c341545a119:192.168.157.251:42113], old=null
2019-10-17 18:50:46,365 [abcd8826-c056-4817-bd0f-7af19a46d814@group-5F52F902B742-LeaderElection49] INFO  impl.RoleInfo (RoleInfo.java:shutdownLeaderElection(134)) - abcd8826-c056-4817-bd0f-7af19a46d814: shutdown LeaderElection
2019-10-17 18:50:46,365 [a5e79c22-a35f-4e50-b1fd-e91b6a93d74d@group-F775CA5912AC-LeaderElection50] INFO  impl.RaftServerImpl (RaftServerImpl.java:setRole(184)) - a5e79c22-a35f-4e50-b1fd-e91b6a93d74d@group-F775CA5912AC: changes role from CANDIDATE to FOLLOWER at term 19 for DISCOVERED_A_NEW_TERM
2019-10-17 18:50:46,365 [a5e79c22-a35f-4e50-b1fd-e91b6a93d74d@group-F775CA5912AC-LeaderElection50] INFO  impl.RoleInfo (RoleInfo.java:shutdownLeaderElection(134)) - a5e79c22-a35f-4e50-b1fd-e91b6a93d74d: shutdown LeaderElection
2019-10-17 18:50:46,365 [abcd8826-c056-4817-bd0f-7af19a46d814@group-5F52F902B742-LeaderElection49] INFO  impl.RoleInfo (RoleInfo.java:updateAndGet(143)) - abcd8826-c056-4817-bd0f-7af19a46d814: start FollowerState
2019-10-17 18:50:46,365 [a5e79c22-a35f-4e50-b1fd-e91b6a93d74d@group-F775CA5912AC-LeaderElection50] INFO  impl.RoleInfo (RoleInfo.java:updateAndGet(143)) - a5e79c22-a35f-4e50-b1fd-e91b6a93d74d: start FollowerState
2019-10-17 18:50:46,430 [Thread-674] INFO  impl.FollowerState (FollowerState.java:run(108)) - a5e79c22-a35f-4e50-b1fd-e91b6a93d74d@group-F775CA5912AC-FollowerState: change to CANDIDATE, lastRpcTime:64ms, electionTimeout:64ms
2019-10-17 18:50:46,430 [Thread-674] INFO  impl.RoleInfo (RoleInfo.java:shutdownFollowerState(121)) - a5e79c22-a35f-4e50-b1fd-e91b6a93d74d: shutdown FollowerState
2019-10-17 18:50:46,430 [Thread-674] INFO  impl.RaftServerImpl (RaftServerImpl.java:setRole(184)) - a5e79c22-a35f-4e50-b1fd-e91b6a93d74d@group-F775CA5912AC: changes role from  FOLLOWER to CANDIDATE at term 19 for changeToCandidate
2019-10-17 18:50:46,431 [Thread-674] INFO  impl.RoleInfo (RoleInfo.java:updateAndGet(143)) - a5e79c22-a35f-4e50-b1fd-e91b6a93d74d: start LeaderElection
2019-10-17 18:50:46,445 [a5e79c22-a35f-4e50-b1fd-e91b6a93d74d@group-F775CA5912AC-LeaderElection51] INFO  impl.LeaderElection (LeaderElection.java:askForVotes(178)) - a5e79c22-a35f-4e50-b1fd-e91b6a93d74d@group-F775CA5912AC-LeaderElection51: begin an election at term 20 for -1: [a5e79c22-a35f-4e50-b1fd-e91b6a93d74d:192.168.157.251:45177, daae7813-f814-475d-9647-a302a5541e36:192.168.157.251:45025, 1e4e1375-1b66-460f-8c99-4c341545a119:192.168.157.251:42113], old=null
2019-10-17 18:50:46,448 [grpc-default-executor-4] INFO  impl.RaftServerImpl (RaftServerImpl.java:setRole(184)) - 1e4e1375-1b66-460f-8c99-4c341545a119@group-F775CA5912AC: changes role from  FOLLOWER to FOLLOWER at term 20 for recognizeCandidate:a5e79c22-a35f-4e50-b1fd-e91b6a93d74d
2019-10-17 18:50:46,448 [grpc-default-executor-6] INFO  impl.RaftServerImpl (RaftServerImpl.java:setRole(184)) - daae7813-f814-475d-9647-a302a5541e36@group-F775CA5912AC: changes role from  FOLLOWER to FOLLOWER at term 20 for recognizeCandidate:a5e79c22-a35f-4e50-b1fd-e91b6a93d74d
2019-10-17 18:50:46,448 [grpc-default-executor-4] INFO  impl.RoleInfo (RoleInfo.java:shutdownFollowerState(121)) - 1e4e1375-1b66-460f-8c99-4c341545a119: shutdown FollowerState
2019-10-17 18:50:46,448 [grpc-default-executor-6] INFO  impl.RoleInfo (RoleInfo.java:shutdownFollowerState(121)) - daae7813-f814-475d-9647-a302a5541e36: shutdown FollowerState
2019-10-17 18:50:46,448 [grpc-default-executor-4] INFO  impl.RoleInfo (RoleInfo.java:updateAndGet(143)) - 1e4e1375-1b66-460f-8c99-4c341545a119: start FollowerState
2019-10-17 18:50:46,448 [Thread-669] INFO  impl.FollowerState (FollowerState.java:run(117)) - 1e4e1375-1b66-460f-8c99-4c341545a119@group-F775CA5912AC-FollowerState was interrupted: java.lang.InterruptedException: sleep interrupted
2019-10-17 18:50:46,449 [Thread-672] INFO  impl.FollowerState (FollowerState.java:run(117)) - daae7813-f814-475d-9647-a302a5541e36@group-F775CA5912AC-FollowerState was interrupted: java.lang.InterruptedException: sleep interrupted
2019-10-17 18:50:46,449 [grpc-default-executor-6] INFO  impl.RoleInfo (RoleInfo.java:updateAndGet(143)) - daae7813-f814-475d-9647-a302a5541e36: start FollowerState
2019-10-17 18:50:46,464 [a5e79c22-a35f-4e50-b1fd-e91b6a93d74d@group-F775CA5912AC-LeaderElection51] INFO  impl.LeaderElection (LeaderElection.java:logAndReturn(56)) - a5e79c22-a35f-4e50-b1fd-e91b6a93d74d@group-F775CA5912AC-LeaderElection51: Election REJECTED; received 2 response(s) [a5e79c22-a35f-4e50-b1fd-e91b6a93d74d<-daae7813-f814-475d-9647-a302a5541e36#0:FAIL-t20, a5e79c22-a35f-4e50-b1fd-e91b6a93d74d<-1e4e1375-1b66-460f-8c99-4c341545a119#0:FAIL-t20] and 0 exception(s); a5e79c22-a35f-4e50-b1fd-e91b6a93d74d@group-F775CA5912AC:t20, leader=null, voted=a5e79c22-a35f-4e50-b1fd-e91b6a93d74d, raftlog=a5e79c22-a35f-4e50-b1fd-e91b6a93d74d@group-F775CA5912AC-SegmentedRaftLog:OPENED:c-1,f-1,i0, conf=-1: [a5e79c22-a35f-4e50-b1fd-e91b6a93d74d:192.168.157.251:45177, daae7813-f814-475d-9647-a302a5541e36:192.168.157.251:45025, 1e4e1375-1b66-460f-8c99-4c341545a119:192.168.157.251:42113], old=null
2019-10-17 18:50:46,464 [a5e79c22-a35f-4e50-b1fd-e91b6a93d74d@group-F775CA5912AC-LeaderElection51] INFO  impl.RaftServerImpl (RaftServerImpl.java:setRole(184)) - a5e79c22-a35f-4e50-b1fd-e91b6a93d74d@group-F775CA5912AC: changes role from CANDIDATE to FOLLOWER at term 20 for DISCOVERED_A_NEW_TERM
2019-10-17 18:50:46,464 [a5e79c22-a35f-4e50-b1fd-e91b6a93d74d@group-F775CA5912AC-LeaderElection51] INFO  impl.RoleInfo (RoleInfo.java:shutdownLeaderElection(134)) - a5e79c22-a35f-4e50-b1fd-e91b6a93d74d: shutdown LeaderElection
2019-10-17 18:50:46,464 [a5e79c22-a35f-4e50-b1fd-e91b6a93d74d@group-F775CA5912AC-LeaderElection51] INFO  impl.RoleInfo (RoleInfo.java:updateAndGet(143)) - a5e79c22-a35f-4e50-b1fd-e91b6a93d74d: start FollowerState
2019-10-17 18:50:46,469 [Thread-673] INFO  impl.FollowerState (FollowerState.java:run(108)) - abcd8826-c056-4817-bd0f-7af19a46d814@group-5F52F902B742-FollowerState: change to CANDIDATE, lastRpcTime:103ms, electionTimeout:103ms
2019-10-17 18:50:46,469 [Thread-673] INFO  impl.RoleInfo (RoleInfo.java:shutdownFollowerState(121)) - abcd8826-c056-4817-bd0f-7af19a46d814: shutdown FollowerState
2019-10-17 18:50:46,469 [Thread-673] INFO  impl.RaftServerImpl (RaftServerImpl.java:setRole(184)) - abcd8826-c056-4817-bd0f-7af19a46d814@group-5F52F902B742: changes role from  FOLLOWER to CANDIDATE at term 20 for changeToCandidate
2019-10-17 18:50:46,469 [Thread-673] INFO  impl.RoleInfo (RoleInfo.java:updateAndGet(143)) - abcd8826-c056-4817-bd0f-7af19a46d814: start LeaderElection
2019-10-17 18:50:46,483 [abcd8826-c056-4817-bd0f-7af19a46d814@group-5F52F902B742-LeaderElection52] INFO  impl.LeaderElection (LeaderElection.java:askForVotes(178)) - abcd8826-c056-4817-bd0f-7af19a46d814@group-5F52F902B742-LeaderElection52: begin an election at term 21 for -1: [b8f04e38-0663-4b1f-8efd-f76585c6e86c:192.168.157.251:35700, abcd8826-c056-4817-bd0f-7af19a46d814:192.168.157.251:46496, 73297ffa-40cb-4e3e-b33e-1bc2c1da60f5:192.168.157.251:32952], old=null
2019-10-17 18:50:46,485 [grpc-default-executor-6] INFO  impl.RaftServerImpl (RaftServerImpl.java:setRole(184)) - b8f04e38-0663-4b1f-8efd-f76585c6e86c@group-5F52F902B742: changes role from  FOLLOWER to FOLLOWER at term 21 for recognizeCandidate:abcd8826-c056-4817-bd0f-7af19a46d814
2019-10-17 18:50:46,485 [grpc-default-executor-4] INFO  impl.RaftServerImpl (RaftServerImpl.java:setRole(184)) - 73297ffa-40cb-4e3e-b33e-1bc2c1da60f5@group-5F52F902B742: changes role from  FOLLOWER to FOLLOWER at term 21 for recognizeCandidate:abcd8826-c056-4817-bd0f-7af19a46d814
2019-10-17 18:50:46,486 [grpc-default-executor-6] INFO  impl.RoleInfo (RoleInfo.java:shutdownFollowerState(121)) - b8f04e38-0663-4b1f-8efd-f76585c6e86c: shutdown FollowerState
2019-10-17 18:50:46,486 [grpc-default-executor-4] INFO  impl.RoleInfo (RoleInfo.java:shutdownFollowerState(121)) - 73297ffa-40cb-4e3e-b33e-1bc2c1da60f5: shutdown FollowerState
2019-10-17 18:50:46,486 [grpc-default-executor-6] INFO  impl.RoleInfo (RoleInfo.java:updateAndGet(143)) - b8f04e38-0663-4b1f-8efd-f76585c6e86c: start FollowerState
2019-10-17 18:50:46,486 [Thread-671] INFO  impl.FollowerState (FollowerState.java:run(117)) - b8f04e38-0663-4b1f-8efd-f76585c6e86c@group-5F52F902B742-FollowerState was interrupted: java.lang.InterruptedException: sleep interrupted
2019-10-17 18:50:46,486 [grpc-default-executor-4] INFO  impl.RoleInfo (RoleInfo.java:updateAndGet(143)) - 73297ffa-40cb-4e3e-b33e-1bc2c1da60f5: start FollowerState
2019-10-17 18:50:46,486 [Thread-670] INFO  impl.FollowerState (FollowerState.java:run(117)) - 73297ffa-40cb-4e3e-b33e-1bc2c1da60f5@group-5F52F902B742-FollowerState was interrupted: java.lang.InterruptedException: sleep interrupted
2019-10-17 18:50:46,514 [abcd8826-c056-4817-bd0f-7af19a46d814@group-5F52F902B742-LeaderElection52] INFO  impl.LeaderElection (LeaderElection.java:logAndReturn(56)) - abcd8826-c056-4817-bd0f-7af19a46d814@group-5F52F902B742-LeaderElection52: Election REJECTED; received 2 response(s) [abcd8826-c056-4817-bd0f-7af19a46d814<-b8f04e38-0663-4b1f-8efd-f76585c6e86c#0:FAIL-t21, abcd8826-c056-4817-bd0f-7af19a46d814<-73297ffa-40cb-4e3e-b33e-1bc2c1da60f5#0:FAIL-t21] and 0 exception(s); abcd8826-c056-4817-bd0f-7af19a46d814@group-5F52F902B742:t21, leader=null, voted=abcd8826-c056-4817-bd0f-7af19a46d814, raftlog=abcd8826-c056-4817-bd0f-7af19a46d814@group-5F52F902B742-SegmentedRaftLog:OPENED:c-1,f-1,i0, conf=-1: [b8f04e38-0663-4b1f-8efd-f76585c6e86c:192.168.157.251:35700, abcd8826-c056-4817-bd0f-7af19a46d814:192.168.157.251:46496, 73297ffa-40cb-4e3e-b33e-1bc2c1da60f5:192.168.157.251:32952], old=null
2019-10-17 18:50:46,514 [abcd8826-c056-4817-bd0f-7af19a46d814@group-5F52F902B742-LeaderElection52] INFO  impl.RaftServerImpl (RaftServerImpl.java:setRole(184)) - abcd8826-c056-4817-bd0f-7af19a46d814@group-5F52F902B742: changes role from CANDIDATE to FOLLOWER at term 21 for DISCOVERED_A_NEW_TERM
2019-10-17 18:50:46,514 [abcd8826-c056-4817-bd0f-7af19a46d814@group-5F52F902B742-LeaderElection52] INFO  impl.RoleInfo (RoleInfo.java:shutdownLeaderElection(134)) - abcd8826-c056-4817-bd0f-7af19a46d814: shutdown LeaderElection
2019-10-17 18:50:46,514 [abcd8826-c056-4817-bd0f-7af19a46d814@group-5F52F902B742-LeaderElection52] INFO  impl.RoleInfo (RoleInfo.java:updateAndGet(143)) - abcd8826-c056-4817-bd0f-7af19a46d814: start FollowerState
2019-10-17 18:50:46,608 [Thread-680] INFO  impl.FollowerState (FollowerState.java:run(108)) - a5e79c22-a35f-4e50-b1fd-e91b6a93d74d@group-F775CA5912AC-FollowerState: change to CANDIDATE, lastRpcTime:143ms, electionTimeout:143ms
2019-10-17 18:50:46,608 [Thread-680] INFO  impl.RoleInfo (RoleInfo.java:shutdownFollowerState(121)) - a5e79c22-a35f-4e50-b1fd-e91b6a93d74d: shutdown FollowerState
2019-10-17 18:50:46,608 [Thread-680] INFO  impl.RaftServerImpl (RaftServerImpl.java:setRole(184)) - a5e79c22-a35f-4e50-b1fd-e91b6a93d74d@group-F775CA5912AC: changes role from  FOLLOWER to CANDIDATE at term 20 for changeToCandidate
2019-10-17 18:50:46,608 [Thread-680] INFO  impl.RoleInfo (RoleInfo.java:updateAndGet(143)) - a5e79c22-a35f-4e50-b1fd-e91b6a93d74d: start LeaderElection
2019-10-17 18:50:46,623 [a5e79c22-a35f-4e50-b1fd-e91b6a93d74d@group-F775CA5912AC-LeaderElection53] INFO  impl.LeaderElection (LeaderElection.java:askForVotes(178)) - a5e79c22-a35f-4e50-b1fd-e91b6a93d74d@group-F775CA5912AC-LeaderElection53: begin an election at term 21 for -1: [a5e79c22-a35f-4e50-b1fd-e91b6a93d74d:192.168.157.251:45177, daae7813-f814-475d-9647-a302a5541e36:192.168.157.251:45025, 1e4e1375-1b66-460f-8c99-4c341545a119:192.168.157.251:42113], old=null
2019-10-17 18:50:46,626 [grpc-default-executor-4] INFO  impl.RaftServerImpl (RaftServerImpl.java:setRole(184)) - daae7813-f814-475d-9647-a302a5541e36@group-F775CA5912AC: changes role from  FOLLOWER to FOLLOWER at term 21 for recognizeCandidate:a5e79c22-a35f-4e50-b1fd-e91b6a93d74d
2019-10-17 18:50:46,626 [grpc-default-executor-6] INFO  impl.RaftServerImpl (RaftServerImpl.java:setRole(184)) - 1e4e1375-1b66-460f-8c99-4c341545a119@group-F775CA5912AC: changes role from  FOLLOWER to FOLLOWER at term 21 for recognizeCandidate:a5e79c22-a35f-4e50-b1fd-e91b6a93d74d
2019-10-17 18:50:46,626 [grpc-default-executor-4] INFO  impl.RoleInfo (RoleInfo.java:shutdownFollowerState(121)) - daae7813-f814-475d-9647-a302a5541e36: shutdown FollowerState
2019-10-17 18:50:46,626 [grpc-default-executor-6] INFO  impl.RoleInfo (RoleInfo.java:shutdownFollowerState(121)) - 1e4e1375-1b66-460f-8c99-4c341545a119: shutdown FollowerState
2019-10-17 18:50:46,626 [Thread-679] INFO  impl.FollowerState (FollowerState.java:run(117)) - daae7813-f814-475d-9647-a302a5541e36@group-F775CA5912AC-FollowerState was interrupted: java.lang.InterruptedException: sleep interrupted
2019-10-17 18:50:46,627 [Thread-678] INFO  impl.FollowerState (FollowerState.java:run(117)) - 1e4e1375-1b66-460f-8c99-4c341545a119@group-F775CA5912AC-FollowerState was interrupted: java.lang.InterruptedException: sleep interrupted
2019-10-17 18:50:46,626 [grpc-default-executor-4] INFO  impl.RoleInfo (RoleInfo.java:updateAndGet(143)) - daae7813-f814-475d-9647-a302a5541e36: start FollowerState
2019-10-17 18:50:46,627 [grpc-default-executor-6] INFO  impl.RoleInfo (RoleInfo.java:updateAndGet(143)) - 1e4e1375-1b66-460f-8c99-4c341545a119: start FollowerState
2019-10-17 18:50:46,646 [a5e79c22-a35f-4e50-b1fd-e91b6a93d74d@group-F775CA5912AC-LeaderElection53] INFO  impl.LeaderElection (LeaderElection.java:logAndReturn(56)) - a5e79c22-a35f-4e50-b1fd-e91b6a93d74d@group-F775CA5912AC-LeaderElection53: Election REJECTED; received 2 response(s) [a5e79c22-a35f-4e50-b1fd-e91b6a93d74d<-daae7813-f814-475d-9647-a302a5541e36#0:FAIL-t21, a5e79c22-a35f-4e50-b1fd-e91b6a93d74d<-1e4e1375-1b66-460f-8c99-4c341545a119#0:FAIL-t21] and 0 exception(s); a5e79c22-a35f-4e50-b1fd-e91b6a93d74d@group-F775CA5912AC:t21, leader=null, voted=a5e79c22-a35f-4e50-b1fd-e91b6a93d74d, raftlog=a5e79c22-a35f-4e50-b1fd-e91b6a93d74d@group-F775CA5912AC-SegmentedRaftLog:OPENED:c-1,f-1,i0, conf=-1: [a5e79c22-a35f-4e50-b1fd-e91b6a93d74d:192.168.157.251:45177, daae7813-f814-475d-9647-a302a5541e36:192.168.157.251:45025, 1e4e1375-1b66-460f-8c99-4c341545a119:192.168.157.251:42113], old=null
2019-10-17 18:50:46,646 [a5e79c22-a35f-4e50-b1fd-e91b6a93d74d@group-F775CA5912AC-LeaderElection53] INFO  impl.RaftServerImpl (RaftServerImpl.java:setRole(184)) - a5e79c22-a35f-4e50-b1fd-e91b6a93d74d@group-F775CA5912AC: changes role from CANDIDATE to FOLLOWER at term 21 for DISCOVERED_A_NEW_TERM
2019-10-17 18:50:46,646 [a5e79c22-a35f-4e50-b1fd-e91b6a93d74d@group-F775CA5912AC-LeaderElection53] INFO  impl.RoleInfo (RoleInfo.java:shutdownLeaderElection(134)) - a5e79c22-a35f-4e50-b1fd-e91b6a93d74d: shutdown LeaderElection
2019-10-17 18:50:46,646 [a5e79c22-a35f-4e50-b1fd-e91b6a93d74d@group-F775CA5912AC-LeaderElection53] INFO  impl.RoleInfo (RoleInfo.java:updateAndGet(143)) - a5e79c22-a35f-4e50-b1fd-e91b6a93d74d: start FollowerState
2019-10-17 18:50:46,676 [Thread-686] INFO  impl.FollowerState (FollowerState.java:run(108)) - abcd8826-c056-4817-bd0f-7af19a46d814@group-5F52F902B742-FollowerState: change to CANDIDATE, lastRpcTime:162ms, electionTimeout:162ms
2019-10-17 18:50:46,677 [Thread-686] INFO  impl.RoleInfo (RoleInfo.java:shutdownFollowerState(121)) - abcd8826-c056-4817-bd0f-7af19a46d814: shutdown FollowerState
2019-10-17 18:50:46,677 [Thread-686] INFO  impl.RaftServerImpl (RaftServerImpl.java:setRole(184)) - abcd8826-c056-4817-bd0f-7af19a46d814@group-5F52F902B742: changes role from  FOLLOWER to CANDIDATE at term 21 for changeToCandidate
2019-10-17 18:50:46,677 [Thread-686] INFO  impl.RoleInfo (RoleInfo.java:updateAndGet(143)) - abcd8826-c056-4817-bd0f-7af19a46d814: start LeaderElection
2019-10-17 18:50:46,692 [abcd8826-c056-4817-bd0f-7af19a46d814@group-5F52F902B742-LeaderElection54] INFO  impl.LeaderElection (LeaderElection.java:askForVotes(178)) - abcd8826-c056-4817-bd0f-7af19a46d814@group-5F52F902B742-LeaderElection54: begin an election at term 22 for -1: [b8f04e38-0663-4b1f-8efd-f76585c6e86c:192.168.157.251:35700, abcd8826-c056-4817-bd0f-7af19a46d814:192.168.157.251:46496, 73297ffa-40cb-4e3e-b33e-1bc2c1da60f5:192.168.157.251:32952], old=null
2019-10-17 18:50:46,695 [grpc-default-executor-4] INFO  impl.RaftServerImpl (RaftServerImpl.java:setRole(184)) - 73297ffa-40cb-4e3e-b33e-1bc2c1da60f5@group-5F52F902B742: changes role from  FOLLOWER to FOLLOWER at term 22 for recognizeCandidate:abcd8826-c056-4817-bd0f-7af19a46d814
2019-10-17 18:50:46,695 [grpc-default-executor-6] INFO  impl.RaftServerImpl (RaftServerImpl.java:setRole(184)) - b8f04e38-0663-4b1f-8efd-f76585c6e86c@group-5F52F902B742: changes role from  FOLLOWER to FOLLOWER at term 22 for recognizeCandidate:abcd8826-c056-4817-bd0f-7af19a46d814
2019-10-17 18:50:46,695 [grpc-default-executor-4] INFO  impl.RoleInfo (RoleInfo.java:shutdownFollowerState(121)) - 73297ffa-40cb-4e3e-b33e-1bc2c1da60f5: shutdown FollowerState
2019-10-17 18:50:46,695 [grpc-default-executor-6] INFO  impl.RoleInfo (RoleInfo.java:shutdownFollowerState(121)) - b8f04e38-0663-4b1f-8efd-f76585c6e86c: shutdown FollowerState
2019-10-17 18:50:46,696 [grpc-default-executor-4] INFO  impl.RoleInfo (RoleInfo.java:updateAndGet(143)) - 73297ffa-40cb-4e3e-b33e-1bc2c1da60f5: start FollowerState
2019-10-17 18:50:46,696 [Thread-685] INFO  impl.FollowerState (FollowerState.java:run(117)) - 73297ffa-40cb-4e3e-b33e-1bc2c1da60f5@group-5F52F902B742-FollowerState was interrupted: java.lang.InterruptedException: sleep interrupted
2019-10-17 18:50:46,696 [Thread-684] INFO  impl.FollowerState (FollowerState.java:run(117)) - b8f04e38-0663-4b1f-8efd-f76585c6e86c@group-5F52F902B742-FollowerState was interrupted: java.lang.InterruptedException: sleep interrupted
2019-10-17 18:50:46,696 [grpc-default-executor-6] INFO  impl.RoleInfo (RoleInfo.java:updateAndGet(143)) - b8f04e38-0663-4b1f-8efd-f76585c6e86c: start FollowerState
2019-10-17 18:50:46,711 [abcd8826-c056-4817-bd0f-7af19a46d814@group-5F52F902B742-LeaderElection54] INFO  impl.LeaderElection (LeaderElection.java:logAndReturn(56)) - abcd8826-c056-4817-bd0f-7af19a46d814@group-5F52F902B742-LeaderElection54: Election REJECTED; received 2 response(s) [abcd8826-c056-4817-bd0f-7af19a46d814<-b8f04e38-0663-4b1f-8efd-f76585c6e86c#0:FAIL-t22, abcd8826-c056-4817-bd0f-7af19a46d814<-73297ffa-40cb-4e3e-b33e-1bc2c1da60f5#0:FAIL-t22] and 0 exception(s); abcd8826-c056-4817-bd0f-7af19a46d814@group-5F52F902B742:t22, leader=null, voted=abcd8826-c056-4817-bd0f-7af19a46d814, raftlog=abcd8826-c056-4817-bd0f-7af19a46d814@group-5F52F902B742-SegmentedRaftLog:OPENED:c-1,f-1,i0, conf=-1: [b8f04e38-0663-4b1f-8efd-f76585c6e86c:192.168.157.251:35700, abcd8826-c056-4817-bd0f-7af19a46d814:192.168.157.251:46496, 73297ffa-40cb-4e3e-b33e-1bc2c1da60f5:192.168.157.251:32952], old=null
2019-10-17 18:50:46,711 [abcd8826-c056-4817-bd0f-7af19a46d814@group-5F52F902B742-LeaderElection54] INFO  impl.RaftServerImpl (RaftServerImpl.java:setRole(184)) - abcd8826-c056-4817-bd0f-7af19a46d814@group-5F52F902B742: changes role from CANDIDATE to FOLLOWER at term 22 for DISCOVERED_A_NEW_TERM
2019-10-17 18:50:46,711 [abcd8826-c056-4817-bd0f-7af19a46d814@group-5F52F902B742-LeaderElection54] INFO  impl.RoleInfo (RoleInfo.java:shutdownLeaderElection(134)) - abcd8826-c056-4817-bd0f-7af19a46d814: shutdown LeaderElection
2019-10-17 18:50:46,711 [abcd8826-c056-4817-bd0f-7af19a46d814@group-5F52F902B742-LeaderElection54] INFO  impl.RoleInfo (RoleInfo.java:updateAndGet(143)) - abcd8826-c056-4817-bd0f-7af19a46d814: start FollowerState
2019-10-17 18:50:46,809 [Thread-694] INFO  impl.FollowerState (FollowerState.java:run(108)) - a5e79c22-a35f-4e50-b1fd-e91b6a93d74d@group-F775CA5912AC-FollowerState: change to CANDIDATE, lastRpcTime:163ms, electionTimeout:163ms
2019-10-17 18:50:46,810 [Thread-694] INFO  impl.RoleInfo (RoleInfo.java:shutdownFollowerState(121)) - a5e79c22-a35f-4e50-b1fd-e91b6a93d74d: shutdown FollowerState
2019-10-17 18:50:46,810 [Thread-694] INFO  impl.RaftServerImpl (RaftServerImpl.java:setRole(184)) - a5e79c22-a35f-4e50-b1fd-e91b6a93d74d@group-F775CA5912AC: changes role from  FOLLOWER to CANDIDATE at term 21 for changeToCandidate
2019-10-17 18:50:46,810 [Thread-694] INFO  impl.RoleInfo (RoleInfo.java:updateAndGet(143)) - a5e79c22-a35f-4e50-b1fd-e91b6a93d74d: start LeaderElection
2019-10-17 18:50:46,824 [a5e79c22-a35f-4e50-b1fd-e91b6a93d74d@group-F775CA5912AC-LeaderElection55] INFO  impl.LeaderElection (LeaderElection.java:askForVotes(178)) - a5e79c22-a35f-4e50-b1fd-e91b6a93d74d@group-F775CA5912AC-LeaderElection55: begin an election at term 22 for -1: [a5e79c22-a35f-4e50-b1fd-e91b6a93d74d:192.168.157.251:45177, daae7813-f814-475d-9647-a302a5541e36:192.168.157.251:45025, 1e4e1375-1b66-460f-8c99-4c341545a119:192.168.157.251:42113], old=null
2019-10-17 18:50:46,827 [grpc-default-executor-4] INFO  impl.RaftServerImpl (RaftServerImpl.java:setRole(184)) - daae7813-f814-475d-9647-a302a5541e36@group-F775CA5912AC: changes role from  FOLLOWER to FOLLOWER at term 22 for recognizeCandidate:a5e79c22-a35f-4e50-b1fd-e91b6a93d74d
2019-10-17 18:50:46,827 [grpc-default-executor-6] INFO  impl.RaftServerImpl (RaftServerImpl.java:setRole(184)) - 1e4e1375-1b66-460f-8c99-4c341545a119@group-F775CA5912AC: changes role from  FOLLOWER to FOLLOWER at term 22 for recognizeCandidate:a5e79c22-a35f-4e50-b1fd-e91b6a93d74d
2019-10-17 18:50:46,827 [grpc-default-executor-4] INFO  impl.RoleInfo (RoleInfo.java:shutdownFollowerState(121)) - daae7813-f814-475d-9647-a302a5541e36: shutdown FollowerState
2019-10-17 18:50:46,827 [grpc-default-executor-6] INFO  impl.RoleInfo (RoleInfo.java:shutdownFollowerState(121)) - 1e4e1375-1b66-460f-8c99-4c341545a119: shutdown FollowerState
2019-10-17 18:50:46,828 [Thread-692] INFO  impl.FollowerState (FollowerState.java:run(117)) - daae7813-f814-475d-9647-a302a5541e36@group-F775CA5912AC-FollowerState was interrupted: java.lang.InterruptedException: sleep interrupted
2019-10-17 18:50:46,827 [grpc-default-executor-4] INFO  impl.RoleInfo (RoleInfo.java:updateAndGet(143)) - daae7813-f814-475d-9647-a302a5541e36: start FollowerState
2019-10-17 18:50:46,828 [Thread-693] INFO  impl.FollowerState (FollowerState.java:run(117)) - 1e4e1375-1b66-460f-8c99-4c341545a119@group-F775CA5912AC-FollowerState was interrupted: java.lang.InterruptedException: sleep interrupted
2019-10-17 18:50:46,828 [grpc-default-executor-6] INFO  impl.RoleInfo (RoleInfo.java:updateAndGet(143)) - 1e4e1375-1b66-460f-8c99-4c341545a119: start FollowerState
2019-10-17 18:50:46,843 [a5e79c22-a35f-4e50-b1fd-e91b6a93d74d@group-F775CA5912AC-LeaderElection55] INFO  impl.LeaderElection (LeaderElection.java:logAndReturn(56)) - a5e79c22-a35f-4e50-b1fd-e91b6a93d74d@group-F775CA5912AC-LeaderElection55: Election REJECTED; received 2 response(s) [a5e79c22-a35f-4e50-b1fd-e91b6a93d74d<-daae7813-f814-475d-9647-a302a5541e36#0:FAIL-t22, a5e79c22-a35f-4e50-b1fd-e91b6a93d74d<-1e4e1375-1b66-460f-8c99-4c341545a119#0:FAIL-t22] and 0 exception(s); a5e79c22-a35f-4e50-b1fd-e91b6a93d74d@group-F775CA5912AC:t22, leader=null, voted=a5e79c22-a35f-4e50-b1fd-e91b6a93d74d, raftlog=a5e79c22-a35f-4e50-b1fd-e91b6a93d74d@group-F775CA5912AC-SegmentedRaftLog:OPENED:c-1,f-1,i0, conf=-1: [a5e79c22-a35f-4e50-b1fd-e91b6a93d74d:192.168.157.251:45177, daae7813-f814-475d-9647-a302a5541e36:192.168.157.251:45025, 1e4e1375-1b66-460f-8c99-4c341545a119:192.168.157.251:42113], old=null
2019-10-17 18:50:46,843 [a5e79c22-a35f-4e50-b1fd-e91b6a93d74d@group-F775CA5912AC-LeaderElection55] INFO  impl.RaftServerImpl (RaftServerImpl.java:setRole(184)) - a5e79c22-a35f-4e50-b1fd-e91b6a93d74d@group-F775CA5912AC: changes role from CANDIDATE to FOLLOWER at term 22 for DISCOVERED_A_NEW_TERM
2019-10-17 18:50:46,843 [a5e79c22-a35f-4e50-b1fd-e91b6a93d74d@group-F775CA5912AC-LeaderElection55] INFO  impl.RoleInfo (RoleInfo.java:shutdownLeaderElection(134)) - a5e79c22-a35f-4e50-b1fd-e91b6a93d74d: shutdown LeaderElection
2019-10-17 18:50:46,843 [a5e79c22-a35f-4e50-b1fd-e91b6a93d74d@group-F775CA5912AC-LeaderElection55] INFO  impl.RoleInfo (RoleInfo.java:updateAndGet(143)) - a5e79c22-a35f-4e50-b1fd-e91b6a93d74d: start FollowerState
2019-10-17 18:50:46,845 [Thread-708] INFO  impl.FollowerState (FollowerState.java:run(108)) - a5e79c22-a35f-4e50-b1fd-e91b6a93d74d@group-F775CA5912AC-FollowerState: change to CANDIDATE, lastRpcTime:1ms, electionTimeout:1ms
2019-10-17 18:50:46,845 [Thread-708] INFO  impl.RoleInfo (RoleInfo.java:shutdownFollowerState(121)) - a5e79c22-a35f-4e50-b1fd-e91b6a93d74d: shutdown FollowerState
2019-10-17 18:50:46,845 [Thread-708] INFO  impl.RaftServerImpl (RaftServerImpl.java:setRole(184)) - a5e79c22-a35f-4e50-b1fd-e91b6a93d74d@group-F775CA5912AC: changes role from  FOLLOWER to CANDIDATE at term 22 for changeToCandidate
2019-10-17 18:50:46,845 [Thread-708] INFO  impl.RoleInfo (RoleInfo.java:updateAndGet(143)) - a5e79c22-a35f-4e50-b1fd-e91b6a93d74d: start LeaderElection
2019-10-17 18:50:46,859 [a5e79c22-a35f-4e50-b1fd-e91b6a93d74d@group-F775CA5912AC-LeaderElection56] INFO  impl.LeaderElection (LeaderElection.java:askForVotes(178)) - a5e79c22-a35f-4e50-b1fd-e91b6a93d74d@group-F775CA5912AC-LeaderElection56: begin an election at term 23 for -1: [a5e79c22-a35f-4e50-b1fd-e91b6a93d74d:192.168.157.251:45177, daae7813-f814-475d-9647-a302a5541e36:192.168.157.251:45025, 1e4e1375-1b66-460f-8c99-4c341545a119:192.168.157.251:42113], old=null
2019-10-17 18:50:46,861 [grpc-default-executor-6] INFO  impl.RaftServerImpl (RaftServerImpl.java:setRole(184)) - daae7813-f814-475d-9647-a302a5541e36@group-F775CA5912AC: changes role from  FOLLOWER to FOLLOWER at term 23 for recognizeCandidate:a5e79c22-a35f-4e50-b1fd-e91b6a93d74d
2019-10-17 18:50:46,862 [grpc-default-executor-6] INFO  impl.RoleInfo (RoleInfo.java:shutdownFollowerState(121)) - daae7813-f814-475d-9647-a302a5541e36: shutdown FollowerState
2019-10-17 18:50:46,862 [grpc-default-executor-6] INFO  impl.RoleInfo (RoleInfo.java:updateAndGet(143)) - daae7813-f814-475d-9647-a302a5541e36: start FollowerState
2019-10-17 18:50:46,862 [grpc-default-executor-4] INFO  impl.RaftServerImpl (RaftServerImpl.java:setRole(184)) - 1e4e1375-1b66-460f-8c99-4c341545a119@group-F775CA5912AC: changes role from  FOLLOWER to FOLLOWER at term 23 for recognizeCandidate:a5e79c22-a35f-4e50-b1fd-e91b6a93d74d
2019-10-17 18:50:46,862 [Thread-706] INFO  impl.FollowerState (FollowerState.java:run(117)) - daae7813-f814-475d-9647-a302a5541e36@group-F775CA5912AC-FollowerState was interrupted: java.lang.InterruptedException: sleep interrupted
2019-10-17 18:50:46,862 [grpc-default-executor-4] INFO  impl.RoleInfo (RoleInfo.java:shutdownFollowerState(121)) - 1e4e1375-1b66-460f-8c99-4c341545a119: shutdown FollowerState
2019-10-17 18:50:46,863 [Thread-707] INFO  impl.FollowerState (FollowerState.java:run(117)) - 1e4e1375-1b66-460f-8c99-4c341545a119@group-F775CA5912AC-FollowerState was interrupted: java.lang.InterruptedException: sleep interrupted
2019-10-17 18:50:46,863 [grpc-default-executor-4] INFO  impl.RoleInfo (RoleInfo.java:updateAndGet(143)) - 1e4e1375-1b66-460f-8c99-4c341545a119: start FollowerState
2019-10-17 18:50:46,868 [Thread-700] INFO  impl.FollowerState (FollowerState.java:run(108)) - abcd8826-c056-4817-bd0f-7af19a46d814@group-5F52F902B742-FollowerState: change to CANDIDATE, lastRpcTime:156ms, electionTimeout:156ms
2019-10-17 18:50:46,868 [Thread-700] INFO  impl.RoleInfo (RoleInfo.java:shutdownFollowerState(121)) - abcd8826-c056-4817-bd0f-7af19a46d814: shutdown FollowerState
2019-10-17 18:50:46,868 [Thread-700] INFO  impl.RaftServerImpl (RaftServerImpl.java:setRole(184)) - abcd8826-c056-4817-bd0f-7af19a46d814@group-5F52F902B742: changes role from  FOLLOWER to CANDIDATE at term 22 for changeToCandidate
2019-10-17 18:50:46,868 [Thread-700] INFO  impl.RoleInfo (RoleInfo.java:updateAndGet(143)) - abcd8826-c056-4817-bd0f-7af19a46d814: start LeaderElection
2019-10-17 18:50:46,877 [abcd8826-c056-4817-bd0f-7af19a46d814@group-5F52F902B742-LeaderElection57] INFO  impl.LeaderElection (LeaderElection.java:askForVotes(178)) - abcd8826-c056-4817-bd0f-7af19a46d814@group-5F52F902B742-LeaderElection57: begin an election at term 23 for -1: [b8f04e38-0663-4b1f-8efd-f76585c6e86c:192.168.157.251:35700, abcd8826-c056-4817-bd0f-7af19a46d814:192.168.157.251:46496, 73297ffa-40cb-4e3e-b33e-1bc2c1da60f5:192.168.157.251:32952], old=null
2019-10-17 18:50:46,889 [a5e79c22-a35f-4e50-b1fd-e91b6a93d74d@group-F775CA5912AC-LeaderElection56] INFO  impl.LeaderElection (LeaderElection.java:logAndReturn(56)) - a5e79c22-a35f-4e50-b1fd-e91b6a93d74d@group-F775CA5912AC-LeaderElection56: Election REJECTED; received 2 response(s) [a5e79c22-a35f-4e50-b1fd-e91b6a93d74d<-daae7813-f814-475d-9647-a302a5541e36#0:FAIL-t23, a5e79c22-a35f-4e50-b1fd-e91b6a93d74d<-1e4e1375-1b66-460f-8c99-4c341545a119#0:FAIL-t23] and 0 exception(s); a5e79c22-a35f-4e50-b1fd-e91b6a93d74d@group-F775CA5912AC:t23, leader=null, voted=a5e79c22-a35f-4e50-b1fd-e91b6a93d74d, raftlog=a5e79c22-a35f-4e50-b1fd-e91b6a93d74d@group-F775CA5912AC-SegmentedRaftLog:OPENED:c-1,f-1,i0, conf=-1: [a5e79c22-a35f-4e50-b1fd-e91b6a93d74d:192.168.157.251:45177, daae7813-f814-475d-9647-a302a5541e36:192.168.157.251:45025, 1e4e1375-1b66-460f-8c99-4c341545a119:192.168.157.251:42113], old=null
2019-10-17 18:50:46,890 [a5e79c22-a35f-4e50-b1fd-e91b6a93d74d@group-F775CA5912AC-LeaderElection56] INFO  impl.RaftServerImpl (RaftServerImpl.java:setRole(184)) - a5e79c22-a35f-4e50-b1fd-e91b6a93d74d@group-F775CA5912AC: changes role from CANDIDATE to FOLLOWER at term 23 for DISCOVERED_A_NEW_TERM
2019-10-17 18:50:46,890 [a5e79c22-a35f-4e50-b1fd-e91b6a93d74d@group-F775CA5912AC-LeaderElection56] INFO  impl.RoleInfo (RoleInfo.java:shutdownLeaderElection(134)) - a5e79c22-a35f-4e50-b1fd-e91b6a93d74d: shutdown LeaderElection
2019-10-17 18:50:46,890 [a5e79c22-a35f-4e50-b1fd-e91b6a93d74d@group-F775CA5912AC-LeaderElection56] INFO  impl.RoleInfo (RoleInfo.java:updateAndGet(143)) - a5e79c22-a35f-4e50-b1fd-e91b6a93d74d: start FollowerState
2019-10-17 18:50:46,891 [grpc-default-executor-6] INFO  impl.RaftServerImpl (RaftServerImpl.java:setRole(184)) - b8f04e38-0663-4b1f-8efd-f76585c6e86c@group-5F52F902B742: changes role from  FOLLOWER to FOLLOWER at term 23 for recognizeCandidate:abcd8826-c056-4817-bd0f-7af19a46d814
2019-10-17 18:50:46,891 [grpc-default-executor-6] INFO  impl.RoleInfo (RoleInfo.java:shutdownFollowerState(121)) - b8f04e38-0663-4b1f-8efd-f76585c6e86c: shutdown FollowerState
2019-10-17 18:50:46,891 [grpc-default-executor-4] INFO  impl.RaftServerImpl (RaftServerImpl.java:setRole(184)) - 73297ffa-40cb-4e3e-b33e-1bc2c1da60f5@group-5F52F902B742: changes role from  FOLLOWER to FOLLOWER at term 23 for recognizeCandidate:abcd8826-c056-4817-bd0f-7af19a46d814
2019-10-17 18:50:46,891 [Thread-699] INFO  impl.FollowerState (FollowerState.java:run(117)) - b8f04e38-0663-4b1f-8efd-f76585c6e86c@group-5F52F902B742-FollowerState was interrupted: java.lang.InterruptedException: sleep interrupted
2019-10-17 18:50:46,891 [grpc-default-executor-6] INFO  impl.RoleInfo (RoleInfo.java:updateAndGet(143)) - b8f04e38-0663-4b1f-8efd-f76585c6e86c: start FollowerState
2019-10-17 18:50:46,891 [grpc-default-executor-4] INFO  impl.RoleInfo (RoleInfo.java:shutdownFollowerState(121)) - 73297ffa-40cb-4e3e-b33e-1bc2c1da60f5: shutdown FollowerState
2019-10-17 18:50:46,892 [Thread-698] INFO  impl.FollowerState (FollowerState.java:run(117)) - 73297ffa-40cb-4e3e-b33e-1bc2c1da60f5@group-5F52F902B742-FollowerState was interrupted: java.lang.InterruptedException: sleep interrupted
2019-10-17 18:50:46,892 [grpc-default-executor-4] INFO  impl.RoleInfo (RoleInfo.java:updateAndGet(143)) - 73297ffa-40cb-4e3e-b33e-1bc2c1da60f5: start FollowerState
2019-10-17 18:50:46,907 [abcd8826-c056-4817-bd0f-7af19a46d814@group-5F52F902B742-LeaderElection57] INFO  impl.LeaderElection (LeaderElection.java:logAndReturn(56)) - abcd8826-c056-4817-bd0f-7af19a46d814@group-5F52F902B742-LeaderElection57: Election REJECTED; received 2 response(s) [abcd8826-c056-4817-bd0f-7af19a46d814<-b8f04e38-0663-4b1f-8efd-f76585c6e86c#0:FAIL-t23, abcd8826-c056-4817-bd0f-7af19a46d814<-73297ffa-40cb-4e3e-b33e-1bc2c1da60f5#0:FAIL-t23] and 0 exception(s); abcd8826-c056-4817-bd0f-7af19a46d814@group-5F52F902B742:t23, leader=null, voted=abcd8826-c056-4817-bd0f-7af19a46d814, raftlog=abcd8826-c056-4817-bd0f-7af19a46d814@group-5F52F902B742-SegmentedRaftLog:OPENED:c-1,f-1,i0, conf=-1: [b8f04e38-0663-4b1f-8efd-f76585c6e86c:192.168.157.251:35700, abcd8826-c056-4817-bd0f-7af19a46d814:192.168.157.251:46496, 73297ffa-40cb-4e3e-b33e-1bc2c1da60f5:192.168.157.251:32952], old=null
2019-10-17 18:50:46,907 [abcd8826-c056-4817-bd0f-7af19a46d814@group-5F52F902B742-LeaderElection57] INFO  impl.RaftServerImpl (RaftServerImpl.java:setRole(184)) - abcd8826-c056-4817-bd0f-7af19a46d814@group-5F52F902B742: changes role from CANDIDATE to FOLLOWER at term 23 for DISCOVERED_A_NEW_TERM
2019-10-17 18:50:46,907 [abcd8826-c056-4817-bd0f-7af19a46d814@group-5F52F902B742-LeaderElection57] INFO  impl.RoleInfo (RoleInfo.java:shutdownLeaderElection(134)) - abcd8826-c056-4817-bd0f-7af19a46d814: shutdown LeaderElection
2019-10-17 18:50:46,907 [abcd8826-c056-4817-bd0f-7af19a46d814@group-5F52F902B742-LeaderElection57] INFO  impl.RoleInfo (RoleInfo.java:updateAndGet(143)) - abcd8826-c056-4817-bd0f-7af19a46d814: start FollowerState
2019-10-17 18:50:47,008 [Thread-720] INFO  impl.FollowerState (FollowerState.java:run(108)) - abcd8826-c056-4817-bd0f-7af19a46d814@group-5F52F902B742-FollowerState: change to CANDIDATE, lastRpcTime:100ms, electionTimeout:100ms
2019-10-17 18:50:47,008 [Thread-720] INFO  impl.RoleInfo (RoleInfo.java:shutdownFollowerState(121)) - abcd8826-c056-4817-bd0f-7af19a46d814: shutdown FollowerState
2019-10-17 18:50:47,008 [Thread-720] INFO  impl.RaftServerImpl (RaftServerImpl.java:setRole(184)) - abcd8826-c056-4817-bd0f-7af19a46d814@group-5F52F902B742: changes role from  FOLLOWER to CANDIDATE at term 23 for changeToCandidate
2019-10-17 18:50:47,008 [Thread-720] INFO  impl.RoleInfo (RoleInfo.java:updateAndGet(143)) - abcd8826-c056-4817-bd0f-7af19a46d814: start LeaderElection
2019-10-17 18:50:47,022 [abcd8826-c056-4817-bd0f-7af19a46d814@group-5F52F902B742-LeaderElection58] INFO  impl.LeaderElection (LeaderElection.java:askForVotes(178)) - abcd8826-c056-4817-bd0f-7af19a46d814@group-5F52F902B742-LeaderElection58: begin an election at term 24 for -1: [b8f04e38-0663-4b1f-8efd-f76585c6e86c:192.168.157.251:35700, abcd8826-c056-4817-bd0f-7af19a46d814:192.168.157.251:46496, 73297ffa-40cb-4e3e-b33e-1bc2c1da60f5:192.168.157.251:32952], old=null
2019-10-17 18:50:47,025 [grpc-default-executor-6] INFO  impl.RaftServerImpl (RaftServerImpl.java:setRole(184)) - b8f04e38-0663-4b1f-8efd-f76585c6e86c@group-5F52F902B742: changes role from  FOLLOWER to FOLLOWER at term 24 for recognizeCandidate:abcd8826-c056-4817-bd0f-7af19a46d814
2019-10-17 18:50:47,025 [grpc-default-executor-6] INFO  impl.RoleInfo (RoleInfo.java:shutdownFollowerState(121)) - b8f04e38-0663-4b1f-8efd-f76585c6e86c: shutdown FollowerState
2019-10-17 18:50:47,025 [grpc-default-executor-4] INFO  impl.RaftServerImpl (RaftServerImpl.java:setRole(184)) - 73297ffa-40cb-4e3e-b33e-1bc2c1da60f5@group-5F52F902B742: changes role from  FOLLOWER to FOLLOWER at term 24 for recognizeCandidate:abcd8826-c056-4817-bd0f-7af19a46d814
2019-10-17 18:50:47,026 [Thread-718] INFO  impl.FollowerState (FollowerState.java:run(117)) - b8f04e38-0663-4b1f-8efd-f76585c6e86c@group-5F52F902B742-FollowerState was interrupted: java.lang.InterruptedException: sleep interrupted
2019-10-17 18:50:47,026 [grpc-default-executor-6] INFO  impl.RoleInfo (RoleInfo.java:updateAndGet(143)) - b8f04e38-0663-4b1f-8efd-f76585c6e86c: start FollowerState
2019-10-17 18:50:47,026 [grpc-default-executor-4] INFO  impl.RoleInfo (RoleInfo.java:shutdownFollowerState(121)) - 73297ffa-40cb-4e3e-b33e-1bc2c1da60f5: shutdown FollowerState
2019-10-17 18:50:47,026 [Thread-719] INFO  impl.FollowerState (FollowerState.java:run(117)) - 73297ffa-40cb-4e3e-b33e-1bc2c1da60f5@group-5F52F902B742-FollowerState was interrupted: java.lang.InterruptedException: sleep interrupted
2019-10-17 18:50:47,026 [grpc-default-executor-4] INFO  impl.RoleInfo (RoleInfo.java:updateAndGet(143)) - 73297ffa-40cb-4e3e-b33e-1bc2c1da60f5: start FollowerState
2019-10-17 18:50:47,039 [Thread-717] INFO  impl.FollowerState (FollowerState.java:run(108)) - a5e79c22-a35f-4e50-b1fd-e91b6a93d74d@group-F775CA5912AC-FollowerState: change to CANDIDATE, lastRpcTime:149ms, electionTimeout:149ms
2019-10-17 18:50:47,040 [Thread-717] INFO  impl.RoleInfo (RoleInfo.java:shutdownFollowerState(121)) - a5e79c22-a35f-4e50-b1fd-e91b6a93d74d: shutdown FollowerState
2019-10-17 18:50:47,040 [Thread-717] INFO  impl.RaftServerImpl (RaftServerImpl.java:setRole(184)) - a5e79c22-a35f-4e50-b1fd-e91b6a93d74d@group-F775CA5912AC: changes role from  FOLLOWER to CANDIDATE at term 23 for changeToCandidate
2019-10-17 18:50:47,040 [Thread-717] INFO  impl.RoleInfo (RoleInfo.java:updateAndGet(143)) - a5e79c22-a35f-4e50-b1fd-e91b6a93d74d: start LeaderElection
2019-10-17 18:50:47,041 [abcd8826-c056-4817-bd0f-7af19a46d814@group-5F52F902B742-LeaderElection58] INFO  impl.LeaderElection (LeaderElection.java:logAndReturn(56)) - abcd8826-c056-4817-bd0f-7af19a46d814@group-5F52F902B742-LeaderElection58: Election REJECTED; received 2 response(s) [abcd8826-c056-4817-bd0f-7af19a46d814<-b8f04e38-0663-4b1f-8efd-f76585c6e86c#0:FAIL-t24, abcd8826-c056-4817-bd0f-7af19a46d814<-73297ffa-40cb-4e3e-b33e-1bc2c1da60f5#0:FAIL-t24] and 0 exception(s); abcd8826-c056-4817-bd0f-7af19a46d814@group-5F52F902B742:t24, leader=null, voted=abcd8826-c056-4817-bd0f-7af19a46d814, raftlog=abcd8826-c056-4817-bd0f-7af19a46d814@group-5F52F902B742-SegmentedRaftLog:OPENED:c-1,f-1,i0, conf=-1: [b8f04e38-0663-4b1f-8efd-f76585c6e86c:192.168.157.251:35700, abcd8826-c056-4817-bd0f-7af19a46d814:192.168.157.251:46496, 73297ffa-40cb-4e3e-b33e-1bc2c1da60f5:192.168.157.251:32952], old=null
2019-10-17 18:50:47,041 [abcd8826-c056-4817-bd0f-7af19a46d814@group-5F52F902B742-LeaderElection58] INFO  impl.RaftServerImpl (RaftServerImpl.java:setRole(184)) - abcd8826-c056-4817-bd0f-7af19a46d814@group-5F52F902B742: changes role from CANDIDATE to FOLLOWER at term 24 for DISCOVERED_A_NEW_TERM
2019-10-17 18:50:47,041 [abcd8826-c056-4817-bd0f-7af19a46d814@group-5F52F902B742-LeaderElection58] INFO  impl.RoleInfo (RoleInfo.java:shutdownLeaderElection(134)) - abcd8826-c056-4817-bd0f-7af19a46d814: shutdown LeaderElection
2019-10-17 18:50:47,041 [abcd8826-c056-4817-bd0f-7af19a46d814@group-5F52F902B742-LeaderElection58] INFO  impl.RoleInfo (RoleInfo.java:updateAndGet(143)) - abcd8826-c056-4817-bd0f-7af19a46d814: start FollowerState
2019-10-17 18:50:47,059 [a5e79c22-a35f-4e50-b1fd-e91b6a93d74d@group-F775CA5912AC-LeaderElection59] INFO  impl.LeaderElection (LeaderElection.java:askForVotes(178)) - a5e79c22-a35f-4e50-b1fd-e91b6a93d74d@group-F775CA5912AC-LeaderElection59: begin an election at term 24 for -1: [a5e79c22-a35f-4e50-b1fd-e91b6a93d74d:192.168.157.251:45177, daae7813-f814-475d-9647-a302a5541e36:192.168.157.251:45025, 1e4e1375-1b66-460f-8c99-4c341545a119:192.168.157.251:42113], old=null
2019-10-17 18:50:47,062 [grpc-default-executor-4] INFO  impl.RaftServerImpl (RaftServerImpl.java:setRole(184)) - 1e4e1375-1b66-460f-8c99-4c341545a119@group-F775CA5912AC: changes role from  FOLLOWER to FOLLOWER at term 24 for recognizeCandidate:a5e79c22-a35f-4e50-b1fd-e91b6a93d74d
2019-10-17 18:50:47,062 [grpc-default-executor-6] INFO  impl.RaftServerImpl (RaftServerImpl.java:setRole(184)) - daae7813-f814-475d-9647-a302a5541e36@group-F775CA5912AC: changes role from  FOLLOWER to FOLLOWER at term 24 for recognizeCandidate:a5e79c22-a35f-4e50-b1fd-e91b6a93d74d
2019-10-17 18:50:47,062 [grpc-default-executor-4] INFO  impl.RoleInfo (RoleInfo.java:shutdownFollowerState(121)) - 1e4e1375-1b66-460f-8c99-4c341545a119: shutdown FollowerState
2019-10-17 18:50:47,062 [grpc-default-executor-6] INFO  impl.RoleInfo (RoleInfo.java:shutdownFollowerState(121)) - daae7813-f814-475d-9647-a302a5541e36: shutdown FollowerState
2019-10-17 18:50:47,062 [Thread-713] INFO  impl.FollowerState (FollowerState.java:run(117)) - 1e4e1375-1b66-460f-8c99-4c341545a119@group-F775CA5912AC-FollowerState was interrupted: java.lang.InterruptedException: sleep interrupted
2019-10-17 18:50:47,062 [grpc-default-executor-4] INFO  impl.RoleInfo (RoleInfo.java:updateAndGet(143)) - 1e4e1375-1b66-460f-8c99-4c341545a119: start FollowerState
2019-10-17 18:50:47,062 [Thread-712] INFO  impl.FollowerState (FollowerState.java:run(117)) - daae7813-f814-475d-9647-a302a5541e36@group-F775CA5912AC-FollowerState was interrupted: java.lang.InterruptedException: sleep interrupted
2019-10-17 18:50:47,062 [grpc-default-executor-6] INFO  impl.RoleInfo (RoleInfo.java:updateAndGet(143)) - daae7813-f814-475d-9647-a302a5541e36: start FollowerState
2019-10-17 18:50:47,066 [a5e79c22-a35f-4e50-b1fd-e91b6a93d74d@group-F775CA5912AC-LeaderElection59] INFO  impl.LeaderElection (LeaderElection.java:logAndReturn(56)) - a5e79c22-a35f-4e50-b1fd-e91b6a93d74d@group-F775CA5912AC-LeaderElection59: Election TIMEOUT; received 0 response(s) [] and 0 exception(s); a5e79c22-a35f-4e50-b1fd-e91b6a93d74d@group-F775CA5912AC:t24, leader=null, voted=a5e79c22-a35f-4e50-b1fd-e91b6a93d74d, raftlog=a5e79c22-a35f-4e50-b1fd-e91b6a93d74d@group-F775CA5912AC-SegmentedRaftLog:OPENED:c-1,f-1,i0, conf=-1: [a5e79c22-a35f-4e50-b1fd-e91b6a93d74d:192.168.157.251:45177, daae7813-f814-475d-9647-a302a5541e36:192.168.157.251:45025, 1e4e1375-1b66-460f-8c99-4c341545a119:192.168.157.251:42113], old=null
2019-10-17 18:50:47,071 [a5e79c22-a35f-4e50-b1fd-e91b6a93d74d@group-F775CA5912AC-LeaderElection59] INFO  impl.LeaderElection (LeaderElection.java:askForVotes(178)) - a5e79c22-a35f-4e50-b1fd-e91b6a93d74d@group-F775CA5912AC-LeaderElection59: begin an election at term 25 for -1: [a5e79c22-a35f-4e50-b1fd-e91b6a93d74d:192.168.157.251:45177, daae7813-f814-475d-9647-a302a5541e36:192.168.157.251:45025, 1e4e1375-1b66-460f-8c99-4c341545a119:192.168.157.251:42113], old=null
2019-10-17 18:50:47,073 [grpc-default-executor-4] INFO  impl.RaftServerImpl (RaftServerImpl.java:setRole(184)) - 1e4e1375-1b66-460f-8c99-4c341545a119@group-F775CA5912AC: changes role from  FOLLOWER to FOLLOWER at term 25 for recognizeCandidate:a5e79c22-a35f-4e50-b1fd-e91b6a93d74d
2019-10-17 18:50:47,073 [grpc-default-executor-4] INFO  impl.RoleInfo (RoleInfo.java:shutdownFollowerState(121)) - 1e4e1375-1b66-460f-8c99-4c341545a119: shutdown FollowerState
2019-10-17 18:50:47,073 [grpc-default-executor-6] INFO  impl.RaftServerImpl (RaftServerImpl.java:setRole(184)) - daae7813-f814-475d-9647-a302a5541e36@group-F775CA5912AC: changes role from  FOLLOWER to FOLLOWER at term 25 for recognizeCandidate:a5e79c22-a35f-4e50-b1fd-e91b6a93d74d
2019-10-17 18:50:47,073 [grpc-default-executor-6] INFO  impl.RoleInfo (RoleInfo.java:shutdownFollowerState(121)) - daae7813-f814-475d-9647-a302a5541e36: shutdown FollowerState
2019-10-17 18:50:47,073 [Thread-730] INFO  impl.FollowerState (FollowerState.java:run(117)) - 1e4e1375-1b66-460f-8c99-4c341545a119@group-F775CA5912AC-FollowerState was interrupted: java.lang.InterruptedException: sleep interrupted
2019-10-17 18:50:47,073 [grpc-default-executor-4] INFO  impl.RoleInfo (RoleInfo.java:updateAndGet(143)) - 1e4e1375-1b66-460f-8c99-4c341545a119: start FollowerState
2019-10-17 18:50:47,074 [grpc-default-executor-6] INFO  impl.RoleInfo (RoleInfo.java:updateAndGet(143)) - daae7813-f814-475d-9647-a302a5541e36: start FollowerState
2019-10-17 18:50:47,074 [Thread-731] INFO  impl.FollowerState (FollowerState.java:run(117)) - daae7813-f814-475d-9647-a302a5541e36@group-F775CA5912AC-FollowerState was interrupted: java.lang.InterruptedException: sleep interrupted
2019-10-17 18:50:47,092 [a5e79c22-a35f-4e50-b1fd-e91b6a93d74d@group-F775CA5912AC-LeaderElection59] INFO  impl.LeaderElection (LeaderElection.java:logAndReturn(56)) - a5e79c22-a35f-4e50-b1fd-e91b6a93d74d@group-F775CA5912AC-LeaderElection59: Election REJECTED; received 2 response(s) [a5e79c22-a35f-4e50-b1fd-e91b6a93d74d<-daae7813-f814-475d-9647-a302a5541e36#0:FAIL-t25, a5e79c22-a35f-4e50-b1fd-e91b6a93d74d<-1e4e1375-1b66-460f-8c99-4c341545a119#0:FAIL-t25] and 0 exception(s); a5e79c22-a35f-4e50-b1fd-e91b6a93d74d@group-F775CA5912AC:t25, leader=null, voted=a5e79c22-a35f-4e50-b1fd-e91b6a93d74d, raftlog=a5e79c22-a35f-4e50-b1fd-e91b6a93d74d@group-F775CA5912AC-SegmentedRaftLog:OPENED:c-1,f-1,i0, conf=-1: [a5e79c22-a35f-4e50-b1fd-e91b6a93d74d:192.168.157.251:45177, daae7813-f814-475d-9647-a302a5541e36:192.168.157.251:45025, 1e4e1375-1b66-460f-8c99-4c341545a119:192.168.157.251:42113], old=null
2019-10-17 18:50:47,092 [a5e79c22-a35f-4e50-b1fd-e91b6a93d74d@group-F775CA5912AC-LeaderElection59] INFO  impl.RaftServerImpl (RaftServerImpl.java:setRole(184)) - a5e79c22-a35f-4e50-b1fd-e91b6a93d74d@group-F775CA5912AC: changes role from CANDIDATE to FOLLOWER at term 25 for DISCOVERED_A_NEW_TERM
2019-10-17 18:50:47,092 [a5e79c22-a35f-4e50-b1fd-e91b6a93d74d@group-F775CA5912AC-LeaderElection59] INFO  impl.RoleInfo (RoleInfo.java:shutdownLeaderElection(134)) - a5e79c22-a35f-4e50-b1fd-e91b6a93d74d: shutdown LeaderElection
2019-10-17 18:50:47,092 [a5e79c22-a35f-4e50-b1fd-e91b6a93d74d@group-F775CA5912AC-LeaderElection59] INFO  impl.RoleInfo (RoleInfo.java:updateAndGet(143)) - a5e79c22-a35f-4e50-b1fd-e91b6a93d74d: start FollowerState
2019-10-17 18:50:47,098 [Thread-736] INFO  impl.FollowerState (FollowerState.java:run(108)) - a5e79c22-a35f-4e50-b1fd-e91b6a93d74d@group-F775CA5912AC-FollowerState: change to CANDIDATE, lastRpcTime:5ms, electionTimeout:5ms
2019-10-17 18:50:47,098 [Thread-736] INFO  impl.RoleInfo (RoleInfo.java:shutdownFollowerState(121)) - a5e79c22-a35f-4e50-b1fd-e91b6a93d74d: shutdown FollowerState
2019-10-17 18:50:47,098 [Thread-736] INFO  impl.RaftServerImpl (RaftServerImpl.java:setRole(184)) - a5e79c22-a35f-4e50-b1fd-e91b6a93d74d@group-F775CA5912AC: changes role from  FOLLOWER to CANDIDATE at term 25 for changeToCandidate
2019-10-17 18:50:47,098 [Thread-736] INFO  impl.RoleInfo (RoleInfo.java:updateAndGet(143)) - a5e79c22-a35f-4e50-b1fd-e91b6a93d74d: start LeaderElection
2019-10-17 18:50:47,112 [a5e79c22-a35f-4e50-b1fd-e91b6a93d74d@group-F775CA5912AC-LeaderElection60] INFO  impl.LeaderElection (LeaderElection.java:askForVotes(178)) - a5e79c22-a35f-4e50-b1fd-e91b6a93d74d@group-F775CA5912AC-LeaderElection60: begin an election at term 26 for -1: [a5e79c22-a35f-4e50-b1fd-e91b6a93d74d:192.168.157.251:45177, daae7813-f814-475d-9647-a302a5541e36:192.168.157.251:45025, 1e4e1375-1b66-460f-8c99-4c341545a119:192.168.157.251:42113], old=null
2019-10-17 18:50:47,114 [grpc-default-executor-4] INFO  impl.RaftServerImpl (RaftServerImpl.java:setRole(184)) - 1e4e1375-1b66-460f-8c99-4c341545a119@group-F775CA5912AC: changes role from  FOLLOWER to FOLLOWER at term 26 for recognizeCandidate:a5e79c22-a35f-4e50-b1fd-e91b6a93d74d
2019-10-17 18:50:47,114 [grpc-default-executor-4] INFO  impl.RoleInfo (RoleInfo.java:shutdownFollowerState(121)) - 1e4e1375-1b66-460f-8c99-4c341545a119: shutdown FollowerState
2019-10-17 18:50:47,115 [Thread-734] INFO  impl.FollowerState (FollowerState.java:run(117)) - 1e4e1375-1b66-460f-8c99-4c341545a119@group-F775CA5912AC-FollowerState was interrupted: java.lang.InterruptedException: sleep interrupted
2019-10-17 18:50:47,115 [grpc-default-executor-6] INFO  impl.RaftServerImpl (RaftServerImpl.java:setRole(184)) - daae7813-f814-475d-9647-a302a5541e36@group-F775CA5912AC: changes role from  FOLLOWER to FOLLOWER at term 26 for recognizeCandidate:a5e79c22-a35f-4e50-b1fd-e91b6a93d74d
2019-10-17 18:50:47,115 [grpc-default-executor-4] INFO  impl.RoleInfo (RoleInfo.java:updateAndGet(143)) - 1e4e1375-1b66-460f-8c99-4c341545a119: start FollowerState
2019-10-17 18:50:47,115 [grpc-default-executor-6] INFO  impl.RoleInfo (RoleInfo.java:shutdownFollowerState(121)) - daae7813-f814-475d-9647-a302a5541e36: shutdown FollowerState
2019-10-17 18:50:47,115 [Thread-735] INFO  impl.FollowerState (FollowerState.java:run(117)) - daae7813-f814-475d-9647-a302a5541e36@group-F775CA5912AC-FollowerState was interrupted: java.lang.InterruptedException: sleep interrupted
2019-10-17 18:50:47,115 [grpc-default-executor-6] INFO  impl.RoleInfo (RoleInfo.java:updateAndGet(143)) - daae7813-f814-475d-9647-a302a5541e36: start FollowerState
2019-10-17 18:50:47,118 [Thread-727] INFO  impl.FollowerState (FollowerState.java:run(108)) - abcd8826-c056-4817-bd0f-7af19a46d814@group-5F52F902B742-FollowerState: change to CANDIDATE, lastRpcTime:76ms, electionTimeout:76ms
2019-10-17 18:50:47,118 [Thread-727] INFO  impl.RoleInfo (RoleInfo.java:shutdownFollowerState(121)) - abcd8826-c056-4817-bd0f-7af19a46d814: shutdown FollowerState
2019-10-17 18:50:47,118 [Thread-727] INFO  impl.RaftServerImpl (RaftServerImpl.java:setRole(184)) - abcd8826-c056-4817-bd0f-7af19a46d814@group-5F52F902B742: changes role from  FOLLOWER to CANDIDATE at term 24 for changeToCandidate
2019-10-17 18:50:47,118 [Thread-727] INFO  impl.RoleInfo (RoleInfo.java:updateAndGet(143)) - abcd8826-c056-4817-bd0f-7af19a46d814: start LeaderElection
2019-10-17 18:50:47,128 [abcd8826-c056-4817-bd0f-7af19a46d814@group-5F52F902B742-LeaderElection61] INFO  impl.LeaderElection (LeaderElection.java:askForVotes(178)) - abcd8826-c056-4817-bd0f-7af19a46d814@group-5F52F902B742-LeaderElection61: begin an election at term 25 for -1: [b8f04e38-0663-4b1f-8efd-f76585c6e86c:192.168.157.251:35700, abcd8826-c056-4817-bd0f-7af19a46d814:192.168.157.251:46496, 73297ffa-40cb-4e3e-b33e-1bc2c1da60f5:192.168.157.251:32952], old=null
2019-10-17 18:50:47,130 [a5e79c22-a35f-4e50-b1fd-e91b6a93d74d@group-F775CA5912AC-LeaderElection60] INFO  impl.LeaderElection (LeaderElection.java:logAndReturn(56)) - a5e79c22-a35f-4e50-b1fd-e91b6a93d74d@group-F775CA5912AC-LeaderElection60: Election REJECTED; received 2 response(s) [a5e79c22-a35f-4e50-b1fd-e91b6a93d74d<-daae7813-f814-475d-9647-a302a5541e36#0:FAIL-t26, a5e79c22-a35f-4e50-b1fd-e91b6a93d74d<-1e4e1375-1b66-460f-8c99-4c341545a119#0:FAIL-t26] and 0 exception(s); a5e79c22-a35f-4e50-b1fd-e91b6a93d74d@group-F775CA5912AC:t26, leader=null, voted=a5e79c22-a35f-4e50-b1fd-e91b6a93d74d, raftlog=a5e79c22-a35f-4e50-b1fd-e91b6a93d74d@group-F775CA5912AC-SegmentedRaftLog:OPENED:c-1,f-1,i0, conf=-1: [a5e79c22-a35f-4e50-b1fd-e91b6a93d74d:192.168.157.251:45177, daae7813-f814-475d-9647-a302a5541e36:192.168.157.251:45025, 1e4e1375-1b66-460f-8c99-4c341545a119:192.168.157.251:42113], old=null
2019-10-17 18:50:47,130 [a5e79c22-a35f-4e50-b1fd-e91b6a93d74d@group-F775CA5912AC-LeaderElection60] INFO  impl.RaftServerImpl (RaftServerImpl.java:setRole(184)) - a5e79c22-a35f-4e50-b1fd-e91b6a93d74d@group-F775CA5912AC: changes role from CANDIDATE to FOLLOWER at term 26 for DISCOVERED_A_NEW_TERM
2019-10-17 18:50:47,130 [a5e79c22-a35f-4e50-b1fd-e91b6a93d74d@group-F775CA5912AC-LeaderElection60] INFO  impl.RoleInfo (RoleInfo.java:shutdownLeaderElection(134)) - a5e79c22-a35f-4e50-b1fd-e91b6a93d74d: shutdown LeaderElection
2019-10-17 18:50:47,130 [a5e79c22-a35f-4e50-b1fd-e91b6a93d74d@group-F775CA5912AC-LeaderElection60] INFO  impl.RoleInfo (RoleInfo.java:updateAndGet(143)) - a5e79c22-a35f-4e50-b1fd-e91b6a93d74d: start FollowerState
2019-10-17 18:50:47,131 [grpc-default-executor-6] INFO  impl.RaftServerImpl (RaftServerImpl.java:setRole(184)) - b8f04e38-0663-4b1f-8efd-f76585c6e86c@group-5F52F902B742: changes role from  FOLLOWER to FOLLOWER at term 25 for recognizeCandidate:abcd8826-c056-4817-bd0f-7af19a46d814
2019-10-17 18:50:47,131 [grpc-default-executor-6] INFO  impl.RoleInfo (RoleInfo.java:shutdownFollowerState(121)) - b8f04e38-0663-4b1f-8efd-f76585c6e86c: shutdown FollowerState
2019-10-17 18:50:47,131 [Thread-724] INFO  impl.FollowerState (FollowerState.java:run(117)) - b8f04e38-0663-4b1f-8efd-f76585c6e86c@group-5F52F902B742-FollowerState was interrupted: java.lang.InterruptedException: sleep interrupted
2019-10-17 18:50:47,131 [grpc-default-executor-6] INFO  impl.RoleInfo (RoleInfo.java:updateAndGet(143)) - b8f04e38-0663-4b1f-8efd-f76585c6e86c: start FollowerState
2019-10-17 18:50:47,131 [grpc-default-executor-4] INFO  impl.RaftServerImpl (RaftServerImpl.java:setRole(184)) - 73297ffa-40cb-4e3e-b33e-1bc2c1da60f5@group-5F52F902B742: changes role from  FOLLOWER to FOLLOWER at term 25 for recognizeCandidate:abcd8826-c056-4817-bd0f-7af19a46d814
2019-10-17 18:50:47,131 [grpc-default-executor-4] INFO  impl.RoleInfo (RoleInfo.java:shutdownFollowerState(121)) - 73297ffa-40cb-4e3e-b33e-1bc2c1da60f5: shutdown FollowerState
2019-10-17 18:50:47,132 [grpc-default-executor-4] INFO  impl.RoleInfo (RoleInfo.java:updateAndGet(143)) - 73297ffa-40cb-4e3e-b33e-1bc2c1da60f5: start FollowerState
2019-10-17 18:50:47,132 [Thread-725] INFO  impl.FollowerState (FollowerState.java:run(117)) - 73297ffa-40cb-4e3e-b33e-1bc2c1da60f5@group-5F52F902B742-FollowerState was interrupted: java.lang.InterruptedException: sleep interrupted
2019-10-17 18:50:47,146 [abcd8826-c056-4817-bd0f-7af19a46d814@group-5F52F902B742-LeaderElection61] INFO  impl.LeaderElection (LeaderElection.java:logAndReturn(56)) - abcd8826-c056-4817-bd0f-7af19a46d814@group-5F52F902B742-LeaderElection61: Election REJECTED; received 2 response(s) [abcd8826-c056-4817-bd0f-7af19a46d814<-b8f04e38-0663-4b1f-8efd-f76585c6e86c#0:FAIL-t25, abcd8826-c056-4817-bd0f-7af19a46d814<-73297ffa-40cb-4e3e-b33e-1bc2c1da60f5#0:FAIL-t25] and 0 exception(s); abcd8826-c056-4817-bd0f-7af19a46d814@group-5F52F902B742:t25, leader=null, voted=abcd8826-c056-4817-bd0f-7af19a46d814, raftlog=abcd8826-c056-4817-bd0f-7af19a46d814@group-5F52F902B742-SegmentedRaftLog:OPENED:c-1,f-1,i0, conf=-1: [b8f04e38-0663-4b1f-8efd-f76585c6e86c:192.168.157.251:35700, abcd8826-c056-4817-bd0f-7af19a46d814:192.168.157.251:46496, 73297ffa-40cb-4e3e-b33e-1bc2c1da60f5:192.168.157.251:32952], old=null
2019-10-17 18:50:47,146 [abcd8826-c056-4817-bd0f-7af19a46d814@group-5F52F902B742-LeaderElection61] INFO  impl.RaftServerImpl (RaftServerImpl.java:setRole(184)) - abcd8826-c056-4817-bd0f-7af19a46d814@group-5F52F902B742: changes role from CANDIDATE to FOLLOWER at term 25 for DISCOVERED_A_NEW_TERM
2019-10-17 18:50:47,146 [abcd8826-c056-4817-bd0f-7af19a46d814@group-5F52F902B742-LeaderElection61] INFO  impl.RoleInfo (RoleInfo.java:shutdownLeaderElection(134)) - abcd8826-c056-4817-bd0f-7af19a46d814: shutdown LeaderElection
2019-10-17 18:50:47,146 [abcd8826-c056-4817-bd0f-7af19a46d814@group-5F52F902B742-LeaderElection61] INFO  impl.RoleInfo (RoleInfo.java:updateAndGet(143)) - abcd8826-c056-4817-bd0f-7af19a46d814: start FollowerState
2019-10-17 18:50:47,156 [Thread-745] INFO  impl.FollowerState (FollowerState.java:run(108)) - a5e79c22-a35f-4e50-b1fd-e91b6a93d74d@group-F775CA5912AC-FollowerState: change to CANDIDATE, lastRpcTime:25ms, electionTimeout:25ms
2019-10-17 18:50:47,156 [Thread-745] INFO  impl.RoleInfo (RoleInfo.java:shutdownFollowerState(121)) - a5e79c22-a35f-4e50-b1fd-e91b6a93d74d: shutdown FollowerState
2019-10-17 18:50:47,156 [Thread-745] INFO  impl.RaftServerImpl (RaftServerImpl.java:setRole(184)) - a5e79c22-a35f-4e50-b1fd-e91b6a93d74d@group-F775CA5912AC: changes role from  FOLLOWER to CANDIDATE at term 26 for changeToCandidate
2019-10-17 18:50:47,156 [Thread-745] INFO  impl.RoleInfo (RoleInfo.java:updateAndGet(143)) - a5e79c22-a35f-4e50-b1fd-e91b6a93d74d: start LeaderElection
2019-10-17 18:50:47,169 [a5e79c22-a35f-4e50-b1fd-e91b6a93d74d@group-F775CA5912AC-LeaderElection62] INFO  impl.LeaderElection (LeaderElection.java:askForVotes(178)) - a5e79c22-a35f-4e50-b1fd-e91b6a93d74d@group-F775CA5912AC-LeaderElection62: begin an election at term 27 for -1: [a5e79c22-a35f-4e50-b1fd-e91b6a93d74d:192.168.157.251:45177, daae7813-f814-475d-9647-a302a5541e36:192.168.157.251:45025, 1e4e1375-1b66-460f-8c99-4c341545a119:192.168.157.251:42113], old=null
2019-10-17 18:50:47,172 [grpc-default-executor-6] INFO  impl.RaftServerImpl (RaftServerImpl.java:setRole(184)) - daae7813-f814-475d-9647-a302a5541e36@group-F775CA5912AC: changes role from  FOLLOWER to FOLLOWER at term 27 for recognizeCandidate:a5e79c22-a35f-4e50-b1fd-e91b6a93d74d
2019-10-17 18:50:47,172 [grpc-default-executor-4] INFO  impl.RaftServerImpl (RaftServerImpl.java:setRole(184)) - 1e4e1375-1b66-460f-8c99-4c341545a119@group-F775CA5912AC: changes role from  FOLLOWER to FOLLOWER at term 27 for recognizeCandidate:a5e79c22-a35f-4e50-b1fd-e91b6a93d74d
2019-10-17 18:50:47,172 [grpc-default-executor-6] INFO  impl.RoleInfo (RoleInfo.java:shutdownFollowerState(121)) - daae7813-f814-475d-9647-a302a5541e36: shutdown FollowerState
2019-10-17 18:50:47,172 [grpc-default-executor-4] INFO  impl.RoleInfo (RoleInfo.java:shutdownFollowerState(121)) - 1e4e1375-1b66-460f-8c99-4c341545a119: shutdown FollowerState
2019-10-17 18:50:47,172 [Thread-741] INFO  impl.FollowerState (FollowerState.java:run(117)) - daae7813-f814-475d-9647-a302a5541e36@group-F775CA5912AC-FollowerState was interrupted: java.lang.InterruptedException: sleep interrupted
2019-10-17 18:50:47,172 [Thread-740] INFO  impl.FollowerState (FollowerState.java:run(117)) - 1e4e1375-1b66-460f-8c99-4c341545a119@group-F775CA5912AC-FollowerState was interrupted: java.lang.InterruptedException: sleep interrupted
2019-10-17 18:50:47,172 [grpc-default-executor-4] INFO  impl.RoleInfo (RoleInfo.java:updateAndGet(143)) - 1e4e1375-1b66-460f-8c99-4c341545a119: start FollowerState
2019-10-17 18:50:47,172 [grpc-default-executor-6] INFO  impl.RoleInfo (RoleInfo.java:updateAndGet(143)) - daae7813-f814-475d-9647-a302a5541e36: start FollowerState
2019-10-17 18:50:47,184 [Thread-748] INFO  impl.FollowerState (FollowerState.java:run(108)) - abcd8826-c056-4817-bd0f-7af19a46d814@group-5F52F902B742-FollowerState: change to CANDIDATE, lastRpcTime:37ms, electionTimeout:37ms
2019-10-17 18:50:47,184 [Thread-748] INFO  impl.RoleInfo (RoleInfo.java:shutdownFollowerState(121)) - abcd8826-c056-4817-bd0f-7af19a46d814: shutdown FollowerState
2019-10-17 18:50:47,184 [Thread-748] INFO  impl.RaftServerImpl (RaftServerImpl.java:setRole(184)) - abcd8826-c056-4817-bd0f-7af19a46d814@group-5F52F902B742: changes role from  FOLLOWER to CANDIDATE at term 25 for changeToCandidate
2019-10-17 18:50:47,184 [Thread-748] INFO  impl.RoleInfo (RoleInfo.java:updateAndGet(143)) - abcd8826-c056-4817-bd0f-7af19a46d814: start LeaderElection
2019-10-17 18:50:47,189 [abcd8826-c056-4817-bd0f-7af19a46d814@group-5F52F902B742-LeaderElection63] INFO  impl.LeaderElection (LeaderElection.java:askForVotes(178)) - abcd8826-c056-4817-bd0f-7af19a46d814@group-5F52F902B742-LeaderElection63: begin an election at term 26 for -1: [b8f04e38-0663-4b1f-8efd-f76585c6e86c:192.168.157.251:35700, abcd8826-c056-4817-bd0f-7af19a46d814:192.168.157.251:46496, 73297ffa-40cb-4e3e-b33e-1bc2c1da60f5:192.168.157.251:32952], old=null
2019-10-17 18:50:47,190 [a5e79c22-a35f-4e50-b1fd-e91b6a93d74d@group-F775CA5912AC-LeaderElection62] INFO  impl.LeaderElection (LeaderElection.java:logAndReturn(56)) - a5e79c22-a35f-4e50-b1fd-e91b6a93d74d@group-F775CA5912AC-LeaderElection62: Election REJECTED; received 2 response(s) [a5e79c22-a35f-4e50-b1fd-e91b6a93d74d<-daae7813-f814-475d-9647-a302a5541e36#0:FAIL-t27, a5e79c22-a35f-4e50-b1fd-e91b6a93d74d<-1e4e1375-1b66-460f-8c99-4c341545a119#0:FAIL-t27] and 0 exception(s); a5e79c22-a35f-4e50-b1fd-e91b6a93d74d@group-F775CA5912AC:t27, leader=null, voted=a5e79c22-a35f-4e50-b1fd-e91b6a93d74d, raftlog=a5e79c22-a35f-4e50-b1fd-e91b6a93d74d@group-F775CA5912AC-SegmentedRaftLog:OPENED:c-1,f-1,i0, conf=-1: [a5e79c22-a35f-4e50-b1fd-e91b6a93d74d:192.168.157.251:45177, daae7813-f814-475d-9647-a302a5541e36:192.168.157.251:45025, 1e4e1375-1b66-460f-8c99-4c341545a119:192.168.157.251:42113], old=null
2019-10-17 18:50:47,191 [a5e79c22-a35f-4e50-b1fd-e91b6a93d74d@group-F775CA5912AC-LeaderElection62] INFO  impl.RaftServerImpl (RaftServerImpl.java:setRole(184)) - a5e79c22-a35f-4e50-b1fd-e91b6a93d74d@group-F775CA5912AC: changes role from CANDIDATE to FOLLOWER at term 27 for DISCOVERED_A_NEW_TERM
2019-10-17 18:50:47,191 [a5e79c22-a35f-4e50-b1fd-e91b6a93d74d@group-F775CA5912AC-LeaderElection62] INFO  impl.RoleInfo (RoleInfo.java:shutdownLeaderElection(134)) - a5e79c22-a35f-4e50-b1fd-e91b6a93d74d: shutdown LeaderElection
2019-10-17 18:50:47,191 [a5e79c22-a35f-4e50-b1fd-e91b6a93d74d@group-F775CA5912AC-LeaderElection62] INFO  impl.RoleInfo (RoleInfo.java:updateAndGet(143)) - a5e79c22-a35f-4e50-b1fd-e91b6a93d74d: start FollowerState
2019-10-17 18:50:47,191 [grpc-default-executor-4] INFO  impl.RaftServerImpl (RaftServerImpl.java:setRole(184)) - b8f04e38-0663-4b1f-8efd-f76585c6e86c@group-5F52F902B742: changes role from  FOLLOWER to FOLLOWER at term 26 for recognizeCandidate:abcd8826-c056-4817-bd0f-7af19a46d814
2019-10-17 18:50:47,191 [grpc-default-executor-4] INFO  impl.RoleInfo (RoleInfo.java:shutdownFollowerState(121)) - b8f04e38-0663-4b1f-8efd-f76585c6e86c: shutdown FollowerState
2019-10-17 18:50:47,192 [grpc-default-executor-6] INFO  impl.RaftServerImpl (RaftServerImpl.java:setRole(184)) - 73297ffa-40cb-4e3e-b33e-1bc2c1da60f5@group-5F52F902B742: changes role from  FOLLOWER to FOLLOWER at term 26 for recognizeCandidate:abcd8826-c056-4817-bd0f-7af19a46d814
2019-10-17 18:50:47,192 [grpc-default-executor-4] INFO  impl.RoleInfo (RoleInfo.java:updateAndGet(143)) - b8f04e38-0663-4b1f-8efd-f76585c6e86c: start FollowerState
2019-10-17 18:50:47,192 [Thread-746] INFO  impl.FollowerState (FollowerState.java:run(117)) - b8f04e38-0663-4b1f-8efd-f76585c6e86c@group-5F52F902B742-FollowerState was interrupted: java.lang.InterruptedException: sleep interrupted
2019-10-17 18:50:47,192 [grpc-default-executor-6] INFO  impl.RoleInfo (RoleInfo.java:shutdownFollowerState(121)) - 73297ffa-40cb-4e3e-b33e-1bc2c1da60f5: shutdown FollowerState
2019-10-17 18:50:47,192 [grpc-default-executor-6] INFO  impl.RoleInfo (RoleInfo.java:updateAndGet(143)) - 73297ffa-40cb-4e3e-b33e-1bc2c1da60f5: start FollowerState
2019-10-17 18:50:47,192 [Thread-747] INFO  impl.FollowerState (FollowerState.java:run(117)) - 73297ffa-40cb-4e3e-b33e-1bc2c1da60f5@group-5F52F902B742-FollowerState was interrupted: java.lang.InterruptedException: sleep interrupted
2019-10-17 18:50:47,206 [abcd8826-c056-4817-bd0f-7af19a46d814@group-5F52F902B742-LeaderElection63] INFO  impl.LeaderElection (LeaderElection.java:logAndReturn(56)) - abcd8826-c056-4817-bd0f-7af19a46d814@group-5F52F902B742-LeaderElection63: Election REJECTED; received 2 response(s) [abcd8826-c056-4817-bd0f-7af19a46d814<-b8f04e38-0663-4b1f-8efd-f76585c6e86c#0:FAIL-t26, abcd8826-c056-4817-bd0f-7af19a46d814<-73297ffa-40cb-4e3e-b33e-1bc2c1da60f5#0:FAIL-t26] and 0 exception(s); abcd8826-c056-4817-bd0f-7af19a46d814@group-5F52F902B742:t26, leader=null, voted=abcd8826-c056-4817-bd0f-7af19a46d814, raftlog=abcd8826-c056-4817-bd0f-7af19a46d814@group-5F52F902B742-SegmentedRaftLog:OPENED:c-1,f-1,i0, conf=-1: [b8f04e38-0663-4b1f-8efd-f76585c6e86c:192.168.157.251:35700, abcd8826-c056-4817-bd0f-7af19a46d814:192.168.157.251:46496, 73297ffa-40cb-4e3e-b33e-1bc2c1da60f5:192.168.157.251:32952], old=null
2019-10-17 18:50:47,207 [abcd8826-c056-4817-bd0f-7af19a46d814@group-5F52F902B742-LeaderElection63] INFO  impl.RaftServerImpl (RaftServerImpl.java:setRole(184)) - abcd8826-c056-4817-bd0f-7af19a46d814@group-5F52F902B742: changes role from CANDIDATE to FOLLOWER at term 26 for DISCOVERED_A_NEW_TERM
2019-10-17 18:50:47,207 [abcd8826-c056-4817-bd0f-7af19a46d814@group-5F52F902B742-LeaderElection63] INFO  impl.RoleInfo (RoleInfo.java:shutdownLeaderElection(134)) - abcd8826-c056-4817-bd0f-7af19a46d814: shutdown LeaderElection
2019-10-17 18:50:47,207 [abcd8826-c056-4817-bd0f-7af19a46d814@group-5F52F902B742-LeaderElection63] INFO  impl.RoleInfo (RoleInfo.java:updateAndGet(143)) - abcd8826-c056-4817-bd0f-7af19a46d814: start FollowerState
2019-10-17 18:50:47,265 [Thread-760] INFO  impl.FollowerState (FollowerState.java:run(108)) - abcd8826-c056-4817-bd0f-7af19a46d814@group-5F52F902B742-FollowerState: change to CANDIDATE, lastRpcTime:58ms, electionTimeout:58ms
2019-10-17 18:50:47,266 [Thread-760] INFO  impl.RoleInfo (RoleInfo.java:shutdownFollowerState(121)) - abcd8826-c056-4817-bd0f-7af19a46d814: shutdown FollowerState
2019-10-17 18:50:47,266 [Thread-760] INFO  impl.RaftServerImpl (RaftServerImpl.java:setRole(184)) - abcd8826-c056-4817-bd0f-7af19a46d814@group-5F52F902B742: changes role from  FOLLOWER to CANDIDATE at term 26 for changeToCandidate
2019-10-17 18:50:47,266 [Thread-760] INFO  impl.RoleInfo (RoleInfo.java:updateAndGet(143)) - abcd8826-c056-4817-bd0f-7af19a46d814: start LeaderElection
2019-10-17 18:50:47,280 [abcd8826-c056-4817-bd0f-7af19a46d814@group-5F52F902B742-LeaderElection64] INFO  impl.LeaderElection (LeaderElection.java:askForVotes(178)) - abcd8826-c056-4817-bd0f-7af19a46d814@group-5F52F902B742-LeaderElection64: begin an election at term 27 for -1: [b8f04e38-0663-4b1f-8efd-f76585c6e86c:192.168.157.251:35700, abcd8826-c056-4817-bd0f-7af19a46d814:192.168.157.251:46496, 73297ffa-40cb-4e3e-b33e-1bc2c1da60f5:192.168.157.251:32952], old=null
2019-10-17 18:50:47,283 [grpc-default-executor-6] INFO  impl.RaftServerImpl (RaftServerImpl.java:setRole(184)) - 73297ffa-40cb-4e3e-b33e-1bc2c1da60f5@group-5F52F902B742: changes role from  FOLLOWER to FOLLOWER at term 27 for recognizeCandidate:abcd8826-c056-4817-bd0f-7af19a46d814
2019-10-17 18:50:47,283 [grpc-default-executor-4] INFO  impl.RaftServerImpl (RaftServerImpl.java:setRole(184)) - b8f04e38-0663-4b1f-8efd-f76585c6e86c@group-5F52F902B742: changes role from  FOLLOWER to FOLLOWER at term 27 for recognizeCandidate:abcd8826-c056-4817-bd0f-7af19a46d814
2019-10-17 18:50:47,284 [grpc-default-executor-6] INFO  impl.RoleInfo (RoleInfo.java:shutdownFollowerState(121)) - 73297ffa-40cb-4e3e-b33e-1bc2c1da60f5: shutdown FollowerState
2019-10-17 18:50:47,284 [grpc-default-executor-4] INFO  impl.RoleInfo (RoleInfo.java:shutdownFollowerState(121)) - b8f04e38-0663-4b1f-8efd-f76585c6e86c: shutdown FollowerState
2019-10-17 18:50:47,284 [Thread-759] INFO  impl.FollowerState (FollowerState.java:run(117)) - 73297ffa-40cb-4e3e-b33e-1bc2c1da60f5@group-5F52F902B742-FollowerState was interrupted: java.lang.InterruptedException: sleep interrupted
2019-10-17 18:50:47,284 [grpc-default-executor-4] INFO  impl.RoleInfo (RoleInfo.java:updateAndGet(143)) - b8f04e38-0663-4b1f-8efd-f76585c6e86c: start FollowerState
2019-10-17 18:50:47,284 [Thread-758] INFO  impl.FollowerState (FollowerState.java:run(117)) - b8f04e38-0663-4b1f-8efd-f76585c6e86c@group-5F52F902B742-FollowerState was interrupted: java.lang.InterruptedException: sleep interrupted
2019-10-17 18:50:47,284 [grpc-default-executor-6] INFO  impl.RoleInfo (RoleInfo.java:updateAndGet(143)) - 73297ffa-40cb-4e3e-b33e-1bc2c1da60f5: start FollowerState
2019-10-17 18:50:47,290 [Thread-757] INFO  impl.FollowerState (FollowerState.java:run(108)) - a5e79c22-a35f-4e50-b1fd-e91b6a93d74d@group-F775CA5912AC-FollowerState: change to CANDIDATE, lastRpcTime:99ms, electionTimeout:99ms
2019-10-17 18:50:47,290 [Thread-757] INFO  impl.RoleInfo (RoleInfo.java:shutdownFollowerState(121)) - a5e79c22-a35f-4e50-b1fd-e91b6a93d74d: shutdown FollowerState
2019-10-17 18:50:47,291 [Thread-757] INFO  impl.RaftServerImpl (RaftServerImpl.java:setRole(184)) - a5e79c22-a35f-4e50-b1fd-e91b6a93d74d@group-F775CA5912AC: changes role from  FOLLOWER to CANDIDATE at term 27 for changeToCandidate
2019-10-17 18:50:47,291 [Thread-757] INFO  impl.RoleInfo (RoleInfo.java:updateAndGet(143)) - a5e79c22-a35f-4e50-b1fd-e91b6a93d74d: start LeaderElection
2019-10-17 18:50:47,324 [a5e79c22-a35f-4e50-b1fd-e91b6a93d74d@group-F775CA5912AC-LeaderElection65] INFO  impl.LeaderElection (LeaderElection.java:askForVotes(178)) - a5e79c22-a35f-4e50-b1fd-e91b6a93d74d@group-F775CA5912AC-LeaderElection65: begin an election at term 28 for -1: [a5e79c22-a35f-4e50-b1fd-e91b6a93d74d:192.168.157.251:45177, daae7813-f814-475d-9647-a302a5541e36:192.168.157.251:45025, 1e4e1375-1b66-460f-8c99-4c341545a119:192.168.157.251:42113], old=null
2019-10-17 18:50:47,325 [abcd8826-c056-4817-bd0f-7af19a46d814@group-5F52F902B742-LeaderElection64] INFO  impl.LeaderElection (LeaderElection.java:logAndReturn(56)) - abcd8826-c056-4817-bd0f-7af19a46d814@group-5F52F902B742-LeaderElection64: Election REJECTED; received 2 response(s) [abcd8826-c056-4817-bd0f-7af19a46d814<-b8f04e38-0663-4b1f-8efd-f76585c6e86c#0:FAIL-t27, abcd8826-c056-4817-bd0f-7af19a46d814<-73297ffa-40cb-4e3e-b33e-1bc2c1da60f5#0:FAIL-t27] and 0 exception(s); abcd8826-c056-4817-bd0f-7af19a46d814@group-5F52F902B742:t27, leader=null, voted=abcd8826-c056-4817-bd0f-7af19a46d814, raftlog=abcd8826-c056-4817-bd0f-7af19a46d814@group-5F52F902B742-SegmentedRaftLog:OPENED:c-1,f-1,i0, conf=-1: [b8f04e38-0663-4b1f-8efd-f76585c6e86c:192.168.157.251:35700, abcd8826-c056-4817-bd0f-7af19a46d814:192.168.157.251:46496, 73297ffa-40cb-4e3e-b33e-1bc2c1da60f5:192.168.157.251:32952], old=null
2019-10-17 18:50:47,326 [abcd8826-c056-4817-bd0f-7af19a46d814@group-5F52F902B742-LeaderElection64] INFO  impl.RaftServerImpl (RaftServerImpl.java:setRole(184)) - abcd8826-c056-4817-bd0f-7af19a46d814@group-5F52F902B742: changes role from CANDIDATE to FOLLOWER at term 27 for DISCOVERED_A_NEW_TERM
2019-10-17 18:50:47,326 [abcd8826-c056-4817-bd0f-7af19a46d814@group-5F52F902B742-LeaderElection64] INFO  impl.RoleInfo (RoleInfo.java:shutdownLeaderElection(134)) - abcd8826-c056-4817-bd0f-7af19a46d814: shutdown LeaderElection
2019-10-17 18:50:47,326 [abcd8826-c056-4817-bd0f-7af19a46d814@group-5F52F902B742-LeaderElection64] INFO  impl.RoleInfo (RoleInfo.java:updateAndGet(143)) - abcd8826-c056-4817-bd0f-7af19a46d814: start FollowerState
2019-10-17 18:50:47,326 [grpc-default-executor-4] INFO  impl.RaftServerImpl (RaftServerImpl.java:setRole(184)) - 1e4e1375-1b66-460f-8c99-4c341545a119@group-F775CA5912AC: changes role from  FOLLOWER to FOLLOWER at term 28 for recognizeCandidate:a5e79c22-a35f-4e50-b1fd-e91b6a93d74d
2019-10-17 18:50:47,326 [grpc-default-executor-4] INFO  impl.RoleInfo (RoleInfo.java:shutdownFollowerState(121)) - 1e4e1375-1b66-460f-8c99-4c341545a119: shutdown FollowerState
2019-10-17 18:50:47,326 [grpc-default-executor-4] INFO  impl.RoleInfo (RoleInfo.java:updateAndGet(143)) - 1e4e1375-1b66-460f-8c99-4c341545a119: start FollowerState
2019-10-17 18:50:47,327 [Thread-753] INFO  impl.FollowerState (FollowerState.java:run(117)) - 1e4e1375-1b66-460f-8c99-4c341545a119@group-F775CA5912AC-FollowerState was interrupted: java.lang.InterruptedException: sleep interrupted
2019-10-17 18:50:47,327 [grpc-default-executor-6] INFO  impl.RaftServerImpl (RaftServerImpl.java:setRole(184)) - daae7813-f814-475d-9647-a302a5541e36@group-F775CA5912AC: changes role from  FOLLOWER to FOLLOWER at term 28 for recognizeCandidate:a5e79c22-a35f-4e50-b1fd-e91b6a93d74d
2019-10-17 18:50:47,327 [grpc-default-executor-6] INFO  impl.RoleInfo (RoleInfo.java:shutdownFollowerState(121)) - daae7813-f814-475d-9647-a302a5541e36: shutdown FollowerState
2019-10-17 18:50:47,327 [grpc-default-executor-6] INFO  impl.RoleInfo (RoleInfo.java:updateAndGet(143)) - daae7813-f814-475d-9647-a302a5541e36: start FollowerState
2019-10-17 18:50:47,327 [Thread-752] INFO  impl.FollowerState (FollowerState.java:run(117)) - daae7813-f814-475d-9647-a302a5541e36@group-F775CA5912AC-FollowerState was interrupted: java.lang.InterruptedException: sleep interrupted
2019-10-17 18:50:47,340 [a5e79c22-a35f-4e50-b1fd-e91b6a93d74d@group-F775CA5912AC-LeaderElection65] INFO  impl.LeaderElection (LeaderElection.java:logAndReturn(56)) - a5e79c22-a35f-4e50-b1fd-e91b6a93d74d@group-F775CA5912AC-LeaderElection65: Election REJECTED; received 2 response(s) [a5e79c22-a35f-4e50-b1fd-e91b6a93d74d<-daae7813-f814-475d-9647-a302a5541e36#0:FAIL-t28, a5e79c22-a35f-4e50-b1fd-e91b6a93d74d<-1e4e1375-1b66-460f-8c99-4c341545a119#0:FAIL-t28] and 0 exception(s); a5e79c22-a35f-4e50-b1fd-e91b6a93d74d@group-F775CA5912AC:t28, leader=null, voted=a5e79c22-a35f-4e50-b1fd-e91b6a93d74d, raftlog=a5e79c22-a35f-4e50-b1fd-e91b6a93d74d@group-F775CA5912AC-SegmentedRaftLog:OPENED:c-1,f-1,i0, conf=-1: [a5e79c22-a35f-4e50-b1fd-e91b6a93d74d:192.168.157.251:45177, daae7813-f814-475d-9647-a302a5541e36:192.168.157.251:45025, 1e4e1375-1b66-460f-8c99-4c341545a119:192.168.157.251:42113], old=null
2019-10-17 18:50:47,340 [a5e79c22-a35f-4e50-b1fd-e91b6a93d74d@group-F775CA5912AC-LeaderElection65] INFO  impl.RaftServerImpl (RaftServerImpl.java:setRole(184)) - a5e79c22-a35f-4e50-b1fd-e91b6a93d74d@group-F775CA5912AC: changes role from CANDIDATE to FOLLOWER at term 28 for DISCOVERED_A_NEW_TERM
2019-10-17 18:50:47,340 [a5e79c22-a35f-4e50-b1fd-e91b6a93d74d@group-F775CA5912AC-LeaderElection65] INFO  impl.RoleInfo (RoleInfo.java:shutdownLeaderElection(134)) - a5e79c22-a35f-4e50-b1fd-e91b6a93d74d: shutdown LeaderElection
2019-10-17 18:50:47,341 [a5e79c22-a35f-4e50-b1fd-e91b6a93d74d@group-F775CA5912AC-LeaderElection65] INFO  impl.RoleInfo (RoleInfo.java:updateAndGet(143)) - a5e79c22-a35f-4e50-b1fd-e91b6a93d74d: start FollowerState
2019-10-17 18:50:47,378 [Thread-771] INFO  impl.FollowerState (FollowerState.java:run(108)) - abcd8826-c056-4817-bd0f-7af19a46d814@group-5F52F902B742-FollowerState: change to CANDIDATE, lastRpcTime:52ms, electionTimeout:52ms
2019-10-17 18:50:47,378 [Thread-771] INFO  impl.RoleInfo (RoleInfo.java:shutdownFollowerState(121)) - abcd8826-c056-4817-bd0f-7af19a46d814: shutdown FollowerState
2019-10-17 18:50:47,379 [Thread-771] INFO  impl.RaftServerImpl (RaftServerImpl.java:setRole(184)) - abcd8826-c056-4817-bd0f-7af19a46d814@group-5F52F902B742: changes role from  FOLLOWER to CANDIDATE at term 27 for changeToCandidate
2019-10-17 18:50:47,379 [Thread-771] INFO  impl.RoleInfo (RoleInfo.java:updateAndGet(143)) - abcd8826-c056-4817-bd0f-7af19a46d814: start LeaderElection
2019-10-17 18:50:47,392 [abcd8826-c056-4817-bd0f-7af19a46d814@group-5F52F902B742-LeaderElection66] INFO  impl.LeaderElection (LeaderElection.java:askForVotes(178)) - abcd8826-c056-4817-bd0f-7af19a46d814@group-5F52F902B742-LeaderElection66: begin an election at term 28 for -1: [b8f04e38-0663-4b1f-8efd-f76585c6e86c:192.168.157.251:35700, abcd8826-c056-4817-bd0f-7af19a46d814:192.168.157.251:46496, 73297ffa-40cb-4e3e-b33e-1bc2c1da60f5:192.168.157.251:32952], old=null
2019-10-17 18:50:47,395 [grpc-default-executor-4] INFO  impl.RaftServerImpl (RaftServerImpl.java:setRole(184)) - b8f04e38-0663-4b1f-8efd-f76585c6e86c@group-5F52F902B742: changes role from  FOLLOWER to FOLLOWER at term 28 for recognizeCandidate:abcd8826-c056-4817-bd0f-7af19a46d814
2019-10-17 18:50:47,395 [grpc-default-executor-4] INFO  impl.RoleInfo (RoleInfo.java:shutdownFollowerState(121)) - b8f04e38-0663-4b1f-8efd-f76585c6e86c: shutdown FollowerState
2019-10-17 18:50:47,395 [grpc-default-executor-4] INFO  impl.RoleInfo (RoleInfo.java:updateAndGet(143)) - b8f04e38-0663-4b1f-8efd-f76585c6e86c: start FollowerState
2019-10-17 18:50:47,395 [Thread-765] INFO  impl.FollowerState (FollowerState.java:run(117)) - b8f04e38-0663-4b1f-8efd-f76585c6e86c@group-5F52F902B742-FollowerState was interrupted: java.lang.InterruptedException: sleep interrupted
2019-10-17 18:50:47,396 [grpc-default-executor-6] INFO  impl.RaftServerImpl (RaftServerImpl.java:setRole(184)) - 73297ffa-40cb-4e3e-b33e-1bc2c1da60f5@group-5F52F902B742: changes role from  FOLLOWER to FOLLOWER at term 28 for recognizeCandidate:abcd8826-c056-4817-bd0f-7af19a46d814
2019-10-17 18:50:47,396 [grpc-default-executor-6] INFO  impl.RoleInfo (RoleInfo.java:shutdownFollowerState(121)) - 73297ffa-40cb-4e3e-b33e-1bc2c1da60f5: shutdown FollowerState
2019-10-17 18:50:47,397 [grpc-default-executor-6] INFO  impl.RoleInfo (RoleInfo.java:updateAndGet(143)) - 73297ffa-40cb-4e3e-b33e-1bc2c1da60f5: start FollowerState
2019-10-17 18:50:47,397 [Thread-764] INFO  impl.FollowerState (FollowerState.java:run(117)) - 73297ffa-40cb-4e3e-b33e-1bc2c1da60f5@group-5F52F902B742-FollowerState was interrupted: java.lang.InterruptedException: sleep interrupted
2019-10-17 18:50:47,410 [abcd8826-c056-4817-bd0f-7af19a46d814@group-5F52F902B742-LeaderElection66] INFO  impl.LeaderElection (LeaderElection.java:logAndReturn(56)) - abcd8826-c056-4817-bd0f-7af19a46d814@group-5F52F902B742-LeaderElection66: Election REJECTED; received 2 response(s) [abcd8826-c056-4817-bd0f-7af19a46d814<-b8f04e38-0663-4b1f-8efd-f76585c6e86c#0:FAIL-t28, abcd8826-c056-4817-bd0f-7af19a46d814<-73297ffa-40cb-4e3e-b33e-1bc2c1da60f5#0:FAIL-t28] and 0 exception(s); abcd8826-c056-4817-bd0f-7af19a46d814@group-5F52F902B742:t28, leader=null, voted=abcd8826-c056-4817-bd0f-7af19a46d814, raftlog=abcd8826-c056-4817-bd0f-7af19a46d814@group-5F52F902B742-SegmentedRaftLog:OPENED:c-1,f-1,i0, conf=-1: [b8f04e38-0663-4b1f-8efd-f76585c6e86c:192.168.157.251:35700, abcd8826-c056-4817-bd0f-7af19a46d814:192.168.157.251:46496, 73297ffa-40cb-4e3e-b33e-1bc2c1da60f5:192.168.157.251:32952], old=null
2019-10-17 18:50:47,411 [abcd8826-c056-4817-bd0f-7af19a46d814@group-5F52F902B742-LeaderElection66] INFO  impl.RaftServerImpl (RaftServerImpl.java:setRole(184)) - abcd8826-c056-4817-bd0f-7af19a46d814@group-5F52F902B742: changes role from CANDIDATE to FOLLOWER at term 28 for DISCOVERED_A_NEW_TERM
2019-10-17 18:50:47,411 [abcd8826-c056-4817-bd0f-7af19a46d814@group-5F52F902B742-LeaderElection66] INFO  impl.RoleInfo (RoleInfo.java:shutdownLeaderElection(134)) - abcd8826-c056-4817-bd0f-7af19a46d814: shutdown LeaderElection
2019-10-17 18:50:47,411 [abcd8826-c056-4817-bd0f-7af19a46d814@group-5F52F902B742-LeaderElection66] INFO  impl.RoleInfo (RoleInfo.java:updateAndGet(143)) - abcd8826-c056-4817-bd0f-7af19a46d814: start FollowerState
2019-10-17 18:50:47,420 [Thread-774] INFO  impl.FollowerState (FollowerState.java:run(108)) - a5e79c22-a35f-4e50-b1fd-e91b6a93d74d@group-F775CA5912AC-FollowerState: change to CANDIDATE, lastRpcTime:79ms, electionTimeout:79ms
2019-10-17 18:50:47,420 [Thread-774] INFO  impl.RoleInfo (RoleInfo.java:shutdownFollowerState(121)) - a5e79c22-a35f-4e50-b1fd-e91b6a93d74d: shutdown FollowerState
2019-10-17 18:50:47,420 [Thread-774] INFO  impl.RaftServerImpl (RaftServerImpl.java:setRole(184)) - a5e79c22-a35f-4e50-b1fd-e91b6a93d74d@group-F775CA5912AC: changes role from  FOLLOWER to CANDIDATE at term 28 for changeToCandidate
2019-10-17 18:50:47,420 [Thread-774] INFO  impl.RoleInfo (RoleInfo.java:updateAndGet(143)) - a5e79c22-a35f-4e50-b1fd-e91b6a93d74d: start LeaderElection
2019-10-17 18:50:47,434 [a5e79c22-a35f-4e50-b1fd-e91b6a93d74d@group-F775CA5912AC-LeaderElection67] INFO  impl.LeaderElection (LeaderElection.java:askForVotes(178)) - a5e79c22-a35f-4e50-b1fd-e91b6a93d74d@group-F775CA5912AC-LeaderElection67: begin an election at term 29 for -1: [a5e79c22-a35f-4e50-b1fd-e91b6a93d74d:192.168.157.251:45177, daae7813-f814-475d-9647-a302a5541e36:192.168.157.251:45025, 1e4e1375-1b66-460f-8c99-4c341545a119:192.168.157.251:42113], old=null
2019-10-17 18:50:47,435 [a5e79c22-a35f-4e50-b1fd-e91b6a93d74d@group-F775CA5912AC-LeaderElection67] INFO  impl.LeaderElection (LeaderElection.java:logAndReturn(56)) - a5e79c22-a35f-4e50-b1fd-e91b6a93d74d@group-F775CA5912AC-LeaderElection67: Election TIMEOUT; received 0 response(s) [] and 0 exception(s); a5e79c22-a35f-4e50-b1fd-e91b6a93d74d@group-F775CA5912AC:t29, leader=null, voted=a5e79c22-a35f-4e50-b1fd-e91b6a93d74d, raftlog=a5e79c22-a35f-4e50-b1fd-e91b6a93d74d@group-F775CA5912AC-SegmentedRaftLog:OPENED:c-1,f-1,i0, conf=-1: [a5e79c22-a35f-4e50-b1fd-e91b6a93d74d:192.168.157.251:45177, daae7813-f814-475d-9647-a302a5541e36:192.168.157.251:45025, 1e4e1375-1b66-460f-8c99-4c341545a119:192.168.157.251:42113], old=null
2019-10-17 18:50:47,436 [grpc-default-executor-4] INFO  impl.RaftServerImpl (RaftServerImpl.java:setRole(184)) - daae7813-f814-475d-9647-a302a5541e36@group-F775CA5912AC: changes role from  FOLLOWER to FOLLOWER at term 29 for recognizeCandidate:a5e79c22-a35f-4e50-b1fd-e91b6a93d74d
2019-10-17 18:50:47,437 [grpc-default-executor-4] INFO  impl.RoleInfo (RoleInfo.java:shutdownFollowerState(121)) - daae7813-f814-475d-9647-a302a5541e36: shutdown FollowerState
2019-10-17 18:50:47,437 [grpc-default-executor-6] INFO  impl.RaftServerImpl (RaftServerImpl.java:setRole(184)) - 1e4e1375-1b66-460f-8c99-4c341545a119@group-F775CA5912AC: changes role from  FOLLOWER to FOLLOWER at term 29 for recognizeCandidate:a5e79c22-a35f-4e50-b1fd-e91b6a93d74d
2019-10-17 18:50:47,437 [Thread-773] INFO  impl.FollowerState (FollowerState.java:run(117)) - daae7813-f814-475d-9647-a302a5541e36@group-F775CA5912AC-FollowerState was interrupted: java.lang.InterruptedException: sleep interrupted
2019-10-17 18:50:47,437 [grpc-default-executor-4] INFO  impl.RoleInfo (RoleInfo.java:updateAndGet(143)) - daae7813-f814-475d-9647-a302a5541e36: start FollowerState
2019-10-17 18:50:47,437 [grpc-default-executor-6] INFO  impl.RoleInfo (RoleInfo.java:shutdownFollowerState(121)) - 1e4e1375-1b66-460f-8c99-4c341545a119: shutdown FollowerState
2019-10-17 18:50:47,437 [grpc-default-executor-6] INFO  impl.RoleInfo (RoleInfo.java:updateAndGet(143)) - 1e4e1375-1b66-460f-8c99-4c341545a119: start FollowerState
2019-10-17 18:50:47,437 [Thread-772] INFO  impl.FollowerState (FollowerState.java:run(117)) - 1e4e1375-1b66-460f-8c99-4c341545a119@group-F775CA5912AC-FollowerState was interrupted: java.lang.InterruptedException: sleep interrupted
2019-10-17 18:50:47,448 [a5e79c22-a35f-4e50-b1fd-e91b6a93d74d@group-F775CA5912AC-LeaderElection67] INFO  impl.LeaderElection (LeaderElection.java:askForVotes(178)) - a5e79c22-a35f-4e50-b1fd-e91b6a93d74d@group-F775CA5912AC-LeaderElection67: begin an election at term 30 for -1: [a5e79c22-a35f-4e50-b1fd-e91b6a93d74d:192.168.157.251:45177, daae7813-f814-475d-9647-a302a5541e36:192.168.157.251:45025, 1e4e1375-1b66-460f-8c99-4c341545a119:192.168.157.251:42113], old=null
2019-10-17 18:50:47,453 [grpc-default-executor-4] INFO  impl.RaftServerImpl (RaftServerImpl.java:setRole(184)) - daae7813-f814-475d-9647-a302a5541e36@group-F775CA5912AC: changes role from  FOLLOWER to FOLLOWER at term 30 for recognizeCandidate:a5e79c22-a35f-4e50-b1fd-e91b6a93d74d
2019-10-17 18:50:47,453 [grpc-default-executor-4] INFO  impl.RoleInfo (RoleInfo.java:shutdownFollowerState(121)) - daae7813-f814-475d-9647-a302a5541e36: shutdown FollowerState
2019-10-17 18:50:47,453 [grpc-default-executor-6] INFO  impl.RaftServerImpl (RaftServerImpl.java:setRole(184)) - 1e4e1375-1b66-460f-8c99-4c341545a119@group-F775CA5912AC: changes role from  FOLLOWER to FOLLOWER at term 30 for recognizeCandidate:a5e79c22-a35f-4e50-b1fd-e91b6a93d74d
2019-10-17 18:50:47,453 [grpc-default-executor-4] INFO  impl.RoleInfo (RoleInfo.java:updateAndGet(143)) - daae7813-f814-475d-9647-a302a5541e36: start FollowerState
2019-10-17 18:50:47,453 [Thread-784] INFO  impl.FollowerState (FollowerState.java:run(117)) - daae7813-f814-475d-9647-a302a5541e36@group-F775CA5912AC-FollowerState was interrupted: java.lang.InterruptedException: sleep interrupted
2019-10-17 18:50:47,453 [grpc-default-executor-6] INFO  impl.RoleInfo (RoleInfo.java:shutdownFollowerState(121)) - 1e4e1375-1b66-460f-8c99-4c341545a119: shutdown FollowerState
2019-10-17 18:50:47,454 [grpc-default-executor-6] INFO  impl.RoleInfo (RoleInfo.java:updateAndGet(143)) - 1e4e1375-1b66-460f-8c99-4c341545a119: start FollowerState
2019-10-17 18:50:47,454 [Thread-785] INFO  impl.FollowerState (FollowerState.java:run(117)) - 1e4e1375-1b66-460f-8c99-4c341545a119@group-F775CA5912AC-FollowerState was interrupted: java.lang.InterruptedException: sleep interrupted
2019-10-17 18:50:47,467 [a5e79c22-a35f-4e50-b1fd-e91b6a93d74d@group-F775CA5912AC-LeaderElection67] INFO  impl.LeaderElection (LeaderElection.java:logAndReturn(56)) - a5e79c22-a35f-4e50-b1fd-e91b6a93d74d@group-F775CA5912AC-LeaderElection67: Election REJECTED; received 2 response(s) [a5e79c22-a35f-4e50-b1fd-e91b6a93d74d<-daae7813-f814-475d-9647-a302a5541e36#0:FAIL-t30, a5e79c22-a35f-4e50-b1fd-e91b6a93d74d<-1e4e1375-1b66-460f-8c99-4c341545a119#0:FAIL-t30] and 0 exception(s); a5e79c22-a35f-4e50-b1fd-e91b6a93d74d@group-F775CA5912AC:t30, leader=null, voted=a5e79c22-a35f-4e50-b1fd-e91b6a93d74d, raftlog=a5e79c22-a35f-4e50-b1fd-e91b6a93d74d@group-F775CA5912AC-SegmentedRaftLog:OPENED:c-1,f-1,i0, conf=-1: [a5e79c22-a35f-4e50-b1fd-e91b6a93d74d:192.168.157.251:45177, daae7813-f814-475d-9647-a302a5541e36:192.168.157.251:45025, 1e4e1375-1b66-460f-8c99-4c341545a119:192.168.157.251:42113], old=null
2019-10-17 18:50:47,468 [a5e79c22-a35f-4e50-b1fd-e91b6a93d74d@group-F775CA5912AC-LeaderElection67] INFO  impl.RaftServerImpl (RaftServerImpl.java:setRole(184)) - a5e79c22-a35f-4e50-b1fd-e91b6a93d74d@group-F775CA5912AC: changes role from CANDIDATE to FOLLOWER at term 30 for DISCOVERED_A_NEW_TERM
2019-10-17 18:50:47,468 [a5e79c22-a35f-4e50-b1fd-e91b6a93d74d@group-F775CA5912AC-LeaderElection67] INFO  impl.RoleInfo (RoleInfo.java:shutdownLeaderElection(134)) - a5e79c22-a35f-4e50-b1fd-e91b6a93d74d: shutdown LeaderElection
2019-10-17 18:50:47,468 [a5e79c22-a35f-4e50-b1fd-e91b6a93d74d@group-F775CA5912AC-LeaderElection67] INFO  impl.RoleInfo (RoleInfo.java:updateAndGet(143)) - a5e79c22-a35f-4e50-b1fd-e91b6a93d74d: start FollowerState
2019-10-17 18:50:47,485 [Thread-780] INFO  impl.FollowerState (FollowerState.java:run(108)) - abcd8826-c056-4817-bd0f-7af19a46d814@group-5F52F902B742-FollowerState: change to CANDIDATE, lastRpcTime:74ms, electionTimeout:74ms
2019-10-17 18:50:47,485 [Thread-780] INFO  impl.RoleInfo (RoleInfo.java:shutdownFollowerState(121)) - abcd8826-c056-4817-bd0f-7af19a46d814: shutdown FollowerState
2019-10-17 18:50:47,485 [Thread-780] INFO  impl.RaftServerImpl (RaftServerImpl.java:setRole(184)) - abcd8826-c056-4817-bd0f-7af19a46d814@group-5F52F902B742: changes role from  FOLLOWER to CANDIDATE at term 28 for changeToCandidate
2019-10-17 18:50:47,485 [Thread-780] INFO  impl.RoleInfo (RoleInfo.java:updateAndGet(143)) - abcd8826-c056-4817-bd0f-7af19a46d814: start LeaderElection
2019-10-17 18:50:47,499 [abcd8826-c056-4817-bd0f-7af19a46d814@group-5F52F902B742-LeaderElection68] INFO  impl.LeaderElection (LeaderElection.java:askForVotes(178)) - abcd8826-c056-4817-bd0f-7af19a46d814@group-5F52F902B742-LeaderElection68: begin an election at term 29 for -1: [b8f04e38-0663-4b1f-8efd-f76585c6e86c:192.168.157.251:35700, abcd8826-c056-4817-bd0f-7af19a46d814:192.168.157.251:46496, 73297ffa-40cb-4e3e-b33e-1bc2c1da60f5:192.168.157.251:32952], old=null
2019-10-17 18:50:47,501 [grpc-default-executor-6] INFO  impl.RaftServerImpl (RaftServerImpl.java:setRole(184)) - b8f04e38-0663-4b1f-8efd-f76585c6e86c@group-5F52F902B742: changes role from  FOLLOWER to FOLLOWER at term 29 for recognizeCandidate:abcd8826-c056-4817-bd0f-7af19a46d814
2019-10-17 18:50:47,502 [grpc-default-executor-6] INFO  impl.RoleInfo (RoleInfo.java:shutdownFollowerState(121)) - b8f04e38-0663-4b1f-8efd-f76585c6e86c: shutdown FollowerState
2019-10-17 18:50:47,502 [grpc-default-executor-4] INFO  impl.RaftServerImpl (RaftServerImpl.java:setRole(184)) - 73297ffa-40cb-4e3e-b33e-1bc2c1da60f5@group-5F52F902B742: changes role from  FOLLOWER to FOLLOWER at term 29 for recognizeCandidate:abcd8826-c056-4817-bd0f-7af19a46d814
2019-10-17 18:50:47,502 [grpc-default-executor-6] INFO  impl.RoleInfo (RoleInfo.java:updateAndGet(143)) - b8f04e38-0663-4b1f-8efd-f76585c6e86c: start FollowerState
2019-10-17 18:50:47,502 [Thread-778] INFO  impl.FollowerState (FollowerState.java:run(117)) - b8f04e38-0663-4b1f-8efd-f76585c6e86c@group-5F52F902B742-FollowerState was interrupted: java.lang.InterruptedException: sleep interrupted
2019-10-17 18:50:47,502 [grpc-default-executor-4] INFO  impl.RoleInfo (RoleInfo.java:shutdownFollowerState(121)) - 73297ffa-40cb-4e3e-b33e-1bc2c1da60f5: shutdown FollowerState
2019-10-17 18:50:47,503 [grpc-default-executor-4] INFO  impl.RoleInfo (RoleInfo.java:updateAndGet(143)) - 73297ffa-40cb-4e3e-b33e-1bc2c1da60f5: start FollowerState
2019-10-17 18:50:47,503 [Thread-779] INFO  impl.FollowerState (FollowerState.java:run(117)) - 73297ffa-40cb-4e3e-b33e-1bc2c1da60f5@group-5F52F902B742-FollowerState was interrupted: java.lang.InterruptedException: sleep interrupted
2019-10-17 18:50:47,517 [abcd8826-c056-4817-bd0f-7af19a46d814@group-5F52F902B742-LeaderElection68] INFO  impl.LeaderElection (LeaderElection.java:logAndReturn(56)) - abcd8826-c056-4817-bd0f-7af19a46d814@group-5F52F902B742-LeaderElection68: Election REJECTED; received 2 response(s) [abcd8826-c056-4817-bd0f-7af19a46d814<-b8f04e38-0663-4b1f-8efd-f76585c6e86c#0:FAIL-t29, abcd8826-c056-4817-bd0f-7af19a46d814<-73297ffa-40cb-4e3e-b33e-1bc2c1da60f5#0:FAIL-t29] and 0 exception(s); abcd8826-c056-4817-bd0f-7af19a46d814@group-5F52F902B742:t29, leader=null, voted=abcd8826-c056-4817-bd0f-7af19a46d814, raftlog=abcd8826-c056-4817-bd0f-7af19a46d814@group-5F52F902B742-SegmentedRaftLog:OPENED:c-1,f-1,i0, conf=-1: [b8f04e38-0663-4b1f-8efd-f76585c6e86c:192.168.157.251:35700, abcd8826-c056-4817-bd0f-7af19a46d814:192.168.157.251:46496, 73297ffa-40cb-4e3e-b33e-1bc2c1da60f5:192.168.157.251:32952], old=null
2019-10-17 18:50:47,517 [abcd8826-c056-4817-bd0f-7af19a46d814@group-5F52F902B742-LeaderElection68] INFO  impl.RaftServerImpl (RaftServerImpl.java:setRole(184)) - abcd8826-c056-4817-bd0f-7af19a46d814@group-5F52F902B742: changes role from CANDIDATE to FOLLOWER at term 29 for DISCOVERED_A_NEW_TERM
2019-10-17 18:50:47,517 [abcd8826-c056-4817-bd0f-7af19a46d814@group-5F52F902B742-LeaderElection68] INFO  impl.RoleInfo (RoleInfo.java:shutdownLeaderElection(134)) - abcd8826-c056-4817-bd0f-7af19a46d814: shutdown LeaderElection
2019-10-17 18:50:47,517 [abcd8826-c056-4817-bd0f-7af19a46d814@group-5F52F902B742-LeaderElection68] INFO  impl.RoleInfo (RoleInfo.java:updateAndGet(143)) - abcd8826-c056-4817-bd0f-7af19a46d814: start FollowerState
2019-10-17 18:50:47,532 [Thread-790] INFO  impl.FollowerState (FollowerState.java:run(108)) - a5e79c22-a35f-4e50-b1fd-e91b6a93d74d@group-F775CA5912AC-FollowerState: change to CANDIDATE, lastRpcTime:64ms, electionTimeout:64ms
2019-10-17 18:50:47,532 [Thread-790] INFO  impl.RoleInfo (RoleInfo.java:shutdownFollowerState(121)) - a5e79c22-a35f-4e50-b1fd-e91b6a93d74d: shutdown FollowerState
2019-10-17 18:50:47,532 [Thread-790] INFO  impl.RaftServerImpl (RaftServerImpl.java:setRole(184)) - a5e79c22-a35f-4e50-b1fd-e91b6a93d74d@group-F775CA5912AC: changes role from  FOLLOWER to CANDIDATE at term 30 for changeToCandidate
2019-10-17 18:50:47,532 [Thread-790] INFO  impl.RoleInfo (RoleInfo.java:updateAndGet(143)) - a5e79c22-a35f-4e50-b1fd-e91b6a93d74d: start LeaderElection
2019-10-17 18:50:47,548 [a5e79c22-a35f-4e50-b1fd-e91b6a93d74d@group-F775CA5912AC-LeaderElection69] INFO  impl.LeaderElection (LeaderElection.java:askForVotes(178)) - a5e79c22-a35f-4e50-b1fd-e91b6a93d74d@group-F775CA5912AC-LeaderElection69: begin an election at term 31 for -1: [a5e79c22-a35f-4e50-b1fd-e91b6a93d74d:192.168.157.251:45177, daae7813-f814-475d-9647-a302a5541e36:192.168.157.251:45025, 1e4e1375-1b66-460f-8c99-4c341545a119:192.168.157.251:42113], old=null
2019-10-17 18:50:47,550 [grpc-default-executor-6] INFO  impl.RaftServerImpl (RaftServerImpl.java:setRole(184)) - daae7813-f814-475d-9647-a302a5541e36@group-F775CA5912AC: changes role from  FOLLOWER to FOLLOWER at term 31 for recognizeCandidate:a5e79c22-a35f-4e50-b1fd-e91b6a93d74d
2019-10-17 18:50:47,550 [grpc-default-executor-6] INFO  impl.RoleInfo (RoleInfo.java:shutdownFollowerState(121)) - daae7813-f814-475d-9647-a302a5541e36: shutdown FollowerState
2019-10-17 18:50:47,551 [grpc-default-executor-6] INFO  impl.RoleInfo (RoleInfo.java:updateAndGet(143)) - daae7813-f814-475d-9647-a302a5541e36: start FollowerState
2019-10-17 18:50:47,551 [Thread-788] INFO  impl.FollowerState (FollowerState.java:run(117)) - daae7813-f814-475d-9647-a302a5541e36@group-F775CA5912AC-FollowerState was interrupted: java.lang.InterruptedException: sleep interrupted
2019-10-17 18:50:47,552 [grpc-default-executor-4] INFO  impl.RaftServerImpl (RaftServerImpl.java:setRole(184)) - 1e4e1375-1b66-460f-8c99-4c341545a119@group-F775CA5912AC: changes role from  FOLLOWER to FOLLOWER at term 31 for recognizeCandidate:a5e79c22-a35f-4e50-b1fd-e91b6a93d74d
2019-10-17 18:50:47,552 [grpc-default-executor-4] INFO  impl.RoleInfo (RoleInfo.java:shutdownFollowerState(121)) - 1e4e1375-1b66-460f-8c99-4c341545a119: shutdown FollowerState
2019-10-17 18:50:47,553 [grpc-default-executor-4] INFO  impl.RoleInfo (RoleInfo.java:updateAndGet(143)) - 1e4e1375-1b66-460f-8c99-4c341545a119: start FollowerState
2019-10-17 18:50:47,553 [Thread-789] INFO  impl.FollowerState (FollowerState.java:run(117)) - 1e4e1375-1b66-460f-8c99-4c341545a119@group-F775CA5912AC-FollowerState was interrupted: java.lang.InterruptedException: sleep interrupted
2019-10-17 18:50:47,573 [Thread-796] INFO  impl.FollowerState (FollowerState.java:run(108)) - abcd8826-c056-4817-bd0f-7af19a46d814@group-5F52F902B742-FollowerState: change to CANDIDATE, lastRpcTime:56ms, electionTimeout:52ms
2019-10-17 18:50:47,573 [Thread-796] INFO  impl.RoleInfo (RoleInfo.java:shutdownFollowerState(121)) - abcd8826-c056-4817-bd0f-7af19a46d814: shutdown FollowerState
2019-10-17 18:50:47,574 [Thread-796] INFO  impl.RaftServerImpl (RaftServerImpl.java:setRole(184)) - abcd8826-c056-4817-bd0f-7af19a46d814@group-5F52F902B742: changes role from  FOLLOWER to CANDIDATE at term 29 for changeToCandidate
2019-10-17 18:50:47,576 [Thread-796] INFO  impl.RoleInfo (RoleInfo.java:updateAndGet(143)) - abcd8826-c056-4817-bd0f-7af19a46d814: start LeaderElection
2019-10-17 18:50:47,579 [a5e79c22-a35f-4e50-b1fd-e91b6a93d74d@group-F775CA5912AC-LeaderElection69] INFO  impl.LeaderElection (LeaderElection.java:logAndReturn(56)) - a5e79c22-a35f-4e50-b1fd-e91b6a93d74d@group-F775CA5912AC-LeaderElection69: Election REJECTED; received 2 response(s) [a5e79c22-a35f-4e50-b1fd-e91b6a93d74d<-daae7813-f814-475d-9647-a302a5541e36#0:FAIL-t31, a5e79c22-a35f-4e50-b1fd-e91b6a93d74d<-1e4e1375-1b66-460f-8c99-4c341545a119#0:FAIL-t31] and 0 exception(s); a5e79c22-a35f-4e50-b1fd-e91b6a93d74d@group-F775CA5912AC:t31, leader=null, voted=a5e79c22-a35f-4e50-b1fd-e91b6a93d74d, raftlog=a5e79c22-a35f-4e50-b1fd-e91b6a93d74d@group-F775CA5912AC-SegmentedRaftLog:OPENED:c-1,f-1,i0, conf=-1: [a5e79c22-a35f-4e50-b1fd-e91b6a93d74d:192.168.157.251:45177, daae7813-f814-475d-9647-a302a5541e36:192.168.157.251:45025, 1e4e1375-1b66-460f-8c99-4c341545a119:192.168.157.251:42113], old=null
2019-10-17 18:50:47,579 [a5e79c22-a35f-4e50-b1fd-e91b6a93d74d@group-F775CA5912AC-LeaderElection69] INFO  impl.RaftServerImpl (RaftServerImpl.java:setRole(184)) - a5e79c22-a35f-4e50-b1fd-e91b6a93d74d@group-F775CA5912AC: changes role from CANDIDATE to FOLLOWER at term 31 for DISCOVERED_A_NEW_TERM
2019-10-17 18:50:47,579 [a5e79c22-a35f-4e50-b1fd-e91b6a93d74d@group-F775CA5912AC-LeaderElection69] INFO  impl.RoleInfo (RoleInfo.java:shutdownLeaderElection(134)) - a5e79c22-a35f-4e50-b1fd-e91b6a93d74d: shutdown LeaderElection
2019-10-17 18:50:47,579 [a5e79c22-a35f-4e50-b1fd-e91b6a93d74d@group-F775CA5912AC-LeaderElection69] INFO  impl.RoleInfo (RoleInfo.java:updateAndGet(143)) - a5e79c22-a35f-4e50-b1fd-e91b6a93d74d: start FollowerState
2019-10-17 18:50:47,591 [abcd8826-c056-4817-bd0f-7af19a46d814@group-5F52F902B742-LeaderElection70] INFO  impl.LeaderElection (LeaderElection.java:askForVotes(178)) - abcd8826-c056-4817-bd0f-7af19a46d814@group-5F52F902B742-LeaderElection70: begin an election at term 30 for -1: [b8f04e38-0663-4b1f-8efd-f76585c6e86c:192.168.157.251:35700, abcd8826-c056-4817-bd0f-7af19a46d814:192.168.157.251:46496, 73297ffa-40cb-4e3e-b33e-1bc2c1da60f5:192.168.157.251:32952], old=null
2019-10-17 18:50:47,594 [grpc-default-executor-0] INFO  impl.RaftServerImpl (RaftServerImpl.java:setRole(184)) - b8f04e38-0663-4b1f-8efd-f76585c6e86c@group-5F52F902B742: changes role from  FOLLOWER to FOLLOWER at term 30 for recognizeCandidate:abcd8826-c056-4817-bd0f-7af19a46d814
2019-10-17 18:50:47,594 [grpc-default-executor-6] INFO  impl.RaftServerImpl (RaftServerImpl.java:setRole(184)) - 73297ffa-40cb-4e3e-b33e-1bc2c1da60f5@group-5F52F902B742: changes role from  FOLLOWER to FOLLOWER at term 30 for recognizeCandidate:abcd8826-c056-4817-bd0f-7af19a46d814
2019-10-17 18:50:47,594 [grpc-default-executor-0] INFO  impl.RoleInfo (RoleInfo.java:shutdownFollowerState(121)) - b8f04e38-0663-4b1f-8efd-f76585c6e86c: shutdown FollowerState
2019-10-17 18:50:47,594 [grpc-default-executor-6] INFO  impl.RoleInfo (RoleInfo.java:shutdownFollowerState(121)) - 73297ffa-40cb-4e3e-b33e-1bc2c1da60f5: shutdown FollowerState
2019-10-17 18:50:47,594 [Thread-794] INFO  impl.FollowerState (FollowerState.java:run(117)) - b8f04e38-0663-4b1f-8efd-f76585c6e86c@group-5F52F902B742-FollowerState was interrupted: java.lang.InterruptedException: sleep interrupted
2019-10-17 18:50:47,595 [grpc-default-executor-6] INFO  impl.RoleInfo (RoleInfo.java:updateAndGet(143)) - 73297ffa-40cb-4e3e-b33e-1bc2c1da60f5: start FollowerState
2019-10-17 18:50:47,594 [grpc-default-executor-0] INFO  impl.RoleInfo (RoleInfo.java:updateAndGet(143)) - b8f04e38-0663-4b1f-8efd-f76585c6e86c: start FollowerState
2019-10-17 18:50:47,595 [Thread-795] INFO  impl.FollowerState (FollowerState.java:run(117)) - 73297ffa-40cb-4e3e-b33e-1bc2c1da60f5@group-5F52F902B742-FollowerState was interrupted: java.lang.InterruptedException: sleep interrupted
2019-10-17 18:50:47,610 [abcd8826-c056-4817-bd0f-7af19a46d814@group-5F52F902B742-LeaderElection70] INFO  impl.LeaderElection (LeaderElection.java:logAndReturn(56)) - abcd8826-c056-4817-bd0f-7af19a46d814@group-5F52F902B742-LeaderElection70: Election REJECTED; received 2 response(s) [abcd8826-c056-4817-bd0f-7af19a46d814<-b8f04e38-0663-4b1f-8efd-f76585c6e86c#0:FAIL-t30, abcd8826-c056-4817-bd0f-7af19a46d814<-73297ffa-40cb-4e3e-b33e-1bc2c1da60f5#0:FAIL-t30] and 0 exception(s); abcd8826-c056-4817-bd0f-7af19a46d814@group-5F52F902B742:t30, leader=null, voted=abcd8826-c056-4817-bd0f-7af19a46d814, raftlog=abcd8826-c056-4817-bd0f-7af19a46d814@group-5F52F902B742-SegmentedRaftLog:OPENED:c-1,f-1,i0, conf=-1: [b8f04e38-0663-4b1f-8efd-f76585c6e86c:192.168.157.251:35700, abcd8826-c056-4817-bd0f-7af19a46d814:192.168.157.251:46496, 73297ffa-40cb-4e3e-b33e-1bc2c1da60f5:192.168.157.251:32952], old=null
2019-10-17 18:50:47,610 [abcd8826-c056-4817-bd0f-7af19a46d814@group-5F52F902B742-LeaderElection70] INFO  impl.RaftServerImpl (RaftServerImpl.java:setRole(184)) - abcd8826-c056-4817-bd0f-7af19a46d814@group-5F52F902B742: changes role from CANDIDATE to FOLLOWER at term 30 for DISCOVERED_A_NEW_TERM
2019-10-17 18:50:47,610 [abcd8826-c056-4817-bd0f-7af19a46d814@group-5F52F902B742-LeaderElection70] INFO  impl.RoleInfo (RoleInfo.java:shutdownLeaderElection(134)) - abcd8826-c056-4817-bd0f-7af19a46d814: shutdown LeaderElection
2019-10-17 18:50:47,611 [abcd8826-c056-4817-bd0f-7af19a46d814@group-5F52F902B742-LeaderElection70] INFO  impl.RoleInfo (RoleInfo.java:updateAndGet(143)) - abcd8826-c056-4817-bd0f-7af19a46d814: start FollowerState
2019-10-17 18:50:47,633 [Thread-805] INFO  impl.FollowerState (FollowerState.java:run(108)) - a5e79c22-a35f-4e50-b1fd-e91b6a93d74d@group-F775CA5912AC-FollowerState: change to CANDIDATE, lastRpcTime:53ms, electionTimeout:53ms
2019-10-17 18:50:47,633 [Thread-805] INFO  impl.RoleInfo (RoleInfo.java:shutdownFollowerState(121)) - a5e79c22-a35f-4e50-b1fd-e91b6a93d74d: shutdown FollowerState
2019-10-17 18:50:47,633 [Thread-805] INFO  impl.RaftServerImpl (RaftServerImpl.java:setRole(184)) - a5e79c22-a35f-4e50-b1fd-e91b6a93d74d@group-F775CA5912AC: changes role from  FOLLOWER to CANDIDATE at term 31 for changeToCandidate
2019-10-17 18:50:47,633 [Thread-805] INFO  impl.RoleInfo (RoleInfo.java:updateAndGet(143)) - a5e79c22-a35f-4e50-b1fd-e91b6a93d74d: start LeaderElection
2019-10-17 18:50:47,646 [a5e79c22-a35f-4e50-b1fd-e91b6a93d74d@group-F775CA5912AC-LeaderElection71] INFO  impl.LeaderElection (LeaderElection.java:askForVotes(178)) - a5e79c22-a35f-4e50-b1fd-e91b6a93d74d@group-F775CA5912AC-LeaderElection71: begin an election at term 32 for -1: [a5e79c22-a35f-4e50-b1fd-e91b6a93d74d:192.168.157.251:45177, daae7813-f814-475d-9647-a302a5541e36:192.168.157.251:45025, 1e4e1375-1b66-460f-8c99-4c341545a119:192.168.157.251:42113], old=null
2019-10-17 18:50:47,649 [grpc-default-executor-0] INFO  impl.RaftServerImpl (RaftServerImpl.java:setRole(184)) - daae7813-f814-475d-9647-a302a5541e36@group-F775CA5912AC: changes role from  FOLLOWER to FOLLOWER at term 32 for recognizeCandidate:a5e79c22-a35f-4e50-b1fd-e91b6a93d74d
2019-10-17 18:50:47,649 [grpc-default-executor-0] INFO  impl.RoleInfo (RoleInfo.java:shutdownFollowerState(121)) - daae7813-f814-475d-9647-a302a5541e36: shutdown FollowerState
2019-10-17 18:50:47,649 [grpc-default-executor-6] INFO  impl.RaftServerImpl (RaftServerImpl.java:setRole(184)) - 1e4e1375-1b66-460f-8c99-4c341545a119@group-F775CA5912AC: changes role from  FOLLOWER to FOLLOWER at term 32 for recognizeCandidate:a5e79c22-a35f-4e50-b1fd-e91b6a93d74d
2019-10-17 18:50:47,649 [grpc-default-executor-0] INFO  impl.RoleInfo (RoleInfo.java:updateAndGet(143)) - daae7813-f814-475d-9647-a302a5541e36: start FollowerState
2019-10-17 18:50:47,649 [Thread-801] INFO  impl.FollowerState (FollowerState.java:run(117)) - daae7813-f814-475d-9647-a302a5541e36@group-F775CA5912AC-FollowerState was interrupted: java.lang.InterruptedException: sleep interrupted
2019-10-17 18:50:47,649 [grpc-default-executor-6] INFO  impl.RoleInfo (RoleInfo.java:shutdownFollowerState(121)) - 1e4e1375-1b66-460f-8c99-4c341545a119: shutdown FollowerState
2019-10-17 18:50:47,650 [Thread-802] INFO  impl.FollowerState (FollowerState.java:run(117)) - 1e4e1375-1b66-460f-8c99-4c341545a119@group-F775CA5912AC-FollowerState was interrupted: java.lang.InterruptedException: sleep interrupted
2019-10-17 18:50:47,650 [grpc-default-executor-6] INFO  impl.RoleInfo (RoleInfo.java:updateAndGet(143)) - 1e4e1375-1b66-460f-8c99-4c341545a119: start FollowerState
2019-10-17 18:50:47,664 [a5e79c22-a35f-4e50-b1fd-e91b6a93d74d@group-F775CA5912AC-LeaderElection71] INFO  impl.LeaderElection (LeaderElection.java:logAndReturn(56)) - a5e79c22-a35f-4e50-b1fd-e91b6a93d74d@group-F775CA5912AC-LeaderElection71: Election REJECTED; received 2 response(s) [a5e79c22-a35f-4e50-b1fd-e91b6a93d74d<-daae7813-f814-475d-9647-a302a5541e36#0:FAIL-t32, a5e79c22-a35f-4e50-b1fd-e91b6a93d74d<-1e4e1375-1b66-460f-8c99-4c341545a119#0:FAIL-t32] and 0 exception(s); a5e79c22-a35f-4e50-b1fd-e91b6a93d74d@group-F775CA5912AC:t32, leader=null, voted=a5e79c22-a35f-4e50-b1fd-e91b6a93d74d, raftlog=a5e79c22-a35f-4e50-b1fd-e91b6a93d74d@group-F775CA5912AC-SegmentedRaftLog:OPENED:c-1,f-1,i0, conf=-1: [a5e79c22-a35f-4e50-b1fd-e91b6a93d74d:192.168.157.251:45177, daae7813-f814-475d-9647-a302a5541e36:192.168.157.251:45025, 1e4e1375-1b66-460f-8c99-4c341545a119:192.168.157.251:42113], old=null
2019-10-17 18:50:47,664 [a5e79c22-a35f-4e50-b1fd-e91b6a93d74d@group-F775CA5912AC-LeaderElection71] INFO  impl.RaftServerImpl (RaftServerImpl.java:setRole(184)) - a5e79c22-a35f-4e50-b1fd-e91b6a93d74d@group-F775CA5912AC: changes role from CANDIDATE to FOLLOWER at term 32 for DISCOVERED_A_NEW_TERM
2019-10-17 18:50:47,664 [a5e79c22-a35f-4e50-b1fd-e91b6a93d74d@group-F775CA5912AC-LeaderElection71] INFO  impl.RoleInfo (RoleInfo.java:shutdownLeaderElection(134)) - a5e79c22-a35f-4e50-b1fd-e91b6a93d74d: shutdown LeaderElection
2019-10-17 18:50:47,664 [a5e79c22-a35f-4e50-b1fd-e91b6a93d74d@group-F775CA5912AC-LeaderElection71] INFO  impl.RoleInfo (RoleInfo.java:updateAndGet(143)) - a5e79c22-a35f-4e50-b1fd-e91b6a93d74d: start FollowerState
2019-10-17 18:50:47,718 [Thread-810] INFO  impl.FollowerState (FollowerState.java:run(108)) - abcd8826-c056-4817-bd0f-7af19a46d814@group-5F52F902B742-FollowerState: change to CANDIDATE, lastRpcTime:107ms, electionTimeout:107ms
2019-10-17 18:50:47,718 [Thread-810] INFO  impl.RoleInfo (RoleInfo.java:shutdownFollowerState(121)) - abcd8826-c056-4817-bd0f-7af19a46d814: shutdown FollowerState
2019-10-17 18:50:47,718 [Thread-810] INFO  impl.RaftServerImpl (RaftServerImpl.java:setRole(184)) - abcd8826-c056-4817-bd0f-7af19a46d814@group-5F52F902B742: changes role from  FOLLOWER to CANDIDATE at term 30 for changeToCandidate
2019-10-17 18:50:47,718 [Thread-810] INFO  impl.RoleInfo (RoleInfo.java:updateAndGet(143)) - abcd8826-c056-4817-bd0f-7af19a46d814: start LeaderElection
2019-10-17 18:50:47,732 [abcd8826-c056-4817-bd0f-7af19a46d814@group-5F52F902B742-LeaderElection72] INFO  impl.LeaderElection (LeaderElection.java:askForVotes(178)) - abcd8826-c056-4817-bd0f-7af19a46d814@group-5F52F902B742-LeaderElection72: begin an election at term 31 for -1: [b8f04e38-0663-4b1f-8efd-f76585c6e86c:192.168.157.251:35700, abcd8826-c056-4817-bd0f-7af19a46d814:192.168.157.251:46496, 73297ffa-40cb-4e3e-b33e-1bc2c1da60f5:192.168.157.251:32952], old=null
2019-10-17 18:50:47,735 [grpc-default-executor-6] INFO  impl.RaftServerImpl (RaftServerImpl.java:setRole(184)) - b8f04e38-0663-4b1f-8efd-f76585c6e86c@group-5F52F902B742: changes role from  FOLLOWER to FOLLOWER at term 31 for recognizeCandidate:abcd8826-c056-4817-bd0f-7af19a46d814
2019-10-17 18:50:47,735 [grpc-default-executor-0] INFO  impl.RaftServerImpl (RaftServerImpl.java:setRole(184)) - 73297ffa-40cb-4e3e-b33e-1bc2c1da60f5@group-5F52F902B742: changes role from  FOLLOWER to FOLLOWER at term 31 for recognizeCandidate:abcd8826-c056-4817-bd0f-7af19a46d814
2019-10-17 18:50:47,736 [grpc-default-executor-0] INFO  impl.RoleInfo (RoleInfo.java:shutdownFollowerState(121)) - 73297ffa-40cb-4e3e-b33e-1bc2c1da60f5: shutdown FollowerState
2019-10-17 18:50:47,735 [grpc-default-executor-6] INFO  impl.RoleInfo (RoleInfo.java:shutdownFollowerState(121)) - b8f04e38-0663-4b1f-8efd-f76585c6e86c: shutdown FollowerState
2019-10-17 18:50:47,736 [grpc-default-executor-0] INFO  impl.RoleInfo (RoleInfo.java:updateAndGet(143)) - 73297ffa-40cb-4e3e-b33e-1bc2c1da60f5: start FollowerState
2019-10-17 18:50:47,736 [Thread-809] INFO  impl.FollowerState (FollowerState.java:run(117)) - 73297ffa-40cb-4e3e-b33e-1bc2c1da60f5@group-5F52F902B742-FollowerState was interrupted: java.lang.InterruptedException: sleep interrupted
2019-10-17 18:50:47,736 [Thread-808] INFO  impl.FollowerState (FollowerState.java:run(117)) - b8f04e38-0663-4b1f-8efd-f76585c6e86c@group-5F52F902B742-FollowerState was interrupted: java.lang.InterruptedException: sleep interrupted
2019-10-17 18:50:47,736 [grpc-default-executor-6] INFO  impl.RoleInfo (RoleInfo.java:updateAndGet(143)) - b8f04e38-0663-4b1f-8efd-f76585c6e86c: start FollowerState
2019-10-17 18:50:47,751 [abcd8826-c056-4817-bd0f-7af19a46d814@group-5F52F902B742-LeaderElection72] INFO  impl.LeaderElection (LeaderElection.java:logAndReturn(56)) - abcd8826-c056-4817-bd0f-7af19a46d814@group-5F52F902B742-LeaderElection72: Election REJECTED; received 2 response(s) [abcd8826-c056-4817-bd0f-7af19a46d814<-b8f04e38-0663-4b1f-8efd-f76585c6e86c#0:FAIL-t31, abcd8826-c056-4817-bd0f-7af19a46d814<-73297ffa-40cb-4e3e-b33e-1bc2c1da60f5#0:FAIL-t31] and 0 exception(s); abcd8826-c056-4817-bd0f-7af19a46d814@group-5F52F902B742:t31, leader=null, voted=abcd8826-c056-4817-bd0f-7af19a46d814, raftlog=abcd8826-c056-4817-bd0f-7af19a46d814@group-5F52F902B742-SegmentedRaftLog:OPENED:c-1,f-1,i0, conf=-1: [b8f04e38-0663-4b1f-8efd-f76585c6e86c:192.168.157.251:35700, abcd8826-c056-4817-bd0f-7af19a46d814:192.168.157.251:46496, 73297ffa-40cb-4e3e-b33e-1bc2c1da60f5:192.168.157.251:32952], old=null
2019-10-17 18:50:47,752 [abcd8826-c056-4817-bd0f-7af19a46d814@group-5F52F902B742-LeaderElection72] INFO  impl.RaftServerImpl (RaftServerImpl.java:setRole(184)) - abcd8826-c056-4817-bd0f-7af19a46d814@group-5F52F902B742: changes role from CANDIDATE to FOLLOWER at term 31 for DISCOVERED_A_NEW_TERM
2019-10-17 18:50:47,752 [abcd8826-c056-4817-bd0f-7af19a46d814@group-5F52F902B742-LeaderElection72] INFO  impl.RoleInfo (RoleInfo.java:shutdownLeaderElection(134)) - abcd8826-c056-4817-bd0f-7af19a46d814: shutdown LeaderElection
2019-10-17 18:50:47,752 [abcd8826-c056-4817-bd0f-7af19a46d814@group-5F52F902B742-LeaderElection72] INFO  impl.RoleInfo (RoleInfo.java:updateAndGet(143)) - abcd8826-c056-4817-bd0f-7af19a46d814: start FollowerState
2019-10-17 18:50:47,775 [Thread-816] INFO  impl.FollowerState (FollowerState.java:run(108)) - a5e79c22-a35f-4e50-b1fd-e91b6a93d74d@group-F775CA5912AC-FollowerState: change to CANDIDATE, lastRpcTime:110ms, electionTimeout:110ms
2019-10-17 18:50:47,775 [Thread-816] INFO  impl.RoleInfo (RoleInfo.java:shutdownFollowerState(121)) - a5e79c22-a35f-4e50-b1fd-e91b6a93d74d: shutdown FollowerState
2019-10-17 18:50:47,775 [Thread-816] INFO  impl.RaftServerImpl (RaftServerImpl.java:setRole(184)) - a5e79c22-a35f-4e50-b1fd-e91b6a93d74d@group-F775CA5912AC: changes role from  FOLLOWER to CANDIDATE at term 32 for changeToCandidate
2019-10-17 18:50:47,775 [Thread-816] INFO  impl.RoleInfo (RoleInfo.java:updateAndGet(143)) - a5e79c22-a35f-4e50-b1fd-e91b6a93d74d: start LeaderElection
2019-10-17 18:50:47,787 [Thread-822] INFO  impl.FollowerState (FollowerState.java:run(108)) - abcd8826-c056-4817-bd0f-7af19a46d814@group-5F52F902B742-FollowerState: change to CANDIDATE, lastRpcTime:35ms, electionTimeout:35ms
2019-10-17 18:50:47,787 [Thread-822] INFO  impl.RoleInfo (RoleInfo.java:shutdownFollowerState(121)) - abcd8826-c056-4817-bd0f-7af19a46d814: shutdown FollowerState
2019-10-17 18:50:47,787 [Thread-822] INFO  impl.RaftServerImpl (RaftServerImpl.java:setRole(184)) - abcd8826-c056-4817-bd0f-7af19a46d814@group-5F52F902B742: changes role from  FOLLOWER to CANDIDATE at term 31 for changeToCandidate
2019-10-17 18:50:47,788 [Thread-822] INFO  impl.RoleInfo (RoleInfo.java:updateAndGet(143)) - abcd8826-c056-4817-bd0f-7af19a46d814: start LeaderElection
2019-10-17 18:50:47,790 [a5e79c22-a35f-4e50-b1fd-e91b6a93d74d@group-F775CA5912AC-LeaderElection73] INFO  impl.LeaderElection (LeaderElection.java:askForVotes(178)) - a5e79c22-a35f-4e50-b1fd-e91b6a93d74d@group-F775CA5912AC-LeaderElection73: begin an election at term 33 for -1: [a5e79c22-a35f-4e50-b1fd-e91b6a93d74d:192.168.157.251:45177, daae7813-f814-475d-9647-a302a5541e36:192.168.157.251:45025, 1e4e1375-1b66-460f-8c99-4c341545a119:192.168.157.251:42113], old=null
2019-10-17 18:50:47,792 [abcd8826-c056-4817-bd0f-7af19a46d814@group-5F52F902B742-LeaderElection74] INFO  impl.LeaderElection (LeaderElection.java:askForVotes(178)) - abcd8826-c056-4817-bd0f-7af19a46d814@group-5F52F902B742-LeaderElection74: begin an election at term 32 for -1: [b8f04e38-0663-4b1f-8efd-f76585c6e86c:192.168.157.251:35700, abcd8826-c056-4817-bd0f-7af19a46d814:192.168.157.251:46496, 73297ffa-40cb-4e3e-b33e-1bc2c1da60f5:192.168.157.251:32952], old=null
2019-10-17 18:50:47,796 [grpc-default-executor-6] INFO  impl.RaftServerImpl (RaftServerImpl.java:setRole(184)) - daae7813-f814-475d-9647-a302a5541e36@group-F775CA5912AC: changes role from  FOLLOWER to FOLLOWER at term 33 for recognizeCandidate:a5e79c22-a35f-4e50-b1fd-e91b6a93d74d
2019-10-17 18:50:47,796 [grpc-default-executor-0] INFO  impl.RaftServerImpl (RaftServerImpl.java:setRole(184)) - 1e4e1375-1b66-460f-8c99-4c341545a119@group-F775CA5912AC: changes role from  FOLLOWER to FOLLOWER at term 33 for recognizeCandidate:a5e79c22-a35f-4e50-b1fd-e91b6a93d74d
2019-10-17 18:50:47,797 [grpc-default-executor-0] INFO  impl.RoleInfo (RoleInfo.java:shutdownFollowerState(121)) - 1e4e1375-1b66-460f-8c99-4c341545a119: shutdown FollowerState
2019-10-17 18:50:47,797 [grpc-default-executor-6] INFO  impl.RoleInfo (RoleInfo.java:shutdownFollowerState(121)) - daae7813-f814-475d-9647-a302a5541e36: shutdown FollowerState
2019-10-17 18:50:47,797 [grpc-default-executor-0] INFO  impl.RoleInfo (RoleInfo.java:updateAndGet(143)) - 1e4e1375-1b66-460f-8c99-4c341545a119: start FollowerState
2019-10-17 18:50:47,797 [grpc-default-executor-4] INFO  impl.RaftServerImpl (RaftServerImpl.java:setRole(184)) - b8f04e38-0663-4b1f-8efd-f76585c6e86c@group-5F52F902B742: changes role from  FOLLOWER to FOLLOWER at term 32 for recognizeCandidate:abcd8826-c056-4817-bd0f-7af19a46d814
2019-10-17 18:50:47,797 [Thread-815] INFO  impl.FollowerState (FollowerState.java:run(117)) - 1e4e1375-1b66-460f-8c99-4c341545a119@group-F775CA5912AC-FollowerState was interrupted: java.lang.InterruptedException: sleep interrupted
2019-10-17 18:50:47,797 [grpc-default-executor-4] INFO  impl.RoleInfo (RoleInfo.java:shutdownFollowerState(121)) - b8f04e38-0663-4b1f-8efd-f76585c6e86c: shutdown FollowerState
2019-10-17 18:50:47,797 [grpc-default-executor-6] INFO  impl.RoleInfo (RoleInfo.java:updateAndGet(143)) - daae7813-f814-475d-9647-a302a5541e36: start FollowerState
2019-10-17 18:50:47,797 [Thread-814] INFO  impl.FollowerState (FollowerState.java:run(117)) - daae7813-f814-475d-9647-a302a5541e36@group-F775CA5912AC-FollowerState was interrupted: java.lang.InterruptedException: sleep interrupted
2019-10-17 18:50:47,798 [Thread-821] INFO  impl.FollowerState (FollowerState.java:run(117)) - b8f04e38-0663-4b1f-8efd-f76585c6e86c@group-5F52F902B742-FollowerState was interrupted: java.lang.InterruptedException: sleep interrupted
2019-10-17 18:50:47,798 [grpc-default-executor-4] INFO  impl.RoleInfo (RoleInfo.java:updateAndGet(143)) - b8f04e38-0663-4b1f-8efd-f76585c6e86c: start FollowerState
2019-10-17 18:50:47,798 [grpc-default-executor-2] INFO  impl.RaftServerImpl (RaftServerImpl.java:setRole(184)) - 73297ffa-40cb-4e3e-b33e-1bc2c1da60f5@group-5F52F902B742: changes role from  FOLLOWER to FOLLOWER at term 32 for recognizeCandidate:abcd8826-c056-4817-bd0f-7af19a46d814
2019-10-17 18:50:47,799 [grpc-default-executor-2] INFO  impl.RoleInfo (RoleInfo.java:shutdownFollowerState(121)) - 73297ffa-40cb-4e3e-b33e-1bc2c1da60f5: shutdown FollowerState
2019-10-17 18:50:47,799 [grpc-default-executor-2] INFO  impl.RoleInfo (RoleInfo.java:updateAndGet(143)) - 73297ffa-40cb-4e3e-b33e-1bc2c1da60f5: start FollowerState
2019-10-17 18:50:47,799 [Thread-820] INFO  impl.FollowerState (FollowerState.java:run(117)) - 73297ffa-40cb-4e3e-b33e-1bc2c1da60f5@group-5F52F902B742-FollowerState was interrupted: java.lang.InterruptedException: sleep interrupted
2019-10-17 18:50:47,829 [abcd8826-c056-4817-bd0f-7af19a46d814@group-5F52F902B742-LeaderElection74] INFO  impl.LeaderElection (LeaderElection.java:logAndReturn(56)) - abcd8826-c056-4817-bd0f-7af19a46d814@group-5F52F902B742-LeaderElection74: Election REJECTED; received 2 response(s) [abcd8826-c056-4817-bd0f-7af19a46d814<-b8f04e38-0663-4b1f-8efd-f76585c6e86c#0:FAIL-t32, abcd8826-c056-4817-bd0f-7af19a46d814<-73297ffa-40cb-4e3e-b33e-1bc2c1da60f5#0:FAIL-t32] and 0 exception(s); abcd8826-c056-4817-bd0f-7af19a46d814@group-5F52F902B742:t32, leader=null, voted=abcd8826-c056-4817-bd0f-7af19a46d814, raftlog=abcd8826-c056-4817-bd0f-7af19a46d814@group-5F52F902B742-SegmentedRaftLog:OPENED:c-1,f-1,i0, conf=-1: [b8f04e38-0663-4b1f-8efd-f76585c6e86c:192.168.157.251:35700, abcd8826-c056-4817-bd0f-7af19a46d814:192.168.157.251:46496, 73297ffa-40cb-4e3e-b33e-1bc2c1da60f5:192.168.157.251:32952], old=null
2019-10-17 18:50:47,829 [abcd8826-c056-4817-bd0f-7af19a46d814@group-5F52F902B742-LeaderElection74] INFO  impl.RaftServerImpl (RaftServerImpl.java:setRole(184)) - abcd8826-c056-4817-bd0f-7af19a46d814@group-5F52F902B742: changes role from CANDIDATE to FOLLOWER at term 32 for DISCOVERED_A_NEW_TERM
2019-10-17 18:50:47,829 [a5e79c22-a35f-4e50-b1fd-e91b6a93d74d@group-F775CA5912AC-LeaderElection73] INFO  impl.LeaderElection (LeaderElection.java:logAndReturn(56)) - a5e79c22-a35f-4e50-b1fd-e91b6a93d74d@group-F775CA5912AC-LeaderElection73: Election REJECTED; received 2 response(s) [a5e79c22-a35f-4e50-b1fd-e91b6a93d74d<-daae7813-f814-475d-9647-a302a5541e36#0:FAIL-t33, a5e79c22-a35f-4e50-b1fd-e91b6a93d74d<-1e4e1375-1b66-460f-8c99-4c341545a119#0:FAIL-t33] and 0 exception(s); a5e79c22-a35f-4e50-b1fd-e91b6a93d74d@group-F775CA5912AC:t33, leader=null, voted=a5e79c22-a35f-4e50-b1fd-e91b6a93d74d, raftlog=a5e79c22-a35f-4e50-b1fd-e91b6a93d74d@group-F775CA5912AC-SegmentedRaftLog:OPENED:c-1,f-1,i0, conf=-1: [a5e79c22-a35f-4e50-b1fd-e91b6a93d74d:192.168.157.251:45177, daae7813-f814-475d-9647-a302a5541e36:192.168.157.251:45025, 1e4e1375-1b66-460f-8c99-4c341545a119:192.168.157.251:42113], old=null
2019-10-17 18:50:47,829 [abcd8826-c056-4817-bd0f-7af19a46d814@group-5F52F902B742-LeaderElection74] INFO  impl.RoleInfo (RoleInfo.java:shutdownLeaderElection(134)) - abcd8826-c056-4817-bd0f-7af19a46d814: shutdown LeaderElection
2019-10-17 18:50:47,829 [a5e79c22-a35f-4e50-b1fd-e91b6a93d74d@group-F775CA5912AC-LeaderElection73] INFO  impl.RaftServerImpl (RaftServerImpl.java:setRole(184)) - a5e79c22-a35f-4e50-b1fd-e91b6a93d74d@group-F775CA5912AC: changes role from CANDIDATE to FOLLOWER at term 33 for DISCOVERED_A_NEW_TERM
2019-10-17 18:50:47,829 [abcd8826-c056-4817-bd0f-7af19a46d814@group-5F52F902B742-LeaderElection74] INFO  impl.RoleInfo (RoleInfo.java:updateAndGet(143)) - abcd8826-c056-4817-bd0f-7af19a46d814: start FollowerState
2019-10-17 18:50:47,830 [a5e79c22-a35f-4e50-b1fd-e91b6a93d74d@group-F775CA5912AC-LeaderElection73] INFO  impl.RoleInfo (RoleInfo.java:shutdownLeaderElection(134)) - a5e79c22-a35f-4e50-b1fd-e91b6a93d74d: shutdown LeaderElection
2019-10-17 18:50:47,830 [a5e79c22-a35f-4e50-b1fd-e91b6a93d74d@group-F775CA5912AC-LeaderElection73] INFO  impl.RoleInfo (RoleInfo.java:updateAndGet(143)) - a5e79c22-a35f-4e50-b1fd-e91b6a93d74d: start FollowerState
2019-10-17 18:50:47,832 [Thread-836] INFO  impl.FollowerState (FollowerState.java:run(108)) - a5e79c22-a35f-4e50-b1fd-e91b6a93d74d@group-F775CA5912AC-FollowerState: change to CANDIDATE, lastRpcTime:2ms, electionTimeout:2ms
2019-10-17 18:50:47,832 [Thread-836] INFO  impl.RoleInfo (RoleInfo.java:shutdownFollowerState(121)) - a5e79c22-a35f-4e50-b1fd-e91b6a93d74d: shutdown FollowerState
2019-10-17 18:50:47,833 [Thread-836] INFO  impl.RaftServerImpl (RaftServerImpl.java:setRole(184)) - a5e79c22-a35f-4e50-b1fd-e91b6a93d74d@group-F775CA5912AC: changes role from  FOLLOWER to CANDIDATE at term 33 for changeToCandidate
2019-10-17 18:50:47,833 [Thread-836] INFO  impl.RoleInfo (RoleInfo.java:updateAndGet(143)) - a5e79c22-a35f-4e50-b1fd-e91b6a93d74d: start LeaderElection
2019-10-17 18:50:47,846 [a5e79c22-a35f-4e50-b1fd-e91b6a93d74d@group-F775CA5912AC-LeaderElection75] INFO  impl.LeaderElection (LeaderElection.java:askForVotes(178)) - a5e79c22-a35f-4e50-b1fd-e91b6a93d74d@group-F775CA5912AC-LeaderElection75: begin an election at term 34 for -1: [a5e79c22-a35f-4e50-b1fd-e91b6a93d74d:192.168.157.251:45177, daae7813-f814-475d-9647-a302a5541e36:192.168.157.251:45025, 1e4e1375-1b66-460f-8c99-4c341545a119:192.168.157.251:42113], old=null
2019-10-17 18:50:47,848 [grpc-default-executor-6] INFO  impl.RaftServerImpl (RaftServerImpl.java:setRole(184)) - 1e4e1375-1b66-460f-8c99-4c341545a119@group-F775CA5912AC: changes role from  FOLLOWER to FOLLOWER at term 34 for recognizeCandidate:a5e79c22-a35f-4e50-b1fd-e91b6a93d74d
2019-10-17 18:50:47,848 [grpc-default-executor-4] INFO  impl.RaftServerImpl (RaftServerImpl.java:setRole(184)) - daae7813-f814-475d-9647-a302a5541e36@group-F775CA5912AC: changes role from  FOLLOWER to FOLLOWER at term 34 for recognizeCandidate:a5e79c22-a35f-4e50-b1fd-e91b6a93d74d
2019-10-17 18:50:47,848 [grpc-default-executor-6] INFO  impl.RoleInfo (RoleInfo.java:shutdownFollowerState(121)) - 1e4e1375-1b66-460f-8c99-4c341545a119: shutdown FollowerState
2019-10-17 18:50:47,849 [grpc-default-executor-4] INFO  impl.RoleInfo (RoleInfo.java:shutdownFollowerState(121)) - daae7813-f814-475d-9647-a302a5541e36: shutdown FollowerState
2019-10-17 18:50:47,849 [Thread-829] INFO  impl.FollowerState (FollowerState.java:run(117)) - 1e4e1375-1b66-460f-8c99-4c341545a119@group-F775CA5912AC-FollowerState was interrupted: java.lang.InterruptedException: sleep interrupted
2019-10-17 18:50:47,849 [grpc-default-executor-6] INFO  impl.RoleInfo (RoleInfo.java:updateAndGet(143)) - 1e4e1375-1b66-460f-8c99-4c341545a119: start FollowerState
2019-10-17 18:50:47,849 [Thread-830] INFO  impl.FollowerState (FollowerState.java:run(117)) - daae7813-f814-475d-9647-a302a5541e36@group-F775CA5912AC-FollowerState was interrupted: java.lang.InterruptedException: sleep interrupted
2019-10-17 18:50:47,849 [grpc-default-executor-4] INFO  impl.RoleInfo (RoleInfo.java:updateAndGet(143)) - daae7813-f814-475d-9647-a302a5541e36: start FollowerState
2019-10-17 18:50:47,864 [a5e79c22-a35f-4e50-b1fd-e91b6a93d74d@group-F775CA5912AC-LeaderElection75] INFO  impl.LeaderElection (LeaderElection.java:logAndReturn(56)) - a5e79c22-a35f-4e50-b1fd-e91b6a93d74d@group-F775CA5912AC-LeaderElection75: Election REJECTED; received 2 response(s) [a5e79c22-a35f-4e50-b1fd-e91b6a93d74d<-daae7813-f814-475d-9647-a302a5541e36#0:FAIL-t34, a5e79c22-a35f-4e50-b1fd-e91b6a93d74d<-1e4e1375-1b66-460f-8c99-4c341545a119#0:FAIL-t34] and 0 exception(s); a5e79c22-a35f-4e50-b1fd-e91b6a93d74d@group-F775CA5912AC:t34, leader=null, voted=a5e79c22-a35f-4e50-b1fd-e91b6a93d74d, raftlog=a5e79c22-a35f-4e50-b1fd-e91b6a93d74d@group-F775CA5912AC-SegmentedRaftLog:OPENED:c-1,f-1,i0, conf=-1: [a5e79c22-a35f-4e50-b1fd-e91b6a93d74d:192.168.157.251:45177, daae7813-f814-475d-9647-a302a5541e36:192.168.157.251:45025, 1e4e1375-1b66-460f-8c99-4c341545a119:192.168.157.251:42113], old=null
2019-10-17 18:50:47,864 [a5e79c22-a35f-4e50-b1fd-e91b6a93d74d@group-F775CA5912AC-LeaderElection75] INFO  impl.RaftServerImpl (RaftServerImpl.java:setRole(184)) - a5e79c22-a35f-4e50-b1fd-e91b6a93d74d@group-F775CA5912AC: changes role from CANDIDATE to FOLLOWER at term 34 for DISCOVERED_A_NEW_TERM
2019-10-17 18:50:47,864 [a5e79c22-a35f-4e50-b1fd-e91b6a93d74d@group-F775CA5912AC-LeaderElection75] INFO  impl.RoleInfo (RoleInfo.java:shutdownLeaderElection(134)) - a5e79c22-a35f-4e50-b1fd-e91b6a93d74d: shutdown LeaderElection
2019-10-17 18:50:47,864 [a5e79c22-a35f-4e50-b1fd-e91b6a93d74d@group-F775CA5912AC-LeaderElection75] INFO  impl.RoleInfo (RoleInfo.java:updateAndGet(143)) - a5e79c22-a35f-4e50-b1fd-e91b6a93d74d: start FollowerState
2019-10-17 18:50:48,019 [Thread-835] INFO  impl.FollowerState (FollowerState.java:run(108)) - abcd8826-c056-4817-bd0f-7af19a46d814@group-5F52F902B742-FollowerState: change to CANDIDATE, lastRpcTime:189ms, electionTimeout:189ms
2019-10-17 18:50:48,019 [Thread-835] INFO  impl.RoleInfo (RoleInfo.java:shutdownFollowerState(121)) - abcd8826-c056-4817-bd0f-7af19a46d814: shutdown FollowerState
2019-10-17 18:50:48,019 [Thread-835] INFO  impl.RaftServerImpl (RaftServerImpl.java:setRole(184)) - abcd8826-c056-4817-bd0f-7af19a46d814@group-5F52F902B742: changes role from  FOLLOWER to CANDIDATE at term 32 for changeToCandidate
2019-10-17 18:50:48,020 [Thread-835] INFO  impl.RoleInfo (RoleInfo.java:updateAndGet(143)) - abcd8826-c056-4817-bd0f-7af19a46d814: start LeaderElection
2019-10-17 18:50:48,034 [abcd8826-c056-4817-bd0f-7af19a46d814@group-5F52F902B742-LeaderElection76] INFO  impl.LeaderElection (LeaderElection.java:askForVotes(178)) - abcd8826-c056-4817-bd0f-7af19a46d814@group-5F52F902B742-LeaderElection76: begin an election at term 33 for -1: [b8f04e38-0663-4b1f-8efd-f76585c6e86c:192.168.157.251:35700, abcd8826-c056-4817-bd0f-7af19a46d814:192.168.157.251:46496, 73297ffa-40cb-4e3e-b33e-1bc2c1da60f5:192.168.157.251:32952], old=null
2019-10-17 18:50:48,034 [Thread-842] INFO  impl.FollowerState (FollowerState.java:run(108)) - a5e79c22-a35f-4e50-b1fd-e91b6a93d74d@group-F775CA5912AC-FollowerState: change to CANDIDATE, lastRpcTime:169ms, electionTimeout:169ms
2019-10-17 18:50:48,034 [Thread-842] INFO  impl.RoleInfo (RoleInfo.java:shutdownFollowerState(121)) - a5e79c22-a35f-4e50-b1fd-e91b6a93d74d: shutdown FollowerState
2019-10-17 18:50:48,034 [Thread-842] INFO  impl.RaftServerImpl (RaftServerImpl.java:setRole(184)) - a5e79c22-a35f-4e50-b1fd-e91b6a93d74d@group-F775CA5912AC: changes role from  FOLLOWER to CANDIDATE at term 34 for changeToCandidate
2019-10-17 18:50:48,034 [Thread-842] INFO  impl.RoleInfo (RoleInfo.java:updateAndGet(143)) - a5e79c22-a35f-4e50-b1fd-e91b6a93d74d: start LeaderElection
2019-10-17 18:50:48,036 [grpc-default-executor-4] INFO  impl.RaftServerImpl (RaftServerImpl.java:setRole(184)) - 73297ffa-40cb-4e3e-b33e-1bc2c1da60f5@group-5F52F902B742: changes role from  FOLLOWER to FOLLOWER at term 33 for recognizeCandidate:abcd8826-c056-4817-bd0f-7af19a46d814
2019-10-17 18:50:48,036 [grpc-default-executor-6] INFO  impl.RaftServerImpl (RaftServerImpl.java:setRole(184)) - b8f04e38-0663-4b1f-8efd-f76585c6e86c@group-5F52F902B742: changes role from  FOLLOWER to FOLLOWER at term 33 for recognizeCandidate:abcd8826-c056-4817-bd0f-7af19a46d814
2019-10-17 18:50:48,036 [grpc-default-executor-4] INFO  impl.RoleInfo (RoleInfo.java:shutdownFollowerState(121)) - 73297ffa-40cb-4e3e-b33e-1bc2c1da60f5: shutdown FollowerState
2019-10-17 18:50:48,037 [grpc-default-executor-6] INFO  impl.RoleInfo (RoleInfo.java:shutdownFollowerState(121)) - b8f04e38-0663-4b1f-8efd-f76585c6e86c: shutdown FollowerState
2019-10-17 18:50:48,037 [grpc-default-executor-4] INFO  impl.RoleInfo (RoleInfo.java:updateAndGet(143)) - 73297ffa-40cb-4e3e-b33e-1bc2c1da60f5: start FollowerState
2019-10-17 18:50:48,037 [Thread-832] INFO  impl.FollowerState (FollowerState.java:run(117)) - 73297ffa-40cb-4e3e-b33e-1bc2c1da60f5@group-5F52F902B742-FollowerState was interrupted: java.lang.InterruptedException: sleep interrupted
2019-10-17 18:50:48,037 [grpc-default-executor-6] INFO  impl.RoleInfo (RoleInfo.java:updateAndGet(143)) - b8f04e38-0663-4b1f-8efd-f76585c6e86c: start FollowerState
2019-10-17 18:50:48,037 [Thread-831] INFO  impl.FollowerState (FollowerState.java:run(117)) - b8f04e38-0663-4b1f-8efd-f76585c6e86c@group-5F52F902B742-FollowerState was interrupted: java.lang.InterruptedException: sleep interrupted
2019-10-17 18:50:48,049 [a5e79c22-a35f-4e50-b1fd-e91b6a93d74d@group-F775CA5912AC-LeaderElection77] INFO  impl.LeaderElection (LeaderElection.java:askForVotes(178)) - a5e79c22-a35f-4e50-b1fd-e91b6a93d74d@group-F775CA5912AC-LeaderElection77: begin an election at term 35 for -1: [a5e79c22-a35f-4e50-b1fd-e91b6a93d74d:192.168.157.251:45177, daae7813-f814-475d-9647-a302a5541e36:192.168.157.251:45025, 1e4e1375-1b66-460f-8c99-4c341545a119:192.168.157.251:42113], old=null
2019-10-17 18:50:48,050 [abcd8826-c056-4817-bd0f-7af19a46d814@group-5F52F902B742-LeaderElection76] INFO  impl.LeaderElection (LeaderElection.java:logAndReturn(56)) - abcd8826-c056-4817-bd0f-7af19a46d814@group-5F52F902B742-LeaderElection76: Election REJECTED; received 2 response(s) [abcd8826-c056-4817-bd0f-7af19a46d814<-b8f04e38-0663-4b1f-8efd-f76585c6e86c#0:FAIL-t33, abcd8826-c056-4817-bd0f-7af19a46d814<-73297ffa-40cb-4e3e-b33e-1bc2c1da60f5#0:FAIL-t33] and 0 exception(s); abcd8826-c056-4817-bd0f-7af19a46d814@group-5F52F902B742:t33, leader=null, voted=abcd8826-c056-4817-bd0f-7af19a46d814, raftlog=abcd8826-c056-4817-bd0f-7af19a46d814@group-5F52F902B742-SegmentedRaftLog:OPENED:c-1,f-1,i0, conf=-1: [b8f04e38-0663-4b1f-8efd-f76585c6e86c:192.168.157.251:35700, abcd8826-c056-4817-bd0f-7af19a46d814:192.168.157.251:46496, 73297ffa-40cb-4e3e-b33e-1bc2c1da60f5:192.168.157.251:32952], old=null
2019-10-17 18:50:48,050 [abcd8826-c056-4817-bd0f-7af19a46d814@group-5F52F902B742-LeaderElection76] INFO  impl.RaftServerImpl (RaftServerImpl.java:setRole(184)) - abcd8826-c056-4817-bd0f-7af19a46d814@group-5F52F902B742: changes role from CANDIDATE to FOLLOWER at term 33 for DISCOVERED_A_NEW_TERM
2019-10-17 18:50:48,050 [abcd8826-c056-4817-bd0f-7af19a46d814@group-5F52F902B742-LeaderElection76] INFO  impl.RoleInfo (RoleInfo.java:shutdownLeaderElection(134)) - abcd8826-c056-4817-bd0f-7af19a46d814: shutdown LeaderElection
2019-10-17 18:50:48,050 [abcd8826-c056-4817-bd0f-7af19a46d814@group-5F52F902B742-LeaderElection76] INFO  impl.RoleInfo (RoleInfo.java:updateAndGet(143)) - abcd8826-c056-4817-bd0f-7af19a46d814: start FollowerState
2019-10-17 18:50:48,051 [grpc-default-executor-6] INFO  impl.RaftServerImpl (RaftServerImpl.java:setRole(184)) - 1e4e1375-1b66-460f-8c99-4c341545a119@group-F775CA5912AC: changes role from  FOLLOWER to FOLLOWER at term 35 for recognizeCandidate:a5e79c22-a35f-4e50-b1fd-e91b6a93d74d
2019-10-17 18:50:48,051 [grpc-default-executor-6] INFO  impl.RoleInfo (RoleInfo.java:shutdownFollowerState(121)) - 1e4e1375-1b66-460f-8c99-4c341545a119: shutdown FollowerState
2019-10-17 18:50:48,051 [grpc-default-executor-4] INFO  impl.RaftServerImpl (RaftServerImpl.java:setRole(184)) - daae7813-f814-475d-9647-a302a5541e36@group-F775CA5912AC: changes role from  FOLLOWER to FOLLOWER at term 35 for recognizeCandidate:a5e79c22-a35f-4e50-b1fd-e91b6a93d74d
2019-10-17 18:50:48,051 [Thread-840] INFO  impl.FollowerState (FollowerState.java:run(117)) - 1e4e1375-1b66-460f-8c99-4c341545a119@group-F775CA5912AC-FollowerState was interrupted: java.lang.InterruptedException: sleep interrupted
2019-10-17 18:50:48,051 [grpc-default-executor-6] INFO  impl.RoleInfo (RoleInfo.java:updateAndGet(143)) - 1e4e1375-1b66-460f-8c99-4c341545a119: start FollowerState
2019-10-17 18:50:48,051 [grpc-default-executor-4] INFO  impl.RoleInfo (RoleInfo.java:shutdownFollowerState(121)) - daae7813-f814-475d-9647-a302a5541e36: shutdown FollowerState
2019-10-17 18:50:48,052 [Thread-841] INFO  impl.FollowerState (FollowerState.java:run(117)) - daae7813-f814-475d-9647-a302a5541e36@group-F775CA5912AC-FollowerState was interrupted: java.lang.InterruptedException: sleep interrupted
2019-10-17 18:50:48,052 [grpc-default-executor-4] INFO  impl.RoleInfo (RoleInfo.java:updateAndGet(143)) - daae7813-f814-475d-9647-a302a5541e36: start FollowerState
2019-10-17 18:50:48,065 [a5e79c22-a35f-4e50-b1fd-e91b6a93d74d@group-F775CA5912AC-LeaderElection77] INFO  impl.LeaderElection (LeaderElection.java:logAndReturn(56)) - a5e79c22-a35f-4e50-b1fd-e91b6a93d74d@group-F775CA5912AC-LeaderElection77: Election REJECTED; received 2 response(s) [a5e79c22-a35f-4e50-b1fd-e91b6a93d74d<-daae7813-f814-475d-9647-a302a5541e36#0:FAIL-t35, a5e79c22-a35f-4e50-b1fd-e91b6a93d74d<-1e4e1375-1b66-460f-8c99-4c341545a119#0:FAIL-t35] and 0 exception(s); a5e79c22-a35f-4e50-b1fd-e91b6a93d74d@group-F775CA5912AC:t35, leader=null, voted=a5e79c22-a35f-4e50-b1fd-e91b6a93d74d, raftlog=a5e79c22-a35f-4e50-b1fd-e91b6a93d74d@group-F775CA5912AC-SegmentedRaftLog:OPENED:c-1,f-1,i0, conf=-1: [a5e79c22-a35f-4e50-b1fd-e91b6a93d74d:192.168.157.251:45177, daae7813-f814-475d-9647-a302a5541e36:192.168.157.251:45025, 1e4e1375-1b66-460f-8c99-4c341545a119:192.168.157.251:42113], old=null
2019-10-17 18:50:48,065 [a5e79c22-a35f-4e50-b1fd-e91b6a93d74d@group-F775CA5912AC-LeaderElection77] INFO  impl.RaftServerImpl (RaftServerImpl.java:setRole(184)) - a5e79c22-a35f-4e50-b1fd-e91b6a93d74d@group-F775CA5912AC: changes role from CANDIDATE to FOLLOWER at term 35 for DISCOVERED_A_NEW_TERM
2019-10-17 18:50:48,065 [a5e79c22-a35f-4e50-b1fd-e91b6a93d74d@group-F775CA5912AC-LeaderElection77] INFO  impl.RoleInfo (RoleInfo.java:shutdownLeaderElection(134)) - a5e79c22-a35f-4e50-b1fd-e91b6a93d74d: shutdown LeaderElection
2019-10-17 18:50:48,065 [a5e79c22-a35f-4e50-b1fd-e91b6a93d74d@group-F775CA5912AC-LeaderElection77] INFO  impl.RoleInfo (RoleInfo.java:updateAndGet(143)) - a5e79c22-a35f-4e50-b1fd-e91b6a93d74d: start FollowerState
2019-10-17 18:50:48,112 [Thread-854] INFO  impl.FollowerState (FollowerState.java:run(108)) - a5e79c22-a35f-4e50-b1fd-e91b6a93d74d@group-F775CA5912AC-FollowerState: change to CANDIDATE, lastRpcTime:47ms, electionTimeout:47ms
2019-10-17 18:50:48,113 [Thread-854] INFO  impl.RoleInfo (RoleInfo.java:shutdownFollowerState(121)) - a5e79c22-a35f-4e50-b1fd-e91b6a93d74d: shutdown FollowerState
2019-10-17 18:50:48,113 [Thread-854] INFO  impl.RaftServerImpl (RaftServerImpl.java:setRole(184)) - a5e79c22-a35f-4e50-b1fd-e91b6a93d74d@group-F775CA5912AC: changes role from  FOLLOWER to CANDIDATE at term 35 for changeToCandidate
2019-10-17 18:50:48,113 [Thread-854] INFO  impl.RoleInfo (RoleInfo.java:updateAndGet(143)) - a5e79c22-a35f-4e50-b1fd-e91b6a93d74d: start LeaderElection
2019-10-17 18:50:48,127 [a5e79c22-a35f-4e50-b1fd-e91b6a93d74d@group-F775CA5912AC-LeaderElection78] INFO  impl.LeaderElection (LeaderElection.java:askForVotes(178)) - a5e79c22-a35f-4e50-b1fd-e91b6a93d74d@group-F775CA5912AC-LeaderElection78: begin an election at term 36 for -1: [a5e79c22-a35f-4e50-b1fd-e91b6a93d74d:192.168.157.251:45177, daae7813-f814-475d-9647-a302a5541e36:192.168.157.251:45025, 1e4e1375-1b66-460f-8c99-4c341545a119:192.168.157.251:42113], old=null
2019-10-17 18:50:48,129 [grpc-default-executor-4] INFO  impl.RaftServerImpl (RaftServerImpl.java:setRole(184)) - daae7813-f814-475d-9647-a302a5541e36@group-F775CA5912AC: changes role from  FOLLOWER to FOLLOWER at term 36 for recognizeCandidate:a5e79c22-a35f-4e50-b1fd-e91b6a93d74d
2019-10-17 18:50:48,129 [grpc-default-executor-4] INFO  impl.RoleInfo (RoleInfo.java:shutdownFollowerState(121)) - daae7813-f814-475d-9647-a302a5541e36: shutdown FollowerState
2019-10-17 18:50:48,129 [grpc-default-executor-6] INFO  impl.RaftServerImpl (RaftServerImpl.java:setRole(184)) - 1e4e1375-1b66-460f-8c99-4c341545a119@group-F775CA5912AC: changes role from  FOLLOWER to FOLLOWER at term 36 for recognizeCandidate:a5e79c22-a35f-4e50-b1fd-e91b6a93d74d
2019-10-17 18:50:48,129 [Thread-853] INFO  impl.FollowerState (FollowerState.java:run(117)) - daae7813-f814-475d-9647-a302a5541e36@group-F775CA5912AC-FollowerState was interrupted: java.lang.InterruptedException: sleep interrupted
2019-10-17 18:50:48,129 [grpc-default-executor-4] INFO  impl.RoleInfo (RoleInfo.java:updateAndGet(143)) - daae7813-f814-475d-9647-a302a5541e36: start FollowerState
2019-10-17 18:50:48,129 [grpc-default-executor-6] INFO  impl.RoleInfo (RoleInfo.java:shutdownFollowerState(121)) - 1e4e1375-1b66-460f-8c99-4c341545a119: shutdown FollowerState
2019-10-17 18:50:48,130 [Thread-852] INFO  impl.FollowerState (FollowerState.java:run(117)) - 1e4e1375-1b66-460f-8c99-4c341545a119@group-F775CA5912AC-FollowerState was interrupted: java.lang.InterruptedException: sleep interrupted
2019-10-17 18:50:48,130 [grpc-default-executor-6] INFO  impl.RoleInfo (RoleInfo.java:updateAndGet(143)) - 1e4e1375-1b66-460f-8c99-4c341545a119: start FollowerState
2019-10-17 18:50:48,144 [a5e79c22-a35f-4e50-b1fd-e91b6a93d74d@group-F775CA5912AC-LeaderElection78] INFO  impl.LeaderElection (LeaderElection.java:logAndReturn(56)) - a5e79c22-a35f-4e50-b1fd-e91b6a93d74d@group-F775CA5912AC-LeaderElection78: Election REJECTED; received 2 response(s) [a5e79c22-a35f-4e50-b1fd-e91b6a93d74d<-daae7813-f814-475d-9647-a302a5541e36#0:FAIL-t36, a5e79c22-a35f-4e50-b1fd-e91b6a93d74d<-1e4e1375-1b66-460f-8c99-4c341545a119#0:FAIL-t36] and 0 exception(s); a5e79c22-a35f-4e50-b1fd-e91b6a93d74d@group-F775CA5912AC:t36, leader=null, voted=a5e79c22-a35f-4e50-b1fd-e91b6a93d74d, raftlog=a5e79c22-a35f-4e50-b1fd-e91b6a93d74d@group-F775CA5912AC-SegmentedRaftLog:OPENED:c-1,f-1,i0, conf=-1: [a5e79c22-a35f-4e50-b1fd-e91b6a93d74d:192.168.157.251:45177, daae7813-f814-475d-9647-a302a5541e36:192.168.157.251:45025, 1e4e1375-1b66-460f-8c99-4c341545a119:192.168.157.251:42113], old=null
2019-10-17 18:50:48,144 [a5e79c22-a35f-4e50-b1fd-e91b6a93d74d@group-F775CA5912AC-LeaderElection78] INFO  impl.RaftServerImpl (RaftServerImpl.java:setRole(184)) - a5e79c22-a35f-4e50-b1fd-e91b6a93d74d@group-F775CA5912AC: changes role from CANDIDATE to FOLLOWER at term 36 for DISCOVERED_A_NEW_TERM
2019-10-17 18:50:48,144 [a5e79c22-a35f-4e50-b1fd-e91b6a93d74d@group-F775CA5912AC-LeaderElection78] INFO  impl.RoleInfo (RoleInfo.java:shutdownLeaderElection(134)) - a5e79c22-a35f-4e50-b1fd-e91b6a93d74d: shutdown LeaderElection
2019-10-17 18:50:48,144 [a5e79c22-a35f-4e50-b1fd-e91b6a93d74d@group-F775CA5912AC-LeaderElection78] INFO  impl.RoleInfo (RoleInfo.java:updateAndGet(143)) - a5e79c22-a35f-4e50-b1fd-e91b6a93d74d: start FollowerState
2019-10-17 18:50:48,167 [Thread-851] INFO  impl.FollowerState (FollowerState.java:run(108)) - abcd8826-c056-4817-bd0f-7af19a46d814@group-5F52F902B742-FollowerState: change to CANDIDATE, lastRpcTime:116ms, electionTimeout:116ms
2019-10-17 18:50:48,167 [Thread-851] INFO  impl.RoleInfo (RoleInfo.java:shutdownFollowerState(121)) - abcd8826-c056-4817-bd0f-7af19a46d814: shutdown FollowerState
2019-10-17 18:50:48,167 [Thread-851] INFO  impl.RaftServerImpl (RaftServerImpl.java:setRole(184)) - abcd8826-c056-4817-bd0f-7af19a46d814@group-5F52F902B742: changes role from  FOLLOWER to CANDIDATE at term 33 for changeToCandidate
2019-10-17 18:50:48,167 [Thread-851] INFO  impl.RoleInfo (RoleInfo.java:updateAndGet(143)) - abcd8826-c056-4817-bd0f-7af19a46d814: start LeaderElection
2019-10-17 18:50:48,181 [abcd8826-c056-4817-bd0f-7af19a46d814@group-5F52F902B742-LeaderElection79] INFO  impl.LeaderElection (LeaderElection.java:askForVotes(178)) - abcd8826-c056-4817-bd0f-7af19a46d814@group-5F52F902B742-LeaderElection79: begin an election at term 34 for -1: [b8f04e38-0663-4b1f-8efd-f76585c6e86c:192.168.157.251:35700, abcd8826-c056-4817-bd0f-7af19a46d814:192.168.157.251:46496, 73297ffa-40cb-4e3e-b33e-1bc2c1da60f5:192.168.157.251:32952], old=null
2019-10-17 18:50:48,183 [grpc-default-executor-6] INFO  impl.RaftServerImpl (RaftServerImpl.java:setRole(184)) - 73297ffa-40cb-4e3e-b33e-1bc2c1da60f5@group-5F52F902B742: changes role from  FOLLOWER to FOLLOWER at term 34 for recognizeCandidate:abcd8826-c056-4817-bd0f-7af19a46d814
2019-10-17 18:50:48,184 [grpc-default-executor-4] INFO  impl.RaftServerImpl (RaftServerImpl.java:setRole(184)) - b8f04e38-0663-4b1f-8efd-f76585c6e86c@group-5F52F902B742: changes role from  FOLLOWER to FOLLOWER at term 34 for recognizeCandidate:abcd8826-c056-4817-bd0f-7af19a46d814
2019-10-17 18:50:48,184 [grpc-default-executor-6] INFO  impl.RoleInfo (RoleInfo.java:shutdownFollowerState(121)) - 73297ffa-40cb-4e3e-b33e-1bc2c1da60f5: shutdown FollowerState
2019-10-17 18:50:48,184 [grpc-default-executor-4] INFO  impl.RoleInfo (RoleInfo.java:shutdownFollowerState(121)) - b8f04e38-0663-4b1f-8efd-f76585c6e86c: shutdown FollowerState
2019-10-17 18:50:48,184 [Thread-847] INFO  impl.FollowerState (FollowerState.java:run(117)) - 73297ffa-40cb-4e3e-b33e-1bc2c1da60f5@group-5F52F902B742-FollowerState was interrupted: java.lang.InterruptedException: sleep interrupted
2019-10-17 18:50:48,184 [grpc-default-executor-6] INFO  impl.RoleInfo (RoleInfo.java:updateAndGet(143)) - 73297ffa-40cb-4e3e-b33e-1bc2c1da60f5: start FollowerState
2019-10-17 18:50:48,184 [Thread-848] INFO  impl.FollowerState (FollowerState.java:run(117)) - b8f04e38-0663-4b1f-8efd-f76585c6e86c@group-5F52F902B742-FollowerState was interrupted: java.lang.InterruptedException: sleep interrupted
2019-10-17 18:50:48,184 [grpc-default-executor-4] INFO  impl.RoleInfo (RoleInfo.java:updateAndGet(143)) - b8f04e38-0663-4b1f-8efd-f76585c6e86c: start FollowerState
2019-10-17 18:50:48,198 [abcd8826-c056-4817-bd0f-7af19a46d814@group-5F52F902B742-LeaderElection79] INFO  impl.LeaderElection (LeaderElection.java:logAndReturn(56)) - abcd8826-c056-4817-bd0f-7af19a46d814@group-5F52F902B742-LeaderElection79: Election REJECTED; received 2 response(s) [abcd8826-c056-4817-bd0f-7af19a46d814<-b8f04e38-0663-4b1f-8efd-f76585c6e86c#0:FAIL-t34, abcd8826-c056-4817-bd0f-7af19a46d814<-73297ffa-40cb-4e3e-b33e-1bc2c1da60f5#0:FAIL-t34] and 0 exception(s); abcd8826-c056-4817-bd0f-7af19a46d814@group-5F52F902B742:t34, leader=null, voted=abcd8826-c056-4817-bd0f-7af19a46d814, raftlog=abcd8826-c056-4817-bd0f-7af19a46d814@group-5F52F902B742-SegmentedRaftLog:OPENED:c-1,f-1,i0, conf=-1: [b8f04e38-0663-4b1f-8efd-f76585c6e86c:192.168.157.251:35700, abcd8826-c056-4817-bd0f-7af19a46d814:192.168.157.251:46496, 73297ffa-40cb-4e3e-b33e-1bc2c1da60f5:192.168.157.251:32952], old=null
2019-10-17 18:50:48,199 [abcd8826-c056-4817-bd0f-7af19a46d814@group-5F52F902B742-LeaderElection79] INFO  impl.RaftServerImpl (RaftServerImpl.java:setRole(184)) - abcd8826-c056-4817-bd0f-7af19a46d814@group-5F52F902B742: changes role from CANDIDATE to FOLLOWER at term 34 for DISCOVERED_A_NEW_TERM
2019-10-17 18:50:48,199 [abcd8826-c056-4817-bd0f-7af19a46d814@group-5F52F902B742-LeaderElection79] INFO  impl.RoleInfo (RoleInfo.java:shutdownLeaderElection(134)) - abcd8826-c056-4817-bd0f-7af19a46d814: shutdown LeaderElection
2019-10-17 18:50:48,199 [abcd8826-c056-4817-bd0f-7af19a46d814@group-5F52F902B742-LeaderElection79] INFO  impl.RoleInfo (RoleInfo.java:updateAndGet(143)) - abcd8826-c056-4817-bd0f-7af19a46d814: start FollowerState
2019-10-17 18:50:48,236 [Thread-866] INFO  impl.FollowerState (FollowerState.java:run(108)) - abcd8826-c056-4817-bd0f-7af19a46d814@group-5F52F902B742-FollowerState: change to CANDIDATE, lastRpcTime:37ms, electionTimeout:37ms
2019-10-17 18:50:48,236 [Thread-866] INFO  impl.RoleInfo (RoleInfo.java:shutdownFollowerState(121)) - abcd8826-c056-4817-bd0f-7af19a46d814: shutdown FollowerState
2019-10-17 18:50:48,237 [Thread-866] INFO  impl.RaftServerImpl (RaftServerImpl.java:setRole(184)) - abcd8826-c056-4817-bd0f-7af19a46d814@group-5F52F902B742: changes role from  FOLLOWER to CANDIDATE at term 34 for changeToCandidate
2019-10-17 18:50:48,237 [Thread-866] INFO  impl.RoleInfo (RoleInfo.java:updateAndGet(143)) - abcd8826-c056-4817-bd0f-7af19a46d814: start LeaderElection
2019-10-17 18:50:48,250 [abcd8826-c056-4817-bd0f-7af19a46d814@group-5F52F902B742-LeaderElection80] INFO  impl.LeaderElection (LeaderElection.java:askForVotes(178)) - abcd8826-c056-4817-bd0f-7af19a46d814@group-5F52F902B742-LeaderElection80: begin an election at term 35 for -1: [b8f04e38-0663-4b1f-8efd-f76585c6e86c:192.168.157.251:35700, abcd8826-c056-4817-bd0f-7af19a46d814:192.168.157.251:46496, 73297ffa-40cb-4e3e-b33e-1bc2c1da60f5:192.168.157.251:32952], old=null
2019-10-17 18:50:48,252 [grpc-default-executor-4] INFO  impl.RaftServerImpl (RaftServerImpl.java:setRole(184)) - 73297ffa-40cb-4e3e-b33e-1bc2c1da60f5@group-5F52F902B742: changes role from  FOLLOWER to FOLLOWER at term 35 for recognizeCandidate:abcd8826-c056-4817-bd0f-7af19a46d814
2019-10-17 18:50:48,252 [grpc-default-executor-6] INFO  impl.RaftServerImpl (RaftServerImpl.java:setRole(184)) - b8f04e38-0663-4b1f-8efd-f76585c6e86c@group-5F52F902B742: changes role from  FOLLOWER to FOLLOWER at term 35 for recognizeCandidate:abcd8826-c056-4817-bd0f-7af19a46d814
2019-10-17 18:50:48,252 [grpc-default-executor-4] INFO  impl.RoleInfo (RoleInfo.java:shutdownFollowerState(121)) - 73297ffa-40cb-4e3e-b33e-1bc2c1da60f5: shutdown FollowerState
2019-10-17 18:50:48,252 [grpc-default-executor-6] INFO  impl.RoleInfo (RoleInfo.java:shutdownFollowerState(121)) - b8f04e38-0663-4b1f-8efd-f76585c6e86c: shutdown FollowerState
2019-10-17 18:50:48,253 [grpc-default-executor-4] INFO  impl.RoleInfo (RoleInfo.java:updateAndGet(143)) - 73297ffa-40cb-4e3e-b33e-1bc2c1da60f5: start FollowerState
2019-10-17 18:50:48,253 [Thread-865] INFO  impl.FollowerState (FollowerState.java:run(117)) - b8f04e38-0663-4b1f-8efd-f76585c6e86c@group-5F52F902B742-FollowerState was interrupted: java.lang.InterruptedException: sleep interrupted
2019-10-17 18:50:48,253 [grpc-default-executor-6] INFO  impl.RoleInfo (RoleInfo.java:updateAndGet(143)) - b8f04e38-0663-4b1f-8efd-f76585c6e86c: start FollowerState
2019-10-17 18:50:48,253 [Thread-864] INFO  impl.FollowerState (FollowerState.java:run(117)) - 73297ffa-40cb-4e3e-b33e-1bc2c1da60f5@group-5F52F902B742-FollowerState was interrupted: java.lang.InterruptedException: sleep interrupted
2019-10-17 18:50:48,267 [abcd8826-c056-4817-bd0f-7af19a46d814@group-5F52F902B742-LeaderElection80] INFO  impl.LeaderElection (LeaderElection.java:logAndReturn(56)) - abcd8826-c056-4817-bd0f-7af19a46d814@group-5F52F902B742-LeaderElection80: Election REJECTED; received 2 response(s) [abcd8826-c056-4817-bd0f-7af19a46d814<-b8f04e38-0663-4b1f-8efd-f76585c6e86c#0:FAIL-t35, abcd8826-c056-4817-bd0f-7af19a46d814<-73297ffa-40cb-4e3e-b33e-1bc2c1da60f5#0:FAIL-t35] and 0 exception(s); abcd8826-c056-4817-bd0f-7af19a46d814@group-5F52F902B742:t35, leader=null, voted=abcd8826-c056-4817-bd0f-7af19a46d814, raftlog=abcd8826-c056-4817-bd0f-7af19a46d814@group-5F52F902B742-SegmentedRaftLog:OPENED:c-1,f-1,i0, conf=-1: [b8f04e38-0663-4b1f-8efd-f76585c6e86c:192.168.157.251:35700, abcd8826-c056-4817-bd0f-7af19a46d814:192.168.157.251:46496, 73297ffa-40cb-4e3e-b33e-1bc2c1da60f5:192.168.157.251:32952], old=null
2019-10-17 18:50:48,268 [abcd8826-c056-4817-bd0f-7af19a46d814@group-5F52F902B742-LeaderElection80] INFO  impl.RaftServerImpl (RaftServerImpl.java:setRole(184)) - abcd8826-c056-4817-bd0f-7af19a46d814@group-5F52F902B742: changes role from CANDIDATE to FOLLOWER at term 35 for DISCOVERED_A_NEW_TERM
2019-10-17 18:50:48,268 [abcd8826-c056-4817-bd0f-7af19a46d814@group-5F52F902B742-LeaderElection80] INFO  impl.RoleInfo (RoleInfo.java:shutdownLeaderElection(134)) - abcd8826-c056-4817-bd0f-7af19a46d814: shutdown LeaderElection
2019-10-17 18:50:48,268 [abcd8826-c056-4817-bd0f-7af19a46d814@group-5F52F902B742-LeaderElection80] INFO  impl.RoleInfo (RoleInfo.java:updateAndGet(143)) - abcd8826-c056-4817-bd0f-7af19a46d814: start FollowerState
2019-10-17 18:50:48,303 [Thread-860] INFO  impl.FollowerState (FollowerState.java:run(108)) - a5e79c22-a35f-4e50-b1fd-e91b6a93d74d@group-F775CA5912AC-FollowerState: change to CANDIDATE, lastRpcTime:158ms, electionTimeout:158ms
2019-10-17 18:50:48,303 [Thread-860] INFO  impl.RoleInfo (RoleInfo.java:shutdownFollowerState(121)) - a5e79c22-a35f-4e50-b1fd-e91b6a93d74d: shutdown FollowerState
2019-10-17 18:50:48,303 [Thread-860] INFO  impl.RaftServerImpl (RaftServerImpl.java:setRole(184)) - a5e79c22-a35f-4e50-b1fd-e91b6a93d74d@group-F775CA5912AC: changes role from  FOLLOWER to CANDIDATE at term 36 for changeToCandidate
2019-10-17 18:50:48,303 [Thread-860] INFO  impl.RoleInfo (RoleInfo.java:updateAndGet(143)) - a5e79c22-a35f-4e50-b1fd-e91b6a93d74d: start LeaderElection
2019-10-17 18:50:48,316 [a5e79c22-a35f-4e50-b1fd-e91b6a93d74d@group-F775CA5912AC-LeaderElection81] INFO  impl.LeaderElection (LeaderElection.java:askForVotes(178)) - a5e79c22-a35f-4e50-b1fd-e91b6a93d74d@group-F775CA5912AC-LeaderElection81: begin an election at term 37 for -1: [a5e79c22-a35f-4e50-b1fd-e91b6a93d74d:192.168.157.251:45177, daae7813-f814-475d-9647-a302a5541e36:192.168.157.251:45025, 1e4e1375-1b66-460f-8c99-4c341545a119:192.168.157.251:42113], old=null
2019-10-17 18:50:48,321 [grpc-default-executor-4] INFO  impl.RaftServerImpl (RaftServerImpl.java:setRole(184)) - 1e4e1375-1b66-460f-8c99-4c341545a119@group-F775CA5912AC: changes role from  FOLLOWER to FOLLOWER at term 37 for recognizeCandidate:a5e79c22-a35f-4e50-b1fd-e91b6a93d74d
2019-10-17 18:50:48,321 [grpc-default-executor-6] INFO  impl.RaftServerImpl (RaftServerImpl.java:setRole(184)) - daae7813-f814-475d-9647-a302a5541e36@group-F775CA5912AC: changes role from  FOLLOWER to FOLLOWER at term 37 for recognizeCandidate:a5e79c22-a35f-4e50-b1fd-e91b6a93d74d
2019-10-17 18:50:48,321 [grpc-default-executor-4] INFO  impl.RoleInfo (RoleInfo.java:shutdownFollowerState(121)) - 1e4e1375-1b66-460f-8c99-4c341545a119: shutdown FollowerState
2019-10-17 18:50:48,321 [grpc-default-executor-6] INFO  impl.RoleInfo (RoleInfo.java:shutdownFollowerState(121)) - daae7813-f814-475d-9647-a302a5541e36: shutdown FollowerState
2019-10-17 18:50:48,321 [grpc-default-executor-4] INFO  impl.RoleInfo (RoleInfo.java:updateAndGet(143)) - 1e4e1375-1b66-460f-8c99-4c341545a119: start FollowerState
2019-10-17 18:50:48,321 [Thread-858] INFO  impl.FollowerState (FollowerState.java:run(117)) - daae7813-f814-475d-9647-a302a5541e36@group-F775CA5912AC-FollowerState was interrupted: java.lang.InterruptedException: sleep interrupted
2019-10-17 18:50:48,321 [Thread-859] INFO  impl.FollowerState (FollowerState.java:run(117)) - 1e4e1375-1b66-460f-8c99-4c341545a119@group-F775CA5912AC-FollowerState was interrupted: java.lang.InterruptedException: sleep interrupted
2019-10-17 18:50:48,321 [grpc-default-executor-6] INFO  impl.RoleInfo (RoleInfo.java:updateAndGet(143)) - daae7813-f814-475d-9647-a302a5541e36: start FollowerState
2019-10-17 18:50:48,334 [a5e79c22-a35f-4e50-b1fd-e91b6a93d74d@group-F775CA5912AC-LeaderElection81] INFO  impl.LeaderElection (LeaderElection.java:logAndReturn(56)) - a5e79c22-a35f-4e50-b1fd-e91b6a93d74d@group-F775CA5912AC-LeaderElection81: Election REJECTED; received 2 response(s) [a5e79c22-a35f-4e50-b1fd-e91b6a93d74d<-daae7813-f814-475d-9647-a302a5541e36#0:FAIL-t37, a5e79c22-a35f-4e50-b1fd-e91b6a93d74d<-1e4e1375-1b66-460f-8c99-4c341545a119#0:FAIL-t37] and 0 exception(s); a5e79c22-a35f-4e50-b1fd-e91b6a93d74d@group-F775CA5912AC:t37, leader=null, voted=a5e79c22-a35f-4e50-b1fd-e91b6a93d74d, raftlog=a5e79c22-a35f-4e50-b1fd-e91b6a93d74d@group-F775CA5912AC-SegmentedRaftLog:OPENED:c-1,f-1,i0, conf=-1: [a5e79c22-a35f-4e50-b1fd-e91b6a93d74d:192.168.157.251:45177, daae7813-f814-475d-9647-a302a5541e36:192.168.157.251:45025, 1e4e1375-1b66-460f-8c99-4c341545a119:192.168.157.251:42113], old=null
2019-10-17 18:50:48,334 [a5e79c22-a35f-4e50-b1fd-e91b6a93d74d@group-F775CA5912AC-LeaderElection81] INFO  impl.RaftServerImpl (RaftServerImpl.java:setRole(184)) - a5e79c22-a35f-4e50-b1fd-e91b6a93d74d@group-F775CA5912AC: changes role from CANDIDATE to FOLLOWER at term 37 for DISCOVERED_A_NEW_TERM
2019-10-17 18:50:48,334 [a5e79c22-a35f-4e50-b1fd-e91b6a93d74d@group-F775CA5912AC-LeaderElection81] INFO  impl.RoleInfo (RoleInfo.java:shutdownLeaderElection(134)) - a5e79c22-a35f-4e50-b1fd-e91b6a93d74d: shutdown LeaderElection
2019-10-17 18:50:48,334 [a5e79c22-a35f-4e50-b1fd-e91b6a93d74d@group-F775CA5912AC-LeaderElection81] INFO  impl.RoleInfo (RoleInfo.java:updateAndGet(143)) - a5e79c22-a35f-4e50-b1fd-e91b6a93d74d: start FollowerState
2019-10-17 18:50:48,370 [Thread-872] INFO  impl.FollowerState (FollowerState.java:run(108)) - abcd8826-c056-4817-bd0f-7af19a46d814@group-5F52F902B742-FollowerState: change to CANDIDATE, lastRpcTime:102ms, electionTimeout:102ms
2019-10-17 18:50:48,370 [Thread-872] INFO  impl.RoleInfo (RoleInfo.java:shutdownFollowerState(121)) - abcd8826-c056-4817-bd0f-7af19a46d814: shutdown FollowerState
2019-10-17 18:50:48,370 [Thread-872] INFO  impl.RaftServerImpl (RaftServerImpl.java:setRole(184)) - abcd8826-c056-4817-bd0f-7af19a46d814@group-5F52F902B742: changes role from  FOLLOWER to CANDIDATE at term 35 for changeToCandidate
2019-10-17 18:50:48,370 [Thread-872] INFO  impl.RoleInfo (RoleInfo.java:updateAndGet(143)) - abcd8826-c056-4817-bd0f-7af19a46d814: start LeaderElection
2019-10-17 18:50:48,384 [abcd8826-c056-4817-bd0f-7af19a46d814@group-5F52F902B742-LeaderElection82] INFO  impl.LeaderElection (LeaderElection.java:askForVotes(178)) - abcd8826-c056-4817-bd0f-7af19a46d814@group-5F52F902B742-LeaderElection82: begin an election at term 36 for -1: [b8f04e38-0663-4b1f-8efd-f76585c6e86c:192.168.157.251:35700, abcd8826-c056-4817-bd0f-7af19a46d814:192.168.157.251:46496, 73297ffa-40cb-4e3e-b33e-1bc2c1da60f5:192.168.157.251:32952], old=null
2019-10-17 18:50:48,386 [grpc-default-executor-6] INFO  impl.RaftServerImpl (RaftServerImpl.java:setRole(184)) - b8f04e38-0663-4b1f-8efd-f76585c6e86c@group-5F52F902B742: changes role from  FOLLOWER to FOLLOWER at term 36 for recognizeCandidate:abcd8826-c056-4817-bd0f-7af19a46d814
2019-10-17 18:50:48,386 [grpc-default-executor-4] INFO  impl.RaftServerImpl (RaftServerImpl.java:setRole(184)) - 73297ffa-40cb-4e3e-b33e-1bc2c1da60f5@group-5F52F902B742: changes role from  FOLLOWER to FOLLOWER at term 36 for recognizeCandidate:abcd8826-c056-4817-bd0f-7af19a46d814
2019-10-17 18:50:48,386 [grpc-default-executor-6] INFO  impl.RoleInfo (RoleInfo.java:shutdownFollowerState(121)) - b8f04e38-0663-4b1f-8efd-f76585c6e86c: shutdown FollowerState
2019-10-17 18:50:48,386 [grpc-default-executor-4] INFO  impl.RoleInfo (RoleInfo.java:shutdownFollowerState(121)) - 73297ffa-40cb-4e3e-b33e-1bc2c1da60f5: shutdown FollowerState
2019-10-17 18:50:48,387 [grpc-default-executor-6] INFO  impl.RoleInfo (RoleInfo.java:updateAndGet(143)) - b8f04e38-0663-4b1f-8efd-f76585c6e86c: start FollowerState
2019-10-17 18:50:48,387 [Thread-870] INFO  impl.FollowerState (FollowerState.java:run(117)) - 73297ffa-40cb-4e3e-b33e-1bc2c1da60f5@group-5F52F902B742-FollowerState was interrupted: java.lang.InterruptedException: sleep interrupted
2019-10-17 18:50:48,387 [Thread-871] INFO  impl.FollowerState (FollowerState.java:run(117)) - b8f04e38-0663-4b1f-8efd-f76585c6e86c@group-5F52F902B742-FollowerState was interrupted: java.lang.InterruptedException: sleep interrupted
2019-10-17 18:50:48,387 [grpc-default-executor-4] INFO  impl.RoleInfo (RoleInfo.java:updateAndGet(143)) - 73297ffa-40cb-4e3e-b33e-1bc2c1da60f5: start FollowerState
2019-10-17 18:50:48,402 [abcd8826-c056-4817-bd0f-7af19a46d814@group-5F52F902B742-LeaderElection82] INFO  impl.LeaderElection (LeaderElection.java:logAndReturn(56)) - abcd8826-c056-4817-bd0f-7af19a46d814@group-5F52F902B742-LeaderElection82: Election REJECTED; received 2 response(s) [abcd8826-c056-4817-bd0f-7af19a46d814<-b8f04e38-0663-4b1f-8efd-f76585c6e86c#0:FAIL-t36, abcd8826-c056-4817-bd0f-7af19a46d814<-73297ffa-40cb-4e3e-b33e-1bc2c1da60f5#0:FAIL-t36] and 0 exception(s); abcd8826-c056-4817-bd0f-7af19a46d814@group-5F52F902B742:t36, leader=null, voted=abcd8826-c056-4817-bd0f-7af19a46d814, raftlog=abcd8826-c056-4817-bd0f-7af19a46d814@group-5F52F902B742-SegmentedRaftLog:OPENED:c-1,f-1,i0, conf=-1: [b8f04e38-0663-4b1f-8efd-f76585c6e86c:192.168.157.251:35700, abcd8826-c056-4817-bd0f-7af19a46d814:192.168.157.251:46496, 73297ffa-40cb-4e3e-b33e-1bc2c1da60f5:192.168.157.251:32952], old=null
2019-10-17 18:50:48,402 [abcd8826-c056-4817-bd0f-7af19a46d814@group-5F52F902B742-LeaderElection82] INFO  impl.RaftServerImpl (RaftServerImpl.java:setRole(184)) - abcd8826-c056-4817-bd0f-7af19a46d814@group-5F52F902B742: changes role from CANDIDATE to FOLLOWER at term 36 for DISCOVERED_A_NEW_TERM
2019-10-17 18:50:48,402 [abcd8826-c056-4817-bd0f-7af19a46d814@group-5F52F902B742-LeaderElection82] INFO  impl.RoleInfo (RoleInfo.java:shutdownLeaderElection(134)) - abcd8826-c056-4817-bd0f-7af19a46d814: shutdown LeaderElection
2019-10-17 18:50:48,402 [abcd8826-c056-4817-bd0f-7af19a46d814@group-5F52F902B742-LeaderElection82] INFO  impl.RoleInfo (RoleInfo.java:updateAndGet(143)) - abcd8826-c056-4817-bd0f-7af19a46d814: start FollowerState
2019-10-17 18:50:48,469 [Thread-886] INFO  impl.FollowerState (FollowerState.java:run(108)) - abcd8826-c056-4817-bd0f-7af19a46d814@group-5F52F902B742-FollowerState: change to CANDIDATE, lastRpcTime:66ms, electionTimeout:66ms
2019-10-17 18:50:48,469 [Thread-886] INFO  impl.RoleInfo (RoleInfo.java:shutdownFollowerState(121)) - abcd8826-c056-4817-bd0f-7af19a46d814: shutdown FollowerState
2019-10-17 18:50:48,469 [Thread-886] INFO  impl.RaftServerImpl (RaftServerImpl.java:setRole(184)) - abcd8826-c056-4817-bd0f-7af19a46d814@group-5F52F902B742: changes role from  FOLLOWER to CANDIDATE at term 36 for changeToCandidate
2019-10-17 18:50:48,469 [Thread-886] INFO  impl.RoleInfo (RoleInfo.java:updateAndGet(143)) - abcd8826-c056-4817-bd0f-7af19a46d814: start LeaderElection
2019-10-17 18:50:48,482 [abcd8826-c056-4817-bd0f-7af19a46d814@group-5F52F902B742-LeaderElection83] INFO  impl.LeaderElection (LeaderElection.java:askForVotes(178)) - abcd8826-c056-4817-bd0f-7af19a46d814@group-5F52F902B742-LeaderElection83: begin an election at term 37 for -1: [b8f04e38-0663-4b1f-8efd-f76585c6e86c:192.168.157.251:35700, abcd8826-c056-4817-bd0f-7af19a46d814:192.168.157.251:46496, 73297ffa-40cb-4e3e-b33e-1bc2c1da60f5:192.168.157.251:32952], old=null
2019-10-17 18:50:48,485 [grpc-default-executor-4] INFO  impl.RaftServerImpl (RaftServerImpl.java:setRole(184)) - 73297ffa-40cb-4e3e-b33e-1bc2c1da60f5@group-5F52F902B742: changes role from  FOLLOWER to FOLLOWER at term 37 for recognizeCandidate:abcd8826-c056-4817-bd0f-7af19a46d814
2019-10-17 18:50:48,485 [grpc-default-executor-6] INFO  impl.RaftServerImpl (RaftServerImpl.java:setRole(184)) - b8f04e38-0663-4b1f-8efd-f76585c6e86c@group-5F52F902B742: changes role from  FOLLOWER to FOLLOWER at term 37 for recognizeCandidate:abcd8826-c056-4817-bd0f-7af19a46d814
2019-10-17 18:50:48,485 [grpc-default-executor-4] INFO  impl.RoleInfo (RoleInfo.java:shutdownFollowerState(121)) - 73297ffa-40cb-4e3e-b33e-1bc2c1da60f5: shutdown FollowerState
2019-10-17 18:50:48,485 [grpc-default-executor-6] INFO  impl.RoleInfo (RoleInfo.java:shutdownFollowerState(121)) - b8f04e38-0663-4b1f-8efd-f76585c6e86c: shutdown FollowerState
2019-10-17 18:50:48,485 [Thread-885] INFO  impl.FollowerState (FollowerState.java:run(117)) - 73297ffa-40cb-4e3e-b33e-1bc2c1da60f5@group-5F52F902B742-FollowerState was interrupted: java.lang.InterruptedException: sleep interrupted
2019-10-17 18:50:48,485 [grpc-default-executor-4] INFO  impl.RoleInfo (RoleInfo.java:updateAndGet(143)) - 73297ffa-40cb-4e3e-b33e-1bc2c1da60f5: start FollowerState
2019-10-17 18:50:48,486 [Thread-884] INFO  impl.FollowerState (FollowerState.java:run(117)) - b8f04e38-0663-4b1f-8efd-f76585c6e86c@group-5F52F902B742-FollowerState was interrupted: java.lang.InterruptedException: sleep interrupted
2019-10-17 18:50:48,486 [grpc-default-executor-6] INFO  impl.RoleInfo (RoleInfo.java:updateAndGet(143)) - b8f04e38-0663-4b1f-8efd-f76585c6e86c: start FollowerState
2019-10-17 18:50:48,500 [abcd8826-c056-4817-bd0f-7af19a46d814@group-5F52F902B742-LeaderElection83] INFO  impl.LeaderElection (LeaderElection.java:logAndReturn(56)) - abcd8826-c056-4817-bd0f-7af19a46d814@group-5F52F902B742-LeaderElection83: Election REJECTED; received 2 response(s) [abcd8826-c056-4817-bd0f-7af19a46d814<-b8f04e38-0663-4b1f-8efd-f76585c6e86c#0:FAIL-t37, abcd8826-c056-4817-bd0f-7af19a46d814<-73297ffa-40cb-4e3e-b33e-1bc2c1da60f5#0:FAIL-t37] and 0 exception(s); abcd8826-c056-4817-bd0f-7af19a46d814@group-5F52F902B742:t37, leader=null, voted=abcd8826-c056-4817-bd0f-7af19a46d814, raftlog=abcd8826-c056-4817-bd0f-7af19a46d814@group-5F52F902B742-SegmentedRaftLog:OPENED:c-1,f-1,i0, conf=-1: [b8f04e38-0663-4b1f-8efd-f76585c6e86c:192.168.157.251:35700, abcd8826-c056-4817-bd0f-7af19a46d814:192.168.157.251:46496, 73297ffa-40cb-4e3e-b33e-1bc2c1da60f5:192.168.157.251:32952], old=null
2019-10-17 18:50:48,500 [abcd8826-c056-4817-bd0f-7af19a46d814@group-5F52F902B742-LeaderElection83] INFO  impl.RaftServerImpl (RaftServerImpl.java:setRole(184)) - abcd8826-c056-4817-bd0f-7af19a46d814@group-5F52F902B742: changes role from CANDIDATE to FOLLOWER at term 37 for DISCOVERED_A_NEW_TERM
2019-10-17 18:50:48,500 [abcd8826-c056-4817-bd0f-7af19a46d814@group-5F52F902B742-LeaderElection83] INFO  impl.RoleInfo (RoleInfo.java:shutdownLeaderElection(134)) - abcd8826-c056-4817-bd0f-7af19a46d814: shutdown LeaderElection
2019-10-17 18:50:48,500 [abcd8826-c056-4817-bd0f-7af19a46d814@group-5F52F902B742-LeaderElection83] INFO  impl.RoleInfo (RoleInfo.java:updateAndGet(143)) - abcd8826-c056-4817-bd0f-7af19a46d814: start FollowerState
2019-10-17 18:50:48,508 [Thread-880] INFO  impl.FollowerState (FollowerState.java:run(108)) - a5e79c22-a35f-4e50-b1fd-e91b6a93d74d@group-F775CA5912AC-FollowerState: change to CANDIDATE, lastRpcTime:173ms, electionTimeout:173ms
2019-10-17 18:50:48,508 [Thread-880] INFO  impl.RoleInfo (RoleInfo.java:shutdownFollowerState(121)) - a5e79c22-a35f-4e50-b1fd-e91b6a93d74d: shutdown FollowerState
2019-10-17 18:50:48,508 [Thread-880] INFO  impl.RaftServerImpl (RaftServerImpl.java:setRole(184)) - a5e79c22-a35f-4e50-b1fd-e91b6a93d74d@group-F775CA5912AC: changes role from  FOLLOWER to CANDIDATE at term 37 for changeToCandidate
2019-10-17 18:50:48,508 [Thread-880] INFO  impl.RoleInfo (RoleInfo.java:updateAndGet(143)) - a5e79c22-a35f-4e50-b1fd-e91b6a93d74d: start LeaderElection
2019-10-17 18:50:48,520 [a5e79c22-a35f-4e50-b1fd-e91b6a93d74d@group-F775CA5912AC-LeaderElection84] INFO  impl.LeaderElection (LeaderElection.java:askForVotes(178)) - a5e79c22-a35f-4e50-b1fd-e91b6a93d74d@group-F775CA5912AC-LeaderElection84: begin an election at term 38 for -1: [a5e79c22-a35f-4e50-b1fd-e91b6a93d74d:192.168.157.251:45177, daae7813-f814-475d-9647-a302a5541e36:192.168.157.251:45025, 1e4e1375-1b66-460f-8c99-4c341545a119:192.168.157.251:42113], old=null
2019-10-17 18:50:48,522 [grpc-default-executor-4] INFO  impl.RaftServerImpl (RaftServerImpl.java:setRole(184)) - 1e4e1375-1b66-460f-8c99-4c341545a119@group-F775CA5912AC: changes role from  FOLLOWER to FOLLOWER at term 38 for recognizeCandidate:a5e79c22-a35f-4e50-b1fd-e91b6a93d74d
2019-10-17 18:50:48,522 [grpc-default-executor-6] INFO  impl.RaftServerImpl (RaftServerImpl.java:setRole(184)) - daae7813-f814-475d-9647-a302a5541e36@group-F775CA5912AC: changes role from  FOLLOWER to FOLLOWER at term 38 for recognizeCandidate:a5e79c22-a35f-4e50-b1fd-e91b6a93d74d
2019-10-17 18:50:48,522 [grpc-default-executor-4] INFO  impl.RoleInfo (RoleInfo.java:shutdownFollowerState(121)) - 1e4e1375-1b66-460f-8c99-4c341545a119: shutdown FollowerState
2019-10-17 18:50:48,522 [grpc-default-executor-6] INFO  impl.RoleInfo (RoleInfo.java:shutdownFollowerState(121)) - daae7813-f814-475d-9647-a302a5541e36: shutdown FollowerState
2019-10-17 18:50:48,523 [Thread-878] INFO  impl.FollowerState (FollowerState.java:run(117)) - 1e4e1375-1b66-460f-8c99-4c341545a119@group-F775CA5912AC-FollowerState was interrupted: java.lang.InterruptedException: sleep interrupted
2019-10-17 18:50:48,523 [Thread-879] INFO  impl.FollowerState (FollowerState.java:run(117)) - daae7813-f814-475d-9647-a302a5541e36@group-F775CA5912AC-FollowerState was interrupted: java.lang.InterruptedException: sleep interrupted
2019-10-17 18:50:48,523 [grpc-default-executor-4] INFO  impl.RoleInfo (RoleInfo.java:updateAndGet(143)) - 1e4e1375-1b66-460f-8c99-4c341545a119: start FollowerState
2019-10-17 18:50:48,523 [grpc-default-executor-6] INFO  impl.RoleInfo (RoleInfo.java:updateAndGet(143)) - daae7813-f814-475d-9647-a302a5541e36: start FollowerState
2019-10-17 18:50:48,537 [a5e79c22-a35f-4e50-b1fd-e91b6a93d74d@group-F775CA5912AC-LeaderElection84] INFO  impl.LeaderElection (LeaderElection.java:logAndReturn(56)) - a5e79c22-a35f-4e50-b1fd-e91b6a93d74d@group-F775CA5912AC-LeaderElection84: Election REJECTED; received 2 response(s) [a5e79c22-a35f-4e50-b1fd-e91b6a93d74d<-daae7813-f814-475d-9647-a302a5541e36#0:FAIL-t38, a5e79c22-a35f-4e50-b1fd-e91b6a93d74d<-1e4e1375-1b66-460f-8c99-4c341545a119#0:FAIL-t38] and 0 exception(s); a5e79c22-a35f-4e50-b1fd-e91b6a93d74d@group-F775CA5912AC:t38, leader=null, voted=a5e79c22-a35f-4e50-b1fd-e91b6a93d74d, raftlog=a5e79c22-a35f-4e50-b1fd-e91b6a93d74d@group-F775CA5912AC-SegmentedRaftLog:OPENED:c-1,f-1,i0, conf=-1: [a5e79c22-a35f-4e50-b1fd-e91b6a93d74d:192.168.157.251:45177, daae7813-f814-475d-9647-a302a5541e36:192.168.157.251:45025, 1e4e1375-1b66-460f-8c99-4c341545a119:192.168.157.251:42113], old=null
2019-10-17 18:50:48,537 [a5e79c22-a35f-4e50-b1fd-e91b6a93d74d@group-F775CA5912AC-LeaderElection84] INFO  impl.RaftServerImpl (RaftServerImpl.java:setRole(184)) - a5e79c22-a35f-4e50-b1fd-e91b6a93d74d@group-F775CA5912AC: changes role from CANDIDATE to FOLLOWER at term 38 for DISCOVERED_A_NEW_TERM
2019-10-17 18:50:48,537 [a5e79c22-a35f-4e50-b1fd-e91b6a93d74d@group-F775CA5912AC-LeaderElection84] INFO  impl.RoleInfo (RoleInfo.java:shutdownLeaderElection(134)) - a5e79c22-a35f-4e50-b1fd-e91b6a93d74d: shutdown LeaderElection
2019-10-17 18:50:48,538 [a5e79c22-a35f-4e50-b1fd-e91b6a93d74d@group-F775CA5912AC-LeaderElection84] INFO  impl.RoleInfo (RoleInfo.java:updateAndGet(143)) - a5e79c22-a35f-4e50-b1fd-e91b6a93d74d: start FollowerState
2019-10-17 18:50:48,614 [Thread-892] INFO  impl.FollowerState (FollowerState.java:run(108)) - abcd8826-c056-4817-bd0f-7af19a46d814@group-5F52F902B742-FollowerState: change to CANDIDATE, lastRpcTime:113ms, electionTimeout:113ms
2019-10-17 18:50:48,614 [Thread-892] INFO  impl.RoleInfo (RoleInfo.java:shutdownFollowerState(121)) - abcd8826-c056-4817-bd0f-7af19a46d814: shutdown FollowerState
2019-10-17 18:50:48,614 [Thread-892] INFO  impl.RaftServerImpl (RaftServerImpl.java:setRole(184)) - abcd8826-c056-4817-bd0f-7af19a46d814@group-5F52F902B742: changes role from  FOLLOWER to CANDIDATE at term 37 for changeToCandidate
2019-10-17 18:50:48,614 [Thread-892] INFO  impl.RoleInfo (RoleInfo.java:updateAndGet(143)) - abcd8826-c056-4817-bd0f-7af19a46d814: start LeaderElection
2019-10-17 18:50:48,627 [abcd8826-c056-4817-bd0f-7af19a46d814@group-5F52F902B742-LeaderElection85] INFO  impl.LeaderElection (LeaderElection.java:askForVotes(178)) - abcd8826-c056-4817-bd0f-7af19a46d814@group-5F52F902B742-LeaderElection85: begin an election at term 38 for -1: [b8f04e38-0663-4b1f-8efd-f76585c6e86c:192.168.157.251:35700, abcd8826-c056-4817-bd0f-7af19a46d814:192.168.157.251:46496, 73297ffa-40cb-4e3e-b33e-1bc2c1da60f5:192.168.157.251:32952], old=null
2019-10-17 18:50:48,629 [grpc-default-executor-6] INFO  impl.RaftServerImpl (RaftServerImpl.java:setRole(184)) - 73297ffa-40cb-4e3e-b33e-1bc2c1da60f5@group-5F52F902B742: changes role from  FOLLOWER to FOLLOWER at term 38 for recognizeCandidate:abcd8826-c056-4817-bd0f-7af19a46d814
2019-10-17 18:50:48,629 [grpc-default-executor-4] INFO  impl.RaftServerImpl (RaftServerImpl.java:setRole(184)) - b8f04e38-0663-4b1f-8efd-f76585c6e86c@group-5F52F902B742: changes role from  FOLLOWER to FOLLOWER at term 38 for recognizeCandidate:abcd8826-c056-4817-bd0f-7af19a46d814
2019-10-17 18:50:48,629 [grpc-default-executor-6] INFO  impl.RoleInfo (RoleInfo.java:shutdownFollowerState(121)) - 73297ffa-40cb-4e3e-b33e-1bc2c1da60f5: shutdown FollowerState
2019-10-17 18:50:48,629 [grpc-default-executor-4] INFO  impl.RoleInfo (RoleInfo.java:shutdownFollowerState(121)) - b8f04e38-0663-4b1f-8efd-f76585c6e86c: shutdown FollowerState
2019-10-17 18:50:48,630 [Thread-890] INFO  impl.FollowerState (FollowerState.java:run(117)) - 73297ffa-40cb-4e3e-b33e-1bc2c1da60f5@group-5F52F902B742-FollowerState was interrupted: java.lang.InterruptedException: sleep interrupted
2019-10-17 18:50:48,630 [Thread-891] INFO  impl.FollowerState (FollowerState.java:run(117)) - b8f04e38-0663-4b1f-8efd-f76585c6e86c@group-5F52F902B742-FollowerState was interrupted: java.lang.InterruptedException: sleep interrupted
2019-10-17 18:50:48,630 [grpc-default-executor-6] INFO  impl.RoleInfo (RoleInfo.java:updateAndGet(143)) - 73297ffa-40cb-4e3e-b33e-1bc2c1da60f5: start FollowerState
2019-10-17 18:50:48,630 [grpc-default-executor-4] INFO  impl.RoleInfo (RoleInfo.java:updateAndGet(143)) - b8f04e38-0663-4b1f-8efd-f76585c6e86c: start FollowerState
2019-10-17 18:50:48,645 [abcd8826-c056-4817-bd0f-7af19a46d814@group-5F52F902B742-LeaderElection85] INFO  impl.LeaderElection (LeaderElection.java:logAndReturn(56)) - abcd8826-c056-4817-bd0f-7af19a46d814@group-5F52F902B742-LeaderElection85: Election REJECTED; received 2 response(s) [abcd8826-c056-4817-bd0f-7af19a46d814<-b8f04e38-0663-4b1f-8efd-f76585c6e86c#0:FAIL-t38, abcd8826-c056-4817-bd0f-7af19a46d814<-73297ffa-40cb-4e3e-b33e-1bc2c1da60f5#0:FAIL-t38] and 0 exception(s); abcd8826-c056-4817-bd0f-7af19a46d814@group-5F52F902B742:t38, leader=null, voted=abcd8826-c056-4817-bd0f-7af19a46d814, raftlog=abcd8826-c056-4817-bd0f-7af19a46d814@group-5F52F902B742-SegmentedRaftLog:OPENED:c-1,f-1,i0, conf=-1: [b8f04e38-0663-4b1f-8efd-f76585c6e86c:192.168.157.251:35700, abcd8826-c056-4817-bd0f-7af19a46d814:192.168.157.251:46496, 73297ffa-40cb-4e3e-b33e-1bc2c1da60f5:192.168.157.251:32952], old=null
2019-10-17 18:50:48,646 [abcd8826-c056-4817-bd0f-7af19a46d814@group-5F52F902B742-LeaderElection85] INFO  impl.RaftServerImpl (RaftServerImpl.java:setRole(184)) - abcd8826-c056-4817-bd0f-7af19a46d814@group-5F52F902B742: changes role from CANDIDATE to FOLLOWER at term 38 for DISCOVERED_A_NEW_TERM
2019-10-17 18:50:48,646 [abcd8826-c056-4817-bd0f-7af19a46d814@group-5F52F902B742-LeaderElection85] INFO  impl.RoleInfo (RoleInfo.java:shutdownLeaderElection(134)) - abcd8826-c056-4817-bd0f-7af19a46d814: shutdown LeaderElection
2019-10-17 18:50:48,646 [abcd8826-c056-4817-bd0f-7af19a46d814@group-5F52F902B742-LeaderElection85] INFO  impl.RoleInfo (RoleInfo.java:updateAndGet(143)) - abcd8826-c056-4817-bd0f-7af19a46d814: start FollowerState
2019-10-17 18:50:48,716 [Thread-906] INFO  impl.FollowerState (FollowerState.java:run(108)) - abcd8826-c056-4817-bd0f-7af19a46d814@group-5F52F902B742-FollowerState: change to CANDIDATE, lastRpcTime:69ms, electionTimeout:69ms
2019-10-17 18:50:48,716 [Thread-906] INFO  impl.RoleInfo (RoleInfo.java:shutdownFollowerState(121)) - abcd8826-c056-4817-bd0f-7af19a46d814: shutdown FollowerState
2019-10-17 18:50:48,716 [Thread-906] INFO  impl.RaftServerImpl (RaftServerImpl.java:setRole(184)) - abcd8826-c056-4817-bd0f-7af19a46d814@group-5F52F902B742: changes role from  FOLLOWER to CANDIDATE at term 38 for changeToCandidate
2019-10-17 18:50:48,716 [Thread-906] INFO  impl.RoleInfo (RoleInfo.java:updateAndGet(143)) - abcd8826-c056-4817-bd0f-7af19a46d814: start LeaderElection
2019-10-17 18:50:48,729 [abcd8826-c056-4817-bd0f-7af19a46d814@group-5F52F902B742-LeaderElection86] INFO  impl.LeaderElection (LeaderElection.java:askForVotes(178)) - abcd8826-c056-4817-bd0f-7af19a46d814@group-5F52F902B742-LeaderElection86: begin an election at term 39 for -1: [b8f04e38-0663-4b1f-8efd-f76585c6e86c:192.168.157.251:35700, abcd8826-c056-4817-bd0f-7af19a46d814:192.168.157.251:46496, 73297ffa-40cb-4e3e-b33e-1bc2c1da60f5:192.168.157.251:32952], old=null
2019-10-17 18:50:48,732 [grpc-default-executor-4] INFO  impl.RaftServerImpl (RaftServerImpl.java:setRole(184)) - b8f04e38-0663-4b1f-8efd-f76585c6e86c@group-5F52F902B742: changes role from  FOLLOWER to FOLLOWER at term 39 for recognizeCandidate:abcd8826-c056-4817-bd0f-7af19a46d814
2019-10-17 18:50:48,732 [grpc-default-executor-6] INFO  impl.RaftServerImpl (RaftServerImpl.java:setRole(184)) - 73297ffa-40cb-4e3e-b33e-1bc2c1da60f5@group-5F52F902B742: changes role from  FOLLOWER to FOLLOWER at term 39 for recognizeCandidate:abcd8826-c056-4817-bd0f-7af19a46d814
2019-10-17 18:50:48,732 [Thread-898] INFO  impl.FollowerState (FollowerState.java:run(108)) - a5e79c22-a35f-4e50-b1fd-e91b6a93d74d@group-F775CA5912AC-FollowerState: change to CANDIDATE, lastRpcTime:194ms, electionTimeout:194ms
2019-10-17 18:50:48,732 [grpc-default-executor-6] INFO  impl.RoleInfo (RoleInfo.java:shutdownFollowerState(121)) - 73297ffa-40cb-4e3e-b33e-1bc2c1da60f5: shutdown FollowerState
2019-10-17 18:50:48,732 [grpc-default-executor-4] INFO  impl.RoleInfo (RoleInfo.java:shutdownFollowerState(121)) - b8f04e38-0663-4b1f-8efd-f76585c6e86c: shutdown FollowerState
2019-10-17 18:50:48,732 [grpc-default-executor-6] INFO  impl.RoleInfo (RoleInfo.java:updateAndGet(143)) - 73297ffa-40cb-4e3e-b33e-1bc2c1da60f5: start FollowerState
2019-10-17 18:50:48,732 [Thread-898] INFO  impl.RoleInfo (RoleInfo.java:shutdownFollowerState(121)) - a5e79c22-a35f-4e50-b1fd-e91b6a93d74d: shutdown FollowerState
2019-10-17 18:50:48,733 [Thread-905] INFO  impl.FollowerState (FollowerState.java:run(117)) - b8f04e38-0663-4b1f-8efd-f76585c6e86c@group-5F52F902B742-FollowerState was interrupted: java.lang.InterruptedException: sleep interrupted
2019-10-17 18:50:48,733 [Thread-904] INFO  impl.FollowerState (FollowerState.java:run(117)) - 73297ffa-40cb-4e3e-b33e-1bc2c1da60f5@group-5F52F902B742-FollowerState was interrupted: java.lang.InterruptedException: sleep interrupted
2019-10-17 18:50:48,733 [grpc-default-executor-4] INFO  impl.RoleInfo (RoleInfo.java:updateAndGet(143)) - b8f04e38-0663-4b1f-8efd-f76585c6e86c: start FollowerState
2019-10-17 18:50:48,733 [Thread-898] INFO  impl.RaftServerImpl (RaftServerImpl.java:setRole(184)) - a5e79c22-a35f-4e50-b1fd-e91b6a93d74d@group-F775CA5912AC: changes role from  FOLLOWER to CANDIDATE at term 38 for changeToCandidate
2019-10-17 18:50:48,733 [Thread-898] INFO  impl.RoleInfo (RoleInfo.java:updateAndGet(143)) - a5e79c22-a35f-4e50-b1fd-e91b6a93d74d: start LeaderElection
2019-10-17 18:50:48,746 [a5e79c22-a35f-4e50-b1fd-e91b6a93d74d@group-F775CA5912AC-LeaderElection87] INFO  impl.LeaderElection (LeaderElection.java:askForVotes(178)) - a5e79c22-a35f-4e50-b1fd-e91b6a93d74d@group-F775CA5912AC-LeaderElection87: begin an election at term 39 for -1: [a5e79c22-a35f-4e50-b1fd-e91b6a93d74d:192.168.157.251:45177, daae7813-f814-475d-9647-a302a5541e36:192.168.157.251:45025, 1e4e1375-1b66-460f-8c99-4c341545a119:192.168.157.251:42113], old=null
2019-10-17 18:50:48,747 [abcd8826-c056-4817-bd0f-7af19a46d814@group-5F52F902B742-LeaderElection86] INFO  impl.LeaderElection (LeaderElection.java:logAndReturn(56)) - abcd8826-c056-4817-bd0f-7af19a46d814@group-5F52F902B742-LeaderElection86: Election REJECTED; received 2 response(s) [abcd8826-c056-4817-bd0f-7af19a46d814<-b8f04e38-0663-4b1f-8efd-f76585c6e86c#0:FAIL-t39, abcd8826-c056-4817-bd0f-7af19a46d814<-73297ffa-40cb-4e3e-b33e-1bc2c1da60f5#0:FAIL-t39] and 0 exception(s); abcd8826-c056-4817-bd0f-7af19a46d814@group-5F52F902B742:t39, leader=null, voted=abcd8826-c056-4817-bd0f-7af19a46d814, raftlog=abcd8826-c056-4817-bd0f-7af19a46d814@group-5F52F902B742-SegmentedRaftLog:OPENED:c-1,f-1,i0, conf=-1: [b8f04e38-0663-4b1f-8efd-f76585c6e86c:192.168.157.251:35700, abcd8826-c056-4817-bd0f-7af19a46d814:192.168.157.251:46496, 73297ffa-40cb-4e3e-b33e-1bc2c1da60f5:192.168.157.251:32952], old=null
2019-10-17 18:50:48,747 [abcd8826-c056-4817-bd0f-7af19a46d814@group-5F52F902B742-LeaderElection86] INFO  impl.RaftServerImpl (RaftServerImpl.java:setRole(184)) - abcd8826-c056-4817-bd0f-7af19a46d814@group-5F52F902B742: changes role from CANDIDATE to FOLLOWER at term 39 for DISCOVERED_A_NEW_TERM
2019-10-17 18:50:48,748 [abcd8826-c056-4817-bd0f-7af19a46d814@group-5F52F902B742-LeaderElection86] INFO  impl.RoleInfo (RoleInfo.java:shutdownLeaderElection(134)) - abcd8826-c056-4817-bd0f-7af19a46d814: shutdown LeaderElection
2019-10-17 18:50:48,748 [abcd8826-c056-4817-bd0f-7af19a46d814@group-5F52F902B742-LeaderElection86] INFO  impl.RoleInfo (RoleInfo.java:updateAndGet(143)) - abcd8826-c056-4817-bd0f-7af19a46d814: start FollowerState
2019-10-17 18:50:48,755 [grpc-default-executor-4] INFO  impl.RaftServerImpl (RaftServerImpl.java:setRole(184)) - daae7813-f814-475d-9647-a302a5541e36@group-F775CA5912AC: changes role from  FOLLOWER to FOLLOWER at term 39 for recognizeCandidate:a5e79c22-a35f-4e50-b1fd-e91b6a93d74d
2019-10-17 18:50:48,756 [grpc-default-executor-4] INFO  impl.RoleInfo (RoleInfo.java:shutdownFollowerState(121)) - daae7813-f814-475d-9647-a302a5541e36: shutdown FollowerState
2019-10-17 18:50:48,756 [grpc-default-executor-4] INFO  impl.RoleInfo (RoleInfo.java:updateAndGet(143)) - daae7813-f814-475d-9647-a302a5541e36: start FollowerState
2019-10-17 18:50:48,756 [grpc-default-executor-6] INFO  impl.RaftServerImpl (RaftServerImpl.java:setRole(184)) - 1e4e1375-1b66-460f-8c99-4c341545a119@group-F775CA5912AC: changes role from  FOLLOWER to FOLLOWER at term 39 for recognizeCandidate:a5e79c22-a35f-4e50-b1fd-e91b6a93d74d
2019-10-17 18:50:48,756 [Thread-897] INFO  impl.FollowerState (FollowerState.java:run(117)) - daae7813-f814-475d-9647-a302a5541e36@group-F775CA5912AC-FollowerState was interrupted: java.lang.InterruptedException: sleep interrupted
2019-10-17 18:50:48,756 [grpc-default-executor-6] INFO  impl.RoleInfo (RoleInfo.java:shutdownFollowerState(121)) - 1e4e1375-1b66-460f-8c99-4c341545a119: shutdown FollowerState
2019-10-17 18:50:48,756 [grpc-default-executor-6] INFO  impl.RoleInfo (RoleInfo.java:updateAndGet(143)) - 1e4e1375-1b66-460f-8c99-4c341545a119: start FollowerState
2019-10-17 18:50:48,756 [Thread-896] INFO  impl.FollowerState (FollowerState.java:run(117)) - 1e4e1375-1b66-460f-8c99-4c341545a119@group-F775CA5912AC-FollowerState was interrupted: java.lang.InterruptedException: sleep interrupted
2019-10-17 18:50:48,771 [a5e79c22-a35f-4e50-b1fd-e91b6a93d74d@group-F775CA5912AC-LeaderElection87] INFO  impl.LeaderElection (LeaderElection.java:logAndReturn(56)) - a5e79c22-a35f-4e50-b1fd-e91b6a93d74d@group-F775CA5912AC-LeaderElection87: Election REJECTED; received 2 response(s) [a5e79c22-a35f-4e50-b1fd-e91b6a93d74d<-daae7813-f814-475d-9647-a302a5541e36#0:FAIL-t39, a5e79c22-a35f-4e50-b1fd-e91b6a93d74d<-1e4e1375-1b66-460f-8c99-4c341545a119#0:FAIL-t39] and 0 exception(s); a5e79c22-a35f-4e50-b1fd-e91b6a93d74d@group-F775CA5912AC:t39, leader=null, voted=a5e79c22-a35f-4e50-b1fd-e91b6a93d74d, raftlog=a5e79c22-a35f-4e50-b1fd-e91b6a93d74d@group-F775CA5912AC-SegmentedRaftLog:OPENED:c-1,f-1,i0, conf=-1: [a5e79c22-a35f-4e50-b1fd-e91b6a93d74d:192.168.157.251:45177, daae7813-f814-475d-9647-a302a5541e36:192.168.157.251:45025, 1e4e1375-1b66-460f-8c99-4c341545a119:192.168.157.251:42113], old=null
2019-10-17 18:50:48,771 [a5e79c22-a35f-4e50-b1fd-e91b6a93d74d@group-F775CA5912AC-LeaderElection87] INFO  impl.RaftServerImpl (RaftServerImpl.java:setRole(184)) - a5e79c22-a35f-4e50-b1fd-e91b6a93d74d@group-F775CA5912AC: changes role from CANDIDATE to FOLLOWER at term 39 for DISCOVERED_A_NEW_TERM
2019-10-17 18:50:48,771 [a5e79c22-a35f-4e50-b1fd-e91b6a93d74d@group-F775CA5912AC-LeaderElection87] INFO  impl.RoleInfo (RoleInfo.java:shutdownLeaderElection(134)) - a5e79c22-a35f-4e50-b1fd-e91b6a93d74d: shutdown LeaderElection
2019-10-17 18:50:48,771 [a5e79c22-a35f-4e50-b1fd-e91b6a93d74d@group-F775CA5912AC-LeaderElection87] INFO  impl.RoleInfo (RoleInfo.java:updateAndGet(143)) - a5e79c22-a35f-4e50-b1fd-e91b6a93d74d: start FollowerState
2019-10-17 18:50:48,895 [Thread-918] INFO  impl.FollowerState (FollowerState.java:run(108)) - a5e79c22-a35f-4e50-b1fd-e91b6a93d74d@group-F775CA5912AC-FollowerState: change to CANDIDATE, lastRpcTime:123ms, electionTimeout:123ms
2019-10-17 18:50:48,895 [Thread-918] INFO  impl.RoleInfo (RoleInfo.java:shutdownFollowerState(121)) - a5e79c22-a35f-4e50-b1fd-e91b6a93d74d: shutdown FollowerState
2019-10-17 18:50:48,895 [Thread-918] INFO  impl.RaftServerImpl (RaftServerImpl.java:setRole(184)) - a5e79c22-a35f-4e50-b1fd-e91b6a93d74d@group-F775CA5912AC: changes role from  FOLLOWER to CANDIDATE at term 39 for changeToCandidate
2019-10-17 18:50:48,895 [Thread-918] INFO  impl.RoleInfo (RoleInfo.java:updateAndGet(143)) - a5e79c22-a35f-4e50-b1fd-e91b6a93d74d: start LeaderElection
2019-10-17 18:50:48,908 [a5e79c22-a35f-4e50-b1fd-e91b6a93d74d@group-F775CA5912AC-LeaderElection88] INFO  impl.LeaderElection (LeaderElection.java:askForVotes(178)) - a5e79c22-a35f-4e50-b1fd-e91b6a93d74d@group-F775CA5912AC-LeaderElection88: begin an election at term 40 for -1: [a5e79c22-a35f-4e50-b1fd-e91b6a93d74d:192.168.157.251:45177, daae7813-f814-475d-9647-a302a5541e36:192.168.157.251:45025, 1e4e1375-1b66-460f-8c99-4c341545a119:192.168.157.251:42113], old=null
2019-10-17 18:50:48,910 [grpc-default-executor-4] INFO  impl.RaftServerImpl (RaftServerImpl.java:setRole(184)) - 1e4e1375-1b66-460f-8c99-4c341545a119@group-F775CA5912AC: changes role from  FOLLOWER to FOLLOWER at term 40 for recognizeCandidate:a5e79c22-a35f-4e50-b1fd-e91b6a93d74d
2019-10-17 18:50:48,910 [grpc-default-executor-6] INFO  impl.RaftServerImpl (RaftServerImpl.java:setRole(184)) - daae7813-f814-475d-9647-a302a5541e36@group-F775CA5912AC: changes role from  FOLLOWER to FOLLOWER at term 40 for recognizeCandidate:a5e79c22-a35f-4e50-b1fd-e91b6a93d74d
2019-10-17 18:50:48,910 [grpc-default-executor-4] INFO  impl.RoleInfo (RoleInfo.java:shutdownFollowerState(121)) - 1e4e1375-1b66-460f-8c99-4c341545a119: shutdown FollowerState
2019-10-17 18:50:48,910 [grpc-default-executor-6] INFO  impl.RoleInfo (RoleInfo.java:shutdownFollowerState(121)) - daae7813-f814-475d-9647-a302a5541e36: shutdown FollowerState
2019-10-17 18:50:48,910 [grpc-default-executor-4] INFO  impl.RoleInfo (RoleInfo.java:updateAndGet(143)) - 1e4e1375-1b66-460f-8c99-4c341545a119: start FollowerState
2019-10-17 18:50:48,911 [Thread-916] INFO  impl.FollowerState (FollowerState.java:run(117)) - daae7813-f814-475d-9647-a302a5541e36@group-F775CA5912AC-FollowerState was interrupted: java.lang.InterruptedException: sleep interrupted
2019-10-17 18:50:48,911 [Thread-917] INFO  impl.FollowerState (FollowerState.java:run(117)) - 1e4e1375-1b66-460f-8c99-4c341545a119@group-F775CA5912AC-FollowerState was interrupted: java.lang.InterruptedException: sleep interrupted
2019-10-17 18:50:48,911 [grpc-default-executor-6] INFO  impl.RoleInfo (RoleInfo.java:updateAndGet(143)) - daae7813-f814-475d-9647-a302a5541e36: start FollowerState
2019-10-17 18:50:48,925 [a5e79c22-a35f-4e50-b1fd-e91b6a93d74d@group-F775CA5912AC-LeaderElection88] INFO  impl.LeaderElection (LeaderElection.java:logAndReturn(56)) - a5e79c22-a35f-4e50-b1fd-e91b6a93d74d@group-F775CA5912AC-LeaderElection88: Election REJECTED; received 2 response(s) [a5e79c22-a35f-4e50-b1fd-e91b6a93d74d<-daae7813-f814-475d-9647-a302a5541e36#0:FAIL-t40, a5e79c22-a35f-4e50-b1fd-e91b6a93d74d<-1e4e1375-1b66-460f-8c99-4c341545a119#0:FAIL-t40] and 0 exception(s); a5e79c22-a35f-4e50-b1fd-e91b6a93d74d@group-F775CA5912AC:t40, leader=null, voted=a5e79c22-a35f-4e50-b1fd-e91b6a93d74d, raftlog=a5e79c22-a35f-4e50-b1fd-e91b6a93d74d@group-F775CA5912AC-SegmentedRaftLog:OPENED:c-1,f-1,i0, conf=-1: [a5e79c22-a35f-4e50-b1fd-e91b6a93d74d:192.168.157.251:45177, daae7813-f814-475d-9647-a302a5541e36:192.168.157.251:45025, 1e4e1375-1b66-460f-8c99-4c341545a119:192.168.157.251:42113], old=null
2019-10-17 18:50:48,925 [a5e79c22-a35f-4e50-b1fd-e91b6a93d74d@group-F775CA5912AC-LeaderElection88] INFO  impl.RaftServerImpl (RaftServerImpl.java:setRole(184)) - a5e79c22-a35f-4e50-b1fd-e91b6a93d74d@group-F775CA5912AC: changes role from CANDIDATE to FOLLOWER at term 40 for DISCOVERED_A_NEW_TERM
2019-10-17 18:50:48,925 [a5e79c22-a35f-4e50-b1fd-e91b6a93d74d@group-F775CA5912AC-LeaderElection88] INFO  impl.RoleInfo (RoleInfo.java:shutdownLeaderElection(134)) - a5e79c22-a35f-4e50-b1fd-e91b6a93d74d: shutdown LeaderElection
2019-10-17 18:50:48,925 [a5e79c22-a35f-4e50-b1fd-e91b6a93d74d@group-F775CA5912AC-LeaderElection88] INFO  impl.RoleInfo (RoleInfo.java:updateAndGet(143)) - a5e79c22-a35f-4e50-b1fd-e91b6a93d74d: start FollowerState
2019-10-17 18:50:48,933 [Thread-926] INFO  impl.FollowerState (FollowerState.java:run(108)) - a5e79c22-a35f-4e50-b1fd-e91b6a93d74d@group-F775CA5912AC-FollowerState: change to CANDIDATE, lastRpcTime:7ms, electionTimeout:7ms
2019-10-17 18:50:48,933 [Thread-926] INFO  impl.RoleInfo (RoleInfo.java:shutdownFollowerState(121)) - a5e79c22-a35f-4e50-b1fd-e91b6a93d74d: shutdown FollowerState
2019-10-17 18:50:48,933 [Thread-926] INFO  impl.RaftServerImpl (RaftServerImpl.java:setRole(184)) - a5e79c22-a35f-4e50-b1fd-e91b6a93d74d@group-F775CA5912AC: changes role from  FOLLOWER to CANDIDATE at term 40 for changeToCandidate
2019-10-17 18:50:48,933 [Thread-915] INFO  impl.FollowerState (FollowerState.java:run(108)) - abcd8826-c056-4817-bd0f-7af19a46d814@group-5F52F902B742-FollowerState: change to CANDIDATE, lastRpcTime:185ms, electionTimeout:185ms
2019-10-17 18:50:48,933 [Thread-926] INFO  impl.RoleInfo (RoleInfo.java:updateAndGet(143)) - a5e79c22-a35f-4e50-b1fd-e91b6a93d74d: start LeaderElection
2019-10-17 18:50:48,933 [Thread-915] INFO  impl.RoleInfo (RoleInfo.java:shutdownFollowerState(121)) - abcd8826-c056-4817-bd0f-7af19a46d814: shutdown FollowerState
2019-10-17 18:50:48,933 [Thread-915] INFO  impl.RaftServerImpl (RaftServerImpl.java:setRole(184)) - abcd8826-c056-4817-bd0f-7af19a46d814@group-5F52F902B742: changes role from  FOLLOWER to CANDIDATE at term 39 for changeToCandidate
2019-10-17 18:50:48,933 [Thread-915] INFO  impl.RoleInfo (RoleInfo.java:updateAndGet(143)) - abcd8826-c056-4817-bd0f-7af19a46d814: start LeaderElection
2019-10-17 18:50:48,947 [a5e79c22-a35f-4e50-b1fd-e91b6a93d74d@group-F775CA5912AC-LeaderElection89] INFO  impl.LeaderElection (LeaderElection.java:askForVotes(178)) - a5e79c22-a35f-4e50-b1fd-e91b6a93d74d@group-F775CA5912AC-LeaderElection89: begin an election at term 41 for -1: [a5e79c22-a35f-4e50-b1fd-e91b6a93d74d:192.168.157.251:45177, daae7813-f814-475d-9647-a302a5541e36:192.168.157.251:45025, 1e4e1375-1b66-460f-8c99-4c341545a119:192.168.157.251:42113], old=null
2019-10-17 18:50:48,947 [abcd8826-c056-4817-bd0f-7af19a46d814@group-5F52F902B742-LeaderElection90] INFO  impl.LeaderElection (LeaderElection.java:askForVotes(178)) - abcd8826-c056-4817-bd0f-7af19a46d814@group-5F52F902B742-LeaderElection90: begin an election at term 40 for -1: [b8f04e38-0663-4b1f-8efd-f76585c6e86c:192.168.157.251:35700, abcd8826-c056-4817-bd0f-7af19a46d814:192.168.157.251:46496, 73297ffa-40cb-4e3e-b33e-1bc2c1da60f5:192.168.157.251:32952], old=null
2019-10-17 18:50:48,952 [grpc-default-executor-6] INFO  impl.RaftServerImpl (RaftServerImpl.java:setRole(184)) - b8f04e38-0663-4b1f-8efd-f76585c6e86c@group-5F52F902B742: changes role from  FOLLOWER to FOLLOWER at term 40 for recognizeCandidate:abcd8826-c056-4817-bd0f-7af19a46d814
2019-10-17 18:50:48,952 [grpc-default-executor-4] INFO  impl.RaftServerImpl (RaftServerImpl.java:setRole(184)) - 1e4e1375-1b66-460f-8c99-4c341545a119@group-F775CA5912AC: changes role from  FOLLOWER to FOLLOWER at term 41 for recognizeCandidate:a5e79c22-a35f-4e50-b1fd-e91b6a93d74d
2019-10-17 18:50:48,952 [grpc-default-executor-4] INFO  impl.RoleInfo (RoleInfo.java:shutdownFollowerState(121)) - 1e4e1375-1b66-460f-8c99-4c341545a119: shutdown FollowerState
2019-10-17 18:50:48,952 [grpc-default-executor-2] INFO  impl.RaftServerImpl (RaftServerImpl.java:setRole(184)) - 73297ffa-40cb-4e3e-b33e-1bc2c1da60f5@group-5F52F902B742: changes role from  FOLLOWER to FOLLOWER at term 40 for recognizeCandidate:abcd8826-c056-4817-bd0f-7af19a46d814
2019-10-17 18:50:48,952 [grpc-default-executor-6] INFO  impl.RoleInfo (RoleInfo.java:shutdownFollowerState(121)) - b8f04e38-0663-4b1f-8efd-f76585c6e86c: shutdown FollowerState
2019-10-17 18:50:48,952 [grpc-default-executor-0] INFO  impl.RaftServerImpl (RaftServerImpl.java:setRole(184)) - daae7813-f814-475d-9647-a302a5541e36@group-F775CA5912AC: changes role from  FOLLOWER to FOLLOWER at term 41 for recognizeCandidate:a5e79c22-a35f-4e50-b1fd-e91b6a93d74d
2019-10-17 18:50:48,953 [Thread-911] INFO  impl.FollowerState (FollowerState.java:run(117)) - b8f04e38-0663-4b1f-8efd-f76585c6e86c@group-5F52F902B742-FollowerState was interrupted: java.lang.InterruptedException: sleep interrupted
2019-10-17 18:50:48,953 [grpc-default-executor-6] INFO  impl.RoleInfo (RoleInfo.java:updateAndGet(143)) - b8f04e38-0663-4b1f-8efd-f76585c6e86c: start FollowerState
2019-10-17 18:50:48,952 [grpc-default-executor-2] INFO  impl.RoleInfo (RoleInfo.java:shutdownFollowerState(121)) - 73297ffa-40cb-4e3e-b33e-1bc2c1da60f5: shutdown FollowerState
2019-10-17 18:50:48,952 [Thread-924] INFO  impl.FollowerState (FollowerState.java:run(117)) - 1e4e1375-1b66-460f-8c99-4c341545a119@group-F775CA5912AC-FollowerState was interrupted: java.lang.InterruptedException: sleep interrupted
2019-10-17 18:50:48,952 [grpc-default-executor-4] INFO  impl.RoleInfo (RoleInfo.java:updateAndGet(143)) - 1e4e1375-1b66-460f-8c99-4c341545a119: start FollowerState
2019-10-17 18:50:48,953 [grpc-default-executor-2] INFO  impl.RoleInfo (RoleInfo.java:updateAndGet(143)) - 73297ffa-40cb-4e3e-b33e-1bc2c1da60f5: start FollowerState
2019-10-17 18:50:48,953 [Thread-910] INFO  impl.FollowerState (FollowerState.java:run(117)) - 73297ffa-40cb-4e3e-b33e-1bc2c1da60f5@group-5F52F902B742-FollowerState was interrupted: java.lang.InterruptedException: sleep interrupted
2019-10-17 18:50:48,953 [grpc-default-executor-0] INFO  impl.RoleInfo (RoleInfo.java:shutdownFollowerState(121)) - daae7813-f814-475d-9647-a302a5541e36: shutdown FollowerState
2019-10-17 18:50:48,954 [Thread-925] INFO  impl.FollowerState (FollowerState.java:run(117)) - daae7813-f814-475d-9647-a302a5541e36@group-F775CA5912AC-FollowerState was interrupted: java.lang.InterruptedException: sleep interrupted
2019-10-17 18:50:48,954 [grpc-default-executor-0] INFO  impl.RoleInfo (RoleInfo.java:updateAndGet(143)) - daae7813-f814-475d-9647-a302a5541e36: start FollowerState
2019-10-17 18:50:48,968 [a5e79c22-a35f-4e50-b1fd-e91b6a93d74d@group-F775CA5912AC-LeaderElection89] INFO  impl.LeaderElection (LeaderElection.java:logAndReturn(56)) - a5e79c22-a35f-4e50-b1fd-e91b6a93d74d@group-F775CA5912AC-LeaderElection89: Election REJECTED; received 2 response(s) [a5e79c22-a35f-4e50-b1fd-e91b6a93d74d<-daae7813-f814-475d-9647-a302a5541e36#0:FAIL-t41, a5e79c22-a35f-4e50-b1fd-e91b6a93d74d<-1e4e1375-1b66-460f-8c99-4c341545a119#0:FAIL-t41] and 0 exception(s); a5e79c22-a35f-4e50-b1fd-e91b6a93d74d@group-F775CA5912AC:t41, leader=null, voted=a5e79c22-a35f-4e50-b1fd-e91b6a93d74d, raftlog=a5e79c22-a35f-4e50-b1fd-e91b6a93d74d@group-F775CA5912AC-SegmentedRaftLog:OPENED:c-1,f-1,i0, conf=-1: [a5e79c22-a35f-4e50-b1fd-e91b6a93d74d:192.168.157.251:45177, daae7813-f814-475d-9647-a302a5541e36:192.168.157.251:45025, 1e4e1375-1b66-460f-8c99-4c341545a119:192.168.157.251:42113], old=null
2019-10-17 18:50:48,968 [abcd8826-c056-4817-bd0f-7af19a46d814@group-5F52F902B742-LeaderElection90] INFO  impl.LeaderElection (LeaderElection.java:logAndReturn(56)) - abcd8826-c056-4817-bd0f-7af19a46d814@group-5F52F902B742-LeaderElection90: Election REJECTED; received 2 response(s) [abcd8826-c056-4817-bd0f-7af19a46d814<-b8f04e38-0663-4b1f-8efd-f76585c6e86c#0:FAIL-t40, abcd8826-c056-4817-bd0f-7af19a46d814<-73297ffa-40cb-4e3e-b33e-1bc2c1da60f5#0:FAIL-t40] and 0 exception(s); abcd8826-c056-4817-bd0f-7af19a46d814@group-5F52F902B742:t40, leader=null, voted=abcd8826-c056-4817-bd0f-7af19a46d814, raftlog=abcd8826-c056-4817-bd0f-7af19a46d814@group-5F52F902B742-SegmentedRaftLog:OPENED:c-1,f-1,i0, conf=-1: [b8f04e38-0663-4b1f-8efd-f76585c6e86c:192.168.157.251:35700, abcd8826-c056-4817-bd0f-7af19a46d814:192.168.157.251:46496, 73297ffa-40cb-4e3e-b33e-1bc2c1da60f5:192.168.157.251:32952], old=null
2019-10-17 18:50:48,968 [a5e79c22-a35f-4e50-b1fd-e91b6a93d74d@group-F775CA5912AC-LeaderElection89] INFO  impl.RaftServerImpl (RaftServerImpl.java:setRole(184)) - a5e79c22-a35f-4e50-b1fd-e91b6a93d74d@group-F775CA5912AC: changes role from CANDIDATE to FOLLOWER at term 41 for DISCOVERED_A_NEW_TERM
2019-10-17 18:50:48,968 [abcd8826-c056-4817-bd0f-7af19a46d814@group-5F52F902B742-LeaderElection90] INFO  impl.RaftServerImpl (RaftServerImpl.java:setRole(184)) - abcd8826-c056-4817-bd0f-7af19a46d814@group-5F52F902B742: changes role from CANDIDATE to FOLLOWER at term 40 for DISCOVERED_A_NEW_TERM
2019-10-17 18:50:48,968 [a5e79c22-a35f-4e50-b1fd-e91b6a93d74d@group-F775CA5912AC-LeaderElection89] INFO  impl.RoleInfo (RoleInfo.java:shutdownLeaderElection(134)) - a5e79c22-a35f-4e50-b1fd-e91b6a93d74d: shutdown LeaderElection
2019-10-17 18:50:48,968 [abcd8826-c056-4817-bd0f-7af19a46d814@group-5F52F902B742-LeaderElection90] INFO  impl.RoleInfo (RoleInfo.java:shutdownLeaderElection(134)) - abcd8826-c056-4817-bd0f-7af19a46d814: shutdown LeaderElection
2019-10-17 18:50:48,969 [a5e79c22-a35f-4e50-b1fd-e91b6a93d74d@group-F775CA5912AC-LeaderElection89] INFO  impl.RoleInfo (RoleInfo.java:updateAndGet(143)) - a5e79c22-a35f-4e50-b1fd-e91b6a93d74d: start FollowerState
2019-10-17 18:50:48,969 [abcd8826-c056-4817-bd0f-7af19a46d814@group-5F52F902B742-LeaderElection90] INFO  impl.RoleInfo (RoleInfo.java:updateAndGet(143)) - abcd8826-c056-4817-bd0f-7af19a46d814: start FollowerState
2019-10-17 18:50:49,138 [Thread-938] INFO  impl.FollowerState (FollowerState.java:run(108)) - abcd8826-c056-4817-bd0f-7af19a46d814@group-5F52F902B742-FollowerState: change to CANDIDATE, lastRpcTime:169ms, electionTimeout:169ms
2019-10-17 18:50:49,138 [Thread-938] INFO  impl.RoleInfo (RoleInfo.java:shutdownFollowerState(121)) - abcd8826-c056-4817-bd0f-7af19a46d814: shutdown FollowerState
2019-10-17 18:50:49,138 [Thread-938] INFO  impl.RaftServerImpl (RaftServerImpl.java:setRole(184)) - abcd8826-c056-4817-bd0f-7af19a46d814@group-5F52F902B742: changes role from  FOLLOWER to CANDIDATE at term 40 for changeToCandidate
2019-10-17 18:50:49,139 [Thread-938] INFO  impl.RoleInfo (RoleInfo.java:updateAndGet(143)) - abcd8826-c056-4817-bd0f-7af19a46d814: start LeaderElection
2019-10-17 18:50:49,152 [abcd8826-c056-4817-bd0f-7af19a46d814@group-5F52F902B742-LeaderElection91] INFO  impl.LeaderElection (LeaderElection.java:askForVotes(178)) - abcd8826-c056-4817-bd0f-7af19a46d814@group-5F52F902B742-LeaderElection91: begin an election at term 41 for -1: [b8f04e38-0663-4b1f-8efd-f76585c6e86c:192.168.157.251:35700, abcd8826-c056-4817-bd0f-7af19a46d814:192.168.157.251:46496, 73297ffa-40cb-4e3e-b33e-1bc2c1da60f5:192.168.157.251:32952], old=null
2019-10-17 18:50:49,154 [grpc-default-executor-4] INFO  impl.RaftServerImpl (RaftServerImpl.java:setRole(184)) - 73297ffa-40cb-4e3e-b33e-1bc2c1da60f5@group-5F52F902B742: changes role from  FOLLOWER to FOLLOWER at term 41 for recognizeCandidate:abcd8826-c056-4817-bd0f-7af19a46d814
2019-10-17 18:50:49,154 [grpc-default-executor-6] INFO  impl.RaftServerImpl (RaftServerImpl.java:setRole(184)) - b8f04e38-0663-4b1f-8efd-f76585c6e86c@group-5F52F902B742: changes role from  FOLLOWER to FOLLOWER at term 41 for recognizeCandidate:abcd8826-c056-4817-bd0f-7af19a46d814
2019-10-17 18:50:49,154 [grpc-default-executor-4] INFO  impl.RoleInfo (RoleInfo.java:shutdownFollowerState(121)) - 73297ffa-40cb-4e3e-b33e-1bc2c1da60f5: shutdown FollowerState
2019-10-17 18:50:49,154 [grpc-default-executor-6] INFO  impl.RoleInfo (RoleInfo.java:shutdownFollowerState(121)) - b8f04e38-0663-4b1f-8efd-f76585c6e86c: shutdown FollowerState
2019-10-17 18:50:49,155 [grpc-default-executor-4] INFO  impl.RoleInfo (RoleInfo.java:updateAndGet(143)) - 73297ffa-40cb-4e3e-b33e-1bc2c1da60f5: start FollowerState
2019-10-17 18:50:49,155 [Thread-934] INFO  impl.FollowerState (FollowerState.java:run(117)) - b8f04e38-0663-4b1f-8efd-f76585c6e86c@group-5F52F902B742-FollowerState was interrupted: java.lang.InterruptedException: sleep interrupted
2019-10-17 18:50:49,155 [grpc-default-executor-6] INFO  impl.RoleInfo (RoleInfo.java:updateAndGet(143)) - b8f04e38-0663-4b1f-8efd-f76585c6e86c: start FollowerState
2019-10-17 18:50:49,155 [Thread-935] INFO  impl.FollowerState (FollowerState.java:run(117)) - 73297ffa-40cb-4e3e-b33e-1bc2c1da60f5@group-5F52F902B742-FollowerState was interrupted: java.lang.InterruptedException: sleep interrupted
2019-10-17 18:50:49,159 [Thread-937] INFO  impl.FollowerState (FollowerState.java:run(108)) - a5e79c22-a35f-4e50-b1fd-e91b6a93d74d@group-F775CA5912AC-FollowerState: change to CANDIDATE, lastRpcTime:190ms, electionTimeout:190ms
2019-10-17 18:50:49,159 [Thread-937] INFO  impl.RoleInfo (RoleInfo.java:shutdownFollowerState(121)) - a5e79c22-a35f-4e50-b1fd-e91b6a93d74d: shutdown FollowerState
2019-10-17 18:50:49,159 [Thread-937] INFO  impl.RaftServerImpl (RaftServerImpl.java:setRole(184)) - a5e79c22-a35f-4e50-b1fd-e91b6a93d74d@group-F775CA5912AC: changes role from  FOLLOWER to CANDIDATE at term 41 for changeToCandidate
2019-10-17 18:50:49,159 [Thread-937] INFO  impl.RoleInfo (RoleInfo.java:updateAndGet(143)) - a5e79c22-a35f-4e50-b1fd-e91b6a93d74d: start LeaderElection
2019-10-17 18:50:49,176 [a5e79c22-a35f-4e50-b1fd-e91b6a93d74d@group-F775CA5912AC-LeaderElection92] INFO  impl.LeaderElection (LeaderElection.java:askForVotes(178)) - a5e79c22-a35f-4e50-b1fd-e91b6a93d74d@group-F775CA5912AC-LeaderElection92: begin an election at term 42 for -1: [a5e79c22-a35f-4e50-b1fd-e91b6a93d74d:192.168.157.251:45177, daae7813-f814-475d-9647-a302a5541e36:192.168.157.251:45025, 1e4e1375-1b66-460f-8c99-4c341545a119:192.168.157.251:42113], old=null
2019-10-17 18:50:49,178 [abcd8826-c056-4817-bd0f-7af19a46d814@group-5F52F902B742-LeaderElection91] INFO  impl.LeaderElection (LeaderElection.java:logAndReturn(56)) - abcd8826-c056-4817-bd0f-7af19a46d814@group-5F52F902B742-LeaderElection91: Election REJECTED; received 2 response(s) [abcd8826-c056-4817-bd0f-7af19a46d814<-b8f04e38-0663-4b1f-8efd-f76585c6e86c#0:FAIL-t41, abcd8826-c056-4817-bd0f-7af19a46d814<-73297ffa-40cb-4e3e-b33e-1bc2c1da60f5#0:FAIL-t41] and 0 exception(s); abcd8826-c056-4817-bd0f-7af19a46d814@group-5F52F902B742:t41, leader=null, voted=abcd8826-c056-4817-bd0f-7af19a46d814, raftlog=abcd8826-c056-4817-bd0f-7af19a46d814@group-5F52F902B742-SegmentedRaftLog:OPENED:c-1,f-1,i0, conf=-1: [b8f04e38-0663-4b1f-8efd-f76585c6e86c:192.168.157.251:35700, abcd8826-c056-4817-bd0f-7af19a46d814:192.168.157.251:46496, 73297ffa-40cb-4e3e-b33e-1bc2c1da60f5:192.168.157.251:32952], old=null
2019-10-17 18:50:49,178 [abcd8826-c056-4817-bd0f-7af19a46d814@group-5F52F902B742-LeaderElection91] INFO  impl.RaftServerImpl (RaftServerImpl.java:setRole(184)) - abcd8826-c056-4817-bd0f-7af19a46d814@group-5F52F902B742: changes role from CANDIDATE to FOLLOWER at term 41 for DISCOVERED_A_NEW_TERM
2019-10-17 18:50:49,178 [abcd8826-c056-4817-bd0f-7af19a46d814@group-5F52F902B742-LeaderElection91] INFO  impl.RoleInfo (RoleInfo.java:shutdownLeaderElection(134)) - abcd8826-c056-4817-bd0f-7af19a46d814: shutdown LeaderElection
2019-10-17 18:50:49,178 [abcd8826-c056-4817-bd0f-7af19a46d814@group-5F52F902B742-LeaderElection91] INFO  impl.RoleInfo (RoleInfo.java:updateAndGet(143)) - abcd8826-c056-4817-bd0f-7af19a46d814: start FollowerState
2019-10-17 18:50:49,178 [grpc-default-executor-6] INFO  impl.RaftServerImpl (RaftServerImpl.java:setRole(184)) - 1e4e1375-1b66-460f-8c99-4c341545a119@group-F775CA5912AC: changes role from  FOLLOWER to FOLLOWER at term 42 for recognizeCandidate:a5e79c22-a35f-4e50-b1fd-e91b6a93d74d
2019-10-17 18:50:49,178 [grpc-default-executor-4] INFO  impl.RaftServerImpl (RaftServerImpl.java:setRole(184)) - daae7813-f814-475d-9647-a302a5541e36@group-F775CA5912AC: changes role from  FOLLOWER to FOLLOWER at term 42 for recognizeCandidate:a5e79c22-a35f-4e50-b1fd-e91b6a93d74d
2019-10-17 18:50:49,178 [grpc-default-executor-6] INFO  impl.RoleInfo (RoleInfo.java:shutdownFollowerState(121)) - 1e4e1375-1b66-460f-8c99-4c341545a119: shutdown FollowerState
2019-10-17 18:50:49,178 [grpc-default-executor-4] INFO  impl.RoleInfo (RoleInfo.java:shutdownFollowerState(121)) - daae7813-f814-475d-9647-a302a5541e36: shutdown FollowerState
2019-10-17 18:50:49,179 [Thread-933] INFO  impl.FollowerState (FollowerState.java:run(117)) - 1e4e1375-1b66-460f-8c99-4c341545a119@group-F775CA5912AC-FollowerState was interrupted: java.lang.InterruptedException: sleep interrupted
2019-10-17 18:50:49,179 [grpc-default-executor-6] INFO  impl.RoleInfo (RoleInfo.java:updateAndGet(143)) - 1e4e1375-1b66-460f-8c99-4c341545a119: start FollowerState
2019-10-17 18:50:49,179 [Thread-936] INFO  impl.FollowerState (FollowerState.java:run(117)) - daae7813-f814-475d-9647-a302a5541e36@group-F775CA5912AC-FollowerState was interrupted: java.lang.InterruptedException: sleep interrupted
2019-10-17 18:50:49,179 [grpc-default-executor-4] INFO  impl.RoleInfo (RoleInfo.java:updateAndGet(143)) - daae7813-f814-475d-9647-a302a5541e36: start FollowerState
2019-10-17 18:50:49,217 [a5e79c22-a35f-4e50-b1fd-e91b6a93d74d@group-F775CA5912AC-LeaderElection92] INFO  impl.LeaderElection (LeaderElection.java:logAndReturn(56)) - a5e79c22-a35f-4e50-b1fd-e91b6a93d74d@group-F775CA5912AC-LeaderElection92: Election REJECTED; received 2 response(s) [a5e79c22-a35f-4e50-b1fd-e91b6a93d74d<-daae7813-f814-475d-9647-a302a5541e36#0:FAIL-t42, a5e79c22-a35f-4e50-b1fd-e91b6a93d74d<-1e4e1375-1b66-460f-8c99-4c341545a119#0:FAIL-t42] and 0 exception(s); a5e79c22-a35f-4e50-b1fd-e91b6a93d74d@group-F775CA5912AC:t42, leader=null, voted=a5e79c22-a35f-4e50-b1fd-e91b6a93d74d, raftlog=a5e79c22-a35f-4e50-b1fd-e91b6a93d74d@group-F775CA5912AC-SegmentedRaftLog:OPENED:c-1,f-1,i0, conf=-1: [a5e79c22-a35f-4e50-b1fd-e91b6a93d74d:192.168.157.251:45177, daae7813-f814-475d-9647-a302a5541e36:192.168.157.251:45025, 1e4e1375-1b66-460f-8c99-4c341545a119:192.168.157.251:42113], old=null
2019-10-17 18:50:49,217 [a5e79c22-a35f-4e50-b1fd-e91b6a93d74d@group-F775CA5912AC-LeaderElection92] INFO  impl.RaftServerImpl (RaftServerImpl.java:setRole(184)) - a5e79c22-a35f-4e50-b1fd-e91b6a93d74d@group-F775CA5912AC: changes role from CANDIDATE to FOLLOWER at term 42 for DISCOVERED_A_NEW_TERM
2019-10-17 18:50:49,217 [a5e79c22-a35f-4e50-b1fd-e91b6a93d74d@group-F775CA5912AC-LeaderElection92] INFO  impl.RoleInfo (RoleInfo.java:shutdownLeaderElection(134)) - a5e79c22-a35f-4e50-b1fd-e91b6a93d74d: shutdown LeaderElection
2019-10-17 18:50:49,217 [a5e79c22-a35f-4e50-b1fd-e91b6a93d74d@group-F775CA5912AC-LeaderElection92] INFO  impl.RoleInfo (RoleInfo.java:updateAndGet(143)) - a5e79c22-a35f-4e50-b1fd-e91b6a93d74d: start FollowerState
2019-10-17 18:50:49,266 [Thread-947] INFO  impl.FollowerState (FollowerState.java:run(108)) - abcd8826-c056-4817-bd0f-7af19a46d814@group-5F52F902B742-FollowerState: change to CANDIDATE, lastRpcTime:88ms, electionTimeout:88ms
2019-10-17 18:50:49,267 [Thread-947] INFO  impl.RoleInfo (RoleInfo.java:shutdownFollowerState(121)) - abcd8826-c056-4817-bd0f-7af19a46d814: shutdown FollowerState
2019-10-17 18:50:49,267 [Thread-947] INFO  impl.RaftServerImpl (RaftServerImpl.java:setRole(184)) - abcd8826-c056-4817-bd0f-7af19a46d814@group-5F52F902B742: changes role from  FOLLOWER to CANDIDATE at term 41 for changeToCandidate
2019-10-17 18:50:49,267 [Thread-947] INFO  impl.RoleInfo (RoleInfo.java:updateAndGet(143)) - abcd8826-c056-4817-bd0f-7af19a46d814: start LeaderElection
2019-10-17 18:50:49,281 [abcd8826-c056-4817-bd0f-7af19a46d814@group-5F52F902B742-LeaderElection93] INFO  impl.LeaderElection (LeaderElection.java:askForVotes(178)) - abcd8826-c056-4817-bd0f-7af19a46d814@group-5F52F902B742-LeaderElection93: begin an election at term 42 for -1: [b8f04e38-0663-4b1f-8efd-f76585c6e86c:192.168.157.251:35700, abcd8826-c056-4817-bd0f-7af19a46d814:192.168.157.251:46496, 73297ffa-40cb-4e3e-b33e-1bc2c1da60f5:192.168.157.251:32952], old=null
2019-10-17 18:50:49,283 [grpc-default-executor-4] INFO  impl.RaftServerImpl (RaftServerImpl.java:setRole(184)) - b8f04e38-0663-4b1f-8efd-f76585c6e86c@group-5F52F902B742: changes role from  FOLLOWER to FOLLOWER at term 42 for recognizeCandidate:abcd8826-c056-4817-bd0f-7af19a46d814
2019-10-17 18:50:49,284 [grpc-default-executor-4] INFO  impl.RoleInfo (RoleInfo.java:shutdownFollowerState(121)) - b8f04e38-0663-4b1f-8efd-f76585c6e86c: shutdown FollowerState
2019-10-17 18:50:49,283 [grpc-default-executor-6] INFO  impl.RaftServerImpl (RaftServerImpl.java:setRole(184)) - 73297ffa-40cb-4e3e-b33e-1bc2c1da60f5@group-5F52F902B742: changes role from  FOLLOWER to FOLLOWER at term 42 for recognizeCandidate:abcd8826-c056-4817-bd0f-7af19a46d814
2019-10-17 18:50:49,284 [Thread-943] INFO  impl.FollowerState (FollowerState.java:run(117)) - b8f04e38-0663-4b1f-8efd-f76585c6e86c@group-5F52F902B742-FollowerState was interrupted: java.lang.InterruptedException: sleep interrupted
2019-10-17 18:50:49,284 [grpc-default-executor-4] INFO  impl.RoleInfo (RoleInfo.java:updateAndGet(143)) - b8f04e38-0663-4b1f-8efd-f76585c6e86c: start FollowerState
2019-10-17 18:50:49,284 [grpc-default-executor-6] INFO  impl.RoleInfo (RoleInfo.java:shutdownFollowerState(121)) - 73297ffa-40cb-4e3e-b33e-1bc2c1da60f5: shutdown FollowerState
2019-10-17 18:50:49,284 [grpc-default-executor-6] INFO  impl.RoleInfo (RoleInfo.java:updateAndGet(143)) - 73297ffa-40cb-4e3e-b33e-1bc2c1da60f5: start FollowerState
2019-10-17 18:50:49,284 [Thread-942] INFO  impl.FollowerState (FollowerState.java:run(117)) - 73297ffa-40cb-4e3e-b33e-1bc2c1da60f5@group-5F52F902B742-FollowerState was interrupted: java.lang.InterruptedException: sleep interrupted
2019-10-17 18:50:49,289 [Thread-950] INFO  impl.FollowerState (FollowerState.java:run(108)) - a5e79c22-a35f-4e50-b1fd-e91b6a93d74d@group-F775CA5912AC-FollowerState: change to CANDIDATE, lastRpcTime:72ms, electionTimeout:72ms
2019-10-17 18:50:49,289 [Thread-950] INFO  impl.RoleInfo (RoleInfo.java:shutdownFollowerState(121)) - a5e79c22-a35f-4e50-b1fd-e91b6a93d74d: shutdown FollowerState
2019-10-17 18:50:49,289 [Thread-950] INFO  impl.RaftServerImpl (RaftServerImpl.java:setRole(184)) - a5e79c22-a35f-4e50-b1fd-e91b6a93d74d@group-F775CA5912AC: changes role from  FOLLOWER to CANDIDATE at term 42 for changeToCandidate
2019-10-17 18:50:49,289 [Thread-950] INFO  impl.RoleInfo (RoleInfo.java:updateAndGet(143)) - a5e79c22-a35f-4e50-b1fd-e91b6a93d74d: start LeaderElection
2019-10-17 18:50:49,298 [a5e79c22-a35f-4e50-b1fd-e91b6a93d74d@group-F775CA5912AC-LeaderElection94] INFO  impl.LeaderElection (LeaderElection.java:askForVotes(178)) - a5e79c22-a35f-4e50-b1fd-e91b6a93d74d@group-F775CA5912AC-LeaderElection94: begin an election at term 43 for -1: [a5e79c22-a35f-4e50-b1fd-e91b6a93d74d:192.168.157.251:45177, daae7813-f814-475d-9647-a302a5541e36:192.168.157.251:45025, 1e4e1375-1b66-460f-8c99-4c341545a119:192.168.157.251:42113], old=null
2019-10-17 18:50:49,299 [abcd8826-c056-4817-bd0f-7af19a46d814@group-5F52F902B742-LeaderElection93] INFO  impl.LeaderElection (LeaderElection.java:logAndReturn(56)) - abcd8826-c056-4817-bd0f-7af19a46d814@group-5F52F902B742-LeaderElection93: Election REJECTED; received 2 response(s) [abcd8826-c056-4817-bd0f-7af19a46d814<-b8f04e38-0663-4b1f-8efd-f76585c6e86c#0:FAIL-t42, abcd8826-c056-4817-bd0f-7af19a46d814<-73297ffa-40cb-4e3e-b33e-1bc2c1da60f5#0:FAIL-t42] and 0 exception(s); abcd8826-c056-4817-bd0f-7af19a46d814@group-5F52F902B742:t42, leader=null, voted=abcd8826-c056-4817-bd0f-7af19a46d814, raftlog=abcd8826-c056-4817-bd0f-7af19a46d814@group-5F52F902B742-SegmentedRaftLog:OPENED:c-1,f-1,i0, conf=-1: [b8f04e38-0663-4b1f-8efd-f76585c6e86c:192.168.157.251:35700, abcd8826-c056-4817-bd0f-7af19a46d814:192.168.157.251:46496, 73297ffa-40cb-4e3e-b33e-1bc2c1da60f5:192.168.157.251:32952], old=null
2019-10-17 18:50:49,299 [abcd8826-c056-4817-bd0f-7af19a46d814@group-5F52F902B742-LeaderElection93] INFO  impl.RaftServerImpl (RaftServerImpl.java:setRole(184)) - abcd8826-c056-4817-bd0f-7af19a46d814@group-5F52F902B742: changes role from CANDIDATE to FOLLOWER at term 42 for DISCOVERED_A_NEW_TERM
2019-10-17 18:50:49,299 [abcd8826-c056-4817-bd0f-7af19a46d814@group-5F52F902B742-LeaderElection93] INFO  impl.RoleInfo (RoleInfo.java:shutdownLeaderElection(134)) - abcd8826-c056-4817-bd0f-7af19a46d814: shutdown LeaderElection
2019-10-17 18:50:49,302 [abcd8826-c056-4817-bd0f-7af19a46d814@group-5F52F902B742-LeaderElection93] INFO  impl.RoleInfo (RoleInfo.java:updateAndGet(143)) - abcd8826-c056-4817-bd0f-7af19a46d814: start FollowerState
2019-10-17 18:50:49,302 [grpc-default-executor-4] INFO  impl.RaftServerImpl (RaftServerImpl.java:setRole(184)) - daae7813-f814-475d-9647-a302a5541e36@group-F775CA5912AC: changes role from  FOLLOWER to FOLLOWER at term 43 for recognizeCandidate:a5e79c22-a35f-4e50-b1fd-e91b6a93d74d
2019-10-17 18:50:49,302 [grpc-default-executor-6] INFO  impl.RaftServerImpl (RaftServerImpl.java:setRole(184)) - 1e4e1375-1b66-460f-8c99-4c341545a119@group-F775CA5912AC: changes role from  FOLLOWER to FOLLOWER at term 43 for recognizeCandidate:a5e79c22-a35f-4e50-b1fd-e91b6a93d74d
2019-10-17 18:50:49,303 [grpc-default-executor-4] INFO  impl.RoleInfo (RoleInfo.java:shutdownFollowerState(121)) - daae7813-f814-475d-9647-a302a5541e36: shutdown FollowerState
2019-10-17 18:50:49,303 [grpc-default-executor-6] INFO  impl.RoleInfo (RoleInfo.java:shutdownFollowerState(121)) - 1e4e1375-1b66-460f-8c99-4c341545a119: shutdown FollowerState
2019-10-17 18:50:49,303 [Thread-949] INFO  impl.FollowerState (FollowerState.java:run(117)) - daae7813-f814-475d-9647-a302a5541e36@group-F775CA5912AC-FollowerState was interrupted: java.lang.InterruptedException: sleep interrupted
2019-10-17 18:50:49,303 [grpc-default-executor-4] INFO  impl.RoleInfo (RoleInfo.java:updateAndGet(143)) - daae7813-f814-475d-9647-a302a5541e36: start FollowerState
2019-10-17 18:50:49,303 [Thread-948] INFO  impl.FollowerState (FollowerState.java:run(117)) - 1e4e1375-1b66-460f-8c99-4c341545a119@group-F775CA5912AC-FollowerState was interrupted: java.lang.InterruptedException: sleep interrupted
2019-10-17 18:50:49,303 [grpc-default-executor-6] INFO  impl.RoleInfo (RoleInfo.java:updateAndGet(143)) - 1e4e1375-1b66-460f-8c99-4c341545a119: start FollowerState
2019-10-17 18:50:49,317 [a5e79c22-a35f-4e50-b1fd-e91b6a93d74d@group-F775CA5912AC-LeaderElection94] INFO  impl.LeaderElection (LeaderElection.java:logAndReturn(56)) - a5e79c22-a35f-4e50-b1fd-e91b6a93d74d@group-F775CA5912AC-LeaderElection94: Election REJECTED; received 2 response(s) [a5e79c22-a35f-4e50-b1fd-e91b6a93d74d<-daae7813-f814-475d-9647-a302a5541e36#0:FAIL-t43, a5e79c22-a35f-4e50-b1fd-e91b6a93d74d<-1e4e1375-1b66-460f-8c99-4c341545a119#0:FAIL-t43] and 0 exception(s); a5e79c22-a35f-4e50-b1fd-e91b6a93d74d@group-F775CA5912AC:t43, leader=null, voted=a5e79c22-a35f-4e50-b1fd-e91b6a93d74d, raftlog=a5e79c22-a35f-4e50-b1fd-e91b6a93d74d@group-F775CA5912AC-SegmentedRaftLog:OPENED:c-1,f-1,i0, conf=-1: [a5e79c22-a35f-4e50-b1fd-e91b6a93d74d:192.168.157.251:45177, daae7813-f814-475d-9647-a302a5541e36:192.168.157.251:45025, 1e4e1375-1b66-460f-8c99-4c341545a119:192.168.157.251:42113], old=null
2019-10-17 18:50:49,317 [a5e79c22-a35f-4e50-b1fd-e91b6a93d74d@group-F775CA5912AC-LeaderElection94] INFO  impl.RaftServerImpl (RaftServerImpl.java:setRole(184)) - a5e79c22-a35f-4e50-b1fd-e91b6a93d74d@group-F775CA5912AC: changes role from CANDIDATE to FOLLOWER at term 43 for DISCOVERED_A_NEW_TERM
2019-10-17 18:50:49,317 [a5e79c22-a35f-4e50-b1fd-e91b6a93d74d@group-F775CA5912AC-LeaderElection94] INFO  impl.RoleInfo (RoleInfo.java:shutdownLeaderElection(134)) - a5e79c22-a35f-4e50-b1fd-e91b6a93d74d: shutdown LeaderElection
2019-10-17 18:50:49,317 [a5e79c22-a35f-4e50-b1fd-e91b6a93d74d@group-F775CA5912AC-LeaderElection94] INFO  impl.RoleInfo (RoleInfo.java:updateAndGet(143)) - a5e79c22-a35f-4e50-b1fd-e91b6a93d74d: start FollowerState
2019-10-17 18:50:49,434 [Thread-962] INFO  impl.FollowerState (FollowerState.java:run(108)) - a5e79c22-a35f-4e50-b1fd-e91b6a93d74d@group-F775CA5912AC-FollowerState: change to CANDIDATE, lastRpcTime:116ms, electionTimeout:116ms
2019-10-17 18:50:49,434 [Thread-962] INFO  impl.RoleInfo (RoleInfo.java:shutdownFollowerState(121)) - a5e79c22-a35f-4e50-b1fd-e91b6a93d74d: shutdown FollowerState
2019-10-17 18:50:49,434 [Thread-962] INFO  impl.RaftServerImpl (RaftServerImpl.java:setRole(184)) - a5e79c22-a35f-4e50-b1fd-e91b6a93d74d@group-F775CA5912AC: changes role from  FOLLOWER to CANDIDATE at term 43 for changeToCandidate
2019-10-17 18:50:49,434 [Thread-962] INFO  impl.RoleInfo (RoleInfo.java:updateAndGet(143)) - a5e79c22-a35f-4e50-b1fd-e91b6a93d74d: start LeaderElection
2019-10-17 18:50:49,463 [a5e79c22-a35f-4e50-b1fd-e91b6a93d74d@group-F775CA5912AC-LeaderElection95] INFO  impl.LeaderElection (LeaderElection.java:askForVotes(178)) - a5e79c22-a35f-4e50-b1fd-e91b6a93d74d@group-F775CA5912AC-LeaderElection95: begin an election at term 44 for -1: [a5e79c22-a35f-4e50-b1fd-e91b6a93d74d:192.168.157.251:45177, daae7813-f814-475d-9647-a302a5541e36:192.168.157.251:45025, 1e4e1375-1b66-460f-8c99-4c341545a119:192.168.157.251:42113], old=null
2019-10-17 18:50:49,465 [grpc-default-executor-6] INFO  impl.RaftServerImpl (RaftServerImpl.java:setRole(184)) - 1e4e1375-1b66-460f-8c99-4c341545a119@group-F775CA5912AC: changes role from  FOLLOWER to FOLLOWER at term 44 for recognizeCandidate:a5e79c22-a35f-4e50-b1fd-e91b6a93d74d
2019-10-17 18:50:49,465 [grpc-default-executor-4] INFO  impl.RaftServerImpl (RaftServerImpl.java:setRole(184)) - daae7813-f814-475d-9647-a302a5541e36@group-F775CA5912AC: changes role from  FOLLOWER to FOLLOWER at term 44 for recognizeCandidate:a5e79c22-a35f-4e50-b1fd-e91b6a93d74d
2019-10-17 18:50:49,465 [grpc-default-executor-6] INFO  impl.RoleInfo (RoleInfo.java:shutdownFollowerState(121)) - 1e4e1375-1b66-460f-8c99-4c341545a119: shutdown FollowerState
2019-10-17 18:50:49,466 [grpc-default-executor-4] INFO  impl.RoleInfo (RoleInfo.java:shutdownFollowerState(121)) - daae7813-f814-475d-9647-a302a5541e36: shutdown FollowerState
2019-10-17 18:50:49,466 [grpc-default-executor-6] INFO  impl.RoleInfo (RoleInfo.java:updateAndGet(143)) - 1e4e1375-1b66-460f-8c99-4c341545a119: start FollowerState
2019-10-17 18:50:49,466 [Thread-960] INFO  impl.FollowerState (FollowerState.java:run(117)) - daae7813-f814-475d-9647-a302a5541e36@group-F775CA5912AC-FollowerState was interrupted: java.lang.InterruptedException: sleep interrupted
2019-10-17 18:50:49,466 [grpc-default-executor-4] INFO  impl.RoleInfo (RoleInfo.java:updateAndGet(143)) - daae7813-f814-475d-9647-a302a5541e36: start FollowerState
2019-10-17 18:50:49,466 [Thread-961] INFO  impl.FollowerState (FollowerState.java:run(117)) - 1e4e1375-1b66-460f-8c99-4c341545a119@group-F775CA5912AC-FollowerState was interrupted: java.lang.InterruptedException: sleep interrupted
2019-10-17 18:50:49,475 [a5e79c22-a35f-4e50-b1fd-e91b6a93d74d@group-F775CA5912AC-LeaderElection95] INFO  impl.LeaderElection (LeaderElection.java:logAndReturn(56)) - a5e79c22-a35f-4e50-b1fd-e91b6a93d74d@group-F775CA5912AC-LeaderElection95: Election TIMEOUT; received 0 response(s) [] and 0 exception(s); a5e79c22-a35f-4e50-b1fd-e91b6a93d74d@group-F775CA5912AC:t44, leader=null, voted=a5e79c22-a35f-4e50-b1fd-e91b6a93d74d, raftlog=a5e79c22-a35f-4e50-b1fd-e91b6a93d74d@group-F775CA5912AC-SegmentedRaftLog:OPENED:c-1,f-1,i0, conf=-1: [a5e79c22-a35f-4e50-b1fd-e91b6a93d74d:192.168.157.251:45177, daae7813-f814-475d-9647-a302a5541e36:192.168.157.251:45025, 1e4e1375-1b66-460f-8c99-4c341545a119:192.168.157.251:42113], old=null
2019-10-17 18:50:49,479 [a5e79c22-a35f-4e50-b1fd-e91b6a93d74d@group-F775CA5912AC-LeaderElection95] INFO  impl.LeaderElection (LeaderElection.java:askForVotes(178)) - a5e79c22-a35f-4e50-b1fd-e91b6a93d74d@group-F775CA5912AC-LeaderElection95: begin an election at term 45 for -1: [a5e79c22-a35f-4e50-b1fd-e91b6a93d74d:192.168.157.251:45177, daae7813-f814-475d-9647-a302a5541e36:192.168.157.251:45025, 1e4e1375-1b66-460f-8c99-4c341545a119:192.168.157.251:42113], old=null
2019-10-17 18:50:49,483 [Thread-959] INFO  impl.FollowerState (FollowerState.java:run(108)) - abcd8826-c056-4817-bd0f-7af19a46d814@group-5F52F902B742-FollowerState: change to CANDIDATE, lastRpcTime:181ms, electionTimeout:179ms
2019-10-17 18:50:49,484 [Thread-959] INFO  impl.RoleInfo (RoleInfo.java:shutdownFollowerState(121)) - abcd8826-c056-4817-bd0f-7af19a46d814: shutdown FollowerState
2019-10-17 18:50:49,484 [Thread-959] INFO  impl.RaftServerImpl (RaftServerImpl.java:setRole(184)) - abcd8826-c056-4817-bd0f-7af19a46d814@group-5F52F902B742: changes role from  FOLLOWER to CANDIDATE at term 42 for changeToCandidate
2019-10-17 18:50:49,484 [Thread-959] INFO  impl.RoleInfo (RoleInfo.java:updateAndGet(143)) - abcd8826-c056-4817-bd0f-7af19a46d814: start LeaderElection
2019-10-17 18:50:49,484 [grpc-default-executor-6] INFO  impl.RaftServerImpl (RaftServerImpl.java:setRole(184)) - daae7813-f814-475d-9647-a302a5541e36@group-F775CA5912AC: changes role from  FOLLOWER to FOLLOWER at term 45 for recognizeCandidate:a5e79c22-a35f-4e50-b1fd-e91b6a93d74d
2019-10-17 18:50:49,484 [grpc-default-executor-4] INFO  impl.RaftServerImpl (RaftServerImpl.java:setRole(184)) - 1e4e1375-1b66-460f-8c99-4c341545a119@group-F775CA5912AC: changes role from  FOLLOWER to FOLLOWER at term 45 for recognizeCandidate:a5e79c22-a35f-4e50-b1fd-e91b6a93d74d
2019-10-17 18:50:49,484 [grpc-default-executor-6] INFO  impl.RoleInfo (RoleInfo.java:shutdownFollowerState(121)) - daae7813-f814-475d-9647-a302a5541e36: shutdown FollowerState
2019-10-17 18:50:49,484 [grpc-default-executor-4] INFO  impl.RoleInfo (RoleInfo.java:shutdownFollowerState(121)) - 1e4e1375-1b66-460f-8c99-4c341545a119: shutdown FollowerState
2019-10-17 18:50:49,484 [Thread-969] INFO  impl.FollowerState (FollowerState.java:run(117)) - daae7813-f814-475d-9647-a302a5541e36@group-F775CA5912AC-FollowerState was interrupted: java.lang.InterruptedException: sleep interrupted
2019-10-17 18:50:49,485 [Thread-968] INFO  impl.FollowerState (FollowerState.java:run(117)) - 1e4e1375-1b66-460f-8c99-4c341545a119@group-F775CA5912AC-FollowerState was interrupted: java.lang.InterruptedException: sleep interrupted
2019-10-17 18:50:49,484 [grpc-default-executor-6] INFO  impl.RoleInfo (RoleInfo.java:updateAndGet(143)) - daae7813-f814-475d-9647-a302a5541e36: start FollowerState
2019-10-17 18:50:49,485 [grpc-default-executor-4] INFO  impl.RoleInfo (RoleInfo.java:updateAndGet(143)) - 1e4e1375-1b66-460f-8c99-4c341545a119: start FollowerState
2019-10-17 18:50:49,497 [abcd8826-c056-4817-bd0f-7af19a46d814@group-5F52F902B742-LeaderElection96] INFO  impl.LeaderElection (LeaderElection.java:askForVotes(178)) - abcd8826-c056-4817-bd0f-7af19a46d814@group-5F52F902B742-LeaderElection96: begin an election at term 43 for -1: [b8f04e38-0663-4b1f-8efd-f76585c6e86c:192.168.157.251:35700, abcd8826-c056-4817-bd0f-7af19a46d814:192.168.157.251:46496, 73297ffa-40cb-4e3e-b33e-1bc2c1da60f5:192.168.157.251:32952], old=null
2019-10-17 18:50:49,499 [a5e79c22-a35f-4e50-b1fd-e91b6a93d74d@group-F775CA5912AC-LeaderElection95] INFO  impl.LeaderElection (LeaderElection.java:logAndReturn(56)) - a5e79c22-a35f-4e50-b1fd-e91b6a93d74d@group-F775CA5912AC-LeaderElection95: Election REJECTED; received 2 response(s) [a5e79c22-a35f-4e50-b1fd-e91b6a93d74d<-daae7813-f814-475d-9647-a302a5541e36#0:FAIL-t45, a5e79c22-a35f-4e50-b1fd-e91b6a93d74d<-1e4e1375-1b66-460f-8c99-4c341545a119#0:FAIL-t45] and 0 exception(s); a5e79c22-a35f-4e50-b1fd-e91b6a93d74d@group-F775CA5912AC:t45, leader=null, voted=a5e79c22-a35f-4e50-b1fd-e91b6a93d74d, raftlog=a5e79c22-a35f-4e50-b1fd-e91b6a93d74d@group-F775CA5912AC-SegmentedRaftLog:OPENED:c-1,f-1,i0, conf=-1: [a5e79c22-a35f-4e50-b1fd-e91b6a93d74d:192.168.157.251:45177, daae7813-f814-475d-9647-a302a5541e36:192.168.157.251:45025, 1e4e1375-1b66-460f-8c99-4c341545a119:192.168.157.251:42113], old=null
2019-10-17 18:50:49,499 [a5e79c22-a35f-4e50-b1fd-e91b6a93d74d@group-F775CA5912AC-LeaderElection95] INFO  impl.RaftServerImpl (RaftServerImpl.java:setRole(184)) - a5e79c22-a35f-4e50-b1fd-e91b6a93d74d@group-F775CA5912AC: changes role from CANDIDATE to FOLLOWER at term 45 for DISCOVERED_A_NEW_TERM
2019-10-17 18:50:49,499 [a5e79c22-a35f-4e50-b1fd-e91b6a93d74d@group-F775CA5912AC-LeaderElection95] INFO  impl.RoleInfo (RoleInfo.java:shutdownLeaderElection(134)) - a5e79c22-a35f-4e50-b1fd-e91b6a93d74d: shutdown LeaderElection
2019-10-17 18:50:49,499 [a5e79c22-a35f-4e50-b1fd-e91b6a93d74d@group-F775CA5912AC-LeaderElection95] INFO  impl.RoleInfo (RoleInfo.java:updateAndGet(143)) - a5e79c22-a35f-4e50-b1fd-e91b6a93d74d: start FollowerState
2019-10-17 18:50:49,499 [grpc-default-executor-4] INFO  impl.RaftServerImpl (RaftServerImpl.java:setRole(184)) - 73297ffa-40cb-4e3e-b33e-1bc2c1da60f5@group-5F52F902B742: changes role from  FOLLOWER to FOLLOWER at term 43 for recognizeCandidate:abcd8826-c056-4817-bd0f-7af19a46d814
2019-10-17 18:50:49,499 [grpc-default-executor-6] INFO  impl.RaftServerImpl (RaftServerImpl.java:setRole(184)) - b8f04e38-0663-4b1f-8efd-f76585c6e86c@group-5F52F902B742: changes role from  FOLLOWER to FOLLOWER at term 43 for recognizeCandidate:abcd8826-c056-4817-bd0f-7af19a46d814
2019-10-17 18:50:49,499 [grpc-default-executor-4] INFO  impl.RoleInfo (RoleInfo.java:shutdownFollowerState(121)) - 73297ffa-40cb-4e3e-b33e-1bc2c1da60f5: shutdown FollowerState
2019-10-17 18:50:49,500 [grpc-default-executor-6] INFO  impl.RoleInfo (RoleInfo.java:shutdownFollowerState(121)) - b8f04e38-0663-4b1f-8efd-f76585c6e86c: shutdown FollowerState
2019-10-17 18:50:49,500 [Thread-955] INFO  impl.FollowerState (FollowerState.java:run(117)) - 73297ffa-40cb-4e3e-b33e-1bc2c1da60f5@group-5F52F902B742-FollowerState was interrupted: java.lang.InterruptedException: sleep interrupted
2019-10-17 18:50:49,500 [Thread-954] INFO  impl.FollowerState (FollowerState.java:run(117)) - b8f04e38-0663-4b1f-8efd-f76585c6e86c@group-5F52F902B742-FollowerState was interrupted: java.lang.InterruptedException: sleep interrupted
2019-10-17 18:50:49,500 [grpc-default-executor-6] INFO  impl.RoleInfo (RoleInfo.java:updateAndGet(143)) - b8f04e38-0663-4b1f-8efd-f76585c6e86c: start FollowerState
2019-10-17 18:50:49,500 [grpc-default-executor-4] INFO  impl.RoleInfo (RoleInfo.java:updateAndGet(143)) - 73297ffa-40cb-4e3e-b33e-1bc2c1da60f5: start FollowerState
2019-10-17 18:50:49,515 [abcd8826-c056-4817-bd0f-7af19a46d814@group-5F52F902B742-LeaderElection96] INFO  impl.LeaderElection (LeaderElection.java:logAndReturn(56)) - abcd8826-c056-4817-bd0f-7af19a46d814@group-5F52F902B742-LeaderElection96: Election REJECTED; received 2 response(s) [abcd8826-c056-4817-bd0f-7af19a46d814<-b8f04e38-0663-4b1f-8efd-f76585c6e86c#0:FAIL-t43, abcd8826-c056-4817-bd0f-7af19a46d814<-73297ffa-40cb-4e3e-b33e-1bc2c1da60f5#0:FAIL-t43] and 0 exception(s); abcd8826-c056-4817-bd0f-7af19a46d814@group-5F52F902B742:t43, leader=null, voted=abcd8826-c056-4817-bd0f-7af19a46d814, raftlog=abcd8826-c056-4817-bd0f-7af19a46d814@group-5F52F902B742-SegmentedRaftLog:OPENED:c-1,f-1,i0, conf=-1: [b8f04e38-0663-4b1f-8efd-f76585c6e86c:192.168.157.251:35700, abcd8826-c056-4817-bd0f-7af19a46d814:192.168.157.251:46496, 73297ffa-40cb-4e3e-b33e-1bc2c1da60f5:192.168.157.251:32952], old=null
2019-10-17 18:50:49,515 [abcd8826-c056-4817-bd0f-7af19a46d814@group-5F52F902B742-LeaderElection96] INFO  impl.RaftServerImpl (RaftServerImpl.java:setRole(184)) - abcd8826-c056-4817-bd0f-7af19a46d814@group-5F52F902B742: changes role from CANDIDATE to FOLLOWER at term 43 for DISCOVERED_A_NEW_TERM
2019-10-17 18:50:49,515 [abcd8826-c056-4817-bd0f-7af19a46d814@group-5F52F902B742-LeaderElection96] INFO  impl.RoleInfo (RoleInfo.java:shutdownLeaderElection(134)) - abcd8826-c056-4817-bd0f-7af19a46d814: shutdown LeaderElection
2019-10-17 18:50:49,516 [abcd8826-c056-4817-bd0f-7af19a46d814@group-5F52F902B742-LeaderElection96] INFO  impl.RoleInfo (RoleInfo.java:updateAndGet(143)) - abcd8826-c056-4817-bd0f-7af19a46d814: start FollowerState
2019-10-17 18:50:49,590 [Thread-980] INFO  impl.FollowerState (FollowerState.java:run(108)) - abcd8826-c056-4817-bd0f-7af19a46d814@group-5F52F902B742-FollowerState: change to CANDIDATE, lastRpcTime:74ms, electionTimeout:74ms
2019-10-17 18:50:49,590 [Thread-980] INFO  impl.RoleInfo (RoleInfo.java:shutdownFollowerState(121)) - abcd8826-c056-4817-bd0f-7af19a46d814: shutdown FollowerState
2019-10-17 18:50:49,590 [Thread-980] INFO  impl.RaftServerImpl (RaftServerImpl.java:setRole(184)) - abcd8826-c056-4817-bd0f-7af19a46d814@group-5F52F902B742: changes role from  FOLLOWER to CANDIDATE at term 43 for changeToCandidate
2019-10-17 18:50:49,590 [Thread-980] INFO  impl.RoleInfo (RoleInfo.java:updateAndGet(143)) - abcd8826-c056-4817-bd0f-7af19a46d814: start LeaderElection
2019-10-17 18:50:49,606 [abcd8826-c056-4817-bd0f-7af19a46d814@group-5F52F902B742-LeaderElection97] INFO  impl.LeaderElection (LeaderElection.java:askForVotes(178)) - abcd8826-c056-4817-bd0f-7af19a46d814@group-5F52F902B742-LeaderElection97: begin an election at term 44 for -1: [b8f04e38-0663-4b1f-8efd-f76585c6e86c:192.168.157.251:35700, abcd8826-c056-4817-bd0f-7af19a46d814:192.168.157.251:46496, 73297ffa-40cb-4e3e-b33e-1bc2c1da60f5:192.168.157.251:32952], old=null
2019-10-17 18:50:49,614 [grpc-default-executor-6] INFO  impl.RaftServerImpl (RaftServerImpl.java:setRole(184)) - b8f04e38-0663-4b1f-8efd-f76585c6e86c@group-5F52F902B742: changes role from  FOLLOWER to FOLLOWER at term 44 for recognizeCandidate:abcd8826-c056-4817-bd0f-7af19a46d814
2019-10-17 18:50:49,614 [grpc-default-executor-6] INFO  impl.RoleInfo (RoleInfo.java:shutdownFollowerState(121)) - b8f04e38-0663-4b1f-8efd-f76585c6e86c: shutdown FollowerState
2019-10-17 18:50:49,614 [grpc-default-executor-2] INFO  impl.RaftServerImpl (RaftServerImpl.java:setRole(184)) - 73297ffa-40cb-4e3e-b33e-1bc2c1da60f5@group-5F52F902B742: changes role from  FOLLOWER to FOLLOWER at term 44 for recognizeCandidate:abcd8826-c056-4817-bd0f-7af19a46d814
2019-10-17 18:50:49,614 [Thread-979] INFO  impl.FollowerState (FollowerState.java:run(117)) - b8f04e38-0663-4b1f-8efd-f76585c6e86c@group-5F52F902B742-FollowerState was interrupted: java.lang.InterruptedException: sleep interrupted
2019-10-17 18:50:49,614 [grpc-default-executor-6] INFO  impl.RoleInfo (RoleInfo.java:updateAndGet(143)) - b8f04e38-0663-4b1f-8efd-f76585c6e86c: start FollowerState
2019-10-17 18:50:49,616 [grpc-default-executor-2] INFO  impl.RoleInfo (RoleInfo.java:shutdownFollowerState(121)) - 73297ffa-40cb-4e3e-b33e-1bc2c1da60f5: shutdown FollowerState
2019-10-17 18:50:49,616 [Thread-978] INFO  impl.FollowerState (FollowerState.java:run(117)) - 73297ffa-40cb-4e3e-b33e-1bc2c1da60f5@group-5F52F902B742-FollowerState was interrupted: java.lang.InterruptedException: sleep interrupted
2019-10-17 18:50:49,616 [grpc-default-executor-2] INFO  impl.RoleInfo (RoleInfo.java:updateAndGet(143)) - 73297ffa-40cb-4e3e-b33e-1bc2c1da60f5: start FollowerState
2019-10-17 18:50:49,632 [abcd8826-c056-4817-bd0f-7af19a46d814@group-5F52F902B742-LeaderElection97] INFO  impl.LeaderElection (LeaderElection.java:logAndReturn(56)) - abcd8826-c056-4817-bd0f-7af19a46d814@group-5F52F902B742-LeaderElection97: Election REJECTED; received 2 response(s) [abcd8826-c056-4817-bd0f-7af19a46d814<-b8f04e38-0663-4b1f-8efd-f76585c6e86c#0:FAIL-t44, abcd8826-c056-4817-bd0f-7af19a46d814<-73297ffa-40cb-4e3e-b33e-1bc2c1da60f5#0:FAIL-t44] and 0 exception(s); abcd8826-c056-4817-bd0f-7af19a46d814@group-5F52F902B742:t44, leader=null, voted=abcd8826-c056-4817-bd0f-7af19a46d814, raftlog=abcd8826-c056-4817-bd0f-7af19a46d814@group-5F52F902B742-SegmentedRaftLog:OPENED:c-1,f-1,i0, conf=-1: [b8f04e38-0663-4b1f-8efd-f76585c6e86c:192.168.157.251:35700, abcd8826-c056-4817-bd0f-7af19a46d814:192.168.157.251:46496, 73297ffa-40cb-4e3e-b33e-1bc2c1da60f5:192.168.157.251:32952], old=null
2019-10-17 18:50:49,632 [abcd8826-c056-4817-bd0f-7af19a46d814@group-5F52F902B742-LeaderElection97] INFO  impl.RaftServerImpl (RaftServerImpl.java:setRole(184)) - abcd8826-c056-4817-bd0f-7af19a46d814@group-5F52F902B742: changes role from CANDIDATE to FOLLOWER at term 44 for DISCOVERED_A_NEW_TERM
2019-10-17 18:50:49,632 [abcd8826-c056-4817-bd0f-7af19a46d814@group-5F52F902B742-LeaderElection97] INFO  impl.RoleInfo (RoleInfo.java:shutdownLeaderElection(134)) - abcd8826-c056-4817-bd0f-7af19a46d814: shutdown LeaderElection
2019-10-17 18:50:49,632 [abcd8826-c056-4817-bd0f-7af19a46d814@group-5F52F902B742-LeaderElection97] INFO  impl.RoleInfo (RoleInfo.java:updateAndGet(143)) - abcd8826-c056-4817-bd0f-7af19a46d814: start FollowerState
2019-10-17 18:50:49,656 [Thread-977] INFO  impl.FollowerState (FollowerState.java:run(108)) - a5e79c22-a35f-4e50-b1fd-e91b6a93d74d@group-F775CA5912AC-FollowerState: change to CANDIDATE, lastRpcTime:157ms, electionTimeout:157ms
2019-10-17 18:50:49,657 [Thread-977] INFO  impl.RoleInfo (RoleInfo.java:shutdownFollowerState(121)) - a5e79c22-a35f-4e50-b1fd-e91b6a93d74d: shutdown FollowerState
2019-10-17 18:50:49,657 [Thread-977] INFO  impl.RaftServerImpl (RaftServerImpl.java:setRole(184)) - a5e79c22-a35f-4e50-b1fd-e91b6a93d74d@group-F775CA5912AC: changes role from  FOLLOWER to CANDIDATE at term 45 for changeToCandidate
2019-10-17 18:50:49,657 [Thread-977] INFO  impl.RoleInfo (RoleInfo.java:updateAndGet(143)) - a5e79c22-a35f-4e50-b1fd-e91b6a93d74d: start LeaderElection
2019-10-17 18:50:49,660 [Thread-988] INFO  impl.FollowerState (FollowerState.java:run(108)) - abcd8826-c056-4817-bd0f-7af19a46d814@group-5F52F902B742-FollowerState: change to CANDIDATE, lastRpcTime:27ms, electionTimeout:27ms
2019-10-17 18:50:49,660 [Thread-988] INFO  impl.RoleInfo (RoleInfo.java:shutdownFollowerState(121)) - abcd8826-c056-4817-bd0f-7af19a46d814: shutdown FollowerState
2019-10-17 18:50:49,660 [Thread-988] INFO  impl.RaftServerImpl (RaftServerImpl.java:setRole(184)) - abcd8826-c056-4817-bd0f-7af19a46d814@group-5F52F902B742: changes role from  FOLLOWER to CANDIDATE at term 44 for changeToCandidate
2019-10-17 18:50:49,660 [Thread-988] INFO  impl.RoleInfo (RoleInfo.java:updateAndGet(143)) - abcd8826-c056-4817-bd0f-7af19a46d814: start LeaderElection
2019-10-17 18:50:49,676 [a5e79c22-a35f-4e50-b1fd-e91b6a93d74d@group-F775CA5912AC-LeaderElection98] INFO  impl.LeaderElection (LeaderElection.java:askForVotes(178)) - a5e79c22-a35f-4e50-b1fd-e91b6a93d74d@group-F775CA5912AC-LeaderElection98: begin an election at term 46 for -1: [a5e79c22-a35f-4e50-b1fd-e91b6a93d74d:192.168.157.251:45177, daae7813-f814-475d-9647-a302a5541e36:192.168.157.251:45025, 1e4e1375-1b66-460f-8c99-4c341545a119:192.168.157.251:42113], old=null
2019-10-17 18:50:49,676 [abcd8826-c056-4817-bd0f-7af19a46d814@group-5F52F902B742-LeaderElection99] INFO  impl.LeaderElection (LeaderElection.java:askForVotes(178)) - abcd8826-c056-4817-bd0f-7af19a46d814@group-5F52F902B742-LeaderElection99: begin an election at term 45 for -1: [b8f04e38-0663-4b1f-8efd-f76585c6e86c:192.168.157.251:35700, abcd8826-c056-4817-bd0f-7af19a46d814:192.168.157.251:46496, 73297ffa-40cb-4e3e-b33e-1bc2c1da60f5:192.168.157.251:32952], old=null
2019-10-17 18:50:49,678 [grpc-default-executor-2] INFO  impl.RaftServerImpl (RaftServerImpl.java:setRole(184)) - 1e4e1375-1b66-460f-8c99-4c341545a119@group-F775CA5912AC: changes role from  FOLLOWER to FOLLOWER at term 46 for recognizeCandidate:a5e79c22-a35f-4e50-b1fd-e91b6a93d74d
2019-10-17 18:50:49,678 [grpc-default-executor-0] INFO  impl.RaftServerImpl (RaftServerImpl.java:setRole(184)) - 73297ffa-40cb-4e3e-b33e-1bc2c1da60f5@group-5F52F902B742: changes role from  FOLLOWER to FOLLOWER at term 45 for recognizeCandidate:abcd8826-c056-4817-bd0f-7af19a46d814
2019-10-17 18:50:49,678 [grpc-default-executor-4] INFO  impl.RaftServerImpl (RaftServerImpl.java:setRole(184)) - daae7813-f814-475d-9647-a302a5541e36@group-F775CA5912AC: changes role from  FOLLOWER to FOLLOWER at term 46 for recognizeCandidate:a5e79c22-a35f-4e50-b1fd-e91b6a93d74d
2019-10-17 18:50:49,678 [grpc-default-executor-6] INFO  impl.RaftServerImpl (RaftServerImpl.java:setRole(184)) - b8f04e38-0663-4b1f-8efd-f76585c6e86c@group-5F52F902B742: changes role from  FOLLOWER to FOLLOWER at term 45 for recognizeCandidate:abcd8826-c056-4817-bd0f-7af19a46d814
2019-10-17 18:50:49,678 [grpc-default-executor-4] INFO  impl.RoleInfo (RoleInfo.java:shutdownFollowerState(121)) - daae7813-f814-475d-9647-a302a5541e36: shutdown FollowerState
2019-10-17 18:50:49,678 [grpc-default-executor-0] INFO  impl.RoleInfo (RoleInfo.java:shutdownFollowerState(121)) - 73297ffa-40cb-4e3e-b33e-1bc2c1da60f5: shutdown FollowerState
2019-10-17 18:50:49,678 [grpc-default-executor-2] INFO  impl.RoleInfo (RoleInfo.java:shutdownFollowerState(121)) - 1e4e1375-1b66-460f-8c99-4c341545a119: shutdown FollowerState
2019-10-17 18:50:49,678 [Thread-987] INFO  impl.FollowerState (FollowerState.java:run(117)) - 73297ffa-40cb-4e3e-b33e-1bc2c1da60f5@group-5F52F902B742-FollowerState was interrupted: java.lang.InterruptedException: sleep interrupted
2019-10-17 18:50:49,678 [grpc-default-executor-0] INFO  impl.RoleInfo (RoleInfo.java:updateAndGet(143)) - 73297ffa-40cb-4e3e-b33e-1bc2c1da60f5: start FollowerState
2019-10-17 18:50:49,678 [Thread-973] INFO  impl.FollowerState (FollowerState.java:run(117)) - daae7813-f814-475d-9647-a302a5541e36@group-F775CA5912AC-FollowerState was interrupted: java.lang.InterruptedException: sleep interrupted
2019-10-17 18:50:49,678 [grpc-default-executor-4] INFO  impl.RoleInfo (RoleInfo.java:updateAndGet(143)) - daae7813-f814-475d-9647-a302a5541e36: start FollowerState
2019-10-17 18:50:49,678 [grpc-default-executor-6] INFO  impl.RoleInfo (RoleInfo.java:shutdownFollowerState(121)) - b8f04e38-0663-4b1f-8efd-f76585c6e86c: shutdown FollowerState
2019-10-17 18:50:49,679 [grpc-default-executor-2] INFO  impl.RoleInfo (RoleInfo.java:updateAndGet(143)) - 1e4e1375-1b66-460f-8c99-4c341545a119: start FollowerState
2019-10-17 18:50:49,679 [Thread-974] INFO  impl.FollowerState (FollowerState.java:run(117)) - 1e4e1375-1b66-460f-8c99-4c341545a119@group-F775CA5912AC-FollowerState was interrupted: java.lang.InterruptedException: sleep interrupted
2019-10-17 18:50:49,679 [Thread-986] INFO  impl.FollowerState (FollowerState.java:run(117)) - b8f04e38-0663-4b1f-8efd-f76585c6e86c@group-5F52F902B742-FollowerState was interrupted: java.lang.InterruptedException: sleep interrupted
2019-10-17 18:50:49,679 [grpc-default-executor-6] INFO  impl.RoleInfo (RoleInfo.java:updateAndGet(143)) - b8f04e38-0663-4b1f-8efd-f76585c6e86c: start FollowerState
2019-10-17 18:50:49,688 [a5e79c22-a35f-4e50-b1fd-e91b6a93d74d@group-F775CA5912AC-LeaderElection98] INFO  impl.LeaderElection (LeaderElection.java:logAndReturn(56)) - a5e79c22-a35f-4e50-b1fd-e91b6a93d74d@group-F775CA5912AC-LeaderElection98: Election TIMEOUT; received 0 response(s) [] and 0 exception(s); a5e79c22-a35f-4e50-b1fd-e91b6a93d74d@group-F775CA5912AC:t46, leader=null, voted=a5e79c22-a35f-4e50-b1fd-e91b6a93d74d, raftlog=a5e79c22-a35f-4e50-b1fd-e91b6a93d74d@group-F775CA5912AC-SegmentedRaftLog:OPENED:c-1,f-1,i0, conf=-1: [a5e79c22-a35f-4e50-b1fd-e91b6a93d74d:192.168.157.251:45177, daae7813-f814-475d-9647-a302a5541e36:192.168.157.251:45025, 1e4e1375-1b66-460f-8c99-4c341545a119:192.168.157.251:42113], old=null
2019-10-17 18:50:49,702 [a5e79c22-a35f-4e50-b1fd-e91b6a93d74d@group-F775CA5912AC-LeaderElection98] INFO  impl.LeaderElection (LeaderElection.java:askForVotes(178)) - a5e79c22-a35f-4e50-b1fd-e91b6a93d74d@group-F775CA5912AC-LeaderElection98: begin an election at term 47 for -1: [a5e79c22-a35f-4e50-b1fd-e91b6a93d74d:192.168.157.251:45177, daae7813-f814-475d-9647-a302a5541e36:192.168.157.251:45025, 1e4e1375-1b66-460f-8c99-4c341545a119:192.168.157.251:42113], old=null
2019-10-17 18:50:49,703 [abcd8826-c056-4817-bd0f-7af19a46d814@group-5F52F902B742-LeaderElection99] INFO  impl.LeaderElection (LeaderElection.java:logAndReturn(56)) - abcd8826-c056-4817-bd0f-7af19a46d814@group-5F52F902B742-LeaderElection99: Election REJECTED; received 2 response(s) [abcd8826-c056-4817-bd0f-7af19a46d814<-b8f04e38-0663-4b1f-8efd-f76585c6e86c#0:FAIL-t45, abcd8826-c056-4817-bd0f-7af19a46d814<-73297ffa-40cb-4e3e-b33e-1bc2c1da60f5#0:FAIL-t45] and 0 exception(s); abcd8826-c056-4817-bd0f-7af19a46d814@group-5F52F902B742:t45, leader=null, voted=abcd8826-c056-4817-bd0f-7af19a46d814, raftlog=abcd8826-c056-4817-bd0f-7af19a46d814@group-5F52F902B742-SegmentedRaftLog:OPENED:c-1,f-1,i0, conf=-1: [b8f04e38-0663-4b1f-8efd-f76585c6e86c:192.168.157.251:35700, abcd8826-c056-4817-bd0f-7af19a46d814:192.168.157.251:46496, 73297ffa-40cb-4e3e-b33e-1bc2c1da60f5:192.168.157.251:32952], old=null
2019-10-17 18:50:49,703 [abcd8826-c056-4817-bd0f-7af19a46d814@group-5F52F902B742-LeaderElection99] INFO  impl.RaftServerImpl (RaftServerImpl.java:setRole(184)) - abcd8826-c056-4817-bd0f-7af19a46d814@group-5F52F902B742: changes role from CANDIDATE to FOLLOWER at term 45 for DISCOVERED_A_NEW_TERM
2019-10-17 18:50:49,703 [abcd8826-c056-4817-bd0f-7af19a46d814@group-5F52F902B742-LeaderElection99] INFO  impl.RoleInfo (RoleInfo.java:shutdownLeaderElection(134)) - abcd8826-c056-4817-bd0f-7af19a46d814: shutdown LeaderElection
2019-10-17 18:50:49,703 [abcd8826-c056-4817-bd0f-7af19a46d814@group-5F52F902B742-LeaderElection99] INFO  impl.RoleInfo (RoleInfo.java:updateAndGet(143)) - abcd8826-c056-4817-bd0f-7af19a46d814: start FollowerState
2019-10-17 18:50:49,704 [grpc-default-executor-2] INFO  impl.RaftServerImpl (RaftServerImpl.java:setRole(184)) - daae7813-f814-475d-9647-a302a5541e36@group-F775CA5912AC: changes role from  FOLLOWER to FOLLOWER at term 47 for recognizeCandidate:a5e79c22-a35f-4e50-b1fd-e91b6a93d74d
2019-10-17 18:50:49,704 [grpc-default-executor-0] INFO  impl.RaftServerImpl (RaftServerImpl.java:setRole(184)) - 1e4e1375-1b66-460f-8c99-4c341545a119@group-F775CA5912AC: changes role from  FOLLOWER to FOLLOWER at term 47 for recognizeCandidate:a5e79c22-a35f-4e50-b1fd-e91b6a93d74d
2019-10-17 18:50:49,704 [grpc-default-executor-2] INFO  impl.RoleInfo (RoleInfo.java:shutdownFollowerState(121)) - daae7813-f814-475d-9647-a302a5541e36: shutdown FollowerState
2019-10-17 18:50:49,704 [grpc-default-executor-0] INFO  impl.RoleInfo (RoleInfo.java:shutdownFollowerState(121)) - 1e4e1375-1b66-460f-8c99-4c341545a119: shutdown FollowerState
2019-10-17 18:50:49,704 [Thread-995] INFO  impl.FollowerState (FollowerState.java:run(117)) - daae7813-f814-475d-9647-a302a5541e36@group-F775CA5912AC-FollowerState was interrupted: java.lang.InterruptedException: sleep interrupted
2019-10-17 18:50:49,704 [grpc-default-executor-2] INFO  impl.RoleInfo (RoleInfo.java:updateAndGet(143)) - daae7813-f814-475d-9647-a302a5541e36: start FollowerState
2019-10-17 18:50:49,704 [Thread-997] INFO  impl.FollowerState (FollowerState.java:run(117)) - 1e4e1375-1b66-460f-8c99-4c341545a119@group-F775CA5912AC-FollowerState was interrupted: java.lang.InterruptedException: sleep interrupted
2019-10-17 18:50:49,704 [grpc-default-executor-0] INFO  impl.RoleInfo (RoleInfo.java:updateAndGet(143)) - 1e4e1375-1b66-460f-8c99-4c341545a119: start FollowerState
2019-10-17 18:50:49,724 [a5e79c22-a35f-4e50-b1fd-e91b6a93d74d@group-F775CA5912AC-LeaderElection98] INFO  impl.LeaderElection (LeaderElection.java:logAndReturn(56)) - a5e79c22-a35f-4e50-b1fd-e91b6a93d74d@group-F775CA5912AC-LeaderElection98: Election REJECTED; received 2 response(s) [a5e79c22-a35f-4e50-b1fd-e91b6a93d74d<-daae7813-f814-475d-9647-a302a5541e36#0:FAIL-t47, a5e79c22-a35f-4e50-b1fd-e91b6a93d74d<-1e4e1375-1b66-460f-8c99-4c341545a119#0:FAIL-t47] and 0 exception(s); a5e79c22-a35f-4e50-b1fd-e91b6a93d74d@group-F775CA5912AC:t47, leader=null, voted=a5e79c22-a35f-4e50-b1fd-e91b6a93d74d, raftlog=a5e79c22-a35f-4e50-b1fd-e91b6a93d74d@group-F775CA5912AC-SegmentedRaftLog:OPENED:c-1,f-1,i0, conf=-1: [a5e79c22-a35f-4e50-b1fd-e91b6a93d74d:192.168.157.251:45177, daae7813-f814-475d-9647-a302a5541e36:192.168.157.251:45025, 1e4e1375-1b66-460f-8c99-4c341545a119:192.168.157.251:42113], old=null
2019-10-17 18:50:49,724 [a5e79c22-a35f-4e50-b1fd-e91b6a93d74d@group-F775CA5912AC-LeaderElection98] INFO  impl.RaftServerImpl (RaftServerImpl.java:setRole(184)) - a5e79c22-a35f-4e50-b1fd-e91b6a93d74d@group-F775CA5912AC: changes role from CANDIDATE to FOLLOWER at term 47 for DISCOVERED_A_NEW_TERM
2019-10-17 18:50:49,724 [a5e79c22-a35f-4e50-b1fd-e91b6a93d74d@group-F775CA5912AC-LeaderElection98] INFO  impl.RoleInfo (RoleInfo.java:shutdownLeaderElection(134)) - a5e79c22-a35f-4e50-b1fd-e91b6a93d74d: shutdown LeaderElection
2019-10-17 18:50:49,724 [a5e79c22-a35f-4e50-b1fd-e91b6a93d74d@group-F775CA5912AC-LeaderElection98] INFO  impl.RoleInfo (RoleInfo.java:updateAndGet(143)) - a5e79c22-a35f-4e50-b1fd-e91b6a93d74d: start FollowerState
2019-10-17 18:50:49,827 [Thread-1001] INFO  impl.FollowerState (FollowerState.java:run(108)) - abcd8826-c056-4817-bd0f-7af19a46d814@group-5F52F902B742-FollowerState: change to CANDIDATE, lastRpcTime:124ms, electionTimeout:124ms
2019-10-17 18:50:49,828 [Thread-1001] INFO  impl.RoleInfo (RoleInfo.java:shutdownFollowerState(121)) - abcd8826-c056-4817-bd0f-7af19a46d814: shutdown FollowerState
2019-10-17 18:50:49,828 [Thread-1001] INFO  impl.RaftServerImpl (RaftServerImpl.java:setRole(184)) - abcd8826-c056-4817-bd0f-7af19a46d814@group-5F52F902B742: changes role from  FOLLOWER to CANDIDATE at term 45 for changeToCandidate
2019-10-17 18:50:49,828 [Thread-1001] INFO  impl.RoleInfo (RoleInfo.java:updateAndGet(143)) - abcd8826-c056-4817-bd0f-7af19a46d814: start LeaderElection
2019-10-17 18:50:49,842 [abcd8826-c056-4817-bd0f-7af19a46d814@group-5F52F902B742-LeaderElection100] INFO  impl.LeaderElection (LeaderElection.java:askForVotes(178)) - abcd8826-c056-4817-bd0f-7af19a46d814@group-5F52F902B742-LeaderElection100: begin an election at term 46 for -1: [b8f04e38-0663-4b1f-8efd-f76585c6e86c:192.168.157.251:35700, abcd8826-c056-4817-bd0f-7af19a46d814:192.168.157.251:46496, 73297ffa-40cb-4e3e-b33e-1bc2c1da60f5:192.168.157.251:32952], old=null
2019-10-17 18:50:49,844 [grpc-default-executor-0] INFO  impl.RaftServerImpl (RaftServerImpl.java:setRole(184)) - b8f04e38-0663-4b1f-8efd-f76585c6e86c@group-5F52F902B742: changes role from  FOLLOWER to FOLLOWER at term 46 for recognizeCandidate:abcd8826-c056-4817-bd0f-7af19a46d814
2019-10-17 18:50:49,844 [grpc-default-executor-2] INFO  impl.RaftServerImpl (RaftServerImpl.java:setRole(184)) - 73297ffa-40cb-4e3e-b33e-1bc2c1da60f5@group-5F52F902B742: changes role from  FOLLOWER to FOLLOWER at term 46 for recognizeCandidate:abcd8826-c056-4817-bd0f-7af19a46d814
2019-10-17 18:50:49,844 [grpc-default-executor-0] INFO  impl.RoleInfo (RoleInfo.java:shutdownFollowerState(121)) - b8f04e38-0663-4b1f-8efd-f76585c6e86c: shutdown FollowerState
2019-10-17 18:50:49,844 [grpc-default-executor-2] INFO  impl.RoleInfo (RoleInfo.java:shutdownFollowerState(121)) - 73297ffa-40cb-4e3e-b33e-1bc2c1da60f5: shutdown FollowerState
2019-10-17 18:50:49,844 [Thread-998] INFO  impl.FollowerState (FollowerState.java:run(117)) - b8f04e38-0663-4b1f-8efd-f76585c6e86c@group-5F52F902B742-FollowerState was interrupted: java.lang.InterruptedException: sleep interrupted
2019-10-17 18:50:49,844 [grpc-default-executor-0] INFO  impl.RoleInfo (RoleInfo.java:updateAndGet(143)) - b8f04e38-0663-4b1f-8efd-f76585c6e86c: start FollowerState
2019-10-17 18:50:49,845 [Thread-996] INFO  impl.FollowerState (FollowerState.java:run(117)) - 73297ffa-40cb-4e3e-b33e-1bc2c1da60f5@group-5F52F902B742-FollowerState was interrupted: java.lang.InterruptedException: sleep interrupted
2019-10-17 18:50:49,845 [grpc-default-executor-2] INFO  impl.RoleInfo (RoleInfo.java:updateAndGet(143)) - 73297ffa-40cb-4e3e-b33e-1bc2c1da60f5: start FollowerState
2019-10-17 18:50:49,853 [Thread-1004] INFO  impl.FollowerState (FollowerState.java:run(108)) - a5e79c22-a35f-4e50-b1fd-e91b6a93d74d@group-F775CA5912AC-FollowerState: change to CANDIDATE, lastRpcTime:129ms, electionTimeout:129ms
2019-10-17 18:50:49,854 [Thread-1004] INFO  impl.RoleInfo (RoleInfo.java:shutdownFollowerState(121)) - a5e79c22-a35f-4e50-b1fd-e91b6a93d74d: shutdown FollowerState
2019-10-17 18:50:49,854 [Thread-1004] INFO  impl.RaftServerImpl (RaftServerImpl.java:setRole(184)) - a5e79c22-a35f-4e50-b1fd-e91b6a93d74d@group-F775CA5912AC: changes role from  FOLLOWER to CANDIDATE at term 47 for changeToCandidate
2019-10-17 18:50:49,854 [Thread-1004] INFO  impl.RoleInfo (RoleInfo.java:updateAndGet(143)) - a5e79c22-a35f-4e50-b1fd-e91b6a93d74d: start LeaderElection
2019-10-17 18:50:49,859 [a5e79c22-a35f-4e50-b1fd-e91b6a93d74d@group-F775CA5912AC-LeaderElection101] INFO  impl.LeaderElection (LeaderElection.java:askForVotes(178)) - a5e79c22-a35f-4e50-b1fd-e91b6a93d74d@group-F775CA5912AC-LeaderElection101: begin an election at term 48 for -1: [a5e79c22-a35f-4e50-b1fd-e91b6a93d74d:192.168.157.251:45177, daae7813-f814-475d-9647-a302a5541e36:192.168.157.251:45025, 1e4e1375-1b66-460f-8c99-4c341545a119:192.168.157.251:42113], old=null
2019-10-17 18:50:49,860 [abcd8826-c056-4817-bd0f-7af19a46d814@group-5F52F902B742-LeaderElection100] INFO  impl.LeaderElection (LeaderElection.java:logAndReturn(56)) - abcd8826-c056-4817-bd0f-7af19a46d814@group-5F52F902B742-LeaderElection100: Election REJECTED; received 2 response(s) [abcd8826-c056-4817-bd0f-7af19a46d814<-b8f04e38-0663-4b1f-8efd-f76585c6e86c#0:FAIL-t46, abcd8826-c056-4817-bd0f-7af19a46d814<-73297ffa-40cb-4e3e-b33e-1bc2c1da60f5#0:FAIL-t46] and 0 exception(s); abcd8826-c056-4817-bd0f-7af19a46d814@group-5F52F902B742:t46, leader=null, voted=abcd8826-c056-4817-bd0f-7af19a46d814, raftlog=abcd8826-c056-4817-bd0f-7af19a46d814@group-5F52F902B742-SegmentedRaftLog:OPENED:c-1,f-1,i0, conf=-1: [b8f04e38-0663-4b1f-8efd-f76585c6e86c:192.168.157.251:35700, abcd8826-c056-4817-bd0f-7af19a46d814:192.168.157.251:46496, 73297ffa-40cb-4e3e-b33e-1bc2c1da60f5:192.168.157.251:32952], old=null
2019-10-17 18:50:49,860 [abcd8826-c056-4817-bd0f-7af19a46d814@group-5F52F902B742-LeaderElection100] INFO  impl.RaftServerImpl (RaftServerImpl.java:setRole(184)) - abcd8826-c056-4817-bd0f-7af19a46d814@group-5F52F902B742: changes role from CANDIDATE to FOLLOWER at term 46 for DISCOVERED_A_NEW_TERM
2019-10-17 18:50:49,860 [abcd8826-c056-4817-bd0f-7af19a46d814@group-5F52F902B742-LeaderElection100] INFO  impl.RoleInfo (RoleInfo.java:shutdownLeaderElection(134)) - abcd8826-c056-4817-bd0f-7af19a46d814: shutdown LeaderElection
2019-10-17 18:50:49,860 [abcd8826-c056-4817-bd0f-7af19a46d814@group-5F52F902B742-LeaderElection100] INFO  impl.RoleInfo (RoleInfo.java:updateAndGet(143)) - abcd8826-c056-4817-bd0f-7af19a46d814: start FollowerState
2019-10-17 18:50:49,860 [grpc-default-executor-2] INFO  impl.RaftServerImpl (RaftServerImpl.java:setRole(184)) - daae7813-f814-475d-9647-a302a5541e36@group-F775CA5912AC: changes role from  FOLLOWER to FOLLOWER at term 48 for recognizeCandidate:a5e79c22-a35f-4e50-b1fd-e91b6a93d74d
2019-10-17 18:50:49,860 [grpc-default-executor-2] INFO  impl.RoleInfo (RoleInfo.java:shutdownFollowerState(121)) - daae7813-f814-475d-9647-a302a5541e36: shutdown FollowerState
2019-10-17 18:50:49,860 [grpc-default-executor-2] INFO  impl.RoleInfo (RoleInfo.java:updateAndGet(143)) - daae7813-f814-475d-9647-a302a5541e36: start FollowerState
2019-10-17 18:50:49,860 [grpc-default-executor-0] INFO  impl.RaftServerImpl (RaftServerImpl.java:setRole(184)) - 1e4e1375-1b66-460f-8c99-4c341545a119@group-F775CA5912AC: changes role from  FOLLOWER to FOLLOWER at term 48 for recognizeCandidate:a5e79c22-a35f-4e50-b1fd-e91b6a93d74d
2019-10-17 18:50:49,860 [Thread-1002] INFO  impl.FollowerState (FollowerState.java:run(117)) - daae7813-f814-475d-9647-a302a5541e36@group-F775CA5912AC-FollowerState was interrupted: java.lang.InterruptedException: sleep interrupted
2019-10-17 18:50:49,861 [grpc-default-executor-0] INFO  impl.RoleInfo (RoleInfo.java:shutdownFollowerState(121)) - 1e4e1375-1b66-460f-8c99-4c341545a119: shutdown FollowerState
2019-10-17 18:50:49,861 [grpc-default-executor-0] INFO  impl.RoleInfo (RoleInfo.java:updateAndGet(143)) - 1e4e1375-1b66-460f-8c99-4c341545a119: start FollowerState
2019-10-17 18:50:49,861 [Thread-1003] INFO  impl.FollowerState (FollowerState.java:run(117)) - 1e4e1375-1b66-460f-8c99-4c341545a119@group-F775CA5912AC-FollowerState was interrupted: java.lang.InterruptedException: sleep interrupted
2019-10-17 18:50:49,871 [a5e79c22-a35f-4e50-b1fd-e91b6a93d74d@group-F775CA5912AC-LeaderElection101] INFO  impl.LeaderElection (LeaderElection.java:logAndReturn(56)) - a5e79c22-a35f-4e50-b1fd-e91b6a93d74d@group-F775CA5912AC-LeaderElection101: Election TIMEOUT; received 0 response(s) [] and 0 exception(s); a5e79c22-a35f-4e50-b1fd-e91b6a93d74d@group-F775CA5912AC:t48, leader=null, voted=a5e79c22-a35f-4e50-b1fd-e91b6a93d74d, raftlog=a5e79c22-a35f-4e50-b1fd-e91b6a93d74d@group-F775CA5912AC-SegmentedRaftLog:OPENED:c-1,f-1,i0, conf=-1: [a5e79c22-a35f-4e50-b1fd-e91b6a93d74d:192.168.157.251:45177, daae7813-f814-475d-9647-a302a5541e36:192.168.157.251:45025, 1e4e1375-1b66-460f-8c99-4c341545a119:192.168.157.251:42113], old=null
2019-10-17 18:50:49,892 [Thread-1015] INFO  impl.FollowerState (FollowerState.java:run(108)) - abcd8826-c056-4817-bd0f-7af19a46d814@group-5F52F902B742-FollowerState: change to CANDIDATE, lastRpcTime:32ms, electionTimeout:32ms
2019-10-17 18:50:49,892 [Thread-1015] INFO  impl.RoleInfo (RoleInfo.java:shutdownFollowerState(121)) - abcd8826-c056-4817-bd0f-7af19a46d814: shutdown FollowerState
2019-10-17 18:50:49,893 [Thread-1015] INFO  impl.RaftServerImpl (RaftServerImpl.java:setRole(184)) - abcd8826-c056-4817-bd0f-7af19a46d814@group-5F52F902B742: changes role from  FOLLOWER to CANDIDATE at term 46 for changeToCandidate
2019-10-17 18:50:49,893 [Thread-1015] INFO  impl.RoleInfo (RoleInfo.java:updateAndGet(143)) - abcd8826-c056-4817-bd0f-7af19a46d814: start LeaderElection
2019-10-17 18:50:49,893 [a5e79c22-a35f-4e50-b1fd-e91b6a93d74d@group-F775CA5912AC-LeaderElection101] INFO  impl.LeaderElection (LeaderElection.java:askForVotes(178)) - a5e79c22-a35f-4e50-b1fd-e91b6a93d74d@group-F775CA5912AC-LeaderElection101: begin an election at term 49 for -1: [a5e79c22-a35f-4e50-b1fd-e91b6a93d74d:192.168.157.251:45177, daae7813-f814-475d-9647-a302a5541e36:192.168.157.251:45025, 1e4e1375-1b66-460f-8c99-4c341545a119:192.168.157.251:42113], old=null
2019-10-17 18:50:49,894 [grpc-default-executor-2] INFO  impl.RaftServerImpl (RaftServerImpl.java:setRole(184)) - daae7813-f814-475d-9647-a302a5541e36@group-F775CA5912AC: changes role from  FOLLOWER to FOLLOWER at term 49 for recognizeCandidate:a5e79c22-a35f-4e50-b1fd-e91b6a93d74d
2019-10-17 18:50:49,895 [grpc-default-executor-0] INFO  impl.RaftServerImpl (RaftServerImpl.java:setRole(184)) - 1e4e1375-1b66-460f-8c99-4c341545a119@group-F775CA5912AC: changes role from  FOLLOWER to FOLLOWER at term 49 for recognizeCandidate:a5e79c22-a35f-4e50-b1fd-e91b6a93d74d
2019-10-17 18:50:49,895 [grpc-default-executor-2] INFO  impl.RoleInfo (RoleInfo.java:shutdownFollowerState(121)) - daae7813-f814-475d-9647-a302a5541e36: shutdown FollowerState
2019-10-17 18:50:49,895 [grpc-default-executor-0] INFO  impl.RoleInfo (RoleInfo.java:shutdownFollowerState(121)) - 1e4e1375-1b66-460f-8c99-4c341545a119: shutdown FollowerState
2019-10-17 18:50:49,895 [Thread-1016] INFO  impl.FollowerState (FollowerState.java:run(117)) - daae7813-f814-475d-9647-a302a5541e36@group-F775CA5912AC-FollowerState was interrupted: java.lang.InterruptedException: sleep interrupted
2019-10-17 18:50:49,895 [grpc-default-executor-2] INFO  impl.RoleInfo (RoleInfo.java:updateAndGet(143)) - daae7813-f814-475d-9647-a302a5541e36: start FollowerState
2019-10-17 18:50:49,895 [Thread-1017] INFO  impl.FollowerState (FollowerState.java:run(117)) - 1e4e1375-1b66-460f-8c99-4c341545a119@group-F775CA5912AC-FollowerState was interrupted: java.lang.InterruptedException: sleep interrupted
2019-10-17 18:50:49,895 [grpc-default-executor-0] INFO  impl.RoleInfo (RoleInfo.java:updateAndGet(143)) - 1e4e1375-1b66-460f-8c99-4c341545a119: start FollowerState
2019-10-17 18:50:49,906 [abcd8826-c056-4817-bd0f-7af19a46d814@group-5F52F902B742-LeaderElection102] INFO  impl.LeaderElection (LeaderElection.java:askForVotes(178)) - abcd8826-c056-4817-bd0f-7af19a46d814@group-5F52F902B742-LeaderElection102: begin an election at term 47 for -1: [b8f04e38-0663-4b1f-8efd-f76585c6e86c:192.168.157.251:35700, abcd8826-c056-4817-bd0f-7af19a46d814:192.168.157.251:46496, 73297ffa-40cb-4e3e-b33e-1bc2c1da60f5:192.168.157.251:32952], old=null
2019-10-17 18:50:49,907 [a5e79c22-a35f-4e50-b1fd-e91b6a93d74d@group-F775CA5912AC-LeaderElection101] INFO  impl.LeaderElection (LeaderElection.java:logAndReturn(56)) - a5e79c22-a35f-4e50-b1fd-e91b6a93d74d@group-F775CA5912AC-LeaderElection101: Election REJECTED; received 2 response(s) [a5e79c22-a35f-4e50-b1fd-e91b6a93d74d<-daae7813-f814-475d-9647-a302a5541e36#0:FAIL-t49, a5e79c22-a35f-4e50-b1fd-e91b6a93d74d<-1e4e1375-1b66-460f-8c99-4c341545a119#0:FAIL-t49] and 0 exception(s); a5e79c22-a35f-4e50-b1fd-e91b6a93d74d@group-F775CA5912AC:t49, leader=null, voted=a5e79c22-a35f-4e50-b1fd-e91b6a93d74d, raftlog=a5e79c22-a35f-4e50-b1fd-e91b6a93d74d@group-F775CA5912AC-SegmentedRaftLog:OPENED:c-1,f-1,i0, conf=-1: [a5e79c22-a35f-4e50-b1fd-e91b6a93d74d:192.168.157.251:45177, daae7813-f814-475d-9647-a302a5541e36:192.168.157.251:45025, 1e4e1375-1b66-460f-8c99-4c341545a119:192.168.157.251:42113], old=null
2019-10-17 18:50:49,907 [a5e79c22-a35f-4e50-b1fd-e91b6a93d74d@group-F775CA5912AC-LeaderElection101] INFO  impl.RaftServerImpl (RaftServerImpl.java:setRole(184)) - a5e79c22-a35f-4e50-b1fd-e91b6a93d74d@group-F775CA5912AC: changes role from CANDIDATE to FOLLOWER at term 49 for DISCOVERED_A_NEW_TERM
2019-10-17 18:50:49,907 [a5e79c22-a35f-4e50-b1fd-e91b6a93d74d@group-F775CA5912AC-LeaderElection101] INFO  impl.RoleInfo (RoleInfo.java:shutdownLeaderElection(134)) - a5e79c22-a35f-4e50-b1fd-e91b6a93d74d: shutdown LeaderElection
2019-10-17 18:50:49,907 [a5e79c22-a35f-4e50-b1fd-e91b6a93d74d@group-F775CA5912AC-LeaderElection101] INFO  impl.RoleInfo (RoleInfo.java:updateAndGet(143)) - a5e79c22-a35f-4e50-b1fd-e91b6a93d74d: start FollowerState
2019-10-17 18:50:49,907 [grpc-default-executor-0] INFO  impl.RaftServerImpl (RaftServerImpl.java:setRole(184)) - b8f04e38-0663-4b1f-8efd-f76585c6e86c@group-5F52F902B742: changes role from  FOLLOWER to FOLLOWER at term 47 for recognizeCandidate:abcd8826-c056-4817-bd0f-7af19a46d814
2019-10-17 18:50:49,907 [grpc-default-executor-0] INFO  impl.RoleInfo (RoleInfo.java:shutdownFollowerState(121)) - b8f04e38-0663-4b1f-8efd-f76585c6e86c: shutdown FollowerState
2019-10-17 18:50:49,907 [grpc-default-executor-2] INFO  impl.RaftServerImpl (RaftServerImpl.java:setRole(184)) - 73297ffa-40cb-4e3e-b33e-1bc2c1da60f5@group-5F52F902B742: changes role from  FOLLOWER to FOLLOWER at term 47 for recognizeCandidate:abcd8826-c056-4817-bd0f-7af19a46d814
2019-10-17 18:50:49,908 [Thread-1010] INFO  impl.FollowerState (FollowerState.java:run(117)) - b8f04e38-0663-4b1f-8efd-f76585c6e86c@group-5F52F902B742-FollowerState was interrupted: java.lang.InterruptedException: sleep interrupted
2019-10-17 18:50:49,908 [grpc-default-executor-0] INFO  impl.RoleInfo (RoleInfo.java:updateAndGet(143)) - b8f04e38-0663-4b1f-8efd-f76585c6e86c: start FollowerState
2019-10-17 18:50:49,908 [grpc-default-executor-2] INFO  impl.RoleInfo (RoleInfo.java:shutdownFollowerState(121)) - 73297ffa-40cb-4e3e-b33e-1bc2c1da60f5: shutdown FollowerState
2019-10-17 18:50:49,908 [grpc-default-executor-2] INFO  impl.RoleInfo (RoleInfo.java:updateAndGet(143)) - 73297ffa-40cb-4e3e-b33e-1bc2c1da60f5: start FollowerState
2019-10-17 18:50:49,908 [Thread-1011] INFO  impl.FollowerState (FollowerState.java:run(117)) - 73297ffa-40cb-4e3e-b33e-1bc2c1da60f5@group-5F52F902B742-FollowerState was interrupted: java.lang.InterruptedException: sleep interrupted
2019-10-17 18:50:49,922 [abcd8826-c056-4817-bd0f-7af19a46d814@group-5F52F902B742-LeaderElection102] INFO  impl.LeaderElection (LeaderElection.java:logAndReturn(56)) - abcd8826-c056-4817-bd0f-7af19a46d814@group-5F52F902B742-LeaderElection102: Election REJECTED; received 2 response(s) [abcd8826-c056-4817-bd0f-7af19a46d814<-b8f04e38-0663-4b1f-8efd-f76585c6e86c#0:FAIL-t47, abcd8826-c056-4817-bd0f-7af19a46d814<-73297ffa-40cb-4e3e-b33e-1bc2c1da60f5#0:FAIL-t47] and 0 exception(s); abcd8826-c056-4817-bd0f-7af19a46d814@group-5F52F902B742:t47, leader=null, voted=abcd8826-c056-4817-bd0f-7af19a46d814, raftlog=abcd8826-c056-4817-bd0f-7af19a46d814@group-5F52F902B742-SegmentedRaftLog:OPENED:c-1,f-1,i0, conf=-1: [b8f04e38-0663-4b1f-8efd-f76585c6e86c:192.168.157.251:35700, abcd8826-c056-4817-bd0f-7af19a46d814:192.168.157.251:46496, 73297ffa-40cb-4e3e-b33e-1bc2c1da60f5:192.168.157.251:32952], old=null
2019-10-17 18:50:49,922 [abcd8826-c056-4817-bd0f-7af19a46d814@group-5F52F902B742-LeaderElection102] INFO  impl.RaftServerImpl (RaftServerImpl.java:setRole(184)) - abcd8826-c056-4817-bd0f-7af19a46d814@group-5F52F902B742: changes role from CANDIDATE to FOLLOWER at term 47 for DISCOVERED_A_NEW_TERM
2019-10-17 18:50:49,922 [abcd8826-c056-4817-bd0f-7af19a46d814@group-5F52F902B742-LeaderElection102] INFO  impl.RoleInfo (RoleInfo.java:shutdownLeaderElection(134)) - abcd8826-c056-4817-bd0f-7af19a46d814: shutdown LeaderElection
2019-10-17 18:50:49,922 [abcd8826-c056-4817-bd0f-7af19a46d814@group-5F52F902B742-LeaderElection102] INFO  impl.RoleInfo (RoleInfo.java:updateAndGet(143)) - abcd8826-c056-4817-bd0f-7af19a46d814: start FollowerState
2019-10-17 18:50:49,929 [Thread-1028] INFO  impl.FollowerState (FollowerState.java:run(108)) - abcd8826-c056-4817-bd0f-7af19a46d814@group-5F52F902B742-FollowerState: change to CANDIDATE, lastRpcTime:6ms, electionTimeout:6ms
2019-10-17 18:50:49,929 [Thread-1028] INFO  impl.RoleInfo (RoleInfo.java:shutdownFollowerState(121)) - abcd8826-c056-4817-bd0f-7af19a46d814: shutdown FollowerState
2019-10-17 18:50:49,929 [Thread-1028] INFO  impl.RaftServerImpl (RaftServerImpl.java:setRole(184)) - abcd8826-c056-4817-bd0f-7af19a46d814@group-5F52F902B742: changes role from  FOLLOWER to CANDIDATE at term 47 for changeToCandidate
2019-10-17 18:50:49,929 [Thread-1028] INFO  impl.RoleInfo (RoleInfo.java:updateAndGet(143)) - abcd8826-c056-4817-bd0f-7af19a46d814: start LeaderElection
2019-10-17 18:50:49,942 [abcd8826-c056-4817-bd0f-7af19a46d814@group-5F52F902B742-LeaderElection103] INFO  impl.LeaderElection (LeaderElection.java:askForVotes(178)) - abcd8826-c056-4817-bd0f-7af19a46d814@group-5F52F902B742-LeaderElection103: begin an election at term 48 for -1: [b8f04e38-0663-4b1f-8efd-f76585c6e86c:192.168.157.251:35700, abcd8826-c056-4817-bd0f-7af19a46d814:192.168.157.251:46496, 73297ffa-40cb-4e3e-b33e-1bc2c1da60f5:192.168.157.251:32952], old=null
2019-10-17 18:50:49,944 [grpc-default-executor-2] INFO  impl.RaftServerImpl (RaftServerImpl.java:setRole(184)) - 73297ffa-40cb-4e3e-b33e-1bc2c1da60f5@group-5F52F902B742: changes role from  FOLLOWER to FOLLOWER at term 48 for recognizeCandidate:abcd8826-c056-4817-bd0f-7af19a46d814
2019-10-17 18:50:49,944 [grpc-default-executor-0] INFO  impl.RaftServerImpl (RaftServerImpl.java:setRole(184)) - b8f04e38-0663-4b1f-8efd-f76585c6e86c@group-5F52F902B742: changes role from  FOLLOWER to FOLLOWER at term 48 for recognizeCandidate:abcd8826-c056-4817-bd0f-7af19a46d814
2019-10-17 18:50:49,944 [grpc-default-executor-2] INFO  impl.RoleInfo (RoleInfo.java:shutdownFollowerState(121)) - 73297ffa-40cb-4e3e-b33e-1bc2c1da60f5: shutdown FollowerState
2019-10-17 18:50:49,944 [grpc-default-executor-0] INFO  impl.RoleInfo (RoleInfo.java:shutdownFollowerState(121)) - b8f04e38-0663-4b1f-8efd-f76585c6e86c: shutdown FollowerState
2019-10-17 18:50:49,944 [Thread-1027] INFO  impl.FollowerState (FollowerState.java:run(117)) - 73297ffa-40cb-4e3e-b33e-1bc2c1da60f5@group-5F52F902B742-FollowerState was interrupted: java.lang.InterruptedException: sleep interrupted
2019-10-17 18:50:49,944 [grpc-default-executor-2] INFO  impl.RoleInfo (RoleInfo.java:updateAndGet(143)) - 73297ffa-40cb-4e3e-b33e-1bc2c1da60f5: start FollowerState
2019-10-17 18:50:49,944 [Thread-1026] INFO  impl.FollowerState (FollowerState.java:run(117)) - b8f04e38-0663-4b1f-8efd-f76585c6e86c@group-5F52F902B742-FollowerState was interrupted: java.lang.InterruptedException: sleep interrupted
2019-10-17 18:50:49,944 [grpc-default-executor-0] INFO  impl.RoleInfo (RoleInfo.java:updateAndGet(143)) - b8f04e38-0663-4b1f-8efd-f76585c6e86c: start FollowerState
2019-10-17 18:50:49,966 [abcd8826-c056-4817-bd0f-7af19a46d814@group-5F52F902B742-LeaderElection103] INFO  impl.LeaderElection (LeaderElection.java:logAndReturn(56)) - abcd8826-c056-4817-bd0f-7af19a46d814@group-5F52F902B742-LeaderElection103: Election REJECTED; received 2 response(s) [abcd8826-c056-4817-bd0f-7af19a46d814<-b8f04e38-0663-4b1f-8efd-f76585c6e86c#0:FAIL-t48, abcd8826-c056-4817-bd0f-7af19a46d814<-73297ffa-40cb-4e3e-b33e-1bc2c1da60f5#0:FAIL-t48] and 0 exception(s); abcd8826-c056-4817-bd0f-7af19a46d814@group-5F52F902B742:t48, leader=null, voted=abcd8826-c056-4817-bd0f-7af19a46d814, raftlog=abcd8826-c056-4817-bd0f-7af19a46d814@group-5F52F902B742-SegmentedRaftLog:OPENED:c-1,f-1,i0, conf=-1: [b8f04e38-0663-4b1f-8efd-f76585c6e86c:192.168.157.251:35700, abcd8826-c056-4817-bd0f-7af19a46d814:192.168.157.251:46496, 73297ffa-40cb-4e3e-b33e-1bc2c1da60f5:192.168.157.251:32952], old=null
2019-10-17 18:50:49,966 [abcd8826-c056-4817-bd0f-7af19a46d814@group-5F52F902B742-LeaderElection103] INFO  impl.RaftServerImpl (RaftServerImpl.java:setRole(184)) - abcd8826-c056-4817-bd0f-7af19a46d814@group-5F52F902B742: changes role from CANDIDATE to FOLLOWER at term 48 for DISCOVERED_A_NEW_TERM
2019-10-17 18:50:49,966 [abcd8826-c056-4817-bd0f-7af19a46d814@group-5F52F902B742-LeaderElection103] INFO  impl.RoleInfo (RoleInfo.java:shutdownLeaderElection(134)) - abcd8826-c056-4817-bd0f-7af19a46d814: shutdown LeaderElection
2019-10-17 18:50:49,966 [abcd8826-c056-4817-bd0f-7af19a46d814@group-5F52F902B742-LeaderElection103] INFO  impl.RoleInfo (RoleInfo.java:updateAndGet(143)) - abcd8826-c056-4817-bd0f-7af19a46d814: start FollowerState
2019-10-17 18:50:50,008 [Thread-1034] INFO  impl.FollowerState (FollowerState.java:run(108)) - abcd8826-c056-4817-bd0f-7af19a46d814@group-5F52F902B742-FollowerState: change to CANDIDATE, lastRpcTime:42ms, electionTimeout:42ms
2019-10-17 18:50:50,009 [Thread-1034] INFO  impl.RoleInfo (RoleInfo.java:shutdownFollowerState(121)) - abcd8826-c056-4817-bd0f-7af19a46d814: shutdown FollowerState
2019-10-17 18:50:50,009 [Thread-1034] INFO  impl.RaftServerImpl (RaftServerImpl.java:setRole(184)) - abcd8826-c056-4817-bd0f-7af19a46d814@group-5F52F902B742: changes role from  FOLLOWER to CANDIDATE at term 48 for changeToCandidate
2019-10-17 18:50:50,009 [Thread-1034] INFO  impl.RoleInfo (RoleInfo.java:updateAndGet(143)) - abcd8826-c056-4817-bd0f-7af19a46d814: start LeaderElection
2019-10-17 18:50:50,024 [abcd8826-c056-4817-bd0f-7af19a46d814@group-5F52F902B742-LeaderElection104] INFO  impl.LeaderElection (LeaderElection.java:askForVotes(178)) - abcd8826-c056-4817-bd0f-7af19a46d814@group-5F52F902B742-LeaderElection104: begin an election at term 49 for -1: [b8f04e38-0663-4b1f-8efd-f76585c6e86c:192.168.157.251:35700, abcd8826-c056-4817-bd0f-7af19a46d814:192.168.157.251:46496, 73297ffa-40cb-4e3e-b33e-1bc2c1da60f5:192.168.157.251:32952], old=null
2019-10-17 18:50:50,026 [grpc-default-executor-2] INFO  impl.RaftServerImpl (RaftServerImpl.java:setRole(184)) - b8f04e38-0663-4b1f-8efd-f76585c6e86c@group-5F52F902B742: changes role from  FOLLOWER to FOLLOWER at term 49 for recognizeCandidate:abcd8826-c056-4817-bd0f-7af19a46d814
2019-10-17 18:50:50,026 [grpc-default-executor-2] INFO  impl.RoleInfo (RoleInfo.java:shutdownFollowerState(121)) - b8f04e38-0663-4b1f-8efd-f76585c6e86c: shutdown FollowerState
2019-10-17 18:50:50,026 [grpc-default-executor-0] INFO  impl.RaftServerImpl (RaftServerImpl.java:setRole(184)) - 73297ffa-40cb-4e3e-b33e-1bc2c1da60f5@group-5F52F902B742: changes role from  FOLLOWER to FOLLOWER at term 49 for recognizeCandidate:abcd8826-c056-4817-bd0f-7af19a46d814
2019-10-17 18:50:50,026 [Thread-1033] INFO  impl.FollowerState (FollowerState.java:run(117)) - b8f04e38-0663-4b1f-8efd-f76585c6e86c@group-5F52F902B742-FollowerState was interrupted: java.lang.InterruptedException: sleep interrupted
2019-10-17 18:50:50,026 [grpc-default-executor-2] INFO  impl.RoleInfo (RoleInfo.java:updateAndGet(143)) - b8f04e38-0663-4b1f-8efd-f76585c6e86c: start FollowerState
2019-10-17 18:50:50,026 [grpc-default-executor-0] INFO  impl.RoleInfo (RoleInfo.java:shutdownFollowerState(121)) - 73297ffa-40cb-4e3e-b33e-1bc2c1da60f5: shutdown FollowerState
2019-10-17 18:50:50,027 [Thread-1032] INFO  impl.FollowerState (FollowerState.java:run(117)) - 73297ffa-40cb-4e3e-b33e-1bc2c1da60f5@group-5F52F902B742-FollowerState was interrupted: java.lang.InterruptedException: sleep interrupted
2019-10-17 18:50:50,027 [grpc-default-executor-0] INFO  impl.RoleInfo (RoleInfo.java:updateAndGet(143)) - 73297ffa-40cb-4e3e-b33e-1bc2c1da60f5: start FollowerState
2019-10-17 18:50:50,041 [abcd8826-c056-4817-bd0f-7af19a46d814@group-5F52F902B742-LeaderElection104] INFO  impl.LeaderElection (LeaderElection.java:logAndReturn(56)) - abcd8826-c056-4817-bd0f-7af19a46d814@group-5F52F902B742-LeaderElection104: Election REJECTED; received 2 response(s) [abcd8826-c056-4817-bd0f-7af19a46d814<-b8f04e38-0663-4b1f-8efd-f76585c6e86c#0:FAIL-t49, abcd8826-c056-4817-bd0f-7af19a46d814<-73297ffa-40cb-4e3e-b33e-1bc2c1da60f5#0:FAIL-t49] and 0 exception(s); abcd8826-c056-4817-bd0f-7af19a46d814@group-5F52F902B742:t49, leader=null, voted=abcd8826-c056-4817-bd0f-7af19a46d814, raftlog=abcd8826-c056-4817-bd0f-7af19a46d814@group-5F52F902B742-SegmentedRaftLog:OPENED:c-1,f-1,i0, conf=-1: [b8f04e38-0663-4b1f-8efd-f76585c6e86c:192.168.157.251:35700, abcd8826-c056-4817-bd0f-7af19a46d814:192.168.157.251:46496, 73297ffa-40cb-4e3e-b33e-1bc2c1da60f5:192.168.157.251:32952], old=null
2019-10-17 18:50:50,042 [abcd8826-c056-4817-bd0f-7af19a46d814@group-5F52F902B742-LeaderElection104] INFO  impl.RaftServerImpl (RaftServerImpl.java:setRole(184)) - abcd8826-c056-4817-bd0f-7af19a46d814@group-5F52F902B742: changes role from CANDIDATE to FOLLOWER at term 49 for DISCOVERED_A_NEW_TERM
2019-10-17 18:50:50,042 [abcd8826-c056-4817-bd0f-7af19a46d814@group-5F52F902B742-LeaderElection104] INFO  impl.RoleInfo (RoleInfo.java:shutdownLeaderElection(134)) - abcd8826-c056-4817-bd0f-7af19a46d814: shutdown LeaderElection
2019-10-17 18:50:50,042 [abcd8826-c056-4817-bd0f-7af19a46d814@group-5F52F902B742-LeaderElection104] INFO  impl.RoleInfo (RoleInfo.java:updateAndGet(143)) - abcd8826-c056-4817-bd0f-7af19a46d814: start FollowerState
2019-10-17 18:50:50,048 [Thread-1025] INFO  impl.FollowerState (FollowerState.java:run(108)) - a5e79c22-a35f-4e50-b1fd-e91b6a93d74d@group-F775CA5912AC-FollowerState: change to CANDIDATE, lastRpcTime:141ms, electionTimeout:141ms
2019-10-17 18:50:50,048 [Thread-1025] INFO  impl.RoleInfo (RoleInfo.java:shutdownFollowerState(121)) - a5e79c22-a35f-4e50-b1fd-e91b6a93d74d: shutdown FollowerState
2019-10-17 18:50:50,049 [Thread-1025] INFO  impl.RaftServerImpl (RaftServerImpl.java:setRole(184)) - a5e79c22-a35f-4e50-b1fd-e91b6a93d74d@group-F775CA5912AC: changes role from  FOLLOWER to CANDIDATE at term 49 for changeToCandidate
2019-10-17 18:50:50,049 [Thread-1025] INFO  impl.RoleInfo (RoleInfo.java:updateAndGet(143)) - a5e79c22-a35f-4e50-b1fd-e91b6a93d74d: start LeaderElection
2019-10-17 18:50:50,062 [a5e79c22-a35f-4e50-b1fd-e91b6a93d74d@group-F775CA5912AC-LeaderElection105] INFO  impl.LeaderElection (LeaderElection.java:askForVotes(178)) - a5e79c22-a35f-4e50-b1fd-e91b6a93d74d@group-F775CA5912AC-LeaderElection105: begin an election at term 50 for -1: [a5e79c22-a35f-4e50-b1fd-e91b6a93d74d:192.168.157.251:45177, daae7813-f814-475d-9647-a302a5541e36:192.168.157.251:45025, 1e4e1375-1b66-460f-8c99-4c341545a119:192.168.157.251:42113], old=null
2019-10-17 18:50:50,064 [grpc-default-executor-0] INFO  impl.RaftServerImpl (RaftServerImpl.java:setRole(184)) - daae7813-f814-475d-9647-a302a5541e36@group-F775CA5912AC: changes role from  FOLLOWER to FOLLOWER at term 50 for recognizeCandidate:a5e79c22-a35f-4e50-b1fd-e91b6a93d74d
2019-10-17 18:50:50,064 [grpc-default-executor-2] INFO  impl.RaftServerImpl (RaftServerImpl.java:setRole(184)) - 1e4e1375-1b66-460f-8c99-4c341545a119@group-F775CA5912AC: changes role from  FOLLOWER to FOLLOWER at term 50 for recognizeCandidate:a5e79c22-a35f-4e50-b1fd-e91b6a93d74d
2019-10-17 18:50:50,064 [grpc-default-executor-0] INFO  impl.RoleInfo (RoleInfo.java:shutdownFollowerState(121)) - daae7813-f814-475d-9647-a302a5541e36: shutdown FollowerState
2019-10-17 18:50:50,064 [grpc-default-executor-2] INFO  impl.RoleInfo (RoleInfo.java:shutdownFollowerState(121)) - 1e4e1375-1b66-460f-8c99-4c341545a119: shutdown FollowerState
2019-10-17 18:50:50,064 [grpc-default-executor-0] INFO  impl.RoleInfo (RoleInfo.java:updateAndGet(143)) - daae7813-f814-475d-9647-a302a5541e36: start FollowerState
2019-10-17 18:50:50,064 [Thread-1021] INFO  impl.FollowerState (FollowerState.java:run(117)) - daae7813-f814-475d-9647-a302a5541e36@group-F775CA5912AC-FollowerState was interrupted: java.lang.InterruptedException: sleep interrupted
2019-10-17 18:50:50,064 [Thread-1022] INFO  impl.FollowerState (FollowerState.java:run(117)) - 1e4e1375-1b66-460f-8c99-4c341545a119@group-F775CA5912AC-FollowerState was interrupted: java.lang.InterruptedException: sleep interrupted
2019-10-17 18:50:50,064 [grpc-default-executor-2] INFO  impl.RoleInfo (RoleInfo.java:updateAndGet(143)) - 1e4e1375-1b66-460f-8c99-4c341545a119: start FollowerState
2019-10-17 18:50:50,079 [a5e79c22-a35f-4e50-b1fd-e91b6a93d74d@group-F775CA5912AC-LeaderElection105] INFO  impl.LeaderElection (LeaderElection.java:logAndReturn(56)) - a5e79c22-a35f-4e50-b1fd-e91b6a93d74d@group-F775CA5912AC-LeaderElection105: Election REJECTED; received 2 response(s) [a5e79c22-a35f-4e50-b1fd-e91b6a93d74d<-daae7813-f814-475d-9647-a302a5541e36#0:FAIL-t50, a5e79c22-a35f-4e50-b1fd-e91b6a93d74d<-1e4e1375-1b66-460f-8c99-4c341545a119#0:FAIL-t50] and 0 exception(s); a5e79c22-a35f-4e50-b1fd-e91b6a93d74d@group-F775CA5912AC:t50, leader=null, voted=a5e79c22-a35f-4e50-b1fd-e91b6a93d74d, raftlog=a5e79c22-a35f-4e50-b1fd-e91b6a93d74d@group-F775CA5912AC-SegmentedRaftLog:OPENED:c-1,f-1,i0, conf=-1: [a5e79c22-a35f-4e50-b1fd-e91b6a93d74d:192.168.157.251:45177, daae7813-f814-475d-9647-a302a5541e36:192.168.157.251:45025, 1e4e1375-1b66-460f-8c99-4c341545a119:192.168.157.251:42113], old=null
2019-10-17 18:50:50,079 [a5e79c22-a35f-4e50-b1fd-e91b6a93d74d@group-F775CA5912AC-LeaderElection105] INFO  impl.RaftServerImpl (RaftServerImpl.java:setRole(184)) - a5e79c22-a35f-4e50-b1fd-e91b6a93d74d@group-F775CA5912AC: changes role from CANDIDATE to FOLLOWER at term 50 for DISCOVERED_A_NEW_TERM
2019-10-17 18:50:50,080 [a5e79c22-a35f-4e50-b1fd-e91b6a93d74d@group-F775CA5912AC-LeaderElection105] INFO  impl.RoleInfo (RoleInfo.java:shutdownLeaderElection(134)) - a5e79c22-a35f-4e50-b1fd-e91b6a93d74d: shutdown LeaderElection
2019-10-17 18:50:50,080 [a5e79c22-a35f-4e50-b1fd-e91b6a93d74d@group-F775CA5912AC-LeaderElection105] INFO  impl.RoleInfo (RoleInfo.java:updateAndGet(143)) - a5e79c22-a35f-4e50-b1fd-e91b6a93d74d: start FollowerState
2019-10-17 18:50:50,132 [Thread-1046] INFO  impl.FollowerState (FollowerState.java:run(108)) - a5e79c22-a35f-4e50-b1fd-e91b6a93d74d@group-F775CA5912AC-FollowerState: change to CANDIDATE, lastRpcTime:52ms, electionTimeout:52ms
2019-10-17 18:50:50,132 [Thread-1046] INFO  impl.RoleInfo (RoleInfo.java:shutdownFollowerState(121)) - a5e79c22-a35f-4e50-b1fd-e91b6a93d74d: shutdown FollowerState
2019-10-17 18:50:50,132 [Thread-1046] INFO  impl.RaftServerImpl (RaftServerImpl.java:setRole(184)) - a5e79c22-a35f-4e50-b1fd-e91b6a93d74d@group-F775CA5912AC: changes role from  FOLLOWER to CANDIDATE at term 50 for changeToCandidate
2019-10-17 18:50:50,132 [Thread-1046] INFO  impl.RoleInfo (RoleInfo.java:updateAndGet(143)) - a5e79c22-a35f-4e50-b1fd-e91b6a93d74d: start LeaderElection
2019-10-17 18:50:50,146 [a5e79c22-a35f-4e50-b1fd-e91b6a93d74d@group-F775CA5912AC-LeaderElection106] INFO  impl.LeaderElection (LeaderElection.java:askForVotes(178)) - a5e79c22-a35f-4e50-b1fd-e91b6a93d74d@group-F775CA5912AC-LeaderElection106: begin an election at term 51 for -1: [a5e79c22-a35f-4e50-b1fd-e91b6a93d74d:192.168.157.251:45177, daae7813-f814-475d-9647-a302a5541e36:192.168.157.251:45025, 1e4e1375-1b66-460f-8c99-4c341545a119:192.168.157.251:42113], old=null
2019-10-17 18:50:50,148 [grpc-default-executor-0] INFO  impl.RaftServerImpl (RaftServerImpl.java:setRole(184)) - daae7813-f814-475d-9647-a302a5541e36@group-F775CA5912AC: changes role from  FOLLOWER to FOLLOWER at term 51 for recognizeCandidate:a5e79c22-a35f-4e50-b1fd-e91b6a93d74d
2019-10-17 18:50:50,148 [grpc-default-executor-2] INFO  impl.RaftServerImpl (RaftServerImpl.java:setRole(184)) - 1e4e1375-1b66-460f-8c99-4c341545a119@group-F775CA5912AC: changes role from  FOLLOWER to FOLLOWER at term 51 for recognizeCandidate:a5e79c22-a35f-4e50-b1fd-e91b6a93d74d
2019-10-17 18:50:50,148 [grpc-default-executor-0] INFO  impl.RoleInfo (RoleInfo.java:shutdownFollowerState(121)) - daae7813-f814-475d-9647-a302a5541e36: shutdown FollowerState
2019-10-17 18:50:50,149 [grpc-default-executor-2] INFO  impl.RoleInfo (RoleInfo.java:shutdownFollowerState(121)) - 1e4e1375-1b66-460f-8c99-4c341545a119: shutdown FollowerState
2019-10-17 18:50:50,149 [Thread-1044] INFO  impl.FollowerState (FollowerState.java:run(117)) - daae7813-f814-475d-9647-a302a5541e36@group-F775CA5912AC-FollowerState was interrupted: java.lang.InterruptedException: sleep interrupted
2019-10-17 18:50:50,149 [grpc-default-executor-0] INFO  impl.RoleInfo (RoleInfo.java:updateAndGet(143)) - daae7813-f814-475d-9647-a302a5541e36: start FollowerState
2019-10-17 18:50:50,149 [Thread-1045] INFO  impl.FollowerState (FollowerState.java:run(117)) - 1e4e1375-1b66-460f-8c99-4c341545a119@group-F775CA5912AC-FollowerState was interrupted: java.lang.InterruptedException: sleep interrupted
2019-10-17 18:50:50,149 [grpc-default-executor-2] INFO  impl.RoleInfo (RoleInfo.java:updateAndGet(143)) - 1e4e1375-1b66-460f-8c99-4c341545a119: start FollowerState
2019-10-17 18:50:50,167 [a5e79c22-a35f-4e50-b1fd-e91b6a93d74d@group-F775CA5912AC-LeaderElection106] INFO  impl.LeaderElection (LeaderElection.java:logAndReturn(56)) - a5e79c22-a35f-4e50-b1fd-e91b6a93d74d@group-F775CA5912AC-LeaderElection106: Election REJECTED; received 2 response(s) [a5e79c22-a35f-4e50-b1fd-e91b6a93d74d<-daae7813-f814-475d-9647-a302a5541e36#0:FAIL-t51, a5e79c22-a35f-4e50-b1fd-e91b6a93d74d<-1e4e1375-1b66-460f-8c99-4c341545a119#0:FAIL-t51] and 0 exception(s); a5e79c22-a35f-4e50-b1fd-e91b6a93d74d@group-F775CA5912AC:t51, leader=null, voted=a5e79c22-a35f-4e50-b1fd-e91b6a93d74d, raftlog=a5e79c22-a35f-4e50-b1fd-e91b6a93d74d@group-F775CA5912AC-SegmentedRaftLog:OPENED:c-1,f-1,i0, conf=-1: [a5e79c22-a35f-4e50-b1fd-e91b6a93d74d:192.168.157.251:45177, daae7813-f814-475d-9647-a302a5541e36:192.168.157.251:45025, 1e4e1375-1b66-460f-8c99-4c341545a119:192.168.157.251:42113], old=null
2019-10-17 18:50:50,167 [a5e79c22-a35f-4e50-b1fd-e91b6a93d74d@group-F775CA5912AC-LeaderElection106] INFO  impl.RaftServerImpl (RaftServerImpl.java:setRole(184)) - a5e79c22-a35f-4e50-b1fd-e91b6a93d74d@group-F775CA5912AC: changes role from CANDIDATE to FOLLOWER at term 51 for DISCOVERED_A_NEW_TERM
2019-10-17 18:50:50,167 [a5e79c22-a35f-4e50-b1fd-e91b6a93d74d@group-F775CA5912AC-LeaderElection106] INFO  impl.RoleInfo (RoleInfo.java:shutdownLeaderElection(134)) - a5e79c22-a35f-4e50-b1fd-e91b6a93d74d: shutdown LeaderElection
2019-10-17 18:50:50,167 [a5e79c22-a35f-4e50-b1fd-e91b6a93d74d@group-F775CA5912AC-LeaderElection106] INFO  impl.RoleInfo (RoleInfo.java:updateAndGet(143)) - a5e79c22-a35f-4e50-b1fd-e91b6a93d74d: start FollowerState
2019-10-17 18:50:50,233 [Thread-1040] INFO  impl.FollowerState (FollowerState.java:run(108)) - abcd8826-c056-4817-bd0f-7af19a46d814@group-5F52F902B742-FollowerState: change to CANDIDATE, lastRpcTime:191ms, electionTimeout:191ms
2019-10-17 18:50:50,233 [Thread-1040] INFO  impl.RoleInfo (RoleInfo.java:shutdownFollowerState(121)) - abcd8826-c056-4817-bd0f-7af19a46d814: shutdown FollowerState
2019-10-17 18:50:50,233 [Thread-1040] INFO  impl.RaftServerImpl (RaftServerImpl.java:setRole(184)) - abcd8826-c056-4817-bd0f-7af19a46d814@group-5F52F902B742: changes role from  FOLLOWER to CANDIDATE at term 49 for changeToCandidate
2019-10-17 18:50:50,234 [Thread-1040] INFO  impl.RoleInfo (RoleInfo.java:updateAndGet(143)) - abcd8826-c056-4817-bd0f-7af19a46d814: start LeaderElection
2019-10-17 18:50:50,252 [abcd8826-c056-4817-bd0f-7af19a46d814@group-5F52F902B742-LeaderElection107] INFO  impl.LeaderElection (LeaderElection.java:askForVotes(178)) - abcd8826-c056-4817-bd0f-7af19a46d814@group-5F52F902B742-LeaderElection107: begin an election at term 50 for -1: [b8f04e38-0663-4b1f-8efd-f76585c6e86c:192.168.157.251:35700, abcd8826-c056-4817-bd0f-7af19a46d814:192.168.157.251:46496, 73297ffa-40cb-4e3e-b33e-1bc2c1da60f5:192.168.157.251:32952], old=null
2019-10-17 18:50:50,254 [abcd8826-c056-4817-bd0f-7af19a46d814@group-5F52F902B742-LeaderElection107] INFO  impl.LeaderElection (LeaderElection.java:logAndReturn(56)) - abcd8826-c056-4817-bd0f-7af19a46d814@group-5F52F902B742-LeaderElection107: Election TIMEOUT; received 0 response(s) [] and 0 exception(s); abcd8826-c056-4817-bd0f-7af19a46d814@group-5F52F902B742:t50, leader=null, voted=abcd8826-c056-4817-bd0f-7af19a46d814, raftlog=abcd8826-c056-4817-bd0f-7af19a46d814@group-5F52F902B742-SegmentedRaftLog:OPENED:c-1,f-1,i0, conf=-1: [b8f04e38-0663-4b1f-8efd-f76585c6e86c:192.168.157.251:35700, abcd8826-c056-4817-bd0f-7af19a46d814:192.168.157.251:46496, 73297ffa-40cb-4e3e-b33e-1bc2c1da60f5:192.168.157.251:32952], old=null
2019-10-17 18:50:50,255 [grpc-default-executor-2] INFO  impl.RaftServerImpl (RaftServerImpl.java:setRole(184)) - 73297ffa-40cb-4e3e-b33e-1bc2c1da60f5@group-5F52F902B742: changes role from  FOLLOWER to FOLLOWER at term 50 for recognizeCandidate:abcd8826-c056-4817-bd0f-7af19a46d814
2019-10-17 18:50:50,255 [grpc-default-executor-0] INFO  impl.RaftServerImpl (RaftServerImpl.java:setRole(184)) - b8f04e38-0663-4b1f-8efd-f76585c6e86c@group-5F52F902B742: changes role from  FOLLOWER to FOLLOWER at term 50 for recognizeCandidate:abcd8826-c056-4817-bd0f-7af19a46d814
2019-10-17 18:50:50,255 [grpc-default-executor-2] INFO  impl.RoleInfo (RoleInfo.java:shutdownFollowerState(121)) - 73297ffa-40cb-4e3e-b33e-1bc2c1da60f5: shutdown FollowerState
2019-10-17 18:50:50,255 [grpc-default-executor-0] INFO  impl.RoleInfo (RoleInfo.java:shutdownFollowerState(121)) - b8f04e38-0663-4b1f-8efd-f76585c6e86c: shutdown FollowerState
2019-10-17 18:50:50,255 [Thread-1039] INFO  impl.FollowerState (FollowerState.java:run(117)) - 73297ffa-40cb-4e3e-b33e-1bc2c1da60f5@group-5F52F902B742-FollowerState was interrupted: java.lang.InterruptedException: sleep interrupted
2019-10-17 18:50:50,255 [grpc-default-executor-2] INFO  impl.RoleInfo (RoleInfo.java:updateAndGet(143)) - 73297ffa-40cb-4e3e-b33e-1bc2c1da60f5: start FollowerState
2019-10-17 18:50:50,256 [Thread-1038] INFO  impl.FollowerState (FollowerState.java:run(117)) - b8f04e38-0663-4b1f-8efd-f76585c6e86c@group-5F52F902B742-FollowerState was interrupted: java.lang.InterruptedException: sleep interrupted
2019-10-17 18:50:50,256 [grpc-default-executor-0] INFO  impl.RoleInfo (RoleInfo.java:updateAndGet(143)) - b8f04e38-0663-4b1f-8efd-f76585c6e86c: start FollowerState
2019-10-17 18:50:50,268 [abcd8826-c056-4817-bd0f-7af19a46d814@group-5F52F902B742-LeaderElection107] INFO  impl.LeaderElection (LeaderElection.java:askForVotes(178)) - abcd8826-c056-4817-bd0f-7af19a46d814@group-5F52F902B742-LeaderElection107: begin an election at term 51 for -1: [b8f04e38-0663-4b1f-8efd-f76585c6e86c:192.168.157.251:35700, abcd8826-c056-4817-bd0f-7af19a46d814:192.168.157.251:46496, 73297ffa-40cb-4e3e-b33e-1bc2c1da60f5:192.168.157.251:32952], old=null
2019-10-17 18:50:50,269 [grpc-default-executor-0] INFO  impl.RaftServerImpl (RaftServerImpl.java:setRole(184)) - b8f04e38-0663-4b1f-8efd-f76585c6e86c@group-5F52F902B742: changes role from  FOLLOWER to FOLLOWER at term 51 for recognizeCandidate:abcd8826-c056-4817-bd0f-7af19a46d814
2019-10-17 18:50:50,270 [grpc-default-executor-2] INFO  impl.RaftServerImpl (RaftServerImpl.java:setRole(184)) - 73297ffa-40cb-4e3e-b33e-1bc2c1da60f5@group-5F52F902B742: changes role from  FOLLOWER to FOLLOWER at term 51 for recognizeCandidate:abcd8826-c056-4817-bd0f-7af19a46d814
2019-10-17 18:50:50,270 [grpc-default-executor-0] INFO  impl.RoleInfo (RoleInfo.java:shutdownFollowerState(121)) - b8f04e38-0663-4b1f-8efd-f76585c6e86c: shutdown FollowerState
2019-10-17 18:50:50,270 [grpc-default-executor-2] INFO  impl.RoleInfo (RoleInfo.java:shutdownFollowerState(121)) - 73297ffa-40cb-4e3e-b33e-1bc2c1da60f5: shutdown FollowerState
2019-10-17 18:50:50,270 [Thread-1057] INFO  impl.FollowerState (FollowerState.java:run(117)) - b8f04e38-0663-4b1f-8efd-f76585c6e86c@group-5F52F902B742-FollowerState was interrupted: java.lang.InterruptedException: sleep interrupted
2019-10-17 18:50:50,270 [grpc-default-executor-0] INFO  impl.RoleInfo (RoleInfo.java:updateAndGet(143)) - b8f04e38-0663-4b1f-8efd-f76585c6e86c: start FollowerState
2019-10-17 18:50:50,270 [Thread-1056] INFO  impl.FollowerState (FollowerState.java:run(117)) - 73297ffa-40cb-4e3e-b33e-1bc2c1da60f5@group-5F52F902B742-FollowerState was interrupted: java.lang.InterruptedException: sleep interrupted
2019-10-17 18:50:50,270 [grpc-default-executor-2] INFO  impl.RoleInfo (RoleInfo.java:updateAndGet(143)) - 73297ffa-40cb-4e3e-b33e-1bc2c1da60f5: start FollowerState
2019-10-17 18:50:50,284 [abcd8826-c056-4817-bd0f-7af19a46d814@group-5F52F902B742-LeaderElection107] INFO  impl.LeaderElection (LeaderElection.java:logAndReturn(56)) - abcd8826-c056-4817-bd0f-7af19a46d814@group-5F52F902B742-LeaderElection107: Election REJECTED; received 2 response(s) [abcd8826-c056-4817-bd0f-7af19a46d814<-b8f04e38-0663-4b1f-8efd-f76585c6e86c#0:FAIL-t51, abcd8826-c056-4817-bd0f-7af19a46d814<-73297ffa-40cb-4e3e-b33e-1bc2c1da60f5#0:FAIL-t51] and 0 exception(s); abcd8826-c056-4817-bd0f-7af19a46d814@group-5F52F902B742:t51, leader=null, voted=abcd8826-c056-4817-bd0f-7af19a46d814, raftlog=abcd8826-c056-4817-bd0f-7af19a46d814@group-5F52F902B742-SegmentedRaftLog:OPENED:c-1,f-1,i0, conf=-1: [b8f04e38-0663-4b1f-8efd-f76585c6e86c:192.168.157.251:35700, abcd8826-c056-4817-bd0f-7af19a46d814:192.168.157.251:46496, 73297ffa-40cb-4e3e-b33e-1bc2c1da60f5:192.168.157.251:32952], old=null
2019-10-17 18:50:50,285 [abcd8826-c056-4817-bd0f-7af19a46d814@group-5F52F902B742-LeaderElection107] INFO  impl.RaftServerImpl (RaftServerImpl.java:setRole(184)) - abcd8826-c056-4817-bd0f-7af19a46d814@group-5F52F902B742: changes role from CANDIDATE to FOLLOWER at term 51 for DISCOVERED_A_NEW_TERM
2019-10-17 18:50:50,285 [abcd8826-c056-4817-bd0f-7af19a46d814@group-5F52F902B742-LeaderElection107] INFO  impl.RoleInfo (RoleInfo.java:shutdownLeaderElection(134)) - abcd8826-c056-4817-bd0f-7af19a46d814: shutdown LeaderElection
2019-10-17 18:50:50,285 [abcd8826-c056-4817-bd0f-7af19a46d814@group-5F52F902B742-LeaderElection107] INFO  impl.RoleInfo (RoleInfo.java:updateAndGet(143)) - abcd8826-c056-4817-bd0f-7af19a46d814: start FollowerState
2019-10-17 18:50:50,332 [Thread-1052] INFO  impl.FollowerState (FollowerState.java:run(108)) - a5e79c22-a35f-4e50-b1fd-e91b6a93d74d@group-F775CA5912AC-FollowerState: change to CANDIDATE, lastRpcTime:164ms, electionTimeout:164ms
2019-10-17 18:50:50,332 [Thread-1052] INFO  impl.RoleInfo (RoleInfo.java:shutdownFollowerState(121)) - a5e79c22-a35f-4e50-b1fd-e91b6a93d74d: shutdown FollowerState
2019-10-17 18:50:50,332 [Thread-1052] INFO  impl.RaftServerImpl (RaftServerImpl.java:setRole(184)) - a5e79c22-a35f-4e50-b1fd-e91b6a93d74d@group-F775CA5912AC: changes role from  FOLLOWER to CANDIDATE at term 51 for changeToCandidate
2019-10-17 18:50:50,332 [Thread-1052] INFO  impl.RoleInfo (RoleInfo.java:updateAndGet(143)) - a5e79c22-a35f-4e50-b1fd-e91b6a93d74d: start LeaderElection
2019-10-17 18:50:50,346 [Thread-1062] INFO  impl.FollowerState (FollowerState.java:run(108)) - abcd8826-c056-4817-bd0f-7af19a46d814@group-5F52F902B742-FollowerState: change to CANDIDATE, lastRpcTime:61ms, electionTimeout:61ms
2019-10-17 18:50:50,347 [Thread-1062] INFO  impl.RoleInfo (RoleInfo.java:shutdownFollowerState(121)) - abcd8826-c056-4817-bd0f-7af19a46d814: shutdown FollowerState
2019-10-17 18:50:50,347 [a5e79c22-a35f-4e50-b1fd-e91b6a93d74d@group-F775CA5912AC-LeaderElection108] INFO  impl.LeaderElection (LeaderElection.java:askForVotes(178)) - a5e79c22-a35f-4e50-b1fd-e91b6a93d74d@group-F775CA5912AC-LeaderElection108: begin an election at term 52 for -1: [a5e79c22-a35f-4e50-b1fd-e91b6a93d74d:192.168.157.251:45177, daae7813-f814-475d-9647-a302a5541e36:192.168.157.251:45025, 1e4e1375-1b66-460f-8c99-4c341545a119:192.168.157.251:42113], old=null
2019-10-17 18:50:50,347 [Thread-1062] INFO  impl.RaftServerImpl (RaftServerImpl.java:setRole(184)) - abcd8826-c056-4817-bd0f-7af19a46d814@group-5F52F902B742: changes role from  FOLLOWER to CANDIDATE at term 51 for changeToCandidate
2019-10-17 18:50:50,347 [Thread-1062] INFO  impl.RoleInfo (RoleInfo.java:updateAndGet(143)) - abcd8826-c056-4817-bd0f-7af19a46d814: start LeaderElection
2019-10-17 18:50:50,349 [grpc-default-executor-0] INFO  impl.RaftServerImpl (RaftServerImpl.java:setRole(184)) - daae7813-f814-475d-9647-a302a5541e36@group-F775CA5912AC: changes role from  FOLLOWER to FOLLOWER at term 52 for recognizeCandidate:a5e79c22-a35f-4e50-b1fd-e91b6a93d74d
2019-10-17 18:50:50,349 [grpc-default-executor-0] INFO  impl.RoleInfo (RoleInfo.java:shutdownFollowerState(121)) - daae7813-f814-475d-9647-a302a5541e36: shutdown FollowerState
2019-10-17 18:50:50,349 [grpc-default-executor-2] INFO  impl.RaftServerImpl (RaftServerImpl.java:setRole(184)) - 1e4e1375-1b66-460f-8c99-4c341545a119@group-F775CA5912AC: changes role from  FOLLOWER to FOLLOWER at term 52 for recognizeCandidate:a5e79c22-a35f-4e50-b1fd-e91b6a93d74d
2019-10-17 18:50:50,349 [grpc-default-executor-2] INFO  impl.RoleInfo (RoleInfo.java:shutdownFollowerState(121)) - 1e4e1375-1b66-460f-8c99-4c341545a119: shutdown FollowerState
2019-10-17 18:50:50,349 [Thread-1050] INFO  impl.FollowerState (FollowerState.java:run(117)) - daae7813-f814-475d-9647-a302a5541e36@group-F775CA5912AC-FollowerState was interrupted: java.lang.InterruptedException: sleep interrupted
2019-10-17 18:50:50,349 [grpc-default-executor-0] INFO  impl.RoleInfo (RoleInfo.java:updateAndGet(143)) - daae7813-f814-475d-9647-a302a5541e36: start FollowerState
2019-10-17 18:50:50,349 [Thread-1051] INFO  impl.FollowerState (FollowerState.java:run(117)) - 1e4e1375-1b66-460f-8c99-4c341545a119@group-F775CA5912AC-FollowerState was interrupted: java.lang.InterruptedException: sleep interrupted
2019-10-17 18:50:50,349 [grpc-default-executor-2] INFO  impl.RoleInfo (RoleInfo.java:updateAndGet(143)) - 1e4e1375-1b66-460f-8c99-4c341545a119: start FollowerState
2019-10-17 18:50:50,361 [abcd8826-c056-4817-bd0f-7af19a46d814@group-5F52F902B742-LeaderElection109] INFO  impl.LeaderElection (LeaderElection.java:askForVotes(178)) - abcd8826-c056-4817-bd0f-7af19a46d814@group-5F52F902B742-LeaderElection109: begin an election at term 52 for -1: [b8f04e38-0663-4b1f-8efd-f76585c6e86c:192.168.157.251:35700, abcd8826-c056-4817-bd0f-7af19a46d814:192.168.157.251:46496, 73297ffa-40cb-4e3e-b33e-1bc2c1da60f5:192.168.157.251:32952], old=null
2019-10-17 18:50:50,362 [a5e79c22-a35f-4e50-b1fd-e91b6a93d74d@group-F775CA5912AC-LeaderElection108] INFO  impl.LeaderElection (LeaderElection.java:logAndReturn(56)) - a5e79c22-a35f-4e50-b1fd-e91b6a93d74d@group-F775CA5912AC-LeaderElection108: Election REJECTED; received 2 response(s) [a5e79c22-a35f-4e50-b1fd-e91b6a93d74d<-daae7813-f814-475d-9647-a302a5541e36#0:FAIL-t52, a5e79c22-a35f-4e50-b1fd-e91b6a93d74d<-1e4e1375-1b66-460f-8c99-4c341545a119#0:FAIL-t52] and 0 exception(s); a5e79c22-a35f-4e50-b1fd-e91b6a93d74d@group-F775CA5912AC:t52, leader=null, voted=a5e79c22-a35f-4e50-b1fd-e91b6a93d74d, raftlog=a5e79c22-a35f-4e50-b1fd-e91b6a93d74d@group-F775CA5912AC-SegmentedRaftLog:OPENED:c-1,f-1,i0, conf=-1: [a5e79c22-a35f-4e50-b1fd-e91b6a93d74d:192.168.157.251:45177, daae7813-f814-475d-9647-a302a5541e36:192.168.157.251:45025, 1e4e1375-1b66-460f-8c99-4c341545a119:192.168.157.251:42113], old=null
2019-10-17 18:50:50,362 [a5e79c22-a35f-4e50-b1fd-e91b6a93d74d@group-F775CA5912AC-LeaderElection108] INFO  impl.RaftServerImpl (RaftServerImpl.java:setRole(184)) - a5e79c22-a35f-4e50-b1fd-e91b6a93d74d@group-F775CA5912AC: changes role from CANDIDATE to FOLLOWER at term 52 for DISCOVERED_A_NEW_TERM
2019-10-17 18:50:50,362 [a5e79c22-a35f-4e50-b1fd-e91b6a93d74d@group-F775CA5912AC-LeaderElection108] INFO  impl.RoleInfo (RoleInfo.java:shutdownLeaderElection(134)) - a5e79c22-a35f-4e50-b1fd-e91b6a93d74d: shutdown LeaderElection
2019-10-17 18:50:50,362 [a5e79c22-a35f-4e50-b1fd-e91b6a93d74d@group-F775CA5912AC-LeaderElection108] INFO  impl.RoleInfo (RoleInfo.java:updateAndGet(143)) - a5e79c22-a35f-4e50-b1fd-e91b6a93d74d: start FollowerState
2019-10-17 18:50:50,363 [grpc-default-executor-0] INFO  impl.RaftServerImpl (RaftServerImpl.java:setRole(184)) - b8f04e38-0663-4b1f-8efd-f76585c6e86c@group-5F52F902B742: changes role from  FOLLOWER to FOLLOWER at term 52 for recognizeCandidate:abcd8826-c056-4817-bd0f-7af19a46d814
2019-10-17 18:50:50,363 [grpc-default-executor-2] INFO  impl.RaftServerImpl (RaftServerImpl.java:setRole(184)) - 73297ffa-40cb-4e3e-b33e-1bc2c1da60f5@group-5F52F902B742: changes role from  FOLLOWER to FOLLOWER at term 52 for recognizeCandidate:abcd8826-c056-4817-bd0f-7af19a46d814
2019-10-17 18:50:50,363 [grpc-default-executor-0] INFO  impl.RoleInfo (RoleInfo.java:shutdownFollowerState(121)) - b8f04e38-0663-4b1f-8efd-f76585c6e86c: shutdown FollowerState
2019-10-17 18:50:50,363 [grpc-default-executor-2] INFO  impl.RoleInfo (RoleInfo.java:shutdownFollowerState(121)) - 73297ffa-40cb-4e3e-b33e-1bc2c1da60f5: shutdown FollowerState
2019-10-17 18:50:50,363 [Thread-1060] INFO  impl.FollowerState (FollowerState.java:run(117)) - b8f04e38-0663-4b1f-8efd-f76585c6e86c@group-5F52F902B742-FollowerState was interrupted: java.lang.InterruptedException: sleep interrupted
2019-10-17 18:50:50,364 [Thread-1061] INFO  impl.FollowerState (FollowerState.java:run(117)) - 73297ffa-40cb-4e3e-b33e-1bc2c1da60f5@group-5F52F902B742-FollowerState was interrupted: java.lang.InterruptedException: sleep interrupted
2019-10-17 18:50:50,363 [grpc-default-executor-0] INFO  impl.RoleInfo (RoleInfo.java:updateAndGet(143)) - b8f04e38-0663-4b1f-8efd-f76585c6e86c: start FollowerState
2019-10-17 18:50:50,363 [grpc-default-executor-2] INFO  impl.RoleInfo (RoleInfo.java:updateAndGet(143)) - 73297ffa-40cb-4e3e-b33e-1bc2c1da60f5: start FollowerState
2019-10-17 18:50:50,378 [abcd8826-c056-4817-bd0f-7af19a46d814@group-5F52F902B742-LeaderElection109] INFO  impl.LeaderElection (LeaderElection.java:logAndReturn(56)) - abcd8826-c056-4817-bd0f-7af19a46d814@group-5F52F902B742-LeaderElection109: Election REJECTED; received 2 response(s) [abcd8826-c056-4817-bd0f-7af19a46d814<-b8f04e38-0663-4b1f-8efd-f76585c6e86c#0:FAIL-t52, abcd8826-c056-4817-bd0f-7af19a46d814<-73297ffa-40cb-4e3e-b33e-1bc2c1da60f5#0:FAIL-t52] and 0 exception(s); abcd8826-c056-4817-bd0f-7af19a46d814@group-5F52F902B742:t52, leader=null, voted=abcd8826-c056-4817-bd0f-7af19a46d814, raftlog=abcd8826-c056-4817-bd0f-7af19a46d814@group-5F52F902B742-SegmentedRaftLog:OPENED:c-1,f-1,i0, conf=-1: [b8f04e38-0663-4b1f-8efd-f76585c6e86c:192.168.157.251:35700, abcd8826-c056-4817-bd0f-7af19a46d814:192.168.157.251:46496, 73297ffa-40cb-4e3e-b33e-1bc2c1da60f5:192.168.157.251:32952], old=null
2019-10-17 18:50:50,378 [abcd8826-c056-4817-bd0f-7af19a46d814@group-5F52F902B742-LeaderElection109] INFO  impl.RaftServerImpl (RaftServerImpl.java:setRole(184)) - abcd8826-c056-4817-bd0f-7af19a46d814@group-5F52F902B742: changes role from CANDIDATE to FOLLOWER at term 52 for DISCOVERED_A_NEW_TERM
2019-10-17 18:50:50,378 [abcd8826-c056-4817-bd0f-7af19a46d814@group-5F52F902B742-LeaderElection109] INFO  impl.RoleInfo (RoleInfo.java:shutdownLeaderElection(134)) - abcd8826-c056-4817-bd0f-7af19a46d814: shutdown LeaderElection
2019-10-17 18:50:50,379 [abcd8826-c056-4817-bd0f-7af19a46d814@group-5F52F902B742-LeaderElection109] INFO  impl.RoleInfo (RoleInfo.java:updateAndGet(143)) - abcd8826-c056-4817-bd0f-7af19a46d814: start FollowerState
2019-10-17 18:50:50,402 [Thread-1073] INFO  impl.FollowerState (FollowerState.java:run(108)) - a5e79c22-a35f-4e50-b1fd-e91b6a93d74d@group-F775CA5912AC-FollowerState: change to CANDIDATE, lastRpcTime:39ms, electionTimeout:39ms
2019-10-17 18:50:50,402 [Thread-1073] INFO  impl.RoleInfo (RoleInfo.java:shutdownFollowerState(121)) - a5e79c22-a35f-4e50-b1fd-e91b6a93d74d: shutdown FollowerState
2019-10-17 18:50:50,402 [Thread-1073] INFO  impl.RaftServerImpl (RaftServerImpl.java:setRole(184)) - a5e79c22-a35f-4e50-b1fd-e91b6a93d74d@group-F775CA5912AC: changes role from  FOLLOWER to CANDIDATE at term 52 for changeToCandidate
2019-10-17 18:50:50,402 [Thread-1073] INFO  impl.RoleInfo (RoleInfo.java:updateAndGet(143)) - a5e79c22-a35f-4e50-b1fd-e91b6a93d74d: start LeaderElection
2019-10-17 18:50:50,415 [a5e79c22-a35f-4e50-b1fd-e91b6a93d74d@group-F775CA5912AC-LeaderElection110] INFO  impl.LeaderElection (LeaderElection.java:askForVotes(178)) - a5e79c22-a35f-4e50-b1fd-e91b6a93d74d@group-F775CA5912AC-LeaderElection110: begin an election at term 53 for -1: [a5e79c22-a35f-4e50-b1fd-e91b6a93d74d:192.168.157.251:45177, daae7813-f814-475d-9647-a302a5541e36:192.168.157.251:45025, 1e4e1375-1b66-460f-8c99-4c341545a119:192.168.157.251:42113], old=null
2019-10-17 18:50:50,418 [grpc-default-executor-0] INFO  impl.RaftServerImpl (RaftServerImpl.java:setRole(184)) - 1e4e1375-1b66-460f-8c99-4c341545a119@group-F775CA5912AC: changes role from  FOLLOWER to FOLLOWER at term 53 for recognizeCandidate:a5e79c22-a35f-4e50-b1fd-e91b6a93d74d
2019-10-17 18:50:50,418 [grpc-default-executor-2] INFO  impl.RaftServerImpl (RaftServerImpl.java:setRole(184)) - daae7813-f814-475d-9647-a302a5541e36@group-F775CA5912AC: changes role from  FOLLOWER to FOLLOWER at term 53 for recognizeCandidate:a5e79c22-a35f-4e50-b1fd-e91b6a93d74d
2019-10-17 18:50:50,418 [grpc-default-executor-2] INFO  impl.RoleInfo (RoleInfo.java:shutdownFollowerState(121)) - daae7813-f814-475d-9647-a302a5541e36: shutdown FollowerState
2019-10-17 18:50:50,418 [grpc-default-executor-0] INFO  impl.RoleInfo (RoleInfo.java:shutdownFollowerState(121)) - 1e4e1375-1b66-460f-8c99-4c341545a119: shutdown FollowerState
2019-10-17 18:50:50,418 [grpc-default-executor-2] INFO  impl.RoleInfo (RoleInfo.java:updateAndGet(143)) - daae7813-f814-475d-9647-a302a5541e36: start FollowerState
2019-10-17 18:50:50,418 [Thread-1069] INFO  impl.FollowerState (FollowerState.java:run(117)) - daae7813-f814-475d-9647-a302a5541e36@group-F775CA5912AC-FollowerState was interrupted: java.lang.InterruptedException: sleep interrupted
2019-10-17 18:50:50,418 [grpc-default-executor-0] INFO  impl.RoleInfo (RoleInfo.java:updateAndGet(143)) - 1e4e1375-1b66-460f-8c99-4c341545a119: start FollowerState
2019-10-17 18:50:50,418 [Thread-1070] INFO  impl.FollowerState (FollowerState.java:run(117)) - 1e4e1375-1b66-460f-8c99-4c341545a119@group-F775CA5912AC-FollowerState was interrupted: java.lang.InterruptedException: sleep interrupted
2019-10-17 18:50:50,433 [a5e79c22-a35f-4e50-b1fd-e91b6a93d74d@group-F775CA5912AC-LeaderElection110] INFO  impl.LeaderElection (LeaderElection.java:logAndReturn(56)) - a5e79c22-a35f-4e50-b1fd-e91b6a93d74d@group-F775CA5912AC-LeaderElection110: Election REJECTED; received 2 response(s) [a5e79c22-a35f-4e50-b1fd-e91b6a93d74d<-daae7813-f814-475d-9647-a302a5541e36#0:FAIL-t53, a5e79c22-a35f-4e50-b1fd-e91b6a93d74d<-1e4e1375-1b66-460f-8c99-4c341545a119#0:FAIL-t53] and 0 exception(s); a5e79c22-a35f-4e50-b1fd-e91b6a93d74d@group-F775CA5912AC:t53, leader=null, voted=a5e79c22-a35f-4e50-b1fd-e91b6a93d74d, raftlog=a5e79c22-a35f-4e50-b1fd-e91b6a93d74d@group-F775CA5912AC-SegmentedRaftLog:OPENED:c-1,f-1,i0, conf=-1: [a5e79c22-a35f-4e50-b1fd-e91b6a93d74d:192.168.157.251:45177, daae7813-f814-475d-9647-a302a5541e36:192.168.157.251:45025, 1e4e1375-1b66-460f-8c99-4c341545a119:192.168.157.251:42113], old=null
2019-10-17 18:50:50,433 [a5e79c22-a35f-4e50-b1fd-e91b6a93d74d@group-F775CA5912AC-LeaderElection110] INFO  impl.RaftServerImpl (RaftServerImpl.java:setRole(184)) - a5e79c22-a35f-4e50-b1fd-e91b6a93d74d@group-F775CA5912AC: changes role from CANDIDATE to FOLLOWER at term 53 for DISCOVERED_A_NEW_TERM
2019-10-17 18:50:50,433 [a5e79c22-a35f-4e50-b1fd-e91b6a93d74d@group-F775CA5912AC-LeaderElection110] INFO  impl.RoleInfo (RoleInfo.java:shutdownLeaderElection(134)) - a5e79c22-a35f-4e50-b1fd-e91b6a93d74d: shutdown LeaderElection
2019-10-17 18:50:50,433 [a5e79c22-a35f-4e50-b1fd-e91b6a93d74d@group-F775CA5912AC-LeaderElection110] INFO  impl.RoleInfo (RoleInfo.java:updateAndGet(143)) - a5e79c22-a35f-4e50-b1fd-e91b6a93d74d: start FollowerState
2019-10-17 18:50:50,490 [Thread-1076] INFO  impl.FollowerState (FollowerState.java:run(108)) - abcd8826-c056-4817-bd0f-7af19a46d814@group-5F52F902B742-FollowerState: change to CANDIDATE, lastRpcTime:111ms, electionTimeout:111ms
2019-10-17 18:50:50,490 [Thread-1076] INFO  impl.RoleInfo (RoleInfo.java:shutdownFollowerState(121)) - abcd8826-c056-4817-bd0f-7af19a46d814: shutdown FollowerState
2019-10-17 18:50:50,490 [Thread-1076] INFO  impl.RaftServerImpl (RaftServerImpl.java:setRole(184)) - abcd8826-c056-4817-bd0f-7af19a46d814@group-5F52F902B742: changes role from  FOLLOWER to CANDIDATE at term 52 for changeToCandidate
2019-10-17 18:50:50,491 [Thread-1076] INFO  impl.RoleInfo (RoleInfo.java:updateAndGet(143)) - abcd8826-c056-4817-bd0f-7af19a46d814: start LeaderElection
2019-10-17 18:50:50,504 [abcd8826-c056-4817-bd0f-7af19a46d814@group-5F52F902B742-LeaderElection111] INFO  impl.LeaderElection (LeaderElection.java:askForVotes(178)) - abcd8826-c056-4817-bd0f-7af19a46d814@group-5F52F902B742-LeaderElection111: begin an election at term 53 for -1: [b8f04e38-0663-4b1f-8efd-f76585c6e86c:192.168.157.251:35700, abcd8826-c056-4817-bd0f-7af19a46d814:192.168.157.251:46496, 73297ffa-40cb-4e3e-b33e-1bc2c1da60f5:192.168.157.251:32952], old=null
2019-10-17 18:50:50,507 [grpc-default-executor-2] INFO  impl.RaftServerImpl (RaftServerImpl.java:setRole(184)) - b8f04e38-0663-4b1f-8efd-f76585c6e86c@group-5F52F902B742: changes role from  FOLLOWER to FOLLOWER at term 53 for recognizeCandidate:abcd8826-c056-4817-bd0f-7af19a46d814
2019-10-17 18:50:50,507 [grpc-default-executor-0] INFO  impl.RaftServerImpl (RaftServerImpl.java:setRole(184)) - 73297ffa-40cb-4e3e-b33e-1bc2c1da60f5@group-5F52F902B742: changes role from  FOLLOWER to FOLLOWER at term 53 for recognizeCandidate:abcd8826-c056-4817-bd0f-7af19a46d814
2019-10-17 18:50:50,507 [grpc-default-executor-2] INFO  impl.RoleInfo (RoleInfo.java:shutdownFollowerState(121)) - b8f04e38-0663-4b1f-8efd-f76585c6e86c: shutdown FollowerState
2019-10-17 18:50:50,507 [grpc-default-executor-0] INFO  impl.RoleInfo (RoleInfo.java:shutdownFollowerState(121)) - 73297ffa-40cb-4e3e-b33e-1bc2c1da60f5: shutdown FollowerState
2019-10-17 18:50:50,507 [Thread-1074] INFO  impl.FollowerState (FollowerState.java:run(117)) - b8f04e38-0663-4b1f-8efd-f76585c6e86c@group-5F52F902B742-FollowerState was interrupted: java.lang.InterruptedException: sleep interrupted
2019-10-17 18:50:50,507 [grpc-default-executor-2] INFO  impl.RoleInfo (RoleInfo.java:updateAndGet(143)) - b8f04e38-0663-4b1f-8efd-f76585c6e86c: start FollowerState
2019-10-17 18:50:50,508 [Thread-1075] INFO  impl.FollowerState (FollowerState.java:run(117)) - 73297ffa-40cb-4e3e-b33e-1bc2c1da60f5@group-5F52F902B742-FollowerState was interrupted: java.lang.InterruptedException: sleep interrupted
2019-10-17 18:50:50,508 [grpc-default-executor-0] INFO  impl.RoleInfo (RoleInfo.java:updateAndGet(143)) - 73297ffa-40cb-4e3e-b33e-1bc2c1da60f5: start FollowerState
2019-10-17 18:50:50,537 [abcd8826-c056-4817-bd0f-7af19a46d814@group-5F52F902B742-LeaderElection111] INFO  impl.LeaderElection (LeaderElection.java:logAndReturn(56)) - abcd8826-c056-4817-bd0f-7af19a46d814@group-5F52F902B742-LeaderElection111: Election REJECTED; received 2 response(s) [abcd8826-c056-4817-bd0f-7af19a46d814<-b8f04e38-0663-4b1f-8efd-f76585c6e86c#0:FAIL-t53, abcd8826-c056-4817-bd0f-7af19a46d814<-73297ffa-40cb-4e3e-b33e-1bc2c1da60f5#0:FAIL-t53] and 0 exception(s); abcd8826-c056-4817-bd0f-7af19a46d814@group-5F52F902B742:t53, leader=null, voted=abcd8826-c056-4817-bd0f-7af19a46d814, raftlog=abcd8826-c056-4817-bd0f-7af19a46d814@group-5F52F902B742-SegmentedRaftLog:OPENED:c-1,f-1,i0, conf=-1: [b8f04e38-0663-4b1f-8efd-f76585c6e86c:192.168.157.251:35700, abcd8826-c056-4817-bd0f-7af19a46d814:192.168.157.251:46496, 73297ffa-40cb-4e3e-b33e-1bc2c1da60f5:192.168.157.251:32952], old=null
2019-10-17 18:50:50,537 [abcd8826-c056-4817-bd0f-7af19a46d814@group-5F52F902B742-LeaderElection111] INFO  impl.RaftServerImpl (RaftServerImpl.java:setRole(184)) - abcd8826-c056-4817-bd0f-7af19a46d814@group-5F52F902B742: changes role from CANDIDATE to FOLLOWER at term 53 for DISCOVERED_A_NEW_TERM
2019-10-17 18:50:50,537 [abcd8826-c056-4817-bd0f-7af19a46d814@group-5F52F902B742-LeaderElection111] INFO  impl.RoleInfo (RoleInfo.java:shutdownLeaderElection(134)) - abcd8826-c056-4817-bd0f-7af19a46d814: shutdown LeaderElection
2019-10-17 18:50:50,537 [abcd8826-c056-4817-bd0f-7af19a46d814@group-5F52F902B742-LeaderElection111] INFO  impl.RoleInfo (RoleInfo.java:updateAndGet(143)) - abcd8826-c056-4817-bd0f-7af19a46d814: start FollowerState
2019-10-17 18:50:50,616 [Thread-1082] INFO  impl.FollowerState (FollowerState.java:run(108)) - a5e79c22-a35f-4e50-b1fd-e91b6a93d74d@group-F775CA5912AC-FollowerState: change to CANDIDATE, lastRpcTime:182ms, electionTimeout:182ms
2019-10-17 18:50:50,616 [Thread-1082] INFO  impl.RoleInfo (RoleInfo.java:shutdownFollowerState(121)) - a5e79c22-a35f-4e50-b1fd-e91b6a93d74d: shutdown FollowerState
2019-10-17 18:50:50,616 [Thread-1082] INFO  impl.RaftServerImpl (RaftServerImpl.java:setRole(184)) - a5e79c22-a35f-4e50-b1fd-e91b6a93d74d@group-F775CA5912AC: changes role from  FOLLOWER to CANDIDATE at term 53 for changeToCandidate
2019-10-17 18:50:50,616 [Thread-1082] INFO  impl.RoleInfo (RoleInfo.java:updateAndGet(143)) - a5e79c22-a35f-4e50-b1fd-e91b6a93d74d: start LeaderElection
2019-10-17 18:50:50,643 [a5e79c22-a35f-4e50-b1fd-e91b6a93d74d@group-F775CA5912AC-LeaderElection112] INFO  impl.LeaderElection (LeaderElection.java:askForVotes(178)) - a5e79c22-a35f-4e50-b1fd-e91b6a93d74d@group-F775CA5912AC-LeaderElection112: begin an election at term 54 for -1: [a5e79c22-a35f-4e50-b1fd-e91b6a93d74d:192.168.157.251:45177, daae7813-f814-475d-9647-a302a5541e36:192.168.157.251:45025, 1e4e1375-1b66-460f-8c99-4c341545a119:192.168.157.251:42113], old=null
2019-10-17 18:50:50,645 [grpc-default-executor-0] INFO  impl.RaftServerImpl (RaftServerImpl.java:setRole(184)) - daae7813-f814-475d-9647-a302a5541e36@group-F775CA5912AC: changes role from  FOLLOWER to FOLLOWER at term 54 for recognizeCandidate:a5e79c22-a35f-4e50-b1fd-e91b6a93d74d
2019-10-17 18:50:50,645 [grpc-default-executor-6] INFO  impl.RaftServerImpl (RaftServerImpl.java:setRole(184)) - 1e4e1375-1b66-460f-8c99-4c341545a119@group-F775CA5912AC: changes role from  FOLLOWER to FOLLOWER at term 54 for recognizeCandidate:a5e79c22-a35f-4e50-b1fd-e91b6a93d74d
2019-10-17 18:50:50,645 [grpc-default-executor-0] INFO  impl.RoleInfo (RoleInfo.java:shutdownFollowerState(121)) - daae7813-f814-475d-9647-a302a5541e36: shutdown FollowerState
2019-10-17 18:50:50,645 [grpc-default-executor-6] INFO  impl.RoleInfo (RoleInfo.java:shutdownFollowerState(121)) - 1e4e1375-1b66-460f-8c99-4c341545a119: shutdown FollowerState
2019-10-17 18:50:50,646 [Thread-1080] INFO  impl.FollowerState (FollowerState.java:run(117)) - daae7813-f814-475d-9647-a302a5541e36@group-F775CA5912AC-FollowerState was interrupted: java.lang.InterruptedException: sleep interrupted
2019-10-17 18:50:50,646 [Thread-1081] INFO  impl.FollowerState (FollowerState.java:run(117)) - 1e4e1375-1b66-460f-8c99-4c341545a119@group-F775CA5912AC-FollowerState was interrupted: java.lang.InterruptedException: sleep interrupted
2019-10-17 18:50:50,646 [grpc-default-executor-0] INFO  impl.RoleInfo (RoleInfo.java:updateAndGet(143)) - daae7813-f814-475d-9647-a302a5541e36: start FollowerState
2019-10-17 18:50:50,646 [grpc-default-executor-6] INFO  impl.RoleInfo (RoleInfo.java:updateAndGet(143)) - 1e4e1375-1b66-460f-8c99-4c341545a119: start FollowerState
2019-10-17 18:50:50,673 [a5e79c22-a35f-4e50-b1fd-e91b6a93d74d@group-F775CA5912AC-LeaderElection112] INFO  impl.LeaderElection (LeaderElection.java:logAndReturn(56)) - a5e79c22-a35f-4e50-b1fd-e91b6a93d74d@group-F775CA5912AC-LeaderElection112: Election REJECTED; received 2 response(s) [a5e79c22-a35f-4e50-b1fd-e91b6a93d74d<-daae7813-f814-475d-9647-a302a5541e36#0:FAIL-t54, a5e79c22-a35f-4e50-b1fd-e91b6a93d74d<-1e4e1375-1b66-460f-8c99-4c341545a119#0:FAIL-t54] and 0 exception(s); a5e79c22-a35f-4e50-b1fd-e91b6a93d74d@group-F775CA5912AC:t54, leader=null, voted=a5e79c22-a35f-4e50-b1fd-e91b6a93d74d, raftlog=a5e79c22-a35f-4e50-b1fd-e91b6a93d74d@group-F775CA5912AC-SegmentedRaftLog:OPENED:c-1,f-1,i0, conf=-1: [a5e79c22-a35f-4e50-b1fd-e91b6a93d74d:192.168.157.251:45177, daae7813-f814-475d-9647-a302a5541e36:192.168.157.251:45025, 1e4e1375-1b66-460f-8c99-4c341545a119:192.168.157.251:42113], old=null
2019-10-17 18:50:50,673 [a5e79c22-a35f-4e50-b1fd-e91b6a93d74d@group-F775CA5912AC-LeaderElection112] INFO  impl.RaftServerImpl (RaftServerImpl.java:setRole(184)) - a5e79c22-a35f-4e50-b1fd-e91b6a93d74d@group-F775CA5912AC: changes role from CANDIDATE to FOLLOWER at term 54 for DISCOVERED_A_NEW_TERM
2019-10-17 18:50:50,673 [a5e79c22-a35f-4e50-b1fd-e91b6a93d74d@group-F775CA5912AC-LeaderElection112] INFO  impl.RoleInfo (RoleInfo.java:shutdownLeaderElection(134)) - a5e79c22-a35f-4e50-b1fd-e91b6a93d74d: shutdown LeaderElection
2019-10-17 18:50:50,674 [a5e79c22-a35f-4e50-b1fd-e91b6a93d74d@group-F775CA5912AC-LeaderElection112] INFO  impl.RoleInfo (RoleInfo.java:updateAndGet(143)) - a5e79c22-a35f-4e50-b1fd-e91b6a93d74d: start FollowerState
2019-10-17 18:50:50,728 [Thread-1088] INFO  impl.FollowerState (FollowerState.java:run(108)) - abcd8826-c056-4817-bd0f-7af19a46d814@group-5F52F902B742-FollowerState: change to CANDIDATE, lastRpcTime:190ms, electionTimeout:190ms
2019-10-17 18:50:50,728 [Thread-1088] INFO  impl.RoleInfo (RoleInfo.java:shutdownFollowerState(121)) - abcd8826-c056-4817-bd0f-7af19a46d814: shutdown FollowerState
2019-10-17 18:50:50,728 [Thread-1088] INFO  impl.RaftServerImpl (RaftServerImpl.java:setRole(184)) - abcd8826-c056-4817-bd0f-7af19a46d814@group-5F52F902B742: changes role from  FOLLOWER to CANDIDATE at term 53 for changeToCandidate
2019-10-17 18:50:50,728 [Thread-1088] INFO  impl.RoleInfo (RoleInfo.java:updateAndGet(143)) - abcd8826-c056-4817-bd0f-7af19a46d814: start LeaderElection
2019-10-17 18:50:50,774 [abcd8826-c056-4817-bd0f-7af19a46d814@group-5F52F902B742-LeaderElection113] INFO  impl.LeaderElection (LeaderElection.java:askForVotes(178)) - abcd8826-c056-4817-bd0f-7af19a46d814@group-5F52F902B742-LeaderElection113: begin an election at term 54 for -1: [b8f04e38-0663-4b1f-8efd-f76585c6e86c:192.168.157.251:35700, abcd8826-c056-4817-bd0f-7af19a46d814:192.168.157.251:46496, 73297ffa-40cb-4e3e-b33e-1bc2c1da60f5:192.168.157.251:32952], old=null
2019-10-17 18:50:50,777 [grpc-default-executor-0] INFO  impl.RaftServerImpl (RaftServerImpl.java:setRole(184)) - b8f04e38-0663-4b1f-8efd-f76585c6e86c@group-5F52F902B742: changes role from  FOLLOWER to FOLLOWER at term 54 for recognizeCandidate:abcd8826-c056-4817-bd0f-7af19a46d814
2019-10-17 18:50:50,777 [grpc-default-executor-6] INFO  impl.RaftServerImpl (RaftServerImpl.java:setRole(184)) - 73297ffa-40cb-4e3e-b33e-1bc2c1da60f5@group-5F52F902B742: changes role from  FOLLOWER to FOLLOWER at term 54 for recognizeCandidate:abcd8826-c056-4817-bd0f-7af19a46d814
2019-10-17 18:50:50,777 [grpc-default-executor-0] INFO  impl.RoleInfo (RoleInfo.java:shutdownFollowerState(121)) - b8f04e38-0663-4b1f-8efd-f76585c6e86c: shutdown FollowerState
2019-10-17 18:50:50,777 [grpc-default-executor-6] INFO  impl.RoleInfo (RoleInfo.java:shutdownFollowerState(121)) - 73297ffa-40cb-4e3e-b33e-1bc2c1da60f5: shutdown FollowerState
2019-10-17 18:50:50,778 [Thread-1086] INFO  impl.FollowerState (FollowerState.java:run(117)) - b8f04e38-0663-4b1f-8efd-f76585c6e86c@group-5F52F902B742-FollowerState was interrupted: java.lang.InterruptedException: sleep interrupted
2019-10-17 18:50:50,778 [Thread-1087] INFO  impl.FollowerState (FollowerState.java:run(117)) - 73297ffa-40cb-4e3e-b33e-1bc2c1da60f5@group-5F52F902B742-FollowerState was interrupted: java.lang.InterruptedException: sleep interrupted
2019-10-17 18:50:50,778 [grpc-default-executor-0] INFO  impl.RoleInfo (RoleInfo.java:updateAndGet(143)) - b8f04e38-0663-4b1f-8efd-f76585c6e86c: start FollowerState
2019-10-17 18:50:50,778 [grpc-default-executor-6] INFO  impl.RoleInfo (RoleInfo.java:updateAndGet(143)) - 73297ffa-40cb-4e3e-b33e-1bc2c1da60f5: start FollowerState
2019-10-17 18:50:50,778 [Thread-1096] INFO  impl.FollowerState (FollowerState.java:run(108)) - a5e79c22-a35f-4e50-b1fd-e91b6a93d74d@group-F775CA5912AC-FollowerState: change to CANDIDATE, lastRpcTime:104ms, electionTimeout:104ms
2019-10-17 18:50:50,778 [Thread-1096] INFO  impl.RoleInfo (RoleInfo.java:shutdownFollowerState(121)) - a5e79c22-a35f-4e50-b1fd-e91b6a93d74d: shutdown FollowerState
2019-10-17 18:50:50,779 [Thread-1096] INFO  impl.RaftServerImpl (RaftServerImpl.java:setRole(184)) - a5e79c22-a35f-4e50-b1fd-e91b6a93d74d@group-F775CA5912AC: changes role from  FOLLOWER to CANDIDATE at term 54 for changeToCandidate
2019-10-17 18:50:50,779 [Thread-1096] INFO  impl.RoleInfo (RoleInfo.java:updateAndGet(143)) - a5e79c22-a35f-4e50-b1fd-e91b6a93d74d: start LeaderElection
2019-10-17 18:50:50,811 [a5e79c22-a35f-4e50-b1fd-e91b6a93d74d@group-F775CA5912AC-LeaderElection114] INFO  impl.LeaderElection (LeaderElection.java:askForVotes(178)) - a5e79c22-a35f-4e50-b1fd-e91b6a93d74d@group-F775CA5912AC-LeaderElection114: begin an election at term 55 for -1: [a5e79c22-a35f-4e50-b1fd-e91b6a93d74d:192.168.157.251:45177, daae7813-f814-475d-9647-a302a5541e36:192.168.157.251:45025, 1e4e1375-1b66-460f-8c99-4c341545a119:192.168.157.251:42113], old=null
2019-10-17 18:50:50,812 [abcd8826-c056-4817-bd0f-7af19a46d814@group-5F52F902B742-LeaderElection113] INFO  impl.LeaderElection (LeaderElection.java:logAndReturn(56)) - abcd8826-c056-4817-bd0f-7af19a46d814@group-5F52F902B742-LeaderElection113: Election REJECTED; received 2 response(s) [abcd8826-c056-4817-bd0f-7af19a46d814<-b8f04e38-0663-4b1f-8efd-f76585c6e86c#0:FAIL-t54, abcd8826-c056-4817-bd0f-7af19a46d814<-73297ffa-40cb-4e3e-b33e-1bc2c1da60f5#0:FAIL-t54] and 0 exception(s); abcd8826-c056-4817-bd0f-7af19a46d814@group-5F52F902B742:t54, leader=null, voted=abcd8826-c056-4817-bd0f-7af19a46d814, raftlog=abcd8826-c056-4817-bd0f-7af19a46d814@group-5F52F902B742-SegmentedRaftLog:OPENED:c-1,f-1,i0, conf=-1: [b8f04e38-0663-4b1f-8efd-f76585c6e86c:192.168.157.251:35700, abcd8826-c056-4817-bd0f-7af19a46d814:192.168.157.251:46496, 73297ffa-40cb-4e3e-b33e-1bc2c1da60f5:192.168.157.251:32952], old=null
2019-10-17 18:50:50,812 [abcd8826-c056-4817-bd0f-7af19a46d814@group-5F52F902B742-LeaderElection113] INFO  impl.RaftServerImpl (RaftServerImpl.java:setRole(184)) - abcd8826-c056-4817-bd0f-7af19a46d814@group-5F52F902B742: changes role from CANDIDATE to FOLLOWER at term 54 for DISCOVERED_A_NEW_TERM
2019-10-17 18:50:50,812 [abcd8826-c056-4817-bd0f-7af19a46d814@group-5F52F902B742-LeaderElection113] INFO  impl.RoleInfo (RoleInfo.java:shutdownLeaderElection(134)) - abcd8826-c056-4817-bd0f-7af19a46d814: shutdown LeaderElection
2019-10-17 18:50:50,813 [abcd8826-c056-4817-bd0f-7af19a46d814@group-5F52F902B742-LeaderElection113] INFO  impl.RoleInfo (RoleInfo.java:updateAndGet(143)) - abcd8826-c056-4817-bd0f-7af19a46d814: start FollowerState
2019-10-17 18:50:50,813 [grpc-default-executor-0] INFO  impl.RaftServerImpl (RaftServerImpl.java:setRole(184)) - daae7813-f814-475d-9647-a302a5541e36@group-F775CA5912AC: changes role from  FOLLOWER to FOLLOWER at term 55 for recognizeCandidate:a5e79c22-a35f-4e50-b1fd-e91b6a93d74d
2019-10-17 18:50:50,813 [grpc-default-executor-6] INFO  impl.RaftServerImpl (RaftServerImpl.java:setRole(184)) - 1e4e1375-1b66-460f-8c99-4c341545a119@group-F775CA5912AC: changes role from  FOLLOWER to FOLLOWER at term 55 for recognizeCandidate:a5e79c22-a35f-4e50-b1fd-e91b6a93d74d
2019-10-17 18:50:50,813 [grpc-default-executor-0] INFO  impl.RoleInfo (RoleInfo.java:shutdownFollowerState(121)) - daae7813-f814-475d-9647-a302a5541e36: shutdown FollowerState
2019-10-17 18:50:50,813 [grpc-default-executor-6] INFO  impl.RoleInfo (RoleInfo.java:shutdownFollowerState(121)) - 1e4e1375-1b66-460f-8c99-4c341545a119: shutdown FollowerState
2019-10-17 18:50:50,813 [Thread-1094] INFO  impl.FollowerState (FollowerState.java:run(117)) - daae7813-f814-475d-9647-a302a5541e36@group-F775CA5912AC-FollowerState was interrupted: java.lang.InterruptedException: sleep interrupted
2019-10-17 18:50:50,813 [Thread-1095] INFO  impl.FollowerState (FollowerState.java:run(117)) - 1e4e1375-1b66-460f-8c99-4c341545a119@group-F775CA5912AC-FollowerState was interrupted: java.lang.InterruptedException: sleep interrupted
2019-10-17 18:50:50,813 [grpc-default-executor-0] INFO  impl.RoleInfo (RoleInfo.java:updateAndGet(143)) - daae7813-f814-475d-9647-a302a5541e36: start FollowerState
2019-10-17 18:50:50,813 [grpc-default-executor-6] INFO  impl.RoleInfo (RoleInfo.java:updateAndGet(143)) - 1e4e1375-1b66-460f-8c99-4c341545a119: start FollowerState
2019-10-17 18:50:50,828 [a5e79c22-a35f-4e50-b1fd-e91b6a93d74d@group-F775CA5912AC-LeaderElection114] INFO  impl.LeaderElection (LeaderElection.java:logAndReturn(56)) - a5e79c22-a35f-4e50-b1fd-e91b6a93d74d@group-F775CA5912AC-LeaderElection114: Election TIMEOUT; received 0 response(s) [] and 0 exception(s); a5e79c22-a35f-4e50-b1fd-e91b6a93d74d@group-F775CA5912AC:t55, leader=null, voted=a5e79c22-a35f-4e50-b1fd-e91b6a93d74d, raftlog=a5e79c22-a35f-4e50-b1fd-e91b6a93d74d@group-F775CA5912AC-SegmentedRaftLog:OPENED:c-1,f-1,i0, conf=-1: [a5e79c22-a35f-4e50-b1fd-e91b6a93d74d:192.168.157.251:45177, daae7813-f814-475d-9647-a302a5541e36:192.168.157.251:45025, 1e4e1375-1b66-460f-8c99-4c341545a119:192.168.157.251:42113], old=null
2019-10-17 18:50:50,841 [a5e79c22-a35f-4e50-b1fd-e91b6a93d74d@group-F775CA5912AC-LeaderElection114] INFO  impl.LeaderElection (LeaderElection.java:askForVotes(178)) - a5e79c22-a35f-4e50-b1fd-e91b6a93d74d@group-F775CA5912AC-LeaderElection114: begin an election at term 56 for -1: [a5e79c22-a35f-4e50-b1fd-e91b6a93d74d:192.168.157.251:45177, daae7813-f814-475d-9647-a302a5541e36:192.168.157.251:45025, 1e4e1375-1b66-460f-8c99-4c341545a119:192.168.157.251:42113], old=null
2019-10-17 18:50:50,844 [grpc-default-executor-6] INFO  impl.RaftServerImpl (RaftServerImpl.java:setRole(184)) - daae7813-f814-475d-9647-a302a5541e36@group-F775CA5912AC: changes role from  FOLLOWER to FOLLOWER at term 56 for recognizeCandidate:a5e79c22-a35f-4e50-b1fd-e91b6a93d74d
2019-10-17 18:50:50,844 [grpc-default-executor-0] INFO  impl.RaftServerImpl (RaftServerImpl.java:setRole(184)) - 1e4e1375-1b66-460f-8c99-4c341545a119@group-F775CA5912AC: changes role from  FOLLOWER to FOLLOWER at term 56 for recognizeCandidate:a5e79c22-a35f-4e50-b1fd-e91b6a93d74d
2019-10-17 18:50:50,844 [grpc-default-executor-6] INFO  impl.RoleInfo (RoleInfo.java:shutdownFollowerState(121)) - daae7813-f814-475d-9647-a302a5541e36: shutdown FollowerState
2019-10-17 18:50:50,844 [grpc-default-executor-0] INFO  impl.RoleInfo (RoleInfo.java:shutdownFollowerState(121)) - 1e4e1375-1b66-460f-8c99-4c341545a119: shutdown FollowerState
2019-10-17 18:50:50,845 [Thread-1106] INFO  impl.FollowerState (FollowerState.java:run(117)) - daae7813-f814-475d-9647-a302a5541e36@group-F775CA5912AC-FollowerState was interrupted: java.lang.InterruptedException: sleep interrupted
2019-10-17 18:50:50,845 [Thread-1107] INFO  impl.FollowerState (FollowerState.java:run(117)) - 1e4e1375-1b66-460f-8c99-4c341545a119@group-F775CA5912AC-FollowerState was interrupted: java.lang.InterruptedException: sleep interrupted
2019-10-17 18:50:50,844 [grpc-default-executor-6] INFO  impl.RoleInfo (RoleInfo.java:updateAndGet(143)) - daae7813-f814-475d-9647-a302a5541e36: start FollowerState
2019-10-17 18:50:50,845 [grpc-default-executor-0] INFO  impl.RoleInfo (RoleInfo.java:updateAndGet(143)) - 1e4e1375-1b66-460f-8c99-4c341545a119: start FollowerState
2019-10-17 18:50:50,865 [Thread-1105] INFO  impl.FollowerState (FollowerState.java:run(108)) - abcd8826-c056-4817-bd0f-7af19a46d814@group-5F52F902B742-FollowerState: change to CANDIDATE, lastRpcTime:52ms, electionTimeout:52ms
2019-10-17 18:50:50,865 [Thread-1105] INFO  impl.RoleInfo (RoleInfo.java:shutdownFollowerState(121)) - abcd8826-c056-4817-bd0f-7af19a46d814: shutdown FollowerState
2019-10-17 18:50:50,865 [Thread-1105] INFO  impl.RaftServerImpl (RaftServerImpl.java:setRole(184)) - abcd8826-c056-4817-bd0f-7af19a46d814@group-5F52F902B742: changes role from  FOLLOWER to CANDIDATE at term 54 for changeToCandidate
2019-10-17 18:50:50,865 [Thread-1105] INFO  impl.RoleInfo (RoleInfo.java:updateAndGet(143)) - abcd8826-c056-4817-bd0f-7af19a46d814: start LeaderElection
2019-10-17 18:50:50,886 [abcd8826-c056-4817-bd0f-7af19a46d814@group-5F52F902B742-LeaderElection115] INFO  impl.LeaderElection (LeaderElection.java:askForVotes(178)) - abcd8826-c056-4817-bd0f-7af19a46d814@group-5F52F902B742-LeaderElection115: begin an election at term 55 for -1: [b8f04e38-0663-4b1f-8efd-f76585c6e86c:192.168.157.251:35700, abcd8826-c056-4817-bd0f-7af19a46d814:192.168.157.251:46496, 73297ffa-40cb-4e3e-b33e-1bc2c1da60f5:192.168.157.251:32952], old=null
2019-10-17 18:50:50,887 [a5e79c22-a35f-4e50-b1fd-e91b6a93d74d@group-F775CA5912AC-LeaderElection114] INFO  impl.LeaderElection (LeaderElection.java:logAndReturn(56)) - a5e79c22-a35f-4e50-b1fd-e91b6a93d74d@group-F775CA5912AC-LeaderElection114: Election REJECTED; received 2 response(s) [a5e79c22-a35f-4e50-b1fd-e91b6a93d74d<-daae7813-f814-475d-9647-a302a5541e36#0:FAIL-t56, a5e79c22-a35f-4e50-b1fd-e91b6a93d74d<-1e4e1375-1b66-460f-8c99-4c341545a119#0:FAIL-t56] and 0 exception(s); a5e79c22-a35f-4e50-b1fd-e91b6a93d74d@group-F775CA5912AC:t56, leader=null, voted=a5e79c22-a35f-4e50-b1fd-e91b6a93d74d, raftlog=a5e79c22-a35f-4e50-b1fd-e91b6a93d74d@group-F775CA5912AC-SegmentedRaftLog:OPENED:c-1,f-1,i0, conf=-1: [a5e79c22-a35f-4e50-b1fd-e91b6a93d74d:192.168.157.251:45177, daae7813-f814-475d-9647-a302a5541e36:192.168.157.251:45025, 1e4e1375-1b66-460f-8c99-4c341545a119:192.168.157.251:42113], old=null
2019-10-17 18:50:50,887 [a5e79c22-a35f-4e50-b1fd-e91b6a93d74d@group-F775CA5912AC-LeaderElection114] INFO  impl.RaftServerImpl (RaftServerImpl.java:setRole(184)) - a5e79c22-a35f-4e50-b1fd-e91b6a93d74d@group-F775CA5912AC: changes role from CANDIDATE to FOLLOWER at term 56 for DISCOVERED_A_NEW_TERM
2019-10-17 18:50:50,887 [a5e79c22-a35f-4e50-b1fd-e91b6a93d74d@group-F775CA5912AC-LeaderElection114] INFO  impl.RoleInfo (RoleInfo.java:shutdownLeaderElection(134)) - a5e79c22-a35f-4e50-b1fd-e91b6a93d74d: shutdown LeaderElection
2019-10-17 18:50:50,888 [a5e79c22-a35f-4e50-b1fd-e91b6a93d74d@group-F775CA5912AC-LeaderElection114] INFO  impl.RoleInfo (RoleInfo.java:updateAndGet(143)) - a5e79c22-a35f-4e50-b1fd-e91b6a93d74d: start FollowerState
2019-10-17 18:50:50,889 [grpc-default-executor-6] INFO  impl.RaftServerImpl (RaftServerImpl.java:setRole(184)) - b8f04e38-0663-4b1f-8efd-f76585c6e86c@group-5F52F902B742: changes role from  FOLLOWER to FOLLOWER at term 55 for recognizeCandidate:abcd8826-c056-4817-bd0f-7af19a46d814
2019-10-17 18:50:50,889 [grpc-default-executor-0] INFO  impl.RaftServerImpl (RaftServerImpl.java:setRole(184)) - 73297ffa-40cb-4e3e-b33e-1bc2c1da60f5@group-5F52F902B742: changes role from  FOLLOWER to FOLLOWER at term 55 for recognizeCandidate:abcd8826-c056-4817-bd0f-7af19a46d814
2019-10-17 18:50:50,889 [grpc-default-executor-0] INFO  impl.RoleInfo (RoleInfo.java:shutdownFollowerState(121)) - 73297ffa-40cb-4e3e-b33e-1bc2c1da60f5: shutdown FollowerState
2019-10-17 18:50:50,889 [grpc-default-executor-6] INFO  impl.RoleInfo (RoleInfo.java:shutdownFollowerState(121)) - b8f04e38-0663-4b1f-8efd-f76585c6e86c: shutdown FollowerState
2019-10-17 18:50:50,889 [Thread-1101] INFO  impl.FollowerState (FollowerState.java:run(117)) - 73297ffa-40cb-4e3e-b33e-1bc2c1da60f5@group-5F52F902B742-FollowerState was interrupted: java.lang.InterruptedException: sleep interrupted
2019-10-17 18:50:50,889 [grpc-default-executor-0] INFO  impl.RoleInfo (RoleInfo.java:updateAndGet(143)) - 73297ffa-40cb-4e3e-b33e-1bc2c1da60f5: start FollowerState
2019-10-17 18:50:50,889 [Thread-1100] INFO  impl.FollowerState (FollowerState.java:run(117)) - b8f04e38-0663-4b1f-8efd-f76585c6e86c@group-5F52F902B742-FollowerState was interrupted: java.lang.InterruptedException: sleep interrupted
2019-10-17 18:50:50,889 [grpc-default-executor-6] INFO  impl.RoleInfo (RoleInfo.java:updateAndGet(143)) - b8f04e38-0663-4b1f-8efd-f76585c6e86c: start FollowerState
2019-10-17 18:50:50,904 [abcd8826-c056-4817-bd0f-7af19a46d814@group-5F52F902B742-LeaderElection115] INFO  impl.LeaderElection (LeaderElection.java:logAndReturn(56)) - abcd8826-c056-4817-bd0f-7af19a46d814@group-5F52F902B742-LeaderElection115: Election REJECTED; received 2 response(s) [abcd8826-c056-4817-bd0f-7af19a46d814<-b8f04e38-0663-4b1f-8efd-f76585c6e86c#0:FAIL-t55, abcd8826-c056-4817-bd0f-7af19a46d814<-73297ffa-40cb-4e3e-b33e-1bc2c1da60f5#0:FAIL-t55] and 0 exception(s); abcd8826-c056-4817-bd0f-7af19a46d814@group-5F52F902B742:t55, leader=null, voted=abcd8826-c056-4817-bd0f-7af19a46d814, raftlog=abcd8826-c056-4817-bd0f-7af19a46d814@group-5F52F902B742-SegmentedRaftLog:OPENED:c-1,f-1,i0, conf=-1: [b8f04e38-0663-4b1f-8efd-f76585c6e86c:192.168.157.251:35700, abcd8826-c056-4817-bd0f-7af19a46d814:192.168.157.251:46496, 73297ffa-40cb-4e3e-b33e-1bc2c1da60f5:192.168.157.251:32952], old=null
2019-10-17 18:50:50,904 [abcd8826-c056-4817-bd0f-7af19a46d814@group-5F52F902B742-LeaderElection115] INFO  impl.RaftServerImpl (RaftServerImpl.java:setRole(184)) - abcd8826-c056-4817-bd0f-7af19a46d814@group-5F52F902B742: changes role from CANDIDATE to FOLLOWER at term 55 for DISCOVERED_A_NEW_TERM
2019-10-17 18:50:50,904 [abcd8826-c056-4817-bd0f-7af19a46d814@group-5F52F902B742-LeaderElection115] INFO  impl.RoleInfo (RoleInfo.java:shutdownLeaderElection(134)) - abcd8826-c056-4817-bd0f-7af19a46d814: shutdown LeaderElection
2019-10-17 18:50:50,905 [abcd8826-c056-4817-bd0f-7af19a46d814@group-5F52F902B742-LeaderElection115] INFO  impl.RoleInfo (RoleInfo.java:updateAndGet(143)) - abcd8826-c056-4817-bd0f-7af19a46d814: start FollowerState
2019-10-17 18:50:50,906 [Thread-1120] INFO  impl.FollowerState (FollowerState.java:run(108)) - abcd8826-c056-4817-bd0f-7af19a46d814@group-5F52F902B742-FollowerState: change to CANDIDATE, lastRpcTime:1ms, electionTimeout:1ms
2019-10-17 18:50:50,906 [Thread-1120] INFO  impl.RoleInfo (RoleInfo.java:shutdownFollowerState(121)) - abcd8826-c056-4817-bd0f-7af19a46d814: shutdown FollowerState
2019-10-17 18:50:50,906 [Thread-1120] INFO  impl.RaftServerImpl (RaftServerImpl.java:setRole(184)) - abcd8826-c056-4817-bd0f-7af19a46d814@group-5F52F902B742: changes role from  FOLLOWER to CANDIDATE at term 55 for changeToCandidate
2019-10-17 18:50:50,906 [Thread-1120] INFO  impl.RoleInfo (RoleInfo.java:updateAndGet(143)) - abcd8826-c056-4817-bd0f-7af19a46d814: start LeaderElection
2019-10-17 18:50:50,910 [abcd8826-c056-4817-bd0f-7af19a46d814@group-5F52F902B742-LeaderElection116] INFO  impl.LeaderElection (LeaderElection.java:askForVotes(178)) - abcd8826-c056-4817-bd0f-7af19a46d814@group-5F52F902B742-LeaderElection116: begin an election at term 56 for -1: [b8f04e38-0663-4b1f-8efd-f76585c6e86c:192.168.157.251:35700, abcd8826-c056-4817-bd0f-7af19a46d814:192.168.157.251:46496, 73297ffa-40cb-4e3e-b33e-1bc2c1da60f5:192.168.157.251:32952], old=null
2019-10-17 18:50:50,912 [grpc-default-executor-0] INFO  impl.RaftServerImpl (RaftServerImpl.java:setRole(184)) - b8f04e38-0663-4b1f-8efd-f76585c6e86c@group-5F52F902B742: changes role from  FOLLOWER to FOLLOWER at term 56 for recognizeCandidate:abcd8826-c056-4817-bd0f-7af19a46d814
2019-10-17 18:50:50,912 [grpc-default-executor-0] INFO  impl.RoleInfo (RoleInfo.java:shutdownFollowerState(121)) - b8f04e38-0663-4b1f-8efd-f76585c6e86c: shutdown FollowerState
2019-10-17 18:50:50,912 [grpc-default-executor-6] INFO  impl.RaftServerImpl (RaftServerImpl.java:setRole(184)) - 73297ffa-40cb-4e3e-b33e-1bc2c1da60f5@group-5F52F902B742: changes role from  FOLLOWER to FOLLOWER at term 56 for recognizeCandidate:abcd8826-c056-4817-bd0f-7af19a46d814
2019-10-17 18:50:50,912 [Thread-1119] INFO  impl.FollowerState (FollowerState.java:run(117)) - b8f04e38-0663-4b1f-8efd-f76585c6e86c@group-5F52F902B742-FollowerState was interrupted: java.lang.InterruptedException: sleep interrupted
2019-10-17 18:50:50,912 [grpc-default-executor-0] INFO  impl.RoleInfo (RoleInfo.java:updateAndGet(143)) - b8f04e38-0663-4b1f-8efd-f76585c6e86c: start FollowerState
2019-10-17 18:50:50,912 [grpc-default-executor-6] INFO  impl.RoleInfo (RoleInfo.java:shutdownFollowerState(121)) - 73297ffa-40cb-4e3e-b33e-1bc2c1da60f5: shutdown FollowerState
2019-10-17 18:50:50,913 [grpc-default-executor-6] INFO  impl.RoleInfo (RoleInfo.java:updateAndGet(143)) - 73297ffa-40cb-4e3e-b33e-1bc2c1da60f5: start FollowerState
2019-10-17 18:50:50,913 [Thread-1118] INFO  impl.FollowerState (FollowerState.java:run(117)) - 73297ffa-40cb-4e3e-b33e-1bc2c1da60f5@group-5F52F902B742-FollowerState was interrupted: java.lang.InterruptedException: sleep interrupted
2019-10-17 18:50:50,917 [abcd8826-c056-4817-bd0f-7af19a46d814@group-5F52F902B742-LeaderElection116] INFO  impl.LeaderElection (LeaderElection.java:logAndReturn(56)) - abcd8826-c056-4817-bd0f-7af19a46d814@group-5F52F902B742-LeaderElection116: Election REJECTED; received 2 response(s) [abcd8826-c056-4817-bd0f-7af19a46d814<-b8f04e38-0663-4b1f-8efd-f76585c6e86c#0:FAIL-t56, abcd8826-c056-4817-bd0f-7af19a46d814<-73297ffa-40cb-4e3e-b33e-1bc2c1da60f5#0:FAIL-t56] and 0 exception(s); abcd8826-c056-4817-bd0f-7af19a46d814@group-5F52F902B742:t56, leader=null, voted=abcd8826-c056-4817-bd0f-7af19a46d814, raftlog=abcd8826-c056-4817-bd0f-7af19a46d814@group-5F52F902B742-SegmentedRaftLog:OPENED:c-1,f-1,i0, conf=-1: [b8f04e38-0663-4b1f-8efd-f76585c6e86c:192.168.157.251:35700, abcd8826-c056-4817-bd0f-7af19a46d814:192.168.157.251:46496, 73297ffa-40cb-4e3e-b33e-1bc2c1da60f5:192.168.157.251:32952], old=null
2019-10-17 18:50:50,917 [abcd8826-c056-4817-bd0f-7af19a46d814@group-5F52F902B742-LeaderElection116] INFO  impl.RaftServerImpl (RaftServerImpl.java:setRole(184)) - abcd8826-c056-4817-bd0f-7af19a46d814@group-5F52F902B742: changes role from CANDIDATE to FOLLOWER at term 56 for DISCOVERED_A_NEW_TERM
2019-10-17 18:50:50,917 [abcd8826-c056-4817-bd0f-7af19a46d814@group-5F52F902B742-LeaderElection116] INFO  impl.RoleInfo (RoleInfo.java:shutdownLeaderElection(134)) - abcd8826-c056-4817-bd0f-7af19a46d814: shutdown LeaderElection
2019-10-17 18:50:50,917 [abcd8826-c056-4817-bd0f-7af19a46d814@group-5F52F902B742-LeaderElection116] INFO  impl.RoleInfo (RoleInfo.java:updateAndGet(143)) - abcd8826-c056-4817-bd0f-7af19a46d814: start FollowerState
2019-10-17 18:50:51,019 [Thread-1117] INFO  impl.FollowerState (FollowerState.java:run(108)) - a5e79c22-a35f-4e50-b1fd-e91b6a93d74d@group-F775CA5912AC-FollowerState: change to CANDIDATE, lastRpcTime:131ms, electionTimeout:131ms
2019-10-17 18:50:51,019 [Thread-1117] INFO  impl.RoleInfo (RoleInfo.java:shutdownFollowerState(121)) - a5e79c22-a35f-4e50-b1fd-e91b6a93d74d: shutdown FollowerState
2019-10-17 18:50:51,019 [Thread-1117] INFO  impl.RaftServerImpl (RaftServerImpl.java:setRole(184)) - a5e79c22-a35f-4e50-b1fd-e91b6a93d74d@group-F775CA5912AC: changes role from  FOLLOWER to CANDIDATE at term 56 for changeToCandidate
2019-10-17 18:50:51,019 [Thread-1117] INFO  impl.RoleInfo (RoleInfo.java:updateAndGet(143)) - a5e79c22-a35f-4e50-b1fd-e91b6a93d74d: start LeaderElection
2019-10-17 18:50:51,031 [a5e79c22-a35f-4e50-b1fd-e91b6a93d74d@group-F775CA5912AC-LeaderElection117] INFO  impl.LeaderElection (LeaderElection.java:askForVotes(178)) - a5e79c22-a35f-4e50-b1fd-e91b6a93d74d@group-F775CA5912AC-LeaderElection117: begin an election at term 57 for -1: [a5e79c22-a35f-4e50-b1fd-e91b6a93d74d:192.168.157.251:45177, daae7813-f814-475d-9647-a302a5541e36:192.168.157.251:45025, 1e4e1375-1b66-460f-8c99-4c341545a119:192.168.157.251:42113], old=null
2019-10-17 18:50:51,033 [grpc-default-executor-6] INFO  impl.RaftServerImpl (RaftServerImpl.java:setRole(184)) - 1e4e1375-1b66-460f-8c99-4c341545a119@group-F775CA5912AC: changes role from  FOLLOWER to FOLLOWER at term 57 for recognizeCandidate:a5e79c22-a35f-4e50-b1fd-e91b6a93d74d
2019-10-17 18:50:51,034 [grpc-default-executor-0] INFO  impl.RaftServerImpl (RaftServerImpl.java:setRole(184)) - daae7813-f814-475d-9647-a302a5541e36@group-F775CA5912AC: changes role from  FOLLOWER to FOLLOWER at term 57 for recognizeCandidate:a5e79c22-a35f-4e50-b1fd-e91b6a93d74d
2019-10-17 18:50:51,034 [grpc-default-executor-6] INFO  impl.RoleInfo (RoleInfo.java:shutdownFollowerState(121)) - 1e4e1375-1b66-460f-8c99-4c341545a119: shutdown FollowerState
2019-10-17 18:50:51,034 [grpc-default-executor-0] INFO  impl.RoleInfo (RoleInfo.java:shutdownFollowerState(121)) - daae7813-f814-475d-9647-a302a5541e36: shutdown FollowerState
2019-10-17 18:50:51,034 [grpc-default-executor-6] INFO  impl.RoleInfo (RoleInfo.java:updateAndGet(143)) - 1e4e1375-1b66-460f-8c99-4c341545a119: start FollowerState
2019-10-17 18:50:51,034 [Thread-1113] INFO  impl.FollowerState (FollowerState.java:run(117)) - 1e4e1375-1b66-460f-8c99-4c341545a119@group-F775CA5912AC-FollowerState was interrupted: java.lang.InterruptedException: sleep interrupted
2019-10-17 18:50:51,034 [grpc-default-executor-0] INFO  impl.RoleInfo (RoleInfo.java:updateAndGet(143)) - daae7813-f814-475d-9647-a302a5541e36: start FollowerState
2019-10-17 18:50:51,034 [Thread-1112] INFO  impl.FollowerState (FollowerState.java:run(117)) - daae7813-f814-475d-9647-a302a5541e36@group-F775CA5912AC-FollowerState was interrupted: java.lang.InterruptedException: sleep interrupted
2019-10-17 18:50:51,047 [a5e79c22-a35f-4e50-b1fd-e91b6a93d74d@group-F775CA5912AC-LeaderElection117] INFO  impl.LeaderElection (LeaderElection.java:logAndReturn(56)) - a5e79c22-a35f-4e50-b1fd-e91b6a93d74d@group-F775CA5912AC-LeaderElection117: Election REJECTED; received 2 response(s) [a5e79c22-a35f-4e50-b1fd-e91b6a93d74d<-daae7813-f814-475d-9647-a302a5541e36#0:FAIL-t57, a5e79c22-a35f-4e50-b1fd-e91b6a93d74d<-1e4e1375-1b66-460f-8c99-4c341545a119#0:FAIL-t57] and 0 exception(s); a5e79c22-a35f-4e50-b1fd-e91b6a93d74d@group-F775CA5912AC:t57, leader=null, voted=a5e79c22-a35f-4e50-b1fd-e91b6a93d74d, raftlog=a5e79c22-a35f-4e50-b1fd-e91b6a93d74d@group-F775CA5912AC-SegmentedRaftLog:OPENED:c-1,f-1,i0, conf=-1: [a5e79c22-a35f-4e50-b1fd-e91b6a93d74d:192.168.157.251:45177, daae7813-f814-475d-9647-a302a5541e36:192.168.157.251:45025, 1e4e1375-1b66-460f-8c99-4c341545a119:192.168.157.251:42113], old=null
2019-10-17 18:50:51,047 [a5e79c22-a35f-4e50-b1fd-e91b6a93d74d@group-F775CA5912AC-LeaderElection117] INFO  impl.RaftServerImpl (RaftServerImpl.java:setRole(184)) - a5e79c22-a35f-4e50-b1fd-e91b6a93d74d@group-F775CA5912AC: changes role from CANDIDATE to FOLLOWER at term 57 for DISCOVERED_A_NEW_TERM
2019-10-17 18:50:51,047 [a5e79c22-a35f-4e50-b1fd-e91b6a93d74d@group-F775CA5912AC-LeaderElection117] INFO  impl.RoleInfo (RoleInfo.java:shutdownLeaderElection(134)) - a5e79c22-a35f-4e50-b1fd-e91b6a93d74d: shutdown LeaderElection
2019-10-17 18:50:51,047 [a5e79c22-a35f-4e50-b1fd-e91b6a93d74d@group-F775CA5912AC-LeaderElection117] INFO  impl.RoleInfo (RoleInfo.java:updateAndGet(143)) - a5e79c22-a35f-4e50-b1fd-e91b6a93d74d: start FollowerState
2019-10-17 18:50:51,056 [Thread-1126] INFO  impl.FollowerState (FollowerState.java:run(108)) - abcd8826-c056-4817-bd0f-7af19a46d814@group-5F52F902B742-FollowerState: change to CANDIDATE, lastRpcTime:138ms, electionTimeout:138ms
2019-10-17 18:50:51,056 [Thread-1126] INFO  impl.RoleInfo (RoleInfo.java:shutdownFollowerState(121)) - abcd8826-c056-4817-bd0f-7af19a46d814: shutdown FollowerState
2019-10-17 18:50:51,056 [Thread-1126] INFO  impl.RaftServerImpl (RaftServerImpl.java:setRole(184)) - abcd8826-c056-4817-bd0f-7af19a46d814@group-5F52F902B742: changes role from  FOLLOWER to CANDIDATE at term 56 for changeToCandidate
2019-10-17 18:50:51,056 [Thread-1126] INFO  impl.RoleInfo (RoleInfo.java:updateAndGet(143)) - abcd8826-c056-4817-bd0f-7af19a46d814: start LeaderElection
2019-10-17 18:50:51,066 [abcd8826-c056-4817-bd0f-7af19a46d814@group-5F52F902B742-LeaderElection118] INFO  impl.LeaderElection (LeaderElection.java:askForVotes(178)) - abcd8826-c056-4817-bd0f-7af19a46d814@group-5F52F902B742-LeaderElection118: begin an election at term 57 for -1: [b8f04e38-0663-4b1f-8efd-f76585c6e86c:192.168.157.251:35700, abcd8826-c056-4817-bd0f-7af19a46d814:192.168.157.251:46496, 73297ffa-40cb-4e3e-b33e-1bc2c1da60f5:192.168.157.251:32952], old=null
2019-10-17 18:50:51,066 [abcd8826-c056-4817-bd0f-7af19a46d814@group-5F52F902B742-LeaderElection118] INFO  impl.LeaderElection (LeaderElection.java:logAndReturn(56)) - abcd8826-c056-4817-bd0f-7af19a46d814@group-5F52F902B742-LeaderElection118: Election TIMEOUT; received 0 response(s) [] and 0 exception(s); abcd8826-c056-4817-bd0f-7af19a46d814@group-5F52F902B742:t57, leader=null, voted=abcd8826-c056-4817-bd0f-7af19a46d814, raftlog=abcd8826-c056-4817-bd0f-7af19a46d814@group-5F52F902B742-SegmentedRaftLog:OPENED:c-1,f-1,i0, conf=-1: [b8f04e38-0663-4b1f-8efd-f76585c6e86c:192.168.157.251:35700, abcd8826-c056-4817-bd0f-7af19a46d814:192.168.157.251:46496, 73297ffa-40cb-4e3e-b33e-1bc2c1da60f5:192.168.157.251:32952], old=null
2019-10-17 18:50:51,068 [grpc-default-executor-0] INFO  impl.RaftServerImpl (RaftServerImpl.java:setRole(184)) - 73297ffa-40cb-4e3e-b33e-1bc2c1da60f5@group-5F52F902B742: changes role from  FOLLOWER to FOLLOWER at term 57 for recognizeCandidate:abcd8826-c056-4817-bd0f-7af19a46d814
2019-10-17 18:50:51,068 [grpc-default-executor-6] INFO  impl.RaftServerImpl (RaftServerImpl.java:setRole(184)) - b8f04e38-0663-4b1f-8efd-f76585c6e86c@group-5F52F902B742: changes role from  FOLLOWER to FOLLOWER at term 57 for recognizeCandidate:abcd8826-c056-4817-bd0f-7af19a46d814
2019-10-17 18:50:51,068 [grpc-default-executor-0] INFO  impl.RoleInfo (RoleInfo.java:shutdownFollowerState(121)) - 73297ffa-40cb-4e3e-b33e-1bc2c1da60f5: shutdown FollowerState
2019-10-17 18:50:51,069 [grpc-default-executor-6] INFO  impl.RoleInfo (RoleInfo.java:shutdownFollowerState(121)) - b8f04e38-0663-4b1f-8efd-f76585c6e86c: shutdown FollowerState
2019-10-17 18:50:51,069 [Thread-1125] INFO  impl.FollowerState (FollowerState.java:run(117)) - 73297ffa-40cb-4e3e-b33e-1bc2c1da60f5@group-5F52F902B742-FollowerState was interrupted: java.lang.InterruptedException: sleep interrupted
2019-10-17 18:50:51,069 [grpc-default-executor-0] INFO  impl.RoleInfo (RoleInfo.java:updateAndGet(143)) - 73297ffa-40cb-4e3e-b33e-1bc2c1da60f5: start FollowerState
2019-10-17 18:50:51,069 [Thread-1124] INFO  impl.FollowerState (FollowerState.java:run(117)) - b8f04e38-0663-4b1f-8efd-f76585c6e86c@group-5F52F902B742-FollowerState was interrupted: java.lang.InterruptedException: sleep interrupted
2019-10-17 18:50:51,069 [grpc-default-executor-6] INFO  impl.RoleInfo (RoleInfo.java:updateAndGet(143)) - b8f04e38-0663-4b1f-8efd-f76585c6e86c: start FollowerState
2019-10-17 18:50:51,080 [abcd8826-c056-4817-bd0f-7af19a46d814@group-5F52F902B742-LeaderElection118] INFO  impl.LeaderElection (LeaderElection.java:askForVotes(178)) - abcd8826-c056-4817-bd0f-7af19a46d814@group-5F52F902B742-LeaderElection118: begin an election at term 58 for -1: [b8f04e38-0663-4b1f-8efd-f76585c6e86c:192.168.157.251:35700, abcd8826-c056-4817-bd0f-7af19a46d814:192.168.157.251:46496, 73297ffa-40cb-4e3e-b33e-1bc2c1da60f5:192.168.157.251:32952], old=null
2019-10-17 18:50:51,082 [grpc-default-executor-6] INFO  impl.RaftServerImpl (RaftServerImpl.java:setRole(184)) - b8f04e38-0663-4b1f-8efd-f76585c6e86c@group-5F52F902B742: changes role from  FOLLOWER to FOLLOWER at term 58 for recognizeCandidate:abcd8826-c056-4817-bd0f-7af19a46d814
2019-10-17 18:50:51,082 [grpc-default-executor-0] INFO  impl.RaftServerImpl (RaftServerImpl.java:setRole(184)) - 73297ffa-40cb-4e3e-b33e-1bc2c1da60f5@group-5F52F902B742: changes role from  FOLLOWER to FOLLOWER at term 58 for recognizeCandidate:abcd8826-c056-4817-bd0f-7af19a46d814
2019-10-17 18:50:51,082 [grpc-default-executor-6] INFO  impl.RoleInfo (RoleInfo.java:shutdownFollowerState(121)) - b8f04e38-0663-4b1f-8efd-f76585c6e86c: shutdown FollowerState
2019-10-17 18:50:51,082 [grpc-default-executor-0] INFO  impl.RoleInfo (RoleInfo.java:shutdownFollowerState(121)) - 73297ffa-40cb-4e3e-b33e-1bc2c1da60f5: shutdown FollowerState
2019-10-17 18:50:51,082 [Thread-1137] INFO  impl.FollowerState (FollowerState.java:run(117)) - b8f04e38-0663-4b1f-8efd-f76585c6e86c@group-5F52F902B742-FollowerState was interrupted: java.lang.InterruptedException: sleep interrupted
2019-10-17 18:50:51,082 [grpc-default-executor-6] INFO  impl.RoleInfo (RoleInfo.java:updateAndGet(143)) - b8f04e38-0663-4b1f-8efd-f76585c6e86c: start FollowerState
2019-10-17 18:50:51,082 [Thread-1136] INFO  impl.FollowerState (FollowerState.java:run(117)) - 73297ffa-40cb-4e3e-b33e-1bc2c1da60f5@group-5F52F902B742-FollowerState was interrupted: java.lang.InterruptedException: sleep interrupted
2019-10-17 18:50:51,082 [grpc-default-executor-0] INFO  impl.RoleInfo (RoleInfo.java:updateAndGet(143)) - 73297ffa-40cb-4e3e-b33e-1bc2c1da60f5: start FollowerState
2019-10-17 18:50:51,097 [abcd8826-c056-4817-bd0f-7af19a46d814@group-5F52F902B742-LeaderElection118] INFO  impl.LeaderElection (LeaderElection.java:logAndReturn(56)) - abcd8826-c056-4817-bd0f-7af19a46d814@group-5F52F902B742-LeaderElection118: Election REJECTED; received 2 response(s) [abcd8826-c056-4817-bd0f-7af19a46d814<-b8f04e38-0663-4b1f-8efd-f76585c6e86c#0:FAIL-t58, abcd8826-c056-4817-bd0f-7af19a46d814<-73297ffa-40cb-4e3e-b33e-1bc2c1da60f5#0:FAIL-t58] and 0 exception(s); abcd8826-c056-4817-bd0f-7af19a46d814@group-5F52F902B742:t58, leader=null, voted=abcd8826-c056-4817-bd0f-7af19a46d814, raftlog=abcd8826-c056-4817-bd0f-7af19a46d814@group-5F52F902B742-SegmentedRaftLog:OPENED:c-1,f-1,i0, conf=-1: [b8f04e38-0663-4b1f-8efd-f76585c6e86c:192.168.157.251:35700, abcd8826-c056-4817-bd0f-7af19a46d814:192.168.157.251:46496, 73297ffa-40cb-4e3e-b33e-1bc2c1da60f5:192.168.157.251:32952], old=null
2019-10-17 18:50:51,097 [abcd8826-c056-4817-bd0f-7af19a46d814@group-5F52F902B742-LeaderElection118] INFO  impl.RaftServerImpl (RaftServerImpl.java:setRole(184)) - abcd8826-c056-4817-bd0f-7af19a46d814@group-5F52F902B742: changes role from CANDIDATE to FOLLOWER at term 58 for DISCOVERED_A_NEW_TERM
2019-10-17 18:50:51,097 [abcd8826-c056-4817-bd0f-7af19a46d814@group-5F52F902B742-LeaderElection118] INFO  impl.RoleInfo (RoleInfo.java:shutdownLeaderElection(134)) - abcd8826-c056-4817-bd0f-7af19a46d814: shutdown LeaderElection
2019-10-17 18:50:51,097 [abcd8826-c056-4817-bd0f-7af19a46d814@group-5F52F902B742-LeaderElection118] INFO  impl.RoleInfo (RoleInfo.java:updateAndGet(143)) - abcd8826-c056-4817-bd0f-7af19a46d814: start FollowerState
2019-10-17 18:50:51,127 [Thread-1132] INFO  impl.FollowerState (FollowerState.java:run(108)) - a5e79c22-a35f-4e50-b1fd-e91b6a93d74d@group-F775CA5912AC-FollowerState: change to CANDIDATE, lastRpcTime:79ms, electionTimeout:79ms
2019-10-17 18:50:51,127 [Thread-1132] INFO  impl.RoleInfo (RoleInfo.java:shutdownFollowerState(121)) - a5e79c22-a35f-4e50-b1fd-e91b6a93d74d: shutdown FollowerState
2019-10-17 18:50:51,127 [Thread-1132] INFO  impl.RaftServerImpl (RaftServerImpl.java:setRole(184)) - a5e79c22-a35f-4e50-b1fd-e91b6a93d74d@group-F775CA5912AC: changes role from  FOLLOWER to CANDIDATE at term 57 for changeToCandidate
2019-10-17 18:50:51,127 [Thread-1132] INFO  impl.RoleInfo (RoleInfo.java:updateAndGet(143)) - a5e79c22-a35f-4e50-b1fd-e91b6a93d74d: start LeaderElection
2019-10-17 18:50:51,141 [a5e79c22-a35f-4e50-b1fd-e91b6a93d74d@group-F775CA5912AC-LeaderElection119] INFO  impl.LeaderElection (LeaderElection.java:askForVotes(178)) - a5e79c22-a35f-4e50-b1fd-e91b6a93d74d@group-F775CA5912AC-LeaderElection119: begin an election at term 58 for -1: [a5e79c22-a35f-4e50-b1fd-e91b6a93d74d:192.168.157.251:45177, daae7813-f814-475d-9647-a302a5541e36:192.168.157.251:45025, 1e4e1375-1b66-460f-8c99-4c341545a119:192.168.157.251:42113], old=null
2019-10-17 18:50:51,143 [Thread-1142] INFO  impl.FollowerState (FollowerState.java:run(108)) - abcd8826-c056-4817-bd0f-7af19a46d814@group-5F52F902B742-FollowerState: change to CANDIDATE, lastRpcTime:45ms, electionTimeout:45ms
2019-10-17 18:50:51,143 [Thread-1142] INFO  impl.RoleInfo (RoleInfo.java:shutdownFollowerState(121)) - abcd8826-c056-4817-bd0f-7af19a46d814: shutdown FollowerState
2019-10-17 18:50:51,143 [Thread-1142] INFO  impl.RaftServerImpl (RaftServerImpl.java:setRole(184)) - abcd8826-c056-4817-bd0f-7af19a46d814@group-5F52F902B742: changes role from  FOLLOWER to CANDIDATE at term 58 for changeToCandidate
2019-10-17 18:50:51,143 [Thread-1142] INFO  impl.RoleInfo (RoleInfo.java:updateAndGet(143)) - abcd8826-c056-4817-bd0f-7af19a46d814: start LeaderElection
2019-10-17 18:50:51,143 [grpc-default-executor-0] INFO  impl.RaftServerImpl (RaftServerImpl.java:setRole(184)) - 1e4e1375-1b66-460f-8c99-4c341545a119@group-F775CA5912AC: changes role from  FOLLOWER to FOLLOWER at term 58 for recognizeCandidate:a5e79c22-a35f-4e50-b1fd-e91b6a93d74d
2019-10-17 18:50:51,143 [grpc-default-executor-6] INFO  impl.RaftServerImpl (RaftServerImpl.java:setRole(184)) - daae7813-f814-475d-9647-a302a5541e36@group-F775CA5912AC: changes role from  FOLLOWER to FOLLOWER at term 58 for recognizeCandidate:a5e79c22-a35f-4e50-b1fd-e91b6a93d74d
2019-10-17 18:50:51,143 [grpc-default-executor-0] INFO  impl.RoleInfo (RoleInfo.java:shutdownFollowerState(121)) - 1e4e1375-1b66-460f-8c99-4c341545a119: shutdown FollowerState
2019-10-17 18:50:51,144 [grpc-default-executor-6] INFO  impl.RoleInfo (RoleInfo.java:shutdownFollowerState(121)) - daae7813-f814-475d-9647-a302a5541e36: shutdown FollowerState
2019-10-17 18:50:51,144 [Thread-1130] INFO  impl.FollowerState (FollowerState.java:run(117)) - 1e4e1375-1b66-460f-8c99-4c341545a119@group-F775CA5912AC-FollowerState was interrupted: java.lang.InterruptedException: sleep interrupted
2019-10-17 18:50:51,144 [grpc-default-executor-0] INFO  impl.RoleInfo (RoleInfo.java:updateAndGet(143)) - 1e4e1375-1b66-460f-8c99-4c341545a119: start FollowerState
2019-10-17 18:50:51,144 [Thread-1131] INFO  impl.FollowerState (FollowerState.java:run(117)) - daae7813-f814-475d-9647-a302a5541e36@group-F775CA5912AC-FollowerState was interrupted: java.lang.InterruptedException: sleep interrupted
2019-10-17 18:50:51,144 [grpc-default-executor-6] INFO  impl.RoleInfo (RoleInfo.java:updateAndGet(143)) - daae7813-f814-475d-9647-a302a5541e36: start FollowerState
2019-10-17 18:50:51,157 [abcd8826-c056-4817-bd0f-7af19a46d814@group-5F52F902B742-LeaderElection120] INFO  impl.LeaderElection (LeaderElection.java:askForVotes(178)) - abcd8826-c056-4817-bd0f-7af19a46d814@group-5F52F902B742-LeaderElection120: begin an election at term 59 for -1: [b8f04e38-0663-4b1f-8efd-f76585c6e86c:192.168.157.251:35700, abcd8826-c056-4817-bd0f-7af19a46d814:192.168.157.251:46496, 73297ffa-40cb-4e3e-b33e-1bc2c1da60f5:192.168.157.251:32952], old=null
2019-10-17 18:50:51,158 [a5e79c22-a35f-4e50-b1fd-e91b6a93d74d@group-F775CA5912AC-LeaderElection119] INFO  impl.LeaderElection (LeaderElection.java:logAndReturn(56)) - a5e79c22-a35f-4e50-b1fd-e91b6a93d74d@group-F775CA5912AC-LeaderElection119: Election REJECTED; received 2 response(s) [a5e79c22-a35f-4e50-b1fd-e91b6a93d74d<-daae7813-f814-475d-9647-a302a5541e36#0:FAIL-t58, a5e79c22-a35f-4e50-b1fd-e91b6a93d74d<-1e4e1375-1b66-460f-8c99-4c341545a119#0:FAIL-t58] and 0 exception(s); a5e79c22-a35f-4e50-b1fd-e91b6a93d74d@group-F775CA5912AC:t58, leader=null, voted=a5e79c22-a35f-4e50-b1fd-e91b6a93d74d, raftlog=a5e79c22-a35f-4e50-b1fd-e91b6a93d74d@group-F775CA5912AC-SegmentedRaftLog:OPENED:c-1,f-1,i0, conf=-1: [a5e79c22-a35f-4e50-b1fd-e91b6a93d74d:192.168.157.251:45177, daae7813-f814-475d-9647-a302a5541e36:192.168.157.251:45025, 1e4e1375-1b66-460f-8c99-4c341545a119:192.168.157.251:42113], old=null
2019-10-17 18:50:51,158 [a5e79c22-a35f-4e50-b1fd-e91b6a93d74d@group-F775CA5912AC-LeaderElection119] INFO  impl.RaftServerImpl (RaftServerImpl.java:setRole(184)) - a5e79c22-a35f-4e50-b1fd-e91b6a93d74d@group-F775CA5912AC: changes role from CANDIDATE to FOLLOWER at term 58 for DISCOVERED_A_NEW_TERM
2019-10-17 18:50:51,158 [a5e79c22-a35f-4e50-b1fd-e91b6a93d74d@group-F775CA5912AC-LeaderElection119] INFO  impl.RoleInfo (RoleInfo.java:shutdownLeaderElection(134)) - a5e79c22-a35f-4e50-b1fd-e91b6a93d74d: shutdown LeaderElection
2019-10-17 18:50:51,158 [a5e79c22-a35f-4e50-b1fd-e91b6a93d74d@group-F775CA5912AC-LeaderElection119] INFO  impl.RoleInfo (RoleInfo.java:updateAndGet(143)) - a5e79c22-a35f-4e50-b1fd-e91b6a93d74d: start FollowerState
2019-10-17 18:50:51,159 [grpc-default-executor-0] INFO  impl.RaftServerImpl (RaftServerImpl.java:setRole(184)) - b8f04e38-0663-4b1f-8efd-f76585c6e86c@group-5F52F902B742: changes role from  FOLLOWER to FOLLOWER at term 59 for recognizeCandidate:abcd8826-c056-4817-bd0f-7af19a46d814
2019-10-17 18:50:51,159 [grpc-default-executor-0] INFO  impl.RoleInfo (RoleInfo.java:shutdownFollowerState(121)) - b8f04e38-0663-4b1f-8efd-f76585c6e86c: shutdown FollowerState
2019-10-17 18:50:51,159 [grpc-default-executor-0] INFO  impl.RoleInfo (RoleInfo.java:updateAndGet(143)) - b8f04e38-0663-4b1f-8efd-f76585c6e86c: start FollowerState
2019-10-17 18:50:51,159 [Thread-1140] INFO  impl.FollowerState (FollowerState.java:run(117)) - b8f04e38-0663-4b1f-8efd-f76585c6e86c@group-5F52F902B742-FollowerState was interrupted: java.lang.InterruptedException: sleep interrupted
2019-10-17 18:50:51,159 [grpc-default-executor-6] INFO  impl.RaftServerImpl (RaftServerImpl.java:setRole(184)) - 73297ffa-40cb-4e3e-b33e-1bc2c1da60f5@group-5F52F902B742: changes role from  FOLLOWER to FOLLOWER at term 59 for recognizeCandidate:abcd8826-c056-4817-bd0f-7af19a46d814
2019-10-17 18:50:51,159 [grpc-default-executor-6] INFO  impl.RoleInfo (RoleInfo.java:shutdownFollowerState(121)) - 73297ffa-40cb-4e3e-b33e-1bc2c1da60f5: shutdown FollowerState
2019-10-17 18:50:51,160 [Thread-1141] INFO  impl.FollowerState (FollowerState.java:run(117)) - 73297ffa-40cb-4e3e-b33e-1bc2c1da60f5@group-5F52F902B742-FollowerState was interrupted: java.lang.InterruptedException: sleep interrupted
2019-10-17 18:50:51,160 [grpc-default-executor-6] INFO  impl.RoleInfo (RoleInfo.java:updateAndGet(143)) - 73297ffa-40cb-4e3e-b33e-1bc2c1da60f5: start FollowerState
2019-10-17 18:50:51,173 [abcd8826-c056-4817-bd0f-7af19a46d814@group-5F52F902B742-LeaderElection120] INFO  impl.LeaderElection (LeaderElection.java:logAndReturn(56)) - abcd8826-c056-4817-bd0f-7af19a46d814@group-5F52F902B742-LeaderElection120: Election REJECTED; received 2 response(s) [abcd8826-c056-4817-bd0f-7af19a46d814<-b8f04e38-0663-4b1f-8efd-f76585c6e86c#0:FAIL-t59, abcd8826-c056-4817-bd0f-7af19a46d814<-73297ffa-40cb-4e3e-b33e-1bc2c1da60f5#0:FAIL-t59] and 0 exception(s); abcd8826-c056-4817-bd0f-7af19a46d814@group-5F52F902B742:t59, leader=null, voted=abcd8826-c056-4817-bd0f-7af19a46d814, raftlog=abcd8826-c056-4817-bd0f-7af19a46d814@group-5F52F902B742-SegmentedRaftLog:OPENED:c-1,f-1,i0, conf=-1: [b8f04e38-0663-4b1f-8efd-f76585c6e86c:192.168.157.251:35700, abcd8826-c056-4817-bd0f-7af19a46d814:192.168.157.251:46496, 73297ffa-40cb-4e3e-b33e-1bc2c1da60f5:192.168.157.251:32952], old=null
2019-10-17 18:50:51,173 [abcd8826-c056-4817-bd0f-7af19a46d814@group-5F52F902B742-LeaderElection120] INFO  impl.RaftServerImpl (RaftServerImpl.java:setRole(184)) - abcd8826-c056-4817-bd0f-7af19a46d814@group-5F52F902B742: changes role from CANDIDATE to FOLLOWER at term 59 for DISCOVERED_A_NEW_TERM
2019-10-17 18:50:51,173 [abcd8826-c056-4817-bd0f-7af19a46d814@group-5F52F902B742-LeaderElection120] INFO  impl.RoleInfo (RoleInfo.java:shutdownLeaderElection(134)) - abcd8826-c056-4817-bd0f-7af19a46d814: shutdown LeaderElection
2019-10-17 18:50:51,173 [abcd8826-c056-4817-bd0f-7af19a46d814@group-5F52F902B742-LeaderElection120] INFO  impl.RoleInfo (RoleInfo.java:updateAndGet(143)) - abcd8826-c056-4817-bd0f-7af19a46d814: start FollowerState
2019-10-17 18:50:51,238 [Thread-1151] INFO  impl.FollowerState (FollowerState.java:run(108)) - a5e79c22-a35f-4e50-b1fd-e91b6a93d74d@group-F775CA5912AC-FollowerState: change to CANDIDATE, lastRpcTime:79ms, electionTimeout:79ms
2019-10-17 18:50:51,238 [Thread-1151] INFO  impl.RoleInfo (RoleInfo.java:shutdownFollowerState(121)) - a5e79c22-a35f-4e50-b1fd-e91b6a93d74d: shutdown FollowerState
2019-10-17 18:50:51,238 [Thread-1151] INFO  impl.RaftServerImpl (RaftServerImpl.java:setRole(184)) - a5e79c22-a35f-4e50-b1fd-e91b6a93d74d@group-F775CA5912AC: changes role from  FOLLOWER to CANDIDATE at term 58 for changeToCandidate
2019-10-17 18:50:51,238 [Thread-1151] INFO  impl.RoleInfo (RoleInfo.java:updateAndGet(143)) - a5e79c22-a35f-4e50-b1fd-e91b6a93d74d: start LeaderElection
2019-10-17 18:50:51,299 [a5e79c22-a35f-4e50-b1fd-e91b6a93d74d@group-F775CA5912AC-LeaderElection121] INFO  impl.LeaderElection (LeaderElection.java:askForVotes(178)) - a5e79c22-a35f-4e50-b1fd-e91b6a93d74d@group-F775CA5912AC-LeaderElection121: begin an election at term 59 for -1: [a5e79c22-a35f-4e50-b1fd-e91b6a93d74d:192.168.157.251:45177, daae7813-f814-475d-9647-a302a5541e36:192.168.157.251:45025, 1e4e1375-1b66-460f-8c99-4c341545a119:192.168.157.251:42113], old=null
2019-10-17 18:50:51,301 [grpc-default-executor-0] INFO  impl.RaftServerImpl (RaftServerImpl.java:setRole(184)) - daae7813-f814-475d-9647-a302a5541e36@group-F775CA5912AC: changes role from  FOLLOWER to FOLLOWER at term 59 for recognizeCandidate:a5e79c22-a35f-4e50-b1fd-e91b6a93d74d
2019-10-17 18:50:51,302 [grpc-default-executor-6] INFO  impl.RaftServerImpl (RaftServerImpl.java:setRole(184)) - 1e4e1375-1b66-460f-8c99-4c341545a119@group-F775CA5912AC: changes role from  FOLLOWER to FOLLOWER at term 59 for recognizeCandidate:a5e79c22-a35f-4e50-b1fd-e91b6a93d74d
2019-10-17 18:50:51,302 [grpc-default-executor-0] INFO  impl.RoleInfo (RoleInfo.java:shutdownFollowerState(121)) - daae7813-f814-475d-9647-a302a5541e36: shutdown FollowerState
2019-10-17 18:50:51,302 [grpc-default-executor-6] INFO  impl.RoleInfo (RoleInfo.java:shutdownFollowerState(121)) - 1e4e1375-1b66-460f-8c99-4c341545a119: shutdown FollowerState
2019-10-17 18:50:51,302 [Thread-1148] INFO  impl.FollowerState (FollowerState.java:run(117)) - daae7813-f814-475d-9647-a302a5541e36@group-F775CA5912AC-FollowerState was interrupted: java.lang.InterruptedException: sleep interrupted
2019-10-17 18:50:51,302 [Thread-1147] INFO  impl.FollowerState (FollowerState.java:run(117)) - 1e4e1375-1b66-460f-8c99-4c341545a119@group-F775CA5912AC-FollowerState was interrupted: java.lang.InterruptedException: sleep interrupted
2019-10-17 18:50:51,302 [grpc-default-executor-0] INFO  impl.RoleInfo (RoleInfo.java:updateAndGet(143)) - daae7813-f814-475d-9647-a302a5541e36: start FollowerState
2019-10-17 18:50:51,302 [grpc-default-executor-6] INFO  impl.RoleInfo (RoleInfo.java:updateAndGet(143)) - 1e4e1375-1b66-460f-8c99-4c341545a119: start FollowerState
2019-10-17 18:50:51,332 [a5e79c22-a35f-4e50-b1fd-e91b6a93d74d@group-F775CA5912AC-LeaderElection121] INFO  impl.LeaderElection (LeaderElection.java:logAndReturn(56)) - a5e79c22-a35f-4e50-b1fd-e91b6a93d74d@group-F775CA5912AC-LeaderElection121: Election TIMEOUT; received 0 response(s) [] and 0 exception(s); a5e79c22-a35f-4e50-b1fd-e91b6a93d74d@group-F775CA5912AC:t59, leader=null, voted=a5e79c22-a35f-4e50-b1fd-e91b6a93d74d, raftlog=a5e79c22-a35f-4e50-b1fd-e91b6a93d74d@group-F775CA5912AC-SegmentedRaftLog:OPENED:c-1,f-1,i0, conf=-1: [a5e79c22-a35f-4e50-b1fd-e91b6a93d74d:192.168.157.251:45177, daae7813-f814-475d-9647-a302a5541e36:192.168.157.251:45025, 1e4e1375-1b66-460f-8c99-4c341545a119:192.168.157.251:42113], old=null
2019-10-17 18:50:51,343 [a5e79c22-a35f-4e50-b1fd-e91b6a93d74d@group-F775CA5912AC-LeaderElection121] INFO  impl.LeaderElection (LeaderElection.java:askForVotes(178)) - a5e79c22-a35f-4e50-b1fd-e91b6a93d74d@group-F775CA5912AC-LeaderElection121: begin an election at term 60 for -1: [a5e79c22-a35f-4e50-b1fd-e91b6a93d74d:192.168.157.251:45177, daae7813-f814-475d-9647-a302a5541e36:192.168.157.251:45025, 1e4e1375-1b66-460f-8c99-4c341545a119:192.168.157.251:42113], old=null
2019-10-17 18:50:51,345 [grpc-default-executor-6] INFO  impl.RaftServerImpl (RaftServerImpl.java:setRole(184)) - 1e4e1375-1b66-460f-8c99-4c341545a119@group-F775CA5912AC: changes role from  FOLLOWER to FOLLOWER at term 60 for recognizeCandidate:a5e79c22-a35f-4e50-b1fd-e91b6a93d74d
2019-10-17 18:50:51,345 [grpc-default-executor-0] INFO  impl.RaftServerImpl (RaftServerImpl.java:setRole(184)) - daae7813-f814-475d-9647-a302a5541e36@group-F775CA5912AC: changes role from  FOLLOWER to FOLLOWER at term 60 for recognizeCandidate:a5e79c22-a35f-4e50-b1fd-e91b6a93d74d
2019-10-17 18:50:51,345 [grpc-default-executor-6] INFO  impl.RoleInfo (RoleInfo.java:shutdownFollowerState(121)) - 1e4e1375-1b66-460f-8c99-4c341545a119: shutdown FollowerState
2019-10-17 18:50:51,345 [grpc-default-executor-0] INFO  impl.RoleInfo (RoleInfo.java:shutdownFollowerState(121)) - daae7813-f814-475d-9647-a302a5541e36: shutdown FollowerState
2019-10-17 18:50:51,346 [grpc-default-executor-6] INFO  impl.RoleInfo (RoleInfo.java:updateAndGet(143)) - 1e4e1375-1b66-460f-8c99-4c341545a119: start FollowerState
2019-10-17 18:50:51,346 [Thread-1158] INFO  impl.FollowerState (FollowerState.java:run(117)) - daae7813-f814-475d-9647-a302a5541e36@group-F775CA5912AC-FollowerState was interrupted: java.lang.InterruptedException: sleep interrupted
2019-10-17 18:50:51,346 [grpc-default-executor-0] INFO  impl.RoleInfo (RoleInfo.java:updateAndGet(143)) - daae7813-f814-475d-9647-a302a5541e36: start FollowerState
2019-10-17 18:50:51,346 [Thread-1159] INFO  impl.FollowerState (FollowerState.java:run(117)) - 1e4e1375-1b66-460f-8c99-4c341545a119@group-F775CA5912AC-FollowerState was interrupted: java.lang.InterruptedException: sleep interrupted
2019-10-17 18:50:51,369 [Thread-1154] INFO  impl.FollowerState (FollowerState.java:run(108)) - abcd8826-c056-4817-bd0f-7af19a46d814@group-5F52F902B742-FollowerState: change to CANDIDATE, lastRpcTime:195ms, electionTimeout:195ms
2019-10-17 18:50:51,369 [Thread-1154] INFO  impl.RoleInfo (RoleInfo.java:shutdownFollowerState(121)) - abcd8826-c056-4817-bd0f-7af19a46d814: shutdown FollowerState
2019-10-17 18:50:51,369 [Thread-1154] INFO  impl.RaftServerImpl (RaftServerImpl.java:setRole(184)) - abcd8826-c056-4817-bd0f-7af19a46d814@group-5F52F902B742: changes role from  FOLLOWER to CANDIDATE at term 59 for changeToCandidate
2019-10-17 18:50:51,369 [Thread-1154] INFO  impl.RoleInfo (RoleInfo.java:updateAndGet(143)) - abcd8826-c056-4817-bd0f-7af19a46d814: start LeaderElection
2019-10-17 18:50:51,382 [a5e79c22-a35f-4e50-b1fd-e91b6a93d74d@group-F775CA5912AC-LeaderElection121] INFO  impl.LeaderElection (LeaderElection.java:logAndReturn(56)) - a5e79c22-a35f-4e50-b1fd-e91b6a93d74d@group-F775CA5912AC-LeaderElection121: Election TIMEOUT; received 0 response(s) [] and 0 exception(s); a5e79c22-a35f-4e50-b1fd-e91b6a93d74d@group-F775CA5912AC:t60, leader=null, voted=a5e79c22-a35f-4e50-b1fd-e91b6a93d74d, raftlog=a5e79c22-a35f-4e50-b1fd-e91b6a93d74d@group-F775CA5912AC-SegmentedRaftLog:OPENED:c-1,f-1,i0, conf=-1: [a5e79c22-a35f-4e50-b1fd-e91b6a93d74d:192.168.157.251:45177, daae7813-f814-475d-9647-a302a5541e36:192.168.157.251:45025, 1e4e1375-1b66-460f-8c99-4c341545a119:192.168.157.251:42113], old=null
2019-10-17 18:50:51,389 [a5e79c22-a35f-4e50-b1fd-e91b6a93d74d@group-F775CA5912AC-LeaderElection121] INFO  impl.LeaderElection (LeaderElection.java:askForVotes(178)) - a5e79c22-a35f-4e50-b1fd-e91b6a93d74d@group-F775CA5912AC-LeaderElection121: begin an election at term 61 for -1: [a5e79c22-a35f-4e50-b1fd-e91b6a93d74d:192.168.157.251:45177, daae7813-f814-475d-9647-a302a5541e36:192.168.157.251:45025, 1e4e1375-1b66-460f-8c99-4c341545a119:192.168.157.251:42113], old=null
2019-10-17 18:50:51,389 [abcd8826-c056-4817-bd0f-7af19a46d814@group-5F52F902B742-LeaderElection122] INFO  impl.LeaderElection (LeaderElection.java:askForVotes(178)) - abcd8826-c056-4817-bd0f-7af19a46d814@group-5F52F902B742-LeaderElection122: begin an election at term 60 for -1: [b8f04e38-0663-4b1f-8efd-f76585c6e86c:192.168.157.251:35700, abcd8826-c056-4817-bd0f-7af19a46d814:192.168.157.251:46496, 73297ffa-40cb-4e3e-b33e-1bc2c1da60f5:192.168.157.251:32952], old=null
2019-10-17 18:50:51,391 [grpc-default-executor-6] INFO  impl.RaftServerImpl (RaftServerImpl.java:setRole(184)) - daae7813-f814-475d-9647-a302a5541e36@group-F775CA5912AC: changes role from  FOLLOWER to FOLLOWER at term 61 for recognizeCandidate:a5e79c22-a35f-4e50-b1fd-e91b6a93d74d
2019-10-17 18:50:51,391 [grpc-default-executor-0] INFO  impl.RaftServerImpl (RaftServerImpl.java:setRole(184)) - 1e4e1375-1b66-460f-8c99-4c341545a119@group-F775CA5912AC: changes role from  FOLLOWER to FOLLOWER at term 61 for recognizeCandidate:a5e79c22-a35f-4e50-b1fd-e91b6a93d74d
2019-10-17 18:50:51,391 [grpc-default-executor-0] INFO  impl.RoleInfo (RoleInfo.java:shutdownFollowerState(121)) - 1e4e1375-1b66-460f-8c99-4c341545a119: shutdown FollowerState
2019-10-17 18:50:51,391 [grpc-default-executor-6] INFO  impl.RoleInfo (RoleInfo.java:shutdownFollowerState(121)) - daae7813-f814-475d-9647-a302a5541e36: shutdown FollowerState
2019-10-17 18:50:51,392 [grpc-default-executor-4] INFO  impl.RaftServerImpl (RaftServerImpl.java:setRole(184)) - b8f04e38-0663-4b1f-8efd-f76585c6e86c@group-5F52F902B742: changes role from  FOLLOWER to FOLLOWER at term 60 for recognizeCandidate:abcd8826-c056-4817-bd0f-7af19a46d814
2019-10-17 18:50:51,392 [Thread-1164] INFO  impl.FollowerState (FollowerState.java:run(117)) - 1e4e1375-1b66-460f-8c99-4c341545a119@group-F775CA5912AC-FollowerState was interrupted: java.lang.InterruptedException: sleep interrupted
2019-10-17 18:50:51,392 [grpc-default-executor-2] INFO  impl.RaftServerImpl (RaftServerImpl.java:setRole(184)) - 73297ffa-40cb-4e3e-b33e-1bc2c1da60f5@group-5F52F902B742: changes role from  FOLLOWER to FOLLOWER at term 60 for recognizeCandidate:abcd8826-c056-4817-bd0f-7af19a46d814
2019-10-17 18:50:51,392 [grpc-default-executor-0] INFO  impl.RoleInfo (RoleInfo.java:updateAndGet(143)) - 1e4e1375-1b66-460f-8c99-4c341545a119: start FollowerState
2019-10-17 18:50:51,392 [grpc-default-executor-2] INFO  impl.RoleInfo (RoleInfo.java:shutdownFollowerState(121)) - 73297ffa-40cb-4e3e-b33e-1bc2c1da60f5: shutdown FollowerState
2019-10-17 18:50:51,392 [Thread-1165] INFO  impl.FollowerState (FollowerState.java:run(117)) - daae7813-f814-475d-9647-a302a5541e36@group-F775CA5912AC-FollowerState was interrupted: java.lang.InterruptedException: sleep interrupted
2019-10-17 18:50:51,392 [grpc-default-executor-4] INFO  impl.RoleInfo (RoleInfo.java:shutdownFollowerState(121)) - b8f04e38-0663-4b1f-8efd-f76585c6e86c: shutdown FollowerState
2019-10-17 18:50:51,392 [grpc-default-executor-6] INFO  impl.RoleInfo (RoleInfo.java:updateAndGet(143)) - daae7813-f814-475d-9647-a302a5541e36: start FollowerState
2019-10-17 18:50:51,393 [grpc-default-executor-4] INFO  impl.RoleInfo (RoleInfo.java:updateAndGet(143)) - b8f04e38-0663-4b1f-8efd-f76585c6e86c: start FollowerState
2019-10-17 18:50:51,392 [grpc-default-executor-2] INFO  impl.RoleInfo (RoleInfo.java:updateAndGet(143)) - 73297ffa-40cb-4e3e-b33e-1bc2c1da60f5: start FollowerState
2019-10-17 18:50:51,392 [Thread-1153] INFO  impl.FollowerState (FollowerState.java:run(117)) - 73297ffa-40cb-4e3e-b33e-1bc2c1da60f5@group-5F52F902B742-FollowerState was interrupted: java.lang.InterruptedException: sleep interrupted
2019-10-17 18:50:51,393 [Thread-1152] INFO  impl.FollowerState (FollowerState.java:run(117)) - b8f04e38-0663-4b1f-8efd-f76585c6e86c@group-5F52F902B742-FollowerState was interrupted: java.lang.InterruptedException: sleep interrupted
2019-10-17 18:50:51,407 [abcd8826-c056-4817-bd0f-7af19a46d814@group-5F52F902B742-LeaderElection122] INFO  impl.LeaderElection (LeaderElection.java:logAndReturn(56)) - abcd8826-c056-4817-bd0f-7af19a46d814@group-5F52F902B742-LeaderElection122: Election REJECTED; received 2 response(s) [abcd8826-c056-4817-bd0f-7af19a46d814<-b8f04e38-0663-4b1f-8efd-f76585c6e86c#0:FAIL-t60, abcd8826-c056-4817-bd0f-7af19a46d814<-73297ffa-40cb-4e3e-b33e-1bc2c1da60f5#0:FAIL-t60] and 0 exception(s); abcd8826-c056-4817-bd0f-7af19a46d814@group-5F52F902B742:t60, leader=null, voted=abcd8826-c056-4817-bd0f-7af19a46d814, raftlog=abcd8826-c056-4817-bd0f-7af19a46d814@group-5F52F902B742-SegmentedRaftLog:OPENED:c-1,f-1,i0, conf=-1: [b8f04e38-0663-4b1f-8efd-f76585c6e86c:192.168.157.251:35700, abcd8826-c056-4817-bd0f-7af19a46d814:192.168.157.251:46496, 73297ffa-40cb-4e3e-b33e-1bc2c1da60f5:192.168.157.251:32952], old=null
2019-10-17 18:50:51,408 [a5e79c22-a35f-4e50-b1fd-e91b6a93d74d@group-F775CA5912AC-LeaderElection121] INFO  impl.LeaderElection (LeaderElection.java:logAndReturn(56)) - a5e79c22-a35f-4e50-b1fd-e91b6a93d74d@group-F775CA5912AC-LeaderElection121: Election REJECTED; received 2 response(s) [a5e79c22-a35f-4e50-b1fd-e91b6a93d74d<-daae7813-f814-475d-9647-a302a5541e36#0:FAIL-t61, a5e79c22-a35f-4e50-b1fd-e91b6a93d74d<-1e4e1375-1b66-460f-8c99-4c341545a119#0:FAIL-t61] and 0 exception(s); a5e79c22-a35f-4e50-b1fd-e91b6a93d74d@group-F775CA5912AC:t61, leader=null, voted=a5e79c22-a35f-4e50-b1fd-e91b6a93d74d, raftlog=a5e79c22-a35f-4e50-b1fd-e91b6a93d74d@group-F775CA5912AC-SegmentedRaftLog:OPENED:c-1,f-1,i0, conf=-1: [a5e79c22-a35f-4e50-b1fd-e91b6a93d74d:192.168.157.251:45177, daae7813-f814-475d-9647-a302a5541e36:192.168.157.251:45025, 1e4e1375-1b66-460f-8c99-4c341545a119:192.168.157.251:42113], old=null
2019-10-17 18:50:51,408 [abcd8826-c056-4817-bd0f-7af19a46d814@group-5F52F902B742-LeaderElection122] INFO  impl.RaftServerImpl (RaftServerImpl.java:setRole(184)) - abcd8826-c056-4817-bd0f-7af19a46d814@group-5F52F902B742: changes role from CANDIDATE to FOLLOWER at term 60 for DISCOVERED_A_NEW_TERM
2019-10-17 18:50:51,408 [a5e79c22-a35f-4e50-b1fd-e91b6a93d74d@group-F775CA5912AC-LeaderElection121] INFO  impl.RaftServerImpl (RaftServerImpl.java:setRole(184)) - a5e79c22-a35f-4e50-b1fd-e91b6a93d74d@group-F775CA5912AC: changes role from CANDIDATE to FOLLOWER at term 61 for DISCOVERED_A_NEW_TERM
2019-10-17 18:50:51,408 [abcd8826-c056-4817-bd0f-7af19a46d814@group-5F52F902B742-LeaderElection122] INFO  impl.RoleInfo (RoleInfo.java:shutdownLeaderElection(134)) - abcd8826-c056-4817-bd0f-7af19a46d814: shutdown LeaderElection
2019-10-17 18:50:51,408 [a5e79c22-a35f-4e50-b1fd-e91b6a93d74d@group-F775CA5912AC-LeaderElection121] INFO  impl.RoleInfo (RoleInfo.java:shutdownLeaderElection(134)) - a5e79c22-a35f-4e50-b1fd-e91b6a93d74d: shutdown LeaderElection
2019-10-17 18:50:51,408 [abcd8826-c056-4817-bd0f-7af19a46d814@group-5F52F902B742-LeaderElection122] INFO  impl.RoleInfo (RoleInfo.java:updateAndGet(143)) - abcd8826-c056-4817-bd0f-7af19a46d814: start FollowerState
2019-10-17 18:50:51,408 [a5e79c22-a35f-4e50-b1fd-e91b6a93d74d@group-F775CA5912AC-LeaderElection121] INFO  impl.RoleInfo (RoleInfo.java:updateAndGet(143)) - a5e79c22-a35f-4e50-b1fd-e91b6a93d74d: start FollowerState
2019-10-17 18:50:51,436 [Thread-1176] INFO  impl.FollowerState (FollowerState.java:run(108)) - a5e79c22-a35f-4e50-b1fd-e91b6a93d74d@group-F775CA5912AC-FollowerState: change to CANDIDATE, lastRpcTime:27ms, electionTimeout:27ms
2019-10-17 18:50:51,436 [Thread-1176] INFO  impl.RoleInfo (RoleInfo.java:shutdownFollowerState(121)) - a5e79c22-a35f-4e50-b1fd-e91b6a93d74d: shutdown FollowerState
2019-10-17 18:50:51,436 [Thread-1176] INFO  impl.RaftServerImpl (RaftServerImpl.java:setRole(184)) - a5e79c22-a35f-4e50-b1fd-e91b6a93d74d@group-F775CA5912AC: changes role from  FOLLOWER to CANDIDATE at term 61 for changeToCandidate
2019-10-17 18:50:51,436 [Thread-1176] INFO  impl.RoleInfo (RoleInfo.java:updateAndGet(143)) - a5e79c22-a35f-4e50-b1fd-e91b6a93d74d: start LeaderElection
2019-10-17 18:50:51,462 [a5e79c22-a35f-4e50-b1fd-e91b6a93d74d@group-F775CA5912AC-LeaderElection123] INFO  impl.LeaderElection (LeaderElection.java:askForVotes(178)) - a5e79c22-a35f-4e50-b1fd-e91b6a93d74d@group-F775CA5912AC-LeaderElection123: begin an election at term 62 for -1: [a5e79c22-a35f-4e50-b1fd-e91b6a93d74d:192.168.157.251:45177, daae7813-f814-475d-9647-a302a5541e36:192.168.157.251:45025, 1e4e1375-1b66-460f-8c99-4c341545a119:192.168.157.251:42113], old=null
2019-10-17 18:50:51,466 [grpc-default-executor-2] INFO  impl.RaftServerImpl (RaftServerImpl.java:setRole(184)) - daae7813-f814-475d-9647-a302a5541e36@group-F775CA5912AC: changes role from  FOLLOWER to FOLLOWER at term 62 for recognizeCandidate:a5e79c22-a35f-4e50-b1fd-e91b6a93d74d
2019-10-17 18:50:51,466 [grpc-default-executor-4] INFO  impl.RaftServerImpl (RaftServerImpl.java:setRole(184)) - 1e4e1375-1b66-460f-8c99-4c341545a119@group-F775CA5912AC: changes role from  FOLLOWER to FOLLOWER at term 62 for recognizeCandidate:a5e79c22-a35f-4e50-b1fd-e91b6a93d74d
2019-10-17 18:50:51,466 [grpc-default-executor-2] INFO  impl.RoleInfo (RoleInfo.java:shutdownFollowerState(121)) - daae7813-f814-475d-9647-a302a5541e36: shutdown FollowerState
2019-10-17 18:50:51,466 [grpc-default-executor-4] INFO  impl.RoleInfo (RoleInfo.java:shutdownFollowerState(121)) - 1e4e1375-1b66-460f-8c99-4c341545a119: shutdown FollowerState
2019-10-17 18:50:51,466 [Thread-1172] INFO  impl.FollowerState (FollowerState.java:run(117)) - daae7813-f814-475d-9647-a302a5541e36@group-F775CA5912AC-FollowerState was interrupted: java.lang.InterruptedException: sleep interrupted
2019-10-17 18:50:51,466 [grpc-default-executor-2] INFO  impl.RoleInfo (RoleInfo.java:updateAndGet(143)) - daae7813-f814-475d-9647-a302a5541e36: start FollowerState
2019-10-17 18:50:51,466 [Thread-1171] INFO  impl.FollowerState (FollowerState.java:run(117)) - 1e4e1375-1b66-460f-8c99-4c341545a119@group-F775CA5912AC-FollowerState was interrupted: java.lang.InterruptedException: sleep interrupted
2019-10-17 18:50:51,466 [grpc-default-executor-4] INFO  impl.RoleInfo (RoleInfo.java:updateAndGet(143)) - 1e4e1375-1b66-460f-8c99-4c341545a119: start FollowerState
2019-10-17 18:50:51,481 [a5e79c22-a35f-4e50-b1fd-e91b6a93d74d@group-F775CA5912AC-LeaderElection123] INFO  impl.LeaderElection (LeaderElection.java:logAndReturn(56)) - a5e79c22-a35f-4e50-b1fd-e91b6a93d74d@group-F775CA5912AC-LeaderElection123: Election REJECTED; received 2 response(s) [a5e79c22-a35f-4e50-b1fd-e91b6a93d74d<-daae7813-f814-475d-9647-a302a5541e36#0:FAIL-t62, a5e79c22-a35f-4e50-b1fd-e91b6a93d74d<-1e4e1375-1b66-460f-8c99-4c341545a119#0:FAIL-t62] and 0 exception(s); a5e79c22-a35f-4e50-b1fd-e91b6a93d74d@group-F775CA5912AC:t62, leader=null, voted=a5e79c22-a35f-4e50-b1fd-e91b6a93d74d, raftlog=a5e79c22-a35f-4e50-b1fd-e91b6a93d74d@group-F775CA5912AC-SegmentedRaftLog:OPENED:c-1,f-1,i0, conf=-1: [a5e79c22-a35f-4e50-b1fd-e91b6a93d74d:192.168.157.251:45177, daae7813-f814-475d-9647-a302a5541e36:192.168.157.251:45025, 1e4e1375-1b66-460f-8c99-4c341545a119:192.168.157.251:42113], old=null
2019-10-17 18:50:51,482 [a5e79c22-a35f-4e50-b1fd-e91b6a93d74d@group-F775CA5912AC-LeaderElection123] INFO  impl.RaftServerImpl (RaftServerImpl.java:setRole(184)) - a5e79c22-a35f-4e50-b1fd-e91b6a93d74d@group-F775CA5912AC: changes role from CANDIDATE to FOLLOWER at term 62 for DISCOVERED_A_NEW_TERM
2019-10-17 18:50:51,482 [a5e79c22-a35f-4e50-b1fd-e91b6a93d74d@group-F775CA5912AC-LeaderElection123] INFO  impl.RoleInfo (RoleInfo.java:shutdownLeaderElection(134)) - a5e79c22-a35f-4e50-b1fd-e91b6a93d74d: shutdown LeaderElection
2019-10-17 18:50:51,482 [a5e79c22-a35f-4e50-b1fd-e91b6a93d74d@group-F775CA5912AC-LeaderElection123] INFO  impl.RoleInfo (RoleInfo.java:updateAndGet(143)) - a5e79c22-a35f-4e50-b1fd-e91b6a93d74d: start FollowerState
2019-10-17 18:50:51,509 [Thread-1175] INFO  impl.FollowerState (FollowerState.java:run(108)) - abcd8826-c056-4817-bd0f-7af19a46d814@group-5F52F902B742-FollowerState: change to CANDIDATE, lastRpcTime:100ms, electionTimeout:100ms
2019-10-17 18:50:51,509 [Thread-1175] INFO  impl.RoleInfo (RoleInfo.java:shutdownFollowerState(121)) - abcd8826-c056-4817-bd0f-7af19a46d814: shutdown FollowerState
2019-10-17 18:50:51,509 [Thread-1175] INFO  impl.RaftServerImpl (RaftServerImpl.java:setRole(184)) - abcd8826-c056-4817-bd0f-7af19a46d814@group-5F52F902B742: changes role from  FOLLOWER to CANDIDATE at term 60 for changeToCandidate
2019-10-17 18:50:51,509 [Thread-1175] INFO  impl.RoleInfo (RoleInfo.java:updateAndGet(143)) - abcd8826-c056-4817-bd0f-7af19a46d814: start LeaderElection
2019-10-17 18:50:51,523 [abcd8826-c056-4817-bd0f-7af19a46d814@group-5F52F902B742-LeaderElection124] INFO  impl.LeaderElection (LeaderElection.java:askForVotes(178)) - abcd8826-c056-4817-bd0f-7af19a46d814@group-5F52F902B742-LeaderElection124: begin an election at term 61 for -1: [b8f04e38-0663-4b1f-8efd-f76585c6e86c:192.168.157.251:35700, abcd8826-c056-4817-bd0f-7af19a46d814:192.168.157.251:46496, 73297ffa-40cb-4e3e-b33e-1bc2c1da60f5:192.168.157.251:32952], old=null
2019-10-17 18:50:51,525 [grpc-default-executor-2] INFO  impl.RaftServerImpl (RaftServerImpl.java:setRole(184)) - b8f04e38-0663-4b1f-8efd-f76585c6e86c@group-5F52F902B742: changes role from  FOLLOWER to FOLLOWER at term 61 for recognizeCandidate:abcd8826-c056-4817-bd0f-7af19a46d814
2019-10-17 18:50:51,525 [grpc-default-executor-4] INFO  impl.RaftServerImpl (RaftServerImpl.java:setRole(184)) - 73297ffa-40cb-4e3e-b33e-1bc2c1da60f5@group-5F52F902B742: changes role from  FOLLOWER to FOLLOWER at term 61 for recognizeCandidate:abcd8826-c056-4817-bd0f-7af19a46d814
2019-10-17 18:50:51,525 [grpc-default-executor-4] INFO  impl.RoleInfo (RoleInfo.java:shutdownFollowerState(121)) - 73297ffa-40cb-4e3e-b33e-1bc2c1da60f5: shutdown FollowerState
2019-10-17 18:50:51,525 [grpc-default-executor-2] INFO  impl.RoleInfo (RoleInfo.java:shutdownFollowerState(121)) - b8f04e38-0663-4b1f-8efd-f76585c6e86c: shutdown FollowerState
2019-10-17 18:50:51,525 [Thread-1173] INFO  impl.FollowerState (FollowerState.java:run(117)) - 73297ffa-40cb-4e3e-b33e-1bc2c1da60f5@group-5F52F902B742-FollowerState was interrupted: java.lang.InterruptedException: sleep interrupted
2019-10-17 18:50:51,525 [grpc-default-executor-4] INFO  impl.RoleInfo (RoleInfo.java:updateAndGet(143)) - 73297ffa-40cb-4e3e-b33e-1bc2c1da60f5: start FollowerState
2019-10-17 18:50:51,526 [Thread-1174] INFO  impl.FollowerState (FollowerState.java:run(117)) - b8f04e38-0663-4b1f-8efd-f76585c6e86c@group-5F52F902B742-FollowerState was interrupted: java.lang.InterruptedException: sleep interrupted
2019-10-17 18:50:51,526 [grpc-default-executor-2] INFO  impl.RoleInfo (RoleInfo.java:updateAndGet(143)) - b8f04e38-0663-4b1f-8efd-f76585c6e86c: start FollowerState
2019-10-17 18:50:51,542 [abcd8826-c056-4817-bd0f-7af19a46d814@group-5F52F902B742-LeaderElection124] INFO  impl.LeaderElection (LeaderElection.java:logAndReturn(56)) - abcd8826-c056-4817-bd0f-7af19a46d814@group-5F52F902B742-LeaderElection124: Election TIMEOUT; received 0 response(s) [] and 0 exception(s); abcd8826-c056-4817-bd0f-7af19a46d814@group-5F52F902B742:t61, leader=null, voted=abcd8826-c056-4817-bd0f-7af19a46d814, raftlog=abcd8826-c056-4817-bd0f-7af19a46d814@group-5F52F902B742-SegmentedRaftLog:OPENED:c-1,f-1,i0, conf=-1: [b8f04e38-0663-4b1f-8efd-f76585c6e86c:192.168.157.251:35700, abcd8826-c056-4817-bd0f-7af19a46d814:192.168.157.251:46496, 73297ffa-40cb-4e3e-b33e-1bc2c1da60f5:192.168.157.251:32952], old=null
2019-10-17 18:50:51,549 [abcd8826-c056-4817-bd0f-7af19a46d814@group-5F52F902B742-LeaderElection124] INFO  impl.LeaderElection (LeaderElection.java:askForVotes(178)) - abcd8826-c056-4817-bd0f-7af19a46d814@group-5F52F902B742-LeaderElection124: begin an election at term 62 for -1: [b8f04e38-0663-4b1f-8efd-f76585c6e86c:192.168.157.251:35700, abcd8826-c056-4817-bd0f-7af19a46d814:192.168.157.251:46496, 73297ffa-40cb-4e3e-b33e-1bc2c1da60f5:192.168.157.251:32952], old=null
2019-10-17 18:50:51,551 [grpc-default-executor-2] INFO  impl.RaftServerImpl (RaftServerImpl.java:setRole(184)) - b8f04e38-0663-4b1f-8efd-f76585c6e86c@group-5F52F902B742: changes role from  FOLLOWER to FOLLOWER at term 62 for recognizeCandidate:abcd8826-c056-4817-bd0f-7af19a46d814
2019-10-17 18:50:51,551 [grpc-default-executor-4] INFO  impl.RaftServerImpl (RaftServerImpl.java:setRole(184)) - 73297ffa-40cb-4e3e-b33e-1bc2c1da60f5@group-5F52F902B742: changes role from  FOLLOWER to FOLLOWER at term 62 for recognizeCandidate:abcd8826-c056-4817-bd0f-7af19a46d814
2019-10-17 18:50:51,551 [grpc-default-executor-2] INFO  impl.RoleInfo (RoleInfo.java:shutdownFollowerState(121)) - b8f04e38-0663-4b1f-8efd-f76585c6e86c: shutdown FollowerState
2019-10-17 18:50:51,551 [grpc-default-executor-4] INFO  impl.RoleInfo (RoleInfo.java:shutdownFollowerState(121)) - 73297ffa-40cb-4e3e-b33e-1bc2c1da60f5: shutdown FollowerState
2019-10-17 18:50:51,551 [Thread-1187] INFO  impl.FollowerState (FollowerState.java:run(117)) - b8f04e38-0663-4b1f-8efd-f76585c6e86c@group-5F52F902B742-FollowerState was interrupted: java.lang.InterruptedException: sleep interrupted
2019-10-17 18:50:51,551 [grpc-default-executor-2] INFO  impl.RoleInfo (RoleInfo.java:updateAndGet(143)) - b8f04e38-0663-4b1f-8efd-f76585c6e86c: start FollowerState
2019-10-17 18:50:51,551 [Thread-1186] INFO  impl.FollowerState (FollowerState.java:run(117)) - 73297ffa-40cb-4e3e-b33e-1bc2c1da60f5@group-5F52F902B742-FollowerState was interrupted: java.lang.InterruptedException: sleep interrupted
2019-10-17 18:50:51,551 [grpc-default-executor-4] INFO  impl.RoleInfo (RoleInfo.java:updateAndGet(143)) - 73297ffa-40cb-4e3e-b33e-1bc2c1da60f5: start FollowerState
2019-10-17 18:50:51,565 [abcd8826-c056-4817-bd0f-7af19a46d814@group-5F52F902B742-LeaderElection124] INFO  impl.LeaderElection (LeaderElection.java:logAndReturn(56)) - abcd8826-c056-4817-bd0f-7af19a46d814@group-5F52F902B742-LeaderElection124: Election REJECTED; received 2 response(s) [abcd8826-c056-4817-bd0f-7af19a46d814<-b8f04e38-0663-4b1f-8efd-f76585c6e86c#0:FAIL-t62, abcd8826-c056-4817-bd0f-7af19a46d814<-73297ffa-40cb-4e3e-b33e-1bc2c1da60f5#0:FAIL-t62] and 0 exception(s); abcd8826-c056-4817-bd0f-7af19a46d814@group-5F52F902B742:t62, leader=null, voted=abcd8826-c056-4817-bd0f-7af19a46d814, raftlog=abcd8826-c056-4817-bd0f-7af19a46d814@group-5F52F902B742-SegmentedRaftLog:OPENED:c-1,f-1,i0, conf=-1: [b8f04e38-0663-4b1f-8efd-f76585c6e86c:192.168.157.251:35700, abcd8826-c056-4817-bd0f-7af19a46d814:192.168.157.251:46496, 73297ffa-40cb-4e3e-b33e-1bc2c1da60f5:192.168.157.251:32952], old=null
2019-10-17 18:50:51,565 [abcd8826-c056-4817-bd0f-7af19a46d814@group-5F52F902B742-LeaderElection124] INFO  impl.RaftServerImpl (RaftServerImpl.java:setRole(184)) - abcd8826-c056-4817-bd0f-7af19a46d814@group-5F52F902B742: changes role from CANDIDATE to FOLLOWER at term 62 for DISCOVERED_A_NEW_TERM
2019-10-17 18:50:51,566 [abcd8826-c056-4817-bd0f-7af19a46d814@group-5F52F902B742-LeaderElection124] INFO  impl.RoleInfo (RoleInfo.java:shutdownLeaderElection(134)) - abcd8826-c056-4817-bd0f-7af19a46d814: shutdown LeaderElection
2019-10-17 18:50:51,566 [abcd8826-c056-4817-bd0f-7af19a46d814@group-5F52F902B742-LeaderElection124] INFO  impl.RoleInfo (RoleInfo.java:updateAndGet(143)) - abcd8826-c056-4817-bd0f-7af19a46d814: start FollowerState
2019-10-17 18:50:51,606 [Thread-1182] INFO  impl.FollowerState (FollowerState.java:run(108)) - a5e79c22-a35f-4e50-b1fd-e91b6a93d74d@group-F775CA5912AC-FollowerState: change to CANDIDATE, lastRpcTime:123ms, electionTimeout:123ms
2019-10-17 18:50:51,606 [Thread-1182] INFO  impl.RoleInfo (RoleInfo.java:shutdownFollowerState(121)) - a5e79c22-a35f-4e50-b1fd-e91b6a93d74d: shutdown FollowerState
2019-10-17 18:50:51,606 [Thread-1182] INFO  impl.RaftServerImpl (RaftServerImpl.java:setRole(184)) - a5e79c22-a35f-4e50-b1fd-e91b6a93d74d@group-F775CA5912AC: changes role from  FOLLOWER to CANDIDATE at term 62 for changeToCandidate
2019-10-17 18:50:51,606 [Thread-1182] INFO  impl.RoleInfo (RoleInfo.java:updateAndGet(143)) - a5e79c22-a35f-4e50-b1fd-e91b6a93d74d: start LeaderElection
2019-10-17 18:50:51,622 [a5e79c22-a35f-4e50-b1fd-e91b6a93d74d@group-F775CA5912AC-LeaderElection125] INFO  impl.LeaderElection (LeaderElection.java:askForVotes(178)) - a5e79c22-a35f-4e50-b1fd-e91b6a93d74d@group-F775CA5912AC-LeaderElection125: begin an election at term 63 for -1: [a5e79c22-a35f-4e50-b1fd-e91b6a93d74d:192.168.157.251:45177, daae7813-f814-475d-9647-a302a5541e36:192.168.157.251:45025, 1e4e1375-1b66-460f-8c99-4c341545a119:192.168.157.251:42113], old=null
2019-10-17 18:50:51,625 [grpc-default-executor-4] INFO  impl.RaftServerImpl (RaftServerImpl.java:setRole(184)) - daae7813-f814-475d-9647-a302a5541e36@group-F775CA5912AC: changes role from  FOLLOWER to FOLLOWER at term 63 for recognizeCandidate:a5e79c22-a35f-4e50-b1fd-e91b6a93d74d
2019-10-17 18:50:51,625 [grpc-default-executor-4] INFO  impl.RoleInfo (RoleInfo.java:shutdownFollowerState(121)) - daae7813-f814-475d-9647-a302a5541e36: shutdown FollowerState
2019-10-17 18:50:51,625 [grpc-default-executor-2] INFO  impl.RaftServerImpl (RaftServerImpl.java:setRole(184)) - 1e4e1375-1b66-460f-8c99-4c341545a119@group-F775CA5912AC: changes role from  FOLLOWER to FOLLOWER at term 63 for recognizeCandidate:a5e79c22-a35f-4e50-b1fd-e91b6a93d74d
2019-10-17 18:50:51,625 [Thread-1180] INFO  impl.FollowerState (FollowerState.java:run(117)) - daae7813-f814-475d-9647-a302a5541e36@group-F775CA5912AC-FollowerState was interrupted: java.lang.InterruptedException: sleep interrupted
2019-10-17 18:50:51,625 [grpc-default-executor-4] INFO  impl.RoleInfo (RoleInfo.java:updateAndGet(143)) - daae7813-f814-475d-9647-a302a5541e36: start FollowerState
2019-10-17 18:50:51,625 [grpc-default-executor-2] INFO  impl.RoleInfo (RoleInfo.java:shutdownFollowerState(121)) - 1e4e1375-1b66-460f-8c99-4c341545a119: shutdown FollowerState
2019-10-17 18:50:51,626 [grpc-default-executor-2] INFO  impl.RoleInfo (RoleInfo.java:updateAndGet(143)) - 1e4e1375-1b66-460f-8c99-4c341545a119: start FollowerState
2019-10-17 18:50:51,626 [Thread-1181] INFO  impl.FollowerState (FollowerState.java:run(117)) - 1e4e1375-1b66-460f-8c99-4c341545a119@group-F775CA5912AC-FollowerState was interrupted: java.lang.InterruptedException: sleep interrupted
2019-10-17 18:50:51,641 [a5e79c22-a35f-4e50-b1fd-e91b6a93d74d@group-F775CA5912AC-LeaderElection125] INFO  impl.LeaderElection (LeaderElection.java:logAndReturn(56)) - a5e79c22-a35f-4e50-b1fd-e91b6a93d74d@group-F775CA5912AC-LeaderElection125: Election TIMEOUT; received 0 response(s) [] and 0 exception(s); a5e79c22-a35f-4e50-b1fd-e91b6a93d74d@group-F775CA5912AC:t63, leader=null, voted=a5e79c22-a35f-4e50-b1fd-e91b6a93d74d, raftlog=a5e79c22-a35f-4e50-b1fd-e91b6a93d74d@group-F775CA5912AC-SegmentedRaftLog:OPENED:c-1,f-1,i0, conf=-1: [a5e79c22-a35f-4e50-b1fd-e91b6a93d74d:192.168.157.251:45177, daae7813-f814-475d-9647-a302a5541e36:192.168.157.251:45025, 1e4e1375-1b66-460f-8c99-4c341545a119:192.168.157.251:42113], old=null
2019-10-17 18:50:51,645 [Thread-1192] INFO  impl.FollowerState (FollowerState.java:run(108)) - abcd8826-c056-4817-bd0f-7af19a46d814@group-5F52F902B742-FollowerState: change to CANDIDATE, lastRpcTime:79ms, electionTimeout:79ms
2019-10-17 18:50:51,645 [Thread-1192] INFO  impl.RoleInfo (RoleInfo.java:shutdownFollowerState(121)) - abcd8826-c056-4817-bd0f-7af19a46d814: shutdown FollowerState
2019-10-17 18:50:51,645 [Thread-1192] INFO  impl.RaftServerImpl (RaftServerImpl.java:setRole(184)) - abcd8826-c056-4817-bd0f-7af19a46d814@group-5F52F902B742: changes role from  FOLLOWER to CANDIDATE at term 62 for changeToCandidate
2019-10-17 18:50:51,645 [Thread-1192] INFO  impl.RoleInfo (RoleInfo.java:updateAndGet(143)) - abcd8826-c056-4817-bd0f-7af19a46d814: start LeaderElection
2019-10-17 18:50:51,656 [a5e79c22-a35f-4e50-b1fd-e91b6a93d74d@group-F775CA5912AC-LeaderElection125] INFO  impl.LeaderElection (LeaderElection.java:askForVotes(178)) - a5e79c22-a35f-4e50-b1fd-e91b6a93d74d@group-F775CA5912AC-LeaderElection125: begin an election at term 64 for -1: [a5e79c22-a35f-4e50-b1fd-e91b6a93d74d:192.168.157.251:45177, daae7813-f814-475d-9647-a302a5541e36:192.168.157.251:45025, 1e4e1375-1b66-460f-8c99-4c341545a119:192.168.157.251:42113], old=null
2019-10-17 18:50:51,656 [abcd8826-c056-4817-bd0f-7af19a46d814@group-5F52F902B742-LeaderElection126] INFO  impl.LeaderElection (LeaderElection.java:askForVotes(178)) - abcd8826-c056-4817-bd0f-7af19a46d814@group-5F52F902B742-LeaderElection126: begin an election at term 63 for -1: [b8f04e38-0663-4b1f-8efd-f76585c6e86c:192.168.157.251:35700, abcd8826-c056-4817-bd0f-7af19a46d814:192.168.157.251:46496, 73297ffa-40cb-4e3e-b33e-1bc2c1da60f5:192.168.157.251:32952], old=null
2019-10-17 18:50:51,663 [grpc-default-executor-0] INFO  impl.RaftServerImpl (RaftServerImpl.java:setRole(184)) - daae7813-f814-475d-9647-a302a5541e36@group-F775CA5912AC: changes role from  FOLLOWER to FOLLOWER at term 64 for recognizeCandidate:a5e79c22-a35f-4e50-b1fd-e91b6a93d74d
2019-10-17 18:50:51,664 [grpc-default-executor-0] INFO  impl.RoleInfo (RoleInfo.java:shutdownFollowerState(121)) - daae7813-f814-475d-9647-a302a5541e36: shutdown FollowerState
2019-10-17 18:50:51,664 [Thread-1196] INFO  impl.FollowerState (FollowerState.java:run(117)) - daae7813-f814-475d-9647-a302a5541e36@group-F775CA5912AC-FollowerState was interrupted: java.lang.InterruptedException: sleep interrupted
2019-10-17 18:50:51,665 [grpc-default-executor-2] INFO  impl.RaftServerImpl (RaftServerImpl.java:setRole(184)) - 73297ffa-40cb-4e3e-b33e-1bc2c1da60f5@group-5F52F902B742: changes role from  FOLLOWER to FOLLOWER at term 63 for recognizeCandidate:abcd8826-c056-4817-bd0f-7af19a46d814
2019-10-17 18:50:51,666 [grpc-default-executor-0] INFO  impl.RoleInfo (RoleInfo.java:updateAndGet(143)) - daae7813-f814-475d-9647-a302a5541e36: start FollowerState
2019-10-17 18:50:51,666 [grpc-default-executor-6] INFO  impl.RaftServerImpl (RaftServerImpl.java:setRole(184)) - 1e4e1375-1b66-460f-8c99-4c341545a119@group-F775CA5912AC: changes role from  FOLLOWER to FOLLOWER at term 64 for recognizeCandidate:a5e79c22-a35f-4e50-b1fd-e91b6a93d74d
2019-10-17 18:50:51,666 [grpc-default-executor-2] INFO  impl.RoleInfo (RoleInfo.java:shutdownFollowerState(121)) - 73297ffa-40cb-4e3e-b33e-1bc2c1da60f5: shutdown FollowerState
2019-10-17 18:50:51,666 [grpc-default-executor-6] INFO  impl.RoleInfo (RoleInfo.java:shutdownFollowerState(121)) - 1e4e1375-1b66-460f-8c99-4c341545a119: shutdown FollowerState
2019-10-17 18:50:51,666 [Thread-1191] INFO  impl.FollowerState (FollowerState.java:run(117)) - 73297ffa-40cb-4e3e-b33e-1bc2c1da60f5@group-5F52F902B742-FollowerState was interrupted: java.lang.InterruptedException: sleep interrupted
2019-10-17 18:50:51,666 [grpc-default-executor-4] INFO  impl.RaftServerImpl (RaftServerImpl.java:setRole(184)) - b8f04e38-0663-4b1f-8efd-f76585c6e86c@group-5F52F902B742: changes role from  FOLLOWER to FOLLOWER at term 63 for recognizeCandidate:abcd8826-c056-4817-bd0f-7af19a46d814
2019-10-17 18:50:51,666 [grpc-default-executor-2] INFO  impl.RoleInfo (RoleInfo.java:updateAndGet(143)) - 73297ffa-40cb-4e3e-b33e-1bc2c1da60f5: start FollowerState
2019-10-17 18:50:51,666 [grpc-default-executor-4] INFO  impl.RoleInfo (RoleInfo.java:shutdownFollowerState(121)) - b8f04e38-0663-4b1f-8efd-f76585c6e86c: shutdown FollowerState
2019-10-17 18:50:51,666 [Thread-1197] INFO  impl.FollowerState (FollowerState.java:run(117)) - 1e4e1375-1b66-460f-8c99-4c341545a119@group-F775CA5912AC-FollowerState was interrupted: java.lang.InterruptedException: sleep interrupted
2019-10-17 18:50:51,666 [grpc-default-executor-6] INFO  impl.RoleInfo (RoleInfo.java:updateAndGet(143)) - 1e4e1375-1b66-460f-8c99-4c341545a119: start FollowerState
2019-10-17 18:50:51,667 [Thread-1190] INFO  impl.FollowerState (FollowerState.java:run(117)) - b8f04e38-0663-4b1f-8efd-f76585c6e86c@group-5F52F902B742-FollowerState was interrupted: java.lang.InterruptedException: sleep interrupted
2019-10-17 18:50:51,667 [grpc-default-executor-4] INFO  impl.RoleInfo (RoleInfo.java:updateAndGet(143)) - b8f04e38-0663-4b1f-8efd-f76585c6e86c: start FollowerState
2019-10-17 18:50:51,681 [a5e79c22-a35f-4e50-b1fd-e91b6a93d74d@group-F775CA5912AC-LeaderElection125] INFO  impl.LeaderElection (LeaderElection.java:logAndReturn(56)) - a5e79c22-a35f-4e50-b1fd-e91b6a93d74d@group-F775CA5912AC-LeaderElection125: Election REJECTED; received 2 response(s) [a5e79c22-a35f-4e50-b1fd-e91b6a93d74d<-daae7813-f814-475d-9647-a302a5541e36#0:FAIL-t64, a5e79c22-a35f-4e50-b1fd-e91b6a93d74d<-1e4e1375-1b66-460f-8c99-4c341545a119#0:FAIL-t64] and 0 exception(s); a5e79c22-a35f-4e50-b1fd-e91b6a93d74d@group-F775CA5912AC:t64, leader=null, voted=a5e79c22-a35f-4e50-b1fd-e91b6a93d74d, raftlog=a5e79c22-a35f-4e50-b1fd-e91b6a93d74d@group-F775CA5912AC-SegmentedRaftLog:OPENED:c-1,f-1,i0, conf=-1: [a5e79c22-a35f-4e50-b1fd-e91b6a93d74d:192.168.157.251:45177, daae7813-f814-475d-9647-a302a5541e36:192.168.157.251:45025, 1e4e1375-1b66-460f-8c99-4c341545a119:192.168.157.251:42113], old=null
2019-10-17 18:50:51,681 [a5e79c22-a35f-4e50-b1fd-e91b6a93d74d@group-F775CA5912AC-LeaderElection125] INFO  impl.RaftServerImpl (RaftServerImpl.java:setRole(184)) - a5e79c22-a35f-4e50-b1fd-e91b6a93d74d@group-F775CA5912AC: changes role from CANDIDATE to FOLLOWER at term 64 for DISCOVERED_A_NEW_TERM
2019-10-17 18:50:51,681 [abcd8826-c056-4817-bd0f-7af19a46d814@group-5F52F902B742-LeaderElection126] INFO  impl.LeaderElection (LeaderElection.java:logAndReturn(56)) - abcd8826-c056-4817-bd0f-7af19a46d814@group-5F52F902B742-LeaderElection126: Election REJECTED; received 2 response(s) [abcd8826-c056-4817-bd0f-7af19a46d814<-b8f04e38-0663-4b1f-8efd-f76585c6e86c#0:FAIL-t63, abcd8826-c056-4817-bd0f-7af19a46d814<-73297ffa-40cb-4e3e-b33e-1bc2c1da60f5#0:FAIL-t63] and 0 exception(s); abcd8826-c056-4817-bd0f-7af19a46d814@group-5F52F902B742:t63, leader=null, voted=abcd8826-c056-4817-bd0f-7af19a46d814, raftlog=abcd8826-c056-4817-bd0f-7af19a46d814@group-5F52F902B742-SegmentedRaftLog:OPENED:c-1,f-1,i0, conf=-1: [b8f04e38-0663-4b1f-8efd-f76585c6e86c:192.168.157.251:35700, abcd8826-c056-4817-bd0f-7af19a46d814:192.168.157.251:46496, 73297ffa-40cb-4e3e-b33e-1bc2c1da60f5:192.168.157.251:32952], old=null
2019-10-17 18:50:51,681 [a5e79c22-a35f-4e50-b1fd-e91b6a93d74d@group-F775CA5912AC-LeaderElection125] INFO  impl.RoleInfo (RoleInfo.java:shutdownLeaderElection(134)) - a5e79c22-a35f-4e50-b1fd-e91b6a93d74d: shutdown LeaderElection
2019-10-17 18:50:51,681 [abcd8826-c056-4817-bd0f-7af19a46d814@group-5F52F902B742-LeaderElection126] INFO  impl.RaftServerImpl (RaftServerImpl.java:setRole(184)) - abcd8826-c056-4817-bd0f-7af19a46d814@group-5F52F902B742: changes role from CANDIDATE to FOLLOWER at term 63 for DISCOVERED_A_NEW_TERM
2019-10-17 18:50:51,681 [a5e79c22-a35f-4e50-b1fd-e91b6a93d74d@group-F775CA5912AC-LeaderElection125] INFO  impl.RoleInfo (RoleInfo.java:updateAndGet(143)) - a5e79c22-a35f-4e50-b1fd-e91b6a93d74d: start FollowerState
2019-10-17 18:50:51,681 [abcd8826-c056-4817-bd0f-7af19a46d814@group-5F52F902B742-LeaderElection126] INFO  impl.RoleInfo (RoleInfo.java:shutdownLeaderElection(134)) - abcd8826-c056-4817-bd0f-7af19a46d814: shutdown LeaderElection
2019-10-17 18:50:51,681 [abcd8826-c056-4817-bd0f-7af19a46d814@group-5F52F902B742-LeaderElection126] INFO  impl.RoleInfo (RoleInfo.java:updateAndGet(143)) - abcd8826-c056-4817-bd0f-7af19a46d814: start FollowerState
2019-10-17 18:50:51,827 [Thread-1209] INFO  impl.FollowerState (FollowerState.java:run(108)) - a5e79c22-a35f-4e50-b1fd-e91b6a93d74d@group-F775CA5912AC-FollowerState: change to CANDIDATE, lastRpcTime:146ms, electionTimeout:146ms
2019-10-17 18:50:51,828 [Thread-1209] INFO  impl.RoleInfo (RoleInfo.java:shutdownFollowerState(121)) - a5e79c22-a35f-4e50-b1fd-e91b6a93d74d: shutdown FollowerState
2019-10-17 18:50:51,828 [Thread-1209] INFO  impl.RaftServerImpl (RaftServerImpl.java:setRole(184)) - a5e79c22-a35f-4e50-b1fd-e91b6a93d74d@group-F775CA5912AC: changes role from  FOLLOWER to CANDIDATE at term 64 for changeToCandidate
2019-10-17 18:50:51,828 [Thread-1209] INFO  impl.RoleInfo (RoleInfo.java:updateAndGet(143)) - a5e79c22-a35f-4e50-b1fd-e91b6a93d74d: start LeaderElection
2019-10-17 18:50:51,842 [a5e79c22-a35f-4e50-b1fd-e91b6a93d74d@group-F775CA5912AC-LeaderElection127] INFO  impl.LeaderElection (LeaderElection.java:askForVotes(178)) - a5e79c22-a35f-4e50-b1fd-e91b6a93d74d@group-F775CA5912AC-LeaderElection127: begin an election at term 65 for -1: [a5e79c22-a35f-4e50-b1fd-e91b6a93d74d:192.168.157.251:45177, daae7813-f814-475d-9647-a302a5541e36:192.168.157.251:45025, 1e4e1375-1b66-460f-8c99-4c341545a119:192.168.157.251:42113], old=null
2019-10-17 18:50:51,843 [grpc-default-executor-0] INFO  impl.RaftServerImpl (RaftServerImpl.java:setRole(184)) - daae7813-f814-475d-9647-a302a5541e36@group-F775CA5912AC: changes role from  FOLLOWER to FOLLOWER at term 65 for recognizeCandidate:a5e79c22-a35f-4e50-b1fd-e91b6a93d74d
2019-10-17 18:50:51,844 [grpc-default-executor-0] INFO  impl.RoleInfo (RoleInfo.java:shutdownFollowerState(121)) - daae7813-f814-475d-9647-a302a5541e36: shutdown FollowerState
2019-10-17 18:50:51,844 [grpc-default-executor-6] INFO  impl.RaftServerImpl (RaftServerImpl.java:setRole(184)) - 1e4e1375-1b66-460f-8c99-4c341545a119@group-F775CA5912AC: changes role from  FOLLOWER to FOLLOWER at term 65 for recognizeCandidate:a5e79c22-a35f-4e50-b1fd-e91b6a93d74d
2019-10-17 18:50:51,844 [Thread-1205] INFO  impl.FollowerState (FollowerState.java:run(117)) - daae7813-f814-475d-9647-a302a5541e36@group-F775CA5912AC-FollowerState was interrupted: java.lang.InterruptedException: sleep interrupted
2019-10-17 18:50:51,844 [grpc-default-executor-0] INFO  impl.RoleInfo (RoleInfo.java:updateAndGet(143)) - daae7813-f814-475d-9647-a302a5541e36: start FollowerState
2019-10-17 18:50:51,844 [grpc-default-executor-6] INFO  impl.RoleInfo (RoleInfo.java:shutdownFollowerState(121)) - 1e4e1375-1b66-460f-8c99-4c341545a119: shutdown FollowerState
2019-10-17 18:50:51,844 [grpc-default-executor-6] INFO  impl.RoleInfo (RoleInfo.java:updateAndGet(143)) - 1e4e1375-1b66-460f-8c99-4c341545a119: start FollowerState
2019-10-17 18:50:51,845 [Thread-1207] INFO  impl.FollowerState (FollowerState.java:run(117)) - 1e4e1375-1b66-460f-8c99-4c341545a119@group-F775CA5912AC-FollowerState was interrupted: java.lang.InterruptedException: sleep interrupted
2019-10-17 18:50:51,859 [a5e79c22-a35f-4e50-b1fd-e91b6a93d74d@group-F775CA5912AC-LeaderElection127] INFO  impl.LeaderElection (LeaderElection.java:logAndReturn(56)) - a5e79c22-a35f-4e50-b1fd-e91b6a93d74d@group-F775CA5912AC-LeaderElection127: Election REJECTED; received 2 response(s) [a5e79c22-a35f-4e50-b1fd-e91b6a93d74d<-daae7813-f814-475d-9647-a302a5541e36#0:FAIL-t65, a5e79c22-a35f-4e50-b1fd-e91b6a93d74d<-1e4e1375-1b66-460f-8c99-4c341545a119#0:FAIL-t65] and 0 exception(s); a5e79c22-a35f-4e50-b1fd-e91b6a93d74d@group-F775CA5912AC:t65, leader=null, voted=a5e79c22-a35f-4e50-b1fd-e91b6a93d74d, raftlog=a5e79c22-a35f-4e50-b1fd-e91b6a93d74d@group-F775CA5912AC-SegmentedRaftLog:OPENED:c-1,f-1,i0, conf=-1: [a5e79c22-a35f-4e50-b1fd-e91b6a93d74d:192.168.157.251:45177, daae7813-f814-475d-9647-a302a5541e36:192.168.157.251:45025, 1e4e1375-1b66-460f-8c99-4c341545a119:192.168.157.251:42113], old=null
2019-10-17 18:50:51,860 [a5e79c22-a35f-4e50-b1fd-e91b6a93d74d@group-F775CA5912AC-LeaderElection127] INFO  impl.RaftServerImpl (RaftServerImpl.java:setRole(184)) - a5e79c22-a35f-4e50-b1fd-e91b6a93d74d@group-F775CA5912AC: changes role from CANDIDATE to FOLLOWER at term 65 for DISCOVERED_A_NEW_TERM
2019-10-17 18:50:51,860 [a5e79c22-a35f-4e50-b1fd-e91b6a93d74d@group-F775CA5912AC-LeaderElection127] INFO  impl.RoleInfo (RoleInfo.java:shutdownLeaderElection(134)) - a5e79c22-a35f-4e50-b1fd-e91b6a93d74d: shutdown LeaderElection
2019-10-17 18:50:51,860 [a5e79c22-a35f-4e50-b1fd-e91b6a93d74d@group-F775CA5912AC-LeaderElection127] INFO  impl.RoleInfo (RoleInfo.java:updateAndGet(143)) - a5e79c22-a35f-4e50-b1fd-e91b6a93d74d: start FollowerState
2019-10-17 18:50:51,880 [Thread-1210] INFO  impl.FollowerState (FollowerState.java:run(108)) - abcd8826-c056-4817-bd0f-7af19a46d814@group-5F52F902B742-FollowerState: change to CANDIDATE, lastRpcTime:198ms, electionTimeout:198ms
2019-10-17 18:50:51,880 [Thread-1210] INFO  impl.RoleInfo (RoleInfo.java:shutdownFollowerState(121)) - abcd8826-c056-4817-bd0f-7af19a46d814: shutdown FollowerState
2019-10-17 18:50:51,880 [Thread-1210] INFO  impl.RaftServerImpl (RaftServerImpl.java:setRole(184)) - abcd8826-c056-4817-bd0f-7af19a46d814@group-5F52F902B742: changes role from  FOLLOWER to CANDIDATE at term 63 for changeToCandidate
2019-10-17 18:50:51,880 [Thread-1210] INFO  impl.RoleInfo (RoleInfo.java:updateAndGet(143)) - abcd8826-c056-4817-bd0f-7af19a46d814: start LeaderElection
2019-10-17 18:50:51,894 [abcd8826-c056-4817-bd0f-7af19a46d814@group-5F52F902B742-LeaderElection128] INFO  impl.LeaderElection (LeaderElection.java:askForVotes(178)) - abcd8826-c056-4817-bd0f-7af19a46d814@group-5F52F902B742-LeaderElection128: begin an election at term 64 for -1: [b8f04e38-0663-4b1f-8efd-f76585c6e86c:192.168.157.251:35700, abcd8826-c056-4817-bd0f-7af19a46d814:192.168.157.251:46496, 73297ffa-40cb-4e3e-b33e-1bc2c1da60f5:192.168.157.251:32952], old=null
2019-10-17 18:50:51,896 [grpc-default-executor-6] INFO  impl.RaftServerImpl (RaftServerImpl.java:setRole(184)) - b8f04e38-0663-4b1f-8efd-f76585c6e86c@group-5F52F902B742: changes role from  FOLLOWER to FOLLOWER at term 64 for recognizeCandidate:abcd8826-c056-4817-bd0f-7af19a46d814
2019-10-17 18:50:51,896 [grpc-default-executor-0] INFO  impl.RaftServerImpl (RaftServerImpl.java:setRole(184)) - 73297ffa-40cb-4e3e-b33e-1bc2c1da60f5@group-5F52F902B742: changes role from  FOLLOWER to FOLLOWER at term 64 for recognizeCandidate:abcd8826-c056-4817-bd0f-7af19a46d814
2019-10-17 18:50:51,896 [grpc-default-executor-6] INFO  impl.RoleInfo (RoleInfo.java:shutdownFollowerState(121)) - b8f04e38-0663-4b1f-8efd-f76585c6e86c: shutdown FollowerState
2019-10-17 18:50:51,897 [grpc-default-executor-0] INFO  impl.RoleInfo (RoleInfo.java:shutdownFollowerState(121)) - 73297ffa-40cb-4e3e-b33e-1bc2c1da60f5: shutdown FollowerState
2019-10-17 18:50:51,897 [grpc-default-executor-6] INFO  impl.RoleInfo (RoleInfo.java:updateAndGet(143)) - b8f04e38-0663-4b1f-8efd-f76585c6e86c: start FollowerState
2019-10-17 18:50:51,897 [Thread-1206] INFO  impl.FollowerState (FollowerState.java:run(117)) - 73297ffa-40cb-4e3e-b33e-1bc2c1da60f5@group-5F52F902B742-FollowerState was interrupted: java.lang.InterruptedException: sleep interrupted
2019-10-17 18:50:51,897 [grpc-default-executor-0] INFO  impl.RoleInfo (RoleInfo.java:updateAndGet(143)) - 73297ffa-40cb-4e3e-b33e-1bc2c1da60f5: start FollowerState
2019-10-17 18:50:51,897 [Thread-1208] INFO  impl.FollowerState (FollowerState.java:run(117)) - b8f04e38-0663-4b1f-8efd-f76585c6e86c@group-5F52F902B742-FollowerState was interrupted: java.lang.InterruptedException: sleep interrupted
2019-10-17 18:50:51,911 [abcd8826-c056-4817-bd0f-7af19a46d814@group-5F52F902B742-LeaderElection128] INFO  impl.LeaderElection (LeaderElection.java:logAndReturn(56)) - abcd8826-c056-4817-bd0f-7af19a46d814@group-5F52F902B742-LeaderElection128: Election REJECTED; received 2 response(s) [abcd8826-c056-4817-bd0f-7af19a46d814<-b8f04e38-0663-4b1f-8efd-f76585c6e86c#0:FAIL-t64, abcd8826-c056-4817-bd0f-7af19a46d814<-73297ffa-40cb-4e3e-b33e-1bc2c1da60f5#0:FAIL-t64] and 0 exception(s); abcd8826-c056-4817-bd0f-7af19a46d814@group-5F52F902B742:t64, leader=null, voted=abcd8826-c056-4817-bd0f-7af19a46d814, raftlog=abcd8826-c056-4817-bd0f-7af19a46d814@group-5F52F902B742-SegmentedRaftLog:OPENED:c-1,f-1,i0, conf=-1: [b8f04e38-0663-4b1f-8efd-f76585c6e86c:192.168.157.251:35700, abcd8826-c056-4817-bd0f-7af19a46d814:192.168.157.251:46496, 73297ffa-40cb-4e3e-b33e-1bc2c1da60f5:192.168.157.251:32952], old=null
2019-10-17 18:50:51,911 [abcd8826-c056-4817-bd0f-7af19a46d814@group-5F52F902B742-LeaderElection128] INFO  impl.RaftServerImpl (RaftServerImpl.java:setRole(184)) - abcd8826-c056-4817-bd0f-7af19a46d814@group-5F52F902B742: changes role from CANDIDATE to FOLLOWER at term 64 for DISCOVERED_A_NEW_TERM
2019-10-17 18:50:51,911 [abcd8826-c056-4817-bd0f-7af19a46d814@group-5F52F902B742-LeaderElection128] INFO  impl.RoleInfo (RoleInfo.java:shutdownLeaderElection(134)) - abcd8826-c056-4817-bd0f-7af19a46d814: shutdown LeaderElection
2019-10-17 18:50:51,911 [abcd8826-c056-4817-bd0f-7af19a46d814@group-5F52F902B742-LeaderElection128] INFO  impl.RoleInfo (RoleInfo.java:updateAndGet(143)) - abcd8826-c056-4817-bd0f-7af19a46d814: start FollowerState
2019-10-17 18:50:51,943 [Thread-1218] INFO  impl.FollowerState (FollowerState.java:run(108)) - a5e79c22-a35f-4e50-b1fd-e91b6a93d74d@group-F775CA5912AC-FollowerState: change to CANDIDATE, lastRpcTime:83ms, electionTimeout:83ms
2019-10-17 18:50:51,944 [Thread-1218] INFO  impl.RoleInfo (RoleInfo.java:shutdownFollowerState(121)) - a5e79c22-a35f-4e50-b1fd-e91b6a93d74d: shutdown FollowerState
2019-10-17 18:50:51,944 [Thread-1218] INFO  impl.RaftServerImpl (RaftServerImpl.java:setRole(184)) - a5e79c22-a35f-4e50-b1fd-e91b6a93d74d@group-F775CA5912AC: changes role from  FOLLOWER to CANDIDATE at term 65 for changeToCandidate
2019-10-17 18:50:51,944 [Thread-1218] INFO  impl.RoleInfo (RoleInfo.java:updateAndGet(143)) - a5e79c22-a35f-4e50-b1fd-e91b6a93d74d: start LeaderElection
2019-10-17 18:50:51,957 [a5e79c22-a35f-4e50-b1fd-e91b6a93d74d@group-F775CA5912AC-LeaderElection129] INFO  impl.LeaderElection (LeaderElection.java:askForVotes(178)) - a5e79c22-a35f-4e50-b1fd-e91b6a93d74d@group-F775CA5912AC-LeaderElection129: begin an election at term 66 for -1: [a5e79c22-a35f-4e50-b1fd-e91b6a93d74d:192.168.157.251:45177, daae7813-f814-475d-9647-a302a5541e36:192.168.157.251:45025, 1e4e1375-1b66-460f-8c99-4c341545a119:192.168.157.251:42113], old=null
2019-10-17 18:50:51,959 [grpc-default-executor-0] INFO  impl.RaftServerImpl (RaftServerImpl.java:setRole(184)) - daae7813-f814-475d-9647-a302a5541e36@group-F775CA5912AC: changes role from  FOLLOWER to FOLLOWER at term 66 for recognizeCandidate:a5e79c22-a35f-4e50-b1fd-e91b6a93d74d
2019-10-17 18:50:51,959 [grpc-default-executor-0] INFO  impl.RoleInfo (RoleInfo.java:shutdownFollowerState(121)) - daae7813-f814-475d-9647-a302a5541e36: shutdown FollowerState
2019-10-17 18:50:51,959 [grpc-default-executor-0] INFO  impl.RoleInfo (RoleInfo.java:updateAndGet(143)) - daae7813-f814-475d-9647-a302a5541e36: start FollowerState
2019-10-17 18:50:51,959 [grpc-default-executor-6] INFO  impl.RaftServerImpl (RaftServerImpl.java:setRole(184)) - 1e4e1375-1b66-460f-8c99-4c341545a119@group-F775CA5912AC: changes role from  FOLLOWER to FOLLOWER at term 66 for recognizeCandidate:a5e79c22-a35f-4e50-b1fd-e91b6a93d74d
2019-10-17 18:50:51,959 [Thread-1216] INFO  impl.FollowerState (FollowerState.java:run(117)) - daae7813-f814-475d-9647-a302a5541e36@group-F775CA5912AC-FollowerState was interrupted: java.lang.InterruptedException: sleep interrupted
2019-10-17 18:50:51,959 [grpc-default-executor-6] INFO  impl.RoleInfo (RoleInfo.java:shutdownFollowerState(121)) - 1e4e1375-1b66-460f-8c99-4c341545a119: shutdown FollowerState
2019-10-17 18:50:51,960 [grpc-default-executor-6] INFO  impl.RoleInfo (RoleInfo.java:updateAndGet(143)) - 1e4e1375-1b66-460f-8c99-4c341545a119: start FollowerState
2019-10-17 18:50:51,960 [Thread-1217] INFO  impl.FollowerState (FollowerState.java:run(117)) - 1e4e1375-1b66-460f-8c99-4c341545a119@group-F775CA5912AC-FollowerState was interrupted: java.lang.InterruptedException: sleep interrupted
2019-10-17 18:50:51,975 [a5e79c22-a35f-4e50-b1fd-e91b6a93d74d@group-F775CA5912AC-LeaderElection129] INFO  impl.LeaderElection (LeaderElection.java:logAndReturn(56)) - a5e79c22-a35f-4e50-b1fd-e91b6a93d74d@group-F775CA5912AC-LeaderElection129: Election REJECTED; received 2 response(s) [a5e79c22-a35f-4e50-b1fd-e91b6a93d74d<-daae7813-f814-475d-9647-a302a5541e36#0:FAIL-t66, a5e79c22-a35f-4e50-b1fd-e91b6a93d74d<-1e4e1375-1b66-460f-8c99-4c341545a119#0:FAIL-t66] and 0 exception(s); a5e79c22-a35f-4e50-b1fd-e91b6a93d74d@group-F775CA5912AC:t66, leader=null, voted=a5e79c22-a35f-4e50-b1fd-e91b6a93d74d, raftlog=a5e79c22-a35f-4e50-b1fd-e91b6a93d74d@group-F775CA5912AC-SegmentedRaftLog:OPENED:c-1,f-1,i0, conf=-1: [a5e79c22-a35f-4e50-b1fd-e91b6a93d74d:192.168.157.251:45177, daae7813-f814-475d-9647-a302a5541e36:192.168.157.251:45025, 1e4e1375-1b66-460f-8c99-4c341545a119:192.168.157.251:42113], old=null
2019-10-17 18:50:51,975 [a5e79c22-a35f-4e50-b1fd-e91b6a93d74d@group-F775CA5912AC-LeaderElection129] INFO  impl.RaftServerImpl (RaftServerImpl.java:setRole(184)) - a5e79c22-a35f-4e50-b1fd-e91b6a93d74d@group-F775CA5912AC: changes role from CANDIDATE to FOLLOWER at term 66 for DISCOVERED_A_NEW_TERM
2019-10-17 18:50:51,975 [a5e79c22-a35f-4e50-b1fd-e91b6a93d74d@group-F775CA5912AC-LeaderElection129] INFO  impl.RoleInfo (RoleInfo.java:shutdownLeaderElection(134)) - a5e79c22-a35f-4e50-b1fd-e91b6a93d74d: shutdown LeaderElection
2019-10-17 18:50:51,975 [a5e79c22-a35f-4e50-b1fd-e91b6a93d74d@group-F775CA5912AC-LeaderElection129] INFO  impl.RoleInfo (RoleInfo.java:updateAndGet(143)) - a5e79c22-a35f-4e50-b1fd-e91b6a93d74d: start FollowerState
2019-10-17 18:50:52,065 [Thread-1224] INFO  impl.FollowerState (FollowerState.java:run(108)) - abcd8826-c056-4817-bd0f-7af19a46d814@group-5F52F902B742-FollowerState: change to CANDIDATE, lastRpcTime:153ms, electionTimeout:153ms
2019-10-17 18:50:52,065 [Thread-1224] INFO  impl.RoleInfo (RoleInfo.java:shutdownFollowerState(121)) - abcd8826-c056-4817-bd0f-7af19a46d814: shutdown FollowerState
2019-10-17 18:50:52,065 [Thread-1224] INFO  impl.RaftServerImpl (RaftServerImpl.java:setRole(184)) - abcd8826-c056-4817-bd0f-7af19a46d814@group-5F52F902B742: changes role from  FOLLOWER to CANDIDATE at term 64 for changeToCandidate
2019-10-17 18:50:52,065 [Thread-1224] INFO  impl.RoleInfo (RoleInfo.java:updateAndGet(143)) - abcd8826-c056-4817-bd0f-7af19a46d814: start LeaderElection
2019-10-17 18:50:52,080 [abcd8826-c056-4817-bd0f-7af19a46d814@group-5F52F902B742-LeaderElection130] INFO  impl.LeaderElection (LeaderElection.java:askForVotes(178)) - abcd8826-c056-4817-bd0f-7af19a46d814@group-5F52F902B742-LeaderElection130: begin an election at term 65 for -1: [b8f04e38-0663-4b1f-8efd-f76585c6e86c:192.168.157.251:35700, abcd8826-c056-4817-bd0f-7af19a46d814:192.168.157.251:46496, 73297ffa-40cb-4e3e-b33e-1bc2c1da60f5:192.168.157.251:32952], old=null
2019-10-17 18:50:52,082 [grpc-default-executor-6] INFO  impl.RaftServerImpl (RaftServerImpl.java:setRole(184)) - b8f04e38-0663-4b1f-8efd-f76585c6e86c@group-5F52F902B742: changes role from  FOLLOWER to FOLLOWER at term 65 for recognizeCandidate:abcd8826-c056-4817-bd0f-7af19a46d814
2019-10-17 18:50:52,082 [grpc-default-executor-0] INFO  impl.RaftServerImpl (RaftServerImpl.java:setRole(184)) - 73297ffa-40cb-4e3e-b33e-1bc2c1da60f5@group-5F52F902B742: changes role from  FOLLOWER to FOLLOWER at term 65 for recognizeCandidate:abcd8826-c056-4817-bd0f-7af19a46d814
2019-10-17 18:50:52,082 [grpc-default-executor-6] INFO  impl.RoleInfo (RoleInfo.java:shutdownFollowerState(121)) - b8f04e38-0663-4b1f-8efd-f76585c6e86c: shutdown FollowerState
2019-10-17 18:50:52,082 [grpc-default-executor-0] INFO  impl.RoleInfo (RoleInfo.java:shutdownFollowerState(121)) - 73297ffa-40cb-4e3e-b33e-1bc2c1da60f5: shutdown FollowerState
2019-10-17 18:50:52,083 [grpc-default-executor-6] INFO  impl.RoleInfo (RoleInfo.java:updateAndGet(143)) - b8f04e38-0663-4b1f-8efd-f76585c6e86c: start FollowerState
2019-10-17 18:50:52,083 [grpc-default-executor-0] INFO  impl.RoleInfo (RoleInfo.java:updateAndGet(143)) - 73297ffa-40cb-4e3e-b33e-1bc2c1da60f5: start FollowerState
2019-10-17 18:50:52,083 [Thread-1222] INFO  impl.FollowerState (FollowerState.java:run(117)) - b8f04e38-0663-4b1f-8efd-f76585c6e86c@group-5F52F902B742-FollowerState was interrupted: java.lang.InterruptedException: sleep interrupted
2019-10-17 18:50:52,083 [Thread-1223] INFO  impl.FollowerState (FollowerState.java:run(117)) - 73297ffa-40cb-4e3e-b33e-1bc2c1da60f5@group-5F52F902B742-FollowerState was interrupted: java.lang.InterruptedException: sleep interrupted
2019-10-17 18:50:52,114 [abcd8826-c056-4817-bd0f-7af19a46d814@group-5F52F902B742-LeaderElection130] INFO  impl.LeaderElection (LeaderElection.java:logAndReturn(56)) - abcd8826-c056-4817-bd0f-7af19a46d814@group-5F52F902B742-LeaderElection130: Election REJECTED; received 2 response(s) [abcd8826-c056-4817-bd0f-7af19a46d814<-b8f04e38-0663-4b1f-8efd-f76585c6e86c#0:FAIL-t65, abcd8826-c056-4817-bd0f-7af19a46d814<-73297ffa-40cb-4e3e-b33e-1bc2c1da60f5#0:FAIL-t65] and 0 exception(s); abcd8826-c056-4817-bd0f-7af19a46d814@group-5F52F902B742:t65, leader=null, voted=abcd8826-c056-4817-bd0f-7af19a46d814, raftlog=abcd8826-c056-4817-bd0f-7af19a46d814@group-5F52F902B742-SegmentedRaftLog:OPENED:c-1,f-1,i0, conf=-1: [b8f04e38-0663-4b1f-8efd-f76585c6e86c:192.168.157.251:35700, abcd8826-c056-4817-bd0f-7af19a46d814:192.168.157.251:46496, 73297ffa-40cb-4e3e-b33e-1bc2c1da60f5:192.168.157.251:32952], old=null
2019-10-17 18:50:52,114 [abcd8826-c056-4817-bd0f-7af19a46d814@group-5F52F902B742-LeaderElection130] INFO  impl.RaftServerImpl (RaftServerImpl.java:setRole(184)) - abcd8826-c056-4817-bd0f-7af19a46d814@group-5F52F902B742: changes role from CANDIDATE to FOLLOWER at term 65 for DISCOVERED_A_NEW_TERM
2019-10-17 18:50:52,114 [abcd8826-c056-4817-bd0f-7af19a46d814@group-5F52F902B742-LeaderElection130] INFO  impl.RoleInfo (RoleInfo.java:shutdownLeaderElection(134)) - abcd8826-c056-4817-bd0f-7af19a46d814: shutdown LeaderElection
2019-10-17 18:50:52,115 [abcd8826-c056-4817-bd0f-7af19a46d814@group-5F52F902B742-LeaderElection130] INFO  impl.RoleInfo (RoleInfo.java:updateAndGet(143)) - abcd8826-c056-4817-bd0f-7af19a46d814: start FollowerState
2019-10-17 18:50:52,156 [Thread-1230] INFO  impl.FollowerState (FollowerState.java:run(108)) - a5e79c22-a35f-4e50-b1fd-e91b6a93d74d@group-F775CA5912AC-FollowerState: change to CANDIDATE, lastRpcTime:181ms, electionTimeout:181ms
2019-10-17 18:50:52,157 [Thread-1230] INFO  impl.RoleInfo (RoleInfo.java:shutdownFollowerState(121)) - a5e79c22-a35f-4e50-b1fd-e91b6a93d74d: shutdown FollowerState
2019-10-17 18:50:52,157 [Thread-1230] INFO  impl.RaftServerImpl (RaftServerImpl.java:setRole(184)) - a5e79c22-a35f-4e50-b1fd-e91b6a93d74d@group-F775CA5912AC: changes role from  FOLLOWER to CANDIDATE at term 66 for changeToCandidate
2019-10-17 18:50:52,157 [Thread-1230] INFO  impl.RoleInfo (RoleInfo.java:updateAndGet(143)) - a5e79c22-a35f-4e50-b1fd-e91b6a93d74d: start LeaderElection
2019-10-17 18:50:52,172 [a5e79c22-a35f-4e50-b1fd-e91b6a93d74d@group-F775CA5912AC-LeaderElection131] INFO  impl.LeaderElection (LeaderElection.java:askForVotes(178)) - a5e79c22-a35f-4e50-b1fd-e91b6a93d74d@group-F775CA5912AC-LeaderElection131: begin an election at term 67 for -1: [a5e79c22-a35f-4e50-b1fd-e91b6a93d74d:192.168.157.251:45177, daae7813-f814-475d-9647-a302a5541e36:192.168.157.251:45025, 1e4e1375-1b66-460f-8c99-4c341545a119:192.168.157.251:42113], old=null
2019-10-17 18:50:52,174 [grpc-default-executor-6] INFO  impl.RaftServerImpl (RaftServerImpl.java:setRole(184)) - daae7813-f814-475d-9647-a302a5541e36@group-F775CA5912AC: changes role from  FOLLOWER to FOLLOWER at term 67 for recognizeCandidate:a5e79c22-a35f-4e50-b1fd-e91b6a93d74d
2019-10-17 18:50:52,174 [grpc-default-executor-0] INFO  impl.RaftServerImpl (RaftServerImpl.java:setRole(184)) - 1e4e1375-1b66-460f-8c99-4c341545a119@group-F775CA5912AC: changes role from  FOLLOWER to FOLLOWER at term 67 for recognizeCandidate:a5e79c22-a35f-4e50-b1fd-e91b6a93d74d
2019-10-17 18:50:52,174 [grpc-default-executor-6] INFO  impl.RoleInfo (RoleInfo.java:shutdownFollowerState(121)) - daae7813-f814-475d-9647-a302a5541e36: shutdown FollowerState
2019-10-17 18:50:52,175 [grpc-default-executor-0] INFO  impl.RoleInfo (RoleInfo.java:shutdownFollowerState(121)) - 1e4e1375-1b66-460f-8c99-4c341545a119: shutdown FollowerState
2019-10-17 18:50:52,175 [Thread-1228] INFO  impl.FollowerState (FollowerState.java:run(117)) - daae7813-f814-475d-9647-a302a5541e36@group-F775CA5912AC-FollowerState was interrupted: java.lang.InterruptedException: sleep interrupted
2019-10-17 18:50:52,175 [grpc-default-executor-6] INFO  impl.RoleInfo (RoleInfo.java:updateAndGet(143)) - daae7813-f814-475d-9647-a302a5541e36: start FollowerState
2019-10-17 18:50:52,175 [Thread-1229] INFO  impl.FollowerState (FollowerState.java:run(117)) - 1e4e1375-1b66-460f-8c99-4c341545a119@group-F775CA5912AC-FollowerState was interrupted: java.lang.InterruptedException: sleep interrupted
2019-10-17 18:50:52,175 [grpc-default-executor-0] INFO  impl.RoleInfo (RoleInfo.java:updateAndGet(143)) - 1e4e1375-1b66-460f-8c99-4c341545a119: start FollowerState
2019-10-17 18:50:52,189 [a5e79c22-a35f-4e50-b1fd-e91b6a93d74d@group-F775CA5912AC-LeaderElection131] INFO  impl.LeaderElection (LeaderElection.java:logAndReturn(56)) - a5e79c22-a35f-4e50-b1fd-e91b6a93d74d@group-F775CA5912AC-LeaderElection131: Election REJECTED; received 2 response(s) [a5e79c22-a35f-4e50-b1fd-e91b6a93d74d<-daae7813-f814-475d-9647-a302a5541e36#0:FAIL-t67, a5e79c22-a35f-4e50-b1fd-e91b6a93d74d<-1e4e1375-1b66-460f-8c99-4c341545a119#0:FAIL-t67] and 0 exception(s); a5e79c22-a35f-4e50-b1fd-e91b6a93d74d@group-F775CA5912AC:t67, leader=null, voted=a5e79c22-a35f-4e50-b1fd-e91b6a93d74d, raftlog=a5e79c22-a35f-4e50-b1fd-e91b6a93d74d@group-F775CA5912AC-SegmentedRaftLog:OPENED:c-1,f-1,i0, conf=-1: [a5e79c22-a35f-4e50-b1fd-e91b6a93d74d:192.168.157.251:45177, daae7813-f814-475d-9647-a302a5541e36:192.168.157.251:45025, 1e4e1375-1b66-460f-8c99-4c341545a119:192.168.157.251:42113], old=null
2019-10-17 18:50:52,190 [a5e79c22-a35f-4e50-b1fd-e91b6a93d74d@group-F775CA5912AC-LeaderElection131] INFO  impl.RaftServerImpl (RaftServerImpl.java:setRole(184)) - a5e79c22-a35f-4e50-b1fd-e91b6a93d74d@group-F775CA5912AC: changes role from CANDIDATE to FOLLOWER at term 67 for DISCOVERED_A_NEW_TERM
2019-10-17 18:50:52,190 [a5e79c22-a35f-4e50-b1fd-e91b6a93d74d@group-F775CA5912AC-LeaderElection131] INFO  impl.RoleInfo (RoleInfo.java:shutdownLeaderElection(134)) - a5e79c22-a35f-4e50-b1fd-e91b6a93d74d: shutdown LeaderElection
2019-10-17 18:50:52,190 [a5e79c22-a35f-4e50-b1fd-e91b6a93d74d@group-F775CA5912AC-LeaderElection131] INFO  impl.RoleInfo (RoleInfo.java:updateAndGet(143)) - a5e79c22-a35f-4e50-b1fd-e91b6a93d74d: start FollowerState
2019-10-17 18:50:52,286 [Thread-1236] INFO  impl.FollowerState (FollowerState.java:run(108)) - abcd8826-c056-4817-bd0f-7af19a46d814@group-5F52F902B742-FollowerState: change to CANDIDATE, lastRpcTime:171ms, electionTimeout:171ms
2019-10-17 18:50:52,286 [Thread-1236] INFO  impl.RoleInfo (RoleInfo.java:shutdownFollowerState(121)) - abcd8826-c056-4817-bd0f-7af19a46d814: shutdown FollowerState
2019-10-17 18:50:52,286 [Thread-1236] INFO  impl.RaftServerImpl (RaftServerImpl.java:setRole(184)) - abcd8826-c056-4817-bd0f-7af19a46d814@group-5F52F902B742: changes role from  FOLLOWER to CANDIDATE at term 65 for changeToCandidate
2019-10-17 18:50:52,286 [Thread-1236] INFO  impl.RoleInfo (RoleInfo.java:updateAndGet(143)) - abcd8826-c056-4817-bd0f-7af19a46d814: start LeaderElection
2019-10-17 18:50:52,300 [abcd8826-c056-4817-bd0f-7af19a46d814@group-5F52F902B742-LeaderElection132] INFO  impl.LeaderElection (LeaderElection.java:askForVotes(178)) - abcd8826-c056-4817-bd0f-7af19a46d814@group-5F52F902B742-LeaderElection132: begin an election at term 66 for -1: [b8f04e38-0663-4b1f-8efd-f76585c6e86c:192.168.157.251:35700, abcd8826-c056-4817-bd0f-7af19a46d814:192.168.157.251:46496, 73297ffa-40cb-4e3e-b33e-1bc2c1da60f5:192.168.157.251:32952], old=null
2019-10-17 18:50:52,302 [grpc-default-executor-0] INFO  impl.RaftServerImpl (RaftServerImpl.java:setRole(184)) - b8f04e38-0663-4b1f-8efd-f76585c6e86c@group-5F52F902B742: changes role from  FOLLOWER to FOLLOWER at term 66 for recognizeCandidate:abcd8826-c056-4817-bd0f-7af19a46d814
2019-10-17 18:50:52,302 [grpc-default-executor-6] INFO  impl.RaftServerImpl (RaftServerImpl.java:setRole(184)) - 73297ffa-40cb-4e3e-b33e-1bc2c1da60f5@group-5F52F902B742: changes role from  FOLLOWER to FOLLOWER at term 66 for recognizeCandidate:abcd8826-c056-4817-bd0f-7af19a46d814
2019-10-17 18:50:52,302 [grpc-default-executor-0] INFO  impl.RoleInfo (RoleInfo.java:shutdownFollowerState(121)) - b8f04e38-0663-4b1f-8efd-f76585c6e86c: shutdown FollowerState
2019-10-17 18:50:52,302 [grpc-default-executor-6] INFO  impl.RoleInfo (RoleInfo.java:shutdownFollowerState(121)) - 73297ffa-40cb-4e3e-b33e-1bc2c1da60f5: shutdown FollowerState
2019-10-17 18:50:52,303 [grpc-default-executor-0] INFO  impl.RoleInfo (RoleInfo.java:updateAndGet(143)) - b8f04e38-0663-4b1f-8efd-f76585c6e86c: start FollowerState
2019-10-17 18:50:52,303 [grpc-default-executor-6] INFO  impl.RoleInfo (RoleInfo.java:updateAndGet(143)) - 73297ffa-40cb-4e3e-b33e-1bc2c1da60f5: start FollowerState
2019-10-17 18:50:52,303 [Thread-1234] INFO  impl.FollowerState (FollowerState.java:run(117)) - b8f04e38-0663-4b1f-8efd-f76585c6e86c@group-5F52F902B742-FollowerState was interrupted: java.lang.InterruptedException: sleep interrupted
2019-10-17 18:50:52,303 [Thread-1235] INFO  impl.FollowerState (FollowerState.java:run(117)) - 73297ffa-40cb-4e3e-b33e-1bc2c1da60f5@group-5F52F902B742-FollowerState was interrupted: java.lang.InterruptedException: sleep interrupted
2019-10-17 18:50:52,317 [abcd8826-c056-4817-bd0f-7af19a46d814@group-5F52F902B742-LeaderElection132] INFO  impl.LeaderElection (LeaderElection.java:logAndReturn(56)) - abcd8826-c056-4817-bd0f-7af19a46d814@group-5F52F902B742-LeaderElection132: Election REJECTED; received 2 response(s) [abcd8826-c056-4817-bd0f-7af19a46d814<-b8f04e38-0663-4b1f-8efd-f76585c6e86c#0:FAIL-t66, abcd8826-c056-4817-bd0f-7af19a46d814<-73297ffa-40cb-4e3e-b33e-1bc2c1da60f5#0:FAIL-t66] and 0 exception(s); abcd8826-c056-4817-bd0f-7af19a46d814@group-5F52F902B742:t66, leader=null, voted=abcd8826-c056-4817-bd0f-7af19a46d814, raftlog=abcd8826-c056-4817-bd0f-7af19a46d814@group-5F52F902B742-SegmentedRaftLog:OPENED:c-1,f-1,i0, conf=-1: [b8f04e38-0663-4b1f-8efd-f76585c6e86c:192.168.157.251:35700, abcd8826-c056-4817-bd0f-7af19a46d814:192.168.157.251:46496, 73297ffa-40cb-4e3e-b33e-1bc2c1da60f5:192.168.157.251:32952], old=null
2019-10-17 18:50:52,317 [abcd8826-c056-4817-bd0f-7af19a46d814@group-5F52F902B742-LeaderElection132] INFO  impl.RaftServerImpl (RaftServerImpl.java:setRole(184)) - abcd8826-c056-4817-bd0f-7af19a46d814@group-5F52F902B742: changes role from CANDIDATE to FOLLOWER at term 66 for DISCOVERED_A_NEW_TERM
2019-10-17 18:50:52,318 [abcd8826-c056-4817-bd0f-7af19a46d814@group-5F52F902B742-LeaderElection132] INFO  impl.RoleInfo (RoleInfo.java:shutdownLeaderElection(134)) - abcd8826-c056-4817-bd0f-7af19a46d814: shutdown LeaderElection
2019-10-17 18:50:52,318 [abcd8826-c056-4817-bd0f-7af19a46d814@group-5F52F902B742-LeaderElection132] INFO  impl.RoleInfo (RoleInfo.java:updateAndGet(143)) - abcd8826-c056-4817-bd0f-7af19a46d814: start FollowerState
2019-10-17 18:50:52,346 [Thread-1242] INFO  impl.FollowerState (FollowerState.java:run(108)) - a5e79c22-a35f-4e50-b1fd-e91b6a93d74d@group-F775CA5912AC-FollowerState: change to CANDIDATE, lastRpcTime:155ms, electionTimeout:155ms
2019-10-17 18:50:52,346 [Thread-1242] INFO  impl.RoleInfo (RoleInfo.java:shutdownFollowerState(121)) - a5e79c22-a35f-4e50-b1fd-e91b6a93d74d: shutdown FollowerState
2019-10-17 18:50:52,346 [Thread-1242] INFO  impl.RaftServerImpl (RaftServerImpl.java:setRole(184)) - a5e79c22-a35f-4e50-b1fd-e91b6a93d74d@group-F775CA5912AC: changes role from  FOLLOWER to CANDIDATE at term 67 for changeToCandidate
2019-10-17 18:50:52,346 [Thread-1242] INFO  impl.RoleInfo (RoleInfo.java:updateAndGet(143)) - a5e79c22-a35f-4e50-b1fd-e91b6a93d74d: start LeaderElection
2019-10-17 18:50:52,359 [a5e79c22-a35f-4e50-b1fd-e91b6a93d74d@group-F775CA5912AC-LeaderElection133] INFO  impl.LeaderElection (LeaderElection.java:askForVotes(178)) - a5e79c22-a35f-4e50-b1fd-e91b6a93d74d@group-F775CA5912AC-LeaderElection133: begin an election at term 68 for -1: [a5e79c22-a35f-4e50-b1fd-e91b6a93d74d:192.168.157.251:45177, daae7813-f814-475d-9647-a302a5541e36:192.168.157.251:45025, 1e4e1375-1b66-460f-8c99-4c341545a119:192.168.157.251:42113], old=null
2019-10-17 18:50:52,361 [grpc-default-executor-6] INFO  impl.RaftServerImpl (RaftServerImpl.java:setRole(184)) - daae7813-f814-475d-9647-a302a5541e36@group-F775CA5912AC: changes role from  FOLLOWER to FOLLOWER at term 68 for recognizeCandidate:a5e79c22-a35f-4e50-b1fd-e91b6a93d74d
2019-10-17 18:50:52,361 [grpc-default-executor-0] INFO  impl.RaftServerImpl (RaftServerImpl.java:setRole(184)) - 1e4e1375-1b66-460f-8c99-4c341545a119@group-F775CA5912AC: changes role from  FOLLOWER to FOLLOWER at term 68 for recognizeCandidate:a5e79c22-a35f-4e50-b1fd-e91b6a93d74d
2019-10-17 18:50:52,361 [grpc-default-executor-6] INFO  impl.RoleInfo (RoleInfo.java:shutdownFollowerState(121)) - daae7813-f814-475d-9647-a302a5541e36: shutdown FollowerState
2019-10-17 18:50:52,361 [grpc-default-executor-0] INFO  impl.RoleInfo (RoleInfo.java:shutdownFollowerState(121)) - 1e4e1375-1b66-460f-8c99-4c341545a119: shutdown FollowerState
2019-10-17 18:50:52,361 [Thread-1240] INFO  impl.FollowerState (FollowerState.java:run(117)) - daae7813-f814-475d-9647-a302a5541e36@group-F775CA5912AC-FollowerState was interrupted: java.lang.InterruptedException: sleep interrupted
2019-10-17 18:50:52,361 [grpc-default-executor-6] INFO  impl.RoleInfo (RoleInfo.java:updateAndGet(143)) - daae7813-f814-475d-9647-a302a5541e36: start FollowerState
2019-10-17 18:50:52,361 [Thread-1241] INFO  impl.FollowerState (FollowerState.java:run(117)) - 1e4e1375-1b66-460f-8c99-4c341545a119@group-F775CA5912AC-FollowerState was interrupted: java.lang.InterruptedException: sleep interrupted
2019-10-17 18:50:52,361 [grpc-default-executor-0] INFO  impl.RoleInfo (RoleInfo.java:updateAndGet(143)) - 1e4e1375-1b66-460f-8c99-4c341545a119: start FollowerState
2019-10-17 18:50:52,364 [Thread-1248] INFO  impl.FollowerState (FollowerState.java:run(108)) - abcd8826-c056-4817-bd0f-7af19a46d814@group-5F52F902B742-FollowerState: change to CANDIDATE, lastRpcTime:46ms, electionTimeout:46ms
2019-10-17 18:50:52,364 [Thread-1248] INFO  impl.RoleInfo (RoleInfo.java:shutdownFollowerState(121)) - abcd8826-c056-4817-bd0f-7af19a46d814: shutdown FollowerState
2019-10-17 18:50:52,364 [Thread-1248] INFO  impl.RaftServerImpl (RaftServerImpl.java:setRole(184)) - abcd8826-c056-4817-bd0f-7af19a46d814@group-5F52F902B742: changes role from  FOLLOWER to CANDIDATE at term 66 for changeToCandidate
2019-10-17 18:50:52,364 [Thread-1248] INFO  impl.RoleInfo (RoleInfo.java:updateAndGet(143)) - abcd8826-c056-4817-bd0f-7af19a46d814: start LeaderElection
2019-10-17 18:50:52,375 [abcd8826-c056-4817-bd0f-7af19a46d814@group-5F52F902B742-LeaderElection134] INFO  impl.LeaderElection (LeaderElection.java:askForVotes(178)) - abcd8826-c056-4817-bd0f-7af19a46d814@group-5F52F902B742-LeaderElection134: begin an election at term 67 for -1: [b8f04e38-0663-4b1f-8efd-f76585c6e86c:192.168.157.251:35700, abcd8826-c056-4817-bd0f-7af19a46d814:192.168.157.251:46496, 73297ffa-40cb-4e3e-b33e-1bc2c1da60f5:192.168.157.251:32952], old=null
2019-10-17 18:50:52,376 [a5e79c22-a35f-4e50-b1fd-e91b6a93d74d@group-F775CA5912AC-LeaderElection133] INFO  impl.LeaderElection (LeaderElection.java:logAndReturn(56)) - a5e79c22-a35f-4e50-b1fd-e91b6a93d74d@group-F775CA5912AC-LeaderElection133: Election REJECTED; received 2 response(s) [a5e79c22-a35f-4e50-b1fd-e91b6a93d74d<-daae7813-f814-475d-9647-a302a5541e36#0:FAIL-t68, a5e79c22-a35f-4e50-b1fd-e91b6a93d74d<-1e4e1375-1b66-460f-8c99-4c341545a119#0:FAIL-t68] and 0 exception(s); a5e79c22-a35f-4e50-b1fd-e91b6a93d74d@group-F775CA5912AC:t68, leader=null, voted=a5e79c22-a35f-4e50-b1fd-e91b6a93d74d, raftlog=a5e79c22-a35f-4e50-b1fd-e91b6a93d74d@group-F775CA5912AC-SegmentedRaftLog:OPENED:c-1,f-1,i0, conf=-1: [a5e79c22-a35f-4e50-b1fd-e91b6a93d74d:192.168.157.251:45177, daae7813-f814-475d-9647-a302a5541e36:192.168.157.251:45025, 1e4e1375-1b66-460f-8c99-4c341545a119:192.168.157.251:42113], old=null
2019-10-17 18:50:52,376 [a5e79c22-a35f-4e50-b1fd-e91b6a93d74d@group-F775CA5912AC-LeaderElection133] INFO  impl.RaftServerImpl (RaftServerImpl.java:setRole(184)) - a5e79c22-a35f-4e50-b1fd-e91b6a93d74d@group-F775CA5912AC: changes role from CANDIDATE to FOLLOWER at term 68 for DISCOVERED_A_NEW_TERM
2019-10-17 18:50:52,376 [a5e79c22-a35f-4e50-b1fd-e91b6a93d74d@group-F775CA5912AC-LeaderElection133] INFO  impl.RoleInfo (RoleInfo.java:shutdownLeaderElection(134)) - a5e79c22-a35f-4e50-b1fd-e91b6a93d74d: shutdown LeaderElection
2019-10-17 18:50:52,376 [a5e79c22-a35f-4e50-b1fd-e91b6a93d74d@group-F775CA5912AC-LeaderElection133] INFO  impl.RoleInfo (RoleInfo.java:updateAndGet(143)) - a5e79c22-a35f-4e50-b1fd-e91b6a93d74d: start FollowerState
2019-10-17 18:50:52,377 [grpc-default-executor-6] INFO  impl.RaftServerImpl (RaftServerImpl.java:setRole(184)) - b8f04e38-0663-4b1f-8efd-f76585c6e86c@group-5F52F902B742: changes role from  FOLLOWER to FOLLOWER at term 67 for recognizeCandidate:abcd8826-c056-4817-bd0f-7af19a46d814
2019-10-17 18:50:52,377 [grpc-default-executor-6] INFO  impl.RoleInfo (RoleInfo.java:shutdownFollowerState(121)) - b8f04e38-0663-4b1f-8efd-f76585c6e86c: shutdown FollowerState
2019-10-17 18:50:52,377 [grpc-default-executor-6] INFO  impl.RoleInfo (RoleInfo.java:updateAndGet(143)) - b8f04e38-0663-4b1f-8efd-f76585c6e86c: start FollowerState
2019-10-17 18:50:52,377 [Thread-1246] INFO  impl.FollowerState (FollowerState.java:run(117)) - b8f04e38-0663-4b1f-8efd-f76585c6e86c@group-5F52F902B742-FollowerState was interrupted: java.lang.InterruptedException: sleep interrupted
2019-10-17 18:50:52,377 [grpc-default-executor-0] INFO  impl.RaftServerImpl (RaftServerImpl.java:setRole(184)) - 73297ffa-40cb-4e3e-b33e-1bc2c1da60f5@group-5F52F902B742: changes role from  FOLLOWER to FOLLOWER at term 67 for recognizeCandidate:abcd8826-c056-4817-bd0f-7af19a46d814
2019-10-17 18:50:52,377 [grpc-default-executor-0] INFO  impl.RoleInfo (RoleInfo.java:shutdownFollowerState(121)) - 73297ffa-40cb-4e3e-b33e-1bc2c1da60f5: shutdown FollowerState
2019-10-17 18:50:52,377 [grpc-default-executor-0] INFO  impl.RoleInfo (RoleInfo.java:updateAndGet(143)) - 73297ffa-40cb-4e3e-b33e-1bc2c1da60f5: start FollowerState
2019-10-17 18:50:52,377 [Thread-1247] INFO  impl.FollowerState (FollowerState.java:run(117)) - 73297ffa-40cb-4e3e-b33e-1bc2c1da60f5@group-5F52F902B742-FollowerState was interrupted: java.lang.InterruptedException: sleep interrupted
2019-10-17 18:50:52,391 [abcd8826-c056-4817-bd0f-7af19a46d814@group-5F52F902B742-LeaderElection134] INFO  impl.LeaderElection (LeaderElection.java:logAndReturn(56)) - abcd8826-c056-4817-bd0f-7af19a46d814@group-5F52F902B742-LeaderElection134: Election REJECTED; received 2 response(s) [abcd8826-c056-4817-bd0f-7af19a46d814<-b8f04e38-0663-4b1f-8efd-f76585c6e86c#0:FAIL-t67, abcd8826-c056-4817-bd0f-7af19a46d814<-73297ffa-40cb-4e3e-b33e-1bc2c1da60f5#0:FAIL-t67] and 0 exception(s); abcd8826-c056-4817-bd0f-7af19a46d814@group-5F52F902B742:t67, leader=null, voted=abcd8826-c056-4817-bd0f-7af19a46d814, raftlog=abcd8826-c056-4817-bd0f-7af19a46d814@group-5F52F902B742-SegmentedRaftLog:OPENED:c-1,f-1,i0, conf=-1: [b8f04e38-0663-4b1f-8efd-f76585c6e86c:192.168.157.251:35700, abcd8826-c056-4817-bd0f-7af19a46d814:192.168.157.251:46496, 73297ffa-40cb-4e3e-b33e-1bc2c1da60f5:192.168.157.251:32952], old=null
2019-10-17 18:50:52,391 [abcd8826-c056-4817-bd0f-7af19a46d814@group-5F52F902B742-LeaderElection134] INFO  impl.RaftServerImpl (RaftServerImpl.java:setRole(184)) - abcd8826-c056-4817-bd0f-7af19a46d814@group-5F52F902B742: changes role from CANDIDATE to FOLLOWER at term 67 for DISCOVERED_A_NEW_TERM
2019-10-17 18:50:52,391 [abcd8826-c056-4817-bd0f-7af19a46d814@group-5F52F902B742-LeaderElection134] INFO  impl.RoleInfo (RoleInfo.java:shutdownLeaderElection(134)) - abcd8826-c056-4817-bd0f-7af19a46d814: shutdown LeaderElection
2019-10-17 18:50:52,391 [abcd8826-c056-4817-bd0f-7af19a46d814@group-5F52F902B742-LeaderElection134] INFO  impl.RoleInfo (RoleInfo.java:updateAndGet(143)) - abcd8826-c056-4817-bd0f-7af19a46d814: start FollowerState
2019-10-17 18:50:52,405 [Thread-1259] INFO  impl.FollowerState (FollowerState.java:run(108)) - a5e79c22-a35f-4e50-b1fd-e91b6a93d74d@group-F775CA5912AC-FollowerState: change to CANDIDATE, lastRpcTime:28ms, electionTimeout:28ms
2019-10-17 18:50:52,405 [Thread-1259] INFO  impl.RoleInfo (RoleInfo.java:shutdownFollowerState(121)) - a5e79c22-a35f-4e50-b1fd-e91b6a93d74d: shutdown FollowerState
2019-10-17 18:50:52,405 [Thread-1259] INFO  impl.RaftServerImpl (RaftServerImpl.java:setRole(184)) - a5e79c22-a35f-4e50-b1fd-e91b6a93d74d@group-F775CA5912AC: changes role from  FOLLOWER to CANDIDATE at term 68 for changeToCandidate
2019-10-17 18:50:52,405 [Thread-1259] INFO  impl.RoleInfo (RoleInfo.java:updateAndGet(143)) - a5e79c22-a35f-4e50-b1fd-e91b6a93d74d: start LeaderElection
2019-10-17 18:50:52,419 [a5e79c22-a35f-4e50-b1fd-e91b6a93d74d@group-F775CA5912AC-LeaderElection135] INFO  impl.LeaderElection (LeaderElection.java:askForVotes(178)) - a5e79c22-a35f-4e50-b1fd-e91b6a93d74d@group-F775CA5912AC-LeaderElection135: begin an election at term 69 for -1: [a5e79c22-a35f-4e50-b1fd-e91b6a93d74d:192.168.157.251:45177, daae7813-f814-475d-9647-a302a5541e36:192.168.157.251:45025, 1e4e1375-1b66-460f-8c99-4c341545a119:192.168.157.251:42113], old=null
2019-10-17 18:50:52,420 [grpc-default-executor-6] INFO  impl.RaftServerImpl (RaftServerImpl.java:setRole(184)) - daae7813-f814-475d-9647-a302a5541e36@group-F775CA5912AC: changes role from  FOLLOWER to FOLLOWER at term 69 for recognizeCandidate:a5e79c22-a35f-4e50-b1fd-e91b6a93d74d
2019-10-17 18:50:52,421 [grpc-default-executor-0] INFO  impl.RaftServerImpl (RaftServerImpl.java:setRole(184)) - 1e4e1375-1b66-460f-8c99-4c341545a119@group-F775CA5912AC: changes role from  FOLLOWER to FOLLOWER at term 69 for recognizeCandidate:a5e79c22-a35f-4e50-b1fd-e91b6a93d74d
2019-10-17 18:50:52,421 [grpc-default-executor-6] INFO  impl.RoleInfo (RoleInfo.java:shutdownFollowerState(121)) - daae7813-f814-475d-9647-a302a5541e36: shutdown FollowerState
2019-10-17 18:50:52,421 [grpc-default-executor-0] INFO  impl.RoleInfo (RoleInfo.java:shutdownFollowerState(121)) - 1e4e1375-1b66-460f-8c99-4c341545a119: shutdown FollowerState
2019-10-17 18:50:52,421 [Thread-1254] INFO  impl.FollowerState (FollowerState.java:run(117)) - daae7813-f814-475d-9647-a302a5541e36@group-F775CA5912AC-FollowerState was interrupted: java.lang.InterruptedException: sleep interrupted
2019-10-17 18:50:52,421 [grpc-default-executor-6] INFO  impl.RoleInfo (RoleInfo.java:updateAndGet(143)) - daae7813-f814-475d-9647-a302a5541e36: start FollowerState
2019-10-17 18:50:52,421 [Thread-1255] INFO  impl.FollowerState (FollowerState.java:run(117)) - 1e4e1375-1b66-460f-8c99-4c341545a119@group-F775CA5912AC-FollowerState was interrupted: java.lang.InterruptedException: sleep interrupted
2019-10-17 18:50:52,421 [grpc-default-executor-0] INFO  impl.RoleInfo (RoleInfo.java:updateAndGet(143)) - 1e4e1375-1b66-460f-8c99-4c341545a119: start FollowerState
2019-10-17 18:50:52,436 [a5e79c22-a35f-4e50-b1fd-e91b6a93d74d@group-F775CA5912AC-LeaderElection135] INFO  impl.LeaderElection (LeaderElection.java:logAndReturn(56)) - a5e79c22-a35f-4e50-b1fd-e91b6a93d74d@group-F775CA5912AC-LeaderElection135: Election REJECTED; received 2 response(s) [a5e79c22-a35f-4e50-b1fd-e91b6a93d74d<-daae7813-f814-475d-9647-a302a5541e36#0:FAIL-t69, a5e79c22-a35f-4e50-b1fd-e91b6a93d74d<-1e4e1375-1b66-460f-8c99-4c341545a119#0:FAIL-t69] and 0 exception(s); a5e79c22-a35f-4e50-b1fd-e91b6a93d74d@group-F775CA5912AC:t69, leader=null, voted=a5e79c22-a35f-4e50-b1fd-e91b6a93d74d, raftlog=a5e79c22-a35f-4e50-b1fd-e91b6a93d74d@group-F775CA5912AC-SegmentedRaftLog:OPENED:c-1,f-1,i0, conf=-1: [a5e79c22-a35f-4e50-b1fd-e91b6a93d74d:192.168.157.251:45177, daae7813-f814-475d-9647-a302a5541e36:192.168.157.251:45025, 1e4e1375-1b66-460f-8c99-4c341545a119:192.168.157.251:42113], old=null
2019-10-17 18:50:52,436 [a5e79c22-a35f-4e50-b1fd-e91b6a93d74d@group-F775CA5912AC-LeaderElection135] INFO  impl.RaftServerImpl (RaftServerImpl.java:setRole(184)) - a5e79c22-a35f-4e50-b1fd-e91b6a93d74d@group-F775CA5912AC: changes role from CANDIDATE to FOLLOWER at term 69 for DISCOVERED_A_NEW_TERM
2019-10-17 18:50:52,436 [a5e79c22-a35f-4e50-b1fd-e91b6a93d74d@group-F775CA5912AC-LeaderElection135] INFO  impl.RoleInfo (RoleInfo.java:shutdownLeaderElection(134)) - a5e79c22-a35f-4e50-b1fd-e91b6a93d74d: shutdown LeaderElection
2019-10-17 18:50:52,436 [a5e79c22-a35f-4e50-b1fd-e91b6a93d74d@group-F775CA5912AC-LeaderElection135] INFO  impl.RoleInfo (RoleInfo.java:updateAndGet(143)) - a5e79c22-a35f-4e50-b1fd-e91b6a93d74d: start FollowerState
2019-10-17 18:50:52,491 [Thread-1262] INFO  impl.FollowerState (FollowerState.java:run(108)) - abcd8826-c056-4817-bd0f-7af19a46d814@group-5F52F902B742-FollowerState: change to CANDIDATE, lastRpcTime:99ms, electionTimeout:99ms
2019-10-17 18:50:52,491 [Thread-1262] INFO  impl.RoleInfo (RoleInfo.java:shutdownFollowerState(121)) - abcd8826-c056-4817-bd0f-7af19a46d814: shutdown FollowerState
2019-10-17 18:50:52,491 [Thread-1262] INFO  impl.RaftServerImpl (RaftServerImpl.java:setRole(184)) - abcd8826-c056-4817-bd0f-7af19a46d814@group-5F52F902B742: changes role from  FOLLOWER to CANDIDATE at term 67 for changeToCandidate
2019-10-17 18:50:52,491 [Thread-1262] INFO  impl.RoleInfo (RoleInfo.java:updateAndGet(143)) - abcd8826-c056-4817-bd0f-7af19a46d814: start LeaderElection
2019-10-17 18:50:52,495 [Thread-1268] INFO  impl.FollowerState (FollowerState.java:run(108)) - a5e79c22-a35f-4e50-b1fd-e91b6a93d74d@group-F775CA5912AC-FollowerState: change to CANDIDATE, lastRpcTime:59ms, electionTimeout:59ms
2019-10-17 18:50:52,496 [Thread-1268] INFO  impl.RoleInfo (RoleInfo.java:shutdownFollowerState(121)) - a5e79c22-a35f-4e50-b1fd-e91b6a93d74d: shutdown FollowerState
2019-10-17 18:50:52,496 [Thread-1268] INFO  impl.RaftServerImpl (RaftServerImpl.java:setRole(184)) - a5e79c22-a35f-4e50-b1fd-e91b6a93d74d@group-F775CA5912AC: changes role from  FOLLOWER to CANDIDATE at term 69 for changeToCandidate
2019-10-17 18:50:52,496 [Thread-1268] INFO  impl.RoleInfo (RoleInfo.java:updateAndGet(143)) - a5e79c22-a35f-4e50-b1fd-e91b6a93d74d: start LeaderElection
2019-10-17 18:50:52,504 [a5e79c22-a35f-4e50-b1fd-e91b6a93d74d@group-F775CA5912AC-LeaderElection137] INFO  impl.LeaderElection (LeaderElection.java:askForVotes(178)) - a5e79c22-a35f-4e50-b1fd-e91b6a93d74d@group-F775CA5912AC-LeaderElection137: begin an election at term 70 for -1: [a5e79c22-a35f-4e50-b1fd-e91b6a93d74d:192.168.157.251:45177, daae7813-f814-475d-9647-a302a5541e36:192.168.157.251:45025, 1e4e1375-1b66-460f-8c99-4c341545a119:192.168.157.251:42113], old=null
2019-10-17 18:50:52,504 [abcd8826-c056-4817-bd0f-7af19a46d814@group-5F52F902B742-LeaderElection136] INFO  impl.LeaderElection (LeaderElection.java:askForVotes(178)) - abcd8826-c056-4817-bd0f-7af19a46d814@group-5F52F902B742-LeaderElection136: begin an election at term 68 for -1: [b8f04e38-0663-4b1f-8efd-f76585c6e86c:192.168.157.251:35700, abcd8826-c056-4817-bd0f-7af19a46d814:192.168.157.251:46496, 73297ffa-40cb-4e3e-b33e-1bc2c1da60f5:192.168.157.251:32952], old=null
2019-10-17 18:50:52,506 [grpc-default-executor-6] INFO  impl.RaftServerImpl (RaftServerImpl.java:setRole(184)) - b8f04e38-0663-4b1f-8efd-f76585c6e86c@group-5F52F902B742: changes role from  FOLLOWER to FOLLOWER at term 68 for recognizeCandidate:abcd8826-c056-4817-bd0f-7af19a46d814
2019-10-17 18:50:52,506 [grpc-default-executor-4] INFO  impl.RaftServerImpl (RaftServerImpl.java:setRole(184)) - 73297ffa-40cb-4e3e-b33e-1bc2c1da60f5@group-5F52F902B742: changes role from  FOLLOWER to FOLLOWER at term 68 for recognizeCandidate:abcd8826-c056-4817-bd0f-7af19a46d814
2019-10-17 18:50:52,507 [grpc-default-executor-4] INFO  impl.RoleInfo (RoleInfo.java:shutdownFollowerState(121)) - 73297ffa-40cb-4e3e-b33e-1bc2c1da60f5: shutdown FollowerState
2019-10-17 18:50:52,506 [grpc-default-executor-0] INFO  impl.RaftServerImpl (RaftServerImpl.java:setRole(184)) - 1e4e1375-1b66-460f-8c99-4c341545a119@group-F775CA5912AC: changes role from  FOLLOWER to FOLLOWER at term 70 for recognizeCandidate:a5e79c22-a35f-4e50-b1fd-e91b6a93d74d
2019-10-17 18:50:52,506 [grpc-default-executor-2] INFO  impl.RaftServerImpl (RaftServerImpl.java:setRole(184)) - daae7813-f814-475d-9647-a302a5541e36@group-F775CA5912AC: changes role from  FOLLOWER to FOLLOWER at term 70 for recognizeCandidate:a5e79c22-a35f-4e50-b1fd-e91b6a93d74d
2019-10-17 18:50:52,507 [grpc-default-executor-0] INFO  impl.RoleInfo (RoleInfo.java:shutdownFollowerState(121)) - 1e4e1375-1b66-460f-8c99-4c341545a119: shutdown FollowerState
2019-10-17 18:50:52,507 [Thread-1261] INFO  impl.FollowerState (FollowerState.java:run(117)) - 73297ffa-40cb-4e3e-b33e-1bc2c1da60f5@group-5F52F902B742-FollowerState was interrupted: java.lang.InterruptedException: sleep interrupted
2019-10-17 18:50:52,507 [grpc-default-executor-0] INFO  impl.RoleInfo (RoleInfo.java:updateAndGet(143)) - 1e4e1375-1b66-460f-8c99-4c341545a119: start FollowerState
2019-10-17 18:50:52,507 [grpc-default-executor-4] INFO  impl.RoleInfo (RoleInfo.java:updateAndGet(143)) - 73297ffa-40cb-4e3e-b33e-1bc2c1da60f5: start FollowerState
2019-10-17 18:50:52,507 [grpc-default-executor-6] INFO  impl.RoleInfo (RoleInfo.java:shutdownFollowerState(121)) - b8f04e38-0663-4b1f-8efd-f76585c6e86c: shutdown FollowerState
2019-10-17 18:50:52,507 [Thread-1267] INFO  impl.FollowerState (FollowerState.java:run(117)) - 1e4e1375-1b66-460f-8c99-4c341545a119@group-F775CA5912AC-FollowerState was interrupted: java.lang.InterruptedException: sleep interrupted
2019-10-17 18:50:52,507 [grpc-default-executor-2] INFO  impl.RoleInfo (RoleInfo.java:shutdownFollowerState(121)) - daae7813-f814-475d-9647-a302a5541e36: shutdown FollowerState
2019-10-17 18:50:52,508 [Thread-1260] INFO  impl.FollowerState (FollowerState.java:run(117)) - b8f04e38-0663-4b1f-8efd-f76585c6e86c@group-5F52F902B742-FollowerState was interrupted: java.lang.InterruptedException: sleep interrupted
2019-10-17 18:50:52,508 [grpc-default-executor-6] INFO  impl.RoleInfo (RoleInfo.java:updateAndGet(143)) - b8f04e38-0663-4b1f-8efd-f76585c6e86c: start FollowerState
2019-10-17 18:50:52,508 [grpc-default-executor-2] INFO  impl.RoleInfo (RoleInfo.java:updateAndGet(143)) - daae7813-f814-475d-9647-a302a5541e36: start FollowerState
2019-10-17 18:50:52,508 [Thread-1266] INFO  impl.FollowerState (FollowerState.java:run(117)) - daae7813-f814-475d-9647-a302a5541e36@group-F775CA5912AC-FollowerState was interrupted: java.lang.InterruptedException: sleep interrupted
2019-10-17 18:50:52,521 [abcd8826-c056-4817-bd0f-7af19a46d814@group-5F52F902B742-LeaderElection136] INFO  impl.LeaderElection (LeaderElection.java:logAndReturn(56)) - abcd8826-c056-4817-bd0f-7af19a46d814@group-5F52F902B742-LeaderElection136: Election REJECTED; received 2 response(s) [abcd8826-c056-4817-bd0f-7af19a46d814<-b8f04e38-0663-4b1f-8efd-f76585c6e86c#0:FAIL-t68, abcd8826-c056-4817-bd0f-7af19a46d814<-73297ffa-40cb-4e3e-b33e-1bc2c1da60f5#0:FAIL-t68] and 0 exception(s); abcd8826-c056-4817-bd0f-7af19a46d814@group-5F52F902B742:t68, leader=null, voted=abcd8826-c056-4817-bd0f-7af19a46d814, raftlog=abcd8826-c056-4817-bd0f-7af19a46d814@group-5F52F902B742-SegmentedRaftLog:OPENED:c-1,f-1,i0, conf=-1: [b8f04e38-0663-4b1f-8efd-f76585c6e86c:192.168.157.251:35700, abcd8826-c056-4817-bd0f-7af19a46d814:192.168.157.251:46496, 73297ffa-40cb-4e3e-b33e-1bc2c1da60f5:192.168.157.251:32952], old=null
2019-10-17 18:50:52,521 [a5e79c22-a35f-4e50-b1fd-e91b6a93d74d@group-F775CA5912AC-LeaderElection137] INFO  impl.LeaderElection (LeaderElection.java:logAndReturn(56)) - a5e79c22-a35f-4e50-b1fd-e91b6a93d74d@group-F775CA5912AC-LeaderElection137: Election REJECTED; received 2 response(s) [a5e79c22-a35f-4e50-b1fd-e91b6a93d74d<-daae7813-f814-475d-9647-a302a5541e36#0:FAIL-t70, a5e79c22-a35f-4e50-b1fd-e91b6a93d74d<-1e4e1375-1b66-460f-8c99-4c341545a119#0:FAIL-t70] and 0 exception(s); a5e79c22-a35f-4e50-b1fd-e91b6a93d74d@group-F775CA5912AC:t70, leader=null, voted=a5e79c22-a35f-4e50-b1fd-e91b6a93d74d, raftlog=a5e79c22-a35f-4e50-b1fd-e91b6a93d74d@group-F775CA5912AC-SegmentedRaftLog:OPENED:c-1,f-1,i0, conf=-1: [a5e79c22-a35f-4e50-b1fd-e91b6a93d74d:192.168.157.251:45177, daae7813-f814-475d-9647-a302a5541e36:192.168.157.251:45025, 1e4e1375-1b66-460f-8c99-4c341545a119:192.168.157.251:42113], old=null
2019-10-17 18:50:52,521 [abcd8826-c056-4817-bd0f-7af19a46d814@group-5F52F902B742-LeaderElection136] INFO  impl.RaftServerImpl (RaftServerImpl.java:setRole(184)) - abcd8826-c056-4817-bd0f-7af19a46d814@group-5F52F902B742: changes role from CANDIDATE to FOLLOWER at term 68 for DISCOVERED_A_NEW_TERM
2019-10-17 18:50:52,521 [a5e79c22-a35f-4e50-b1fd-e91b6a93d74d@group-F775CA5912AC-LeaderElection137] INFO  impl.RaftServerImpl (RaftServerImpl.java:setRole(184)) - a5e79c22-a35f-4e50-b1fd-e91b6a93d74d@group-F775CA5912AC: changes role from CANDIDATE to FOLLOWER at term 70 for DISCOVERED_A_NEW_TERM
2019-10-17 18:50:52,522 [abcd8826-c056-4817-bd0f-7af19a46d814@group-5F52F902B742-LeaderElection136] INFO  impl.RoleInfo (RoleInfo.java:shutdownLeaderElection(134)) - abcd8826-c056-4817-bd0f-7af19a46d814: shutdown LeaderElection
2019-10-17 18:50:52,522 [a5e79c22-a35f-4e50-b1fd-e91b6a93d74d@group-F775CA5912AC-LeaderElection137] INFO  impl.RoleInfo (RoleInfo.java:shutdownLeaderElection(134)) - a5e79c22-a35f-4e50-b1fd-e91b6a93d74d: shutdown LeaderElection
2019-10-17 18:50:52,522 [abcd8826-c056-4817-bd0f-7af19a46d814@group-5F52F902B742-LeaderElection136] INFO  impl.RoleInfo (RoleInfo.java:updateAndGet(143)) - abcd8826-c056-4817-bd0f-7af19a46d814: start FollowerState
2019-10-17 18:50:52,522 [a5e79c22-a35f-4e50-b1fd-e91b6a93d74d@group-F775CA5912AC-LeaderElection137] INFO  impl.RoleInfo (RoleInfo.java:updateAndGet(143)) - a5e79c22-a35f-4e50-b1fd-e91b6a93d74d: start FollowerState
2019-10-17 18:50:52,582 [Thread-1279] INFO  impl.FollowerState (FollowerState.java:run(108)) - abcd8826-c056-4817-bd0f-7af19a46d814@group-5F52F902B742-FollowerState: change to CANDIDATE, lastRpcTime:60ms, electionTimeout:60ms
2019-10-17 18:50:52,582 [Thread-1279] INFO  impl.RoleInfo (RoleInfo.java:shutdownFollowerState(121)) - abcd8826-c056-4817-bd0f-7af19a46d814: shutdown FollowerState
2019-10-17 18:50:52,582 [Thread-1279] INFO  impl.RaftServerImpl (RaftServerImpl.java:setRole(184)) - abcd8826-c056-4817-bd0f-7af19a46d814@group-5F52F902B742: changes role from  FOLLOWER to CANDIDATE at term 68 for changeToCandidate
2019-10-17 18:50:52,582 [Thread-1279] INFO  impl.RoleInfo (RoleInfo.java:updateAndGet(143)) - abcd8826-c056-4817-bd0f-7af19a46d814: start LeaderElection
2019-10-17 18:50:52,631 [abcd8826-c056-4817-bd0f-7af19a46d814@group-5F52F902B742-LeaderElection138] INFO  impl.LeaderElection (LeaderElection.java:askForVotes(178)) - abcd8826-c056-4817-bd0f-7af19a46d814@group-5F52F902B742-LeaderElection138: begin an election at term 69 for -1: [b8f04e38-0663-4b1f-8efd-f76585c6e86c:192.168.157.251:35700, abcd8826-c056-4817-bd0f-7af19a46d814:192.168.157.251:46496, 73297ffa-40cb-4e3e-b33e-1bc2c1da60f5:192.168.157.251:32952], old=null
2019-10-17 18:50:52,634 [grpc-default-executor-4] INFO  impl.RaftServerImpl (RaftServerImpl.java:setRole(184)) - b8f04e38-0663-4b1f-8efd-f76585c6e86c@group-5F52F902B742: changes role from  FOLLOWER to FOLLOWER at term 69 for recognizeCandidate:abcd8826-c056-4817-bd0f-7af19a46d814
2019-10-17 18:50:52,634 [grpc-default-executor-0] INFO  impl.RaftServerImpl (RaftServerImpl.java:setRole(184)) - 73297ffa-40cb-4e3e-b33e-1bc2c1da60f5@group-5F52F902B742: changes role from  FOLLOWER to FOLLOWER at term 69 for recognizeCandidate:abcd8826-c056-4817-bd0f-7af19a46d814
2019-10-17 18:50:52,634 [grpc-default-executor-4] INFO  impl.RoleInfo (RoleInfo.java:shutdownFollowerState(121)) - b8f04e38-0663-4b1f-8efd-f76585c6e86c: shutdown FollowerState
2019-10-17 18:50:52,634 [grpc-default-executor-0] INFO  impl.RoleInfo (RoleInfo.java:shutdownFollowerState(121)) - 73297ffa-40cb-4e3e-b33e-1bc2c1da60f5: shutdown FollowerState
2019-10-17 18:50:52,634 [Thread-1277] INFO  impl.FollowerState (FollowerState.java:run(117)) - b8f04e38-0663-4b1f-8efd-f76585c6e86c@group-5F52F902B742-FollowerState was interrupted: java.lang.InterruptedException: sleep interrupted
2019-10-17 18:50:52,634 [grpc-default-executor-4] INFO  impl.RoleInfo (RoleInfo.java:updateAndGet(143)) - b8f04e38-0663-4b1f-8efd-f76585c6e86c: start FollowerState
2019-10-17 18:50:52,635 [Thread-1275] INFO  impl.FollowerState (FollowerState.java:run(117)) - 73297ffa-40cb-4e3e-b33e-1bc2c1da60f5@group-5F52F902B742-FollowerState was interrupted: java.lang.InterruptedException: sleep interrupted
2019-10-17 18:50:52,635 [grpc-default-executor-0] INFO  impl.RoleInfo (RoleInfo.java:updateAndGet(143)) - 73297ffa-40cb-4e3e-b33e-1bc2c1da60f5: start FollowerState
2019-10-17 18:50:52,650 [abcd8826-c056-4817-bd0f-7af19a46d814@group-5F52F902B742-LeaderElection138] INFO  impl.LeaderElection (LeaderElection.java:logAndReturn(56)) - abcd8826-c056-4817-bd0f-7af19a46d814@group-5F52F902B742-LeaderElection138: Election REJECTED; received 2 response(s) [abcd8826-c056-4817-bd0f-7af19a46d814<-b8f04e38-0663-4b1f-8efd-f76585c6e86c#0:FAIL-t69, abcd8826-c056-4817-bd0f-7af19a46d814<-73297ffa-40cb-4e3e-b33e-1bc2c1da60f5#0:FAIL-t69] and 0 exception(s); abcd8826-c056-4817-bd0f-7af19a46d814@group-5F52F902B742:t69, leader=null, voted=abcd8826-c056-4817-bd0f-7af19a46d814, raftlog=abcd8826-c056-4817-bd0f-7af19a46d814@group-5F52F902B742-SegmentedRaftLog:OPENED:c-1,f-1,i0, conf=-1: [b8f04e38-0663-4b1f-8efd-f76585c6e86c:192.168.157.251:35700, abcd8826-c056-4817-bd0f-7af19a46d814:192.168.157.251:46496, 73297ffa-40cb-4e3e-b33e-1bc2c1da60f5:192.168.157.251:32952], old=null
2019-10-17 18:50:52,650 [abcd8826-c056-4817-bd0f-7af19a46d814@group-5F52F902B742-LeaderElection138] INFO  impl.RaftServerImpl (RaftServerImpl.java:setRole(184)) - abcd8826-c056-4817-bd0f-7af19a46d814@group-5F52F902B742: changes role from CANDIDATE to FOLLOWER at term 69 for DISCOVERED_A_NEW_TERM
2019-10-17 18:50:52,651 [abcd8826-c056-4817-bd0f-7af19a46d814@group-5F52F902B742-LeaderElection138] INFO  impl.RoleInfo (RoleInfo.java:shutdownLeaderElection(134)) - abcd8826-c056-4817-bd0f-7af19a46d814: shutdown LeaderElection
2019-10-17 18:50:52,651 [abcd8826-c056-4817-bd0f-7af19a46d814@group-5F52F902B742-LeaderElection138] INFO  impl.RoleInfo (RoleInfo.java:updateAndGet(143)) - abcd8826-c056-4817-bd0f-7af19a46d814: start FollowerState
2019-10-17 18:50:52,695 [Thread-1280] INFO  impl.FollowerState (FollowerState.java:run(108)) - a5e79c22-a35f-4e50-b1fd-e91b6a93d74d@group-F775CA5912AC-FollowerState: change to CANDIDATE, lastRpcTime:173ms, electionTimeout:172ms
2019-10-17 18:50:52,695 [Thread-1280] INFO  impl.RoleInfo (RoleInfo.java:shutdownFollowerState(121)) - a5e79c22-a35f-4e50-b1fd-e91b6a93d74d: shutdown FollowerState
2019-10-17 18:50:52,696 [Thread-1280] INFO  impl.RaftServerImpl (RaftServerImpl.java:setRole(184)) - a5e79c22-a35f-4e50-b1fd-e91b6a93d74d@group-F775CA5912AC: changes role from  FOLLOWER to CANDIDATE at term 70 for changeToCandidate
2019-10-17 18:50:52,696 [Thread-1280] INFO  impl.RoleInfo (RoleInfo.java:updateAndGet(143)) - a5e79c22-a35f-4e50-b1fd-e91b6a93d74d: start LeaderElection
2019-10-17 18:50:52,710 [a5e79c22-a35f-4e50-b1fd-e91b6a93d74d@group-F775CA5912AC-LeaderElection139] INFO  impl.LeaderElection (LeaderElection.java:askForVotes(178)) - a5e79c22-a35f-4e50-b1fd-e91b6a93d74d@group-F775CA5912AC-LeaderElection139: begin an election at term 71 for -1: [a5e79c22-a35f-4e50-b1fd-e91b6a93d74d:192.168.157.251:45177, daae7813-f814-475d-9647-a302a5541e36:192.168.157.251:45025, 1e4e1375-1b66-460f-8c99-4c341545a119:192.168.157.251:42113], old=null
2019-10-17 18:50:52,712 [grpc-default-executor-0] INFO  impl.RaftServerImpl (RaftServerImpl.java:setRole(184)) - daae7813-f814-475d-9647-a302a5541e36@group-F775CA5912AC: changes role from  FOLLOWER to FOLLOWER at term 71 for recognizeCandidate:a5e79c22-a35f-4e50-b1fd-e91b6a93d74d
2019-10-17 18:50:52,712 [grpc-default-executor-0] INFO  impl.RoleInfo (RoleInfo.java:shutdownFollowerState(121)) - daae7813-f814-475d-9647-a302a5541e36: shutdown FollowerState
2019-10-17 18:50:52,712 [grpc-default-executor-6] INFO  impl.RaftServerImpl (RaftServerImpl.java:setRole(184)) - 1e4e1375-1b66-460f-8c99-4c341545a119@group-F775CA5912AC: changes role from  FOLLOWER to FOLLOWER at term 71 for recognizeCandidate:a5e79c22-a35f-4e50-b1fd-e91b6a93d74d
2019-10-17 18:50:52,712 [grpc-default-executor-0] INFO  impl.RoleInfo (RoleInfo.java:updateAndGet(143)) - daae7813-f814-475d-9647-a302a5541e36: start FollowerState
2019-10-17 18:50:52,712 [Thread-1278] INFO  impl.FollowerState (FollowerState.java:run(117)) - daae7813-f814-475d-9647-a302a5541e36@group-F775CA5912AC-FollowerState was interrupted: java.lang.InterruptedException: sleep interrupted
2019-10-17 18:50:52,712 [grpc-default-executor-6] INFO  impl.RoleInfo (RoleInfo.java:shutdownFollowerState(121)) - 1e4e1375-1b66-460f-8c99-4c341545a119: shutdown FollowerState
2019-10-17 18:50:52,712 [a5e79c22-a35f-4e50-b1fd-e91b6a93d74d@group-F775CA5912AC-LeaderElection139] INFO  impl.LeaderElection (LeaderElection.java:logAndReturn(56)) - a5e79c22-a35f-4e50-b1fd-e91b6a93d74d@group-F775CA5912AC-LeaderElection139: Election TIMEOUT; received 0 response(s) [] and 0 exception(s); a5e79c22-a35f-4e50-b1fd-e91b6a93d74d@group-F775CA5912AC:t71, leader=null, voted=a5e79c22-a35f-4e50-b1fd-e91b6a93d74d, raftlog=a5e79c22-a35f-4e50-b1fd-e91b6a93d74d@group-F775CA5912AC-SegmentedRaftLog:OPENED:c-1,f-1,i0, conf=-1: [a5e79c22-a35f-4e50-b1fd-e91b6a93d74d:192.168.157.251:45177, daae7813-f814-475d-9647-a302a5541e36:192.168.157.251:45025, 1e4e1375-1b66-460f-8c99-4c341545a119:192.168.157.251:42113], old=null
2019-10-17 18:50:52,713 [grpc-default-executor-6] INFO  impl.RoleInfo (RoleInfo.java:updateAndGet(143)) - 1e4e1375-1b66-460f-8c99-4c341545a119: start FollowerState
2019-10-17 18:50:52,713 [Thread-1276] INFO  impl.FollowerState (FollowerState.java:run(117)) - 1e4e1375-1b66-460f-8c99-4c341545a119@group-F775CA5912AC-FollowerState was interrupted: java.lang.InterruptedException: sleep interrupted
2019-10-17 18:50:52,726 [a5e79c22-a35f-4e50-b1fd-e91b6a93d74d@group-F775CA5912AC-LeaderElection139] INFO  impl.LeaderElection (LeaderElection.java:askForVotes(178)) - a5e79c22-a35f-4e50-b1fd-e91b6a93d74d@group-F775CA5912AC-LeaderElection139: begin an election at term 72 for -1: [a5e79c22-a35f-4e50-b1fd-e91b6a93d74d:192.168.157.251:45177, daae7813-f814-475d-9647-a302a5541e36:192.168.157.251:45025, 1e4e1375-1b66-460f-8c99-4c341545a119:192.168.157.251:42113], old=null
2019-10-17 18:50:52,728 [grpc-default-executor-0] INFO  impl.RaftServerImpl (RaftServerImpl.java:setRole(184)) - 1e4e1375-1b66-460f-8c99-4c341545a119@group-F775CA5912AC: changes role from  FOLLOWER to FOLLOWER at term 72 for recognizeCandidate:a5e79c22-a35f-4e50-b1fd-e91b6a93d74d
2019-10-17 18:50:52,728 [grpc-default-executor-0] INFO  impl.RoleInfo (RoleInfo.java:shutdownFollowerState(121)) - 1e4e1375-1b66-460f-8c99-4c341545a119: shutdown FollowerState
2019-10-17 18:50:52,728 [grpc-default-executor-6] INFO  impl.RaftServerImpl (RaftServerImpl.java:setRole(184)) - daae7813-f814-475d-9647-a302a5541e36@group-F775CA5912AC: changes role from  FOLLOWER to FOLLOWER at term 72 for recognizeCandidate:a5e79c22-a35f-4e50-b1fd-e91b6a93d74d
2019-10-17 18:50:52,729 [Thread-1293] INFO  impl.FollowerState (FollowerState.java:run(117)) - 1e4e1375-1b66-460f-8c99-4c341545a119@group-F775CA5912AC-FollowerState was interrupted: java.lang.InterruptedException: sleep interrupted
2019-10-17 18:50:52,728 [grpc-default-executor-0] INFO  impl.RoleInfo (RoleInfo.java:updateAndGet(143)) - 1e4e1375-1b66-460f-8c99-4c341545a119: start FollowerState
2019-10-17 18:50:52,729 [grpc-default-executor-6] INFO  impl.RoleInfo (RoleInfo.java:shutdownFollowerState(121)) - daae7813-f814-475d-9647-a302a5541e36: shutdown FollowerState
2019-10-17 18:50:52,729 [grpc-default-executor-6] INFO  impl.RoleInfo (RoleInfo.java:updateAndGet(143)) - daae7813-f814-475d-9647-a302a5541e36: start FollowerState
2019-10-17 18:50:52,729 [Thread-1292] INFO  impl.FollowerState (FollowerState.java:run(117)) - daae7813-f814-475d-9647-a302a5541e36@group-F775CA5912AC-FollowerState was interrupted: java.lang.InterruptedException: sleep interrupted
2019-10-17 18:50:52,743 [a5e79c22-a35f-4e50-b1fd-e91b6a93d74d@group-F775CA5912AC-LeaderElection139] INFO  impl.LeaderElection (LeaderElection.java:logAndReturn(56)) - a5e79c22-a35f-4e50-b1fd-e91b6a93d74d@group-F775CA5912AC-LeaderElection139: Election REJECTED; received 2 response(s) [a5e79c22-a35f-4e50-b1fd-e91b6a93d74d<-daae7813-f814-475d-9647-a302a5541e36#0:FAIL-t72, a5e79c22-a35f-4e50-b1fd-e91b6a93d74d<-1e4e1375-1b66-460f-8c99-4c341545a119#0:FAIL-t72] and 0 exception(s); a5e79c22-a35f-4e50-b1fd-e91b6a93d74d@group-F775CA5912AC:t72, leader=null, voted=a5e79c22-a35f-4e50-b1fd-e91b6a93d74d, raftlog=a5e79c22-a35f-4e50-b1fd-e91b6a93d74d@group-F775CA5912AC-SegmentedRaftLog:OPENED:c-1,f-1,i0, conf=-1: [a5e79c22-a35f-4e50-b1fd-e91b6a93d74d:192.168.157.251:45177, daae7813-f814-475d-9647-a302a5541e36:192.168.157.251:45025, 1e4e1375-1b66-460f-8c99-4c341545a119:192.168.157.251:42113], old=null
2019-10-17 18:50:52,743 [a5e79c22-a35f-4e50-b1fd-e91b6a93d74d@group-F775CA5912AC-LeaderElection139] INFO  impl.RaftServerImpl (RaftServerImpl.java:setRole(184)) - a5e79c22-a35f-4e50-b1fd-e91b6a93d74d@group-F775CA5912AC: changes role from CANDIDATE to FOLLOWER at term 72 for DISCOVERED_A_NEW_TERM
2019-10-17 18:50:52,744 [a5e79c22-a35f-4e50-b1fd-e91b6a93d74d@group-F775CA5912AC-LeaderElection139] INFO  impl.RoleInfo (RoleInfo.java:shutdownLeaderElection(134)) - a5e79c22-a35f-4e50-b1fd-e91b6a93d74d: shutdown LeaderElection
2019-10-17 18:50:52,744 [a5e79c22-a35f-4e50-b1fd-e91b6a93d74d@group-F775CA5912AC-LeaderElection139] INFO  impl.RoleInfo (RoleInfo.java:updateAndGet(143)) - a5e79c22-a35f-4e50-b1fd-e91b6a93d74d: start FollowerState
2019-10-17 18:50:52,749 [Thread-1286] INFO  impl.FollowerState (FollowerState.java:run(108)) - abcd8826-c056-4817-bd0f-7af19a46d814@group-5F52F902B742-FollowerState: change to CANDIDATE, lastRpcTime:98ms, electionTimeout:98ms
2019-10-17 18:50:52,749 [Thread-1286] INFO  impl.RoleInfo (RoleInfo.java:shutdownFollowerState(121)) - abcd8826-c056-4817-bd0f-7af19a46d814: shutdown FollowerState
2019-10-17 18:50:52,749 [Thread-1286] INFO  impl.RaftServerImpl (RaftServerImpl.java:setRole(184)) - abcd8826-c056-4817-bd0f-7af19a46d814@group-5F52F902B742: changes role from  FOLLOWER to CANDIDATE at term 69 for changeToCandidate
2019-10-17 18:50:52,750 [Thread-1286] INFO  impl.RoleInfo (RoleInfo.java:updateAndGet(143)) - abcd8826-c056-4817-bd0f-7af19a46d814: start LeaderElection
2019-10-17 18:50:52,763 [abcd8826-c056-4817-bd0f-7af19a46d814@group-5F52F902B742-LeaderElection140] INFO  impl.LeaderElection (LeaderElection.java:askForVotes(178)) - abcd8826-c056-4817-bd0f-7af19a46d814@group-5F52F902B742-LeaderElection140: begin an election at term 70 for -1: [b8f04e38-0663-4b1f-8efd-f76585c6e86c:192.168.157.251:35700, abcd8826-c056-4817-bd0f-7af19a46d814:192.168.157.251:46496, 73297ffa-40cb-4e3e-b33e-1bc2c1da60f5:192.168.157.251:32952], old=null
2019-10-17 18:50:52,765 [grpc-default-executor-6] INFO  impl.RaftServerImpl (RaftServerImpl.java:setRole(184)) - b8f04e38-0663-4b1f-8efd-f76585c6e86c@group-5F52F902B742: changes role from  FOLLOWER to FOLLOWER at term 70 for recognizeCandidate:abcd8826-c056-4817-bd0f-7af19a46d814
2019-10-17 18:50:52,765 [grpc-default-executor-0] INFO  impl.RaftServerImpl (RaftServerImpl.java:setRole(184)) - 73297ffa-40cb-4e3e-b33e-1bc2c1da60f5@group-5F52F902B742: changes role from  FOLLOWER to FOLLOWER at term 70 for recognizeCandidate:abcd8826-c056-4817-bd0f-7af19a46d814
2019-10-17 18:50:52,765 [grpc-default-executor-6] INFO  impl.RoleInfo (RoleInfo.java:shutdownFollowerState(121)) - b8f04e38-0663-4b1f-8efd-f76585c6e86c: shutdown FollowerState
2019-10-17 18:50:52,765 [grpc-default-executor-0] INFO  impl.RoleInfo (RoleInfo.java:shutdownFollowerState(121)) - 73297ffa-40cb-4e3e-b33e-1bc2c1da60f5: shutdown FollowerState
2019-10-17 18:50:52,765 [Thread-1284] INFO  impl.FollowerState (FollowerState.java:run(117)) - b8f04e38-0663-4b1f-8efd-f76585c6e86c@group-5F52F902B742-FollowerState was interrupted: java.lang.InterruptedException: sleep interrupted
2019-10-17 18:50:52,765 [grpc-default-executor-6] INFO  impl.RoleInfo (RoleInfo.java:updateAndGet(143)) - b8f04e38-0663-4b1f-8efd-f76585c6e86c: start FollowerState
2019-10-17 18:50:52,766 [Thread-1285] INFO  impl.FollowerState (FollowerState.java:run(117)) - 73297ffa-40cb-4e3e-b33e-1bc2c1da60f5@group-5F52F902B742-FollowerState was interrupted: java.lang.InterruptedException: sleep interrupted
2019-10-17 18:50:52,765 [grpc-default-executor-0] INFO  impl.RoleInfo (RoleInfo.java:updateAndGet(143)) - 73297ffa-40cb-4e3e-b33e-1bc2c1da60f5: start FollowerState
2019-10-17 18:50:52,781 [abcd8826-c056-4817-bd0f-7af19a46d814@group-5F52F902B742-LeaderElection140] INFO  impl.LeaderElection (LeaderElection.java:logAndReturn(56)) - abcd8826-c056-4817-bd0f-7af19a46d814@group-5F52F902B742-LeaderElection140: Election REJECTED; received 2 response(s) [abcd8826-c056-4817-bd0f-7af19a46d814<-b8f04e38-0663-4b1f-8efd-f76585c6e86c#0:FAIL-t70, abcd8826-c056-4817-bd0f-7af19a46d814<-73297ffa-40cb-4e3e-b33e-1bc2c1da60f5#0:FAIL-t70] and 0 exception(s); abcd8826-c056-4817-bd0f-7af19a46d814@group-5F52F902B742:t70, leader=null, voted=abcd8826-c056-4817-bd0f-7af19a46d814, raftlog=abcd8826-c056-4817-bd0f-7af19a46d814@group-5F52F902B742-SegmentedRaftLog:OPENED:c-1,f-1,i0, conf=-1: [b8f04e38-0663-4b1f-8efd-f76585c6e86c:192.168.157.251:35700, abcd8826-c056-4817-bd0f-7af19a46d814:192.168.157.251:46496, 73297ffa-40cb-4e3e-b33e-1bc2c1da60f5:192.168.157.251:32952], old=null
2019-10-17 18:50:52,781 [abcd8826-c056-4817-bd0f-7af19a46d814@group-5F52F902B742-LeaderElection140] INFO  impl.RaftServerImpl (RaftServerImpl.java:setRole(184)) - abcd8826-c056-4817-bd0f-7af19a46d814@group-5F52F902B742: changes role from CANDIDATE to FOLLOWER at term 70 for DISCOVERED_A_NEW_TERM
2019-10-17 18:50:52,781 [abcd8826-c056-4817-bd0f-7af19a46d814@group-5F52F902B742-LeaderElection140] INFO  impl.RoleInfo (RoleInfo.java:shutdownLeaderElection(134)) - abcd8826-c056-4817-bd0f-7af19a46d814: shutdown LeaderElection
2019-10-17 18:50:52,781 [abcd8826-c056-4817-bd0f-7af19a46d814@group-5F52F902B742-LeaderElection140] INFO  impl.RoleInfo (RoleInfo.java:updateAndGet(143)) - abcd8826-c056-4817-bd0f-7af19a46d814: start FollowerState
2019-10-17 18:50:52,785 [Thread-1304] INFO  impl.FollowerState (FollowerState.java:run(108)) - abcd8826-c056-4817-bd0f-7af19a46d814@group-5F52F902B742-FollowerState: change to CANDIDATE, lastRpcTime:4ms, electionTimeout:4ms
2019-10-17 18:50:52,785 [Thread-1304] INFO  impl.RoleInfo (RoleInfo.java:shutdownFollowerState(121)) - abcd8826-c056-4817-bd0f-7af19a46d814: shutdown FollowerState
2019-10-17 18:50:52,786 [Thread-1304] INFO  impl.RaftServerImpl (RaftServerImpl.java:setRole(184)) - abcd8826-c056-4817-bd0f-7af19a46d814@group-5F52F902B742: changes role from  FOLLOWER to CANDIDATE at term 70 for changeToCandidate
2019-10-17 18:50:52,786 [Thread-1304] INFO  impl.RoleInfo (RoleInfo.java:updateAndGet(143)) - abcd8826-c056-4817-bd0f-7af19a46d814: start LeaderElection
2019-10-17 18:50:52,798 [abcd8826-c056-4817-bd0f-7af19a46d814@group-5F52F902B742-LeaderElection141] INFO  impl.LeaderElection (LeaderElection.java:askForVotes(178)) - abcd8826-c056-4817-bd0f-7af19a46d814@group-5F52F902B742-LeaderElection141: begin an election at term 71 for -1: [b8f04e38-0663-4b1f-8efd-f76585c6e86c:192.168.157.251:35700, abcd8826-c056-4817-bd0f-7af19a46d814:192.168.157.251:46496, 73297ffa-40cb-4e3e-b33e-1bc2c1da60f5:192.168.157.251:32952], old=null
2019-10-17 18:50:52,800 [grpc-default-executor-6] INFO  impl.RaftServerImpl (RaftServerImpl.java:setRole(184)) - 73297ffa-40cb-4e3e-b33e-1bc2c1da60f5@group-5F52F902B742: changes role from  FOLLOWER to FOLLOWER at term 71 for recognizeCandidate:abcd8826-c056-4817-bd0f-7af19a46d814
2019-10-17 18:50:52,800 [grpc-default-executor-0] INFO  impl.RaftServerImpl (RaftServerImpl.java:setRole(184)) - b8f04e38-0663-4b1f-8efd-f76585c6e86c@group-5F52F902B742: changes role from  FOLLOWER to FOLLOWER at term 71 for recognizeCandidate:abcd8826-c056-4817-bd0f-7af19a46d814
2019-10-17 18:50:52,800 [grpc-default-executor-6] INFO  impl.RoleInfo (RoleInfo.java:shutdownFollowerState(121)) - 73297ffa-40cb-4e3e-b33e-1bc2c1da60f5: shutdown FollowerState
2019-10-17 18:50:52,800 [grpc-default-executor-0] INFO  impl.RoleInfo (RoleInfo.java:shutdownFollowerState(121)) - b8f04e38-0663-4b1f-8efd-f76585c6e86c: shutdown FollowerState
2019-10-17 18:50:52,801 [grpc-default-executor-6] INFO  impl.RoleInfo (RoleInfo.java:updateAndGet(143)) - 73297ffa-40cb-4e3e-b33e-1bc2c1da60f5: start FollowerState
2019-10-17 18:50:52,801 [grpc-default-executor-0] INFO  impl.RoleInfo (RoleInfo.java:updateAndGet(143)) - b8f04e38-0663-4b1f-8efd-f76585c6e86c: start FollowerState
2019-10-17 18:50:52,801 [Thread-1303] INFO  impl.FollowerState (FollowerState.java:run(117)) - 73297ffa-40cb-4e3e-b33e-1bc2c1da60f5@group-5F52F902B742-FollowerState was interrupted: java.lang.InterruptedException: sleep interrupted
2019-10-17 18:50:52,801 [Thread-1302] INFO  impl.FollowerState (FollowerState.java:run(117)) - b8f04e38-0663-4b1f-8efd-f76585c6e86c@group-5F52F902B742-FollowerState was interrupted: java.lang.InterruptedException: sleep interrupted
2019-10-17 18:50:52,832 [abcd8826-c056-4817-bd0f-7af19a46d814@group-5F52F902B742-LeaderElection141] INFO  impl.LeaderElection (LeaderElection.java:logAndReturn(56)) - abcd8826-c056-4817-bd0f-7af19a46d814@group-5F52F902B742-LeaderElection141: Election REJECTED; received 2 response(s) [abcd8826-c056-4817-bd0f-7af19a46d814<-b8f04e38-0663-4b1f-8efd-f76585c6e86c#0:FAIL-t71, abcd8826-c056-4817-bd0f-7af19a46d814<-73297ffa-40cb-4e3e-b33e-1bc2c1da60f5#0:FAIL-t71] and 0 exception(s); abcd8826-c056-4817-bd0f-7af19a46d814@group-5F52F902B742:t71, leader=null, voted=abcd8826-c056-4817-bd0f-7af19a46d814, raftlog=abcd8826-c056-4817-bd0f-7af19a46d814@group-5F52F902B742-SegmentedRaftLog:OPENED:c-1,f-1,i0, conf=-1: [b8f04e38-0663-4b1f-8efd-f76585c6e86c:192.168.157.251:35700, abcd8826-c056-4817-bd0f-7af19a46d814:192.168.157.251:46496, 73297ffa-40cb-4e3e-b33e-1bc2c1da60f5:192.168.157.251:32952], old=null
2019-10-17 18:50:52,832 [abcd8826-c056-4817-bd0f-7af19a46d814@group-5F52F902B742-LeaderElection141] INFO  impl.RaftServerImpl (RaftServerImpl.java:setRole(184)) - abcd8826-c056-4817-bd0f-7af19a46d814@group-5F52F902B742: changes role from CANDIDATE to FOLLOWER at term 71 for DISCOVERED_A_NEW_TERM
2019-10-17 18:50:52,832 [abcd8826-c056-4817-bd0f-7af19a46d814@group-5F52F902B742-LeaderElection141] INFO  impl.RoleInfo (RoleInfo.java:shutdownLeaderElection(134)) - abcd8826-c056-4817-bd0f-7af19a46d814: shutdown LeaderElection
2019-10-17 18:50:52,832 [abcd8826-c056-4817-bd0f-7af19a46d814@group-5F52F902B742-LeaderElection141] INFO  impl.RoleInfo (RoleInfo.java:updateAndGet(143)) - abcd8826-c056-4817-bd0f-7af19a46d814: start FollowerState
2019-10-17 18:50:52,849 [Thread-1298] INFO  impl.FollowerState (FollowerState.java:run(108)) - a5e79c22-a35f-4e50-b1fd-e91b6a93d74d@group-F775CA5912AC-FollowerState: change to CANDIDATE, lastRpcTime:105ms, electionTimeout:105ms
2019-10-17 18:50:52,849 [Thread-1298] INFO  impl.RoleInfo (RoleInfo.java:shutdownFollowerState(121)) - a5e79c22-a35f-4e50-b1fd-e91b6a93d74d: shutdown FollowerState
2019-10-17 18:50:52,849 [Thread-1298] INFO  impl.RaftServerImpl (RaftServerImpl.java:setRole(184)) - a5e79c22-a35f-4e50-b1fd-e91b6a93d74d@group-F775CA5912AC: changes role from  FOLLOWER to CANDIDATE at term 72 for changeToCandidate
2019-10-17 18:50:52,849 [Thread-1298] INFO  impl.RoleInfo (RoleInfo.java:updateAndGet(143)) - a5e79c22-a35f-4e50-b1fd-e91b6a93d74d: start LeaderElection
2019-10-17 18:50:52,905 [a5e79c22-a35f-4e50-b1fd-e91b6a93d74d@group-F775CA5912AC-LeaderElection142] INFO  impl.LeaderElection (LeaderElection.java:askForVotes(178)) - a5e79c22-a35f-4e50-b1fd-e91b6a93d74d@group-F775CA5912AC-LeaderElection142: begin an election at term 73 for -1: [a5e79c22-a35f-4e50-b1fd-e91b6a93d74d:192.168.157.251:45177, daae7813-f814-475d-9647-a302a5541e36:192.168.157.251:45025, 1e4e1375-1b66-460f-8c99-4c341545a119:192.168.157.251:42113], old=null
2019-10-17 18:50:52,908 [grpc-default-executor-6] INFO  impl.RaftServerImpl (RaftServerImpl.java:setRole(184)) - daae7813-f814-475d-9647-a302a5541e36@group-F775CA5912AC: changes role from  FOLLOWER to FOLLOWER at term 73 for recognizeCandidate:a5e79c22-a35f-4e50-b1fd-e91b6a93d74d
2019-10-17 18:50:52,908 [grpc-default-executor-0] INFO  impl.RaftServerImpl (RaftServerImpl.java:setRole(184)) - 1e4e1375-1b66-460f-8c99-4c341545a119@group-F775CA5912AC: changes role from  FOLLOWER to FOLLOWER at term 73 for recognizeCandidate:a5e79c22-a35f-4e50-b1fd-e91b6a93d74d
2019-10-17 18:50:52,909 [grpc-default-executor-6] INFO  impl.RoleInfo (RoleInfo.java:shutdownFollowerState(121)) - daae7813-f814-475d-9647-a302a5541e36: shutdown FollowerState
2019-10-17 18:50:52,909 [grpc-default-executor-0] INFO  impl.RoleInfo (RoleInfo.java:shutdownFollowerState(121)) - 1e4e1375-1b66-460f-8c99-4c341545a119: shutdown FollowerState
2019-10-17 18:50:52,909 [grpc-default-executor-6] INFO  impl.RoleInfo (RoleInfo.java:updateAndGet(143)) - daae7813-f814-475d-9647-a302a5541e36: start FollowerState
2019-10-17 18:50:52,909 [Thread-1297] INFO  impl.FollowerState (FollowerState.java:run(117)) - daae7813-f814-475d-9647-a302a5541e36@group-F775CA5912AC-FollowerState was interrupted: java.lang.InterruptedException: sleep interrupted
2019-10-17 18:50:52,909 [grpc-default-executor-0] INFO  impl.RoleInfo (RoleInfo.java:updateAndGet(143)) - 1e4e1375-1b66-460f-8c99-4c341545a119: start FollowerState
2019-10-17 18:50:52,909 [Thread-1296] INFO  impl.FollowerState (FollowerState.java:run(117)) - 1e4e1375-1b66-460f-8c99-4c341545a119@group-F775CA5912AC-FollowerState was interrupted: java.lang.InterruptedException: sleep interrupted
2019-10-17 18:50:52,934 [a5e79c22-a35f-4e50-b1fd-e91b6a93d74d@group-F775CA5912AC-LeaderElection142] INFO  impl.LeaderElection (LeaderElection.java:logAndReturn(56)) - a5e79c22-a35f-4e50-b1fd-e91b6a93d74d@group-F775CA5912AC-LeaderElection142: Election REJECTED; received 2 response(s) [a5e79c22-a35f-4e50-b1fd-e91b6a93d74d<-daae7813-f814-475d-9647-a302a5541e36#0:FAIL-t73, a5e79c22-a35f-4e50-b1fd-e91b6a93d74d<-1e4e1375-1b66-460f-8c99-4c341545a119#0:FAIL-t73] and 0 exception(s); a5e79c22-a35f-4e50-b1fd-e91b6a93d74d@group-F775CA5912AC:t73, leader=null, voted=a5e79c22-a35f-4e50-b1fd-e91b6a93d74d, raftlog=a5e79c22-a35f-4e50-b1fd-e91b6a93d74d@group-F775CA5912AC-SegmentedRaftLog:OPENED:c-1,f-1,i0, conf=-1: [a5e79c22-a35f-4e50-b1fd-e91b6a93d74d:192.168.157.251:45177, daae7813-f814-475d-9647-a302a5541e36:192.168.157.251:45025, 1e4e1375-1b66-460f-8c99-4c341545a119:192.168.157.251:42113], old=null
2019-10-17 18:50:52,934 [a5e79c22-a35f-4e50-b1fd-e91b6a93d74d@group-F775CA5912AC-LeaderElection142] INFO  impl.RaftServerImpl (RaftServerImpl.java:setRole(184)) - a5e79c22-a35f-4e50-b1fd-e91b6a93d74d@group-F775CA5912AC: changes role from CANDIDATE to FOLLOWER at term 73 for DISCOVERED_A_NEW_TERM
2019-10-17 18:50:52,934 [a5e79c22-a35f-4e50-b1fd-e91b6a93d74d@group-F775CA5912AC-LeaderElection142] INFO  impl.RoleInfo (RoleInfo.java:shutdownLeaderElection(134)) - a5e79c22-a35f-4e50-b1fd-e91b6a93d74d: shutdown LeaderElection
2019-10-17 18:50:52,935 [a5e79c22-a35f-4e50-b1fd-e91b6a93d74d@group-F775CA5912AC-LeaderElection142] INFO  impl.RoleInfo (RoleInfo.java:updateAndGet(143)) - a5e79c22-a35f-4e50-b1fd-e91b6a93d74d: start FollowerState
2019-10-17 18:50:53,006 [Thread-1310] INFO  impl.FollowerState (FollowerState.java:run(108)) - abcd8826-c056-4817-bd0f-7af19a46d814@group-5F52F902B742-FollowerState: change to CANDIDATE, lastRpcTime:173ms, electionTimeout:173ms
2019-10-17 18:50:53,006 [Thread-1310] INFO  impl.RoleInfo (RoleInfo.java:shutdownFollowerState(121)) - abcd8826-c056-4817-bd0f-7af19a46d814: shutdown FollowerState
2019-10-17 18:50:53,006 [Thread-1310] INFO  impl.RaftServerImpl (RaftServerImpl.java:setRole(184)) - abcd8826-c056-4817-bd0f-7af19a46d814@group-5F52F902B742: changes role from  FOLLOWER to CANDIDATE at term 71 for changeToCandidate
2019-10-17 18:50:53,006 [Thread-1310] INFO  impl.RoleInfo (RoleInfo.java:updateAndGet(143)) - abcd8826-c056-4817-bd0f-7af19a46d814: start LeaderElection
2019-10-17 18:50:53,021 [abcd8826-c056-4817-bd0f-7af19a46d814@group-5F52F902B742-LeaderElection143] INFO  impl.LeaderElection (LeaderElection.java:askForVotes(178)) - abcd8826-c056-4817-bd0f-7af19a46d814@group-5F52F902B742-LeaderElection143: begin an election at term 72 for -1: [b8f04e38-0663-4b1f-8efd-f76585c6e86c:192.168.157.251:35700, abcd8826-c056-4817-bd0f-7af19a46d814:192.168.157.251:46496, 73297ffa-40cb-4e3e-b33e-1bc2c1da60f5:192.168.157.251:32952], old=null
2019-10-17 18:50:53,023 [grpc-default-executor-0] INFO  impl.RaftServerImpl (RaftServerImpl.java:setRole(184)) - 73297ffa-40cb-4e3e-b33e-1bc2c1da60f5@group-5F52F902B742: changes role from  FOLLOWER to FOLLOWER at term 72 for recognizeCandidate:abcd8826-c056-4817-bd0f-7af19a46d814
2019-10-17 18:50:53,023 [grpc-default-executor-6] INFO  impl.RaftServerImpl (RaftServerImpl.java:setRole(184)) - b8f04e38-0663-4b1f-8efd-f76585c6e86c@group-5F52F902B742: changes role from  FOLLOWER to FOLLOWER at term 72 for recognizeCandidate:abcd8826-c056-4817-bd0f-7af19a46d814
2019-10-17 18:50:53,023 [grpc-default-executor-0] INFO  impl.RoleInfo (RoleInfo.java:shutdownFollowerState(121)) - 73297ffa-40cb-4e3e-b33e-1bc2c1da60f5: shutdown FollowerState
2019-10-17 18:50:53,024 [grpc-default-executor-6] INFO  impl.RoleInfo (RoleInfo.java:shutdownFollowerState(121)) - b8f04e38-0663-4b1f-8efd-f76585c6e86c: shutdown FollowerState
2019-10-17 18:50:53,024 [Thread-1308] INFO  impl.FollowerState (FollowerState.java:run(117)) - 73297ffa-40cb-4e3e-b33e-1bc2c1da60f5@group-5F52F902B742-FollowerState was interrupted: java.lang.InterruptedException: sleep interrupted
2019-10-17 18:50:53,024 [grpc-default-executor-0] INFO  impl.RoleInfo (RoleInfo.java:updateAndGet(143)) - 73297ffa-40cb-4e3e-b33e-1bc2c1da60f5: start FollowerState
2019-10-17 18:50:53,024 [grpc-default-executor-6] INFO  impl.RoleInfo (RoleInfo.java:updateAndGet(143)) - b8f04e38-0663-4b1f-8efd-f76585c6e86c: start FollowerState
2019-10-17 18:50:53,024 [Thread-1309] INFO  impl.FollowerState (FollowerState.java:run(117)) - b8f04e38-0663-4b1f-8efd-f76585c6e86c@group-5F52F902B742-FollowerState was interrupted: java.lang.InterruptedException: sleep interrupted
2019-10-17 18:50:53,042 [abcd8826-c056-4817-bd0f-7af19a46d814@group-5F52F902B742-LeaderElection143] INFO  impl.LeaderElection (LeaderElection.java:logAndReturn(56)) - abcd8826-c056-4817-bd0f-7af19a46d814@group-5F52F902B742-LeaderElection143: Election REJECTED; received 2 response(s) [abcd8826-c056-4817-bd0f-7af19a46d814<-b8f04e38-0663-4b1f-8efd-f76585c6e86c#0:FAIL-t72, abcd8826-c056-4817-bd0f-7af19a46d814<-73297ffa-40cb-4e3e-b33e-1bc2c1da60f5#0:FAIL-t72] and 0 exception(s); abcd8826-c056-4817-bd0f-7af19a46d814@group-5F52F902B742:t72, leader=null, voted=abcd8826-c056-4817-bd0f-7af19a46d814, raftlog=abcd8826-c056-4817-bd0f-7af19a46d814@group-5F52F902B742-SegmentedRaftLog:OPENED:c-1,f-1,i0, conf=-1: [b8f04e38-0663-4b1f-8efd-f76585c6e86c:192.168.157.251:35700, abcd8826-c056-4817-bd0f-7af19a46d814:192.168.157.251:46496, 73297ffa-40cb-4e3e-b33e-1bc2c1da60f5:192.168.157.251:32952], old=null
2019-10-17 18:50:53,043 [abcd8826-c056-4817-bd0f-7af19a46d814@group-5F52F902B742-LeaderElection143] INFO  impl.RaftServerImpl (RaftServerImpl.java:setRole(184)) - abcd8826-c056-4817-bd0f-7af19a46d814@group-5F52F902B742: changes role from CANDIDATE to FOLLOWER at term 72 for DISCOVERED_A_NEW_TERM
2019-10-17 18:50:53,043 [abcd8826-c056-4817-bd0f-7af19a46d814@group-5F52F902B742-LeaderElection143] INFO  impl.RoleInfo (RoleInfo.java:shutdownLeaderElection(134)) - abcd8826-c056-4817-bd0f-7af19a46d814: shutdown LeaderElection
2019-10-17 18:50:53,043 [abcd8826-c056-4817-bd0f-7af19a46d814@group-5F52F902B742-LeaderElection143] INFO  impl.RoleInfo (RoleInfo.java:updateAndGet(143)) - abcd8826-c056-4817-bd0f-7af19a46d814: start FollowerState
2019-10-17 18:50:53,054 [Thread-1318] INFO  impl.FollowerState (FollowerState.java:run(108)) - a5e79c22-a35f-4e50-b1fd-e91b6a93d74d@group-F775CA5912AC-FollowerState: change to CANDIDATE, lastRpcTime:119ms, electionTimeout:117ms
2019-10-17 18:50:53,065 [Thread-1318] INFO  impl.RoleInfo (RoleInfo.java:shutdownFollowerState(121)) - a5e79c22-a35f-4e50-b1fd-e91b6a93d74d: shutdown FollowerState
2019-10-17 18:50:53,065 [Thread-1318] INFO  impl.RaftServerImpl (RaftServerImpl.java:setRole(184)) - a5e79c22-a35f-4e50-b1fd-e91b6a93d74d@group-F775CA5912AC: changes role from  FOLLOWER to CANDIDATE at term 73 for changeToCandidate
2019-10-17 18:50:53,065 [Thread-1318] INFO  impl.RoleInfo (RoleInfo.java:updateAndGet(143)) - a5e79c22-a35f-4e50-b1fd-e91b6a93d74d: start LeaderElection
2019-10-17 18:50:53,079 [a5e79c22-a35f-4e50-b1fd-e91b6a93d74d@group-F775CA5912AC-LeaderElection144] INFO  impl.LeaderElection (LeaderElection.java:askForVotes(178)) - a5e79c22-a35f-4e50-b1fd-e91b6a93d74d@group-F775CA5912AC-LeaderElection144: begin an election at term 74 for -1: [a5e79c22-a35f-4e50-b1fd-e91b6a93d74d:192.168.157.251:45177, daae7813-f814-475d-9647-a302a5541e36:192.168.157.251:45025, 1e4e1375-1b66-460f-8c99-4c341545a119:192.168.157.251:42113], old=null
2019-10-17 18:50:53,081 [grpc-default-executor-6] INFO  impl.RaftServerImpl (RaftServerImpl.java:setRole(184)) - 1e4e1375-1b66-460f-8c99-4c341545a119@group-F775CA5912AC: changes role from  FOLLOWER to FOLLOWER at term 74 for recognizeCandidate:a5e79c22-a35f-4e50-b1fd-e91b6a93d74d
2019-10-17 18:50:53,081 [grpc-default-executor-0] INFO  impl.RaftServerImpl (RaftServerImpl.java:setRole(184)) - daae7813-f814-475d-9647-a302a5541e36@group-F775CA5912AC: changes role from  FOLLOWER to FOLLOWER at term 74 for recognizeCandidate:a5e79c22-a35f-4e50-b1fd-e91b6a93d74d
2019-10-17 18:50:53,081 [grpc-default-executor-6] INFO  impl.RoleInfo (RoleInfo.java:shutdownFollowerState(121)) - 1e4e1375-1b66-460f-8c99-4c341545a119: shutdown FollowerState
2019-10-17 18:50:53,081 [grpc-default-executor-0] INFO  impl.RoleInfo (RoleInfo.java:shutdownFollowerState(121)) - daae7813-f814-475d-9647-a302a5541e36: shutdown FollowerState
2019-10-17 18:50:53,082 [grpc-default-executor-6] INFO  impl.RoleInfo (RoleInfo.java:updateAndGet(143)) - 1e4e1375-1b66-460f-8c99-4c341545a119: start FollowerState
2019-10-17 18:50:53,082 [Thread-1317] INFO  impl.FollowerState (FollowerState.java:run(117)) - 1e4e1375-1b66-460f-8c99-4c341545a119@group-F775CA5912AC-FollowerState was interrupted: java.lang.InterruptedException: sleep interrupted
2019-10-17 18:50:53,082 [grpc-default-executor-0] INFO  impl.RoleInfo (RoleInfo.java:updateAndGet(143)) - daae7813-f814-475d-9647-a302a5541e36: start FollowerState
2019-10-17 18:50:53,082 [Thread-1316] INFO  impl.FollowerState (FollowerState.java:run(117)) - daae7813-f814-475d-9647-a302a5541e36@group-F775CA5912AC-FollowerState was interrupted: java.lang.InterruptedException: sleep interrupted
2019-10-17 18:50:53,096 [a5e79c22-a35f-4e50-b1fd-e91b6a93d74d@group-F775CA5912AC-LeaderElection144] INFO  impl.LeaderElection (LeaderElection.java:logAndReturn(56)) - a5e79c22-a35f-4e50-b1fd-e91b6a93d74d@group-F775CA5912AC-LeaderElection144: Election REJECTED; received 2 response(s) [a5e79c22-a35f-4e50-b1fd-e91b6a93d74d<-daae7813-f814-475d-9647-a302a5541e36#0:FAIL-t74, a5e79c22-a35f-4e50-b1fd-e91b6a93d74d<-1e4e1375-1b66-460f-8c99-4c341545a119#0:FAIL-t74] and 0 exception(s); a5e79c22-a35f-4e50-b1fd-e91b6a93d74d@group-F775CA5912AC:t74, leader=null, voted=a5e79c22-a35f-4e50-b1fd-e91b6a93d74d, raftlog=a5e79c22-a35f-4e50-b1fd-e91b6a93d74d@group-F775CA5912AC-SegmentedRaftLog:OPENED:c-1,f-1,i0, conf=-1: [a5e79c22-a35f-4e50-b1fd-e91b6a93d74d:192.168.157.251:45177, daae7813-f814-475d-9647-a302a5541e36:192.168.157.251:45025, 1e4e1375-1b66-460f-8c99-4c341545a119:192.168.157.251:42113], old=null
2019-10-17 18:50:53,096 [a5e79c22-a35f-4e50-b1fd-e91b6a93d74d@group-F775CA5912AC-LeaderElection144] INFO  impl.RaftServerImpl (RaftServerImpl.java:setRole(184)) - a5e79c22-a35f-4e50-b1fd-e91b6a93d74d@group-F775CA5912AC: changes role from CANDIDATE to FOLLOWER at term 74 for DISCOVERED_A_NEW_TERM
2019-10-17 18:50:53,096 [a5e79c22-a35f-4e50-b1fd-e91b6a93d74d@group-F775CA5912AC-LeaderElection144] INFO  impl.RoleInfo (RoleInfo.java:shutdownLeaderElection(134)) - a5e79c22-a35f-4e50-b1fd-e91b6a93d74d: shutdown LeaderElection
2019-10-17 18:50:53,096 [a5e79c22-a35f-4e50-b1fd-e91b6a93d74d@group-F775CA5912AC-LeaderElection144] INFO  impl.RoleInfo (RoleInfo.java:updateAndGet(143)) - a5e79c22-a35f-4e50-b1fd-e91b6a93d74d: start FollowerState
2019-10-17 18:50:53,128 [Thread-1330] INFO  impl.FollowerState (FollowerState.java:run(108)) - a5e79c22-a35f-4e50-b1fd-e91b6a93d74d@group-F775CA5912AC-FollowerState: change to CANDIDATE, lastRpcTime:31ms, electionTimeout:31ms
2019-10-17 18:50:53,128 [Thread-1330] INFO  impl.RoleInfo (RoleInfo.java:shutdownFollowerState(121)) - a5e79c22-a35f-4e50-b1fd-e91b6a93d74d: shutdown FollowerState
2019-10-17 18:50:53,128 [Thread-1330] INFO  impl.RaftServerImpl (RaftServerImpl.java:setRole(184)) - a5e79c22-a35f-4e50-b1fd-e91b6a93d74d@group-F775CA5912AC: changes role from  FOLLOWER to CANDIDATE at term 74 for changeToCandidate
2019-10-17 18:50:53,128 [Thread-1330] INFO  impl.RoleInfo (RoleInfo.java:updateAndGet(143)) - a5e79c22-a35f-4e50-b1fd-e91b6a93d74d: start LeaderElection
2019-10-17 18:50:53,142 [a5e79c22-a35f-4e50-b1fd-e91b6a93d74d@group-F775CA5912AC-LeaderElection145] INFO  impl.LeaderElection (LeaderElection.java:askForVotes(178)) - a5e79c22-a35f-4e50-b1fd-e91b6a93d74d@group-F775CA5912AC-LeaderElection145: begin an election at term 75 for -1: [a5e79c22-a35f-4e50-b1fd-e91b6a93d74d:192.168.157.251:45177, daae7813-f814-475d-9647-a302a5541e36:192.168.157.251:45025, 1e4e1375-1b66-460f-8c99-4c341545a119:192.168.157.251:42113], old=null
2019-10-17 18:50:53,144 [grpc-default-executor-0] INFO  impl.RaftServerImpl (RaftServerImpl.java:setRole(184)) - daae7813-f814-475d-9647-a302a5541e36@group-F775CA5912AC: changes role from  FOLLOWER to FOLLOWER at term 75 for recognizeCandidate:a5e79c22-a35f-4e50-b1fd-e91b6a93d74d
2019-10-17 18:50:53,144 [grpc-default-executor-6] INFO  impl.RaftServerImpl (RaftServerImpl.java:setRole(184)) - 1e4e1375-1b66-460f-8c99-4c341545a119@group-F775CA5912AC: changes role from  FOLLOWER to FOLLOWER at term 75 for recognizeCandidate:a5e79c22-a35f-4e50-b1fd-e91b6a93d74d
2019-10-17 18:50:53,144 [grpc-default-executor-0] INFO  impl.RoleInfo (RoleInfo.java:shutdownFollowerState(121)) - daae7813-f814-475d-9647-a302a5541e36: shutdown FollowerState
2019-10-17 18:50:53,145 [grpc-default-executor-6] INFO  impl.RoleInfo (RoleInfo.java:shutdownFollowerState(121)) - 1e4e1375-1b66-460f-8c99-4c341545a119: shutdown FollowerState
2019-10-17 18:50:53,145 [grpc-default-executor-0] INFO  impl.RoleInfo (RoleInfo.java:updateAndGet(143)) - daae7813-f814-475d-9647-a302a5541e36: start FollowerState
2019-10-17 18:50:53,145 [Thread-1328] INFO  impl.FollowerState (FollowerState.java:run(117)) - 1e4e1375-1b66-460f-8c99-4c341545a119@group-F775CA5912AC-FollowerState was interrupted: java.lang.InterruptedException: sleep interrupted
2019-10-17 18:50:53,145 [grpc-default-executor-6] INFO  impl.RoleInfo (RoleInfo.java:updateAndGet(143)) - 1e4e1375-1b66-460f-8c99-4c341545a119: start FollowerState
2019-10-17 18:50:53,145 [Thread-1329] INFO  impl.FollowerState (FollowerState.java:run(117)) - daae7813-f814-475d-9647-a302a5541e36@group-F775CA5912AC-FollowerState was interrupted: java.lang.InterruptedException: sleep interrupted
2019-10-17 18:50:53,160 [a5e79c22-a35f-4e50-b1fd-e91b6a93d74d@group-F775CA5912AC-LeaderElection145] INFO  impl.LeaderElection (LeaderElection.java:logAndReturn(56)) - a5e79c22-a35f-4e50-b1fd-e91b6a93d74d@group-F775CA5912AC-LeaderElection145: Election REJECTED; received 2 response(s) [a5e79c22-a35f-4e50-b1fd-e91b6a93d74d<-daae7813-f814-475d-9647-a302a5541e36#0:FAIL-t75, a5e79c22-a35f-4e50-b1fd-e91b6a93d74d<-1e4e1375-1b66-460f-8c99-4c341545a119#0:FAIL-t75] and 0 exception(s); a5e79c22-a35f-4e50-b1fd-e91b6a93d74d@group-F775CA5912AC:t75, leader=null, voted=a5e79c22-a35f-4e50-b1fd-e91b6a93d74d, raftlog=a5e79c22-a35f-4e50-b1fd-e91b6a93d74d@group-F775CA5912AC-SegmentedRaftLog:OPENED:c-1,f-1,i0, conf=-1: [a5e79c22-a35f-4e50-b1fd-e91b6a93d74d:192.168.157.251:45177, daae7813-f814-475d-9647-a302a5541e36:192.168.157.251:45025, 1e4e1375-1b66-460f-8c99-4c341545a119:192.168.157.251:42113], old=null
2019-10-17 18:50:53,160 [a5e79c22-a35f-4e50-b1fd-e91b6a93d74d@group-F775CA5912AC-LeaderElection145] INFO  impl.RaftServerImpl (RaftServerImpl.java:setRole(184)) - a5e79c22-a35f-4e50-b1fd-e91b6a93d74d@group-F775CA5912AC: changes role from CANDIDATE to FOLLOWER at term 75 for DISCOVERED_A_NEW_TERM
2019-10-17 18:50:53,160 [a5e79c22-a35f-4e50-b1fd-e91b6a93d74d@group-F775CA5912AC-LeaderElection145] INFO  impl.RoleInfo (RoleInfo.java:shutdownLeaderElection(134)) - a5e79c22-a35f-4e50-b1fd-e91b6a93d74d: shutdown LeaderElection
2019-10-17 18:50:53,160 [a5e79c22-a35f-4e50-b1fd-e91b6a93d74d@group-F775CA5912AC-LeaderElection145] INFO  impl.RoleInfo (RoleInfo.java:updateAndGet(143)) - a5e79c22-a35f-4e50-b1fd-e91b6a93d74d: start FollowerState
2019-10-17 18:50:53,160 [Thread-1336] INFO  impl.FollowerState (FollowerState.java:run(108)) - a5e79c22-a35f-4e50-b1fd-e91b6a93d74d@group-F775CA5912AC-FollowerState: change to CANDIDATE, lastRpcTime:0ms, electionTimeout:0ms
2019-10-17 18:50:53,160 [Thread-1336] INFO  impl.RoleInfo (RoleInfo.java:shutdownFollowerState(121)) - a5e79c22-a35f-4e50-b1fd-e91b6a93d74d: shutdown FollowerState
2019-10-17 18:50:53,161 [Thread-1336] INFO  impl.RaftServerImpl (RaftServerImpl.java:setRole(184)) - a5e79c22-a35f-4e50-b1fd-e91b6a93d74d@group-F775CA5912AC: changes role from  FOLLOWER to CANDIDATE at term 75 for changeToCandidate
2019-10-17 18:50:53,161 [Thread-1336] INFO  impl.RoleInfo (RoleInfo.java:updateAndGet(143)) - a5e79c22-a35f-4e50-b1fd-e91b6a93d74d: start LeaderElection
2019-10-17 18:50:53,174 [a5e79c22-a35f-4e50-b1fd-e91b6a93d74d@group-F775CA5912AC-LeaderElection146] INFO  impl.LeaderElection (LeaderElection.java:askForVotes(178)) - a5e79c22-a35f-4e50-b1fd-e91b6a93d74d@group-F775CA5912AC-LeaderElection146: begin an election at term 76 for -1: [a5e79c22-a35f-4e50-b1fd-e91b6a93d74d:192.168.157.251:45177, daae7813-f814-475d-9647-a302a5541e36:192.168.157.251:45025, 1e4e1375-1b66-460f-8c99-4c341545a119:192.168.157.251:42113], old=null
2019-10-17 18:50:53,176 [grpc-default-executor-6] INFO  impl.RaftServerImpl (RaftServerImpl.java:setRole(184)) - 1e4e1375-1b66-460f-8c99-4c341545a119@group-F775CA5912AC: changes role from  FOLLOWER to FOLLOWER at term 76 for recognizeCandidate:a5e79c22-a35f-4e50-b1fd-e91b6a93d74d
2019-10-17 18:50:53,176 [grpc-default-executor-6] INFO  impl.RoleInfo (RoleInfo.java:shutdownFollowerState(121)) - 1e4e1375-1b66-460f-8c99-4c341545a119: shutdown FollowerState
2019-10-17 18:50:53,176 [grpc-default-executor-6] INFO  impl.RoleInfo (RoleInfo.java:updateAndGet(143)) - 1e4e1375-1b66-460f-8c99-4c341545a119: start FollowerState
2019-10-17 18:50:53,176 [Thread-1335] INFO  impl.FollowerState (FollowerState.java:run(117)) - 1e4e1375-1b66-460f-8c99-4c341545a119@group-F775CA5912AC-FollowerState was interrupted: java.lang.InterruptedException: sleep interrupted
2019-10-17 18:50:53,176 [grpc-default-executor-0] INFO  impl.RaftServerImpl (RaftServerImpl.java:setRole(184)) - daae7813-f814-475d-9647-a302a5541e36@group-F775CA5912AC: changes role from  FOLLOWER to FOLLOWER at term 76 for recognizeCandidate:a5e79c22-a35f-4e50-b1fd-e91b6a93d74d
2019-10-17 18:50:53,177 [grpc-default-executor-0] INFO  impl.RoleInfo (RoleInfo.java:shutdownFollowerState(121)) - daae7813-f814-475d-9647-a302a5541e36: shutdown FollowerState
2019-10-17 18:50:53,177 [grpc-default-executor-0] INFO  impl.RoleInfo (RoleInfo.java:updateAndGet(143)) - daae7813-f814-475d-9647-a302a5541e36: start FollowerState
2019-10-17 18:50:53,177 [Thread-1334] INFO  impl.FollowerState (FollowerState.java:run(117)) - daae7813-f814-475d-9647-a302a5541e36@group-F775CA5912AC-FollowerState was interrupted: java.lang.InterruptedException: sleep interrupted
2019-10-17 18:50:53,191 [a5e79c22-a35f-4e50-b1fd-e91b6a93d74d@group-F775CA5912AC-LeaderElection146] INFO  impl.LeaderElection (LeaderElection.java:logAndReturn(56)) - a5e79c22-a35f-4e50-b1fd-e91b6a93d74d@group-F775CA5912AC-LeaderElection146: Election REJECTED; received 2 response(s) [a5e79c22-a35f-4e50-b1fd-e91b6a93d74d<-daae7813-f814-475d-9647-a302a5541e36#0:FAIL-t76, a5e79c22-a35f-4e50-b1fd-e91b6a93d74d<-1e4e1375-1b66-460f-8c99-4c341545a119#0:FAIL-t76] and 0 exception(s); a5e79c22-a35f-4e50-b1fd-e91b6a93d74d@group-F775CA5912AC:t76, leader=null, voted=a5e79c22-a35f-4e50-b1fd-e91b6a93d74d, raftlog=a5e79c22-a35f-4e50-b1fd-e91b6a93d74d@group-F775CA5912AC-SegmentedRaftLog:OPENED:c-1,f-1,i0, conf=-1: [a5e79c22-a35f-4e50-b1fd-e91b6a93d74d:192.168.157.251:45177, daae7813-f814-475d-9647-a302a5541e36:192.168.157.251:45025, 1e4e1375-1b66-460f-8c99-4c341545a119:192.168.157.251:42113], old=null
2019-10-17 18:50:53,191 [a5e79c22-a35f-4e50-b1fd-e91b6a93d74d@group-F775CA5912AC-LeaderElection146] INFO  impl.RaftServerImpl (RaftServerImpl.java:setRole(184)) - a5e79c22-a35f-4e50-b1fd-e91b6a93d74d@group-F775CA5912AC: changes role from CANDIDATE to FOLLOWER at term 76 for DISCOVERED_A_NEW_TERM
2019-10-17 18:50:53,191 [a5e79c22-a35f-4e50-b1fd-e91b6a93d74d@group-F775CA5912AC-LeaderElection146] INFO  impl.RoleInfo (RoleInfo.java:shutdownLeaderElection(134)) - a5e79c22-a35f-4e50-b1fd-e91b6a93d74d: shutdown LeaderElection
2019-10-17 18:50:53,191 [a5e79c22-a35f-4e50-b1fd-e91b6a93d74d@group-F775CA5912AC-LeaderElection146] INFO  impl.RoleInfo (RoleInfo.java:updateAndGet(143)) - a5e79c22-a35f-4e50-b1fd-e91b6a93d74d: start FollowerState
2019-10-17 18:50:53,219 [Thread-1324] INFO  impl.FollowerState (FollowerState.java:run(108)) - abcd8826-c056-4817-bd0f-7af19a46d814@group-5F52F902B742-FollowerState: change to CANDIDATE, lastRpcTime:176ms, electionTimeout:176ms
2019-10-17 18:50:53,220 [Thread-1324] INFO  impl.RoleInfo (RoleInfo.java:shutdownFollowerState(121)) - abcd8826-c056-4817-bd0f-7af19a46d814: shutdown FollowerState
2019-10-17 18:50:53,220 [Thread-1324] INFO  impl.RaftServerImpl (RaftServerImpl.java:setRole(184)) - abcd8826-c056-4817-bd0f-7af19a46d814@group-5F52F902B742: changes role from  FOLLOWER to CANDIDATE at term 72 for changeToCandidate
2019-10-17 18:50:53,220 [Thread-1324] INFO  impl.RoleInfo (RoleInfo.java:updateAndGet(143)) - abcd8826-c056-4817-bd0f-7af19a46d814: start LeaderElection
2019-10-17 18:50:53,233 [abcd8826-c056-4817-bd0f-7af19a46d814@group-5F52F902B742-LeaderElection147] INFO  impl.LeaderElection (LeaderElection.java:askForVotes(178)) - abcd8826-c056-4817-bd0f-7af19a46d814@group-5F52F902B742-LeaderElection147: begin an election at term 73 for -1: [b8f04e38-0663-4b1f-8efd-f76585c6e86c:192.168.157.251:35700, abcd8826-c056-4817-bd0f-7af19a46d814:192.168.157.251:46496, 73297ffa-40cb-4e3e-b33e-1bc2c1da60f5:192.168.157.251:32952], old=null
2019-10-17 18:50:53,236 [grpc-default-executor-6] INFO  impl.RaftServerImpl (RaftServerImpl.java:setRole(184)) - b8f04e38-0663-4b1f-8efd-f76585c6e86c@group-5F52F902B742: changes role from  FOLLOWER to FOLLOWER at term 73 for recognizeCandidate:abcd8826-c056-4817-bd0f-7af19a46d814
2019-10-17 18:50:53,236 [grpc-default-executor-0] INFO  impl.RaftServerImpl (RaftServerImpl.java:setRole(184)) - 73297ffa-40cb-4e3e-b33e-1bc2c1da60f5@group-5F52F902B742: changes role from  FOLLOWER to FOLLOWER at term 73 for recognizeCandidate:abcd8826-c056-4817-bd0f-7af19a46d814
2019-10-17 18:50:53,236 [grpc-default-executor-6] INFO  impl.RoleInfo (RoleInfo.java:shutdownFollowerState(121)) - b8f04e38-0663-4b1f-8efd-f76585c6e86c: shutdown FollowerState
2019-10-17 18:50:53,236 [grpc-default-executor-0] INFO  impl.RoleInfo (RoleInfo.java:shutdownFollowerState(121)) - 73297ffa-40cb-4e3e-b33e-1bc2c1da60f5: shutdown FollowerState
2019-10-17 18:50:53,236 [grpc-default-executor-6] INFO  impl.RoleInfo (RoleInfo.java:updateAndGet(143)) - b8f04e38-0663-4b1f-8efd-f76585c6e86c: start FollowerState
2019-10-17 18:50:53,236 [Thread-1322] INFO  impl.FollowerState (FollowerState.java:run(117)) - 73297ffa-40cb-4e3e-b33e-1bc2c1da60f5@group-5F52F902B742-FollowerState was interrupted: java.lang.InterruptedException: sleep interrupted
2019-10-17 18:50:53,236 [grpc-default-executor-0] INFO  impl.RoleInfo (RoleInfo.java:updateAndGet(143)) - 73297ffa-40cb-4e3e-b33e-1bc2c1da60f5: start FollowerState
2019-10-17 18:50:53,236 [Thread-1323] INFO  impl.FollowerState (FollowerState.java:run(117)) - b8f04e38-0663-4b1f-8efd-f76585c6e86c@group-5F52F902B742-FollowerState was interrupted: java.lang.InterruptedException: sleep interrupted
2019-10-17 18:50:53,251 [abcd8826-c056-4817-bd0f-7af19a46d814@group-5F52F902B742-LeaderElection147] INFO  impl.LeaderElection (LeaderElection.java:logAndReturn(56)) - abcd8826-c056-4817-bd0f-7af19a46d814@group-5F52F902B742-LeaderElection147: Election REJECTED; received 2 response(s) [abcd8826-c056-4817-bd0f-7af19a46d814<-b8f04e38-0663-4b1f-8efd-f76585c6e86c#0:FAIL-t73, abcd8826-c056-4817-bd0f-7af19a46d814<-73297ffa-40cb-4e3e-b33e-1bc2c1da60f5#0:FAIL-t73] and 0 exception(s); abcd8826-c056-4817-bd0f-7af19a46d814@group-5F52F902B742:t73, leader=null, voted=abcd8826-c056-4817-bd0f-7af19a46d814, raftlog=abcd8826-c056-4817-bd0f-7af19a46d814@group-5F52F902B742-SegmentedRaftLog:OPENED:c-1,f-1,i0, conf=-1: [b8f04e38-0663-4b1f-8efd-f76585c6e86c:192.168.157.251:35700, abcd8826-c056-4817-bd0f-7af19a46d814:192.168.157.251:46496, 73297ffa-40cb-4e3e-b33e-1bc2c1da60f5:192.168.157.251:32952], old=null
2019-10-17 18:50:53,251 [abcd8826-c056-4817-bd0f-7af19a46d814@group-5F52F902B742-LeaderElection147] INFO  impl.RaftServerImpl (RaftServerImpl.java:setRole(184)) - abcd8826-c056-4817-bd0f-7af19a46d814@group-5F52F902B742: changes role from CANDIDATE to FOLLOWER at term 73 for DISCOVERED_A_NEW_TERM
2019-10-17 18:50:53,251 [abcd8826-c056-4817-bd0f-7af19a46d814@group-5F52F902B742-LeaderElection147] INFO  impl.RoleInfo (RoleInfo.java:shutdownLeaderElection(134)) - abcd8826-c056-4817-bd0f-7af19a46d814: shutdown LeaderElection
2019-10-17 18:50:53,251 [abcd8826-c056-4817-bd0f-7af19a46d814@group-5F52F902B742-LeaderElection147] INFO  impl.RoleInfo (RoleInfo.java:updateAndGet(143)) - abcd8826-c056-4817-bd0f-7af19a46d814: start FollowerState
2019-10-17 18:50:53,305 [Thread-1342] INFO  impl.FollowerState (FollowerState.java:run(108)) - a5e79c22-a35f-4e50-b1fd-e91b6a93d74d@group-F775CA5912AC-FollowerState: change to CANDIDATE, lastRpcTime:114ms, electionTimeout:114ms
2019-10-17 18:50:53,306 [Thread-1342] INFO  impl.RoleInfo (RoleInfo.java:shutdownFollowerState(121)) - a5e79c22-a35f-4e50-b1fd-e91b6a93d74d: shutdown FollowerState
2019-10-17 18:50:53,306 [Thread-1342] INFO  impl.RaftServerImpl (RaftServerImpl.java:setRole(184)) - a5e79c22-a35f-4e50-b1fd-e91b6a93d74d@group-F775CA5912AC: changes role from  FOLLOWER to CANDIDATE at term 76 for changeToCandidate
2019-10-17 18:50:53,306 [Thread-1342] INFO  impl.RoleInfo (RoleInfo.java:updateAndGet(143)) - a5e79c22-a35f-4e50-b1fd-e91b6a93d74d: start LeaderElection
2019-10-17 18:50:53,450 [Thread-1348] INFO  impl.FollowerState (FollowerState.java:run(108)) - abcd8826-c056-4817-bd0f-7af19a46d814@group-5F52F902B742-FollowerState: change to CANDIDATE, lastRpcTime:199ms, electionTimeout:199ms
2019-10-17 18:50:53,451 [Thread-1348] INFO  impl.RoleInfo (RoleInfo.java:shutdownFollowerState(121)) - abcd8826-c056-4817-bd0f-7af19a46d814: shutdown FollowerState
2019-10-17 18:50:53,451 [Thread-1348] INFO  impl.RaftServerImpl (RaftServerImpl.java:setRole(184)) - abcd8826-c056-4817-bd0f-7af19a46d814@group-5F52F902B742: changes role from  FOLLOWER to CANDIDATE at term 73 for changeToCandidate
2019-10-17 18:50:53,451 [Thread-1348] INFO  impl.RoleInfo (RoleInfo.java:updateAndGet(143)) - abcd8826-c056-4817-bd0f-7af19a46d814: start LeaderElection
2019-10-17 18:50:53,472 [a5e79c22-a35f-4e50-b1fd-e91b6a93d74d@group-F775CA5912AC-LeaderElection148] INFO  impl.LeaderElection (LeaderElection.java:askForVotes(178)) - a5e79c22-a35f-4e50-b1fd-e91b6a93d74d@group-F775CA5912AC-LeaderElection148: begin an election at term 77 for -1: [a5e79c22-a35f-4e50-b1fd-e91b6a93d74d:192.168.157.251:45177, daae7813-f814-475d-9647-a302a5541e36:192.168.157.251:45025, 1e4e1375-1b66-460f-8c99-4c341545a119:192.168.157.251:42113], old=null
2019-10-17 18:50:53,474 [grpc-default-executor-0] INFO  impl.RaftServerImpl (RaftServerImpl.java:setRole(184)) - 1e4e1375-1b66-460f-8c99-4c341545a119@group-F775CA5912AC: changes role from  FOLLOWER to FOLLOWER at term 77 for recognizeCandidate:a5e79c22-a35f-4e50-b1fd-e91b6a93d74d
2019-10-17 18:50:53,475 [grpc-default-executor-0] INFO  impl.RoleInfo (RoleInfo.java:shutdownFollowerState(121)) - 1e4e1375-1b66-460f-8c99-4c341545a119: shutdown FollowerState
2019-10-17 18:50:53,475 [grpc-default-executor-0] INFO  impl.RoleInfo (RoleInfo.java:updateAndGet(143)) - 1e4e1375-1b66-460f-8c99-4c341545a119: start FollowerState
2019-10-17 18:50:53,475 [Thread-1340] INFO  impl.FollowerState (FollowerState.java:run(117)) - 1e4e1375-1b66-460f-8c99-4c341545a119@group-F775CA5912AC-FollowerState was interrupted: java.lang.InterruptedException: sleep interrupted
2019-10-17 18:50:53,475 [grpc-default-executor-6] INFO  impl.RaftServerImpl (RaftServerImpl.java:setRole(184)) - daae7813-f814-475d-9647-a302a5541e36@group-F775CA5912AC: changes role from  FOLLOWER to FOLLOWER at term 77 for recognizeCandidate:a5e79c22-a35f-4e50-b1fd-e91b6a93d74d
2019-10-17 18:50:53,475 [grpc-default-executor-6] INFO  impl.RoleInfo (RoleInfo.java:shutdownFollowerState(121)) - daae7813-f814-475d-9647-a302a5541e36: shutdown FollowerState
2019-10-17 18:50:53,475 [grpc-default-executor-6] INFO  impl.RoleInfo (RoleInfo.java:updateAndGet(143)) - daae7813-f814-475d-9647-a302a5541e36: start FollowerState
2019-10-17 18:50:53,475 [Thread-1341] INFO  impl.FollowerState (FollowerState.java:run(117)) - daae7813-f814-475d-9647-a302a5541e36@group-F775CA5912AC-FollowerState was interrupted: java.lang.InterruptedException: sleep interrupted
2019-10-17 18:50:53,512 [abcd8826-c056-4817-bd0f-7af19a46d814@group-5F52F902B742-LeaderElection149] INFO  impl.LeaderElection (LeaderElection.java:askForVotes(178)) - abcd8826-c056-4817-bd0f-7af19a46d814@group-5F52F902B742-LeaderElection149: begin an election at term 74 for -1: [b8f04e38-0663-4b1f-8efd-f76585c6e86c:192.168.157.251:35700, abcd8826-c056-4817-bd0f-7af19a46d814:192.168.157.251:46496, 73297ffa-40cb-4e3e-b33e-1bc2c1da60f5:192.168.157.251:32952], old=null
2019-10-17 18:50:53,514 [grpc-default-executor-4] INFO  impl.RaftServerImpl (RaftServerImpl.java:setRole(184)) - b8f04e38-0663-4b1f-8efd-f76585c6e86c@group-5F52F902B742: changes role from  FOLLOWER to FOLLOWER at term 74 for recognizeCandidate:abcd8826-c056-4817-bd0f-7af19a46d814
2019-10-17 18:50:53,514 [grpc-default-executor-2] INFO  impl.RaftServerImpl (RaftServerImpl.java:setRole(184)) - 73297ffa-40cb-4e3e-b33e-1bc2c1da60f5@group-5F52F902B742: changes role from  FOLLOWER to FOLLOWER at term 74 for recognizeCandidate:abcd8826-c056-4817-bd0f-7af19a46d814
2019-10-17 18:50:53,515 [grpc-default-executor-4] INFO  impl.RoleInfo (RoleInfo.java:shutdownFollowerState(121)) - b8f04e38-0663-4b1f-8efd-f76585c6e86c: shutdown FollowerState
2019-10-17 18:50:53,515 [grpc-default-executor-2] INFO  impl.RoleInfo (RoleInfo.java:shutdownFollowerState(121)) - 73297ffa-40cb-4e3e-b33e-1bc2c1da60f5: shutdown FollowerState
2019-10-17 18:50:53,515 [grpc-default-executor-4] INFO  impl.RoleInfo (RoleInfo.java:updateAndGet(143)) - b8f04e38-0663-4b1f-8efd-f76585c6e86c: start FollowerState
2019-10-17 18:50:53,515 [Thread-1346] INFO  impl.FollowerState (FollowerState.java:run(117)) - b8f04e38-0663-4b1f-8efd-f76585c6e86c@group-5F52F902B742-FollowerState was interrupted: java.lang.InterruptedException: sleep interrupted
2019-10-17 18:50:53,515 [Thread-1347] INFO  impl.FollowerState (FollowerState.java:run(117)) - 73297ffa-40cb-4e3e-b33e-1bc2c1da60f5@group-5F52F902B742-FollowerState was interrupted: java.lang.InterruptedException: sleep interrupted
2019-10-17 18:50:53,515 [grpc-default-executor-2] INFO  impl.RoleInfo (RoleInfo.java:updateAndGet(143)) - 73297ffa-40cb-4e3e-b33e-1bc2c1da60f5: start FollowerState
2019-10-17 18:50:53,516 [a5e79c22-a35f-4e50-b1fd-e91b6a93d74d@group-F775CA5912AC-LeaderElection148] INFO  impl.LeaderElection (LeaderElection.java:logAndReturn(56)) - a5e79c22-a35f-4e50-b1fd-e91b6a93d74d@group-F775CA5912AC-LeaderElection148: Election REJECTED; received 2 response(s) [a5e79c22-a35f-4e50-b1fd-e91b6a93d74d<-daae7813-f814-475d-9647-a302a5541e36#0:FAIL-t77, a5e79c22-a35f-4e50-b1fd-e91b6a93d74d<-1e4e1375-1b66-460f-8c99-4c341545a119#0:FAIL-t77] and 0 exception(s); a5e79c22-a35f-4e50-b1fd-e91b6a93d74d@group-F775CA5912AC:t77, leader=null, voted=a5e79c22-a35f-4e50-b1fd-e91b6a93d74d, raftlog=a5e79c22-a35f-4e50-b1fd-e91b6a93d74d@group-F775CA5912AC-SegmentedRaftLog:OPENED:c-1,f-1,i0, conf=-1: [a5e79c22-a35f-4e50-b1fd-e91b6a93d74d:192.168.157.251:45177, daae7813-f814-475d-9647-a302a5541e36:192.168.157.251:45025, 1e4e1375-1b66-460f-8c99-4c341545a119:192.168.157.251:42113], old=null
2019-10-17 18:50:53,516 [a5e79c22-a35f-4e50-b1fd-e91b6a93d74d@group-F775CA5912AC-LeaderElection148] INFO  impl.RaftServerImpl (RaftServerImpl.java:setRole(184)) - a5e79c22-a35f-4e50-b1fd-e91b6a93d74d@group-F775CA5912AC: changes role from CANDIDATE to FOLLOWER at term 77 for DISCOVERED_A_NEW_TERM
2019-10-17 18:50:53,516 [a5e79c22-a35f-4e50-b1fd-e91b6a93d74d@group-F775CA5912AC-LeaderElection148] INFO  impl.RoleInfo (RoleInfo.java:shutdownLeaderElection(134)) - a5e79c22-a35f-4e50-b1fd-e91b6a93d74d: shutdown LeaderElection
2019-10-17 18:50:53,516 [a5e79c22-a35f-4e50-b1fd-e91b6a93d74d@group-F775CA5912AC-LeaderElection148] INFO  impl.RoleInfo (RoleInfo.java:updateAndGet(143)) - a5e79c22-a35f-4e50-b1fd-e91b6a93d74d: start FollowerState
2019-10-17 18:50:53,528 [abcd8826-c056-4817-bd0f-7af19a46d814@group-5F52F902B742-LeaderElection149] INFO  impl.LeaderElection (LeaderElection.java:logAndReturn(56)) - abcd8826-c056-4817-bd0f-7af19a46d814@group-5F52F902B742-LeaderElection149: Election REJECTED; received 2 response(s) [abcd8826-c056-4817-bd0f-7af19a46d814<-b8f04e38-0663-4b1f-8efd-f76585c6e86c#0:FAIL-t74, abcd8826-c056-4817-bd0f-7af19a46d814<-73297ffa-40cb-4e3e-b33e-1bc2c1da60f5#0:FAIL-t74] and 0 exception(s); abcd8826-c056-4817-bd0f-7af19a46d814@group-5F52F902B742:t74, leader=null, voted=abcd8826-c056-4817-bd0f-7af19a46d814, raftlog=abcd8826-c056-4817-bd0f-7af19a46d814@group-5F52F902B742-SegmentedRaftLog:OPENED:c-1,f-1,i0, conf=-1: [b8f04e38-0663-4b1f-8efd-f76585c6e86c:192.168.157.251:35700, abcd8826-c056-4817-bd0f-7af19a46d814:192.168.157.251:46496, 73297ffa-40cb-4e3e-b33e-1bc2c1da60f5:192.168.157.251:32952], old=null
2019-10-17 18:50:53,528 [abcd8826-c056-4817-bd0f-7af19a46d814@group-5F52F902B742-LeaderElection149] INFO  impl.RaftServerImpl (RaftServerImpl.java:setRole(184)) - abcd8826-c056-4817-bd0f-7af19a46d814@group-5F52F902B742: changes role from CANDIDATE to FOLLOWER at term 74 for DISCOVERED_A_NEW_TERM
2019-10-17 18:50:53,529 [abcd8826-c056-4817-bd0f-7af19a46d814@group-5F52F902B742-LeaderElection149] INFO  impl.RoleInfo (RoleInfo.java:shutdownLeaderElection(134)) - abcd8826-c056-4817-bd0f-7af19a46d814: shutdown LeaderElection
2019-10-17 18:50:53,529 [abcd8826-c056-4817-bd0f-7af19a46d814@group-5F52F902B742-LeaderElection149] INFO  impl.RoleInfo (RoleInfo.java:updateAndGet(143)) - abcd8826-c056-4817-bd0f-7af19a46d814: start FollowerState
2019-10-17 18:50:53,545 [Thread-1362] INFO  impl.FollowerState (FollowerState.java:run(108)) - abcd8826-c056-4817-bd0f-7af19a46d814@group-5F52F902B742-FollowerState: change to CANDIDATE, lastRpcTime:16ms, electionTimeout:16ms
2019-10-17 18:50:53,545 [Thread-1362] INFO  impl.RoleInfo (RoleInfo.java:shutdownFollowerState(121)) - abcd8826-c056-4817-bd0f-7af19a46d814: shutdown FollowerState
2019-10-17 18:50:53,545 [Thread-1362] INFO  impl.RaftServerImpl (RaftServerImpl.java:setRole(184)) - abcd8826-c056-4817-bd0f-7af19a46d814@group-5F52F902B742: changes role from  FOLLOWER to CANDIDATE at term 74 for changeToCandidate
2019-10-17 18:50:53,546 [Thread-1362] INFO  impl.RoleInfo (RoleInfo.java:updateAndGet(143)) - abcd8826-c056-4817-bd0f-7af19a46d814: start LeaderElection
2019-10-17 18:50:53,570 [abcd8826-c056-4817-bd0f-7af19a46d814@group-5F52F902B742-LeaderElection150] INFO  impl.LeaderElection (LeaderElection.java:askForVotes(178)) - abcd8826-c056-4817-bd0f-7af19a46d814@group-5F52F902B742-LeaderElection150: begin an election at term 75 for -1: [b8f04e38-0663-4b1f-8efd-f76585c6e86c:192.168.157.251:35700, abcd8826-c056-4817-bd0f-7af19a46d814:192.168.157.251:46496, 73297ffa-40cb-4e3e-b33e-1bc2c1da60f5:192.168.157.251:32952], old=null
2019-10-17 18:50:53,573 [grpc-default-executor-4] INFO  impl.RaftServerImpl (RaftServerImpl.java:setRole(184)) - 73297ffa-40cb-4e3e-b33e-1bc2c1da60f5@group-5F52F902B742: changes role from  FOLLOWER to FOLLOWER at term 75 for recognizeCandidate:abcd8826-c056-4817-bd0f-7af19a46d814
2019-10-17 18:50:53,573 [grpc-default-executor-2] INFO  impl.RaftServerImpl (RaftServerImpl.java:setRole(184)) - b8f04e38-0663-4b1f-8efd-f76585c6e86c@group-5F52F902B742: changes role from  FOLLOWER to FOLLOWER at term 75 for recognizeCandidate:abcd8826-c056-4817-bd0f-7af19a46d814
2019-10-17 18:50:53,573 [grpc-default-executor-4] INFO  impl.RoleInfo (RoleInfo.java:shutdownFollowerState(121)) - 73297ffa-40cb-4e3e-b33e-1bc2c1da60f5: shutdown FollowerState
2019-10-17 18:50:53,573 [grpc-default-executor-2] INFO  impl.RoleInfo (RoleInfo.java:shutdownFollowerState(121)) - b8f04e38-0663-4b1f-8efd-f76585c6e86c: shutdown FollowerState
2019-10-17 18:50:53,573 [Thread-1360] INFO  impl.FollowerState (FollowerState.java:run(117)) - 73297ffa-40cb-4e3e-b33e-1bc2c1da60f5@group-5F52F902B742-FollowerState was interrupted: java.lang.InterruptedException: sleep interrupted
2019-10-17 18:50:53,573 [grpc-default-executor-4] INFO  impl.RoleInfo (RoleInfo.java:updateAndGet(143)) - 73297ffa-40cb-4e3e-b33e-1bc2c1da60f5: start FollowerState
2019-10-17 18:50:53,573 [Thread-1359] INFO  impl.FollowerState (FollowerState.java:run(117)) - b8f04e38-0663-4b1f-8efd-f76585c6e86c@group-5F52F902B742-FollowerState was interrupted: java.lang.InterruptedException: sleep interrupted
2019-10-17 18:50:53,573 [grpc-default-executor-2] INFO  impl.RoleInfo (RoleInfo.java:updateAndGet(143)) - b8f04e38-0663-4b1f-8efd-f76585c6e86c: start FollowerState
2019-10-17 18:50:53,580 [abcd8826-c056-4817-bd0f-7af19a46d814@group-5F52F902B742-LeaderElection150] INFO  impl.LeaderElection (LeaderElection.java:logAndReturn(56)) - abcd8826-c056-4817-bd0f-7af19a46d814@group-5F52F902B742-LeaderElection150: Election REJECTED; received 2 response(s) [abcd8826-c056-4817-bd0f-7af19a46d814<-b8f04e38-0663-4b1f-8efd-f76585c6e86c#0:FAIL-t75, abcd8826-c056-4817-bd0f-7af19a46d814<-73297ffa-40cb-4e3e-b33e-1bc2c1da60f5#0:FAIL-t75] and 0 exception(s); abcd8826-c056-4817-bd0f-7af19a46d814@group-5F52F902B742:t75, leader=null, voted=abcd8826-c056-4817-bd0f-7af19a46d814, raftlog=abcd8826-c056-4817-bd0f-7af19a46d814@group-5F52F902B742-SegmentedRaftLog:OPENED:c-1,f-1,i0, conf=-1: [b8f04e38-0663-4b1f-8efd-f76585c6e86c:192.168.157.251:35700, abcd8826-c056-4817-bd0f-7af19a46d814:192.168.157.251:46496, 73297ffa-40cb-4e3e-b33e-1bc2c1da60f5:192.168.157.251:32952], old=null
2019-10-17 18:50:53,580 [abcd8826-c056-4817-bd0f-7af19a46d814@group-5F52F902B742-LeaderElection150] INFO  impl.RaftServerImpl (RaftServerImpl.java:setRole(184)) - abcd8826-c056-4817-bd0f-7af19a46d814@group-5F52F902B742: changes role from CANDIDATE to FOLLOWER at term 75 for DISCOVERED_A_NEW_TERM
2019-10-17 18:50:53,580 [abcd8826-c056-4817-bd0f-7af19a46d814@group-5F52F902B742-LeaderElection150] INFO  impl.RoleInfo (RoleInfo.java:shutdownLeaderElection(134)) - abcd8826-c056-4817-bd0f-7af19a46d814: shutdown LeaderElection
2019-10-17 18:50:53,580 [abcd8826-c056-4817-bd0f-7af19a46d814@group-5F52F902B742-LeaderElection150] INFO  impl.RoleInfo (RoleInfo.java:updateAndGet(143)) - abcd8826-c056-4817-bd0f-7af19a46d814: start FollowerState
2019-10-17 18:50:53,605 [Thread-1361] INFO  impl.FollowerState (FollowerState.java:run(108)) - a5e79c22-a35f-4e50-b1fd-e91b6a93d74d@group-F775CA5912AC-FollowerState: change to CANDIDATE, lastRpcTime:88ms, electionTimeout:88ms
2019-10-17 18:50:53,605 [Thread-1361] INFO  impl.RoleInfo (RoleInfo.java:shutdownFollowerState(121)) - a5e79c22-a35f-4e50-b1fd-e91b6a93d74d: shutdown FollowerState
2019-10-17 18:50:53,605 [Thread-1361] INFO  impl.RaftServerImpl (RaftServerImpl.java:setRole(184)) - a5e79c22-a35f-4e50-b1fd-e91b6a93d74d@group-F775CA5912AC: changes role from  FOLLOWER to CANDIDATE at term 77 for changeToCandidate
2019-10-17 18:50:53,605 [Thread-1361] INFO  impl.RoleInfo (RoleInfo.java:updateAndGet(143)) - a5e79c22-a35f-4e50-b1fd-e91b6a93d74d: start LeaderElection
2019-10-17 18:50:53,621 [a5e79c22-a35f-4e50-b1fd-e91b6a93d74d@group-F775CA5912AC-LeaderElection151] INFO  impl.LeaderElection (LeaderElection.java:askForVotes(178)) - a5e79c22-a35f-4e50-b1fd-e91b6a93d74d@group-F775CA5912AC-LeaderElection151: begin an election at term 78 for -1: [a5e79c22-a35f-4e50-b1fd-e91b6a93d74d:192.168.157.251:45177, daae7813-f814-475d-9647-a302a5541e36:192.168.157.251:45025, 1e4e1375-1b66-460f-8c99-4c341545a119:192.168.157.251:42113], old=null
2019-10-17 18:50:53,623 [grpc-default-executor-2] INFO  impl.RaftServerImpl (RaftServerImpl.java:setRole(184)) - daae7813-f814-475d-9647-a302a5541e36@group-F775CA5912AC: changes role from  FOLLOWER to FOLLOWER at term 78 for recognizeCandidate:a5e79c22-a35f-4e50-b1fd-e91b6a93d74d
2019-10-17 18:50:53,623 [grpc-default-executor-4] INFO  impl.RaftServerImpl (RaftServerImpl.java:setRole(184)) - 1e4e1375-1b66-460f-8c99-4c341545a119@group-F775CA5912AC: changes role from  FOLLOWER to FOLLOWER at term 78 for recognizeCandidate:a5e79c22-a35f-4e50-b1fd-e91b6a93d74d
2019-10-17 18:50:53,623 [grpc-default-executor-2] INFO  impl.RoleInfo (RoleInfo.java:shutdownFollowerState(121)) - daae7813-f814-475d-9647-a302a5541e36: shutdown FollowerState
2019-10-17 18:50:53,623 [grpc-default-executor-4] INFO  impl.RoleInfo (RoleInfo.java:shutdownFollowerState(121)) - 1e4e1375-1b66-460f-8c99-4c341545a119: shutdown FollowerState
2019-10-17 18:50:53,624 [Thread-1356] INFO  impl.FollowerState (FollowerState.java:run(117)) - daae7813-f814-475d-9647-a302a5541e36@group-F775CA5912AC-FollowerState was interrupted: java.lang.InterruptedException: sleep interrupted
2019-10-17 18:50:53,623 [grpc-default-executor-2] INFO  impl.RoleInfo (RoleInfo.java:updateAndGet(143)) - daae7813-f814-475d-9647-a302a5541e36: start FollowerState
2019-10-17 18:50:53,624 [Thread-1355] INFO  impl.FollowerState (FollowerState.java:run(117)) - 1e4e1375-1b66-460f-8c99-4c341545a119@group-F775CA5912AC-FollowerState was interrupted: java.lang.InterruptedException: sleep interrupted
2019-10-17 18:50:53,624 [grpc-default-executor-4] INFO  impl.RoleInfo (RoleInfo.java:updateAndGet(143)) - 1e4e1375-1b66-460f-8c99-4c341545a119: start FollowerState
2019-10-17 18:50:53,642 [a5e79c22-a35f-4e50-b1fd-e91b6a93d74d@group-F775CA5912AC-LeaderElection151] INFO  impl.LeaderElection (LeaderElection.java:logAndReturn(56)) - a5e79c22-a35f-4e50-b1fd-e91b6a93d74d@group-F775CA5912AC-LeaderElection151: Election REJECTED; received 2 response(s) [a5e79c22-a35f-4e50-b1fd-e91b6a93d74d<-daae7813-f814-475d-9647-a302a5541e36#0:FAIL-t78, a5e79c22-a35f-4e50-b1fd-e91b6a93d74d<-1e4e1375-1b66-460f-8c99-4c341545a119#0:FAIL-t78] and 0 exception(s); a5e79c22-a35f-4e50-b1fd-e91b6a93d74d@group-F775CA5912AC:t78, leader=null, voted=a5e79c22-a35f-4e50-b1fd-e91b6a93d74d, raftlog=a5e79c22-a35f-4e50-b1fd-e91b6a93d74d@group-F775CA5912AC-SegmentedRaftLog:OPENED:c-1,f-1,i0, conf=-1: [a5e79c22-a35f-4e50-b1fd-e91b6a93d74d:192.168.157.251:45177, daae7813-f814-475d-9647-a302a5541e36:192.168.157.251:45025, 1e4e1375-1b66-460f-8c99-4c341545a119:192.168.157.251:42113], old=null
2019-10-17 18:50:53,642 [a5e79c22-a35f-4e50-b1fd-e91b6a93d74d@group-F775CA5912AC-LeaderElection151] INFO  impl.RaftServerImpl (RaftServerImpl.java:setRole(184)) - a5e79c22-a35f-4e50-b1fd-e91b6a93d74d@group-F775CA5912AC: changes role from CANDIDATE to FOLLOWER at term 78 for DISCOVERED_A_NEW_TERM
2019-10-17 18:50:53,642 [a5e79c22-a35f-4e50-b1fd-e91b6a93d74d@group-F775CA5912AC-LeaderElection151] INFO  impl.RoleInfo (RoleInfo.java:shutdownLeaderElection(134)) - a5e79c22-a35f-4e50-b1fd-e91b6a93d74d: shutdown LeaderElection
2019-10-17 18:50:53,642 [a5e79c22-a35f-4e50-b1fd-e91b6a93d74d@group-F775CA5912AC-LeaderElection151] INFO  impl.RoleInfo (RoleInfo.java:updateAndGet(143)) - a5e79c22-a35f-4e50-b1fd-e91b6a93d74d: start FollowerState
2019-10-17 18:50:53,709 [Thread-1368] INFO  impl.FollowerState (FollowerState.java:run(108)) - abcd8826-c056-4817-bd0f-7af19a46d814@group-5F52F902B742-FollowerState: change to CANDIDATE, lastRpcTime:128ms, electionTimeout:128ms
2019-10-17 18:50:53,709 [Thread-1368] INFO  impl.RoleInfo (RoleInfo.java:shutdownFollowerState(121)) - abcd8826-c056-4817-bd0f-7af19a46d814: shutdown FollowerState
2019-10-17 18:50:53,709 [Thread-1368] INFO  impl.RaftServerImpl (RaftServerImpl.java:setRole(184)) - abcd8826-c056-4817-bd0f-7af19a46d814@group-5F52F902B742: changes role from  FOLLOWER to CANDIDATE at term 75 for changeToCandidate
2019-10-17 18:50:53,709 [Thread-1368] INFO  impl.RoleInfo (RoleInfo.java:updateAndGet(143)) - abcd8826-c056-4817-bd0f-7af19a46d814: start LeaderElection
2019-10-17 18:50:53,726 [abcd8826-c056-4817-bd0f-7af19a46d814@group-5F52F902B742-LeaderElection152] INFO  impl.LeaderElection (LeaderElection.java:askForVotes(178)) - abcd8826-c056-4817-bd0f-7af19a46d814@group-5F52F902B742-LeaderElection152: begin an election at term 76 for -1: [b8f04e38-0663-4b1f-8efd-f76585c6e86c:192.168.157.251:35700, abcd8826-c056-4817-bd0f-7af19a46d814:192.168.157.251:46496, 73297ffa-40cb-4e3e-b33e-1bc2c1da60f5:192.168.157.251:32952], old=null
2019-10-17 18:50:53,728 [grpc-default-executor-2] INFO  impl.RaftServerImpl (RaftServerImpl.java:setRole(184)) - b8f04e38-0663-4b1f-8efd-f76585c6e86c@group-5F52F902B742: changes role from  FOLLOWER to FOLLOWER at term 76 for recognizeCandidate:abcd8826-c056-4817-bd0f-7af19a46d814
2019-10-17 18:50:53,728 [grpc-default-executor-4] INFO  impl.RaftServerImpl (RaftServerImpl.java:setRole(184)) - 73297ffa-40cb-4e3e-b33e-1bc2c1da60f5@group-5F52F902B742: changes role from  FOLLOWER to FOLLOWER at term 76 for recognizeCandidate:abcd8826-c056-4817-bd0f-7af19a46d814
2019-10-17 18:50:53,728 [grpc-default-executor-2] INFO  impl.RoleInfo (RoleInfo.java:shutdownFollowerState(121)) - b8f04e38-0663-4b1f-8efd-f76585c6e86c: shutdown FollowerState
2019-10-17 18:50:53,728 [grpc-default-executor-4] INFO  impl.RoleInfo (RoleInfo.java:shutdownFollowerState(121)) - 73297ffa-40cb-4e3e-b33e-1bc2c1da60f5: shutdown FollowerState
2019-10-17 18:50:53,729 [Thread-1367] INFO  impl.FollowerState (FollowerState.java:run(117)) - b8f04e38-0663-4b1f-8efd-f76585c6e86c@group-5F52F902B742-FollowerState was interrupted: java.lang.InterruptedException: sleep interrupted
2019-10-17 18:50:53,729 [grpc-default-executor-2] INFO  impl.RoleInfo (RoleInfo.java:updateAndGet(143)) - b8f04e38-0663-4b1f-8efd-f76585c6e86c: start FollowerState
2019-10-17 18:50:53,729 [grpc-default-executor-4] INFO  impl.RoleInfo (RoleInfo.java:updateAndGet(143)) - 73297ffa-40cb-4e3e-b33e-1bc2c1da60f5: start FollowerState
2019-10-17 18:50:53,729 [Thread-1366] INFO  impl.FollowerState (FollowerState.java:run(117)) - 73297ffa-40cb-4e3e-b33e-1bc2c1da60f5@group-5F52F902B742-FollowerState was interrupted: java.lang.InterruptedException: sleep interrupted
2019-10-17 18:50:53,737 [abcd8826-c056-4817-bd0f-7af19a46d814@group-5F52F902B742-LeaderElection152] INFO  impl.LeaderElection (LeaderElection.java:logAndReturn(56)) - abcd8826-c056-4817-bd0f-7af19a46d814@group-5F52F902B742-LeaderElection152: Election REJECTED; received 2 response(s) [abcd8826-c056-4817-bd0f-7af19a46d814<-b8f04e38-0663-4b1f-8efd-f76585c6e86c#0:FAIL-t76, abcd8826-c056-4817-bd0f-7af19a46d814<-73297ffa-40cb-4e3e-b33e-1bc2c1da60f5#0:FAIL-t76] and 0 exception(s); abcd8826-c056-4817-bd0f-7af19a46d814@group-5F52F902B742:t76, leader=null, voted=abcd8826-c056-4817-bd0f-7af19a46d814, raftlog=abcd8826-c056-4817-bd0f-7af19a46d814@group-5F52F902B742-SegmentedRaftLog:OPENED:c-1,f-1,i0, conf=-1: [b8f04e38-0663-4b1f-8efd-f76585c6e86c:192.168.157.251:35700, abcd8826-c056-4817-bd0f-7af19a46d814:192.168.157.251:46496, 73297ffa-40cb-4e3e-b33e-1bc2c1da60f5:192.168.157.251:32952], old=null
2019-10-17 18:50:53,737 [abcd8826-c056-4817-bd0f-7af19a46d814@group-5F52F902B742-LeaderElection152] INFO  impl.RaftServerImpl (RaftServerImpl.java:setRole(184)) - abcd8826-c056-4817-bd0f-7af19a46d814@group-5F52F902B742: changes role from CANDIDATE to FOLLOWER at term 76 for DISCOVERED_A_NEW_TERM
2019-10-17 18:50:53,737 [abcd8826-c056-4817-bd0f-7af19a46d814@group-5F52F902B742-LeaderElection152] INFO  impl.RoleInfo (RoleInfo.java:shutdownLeaderElection(134)) - abcd8826-c056-4817-bd0f-7af19a46d814: shutdown LeaderElection
2019-10-17 18:50:53,737 [abcd8826-c056-4817-bd0f-7af19a46d814@group-5F52F902B742-LeaderElection152] INFO  impl.RoleInfo (RoleInfo.java:updateAndGet(143)) - abcd8826-c056-4817-bd0f-7af19a46d814: start FollowerState
2019-10-17 18:50:53,796 [Thread-1374] INFO  impl.FollowerState (FollowerState.java:run(108)) - a5e79c22-a35f-4e50-b1fd-e91b6a93d74d@group-F775CA5912AC-FollowerState: change to CANDIDATE, lastRpcTime:154ms, electionTimeout:154ms
2019-10-17 18:50:53,797 [Thread-1374] INFO  impl.RoleInfo (RoleInfo.java:shutdownFollowerState(121)) - a5e79c22-a35f-4e50-b1fd-e91b6a93d74d: shutdown FollowerState
2019-10-17 18:50:53,797 [Thread-1374] INFO  impl.RaftServerImpl (RaftServerImpl.java:setRole(184)) - a5e79c22-a35f-4e50-b1fd-e91b6a93d74d@group-F775CA5912AC: changes role from  FOLLOWER to CANDIDATE at term 78 for changeToCandidate
2019-10-17 18:50:53,797 [Thread-1374] INFO  impl.RoleInfo (RoleInfo.java:updateAndGet(143)) - a5e79c22-a35f-4e50-b1fd-e91b6a93d74d: start LeaderElection
2019-10-17 18:50:53,836 [a5e79c22-a35f-4e50-b1fd-e91b6a93d74d@group-F775CA5912AC-LeaderElection153] INFO  impl.LeaderElection (LeaderElection.java:askForVotes(178)) - a5e79c22-a35f-4e50-b1fd-e91b6a93d74d@group-F775CA5912AC-LeaderElection153: begin an election at term 79 for -1: [a5e79c22-a35f-4e50-b1fd-e91b6a93d74d:192.168.157.251:45177, daae7813-f814-475d-9647-a302a5541e36:192.168.157.251:45025, 1e4e1375-1b66-460f-8c99-4c341545a119:192.168.157.251:42113], old=null
2019-10-17 18:50:53,839 [grpc-default-executor-4] INFO  impl.RaftServerImpl (RaftServerImpl.java:setRole(184)) - 1e4e1375-1b66-460f-8c99-4c341545a119@group-F775CA5912AC: changes role from  FOLLOWER to FOLLOWER at term 79 for recognizeCandidate:a5e79c22-a35f-4e50-b1fd-e91b6a93d74d
2019-10-17 18:50:53,839 [grpc-default-executor-2] INFO  impl.RaftServerImpl (RaftServerImpl.java:setRole(184)) - daae7813-f814-475d-9647-a302a5541e36@group-F775CA5912AC: changes role from  FOLLOWER to FOLLOWER at term 79 for recognizeCandidate:a5e79c22-a35f-4e50-b1fd-e91b6a93d74d
2019-10-17 18:50:53,839 [grpc-default-executor-4] INFO  impl.RoleInfo (RoleInfo.java:shutdownFollowerState(121)) - 1e4e1375-1b66-460f-8c99-4c341545a119: shutdown FollowerState
2019-10-17 18:50:53,839 [grpc-default-executor-2] INFO  impl.RoleInfo (RoleInfo.java:shutdownFollowerState(121)) - daae7813-f814-475d-9647-a302a5541e36: shutdown FollowerState
2019-10-17 18:50:53,839 [Thread-1373] INFO  impl.FollowerState (FollowerState.java:run(117)) - 1e4e1375-1b66-460f-8c99-4c341545a119@group-F775CA5912AC-FollowerState was interrupted: java.lang.InterruptedException: sleep interrupted
2019-10-17 18:50:53,839 [Thread-1372] INFO  impl.FollowerState (FollowerState.java:run(117)) - daae7813-f814-475d-9647-a302a5541e36@group-F775CA5912AC-FollowerState was interrupted: java.lang.InterruptedException: sleep interrupted
2019-10-17 18:50:53,839 [grpc-default-executor-4] INFO  impl.RoleInfo (RoleInfo.java:updateAndGet(143)) - 1e4e1375-1b66-460f-8c99-4c341545a119: start FollowerState
2019-10-17 18:50:53,839 [grpc-default-executor-2] INFO  impl.RoleInfo (RoleInfo.java:updateAndGet(143)) - daae7813-f814-475d-9647-a302a5541e36: start FollowerState
2019-10-17 18:50:53,846 [a5e79c22-a35f-4e50-b1fd-e91b6a93d74d@group-F775CA5912AC-LeaderElection153] INFO  impl.LeaderElection (LeaderElection.java:logAndReturn(56)) - a5e79c22-a35f-4e50-b1fd-e91b6a93d74d@group-F775CA5912AC-LeaderElection153: Election TIMEOUT; received 0 response(s) [] and 0 exception(s); a5e79c22-a35f-4e50-b1fd-e91b6a93d74d@group-F775CA5912AC:t79, leader=null, voted=a5e79c22-a35f-4e50-b1fd-e91b6a93d74d, raftlog=a5e79c22-a35f-4e50-b1fd-e91b6a93d74d@group-F775CA5912AC-SegmentedRaftLog:OPENED:c-1,f-1,i0, conf=-1: [a5e79c22-a35f-4e50-b1fd-e91b6a93d74d:192.168.157.251:45177, daae7813-f814-475d-9647-a302a5541e36:192.168.157.251:45025, 1e4e1375-1b66-460f-8c99-4c341545a119:192.168.157.251:42113], old=null
2019-10-17 18:50:53,849 [a5e79c22-a35f-4e50-b1fd-e91b6a93d74d@group-F775CA5912AC-LeaderElection153] INFO  impl.LeaderElection (LeaderElection.java:askForVotes(178)) - a5e79c22-a35f-4e50-b1fd-e91b6a93d74d@group-F775CA5912AC-LeaderElection153: begin an election at term 80 for -1: [a5e79c22-a35f-4e50-b1fd-e91b6a93d74d:192.168.157.251:45177, daae7813-f814-475d-9647-a302a5541e36:192.168.157.251:45025, 1e4e1375-1b66-460f-8c99-4c341545a119:192.168.157.251:42113], old=null
2019-10-17 18:50:53,851 [grpc-default-executor-4] INFO  impl.RaftServerImpl (RaftServerImpl.java:setRole(184)) - 1e4e1375-1b66-460f-8c99-4c341545a119@group-F775CA5912AC: changes role from  FOLLOWER to FOLLOWER at term 80 for recognizeCandidate:a5e79c22-a35f-4e50-b1fd-e91b6a93d74d
2019-10-17 18:50:53,851 [grpc-default-executor-2] INFO  impl.RaftServerImpl (RaftServerImpl.java:setRole(184)) - daae7813-f814-475d-9647-a302a5541e36@group-F775CA5912AC: changes role from  FOLLOWER to FOLLOWER at term 80 for recognizeCandidate:a5e79c22-a35f-4e50-b1fd-e91b6a93d74d
2019-10-17 18:50:53,851 [grpc-default-executor-4] INFO  impl.RoleInfo (RoleInfo.java:shutdownFollowerState(121)) - 1e4e1375-1b66-460f-8c99-4c341545a119: shutdown FollowerState
2019-10-17 18:50:53,851 [grpc-default-executor-2] INFO  impl.RoleInfo (RoleInfo.java:shutdownFollowerState(121)) - daae7813-f814-475d-9647-a302a5541e36: shutdown FollowerState
2019-10-17 18:50:53,852 [Thread-1386] INFO  impl.FollowerState (FollowerState.java:run(117)) - 1e4e1375-1b66-460f-8c99-4c341545a119@group-F775CA5912AC-FollowerState was interrupted: java.lang.InterruptedException: sleep interrupted
2019-10-17 18:50:53,852 [grpc-default-executor-4] INFO  impl.RoleInfo (RoleInfo.java:updateAndGet(143)) - 1e4e1375-1b66-460f-8c99-4c341545a119: start FollowerState
2019-10-17 18:50:53,852 [Thread-1387] INFO  impl.FollowerState (FollowerState.java:run(117)) - daae7813-f814-475d-9647-a302a5541e36@group-F775CA5912AC-FollowerState was interrupted: java.lang.InterruptedException: sleep interrupted
2019-10-17 18:50:53,852 [grpc-default-executor-2] INFO  impl.RoleInfo (RoleInfo.java:updateAndGet(143)) - daae7813-f814-475d-9647-a302a5541e36: start FollowerState
2019-10-17 18:50:53,857 [Thread-1382] INFO  impl.FollowerState (FollowerState.java:run(108)) - abcd8826-c056-4817-bd0f-7af19a46d814@group-5F52F902B742-FollowerState: change to CANDIDATE, lastRpcTime:120ms, electionTimeout:120ms
2019-10-17 18:50:53,858 [Thread-1382] INFO  impl.RoleInfo (RoleInfo.java:shutdownFollowerState(121)) - abcd8826-c056-4817-bd0f-7af19a46d814: shutdown FollowerState
2019-10-17 18:50:53,858 [Thread-1382] INFO  impl.RaftServerImpl (RaftServerImpl.java:setRole(184)) - abcd8826-c056-4817-bd0f-7af19a46d814@group-5F52F902B742: changes role from  FOLLOWER to CANDIDATE at term 76 for changeToCandidate
2019-10-17 18:50:53,858 [Thread-1382] INFO  impl.RoleInfo (RoleInfo.java:updateAndGet(143)) - abcd8826-c056-4817-bd0f-7af19a46d814: start LeaderElection
2019-10-17 18:50:53,861 [a5e79c22-a35f-4e50-b1fd-e91b6a93d74d@group-F775CA5912AC-LeaderElection153] INFO  impl.LeaderElection (LeaderElection.java:logAndReturn(56)) - a5e79c22-a35f-4e50-b1fd-e91b6a93d74d@group-F775CA5912AC-LeaderElection153: Election REJECTED; received 2 response(s) [a5e79c22-a35f-4e50-b1fd-e91b6a93d74d<-daae7813-f814-475d-9647-a302a5541e36#0:FAIL-t80, a5e79c22-a35f-4e50-b1fd-e91b6a93d74d<-1e4e1375-1b66-460f-8c99-4c341545a119#0:FAIL-t80] and 0 exception(s); a5e79c22-a35f-4e50-b1fd-e91b6a93d74d@group-F775CA5912AC:t80, leader=null, voted=a5e79c22-a35f-4e50-b1fd-e91b6a93d74d, raftlog=a5e79c22-a35f-4e50-b1fd-e91b6a93d74d@group-F775CA5912AC-SegmentedRaftLog:OPENED:c-1,f-1,i0, conf=-1: [a5e79c22-a35f-4e50-b1fd-e91b6a93d74d:192.168.157.251:45177, daae7813-f814-475d-9647-a302a5541e36:192.168.157.251:45025, 1e4e1375-1b66-460f-8c99-4c341545a119:192.168.157.251:42113], old=null
2019-10-17 18:50:53,861 [a5e79c22-a35f-4e50-b1fd-e91b6a93d74d@group-F775CA5912AC-LeaderElection153] INFO  impl.RaftServerImpl (RaftServerImpl.java:setRole(184)) - a5e79c22-a35f-4e50-b1fd-e91b6a93d74d@group-F775CA5912AC: changes role from CANDIDATE to FOLLOWER at term 80 for DISCOVERED_A_NEW_TERM
2019-10-17 18:50:53,861 [a5e79c22-a35f-4e50-b1fd-e91b6a93d74d@group-F775CA5912AC-LeaderElection153] INFO  impl.RoleInfo (RoleInfo.java:shutdownLeaderElection(134)) - a5e79c22-a35f-4e50-b1fd-e91b6a93d74d: shutdown LeaderElection
2019-10-17 18:50:53,861 [a5e79c22-a35f-4e50-b1fd-e91b6a93d74d@group-F775CA5912AC-LeaderElection153] INFO  impl.RoleInfo (RoleInfo.java:updateAndGet(143)) - a5e79c22-a35f-4e50-b1fd-e91b6a93d74d: start FollowerState
2019-10-17 18:50:53,872 [abcd8826-c056-4817-bd0f-7af19a46d814@group-5F52F902B742-LeaderElection154] INFO  impl.LeaderElection (LeaderElection.java:askForVotes(178)) - abcd8826-c056-4817-bd0f-7af19a46d814@group-5F52F902B742-LeaderElection154: begin an election at term 77 for -1: [b8f04e38-0663-4b1f-8efd-f76585c6e86c:192.168.157.251:35700, abcd8826-c056-4817-bd0f-7af19a46d814:192.168.157.251:46496, 73297ffa-40cb-4e3e-b33e-1bc2c1da60f5:192.168.157.251:32952], old=null
2019-10-17 18:50:53,874 [abcd8826-c056-4817-bd0f-7af19a46d814@group-5F52F902B742-LeaderElection154] INFO  impl.LeaderElection (LeaderElection.java:logAndReturn(56)) - abcd8826-c056-4817-bd0f-7af19a46d814@group-5F52F902B742-LeaderElection154: Election TIMEOUT; received 0 response(s) [] and 0 exception(s); abcd8826-c056-4817-bd0f-7af19a46d814@group-5F52F902B742:t77, leader=null, voted=abcd8826-c056-4817-bd0f-7af19a46d814, raftlog=abcd8826-c056-4817-bd0f-7af19a46d814@group-5F52F902B742-SegmentedRaftLog:OPENED:c-1,f-1,i0, conf=-1: [b8f04e38-0663-4b1f-8efd-f76585c6e86c:192.168.157.251:35700, abcd8826-c056-4817-bd0f-7af19a46d814:192.168.157.251:46496, 73297ffa-40cb-4e3e-b33e-1bc2c1da60f5:192.168.157.251:32952], old=null
2019-10-17 18:50:53,875 [grpc-default-executor-2] INFO  impl.RaftServerImpl (RaftServerImpl.java:setRole(184)) - b8f04e38-0663-4b1f-8efd-f76585c6e86c@group-5F52F902B742: changes role from  FOLLOWER to FOLLOWER at term 77 for recognizeCandidate:abcd8826-c056-4817-bd0f-7af19a46d814
2019-10-17 18:50:53,875 [grpc-default-executor-4] INFO  impl.RaftServerImpl (RaftServerImpl.java:setRole(184)) - 73297ffa-40cb-4e3e-b33e-1bc2c1da60f5@group-5F52F902B742: changes role from  FOLLOWER to FOLLOWER at term 77 for recognizeCandidate:abcd8826-c056-4817-bd0f-7af19a46d814
2019-10-17 18:50:53,875 [grpc-default-executor-2] INFO  impl.RoleInfo (RoleInfo.java:shutdownFollowerState(121)) - b8f04e38-0663-4b1f-8efd-f76585c6e86c: shutdown FollowerState
2019-10-17 18:50:53,875 [grpc-default-executor-4] INFO  impl.RoleInfo (RoleInfo.java:shutdownFollowerState(121)) - 73297ffa-40cb-4e3e-b33e-1bc2c1da60f5: shutdown FollowerState
2019-10-17 18:50:53,875 [Thread-1380] INFO  impl.FollowerState (FollowerState.java:run(117)) - b8f04e38-0663-4b1f-8efd-f76585c6e86c@group-5F52F902B742-FollowerState was interrupted: java.lang.InterruptedException: sleep interrupted
2019-10-17 18:50:53,875 [grpc-default-executor-2] INFO  impl.RoleInfo (RoleInfo.java:updateAndGet(143)) - b8f04e38-0663-4b1f-8efd-f76585c6e86c: start FollowerState
2019-10-17 18:50:53,875 [grpc-default-executor-4] INFO  impl.RoleInfo (RoleInfo.java:updateAndGet(143)) - 73297ffa-40cb-4e3e-b33e-1bc2c1da60f5: start FollowerState
2019-10-17 18:50:53,875 [Thread-1381] INFO  impl.FollowerState (FollowerState.java:run(117)) - 73297ffa-40cb-4e3e-b33e-1bc2c1da60f5@group-5F52F902B742-FollowerState was interrupted: java.lang.InterruptedException: sleep interrupted
2019-10-17 18:50:53,893 [abcd8826-c056-4817-bd0f-7af19a46d814@group-5F52F902B742-LeaderElection154] INFO  impl.LeaderElection (LeaderElection.java:askForVotes(178)) - abcd8826-c056-4817-bd0f-7af19a46d814@group-5F52F902B742-LeaderElection154: begin an election at term 78 for -1: [b8f04e38-0663-4b1f-8efd-f76585c6e86c:192.168.157.251:35700, abcd8826-c056-4817-bd0f-7af19a46d814:192.168.157.251:46496, 73297ffa-40cb-4e3e-b33e-1bc2c1da60f5:192.168.157.251:32952], old=null
2019-10-17 18:50:53,895 [grpc-default-executor-4] INFO  impl.RaftServerImpl (RaftServerImpl.java:setRole(184)) - b8f04e38-0663-4b1f-8efd-f76585c6e86c@group-5F52F902B742: changes role from  FOLLOWER to FOLLOWER at term 78 for recognizeCandidate:abcd8826-c056-4817-bd0f-7af19a46d814
2019-10-17 18:50:53,895 [grpc-default-executor-4] INFO  impl.RoleInfo (RoleInfo.java:shutdownFollowerState(121)) - b8f04e38-0663-4b1f-8efd-f76585c6e86c: shutdown FollowerState
2019-10-17 18:50:53,896 [grpc-default-executor-4] INFO  impl.RoleInfo (RoleInfo.java:updateAndGet(143)) - b8f04e38-0663-4b1f-8efd-f76585c6e86c: start FollowerState
2019-10-17 18:50:53,896 [Thread-1398] INFO  impl.FollowerState (FollowerState.java:run(117)) - b8f04e38-0663-4b1f-8efd-f76585c6e86c@group-5F52F902B742-FollowerState was interrupted: java.lang.InterruptedException: sleep interrupted
2019-10-17 18:50:53,896 [grpc-default-executor-2] INFO  impl.RaftServerImpl (RaftServerImpl.java:setRole(184)) - 73297ffa-40cb-4e3e-b33e-1bc2c1da60f5@group-5F52F902B742: changes role from  FOLLOWER to FOLLOWER at term 78 for recognizeCandidate:abcd8826-c056-4817-bd0f-7af19a46d814
2019-10-17 18:50:53,896 [grpc-default-executor-2] INFO  impl.RoleInfo (RoleInfo.java:shutdownFollowerState(121)) - 73297ffa-40cb-4e3e-b33e-1bc2c1da60f5: shutdown FollowerState
2019-10-17 18:50:53,896 [grpc-default-executor-2] INFO  impl.RoleInfo (RoleInfo.java:updateAndGet(143)) - 73297ffa-40cb-4e3e-b33e-1bc2c1da60f5: start FollowerState
2019-10-17 18:50:53,896 [Thread-1399] INFO  impl.FollowerState (FollowerState.java:run(117)) - 73297ffa-40cb-4e3e-b33e-1bc2c1da60f5@group-5F52F902B742-FollowerState was interrupted: java.lang.InterruptedException: sleep interrupted
2019-10-17 18:50:53,916 [abcd8826-c056-4817-bd0f-7af19a46d814@group-5F52F902B742-LeaderElection154] INFO  impl.LeaderElection (LeaderElection.java:logAndReturn(56)) - abcd8826-c056-4817-bd0f-7af19a46d814@group-5F52F902B742-LeaderElection154: Election REJECTED; received 2 response(s) [abcd8826-c056-4817-bd0f-7af19a46d814<-b8f04e38-0663-4b1f-8efd-f76585c6e86c#0:FAIL-t78, abcd8826-c056-4817-bd0f-7af19a46d814<-73297ffa-40cb-4e3e-b33e-1bc2c1da60f5#0:FAIL-t78] and 0 exception(s); abcd8826-c056-4817-bd0f-7af19a46d814@group-5F52F902B742:t78, leader=null, voted=abcd8826-c056-4817-bd0f-7af19a46d814, raftlog=abcd8826-c056-4817-bd0f-7af19a46d814@group-5F52F902B742-SegmentedRaftLog:OPENED:c-1,f-1,i0, conf=-1: [b8f04e38-0663-4b1f-8efd-f76585c6e86c:192.168.157.251:35700, abcd8826-c056-4817-bd0f-7af19a46d814:192.168.157.251:46496, 73297ffa-40cb-4e3e-b33e-1bc2c1da60f5:192.168.157.251:32952], old=null
2019-10-17 18:50:53,917 [abcd8826-c056-4817-bd0f-7af19a46d814@group-5F52F902B742-LeaderElection154] INFO  impl.RaftServerImpl (RaftServerImpl.java:setRole(184)) - abcd8826-c056-4817-bd0f-7af19a46d814@group-5F52F902B742: changes role from CANDIDATE to FOLLOWER at term 78 for DISCOVERED_A_NEW_TERM
2019-10-17 18:50:53,917 [abcd8826-c056-4817-bd0f-7af19a46d814@group-5F52F902B742-LeaderElection154] INFO  impl.RoleInfo (RoleInfo.java:shutdownLeaderElection(134)) - abcd8826-c056-4817-bd0f-7af19a46d814: shutdown LeaderElection
2019-10-17 18:50:53,917 [abcd8826-c056-4817-bd0f-7af19a46d814@group-5F52F902B742-LeaderElection154] INFO  impl.RoleInfo (RoleInfo.java:updateAndGet(143)) - abcd8826-c056-4817-bd0f-7af19a46d814: start FollowerState
2019-10-17 18:50:54,048 [Thread-1395] INFO  impl.FollowerState (FollowerState.java:run(108)) - a5e79c22-a35f-4e50-b1fd-e91b6a93d74d@group-F775CA5912AC-FollowerState: change to CANDIDATE, lastRpcTime:186ms, electionTimeout:186ms
2019-10-17 18:50:54,048 [Thread-1395] INFO  impl.RoleInfo (RoleInfo.java:shutdownFollowerState(121)) - a5e79c22-a35f-4e50-b1fd-e91b6a93d74d: shutdown FollowerState
2019-10-17 18:50:54,048 [Thread-1395] INFO  impl.RaftServerImpl (RaftServerImpl.java:setRole(184)) - a5e79c22-a35f-4e50-b1fd-e91b6a93d74d@group-F775CA5912AC: changes role from  FOLLOWER to CANDIDATE at term 80 for changeToCandidate
2019-10-17 18:50:54,048 [Thread-1395] INFO  impl.RoleInfo (RoleInfo.java:updateAndGet(143)) - a5e79c22-a35f-4e50-b1fd-e91b6a93d74d: start LeaderElection
2019-10-17 18:50:54,061 [a5e79c22-a35f-4e50-b1fd-e91b6a93d74d@group-F775CA5912AC-LeaderElection155] INFO  impl.LeaderElection (LeaderElection.java:askForVotes(178)) - a5e79c22-a35f-4e50-b1fd-e91b6a93d74d@group-F775CA5912AC-LeaderElection155: begin an election at term 81 for -1: [a5e79c22-a35f-4e50-b1fd-e91b6a93d74d:192.168.157.251:45177, daae7813-f814-475d-9647-a302a5541e36:192.168.157.251:45025, 1e4e1375-1b66-460f-8c99-4c341545a119:192.168.157.251:42113], old=null
2019-10-17 18:50:54,064 [grpc-default-executor-4] INFO  impl.RaftServerImpl (RaftServerImpl.java:setRole(184)) - 1e4e1375-1b66-460f-8c99-4c341545a119@group-F775CA5912AC: changes role from  FOLLOWER to FOLLOWER at term 81 for recognizeCandidate:a5e79c22-a35f-4e50-b1fd-e91b6a93d74d
2019-10-17 18:50:54,064 [grpc-default-executor-4] INFO  impl.RoleInfo (RoleInfo.java:shutdownFollowerState(121)) - 1e4e1375-1b66-460f-8c99-4c341545a119: shutdown FollowerState
2019-10-17 18:50:54,064 [grpc-default-executor-2] INFO  impl.RaftServerImpl (RaftServerImpl.java:setRole(184)) - daae7813-f814-475d-9647-a302a5541e36@group-F775CA5912AC: changes role from  FOLLOWER to FOLLOWER at term 81 for recognizeCandidate:a5e79c22-a35f-4e50-b1fd-e91b6a93d74d
2019-10-17 18:50:54,064 [Thread-1392] INFO  impl.FollowerState (FollowerState.java:run(117)) - 1e4e1375-1b66-460f-8c99-4c341545a119@group-F775CA5912AC-FollowerState was interrupted: java.lang.InterruptedException: sleep interrupted
2019-10-17 18:50:54,064 [grpc-default-executor-4] INFO  impl.RoleInfo (RoleInfo.java:updateAndGet(143)) - 1e4e1375-1b66-460f-8c99-4c341545a119: start FollowerState
2019-10-17 18:50:54,064 [grpc-default-executor-2] INFO  impl.RoleInfo (RoleInfo.java:shutdownFollowerState(121)) - daae7813-f814-475d-9647-a302a5541e36: shutdown FollowerState
2019-10-17 18:50:54,065 [grpc-default-executor-2] INFO  impl.RoleInfo (RoleInfo.java:updateAndGet(143)) - daae7813-f814-475d-9647-a302a5541e36: start FollowerState
2019-10-17 18:50:54,065 [Thread-1393] INFO  impl.FollowerState (FollowerState.java:run(117)) - daae7813-f814-475d-9647-a302a5541e36@group-F775CA5912AC-FollowerState was interrupted: java.lang.InterruptedException: sleep interrupted
2019-10-17 18:50:54,065 [Thread-1404] INFO  impl.FollowerState (FollowerState.java:run(108)) - abcd8826-c056-4817-bd0f-7af19a46d814@group-5F52F902B742-FollowerState: change to CANDIDATE, lastRpcTime:148ms, electionTimeout:148ms
2019-10-17 18:50:54,065 [Thread-1404] INFO  impl.RoleInfo (RoleInfo.java:shutdownFollowerState(121)) - abcd8826-c056-4817-bd0f-7af19a46d814: shutdown FollowerState
2019-10-17 18:50:54,065 [Thread-1404] INFO  impl.RaftServerImpl (RaftServerImpl.java:setRole(184)) - abcd8826-c056-4817-bd0f-7af19a46d814@group-5F52F902B742: changes role from  FOLLOWER to CANDIDATE at term 78 for changeToCandidate
2019-10-17 18:50:54,066 [Thread-1404] INFO  impl.RoleInfo (RoleInfo.java:updateAndGet(143)) - abcd8826-c056-4817-bd0f-7af19a46d814: start LeaderElection
2019-10-17 18:50:54,095 [abcd8826-c056-4817-bd0f-7af19a46d814@group-5F52F902B742-LeaderElection156] INFO  impl.LeaderElection (LeaderElection.java:askForVotes(178)) - abcd8826-c056-4817-bd0f-7af19a46d814@group-5F52F902B742-LeaderElection156: begin an election at term 79 for -1: [b8f04e38-0663-4b1f-8efd-f76585c6e86c:192.168.157.251:35700, abcd8826-c056-4817-bd0f-7af19a46d814:192.168.157.251:46496, 73297ffa-40cb-4e3e-b33e-1bc2c1da60f5:192.168.157.251:32952], old=null
2019-10-17 18:50:54,098 [a5e79c22-a35f-4e50-b1fd-e91b6a93d74d@group-F775CA5912AC-LeaderElection155] INFO  impl.LeaderElection (LeaderElection.java:logAndReturn(56)) - a5e79c22-a35f-4e50-b1fd-e91b6a93d74d@group-F775CA5912AC-LeaderElection155: Election REJECTED; received 2 response(s) [a5e79c22-a35f-4e50-b1fd-e91b6a93d74d<-daae7813-f814-475d-9647-a302a5541e36#0:FAIL-t81, a5e79c22-a35f-4e50-b1fd-e91b6a93d74d<-1e4e1375-1b66-460f-8c99-4c341545a119#0:FAIL-t81] and 0 exception(s); a5e79c22-a35f-4e50-b1fd-e91b6a93d74d@group-F775CA5912AC:t81, leader=null, voted=a5e79c22-a35f-4e50-b1fd-e91b6a93d74d, raftlog=a5e79c22-a35f-4e50-b1fd-e91b6a93d74d@group-F775CA5912AC-SegmentedRaftLog:OPENED:c-1,f-1,i0, conf=-1: [a5e79c22-a35f-4e50-b1fd-e91b6a93d74d:192.168.157.251:45177, daae7813-f814-475d-9647-a302a5541e36:192.168.157.251:45025, 1e4e1375-1b66-460f-8c99-4c341545a119:192.168.157.251:42113], old=null
2019-10-17 18:50:54,098 [a5e79c22-a35f-4e50-b1fd-e91b6a93d74d@group-F775CA5912AC-LeaderElection155] INFO  impl.RaftServerImpl (RaftServerImpl.java:setRole(184)) - a5e79c22-a35f-4e50-b1fd-e91b6a93d74d@group-F775CA5912AC: changes role from CANDIDATE to FOLLOWER at term 81 for DISCOVERED_A_NEW_TERM
2019-10-17 18:50:54,098 [a5e79c22-a35f-4e50-b1fd-e91b6a93d74d@group-F775CA5912AC-LeaderElection155] INFO  impl.RoleInfo (RoleInfo.java:shutdownLeaderElection(134)) - a5e79c22-a35f-4e50-b1fd-e91b6a93d74d: shutdown LeaderElection
2019-10-17 18:50:54,098 [a5e79c22-a35f-4e50-b1fd-e91b6a93d74d@group-F775CA5912AC-LeaderElection155] INFO  impl.RoleInfo (RoleInfo.java:updateAndGet(143)) - a5e79c22-a35f-4e50-b1fd-e91b6a93d74d: start FollowerState
2019-10-17 18:50:54,099 [grpc-default-executor-4] INFO  impl.RaftServerImpl (RaftServerImpl.java:setRole(184)) - b8f04e38-0663-4b1f-8efd-f76585c6e86c@group-5F52F902B742: changes role from  FOLLOWER to FOLLOWER at term 79 for recognizeCandidate:abcd8826-c056-4817-bd0f-7af19a46d814
2019-10-17 18:50:54,100 [grpc-default-executor-4] INFO  impl.RoleInfo (RoleInfo.java:shutdownFollowerState(121)) - b8f04e38-0663-4b1f-8efd-f76585c6e86c: shutdown FollowerState
2019-10-17 18:50:54,100 [grpc-default-executor-4] INFO  impl.RoleInfo (RoleInfo.java:updateAndGet(143)) - b8f04e38-0663-4b1f-8efd-f76585c6e86c: start FollowerState
2019-10-17 18:50:54,100 [grpc-default-executor-2] INFO  impl.RaftServerImpl (RaftServerImpl.java:setRole(184)) - 73297ffa-40cb-4e3e-b33e-1bc2c1da60f5@group-5F52F902B742: changes role from  FOLLOWER to FOLLOWER at term 79 for recognizeCandidate:abcd8826-c056-4817-bd0f-7af19a46d814
2019-10-17 18:50:54,100 [Thread-1402] INFO  impl.FollowerState (FollowerState.java:run(117)) - b8f04e38-0663-4b1f-8efd-f76585c6e86c@group-5F52F902B742-FollowerState was interrupted: java.lang.InterruptedException: sleep interrupted
2019-10-17 18:50:54,100 [grpc-default-executor-2] INFO  impl.RoleInfo (RoleInfo.java:shutdownFollowerState(121)) - 73297ffa-40cb-4e3e-b33e-1bc2c1da60f5: shutdown FollowerState
2019-10-17 18:50:54,100 [grpc-default-executor-2] INFO  impl.RoleInfo (RoleInfo.java:updateAndGet(143)) - 73297ffa-40cb-4e3e-b33e-1bc2c1da60f5: start FollowerState
2019-10-17 18:50:54,100 [Thread-1403] INFO  impl.FollowerState (FollowerState.java:run(117)) - 73297ffa-40cb-4e3e-b33e-1bc2c1da60f5@group-5F52F902B742-FollowerState was interrupted: java.lang.InterruptedException: sleep interrupted
2019-10-17 18:50:54,113 [Thread-1413] INFO  impl.FollowerState (FollowerState.java:run(108)) - a5e79c22-a35f-4e50-b1fd-e91b6a93d74d@group-F775CA5912AC-FollowerState: change to CANDIDATE, lastRpcTime:15ms, electionTimeout:15ms
2019-10-17 18:50:54,114 [Thread-1413] INFO  impl.RoleInfo (RoleInfo.java:shutdownFollowerState(121)) - a5e79c22-a35f-4e50-b1fd-e91b6a93d74d: shutdown FollowerState
2019-10-17 18:50:54,114 [Thread-1413] INFO  impl.RaftServerImpl (RaftServerImpl.java:setRole(184)) - a5e79c22-a35f-4e50-b1fd-e91b6a93d74d@group-F775CA5912AC: changes role from  FOLLOWER to CANDIDATE at term 81 for changeToCandidate
2019-10-17 18:50:54,114 [Thread-1413] INFO  impl.RoleInfo (RoleInfo.java:updateAndGet(143)) - a5e79c22-a35f-4e50-b1fd-e91b6a93d74d: start LeaderElection
2019-10-17 18:50:54,117 [abcd8826-c056-4817-bd0f-7af19a46d814@group-5F52F902B742-LeaderElection156] INFO  impl.LeaderElection (LeaderElection.java:logAndReturn(56)) - abcd8826-c056-4817-bd0f-7af19a46d814@group-5F52F902B742-LeaderElection156: Election REJECTED; received 2 response(s) [abcd8826-c056-4817-bd0f-7af19a46d814<-b8f04e38-0663-4b1f-8efd-f76585c6e86c#0:FAIL-t79, abcd8826-c056-4817-bd0f-7af19a46d814<-73297ffa-40cb-4e3e-b33e-1bc2c1da60f5#0:FAIL-t79] and 0 exception(s); abcd8826-c056-4817-bd0f-7af19a46d814@group-5F52F902B742:t79, leader=null, voted=abcd8826-c056-4817-bd0f-7af19a46d814, raftlog=abcd8826-c056-4817-bd0f-7af19a46d814@group-5F52F902B742-SegmentedRaftLog:OPENED:c-1,f-1,i0, conf=-1: [b8f04e38-0663-4b1f-8efd-f76585c6e86c:192.168.157.251:35700, abcd8826-c056-4817-bd0f-7af19a46d814:192.168.157.251:46496, 73297ffa-40cb-4e3e-b33e-1bc2c1da60f5:192.168.157.251:32952], old=null
2019-10-17 18:50:54,117 [abcd8826-c056-4817-bd0f-7af19a46d814@group-5F52F902B742-LeaderElection156] INFO  impl.RaftServerImpl (RaftServerImpl.java:setRole(184)) - abcd8826-c056-4817-bd0f-7af19a46d814@group-5F52F902B742: changes role from CANDIDATE to FOLLOWER at term 79 for DISCOVERED_A_NEW_TERM
2019-10-17 18:50:54,117 [abcd8826-c056-4817-bd0f-7af19a46d814@group-5F52F902B742-LeaderElection156] INFO  impl.RoleInfo (RoleInfo.java:shutdownLeaderElection(134)) - abcd8826-c056-4817-bd0f-7af19a46d814: shutdown LeaderElection
2019-10-17 18:50:54,117 [abcd8826-c056-4817-bd0f-7af19a46d814@group-5F52F902B742-LeaderElection156] INFO  impl.RoleInfo (RoleInfo.java:updateAndGet(143)) - abcd8826-c056-4817-bd0f-7af19a46d814: start FollowerState
2019-10-17 18:50:54,118 [a5e79c22-a35f-4e50-b1fd-e91b6a93d74d@group-F775CA5912AC-LeaderElection157] INFO  impl.LeaderElection (LeaderElection.java:askForVotes(178)) - a5e79c22-a35f-4e50-b1fd-e91b6a93d74d@group-F775CA5912AC-LeaderElection157: begin an election at term 82 for -1: [a5e79c22-a35f-4e50-b1fd-e91b6a93d74d:192.168.157.251:45177, daae7813-f814-475d-9647-a302a5541e36:192.168.157.251:45025, 1e4e1375-1b66-460f-8c99-4c341545a119:192.168.157.251:42113], old=null
2019-10-17 18:50:54,120 [grpc-default-executor-4] INFO  impl.RaftServerImpl (RaftServerImpl.java:setRole(184)) - daae7813-f814-475d-9647-a302a5541e36@group-F775CA5912AC: changes role from  FOLLOWER to FOLLOWER at term 82 for recognizeCandidate:a5e79c22-a35f-4e50-b1fd-e91b6a93d74d
2019-10-17 18:50:54,120 [grpc-default-executor-4] INFO  impl.RoleInfo (RoleInfo.java:shutdownFollowerState(121)) - daae7813-f814-475d-9647-a302a5541e36: shutdown FollowerState
2019-10-17 18:50:54,120 [grpc-default-executor-2] INFO  impl.RaftServerImpl (RaftServerImpl.java:setRole(184)) - 1e4e1375-1b66-460f-8c99-4c341545a119@group-F775CA5912AC: changes role from  FOLLOWER to FOLLOWER at term 82 for recognizeCandidate:a5e79c22-a35f-4e50-b1fd-e91b6a93d74d
2019-10-17 18:50:54,120 [Thread-1409] INFO  impl.FollowerState (FollowerState.java:run(117)) - daae7813-f814-475d-9647-a302a5541e36@group-F775CA5912AC-FollowerState was interrupted: java.lang.InterruptedException: sleep interrupted
2019-10-17 18:50:54,120 [grpc-default-executor-4] INFO  impl.RoleInfo (RoleInfo.java:updateAndGet(143)) - daae7813-f814-475d-9647-a302a5541e36: start FollowerState
2019-10-17 18:50:54,120 [grpc-default-executor-2] INFO  impl.RoleInfo (RoleInfo.java:shutdownFollowerState(121)) - 1e4e1375-1b66-460f-8c99-4c341545a119: shutdown FollowerState
2019-10-17 18:50:54,121 [grpc-default-executor-2] INFO  impl.RoleInfo (RoleInfo.java:updateAndGet(143)) - 1e4e1375-1b66-460f-8c99-4c341545a119: start FollowerState
2019-10-17 18:50:54,121 [Thread-1408] INFO  impl.FollowerState (FollowerState.java:run(117)) - 1e4e1375-1b66-460f-8c99-4c341545a119@group-F775CA5912AC-FollowerState was interrupted: java.lang.InterruptedException: sleep interrupted
2019-10-17 18:50:54,164 [a5e79c22-a35f-4e50-b1fd-e91b6a93d74d@group-F775CA5912AC-LeaderElection157] INFO  impl.LeaderElection (LeaderElection.java:logAndReturn(56)) - a5e79c22-a35f-4e50-b1fd-e91b6a93d74d@group-F775CA5912AC-LeaderElection157: Election REJECTED; received 2 response(s) [a5e79c22-a35f-4e50-b1fd-e91b6a93d74d<-daae7813-f814-475d-9647-a302a5541e36#0:FAIL-t82, a5e79c22-a35f-4e50-b1fd-e91b6a93d74d<-1e4e1375-1b66-460f-8c99-4c341545a119#0:FAIL-t82] and 0 exception(s); a5e79c22-a35f-4e50-b1fd-e91b6a93d74d@group-F775CA5912AC:t82, leader=null, voted=a5e79c22-a35f-4e50-b1fd-e91b6a93d74d, raftlog=a5e79c22-a35f-4e50-b1fd-e91b6a93d74d@group-F775CA5912AC-SegmentedRaftLog:OPENED:c-1,f-1,i0, conf=-1: [a5e79c22-a35f-4e50-b1fd-e91b6a93d74d:192.168.157.251:45177, daae7813-f814-475d-9647-a302a5541e36:192.168.157.251:45025, 1e4e1375-1b66-460f-8c99-4c341545a119:192.168.157.251:42113], old=null
2019-10-17 18:50:54,164 [a5e79c22-a35f-4e50-b1fd-e91b6a93d74d@group-F775CA5912AC-LeaderElection157] INFO  impl.RaftServerImpl (RaftServerImpl.java:setRole(184)) - a5e79c22-a35f-4e50-b1fd-e91b6a93d74d@group-F775CA5912AC: changes role from CANDIDATE to FOLLOWER at term 82 for DISCOVERED_A_NEW_TERM
2019-10-17 18:50:54,165 [a5e79c22-a35f-4e50-b1fd-e91b6a93d74d@group-F775CA5912AC-LeaderElection157] INFO  impl.RoleInfo (RoleInfo.java:shutdownLeaderElection(134)) - a5e79c22-a35f-4e50-b1fd-e91b6a93d74d: shutdown LeaderElection
2019-10-17 18:50:54,165 [a5e79c22-a35f-4e50-b1fd-e91b6a93d74d@group-F775CA5912AC-LeaderElection157] INFO  impl.RoleInfo (RoleInfo.java:updateAndGet(143)) - a5e79c22-a35f-4e50-b1fd-e91b6a93d74d: start FollowerState
2019-10-17 18:50:54,165 [Thread-1422] INFO  impl.FollowerState (FollowerState.java:run(108)) - a5e79c22-a35f-4e50-b1fd-e91b6a93d74d@group-F775CA5912AC-FollowerState: change to CANDIDATE, lastRpcTime:0ms, electionTimeout:0ms
2019-10-17 18:50:54,165 [Thread-1422] INFO  impl.RoleInfo (RoleInfo.java:shutdownFollowerState(121)) - a5e79c22-a35f-4e50-b1fd-e91b6a93d74d: shutdown FollowerState
2019-10-17 18:50:54,165 [Thread-1422] INFO  impl.RaftServerImpl (RaftServerImpl.java:setRole(184)) - a5e79c22-a35f-4e50-b1fd-e91b6a93d74d@group-F775CA5912AC: changes role from  FOLLOWER to CANDIDATE at term 82 for changeToCandidate
2019-10-17 18:50:54,165 [Thread-1422] INFO  impl.RoleInfo (RoleInfo.java:updateAndGet(143)) - a5e79c22-a35f-4e50-b1fd-e91b6a93d74d: start LeaderElection
2019-10-17 18:50:54,173 [a5e79c22-a35f-4e50-b1fd-e91b6a93d74d@group-F775CA5912AC-LeaderElection158] INFO  impl.LeaderElection (LeaderElection.java:askForVotes(178)) - a5e79c22-a35f-4e50-b1fd-e91b6a93d74d@group-F775CA5912AC-LeaderElection158: begin an election at term 83 for -1: [a5e79c22-a35f-4e50-b1fd-e91b6a93d74d:192.168.157.251:45177, daae7813-f814-475d-9647-a302a5541e36:192.168.157.251:45025, 1e4e1375-1b66-460f-8c99-4c341545a119:192.168.157.251:42113], old=null
2019-10-17 18:50:54,175 [grpc-default-executor-2] INFO  impl.RaftServerImpl (RaftServerImpl.java:setRole(184)) - daae7813-f814-475d-9647-a302a5541e36@group-F775CA5912AC: changes role from  FOLLOWER to FOLLOWER at term 83 for recognizeCandidate:a5e79c22-a35f-4e50-b1fd-e91b6a93d74d
2019-10-17 18:50:54,176 [grpc-default-executor-4] INFO  impl.RaftServerImpl (RaftServerImpl.java:setRole(184)) - 1e4e1375-1b66-460f-8c99-4c341545a119@group-F775CA5912AC: changes role from  FOLLOWER to FOLLOWER at term 83 for recognizeCandidate:a5e79c22-a35f-4e50-b1fd-e91b6a93d74d
2019-10-17 18:50:54,176 [grpc-default-executor-4] INFO  impl.RoleInfo (RoleInfo.java:shutdownFollowerState(121)) - 1e4e1375-1b66-460f-8c99-4c341545a119: shutdown FollowerState
2019-10-17 18:50:54,176 [grpc-default-executor-2] INFO  impl.RoleInfo (RoleInfo.java:shutdownFollowerState(121)) - daae7813-f814-475d-9647-a302a5541e36: shutdown FollowerState
2019-10-17 18:50:54,176 [Thread-1421] INFO  impl.FollowerState (FollowerState.java:run(117)) - 1e4e1375-1b66-460f-8c99-4c341545a119@group-F775CA5912AC-FollowerState was interrupted: java.lang.InterruptedException: sleep interrupted
2019-10-17 18:50:54,176 [Thread-1420] INFO  impl.FollowerState (FollowerState.java:run(117)) - daae7813-f814-475d-9647-a302a5541e36@group-F775CA5912AC-FollowerState was interrupted: java.lang.InterruptedException: sleep interrupted
2019-10-17 18:50:54,176 [grpc-default-executor-4] INFO  impl.RoleInfo (RoleInfo.java:updateAndGet(143)) - 1e4e1375-1b66-460f-8c99-4c341545a119: start FollowerState
2019-10-17 18:50:54,176 [grpc-default-executor-2] INFO  impl.RoleInfo (RoleInfo.java:updateAndGet(143)) - daae7813-f814-475d-9647-a302a5541e36: start FollowerState
2019-10-17 18:50:54,184 [a5e79c22-a35f-4e50-b1fd-e91b6a93d74d@group-F775CA5912AC-LeaderElection158] INFO  impl.LeaderElection (LeaderElection.java:logAndReturn(56)) - a5e79c22-a35f-4e50-b1fd-e91b6a93d74d@group-F775CA5912AC-LeaderElection158: Election REJECTED; received 2 response(s) [a5e79c22-a35f-4e50-b1fd-e91b6a93d74d<-daae7813-f814-475d-9647-a302a5541e36#0:FAIL-t83, a5e79c22-a35f-4e50-b1fd-e91b6a93d74d<-1e4e1375-1b66-460f-8c99-4c341545a119#0:FAIL-t83] and 0 exception(s); a5e79c22-a35f-4e50-b1fd-e91b6a93d74d@group-F775CA5912AC:t83, leader=null, voted=a5e79c22-a35f-4e50-b1fd-e91b6a93d74d, raftlog=a5e79c22-a35f-4e50-b1fd-e91b6a93d74d@group-F775CA5912AC-SegmentedRaftLog:OPENED:c-1,f-1,i0, conf=-1: [a5e79c22-a35f-4e50-b1fd-e91b6a93d74d:192.168.157.251:45177, daae7813-f814-475d-9647-a302a5541e36:192.168.157.251:45025, 1e4e1375-1b66-460f-8c99-4c341545a119:192.168.157.251:42113], old=null
2019-10-17 18:50:54,184 [a5e79c22-a35f-4e50-b1fd-e91b6a93d74d@group-F775CA5912AC-LeaderElection158] INFO  impl.RaftServerImpl (RaftServerImpl.java:setRole(184)) - a5e79c22-a35f-4e50-b1fd-e91b6a93d74d@group-F775CA5912AC: changes role from CANDIDATE to FOLLOWER at term 83 for DISCOVERED_A_NEW_TERM
2019-10-17 18:50:54,184 [a5e79c22-a35f-4e50-b1fd-e91b6a93d74d@group-F775CA5912AC-LeaderElection158] INFO  impl.RoleInfo (RoleInfo.java:shutdownLeaderElection(134)) - a5e79c22-a35f-4e50-b1fd-e91b6a93d74d: shutdown LeaderElection
2019-10-17 18:50:54,184 [a5e79c22-a35f-4e50-b1fd-e91b6a93d74d@group-F775CA5912AC-LeaderElection158] INFO  impl.RoleInfo (RoleInfo.java:updateAndGet(143)) - a5e79c22-a35f-4e50-b1fd-e91b6a93d74d: start FollowerState
2019-10-17 18:50:54,210 [Thread-1417] INFO  impl.FollowerState (FollowerState.java:run(108)) - abcd8826-c056-4817-bd0f-7af19a46d814@group-5F52F902B742-FollowerState: change to CANDIDATE, lastRpcTime:92ms, electionTimeout:92ms
2019-10-17 18:50:54,210 [Thread-1417] INFO  impl.RoleInfo (RoleInfo.java:shutdownFollowerState(121)) - abcd8826-c056-4817-bd0f-7af19a46d814: shutdown FollowerState
2019-10-17 18:50:54,210 [Thread-1417] INFO  impl.RaftServerImpl (RaftServerImpl.java:setRole(184)) - abcd8826-c056-4817-bd0f-7af19a46d814@group-5F52F902B742: changes role from  FOLLOWER to CANDIDATE at term 79 for changeToCandidate
2019-10-17 18:50:54,210 [Thread-1417] INFO  impl.RoleInfo (RoleInfo.java:updateAndGet(143)) - abcd8826-c056-4817-bd0f-7af19a46d814: start LeaderElection
2019-10-17 18:50:54,228 [abcd8826-c056-4817-bd0f-7af19a46d814@group-5F52F902B742-LeaderElection159] INFO  impl.LeaderElection (LeaderElection.java:askForVotes(178)) - abcd8826-c056-4817-bd0f-7af19a46d814@group-5F52F902B742-LeaderElection159: begin an election at term 80 for -1: [b8f04e38-0663-4b1f-8efd-f76585c6e86c:192.168.157.251:35700, abcd8826-c056-4817-bd0f-7af19a46d814:192.168.157.251:46496, 73297ffa-40cb-4e3e-b33e-1bc2c1da60f5:192.168.157.251:32952], old=null
2019-10-17 18:50:54,231 [grpc-default-executor-2] INFO  impl.RaftServerImpl (RaftServerImpl.java:setRole(184)) - b8f04e38-0663-4b1f-8efd-f76585c6e86c@group-5F52F902B742: changes role from  FOLLOWER to FOLLOWER at term 80 for recognizeCandidate:abcd8826-c056-4817-bd0f-7af19a46d814
2019-10-17 18:50:54,231 [grpc-default-executor-4] INFO  impl.RaftServerImpl (RaftServerImpl.java:setRole(184)) - 73297ffa-40cb-4e3e-b33e-1bc2c1da60f5@group-5F52F902B742: changes role from  FOLLOWER to FOLLOWER at term 80 for recognizeCandidate:abcd8826-c056-4817-bd0f-7af19a46d814
2019-10-17 18:50:54,231 [grpc-default-executor-2] INFO  impl.RoleInfo (RoleInfo.java:shutdownFollowerState(121)) - b8f04e38-0663-4b1f-8efd-f76585c6e86c: shutdown FollowerState
2019-10-17 18:50:54,231 [grpc-default-executor-4] INFO  impl.RoleInfo (RoleInfo.java:shutdownFollowerState(121)) - 73297ffa-40cb-4e3e-b33e-1bc2c1da60f5: shutdown FollowerState
2019-10-17 18:50:54,231 [Thread-1414] INFO  impl.FollowerState (FollowerState.java:run(117)) - b8f04e38-0663-4b1f-8efd-f76585c6e86c@group-5F52F902B742-FollowerState was interrupted: java.lang.InterruptedException: sleep interrupted
2019-10-17 18:50:54,231 [grpc-default-executor-2] INFO  impl.RoleInfo (RoleInfo.java:updateAndGet(143)) - b8f04e38-0663-4b1f-8efd-f76585c6e86c: start FollowerState
2019-10-17 18:50:54,231 [Thread-1415] INFO  impl.FollowerState (FollowerState.java:run(117)) - 73297ffa-40cb-4e3e-b33e-1bc2c1da60f5@group-5F52F902B742-FollowerState was interrupted: java.lang.InterruptedException: sleep interrupted
2019-10-17 18:50:54,231 [grpc-default-executor-4] INFO  impl.RoleInfo (RoleInfo.java:updateAndGet(143)) - 73297ffa-40cb-4e3e-b33e-1bc2c1da60f5: start FollowerState
2019-10-17 18:50:54,240 [abcd8826-c056-4817-bd0f-7af19a46d814@group-5F52F902B742-LeaderElection159] INFO  impl.LeaderElection (LeaderElection.java:logAndReturn(56)) - abcd8826-c056-4817-bd0f-7af19a46d814@group-5F52F902B742-LeaderElection159: Election REJECTED; received 2 response(s) [abcd8826-c056-4817-bd0f-7af19a46d814<-b8f04e38-0663-4b1f-8efd-f76585c6e86c#0:FAIL-t80, abcd8826-c056-4817-bd0f-7af19a46d814<-73297ffa-40cb-4e3e-b33e-1bc2c1da60f5#0:FAIL-t80] and 0 exception(s); abcd8826-c056-4817-bd0f-7af19a46d814@group-5F52F902B742:t80, leader=null, voted=abcd8826-c056-4817-bd0f-7af19a46d814, raftlog=abcd8826-c056-4817-bd0f-7af19a46d814@group-5F52F902B742-SegmentedRaftLog:OPENED:c-1,f-1,i0, conf=-1: [b8f04e38-0663-4b1f-8efd-f76585c6e86c:192.168.157.251:35700, abcd8826-c056-4817-bd0f-7af19a46d814:192.168.157.251:46496, 73297ffa-40cb-4e3e-b33e-1bc2c1da60f5:192.168.157.251:32952], old=null
2019-10-17 18:50:54,240 [abcd8826-c056-4817-bd0f-7af19a46d814@group-5F52F902B742-LeaderElection159] INFO  impl.RaftServerImpl (RaftServerImpl.java:setRole(184)) - abcd8826-c056-4817-bd0f-7af19a46d814@group-5F52F902B742: changes role from CANDIDATE to FOLLOWER at term 80 for DISCOVERED_A_NEW_TERM
2019-10-17 18:50:54,240 [abcd8826-c056-4817-bd0f-7af19a46d814@group-5F52F902B742-LeaderElection159] INFO  impl.RoleInfo (RoleInfo.java:shutdownLeaderElection(134)) - abcd8826-c056-4817-bd0f-7af19a46d814: shutdown LeaderElection
2019-10-17 18:50:54,240 [abcd8826-c056-4817-bd0f-7af19a46d814@group-5F52F902B742-LeaderElection159] INFO  impl.RoleInfo (RoleInfo.java:updateAndGet(143)) - abcd8826-c056-4817-bd0f-7af19a46d814: start FollowerState
2019-10-17 18:50:54,262 [Thread-1428] INFO  impl.FollowerState (FollowerState.java:run(108)) - a5e79c22-a35f-4e50-b1fd-e91b6a93d74d@group-F775CA5912AC-FollowerState: change to CANDIDATE, lastRpcTime:77ms, electionTimeout:77ms
2019-10-17 18:50:54,262 [Thread-1428] INFO  impl.RoleInfo (RoleInfo.java:shutdownFollowerState(121)) - a5e79c22-a35f-4e50-b1fd-e91b6a93d74d: shutdown FollowerState
2019-10-17 18:50:54,262 [Thread-1428] INFO  impl.RaftServerImpl (RaftServerImpl.java:setRole(184)) - a5e79c22-a35f-4e50-b1fd-e91b6a93d74d@group-F775CA5912AC: changes role from  FOLLOWER to CANDIDATE at term 83 for changeToCandidate
2019-10-17 18:50:54,262 [Thread-1428] INFO  impl.RoleInfo (RoleInfo.java:updateAndGet(143)) - a5e79c22-a35f-4e50-b1fd-e91b6a93d74d: start LeaderElection
2019-10-17 18:50:54,281 [a5e79c22-a35f-4e50-b1fd-e91b6a93d74d@group-F775CA5912AC-LeaderElection160] INFO  impl.LeaderElection (LeaderElection.java:askForVotes(178)) - a5e79c22-a35f-4e50-b1fd-e91b6a93d74d@group-F775CA5912AC-LeaderElection160: begin an election at term 84 for -1: [a5e79c22-a35f-4e50-b1fd-e91b6a93d74d:192.168.157.251:45177, daae7813-f814-475d-9647-a302a5541e36:192.168.157.251:45025, 1e4e1375-1b66-460f-8c99-4c341545a119:192.168.157.251:42113], old=null
2019-10-17 18:50:54,283 [grpc-default-executor-2] INFO  impl.RaftServerImpl (RaftServerImpl.java:setRole(184)) - daae7813-f814-475d-9647-a302a5541e36@group-F775CA5912AC: changes role from  FOLLOWER to FOLLOWER at term 84 for recognizeCandidate:a5e79c22-a35f-4e50-b1fd-e91b6a93d74d
2019-10-17 18:50:54,283 [grpc-default-executor-4] INFO  impl.RaftServerImpl (RaftServerImpl.java:setRole(184)) - 1e4e1375-1b66-460f-8c99-4c341545a119@group-F775CA5912AC: changes role from  FOLLOWER to FOLLOWER at term 84 for recognizeCandidate:a5e79c22-a35f-4e50-b1fd-e91b6a93d74d
2019-10-17 18:50:54,284 [grpc-default-executor-4] INFO  impl.RoleInfo (RoleInfo.java:shutdownFollowerState(121)) - 1e4e1375-1b66-460f-8c99-4c341545a119: shutdown FollowerState
2019-10-17 18:50:54,283 [grpc-default-executor-2] INFO  impl.RoleInfo (RoleInfo.java:shutdownFollowerState(121)) - daae7813-f814-475d-9647-a302a5541e36: shutdown FollowerState
2019-10-17 18:50:54,284 [grpc-default-executor-4] INFO  impl.RoleInfo (RoleInfo.java:updateAndGet(143)) - 1e4e1375-1b66-460f-8c99-4c341545a119: start FollowerState
2019-10-17 18:50:54,284 [Thread-1426] INFO  impl.FollowerState (FollowerState.java:run(117)) - 1e4e1375-1b66-460f-8c99-4c341545a119@group-F775CA5912AC-FollowerState was interrupted: java.lang.InterruptedException: sleep interrupted
2019-10-17 18:50:54,284 [Thread-1427] INFO  impl.FollowerState (FollowerState.java:run(117)) - daae7813-f814-475d-9647-a302a5541e36@group-F775CA5912AC-FollowerState was interrupted: java.lang.InterruptedException: sleep interrupted
2019-10-17 18:50:54,284 [grpc-default-executor-2] INFO  impl.RoleInfo (RoleInfo.java:updateAndGet(143)) - daae7813-f814-475d-9647-a302a5541e36: start FollowerState
2019-10-17 18:50:54,293 [a5e79c22-a35f-4e50-b1fd-e91b6a93d74d@group-F775CA5912AC-LeaderElection160] INFO  impl.LeaderElection (LeaderElection.java:logAndReturn(56)) - a5e79c22-a35f-4e50-b1fd-e91b6a93d74d@group-F775CA5912AC-LeaderElection160: Election REJECTED; received 2 response(s) [a5e79c22-a35f-4e50-b1fd-e91b6a93d74d<-daae7813-f814-475d-9647-a302a5541e36#0:FAIL-t84, a5e79c22-a35f-4e50-b1fd-e91b6a93d74d<-1e4e1375-1b66-460f-8c99-4c341545a119#0:FAIL-t84] and 0 exception(s); a5e79c22-a35f-4e50-b1fd-e91b6a93d74d@group-F775CA5912AC:t84, leader=null, voted=a5e79c22-a35f-4e50-b1fd-e91b6a93d74d, raftlog=a5e79c22-a35f-4e50-b1fd-e91b6a93d74d@group-F775CA5912AC-SegmentedRaftLog:OPENED:c-1,f-1,i0, conf=-1: [a5e79c22-a35f-4e50-b1fd-e91b6a93d74d:192.168.157.251:45177, daae7813-f814-475d-9647-a302a5541e36:192.168.157.251:45025, 1e4e1375-1b66-460f-8c99-4c341545a119:192.168.157.251:42113], old=null
2019-10-17 18:50:54,293 [a5e79c22-a35f-4e50-b1fd-e91b6a93d74d@group-F775CA5912AC-LeaderElection160] INFO  impl.RaftServerImpl (RaftServerImpl.java:setRole(184)) - a5e79c22-a35f-4e50-b1fd-e91b6a93d74d@group-F775CA5912AC: changes role from CANDIDATE to FOLLOWER at term 84 for DISCOVERED_A_NEW_TERM
2019-10-17 18:50:54,293 [a5e79c22-a35f-4e50-b1fd-e91b6a93d74d@group-F775CA5912AC-LeaderElection160] INFO  impl.RoleInfo (RoleInfo.java:shutdownLeaderElection(134)) - a5e79c22-a35f-4e50-b1fd-e91b6a93d74d: shutdown LeaderElection
2019-10-17 18:50:54,293 [a5e79c22-a35f-4e50-b1fd-e91b6a93d74d@group-F775CA5912AC-LeaderElection160] INFO  impl.RoleInfo (RoleInfo.java:updateAndGet(143)) - a5e79c22-a35f-4e50-b1fd-e91b6a93d74d: start FollowerState
2019-10-17 18:50:54,405 [Thread-1434] INFO  impl.FollowerState (FollowerState.java:run(108)) - abcd8826-c056-4817-bd0f-7af19a46d814@group-5F52F902B742-FollowerState: change to CANDIDATE, lastRpcTime:164ms, electionTimeout:164ms
2019-10-17 18:50:54,405 [Thread-1434] INFO  impl.RoleInfo (RoleInfo.java:shutdownFollowerState(121)) - abcd8826-c056-4817-bd0f-7af19a46d814: shutdown FollowerState
2019-10-17 18:50:54,405 [Thread-1434] INFO  impl.RaftServerImpl (RaftServerImpl.java:setRole(184)) - abcd8826-c056-4817-bd0f-7af19a46d814@group-5F52F902B742: changes role from  FOLLOWER to CANDIDATE at term 80 for changeToCandidate
2019-10-17 18:50:54,405 [Thread-1434] INFO  impl.RoleInfo (RoleInfo.java:updateAndGet(143)) - abcd8826-c056-4817-bd0f-7af19a46d814: start LeaderElection
2019-10-17 18:50:54,418 [abcd8826-c056-4817-bd0f-7af19a46d814@group-5F52F902B742-LeaderElection161] INFO  impl.LeaderElection (LeaderElection.java:askForVotes(178)) - abcd8826-c056-4817-bd0f-7af19a46d814@group-5F52F902B742-LeaderElection161: begin an election at term 81 for -1: [b8f04e38-0663-4b1f-8efd-f76585c6e86c:192.168.157.251:35700, abcd8826-c056-4817-bd0f-7af19a46d814:192.168.157.251:46496, 73297ffa-40cb-4e3e-b33e-1bc2c1da60f5:192.168.157.251:32952], old=null
2019-10-17 18:50:54,421 [grpc-default-executor-4] INFO  impl.RaftServerImpl (RaftServerImpl.java:setRole(184)) - b8f04e38-0663-4b1f-8efd-f76585c6e86c@group-5F52F902B742: changes role from  FOLLOWER to FOLLOWER at term 81 for recognizeCandidate:abcd8826-c056-4817-bd0f-7af19a46d814
2019-10-17 18:50:54,421 [grpc-default-executor-2] INFO  impl.RaftServerImpl (RaftServerImpl.java:setRole(184)) - 73297ffa-40cb-4e3e-b33e-1bc2c1da60f5@group-5F52F902B742: changes role from  FOLLOWER to FOLLOWER at term 81 for recognizeCandidate:abcd8826-c056-4817-bd0f-7af19a46d814
2019-10-17 18:50:54,421 [grpc-default-executor-4] INFO  impl.RoleInfo (RoleInfo.java:shutdownFollowerState(121)) - b8f04e38-0663-4b1f-8efd-f76585c6e86c: shutdown FollowerState
2019-10-17 18:50:54,421 [grpc-default-executor-2] INFO  impl.RoleInfo (RoleInfo.java:shutdownFollowerState(121)) - 73297ffa-40cb-4e3e-b33e-1bc2c1da60f5: shutdown FollowerState
2019-10-17 18:50:54,422 [Thread-1432] INFO  impl.FollowerState (FollowerState.java:run(117)) - b8f04e38-0663-4b1f-8efd-f76585c6e86c@group-5F52F902B742-FollowerState was interrupted: java.lang.InterruptedException: sleep interrupted
2019-10-17 18:50:54,421 [grpc-default-executor-4] INFO  impl.RoleInfo (RoleInfo.java:updateAndGet(143)) - b8f04e38-0663-4b1f-8efd-f76585c6e86c: start FollowerState
2019-10-17 18:50:54,422 [Thread-1433] INFO  impl.FollowerState (FollowerState.java:run(117)) - 73297ffa-40cb-4e3e-b33e-1bc2c1da60f5@group-5F52F902B742-FollowerState was interrupted: java.lang.InterruptedException: sleep interrupted
2019-10-17 18:50:54,422 [grpc-default-executor-2] INFO  impl.RoleInfo (RoleInfo.java:updateAndGet(143)) - 73297ffa-40cb-4e3e-b33e-1bc2c1da60f5: start FollowerState
2019-10-17 18:50:54,439 [abcd8826-c056-4817-bd0f-7af19a46d814@group-5F52F902B742-LeaderElection161] INFO  impl.LeaderElection (LeaderElection.java:logAndReturn(56)) - abcd8826-c056-4817-bd0f-7af19a46d814@group-5F52F902B742-LeaderElection161: Election REJECTED; received 2 response(s) [abcd8826-c056-4817-bd0f-7af19a46d814<-b8f04e38-0663-4b1f-8efd-f76585c6e86c#0:FAIL-t81, abcd8826-c056-4817-bd0f-7af19a46d814<-73297ffa-40cb-4e3e-b33e-1bc2c1da60f5#0:FAIL-t81] and 0 exception(s); abcd8826-c056-4817-bd0f-7af19a46d814@group-5F52F902B742:t81, leader=null, voted=abcd8826-c056-4817-bd0f-7af19a46d814, raftlog=abcd8826-c056-4817-bd0f-7af19a46d814@group-5F52F902B742-SegmentedRaftLog:OPENED:c-1,f-1,i0, conf=-1: [b8f04e38-0663-4b1f-8efd-f76585c6e86c:192.168.157.251:35700, abcd8826-c056-4817-bd0f-7af19a46d814:192.168.157.251:46496, 73297ffa-40cb-4e3e-b33e-1bc2c1da60f5:192.168.157.251:32952], old=null
2019-10-17 18:50:54,439 [abcd8826-c056-4817-bd0f-7af19a46d814@group-5F52F902B742-LeaderElection161] INFO  impl.RaftServerImpl (RaftServerImpl.java:setRole(184)) - abcd8826-c056-4817-bd0f-7af19a46d814@group-5F52F902B742: changes role from CANDIDATE to FOLLOWER at term 81 for DISCOVERED_A_NEW_TERM
2019-10-17 18:50:54,440 [abcd8826-c056-4817-bd0f-7af19a46d814@group-5F52F902B742-LeaderElection161] INFO  impl.RoleInfo (RoleInfo.java:shutdownLeaderElection(134)) - abcd8826-c056-4817-bd0f-7af19a46d814: shutdown LeaderElection
2019-10-17 18:50:54,440 [abcd8826-c056-4817-bd0f-7af19a46d814@group-5F52F902B742-LeaderElection161] INFO  impl.RoleInfo (RoleInfo.java:updateAndGet(143)) - abcd8826-c056-4817-bd0f-7af19a46d814: start FollowerState
2019-10-17 18:50:54,466 [Thread-1448] INFO  impl.FollowerState (FollowerState.java:run(108)) - abcd8826-c056-4817-bd0f-7af19a46d814@group-5F52F902B742-FollowerState: change to CANDIDATE, lastRpcTime:26ms, electionTimeout:26ms
2019-10-17 18:50:54,466 [Thread-1448] INFO  impl.RoleInfo (RoleInfo.java:shutdownFollowerState(121)) - abcd8826-c056-4817-bd0f-7af19a46d814: shutdown FollowerState
2019-10-17 18:50:54,466 [Thread-1448] INFO  impl.RaftServerImpl (RaftServerImpl.java:setRole(184)) - abcd8826-c056-4817-bd0f-7af19a46d814@group-5F52F902B742: changes role from  FOLLOWER to CANDIDATE at term 81 for changeToCandidate
2019-10-17 18:50:54,466 [Thread-1448] INFO  impl.RoleInfo (RoleInfo.java:updateAndGet(143)) - abcd8826-c056-4817-bd0f-7af19a46d814: start LeaderElection
2019-10-17 18:50:54,481 [Thread-1440] INFO  impl.FollowerState (FollowerState.java:run(108)) - a5e79c22-a35f-4e50-b1fd-e91b6a93d74d@group-F775CA5912AC-FollowerState: change to CANDIDATE, lastRpcTime:187ms, electionTimeout:187ms
2019-10-17 18:50:54,481 [Thread-1440] INFO  impl.RoleInfo (RoleInfo.java:shutdownFollowerState(121)) - a5e79c22-a35f-4e50-b1fd-e91b6a93d74d: shutdown FollowerState
2019-10-17 18:50:54,481 [Thread-1440] INFO  impl.RaftServerImpl (RaftServerImpl.java:setRole(184)) - a5e79c22-a35f-4e50-b1fd-e91b6a93d74d@group-F775CA5912AC: changes role from  FOLLOWER to CANDIDATE at term 84 for changeToCandidate
2019-10-17 18:50:54,481 [Thread-1440] INFO  impl.RoleInfo (RoleInfo.java:updateAndGet(143)) - a5e79c22-a35f-4e50-b1fd-e91b6a93d74d: start LeaderElection
2019-10-17 18:50:54,491 [a5e79c22-a35f-4e50-b1fd-e91b6a93d74d@group-F775CA5912AC-LeaderElection163] INFO  impl.LeaderElection (LeaderElection.java:askForVotes(178)) - a5e79c22-a35f-4e50-b1fd-e91b6a93d74d@group-F775CA5912AC-LeaderElection163: begin an election at term 85 for -1: [a5e79c22-a35f-4e50-b1fd-e91b6a93d74d:192.168.157.251:45177, daae7813-f814-475d-9647-a302a5541e36:192.168.157.251:45025, 1e4e1375-1b66-460f-8c99-4c341545a119:192.168.157.251:42113], old=null
2019-10-17 18:50:54,491 [abcd8826-c056-4817-bd0f-7af19a46d814@group-5F52F902B742-LeaderElection162] INFO  impl.LeaderElection (LeaderElection.java:askForVotes(178)) - abcd8826-c056-4817-bd0f-7af19a46d814@group-5F52F902B742-LeaderElection162: begin an election at term 82 for -1: [b8f04e38-0663-4b1f-8efd-f76585c6e86c:192.168.157.251:35700, abcd8826-c056-4817-bd0f-7af19a46d814:192.168.157.251:46496, 73297ffa-40cb-4e3e-b33e-1bc2c1da60f5:192.168.157.251:32952], old=null
2019-10-17 18:50:54,497 [grpc-default-executor-0] INFO  impl.RaftServerImpl (RaftServerImpl.java:setRole(184)) - 73297ffa-40cb-4e3e-b33e-1bc2c1da60f5@group-5F52F902B742: changes role from  FOLLOWER to FOLLOWER at term 82 for recognizeCandidate:abcd8826-c056-4817-bd0f-7af19a46d814
2019-10-17 18:50:54,497 [grpc-default-executor-6] INFO  impl.RaftServerImpl (RaftServerImpl.java:setRole(184)) - b8f04e38-0663-4b1f-8efd-f76585c6e86c@group-5F52F902B742: changes role from  FOLLOWER to FOLLOWER at term 82 for recognizeCandidate:abcd8826-c056-4817-bd0f-7af19a46d814
2019-10-17 18:50:54,497 [grpc-default-executor-2] INFO  impl.RaftServerImpl (RaftServerImpl.java:setRole(184)) - 1e4e1375-1b66-460f-8c99-4c341545a119@group-F775CA5912AC: changes role from  FOLLOWER to FOLLOWER at term 85 for recognizeCandidate:a5e79c22-a35f-4e50-b1fd-e91b6a93d74d
2019-10-17 18:50:54,498 [grpc-default-executor-2] INFO  impl.RoleInfo (RoleInfo.java:shutdownFollowerState(121)) - 1e4e1375-1b66-460f-8c99-4c341545a119: shutdown FollowerState
2019-10-17 18:50:54,497 [grpc-default-executor-4] INFO  impl.RaftServerImpl (RaftServerImpl.java:setRole(184)) - daae7813-f814-475d-9647-a302a5541e36@group-F775CA5912AC: changes role from  FOLLOWER to FOLLOWER at term 85 for recognizeCandidate:a5e79c22-a35f-4e50-b1fd-e91b6a93d74d
2019-10-17 18:50:54,498 [Thread-1438] INFO  impl.FollowerState (FollowerState.java:run(117)) - 1e4e1375-1b66-460f-8c99-4c341545a119@group-F775CA5912AC-FollowerState was interrupted: java.lang.InterruptedException: sleep interrupted
2019-10-17 18:50:54,498 [grpc-default-executor-2] INFO  impl.RoleInfo (RoleInfo.java:updateAndGet(143)) - 1e4e1375-1b66-460f-8c99-4c341545a119: start FollowerState
2019-10-17 18:50:54,498 [grpc-default-executor-6] INFO  impl.RoleInfo (RoleInfo.java:shutdownFollowerState(121)) - b8f04e38-0663-4b1f-8efd-f76585c6e86c: shutdown FollowerState
2019-10-17 18:50:54,498 [grpc-default-executor-6] INFO  impl.RoleInfo (RoleInfo.java:updateAndGet(143)) - b8f04e38-0663-4b1f-8efd-f76585c6e86c: start FollowerState
2019-10-17 18:50:54,497 [grpc-default-executor-0] INFO  impl.RoleInfo (RoleInfo.java:shutdownFollowerState(121)) - 73297ffa-40cb-4e3e-b33e-1bc2c1da60f5: shutdown FollowerState
2019-10-17 18:50:54,498 [Thread-1446] INFO  impl.FollowerState (FollowerState.java:run(117)) - b8f04e38-0663-4b1f-8efd-f76585c6e86c@group-5F52F902B742-FollowerState was interrupted: java.lang.InterruptedException: sleep interrupted
2019-10-17 18:50:54,499 [Thread-1447] INFO  impl.FollowerState (FollowerState.java:run(117)) - 73297ffa-40cb-4e3e-b33e-1bc2c1da60f5@group-5F52F902B742-FollowerState was interrupted: java.lang.InterruptedException: sleep interrupted
2019-10-17 18:50:54,498 [grpc-default-executor-4] INFO  impl.RoleInfo (RoleInfo.java:shutdownFollowerState(121)) - daae7813-f814-475d-9647-a302a5541e36: shutdown FollowerState
2019-10-17 18:50:54,499 [grpc-default-executor-0] INFO  impl.RoleInfo (RoleInfo.java:updateAndGet(143)) - 73297ffa-40cb-4e3e-b33e-1bc2c1da60f5: start FollowerState
2019-10-17 18:50:54,499 [grpc-default-executor-4] INFO  impl.RoleInfo (RoleInfo.java:updateAndGet(143)) - daae7813-f814-475d-9647-a302a5541e36: start FollowerState
2019-10-17 18:50:54,499 [Thread-1439] INFO  impl.FollowerState (FollowerState.java:run(117)) - daae7813-f814-475d-9647-a302a5541e36@group-F775CA5912AC-FollowerState was interrupted: java.lang.InterruptedException: sleep interrupted
2019-10-17 18:50:54,512 [abcd8826-c056-4817-bd0f-7af19a46d814@group-5F52F902B742-LeaderElection162] INFO  impl.LeaderElection (LeaderElection.java:logAndReturn(56)) - abcd8826-c056-4817-bd0f-7af19a46d814@group-5F52F902B742-LeaderElection162: Election REJECTED; received 2 response(s) [abcd8826-c056-4817-bd0f-7af19a46d814<-b8f04e38-0663-4b1f-8efd-f76585c6e86c#0:FAIL-t82, abcd8826-c056-4817-bd0f-7af19a46d814<-73297ffa-40cb-4e3e-b33e-1bc2c1da60f5#0:FAIL-t82] and 0 exception(s); abcd8826-c056-4817-bd0f-7af19a46d814@group-5F52F902B742:t82, leader=null, voted=abcd8826-c056-4817-bd0f-7af19a46d814, raftlog=abcd8826-c056-4817-bd0f-7af19a46d814@group-5F52F902B742-SegmentedRaftLog:OPENED:c-1,f-1,i0, conf=-1: [b8f04e38-0663-4b1f-8efd-f76585c6e86c:192.168.157.251:35700, abcd8826-c056-4817-bd0f-7af19a46d814:192.168.157.251:46496, 73297ffa-40cb-4e3e-b33e-1bc2c1da60f5:192.168.157.251:32952], old=null
2019-10-17 18:50:54,512 [a5e79c22-a35f-4e50-b1fd-e91b6a93d74d@group-F775CA5912AC-LeaderElection163] INFO  impl.LeaderElection (LeaderElection.java:logAndReturn(56)) - a5e79c22-a35f-4e50-b1fd-e91b6a93d74d@group-F775CA5912AC-LeaderElection163: Election REJECTED; received 2 response(s) [a5e79c22-a35f-4e50-b1fd-e91b6a93d74d<-daae7813-f814-475d-9647-a302a5541e36#0:FAIL-t85, a5e79c22-a35f-4e50-b1fd-e91b6a93d74d<-1e4e1375-1b66-460f-8c99-4c341545a119#0:FAIL-t85] and 0 exception(s); a5e79c22-a35f-4e50-b1fd-e91b6a93d74d@group-F775CA5912AC:t85, leader=null, voted=a5e79c22-a35f-4e50-b1fd-e91b6a93d74d, raftlog=a5e79c22-a35f-4e50-b1fd-e91b6a93d74d@group-F775CA5912AC-SegmentedRaftLog:OPENED:c-1,f-1,i0, conf=-1: [a5e79c22-a35f-4e50-b1fd-e91b6a93d74d:192.168.157.251:45177, daae7813-f814-475d-9647-a302a5541e36:192.168.157.251:45025, 1e4e1375-1b66-460f-8c99-4c341545a119:192.168.157.251:42113], old=null
2019-10-17 18:50:54,512 [abcd8826-c056-4817-bd0f-7af19a46d814@group-5F52F902B742-LeaderElection162] INFO  impl.RaftServerImpl (RaftServerImpl.java:setRole(184)) - abcd8826-c056-4817-bd0f-7af19a46d814@group-5F52F902B742: changes role from CANDIDATE to FOLLOWER at term 82 for DISCOVERED_A_NEW_TERM
2019-10-17 18:50:54,512 [a5e79c22-a35f-4e50-b1fd-e91b6a93d74d@group-F775CA5912AC-LeaderElection163] INFO  impl.RaftServerImpl (RaftServerImpl.java:setRole(184)) - a5e79c22-a35f-4e50-b1fd-e91b6a93d74d@group-F775CA5912AC: changes role from CANDIDATE to FOLLOWER at term 85 for DISCOVERED_A_NEW_TERM
2019-10-17 18:50:54,512 [abcd8826-c056-4817-bd0f-7af19a46d814@group-5F52F902B742-LeaderElection162] INFO  impl.RoleInfo (RoleInfo.java:shutdownLeaderElection(134)) - abcd8826-c056-4817-bd0f-7af19a46d814: shutdown LeaderElection
2019-10-17 18:50:54,513 [a5e79c22-a35f-4e50-b1fd-e91b6a93d74d@group-F775CA5912AC-LeaderElection163] INFO  impl.RoleInfo (RoleInfo.java:shutdownLeaderElection(134)) - a5e79c22-a35f-4e50-b1fd-e91b6a93d74d: shutdown LeaderElection
2019-10-17 18:50:54,513 [abcd8826-c056-4817-bd0f-7af19a46d814@group-5F52F902B742-LeaderElection162] INFO  impl.RoleInfo (RoleInfo.java:updateAndGet(143)) - abcd8826-c056-4817-bd0f-7af19a46d814: start FollowerState
2019-10-17 18:50:54,513 [a5e79c22-a35f-4e50-b1fd-e91b6a93d74d@group-F775CA5912AC-LeaderElection163] INFO  impl.RoleInfo (RoleInfo.java:updateAndGet(143)) - a5e79c22-a35f-4e50-b1fd-e91b6a93d74d: start FollowerState
2019-10-17 18:50:54,542 [Thread-1460] INFO  impl.FollowerState (FollowerState.java:run(108)) - a5e79c22-a35f-4e50-b1fd-e91b6a93d74d@group-F775CA5912AC-FollowerState: change to CANDIDATE, lastRpcTime:29ms, electionTimeout:29ms
2019-10-17 18:50:54,542 [Thread-1460] INFO  impl.RoleInfo (RoleInfo.java:shutdownFollowerState(121)) - a5e79c22-a35f-4e50-b1fd-e91b6a93d74d: shutdown FollowerState
2019-10-17 18:50:54,542 [Thread-1460] INFO  impl.RaftServerImpl (RaftServerImpl.java:setRole(184)) - a5e79c22-a35f-4e50-b1fd-e91b6a93d74d@group-F775CA5912AC: changes role from  FOLLOWER to CANDIDATE at term 85 for changeToCandidate
2019-10-17 18:50:54,543 [Thread-1460] INFO  impl.RoleInfo (RoleInfo.java:updateAndGet(143)) - a5e79c22-a35f-4e50-b1fd-e91b6a93d74d: start LeaderElection
2019-10-17 18:50:54,563 [Thread-1459] INFO  impl.FollowerState (FollowerState.java:run(108)) - abcd8826-c056-4817-bd0f-7af19a46d814@group-5F52F902B742-FollowerState: change to CANDIDATE, lastRpcTime:50ms, electionTimeout:50ms
2019-10-17 18:50:54,563 [Thread-1459] INFO  impl.RoleInfo (RoleInfo.java:shutdownFollowerState(121)) - abcd8826-c056-4817-bd0f-7af19a46d814: shutdown FollowerState
2019-10-17 18:50:54,563 [Thread-1459] INFO  impl.RaftServerImpl (RaftServerImpl.java:setRole(184)) - abcd8826-c056-4817-bd0f-7af19a46d814@group-5F52F902B742: changes role from  FOLLOWER to CANDIDATE at term 82 for changeToCandidate
2019-10-17 18:50:54,564 [Thread-1459] INFO  impl.RoleInfo (RoleInfo.java:updateAndGet(143)) - abcd8826-c056-4817-bd0f-7af19a46d814: start LeaderElection
2019-10-17 18:50:54,583 [a5e79c22-a35f-4e50-b1fd-e91b6a93d74d@group-F775CA5912AC-LeaderElection164] INFO  impl.LeaderElection (LeaderElection.java:askForVotes(178)) - a5e79c22-a35f-4e50-b1fd-e91b6a93d74d@group-F775CA5912AC-LeaderElection164: begin an election at term 86 for -1: [a5e79c22-a35f-4e50-b1fd-e91b6a93d74d:192.168.157.251:45177, daae7813-f814-475d-9647-a302a5541e36:192.168.157.251:45025, 1e4e1375-1b66-460f-8c99-4c341545a119:192.168.157.251:42113], old=null
2019-10-17 18:50:54,585 [abcd8826-c056-4817-bd0f-7af19a46d814@group-5F52F902B742-LeaderElection165] INFO  impl.LeaderElection (LeaderElection.java:askForVotes(178)) - abcd8826-c056-4817-bd0f-7af19a46d814@group-5F52F902B742-LeaderElection165: begin an election at term 83 for -1: [b8f04e38-0663-4b1f-8efd-f76585c6e86c:192.168.157.251:35700, abcd8826-c056-4817-bd0f-7af19a46d814:192.168.157.251:46496, 73297ffa-40cb-4e3e-b33e-1bc2c1da60f5:192.168.157.251:32952], old=null
2019-10-17 18:50:54,585 [grpc-default-executor-0] INFO  impl.RaftServerImpl (RaftServerImpl.java:setRole(184)) - 1e4e1375-1b66-460f-8c99-4c341545a119@group-F775CA5912AC: changes role from  FOLLOWER to FOLLOWER at term 86 for recognizeCandidate:a5e79c22-a35f-4e50-b1fd-e91b6a93d74d
2019-10-17 18:50:54,586 [grpc-default-executor-2] INFO  impl.RaftServerImpl (RaftServerImpl.java:setRole(184)) - daae7813-f814-475d-9647-a302a5541e36@group-F775CA5912AC: changes role from  FOLLOWER to FOLLOWER at term 86 for recognizeCandidate:a5e79c22-a35f-4e50-b1fd-e91b6a93d74d
2019-10-17 18:50:54,586 [grpc-default-executor-0] INFO  impl.RoleInfo (RoleInfo.java:shutdownFollowerState(121)) - 1e4e1375-1b66-460f-8c99-4c341545a119: shutdown FollowerState
2019-10-17 18:50:54,586 [grpc-default-executor-2] INFO  impl.RoleInfo (RoleInfo.java:shutdownFollowerState(121)) - daae7813-f814-475d-9647-a302a5541e36: shutdown FollowerState
2019-10-17 18:50:54,586 [grpc-default-executor-0] INFO  impl.RoleInfo (RoleInfo.java:updateAndGet(143)) - 1e4e1375-1b66-460f-8c99-4c341545a119: start FollowerState
2019-10-17 18:50:54,586 [Thread-1455] INFO  impl.FollowerState (FollowerState.java:run(117)) - 1e4e1375-1b66-460f-8c99-4c341545a119@group-F775CA5912AC-FollowerState was interrupted: java.lang.InterruptedException: sleep interrupted
2019-10-17 18:50:54,586 [grpc-default-executor-2] INFO  impl.RoleInfo (RoleInfo.java:updateAndGet(143)) - daae7813-f814-475d-9647-a302a5541e36: start FollowerState
2019-10-17 18:50:54,586 [Thread-1458] INFO  impl.FollowerState (FollowerState.java:run(117)) - daae7813-f814-475d-9647-a302a5541e36@group-F775CA5912AC-FollowerState was interrupted: java.lang.InterruptedException: sleep interrupted
2019-10-17 18:50:54,587 [grpc-default-executor-4] INFO  impl.RaftServerImpl (RaftServerImpl.java:setRole(184)) - 73297ffa-40cb-4e3e-b33e-1bc2c1da60f5@group-5F52F902B742: changes role from  FOLLOWER to FOLLOWER at term 83 for recognizeCandidate:abcd8826-c056-4817-bd0f-7af19a46d814
2019-10-17 18:50:54,587 [grpc-default-executor-4] INFO  impl.RoleInfo (RoleInfo.java:shutdownFollowerState(121)) - 73297ffa-40cb-4e3e-b33e-1bc2c1da60f5: shutdown FollowerState
2019-10-17 18:50:54,587 [grpc-default-executor-6] INFO  impl.RaftServerImpl (RaftServerImpl.java:setRole(184)) - b8f04e38-0663-4b1f-8efd-f76585c6e86c@group-5F52F902B742: changes role from  FOLLOWER to FOLLOWER at term 83 for recognizeCandidate:abcd8826-c056-4817-bd0f-7af19a46d814
2019-10-17 18:50:54,587 [Thread-1457] INFO  impl.FollowerState (FollowerState.java:run(117)) - 73297ffa-40cb-4e3e-b33e-1bc2c1da60f5@group-5F52F902B742-FollowerState was interrupted: java.lang.InterruptedException: sleep interrupted
2019-10-17 18:50:54,587 [grpc-default-executor-4] INFO  impl.RoleInfo (RoleInfo.java:updateAndGet(143)) - 73297ffa-40cb-4e3e-b33e-1bc2c1da60f5: start FollowerState
2019-10-17 18:50:54,587 [grpc-default-executor-6] INFO  impl.RoleInfo (RoleInfo.java:shutdownFollowerState(121)) - b8f04e38-0663-4b1f-8efd-f76585c6e86c: shutdown FollowerState
2019-10-17 18:50:54,588 [grpc-default-executor-6] INFO  impl.RoleInfo (RoleInfo.java:updateAndGet(143)) - b8f04e38-0663-4b1f-8efd-f76585c6e86c: start FollowerState
2019-10-17 18:50:54,588 [Thread-1456] INFO  impl.FollowerState (FollowerState.java:run(117)) - b8f04e38-0663-4b1f-8efd-f76585c6e86c@group-5F52F902B742-FollowerState was interrupted: java.lang.InterruptedException: sleep interrupted
2019-10-17 18:50:54,592 [a5e79c22-a35f-4e50-b1fd-e91b6a93d74d@group-F775CA5912AC-LeaderElection164] INFO  impl.LeaderElection (LeaderElection.java:logAndReturn(56)) - a5e79c22-a35f-4e50-b1fd-e91b6a93d74d@group-F775CA5912AC-LeaderElection164: Election TIMEOUT; received 0 response(s) [] and 0 exception(s); a5e79c22-a35f-4e50-b1fd-e91b6a93d74d@group-F775CA5912AC:t86, leader=null, voted=a5e79c22-a35f-4e50-b1fd-e91b6a93d74d, raftlog=a5e79c22-a35f-4e50-b1fd-e91b6a93d74d@group-F775CA5912AC-SegmentedRaftLog:OPENED:c-1,f-1,i0, conf=-1: [a5e79c22-a35f-4e50-b1fd-e91b6a93d74d:192.168.157.251:45177, daae7813-f814-475d-9647-a302a5541e36:192.168.157.251:45025, 1e4e1375-1b66-460f-8c99-4c341545a119:192.168.157.251:42113], old=null
2019-10-17 18:50:54,593 [abcd8826-c056-4817-bd0f-7af19a46d814@group-5F52F902B742-LeaderElection165] INFO  impl.LeaderElection (LeaderElection.java:logAndReturn(56)) - abcd8826-c056-4817-bd0f-7af19a46d814@group-5F52F902B742-LeaderElection165: Election TIMEOUT; received 0 response(s) [] and 0 exception(s); abcd8826-c056-4817-bd0f-7af19a46d814@group-5F52F902B742:t83, leader=null, voted=abcd8826-c056-4817-bd0f-7af19a46d814, raftlog=abcd8826-c056-4817-bd0f-7af19a46d814@group-5F52F902B742-SegmentedRaftLog:OPENED:c-1,f-1,i0, conf=-1: [b8f04e38-0663-4b1f-8efd-f76585c6e86c:192.168.157.251:35700, abcd8826-c056-4817-bd0f-7af19a46d814:192.168.157.251:46496, 73297ffa-40cb-4e3e-b33e-1bc2c1da60f5:192.168.157.251:32952], old=null
2019-10-17 18:50:54,607 [a5e79c22-a35f-4e50-b1fd-e91b6a93d74d@group-F775CA5912AC-LeaderElection164] INFO  impl.LeaderElection (LeaderElection.java:askForVotes(178)) - a5e79c22-a35f-4e50-b1fd-e91b6a93d74d@group-F775CA5912AC-LeaderElection164: begin an election at term 87 for -1: [a5e79c22-a35f-4e50-b1fd-e91b6a93d74d:192.168.157.251:45177, daae7813-f814-475d-9647-a302a5541e36:192.168.157.251:45025, 1e4e1375-1b66-460f-8c99-4c341545a119:192.168.157.251:42113], old=null
2019-10-17 18:50:54,608 [abcd8826-c056-4817-bd0f-7af19a46d814@group-5F52F902B742-LeaderElection165] INFO  impl.LeaderElection (LeaderElection.java:askForVotes(178)) - abcd8826-c056-4817-bd0f-7af19a46d814@group-5F52F902B742-LeaderElection165: begin an election at term 84 for -1: [b8f04e38-0663-4b1f-8efd-f76585c6e86c:192.168.157.251:35700, abcd8826-c056-4817-bd0f-7af19a46d814:192.168.157.251:46496, 73297ffa-40cb-4e3e-b33e-1bc2c1da60f5:192.168.157.251:32952], old=null
2019-10-17 18:50:54,609 [grpc-default-executor-4] INFO  impl.RaftServerImpl (RaftServerImpl.java:setRole(184)) - 1e4e1375-1b66-460f-8c99-4c341545a119@group-F775CA5912AC: changes role from  FOLLOWER to FOLLOWER at term 87 for recognizeCandidate:a5e79c22-a35f-4e50-b1fd-e91b6a93d74d
2019-10-17 18:50:54,609 [grpc-default-executor-4] INFO  impl.RoleInfo (RoleInfo.java:shutdownFollowerState(121)) - 1e4e1375-1b66-460f-8c99-4c341545a119: shutdown FollowerState
2019-10-17 18:50:54,610 [grpc-default-executor-4] INFO  impl.RoleInfo (RoleInfo.java:updateAndGet(143)) - 1e4e1375-1b66-460f-8c99-4c341545a119: start FollowerState
2019-10-17 18:50:54,610 [Thread-1467] INFO  impl.FollowerState (FollowerState.java:run(117)) - 1e4e1375-1b66-460f-8c99-4c341545a119@group-F775CA5912AC-FollowerState was interrupted: java.lang.InterruptedException: sleep interrupted
2019-10-17 18:50:54,610 [grpc-default-executor-0] INFO  impl.RaftServerImpl (RaftServerImpl.java:setRole(184)) - 73297ffa-40cb-4e3e-b33e-1bc2c1da60f5@group-5F52F902B742: changes role from  FOLLOWER to FOLLOWER at term 84 for recognizeCandidate:abcd8826-c056-4817-bd0f-7af19a46d814
2019-10-17 18:50:54,610 [grpc-default-executor-2] INFO  impl.RaftServerImpl (RaftServerImpl.java:setRole(184)) - daae7813-f814-475d-9647-a302a5541e36@group-F775CA5912AC: changes role from  FOLLOWER to FOLLOWER at term 87 for recognizeCandidate:a5e79c22-a35f-4e50-b1fd-e91b6a93d74d
2019-10-17 18:50:54,610 [grpc-default-executor-6] INFO  impl.RaftServerImpl (RaftServerImpl.java:setRole(184)) - b8f04e38-0663-4b1f-8efd-f76585c6e86c@group-5F52F902B742: changes role from  FOLLOWER to FOLLOWER at term 84 for recognizeCandidate:abcd8826-c056-4817-bd0f-7af19a46d814
2019-10-17 18:50:54,610 [grpc-default-executor-6] INFO  impl.RoleInfo (RoleInfo.java:shutdownFollowerState(121)) - b8f04e38-0663-4b1f-8efd-f76585c6e86c: shutdown FollowerState
2019-10-17 18:50:54,610 [grpc-default-executor-0] INFO  impl.RoleInfo (RoleInfo.java:shutdownFollowerState(121)) - 73297ffa-40cb-4e3e-b33e-1bc2c1da60f5: shutdown FollowerState
2019-10-17 18:50:54,610 [Thread-1470] INFO  impl.FollowerState (FollowerState.java:run(117)) - b8f04e38-0663-4b1f-8efd-f76585c6e86c@group-5F52F902B742-FollowerState was interrupted: java.lang.InterruptedException: sleep interrupted
2019-10-17 18:50:54,610 [grpc-default-executor-6] INFO  impl.RoleInfo (RoleInfo.java:updateAndGet(143)) - b8f04e38-0663-4b1f-8efd-f76585c6e86c: start FollowerState
2019-10-17 18:50:54,610 [grpc-default-executor-2] INFO  impl.RoleInfo (RoleInfo.java:shutdownFollowerState(121)) - daae7813-f814-475d-9647-a302a5541e36: shutdown FollowerState
2019-10-17 18:50:54,611 [Thread-1469] INFO  impl.FollowerState (FollowerState.java:run(117)) - 73297ffa-40cb-4e3e-b33e-1bc2c1da60f5@group-5F52F902B742-FollowerState was interrupted: java.lang.InterruptedException: sleep interrupted
2019-10-17 18:50:54,611 [grpc-default-executor-0] INFO  impl.RoleInfo (RoleInfo.java:updateAndGet(143)) - 73297ffa-40cb-4e3e-b33e-1bc2c1da60f5: start FollowerState
2019-10-17 18:50:54,611 [Thread-1468] INFO  impl.FollowerState (FollowerState.java:run(117)) - daae7813-f814-475d-9647-a302a5541e36@group-F775CA5912AC-FollowerState was interrupted: java.lang.InterruptedException: sleep interrupted
2019-10-17 18:50:54,611 [grpc-default-executor-2] INFO  impl.RoleInfo (RoleInfo.java:updateAndGet(143)) - daae7813-f814-475d-9647-a302a5541e36: start FollowerState
2019-10-17 18:50:54,622 [a5e79c22-a35f-4e50-b1fd-e91b6a93d74d@group-F775CA5912AC-LeaderElection164] INFO  impl.LeaderElection (LeaderElection.java:logAndReturn(56)) - a5e79c22-a35f-4e50-b1fd-e91b6a93d74d@group-F775CA5912AC-LeaderElection164: Election REJECTED; received 2 response(s) [a5e79c22-a35f-4e50-b1fd-e91b6a93d74d<-daae7813-f814-475d-9647-a302a5541e36#0:FAIL-t87, a5e79c22-a35f-4e50-b1fd-e91b6a93d74d<-1e4e1375-1b66-460f-8c99-4c341545a119#0:FAIL-t87] and 0 exception(s); a5e79c22-a35f-4e50-b1fd-e91b6a93d74d@group-F775CA5912AC:t87, leader=null, voted=a5e79c22-a35f-4e50-b1fd-e91b6a93d74d, raftlog=a5e79c22-a35f-4e50-b1fd-e91b6a93d74d@group-F775CA5912AC-SegmentedRaftLog:OPENED:c-1,f-1,i0, conf=-1: [a5e79c22-a35f-4e50-b1fd-e91b6a93d74d:192.168.157.251:45177, daae7813-f814-475d-9647-a302a5541e36:192.168.157.251:45025, 1e4e1375-1b66-460f-8c99-4c341545a119:192.168.157.251:42113], old=null
2019-10-17 18:50:54,622 [abcd8826-c056-4817-bd0f-7af19a46d814@group-5F52F902B742-LeaderElection165] INFO  impl.LeaderElection (LeaderElection.java:logAndReturn(56)) - abcd8826-c056-4817-bd0f-7af19a46d814@group-5F52F902B742-LeaderElection165: Election REJECTED; received 2 response(s) [abcd8826-c056-4817-bd0f-7af19a46d814<-b8f04e38-0663-4b1f-8efd-f76585c6e86c#0:FAIL-t84, abcd8826-c056-4817-bd0f-7af19a46d814<-73297ffa-40cb-4e3e-b33e-1bc2c1da60f5#0:FAIL-t84] and 0 exception(s); abcd8826-c056-4817-bd0f-7af19a46d814@group-5F52F902B742:t84, leader=null, voted=abcd8826-c056-4817-bd0f-7af19a46d814, raftlog=abcd8826-c056-4817-bd0f-7af19a46d814@group-5F52F902B742-SegmentedRaftLog:OPENED:c-1,f-1,i0, conf=-1: [b8f04e38-0663-4b1f-8efd-f76585c6e86c:192.168.157.251:35700, abcd8826-c056-4817-bd0f-7af19a46d814:192.168.157.251:46496, 73297ffa-40cb-4e3e-b33e-1bc2c1da60f5:192.168.157.251:32952], old=null
2019-10-17 18:50:54,622 [a5e79c22-a35f-4e50-b1fd-e91b6a93d74d@group-F775CA5912AC-LeaderElection164] INFO  impl.RaftServerImpl (RaftServerImpl.java:setRole(184)) - a5e79c22-a35f-4e50-b1fd-e91b6a93d74d@group-F775CA5912AC: changes role from CANDIDATE to FOLLOWER at term 87 for DISCOVERED_A_NEW_TERM
2019-10-17 18:50:54,622 [abcd8826-c056-4817-bd0f-7af19a46d814@group-5F52F902B742-LeaderElection165] INFO  impl.RaftServerImpl (RaftServerImpl.java:setRole(184)) - abcd8826-c056-4817-bd0f-7af19a46d814@group-5F52F902B742: changes role from CANDIDATE to FOLLOWER at term 84 for DISCOVERED_A_NEW_TERM
2019-10-17 18:50:54,622 [a5e79c22-a35f-4e50-b1fd-e91b6a93d74d@group-F775CA5912AC-LeaderElection164] INFO  impl.RoleInfo (RoleInfo.java:shutdownLeaderElection(134)) - a5e79c22-a35f-4e50-b1fd-e91b6a93d74d: shutdown LeaderElection
2019-10-17 18:50:54,622 [abcd8826-c056-4817-bd0f-7af19a46d814@group-5F52F902B742-LeaderElection165] INFO  impl.RoleInfo (RoleInfo.java:shutdownLeaderElection(134)) - abcd8826-c056-4817-bd0f-7af19a46d814: shutdown LeaderElection
2019-10-17 18:50:54,622 [a5e79c22-a35f-4e50-b1fd-e91b6a93d74d@group-F775CA5912AC-LeaderElection164] INFO  impl.RoleInfo (RoleInfo.java:updateAndGet(143)) - a5e79c22-a35f-4e50-b1fd-e91b6a93d74d: start FollowerState
2019-10-17 18:50:54,622 [abcd8826-c056-4817-bd0f-7af19a46d814@group-5F52F902B742-LeaderElection165] INFO  impl.RoleInfo (RoleInfo.java:updateAndGet(143)) - abcd8826-c056-4817-bd0f-7af19a46d814: start FollowerState
2019-10-17 18:50:54,717 [Thread-1479] INFO  impl.FollowerState (FollowerState.java:run(108)) - a5e79c22-a35f-4e50-b1fd-e91b6a93d74d@group-F775CA5912AC-FollowerState: change to CANDIDATE, lastRpcTime:95ms, electionTimeout:95ms
2019-10-17 18:50:54,718 [Thread-1479] INFO  impl.RoleInfo (RoleInfo.java:shutdownFollowerState(121)) - a5e79c22-a35f-4e50-b1fd-e91b6a93d74d: shutdown FollowerState
2019-10-17 18:50:54,718 [Thread-1479] INFO  impl.RaftServerImpl (RaftServerImpl.java:setRole(184)) - a5e79c22-a35f-4e50-b1fd-e91b6a93d74d@group-F775CA5912AC: changes role from  FOLLOWER to CANDIDATE at term 87 for changeToCandidate
2019-10-17 18:50:54,718 [Thread-1479] INFO  impl.RoleInfo (RoleInfo.java:updateAndGet(143)) - a5e79c22-a35f-4e50-b1fd-e91b6a93d74d: start LeaderElection
2019-10-17 18:50:54,735 [a5e79c22-a35f-4e50-b1fd-e91b6a93d74d@group-F775CA5912AC-LeaderElection166] INFO  impl.LeaderElection (LeaderElection.java:askForVotes(178)) - a5e79c22-a35f-4e50-b1fd-e91b6a93d74d@group-F775CA5912AC-LeaderElection166: begin an election at term 88 for -1: [a5e79c22-a35f-4e50-b1fd-e91b6a93d74d:192.168.157.251:45177, daae7813-f814-475d-9647-a302a5541e36:192.168.157.251:45025, 1e4e1375-1b66-460f-8c99-4c341545a119:192.168.157.251:42113], old=null
2019-10-17 18:50:54,739 [grpc-default-executor-6] INFO  impl.RaftServerImpl (RaftServerImpl.java:setRole(184)) - daae7813-f814-475d-9647-a302a5541e36@group-F775CA5912AC: changes role from  FOLLOWER to FOLLOWER at term 88 for recognizeCandidate:a5e79c22-a35f-4e50-b1fd-e91b6a93d74d
2019-10-17 18:50:54,739 [grpc-default-executor-2] INFO  impl.RaftServerImpl (RaftServerImpl.java:setRole(184)) - 1e4e1375-1b66-460f-8c99-4c341545a119@group-F775CA5912AC: changes role from  FOLLOWER to FOLLOWER at term 88 for recognizeCandidate:a5e79c22-a35f-4e50-b1fd-e91b6a93d74d
2019-10-17 18:50:54,739 [grpc-default-executor-6] INFO  impl.RoleInfo (RoleInfo.java:shutdownFollowerState(121)) - daae7813-f814-475d-9647-a302a5541e36: shutdown FollowerState
2019-10-17 18:50:54,739 [grpc-default-executor-2] INFO  impl.RoleInfo (RoleInfo.java:shutdownFollowerState(121)) - 1e4e1375-1b66-460f-8c99-4c341545a119: shutdown FollowerState
2019-10-17 18:50:54,739 [Thread-1478] INFO  impl.FollowerState (FollowerState.java:run(117)) - daae7813-f814-475d-9647-a302a5541e36@group-F775CA5912AC-FollowerState was interrupted: java.lang.InterruptedException: sleep interrupted
2019-10-17 18:50:54,739 [grpc-default-executor-6] INFO  impl.RoleInfo (RoleInfo.java:updateAndGet(143)) - daae7813-f814-475d-9647-a302a5541e36: start FollowerState
2019-10-17 18:50:54,739 [Thread-1475] INFO  impl.FollowerState (FollowerState.java:run(117)) - 1e4e1375-1b66-460f-8c99-4c341545a119@group-F775CA5912AC-FollowerState was interrupted: java.lang.InterruptedException: sleep interrupted
2019-10-17 18:50:54,739 [grpc-default-executor-2] INFO  impl.RoleInfo (RoleInfo.java:updateAndGet(143)) - 1e4e1375-1b66-460f-8c99-4c341545a119: start FollowerState
2019-10-17 18:50:54,754 [a5e79c22-a35f-4e50-b1fd-e91b6a93d74d@group-F775CA5912AC-LeaderElection166] INFO  impl.LeaderElection (LeaderElection.java:logAndReturn(56)) - a5e79c22-a35f-4e50-b1fd-e91b6a93d74d@group-F775CA5912AC-LeaderElection166: Election REJECTED; received 2 response(s) [a5e79c22-a35f-4e50-b1fd-e91b6a93d74d<-daae7813-f814-475d-9647-a302a5541e36#0:FAIL-t88, a5e79c22-a35f-4e50-b1fd-e91b6a93d74d<-1e4e1375-1b66-460f-8c99-4c341545a119#0:FAIL-t88] and 0 exception(s); a5e79c22-a35f-4e50-b1fd-e91b6a93d74d@group-F775CA5912AC:t88, leader=null, voted=a5e79c22-a35f-4e50-b1fd-e91b6a93d74d, raftlog=a5e79c22-a35f-4e50-b1fd-e91b6a93d74d@group-F775CA5912AC-SegmentedRaftLog:OPENED:c-1,f-1,i0, conf=-1: [a5e79c22-a35f-4e50-b1fd-e91b6a93d74d:192.168.157.251:45177, daae7813-f814-475d-9647-a302a5541e36:192.168.157.251:45025, 1e4e1375-1b66-460f-8c99-4c341545a119:192.168.157.251:42113], old=null
2019-10-17 18:50:54,754 [a5e79c22-a35f-4e50-b1fd-e91b6a93d74d@group-F775CA5912AC-LeaderElection166] INFO  impl.RaftServerImpl (RaftServerImpl.java:setRole(184)) - a5e79c22-a35f-4e50-b1fd-e91b6a93d74d@group-F775CA5912AC: changes role from CANDIDATE to FOLLOWER at term 88 for DISCOVERED_A_NEW_TERM
2019-10-17 18:50:54,754 [a5e79c22-a35f-4e50-b1fd-e91b6a93d74d@group-F775CA5912AC-LeaderElection166] INFO  impl.RoleInfo (RoleInfo.java:shutdownLeaderElection(134)) - a5e79c22-a35f-4e50-b1fd-e91b6a93d74d: shutdown LeaderElection
2019-10-17 18:50:54,754 [a5e79c22-a35f-4e50-b1fd-e91b6a93d74d@group-F775CA5912AC-LeaderElection166] INFO  impl.RoleInfo (RoleInfo.java:updateAndGet(143)) - a5e79c22-a35f-4e50-b1fd-e91b6a93d74d: start FollowerState
2019-10-17 18:50:54,828 [Thread-1480] INFO  impl.FollowerState (FollowerState.java:run(108)) - abcd8826-c056-4817-bd0f-7af19a46d814@group-5F52F902B742-FollowerState: change to CANDIDATE, lastRpcTime:205ms, electionTimeout:196ms
2019-10-17 18:50:54,828 [Thread-1480] INFO  impl.RoleInfo (RoleInfo.java:shutdownFollowerState(121)) - abcd8826-c056-4817-bd0f-7af19a46d814: shutdown FollowerState
2019-10-17 18:50:54,828 [Thread-1480] INFO  impl.RaftServerImpl (RaftServerImpl.java:setRole(184)) - abcd8826-c056-4817-bd0f-7af19a46d814@group-5F52F902B742: changes role from  FOLLOWER to CANDIDATE at term 84 for changeToCandidate
2019-10-17 18:50:54,829 [Thread-1480] INFO  impl.RoleInfo (RoleInfo.java:updateAndGet(143)) - abcd8826-c056-4817-bd0f-7af19a46d814: start LeaderElection
2019-10-17 18:50:54,843 [abcd8826-c056-4817-bd0f-7af19a46d814@group-5F52F902B742-LeaderElection167] INFO  impl.LeaderElection (LeaderElection.java:askForVotes(178)) - abcd8826-c056-4817-bd0f-7af19a46d814@group-5F52F902B742-LeaderElection167: begin an election at term 85 for -1: [b8f04e38-0663-4b1f-8efd-f76585c6e86c:192.168.157.251:35700, abcd8826-c056-4817-bd0f-7af19a46d814:192.168.157.251:46496, 73297ffa-40cb-4e3e-b33e-1bc2c1da60f5:192.168.157.251:32952], old=null
2019-10-17 18:50:54,873 [grpc-default-executor-6] INFO  impl.RaftServerImpl (RaftServerImpl.java:setRole(184)) - 73297ffa-40cb-4e3e-b33e-1bc2c1da60f5@group-5F52F902B742: changes role from  FOLLOWER to FOLLOWER at term 85 for recognizeCandidate:abcd8826-c056-4817-bd0f-7af19a46d814
2019-10-17 18:50:54,873 [grpc-default-executor-0] INFO  impl.RaftServerImpl (RaftServerImpl.java:setRole(184)) - b8f04e38-0663-4b1f-8efd-f76585c6e86c@group-5F52F902B742: changes role from  FOLLOWER to FOLLOWER at term 85 for recognizeCandidate:abcd8826-c056-4817-bd0f-7af19a46d814
2019-10-17 18:50:54,873 [grpc-default-executor-6] INFO  impl.RoleInfo (RoleInfo.java:shutdownFollowerState(121)) - 73297ffa-40cb-4e3e-b33e-1bc2c1da60f5: shutdown FollowerState
2019-10-17 18:50:54,873 [grpc-default-executor-0] INFO  impl.RoleInfo (RoleInfo.java:shutdownFollowerState(121)) - b8f04e38-0663-4b1f-8efd-f76585c6e86c: shutdown FollowerState
2019-10-17 18:50:54,874 [Thread-1477] INFO  impl.FollowerState (FollowerState.java:run(117)) - 73297ffa-40cb-4e3e-b33e-1bc2c1da60f5@group-5F52F902B742-FollowerState was interrupted: java.lang.InterruptedException: sleep interrupted
2019-10-17 18:50:54,874 [grpc-default-executor-6] INFO  impl.RoleInfo (RoleInfo.java:updateAndGet(143)) - 73297ffa-40cb-4e3e-b33e-1bc2c1da60f5: start FollowerState
2019-10-17 18:50:54,874 [Thread-1476] INFO  impl.FollowerState (FollowerState.java:run(117)) - b8f04e38-0663-4b1f-8efd-f76585c6e86c@group-5F52F902B742-FollowerState was interrupted: java.lang.InterruptedException: sleep interrupted
2019-10-17 18:50:54,874 [grpc-default-executor-0] INFO  impl.RoleInfo (RoleInfo.java:updateAndGet(143)) - b8f04e38-0663-4b1f-8efd-f76585c6e86c: start FollowerState
2019-10-17 18:50:54,882 [main] WARN  io.KeyOutputStream (KeyOutputStream.java:handleException(274)) - Encountered exception java.io.IOException: Unexpected Storage Container Exception: java.util.concurrent.CompletionException: java.util.concurrent.CompletionException: org.apache.ratis.protocol.RaftRetryFailureException: Failed RaftClientRequest:client-36211E06127B->1e4e1375-1b66-460f-8c99-4c341545a119@group-F775CA5912AC, cid=19, seq=1*, RW, cmdType: WriteChunk
traceID: "54b9c4c338bdd9b9:54b9c4c338bdd9b9:0:0"
containerID: 1
datanodeUuid: "a5e79c22-a35f-4e50-b1fd-e91b6a93d74d"
writeChunk {
  blockID {
    containerID: 1
    localID: 102979223227006976
    blockCommitSequenceId: 0
  }
  chunkData {
    chunkName: "102979223227006976_chunk_1"
    offset: 0
    len: 1048576
    checksumData {
      type: CRC32
      bytesPerChecksum: 1048576
      checksums: "\361\003\002\247"
    }
  }
}
, data.size=1048576 for 10 attempts with RetryLimited(maxAttempts=10, sleepTime=1000ms) on the pipeline Pipeline[ Id: 7b008be4-a7d3-4e52-97e5-f775ca5912ac, Nodes: a5e79c22-a35f-4e50-b1fd-e91b6a93d74d{ip: 192.168.157.251, host: pr-hdds-2318-qqrts-113280968, networkLocation: /default-rack, certSerialId: null}1e4e1375-1b66-460f-8c99-4c341545a119{ip: 192.168.157.251, host: pr-hdds-2318-qqrts-113280968, networkLocation: /default-rack, certSerialId: null}daae7813-f814-475d-9647-a302a5541e36{ip: 192.168.157.251, host: pr-hdds-2318-qqrts-113280968, networkLocation: /default-rack, certSerialId: null}, Type:RATIS, Factor:THREE, State:OPEN]. The last committed block length is 0, uncommitted data length is 2097152 retry count 0
2019-10-17 18:50:54,921 [abcd8826-c056-4817-bd0f-7af19a46d814@group-5F52F902B742-LeaderElection167] INFO  impl.LeaderElection (LeaderElection.java:logAndReturn(56)) - abcd8826-c056-4817-bd0f-7af19a46d814@group-5F52F902B742-LeaderElection167: Election REJECTED; received 2 response(s) [abcd8826-c056-4817-bd0f-7af19a46d814<-b8f04e38-0663-4b1f-8efd-f76585c6e86c#0:FAIL-t85, abcd8826-c056-4817-bd0f-7af19a46d814<-73297ffa-40cb-4e3e-b33e-1bc2c1da60f5#0:FAIL-t85] and 0 exception(s); abcd8826-c056-4817-bd0f-7af19a46d814@group-5F52F902B742:t85, leader=null, voted=abcd8826-c056-4817-bd0f-7af19a46d814, raftlog=abcd8826-c056-4817-bd0f-7af19a46d814@group-5F52F902B742-SegmentedRaftLog:OPENED:c-1,f-1,i0, conf=-1: [b8f04e38-0663-4b1f-8efd-f76585c6e86c:192.168.157.251:35700, abcd8826-c056-4817-bd0f-7af19a46d814:192.168.157.251:46496, 73297ffa-40cb-4e3e-b33e-1bc2c1da60f5:192.168.157.251:32952], old=null
2019-10-17 18:50:54,921 [abcd8826-c056-4817-bd0f-7af19a46d814@group-5F52F902B742-LeaderElection167] INFO  impl.RaftServerImpl (RaftServerImpl.java:setRole(184)) - abcd8826-c056-4817-bd0f-7af19a46d814@group-5F52F902B742: changes role from CANDIDATE to FOLLOWER at term 85 for DISCOVERED_A_NEW_TERM
2019-10-17 18:50:54,921 [abcd8826-c056-4817-bd0f-7af19a46d814@group-5F52F902B742-LeaderElection167] INFO  impl.RoleInfo (RoleInfo.java:shutdownLeaderElection(134)) - abcd8826-c056-4817-bd0f-7af19a46d814: shutdown LeaderElection
2019-10-17 18:50:54,923 [abcd8826-c056-4817-bd0f-7af19a46d814@group-5F52F902B742-LeaderElection167] INFO  impl.RoleInfo (RoleInfo.java:updateAndGet(143)) - abcd8826-c056-4817-bd0f-7af19a46d814: start FollowerState
2019-10-17 18:50:54,931 [Thread-1488] INFO  impl.FollowerState (FollowerState.java:run(108)) - a5e79c22-a35f-4e50-b1fd-e91b6a93d74d@group-F775CA5912AC-FollowerState: change to CANDIDATE, lastRpcTime:176ms, electionTimeout:176ms
2019-10-17 18:50:54,931 [Thread-1488] INFO  impl.RoleInfo (RoleInfo.java:shutdownFollowerState(121)) - a5e79c22-a35f-4e50-b1fd-e91b6a93d74d: shutdown FollowerState
2019-10-17 18:50:54,931 [Thread-1488] INFO  impl.RaftServerImpl (RaftServerImpl.java:setRole(184)) - a5e79c22-a35f-4e50-b1fd-e91b6a93d74d@group-F775CA5912AC: changes role from  FOLLOWER to CANDIDATE at term 88 for changeToCandidate
2019-10-17 18:50:54,949 [Thread-1488] INFO  impl.RoleInfo (RoleInfo.java:updateAndGet(143)) - a5e79c22-a35f-4e50-b1fd-e91b6a93d74d: start LeaderElection
2019-10-17 18:50:54,958 [Thread-1496] INFO  impl.FollowerState (FollowerState.java:run(108)) - abcd8826-c056-4817-bd0f-7af19a46d814@group-5F52F902B742-FollowerState: change to CANDIDATE, lastRpcTime:35ms, electionTimeout:34ms
2019-10-17 18:50:54,962 [Thread-1496] INFO  impl.RoleInfo (RoleInfo.java:shutdownFollowerState(121)) - abcd8826-c056-4817-bd0f-7af19a46d814: shutdown FollowerState
2019-10-17 18:50:54,962 [Thread-1496] INFO  impl.RaftServerImpl (RaftServerImpl.java:setRole(184)) - abcd8826-c056-4817-bd0f-7af19a46d814@group-5F52F902B742: changes role from  FOLLOWER to CANDIDATE at term 85 for changeToCandidate
2019-10-17 18:50:54,963 [Thread-1496] INFO  impl.RoleInfo (RoleInfo.java:updateAndGet(143)) - abcd8826-c056-4817-bd0f-7af19a46d814: start LeaderElection
2019-10-17 18:50:54,966 [a5e79c22-a35f-4e50-b1fd-e91b6a93d74d@group-F775CA5912AC-LeaderElection168] INFO  impl.LeaderElection (LeaderElection.java:askForVotes(178)) - a5e79c22-a35f-4e50-b1fd-e91b6a93d74d@group-F775CA5912AC-LeaderElection168: begin an election at term 89 for -1: [a5e79c22-a35f-4e50-b1fd-e91b6a93d74d:192.168.157.251:45177, daae7813-f814-475d-9647-a302a5541e36:192.168.157.251:45025, 1e4e1375-1b66-460f-8c99-4c341545a119:192.168.157.251:42113], old=null
2019-10-17 18:50:54,997 [grpc-default-executor-6] INFO  impl.RaftServerImpl (RaftServerImpl.java:setRole(184)) - daae7813-f814-475d-9647-a302a5541e36@group-F775CA5912AC: changes role from  FOLLOWER to FOLLOWER at term 89 for recognizeCandidate:a5e79c22-a35f-4e50-b1fd-e91b6a93d74d
2019-10-17 18:50:54,997 [grpc-default-executor-0] INFO  impl.RaftServerImpl (RaftServerImpl.java:setRole(184)) - 1e4e1375-1b66-460f-8c99-4c341545a119@group-F775CA5912AC: changes role from  FOLLOWER to FOLLOWER at term 89 for recognizeCandidate:a5e79c22-a35f-4e50-b1fd-e91b6a93d74d
2019-10-17 18:50:54,997 [grpc-default-executor-6] INFO  impl.RoleInfo (RoleInfo.java:shutdownFollowerState(121)) - daae7813-f814-475d-9647-a302a5541e36: shutdown FollowerState
2019-10-17 18:50:54,997 [grpc-default-executor-0] INFO  impl.RoleInfo (RoleInfo.java:shutdownFollowerState(121)) - 1e4e1375-1b66-460f-8c99-4c341545a119: shutdown FollowerState
2019-10-17 18:50:54,998 [grpc-default-executor-6] INFO  impl.RoleInfo (RoleInfo.java:updateAndGet(143)) - daae7813-f814-475d-9647-a302a5541e36: start FollowerState
2019-10-17 18:50:54,998 [Thread-1486] INFO  impl.FollowerState (FollowerState.java:run(117)) - daae7813-f814-475d-9647-a302a5541e36@group-F775CA5912AC-FollowerState was interrupted: java.lang.InterruptedException: sleep interrupted
2019-10-17 18:50:54,998 [Thread-1487] INFO  impl.FollowerState (FollowerState.java:run(117)) - 1e4e1375-1b66-460f-8c99-4c341545a119@group-F775CA5912AC-FollowerState was interrupted: java.lang.InterruptedException: sleep interrupted
2019-10-17 18:50:54,998 [grpc-default-executor-0] INFO  impl.RoleInfo (RoleInfo.java:updateAndGet(143)) - 1e4e1375-1b66-460f-8c99-4c341545a119: start FollowerState
2019-10-17 18:50:55,007 [abcd8826-c056-4817-bd0f-7af19a46d814@group-5F52F902B742-LeaderElection169] INFO  impl.LeaderElection (LeaderElection.java:askForVotes(178)) - abcd8826-c056-4817-bd0f-7af19a46d814@group-5F52F902B742-LeaderElection169: begin an election at term 86 for -1: [b8f04e38-0663-4b1f-8efd-f76585c6e86c:192.168.157.251:35700, abcd8826-c056-4817-bd0f-7af19a46d814:192.168.157.251:46496, 73297ffa-40cb-4e3e-b33e-1bc2c1da60f5:192.168.157.251:32952], old=null
2019-10-17 18:50:55,023 [a5e79c22-a35f-4e50-b1fd-e91b6a93d74d@group-F775CA5912AC-LeaderElection168] INFO  impl.LeaderElection (LeaderElection.java:logAndReturn(56)) - a5e79c22-a35f-4e50-b1fd-e91b6a93d74d@group-F775CA5912AC-LeaderElection168: Election TIMEOUT; received 1 response(s) [a5e79c22-a35f-4e50-b1fd-e91b6a93d74d<-daae7813-f814-475d-9647-a302a5541e36#0:FAIL-t89] and 0 exception(s); a5e79c22-a35f-4e50-b1fd-e91b6a93d74d@group-F775CA5912AC:t89, leader=null, voted=a5e79c22-a35f-4e50-b1fd-e91b6a93d74d, raftlog=a5e79c22-a35f-4e50-b1fd-e91b6a93d74d@group-F775CA5912AC-SegmentedRaftLog:OPENED:c-1,f-1,i0, conf=-1: [a5e79c22-a35f-4e50-b1fd-e91b6a93d74d:192.168.157.251:45177, daae7813-f814-475d-9647-a302a5541e36:192.168.157.251:45025, 1e4e1375-1b66-460f-8c99-4c341545a119:192.168.157.251:42113], old=null
2019-10-17 18:50:55,023 [grpc-default-executor-6] INFO  impl.RaftServerImpl (RaftServerImpl.java:setRole(184)) - b8f04e38-0663-4b1f-8efd-f76585c6e86c@group-5F52F902B742: changes role from  FOLLOWER to FOLLOWER at term 86 for recognizeCandidate:abcd8826-c056-4817-bd0f-7af19a46d814
2019-10-17 18:50:55,023 [grpc-default-executor-6] INFO  impl.RoleInfo (RoleInfo.java:shutdownFollowerState(121)) - b8f04e38-0663-4b1f-8efd-f76585c6e86c: shutdown FollowerState
2019-10-17 18:50:55,023 [grpc-default-executor-2] INFO  impl.RaftServerImpl (RaftServerImpl.java:setRole(184)) - 73297ffa-40cb-4e3e-b33e-1bc2c1da60f5@group-5F52F902B742: changes role from  FOLLOWER to FOLLOWER at term 86 for recognizeCandidate:abcd8826-c056-4817-bd0f-7af19a46d814
2019-10-17 18:50:55,023 [Thread-1495] INFO  impl.FollowerState (FollowerState.java:run(117)) - b8f04e38-0663-4b1f-8efd-f76585c6e86c@group-5F52F902B742-FollowerState was interrupted: java.lang.InterruptedException: sleep interrupted
2019-10-17 18:50:55,023 [grpc-default-executor-6] INFO  impl.RoleInfo (RoleInfo.java:updateAndGet(143)) - b8f04e38-0663-4b1f-8efd-f76585c6e86c: start FollowerState
2019-10-17 18:50:55,024 [grpc-default-executor-2] INFO  impl.RoleInfo (RoleInfo.java:shutdownFollowerState(121)) - 73297ffa-40cb-4e3e-b33e-1bc2c1da60f5: shutdown FollowerState
2019-10-17 18:50:55,024 [grpc-default-executor-2] INFO  impl.RoleInfo (RoleInfo.java:updateAndGet(143)) - 73297ffa-40cb-4e3e-b33e-1bc2c1da60f5: start FollowerState
2019-10-17 18:50:55,024 [Thread-1494] INFO  impl.FollowerState (FollowerState.java:run(117)) - 73297ffa-40cb-4e3e-b33e-1bc2c1da60f5@group-5F52F902B742-FollowerState was interrupted: java.lang.InterruptedException: sleep interrupted
2019-10-17 18:50:55,035 [a5e79c22-a35f-4e50-b1fd-e91b6a93d74d@group-F775CA5912AC-LeaderElection168] INFO  impl.LeaderElection (LeaderElection.java:askForVotes(178)) - a5e79c22-a35f-4e50-b1fd-e91b6a93d74d@group-F775CA5912AC-LeaderElection168: begin an election at term 90 for -1: [a5e79c22-a35f-4e50-b1fd-e91b6a93d74d:192.168.157.251:45177, daae7813-f814-475d-9647-a302a5541e36:192.168.157.251:45025, 1e4e1375-1b66-460f-8c99-4c341545a119:192.168.157.251:42113], old=null
2019-10-17 18:50:55,052 [grpc-default-executor-0] INFO  impl.RaftServerImpl (RaftServerImpl.java:setRole(184)) - 1e4e1375-1b66-460f-8c99-4c341545a119@group-F775CA5912AC: changes role from  FOLLOWER to FOLLOWER at term 90 for recognizeCandidate:a5e79c22-a35f-4e50-b1fd-e91b6a93d74d
2019-10-17 18:50:55,052 [grpc-default-executor-0] INFO  impl.RoleInfo (RoleInfo.java:shutdownFollowerState(121)) - 1e4e1375-1b66-460f-8c99-4c341545a119: shutdown FollowerState
2019-10-17 18:50:55,052 [grpc-default-executor-6] INFO  impl.RaftServerImpl (RaftServerImpl.java:setRole(184)) - daae7813-f814-475d-9647-a302a5541e36@group-F775CA5912AC: changes role from  FOLLOWER to FOLLOWER at term 90 for recognizeCandidate:a5e79c22-a35f-4e50-b1fd-e91b6a93d74d
2019-10-17 18:50:55,052 [grpc-default-executor-6] INFO  impl.RoleInfo (RoleInfo.java:shutdownFollowerState(121)) - daae7813-f814-475d-9647-a302a5541e36: shutdown FollowerState
2019-10-17 18:50:55,052 [Thread-1505] INFO  impl.FollowerState (FollowerState.java:run(117)) - 1e4e1375-1b66-460f-8c99-4c341545a119@group-F775CA5912AC-FollowerState was interrupted: java.lang.InterruptedException: sleep interrupted
2019-10-17 18:50:55,052 [grpc-default-executor-0] INFO  impl.RoleInfo (RoleInfo.java:updateAndGet(143)) - 1e4e1375-1b66-460f-8c99-4c341545a119: start FollowerState
2019-10-17 18:50:55,053 [Thread-1504] INFO  impl.FollowerState (FollowerState.java:run(117)) - daae7813-f814-475d-9647-a302a5541e36@group-F775CA5912AC-FollowerState was interrupted: java.lang.InterruptedException: sleep interrupted
2019-10-17 18:50:55,053 [grpc-default-executor-6] INFO  impl.RoleInfo (RoleInfo.java:updateAndGet(143)) - daae7813-f814-475d-9647-a302a5541e36: start FollowerState
2019-10-17 18:50:55,065 [abcd8826-c056-4817-bd0f-7af19a46d814@group-5F52F902B742-LeaderElection169] INFO  impl.LeaderElection (LeaderElection.java:logAndReturn(56)) - abcd8826-c056-4817-bd0f-7af19a46d814@group-5F52F902B742-LeaderElection169: Election REJECTED; received 2 response(s) [abcd8826-c056-4817-bd0f-7af19a46d814<-b8f04e38-0663-4b1f-8efd-f76585c6e86c#0:FAIL-t86, abcd8826-c056-4817-bd0f-7af19a46d814<-73297ffa-40cb-4e3e-b33e-1bc2c1da60f5#0:FAIL-t86] and 0 exception(s); abcd8826-c056-4817-bd0f-7af19a46d814@group-5F52F902B742:t86, leader=null, voted=abcd8826-c056-4817-bd0f-7af19a46d814, raftlog=abcd8826-c056-4817-bd0f-7af19a46d814@group-5F52F902B742-SegmentedRaftLog:OPENED:c-1,f-1,i0, conf=-1: [b8f04e38-0663-4b1f-8efd-f76585c6e86c:192.168.157.251:35700, abcd8826-c056-4817-bd0f-7af19a46d814:192.168.157.251:46496, 73297ffa-40cb-4e3e-b33e-1bc2c1da60f5:192.168.157.251:32952], old=null
2019-10-17 18:50:55,075 [abcd8826-c056-4817-bd0f-7af19a46d814@group-5F52F902B742-LeaderElection169] INFO  impl.RaftServerImpl (RaftServerImpl.java:setRole(184)) - abcd8826-c056-4817-bd0f-7af19a46d814@group-5F52F902B742: changes role from CANDIDATE to FOLLOWER at term 86 for DISCOVERED_A_NEW_TERM
2019-10-17 18:50:55,075 [abcd8826-c056-4817-bd0f-7af19a46d814@group-5F52F902B742-LeaderElection169] INFO  impl.RoleInfo (RoleInfo.java:shutdownLeaderElection(134)) - abcd8826-c056-4817-bd0f-7af19a46d814: shutdown LeaderElection
2019-10-17 18:50:55,075 [abcd8826-c056-4817-bd0f-7af19a46d814@group-5F52F902B742-LeaderElection169] INFO  impl.RoleInfo (RoleInfo.java:updateAndGet(143)) - abcd8826-c056-4817-bd0f-7af19a46d814: start FollowerState
2019-10-17 18:50:55,089 [a5e79c22-a35f-4e50-b1fd-e91b6a93d74d@group-F775CA5912AC-LeaderElection168] INFO  impl.LeaderElection (LeaderElection.java:logAndReturn(56)) - a5e79c22-a35f-4e50-b1fd-e91b6a93d74d@group-F775CA5912AC-LeaderElection168: Election REJECTED; received 2 response(s) [a5e79c22-a35f-4e50-b1fd-e91b6a93d74d<-daae7813-f814-475d-9647-a302a5541e36#0:FAIL-t90, a5e79c22-a35f-4e50-b1fd-e91b6a93d74d<-1e4e1375-1b66-460f-8c99-4c341545a119#0:FAIL-t90] and 0 exception(s); a5e79c22-a35f-4e50-b1fd-e91b6a93d74d@group-F775CA5912AC:t90, leader=null, voted=a5e79c22-a35f-4e50-b1fd-e91b6a93d74d, raftlog=a5e79c22-a35f-4e50-b1fd-e91b6a93d74d@group-F775CA5912AC-SegmentedRaftLog:OPENED:c-1,f-1,i0, conf=-1: [a5e79c22-a35f-4e50-b1fd-e91b6a93d74d:192.168.157.251:45177, daae7813-f814-475d-9647-a302a5541e36:192.168.157.251:45025, 1e4e1375-1b66-460f-8c99-4c341545a119:192.168.157.251:42113], old=null
2019-10-17 18:50:55,098 [a5e79c22-a35f-4e50-b1fd-e91b6a93d74d@group-F775CA5912AC-LeaderElection168] INFO  impl.RaftServerImpl (RaftServerImpl.java:setRole(184)) - a5e79c22-a35f-4e50-b1fd-e91b6a93d74d@group-F775CA5912AC: changes role from CANDIDATE to FOLLOWER at term 90 for DISCOVERED_A_NEW_TERM
2019-10-17 18:50:55,099 [a5e79c22-a35f-4e50-b1fd-e91b6a93d74d@group-F775CA5912AC-LeaderElection168] INFO  impl.RoleInfo (RoleInfo.java:shutdownLeaderElection(134)) - a5e79c22-a35f-4e50-b1fd-e91b6a93d74d: shutdown LeaderElection
2019-10-17 18:50:55,099 [a5e79c22-a35f-4e50-b1fd-e91b6a93d74d@group-F775CA5912AC-LeaderElection168] INFO  impl.RoleInfo (RoleInfo.java:updateAndGet(143)) - a5e79c22-a35f-4e50-b1fd-e91b6a93d74d: start FollowerState
2019-10-17 18:50:55,131 [Thread-1514] INFO  impl.FollowerState (FollowerState.java:run(108)) - abcd8826-c056-4817-bd0f-7af19a46d814@group-5F52F902B742-FollowerState: change to CANDIDATE, lastRpcTime:55ms, electionTimeout:55ms
2019-10-17 18:50:55,131 [Thread-1514] INFO  impl.RoleInfo (RoleInfo.java:shutdownFollowerState(121)) - abcd8826-c056-4817-bd0f-7af19a46d814: shutdown FollowerState
2019-10-17 18:50:55,131 [Thread-1514] INFO  impl.RaftServerImpl (RaftServerImpl.java:setRole(184)) - abcd8826-c056-4817-bd0f-7af19a46d814@group-5F52F902B742: changes role from  FOLLOWER to CANDIDATE at term 86 for changeToCandidate
2019-10-17 18:50:55,141 [Thread-1515] INFO  impl.FollowerState (FollowerState.java:run(108)) - a5e79c22-a35f-4e50-b1fd-e91b6a93d74d@group-F775CA5912AC-FollowerState: change to CANDIDATE, lastRpcTime:42ms, electionTimeout:42ms
2019-10-17 18:50:55,141 [Thread-1515] INFO  impl.RoleInfo (RoleInfo.java:shutdownFollowerState(121)) - a5e79c22-a35f-4e50-b1fd-e91b6a93d74d: shutdown FollowerState
2019-10-17 18:50:55,141 [Thread-1515] INFO  impl.RaftServerImpl (RaftServerImpl.java:setRole(184)) - a5e79c22-a35f-4e50-b1fd-e91b6a93d74d@group-F775CA5912AC: changes role from  FOLLOWER to CANDIDATE at term 90 for changeToCandidate
2019-10-17 18:50:55,148 [Thread-1515] INFO  impl.RoleInfo (RoleInfo.java:updateAndGet(143)) - a5e79c22-a35f-4e50-b1fd-e91b6a93d74d: start LeaderElection
2019-10-17 18:50:55,148 [Thread-1514] INFO  impl.RoleInfo (RoleInfo.java:updateAndGet(143)) - abcd8826-c056-4817-bd0f-7af19a46d814: start LeaderElection
2019-10-17 18:50:55,163 [abcd8826-c056-4817-bd0f-7af19a46d814@group-5F52F902B742-LeaderElection170] INFO  impl.LeaderElection (LeaderElection.java:askForVotes(178)) - abcd8826-c056-4817-bd0f-7af19a46d814@group-5F52F902B742-LeaderElection170: begin an election at term 87 for -1: [b8f04e38-0663-4b1f-8efd-f76585c6e86c:192.168.157.251:35700, abcd8826-c056-4817-bd0f-7af19a46d814:192.168.157.251:46496, 73297ffa-40cb-4e3e-b33e-1bc2c1da60f5:192.168.157.251:32952], old=null
2019-10-17 18:50:55,163 [a5e79c22-a35f-4e50-b1fd-e91b6a93d74d@group-F775CA5912AC-LeaderElection171] INFO  impl.LeaderElection (LeaderElection.java:askForVotes(178)) - a5e79c22-a35f-4e50-b1fd-e91b6a93d74d@group-F775CA5912AC-LeaderElection171: begin an election at term 91 for -1: [a5e79c22-a35f-4e50-b1fd-e91b6a93d74d:192.168.157.251:45177, daae7813-f814-475d-9647-a302a5541e36:192.168.157.251:45025, 1e4e1375-1b66-460f-8c99-4c341545a119:192.168.157.251:42113], old=null
2019-10-17 18:50:55,173 [grpc-default-executor-6] INFO  impl.RaftServerImpl (RaftServerImpl.java:setRole(184)) - daae7813-f814-475d-9647-a302a5541e36@group-F775CA5912AC: changes role from  FOLLOWER to FOLLOWER at term 91 for recognizeCandidate:a5e79c22-a35f-4e50-b1fd-e91b6a93d74d
2019-10-17 18:50:55,173 [grpc-default-executor-4] INFO  impl.RaftServerImpl (RaftServerImpl.java:setRole(184)) - 1e4e1375-1b66-460f-8c99-4c341545a119@group-F775CA5912AC: changes role from  FOLLOWER to FOLLOWER at term 91 for recognizeCandidate:a5e79c22-a35f-4e50-b1fd-e91b6a93d74d
2019-10-17 18:50:55,173 [grpc-default-executor-4] INFO  impl.RoleInfo (RoleInfo.java:shutdownFollowerState(121)) - 1e4e1375-1b66-460f-8c99-4c341545a119: shutdown FollowerState
2019-10-17 18:50:55,173 [grpc-default-executor-2] INFO  impl.RaftServerImpl (RaftServerImpl.java:setRole(184)) - 73297ffa-40cb-4e3e-b33e-1bc2c1da60f5@group-5F52F902B742: changes role from  FOLLOWER to FOLLOWER at term 87 for recognizeCandidate:abcd8826-c056-4817-bd0f-7af19a46d814
2019-10-17 18:50:55,173 [grpc-default-executor-0] INFO  impl.RaftServerImpl (RaftServerImpl.java:setRole(184)) - b8f04e38-0663-4b1f-8efd-f76585c6e86c@group-5F52F902B742: changes role from  FOLLOWER to FOLLOWER at term 87 for recognizeCandidate:abcd8826-c056-4817-bd0f-7af19a46d814
2019-10-17 18:50:55,174 [grpc-default-executor-2] INFO  impl.RoleInfo (RoleInfo.java:shutdownFollowerState(121)) - 73297ffa-40cb-4e3e-b33e-1bc2c1da60f5: shutdown FollowerState
2019-10-17 18:50:55,174 [Thread-1512] INFO  impl.FollowerState (FollowerState.java:run(117)) - 1e4e1375-1b66-460f-8c99-4c341545a119@group-F775CA5912AC-FollowerState was interrupted: java.lang.InterruptedException: sleep interrupted
2019-10-17 18:50:55,174 [Thread-1509] INFO  impl.FollowerState (FollowerState.java:run(117)) - 73297ffa-40cb-4e3e-b33e-1bc2c1da60f5@group-5F52F902B742-FollowerState was interrupted: java.lang.InterruptedException: sleep interrupted
2019-10-17 18:50:55,174 [grpc-default-executor-4] INFO  impl.RoleInfo (RoleInfo.java:updateAndGet(143)) - 1e4e1375-1b66-460f-8c99-4c341545a119: start FollowerState
2019-10-17 18:50:55,173 [grpc-default-executor-6] INFO  impl.RoleInfo (RoleInfo.java:shutdownFollowerState(121)) - daae7813-f814-475d-9647-a302a5541e36: shutdown FollowerState
2019-10-17 18:50:55,174 [grpc-default-executor-2] INFO  impl.RoleInfo (RoleInfo.java:updateAndGet(143)) - 73297ffa-40cb-4e3e-b33e-1bc2c1da60f5: start FollowerState
2019-10-17 18:50:55,174 [grpc-default-executor-0] INFO  impl.RoleInfo (RoleInfo.java:shutdownFollowerState(121)) - b8f04e38-0663-4b1f-8efd-f76585c6e86c: shutdown FollowerState
2019-10-17 18:50:55,175 [grpc-default-executor-6] INFO  impl.RoleInfo (RoleInfo.java:updateAndGet(143)) - daae7813-f814-475d-9647-a302a5541e36: start FollowerState
2019-10-17 18:50:55,175 [Thread-1513] INFO  impl.FollowerState (FollowerState.java:run(117)) - daae7813-f814-475d-9647-a302a5541e36@group-F775CA5912AC-FollowerState was interrupted: java.lang.InterruptedException: sleep interrupted
2019-10-17 18:50:55,175 [Thread-1508] INFO  impl.FollowerState (FollowerState.java:run(117)) - b8f04e38-0663-4b1f-8efd-f76585c6e86c@group-5F52F902B742-FollowerState was interrupted: java.lang.InterruptedException: sleep interrupted
2019-10-17 18:50:55,175 [grpc-default-executor-0] INFO  impl.RoleInfo (RoleInfo.java:updateAndGet(143)) - b8f04e38-0663-4b1f-8efd-f76585c6e86c: start FollowerState
2019-10-17 18:50:55,226 [abcd8826-c056-4817-bd0f-7af19a46d814@group-5F52F902B742-LeaderElection170] INFO  impl.LeaderElection (LeaderElection.java:logAndReturn(56)) - abcd8826-c056-4817-bd0f-7af19a46d814@group-5F52F902B742-LeaderElection170: Election REJECTED; received 2 response(s) [abcd8826-c056-4817-bd0f-7af19a46d814<-b8f04e38-0663-4b1f-8efd-f76585c6e86c#0:FAIL-t87, abcd8826-c056-4817-bd0f-7af19a46d814<-73297ffa-40cb-4e3e-b33e-1bc2c1da60f5#0:FAIL-t87] and 0 exception(s); abcd8826-c056-4817-bd0f-7af19a46d814@group-5F52F902B742:t87, leader=null, voted=abcd8826-c056-4817-bd0f-7af19a46d814, raftlog=abcd8826-c056-4817-bd0f-7af19a46d814@group-5F52F902B742-SegmentedRaftLog:OPENED:c-1,f-1,i0, conf=-1: [b8f04e38-0663-4b1f-8efd-f76585c6e86c:192.168.157.251:35700, abcd8826-c056-4817-bd0f-7af19a46d814:192.168.157.251:46496, 73297ffa-40cb-4e3e-b33e-1bc2c1da60f5:192.168.157.251:32952], old=null
2019-10-17 18:50:55,226 [a5e79c22-a35f-4e50-b1fd-e91b6a93d74d@group-F775CA5912AC-LeaderElection171] INFO  impl.LeaderElection (LeaderElection.java:logAndReturn(56)) - a5e79c22-a35f-4e50-b1fd-e91b6a93d74d@group-F775CA5912AC-LeaderElection171: Election REJECTED; received 2 response(s) [a5e79c22-a35f-4e50-b1fd-e91b6a93d74d<-daae7813-f814-475d-9647-a302a5541e36#0:FAIL-t91, a5e79c22-a35f-4e50-b1fd-e91b6a93d74d<-1e4e1375-1b66-460f-8c99-4c341545a119#0:FAIL-t91] and 0 exception(s); a5e79c22-a35f-4e50-b1fd-e91b6a93d74d@group-F775CA5912AC:t91, leader=null, voted=a5e79c22-a35f-4e50-b1fd-e91b6a93d74d, raftlog=a5e79c22-a35f-4e50-b1fd-e91b6a93d74d@group-F775CA5912AC-SegmentedRaftLog:OPENED:c-1,f-1,i0, conf=-1: [a5e79c22-a35f-4e50-b1fd-e91b6a93d74d:192.168.157.251:45177, daae7813-f814-475d-9647-a302a5541e36:192.168.157.251:45025, 1e4e1375-1b66-460f-8c99-4c341545a119:192.168.157.251:42113], old=null
2019-10-17 18:50:55,227 [abcd8826-c056-4817-bd0f-7af19a46d814@group-5F52F902B742-LeaderElection170] INFO  impl.RaftServerImpl (RaftServerImpl.java:setRole(184)) - abcd8826-c056-4817-bd0f-7af19a46d814@group-5F52F902B742: changes role from CANDIDATE to FOLLOWER at term 87 for DISCOVERED_A_NEW_TERM
2019-10-17 18:50:55,227 [a5e79c22-a35f-4e50-b1fd-e91b6a93d74d@group-F775CA5912AC-LeaderElection171] INFO  impl.RaftServerImpl (RaftServerImpl.java:setRole(184)) - a5e79c22-a35f-4e50-b1fd-e91b6a93d74d@group-F775CA5912AC: changes role from CANDIDATE to FOLLOWER at term 91 for DISCOVERED_A_NEW_TERM
2019-10-17 18:50:55,227 [abcd8826-c056-4817-bd0f-7af19a46d814@group-5F52F902B742-LeaderElection170] INFO  impl.RoleInfo (RoleInfo.java:shutdownLeaderElection(134)) - abcd8826-c056-4817-bd0f-7af19a46d814: shutdown LeaderElection
2019-10-17 18:50:55,227 [a5e79c22-a35f-4e50-b1fd-e91b6a93d74d@group-F775CA5912AC-LeaderElection171] INFO  impl.RoleInfo (RoleInfo.java:shutdownLeaderElection(134)) - a5e79c22-a35f-4e50-b1fd-e91b6a93d74d: shutdown LeaderElection
2019-10-17 18:50:55,227 [abcd8826-c056-4817-bd0f-7af19a46d814@group-5F52F902B742-LeaderElection170] INFO  impl.RoleInfo (RoleInfo.java:updateAndGet(143)) - abcd8826-c056-4817-bd0f-7af19a46d814: start FollowerState
2019-10-17 18:50:55,227 [a5e79c22-a35f-4e50-b1fd-e91b6a93d74d@group-F775CA5912AC-LeaderElection171] INFO  impl.RoleInfo (RoleInfo.java:updateAndGet(143)) - a5e79c22-a35f-4e50-b1fd-e91b6a93d74d: start FollowerState
2019-10-17 18:50:55,246 [Thread-1526] INFO  impl.FollowerState (FollowerState.java:run(108)) - abcd8826-c056-4817-bd0f-7af19a46d814@group-5F52F902B742-FollowerState: change to CANDIDATE, lastRpcTime:18ms, electionTimeout:18ms
2019-10-17 18:50:55,246 [Thread-1526] INFO  impl.RoleInfo (RoleInfo.java:shutdownFollowerState(121)) - abcd8826-c056-4817-bd0f-7af19a46d814: shutdown FollowerState
2019-10-17 18:50:55,246 [Thread-1526] INFO  impl.RaftServerImpl (RaftServerImpl.java:setRole(184)) - abcd8826-c056-4817-bd0f-7af19a46d814@group-5F52F902B742: changes role from  FOLLOWER to CANDIDATE at term 87 for changeToCandidate
2019-10-17 18:50:55,246 [Thread-1526] INFO  impl.RoleInfo (RoleInfo.java:updateAndGet(143)) - abcd8826-c056-4817-bd0f-7af19a46d814: start LeaderElection
2019-10-17 18:50:55,261 [abcd8826-c056-4817-bd0f-7af19a46d814@group-5F52F902B742-LeaderElection172] INFO  impl.LeaderElection (LeaderElection.java:askForVotes(178)) - abcd8826-c056-4817-bd0f-7af19a46d814@group-5F52F902B742-LeaderElection172: begin an election at term 88 for -1: [b8f04e38-0663-4b1f-8efd-f76585c6e86c:192.168.157.251:35700, abcd8826-c056-4817-bd0f-7af19a46d814:192.168.157.251:46496, 73297ffa-40cb-4e3e-b33e-1bc2c1da60f5:192.168.157.251:32952], old=null
2019-10-17 18:50:55,263 [grpc-default-executor-0] INFO  impl.RaftServerImpl (RaftServerImpl.java:setRole(184)) - b8f04e38-0663-4b1f-8efd-f76585c6e86c@group-5F52F902B742: changes role from  FOLLOWER to FOLLOWER at term 88 for recognizeCandidate:abcd8826-c056-4817-bd0f-7af19a46d814
2019-10-17 18:50:55,263 [grpc-default-executor-4] INFO  impl.RaftServerImpl (RaftServerImpl.java:setRole(184)) - 73297ffa-40cb-4e3e-b33e-1bc2c1da60f5@group-5F52F902B742: changes role from  FOLLOWER to FOLLOWER at term 88 for recognizeCandidate:abcd8826-c056-4817-bd0f-7af19a46d814
2019-10-17 18:50:55,264 [grpc-default-executor-4] INFO  impl.RoleInfo (RoleInfo.java:shutdownFollowerState(121)) - 73297ffa-40cb-4e3e-b33e-1bc2c1da60f5: shutdown FollowerState
2019-10-17 18:50:55,263 [grpc-default-executor-0] INFO  impl.RoleInfo (RoleInfo.java:shutdownFollowerState(121)) - b8f04e38-0663-4b1f-8efd-f76585c6e86c: shutdown FollowerState
2019-10-17 18:50:55,264 [Thread-1523] INFO  impl.FollowerState (FollowerState.java:run(117)) - 73297ffa-40cb-4e3e-b33e-1bc2c1da60f5@group-5F52F902B742-FollowerState was interrupted: java.lang.InterruptedException: sleep interrupted
2019-10-17 18:50:55,264 [grpc-default-executor-4] INFO  impl.RoleInfo (RoleInfo.java:updateAndGet(143)) - 73297ffa-40cb-4e3e-b33e-1bc2c1da60f5: start FollowerState
2019-10-17 18:50:55,264 [Thread-1525] INFO  impl.FollowerState (FollowerState.java:run(117)) - b8f04e38-0663-4b1f-8efd-f76585c6e86c@group-5F52F902B742-FollowerState was interrupted: java.lang.InterruptedException: sleep interrupted
2019-10-17 18:50:55,264 [grpc-default-executor-0] INFO  impl.RoleInfo (RoleInfo.java:updateAndGet(143)) - b8f04e38-0663-4b1f-8efd-f76585c6e86c: start FollowerState
2019-10-17 18:50:55,279 [abcd8826-c056-4817-bd0f-7af19a46d814@group-5F52F902B742-LeaderElection172] INFO  impl.LeaderElection (LeaderElection.java:logAndReturn(56)) - abcd8826-c056-4817-bd0f-7af19a46d814@group-5F52F902B742-LeaderElection172: Election REJECTED; received 2 response(s) [abcd8826-c056-4817-bd0f-7af19a46d814<-b8f04e38-0663-4b1f-8efd-f76585c6e86c#0:FAIL-t88, abcd8826-c056-4817-bd0f-7af19a46d814<-73297ffa-40cb-4e3e-b33e-1bc2c1da60f5#0:FAIL-t88] and 0 exception(s); abcd8826-c056-4817-bd0f-7af19a46d814@group-5F52F902B742:t88, leader=null, voted=abcd8826-c056-4817-bd0f-7af19a46d814, raftlog=abcd8826-c056-4817-bd0f-7af19a46d814@group-5F52F902B742-SegmentedRaftLog:OPENED:c-1,f-1,i0, conf=-1: [b8f04e38-0663-4b1f-8efd-f76585c6e86c:192.168.157.251:35700, abcd8826-c056-4817-bd0f-7af19a46d814:192.168.157.251:46496, 73297ffa-40cb-4e3e-b33e-1bc2c1da60f5:192.168.157.251:32952], old=null
2019-10-17 18:50:55,279 [abcd8826-c056-4817-bd0f-7af19a46d814@group-5F52F902B742-LeaderElection172] INFO  impl.RaftServerImpl (RaftServerImpl.java:setRole(184)) - abcd8826-c056-4817-bd0f-7af19a46d814@group-5F52F902B742: changes role from CANDIDATE to FOLLOWER at term 88 for DISCOVERED_A_NEW_TERM
2019-10-17 18:50:55,279 [abcd8826-c056-4817-bd0f-7af19a46d814@group-5F52F902B742-LeaderElection172] INFO  impl.RoleInfo (RoleInfo.java:shutdownLeaderElection(134)) - abcd8826-c056-4817-bd0f-7af19a46d814: shutdown LeaderElection
2019-10-17 18:50:55,279 [abcd8826-c056-4817-bd0f-7af19a46d814@group-5F52F902B742-LeaderElection172] INFO  impl.RoleInfo (RoleInfo.java:updateAndGet(143)) - abcd8826-c056-4817-bd0f-7af19a46d814: start FollowerState
2019-10-17 18:50:55,360 [Thread-1533] INFO  impl.FollowerState (FollowerState.java:run(108)) - abcd8826-c056-4817-bd0f-7af19a46d814@group-5F52F902B742-FollowerState: change to CANDIDATE, lastRpcTime:80ms, electionTimeout:80ms
2019-10-17 18:50:55,360 [Thread-1533] INFO  impl.RoleInfo (RoleInfo.java:shutdownFollowerState(121)) - abcd8826-c056-4817-bd0f-7af19a46d814: shutdown FollowerState
2019-10-17 18:50:55,360 [Thread-1533] INFO  impl.RaftServerImpl (RaftServerImpl.java:setRole(184)) - abcd8826-c056-4817-bd0f-7af19a46d814@group-5F52F902B742: changes role from  FOLLOWER to CANDIDATE at term 88 for changeToCandidate
2019-10-17 18:50:55,360 [Thread-1533] INFO  impl.RoleInfo (RoleInfo.java:updateAndGet(143)) - abcd8826-c056-4817-bd0f-7af19a46d814: start LeaderElection
2019-10-17 18:50:55,374 [abcd8826-c056-4817-bd0f-7af19a46d814@group-5F52F902B742-LeaderElection173] INFO  impl.LeaderElection (LeaderElection.java:askForVotes(178)) - abcd8826-c056-4817-bd0f-7af19a46d814@group-5F52F902B742-LeaderElection173: begin an election at term 89 for -1: [b8f04e38-0663-4b1f-8efd-f76585c6e86c:192.168.157.251:35700, abcd8826-c056-4817-bd0f-7af19a46d814:192.168.157.251:46496, 73297ffa-40cb-4e3e-b33e-1bc2c1da60f5:192.168.157.251:32952], old=null
2019-10-17 18:50:55,378 [grpc-default-executor-4] INFO  impl.RaftServerImpl (RaftServerImpl.java:setRole(184)) - b8f04e38-0663-4b1f-8efd-f76585c6e86c@group-5F52F902B742: changes role from  FOLLOWER to FOLLOWER at term 89 for recognizeCandidate:abcd8826-c056-4817-bd0f-7af19a46d814
2019-10-17 18:50:55,378 [grpc-default-executor-4] INFO  impl.RoleInfo (RoleInfo.java:shutdownFollowerState(121)) - b8f04e38-0663-4b1f-8efd-f76585c6e86c: shutdown FollowerState
2019-10-17 18:50:55,378 [grpc-default-executor-0] INFO  impl.RaftServerImpl (RaftServerImpl.java:setRole(184)) - 73297ffa-40cb-4e3e-b33e-1bc2c1da60f5@group-5F52F902B742: changes role from  FOLLOWER to FOLLOWER at term 89 for recognizeCandidate:abcd8826-c056-4817-bd0f-7af19a46d814
2019-10-17 18:50:55,378 [grpc-default-executor-4] INFO  impl.RoleInfo (RoleInfo.java:updateAndGet(143)) - b8f04e38-0663-4b1f-8efd-f76585c6e86c: start FollowerState
2019-10-17 18:50:55,378 [Thread-1532] INFO  impl.FollowerState (FollowerState.java:run(117)) - b8f04e38-0663-4b1f-8efd-f76585c6e86c@group-5F52F902B742-FollowerState was interrupted: java.lang.InterruptedException: sleep interrupted
2019-10-17 18:50:55,378 [grpc-default-executor-0] INFO  impl.RoleInfo (RoleInfo.java:shutdownFollowerState(121)) - 73297ffa-40cb-4e3e-b33e-1bc2c1da60f5: shutdown FollowerState
2019-10-17 18:50:55,379 [grpc-default-executor-0] INFO  impl.RoleInfo (RoleInfo.java:updateAndGet(143)) - 73297ffa-40cb-4e3e-b33e-1bc2c1da60f5: start FollowerState
2019-10-17 18:50:55,379 [Thread-1531] INFO  impl.FollowerState (FollowerState.java:run(117)) - 73297ffa-40cb-4e3e-b33e-1bc2c1da60f5@group-5F52F902B742-FollowerState was interrupted: java.lang.InterruptedException: sleep interrupted
2019-10-17 18:50:55,394 [abcd8826-c056-4817-bd0f-7af19a46d814@group-5F52F902B742-LeaderElection173] INFO  impl.LeaderElection (LeaderElection.java:logAndReturn(56)) - abcd8826-c056-4817-bd0f-7af19a46d814@group-5F52F902B742-LeaderElection173: Election REJECTED; received 2 response(s) [abcd8826-c056-4817-bd0f-7af19a46d814<-b8f04e38-0663-4b1f-8efd-f76585c6e86c#0:FAIL-t89, abcd8826-c056-4817-bd0f-7af19a46d814<-73297ffa-40cb-4e3e-b33e-1bc2c1da60f5#0:FAIL-t89] and 0 exception(s); abcd8826-c056-4817-bd0f-7af19a46d814@group-5F52F902B742:t89, leader=null, voted=abcd8826-c056-4817-bd0f-7af19a46d814, raftlog=abcd8826-c056-4817-bd0f-7af19a46d814@group-5F52F902B742-SegmentedRaftLog:OPENED:c-1,f-1,i0, conf=-1: [b8f04e38-0663-4b1f-8efd-f76585c6e86c:192.168.157.251:35700, abcd8826-c056-4817-bd0f-7af19a46d814:192.168.157.251:46496, 73297ffa-40cb-4e3e-b33e-1bc2c1da60f5:192.168.157.251:32952], old=null
2019-10-17 18:50:55,394 [abcd8826-c056-4817-bd0f-7af19a46d814@group-5F52F902B742-LeaderElection173] INFO  impl.RaftServerImpl (RaftServerImpl.java:setRole(184)) - abcd8826-c056-4817-bd0f-7af19a46d814@group-5F52F902B742: changes role from CANDIDATE to FOLLOWER at term 89 for DISCOVERED_A_NEW_TERM
2019-10-17 18:50:55,394 [abcd8826-c056-4817-bd0f-7af19a46d814@group-5F52F902B742-LeaderElection173] INFO  impl.RoleInfo (RoleInfo.java:shutdownLeaderElection(134)) - abcd8826-c056-4817-bd0f-7af19a46d814: shutdown LeaderElection
2019-10-17 18:50:55,394 [abcd8826-c056-4817-bd0f-7af19a46d814@group-5F52F902B742-LeaderElection173] INFO  impl.RoleInfo (RoleInfo.java:updateAndGet(143)) - abcd8826-c056-4817-bd0f-7af19a46d814: start FollowerState
2019-10-17 18:50:55,398 [Thread-1527] INFO  impl.FollowerState (FollowerState.java:run(108)) - a5e79c22-a35f-4e50-b1fd-e91b6a93d74d@group-F775CA5912AC-FollowerState: change to CANDIDATE, lastRpcTime:170ms, electionTimeout:170ms
2019-10-17 18:50:55,398 [Thread-1527] INFO  impl.RoleInfo (RoleInfo.java:shutdownFollowerState(121)) - a5e79c22-a35f-4e50-b1fd-e91b6a93d74d: shutdown FollowerState
2019-10-17 18:50:55,398 [Thread-1527] INFO  impl.RaftServerImpl (RaftServerImpl.java:setRole(184)) - a5e79c22-a35f-4e50-b1fd-e91b6a93d74d@group-F775CA5912AC: changes role from  FOLLOWER to CANDIDATE at term 91 for changeToCandidate
2019-10-17 18:50:55,398 [Thread-1527] INFO  impl.RoleInfo (RoleInfo.java:updateAndGet(143)) - a5e79c22-a35f-4e50-b1fd-e91b6a93d74d: start LeaderElection
2019-10-17 18:50:55,407 [a5e79c22-a35f-4e50-b1fd-e91b6a93d74d@group-F775CA5912AC-LeaderElection174] INFO  impl.LeaderElection (LeaderElection.java:askForVotes(178)) - a5e79c22-a35f-4e50-b1fd-e91b6a93d74d@group-F775CA5912AC-LeaderElection174: begin an election at term 92 for -1: [a5e79c22-a35f-4e50-b1fd-e91b6a93d74d:192.168.157.251:45177, daae7813-f814-475d-9647-a302a5541e36:192.168.157.251:45025, 1e4e1375-1b66-460f-8c99-4c341545a119:192.168.157.251:42113], old=null
2019-10-17 18:50:55,409 [grpc-default-executor-4] INFO  impl.RaftServerImpl (RaftServerImpl.java:setRole(184)) - 1e4e1375-1b66-460f-8c99-4c341545a119@group-F775CA5912AC: changes role from  FOLLOWER to FOLLOWER at term 92 for recognizeCandidate:a5e79c22-a35f-4e50-b1fd-e91b6a93d74d
2019-10-17 18:50:55,409 [grpc-default-executor-0] INFO  impl.RaftServerImpl (RaftServerImpl.java:setRole(184)) - daae7813-f814-475d-9647-a302a5541e36@group-F775CA5912AC: changes role from  FOLLOWER to FOLLOWER at term 92 for recognizeCandidate:a5e79c22-a35f-4e50-b1fd-e91b6a93d74d
2019-10-17 18:50:55,409 [grpc-default-executor-4] INFO  impl.RoleInfo (RoleInfo.java:shutdownFollowerState(121)) - 1e4e1375-1b66-460f-8c99-4c341545a119: shutdown FollowerState
2019-10-17 18:50:55,409 [grpc-default-executor-0] INFO  impl.RoleInfo (RoleInfo.java:shutdownFollowerState(121)) - daae7813-f814-475d-9647-a302a5541e36: shutdown FollowerState
2019-10-17 18:50:55,409 [grpc-default-executor-4] INFO  impl.RoleInfo (RoleInfo.java:updateAndGet(143)) - 1e4e1375-1b66-460f-8c99-4c341545a119: start FollowerState
2019-10-17 18:50:55,410 [Thread-1524] INFO  impl.FollowerState (FollowerState.java:run(117)) - daae7813-f814-475d-9647-a302a5541e36@group-F775CA5912AC-FollowerState was interrupted: java.lang.InterruptedException: sleep interrupted
2019-10-17 18:50:55,410 [Thread-1522] INFO  impl.FollowerState (FollowerState.java:run(117)) - 1e4e1375-1b66-460f-8c99-4c341545a119@group-F775CA5912AC-FollowerState was interrupted: java.lang.InterruptedException: sleep interrupted
2019-10-17 18:50:55,410 [grpc-default-executor-0] INFO  impl.RoleInfo (RoleInfo.java:updateAndGet(143)) - daae7813-f814-475d-9647-a302a5541e36: start FollowerState
2019-10-17 18:50:55,428 [a5e79c22-a35f-4e50-b1fd-e91b6a93d74d@group-F775CA5912AC-LeaderElection174] INFO  impl.LeaderElection (LeaderElection.java:logAndReturn(56)) - a5e79c22-a35f-4e50-b1fd-e91b6a93d74d@group-F775CA5912AC-LeaderElection174: Election REJECTED; received 2 response(s) [a5e79c22-a35f-4e50-b1fd-e91b6a93d74d<-daae7813-f814-475d-9647-a302a5541e36#0:FAIL-t92, a5e79c22-a35f-4e50-b1fd-e91b6a93d74d<-1e4e1375-1b66-460f-8c99-4c341545a119#0:FAIL-t92] and 0 exception(s); a5e79c22-a35f-4e50-b1fd-e91b6a93d74d@group-F775CA5912AC:t92, leader=null, voted=a5e79c22-a35f-4e50-b1fd-e91b6a93d74d, raftlog=a5e79c22-a35f-4e50-b1fd-e91b6a93d74d@group-F775CA5912AC-SegmentedRaftLog:OPENED:c-1,f-1,i0, conf=-1: [a5e79c22-a35f-4e50-b1fd-e91b6a93d74d:192.168.157.251:45177, daae7813-f814-475d-9647-a302a5541e36:192.168.157.251:45025, 1e4e1375-1b66-460f-8c99-4c341545a119:192.168.157.251:42113], old=null
2019-10-17 18:50:55,429 [a5e79c22-a35f-4e50-b1fd-e91b6a93d74d@group-F775CA5912AC-LeaderElection174] INFO  impl.RaftServerImpl (RaftServerImpl.java:setRole(184)) - a5e79c22-a35f-4e50-b1fd-e91b6a93d74d@group-F775CA5912AC: changes role from CANDIDATE to FOLLOWER at term 92 for DISCOVERED_A_NEW_TERM
2019-10-17 18:50:55,429 [a5e79c22-a35f-4e50-b1fd-e91b6a93d74d@group-F775CA5912AC-LeaderElection174] INFO  impl.RoleInfo (RoleInfo.java:shutdownLeaderElection(134)) - a5e79c22-a35f-4e50-b1fd-e91b6a93d74d: shutdown LeaderElection
2019-10-17 18:50:55,429 [a5e79c22-a35f-4e50-b1fd-e91b6a93d74d@group-F775CA5912AC-LeaderElection174] INFO  impl.RoleInfo (RoleInfo.java:updateAndGet(143)) - a5e79c22-a35f-4e50-b1fd-e91b6a93d74d: start FollowerState
2019-10-17 18:50:55,453 [Thread-1547] INFO  impl.FollowerState (FollowerState.java:run(108)) - a5e79c22-a35f-4e50-b1fd-e91b6a93d74d@group-F775CA5912AC-FollowerState: change to CANDIDATE, lastRpcTime:24ms, electionTimeout:24ms
2019-10-17 18:50:55,454 [Thread-1547] INFO  impl.RoleInfo (RoleInfo.java:shutdownFollowerState(121)) - a5e79c22-a35f-4e50-b1fd-e91b6a93d74d: shutdown FollowerState
2019-10-17 18:50:55,454 [Thread-1547] INFO  impl.RaftServerImpl (RaftServerImpl.java:setRole(184)) - a5e79c22-a35f-4e50-b1fd-e91b6a93d74d@group-F775CA5912AC: changes role from  FOLLOWER to CANDIDATE at term 92 for changeToCandidate
2019-10-17 18:50:55,454 [Thread-1547] INFO  impl.RoleInfo (RoleInfo.java:updateAndGet(143)) - a5e79c22-a35f-4e50-b1fd-e91b6a93d74d: start LeaderElection
2019-10-17 18:50:55,468 [a5e79c22-a35f-4e50-b1fd-e91b6a93d74d@group-F775CA5912AC-LeaderElection175] INFO  impl.LeaderElection (LeaderElection.java:askForVotes(178)) - a5e79c22-a35f-4e50-b1fd-e91b6a93d74d@group-F775CA5912AC-LeaderElection175: begin an election at term 93 for -1: [a5e79c22-a35f-4e50-b1fd-e91b6a93d74d:192.168.157.251:45177, daae7813-f814-475d-9647-a302a5541e36:192.168.157.251:45025, 1e4e1375-1b66-460f-8c99-4c341545a119:192.168.157.251:42113], old=null
2019-10-17 18:50:55,471 [grpc-default-executor-0] INFO  impl.RaftServerImpl (RaftServerImpl.java:setRole(184)) - daae7813-f814-475d-9647-a302a5541e36@group-F775CA5912AC: changes role from  FOLLOWER to FOLLOWER at term 93 for recognizeCandidate:a5e79c22-a35f-4e50-b1fd-e91b6a93d74d
2019-10-17 18:50:55,471 [grpc-default-executor-4] INFO  impl.RaftServerImpl (RaftServerImpl.java:setRole(184)) - 1e4e1375-1b66-460f-8c99-4c341545a119@group-F775CA5912AC: changes role from  FOLLOWER to FOLLOWER at term 93 for recognizeCandidate:a5e79c22-a35f-4e50-b1fd-e91b6a93d74d
2019-10-17 18:50:55,471 [grpc-default-executor-0] INFO  impl.RoleInfo (RoleInfo.java:shutdownFollowerState(121)) - daae7813-f814-475d-9647-a302a5541e36: shutdown FollowerState
2019-10-17 18:50:55,471 [grpc-default-executor-4] INFO  impl.RoleInfo (RoleInfo.java:shutdownFollowerState(121)) - 1e4e1375-1b66-460f-8c99-4c341545a119: shutdown FollowerState
2019-10-17 18:50:55,471 [grpc-default-executor-0] INFO  impl.RoleInfo (RoleInfo.java:updateAndGet(143)) - daae7813-f814-475d-9647-a302a5541e36: start FollowerState
2019-10-17 18:50:55,471 [Thread-1545] INFO  impl.FollowerState (FollowerState.java:run(117)) - 1e4e1375-1b66-460f-8c99-4c341545a119@group-F775CA5912AC-FollowerState was interrupted: java.lang.InterruptedException: sleep interrupted
2019-10-17 18:50:55,471 [grpc-default-executor-4] INFO  impl.RoleInfo (RoleInfo.java:updateAndGet(143)) - 1e4e1375-1b66-460f-8c99-4c341545a119: start FollowerState
2019-10-17 18:50:55,471 [Thread-1546] INFO  impl.FollowerState (FollowerState.java:run(117)) - daae7813-f814-475d-9647-a302a5541e36@group-F775CA5912AC-FollowerState was interrupted: java.lang.InterruptedException: sleep interrupted
2019-10-17 18:50:55,488 [a5e79c22-a35f-4e50-b1fd-e91b6a93d74d@group-F775CA5912AC-LeaderElection175] INFO  impl.LeaderElection (LeaderElection.java:logAndReturn(56)) - a5e79c22-a35f-4e50-b1fd-e91b6a93d74d@group-F775CA5912AC-LeaderElection175: Election REJECTED; received 2 response(s) [a5e79c22-a35f-4e50-b1fd-e91b6a93d74d<-daae7813-f814-475d-9647-a302a5541e36#0:FAIL-t93, a5e79c22-a35f-4e50-b1fd-e91b6a93d74d<-1e4e1375-1b66-460f-8c99-4c341545a119#0:FAIL-t93] and 0 exception(s); a5e79c22-a35f-4e50-b1fd-e91b6a93d74d@group-F775CA5912AC:t93, leader=null, voted=a5e79c22-a35f-4e50-b1fd-e91b6a93d74d, raftlog=a5e79c22-a35f-4e50-b1fd-e91b6a93d74d@group-F775CA5912AC-SegmentedRaftLog:OPENED:c-1,f-1,i0, conf=-1: [a5e79c22-a35f-4e50-b1fd-e91b6a93d74d:192.168.157.251:45177, daae7813-f814-475d-9647-a302a5541e36:192.168.157.251:45025, 1e4e1375-1b66-460f-8c99-4c341545a119:192.168.157.251:42113], old=null
2019-10-17 18:50:55,488 [a5e79c22-a35f-4e50-b1fd-e91b6a93d74d@group-F775CA5912AC-LeaderElection175] INFO  impl.RaftServerImpl (RaftServerImpl.java:setRole(184)) - a5e79c22-a35f-4e50-b1fd-e91b6a93d74d@group-F775CA5912AC: changes role from CANDIDATE to FOLLOWER at term 93 for DISCOVERED_A_NEW_TERM
2019-10-17 18:50:55,488 [a5e79c22-a35f-4e50-b1fd-e91b6a93d74d@group-F775CA5912AC-LeaderElection175] INFO  impl.RoleInfo (RoleInfo.java:shutdownLeaderElection(134)) - a5e79c22-a35f-4e50-b1fd-e91b6a93d74d: shutdown LeaderElection
2019-10-17 18:50:55,488 [a5e79c22-a35f-4e50-b1fd-e91b6a93d74d@group-F775CA5912AC-LeaderElection175] INFO  impl.RoleInfo (RoleInfo.java:updateAndGet(143)) - a5e79c22-a35f-4e50-b1fd-e91b6a93d74d: start FollowerState
2019-10-17 18:50:55,493 [Thread-1553] INFO  impl.FollowerState (FollowerState.java:run(108)) - a5e79c22-a35f-4e50-b1fd-e91b6a93d74d@group-F775CA5912AC-FollowerState: change to CANDIDATE, lastRpcTime:5ms, electionTimeout:5ms
2019-10-17 18:50:55,493 [Thread-1553] INFO  impl.RoleInfo (RoleInfo.java:shutdownFollowerState(121)) - a5e79c22-a35f-4e50-b1fd-e91b6a93d74d: shutdown FollowerState
2019-10-17 18:50:55,494 [Thread-1553] INFO  impl.RaftServerImpl (RaftServerImpl.java:setRole(184)) - a5e79c22-a35f-4e50-b1fd-e91b6a93d74d@group-F775CA5912AC: changes role from  FOLLOWER to CANDIDATE at term 93 for changeToCandidate
2019-10-17 18:50:55,494 [Thread-1553] INFO  impl.RoleInfo (RoleInfo.java:updateAndGet(143)) - a5e79c22-a35f-4e50-b1fd-e91b6a93d74d: start LeaderElection
2019-10-17 18:50:55,507 [a5e79c22-a35f-4e50-b1fd-e91b6a93d74d@group-F775CA5912AC-LeaderElection176] INFO  impl.LeaderElection (LeaderElection.java:askForVotes(178)) - a5e79c22-a35f-4e50-b1fd-e91b6a93d74d@group-F775CA5912AC-LeaderElection176: begin an election at term 94 for -1: [a5e79c22-a35f-4e50-b1fd-e91b6a93d74d:192.168.157.251:45177, daae7813-f814-475d-9647-a302a5541e36:192.168.157.251:45025, 1e4e1375-1b66-460f-8c99-4c341545a119:192.168.157.251:42113], old=null
2019-10-17 18:50:55,509 [grpc-default-executor-0] INFO  impl.RaftServerImpl (RaftServerImpl.java:setRole(184)) - 1e4e1375-1b66-460f-8c99-4c341545a119@group-F775CA5912AC: changes role from  FOLLOWER to FOLLOWER at term 94 for recognizeCandidate:a5e79c22-a35f-4e50-b1fd-e91b6a93d74d
2019-10-17 18:50:55,509 [grpc-default-executor-0] INFO  impl.RoleInfo (RoleInfo.java:shutdownFollowerState(121)) - 1e4e1375-1b66-460f-8c99-4c341545a119: shutdown FollowerState
2019-10-17 18:50:55,509 [grpc-default-executor-4] INFO  impl.RaftServerImpl (RaftServerImpl.java:setRole(184)) - daae7813-f814-475d-9647-a302a5541e36@group-F775CA5912AC: changes role from  FOLLOWER to FOLLOWER at term 94 for recognizeCandidate:a5e79c22-a35f-4e50-b1fd-e91b6a93d74d
2019-10-17 18:50:55,509 [Thread-1552] INFO  impl.FollowerState (FollowerState.java:run(117)) - 1e4e1375-1b66-460f-8c99-4c341545a119@group-F775CA5912AC-FollowerState was interrupted: java.lang.InterruptedException: sleep interrupted
2019-10-17 18:50:55,509 [grpc-default-executor-0] INFO  impl.RoleInfo (RoleInfo.java:updateAndGet(143)) - 1e4e1375-1b66-460f-8c99-4c341545a119: start FollowerState
2019-10-17 18:50:55,510 [grpc-default-executor-4] INFO  impl.RoleInfo (RoleInfo.java:shutdownFollowerState(121)) - daae7813-f814-475d-9647-a302a5541e36: shutdown FollowerState
2019-10-17 18:50:55,510 [grpc-default-executor-4] INFO  impl.RoleInfo (RoleInfo.java:updateAndGet(143)) - daae7813-f814-475d-9647-a302a5541e36: start FollowerState
2019-10-17 18:50:55,510 [Thread-1551] INFO  impl.FollowerState (FollowerState.java:run(117)) - daae7813-f814-475d-9647-a302a5541e36@group-F775CA5912AC-FollowerState was interrupted: java.lang.InterruptedException: sleep interrupted
2019-10-17 18:50:55,525 [a5e79c22-a35f-4e50-b1fd-e91b6a93d74d@group-F775CA5912AC-LeaderElection176] INFO  impl.LeaderElection (LeaderElection.java:logAndReturn(56)) - a5e79c22-a35f-4e50-b1fd-e91b6a93d74d@group-F775CA5912AC-LeaderElection176: Election REJECTED; received 2 response(s) [a5e79c22-a35f-4e50-b1fd-e91b6a93d74d<-daae7813-f814-475d-9647-a302a5541e36#0:FAIL-t94, a5e79c22-a35f-4e50-b1fd-e91b6a93d74d<-1e4e1375-1b66-460f-8c99-4c341545a119#0:FAIL-t94] and 0 exception(s); a5e79c22-a35f-4e50-b1fd-e91b6a93d74d@group-F775CA5912AC:t94, leader=null, voted=a5e79c22-a35f-4e50-b1fd-e91b6a93d74d, raftlog=a5e79c22-a35f-4e50-b1fd-e91b6a93d74d@group-F775CA5912AC-SegmentedRaftLog:OPENED:c-1,f-1,i0, conf=-1: [a5e79c22-a35f-4e50-b1fd-e91b6a93d74d:192.168.157.251:45177, daae7813-f814-475d-9647-a302a5541e36:192.168.157.251:45025, 1e4e1375-1b66-460f-8c99-4c341545a119:192.168.157.251:42113], old=null
2019-10-17 18:50:55,525 [a5e79c22-a35f-4e50-b1fd-e91b6a93d74d@group-F775CA5912AC-LeaderElection176] INFO  impl.RaftServerImpl (RaftServerImpl.java:setRole(184)) - a5e79c22-a35f-4e50-b1fd-e91b6a93d74d@group-F775CA5912AC: changes role from CANDIDATE to FOLLOWER at term 94 for DISCOVERED_A_NEW_TERM
2019-10-17 18:50:55,525 [a5e79c22-a35f-4e50-b1fd-e91b6a93d74d@group-F775CA5912AC-LeaderElection176] INFO  impl.RoleInfo (RoleInfo.java:shutdownLeaderElection(134)) - a5e79c22-a35f-4e50-b1fd-e91b6a93d74d: shutdown LeaderElection
2019-10-17 18:50:55,525 [a5e79c22-a35f-4e50-b1fd-e91b6a93d74d@group-F775CA5912AC-LeaderElection176] INFO  impl.RoleInfo (RoleInfo.java:updateAndGet(143)) - a5e79c22-a35f-4e50-b1fd-e91b6a93d74d: start FollowerState
2019-10-17 18:50:55,530 [Thread-1541] INFO  impl.FollowerState (FollowerState.java:run(108)) - abcd8826-c056-4817-bd0f-7af19a46d814@group-5F52F902B742-FollowerState: change to CANDIDATE, lastRpcTime:136ms, electionTimeout:136ms
2019-10-17 18:50:55,531 [Thread-1541] INFO  impl.RoleInfo (RoleInfo.java:shutdownFollowerState(121)) - abcd8826-c056-4817-bd0f-7af19a46d814: shutdown FollowerState
2019-10-17 18:50:55,531 [Thread-1541] INFO  impl.RaftServerImpl (RaftServerImpl.java:setRole(184)) - abcd8826-c056-4817-bd0f-7af19a46d814@group-5F52F902B742: changes role from  FOLLOWER to CANDIDATE at term 89 for changeToCandidate
2019-10-17 18:50:55,531 [Thread-1541] INFO  impl.RoleInfo (RoleInfo.java:updateAndGet(143)) - abcd8826-c056-4817-bd0f-7af19a46d814: start LeaderElection
2019-10-17 18:50:55,544 [abcd8826-c056-4817-bd0f-7af19a46d814@group-5F52F902B742-LeaderElection177] INFO  impl.LeaderElection (LeaderElection.java:askForVotes(178)) - abcd8826-c056-4817-bd0f-7af19a46d814@group-5F52F902B742-LeaderElection177: begin an election at term 90 for -1: [b8f04e38-0663-4b1f-8efd-f76585c6e86c:192.168.157.251:35700, abcd8826-c056-4817-bd0f-7af19a46d814:192.168.157.251:46496, 73297ffa-40cb-4e3e-b33e-1bc2c1da60f5:192.168.157.251:32952], old=null
2019-10-17 18:50:55,546 [grpc-default-executor-0] INFO  impl.RaftServerImpl (RaftServerImpl.java:setRole(184)) - b8f04e38-0663-4b1f-8efd-f76585c6e86c@group-5F52F902B742: changes role from  FOLLOWER to FOLLOWER at term 90 for recognizeCandidate:abcd8826-c056-4817-bd0f-7af19a46d814
2019-10-17 18:50:55,547 [grpc-default-executor-0] INFO  impl.RoleInfo (RoleInfo.java:shutdownFollowerState(121)) - b8f04e38-0663-4b1f-8efd-f76585c6e86c: shutdown FollowerState
2019-10-17 18:50:55,547 [grpc-default-executor-4] INFO  impl.RaftServerImpl (RaftServerImpl.java:setRole(184)) - 73297ffa-40cb-4e3e-b33e-1bc2c1da60f5@group-5F52F902B742: changes role from  FOLLOWER to FOLLOWER at term 90 for recognizeCandidate:abcd8826-c056-4817-bd0f-7af19a46d814
2019-10-17 18:50:55,547 [grpc-default-executor-4] INFO  impl.RoleInfo (RoleInfo.java:shutdownFollowerState(121)) - 73297ffa-40cb-4e3e-b33e-1bc2c1da60f5: shutdown FollowerState
2019-10-17 18:50:55,547 [Thread-1539] INFO  impl.FollowerState (FollowerState.java:run(117)) - b8f04e38-0663-4b1f-8efd-f76585c6e86c@group-5F52F902B742-FollowerState was interrupted: java.lang.InterruptedException: sleep interrupted
2019-10-17 18:50:55,547 [grpc-default-executor-0] INFO  impl.RoleInfo (RoleInfo.java:updateAndGet(143)) - b8f04e38-0663-4b1f-8efd-f76585c6e86c: start FollowerState
2019-10-17 18:50:55,547 [Thread-1540] INFO  impl.FollowerState (FollowerState.java:run(117)) - 73297ffa-40cb-4e3e-b33e-1bc2c1da60f5@group-5F52F902B742-FollowerState was interrupted: java.lang.InterruptedException: sleep interrupted
2019-10-17 18:50:55,547 [grpc-default-executor-4] INFO  impl.RoleInfo (RoleInfo.java:updateAndGet(143)) - 73297ffa-40cb-4e3e-b33e-1bc2c1da60f5: start FollowerState
2019-10-17 18:50:55,561 [abcd8826-c056-4817-bd0f-7af19a46d814@group-5F52F902B742-LeaderElection177] INFO  impl.LeaderElection (LeaderElection.java:logAndReturn(56)) - abcd8826-c056-4817-bd0f-7af19a46d814@group-5F52F902B742-LeaderElection177: Election REJECTED; received 2 response(s) [abcd8826-c056-4817-bd0f-7af19a46d814<-b8f04e38-0663-4b1f-8efd-f76585c6e86c#0:FAIL-t90, abcd8826-c056-4817-bd0f-7af19a46d814<-73297ffa-40cb-4e3e-b33e-1bc2c1da60f5#0:FAIL-t90] and 0 exception(s); abcd8826-c056-4817-bd0f-7af19a46d814@group-5F52F902B742:t90, leader=null, voted=abcd8826-c056-4817-bd0f-7af19a46d814, raftlog=abcd8826-c056-4817-bd0f-7af19a46d814@group-5F52F902B742-SegmentedRaftLog:OPENED:c-1,f-1,i0, conf=-1: [b8f04e38-0663-4b1f-8efd-f76585c6e86c:192.168.157.251:35700, abcd8826-c056-4817-bd0f-7af19a46d814:192.168.157.251:46496, 73297ffa-40cb-4e3e-b33e-1bc2c1da60f5:192.168.157.251:32952], old=null
2019-10-17 18:50:55,562 [abcd8826-c056-4817-bd0f-7af19a46d814@group-5F52F902B742-LeaderElection177] INFO  impl.RaftServerImpl (RaftServerImpl.java:setRole(184)) - abcd8826-c056-4817-bd0f-7af19a46d814@group-5F52F902B742: changes role from CANDIDATE to FOLLOWER at term 90 for DISCOVERED_A_NEW_TERM
2019-10-17 18:50:55,562 [abcd8826-c056-4817-bd0f-7af19a46d814@group-5F52F902B742-LeaderElection177] INFO  impl.RoleInfo (RoleInfo.java:shutdownLeaderElection(134)) - abcd8826-c056-4817-bd0f-7af19a46d814: shutdown LeaderElection
2019-10-17 18:50:55,562 [abcd8826-c056-4817-bd0f-7af19a46d814@group-5F52F902B742-LeaderElection177] INFO  impl.RoleInfo (RoleInfo.java:updateAndGet(143)) - abcd8826-c056-4817-bd0f-7af19a46d814: start FollowerState
2019-10-17 18:50:55,717 [Thread-1559] INFO  impl.FollowerState (FollowerState.java:run(108)) - a5e79c22-a35f-4e50-b1fd-e91b6a93d74d@group-F775CA5912AC-FollowerState: change to CANDIDATE, lastRpcTime:191ms, electionTimeout:191ms
2019-10-17 18:50:55,717 [Thread-1559] INFO  impl.RoleInfo (RoleInfo.java:shutdownFollowerState(121)) - a5e79c22-a35f-4e50-b1fd-e91b6a93d74d: shutdown FollowerState
2019-10-17 18:50:55,717 [Thread-1559] INFO  impl.RaftServerImpl (RaftServerImpl.java:setRole(184)) - a5e79c22-a35f-4e50-b1fd-e91b6a93d74d@group-F775CA5912AC: changes role from  FOLLOWER to CANDIDATE at term 94 for changeToCandidate
2019-10-17 18:50:55,717 [Thread-1559] INFO  impl.RoleInfo (RoleInfo.java:updateAndGet(143)) - a5e79c22-a35f-4e50-b1fd-e91b6a93d74d: start LeaderElection
2019-10-17 18:50:55,733 [a5e79c22-a35f-4e50-b1fd-e91b6a93d74d@group-F775CA5912AC-LeaderElection178] INFO  impl.LeaderElection (LeaderElection.java:askForVotes(178)) - a5e79c22-a35f-4e50-b1fd-e91b6a93d74d@group-F775CA5912AC-LeaderElection178: begin an election at term 95 for -1: [a5e79c22-a35f-4e50-b1fd-e91b6a93d74d:192.168.157.251:45177, daae7813-f814-475d-9647-a302a5541e36:192.168.157.251:45025, 1e4e1375-1b66-460f-8c99-4c341545a119:192.168.157.251:42113], old=null
2019-10-17 18:50:55,735 [Thread-1565] INFO  impl.FollowerState (FollowerState.java:run(108)) - abcd8826-c056-4817-bd0f-7af19a46d814@group-5F52F902B742-FollowerState: change to CANDIDATE, lastRpcTime:173ms, electionTimeout:173ms
2019-10-17 18:50:55,736 [Thread-1565] INFO  impl.RoleInfo (RoleInfo.java:shutdownFollowerState(121)) - abcd8826-c056-4817-bd0f-7af19a46d814: shutdown FollowerState
2019-10-17 18:50:55,736 [grpc-default-executor-0] INFO  impl.RaftServerImpl (RaftServerImpl.java:setRole(184)) - 1e4e1375-1b66-460f-8c99-4c341545a119@group-F775CA5912AC: changes role from  FOLLOWER to FOLLOWER at term 95 for recognizeCandidate:a5e79c22-a35f-4e50-b1fd-e91b6a93d74d
2019-10-17 18:50:55,736 [grpc-default-executor-0] INFO  impl.RoleInfo (RoleInfo.java:shutdownFollowerState(121)) - 1e4e1375-1b66-460f-8c99-4c341545a119: shutdown FollowerState
2019-10-17 18:50:55,736 [grpc-default-executor-4] INFO  impl.RaftServerImpl (RaftServerImpl.java:setRole(184)) - daae7813-f814-475d-9647-a302a5541e36@group-F775CA5912AC: changes role from  FOLLOWER to FOLLOWER at term 95 for recognizeCandidate:a5e79c22-a35f-4e50-b1fd-e91b6a93d74d
2019-10-17 18:50:55,736 [grpc-default-executor-4] INFO  impl.RoleInfo (RoleInfo.java:shutdownFollowerState(121)) - daae7813-f814-475d-9647-a302a5541e36: shutdown FollowerState
2019-10-17 18:50:55,736 [Thread-1565] INFO  impl.RaftServerImpl (RaftServerImpl.java:setRole(184)) - abcd8826-c056-4817-bd0f-7af19a46d814@group-5F52F902B742: changes role from  FOLLOWER to CANDIDATE at term 90 for changeToCandidate
2019-10-17 18:50:55,736 [Thread-1558] INFO  impl.FollowerState (FollowerState.java:run(117)) - daae7813-f814-475d-9647-a302a5541e36@group-F775CA5912AC-FollowerState was interrupted: java.lang.InterruptedException: sleep interrupted
2019-10-17 18:50:55,736 [grpc-default-executor-4] INFO  impl.RoleInfo (RoleInfo.java:updateAndGet(143)) - daae7813-f814-475d-9647-a302a5541e36: start FollowerState
2019-10-17 18:50:55,736 [grpc-default-executor-0] INFO  impl.RoleInfo (RoleInfo.java:updateAndGet(143)) - 1e4e1375-1b66-460f-8c99-4c341545a119: start FollowerState
2019-10-17 18:50:55,736 [Thread-1557] INFO  impl.FollowerState (FollowerState.java:run(117)) - 1e4e1375-1b66-460f-8c99-4c341545a119@group-F775CA5912AC-FollowerState was interrupted: java.lang.InterruptedException: sleep interrupted
2019-10-17 18:50:55,737 [Thread-1565] INFO  impl.RoleInfo (RoleInfo.java:updateAndGet(143)) - abcd8826-c056-4817-bd0f-7af19a46d814: start LeaderElection
2019-10-17 18:50:55,751 [abcd8826-c056-4817-bd0f-7af19a46d814@group-5F52F902B742-LeaderElection179] INFO  impl.LeaderElection (LeaderElection.java:askForVotes(178)) - abcd8826-c056-4817-bd0f-7af19a46d814@group-5F52F902B742-LeaderElection179: begin an election at term 91 for -1: [b8f04e38-0663-4b1f-8efd-f76585c6e86c:192.168.157.251:35700, abcd8826-c056-4817-bd0f-7af19a46d814:192.168.157.251:46496, 73297ffa-40cb-4e3e-b33e-1bc2c1da60f5:192.168.157.251:32952], old=null
2019-10-17 18:50:55,752 [a5e79c22-a35f-4e50-b1fd-e91b6a93d74d@group-F775CA5912AC-LeaderElection178] INFO  impl.LeaderElection (LeaderElection.java:logAndReturn(56)) - a5e79c22-a35f-4e50-b1fd-e91b6a93d74d@group-F775CA5912AC-LeaderElection178: Election REJECTED; received 2 response(s) [a5e79c22-a35f-4e50-b1fd-e91b6a93d74d<-daae7813-f814-475d-9647-a302a5541e36#0:FAIL-t95, a5e79c22-a35f-4e50-b1fd-e91b6a93d74d<-1e4e1375-1b66-460f-8c99-4c341545a119#0:FAIL-t95] and 0 exception(s); a5e79c22-a35f-4e50-b1fd-e91b6a93d74d@group-F775CA5912AC:t95, leader=null, voted=a5e79c22-a35f-4e50-b1fd-e91b6a93d74d, raftlog=a5e79c22-a35f-4e50-b1fd-e91b6a93d74d@group-F775CA5912AC-SegmentedRaftLog:OPENED:c-1,f-1,i0, conf=-1: [a5e79c22-a35f-4e50-b1fd-e91b6a93d74d:192.168.157.251:45177, daae7813-f814-475d-9647-a302a5541e36:192.168.157.251:45025, 1e4e1375-1b66-460f-8c99-4c341545a119:192.168.157.251:42113], old=null
2019-10-17 18:50:55,752 [a5e79c22-a35f-4e50-b1fd-e91b6a93d74d@group-F775CA5912AC-LeaderElection178] INFO  impl.RaftServerImpl (RaftServerImpl.java:setRole(184)) - a5e79c22-a35f-4e50-b1fd-e91b6a93d74d@group-F775CA5912AC: changes role from CANDIDATE to FOLLOWER at term 95 for DISCOVERED_A_NEW_TERM
2019-10-17 18:50:55,752 [a5e79c22-a35f-4e50-b1fd-e91b6a93d74d@group-F775CA5912AC-LeaderElection178] INFO  impl.RoleInfo (RoleInfo.java:shutdownLeaderElection(134)) - a5e79c22-a35f-4e50-b1fd-e91b6a93d74d: shutdown LeaderElection
2019-10-17 18:50:55,753 [a5e79c22-a35f-4e50-b1fd-e91b6a93d74d@group-F775CA5912AC-LeaderElection178] INFO  impl.RoleInfo (RoleInfo.java:updateAndGet(143)) - a5e79c22-a35f-4e50-b1fd-e91b6a93d74d: start FollowerState
2019-10-17 18:50:55,753 [grpc-default-executor-4] INFO  impl.RaftServerImpl (RaftServerImpl.java:setRole(184)) - b8f04e38-0663-4b1f-8efd-f76585c6e86c@group-5F52F902B742: changes role from  FOLLOWER to FOLLOWER at term 91 for recognizeCandidate:abcd8826-c056-4817-bd0f-7af19a46d814
2019-10-17 18:50:55,753 [grpc-default-executor-4] INFO  impl.RoleInfo (RoleInfo.java:shutdownFollowerState(121)) - b8f04e38-0663-4b1f-8efd-f76585c6e86c: shutdown FollowerState
2019-10-17 18:50:55,753 [grpc-default-executor-4] INFO  impl.RoleInfo (RoleInfo.java:updateAndGet(143)) - b8f04e38-0663-4b1f-8efd-f76585c6e86c: start FollowerState
2019-10-17 18:50:55,754 [Thread-1563] INFO  impl.FollowerState (FollowerState.java:run(117)) - b8f04e38-0663-4b1f-8efd-f76585c6e86c@group-5F52F902B742-FollowerState was interrupted: java.lang.InterruptedException: sleep interrupted
2019-10-17 18:50:55,754 [grpc-default-executor-0] INFO  impl.RaftServerImpl (RaftServerImpl.java:setRole(184)) - 73297ffa-40cb-4e3e-b33e-1bc2c1da60f5@group-5F52F902B742: changes role from  FOLLOWER to FOLLOWER at term 91 for recognizeCandidate:abcd8826-c056-4817-bd0f-7af19a46d814
2019-10-17 18:50:55,754 [grpc-default-executor-0] INFO  impl.RoleInfo (RoleInfo.java:shutdownFollowerState(121)) - 73297ffa-40cb-4e3e-b33e-1bc2c1da60f5: shutdown FollowerState
2019-10-17 18:50:55,754 [grpc-default-executor-0] INFO  impl.RoleInfo (RoleInfo.java:updateAndGet(143)) - 73297ffa-40cb-4e3e-b33e-1bc2c1da60f5: start FollowerState
2019-10-17 18:50:55,754 [Thread-1564] INFO  impl.FollowerState (FollowerState.java:run(117)) - 73297ffa-40cb-4e3e-b33e-1bc2c1da60f5@group-5F52F902B742-FollowerState was interrupted: java.lang.InterruptedException: sleep interrupted
2019-10-17 18:50:55,769 [abcd8826-c056-4817-bd0f-7af19a46d814@group-5F52F902B742-LeaderElection179] INFO  impl.LeaderElection (LeaderElection.java:logAndReturn(56)) - abcd8826-c056-4817-bd0f-7af19a46d814@group-5F52F902B742-LeaderElection179: Election REJECTED; received 2 response(s) [abcd8826-c056-4817-bd0f-7af19a46d814<-b8f04e38-0663-4b1f-8efd-f76585c6e86c#0:FAIL-t91, abcd8826-c056-4817-bd0f-7af19a46d814<-73297ffa-40cb-4e3e-b33e-1bc2c1da60f5#0:FAIL-t91] and 0 exception(s); abcd8826-c056-4817-bd0f-7af19a46d814@group-5F52F902B742:t91, leader=null, voted=abcd8826-c056-4817-bd0f-7af19a46d814, raftlog=abcd8826-c056-4817-bd0f-7af19a46d814@group-5F52F902B742-SegmentedRaftLog:OPENED:c-1,f-1,i0, conf=-1: [b8f04e38-0663-4b1f-8efd-f76585c6e86c:192.168.157.251:35700, abcd8826-c056-4817-bd0f-7af19a46d814:192.168.157.251:46496, 73297ffa-40cb-4e3e-b33e-1bc2c1da60f5:192.168.157.251:32952], old=null
2019-10-17 18:50:55,769 [abcd8826-c056-4817-bd0f-7af19a46d814@group-5F52F902B742-LeaderElection179] INFO  impl.RaftServerImpl (RaftServerImpl.java:setRole(184)) - abcd8826-c056-4817-bd0f-7af19a46d814@group-5F52F902B742: changes role from CANDIDATE to FOLLOWER at term 91 for DISCOVERED_A_NEW_TERM
2019-10-17 18:50:55,769 [abcd8826-c056-4817-bd0f-7af19a46d814@group-5F52F902B742-LeaderElection179] INFO  impl.RoleInfo (RoleInfo.java:shutdownLeaderElection(134)) - abcd8826-c056-4817-bd0f-7af19a46d814: shutdown LeaderElection
2019-10-17 18:50:55,769 [abcd8826-c056-4817-bd0f-7af19a46d814@group-5F52F902B742-LeaderElection179] INFO  impl.RoleInfo (RoleInfo.java:updateAndGet(143)) - abcd8826-c056-4817-bd0f-7af19a46d814: start FollowerState
2019-10-17 18:50:55,826 [Thread-1577] INFO  impl.FollowerState (FollowerState.java:run(108)) - abcd8826-c056-4817-bd0f-7af19a46d814@group-5F52F902B742-FollowerState: change to CANDIDATE, lastRpcTime:56ms, electionTimeout:56ms
2019-10-17 18:50:55,826 [Thread-1577] INFO  impl.RoleInfo (RoleInfo.java:shutdownFollowerState(121)) - abcd8826-c056-4817-bd0f-7af19a46d814: shutdown FollowerState
2019-10-17 18:50:55,826 [Thread-1577] INFO  impl.RaftServerImpl (RaftServerImpl.java:setRole(184)) - abcd8826-c056-4817-bd0f-7af19a46d814@group-5F52F902B742: changes role from  FOLLOWER to CANDIDATE at term 91 for changeToCandidate
2019-10-17 18:50:55,826 [Thread-1577] INFO  impl.RoleInfo (RoleInfo.java:updateAndGet(143)) - abcd8826-c056-4817-bd0f-7af19a46d814: start LeaderElection
2019-10-17 18:50:55,841 [abcd8826-c056-4817-bd0f-7af19a46d814@group-5F52F902B742-LeaderElection180] INFO  impl.LeaderElection (LeaderElection.java:askForVotes(178)) - abcd8826-c056-4817-bd0f-7af19a46d814@group-5F52F902B742-LeaderElection180: begin an election at term 92 for -1: [b8f04e38-0663-4b1f-8efd-f76585c6e86c:192.168.157.251:35700, abcd8826-c056-4817-bd0f-7af19a46d814:192.168.157.251:46496, 73297ffa-40cb-4e3e-b33e-1bc2c1da60f5:192.168.157.251:32952], old=null
2019-10-17 18:50:55,844 [grpc-default-executor-0] INFO  impl.RaftServerImpl (RaftServerImpl.java:setRole(184)) - b8f04e38-0663-4b1f-8efd-f76585c6e86c@group-5F52F902B742: changes role from  FOLLOWER to FOLLOWER at term 92 for recognizeCandidate:abcd8826-c056-4817-bd0f-7af19a46d814
2019-10-17 18:50:55,844 [grpc-default-executor-4] INFO  impl.RaftServerImpl (RaftServerImpl.java:setRole(184)) - 73297ffa-40cb-4e3e-b33e-1bc2c1da60f5@group-5F52F902B742: changes role from  FOLLOWER to FOLLOWER at term 92 for recognizeCandidate:abcd8826-c056-4817-bd0f-7af19a46d814
2019-10-17 18:50:55,844 [grpc-default-executor-0] INFO  impl.RoleInfo (RoleInfo.java:shutdownFollowerState(121)) - b8f04e38-0663-4b1f-8efd-f76585c6e86c: shutdown FollowerState
2019-10-17 18:50:55,844 [grpc-default-executor-4] INFO  impl.RoleInfo (RoleInfo.java:shutdownFollowerState(121)) - 73297ffa-40cb-4e3e-b33e-1bc2c1da60f5: shutdown FollowerState
2019-10-17 18:50:55,845 [Thread-1575] INFO  impl.FollowerState (FollowerState.java:run(117)) - b8f04e38-0663-4b1f-8efd-f76585c6e86c@group-5F52F902B742-FollowerState was interrupted: java.lang.InterruptedException: sleep interrupted
2019-10-17 18:50:55,845 [grpc-default-executor-0] INFO  impl.RoleInfo (RoleInfo.java:updateAndGet(143)) - b8f04e38-0663-4b1f-8efd-f76585c6e86c: start FollowerState
2019-10-17 18:50:55,845 [grpc-default-executor-4] INFO  impl.RoleInfo (RoleInfo.java:updateAndGet(143)) - 73297ffa-40cb-4e3e-b33e-1bc2c1da60f5: start FollowerState
2019-10-17 18:50:55,845 [Thread-1576] INFO  impl.FollowerState (FollowerState.java:run(117)) - 73297ffa-40cb-4e3e-b33e-1bc2c1da60f5@group-5F52F902B742-FollowerState was interrupted: java.lang.InterruptedException: sleep interrupted
2019-10-17 18:50:55,860 [abcd8826-c056-4817-bd0f-7af19a46d814@group-5F52F902B742-LeaderElection180] INFO  impl.LeaderElection (LeaderElection.java:logAndReturn(56)) - abcd8826-c056-4817-bd0f-7af19a46d814@group-5F52F902B742-LeaderElection180: Election REJECTED; received 2 response(s) [abcd8826-c056-4817-bd0f-7af19a46d814<-b8f04e38-0663-4b1f-8efd-f76585c6e86c#0:FAIL-t92, abcd8826-c056-4817-bd0f-7af19a46d814<-73297ffa-40cb-4e3e-b33e-1bc2c1da60f5#0:FAIL-t92] and 0 exception(s); abcd8826-c056-4817-bd0f-7af19a46d814@group-5F52F902B742:t92, leader=null, voted=abcd8826-c056-4817-bd0f-7af19a46d814, raftlog=abcd8826-c056-4817-bd0f-7af19a46d814@group-5F52F902B742-SegmentedRaftLog:OPENED:c-1,f-1,i0, conf=-1: [b8f04e38-0663-4b1f-8efd-f76585c6e86c:192.168.157.251:35700, abcd8826-c056-4817-bd0f-7af19a46d814:192.168.157.251:46496, 73297ffa-40cb-4e3e-b33e-1bc2c1da60f5:192.168.157.251:32952], old=null
2019-10-17 18:50:55,860 [abcd8826-c056-4817-bd0f-7af19a46d814@group-5F52F902B742-LeaderElection180] INFO  impl.RaftServerImpl (RaftServerImpl.java:setRole(184)) - abcd8826-c056-4817-bd0f-7af19a46d814@group-5F52F902B742: changes role from CANDIDATE to FOLLOWER at term 92 for DISCOVERED_A_NEW_TERM
2019-10-17 18:50:55,860 [abcd8826-c056-4817-bd0f-7af19a46d814@group-5F52F902B742-LeaderElection180] INFO  impl.RoleInfo (RoleInfo.java:shutdownLeaderElection(134)) - abcd8826-c056-4817-bd0f-7af19a46d814: shutdown LeaderElection
2019-10-17 18:50:55,860 [abcd8826-c056-4817-bd0f-7af19a46d814@group-5F52F902B742-LeaderElection180] INFO  impl.RoleInfo (RoleInfo.java:updateAndGet(143)) - abcd8826-c056-4817-bd0f-7af19a46d814: start FollowerState
2019-10-17 18:50:55,896 [Thread-1574] INFO  impl.FollowerState (FollowerState.java:run(108)) - a5e79c22-a35f-4e50-b1fd-e91b6a93d74d@group-F775CA5912AC-FollowerState: change to CANDIDATE, lastRpcTime:143ms, electionTimeout:143ms
2019-10-17 18:50:55,896 [Thread-1574] INFO  impl.RoleInfo (RoleInfo.java:shutdownFollowerState(121)) - a5e79c22-a35f-4e50-b1fd-e91b6a93d74d: shutdown FollowerState
2019-10-17 18:50:55,896 [Thread-1574] INFO  impl.RaftServerImpl (RaftServerImpl.java:setRole(184)) - a5e79c22-a35f-4e50-b1fd-e91b6a93d74d@group-F775CA5912AC: changes role from  FOLLOWER to CANDIDATE at term 95 for changeToCandidate
2019-10-17 18:50:55,897 [Thread-1574] INFO  impl.RoleInfo (RoleInfo.java:updateAndGet(143)) - a5e79c22-a35f-4e50-b1fd-e91b6a93d74d: start LeaderElection
2019-10-17 18:50:55,910 [a5e79c22-a35f-4e50-b1fd-e91b6a93d74d@group-F775CA5912AC-LeaderElection181] INFO  impl.LeaderElection (LeaderElection.java:askForVotes(178)) - a5e79c22-a35f-4e50-b1fd-e91b6a93d74d@group-F775CA5912AC-LeaderElection181: begin an election at term 96 for -1: [a5e79c22-a35f-4e50-b1fd-e91b6a93d74d:192.168.157.251:45177, daae7813-f814-475d-9647-a302a5541e36:192.168.157.251:45025, 1e4e1375-1b66-460f-8c99-4c341545a119:192.168.157.251:42113], old=null
2019-10-17 18:50:55,913 [grpc-default-executor-4] INFO  impl.RaftServerImpl (RaftServerImpl.java:setRole(184)) - daae7813-f814-475d-9647-a302a5541e36@group-F775CA5912AC: changes role from  FOLLOWER to FOLLOWER at term 96 for recognizeCandidate:a5e79c22-a35f-4e50-b1fd-e91b6a93d74d
2019-10-17 18:50:55,913 [grpc-default-executor-4] INFO  impl.RoleInfo (RoleInfo.java:shutdownFollowerState(121)) - daae7813-f814-475d-9647-a302a5541e36: shutdown FollowerState
2019-10-17 18:50:55,913 [grpc-default-executor-4] INFO  impl.RoleInfo (RoleInfo.java:updateAndGet(143)) - daae7813-f814-475d-9647-a302a5541e36: start FollowerState
2019-10-17 18:50:55,914 [grpc-default-executor-0] INFO  impl.RaftServerImpl (RaftServerImpl.java:setRole(184)) - 1e4e1375-1b66-460f-8c99-4c341545a119@group-F775CA5912AC: changes role from  FOLLOWER to FOLLOWER at term 96 for recognizeCandidate:a5e79c22-a35f-4e50-b1fd-e91b6a93d74d
2019-10-17 18:50:55,913 [Thread-1570] INFO  impl.FollowerState (FollowerState.java:run(117)) - daae7813-f814-475d-9647-a302a5541e36@group-F775CA5912AC-FollowerState was interrupted: java.lang.InterruptedException: sleep interrupted
2019-10-17 18:50:55,914 [grpc-default-executor-0] INFO  impl.RoleInfo (RoleInfo.java:shutdownFollowerState(121)) - 1e4e1375-1b66-460f-8c99-4c341545a119: shutdown FollowerState
2019-10-17 18:50:55,914 [grpc-default-executor-0] INFO  impl.RoleInfo (RoleInfo.java:updateAndGet(143)) - 1e4e1375-1b66-460f-8c99-4c341545a119: start FollowerState
2019-10-17 18:50:55,914 [Thread-1569] INFO  impl.FollowerState (FollowerState.java:run(117)) - 1e4e1375-1b66-460f-8c99-4c341545a119@group-F775CA5912AC-FollowerState was interrupted: java.lang.InterruptedException: sleep interrupted
2019-10-17 18:50:55,921 [a5e79c22-a35f-4e50-b1fd-e91b6a93d74d@group-F775CA5912AC-LeaderElection181] INFO  impl.LeaderElection (LeaderElection.java:logAndReturn(56)) - a5e79c22-a35f-4e50-b1fd-e91b6a93d74d@group-F775CA5912AC-LeaderElection181: Election TIMEOUT; received 0 response(s) [] and 0 exception(s); a5e79c22-a35f-4e50-b1fd-e91b6a93d74d@group-F775CA5912AC:t96, leader=null, voted=a5e79c22-a35f-4e50-b1fd-e91b6a93d74d, raftlog=a5e79c22-a35f-4e50-b1fd-e91b6a93d74d@group-F775CA5912AC-SegmentedRaftLog:OPENED:c-1,f-1,i0, conf=-1: [a5e79c22-a35f-4e50-b1fd-e91b6a93d74d:192.168.157.251:45177, daae7813-f814-475d-9647-a302a5541e36:192.168.157.251:45025, 1e4e1375-1b66-460f-8c99-4c341545a119:192.168.157.251:42113], old=null
2019-10-17 18:50:55,927 [a5e79c22-a35f-4e50-b1fd-e91b6a93d74d@group-F775CA5912AC-LeaderElection181] INFO  impl.LeaderElection (LeaderElection.java:askForVotes(178)) - a5e79c22-a35f-4e50-b1fd-e91b6a93d74d@group-F775CA5912AC-LeaderElection181: begin an election at term 97 for -1: [a5e79c22-a35f-4e50-b1fd-e91b6a93d74d:192.168.157.251:45177, daae7813-f814-475d-9647-a302a5541e36:192.168.157.251:45025, 1e4e1375-1b66-460f-8c99-4c341545a119:192.168.157.251:42113], old=null
2019-10-17 18:50:55,929 [grpc-default-executor-4] INFO  impl.RaftServerImpl (RaftServerImpl.java:setRole(184)) - 1e4e1375-1b66-460f-8c99-4c341545a119@group-F775CA5912AC: changes role from  FOLLOWER to FOLLOWER at term 97 for recognizeCandidate:a5e79c22-a35f-4e50-b1fd-e91b6a93d74d
2019-10-17 18:50:55,929 [grpc-default-executor-4] INFO  impl.RoleInfo (RoleInfo.java:shutdownFollowerState(121)) - 1e4e1375-1b66-460f-8c99-4c341545a119: shutdown FollowerState
2019-10-17 18:50:55,929 [grpc-default-executor-4] INFO  impl.RoleInfo (RoleInfo.java:updateAndGet(143)) - 1e4e1375-1b66-460f-8c99-4c341545a119: start FollowerState
2019-10-17 18:50:55,929 [Thread-1590] INFO  impl.FollowerState (FollowerState.java:run(117)) - 1e4e1375-1b66-460f-8c99-4c341545a119@group-F775CA5912AC-FollowerState was interrupted: java.lang.InterruptedException: sleep interrupted
2019-10-17 18:50:55,930 [grpc-default-executor-0] INFO  impl.RaftServerImpl (RaftServerImpl.java:setRole(184)) - daae7813-f814-475d-9647-a302a5541e36@group-F775CA5912AC: changes role from  FOLLOWER to FOLLOWER at term 97 for recognizeCandidate:a5e79c22-a35f-4e50-b1fd-e91b6a93d74d
2019-10-17 18:50:55,930 [grpc-default-executor-0] INFO  impl.RoleInfo (RoleInfo.java:shutdownFollowerState(121)) - daae7813-f814-475d-9647-a302a5541e36: shutdown FollowerState
2019-10-17 18:50:55,930 [grpc-default-executor-0] INFO  impl.RoleInfo (RoleInfo.java:updateAndGet(143)) - daae7813-f814-475d-9647-a302a5541e36: start FollowerState
2019-10-17 18:50:55,930 [Thread-1589] INFO  impl.FollowerState (FollowerState.java:run(117)) - daae7813-f814-475d-9647-a302a5541e36@group-F775CA5912AC-FollowerState was interrupted: java.lang.InterruptedException: sleep interrupted
2019-10-17 18:50:55,950 [a5e79c22-a35f-4e50-b1fd-e91b6a93d74d@group-F775CA5912AC-LeaderElection181] INFO  impl.LeaderElection (LeaderElection.java:logAndReturn(56)) - a5e79c22-a35f-4e50-b1fd-e91b6a93d74d@group-F775CA5912AC-LeaderElection181: Election REJECTED; received 2 response(s) [a5e79c22-a35f-4e50-b1fd-e91b6a93d74d<-daae7813-f814-475d-9647-a302a5541e36#0:FAIL-t97, a5e79c22-a35f-4e50-b1fd-e91b6a93d74d<-1e4e1375-1b66-460f-8c99-4c341545a119#0:FAIL-t97] and 0 exception(s); a5e79c22-a35f-4e50-b1fd-e91b6a93d74d@group-F775CA5912AC:t97, leader=null, voted=a5e79c22-a35f-4e50-b1fd-e91b6a93d74d, raftlog=a5e79c22-a35f-4e50-b1fd-e91b6a93d74d@group-F775CA5912AC-SegmentedRaftLog:OPENED:c-1,f-1,i0, conf=-1: [a5e79c22-a35f-4e50-b1fd-e91b6a93d74d:192.168.157.251:45177, daae7813-f814-475d-9647-a302a5541e36:192.168.157.251:45025, 1e4e1375-1b66-460f-8c99-4c341545a119:192.168.157.251:42113], old=null
2019-10-17 18:50:55,950 [a5e79c22-a35f-4e50-b1fd-e91b6a93d74d@group-F775CA5912AC-LeaderElection181] INFO  impl.RaftServerImpl (RaftServerImpl.java:setRole(184)) - a5e79c22-a35f-4e50-b1fd-e91b6a93d74d@group-F775CA5912AC: changes role from CANDIDATE to FOLLOWER at term 97 for DISCOVERED_A_NEW_TERM
2019-10-17 18:50:55,950 [a5e79c22-a35f-4e50-b1fd-e91b6a93d74d@group-F775CA5912AC-LeaderElection181] INFO  impl.RoleInfo (RoleInfo.java:shutdownLeaderElection(134)) - a5e79c22-a35f-4e50-b1fd-e91b6a93d74d: shutdown LeaderElection
2019-10-17 18:50:55,950 [a5e79c22-a35f-4e50-b1fd-e91b6a93d74d@group-F775CA5912AC-LeaderElection181] INFO  impl.RoleInfo (RoleInfo.java:updateAndGet(143)) - a5e79c22-a35f-4e50-b1fd-e91b6a93d74d: start FollowerState
2019-10-17 18:50:56,044 [Thread-1595] INFO  impl.FollowerState (FollowerState.java:run(108)) - a5e79c22-a35f-4e50-b1fd-e91b6a93d74d@group-F775CA5912AC-FollowerState: change to CANDIDATE, lastRpcTime:93ms, electionTimeout:93ms
2019-10-17 18:50:56,044 [Thread-1595] INFO  impl.RoleInfo (RoleInfo.java:shutdownFollowerState(121)) - a5e79c22-a35f-4e50-b1fd-e91b6a93d74d: shutdown FollowerState
2019-10-17 18:50:56,044 [Thread-1595] INFO  impl.RaftServerImpl (RaftServerImpl.java:setRole(184)) - a5e79c22-a35f-4e50-b1fd-e91b6a93d74d@group-F775CA5912AC: changes role from  FOLLOWER to CANDIDATE at term 97 for changeToCandidate
2019-10-17 18:50:56,045 [Thread-1595] INFO  impl.RoleInfo (RoleInfo.java:updateAndGet(143)) - a5e79c22-a35f-4e50-b1fd-e91b6a93d74d: start LeaderElection
2019-10-17 18:50:56,058 [Thread-1583] INFO  impl.FollowerState (FollowerState.java:run(108)) - abcd8826-c056-4817-bd0f-7af19a46d814@group-5F52F902B742-FollowerState: change to CANDIDATE, lastRpcTime:197ms, electionTimeout:197ms
2019-10-17 18:50:56,058 [Thread-1583] INFO  impl.RoleInfo (RoleInfo.java:shutdownFollowerState(121)) - abcd8826-c056-4817-bd0f-7af19a46d814: shutdown FollowerState
2019-10-17 18:50:56,058 [Thread-1583] INFO  impl.RaftServerImpl (RaftServerImpl.java:setRole(184)) - abcd8826-c056-4817-bd0f-7af19a46d814@group-5F52F902B742: changes role from  FOLLOWER to CANDIDATE at term 92 for changeToCandidate
2019-10-17 18:50:56,058 [Thread-1583] INFO  impl.RoleInfo (RoleInfo.java:updateAndGet(143)) - abcd8826-c056-4817-bd0f-7af19a46d814: start LeaderElection
2019-10-17 18:50:56,059 [a5e79c22-a35f-4e50-b1fd-e91b6a93d74d@group-F775CA5912AC-LeaderElection182] INFO  impl.LeaderElection (LeaderElection.java:askForVotes(178)) - a5e79c22-a35f-4e50-b1fd-e91b6a93d74d@group-F775CA5912AC-LeaderElection182: begin an election at term 98 for -1: [a5e79c22-a35f-4e50-b1fd-e91b6a93d74d:192.168.157.251:45177, daae7813-f814-475d-9647-a302a5541e36:192.168.157.251:45025, 1e4e1375-1b66-460f-8c99-4c341545a119:192.168.157.251:42113], old=null
2019-10-17 18:50:56,061 [abcd8826-c056-4817-bd0f-7af19a46d814@group-5F52F902B742-LeaderElection183] INFO  impl.LeaderElection (LeaderElection.java:askForVotes(178)) - abcd8826-c056-4817-bd0f-7af19a46d814@group-5F52F902B742-LeaderElection183: begin an election at term 93 for -1: [b8f04e38-0663-4b1f-8efd-f76585c6e86c:192.168.157.251:35700, abcd8826-c056-4817-bd0f-7af19a46d814:192.168.157.251:46496, 73297ffa-40cb-4e3e-b33e-1bc2c1da60f5:192.168.157.251:32952], old=null
2019-10-17 18:50:56,063 [grpc-default-executor-0] INFO  impl.RaftServerImpl (RaftServerImpl.java:setRole(184)) - daae7813-f814-475d-9647-a302a5541e36@group-F775CA5912AC: changes role from  FOLLOWER to FOLLOWER at term 98 for recognizeCandidate:a5e79c22-a35f-4e50-b1fd-e91b6a93d74d
2019-10-17 18:50:56,064 [grpc-default-executor-4] INFO  impl.RaftServerImpl (RaftServerImpl.java:setRole(184)) - 1e4e1375-1b66-460f-8c99-4c341545a119@group-F775CA5912AC: changes role from  FOLLOWER to FOLLOWER at term 98 for recognizeCandidate:a5e79c22-a35f-4e50-b1fd-e91b6a93d74d
2019-10-17 18:50:56,064 [grpc-default-executor-0] INFO  impl.RoleInfo (RoleInfo.java:shutdownFollowerState(121)) - daae7813-f814-475d-9647-a302a5541e36: shutdown FollowerState
2019-10-17 18:50:56,064 [grpc-default-executor-4] INFO  impl.RoleInfo (RoleInfo.java:shutdownFollowerState(121)) - 1e4e1375-1b66-460f-8c99-4c341545a119: shutdown FollowerState
2019-10-17 18:50:56,064 [Thread-1594] INFO  impl.FollowerState (FollowerState.java:run(117)) - daae7813-f814-475d-9647-a302a5541e36@group-F775CA5912AC-FollowerState was interrupted: java.lang.InterruptedException: sleep interrupted
2019-10-17 18:50:56,064 [grpc-default-executor-0] INFO  impl.RoleInfo (RoleInfo.java:updateAndGet(143)) - daae7813-f814-475d-9647-a302a5541e36: start FollowerState
2019-10-17 18:50:56,064 [grpc-default-executor-4] INFO  impl.RoleInfo (RoleInfo.java:updateAndGet(143)) - 1e4e1375-1b66-460f-8c99-4c341545a119: start FollowerState
2019-10-17 18:50:56,064 [Thread-1593] INFO  impl.FollowerState (FollowerState.java:run(117)) - 1e4e1375-1b66-460f-8c99-4c341545a119@group-F775CA5912AC-FollowerState was interrupted: java.lang.InterruptedException: sleep interrupted
2019-10-17 18:50:56,065 [grpc-default-executor-2] INFO  impl.RaftServerImpl (RaftServerImpl.java:setRole(184)) - 73297ffa-40cb-4e3e-b33e-1bc2c1da60f5@group-5F52F902B742: changes role from  FOLLOWER to FOLLOWER at term 93 for recognizeCandidate:abcd8826-c056-4817-bd0f-7af19a46d814
2019-10-17 18:50:56,065 [grpc-default-executor-2] INFO  impl.RoleInfo (RoleInfo.java:shutdownFollowerState(121)) - 73297ffa-40cb-4e3e-b33e-1bc2c1da60f5: shutdown FollowerState
2019-10-17 18:50:56,065 [grpc-default-executor-2] INFO  impl.RoleInfo (RoleInfo.java:updateAndGet(143)) - 73297ffa-40cb-4e3e-b33e-1bc2c1da60f5: start FollowerState
2019-10-17 18:50:56,065 [Thread-1582] INFO  impl.FollowerState (FollowerState.java:run(117)) - 73297ffa-40cb-4e3e-b33e-1bc2c1da60f5@group-5F52F902B742-FollowerState was interrupted: java.lang.InterruptedException: sleep interrupted
2019-10-17 18:50:56,066 [grpc-default-executor-6] INFO  impl.RaftServerImpl (RaftServerImpl.java:setRole(184)) - b8f04e38-0663-4b1f-8efd-f76585c6e86c@group-5F52F902B742: changes role from  FOLLOWER to FOLLOWER at term 93 for recognizeCandidate:abcd8826-c056-4817-bd0f-7af19a46d814
2019-10-17 18:50:56,066 [grpc-default-executor-6] INFO  impl.RoleInfo (RoleInfo.java:shutdownFollowerState(121)) - b8f04e38-0663-4b1f-8efd-f76585c6e86c: shutdown FollowerState
2019-10-17 18:50:56,066 [grpc-default-executor-6] INFO  impl.RoleInfo (RoleInfo.java:updateAndGet(143)) - b8f04e38-0663-4b1f-8efd-f76585c6e86c: start FollowerState
2019-10-17 18:50:56,066 [Thread-1581] INFO  impl.FollowerState (FollowerState.java:run(117)) - b8f04e38-0663-4b1f-8efd-f76585c6e86c@group-5F52F902B742-FollowerState was interrupted: java.lang.InterruptedException: sleep interrupted
2019-10-17 18:50:56,079 [a5e79c22-a35f-4e50-b1fd-e91b6a93d74d@group-F775CA5912AC-LeaderElection182] INFO  impl.LeaderElection (LeaderElection.java:logAndReturn(56)) - a5e79c22-a35f-4e50-b1fd-e91b6a93d74d@group-F775CA5912AC-LeaderElection182: Election REJECTED; received 2 response(s) [a5e79c22-a35f-4e50-b1fd-e91b6a93d74d<-daae7813-f814-475d-9647-a302a5541e36#0:FAIL-t98, a5e79c22-a35f-4e50-b1fd-e91b6a93d74d<-1e4e1375-1b66-460f-8c99-4c341545a119#0:FAIL-t98] and 0 exception(s); a5e79c22-a35f-4e50-b1fd-e91b6a93d74d@group-F775CA5912AC:t98, leader=null, voted=a5e79c22-a35f-4e50-b1fd-e91b6a93d74d, raftlog=a5e79c22-a35f-4e50-b1fd-e91b6a93d74d@group-F775CA5912AC-SegmentedRaftLog:OPENED:c-1,f-1,i0, conf=-1: [a5e79c22-a35f-4e50-b1fd-e91b6a93d74d:192.168.157.251:45177, daae7813-f814-475d-9647-a302a5541e36:192.168.157.251:45025, 1e4e1375-1b66-460f-8c99-4c341545a119:192.168.157.251:42113], old=null
2019-10-17 18:50:56,079 [abcd8826-c056-4817-bd0f-7af19a46d814@group-5F52F902B742-LeaderElection183] INFO  impl.LeaderElection (LeaderElection.java:logAndReturn(56)) - abcd8826-c056-4817-bd0f-7af19a46d814@group-5F52F902B742-LeaderElection183: Election REJECTED; received 2 response(s) [abcd8826-c056-4817-bd0f-7af19a46d814<-b8f04e38-0663-4b1f-8efd-f76585c6e86c#0:FAIL-t93, abcd8826-c056-4817-bd0f-7af19a46d814<-73297ffa-40cb-4e3e-b33e-1bc2c1da60f5#0:FAIL-t93] and 0 exception(s); abcd8826-c056-4817-bd0f-7af19a46d814@group-5F52F902B742:t93, leader=null, voted=abcd8826-c056-4817-bd0f-7af19a46d814, raftlog=abcd8826-c056-4817-bd0f-7af19a46d814@group-5F52F902B742-SegmentedRaftLog:OPENED:c-1,f-1,i0, conf=-1: [b8f04e38-0663-4b1f-8efd-f76585c6e86c:192.168.157.251:35700, abcd8826-c056-4817-bd0f-7af19a46d814:192.168.157.251:46496, 73297ffa-40cb-4e3e-b33e-1bc2c1da60f5:192.168.157.251:32952], old=null
2019-10-17 18:50:56,079 [a5e79c22-a35f-4e50-b1fd-e91b6a93d74d@group-F775CA5912AC-LeaderElection182] INFO  impl.RaftServerImpl (RaftServerImpl.java:setRole(184)) - a5e79c22-a35f-4e50-b1fd-e91b6a93d74d@group-F775CA5912AC: changes role from CANDIDATE to FOLLOWER at term 98 for DISCOVERED_A_NEW_TERM
2019-10-17 18:50:56,079 [abcd8826-c056-4817-bd0f-7af19a46d814@group-5F52F902B742-LeaderElection183] INFO  impl.RaftServerImpl (RaftServerImpl.java:setRole(184)) - abcd8826-c056-4817-bd0f-7af19a46d814@group-5F52F902B742: changes role from CANDIDATE to FOLLOWER at term 93 for DISCOVERED_A_NEW_TERM
2019-10-17 18:50:56,079 [a5e79c22-a35f-4e50-b1fd-e91b6a93d74d@group-F775CA5912AC-LeaderElection182] INFO  impl.RoleInfo (RoleInfo.java:shutdownLeaderElection(134)) - a5e79c22-a35f-4e50-b1fd-e91b6a93d74d: shutdown LeaderElection
2019-10-17 18:50:56,080 [abcd8826-c056-4817-bd0f-7af19a46d814@group-5F52F902B742-LeaderElection183] INFO  impl.RoleInfo (RoleInfo.java:shutdownLeaderElection(134)) - abcd8826-c056-4817-bd0f-7af19a46d814: shutdown LeaderElection
2019-10-17 18:50:56,080 [a5e79c22-a35f-4e50-b1fd-e91b6a93d74d@group-F775CA5912AC-LeaderElection182] INFO  impl.RoleInfo (RoleInfo.java:updateAndGet(143)) - a5e79c22-a35f-4e50-b1fd-e91b6a93d74d: start FollowerState
2019-10-17 18:50:56,080 [abcd8826-c056-4817-bd0f-7af19a46d814@group-5F52F902B742-LeaderElection183] INFO  impl.RoleInfo (RoleInfo.java:updateAndGet(143)) - abcd8826-c056-4817-bd0f-7af19a46d814: start FollowerState
2019-10-17 18:50:56,149 [Thread-1608] INFO  impl.FollowerState (FollowerState.java:run(108)) - a5e79c22-a35f-4e50-b1fd-e91b6a93d74d@group-F775CA5912AC-FollowerState: change to CANDIDATE, lastRpcTime:69ms, electionTimeout:69ms
2019-10-17 18:50:56,149 [Thread-1608] INFO  impl.RoleInfo (RoleInfo.java:shutdownFollowerState(121)) - a5e79c22-a35f-4e50-b1fd-e91b6a93d74d: shutdown FollowerState
2019-10-17 18:50:56,149 [Thread-1608] INFO  impl.RaftServerImpl (RaftServerImpl.java:setRole(184)) - a5e79c22-a35f-4e50-b1fd-e91b6a93d74d@group-F775CA5912AC: changes role from  FOLLOWER to CANDIDATE at term 98 for changeToCandidate
2019-10-17 18:50:56,150 [Thread-1608] INFO  impl.RoleInfo (RoleInfo.java:updateAndGet(143)) - a5e79c22-a35f-4e50-b1fd-e91b6a93d74d: start LeaderElection
2019-10-17 18:50:56,164 [a5e79c22-a35f-4e50-b1fd-e91b6a93d74d@group-F775CA5912AC-LeaderElection184] INFO  impl.LeaderElection (LeaderElection.java:askForVotes(178)) - a5e79c22-a35f-4e50-b1fd-e91b6a93d74d@group-F775CA5912AC-LeaderElection184: begin an election at term 99 for -1: [a5e79c22-a35f-4e50-b1fd-e91b6a93d74d:192.168.157.251:45177, daae7813-f814-475d-9647-a302a5541e36:192.168.157.251:45025, 1e4e1375-1b66-460f-8c99-4c341545a119:192.168.157.251:42113], old=null
2019-10-17 18:50:56,167 [grpc-default-executor-0] INFO  impl.RaftServerImpl (RaftServerImpl.java:setRole(184)) - 1e4e1375-1b66-460f-8c99-4c341545a119@group-F775CA5912AC: changes role from  FOLLOWER to FOLLOWER at term 99 for recognizeCandidate:a5e79c22-a35f-4e50-b1fd-e91b6a93d74d
2019-10-17 18:50:56,168 [grpc-default-executor-0] INFO  impl.RoleInfo (RoleInfo.java:shutdownFollowerState(121)) - 1e4e1375-1b66-460f-8c99-4c341545a119: shutdown FollowerState
2019-10-17 18:50:56,168 [grpc-default-executor-4] INFO  impl.RaftServerImpl (RaftServerImpl.java:setRole(184)) - daae7813-f814-475d-9647-a302a5541e36@group-F775CA5912AC: changes role from  FOLLOWER to FOLLOWER at term 99 for recognizeCandidate:a5e79c22-a35f-4e50-b1fd-e91b6a93d74d
2019-10-17 18:50:56,168 [Thread-1605] INFO  impl.FollowerState (FollowerState.java:run(117)) - 1e4e1375-1b66-460f-8c99-4c341545a119@group-F775CA5912AC-FollowerState was interrupted: java.lang.InterruptedException: sleep interrupted
2019-10-17 18:50:56,168 [grpc-default-executor-0] INFO  impl.RoleInfo (RoleInfo.java:updateAndGet(143)) - 1e4e1375-1b66-460f-8c99-4c341545a119: start FollowerState
2019-10-17 18:50:56,168 [grpc-default-executor-4] INFO  impl.RoleInfo (RoleInfo.java:shutdownFollowerState(121)) - daae7813-f814-475d-9647-a302a5541e36: shutdown FollowerState
2019-10-17 18:50:56,169 [grpc-default-executor-4] INFO  impl.RoleInfo (RoleInfo.java:updateAndGet(143)) - daae7813-f814-475d-9647-a302a5541e36: start FollowerState
2019-10-17 18:50:56,169 [Thread-1604] INFO  impl.FollowerState (FollowerState.java:run(117)) - daae7813-f814-475d-9647-a302a5541e36@group-F775CA5912AC-FollowerState was interrupted: java.lang.InterruptedException: sleep interrupted
2019-10-17 18:50:56,180 [a5e79c22-a35f-4e50-b1fd-e91b6a93d74d@group-F775CA5912AC-LeaderElection184] INFO  impl.LeaderElection (LeaderElection.java:logAndReturn(56)) - a5e79c22-a35f-4e50-b1fd-e91b6a93d74d@group-F775CA5912AC-LeaderElection184: Election REJECTED; received 2 response(s) [a5e79c22-a35f-4e50-b1fd-e91b6a93d74d<-daae7813-f814-475d-9647-a302a5541e36#0:FAIL-t99, a5e79c22-a35f-4e50-b1fd-e91b6a93d74d<-1e4e1375-1b66-460f-8c99-4c341545a119#0:FAIL-t99] and 0 exception(s); a5e79c22-a35f-4e50-b1fd-e91b6a93d74d@group-F775CA5912AC:t99, leader=null, voted=a5e79c22-a35f-4e50-b1fd-e91b6a93d74d, raftlog=a5e79c22-a35f-4e50-b1fd-e91b6a93d74d@group-F775CA5912AC-SegmentedRaftLog:OPENED:c-1,f-1,i0, conf=-1: [a5e79c22-a35f-4e50-b1fd-e91b6a93d74d:192.168.157.251:45177, daae7813-f814-475d-9647-a302a5541e36:192.168.157.251:45025, 1e4e1375-1b66-460f-8c99-4c341545a119:192.168.157.251:42113], old=null
2019-10-17 18:50:56,180 [a5e79c22-a35f-4e50-b1fd-e91b6a93d74d@group-F775CA5912AC-LeaderElection184] INFO  impl.RaftServerImpl (RaftServerImpl.java:setRole(184)) - a5e79c22-a35f-4e50-b1fd-e91b6a93d74d@group-F775CA5912AC: changes role from CANDIDATE to FOLLOWER at term 99 for DISCOVERED_A_NEW_TERM
2019-10-17 18:50:56,180 [a5e79c22-a35f-4e50-b1fd-e91b6a93d74d@group-F775CA5912AC-LeaderElection184] INFO  impl.RoleInfo (RoleInfo.java:shutdownLeaderElection(134)) - a5e79c22-a35f-4e50-b1fd-e91b6a93d74d: shutdown LeaderElection
2019-10-17 18:50:56,180 [a5e79c22-a35f-4e50-b1fd-e91b6a93d74d@group-F775CA5912AC-LeaderElection184] INFO  impl.RoleInfo (RoleInfo.java:updateAndGet(143)) - a5e79c22-a35f-4e50-b1fd-e91b6a93d74d: start FollowerState
2019-10-17 18:50:56,182 [Thread-1609] INFO  impl.FollowerState (FollowerState.java:run(108)) - abcd8826-c056-4817-bd0f-7af19a46d814@group-5F52F902B742-FollowerState: change to CANDIDATE, lastRpcTime:102ms, electionTimeout:102ms
2019-10-17 18:50:56,182 [Thread-1609] INFO  impl.RoleInfo (RoleInfo.java:shutdownFollowerState(121)) - abcd8826-c056-4817-bd0f-7af19a46d814: shutdown FollowerState
2019-10-17 18:50:56,182 [Thread-1609] INFO  impl.RaftServerImpl (RaftServerImpl.java:setRole(184)) - abcd8826-c056-4817-bd0f-7af19a46d814@group-5F52F902B742: changes role from  FOLLOWER to CANDIDATE at term 93 for changeToCandidate
2019-10-17 18:50:56,183 [Thread-1609] INFO  impl.RoleInfo (RoleInfo.java:updateAndGet(143)) - abcd8826-c056-4817-bd0f-7af19a46d814: start LeaderElection
2019-10-17 18:50:56,207 [abcd8826-c056-4817-bd0f-7af19a46d814@group-5F52F902B742-LeaderElection185] INFO  impl.LeaderElection (LeaderElection.java:askForVotes(178)) - abcd8826-c056-4817-bd0f-7af19a46d814@group-5F52F902B742-LeaderElection185: begin an election at term 94 for -1: [b8f04e38-0663-4b1f-8efd-f76585c6e86c:192.168.157.251:35700, abcd8826-c056-4817-bd0f-7af19a46d814:192.168.157.251:46496, 73297ffa-40cb-4e3e-b33e-1bc2c1da60f5:192.168.157.251:32952], old=null
2019-10-17 18:50:56,210 [grpc-default-executor-4] INFO  impl.RaftServerImpl (RaftServerImpl.java:setRole(184)) - 73297ffa-40cb-4e3e-b33e-1bc2c1da60f5@group-5F52F902B742: changes role from  FOLLOWER to FOLLOWER at term 94 for recognizeCandidate:abcd8826-c056-4817-bd0f-7af19a46d814
2019-10-17 18:50:56,210 [grpc-default-executor-4] INFO  impl.RoleInfo (RoleInfo.java:shutdownFollowerState(121)) - 73297ffa-40cb-4e3e-b33e-1bc2c1da60f5: shutdown FollowerState
2019-10-17 18:50:56,210 [grpc-default-executor-4] INFO  impl.RoleInfo (RoleInfo.java:updateAndGet(143)) - 73297ffa-40cb-4e3e-b33e-1bc2c1da60f5: start FollowerState
2019-10-17 18:50:56,210 [Thread-1606] INFO  impl.FollowerState (FollowerState.java:run(117)) - 73297ffa-40cb-4e3e-b33e-1bc2c1da60f5@group-5F52F902B742-FollowerState was interrupted: java.lang.InterruptedException: sleep interrupted
2019-10-17 18:50:56,210 [grpc-default-executor-0] INFO  impl.RaftServerImpl (RaftServerImpl.java:setRole(184)) - b8f04e38-0663-4b1f-8efd-f76585c6e86c@group-5F52F902B742: changes role from  FOLLOWER to FOLLOWER at term 94 for recognizeCandidate:abcd8826-c056-4817-bd0f-7af19a46d814
2019-10-17 18:50:56,210 [grpc-default-executor-0] INFO  impl.RoleInfo (RoleInfo.java:shutdownFollowerState(121)) - b8f04e38-0663-4b1f-8efd-f76585c6e86c: shutdown FollowerState
2019-10-17 18:50:56,211 [grpc-default-executor-0] INFO  impl.RoleInfo (RoleInfo.java:updateAndGet(143)) - b8f04e38-0663-4b1f-8efd-f76585c6e86c: start FollowerState
2019-10-17 18:50:56,211 [Thread-1607] INFO  impl.FollowerState (FollowerState.java:run(117)) - b8f04e38-0663-4b1f-8efd-f76585c6e86c@group-5F52F902B742-FollowerState was interrupted: java.lang.InterruptedException: sleep interrupted
2019-10-17 18:50:56,218 [abcd8826-c056-4817-bd0f-7af19a46d814@group-5F52F902B742-LeaderElection185] INFO  impl.LeaderElection (LeaderElection.java:logAndReturn(56)) - abcd8826-c056-4817-bd0f-7af19a46d814@group-5F52F902B742-LeaderElection185: Election TIMEOUT; received 0 response(s) [] and 0 exception(s); abcd8826-c056-4817-bd0f-7af19a46d814@group-5F52F902B742:t94, leader=null, voted=abcd8826-c056-4817-bd0f-7af19a46d814, raftlog=abcd8826-c056-4817-bd0f-7af19a46d814@group-5F52F902B742-SegmentedRaftLog:OPENED:c-1,f-1,i0, conf=-1: [b8f04e38-0663-4b1f-8efd-f76585c6e86c:192.168.157.251:35700, abcd8826-c056-4817-bd0f-7af19a46d814:192.168.157.251:46496, 73297ffa-40cb-4e3e-b33e-1bc2c1da60f5:192.168.157.251:32952], old=null
2019-10-17 18:50:56,236 [abcd8826-c056-4817-bd0f-7af19a46d814@group-5F52F902B742-LeaderElection185] INFO  impl.LeaderElection (LeaderElection.java:askForVotes(178)) - abcd8826-c056-4817-bd0f-7af19a46d814@group-5F52F902B742-LeaderElection185: begin an election at term 95 for -1: [b8f04e38-0663-4b1f-8efd-f76585c6e86c:192.168.157.251:35700, abcd8826-c056-4817-bd0f-7af19a46d814:192.168.157.251:46496, 73297ffa-40cb-4e3e-b33e-1bc2c1da60f5:192.168.157.251:32952], old=null
2019-10-17 18:50:56,238 [grpc-default-executor-0] INFO  impl.RaftServerImpl (RaftServerImpl.java:setRole(184)) - b8f04e38-0663-4b1f-8efd-f76585c6e86c@group-5F52F902B742: changes role from  FOLLOWER to FOLLOWER at term 95 for recognizeCandidate:abcd8826-c056-4817-bd0f-7af19a46d814
2019-10-17 18:50:56,239 [grpc-default-executor-0] INFO  impl.RoleInfo (RoleInfo.java:shutdownFollowerState(121)) - b8f04e38-0663-4b1f-8efd-f76585c6e86c: shutdown FollowerState
2019-10-17 18:50:56,239 [grpc-default-executor-0] INFO  impl.RoleInfo (RoleInfo.java:updateAndGet(143)) - b8f04e38-0663-4b1f-8efd-f76585c6e86c: start FollowerState
2019-10-17 18:50:56,239 [Thread-1620] INFO  impl.FollowerState (FollowerState.java:run(117)) - b8f04e38-0663-4b1f-8efd-f76585c6e86c@group-5F52F902B742-FollowerState was interrupted: java.lang.InterruptedException: sleep interrupted
2019-10-17 18:50:56,239 [grpc-default-executor-4] INFO  impl.RaftServerImpl (RaftServerImpl.java:setRole(184)) - 73297ffa-40cb-4e3e-b33e-1bc2c1da60f5@group-5F52F902B742: changes role from  FOLLOWER to FOLLOWER at term 95 for recognizeCandidate:abcd8826-c056-4817-bd0f-7af19a46d814
2019-10-17 18:50:56,239 [grpc-default-executor-4] INFO  impl.RoleInfo (RoleInfo.java:shutdownFollowerState(121)) - 73297ffa-40cb-4e3e-b33e-1bc2c1da60f5: shutdown FollowerState
2019-10-17 18:50:56,239 [grpc-default-executor-4] INFO  impl.RoleInfo (RoleInfo.java:updateAndGet(143)) - 73297ffa-40cb-4e3e-b33e-1bc2c1da60f5: start FollowerState
2019-10-17 18:50:56,239 [Thread-1619] INFO  impl.FollowerState (FollowerState.java:run(117)) - 73297ffa-40cb-4e3e-b33e-1bc2c1da60f5@group-5F52F902B742-FollowerState was interrupted: java.lang.InterruptedException: sleep interrupted
2019-10-17 18:50:56,252 [abcd8826-c056-4817-bd0f-7af19a46d814@group-5F52F902B742-LeaderElection185] INFO  impl.LeaderElection (LeaderElection.java:logAndReturn(56)) - abcd8826-c056-4817-bd0f-7af19a46d814@group-5F52F902B742-LeaderElection185: Election TIMEOUT; received 0 response(s) [] and 0 exception(s); abcd8826-c056-4817-bd0f-7af19a46d814@group-5F52F902B742:t95, leader=null, voted=abcd8826-c056-4817-bd0f-7af19a46d814, raftlog=abcd8826-c056-4817-bd0f-7af19a46d814@group-5F52F902B742-SegmentedRaftLog:OPENED:c-1,f-1,i0, conf=-1: [b8f04e38-0663-4b1f-8efd-f76585c6e86c:192.168.157.251:35700, abcd8826-c056-4817-bd0f-7af19a46d814:192.168.157.251:46496, 73297ffa-40cb-4e3e-b33e-1bc2c1da60f5:192.168.157.251:32952], old=null
2019-10-17 18:50:56,268 [abcd8826-c056-4817-bd0f-7af19a46d814@group-5F52F902B742-LeaderElection185] INFO  impl.LeaderElection (LeaderElection.java:askForVotes(178)) - abcd8826-c056-4817-bd0f-7af19a46d814@group-5F52F902B742-LeaderElection185: begin an election at term 96 for -1: [b8f04e38-0663-4b1f-8efd-f76585c6e86c:192.168.157.251:35700, abcd8826-c056-4817-bd0f-7af19a46d814:192.168.157.251:46496, 73297ffa-40cb-4e3e-b33e-1bc2c1da60f5:192.168.157.251:32952], old=null
2019-10-17 18:50:56,270 [grpc-default-executor-4] INFO  impl.RaftServerImpl (RaftServerImpl.java:setRole(184)) - 73297ffa-40cb-4e3e-b33e-1bc2c1da60f5@group-5F52F902B742: changes role from  FOLLOWER to FOLLOWER at term 96 for recognizeCandidate:abcd8826-c056-4817-bd0f-7af19a46d814
2019-10-17 18:50:56,270 [grpc-default-executor-0] INFO  impl.RaftServerImpl (RaftServerImpl.java:setRole(184)) - b8f04e38-0663-4b1f-8efd-f76585c6e86c@group-5F52F902B742: changes role from  FOLLOWER to FOLLOWER at term 96 for recognizeCandidate:abcd8826-c056-4817-bd0f-7af19a46d814
2019-10-17 18:50:56,271 [grpc-default-executor-0] INFO  impl.RoleInfo (RoleInfo.java:shutdownFollowerState(121)) - b8f04e38-0663-4b1f-8efd-f76585c6e86c: shutdown FollowerState
2019-10-17 18:50:56,271 [grpc-default-executor-4] INFO  impl.RoleInfo (RoleInfo.java:shutdownFollowerState(121)) - 73297ffa-40cb-4e3e-b33e-1bc2c1da60f5: shutdown FollowerState
2019-10-17 18:50:56,271 [grpc-default-executor-0] INFO  impl.RoleInfo (RoleInfo.java:updateAndGet(143)) - b8f04e38-0663-4b1f-8efd-f76585c6e86c: start FollowerState
2019-10-17 18:50:56,271 [Thread-1623] INFO  impl.FollowerState (FollowerState.java:run(117)) - b8f04e38-0663-4b1f-8efd-f76585c6e86c@group-5F52F902B742-FollowerState was interrupted: java.lang.InterruptedException: sleep interrupted
2019-10-17 18:50:56,271 [grpc-default-executor-4] INFO  impl.RoleInfo (RoleInfo.java:updateAndGet(143)) - 73297ffa-40cb-4e3e-b33e-1bc2c1da60f5: start FollowerState
2019-10-17 18:50:56,271 [Thread-1624] INFO  impl.FollowerState (FollowerState.java:run(117)) - 73297ffa-40cb-4e3e-b33e-1bc2c1da60f5@group-5F52F902B742-FollowerState was interrupted: java.lang.InterruptedException: sleep interrupted
2019-10-17 18:50:56,275 [abcd8826-c056-4817-bd0f-7af19a46d814@group-5F52F902B742-LeaderElection185] INFO  impl.LeaderElection (LeaderElection.java:logAndReturn(56)) - abcd8826-c056-4817-bd0f-7af19a46d814@group-5F52F902B742-LeaderElection185: Election TIMEOUT; received 0 response(s) [] and 0 exception(s); abcd8826-c056-4817-bd0f-7af19a46d814@group-5F52F902B742:t96, leader=null, voted=abcd8826-c056-4817-bd0f-7af19a46d814, raftlog=abcd8826-c056-4817-bd0f-7af19a46d814@group-5F52F902B742-SegmentedRaftLog:OPENED:c-1,f-1,i0, conf=-1: [b8f04e38-0663-4b1f-8efd-f76585c6e86c:192.168.157.251:35700, abcd8826-c056-4817-bd0f-7af19a46d814:192.168.157.251:46496, 73297ffa-40cb-4e3e-b33e-1bc2c1da60f5:192.168.157.251:32952], old=null
2019-10-17 18:50:56,297 [abcd8826-c056-4817-bd0f-7af19a46d814@group-5F52F902B742-LeaderElection185] INFO  impl.LeaderElection (LeaderElection.java:askForVotes(178)) - abcd8826-c056-4817-bd0f-7af19a46d814@group-5F52F902B742-LeaderElection185: begin an election at term 97 for -1: [b8f04e38-0663-4b1f-8efd-f76585c6e86c:192.168.157.251:35700, abcd8826-c056-4817-bd0f-7af19a46d814:192.168.157.251:46496, 73297ffa-40cb-4e3e-b33e-1bc2c1da60f5:192.168.157.251:32952], old=null
2019-10-17 18:50:56,299 [grpc-default-executor-0] INFO  impl.RaftServerImpl (RaftServerImpl.java:setRole(184)) - b8f04e38-0663-4b1f-8efd-f76585c6e86c@group-5F52F902B742: changes role from  FOLLOWER to FOLLOWER at term 97 for recognizeCandidate:abcd8826-c056-4817-bd0f-7af19a46d814
2019-10-17 18:50:56,300 [grpc-default-executor-0] INFO  impl.RoleInfo (RoleInfo.java:shutdownFollowerState(121)) - b8f04e38-0663-4b1f-8efd-f76585c6e86c: shutdown FollowerState
2019-10-17 18:50:56,299 [grpc-default-executor-4] INFO  impl.RaftServerImpl (RaftServerImpl.java:setRole(184)) - 73297ffa-40cb-4e3e-b33e-1bc2c1da60f5@group-5F52F902B742: changes role from  FOLLOWER to FOLLOWER at term 97 for recognizeCandidate:abcd8826-c056-4817-bd0f-7af19a46d814
2019-10-17 18:50:56,300 [Thread-1627] INFO  impl.FollowerState (FollowerState.java:run(117)) - b8f04e38-0663-4b1f-8efd-f76585c6e86c@group-5F52F902B742-FollowerState was interrupted: java.lang.InterruptedException: sleep interrupted
2019-10-17 18:50:56,300 [grpc-default-executor-0] INFO  impl.RoleInfo (RoleInfo.java:updateAndGet(143)) - b8f04e38-0663-4b1f-8efd-f76585c6e86c: start FollowerState
2019-10-17 18:50:56,300 [grpc-default-executor-4] INFO  impl.RoleInfo (RoleInfo.java:shutdownFollowerState(121)) - 73297ffa-40cb-4e3e-b33e-1bc2c1da60f5: shutdown FollowerState
2019-10-17 18:50:56,300 [grpc-default-executor-4] INFO  impl.RoleInfo (RoleInfo.java:updateAndGet(143)) - 73297ffa-40cb-4e3e-b33e-1bc2c1da60f5: start FollowerState
2019-10-17 18:50:56,300 [Thread-1628] INFO  impl.FollowerState (FollowerState.java:run(117)) - 73297ffa-40cb-4e3e-b33e-1bc2c1da60f5@group-5F52F902B742-FollowerState was interrupted: java.lang.InterruptedException: sleep interrupted
2019-10-17 18:50:56,326 [abcd8826-c056-4817-bd0f-7af19a46d814@group-5F52F902B742-LeaderElection185] INFO  impl.LeaderElection (LeaderElection.java:logAndReturn(56)) - abcd8826-c056-4817-bd0f-7af19a46d814@group-5F52F902B742-LeaderElection185: Election REJECTED; received 2 response(s) [abcd8826-c056-4817-bd0f-7af19a46d814<-b8f04e38-0663-4b1f-8efd-f76585c6e86c#0:FAIL-t97, abcd8826-c056-4817-bd0f-7af19a46d814<-73297ffa-40cb-4e3e-b33e-1bc2c1da60f5#0:FAIL-t97] and 0 exception(s); abcd8826-c056-4817-bd0f-7af19a46d814@group-5F52F902B742:t97, leader=null, voted=abcd8826-c056-4817-bd0f-7af19a46d814, raftlog=abcd8826-c056-4817-bd0f-7af19a46d814@group-5F52F902B742-SegmentedRaftLog:OPENED:c-1,f-1,i0, conf=-1: [b8f04e38-0663-4b1f-8efd-f76585c6e86c:192.168.157.251:35700, abcd8826-c056-4817-bd0f-7af19a46d814:192.168.157.251:46496, 73297ffa-40cb-4e3e-b33e-1bc2c1da60f5:192.168.157.251:32952], old=null
2019-10-17 18:50:56,326 [abcd8826-c056-4817-bd0f-7af19a46d814@group-5F52F902B742-LeaderElection185] INFO  impl.RaftServerImpl (RaftServerImpl.java:setRole(184)) - abcd8826-c056-4817-bd0f-7af19a46d814@group-5F52F902B742: changes role from CANDIDATE to FOLLOWER at term 97 for DISCOVERED_A_NEW_TERM
2019-10-17 18:50:56,326 [abcd8826-c056-4817-bd0f-7af19a46d814@group-5F52F902B742-LeaderElection185] INFO  impl.RoleInfo (RoleInfo.java:shutdownLeaderElection(134)) - abcd8826-c056-4817-bd0f-7af19a46d814: shutdown LeaderElection
2019-10-17 18:50:56,326 [abcd8826-c056-4817-bd0f-7af19a46d814@group-5F52F902B742-LeaderElection185] INFO  impl.RoleInfo (RoleInfo.java:updateAndGet(143)) - abcd8826-c056-4817-bd0f-7af19a46d814: start FollowerState
2019-10-17 18:50:56,348 [Thread-1633] INFO  impl.FollowerState (FollowerState.java:run(108)) - abcd8826-c056-4817-bd0f-7af19a46d814@group-5F52F902B742-FollowerState: change to CANDIDATE, lastRpcTime:21ms, electionTimeout:21ms
2019-10-17 18:50:56,348 [Thread-1633] INFO  impl.RoleInfo (RoleInfo.java:shutdownFollowerState(121)) - abcd8826-c056-4817-bd0f-7af19a46d814: shutdown FollowerState
2019-10-17 18:50:56,348 [Thread-1633] INFO  impl.RaftServerImpl (RaftServerImpl.java:setRole(184)) - abcd8826-c056-4817-bd0f-7af19a46d814@group-5F52F902B742: changes role from  FOLLOWER to CANDIDATE at term 97 for changeToCandidate
2019-10-17 18:50:56,348 [Thread-1633] INFO  impl.RoleInfo (RoleInfo.java:updateAndGet(143)) - abcd8826-c056-4817-bd0f-7af19a46d814: start LeaderElection
2019-10-17 18:50:56,350 [Thread-1615] INFO  impl.FollowerState (FollowerState.java:run(108)) - a5e79c22-a35f-4e50-b1fd-e91b6a93d74d@group-F775CA5912AC-FollowerState: change to CANDIDATE, lastRpcTime:169ms, electionTimeout:169ms
2019-10-17 18:50:56,350 [Thread-1615] INFO  impl.RoleInfo (RoleInfo.java:shutdownFollowerState(121)) - a5e79c22-a35f-4e50-b1fd-e91b6a93d74d: shutdown FollowerState
2019-10-17 18:50:56,350 [Thread-1615] INFO  impl.RaftServerImpl (RaftServerImpl.java:setRole(184)) - a5e79c22-a35f-4e50-b1fd-e91b6a93d74d@group-F775CA5912AC: changes role from  FOLLOWER to CANDIDATE at term 99 for changeToCandidate
2019-10-17 18:50:56,350 [Thread-1615] INFO  impl.RoleInfo (RoleInfo.java:updateAndGet(143)) - a5e79c22-a35f-4e50-b1fd-e91b6a93d74d: start LeaderElection
2019-10-17 18:50:56,375 [a5e79c22-a35f-4e50-b1fd-e91b6a93d74d@group-F775CA5912AC-LeaderElection187] INFO  impl.LeaderElection (LeaderElection.java:askForVotes(178)) - a5e79c22-a35f-4e50-b1fd-e91b6a93d74d@group-F775CA5912AC-LeaderElection187: begin an election at term 100 for -1: [a5e79c22-a35f-4e50-b1fd-e91b6a93d74d:192.168.157.251:45177, daae7813-f814-475d-9647-a302a5541e36:192.168.157.251:45025, 1e4e1375-1b66-460f-8c99-4c341545a119:192.168.157.251:42113], old=null
2019-10-17 18:50:56,375 [abcd8826-c056-4817-bd0f-7af19a46d814@group-5F52F902B742-LeaderElection186] INFO  impl.LeaderElection (LeaderElection.java:askForVotes(178)) - abcd8826-c056-4817-bd0f-7af19a46d814@group-5F52F902B742-LeaderElection186: begin an election at term 98 for -1: [b8f04e38-0663-4b1f-8efd-f76585c6e86c:192.168.157.251:35700, abcd8826-c056-4817-bd0f-7af19a46d814:192.168.157.251:46496, 73297ffa-40cb-4e3e-b33e-1bc2c1da60f5:192.168.157.251:32952], old=null
2019-10-17 18:50:56,378 [grpc-default-executor-0] INFO  impl.RaftServerImpl (RaftServerImpl.java:setRole(184)) - 73297ffa-40cb-4e3e-b33e-1bc2c1da60f5@group-5F52F902B742: changes role from  FOLLOWER to FOLLOWER at term 98 for recognizeCandidate:abcd8826-c056-4817-bd0f-7af19a46d814
2019-10-17 18:50:56,379 [grpc-default-executor-0] INFO  impl.RoleInfo (RoleInfo.java:shutdownFollowerState(121)) - 73297ffa-40cb-4e3e-b33e-1bc2c1da60f5: shutdown FollowerState
2019-10-17 18:50:56,379 [grpc-default-executor-0] INFO  impl.RoleInfo (RoleInfo.java:updateAndGet(143)) - 73297ffa-40cb-4e3e-b33e-1bc2c1da60f5: start FollowerState
2019-10-17 18:50:56,379 [grpc-default-executor-4] INFO  impl.RaftServerImpl (RaftServerImpl.java:setRole(184)) - 1e4e1375-1b66-460f-8c99-4c341545a119@group-F775CA5912AC: changes role from  FOLLOWER to FOLLOWER at term 100 for recognizeCandidate:a5e79c22-a35f-4e50-b1fd-e91b6a93d74d
2019-10-17 18:50:56,379 [grpc-default-executor-4] INFO  impl.RoleInfo (RoleInfo.java:shutdownFollowerState(121)) - 1e4e1375-1b66-460f-8c99-4c341545a119: shutdown FollowerState
2019-10-17 18:50:56,379 [Thread-1632] INFO  impl.FollowerState (FollowerState.java:run(117)) - 73297ffa-40cb-4e3e-b33e-1bc2c1da60f5@group-5F52F902B742-FollowerState was interrupted: java.lang.InterruptedException: sleep interrupted
2019-10-17 18:50:56,379 [Thread-1613] INFO  impl.FollowerState (FollowerState.java:run(117)) - 1e4e1375-1b66-460f-8c99-4c341545a119@group-F775CA5912AC-FollowerState was interrupted: java.lang.InterruptedException: sleep interrupted
2019-10-17 18:50:56,379 [grpc-default-executor-4] INFO  impl.RoleInfo (RoleInfo.java:updateAndGet(143)) - 1e4e1375-1b66-460f-8c99-4c341545a119: start FollowerState
2019-10-17 18:50:56,379 [grpc-default-executor-2] INFO  impl.RaftServerImpl (RaftServerImpl.java:setRole(184)) - daae7813-f814-475d-9647-a302a5541e36@group-F775CA5912AC: changes role from  FOLLOWER to FOLLOWER at term 100 for recognizeCandidate:a5e79c22-a35f-4e50-b1fd-e91b6a93d74d
2019-10-17 18:50:56,380 [grpc-default-executor-6] INFO  impl.RaftServerImpl (RaftServerImpl.java:setRole(184)) - b8f04e38-0663-4b1f-8efd-f76585c6e86c@group-5F52F902B742: changes role from  FOLLOWER to FOLLOWER at term 98 for recognizeCandidate:abcd8826-c056-4817-bd0f-7af19a46d814
2019-10-17 18:50:56,380 [grpc-default-executor-6] INFO  impl.RoleInfo (RoleInfo.java:shutdownFollowerState(121)) - b8f04e38-0663-4b1f-8efd-f76585c6e86c: shutdown FollowerState
2019-10-17 18:50:56,380 [grpc-default-executor-2] INFO  impl.RoleInfo (RoleInfo.java:shutdownFollowerState(121)) - daae7813-f814-475d-9647-a302a5541e36: shutdown FollowerState
2019-10-17 18:50:56,380 [Thread-1631] INFO  impl.FollowerState (FollowerState.java:run(117)) - b8f04e38-0663-4b1f-8efd-f76585c6e86c@group-5F52F902B742-FollowerState was interrupted: java.lang.InterruptedException: sleep interrupted
2019-10-17 18:50:56,380 [grpc-default-executor-6] INFO  impl.RoleInfo (RoleInfo.java:updateAndGet(143)) - b8f04e38-0663-4b1f-8efd-f76585c6e86c: start FollowerState
2019-10-17 18:50:56,381 [Thread-1614] INFO  impl.FollowerState (FollowerState.java:run(117)) - daae7813-f814-475d-9647-a302a5541e36@group-F775CA5912AC-FollowerState was interrupted: java.lang.InterruptedException: sleep interrupted
2019-10-17 18:50:56,380 [grpc-default-executor-2] INFO  impl.RoleInfo (RoleInfo.java:updateAndGet(143)) - daae7813-f814-475d-9647-a302a5541e36: start FollowerState
2019-10-17 18:50:56,398 [abcd8826-c056-4817-bd0f-7af19a46d814@group-5F52F902B742-LeaderElection186] INFO  impl.LeaderElection (LeaderElection.java:logAndReturn(56)) - abcd8826-c056-4817-bd0f-7af19a46d814@group-5F52F902B742-LeaderElection186: Election REJECTED; received 2 response(s) [abcd8826-c056-4817-bd0f-7af19a46d814<-b8f04e38-0663-4b1f-8efd-f76585c6e86c#0:FAIL-t98, abcd8826-c056-4817-bd0f-7af19a46d814<-73297ffa-40cb-4e3e-b33e-1bc2c1da60f5#0:FAIL-t98] and 0 exception(s); abcd8826-c056-4817-bd0f-7af19a46d814@group-5F52F902B742:t98, leader=null, voted=abcd8826-c056-4817-bd0f-7af19a46d814, raftlog=abcd8826-c056-4817-bd0f-7af19a46d814@group-5F52F902B742-SegmentedRaftLog:OPENED:c-1,f-1,i0, conf=-1: [b8f04e38-0663-4b1f-8efd-f76585c6e86c:192.168.157.251:35700, abcd8826-c056-4817-bd0f-7af19a46d814:192.168.157.251:46496, 73297ffa-40cb-4e3e-b33e-1bc2c1da60f5:192.168.157.251:32952], old=null
2019-10-17 18:50:56,398 [a5e79c22-a35f-4e50-b1fd-e91b6a93d74d@group-F775CA5912AC-LeaderElection187] INFO  impl.LeaderElection (LeaderElection.java:logAndReturn(56)) - a5e79c22-a35f-4e50-b1fd-e91b6a93d74d@group-F775CA5912AC-LeaderElection187: Election REJECTED; received 2 response(s) [a5e79c22-a35f-4e50-b1fd-e91b6a93d74d<-daae7813-f814-475d-9647-a302a5541e36#0:FAIL-t100, a5e79c22-a35f-4e50-b1fd-e91b6a93d74d<-1e4e1375-1b66-460f-8c99-4c341545a119#0:FAIL-t100] and 0 exception(s); a5e79c22-a35f-4e50-b1fd-e91b6a93d74d@group-F775CA5912AC:t100, leader=null, voted=a5e79c22-a35f-4e50-b1fd-e91b6a93d74d, raftlog=a5e79c22-a35f-4e50-b1fd-e91b6a93d74d@group-F775CA5912AC-SegmentedRaftLog:OPENED:c-1,f-1,i0, conf=-1: [a5e79c22-a35f-4e50-b1fd-e91b6a93d74d:192.168.157.251:45177, daae7813-f814-475d-9647-a302a5541e36:192.168.157.251:45025, 1e4e1375-1b66-460f-8c99-4c341545a119:192.168.157.251:42113], old=null
2019-10-17 18:50:56,398 [abcd8826-c056-4817-bd0f-7af19a46d814@group-5F52F902B742-LeaderElection186] INFO  impl.RaftServerImpl (RaftServerImpl.java:setRole(184)) - abcd8826-c056-4817-bd0f-7af19a46d814@group-5F52F902B742: changes role from CANDIDATE to FOLLOWER at term 98 for DISCOVERED_A_NEW_TERM
2019-10-17 18:50:56,398 [a5e79c22-a35f-4e50-b1fd-e91b6a93d74d@group-F775CA5912AC-LeaderElection187] INFO  impl.RaftServerImpl (RaftServerImpl.java:setRole(184)) - a5e79c22-a35f-4e50-b1fd-e91b6a93d74d@group-F775CA5912AC: changes role from CANDIDATE to FOLLOWER at term 100 for DISCOVERED_A_NEW_TERM
2019-10-17 18:50:56,398 [abcd8826-c056-4817-bd0f-7af19a46d814@group-5F52F902B742-LeaderElection186] INFO  impl.RoleInfo (RoleInfo.java:shutdownLeaderElection(134)) - abcd8826-c056-4817-bd0f-7af19a46d814: shutdown LeaderElection
2019-10-17 18:50:56,398 [a5e79c22-a35f-4e50-b1fd-e91b6a93d74d@group-F775CA5912AC-LeaderElection187] INFO  impl.RoleInfo (RoleInfo.java:shutdownLeaderElection(134)) - a5e79c22-a35f-4e50-b1fd-e91b6a93d74d: shutdown LeaderElection
2019-10-17 18:50:56,398 [abcd8826-c056-4817-bd0f-7af19a46d814@group-5F52F902B742-LeaderElection186] INFO  impl.RoleInfo (RoleInfo.java:updateAndGet(143)) - abcd8826-c056-4817-bd0f-7af19a46d814: start FollowerState
2019-10-17 18:50:56,398 [a5e79c22-a35f-4e50-b1fd-e91b6a93d74d@group-F775CA5912AC-LeaderElection187] INFO  impl.RoleInfo (RoleInfo.java:updateAndGet(143)) - a5e79c22-a35f-4e50-b1fd-e91b6a93d74d: start FollowerState
2019-10-17 18:50:56,459 [Thread-1647] INFO  impl.FollowerState (FollowerState.java:run(108)) - a5e79c22-a35f-4e50-b1fd-e91b6a93d74d@group-F775CA5912AC-FollowerState: change to CANDIDATE, lastRpcTime:60ms, electionTimeout:60ms
2019-10-17 18:50:56,459 [Thread-1647] INFO  impl.RoleInfo (RoleInfo.java:shutdownFollowerState(121)) - a5e79c22-a35f-4e50-b1fd-e91b6a93d74d: shutdown FollowerState
2019-10-17 18:50:56,459 [Thread-1647] INFO  impl.RaftServerImpl (RaftServerImpl.java:setRole(184)) - a5e79c22-a35f-4e50-b1fd-e91b6a93d74d@group-F775CA5912AC: changes role from  FOLLOWER to CANDIDATE at term 100 for changeToCandidate
2019-10-17 18:50:56,459 [Thread-1647] INFO  impl.RoleInfo (RoleInfo.java:updateAndGet(143)) - a5e79c22-a35f-4e50-b1fd-e91b6a93d74d: start LeaderElection
2019-10-17 18:50:56,475 [a5e79c22-a35f-4e50-b1fd-e91b6a93d74d@group-F775CA5912AC-LeaderElection188] INFO  impl.LeaderElection (LeaderElection.java:askForVotes(178)) - a5e79c22-a35f-4e50-b1fd-e91b6a93d74d@group-F775CA5912AC-LeaderElection188: begin an election at term 101 for -1: [a5e79c22-a35f-4e50-b1fd-e91b6a93d74d:192.168.157.251:45177, daae7813-f814-475d-9647-a302a5541e36:192.168.157.251:45025, 1e4e1375-1b66-460f-8c99-4c341545a119:192.168.157.251:42113], old=null
2019-10-17 18:50:56,484 [grpc-default-executor-0] INFO  impl.RaftServerImpl (RaftServerImpl.java:setRole(184)) - 1e4e1375-1b66-460f-8c99-4c341545a119@group-F775CA5912AC: changes role from  FOLLOWER to FOLLOWER at term 101 for recognizeCandidate:a5e79c22-a35f-4e50-b1fd-e91b6a93d74d
2019-10-17 18:50:56,484 [grpc-default-executor-6] INFO  impl.RaftServerImpl (RaftServerImpl.java:setRole(184)) - daae7813-f814-475d-9647-a302a5541e36@group-F775CA5912AC: changes role from  FOLLOWER to FOLLOWER at term 101 for recognizeCandidate:a5e79c22-a35f-4e50-b1fd-e91b6a93d74d
2019-10-17 18:50:56,484 [grpc-default-executor-0] INFO  impl.RoleInfo (RoleInfo.java:shutdownFollowerState(121)) - 1e4e1375-1b66-460f-8c99-4c341545a119: shutdown FollowerState
2019-10-17 18:50:56,485 [grpc-default-executor-6] INFO  impl.RoleInfo (RoleInfo.java:shutdownFollowerState(121)) - daae7813-f814-475d-9647-a302a5541e36: shutdown FollowerState
2019-10-17 18:50:56,485 [grpc-default-executor-0] INFO  impl.RoleInfo (RoleInfo.java:updateAndGet(143)) - 1e4e1375-1b66-460f-8c99-4c341545a119: start FollowerState
2019-10-17 18:50:56,485 [grpc-default-executor-6] INFO  impl.RoleInfo (RoleInfo.java:updateAndGet(143)) - daae7813-f814-475d-9647-a302a5541e36: start FollowerState
2019-10-17 18:50:56,485 [Thread-1643] INFO  impl.FollowerState (FollowerState.java:run(117)) - daae7813-f814-475d-9647-a302a5541e36@group-F775CA5912AC-FollowerState was interrupted: java.lang.InterruptedException: sleep interrupted
2019-10-17 18:50:56,485 [Thread-1641] INFO  impl.FollowerState (FollowerState.java:run(117)) - 1e4e1375-1b66-460f-8c99-4c341545a119@group-F775CA5912AC-FollowerState was interrupted: java.lang.InterruptedException: sleep interrupted
2019-10-17 18:50:56,498 [a5e79c22-a35f-4e50-b1fd-e91b6a93d74d@group-F775CA5912AC-LeaderElection188] INFO  impl.LeaderElection (LeaderElection.java:logAndReturn(56)) - a5e79c22-a35f-4e50-b1fd-e91b6a93d74d@group-F775CA5912AC-LeaderElection188: Election TIMEOUT; received 0 response(s) [] and 0 exception(s); a5e79c22-a35f-4e50-b1fd-e91b6a93d74d@group-F775CA5912AC:t101, leader=null, voted=a5e79c22-a35f-4e50-b1fd-e91b6a93d74d, raftlog=a5e79c22-a35f-4e50-b1fd-e91b6a93d74d@group-F775CA5912AC-SegmentedRaftLog:OPENED:c-1,f-1,i0, conf=-1: [a5e79c22-a35f-4e50-b1fd-e91b6a93d74d:192.168.157.251:45177, daae7813-f814-475d-9647-a302a5541e36:192.168.157.251:45025, 1e4e1375-1b66-460f-8c99-4c341545a119:192.168.157.251:42113], old=null
2019-10-17 18:50:56,502 [a5e79c22-a35f-4e50-b1fd-e91b6a93d74d@group-F775CA5912AC-LeaderElection188] INFO  impl.LeaderElection (LeaderElection.java:askForVotes(178)) - a5e79c22-a35f-4e50-b1fd-e91b6a93d74d@group-F775CA5912AC-LeaderElection188: begin an election at term 102 for -1: [a5e79c22-a35f-4e50-b1fd-e91b6a93d74d:192.168.157.251:45177, daae7813-f814-475d-9647-a302a5541e36:192.168.157.251:45025, 1e4e1375-1b66-460f-8c99-4c341545a119:192.168.157.251:42113], old=null
2019-10-17 18:50:56,505 [grpc-default-executor-0] INFO  impl.RaftServerImpl (RaftServerImpl.java:setRole(184)) - daae7813-f814-475d-9647-a302a5541e36@group-F775CA5912AC: changes role from  FOLLOWER to FOLLOWER at term 102 for recognizeCandidate:a5e79c22-a35f-4e50-b1fd-e91b6a93d74d
2019-10-17 18:50:56,505 [grpc-default-executor-0] INFO  impl.RoleInfo (RoleInfo.java:shutdownFollowerState(121)) - daae7813-f814-475d-9647-a302a5541e36: shutdown FollowerState
2019-10-17 18:50:56,505 [grpc-default-executor-6] INFO  impl.RaftServerImpl (RaftServerImpl.java:setRole(184)) - 1e4e1375-1b66-460f-8c99-4c341545a119@group-F775CA5912AC: changes role from  FOLLOWER to FOLLOWER at term 102 for recognizeCandidate:a5e79c22-a35f-4e50-b1fd-e91b6a93d74d
2019-10-17 18:50:56,505 [Thread-1652] INFO  impl.FollowerState (FollowerState.java:run(117)) - daae7813-f814-475d-9647-a302a5541e36@group-F775CA5912AC-FollowerState was interrupted: java.lang.InterruptedException: sleep interrupted
2019-10-17 18:50:56,505 [grpc-default-executor-0] INFO  impl.RoleInfo (RoleInfo.java:updateAndGet(143)) - daae7813-f814-475d-9647-a302a5541e36: start FollowerState
2019-10-17 18:50:56,505 [grpc-default-executor-6] INFO  impl.RoleInfo (RoleInfo.java:shutdownFollowerState(121)) - 1e4e1375-1b66-460f-8c99-4c341545a119: shutdown FollowerState
2019-10-17 18:50:56,505 [grpc-default-executor-6] INFO  impl.RoleInfo (RoleInfo.java:updateAndGet(143)) - 1e4e1375-1b66-460f-8c99-4c341545a119: start FollowerState
2019-10-17 18:50:56,505 [Thread-1651] INFO  impl.FollowerState (FollowerState.java:run(117)) - 1e4e1375-1b66-460f-8c99-4c341545a119@group-F775CA5912AC-FollowerState was interrupted: java.lang.InterruptedException: sleep interrupted
2019-10-17 18:50:56,520 [a5e79c22-a35f-4e50-b1fd-e91b6a93d74d@group-F775CA5912AC-LeaderElection188] INFO  impl.LeaderElection (LeaderElection.java:logAndReturn(56)) - a5e79c22-a35f-4e50-b1fd-e91b6a93d74d@group-F775CA5912AC-LeaderElection188: Election REJECTED; received 2 response(s) [a5e79c22-a35f-4e50-b1fd-e91b6a93d74d<-daae7813-f814-475d-9647-a302a5541e36#0:FAIL-t102, a5e79c22-a35f-4e50-b1fd-e91b6a93d74d<-1e4e1375-1b66-460f-8c99-4c341545a119#0:FAIL-t102] and 0 exception(s); a5e79c22-a35f-4e50-b1fd-e91b6a93d74d@group-F775CA5912AC:t102, leader=null, voted=a5e79c22-a35f-4e50-b1fd-e91b6a93d74d, raftlog=a5e79c22-a35f-4e50-b1fd-e91b6a93d74d@group-F775CA5912AC-SegmentedRaftLog:OPENED:c-1,f-1,i0, conf=-1: [a5e79c22-a35f-4e50-b1fd-e91b6a93d74d:192.168.157.251:45177, daae7813-f814-475d-9647-a302a5541e36:192.168.157.251:45025, 1e4e1375-1b66-460f-8c99-4c341545a119:192.168.157.251:42113], old=null
2019-10-17 18:50:56,520 [a5e79c22-a35f-4e50-b1fd-e91b6a93d74d@group-F775CA5912AC-LeaderElection188] INFO  impl.RaftServerImpl (RaftServerImpl.java:setRole(184)) - a5e79c22-a35f-4e50-b1fd-e91b6a93d74d@group-F775CA5912AC: changes role from CANDIDATE to FOLLOWER at term 102 for DISCOVERED_A_NEW_TERM
2019-10-17 18:50:56,520 [a5e79c22-a35f-4e50-b1fd-e91b6a93d74d@group-F775CA5912AC-LeaderElection188] INFO  impl.RoleInfo (RoleInfo.java:shutdownLeaderElection(134)) - a5e79c22-a35f-4e50-b1fd-e91b6a93d74d: shutdown LeaderElection
2019-10-17 18:50:56,521 [a5e79c22-a35f-4e50-b1fd-e91b6a93d74d@group-F775CA5912AC-LeaderElection188] INFO  impl.RoleInfo (RoleInfo.java:updateAndGet(143)) - a5e79c22-a35f-4e50-b1fd-e91b6a93d74d: start FollowerState
2019-10-17 18:50:56,534 [Thread-1646] INFO  impl.FollowerState (FollowerState.java:run(108)) - abcd8826-c056-4817-bd0f-7af19a46d814@group-5F52F902B742-FollowerState: change to CANDIDATE, lastRpcTime:135ms, electionTimeout:135ms
2019-10-17 18:50:56,534 [Thread-1646] INFO  impl.RoleInfo (RoleInfo.java:shutdownFollowerState(121)) - abcd8826-c056-4817-bd0f-7af19a46d814: shutdown FollowerState
2019-10-17 18:50:56,534 [Thread-1646] INFO  impl.RaftServerImpl (RaftServerImpl.java:setRole(184)) - abcd8826-c056-4817-bd0f-7af19a46d814@group-5F52F902B742: changes role from  FOLLOWER to CANDIDATE at term 98 for changeToCandidate
2019-10-17 18:50:56,535 [Thread-1646] INFO  impl.RoleInfo (RoleInfo.java:updateAndGet(143)) - abcd8826-c056-4817-bd0f-7af19a46d814: start LeaderElection
2019-10-17 18:50:56,560 [abcd8826-c056-4817-bd0f-7af19a46d814@group-5F52F902B742-LeaderElection189] INFO  impl.LeaderElection (LeaderElection.java:askForVotes(178)) - abcd8826-c056-4817-bd0f-7af19a46d814@group-5F52F902B742-LeaderElection189: begin an election at term 99 for -1: [b8f04e38-0663-4b1f-8efd-f76585c6e86c:192.168.157.251:35700, abcd8826-c056-4817-bd0f-7af19a46d814:192.168.157.251:46496, 73297ffa-40cb-4e3e-b33e-1bc2c1da60f5:192.168.157.251:32952], old=null
2019-10-17 18:50:56,562 [grpc-default-executor-0] INFO  impl.RaftServerImpl (RaftServerImpl.java:setRole(184)) - b8f04e38-0663-4b1f-8efd-f76585c6e86c@group-5F52F902B742: changes role from  FOLLOWER to FOLLOWER at term 99 for recognizeCandidate:abcd8826-c056-4817-bd0f-7af19a46d814
2019-10-17 18:50:56,562 [grpc-default-executor-6] INFO  impl.RaftServerImpl (RaftServerImpl.java:setRole(184)) - 73297ffa-40cb-4e3e-b33e-1bc2c1da60f5@group-5F52F902B742: changes role from  FOLLOWER to FOLLOWER at term 99 for recognizeCandidate:abcd8826-c056-4817-bd0f-7af19a46d814
2019-10-17 18:50:56,562 [grpc-default-executor-0] INFO  impl.RoleInfo (RoleInfo.java:shutdownFollowerState(121)) - b8f04e38-0663-4b1f-8efd-f76585c6e86c: shutdown FollowerState
2019-10-17 18:50:56,562 [grpc-default-executor-6] INFO  impl.RoleInfo (RoleInfo.java:shutdownFollowerState(121)) - 73297ffa-40cb-4e3e-b33e-1bc2c1da60f5: shutdown FollowerState
2019-10-17 18:50:56,562 [Thread-1642] INFO  impl.FollowerState (FollowerState.java:run(117)) - b8f04e38-0663-4b1f-8efd-f76585c6e86c@group-5F52F902B742-FollowerState was interrupted: java.lang.InterruptedException: sleep interrupted
2019-10-17 18:50:56,562 [grpc-default-executor-0] INFO  impl.RoleInfo (RoleInfo.java:updateAndGet(143)) - b8f04e38-0663-4b1f-8efd-f76585c6e86c: start FollowerState
2019-10-17 18:50:56,562 [Thread-1640] INFO  impl.FollowerState (FollowerState.java:run(117)) - 73297ffa-40cb-4e3e-b33e-1bc2c1da60f5@group-5F52F902B742-FollowerState was interrupted: java.lang.InterruptedException: sleep interrupted
2019-10-17 18:50:56,562 [grpc-default-executor-6] INFO  impl.RoleInfo (RoleInfo.java:updateAndGet(143)) - 73297ffa-40cb-4e3e-b33e-1bc2c1da60f5: start FollowerState
2019-10-17 18:50:56,588 [abcd8826-c056-4817-bd0f-7af19a46d814@group-5F52F902B742-LeaderElection189] INFO  impl.LeaderElection (LeaderElection.java:logAndReturn(56)) - abcd8826-c056-4817-bd0f-7af19a46d814@group-5F52F902B742-LeaderElection189: Election REJECTED; received 2 response(s) [abcd8826-c056-4817-bd0f-7af19a46d814<-b8f04e38-0663-4b1f-8efd-f76585c6e86c#0:FAIL-t99, abcd8826-c056-4817-bd0f-7af19a46d814<-73297ffa-40cb-4e3e-b33e-1bc2c1da60f5#0:FAIL-t99] and 0 exception(s); abcd8826-c056-4817-bd0f-7af19a46d814@group-5F52F902B742:t99, leader=null, voted=abcd8826-c056-4817-bd0f-7af19a46d814, raftlog=abcd8826-c056-4817-bd0f-7af19a46d814@group-5F52F902B742-SegmentedRaftLog:OPENED:c-1,f-1,i0, conf=-1: [b8f04e38-0663-4b1f-8efd-f76585c6e86c:192.168.157.251:35700, abcd8826-c056-4817-bd0f-7af19a46d814:192.168.157.251:46496, 73297ffa-40cb-4e3e-b33e-1bc2c1da60f5:192.168.157.251:32952], old=null
2019-10-17 18:50:56,588 [abcd8826-c056-4817-bd0f-7af19a46d814@group-5F52F902B742-LeaderElection189] INFO  impl.RaftServerImpl (RaftServerImpl.java:setRole(184)) - abcd8826-c056-4817-bd0f-7af19a46d814@group-5F52F902B742: changes role from CANDIDATE to FOLLOWER at term 99 for DISCOVERED_A_NEW_TERM
2019-10-17 18:50:56,588 [abcd8826-c056-4817-bd0f-7af19a46d814@group-5F52F902B742-LeaderElection189] INFO  impl.RoleInfo (RoleInfo.java:shutdownLeaderElection(134)) - abcd8826-c056-4817-bd0f-7af19a46d814: shutdown LeaderElection
2019-10-17 18:50:56,588 [abcd8826-c056-4817-bd0f-7af19a46d814@group-5F52F902B742-LeaderElection189] INFO  impl.RoleInfo (RoleInfo.java:updateAndGet(143)) - abcd8826-c056-4817-bd0f-7af19a46d814: start FollowerState
2019-10-17 18:50:56,693 [Thread-1657] INFO  impl.FollowerState (FollowerState.java:run(108)) - a5e79c22-a35f-4e50-b1fd-e91b6a93d74d@group-F775CA5912AC-FollowerState: change to CANDIDATE, lastRpcTime:172ms, electionTimeout:172ms
2019-10-17 18:50:56,693 [Thread-1657] INFO  impl.RoleInfo (RoleInfo.java:shutdownFollowerState(121)) - a5e79c22-a35f-4e50-b1fd-e91b6a93d74d: shutdown FollowerState
2019-10-17 18:50:56,694 [Thread-1657] INFO  impl.RaftServerImpl (RaftServerImpl.java:setRole(184)) - a5e79c22-a35f-4e50-b1fd-e91b6a93d74d@group-F775CA5912AC: changes role from  FOLLOWER to CANDIDATE at term 102 for changeToCandidate
2019-10-17 18:50:56,694 [Thread-1657] INFO  impl.RoleInfo (RoleInfo.java:updateAndGet(143)) - a5e79c22-a35f-4e50-b1fd-e91b6a93d74d: start LeaderElection
2019-10-17 18:50:56,708 [a5e79c22-a35f-4e50-b1fd-e91b6a93d74d@group-F775CA5912AC-LeaderElection190] INFO  impl.LeaderElection (LeaderElection.java:askForVotes(178)) - a5e79c22-a35f-4e50-b1fd-e91b6a93d74d@group-F775CA5912AC-LeaderElection190: begin an election at term 103 for -1: [a5e79c22-a35f-4e50-b1fd-e91b6a93d74d:192.168.157.251:45177, daae7813-f814-475d-9647-a302a5541e36:192.168.157.251:45025, 1e4e1375-1b66-460f-8c99-4c341545a119:192.168.157.251:42113], old=null
2019-10-17 18:50:56,710 [grpc-default-executor-0] INFO  impl.RaftServerImpl (RaftServerImpl.java:setRole(184)) - daae7813-f814-475d-9647-a302a5541e36@group-F775CA5912AC: changes role from  FOLLOWER to FOLLOWER at term 103 for recognizeCandidate:a5e79c22-a35f-4e50-b1fd-e91b6a93d74d
2019-10-17 18:50:56,711 [grpc-default-executor-6] INFO  impl.RaftServerImpl (RaftServerImpl.java:setRole(184)) - 1e4e1375-1b66-460f-8c99-4c341545a119@group-F775CA5912AC: changes role from  FOLLOWER to FOLLOWER at term 103 for recognizeCandidate:a5e79c22-a35f-4e50-b1fd-e91b6a93d74d
2019-10-17 18:50:56,711 [grpc-default-executor-0] INFO  impl.RoleInfo (RoleInfo.java:shutdownFollowerState(121)) - daae7813-f814-475d-9647-a302a5541e36: shutdown FollowerState
2019-10-17 18:50:56,711 [grpc-default-executor-6] INFO  impl.RoleInfo (RoleInfo.java:shutdownFollowerState(121)) - 1e4e1375-1b66-460f-8c99-4c341545a119: shutdown FollowerState
2019-10-17 18:50:56,711 [Thread-1655] INFO  impl.FollowerState (FollowerState.java:run(117)) - daae7813-f814-475d-9647-a302a5541e36@group-F775CA5912AC-FollowerState was interrupted: java.lang.InterruptedException: sleep interrupted
2019-10-17 18:50:56,711 [grpc-default-executor-0] INFO  impl.RoleInfo (RoleInfo.java:updateAndGet(143)) - daae7813-f814-475d-9647-a302a5541e36: start FollowerState
2019-10-17 18:50:56,711 [Thread-1656] INFO  impl.FollowerState (FollowerState.java:run(117)) - 1e4e1375-1b66-460f-8c99-4c341545a119@group-F775CA5912AC-FollowerState was interrupted: java.lang.InterruptedException: sleep interrupted
2019-10-17 18:50:56,711 [grpc-default-executor-6] INFO  impl.RoleInfo (RoleInfo.java:updateAndGet(143)) - 1e4e1375-1b66-460f-8c99-4c341545a119: start FollowerState
2019-10-17 18:50:56,712 [a5e79c22-a35f-4e50-b1fd-e91b6a93d74d@group-F775CA5912AC-LeaderElection190] INFO  impl.LeaderElection (LeaderElection.java:logAndReturn(56)) - a5e79c22-a35f-4e50-b1fd-e91b6a93d74d@group-F775CA5912AC-LeaderElection190: Election TIMEOUT; received 0 response(s) [] and 0 exception(s); a5e79c22-a35f-4e50-b1fd-e91b6a93d74d@group-F775CA5912AC:t103, leader=null, voted=a5e79c22-a35f-4e50-b1fd-e91b6a93d74d, raftlog=a5e79c22-a35f-4e50-b1fd-e91b6a93d74d@group-F775CA5912AC-SegmentedRaftLog:OPENED:c-1,f-1,i0, conf=-1: [a5e79c22-a35f-4e50-b1fd-e91b6a93d74d:192.168.157.251:45177, daae7813-f814-475d-9647-a302a5541e36:192.168.157.251:45025, 1e4e1375-1b66-460f-8c99-4c341545a119:192.168.157.251:42113], old=null
2019-10-17 18:50:56,737 [a5e79c22-a35f-4e50-b1fd-e91b6a93d74d@group-F775CA5912AC-LeaderElection190] INFO  impl.LeaderElection (LeaderElection.java:askForVotes(178)) - a5e79c22-a35f-4e50-b1fd-e91b6a93d74d@group-F775CA5912AC-LeaderElection190: begin an election at term 104 for -1: [a5e79c22-a35f-4e50-b1fd-e91b6a93d74d:192.168.157.251:45177, daae7813-f814-475d-9647-a302a5541e36:192.168.157.251:45025, 1e4e1375-1b66-460f-8c99-4c341545a119:192.168.157.251:42113], old=null
2019-10-17 18:50:56,739 [grpc-default-executor-0] INFO  impl.RaftServerImpl (RaftServerImpl.java:setRole(184)) - 1e4e1375-1b66-460f-8c99-4c341545a119@group-F775CA5912AC: changes role from  FOLLOWER to FOLLOWER at term 104 for recognizeCandidate:a5e79c22-a35f-4e50-b1fd-e91b6a93d74d
2019-10-17 18:50:56,739 [grpc-default-executor-0] INFO  impl.RoleInfo (RoleInfo.java:shutdownFollowerState(121)) - 1e4e1375-1b66-460f-8c99-4c341545a119: shutdown FollowerState
2019-10-17 18:50:56,739 [grpc-default-executor-0] INFO  impl.RoleInfo (RoleInfo.java:updateAndGet(143)) - 1e4e1375-1b66-460f-8c99-4c341545a119: start FollowerState
2019-10-17 18:50:56,739 [Thread-1668] INFO  impl.FollowerState (FollowerState.java:run(117)) - 1e4e1375-1b66-460f-8c99-4c341545a119@group-F775CA5912AC-FollowerState was interrupted: java.lang.InterruptedException: sleep interrupted
2019-10-17 18:50:56,739 [grpc-default-executor-6] INFO  impl.RaftServerImpl (RaftServerImpl.java:setRole(184)) - daae7813-f814-475d-9647-a302a5541e36@group-F775CA5912AC: changes role from  FOLLOWER to FOLLOWER at term 104 for recognizeCandidate:a5e79c22-a35f-4e50-b1fd-e91b6a93d74d
2019-10-17 18:50:56,740 [grpc-default-executor-6] INFO  impl.RoleInfo (RoleInfo.java:shutdownFollowerState(121)) - daae7813-f814-475d-9647-a302a5541e36: shutdown FollowerState
2019-10-17 18:50:56,740 [grpc-default-executor-6] INFO  impl.RoleInfo (RoleInfo.java:updateAndGet(143)) - daae7813-f814-475d-9647-a302a5541e36: start FollowerState
2019-10-17 18:50:56,740 [Thread-1667] INFO  impl.FollowerState (FollowerState.java:run(117)) - daae7813-f814-475d-9647-a302a5541e36@group-F775CA5912AC-FollowerState was interrupted: java.lang.InterruptedException: sleep interrupted
2019-10-17 18:50:56,747 [Thread-1663] INFO  impl.FollowerState (FollowerState.java:run(108)) - abcd8826-c056-4817-bd0f-7af19a46d814@group-5F52F902B742-FollowerState: change to CANDIDATE, lastRpcTime:158ms, electionTimeout:158ms
2019-10-17 18:50:56,747 [Thread-1663] INFO  impl.RoleInfo (RoleInfo.java:shutdownFollowerState(121)) - abcd8826-c056-4817-bd0f-7af19a46d814: shutdown FollowerState
2019-10-17 18:50:56,747 [Thread-1663] INFO  impl.RaftServerImpl (RaftServerImpl.java:setRole(184)) - abcd8826-c056-4817-bd0f-7af19a46d814@group-5F52F902B742: changes role from  FOLLOWER to CANDIDATE at term 99 for changeToCandidate
2019-10-17 18:50:56,747 [Thread-1663] INFO  impl.RoleInfo (RoleInfo.java:updateAndGet(143)) - abcd8826-c056-4817-bd0f-7af19a46d814: start LeaderElection
2019-10-17 18:50:56,754 [abcd8826-c056-4817-bd0f-7af19a46d814@group-5F52F902B742-LeaderElection191] INFO  impl.LeaderElection (LeaderElection.java:askForVotes(178)) - abcd8826-c056-4817-bd0f-7af19a46d814@group-5F52F902B742-LeaderElection191: begin an election at term 100 for -1: [b8f04e38-0663-4b1f-8efd-f76585c6e86c:192.168.157.251:35700, abcd8826-c056-4817-bd0f-7af19a46d814:192.168.157.251:46496, 73297ffa-40cb-4e3e-b33e-1bc2c1da60f5:192.168.157.251:32952], old=null
2019-10-17 18:50:56,755 [a5e79c22-a35f-4e50-b1fd-e91b6a93d74d@group-F775CA5912AC-LeaderElection190] INFO  impl.LeaderElection (LeaderElection.java:logAndReturn(56)) - a5e79c22-a35f-4e50-b1fd-e91b6a93d74d@group-F775CA5912AC-LeaderElection190: Election REJECTED; received 2 response(s) [a5e79c22-a35f-4e50-b1fd-e91b6a93d74d<-daae7813-f814-475d-9647-a302a5541e36#0:FAIL-t104, a5e79c22-a35f-4e50-b1fd-e91b6a93d74d<-1e4e1375-1b66-460f-8c99-4c341545a119#0:FAIL-t104] and 0 exception(s); a5e79c22-a35f-4e50-b1fd-e91b6a93d74d@group-F775CA5912AC:t104, leader=null, voted=a5e79c22-a35f-4e50-b1fd-e91b6a93d74d, raftlog=a5e79c22-a35f-4e50-b1fd-e91b6a93d74d@group-F775CA5912AC-SegmentedRaftLog:OPENED:c-1,f-1,i0, conf=-1: [a5e79c22-a35f-4e50-b1fd-e91b6a93d74d:192.168.157.251:45177, daae7813-f814-475d-9647-a302a5541e36:192.168.157.251:45025, 1e4e1375-1b66-460f-8c99-4c341545a119:192.168.157.251:42113], old=null
2019-10-17 18:50:56,755 [a5e79c22-a35f-4e50-b1fd-e91b6a93d74d@group-F775CA5912AC-LeaderElection190] INFO  impl.RaftServerImpl (RaftServerImpl.java:setRole(184)) - a5e79c22-a35f-4e50-b1fd-e91b6a93d74d@group-F775CA5912AC: changes role from CANDIDATE to FOLLOWER at term 104 for DISCOVERED_A_NEW_TERM
2019-10-17 18:50:56,755 [a5e79c22-a35f-4e50-b1fd-e91b6a93d74d@group-F775CA5912AC-LeaderElection190] INFO  impl.RoleInfo (RoleInfo.java:shutdownLeaderElection(134)) - a5e79c22-a35f-4e50-b1fd-e91b6a93d74d: shutdown LeaderElection
2019-10-17 18:50:56,755 [a5e79c22-a35f-4e50-b1fd-e91b6a93d74d@group-F775CA5912AC-LeaderElection190] INFO  impl.RoleInfo (RoleInfo.java:updateAndGet(143)) - a5e79c22-a35f-4e50-b1fd-e91b6a93d74d: start FollowerState
2019-10-17 18:50:56,756 [grpc-default-executor-6] INFO  impl.RaftServerImpl (RaftServerImpl.java:setRole(184)) - b8f04e38-0663-4b1f-8efd-f76585c6e86c@group-5F52F902B742: changes role from  FOLLOWER to FOLLOWER at term 100 for recognizeCandidate:abcd8826-c056-4817-bd0f-7af19a46d814
2019-10-17 18:50:56,756 [grpc-default-executor-0] INFO  impl.RaftServerImpl (RaftServerImpl.java:setRole(184)) - 73297ffa-40cb-4e3e-b33e-1bc2c1da60f5@group-5F52F902B742: changes role from  FOLLOWER to FOLLOWER at term 100 for recognizeCandidate:abcd8826-c056-4817-bd0f-7af19a46d814
2019-10-17 18:50:56,756 [grpc-default-executor-0] INFO  impl.RoleInfo (RoleInfo.java:shutdownFollowerState(121)) - 73297ffa-40cb-4e3e-b33e-1bc2c1da60f5: shutdown FollowerState
2019-10-17 18:50:56,756 [grpc-default-executor-6] INFO  impl.RoleInfo (RoleInfo.java:shutdownFollowerState(121)) - b8f04e38-0663-4b1f-8efd-f76585c6e86c: shutdown FollowerState
2019-10-17 18:50:56,756 [Thread-1662] INFO  impl.FollowerState (FollowerState.java:run(117)) - 73297ffa-40cb-4e3e-b33e-1bc2c1da60f5@group-5F52F902B742-FollowerState was interrupted: java.lang.InterruptedException: sleep interrupted
2019-10-17 18:50:56,756 [grpc-default-executor-0] INFO  impl.RoleInfo (RoleInfo.java:updateAndGet(143)) - 73297ffa-40cb-4e3e-b33e-1bc2c1da60f5: start FollowerState
2019-10-17 18:50:56,756 [Thread-1661] INFO  impl.FollowerState (FollowerState.java:run(117)) - b8f04e38-0663-4b1f-8efd-f76585c6e86c@group-5F52F902B742-FollowerState was interrupted: java.lang.InterruptedException: sleep interrupted
2019-10-17 18:50:56,756 [grpc-default-executor-6] INFO  impl.RoleInfo (RoleInfo.java:updateAndGet(143)) - b8f04e38-0663-4b1f-8efd-f76585c6e86c: start FollowerState
2019-10-17 18:50:56,782 [abcd8826-c056-4817-bd0f-7af19a46d814@group-5F52F902B742-LeaderElection191] INFO  impl.LeaderElection (LeaderElection.java:logAndReturn(56)) - abcd8826-c056-4817-bd0f-7af19a46d814@group-5F52F902B742-LeaderElection191: Election REJECTED; received 2 response(s) [abcd8826-c056-4817-bd0f-7af19a46d814<-b8f04e38-0663-4b1f-8efd-f76585c6e86c#0:FAIL-t100, abcd8826-c056-4817-bd0f-7af19a46d814<-73297ffa-40cb-4e3e-b33e-1bc2c1da60f5#0:FAIL-t100] and 0 exception(s); abcd8826-c056-4817-bd0f-7af19a46d814@group-5F52F902B742:t100, leader=null, voted=abcd8826-c056-4817-bd0f-7af19a46d814, raftlog=abcd8826-c056-4817-bd0f-7af19a46d814@group-5F52F902B742-SegmentedRaftLog:OPENED:c-1,f-1,i0, conf=-1: [b8f04e38-0663-4b1f-8efd-f76585c6e86c:192.168.157.251:35700, abcd8826-c056-4817-bd0f-7af19a46d814:192.168.157.251:46496, 73297ffa-40cb-4e3e-b33e-1bc2c1da60f5:192.168.157.251:32952], old=null
2019-10-17 18:50:56,782 [abcd8826-c056-4817-bd0f-7af19a46d814@group-5F52F902B742-LeaderElection191] INFO  impl.RaftServerImpl (RaftServerImpl.java:setRole(184)) - abcd8826-c056-4817-bd0f-7af19a46d814@group-5F52F902B742: changes role from CANDIDATE to FOLLOWER at term 100 for DISCOVERED_A_NEW_TERM
2019-10-17 18:50:56,782 [abcd8826-c056-4817-bd0f-7af19a46d814@group-5F52F902B742-LeaderElection191] INFO  impl.RoleInfo (RoleInfo.java:shutdownLeaderElection(134)) - abcd8826-c056-4817-bd0f-7af19a46d814: shutdown LeaderElection
2019-10-17 18:50:56,782 [abcd8826-c056-4817-bd0f-7af19a46d814@group-5F52F902B742-LeaderElection191] INFO  impl.RoleInfo (RoleInfo.java:updateAndGet(143)) - abcd8826-c056-4817-bd0f-7af19a46d814: start FollowerState
2019-10-17 18:50:56,882 [Thread-1679] INFO  impl.FollowerState (FollowerState.java:run(108)) - abcd8826-c056-4817-bd0f-7af19a46d814@group-5F52F902B742-FollowerState: change to CANDIDATE, lastRpcTime:99ms, electionTimeout:99ms
2019-10-17 18:50:56,882 [Thread-1679] INFO  impl.RoleInfo (RoleInfo.java:shutdownFollowerState(121)) - abcd8826-c056-4817-bd0f-7af19a46d814: shutdown FollowerState
2019-10-17 18:50:56,882 [Thread-1679] INFO  impl.RaftServerImpl (RaftServerImpl.java:setRole(184)) - abcd8826-c056-4817-bd0f-7af19a46d814@group-5F52F902B742: changes role from  FOLLOWER to CANDIDATE at term 100 for changeToCandidate
2019-10-17 18:50:56,882 [Thread-1679] INFO  impl.RoleInfo (RoleInfo.java:updateAndGet(143)) - abcd8826-c056-4817-bd0f-7af19a46d814: start LeaderElection
2019-10-17 18:50:56,883 [Thread-1676] INFO  impl.FollowerState (FollowerState.java:run(108)) - a5e79c22-a35f-4e50-b1fd-e91b6a93d74d@group-F775CA5912AC-FollowerState: change to CANDIDATE, lastRpcTime:127ms, electionTimeout:127ms
2019-10-17 18:50:56,883 [Thread-1676] INFO  impl.RoleInfo (RoleInfo.java:shutdownFollowerState(121)) - a5e79c22-a35f-4e50-b1fd-e91b6a93d74d: shutdown FollowerState
2019-10-17 18:50:56,883 [Thread-1676] INFO  impl.RaftServerImpl (RaftServerImpl.java:setRole(184)) - a5e79c22-a35f-4e50-b1fd-e91b6a93d74d@group-F775CA5912AC: changes role from  FOLLOWER to CANDIDATE at term 104 for changeToCandidate
2019-10-17 18:50:56,883 [Thread-1676] INFO  impl.RoleInfo (RoleInfo.java:updateAndGet(143)) - a5e79c22-a35f-4e50-b1fd-e91b6a93d74d: start LeaderElection
2019-10-17 18:50:56,897 [a5e79c22-a35f-4e50-b1fd-e91b6a93d74d@group-F775CA5912AC-LeaderElection193] INFO  impl.LeaderElection (LeaderElection.java:askForVotes(178)) - a5e79c22-a35f-4e50-b1fd-e91b6a93d74d@group-F775CA5912AC-LeaderElection193: begin an election at term 105 for -1: [a5e79c22-a35f-4e50-b1fd-e91b6a93d74d:192.168.157.251:45177, daae7813-f814-475d-9647-a302a5541e36:192.168.157.251:45025, 1e4e1375-1b66-460f-8c99-4c341545a119:192.168.157.251:42113], old=null
2019-10-17 18:50:56,897 [abcd8826-c056-4817-bd0f-7af19a46d814@group-5F52F902B742-LeaderElection192] INFO  impl.LeaderElection (LeaderElection.java:askForVotes(178)) - abcd8826-c056-4817-bd0f-7af19a46d814@group-5F52F902B742-LeaderElection192: begin an election at term 101 for -1: [b8f04e38-0663-4b1f-8efd-f76585c6e86c:192.168.157.251:35700, abcd8826-c056-4817-bd0f-7af19a46d814:192.168.157.251:46496, 73297ffa-40cb-4e3e-b33e-1bc2c1da60f5:192.168.157.251:32952], old=null
2019-10-17 18:50:56,900 [grpc-default-executor-6] INFO  impl.RaftServerImpl (RaftServerImpl.java:setRole(184)) - daae7813-f814-475d-9647-a302a5541e36@group-F775CA5912AC: changes role from  FOLLOWER to FOLLOWER at term 105 for recognizeCandidate:a5e79c22-a35f-4e50-b1fd-e91b6a93d74d
2019-10-17 18:50:56,900 [grpc-default-executor-0] INFO  impl.RaftServerImpl (RaftServerImpl.java:setRole(184)) - 73297ffa-40cb-4e3e-b33e-1bc2c1da60f5@group-5F52F902B742: changes role from  FOLLOWER to FOLLOWER at term 101 for recognizeCandidate:abcd8826-c056-4817-bd0f-7af19a46d814
2019-10-17 18:50:56,900 [grpc-default-executor-0] INFO  impl.RoleInfo (RoleInfo.java:shutdownFollowerState(121)) - 73297ffa-40cb-4e3e-b33e-1bc2c1da60f5: shutdown FollowerState
2019-10-17 18:50:56,900 [grpc-default-executor-6] INFO  impl.RoleInfo (RoleInfo.java:shutdownFollowerState(121)) - daae7813-f814-475d-9647-a302a5541e36: shutdown FollowerState
2019-10-17 18:50:56,900 [Thread-1677] INFO  impl.FollowerState (FollowerState.java:run(117)) - 73297ffa-40cb-4e3e-b33e-1bc2c1da60f5@group-5F52F902B742-FollowerState was interrupted: java.lang.InterruptedException: sleep interrupted
2019-10-17 18:50:56,900 [grpc-default-executor-0] INFO  impl.RoleInfo (RoleInfo.java:updateAndGet(143)) - 73297ffa-40cb-4e3e-b33e-1bc2c1da60f5: start FollowerState
2019-10-17 18:50:56,900 [Thread-1672] INFO  impl.FollowerState (FollowerState.java:run(117)) - daae7813-f814-475d-9647-a302a5541e36@group-F775CA5912AC-FollowerState was interrupted: java.lang.InterruptedException: sleep interrupted
2019-10-17 18:50:56,900 [grpc-default-executor-6] INFO  impl.RoleInfo (RoleInfo.java:updateAndGet(143)) - daae7813-f814-475d-9647-a302a5541e36: start FollowerState
2019-10-17 18:50:56,900 [grpc-default-executor-2] INFO  impl.RaftServerImpl (RaftServerImpl.java:setRole(184)) - 1e4e1375-1b66-460f-8c99-4c341545a119@group-F775CA5912AC: changes role from  FOLLOWER to FOLLOWER at term 105 for recognizeCandidate:a5e79c22-a35f-4e50-b1fd-e91b6a93d74d
2019-10-17 18:50:56,901 [grpc-default-executor-4] INFO  impl.RaftServerImpl (RaftServerImpl.java:setRole(184)) - b8f04e38-0663-4b1f-8efd-f76585c6e86c@group-5F52F902B742: changes role from  FOLLOWER to FOLLOWER at term 101 for recognizeCandidate:abcd8826-c056-4817-bd0f-7af19a46d814
2019-10-17 18:50:56,901 [grpc-default-executor-2] INFO  impl.RoleInfo (RoleInfo.java:shutdownFollowerState(121)) - 1e4e1375-1b66-460f-8c99-4c341545a119: shutdown FollowerState
2019-10-17 18:50:56,901 [grpc-default-executor-4] INFO  impl.RoleInfo (RoleInfo.java:shutdownFollowerState(121)) - b8f04e38-0663-4b1f-8efd-f76585c6e86c: shutdown FollowerState
2019-10-17 18:50:56,901 [grpc-default-executor-2] INFO  impl.RoleInfo (RoleInfo.java:updateAndGet(143)) - 1e4e1375-1b66-460f-8c99-4c341545a119: start FollowerState
2019-10-17 18:50:56,901 [grpc-default-executor-4] INFO  impl.RoleInfo (RoleInfo.java:updateAndGet(143)) - b8f04e38-0663-4b1f-8efd-f76585c6e86c: start FollowerState
2019-10-17 18:50:56,901 [Thread-1671] INFO  impl.FollowerState (FollowerState.java:run(117)) - 1e4e1375-1b66-460f-8c99-4c341545a119@group-F775CA5912AC-FollowerState was interrupted: java.lang.InterruptedException: sleep interrupted
2019-10-17 18:50:56,901 [Thread-1678] INFO  impl.FollowerState (FollowerState.java:run(117)) - b8f04e38-0663-4b1f-8efd-f76585c6e86c@group-5F52F902B742-FollowerState was interrupted: java.lang.InterruptedException: sleep interrupted
2019-10-17 18:50:56,915 [a5e79c22-a35f-4e50-b1fd-e91b6a93d74d@group-F775CA5912AC-LeaderElection193] INFO  impl.LeaderElection (LeaderElection.java:logAndReturn(56)) - a5e79c22-a35f-4e50-b1fd-e91b6a93d74d@group-F775CA5912AC-LeaderElection193: Election REJECTED; received 2 response(s) [a5e79c22-a35f-4e50-b1fd-e91b6a93d74d<-daae7813-f814-475d-9647-a302a5541e36#0:FAIL-t105, a5e79c22-a35f-4e50-b1fd-e91b6a93d74d<-1e4e1375-1b66-460f-8c99-4c341545a119#0:FAIL-t105] and 0 exception(s); a5e79c22-a35f-4e50-b1fd-e91b6a93d74d@group-F775CA5912AC:t105, leader=null, voted=a5e79c22-a35f-4e50-b1fd-e91b6a93d74d, raftlog=a5e79c22-a35f-4e50-b1fd-e91b6a93d74d@group-F775CA5912AC-SegmentedRaftLog:OPENED:c-1,f-1,i0, conf=-1: [a5e79c22-a35f-4e50-b1fd-e91b6a93d74d:192.168.157.251:45177, daae7813-f814-475d-9647-a302a5541e36:192.168.157.251:45025, 1e4e1375-1b66-460f-8c99-4c341545a119:192.168.157.251:42113], old=null
2019-10-17 18:50:56,915 [abcd8826-c056-4817-bd0f-7af19a46d814@group-5F52F902B742-LeaderElection192] INFO  impl.LeaderElection (LeaderElection.java:logAndReturn(56)) - abcd8826-c056-4817-bd0f-7af19a46d814@group-5F52F902B742-LeaderElection192: Election REJECTED; received 2 response(s) [abcd8826-c056-4817-bd0f-7af19a46d814<-b8f04e38-0663-4b1f-8efd-f76585c6e86c#0:FAIL-t101, abcd8826-c056-4817-bd0f-7af19a46d814<-73297ffa-40cb-4e3e-b33e-1bc2c1da60f5#0:FAIL-t101] and 0 exception(s); abcd8826-c056-4817-bd0f-7af19a46d814@group-5F52F902B742:t101, leader=null, voted=abcd8826-c056-4817-bd0f-7af19a46d814, raftlog=abcd8826-c056-4817-bd0f-7af19a46d814@group-5F52F902B742-SegmentedRaftLog:OPENED:c-1,f-1,i0, conf=-1: [b8f04e38-0663-4b1f-8efd-f76585c6e86c:192.168.157.251:35700, abcd8826-c056-4817-bd0f-7af19a46d814:192.168.157.251:46496, 73297ffa-40cb-4e3e-b33e-1bc2c1da60f5:192.168.157.251:32952], old=null
2019-10-17 18:50:56,915 [a5e79c22-a35f-4e50-b1fd-e91b6a93d74d@group-F775CA5912AC-LeaderElection193] INFO  impl.RaftServerImpl (RaftServerImpl.java:setRole(184)) - a5e79c22-a35f-4e50-b1fd-e91b6a93d74d@group-F775CA5912AC: changes role from CANDIDATE to FOLLOWER at term 105 for DISCOVERED_A_NEW_TERM
2019-10-17 18:50:56,915 [abcd8826-c056-4817-bd0f-7af19a46d814@group-5F52F902B742-LeaderElection192] INFO  impl.RaftServerImpl (RaftServerImpl.java:setRole(184)) - abcd8826-c056-4817-bd0f-7af19a46d814@group-5F52F902B742: changes role from CANDIDATE to FOLLOWER at term 101 for DISCOVERED_A_NEW_TERM
2019-10-17 18:50:56,915 [a5e79c22-a35f-4e50-b1fd-e91b6a93d74d@group-F775CA5912AC-LeaderElection193] INFO  impl.RoleInfo (RoleInfo.java:shutdownLeaderElection(134)) - a5e79c22-a35f-4e50-b1fd-e91b6a93d74d: shutdown LeaderElection
2019-10-17 18:50:56,915 [abcd8826-c056-4817-bd0f-7af19a46d814@group-5F52F902B742-LeaderElection192] INFO  impl.RoleInfo (RoleInfo.java:shutdownLeaderElection(134)) - abcd8826-c056-4817-bd0f-7af19a46d814: shutdown LeaderElection
2019-10-17 18:50:56,915 [a5e79c22-a35f-4e50-b1fd-e91b6a93d74d@group-F775CA5912AC-LeaderElection193] INFO  impl.RoleInfo (RoleInfo.java:updateAndGet(143)) - a5e79c22-a35f-4e50-b1fd-e91b6a93d74d: start FollowerState
2019-10-17 18:50:56,915 [abcd8826-c056-4817-bd0f-7af19a46d814@group-5F52F902B742-LeaderElection192] INFO  impl.RoleInfo (RoleInfo.java:updateAndGet(143)) - abcd8826-c056-4817-bd0f-7af19a46d814: start FollowerState
2019-10-17 18:50:57,005 [Thread-1692] INFO  impl.FollowerState (FollowerState.java:run(108)) - a5e79c22-a35f-4e50-b1fd-e91b6a93d74d@group-F775CA5912AC-FollowerState: change to CANDIDATE, lastRpcTime:89ms, electionTimeout:89ms
2019-10-17 18:50:57,005 [Thread-1692] INFO  impl.RoleInfo (RoleInfo.java:shutdownFollowerState(121)) - a5e79c22-a35f-4e50-b1fd-e91b6a93d74d: shutdown FollowerState
2019-10-17 18:50:57,005 [Thread-1692] INFO  impl.RaftServerImpl (RaftServerImpl.java:setRole(184)) - a5e79c22-a35f-4e50-b1fd-e91b6a93d74d@group-F775CA5912AC: changes role from  FOLLOWER to CANDIDATE at term 105 for changeToCandidate
2019-10-17 18:50:57,006 [Thread-1692] INFO  impl.RoleInfo (RoleInfo.java:updateAndGet(143)) - a5e79c22-a35f-4e50-b1fd-e91b6a93d74d: start LeaderElection
2019-10-17 18:50:57,019 [a5e79c22-a35f-4e50-b1fd-e91b6a93d74d@group-F775CA5912AC-LeaderElection194] INFO  impl.LeaderElection (LeaderElection.java:askForVotes(178)) - a5e79c22-a35f-4e50-b1fd-e91b6a93d74d@group-F775CA5912AC-LeaderElection194: begin an election at term 106 for -1: [a5e79c22-a35f-4e50-b1fd-e91b6a93d74d:192.168.157.251:45177, daae7813-f814-475d-9647-a302a5541e36:192.168.157.251:45025, 1e4e1375-1b66-460f-8c99-4c341545a119:192.168.157.251:42113], old=null
2019-10-17 18:50:57,022 [grpc-default-executor-4] INFO  impl.RaftServerImpl (RaftServerImpl.java:setRole(184)) - daae7813-f814-475d-9647-a302a5541e36@group-F775CA5912AC: changes role from  FOLLOWER to FOLLOWER at term 106 for recognizeCandidate:a5e79c22-a35f-4e50-b1fd-e91b6a93d74d
2019-10-17 18:50:57,022 [grpc-default-executor-4] INFO  impl.RoleInfo (RoleInfo.java:shutdownFollowerState(121)) - daae7813-f814-475d-9647-a302a5541e36: shutdown FollowerState
2019-10-17 18:50:57,023 [Thread-1689] INFO  impl.FollowerState (FollowerState.java:run(117)) - daae7813-f814-475d-9647-a302a5541e36@group-F775CA5912AC-FollowerState was interrupted: java.lang.InterruptedException: sleep interrupted
2019-10-17 18:50:57,023 [grpc-default-executor-4] INFO  impl.RoleInfo (RoleInfo.java:updateAndGet(143)) - daae7813-f814-475d-9647-a302a5541e36: start FollowerState
2019-10-17 18:50:57,028 [grpc-default-executor-0] INFO  impl.RaftServerImpl (RaftServerImpl.java:setRole(184)) - 1e4e1375-1b66-460f-8c99-4c341545a119@group-F775CA5912AC: changes role from  FOLLOWER to FOLLOWER at term 106 for recognizeCandidate:a5e79c22-a35f-4e50-b1fd-e91b6a93d74d
2019-10-17 18:50:57,028 [grpc-default-executor-0] INFO  impl.RoleInfo (RoleInfo.java:shutdownFollowerState(121)) - 1e4e1375-1b66-460f-8c99-4c341545a119: shutdown FollowerState
2019-10-17 18:50:57,029 [grpc-default-executor-0] INFO  impl.RoleInfo (RoleInfo.java:updateAndGet(143)) - 1e4e1375-1b66-460f-8c99-4c341545a119: start FollowerState
2019-10-17 18:50:57,029 [Thread-1690] INFO  impl.FollowerState (FollowerState.java:run(117)) - 1e4e1375-1b66-460f-8c99-4c341545a119@group-F775CA5912AC-FollowerState was interrupted: java.lang.InterruptedException: sleep interrupted
2019-10-17 18:50:57,043 [Thread-1693] INFO  impl.FollowerState (FollowerState.java:run(108)) - abcd8826-c056-4817-bd0f-7af19a46d814@group-5F52F902B742-FollowerState: change to CANDIDATE, lastRpcTime:127ms, electionTimeout:127ms
2019-10-17 18:50:57,043 [Thread-1693] INFO  impl.RoleInfo (RoleInfo.java:shutdownFollowerState(121)) - abcd8826-c056-4817-bd0f-7af19a46d814: shutdown FollowerState
2019-10-17 18:50:57,043 [Thread-1693] INFO  impl.RaftServerImpl (RaftServerImpl.java:setRole(184)) - abcd8826-c056-4817-bd0f-7af19a46d814@group-5F52F902B742: changes role from  FOLLOWER to CANDIDATE at term 101 for changeToCandidate
2019-10-17 18:50:57,043 [Thread-1693] INFO  impl.RoleInfo (RoleInfo.java:updateAndGet(143)) - abcd8826-c056-4817-bd0f-7af19a46d814: start LeaderElection
2019-10-17 18:50:57,053 [a5e79c22-a35f-4e50-b1fd-e91b6a93d74d@group-F775CA5912AC-LeaderElection194] INFO  impl.LeaderElection (LeaderElection.java:logAndReturn(56)) - a5e79c22-a35f-4e50-b1fd-e91b6a93d74d@group-F775CA5912AC-LeaderElection194: Election REJECTED; received 2 response(s) [a5e79c22-a35f-4e50-b1fd-e91b6a93d74d<-daae7813-f814-475d-9647-a302a5541e36#0:FAIL-t106, a5e79c22-a35f-4e50-b1fd-e91b6a93d74d<-1e4e1375-1b66-460f-8c99-4c341545a119#0:FAIL-t106] and 0 exception(s); a5e79c22-a35f-4e50-b1fd-e91b6a93d74d@group-F775CA5912AC:t106, leader=null, voted=a5e79c22-a35f-4e50-b1fd-e91b6a93d74d, raftlog=a5e79c22-a35f-4e50-b1fd-e91b6a93d74d@group-F775CA5912AC-SegmentedRaftLog:OPENED:c-1,f-1,i0, conf=-1: [a5e79c22-a35f-4e50-b1fd-e91b6a93d74d:192.168.157.251:45177, daae7813-f814-475d-9647-a302a5541e36:192.168.157.251:45025, 1e4e1375-1b66-460f-8c99-4c341545a119:192.168.157.251:42113], old=null
2019-10-17 18:50:57,056 [a5e79c22-a35f-4e50-b1fd-e91b6a93d74d@group-F775CA5912AC-LeaderElection194] INFO  impl.RaftServerImpl (RaftServerImpl.java:setRole(184)) - a5e79c22-a35f-4e50-b1fd-e91b6a93d74d@group-F775CA5912AC: changes role from CANDIDATE to FOLLOWER at term 106 for DISCOVERED_A_NEW_TERM
2019-10-17 18:50:57,056 [a5e79c22-a35f-4e50-b1fd-e91b6a93d74d@group-F775CA5912AC-LeaderElection194] INFO  impl.RoleInfo (RoleInfo.java:shutdownLeaderElection(134)) - a5e79c22-a35f-4e50-b1fd-e91b6a93d74d: shutdown LeaderElection
2019-10-17 18:50:57,056 [a5e79c22-a35f-4e50-b1fd-e91b6a93d74d@group-F775CA5912AC-LeaderElection194] INFO  impl.RoleInfo (RoleInfo.java:updateAndGet(143)) - a5e79c22-a35f-4e50-b1fd-e91b6a93d74d: start FollowerState
2019-10-17 18:50:57,066 [abcd8826-c056-4817-bd0f-7af19a46d814@group-5F52F902B742-LeaderElection195] INFO  impl.LeaderElection (LeaderElection.java:askForVotes(178)) - abcd8826-c056-4817-bd0f-7af19a46d814@group-5F52F902B742-LeaderElection195: begin an election at term 102 for -1: [b8f04e38-0663-4b1f-8efd-f76585c6e86c:192.168.157.251:35700, abcd8826-c056-4817-bd0f-7af19a46d814:192.168.157.251:46496, 73297ffa-40cb-4e3e-b33e-1bc2c1da60f5:192.168.157.251:32952], old=null
2019-10-17 18:50:57,068 [grpc-default-executor-4] INFO  impl.RaftServerImpl (RaftServerImpl.java:setRole(184)) - b8f04e38-0663-4b1f-8efd-f76585c6e86c@group-5F52F902B742: changes role from  FOLLOWER to FOLLOWER at term 102 for recognizeCandidate:abcd8826-c056-4817-bd0f-7af19a46d814
2019-10-17 18:50:57,068 [grpc-default-executor-4] INFO  impl.RoleInfo (RoleInfo.java:shutdownFollowerState(121)) - b8f04e38-0663-4b1f-8efd-f76585c6e86c: shutdown FollowerState
2019-10-17 18:50:57,068 [grpc-default-executor-5] INFO  impl.RaftServerImpl (RaftServerImpl.java:setRole(184)) - 73297ffa-40cb-4e3e-b33e-1bc2c1da60f5@group-5F52F902B742: changes role from  FOLLOWER to FOLLOWER at term 102 for recognizeCandidate:abcd8826-c056-4817-bd0f-7af19a46d814
2019-10-17 18:50:57,069 [grpc-default-executor-5] INFO  impl.RoleInfo (RoleInfo.java:shutdownFollowerState(121)) - 73297ffa-40cb-4e3e-b33e-1bc2c1da60f5: shutdown FollowerState
2019-10-17 18:50:57,068 [grpc-default-executor-4] INFO  impl.RoleInfo (RoleInfo.java:updateAndGet(143)) - b8f04e38-0663-4b1f-8efd-f76585c6e86c: start FollowerState
2019-10-17 18:50:57,069 [Thread-1688] INFO  impl.FollowerState (FollowerState.java:run(117)) - 73297ffa-40cb-4e3e-b33e-1bc2c1da60f5@group-5F52F902B742-FollowerState was interrupted: java.lang.InterruptedException: sleep interrupted
2019-10-17 18:50:57,069 [grpc-default-executor-5] INFO  impl.RoleInfo (RoleInfo.java:updateAndGet(143)) - 73297ffa-40cb-4e3e-b33e-1bc2c1da60f5: start FollowerState
2019-10-17 18:50:57,069 [Thread-1691] INFO  impl.FollowerState (FollowerState.java:run(117)) - b8f04e38-0663-4b1f-8efd-f76585c6e86c@group-5F52F902B742-FollowerState was interrupted: java.lang.InterruptedException: sleep interrupted
2019-10-17 18:50:57,094 [abcd8826-c056-4817-bd0f-7af19a46d814@group-5F52F902B742-LeaderElection195] INFO  impl.LeaderElection (LeaderElection.java:logAndReturn(56)) - abcd8826-c056-4817-bd0f-7af19a46d814@group-5F52F902B742-LeaderElection195: Election REJECTED; received 2 response(s) [abcd8826-c056-4817-bd0f-7af19a46d814<-b8f04e38-0663-4b1f-8efd-f76585c6e86c#0:FAIL-t102, abcd8826-c056-4817-bd0f-7af19a46d814<-73297ffa-40cb-4e3e-b33e-1bc2c1da60f5#0:FAIL-t102] and 0 exception(s); abcd8826-c056-4817-bd0f-7af19a46d814@group-5F52F902B742:t102, leader=null, voted=abcd8826-c056-4817-bd0f-7af19a46d814, raftlog=abcd8826-c056-4817-bd0f-7af19a46d814@group-5F52F902B742-SegmentedRaftLog:OPENED:c-1,f-1,i0, conf=-1: [b8f04e38-0663-4b1f-8efd-f76585c6e86c:192.168.157.251:35700, abcd8826-c056-4817-bd0f-7af19a46d814:192.168.157.251:46496, 73297ffa-40cb-4e3e-b33e-1bc2c1da60f5:192.168.157.251:32952], old=null
2019-10-17 18:50:57,094 [abcd8826-c056-4817-bd0f-7af19a46d814@group-5F52F902B742-LeaderElection195] INFO  impl.RaftServerImpl (RaftServerImpl.java:setRole(184)) - abcd8826-c056-4817-bd0f-7af19a46d814@group-5F52F902B742: changes role from CANDIDATE to FOLLOWER at term 102 for DISCOVERED_A_NEW_TERM
2019-10-17 18:50:57,094 [abcd8826-c056-4817-bd0f-7af19a46d814@group-5F52F902B742-LeaderElection195] INFO  impl.RoleInfo (RoleInfo.java:shutdownLeaderElection(134)) - abcd8826-c056-4817-bd0f-7af19a46d814: shutdown LeaderElection
2019-10-17 18:50:57,094 [abcd8826-c056-4817-bd0f-7af19a46d814@group-5F52F902B742-LeaderElection195] INFO  impl.RoleInfo (RoleInfo.java:updateAndGet(143)) - abcd8826-c056-4817-bd0f-7af19a46d814: start FollowerState
2019-10-17 18:50:57,157 [Thread-1702] INFO  impl.FollowerState (FollowerState.java:run(108)) - a5e79c22-a35f-4e50-b1fd-e91b6a93d74d@group-F775CA5912AC-FollowerState: change to CANDIDATE, lastRpcTime:100ms, electionTimeout:100ms
2019-10-17 18:50:57,157 [Thread-1702] INFO  impl.RoleInfo (RoleInfo.java:shutdownFollowerState(121)) - a5e79c22-a35f-4e50-b1fd-e91b6a93d74d: shutdown FollowerState
2019-10-17 18:50:57,157 [Thread-1702] INFO  impl.RaftServerImpl (RaftServerImpl.java:setRole(184)) - a5e79c22-a35f-4e50-b1fd-e91b6a93d74d@group-F775CA5912AC: changes role from  FOLLOWER to CANDIDATE at term 106 for changeToCandidate
2019-10-17 18:50:57,157 [Thread-1702] INFO  impl.RoleInfo (RoleInfo.java:updateAndGet(143)) - a5e79c22-a35f-4e50-b1fd-e91b6a93d74d: start LeaderElection
2019-10-17 18:50:57,170 [a5e79c22-a35f-4e50-b1fd-e91b6a93d74d@group-F775CA5912AC-LeaderElection196] INFO  impl.LeaderElection (LeaderElection.java:askForVotes(178)) - a5e79c22-a35f-4e50-b1fd-e91b6a93d74d@group-F775CA5912AC-LeaderElection196: begin an election at term 107 for -1: [a5e79c22-a35f-4e50-b1fd-e91b6a93d74d:192.168.157.251:45177, daae7813-f814-475d-9647-a302a5541e36:192.168.157.251:45025, 1e4e1375-1b66-460f-8c99-4c341545a119:192.168.157.251:42113], old=null
2019-10-17 18:50:57,173 [grpc-default-executor-5] INFO  impl.RaftServerImpl (RaftServerImpl.java:setRole(184)) - 1e4e1375-1b66-460f-8c99-4c341545a119@group-F775CA5912AC: changes role from  FOLLOWER to FOLLOWER at term 107 for recognizeCandidate:a5e79c22-a35f-4e50-b1fd-e91b6a93d74d
2019-10-17 18:50:57,173 [grpc-default-executor-5] INFO  impl.RoleInfo (RoleInfo.java:shutdownFollowerState(121)) - 1e4e1375-1b66-460f-8c99-4c341545a119: shutdown FollowerState
2019-10-17 18:50:57,173 [grpc-default-executor-4] INFO  impl.RaftServerImpl (RaftServerImpl.java:setRole(184)) - daae7813-f814-475d-9647-a302a5541e36@group-F775CA5912AC: changes role from  FOLLOWER to FOLLOWER at term 107 for recognizeCandidate:a5e79c22-a35f-4e50-b1fd-e91b6a93d74d
2019-10-17 18:50:57,173 [Thread-1698] INFO  impl.FollowerState (FollowerState.java:run(117)) - 1e4e1375-1b66-460f-8c99-4c341545a119@group-F775CA5912AC-FollowerState was interrupted: java.lang.InterruptedException: sleep interrupted
2019-10-17 18:50:57,173 [grpc-default-executor-5] INFO  impl.RoleInfo (RoleInfo.java:updateAndGet(143)) - 1e4e1375-1b66-460f-8c99-4c341545a119: start FollowerState
2019-10-17 18:50:57,173 [grpc-default-executor-4] INFO  impl.RoleInfo (RoleInfo.java:shutdownFollowerState(121)) - daae7813-f814-475d-9647-a302a5541e36: shutdown FollowerState
2019-10-17 18:50:57,174 [grpc-default-executor-4] INFO  impl.RoleInfo (RoleInfo.java:updateAndGet(143)) - daae7813-f814-475d-9647-a302a5541e36: start FollowerState
2019-10-17 18:50:57,174 [Thread-1697] INFO  impl.FollowerState (FollowerState.java:run(117)) - daae7813-f814-475d-9647-a302a5541e36@group-F775CA5912AC-FollowerState was interrupted: java.lang.InterruptedException: sleep interrupted
2019-10-17 18:50:57,188 [a5e79c22-a35f-4e50-b1fd-e91b6a93d74d@group-F775CA5912AC-LeaderElection196] INFO  impl.LeaderElection (LeaderElection.java:logAndReturn(56)) - a5e79c22-a35f-4e50-b1fd-e91b6a93d74d@group-F775CA5912AC-LeaderElection196: Election REJECTED; received 2 response(s) [a5e79c22-a35f-4e50-b1fd-e91b6a93d74d<-daae7813-f814-475d-9647-a302a5541e36#0:FAIL-t107, a5e79c22-a35f-4e50-b1fd-e91b6a93d74d<-1e4e1375-1b66-460f-8c99-4c341545a119#0:FAIL-t107] and 0 exception(s); a5e79c22-a35f-4e50-b1fd-e91b6a93d74d@group-F775CA5912AC:t107, leader=null, voted=a5e79c22-a35f-4e50-b1fd-e91b6a93d74d, raftlog=a5e79c22-a35f-4e50-b1fd-e91b6a93d74d@group-F775CA5912AC-SegmentedRaftLog:OPENED:c-1,f-1,i0, conf=-1: [a5e79c22-a35f-4e50-b1fd-e91b6a93d74d:192.168.157.251:45177, daae7813-f814-475d-9647-a302a5541e36:192.168.157.251:45025, 1e4e1375-1b66-460f-8c99-4c341545a119:192.168.157.251:42113], old=null
2019-10-17 18:50:57,188 [a5e79c22-a35f-4e50-b1fd-e91b6a93d74d@group-F775CA5912AC-LeaderElection196] INFO  impl.RaftServerImpl (RaftServerImpl.java:setRole(184)) - a5e79c22-a35f-4e50-b1fd-e91b6a93d74d@group-F775CA5912AC: changes role from CANDIDATE to FOLLOWER at term 107 for DISCOVERED_A_NEW_TERM
2019-10-17 18:50:57,189 [a5e79c22-a35f-4e50-b1fd-e91b6a93d74d@group-F775CA5912AC-LeaderElection196] INFO  impl.RoleInfo (RoleInfo.java:shutdownLeaderElection(134)) - a5e79c22-a35f-4e50-b1fd-e91b6a93d74d: shutdown LeaderElection
2019-10-17 18:50:57,189 [a5e79c22-a35f-4e50-b1fd-e91b6a93d74d@group-F775CA5912AC-LeaderElection196] INFO  impl.RoleInfo (RoleInfo.java:updateAndGet(143)) - a5e79c22-a35f-4e50-b1fd-e91b6a93d74d: start FollowerState
2019-10-17 18:50:57,216 [Thread-1713] INFO  impl.FollowerState (FollowerState.java:run(108)) - a5e79c22-a35f-4e50-b1fd-e91b6a93d74d@group-F775CA5912AC-FollowerState: change to CANDIDATE, lastRpcTime:27ms, electionTimeout:27ms
2019-10-17 18:50:57,216 [Thread-1713] INFO  impl.RoleInfo (RoleInfo.java:shutdownFollowerState(121)) - a5e79c22-a35f-4e50-b1fd-e91b6a93d74d: shutdown FollowerState
2019-10-17 18:50:57,217 [Thread-1713] INFO  impl.RaftServerImpl (RaftServerImpl.java:setRole(184)) - a5e79c22-a35f-4e50-b1fd-e91b6a93d74d@group-F775CA5912AC: changes role from  FOLLOWER to CANDIDATE at term 107 for changeToCandidate
2019-10-17 18:50:57,217 [Thread-1713] INFO  impl.RoleInfo (RoleInfo.java:updateAndGet(143)) - a5e79c22-a35f-4e50-b1fd-e91b6a93d74d: start LeaderElection
2019-10-17 18:50:57,231 [a5e79c22-a35f-4e50-b1fd-e91b6a93d74d@group-F775CA5912AC-LeaderElection197] INFO  impl.LeaderElection (LeaderElection.java:askForVotes(178)) - a5e79c22-a35f-4e50-b1fd-e91b6a93d74d@group-F775CA5912AC-LeaderElection197: begin an election at term 108 for -1: [a5e79c22-a35f-4e50-b1fd-e91b6a93d74d:192.168.157.251:45177, daae7813-f814-475d-9647-a302a5541e36:192.168.157.251:45025, 1e4e1375-1b66-460f-8c99-4c341545a119:192.168.157.251:42113], old=null
2019-10-17 18:50:57,234 [grpc-default-executor-5] INFO  impl.RaftServerImpl (RaftServerImpl.java:setRole(184)) - daae7813-f814-475d-9647-a302a5541e36@group-F775CA5912AC: changes role from  FOLLOWER to FOLLOWER at term 108 for recognizeCandidate:a5e79c22-a35f-4e50-b1fd-e91b6a93d74d
2019-10-17 18:50:57,234 [grpc-default-executor-4] INFO  impl.RaftServerImpl (RaftServerImpl.java:setRole(184)) - 1e4e1375-1b66-460f-8c99-4c341545a119@group-F775CA5912AC: changes role from  FOLLOWER to FOLLOWER at term 108 for recognizeCandidate:a5e79c22-a35f-4e50-b1fd-e91b6a93d74d
2019-10-17 18:50:57,234 [grpc-default-executor-5] INFO  impl.RoleInfo (RoleInfo.java:shutdownFollowerState(121)) - daae7813-f814-475d-9647-a302a5541e36: shutdown FollowerState
2019-10-17 18:50:57,234 [grpc-default-executor-4] INFO  impl.RoleInfo (RoleInfo.java:shutdownFollowerState(121)) - 1e4e1375-1b66-460f-8c99-4c341545a119: shutdown FollowerState
2019-10-17 18:50:57,235 [Thread-1712] INFO  impl.FollowerState (FollowerState.java:run(117)) - daae7813-f814-475d-9647-a302a5541e36@group-F775CA5912AC-FollowerState was interrupted: java.lang.InterruptedException: sleep interrupted
2019-10-17 18:50:57,235 [grpc-default-executor-5] INFO  impl.RoleInfo (RoleInfo.java:updateAndGet(143)) - daae7813-f814-475d-9647-a302a5541e36: start FollowerState
2019-10-17 18:50:57,235 [Thread-1711] INFO  impl.FollowerState (FollowerState.java:run(117)) - 1e4e1375-1b66-460f-8c99-4c341545a119@group-F775CA5912AC-FollowerState was interrupted: java.lang.InterruptedException: sleep interrupted
2019-10-17 18:50:57,235 [grpc-default-executor-4] INFO  impl.RoleInfo (RoleInfo.java:updateAndGet(143)) - 1e4e1375-1b66-460f-8c99-4c341545a119: start FollowerState
2019-10-17 18:50:57,249 [a5e79c22-a35f-4e50-b1fd-e91b6a93d74d@group-F775CA5912AC-LeaderElection197] INFO  impl.LeaderElection (LeaderElection.java:logAndReturn(56)) - a5e79c22-a35f-4e50-b1fd-e91b6a93d74d@group-F775CA5912AC-LeaderElection197: Election REJECTED; received 2 response(s) [a5e79c22-a35f-4e50-b1fd-e91b6a93d74d<-daae7813-f814-475d-9647-a302a5541e36#0:FAIL-t108, a5e79c22-a35f-4e50-b1fd-e91b6a93d74d<-1e4e1375-1b66-460f-8c99-4c341545a119#0:FAIL-t108] and 0 exception(s); a5e79c22-a35f-4e50-b1fd-e91b6a93d74d@group-F775CA5912AC:t108, leader=null, voted=a5e79c22-a35f-4e50-b1fd-e91b6a93d74d, raftlog=a5e79c22-a35f-4e50-b1fd-e91b6a93d74d@group-F775CA5912AC-SegmentedRaftLog:OPENED:c-1,f-1,i0, conf=-1: [a5e79c22-a35f-4e50-b1fd-e91b6a93d74d:192.168.157.251:45177, daae7813-f814-475d-9647-a302a5541e36:192.168.157.251:45025, 1e4e1375-1b66-460f-8c99-4c341545a119:192.168.157.251:42113], old=null
2019-10-17 18:50:57,249 [a5e79c22-a35f-4e50-b1fd-e91b6a93d74d@group-F775CA5912AC-LeaderElection197] INFO  impl.RaftServerImpl (RaftServerImpl.java:setRole(184)) - a5e79c22-a35f-4e50-b1fd-e91b6a93d74d@group-F775CA5912AC: changes role from CANDIDATE to FOLLOWER at term 108 for DISCOVERED_A_NEW_TERM
2019-10-17 18:50:57,250 [a5e79c22-a35f-4e50-b1fd-e91b6a93d74d@group-F775CA5912AC-LeaderElection197] INFO  impl.RoleInfo (RoleInfo.java:shutdownLeaderElection(134)) - a5e79c22-a35f-4e50-b1fd-e91b6a93d74d: shutdown LeaderElection
2019-10-17 18:50:57,250 [a5e79c22-a35f-4e50-b1fd-e91b6a93d74d@group-F775CA5912AC-LeaderElection197] INFO  impl.RoleInfo (RoleInfo.java:updateAndGet(143)) - a5e79c22-a35f-4e50-b1fd-e91b6a93d74d: start FollowerState
2019-10-17 18:50:57,254 [Thread-1707] INFO  impl.FollowerState (FollowerState.java:run(108)) - abcd8826-c056-4817-bd0f-7af19a46d814@group-5F52F902B742-FollowerState: change to CANDIDATE, lastRpcTime:160ms, electionTimeout:160ms
2019-10-17 18:50:57,254 [Thread-1707] INFO  impl.RoleInfo (RoleInfo.java:shutdownFollowerState(121)) - abcd8826-c056-4817-bd0f-7af19a46d814: shutdown FollowerState
2019-10-17 18:50:57,255 [Thread-1707] INFO  impl.RaftServerImpl (RaftServerImpl.java:setRole(184)) - abcd8826-c056-4817-bd0f-7af19a46d814@group-5F52F902B742: changes role from  FOLLOWER to CANDIDATE at term 102 for changeToCandidate
2019-10-17 18:50:57,255 [Thread-1707] INFO  impl.RoleInfo (RoleInfo.java:updateAndGet(143)) - abcd8826-c056-4817-bd0f-7af19a46d814: start LeaderElection
2019-10-17 18:50:57,268 [abcd8826-c056-4817-bd0f-7af19a46d814@group-5F52F902B742-LeaderElection198] INFO  impl.LeaderElection (LeaderElection.java:askForVotes(178)) - abcd8826-c056-4817-bd0f-7af19a46d814@group-5F52F902B742-LeaderElection198: begin an election at term 103 for -1: [b8f04e38-0663-4b1f-8efd-f76585c6e86c:192.168.157.251:35700, abcd8826-c056-4817-bd0f-7af19a46d814:192.168.157.251:46496, 73297ffa-40cb-4e3e-b33e-1bc2c1da60f5:192.168.157.251:32952], old=null
2019-10-17 18:50:57,270 [grpc-default-executor-5] INFO  impl.RaftServerImpl (RaftServerImpl.java:setRole(184)) - b8f04e38-0663-4b1f-8efd-f76585c6e86c@group-5F52F902B742: changes role from  FOLLOWER to FOLLOWER at term 103 for recognizeCandidate:abcd8826-c056-4817-bd0f-7af19a46d814
2019-10-17 18:50:57,270 [grpc-default-executor-5] INFO  impl.RoleInfo (RoleInfo.java:shutdownFollowerState(121)) - b8f04e38-0663-4b1f-8efd-f76585c6e86c: shutdown FollowerState
2019-10-17 18:50:57,270 [grpc-default-executor-5] INFO  impl.RoleInfo (RoleInfo.java:updateAndGet(143)) - b8f04e38-0663-4b1f-8efd-f76585c6e86c: start FollowerState
2019-10-17 18:50:57,270 [Thread-1705] INFO  impl.FollowerState (FollowerState.java:run(117)) - b8f04e38-0663-4b1f-8efd-f76585c6e86c@group-5F52F902B742-FollowerState was interrupted: java.lang.InterruptedException: sleep interrupted
2019-10-17 18:50:57,271 [grpc-default-executor-4] INFO  impl.RaftServerImpl (RaftServerImpl.java:setRole(184)) - 73297ffa-40cb-4e3e-b33e-1bc2c1da60f5@group-5F52F902B742: changes role from  FOLLOWER to FOLLOWER at term 103 for recognizeCandidate:abcd8826-c056-4817-bd0f-7af19a46d814
2019-10-17 18:50:57,271 [grpc-default-executor-4] INFO  impl.RoleInfo (RoleInfo.java:shutdownFollowerState(121)) - 73297ffa-40cb-4e3e-b33e-1bc2c1da60f5: shutdown FollowerState
2019-10-17 18:50:57,271 [grpc-default-executor-4] INFO  impl.RoleInfo (RoleInfo.java:updateAndGet(143)) - 73297ffa-40cb-4e3e-b33e-1bc2c1da60f5: start FollowerState
2019-10-17 18:50:57,271 [Thread-1706] INFO  impl.FollowerState (FollowerState.java:run(117)) - 73297ffa-40cb-4e3e-b33e-1bc2c1da60f5@group-5F52F902B742-FollowerState was interrupted: java.lang.InterruptedException: sleep interrupted
2019-10-17 18:50:57,287 [abcd8826-c056-4817-bd0f-7af19a46d814@group-5F52F902B742-LeaderElection198] INFO  impl.LeaderElection (LeaderElection.java:logAndReturn(56)) - abcd8826-c056-4817-bd0f-7af19a46d814@group-5F52F902B742-LeaderElection198: Election REJECTED; received 2 response(s) [abcd8826-c056-4817-bd0f-7af19a46d814<-b8f04e38-0663-4b1f-8efd-f76585c6e86c#0:FAIL-t103, abcd8826-c056-4817-bd0f-7af19a46d814<-73297ffa-40cb-4e3e-b33e-1bc2c1da60f5#0:FAIL-t103] and 0 exception(s); abcd8826-c056-4817-bd0f-7af19a46d814@group-5F52F902B742:t103, leader=null, voted=abcd8826-c056-4817-bd0f-7af19a46d814, raftlog=abcd8826-c056-4817-bd0f-7af19a46d814@group-5F52F902B742-SegmentedRaftLog:OPENED:c-1,f-1,i0, conf=-1: [b8f04e38-0663-4b1f-8efd-f76585c6e86c:192.168.157.251:35700, abcd8826-c056-4817-bd0f-7af19a46d814:192.168.157.251:46496, 73297ffa-40cb-4e3e-b33e-1bc2c1da60f5:192.168.157.251:32952], old=null
2019-10-17 18:50:57,287 [abcd8826-c056-4817-bd0f-7af19a46d814@group-5F52F902B742-LeaderElection198] INFO  impl.RaftServerImpl (RaftServerImpl.java:setRole(184)) - abcd8826-c056-4817-bd0f-7af19a46d814@group-5F52F902B742: changes role from CANDIDATE to FOLLOWER at term 103 for DISCOVERED_A_NEW_TERM
2019-10-17 18:50:57,287 [abcd8826-c056-4817-bd0f-7af19a46d814@group-5F52F902B742-LeaderElection198] INFO  impl.RoleInfo (RoleInfo.java:shutdownLeaderElection(134)) - abcd8826-c056-4817-bd0f-7af19a46d814: shutdown LeaderElection
2019-10-17 18:50:57,287 [abcd8826-c056-4817-bd0f-7af19a46d814@group-5F52F902B742-LeaderElection198] INFO  impl.RoleInfo (RoleInfo.java:updateAndGet(143)) - abcd8826-c056-4817-bd0f-7af19a46d814: start FollowerState
2019-10-17 18:50:57,337 [Thread-1719] INFO  impl.FollowerState (FollowerState.java:run(108)) - a5e79c22-a35f-4e50-b1fd-e91b6a93d74d@group-F775CA5912AC-FollowerState: change to CANDIDATE, lastRpcTime:87ms, electionTimeout:87ms
2019-10-17 18:50:57,337 [Thread-1719] INFO  impl.RoleInfo (RoleInfo.java:shutdownFollowerState(121)) - a5e79c22-a35f-4e50-b1fd-e91b6a93d74d: shutdown FollowerState
2019-10-17 18:50:57,337 [Thread-1719] INFO  impl.RaftServerImpl (RaftServerImpl.java:setRole(184)) - a5e79c22-a35f-4e50-b1fd-e91b6a93d74d@group-F775CA5912AC: changes role from  FOLLOWER to CANDIDATE at term 108 for changeToCandidate
2019-10-17 18:50:57,337 [Thread-1719] INFO  impl.RoleInfo (RoleInfo.java:updateAndGet(143)) - a5e79c22-a35f-4e50-b1fd-e91b6a93d74d: start LeaderElection
2019-10-17 18:50:57,351 [a5e79c22-a35f-4e50-b1fd-e91b6a93d74d@group-F775CA5912AC-LeaderElection199] INFO  impl.LeaderElection (LeaderElection.java:askForVotes(178)) - a5e79c22-a35f-4e50-b1fd-e91b6a93d74d@group-F775CA5912AC-LeaderElection199: begin an election at term 109 for -1: [a5e79c22-a35f-4e50-b1fd-e91b6a93d74d:192.168.157.251:45177, daae7813-f814-475d-9647-a302a5541e36:192.168.157.251:45025, 1e4e1375-1b66-460f-8c99-4c341545a119:192.168.157.251:42113], old=null
2019-10-17 18:50:57,354 [grpc-default-executor-4] INFO  impl.RaftServerImpl (RaftServerImpl.java:setRole(184)) - daae7813-f814-475d-9647-a302a5541e36@group-F775CA5912AC: changes role from  FOLLOWER to FOLLOWER at term 109 for recognizeCandidate:a5e79c22-a35f-4e50-b1fd-e91b6a93d74d
2019-10-17 18:50:57,354 [grpc-default-executor-4] INFO  impl.RoleInfo (RoleInfo.java:shutdownFollowerState(121)) - daae7813-f814-475d-9647-a302a5541e36: shutdown FollowerState
2019-10-17 18:50:57,354 [grpc-default-executor-4] INFO  impl.RoleInfo (RoleInfo.java:updateAndGet(143)) - daae7813-f814-475d-9647-a302a5541e36: start FollowerState
2019-10-17 18:50:57,354 [Thread-1717] INFO  impl.FollowerState (FollowerState.java:run(117)) - daae7813-f814-475d-9647-a302a5541e36@group-F775CA5912AC-FollowerState was interrupted: java.lang.InterruptedException: sleep interrupted
2019-10-17 18:50:57,354 [grpc-default-executor-5] INFO  impl.RaftServerImpl (RaftServerImpl.java:setRole(184)) - 1e4e1375-1b66-460f-8c99-4c341545a119@group-F775CA5912AC: changes role from  FOLLOWER to FOLLOWER at term 109 for recognizeCandidate:a5e79c22-a35f-4e50-b1fd-e91b6a93d74d
2019-10-17 18:50:57,354 [grpc-default-executor-5] INFO  impl.RoleInfo (RoleInfo.java:shutdownFollowerState(121)) - 1e4e1375-1b66-460f-8c99-4c341545a119: shutdown FollowerState
2019-10-17 18:50:57,354 [grpc-default-executor-5] INFO  impl.RoleInfo (RoleInfo.java:updateAndGet(143)) - 1e4e1375-1b66-460f-8c99-4c341545a119: start FollowerState
2019-10-17 18:50:57,354 [Thread-1718] INFO  impl.FollowerState (FollowerState.java:run(117)) - 1e4e1375-1b66-460f-8c99-4c341545a119@group-F775CA5912AC-FollowerState was interrupted: java.lang.InterruptedException: sleep interrupted
2019-10-17 18:50:57,369 [a5e79c22-a35f-4e50-b1fd-e91b6a93d74d@group-F775CA5912AC-LeaderElection199] INFO  impl.LeaderElection (LeaderElection.java:logAndReturn(56)) - a5e79c22-a35f-4e50-b1fd-e91b6a93d74d@group-F775CA5912AC-LeaderElection199: Election REJECTED; received 2 response(s) [a5e79c22-a35f-4e50-b1fd-e91b6a93d74d<-daae7813-f814-475d-9647-a302a5541e36#0:FAIL-t109, a5e79c22-a35f-4e50-b1fd-e91b6a93d74d<-1e4e1375-1b66-460f-8c99-4c341545a119#0:FAIL-t109] and 0 exception(s); a5e79c22-a35f-4e50-b1fd-e91b6a93d74d@group-F775CA5912AC:t109, leader=null, voted=a5e79c22-a35f-4e50-b1fd-e91b6a93d74d, raftlog=a5e79c22-a35f-4e50-b1fd-e91b6a93d74d@group-F775CA5912AC-SegmentedRaftLog:OPENED:c-1,f-1,i0, conf=-1: [a5e79c22-a35f-4e50-b1fd-e91b6a93d74d:192.168.157.251:45177, daae7813-f814-475d-9647-a302a5541e36:192.168.157.251:45025, 1e4e1375-1b66-460f-8c99-4c341545a119:192.168.157.251:42113], old=null
2019-10-17 18:50:57,369 [a5e79c22-a35f-4e50-b1fd-e91b6a93d74d@group-F775CA5912AC-LeaderElection199] INFO  impl.RaftServerImpl (RaftServerImpl.java:setRole(184)) - a5e79c22-a35f-4e50-b1fd-e91b6a93d74d@group-F775CA5912AC: changes role from CANDIDATE to FOLLOWER at term 109 for DISCOVERED_A_NEW_TERM
2019-10-17 18:50:57,369 [a5e79c22-a35f-4e50-b1fd-e91b6a93d74d@group-F775CA5912AC-LeaderElection199] INFO  impl.RoleInfo (RoleInfo.java:shutdownLeaderElection(134)) - a5e79c22-a35f-4e50-b1fd-e91b6a93d74d: shutdown LeaderElection
2019-10-17 18:50:57,370 [a5e79c22-a35f-4e50-b1fd-e91b6a93d74d@group-F775CA5912AC-LeaderElection199] INFO  impl.RoleInfo (RoleInfo.java:updateAndGet(143)) - a5e79c22-a35f-4e50-b1fd-e91b6a93d74d: start FollowerState
2019-10-17 18:50:57,409 [Thread-1725] INFO  impl.FollowerState (FollowerState.java:run(108)) - abcd8826-c056-4817-bd0f-7af19a46d814@group-5F52F902B742-FollowerState: change to CANDIDATE, lastRpcTime:122ms, electionTimeout:122ms
2019-10-17 18:50:57,410 [Thread-1725] INFO  impl.RoleInfo (RoleInfo.java:shutdownFollowerState(121)) - abcd8826-c056-4817-bd0f-7af19a46d814: shutdown FollowerState
2019-10-17 18:50:57,410 [Thread-1725] INFO  impl.RaftServerImpl (RaftServerImpl.java:setRole(184)) - abcd8826-c056-4817-bd0f-7af19a46d814@group-5F52F902B742: changes role from  FOLLOWER to CANDIDATE at term 103 for changeToCandidate
2019-10-17 18:50:57,410 [Thread-1725] INFO  impl.RoleInfo (RoleInfo.java:updateAndGet(143)) - abcd8826-c056-4817-bd0f-7af19a46d814: start LeaderElection
2019-10-17 18:50:57,435 [abcd8826-c056-4817-bd0f-7af19a46d814@group-5F52F902B742-LeaderElection200] INFO  impl.LeaderElection (LeaderElection.java:askForVotes(178)) - abcd8826-c056-4817-bd0f-7af19a46d814@group-5F52F902B742-LeaderElection200: begin an election at term 104 for -1: [b8f04e38-0663-4b1f-8efd-f76585c6e86c:192.168.157.251:35700, abcd8826-c056-4817-bd0f-7af19a46d814:192.168.157.251:46496, 73297ffa-40cb-4e3e-b33e-1bc2c1da60f5:192.168.157.251:32952], old=null
2019-10-17 18:50:57,438 [grpc-default-executor-4] INFO  impl.RaftServerImpl (RaftServerImpl.java:setRole(184)) - b8f04e38-0663-4b1f-8efd-f76585c6e86c@group-5F52F902B742: changes role from  FOLLOWER to FOLLOWER at term 104 for recognizeCandidate:abcd8826-c056-4817-bd0f-7af19a46d814
2019-10-17 18:50:57,438 [grpc-default-executor-4] INFO  impl.RoleInfo (RoleInfo.java:shutdownFollowerState(121)) - b8f04e38-0663-4b1f-8efd-f76585c6e86c: shutdown FollowerState
2019-10-17 18:50:57,438 [grpc-default-executor-4] INFO  impl.RoleInfo (RoleInfo.java:updateAndGet(143)) - b8f04e38-0663-4b1f-8efd-f76585c6e86c: start FollowerState
2019-10-17 18:50:57,438 [Thread-1723] INFO  impl.FollowerState (FollowerState.java:run(117)) - b8f04e38-0663-4b1f-8efd-f76585c6e86c@group-5F52F902B742-FollowerState was interrupted: java.lang.InterruptedException: sleep interrupted
2019-10-17 18:50:57,438 [grpc-default-executor-5] INFO  impl.RaftServerImpl (RaftServerImpl.java:setRole(184)) - 73297ffa-40cb-4e3e-b33e-1bc2c1da60f5@group-5F52F902B742: changes role from  FOLLOWER to FOLLOWER at term 104 for recognizeCandidate:abcd8826-c056-4817-bd0f-7af19a46d814
2019-10-17 18:50:57,439 [grpc-default-executor-5] INFO  impl.RoleInfo (RoleInfo.java:shutdownFollowerState(121)) - 73297ffa-40cb-4e3e-b33e-1bc2c1da60f5: shutdown FollowerState
2019-10-17 18:50:57,439 [grpc-default-executor-5] INFO  impl.RoleInfo (RoleInfo.java:updateAndGet(143)) - 73297ffa-40cb-4e3e-b33e-1bc2c1da60f5: start FollowerState
2019-10-17 18:50:57,439 [Thread-1724] INFO  impl.FollowerState (FollowerState.java:run(117)) - 73297ffa-40cb-4e3e-b33e-1bc2c1da60f5@group-5F52F902B742-FollowerState was interrupted: java.lang.InterruptedException: sleep interrupted
2019-10-17 18:50:57,448 [Thread-1731] INFO  impl.FollowerState (FollowerState.java:run(108)) - a5e79c22-a35f-4e50-b1fd-e91b6a93d74d@group-F775CA5912AC-FollowerState: change to CANDIDATE, lastRpcTime:78ms, electionTimeout:78ms
2019-10-17 18:50:57,448 [Thread-1731] INFO  impl.RoleInfo (RoleInfo.java:shutdownFollowerState(121)) - a5e79c22-a35f-4e50-b1fd-e91b6a93d74d: shutdown FollowerState
2019-10-17 18:50:57,448 [Thread-1731] INFO  impl.RaftServerImpl (RaftServerImpl.java:setRole(184)) - a5e79c22-a35f-4e50-b1fd-e91b6a93d74d@group-F775CA5912AC: changes role from  FOLLOWER to CANDIDATE at term 109 for changeToCandidate
2019-10-17 18:50:57,448 [Thread-1731] INFO  impl.RoleInfo (RoleInfo.java:updateAndGet(143)) - a5e79c22-a35f-4e50-b1fd-e91b6a93d74d: start LeaderElection
2019-10-17 18:50:57,475 [a5e79c22-a35f-4e50-b1fd-e91b6a93d74d@group-F775CA5912AC-LeaderElection201] INFO  impl.LeaderElection (LeaderElection.java:askForVotes(178)) - a5e79c22-a35f-4e50-b1fd-e91b6a93d74d@group-F775CA5912AC-LeaderElection201: begin an election at term 110 for -1: [a5e79c22-a35f-4e50-b1fd-e91b6a93d74d:192.168.157.251:45177, daae7813-f814-475d-9647-a302a5541e36:192.168.157.251:45025, 1e4e1375-1b66-460f-8c99-4c341545a119:192.168.157.251:42113], old=null
2019-10-17 18:50:57,476 [abcd8826-c056-4817-bd0f-7af19a46d814@group-5F52F902B742-LeaderElection200] INFO  impl.LeaderElection (LeaderElection.java:logAndReturn(56)) - abcd8826-c056-4817-bd0f-7af19a46d814@group-5F52F902B742-LeaderElection200: Election REJECTED; received 2 response(s) [abcd8826-c056-4817-bd0f-7af19a46d814<-b8f04e38-0663-4b1f-8efd-f76585c6e86c#0:FAIL-t104, abcd8826-c056-4817-bd0f-7af19a46d814<-73297ffa-40cb-4e3e-b33e-1bc2c1da60f5#0:FAIL-t104] and 0 exception(s); abcd8826-c056-4817-bd0f-7af19a46d814@group-5F52F902B742:t104, leader=null, voted=abcd8826-c056-4817-bd0f-7af19a46d814, raftlog=abcd8826-c056-4817-bd0f-7af19a46d814@group-5F52F902B742-SegmentedRaftLog:OPENED:c-1,f-1,i0, conf=-1: [b8f04e38-0663-4b1f-8efd-f76585c6e86c:192.168.157.251:35700, abcd8826-c056-4817-bd0f-7af19a46d814:192.168.157.251:46496, 73297ffa-40cb-4e3e-b33e-1bc2c1da60f5:192.168.157.251:32952], old=null
2019-10-17 18:50:57,477 [abcd8826-c056-4817-bd0f-7af19a46d814@group-5F52F902B742-LeaderElection200] INFO  impl.RaftServerImpl (RaftServerImpl.java:setRole(184)) - abcd8826-c056-4817-bd0f-7af19a46d814@group-5F52F902B742: changes role from CANDIDATE to FOLLOWER at term 104 for DISCOVERED_A_NEW_TERM
2019-10-17 18:50:57,477 [abcd8826-c056-4817-bd0f-7af19a46d814@group-5F52F902B742-LeaderElection200] INFO  impl.RoleInfo (RoleInfo.java:shutdownLeaderElection(134)) - abcd8826-c056-4817-bd0f-7af19a46d814: shutdown LeaderElection
2019-10-17 18:50:57,477 [abcd8826-c056-4817-bd0f-7af19a46d814@group-5F52F902B742-LeaderElection200] INFO  impl.RoleInfo (RoleInfo.java:updateAndGet(143)) - abcd8826-c056-4817-bd0f-7af19a46d814: start FollowerState
2019-10-17 18:50:57,477 [grpc-default-executor-4] INFO  impl.RaftServerImpl (RaftServerImpl.java:setRole(184)) - 1e4e1375-1b66-460f-8c99-4c341545a119@group-F775CA5912AC: changes role from  FOLLOWER to FOLLOWER at term 110 for recognizeCandidate:a5e79c22-a35f-4e50-b1fd-e91b6a93d74d
2019-10-17 18:50:57,477 [grpc-default-executor-4] INFO  impl.RoleInfo (RoleInfo.java:shutdownFollowerState(121)) - 1e4e1375-1b66-460f-8c99-4c341545a119: shutdown FollowerState
2019-10-17 18:50:57,477 [grpc-default-executor-4] INFO  impl.RoleInfo (RoleInfo.java:updateAndGet(143)) - 1e4e1375-1b66-460f-8c99-4c341545a119: start FollowerState
2019-10-17 18:50:57,477 [Thread-1730] INFO  impl.FollowerState (FollowerState.java:run(117)) - 1e4e1375-1b66-460f-8c99-4c341545a119@group-F775CA5912AC-FollowerState was interrupted: java.lang.InterruptedException: sleep interrupted
2019-10-17 18:50:57,478 [grpc-default-executor-5] INFO  impl.RaftServerImpl (RaftServerImpl.java:setRole(184)) - daae7813-f814-475d-9647-a302a5541e36@group-F775CA5912AC: changes role from  FOLLOWER to FOLLOWER at term 110 for recognizeCandidate:a5e79c22-a35f-4e50-b1fd-e91b6a93d74d
2019-10-17 18:50:57,478 [grpc-default-executor-5] INFO  impl.RoleInfo (RoleInfo.java:shutdownFollowerState(121)) - daae7813-f814-475d-9647-a302a5541e36: shutdown FollowerState
2019-10-17 18:50:57,478 [grpc-default-executor-5] INFO  impl.RoleInfo (RoleInfo.java:updateAndGet(143)) - daae7813-f814-475d-9647-a302a5541e36: start FollowerState
2019-10-17 18:50:57,478 [Thread-1729] INFO  impl.FollowerState (FollowerState.java:run(117)) - daae7813-f814-475d-9647-a302a5541e36@group-F775CA5912AC-FollowerState was interrupted: java.lang.InterruptedException: sleep interrupted
2019-10-17 18:50:57,491 [a5e79c22-a35f-4e50-b1fd-e91b6a93d74d@group-F775CA5912AC-LeaderElection201] INFO  impl.LeaderElection (LeaderElection.java:logAndReturn(56)) - a5e79c22-a35f-4e50-b1fd-e91b6a93d74d@group-F775CA5912AC-LeaderElection201: Election REJECTED; received 2 response(s) [a5e79c22-a35f-4e50-b1fd-e91b6a93d74d<-daae7813-f814-475d-9647-a302a5541e36#0:FAIL-t110, a5e79c22-a35f-4e50-b1fd-e91b6a93d74d<-1e4e1375-1b66-460f-8c99-4c341545a119#0:FAIL-t110] and 0 exception(s); a5e79c22-a35f-4e50-b1fd-e91b6a93d74d@group-F775CA5912AC:t110, leader=null, voted=a5e79c22-a35f-4e50-b1fd-e91b6a93d74d, raftlog=a5e79c22-a35f-4e50-b1fd-e91b6a93d74d@group-F775CA5912AC-SegmentedRaftLog:OPENED:c-1,f-1,i0, conf=-1: [a5e79c22-a35f-4e50-b1fd-e91b6a93d74d:192.168.157.251:45177, daae7813-f814-475d-9647-a302a5541e36:192.168.157.251:45025, 1e4e1375-1b66-460f-8c99-4c341545a119:192.168.157.251:42113], old=null
2019-10-17 18:50:57,491 [a5e79c22-a35f-4e50-b1fd-e91b6a93d74d@group-F775CA5912AC-LeaderElection201] INFO  impl.RaftServerImpl (RaftServerImpl.java:setRole(184)) - a5e79c22-a35f-4e50-b1fd-e91b6a93d74d@group-F775CA5912AC: changes role from CANDIDATE to FOLLOWER at term 110 for DISCOVERED_A_NEW_TERM
2019-10-17 18:50:57,491 [a5e79c22-a35f-4e50-b1fd-e91b6a93d74d@group-F775CA5912AC-LeaderElection201] INFO  impl.RoleInfo (RoleInfo.java:shutdownLeaderElection(134)) - a5e79c22-a35f-4e50-b1fd-e91b6a93d74d: shutdown LeaderElection
2019-10-17 18:50:57,492 [a5e79c22-a35f-4e50-b1fd-e91b6a93d74d@group-F775CA5912AC-LeaderElection201] INFO  impl.RoleInfo (RoleInfo.java:updateAndGet(143)) - a5e79c22-a35f-4e50-b1fd-e91b6a93d74d: start FollowerState
2019-10-17 18:50:57,609 [Thread-1745] INFO  impl.FollowerState (FollowerState.java:run(108)) - a5e79c22-a35f-4e50-b1fd-e91b6a93d74d@group-F775CA5912AC-FollowerState: change to CANDIDATE, lastRpcTime:117ms, electionTimeout:117ms
2019-10-17 18:50:57,609 [Thread-1745] INFO  impl.RoleInfo (RoleInfo.java:shutdownFollowerState(121)) - a5e79c22-a35f-4e50-b1fd-e91b6a93d74d: shutdown FollowerState
2019-10-17 18:50:57,609 [Thread-1745] INFO  impl.RaftServerImpl (RaftServerImpl.java:setRole(184)) - a5e79c22-a35f-4e50-b1fd-e91b6a93d74d@group-F775CA5912AC: changes role from  FOLLOWER to CANDIDATE at term 110 for changeToCandidate
2019-10-17 18:50:57,610 [Thread-1745] INFO  impl.RoleInfo (RoleInfo.java:updateAndGet(143)) - a5e79c22-a35f-4e50-b1fd-e91b6a93d74d: start LeaderElection
2019-10-17 18:50:57,623 [a5e79c22-a35f-4e50-b1fd-e91b6a93d74d@group-F775CA5912AC-LeaderElection202] INFO  impl.LeaderElection (LeaderElection.java:askForVotes(178)) - a5e79c22-a35f-4e50-b1fd-e91b6a93d74d@group-F775CA5912AC-LeaderElection202: begin an election at term 111 for -1: [a5e79c22-a35f-4e50-b1fd-e91b6a93d74d:192.168.157.251:45177, daae7813-f814-475d-9647-a302a5541e36:192.168.157.251:45025, 1e4e1375-1b66-460f-8c99-4c341545a119:192.168.157.251:42113], old=null
2019-10-17 18:50:57,626 [grpc-default-executor-4] INFO  impl.RaftServerImpl (RaftServerImpl.java:setRole(184)) - daae7813-f814-475d-9647-a302a5541e36@group-F775CA5912AC: changes role from  FOLLOWER to FOLLOWER at term 111 for recognizeCandidate:a5e79c22-a35f-4e50-b1fd-e91b6a93d74d
2019-10-17 18:50:57,626 [grpc-default-executor-4] INFO  impl.RoleInfo (RoleInfo.java:shutdownFollowerState(121)) - daae7813-f814-475d-9647-a302a5541e36: shutdown FollowerState
2019-10-17 18:50:57,626 [grpc-default-executor-5] INFO  impl.RaftServerImpl (RaftServerImpl.java:setRole(184)) - 1e4e1375-1b66-460f-8c99-4c341545a119@group-F775CA5912AC: changes role from  FOLLOWER to FOLLOWER at term 111 for recognizeCandidate:a5e79c22-a35f-4e50-b1fd-e91b6a93d74d
2019-10-17 18:50:57,627 [grpc-default-executor-5] INFO  impl.RoleInfo (RoleInfo.java:shutdownFollowerState(121)) - 1e4e1375-1b66-460f-8c99-4c341545a119: shutdown FollowerState
2019-10-17 18:50:57,626 [Thread-1744] INFO  impl.FollowerState (FollowerState.java:run(117)) - daae7813-f814-475d-9647-a302a5541e36@group-F775CA5912AC-FollowerState was interrupted: java.lang.InterruptedException: sleep interrupted
2019-10-17 18:50:57,626 [grpc-default-executor-4] INFO  impl.RoleInfo (RoleInfo.java:updateAndGet(143)) - daae7813-f814-475d-9647-a302a5541e36: start FollowerState
2019-10-17 18:50:57,627 [Thread-1743] INFO  impl.FollowerState (FollowerState.java:run(117)) - 1e4e1375-1b66-460f-8c99-4c341545a119@group-F775CA5912AC-FollowerState was interrupted: java.lang.InterruptedException: sleep interrupted
2019-10-17 18:50:57,627 [grpc-default-executor-5] INFO  impl.RoleInfo (RoleInfo.java:updateAndGet(143)) - 1e4e1375-1b66-460f-8c99-4c341545a119: start FollowerState
2019-10-17 18:50:57,646 [Thread-1742] INFO  impl.FollowerState (FollowerState.java:run(108)) - abcd8826-c056-4817-bd0f-7af19a46d814@group-5F52F902B742-FollowerState: change to CANDIDATE, lastRpcTime:168ms, electionTimeout:168ms
2019-10-17 18:50:57,646 [Thread-1742] INFO  impl.RoleInfo (RoleInfo.java:shutdownFollowerState(121)) - abcd8826-c056-4817-bd0f-7af19a46d814: shutdown FollowerState
2019-10-17 18:50:57,646 [Thread-1742] INFO  impl.RaftServerImpl (RaftServerImpl.java:setRole(184)) - abcd8826-c056-4817-bd0f-7af19a46d814@group-5F52F902B742: changes role from  FOLLOWER to CANDIDATE at term 104 for changeToCandidate
2019-10-17 18:50:57,646 [Thread-1742] INFO  impl.RoleInfo (RoleInfo.java:updateAndGet(143)) - abcd8826-c056-4817-bd0f-7af19a46d814: start LeaderElection
2019-10-17 18:50:57,653 [a5e79c22-a35f-4e50-b1fd-e91b6a93d74d@group-F775CA5912AC-LeaderElection202] INFO  impl.LeaderElection (LeaderElection.java:logAndReturn(56)) - a5e79c22-a35f-4e50-b1fd-e91b6a93d74d@group-F775CA5912AC-LeaderElection202: Election REJECTED; received 2 response(s) [a5e79c22-a35f-4e50-b1fd-e91b6a93d74d<-daae7813-f814-475d-9647-a302a5541e36#0:FAIL-t111, a5e79c22-a35f-4e50-b1fd-e91b6a93d74d<-1e4e1375-1b66-460f-8c99-4c341545a119#0:FAIL-t111] and 0 exception(s); a5e79c22-a35f-4e50-b1fd-e91b6a93d74d@group-F775CA5912AC:t111, leader=null, voted=a5e79c22-a35f-4e50-b1fd-e91b6a93d74d, raftlog=a5e79c22-a35f-4e50-b1fd-e91b6a93d74d@group-F775CA5912AC-SegmentedRaftLog:OPENED:c-1,f-1,i0, conf=-1: [a5e79c22-a35f-4e50-b1fd-e91b6a93d74d:192.168.157.251:45177, daae7813-f814-475d-9647-a302a5541e36:192.168.157.251:45025, 1e4e1375-1b66-460f-8c99-4c341545a119:192.168.157.251:42113], old=null
2019-10-17 18:50:57,654 [a5e79c22-a35f-4e50-b1fd-e91b6a93d74d@group-F775CA5912AC-LeaderElection202] INFO  impl.RaftServerImpl (RaftServerImpl.java:setRole(184)) - a5e79c22-a35f-4e50-b1fd-e91b6a93d74d@group-F775CA5912AC: changes role from CANDIDATE to FOLLOWER at term 111 for DISCOVERED_A_NEW_TERM
2019-10-17 18:50:57,654 [a5e79c22-a35f-4e50-b1fd-e91b6a93d74d@group-F775CA5912AC-LeaderElection202] INFO  impl.RoleInfo (RoleInfo.java:shutdownLeaderElection(134)) - a5e79c22-a35f-4e50-b1fd-e91b6a93d74d: shutdown LeaderElection
2019-10-17 18:50:57,654 [a5e79c22-a35f-4e50-b1fd-e91b6a93d74d@group-F775CA5912AC-LeaderElection202] INFO  impl.RoleInfo (RoleInfo.java:updateAndGet(143)) - a5e79c22-a35f-4e50-b1fd-e91b6a93d74d: start FollowerState
2019-10-17 18:50:57,656 [abcd8826-c056-4817-bd0f-7af19a46d814@group-5F52F902B742-LeaderElection203] INFO  impl.LeaderElection (LeaderElection.java:askForVotes(178)) - abcd8826-c056-4817-bd0f-7af19a46d814@group-5F52F902B742-LeaderElection203: begin an election at term 105 for -1: [b8f04e38-0663-4b1f-8efd-f76585c6e86c:192.168.157.251:35700, abcd8826-c056-4817-bd0f-7af19a46d814:192.168.157.251:46496, 73297ffa-40cb-4e3e-b33e-1bc2c1da60f5:192.168.157.251:32952], old=null
2019-10-17 18:50:57,659 [grpc-default-executor-5] INFO  impl.RaftServerImpl (RaftServerImpl.java:setRole(184)) - b8f04e38-0663-4b1f-8efd-f76585c6e86c@group-5F52F902B742: changes role from  FOLLOWER to FOLLOWER at term 105 for recognizeCandidate:abcd8826-c056-4817-bd0f-7af19a46d814
2019-10-17 18:50:57,659 [grpc-default-executor-5] INFO  impl.RoleInfo (RoleInfo.java:shutdownFollowerState(121)) - b8f04e38-0663-4b1f-8efd-f76585c6e86c: shutdown FollowerState
2019-10-17 18:50:57,659 [grpc-default-executor-5] INFO  impl.RoleInfo (RoleInfo.java:updateAndGet(143)) - b8f04e38-0663-4b1f-8efd-f76585c6e86c: start FollowerState
2019-10-17 18:50:57,659 [Thread-1737] INFO  impl.FollowerState (FollowerState.java:run(117)) - b8f04e38-0663-4b1f-8efd-f76585c6e86c@group-5F52F902B742-FollowerState was interrupted: java.lang.InterruptedException: sleep interrupted
2019-10-17 18:50:57,659 [grpc-default-executor-4] INFO  impl.RaftServerImpl (RaftServerImpl.java:setRole(184)) - 73297ffa-40cb-4e3e-b33e-1bc2c1da60f5@group-5F52F902B742: changes role from  FOLLOWER to FOLLOWER at term 105 for recognizeCandidate:abcd8826-c056-4817-bd0f-7af19a46d814
2019-10-17 18:50:57,659 [grpc-default-executor-4] INFO  impl.RoleInfo (RoleInfo.java:shutdownFollowerState(121)) - 73297ffa-40cb-4e3e-b33e-1bc2c1da60f5: shutdown FollowerState
2019-10-17 18:50:57,660 [grpc-default-executor-4] INFO  impl.RoleInfo (RoleInfo.java:updateAndGet(143)) - 73297ffa-40cb-4e3e-b33e-1bc2c1da60f5: start FollowerState
2019-10-17 18:50:57,660 [Thread-1738] INFO  impl.FollowerState (FollowerState.java:run(117)) - 73297ffa-40cb-4e3e-b33e-1bc2c1da60f5@group-5F52F902B742-FollowerState was interrupted: java.lang.InterruptedException: sleep interrupted
2019-10-17 18:50:57,666 [Thread-1752] INFO  impl.FollowerState (FollowerState.java:run(108)) - a5e79c22-a35f-4e50-b1fd-e91b6a93d74d@group-F775CA5912AC-FollowerState: change to CANDIDATE, lastRpcTime:12ms, electionTimeout:12ms
2019-10-17 18:50:57,666 [Thread-1752] INFO  impl.RoleInfo (RoleInfo.java:shutdownFollowerState(121)) - a5e79c22-a35f-4e50-b1fd-e91b6a93d74d: shutdown FollowerState
2019-10-17 18:50:57,667 [Thread-1752] INFO  impl.RaftServerImpl (RaftServerImpl.java:setRole(184)) - a5e79c22-a35f-4e50-b1fd-e91b6a93d74d@group-F775CA5912AC: changes role from  FOLLOWER to CANDIDATE at term 111 for changeToCandidate
2019-10-17 18:50:57,667 [Thread-1752] INFO  impl.RoleInfo (RoleInfo.java:updateAndGet(143)) - a5e79c22-a35f-4e50-b1fd-e91b6a93d74d: start LeaderElection
2019-10-17 18:50:57,684 [a5e79c22-a35f-4e50-b1fd-e91b6a93d74d@group-F775CA5912AC-LeaderElection204] INFO  impl.LeaderElection (LeaderElection.java:askForVotes(178)) - a5e79c22-a35f-4e50-b1fd-e91b6a93d74d@group-F775CA5912AC-LeaderElection204: begin an election at term 112 for -1: [a5e79c22-a35f-4e50-b1fd-e91b6a93d74d:192.168.157.251:45177, daae7813-f814-475d-9647-a302a5541e36:192.168.157.251:45025, 1e4e1375-1b66-460f-8c99-4c341545a119:192.168.157.251:42113], old=null
2019-10-17 18:50:57,685 [abcd8826-c056-4817-bd0f-7af19a46d814@group-5F52F902B742-LeaderElection203] INFO  impl.LeaderElection (LeaderElection.java:logAndReturn(56)) - abcd8826-c056-4817-bd0f-7af19a46d814@group-5F52F902B742-LeaderElection203: Election REJECTED; received 2 response(s) [abcd8826-c056-4817-bd0f-7af19a46d814<-b8f04e38-0663-4b1f-8efd-f76585c6e86c#0:FAIL-t105, abcd8826-c056-4817-bd0f-7af19a46d814<-73297ffa-40cb-4e3e-b33e-1bc2c1da60f5#0:FAIL-t105] and 0 exception(s); abcd8826-c056-4817-bd0f-7af19a46d814@group-5F52F902B742:t105, leader=null, voted=abcd8826-c056-4817-bd0f-7af19a46d814, raftlog=abcd8826-c056-4817-bd0f-7af19a46d814@group-5F52F902B742-SegmentedRaftLog:OPENED:c-1,f-1,i0, conf=-1: [b8f04e38-0663-4b1f-8efd-f76585c6e86c:192.168.157.251:35700, abcd8826-c056-4817-bd0f-7af19a46d814:192.168.157.251:46496, 73297ffa-40cb-4e3e-b33e-1bc2c1da60f5:192.168.157.251:32952], old=null
2019-10-17 18:50:57,686 [abcd8826-c056-4817-bd0f-7af19a46d814@group-5F52F902B742-LeaderElection203] INFO  impl.RaftServerImpl (RaftServerImpl.java:setRole(184)) - abcd8826-c056-4817-bd0f-7af19a46d814@group-5F52F902B742: changes role from CANDIDATE to FOLLOWER at term 105 for DISCOVERED_A_NEW_TERM
2019-10-17 18:50:57,686 [abcd8826-c056-4817-bd0f-7af19a46d814@group-5F52F902B742-LeaderElection203] INFO  impl.RoleInfo (RoleInfo.java:shutdownLeaderElection(134)) - abcd8826-c056-4817-bd0f-7af19a46d814: shutdown LeaderElection
2019-10-17 18:50:57,686 [abcd8826-c056-4817-bd0f-7af19a46d814@group-5F52F902B742-LeaderElection203] INFO  impl.RoleInfo (RoleInfo.java:updateAndGet(143)) - abcd8826-c056-4817-bd0f-7af19a46d814: start FollowerState
2019-10-17 18:50:57,688 [grpc-default-executor-5] INFO  impl.RaftServerImpl (RaftServerImpl.java:setRole(184)) - daae7813-f814-475d-9647-a302a5541e36@group-F775CA5912AC: changes role from  FOLLOWER to FOLLOWER at term 112 for recognizeCandidate:a5e79c22-a35f-4e50-b1fd-e91b6a93d74d
2019-10-17 18:50:57,688 [grpc-default-executor-5] INFO  impl.RoleInfo (RoleInfo.java:shutdownFollowerState(121)) - daae7813-f814-475d-9647-a302a5541e36: shutdown FollowerState
2019-10-17 18:50:57,688 [grpc-default-executor-5] INFO  impl.RoleInfo (RoleInfo.java:updateAndGet(143)) - daae7813-f814-475d-9647-a302a5541e36: start FollowerState
2019-10-17 18:50:57,688 [Thread-1749] INFO  impl.FollowerState (FollowerState.java:run(117)) - daae7813-f814-475d-9647-a302a5541e36@group-F775CA5912AC-FollowerState was interrupted: java.lang.InterruptedException: sleep interrupted
2019-10-17 18:50:57,688 [grpc-default-executor-4] INFO  impl.RaftServerImpl (RaftServerImpl.java:setRole(184)) - 1e4e1375-1b66-460f-8c99-4c341545a119@group-F775CA5912AC: changes role from  FOLLOWER to FOLLOWER at term 112 for recognizeCandidate:a5e79c22-a35f-4e50-b1fd-e91b6a93d74d
2019-10-17 18:50:57,689 [grpc-default-executor-4] INFO  impl.RoleInfo (RoleInfo.java:shutdownFollowerState(121)) - 1e4e1375-1b66-460f-8c99-4c341545a119: shutdown FollowerState
2019-10-17 18:50:57,689 [grpc-default-executor-4] INFO  impl.RoleInfo (RoleInfo.java:updateAndGet(143)) - 1e4e1375-1b66-460f-8c99-4c341545a119: start FollowerState
2019-10-17 18:50:57,689 [Thread-1750] INFO  impl.FollowerState (FollowerState.java:run(117)) - 1e4e1375-1b66-460f-8c99-4c341545a119@group-F775CA5912AC-FollowerState was interrupted: java.lang.InterruptedException: sleep interrupted
2019-10-17 18:50:57,716 [a5e79c22-a35f-4e50-b1fd-e91b6a93d74d@group-F775CA5912AC-LeaderElection204] INFO  impl.LeaderElection (LeaderElection.java:logAndReturn(56)) - a5e79c22-a35f-4e50-b1fd-e91b6a93d74d@group-F775CA5912AC-LeaderElection204: Election REJECTED; received 2 response(s) [a5e79c22-a35f-4e50-b1fd-e91b6a93d74d<-daae7813-f814-475d-9647-a302a5541e36#0:FAIL-t112, a5e79c22-a35f-4e50-b1fd-e91b6a93d74d<-1e4e1375-1b66-460f-8c99-4c341545a119#0:FAIL-t112] and 0 exception(s); a5e79c22-a35f-4e50-b1fd-e91b6a93d74d@group-F775CA5912AC:t112, leader=null, voted=a5e79c22-a35f-4e50-b1fd-e91b6a93d74d, raftlog=a5e79c22-a35f-4e50-b1fd-e91b6a93d74d@group-F775CA5912AC-SegmentedRaftLog:OPENED:c-1,f-1,i0, conf=-1: [a5e79c22-a35f-4e50-b1fd-e91b6a93d74d:192.168.157.251:45177, daae7813-f814-475d-9647-a302a5541e36:192.168.157.251:45025, 1e4e1375-1b66-460f-8c99-4c341545a119:192.168.157.251:42113], old=null
2019-10-17 18:50:57,716 [a5e79c22-a35f-4e50-b1fd-e91b6a93d74d@group-F775CA5912AC-LeaderElection204] INFO  impl.RaftServerImpl (RaftServerImpl.java:setRole(184)) - a5e79c22-a35f-4e50-b1fd-e91b6a93d74d@group-F775CA5912AC: changes role from CANDIDATE to FOLLOWER at term 112 for DISCOVERED_A_NEW_TERM
2019-10-17 18:50:57,716 [a5e79c22-a35f-4e50-b1fd-e91b6a93d74d@group-F775CA5912AC-LeaderElection204] INFO  impl.RoleInfo (RoleInfo.java:shutdownLeaderElection(134)) - a5e79c22-a35f-4e50-b1fd-e91b6a93d74d: shutdown LeaderElection
2019-10-17 18:50:57,716 [a5e79c22-a35f-4e50-b1fd-e91b6a93d74d@group-F775CA5912AC-LeaderElection204] INFO  impl.RoleInfo (RoleInfo.java:updateAndGet(143)) - a5e79c22-a35f-4e50-b1fd-e91b6a93d74d: start FollowerState
2019-10-17 18:50:57,826 [Thread-1760] INFO  impl.FollowerState (FollowerState.java:run(108)) - abcd8826-c056-4817-bd0f-7af19a46d814@group-5F52F902B742-FollowerState: change to CANDIDATE, lastRpcTime:140ms, electionTimeout:140ms
2019-10-17 18:50:57,827 [Thread-1760] INFO  impl.RoleInfo (RoleInfo.java:shutdownFollowerState(121)) - abcd8826-c056-4817-bd0f-7af19a46d814: shutdown FollowerState
2019-10-17 18:50:57,827 [Thread-1760] INFO  impl.RaftServerImpl (RaftServerImpl.java:setRole(184)) - abcd8826-c056-4817-bd0f-7af19a46d814@group-5F52F902B742: changes role from  FOLLOWER to CANDIDATE at term 105 for changeToCandidate
2019-10-17 18:50:57,827 [Thread-1760] INFO  impl.RoleInfo (RoleInfo.java:updateAndGet(143)) - abcd8826-c056-4817-bd0f-7af19a46d814: start LeaderElection
2019-10-17 18:50:57,845 [abcd8826-c056-4817-bd0f-7af19a46d814@group-5F52F902B742-LeaderElection205] INFO  impl.LeaderElection (LeaderElection.java:askForVotes(178)) - abcd8826-c056-4817-bd0f-7af19a46d814@group-5F52F902B742-LeaderElection205: begin an election at term 106 for -1: [b8f04e38-0663-4b1f-8efd-f76585c6e86c:192.168.157.251:35700, abcd8826-c056-4817-bd0f-7af19a46d814:192.168.157.251:46496, 73297ffa-40cb-4e3e-b33e-1bc2c1da60f5:192.168.157.251:32952], old=null
2019-10-17 18:50:57,848 [grpc-default-executor-5] INFO  impl.RaftServerImpl (RaftServerImpl.java:setRole(184)) - 73297ffa-40cb-4e3e-b33e-1bc2c1da60f5@group-5F52F902B742: changes role from  FOLLOWER to FOLLOWER at term 106 for recognizeCandidate:abcd8826-c056-4817-bd0f-7af19a46d814
2019-10-17 18:50:57,848 [grpc-default-executor-5] INFO  impl.RoleInfo (RoleInfo.java:shutdownFollowerState(121)) - 73297ffa-40cb-4e3e-b33e-1bc2c1da60f5: shutdown FollowerState
2019-10-17 18:50:57,848 [grpc-default-executor-4] INFO  impl.RaftServerImpl (RaftServerImpl.java:setRole(184)) - b8f04e38-0663-4b1f-8efd-f76585c6e86c@group-5F52F902B742: changes role from  FOLLOWER to FOLLOWER at term 106 for recognizeCandidate:abcd8826-c056-4817-bd0f-7af19a46d814
2019-10-17 18:50:57,848 [Thread-1756] INFO  impl.FollowerState (FollowerState.java:run(117)) - 73297ffa-40cb-4e3e-b33e-1bc2c1da60f5@group-5F52F902B742-FollowerState was interrupted: java.lang.InterruptedException: sleep interrupted
2019-10-17 18:50:57,848 [grpc-default-executor-5] INFO  impl.RoleInfo (RoleInfo.java:updateAndGet(143)) - 73297ffa-40cb-4e3e-b33e-1bc2c1da60f5: start FollowerState
2019-10-17 18:50:57,849 [grpc-default-executor-4] INFO  impl.RoleInfo (RoleInfo.java:shutdownFollowerState(121)) - b8f04e38-0663-4b1f-8efd-f76585c6e86c: shutdown FollowerState
2019-10-17 18:50:57,849 [grpc-default-executor-4] INFO  impl.RoleInfo (RoleInfo.java:updateAndGet(143)) - b8f04e38-0663-4b1f-8efd-f76585c6e86c: start FollowerState
2019-10-17 18:50:57,849 [Thread-1755] INFO  impl.FollowerState (FollowerState.java:run(117)) - b8f04e38-0663-4b1f-8efd-f76585c6e86c@group-5F52F902B742-FollowerState was interrupted: java.lang.InterruptedException: sleep interrupted
2019-10-17 18:50:57,881 [Thread-1763] INFO  impl.FollowerState (FollowerState.java:run(108)) - a5e79c22-a35f-4e50-b1fd-e91b6a93d74d@group-F775CA5912AC-FollowerState: change to CANDIDATE, lastRpcTime:164ms, electionTimeout:164ms
2019-10-17 18:50:57,881 [Thread-1763] INFO  impl.RoleInfo (RoleInfo.java:shutdownFollowerState(121)) - a5e79c22-a35f-4e50-b1fd-e91b6a93d74d: shutdown FollowerState
2019-10-17 18:50:57,881 [Thread-1763] INFO  impl.RaftServerImpl (RaftServerImpl.java:setRole(184)) - a5e79c22-a35f-4e50-b1fd-e91b6a93d74d@group-F775CA5912AC: changes role from  FOLLOWER to CANDIDATE at term 112 for changeToCandidate
2019-10-17 18:50:57,881 [Thread-1763] INFO  impl.RoleInfo (RoleInfo.java:updateAndGet(143)) - a5e79c22-a35f-4e50-b1fd-e91b6a93d74d: start LeaderElection
2019-10-17 18:50:57,938 [a5e79c22-a35f-4e50-b1fd-e91b6a93d74d@group-F775CA5912AC-LeaderElection206] INFO  impl.LeaderElection (LeaderElection.java:askForVotes(178)) - a5e79c22-a35f-4e50-b1fd-e91b6a93d74d@group-F775CA5912AC-LeaderElection206: begin an election at term 113 for -1: [a5e79c22-a35f-4e50-b1fd-e91b6a93d74d:192.168.157.251:45177, daae7813-f814-475d-9647-a302a5541e36:192.168.157.251:45025, 1e4e1375-1b66-460f-8c99-4c341545a119:192.168.157.251:42113], old=null
2019-10-17 18:50:57,939 [abcd8826-c056-4817-bd0f-7af19a46d814@group-5F52F902B742-LeaderElection205] INFO  impl.LeaderElection (LeaderElection.java:logAndReturn(56)) - abcd8826-c056-4817-bd0f-7af19a46d814@group-5F52F902B742-LeaderElection205: Election REJECTED; received 2 response(s) [abcd8826-c056-4817-bd0f-7af19a46d814<-b8f04e38-0663-4b1f-8efd-f76585c6e86c#0:FAIL-t106, abcd8826-c056-4817-bd0f-7af19a46d814<-73297ffa-40cb-4e3e-b33e-1bc2c1da60f5#0:FAIL-t106] and 0 exception(s); abcd8826-c056-4817-bd0f-7af19a46d814@group-5F52F902B742:t106, leader=null, voted=abcd8826-c056-4817-bd0f-7af19a46d814, raftlog=abcd8826-c056-4817-bd0f-7af19a46d814@group-5F52F902B742-SegmentedRaftLog:OPENED:c-1,f-1,i0, conf=-1: [b8f04e38-0663-4b1f-8efd-f76585c6e86c:192.168.157.251:35700, abcd8826-c056-4817-bd0f-7af19a46d814:192.168.157.251:46496, 73297ffa-40cb-4e3e-b33e-1bc2c1da60f5:192.168.157.251:32952], old=null
2019-10-17 18:50:57,939 [abcd8826-c056-4817-bd0f-7af19a46d814@group-5F52F902B742-LeaderElection205] INFO  impl.RaftServerImpl (RaftServerImpl.java:setRole(184)) - abcd8826-c056-4817-bd0f-7af19a46d814@group-5F52F902B742: changes role from CANDIDATE to FOLLOWER at term 106 for DISCOVERED_A_NEW_TERM
2019-10-17 18:50:57,940 [abcd8826-c056-4817-bd0f-7af19a46d814@group-5F52F902B742-LeaderElection205] INFO  impl.RoleInfo (RoleInfo.java:shutdownLeaderElection(134)) - abcd8826-c056-4817-bd0f-7af19a46d814: shutdown LeaderElection
2019-10-17 18:50:57,940 [abcd8826-c056-4817-bd0f-7af19a46d814@group-5F52F902B742-LeaderElection205] INFO  impl.RoleInfo (RoleInfo.java:updateAndGet(143)) - abcd8826-c056-4817-bd0f-7af19a46d814: start FollowerState
2019-10-17 18:50:57,941 [grpc-default-executor-5] INFO  impl.RaftServerImpl (RaftServerImpl.java:setRole(184)) - 1e4e1375-1b66-460f-8c99-4c341545a119@group-F775CA5912AC: changes role from  FOLLOWER to FOLLOWER at term 113 for recognizeCandidate:a5e79c22-a35f-4e50-b1fd-e91b6a93d74d
2019-10-17 18:50:57,941 [grpc-default-executor-5] INFO  impl.RoleInfo (RoleInfo.java:shutdownFollowerState(121)) - 1e4e1375-1b66-460f-8c99-4c341545a119: shutdown FollowerState
2019-10-17 18:50:57,941 [grpc-default-executor-5] INFO  impl.RoleInfo (RoleInfo.java:updateAndGet(143)) - 1e4e1375-1b66-460f-8c99-4c341545a119: start FollowerState
2019-10-17 18:50:57,941 [Thread-1762] INFO  impl.FollowerState (FollowerState.java:run(117)) - 1e4e1375-1b66-460f-8c99-4c341545a119@group-F775CA5912AC-FollowerState was interrupted: java.lang.InterruptedException: sleep interrupted
2019-10-17 18:50:57,941 [grpc-default-executor-4] INFO  impl.RaftServerImpl (RaftServerImpl.java:setRole(184)) - daae7813-f814-475d-9647-a302a5541e36@group-F775CA5912AC: changes role from  FOLLOWER to FOLLOWER at term 113 for recognizeCandidate:a5e79c22-a35f-4e50-b1fd-e91b6a93d74d
2019-10-17 18:50:57,941 [grpc-default-executor-4] INFO  impl.RoleInfo (RoleInfo.java:shutdownFollowerState(121)) - daae7813-f814-475d-9647-a302a5541e36: shutdown FollowerState
2019-10-17 18:50:57,941 [grpc-default-executor-4] INFO  impl.RoleInfo (RoleInfo.java:updateAndGet(143)) - daae7813-f814-475d-9647-a302a5541e36: start FollowerState
2019-10-17 18:50:57,941 [Thread-1761] INFO  impl.FollowerState (FollowerState.java:run(117)) - daae7813-f814-475d-9647-a302a5541e36@group-F775CA5912AC-FollowerState was interrupted: java.lang.InterruptedException: sleep interrupted
2019-10-17 18:50:57,958 [a5e79c22-a35f-4e50-b1fd-e91b6a93d74d@group-F775CA5912AC-LeaderElection206] INFO  impl.LeaderElection (LeaderElection.java:logAndReturn(56)) - a5e79c22-a35f-4e50-b1fd-e91b6a93d74d@group-F775CA5912AC-LeaderElection206: Election REJECTED; received 2 response(s) [a5e79c22-a35f-4e50-b1fd-e91b6a93d74d<-daae7813-f814-475d-9647-a302a5541e36#0:FAIL-t113, a5e79c22-a35f-4e50-b1fd-e91b6a93d74d<-1e4e1375-1b66-460f-8c99-4c341545a119#0:FAIL-t113] and 0 exception(s); a5e79c22-a35f-4e50-b1fd-e91b6a93d74d@group-F775CA5912AC:t113, leader=null, voted=a5e79c22-a35f-4e50-b1fd-e91b6a93d74d, raftlog=a5e79c22-a35f-4e50-b1fd-e91b6a93d74d@group-F775CA5912AC-SegmentedRaftLog:OPENED:c-1,f-1,i0, conf=-1: [a5e79c22-a35f-4e50-b1fd-e91b6a93d74d:192.168.157.251:45177, daae7813-f814-475d-9647-a302a5541e36:192.168.157.251:45025, 1e4e1375-1b66-460f-8c99-4c341545a119:192.168.157.251:42113], old=null
2019-10-17 18:50:57,958 [a5e79c22-a35f-4e50-b1fd-e91b6a93d74d@group-F775CA5912AC-LeaderElection206] INFO  impl.RaftServerImpl (RaftServerImpl.java:setRole(184)) - a5e79c22-a35f-4e50-b1fd-e91b6a93d74d@group-F775CA5912AC: changes role from CANDIDATE to FOLLOWER at term 113 for DISCOVERED_A_NEW_TERM
2019-10-17 18:50:57,959 [a5e79c22-a35f-4e50-b1fd-e91b6a93d74d@group-F775CA5912AC-LeaderElection206] INFO  impl.RoleInfo (RoleInfo.java:shutdownLeaderElection(134)) - a5e79c22-a35f-4e50-b1fd-e91b6a93d74d: shutdown LeaderElection
2019-10-17 18:50:57,959 [a5e79c22-a35f-4e50-b1fd-e91b6a93d74d@group-F775CA5912AC-LeaderElection206] INFO  impl.RoleInfo (RoleInfo.java:updateAndGet(143)) - a5e79c22-a35f-4e50-b1fd-e91b6a93d74d: start FollowerState
2019-10-17 18:50:58,084 [Thread-1777] INFO  impl.FollowerState (FollowerState.java:run(108)) - a5e79c22-a35f-4e50-b1fd-e91b6a93d74d@group-F775CA5912AC-FollowerState: change to CANDIDATE, lastRpcTime:125ms, electionTimeout:125ms
2019-10-17 18:50:58,084 [Thread-1777] INFO  impl.RoleInfo (RoleInfo.java:shutdownFollowerState(121)) - a5e79c22-a35f-4e50-b1fd-e91b6a93d74d: shutdown FollowerState
2019-10-17 18:50:58,085 [Thread-1777] INFO  impl.RaftServerImpl (RaftServerImpl.java:setRole(184)) - a5e79c22-a35f-4e50-b1fd-e91b6a93d74d@group-F775CA5912AC: changes role from  FOLLOWER to CANDIDATE at term 113 for changeToCandidate
2019-10-17 18:50:58,085 [Thread-1777] INFO  impl.RoleInfo (RoleInfo.java:updateAndGet(143)) - a5e79c22-a35f-4e50-b1fd-e91b6a93d74d: start LeaderElection
2019-10-17 18:50:58,092 [Thread-1774] INFO  impl.FollowerState (FollowerState.java:run(108)) - abcd8826-c056-4817-bd0f-7af19a46d814@group-5F52F902B742-FollowerState: change to CANDIDATE, lastRpcTime:152ms, electionTimeout:152ms
2019-10-17 18:50:58,092 [Thread-1774] INFO  impl.RoleInfo (RoleInfo.java:shutdownFollowerState(121)) - abcd8826-c056-4817-bd0f-7af19a46d814: shutdown FollowerState
2019-10-17 18:50:58,092 [Thread-1774] INFO  impl.RaftServerImpl (RaftServerImpl.java:setRole(184)) - abcd8826-c056-4817-bd0f-7af19a46d814@group-5F52F902B742: changes role from  FOLLOWER to CANDIDATE at term 106 for changeToCandidate
2019-10-17 18:50:58,093 [Thread-1774] INFO  impl.RoleInfo (RoleInfo.java:updateAndGet(143)) - abcd8826-c056-4817-bd0f-7af19a46d814: start LeaderElection
2019-10-17 18:50:58,099 [a5e79c22-a35f-4e50-b1fd-e91b6a93d74d@group-F775CA5912AC-LeaderElection207] INFO  impl.LeaderElection (LeaderElection.java:askForVotes(178)) - a5e79c22-a35f-4e50-b1fd-e91b6a93d74d@group-F775CA5912AC-LeaderElection207: begin an election at term 114 for -1: [a5e79c22-a35f-4e50-b1fd-e91b6a93d74d:192.168.157.251:45177, daae7813-f814-475d-9647-a302a5541e36:192.168.157.251:45025, 1e4e1375-1b66-460f-8c99-4c341545a119:192.168.157.251:42113], old=null
2019-10-17 18:50:58,099 [abcd8826-c056-4817-bd0f-7af19a46d814@group-5F52F902B742-LeaderElection208] INFO  impl.LeaderElection (LeaderElection.java:askForVotes(178)) - abcd8826-c056-4817-bd0f-7af19a46d814@group-5F52F902B742-LeaderElection208: begin an election at term 107 for -1: [b8f04e38-0663-4b1f-8efd-f76585c6e86c:192.168.157.251:35700, abcd8826-c056-4817-bd0f-7af19a46d814:192.168.157.251:46496, 73297ffa-40cb-4e3e-b33e-1bc2c1da60f5:192.168.157.251:32952], old=null
2019-10-17 18:50:58,102 [grpc-default-executor-4] INFO  impl.RaftServerImpl (RaftServerImpl.java:setRole(184)) - 1e4e1375-1b66-460f-8c99-4c341545a119@group-F775CA5912AC: changes role from  FOLLOWER to FOLLOWER at term 114 for recognizeCandidate:a5e79c22-a35f-4e50-b1fd-e91b6a93d74d
2019-10-17 18:50:58,102 [grpc-default-executor-4] INFO  impl.RoleInfo (RoleInfo.java:shutdownFollowerState(121)) - 1e4e1375-1b66-460f-8c99-4c341545a119: shutdown FollowerState
2019-10-17 18:50:58,102 [grpc-default-executor-4] INFO  impl.RoleInfo (RoleInfo.java:updateAndGet(143)) - 1e4e1375-1b66-460f-8c99-4c341545a119: start FollowerState
2019-10-17 18:50:58,102 [grpc-default-executor-5] INFO  impl.RaftServerImpl (RaftServerImpl.java:setRole(184)) - b8f04e38-0663-4b1f-8efd-f76585c6e86c@group-5F52F902B742: changes role from  FOLLOWER to FOLLOWER at term 107 for recognizeCandidate:abcd8826-c056-4817-bd0f-7af19a46d814
2019-10-17 18:50:58,102 [grpc-default-executor-2] INFO  impl.RaftServerImpl (RaftServerImpl.java:setRole(184)) - daae7813-f814-475d-9647-a302a5541e36@group-F775CA5912AC: changes role from  FOLLOWER to FOLLOWER at term 114 for recognizeCandidate:a5e79c22-a35f-4e50-b1fd-e91b6a93d74d
2019-10-17 18:50:58,103 [grpc-default-executor-2] INFO  impl.RoleInfo (RoleInfo.java:shutdownFollowerState(121)) - daae7813-f814-475d-9647-a302a5541e36: shutdown FollowerState
2019-10-17 18:50:58,102 [Thread-1775] INFO  impl.FollowerState (FollowerState.java:run(117)) - 1e4e1375-1b66-460f-8c99-4c341545a119@group-F775CA5912AC-FollowerState was interrupted: java.lang.InterruptedException: sleep interrupted
2019-10-17 18:50:58,103 [grpc-default-executor-2] INFO  impl.RoleInfo (RoleInfo.java:updateAndGet(143)) - daae7813-f814-475d-9647-a302a5541e36: start FollowerState
2019-10-17 18:50:58,103 [Thread-1776] INFO  impl.FollowerState (FollowerState.java:run(117)) - daae7813-f814-475d-9647-a302a5541e36@group-F775CA5912AC-FollowerState was interrupted: java.lang.InterruptedException: sleep interrupted
2019-10-17 18:50:58,103 [grpc-default-executor-0] INFO  impl.RaftServerImpl (RaftServerImpl.java:setRole(184)) - 73297ffa-40cb-4e3e-b33e-1bc2c1da60f5@group-5F52F902B742: changes role from  FOLLOWER to FOLLOWER at term 107 for recognizeCandidate:abcd8826-c056-4817-bd0f-7af19a46d814
2019-10-17 18:50:58,103 [grpc-default-executor-0] INFO  impl.RoleInfo (RoleInfo.java:shutdownFollowerState(121)) - 73297ffa-40cb-4e3e-b33e-1bc2c1da60f5: shutdown FollowerState
2019-10-17 18:50:58,102 [grpc-default-executor-5] INFO  impl.RoleInfo (RoleInfo.java:shutdownFollowerState(121)) - b8f04e38-0663-4b1f-8efd-f76585c6e86c: shutdown FollowerState
2019-10-17 18:50:58,103 [Thread-1767] INFO  impl.FollowerState (FollowerState.java:run(117)) - 73297ffa-40cb-4e3e-b33e-1bc2c1da60f5@group-5F52F902B742-FollowerState was interrupted: java.lang.InterruptedException: sleep interrupted
2019-10-17 18:50:58,103 [grpc-default-executor-0] INFO  impl.RoleInfo (RoleInfo.java:updateAndGet(143)) - 73297ffa-40cb-4e3e-b33e-1bc2c1da60f5: start FollowerState
2019-10-17 18:50:58,103 [Thread-1768] INFO  impl.FollowerState (FollowerState.java:run(117)) - b8f04e38-0663-4b1f-8efd-f76585c6e86c@group-5F52F902B742-FollowerState was interrupted: java.lang.InterruptedException: sleep interrupted
2019-10-17 18:50:58,103 [grpc-default-executor-5] INFO  impl.RoleInfo (RoleInfo.java:updateAndGet(143)) - b8f04e38-0663-4b1f-8efd-f76585c6e86c: start FollowerState
2019-10-17 18:50:58,114 [abcd8826-c056-4817-bd0f-7af19a46d814@group-5F52F902B742-LeaderElection208] INFO  impl.LeaderElection (LeaderElection.java:logAndReturn(56)) - abcd8826-c056-4817-bd0f-7af19a46d814@group-5F52F902B742-LeaderElection208: Election TIMEOUT; received 0 response(s) [] and 0 exception(s); abcd8826-c056-4817-bd0f-7af19a46d814@group-5F52F902B742:t107, leader=null, voted=abcd8826-c056-4817-bd0f-7af19a46d814, raftlog=abcd8826-c056-4817-bd0f-7af19a46d814@group-5F52F902B742-SegmentedRaftLog:OPENED:c-1,f-1,i0, conf=-1: [b8f04e38-0663-4b1f-8efd-f76585c6e86c:192.168.157.251:35700, abcd8826-c056-4817-bd0f-7af19a46d814:192.168.157.251:46496, 73297ffa-40cb-4e3e-b33e-1bc2c1da60f5:192.168.157.251:32952], old=null
2019-10-17 18:50:58,129 [a5e79c22-a35f-4e50-b1fd-e91b6a93d74d@group-F775CA5912AC-LeaderElection207] INFO  impl.LeaderElection (LeaderElection.java:logAndReturn(56)) - a5e79c22-a35f-4e50-b1fd-e91b6a93d74d@group-F775CA5912AC-LeaderElection207: Election REJECTED; received 2 response(s) [a5e79c22-a35f-4e50-b1fd-e91b6a93d74d<-daae7813-f814-475d-9647-a302a5541e36#0:FAIL-t114, a5e79c22-a35f-4e50-b1fd-e91b6a93d74d<-1e4e1375-1b66-460f-8c99-4c341545a119#0:FAIL-t114] and 0 exception(s); a5e79c22-a35f-4e50-b1fd-e91b6a93d74d@group-F775CA5912AC:t114, leader=null, voted=a5e79c22-a35f-4e50-b1fd-e91b6a93d74d, raftlog=a5e79c22-a35f-4e50-b1fd-e91b6a93d74d@group-F775CA5912AC-SegmentedRaftLog:OPENED:c-1,f-1,i0, conf=-1: [a5e79c22-a35f-4e50-b1fd-e91b6a93d74d:192.168.157.251:45177, daae7813-f814-475d-9647-a302a5541e36:192.168.157.251:45025, 1e4e1375-1b66-460f-8c99-4c341545a119:192.168.157.251:42113], old=null
2019-10-17 18:50:58,129 [a5e79c22-a35f-4e50-b1fd-e91b6a93d74d@group-F775CA5912AC-LeaderElection207] INFO  impl.RaftServerImpl (RaftServerImpl.java:setRole(184)) - a5e79c22-a35f-4e50-b1fd-e91b6a93d74d@group-F775CA5912AC: changes role from CANDIDATE to FOLLOWER at term 114 for DISCOVERED_A_NEW_TERM
2019-10-17 18:50:58,129 [a5e79c22-a35f-4e50-b1fd-e91b6a93d74d@group-F775CA5912AC-LeaderElection207] INFO  impl.RoleInfo (RoleInfo.java:shutdownLeaderElection(134)) - a5e79c22-a35f-4e50-b1fd-e91b6a93d74d: shutdown LeaderElection
2019-10-17 18:50:58,130 [a5e79c22-a35f-4e50-b1fd-e91b6a93d74d@group-F775CA5912AC-LeaderElection207] INFO  impl.RoleInfo (RoleInfo.java:updateAndGet(143)) - a5e79c22-a35f-4e50-b1fd-e91b6a93d74d: start FollowerState
2019-10-17 18:50:58,130 [abcd8826-c056-4817-bd0f-7af19a46d814@group-5F52F902B742-LeaderElection208] INFO  impl.LeaderElection (LeaderElection.java:askForVotes(178)) - abcd8826-c056-4817-bd0f-7af19a46d814@group-5F52F902B742-LeaderElection208: begin an election at term 108 for -1: [b8f04e38-0663-4b1f-8efd-f76585c6e86c:192.168.157.251:35700, abcd8826-c056-4817-bd0f-7af19a46d814:192.168.157.251:46496, 73297ffa-40cb-4e3e-b33e-1bc2c1da60f5:192.168.157.251:32952], old=null
2019-10-17 18:50:58,132 [grpc-default-executor-5] INFO  impl.RaftServerImpl (RaftServerImpl.java:setRole(184)) - b8f04e38-0663-4b1f-8efd-f76585c6e86c@group-5F52F902B742: changes role from  FOLLOWER to FOLLOWER at term 108 for recognizeCandidate:abcd8826-c056-4817-bd0f-7af19a46d814
2019-10-17 18:50:58,132 [grpc-default-executor-5] INFO  impl.RoleInfo (RoleInfo.java:shutdownFollowerState(121)) - b8f04e38-0663-4b1f-8efd-f76585c6e86c: shutdown FollowerState
2019-10-17 18:50:58,132 [grpc-default-executor-5] INFO  impl.RoleInfo (RoleInfo.java:updateAndGet(143)) - b8f04e38-0663-4b1f-8efd-f76585c6e86c: start FollowerState
2019-10-17 18:50:58,132 [grpc-default-executor-4] INFO  impl.RaftServerImpl (RaftServerImpl.java:setRole(184)) - 73297ffa-40cb-4e3e-b33e-1bc2c1da60f5@group-5F52F902B742: changes role from  FOLLOWER to FOLLOWER at term 108 for recognizeCandidate:abcd8826-c056-4817-bd0f-7af19a46d814
2019-10-17 18:50:58,133 [grpc-default-executor-4] INFO  impl.RoleInfo (RoleInfo.java:shutdownFollowerState(121)) - 73297ffa-40cb-4e3e-b33e-1bc2c1da60f5: shutdown FollowerState
2019-10-17 18:50:58,132 [Thread-1789] INFO  impl.FollowerState (FollowerState.java:run(117)) - b8f04e38-0663-4b1f-8efd-f76585c6e86c@group-5F52F902B742-FollowerState was interrupted: java.lang.InterruptedException: sleep interrupted
2019-10-17 18:50:58,133 [Thread-1788] INFO  impl.FollowerState (FollowerState.java:run(117)) - 73297ffa-40cb-4e3e-b33e-1bc2c1da60f5@group-5F52F902B742-FollowerState was interrupted: java.lang.InterruptedException: sleep interrupted
2019-10-17 18:50:58,133 [grpc-default-executor-4] INFO  impl.RoleInfo (RoleInfo.java:updateAndGet(143)) - 73297ffa-40cb-4e3e-b33e-1bc2c1da60f5: start FollowerState
2019-10-17 18:50:58,145 [abcd8826-c056-4817-bd0f-7af19a46d814@group-5F52F902B742-LeaderElection208] INFO  impl.LeaderElection (LeaderElection.java:logAndReturn(56)) - abcd8826-c056-4817-bd0f-7af19a46d814@group-5F52F902B742-LeaderElection208: Election TIMEOUT; received 0 response(s) [] and 0 exception(s); abcd8826-c056-4817-bd0f-7af19a46d814@group-5F52F902B742:t108, leader=null, voted=abcd8826-c056-4817-bd0f-7af19a46d814, raftlog=abcd8826-c056-4817-bd0f-7af19a46d814@group-5F52F902B742-SegmentedRaftLog:OPENED:c-1,f-1,i0, conf=-1: [b8f04e38-0663-4b1f-8efd-f76585c6e86c:192.168.157.251:35700, abcd8826-c056-4817-bd0f-7af19a46d814:192.168.157.251:46496, 73297ffa-40cb-4e3e-b33e-1bc2c1da60f5:192.168.157.251:32952], old=null
2019-10-17 18:50:58,159 [abcd8826-c056-4817-bd0f-7af19a46d814@group-5F52F902B742-LeaderElection208] INFO  impl.LeaderElection (LeaderElection.java:askForVotes(178)) - abcd8826-c056-4817-bd0f-7af19a46d814@group-5F52F902B742-LeaderElection208: begin an election at term 109 for -1: [b8f04e38-0663-4b1f-8efd-f76585c6e86c:192.168.157.251:35700, abcd8826-c056-4817-bd0f-7af19a46d814:192.168.157.251:46496, 73297ffa-40cb-4e3e-b33e-1bc2c1da60f5:192.168.157.251:32952], old=null
2019-10-17 18:50:58,162 [grpc-default-executor-5] INFO  impl.RaftServerImpl (RaftServerImpl.java:setRole(184)) - 73297ffa-40cb-4e3e-b33e-1bc2c1da60f5@group-5F52F902B742: changes role from  FOLLOWER to FOLLOWER at term 109 for recognizeCandidate:abcd8826-c056-4817-bd0f-7af19a46d814
2019-10-17 18:50:58,162 [grpc-default-executor-5] INFO  impl.RoleInfo (RoleInfo.java:shutdownFollowerState(121)) - 73297ffa-40cb-4e3e-b33e-1bc2c1da60f5: shutdown FollowerState
2019-10-17 18:50:58,162 [grpc-default-executor-5] INFO  impl.RoleInfo (RoleInfo.java:updateAndGet(143)) - 73297ffa-40cb-4e3e-b33e-1bc2c1da60f5: start FollowerState
2019-10-17 18:50:58,162 [grpc-default-executor-4] INFO  impl.RaftServerImpl (RaftServerImpl.java:setRole(184)) - b8f04e38-0663-4b1f-8efd-f76585c6e86c@group-5F52F902B742: changes role from  FOLLOWER to FOLLOWER at term 109 for recognizeCandidate:abcd8826-c056-4817-bd0f-7af19a46d814
2019-10-17 18:50:58,162 [grpc-default-executor-4] INFO  impl.RoleInfo (RoleInfo.java:shutdownFollowerState(121)) - b8f04e38-0663-4b1f-8efd-f76585c6e86c: shutdown FollowerState
2019-10-17 18:50:58,162 [Thread-1794] INFO  impl.FollowerState (FollowerState.java:run(117)) - 73297ffa-40cb-4e3e-b33e-1bc2c1da60f5@group-5F52F902B742-FollowerState was interrupted: java.lang.InterruptedException: sleep interrupted
2019-10-17 18:50:58,162 [grpc-default-executor-4] INFO  impl.RoleInfo (RoleInfo.java:updateAndGet(143)) - b8f04e38-0663-4b1f-8efd-f76585c6e86c: start FollowerState
2019-10-17 18:50:58,162 [Thread-1793] INFO  impl.FollowerState (FollowerState.java:run(117)) - b8f04e38-0663-4b1f-8efd-f76585c6e86c@group-5F52F902B742-FollowerState was interrupted: java.lang.InterruptedException: sleep interrupted
2019-10-17 18:50:58,169 [abcd8826-c056-4817-bd0f-7af19a46d814@group-5F52F902B742-LeaderElection208] INFO  impl.LeaderElection (LeaderElection.java:logAndReturn(56)) - abcd8826-c056-4817-bd0f-7af19a46d814@group-5F52F902B742-LeaderElection208: Election TIMEOUT; received 0 response(s) [] and 0 exception(s); abcd8826-c056-4817-bd0f-7af19a46d814@group-5F52F902B742:t109, leader=null, voted=abcd8826-c056-4817-bd0f-7af19a46d814, raftlog=abcd8826-c056-4817-bd0f-7af19a46d814@group-5F52F902B742-SegmentedRaftLog:OPENED:c-1,f-1,i0, conf=-1: [b8f04e38-0663-4b1f-8efd-f76585c6e86c:192.168.157.251:35700, abcd8826-c056-4817-bd0f-7af19a46d814:192.168.157.251:46496, 73297ffa-40cb-4e3e-b33e-1bc2c1da60f5:192.168.157.251:32952], old=null
2019-10-17 18:50:58,189 [abcd8826-c056-4817-bd0f-7af19a46d814@group-5F52F902B742-LeaderElection208] INFO  impl.LeaderElection (LeaderElection.java:askForVotes(178)) - abcd8826-c056-4817-bd0f-7af19a46d814@group-5F52F902B742-LeaderElection208: begin an election at term 110 for -1: [b8f04e38-0663-4b1f-8efd-f76585c6e86c:192.168.157.251:35700, abcd8826-c056-4817-bd0f-7af19a46d814:192.168.157.251:46496, 73297ffa-40cb-4e3e-b33e-1bc2c1da60f5:192.168.157.251:32952], old=null
2019-10-17 18:50:58,190 [grpc-default-executor-5] INFO  impl.RaftServerImpl (RaftServerImpl.java:setRole(184)) - b8f04e38-0663-4b1f-8efd-f76585c6e86c@group-5F52F902B742: changes role from  FOLLOWER to FOLLOWER at term 110 for recognizeCandidate:abcd8826-c056-4817-bd0f-7af19a46d814
2019-10-17 18:50:58,190 [grpc-default-executor-5] INFO  impl.RoleInfo (RoleInfo.java:shutdownFollowerState(121)) - b8f04e38-0663-4b1f-8efd-f76585c6e86c: shutdown FollowerState
2019-10-17 18:50:58,191 [grpc-default-executor-5] INFO  impl.RoleInfo (RoleInfo.java:updateAndGet(143)) - b8f04e38-0663-4b1f-8efd-f76585c6e86c: start FollowerState
2019-10-17 18:50:58,191 [Thread-1798] INFO  impl.FollowerState (FollowerState.java:run(117)) - b8f04e38-0663-4b1f-8efd-f76585c6e86c@group-5F52F902B742-FollowerState was interrupted: java.lang.InterruptedException: sleep interrupted
2019-10-17 18:50:58,191 [grpc-default-executor-4] INFO  impl.RaftServerImpl (RaftServerImpl.java:setRole(184)) - 73297ffa-40cb-4e3e-b33e-1bc2c1da60f5@group-5F52F902B742: changes role from  FOLLOWER to FOLLOWER at term 110 for recognizeCandidate:abcd8826-c056-4817-bd0f-7af19a46d814
2019-10-17 18:50:58,191 [grpc-default-executor-4] INFO  impl.RoleInfo (RoleInfo.java:shutdownFollowerState(121)) - 73297ffa-40cb-4e3e-b33e-1bc2c1da60f5: shutdown FollowerState
2019-10-17 18:50:58,192 [grpc-default-executor-4] INFO  impl.RoleInfo (RoleInfo.java:updateAndGet(143)) - 73297ffa-40cb-4e3e-b33e-1bc2c1da60f5: start FollowerState
2019-10-17 18:50:58,192 [Thread-1797] INFO  impl.FollowerState (FollowerState.java:run(117)) - 73297ffa-40cb-4e3e-b33e-1bc2c1da60f5@group-5F52F902B742-FollowerState was interrupted: java.lang.InterruptedException: sleep interrupted
2019-10-17 18:50:58,209 [abcd8826-c056-4817-bd0f-7af19a46d814@group-5F52F902B742-LeaderElection208] INFO  impl.LeaderElection (LeaderElection.java:logAndReturn(56)) - abcd8826-c056-4817-bd0f-7af19a46d814@group-5F52F902B742-LeaderElection208: Election REJECTED; received 2 response(s) [abcd8826-c056-4817-bd0f-7af19a46d814<-b8f04e38-0663-4b1f-8efd-f76585c6e86c#0:FAIL-t110, abcd8826-c056-4817-bd0f-7af19a46d814<-73297ffa-40cb-4e3e-b33e-1bc2c1da60f5#0:FAIL-t110] and 0 exception(s); abcd8826-c056-4817-bd0f-7af19a46d814@group-5F52F902B742:t110, leader=null, voted=abcd8826-c056-4817-bd0f-7af19a46d814, raftlog=abcd8826-c056-4817-bd0f-7af19a46d814@group-5F52F902B742-SegmentedRaftLog:OPENED:c-1,f-1,i0, conf=-1: [b8f04e38-0663-4b1f-8efd-f76585c6e86c:192.168.157.251:35700, abcd8826-c056-4817-bd0f-7af19a46d814:192.168.157.251:46496, 73297ffa-40cb-4e3e-b33e-1bc2c1da60f5:192.168.157.251:32952], old=null
2019-10-17 18:50:58,209 [abcd8826-c056-4817-bd0f-7af19a46d814@group-5F52F902B742-LeaderElection208] INFO  impl.RaftServerImpl (RaftServerImpl.java:setRole(184)) - abcd8826-c056-4817-bd0f-7af19a46d814@group-5F52F902B742: changes role from CANDIDATE to FOLLOWER at term 110 for DISCOVERED_A_NEW_TERM
2019-10-17 18:50:58,210 [abcd8826-c056-4817-bd0f-7af19a46d814@group-5F52F902B742-LeaderElection208] INFO  impl.RoleInfo (RoleInfo.java:shutdownLeaderElection(134)) - abcd8826-c056-4817-bd0f-7af19a46d814: shutdown LeaderElection
2019-10-17 18:50:58,210 [abcd8826-c056-4817-bd0f-7af19a46d814@group-5F52F902B742-LeaderElection208] INFO  impl.RoleInfo (RoleInfo.java:updateAndGet(143)) - abcd8826-c056-4817-bd0f-7af19a46d814: start FollowerState
2019-10-17 18:50:58,301 [Thread-1790] INFO  impl.FollowerState (FollowerState.java:run(108)) - a5e79c22-a35f-4e50-b1fd-e91b6a93d74d@group-F775CA5912AC-FollowerState: change to CANDIDATE, lastRpcTime:171ms, electionTimeout:171ms
2019-10-17 18:50:58,301 [Thread-1790] INFO  impl.RoleInfo (RoleInfo.java:shutdownFollowerState(121)) - a5e79c22-a35f-4e50-b1fd-e91b6a93d74d: shutdown FollowerState
2019-10-17 18:50:58,301 [Thread-1790] INFO  impl.RaftServerImpl (RaftServerImpl.java:setRole(184)) - a5e79c22-a35f-4e50-b1fd-e91b6a93d74d@group-F775CA5912AC: changes role from  FOLLOWER to CANDIDATE at term 114 for changeToCandidate
2019-10-17 18:50:58,302 [Thread-1790] INFO  impl.RoleInfo (RoleInfo.java:updateAndGet(143)) - a5e79c22-a35f-4e50-b1fd-e91b6a93d74d: start LeaderElection
2019-10-17 18:50:58,321 [Thread-1803] INFO  impl.FollowerState (FollowerState.java:run(108)) - abcd8826-c056-4817-bd0f-7af19a46d814@group-5F52F902B742-FollowerState: change to CANDIDATE, lastRpcTime:111ms, electionTimeout:111ms
2019-10-17 18:50:58,321 [Thread-1803] INFO  impl.RoleInfo (RoleInfo.java:shutdownFollowerState(121)) - abcd8826-c056-4817-bd0f-7af19a46d814: shutdown FollowerState
2019-10-17 18:50:58,321 [Thread-1803] INFO  impl.RaftServerImpl (RaftServerImpl.java:setRole(184)) - abcd8826-c056-4817-bd0f-7af19a46d814@group-5F52F902B742: changes role from  FOLLOWER to CANDIDATE at term 110 for changeToCandidate
2019-10-17 18:50:58,322 [Thread-1803] INFO  impl.RoleInfo (RoleInfo.java:updateAndGet(143)) - abcd8826-c056-4817-bd0f-7af19a46d814: start LeaderElection
2019-10-17 18:50:58,328 [a5e79c22-a35f-4e50-b1fd-e91b6a93d74d@group-F775CA5912AC-LeaderElection209] INFO  impl.LeaderElection (LeaderElection.java:askForVotes(178)) - a5e79c22-a35f-4e50-b1fd-e91b6a93d74d@group-F775CA5912AC-LeaderElection209: begin an election at term 115 for -1: [a5e79c22-a35f-4e50-b1fd-e91b6a93d74d:192.168.157.251:45177, daae7813-f814-475d-9647-a302a5541e36:192.168.157.251:45025, 1e4e1375-1b66-460f-8c99-4c341545a119:192.168.157.251:42113], old=null
2019-10-17 18:50:58,330 [abcd8826-c056-4817-bd0f-7af19a46d814@group-5F52F902B742-LeaderElection210] INFO  impl.LeaderElection (LeaderElection.java:askForVotes(178)) - abcd8826-c056-4817-bd0f-7af19a46d814@group-5F52F902B742-LeaderElection210: begin an election at term 111 for -1: [b8f04e38-0663-4b1f-8efd-f76585c6e86c:192.168.157.251:35700, abcd8826-c056-4817-bd0f-7af19a46d814:192.168.157.251:46496, 73297ffa-40cb-4e3e-b33e-1bc2c1da60f5:192.168.157.251:32952], old=null
2019-10-17 18:50:58,330 [grpc-default-executor-4] INFO  impl.RaftServerImpl (RaftServerImpl.java:setRole(184)) - daae7813-f814-475d-9647-a302a5541e36@group-F775CA5912AC: changes role from  FOLLOWER to FOLLOWER at term 115 for recognizeCandidate:a5e79c22-a35f-4e50-b1fd-e91b6a93d74d
2019-10-17 18:50:58,330 [grpc-default-executor-5] INFO  impl.RaftServerImpl (RaftServerImpl.java:setRole(184)) - 1e4e1375-1b66-460f-8c99-4c341545a119@group-F775CA5912AC: changes role from  FOLLOWER to FOLLOWER at term 115 for recognizeCandidate:a5e79c22-a35f-4e50-b1fd-e91b6a93d74d
2019-10-17 18:50:58,331 [grpc-default-executor-4] INFO  impl.RoleInfo (RoleInfo.java:shutdownFollowerState(121)) - daae7813-f814-475d-9647-a302a5541e36: shutdown FollowerState
2019-10-17 18:50:58,331 [grpc-default-executor-5] INFO  impl.RoleInfo (RoleInfo.java:shutdownFollowerState(121)) - 1e4e1375-1b66-460f-8c99-4c341545a119: shutdown FollowerState
2019-10-17 18:50:58,331 [grpc-default-executor-4] INFO  impl.RoleInfo (RoleInfo.java:updateAndGet(143)) - daae7813-f814-475d-9647-a302a5541e36: start FollowerState
2019-10-17 18:50:58,331 [Thread-1787] INFO  impl.FollowerState (FollowerState.java:run(117)) - daae7813-f814-475d-9647-a302a5541e36@group-F775CA5912AC-FollowerState was interrupted: java.lang.InterruptedException: sleep interrupted
2019-10-17 18:50:58,331 [Thread-1786] INFO  impl.FollowerState (FollowerState.java:run(117)) - 1e4e1375-1b66-460f-8c99-4c341545a119@group-F775CA5912AC-FollowerState was interrupted: java.lang.InterruptedException: sleep interrupted
2019-10-17 18:50:58,331 [grpc-default-executor-5] INFO  impl.RoleInfo (RoleInfo.java:updateAndGet(143)) - 1e4e1375-1b66-460f-8c99-4c341545a119: start FollowerState
2019-10-17 18:50:58,332 [grpc-default-executor-0] INFO  impl.RaftServerImpl (RaftServerImpl.java:setRole(184)) - b8f04e38-0663-4b1f-8efd-f76585c6e86c@group-5F52F902B742: changes role from  FOLLOWER to FOLLOWER at term 111 for recognizeCandidate:abcd8826-c056-4817-bd0f-7af19a46d814
2019-10-17 18:50:58,332 [grpc-default-executor-0] INFO  impl.RoleInfo (RoleInfo.java:shutdownFollowerState(121)) - b8f04e38-0663-4b1f-8efd-f76585c6e86c: shutdown FollowerState
2019-10-17 18:50:58,333 [grpc-default-executor-2] INFO  impl.RaftServerImpl (RaftServerImpl.java:setRole(184)) - 73297ffa-40cb-4e3e-b33e-1bc2c1da60f5@group-5F52F902B742: changes role from  FOLLOWER to FOLLOWER at term 111 for recognizeCandidate:abcd8826-c056-4817-bd0f-7af19a46d814
2019-10-17 18:50:58,333 [grpc-default-executor-2] INFO  impl.RoleInfo (RoleInfo.java:shutdownFollowerState(121)) - 73297ffa-40cb-4e3e-b33e-1bc2c1da60f5: shutdown FollowerState
2019-10-17 18:50:58,333 [grpc-default-executor-0] INFO  impl.RoleInfo (RoleInfo.java:updateAndGet(143)) - b8f04e38-0663-4b1f-8efd-f76585c6e86c: start FollowerState
2019-10-17 18:50:58,333 [Thread-1801] INFO  impl.FollowerState (FollowerState.java:run(117)) - b8f04e38-0663-4b1f-8efd-f76585c6e86c@group-5F52F902B742-FollowerState was interrupted: java.lang.InterruptedException: sleep interrupted
2019-10-17 18:50:58,333 [grpc-default-executor-2] INFO  impl.RoleInfo (RoleInfo.java:updateAndGet(143)) - 73297ffa-40cb-4e3e-b33e-1bc2c1da60f5: start FollowerState
2019-10-17 18:50:58,333 [Thread-1802] INFO  impl.FollowerState (FollowerState.java:run(117)) - 73297ffa-40cb-4e3e-b33e-1bc2c1da60f5@group-5F52F902B742-FollowerState was interrupted: java.lang.InterruptedException: sleep interrupted
2019-10-17 18:50:58,346 [a5e79c22-a35f-4e50-b1fd-e91b6a93d74d@group-F775CA5912AC-LeaderElection209] INFO  impl.LeaderElection (LeaderElection.java:logAndReturn(56)) - a5e79c22-a35f-4e50-b1fd-e91b6a93d74d@group-F775CA5912AC-LeaderElection209: Election REJECTED; received 2 response(s) [a5e79c22-a35f-4e50-b1fd-e91b6a93d74d<-daae7813-f814-475d-9647-a302a5541e36#0:FAIL-t115, a5e79c22-a35f-4e50-b1fd-e91b6a93d74d<-1e4e1375-1b66-460f-8c99-4c341545a119#0:FAIL-t115] and 0 exception(s); a5e79c22-a35f-4e50-b1fd-e91b6a93d74d@group-F775CA5912AC:t115, leader=null, voted=a5e79c22-a35f-4e50-b1fd-e91b6a93d74d, raftlog=a5e79c22-a35f-4e50-b1fd-e91b6a93d74d@group-F775CA5912AC-SegmentedRaftLog:OPENED:c-1,f-1,i0, conf=-1: [a5e79c22-a35f-4e50-b1fd-e91b6a93d74d:192.168.157.251:45177, daae7813-f814-475d-9647-a302a5541e36:192.168.157.251:45025, 1e4e1375-1b66-460f-8c99-4c341545a119:192.168.157.251:42113], old=null
2019-10-17 18:50:58,346 [abcd8826-c056-4817-bd0f-7af19a46d814@group-5F52F902B742-LeaderElection210] INFO  impl.LeaderElection (LeaderElection.java:logAndReturn(56)) - abcd8826-c056-4817-bd0f-7af19a46d814@group-5F52F902B742-LeaderElection210: Election REJECTED; received 2 response(s) [abcd8826-c056-4817-bd0f-7af19a46d814<-b8f04e38-0663-4b1f-8efd-f76585c6e86c#0:FAIL-t111, abcd8826-c056-4817-bd0f-7af19a46d814<-73297ffa-40cb-4e3e-b33e-1bc2c1da60f5#0:FAIL-t111] and 0 exception(s); abcd8826-c056-4817-bd0f-7af19a46d814@group-5F52F902B742:t111, leader=null, voted=abcd8826-c056-4817-bd0f-7af19a46d814, raftlog=abcd8826-c056-4817-bd0f-7af19a46d814@group-5F52F902B742-SegmentedRaftLog:OPENED:c-1,f-1,i0, conf=-1: [b8f04e38-0663-4b1f-8efd-f76585c6e86c:192.168.157.251:35700, abcd8826-c056-4817-bd0f-7af19a46d814:192.168.157.251:46496, 73297ffa-40cb-4e3e-b33e-1bc2c1da60f5:192.168.157.251:32952], old=null
2019-10-17 18:50:58,347 [a5e79c22-a35f-4e50-b1fd-e91b6a93d74d@group-F775CA5912AC-LeaderElection209] INFO  impl.RaftServerImpl (RaftServerImpl.java:setRole(184)) - a5e79c22-a35f-4e50-b1fd-e91b6a93d74d@group-F775CA5912AC: changes role from CANDIDATE to FOLLOWER at term 115 for DISCOVERED_A_NEW_TERM
2019-10-17 18:50:58,347 [abcd8826-c056-4817-bd0f-7af19a46d814@group-5F52F902B742-LeaderElection210] INFO  impl.RaftServerImpl (RaftServerImpl.java:setRole(184)) - abcd8826-c056-4817-bd0f-7af19a46d814@group-5F52F902B742: changes role from CANDIDATE to FOLLOWER at term 111 for DISCOVERED_A_NEW_TERM
2019-10-17 18:50:58,347 [a5e79c22-a35f-4e50-b1fd-e91b6a93d74d@group-F775CA5912AC-LeaderElection209] INFO  impl.RoleInfo (RoleInfo.java:shutdownLeaderElection(134)) - a5e79c22-a35f-4e50-b1fd-e91b6a93d74d: shutdown LeaderElection
2019-10-17 18:50:58,347 [abcd8826-c056-4817-bd0f-7af19a46d814@group-5F52F902B742-LeaderElection210] INFO  impl.RoleInfo (RoleInfo.java:shutdownLeaderElection(134)) - abcd8826-c056-4817-bd0f-7af19a46d814: shutdown LeaderElection
2019-10-17 18:50:58,347 [a5e79c22-a35f-4e50-b1fd-e91b6a93d74d@group-F775CA5912AC-LeaderElection209] INFO  impl.RoleInfo (RoleInfo.java:updateAndGet(143)) - a5e79c22-a35f-4e50-b1fd-e91b6a93d74d: start FollowerState
2019-10-17 18:50:58,347 [abcd8826-c056-4817-bd0f-7af19a46d814@group-5F52F902B742-LeaderElection210] INFO  impl.RoleInfo (RoleInfo.java:updateAndGet(143)) - abcd8826-c056-4817-bd0f-7af19a46d814: start FollowerState
2019-10-17 18:50:58,430 [Thread-1814] INFO  impl.FollowerState (FollowerState.java:run(108)) - a5e79c22-a35f-4e50-b1fd-e91b6a93d74d@group-F775CA5912AC-FollowerState: change to CANDIDATE, lastRpcTime:82ms, electionTimeout:82ms
2019-10-17 18:50:58,430 [Thread-1814] INFO  impl.RoleInfo (RoleInfo.java:shutdownFollowerState(121)) - a5e79c22-a35f-4e50-b1fd-e91b6a93d74d: shutdown FollowerState
2019-10-17 18:50:58,430 [Thread-1814] INFO  impl.RaftServerImpl (RaftServerImpl.java:setRole(184)) - a5e79c22-a35f-4e50-b1fd-e91b6a93d74d@group-F775CA5912AC: changes role from  FOLLOWER to CANDIDATE at term 115 for changeToCandidate
2019-10-17 18:50:58,430 [Thread-1814] INFO  impl.RoleInfo (RoleInfo.java:updateAndGet(143)) - a5e79c22-a35f-4e50-b1fd-e91b6a93d74d: start LeaderElection
2019-10-17 18:50:58,466 [Thread-1815] INFO  impl.FollowerState (FollowerState.java:run(108)) - abcd8826-c056-4817-bd0f-7af19a46d814@group-5F52F902B742-FollowerState: change to CANDIDATE, lastRpcTime:118ms, electionTimeout:118ms
2019-10-17 18:50:58,466 [Thread-1815] INFO  impl.RoleInfo (RoleInfo.java:shutdownFollowerState(121)) - abcd8826-c056-4817-bd0f-7af19a46d814: shutdown FollowerState
2019-10-17 18:50:58,466 [Thread-1815] INFO  impl.RaftServerImpl (RaftServerImpl.java:setRole(184)) - abcd8826-c056-4817-bd0f-7af19a46d814@group-5F52F902B742: changes role from  FOLLOWER to CANDIDATE at term 111 for changeToCandidate
2019-10-17 18:50:58,466 [Thread-1815] INFO  impl.RoleInfo (RoleInfo.java:updateAndGet(143)) - abcd8826-c056-4817-bd0f-7af19a46d814: start LeaderElection
2019-10-17 18:50:58,563 [a5e79c22-a35f-4e50-b1fd-e91b6a93d74d@group-F775CA5912AC-LeaderElection211] INFO  impl.LeaderElection (LeaderElection.java:askForVotes(178)) - a5e79c22-a35f-4e50-b1fd-e91b6a93d74d@group-F775CA5912AC-LeaderElection211: begin an election at term 116 for -1: [a5e79c22-a35f-4e50-b1fd-e91b6a93d74d:192.168.157.251:45177, daae7813-f814-475d-9647-a302a5541e36:192.168.157.251:45025, 1e4e1375-1b66-460f-8c99-4c341545a119:192.168.157.251:42113], old=null
2019-10-17 18:50:58,817 [a5e79c22-a35f-4e50-b1fd-e91b6a93d74d@group-F775CA5912AC-LeaderElection211] INFO  impl.LeaderElection (LeaderElection.java:logAndReturn(56)) - a5e79c22-a35f-4e50-b1fd-e91b6a93d74d@group-F775CA5912AC-LeaderElection211: Election TIMEOUT; received 0 response(s) [] and 0 exception(s); a5e79c22-a35f-4e50-b1fd-e91b6a93d74d@group-F775CA5912AC:t116, leader=null, voted=a5e79c22-a35f-4e50-b1fd-e91b6a93d74d, raftlog=a5e79c22-a35f-4e50-b1fd-e91b6a93d74d@group-F775CA5912AC-SegmentedRaftLog:OPENED:c-1,f-1,i0, conf=-1: [a5e79c22-a35f-4e50-b1fd-e91b6a93d74d:192.168.157.251:45177, daae7813-f814-475d-9647-a302a5541e36:192.168.157.251:45025, 1e4e1375-1b66-460f-8c99-4c341545a119:192.168.157.251:42113], old=null
2019-10-17 18:50:58,818 [grpc-default-executor-0] INFO  impl.RaftServerImpl (RaftServerImpl.java:setRole(184)) - 1e4e1375-1b66-460f-8c99-4c341545a119@group-F775CA5912AC: changes role from  FOLLOWER to FOLLOWER at term 116 for recognizeCandidate:a5e79c22-a35f-4e50-b1fd-e91b6a93d74d
2019-10-17 18:50:58,818 [grpc-default-executor-0] INFO  impl.RoleInfo (RoleInfo.java:shutdownFollowerState(121)) - 1e4e1375-1b66-460f-8c99-4c341545a119: shutdown FollowerState
2019-10-17 18:50:58,819 [Thread-1811] INFO  impl.FollowerState (FollowerState.java:run(117)) - 1e4e1375-1b66-460f-8c99-4c341545a119@group-F775CA5912AC-FollowerState was interrupted: java.lang.InterruptedException: sleep interrupted
2019-10-17 18:50:58,819 [grpc-default-executor-0] INFO  impl.RoleInfo (RoleInfo.java:updateAndGet(143)) - 1e4e1375-1b66-460f-8c99-4c341545a119: start FollowerState
2019-10-17 18:50:58,820 [grpc-default-executor-4] INFO  impl.RaftServerImpl (RaftServerImpl.java:setRole(184)) - daae7813-f814-475d-9647-a302a5541e36@group-F775CA5912AC: changes role from  FOLLOWER to FOLLOWER at term 116 for recognizeCandidate:a5e79c22-a35f-4e50-b1fd-e91b6a93d74d
2019-10-17 18:50:58,820 [grpc-default-executor-4] INFO  impl.RoleInfo (RoleInfo.java:shutdownFollowerState(121)) - daae7813-f814-475d-9647-a302a5541e36: shutdown FollowerState
2019-10-17 18:50:58,820 [grpc-default-executor-4] INFO  impl.RoleInfo (RoleInfo.java:updateAndGet(143)) - daae7813-f814-475d-9647-a302a5541e36: start FollowerState
2019-10-17 18:50:58,820 [Thread-1810] INFO  impl.FollowerState (FollowerState.java:run(117)) - daae7813-f814-475d-9647-a302a5541e36@group-F775CA5912AC-FollowerState was interrupted: java.lang.InterruptedException: sleep interrupted
2019-10-17 18:50:58,847 [abcd8826-c056-4817-bd0f-7af19a46d814@group-5F52F902B742-LeaderElection212] INFO  impl.LeaderElection (LeaderElection.java:askForVotes(178)) - abcd8826-c056-4817-bd0f-7af19a46d814@group-5F52F902B742-LeaderElection212: begin an election at term 112 for -1: [b8f04e38-0663-4b1f-8efd-f76585c6e86c:192.168.157.251:35700, abcd8826-c056-4817-bd0f-7af19a46d814:192.168.157.251:46496, 73297ffa-40cb-4e3e-b33e-1bc2c1da60f5:192.168.157.251:32952], old=null
2019-10-17 18:50:58,849 [a5e79c22-a35f-4e50-b1fd-e91b6a93d74d@group-F775CA5912AC-LeaderElection211] INFO  impl.LeaderElection (LeaderElection.java:askForVotes(178)) - a5e79c22-a35f-4e50-b1fd-e91b6a93d74d@group-F775CA5912AC-LeaderElection211: begin an election at term 117 for -1: [a5e79c22-a35f-4e50-b1fd-e91b6a93d74d:192.168.157.251:45177, daae7813-f814-475d-9647-a302a5541e36:192.168.157.251:45025, 1e4e1375-1b66-460f-8c99-4c341545a119:192.168.157.251:42113], old=null
2019-10-17 18:50:58,849 [grpc-default-executor-2] INFO  impl.RaftServerImpl (RaftServerImpl.java:setRole(184)) - b8f04e38-0663-4b1f-8efd-f76585c6e86c@group-5F52F902B742: changes role from  FOLLOWER to FOLLOWER at term 112 for recognizeCandidate:abcd8826-c056-4817-bd0f-7af19a46d814
2019-10-17 18:50:58,849 [grpc-default-executor-2] INFO  impl.RoleInfo (RoleInfo.java:shutdownFollowerState(121)) - b8f04e38-0663-4b1f-8efd-f76585c6e86c: shutdown FollowerState
2019-10-17 18:50:58,849 [grpc-default-executor-5] INFO  impl.RaftServerImpl (RaftServerImpl.java:setRole(184)) - 73297ffa-40cb-4e3e-b33e-1bc2c1da60f5@group-5F52F902B742: changes role from  FOLLOWER to FOLLOWER at term 112 for recognizeCandidate:abcd8826-c056-4817-bd0f-7af19a46d814
2019-10-17 18:50:58,850 [Thread-1812] INFO  impl.FollowerState (FollowerState.java:run(117)) - b8f04e38-0663-4b1f-8efd-f76585c6e86c@group-5F52F902B742-FollowerState was interrupted: java.lang.InterruptedException: sleep interrupted
2019-10-17 18:50:58,849 [grpc-default-executor-2] INFO  impl.RoleInfo (RoleInfo.java:updateAndGet(143)) - b8f04e38-0663-4b1f-8efd-f76585c6e86c: start FollowerState
2019-10-17 18:50:58,850 [grpc-default-executor-5] INFO  impl.RoleInfo (RoleInfo.java:shutdownFollowerState(121)) - 73297ffa-40cb-4e3e-b33e-1bc2c1da60f5: shutdown FollowerState
2019-10-17 18:50:58,850 [Thread-1813] INFO  impl.FollowerState (FollowerState.java:run(117)) - 73297ffa-40cb-4e3e-b33e-1bc2c1da60f5@group-5F52F902B742-FollowerState was interrupted: java.lang.InterruptedException: sleep interrupted
2019-10-17 18:50:58,850 [grpc-default-executor-5] INFO  impl.RoleInfo (RoleInfo.java:updateAndGet(143)) - 73297ffa-40cb-4e3e-b33e-1bc2c1da60f5: start FollowerState
2019-10-17 18:50:58,851 [grpc-default-executor-4] INFO  impl.RaftServerImpl (RaftServerImpl.java:setRole(184)) - daae7813-f814-475d-9647-a302a5541e36@group-F775CA5912AC: changes role from  FOLLOWER to FOLLOWER at term 117 for recognizeCandidate:a5e79c22-a35f-4e50-b1fd-e91b6a93d74d
2019-10-17 18:50:58,851 [grpc-default-executor-4] INFO  impl.RoleInfo (RoleInfo.java:shutdownFollowerState(121)) - daae7813-f814-475d-9647-a302a5541e36: shutdown FollowerState
2019-10-17 18:50:58,851 [grpc-default-executor-0] INFO  impl.RaftServerImpl (RaftServerImpl.java:setRole(184)) - 1e4e1375-1b66-460f-8c99-4c341545a119@group-F775CA5912AC: changes role from  FOLLOWER to FOLLOWER at term 117 for recognizeCandidate:a5e79c22-a35f-4e50-b1fd-e91b6a93d74d
2019-10-17 18:50:58,851 [grpc-default-executor-0] INFO  impl.RoleInfo (RoleInfo.java:shutdownFollowerState(121)) - 1e4e1375-1b66-460f-8c99-4c341545a119: shutdown FollowerState
2019-10-17 18:50:58,851 [Thread-1823] INFO  impl.FollowerState (FollowerState.java:run(117)) - daae7813-f814-475d-9647-a302a5541e36@group-F775CA5912AC-FollowerState was interrupted: java.lang.InterruptedException: sleep interrupted
2019-10-17 18:50:58,851 [grpc-default-executor-4] INFO  impl.RoleInfo (RoleInfo.java:updateAndGet(143)) - daae7813-f814-475d-9647-a302a5541e36: start FollowerState
2019-10-17 18:50:58,851 [Thread-1822] INFO  impl.FollowerState (FollowerState.java:run(117)) - 1e4e1375-1b66-460f-8c99-4c341545a119@group-F775CA5912AC-FollowerState was interrupted: java.lang.InterruptedException: sleep interrupted
2019-10-17 18:50:58,851 [grpc-default-executor-0] INFO  impl.RoleInfo (RoleInfo.java:updateAndGet(143)) - 1e4e1375-1b66-460f-8c99-4c341545a119: start FollowerState
2019-10-17 18:50:58,863 [abcd8826-c056-4817-bd0f-7af19a46d814@group-5F52F902B742-LeaderElection212] INFO  impl.LeaderElection (LeaderElection.java:logAndReturn(56)) - abcd8826-c056-4817-bd0f-7af19a46d814@group-5F52F902B742-LeaderElection212: Election REJECTED; received 2 response(s) [abcd8826-c056-4817-bd0f-7af19a46d814<-b8f04e38-0663-4b1f-8efd-f76585c6e86c#0:FAIL-t112, abcd8826-c056-4817-bd0f-7af19a46d814<-73297ffa-40cb-4e3e-b33e-1bc2c1da60f5#0:FAIL-t112] and 0 exception(s); abcd8826-c056-4817-bd0f-7af19a46d814@group-5F52F902B742:t112, leader=null, voted=abcd8826-c056-4817-bd0f-7af19a46d814, raftlog=abcd8826-c056-4817-bd0f-7af19a46d814@group-5F52F902B742-SegmentedRaftLog:OPENED:c-1,f-1,i0, conf=-1: [b8f04e38-0663-4b1f-8efd-f76585c6e86c:192.168.157.251:35700, abcd8826-c056-4817-bd0f-7af19a46d814:192.168.157.251:46496, 73297ffa-40cb-4e3e-b33e-1bc2c1da60f5:192.168.157.251:32952], old=null
2019-10-17 18:50:58,863 [a5e79c22-a35f-4e50-b1fd-e91b6a93d74d@group-F775CA5912AC-LeaderElection211] INFO  impl.LeaderElection (LeaderElection.java:logAndReturn(56)) - a5e79c22-a35f-4e50-b1fd-e91b6a93d74d@group-F775CA5912AC-LeaderElection211: Election REJECTED; received 2 response(s) [a5e79c22-a35f-4e50-b1fd-e91b6a93d74d<-daae7813-f814-475d-9647-a302a5541e36#0:FAIL-t117, a5e79c22-a35f-4e50-b1fd-e91b6a93d74d<-1e4e1375-1b66-460f-8c99-4c341545a119#0:FAIL-t117] and 0 exception(s); a5e79c22-a35f-4e50-b1fd-e91b6a93d74d@group-F775CA5912AC:t117, leader=null, voted=a5e79c22-a35f-4e50-b1fd-e91b6a93d74d, raftlog=a5e79c22-a35f-4e50-b1fd-e91b6a93d74d@group-F775CA5912AC-SegmentedRaftLog:OPENED:c-1,f-1,i0, conf=-1: [a5e79c22-a35f-4e50-b1fd-e91b6a93d74d:192.168.157.251:45177, daae7813-f814-475d-9647-a302a5541e36:192.168.157.251:45025, 1e4e1375-1b66-460f-8c99-4c341545a119:192.168.157.251:42113], old=null
2019-10-17 18:50:58,863 [abcd8826-c056-4817-bd0f-7af19a46d814@group-5F52F902B742-LeaderElection212] INFO  impl.RaftServerImpl (RaftServerImpl.java:setRole(184)) - abcd8826-c056-4817-bd0f-7af19a46d814@group-5F52F902B742: changes role from CANDIDATE to FOLLOWER at term 112 for DISCOVERED_A_NEW_TERM
2019-10-17 18:50:58,863 [a5e79c22-a35f-4e50-b1fd-e91b6a93d74d@group-F775CA5912AC-LeaderElection211] INFO  impl.RaftServerImpl (RaftServerImpl.java:setRole(184)) - a5e79c22-a35f-4e50-b1fd-e91b6a93d74d@group-F775CA5912AC: changes role from CANDIDATE to FOLLOWER at term 117 for DISCOVERED_A_NEW_TERM
2019-10-17 18:50:58,863 [abcd8826-c056-4817-bd0f-7af19a46d814@group-5F52F902B742-LeaderElection212] INFO  impl.RoleInfo (RoleInfo.java:shutdownLeaderElection(134)) - abcd8826-c056-4817-bd0f-7af19a46d814: shutdown LeaderElection
2019-10-17 18:50:58,863 [a5e79c22-a35f-4e50-b1fd-e91b6a93d74d@group-F775CA5912AC-LeaderElection211] INFO  impl.RoleInfo (RoleInfo.java:shutdownLeaderElection(134)) - a5e79c22-a35f-4e50-b1fd-e91b6a93d74d: shutdown LeaderElection
2019-10-17 18:50:58,863 [abcd8826-c056-4817-bd0f-7af19a46d814@group-5F52F902B742-LeaderElection212] INFO  impl.RoleInfo (RoleInfo.java:updateAndGet(143)) - abcd8826-c056-4817-bd0f-7af19a46d814: start FollowerState
2019-10-17 18:50:58,863 [a5e79c22-a35f-4e50-b1fd-e91b6a93d74d@group-F775CA5912AC-LeaderElection211] INFO  impl.RoleInfo (RoleInfo.java:updateAndGet(143)) - a5e79c22-a35f-4e50-b1fd-e91b6a93d74d: start FollowerState
2019-10-17 18:50:58,908 [Thread-1832] INFO  impl.FollowerState (FollowerState.java:run(108)) - abcd8826-c056-4817-bd0f-7af19a46d814@group-5F52F902B742-FollowerState: change to CANDIDATE, lastRpcTime:44ms, electionTimeout:44ms
2019-10-17 18:50:58,908 [Thread-1832] INFO  impl.RoleInfo (RoleInfo.java:shutdownFollowerState(121)) - abcd8826-c056-4817-bd0f-7af19a46d814: shutdown FollowerState
2019-10-17 18:50:58,908 [Thread-1832] INFO  impl.RaftServerImpl (RaftServerImpl.java:setRole(184)) - abcd8826-c056-4817-bd0f-7af19a46d814@group-5F52F902B742: changes role from  FOLLOWER to CANDIDATE at term 112 for changeToCandidate
2019-10-17 18:50:58,908 [Thread-1832] INFO  impl.RoleInfo (RoleInfo.java:updateAndGet(143)) - abcd8826-c056-4817-bd0f-7af19a46d814: start LeaderElection
2019-10-17 18:50:58,917 [abcd8826-c056-4817-bd0f-7af19a46d814@group-5F52F902B742-LeaderElection213] INFO  impl.LeaderElection (LeaderElection.java:askForVotes(178)) - abcd8826-c056-4817-bd0f-7af19a46d814@group-5F52F902B742-LeaderElection213: begin an election at term 113 for -1: [b8f04e38-0663-4b1f-8efd-f76585c6e86c:192.168.157.251:35700, abcd8826-c056-4817-bd0f-7af19a46d814:192.168.157.251:46496, 73297ffa-40cb-4e3e-b33e-1bc2c1da60f5:192.168.157.251:32952], old=null
2019-10-17 18:50:58,920 [grpc-default-executor-0] INFO  impl.RaftServerImpl (RaftServerImpl.java:setRole(184)) - b8f04e38-0663-4b1f-8efd-f76585c6e86c@group-5F52F902B742: changes role from  FOLLOWER to FOLLOWER at term 113 for recognizeCandidate:abcd8826-c056-4817-bd0f-7af19a46d814
2019-10-17 18:50:58,920 [grpc-default-executor-2] INFO  impl.RaftServerImpl (RaftServerImpl.java:setRole(184)) - 73297ffa-40cb-4e3e-b33e-1bc2c1da60f5@group-5F52F902B742: changes role from  FOLLOWER to FOLLOWER at term 113 for recognizeCandidate:abcd8826-c056-4817-bd0f-7af19a46d814
2019-10-17 18:50:58,920 [grpc-default-executor-2] INFO  impl.RoleInfo (RoleInfo.java:shutdownFollowerState(121)) - 73297ffa-40cb-4e3e-b33e-1bc2c1da60f5: shutdown FollowerState
2019-10-17 18:50:58,920 [grpc-default-executor-0] INFO  impl.RoleInfo (RoleInfo.java:shutdownFollowerState(121)) - b8f04e38-0663-4b1f-8efd-f76585c6e86c: shutdown FollowerState
2019-10-17 18:50:58,920 [Thread-1829] INFO  impl.FollowerState (FollowerState.java:run(117)) - 73297ffa-40cb-4e3e-b33e-1bc2c1da60f5@group-5F52F902B742-FollowerState was interrupted: java.lang.InterruptedException: sleep interrupted
2019-10-17 18:50:58,920 [grpc-default-executor-2] INFO  impl.RoleInfo (RoleInfo.java:updateAndGet(143)) - 73297ffa-40cb-4e3e-b33e-1bc2c1da60f5: start FollowerState
2019-10-17 18:50:58,920 [Thread-1828] INFO  impl.FollowerState (FollowerState.java:run(117)) - b8f04e38-0663-4b1f-8efd-f76585c6e86c@group-5F52F902B742-FollowerState was interrupted: java.lang.InterruptedException: sleep interrupted
2019-10-17 18:50:58,920 [grpc-default-executor-0] INFO  impl.RoleInfo (RoleInfo.java:updateAndGet(143)) - b8f04e38-0663-4b1f-8efd-f76585c6e86c: start FollowerState
2019-10-17 18:50:58,937 [abcd8826-c056-4817-bd0f-7af19a46d814@group-5F52F902B742-LeaderElection213] INFO  impl.LeaderElection (LeaderElection.java:logAndReturn(56)) - abcd8826-c056-4817-bd0f-7af19a46d814@group-5F52F902B742-LeaderElection213: Election REJECTED; received 2 response(s) [abcd8826-c056-4817-bd0f-7af19a46d814<-b8f04e38-0663-4b1f-8efd-f76585c6e86c#0:FAIL-t113, abcd8826-c056-4817-bd0f-7af19a46d814<-73297ffa-40cb-4e3e-b33e-1bc2c1da60f5#0:FAIL-t113] and 0 exception(s); abcd8826-c056-4817-bd0f-7af19a46d814@group-5F52F902B742:t113, leader=null, voted=abcd8826-c056-4817-bd0f-7af19a46d814, raftlog=abcd8826-c056-4817-bd0f-7af19a46d814@group-5F52F902B742-SegmentedRaftLog:OPENED:c-1,f-1,i0, conf=-1: [b8f04e38-0663-4b1f-8efd-f76585c6e86c:192.168.157.251:35700, abcd8826-c056-4817-bd0f-7af19a46d814:192.168.157.251:46496, 73297ffa-40cb-4e3e-b33e-1bc2c1da60f5:192.168.157.251:32952], old=null
2019-10-17 18:50:58,937 [abcd8826-c056-4817-bd0f-7af19a46d814@group-5F52F902B742-LeaderElection213] INFO  impl.RaftServerImpl (RaftServerImpl.java:setRole(184)) - abcd8826-c056-4817-bd0f-7af19a46d814@group-5F52F902B742: changes role from CANDIDATE to FOLLOWER at term 113 for DISCOVERED_A_NEW_TERM
2019-10-17 18:50:58,937 [abcd8826-c056-4817-bd0f-7af19a46d814@group-5F52F902B742-LeaderElection213] INFO  impl.RoleInfo (RoleInfo.java:shutdownLeaderElection(134)) - abcd8826-c056-4817-bd0f-7af19a46d814: shutdown LeaderElection
2019-10-17 18:50:58,937 [abcd8826-c056-4817-bd0f-7af19a46d814@group-5F52F902B742-LeaderElection213] INFO  impl.RoleInfo (RoleInfo.java:updateAndGet(143)) - abcd8826-c056-4817-bd0f-7af19a46d814: start FollowerState
2019-10-17 18:50:59,025 [Thread-1833] INFO  impl.FollowerState (FollowerState.java:run(108)) - a5e79c22-a35f-4e50-b1fd-e91b6a93d74d@group-F775CA5912AC-FollowerState: change to CANDIDATE, lastRpcTime:161ms, electionTimeout:161ms
2019-10-17 18:50:59,025 [Thread-1833] INFO  impl.RoleInfo (RoleInfo.java:shutdownFollowerState(121)) - a5e79c22-a35f-4e50-b1fd-e91b6a93d74d: shutdown FollowerState
2019-10-17 18:50:59,025 [Thread-1833] INFO  impl.RaftServerImpl (RaftServerImpl.java:setRole(184)) - a5e79c22-a35f-4e50-b1fd-e91b6a93d74d@group-F775CA5912AC: changes role from  FOLLOWER to CANDIDATE at term 117 for changeToCandidate
2019-10-17 18:50:59,026 [Thread-1833] INFO  impl.RoleInfo (RoleInfo.java:updateAndGet(143)) - a5e79c22-a35f-4e50-b1fd-e91b6a93d74d: start LeaderElection
2019-10-17 18:50:59,042 [a5e79c22-a35f-4e50-b1fd-e91b6a93d74d@group-F775CA5912AC-LeaderElection214] INFO  impl.LeaderElection (LeaderElection.java:askForVotes(178)) - a5e79c22-a35f-4e50-b1fd-e91b6a93d74d@group-F775CA5912AC-LeaderElection214: begin an election at term 118 for -1: [a5e79c22-a35f-4e50-b1fd-e91b6a93d74d:192.168.157.251:45177, daae7813-f814-475d-9647-a302a5541e36:192.168.157.251:45025, 1e4e1375-1b66-460f-8c99-4c341545a119:192.168.157.251:42113], old=null
2019-10-17 18:50:59,044 [grpc-default-executor-2] INFO  impl.RaftServerImpl (RaftServerImpl.java:setRole(184)) - 1e4e1375-1b66-460f-8c99-4c341545a119@group-F775CA5912AC: changes role from  FOLLOWER to FOLLOWER at term 118 for recognizeCandidate:a5e79c22-a35f-4e50-b1fd-e91b6a93d74d
2019-10-17 18:50:59,045 [grpc-default-executor-0] INFO  impl.RaftServerImpl (RaftServerImpl.java:setRole(184)) - daae7813-f814-475d-9647-a302a5541e36@group-F775CA5912AC: changes role from  FOLLOWER to FOLLOWER at term 118 for recognizeCandidate:a5e79c22-a35f-4e50-b1fd-e91b6a93d74d
2019-10-17 18:50:59,045 [grpc-default-executor-2] INFO  impl.RoleInfo (RoleInfo.java:shutdownFollowerState(121)) - 1e4e1375-1b66-460f-8c99-4c341545a119: shutdown FollowerState
2019-10-17 18:50:59,045 [grpc-default-executor-0] INFO  impl.RoleInfo (RoleInfo.java:shutdownFollowerState(121)) - daae7813-f814-475d-9647-a302a5541e36: shutdown FollowerState
2019-10-17 18:50:59,045 [grpc-default-executor-2] INFO  impl.RoleInfo (RoleInfo.java:updateAndGet(143)) - 1e4e1375-1b66-460f-8c99-4c341545a119: start FollowerState
2019-10-17 18:50:59,045 [Thread-1831] INFO  impl.FollowerState (FollowerState.java:run(117)) - 1e4e1375-1b66-460f-8c99-4c341545a119@group-F775CA5912AC-FollowerState was interrupted: java.lang.InterruptedException: sleep interrupted
2019-10-17 18:50:59,045 [Thread-1830] INFO  impl.FollowerState (FollowerState.java:run(117)) - daae7813-f814-475d-9647-a302a5541e36@group-F775CA5912AC-FollowerState was interrupted: java.lang.InterruptedException: sleep interrupted
2019-10-17 18:50:59,045 [grpc-default-executor-0] INFO  impl.RoleInfo (RoleInfo.java:updateAndGet(143)) - daae7813-f814-475d-9647-a302a5541e36: start FollowerState
2019-10-17 18:50:59,054 [a5e79c22-a35f-4e50-b1fd-e91b6a93d74d@group-F775CA5912AC-LeaderElection214] INFO  impl.LeaderElection (LeaderElection.java:logAndReturn(56)) - a5e79c22-a35f-4e50-b1fd-e91b6a93d74d@group-F775CA5912AC-LeaderElection214: Election REJECTED; received 2 response(s) [a5e79c22-a35f-4e50-b1fd-e91b6a93d74d<-daae7813-f814-475d-9647-a302a5541e36#0:FAIL-t118, a5e79c22-a35f-4e50-b1fd-e91b6a93d74d<-1e4e1375-1b66-460f-8c99-4c341545a119#0:FAIL-t118] and 0 exception(s); a5e79c22-a35f-4e50-b1fd-e91b6a93d74d@group-F775CA5912AC:t118, leader=null, voted=a5e79c22-a35f-4e50-b1fd-e91b6a93d74d, raftlog=a5e79c22-a35f-4e50-b1fd-e91b6a93d74d@group-F775CA5912AC-SegmentedRaftLog:OPENED:c-1,f-1,i0, conf=-1: [a5e79c22-a35f-4e50-b1fd-e91b6a93d74d:192.168.157.251:45177, daae7813-f814-475d-9647-a302a5541e36:192.168.157.251:45025, 1e4e1375-1b66-460f-8c99-4c341545a119:192.168.157.251:42113], old=null
2019-10-17 18:50:59,054 [a5e79c22-a35f-4e50-b1fd-e91b6a93d74d@group-F775CA5912AC-LeaderElection214] INFO  impl.RaftServerImpl (RaftServerImpl.java:setRole(184)) - a5e79c22-a35f-4e50-b1fd-e91b6a93d74d@group-F775CA5912AC: changes role from CANDIDATE to FOLLOWER at term 118 for DISCOVERED_A_NEW_TERM
2019-10-17 18:50:59,054 [a5e79c22-a35f-4e50-b1fd-e91b6a93d74d@group-F775CA5912AC-LeaderElection214] INFO  impl.RoleInfo (RoleInfo.java:shutdownLeaderElection(134)) - a5e79c22-a35f-4e50-b1fd-e91b6a93d74d: shutdown LeaderElection
2019-10-17 18:50:59,054 [a5e79c22-a35f-4e50-b1fd-e91b6a93d74d@group-F775CA5912AC-LeaderElection214] INFO  impl.RoleInfo (RoleInfo.java:updateAndGet(143)) - a5e79c22-a35f-4e50-b1fd-e91b6a93d74d: start FollowerState
2019-10-17 18:50:59,105 [Thread-1841] INFO  impl.FollowerState (FollowerState.java:run(108)) - abcd8826-c056-4817-bd0f-7af19a46d814@group-5F52F902B742-FollowerState: change to CANDIDATE, lastRpcTime:168ms, electionTimeout:168ms
2019-10-17 18:50:59,106 [Thread-1841] INFO  impl.RoleInfo (RoleInfo.java:shutdownFollowerState(121)) - abcd8826-c056-4817-bd0f-7af19a46d814: shutdown FollowerState
2019-10-17 18:50:59,106 [Thread-1841] INFO  impl.RaftServerImpl (RaftServerImpl.java:setRole(184)) - abcd8826-c056-4817-bd0f-7af19a46d814@group-5F52F902B742: changes role from  FOLLOWER to CANDIDATE at term 113 for changeToCandidate
2019-10-17 18:50:59,106 [Thread-1841] INFO  impl.RoleInfo (RoleInfo.java:updateAndGet(143)) - abcd8826-c056-4817-bd0f-7af19a46d814: start LeaderElection
2019-10-17 18:50:59,112 [abcd8826-c056-4817-bd0f-7af19a46d814@group-5F52F902B742-LeaderElection215] INFO  impl.LeaderElection (LeaderElection.java:askForVotes(178)) - abcd8826-c056-4817-bd0f-7af19a46d814@group-5F52F902B742-LeaderElection215: begin an election at term 114 for -1: [b8f04e38-0663-4b1f-8efd-f76585c6e86c:192.168.157.251:35700, abcd8826-c056-4817-bd0f-7af19a46d814:192.168.157.251:46496, 73297ffa-40cb-4e3e-b33e-1bc2c1da60f5:192.168.157.251:32952], old=null
2019-10-17 18:50:59,115 [grpc-default-executor-0] INFO  impl.RaftServerImpl (RaftServerImpl.java:setRole(184)) - b8f04e38-0663-4b1f-8efd-f76585c6e86c@group-5F52F902B742: changes role from  FOLLOWER to FOLLOWER at term 114 for recognizeCandidate:abcd8826-c056-4817-bd0f-7af19a46d814
2019-10-17 18:50:59,115 [grpc-default-executor-5] INFO  impl.RaftServerImpl (RaftServerImpl.java:setRole(184)) - 73297ffa-40cb-4e3e-b33e-1bc2c1da60f5@group-5F52F902B742: changes role from  FOLLOWER to FOLLOWER at term 114 for recognizeCandidate:abcd8826-c056-4817-bd0f-7af19a46d814
2019-10-17 18:50:59,115 [grpc-default-executor-0] INFO  impl.RoleInfo (RoleInfo.java:shutdownFollowerState(121)) - b8f04e38-0663-4b1f-8efd-f76585c6e86c: shutdown FollowerState
2019-10-17 18:50:59,115 [grpc-default-executor-5] INFO  impl.RoleInfo (RoleInfo.java:shutdownFollowerState(121)) - 73297ffa-40cb-4e3e-b33e-1bc2c1da60f5: shutdown FollowerState
2019-10-17 18:50:59,115 [Thread-1840] INFO  impl.FollowerState (FollowerState.java:run(117)) - b8f04e38-0663-4b1f-8efd-f76585c6e86c@group-5F52F902B742-FollowerState was interrupted: java.lang.InterruptedException: sleep interrupted
2019-10-17 18:50:59,115 [grpc-default-executor-0] INFO  impl.RoleInfo (RoleInfo.java:updateAndGet(143)) - b8f04e38-0663-4b1f-8efd-f76585c6e86c: start FollowerState
2019-10-17 18:50:59,115 [Thread-1839] INFO  impl.FollowerState (FollowerState.java:run(117)) - 73297ffa-40cb-4e3e-b33e-1bc2c1da60f5@group-5F52F902B742-FollowerState was interrupted: java.lang.InterruptedException: sleep interrupted
2019-10-17 18:50:59,115 [grpc-default-executor-5] INFO  impl.RoleInfo (RoleInfo.java:updateAndGet(143)) - 73297ffa-40cb-4e3e-b33e-1bc2c1da60f5: start FollowerState
2019-10-17 18:50:59,129 [abcd8826-c056-4817-bd0f-7af19a46d814@group-5F52F902B742-LeaderElection215] INFO  impl.LeaderElection (LeaderElection.java:logAndReturn(56)) - abcd8826-c056-4817-bd0f-7af19a46d814@group-5F52F902B742-LeaderElection215: Election REJECTED; received 2 response(s) [abcd8826-c056-4817-bd0f-7af19a46d814<-b8f04e38-0663-4b1f-8efd-f76585c6e86c#0:FAIL-t114, abcd8826-c056-4817-bd0f-7af19a46d814<-73297ffa-40cb-4e3e-b33e-1bc2c1da60f5#0:FAIL-t114] and 0 exception(s); abcd8826-c056-4817-bd0f-7af19a46d814@group-5F52F902B742:t114, leader=null, voted=abcd8826-c056-4817-bd0f-7af19a46d814, raftlog=abcd8826-c056-4817-bd0f-7af19a46d814@group-5F52F902B742-SegmentedRaftLog:OPENED:c-1,f-1,i0, conf=-1: [b8f04e38-0663-4b1f-8efd-f76585c6e86c:192.168.157.251:35700, abcd8826-c056-4817-bd0f-7af19a46d814:192.168.157.251:46496, 73297ffa-40cb-4e3e-b33e-1bc2c1da60f5:192.168.157.251:32952], old=null
2019-10-17 18:50:59,129 [abcd8826-c056-4817-bd0f-7af19a46d814@group-5F52F902B742-LeaderElection215] INFO  impl.RaftServerImpl (RaftServerImpl.java:setRole(184)) - abcd8826-c056-4817-bd0f-7af19a46d814@group-5F52F902B742: changes role from CANDIDATE to FOLLOWER at term 114 for DISCOVERED_A_NEW_TERM
2019-10-17 18:50:59,129 [abcd8826-c056-4817-bd0f-7af19a46d814@group-5F52F902B742-LeaderElection215] INFO  impl.RoleInfo (RoleInfo.java:shutdownLeaderElection(134)) - abcd8826-c056-4817-bd0f-7af19a46d814: shutdown LeaderElection
2019-10-17 18:50:59,130 [abcd8826-c056-4817-bd0f-7af19a46d814@group-5F52F902B742-LeaderElection215] INFO  impl.RoleInfo (RoleInfo.java:updateAndGet(143)) - abcd8826-c056-4817-bd0f-7af19a46d814: start FollowerState
2019-10-17 18:50:59,176 [Thread-1847] INFO  impl.FollowerState (FollowerState.java:run(108)) - a5e79c22-a35f-4e50-b1fd-e91b6a93d74d@group-F775CA5912AC-FollowerState: change to CANDIDATE, lastRpcTime:121ms, electionTimeout:121ms
2019-10-17 18:50:59,176 [Thread-1847] INFO  impl.RoleInfo (RoleInfo.java:shutdownFollowerState(121)) - a5e79c22-a35f-4e50-b1fd-e91b6a93d74d: shutdown FollowerState
2019-10-17 18:50:59,176 [Thread-1847] INFO  impl.RaftServerImpl (RaftServerImpl.java:setRole(184)) - a5e79c22-a35f-4e50-b1fd-e91b6a93d74d@group-F775CA5912AC: changes role from  FOLLOWER to CANDIDATE at term 118 for changeToCandidate
2019-10-17 18:50:59,176 [Thread-1847] INFO  impl.RoleInfo (RoleInfo.java:updateAndGet(143)) - a5e79c22-a35f-4e50-b1fd-e91b6a93d74d: start LeaderElection
2019-10-17 18:50:59,183 [a5e79c22-a35f-4e50-b1fd-e91b6a93d74d@group-F775CA5912AC-LeaderElection216] INFO  impl.LeaderElection (LeaderElection.java:askForVotes(178)) - a5e79c22-a35f-4e50-b1fd-e91b6a93d74d@group-F775CA5912AC-LeaderElection216: begin an election at term 119 for -1: [a5e79c22-a35f-4e50-b1fd-e91b6a93d74d:192.168.157.251:45177, daae7813-f814-475d-9647-a302a5541e36:192.168.157.251:45025, 1e4e1375-1b66-460f-8c99-4c341545a119:192.168.157.251:42113], old=null
2019-10-17 18:50:59,185 [grpc-default-executor-0] INFO  impl.RaftServerImpl (RaftServerImpl.java:setRole(184)) - 1e4e1375-1b66-460f-8c99-4c341545a119@group-F775CA5912AC: changes role from  FOLLOWER to FOLLOWER at term 119 for recognizeCandidate:a5e79c22-a35f-4e50-b1fd-e91b6a93d74d
2019-10-17 18:50:59,185 [grpc-default-executor-5] INFO  impl.RaftServerImpl (RaftServerImpl.java:setRole(184)) - daae7813-f814-475d-9647-a302a5541e36@group-F775CA5912AC: changes role from  FOLLOWER to FOLLOWER at term 119 for recognizeCandidate:a5e79c22-a35f-4e50-b1fd-e91b6a93d74d
2019-10-17 18:50:59,185 [grpc-default-executor-0] INFO  impl.RoleInfo (RoleInfo.java:shutdownFollowerState(121)) - 1e4e1375-1b66-460f-8c99-4c341545a119: shutdown FollowerState
2019-10-17 18:50:59,185 [grpc-default-executor-5] INFO  impl.RoleInfo (RoleInfo.java:shutdownFollowerState(121)) - daae7813-f814-475d-9647-a302a5541e36: shutdown FollowerState
2019-10-17 18:50:59,186 [Thread-1845] INFO  impl.FollowerState (FollowerState.java:run(117)) - 1e4e1375-1b66-460f-8c99-4c341545a119@group-F775CA5912AC-FollowerState was interrupted: java.lang.InterruptedException: sleep interrupted
2019-10-17 18:50:59,186 [Thread-1846] INFO  impl.FollowerState (FollowerState.java:run(117)) - daae7813-f814-475d-9647-a302a5541e36@group-F775CA5912AC-FollowerState was interrupted: java.lang.InterruptedException: sleep interrupted
2019-10-17 18:50:59,186 [grpc-default-executor-0] INFO  impl.RoleInfo (RoleInfo.java:updateAndGet(143)) - 1e4e1375-1b66-460f-8c99-4c341545a119: start FollowerState
2019-10-17 18:50:59,186 [grpc-default-executor-5] INFO  impl.RoleInfo (RoleInfo.java:updateAndGet(143)) - daae7813-f814-475d-9647-a302a5541e36: start FollowerState
2019-10-17 18:50:59,200 [a5e79c22-a35f-4e50-b1fd-e91b6a93d74d@group-F775CA5912AC-LeaderElection216] INFO  impl.LeaderElection (LeaderElection.java:logAndReturn(56)) - a5e79c22-a35f-4e50-b1fd-e91b6a93d74d@group-F775CA5912AC-LeaderElection216: Election REJECTED; received 2 response(s) [a5e79c22-a35f-4e50-b1fd-e91b6a93d74d<-daae7813-f814-475d-9647-a302a5541e36#0:FAIL-t119, a5e79c22-a35f-4e50-b1fd-e91b6a93d74d<-1e4e1375-1b66-460f-8c99-4c341545a119#0:FAIL-t119] and 0 exception(s); a5e79c22-a35f-4e50-b1fd-e91b6a93d74d@group-F775CA5912AC:t119, leader=null, voted=a5e79c22-a35f-4e50-b1fd-e91b6a93d74d, raftlog=a5e79c22-a35f-4e50-b1fd-e91b6a93d74d@group-F775CA5912AC-SegmentedRaftLog:OPENED:c-1,f-1,i0, conf=-1: [a5e79c22-a35f-4e50-b1fd-e91b6a93d74d:192.168.157.251:45177, daae7813-f814-475d-9647-a302a5541e36:192.168.157.251:45025, 1e4e1375-1b66-460f-8c99-4c341545a119:192.168.157.251:42113], old=null
2019-10-17 18:50:59,200 [a5e79c22-a35f-4e50-b1fd-e91b6a93d74d@group-F775CA5912AC-LeaderElection216] INFO  impl.RaftServerImpl (RaftServerImpl.java:setRole(184)) - a5e79c22-a35f-4e50-b1fd-e91b6a93d74d@group-F775CA5912AC: changes role from CANDIDATE to FOLLOWER at term 119 for DISCOVERED_A_NEW_TERM
2019-10-17 18:50:59,200 [a5e79c22-a35f-4e50-b1fd-e91b6a93d74d@group-F775CA5912AC-LeaderElection216] INFO  impl.RoleInfo (RoleInfo.java:shutdownLeaderElection(134)) - a5e79c22-a35f-4e50-b1fd-e91b6a93d74d: shutdown LeaderElection
2019-10-17 18:50:59,200 [a5e79c22-a35f-4e50-b1fd-e91b6a93d74d@group-F775CA5912AC-LeaderElection216] INFO  impl.RoleInfo (RoleInfo.java:updateAndGet(143)) - a5e79c22-a35f-4e50-b1fd-e91b6a93d74d: start FollowerState
2019-10-17 18:50:59,276 [Thread-1855] INFO  impl.FollowerState (FollowerState.java:run(108)) - abcd8826-c056-4817-bd0f-7af19a46d814@group-5F52F902B742-FollowerState: change to CANDIDATE, lastRpcTime:146ms, electionTimeout:146ms
2019-10-17 18:50:59,276 [Thread-1855] INFO  impl.RoleInfo (RoleInfo.java:shutdownFollowerState(121)) - abcd8826-c056-4817-bd0f-7af19a46d814: shutdown FollowerState
2019-10-17 18:50:59,276 [Thread-1855] INFO  impl.RaftServerImpl (RaftServerImpl.java:setRole(184)) - abcd8826-c056-4817-bd0f-7af19a46d814@group-5F52F902B742: changes role from  FOLLOWER to CANDIDATE at term 114 for changeToCandidate
2019-10-17 18:50:59,276 [Thread-1855] INFO  impl.RoleInfo (RoleInfo.java:updateAndGet(143)) - abcd8826-c056-4817-bd0f-7af19a46d814: start LeaderElection
2019-10-17 18:50:59,298 [abcd8826-c056-4817-bd0f-7af19a46d814@group-5F52F902B742-LeaderElection217] INFO  impl.LeaderElection (LeaderElection.java:askForVotes(178)) - abcd8826-c056-4817-bd0f-7af19a46d814@group-5F52F902B742-LeaderElection217: begin an election at term 115 for -1: [b8f04e38-0663-4b1f-8efd-f76585c6e86c:192.168.157.251:35700, abcd8826-c056-4817-bd0f-7af19a46d814:192.168.157.251:46496, 73297ffa-40cb-4e3e-b33e-1bc2c1da60f5:192.168.157.251:32952], old=null
2019-10-17 18:50:59,301 [grpc-default-executor-0] INFO  impl.RaftServerImpl (RaftServerImpl.java:setRole(184)) - b8f04e38-0663-4b1f-8efd-f76585c6e86c@group-5F52F902B742: changes role from  FOLLOWER to FOLLOWER at term 115 for recognizeCandidate:abcd8826-c056-4817-bd0f-7af19a46d814
2019-10-17 18:50:59,301 [grpc-default-executor-0] INFO  impl.RoleInfo (RoleInfo.java:shutdownFollowerState(121)) - b8f04e38-0663-4b1f-8efd-f76585c6e86c: shutdown FollowerState
2019-10-17 18:50:59,301 [grpc-default-executor-5] INFO  impl.RaftServerImpl (RaftServerImpl.java:setRole(184)) - 73297ffa-40cb-4e3e-b33e-1bc2c1da60f5@group-5F52F902B742: changes role from  FOLLOWER to FOLLOWER at term 115 for recognizeCandidate:abcd8826-c056-4817-bd0f-7af19a46d814
2019-10-17 18:50:59,301 [Thread-1853] INFO  impl.FollowerState (FollowerState.java:run(117)) - b8f04e38-0663-4b1f-8efd-f76585c6e86c@group-5F52F902B742-FollowerState was interrupted: java.lang.InterruptedException: sleep interrupted
2019-10-17 18:50:59,301 [grpc-default-executor-0] INFO  impl.RoleInfo (RoleInfo.java:updateAndGet(143)) - b8f04e38-0663-4b1f-8efd-f76585c6e86c: start FollowerState
2019-10-17 18:50:59,302 [grpc-default-executor-5] INFO  impl.RoleInfo (RoleInfo.java:shutdownFollowerState(121)) - 73297ffa-40cb-4e3e-b33e-1bc2c1da60f5: shutdown FollowerState
2019-10-17 18:50:59,302 [grpc-default-executor-5] INFO  impl.RoleInfo (RoleInfo.java:updateAndGet(143)) - 73297ffa-40cb-4e3e-b33e-1bc2c1da60f5: start FollowerState
2019-10-17 18:50:59,302 [Thread-1854] INFO  impl.FollowerState (FollowerState.java:run(117)) - 73297ffa-40cb-4e3e-b33e-1bc2c1da60f5@group-5F52F902B742-FollowerState was interrupted: java.lang.InterruptedException: sleep interrupted
2019-10-17 18:50:59,319 [abcd8826-c056-4817-bd0f-7af19a46d814@group-5F52F902B742-LeaderElection217] INFO  impl.LeaderElection (LeaderElection.java:logAndReturn(56)) - abcd8826-c056-4817-bd0f-7af19a46d814@group-5F52F902B742-LeaderElection217: Election REJECTED; received 2 response(s) [abcd8826-c056-4817-bd0f-7af19a46d814<-b8f04e38-0663-4b1f-8efd-f76585c6e86c#0:FAIL-t115, abcd8826-c056-4817-bd0f-7af19a46d814<-73297ffa-40cb-4e3e-b33e-1bc2c1da60f5#0:FAIL-t115] and 0 exception(s); abcd8826-c056-4817-bd0f-7af19a46d814@group-5F52F902B742:t115, leader=null, voted=abcd8826-c056-4817-bd0f-7af19a46d814, raftlog=abcd8826-c056-4817-bd0f-7af19a46d814@group-5F52F902B742-SegmentedRaftLog:OPENED:c-1,f-1,i0, conf=-1: [b8f04e38-0663-4b1f-8efd-f76585c6e86c:192.168.157.251:35700, abcd8826-c056-4817-bd0f-7af19a46d814:192.168.157.251:46496, 73297ffa-40cb-4e3e-b33e-1bc2c1da60f5:192.168.157.251:32952], old=null
2019-10-17 18:50:59,320 [abcd8826-c056-4817-bd0f-7af19a46d814@group-5F52F902B742-LeaderElection217] INFO  impl.RaftServerImpl (RaftServerImpl.java:setRole(184)) - abcd8826-c056-4817-bd0f-7af19a46d814@group-5F52F902B742: changes role from CANDIDATE to FOLLOWER at term 115 for DISCOVERED_A_NEW_TERM
2019-10-17 18:50:59,320 [abcd8826-c056-4817-bd0f-7af19a46d814@group-5F52F902B742-LeaderElection217] INFO  impl.RoleInfo (RoleInfo.java:shutdownLeaderElection(134)) - abcd8826-c056-4817-bd0f-7af19a46d814: shutdown LeaderElection
2019-10-17 18:50:59,320 [abcd8826-c056-4817-bd0f-7af19a46d814@group-5F52F902B742-LeaderElection217] INFO  impl.RoleInfo (RoleInfo.java:updateAndGet(143)) - abcd8826-c056-4817-bd0f-7af19a46d814: start FollowerState
2019-10-17 18:50:59,331 [Thread-1861] INFO  impl.FollowerState (FollowerState.java:run(108)) - a5e79c22-a35f-4e50-b1fd-e91b6a93d74d@group-F775CA5912AC-FollowerState: change to CANDIDATE, lastRpcTime:130ms, electionTimeout:130ms
2019-10-17 18:50:59,331 [Thread-1861] INFO  impl.RoleInfo (RoleInfo.java:shutdownFollowerState(121)) - a5e79c22-a35f-4e50-b1fd-e91b6a93d74d: shutdown FollowerState
2019-10-17 18:50:59,331 [Thread-1861] INFO  impl.RaftServerImpl (RaftServerImpl.java:setRole(184)) - a5e79c22-a35f-4e50-b1fd-e91b6a93d74d@group-F775CA5912AC: changes role from  FOLLOWER to CANDIDATE at term 119 for changeToCandidate
2019-10-17 18:50:59,331 [Thread-1861] INFO  impl.RoleInfo (RoleInfo.java:updateAndGet(143)) - a5e79c22-a35f-4e50-b1fd-e91b6a93d74d: start LeaderElection
2019-10-17 18:50:59,356 [a5e79c22-a35f-4e50-b1fd-e91b6a93d74d@group-F775CA5912AC-LeaderElection218] INFO  impl.LeaderElection (LeaderElection.java:askForVotes(178)) - a5e79c22-a35f-4e50-b1fd-e91b6a93d74d@group-F775CA5912AC-LeaderElection218: begin an election at term 120 for -1: [a5e79c22-a35f-4e50-b1fd-e91b6a93d74d:192.168.157.251:45177, daae7813-f814-475d-9647-a302a5541e36:192.168.157.251:45025, 1e4e1375-1b66-460f-8c99-4c341545a119:192.168.157.251:42113], old=null
2019-10-17 18:50:59,358 [grpc-default-executor-0] INFO  impl.RaftServerImpl (RaftServerImpl.java:setRole(184)) - daae7813-f814-475d-9647-a302a5541e36@group-F775CA5912AC: changes role from  FOLLOWER to FOLLOWER at term 120 for recognizeCandidate:a5e79c22-a35f-4e50-b1fd-e91b6a93d74d
2019-10-17 18:50:59,358 [grpc-default-executor-5] INFO  impl.RaftServerImpl (RaftServerImpl.java:setRole(184)) - 1e4e1375-1b66-460f-8c99-4c341545a119@group-F775CA5912AC: changes role from  FOLLOWER to FOLLOWER at term 120 for recognizeCandidate:a5e79c22-a35f-4e50-b1fd-e91b6a93d74d
2019-10-17 18:50:59,358 [grpc-default-executor-0] INFO  impl.RoleInfo (RoleInfo.java:shutdownFollowerState(121)) - daae7813-f814-475d-9647-a302a5541e36: shutdown FollowerState
2019-10-17 18:50:59,359 [grpc-default-executor-5] INFO  impl.RoleInfo (RoleInfo.java:shutdownFollowerState(121)) - 1e4e1375-1b66-460f-8c99-4c341545a119: shutdown FollowerState
2019-10-17 18:50:59,359 [Thread-1860] INFO  impl.FollowerState (FollowerState.java:run(117)) - daae7813-f814-475d-9647-a302a5541e36@group-F775CA5912AC-FollowerState was interrupted: java.lang.InterruptedException: sleep interrupted
2019-10-17 18:50:59,359 [Thread-1859] INFO  impl.FollowerState (FollowerState.java:run(117)) - 1e4e1375-1b66-460f-8c99-4c341545a119@group-F775CA5912AC-FollowerState was interrupted: java.lang.InterruptedException: sleep interrupted
2019-10-17 18:50:59,359 [grpc-default-executor-0] INFO  impl.RoleInfo (RoleInfo.java:updateAndGet(143)) - daae7813-f814-475d-9647-a302a5541e36: start FollowerState
2019-10-17 18:50:59,359 [grpc-default-executor-5] INFO  impl.RoleInfo (RoleInfo.java:updateAndGet(143)) - 1e4e1375-1b66-460f-8c99-4c341545a119: start FollowerState
2019-10-17 18:50:59,372 [a5e79c22-a35f-4e50-b1fd-e91b6a93d74d@group-F775CA5912AC-LeaderElection218] INFO  impl.LeaderElection (LeaderElection.java:logAndReturn(56)) - a5e79c22-a35f-4e50-b1fd-e91b6a93d74d@group-F775CA5912AC-LeaderElection218: Election REJECTED; received 2 response(s) [a5e79c22-a35f-4e50-b1fd-e91b6a93d74d<-daae7813-f814-475d-9647-a302a5541e36#0:FAIL-t120, a5e79c22-a35f-4e50-b1fd-e91b6a93d74d<-1e4e1375-1b66-460f-8c99-4c341545a119#0:FAIL-t120] and 0 exception(s); a5e79c22-a35f-4e50-b1fd-e91b6a93d74d@group-F775CA5912AC:t120, leader=null, voted=a5e79c22-a35f-4e50-b1fd-e91b6a93d74d, raftlog=a5e79c22-a35f-4e50-b1fd-e91b6a93d74d@group-F775CA5912AC-SegmentedRaftLog:OPENED:c-1,f-1,i0, conf=-1: [a5e79c22-a35f-4e50-b1fd-e91b6a93d74d:192.168.157.251:45177, daae7813-f814-475d-9647-a302a5541e36:192.168.157.251:45025, 1e4e1375-1b66-460f-8c99-4c341545a119:192.168.157.251:42113], old=null
2019-10-17 18:50:59,373 [a5e79c22-a35f-4e50-b1fd-e91b6a93d74d@group-F775CA5912AC-LeaderElection218] INFO  impl.RaftServerImpl (RaftServerImpl.java:setRole(184)) - a5e79c22-a35f-4e50-b1fd-e91b6a93d74d@group-F775CA5912AC: changes role from CANDIDATE to FOLLOWER at term 120 for DISCOVERED_A_NEW_TERM
2019-10-17 18:50:59,373 [a5e79c22-a35f-4e50-b1fd-e91b6a93d74d@group-F775CA5912AC-LeaderElection218] INFO  impl.RoleInfo (RoleInfo.java:shutdownLeaderElection(134)) - a5e79c22-a35f-4e50-b1fd-e91b6a93d74d: shutdown LeaderElection
2019-10-17 18:50:59,373 [a5e79c22-a35f-4e50-b1fd-e91b6a93d74d@group-F775CA5912AC-LeaderElection218] INFO  impl.RoleInfo (RoleInfo.java:updateAndGet(143)) - a5e79c22-a35f-4e50-b1fd-e91b6a93d74d: start FollowerState
2019-10-17 18:50:59,431 [Thread-1873] INFO  impl.FollowerState (FollowerState.java:run(108)) - a5e79c22-a35f-4e50-b1fd-e91b6a93d74d@group-F775CA5912AC-FollowerState: change to CANDIDATE, lastRpcTime:58ms, electionTimeout:58ms
2019-10-17 18:50:59,432 [Thread-1873] INFO  impl.RoleInfo (RoleInfo.java:shutdownFollowerState(121)) - a5e79c22-a35f-4e50-b1fd-e91b6a93d74d: shutdown FollowerState
2019-10-17 18:50:59,432 [Thread-1873] INFO  impl.RaftServerImpl (RaftServerImpl.java:setRole(184)) - a5e79c22-a35f-4e50-b1fd-e91b6a93d74d@group-F775CA5912AC: changes role from  FOLLOWER to CANDIDATE at term 120 for changeToCandidate
2019-10-17 18:50:59,432 [Thread-1873] INFO  impl.RoleInfo (RoleInfo.java:updateAndGet(143)) - a5e79c22-a35f-4e50-b1fd-e91b6a93d74d: start LeaderElection
2019-10-17 18:50:59,446 [a5e79c22-a35f-4e50-b1fd-e91b6a93d74d@group-F775CA5912AC-LeaderElection219] INFO  impl.LeaderElection (LeaderElection.java:askForVotes(178)) - a5e79c22-a35f-4e50-b1fd-e91b6a93d74d@group-F775CA5912AC-LeaderElection219: begin an election at term 121 for -1: [a5e79c22-a35f-4e50-b1fd-e91b6a93d74d:192.168.157.251:45177, daae7813-f814-475d-9647-a302a5541e36:192.168.157.251:45025, 1e4e1375-1b66-460f-8c99-4c341545a119:192.168.157.251:42113], old=null
2019-10-17 18:50:59,448 [grpc-default-executor-0] INFO  impl.RaftServerImpl (RaftServerImpl.java:setRole(184)) - 1e4e1375-1b66-460f-8c99-4c341545a119@group-F775CA5912AC: changes role from  FOLLOWER to FOLLOWER at term 121 for recognizeCandidate:a5e79c22-a35f-4e50-b1fd-e91b6a93d74d
2019-10-17 18:50:59,448 [grpc-default-executor-0] INFO  impl.RoleInfo (RoleInfo.java:shutdownFollowerState(121)) - 1e4e1375-1b66-460f-8c99-4c341545a119: shutdown FollowerState
2019-10-17 18:50:59,449 [grpc-default-executor-5] INFO  impl.RaftServerImpl (RaftServerImpl.java:setRole(184)) - daae7813-f814-475d-9647-a302a5541e36@group-F775CA5912AC: changes role from  FOLLOWER to FOLLOWER at term 121 for recognizeCandidate:a5e79c22-a35f-4e50-b1fd-e91b6a93d74d
2019-10-17 18:50:59,449 [grpc-default-executor-5] INFO  impl.RoleInfo (RoleInfo.java:shutdownFollowerState(121)) - daae7813-f814-475d-9647-a302a5541e36: shutdown FollowerState
2019-10-17 18:50:59,449 [Thread-1872] INFO  impl.FollowerState (FollowerState.java:run(117)) - 1e4e1375-1b66-460f-8c99-4c341545a119@group-F775CA5912AC-FollowerState was interrupted: java.lang.InterruptedException: sleep interrupted
2019-10-17 18:50:59,449 [grpc-default-executor-0] INFO  impl.RoleInfo (RoleInfo.java:updateAndGet(143)) - 1e4e1375-1b66-460f-8c99-4c341545a119: start FollowerState
2019-10-17 18:50:59,449 [Thread-1871] INFO  impl.FollowerState (FollowerState.java:run(117)) - daae7813-f814-475d-9647-a302a5541e36@group-F775CA5912AC-FollowerState was interrupted: java.lang.InterruptedException: sleep interrupted
2019-10-17 18:50:59,449 [grpc-default-executor-5] INFO  impl.RoleInfo (RoleInfo.java:updateAndGet(143)) - daae7813-f814-475d-9647-a302a5541e36: start FollowerState
2019-10-17 18:50:59,464 [a5e79c22-a35f-4e50-b1fd-e91b6a93d74d@group-F775CA5912AC-LeaderElection219] INFO  impl.LeaderElection (LeaderElection.java:logAndReturn(56)) - a5e79c22-a35f-4e50-b1fd-e91b6a93d74d@group-F775CA5912AC-LeaderElection219: Election REJECTED; received 2 response(s) [a5e79c22-a35f-4e50-b1fd-e91b6a93d74d<-daae7813-f814-475d-9647-a302a5541e36#0:FAIL-t121, a5e79c22-a35f-4e50-b1fd-e91b6a93d74d<-1e4e1375-1b66-460f-8c99-4c341545a119#0:FAIL-t121] and 0 exception(s); a5e79c22-a35f-4e50-b1fd-e91b6a93d74d@group-F775CA5912AC:t121, leader=null, voted=a5e79c22-a35f-4e50-b1fd-e91b6a93d74d, raftlog=a5e79c22-a35f-4e50-b1fd-e91b6a93d74d@group-F775CA5912AC-SegmentedRaftLog:OPENED:c-1,f-1,i0, conf=-1: [a5e79c22-a35f-4e50-b1fd-e91b6a93d74d:192.168.157.251:45177, daae7813-f814-475d-9647-a302a5541e36:192.168.157.251:45025, 1e4e1375-1b66-460f-8c99-4c341545a119:192.168.157.251:42113], old=null
2019-10-17 18:50:59,464 [a5e79c22-a35f-4e50-b1fd-e91b6a93d74d@group-F775CA5912AC-LeaderElection219] INFO  impl.RaftServerImpl (RaftServerImpl.java:setRole(184)) - a5e79c22-a35f-4e50-b1fd-e91b6a93d74d@group-F775CA5912AC: changes role from CANDIDATE to FOLLOWER at term 121 for DISCOVERED_A_NEW_TERM
2019-10-17 18:50:59,464 [a5e79c22-a35f-4e50-b1fd-e91b6a93d74d@group-F775CA5912AC-LeaderElection219] INFO  impl.RoleInfo (RoleInfo.java:shutdownLeaderElection(134)) - a5e79c22-a35f-4e50-b1fd-e91b6a93d74d: shutdown LeaderElection
2019-10-17 18:50:59,464 [a5e79c22-a35f-4e50-b1fd-e91b6a93d74d@group-F775CA5912AC-LeaderElection219] INFO  impl.RoleInfo (RoleInfo.java:updateAndGet(143)) - a5e79c22-a35f-4e50-b1fd-e91b6a93d74d: start FollowerState
2019-10-17 18:50:59,494 [Thread-1867] INFO  impl.FollowerState (FollowerState.java:run(108)) - abcd8826-c056-4817-bd0f-7af19a46d814@group-5F52F902B742-FollowerState: change to CANDIDATE, lastRpcTime:174ms, electionTimeout:174ms
2019-10-17 18:50:59,494 [Thread-1867] INFO  impl.RoleInfo (RoleInfo.java:shutdownFollowerState(121)) - abcd8826-c056-4817-bd0f-7af19a46d814: shutdown FollowerState
2019-10-17 18:50:59,495 [Thread-1867] INFO  impl.RaftServerImpl (RaftServerImpl.java:setRole(184)) - abcd8826-c056-4817-bd0f-7af19a46d814@group-5F52F902B742: changes role from  FOLLOWER to CANDIDATE at term 115 for changeToCandidate
2019-10-17 18:50:59,495 [Thread-1867] INFO  impl.RoleInfo (RoleInfo.java:updateAndGet(143)) - abcd8826-c056-4817-bd0f-7af19a46d814: start LeaderElection
2019-10-17 18:50:59,517 [abcd8826-c056-4817-bd0f-7af19a46d814@group-5F52F902B742-LeaderElection220] INFO  impl.LeaderElection (LeaderElection.java:askForVotes(178)) - abcd8826-c056-4817-bd0f-7af19a46d814@group-5F52F902B742-LeaderElection220: begin an election at term 116 for -1: [b8f04e38-0663-4b1f-8efd-f76585c6e86c:192.168.157.251:35700, abcd8826-c056-4817-bd0f-7af19a46d814:192.168.157.251:46496, 73297ffa-40cb-4e3e-b33e-1bc2c1da60f5:192.168.157.251:32952], old=null
2019-10-17 18:50:59,520 [grpc-default-executor-5] INFO  impl.RaftServerImpl (RaftServerImpl.java:setRole(184)) - 73297ffa-40cb-4e3e-b33e-1bc2c1da60f5@group-5F52F902B742: changes role from  FOLLOWER to FOLLOWER at term 116 for recognizeCandidate:abcd8826-c056-4817-bd0f-7af19a46d814
2019-10-17 18:50:59,520 [grpc-default-executor-5] INFO  impl.RoleInfo (RoleInfo.java:shutdownFollowerState(121)) - 73297ffa-40cb-4e3e-b33e-1bc2c1da60f5: shutdown FollowerState
2019-10-17 18:50:59,520 [grpc-default-executor-0] INFO  impl.RaftServerImpl (RaftServerImpl.java:setRole(184)) - b8f04e38-0663-4b1f-8efd-f76585c6e86c@group-5F52F902B742: changes role from  FOLLOWER to FOLLOWER at term 116 for recognizeCandidate:abcd8826-c056-4817-bd0f-7af19a46d814
2019-10-17 18:50:59,520 [Thread-1866] INFO  impl.FollowerState (FollowerState.java:run(117)) - 73297ffa-40cb-4e3e-b33e-1bc2c1da60f5@group-5F52F902B742-FollowerState was interrupted: java.lang.InterruptedException: sleep interrupted
2019-10-17 18:50:59,520 [grpc-default-executor-5] INFO  impl.RoleInfo (RoleInfo.java:updateAndGet(143)) - 73297ffa-40cb-4e3e-b33e-1bc2c1da60f5: start FollowerState
2019-10-17 18:50:59,520 [grpc-default-executor-0] INFO  impl.RoleInfo (RoleInfo.java:shutdownFollowerState(121)) - b8f04e38-0663-4b1f-8efd-f76585c6e86c: shutdown FollowerState
2019-10-17 18:50:59,521 [grpc-default-executor-0] INFO  impl.RoleInfo (RoleInfo.java:updateAndGet(143)) - b8f04e38-0663-4b1f-8efd-f76585c6e86c: start FollowerState
2019-10-17 18:50:59,521 [Thread-1865] INFO  impl.FollowerState (FollowerState.java:run(117)) - b8f04e38-0663-4b1f-8efd-f76585c6e86c@group-5F52F902B742-FollowerState was interrupted: java.lang.InterruptedException: sleep interrupted
2019-10-17 18:50:59,533 [abcd8826-c056-4817-bd0f-7af19a46d814@group-5F52F902B742-LeaderElection220] INFO  impl.LeaderElection (LeaderElection.java:logAndReturn(56)) - abcd8826-c056-4817-bd0f-7af19a46d814@group-5F52F902B742-LeaderElection220: Election REJECTED; received 2 response(s) [abcd8826-c056-4817-bd0f-7af19a46d814<-b8f04e38-0663-4b1f-8efd-f76585c6e86c#0:FAIL-t116, abcd8826-c056-4817-bd0f-7af19a46d814<-73297ffa-40cb-4e3e-b33e-1bc2c1da60f5#0:FAIL-t116] and 0 exception(s); abcd8826-c056-4817-bd0f-7af19a46d814@group-5F52F902B742:t116, leader=null, voted=abcd8826-c056-4817-bd0f-7af19a46d814, raftlog=abcd8826-c056-4817-bd0f-7af19a46d814@group-5F52F902B742-SegmentedRaftLog:OPENED:c-1,f-1,i0, conf=-1: [b8f04e38-0663-4b1f-8efd-f76585c6e86c:192.168.157.251:35700, abcd8826-c056-4817-bd0f-7af19a46d814:192.168.157.251:46496, 73297ffa-40cb-4e3e-b33e-1bc2c1da60f5:192.168.157.251:32952], old=null
2019-10-17 18:50:59,534 [abcd8826-c056-4817-bd0f-7af19a46d814@group-5F52F902B742-LeaderElection220] INFO  impl.RaftServerImpl (RaftServerImpl.java:setRole(184)) - abcd8826-c056-4817-bd0f-7af19a46d814@group-5F52F902B742: changes role from CANDIDATE to FOLLOWER at term 116 for DISCOVERED_A_NEW_TERM
2019-10-17 18:50:59,534 [abcd8826-c056-4817-bd0f-7af19a46d814@group-5F52F902B742-LeaderElection220] INFO  impl.RoleInfo (RoleInfo.java:shutdownLeaderElection(134)) - abcd8826-c056-4817-bd0f-7af19a46d814: shutdown LeaderElection
2019-10-17 18:50:59,534 [abcd8826-c056-4817-bd0f-7af19a46d814@group-5F52F902B742-LeaderElection220] INFO  impl.RoleInfo (RoleInfo.java:updateAndGet(143)) - abcd8826-c056-4817-bd0f-7af19a46d814: start FollowerState
2019-10-17 18:50:59,593 [Thread-1881] INFO  impl.FollowerState (FollowerState.java:run(108)) - a5e79c22-a35f-4e50-b1fd-e91b6a93d74d@group-F775CA5912AC-FollowerState: change to CANDIDATE, lastRpcTime:129ms, electionTimeout:129ms
2019-10-17 18:50:59,594 [Thread-1881] INFO  impl.RoleInfo (RoleInfo.java:shutdownFollowerState(121)) - a5e79c22-a35f-4e50-b1fd-e91b6a93d74d: shutdown FollowerState
2019-10-17 18:50:59,594 [Thread-1881] INFO  impl.RaftServerImpl (RaftServerImpl.java:setRole(184)) - a5e79c22-a35f-4e50-b1fd-e91b6a93d74d@group-F775CA5912AC: changes role from  FOLLOWER to CANDIDATE at term 121 for changeToCandidate
2019-10-17 18:50:59,594 [Thread-1881] INFO  impl.RoleInfo (RoleInfo.java:updateAndGet(143)) - a5e79c22-a35f-4e50-b1fd-e91b6a93d74d: start LeaderElection
2019-10-17 18:50:59,608 [a5e79c22-a35f-4e50-b1fd-e91b6a93d74d@group-F775CA5912AC-LeaderElection221] INFO  impl.LeaderElection (LeaderElection.java:askForVotes(178)) - a5e79c22-a35f-4e50-b1fd-e91b6a93d74d@group-F775CA5912AC-LeaderElection221: begin an election at term 122 for -1: [a5e79c22-a35f-4e50-b1fd-e91b6a93d74d:192.168.157.251:45177, daae7813-f814-475d-9647-a302a5541e36:192.168.157.251:45025, 1e4e1375-1b66-460f-8c99-4c341545a119:192.168.157.251:42113], old=null
2019-10-17 18:50:59,610 [grpc-default-executor-5] INFO  impl.RaftServerImpl (RaftServerImpl.java:setRole(184)) - 1e4e1375-1b66-460f-8c99-4c341545a119@group-F775CA5912AC: changes role from  FOLLOWER to FOLLOWER at term 122 for recognizeCandidate:a5e79c22-a35f-4e50-b1fd-e91b6a93d74d
2019-10-17 18:50:59,610 [grpc-default-executor-5] INFO  impl.RoleInfo (RoleInfo.java:shutdownFollowerState(121)) - 1e4e1375-1b66-460f-8c99-4c341545a119: shutdown FollowerState
2019-10-17 18:50:59,610 [grpc-default-executor-5] INFO  impl.RoleInfo (RoleInfo.java:updateAndGet(143)) - 1e4e1375-1b66-460f-8c99-4c341545a119: start FollowerState
2019-10-17 18:50:59,610 [grpc-default-executor-0] INFO  impl.RaftServerImpl (RaftServerImpl.java:setRole(184)) - daae7813-f814-475d-9647-a302a5541e36@group-F775CA5912AC: changes role from  FOLLOWER to FOLLOWER at term 122 for recognizeCandidate:a5e79c22-a35f-4e50-b1fd-e91b6a93d74d
2019-10-17 18:50:59,611 [grpc-default-executor-0] INFO  impl.RoleInfo (RoleInfo.java:shutdownFollowerState(121)) - daae7813-f814-475d-9647-a302a5541e36: shutdown FollowerState
2019-10-17 18:50:59,610 [Thread-1879] INFO  impl.FollowerState (FollowerState.java:run(117)) - 1e4e1375-1b66-460f-8c99-4c341545a119@group-F775CA5912AC-FollowerState was interrupted: java.lang.InterruptedException: sleep interrupted
2019-10-17 18:50:59,611 [grpc-default-executor-0] INFO  impl.RoleInfo (RoleInfo.java:updateAndGet(143)) - daae7813-f814-475d-9647-a302a5541e36: start FollowerState
2019-10-17 18:50:59,611 [Thread-1880] INFO  impl.FollowerState (FollowerState.java:run(117)) - daae7813-f814-475d-9647-a302a5541e36@group-F775CA5912AC-FollowerState was interrupted: java.lang.InterruptedException: sleep interrupted
2019-10-17 18:50:59,617 [a5e79c22-a35f-4e50-b1fd-e91b6a93d74d@group-F775CA5912AC-LeaderElection221] INFO  impl.LeaderElection (LeaderElection.java:logAndReturn(56)) - a5e79c22-a35f-4e50-b1fd-e91b6a93d74d@group-F775CA5912AC-LeaderElection221: Election TIMEOUT; received 0 response(s) [] and 0 exception(s); a5e79c22-a35f-4e50-b1fd-e91b6a93d74d@group-F775CA5912AC:t122, leader=null, voted=a5e79c22-a35f-4e50-b1fd-e91b6a93d74d, raftlog=a5e79c22-a35f-4e50-b1fd-e91b6a93d74d@group-F775CA5912AC-SegmentedRaftLog:OPENED:c-1,f-1,i0, conf=-1: [a5e79c22-a35f-4e50-b1fd-e91b6a93d74d:192.168.157.251:45177, daae7813-f814-475d-9647-a302a5541e36:192.168.157.251:45025, 1e4e1375-1b66-460f-8c99-4c341545a119:192.168.157.251:42113], old=null
2019-10-17 18:50:59,622 [Thread-1887] INFO  impl.FollowerState (FollowerState.java:run(108)) - abcd8826-c056-4817-bd0f-7af19a46d814@group-5F52F902B742-FollowerState: change to CANDIDATE, lastRpcTime:88ms, electionTimeout:88ms
2019-10-17 18:50:59,623 [Thread-1887] INFO  impl.RoleInfo (RoleInfo.java:shutdownFollowerState(121)) - abcd8826-c056-4817-bd0f-7af19a46d814: shutdown FollowerState
2019-10-17 18:50:59,623 [Thread-1887] INFO  impl.RaftServerImpl (RaftServerImpl.java:setRole(184)) - abcd8826-c056-4817-bd0f-7af19a46d814@group-5F52F902B742: changes role from  FOLLOWER to CANDIDATE at term 116 for changeToCandidate
2019-10-17 18:50:59,623 [Thread-1887] INFO  impl.RoleInfo (RoleInfo.java:updateAndGet(143)) - abcd8826-c056-4817-bd0f-7af19a46d814: start LeaderElection
2019-10-17 18:50:59,624 [a5e79c22-a35f-4e50-b1fd-e91b6a93d74d@group-F775CA5912AC-LeaderElection221] INFO  impl.LeaderElection (LeaderElection.java:askForVotes(178)) - a5e79c22-a35f-4e50-b1fd-e91b6a93d74d@group-F775CA5912AC-LeaderElection221: begin an election at term 123 for -1: [a5e79c22-a35f-4e50-b1fd-e91b6a93d74d:192.168.157.251:45177, daae7813-f814-475d-9647-a302a5541e36:192.168.157.251:45025, 1e4e1375-1b66-460f-8c99-4c341545a119:192.168.157.251:42113], old=null
2019-10-17 18:50:59,626 [grpc-default-executor-5] INFO  impl.RaftServerImpl (RaftServerImpl.java:setRole(184)) - 1e4e1375-1b66-460f-8c99-4c341545a119@group-F775CA5912AC: changes role from  FOLLOWER to FOLLOWER at term 123 for recognizeCandidate:a5e79c22-a35f-4e50-b1fd-e91b6a93d74d
2019-10-17 18:50:59,626 [grpc-default-executor-0] INFO  impl.RaftServerImpl (RaftServerImpl.java:setRole(184)) - daae7813-f814-475d-9647-a302a5541e36@group-F775CA5912AC: changes role from  FOLLOWER to FOLLOWER at term 123 for recognizeCandidate:a5e79c22-a35f-4e50-b1fd-e91b6a93d74d
2019-10-17 18:50:59,626 [grpc-default-executor-0] INFO  impl.RoleInfo (RoleInfo.java:shutdownFollowerState(121)) - daae7813-f814-475d-9647-a302a5541e36: shutdown FollowerState
2019-10-17 18:50:59,626 [grpc-default-executor-5] INFO  impl.RoleInfo (RoleInfo.java:shutdownFollowerState(121)) - 1e4e1375-1b66-460f-8c99-4c341545a119: shutdown FollowerState
2019-10-17 18:50:59,626 [Thread-1892] INFO  impl.FollowerState (FollowerState.java:run(117)) - daae7813-f814-475d-9647-a302a5541e36@group-F775CA5912AC-FollowerState was interrupted: java.lang.InterruptedException: sleep interrupted
2019-10-17 18:50:59,626 [grpc-default-executor-0] INFO  impl.RoleInfo (RoleInfo.java:updateAndGet(143)) - daae7813-f814-475d-9647-a302a5541e36: start FollowerState
2019-10-17 18:50:59,626 [Thread-1891] INFO  impl.FollowerState (FollowerState.java:run(117)) - 1e4e1375-1b66-460f-8c99-4c341545a119@group-F775CA5912AC-FollowerState was interrupted: java.lang.InterruptedException: sleep interrupted
2019-10-17 18:50:59,626 [grpc-default-executor-5] INFO  impl.RoleInfo (RoleInfo.java:updateAndGet(143)) - 1e4e1375-1b66-460f-8c99-4c341545a119: start FollowerState
2019-10-17 18:50:59,627 [abcd8826-c056-4817-bd0f-7af19a46d814@group-5F52F902B742-LeaderElection222] INFO  impl.LeaderElection (LeaderElection.java:askForVotes(178)) - abcd8826-c056-4817-bd0f-7af19a46d814@group-5F52F902B742-LeaderElection222: begin an election at term 117 for -1: [b8f04e38-0663-4b1f-8efd-f76585c6e86c:192.168.157.251:35700, abcd8826-c056-4817-bd0f-7af19a46d814:192.168.157.251:46496, 73297ffa-40cb-4e3e-b33e-1bc2c1da60f5:192.168.157.251:32952], old=null
2019-10-17 18:50:59,628 [grpc-default-executor-2] INFO  impl.RaftServerImpl (RaftServerImpl.java:setRole(184)) - b8f04e38-0663-4b1f-8efd-f76585c6e86c@group-5F52F902B742: changes role from  FOLLOWER to FOLLOWER at term 117 for recognizeCandidate:abcd8826-c056-4817-bd0f-7af19a46d814
2019-10-17 18:50:59,628 [grpc-default-executor-4] INFO  impl.RaftServerImpl (RaftServerImpl.java:setRole(184)) - 73297ffa-40cb-4e3e-b33e-1bc2c1da60f5@group-5F52F902B742: changes role from  FOLLOWER to FOLLOWER at term 117 for recognizeCandidate:abcd8826-c056-4817-bd0f-7af19a46d814
2019-10-17 18:50:59,628 [grpc-default-executor-2] INFO  impl.RoleInfo (RoleInfo.java:shutdownFollowerState(121)) - b8f04e38-0663-4b1f-8efd-f76585c6e86c: shutdown FollowerState
2019-10-17 18:50:59,628 [grpc-default-executor-4] INFO  impl.RoleInfo (RoleInfo.java:shutdownFollowerState(121)) - 73297ffa-40cb-4e3e-b33e-1bc2c1da60f5: shutdown FollowerState
2019-10-17 18:50:59,628 [Thread-1886] INFO  impl.FollowerState (FollowerState.java:run(117)) - b8f04e38-0663-4b1f-8efd-f76585c6e86c@group-5F52F902B742-FollowerState was interrupted: java.lang.InterruptedException: sleep interrupted
2019-10-17 18:50:59,628 [grpc-default-executor-2] INFO  impl.RoleInfo (RoleInfo.java:updateAndGet(143)) - b8f04e38-0663-4b1f-8efd-f76585c6e86c: start FollowerState
2019-10-17 18:50:59,629 [grpc-default-executor-4] INFO  impl.RoleInfo (RoleInfo.java:updateAndGet(143)) - 73297ffa-40cb-4e3e-b33e-1bc2c1da60f5: start FollowerState
2019-10-17 18:50:59,629 [Thread-1885] INFO  impl.FollowerState (FollowerState.java:run(117)) - 73297ffa-40cb-4e3e-b33e-1bc2c1da60f5@group-5F52F902B742-FollowerState was interrupted: java.lang.InterruptedException: sleep interrupted
2019-10-17 18:50:59,630 [a5e79c22-a35f-4e50-b1fd-e91b6a93d74d@group-F775CA5912AC-LeaderElection221] INFO  impl.LeaderElection (LeaderElection.java:logAndReturn(56)) - a5e79c22-a35f-4e50-b1fd-e91b6a93d74d@group-F775CA5912AC-LeaderElection221: Election REJECTED; received 2 response(s) [a5e79c22-a35f-4e50-b1fd-e91b6a93d74d<-daae7813-f814-475d-9647-a302a5541e36#0:FAIL-t123, a5e79c22-a35f-4e50-b1fd-e91b6a93d74d<-1e4e1375-1b66-460f-8c99-4c341545a119#0:FAIL-t123] and 0 exception(s); a5e79c22-a35f-4e50-b1fd-e91b6a93d74d@group-F775CA5912AC:t123, leader=null, voted=a5e79c22-a35f-4e50-b1fd-e91b6a93d74d, raftlog=a5e79c22-a35f-4e50-b1fd-e91b6a93d74d@group-F775CA5912AC-SegmentedRaftLog:OPENED:c-1,f-1,i0, conf=-1: [a5e79c22-a35f-4e50-b1fd-e91b6a93d74d:192.168.157.251:45177, daae7813-f814-475d-9647-a302a5541e36:192.168.157.251:45025, 1e4e1375-1b66-460f-8c99-4c341545a119:192.168.157.251:42113], old=null
2019-10-17 18:50:59,631 [a5e79c22-a35f-4e50-b1fd-e91b6a93d74d@group-F775CA5912AC-LeaderElection221] INFO  impl.RaftServerImpl (RaftServerImpl.java:setRole(184)) - a5e79c22-a35f-4e50-b1fd-e91b6a93d74d@group-F775CA5912AC: changes role from CANDIDATE to FOLLOWER at term 123 for DISCOVERED_A_NEW_TERM
2019-10-17 18:50:59,631 [a5e79c22-a35f-4e50-b1fd-e91b6a93d74d@group-F775CA5912AC-LeaderElection221] INFO  impl.RoleInfo (RoleInfo.java:shutdownLeaderElection(134)) - a5e79c22-a35f-4e50-b1fd-e91b6a93d74d: shutdown LeaderElection
2019-10-17 18:50:59,631 [a5e79c22-a35f-4e50-b1fd-e91b6a93d74d@group-F775CA5912AC-LeaderElection221] INFO  impl.RoleInfo (RoleInfo.java:updateAndGet(143)) - a5e79c22-a35f-4e50-b1fd-e91b6a93d74d: start FollowerState
2019-10-17 18:50:59,635 [abcd8826-c056-4817-bd0f-7af19a46d814@group-5F52F902B742-LeaderElection222] INFO  impl.LeaderElection (LeaderElection.java:logAndReturn(56)) - abcd8826-c056-4817-bd0f-7af19a46d814@group-5F52F902B742-LeaderElection222: Election REJECTED; received 2 response(s) [abcd8826-c056-4817-bd0f-7af19a46d814<-b8f04e38-0663-4b1f-8efd-f76585c6e86c#0:FAIL-t117, abcd8826-c056-4817-bd0f-7af19a46d814<-73297ffa-40cb-4e3e-b33e-1bc2c1da60f5#0:FAIL-t117] and 0 exception(s); abcd8826-c056-4817-bd0f-7af19a46d814@group-5F52F902B742:t117, leader=null, voted=abcd8826-c056-4817-bd0f-7af19a46d814, raftlog=abcd8826-c056-4817-bd0f-7af19a46d814@group-5F52F902B742-SegmentedRaftLog:OPENED:c-1,f-1,i0, conf=-1: [b8f04e38-0663-4b1f-8efd-f76585c6e86c:192.168.157.251:35700, abcd8826-c056-4817-bd0f-7af19a46d814:192.168.157.251:46496, 73297ffa-40cb-4e3e-b33e-1bc2c1da60f5:192.168.157.251:32952], old=null
2019-10-17 18:50:59,635 [abcd8826-c056-4817-bd0f-7af19a46d814@group-5F52F902B742-LeaderElection222] INFO  impl.RaftServerImpl (RaftServerImpl.java:setRole(184)) - abcd8826-c056-4817-bd0f-7af19a46d814@group-5F52F902B742: changes role from CANDIDATE to FOLLOWER at term 117 for DISCOVERED_A_NEW_TERM
2019-10-17 18:50:59,635 [abcd8826-c056-4817-bd0f-7af19a46d814@group-5F52F902B742-LeaderElection222] INFO  impl.RoleInfo (RoleInfo.java:shutdownLeaderElection(134)) - abcd8826-c056-4817-bd0f-7af19a46d814: shutdown LeaderElection
2019-10-17 18:50:59,635 [abcd8826-c056-4817-bd0f-7af19a46d814@group-5F52F902B742-LeaderElection222] INFO  impl.RoleInfo (RoleInfo.java:updateAndGet(143)) - abcd8826-c056-4817-bd0f-7af19a46d814: start FollowerState
2019-10-17 18:50:59,657 [Thread-1903] INFO  impl.FollowerState (FollowerState.java:run(108)) - abcd8826-c056-4817-bd0f-7af19a46d814@group-5F52F902B742-FollowerState: change to CANDIDATE, lastRpcTime:21ms, electionTimeout:21ms
2019-10-17 18:50:59,657 [Thread-1903] INFO  impl.RoleInfo (RoleInfo.java:shutdownFollowerState(121)) - abcd8826-c056-4817-bd0f-7af19a46d814: shutdown FollowerState
2019-10-17 18:50:59,657 [Thread-1903] INFO  impl.RaftServerImpl (RaftServerImpl.java:setRole(184)) - abcd8826-c056-4817-bd0f-7af19a46d814@group-5F52F902B742: changes role from  FOLLOWER to CANDIDATE at term 117 for changeToCandidate
2019-10-17 18:50:59,657 [Thread-1903] INFO  impl.RoleInfo (RoleInfo.java:updateAndGet(143)) - abcd8826-c056-4817-bd0f-7af19a46d814: start LeaderElection
2019-10-17 18:50:59,671 [abcd8826-c056-4817-bd0f-7af19a46d814@group-5F52F902B742-LeaderElection223] INFO  impl.LeaderElection (LeaderElection.java:askForVotes(178)) - abcd8826-c056-4817-bd0f-7af19a46d814@group-5F52F902B742-LeaderElection223: begin an election at term 118 for -1: [b8f04e38-0663-4b1f-8efd-f76585c6e86c:192.168.157.251:35700, abcd8826-c056-4817-bd0f-7af19a46d814:192.168.157.251:46496, 73297ffa-40cb-4e3e-b33e-1bc2c1da60f5:192.168.157.251:32952], old=null
2019-10-17 18:50:59,673 [grpc-default-executor-2] INFO  impl.RaftServerImpl (RaftServerImpl.java:setRole(184)) - b8f04e38-0663-4b1f-8efd-f76585c6e86c@group-5F52F902B742: changes role from  FOLLOWER to FOLLOWER at term 118 for recognizeCandidate:abcd8826-c056-4817-bd0f-7af19a46d814
2019-10-17 18:50:59,673 [grpc-default-executor-4] INFO  impl.RaftServerImpl (RaftServerImpl.java:setRole(184)) - 73297ffa-40cb-4e3e-b33e-1bc2c1da60f5@group-5F52F902B742: changes role from  FOLLOWER to FOLLOWER at term 118 for recognizeCandidate:abcd8826-c056-4817-bd0f-7af19a46d814
2019-10-17 18:50:59,673 [grpc-default-executor-2] INFO  impl.RoleInfo (RoleInfo.java:shutdownFollowerState(121)) - b8f04e38-0663-4b1f-8efd-f76585c6e86c: shutdown FollowerState
2019-10-17 18:50:59,673 [grpc-default-executor-4] INFO  impl.RoleInfo (RoleInfo.java:shutdownFollowerState(121)) - 73297ffa-40cb-4e3e-b33e-1bc2c1da60f5: shutdown FollowerState
2019-10-17 18:50:59,673 [grpc-default-executor-2] INFO  impl.RoleInfo (RoleInfo.java:updateAndGet(143)) - b8f04e38-0663-4b1f-8efd-f76585c6e86c: start FollowerState
2019-10-17 18:50:59,673 [Thread-1901] INFO  impl.FollowerState (FollowerState.java:run(117)) - 73297ffa-40cb-4e3e-b33e-1bc2c1da60f5@group-5F52F902B742-FollowerState was interrupted: java.lang.InterruptedException: sleep interrupted
2019-10-17 18:50:59,673 [grpc-default-executor-4] INFO  impl.RoleInfo (RoleInfo.java:updateAndGet(143)) - 73297ffa-40cb-4e3e-b33e-1bc2c1da60f5: start FollowerState
2019-10-17 18:50:59,673 [Thread-1900] INFO  impl.FollowerState (FollowerState.java:run(117)) - b8f04e38-0663-4b1f-8efd-f76585c6e86c@group-5F52F902B742-FollowerState was interrupted: java.lang.InterruptedException: sleep interrupted
2019-10-17 18:50:59,694 [abcd8826-c056-4817-bd0f-7af19a46d814@group-5F52F902B742-LeaderElection223] INFO  impl.LeaderElection (LeaderElection.java:logAndReturn(56)) - abcd8826-c056-4817-bd0f-7af19a46d814@group-5F52F902B742-LeaderElection223: Election REJECTED; received 2 response(s) [abcd8826-c056-4817-bd0f-7af19a46d814<-b8f04e38-0663-4b1f-8efd-f76585c6e86c#0:FAIL-t118, abcd8826-c056-4817-bd0f-7af19a46d814<-73297ffa-40cb-4e3e-b33e-1bc2c1da60f5#0:FAIL-t118] and 0 exception(s); abcd8826-c056-4817-bd0f-7af19a46d814@group-5F52F902B742:t118, leader=null, voted=abcd8826-c056-4817-bd0f-7af19a46d814, raftlog=abcd8826-c056-4817-bd0f-7af19a46d814@group-5F52F902B742-SegmentedRaftLog:OPENED:c-1,f-1,i0, conf=-1: [b8f04e38-0663-4b1f-8efd-f76585c6e86c:192.168.157.251:35700, abcd8826-c056-4817-bd0f-7af19a46d814:192.168.157.251:46496, 73297ffa-40cb-4e3e-b33e-1bc2c1da60f5:192.168.157.251:32952], old=null
2019-10-17 18:50:59,694 [abcd8826-c056-4817-bd0f-7af19a46d814@group-5F52F902B742-LeaderElection223] INFO  impl.RaftServerImpl (RaftServerImpl.java:setRole(184)) - abcd8826-c056-4817-bd0f-7af19a46d814@group-5F52F902B742: changes role from CANDIDATE to FOLLOWER at term 118 for DISCOVERED_A_NEW_TERM
2019-10-17 18:50:59,694 [abcd8826-c056-4817-bd0f-7af19a46d814@group-5F52F902B742-LeaderElection223] INFO  impl.RoleInfo (RoleInfo.java:shutdownLeaderElection(134)) - abcd8826-c056-4817-bd0f-7af19a46d814: shutdown LeaderElection
2019-10-17 18:50:59,694 [abcd8826-c056-4817-bd0f-7af19a46d814@group-5F52F902B742-LeaderElection223] INFO  impl.RoleInfo (RoleInfo.java:updateAndGet(143)) - abcd8826-c056-4817-bd0f-7af19a46d814: start FollowerState
2019-10-17 18:50:59,696 [Thread-1902] INFO  impl.FollowerState (FollowerState.java:run(108)) - a5e79c22-a35f-4e50-b1fd-e91b6a93d74d@group-F775CA5912AC-FollowerState: change to CANDIDATE, lastRpcTime:65ms, electionTimeout:65ms
2019-10-17 18:50:59,696 [Thread-1902] INFO  impl.RoleInfo (RoleInfo.java:shutdownFollowerState(121)) - a5e79c22-a35f-4e50-b1fd-e91b6a93d74d: shutdown FollowerState
2019-10-17 18:50:59,696 [Thread-1902] INFO  impl.RaftServerImpl (RaftServerImpl.java:setRole(184)) - a5e79c22-a35f-4e50-b1fd-e91b6a93d74d@group-F775CA5912AC: changes role from  FOLLOWER to CANDIDATE at term 123 for changeToCandidate
2019-10-17 18:50:59,697 [Thread-1902] INFO  impl.RoleInfo (RoleInfo.java:updateAndGet(143)) - a5e79c22-a35f-4e50-b1fd-e91b6a93d74d: start LeaderElection
2019-10-17 18:50:59,707 [a5e79c22-a35f-4e50-b1fd-e91b6a93d74d@group-F775CA5912AC-LeaderElection224] INFO  impl.LeaderElection (LeaderElection.java:askForVotes(178)) - a5e79c22-a35f-4e50-b1fd-e91b6a93d74d@group-F775CA5912AC-LeaderElection224: begin an election at term 124 for -1: [a5e79c22-a35f-4e50-b1fd-e91b6a93d74d:192.168.157.251:45177, daae7813-f814-475d-9647-a302a5541e36:192.168.157.251:45025, 1e4e1375-1b66-460f-8c99-4c341545a119:192.168.157.251:42113], old=null
2019-10-17 18:50:59,708 [grpc-default-executor-4] INFO  impl.RaftServerImpl (RaftServerImpl.java:setRole(184)) - daae7813-f814-475d-9647-a302a5541e36@group-F775CA5912AC: changes role from  FOLLOWER to FOLLOWER at term 124 for recognizeCandidate:a5e79c22-a35f-4e50-b1fd-e91b6a93d74d
2019-10-17 18:50:59,709 [grpc-default-executor-2] INFO  impl.RaftServerImpl (RaftServerImpl.java:setRole(184)) - 1e4e1375-1b66-460f-8c99-4c341545a119@group-F775CA5912AC: changes role from  FOLLOWER to FOLLOWER at term 124 for recognizeCandidate:a5e79c22-a35f-4e50-b1fd-e91b6a93d74d
2019-10-17 18:50:59,709 [grpc-default-executor-4] INFO  impl.RoleInfo (RoleInfo.java:shutdownFollowerState(121)) - daae7813-f814-475d-9647-a302a5541e36: shutdown FollowerState
2019-10-17 18:50:59,709 [grpc-default-executor-2] INFO  impl.RoleInfo (RoleInfo.java:shutdownFollowerState(121)) - 1e4e1375-1b66-460f-8c99-4c341545a119: shutdown FollowerState
2019-10-17 18:50:59,709 [Thread-1896] INFO  impl.FollowerState (FollowerState.java:run(117)) - daae7813-f814-475d-9647-a302a5541e36@group-F775CA5912AC-FollowerState was interrupted: java.lang.InterruptedException: sleep interrupted
2019-10-17 18:50:59,709 [grpc-default-executor-4] INFO  impl.RoleInfo (RoleInfo.java:updateAndGet(143)) - daae7813-f814-475d-9647-a302a5541e36: start FollowerState
2019-10-17 18:50:59,709 [grpc-default-executor-2] INFO  impl.RoleInfo (RoleInfo.java:updateAndGet(143)) - 1e4e1375-1b66-460f-8c99-4c341545a119: start FollowerState
2019-10-17 18:50:59,709 [Thread-1897] INFO  impl.FollowerState (FollowerState.java:run(117)) - 1e4e1375-1b66-460f-8c99-4c341545a119@group-F775CA5912AC-FollowerState was interrupted: java.lang.InterruptedException: sleep interrupted
2019-10-17 18:50:59,724 [a5e79c22-a35f-4e50-b1fd-e91b6a93d74d@group-F775CA5912AC-LeaderElection224] INFO  impl.LeaderElection (LeaderElection.java:logAndReturn(56)) - a5e79c22-a35f-4e50-b1fd-e91b6a93d74d@group-F775CA5912AC-LeaderElection224: Election REJECTED; received 2 response(s) [a5e79c22-a35f-4e50-b1fd-e91b6a93d74d<-daae7813-f814-475d-9647-a302a5541e36#0:FAIL-t124, a5e79c22-a35f-4e50-b1fd-e91b6a93d74d<-1e4e1375-1b66-460f-8c99-4c341545a119#0:FAIL-t124] and 0 exception(s); a5e79c22-a35f-4e50-b1fd-e91b6a93d74d@group-F775CA5912AC:t124, leader=null, voted=a5e79c22-a35f-4e50-b1fd-e91b6a93d74d, raftlog=a5e79c22-a35f-4e50-b1fd-e91b6a93d74d@group-F775CA5912AC-SegmentedRaftLog:OPENED:c-1,f-1,i0, conf=-1: [a5e79c22-a35f-4e50-b1fd-e91b6a93d74d:192.168.157.251:45177, daae7813-f814-475d-9647-a302a5541e36:192.168.157.251:45025, 1e4e1375-1b66-460f-8c99-4c341545a119:192.168.157.251:42113], old=null
2019-10-17 18:50:59,724 [a5e79c22-a35f-4e50-b1fd-e91b6a93d74d@group-F775CA5912AC-LeaderElection224] INFO  impl.RaftServerImpl (RaftServerImpl.java:setRole(184)) - a5e79c22-a35f-4e50-b1fd-e91b6a93d74d@group-F775CA5912AC: changes role from CANDIDATE to FOLLOWER at term 124 for DISCOVERED_A_NEW_TERM
2019-10-17 18:50:59,724 [a5e79c22-a35f-4e50-b1fd-e91b6a93d74d@group-F775CA5912AC-LeaderElection224] INFO  impl.RoleInfo (RoleInfo.java:shutdownLeaderElection(134)) - a5e79c22-a35f-4e50-b1fd-e91b6a93d74d: shutdown LeaderElection
2019-10-17 18:50:59,724 [a5e79c22-a35f-4e50-b1fd-e91b6a93d74d@group-F775CA5912AC-LeaderElection224] INFO  impl.RoleInfo (RoleInfo.java:updateAndGet(143)) - a5e79c22-a35f-4e50-b1fd-e91b6a93d74d: start FollowerState
2019-10-17 18:50:59,764 [Thread-1909] INFO  impl.FollowerState (FollowerState.java:run(108)) - abcd8826-c056-4817-bd0f-7af19a46d814@group-5F52F902B742-FollowerState: change to CANDIDATE, lastRpcTime:70ms, electionTimeout:70ms
2019-10-17 18:50:59,765 [Thread-1909] INFO  impl.RoleInfo (RoleInfo.java:shutdownFollowerState(121)) - abcd8826-c056-4817-bd0f-7af19a46d814: shutdown FollowerState
2019-10-17 18:50:59,765 [Thread-1909] INFO  impl.RaftServerImpl (RaftServerImpl.java:setRole(184)) - abcd8826-c056-4817-bd0f-7af19a46d814@group-5F52F902B742: changes role from  FOLLOWER to CANDIDATE at term 118 for changeToCandidate
2019-10-17 18:50:59,765 [Thread-1909] INFO  impl.RoleInfo (RoleInfo.java:updateAndGet(143)) - abcd8826-c056-4817-bd0f-7af19a46d814: start LeaderElection
2019-10-17 18:50:59,790 [abcd8826-c056-4817-bd0f-7af19a46d814@group-5F52F902B742-LeaderElection225] INFO  impl.LeaderElection (LeaderElection.java:askForVotes(178)) - abcd8826-c056-4817-bd0f-7af19a46d814@group-5F52F902B742-LeaderElection225: begin an election at term 119 for -1: [b8f04e38-0663-4b1f-8efd-f76585c6e86c:192.168.157.251:35700, abcd8826-c056-4817-bd0f-7af19a46d814:192.168.157.251:46496, 73297ffa-40cb-4e3e-b33e-1bc2c1da60f5:192.168.157.251:32952], old=null
2019-10-17 18:50:59,792 [grpc-default-executor-2] INFO  impl.RaftServerImpl (RaftServerImpl.java:setRole(184)) - b8f04e38-0663-4b1f-8efd-f76585c6e86c@group-5F52F902B742: changes role from  FOLLOWER to FOLLOWER at term 119 for recognizeCandidate:abcd8826-c056-4817-bd0f-7af19a46d814
2019-10-17 18:50:59,792 [grpc-default-executor-4] INFO  impl.RaftServerImpl (RaftServerImpl.java:setRole(184)) - 73297ffa-40cb-4e3e-b33e-1bc2c1da60f5@group-5F52F902B742: changes role from  FOLLOWER to FOLLOWER at term 119 for recognizeCandidate:abcd8826-c056-4817-bd0f-7af19a46d814
2019-10-17 18:50:59,792 [grpc-default-executor-2] INFO  impl.RoleInfo (RoleInfo.java:shutdownFollowerState(121)) - b8f04e38-0663-4b1f-8efd-f76585c6e86c: shutdown FollowerState
2019-10-17 18:50:59,793 [grpc-default-executor-4] INFO  impl.RoleInfo (RoleInfo.java:shutdownFollowerState(121)) - 73297ffa-40cb-4e3e-b33e-1bc2c1da60f5: shutdown FollowerState
2019-10-17 18:50:59,793 [Thread-1907] INFO  impl.FollowerState (FollowerState.java:run(117)) - b8f04e38-0663-4b1f-8efd-f76585c6e86c@group-5F52F902B742-FollowerState was interrupted: java.lang.InterruptedException: sleep interrupted
2019-10-17 18:50:59,793 [grpc-default-executor-2] INFO  impl.RoleInfo (RoleInfo.java:updateAndGet(143)) - b8f04e38-0663-4b1f-8efd-f76585c6e86c: start FollowerState
2019-10-17 18:50:59,793 [Thread-1908] INFO  impl.FollowerState (FollowerState.java:run(117)) - 73297ffa-40cb-4e3e-b33e-1bc2c1da60f5@group-5F52F902B742-FollowerState was interrupted: java.lang.InterruptedException: sleep interrupted
2019-10-17 18:50:59,793 [grpc-default-executor-4] INFO  impl.RoleInfo (RoleInfo.java:updateAndGet(143)) - 73297ffa-40cb-4e3e-b33e-1bc2c1da60f5: start FollowerState
2019-10-17 18:50:59,807 [abcd8826-c056-4817-bd0f-7af19a46d814@group-5F52F902B742-LeaderElection225] INFO  impl.LeaderElection (LeaderElection.java:logAndReturn(56)) - abcd8826-c056-4817-bd0f-7af19a46d814@group-5F52F902B742-LeaderElection225: Election REJECTED; received 2 response(s) [abcd8826-c056-4817-bd0f-7af19a46d814<-b8f04e38-0663-4b1f-8efd-f76585c6e86c#0:FAIL-t119, abcd8826-c056-4817-bd0f-7af19a46d814<-73297ffa-40cb-4e3e-b33e-1bc2c1da60f5#0:FAIL-t119] and 0 exception(s); abcd8826-c056-4817-bd0f-7af19a46d814@group-5F52F902B742:t119, leader=null, voted=abcd8826-c056-4817-bd0f-7af19a46d814, raftlog=abcd8826-c056-4817-bd0f-7af19a46d814@group-5F52F902B742-SegmentedRaftLog:OPENED:c-1,f-1,i0, conf=-1: [b8f04e38-0663-4b1f-8efd-f76585c6e86c:192.168.157.251:35700, abcd8826-c056-4817-bd0f-7af19a46d814:192.168.157.251:46496, 73297ffa-40cb-4e3e-b33e-1bc2c1da60f5:192.168.157.251:32952], old=null
2019-10-17 18:50:59,807 [abcd8826-c056-4817-bd0f-7af19a46d814@group-5F52F902B742-LeaderElection225] INFO  impl.RaftServerImpl (RaftServerImpl.java:setRole(184)) - abcd8826-c056-4817-bd0f-7af19a46d814@group-5F52F902B742: changes role from CANDIDATE to FOLLOWER at term 119 for DISCOVERED_A_NEW_TERM
2019-10-17 18:50:59,807 [abcd8826-c056-4817-bd0f-7af19a46d814@group-5F52F902B742-LeaderElection225] INFO  impl.RoleInfo (RoleInfo.java:shutdownLeaderElection(134)) - abcd8826-c056-4817-bd0f-7af19a46d814: shutdown LeaderElection
2019-10-17 18:50:59,807 [abcd8826-c056-4817-bd0f-7af19a46d814@group-5F52F902B742-LeaderElection225] INFO  impl.RoleInfo (RoleInfo.java:updateAndGet(143)) - abcd8826-c056-4817-bd0f-7af19a46d814: start FollowerState
2019-10-17 18:50:59,813 [Thread-1921] INFO  impl.FollowerState (FollowerState.java:run(108)) - abcd8826-c056-4817-bd0f-7af19a46d814@group-5F52F902B742-FollowerState: change to CANDIDATE, lastRpcTime:6ms, electionTimeout:6ms
2019-10-17 18:50:59,813 [Thread-1921] INFO  impl.RoleInfo (RoleInfo.java:shutdownFollowerState(121)) - abcd8826-c056-4817-bd0f-7af19a46d814: shutdown FollowerState
2019-10-17 18:50:59,813 [Thread-1921] INFO  impl.RaftServerImpl (RaftServerImpl.java:setRole(184)) - abcd8826-c056-4817-bd0f-7af19a46d814@group-5F52F902B742: changes role from  FOLLOWER to CANDIDATE at term 119 for changeToCandidate
2019-10-17 18:50:59,814 [Thread-1921] INFO  impl.RoleInfo (RoleInfo.java:updateAndGet(143)) - abcd8826-c056-4817-bd0f-7af19a46d814: start LeaderElection
2019-10-17 18:50:59,823 [abcd8826-c056-4817-bd0f-7af19a46d814@group-5F52F902B742-LeaderElection226] INFO  impl.LeaderElection (LeaderElection.java:askForVotes(178)) - abcd8826-c056-4817-bd0f-7af19a46d814@group-5F52F902B742-LeaderElection226: begin an election at term 120 for -1: [b8f04e38-0663-4b1f-8efd-f76585c6e86c:192.168.157.251:35700, abcd8826-c056-4817-bd0f-7af19a46d814:192.168.157.251:46496, 73297ffa-40cb-4e3e-b33e-1bc2c1da60f5:192.168.157.251:32952], old=null
2019-10-17 18:50:59,825 [grpc-default-executor-4] INFO  impl.RaftServerImpl (RaftServerImpl.java:setRole(184)) - 73297ffa-40cb-4e3e-b33e-1bc2c1da60f5@group-5F52F902B742: changes role from  FOLLOWER to FOLLOWER at term 120 for recognizeCandidate:abcd8826-c056-4817-bd0f-7af19a46d814
2019-10-17 18:50:59,825 [grpc-default-executor-2] INFO  impl.RaftServerImpl (RaftServerImpl.java:setRole(184)) - b8f04e38-0663-4b1f-8efd-f76585c6e86c@group-5F52F902B742: changes role from  FOLLOWER to FOLLOWER at term 120 for recognizeCandidate:abcd8826-c056-4817-bd0f-7af19a46d814
2019-10-17 18:50:59,825 [grpc-default-executor-4] INFO  impl.RoleInfo (RoleInfo.java:shutdownFollowerState(121)) - 73297ffa-40cb-4e3e-b33e-1bc2c1da60f5: shutdown FollowerState
2019-10-17 18:50:59,825 [grpc-default-executor-2] INFO  impl.RoleInfo (RoleInfo.java:shutdownFollowerState(121)) - b8f04e38-0663-4b1f-8efd-f76585c6e86c: shutdown FollowerState
2019-10-17 18:50:59,825 [Thread-1920] INFO  impl.FollowerState (FollowerState.java:run(117)) - 73297ffa-40cb-4e3e-b33e-1bc2c1da60f5@group-5F52F902B742-FollowerState was interrupted: java.lang.InterruptedException: sleep interrupted
2019-10-17 18:50:59,825 [grpc-default-executor-4] INFO  impl.RoleInfo (RoleInfo.java:updateAndGet(143)) - 73297ffa-40cb-4e3e-b33e-1bc2c1da60f5: start FollowerState
2019-10-17 18:50:59,825 [Thread-1919] INFO  impl.FollowerState (FollowerState.java:run(117)) - b8f04e38-0663-4b1f-8efd-f76585c6e86c@group-5F52F902B742-FollowerState was interrupted: java.lang.InterruptedException: sleep interrupted
2019-10-17 18:50:59,825 [grpc-default-executor-2] INFO  impl.RoleInfo (RoleInfo.java:updateAndGet(143)) - b8f04e38-0663-4b1f-8efd-f76585c6e86c: start FollowerState
2019-10-17 18:50:59,826 [Thread-1915] INFO  impl.FollowerState (FollowerState.java:run(108)) - a5e79c22-a35f-4e50-b1fd-e91b6a93d74d@group-F775CA5912AC-FollowerState: change to CANDIDATE, lastRpcTime:101ms, electionTimeout:101ms
2019-10-17 18:50:59,826 [Thread-1915] INFO  impl.RoleInfo (RoleInfo.java:shutdownFollowerState(121)) - a5e79c22-a35f-4e50-b1fd-e91b6a93d74d: shutdown FollowerState
2019-10-17 18:50:59,826 [Thread-1915] INFO  impl.RaftServerImpl (RaftServerImpl.java:setRole(184)) - a5e79c22-a35f-4e50-b1fd-e91b6a93d74d@group-F775CA5912AC: changes role from  FOLLOWER to CANDIDATE at term 124 for changeToCandidate
2019-10-17 18:50:59,826 [Thread-1915] INFO  impl.RoleInfo (RoleInfo.java:updateAndGet(143)) - a5e79c22-a35f-4e50-b1fd-e91b6a93d74d: start LeaderElection
2019-10-17 18:50:59,840 [a5e79c22-a35f-4e50-b1fd-e91b6a93d74d@group-F775CA5912AC-LeaderElection227] INFO  impl.LeaderElection (LeaderElection.java:askForVotes(178)) - a5e79c22-a35f-4e50-b1fd-e91b6a93d74d@group-F775CA5912AC-LeaderElection227: begin an election at term 125 for -1: [a5e79c22-a35f-4e50-b1fd-e91b6a93d74d:192.168.157.251:45177, daae7813-f814-475d-9647-a302a5541e36:192.168.157.251:45025, 1e4e1375-1b66-460f-8c99-4c341545a119:192.168.157.251:42113], old=null
2019-10-17 18:50:59,841 [abcd8826-c056-4817-bd0f-7af19a46d814@group-5F52F902B742-LeaderElection226] INFO  impl.LeaderElection (LeaderElection.java:logAndReturn(56)) - abcd8826-c056-4817-bd0f-7af19a46d814@group-5F52F902B742-LeaderElection226: Election REJECTED; received 2 response(s) [abcd8826-c056-4817-bd0f-7af19a46d814<-b8f04e38-0663-4b1f-8efd-f76585c6e86c#0:FAIL-t120, abcd8826-c056-4817-bd0f-7af19a46d814<-73297ffa-40cb-4e3e-b33e-1bc2c1da60f5#0:FAIL-t120] and 0 exception(s); abcd8826-c056-4817-bd0f-7af19a46d814@group-5F52F902B742:t120, leader=null, voted=abcd8826-c056-4817-bd0f-7af19a46d814, raftlog=abcd8826-c056-4817-bd0f-7af19a46d814@group-5F52F902B742-SegmentedRaftLog:OPENED:c-1,f-1,i0, conf=-1: [b8f04e38-0663-4b1f-8efd-f76585c6e86c:192.168.157.251:35700, abcd8826-c056-4817-bd0f-7af19a46d814:192.168.157.251:46496, 73297ffa-40cb-4e3e-b33e-1bc2c1da60f5:192.168.157.251:32952], old=null
2019-10-17 18:50:59,841 [abcd8826-c056-4817-bd0f-7af19a46d814@group-5F52F902B742-LeaderElection226] INFO  impl.RaftServerImpl (RaftServerImpl.java:setRole(184)) - abcd8826-c056-4817-bd0f-7af19a46d814@group-5F52F902B742: changes role from CANDIDATE to FOLLOWER at term 120 for DISCOVERED_A_NEW_TERM
2019-10-17 18:50:59,841 [abcd8826-c056-4817-bd0f-7af19a46d814@group-5F52F902B742-LeaderElection226] INFO  impl.RoleInfo (RoleInfo.java:shutdownLeaderElection(134)) - abcd8826-c056-4817-bd0f-7af19a46d814: shutdown LeaderElection
2019-10-17 18:50:59,842 [abcd8826-c056-4817-bd0f-7af19a46d814@group-5F52F902B742-LeaderElection226] INFO  impl.RoleInfo (RoleInfo.java:updateAndGet(143)) - abcd8826-c056-4817-bd0f-7af19a46d814: start FollowerState
2019-10-17 18:50:59,842 [grpc-default-executor-2] INFO  impl.RaftServerImpl (RaftServerImpl.java:setRole(184)) - daae7813-f814-475d-9647-a302a5541e36@group-F775CA5912AC: changes role from  FOLLOWER to FOLLOWER at term 125 for recognizeCandidate:a5e79c22-a35f-4e50-b1fd-e91b6a93d74d
2019-10-17 18:50:59,842 [grpc-default-executor-4] INFO  impl.RaftServerImpl (RaftServerImpl.java:setRole(184)) - 1e4e1375-1b66-460f-8c99-4c341545a119@group-F775CA5912AC: changes role from  FOLLOWER to FOLLOWER at term 125 for recognizeCandidate:a5e79c22-a35f-4e50-b1fd-e91b6a93d74d
2019-10-17 18:50:59,842 [grpc-default-executor-2] INFO  impl.RoleInfo (RoleInfo.java:shutdownFollowerState(121)) - daae7813-f814-475d-9647-a302a5541e36: shutdown FollowerState
2019-10-17 18:50:59,842 [grpc-default-executor-4] INFO  impl.RoleInfo (RoleInfo.java:shutdownFollowerState(121)) - 1e4e1375-1b66-460f-8c99-4c341545a119: shutdown FollowerState
2019-10-17 18:50:59,842 [grpc-default-executor-2] INFO  impl.RoleInfo (RoleInfo.java:updateAndGet(143)) - daae7813-f814-475d-9647-a302a5541e36: start FollowerState
2019-10-17 18:50:59,842 [Thread-1914] INFO  impl.FollowerState (FollowerState.java:run(117)) - 1e4e1375-1b66-460f-8c99-4c341545a119@group-F775CA5912AC-FollowerState was interrupted: java.lang.InterruptedException: sleep interrupted
2019-10-17 18:50:59,842 [grpc-default-executor-4] INFO  impl.RoleInfo (RoleInfo.java:updateAndGet(143)) - 1e4e1375-1b66-460f-8c99-4c341545a119: start FollowerState
2019-10-17 18:50:59,842 [Thread-1913] INFO  impl.FollowerState (FollowerState.java:run(117)) - daae7813-f814-475d-9647-a302a5541e36@group-F775CA5912AC-FollowerState was interrupted: java.lang.InterruptedException: sleep interrupted
2019-10-17 18:50:59,869 [a5e79c22-a35f-4e50-b1fd-e91b6a93d74d@group-F775CA5912AC-LeaderElection227] INFO  impl.LeaderElection (LeaderElection.java:logAndReturn(56)) - a5e79c22-a35f-4e50-b1fd-e91b6a93d74d@group-F775CA5912AC-LeaderElection227: Election REJECTED; received 2 response(s) [a5e79c22-a35f-4e50-b1fd-e91b6a93d74d<-daae7813-f814-475d-9647-a302a5541e36#0:FAIL-t125, a5e79c22-a35f-4e50-b1fd-e91b6a93d74d<-1e4e1375-1b66-460f-8c99-4c341545a119#0:FAIL-t125] and 0 exception(s); a5e79c22-a35f-4e50-b1fd-e91b6a93d74d@group-F775CA5912AC:t125, leader=null, voted=a5e79c22-a35f-4e50-b1fd-e91b6a93d74d, raftlog=a5e79c22-a35f-4e50-b1fd-e91b6a93d74d@group-F775CA5912AC-SegmentedRaftLog:OPENED:c-1,f-1,i0, conf=-1: [a5e79c22-a35f-4e50-b1fd-e91b6a93d74d:192.168.157.251:45177, daae7813-f814-475d-9647-a302a5541e36:192.168.157.251:45025, 1e4e1375-1b66-460f-8c99-4c341545a119:192.168.157.251:42113], old=null
2019-10-17 18:50:59,869 [a5e79c22-a35f-4e50-b1fd-e91b6a93d74d@group-F775CA5912AC-LeaderElection227] INFO  impl.RaftServerImpl (RaftServerImpl.java:setRole(184)) - a5e79c22-a35f-4e50-b1fd-e91b6a93d74d@group-F775CA5912AC: changes role from CANDIDATE to FOLLOWER at term 125 for DISCOVERED_A_NEW_TERM
2019-10-17 18:50:59,869 [a5e79c22-a35f-4e50-b1fd-e91b6a93d74d@group-F775CA5912AC-LeaderElection227] INFO  impl.RoleInfo (RoleInfo.java:shutdownLeaderElection(134)) - a5e79c22-a35f-4e50-b1fd-e91b6a93d74d: shutdown LeaderElection
2019-10-17 18:50:59,869 [a5e79c22-a35f-4e50-b1fd-e91b6a93d74d@group-F775CA5912AC-LeaderElection227] INFO  impl.RoleInfo (RoleInfo.java:updateAndGet(143)) - a5e79c22-a35f-4e50-b1fd-e91b6a93d74d: start FollowerState
2019-10-17 18:50:59,997 [Thread-1930] INFO  impl.FollowerState (FollowerState.java:run(108)) - abcd8826-c056-4817-bd0f-7af19a46d814@group-5F52F902B742-FollowerState: change to CANDIDATE, lastRpcTime:155ms, electionTimeout:155ms
2019-10-17 18:50:59,997 [Thread-1930] INFO  impl.RoleInfo (RoleInfo.java:shutdownFollowerState(121)) - abcd8826-c056-4817-bd0f-7af19a46d814: shutdown FollowerState
2019-10-17 18:50:59,997 [Thread-1930] INFO  impl.RaftServerImpl (RaftServerImpl.java:setRole(184)) - abcd8826-c056-4817-bd0f-7af19a46d814@group-5F52F902B742: changes role from  FOLLOWER to CANDIDATE at term 120 for changeToCandidate
2019-10-17 18:50:59,998 [Thread-1930] INFO  impl.RoleInfo (RoleInfo.java:updateAndGet(143)) - abcd8826-c056-4817-bd0f-7af19a46d814: start LeaderElection
2019-10-17 18:51:00,011 [abcd8826-c056-4817-bd0f-7af19a46d814@group-5F52F902B742-LeaderElection228] INFO  impl.LeaderElection (LeaderElection.java:askForVotes(178)) - abcd8826-c056-4817-bd0f-7af19a46d814@group-5F52F902B742-LeaderElection228: begin an election at term 121 for -1: [b8f04e38-0663-4b1f-8efd-f76585c6e86c:192.168.157.251:35700, abcd8826-c056-4817-bd0f-7af19a46d814:192.168.157.251:46496, 73297ffa-40cb-4e3e-b33e-1bc2c1da60f5:192.168.157.251:32952], old=null
2019-10-17 18:51:00,013 [grpc-default-executor-2] INFO  impl.RaftServerImpl (RaftServerImpl.java:setRole(184)) - 73297ffa-40cb-4e3e-b33e-1bc2c1da60f5@group-5F52F902B742: changes role from  FOLLOWER to FOLLOWER at term 121 for recognizeCandidate:abcd8826-c056-4817-bd0f-7af19a46d814
2019-10-17 18:51:00,013 [grpc-default-executor-4] INFO  impl.RaftServerImpl (RaftServerImpl.java:setRole(184)) - b8f04e38-0663-4b1f-8efd-f76585c6e86c@group-5F52F902B742: changes role from  FOLLOWER to FOLLOWER at term 121 for recognizeCandidate:abcd8826-c056-4817-bd0f-7af19a46d814
2019-10-17 18:51:00,013 [grpc-default-executor-2] INFO  impl.RoleInfo (RoleInfo.java:shutdownFollowerState(121)) - 73297ffa-40cb-4e3e-b33e-1bc2c1da60f5: shutdown FollowerState
2019-10-17 18:51:00,014 [grpc-default-executor-4] INFO  impl.RoleInfo (RoleInfo.java:shutdownFollowerState(121)) - b8f04e38-0663-4b1f-8efd-f76585c6e86c: shutdown FollowerState
2019-10-17 18:51:00,014 [grpc-default-executor-2] INFO  impl.RoleInfo (RoleInfo.java:updateAndGet(143)) - 73297ffa-40cb-4e3e-b33e-1bc2c1da60f5: start FollowerState
2019-10-17 18:51:00,014 [Thread-1925] INFO  impl.FollowerState (FollowerState.java:run(117)) - 73297ffa-40cb-4e3e-b33e-1bc2c1da60f5@group-5F52F902B742-FollowerState was interrupted: java.lang.InterruptedException: sleep interrupted
2019-10-17 18:51:00,014 [grpc-default-executor-4] INFO  impl.RoleInfo (RoleInfo.java:updateAndGet(143)) - b8f04e38-0663-4b1f-8efd-f76585c6e86c: start FollowerState
2019-10-17 18:51:00,014 [Thread-1926] INFO  impl.FollowerState (FollowerState.java:run(117)) - b8f04e38-0663-4b1f-8efd-f76585c6e86c@group-5F52F902B742-FollowerState was interrupted: java.lang.InterruptedException: sleep interrupted
2019-10-17 18:51:00,029 [abcd8826-c056-4817-bd0f-7af19a46d814@group-5F52F902B742-LeaderElection228] INFO  impl.LeaderElection (LeaderElection.java:logAndReturn(56)) - abcd8826-c056-4817-bd0f-7af19a46d814@group-5F52F902B742-LeaderElection228: Election REJECTED; received 2 response(s) [abcd8826-c056-4817-bd0f-7af19a46d814<-b8f04e38-0663-4b1f-8efd-f76585c6e86c#0:FAIL-t121, abcd8826-c056-4817-bd0f-7af19a46d814<-73297ffa-40cb-4e3e-b33e-1bc2c1da60f5#0:FAIL-t121] and 0 exception(s); abcd8826-c056-4817-bd0f-7af19a46d814@group-5F52F902B742:t121, leader=null, voted=abcd8826-c056-4817-bd0f-7af19a46d814, raftlog=abcd8826-c056-4817-bd0f-7af19a46d814@group-5F52F902B742-SegmentedRaftLog:OPENED:c-1,f-1,i0, conf=-1: [b8f04e38-0663-4b1f-8efd-f76585c6e86c:192.168.157.251:35700, abcd8826-c056-4817-bd0f-7af19a46d814:192.168.157.251:46496, 73297ffa-40cb-4e3e-b33e-1bc2c1da60f5:192.168.157.251:32952], old=null
2019-10-17 18:51:00,029 [abcd8826-c056-4817-bd0f-7af19a46d814@group-5F52F902B742-LeaderElection228] INFO  impl.RaftServerImpl (RaftServerImpl.java:setRole(184)) - abcd8826-c056-4817-bd0f-7af19a46d814@group-5F52F902B742: changes role from CANDIDATE to FOLLOWER at term 121 for DISCOVERED_A_NEW_TERM
2019-10-17 18:51:00,029 [abcd8826-c056-4817-bd0f-7af19a46d814@group-5F52F902B742-LeaderElection228] INFO  impl.RoleInfo (RoleInfo.java:shutdownLeaderElection(134)) - abcd8826-c056-4817-bd0f-7af19a46d814: shutdown LeaderElection
2019-10-17 18:51:00,029 [abcd8826-c056-4817-bd0f-7af19a46d814@group-5F52F902B742-LeaderElection228] INFO  impl.RoleInfo (RoleInfo.java:updateAndGet(143)) - abcd8826-c056-4817-bd0f-7af19a46d814: start FollowerState
2019-10-17 18:51:00,064 [Thread-1933] INFO  impl.FollowerState (FollowerState.java:run(108)) - a5e79c22-a35f-4e50-b1fd-e91b6a93d74d@group-F775CA5912AC-FollowerState: change to CANDIDATE, lastRpcTime:194ms, electionTimeout:194ms
2019-10-17 18:51:00,064 [Thread-1933] INFO  impl.RoleInfo (RoleInfo.java:shutdownFollowerState(121)) - a5e79c22-a35f-4e50-b1fd-e91b6a93d74d: shutdown FollowerState
2019-10-17 18:51:00,064 [Thread-1933] INFO  impl.RaftServerImpl (RaftServerImpl.java:setRole(184)) - a5e79c22-a35f-4e50-b1fd-e91b6a93d74d@group-F775CA5912AC: changes role from  FOLLOWER to CANDIDATE at term 125 for changeToCandidate
2019-10-17 18:51:00,064 [Thread-1933] INFO  impl.RoleInfo (RoleInfo.java:updateAndGet(143)) - a5e79c22-a35f-4e50-b1fd-e91b6a93d74d: start LeaderElection
2019-10-17 18:51:00,090 [a5e79c22-a35f-4e50-b1fd-e91b6a93d74d@group-F775CA5912AC-LeaderElection229] INFO  impl.LeaderElection (LeaderElection.java:askForVotes(178)) - a5e79c22-a35f-4e50-b1fd-e91b6a93d74d@group-F775CA5912AC-LeaderElection229: begin an election at term 126 for -1: [a5e79c22-a35f-4e50-b1fd-e91b6a93d74d:192.168.157.251:45177, daae7813-f814-475d-9647-a302a5541e36:192.168.157.251:45025, 1e4e1375-1b66-460f-8c99-4c341545a119:192.168.157.251:42113], old=null
2019-10-17 18:51:00,092 [grpc-default-executor-2] INFO  impl.RaftServerImpl (RaftServerImpl.java:setRole(184)) - 1e4e1375-1b66-460f-8c99-4c341545a119@group-F775CA5912AC: changes role from  FOLLOWER to FOLLOWER at term 126 for recognizeCandidate:a5e79c22-a35f-4e50-b1fd-e91b6a93d74d
2019-10-17 18:51:00,092 [grpc-default-executor-4] INFO  impl.RaftServerImpl (RaftServerImpl.java:setRole(184)) - daae7813-f814-475d-9647-a302a5541e36@group-F775CA5912AC: changes role from  FOLLOWER to FOLLOWER at term 126 for recognizeCandidate:a5e79c22-a35f-4e50-b1fd-e91b6a93d74d
2019-10-17 18:51:00,092 [grpc-default-executor-2] INFO  impl.RoleInfo (RoleInfo.java:shutdownFollowerState(121)) - 1e4e1375-1b66-460f-8c99-4c341545a119: shutdown FollowerState
2019-10-17 18:51:00,092 [grpc-default-executor-4] INFO  impl.RoleInfo (RoleInfo.java:shutdownFollowerState(121)) - daae7813-f814-475d-9647-a302a5541e36: shutdown FollowerState
2019-10-17 18:51:00,092 [Thread-1932] INFO  impl.FollowerState (FollowerState.java:run(117)) - 1e4e1375-1b66-460f-8c99-4c341545a119@group-F775CA5912AC-FollowerState was interrupted: java.lang.InterruptedException: sleep interrupted
2019-10-17 18:51:00,092 [grpc-default-executor-2] INFO  impl.RoleInfo (RoleInfo.java:updateAndGet(143)) - 1e4e1375-1b66-460f-8c99-4c341545a119: start FollowerState
2019-10-17 18:51:00,092 [Thread-1931] INFO  impl.FollowerState (FollowerState.java:run(117)) - daae7813-f814-475d-9647-a302a5541e36@group-F775CA5912AC-FollowerState was interrupted: java.lang.InterruptedException: sleep interrupted
2019-10-17 18:51:00,092 [grpc-default-executor-4] INFO  impl.RoleInfo (RoleInfo.java:updateAndGet(143)) - daae7813-f814-475d-9647-a302a5541e36: start FollowerState
2019-10-17 18:51:00,106 [a5e79c22-a35f-4e50-b1fd-e91b6a93d74d@group-F775CA5912AC-LeaderElection229] INFO  impl.LeaderElection (LeaderElection.java:logAndReturn(56)) - a5e79c22-a35f-4e50-b1fd-e91b6a93d74d@group-F775CA5912AC-LeaderElection229: Election REJECTED; received 2 response(s) [a5e79c22-a35f-4e50-b1fd-e91b6a93d74d<-daae7813-f814-475d-9647-a302a5541e36#0:FAIL-t126, a5e79c22-a35f-4e50-b1fd-e91b6a93d74d<-1e4e1375-1b66-460f-8c99-4c341545a119#0:FAIL-t126] and 0 exception(s); a5e79c22-a35f-4e50-b1fd-e91b6a93d74d@group-F775CA5912AC:t126, leader=null, voted=a5e79c22-a35f-4e50-b1fd-e91b6a93d74d, raftlog=a5e79c22-a35f-4e50-b1fd-e91b6a93d74d@group-F775CA5912AC-SegmentedRaftLog:OPENED:c-1,f-1,i0, conf=-1: [a5e79c22-a35f-4e50-b1fd-e91b6a93d74d:192.168.157.251:45177, daae7813-f814-475d-9647-a302a5541e36:192.168.157.251:45025, 1e4e1375-1b66-460f-8c99-4c341545a119:192.168.157.251:42113], old=null
2019-10-17 18:51:00,107 [a5e79c22-a35f-4e50-b1fd-e91b6a93d74d@group-F775CA5912AC-LeaderElection229] INFO  impl.RaftServerImpl (RaftServerImpl.java:setRole(184)) - a5e79c22-a35f-4e50-b1fd-e91b6a93d74d@group-F775CA5912AC: changes role from CANDIDATE to FOLLOWER at term 126 for DISCOVERED_A_NEW_TERM
2019-10-17 18:51:00,107 [a5e79c22-a35f-4e50-b1fd-e91b6a93d74d@group-F775CA5912AC-LeaderElection229] INFO  impl.RoleInfo (RoleInfo.java:shutdownLeaderElection(134)) - a5e79c22-a35f-4e50-b1fd-e91b6a93d74d: shutdown LeaderElection
2019-10-17 18:51:00,107 [a5e79c22-a35f-4e50-b1fd-e91b6a93d74d@group-F775CA5912AC-LeaderElection229] INFO  impl.RoleInfo (RoleInfo.java:updateAndGet(143)) - a5e79c22-a35f-4e50-b1fd-e91b6a93d74d: start FollowerState
2019-10-17 18:51:00,193 [Thread-1941] INFO  impl.FollowerState (FollowerState.java:run(108)) - abcd8826-c056-4817-bd0f-7af19a46d814@group-5F52F902B742-FollowerState: change to CANDIDATE, lastRpcTime:164ms, electionTimeout:164ms
2019-10-17 18:51:00,193 [Thread-1941] INFO  impl.RoleInfo (RoleInfo.java:shutdownFollowerState(121)) - abcd8826-c056-4817-bd0f-7af19a46d814: shutdown FollowerState
2019-10-17 18:51:00,194 [Thread-1941] INFO  impl.RaftServerImpl (RaftServerImpl.java:setRole(184)) - abcd8826-c056-4817-bd0f-7af19a46d814@group-5F52F902B742: changes role from  FOLLOWER to CANDIDATE at term 121 for changeToCandidate
2019-10-17 18:51:00,194 [Thread-1941] INFO  impl.RoleInfo (RoleInfo.java:updateAndGet(143)) - abcd8826-c056-4817-bd0f-7af19a46d814: start LeaderElection
2019-10-17 18:51:00,208 [abcd8826-c056-4817-bd0f-7af19a46d814@group-5F52F902B742-LeaderElection230] INFO  impl.LeaderElection (LeaderElection.java:askForVotes(178)) - abcd8826-c056-4817-bd0f-7af19a46d814@group-5F52F902B742-LeaderElection230: begin an election at term 122 for -1: [b8f04e38-0663-4b1f-8efd-f76585c6e86c:192.168.157.251:35700, abcd8826-c056-4817-bd0f-7af19a46d814:192.168.157.251:46496, 73297ffa-40cb-4e3e-b33e-1bc2c1da60f5:192.168.157.251:32952], old=null
2019-10-17 18:51:00,213 [grpc-default-executor-2] INFO  impl.RaftServerImpl (RaftServerImpl.java:setRole(184)) - 73297ffa-40cb-4e3e-b33e-1bc2c1da60f5@group-5F52F902B742: changes role from  FOLLOWER to FOLLOWER at term 122 for recognizeCandidate:abcd8826-c056-4817-bd0f-7af19a46d814
2019-10-17 18:51:00,213 [grpc-default-executor-2] INFO  impl.RoleInfo (RoleInfo.java:shutdownFollowerState(121)) - 73297ffa-40cb-4e3e-b33e-1bc2c1da60f5: shutdown FollowerState
2019-10-17 18:51:00,213 [grpc-default-executor-2] INFO  impl.RoleInfo (RoleInfo.java:updateAndGet(143)) - 73297ffa-40cb-4e3e-b33e-1bc2c1da60f5: start FollowerState
2019-10-17 18:51:00,213 [Thread-1939] INFO  impl.FollowerState (FollowerState.java:run(117)) - 73297ffa-40cb-4e3e-b33e-1bc2c1da60f5@group-5F52F902B742-FollowerState was interrupted: java.lang.InterruptedException: sleep interrupted
2019-10-17 18:51:00,213 [grpc-default-executor-4] INFO  impl.RaftServerImpl (RaftServerImpl.java:setRole(184)) - b8f04e38-0663-4b1f-8efd-f76585c6e86c@group-5F52F902B742: changes role from  FOLLOWER to FOLLOWER at term 122 for recognizeCandidate:abcd8826-c056-4817-bd0f-7af19a46d814
2019-10-17 18:51:00,213 [grpc-default-executor-4] INFO  impl.RoleInfo (RoleInfo.java:shutdownFollowerState(121)) - b8f04e38-0663-4b1f-8efd-f76585c6e86c: shutdown FollowerState
2019-10-17 18:51:00,213 [grpc-default-executor-4] INFO  impl.RoleInfo (RoleInfo.java:updateAndGet(143)) - b8f04e38-0663-4b1f-8efd-f76585c6e86c: start FollowerState
2019-10-17 18:51:00,213 [Thread-1940] INFO  impl.FollowerState (FollowerState.java:run(117)) - b8f04e38-0663-4b1f-8efd-f76585c6e86c@group-5F52F902B742-FollowerState was interrupted: java.lang.InterruptedException: sleep interrupted
2019-10-17 18:51:00,227 [abcd8826-c056-4817-bd0f-7af19a46d814@group-5F52F902B742-LeaderElection230] INFO  impl.LeaderElection (LeaderElection.java:logAndReturn(56)) - abcd8826-c056-4817-bd0f-7af19a46d814@group-5F52F902B742-LeaderElection230: Election REJECTED; received 2 response(s) [abcd8826-c056-4817-bd0f-7af19a46d814<-b8f04e38-0663-4b1f-8efd-f76585c6e86c#0:FAIL-t122, abcd8826-c056-4817-bd0f-7af19a46d814<-73297ffa-40cb-4e3e-b33e-1bc2c1da60f5#0:FAIL-t122] and 0 exception(s); abcd8826-c056-4817-bd0f-7af19a46d814@group-5F52F902B742:t122, leader=null, voted=abcd8826-c056-4817-bd0f-7af19a46d814, raftlog=abcd8826-c056-4817-bd0f-7af19a46d814@group-5F52F902B742-SegmentedRaftLog:OPENED:c-1,f-1,i0, conf=-1: [b8f04e38-0663-4b1f-8efd-f76585c6e86c:192.168.157.251:35700, abcd8826-c056-4817-bd0f-7af19a46d814:192.168.157.251:46496, 73297ffa-40cb-4e3e-b33e-1bc2c1da60f5:192.168.157.251:32952], old=null
2019-10-17 18:51:00,227 [abcd8826-c056-4817-bd0f-7af19a46d814@group-5F52F902B742-LeaderElection230] INFO  impl.RaftServerImpl (RaftServerImpl.java:setRole(184)) - abcd8826-c056-4817-bd0f-7af19a46d814@group-5F52F902B742: changes role from CANDIDATE to FOLLOWER at term 122 for DISCOVERED_A_NEW_TERM
2019-10-17 18:51:00,227 [abcd8826-c056-4817-bd0f-7af19a46d814@group-5F52F902B742-LeaderElection230] INFO  impl.RoleInfo (RoleInfo.java:shutdownLeaderElection(134)) - abcd8826-c056-4817-bd0f-7af19a46d814: shutdown LeaderElection
2019-10-17 18:51:00,227 [abcd8826-c056-4817-bd0f-7af19a46d814@group-5F52F902B742-LeaderElection230] INFO  impl.RoleInfo (RoleInfo.java:updateAndGet(143)) - abcd8826-c056-4817-bd0f-7af19a46d814: start FollowerState
2019-10-17 18:51:00,255 [Thread-1948] INFO  impl.FollowerState (FollowerState.java:run(108)) - a5e79c22-a35f-4e50-b1fd-e91b6a93d74d@group-F775CA5912AC-FollowerState: change to CANDIDATE, lastRpcTime:148ms, electionTimeout:148ms
2019-10-17 18:51:00,256 [Thread-1948] INFO  impl.RoleInfo (RoleInfo.java:shutdownFollowerState(121)) - a5e79c22-a35f-4e50-b1fd-e91b6a93d74d: shutdown FollowerState
2019-10-17 18:51:00,256 [Thread-1948] INFO  impl.RaftServerImpl (RaftServerImpl.java:setRole(184)) - a5e79c22-a35f-4e50-b1fd-e91b6a93d74d@group-F775CA5912AC: changes role from  FOLLOWER to CANDIDATE at term 126 for changeToCandidate
2019-10-17 18:51:00,256 [Thread-1948] INFO  impl.RoleInfo (RoleInfo.java:updateAndGet(143)) - a5e79c22-a35f-4e50-b1fd-e91b6a93d74d: start LeaderElection
2019-10-17 18:51:00,269 [a5e79c22-a35f-4e50-b1fd-e91b6a93d74d@group-F775CA5912AC-LeaderElection231] INFO  impl.LeaderElection (LeaderElection.java:askForVotes(178)) - a5e79c22-a35f-4e50-b1fd-e91b6a93d74d@group-F775CA5912AC-LeaderElection231: begin an election at term 127 for -1: [a5e79c22-a35f-4e50-b1fd-e91b6a93d74d:192.168.157.251:45177, daae7813-f814-475d-9647-a302a5541e36:192.168.157.251:45025, 1e4e1375-1b66-460f-8c99-4c341545a119:192.168.157.251:42113], old=null
2019-10-17 18:51:00,271 [grpc-default-executor-2] INFO  impl.RaftServerImpl (RaftServerImpl.java:setRole(184)) - 1e4e1375-1b66-460f-8c99-4c341545a119@group-F775CA5912AC: changes role from  FOLLOWER to FOLLOWER at term 127 for recognizeCandidate:a5e79c22-a35f-4e50-b1fd-e91b6a93d74d
2019-10-17 18:51:00,271 [grpc-default-executor-4] INFO  impl.RaftServerImpl (RaftServerImpl.java:setRole(184)) - daae7813-f814-475d-9647-a302a5541e36@group-F775CA5912AC: changes role from  FOLLOWER to FOLLOWER at term 127 for recognizeCandidate:a5e79c22-a35f-4e50-b1fd-e91b6a93d74d
2019-10-17 18:51:00,271 [grpc-default-executor-2] INFO  impl.RoleInfo (RoleInfo.java:shutdownFollowerState(121)) - 1e4e1375-1b66-460f-8c99-4c341545a119: shutdown FollowerState
2019-10-17 18:51:00,272 [grpc-default-executor-4] INFO  impl.RoleInfo (RoleInfo.java:shutdownFollowerState(121)) - daae7813-f814-475d-9647-a302a5541e36: shutdown FollowerState
2019-10-17 18:51:00,272 [Thread-1945] INFO  impl.FollowerState (FollowerState.java:run(117)) - 1e4e1375-1b66-460f-8c99-4c341545a119@group-F775CA5912AC-FollowerState was interrupted: java.lang.InterruptedException: sleep interrupted
2019-10-17 18:51:00,272 [grpc-default-executor-2] INFO  impl.RoleInfo (RoleInfo.java:updateAndGet(143)) - 1e4e1375-1b66-460f-8c99-4c341545a119: start FollowerState
2019-10-17 18:51:00,272 [Thread-1946] INFO  impl.FollowerState (FollowerState.java:run(117)) - daae7813-f814-475d-9647-a302a5541e36@group-F775CA5912AC-FollowerState was interrupted: java.lang.InterruptedException: sleep interrupted
2019-10-17 18:51:00,272 [grpc-default-executor-4] INFO  impl.RoleInfo (RoleInfo.java:updateAndGet(143)) - daae7813-f814-475d-9647-a302a5541e36: start FollowerState
2019-10-17 18:51:00,287 [a5e79c22-a35f-4e50-b1fd-e91b6a93d74d@group-F775CA5912AC-LeaderElection231] INFO  impl.LeaderElection (LeaderElection.java:logAndReturn(56)) - a5e79c22-a35f-4e50-b1fd-e91b6a93d74d@group-F775CA5912AC-LeaderElection231: Election REJECTED; received 2 response(s) [a5e79c22-a35f-4e50-b1fd-e91b6a93d74d<-daae7813-f814-475d-9647-a302a5541e36#0:FAIL-t127, a5e79c22-a35f-4e50-b1fd-e91b6a93d74d<-1e4e1375-1b66-460f-8c99-4c341545a119#0:FAIL-t127] and 0 exception(s); a5e79c22-a35f-4e50-b1fd-e91b6a93d74d@group-F775CA5912AC:t127, leader=null, voted=a5e79c22-a35f-4e50-b1fd-e91b6a93d74d, raftlog=a5e79c22-a35f-4e50-b1fd-e91b6a93d74d@group-F775CA5912AC-SegmentedRaftLog:OPENED:c-1,f-1,i0, conf=-1: [a5e79c22-a35f-4e50-b1fd-e91b6a93d74d:192.168.157.251:45177, daae7813-f814-475d-9647-a302a5541e36:192.168.157.251:45025, 1e4e1375-1b66-460f-8c99-4c341545a119:192.168.157.251:42113], old=null
2019-10-17 18:51:00,287 [a5e79c22-a35f-4e50-b1fd-e91b6a93d74d@group-F775CA5912AC-LeaderElection231] INFO  impl.RaftServerImpl (RaftServerImpl.java:setRole(184)) - a5e79c22-a35f-4e50-b1fd-e91b6a93d74d@group-F775CA5912AC: changes role from CANDIDATE to FOLLOWER at term 127 for DISCOVERED_A_NEW_TERM
2019-10-17 18:51:00,287 [a5e79c22-a35f-4e50-b1fd-e91b6a93d74d@group-F775CA5912AC-LeaderElection231] INFO  impl.RoleInfo (RoleInfo.java:shutdownLeaderElection(134)) - a5e79c22-a35f-4e50-b1fd-e91b6a93d74d: shutdown LeaderElection
2019-10-17 18:51:00,287 [a5e79c22-a35f-4e50-b1fd-e91b6a93d74d@group-F775CA5912AC-LeaderElection231] INFO  impl.RoleInfo (RoleInfo.java:updateAndGet(143)) - a5e79c22-a35f-4e50-b1fd-e91b6a93d74d: start FollowerState
2019-10-17 18:51:00,391 [Thread-1955] INFO  impl.FollowerState (FollowerState.java:run(108)) - abcd8826-c056-4817-bd0f-7af19a46d814@group-5F52F902B742-FollowerState: change to CANDIDATE, lastRpcTime:163ms, electionTimeout:163ms
2019-10-17 18:51:00,391 [Thread-1955] INFO  impl.RoleInfo (RoleInfo.java:shutdownFollowerState(121)) - abcd8826-c056-4817-bd0f-7af19a46d814: shutdown FollowerState
2019-10-17 18:51:00,391 [Thread-1955] INFO  impl.RaftServerImpl (RaftServerImpl.java:setRole(184)) - abcd8826-c056-4817-bd0f-7af19a46d814@group-5F52F902B742: changes role from  FOLLOWER to CANDIDATE at term 122 for changeToCandidate
2019-10-17 18:51:00,391 [Thread-1955] INFO  impl.RoleInfo (RoleInfo.java:updateAndGet(143)) - abcd8826-c056-4817-bd0f-7af19a46d814: start LeaderElection
2019-10-17 18:51:00,405 [abcd8826-c056-4817-bd0f-7af19a46d814@group-5F52F902B742-LeaderElection232] INFO  impl.LeaderElection (LeaderElection.java:askForVotes(178)) - abcd8826-c056-4817-bd0f-7af19a46d814@group-5F52F902B742-LeaderElection232: begin an election at term 123 for -1: [b8f04e38-0663-4b1f-8efd-f76585c6e86c:192.168.157.251:35700, abcd8826-c056-4817-bd0f-7af19a46d814:192.168.157.251:46496, 73297ffa-40cb-4e3e-b33e-1bc2c1da60f5:192.168.157.251:32952], old=null
2019-10-17 18:51:00,407 [grpc-default-executor-4] INFO  impl.RaftServerImpl (RaftServerImpl.java:setRole(184)) - b8f04e38-0663-4b1f-8efd-f76585c6e86c@group-5F52F902B742: changes role from  FOLLOWER to FOLLOWER at term 123 for recognizeCandidate:abcd8826-c056-4817-bd0f-7af19a46d814
2019-10-17 18:51:00,407 [grpc-default-executor-2] INFO  impl.RaftServerImpl (RaftServerImpl.java:setRole(184)) - 73297ffa-40cb-4e3e-b33e-1bc2c1da60f5@group-5F52F902B742: changes role from  FOLLOWER to FOLLOWER at term 123 for recognizeCandidate:abcd8826-c056-4817-bd0f-7af19a46d814
2019-10-17 18:51:00,407 [grpc-default-executor-4] INFO  impl.RoleInfo (RoleInfo.java:shutdownFollowerState(121)) - b8f04e38-0663-4b1f-8efd-f76585c6e86c: shutdown FollowerState
2019-10-17 18:51:00,408 [grpc-default-executor-2] INFO  impl.RoleInfo (RoleInfo.java:shutdownFollowerState(121)) - 73297ffa-40cb-4e3e-b33e-1bc2c1da60f5: shutdown FollowerState
2019-10-17 18:51:00,408 [grpc-default-executor-4] INFO  impl.RoleInfo (RoleInfo.java:updateAndGet(143)) - b8f04e38-0663-4b1f-8efd-f76585c6e86c: start FollowerState
2019-10-17 18:51:00,408 [Thread-1954] INFO  impl.FollowerState (FollowerState.java:run(117)) - b8f04e38-0663-4b1f-8efd-f76585c6e86c@group-5F52F902B742-FollowerState was interrupted: java.lang.InterruptedException: sleep interrupted
2019-10-17 18:51:00,408 [grpc-default-executor-2] INFO  impl.RoleInfo (RoleInfo.java:updateAndGet(143)) - 73297ffa-40cb-4e3e-b33e-1bc2c1da60f5: start FollowerState
2019-10-17 18:51:00,408 [Thread-1953] INFO  impl.FollowerState (FollowerState.java:run(117)) - 73297ffa-40cb-4e3e-b33e-1bc2c1da60f5@group-5F52F902B742-FollowerState was interrupted: java.lang.InterruptedException: sleep interrupted
2019-10-17 18:51:00,424 [abcd8826-c056-4817-bd0f-7af19a46d814@group-5F52F902B742-LeaderElection232] INFO  impl.LeaderElection (LeaderElection.java:logAndReturn(56)) - abcd8826-c056-4817-bd0f-7af19a46d814@group-5F52F902B742-LeaderElection232: Election REJECTED; received 2 response(s) [abcd8826-c056-4817-bd0f-7af19a46d814<-b8f04e38-0663-4b1f-8efd-f76585c6e86c#0:FAIL-t123, abcd8826-c056-4817-bd0f-7af19a46d814<-73297ffa-40cb-4e3e-b33e-1bc2c1da60f5#0:FAIL-t123] and 0 exception(s); abcd8826-c056-4817-bd0f-7af19a46d814@group-5F52F902B742:t123, leader=null, voted=abcd8826-c056-4817-bd0f-7af19a46d814, raftlog=abcd8826-c056-4817-bd0f-7af19a46d814@group-5F52F902B742-SegmentedRaftLog:OPENED:c-1,f-1,i0, conf=-1: [b8f04e38-0663-4b1f-8efd-f76585c6e86c:192.168.157.251:35700, abcd8826-c056-4817-bd0f-7af19a46d814:192.168.157.251:46496, 73297ffa-40cb-4e3e-b33e-1bc2c1da60f5:192.168.157.251:32952], old=null
2019-10-17 18:51:00,424 [abcd8826-c056-4817-bd0f-7af19a46d814@group-5F52F902B742-LeaderElection232] INFO  impl.RaftServerImpl (RaftServerImpl.java:setRole(184)) - abcd8826-c056-4817-bd0f-7af19a46d814@group-5F52F902B742: changes role from CANDIDATE to FOLLOWER at term 123 for DISCOVERED_A_NEW_TERM
2019-10-17 18:51:00,424 [abcd8826-c056-4817-bd0f-7af19a46d814@group-5F52F902B742-LeaderElection232] INFO  impl.RoleInfo (RoleInfo.java:shutdownLeaderElection(134)) - abcd8826-c056-4817-bd0f-7af19a46d814: shutdown LeaderElection
2019-10-17 18:51:00,424 [abcd8826-c056-4817-bd0f-7af19a46d814@group-5F52F902B742-LeaderElection232] INFO  impl.RoleInfo (RoleInfo.java:updateAndGet(143)) - abcd8826-c056-4817-bd0f-7af19a46d814: start FollowerState
2019-10-17 18:51:00,428 [Thread-1969] INFO  impl.FollowerState (FollowerState.java:run(108)) - abcd8826-c056-4817-bd0f-7af19a46d814@group-5F52F902B742-FollowerState: change to CANDIDATE, lastRpcTime:3ms, electionTimeout:3ms
2019-10-17 18:51:00,428 [Thread-1969] INFO  impl.RoleInfo (RoleInfo.java:shutdownFollowerState(121)) - abcd8826-c056-4817-bd0f-7af19a46d814: shutdown FollowerState
2019-10-17 18:51:00,428 [Thread-1969] INFO  impl.RaftServerImpl (RaftServerImpl.java:setRole(184)) - abcd8826-c056-4817-bd0f-7af19a46d814@group-5F52F902B742: changes role from  FOLLOWER to CANDIDATE at term 123 for changeToCandidate
2019-10-17 18:51:00,428 [Thread-1969] INFO  impl.RoleInfo (RoleInfo.java:updateAndGet(143)) - abcd8826-c056-4817-bd0f-7af19a46d814: start LeaderElection
2019-10-17 18:51:00,441 [abcd8826-c056-4817-bd0f-7af19a46d814@group-5F52F902B742-LeaderElection233] INFO  impl.LeaderElection (LeaderElection.java:askForVotes(178)) - abcd8826-c056-4817-bd0f-7af19a46d814@group-5F52F902B742-LeaderElection233: begin an election at term 124 for -1: [b8f04e38-0663-4b1f-8efd-f76585c6e86c:192.168.157.251:35700, abcd8826-c056-4817-bd0f-7af19a46d814:192.168.157.251:46496, 73297ffa-40cb-4e3e-b33e-1bc2c1da60f5:192.168.157.251:32952], old=null
2019-10-17 18:51:00,443 [Thread-1961] INFO  impl.FollowerState (FollowerState.java:run(108)) - a5e79c22-a35f-4e50-b1fd-e91b6a93d74d@group-F775CA5912AC-FollowerState: change to CANDIDATE, lastRpcTime:155ms, electionTimeout:155ms
2019-10-17 18:51:00,443 [Thread-1961] INFO  impl.RoleInfo (RoleInfo.java:shutdownFollowerState(121)) - a5e79c22-a35f-4e50-b1fd-e91b6a93d74d: shutdown FollowerState
2019-10-17 18:51:00,443 [Thread-1961] INFO  impl.RaftServerImpl (RaftServerImpl.java:setRole(184)) - a5e79c22-a35f-4e50-b1fd-e91b6a93d74d@group-F775CA5912AC: changes role from  FOLLOWER to CANDIDATE at term 127 for changeToCandidate
2019-10-17 18:51:00,443 [Thread-1961] INFO  impl.RoleInfo (RoleInfo.java:updateAndGet(143)) - a5e79c22-a35f-4e50-b1fd-e91b6a93d74d: start LeaderElection
2019-10-17 18:51:00,445 [grpc-default-executor-2] INFO  impl.RaftServerImpl (RaftServerImpl.java:setRole(184)) - 73297ffa-40cb-4e3e-b33e-1bc2c1da60f5@group-5F52F902B742: changes role from  FOLLOWER to FOLLOWER at term 124 for recognizeCandidate:abcd8826-c056-4817-bd0f-7af19a46d814
2019-10-17 18:51:00,445 [grpc-default-executor-2] INFO  impl.RoleInfo (RoleInfo.java:shutdownFollowerState(121)) - 73297ffa-40cb-4e3e-b33e-1bc2c1da60f5: shutdown FollowerState
2019-10-17 18:51:00,445 [grpc-default-executor-4] INFO  impl.RaftServerImpl (RaftServerImpl.java:setRole(184)) - b8f04e38-0663-4b1f-8efd-f76585c6e86c@group-5F52F902B742: changes role from  FOLLOWER to FOLLOWER at term 124 for recognizeCandidate:abcd8826-c056-4817-bd0f-7af19a46d814
2019-10-17 18:51:00,445 [Thread-1968] INFO  impl.FollowerState (FollowerState.java:run(117)) - 73297ffa-40cb-4e3e-b33e-1bc2c1da60f5@group-5F52F902B742-FollowerState was interrupted: java.lang.InterruptedException: sleep interrupted
2019-10-17 18:51:00,445 [grpc-default-executor-2] INFO  impl.RoleInfo (RoleInfo.java:updateAndGet(143)) - 73297ffa-40cb-4e3e-b33e-1bc2c1da60f5: start FollowerState
2019-10-17 18:51:00,445 [grpc-default-executor-4] INFO  impl.RoleInfo (RoleInfo.java:shutdownFollowerState(121)) - b8f04e38-0663-4b1f-8efd-f76585c6e86c: shutdown FollowerState
2019-10-17 18:51:00,446 [grpc-default-executor-4] INFO  impl.RoleInfo (RoleInfo.java:updateAndGet(143)) - b8f04e38-0663-4b1f-8efd-f76585c6e86c: start FollowerState
2019-10-17 18:51:00,446 [Thread-1967] INFO  impl.FollowerState (FollowerState.java:run(117)) - b8f04e38-0663-4b1f-8efd-f76585c6e86c@group-5F52F902B742-FollowerState was interrupted: java.lang.InterruptedException: sleep interrupted
2019-10-17 18:51:00,459 [a5e79c22-a35f-4e50-b1fd-e91b6a93d74d@group-F775CA5912AC-LeaderElection234] INFO  impl.LeaderElection (LeaderElection.java:askForVotes(178)) - a5e79c22-a35f-4e50-b1fd-e91b6a93d74d@group-F775CA5912AC-LeaderElection234: begin an election at term 128 for -1: [a5e79c22-a35f-4e50-b1fd-e91b6a93d74d:192.168.157.251:45177, daae7813-f814-475d-9647-a302a5541e36:192.168.157.251:45025, 1e4e1375-1b66-460f-8c99-4c341545a119:192.168.157.251:42113], old=null
2019-10-17 18:51:00,459 [abcd8826-c056-4817-bd0f-7af19a46d814@group-5F52F902B742-LeaderElection233] INFO  impl.LeaderElection (LeaderElection.java:logAndReturn(56)) - abcd8826-c056-4817-bd0f-7af19a46d814@group-5F52F902B742-LeaderElection233: Election REJECTED; received 2 response(s) [abcd8826-c056-4817-bd0f-7af19a46d814<-b8f04e38-0663-4b1f-8efd-f76585c6e86c#0:FAIL-t124, abcd8826-c056-4817-bd0f-7af19a46d814<-73297ffa-40cb-4e3e-b33e-1bc2c1da60f5#0:FAIL-t124] and 0 exception(s); abcd8826-c056-4817-bd0f-7af19a46d814@group-5F52F902B742:t124, leader=null, voted=abcd8826-c056-4817-bd0f-7af19a46d814, raftlog=abcd8826-c056-4817-bd0f-7af19a46d814@group-5F52F902B742-SegmentedRaftLog:OPENED:c-1,f-1,i0, conf=-1: [b8f04e38-0663-4b1f-8efd-f76585c6e86c:192.168.157.251:35700, abcd8826-c056-4817-bd0f-7af19a46d814:192.168.157.251:46496, 73297ffa-40cb-4e3e-b33e-1bc2c1da60f5:192.168.157.251:32952], old=null
2019-10-17 18:51:00,459 [abcd8826-c056-4817-bd0f-7af19a46d814@group-5F52F902B742-LeaderElection233] INFO  impl.RaftServerImpl (RaftServerImpl.java:setRole(184)) - abcd8826-c056-4817-bd0f-7af19a46d814@group-5F52F902B742: changes role from CANDIDATE to FOLLOWER at term 124 for DISCOVERED_A_NEW_TERM
2019-10-17 18:51:00,460 [abcd8826-c056-4817-bd0f-7af19a46d814@group-5F52F902B742-LeaderElection233] INFO  impl.RoleInfo (RoleInfo.java:shutdownLeaderElection(134)) - abcd8826-c056-4817-bd0f-7af19a46d814: shutdown LeaderElection
2019-10-17 18:51:00,460 [abcd8826-c056-4817-bd0f-7af19a46d814@group-5F52F902B742-LeaderElection233] INFO  impl.RoleInfo (RoleInfo.java:updateAndGet(143)) - abcd8826-c056-4817-bd0f-7af19a46d814: start FollowerState
2019-10-17 18:51:00,460 [grpc-default-executor-2] INFO  impl.RaftServerImpl (RaftServerImpl.java:setRole(184)) - daae7813-f814-475d-9647-a302a5541e36@group-F775CA5912AC: changes role from  FOLLOWER to FOLLOWER at term 128 for recognizeCandidate:a5e79c22-a35f-4e50-b1fd-e91b6a93d74d
2019-10-17 18:51:00,460 [grpc-default-executor-2] INFO  impl.RoleInfo (RoleInfo.java:shutdownFollowerState(121)) - daae7813-f814-475d-9647-a302a5541e36: shutdown FollowerState
2019-10-17 18:51:00,461 [grpc-default-executor-2] INFO  impl.RoleInfo (RoleInfo.java:updateAndGet(143)) - daae7813-f814-475d-9647-a302a5541e36: start FollowerState
2019-10-17 18:51:00,461 [Thread-1960] INFO  impl.FollowerState (FollowerState.java:run(117)) - daae7813-f814-475d-9647-a302a5541e36@group-F775CA5912AC-FollowerState was interrupted: java.lang.InterruptedException: sleep interrupted
2019-10-17 18:51:00,461 [grpc-default-executor-4] INFO  impl.RaftServerImpl (RaftServerImpl.java:setRole(184)) - 1e4e1375-1b66-460f-8c99-4c341545a119@group-F775CA5912AC: changes role from  FOLLOWER to FOLLOWER at term 128 for recognizeCandidate:a5e79c22-a35f-4e50-b1fd-e91b6a93d74d
2019-10-17 18:51:00,461 [grpc-default-executor-4] INFO  impl.RoleInfo (RoleInfo.java:shutdownFollowerState(121)) - 1e4e1375-1b66-460f-8c99-4c341545a119: shutdown FollowerState
2019-10-17 18:51:00,461 [grpc-default-executor-4] INFO  impl.RoleInfo (RoleInfo.java:updateAndGet(143)) - 1e4e1375-1b66-460f-8c99-4c341545a119: start FollowerState
2019-10-17 18:51:00,461 [Thread-1959] INFO  impl.FollowerState (FollowerState.java:run(117)) - 1e4e1375-1b66-460f-8c99-4c341545a119@group-F775CA5912AC-FollowerState was interrupted: java.lang.InterruptedException: sleep interrupted
2019-10-17 18:51:00,474 [a5e79c22-a35f-4e50-b1fd-e91b6a93d74d@group-F775CA5912AC-LeaderElection234] INFO  impl.LeaderElection (LeaderElection.java:logAndReturn(56)) - a5e79c22-a35f-4e50-b1fd-e91b6a93d74d@group-F775CA5912AC-LeaderElection234: Election REJECTED; received 2 response(s) [a5e79c22-a35f-4e50-b1fd-e91b6a93d74d<-daae7813-f814-475d-9647-a302a5541e36#0:FAIL-t128, a5e79c22-a35f-4e50-b1fd-e91b6a93d74d<-1e4e1375-1b66-460f-8c99-4c341545a119#0:FAIL-t128] and 0 exception(s); a5e79c22-a35f-4e50-b1fd-e91b6a93d74d@group-F775CA5912AC:t128, leader=null, voted=a5e79c22-a35f-4e50-b1fd-e91b6a93d74d, raftlog=a5e79c22-a35f-4e50-b1fd-e91b6a93d74d@group-F775CA5912AC-SegmentedRaftLog:OPENED:c-1,f-1,i0, conf=-1: [a5e79c22-a35f-4e50-b1fd-e91b6a93d74d:192.168.157.251:45177, daae7813-f814-475d-9647-a302a5541e36:192.168.157.251:45025, 1e4e1375-1b66-460f-8c99-4c341545a119:192.168.157.251:42113], old=null
2019-10-17 18:51:00,475 [a5e79c22-a35f-4e50-b1fd-e91b6a93d74d@group-F775CA5912AC-LeaderElection234] INFO  impl.RaftServerImpl (RaftServerImpl.java:setRole(184)) - a5e79c22-a35f-4e50-b1fd-e91b6a93d74d@group-F775CA5912AC: changes role from CANDIDATE to FOLLOWER at term 128 for DISCOVERED_A_NEW_TERM
2019-10-17 18:51:00,475 [a5e79c22-a35f-4e50-b1fd-e91b6a93d74d@group-F775CA5912AC-LeaderElection234] INFO  impl.RoleInfo (RoleInfo.java:shutdownLeaderElection(134)) - a5e79c22-a35f-4e50-b1fd-e91b6a93d74d: shutdown LeaderElection
2019-10-17 18:51:00,475 [a5e79c22-a35f-4e50-b1fd-e91b6a93d74d@group-F775CA5912AC-LeaderElection234] INFO  impl.RoleInfo (RoleInfo.java:updateAndGet(143)) - a5e79c22-a35f-4e50-b1fd-e91b6a93d74d: start FollowerState
2019-10-17 18:51:00,531 [Thread-1981] INFO  impl.FollowerState (FollowerState.java:run(108)) - a5e79c22-a35f-4e50-b1fd-e91b6a93d74d@group-F775CA5912AC-FollowerState: change to CANDIDATE, lastRpcTime:56ms, electionTimeout:56ms
2019-10-17 18:51:00,531 [Thread-1981] INFO  impl.RoleInfo (RoleInfo.java:shutdownFollowerState(121)) - a5e79c22-a35f-4e50-b1fd-e91b6a93d74d: shutdown FollowerState
2019-10-17 18:51:00,531 [Thread-1981] INFO  impl.RaftServerImpl (RaftServerImpl.java:setRole(184)) - a5e79c22-a35f-4e50-b1fd-e91b6a93d74d@group-F775CA5912AC: changes role from  FOLLOWER to CANDIDATE at term 128 for changeToCandidate
2019-10-17 18:51:00,531 [Thread-1981] INFO  impl.RoleInfo (RoleInfo.java:updateAndGet(143)) - a5e79c22-a35f-4e50-b1fd-e91b6a93d74d: start LeaderElection
2019-10-17 18:51:00,536 [Thread-1978] INFO  impl.FollowerState (FollowerState.java:run(108)) - abcd8826-c056-4817-bd0f-7af19a46d814@group-5F52F902B742-FollowerState: change to CANDIDATE, lastRpcTime:76ms, electionTimeout:76ms
2019-10-17 18:51:00,536 [Thread-1978] INFO  impl.RoleInfo (RoleInfo.java:shutdownFollowerState(121)) - abcd8826-c056-4817-bd0f-7af19a46d814: shutdown FollowerState
2019-10-17 18:51:00,536 [Thread-1978] INFO  impl.RaftServerImpl (RaftServerImpl.java:setRole(184)) - abcd8826-c056-4817-bd0f-7af19a46d814@group-5F52F902B742: changes role from  FOLLOWER to CANDIDATE at term 124 for changeToCandidate
2019-10-17 18:51:00,537 [Thread-1978] INFO  impl.RoleInfo (RoleInfo.java:updateAndGet(143)) - abcd8826-c056-4817-bd0f-7af19a46d814: start LeaderElection
2019-10-17 18:51:00,545 [a5e79c22-a35f-4e50-b1fd-e91b6a93d74d@group-F775CA5912AC-LeaderElection235] INFO  impl.LeaderElection (LeaderElection.java:askForVotes(178)) - a5e79c22-a35f-4e50-b1fd-e91b6a93d74d@group-F775CA5912AC-LeaderElection235: begin an election at term 129 for -1: [a5e79c22-a35f-4e50-b1fd-e91b6a93d74d:192.168.157.251:45177, daae7813-f814-475d-9647-a302a5541e36:192.168.157.251:45025, 1e4e1375-1b66-460f-8c99-4c341545a119:192.168.157.251:42113], old=null
2019-10-17 18:51:00,545 [abcd8826-c056-4817-bd0f-7af19a46d814@group-5F52F902B742-LeaderElection236] INFO  impl.LeaderElection (LeaderElection.java:askForVotes(178)) - abcd8826-c056-4817-bd0f-7af19a46d814@group-5F52F902B742-LeaderElection236: begin an election at term 125 for -1: [b8f04e38-0663-4b1f-8efd-f76585c6e86c:192.168.157.251:35700, abcd8826-c056-4817-bd0f-7af19a46d814:192.168.157.251:46496, 73297ffa-40cb-4e3e-b33e-1bc2c1da60f5:192.168.157.251:32952], old=null
2019-10-17 18:51:00,548 [grpc-default-executor-2] INFO  impl.RaftServerImpl (RaftServerImpl.java:setRole(184)) - 1e4e1375-1b66-460f-8c99-4c341545a119@group-F775CA5912AC: changes role from  FOLLOWER to FOLLOWER at term 129 for recognizeCandidate:a5e79c22-a35f-4e50-b1fd-e91b6a93d74d
2019-10-17 18:51:00,548 [grpc-default-executor-2] INFO  impl.RoleInfo (RoleInfo.java:shutdownFollowerState(121)) - 1e4e1375-1b66-460f-8c99-4c341545a119: shutdown FollowerState
2019-10-17 18:51:00,548 [grpc-default-executor-4] INFO  impl.RaftServerImpl (RaftServerImpl.java:setRole(184)) - 73297ffa-40cb-4e3e-b33e-1bc2c1da60f5@group-5F52F902B742: changes role from  FOLLOWER to FOLLOWER at term 125 for recognizeCandidate:abcd8826-c056-4817-bd0f-7af19a46d814
2019-10-17 18:51:00,548 [Thread-1980] INFO  impl.FollowerState (FollowerState.java:run(117)) - 1e4e1375-1b66-460f-8c99-4c341545a119@group-F775CA5912AC-FollowerState was interrupted: java.lang.InterruptedException: sleep interrupted
2019-10-17 18:51:00,548 [grpc-default-executor-2] INFO  impl.RoleInfo (RoleInfo.java:updateAndGet(143)) - 1e4e1375-1b66-460f-8c99-4c341545a119: start FollowerState
2019-10-17 18:51:00,548 [grpc-default-executor-0] INFO  impl.RaftServerImpl (RaftServerImpl.java:setRole(184)) - b8f04e38-0663-4b1f-8efd-f76585c6e86c@group-5F52F902B742: changes role from  FOLLOWER to FOLLOWER at term 125 for recognizeCandidate:abcd8826-c056-4817-bd0f-7af19a46d814
2019-10-17 18:51:00,548 [grpc-default-executor-0] INFO  impl.RoleInfo (RoleInfo.java:shutdownFollowerState(121)) - b8f04e38-0663-4b1f-8efd-f76585c6e86c: shutdown FollowerState
2019-10-17 18:51:00,548 [grpc-default-executor-5] INFO  impl.RaftServerImpl (RaftServerImpl.java:setRole(184)) - daae7813-f814-475d-9647-a302a5541e36@group-F775CA5912AC: changes role from  FOLLOWER to FOLLOWER at term 129 for recognizeCandidate:a5e79c22-a35f-4e50-b1fd-e91b6a93d74d
2019-10-17 18:51:00,548 [grpc-default-executor-4] INFO  impl.RoleInfo (RoleInfo.java:shutdownFollowerState(121)) - 73297ffa-40cb-4e3e-b33e-1bc2c1da60f5: shutdown FollowerState
2019-10-17 18:51:00,549 [grpc-default-executor-5] INFO  impl.RoleInfo (RoleInfo.java:shutdownFollowerState(121)) - daae7813-f814-475d-9647-a302a5541e36: shutdown FollowerState
2019-10-17 18:51:00,549 [Thread-1975] INFO  impl.FollowerState (FollowerState.java:run(117)) - b8f04e38-0663-4b1f-8efd-f76585c6e86c@group-5F52F902B742-FollowerState was interrupted: java.lang.InterruptedException: sleep interrupted
2019-10-17 18:51:00,549 [grpc-default-executor-0] INFO  impl.RoleInfo (RoleInfo.java:updateAndGet(143)) - b8f04e38-0663-4b1f-8efd-f76585c6e86c: start FollowerState
2019-10-17 18:51:00,549 [Thread-1979] INFO  impl.FollowerState (FollowerState.java:run(117)) - daae7813-f814-475d-9647-a302a5541e36@group-F775CA5912AC-FollowerState was interrupted: java.lang.InterruptedException: sleep interrupted
2019-10-17 18:51:00,549 [grpc-default-executor-5] INFO  impl.RoleInfo (RoleInfo.java:updateAndGet(143)) - daae7813-f814-475d-9647-a302a5541e36: start FollowerState
2019-10-17 18:51:00,549 [Thread-1974] INFO  impl.FollowerState (FollowerState.java:run(117)) - 73297ffa-40cb-4e3e-b33e-1bc2c1da60f5@group-5F52F902B742-FollowerState was interrupted: java.lang.InterruptedException: sleep interrupted
2019-10-17 18:51:00,549 [grpc-default-executor-4] INFO  impl.RoleInfo (RoleInfo.java:updateAndGet(143)) - 73297ffa-40cb-4e3e-b33e-1bc2c1da60f5: start FollowerState
2019-10-17 18:51:00,563 [abcd8826-c056-4817-bd0f-7af19a46d814@group-5F52F902B742-LeaderElection236] INFO  impl.LeaderElection (LeaderElection.java:logAndReturn(56)) - abcd8826-c056-4817-bd0f-7af19a46d814@group-5F52F902B742-LeaderElection236: Election REJECTED; received 2 response(s) [abcd8826-c056-4817-bd0f-7af19a46d814<-b8f04e38-0663-4b1f-8efd-f76585c6e86c#0:FAIL-t125, abcd8826-c056-4817-bd0f-7af19a46d814<-73297ffa-40cb-4e3e-b33e-1bc2c1da60f5#0:FAIL-t125] and 0 exception(s); abcd8826-c056-4817-bd0f-7af19a46d814@group-5F52F902B742:t125, leader=null, voted=abcd8826-c056-4817-bd0f-7af19a46d814, raftlog=abcd8826-c056-4817-bd0f-7af19a46d814@group-5F52F902B742-SegmentedRaftLog:OPENED:c-1,f-1,i0, conf=-1: [b8f04e38-0663-4b1f-8efd-f76585c6e86c:192.168.157.251:35700, abcd8826-c056-4817-bd0f-7af19a46d814:192.168.157.251:46496, 73297ffa-40cb-4e3e-b33e-1bc2c1da60f5:192.168.157.251:32952], old=null
2019-10-17 18:51:00,563 [a5e79c22-a35f-4e50-b1fd-e91b6a93d74d@group-F775CA5912AC-LeaderElection235] INFO  impl.LeaderElection (LeaderElection.java:logAndReturn(56)) - a5e79c22-a35f-4e50-b1fd-e91b6a93d74d@group-F775CA5912AC-LeaderElection235: Election REJECTED; received 2 response(s) [a5e79c22-a35f-4e50-b1fd-e91b6a93d74d<-daae7813-f814-475d-9647-a302a5541e36#0:FAIL-t129, a5e79c22-a35f-4e50-b1fd-e91b6a93d74d<-1e4e1375-1b66-460f-8c99-4c341545a119#0:FAIL-t129] and 0 exception(s); a5e79c22-a35f-4e50-b1fd-e91b6a93d74d@group-F775CA5912AC:t129, leader=null, voted=a5e79c22-a35f-4e50-b1fd-e91b6a93d74d, raftlog=a5e79c22-a35f-4e50-b1fd-e91b6a93d74d@group-F775CA5912AC-SegmentedRaftLog:OPENED:c-1,f-1,i0, conf=-1: [a5e79c22-a35f-4e50-b1fd-e91b6a93d74d:192.168.157.251:45177, daae7813-f814-475d-9647-a302a5541e36:192.168.157.251:45025, 1e4e1375-1b66-460f-8c99-4c341545a119:192.168.157.251:42113], old=null
2019-10-17 18:51:00,564 [abcd8826-c056-4817-bd0f-7af19a46d814@group-5F52F902B742-LeaderElection236] INFO  impl.RaftServerImpl (RaftServerImpl.java:setRole(184)) - abcd8826-c056-4817-bd0f-7af19a46d814@group-5F52F902B742: changes role from CANDIDATE to FOLLOWER at term 125 for DISCOVERED_A_NEW_TERM
2019-10-17 18:51:00,564 [a5e79c22-a35f-4e50-b1fd-e91b6a93d74d@group-F775CA5912AC-LeaderElection235] INFO  impl.RaftServerImpl (RaftServerImpl.java:setRole(184)) - a5e79c22-a35f-4e50-b1fd-e91b6a93d74d@group-F775CA5912AC: changes role from CANDIDATE to FOLLOWER at term 129 for DISCOVERED_A_NEW_TERM
2019-10-17 18:51:00,564 [abcd8826-c056-4817-bd0f-7af19a46d814@group-5F52F902B742-LeaderElection236] INFO  impl.RoleInfo (RoleInfo.java:shutdownLeaderElection(134)) - abcd8826-c056-4817-bd0f-7af19a46d814: shutdown LeaderElection
2019-10-17 18:51:00,564 [a5e79c22-a35f-4e50-b1fd-e91b6a93d74d@group-F775CA5912AC-LeaderElection235] INFO  impl.RoleInfo (RoleInfo.java:shutdownLeaderElection(134)) - a5e79c22-a35f-4e50-b1fd-e91b6a93d74d: shutdown LeaderElection
2019-10-17 18:51:00,564 [abcd8826-c056-4817-bd0f-7af19a46d814@group-5F52F902B742-LeaderElection236] INFO  impl.RoleInfo (RoleInfo.java:updateAndGet(143)) - abcd8826-c056-4817-bd0f-7af19a46d814: start FollowerState
2019-10-17 18:51:00,564 [a5e79c22-a35f-4e50-b1fd-e91b6a93d74d@group-F775CA5912AC-LeaderElection235] INFO  impl.RoleInfo (RoleInfo.java:updateAndGet(143)) - a5e79c22-a35f-4e50-b1fd-e91b6a93d74d: start FollowerState
2019-10-17 18:51:00,692 [Thread-1992] INFO  impl.FollowerState (FollowerState.java:run(108)) - abcd8826-c056-4817-bd0f-7af19a46d814@group-5F52F902B742-FollowerState: change to CANDIDATE, lastRpcTime:127ms, electionTimeout:127ms
2019-10-17 18:51:00,692 [Thread-1992] INFO  impl.RoleInfo (RoleInfo.java:shutdownFollowerState(121)) - abcd8826-c056-4817-bd0f-7af19a46d814: shutdown FollowerState
2019-10-17 18:51:00,692 [Thread-1992] INFO  impl.RaftServerImpl (RaftServerImpl.java:setRole(184)) - abcd8826-c056-4817-bd0f-7af19a46d814@group-5F52F902B742: changes role from  FOLLOWER to CANDIDATE at term 125 for changeToCandidate
2019-10-17 18:51:00,693 [Thread-1992] INFO  impl.RoleInfo (RoleInfo.java:updateAndGet(143)) - abcd8826-c056-4817-bd0f-7af19a46d814: start LeaderElection
2019-10-17 18:51:00,704 [abcd8826-c056-4817-bd0f-7af19a46d814@group-5F52F902B742-LeaderElection237] INFO  impl.LeaderElection (LeaderElection.java:askForVotes(178)) - abcd8826-c056-4817-bd0f-7af19a46d814@group-5F52F902B742-LeaderElection237: begin an election at term 126 for -1: [b8f04e38-0663-4b1f-8efd-f76585c6e86c:192.168.157.251:35700, abcd8826-c056-4817-bd0f-7af19a46d814:192.168.157.251:46496, 73297ffa-40cb-4e3e-b33e-1bc2c1da60f5:192.168.157.251:32952], old=null
2019-10-17 18:51:00,708 [grpc-default-executor-5] INFO  impl.RaftServerImpl (RaftServerImpl.java:setRole(184)) - b8f04e38-0663-4b1f-8efd-f76585c6e86c@group-5F52F902B742: changes role from  FOLLOWER to FOLLOWER at term 126 for recognizeCandidate:abcd8826-c056-4817-bd0f-7af19a46d814
2019-10-17 18:51:00,708 [grpc-default-executor-4] INFO  impl.RaftServerImpl (RaftServerImpl.java:setRole(184)) - 73297ffa-40cb-4e3e-b33e-1bc2c1da60f5@group-5F52F902B742: changes role from  FOLLOWER to FOLLOWER at term 126 for recognizeCandidate:abcd8826-c056-4817-bd0f-7af19a46d814
2019-10-17 18:51:00,708 [grpc-default-executor-4] INFO  impl.RoleInfo (RoleInfo.java:shutdownFollowerState(121)) - 73297ffa-40cb-4e3e-b33e-1bc2c1da60f5: shutdown FollowerState
2019-10-17 18:51:00,708 [grpc-default-executor-5] INFO  impl.RoleInfo (RoleInfo.java:shutdownFollowerState(121)) - b8f04e38-0663-4b1f-8efd-f76585c6e86c: shutdown FollowerState
2019-10-17 18:51:00,708 [Thread-1990] INFO  impl.FollowerState (FollowerState.java:run(117)) - 73297ffa-40cb-4e3e-b33e-1bc2c1da60f5@group-5F52F902B742-FollowerState was interrupted: java.lang.InterruptedException: sleep interrupted
2019-10-17 18:51:00,708 [grpc-default-executor-4] INFO  impl.RoleInfo (RoleInfo.java:updateAndGet(143)) - 73297ffa-40cb-4e3e-b33e-1bc2c1da60f5: start FollowerState
2019-10-17 18:51:00,708 [Thread-1989] INFO  impl.FollowerState (FollowerState.java:run(117)) - b8f04e38-0663-4b1f-8efd-f76585c6e86c@group-5F52F902B742-FollowerState was interrupted: java.lang.InterruptedException: sleep interrupted
2019-10-17 18:51:00,708 [grpc-default-executor-5] INFO  impl.RoleInfo (RoleInfo.java:updateAndGet(143)) - b8f04e38-0663-4b1f-8efd-f76585c6e86c: start FollowerState
2019-10-17 18:51:00,724 [abcd8826-c056-4817-bd0f-7af19a46d814@group-5F52F902B742-LeaderElection237] INFO  impl.LeaderElection (LeaderElection.java:logAndReturn(56)) - abcd8826-c056-4817-bd0f-7af19a46d814@group-5F52F902B742-LeaderElection237: Election REJECTED; received 2 response(s) [abcd8826-c056-4817-bd0f-7af19a46d814<-b8f04e38-0663-4b1f-8efd-f76585c6e86c#0:FAIL-t126, abcd8826-c056-4817-bd0f-7af19a46d814<-73297ffa-40cb-4e3e-b33e-1bc2c1da60f5#0:FAIL-t126] and 0 exception(s); abcd8826-c056-4817-bd0f-7af19a46d814@group-5F52F902B742:t126, leader=null, voted=abcd8826-c056-4817-bd0f-7af19a46d814, raftlog=abcd8826-c056-4817-bd0f-7af19a46d814@group-5F52F902B742-SegmentedRaftLog:OPENED:c-1,f-1,i0, conf=-1: [b8f04e38-0663-4b1f-8efd-f76585c6e86c:192.168.157.251:35700, abcd8826-c056-4817-bd0f-7af19a46d814:192.168.157.251:46496, 73297ffa-40cb-4e3e-b33e-1bc2c1da60f5:192.168.157.251:32952], old=null
2019-10-17 18:51:00,724 [abcd8826-c056-4817-bd0f-7af19a46d814@group-5F52F902B742-LeaderElection237] INFO  impl.RaftServerImpl (RaftServerImpl.java:setRole(184)) - abcd8826-c056-4817-bd0f-7af19a46d814@group-5F52F902B742: changes role from CANDIDATE to FOLLOWER at term 126 for DISCOVERED_A_NEW_TERM
2019-10-17 18:51:00,724 [abcd8826-c056-4817-bd0f-7af19a46d814@group-5F52F902B742-LeaderElection237] INFO  impl.RoleInfo (RoleInfo.java:shutdownLeaderElection(134)) - abcd8826-c056-4817-bd0f-7af19a46d814: shutdown LeaderElection
2019-10-17 18:51:00,724 [abcd8826-c056-4817-bd0f-7af19a46d814@group-5F52F902B742-LeaderElection237] INFO  impl.RoleInfo (RoleInfo.java:updateAndGet(143)) - abcd8826-c056-4817-bd0f-7af19a46d814: start FollowerState
2019-10-17 18:51:00,746 [Thread-1999] INFO  impl.FollowerState (FollowerState.java:run(108)) - abcd8826-c056-4817-bd0f-7af19a46d814@group-5F52F902B742-FollowerState: change to CANDIDATE, lastRpcTime:21ms, electionTimeout:21ms
2019-10-17 18:51:00,746 [Thread-1999] INFO  impl.RoleInfo (RoleInfo.java:shutdownFollowerState(121)) - abcd8826-c056-4817-bd0f-7af19a46d814: shutdown FollowerState
2019-10-17 18:51:00,746 [Thread-1999] INFO  impl.RaftServerImpl (RaftServerImpl.java:setRole(184)) - abcd8826-c056-4817-bd0f-7af19a46d814@group-5F52F902B742: changes role from  FOLLOWER to CANDIDATE at term 126 for changeToCandidate
2019-10-17 18:51:00,746 [Thread-1999] INFO  impl.RoleInfo (RoleInfo.java:updateAndGet(143)) - abcd8826-c056-4817-bd0f-7af19a46d814: start LeaderElection
2019-10-17 18:51:00,760 [Thread-1993] INFO  impl.FollowerState (FollowerState.java:run(108)) - a5e79c22-a35f-4e50-b1fd-e91b6a93d74d@group-F775CA5912AC-FollowerState: change to CANDIDATE, lastRpcTime:195ms, electionTimeout:195ms
2019-10-17 18:51:00,760 [Thread-1993] INFO  impl.RoleInfo (RoleInfo.java:shutdownFollowerState(121)) - a5e79c22-a35f-4e50-b1fd-e91b6a93d74d: shutdown FollowerState
2019-10-17 18:51:00,760 [Thread-1993] INFO  impl.RaftServerImpl (RaftServerImpl.java:setRole(184)) - a5e79c22-a35f-4e50-b1fd-e91b6a93d74d@group-F775CA5912AC: changes role from  FOLLOWER to CANDIDATE at term 129 for changeToCandidate
2019-10-17 18:51:00,760 [abcd8826-c056-4817-bd0f-7af19a46d814@group-5F52F902B742-LeaderElection238] INFO  impl.LeaderElection (LeaderElection.java:askForVotes(178)) - abcd8826-c056-4817-bd0f-7af19a46d814@group-5F52F902B742-LeaderElection238: begin an election at term 127 for -1: [b8f04e38-0663-4b1f-8efd-f76585c6e86c:192.168.157.251:35700, abcd8826-c056-4817-bd0f-7af19a46d814:192.168.157.251:46496, 73297ffa-40cb-4e3e-b33e-1bc2c1da60f5:192.168.157.251:32952], old=null
2019-10-17 18:51:00,760 [Thread-1993] INFO  impl.RoleInfo (RoleInfo.java:updateAndGet(143)) - a5e79c22-a35f-4e50-b1fd-e91b6a93d74d: start LeaderElection
2019-10-17 18:51:00,763 [grpc-default-executor-5] INFO  impl.RaftServerImpl (RaftServerImpl.java:setRole(184)) - 73297ffa-40cb-4e3e-b33e-1bc2c1da60f5@group-5F52F902B742: changes role from  FOLLOWER to FOLLOWER at term 127 for recognizeCandidate:abcd8826-c056-4817-bd0f-7af19a46d814
2019-10-17 18:51:00,763 [grpc-default-executor-5] INFO  impl.RoleInfo (RoleInfo.java:shutdownFollowerState(121)) - 73297ffa-40cb-4e3e-b33e-1bc2c1da60f5: shutdown FollowerState
2019-10-17 18:51:00,763 [grpc-default-executor-4] INFO  impl.RaftServerImpl (RaftServerImpl.java:setRole(184)) - b8f04e38-0663-4b1f-8efd-f76585c6e86c@group-5F52F902B742: changes role from  FOLLOWER to FOLLOWER at term 127 for recognizeCandidate:abcd8826-c056-4817-bd0f-7af19a46d814
2019-10-17 18:51:00,763 [Thread-1997] INFO  impl.FollowerState (FollowerState.java:run(117)) - 73297ffa-40cb-4e3e-b33e-1bc2c1da60f5@group-5F52F902B742-FollowerState was interrupted: java.lang.InterruptedException: sleep interrupted
2019-10-17 18:51:00,763 [grpc-default-executor-5] INFO  impl.RoleInfo (RoleInfo.java:updateAndGet(143)) - 73297ffa-40cb-4e3e-b33e-1bc2c1da60f5: start FollowerState
2019-10-17 18:51:00,763 [grpc-default-executor-4] INFO  impl.RoleInfo (RoleInfo.java:shutdownFollowerState(121)) - b8f04e38-0663-4b1f-8efd-f76585c6e86c: shutdown FollowerState
2019-10-17 18:51:00,763 [grpc-default-executor-4] INFO  impl.RoleInfo (RoleInfo.java:updateAndGet(143)) - b8f04e38-0663-4b1f-8efd-f76585c6e86c: start FollowerState
2019-10-17 18:51:00,763 [Thread-1998] INFO  impl.FollowerState (FollowerState.java:run(117)) - b8f04e38-0663-4b1f-8efd-f76585c6e86c@group-5F52F902B742-FollowerState was interrupted: java.lang.InterruptedException: sleep interrupted
2019-10-17 18:51:00,775 [a5e79c22-a35f-4e50-b1fd-e91b6a93d74d@group-F775CA5912AC-LeaderElection239] INFO  impl.LeaderElection (LeaderElection.java:askForVotes(178)) - a5e79c22-a35f-4e50-b1fd-e91b6a93d74d@group-F775CA5912AC-LeaderElection239: begin an election at term 130 for -1: [a5e79c22-a35f-4e50-b1fd-e91b6a93d74d:192.168.157.251:45177, daae7813-f814-475d-9647-a302a5541e36:192.168.157.251:45025, 1e4e1375-1b66-460f-8c99-4c341545a119:192.168.157.251:42113], old=null
2019-10-17 18:51:00,776 [abcd8826-c056-4817-bd0f-7af19a46d814@group-5F52F902B742-LeaderElection238] INFO  impl.LeaderElection (LeaderElection.java:logAndReturn(56)) - abcd8826-c056-4817-bd0f-7af19a46d814@group-5F52F902B742-LeaderElection238: Election REJECTED; received 2 response(s) [abcd8826-c056-4817-bd0f-7af19a46d814<-b8f04e38-0663-4b1f-8efd-f76585c6e86c#0:FAIL-t127, abcd8826-c056-4817-bd0f-7af19a46d814<-73297ffa-40cb-4e3e-b33e-1bc2c1da60f5#0:FAIL-t127] and 0 exception(s); abcd8826-c056-4817-bd0f-7af19a46d814@group-5F52F902B742:t127, leader=null, voted=abcd8826-c056-4817-bd0f-7af19a46d814, raftlog=abcd8826-c056-4817-bd0f-7af19a46d814@group-5F52F902B742-SegmentedRaftLog:OPENED:c-1,f-1,i0, conf=-1: [b8f04e38-0663-4b1f-8efd-f76585c6e86c:192.168.157.251:35700, abcd8826-c056-4817-bd0f-7af19a46d814:192.168.157.251:46496, 73297ffa-40cb-4e3e-b33e-1bc2c1da60f5:192.168.157.251:32952], old=null
2019-10-17 18:51:00,776 [abcd8826-c056-4817-bd0f-7af19a46d814@group-5F52F902B742-LeaderElection238] INFO  impl.RaftServerImpl (RaftServerImpl.java:setRole(184)) - abcd8826-c056-4817-bd0f-7af19a46d814@group-5F52F902B742: changes role from CANDIDATE to FOLLOWER at term 127 for DISCOVERED_A_NEW_TERM
2019-10-17 18:51:00,776 [abcd8826-c056-4817-bd0f-7af19a46d814@group-5F52F902B742-LeaderElection238] INFO  impl.RoleInfo (RoleInfo.java:shutdownLeaderElection(134)) - abcd8826-c056-4817-bd0f-7af19a46d814: shutdown LeaderElection
2019-10-17 18:51:00,776 [abcd8826-c056-4817-bd0f-7af19a46d814@group-5F52F902B742-LeaderElection238] INFO  impl.RoleInfo (RoleInfo.java:updateAndGet(143)) - abcd8826-c056-4817-bd0f-7af19a46d814: start FollowerState
2019-10-17 18:51:00,777 [grpc-default-executor-5] INFO  impl.RaftServerImpl (RaftServerImpl.java:setRole(184)) - 1e4e1375-1b66-460f-8c99-4c341545a119@group-F775CA5912AC: changes role from  FOLLOWER to FOLLOWER at term 130 for recognizeCandidate:a5e79c22-a35f-4e50-b1fd-e91b6a93d74d
2019-10-17 18:51:00,777 [grpc-default-executor-4] INFO  impl.RaftServerImpl (RaftServerImpl.java:setRole(184)) - daae7813-f814-475d-9647-a302a5541e36@group-F775CA5912AC: changes role from  FOLLOWER to FOLLOWER at term 130 for recognizeCandidate:a5e79c22-a35f-4e50-b1fd-e91b6a93d74d
2019-10-17 18:51:00,777 [grpc-default-executor-5] INFO  impl.RoleInfo (RoleInfo.java:shutdownFollowerState(121)) - 1e4e1375-1b66-460f-8c99-4c341545a119: shutdown FollowerState
2019-10-17 18:51:00,777 [grpc-default-executor-4] INFO  impl.RoleInfo (RoleInfo.java:shutdownFollowerState(121)) - daae7813-f814-475d-9647-a302a5541e36: shutdown FollowerState
2019-10-17 18:51:00,777 [grpc-default-executor-5] INFO  impl.RoleInfo (RoleInfo.java:updateAndGet(143)) - 1e4e1375-1b66-460f-8c99-4c341545a119: start FollowerState
2019-10-17 18:51:00,777 [Thread-1991] INFO  impl.FollowerState (FollowerState.java:run(117)) - daae7813-f814-475d-9647-a302a5541e36@group-F775CA5912AC-FollowerState was interrupted: java.lang.InterruptedException: sleep interrupted
2019-10-17 18:51:00,777 [grpc-default-executor-4] INFO  impl.RoleInfo (RoleInfo.java:updateAndGet(143)) - daae7813-f814-475d-9647-a302a5541e36: start FollowerState
2019-10-17 18:51:00,777 [Thread-1988] INFO  impl.FollowerState (FollowerState.java:run(117)) - 1e4e1375-1b66-460f-8c99-4c341545a119@group-F775CA5912AC-FollowerState was interrupted: java.lang.InterruptedException: sleep interrupted
2019-10-17 18:51:00,792 [a5e79c22-a35f-4e50-b1fd-e91b6a93d74d@group-F775CA5912AC-LeaderElection239] INFO  impl.LeaderElection (LeaderElection.java:logAndReturn(56)) - a5e79c22-a35f-4e50-b1fd-e91b6a93d74d@group-F775CA5912AC-LeaderElection239: Election REJECTED; received 2 response(s) [a5e79c22-a35f-4e50-b1fd-e91b6a93d74d<-daae7813-f814-475d-9647-a302a5541e36#0:FAIL-t130, a5e79c22-a35f-4e50-b1fd-e91b6a93d74d<-1e4e1375-1b66-460f-8c99-4c341545a119#0:FAIL-t130] and 0 exception(s); a5e79c22-a35f-4e50-b1fd-e91b6a93d74d@group-F775CA5912AC:t130, leader=null, voted=a5e79c22-a35f-4e50-b1fd-e91b6a93d74d, raftlog=a5e79c22-a35f-4e50-b1fd-e91b6a93d74d@group-F775CA5912AC-SegmentedRaftLog:OPENED:c-1,f-1,i0, conf=-1: [a5e79c22-a35f-4e50-b1fd-e91b6a93d74d:192.168.157.251:45177, daae7813-f814-475d-9647-a302a5541e36:192.168.157.251:45025, 1e4e1375-1b66-460f-8c99-4c341545a119:192.168.157.251:42113], old=null
2019-10-17 18:51:00,792 [a5e79c22-a35f-4e50-b1fd-e91b6a93d74d@group-F775CA5912AC-LeaderElection239] INFO  impl.RaftServerImpl (RaftServerImpl.java:setRole(184)) - a5e79c22-a35f-4e50-b1fd-e91b6a93d74d@group-F775CA5912AC: changes role from CANDIDATE to FOLLOWER at term 130 for DISCOVERED_A_NEW_TERM
2019-10-17 18:51:00,792 [a5e79c22-a35f-4e50-b1fd-e91b6a93d74d@group-F775CA5912AC-LeaderElection239] INFO  impl.RoleInfo (RoleInfo.java:shutdownLeaderElection(134)) - a5e79c22-a35f-4e50-b1fd-e91b6a93d74d: shutdown LeaderElection
2019-10-17 18:51:00,792 [a5e79c22-a35f-4e50-b1fd-e91b6a93d74d@group-F775CA5912AC-LeaderElection239] INFO  impl.RoleInfo (RoleInfo.java:updateAndGet(143)) - a5e79c22-a35f-4e50-b1fd-e91b6a93d74d: start FollowerState
2019-10-17 18:51:00,913 [Thread-2011] INFO  impl.FollowerState (FollowerState.java:run(108)) - a5e79c22-a35f-4e50-b1fd-e91b6a93d74d@group-F775CA5912AC-FollowerState: change to CANDIDATE, lastRpcTime:120ms, electionTimeout:120ms
2019-10-17 18:51:00,913 [Thread-2011] INFO  impl.RoleInfo (RoleInfo.java:shutdownFollowerState(121)) - a5e79c22-a35f-4e50-b1fd-e91b6a93d74d: shutdown FollowerState
2019-10-17 18:51:00,913 [Thread-2011] INFO  impl.RaftServerImpl (RaftServerImpl.java:setRole(184)) - a5e79c22-a35f-4e50-b1fd-e91b6a93d74d@group-F775CA5912AC: changes role from  FOLLOWER to CANDIDATE at term 130 for changeToCandidate
2019-10-17 18:51:00,913 [Thread-2011] INFO  impl.RoleInfo (RoleInfo.java:updateAndGet(143)) - a5e79c22-a35f-4e50-b1fd-e91b6a93d74d: start LeaderElection
2019-10-17 18:51:00,930 [a5e79c22-a35f-4e50-b1fd-e91b6a93d74d@group-F775CA5912AC-LeaderElection240] INFO  impl.LeaderElection (LeaderElection.java:askForVotes(178)) - a5e79c22-a35f-4e50-b1fd-e91b6a93d74d@group-F775CA5912AC-LeaderElection240: begin an election at term 131 for -1: [a5e79c22-a35f-4e50-b1fd-e91b6a93d74d:192.168.157.251:45177, daae7813-f814-475d-9647-a302a5541e36:192.168.157.251:45025, 1e4e1375-1b66-460f-8c99-4c341545a119:192.168.157.251:42113], old=null
2019-10-17 18:51:00,931 [grpc-default-executor-5] INFO  impl.RaftServerImpl (RaftServerImpl.java:setRole(184)) - 1e4e1375-1b66-460f-8c99-4c341545a119@group-F775CA5912AC: changes role from  FOLLOWER to FOLLOWER at term 131 for recognizeCandidate:a5e79c22-a35f-4e50-b1fd-e91b6a93d74d
2019-10-17 18:51:00,932 [grpc-default-executor-4] INFO  impl.RaftServerImpl (RaftServerImpl.java:setRole(184)) - daae7813-f814-475d-9647-a302a5541e36@group-F775CA5912AC: changes role from  FOLLOWER to FOLLOWER at term 131 for recognizeCandidate:a5e79c22-a35f-4e50-b1fd-e91b6a93d74d
2019-10-17 18:51:00,932 [grpc-default-executor-5] INFO  impl.RoleInfo (RoleInfo.java:shutdownFollowerState(121)) - 1e4e1375-1b66-460f-8c99-4c341545a119: shutdown FollowerState
2019-10-17 18:51:00,932 [grpc-default-executor-4] INFO  impl.RoleInfo (RoleInfo.java:shutdownFollowerState(121)) - daae7813-f814-475d-9647-a302a5541e36: shutdown FollowerState
2019-10-17 18:51:00,932 [grpc-default-executor-5] INFO  impl.RoleInfo (RoleInfo.java:updateAndGet(143)) - 1e4e1375-1b66-460f-8c99-4c341545a119: start FollowerState
2019-10-17 18:51:00,932 [Thread-2010] INFO  impl.FollowerState (FollowerState.java:run(117)) - daae7813-f814-475d-9647-a302a5541e36@group-F775CA5912AC-FollowerState was interrupted: java.lang.InterruptedException: sleep interrupted
2019-10-17 18:51:00,932 [grpc-default-executor-4] INFO  impl.RoleInfo (RoleInfo.java:updateAndGet(143)) - daae7813-f814-475d-9647-a302a5541e36: start FollowerState
2019-10-17 18:51:00,932 [Thread-2009] INFO  impl.FollowerState (FollowerState.java:run(117)) - 1e4e1375-1b66-460f-8c99-4c341545a119@group-F775CA5912AC-FollowerState was interrupted: java.lang.InterruptedException: sleep interrupted
2019-10-17 18:51:00,947 [Thread-2008] INFO  impl.FollowerState (FollowerState.java:run(108)) - abcd8826-c056-4817-bd0f-7af19a46d814@group-5F52F902B742-FollowerState: change to CANDIDATE, lastRpcTime:170ms, electionTimeout:170ms
2019-10-17 18:51:00,947 [Thread-2008] INFO  impl.RoleInfo (RoleInfo.java:shutdownFollowerState(121)) - abcd8826-c056-4817-bd0f-7af19a46d814: shutdown FollowerState
2019-10-17 18:51:00,947 [Thread-2008] INFO  impl.RaftServerImpl (RaftServerImpl.java:setRole(184)) - abcd8826-c056-4817-bd0f-7af19a46d814@group-5F52F902B742: changes role from  FOLLOWER to CANDIDATE at term 127 for changeToCandidate
2019-10-17 18:51:00,947 [Thread-2008] INFO  impl.RoleInfo (RoleInfo.java:updateAndGet(143)) - abcd8826-c056-4817-bd0f-7af19a46d814: start LeaderElection
2019-10-17 18:51:00,958 [a5e79c22-a35f-4e50-b1fd-e91b6a93d74d@group-F775CA5912AC-LeaderElection240] INFO  impl.LeaderElection (LeaderElection.java:logAndReturn(56)) - a5e79c22-a35f-4e50-b1fd-e91b6a93d74d@group-F775CA5912AC-LeaderElection240: Election REJECTED; received 2 response(s) [a5e79c22-a35f-4e50-b1fd-e91b6a93d74d<-daae7813-f814-475d-9647-a302a5541e36#0:FAIL-t131, a5e79c22-a35f-4e50-b1fd-e91b6a93d74d<-1e4e1375-1b66-460f-8c99-4c341545a119#0:FAIL-t131] and 0 exception(s); a5e79c22-a35f-4e50-b1fd-e91b6a93d74d@group-F775CA5912AC:t131, leader=null, voted=a5e79c22-a35f-4e50-b1fd-e91b6a93d74d, raftlog=a5e79c22-a35f-4e50-b1fd-e91b6a93d74d@group-F775CA5912AC-SegmentedRaftLog:OPENED:c-1,f-1,i0, conf=-1: [a5e79c22-a35f-4e50-b1fd-e91b6a93d74d:192.168.157.251:45177, daae7813-f814-475d-9647-a302a5541e36:192.168.157.251:45025, 1e4e1375-1b66-460f-8c99-4c341545a119:192.168.157.251:42113], old=null
2019-10-17 18:51:00,958 [a5e79c22-a35f-4e50-b1fd-e91b6a93d74d@group-F775CA5912AC-LeaderElection240] INFO  impl.RaftServerImpl (RaftServerImpl.java:setRole(184)) - a5e79c22-a35f-4e50-b1fd-e91b6a93d74d@group-F775CA5912AC: changes role from CANDIDATE to FOLLOWER at term 131 for DISCOVERED_A_NEW_TERM
2019-10-17 18:51:00,958 [a5e79c22-a35f-4e50-b1fd-e91b6a93d74d@group-F775CA5912AC-LeaderElection240] INFO  impl.RoleInfo (RoleInfo.java:shutdownLeaderElection(134)) - a5e79c22-a35f-4e50-b1fd-e91b6a93d74d: shutdown LeaderElection
2019-10-17 18:51:00,959 [a5e79c22-a35f-4e50-b1fd-e91b6a93d74d@group-F775CA5912AC-LeaderElection240] INFO  impl.RoleInfo (RoleInfo.java:updateAndGet(143)) - a5e79c22-a35f-4e50-b1fd-e91b6a93d74d: start FollowerState
2019-10-17 18:51:00,960 [abcd8826-c056-4817-bd0f-7af19a46d814@group-5F52F902B742-LeaderElection241] INFO  impl.LeaderElection (LeaderElection.java:askForVotes(178)) - abcd8826-c056-4817-bd0f-7af19a46d814@group-5F52F902B742-LeaderElection241: begin an election at term 128 for -1: [b8f04e38-0663-4b1f-8efd-f76585c6e86c:192.168.157.251:35700, abcd8826-c056-4817-bd0f-7af19a46d814:192.168.157.251:46496, 73297ffa-40cb-4e3e-b33e-1bc2c1da60f5:192.168.157.251:32952], old=null
2019-10-17 18:51:00,962 [grpc-default-executor-4] INFO  impl.RaftServerImpl (RaftServerImpl.java:setRole(184)) - 73297ffa-40cb-4e3e-b33e-1bc2c1da60f5@group-5F52F902B742: changes role from  FOLLOWER to FOLLOWER at term 128 for recognizeCandidate:abcd8826-c056-4817-bd0f-7af19a46d814
2019-10-17 18:51:00,962 [grpc-default-executor-5] INFO  impl.RaftServerImpl (RaftServerImpl.java:setRole(184)) - b8f04e38-0663-4b1f-8efd-f76585c6e86c@group-5F52F902B742: changes role from  FOLLOWER to FOLLOWER at term 128 for recognizeCandidate:abcd8826-c056-4817-bd0f-7af19a46d814
2019-10-17 18:51:00,962 [grpc-default-executor-5] INFO  impl.RoleInfo (RoleInfo.java:shutdownFollowerState(121)) - b8f04e38-0663-4b1f-8efd-f76585c6e86c: shutdown FollowerState
2019-10-17 18:51:00,962 [grpc-default-executor-4] INFO  impl.RoleInfo (RoleInfo.java:shutdownFollowerState(121)) - 73297ffa-40cb-4e3e-b33e-1bc2c1da60f5: shutdown FollowerState
2019-10-17 18:51:00,962 [Thread-2005] INFO  impl.FollowerState (FollowerState.java:run(117)) - b8f04e38-0663-4b1f-8efd-f76585c6e86c@group-5F52F902B742-FollowerState was interrupted: java.lang.InterruptedException: sleep interrupted
2019-10-17 18:51:00,962 [Thread-2004] INFO  impl.FollowerState (FollowerState.java:run(117)) - 73297ffa-40cb-4e3e-b33e-1bc2c1da60f5@group-5F52F902B742-FollowerState was interrupted: java.lang.InterruptedException: sleep interrupted
2019-10-17 18:51:00,962 [grpc-default-executor-5] INFO  impl.RoleInfo (RoleInfo.java:updateAndGet(143)) - b8f04e38-0663-4b1f-8efd-f76585c6e86c: start FollowerState
2019-10-17 18:51:00,962 [grpc-default-executor-4] INFO  impl.RoleInfo (RoleInfo.java:updateAndGet(143)) - 73297ffa-40cb-4e3e-b33e-1bc2c1da60f5: start FollowerState
2019-10-17 18:51:00,984 [abcd8826-c056-4817-bd0f-7af19a46d814@group-5F52F902B742-LeaderElection241] INFO  impl.LeaderElection (LeaderElection.java:logAndReturn(56)) - abcd8826-c056-4817-bd0f-7af19a46d814@group-5F52F902B742-LeaderElection241: Election REJECTED; received 2 response(s) [abcd8826-c056-4817-bd0f-7af19a46d814<-b8f04e38-0663-4b1f-8efd-f76585c6e86c#0:FAIL-t128, abcd8826-c056-4817-bd0f-7af19a46d814<-73297ffa-40cb-4e3e-b33e-1bc2c1da60f5#0:FAIL-t128] and 0 exception(s); abcd8826-c056-4817-bd0f-7af19a46d814@group-5F52F902B742:t128, leader=null, voted=abcd8826-c056-4817-bd0f-7af19a46d814, raftlog=abcd8826-c056-4817-bd0f-7af19a46d814@group-5F52F902B742-SegmentedRaftLog:OPENED:c-1,f-1,i0, conf=-1: [b8f04e38-0663-4b1f-8efd-f76585c6e86c:192.168.157.251:35700, abcd8826-c056-4817-bd0f-7af19a46d814:192.168.157.251:46496, 73297ffa-40cb-4e3e-b33e-1bc2c1da60f5:192.168.157.251:32952], old=null
2019-10-17 18:51:00,984 [abcd8826-c056-4817-bd0f-7af19a46d814@group-5F52F902B742-LeaderElection241] INFO  impl.RaftServerImpl (RaftServerImpl.java:setRole(184)) - abcd8826-c056-4817-bd0f-7af19a46d814@group-5F52F902B742: changes role from CANDIDATE to FOLLOWER at term 128 for DISCOVERED_A_NEW_TERM
2019-10-17 18:51:00,984 [abcd8826-c056-4817-bd0f-7af19a46d814@group-5F52F902B742-LeaderElection241] INFO  impl.RoleInfo (RoleInfo.java:shutdownLeaderElection(134)) - abcd8826-c056-4817-bd0f-7af19a46d814: shutdown LeaderElection
2019-10-17 18:51:00,984 [abcd8826-c056-4817-bd0f-7af19a46d814@group-5F52F902B742-LeaderElection241] INFO  impl.RoleInfo (RoleInfo.java:updateAndGet(143)) - abcd8826-c056-4817-bd0f-7af19a46d814: start FollowerState
2019-10-17 18:51:01,030 [Thread-2025] INFO  impl.FollowerState (FollowerState.java:run(108)) - abcd8826-c056-4817-bd0f-7af19a46d814@group-5F52F902B742-FollowerState: change to CANDIDATE, lastRpcTime:45ms, electionTimeout:45ms
2019-10-17 18:51:01,030 [Thread-2025] INFO  impl.RoleInfo (RoleInfo.java:shutdownFollowerState(121)) - abcd8826-c056-4817-bd0f-7af19a46d814: shutdown FollowerState
2019-10-17 18:51:01,030 [Thread-2025] INFO  impl.RaftServerImpl (RaftServerImpl.java:setRole(184)) - abcd8826-c056-4817-bd0f-7af19a46d814@group-5F52F902B742: changes role from  FOLLOWER to CANDIDATE at term 128 for changeToCandidate
2019-10-17 18:51:01,030 [Thread-2025] INFO  impl.RoleInfo (RoleInfo.java:updateAndGet(143)) - abcd8826-c056-4817-bd0f-7af19a46d814: start LeaderElection
2019-10-17 18:51:01,056 [abcd8826-c056-4817-bd0f-7af19a46d814@group-5F52F902B742-LeaderElection242] INFO  impl.LeaderElection (LeaderElection.java:askForVotes(178)) - abcd8826-c056-4817-bd0f-7af19a46d814@group-5F52F902B742-LeaderElection242: begin an election at term 129 for -1: [b8f04e38-0663-4b1f-8efd-f76585c6e86c:192.168.157.251:35700, abcd8826-c056-4817-bd0f-7af19a46d814:192.168.157.251:46496, 73297ffa-40cb-4e3e-b33e-1bc2c1da60f5:192.168.157.251:32952], old=null
2019-10-17 18:51:01,061 [grpc-default-executor-5] INFO  impl.RaftServerImpl (RaftServerImpl.java:setRole(184)) - 73297ffa-40cb-4e3e-b33e-1bc2c1da60f5@group-5F52F902B742: changes role from  FOLLOWER to FOLLOWER at term 129 for recognizeCandidate:abcd8826-c056-4817-bd0f-7af19a46d814
2019-10-17 18:51:01,061 [grpc-default-executor-4] INFO  impl.RaftServerImpl (RaftServerImpl.java:setRole(184)) - b8f04e38-0663-4b1f-8efd-f76585c6e86c@group-5F52F902B742: changes role from  FOLLOWER to FOLLOWER at term 129 for recognizeCandidate:abcd8826-c056-4817-bd0f-7af19a46d814
2019-10-17 18:51:01,061 [grpc-default-executor-5] INFO  impl.RoleInfo (RoleInfo.java:shutdownFollowerState(121)) - 73297ffa-40cb-4e3e-b33e-1bc2c1da60f5: shutdown FollowerState
2019-10-17 18:51:01,061 [grpc-default-executor-4] INFO  impl.RoleInfo (RoleInfo.java:shutdownFollowerState(121)) - b8f04e38-0663-4b1f-8efd-f76585c6e86c: shutdown FollowerState
2019-10-17 18:51:01,061 [Thread-2024] INFO  impl.FollowerState (FollowerState.java:run(117)) - 73297ffa-40cb-4e3e-b33e-1bc2c1da60f5@group-5F52F902B742-FollowerState was interrupted: java.lang.InterruptedException: sleep interrupted
2019-10-17 18:51:01,061 [grpc-default-executor-5] INFO  impl.RoleInfo (RoleInfo.java:updateAndGet(143)) - 73297ffa-40cb-4e3e-b33e-1bc2c1da60f5: start FollowerState
2019-10-17 18:51:01,061 [Thread-2023] INFO  impl.FollowerState (FollowerState.java:run(117)) - b8f04e38-0663-4b1f-8efd-f76585c6e86c@group-5F52F902B742-FollowerState was interrupted: java.lang.InterruptedException: sleep interrupted
2019-10-17 18:51:01,061 [grpc-default-executor-4] INFO  impl.RoleInfo (RoleInfo.java:updateAndGet(143)) - b8f04e38-0663-4b1f-8efd-f76585c6e86c: start FollowerState
2019-10-17 18:51:01,076 [abcd8826-c056-4817-bd0f-7af19a46d814@group-5F52F902B742-LeaderElection242] INFO  impl.LeaderElection (LeaderElection.java:logAndReturn(56)) - abcd8826-c056-4817-bd0f-7af19a46d814@group-5F52F902B742-LeaderElection242: Election REJECTED; received 2 response(s) [abcd8826-c056-4817-bd0f-7af19a46d814<-b8f04e38-0663-4b1f-8efd-f76585c6e86c#0:FAIL-t129, abcd8826-c056-4817-bd0f-7af19a46d814<-73297ffa-40cb-4e3e-b33e-1bc2c1da60f5#0:FAIL-t129] and 0 exception(s); abcd8826-c056-4817-bd0f-7af19a46d814@group-5F52F902B742:t129, leader=null, voted=abcd8826-c056-4817-bd0f-7af19a46d814, raftlog=abcd8826-c056-4817-bd0f-7af19a46d814@group-5F52F902B742-SegmentedRaftLog:OPENED:c-1,f-1,i0, conf=-1: [b8f04e38-0663-4b1f-8efd-f76585c6e86c:192.168.157.251:35700, abcd8826-c056-4817-bd0f-7af19a46d814:192.168.157.251:46496, 73297ffa-40cb-4e3e-b33e-1bc2c1da60f5:192.168.157.251:32952], old=null
2019-10-17 18:51:01,076 [abcd8826-c056-4817-bd0f-7af19a46d814@group-5F52F902B742-LeaderElection242] INFO  impl.RaftServerImpl (RaftServerImpl.java:setRole(184)) - abcd8826-c056-4817-bd0f-7af19a46d814@group-5F52F902B742: changes role from CANDIDATE to FOLLOWER at term 129 for DISCOVERED_A_NEW_TERM
2019-10-17 18:51:01,076 [abcd8826-c056-4817-bd0f-7af19a46d814@group-5F52F902B742-LeaderElection242] INFO  impl.RoleInfo (RoleInfo.java:shutdownLeaderElection(134)) - abcd8826-c056-4817-bd0f-7af19a46d814: shutdown LeaderElection
2019-10-17 18:51:01,076 [abcd8826-c056-4817-bd0f-7af19a46d814@group-5F52F902B742-LeaderElection242] INFO  impl.RoleInfo (RoleInfo.java:updateAndGet(143)) - abcd8826-c056-4817-bd0f-7af19a46d814: start FollowerState
2019-10-17 18:51:01,088 [Thread-2020] INFO  impl.FollowerState (FollowerState.java:run(108)) - a5e79c22-a35f-4e50-b1fd-e91b6a93d74d@group-F775CA5912AC-FollowerState: change to CANDIDATE, lastRpcTime:129ms, electionTimeout:129ms
2019-10-17 18:51:01,088 [Thread-2020] INFO  impl.RoleInfo (RoleInfo.java:shutdownFollowerState(121)) - a5e79c22-a35f-4e50-b1fd-e91b6a93d74d: shutdown FollowerState
2019-10-17 18:51:01,088 [Thread-2020] INFO  impl.RaftServerImpl (RaftServerImpl.java:setRole(184)) - a5e79c22-a35f-4e50-b1fd-e91b6a93d74d@group-F775CA5912AC: changes role from  FOLLOWER to CANDIDATE at term 131 for changeToCandidate
2019-10-17 18:51:01,088 [Thread-2020] INFO  impl.RoleInfo (RoleInfo.java:updateAndGet(143)) - a5e79c22-a35f-4e50-b1fd-e91b6a93d74d: start LeaderElection
2019-10-17 18:51:01,102 [a5e79c22-a35f-4e50-b1fd-e91b6a93d74d@group-F775CA5912AC-LeaderElection243] INFO  impl.LeaderElection (LeaderElection.java:askForVotes(178)) - a5e79c22-a35f-4e50-b1fd-e91b6a93d74d@group-F775CA5912AC-LeaderElection243: begin an election at term 132 for -1: [a5e79c22-a35f-4e50-b1fd-e91b6a93d74d:192.168.157.251:45177, daae7813-f814-475d-9647-a302a5541e36:192.168.157.251:45025, 1e4e1375-1b66-460f-8c99-4c341545a119:192.168.157.251:42113], old=null
2019-10-17 18:51:01,103 [grpc-default-executor-4] INFO  impl.RaftServerImpl (RaftServerImpl.java:setRole(184)) - daae7813-f814-475d-9647-a302a5541e36@group-F775CA5912AC: changes role from  FOLLOWER to FOLLOWER at term 132 for recognizeCandidate:a5e79c22-a35f-4e50-b1fd-e91b6a93d74d
2019-10-17 18:51:01,104 [grpc-default-executor-5] INFO  impl.RaftServerImpl (RaftServerImpl.java:setRole(184)) - 1e4e1375-1b66-460f-8c99-4c341545a119@group-F775CA5912AC: changes role from  FOLLOWER to FOLLOWER at term 132 for recognizeCandidate:a5e79c22-a35f-4e50-b1fd-e91b6a93d74d
2019-10-17 18:51:01,104 [grpc-default-executor-4] INFO  impl.RoleInfo (RoleInfo.java:shutdownFollowerState(121)) - daae7813-f814-475d-9647-a302a5541e36: shutdown FollowerState
2019-10-17 18:51:01,104 [grpc-default-executor-5] INFO  impl.RoleInfo (RoleInfo.java:shutdownFollowerState(121)) - 1e4e1375-1b66-460f-8c99-4c341545a119: shutdown FollowerState
2019-10-17 18:51:01,104 [Thread-2018] INFO  impl.FollowerState (FollowerState.java:run(117)) - daae7813-f814-475d-9647-a302a5541e36@group-F775CA5912AC-FollowerState was interrupted: java.lang.InterruptedException: sleep interrupted
2019-10-17 18:51:01,104 [Thread-2017] INFO  impl.FollowerState (FollowerState.java:run(117)) - 1e4e1375-1b66-460f-8c99-4c341545a119@group-F775CA5912AC-FollowerState was interrupted: java.lang.InterruptedException: sleep interrupted
2019-10-17 18:51:01,104 [grpc-default-executor-4] INFO  impl.RoleInfo (RoleInfo.java:updateAndGet(143)) - daae7813-f814-475d-9647-a302a5541e36: start FollowerState
2019-10-17 18:51:01,104 [grpc-default-executor-5] INFO  impl.RoleInfo (RoleInfo.java:updateAndGet(143)) - 1e4e1375-1b66-460f-8c99-4c341545a119: start FollowerState
2019-10-17 18:51:01,118 [a5e79c22-a35f-4e50-b1fd-e91b6a93d74d@group-F775CA5912AC-LeaderElection243] INFO  impl.LeaderElection (LeaderElection.java:logAndReturn(56)) - a5e79c22-a35f-4e50-b1fd-e91b6a93d74d@group-F775CA5912AC-LeaderElection243: Election REJECTED; received 2 response(s) [a5e79c22-a35f-4e50-b1fd-e91b6a93d74d<-daae7813-f814-475d-9647-a302a5541e36#0:FAIL-t132, a5e79c22-a35f-4e50-b1fd-e91b6a93d74d<-1e4e1375-1b66-460f-8c99-4c341545a119#0:FAIL-t132] and 0 exception(s); a5e79c22-a35f-4e50-b1fd-e91b6a93d74d@group-F775CA5912AC:t132, leader=null, voted=a5e79c22-a35f-4e50-b1fd-e91b6a93d74d, raftlog=a5e79c22-a35f-4e50-b1fd-e91b6a93d74d@group-F775CA5912AC-SegmentedRaftLog:OPENED:c-1,f-1,i0, conf=-1: [a5e79c22-a35f-4e50-b1fd-e91b6a93d74d:192.168.157.251:45177, daae7813-f814-475d-9647-a302a5541e36:192.168.157.251:45025, 1e4e1375-1b66-460f-8c99-4c341545a119:192.168.157.251:42113], old=null
2019-10-17 18:51:01,118 [a5e79c22-a35f-4e50-b1fd-e91b6a93d74d@group-F775CA5912AC-LeaderElection243] INFO  impl.RaftServerImpl (RaftServerImpl.java:setRole(184)) - a5e79c22-a35f-4e50-b1fd-e91b6a93d74d@group-F775CA5912AC: changes role from CANDIDATE to FOLLOWER at term 132 for DISCOVERED_A_NEW_TERM
2019-10-17 18:51:01,118 [a5e79c22-a35f-4e50-b1fd-e91b6a93d74d@group-F775CA5912AC-LeaderElection243] INFO  impl.RoleInfo (RoleInfo.java:shutdownLeaderElection(134)) - a5e79c22-a35f-4e50-b1fd-e91b6a93d74d: shutdown LeaderElection
2019-10-17 18:51:01,118 [a5e79c22-a35f-4e50-b1fd-e91b6a93d74d@group-F775CA5912AC-LeaderElection243] INFO  impl.RoleInfo (RoleInfo.java:updateAndGet(143)) - a5e79c22-a35f-4e50-b1fd-e91b6a93d74d: start FollowerState
2019-10-17 18:51:01,166 [Thread-2031] INFO  impl.FollowerState (FollowerState.java:run(108)) - abcd8826-c056-4817-bd0f-7af19a46d814@group-5F52F902B742-FollowerState: change to CANDIDATE, lastRpcTime:90ms, electionTimeout:90ms
2019-10-17 18:51:01,166 [Thread-2031] INFO  impl.RoleInfo (RoleInfo.java:shutdownFollowerState(121)) - abcd8826-c056-4817-bd0f-7af19a46d814: shutdown FollowerState
2019-10-17 18:51:01,167 [Thread-2031] INFO  impl.RaftServerImpl (RaftServerImpl.java:setRole(184)) - abcd8826-c056-4817-bd0f-7af19a46d814@group-5F52F902B742: changes role from  FOLLOWER to CANDIDATE at term 129 for changeToCandidate
2019-10-17 18:51:01,167 [Thread-2031] INFO  impl.RoleInfo (RoleInfo.java:updateAndGet(143)) - abcd8826-c056-4817-bd0f-7af19a46d814: start LeaderElection
2019-10-17 18:51:01,178 [abcd8826-c056-4817-bd0f-7af19a46d814@group-5F52F902B742-LeaderElection244] INFO  impl.LeaderElection (LeaderElection.java:askForVotes(178)) - abcd8826-c056-4817-bd0f-7af19a46d814@group-5F52F902B742-LeaderElection244: begin an election at term 130 for -1: [b8f04e38-0663-4b1f-8efd-f76585c6e86c:192.168.157.251:35700, abcd8826-c056-4817-bd0f-7af19a46d814:192.168.157.251:46496, 73297ffa-40cb-4e3e-b33e-1bc2c1da60f5:192.168.157.251:32952], old=null
2019-10-17 18:51:01,179 [grpc-default-executor-5] INFO  impl.RaftServerImpl (RaftServerImpl.java:setRole(184)) - 73297ffa-40cb-4e3e-b33e-1bc2c1da60f5@group-5F52F902B742: changes role from  FOLLOWER to FOLLOWER at term 130 for recognizeCandidate:abcd8826-c056-4817-bd0f-7af19a46d814
2019-10-17 18:51:01,179 [grpc-default-executor-4] INFO  impl.RaftServerImpl (RaftServerImpl.java:setRole(184)) - b8f04e38-0663-4b1f-8efd-f76585c6e86c@group-5F52F902B742: changes role from  FOLLOWER to FOLLOWER at term 130 for recognizeCandidate:abcd8826-c056-4817-bd0f-7af19a46d814
2019-10-17 18:51:01,179 [grpc-default-executor-5] INFO  impl.RoleInfo (RoleInfo.java:shutdownFollowerState(121)) - 73297ffa-40cb-4e3e-b33e-1bc2c1da60f5: shutdown FollowerState
2019-10-17 18:51:01,180 [grpc-default-executor-4] INFO  impl.RoleInfo (RoleInfo.java:shutdownFollowerState(121)) - b8f04e38-0663-4b1f-8efd-f76585c6e86c: shutdown FollowerState
2019-10-17 18:51:01,180 [Thread-2029] INFO  impl.FollowerState (FollowerState.java:run(117)) - 73297ffa-40cb-4e3e-b33e-1bc2c1da60f5@group-5F52F902B742-FollowerState was interrupted: java.lang.InterruptedException: sleep interrupted
2019-10-17 18:51:01,180 [grpc-default-executor-5] INFO  impl.RoleInfo (RoleInfo.java:updateAndGet(143)) - 73297ffa-40cb-4e3e-b33e-1bc2c1da60f5: start FollowerState
2019-10-17 18:51:01,180 [grpc-default-executor-4] INFO  impl.RoleInfo (RoleInfo.java:updateAndGet(143)) - b8f04e38-0663-4b1f-8efd-f76585c6e86c: start FollowerState
2019-10-17 18:51:01,180 [Thread-2030] INFO  impl.FollowerState (FollowerState.java:run(117)) - b8f04e38-0663-4b1f-8efd-f76585c6e86c@group-5F52F902B742-FollowerState was interrupted: java.lang.InterruptedException: sleep interrupted
2019-10-17 18:51:01,194 [abcd8826-c056-4817-bd0f-7af19a46d814@group-5F52F902B742-LeaderElection244] INFO  impl.LeaderElection (LeaderElection.java:logAndReturn(56)) - abcd8826-c056-4817-bd0f-7af19a46d814@group-5F52F902B742-LeaderElection244: Election REJECTED; received 2 response(s) [abcd8826-c056-4817-bd0f-7af19a46d814<-b8f04e38-0663-4b1f-8efd-f76585c6e86c#0:FAIL-t130, abcd8826-c056-4817-bd0f-7af19a46d814<-73297ffa-40cb-4e3e-b33e-1bc2c1da60f5#0:FAIL-t130] and 0 exception(s); abcd8826-c056-4817-bd0f-7af19a46d814@group-5F52F902B742:t130, leader=null, voted=abcd8826-c056-4817-bd0f-7af19a46d814, raftlog=abcd8826-c056-4817-bd0f-7af19a46d814@group-5F52F902B742-SegmentedRaftLog:OPENED:c-1,f-1,i0, conf=-1: [b8f04e38-0663-4b1f-8efd-f76585c6e86c:192.168.157.251:35700, abcd8826-c056-4817-bd0f-7af19a46d814:192.168.157.251:46496, 73297ffa-40cb-4e3e-b33e-1bc2c1da60f5:192.168.157.251:32952], old=null
2019-10-17 18:51:01,195 [abcd8826-c056-4817-bd0f-7af19a46d814@group-5F52F902B742-LeaderElection244] INFO  impl.RaftServerImpl (RaftServerImpl.java:setRole(184)) - abcd8826-c056-4817-bd0f-7af19a46d814@group-5F52F902B742: changes role from CANDIDATE to FOLLOWER at term 130 for DISCOVERED_A_NEW_TERM
2019-10-17 18:51:01,195 [abcd8826-c056-4817-bd0f-7af19a46d814@group-5F52F902B742-LeaderElection244] INFO  impl.RoleInfo (RoleInfo.java:shutdownLeaderElection(134)) - abcd8826-c056-4817-bd0f-7af19a46d814: shutdown LeaderElection
2019-10-17 18:51:01,195 [abcd8826-c056-4817-bd0f-7af19a46d814@group-5F52F902B742-LeaderElection244] INFO  impl.RoleInfo (RoleInfo.java:updateAndGet(143)) - abcd8826-c056-4817-bd0f-7af19a46d814: start FollowerState
2019-10-17 18:51:01,305 [Thread-2037] INFO  impl.FollowerState (FollowerState.java:run(108)) - a5e79c22-a35f-4e50-b1fd-e91b6a93d74d@group-F775CA5912AC-FollowerState: change to CANDIDATE, lastRpcTime:186ms, electionTimeout:186ms
2019-10-17 18:51:01,305 [Thread-2037] INFO  impl.RoleInfo (RoleInfo.java:shutdownFollowerState(121)) - a5e79c22-a35f-4e50-b1fd-e91b6a93d74d: shutdown FollowerState
2019-10-17 18:51:01,305 [Thread-2037] INFO  impl.RaftServerImpl (RaftServerImpl.java:setRole(184)) - a5e79c22-a35f-4e50-b1fd-e91b6a93d74d@group-F775CA5912AC: changes role from  FOLLOWER to CANDIDATE at term 132 for changeToCandidate
2019-10-17 18:51:01,305 [Thread-2037] INFO  impl.RoleInfo (RoleInfo.java:updateAndGet(143)) - a5e79c22-a35f-4e50-b1fd-e91b6a93d74d: start LeaderElection
2019-10-17 18:51:01,319 [a5e79c22-a35f-4e50-b1fd-e91b6a93d74d@group-F775CA5912AC-LeaderElection245] INFO  impl.LeaderElection (LeaderElection.java:askForVotes(178)) - a5e79c22-a35f-4e50-b1fd-e91b6a93d74d@group-F775CA5912AC-LeaderElection245: begin an election at term 133 for -1: [a5e79c22-a35f-4e50-b1fd-e91b6a93d74d:192.168.157.251:45177, daae7813-f814-475d-9647-a302a5541e36:192.168.157.251:45025, 1e4e1375-1b66-460f-8c99-4c341545a119:192.168.157.251:42113], old=null
2019-10-17 18:51:01,322 [grpc-default-executor-5] INFO  impl.RaftServerImpl (RaftServerImpl.java:setRole(184)) - 1e4e1375-1b66-460f-8c99-4c341545a119@group-F775CA5912AC: changes role from  FOLLOWER to FOLLOWER at term 133 for recognizeCandidate:a5e79c22-a35f-4e50-b1fd-e91b6a93d74d
2019-10-17 18:51:01,322 [grpc-default-executor-4] INFO  impl.RaftServerImpl (RaftServerImpl.java:setRole(184)) - daae7813-f814-475d-9647-a302a5541e36@group-F775CA5912AC: changes role from  FOLLOWER to FOLLOWER at term 133 for recognizeCandidate:a5e79c22-a35f-4e50-b1fd-e91b6a93d74d
2019-10-17 18:51:01,322 [grpc-default-executor-5] INFO  impl.RoleInfo (RoleInfo.java:shutdownFollowerState(121)) - 1e4e1375-1b66-460f-8c99-4c341545a119: shutdown FollowerState
2019-10-17 18:51:01,323 [grpc-default-executor-4] INFO  impl.RoleInfo (RoleInfo.java:shutdownFollowerState(121)) - daae7813-f814-475d-9647-a302a5541e36: shutdown FollowerState
2019-10-17 18:51:01,323 [Thread-2036] INFO  impl.FollowerState (FollowerState.java:run(117)) - 1e4e1375-1b66-460f-8c99-4c341545a119@group-F775CA5912AC-FollowerState was interrupted: java.lang.InterruptedException: sleep interrupted
2019-10-17 18:51:01,323 [grpc-default-executor-4] INFO  impl.RoleInfo (RoleInfo.java:updateAndGet(143)) - daae7813-f814-475d-9647-a302a5541e36: start FollowerState
2019-10-17 18:51:01,323 [grpc-default-executor-5] INFO  impl.RoleInfo (RoleInfo.java:updateAndGet(143)) - 1e4e1375-1b66-460f-8c99-4c341545a119: start FollowerState
2019-10-17 18:51:01,323 [Thread-2035] INFO  impl.FollowerState (FollowerState.java:run(117)) - daae7813-f814-475d-9647-a302a5541e36@group-F775CA5912AC-FollowerState was interrupted: java.lang.InterruptedException: sleep interrupted
2019-10-17 18:51:01,326 [Thread-2045] INFO  impl.FollowerState (FollowerState.java:run(108)) - abcd8826-c056-4817-bd0f-7af19a46d814@group-5F52F902B742-FollowerState: change to CANDIDATE, lastRpcTime:131ms, electionTimeout:131ms
2019-10-17 18:51:01,326 [Thread-2045] INFO  impl.RoleInfo (RoleInfo.java:shutdownFollowerState(121)) - abcd8826-c056-4817-bd0f-7af19a46d814: shutdown FollowerState
2019-10-17 18:51:01,326 [Thread-2045] INFO  impl.RaftServerImpl (RaftServerImpl.java:setRole(184)) - abcd8826-c056-4817-bd0f-7af19a46d814@group-5F52F902B742: changes role from  FOLLOWER to CANDIDATE at term 130 for changeToCandidate
2019-10-17 18:51:01,326 [Thread-2045] INFO  impl.RoleInfo (RoleInfo.java:updateAndGet(143)) - abcd8826-c056-4817-bd0f-7af19a46d814: start LeaderElection
2019-10-17 18:51:01,331 [a5e79c22-a35f-4e50-b1fd-e91b6a93d74d@group-F775CA5912AC-LeaderElection245] INFO  impl.LeaderElection (LeaderElection.java:logAndReturn(56)) - a5e79c22-a35f-4e50-b1fd-e91b6a93d74d@group-F775CA5912AC-LeaderElection245: Election TIMEOUT; received 0 response(s) [] and 0 exception(s); a5e79c22-a35f-4e50-b1fd-e91b6a93d74d@group-F775CA5912AC:t133, leader=null, voted=a5e79c22-a35f-4e50-b1fd-e91b6a93d74d, raftlog=a5e79c22-a35f-4e50-b1fd-e91b6a93d74d@group-F775CA5912AC-SegmentedRaftLog:OPENED:c-1,f-1,i0, conf=-1: [a5e79c22-a35f-4e50-b1fd-e91b6a93d74d:192.168.157.251:45177, daae7813-f814-475d-9647-a302a5541e36:192.168.157.251:45025, 1e4e1375-1b66-460f-8c99-4c341545a119:192.168.157.251:42113], old=null
2019-10-17 18:51:01,337 [abcd8826-c056-4817-bd0f-7af19a46d814@group-5F52F902B742-LeaderElection246] INFO  impl.LeaderElection (LeaderElection.java:askForVotes(178)) - abcd8826-c056-4817-bd0f-7af19a46d814@group-5F52F902B742-LeaderElection246: begin an election at term 131 for -1: [b8f04e38-0663-4b1f-8efd-f76585c6e86c:192.168.157.251:35700, abcd8826-c056-4817-bd0f-7af19a46d814:192.168.157.251:46496, 73297ffa-40cb-4e3e-b33e-1bc2c1da60f5:192.168.157.251:32952], old=null
2019-10-17 18:51:01,337 [a5e79c22-a35f-4e50-b1fd-e91b6a93d74d@group-F775CA5912AC-LeaderElection245] INFO  impl.LeaderElection (LeaderElection.java:askForVotes(178)) - a5e79c22-a35f-4e50-b1fd-e91b6a93d74d@group-F775CA5912AC-LeaderElection245: begin an election at term 134 for -1: [a5e79c22-a35f-4e50-b1fd-e91b6a93d74d:192.168.157.251:45177, daae7813-f814-475d-9647-a302a5541e36:192.168.157.251:45025, 1e4e1375-1b66-460f-8c99-4c341545a119:192.168.157.251:42113], old=null
2019-10-17 18:51:01,338 [grpc-default-executor-4] INFO  impl.RaftServerImpl (RaftServerImpl.java:setRole(184)) - b8f04e38-0663-4b1f-8efd-f76585c6e86c@group-5F52F902B742: changes role from  FOLLOWER to FOLLOWER at term 131 for recognizeCandidate:abcd8826-c056-4817-bd0f-7af19a46d814
2019-10-17 18:51:01,338 [grpc-default-executor-5] INFO  impl.RaftServerImpl (RaftServerImpl.java:setRole(184)) - 73297ffa-40cb-4e3e-b33e-1bc2c1da60f5@group-5F52F902B742: changes role from  FOLLOWER to FOLLOWER at term 131 for recognizeCandidate:abcd8826-c056-4817-bd0f-7af19a46d814
2019-10-17 18:51:01,339 [grpc-default-executor-4] INFO  impl.RoleInfo (RoleInfo.java:shutdownFollowerState(121)) - b8f04e38-0663-4b1f-8efd-f76585c6e86c: shutdown FollowerState
2019-10-17 18:51:01,339 [grpc-default-executor-5] INFO  impl.RoleInfo (RoleInfo.java:shutdownFollowerState(121)) - 73297ffa-40cb-4e3e-b33e-1bc2c1da60f5: shutdown FollowerState
2019-10-17 18:51:01,339 [Thread-2044] INFO  impl.FollowerState (FollowerState.java:run(117)) - b8f04e38-0663-4b1f-8efd-f76585c6e86c@group-5F52F902B742-FollowerState was interrupted: java.lang.InterruptedException: sleep interrupted
2019-10-17 18:51:01,339 [Thread-2043] INFO  impl.FollowerState (FollowerState.java:run(117)) - 73297ffa-40cb-4e3e-b33e-1bc2c1da60f5@group-5F52F902B742-FollowerState was interrupted: java.lang.InterruptedException: sleep interrupted
2019-10-17 18:51:01,339 [grpc-default-executor-4] INFO  impl.RoleInfo (RoleInfo.java:updateAndGet(143)) - b8f04e38-0663-4b1f-8efd-f76585c6e86c: start FollowerState
2019-10-17 18:51:01,339 [grpc-default-executor-2] INFO  impl.RaftServerImpl (RaftServerImpl.java:setRole(184)) - daae7813-f814-475d-9647-a302a5541e36@group-F775CA5912AC: changes role from  FOLLOWER to FOLLOWER at term 134 for recognizeCandidate:a5e79c22-a35f-4e50-b1fd-e91b6a93d74d
2019-10-17 18:51:01,340 [grpc-default-executor-2] INFO  impl.RoleInfo (RoleInfo.java:shutdownFollowerState(121)) - daae7813-f814-475d-9647-a302a5541e36: shutdown FollowerState
2019-10-17 18:51:01,339 [grpc-default-executor-0] INFO  impl.RaftServerImpl (RaftServerImpl.java:setRole(184)) - 1e4e1375-1b66-460f-8c99-4c341545a119@group-F775CA5912AC: changes role from  FOLLOWER to FOLLOWER at term 134 for recognizeCandidate:a5e79c22-a35f-4e50-b1fd-e91b6a93d74d
2019-10-17 18:51:01,340 [grpc-default-executor-0] INFO  impl.RoleInfo (RoleInfo.java:shutdownFollowerState(121)) - 1e4e1375-1b66-460f-8c99-4c341545a119: shutdown FollowerState
2019-10-17 18:51:01,339 [grpc-default-executor-5] INFO  impl.RoleInfo (RoleInfo.java:updateAndGet(143)) - 73297ffa-40cb-4e3e-b33e-1bc2c1da60f5: start FollowerState
2019-10-17 18:51:01,340 [grpc-default-executor-0] INFO  impl.RoleInfo (RoleInfo.java:updateAndGet(143)) - 1e4e1375-1b66-460f-8c99-4c341545a119: start FollowerState
2019-10-17 18:51:01,340 [Thread-2049] INFO  impl.FollowerState (FollowerState.java:run(117)) - 1e4e1375-1b66-460f-8c99-4c341545a119@group-F775CA5912AC-FollowerState was interrupted: java.lang.InterruptedException: sleep interrupted
2019-10-17 18:51:01,340 [Thread-2050] INFO  impl.FollowerState (FollowerState.java:run(117)) - daae7813-f814-475d-9647-a302a5541e36@group-F775CA5912AC-FollowerState was interrupted: java.lang.InterruptedException: sleep interrupted
2019-10-17 18:51:01,340 [grpc-default-executor-2] INFO  impl.RoleInfo (RoleInfo.java:updateAndGet(143)) - daae7813-f814-475d-9647-a302a5541e36: start FollowerState
2019-10-17 18:51:01,355 [abcd8826-c056-4817-bd0f-7af19a46d814@group-5F52F902B742-LeaderElection246] INFO  impl.LeaderElection (LeaderElection.java:logAndReturn(56)) - abcd8826-c056-4817-bd0f-7af19a46d814@group-5F52F902B742-LeaderElection246: Election REJECTED; received 2 response(s) [abcd8826-c056-4817-bd0f-7af19a46d814<-b8f04e38-0663-4b1f-8efd-f76585c6e86c#0:FAIL-t131, abcd8826-c056-4817-bd0f-7af19a46d814<-73297ffa-40cb-4e3e-b33e-1bc2c1da60f5#0:FAIL-t131] and 0 exception(s); abcd8826-c056-4817-bd0f-7af19a46d814@group-5F52F902B742:t131, leader=null, voted=abcd8826-c056-4817-bd0f-7af19a46d814, raftlog=abcd8826-c056-4817-bd0f-7af19a46d814@group-5F52F902B742-SegmentedRaftLog:OPENED:c-1,f-1,i0, conf=-1: [b8f04e38-0663-4b1f-8efd-f76585c6e86c:192.168.157.251:35700, abcd8826-c056-4817-bd0f-7af19a46d814:192.168.157.251:46496, 73297ffa-40cb-4e3e-b33e-1bc2c1da60f5:192.168.157.251:32952], old=null
2019-10-17 18:51:01,355 [a5e79c22-a35f-4e50-b1fd-e91b6a93d74d@group-F775CA5912AC-LeaderElection245] INFO  impl.LeaderElection (LeaderElection.java:logAndReturn(56)) - a5e79c22-a35f-4e50-b1fd-e91b6a93d74d@group-F775CA5912AC-LeaderElection245: Election REJECTED; received 2 response(s) [a5e79c22-a35f-4e50-b1fd-e91b6a93d74d<-daae7813-f814-475d-9647-a302a5541e36#0:FAIL-t134, a5e79c22-a35f-4e50-b1fd-e91b6a93d74d<-1e4e1375-1b66-460f-8c99-4c341545a119#0:FAIL-t134] and 0 exception(s); a5e79c22-a35f-4e50-b1fd-e91b6a93d74d@group-F775CA5912AC:t134, leader=null, voted=a5e79c22-a35f-4e50-b1fd-e91b6a93d74d, raftlog=a5e79c22-a35f-4e50-b1fd-e91b6a93d74d@group-F775CA5912AC-SegmentedRaftLog:OPENED:c-1,f-1,i0, conf=-1: [a5e79c22-a35f-4e50-b1fd-e91b6a93d74d:192.168.157.251:45177, daae7813-f814-475d-9647-a302a5541e36:192.168.157.251:45025, 1e4e1375-1b66-460f-8c99-4c341545a119:192.168.157.251:42113], old=null
2019-10-17 18:51:01,355 [abcd8826-c056-4817-bd0f-7af19a46d814@group-5F52F902B742-LeaderElection246] INFO  impl.RaftServerImpl (RaftServerImpl.java:setRole(184)) - abcd8826-c056-4817-bd0f-7af19a46d814@group-5F52F902B742: changes role from CANDIDATE to FOLLOWER at term 131 for DISCOVERED_A_NEW_TERM
2019-10-17 18:51:01,355 [a5e79c22-a35f-4e50-b1fd-e91b6a93d74d@group-F775CA5912AC-LeaderElection245] INFO  impl.RaftServerImpl (RaftServerImpl.java:setRole(184)) - a5e79c22-a35f-4e50-b1fd-e91b6a93d74d@group-F775CA5912AC: changes role from CANDIDATE to FOLLOWER at term 134 for DISCOVERED_A_NEW_TERM
2019-10-17 18:51:01,355 [abcd8826-c056-4817-bd0f-7af19a46d814@group-5F52F902B742-LeaderElection246] INFO  impl.RoleInfo (RoleInfo.java:shutdownLeaderElection(134)) - abcd8826-c056-4817-bd0f-7af19a46d814: shutdown LeaderElection
2019-10-17 18:51:01,355 [a5e79c22-a35f-4e50-b1fd-e91b6a93d74d@group-F775CA5912AC-LeaderElection245] INFO  impl.RoleInfo (RoleInfo.java:shutdownLeaderElection(134)) - a5e79c22-a35f-4e50-b1fd-e91b6a93d74d: shutdown LeaderElection
2019-10-17 18:51:01,355 [abcd8826-c056-4817-bd0f-7af19a46d814@group-5F52F902B742-LeaderElection246] INFO  impl.RoleInfo (RoleInfo.java:updateAndGet(143)) - abcd8826-c056-4817-bd0f-7af19a46d814: start FollowerState
2019-10-17 18:51:01,355 [a5e79c22-a35f-4e50-b1fd-e91b6a93d74d@group-F775CA5912AC-LeaderElection245] INFO  impl.RoleInfo (RoleInfo.java:updateAndGet(143)) - a5e79c22-a35f-4e50-b1fd-e91b6a93d74d: start FollowerState
2019-10-17 18:51:01,449 [Thread-2060] INFO  impl.FollowerState (FollowerState.java:run(108)) - abcd8826-c056-4817-bd0f-7af19a46d814@group-5F52F902B742-FollowerState: change to CANDIDATE, lastRpcTime:94ms, electionTimeout:94ms
2019-10-17 18:51:01,450 [Thread-2060] INFO  impl.RoleInfo (RoleInfo.java:shutdownFollowerState(121)) - abcd8826-c056-4817-bd0f-7af19a46d814: shutdown FollowerState
2019-10-17 18:51:01,450 [Thread-2060] INFO  impl.RaftServerImpl (RaftServerImpl.java:setRole(184)) - abcd8826-c056-4817-bd0f-7af19a46d814@group-5F52F902B742: changes role from  FOLLOWER to CANDIDATE at term 131 for changeToCandidate
2019-10-17 18:51:01,450 [Thread-2060] INFO  impl.RoleInfo (RoleInfo.java:updateAndGet(143)) - abcd8826-c056-4817-bd0f-7af19a46d814: start LeaderElection
2019-10-17 18:51:01,463 [abcd8826-c056-4817-bd0f-7af19a46d814@group-5F52F902B742-LeaderElection247] INFO  impl.LeaderElection (LeaderElection.java:askForVotes(178)) - abcd8826-c056-4817-bd0f-7af19a46d814@group-5F52F902B742-LeaderElection247: begin an election at term 132 for -1: [b8f04e38-0663-4b1f-8efd-f76585c6e86c:192.168.157.251:35700, abcd8826-c056-4817-bd0f-7af19a46d814:192.168.157.251:46496, 73297ffa-40cb-4e3e-b33e-1bc2c1da60f5:192.168.157.251:32952], old=null
2019-10-17 18:51:01,465 [grpc-default-executor-0] INFO  impl.RaftServerImpl (RaftServerImpl.java:setRole(184)) - b8f04e38-0663-4b1f-8efd-f76585c6e86c@group-5F52F902B742: changes role from  FOLLOWER to FOLLOWER at term 132 for recognizeCandidate:abcd8826-c056-4817-bd0f-7af19a46d814
2019-10-17 18:51:01,465 [grpc-default-executor-4] INFO  impl.RaftServerImpl (RaftServerImpl.java:setRole(184)) - 73297ffa-40cb-4e3e-b33e-1bc2c1da60f5@group-5F52F902B742: changes role from  FOLLOWER to FOLLOWER at term 132 for recognizeCandidate:abcd8826-c056-4817-bd0f-7af19a46d814
2019-10-17 18:51:01,465 [grpc-default-executor-0] INFO  impl.RoleInfo (RoleInfo.java:shutdownFollowerState(121)) - b8f04e38-0663-4b1f-8efd-f76585c6e86c: shutdown FollowerState
2019-10-17 18:51:01,466 [grpc-default-executor-4] INFO  impl.RoleInfo (RoleInfo.java:shutdownFollowerState(121)) - 73297ffa-40cb-4e3e-b33e-1bc2c1da60f5: shutdown FollowerState
2019-10-17 18:51:01,466 [grpc-default-executor-0] INFO  impl.RoleInfo (RoleInfo.java:updateAndGet(143)) - b8f04e38-0663-4b1f-8efd-f76585c6e86c: start FollowerState
2019-10-17 18:51:01,466 [Thread-2056] INFO  impl.FollowerState (FollowerState.java:run(117)) - b8f04e38-0663-4b1f-8efd-f76585c6e86c@group-5F52F902B742-FollowerState was interrupted: java.lang.InterruptedException: sleep interrupted
2019-10-17 18:51:01,466 [grpc-default-executor-4] INFO  impl.RoleInfo (RoleInfo.java:updateAndGet(143)) - 73297ffa-40cb-4e3e-b33e-1bc2c1da60f5: start FollowerState
2019-10-17 18:51:01,466 [Thread-2057] INFO  impl.FollowerState (FollowerState.java:run(117)) - 73297ffa-40cb-4e3e-b33e-1bc2c1da60f5@group-5F52F902B742-FollowerState was interrupted: java.lang.InterruptedException: sleep interrupted
2019-10-17 18:51:01,495 [abcd8826-c056-4817-bd0f-7af19a46d814@group-5F52F902B742-LeaderElection247] INFO  impl.LeaderElection (LeaderElection.java:logAndReturn(56)) - abcd8826-c056-4817-bd0f-7af19a46d814@group-5F52F902B742-LeaderElection247: Election TIMEOUT; received 0 response(s) [] and 0 exception(s); abcd8826-c056-4817-bd0f-7af19a46d814@group-5F52F902B742:t132, leader=null, voted=abcd8826-c056-4817-bd0f-7af19a46d814, raftlog=abcd8826-c056-4817-bd0f-7af19a46d814@group-5F52F902B742-SegmentedRaftLog:OPENED:c-1,f-1,i0, conf=-1: [b8f04e38-0663-4b1f-8efd-f76585c6e86c:192.168.157.251:35700, abcd8826-c056-4817-bd0f-7af19a46d814:192.168.157.251:46496, 73297ffa-40cb-4e3e-b33e-1bc2c1da60f5:192.168.157.251:32952], old=null
2019-10-17 18:51:01,496 [Thread-2061] INFO  impl.FollowerState (FollowerState.java:run(108)) - a5e79c22-a35f-4e50-b1fd-e91b6a93d74d@group-F775CA5912AC-FollowerState: change to CANDIDATE, lastRpcTime:140ms, electionTimeout:140ms
2019-10-17 18:51:01,496 [Thread-2061] INFO  impl.RoleInfo (RoleInfo.java:shutdownFollowerState(121)) - a5e79c22-a35f-4e50-b1fd-e91b6a93d74d: shutdown FollowerState
2019-10-17 18:51:01,496 [Thread-2061] INFO  impl.RaftServerImpl (RaftServerImpl.java:setRole(184)) - a5e79c22-a35f-4e50-b1fd-e91b6a93d74d@group-F775CA5912AC: changes role from  FOLLOWER to CANDIDATE at term 134 for changeToCandidate
2019-10-17 18:51:01,496 [Thread-2061] INFO  impl.RoleInfo (RoleInfo.java:updateAndGet(143)) - a5e79c22-a35f-4e50-b1fd-e91b6a93d74d: start LeaderElection
2019-10-17 18:51:01,531 [abcd8826-c056-4817-bd0f-7af19a46d814@group-5F52F902B742-LeaderElection247] INFO  impl.LeaderElection (LeaderElection.java:askForVotes(178)) - abcd8826-c056-4817-bd0f-7af19a46d814@group-5F52F902B742-LeaderElection247: begin an election at term 133 for -1: [b8f04e38-0663-4b1f-8efd-f76585c6e86c:192.168.157.251:35700, abcd8826-c056-4817-bd0f-7af19a46d814:192.168.157.251:46496, 73297ffa-40cb-4e3e-b33e-1bc2c1da60f5:192.168.157.251:32952], old=null
2019-10-17 18:51:01,531 [a5e79c22-a35f-4e50-b1fd-e91b6a93d74d@group-F775CA5912AC-LeaderElection248] INFO  impl.LeaderElection (LeaderElection.java:askForVotes(178)) - a5e79c22-a35f-4e50-b1fd-e91b6a93d74d@group-F775CA5912AC-LeaderElection248: begin an election at term 135 for -1: [a5e79c22-a35f-4e50-b1fd-e91b6a93d74d:192.168.157.251:45177, daae7813-f814-475d-9647-a302a5541e36:192.168.157.251:45025, 1e4e1375-1b66-460f-8c99-4c341545a119:192.168.157.251:42113], old=null
2019-10-17 18:51:01,533 [grpc-default-executor-0] INFO  impl.RaftServerImpl (RaftServerImpl.java:setRole(184)) - b8f04e38-0663-4b1f-8efd-f76585c6e86c@group-5F52F902B742: changes role from  FOLLOWER to FOLLOWER at term 133 for recognizeCandidate:abcd8826-c056-4817-bd0f-7af19a46d814
2019-10-17 18:51:01,533 [grpc-default-executor-4] INFO  impl.RaftServerImpl (RaftServerImpl.java:setRole(184)) - 73297ffa-40cb-4e3e-b33e-1bc2c1da60f5@group-5F52F902B742: changes role from  FOLLOWER to FOLLOWER at term 133 for recognizeCandidate:abcd8826-c056-4817-bd0f-7af19a46d814
2019-10-17 18:51:01,533 [grpc-default-executor-0] INFO  impl.RoleInfo (RoleInfo.java:shutdownFollowerState(121)) - b8f04e38-0663-4b1f-8efd-f76585c6e86c: shutdown FollowerState
2019-10-17 18:51:01,534 [grpc-default-executor-2] INFO  impl.RaftServerImpl (RaftServerImpl.java:setRole(184)) - 1e4e1375-1b66-460f-8c99-4c341545a119@group-F775CA5912AC: changes role from  FOLLOWER to FOLLOWER at term 135 for recognizeCandidate:a5e79c22-a35f-4e50-b1fd-e91b6a93d74d
2019-10-17 18:51:01,534 [grpc-default-executor-2] INFO  impl.RoleInfo (RoleInfo.java:shutdownFollowerState(121)) - 1e4e1375-1b66-460f-8c99-4c341545a119: shutdown FollowerState
2019-10-17 18:51:01,534 [grpc-default-executor-4] INFO  impl.RoleInfo (RoleInfo.java:shutdownFollowerState(121)) - 73297ffa-40cb-4e3e-b33e-1bc2c1da60f5: shutdown FollowerState
2019-10-17 18:51:01,534 [grpc-default-executor-2] INFO  impl.RoleInfo (RoleInfo.java:updateAndGet(143)) - 1e4e1375-1b66-460f-8c99-4c341545a119: start FollowerState
2019-10-17 18:51:01,534 [Thread-2059] INFO  impl.FollowerState (FollowerState.java:run(117)) - 1e4e1375-1b66-460f-8c99-4c341545a119@group-F775CA5912AC-FollowerState was interrupted: java.lang.InterruptedException: sleep interrupted
2019-10-17 18:51:01,534 [grpc-default-executor-5] INFO  impl.RaftServerImpl (RaftServerImpl.java:setRole(184)) - daae7813-f814-475d-9647-a302a5541e36@group-F775CA5912AC: changes role from  FOLLOWER to FOLLOWER at term 135 for recognizeCandidate:a5e79c22-a35f-4e50-b1fd-e91b6a93d74d
2019-10-17 18:51:01,534 [Thread-2067] INFO  impl.FollowerState (FollowerState.java:run(117)) - b8f04e38-0663-4b1f-8efd-f76585c6e86c@group-5F52F902B742-FollowerState was interrupted: java.lang.InterruptedException: sleep interrupted
2019-10-17 18:51:01,534 [grpc-default-executor-0] INFO  impl.RoleInfo (RoleInfo.java:updateAndGet(143)) - b8f04e38-0663-4b1f-8efd-f76585c6e86c: start FollowerState
2019-10-17 18:51:01,535 [grpc-default-executor-5] INFO  impl.RoleInfo (RoleInfo.java:shutdownFollowerState(121)) - daae7813-f814-475d-9647-a302a5541e36: shutdown FollowerState
2019-10-17 18:51:01,534 [grpc-default-executor-4] INFO  impl.RoleInfo (RoleInfo.java:updateAndGet(143)) - 73297ffa-40cb-4e3e-b33e-1bc2c1da60f5: start FollowerState
2019-10-17 18:51:01,534 [Thread-2068] INFO  impl.FollowerState (FollowerState.java:run(117)) - 73297ffa-40cb-4e3e-b33e-1bc2c1da60f5@group-5F52F902B742-FollowerState was interrupted: java.lang.InterruptedException: sleep interrupted
2019-10-17 18:51:01,535 [Thread-2058] INFO  impl.FollowerState (FollowerState.java:run(117)) - daae7813-f814-475d-9647-a302a5541e36@group-F775CA5912AC-FollowerState was interrupted: java.lang.InterruptedException: sleep interrupted
2019-10-17 18:51:01,535 [grpc-default-executor-5] INFO  impl.RoleInfo (RoleInfo.java:updateAndGet(143)) - daae7813-f814-475d-9647-a302a5541e36: start FollowerState
2019-10-17 18:51:01,549 [abcd8826-c056-4817-bd0f-7af19a46d814@group-5F52F902B742-LeaderElection247] INFO  impl.LeaderElection (LeaderElection.java:logAndReturn(56)) - abcd8826-c056-4817-bd0f-7af19a46d814@group-5F52F902B742-LeaderElection247: Election REJECTED; received 2 response(s) [abcd8826-c056-4817-bd0f-7af19a46d814<-b8f04e38-0663-4b1f-8efd-f76585c6e86c#0:FAIL-t133, abcd8826-c056-4817-bd0f-7af19a46d814<-73297ffa-40cb-4e3e-b33e-1bc2c1da60f5#0:FAIL-t133] and 0 exception(s); abcd8826-c056-4817-bd0f-7af19a46d814@group-5F52F902B742:t133, leader=null, voted=abcd8826-c056-4817-bd0f-7af19a46d814, raftlog=abcd8826-c056-4817-bd0f-7af19a46d814@group-5F52F902B742-SegmentedRaftLog:OPENED:c-1,f-1,i0, conf=-1: [b8f04e38-0663-4b1f-8efd-f76585c6e86c:192.168.157.251:35700, abcd8826-c056-4817-bd0f-7af19a46d814:192.168.157.251:46496, 73297ffa-40cb-4e3e-b33e-1bc2c1da60f5:192.168.157.251:32952], old=null
2019-10-17 18:51:01,549 [abcd8826-c056-4817-bd0f-7af19a46d814@group-5F52F902B742-LeaderElection247] INFO  impl.RaftServerImpl (RaftServerImpl.java:setRole(184)) - abcd8826-c056-4817-bd0f-7af19a46d814@group-5F52F902B742: changes role from CANDIDATE to FOLLOWER at term 133 for DISCOVERED_A_NEW_TERM
2019-10-17 18:51:01,549 [abcd8826-c056-4817-bd0f-7af19a46d814@group-5F52F902B742-LeaderElection247] INFO  impl.RoleInfo (RoleInfo.java:shutdownLeaderElection(134)) - abcd8826-c056-4817-bd0f-7af19a46d814: shutdown LeaderElection
2019-10-17 18:51:01,549 [a5e79c22-a35f-4e50-b1fd-e91b6a93d74d@group-F775CA5912AC-LeaderElection248] INFO  impl.LeaderElection (LeaderElection.java:logAndReturn(56)) - a5e79c22-a35f-4e50-b1fd-e91b6a93d74d@group-F775CA5912AC-LeaderElection248: Election REJECTED; received 2 response(s) [a5e79c22-a35f-4e50-b1fd-e91b6a93d74d<-daae7813-f814-475d-9647-a302a5541e36#0:FAIL-t135, a5e79c22-a35f-4e50-b1fd-e91b6a93d74d<-1e4e1375-1b66-460f-8c99-4c341545a119#0:FAIL-t135] and 0 exception(s); a5e79c22-a35f-4e50-b1fd-e91b6a93d74d@group-F775CA5912AC:t135, leader=null, voted=a5e79c22-a35f-4e50-b1fd-e91b6a93d74d, raftlog=a5e79c22-a35f-4e50-b1fd-e91b6a93d74d@group-F775CA5912AC-SegmentedRaftLog:OPENED:c-1,f-1,i0, conf=-1: [a5e79c22-a35f-4e50-b1fd-e91b6a93d74d:192.168.157.251:45177, daae7813-f814-475d-9647-a302a5541e36:192.168.157.251:45025, 1e4e1375-1b66-460f-8c99-4c341545a119:192.168.157.251:42113], old=null
2019-10-17 18:51:01,549 [abcd8826-c056-4817-bd0f-7af19a46d814@group-5F52F902B742-LeaderElection247] INFO  impl.RoleInfo (RoleInfo.java:updateAndGet(143)) - abcd8826-c056-4817-bd0f-7af19a46d814: start FollowerState
2019-10-17 18:51:01,549 [a5e79c22-a35f-4e50-b1fd-e91b6a93d74d@group-F775CA5912AC-LeaderElection248] INFO  impl.RaftServerImpl (RaftServerImpl.java:setRole(184)) - a5e79c22-a35f-4e50-b1fd-e91b6a93d74d@group-F775CA5912AC: changes role from CANDIDATE to FOLLOWER at term 135 for DISCOVERED_A_NEW_TERM
2019-10-17 18:51:01,549 [a5e79c22-a35f-4e50-b1fd-e91b6a93d74d@group-F775CA5912AC-LeaderElection248] INFO  impl.RoleInfo (RoleInfo.java:shutdownLeaderElection(134)) - a5e79c22-a35f-4e50-b1fd-e91b6a93d74d: shutdown LeaderElection
2019-10-17 18:51:01,550 [a5e79c22-a35f-4e50-b1fd-e91b6a93d74d@group-F775CA5912AC-LeaderElection248] INFO  impl.RoleInfo (RoleInfo.java:updateAndGet(143)) - a5e79c22-a35f-4e50-b1fd-e91b6a93d74d: start FollowerState
2019-10-17 18:51:01,615 [Thread-2079] INFO  impl.FollowerState (FollowerState.java:run(108)) - a5e79c22-a35f-4e50-b1fd-e91b6a93d74d@group-F775CA5912AC-FollowerState: change to CANDIDATE, lastRpcTime:65ms, electionTimeout:65ms
2019-10-17 18:51:01,615 [Thread-2079] INFO  impl.RoleInfo (RoleInfo.java:shutdownFollowerState(121)) - a5e79c22-a35f-4e50-b1fd-e91b6a93d74d: shutdown FollowerState
2019-10-17 18:51:01,615 [Thread-2079] INFO  impl.RaftServerImpl (RaftServerImpl.java:setRole(184)) - a5e79c22-a35f-4e50-b1fd-e91b6a93d74d@group-F775CA5912AC: changes role from  FOLLOWER to CANDIDATE at term 135 for changeToCandidate
2019-10-17 18:51:01,615 [Thread-2079] INFO  impl.RoleInfo (RoleInfo.java:updateAndGet(143)) - a5e79c22-a35f-4e50-b1fd-e91b6a93d74d: start LeaderElection
2019-10-17 18:51:01,640 [a5e79c22-a35f-4e50-b1fd-e91b6a93d74d@group-F775CA5912AC-LeaderElection249] INFO  impl.LeaderElection (LeaderElection.java:askForVotes(178)) - a5e79c22-a35f-4e50-b1fd-e91b6a93d74d@group-F775CA5912AC-LeaderElection249: begin an election at term 136 for -1: [a5e79c22-a35f-4e50-b1fd-e91b6a93d74d:192.168.157.251:45177, daae7813-f814-475d-9647-a302a5541e36:192.168.157.251:45025, 1e4e1375-1b66-460f-8c99-4c341545a119:192.168.157.251:42113], old=null
2019-10-17 18:51:01,642 [grpc-default-executor-5] INFO  impl.RaftServerImpl (RaftServerImpl.java:setRole(184)) - daae7813-f814-475d-9647-a302a5541e36@group-F775CA5912AC: changes role from  FOLLOWER to FOLLOWER at term 136 for recognizeCandidate:a5e79c22-a35f-4e50-b1fd-e91b6a93d74d
2019-10-17 18:51:01,642 [grpc-default-executor-0] INFO  impl.RaftServerImpl (RaftServerImpl.java:setRole(184)) - 1e4e1375-1b66-460f-8c99-4c341545a119@group-F775CA5912AC: changes role from  FOLLOWER to FOLLOWER at term 136 for recognizeCandidate:a5e79c22-a35f-4e50-b1fd-e91b6a93d74d
2019-10-17 18:51:01,642 [grpc-default-executor-5] INFO  impl.RoleInfo (RoleInfo.java:shutdownFollowerState(121)) - daae7813-f814-475d-9647-a302a5541e36: shutdown FollowerState
2019-10-17 18:51:01,643 [grpc-default-executor-0] INFO  impl.RoleInfo (RoleInfo.java:shutdownFollowerState(121)) - 1e4e1375-1b66-460f-8c99-4c341545a119: shutdown FollowerState
2019-10-17 18:51:01,643 [Thread-2077] INFO  impl.FollowerState (FollowerState.java:run(117)) - daae7813-f814-475d-9647-a302a5541e36@group-F775CA5912AC-FollowerState was interrupted: java.lang.InterruptedException: sleep interrupted
2019-10-17 18:51:01,643 [grpc-default-executor-5] INFO  impl.RoleInfo (RoleInfo.java:updateAndGet(143)) - daae7813-f814-475d-9647-a302a5541e36: start FollowerState
2019-10-17 18:51:01,643 [Thread-2075] INFO  impl.FollowerState (FollowerState.java:run(117)) - 1e4e1375-1b66-460f-8c99-4c341545a119@group-F775CA5912AC-FollowerState was interrupted: java.lang.InterruptedException: sleep interrupted
2019-10-17 18:51:01,643 [grpc-default-executor-0] INFO  impl.RoleInfo (RoleInfo.java:updateAndGet(143)) - 1e4e1375-1b66-460f-8c99-4c341545a119: start FollowerState
2019-10-17 18:51:01,657 [a5e79c22-a35f-4e50-b1fd-e91b6a93d74d@group-F775CA5912AC-LeaderElection249] INFO  impl.LeaderElection (LeaderElection.java:logAndReturn(56)) - a5e79c22-a35f-4e50-b1fd-e91b6a93d74d@group-F775CA5912AC-LeaderElection249: Election REJECTED; received 2 response(s) [a5e79c22-a35f-4e50-b1fd-e91b6a93d74d<-daae7813-f814-475d-9647-a302a5541e36#0:FAIL-t136, a5e79c22-a35f-4e50-b1fd-e91b6a93d74d<-1e4e1375-1b66-460f-8c99-4c341545a119#0:FAIL-t136] and 0 exception(s); a5e79c22-a35f-4e50-b1fd-e91b6a93d74d@group-F775CA5912AC:t136, leader=null, voted=a5e79c22-a35f-4e50-b1fd-e91b6a93d74d, raftlog=a5e79c22-a35f-4e50-b1fd-e91b6a93d74d@group-F775CA5912AC-SegmentedRaftLog:OPENED:c-1,f-1,i0, conf=-1: [a5e79c22-a35f-4e50-b1fd-e91b6a93d74d:192.168.157.251:45177, daae7813-f814-475d-9647-a302a5541e36:192.168.157.251:45025, 1e4e1375-1b66-460f-8c99-4c341545a119:192.168.157.251:42113], old=null
2019-10-17 18:51:01,658 [a5e79c22-a35f-4e50-b1fd-e91b6a93d74d@group-F775CA5912AC-LeaderElection249] INFO  impl.RaftServerImpl (RaftServerImpl.java:setRole(184)) - a5e79c22-a35f-4e50-b1fd-e91b6a93d74d@group-F775CA5912AC: changes role from CANDIDATE to FOLLOWER at term 136 for DISCOVERED_A_NEW_TERM
2019-10-17 18:51:01,658 [a5e79c22-a35f-4e50-b1fd-e91b6a93d74d@group-F775CA5912AC-LeaderElection249] INFO  impl.RoleInfo (RoleInfo.java:shutdownLeaderElection(134)) - a5e79c22-a35f-4e50-b1fd-e91b6a93d74d: shutdown LeaderElection
2019-10-17 18:51:01,658 [a5e79c22-a35f-4e50-b1fd-e91b6a93d74d@group-F775CA5912AC-LeaderElection249] INFO  impl.RoleInfo (RoleInfo.java:updateAndGet(143)) - a5e79c22-a35f-4e50-b1fd-e91b6a93d74d: start FollowerState
2019-10-17 18:51:01,736 [Thread-2078] INFO  impl.FollowerState (FollowerState.java:run(108)) - abcd8826-c056-4817-bd0f-7af19a46d814@group-5F52F902B742-FollowerState: change to CANDIDATE, lastRpcTime:186ms, electionTimeout:186ms
2019-10-17 18:51:01,736 [Thread-2078] INFO  impl.RoleInfo (RoleInfo.java:shutdownFollowerState(121)) - abcd8826-c056-4817-bd0f-7af19a46d814: shutdown FollowerState
2019-10-17 18:51:01,736 [Thread-2078] INFO  impl.RaftServerImpl (RaftServerImpl.java:setRole(184)) - abcd8826-c056-4817-bd0f-7af19a46d814@group-5F52F902B742: changes role from  FOLLOWER to CANDIDATE at term 133 for changeToCandidate
2019-10-17 18:51:01,736 [Thread-2078] INFO  impl.RoleInfo (RoleInfo.java:updateAndGet(143)) - abcd8826-c056-4817-bd0f-7af19a46d814: start LeaderElection
2019-10-17 18:51:01,769 [abcd8826-c056-4817-bd0f-7af19a46d814@group-5F52F902B742-LeaderElection250] INFO  impl.LeaderElection (LeaderElection.java:askForVotes(178)) - abcd8826-c056-4817-bd0f-7af19a46d814@group-5F52F902B742-LeaderElection250: begin an election at term 134 for -1: [b8f04e38-0663-4b1f-8efd-f76585c6e86c:192.168.157.251:35700, abcd8826-c056-4817-bd0f-7af19a46d814:192.168.157.251:46496, 73297ffa-40cb-4e3e-b33e-1bc2c1da60f5:192.168.157.251:32952], old=null
2019-10-17 18:51:01,772 [grpc-default-executor-0] INFO  impl.RaftServerImpl (RaftServerImpl.java:setRole(184)) - b8f04e38-0663-4b1f-8efd-f76585c6e86c@group-5F52F902B742: changes role from  FOLLOWER to FOLLOWER at term 134 for recognizeCandidate:abcd8826-c056-4817-bd0f-7af19a46d814
2019-10-17 18:51:01,772 [grpc-default-executor-5] INFO  impl.RaftServerImpl (RaftServerImpl.java:setRole(184)) - 73297ffa-40cb-4e3e-b33e-1bc2c1da60f5@group-5F52F902B742: changes role from  FOLLOWER to FOLLOWER at term 134 for recognizeCandidate:abcd8826-c056-4817-bd0f-7af19a46d814
2019-10-17 18:51:01,772 [grpc-default-executor-5] INFO  impl.RoleInfo (RoleInfo.java:shutdownFollowerState(121)) - 73297ffa-40cb-4e3e-b33e-1bc2c1da60f5: shutdown FollowerState
2019-10-17 18:51:01,772 [grpc-default-executor-0] INFO  impl.RoleInfo (RoleInfo.java:shutdownFollowerState(121)) - b8f04e38-0663-4b1f-8efd-f76585c6e86c: shutdown FollowerState
2019-10-17 18:51:01,772 [grpc-default-executor-5] INFO  impl.RoleInfo (RoleInfo.java:updateAndGet(143)) - 73297ffa-40cb-4e3e-b33e-1bc2c1da60f5: start FollowerState
2019-10-17 18:51:01,772 [Thread-2076] INFO  impl.FollowerState (FollowerState.java:run(117)) - 73297ffa-40cb-4e3e-b33e-1bc2c1da60f5@group-5F52F902B742-FollowerState was interrupted: java.lang.InterruptedException: sleep interrupted
2019-10-17 18:51:01,773 [Thread-2074] INFO  impl.FollowerState (FollowerState.java:run(117)) - b8f04e38-0663-4b1f-8efd-f76585c6e86c@group-5F52F902B742-FollowerState was interrupted: java.lang.InterruptedException: sleep interrupted
2019-10-17 18:51:01,773 [grpc-default-executor-0] INFO  impl.RoleInfo (RoleInfo.java:updateAndGet(143)) - b8f04e38-0663-4b1f-8efd-f76585c6e86c: start FollowerState
2019-10-17 18:51:01,788 [abcd8826-c056-4817-bd0f-7af19a46d814@group-5F52F902B742-LeaderElection250] INFO  impl.LeaderElection (LeaderElection.java:logAndReturn(56)) - abcd8826-c056-4817-bd0f-7af19a46d814@group-5F52F902B742-LeaderElection250: Election REJECTED; received 2 response(s) [abcd8826-c056-4817-bd0f-7af19a46d814<-b8f04e38-0663-4b1f-8efd-f76585c6e86c#0:FAIL-t134, abcd8826-c056-4817-bd0f-7af19a46d814<-73297ffa-40cb-4e3e-b33e-1bc2c1da60f5#0:FAIL-t134] and 0 exception(s); abcd8826-c056-4817-bd0f-7af19a46d814@group-5F52F902B742:t134, leader=null, voted=abcd8826-c056-4817-bd0f-7af19a46d814, raftlog=abcd8826-c056-4817-bd0f-7af19a46d814@group-5F52F902B742-SegmentedRaftLog:OPENED:c-1,f-1,i0, conf=-1: [b8f04e38-0663-4b1f-8efd-f76585c6e86c:192.168.157.251:35700, abcd8826-c056-4817-bd0f-7af19a46d814:192.168.157.251:46496, 73297ffa-40cb-4e3e-b33e-1bc2c1da60f5:192.168.157.251:32952], old=null
2019-10-17 18:51:01,788 [abcd8826-c056-4817-bd0f-7af19a46d814@group-5F52F902B742-LeaderElection250] INFO  impl.RaftServerImpl (RaftServerImpl.java:setRole(184)) - abcd8826-c056-4817-bd0f-7af19a46d814@group-5F52F902B742: changes role from CANDIDATE to FOLLOWER at term 134 for DISCOVERED_A_NEW_TERM
2019-10-17 18:51:01,788 [abcd8826-c056-4817-bd0f-7af19a46d814@group-5F52F902B742-LeaderElection250] INFO  impl.RoleInfo (RoleInfo.java:shutdownLeaderElection(134)) - abcd8826-c056-4817-bd0f-7af19a46d814: shutdown LeaderElection
2019-10-17 18:51:01,788 [abcd8826-c056-4817-bd0f-7af19a46d814@group-5F52F902B742-LeaderElection250] INFO  impl.RoleInfo (RoleInfo.java:updateAndGet(143)) - abcd8826-c056-4817-bd0f-7af19a46d814: start FollowerState
2019-10-17 18:51:01,802 [Thread-2091] INFO  impl.FollowerState (FollowerState.java:run(108)) - abcd8826-c056-4817-bd0f-7af19a46d814@group-5F52F902B742-FollowerState: change to CANDIDATE, lastRpcTime:13ms, electionTimeout:13ms
2019-10-17 18:51:01,802 [Thread-2091] INFO  impl.RoleInfo (RoleInfo.java:shutdownFollowerState(121)) - abcd8826-c056-4817-bd0f-7af19a46d814: shutdown FollowerState
2019-10-17 18:51:01,802 [Thread-2091] INFO  impl.RaftServerImpl (RaftServerImpl.java:setRole(184)) - abcd8826-c056-4817-bd0f-7af19a46d814@group-5F52F902B742: changes role from  FOLLOWER to CANDIDATE at term 134 for changeToCandidate
2019-10-17 18:51:01,802 [Thread-2091] INFO  impl.RoleInfo (RoleInfo.java:updateAndGet(143)) - abcd8826-c056-4817-bd0f-7af19a46d814: start LeaderElection
2019-10-17 18:51:01,827 [abcd8826-c056-4817-bd0f-7af19a46d814@group-5F52F902B742-LeaderElection251] INFO  impl.LeaderElection (LeaderElection.java:askForVotes(178)) - abcd8826-c056-4817-bd0f-7af19a46d814@group-5F52F902B742-LeaderElection251: begin an election at term 135 for -1: [b8f04e38-0663-4b1f-8efd-f76585c6e86c:192.168.157.251:35700, abcd8826-c056-4817-bd0f-7af19a46d814:192.168.157.251:46496, 73297ffa-40cb-4e3e-b33e-1bc2c1da60f5:192.168.157.251:32952], old=null
2019-10-17 18:51:01,829 [grpc-default-executor-0] INFO  impl.RaftServerImpl (RaftServerImpl.java:setRole(184)) - 73297ffa-40cb-4e3e-b33e-1bc2c1da60f5@group-5F52F902B742: changes role from  FOLLOWER to FOLLOWER at term 135 for recognizeCandidate:abcd8826-c056-4817-bd0f-7af19a46d814
2019-10-17 18:51:01,829 [grpc-default-executor-5] INFO  impl.RaftServerImpl (RaftServerImpl.java:setRole(184)) - b8f04e38-0663-4b1f-8efd-f76585c6e86c@group-5F52F902B742: changes role from  FOLLOWER to FOLLOWER at term 135 for recognizeCandidate:abcd8826-c056-4817-bd0f-7af19a46d814
2019-10-17 18:51:01,829 [grpc-default-executor-0] INFO  impl.RoleInfo (RoleInfo.java:shutdownFollowerState(121)) - 73297ffa-40cb-4e3e-b33e-1bc2c1da60f5: shutdown FollowerState
2019-10-17 18:51:01,830 [grpc-default-executor-5] INFO  impl.RoleInfo (RoleInfo.java:shutdownFollowerState(121)) - b8f04e38-0663-4b1f-8efd-f76585c6e86c: shutdown FollowerState
2019-10-17 18:51:01,830 [Thread-2089] INFO  impl.FollowerState (FollowerState.java:run(117)) - 73297ffa-40cb-4e3e-b33e-1bc2c1da60f5@group-5F52F902B742-FollowerState was interrupted: java.lang.InterruptedException: sleep interrupted
2019-10-17 18:51:01,830 [grpc-default-executor-0] INFO  impl.RoleInfo (RoleInfo.java:updateAndGet(143)) - 73297ffa-40cb-4e3e-b33e-1bc2c1da60f5: start FollowerState
2019-10-17 18:51:01,830 [Thread-2090] INFO  impl.FollowerState (FollowerState.java:run(117)) - b8f04e38-0663-4b1f-8efd-f76585c6e86c@group-5F52F902B742-FollowerState was interrupted: java.lang.InterruptedException: sleep interrupted
2019-10-17 18:51:01,830 [grpc-default-executor-5] INFO  impl.RoleInfo (RoleInfo.java:updateAndGet(143)) - b8f04e38-0663-4b1f-8efd-f76585c6e86c: start FollowerState
2019-10-17 18:51:01,837 [Thread-2085] INFO  impl.FollowerState (FollowerState.java:run(108)) - a5e79c22-a35f-4e50-b1fd-e91b6a93d74d@group-F775CA5912AC-FollowerState: change to CANDIDATE, lastRpcTime:179ms, electionTimeout:179ms
2019-10-17 18:51:01,837 [Thread-2085] INFO  impl.RoleInfo (RoleInfo.java:shutdownFollowerState(121)) - a5e79c22-a35f-4e50-b1fd-e91b6a93d74d: shutdown FollowerState
2019-10-17 18:51:01,838 [Thread-2085] INFO  impl.RaftServerImpl (RaftServerImpl.java:setRole(184)) - a5e79c22-a35f-4e50-b1fd-e91b6a93d74d@group-F775CA5912AC: changes role from  FOLLOWER to CANDIDATE at term 136 for changeToCandidate
2019-10-17 18:51:01,838 [Thread-2085] INFO  impl.RoleInfo (RoleInfo.java:updateAndGet(143)) - a5e79c22-a35f-4e50-b1fd-e91b6a93d74d: start LeaderElection
2019-10-17 18:51:01,855 [a5e79c22-a35f-4e50-b1fd-e91b6a93d74d@group-F775CA5912AC-LeaderElection252] INFO  impl.LeaderElection (LeaderElection.java:askForVotes(178)) - a5e79c22-a35f-4e50-b1fd-e91b6a93d74d@group-F775CA5912AC-LeaderElection252: begin an election at term 137 for -1: [a5e79c22-a35f-4e50-b1fd-e91b6a93d74d:192.168.157.251:45177, daae7813-f814-475d-9647-a302a5541e36:192.168.157.251:45025, 1e4e1375-1b66-460f-8c99-4c341545a119:192.168.157.251:42113], old=null
2019-10-17 18:51:01,856 [abcd8826-c056-4817-bd0f-7af19a46d814@group-5F52F902B742-LeaderElection251] INFO  impl.LeaderElection (LeaderElection.java:logAndReturn(56)) - abcd8826-c056-4817-bd0f-7af19a46d814@group-5F52F902B742-LeaderElection251: Election REJECTED; received 2 response(s) [abcd8826-c056-4817-bd0f-7af19a46d814<-b8f04e38-0663-4b1f-8efd-f76585c6e86c#0:FAIL-t135, abcd8826-c056-4817-bd0f-7af19a46d814<-73297ffa-40cb-4e3e-b33e-1bc2c1da60f5#0:FAIL-t135] and 0 exception(s); abcd8826-c056-4817-bd0f-7af19a46d814@group-5F52F902B742:t135, leader=null, voted=abcd8826-c056-4817-bd0f-7af19a46d814, raftlog=abcd8826-c056-4817-bd0f-7af19a46d814@group-5F52F902B742-SegmentedRaftLog:OPENED:c-1,f-1,i0, conf=-1: [b8f04e38-0663-4b1f-8efd-f76585c6e86c:192.168.157.251:35700, abcd8826-c056-4817-bd0f-7af19a46d814:192.168.157.251:46496, 73297ffa-40cb-4e3e-b33e-1bc2c1da60f5:192.168.157.251:32952], old=null
2019-10-17 18:51:01,856 [abcd8826-c056-4817-bd0f-7af19a46d814@group-5F52F902B742-LeaderElection251] INFO  impl.RaftServerImpl (RaftServerImpl.java:setRole(184)) - abcd8826-c056-4817-bd0f-7af19a46d814@group-5F52F902B742: changes role from CANDIDATE to FOLLOWER at term 135 for DISCOVERED_A_NEW_TERM
2019-10-17 18:51:01,856 [abcd8826-c056-4817-bd0f-7af19a46d814@group-5F52F902B742-LeaderElection251] INFO  impl.RoleInfo (RoleInfo.java:shutdownLeaderElection(134)) - abcd8826-c056-4817-bd0f-7af19a46d814: shutdown LeaderElection
2019-10-17 18:51:01,857 [abcd8826-c056-4817-bd0f-7af19a46d814@group-5F52F902B742-LeaderElection251] INFO  impl.RoleInfo (RoleInfo.java:updateAndGet(143)) - abcd8826-c056-4817-bd0f-7af19a46d814: start FollowerState
2019-10-17 18:51:01,857 [grpc-default-executor-5] INFO  impl.RaftServerImpl (RaftServerImpl.java:setRole(184)) - daae7813-f814-475d-9647-a302a5541e36@group-F775CA5912AC: changes role from  FOLLOWER to FOLLOWER at term 137 for recognizeCandidate:a5e79c22-a35f-4e50-b1fd-e91b6a93d74d
2019-10-17 18:51:01,857 [grpc-default-executor-5] INFO  impl.RoleInfo (RoleInfo.java:shutdownFollowerState(121)) - daae7813-f814-475d-9647-a302a5541e36: shutdown FollowerState
2019-10-17 18:51:01,857 [grpc-default-executor-0] INFO  impl.RaftServerImpl (RaftServerImpl.java:setRole(184)) - 1e4e1375-1b66-460f-8c99-4c341545a119@group-F775CA5912AC: changes role from  FOLLOWER to FOLLOWER at term 137 for recognizeCandidate:a5e79c22-a35f-4e50-b1fd-e91b6a93d74d
2019-10-17 18:51:01,857 [Thread-2083] INFO  impl.FollowerState (FollowerState.java:run(117)) - daae7813-f814-475d-9647-a302a5541e36@group-F775CA5912AC-FollowerState was interrupted: java.lang.InterruptedException: sleep interrupted
2019-10-17 18:51:01,857 [grpc-default-executor-5] INFO  impl.RoleInfo (RoleInfo.java:updateAndGet(143)) - daae7813-f814-475d-9647-a302a5541e36: start FollowerState
2019-10-17 18:51:01,858 [grpc-default-executor-0] INFO  impl.RoleInfo (RoleInfo.java:shutdownFollowerState(121)) - 1e4e1375-1b66-460f-8c99-4c341545a119: shutdown FollowerState
2019-10-17 18:51:01,858 [Thread-2084] INFO  impl.FollowerState (FollowerState.java:run(117)) - 1e4e1375-1b66-460f-8c99-4c341545a119@group-F775CA5912AC-FollowerState was interrupted: java.lang.InterruptedException: sleep interrupted
2019-10-17 18:51:01,858 [grpc-default-executor-0] INFO  impl.RoleInfo (RoleInfo.java:updateAndGet(143)) - 1e4e1375-1b66-460f-8c99-4c341545a119: start FollowerState
2019-10-17 18:51:01,872 [a5e79c22-a35f-4e50-b1fd-e91b6a93d74d@group-F775CA5912AC-LeaderElection252] INFO  impl.LeaderElection (LeaderElection.java:logAndReturn(56)) - a5e79c22-a35f-4e50-b1fd-e91b6a93d74d@group-F775CA5912AC-LeaderElection252: Election REJECTED; received 2 response(s) [a5e79c22-a35f-4e50-b1fd-e91b6a93d74d<-daae7813-f814-475d-9647-a302a5541e36#0:FAIL-t137, a5e79c22-a35f-4e50-b1fd-e91b6a93d74d<-1e4e1375-1b66-460f-8c99-4c341545a119#0:FAIL-t137] and 0 exception(s); a5e79c22-a35f-4e50-b1fd-e91b6a93d74d@group-F775CA5912AC:t137, leader=null, voted=a5e79c22-a35f-4e50-b1fd-e91b6a93d74d, raftlog=a5e79c22-a35f-4e50-b1fd-e91b6a93d74d@group-F775CA5912AC-SegmentedRaftLog:OPENED:c-1,f-1,i0, conf=-1: [a5e79c22-a35f-4e50-b1fd-e91b6a93d74d:192.168.157.251:45177, daae7813-f814-475d-9647-a302a5541e36:192.168.157.251:45025, 1e4e1375-1b66-460f-8c99-4c341545a119:192.168.157.251:42113], old=null
2019-10-17 18:51:01,872 [a5e79c22-a35f-4e50-b1fd-e91b6a93d74d@group-F775CA5912AC-LeaderElection252] INFO  impl.RaftServerImpl (RaftServerImpl.java:setRole(184)) - a5e79c22-a35f-4e50-b1fd-e91b6a93d74d@group-F775CA5912AC: changes role from CANDIDATE to FOLLOWER at term 137 for DISCOVERED_A_NEW_TERM
2019-10-17 18:51:01,872 [a5e79c22-a35f-4e50-b1fd-e91b6a93d74d@group-F775CA5912AC-LeaderElection252] INFO  impl.RoleInfo (RoleInfo.java:shutdownLeaderElection(134)) - a5e79c22-a35f-4e50-b1fd-e91b6a93d74d: shutdown LeaderElection
2019-10-17 18:51:01,872 [a5e79c22-a35f-4e50-b1fd-e91b6a93d74d@group-F775CA5912AC-LeaderElection252] INFO  impl.RoleInfo (RoleInfo.java:updateAndGet(143)) - a5e79c22-a35f-4e50-b1fd-e91b6a93d74d: start FollowerState
2019-10-17 18:51:01,915 [Thread-2100] INFO  impl.FollowerState (FollowerState.java:run(108)) - abcd8826-c056-4817-bd0f-7af19a46d814@group-5F52F902B742-FollowerState: change to CANDIDATE, lastRpcTime:58ms, electionTimeout:58ms
2019-10-17 18:51:01,915 [Thread-2100] INFO  impl.RoleInfo (RoleInfo.java:shutdownFollowerState(121)) - abcd8826-c056-4817-bd0f-7af19a46d814: shutdown FollowerState
2019-10-17 18:51:01,915 [Thread-2100] INFO  impl.RaftServerImpl (RaftServerImpl.java:setRole(184)) - abcd8826-c056-4817-bd0f-7af19a46d814@group-5F52F902B742: changes role from  FOLLOWER to CANDIDATE at term 135 for changeToCandidate
2019-10-17 18:51:01,915 [Thread-2100] INFO  impl.RoleInfo (RoleInfo.java:updateAndGet(143)) - abcd8826-c056-4817-bd0f-7af19a46d814: start LeaderElection
2019-10-17 18:51:01,930 [abcd8826-c056-4817-bd0f-7af19a46d814@group-5F52F902B742-LeaderElection253] INFO  impl.LeaderElection (LeaderElection.java:askForVotes(178)) - abcd8826-c056-4817-bd0f-7af19a46d814@group-5F52F902B742-LeaderElection253: begin an election at term 136 for -1: [b8f04e38-0663-4b1f-8efd-f76585c6e86c:192.168.157.251:35700, abcd8826-c056-4817-bd0f-7af19a46d814:192.168.157.251:46496, 73297ffa-40cb-4e3e-b33e-1bc2c1da60f5:192.168.157.251:32952], old=null
2019-10-17 18:51:01,933 [grpc-default-executor-5] INFO  impl.RaftServerImpl (RaftServerImpl.java:setRole(184)) - 73297ffa-40cb-4e3e-b33e-1bc2c1da60f5@group-5F52F902B742: changes role from  FOLLOWER to FOLLOWER at term 136 for recognizeCandidate:abcd8826-c056-4817-bd0f-7af19a46d814
2019-10-17 18:51:01,933 [grpc-default-executor-5] INFO  impl.RoleInfo (RoleInfo.java:shutdownFollowerState(121)) - 73297ffa-40cb-4e3e-b33e-1bc2c1da60f5: shutdown FollowerState
2019-10-17 18:51:01,933 [grpc-default-executor-0] INFO  impl.RaftServerImpl (RaftServerImpl.java:setRole(184)) - b8f04e38-0663-4b1f-8efd-f76585c6e86c@group-5F52F902B742: changes role from  FOLLOWER to FOLLOWER at term 136 for recognizeCandidate:abcd8826-c056-4817-bd0f-7af19a46d814
2019-10-17 18:51:01,933 [grpc-default-executor-5] INFO  impl.RoleInfo (RoleInfo.java:updateAndGet(143)) - 73297ffa-40cb-4e3e-b33e-1bc2c1da60f5: start FollowerState
2019-10-17 18:51:01,933 [Thread-2095] INFO  impl.FollowerState (FollowerState.java:run(117)) - 73297ffa-40cb-4e3e-b33e-1bc2c1da60f5@group-5F52F902B742-FollowerState was interrupted: java.lang.InterruptedException: sleep interrupted
2019-10-17 18:51:01,933 [grpc-default-executor-0] INFO  impl.RoleInfo (RoleInfo.java:shutdownFollowerState(121)) - b8f04e38-0663-4b1f-8efd-f76585c6e86c: shutdown FollowerState
2019-10-17 18:51:01,934 [grpc-default-executor-0] INFO  impl.RoleInfo (RoleInfo.java:updateAndGet(143)) - b8f04e38-0663-4b1f-8efd-f76585c6e86c: start FollowerState
2019-10-17 18:51:01,934 [Thread-2096] INFO  impl.FollowerState (FollowerState.java:run(117)) - b8f04e38-0663-4b1f-8efd-f76585c6e86c@group-5F52F902B742-FollowerState was interrupted: java.lang.InterruptedException: sleep interrupted
2019-10-17 18:51:01,947 [abcd8826-c056-4817-bd0f-7af19a46d814@group-5F52F902B742-LeaderElection253] INFO  impl.LeaderElection (LeaderElection.java:logAndReturn(56)) - abcd8826-c056-4817-bd0f-7af19a46d814@group-5F52F902B742-LeaderElection253: Election REJECTED; received 2 response(s) [abcd8826-c056-4817-bd0f-7af19a46d814<-b8f04e38-0663-4b1f-8efd-f76585c6e86c#0:FAIL-t136, abcd8826-c056-4817-bd0f-7af19a46d814<-73297ffa-40cb-4e3e-b33e-1bc2c1da60f5#0:FAIL-t136] and 0 exception(s); abcd8826-c056-4817-bd0f-7af19a46d814@group-5F52F902B742:t136, leader=null, voted=abcd8826-c056-4817-bd0f-7af19a46d814, raftlog=abcd8826-c056-4817-bd0f-7af19a46d814@group-5F52F902B742-SegmentedRaftLog:OPENED:c-1,f-1,i0, conf=-1: [b8f04e38-0663-4b1f-8efd-f76585c6e86c:192.168.157.251:35700, abcd8826-c056-4817-bd0f-7af19a46d814:192.168.157.251:46496, 73297ffa-40cb-4e3e-b33e-1bc2c1da60f5:192.168.157.251:32952], old=null
2019-10-17 18:51:01,947 [abcd8826-c056-4817-bd0f-7af19a46d814@group-5F52F902B742-LeaderElection253] INFO  impl.RaftServerImpl (RaftServerImpl.java:setRole(184)) - abcd8826-c056-4817-bd0f-7af19a46d814@group-5F52F902B742: changes role from CANDIDATE to FOLLOWER at term 136 for DISCOVERED_A_NEW_TERM
2019-10-17 18:51:01,948 [abcd8826-c056-4817-bd0f-7af19a46d814@group-5F52F902B742-LeaderElection253] INFO  impl.RoleInfo (RoleInfo.java:shutdownLeaderElection(134)) - abcd8826-c056-4817-bd0f-7af19a46d814: shutdown LeaderElection
2019-10-17 18:51:01,948 [abcd8826-c056-4817-bd0f-7af19a46d814@group-5F52F902B742-LeaderElection253] INFO  impl.RoleInfo (RoleInfo.java:updateAndGet(143)) - abcd8826-c056-4817-bd0f-7af19a46d814: start FollowerState
2019-10-17 18:51:02,014 [Thread-2103] INFO  impl.FollowerState (FollowerState.java:run(108)) - a5e79c22-a35f-4e50-b1fd-e91b6a93d74d@group-F775CA5912AC-FollowerState: change to CANDIDATE, lastRpcTime:141ms, electionTimeout:141ms
2019-10-17 18:51:02,014 [Thread-2103] INFO  impl.RoleInfo (RoleInfo.java:shutdownFollowerState(121)) - a5e79c22-a35f-4e50-b1fd-e91b6a93d74d: shutdown FollowerState
2019-10-17 18:51:02,014 [Thread-2103] INFO  impl.RaftServerImpl (RaftServerImpl.java:setRole(184)) - a5e79c22-a35f-4e50-b1fd-e91b6a93d74d@group-F775CA5912AC: changes role from  FOLLOWER to CANDIDATE at term 137 for changeToCandidate
2019-10-17 18:51:02,014 [Thread-2103] INFO  impl.RoleInfo (RoleInfo.java:updateAndGet(143)) - a5e79c22-a35f-4e50-b1fd-e91b6a93d74d: start LeaderElection
2019-10-17 18:51:02,029 [a5e79c22-a35f-4e50-b1fd-e91b6a93d74d@group-F775CA5912AC-LeaderElection254] INFO  impl.LeaderElection (LeaderElection.java:askForVotes(178)) - a5e79c22-a35f-4e50-b1fd-e91b6a93d74d@group-F775CA5912AC-LeaderElection254: begin an election at term 138 for -1: [a5e79c22-a35f-4e50-b1fd-e91b6a93d74d:192.168.157.251:45177, daae7813-f814-475d-9647-a302a5541e36:192.168.157.251:45025, 1e4e1375-1b66-460f-8c99-4c341545a119:192.168.157.251:42113], old=null
2019-10-17 18:51:02,031 [grpc-default-executor-5] INFO  impl.RaftServerImpl (RaftServerImpl.java:setRole(184)) - 1e4e1375-1b66-460f-8c99-4c341545a119@group-F775CA5912AC: changes role from  FOLLOWER to FOLLOWER at term 138 for recognizeCandidate:a5e79c22-a35f-4e50-b1fd-e91b6a93d74d
2019-10-17 18:51:02,031 [grpc-default-executor-5] INFO  impl.RoleInfo (RoleInfo.java:shutdownFollowerState(121)) - 1e4e1375-1b66-460f-8c99-4c341545a119: shutdown FollowerState
2019-10-17 18:51:02,032 [grpc-default-executor-5] INFO  impl.RoleInfo (RoleInfo.java:updateAndGet(143)) - 1e4e1375-1b66-460f-8c99-4c341545a119: start FollowerState
2019-10-17 18:51:02,032 [grpc-default-executor-0] INFO  impl.RaftServerImpl (RaftServerImpl.java:setRole(184)) - daae7813-f814-475d-9647-a302a5541e36@group-F775CA5912AC: changes role from  FOLLOWER to FOLLOWER at term 138 for recognizeCandidate:a5e79c22-a35f-4e50-b1fd-e91b6a93d74d
2019-10-17 18:51:02,032 [Thread-2102] INFO  impl.FollowerState (FollowerState.java:run(117)) - 1e4e1375-1b66-460f-8c99-4c341545a119@group-F775CA5912AC-FollowerState was interrupted: java.lang.InterruptedException: sleep interrupted
2019-10-17 18:51:02,032 [grpc-default-executor-0] INFO  impl.RoleInfo (RoleInfo.java:shutdownFollowerState(121)) - daae7813-f814-475d-9647-a302a5541e36: shutdown FollowerState
2019-10-17 18:51:02,032 [grpc-default-executor-0] INFO  impl.RoleInfo (RoleInfo.java:updateAndGet(143)) - daae7813-f814-475d-9647-a302a5541e36: start FollowerState
2019-10-17 18:51:02,032 [Thread-2101] INFO  impl.FollowerState (FollowerState.java:run(117)) - daae7813-f814-475d-9647-a302a5541e36@group-F775CA5912AC-FollowerState was interrupted: java.lang.InterruptedException: sleep interrupted
2019-10-17 18:51:02,051 [a5e79c22-a35f-4e50-b1fd-e91b6a93d74d@group-F775CA5912AC-LeaderElection254] INFO  impl.LeaderElection (LeaderElection.java:logAndReturn(56)) - a5e79c22-a35f-4e50-b1fd-e91b6a93d74d@group-F775CA5912AC-LeaderElection254: Election REJECTED; received 2 response(s) [a5e79c22-a35f-4e50-b1fd-e91b6a93d74d<-daae7813-f814-475d-9647-a302a5541e36#0:FAIL-t138, a5e79c22-a35f-4e50-b1fd-e91b6a93d74d<-1e4e1375-1b66-460f-8c99-4c341545a119#0:FAIL-t138] and 0 exception(s); a5e79c22-a35f-4e50-b1fd-e91b6a93d74d@group-F775CA5912AC:t138, leader=null, voted=a5e79c22-a35f-4e50-b1fd-e91b6a93d74d, raftlog=a5e79c22-a35f-4e50-b1fd-e91b6a93d74d@group-F775CA5912AC-SegmentedRaftLog:OPENED:c-1,f-1,i0, conf=-1: [a5e79c22-a35f-4e50-b1fd-e91b6a93d74d:192.168.157.251:45177, daae7813-f814-475d-9647-a302a5541e36:192.168.157.251:45025, 1e4e1375-1b66-460f-8c99-4c341545a119:192.168.157.251:42113], old=null
2019-10-17 18:51:02,051 [a5e79c22-a35f-4e50-b1fd-e91b6a93d74d@group-F775CA5912AC-LeaderElection254] INFO  impl.RaftServerImpl (RaftServerImpl.java:setRole(184)) - a5e79c22-a35f-4e50-b1fd-e91b6a93d74d@group-F775CA5912AC: changes role from CANDIDATE to FOLLOWER at term 138 for DISCOVERED_A_NEW_TERM
2019-10-17 18:51:02,051 [a5e79c22-a35f-4e50-b1fd-e91b6a93d74d@group-F775CA5912AC-LeaderElection254] INFO  impl.RoleInfo (RoleInfo.java:shutdownLeaderElection(134)) - a5e79c22-a35f-4e50-b1fd-e91b6a93d74d: shutdown LeaderElection
2019-10-17 18:51:02,051 [a5e79c22-a35f-4e50-b1fd-e91b6a93d74d@group-F775CA5912AC-LeaderElection254] INFO  impl.RoleInfo (RoleInfo.java:updateAndGet(143)) - a5e79c22-a35f-4e50-b1fd-e91b6a93d74d: start FollowerState
2019-10-17 18:51:02,115 [Thread-2111] INFO  impl.FollowerState (FollowerState.java:run(108)) - abcd8826-c056-4817-bd0f-7af19a46d814@group-5F52F902B742-FollowerState: change to CANDIDATE, lastRpcTime:167ms, electionTimeout:167ms
2019-10-17 18:51:02,116 [Thread-2111] INFO  impl.RoleInfo (RoleInfo.java:shutdownFollowerState(121)) - abcd8826-c056-4817-bd0f-7af19a46d814: shutdown FollowerState
2019-10-17 18:51:02,116 [Thread-2111] INFO  impl.RaftServerImpl (RaftServerImpl.java:setRole(184)) - abcd8826-c056-4817-bd0f-7af19a46d814@group-5F52F902B742: changes role from  FOLLOWER to CANDIDATE at term 136 for changeToCandidate
2019-10-17 18:51:02,117 [Thread-2111] INFO  impl.RoleInfo (RoleInfo.java:updateAndGet(143)) - abcd8826-c056-4817-bd0f-7af19a46d814: start LeaderElection
2019-10-17 18:51:02,144 [abcd8826-c056-4817-bd0f-7af19a46d814@group-5F52F902B742-LeaderElection255] INFO  impl.LeaderElection (LeaderElection.java:askForVotes(178)) - abcd8826-c056-4817-bd0f-7af19a46d814@group-5F52F902B742-LeaderElection255: begin an election at term 137 for -1: [b8f04e38-0663-4b1f-8efd-f76585c6e86c:192.168.157.251:35700, abcd8826-c056-4817-bd0f-7af19a46d814:192.168.157.251:46496, 73297ffa-40cb-4e3e-b33e-1bc2c1da60f5:192.168.157.251:32952], old=null
2019-10-17 18:51:02,150 [grpc-default-executor-0] INFO  impl.RaftServerImpl (RaftServerImpl.java:setRole(184)) - b8f04e38-0663-4b1f-8efd-f76585c6e86c@group-5F52F902B742: changes role from  FOLLOWER to FOLLOWER at term 137 for recognizeCandidate:abcd8826-c056-4817-bd0f-7af19a46d814
2019-10-17 18:51:02,150 [grpc-default-executor-5] INFO  impl.RaftServerImpl (RaftServerImpl.java:setRole(184)) - 73297ffa-40cb-4e3e-b33e-1bc2c1da60f5@group-5F52F902B742: changes role from  FOLLOWER to FOLLOWER at term 137 for recognizeCandidate:abcd8826-c056-4817-bd0f-7af19a46d814
2019-10-17 18:51:02,151 [grpc-default-executor-0] INFO  impl.RoleInfo (RoleInfo.java:shutdownFollowerState(121)) - b8f04e38-0663-4b1f-8efd-f76585c6e86c: shutdown FollowerState
2019-10-17 18:51:02,151 [grpc-default-executor-5] INFO  impl.RoleInfo (RoleInfo.java:shutdownFollowerState(121)) - 73297ffa-40cb-4e3e-b33e-1bc2c1da60f5: shutdown FollowerState
2019-10-17 18:51:02,151 [grpc-default-executor-0] INFO  impl.RoleInfo (RoleInfo.java:updateAndGet(143)) - b8f04e38-0663-4b1f-8efd-f76585c6e86c: start FollowerState
2019-10-17 18:51:02,151 [Thread-2110] INFO  impl.FollowerState (FollowerState.java:run(117)) - b8f04e38-0663-4b1f-8efd-f76585c6e86c@group-5F52F902B742-FollowerState was interrupted: java.lang.InterruptedException: sleep interrupted
2019-10-17 18:51:02,151 [grpc-default-executor-5] INFO  impl.RoleInfo (RoleInfo.java:updateAndGet(143)) - 73297ffa-40cb-4e3e-b33e-1bc2c1da60f5: start FollowerState
2019-10-17 18:51:02,151 [Thread-2109] INFO  impl.FollowerState (FollowerState.java:run(117)) - 73297ffa-40cb-4e3e-b33e-1bc2c1da60f5@group-5F52F902B742-FollowerState was interrupted: java.lang.InterruptedException: sleep interrupted
2019-10-17 18:51:02,166 [abcd8826-c056-4817-bd0f-7af19a46d814@group-5F52F902B742-LeaderElection255] INFO  impl.LeaderElection (LeaderElection.java:logAndReturn(56)) - abcd8826-c056-4817-bd0f-7af19a46d814@group-5F52F902B742-LeaderElection255: Election REJECTED; received 2 response(s) [abcd8826-c056-4817-bd0f-7af19a46d814<-b8f04e38-0663-4b1f-8efd-f76585c6e86c#0:FAIL-t137, abcd8826-c056-4817-bd0f-7af19a46d814<-73297ffa-40cb-4e3e-b33e-1bc2c1da60f5#0:FAIL-t137] and 0 exception(s); abcd8826-c056-4817-bd0f-7af19a46d814@group-5F52F902B742:t137, leader=null, voted=abcd8826-c056-4817-bd0f-7af19a46d814, raftlog=abcd8826-c056-4817-bd0f-7af19a46d814@group-5F52F902B742-SegmentedRaftLog:OPENED:c-1,f-1,i0, conf=-1: [b8f04e38-0663-4b1f-8efd-f76585c6e86c:192.168.157.251:35700, abcd8826-c056-4817-bd0f-7af19a46d814:192.168.157.251:46496, 73297ffa-40cb-4e3e-b33e-1bc2c1da60f5:192.168.157.251:32952], old=null
2019-10-17 18:51:02,167 [abcd8826-c056-4817-bd0f-7af19a46d814@group-5F52F902B742-LeaderElection255] INFO  impl.RaftServerImpl (RaftServerImpl.java:setRole(184)) - abcd8826-c056-4817-bd0f-7af19a46d814@group-5F52F902B742: changes role from CANDIDATE to FOLLOWER at term 137 for DISCOVERED_A_NEW_TERM
2019-10-17 18:51:02,167 [abcd8826-c056-4817-bd0f-7af19a46d814@group-5F52F902B742-LeaderElection255] INFO  impl.RoleInfo (RoleInfo.java:shutdownLeaderElection(134)) - abcd8826-c056-4817-bd0f-7af19a46d814: shutdown LeaderElection
2019-10-17 18:51:02,167 [abcd8826-c056-4817-bd0f-7af19a46d814@group-5F52F902B742-LeaderElection255] INFO  impl.RoleInfo (RoleInfo.java:updateAndGet(143)) - abcd8826-c056-4817-bd0f-7af19a46d814: start FollowerState
2019-10-17 18:51:02,200 [Thread-2117] INFO  impl.FollowerState (FollowerState.java:run(108)) - a5e79c22-a35f-4e50-b1fd-e91b6a93d74d@group-F775CA5912AC-FollowerState: change to CANDIDATE, lastRpcTime:148ms, electionTimeout:148ms
2019-10-17 18:51:02,200 [Thread-2117] INFO  impl.RoleInfo (RoleInfo.java:shutdownFollowerState(121)) - a5e79c22-a35f-4e50-b1fd-e91b6a93d74d: shutdown FollowerState
2019-10-17 18:51:02,200 [Thread-2117] INFO  impl.RaftServerImpl (RaftServerImpl.java:setRole(184)) - a5e79c22-a35f-4e50-b1fd-e91b6a93d74d@group-F775CA5912AC: changes role from  FOLLOWER to CANDIDATE at term 138 for changeToCandidate
2019-10-17 18:51:02,200 [Thread-2117] INFO  impl.RoleInfo (RoleInfo.java:updateAndGet(143)) - a5e79c22-a35f-4e50-b1fd-e91b6a93d74d: start LeaderElection
2019-10-17 18:51:02,212 [Thread-2124] INFO  impl.FollowerState (FollowerState.java:run(108)) - abcd8826-c056-4817-bd0f-7af19a46d814@group-5F52F902B742-FollowerState: change to CANDIDATE, lastRpcTime:45ms, electionTimeout:45ms
2019-10-17 18:51:02,212 [Thread-2124] INFO  impl.RoleInfo (RoleInfo.java:shutdownFollowerState(121)) - abcd8826-c056-4817-bd0f-7af19a46d814: shutdown FollowerState
2019-10-17 18:51:02,213 [Thread-2124] INFO  impl.RaftServerImpl (RaftServerImpl.java:setRole(184)) - abcd8826-c056-4817-bd0f-7af19a46d814@group-5F52F902B742: changes role from  FOLLOWER to CANDIDATE at term 137 for changeToCandidate
2019-10-17 18:51:02,213 [Thread-2124] INFO  impl.RoleInfo (RoleInfo.java:updateAndGet(143)) - abcd8826-c056-4817-bd0f-7af19a46d814: start LeaderElection
2019-10-17 18:51:02,215 [a5e79c22-a35f-4e50-b1fd-e91b6a93d74d@group-F775CA5912AC-LeaderElection256] INFO  impl.LeaderElection (LeaderElection.java:askForVotes(178)) - a5e79c22-a35f-4e50-b1fd-e91b6a93d74d@group-F775CA5912AC-LeaderElection256: begin an election at term 139 for -1: [a5e79c22-a35f-4e50-b1fd-e91b6a93d74d:192.168.157.251:45177, daae7813-f814-475d-9647-a302a5541e36:192.168.157.251:45025, 1e4e1375-1b66-460f-8c99-4c341545a119:192.168.157.251:42113], old=null
2019-10-17 18:51:02,217 [grpc-default-executor-5] INFO  impl.RaftServerImpl (RaftServerImpl.java:setRole(184)) - daae7813-f814-475d-9647-a302a5541e36@group-F775CA5912AC: changes role from  FOLLOWER to FOLLOWER at term 139 for recognizeCandidate:a5e79c22-a35f-4e50-b1fd-e91b6a93d74d
2019-10-17 18:51:02,217 [grpc-default-executor-5] INFO  impl.RoleInfo (RoleInfo.java:shutdownFollowerState(121)) - daae7813-f814-475d-9647-a302a5541e36: shutdown FollowerState
2019-10-17 18:51:02,217 [grpc-default-executor-5] INFO  impl.RoleInfo (RoleInfo.java:updateAndGet(143)) - daae7813-f814-475d-9647-a302a5541e36: start FollowerState
2019-10-17 18:51:02,217 [grpc-default-executor-0] INFO  impl.RaftServerImpl (RaftServerImpl.java:setRole(184)) - 1e4e1375-1b66-460f-8c99-4c341545a119@group-F775CA5912AC: changes role from  FOLLOWER to FOLLOWER at term 139 for recognizeCandidate:a5e79c22-a35f-4e50-b1fd-e91b6a93d74d
2019-10-17 18:51:02,217 [Thread-2116] INFO  impl.FollowerState (FollowerState.java:run(117)) - daae7813-f814-475d-9647-a302a5541e36@group-F775CA5912AC-FollowerState was interrupted: java.lang.InterruptedException: sleep interrupted
2019-10-17 18:51:02,217 [grpc-default-executor-0] INFO  impl.RoleInfo (RoleInfo.java:shutdownFollowerState(121)) - 1e4e1375-1b66-460f-8c99-4c341545a119: shutdown FollowerState
2019-10-17 18:51:02,217 [grpc-default-executor-0] INFO  impl.RoleInfo (RoleInfo.java:updateAndGet(143)) - 1e4e1375-1b66-460f-8c99-4c341545a119: start FollowerState
2019-10-17 18:51:02,217 [Thread-2115] INFO  impl.FollowerState (FollowerState.java:run(117)) - 1e4e1375-1b66-460f-8c99-4c341545a119@group-F775CA5912AC-FollowerState was interrupted: java.lang.InterruptedException: sleep interrupted
2019-10-17 18:51:02,228 [abcd8826-c056-4817-bd0f-7af19a46d814@group-5F52F902B742-LeaderElection257] INFO  impl.LeaderElection (LeaderElection.java:askForVotes(178)) - abcd8826-c056-4817-bd0f-7af19a46d814@group-5F52F902B742-LeaderElection257: begin an election at term 138 for -1: [b8f04e38-0663-4b1f-8efd-f76585c6e86c:192.168.157.251:35700, abcd8826-c056-4817-bd0f-7af19a46d814:192.168.157.251:46496, 73297ffa-40cb-4e3e-b33e-1bc2c1da60f5:192.168.157.251:32952], old=null
2019-10-17 18:51:02,229 [a5e79c22-a35f-4e50-b1fd-e91b6a93d74d@group-F775CA5912AC-LeaderElection256] INFO  impl.LeaderElection (LeaderElection.java:logAndReturn(56)) - a5e79c22-a35f-4e50-b1fd-e91b6a93d74d@group-F775CA5912AC-LeaderElection256: Election REJECTED; received 2 response(s) [a5e79c22-a35f-4e50-b1fd-e91b6a93d74d<-daae7813-f814-475d-9647-a302a5541e36#0:FAIL-t139, a5e79c22-a35f-4e50-b1fd-e91b6a93d74d<-1e4e1375-1b66-460f-8c99-4c341545a119#0:FAIL-t139] and 0 exception(s); a5e79c22-a35f-4e50-b1fd-e91b6a93d74d@group-F775CA5912AC:t139, leader=null, voted=a5e79c22-a35f-4e50-b1fd-e91b6a93d74d, raftlog=a5e79c22-a35f-4e50-b1fd-e91b6a93d74d@group-F775CA5912AC-SegmentedRaftLog:OPENED:c-1,f-1,i0, conf=-1: [a5e79c22-a35f-4e50-b1fd-e91b6a93d74d:192.168.157.251:45177, daae7813-f814-475d-9647-a302a5541e36:192.168.157.251:45025, 1e4e1375-1b66-460f-8c99-4c341545a119:192.168.157.251:42113], old=null
2019-10-17 18:51:02,229 [a5e79c22-a35f-4e50-b1fd-e91b6a93d74d@group-F775CA5912AC-LeaderElection256] INFO  impl.RaftServerImpl (RaftServerImpl.java:setRole(184)) - a5e79c22-a35f-4e50-b1fd-e91b6a93d74d@group-F775CA5912AC: changes role from CANDIDATE to FOLLOWER at term 139 for DISCOVERED_A_NEW_TERM
2019-10-17 18:51:02,229 [a5e79c22-a35f-4e50-b1fd-e91b6a93d74d@group-F775CA5912AC-LeaderElection256] INFO  impl.RoleInfo (RoleInfo.java:shutdownLeaderElection(134)) - a5e79c22-a35f-4e50-b1fd-e91b6a93d74d: shutdown LeaderElection
2019-10-17 18:51:02,229 [a5e79c22-a35f-4e50-b1fd-e91b6a93d74d@group-F775CA5912AC-LeaderElection256] INFO  impl.RoleInfo (RoleInfo.java:updateAndGet(143)) - a5e79c22-a35f-4e50-b1fd-e91b6a93d74d: start FollowerState
2019-10-17 18:51:02,229 [grpc-default-executor-0] INFO  impl.RaftServerImpl (RaftServerImpl.java:setRole(184)) - b8f04e38-0663-4b1f-8efd-f76585c6e86c@group-5F52F902B742: changes role from  FOLLOWER to FOLLOWER at term 138 for recognizeCandidate:abcd8826-c056-4817-bd0f-7af19a46d814
2019-10-17 18:51:02,229 [grpc-default-executor-0] INFO  impl.RoleInfo (RoleInfo.java:shutdownFollowerState(121)) - b8f04e38-0663-4b1f-8efd-f76585c6e86c: shutdown FollowerState
2019-10-17 18:51:02,229 [grpc-default-executor-0] INFO  impl.RoleInfo (RoleInfo.java:updateAndGet(143)) - b8f04e38-0663-4b1f-8efd-f76585c6e86c: start FollowerState
2019-10-17 18:51:02,230 [Thread-2121] INFO  impl.FollowerState (FollowerState.java:run(117)) - b8f04e38-0663-4b1f-8efd-f76585c6e86c@group-5F52F902B742-FollowerState was interrupted: java.lang.InterruptedException: sleep interrupted
2019-10-17 18:51:02,230 [grpc-default-executor-5] INFO  impl.RaftServerImpl (RaftServerImpl.java:setRole(184)) - 73297ffa-40cb-4e3e-b33e-1bc2c1da60f5@group-5F52F902B742: changes role from  FOLLOWER to FOLLOWER at term 138 for recognizeCandidate:abcd8826-c056-4817-bd0f-7af19a46d814
2019-10-17 18:51:02,230 [grpc-default-executor-5] INFO  impl.RoleInfo (RoleInfo.java:shutdownFollowerState(121)) - 73297ffa-40cb-4e3e-b33e-1bc2c1da60f5: shutdown FollowerState
2019-10-17 18:51:02,230 [grpc-default-executor-5] INFO  impl.RoleInfo (RoleInfo.java:updateAndGet(143)) - 73297ffa-40cb-4e3e-b33e-1bc2c1da60f5: start FollowerState
2019-10-17 18:51:02,230 [Thread-2122] INFO  impl.FollowerState (FollowerState.java:run(117)) - 73297ffa-40cb-4e3e-b33e-1bc2c1da60f5@group-5F52F902B742-FollowerState was interrupted: java.lang.InterruptedException: sleep interrupted
2019-10-17 18:51:02,245 [abcd8826-c056-4817-bd0f-7af19a46d814@group-5F52F902B742-LeaderElection257] INFO  impl.LeaderElection (LeaderElection.java:logAndReturn(56)) - abcd8826-c056-4817-bd0f-7af19a46d814@group-5F52F902B742-LeaderElection257: Election REJECTED; received 2 response(s) [abcd8826-c056-4817-bd0f-7af19a46d814<-b8f04e38-0663-4b1f-8efd-f76585c6e86c#0:FAIL-t138, abcd8826-c056-4817-bd0f-7af19a46d814<-73297ffa-40cb-4e3e-b33e-1bc2c1da60f5#0:FAIL-t138] and 0 exception(s); abcd8826-c056-4817-bd0f-7af19a46d814@group-5F52F902B742:t138, leader=null, voted=abcd8826-c056-4817-bd0f-7af19a46d814, raftlog=abcd8826-c056-4817-bd0f-7af19a46d814@group-5F52F902B742-SegmentedRaftLog:OPENED:c-1,f-1,i0, conf=-1: [b8f04e38-0663-4b1f-8efd-f76585c6e86c:192.168.157.251:35700, abcd8826-c056-4817-bd0f-7af19a46d814:192.168.157.251:46496, 73297ffa-40cb-4e3e-b33e-1bc2c1da60f5:192.168.157.251:32952], old=null
2019-10-17 18:51:02,245 [abcd8826-c056-4817-bd0f-7af19a46d814@group-5F52F902B742-LeaderElection257] INFO  impl.RaftServerImpl (RaftServerImpl.java:setRole(184)) - abcd8826-c056-4817-bd0f-7af19a46d814@group-5F52F902B742: changes role from CANDIDATE to FOLLOWER at term 138 for DISCOVERED_A_NEW_TERM
2019-10-17 18:51:02,246 [abcd8826-c056-4817-bd0f-7af19a46d814@group-5F52F902B742-LeaderElection257] INFO  impl.RoleInfo (RoleInfo.java:shutdownLeaderElection(134)) - abcd8826-c056-4817-bd0f-7af19a46d814: shutdown LeaderElection
2019-10-17 18:51:02,246 [abcd8826-c056-4817-bd0f-7af19a46d814@group-5F52F902B742-LeaderElection257] INFO  impl.RoleInfo (RoleInfo.java:updateAndGet(143)) - abcd8826-c056-4817-bd0f-7af19a46d814: start FollowerState
2019-10-17 18:51:02,409 [Thread-2134] INFO  impl.FollowerState (FollowerState.java:run(108)) - a5e79c22-a35f-4e50-b1fd-e91b6a93d74d@group-F775CA5912AC-FollowerState: change to CANDIDATE, lastRpcTime:179ms, electionTimeout:179ms
2019-10-17 18:51:02,409 [Thread-2134] INFO  impl.RoleInfo (RoleInfo.java:shutdownFollowerState(121)) - a5e79c22-a35f-4e50-b1fd-e91b6a93d74d: shutdown FollowerState
2019-10-17 18:51:02,409 [Thread-2134] INFO  impl.RaftServerImpl (RaftServerImpl.java:setRole(184)) - a5e79c22-a35f-4e50-b1fd-e91b6a93d74d@group-F775CA5912AC: changes role from  FOLLOWER to CANDIDATE at term 139 for changeToCandidate
2019-10-17 18:51:02,409 [Thread-2134] INFO  impl.RoleInfo (RoleInfo.java:updateAndGet(143)) - a5e79c22-a35f-4e50-b1fd-e91b6a93d74d: start LeaderElection
2019-10-17 18:51:02,423 [a5e79c22-a35f-4e50-b1fd-e91b6a93d74d@group-F775CA5912AC-LeaderElection258] INFO  impl.LeaderElection (LeaderElection.java:askForVotes(178)) - a5e79c22-a35f-4e50-b1fd-e91b6a93d74d@group-F775CA5912AC-LeaderElection258: begin an election at term 140 for -1: [a5e79c22-a35f-4e50-b1fd-e91b6a93d74d:192.168.157.251:45177, daae7813-f814-475d-9647-a302a5541e36:192.168.157.251:45025, 1e4e1375-1b66-460f-8c99-4c341545a119:192.168.157.251:42113], old=null
2019-10-17 18:51:02,425 [grpc-default-executor-0] INFO  impl.RaftServerImpl (RaftServerImpl.java:setRole(184)) - daae7813-f814-475d-9647-a302a5541e36@group-F775CA5912AC: changes role from  FOLLOWER to FOLLOWER at term 140 for recognizeCandidate:a5e79c22-a35f-4e50-b1fd-e91b6a93d74d
2019-10-17 18:51:02,425 [grpc-default-executor-5] INFO  impl.RaftServerImpl (RaftServerImpl.java:setRole(184)) - 1e4e1375-1b66-460f-8c99-4c341545a119@group-F775CA5912AC: changes role from  FOLLOWER to FOLLOWER at term 140 for recognizeCandidate:a5e79c22-a35f-4e50-b1fd-e91b6a93d74d
2019-10-17 18:51:02,425 [grpc-default-executor-0] INFO  impl.RoleInfo (RoleInfo.java:shutdownFollowerState(121)) - daae7813-f814-475d-9647-a302a5541e36: shutdown FollowerState
2019-10-17 18:51:02,425 [grpc-default-executor-5] INFO  impl.RoleInfo (RoleInfo.java:shutdownFollowerState(121)) - 1e4e1375-1b66-460f-8c99-4c341545a119: shutdown FollowerState
2019-10-17 18:51:02,426 [Thread-2130] INFO  impl.FollowerState (FollowerState.java:run(117)) - daae7813-f814-475d-9647-a302a5541e36@group-F775CA5912AC-FollowerState was interrupted: java.lang.InterruptedException: sleep interrupted
2019-10-17 18:51:02,425 [grpc-default-executor-0] INFO  impl.RoleInfo (RoleInfo.java:updateAndGet(143)) - daae7813-f814-475d-9647-a302a5541e36: start FollowerState
2019-10-17 18:51:02,426 [Thread-2131] INFO  impl.FollowerState (FollowerState.java:run(117)) - 1e4e1375-1b66-460f-8c99-4c341545a119@group-F775CA5912AC-FollowerState was interrupted: java.lang.InterruptedException: sleep interrupted
2019-10-17 18:51:02,426 [grpc-default-executor-5] INFO  impl.RoleInfo (RoleInfo.java:updateAndGet(143)) - 1e4e1375-1b66-460f-8c99-4c341545a119: start FollowerState
2019-10-17 18:51:02,441 [a5e79c22-a35f-4e50-b1fd-e91b6a93d74d@group-F775CA5912AC-LeaderElection258] INFO  impl.LeaderElection (LeaderElection.java:logAndReturn(56)) - a5e79c22-a35f-4e50-b1fd-e91b6a93d74d@group-F775CA5912AC-LeaderElection258: Election REJECTED; received 2 response(s) [a5e79c22-a35f-4e50-b1fd-e91b6a93d74d<-daae7813-f814-475d-9647-a302a5541e36#0:FAIL-t140, a5e79c22-a35f-4e50-b1fd-e91b6a93d74d<-1e4e1375-1b66-460f-8c99-4c341545a119#0:FAIL-t140] and 0 exception(s); a5e79c22-a35f-4e50-b1fd-e91b6a93d74d@group-F775CA5912AC:t140, leader=null, voted=a5e79c22-a35f-4e50-b1fd-e91b6a93d74d, raftlog=a5e79c22-a35f-4e50-b1fd-e91b6a93d74d@group-F775CA5912AC-SegmentedRaftLog:OPENED:c-1,f-1,i0, conf=-1: [a5e79c22-a35f-4e50-b1fd-e91b6a93d74d:192.168.157.251:45177, daae7813-f814-475d-9647-a302a5541e36:192.168.157.251:45025, 1e4e1375-1b66-460f-8c99-4c341545a119:192.168.157.251:42113], old=null
2019-10-17 18:51:02,441 [a5e79c22-a35f-4e50-b1fd-e91b6a93d74d@group-F775CA5912AC-LeaderElection258] INFO  impl.RaftServerImpl (RaftServerImpl.java:setRole(184)) - a5e79c22-a35f-4e50-b1fd-e91b6a93d74d@group-F775CA5912AC: changes role from CANDIDATE to FOLLOWER at term 140 for DISCOVERED_A_NEW_TERM
2019-10-17 18:51:02,441 [a5e79c22-a35f-4e50-b1fd-e91b6a93d74d@group-F775CA5912AC-LeaderElection258] INFO  impl.RoleInfo (RoleInfo.java:shutdownLeaderElection(134)) - a5e79c22-a35f-4e50-b1fd-e91b6a93d74d: shutdown LeaderElection
2019-10-17 18:51:02,442 [a5e79c22-a35f-4e50-b1fd-e91b6a93d74d@group-F775CA5912AC-LeaderElection258] INFO  impl.RoleInfo (RoleInfo.java:updateAndGet(143)) - a5e79c22-a35f-4e50-b1fd-e91b6a93d74d: start FollowerState
2019-10-17 18:51:02,443 [Thread-2137] INFO  impl.FollowerState (FollowerState.java:run(108)) - abcd8826-c056-4817-bd0f-7af19a46d814@group-5F52F902B742-FollowerState: change to CANDIDATE, lastRpcTime:197ms, electionTimeout:197ms
2019-10-17 18:51:02,443 [Thread-2137] INFO  impl.RoleInfo (RoleInfo.java:shutdownFollowerState(121)) - abcd8826-c056-4817-bd0f-7af19a46d814: shutdown FollowerState
2019-10-17 18:51:02,443 [Thread-2137] INFO  impl.RaftServerImpl (RaftServerImpl.java:setRole(184)) - abcd8826-c056-4817-bd0f-7af19a46d814@group-5F52F902B742: changes role from  FOLLOWER to CANDIDATE at term 138 for changeToCandidate
2019-10-17 18:51:02,444 [Thread-2137] INFO  impl.RoleInfo (RoleInfo.java:updateAndGet(143)) - abcd8826-c056-4817-bd0f-7af19a46d814: start LeaderElection
2019-10-17 18:51:02,457 [abcd8826-c056-4817-bd0f-7af19a46d814@group-5F52F902B742-LeaderElection259] INFO  impl.LeaderElection (LeaderElection.java:askForVotes(178)) - abcd8826-c056-4817-bd0f-7af19a46d814@group-5F52F902B742-LeaderElection259: begin an election at term 139 for -1: [b8f04e38-0663-4b1f-8efd-f76585c6e86c:192.168.157.251:35700, abcd8826-c056-4817-bd0f-7af19a46d814:192.168.157.251:46496, 73297ffa-40cb-4e3e-b33e-1bc2c1da60f5:192.168.157.251:32952], old=null
2019-10-17 18:51:02,459 [grpc-default-executor-0] INFO  impl.RaftServerImpl (RaftServerImpl.java:setRole(184)) - 73297ffa-40cb-4e3e-b33e-1bc2c1da60f5@group-5F52F902B742: changes role from  FOLLOWER to FOLLOWER at term 139 for recognizeCandidate:abcd8826-c056-4817-bd0f-7af19a46d814
2019-10-17 18:51:02,459 [grpc-default-executor-0] INFO  impl.RoleInfo (RoleInfo.java:shutdownFollowerState(121)) - 73297ffa-40cb-4e3e-b33e-1bc2c1da60f5: shutdown FollowerState
2019-10-17 18:51:02,459 [grpc-default-executor-5] INFO  impl.RaftServerImpl (RaftServerImpl.java:setRole(184)) - b8f04e38-0663-4b1f-8efd-f76585c6e86c@group-5F52F902B742: changes role from  FOLLOWER to FOLLOWER at term 139 for recognizeCandidate:abcd8826-c056-4817-bd0f-7af19a46d814
2019-10-17 18:51:02,460 [Thread-2136] INFO  impl.FollowerState (FollowerState.java:run(117)) - 73297ffa-40cb-4e3e-b33e-1bc2c1da60f5@group-5F52F902B742-FollowerState was interrupted: java.lang.InterruptedException: sleep interrupted
2019-10-17 18:51:02,460 [grpc-default-executor-0] INFO  impl.RoleInfo (RoleInfo.java:updateAndGet(143)) - 73297ffa-40cb-4e3e-b33e-1bc2c1da60f5: start FollowerState
2019-10-17 18:51:02,460 [grpc-default-executor-5] INFO  impl.RoleInfo (RoleInfo.java:shutdownFollowerState(121)) - b8f04e38-0663-4b1f-8efd-f76585c6e86c: shutdown FollowerState
2019-10-17 18:51:02,460 [grpc-default-executor-5] INFO  impl.RoleInfo (RoleInfo.java:updateAndGet(143)) - b8f04e38-0663-4b1f-8efd-f76585c6e86c: start FollowerState
2019-10-17 18:51:02,460 [Thread-2135] INFO  impl.FollowerState (FollowerState.java:run(117)) - b8f04e38-0663-4b1f-8efd-f76585c6e86c@group-5F52F902B742-FollowerState was interrupted: java.lang.InterruptedException: sleep interrupted
2019-10-17 18:51:02,474 [abcd8826-c056-4817-bd0f-7af19a46d814@group-5F52F902B742-LeaderElection259] INFO  impl.LeaderElection (LeaderElection.java:logAndReturn(56)) - abcd8826-c056-4817-bd0f-7af19a46d814@group-5F52F902B742-LeaderElection259: Election REJECTED; received 2 response(s) [abcd8826-c056-4817-bd0f-7af19a46d814<-b8f04e38-0663-4b1f-8efd-f76585c6e86c#0:FAIL-t139, abcd8826-c056-4817-bd0f-7af19a46d814<-73297ffa-40cb-4e3e-b33e-1bc2c1da60f5#0:FAIL-t139] and 0 exception(s); abcd8826-c056-4817-bd0f-7af19a46d814@group-5F52F902B742:t139, leader=null, voted=abcd8826-c056-4817-bd0f-7af19a46d814, raftlog=abcd8826-c056-4817-bd0f-7af19a46d814@group-5F52F902B742-SegmentedRaftLog:OPENED:c-1,f-1,i0, conf=-1: [b8f04e38-0663-4b1f-8efd-f76585c6e86c:192.168.157.251:35700, abcd8826-c056-4817-bd0f-7af19a46d814:192.168.157.251:46496, 73297ffa-40cb-4e3e-b33e-1bc2c1da60f5:192.168.157.251:32952], old=null
2019-10-17 18:51:02,474 [abcd8826-c056-4817-bd0f-7af19a46d814@group-5F52F902B742-LeaderElection259] INFO  impl.RaftServerImpl (RaftServerImpl.java:setRole(184)) - abcd8826-c056-4817-bd0f-7af19a46d814@group-5F52F902B742: changes role from CANDIDATE to FOLLOWER at term 139 for DISCOVERED_A_NEW_TERM
2019-10-17 18:51:02,474 [abcd8826-c056-4817-bd0f-7af19a46d814@group-5F52F902B742-LeaderElection259] INFO  impl.RoleInfo (RoleInfo.java:shutdownLeaderElection(134)) - abcd8826-c056-4817-bd0f-7af19a46d814: shutdown LeaderElection
2019-10-17 18:51:02,474 [abcd8826-c056-4817-bd0f-7af19a46d814@group-5F52F902B742-LeaderElection259] INFO  impl.RoleInfo (RoleInfo.java:updateAndGet(143)) - abcd8826-c056-4817-bd0f-7af19a46d814: start FollowerState
2019-10-17 18:51:02,547 [Thread-2151] INFO  impl.FollowerState (FollowerState.java:run(108)) - abcd8826-c056-4817-bd0f-7af19a46d814@group-5F52F902B742-FollowerState: change to CANDIDATE, lastRpcTime:72ms, electionTimeout:72ms
2019-10-17 18:51:02,547 [Thread-2151] INFO  impl.RoleInfo (RoleInfo.java:shutdownFollowerState(121)) - abcd8826-c056-4817-bd0f-7af19a46d814: shutdown FollowerState
2019-10-17 18:51:02,547 [Thread-2151] INFO  impl.RaftServerImpl (RaftServerImpl.java:setRole(184)) - abcd8826-c056-4817-bd0f-7af19a46d814@group-5F52F902B742: changes role from  FOLLOWER to CANDIDATE at term 139 for changeToCandidate
2019-10-17 18:51:02,547 [Thread-2151] INFO  impl.RoleInfo (RoleInfo.java:updateAndGet(143)) - abcd8826-c056-4817-bd0f-7af19a46d814: start LeaderElection
2019-10-17 18:51:02,559 [Thread-2145] INFO  impl.FollowerState (FollowerState.java:run(108)) - a5e79c22-a35f-4e50-b1fd-e91b6a93d74d@group-F775CA5912AC-FollowerState: change to CANDIDATE, lastRpcTime:117ms, electionTimeout:117ms
2019-10-17 18:51:02,559 [Thread-2145] INFO  impl.RoleInfo (RoleInfo.java:shutdownFollowerState(121)) - a5e79c22-a35f-4e50-b1fd-e91b6a93d74d: shutdown FollowerState
2019-10-17 18:51:02,559 [Thread-2145] INFO  impl.RaftServerImpl (RaftServerImpl.java:setRole(184)) - a5e79c22-a35f-4e50-b1fd-e91b6a93d74d@group-F775CA5912AC: changes role from  FOLLOWER to CANDIDATE at term 140 for changeToCandidate
2019-10-17 18:51:02,559 [Thread-2145] INFO  impl.RoleInfo (RoleInfo.java:updateAndGet(143)) - a5e79c22-a35f-4e50-b1fd-e91b6a93d74d: start LeaderElection
2019-10-17 18:51:02,561 [abcd8826-c056-4817-bd0f-7af19a46d814@group-5F52F902B742-LeaderElection260] INFO  impl.LeaderElection (LeaderElection.java:askForVotes(178)) - abcd8826-c056-4817-bd0f-7af19a46d814@group-5F52F902B742-LeaderElection260: begin an election at term 140 for -1: [b8f04e38-0663-4b1f-8efd-f76585c6e86c:192.168.157.251:35700, abcd8826-c056-4817-bd0f-7af19a46d814:192.168.157.251:46496, 73297ffa-40cb-4e3e-b33e-1bc2c1da60f5:192.168.157.251:32952], old=null
2019-10-17 18:51:02,563 [grpc-default-executor-5] INFO  impl.RaftServerImpl (RaftServerImpl.java:setRole(184)) - b8f04e38-0663-4b1f-8efd-f76585c6e86c@group-5F52F902B742: changes role from  FOLLOWER to FOLLOWER at term 140 for recognizeCandidate:abcd8826-c056-4817-bd0f-7af19a46d814
2019-10-17 18:51:02,563 [grpc-default-executor-0] INFO  impl.RaftServerImpl (RaftServerImpl.java:setRole(184)) - 73297ffa-40cb-4e3e-b33e-1bc2c1da60f5@group-5F52F902B742: changes role from  FOLLOWER to FOLLOWER at term 140 for recognizeCandidate:abcd8826-c056-4817-bd0f-7af19a46d814
2019-10-17 18:51:02,563 [grpc-default-executor-5] INFO  impl.RoleInfo (RoleInfo.java:shutdownFollowerState(121)) - b8f04e38-0663-4b1f-8efd-f76585c6e86c: shutdown FollowerState
2019-10-17 18:51:02,564 [grpc-default-executor-0] INFO  impl.RoleInfo (RoleInfo.java:shutdownFollowerState(121)) - 73297ffa-40cb-4e3e-b33e-1bc2c1da60f5: shutdown FollowerState
2019-10-17 18:51:02,564 [Thread-2150] INFO  impl.FollowerState (FollowerState.java:run(117)) - b8f04e38-0663-4b1f-8efd-f76585c6e86c@group-5F52F902B742-FollowerState was interrupted: java.lang.InterruptedException: sleep interrupted
2019-10-17 18:51:02,564 [grpc-default-executor-5] INFO  impl.RoleInfo (RoleInfo.java:updateAndGet(143)) - b8f04e38-0663-4b1f-8efd-f76585c6e86c: start FollowerState
2019-10-17 18:51:02,564 [Thread-2149] INFO  impl.FollowerState (FollowerState.java:run(117)) - 73297ffa-40cb-4e3e-b33e-1bc2c1da60f5@group-5F52F902B742-FollowerState was interrupted: java.lang.InterruptedException: sleep interrupted
2019-10-17 18:51:02,564 [grpc-default-executor-0] INFO  impl.RoleInfo (RoleInfo.java:updateAndGet(143)) - 73297ffa-40cb-4e3e-b33e-1bc2c1da60f5: start FollowerState
2019-10-17 18:51:02,569 [abcd8826-c056-4817-bd0f-7af19a46d814@group-5F52F902B742-LeaderElection260] INFO  impl.LeaderElection (LeaderElection.java:logAndReturn(56)) - abcd8826-c056-4817-bd0f-7af19a46d814@group-5F52F902B742-LeaderElection260: Election TIMEOUT; received 0 response(s) [] and 0 exception(s); abcd8826-c056-4817-bd0f-7af19a46d814@group-5F52F902B742:t140, leader=null, voted=abcd8826-c056-4817-bd0f-7af19a46d814, raftlog=abcd8826-c056-4817-bd0f-7af19a46d814@group-5F52F902B742-SegmentedRaftLog:OPENED:c-1,f-1,i0, conf=-1: [b8f04e38-0663-4b1f-8efd-f76585c6e86c:192.168.157.251:35700, abcd8826-c056-4817-bd0f-7af19a46d814:192.168.157.251:46496, 73297ffa-40cb-4e3e-b33e-1bc2c1da60f5:192.168.157.251:32952], old=null
2019-10-17 18:51:02,576 [a5e79c22-a35f-4e50-b1fd-e91b6a93d74d@group-F775CA5912AC-LeaderElection261] INFO  impl.LeaderElection (LeaderElection.java:askForVotes(178)) - a5e79c22-a35f-4e50-b1fd-e91b6a93d74d@group-F775CA5912AC-LeaderElection261: begin an election at term 141 for -1: [a5e79c22-a35f-4e50-b1fd-e91b6a93d74d:192.168.157.251:45177, daae7813-f814-475d-9647-a302a5541e36:192.168.157.251:45025, 1e4e1375-1b66-460f-8c99-4c341545a119:192.168.157.251:42113], old=null
2019-10-17 18:51:02,576 [abcd8826-c056-4817-bd0f-7af19a46d814@group-5F52F902B742-LeaderElection260] INFO  impl.LeaderElection (LeaderElection.java:askForVotes(178)) - abcd8826-c056-4817-bd0f-7af19a46d814@group-5F52F902B742-LeaderElection260: begin an election at term 141 for -1: [b8f04e38-0663-4b1f-8efd-f76585c6e86c:192.168.157.251:35700, abcd8826-c056-4817-bd0f-7af19a46d814:192.168.157.251:46496, 73297ffa-40cb-4e3e-b33e-1bc2c1da60f5:192.168.157.251:32952], old=null
2019-10-17 18:51:02,577 [grpc-default-executor-0] INFO  impl.RaftServerImpl (RaftServerImpl.java:setRole(184)) - daae7813-f814-475d-9647-a302a5541e36@group-F775CA5912AC: changes role from  FOLLOWER to FOLLOWER at term 141 for recognizeCandidate:a5e79c22-a35f-4e50-b1fd-e91b6a93d74d
2019-10-17 18:51:02,577 [grpc-default-executor-0] INFO  impl.RoleInfo (RoleInfo.java:shutdownFollowerState(121)) - daae7813-f814-475d-9647-a302a5541e36: shutdown FollowerState
2019-10-17 18:51:02,577 [grpc-default-executor-0] INFO  impl.RoleInfo (RoleInfo.java:updateAndGet(143)) - daae7813-f814-475d-9647-a302a5541e36: start FollowerState
2019-10-17 18:51:02,577 [Thread-2143] INFO  impl.FollowerState (FollowerState.java:run(117)) - daae7813-f814-475d-9647-a302a5541e36@group-F775CA5912AC-FollowerState was interrupted: java.lang.InterruptedException: sleep interrupted
2019-10-17 18:51:02,578 [grpc-default-executor-5] INFO  impl.RaftServerImpl (RaftServerImpl.java:setRole(184)) - b8f04e38-0663-4b1f-8efd-f76585c6e86c@group-5F52F902B742: changes role from  FOLLOWER to FOLLOWER at term 141 for recognizeCandidate:abcd8826-c056-4817-bd0f-7af19a46d814
2019-10-17 18:51:02,578 [grpc-default-executor-4] INFO  impl.RaftServerImpl (RaftServerImpl.java:setRole(184)) - 73297ffa-40cb-4e3e-b33e-1bc2c1da60f5@group-5F52F902B742: changes role from  FOLLOWER to FOLLOWER at term 141 for recognizeCandidate:abcd8826-c056-4817-bd0f-7af19a46d814
2019-10-17 18:51:02,578 [grpc-default-executor-4] INFO  impl.RoleInfo (RoleInfo.java:shutdownFollowerState(121)) - 73297ffa-40cb-4e3e-b33e-1bc2c1da60f5: shutdown FollowerState
2019-10-17 18:51:02,578 [grpc-default-executor-5] INFO  impl.RoleInfo (RoleInfo.java:shutdownFollowerState(121)) - b8f04e38-0663-4b1f-8efd-f76585c6e86c: shutdown FollowerState
2019-10-17 18:51:02,578 [Thread-2157] INFO  impl.FollowerState (FollowerState.java:run(117)) - 73297ffa-40cb-4e3e-b33e-1bc2c1da60f5@group-5F52F902B742-FollowerState was interrupted: java.lang.InterruptedException: sleep interrupted
2019-10-17 18:51:02,578 [grpc-default-executor-4] INFO  impl.RoleInfo (RoleInfo.java:updateAndGet(143)) - 73297ffa-40cb-4e3e-b33e-1bc2c1da60f5: start FollowerState
2019-10-17 18:51:02,578 [grpc-default-executor-2] INFO  impl.RaftServerImpl (RaftServerImpl.java:setRole(184)) - 1e4e1375-1b66-460f-8c99-4c341545a119@group-F775CA5912AC: changes role from  FOLLOWER to FOLLOWER at term 141 for recognizeCandidate:a5e79c22-a35f-4e50-b1fd-e91b6a93d74d
2019-10-17 18:51:02,579 [grpc-default-executor-2] INFO  impl.RoleInfo (RoleInfo.java:shutdownFollowerState(121)) - 1e4e1375-1b66-460f-8c99-4c341545a119: shutdown FollowerState
2019-10-17 18:51:02,578 [Thread-2156] INFO  impl.FollowerState (FollowerState.java:run(117)) - b8f04e38-0663-4b1f-8efd-f76585c6e86c@group-5F52F902B742-FollowerState was interrupted: java.lang.InterruptedException: sleep interrupted
2019-10-17 18:51:02,578 [grpc-default-executor-5] INFO  impl.RoleInfo (RoleInfo.java:updateAndGet(143)) - b8f04e38-0663-4b1f-8efd-f76585c6e86c: start FollowerState
2019-10-17 18:51:02,579 [grpc-default-executor-2] INFO  impl.RoleInfo (RoleInfo.java:updateAndGet(143)) - 1e4e1375-1b66-460f-8c99-4c341545a119: start FollowerState
2019-10-17 18:51:02,579 [Thread-2144] INFO  impl.FollowerState (FollowerState.java:run(117)) - 1e4e1375-1b66-460f-8c99-4c341545a119@group-F775CA5912AC-FollowerState was interrupted: java.lang.InterruptedException: sleep interrupted
2019-10-17 18:51:02,616 [a5e79c22-a35f-4e50-b1fd-e91b6a93d74d@group-F775CA5912AC-LeaderElection261] INFO  impl.LeaderElection (LeaderElection.java:logAndReturn(56)) - a5e79c22-a35f-4e50-b1fd-e91b6a93d74d@group-F775CA5912AC-LeaderElection261: Election REJECTED; received 2 response(s) [a5e79c22-a35f-4e50-b1fd-e91b6a93d74d<-daae7813-f814-475d-9647-a302a5541e36#0:FAIL-t141, a5e79c22-a35f-4e50-b1fd-e91b6a93d74d<-1e4e1375-1b66-460f-8c99-4c341545a119#0:FAIL-t141] and 0 exception(s); a5e79c22-a35f-4e50-b1fd-e91b6a93d74d@group-F775CA5912AC:t141, leader=null, voted=a5e79c22-a35f-4e50-b1fd-e91b6a93d74d, raftlog=a5e79c22-a35f-4e50-b1fd-e91b6a93d74d@group-F775CA5912AC-SegmentedRaftLog:OPENED:c-1,f-1,i0, conf=-1: [a5e79c22-a35f-4e50-b1fd-e91b6a93d74d:192.168.157.251:45177, daae7813-f814-475d-9647-a302a5541e36:192.168.157.251:45025, 1e4e1375-1b66-460f-8c99-4c341545a119:192.168.157.251:42113], old=null
2019-10-17 18:51:02,616 [abcd8826-c056-4817-bd0f-7af19a46d814@group-5F52F902B742-LeaderElection260] INFO  impl.LeaderElection (LeaderElection.java:logAndReturn(56)) - abcd8826-c056-4817-bd0f-7af19a46d814@group-5F52F902B742-LeaderElection260: Election REJECTED; received 2 response(s) [abcd8826-c056-4817-bd0f-7af19a46d814<-b8f04e38-0663-4b1f-8efd-f76585c6e86c#0:FAIL-t141, abcd8826-c056-4817-bd0f-7af19a46d814<-73297ffa-40cb-4e3e-b33e-1bc2c1da60f5#0:FAIL-t141] and 0 exception(s); abcd8826-c056-4817-bd0f-7af19a46d814@group-5F52F902B742:t141, leader=null, voted=abcd8826-c056-4817-bd0f-7af19a46d814, raftlog=abcd8826-c056-4817-bd0f-7af19a46d814@group-5F52F902B742-SegmentedRaftLog:OPENED:c-1,f-1,i0, conf=-1: [b8f04e38-0663-4b1f-8efd-f76585c6e86c:192.168.157.251:35700, abcd8826-c056-4817-bd0f-7af19a46d814:192.168.157.251:46496, 73297ffa-40cb-4e3e-b33e-1bc2c1da60f5:192.168.157.251:32952], old=null
2019-10-17 18:51:02,616 [a5e79c22-a35f-4e50-b1fd-e91b6a93d74d@group-F775CA5912AC-LeaderElection261] INFO  impl.RaftServerImpl (RaftServerImpl.java:setRole(184)) - a5e79c22-a35f-4e50-b1fd-e91b6a93d74d@group-F775CA5912AC: changes role from CANDIDATE to FOLLOWER at term 141 for DISCOVERED_A_NEW_TERM
2019-10-17 18:51:02,617 [abcd8826-c056-4817-bd0f-7af19a46d814@group-5F52F902B742-LeaderElection260] INFO  impl.RaftServerImpl (RaftServerImpl.java:setRole(184)) - abcd8826-c056-4817-bd0f-7af19a46d814@group-5F52F902B742: changes role from CANDIDATE to FOLLOWER at term 141 for DISCOVERED_A_NEW_TERM
2019-10-17 18:51:02,617 [a5e79c22-a35f-4e50-b1fd-e91b6a93d74d@group-F775CA5912AC-LeaderElection261] INFO  impl.RoleInfo (RoleInfo.java:shutdownLeaderElection(134)) - a5e79c22-a35f-4e50-b1fd-e91b6a93d74d: shutdown LeaderElection
2019-10-17 18:51:02,617 [abcd8826-c056-4817-bd0f-7af19a46d814@group-5F52F902B742-LeaderElection260] INFO  impl.RoleInfo (RoleInfo.java:shutdownLeaderElection(134)) - abcd8826-c056-4817-bd0f-7af19a46d814: shutdown LeaderElection
2019-10-17 18:51:02,617 [a5e79c22-a35f-4e50-b1fd-e91b6a93d74d@group-F775CA5912AC-LeaderElection261] INFO  impl.RoleInfo (RoleInfo.java:updateAndGet(143)) - a5e79c22-a35f-4e50-b1fd-e91b6a93d74d: start FollowerState
2019-10-17 18:51:02,617 [abcd8826-c056-4817-bd0f-7af19a46d814@group-5F52F902B742-LeaderElection260] INFO  impl.RoleInfo (RoleInfo.java:updateAndGet(143)) - abcd8826-c056-4817-bd0f-7af19a46d814: start FollowerState
2019-10-17 18:51:02,725 [Thread-2166] INFO  impl.FollowerState (FollowerState.java:run(108)) - a5e79c22-a35f-4e50-b1fd-e91b6a93d74d@group-F775CA5912AC-FollowerState: change to CANDIDATE, lastRpcTime:108ms, electionTimeout:108ms
2019-10-17 18:51:02,726 [Thread-2166] INFO  impl.RoleInfo (RoleInfo.java:shutdownFollowerState(121)) - a5e79c22-a35f-4e50-b1fd-e91b6a93d74d: shutdown FollowerState
2019-10-17 18:51:02,726 [Thread-2166] INFO  impl.RaftServerImpl (RaftServerImpl.java:setRole(184)) - a5e79c22-a35f-4e50-b1fd-e91b6a93d74d@group-F775CA5912AC: changes role from  FOLLOWER to CANDIDATE at term 141 for changeToCandidate
2019-10-17 18:51:02,726 [Thread-2166] INFO  impl.RoleInfo (RoleInfo.java:updateAndGet(143)) - a5e79c22-a35f-4e50-b1fd-e91b6a93d74d: start LeaderElection
2019-10-17 18:51:02,740 [a5e79c22-a35f-4e50-b1fd-e91b6a93d74d@group-F775CA5912AC-LeaderElection262] INFO  impl.LeaderElection (LeaderElection.java:askForVotes(178)) - a5e79c22-a35f-4e50-b1fd-e91b6a93d74d@group-F775CA5912AC-LeaderElection262: begin an election at term 142 for -1: [a5e79c22-a35f-4e50-b1fd-e91b6a93d74d:192.168.157.251:45177, daae7813-f814-475d-9647-a302a5541e36:192.168.157.251:45025, 1e4e1375-1b66-460f-8c99-4c341545a119:192.168.157.251:42113], old=null
2019-10-17 18:51:02,742 [grpc-default-executor-5] INFO  impl.RaftServerImpl (RaftServerImpl.java:setRole(184)) - daae7813-f814-475d-9647-a302a5541e36@group-F775CA5912AC: changes role from  FOLLOWER to FOLLOWER at term 142 for recognizeCandidate:a5e79c22-a35f-4e50-b1fd-e91b6a93d74d
2019-10-17 18:51:02,742 [grpc-default-executor-0] INFO  impl.RaftServerImpl (RaftServerImpl.java:setRole(184)) - 1e4e1375-1b66-460f-8c99-4c341545a119@group-F775CA5912AC: changes role from  FOLLOWER to FOLLOWER at term 142 for recognizeCandidate:a5e79c22-a35f-4e50-b1fd-e91b6a93d74d
2019-10-17 18:51:02,742 [grpc-default-executor-5] INFO  impl.RoleInfo (RoleInfo.java:shutdownFollowerState(121)) - daae7813-f814-475d-9647-a302a5541e36: shutdown FollowerState
2019-10-17 18:51:02,742 [grpc-default-executor-0] INFO  impl.RoleInfo (RoleInfo.java:shutdownFollowerState(121)) - 1e4e1375-1b66-460f-8c99-4c341545a119: shutdown FollowerState
2019-10-17 18:51:02,743 [grpc-default-executor-5] INFO  impl.RoleInfo (RoleInfo.java:updateAndGet(143)) - daae7813-f814-475d-9647-a302a5541e36: start FollowerState
2019-10-17 18:51:02,743 [Thread-2162] INFO  impl.FollowerState (FollowerState.java:run(117)) - daae7813-f814-475d-9647-a302a5541e36@group-F775CA5912AC-FollowerState was interrupted: java.lang.InterruptedException: sleep interrupted
2019-10-17 18:51:02,743 [Thread-2165] INFO  impl.FollowerState (FollowerState.java:run(117)) - 1e4e1375-1b66-460f-8c99-4c341545a119@group-F775CA5912AC-FollowerState was interrupted: java.lang.InterruptedException: sleep interrupted
2019-10-17 18:51:02,743 [grpc-default-executor-0] INFO  impl.RoleInfo (RoleInfo.java:updateAndGet(143)) - 1e4e1375-1b66-460f-8c99-4c341545a119: start FollowerState
2019-10-17 18:51:02,746 [Thread-2167] INFO  impl.FollowerState (FollowerState.java:run(108)) - abcd8826-c056-4817-bd0f-7af19a46d814@group-5F52F902B742-FollowerState: change to CANDIDATE, lastRpcTime:128ms, electionTimeout:128ms
2019-10-17 18:51:02,746 [Thread-2167] INFO  impl.RoleInfo (RoleInfo.java:shutdownFollowerState(121)) - abcd8826-c056-4817-bd0f-7af19a46d814: shutdown FollowerState
2019-10-17 18:51:02,746 [Thread-2167] INFO  impl.RaftServerImpl (RaftServerImpl.java:setRole(184)) - abcd8826-c056-4817-bd0f-7af19a46d814@group-5F52F902B742: changes role from  FOLLOWER to CANDIDATE at term 141 for changeToCandidate
2019-10-17 18:51:02,746 [Thread-2167] INFO  impl.RoleInfo (RoleInfo.java:updateAndGet(143)) - abcd8826-c056-4817-bd0f-7af19a46d814: start LeaderElection
2019-10-17 18:51:02,757 [abcd8826-c056-4817-bd0f-7af19a46d814@group-5F52F902B742-LeaderElection263] INFO  impl.LeaderElection (LeaderElection.java:askForVotes(178)) - abcd8826-c056-4817-bd0f-7af19a46d814@group-5F52F902B742-LeaderElection263: begin an election at term 142 for -1: [b8f04e38-0663-4b1f-8efd-f76585c6e86c:192.168.157.251:35700, abcd8826-c056-4817-bd0f-7af19a46d814:192.168.157.251:46496, 73297ffa-40cb-4e3e-b33e-1bc2c1da60f5:192.168.157.251:32952], old=null
2019-10-17 18:51:02,757 [a5e79c22-a35f-4e50-b1fd-e91b6a93d74d@group-F775CA5912AC-LeaderElection262] INFO  impl.LeaderElection (LeaderElection.java:logAndReturn(56)) - a5e79c22-a35f-4e50-b1fd-e91b6a93d74d@group-F775CA5912AC-LeaderElection262: Election REJECTED; received 2 response(s) [a5e79c22-a35f-4e50-b1fd-e91b6a93d74d<-daae7813-f814-475d-9647-a302a5541e36#0:FAIL-t142, a5e79c22-a35f-4e50-b1fd-e91b6a93d74d<-1e4e1375-1b66-460f-8c99-4c341545a119#0:FAIL-t142] and 0 exception(s); a5e79c22-a35f-4e50-b1fd-e91b6a93d74d@group-F775CA5912AC:t142, leader=null, voted=a5e79c22-a35f-4e50-b1fd-e91b6a93d74d, raftlog=a5e79c22-a35f-4e50-b1fd-e91b6a93d74d@group-F775CA5912AC-SegmentedRaftLog:OPENED:c-1,f-1,i0, conf=-1: [a5e79c22-a35f-4e50-b1fd-e91b6a93d74d:192.168.157.251:45177, daae7813-f814-475d-9647-a302a5541e36:192.168.157.251:45025, 1e4e1375-1b66-460f-8c99-4c341545a119:192.168.157.251:42113], old=null
2019-10-17 18:51:02,758 [a5e79c22-a35f-4e50-b1fd-e91b6a93d74d@group-F775CA5912AC-LeaderElection262] INFO  impl.RaftServerImpl (RaftServerImpl.java:setRole(184)) - a5e79c22-a35f-4e50-b1fd-e91b6a93d74d@group-F775CA5912AC: changes role from CANDIDATE to FOLLOWER at term 142 for DISCOVERED_A_NEW_TERM
2019-10-17 18:51:02,758 [a5e79c22-a35f-4e50-b1fd-e91b6a93d74d@group-F775CA5912AC-LeaderElection262] INFO  impl.RoleInfo (RoleInfo.java:shutdownLeaderElection(134)) - a5e79c22-a35f-4e50-b1fd-e91b6a93d74d: shutdown LeaderElection
2019-10-17 18:51:02,758 [a5e79c22-a35f-4e50-b1fd-e91b6a93d74d@group-F775CA5912AC-LeaderElection262] INFO  impl.RoleInfo (RoleInfo.java:updateAndGet(143)) - a5e79c22-a35f-4e50-b1fd-e91b6a93d74d: start FollowerState
2019-10-17 18:51:02,758 [grpc-default-executor-5] INFO  impl.RaftServerImpl (RaftServerImpl.java:setRole(184)) - 73297ffa-40cb-4e3e-b33e-1bc2c1da60f5@group-5F52F902B742: changes role from  FOLLOWER to FOLLOWER at term 142 for recognizeCandidate:abcd8826-c056-4817-bd0f-7af19a46d814
2019-10-17 18:51:02,758 [grpc-default-executor-5] INFO  impl.RoleInfo (RoleInfo.java:shutdownFollowerState(121)) - 73297ffa-40cb-4e3e-b33e-1bc2c1da60f5: shutdown FollowerState
2019-10-17 18:51:02,758 [grpc-default-executor-5] INFO  impl.RoleInfo (RoleInfo.java:updateAndGet(143)) - 73297ffa-40cb-4e3e-b33e-1bc2c1da60f5: start FollowerState
2019-10-17 18:51:02,758 [Thread-2163] INFO  impl.FollowerState (FollowerState.java:run(117)) - 73297ffa-40cb-4e3e-b33e-1bc2c1da60f5@group-5F52F902B742-FollowerState was interrupted: java.lang.InterruptedException: sleep interrupted
2019-10-17 18:51:02,759 [grpc-default-executor-0] INFO  impl.RaftServerImpl (RaftServerImpl.java:setRole(184)) - b8f04e38-0663-4b1f-8efd-f76585c6e86c@group-5F52F902B742: changes role from  FOLLOWER to FOLLOWER at term 142 for recognizeCandidate:abcd8826-c056-4817-bd0f-7af19a46d814
2019-10-17 18:51:02,759 [grpc-default-executor-0] INFO  impl.RoleInfo (RoleInfo.java:shutdownFollowerState(121)) - b8f04e38-0663-4b1f-8efd-f76585c6e86c: shutdown FollowerState
2019-10-17 18:51:02,759 [grpc-default-executor-0] INFO  impl.RoleInfo (RoleInfo.java:updateAndGet(143)) - b8f04e38-0663-4b1f-8efd-f76585c6e86c: start FollowerState
2019-10-17 18:51:02,759 [Thread-2164] INFO  impl.FollowerState (FollowerState.java:run(117)) - b8f04e38-0663-4b1f-8efd-f76585c6e86c@group-5F52F902B742-FollowerState was interrupted: java.lang.InterruptedException: sleep interrupted
2019-10-17 18:51:02,773 [abcd8826-c056-4817-bd0f-7af19a46d814@group-5F52F902B742-LeaderElection263] INFO  impl.LeaderElection (LeaderElection.java:logAndReturn(56)) - abcd8826-c056-4817-bd0f-7af19a46d814@group-5F52F902B742-LeaderElection263: Election REJECTED; received 2 response(s) [abcd8826-c056-4817-bd0f-7af19a46d814<-b8f04e38-0663-4b1f-8efd-f76585c6e86c#0:FAIL-t142, abcd8826-c056-4817-bd0f-7af19a46d814<-73297ffa-40cb-4e3e-b33e-1bc2c1da60f5#0:FAIL-t142] and 0 exception(s); abcd8826-c056-4817-bd0f-7af19a46d814@group-5F52F902B742:t142, leader=null, voted=abcd8826-c056-4817-bd0f-7af19a46d814, raftlog=abcd8826-c056-4817-bd0f-7af19a46d814@group-5F52F902B742-SegmentedRaftLog:OPENED:c-1,f-1,i0, conf=-1: [b8f04e38-0663-4b1f-8efd-f76585c6e86c:192.168.157.251:35700, abcd8826-c056-4817-bd0f-7af19a46d814:192.168.157.251:46496, 73297ffa-40cb-4e3e-b33e-1bc2c1da60f5:192.168.157.251:32952], old=null
2019-10-17 18:51:02,774 [abcd8826-c056-4817-bd0f-7af19a46d814@group-5F52F902B742-LeaderElection263] INFO  impl.RaftServerImpl (RaftServerImpl.java:setRole(184)) - abcd8826-c056-4817-bd0f-7af19a46d814@group-5F52F902B742: changes role from CANDIDATE to FOLLOWER at term 142 for DISCOVERED_A_NEW_TERM
2019-10-17 18:51:02,774 [abcd8826-c056-4817-bd0f-7af19a46d814@group-5F52F902B742-LeaderElection263] INFO  impl.RoleInfo (RoleInfo.java:shutdownLeaderElection(134)) - abcd8826-c056-4817-bd0f-7af19a46d814: shutdown LeaderElection
2019-10-17 18:51:02,774 [abcd8826-c056-4817-bd0f-7af19a46d814@group-5F52F902B742-LeaderElection263] INFO  impl.RoleInfo (RoleInfo.java:updateAndGet(143)) - abcd8826-c056-4817-bd0f-7af19a46d814: start FollowerState
2019-10-17 18:51:02,777 [Thread-2179] INFO  impl.FollowerState (FollowerState.java:run(108)) - abcd8826-c056-4817-bd0f-7af19a46d814@group-5F52F902B742-FollowerState: change to CANDIDATE, lastRpcTime:3ms, electionTimeout:3ms
2019-10-17 18:51:02,777 [Thread-2179] INFO  impl.RoleInfo (RoleInfo.java:shutdownFollowerState(121)) - abcd8826-c056-4817-bd0f-7af19a46d814: shutdown FollowerState
2019-10-17 18:51:02,777 [Thread-2179] INFO  impl.RaftServerImpl (RaftServerImpl.java:setRole(184)) - abcd8826-c056-4817-bd0f-7af19a46d814@group-5F52F902B742: changes role from  FOLLOWER to CANDIDATE at term 142 for changeToCandidate
2019-10-17 18:51:02,778 [Thread-2179] INFO  impl.RoleInfo (RoleInfo.java:updateAndGet(143)) - abcd8826-c056-4817-bd0f-7af19a46d814: start LeaderElection
2019-10-17 18:51:02,792 [abcd8826-c056-4817-bd0f-7af19a46d814@group-5F52F902B742-LeaderElection264] INFO  impl.LeaderElection (LeaderElection.java:askForVotes(178)) - abcd8826-c056-4817-bd0f-7af19a46d814@group-5F52F902B742-LeaderElection264: begin an election at term 143 for -1: [b8f04e38-0663-4b1f-8efd-f76585c6e86c:192.168.157.251:35700, abcd8826-c056-4817-bd0f-7af19a46d814:192.168.157.251:46496, 73297ffa-40cb-4e3e-b33e-1bc2c1da60f5:192.168.157.251:32952], old=null
2019-10-17 18:51:02,794 [grpc-default-executor-5] INFO  impl.RaftServerImpl (RaftServerImpl.java:setRole(184)) - b8f04e38-0663-4b1f-8efd-f76585c6e86c@group-5F52F902B742: changes role from  FOLLOWER to FOLLOWER at term 143 for recognizeCandidate:abcd8826-c056-4817-bd0f-7af19a46d814
2019-10-17 18:51:02,794 [grpc-default-executor-0] INFO  impl.RaftServerImpl (RaftServerImpl.java:setRole(184)) - 73297ffa-40cb-4e3e-b33e-1bc2c1da60f5@group-5F52F902B742: changes role from  FOLLOWER to FOLLOWER at term 143 for recognizeCandidate:abcd8826-c056-4817-bd0f-7af19a46d814
2019-10-17 18:51:02,794 [grpc-default-executor-5] INFO  impl.RoleInfo (RoleInfo.java:shutdownFollowerState(121)) - b8f04e38-0663-4b1f-8efd-f76585c6e86c: shutdown FollowerState
2019-10-17 18:51:02,795 [grpc-default-executor-0] INFO  impl.RoleInfo (RoleInfo.java:shutdownFollowerState(121)) - 73297ffa-40cb-4e3e-b33e-1bc2c1da60f5: shutdown FollowerState
2019-10-17 18:51:02,795 [Thread-2178] INFO  impl.FollowerState (FollowerState.java:run(117)) - b8f04e38-0663-4b1f-8efd-f76585c6e86c@group-5F52F902B742-FollowerState was interrupted: java.lang.InterruptedException: sleep interrupted
2019-10-17 18:51:02,795 [Thread-2177] INFO  impl.FollowerState (FollowerState.java:run(117)) - 73297ffa-40cb-4e3e-b33e-1bc2c1da60f5@group-5F52F902B742-FollowerState was interrupted: java.lang.InterruptedException: sleep interrupted
2019-10-17 18:51:02,795 [grpc-default-executor-5] INFO  impl.RoleInfo (RoleInfo.java:updateAndGet(143)) - b8f04e38-0663-4b1f-8efd-f76585c6e86c: start FollowerState
2019-10-17 18:51:02,795 [grpc-default-executor-0] INFO  impl.RoleInfo (RoleInfo.java:updateAndGet(143)) - 73297ffa-40cb-4e3e-b33e-1bc2c1da60f5: start FollowerState
2019-10-17 18:51:02,811 [abcd8826-c056-4817-bd0f-7af19a46d814@group-5F52F902B742-LeaderElection264] INFO  impl.LeaderElection (LeaderElection.java:logAndReturn(56)) - abcd8826-c056-4817-bd0f-7af19a46d814@group-5F52F902B742-LeaderElection264: Election REJECTED; received 2 response(s) [abcd8826-c056-4817-bd0f-7af19a46d814<-b8f04e38-0663-4b1f-8efd-f76585c6e86c#0:FAIL-t143, abcd8826-c056-4817-bd0f-7af19a46d814<-73297ffa-40cb-4e3e-b33e-1bc2c1da60f5#0:FAIL-t143] and 0 exception(s); abcd8826-c056-4817-bd0f-7af19a46d814@group-5F52F902B742:t143, leader=null, voted=abcd8826-c056-4817-bd0f-7af19a46d814, raftlog=abcd8826-c056-4817-bd0f-7af19a46d814@group-5F52F902B742-SegmentedRaftLog:OPENED:c-1,f-1,i0, conf=-1: [b8f04e38-0663-4b1f-8efd-f76585c6e86c:192.168.157.251:35700, abcd8826-c056-4817-bd0f-7af19a46d814:192.168.157.251:46496, 73297ffa-40cb-4e3e-b33e-1bc2c1da60f5:192.168.157.251:32952], old=null
2019-10-17 18:51:02,811 [abcd8826-c056-4817-bd0f-7af19a46d814@group-5F52F902B742-LeaderElection264] INFO  impl.RaftServerImpl (RaftServerImpl.java:setRole(184)) - abcd8826-c056-4817-bd0f-7af19a46d814@group-5F52F902B742: changes role from CANDIDATE to FOLLOWER at term 143 for DISCOVERED_A_NEW_TERM
2019-10-17 18:51:02,811 [abcd8826-c056-4817-bd0f-7af19a46d814@group-5F52F902B742-LeaderElection264] INFO  impl.RoleInfo (RoleInfo.java:shutdownLeaderElection(134)) - abcd8826-c056-4817-bd0f-7af19a46d814: shutdown LeaderElection
2019-10-17 18:51:02,811 [abcd8826-c056-4817-bd0f-7af19a46d814@group-5F52F902B742-LeaderElection264] INFO  impl.RoleInfo (RoleInfo.java:updateAndGet(143)) - abcd8826-c056-4817-bd0f-7af19a46d814: start FollowerState
2019-10-17 18:51:02,846 [Thread-2176] INFO  impl.FollowerState (FollowerState.java:run(108)) - a5e79c22-a35f-4e50-b1fd-e91b6a93d74d@group-F775CA5912AC-FollowerState: change to CANDIDATE, lastRpcTime:88ms, electionTimeout:88ms
2019-10-17 18:51:02,846 [Thread-2176] INFO  impl.RoleInfo (RoleInfo.java:shutdownFollowerState(121)) - a5e79c22-a35f-4e50-b1fd-e91b6a93d74d: shutdown FollowerState
2019-10-17 18:51:02,846 [Thread-2176] INFO  impl.RaftServerImpl (RaftServerImpl.java:setRole(184)) - a5e79c22-a35f-4e50-b1fd-e91b6a93d74d@group-F775CA5912AC: changes role from  FOLLOWER to CANDIDATE at term 142 for changeToCandidate
2019-10-17 18:51:02,847 [Thread-2176] INFO  impl.RoleInfo (RoleInfo.java:updateAndGet(143)) - a5e79c22-a35f-4e50-b1fd-e91b6a93d74d: start LeaderElection
2019-10-17 18:51:02,899 [a5e79c22-a35f-4e50-b1fd-e91b6a93d74d@group-F775CA5912AC-LeaderElection265] INFO  impl.LeaderElection (LeaderElection.java:askForVotes(178)) - a5e79c22-a35f-4e50-b1fd-e91b6a93d74d@group-F775CA5912AC-LeaderElection265: begin an election at term 143 for -1: [a5e79c22-a35f-4e50-b1fd-e91b6a93d74d:192.168.157.251:45177, daae7813-f814-475d-9647-a302a5541e36:192.168.157.251:45025, 1e4e1375-1b66-460f-8c99-4c341545a119:192.168.157.251:42113], old=null
2019-10-17 18:51:02,901 [grpc-default-executor-0] INFO  impl.RaftServerImpl (RaftServerImpl.java:setRole(184)) - daae7813-f814-475d-9647-a302a5541e36@group-F775CA5912AC: changes role from  FOLLOWER to FOLLOWER at term 143 for recognizeCandidate:a5e79c22-a35f-4e50-b1fd-e91b6a93d74d
2019-10-17 18:51:02,901 [grpc-default-executor-0] INFO  impl.RoleInfo (RoleInfo.java:shutdownFollowerState(121)) - daae7813-f814-475d-9647-a302a5541e36: shutdown FollowerState
2019-10-17 18:51:02,901 [grpc-default-executor-0] INFO  impl.RoleInfo (RoleInfo.java:updateAndGet(143)) - daae7813-f814-475d-9647-a302a5541e36: start FollowerState
2019-10-17 18:51:02,901 [grpc-default-executor-5] INFO  impl.RaftServerImpl (RaftServerImpl.java:setRole(184)) - 1e4e1375-1b66-460f-8c99-4c341545a119@group-F775CA5912AC: changes role from  FOLLOWER to FOLLOWER at term 143 for recognizeCandidate:a5e79c22-a35f-4e50-b1fd-e91b6a93d74d
2019-10-17 18:51:02,901 [Thread-2171] INFO  impl.FollowerState (FollowerState.java:run(117)) - daae7813-f814-475d-9647-a302a5541e36@group-F775CA5912AC-FollowerState was interrupted: java.lang.InterruptedException: sleep interrupted
2019-10-17 18:51:02,901 [grpc-default-executor-5] INFO  impl.RoleInfo (RoleInfo.java:shutdownFollowerState(121)) - 1e4e1375-1b66-460f-8c99-4c341545a119: shutdown FollowerState
2019-10-17 18:51:02,902 [grpc-default-executor-5] INFO  impl.RoleInfo (RoleInfo.java:updateAndGet(143)) - 1e4e1375-1b66-460f-8c99-4c341545a119: start FollowerState
2019-10-17 18:51:02,902 [Thread-2172] INFO  impl.FollowerState (FollowerState.java:run(117)) - 1e4e1375-1b66-460f-8c99-4c341545a119@group-F775CA5912AC-FollowerState was interrupted: java.lang.InterruptedException: sleep interrupted
2019-10-17 18:51:02,927 [a5e79c22-a35f-4e50-b1fd-e91b6a93d74d@group-F775CA5912AC-LeaderElection265] INFO  impl.LeaderElection (LeaderElection.java:logAndReturn(56)) - a5e79c22-a35f-4e50-b1fd-e91b6a93d74d@group-F775CA5912AC-LeaderElection265: Election REJECTED; received 2 response(s) [a5e79c22-a35f-4e50-b1fd-e91b6a93d74d<-daae7813-f814-475d-9647-a302a5541e36#0:FAIL-t143, a5e79c22-a35f-4e50-b1fd-e91b6a93d74d<-1e4e1375-1b66-460f-8c99-4c341545a119#0:FAIL-t143] and 0 exception(s); a5e79c22-a35f-4e50-b1fd-e91b6a93d74d@group-F775CA5912AC:t143, leader=null, voted=a5e79c22-a35f-4e50-b1fd-e91b6a93d74d, raftlog=a5e79c22-a35f-4e50-b1fd-e91b6a93d74d@group-F775CA5912AC-SegmentedRaftLog:OPENED:c-1,f-1,i0, conf=-1: [a5e79c22-a35f-4e50-b1fd-e91b6a93d74d:192.168.157.251:45177, daae7813-f814-475d-9647-a302a5541e36:192.168.157.251:45025, 1e4e1375-1b66-460f-8c99-4c341545a119:192.168.157.251:42113], old=null
2019-10-17 18:51:02,927 [a5e79c22-a35f-4e50-b1fd-e91b6a93d74d@group-F775CA5912AC-LeaderElection265] INFO  impl.RaftServerImpl (RaftServerImpl.java:setRole(184)) - a5e79c22-a35f-4e50-b1fd-e91b6a93d74d@group-F775CA5912AC: changes role from CANDIDATE to FOLLOWER at term 143 for DISCOVERED_A_NEW_TERM
2019-10-17 18:51:02,927 [a5e79c22-a35f-4e50-b1fd-e91b6a93d74d@group-F775CA5912AC-LeaderElection265] INFO  impl.RoleInfo (RoleInfo.java:shutdownLeaderElection(134)) - a5e79c22-a35f-4e50-b1fd-e91b6a93d74d: shutdown LeaderElection
2019-10-17 18:51:02,927 [a5e79c22-a35f-4e50-b1fd-e91b6a93d74d@group-F775CA5912AC-LeaderElection265] INFO  impl.RoleInfo (RoleInfo.java:updateAndGet(143)) - a5e79c22-a35f-4e50-b1fd-e91b6a93d74d: start FollowerState
2019-10-17 18:51:02,963 [Thread-2185] INFO  impl.FollowerState (FollowerState.java:run(108)) - abcd8826-c056-4817-bd0f-7af19a46d814@group-5F52F902B742-FollowerState: change to CANDIDATE, lastRpcTime:152ms, electionTimeout:152ms
2019-10-17 18:51:02,964 [Thread-2185] INFO  impl.RoleInfo (RoleInfo.java:shutdownFollowerState(121)) - abcd8826-c056-4817-bd0f-7af19a46d814: shutdown FollowerState
2019-10-17 18:51:02,964 [Thread-2185] INFO  impl.RaftServerImpl (RaftServerImpl.java:setRole(184)) - abcd8826-c056-4817-bd0f-7af19a46d814@group-5F52F902B742: changes role from  FOLLOWER to CANDIDATE at term 143 for changeToCandidate
2019-10-17 18:51:02,964 [Thread-2185] INFO  impl.RoleInfo (RoleInfo.java:updateAndGet(143)) - abcd8826-c056-4817-bd0f-7af19a46d814: start LeaderElection
2019-10-17 18:51:02,979 [abcd8826-c056-4817-bd0f-7af19a46d814@group-5F52F902B742-LeaderElection266] INFO  impl.LeaderElection (LeaderElection.java:askForVotes(178)) - abcd8826-c056-4817-bd0f-7af19a46d814@group-5F52F902B742-LeaderElection266: begin an election at term 144 for -1: [b8f04e38-0663-4b1f-8efd-f76585c6e86c:192.168.157.251:35700, abcd8826-c056-4817-bd0f-7af19a46d814:192.168.157.251:46496, 73297ffa-40cb-4e3e-b33e-1bc2c1da60f5:192.168.157.251:32952], old=null
2019-10-17 18:51:02,981 [grpc-default-executor-5] INFO  impl.RaftServerImpl (RaftServerImpl.java:setRole(184)) - b8f04e38-0663-4b1f-8efd-f76585c6e86c@group-5F52F902B742: changes role from  FOLLOWER to FOLLOWER at term 144 for recognizeCandidate:abcd8826-c056-4817-bd0f-7af19a46d814
2019-10-17 18:51:02,981 [grpc-default-executor-0] INFO  impl.RaftServerImpl (RaftServerImpl.java:setRole(184)) - 73297ffa-40cb-4e3e-b33e-1bc2c1da60f5@group-5F52F902B742: changes role from  FOLLOWER to FOLLOWER at term 144 for recognizeCandidate:abcd8826-c056-4817-bd0f-7af19a46d814
2019-10-17 18:51:02,981 [grpc-default-executor-5] INFO  impl.RoleInfo (RoleInfo.java:shutdownFollowerState(121)) - b8f04e38-0663-4b1f-8efd-f76585c6e86c: shutdown FollowerState
2019-10-17 18:51:02,981 [grpc-default-executor-0] INFO  impl.RoleInfo (RoleInfo.java:shutdownFollowerState(121)) - 73297ffa-40cb-4e3e-b33e-1bc2c1da60f5: shutdown FollowerState
2019-10-17 18:51:02,981 [Thread-2183] INFO  impl.FollowerState (FollowerState.java:run(117)) - b8f04e38-0663-4b1f-8efd-f76585c6e86c@group-5F52F902B742-FollowerState was interrupted: java.lang.InterruptedException: sleep interrupted
2019-10-17 18:51:02,981 [grpc-default-executor-5] INFO  impl.RoleInfo (RoleInfo.java:updateAndGet(143)) - b8f04e38-0663-4b1f-8efd-f76585c6e86c: start FollowerState
2019-10-17 18:51:02,981 [grpc-default-executor-0] INFO  impl.RoleInfo (RoleInfo.java:updateAndGet(143)) - 73297ffa-40cb-4e3e-b33e-1bc2c1da60f5: start FollowerState
2019-10-17 18:51:02,981 [Thread-2184] INFO  impl.FollowerState (FollowerState.java:run(117)) - 73297ffa-40cb-4e3e-b33e-1bc2c1da60f5@group-5F52F902B742-FollowerState was interrupted: java.lang.InterruptedException: sleep interrupted
2019-10-17 18:51:02,997 [Thread-2193] INFO  impl.FollowerState (FollowerState.java:run(108)) - a5e79c22-a35f-4e50-b1fd-e91b6a93d74d@group-F775CA5912AC-FollowerState: change to CANDIDATE, lastRpcTime:69ms, electionTimeout:69ms
2019-10-17 18:51:02,997 [Thread-2193] INFO  impl.RoleInfo (RoleInfo.java:shutdownFollowerState(121)) - a5e79c22-a35f-4e50-b1fd-e91b6a93d74d: shutdown FollowerState
2019-10-17 18:51:02,997 [Thread-2193] INFO  impl.RaftServerImpl (RaftServerImpl.java:setRole(184)) - a5e79c22-a35f-4e50-b1fd-e91b6a93d74d@group-F775CA5912AC: changes role from  FOLLOWER to CANDIDATE at term 143 for changeToCandidate
2019-10-17 18:51:02,997 [Thread-2193] INFO  impl.RoleInfo (RoleInfo.java:updateAndGet(143)) - a5e79c22-a35f-4e50-b1fd-e91b6a93d74d: start LeaderElection
2019-10-17 18:51:03,007 [abcd8826-c056-4817-bd0f-7af19a46d814@group-5F52F902B742-LeaderElection266] INFO  impl.LeaderElection (LeaderElection.java:logAndReturn(56)) - abcd8826-c056-4817-bd0f-7af19a46d814@group-5F52F902B742-LeaderElection266: Election REJECTED; received 2 response(s) [abcd8826-c056-4817-bd0f-7af19a46d814<-b8f04e38-0663-4b1f-8efd-f76585c6e86c#0:FAIL-t144, abcd8826-c056-4817-bd0f-7af19a46d814<-73297ffa-40cb-4e3e-b33e-1bc2c1da60f5#0:FAIL-t144] and 0 exception(s); abcd8826-c056-4817-bd0f-7af19a46d814@group-5F52F902B742:t144, leader=null, voted=abcd8826-c056-4817-bd0f-7af19a46d814, raftlog=abcd8826-c056-4817-bd0f-7af19a46d814@group-5F52F902B742-SegmentedRaftLog:OPENED:c-1,f-1,i0, conf=-1: [b8f04e38-0663-4b1f-8efd-f76585c6e86c:192.168.157.251:35700, abcd8826-c056-4817-bd0f-7af19a46d814:192.168.157.251:46496, 73297ffa-40cb-4e3e-b33e-1bc2c1da60f5:192.168.157.251:32952], old=null
2019-10-17 18:51:03,007 [abcd8826-c056-4817-bd0f-7af19a46d814@group-5F52F902B742-LeaderElection266] INFO  impl.RaftServerImpl (RaftServerImpl.java:setRole(184)) - abcd8826-c056-4817-bd0f-7af19a46d814@group-5F52F902B742: changes role from CANDIDATE to FOLLOWER at term 144 for DISCOVERED_A_NEW_TERM
2019-10-17 18:51:03,007 [abcd8826-c056-4817-bd0f-7af19a46d814@group-5F52F902B742-LeaderElection266] INFO  impl.RoleInfo (RoleInfo.java:shutdownLeaderElection(134)) - abcd8826-c056-4817-bd0f-7af19a46d814: shutdown LeaderElection
2019-10-17 18:51:03,008 [abcd8826-c056-4817-bd0f-7af19a46d814@group-5F52F902B742-LeaderElection266] INFO  impl.RoleInfo (RoleInfo.java:updateAndGet(143)) - abcd8826-c056-4817-bd0f-7af19a46d814: start FollowerState
2019-10-17 18:51:03,008 [a5e79c22-a35f-4e50-b1fd-e91b6a93d74d@group-F775CA5912AC-LeaderElection267] INFO  impl.LeaderElection (LeaderElection.java:askForVotes(178)) - a5e79c22-a35f-4e50-b1fd-e91b6a93d74d@group-F775CA5912AC-LeaderElection267: begin an election at term 144 for -1: [a5e79c22-a35f-4e50-b1fd-e91b6a93d74d:192.168.157.251:45177, daae7813-f814-475d-9647-a302a5541e36:192.168.157.251:45025, 1e4e1375-1b66-460f-8c99-4c341545a119:192.168.157.251:42113], old=null
2019-10-17 18:51:03,010 [grpc-default-executor-0] INFO  impl.RaftServerImpl (RaftServerImpl.java:setRole(184)) - daae7813-f814-475d-9647-a302a5541e36@group-F775CA5912AC: changes role from  FOLLOWER to FOLLOWER at term 144 for recognizeCandidate:a5e79c22-a35f-4e50-b1fd-e91b6a93d74d
2019-10-17 18:51:03,010 [grpc-default-executor-0] INFO  impl.RoleInfo (RoleInfo.java:shutdownFollowerState(121)) - daae7813-f814-475d-9647-a302a5541e36: shutdown FollowerState
2019-10-17 18:51:03,011 [grpc-default-executor-0] INFO  impl.RoleInfo (RoleInfo.java:updateAndGet(143)) - daae7813-f814-475d-9647-a302a5541e36: start FollowerState
2019-10-17 18:51:03,011 [Thread-2189] INFO  impl.FollowerState (FollowerState.java:run(117)) - daae7813-f814-475d-9647-a302a5541e36@group-F775CA5912AC-FollowerState was interrupted: java.lang.InterruptedException: sleep interrupted
2019-10-17 18:51:03,011 [grpc-default-executor-5] INFO  impl.RaftServerImpl (RaftServerImpl.java:setRole(184)) - 1e4e1375-1b66-460f-8c99-4c341545a119@group-F775CA5912AC: changes role from  FOLLOWER to FOLLOWER at term 144 for recognizeCandidate:a5e79c22-a35f-4e50-b1fd-e91b6a93d74d
2019-10-17 18:51:03,011 [grpc-default-executor-5] INFO  impl.RoleInfo (RoleInfo.java:shutdownFollowerState(121)) - 1e4e1375-1b66-460f-8c99-4c341545a119: shutdown FollowerState
2019-10-17 18:51:03,011 [grpc-default-executor-5] INFO  impl.RoleInfo (RoleInfo.java:updateAndGet(143)) - 1e4e1375-1b66-460f-8c99-4c341545a119: start FollowerState
2019-10-17 18:51:03,011 [Thread-2190] INFO  impl.FollowerState (FollowerState.java:run(117)) - 1e4e1375-1b66-460f-8c99-4c341545a119@group-F775CA5912AC-FollowerState was interrupted: java.lang.InterruptedException: sleep interrupted
2019-10-17 18:51:03,017 [a5e79c22-a35f-4e50-b1fd-e91b6a93d74d@group-F775CA5912AC-LeaderElection267] INFO  impl.LeaderElection (LeaderElection.java:logAndReturn(56)) - a5e79c22-a35f-4e50-b1fd-e91b6a93d74d@group-F775CA5912AC-LeaderElection267: Election REJECTED; received 2 response(s) [a5e79c22-a35f-4e50-b1fd-e91b6a93d74d<-daae7813-f814-475d-9647-a302a5541e36#0:FAIL-t144, a5e79c22-a35f-4e50-b1fd-e91b6a93d74d<-1e4e1375-1b66-460f-8c99-4c341545a119#0:FAIL-t144] and 0 exception(s); a5e79c22-a35f-4e50-b1fd-e91b6a93d74d@group-F775CA5912AC:t144, leader=null, voted=a5e79c22-a35f-4e50-b1fd-e91b6a93d74d, raftlog=a5e79c22-a35f-4e50-b1fd-e91b6a93d74d@group-F775CA5912AC-SegmentedRaftLog:OPENED:c-1,f-1,i0, conf=-1: [a5e79c22-a35f-4e50-b1fd-e91b6a93d74d:192.168.157.251:45177, daae7813-f814-475d-9647-a302a5541e36:192.168.157.251:45025, 1e4e1375-1b66-460f-8c99-4c341545a119:192.168.157.251:42113], old=null
2019-10-17 18:51:03,017 [a5e79c22-a35f-4e50-b1fd-e91b6a93d74d@group-F775CA5912AC-LeaderElection267] INFO  impl.RaftServerImpl (RaftServerImpl.java:setRole(184)) - a5e79c22-a35f-4e50-b1fd-e91b6a93d74d@group-F775CA5912AC: changes role from CANDIDATE to FOLLOWER at term 144 for DISCOVERED_A_NEW_TERM
2019-10-17 18:51:03,017 [a5e79c22-a35f-4e50-b1fd-e91b6a93d74d@group-F775CA5912AC-LeaderElection267] INFO  impl.RoleInfo (RoleInfo.java:shutdownLeaderElection(134)) - a5e79c22-a35f-4e50-b1fd-e91b6a93d74d: shutdown LeaderElection
2019-10-17 18:51:03,017 [a5e79c22-a35f-4e50-b1fd-e91b6a93d74d@group-F775CA5912AC-LeaderElection267] INFO  impl.RoleInfo (RoleInfo.java:updateAndGet(143)) - a5e79c22-a35f-4e50-b1fd-e91b6a93d74d: start FollowerState
2019-10-17 18:51:03,071 [Thread-2200] INFO  impl.FollowerState (FollowerState.java:run(108)) - abcd8826-c056-4817-bd0f-7af19a46d814@group-5F52F902B742-FollowerState: change to CANDIDATE, lastRpcTime:63ms, electionTimeout:63ms
2019-10-17 18:51:03,071 [Thread-2200] INFO  impl.RoleInfo (RoleInfo.java:shutdownFollowerState(121)) - abcd8826-c056-4817-bd0f-7af19a46d814: shutdown FollowerState
2019-10-17 18:51:03,071 [Thread-2200] INFO  impl.RaftServerImpl (RaftServerImpl.java:setRole(184)) - abcd8826-c056-4817-bd0f-7af19a46d814@group-5F52F902B742: changes role from  FOLLOWER to CANDIDATE at term 144 for changeToCandidate
2019-10-17 18:51:03,072 [Thread-2200] INFO  impl.RoleInfo (RoleInfo.java:updateAndGet(143)) - abcd8826-c056-4817-bd0f-7af19a46d814: start LeaderElection
2019-10-17 18:51:03,076 [abcd8826-c056-4817-bd0f-7af19a46d814@group-5F52F902B742-LeaderElection268] INFO  impl.LeaderElection (LeaderElection.java:askForVotes(178)) - abcd8826-c056-4817-bd0f-7af19a46d814@group-5F52F902B742-LeaderElection268: begin an election at term 145 for -1: [b8f04e38-0663-4b1f-8efd-f76585c6e86c:192.168.157.251:35700, abcd8826-c056-4817-bd0f-7af19a46d814:192.168.157.251:46496, 73297ffa-40cb-4e3e-b33e-1bc2c1da60f5:192.168.157.251:32952], old=null
2019-10-17 18:51:03,078 [grpc-default-executor-5] INFO  impl.RaftServerImpl (RaftServerImpl.java:setRole(184)) - b8f04e38-0663-4b1f-8efd-f76585c6e86c@group-5F52F902B742: changes role from  FOLLOWER to FOLLOWER at term 145 for recognizeCandidate:abcd8826-c056-4817-bd0f-7af19a46d814
2019-10-17 18:51:03,079 [grpc-default-executor-0] INFO  impl.RaftServerImpl (RaftServerImpl.java:setRole(184)) - 73297ffa-40cb-4e3e-b33e-1bc2c1da60f5@group-5F52F902B742: changes role from  FOLLOWER to FOLLOWER at term 145 for recognizeCandidate:abcd8826-c056-4817-bd0f-7af19a46d814
2019-10-17 18:51:03,079 [grpc-default-executor-0] INFO  impl.RoleInfo (RoleInfo.java:shutdownFollowerState(121)) - 73297ffa-40cb-4e3e-b33e-1bc2c1da60f5: shutdown FollowerState
2019-10-17 18:51:03,079 [grpc-default-executor-5] INFO  impl.RoleInfo (RoleInfo.java:shutdownFollowerState(121)) - b8f04e38-0663-4b1f-8efd-f76585c6e86c: shutdown FollowerState
2019-10-17 18:51:03,079 [Thread-2198] INFO  impl.FollowerState (FollowerState.java:run(117)) - 73297ffa-40cb-4e3e-b33e-1bc2c1da60f5@group-5F52F902B742-FollowerState was interrupted: java.lang.InterruptedException: sleep interrupted
2019-10-17 18:51:03,079 [grpc-default-executor-0] INFO  impl.RoleInfo (RoleInfo.java:updateAndGet(143)) - 73297ffa-40cb-4e3e-b33e-1bc2c1da60f5: start FollowerState
2019-10-17 18:51:03,079 [Thread-2197] INFO  impl.FollowerState (FollowerState.java:run(117)) - b8f04e38-0663-4b1f-8efd-f76585c6e86c@group-5F52F902B742-FollowerState was interrupted: java.lang.InterruptedException: sleep interrupted
2019-10-17 18:51:03,079 [grpc-default-executor-5] INFO  impl.RoleInfo (RoleInfo.java:updateAndGet(143)) - b8f04e38-0663-4b1f-8efd-f76585c6e86c: start FollowerState
2019-10-17 18:51:03,109 [abcd8826-c056-4817-bd0f-7af19a46d814@group-5F52F902B742-LeaderElection268] INFO  impl.LeaderElection (LeaderElection.java:logAndReturn(56)) - abcd8826-c056-4817-bd0f-7af19a46d814@group-5F52F902B742-LeaderElection268: Election REJECTED; received 2 response(s) [abcd8826-c056-4817-bd0f-7af19a46d814<-b8f04e38-0663-4b1f-8efd-f76585c6e86c#0:FAIL-t145, abcd8826-c056-4817-bd0f-7af19a46d814<-73297ffa-40cb-4e3e-b33e-1bc2c1da60f5#0:FAIL-t145] and 0 exception(s); abcd8826-c056-4817-bd0f-7af19a46d814@group-5F52F902B742:t145, leader=null, voted=abcd8826-c056-4817-bd0f-7af19a46d814, raftlog=abcd8826-c056-4817-bd0f-7af19a46d814@group-5F52F902B742-SegmentedRaftLog:OPENED:c-1,f-1,i0, conf=-1: [b8f04e38-0663-4b1f-8efd-f76585c6e86c:192.168.157.251:35700, abcd8826-c056-4817-bd0f-7af19a46d814:192.168.157.251:46496, 73297ffa-40cb-4e3e-b33e-1bc2c1da60f5:192.168.157.251:32952], old=null
2019-10-17 18:51:03,109 [abcd8826-c056-4817-bd0f-7af19a46d814@group-5F52F902B742-LeaderElection268] INFO  impl.RaftServerImpl (RaftServerImpl.java:setRole(184)) - abcd8826-c056-4817-bd0f-7af19a46d814@group-5F52F902B742: changes role from CANDIDATE to FOLLOWER at term 145 for DISCOVERED_A_NEW_TERM
2019-10-17 18:51:03,109 [abcd8826-c056-4817-bd0f-7af19a46d814@group-5F52F902B742-LeaderElection268] INFO  impl.RoleInfo (RoleInfo.java:shutdownLeaderElection(134)) - abcd8826-c056-4817-bd0f-7af19a46d814: shutdown LeaderElection
2019-10-17 18:51:03,109 [abcd8826-c056-4817-bd0f-7af19a46d814@group-5F52F902B742-LeaderElection268] INFO  impl.RoleInfo (RoleInfo.java:updateAndGet(143)) - abcd8826-c056-4817-bd0f-7af19a46d814: start FollowerState
2019-10-17 18:51:03,131 [Thread-2205] INFO  impl.FollowerState (FollowerState.java:run(108)) - a5e79c22-a35f-4e50-b1fd-e91b6a93d74d@group-F775CA5912AC-FollowerState: change to CANDIDATE, lastRpcTime:113ms, electionTimeout:113ms
2019-10-17 18:51:03,131 [Thread-2205] INFO  impl.RoleInfo (RoleInfo.java:shutdownFollowerState(121)) - a5e79c22-a35f-4e50-b1fd-e91b6a93d74d: shutdown FollowerState
2019-10-17 18:51:03,131 [Thread-2205] INFO  impl.RaftServerImpl (RaftServerImpl.java:setRole(184)) - a5e79c22-a35f-4e50-b1fd-e91b6a93d74d@group-F775CA5912AC: changes role from  FOLLOWER to CANDIDATE at term 144 for changeToCandidate
2019-10-17 18:51:03,131 [Thread-2205] INFO  impl.RoleInfo (RoleInfo.java:updateAndGet(143)) - a5e79c22-a35f-4e50-b1fd-e91b6a93d74d: start LeaderElection
2019-10-17 18:51:03,158 [a5e79c22-a35f-4e50-b1fd-e91b6a93d74d@group-F775CA5912AC-LeaderElection269] INFO  impl.LeaderElection (LeaderElection.java:askForVotes(178)) - a5e79c22-a35f-4e50-b1fd-e91b6a93d74d@group-F775CA5912AC-LeaderElection269: begin an election at term 145 for -1: [a5e79c22-a35f-4e50-b1fd-e91b6a93d74d:192.168.157.251:45177, daae7813-f814-475d-9647-a302a5541e36:192.168.157.251:45025, 1e4e1375-1b66-460f-8c99-4c341545a119:192.168.157.251:42113], old=null
2019-10-17 18:51:03,160 [grpc-default-executor-5] INFO  impl.RaftServerImpl (RaftServerImpl.java:setRole(184)) - 1e4e1375-1b66-460f-8c99-4c341545a119@group-F775CA5912AC: changes role from  FOLLOWER to FOLLOWER at term 145 for recognizeCandidate:a5e79c22-a35f-4e50-b1fd-e91b6a93d74d
2019-10-17 18:51:03,160 [grpc-default-executor-0] INFO  impl.RaftServerImpl (RaftServerImpl.java:setRole(184)) - daae7813-f814-475d-9647-a302a5541e36@group-F775CA5912AC: changes role from  FOLLOWER to FOLLOWER at term 145 for recognizeCandidate:a5e79c22-a35f-4e50-b1fd-e91b6a93d74d
2019-10-17 18:51:03,160 [grpc-default-executor-0] INFO  impl.RoleInfo (RoleInfo.java:shutdownFollowerState(121)) - daae7813-f814-475d-9647-a302a5541e36: shutdown FollowerState
2019-10-17 18:51:03,160 [grpc-default-executor-5] INFO  impl.RoleInfo (RoleInfo.java:shutdownFollowerState(121)) - 1e4e1375-1b66-460f-8c99-4c341545a119: shutdown FollowerState
2019-10-17 18:51:03,161 [Thread-2203] INFO  impl.FollowerState (FollowerState.java:run(117)) - daae7813-f814-475d-9647-a302a5541e36@group-F775CA5912AC-FollowerState was interrupted: java.lang.InterruptedException: sleep interrupted
2019-10-17 18:51:03,161 [grpc-default-executor-0] INFO  impl.RoleInfo (RoleInfo.java:updateAndGet(143)) - daae7813-f814-475d-9647-a302a5541e36: start FollowerState
2019-10-17 18:51:03,161 [Thread-2204] INFO  impl.FollowerState (FollowerState.java:run(117)) - 1e4e1375-1b66-460f-8c99-4c341545a119@group-F775CA5912AC-FollowerState was interrupted: java.lang.InterruptedException: sleep interrupted
2019-10-17 18:51:03,161 [grpc-default-executor-5] INFO  impl.RoleInfo (RoleInfo.java:updateAndGet(143)) - 1e4e1375-1b66-460f-8c99-4c341545a119: start FollowerState
2019-10-17 18:51:03,188 [a5e79c22-a35f-4e50-b1fd-e91b6a93d74d@group-F775CA5912AC-LeaderElection269] INFO  impl.LeaderElection (LeaderElection.java:logAndReturn(56)) - a5e79c22-a35f-4e50-b1fd-e91b6a93d74d@group-F775CA5912AC-LeaderElection269: Election REJECTED; received 2 response(s) [a5e79c22-a35f-4e50-b1fd-e91b6a93d74d<-daae7813-f814-475d-9647-a302a5541e36#0:FAIL-t145, a5e79c22-a35f-4e50-b1fd-e91b6a93d74d<-1e4e1375-1b66-460f-8c99-4c341545a119#0:FAIL-t145] and 0 exception(s); a5e79c22-a35f-4e50-b1fd-e91b6a93d74d@group-F775CA5912AC:t145, leader=null, voted=a5e79c22-a35f-4e50-b1fd-e91b6a93d74d, raftlog=a5e79c22-a35f-4e50-b1fd-e91b6a93d74d@group-F775CA5912AC-SegmentedRaftLog:OPENED:c-1,f-1,i0, conf=-1: [a5e79c22-a35f-4e50-b1fd-e91b6a93d74d:192.168.157.251:45177, daae7813-f814-475d-9647-a302a5541e36:192.168.157.251:45025, 1e4e1375-1b66-460f-8c99-4c341545a119:192.168.157.251:42113], old=null
2019-10-17 18:51:03,188 [a5e79c22-a35f-4e50-b1fd-e91b6a93d74d@group-F775CA5912AC-LeaderElection269] INFO  impl.RaftServerImpl (RaftServerImpl.java:setRole(184)) - a5e79c22-a35f-4e50-b1fd-e91b6a93d74d@group-F775CA5912AC: changes role from CANDIDATE to FOLLOWER at term 145 for DISCOVERED_A_NEW_TERM
2019-10-17 18:51:03,188 [a5e79c22-a35f-4e50-b1fd-e91b6a93d74d@group-F775CA5912AC-LeaderElection269] INFO  impl.RoleInfo (RoleInfo.java:shutdownLeaderElection(134)) - a5e79c22-a35f-4e50-b1fd-e91b6a93d74d: shutdown LeaderElection
2019-10-17 18:51:03,188 [a5e79c22-a35f-4e50-b1fd-e91b6a93d74d@group-F775CA5912AC-LeaderElection269] INFO  impl.RoleInfo (RoleInfo.java:updateAndGet(143)) - a5e79c22-a35f-4e50-b1fd-e91b6a93d74d: start FollowerState
2019-10-17 18:51:03,198 [Thread-2211] INFO  impl.FollowerState (FollowerState.java:run(108)) - abcd8826-c056-4817-bd0f-7af19a46d814@group-5F52F902B742-FollowerState: change to CANDIDATE, lastRpcTime:88ms, electionTimeout:88ms
2019-10-17 18:51:03,198 [Thread-2211] INFO  impl.RoleInfo (RoleInfo.java:shutdownFollowerState(121)) - abcd8826-c056-4817-bd0f-7af19a46d814: shutdown FollowerState
2019-10-17 18:51:03,198 [Thread-2211] INFO  impl.RaftServerImpl (RaftServerImpl.java:setRole(184)) - abcd8826-c056-4817-bd0f-7af19a46d814@group-5F52F902B742: changes role from  FOLLOWER to CANDIDATE at term 145 for changeToCandidate
2019-10-17 18:51:03,199 [Thread-2211] INFO  impl.RoleInfo (RoleInfo.java:updateAndGet(143)) - abcd8826-c056-4817-bd0f-7af19a46d814: start LeaderElection
2019-10-17 18:51:03,224 [abcd8826-c056-4817-bd0f-7af19a46d814@group-5F52F902B742-LeaderElection270] INFO  impl.LeaderElection (LeaderElection.java:askForVotes(178)) - abcd8826-c056-4817-bd0f-7af19a46d814@group-5F52F902B742-LeaderElection270: begin an election at term 146 for -1: [b8f04e38-0663-4b1f-8efd-f76585c6e86c:192.168.157.251:35700, abcd8826-c056-4817-bd0f-7af19a46d814:192.168.157.251:46496, 73297ffa-40cb-4e3e-b33e-1bc2c1da60f5:192.168.157.251:32952], old=null
2019-10-17 18:51:03,231 [grpc-default-executor-0] INFO  impl.RaftServerImpl (RaftServerImpl.java:setRole(184)) - b8f04e38-0663-4b1f-8efd-f76585c6e86c@group-5F52F902B742: changes role from  FOLLOWER to FOLLOWER at term 146 for recognizeCandidate:abcd8826-c056-4817-bd0f-7af19a46d814
2019-10-17 18:51:03,231 [grpc-default-executor-0] INFO  impl.RoleInfo (RoleInfo.java:shutdownFollowerState(121)) - b8f04e38-0663-4b1f-8efd-f76585c6e86c: shutdown FollowerState
2019-10-17 18:51:03,231 [grpc-default-executor-0] INFO  impl.RoleInfo (RoleInfo.java:updateAndGet(143)) - b8f04e38-0663-4b1f-8efd-f76585c6e86c: start FollowerState
2019-10-17 18:51:03,231 [Thread-2210] INFO  impl.FollowerState (FollowerState.java:run(117)) - b8f04e38-0663-4b1f-8efd-f76585c6e86c@group-5F52F902B742-FollowerState was interrupted: java.lang.InterruptedException: sleep interrupted
2019-10-17 18:51:03,231 [grpc-default-executor-5] INFO  impl.RaftServerImpl (RaftServerImpl.java:setRole(184)) - 73297ffa-40cb-4e3e-b33e-1bc2c1da60f5@group-5F52F902B742: changes role from  FOLLOWER to FOLLOWER at term 146 for recognizeCandidate:abcd8826-c056-4817-bd0f-7af19a46d814
2019-10-17 18:51:03,231 [grpc-default-executor-5] INFO  impl.RoleInfo (RoleInfo.java:shutdownFollowerState(121)) - 73297ffa-40cb-4e3e-b33e-1bc2c1da60f5: shutdown FollowerState
2019-10-17 18:51:03,231 [grpc-default-executor-5] INFO  impl.RoleInfo (RoleInfo.java:updateAndGet(143)) - 73297ffa-40cb-4e3e-b33e-1bc2c1da60f5: start FollowerState
2019-10-17 18:51:03,232 [Thread-2209] INFO  impl.FollowerState (FollowerState.java:run(117)) - 73297ffa-40cb-4e3e-b33e-1bc2c1da60f5@group-5F52F902B742-FollowerState was interrupted: java.lang.InterruptedException: sleep interrupted
2019-10-17 18:51:03,246 [abcd8826-c056-4817-bd0f-7af19a46d814@group-5F52F902B742-LeaderElection270] INFO  impl.LeaderElection (LeaderElection.java:logAndReturn(56)) - abcd8826-c056-4817-bd0f-7af19a46d814@group-5F52F902B742-LeaderElection270: Election REJECTED; received 2 response(s) [abcd8826-c056-4817-bd0f-7af19a46d814<-b8f04e38-0663-4b1f-8efd-f76585c6e86c#0:FAIL-t146, abcd8826-c056-4817-bd0f-7af19a46d814<-73297ffa-40cb-4e3e-b33e-1bc2c1da60f5#0:FAIL-t146] and 0 exception(s); abcd8826-c056-4817-bd0f-7af19a46d814@group-5F52F902B742:t146, leader=null, voted=abcd8826-c056-4817-bd0f-7af19a46d814, raftlog=abcd8826-c056-4817-bd0f-7af19a46d814@group-5F52F902B742-SegmentedRaftLog:OPENED:c-1,f-1,i0, conf=-1: [b8f04e38-0663-4b1f-8efd-f76585c6e86c:192.168.157.251:35700, abcd8826-c056-4817-bd0f-7af19a46d814:192.168.157.251:46496, 73297ffa-40cb-4e3e-b33e-1bc2c1da60f5:192.168.157.251:32952], old=null
2019-10-17 18:51:03,247 [abcd8826-c056-4817-bd0f-7af19a46d814@group-5F52F902B742-LeaderElection270] INFO  impl.RaftServerImpl (RaftServerImpl.java:setRole(184)) - abcd8826-c056-4817-bd0f-7af19a46d814@group-5F52F902B742: changes role from CANDIDATE to FOLLOWER at term 146 for DISCOVERED_A_NEW_TERM
2019-10-17 18:51:03,247 [abcd8826-c056-4817-bd0f-7af19a46d814@group-5F52F902B742-LeaderElection270] INFO  impl.RoleInfo (RoleInfo.java:shutdownLeaderElection(134)) - abcd8826-c056-4817-bd0f-7af19a46d814: shutdown LeaderElection
2019-10-17 18:51:03,247 [abcd8826-c056-4817-bd0f-7af19a46d814@group-5F52F902B742-LeaderElection270] INFO  impl.RoleInfo (RoleInfo.java:updateAndGet(143)) - abcd8826-c056-4817-bd0f-7af19a46d814: start FollowerState
2019-10-17 18:51:03,249 [Thread-2217] INFO  impl.FollowerState (FollowerState.java:run(108)) - a5e79c22-a35f-4e50-b1fd-e91b6a93d74d@group-F775CA5912AC-FollowerState: change to CANDIDATE, lastRpcTime:60ms, electionTimeout:60ms
2019-10-17 18:51:03,249 [Thread-2217] INFO  impl.RoleInfo (RoleInfo.java:shutdownFollowerState(121)) - a5e79c22-a35f-4e50-b1fd-e91b6a93d74d: shutdown FollowerState
2019-10-17 18:51:03,249 [Thread-2217] INFO  impl.RaftServerImpl (RaftServerImpl.java:setRole(184)) - a5e79c22-a35f-4e50-b1fd-e91b6a93d74d@group-F775CA5912AC: changes role from  FOLLOWER to CANDIDATE at term 145 for changeToCandidate
2019-10-17 18:51:03,249 [Thread-2217] INFO  impl.RoleInfo (RoleInfo.java:updateAndGet(143)) - a5e79c22-a35f-4e50-b1fd-e91b6a93d74d: start LeaderElection
2019-10-17 18:51:03,262 [a5e79c22-a35f-4e50-b1fd-e91b6a93d74d@group-F775CA5912AC-LeaderElection271] INFO  impl.LeaderElection (LeaderElection.java:askForVotes(178)) - a5e79c22-a35f-4e50-b1fd-e91b6a93d74d@group-F775CA5912AC-LeaderElection271: begin an election at term 146 for -1: [a5e79c22-a35f-4e50-b1fd-e91b6a93d74d:192.168.157.251:45177, daae7813-f814-475d-9647-a302a5541e36:192.168.157.251:45025, 1e4e1375-1b66-460f-8c99-4c341545a119:192.168.157.251:42113], old=null
2019-10-17 18:51:03,264 [grpc-default-executor-0] INFO  impl.RaftServerImpl (RaftServerImpl.java:setRole(184)) - daae7813-f814-475d-9647-a302a5541e36@group-F775CA5912AC: changes role from  FOLLOWER to FOLLOWER at term 146 for recognizeCandidate:a5e79c22-a35f-4e50-b1fd-e91b6a93d74d
2019-10-17 18:51:03,264 [grpc-default-executor-0] INFO  impl.RoleInfo (RoleInfo.java:shutdownFollowerState(121)) - daae7813-f814-475d-9647-a302a5541e36: shutdown FollowerState
2019-10-17 18:51:03,264 [grpc-default-executor-5] INFO  impl.RaftServerImpl (RaftServerImpl.java:setRole(184)) - 1e4e1375-1b66-460f-8c99-4c341545a119@group-F775CA5912AC: changes role from  FOLLOWER to FOLLOWER at term 146 for recognizeCandidate:a5e79c22-a35f-4e50-b1fd-e91b6a93d74d
2019-10-17 18:51:03,264 [grpc-default-executor-5] INFO  impl.RoleInfo (RoleInfo.java:shutdownFollowerState(121)) - 1e4e1375-1b66-460f-8c99-4c341545a119: shutdown FollowerState
2019-10-17 18:51:03,264 [Thread-2215] INFO  impl.FollowerState (FollowerState.java:run(117)) - daae7813-f814-475d-9647-a302a5541e36@group-F775CA5912AC-FollowerState was interrupted: java.lang.InterruptedException: sleep interrupted
2019-10-17 18:51:03,264 [grpc-default-executor-0] INFO  impl.RoleInfo (RoleInfo.java:updateAndGet(143)) - daae7813-f814-475d-9647-a302a5541e36: start FollowerState
2019-10-17 18:51:03,265 [Thread-2216] INFO  impl.FollowerState (FollowerState.java:run(117)) - 1e4e1375-1b66-460f-8c99-4c341545a119@group-F775CA5912AC-FollowerState was interrupted: java.lang.InterruptedException: sleep interrupted
2019-10-17 18:51:03,264 [grpc-default-executor-5] INFO  impl.RoleInfo (RoleInfo.java:updateAndGet(143)) - 1e4e1375-1b66-460f-8c99-4c341545a119: start FollowerState
2019-10-17 18:51:03,278 [a5e79c22-a35f-4e50-b1fd-e91b6a93d74d@group-F775CA5912AC-LeaderElection271] INFO  impl.LeaderElection (LeaderElection.java:logAndReturn(56)) - a5e79c22-a35f-4e50-b1fd-e91b6a93d74d@group-F775CA5912AC-LeaderElection271: Election REJECTED; received 2 response(s) [a5e79c22-a35f-4e50-b1fd-e91b6a93d74d<-daae7813-f814-475d-9647-a302a5541e36#0:FAIL-t146, a5e79c22-a35f-4e50-b1fd-e91b6a93d74d<-1e4e1375-1b66-460f-8c99-4c341545a119#0:FAIL-t146] and 0 exception(s); a5e79c22-a35f-4e50-b1fd-e91b6a93d74d@group-F775CA5912AC:t146, leader=null, voted=a5e79c22-a35f-4e50-b1fd-e91b6a93d74d, raftlog=a5e79c22-a35f-4e50-b1fd-e91b6a93d74d@group-F775CA5912AC-SegmentedRaftLog:OPENED:c-1,f-1,i0, conf=-1: [a5e79c22-a35f-4e50-b1fd-e91b6a93d74d:192.168.157.251:45177, daae7813-f814-475d-9647-a302a5541e36:192.168.157.251:45025, 1e4e1375-1b66-460f-8c99-4c341545a119:192.168.157.251:42113], old=null
2019-10-17 18:51:03,278 [a5e79c22-a35f-4e50-b1fd-e91b6a93d74d@group-F775CA5912AC-LeaderElection271] INFO  impl.RaftServerImpl (RaftServerImpl.java:setRole(184)) - a5e79c22-a35f-4e50-b1fd-e91b6a93d74d@group-F775CA5912AC: changes role from CANDIDATE to FOLLOWER at term 146 for DISCOVERED_A_NEW_TERM
2019-10-17 18:51:03,278 [a5e79c22-a35f-4e50-b1fd-e91b6a93d74d@group-F775CA5912AC-LeaderElection271] INFO  impl.RoleInfo (RoleInfo.java:shutdownLeaderElection(134)) - a5e79c22-a35f-4e50-b1fd-e91b6a93d74d: shutdown LeaderElection
2019-10-17 18:51:03,279 [a5e79c22-a35f-4e50-b1fd-e91b6a93d74d@group-F775CA5912AC-LeaderElection271] INFO  impl.RoleInfo (RoleInfo.java:updateAndGet(143)) - a5e79c22-a35f-4e50-b1fd-e91b6a93d74d: start FollowerState
2019-10-17 18:51:03,292 [Thread-2225] INFO  impl.FollowerState (FollowerState.java:run(108)) - abcd8826-c056-4817-bd0f-7af19a46d814@group-5F52F902B742-FollowerState: change to CANDIDATE, lastRpcTime:45ms, electionTimeout:45ms
2019-10-17 18:51:03,293 [Thread-2225] INFO  impl.RoleInfo (RoleInfo.java:shutdownFollowerState(121)) - abcd8826-c056-4817-bd0f-7af19a46d814: shutdown FollowerState
2019-10-17 18:51:03,293 [Thread-2225] INFO  impl.RaftServerImpl (RaftServerImpl.java:setRole(184)) - abcd8826-c056-4817-bd0f-7af19a46d814@group-5F52F902B742: changes role from  FOLLOWER to CANDIDATE at term 146 for changeToCandidate
2019-10-17 18:51:03,293 [Thread-2225] INFO  impl.RoleInfo (RoleInfo.java:updateAndGet(143)) - abcd8826-c056-4817-bd0f-7af19a46d814: start LeaderElection
2019-10-17 18:51:03,307 [abcd8826-c056-4817-bd0f-7af19a46d814@group-5F52F902B742-LeaderElection272] INFO  impl.LeaderElection (LeaderElection.java:askForVotes(178)) - abcd8826-c056-4817-bd0f-7af19a46d814@group-5F52F902B742-LeaderElection272: begin an election at term 147 for -1: [b8f04e38-0663-4b1f-8efd-f76585c6e86c:192.168.157.251:35700, abcd8826-c056-4817-bd0f-7af19a46d814:192.168.157.251:46496, 73297ffa-40cb-4e3e-b33e-1bc2c1da60f5:192.168.157.251:32952], old=null
2019-10-17 18:51:03,309 [grpc-default-executor-5] INFO  impl.RaftServerImpl (RaftServerImpl.java:setRole(184)) - b8f04e38-0663-4b1f-8efd-f76585c6e86c@group-5F52F902B742: changes role from  FOLLOWER to FOLLOWER at term 147 for recognizeCandidate:abcd8826-c056-4817-bd0f-7af19a46d814
2019-10-17 18:51:03,309 [grpc-default-executor-5] INFO  impl.RoleInfo (RoleInfo.java:shutdownFollowerState(121)) - b8f04e38-0663-4b1f-8efd-f76585c6e86c: shutdown FollowerState
2019-10-17 18:51:03,309 [grpc-default-executor-5] INFO  impl.RoleInfo (RoleInfo.java:updateAndGet(143)) - b8f04e38-0663-4b1f-8efd-f76585c6e86c: start FollowerState
2019-10-17 18:51:03,309 [Thread-2223] INFO  impl.FollowerState (FollowerState.java:run(117)) - b8f04e38-0663-4b1f-8efd-f76585c6e86c@group-5F52F902B742-FollowerState was interrupted: java.lang.InterruptedException: sleep interrupted
2019-10-17 18:51:03,310 [grpc-default-executor-0] INFO  impl.RaftServerImpl (RaftServerImpl.java:setRole(184)) - 73297ffa-40cb-4e3e-b33e-1bc2c1da60f5@group-5F52F902B742: changes role from  FOLLOWER to FOLLOWER at term 147 for recognizeCandidate:abcd8826-c056-4817-bd0f-7af19a46d814
2019-10-17 18:51:03,310 [grpc-default-executor-0] INFO  impl.RoleInfo (RoleInfo.java:shutdownFollowerState(121)) - 73297ffa-40cb-4e3e-b33e-1bc2c1da60f5: shutdown FollowerState
2019-10-17 18:51:03,310 [grpc-default-executor-0] INFO  impl.RoleInfo (RoleInfo.java:updateAndGet(143)) - 73297ffa-40cb-4e3e-b33e-1bc2c1da60f5: start FollowerState
2019-10-17 18:51:03,310 [Thread-2224] INFO  impl.FollowerState (FollowerState.java:run(117)) - 73297ffa-40cb-4e3e-b33e-1bc2c1da60f5@group-5F52F902B742-FollowerState was interrupted: java.lang.InterruptedException: sleep interrupted
2019-10-17 18:51:03,316 [abcd8826-c056-4817-bd0f-7af19a46d814@group-5F52F902B742-LeaderElection272] INFO  impl.LeaderElection (LeaderElection.java:logAndReturn(56)) - abcd8826-c056-4817-bd0f-7af19a46d814@group-5F52F902B742-LeaderElection272: Election REJECTED; received 2 response(s) [abcd8826-c056-4817-bd0f-7af19a46d814<-b8f04e38-0663-4b1f-8efd-f76585c6e86c#0:FAIL-t147, abcd8826-c056-4817-bd0f-7af19a46d814<-73297ffa-40cb-4e3e-b33e-1bc2c1da60f5#0:FAIL-t147] and 0 exception(s); abcd8826-c056-4817-bd0f-7af19a46d814@group-5F52F902B742:t147, leader=null, voted=abcd8826-c056-4817-bd0f-7af19a46d814, raftlog=abcd8826-c056-4817-bd0f-7af19a46d814@group-5F52F902B742-SegmentedRaftLog:OPENED:c-1,f-1,i0, conf=-1: [b8f04e38-0663-4b1f-8efd-f76585c6e86c:192.168.157.251:35700, abcd8826-c056-4817-bd0f-7af19a46d814:192.168.157.251:46496, 73297ffa-40cb-4e3e-b33e-1bc2c1da60f5:192.168.157.251:32952], old=null
2019-10-17 18:51:03,316 [abcd8826-c056-4817-bd0f-7af19a46d814@group-5F52F902B742-LeaderElection272] INFO  impl.RaftServerImpl (RaftServerImpl.java:setRole(184)) - abcd8826-c056-4817-bd0f-7af19a46d814@group-5F52F902B742: changes role from CANDIDATE to FOLLOWER at term 147 for DISCOVERED_A_NEW_TERM
2019-10-17 18:51:03,316 [abcd8826-c056-4817-bd0f-7af19a46d814@group-5F52F902B742-LeaderElection272] INFO  impl.RoleInfo (RoleInfo.java:shutdownLeaderElection(134)) - abcd8826-c056-4817-bd0f-7af19a46d814: shutdown LeaderElection
2019-10-17 18:51:03,316 [abcd8826-c056-4817-bd0f-7af19a46d814@group-5F52F902B742-LeaderElection272] INFO  impl.RoleInfo (RoleInfo.java:updateAndGet(143)) - abcd8826-c056-4817-bd0f-7af19a46d814: start FollowerState
2019-10-17 18:51:03,335 [Thread-2237] INFO  impl.FollowerState (FollowerState.java:run(108)) - abcd8826-c056-4817-bd0f-7af19a46d814@group-5F52F902B742-FollowerState: change to CANDIDATE, lastRpcTime:18ms, electionTimeout:18ms
2019-10-17 18:51:03,335 [Thread-2237] INFO  impl.RoleInfo (RoleInfo.java:shutdownFollowerState(121)) - abcd8826-c056-4817-bd0f-7af19a46d814: shutdown FollowerState
2019-10-17 18:51:03,335 [Thread-2237] INFO  impl.RaftServerImpl (RaftServerImpl.java:setRole(184)) - abcd8826-c056-4817-bd0f-7af19a46d814@group-5F52F902B742: changes role from  FOLLOWER to CANDIDATE at term 147 for changeToCandidate
2019-10-17 18:51:03,335 [Thread-2237] INFO  impl.RoleInfo (RoleInfo.java:updateAndGet(143)) - abcd8826-c056-4817-bd0f-7af19a46d814: start LeaderElection
2019-10-17 18:51:03,363 [abcd8826-c056-4817-bd0f-7af19a46d814@group-5F52F902B742-LeaderElection273] INFO  impl.LeaderElection (LeaderElection.java:askForVotes(178)) - abcd8826-c056-4817-bd0f-7af19a46d814@group-5F52F902B742-LeaderElection273: begin an election at term 148 for -1: [b8f04e38-0663-4b1f-8efd-f76585c6e86c:192.168.157.251:35700, abcd8826-c056-4817-bd0f-7af19a46d814:192.168.157.251:46496, 73297ffa-40cb-4e3e-b33e-1bc2c1da60f5:192.168.157.251:32952], old=null
2019-10-17 18:51:03,365 [grpc-default-executor-0] INFO  impl.RaftServerImpl (RaftServerImpl.java:setRole(184)) - b8f04e38-0663-4b1f-8efd-f76585c6e86c@group-5F52F902B742: changes role from  FOLLOWER to FOLLOWER at term 148 for recognizeCandidate:abcd8826-c056-4817-bd0f-7af19a46d814
2019-10-17 18:51:03,365 [grpc-default-executor-5] INFO  impl.RaftServerImpl (RaftServerImpl.java:setRole(184)) - 73297ffa-40cb-4e3e-b33e-1bc2c1da60f5@group-5F52F902B742: changes role from  FOLLOWER to FOLLOWER at term 148 for recognizeCandidate:abcd8826-c056-4817-bd0f-7af19a46d814
2019-10-17 18:51:03,365 [grpc-default-executor-0] INFO  impl.RoleInfo (RoleInfo.java:shutdownFollowerState(121)) - b8f04e38-0663-4b1f-8efd-f76585c6e86c: shutdown FollowerState
2019-10-17 18:51:03,365 [grpc-default-executor-5] INFO  impl.RoleInfo (RoleInfo.java:shutdownFollowerState(121)) - 73297ffa-40cb-4e3e-b33e-1bc2c1da60f5: shutdown FollowerState
2019-10-17 18:51:03,366 [Thread-2235] INFO  impl.FollowerState (FollowerState.java:run(117)) - b8f04e38-0663-4b1f-8efd-f76585c6e86c@group-5F52F902B742-FollowerState was interrupted: java.lang.InterruptedException: sleep interrupted
2019-10-17 18:51:03,366 [grpc-default-executor-0] INFO  impl.RoleInfo (RoleInfo.java:updateAndGet(143)) - b8f04e38-0663-4b1f-8efd-f76585c6e86c: start FollowerState
2019-10-17 18:51:03,366 [Thread-2236] INFO  impl.FollowerState (FollowerState.java:run(117)) - 73297ffa-40cb-4e3e-b33e-1bc2c1da60f5@group-5F52F902B742-FollowerState was interrupted: java.lang.InterruptedException: sleep interrupted
2019-10-17 18:51:03,366 [grpc-default-executor-5] INFO  impl.RoleInfo (RoleInfo.java:updateAndGet(143)) - 73297ffa-40cb-4e3e-b33e-1bc2c1da60f5: start FollowerState
2019-10-17 18:51:03,379 [Thread-2231] INFO  impl.FollowerState (FollowerState.java:run(108)) - a5e79c22-a35f-4e50-b1fd-e91b6a93d74d@group-F775CA5912AC-FollowerState: change to CANDIDATE, lastRpcTime:100ms, electionTimeout:100ms
2019-10-17 18:51:03,379 [Thread-2231] INFO  impl.RoleInfo (RoleInfo.java:shutdownFollowerState(121)) - a5e79c22-a35f-4e50-b1fd-e91b6a93d74d: shutdown FollowerState
2019-10-17 18:51:03,379 [Thread-2231] INFO  impl.RaftServerImpl (RaftServerImpl.java:setRole(184)) - a5e79c22-a35f-4e50-b1fd-e91b6a93d74d@group-F775CA5912AC: changes role from  FOLLOWER to CANDIDATE at term 146 for changeToCandidate
2019-10-17 18:51:03,379 [Thread-2231] INFO  impl.RoleInfo (RoleInfo.java:updateAndGet(143)) - a5e79c22-a35f-4e50-b1fd-e91b6a93d74d: start LeaderElection
2019-10-17 18:51:03,392 [abcd8826-c056-4817-bd0f-7af19a46d814@group-5F52F902B742-LeaderElection273] INFO  impl.LeaderElection (LeaderElection.java:logAndReturn(56)) - abcd8826-c056-4817-bd0f-7af19a46d814@group-5F52F902B742-LeaderElection273: Election REJECTED; received 2 response(s) [abcd8826-c056-4817-bd0f-7af19a46d814<-b8f04e38-0663-4b1f-8efd-f76585c6e86c#0:FAIL-t148, abcd8826-c056-4817-bd0f-7af19a46d814<-73297ffa-40cb-4e3e-b33e-1bc2c1da60f5#0:FAIL-t148] and 0 exception(s); abcd8826-c056-4817-bd0f-7af19a46d814@group-5F52F902B742:t148, leader=null, voted=abcd8826-c056-4817-bd0f-7af19a46d814, raftlog=abcd8826-c056-4817-bd0f-7af19a46d814@group-5F52F902B742-SegmentedRaftLog:OPENED:c-1,f-1,i0, conf=-1: [b8f04e38-0663-4b1f-8efd-f76585c6e86c:192.168.157.251:35700, abcd8826-c056-4817-bd0f-7af19a46d814:192.168.157.251:46496, 73297ffa-40cb-4e3e-b33e-1bc2c1da60f5:192.168.157.251:32952], old=null
2019-10-17 18:51:03,392 [abcd8826-c056-4817-bd0f-7af19a46d814@group-5F52F902B742-LeaderElection273] INFO  impl.RaftServerImpl (RaftServerImpl.java:setRole(184)) - abcd8826-c056-4817-bd0f-7af19a46d814@group-5F52F902B742: changes role from CANDIDATE to FOLLOWER at term 148 for DISCOVERED_A_NEW_TERM
2019-10-17 18:51:03,392 [abcd8826-c056-4817-bd0f-7af19a46d814@group-5F52F902B742-LeaderElection273] INFO  impl.RoleInfo (RoleInfo.java:shutdownLeaderElection(134)) - abcd8826-c056-4817-bd0f-7af19a46d814: shutdown LeaderElection
2019-10-17 18:51:03,392 [abcd8826-c056-4817-bd0f-7af19a46d814@group-5F52F902B742-LeaderElection273] INFO  impl.RoleInfo (RoleInfo.java:updateAndGet(143)) - abcd8826-c056-4817-bd0f-7af19a46d814: start FollowerState
2019-10-17 18:51:03,395 [a5e79c22-a35f-4e50-b1fd-e91b6a93d74d@group-F775CA5912AC-LeaderElection274] INFO  impl.LeaderElection (LeaderElection.java:askForVotes(178)) - a5e79c22-a35f-4e50-b1fd-e91b6a93d74d@group-F775CA5912AC-LeaderElection274: begin an election at term 147 for -1: [a5e79c22-a35f-4e50-b1fd-e91b6a93d74d:192.168.157.251:45177, daae7813-f814-475d-9647-a302a5541e36:192.168.157.251:45025, 1e4e1375-1b66-460f-8c99-4c341545a119:192.168.157.251:42113], old=null
2019-10-17 18:51:03,397 [grpc-default-executor-0] INFO  impl.RaftServerImpl (RaftServerImpl.java:setRole(184)) - daae7813-f814-475d-9647-a302a5541e36@group-F775CA5912AC: changes role from  FOLLOWER to FOLLOWER at term 147 for recognizeCandidate:a5e79c22-a35f-4e50-b1fd-e91b6a93d74d
2019-10-17 18:51:03,397 [grpc-default-executor-0] INFO  impl.RoleInfo (RoleInfo.java:shutdownFollowerState(121)) - daae7813-f814-475d-9647-a302a5541e36: shutdown FollowerState
2019-10-17 18:51:03,397 [grpc-default-executor-0] INFO  impl.RoleInfo (RoleInfo.java:updateAndGet(143)) - daae7813-f814-475d-9647-a302a5541e36: start FollowerState
2019-10-17 18:51:03,397 [Thread-2229] INFO  impl.FollowerState (FollowerState.java:run(117)) - daae7813-f814-475d-9647-a302a5541e36@group-F775CA5912AC-FollowerState was interrupted: java.lang.InterruptedException: sleep interrupted
2019-10-17 18:51:03,398 [grpc-default-executor-5] INFO  impl.RaftServerImpl (RaftServerImpl.java:setRole(184)) - 1e4e1375-1b66-460f-8c99-4c341545a119@group-F775CA5912AC: changes role from  FOLLOWER to FOLLOWER at term 147 for recognizeCandidate:a5e79c22-a35f-4e50-b1fd-e91b6a93d74d
2019-10-17 18:51:03,398 [grpc-default-executor-5] INFO  impl.RoleInfo (RoleInfo.java:shutdownFollowerState(121)) - 1e4e1375-1b66-460f-8c99-4c341545a119: shutdown FollowerState
2019-10-17 18:51:03,398 [grpc-default-executor-5] INFO  impl.RoleInfo (RoleInfo.java:updateAndGet(143)) - 1e4e1375-1b66-460f-8c99-4c341545a119: start FollowerState
2019-10-17 18:51:03,398 [Thread-2230] INFO  impl.FollowerState (FollowerState.java:run(117)) - 1e4e1375-1b66-460f-8c99-4c341545a119@group-F775CA5912AC-FollowerState was interrupted: java.lang.InterruptedException: sleep interrupted
2019-10-17 18:51:03,423 [a5e79c22-a35f-4e50-b1fd-e91b6a93d74d@group-F775CA5912AC-LeaderElection274] INFO  impl.LeaderElection (LeaderElection.java:logAndReturn(56)) - a5e79c22-a35f-4e50-b1fd-e91b6a93d74d@group-F775CA5912AC-LeaderElection274: Election REJECTED; received 2 response(s) [a5e79c22-a35f-4e50-b1fd-e91b6a93d74d<-daae7813-f814-475d-9647-a302a5541e36#0:FAIL-t147, a5e79c22-a35f-4e50-b1fd-e91b6a93d74d<-1e4e1375-1b66-460f-8c99-4c341545a119#0:FAIL-t147] and 0 exception(s); a5e79c22-a35f-4e50-b1fd-e91b6a93d74d@group-F775CA5912AC:t147, leader=null, voted=a5e79c22-a35f-4e50-b1fd-e91b6a93d74d, raftlog=a5e79c22-a35f-4e50-b1fd-e91b6a93d74d@group-F775CA5912AC-SegmentedRaftLog:OPENED:c-1,f-1,i0, conf=-1: [a5e79c22-a35f-4e50-b1fd-e91b6a93d74d:192.168.157.251:45177, daae7813-f814-475d-9647-a302a5541e36:192.168.157.251:45025, 1e4e1375-1b66-460f-8c99-4c341545a119:192.168.157.251:42113], old=null
2019-10-17 18:51:03,423 [a5e79c22-a35f-4e50-b1fd-e91b6a93d74d@group-F775CA5912AC-LeaderElection274] INFO  impl.RaftServerImpl (RaftServerImpl.java:setRole(184)) - a5e79c22-a35f-4e50-b1fd-e91b6a93d74d@group-F775CA5912AC: changes role from CANDIDATE to FOLLOWER at term 147 for DISCOVERED_A_NEW_TERM
2019-10-17 18:51:03,423 [a5e79c22-a35f-4e50-b1fd-e91b6a93d74d@group-F775CA5912AC-LeaderElection274] INFO  impl.RoleInfo (RoleInfo.java:shutdownLeaderElection(134)) - a5e79c22-a35f-4e50-b1fd-e91b6a93d74d: shutdown LeaderElection
2019-10-17 18:51:03,423 [a5e79c22-a35f-4e50-b1fd-e91b6a93d74d@group-F775CA5912AC-LeaderElection274] INFO  impl.RoleInfo (RoleInfo.java:updateAndGet(143)) - a5e79c22-a35f-4e50-b1fd-e91b6a93d74d: start FollowerState
2019-10-17 18:51:03,478 [Thread-2244] INFO  impl.FollowerState (FollowerState.java:run(108)) - abcd8826-c056-4817-bd0f-7af19a46d814@group-5F52F902B742-FollowerState: change to CANDIDATE, lastRpcTime:85ms, electionTimeout:85ms
2019-10-17 18:51:03,478 [Thread-2244] INFO  impl.RoleInfo (RoleInfo.java:shutdownFollowerState(121)) - abcd8826-c056-4817-bd0f-7af19a46d814: shutdown FollowerState
2019-10-17 18:51:03,478 [Thread-2244] INFO  impl.RaftServerImpl (RaftServerImpl.java:setRole(184)) - abcd8826-c056-4817-bd0f-7af19a46d814@group-5F52F902B742: changes role from  FOLLOWER to CANDIDATE at term 148 for changeToCandidate
2019-10-17 18:51:03,478 [Thread-2244] INFO  impl.RoleInfo (RoleInfo.java:updateAndGet(143)) - abcd8826-c056-4817-bd0f-7af19a46d814: start LeaderElection
2019-10-17 18:51:03,492 [abcd8826-c056-4817-bd0f-7af19a46d814@group-5F52F902B742-LeaderElection275] INFO  impl.LeaderElection (LeaderElection.java:askForVotes(178)) - abcd8826-c056-4817-bd0f-7af19a46d814@group-5F52F902B742-LeaderElection275: begin an election at term 149 for -1: [b8f04e38-0663-4b1f-8efd-f76585c6e86c:192.168.157.251:35700, abcd8826-c056-4817-bd0f-7af19a46d814:192.168.157.251:46496, 73297ffa-40cb-4e3e-b33e-1bc2c1da60f5:192.168.157.251:32952], old=null
2019-10-17 18:51:03,493 [grpc-default-executor-0] INFO  impl.RaftServerImpl (RaftServerImpl.java:setRole(184)) - b8f04e38-0663-4b1f-8efd-f76585c6e86c@group-5F52F902B742: changes role from  FOLLOWER to FOLLOWER at term 149 for recognizeCandidate:abcd8826-c056-4817-bd0f-7af19a46d814
2019-10-17 18:51:03,493 [grpc-default-executor-0] INFO  impl.RoleInfo (RoleInfo.java:shutdownFollowerState(121)) - b8f04e38-0663-4b1f-8efd-f76585c6e86c: shutdown FollowerState
2019-10-17 18:51:03,494 [grpc-default-executor-5] INFO  impl.RaftServerImpl (RaftServerImpl.java:setRole(184)) - 73297ffa-40cb-4e3e-b33e-1bc2c1da60f5@group-5F52F902B742: changes role from  FOLLOWER to FOLLOWER at term 149 for recognizeCandidate:abcd8826-c056-4817-bd0f-7af19a46d814
2019-10-17 18:51:03,494 [grpc-default-executor-5] INFO  impl.RoleInfo (RoleInfo.java:shutdownFollowerState(121)) - 73297ffa-40cb-4e3e-b33e-1bc2c1da60f5: shutdown FollowerState
2019-10-17 18:51:03,494 [grpc-default-executor-0] INFO  impl.RoleInfo (RoleInfo.java:updateAndGet(143)) - b8f04e38-0663-4b1f-8efd-f76585c6e86c: start FollowerState
2019-10-17 18:51:03,494 [Thread-2242] INFO  impl.FollowerState (FollowerState.java:run(117)) - 73297ffa-40cb-4e3e-b33e-1bc2c1da60f5@group-5F52F902B742-FollowerState was interrupted: java.lang.InterruptedException: sleep interrupted
2019-10-17 18:51:03,494 [grpc-default-executor-5] INFO  impl.RoleInfo (RoleInfo.java:updateAndGet(143)) - 73297ffa-40cb-4e3e-b33e-1bc2c1da60f5: start FollowerState
2019-10-17 18:51:03,494 [Thread-2241] INFO  impl.FollowerState (FollowerState.java:run(117)) - b8f04e38-0663-4b1f-8efd-f76585c6e86c@group-5F52F902B742-FollowerState was interrupted: java.lang.InterruptedException: sleep interrupted
2019-10-17 18:51:03,517 [Thread-2251] INFO  impl.FollowerState (FollowerState.java:run(108)) - a5e79c22-a35f-4e50-b1fd-e91b6a93d74d@group-F775CA5912AC-FollowerState: change to CANDIDATE, lastRpcTime:94ms, electionTimeout:94ms
2019-10-17 18:51:03,518 [Thread-2251] INFO  impl.RoleInfo (RoleInfo.java:shutdownFollowerState(121)) - a5e79c22-a35f-4e50-b1fd-e91b6a93d74d: shutdown FollowerState
2019-10-17 18:51:03,518 [Thread-2251] INFO  impl.RaftServerImpl (RaftServerImpl.java:setRole(184)) - a5e79c22-a35f-4e50-b1fd-e91b6a93d74d@group-F775CA5912AC: changes role from  FOLLOWER to CANDIDATE at term 147 for changeToCandidate
2019-10-17 18:51:03,518 [Thread-2251] INFO  impl.RoleInfo (RoleInfo.java:updateAndGet(143)) - a5e79c22-a35f-4e50-b1fd-e91b6a93d74d: start LeaderElection
2019-10-17 18:51:03,520 [abcd8826-c056-4817-bd0f-7af19a46d814@group-5F52F902B742-LeaderElection275] INFO  impl.LeaderElection (LeaderElection.java:logAndReturn(56)) - abcd8826-c056-4817-bd0f-7af19a46d814@group-5F52F902B742-LeaderElection275: Election REJECTED; received 2 response(s) [abcd8826-c056-4817-bd0f-7af19a46d814<-b8f04e38-0663-4b1f-8efd-f76585c6e86c#0:FAIL-t149, abcd8826-c056-4817-bd0f-7af19a46d814<-73297ffa-40cb-4e3e-b33e-1bc2c1da60f5#0:FAIL-t149] and 0 exception(s); abcd8826-c056-4817-bd0f-7af19a46d814@group-5F52F902B742:t149, leader=null, voted=abcd8826-c056-4817-bd0f-7af19a46d814, raftlog=abcd8826-c056-4817-bd0f-7af19a46d814@group-5F52F902B742-SegmentedRaftLog:OPENED:c-1,f-1,i0, conf=-1: [b8f04e38-0663-4b1f-8efd-f76585c6e86c:192.168.157.251:35700, abcd8826-c056-4817-bd0f-7af19a46d814:192.168.157.251:46496, 73297ffa-40cb-4e3e-b33e-1bc2c1da60f5:192.168.157.251:32952], old=null
2019-10-17 18:51:03,520 [abcd8826-c056-4817-bd0f-7af19a46d814@group-5F52F902B742-LeaderElection275] INFO  impl.RaftServerImpl (RaftServerImpl.java:setRole(184)) - abcd8826-c056-4817-bd0f-7af19a46d814@group-5F52F902B742: changes role from CANDIDATE to FOLLOWER at term 149 for DISCOVERED_A_NEW_TERM
2019-10-17 18:51:03,520 [abcd8826-c056-4817-bd0f-7af19a46d814@group-5F52F902B742-LeaderElection275] INFO  impl.RoleInfo (RoleInfo.java:shutdownLeaderElection(134)) - abcd8826-c056-4817-bd0f-7af19a46d814: shutdown LeaderElection
2019-10-17 18:51:03,521 [abcd8826-c056-4817-bd0f-7af19a46d814@group-5F52F902B742-LeaderElection275] INFO  impl.RoleInfo (RoleInfo.java:updateAndGet(143)) - abcd8826-c056-4817-bd0f-7af19a46d814: start FollowerState
2019-10-17 18:51:03,522 [a5e79c22-a35f-4e50-b1fd-e91b6a93d74d@group-F775CA5912AC-LeaderElection276] INFO  impl.LeaderElection (LeaderElection.java:askForVotes(178)) - a5e79c22-a35f-4e50-b1fd-e91b6a93d74d@group-F775CA5912AC-LeaderElection276: begin an election at term 148 for -1: [a5e79c22-a35f-4e50-b1fd-e91b6a93d74d:192.168.157.251:45177, daae7813-f814-475d-9647-a302a5541e36:192.168.157.251:45025, 1e4e1375-1b66-460f-8c99-4c341545a119:192.168.157.251:42113], old=null
2019-10-17 18:51:03,523 [grpc-default-executor-5] INFO  impl.RaftServerImpl (RaftServerImpl.java:setRole(184)) - daae7813-f814-475d-9647-a302a5541e36@group-F775CA5912AC: changes role from  FOLLOWER to FOLLOWER at term 148 for recognizeCandidate:a5e79c22-a35f-4e50-b1fd-e91b6a93d74d
2019-10-17 18:51:03,523 [grpc-default-executor-0] INFO  impl.RaftServerImpl (RaftServerImpl.java:setRole(184)) - 1e4e1375-1b66-460f-8c99-4c341545a119@group-F775CA5912AC: changes role from  FOLLOWER to FOLLOWER at term 148 for recognizeCandidate:a5e79c22-a35f-4e50-b1fd-e91b6a93d74d
2019-10-17 18:51:03,523 [grpc-default-executor-5] INFO  impl.RoleInfo (RoleInfo.java:shutdownFollowerState(121)) - daae7813-f814-475d-9647-a302a5541e36: shutdown FollowerState
2019-10-17 18:51:03,523 [grpc-default-executor-0] INFO  impl.RoleInfo (RoleInfo.java:shutdownFollowerState(121)) - 1e4e1375-1b66-460f-8c99-4c341545a119: shutdown FollowerState
2019-10-17 18:51:03,523 [Thread-2247] INFO  impl.FollowerState (FollowerState.java:run(117)) - daae7813-f814-475d-9647-a302a5541e36@group-F775CA5912AC-FollowerState was interrupted: java.lang.InterruptedException: sleep interrupted
2019-10-17 18:51:03,523 [Thread-2248] INFO  impl.FollowerState (FollowerState.java:run(117)) - 1e4e1375-1b66-460f-8c99-4c341545a119@group-F775CA5912AC-FollowerState was interrupted: java.lang.InterruptedException: sleep interrupted
2019-10-17 18:51:03,523 [grpc-default-executor-5] INFO  impl.RoleInfo (RoleInfo.java:updateAndGet(143)) - daae7813-f814-475d-9647-a302a5541e36: start FollowerState
2019-10-17 18:51:03,523 [grpc-default-executor-0] INFO  impl.RoleInfo (RoleInfo.java:updateAndGet(143)) - 1e4e1375-1b66-460f-8c99-4c341545a119: start FollowerState
2019-10-17 18:51:03,537 [a5e79c22-a35f-4e50-b1fd-e91b6a93d74d@group-F775CA5912AC-LeaderElection276] INFO  impl.LeaderElection (LeaderElection.java:logAndReturn(56)) - a5e79c22-a35f-4e50-b1fd-e91b6a93d74d@group-F775CA5912AC-LeaderElection276: Election REJECTED; received 2 response(s) [a5e79c22-a35f-4e50-b1fd-e91b6a93d74d<-daae7813-f814-475d-9647-a302a5541e36#0:FAIL-t148, a5e79c22-a35f-4e50-b1fd-e91b6a93d74d<-1e4e1375-1b66-460f-8c99-4c341545a119#0:FAIL-t148] and 0 exception(s); a5e79c22-a35f-4e50-b1fd-e91b6a93d74d@group-F775CA5912AC:t148, leader=null, voted=a5e79c22-a35f-4e50-b1fd-e91b6a93d74d, raftlog=a5e79c22-a35f-4e50-b1fd-e91b6a93d74d@group-F775CA5912AC-SegmentedRaftLog:OPENED:c-1,f-1,i0, conf=-1: [a5e79c22-a35f-4e50-b1fd-e91b6a93d74d:192.168.157.251:45177, daae7813-f814-475d-9647-a302a5541e36:192.168.157.251:45025, 1e4e1375-1b66-460f-8c99-4c341545a119:192.168.157.251:42113], old=null
2019-10-17 18:51:03,537 [a5e79c22-a35f-4e50-b1fd-e91b6a93d74d@group-F775CA5912AC-LeaderElection276] INFO  impl.RaftServerImpl (RaftServerImpl.java:setRole(184)) - a5e79c22-a35f-4e50-b1fd-e91b6a93d74d@group-F775CA5912AC: changes role from CANDIDATE to FOLLOWER at term 148 for DISCOVERED_A_NEW_TERM
2019-10-17 18:51:03,538 [a5e79c22-a35f-4e50-b1fd-e91b6a93d74d@group-F775CA5912AC-LeaderElection276] INFO  impl.RoleInfo (RoleInfo.java:shutdownLeaderElection(134)) - a5e79c22-a35f-4e50-b1fd-e91b6a93d74d: shutdown LeaderElection
2019-10-17 18:51:03,538 [a5e79c22-a35f-4e50-b1fd-e91b6a93d74d@group-F775CA5912AC-LeaderElection276] INFO  impl.RoleInfo (RoleInfo.java:updateAndGet(143)) - a5e79c22-a35f-4e50-b1fd-e91b6a93d74d: start FollowerState
2019-10-17 18:51:03,714 [Thread-2263] INFO  impl.FollowerState (FollowerState.java:run(108)) - a5e79c22-a35f-4e50-b1fd-e91b6a93d74d@group-F775CA5912AC-FollowerState: change to CANDIDATE, lastRpcTime:176ms, electionTimeout:176ms
2019-10-17 18:51:03,714 [Thread-2263] INFO  impl.RoleInfo (RoleInfo.java:shutdownFollowerState(121)) - a5e79c22-a35f-4e50-b1fd-e91b6a93d74d: shutdown FollowerState
2019-10-17 18:51:03,714 [Thread-2263] INFO  impl.RaftServerImpl (RaftServerImpl.java:setRole(184)) - a5e79c22-a35f-4e50-b1fd-e91b6a93d74d@group-F775CA5912AC: changes role from  FOLLOWER to CANDIDATE at term 148 for changeToCandidate
2019-10-17 18:51:03,715 [Thread-2263] INFO  impl.RoleInfo (RoleInfo.java:updateAndGet(143)) - a5e79c22-a35f-4e50-b1fd-e91b6a93d74d: start LeaderElection
2019-10-17 18:51:03,719 [Thread-2258] INFO  impl.FollowerState (FollowerState.java:run(108)) - abcd8826-c056-4817-bd0f-7af19a46d814@group-5F52F902B742-FollowerState: change to CANDIDATE, lastRpcTime:198ms, electionTimeout:198ms
2019-10-17 18:51:03,719 [Thread-2258] INFO  impl.RoleInfo (RoleInfo.java:shutdownFollowerState(121)) - abcd8826-c056-4817-bd0f-7af19a46d814: shutdown FollowerState
2019-10-17 18:51:03,719 [Thread-2258] INFO  impl.RaftServerImpl (RaftServerImpl.java:setRole(184)) - abcd8826-c056-4817-bd0f-7af19a46d814@group-5F52F902B742: changes role from  FOLLOWER to CANDIDATE at term 149 for changeToCandidate
2019-10-17 18:51:03,719 [Thread-2258] INFO  impl.RoleInfo (RoleInfo.java:updateAndGet(143)) - abcd8826-c056-4817-bd0f-7af19a46d814: start LeaderElection
2019-10-17 18:51:03,729 [a5e79c22-a35f-4e50-b1fd-e91b6a93d74d@group-F775CA5912AC-LeaderElection277] INFO  impl.LeaderElection (LeaderElection.java:askForVotes(178)) - a5e79c22-a35f-4e50-b1fd-e91b6a93d74d@group-F775CA5912AC-LeaderElection277: begin an election at term 149 for -1: [a5e79c22-a35f-4e50-b1fd-e91b6a93d74d:192.168.157.251:45177, daae7813-f814-475d-9647-a302a5541e36:192.168.157.251:45025, 1e4e1375-1b66-460f-8c99-4c341545a119:192.168.157.251:42113], old=null
2019-10-17 18:51:03,729 [abcd8826-c056-4817-bd0f-7af19a46d814@group-5F52F902B742-LeaderElection278] INFO  impl.LeaderElection (LeaderElection.java:askForVotes(178)) - abcd8826-c056-4817-bd0f-7af19a46d814@group-5F52F902B742-LeaderElection278: begin an election at term 150 for -1: [b8f04e38-0663-4b1f-8efd-f76585c6e86c:192.168.157.251:35700, abcd8826-c056-4817-bd0f-7af19a46d814:192.168.157.251:46496, 73297ffa-40cb-4e3e-b33e-1bc2c1da60f5:192.168.157.251:32952], old=null
2019-10-17 18:51:03,732 [grpc-default-executor-5] INFO  impl.RaftServerImpl (RaftServerImpl.java:setRole(184)) - daae7813-f814-475d-9647-a302a5541e36@group-F775CA5912AC: changes role from  FOLLOWER to FOLLOWER at term 149 for recognizeCandidate:a5e79c22-a35f-4e50-b1fd-e91b6a93d74d
2019-10-17 18:51:03,732 [grpc-default-executor-5] INFO  impl.RoleInfo (RoleInfo.java:shutdownFollowerState(121)) - daae7813-f814-475d-9647-a302a5541e36: shutdown FollowerState
2019-10-17 18:51:03,732 [grpc-default-executor-5] INFO  impl.RoleInfo (RoleInfo.java:updateAndGet(143)) - daae7813-f814-475d-9647-a302a5541e36: start FollowerState
2019-10-17 18:51:03,732 [Thread-2261] INFO  impl.FollowerState (FollowerState.java:run(117)) - daae7813-f814-475d-9647-a302a5541e36@group-F775CA5912AC-FollowerState was interrupted: java.lang.InterruptedException: sleep interrupted
2019-10-17 18:51:03,732 [grpc-default-executor-0] INFO  impl.RaftServerImpl (RaftServerImpl.java:setRole(184)) - 73297ffa-40cb-4e3e-b33e-1bc2c1da60f5@group-5F52F902B742: changes role from  FOLLOWER to FOLLOWER at term 150 for recognizeCandidate:abcd8826-c056-4817-bd0f-7af19a46d814
2019-10-17 18:51:03,733 [grpc-default-executor-0] INFO  impl.RoleInfo (RoleInfo.java:shutdownFollowerState(121)) - 73297ffa-40cb-4e3e-b33e-1bc2c1da60f5: shutdown FollowerState
2019-10-17 18:51:03,733 [grpc-default-executor-0] INFO  impl.RoleInfo (RoleInfo.java:updateAndGet(143)) - 73297ffa-40cb-4e3e-b33e-1bc2c1da60f5: start FollowerState
2019-10-17 18:51:03,733 [Thread-2256] INFO  impl.FollowerState (FollowerState.java:run(117)) - 73297ffa-40cb-4e3e-b33e-1bc2c1da60f5@group-5F52F902B742-FollowerState was interrupted: java.lang.InterruptedException: sleep interrupted
2019-10-17 18:51:03,733 [grpc-default-executor-4] INFO  impl.RaftServerImpl (RaftServerImpl.java:setRole(184)) - b8f04e38-0663-4b1f-8efd-f76585c6e86c@group-5F52F902B742: changes role from  FOLLOWER to FOLLOWER at term 150 for recognizeCandidate:abcd8826-c056-4817-bd0f-7af19a46d814
2019-10-17 18:51:03,733 [grpc-default-executor-4] INFO  impl.RoleInfo (RoleInfo.java:shutdownFollowerState(121)) - b8f04e38-0663-4b1f-8efd-f76585c6e86c: shutdown FollowerState
2019-10-17 18:51:03,733 [grpc-default-executor-4] INFO  impl.RoleInfo (RoleInfo.java:updateAndGet(143)) - b8f04e38-0663-4b1f-8efd-f76585c6e86c: start FollowerState
2019-10-17 18:51:03,733 [Thread-2255] INFO  impl.FollowerState (FollowerState.java:run(117)) - b8f04e38-0663-4b1f-8efd-f76585c6e86c@group-5F52F902B742-FollowerState was interrupted: java.lang.InterruptedException: sleep interrupted
2019-10-17 18:51:03,734 [grpc-default-executor-2] INFO  impl.RaftServerImpl (RaftServerImpl.java:setRole(184)) - 1e4e1375-1b66-460f-8c99-4c341545a119@group-F775CA5912AC: changes role from  FOLLOWER to FOLLOWER at term 149 for recognizeCandidate:a5e79c22-a35f-4e50-b1fd-e91b6a93d74d
2019-10-17 18:51:03,734 [grpc-default-executor-2] INFO  impl.RoleInfo (RoleInfo.java:shutdownFollowerState(121)) - 1e4e1375-1b66-460f-8c99-4c341545a119: shutdown FollowerState
2019-10-17 18:51:03,734 [grpc-default-executor-2] INFO  impl.RoleInfo (RoleInfo.java:updateAndGet(143)) - 1e4e1375-1b66-460f-8c99-4c341545a119: start FollowerState
2019-10-17 18:51:03,734 [Thread-2262] INFO  impl.FollowerState (FollowerState.java:run(117)) - 1e4e1375-1b66-460f-8c99-4c341545a119@group-F775CA5912AC-FollowerState was interrupted: java.lang.InterruptedException: sleep interrupted
2019-10-17 18:51:03,747 [a5e79c22-a35f-4e50-b1fd-e91b6a93d74d@group-F775CA5912AC-LeaderElection277] INFO  impl.LeaderElection (LeaderElection.java:logAndReturn(56)) - a5e79c22-a35f-4e50-b1fd-e91b6a93d74d@group-F775CA5912AC-LeaderElection277: Election REJECTED; received 2 response(s) [a5e79c22-a35f-4e50-b1fd-e91b6a93d74d<-daae7813-f814-475d-9647-a302a5541e36#0:FAIL-t149, a5e79c22-a35f-4e50-b1fd-e91b6a93d74d<-1e4e1375-1b66-460f-8c99-4c341545a119#0:FAIL-t149] and 0 exception(s); a5e79c22-a35f-4e50-b1fd-e91b6a93d74d@group-F775CA5912AC:t149, leader=null, voted=a5e79c22-a35f-4e50-b1fd-e91b6a93d74d, raftlog=a5e79c22-a35f-4e50-b1fd-e91b6a93d74d@group-F775CA5912AC-SegmentedRaftLog:OPENED:c-1,f-1,i0, conf=-1: [a5e79c22-a35f-4e50-b1fd-e91b6a93d74d:192.168.157.251:45177, daae7813-f814-475d-9647-a302a5541e36:192.168.157.251:45025, 1e4e1375-1b66-460f-8c99-4c341545a119:192.168.157.251:42113], old=null
2019-10-17 18:51:03,747 [abcd8826-c056-4817-bd0f-7af19a46d814@group-5F52F902B742-LeaderElection278] INFO  impl.LeaderElection (LeaderElection.java:logAndReturn(56)) - abcd8826-c056-4817-bd0f-7af19a46d814@group-5F52F902B742-LeaderElection278: Election REJECTED; received 2 response(s) [abcd8826-c056-4817-bd0f-7af19a46d814<-b8f04e38-0663-4b1f-8efd-f76585c6e86c#0:FAIL-t150, abcd8826-c056-4817-bd0f-7af19a46d814<-73297ffa-40cb-4e3e-b33e-1bc2c1da60f5#0:FAIL-t150] and 0 exception(s); abcd8826-c056-4817-bd0f-7af19a46d814@group-5F52F902B742:t150, leader=null, voted=abcd8826-c056-4817-bd0f-7af19a46d814, raftlog=abcd8826-c056-4817-bd0f-7af19a46d814@group-5F52F902B742-SegmentedRaftLog:OPENED:c-1,f-1,i0, conf=-1: [b8f04e38-0663-4b1f-8efd-f76585c6e86c:192.168.157.251:35700, abcd8826-c056-4817-bd0f-7af19a46d814:192.168.157.251:46496, 73297ffa-40cb-4e3e-b33e-1bc2c1da60f5:192.168.157.251:32952], old=null
2019-10-17 18:51:03,747 [a5e79c22-a35f-4e50-b1fd-e91b6a93d74d@group-F775CA5912AC-LeaderElection277] INFO  impl.RaftServerImpl (RaftServerImpl.java:setRole(184)) - a5e79c22-a35f-4e50-b1fd-e91b6a93d74d@group-F775CA5912AC: changes role from CANDIDATE to FOLLOWER at term 149 for DISCOVERED_A_NEW_TERM
2019-10-17 18:51:03,747 [abcd8826-c056-4817-bd0f-7af19a46d814@group-5F52F902B742-LeaderElection278] INFO  impl.RaftServerImpl (RaftServerImpl.java:setRole(184)) - abcd8826-c056-4817-bd0f-7af19a46d814@group-5F52F902B742: changes role from CANDIDATE to FOLLOWER at term 150 for DISCOVERED_A_NEW_TERM
2019-10-17 18:51:03,747 [a5e79c22-a35f-4e50-b1fd-e91b6a93d74d@group-F775CA5912AC-LeaderElection277] INFO  impl.RoleInfo (RoleInfo.java:shutdownLeaderElection(134)) - a5e79c22-a35f-4e50-b1fd-e91b6a93d74d: shutdown LeaderElection
2019-10-17 18:51:03,747 [abcd8826-c056-4817-bd0f-7af19a46d814@group-5F52F902B742-LeaderElection278] INFO  impl.RoleInfo (RoleInfo.java:shutdownLeaderElection(134)) - abcd8826-c056-4817-bd0f-7af19a46d814: shutdown LeaderElection
2019-10-17 18:51:03,748 [a5e79c22-a35f-4e50-b1fd-e91b6a93d74d@group-F775CA5912AC-LeaderElection277] INFO  impl.RoleInfo (RoleInfo.java:updateAndGet(143)) - a5e79c22-a35f-4e50-b1fd-e91b6a93d74d: start FollowerState
2019-10-17 18:51:03,748 [abcd8826-c056-4817-bd0f-7af19a46d814@group-5F52F902B742-LeaderElection278] INFO  impl.RoleInfo (RoleInfo.java:updateAndGet(143)) - abcd8826-c056-4817-bd0f-7af19a46d814: start FollowerState
2019-10-17 18:51:03,856 [Thread-2274] INFO  impl.FollowerState (FollowerState.java:run(108)) - a5e79c22-a35f-4e50-b1fd-e91b6a93d74d@group-F775CA5912AC-FollowerState: change to CANDIDATE, lastRpcTime:108ms, electionTimeout:108ms
2019-10-17 18:51:03,856 [Thread-2274] INFO  impl.RoleInfo (RoleInfo.java:shutdownFollowerState(121)) - a5e79c22-a35f-4e50-b1fd-e91b6a93d74d: shutdown FollowerState
2019-10-17 18:51:03,856 [Thread-2274] INFO  impl.RaftServerImpl (RaftServerImpl.java:setRole(184)) - a5e79c22-a35f-4e50-b1fd-e91b6a93d74d@group-F775CA5912AC: changes role from  FOLLOWER to CANDIDATE at term 149 for changeToCandidate
2019-10-17 18:51:03,857 [Thread-2274] INFO  impl.RoleInfo (RoleInfo.java:updateAndGet(143)) - a5e79c22-a35f-4e50-b1fd-e91b6a93d74d: start LeaderElection
2019-10-17 18:51:03,879 [a5e79c22-a35f-4e50-b1fd-e91b6a93d74d@group-F775CA5912AC-LeaderElection279] INFO  impl.LeaderElection (LeaderElection.java:askForVotes(178)) - a5e79c22-a35f-4e50-b1fd-e91b6a93d74d@group-F775CA5912AC-LeaderElection279: begin an election at term 150 for -1: [a5e79c22-a35f-4e50-b1fd-e91b6a93d74d:192.168.157.251:45177, daae7813-f814-475d-9647-a302a5541e36:192.168.157.251:45025, 1e4e1375-1b66-460f-8c99-4c341545a119:192.168.157.251:42113], old=null
2019-10-17 18:51:03,881 [grpc-default-executor-4] INFO  impl.RaftServerImpl (RaftServerImpl.java:setRole(184)) - daae7813-f814-475d-9647-a302a5541e36@group-F775CA5912AC: changes role from  FOLLOWER to FOLLOWER at term 150 for recognizeCandidate:a5e79c22-a35f-4e50-b1fd-e91b6a93d74d
2019-10-17 18:51:03,881 [grpc-default-executor-5] INFO  impl.RaftServerImpl (RaftServerImpl.java:setRole(184)) - 1e4e1375-1b66-460f-8c99-4c341545a119@group-F775CA5912AC: changes role from  FOLLOWER to FOLLOWER at term 150 for recognizeCandidate:a5e79c22-a35f-4e50-b1fd-e91b6a93d74d
2019-10-17 18:51:03,882 [grpc-default-executor-5] INFO  impl.RoleInfo (RoleInfo.java:shutdownFollowerState(121)) - 1e4e1375-1b66-460f-8c99-4c341545a119: shutdown FollowerState
2019-10-17 18:51:03,882 [grpc-default-executor-4] INFO  impl.RoleInfo (RoleInfo.java:shutdownFollowerState(121)) - daae7813-f814-475d-9647-a302a5541e36: shutdown FollowerState
2019-10-17 18:51:03,882 [Thread-2273] INFO  impl.FollowerState (FollowerState.java:run(117)) - 1e4e1375-1b66-460f-8c99-4c341545a119@group-F775CA5912AC-FollowerState was interrupted: java.lang.InterruptedException: sleep interrupted
2019-10-17 18:51:03,882 [grpc-default-executor-5] INFO  impl.RoleInfo (RoleInfo.java:updateAndGet(143)) - 1e4e1375-1b66-460f-8c99-4c341545a119: start FollowerState
2019-10-17 18:51:03,882 [Thread-2270] INFO  impl.FollowerState (FollowerState.java:run(117)) - daae7813-f814-475d-9647-a302a5541e36@group-F775CA5912AC-FollowerState was interrupted: java.lang.InterruptedException: sleep interrupted
2019-10-17 18:51:03,882 [grpc-default-executor-4] INFO  impl.RoleInfo (RoleInfo.java:updateAndGet(143)) - daae7813-f814-475d-9647-a302a5541e36: start FollowerState
2019-10-17 18:51:03,891 [a5e79c22-a35f-4e50-b1fd-e91b6a93d74d@group-F775CA5912AC-LeaderElection279] INFO  impl.LeaderElection (LeaderElection.java:logAndReturn(56)) - a5e79c22-a35f-4e50-b1fd-e91b6a93d74d@group-F775CA5912AC-LeaderElection279: Election TIMEOUT; received 0 response(s) [] and 0 exception(s); a5e79c22-a35f-4e50-b1fd-e91b6a93d74d@group-F775CA5912AC:t150, leader=null, voted=a5e79c22-a35f-4e50-b1fd-e91b6a93d74d, raftlog=a5e79c22-a35f-4e50-b1fd-e91b6a93d74d@group-F775CA5912AC-SegmentedRaftLog:OPENED:c-1,f-1,i0, conf=-1: [a5e79c22-a35f-4e50-b1fd-e91b6a93d74d:192.168.157.251:45177, daae7813-f814-475d-9647-a302a5541e36:192.168.157.251:45025, 1e4e1375-1b66-460f-8c99-4c341545a119:192.168.157.251:42113], old=null
2019-10-17 18:51:03,898 [a5e79c22-a35f-4e50-b1fd-e91b6a93d74d@group-F775CA5912AC-LeaderElection279] INFO  impl.LeaderElection (LeaderElection.java:askForVotes(178)) - a5e79c22-a35f-4e50-b1fd-e91b6a93d74d@group-F775CA5912AC-LeaderElection279: begin an election at term 151 for -1: [a5e79c22-a35f-4e50-b1fd-e91b6a93d74d:192.168.157.251:45177, daae7813-f814-475d-9647-a302a5541e36:192.168.157.251:45025, 1e4e1375-1b66-460f-8c99-4c341545a119:192.168.157.251:42113], old=null
2019-10-17 18:51:03,900 [grpc-default-executor-5] INFO  impl.RaftServerImpl (RaftServerImpl.java:setRole(184)) - daae7813-f814-475d-9647-a302a5541e36@group-F775CA5912AC: changes role from  FOLLOWER to FOLLOWER at term 151 for recognizeCandidate:a5e79c22-a35f-4e50-b1fd-e91b6a93d74d
2019-10-17 18:51:03,900 [grpc-default-executor-5] INFO  impl.RoleInfo (RoleInfo.java:shutdownFollowerState(121)) - daae7813-f814-475d-9647-a302a5541e36: shutdown FollowerState
2019-10-17 18:51:03,900 [grpc-default-executor-5] INFO  impl.RoleInfo (RoleInfo.java:updateAndGet(143)) - daae7813-f814-475d-9647-a302a5541e36: start FollowerState
2019-10-17 18:51:03,900 [Thread-2280] INFO  impl.FollowerState (FollowerState.java:run(117)) - daae7813-f814-475d-9647-a302a5541e36@group-F775CA5912AC-FollowerState was interrupted: java.lang.InterruptedException: sleep interrupted
2019-10-17 18:51:03,900 [grpc-default-executor-4] INFO  impl.RaftServerImpl (RaftServerImpl.java:setRole(184)) - 1e4e1375-1b66-460f-8c99-4c341545a119@group-F775CA5912AC: changes role from  FOLLOWER to FOLLOWER at term 151 for recognizeCandidate:a5e79c22-a35f-4e50-b1fd-e91b6a93d74d
2019-10-17 18:51:03,900 [grpc-default-executor-4] INFO  impl.RoleInfo (RoleInfo.java:shutdownFollowerState(121)) - 1e4e1375-1b66-460f-8c99-4c341545a119: shutdown FollowerState
2019-10-17 18:51:03,901 [grpc-default-executor-4] INFO  impl.RoleInfo (RoleInfo.java:updateAndGet(143)) - 1e4e1375-1b66-460f-8c99-4c341545a119: start FollowerState
2019-10-17 18:51:03,901 [Thread-2279] INFO  impl.FollowerState (FollowerState.java:run(117)) - 1e4e1375-1b66-460f-8c99-4c341545a119@group-F775CA5912AC-FollowerState was interrupted: java.lang.InterruptedException: sleep interrupted
2019-10-17 18:51:03,908 [a5e79c22-a35f-4e50-b1fd-e91b6a93d74d@group-F775CA5912AC-LeaderElection279] INFO  impl.LeaderElection (LeaderElection.java:logAndReturn(56)) - a5e79c22-a35f-4e50-b1fd-e91b6a93d74d@group-F775CA5912AC-LeaderElection279: Election REJECTED; received 2 response(s) [a5e79c22-a35f-4e50-b1fd-e91b6a93d74d<-daae7813-f814-475d-9647-a302a5541e36#0:FAIL-t151, a5e79c22-a35f-4e50-b1fd-e91b6a93d74d<-1e4e1375-1b66-460f-8c99-4c341545a119#0:FAIL-t151] and 0 exception(s); a5e79c22-a35f-4e50-b1fd-e91b6a93d74d@group-F775CA5912AC:t151, leader=null, voted=a5e79c22-a35f-4e50-b1fd-e91b6a93d74d, raftlog=a5e79c22-a35f-4e50-b1fd-e91b6a93d74d@group-F775CA5912AC-SegmentedRaftLog:OPENED:c-1,f-1,i0, conf=-1: [a5e79c22-a35f-4e50-b1fd-e91b6a93d74d:192.168.157.251:45177, daae7813-f814-475d-9647-a302a5541e36:192.168.157.251:45025, 1e4e1375-1b66-460f-8c99-4c341545a119:192.168.157.251:42113], old=null
2019-10-17 18:51:03,909 [a5e79c22-a35f-4e50-b1fd-e91b6a93d74d@group-F775CA5912AC-LeaderElection279] INFO  impl.RaftServerImpl (RaftServerImpl.java:setRole(184)) - a5e79c22-a35f-4e50-b1fd-e91b6a93d74d@group-F775CA5912AC: changes role from CANDIDATE to FOLLOWER at term 151 for DISCOVERED_A_NEW_TERM
2019-10-17 18:51:03,909 [a5e79c22-a35f-4e50-b1fd-e91b6a93d74d@group-F775CA5912AC-LeaderElection279] INFO  impl.RoleInfo (RoleInfo.java:shutdownLeaderElection(134)) - a5e79c22-a35f-4e50-b1fd-e91b6a93d74d: shutdown LeaderElection
2019-10-17 18:51:03,909 [a5e79c22-a35f-4e50-b1fd-e91b6a93d74d@group-F775CA5912AC-LeaderElection279] INFO  impl.RoleInfo (RoleInfo.java:updateAndGet(143)) - a5e79c22-a35f-4e50-b1fd-e91b6a93d74d: start FollowerState
2019-10-17 18:51:03,923 [Thread-2275] INFO  impl.FollowerState (FollowerState.java:run(108)) - abcd8826-c056-4817-bd0f-7af19a46d814@group-5F52F902B742-FollowerState: change to CANDIDATE, lastRpcTime:175ms, electionTimeout:175ms
2019-10-17 18:51:03,923 [Thread-2275] INFO  impl.RoleInfo (RoleInfo.java:shutdownFollowerState(121)) - abcd8826-c056-4817-bd0f-7af19a46d814: shutdown FollowerState
2019-10-17 18:51:03,924 [Thread-2275] INFO  impl.RaftServerImpl (RaftServerImpl.java:setRole(184)) - abcd8826-c056-4817-bd0f-7af19a46d814@group-5F52F902B742: changes role from  FOLLOWER to CANDIDATE at term 150 for changeToCandidate
2019-10-17 18:51:03,924 [Thread-2275] INFO  impl.RoleInfo (RoleInfo.java:updateAndGet(143)) - abcd8826-c056-4817-bd0f-7af19a46d814: start LeaderElection
2019-10-17 18:51:03,950 [abcd8826-c056-4817-bd0f-7af19a46d814@group-5F52F902B742-LeaderElection280] INFO  impl.LeaderElection (LeaderElection.java:askForVotes(178)) - abcd8826-c056-4817-bd0f-7af19a46d814@group-5F52F902B742-LeaderElection280: begin an election at term 151 for -1: [b8f04e38-0663-4b1f-8efd-f76585c6e86c:192.168.157.251:35700, abcd8826-c056-4817-bd0f-7af19a46d814:192.168.157.251:46496, 73297ffa-40cb-4e3e-b33e-1bc2c1da60f5:192.168.157.251:32952], old=null
2019-10-17 18:51:03,952 [grpc-default-executor-4] INFO  impl.RaftServerImpl (RaftServerImpl.java:setRole(184)) - b8f04e38-0663-4b1f-8efd-f76585c6e86c@group-5F52F902B742: changes role from  FOLLOWER to FOLLOWER at term 151 for recognizeCandidate:abcd8826-c056-4817-bd0f-7af19a46d814
2019-10-17 18:51:03,952 [grpc-default-executor-4] INFO  impl.RoleInfo (RoleInfo.java:shutdownFollowerState(121)) - b8f04e38-0663-4b1f-8efd-f76585c6e86c: shutdown FollowerState
2019-10-17 18:51:03,952 [grpc-default-executor-4] INFO  impl.RoleInfo (RoleInfo.java:updateAndGet(143)) - b8f04e38-0663-4b1f-8efd-f76585c6e86c: start FollowerState
2019-10-17 18:51:03,952 [grpc-default-executor-5] INFO  impl.RaftServerImpl (RaftServerImpl.java:setRole(184)) - 73297ffa-40cb-4e3e-b33e-1bc2c1da60f5@group-5F52F902B742: changes role from  FOLLOWER to FOLLOWER at term 151 for recognizeCandidate:abcd8826-c056-4817-bd0f-7af19a46d814
2019-10-17 18:51:03,953 [grpc-default-executor-5] INFO  impl.RoleInfo (RoleInfo.java:shutdownFollowerState(121)) - 73297ffa-40cb-4e3e-b33e-1bc2c1da60f5: shutdown FollowerState
2019-10-17 18:51:03,952 [Thread-2272] INFO  impl.FollowerState (FollowerState.java:run(117)) - b8f04e38-0663-4b1f-8efd-f76585c6e86c@group-5F52F902B742-FollowerState was interrupted: java.lang.InterruptedException: sleep interrupted
2019-10-17 18:51:03,953 [Thread-2271] INFO  impl.FollowerState (FollowerState.java:run(117)) - 73297ffa-40cb-4e3e-b33e-1bc2c1da60f5@group-5F52F902B742-FollowerState was interrupted: java.lang.InterruptedException: sleep interrupted
2019-10-17 18:51:03,953 [grpc-default-executor-5] INFO  impl.RoleInfo (RoleInfo.java:updateAndGet(143)) - 73297ffa-40cb-4e3e-b33e-1bc2c1da60f5: start FollowerState
2019-10-17 18:51:03,977 [abcd8826-c056-4817-bd0f-7af19a46d814@group-5F52F902B742-LeaderElection280] INFO  impl.LeaderElection (LeaderElection.java:logAndReturn(56)) - abcd8826-c056-4817-bd0f-7af19a46d814@group-5F52F902B742-LeaderElection280: Election REJECTED; received 2 response(s) [abcd8826-c056-4817-bd0f-7af19a46d814<-b8f04e38-0663-4b1f-8efd-f76585c6e86c#0:FAIL-t151, abcd8826-c056-4817-bd0f-7af19a46d814<-73297ffa-40cb-4e3e-b33e-1bc2c1da60f5#0:FAIL-t151] and 0 exception(s); abcd8826-c056-4817-bd0f-7af19a46d814@group-5F52F902B742:t151, leader=null, voted=abcd8826-c056-4817-bd0f-7af19a46d814, raftlog=abcd8826-c056-4817-bd0f-7af19a46d814@group-5F52F902B742-SegmentedRaftLog:OPENED:c-1,f-1,i0, conf=-1: [b8f04e38-0663-4b1f-8efd-f76585c6e86c:192.168.157.251:35700, abcd8826-c056-4817-bd0f-7af19a46d814:192.168.157.251:46496, 73297ffa-40cb-4e3e-b33e-1bc2c1da60f5:192.168.157.251:32952], old=null
2019-10-17 18:51:03,978 [abcd8826-c056-4817-bd0f-7af19a46d814@group-5F52F902B742-LeaderElection280] INFO  impl.RaftServerImpl (RaftServerImpl.java:setRole(184)) - abcd8826-c056-4817-bd0f-7af19a46d814@group-5F52F902B742: changes role from CANDIDATE to FOLLOWER at term 151 for DISCOVERED_A_NEW_TERM
2019-10-17 18:51:03,978 [abcd8826-c056-4817-bd0f-7af19a46d814@group-5F52F902B742-LeaderElection280] INFO  impl.RoleInfo (RoleInfo.java:shutdownLeaderElection(134)) - abcd8826-c056-4817-bd0f-7af19a46d814: shutdown LeaderElection
2019-10-17 18:51:03,978 [abcd8826-c056-4817-bd0f-7af19a46d814@group-5F52F902B742-LeaderElection280] INFO  impl.RoleInfo (RoleInfo.java:updateAndGet(143)) - abcd8826-c056-4817-bd0f-7af19a46d814: start FollowerState
2019-10-17 18:51:03,979 [Thread-2285] INFO  impl.FollowerState (FollowerState.java:run(108)) - a5e79c22-a35f-4e50-b1fd-e91b6a93d74d@group-F775CA5912AC-FollowerState: change to CANDIDATE, lastRpcTime:70ms, electionTimeout:70ms
2019-10-17 18:51:03,979 [Thread-2285] INFO  impl.RoleInfo (RoleInfo.java:shutdownFollowerState(121)) - a5e79c22-a35f-4e50-b1fd-e91b6a93d74d: shutdown FollowerState
2019-10-17 18:51:03,980 [Thread-2285] INFO  impl.RaftServerImpl (RaftServerImpl.java:setRole(184)) - a5e79c22-a35f-4e50-b1fd-e91b6a93d74d@group-F775CA5912AC: changes role from  FOLLOWER to CANDIDATE at term 151 for changeToCandidate
2019-10-17 18:51:03,980 [Thread-2285] INFO  impl.RoleInfo (RoleInfo.java:updateAndGet(143)) - a5e79c22-a35f-4e50-b1fd-e91b6a93d74d: start LeaderElection
2019-10-17 18:51:03,994 [a5e79c22-a35f-4e50-b1fd-e91b6a93d74d@group-F775CA5912AC-LeaderElection281] INFO  impl.LeaderElection (LeaderElection.java:askForVotes(178)) - a5e79c22-a35f-4e50-b1fd-e91b6a93d74d@group-F775CA5912AC-LeaderElection281: begin an election at term 152 for -1: [a5e79c22-a35f-4e50-b1fd-e91b6a93d74d:192.168.157.251:45177, daae7813-f814-475d-9647-a302a5541e36:192.168.157.251:45025, 1e4e1375-1b66-460f-8c99-4c341545a119:192.168.157.251:42113], old=null
2019-10-17 18:51:03,996 [grpc-default-executor-4] INFO  impl.RaftServerImpl (RaftServerImpl.java:setRole(184)) - daae7813-f814-475d-9647-a302a5541e36@group-F775CA5912AC: changes role from  FOLLOWER to FOLLOWER at term 152 for recognizeCandidate:a5e79c22-a35f-4e50-b1fd-e91b6a93d74d
2019-10-17 18:51:03,996 [grpc-default-executor-4] INFO  impl.RoleInfo (RoleInfo.java:shutdownFollowerState(121)) - daae7813-f814-475d-9647-a302a5541e36: shutdown FollowerState
2019-10-17 18:51:03,996 [grpc-default-executor-4] INFO  impl.RoleInfo (RoleInfo.java:updateAndGet(143)) - daae7813-f814-475d-9647-a302a5541e36: start FollowerState
2019-10-17 18:51:03,996 [grpc-default-executor-5] INFO  impl.RaftServerImpl (RaftServerImpl.java:setRole(184)) - 1e4e1375-1b66-460f-8c99-4c341545a119@group-F775CA5912AC: changes role from  FOLLOWER to FOLLOWER at term 152 for recognizeCandidate:a5e79c22-a35f-4e50-b1fd-e91b6a93d74d
2019-10-17 18:51:03,997 [grpc-default-executor-5] INFO  impl.RoleInfo (RoleInfo.java:shutdownFollowerState(121)) - 1e4e1375-1b66-460f-8c99-4c341545a119: shutdown FollowerState
2019-10-17 18:51:03,996 [Thread-2283] INFO  impl.FollowerState (FollowerState.java:run(117)) - daae7813-f814-475d-9647-a302a5541e36@group-F775CA5912AC-FollowerState was interrupted: java.lang.InterruptedException: sleep interrupted
2019-10-17 18:51:03,997 [grpc-default-executor-5] INFO  impl.RoleInfo (RoleInfo.java:updateAndGet(143)) - 1e4e1375-1b66-460f-8c99-4c341545a119: start FollowerState
2019-10-17 18:51:03,997 [Thread-2284] INFO  impl.FollowerState (FollowerState.java:run(117)) - 1e4e1375-1b66-460f-8c99-4c341545a119@group-F775CA5912AC-FollowerState was interrupted: java.lang.InterruptedException: sleep interrupted
2019-10-17 18:51:04,022 [a5e79c22-a35f-4e50-b1fd-e91b6a93d74d@group-F775CA5912AC-LeaderElection281] INFO  impl.LeaderElection (LeaderElection.java:logAndReturn(56)) - a5e79c22-a35f-4e50-b1fd-e91b6a93d74d@group-F775CA5912AC-LeaderElection281: Election REJECTED; received 2 response(s) [a5e79c22-a35f-4e50-b1fd-e91b6a93d74d<-daae7813-f814-475d-9647-a302a5541e36#0:FAIL-t152, a5e79c22-a35f-4e50-b1fd-e91b6a93d74d<-1e4e1375-1b66-460f-8c99-4c341545a119#0:FAIL-t152] and 0 exception(s); a5e79c22-a35f-4e50-b1fd-e91b6a93d74d@group-F775CA5912AC:t152, leader=null, voted=a5e79c22-a35f-4e50-b1fd-e91b6a93d74d, raftlog=a5e79c22-a35f-4e50-b1fd-e91b6a93d74d@group-F775CA5912AC-SegmentedRaftLog:OPENED:c-1,f-1,i0, conf=-1: [a5e79c22-a35f-4e50-b1fd-e91b6a93d74d:192.168.157.251:45177, daae7813-f814-475d-9647-a302a5541e36:192.168.157.251:45025, 1e4e1375-1b66-460f-8c99-4c341545a119:192.168.157.251:42113], old=null
2019-10-17 18:51:04,022 [a5e79c22-a35f-4e50-b1fd-e91b6a93d74d@group-F775CA5912AC-LeaderElection281] INFO  impl.RaftServerImpl (RaftServerImpl.java:setRole(184)) - a5e79c22-a35f-4e50-b1fd-e91b6a93d74d@group-F775CA5912AC: changes role from CANDIDATE to FOLLOWER at term 152 for DISCOVERED_A_NEW_TERM
2019-10-17 18:51:04,022 [a5e79c22-a35f-4e50-b1fd-e91b6a93d74d@group-F775CA5912AC-LeaderElection281] INFO  impl.RoleInfo (RoleInfo.java:shutdownLeaderElection(134)) - a5e79c22-a35f-4e50-b1fd-e91b6a93d74d: shutdown LeaderElection
2019-10-17 18:51:04,022 [a5e79c22-a35f-4e50-b1fd-e91b6a93d74d@group-F775CA5912AC-LeaderElection281] INFO  impl.RoleInfo (RoleInfo.java:updateAndGet(143)) - a5e79c22-a35f-4e50-b1fd-e91b6a93d74d: start FollowerState
2019-10-17 18:51:04,038 [Thread-2293] INFO  impl.FollowerState (FollowerState.java:run(108)) - abcd8826-c056-4817-bd0f-7af19a46d814@group-5F52F902B742-FollowerState: change to CANDIDATE, lastRpcTime:60ms, electionTimeout:60ms
2019-10-17 18:51:04,038 [Thread-2293] INFO  impl.RoleInfo (RoleInfo.java:shutdownFollowerState(121)) - abcd8826-c056-4817-bd0f-7af19a46d814: shutdown FollowerState
2019-10-17 18:51:04,038 [Thread-2293] INFO  impl.RaftServerImpl (RaftServerImpl.java:setRole(184)) - abcd8826-c056-4817-bd0f-7af19a46d814@group-5F52F902B742: changes role from  FOLLOWER to CANDIDATE at term 151 for changeToCandidate
2019-10-17 18:51:04,039 [Thread-2293] INFO  impl.RoleInfo (RoleInfo.java:updateAndGet(143)) - abcd8826-c056-4817-bd0f-7af19a46d814: start LeaderElection
2019-10-17 18:51:04,051 [abcd8826-c056-4817-bd0f-7af19a46d814@group-5F52F902B742-LeaderElection282] INFO  impl.LeaderElection (LeaderElection.java:askForVotes(178)) - abcd8826-c056-4817-bd0f-7af19a46d814@group-5F52F902B742-LeaderElection282: begin an election at term 152 for -1: [b8f04e38-0663-4b1f-8efd-f76585c6e86c:192.168.157.251:35700, abcd8826-c056-4817-bd0f-7af19a46d814:192.168.157.251:46496, 73297ffa-40cb-4e3e-b33e-1bc2c1da60f5:192.168.157.251:32952], old=null
2019-10-17 18:51:04,053 [grpc-default-executor-4] INFO  impl.RaftServerImpl (RaftServerImpl.java:setRole(184)) - b8f04e38-0663-4b1f-8efd-f76585c6e86c@group-5F52F902B742: changes role from  FOLLOWER to FOLLOWER at term 152 for recognizeCandidate:abcd8826-c056-4817-bd0f-7af19a46d814
2019-10-17 18:51:04,053 [grpc-default-executor-5] INFO  impl.RaftServerImpl (RaftServerImpl.java:setRole(184)) - 73297ffa-40cb-4e3e-b33e-1bc2c1da60f5@group-5F52F902B742: changes role from  FOLLOWER to FOLLOWER at term 152 for recognizeCandidate:abcd8826-c056-4817-bd0f-7af19a46d814
2019-10-17 18:51:04,054 [grpc-default-executor-5] INFO  impl.RoleInfo (RoleInfo.java:shutdownFollowerState(121)) - 73297ffa-40cb-4e3e-b33e-1bc2c1da60f5: shutdown FollowerState
2019-10-17 18:51:04,053 [grpc-default-executor-4] INFO  impl.RoleInfo (RoleInfo.java:shutdownFollowerState(121)) - b8f04e38-0663-4b1f-8efd-f76585c6e86c: shutdown FollowerState
2019-10-17 18:51:04,054 [Thread-2292] INFO  impl.FollowerState (FollowerState.java:run(117)) - 73297ffa-40cb-4e3e-b33e-1bc2c1da60f5@group-5F52F902B742-FollowerState was interrupted: java.lang.InterruptedException: sleep interrupted
2019-10-17 18:51:04,054 [grpc-default-executor-5] INFO  impl.RoleInfo (RoleInfo.java:updateAndGet(143)) - 73297ffa-40cb-4e3e-b33e-1bc2c1da60f5: start FollowerState
2019-10-17 18:51:04,054 [Thread-2291] INFO  impl.FollowerState (FollowerState.java:run(117)) - b8f04e38-0663-4b1f-8efd-f76585c6e86c@group-5F52F902B742-FollowerState was interrupted: java.lang.InterruptedException: sleep interrupted
2019-10-17 18:51:04,054 [grpc-default-executor-4] INFO  impl.RoleInfo (RoleInfo.java:updateAndGet(143)) - b8f04e38-0663-4b1f-8efd-f76585c6e86c: start FollowerState
2019-10-17 18:51:04,080 [abcd8826-c056-4817-bd0f-7af19a46d814@group-5F52F902B742-LeaderElection282] INFO  impl.LeaderElection (LeaderElection.java:logAndReturn(56)) - abcd8826-c056-4817-bd0f-7af19a46d814@group-5F52F902B742-LeaderElection282: Election REJECTED; received 2 response(s) [abcd8826-c056-4817-bd0f-7af19a46d814<-b8f04e38-0663-4b1f-8efd-f76585c6e86c#0:FAIL-t152, abcd8826-c056-4817-bd0f-7af19a46d814<-73297ffa-40cb-4e3e-b33e-1bc2c1da60f5#0:FAIL-t152] and 0 exception(s); abcd8826-c056-4817-bd0f-7af19a46d814@group-5F52F902B742:t152, leader=null, voted=abcd8826-c056-4817-bd0f-7af19a46d814, raftlog=abcd8826-c056-4817-bd0f-7af19a46d814@group-5F52F902B742-SegmentedRaftLog:OPENED:c-1,f-1,i0, conf=-1: [b8f04e38-0663-4b1f-8efd-f76585c6e86c:192.168.157.251:35700, abcd8826-c056-4817-bd0f-7af19a46d814:192.168.157.251:46496, 73297ffa-40cb-4e3e-b33e-1bc2c1da60f5:192.168.157.251:32952], old=null
2019-10-17 18:51:04,080 [abcd8826-c056-4817-bd0f-7af19a46d814@group-5F52F902B742-LeaderElection282] INFO  impl.RaftServerImpl (RaftServerImpl.java:setRole(184)) - abcd8826-c056-4817-bd0f-7af19a46d814@group-5F52F902B742: changes role from CANDIDATE to FOLLOWER at term 152 for DISCOVERED_A_NEW_TERM
2019-10-17 18:51:04,080 [abcd8826-c056-4817-bd0f-7af19a46d814@group-5F52F902B742-LeaderElection282] INFO  impl.RoleInfo (RoleInfo.java:shutdownLeaderElection(134)) - abcd8826-c056-4817-bd0f-7af19a46d814: shutdown LeaderElection
2019-10-17 18:51:04,080 [abcd8826-c056-4817-bd0f-7af19a46d814@group-5F52F902B742-LeaderElection282] INFO  impl.RoleInfo (RoleInfo.java:updateAndGet(143)) - abcd8826-c056-4817-bd0f-7af19a46d814: start FollowerState
2019-10-17 18:51:04,152 [Thread-2305] INFO  impl.FollowerState (FollowerState.java:run(108)) - abcd8826-c056-4817-bd0f-7af19a46d814@group-5F52F902B742-FollowerState: change to CANDIDATE, lastRpcTime:72ms, electionTimeout:72ms
2019-10-17 18:51:04,153 [Thread-2305] INFO  impl.RoleInfo (RoleInfo.java:shutdownFollowerState(121)) - abcd8826-c056-4817-bd0f-7af19a46d814: shutdown FollowerState
2019-10-17 18:51:04,153 [Thread-2305] INFO  impl.RaftServerImpl (RaftServerImpl.java:setRole(184)) - abcd8826-c056-4817-bd0f-7af19a46d814@group-5F52F902B742: changes role from  FOLLOWER to CANDIDATE at term 152 for changeToCandidate
2019-10-17 18:51:04,153 [Thread-2305] INFO  impl.RoleInfo (RoleInfo.java:updateAndGet(143)) - abcd8826-c056-4817-bd0f-7af19a46d814: start LeaderElection
2019-10-17 18:51:04,161 [Thread-2299] INFO  impl.FollowerState (FollowerState.java:run(108)) - a5e79c22-a35f-4e50-b1fd-e91b6a93d74d@group-F775CA5912AC-FollowerState: change to CANDIDATE, lastRpcTime:138ms, electionTimeout:138ms
2019-10-17 18:51:04,161 [Thread-2299] INFO  impl.RoleInfo (RoleInfo.java:shutdownFollowerState(121)) - a5e79c22-a35f-4e50-b1fd-e91b6a93d74d: shutdown FollowerState
2019-10-17 18:51:04,161 [Thread-2299] INFO  impl.RaftServerImpl (RaftServerImpl.java:setRole(184)) - a5e79c22-a35f-4e50-b1fd-e91b6a93d74d@group-F775CA5912AC: changes role from  FOLLOWER to CANDIDATE at term 152 for changeToCandidate
2019-10-17 18:51:04,161 [Thread-2299] INFO  impl.RoleInfo (RoleInfo.java:updateAndGet(143)) - a5e79c22-a35f-4e50-b1fd-e91b6a93d74d: start LeaderElection
2019-10-17 18:51:04,168 [a5e79c22-a35f-4e50-b1fd-e91b6a93d74d@group-F775CA5912AC-LeaderElection284] INFO  impl.LeaderElection (LeaderElection.java:askForVotes(178)) - a5e79c22-a35f-4e50-b1fd-e91b6a93d74d@group-F775CA5912AC-LeaderElection284: begin an election at term 153 for -1: [a5e79c22-a35f-4e50-b1fd-e91b6a93d74d:192.168.157.251:45177, daae7813-f814-475d-9647-a302a5541e36:192.168.157.251:45025, 1e4e1375-1b66-460f-8c99-4c341545a119:192.168.157.251:42113], old=null
2019-10-17 18:51:04,168 [abcd8826-c056-4817-bd0f-7af19a46d814@group-5F52F902B742-LeaderElection283] INFO  impl.LeaderElection (LeaderElection.java:askForVotes(178)) - abcd8826-c056-4817-bd0f-7af19a46d814@group-5F52F902B742-LeaderElection283: begin an election at term 153 for -1: [b8f04e38-0663-4b1f-8efd-f76585c6e86c:192.168.157.251:35700, abcd8826-c056-4817-bd0f-7af19a46d814:192.168.157.251:46496, 73297ffa-40cb-4e3e-b33e-1bc2c1da60f5:192.168.157.251:32952], old=null
2019-10-17 18:51:04,171 [grpc-default-executor-5] INFO  impl.RaftServerImpl (RaftServerImpl.java:setRole(184)) - daae7813-f814-475d-9647-a302a5541e36@group-F775CA5912AC: changes role from  FOLLOWER to FOLLOWER at term 153 for recognizeCandidate:a5e79c22-a35f-4e50-b1fd-e91b6a93d74d
2019-10-17 18:51:04,171 [grpc-default-executor-4] INFO  impl.RaftServerImpl (RaftServerImpl.java:setRole(184)) - 73297ffa-40cb-4e3e-b33e-1bc2c1da60f5@group-5F52F902B742: changes role from  FOLLOWER to FOLLOWER at term 153 for recognizeCandidate:abcd8826-c056-4817-bd0f-7af19a46d814
2019-10-17 18:51:04,171 [grpc-default-executor-5] INFO  impl.RoleInfo (RoleInfo.java:shutdownFollowerState(121)) - daae7813-f814-475d-9647-a302a5541e36: shutdown FollowerState
2019-10-17 18:51:04,171 [grpc-default-executor-4] INFO  impl.RoleInfo (RoleInfo.java:shutdownFollowerState(121)) - 73297ffa-40cb-4e3e-b33e-1bc2c1da60f5: shutdown FollowerState
2019-10-17 18:51:04,172 [Thread-2297] INFO  impl.FollowerState (FollowerState.java:run(117)) - daae7813-f814-475d-9647-a302a5541e36@group-F775CA5912AC-FollowerState was interrupted: java.lang.InterruptedException: sleep interrupted
2019-10-17 18:51:04,172 [grpc-default-executor-5] INFO  impl.RoleInfo (RoleInfo.java:updateAndGet(143)) - daae7813-f814-475d-9647-a302a5541e36: start FollowerState
2019-10-17 18:51:04,172 [grpc-default-executor-0] INFO  impl.RaftServerImpl (RaftServerImpl.java:setRole(184)) - 1e4e1375-1b66-460f-8c99-4c341545a119@group-F775CA5912AC: changes role from  FOLLOWER to FOLLOWER at term 153 for recognizeCandidate:a5e79c22-a35f-4e50-b1fd-e91b6a93d74d
2019-10-17 18:51:04,172 [grpc-default-executor-0] INFO  impl.RoleInfo (RoleInfo.java:shutdownFollowerState(121)) - 1e4e1375-1b66-460f-8c99-4c341545a119: shutdown FollowerState
2019-10-17 18:51:04,172 [Thread-2303] INFO  impl.FollowerState (FollowerState.java:run(117)) - 73297ffa-40cb-4e3e-b33e-1bc2c1da60f5@group-5F52F902B742-FollowerState was interrupted: java.lang.InterruptedException: sleep interrupted
2019-10-17 18:51:04,172 [grpc-default-executor-4] INFO  impl.RoleInfo (RoleInfo.java:updateAndGet(143)) - 73297ffa-40cb-4e3e-b33e-1bc2c1da60f5: start FollowerState
2019-10-17 18:51:04,172 [Thread-2298] INFO  impl.FollowerState (FollowerState.java:run(117)) - 1e4e1375-1b66-460f-8c99-4c341545a119@group-F775CA5912AC-FollowerState was interrupted: java.lang.InterruptedException: sleep interrupted
2019-10-17 18:51:04,172 [grpc-default-executor-0] INFO  impl.RoleInfo (RoleInfo.java:updateAndGet(143)) - 1e4e1375-1b66-460f-8c99-4c341545a119: start FollowerState
2019-10-17 18:51:04,172 [grpc-default-executor-2] INFO  impl.RaftServerImpl (RaftServerImpl.java:setRole(184)) - b8f04e38-0663-4b1f-8efd-f76585c6e86c@group-5F52F902B742: changes role from  FOLLOWER to FOLLOWER at term 153 for recognizeCandidate:abcd8826-c056-4817-bd0f-7af19a46d814
2019-10-17 18:51:04,173 [grpc-default-executor-2] INFO  impl.RoleInfo (RoleInfo.java:shutdownFollowerState(121)) - b8f04e38-0663-4b1f-8efd-f76585c6e86c: shutdown FollowerState
2019-10-17 18:51:04,173 [grpc-default-executor-2] INFO  impl.RoleInfo (RoleInfo.java:updateAndGet(143)) - b8f04e38-0663-4b1f-8efd-f76585c6e86c: start FollowerState
2019-10-17 18:51:04,173 [Thread-2304] INFO  impl.FollowerState (FollowerState.java:run(117)) - b8f04e38-0663-4b1f-8efd-f76585c6e86c@group-5F52F902B742-FollowerState was interrupted: java.lang.InterruptedException: sleep interrupted
2019-10-17 18:51:04,180 [abcd8826-c056-4817-bd0f-7af19a46d814@group-5F52F902B742-LeaderElection283] INFO  impl.LeaderElection (LeaderElection.java:logAndReturn(56)) - abcd8826-c056-4817-bd0f-7af19a46d814@group-5F52F902B742-LeaderElection283: Election TIMEOUT; received 0 response(s) [] and 0 exception(s); abcd8826-c056-4817-bd0f-7af19a46d814@group-5F52F902B742:t153, leader=null, voted=abcd8826-c056-4817-bd0f-7af19a46d814, raftlog=abcd8826-c056-4817-bd0f-7af19a46d814@group-5F52F902B742-SegmentedRaftLog:OPENED:c-1,f-1,i0, conf=-1: [b8f04e38-0663-4b1f-8efd-f76585c6e86c:192.168.157.251:35700, abcd8826-c056-4817-bd0f-7af19a46d814:192.168.157.251:46496, 73297ffa-40cb-4e3e-b33e-1bc2c1da60f5:192.168.157.251:32952], old=null
2019-10-17 18:51:04,185 [abcd8826-c056-4817-bd0f-7af19a46d814@group-5F52F902B742-LeaderElection283] INFO  impl.LeaderElection (LeaderElection.java:askForVotes(178)) - abcd8826-c056-4817-bd0f-7af19a46d814@group-5F52F902B742-LeaderElection283: begin an election at term 154 for -1: [b8f04e38-0663-4b1f-8efd-f76585c6e86c:192.168.157.251:35700, abcd8826-c056-4817-bd0f-7af19a46d814:192.168.157.251:46496, 73297ffa-40cb-4e3e-b33e-1bc2c1da60f5:192.168.157.251:32952], old=null
2019-10-17 18:51:04,185 [a5e79c22-a35f-4e50-b1fd-e91b6a93d74d@group-F775CA5912AC-LeaderElection284] INFO  impl.LeaderElection (LeaderElection.java:logAndReturn(56)) - a5e79c22-a35f-4e50-b1fd-e91b6a93d74d@group-F775CA5912AC-LeaderElection284: Election REJECTED; received 2 response(s) [a5e79c22-a35f-4e50-b1fd-e91b6a93d74d<-daae7813-f814-475d-9647-a302a5541e36#0:FAIL-t153, a5e79c22-a35f-4e50-b1fd-e91b6a93d74d<-1e4e1375-1b66-460f-8c99-4c341545a119#0:FAIL-t153] and 0 exception(s); a5e79c22-a35f-4e50-b1fd-e91b6a93d74d@group-F775CA5912AC:t153, leader=null, voted=a5e79c22-a35f-4e50-b1fd-e91b6a93d74d, raftlog=a5e79c22-a35f-4e50-b1fd-e91b6a93d74d@group-F775CA5912AC-SegmentedRaftLog:OPENED:c-1,f-1,i0, conf=-1: [a5e79c22-a35f-4e50-b1fd-e91b6a93d74d:192.168.157.251:45177, daae7813-f814-475d-9647-a302a5541e36:192.168.157.251:45025, 1e4e1375-1b66-460f-8c99-4c341545a119:192.168.157.251:42113], old=null
2019-10-17 18:51:04,186 [a5e79c22-a35f-4e50-b1fd-e91b6a93d74d@group-F775CA5912AC-LeaderElection284] INFO  impl.RaftServerImpl (RaftServerImpl.java:setRole(184)) - a5e79c22-a35f-4e50-b1fd-e91b6a93d74d@group-F775CA5912AC: changes role from CANDIDATE to FOLLOWER at term 153 for DISCOVERED_A_NEW_TERM
2019-10-17 18:51:04,186 [a5e79c22-a35f-4e50-b1fd-e91b6a93d74d@group-F775CA5912AC-LeaderElection284] INFO  impl.RoleInfo (RoleInfo.java:shutdownLeaderElection(134)) - a5e79c22-a35f-4e50-b1fd-e91b6a93d74d: shutdown LeaderElection
2019-10-17 18:51:04,186 [grpc-default-executor-0] INFO  impl.RaftServerImpl (RaftServerImpl.java:setRole(184)) - b8f04e38-0663-4b1f-8efd-f76585c6e86c@group-5F52F902B742: changes role from  FOLLOWER to FOLLOWER at term 154 for recognizeCandidate:abcd8826-c056-4817-bd0f-7af19a46d814
2019-10-17 18:51:04,186 [a5e79c22-a35f-4e50-b1fd-e91b6a93d74d@group-F775CA5912AC-LeaderElection284] INFO  impl.RoleInfo (RoleInfo.java:updateAndGet(143)) - a5e79c22-a35f-4e50-b1fd-e91b6a93d74d: start FollowerState
2019-10-17 18:51:04,186 [grpc-default-executor-0] INFO  impl.RoleInfo (RoleInfo.java:shutdownFollowerState(121)) - b8f04e38-0663-4b1f-8efd-f76585c6e86c: shutdown FollowerState
2019-10-17 18:51:04,186 [grpc-default-executor-0] INFO  impl.RoleInfo (RoleInfo.java:updateAndGet(143)) - b8f04e38-0663-4b1f-8efd-f76585c6e86c: start FollowerState
2019-10-17 18:51:04,187 [Thread-2315] INFO  impl.FollowerState (FollowerState.java:run(117)) - b8f04e38-0663-4b1f-8efd-f76585c6e86c@group-5F52F902B742-FollowerState was interrupted: java.lang.InterruptedException: sleep interrupted
2019-10-17 18:51:04,187 [grpc-default-executor-4] INFO  impl.RaftServerImpl (RaftServerImpl.java:setRole(184)) - 73297ffa-40cb-4e3e-b33e-1bc2c1da60f5@group-5F52F902B742: changes role from  FOLLOWER to FOLLOWER at term 154 for recognizeCandidate:abcd8826-c056-4817-bd0f-7af19a46d814
2019-10-17 18:51:04,187 [grpc-default-executor-4] INFO  impl.RoleInfo (RoleInfo.java:shutdownFollowerState(121)) - 73297ffa-40cb-4e3e-b33e-1bc2c1da60f5: shutdown FollowerState
2019-10-17 18:51:04,187 [grpc-default-executor-4] INFO  impl.RoleInfo (RoleInfo.java:updateAndGet(143)) - 73297ffa-40cb-4e3e-b33e-1bc2c1da60f5: start FollowerState
2019-10-17 18:51:04,187 [Thread-2313] INFO  impl.FollowerState (FollowerState.java:run(117)) - 73297ffa-40cb-4e3e-b33e-1bc2c1da60f5@group-5F52F902B742-FollowerState was interrupted: java.lang.InterruptedException: sleep interrupted
2019-10-17 18:51:04,198 [abcd8826-c056-4817-bd0f-7af19a46d814@group-5F52F902B742-LeaderElection283] INFO  impl.LeaderElection (LeaderElection.java:logAndReturn(56)) - abcd8826-c056-4817-bd0f-7af19a46d814@group-5F52F902B742-LeaderElection283: Election REJECTED; received 2 response(s) [abcd8826-c056-4817-bd0f-7af19a46d814<-b8f04e38-0663-4b1f-8efd-f76585c6e86c#0:FAIL-t154, abcd8826-c056-4817-bd0f-7af19a46d814<-73297ffa-40cb-4e3e-b33e-1bc2c1da60f5#0:FAIL-t154] and 0 exception(s); abcd8826-c056-4817-bd0f-7af19a46d814@group-5F52F902B742:t154, leader=null, voted=abcd8826-c056-4817-bd0f-7af19a46d814, raftlog=abcd8826-c056-4817-bd0f-7af19a46d814@group-5F52F902B742-SegmentedRaftLog:OPENED:c-1,f-1,i0, conf=-1: [b8f04e38-0663-4b1f-8efd-f76585c6e86c:192.168.157.251:35700, abcd8826-c056-4817-bd0f-7af19a46d814:192.168.157.251:46496, 73297ffa-40cb-4e3e-b33e-1bc2c1da60f5:192.168.157.251:32952], old=null
2019-10-17 18:51:04,199 [abcd8826-c056-4817-bd0f-7af19a46d814@group-5F52F902B742-LeaderElection283] INFO  impl.RaftServerImpl (RaftServerImpl.java:setRole(184)) - abcd8826-c056-4817-bd0f-7af19a46d814@group-5F52F902B742: changes role from CANDIDATE to FOLLOWER at term 154 for DISCOVERED_A_NEW_TERM
2019-10-17 18:51:04,199 [abcd8826-c056-4817-bd0f-7af19a46d814@group-5F52F902B742-LeaderElection283] INFO  impl.RoleInfo (RoleInfo.java:shutdownLeaderElection(134)) - abcd8826-c056-4817-bd0f-7af19a46d814: shutdown LeaderElection
2019-10-17 18:51:04,199 [abcd8826-c056-4817-bd0f-7af19a46d814@group-5F52F902B742-LeaderElection283] INFO  impl.RoleInfo (RoleInfo.java:updateAndGet(143)) - abcd8826-c056-4817-bd0f-7af19a46d814: start FollowerState
2019-10-17 18:51:04,240 [Thread-2321] INFO  impl.FollowerState (FollowerState.java:run(108)) - abcd8826-c056-4817-bd0f-7af19a46d814@group-5F52F902B742-FollowerState: change to CANDIDATE, lastRpcTime:41ms, electionTimeout:41ms
2019-10-17 18:51:04,240 [Thread-2321] INFO  impl.RoleInfo (RoleInfo.java:shutdownFollowerState(121)) - abcd8826-c056-4817-bd0f-7af19a46d814: shutdown FollowerState
2019-10-17 18:51:04,240 [Thread-2321] INFO  impl.RaftServerImpl (RaftServerImpl.java:setRole(184)) - abcd8826-c056-4817-bd0f-7af19a46d814@group-5F52F902B742: changes role from  FOLLOWER to CANDIDATE at term 154 for changeToCandidate
2019-10-17 18:51:04,241 [Thread-2321] INFO  impl.RoleInfo (RoleInfo.java:updateAndGet(143)) - abcd8826-c056-4817-bd0f-7af19a46d814: start LeaderElection
2019-10-17 18:51:04,271 [main] WARN  io.KeyOutputStream (KeyOutputStream.java:handleException(274)) - Encountered exception java.io.IOException: Unexpected Storage Container Exception: java.util.concurrent.CompletionException: java.util.concurrent.CompletionException: org.apache.ratis.protocol.RaftRetryFailureException: Failed RaftClientRequest:client-5CE3984A2938->b8f04e38-0663-4b1f-8efd-f76585c6e86c@group-5F52F902B742, cid=23, seq=1*, RW, cmdType: WriteChunk
traceID: "c4f301157a1756e8:c4f301157a1756e8:0:0"
containerID: 2
datanodeUuid: "73297ffa-40cb-4e3e-b33e-1bc2c1da60f5"
writeChunk {
  blockID {
    containerID: 2
    localID: 102979223227138049
    blockCommitSequenceId: 0
  }
  chunkData {
    chunkName: "102979223227138049_chunk_1"
    offset: 0
    len: 1048576
    checksumData {
      type: CRC32
      bytesPerChecksum: 1048576
      checksums: "\361\003\002\247"
    }
  }
}
, data.size=1048576 for 10 attempts with RetryLimited(maxAttempts=10, sleepTime=1000ms) on the pipeline Pipeline[ Id: d83b5072-3c48-4c0b-91c4-5f52f902b742, Nodes: 73297ffa-40cb-4e3e-b33e-1bc2c1da60f5{ip: 192.168.157.251, host: pr-hdds-2318-qqrts-113280968, networkLocation: /default-rack, certSerialId: null}b8f04e38-0663-4b1f-8efd-f76585c6e86c{ip: 192.168.157.251, host: pr-hdds-2318-qqrts-113280968, networkLocation: /default-rack, certSerialId: null}abcd8826-c056-4817-bd0f-7af19a46d814{ip: 192.168.157.251, host: pr-hdds-2318-qqrts-113280968, networkLocation: /default-rack, certSerialId: null}, Type:RATIS, Factor:THREE, State:OPEN]. The last committed block length is 0, uncommitted data length is 2097152 retry count 1
2019-10-17 18:51:04,271 [abcd8826-c056-4817-bd0f-7af19a46d814@group-5F52F902B742-LeaderElection285] INFO  impl.LeaderElection (LeaderElection.java:askForVotes(178)) - abcd8826-c056-4817-bd0f-7af19a46d814@group-5F52F902B742-LeaderElection285: begin an election at term 155 for -1: [b8f04e38-0663-4b1f-8efd-f76585c6e86c:192.168.157.251:35700, abcd8826-c056-4817-bd0f-7af19a46d814:192.168.157.251:46496, 73297ffa-40cb-4e3e-b33e-1bc2c1da60f5:192.168.157.251:32952], old=null
2019-10-17 18:51:04,292 [grpc-default-executor-5] INFO  impl.RaftServerImpl (RaftServerImpl.java:setRole(184)) - b8f04e38-0663-4b1f-8efd-f76585c6e86c@group-5F52F902B742: changes role from  FOLLOWER to FOLLOWER at term 155 for recognizeCandidate:abcd8826-c056-4817-bd0f-7af19a46d814
2019-10-17 18:51:04,294 [grpc-default-executor-5] INFO  impl.RoleInfo (RoleInfo.java:shutdownFollowerState(121)) - b8f04e38-0663-4b1f-8efd-f76585c6e86c: shutdown FollowerState
2019-10-17 18:51:04,294 [grpc-default-executor-0] INFO  impl.RaftServerImpl (RaftServerImpl.java:setRole(184)) - 73297ffa-40cb-4e3e-b33e-1bc2c1da60f5@group-5F52F902B742: changes role from  FOLLOWER to FOLLOWER at term 155 for recognizeCandidate:abcd8826-c056-4817-bd0f-7af19a46d814
2019-10-17 18:51:04,294 [grpc-default-executor-0] INFO  impl.RoleInfo (RoleInfo.java:shutdownFollowerState(121)) - 73297ffa-40cb-4e3e-b33e-1bc2c1da60f5: shutdown FollowerState
2019-10-17 18:51:04,294 [Thread-2319] INFO  impl.FollowerState (FollowerState.java:run(117)) - b8f04e38-0663-4b1f-8efd-f76585c6e86c@group-5F52F902B742-FollowerState was interrupted: java.lang.InterruptedException: sleep interrupted
2019-10-17 18:51:04,294 [grpc-default-executor-5] INFO  impl.RoleInfo (RoleInfo.java:updateAndGet(143)) - b8f04e38-0663-4b1f-8efd-f76585c6e86c: start FollowerState
2019-10-17 18:51:04,294 [grpc-default-executor-0] INFO  impl.RoleInfo (RoleInfo.java:updateAndGet(143)) - 73297ffa-40cb-4e3e-b33e-1bc2c1da60f5: start FollowerState
2019-10-17 18:51:04,294 [Thread-2320] INFO  impl.FollowerState (FollowerState.java:run(117)) - 73297ffa-40cb-4e3e-b33e-1bc2c1da60f5@group-5F52F902B742-FollowerState was interrupted: java.lang.InterruptedException: sleep interrupted
2019-10-17 18:51:04,321 [abcd8826-c056-4817-bd0f-7af19a46d814@group-5F52F902B742-LeaderElection285] INFO  impl.LeaderElection (LeaderElection.java:logAndReturn(56)) - abcd8826-c056-4817-bd0f-7af19a46d814@group-5F52F902B742-LeaderElection285: Election REJECTED; received 2 response(s) [abcd8826-c056-4817-bd0f-7af19a46d814<-b8f04e38-0663-4b1f-8efd-f76585c6e86c#0:FAIL-t155, abcd8826-c056-4817-bd0f-7af19a46d814<-73297ffa-40cb-4e3e-b33e-1bc2c1da60f5#0:FAIL-t155] and 0 exception(s); abcd8826-c056-4817-bd0f-7af19a46d814@group-5F52F902B742:t155, leader=null, voted=abcd8826-c056-4817-bd0f-7af19a46d814, raftlog=abcd8826-c056-4817-bd0f-7af19a46d814@group-5F52F902B742-SegmentedRaftLog:OPENED:c-1,f-1,i0, conf=-1: [b8f04e38-0663-4b1f-8efd-f76585c6e86c:192.168.157.251:35700, abcd8826-c056-4817-bd0f-7af19a46d814:192.168.157.251:46496, 73297ffa-40cb-4e3e-b33e-1bc2c1da60f5:192.168.157.251:32952], old=null
2019-10-17 18:51:04,321 [abcd8826-c056-4817-bd0f-7af19a46d814@group-5F52F902B742-LeaderElection285] INFO  impl.RaftServerImpl (RaftServerImpl.java:setRole(184)) - abcd8826-c056-4817-bd0f-7af19a46d814@group-5F52F902B742: changes role from CANDIDATE to FOLLOWER at term 155 for DISCOVERED_A_NEW_TERM
2019-10-17 18:51:04,321 [abcd8826-c056-4817-bd0f-7af19a46d814@group-5F52F902B742-LeaderElection285] INFO  impl.RoleInfo (RoleInfo.java:shutdownLeaderElection(134)) - abcd8826-c056-4817-bd0f-7af19a46d814: shutdown LeaderElection
2019-10-17 18:51:04,322 [abcd8826-c056-4817-bd0f-7af19a46d814@group-5F52F902B742-LeaderElection285] INFO  impl.RoleInfo (RoleInfo.java:updateAndGet(143)) - abcd8826-c056-4817-bd0f-7af19a46d814: start FollowerState
2019-10-17 18:51:04,330 [Thread-2318] INFO  impl.FollowerState (FollowerState.java:run(108)) - a5e79c22-a35f-4e50-b1fd-e91b6a93d74d@group-F775CA5912AC-FollowerState: change to CANDIDATE, lastRpcTime:144ms, electionTimeout:144ms
2019-10-17 18:51:04,331 [Thread-2318] INFO  impl.RoleInfo (RoleInfo.java:shutdownFollowerState(121)) - a5e79c22-a35f-4e50-b1fd-e91b6a93d74d: shutdown FollowerState
2019-10-17 18:51:04,331 [Thread-2318] INFO  impl.RaftServerImpl (RaftServerImpl.java:setRole(184)) - a5e79c22-a35f-4e50-b1fd-e91b6a93d74d@group-F775CA5912AC: changes role from  FOLLOWER to CANDIDATE at term 153 for changeToCandidate
2019-10-17 18:51:04,331 [Thread-2318] INFO  impl.RoleInfo (RoleInfo.java:updateAndGet(143)) - a5e79c22-a35f-4e50-b1fd-e91b6a93d74d: start LeaderElection
2019-10-17 18:51:04,345 [a5e79c22-a35f-4e50-b1fd-e91b6a93d74d@group-F775CA5912AC-LeaderElection286] INFO  impl.LeaderElection (LeaderElection.java:askForVotes(178)) - a5e79c22-a35f-4e50-b1fd-e91b6a93d74d@group-F775CA5912AC-LeaderElection286: begin an election at term 154 for -1: [a5e79c22-a35f-4e50-b1fd-e91b6a93d74d:192.168.157.251:45177, daae7813-f814-475d-9647-a302a5541e36:192.168.157.251:45025, 1e4e1375-1b66-460f-8c99-4c341545a119:192.168.157.251:42113], old=null
2019-10-17 18:51:04,347 [grpc-default-executor-0] INFO  impl.RaftServerImpl (RaftServerImpl.java:setRole(184)) - daae7813-f814-475d-9647-a302a5541e36@group-F775CA5912AC: changes role from  FOLLOWER to FOLLOWER at term 154 for recognizeCandidate:a5e79c22-a35f-4e50-b1fd-e91b6a93d74d
2019-10-17 18:51:04,347 [grpc-default-executor-0] INFO  impl.RoleInfo (RoleInfo.java:shutdownFollowerState(121)) - daae7813-f814-475d-9647-a302a5541e36: shutdown FollowerState
2019-10-17 18:51:04,347 [grpc-default-executor-5] INFO  impl.RaftServerImpl (RaftServerImpl.java:setRole(184)) - 1e4e1375-1b66-460f-8c99-4c341545a119@group-F775CA5912AC: changes role from  FOLLOWER to FOLLOWER at term 154 for recognizeCandidate:a5e79c22-a35f-4e50-b1fd-e91b6a93d74d
2019-10-17 18:51:04,347 [grpc-default-executor-5] INFO  impl.RoleInfo (RoleInfo.java:shutdownFollowerState(121)) - 1e4e1375-1b66-460f-8c99-4c341545a119: shutdown FollowerState
2019-10-17 18:51:04,347 [Thread-2312] INFO  impl.FollowerState (FollowerState.java:run(117)) - daae7813-f814-475d-9647-a302a5541e36@group-F775CA5912AC-FollowerState was interrupted: java.lang.InterruptedException: sleep interrupted
2019-10-17 18:51:04,347 [grpc-default-executor-0] INFO  impl.RoleInfo (RoleInfo.java:updateAndGet(143)) - daae7813-f814-475d-9647-a302a5541e36: start FollowerState
2019-10-17 18:51:04,347 [Thread-2314] INFO  impl.FollowerState (FollowerState.java:run(117)) - 1e4e1375-1b66-460f-8c99-4c341545a119@group-F775CA5912AC-FollowerState was interrupted: java.lang.InterruptedException: sleep interrupted
2019-10-17 18:51:04,347 [grpc-default-executor-5] INFO  impl.RoleInfo (RoleInfo.java:updateAndGet(143)) - 1e4e1375-1b66-460f-8c99-4c341545a119: start FollowerState
2019-10-17 18:51:04,364 [a5e79c22-a35f-4e50-b1fd-e91b6a93d74d@group-F775CA5912AC-LeaderElection286] INFO  impl.LeaderElection (LeaderElection.java:logAndReturn(56)) - a5e79c22-a35f-4e50-b1fd-e91b6a93d74d@group-F775CA5912AC-LeaderElection286: Election REJECTED; received 2 response(s) [a5e79c22-a35f-4e50-b1fd-e91b6a93d74d<-daae7813-f814-475d-9647-a302a5541e36#0:FAIL-t154, a5e79c22-a35f-4e50-b1fd-e91b6a93d74d<-1e4e1375-1b66-460f-8c99-4c341545a119#0:FAIL-t154] and 0 exception(s); a5e79c22-a35f-4e50-b1fd-e91b6a93d74d@group-F775CA5912AC:t154, leader=null, voted=a5e79c22-a35f-4e50-b1fd-e91b6a93d74d, raftlog=a5e79c22-a35f-4e50-b1fd-e91b6a93d74d@group-F775CA5912AC-SegmentedRaftLog:OPENED:c-1,f-1,i0, conf=-1: [a5e79c22-a35f-4e50-b1fd-e91b6a93d74d:192.168.157.251:45177, daae7813-f814-475d-9647-a302a5541e36:192.168.157.251:45025, 1e4e1375-1b66-460f-8c99-4c341545a119:192.168.157.251:42113], old=null
2019-10-17 18:51:04,364 [a5e79c22-a35f-4e50-b1fd-e91b6a93d74d@group-F775CA5912AC-LeaderElection286] INFO  impl.RaftServerImpl (RaftServerImpl.java:setRole(184)) - a5e79c22-a35f-4e50-b1fd-e91b6a93d74d@group-F775CA5912AC: changes role from CANDIDATE to FOLLOWER at term 154 for DISCOVERED_A_NEW_TERM
2019-10-17 18:51:04,364 [a5e79c22-a35f-4e50-b1fd-e91b6a93d74d@group-F775CA5912AC-LeaderElection286] INFO  impl.RoleInfo (RoleInfo.java:shutdownLeaderElection(134)) - a5e79c22-a35f-4e50-b1fd-e91b6a93d74d: shutdown LeaderElection
2019-10-17 18:51:04,364 [a5e79c22-a35f-4e50-b1fd-e91b6a93d74d@group-F775CA5912AC-LeaderElection286] INFO  impl.RoleInfo (RoleInfo.java:updateAndGet(143)) - a5e79c22-a35f-4e50-b1fd-e91b6a93d74d: start FollowerState
2019-10-17 18:51:04,454 [Thread-2340] INFO  impl.FollowerState (FollowerState.java:run(108)) - a5e79c22-a35f-4e50-b1fd-e91b6a93d74d@group-F775CA5912AC-FollowerState: change to CANDIDATE, lastRpcTime:90ms, electionTimeout:90ms
2019-10-17 18:51:04,454 [Thread-2340] INFO  impl.RoleInfo (RoleInfo.java:shutdownFollowerState(121)) - a5e79c22-a35f-4e50-b1fd-e91b6a93d74d: shutdown FollowerState
2019-10-17 18:51:04,455 [Thread-2340] INFO  impl.RaftServerImpl (RaftServerImpl.java:setRole(184)) - a5e79c22-a35f-4e50-b1fd-e91b6a93d74d@group-F775CA5912AC: changes role from  FOLLOWER to CANDIDATE at term 154 for changeToCandidate
2019-10-17 18:51:04,455 [Thread-2340] INFO  impl.RoleInfo (RoleInfo.java:updateAndGet(143)) - a5e79c22-a35f-4e50-b1fd-e91b6a93d74d: start LeaderElection
2019-10-17 18:51:04,461 [a5e79c22-a35f-4e50-b1fd-e91b6a93d74d@group-F775CA5912AC-LeaderElection287] INFO  impl.LeaderElection (LeaderElection.java:askForVotes(178)) - a5e79c22-a35f-4e50-b1fd-e91b6a93d74d@group-F775CA5912AC-LeaderElection287: begin an election at term 155 for -1: [a5e79c22-a35f-4e50-b1fd-e91b6a93d74d:192.168.157.251:45177, daae7813-f814-475d-9647-a302a5541e36:192.168.157.251:45025, 1e4e1375-1b66-460f-8c99-4c341545a119:192.168.157.251:42113], old=null
2019-10-17 18:51:04,463 [grpc-default-executor-5] INFO  impl.RaftServerImpl (RaftServerImpl.java:setRole(184)) - daae7813-f814-475d-9647-a302a5541e36@group-F775CA5912AC: changes role from  FOLLOWER to FOLLOWER at term 155 for recognizeCandidate:a5e79c22-a35f-4e50-b1fd-e91b6a93d74d
2019-10-17 18:51:04,463 [grpc-default-executor-2] INFO  impl.RaftServerImpl (RaftServerImpl.java:setRole(184)) - 1e4e1375-1b66-460f-8c99-4c341545a119@group-F775CA5912AC: changes role from  FOLLOWER to FOLLOWER at term 155 for recognizeCandidate:a5e79c22-a35f-4e50-b1fd-e91b6a93d74d
2019-10-17 18:51:04,463 [grpc-default-executor-2] INFO  impl.RoleInfo (RoleInfo.java:shutdownFollowerState(121)) - 1e4e1375-1b66-460f-8c99-4c341545a119: shutdown FollowerState
2019-10-17 18:51:04,463 [grpc-default-executor-5] INFO  impl.RoleInfo (RoleInfo.java:shutdownFollowerState(121)) - daae7813-f814-475d-9647-a302a5541e36: shutdown FollowerState
2019-10-17 18:51:04,463 [Thread-2337] INFO  impl.FollowerState (FollowerState.java:run(117)) - 1e4e1375-1b66-460f-8c99-4c341545a119@group-F775CA5912AC-FollowerState was interrupted: java.lang.InterruptedException: sleep interrupted
2019-10-17 18:51:04,463 [grpc-default-executor-2] INFO  impl.RoleInfo (RoleInfo.java:updateAndGet(143)) - 1e4e1375-1b66-460f-8c99-4c341545a119: start FollowerState
2019-10-17 18:51:04,463 [Thread-2336] INFO  impl.FollowerState (FollowerState.java:run(117)) - daae7813-f814-475d-9647-a302a5541e36@group-F775CA5912AC-FollowerState was interrupted: java.lang.InterruptedException: sleep interrupted
2019-10-17 18:51:04,463 [grpc-default-executor-5] INFO  impl.RoleInfo (RoleInfo.java:updateAndGet(143)) - daae7813-f814-475d-9647-a302a5541e36: start FollowerState
2019-10-17 18:51:04,476 [a5e79c22-a35f-4e50-b1fd-e91b6a93d74d@group-F775CA5912AC-LeaderElection287] INFO  impl.LeaderElection (LeaderElection.java:logAndReturn(56)) - a5e79c22-a35f-4e50-b1fd-e91b6a93d74d@group-F775CA5912AC-LeaderElection287: Election REJECTED; received 2 response(s) [a5e79c22-a35f-4e50-b1fd-e91b6a93d74d<-daae7813-f814-475d-9647-a302a5541e36#0:FAIL-t155, a5e79c22-a35f-4e50-b1fd-e91b6a93d74d<-1e4e1375-1b66-460f-8c99-4c341545a119#0:FAIL-t155] and 0 exception(s); a5e79c22-a35f-4e50-b1fd-e91b6a93d74d@group-F775CA5912AC:t155, leader=null, voted=a5e79c22-a35f-4e50-b1fd-e91b6a93d74d, raftlog=a5e79c22-a35f-4e50-b1fd-e91b6a93d74d@group-F775CA5912AC-SegmentedRaftLog:OPENED:c-1,f-1,i0, conf=-1: [a5e79c22-a35f-4e50-b1fd-e91b6a93d74d:192.168.157.251:45177, daae7813-f814-475d-9647-a302a5541e36:192.168.157.251:45025, 1e4e1375-1b66-460f-8c99-4c341545a119:192.168.157.251:42113], old=null
2019-10-17 18:51:04,476 [a5e79c22-a35f-4e50-b1fd-e91b6a93d74d@group-F775CA5912AC-LeaderElection287] INFO  impl.RaftServerImpl (RaftServerImpl.java:setRole(184)) - a5e79c22-a35f-4e50-b1fd-e91b6a93d74d@group-F775CA5912AC: changes role from CANDIDATE to FOLLOWER at term 155 for DISCOVERED_A_NEW_TERM
2019-10-17 18:51:04,476 [a5e79c22-a35f-4e50-b1fd-e91b6a93d74d@group-F775CA5912AC-LeaderElection287] INFO  impl.RoleInfo (RoleInfo.java:shutdownLeaderElection(134)) - a5e79c22-a35f-4e50-b1fd-e91b6a93d74d: shutdown LeaderElection
2019-10-17 18:51:04,476 [a5e79c22-a35f-4e50-b1fd-e91b6a93d74d@group-F775CA5912AC-LeaderElection287] INFO  impl.RoleInfo (RoleInfo.java:updateAndGet(143)) - a5e79c22-a35f-4e50-b1fd-e91b6a93d74d: start FollowerState
2019-10-17 18:51:04,522 [Thread-2331] INFO  impl.FollowerState (FollowerState.java:run(108)) - abcd8826-c056-4817-bd0f-7af19a46d814@group-5F52F902B742-FollowerState: change to CANDIDATE, lastRpcTime:200ms, electionTimeout:200ms
2019-10-17 18:51:04,522 [Thread-2331] INFO  impl.RoleInfo (RoleInfo.java:shutdownFollowerState(121)) - abcd8826-c056-4817-bd0f-7af19a46d814: shutdown FollowerState
2019-10-17 18:51:04,522 [Thread-2331] INFO  impl.RaftServerImpl (RaftServerImpl.java:setRole(184)) - abcd8826-c056-4817-bd0f-7af19a46d814@group-5F52F902B742: changes role from  FOLLOWER to CANDIDATE at term 155 for changeToCandidate
2019-10-17 18:51:04,522 [Thread-2331] INFO  impl.RoleInfo (RoleInfo.java:updateAndGet(143)) - abcd8826-c056-4817-bd0f-7af19a46d814: start LeaderElection
2019-10-17 18:51:04,536 [abcd8826-c056-4817-bd0f-7af19a46d814@group-5F52F902B742-LeaderElection288] INFO  impl.LeaderElection (LeaderElection.java:askForVotes(178)) - abcd8826-c056-4817-bd0f-7af19a46d814@group-5F52F902B742-LeaderElection288: begin an election at term 156 for -1: [b8f04e38-0663-4b1f-8efd-f76585c6e86c:192.168.157.251:35700, abcd8826-c056-4817-bd0f-7af19a46d814:192.168.157.251:46496, 73297ffa-40cb-4e3e-b33e-1bc2c1da60f5:192.168.157.251:32952], old=null
2019-10-17 18:51:04,538 [grpc-default-executor-5] INFO  impl.RaftServerImpl (RaftServerImpl.java:setRole(184)) - b8f04e38-0663-4b1f-8efd-f76585c6e86c@group-5F52F902B742: changes role from  FOLLOWER to FOLLOWER at term 156 for recognizeCandidate:abcd8826-c056-4817-bd0f-7af19a46d814
2019-10-17 18:51:04,538 [grpc-default-executor-5] INFO  impl.RoleInfo (RoleInfo.java:shutdownFollowerState(121)) - b8f04e38-0663-4b1f-8efd-f76585c6e86c: shutdown FollowerState
2019-10-17 18:51:04,538 [grpc-default-executor-2] INFO  impl.RaftServerImpl (RaftServerImpl.java:setRole(184)) - 73297ffa-40cb-4e3e-b33e-1bc2c1da60f5@group-5F52F902B742: changes role from  FOLLOWER to FOLLOWER at term 156 for recognizeCandidate:abcd8826-c056-4817-bd0f-7af19a46d814
2019-10-17 18:51:04,538 [grpc-default-executor-5] INFO  impl.RoleInfo (RoleInfo.java:updateAndGet(143)) - b8f04e38-0663-4b1f-8efd-f76585c6e86c: start FollowerState
2019-10-17 18:51:04,538 [Thread-2327] INFO  impl.FollowerState (FollowerState.java:run(117)) - b8f04e38-0663-4b1f-8efd-f76585c6e86c@group-5F52F902B742-FollowerState was interrupted: java.lang.InterruptedException: sleep interrupted
2019-10-17 18:51:04,538 [grpc-default-executor-2] INFO  impl.RoleInfo (RoleInfo.java:shutdownFollowerState(121)) - 73297ffa-40cb-4e3e-b33e-1bc2c1da60f5: shutdown FollowerState
2019-10-17 18:51:04,539 [grpc-default-executor-2] INFO  impl.RoleInfo (RoleInfo.java:updateAndGet(143)) - 73297ffa-40cb-4e3e-b33e-1bc2c1da60f5: start FollowerState
2019-10-17 18:51:04,539 [Thread-2328] INFO  impl.FollowerState (FollowerState.java:run(117)) - 73297ffa-40cb-4e3e-b33e-1bc2c1da60f5@group-5F52F902B742-FollowerState was interrupted: java.lang.InterruptedException: sleep interrupted
2019-10-17 18:51:04,561 [Thread-2347] INFO  impl.FollowerState (FollowerState.java:run(108)) - a5e79c22-a35f-4e50-b1fd-e91b6a93d74d@group-F775CA5912AC-FollowerState: change to CANDIDATE, lastRpcTime:84ms, electionTimeout:84ms
2019-10-17 18:51:04,561 [Thread-2347] INFO  impl.RoleInfo (RoleInfo.java:shutdownFollowerState(121)) - a5e79c22-a35f-4e50-b1fd-e91b6a93d74d: shutdown FollowerState
2019-10-17 18:51:04,561 [Thread-2347] INFO  impl.RaftServerImpl (RaftServerImpl.java:setRole(184)) - a5e79c22-a35f-4e50-b1fd-e91b6a93d74d@group-F775CA5912AC: changes role from  FOLLOWER to CANDIDATE at term 155 for changeToCandidate
2019-10-17 18:51:04,561 [Thread-2347] INFO  impl.RoleInfo (RoleInfo.java:updateAndGet(143)) - a5e79c22-a35f-4e50-b1fd-e91b6a93d74d: start LeaderElection
2019-10-17 18:51:04,564 [abcd8826-c056-4817-bd0f-7af19a46d814@group-5F52F902B742-LeaderElection288] INFO  impl.LeaderElection (LeaderElection.java:logAndReturn(56)) - abcd8826-c056-4817-bd0f-7af19a46d814@group-5F52F902B742-LeaderElection288: Election REJECTED; received 2 response(s) [abcd8826-c056-4817-bd0f-7af19a46d814<-b8f04e38-0663-4b1f-8efd-f76585c6e86c#0:FAIL-t156, abcd8826-c056-4817-bd0f-7af19a46d814<-73297ffa-40cb-4e3e-b33e-1bc2c1da60f5#0:FAIL-t156] and 0 exception(s); abcd8826-c056-4817-bd0f-7af19a46d814@group-5F52F902B742:t156, leader=null, voted=abcd8826-c056-4817-bd0f-7af19a46d814, raftlog=abcd8826-c056-4817-bd0f-7af19a46d814@group-5F52F902B742-SegmentedRaftLog:OPENED:c-1,f-1,i0, conf=-1: [b8f04e38-0663-4b1f-8efd-f76585c6e86c:192.168.157.251:35700, abcd8826-c056-4817-bd0f-7af19a46d814:192.168.157.251:46496, 73297ffa-40cb-4e3e-b33e-1bc2c1da60f5:192.168.157.251:32952], old=null
2019-10-17 18:51:04,564 [abcd8826-c056-4817-bd0f-7af19a46d814@group-5F52F902B742-LeaderElection288] INFO  impl.RaftServerImpl (RaftServerImpl.java:setRole(184)) - abcd8826-c056-4817-bd0f-7af19a46d814@group-5F52F902B742: changes role from CANDIDATE to FOLLOWER at term 156 for DISCOVERED_A_NEW_TERM
2019-10-17 18:51:04,564 [abcd8826-c056-4817-bd0f-7af19a46d814@group-5F52F902B742-LeaderElection288] INFO  impl.RoleInfo (RoleInfo.java:shutdownLeaderElection(134)) - abcd8826-c056-4817-bd0f-7af19a46d814: shutdown LeaderElection
2019-10-17 18:51:04,564 [abcd8826-c056-4817-bd0f-7af19a46d814@group-5F52F902B742-LeaderElection288] INFO  impl.RoleInfo (RoleInfo.java:updateAndGet(143)) - abcd8826-c056-4817-bd0f-7af19a46d814: start FollowerState
2019-10-17 18:51:04,566 [a5e79c22-a35f-4e50-b1fd-e91b6a93d74d@group-F775CA5912AC-LeaderElection289] INFO  impl.LeaderElection (LeaderElection.java:askForVotes(178)) - a5e79c22-a35f-4e50-b1fd-e91b6a93d74d@group-F775CA5912AC-LeaderElection289: begin an election at term 156 for -1: [a5e79c22-a35f-4e50-b1fd-e91b6a93d74d:192.168.157.251:45177, daae7813-f814-475d-9647-a302a5541e36:192.168.157.251:45025, 1e4e1375-1b66-460f-8c99-4c341545a119:192.168.157.251:42113], old=null
2019-10-17 18:51:04,568 [grpc-default-executor-2] INFO  impl.RaftServerImpl (RaftServerImpl.java:setRole(184)) - daae7813-f814-475d-9647-a302a5541e36@group-F775CA5912AC: changes role from  FOLLOWER to FOLLOWER at term 156 for recognizeCandidate:a5e79c22-a35f-4e50-b1fd-e91b6a93d74d
2019-10-17 18:51:04,568 [grpc-default-executor-2] INFO  impl.RoleInfo (RoleInfo.java:shutdownFollowerState(121)) - daae7813-f814-475d-9647-a302a5541e36: shutdown FollowerState
2019-10-17 18:51:04,568 [grpc-default-executor-5] INFO  impl.RaftServerImpl (RaftServerImpl.java:setRole(184)) - 1e4e1375-1b66-460f-8c99-4c341545a119@group-F775CA5912AC: changes role from  FOLLOWER to FOLLOWER at term 156 for recognizeCandidate:a5e79c22-a35f-4e50-b1fd-e91b6a93d74d
2019-10-17 18:51:04,568 [grpc-default-executor-5] INFO  impl.RoleInfo (RoleInfo.java:shutdownFollowerState(121)) - 1e4e1375-1b66-460f-8c99-4c341545a119: shutdown FollowerState
2019-10-17 18:51:04,568 [grpc-default-executor-5] INFO  impl.RoleInfo (RoleInfo.java:updateAndGet(143)) - 1e4e1375-1b66-460f-8c99-4c341545a119: start FollowerState
2019-10-17 18:51:04,568 [Thread-2346] INFO  impl.FollowerState (FollowerState.java:run(117)) - daae7813-f814-475d-9647-a302a5541e36@group-F775CA5912AC-FollowerState was interrupted: java.lang.InterruptedException: sleep interrupted
2019-10-17 18:51:04,568 [grpc-default-executor-2] INFO  impl.RoleInfo (RoleInfo.java:updateAndGet(143)) - daae7813-f814-475d-9647-a302a5541e36: start FollowerState
2019-10-17 18:51:04,568 [Thread-2345] INFO  impl.FollowerState (FollowerState.java:run(117)) - 1e4e1375-1b66-460f-8c99-4c341545a119@group-F775CA5912AC-FollowerState was interrupted: java.lang.InterruptedException: sleep interrupted
2019-10-17 18:51:04,581 [Thread-2354] INFO  impl.FollowerState (FollowerState.java:run(108)) - abcd8826-c056-4817-bd0f-7af19a46d814@group-5F52F902B742-FollowerState: change to CANDIDATE, lastRpcTime:16ms, electionTimeout:16ms
2019-10-17 18:51:04,581 [Thread-2354] INFO  impl.RoleInfo (RoleInfo.java:shutdownFollowerState(121)) - abcd8826-c056-4817-bd0f-7af19a46d814: shutdown FollowerState
2019-10-17 18:51:04,581 [Thread-2354] INFO  impl.RaftServerImpl (RaftServerImpl.java:setRole(184)) - abcd8826-c056-4817-bd0f-7af19a46d814@group-5F52F902B742: changes role from  FOLLOWER to CANDIDATE at term 156 for changeToCandidate
2019-10-17 18:51:04,581 [Thread-2354] INFO  impl.RoleInfo (RoleInfo.java:updateAndGet(143)) - abcd8826-c056-4817-bd0f-7af19a46d814: start LeaderElection
2019-10-17 18:51:04,581 [a5e79c22-a35f-4e50-b1fd-e91b6a93d74d@group-F775CA5912AC-LeaderElection289] INFO  impl.LeaderElection (LeaderElection.java:logAndReturn(56)) - a5e79c22-a35f-4e50-b1fd-e91b6a93d74d@group-F775CA5912AC-LeaderElection289: Election REJECTED; received 2 response(s) [a5e79c22-a35f-4e50-b1fd-e91b6a93d74d<-daae7813-f814-475d-9647-a302a5541e36#0:FAIL-t156, a5e79c22-a35f-4e50-b1fd-e91b6a93d74d<-1e4e1375-1b66-460f-8c99-4c341545a119#0:FAIL-t156] and 0 exception(s); a5e79c22-a35f-4e50-b1fd-e91b6a93d74d@group-F775CA5912AC:t156, leader=null, voted=a5e79c22-a35f-4e50-b1fd-e91b6a93d74d, raftlog=a5e79c22-a35f-4e50-b1fd-e91b6a93d74d@group-F775CA5912AC-SegmentedRaftLog:OPENED:c-1,f-1,i0, conf=-1: [a5e79c22-a35f-4e50-b1fd-e91b6a93d74d:192.168.157.251:45177, daae7813-f814-475d-9647-a302a5541e36:192.168.157.251:45025, 1e4e1375-1b66-460f-8c99-4c341545a119:192.168.157.251:42113], old=null
2019-10-17 18:51:04,581 [a5e79c22-a35f-4e50-b1fd-e91b6a93d74d@group-F775CA5912AC-LeaderElection289] INFO  impl.RaftServerImpl (RaftServerImpl.java:setRole(184)) - a5e79c22-a35f-4e50-b1fd-e91b6a93d74d@group-F775CA5912AC: changes role from CANDIDATE to FOLLOWER at term 156 for DISCOVERED_A_NEW_TERM
2019-10-17 18:51:04,581 [a5e79c22-a35f-4e50-b1fd-e91b6a93d74d@group-F775CA5912AC-LeaderElection289] INFO  impl.RoleInfo (RoleInfo.java:shutdownLeaderElection(134)) - a5e79c22-a35f-4e50-b1fd-e91b6a93d74d: shutdown LeaderElection
2019-10-17 18:51:04,582 [a5e79c22-a35f-4e50-b1fd-e91b6a93d74d@group-F775CA5912AC-LeaderElection289] INFO  impl.RoleInfo (RoleInfo.java:updateAndGet(143)) - a5e79c22-a35f-4e50-b1fd-e91b6a93d74d: start FollowerState
2019-10-17 18:51:04,590 [abcd8826-c056-4817-bd0f-7af19a46d814@group-5F52F902B742-LeaderElection290] INFO  impl.LeaderElection (LeaderElection.java:askForVotes(178)) - abcd8826-c056-4817-bd0f-7af19a46d814@group-5F52F902B742-LeaderElection290: begin an election at term 157 for -1: [b8f04e38-0663-4b1f-8efd-f76585c6e86c:192.168.157.251:35700, abcd8826-c056-4817-bd0f-7af19a46d814:192.168.157.251:46496, 73297ffa-40cb-4e3e-b33e-1bc2c1da60f5:192.168.157.251:32952], old=null
2019-10-17 18:51:04,591 [grpc-default-executor-2] INFO  impl.RaftServerImpl (RaftServerImpl.java:setRole(184)) - 73297ffa-40cb-4e3e-b33e-1bc2c1da60f5@group-5F52F902B742: changes role from  FOLLOWER to FOLLOWER at term 157 for recognizeCandidate:abcd8826-c056-4817-bd0f-7af19a46d814
2019-10-17 18:51:04,591 [grpc-default-executor-5] INFO  impl.RaftServerImpl (RaftServerImpl.java:setRole(184)) - b8f04e38-0663-4b1f-8efd-f76585c6e86c@group-5F52F902B742: changes role from  FOLLOWER to FOLLOWER at term 157 for recognizeCandidate:abcd8826-c056-4817-bd0f-7af19a46d814
2019-10-17 18:51:04,591 [grpc-default-executor-2] INFO  impl.RoleInfo (RoleInfo.java:shutdownFollowerState(121)) - 73297ffa-40cb-4e3e-b33e-1bc2c1da60f5: shutdown FollowerState
2019-10-17 18:51:04,591 [grpc-default-executor-5] INFO  impl.RoleInfo (RoleInfo.java:shutdownFollowerState(121)) - b8f04e38-0663-4b1f-8efd-f76585c6e86c: shutdown FollowerState
2019-10-17 18:51:04,591 [Thread-2352] INFO  impl.FollowerState (FollowerState.java:run(117)) - 73297ffa-40cb-4e3e-b33e-1bc2c1da60f5@group-5F52F902B742-FollowerState was interrupted: java.lang.InterruptedException: sleep interrupted
2019-10-17 18:51:04,591 [grpc-default-executor-2] INFO  impl.RoleInfo (RoleInfo.java:updateAndGet(143)) - 73297ffa-40cb-4e3e-b33e-1bc2c1da60f5: start FollowerState
2019-10-17 18:51:04,592 [Thread-2351] INFO  impl.FollowerState (FollowerState.java:run(117)) - b8f04e38-0663-4b1f-8efd-f76585c6e86c@group-5F52F902B742-FollowerState was interrupted: java.lang.InterruptedException: sleep interrupted
2019-10-17 18:51:04,591 [grpc-default-executor-5] INFO  impl.RoleInfo (RoleInfo.java:updateAndGet(143)) - b8f04e38-0663-4b1f-8efd-f76585c6e86c: start FollowerState
2019-10-17 18:51:04,624 [abcd8826-c056-4817-bd0f-7af19a46d814@group-5F52F902B742-LeaderElection290] INFO  impl.LeaderElection (LeaderElection.java:logAndReturn(56)) - abcd8826-c056-4817-bd0f-7af19a46d814@group-5F52F902B742-LeaderElection290: Election REJECTED; received 2 response(s) [abcd8826-c056-4817-bd0f-7af19a46d814<-b8f04e38-0663-4b1f-8efd-f76585c6e86c#0:FAIL-t157, abcd8826-c056-4817-bd0f-7af19a46d814<-73297ffa-40cb-4e3e-b33e-1bc2c1da60f5#0:FAIL-t157] and 0 exception(s); abcd8826-c056-4817-bd0f-7af19a46d814@group-5F52F902B742:t157, leader=null, voted=abcd8826-c056-4817-bd0f-7af19a46d814, raftlog=abcd8826-c056-4817-bd0f-7af19a46d814@group-5F52F902B742-SegmentedRaftLog:OPENED:c-1,f-1,i0, conf=-1: [b8f04e38-0663-4b1f-8efd-f76585c6e86c:192.168.157.251:35700, abcd8826-c056-4817-bd0f-7af19a46d814:192.168.157.251:46496, 73297ffa-40cb-4e3e-b33e-1bc2c1da60f5:192.168.157.251:32952], old=null
2019-10-17 18:51:04,625 [abcd8826-c056-4817-bd0f-7af19a46d814@group-5F52F902B742-LeaderElection290] INFO  impl.RaftServerImpl (RaftServerImpl.java:setRole(184)) - abcd8826-c056-4817-bd0f-7af19a46d814@group-5F52F902B742: changes role from CANDIDATE to FOLLOWER at term 157 for DISCOVERED_A_NEW_TERM
2019-10-17 18:51:04,625 [abcd8826-c056-4817-bd0f-7af19a46d814@group-5F52F902B742-LeaderElection290] INFO  impl.RoleInfo (RoleInfo.java:shutdownLeaderElection(134)) - abcd8826-c056-4817-bd0f-7af19a46d814: shutdown LeaderElection
2019-10-17 18:51:04,625 [abcd8826-c056-4817-bd0f-7af19a46d814@group-5F52F902B742-LeaderElection290] INFO  impl.RoleInfo (RoleInfo.java:updateAndGet(143)) - abcd8826-c056-4817-bd0f-7af19a46d814: start FollowerState
2019-10-17 18:51:04,718 [Thread-2360] INFO  impl.FollowerState (FollowerState.java:run(108)) - a5e79c22-a35f-4e50-b1fd-e91b6a93d74d@group-F775CA5912AC-FollowerState: change to CANDIDATE, lastRpcTime:136ms, electionTimeout:136ms
2019-10-17 18:51:04,718 [Thread-2360] INFO  impl.RoleInfo (RoleInfo.java:shutdownFollowerState(121)) - a5e79c22-a35f-4e50-b1fd-e91b6a93d74d: shutdown FollowerState
2019-10-17 18:51:04,718 [Thread-2360] INFO  impl.RaftServerImpl (RaftServerImpl.java:setRole(184)) - a5e79c22-a35f-4e50-b1fd-e91b6a93d74d@group-F775CA5912AC: changes role from  FOLLOWER to CANDIDATE at term 156 for changeToCandidate
2019-10-17 18:51:04,718 [Thread-2360] INFO  impl.RoleInfo (RoleInfo.java:updateAndGet(143)) - a5e79c22-a35f-4e50-b1fd-e91b6a93d74d: start LeaderElection
2019-10-17 18:51:04,730 [a5e79c22-a35f-4e50-b1fd-e91b6a93d74d@group-F775CA5912AC-LeaderElection291] INFO  impl.LeaderElection (LeaderElection.java:askForVotes(178)) - a5e79c22-a35f-4e50-b1fd-e91b6a93d74d@group-F775CA5912AC-LeaderElection291: begin an election at term 157 for -1: [a5e79c22-a35f-4e50-b1fd-e91b6a93d74d:192.168.157.251:45177, daae7813-f814-475d-9647-a302a5541e36:192.168.157.251:45025, 1e4e1375-1b66-460f-8c99-4c341545a119:192.168.157.251:42113], old=null
2019-10-17 18:51:04,732 [grpc-default-executor-0] INFO  impl.RaftServerImpl (RaftServerImpl.java:setRole(184)) - 1e4e1375-1b66-460f-8c99-4c341545a119@group-F775CA5912AC: changes role from  FOLLOWER to FOLLOWER at term 157 for recognizeCandidate:a5e79c22-a35f-4e50-b1fd-e91b6a93d74d
2019-10-17 18:51:04,732 [grpc-default-executor-5] INFO  impl.RaftServerImpl (RaftServerImpl.java:setRole(184)) - daae7813-f814-475d-9647-a302a5541e36@group-F775CA5912AC: changes role from  FOLLOWER to FOLLOWER at term 157 for recognizeCandidate:a5e79c22-a35f-4e50-b1fd-e91b6a93d74d
2019-10-17 18:51:04,732 [grpc-default-executor-5] INFO  impl.RoleInfo (RoleInfo.java:shutdownFollowerState(121)) - daae7813-f814-475d-9647-a302a5541e36: shutdown FollowerState
2019-10-17 18:51:04,732 [grpc-default-executor-0] INFO  impl.RoleInfo (RoleInfo.java:shutdownFollowerState(121)) - 1e4e1375-1b66-460f-8c99-4c341545a119: shutdown FollowerState
2019-10-17 18:51:04,732 [Thread-2357] INFO  impl.FollowerState (FollowerState.java:run(117)) - daae7813-f814-475d-9647-a302a5541e36@group-F775CA5912AC-FollowerState was interrupted: java.lang.InterruptedException: sleep interrupted
2019-10-17 18:51:04,732 [Thread-2358] INFO  impl.FollowerState (FollowerState.java:run(117)) - 1e4e1375-1b66-460f-8c99-4c341545a119@group-F775CA5912AC-FollowerState was interrupted: java.lang.InterruptedException: sleep interrupted
2019-10-17 18:51:04,732 [grpc-default-executor-5] INFO  impl.RoleInfo (RoleInfo.java:updateAndGet(143)) - daae7813-f814-475d-9647-a302a5541e36: start FollowerState
2019-10-17 18:51:04,732 [grpc-default-executor-0] INFO  impl.RoleInfo (RoleInfo.java:updateAndGet(143)) - 1e4e1375-1b66-460f-8c99-4c341545a119: start FollowerState
2019-10-17 18:51:04,754 [a5e79c22-a35f-4e50-b1fd-e91b6a93d74d@group-F775CA5912AC-LeaderElection291] INFO  impl.LeaderElection (LeaderElection.java:logAndReturn(56)) - a5e79c22-a35f-4e50-b1fd-e91b6a93d74d@group-F775CA5912AC-LeaderElection291: Election REJECTED; received 2 response(s) [a5e79c22-a35f-4e50-b1fd-e91b6a93d74d<-daae7813-f814-475d-9647-a302a5541e36#0:FAIL-t157, a5e79c22-a35f-4e50-b1fd-e91b6a93d74d<-1e4e1375-1b66-460f-8c99-4c341545a119#0:FAIL-t157] and 0 exception(s); a5e79c22-a35f-4e50-b1fd-e91b6a93d74d@group-F775CA5912AC:t157, leader=null, voted=a5e79c22-a35f-4e50-b1fd-e91b6a93d74d, raftlog=a5e79c22-a35f-4e50-b1fd-e91b6a93d74d@group-F775CA5912AC-SegmentedRaftLog:OPENED:c-1,f-1,i0, conf=-1: [a5e79c22-a35f-4e50-b1fd-e91b6a93d74d:192.168.157.251:45177, daae7813-f814-475d-9647-a302a5541e36:192.168.157.251:45025, 1e4e1375-1b66-460f-8c99-4c341545a119:192.168.157.251:42113], old=null
2019-10-17 18:51:04,754 [a5e79c22-a35f-4e50-b1fd-e91b6a93d74d@group-F775CA5912AC-LeaderElection291] INFO  impl.RaftServerImpl (RaftServerImpl.java:setRole(184)) - a5e79c22-a35f-4e50-b1fd-e91b6a93d74d@group-F775CA5912AC: changes role from CANDIDATE to FOLLOWER at term 157 for DISCOVERED_A_NEW_TERM
2019-10-17 18:51:04,754 [a5e79c22-a35f-4e50-b1fd-e91b6a93d74d@group-F775CA5912AC-LeaderElection291] INFO  impl.RoleInfo (RoleInfo.java:shutdownLeaderElection(134)) - a5e79c22-a35f-4e50-b1fd-e91b6a93d74d: shutdown LeaderElection
2019-10-17 18:51:04,754 [a5e79c22-a35f-4e50-b1fd-e91b6a93d74d@group-F775CA5912AC-LeaderElection291] INFO  impl.RoleInfo (RoleInfo.java:updateAndGet(143)) - a5e79c22-a35f-4e50-b1fd-e91b6a93d74d: start FollowerState
2019-10-17 18:51:04,788 [Thread-2366] INFO  impl.FollowerState (FollowerState.java:run(108)) - abcd8826-c056-4817-bd0f-7af19a46d814@group-5F52F902B742-FollowerState: change to CANDIDATE, lastRpcTime:163ms, electionTimeout:163ms
2019-10-17 18:51:04,788 [Thread-2366] INFO  impl.RoleInfo (RoleInfo.java:shutdownFollowerState(121)) - abcd8826-c056-4817-bd0f-7af19a46d814: shutdown FollowerState
2019-10-17 18:51:04,788 [Thread-2366] INFO  impl.RaftServerImpl (RaftServerImpl.java:setRole(184)) - abcd8826-c056-4817-bd0f-7af19a46d814@group-5F52F902B742: changes role from  FOLLOWER to CANDIDATE at term 157 for changeToCandidate
2019-10-17 18:51:04,789 [Thread-2366] INFO  impl.RoleInfo (RoleInfo.java:updateAndGet(143)) - abcd8826-c056-4817-bd0f-7af19a46d814: start LeaderElection
2019-10-17 18:51:04,796 [abcd8826-c056-4817-bd0f-7af19a46d814@group-5F52F902B742-LeaderElection292] INFO  impl.LeaderElection (LeaderElection.java:askForVotes(178)) - abcd8826-c056-4817-bd0f-7af19a46d814@group-5F52F902B742-LeaderElection292: begin an election at term 158 for -1: [b8f04e38-0663-4b1f-8efd-f76585c6e86c:192.168.157.251:35700, abcd8826-c056-4817-bd0f-7af19a46d814:192.168.157.251:46496, 73297ffa-40cb-4e3e-b33e-1bc2c1da60f5:192.168.157.251:32952], old=null
2019-10-17 18:51:04,798 [grpc-default-executor-5] INFO  impl.RaftServerImpl (RaftServerImpl.java:setRole(184)) - 73297ffa-40cb-4e3e-b33e-1bc2c1da60f5@group-5F52F902B742: changes role from  FOLLOWER to FOLLOWER at term 158 for recognizeCandidate:abcd8826-c056-4817-bd0f-7af19a46d814
2019-10-17 18:51:04,798 [grpc-default-executor-5] INFO  impl.RoleInfo (RoleInfo.java:shutdownFollowerState(121)) - 73297ffa-40cb-4e3e-b33e-1bc2c1da60f5: shutdown FollowerState
2019-10-17 18:51:04,798 [grpc-default-executor-0] INFO  impl.RaftServerImpl (RaftServerImpl.java:setRole(184)) - b8f04e38-0663-4b1f-8efd-f76585c6e86c@group-5F52F902B742: changes role from  FOLLOWER to FOLLOWER at term 158 for recognizeCandidate:abcd8826-c056-4817-bd0f-7af19a46d814
2019-10-17 18:51:04,799 [grpc-default-executor-0] INFO  impl.RoleInfo (RoleInfo.java:shutdownFollowerState(121)) - b8f04e38-0663-4b1f-8efd-f76585c6e86c: shutdown FollowerState
2019-10-17 18:51:04,799 [Thread-2364] INFO  impl.FollowerState (FollowerState.java:run(117)) - 73297ffa-40cb-4e3e-b33e-1bc2c1da60f5@group-5F52F902B742-FollowerState was interrupted: java.lang.InterruptedException: sleep interrupted
2019-10-17 18:51:04,799 [grpc-default-executor-5] INFO  impl.RoleInfo (RoleInfo.java:updateAndGet(143)) - 73297ffa-40cb-4e3e-b33e-1bc2c1da60f5: start FollowerState
2019-10-17 18:51:04,799 [Thread-2365] INFO  impl.FollowerState (FollowerState.java:run(117)) - b8f04e38-0663-4b1f-8efd-f76585c6e86c@group-5F52F902B742-FollowerState was interrupted: java.lang.InterruptedException: sleep interrupted
2019-10-17 18:51:04,799 [grpc-default-executor-0] INFO  impl.RoleInfo (RoleInfo.java:updateAndGet(143)) - b8f04e38-0663-4b1f-8efd-f76585c6e86c: start FollowerState
2019-10-17 18:51:04,846 [abcd8826-c056-4817-bd0f-7af19a46d814@group-5F52F902B742-LeaderElection292] INFO  impl.LeaderElection (LeaderElection.java:logAndReturn(56)) - abcd8826-c056-4817-bd0f-7af19a46d814@group-5F52F902B742-LeaderElection292: Election REJECTED; received 2 response(s) [abcd8826-c056-4817-bd0f-7af19a46d814<-b8f04e38-0663-4b1f-8efd-f76585c6e86c#0:FAIL-t158, abcd8826-c056-4817-bd0f-7af19a46d814<-73297ffa-40cb-4e3e-b33e-1bc2c1da60f5#0:FAIL-t158] and 0 exception(s); abcd8826-c056-4817-bd0f-7af19a46d814@group-5F52F902B742:t158, leader=null, voted=abcd8826-c056-4817-bd0f-7af19a46d814, raftlog=abcd8826-c056-4817-bd0f-7af19a46d814@group-5F52F902B742-SegmentedRaftLog:OPENED:c-1,f-1,i0, conf=-1: [b8f04e38-0663-4b1f-8efd-f76585c6e86c:192.168.157.251:35700, abcd8826-c056-4817-bd0f-7af19a46d814:192.168.157.251:46496, 73297ffa-40cb-4e3e-b33e-1bc2c1da60f5:192.168.157.251:32952], old=null
2019-10-17 18:51:04,847 [abcd8826-c056-4817-bd0f-7af19a46d814@group-5F52F902B742-LeaderElection292] INFO  impl.RaftServerImpl (RaftServerImpl.java:setRole(184)) - abcd8826-c056-4817-bd0f-7af19a46d814@group-5F52F902B742: changes role from CANDIDATE to FOLLOWER at term 158 for DISCOVERED_A_NEW_TERM
2019-10-17 18:51:04,847 [abcd8826-c056-4817-bd0f-7af19a46d814@group-5F52F902B742-LeaderElection292] INFO  impl.RoleInfo (RoleInfo.java:shutdownLeaderElection(134)) - abcd8826-c056-4817-bd0f-7af19a46d814: shutdown LeaderElection
2019-10-17 18:51:04,847 [abcd8826-c056-4817-bd0f-7af19a46d814@group-5F52F902B742-LeaderElection292] INFO  impl.RoleInfo (RoleInfo.java:updateAndGet(143)) - abcd8826-c056-4817-bd0f-7af19a46d814: start FollowerState
2019-10-17 18:51:04,859 [Thread-2392] INFO  impl.FollowerState (FollowerState.java:run(108)) - a5e79c22-a35f-4e50-b1fd-e91b6a93d74d@group-F775CA5912AC-FollowerState: change to CANDIDATE, lastRpcTime:105ms, electionTimeout:105ms
2019-10-17 18:51:04,859 [Thread-2392] INFO  impl.RoleInfo (RoleInfo.java:shutdownFollowerState(121)) - a5e79c22-a35f-4e50-b1fd-e91b6a93d74d: shutdown FollowerState
2019-10-17 18:51:04,859 [Thread-2392] INFO  impl.RaftServerImpl (RaftServerImpl.java:setRole(184)) - a5e79c22-a35f-4e50-b1fd-e91b6a93d74d@group-F775CA5912AC: changes role from  FOLLOWER to CANDIDATE at term 157 for changeToCandidate
2019-10-17 18:51:04,878 [Thread-2392] INFO  impl.RoleInfo (RoleInfo.java:updateAndGet(143)) - a5e79c22-a35f-4e50-b1fd-e91b6a93d74d: start LeaderElection
2019-10-17 18:51:04,887 [a5e79c22-a35f-4e50-b1fd-e91b6a93d74d@group-F775CA5912AC-LeaderElection293] INFO  impl.LeaderElection (LeaderElection.java:askForVotes(178)) - a5e79c22-a35f-4e50-b1fd-e91b6a93d74d@group-F775CA5912AC-LeaderElection293: begin an election at term 158 for -1: [a5e79c22-a35f-4e50-b1fd-e91b6a93d74d:192.168.157.251:45177, daae7813-f814-475d-9647-a302a5541e36:192.168.157.251:45025, 1e4e1375-1b66-460f-8c99-4c341545a119:192.168.157.251:42113], old=null
2019-10-17 18:51:04,906 [grpc-default-executor-5] INFO  impl.RaftServerImpl (RaftServerImpl.java:setRole(184)) - daae7813-f814-475d-9647-a302a5541e36@group-F775CA5912AC: changes role from  FOLLOWER to FOLLOWER at term 158 for recognizeCandidate:a5e79c22-a35f-4e50-b1fd-e91b6a93d74d
2019-10-17 18:51:04,906 [grpc-default-executor-5] INFO  impl.RoleInfo (RoleInfo.java:shutdownFollowerState(121)) - daae7813-f814-475d-9647-a302a5541e36: shutdown FollowerState
2019-10-17 18:51:04,907 [grpc-default-executor-4] INFO  impl.RaftServerImpl (RaftServerImpl.java:setRole(184)) - 1e4e1375-1b66-460f-8c99-4c341545a119@group-F775CA5912AC: changes role from  FOLLOWER to FOLLOWER at term 158 for recognizeCandidate:a5e79c22-a35f-4e50-b1fd-e91b6a93d74d
2019-10-17 18:51:04,907 [grpc-default-executor-4] INFO  impl.RoleInfo (RoleInfo.java:shutdownFollowerState(121)) - 1e4e1375-1b66-460f-8c99-4c341545a119: shutdown FollowerState
2019-10-17 18:51:04,927 [Thread-2389] INFO  impl.FollowerState (FollowerState.java:run(117)) - 1e4e1375-1b66-460f-8c99-4c341545a119@group-F775CA5912AC-FollowerState was interrupted: java.lang.InterruptedException: sleep interrupted
2019-10-17 18:51:04,927 [grpc-default-executor-5] INFO  impl.RoleInfo (RoleInfo.java:updateAndGet(143)) - daae7813-f814-475d-9647-a302a5541e36: start FollowerState
2019-10-17 18:51:04,927 [grpc-default-executor-4] INFO  impl.RoleInfo (RoleInfo.java:updateAndGet(143)) - 1e4e1375-1b66-460f-8c99-4c341545a119: start FollowerState
2019-10-17 18:51:04,927 [Thread-2388] INFO  impl.FollowerState (FollowerState.java:run(117)) - daae7813-f814-475d-9647-a302a5541e36@group-F775CA5912AC-FollowerState was interrupted: java.lang.InterruptedException: sleep interrupted
2019-10-17 18:51:04,950 [Thread-2398] INFO  impl.FollowerState (FollowerState.java:run(108)) - abcd8826-c056-4817-bd0f-7af19a46d814@group-5F52F902B742-FollowerState: change to CANDIDATE, lastRpcTime:103ms, electionTimeout:103ms
2019-10-17 18:51:04,950 [Thread-2398] INFO  impl.RoleInfo (RoleInfo.java:shutdownFollowerState(121)) - abcd8826-c056-4817-bd0f-7af19a46d814: shutdown FollowerState
2019-10-17 18:51:04,950 [Thread-2398] INFO  impl.RaftServerImpl (RaftServerImpl.java:setRole(184)) - abcd8826-c056-4817-bd0f-7af19a46d814@group-5F52F902B742: changes role from  FOLLOWER to CANDIDATE at term 158 for changeToCandidate
2019-10-17 18:51:04,957 [Thread-2398] INFO  impl.RoleInfo (RoleInfo.java:updateAndGet(143)) - abcd8826-c056-4817-bd0f-7af19a46d814: start LeaderElection
2019-10-17 18:51:04,957 [a5e79c22-a35f-4e50-b1fd-e91b6a93d74d@group-F775CA5912AC-LeaderElection293] INFO  impl.LeaderElection (LeaderElection.java:logAndReturn(56)) - a5e79c22-a35f-4e50-b1fd-e91b6a93d74d@group-F775CA5912AC-LeaderElection293: Election REJECTED; received 2 response(s) [a5e79c22-a35f-4e50-b1fd-e91b6a93d74d<-daae7813-f814-475d-9647-a302a5541e36#0:FAIL-t158, a5e79c22-a35f-4e50-b1fd-e91b6a93d74d<-1e4e1375-1b66-460f-8c99-4c341545a119#0:FAIL-t158] and 0 exception(s); a5e79c22-a35f-4e50-b1fd-e91b6a93d74d@group-F775CA5912AC:t158, leader=null, voted=a5e79c22-a35f-4e50-b1fd-e91b6a93d74d, raftlog=a5e79c22-a35f-4e50-b1fd-e91b6a93d74d@group-F775CA5912AC-SegmentedRaftLog:OPENED:c-1,f-1,i0, conf=-1: [a5e79c22-a35f-4e50-b1fd-e91b6a93d74d:192.168.157.251:45177, daae7813-f814-475d-9647-a302a5541e36:192.168.157.251:45025, 1e4e1375-1b66-460f-8c99-4c341545a119:192.168.157.251:42113], old=null
2019-10-17 18:51:04,958 [a5e79c22-a35f-4e50-b1fd-e91b6a93d74d@group-F775CA5912AC-LeaderElection293] INFO  impl.RaftServerImpl (RaftServerImpl.java:setRole(184)) - a5e79c22-a35f-4e50-b1fd-e91b6a93d74d@group-F775CA5912AC: changes role from CANDIDATE to FOLLOWER at term 158 for DISCOVERED_A_NEW_TERM
2019-10-17 18:51:04,958 [a5e79c22-a35f-4e50-b1fd-e91b6a93d74d@group-F775CA5912AC-LeaderElection293] INFO  impl.RoleInfo (RoleInfo.java:shutdownLeaderElection(134)) - a5e79c22-a35f-4e50-b1fd-e91b6a93d74d: shutdown LeaderElection
2019-10-17 18:51:04,958 [a5e79c22-a35f-4e50-b1fd-e91b6a93d74d@group-F775CA5912AC-LeaderElection293] INFO  impl.RoleInfo (RoleInfo.java:updateAndGet(143)) - a5e79c22-a35f-4e50-b1fd-e91b6a93d74d: start FollowerState
2019-10-17 18:51:04,983 [abcd8826-c056-4817-bd0f-7af19a46d814@group-5F52F902B742-LeaderElection294] INFO  impl.LeaderElection (LeaderElection.java:askForVotes(178)) - abcd8826-c056-4817-bd0f-7af19a46d814@group-5F52F902B742-LeaderElection294: begin an election at term 159 for -1: [b8f04e38-0663-4b1f-8efd-f76585c6e86c:192.168.157.251:35700, abcd8826-c056-4817-bd0f-7af19a46d814:192.168.157.251:46496, 73297ffa-40cb-4e3e-b33e-1bc2c1da60f5:192.168.157.251:32952], old=null
2019-10-17 18:51:04,988 [grpc-default-executor-5] INFO  impl.RaftServerImpl (RaftServerImpl.java:setRole(184)) - b8f04e38-0663-4b1f-8efd-f76585c6e86c@group-5F52F902B742: changes role from  FOLLOWER to FOLLOWER at term 159 for recognizeCandidate:abcd8826-c056-4817-bd0f-7af19a46d814
2019-10-17 18:51:04,988 [grpc-default-executor-5] INFO  impl.RoleInfo (RoleInfo.java:shutdownFollowerState(121)) - b8f04e38-0663-4b1f-8efd-f76585c6e86c: shutdown FollowerState
2019-10-17 18:51:04,988 [grpc-default-executor-5] INFO  impl.RoleInfo (RoleInfo.java:updateAndGet(143)) - b8f04e38-0663-4b1f-8efd-f76585c6e86c: start FollowerState
2019-10-17 18:51:04,988 [Thread-2397] INFO  impl.FollowerState (FollowerState.java:run(117)) - b8f04e38-0663-4b1f-8efd-f76585c6e86c@group-5F52F902B742-FollowerState was interrupted: java.lang.InterruptedException: sleep interrupted
2019-10-17 18:51:04,989 [grpc-default-executor-2] INFO  impl.RaftServerImpl (RaftServerImpl.java:setRole(184)) - 73297ffa-40cb-4e3e-b33e-1bc2c1da60f5@group-5F52F902B742: changes role from  FOLLOWER to FOLLOWER at term 159 for recognizeCandidate:abcd8826-c056-4817-bd0f-7af19a46d814
2019-10-17 18:51:04,989 [grpc-default-executor-2] INFO  impl.RoleInfo (RoleInfo.java:shutdownFollowerState(121)) - 73297ffa-40cb-4e3e-b33e-1bc2c1da60f5: shutdown FollowerState
2019-10-17 18:51:04,989 [grpc-default-executor-2] INFO  impl.RoleInfo (RoleInfo.java:updateAndGet(143)) - 73297ffa-40cb-4e3e-b33e-1bc2c1da60f5: start FollowerState
2019-10-17 18:51:04,989 [Thread-2396] INFO  impl.FollowerState (FollowerState.java:run(117)) - 73297ffa-40cb-4e3e-b33e-1bc2c1da60f5@group-5F52F902B742-FollowerState was interrupted: java.lang.InterruptedException: sleep interrupted
2019-10-17 18:51:04,997 [Thread-2410] INFO  impl.FollowerState (FollowerState.java:run(108)) - a5e79c22-a35f-4e50-b1fd-e91b6a93d74d@group-F775CA5912AC-FollowerState: change to CANDIDATE, lastRpcTime:38ms, electionTimeout:38ms
2019-10-17 18:51:04,997 [Thread-2410] INFO  impl.RoleInfo (RoleInfo.java:shutdownFollowerState(121)) - a5e79c22-a35f-4e50-b1fd-e91b6a93d74d: shutdown FollowerState
2019-10-17 18:51:04,997 [Thread-2410] INFO  impl.RaftServerImpl (RaftServerImpl.java:setRole(184)) - a5e79c22-a35f-4e50-b1fd-e91b6a93d74d@group-F775CA5912AC: changes role from  FOLLOWER to CANDIDATE at term 158 for changeToCandidate
2019-10-17 18:51:05,011 [Thread-2410] INFO  impl.RoleInfo (RoleInfo.java:updateAndGet(143)) - a5e79c22-a35f-4e50-b1fd-e91b6a93d74d: start LeaderElection
2019-10-17 18:51:05,024 [a5e79c22-a35f-4e50-b1fd-e91b6a93d74d@group-F775CA5912AC-LeaderElection295] INFO  impl.LeaderElection (LeaderElection.java:askForVotes(178)) - a5e79c22-a35f-4e50-b1fd-e91b6a93d74d@group-F775CA5912AC-LeaderElection295: begin an election at term 159 for -1: [a5e79c22-a35f-4e50-b1fd-e91b6a93d74d:192.168.157.251:45177, daae7813-f814-475d-9647-a302a5541e36:192.168.157.251:45025, 1e4e1375-1b66-460f-8c99-4c341545a119:192.168.157.251:42113], old=null
2019-10-17 18:51:05,025 [abcd8826-c056-4817-bd0f-7af19a46d814@group-5F52F902B742-LeaderElection294] INFO  impl.LeaderElection (LeaderElection.java:logAndReturn(56)) - abcd8826-c056-4817-bd0f-7af19a46d814@group-5F52F902B742-LeaderElection294: Election REJECTED; received 2 response(s) [abcd8826-c056-4817-bd0f-7af19a46d814<-b8f04e38-0663-4b1f-8efd-f76585c6e86c#0:FAIL-t159, abcd8826-c056-4817-bd0f-7af19a46d814<-73297ffa-40cb-4e3e-b33e-1bc2c1da60f5#0:FAIL-t159] and 0 exception(s); abcd8826-c056-4817-bd0f-7af19a46d814@group-5F52F902B742:t159, leader=null, voted=abcd8826-c056-4817-bd0f-7af19a46d814, raftlog=abcd8826-c056-4817-bd0f-7af19a46d814@group-5F52F902B742-SegmentedRaftLog:OPENED:c-1,f-1,i0, conf=-1: [b8f04e38-0663-4b1f-8efd-f76585c6e86c:192.168.157.251:35700, abcd8826-c056-4817-bd0f-7af19a46d814:192.168.157.251:46496, 73297ffa-40cb-4e3e-b33e-1bc2c1da60f5:192.168.157.251:32952], old=null
2019-10-17 18:51:05,045 [abcd8826-c056-4817-bd0f-7af19a46d814@group-5F52F902B742-LeaderElection294] INFO  impl.RaftServerImpl (RaftServerImpl.java:setRole(184)) - abcd8826-c056-4817-bd0f-7af19a46d814@group-5F52F902B742: changes role from CANDIDATE to FOLLOWER at term 159 for DISCOVERED_A_NEW_TERM
2019-10-17 18:51:05,045 [abcd8826-c056-4817-bd0f-7af19a46d814@group-5F52F902B742-LeaderElection294] INFO  impl.RoleInfo (RoleInfo.java:shutdownLeaderElection(134)) - abcd8826-c056-4817-bd0f-7af19a46d814: shutdown LeaderElection
2019-10-17 18:51:05,046 [grpc-default-executor-2] INFO  impl.RaftServerImpl (RaftServerImpl.java:setRole(184)) - 1e4e1375-1b66-460f-8c99-4c341545a119@group-F775CA5912AC: changes role from  FOLLOWER to FOLLOWER at term 159 for recognizeCandidate:a5e79c22-a35f-4e50-b1fd-e91b6a93d74d
2019-10-17 18:51:05,046 [grpc-default-executor-5] INFO  impl.RaftServerImpl (RaftServerImpl.java:setRole(184)) - daae7813-f814-475d-9647-a302a5541e36@group-F775CA5912AC: changes role from  FOLLOWER to FOLLOWER at term 159 for recognizeCandidate:a5e79c22-a35f-4e50-b1fd-e91b6a93d74d
2019-10-17 18:51:05,046 [grpc-default-executor-2] INFO  impl.RoleInfo (RoleInfo.java:shutdownFollowerState(121)) - 1e4e1375-1b66-460f-8c99-4c341545a119: shutdown FollowerState
2019-10-17 18:51:05,046 [grpc-default-executor-5] INFO  impl.RoleInfo (RoleInfo.java:shutdownFollowerState(121)) - daae7813-f814-475d-9647-a302a5541e36: shutdown FollowerState
2019-10-17 18:51:05,070 [abcd8826-c056-4817-bd0f-7af19a46d814@group-5F52F902B742-LeaderElection294] INFO  impl.RoleInfo (RoleInfo.java:updateAndGet(143)) - abcd8826-c056-4817-bd0f-7af19a46d814: start FollowerState
2019-10-17 18:51:05,071 [Thread-2404] INFO  impl.FollowerState (FollowerState.java:run(117)) - daae7813-f814-475d-9647-a302a5541e36@group-F775CA5912AC-FollowerState was interrupted: java.lang.InterruptedException: sleep interrupted
2019-10-17 18:51:05,071 [grpc-default-executor-5] INFO  impl.RoleInfo (RoleInfo.java:updateAndGet(143)) - daae7813-f814-475d-9647-a302a5541e36: start FollowerState
2019-10-17 18:51:05,071 [Thread-2403] INFO  impl.FollowerState (FollowerState.java:run(117)) - 1e4e1375-1b66-460f-8c99-4c341545a119@group-F775CA5912AC-FollowerState was interrupted: java.lang.InterruptedException: sleep interrupted
2019-10-17 18:51:05,071 [grpc-default-executor-2] INFO  impl.RoleInfo (RoleInfo.java:updateAndGet(143)) - 1e4e1375-1b66-460f-8c99-4c341545a119: start FollowerState
2019-10-17 18:51:05,103 [a5e79c22-a35f-4e50-b1fd-e91b6a93d74d@group-F775CA5912AC-LeaderElection295] INFO  impl.LeaderElection (LeaderElection.java:logAndReturn(56)) - a5e79c22-a35f-4e50-b1fd-e91b6a93d74d@group-F775CA5912AC-LeaderElection295: Election REJECTED; received 2 response(s) [a5e79c22-a35f-4e50-b1fd-e91b6a93d74d<-daae7813-f814-475d-9647-a302a5541e36#0:FAIL-t159, a5e79c22-a35f-4e50-b1fd-e91b6a93d74d<-1e4e1375-1b66-460f-8c99-4c341545a119#0:FAIL-t159] and 0 exception(s); a5e79c22-a35f-4e50-b1fd-e91b6a93d74d@group-F775CA5912AC:t159, leader=null, voted=a5e79c22-a35f-4e50-b1fd-e91b6a93d74d, raftlog=a5e79c22-a35f-4e50-b1fd-e91b6a93d74d@group-F775CA5912AC-SegmentedRaftLog:OPENED:c-1,f-1,i0, conf=-1: [a5e79c22-a35f-4e50-b1fd-e91b6a93d74d:192.168.157.251:45177, daae7813-f814-475d-9647-a302a5541e36:192.168.157.251:45025, 1e4e1375-1b66-460f-8c99-4c341545a119:192.168.157.251:42113], old=null
2019-10-17 18:51:05,103 [a5e79c22-a35f-4e50-b1fd-e91b6a93d74d@group-F775CA5912AC-LeaderElection295] INFO  impl.RaftServerImpl (RaftServerImpl.java:setRole(184)) - a5e79c22-a35f-4e50-b1fd-e91b6a93d74d@group-F775CA5912AC: changes role from CANDIDATE to FOLLOWER at term 159 for DISCOVERED_A_NEW_TERM
2019-10-17 18:51:05,103 [a5e79c22-a35f-4e50-b1fd-e91b6a93d74d@group-F775CA5912AC-LeaderElection295] INFO  impl.RoleInfo (RoleInfo.java:shutdownLeaderElection(134)) - a5e79c22-a35f-4e50-b1fd-e91b6a93d74d: shutdown LeaderElection
2019-10-17 18:51:05,103 [a5e79c22-a35f-4e50-b1fd-e91b6a93d74d@group-F775CA5912AC-LeaderElection295] INFO  impl.RoleInfo (RoleInfo.java:updateAndGet(143)) - a5e79c22-a35f-4e50-b1fd-e91b6a93d74d: start FollowerState
2019-10-17 18:51:05,140 [main] INFO  ozone.MiniOzoneClusterImpl (MiniOzoneClusterImpl.java:shutdown(314)) - Shutting down the Mini Ozone Cluster
2019-10-17 18:51:05,140 [main] INFO  ozone.MiniOzoneClusterImpl (MiniOzoneClusterImpl.java:stop(330)) - Stopping the Mini Ozone Cluster
2019-10-17 18:51:05,140 [main] INFO  ozone.MiniOzoneClusterImpl (MiniOzoneClusterImpl.java:stopOM(400)) - Stopping the OzoneManager
2019-10-17 18:51:05,140 [main] INFO  ipc.Server (Server.java:stop(3082)) - Stopping server on 41382
2019-10-17 18:51:05,143 [Thread-2440] INFO  impl.FollowerState (FollowerState.java:run(108)) - a5e79c22-a35f-4e50-b1fd-e91b6a93d74d@group-F775CA5912AC-FollowerState: change to CANDIDATE, lastRpcTime:40ms, electionTimeout:38ms
2019-10-17 18:51:05,144 [Thread-2440] INFO  impl.RoleInfo (RoleInfo.java:shutdownFollowerState(121)) - a5e79c22-a35f-4e50-b1fd-e91b6a93d74d: shutdown FollowerState
2019-10-17 18:51:05,147 [Thread-2440] INFO  impl.RaftServerImpl (RaftServerImpl.java:setRole(184)) - a5e79c22-a35f-4e50-b1fd-e91b6a93d74d@group-F775CA5912AC: changes role from  FOLLOWER to CANDIDATE at term 159 for changeToCandidate
2019-10-17 18:51:05,148 [Thread-2435] INFO  impl.FollowerState (FollowerState.java:run(108)) - abcd8826-c056-4817-bd0f-7af19a46d814@group-5F52F902B742-FollowerState: change to CANDIDATE, lastRpcTime:78ms, electionTimeout:76ms
2019-10-17 18:51:05,156 [Thread-2440] INFO  impl.RoleInfo (RoleInfo.java:updateAndGet(143)) - a5e79c22-a35f-4e50-b1fd-e91b6a93d74d: start LeaderElection
2019-10-17 18:51:05,158 [IPC Server listener on 41382] INFO  ipc.Server (Server.java:run(1185)) - Stopping IPC Server listener on 41382
2019-10-17 18:51:05,156 [Thread-2435] INFO  impl.RoleInfo (RoleInfo.java:shutdownFollowerState(121)) - abcd8826-c056-4817-bd0f-7af19a46d814: shutdown FollowerState
2019-10-17 18:51:05,162 [main] INFO  ratis.OzoneManagerDoubleBuffer (OzoneManagerDoubleBuffer.java:stop(250)) - Stopping OMDoubleBuffer flush thread
2019-10-17 18:51:05,169 [IPC Server Responder] INFO  ipc.Server (Server.java:run(1319)) - Stopping IPC Server Responder
2019-10-17 18:51:05,169 [Thread-2435] INFO  impl.RaftServerImpl (RaftServerImpl.java:setRole(184)) - abcd8826-c056-4817-bd0f-7af19a46d814@group-5F52F902B742: changes role from  FOLLOWER to CANDIDATE at term 159 for changeToCandidate
2019-10-17 18:51:05,169 [OMDoubleBufferFlushThread] INFO  ratis.OzoneManagerDoubleBuffer (OzoneManagerDoubleBuffer.java:flushTransactions(193)) - OMDoubleBuffer flush thread OMDoubleBufferFlushThread is interrupted and will exit. OMDoubleBufferFlushThread
2019-10-17 18:51:05,177 [Thread-2435] INFO  impl.RoleInfo (RoleInfo.java:updateAndGet(143)) - abcd8826-c056-4817-bd0f-7af19a46d814: start LeaderElection
2019-10-17 18:51:05,180 [main] INFO  utils.BackgroundService (BackgroundService.java:shutdown(151)) - Shutting down service KeyDeletingService
2019-10-17 18:51:05,184 [main] INFO  handler.ContextHandler (ContextHandler.java:doStop(910)) - Stopped o.e.j.w.WebAppContext@12db3386{/,null,UNAVAILABLE}{/ozoneManager}
2019-10-17 18:51:05,189 [main] INFO  server.AbstractConnector (AbstractConnector.java:doStop(318)) - Stopped ServerConnector@4078695f{HTTP/1.1,[http/1.1]}{0.0.0.0:0}
2019-10-17 18:51:05,189 [main] INFO  handler.ContextHandler (ContextHandler.java:doStop(910)) - Stopped o.e.j.s.ServletContextHandler@30b2b76f{/static,file:///workdir/hadoop-ozone/integration-test/target/test-classes/webapps/static,UNAVAILABLE}
2019-10-17 18:51:05,190 [main] INFO  handler.ContextHandler (ContextHandler.java:doStop(910)) - Stopped o.e.j.s.ServletContextHandler@6b63d445{/logs,file:///workdir/hadoop-ozone/integration-test/target/log,UNAVAILABLE}
2019-10-17 18:51:05,192 [abcd8826-c056-4817-bd0f-7af19a46d814@group-5F52F902B742-LeaderElection297] INFO  impl.LeaderElection (LeaderElection.java:askForVotes(178)) - abcd8826-c056-4817-bd0f-7af19a46d814@group-5F52F902B742-LeaderElection297: begin an election at term 160 for -1: [b8f04e38-0663-4b1f-8efd-f76585c6e86c:192.168.157.251:35700, abcd8826-c056-4817-bd0f-7af19a46d814:192.168.157.251:46496, 73297ffa-40cb-4e3e-b33e-1bc2c1da60f5:192.168.157.251:32952], old=null
2019-10-17 18:51:05,192 [a5e79c22-a35f-4e50-b1fd-e91b6a93d74d@group-F775CA5912AC-LeaderElection296] INFO  impl.LeaderElection (LeaderElection.java:askForVotes(178)) - a5e79c22-a35f-4e50-b1fd-e91b6a93d74d@group-F775CA5912AC-LeaderElection296: begin an election at term 160 for -1: [a5e79c22-a35f-4e50-b1fd-e91b6a93d74d:192.168.157.251:45177, daae7813-f814-475d-9647-a302a5541e36:192.168.157.251:45025, 1e4e1375-1b66-460f-8c99-4c341545a119:192.168.157.251:42113], old=null
2019-10-17 18:51:05,196 [grpc-default-executor-2] INFO  impl.RaftServerImpl (RaftServerImpl.java:setRole(184)) - 73297ffa-40cb-4e3e-b33e-1bc2c1da60f5@group-5F52F902B742: changes role from  FOLLOWER to FOLLOWER at term 160 for recognizeCandidate:abcd8826-c056-4817-bd0f-7af19a46d814
2019-10-17 18:51:05,196 [grpc-default-executor-5] INFO  impl.RaftServerImpl (RaftServerImpl.java:setRole(184)) - b8f04e38-0663-4b1f-8efd-f76585c6e86c@group-5F52F902B742: changes role from  FOLLOWER to FOLLOWER at term 160 for recognizeCandidate:abcd8826-c056-4817-bd0f-7af19a46d814
2019-10-17 18:51:05,196 [grpc-default-executor-2] INFO  impl.RoleInfo (RoleInfo.java:shutdownFollowerState(121)) - 73297ffa-40cb-4e3e-b33e-1bc2c1da60f5: shutdown FollowerState
2019-10-17 18:51:05,196 [grpc-default-executor-5] INFO  impl.RoleInfo (RoleInfo.java:shutdownFollowerState(121)) - b8f04e38-0663-4b1f-8efd-f76585c6e86c: shutdown FollowerState
2019-10-17 18:51:05,197 [Thread-2425] INFO  impl.FollowerState (FollowerState.java:run(117)) - 73297ffa-40cb-4e3e-b33e-1bc2c1da60f5@group-5F52F902B742-FollowerState was interrupted: java.lang.InterruptedException: sleep interrupted
2019-10-17 18:51:05,197 [grpc-default-executor-2] INFO  impl.RoleInfo (RoleInfo.java:updateAndGet(143)) - 73297ffa-40cb-4e3e-b33e-1bc2c1da60f5: start FollowerState
2019-10-17 18:51:05,197 [Thread-2423] INFO  impl.FollowerState (FollowerState.java:run(117)) - b8f04e38-0663-4b1f-8efd-f76585c6e86c@group-5F52F902B742-FollowerState was interrupted: java.lang.InterruptedException: sleep interrupted
2019-10-17 18:51:05,197 [grpc-default-executor-0] INFO  impl.RaftServerImpl (RaftServerImpl.java:setRole(184)) - daae7813-f814-475d-9647-a302a5541e36@group-F775CA5912AC: changes role from  FOLLOWER to FOLLOWER at term 160 for recognizeCandidate:a5e79c22-a35f-4e50-b1fd-e91b6a93d74d
2019-10-17 18:51:05,197 [grpc-default-executor-5] INFO  impl.RoleInfo (RoleInfo.java:updateAndGet(143)) - b8f04e38-0663-4b1f-8efd-f76585c6e86c: start FollowerState
2019-10-17 18:51:05,197 [grpc-default-executor-0] INFO  impl.RoleInfo (RoleInfo.java:shutdownFollowerState(121)) - daae7813-f814-475d-9647-a302a5541e36: shutdown FollowerState
2019-10-17 18:51:05,197 [grpc-default-executor-6] INFO  impl.RaftServerImpl (RaftServerImpl.java:setRole(184)) - 1e4e1375-1b66-460f-8c99-4c341545a119@group-F775CA5912AC: changes role from  FOLLOWER to FOLLOWER at term 160 for recognizeCandidate:a5e79c22-a35f-4e50-b1fd-e91b6a93d74d
2019-10-17 18:51:05,197 [grpc-default-executor-0] INFO  impl.RoleInfo (RoleInfo.java:updateAndGet(143)) - daae7813-f814-475d-9647-a302a5541e36: start FollowerState
2019-10-17 18:51:05,197 [Thread-2436] INFO  impl.FollowerState (FollowerState.java:run(117)) - daae7813-f814-475d-9647-a302a5541e36@group-F775CA5912AC-FollowerState was interrupted: java.lang.InterruptedException: sleep interrupted
2019-10-17 18:51:05,198 [grpc-default-executor-6] INFO  impl.RoleInfo (RoleInfo.java:shutdownFollowerState(121)) - 1e4e1375-1b66-460f-8c99-4c341545a119: shutdown FollowerState
2019-10-17 18:51:05,198 [grpc-default-executor-6] INFO  impl.RoleInfo (RoleInfo.java:updateAndGet(143)) - 1e4e1375-1b66-460f-8c99-4c341545a119: start FollowerState
2019-10-17 18:51:05,198 [Thread-2437] INFO  impl.FollowerState (FollowerState.java:run(117)) - 1e4e1375-1b66-460f-8c99-4c341545a119@group-F775CA5912AC-FollowerState was interrupted: java.lang.InterruptedException: sleep interrupted
2019-10-17 18:51:05,200 [main] INFO  ozone.MiniOzoneClusterImpl (MiniOzoneClusterImpl.java:stopDatanodes(377)) - Stopping the HddsDatanodes
2019-10-17 18:51:05,219 [a5e79c22-a35f-4e50-b1fd-e91b6a93d74d@group-F775CA5912AC-LeaderElection296] INFO  impl.LeaderElection (LeaderElection.java:logAndReturn(56)) - a5e79c22-a35f-4e50-b1fd-e91b6a93d74d@group-F775CA5912AC-LeaderElection296: Election REJECTED; received 2 response(s) [a5e79c22-a35f-4e50-b1fd-e91b6a93d74d<-daae7813-f814-475d-9647-a302a5541e36#0:FAIL-t160, a5e79c22-a35f-4e50-b1fd-e91b6a93d74d<-1e4e1375-1b66-460f-8c99-4c341545a119#0:FAIL-t160] and 0 exception(s); a5e79c22-a35f-4e50-b1fd-e91b6a93d74d@group-F775CA5912AC:t160, leader=null, voted=a5e79c22-a35f-4e50-b1fd-e91b6a93d74d, raftlog=a5e79c22-a35f-4e50-b1fd-e91b6a93d74d@group-F775CA5912AC-SegmentedRaftLog:OPENED:c-1,f-1,i0, conf=-1: [a5e79c22-a35f-4e50-b1fd-e91b6a93d74d:192.168.157.251:45177, daae7813-f814-475d-9647-a302a5541e36:192.168.157.251:45025, 1e4e1375-1b66-460f-8c99-4c341545a119:192.168.157.251:42113], old=null
2019-10-17 18:51:05,219 [abcd8826-c056-4817-bd0f-7af19a46d814@group-5F52F902B742-LeaderElection297] INFO  impl.LeaderElection (LeaderElection.java:logAndReturn(56)) - abcd8826-c056-4817-bd0f-7af19a46d814@group-5F52F902B742-LeaderElection297: Election REJECTED; received 2 response(s) [abcd8826-c056-4817-bd0f-7af19a46d814<-b8f04e38-0663-4b1f-8efd-f76585c6e86c#0:FAIL-t160, abcd8826-c056-4817-bd0f-7af19a46d814<-73297ffa-40cb-4e3e-b33e-1bc2c1da60f5#0:FAIL-t160] and 0 exception(s); abcd8826-c056-4817-bd0f-7af19a46d814@group-5F52F902B742:t160, leader=null, voted=abcd8826-c056-4817-bd0f-7af19a46d814, raftlog=abcd8826-c056-4817-bd0f-7af19a46d814@group-5F52F902B742-SegmentedRaftLog:OPENED:c-1,f-1,i0, conf=-1: [b8f04e38-0663-4b1f-8efd-f76585c6e86c:192.168.157.251:35700, abcd8826-c056-4817-bd0f-7af19a46d814:192.168.157.251:46496, 73297ffa-40cb-4e3e-b33e-1bc2c1da60f5:192.168.157.251:32952], old=null
2019-10-17 18:51:05,219 [a5e79c22-a35f-4e50-b1fd-e91b6a93d74d@group-F775CA5912AC-LeaderElection296] INFO  impl.RaftServerImpl (RaftServerImpl.java:setRole(184)) - a5e79c22-a35f-4e50-b1fd-e91b6a93d74d@group-F775CA5912AC: changes role from CANDIDATE to FOLLOWER at term 160 for DISCOVERED_A_NEW_TERM
2019-10-17 18:51:05,220 [abcd8826-c056-4817-bd0f-7af19a46d814@group-5F52F902B742-LeaderElection297] INFO  impl.RaftServerImpl (RaftServerImpl.java:setRole(184)) - abcd8826-c056-4817-bd0f-7af19a46d814@group-5F52F902B742: changes role from CANDIDATE to FOLLOWER at term 160 for DISCOVERED_A_NEW_TERM
2019-10-17 18:51:05,220 [a5e79c22-a35f-4e50-b1fd-e91b6a93d74d@group-F775CA5912AC-LeaderElection296] INFO  impl.RoleInfo (RoleInfo.java:shutdownLeaderElection(134)) - a5e79c22-a35f-4e50-b1fd-e91b6a93d74d: shutdown LeaderElection
2019-10-17 18:51:05,220 [abcd8826-c056-4817-bd0f-7af19a46d814@group-5F52F902B742-LeaderElection297] INFO  impl.RoleInfo (RoleInfo.java:shutdownLeaderElection(134)) - abcd8826-c056-4817-bd0f-7af19a46d814: shutdown LeaderElection
2019-10-17 18:51:05,220 [a5e79c22-a35f-4e50-b1fd-e91b6a93d74d@group-F775CA5912AC-LeaderElection296] INFO  impl.RoleInfo (RoleInfo.java:updateAndGet(143)) - a5e79c22-a35f-4e50-b1fd-e91b6a93d74d: start FollowerState
2019-10-17 18:51:05,220 [abcd8826-c056-4817-bd0f-7af19a46d814@group-5F52F902B742-LeaderElection297] INFO  impl.RoleInfo (RoleInfo.java:updateAndGet(143)) - abcd8826-c056-4817-bd0f-7af19a46d814: start FollowerState
2019-10-17 18:51:05,374 [Thread-2452] INFO  impl.FollowerState (FollowerState.java:run(108)) - abcd8826-c056-4817-bd0f-7af19a46d814@group-5F52F902B742-FollowerState: change to CANDIDATE, lastRpcTime:154ms, electionTimeout:154ms
2019-10-17 18:51:05,374 [Thread-2452] INFO  impl.RoleInfo (RoleInfo.java:shutdownFollowerState(121)) - abcd8826-c056-4817-bd0f-7af19a46d814: shutdown FollowerState
2019-10-17 18:51:05,375 [Thread-2452] INFO  impl.RaftServerImpl (RaftServerImpl.java:setRole(184)) - abcd8826-c056-4817-bd0f-7af19a46d814@group-5F52F902B742: changes role from  FOLLOWER to CANDIDATE at term 160 for changeToCandidate
2019-10-17 18:51:05,375 [Thread-2452] INFO  impl.RoleInfo (RoleInfo.java:updateAndGet(143)) - abcd8826-c056-4817-bd0f-7af19a46d814: start LeaderElection
2019-10-17 18:51:05,399 [abcd8826-c056-4817-bd0f-7af19a46d814@group-5F52F902B742-LeaderElection298] INFO  impl.LeaderElection (LeaderElection.java:askForVotes(178)) - abcd8826-c056-4817-bd0f-7af19a46d814@group-5F52F902B742-LeaderElection298: begin an election at term 161 for -1: [b8f04e38-0663-4b1f-8efd-f76585c6e86c:192.168.157.251:35700, abcd8826-c056-4817-bd0f-7af19a46d814:192.168.157.251:46496, 73297ffa-40cb-4e3e-b33e-1bc2c1da60f5:192.168.157.251:32952], old=null
2019-10-17 18:51:05,401 [grpc-default-executor-0] INFO  impl.RaftServerImpl (RaftServerImpl.java:setRole(184)) - 73297ffa-40cb-4e3e-b33e-1bc2c1da60f5@group-5F52F902B742: changes role from  FOLLOWER to FOLLOWER at term 161 for recognizeCandidate:abcd8826-c056-4817-bd0f-7af19a46d814
2019-10-17 18:51:05,401 [grpc-default-executor-5] INFO  impl.RaftServerImpl (RaftServerImpl.java:setRole(184)) - b8f04e38-0663-4b1f-8efd-f76585c6e86c@group-5F52F902B742: changes role from  FOLLOWER to FOLLOWER at term 161 for recognizeCandidate:abcd8826-c056-4817-bd0f-7af19a46d814
2019-10-17 18:51:05,401 [grpc-default-executor-5] INFO  impl.RoleInfo (RoleInfo.java:shutdownFollowerState(121)) - b8f04e38-0663-4b1f-8efd-f76585c6e86c: shutdown FollowerState
2019-10-17 18:51:05,401 [Thread-2451] INFO  impl.FollowerState (FollowerState.java:run(108)) - a5e79c22-a35f-4e50-b1fd-e91b6a93d74d@group-F775CA5912AC-FollowerState: change to CANDIDATE, lastRpcTime:181ms, electionTimeout:181ms
2019-10-17 18:51:05,401 [grpc-default-executor-0] INFO  impl.RoleInfo (RoleInfo.java:shutdownFollowerState(121)) - 73297ffa-40cb-4e3e-b33e-1bc2c1da60f5: shutdown FollowerState
2019-10-17 18:51:05,401 [Thread-2451] INFO  impl.RoleInfo (RoleInfo.java:shutdownFollowerState(121)) - a5e79c22-a35f-4e50-b1fd-e91b6a93d74d: shutdown FollowerState
2019-10-17 18:51:05,401 [Thread-2448] INFO  impl.FollowerState (FollowerState.java:run(117)) - b8f04e38-0663-4b1f-8efd-f76585c6e86c@group-5F52F902B742-FollowerState was interrupted: java.lang.InterruptedException: sleep interrupted
2019-10-17 18:51:05,401 [grpc-default-executor-5] INFO  impl.RoleInfo (RoleInfo.java:updateAndGet(143)) - b8f04e38-0663-4b1f-8efd-f76585c6e86c: start FollowerState
2019-10-17 18:51:05,402 [Thread-2451] INFO  impl.RaftServerImpl (RaftServerImpl.java:setRole(184)) - a5e79c22-a35f-4e50-b1fd-e91b6a93d74d@group-F775CA5912AC: changes role from  FOLLOWER to CANDIDATE at term 160 for changeToCandidate
2019-10-17 18:51:05,401 [grpc-default-executor-0] INFO  impl.RoleInfo (RoleInfo.java:updateAndGet(143)) - 73297ffa-40cb-4e3e-b33e-1bc2c1da60f5: start FollowerState
2019-10-17 18:51:05,401 [Thread-2447] INFO  impl.FollowerState (FollowerState.java:run(117)) - 73297ffa-40cb-4e3e-b33e-1bc2c1da60f5@group-5F52F902B742-FollowerState was interrupted: java.lang.InterruptedException: sleep interrupted
2019-10-17 18:51:05,402 [Thread-2451] INFO  impl.RoleInfo (RoleInfo.java:updateAndGet(143)) - a5e79c22-a35f-4e50-b1fd-e91b6a93d74d: start LeaderElection
2019-10-17 18:51:05,416 [a5e79c22-a35f-4e50-b1fd-e91b6a93d74d@group-F775CA5912AC-LeaderElection299] INFO  impl.LeaderElection (LeaderElection.java:askForVotes(178)) - a5e79c22-a35f-4e50-b1fd-e91b6a93d74d@group-F775CA5912AC-LeaderElection299: begin an election at term 161 for -1: [a5e79c22-a35f-4e50-b1fd-e91b6a93d74d:192.168.157.251:45177, daae7813-f814-475d-9647-a302a5541e36:192.168.157.251:45025, 1e4e1375-1b66-460f-8c99-4c341545a119:192.168.157.251:42113], old=null
2019-10-17 18:51:05,417 [abcd8826-c056-4817-bd0f-7af19a46d814@group-5F52F902B742-LeaderElection298] INFO  impl.LeaderElection (LeaderElection.java:logAndReturn(56)) - abcd8826-c056-4817-bd0f-7af19a46d814@group-5F52F902B742-LeaderElection298: Election REJECTED; received 2 response(s) [abcd8826-c056-4817-bd0f-7af19a46d814<-b8f04e38-0663-4b1f-8efd-f76585c6e86c#0:FAIL-t161, abcd8826-c056-4817-bd0f-7af19a46d814<-73297ffa-40cb-4e3e-b33e-1bc2c1da60f5#0:FAIL-t161] and 0 exception(s); abcd8826-c056-4817-bd0f-7af19a46d814@group-5F52F902B742:t161, leader=null, voted=abcd8826-c056-4817-bd0f-7af19a46d814, raftlog=abcd8826-c056-4817-bd0f-7af19a46d814@group-5F52F902B742-SegmentedRaftLog:OPENED:c-1,f-1,i0, conf=-1: [b8f04e38-0663-4b1f-8efd-f76585c6e86c:192.168.157.251:35700, abcd8826-c056-4817-bd0f-7af19a46d814:192.168.157.251:46496, 73297ffa-40cb-4e3e-b33e-1bc2c1da60f5:192.168.157.251:32952], old=null
2019-10-17 18:51:05,417 [abcd8826-c056-4817-bd0f-7af19a46d814@group-5F52F902B742-LeaderElection298] INFO  impl.RaftServerImpl (RaftServerImpl.java:setRole(184)) - abcd8826-c056-4817-bd0f-7af19a46d814@group-5F52F902B742: changes role from CANDIDATE to FOLLOWER at term 161 for DISCOVERED_A_NEW_TERM
2019-10-17 18:51:05,417 [abcd8826-c056-4817-bd0f-7af19a46d814@group-5F52F902B742-LeaderElection298] INFO  impl.RoleInfo (RoleInfo.java:shutdownLeaderElection(134)) - abcd8826-c056-4817-bd0f-7af19a46d814: shutdown LeaderElection
2019-10-17 18:51:05,417 [abcd8826-c056-4817-bd0f-7af19a46d814@group-5F52F902B742-LeaderElection298] INFO  impl.RoleInfo (RoleInfo.java:updateAndGet(143)) - abcd8826-c056-4817-bd0f-7af19a46d814: start FollowerState
2019-10-17 18:51:05,417 [grpc-default-executor-5] INFO  impl.RaftServerImpl (RaftServerImpl.java:setRole(184)) - daae7813-f814-475d-9647-a302a5541e36@group-F775CA5912AC: changes role from  FOLLOWER to FOLLOWER at term 161 for recognizeCandidate:a5e79c22-a35f-4e50-b1fd-e91b6a93d74d
2019-10-17 18:51:05,418 [grpc-default-executor-5] INFO  impl.RoleInfo (RoleInfo.java:shutdownFollowerState(121)) - daae7813-f814-475d-9647-a302a5541e36: shutdown FollowerState
2019-10-17 18:51:05,418 [grpc-default-executor-5] INFO  impl.RoleInfo (RoleInfo.java:updateAndGet(143)) - daae7813-f814-475d-9647-a302a5541e36: start FollowerState
2019-10-17 18:51:05,418 [Thread-2449] INFO  impl.FollowerState (FollowerState.java:run(117)) - daae7813-f814-475d-9647-a302a5541e36@group-F775CA5912AC-FollowerState was interrupted: java.lang.InterruptedException: sleep interrupted
2019-10-17 18:51:05,418 [grpc-default-executor-0] INFO  impl.RaftServerImpl (RaftServerImpl.java:setRole(184)) - 1e4e1375-1b66-460f-8c99-4c341545a119@group-F775CA5912AC: changes role from  FOLLOWER to FOLLOWER at term 161 for recognizeCandidate:a5e79c22-a35f-4e50-b1fd-e91b6a93d74d
2019-10-17 18:51:05,418 [grpc-default-executor-0] INFO  impl.RoleInfo (RoleInfo.java:shutdownFollowerState(121)) - 1e4e1375-1b66-460f-8c99-4c341545a119: shutdown FollowerState
2019-10-17 18:51:05,418 [grpc-default-executor-0] INFO  impl.RoleInfo (RoleInfo.java:updateAndGet(143)) - 1e4e1375-1b66-460f-8c99-4c341545a119: start FollowerState
2019-10-17 18:51:05,418 [Thread-2450] INFO  impl.FollowerState (FollowerState.java:run(117)) - 1e4e1375-1b66-460f-8c99-4c341545a119@group-F775CA5912AC-FollowerState was interrupted: java.lang.InterruptedException: sleep interrupted
2019-10-17 18:51:05,420 [Thread-2472] INFO  impl.FollowerState (FollowerState.java:run(108)) - abcd8826-c056-4817-bd0f-7af19a46d814@group-5F52F902B742-FollowerState: change to CANDIDATE, lastRpcTime:2ms, electionTimeout:2ms
2019-10-17 18:51:05,420 [Thread-2472] INFO  impl.RoleInfo (RoleInfo.java:shutdownFollowerState(121)) - abcd8826-c056-4817-bd0f-7af19a46d814: shutdown FollowerState
2019-10-17 18:51:05,420 [Thread-2472] INFO  impl.RaftServerImpl (RaftServerImpl.java:setRole(184)) - abcd8826-c056-4817-bd0f-7af19a46d814@group-5F52F902B742: changes role from  FOLLOWER to CANDIDATE at term 161 for changeToCandidate
2019-10-17 18:51:05,420 [Thread-2472] INFO  impl.RoleInfo (RoleInfo.java:updateAndGet(143)) - abcd8826-c056-4817-bd0f-7af19a46d814: start LeaderElection
2019-10-17 18:51:05,428 [abcd8826-c056-4817-bd0f-7af19a46d814@group-5F52F902B742-LeaderElection300] INFO  impl.LeaderElection (LeaderElection.java:askForVotes(178)) - abcd8826-c056-4817-bd0f-7af19a46d814@group-5F52F902B742-LeaderElection300: begin an election at term 162 for -1: [b8f04e38-0663-4b1f-8efd-f76585c6e86c:192.168.157.251:35700, abcd8826-c056-4817-bd0f-7af19a46d814:192.168.157.251:46496, 73297ffa-40cb-4e3e-b33e-1bc2c1da60f5:192.168.157.251:32952], old=null
2019-10-17 18:51:05,428 [a5e79c22-a35f-4e50-b1fd-e91b6a93d74d@group-F775CA5912AC-LeaderElection299] INFO  impl.LeaderElection (LeaderElection.java:logAndReturn(56)) - a5e79c22-a35f-4e50-b1fd-e91b6a93d74d@group-F775CA5912AC-LeaderElection299: Election REJECTED; received 2 response(s) [a5e79c22-a35f-4e50-b1fd-e91b6a93d74d<-daae7813-f814-475d-9647-a302a5541e36#0:FAIL-t161, a5e79c22-a35f-4e50-b1fd-e91b6a93d74d<-1e4e1375-1b66-460f-8c99-4c341545a119#0:FAIL-t161] and 0 exception(s); a5e79c22-a35f-4e50-b1fd-e91b6a93d74d@group-F775CA5912AC:t161, leader=null, voted=a5e79c22-a35f-4e50-b1fd-e91b6a93d74d, raftlog=a5e79c22-a35f-4e50-b1fd-e91b6a93d74d@group-F775CA5912AC-SegmentedRaftLog:OPENED:c-1,f-1,i0, conf=-1: [a5e79c22-a35f-4e50-b1fd-e91b6a93d74d:192.168.157.251:45177, daae7813-f814-475d-9647-a302a5541e36:192.168.157.251:45025, 1e4e1375-1b66-460f-8c99-4c341545a119:192.168.157.251:42113], old=null
2019-10-17 18:51:05,428 [a5e79c22-a35f-4e50-b1fd-e91b6a93d74d@group-F775CA5912AC-LeaderElection299] INFO  impl.RaftServerImpl (RaftServerImpl.java:setRole(184)) - a5e79c22-a35f-4e50-b1fd-e91b6a93d74d@group-F775CA5912AC: changes role from CANDIDATE to FOLLOWER at term 161 for DISCOVERED_A_NEW_TERM
2019-10-17 18:51:05,428 [a5e79c22-a35f-4e50-b1fd-e91b6a93d74d@group-F775CA5912AC-LeaderElection299] INFO  impl.RoleInfo (RoleInfo.java:shutdownLeaderElection(134)) - a5e79c22-a35f-4e50-b1fd-e91b6a93d74d: shutdown LeaderElection
2019-10-17 18:51:05,429 [a5e79c22-a35f-4e50-b1fd-e91b6a93d74d@group-F775CA5912AC-LeaderElection299] INFO  impl.RoleInfo (RoleInfo.java:updateAndGet(143)) - a5e79c22-a35f-4e50-b1fd-e91b6a93d74d: start FollowerState
2019-10-17 18:51:05,429 [grpc-default-executor-0] INFO  impl.RaftServerImpl (RaftServerImpl.java:setRole(184)) - b8f04e38-0663-4b1f-8efd-f76585c6e86c@group-5F52F902B742: changes role from  FOLLOWER to FOLLOWER at term 162 for recognizeCandidate:abcd8826-c056-4817-bd0f-7af19a46d814
2019-10-17 18:51:05,429 [grpc-default-executor-0] INFO  impl.RoleInfo (RoleInfo.java:shutdownFollowerState(121)) - b8f04e38-0663-4b1f-8efd-f76585c6e86c: shutdown FollowerState
2019-10-17 18:51:05,429 [grpc-default-executor-5] INFO  impl.RaftServerImpl (RaftServerImpl.java:setRole(184)) - 73297ffa-40cb-4e3e-b33e-1bc2c1da60f5@group-5F52F902B742: changes role from  FOLLOWER to FOLLOWER at term 162 for recognizeCandidate:abcd8826-c056-4817-bd0f-7af19a46d814
2019-10-17 18:51:05,429 [Thread-2467] INFO  impl.FollowerState (FollowerState.java:run(117)) - b8f04e38-0663-4b1f-8efd-f76585c6e86c@group-5F52F902B742-FollowerState was interrupted: java.lang.InterruptedException: sleep interrupted
2019-10-17 18:51:05,429 [grpc-default-executor-0] INFO  impl.RoleInfo (RoleInfo.java:updateAndGet(143)) - b8f04e38-0663-4b1f-8efd-f76585c6e86c: start FollowerState
2019-10-17 18:51:05,429 [grpc-default-executor-5] INFO  impl.RoleInfo (RoleInfo.java:shutdownFollowerState(121)) - 73297ffa-40cb-4e3e-b33e-1bc2c1da60f5: shutdown FollowerState
2019-10-17 18:51:05,429 [grpc-default-executor-5] INFO  impl.RoleInfo (RoleInfo.java:updateAndGet(143)) - 73297ffa-40cb-4e3e-b33e-1bc2c1da60f5: start FollowerState
2019-10-17 18:51:05,429 [Thread-2468] INFO  impl.FollowerState (FollowerState.java:run(117)) - 73297ffa-40cb-4e3e-b33e-1bc2c1da60f5@group-5F52F902B742-FollowerState was interrupted: java.lang.InterruptedException: sleep interrupted
2019-10-17 18:51:05,437 [abcd8826-c056-4817-bd0f-7af19a46d814@group-5F52F902B742-LeaderElection300] INFO  impl.LeaderElection (LeaderElection.java:logAndReturn(56)) - abcd8826-c056-4817-bd0f-7af19a46d814@group-5F52F902B742-LeaderElection300: Election REJECTED; received 2 response(s) [abcd8826-c056-4817-bd0f-7af19a46d814<-b8f04e38-0663-4b1f-8efd-f76585c6e86c#0:FAIL-t162, abcd8826-c056-4817-bd0f-7af19a46d814<-73297ffa-40cb-4e3e-b33e-1bc2c1da60f5#0:FAIL-t162] and 0 exception(s); abcd8826-c056-4817-bd0f-7af19a46d814@group-5F52F902B742:t162, leader=null, voted=abcd8826-c056-4817-bd0f-7af19a46d814, raftlog=abcd8826-c056-4817-bd0f-7af19a46d814@group-5F52F902B742-SegmentedRaftLog:OPENED:c-1,f-1,i0, conf=-1: [b8f04e38-0663-4b1f-8efd-f76585c6e86c:192.168.157.251:35700, abcd8826-c056-4817-bd0f-7af19a46d814:192.168.157.251:46496, 73297ffa-40cb-4e3e-b33e-1bc2c1da60f5:192.168.157.251:32952], old=null
2019-10-17 18:51:05,437 [abcd8826-c056-4817-bd0f-7af19a46d814@group-5F52F902B742-LeaderElection300] INFO  impl.RaftServerImpl (RaftServerImpl.java:setRole(184)) - abcd8826-c056-4817-bd0f-7af19a46d814@group-5F52F902B742: changes role from CANDIDATE to FOLLOWER at term 162 for DISCOVERED_A_NEW_TERM
2019-10-17 18:51:05,437 [abcd8826-c056-4817-bd0f-7af19a46d814@group-5F52F902B742-LeaderElection300] INFO  impl.RoleInfo (RoleInfo.java:shutdownLeaderElection(134)) - abcd8826-c056-4817-bd0f-7af19a46d814: shutdown LeaderElection
2019-10-17 18:51:05,438 [abcd8826-c056-4817-bd0f-7af19a46d814@group-5F52F902B742-LeaderElection300] INFO  impl.RoleInfo (RoleInfo.java:updateAndGet(143)) - abcd8826-c056-4817-bd0f-7af19a46d814: start FollowerState
2019-10-17 18:51:05,445 [Datanode State Machine Thread - 0] INFO  statemachine.DatanodeStateMachine (DatanodeStateMachine.java:lambda$startDaemon$0(350)) - Ozone container server started.
2019-10-17 18:51:05,545 [Thread-2481] INFO  impl.FollowerState (FollowerState.java:run(108)) - abcd8826-c056-4817-bd0f-7af19a46d814@group-5F52F902B742-FollowerState: change to CANDIDATE, lastRpcTime:107ms, electionTimeout:107ms
2019-10-17 18:51:05,545 [Thread-2481] INFO  impl.RoleInfo (RoleInfo.java:shutdownFollowerState(121)) - abcd8826-c056-4817-bd0f-7af19a46d814: shutdown FollowerState
2019-10-17 18:51:05,545 [Thread-2481] INFO  impl.RaftServerImpl (RaftServerImpl.java:setRole(184)) - abcd8826-c056-4817-bd0f-7af19a46d814@group-5F52F902B742: changes role from  FOLLOWER to CANDIDATE at term 162 for changeToCandidate
2019-10-17 18:51:05,545 [Thread-2481] INFO  impl.RoleInfo (RoleInfo.java:updateAndGet(143)) - abcd8826-c056-4817-bd0f-7af19a46d814: start LeaderElection
2019-10-17 18:51:05,552 [Thread-2478] INFO  impl.FollowerState (FollowerState.java:run(108)) - a5e79c22-a35f-4e50-b1fd-e91b6a93d74d@group-F775CA5912AC-FollowerState: change to CANDIDATE, lastRpcTime:123ms, electionTimeout:123ms
2019-10-17 18:51:05,552 [Thread-2478] INFO  impl.RoleInfo (RoleInfo.java:shutdownFollowerState(121)) - a5e79c22-a35f-4e50-b1fd-e91b6a93d74d: shutdown FollowerState
2019-10-17 18:51:05,552 [Thread-2478] INFO  impl.RaftServerImpl (RaftServerImpl.java:setRole(184)) - a5e79c22-a35f-4e50-b1fd-e91b6a93d74d@group-F775CA5912AC: changes role from  FOLLOWER to CANDIDATE at term 161 for changeToCandidate
2019-10-17 18:51:05,552 [Thread-2478] INFO  impl.RoleInfo (RoleInfo.java:updateAndGet(143)) - a5e79c22-a35f-4e50-b1fd-e91b6a93d74d: start LeaderElection
2019-10-17 18:51:05,562 [a5e79c22-a35f-4e50-b1fd-e91b6a93d74d@group-F775CA5912AC-LeaderElection302] INFO  impl.LeaderElection (LeaderElection.java:askForVotes(178)) - a5e79c22-a35f-4e50-b1fd-e91b6a93d74d@group-F775CA5912AC-LeaderElection302: begin an election at term 162 for -1: [a5e79c22-a35f-4e50-b1fd-e91b6a93d74d:192.168.157.251:45177, daae7813-f814-475d-9647-a302a5541e36:192.168.157.251:45025, 1e4e1375-1b66-460f-8c99-4c341545a119:192.168.157.251:42113], old=null
2019-10-17 18:51:05,562 [abcd8826-c056-4817-bd0f-7af19a46d814@group-5F52F902B742-LeaderElection301] INFO  impl.LeaderElection (LeaderElection.java:askForVotes(178)) - abcd8826-c056-4817-bd0f-7af19a46d814@group-5F52F902B742-LeaderElection301: begin an election at term 163 for -1: [b8f04e38-0663-4b1f-8efd-f76585c6e86c:192.168.157.251:35700, abcd8826-c056-4817-bd0f-7af19a46d814:192.168.157.251:46496, 73297ffa-40cb-4e3e-b33e-1bc2c1da60f5:192.168.157.251:32952], old=null
2019-10-17 18:51:05,564 [grpc-default-executor-5] INFO  impl.RaftServerImpl (RaftServerImpl.java:setRole(184)) - daae7813-f814-475d-9647-a302a5541e36@group-F775CA5912AC: changes role from  FOLLOWER to FOLLOWER at term 162 for recognizeCandidate:a5e79c22-a35f-4e50-b1fd-e91b6a93d74d
2019-10-17 18:51:05,564 [grpc-default-executor-2] INFO  impl.RaftServerImpl (RaftServerImpl.java:setRole(184)) - 73297ffa-40cb-4e3e-b33e-1bc2c1da60f5@group-5F52F902B742: changes role from  FOLLOWER to FOLLOWER at term 163 for recognizeCandidate:abcd8826-c056-4817-bd0f-7af19a46d814
2019-10-17 18:51:05,564 [grpc-default-executor-2] INFO  impl.RoleInfo (RoleInfo.java:shutdownFollowerState(121)) - 73297ffa-40cb-4e3e-b33e-1bc2c1da60f5: shutdown FollowerState
2019-10-17 18:51:05,564 [grpc-default-executor-0] INFO  impl.RaftServerImpl (RaftServerImpl.java:setRole(184)) - 1e4e1375-1b66-460f-8c99-4c341545a119@group-F775CA5912AC: changes role from  FOLLOWER to FOLLOWER at term 162 for recognizeCandidate:a5e79c22-a35f-4e50-b1fd-e91b6a93d74d
2019-10-17 18:51:05,564 [grpc-default-executor-2] INFO  impl.RoleInfo (RoleInfo.java:updateAndGet(143)) - 73297ffa-40cb-4e3e-b33e-1bc2c1da60f5: start FollowerState
2019-10-17 18:51:05,564 [Thread-2480] INFO  impl.FollowerState (FollowerState.java:run(117)) - 73297ffa-40cb-4e3e-b33e-1bc2c1da60f5@group-5F52F902B742-FollowerState was interrupted: java.lang.InterruptedException: sleep interrupted
2019-10-17 18:51:05,564 [grpc-default-executor-6] INFO  impl.RaftServerImpl (RaftServerImpl.java:setRole(184)) - b8f04e38-0663-4b1f-8efd-f76585c6e86c@group-5F52F902B742: changes role from  FOLLOWER to FOLLOWER at term 163 for recognizeCandidate:abcd8826-c056-4817-bd0f-7af19a46d814
2019-10-17 18:51:05,564 [grpc-default-executor-5] INFO  impl.RoleInfo (RoleInfo.java:shutdownFollowerState(121)) - daae7813-f814-475d-9647-a302a5541e36: shutdown FollowerState
2019-10-17 18:51:05,564 [grpc-default-executor-6] INFO  impl.RoleInfo (RoleInfo.java:shutdownFollowerState(121)) - b8f04e38-0663-4b1f-8efd-f76585c6e86c: shutdown FollowerState
2019-10-17 18:51:05,564 [grpc-default-executor-0] INFO  impl.RoleInfo (RoleInfo.java:shutdownFollowerState(121)) - 1e4e1375-1b66-460f-8c99-4c341545a119: shutdown FollowerState
2019-10-17 18:51:05,565 [grpc-default-executor-6] INFO  impl.RoleInfo (RoleInfo.java:updateAndGet(143)) - b8f04e38-0663-4b1f-8efd-f76585c6e86c: start FollowerState
2019-10-17 18:51:05,565 [Thread-2479] INFO  impl.FollowerState (FollowerState.java:run(117)) - b8f04e38-0663-4b1f-8efd-f76585c6e86c@group-5F52F902B742-FollowerState was interrupted: java.lang.InterruptedException: sleep interrupted
2019-10-17 18:51:05,565 [Thread-2473] INFO  impl.FollowerState (FollowerState.java:run(117)) - daae7813-f814-475d-9647-a302a5541e36@group-F775CA5912AC-FollowerState was interrupted: java.lang.InterruptedException: sleep interrupted
2019-10-17 18:51:05,565 [grpc-default-executor-5] INFO  impl.RoleInfo (RoleInfo.java:updateAndGet(143)) - daae7813-f814-475d-9647-a302a5541e36: start FollowerState
2019-10-17 18:51:05,565 [grpc-default-executor-0] INFO  impl.RoleInfo (RoleInfo.java:updateAndGet(143)) - 1e4e1375-1b66-460f-8c99-4c341545a119: start FollowerState
2019-10-17 18:51:05,565 [Thread-2474] INFO  impl.FollowerState (FollowerState.java:run(117)) - 1e4e1375-1b66-460f-8c99-4c341545a119@group-F775CA5912AC-FollowerState was interrupted: java.lang.InterruptedException: sleep interrupted
2019-10-17 18:51:05,579 [a5e79c22-a35f-4e50-b1fd-e91b6a93d74d@group-F775CA5912AC-LeaderElection302] INFO  impl.LeaderElection (LeaderElection.java:logAndReturn(56)) - a5e79c22-a35f-4e50-b1fd-e91b6a93d74d@group-F775CA5912AC-LeaderElection302: Election REJECTED; received 2 response(s) [a5e79c22-a35f-4e50-b1fd-e91b6a93d74d<-daae7813-f814-475d-9647-a302a5541e36#0:FAIL-t162, a5e79c22-a35f-4e50-b1fd-e91b6a93d74d<-1e4e1375-1b66-460f-8c99-4c341545a119#0:FAIL-t162] and 0 exception(s); a5e79c22-a35f-4e50-b1fd-e91b6a93d74d@group-F775CA5912AC:t162, leader=null, voted=a5e79c22-a35f-4e50-b1fd-e91b6a93d74d, raftlog=a5e79c22-a35f-4e50-b1fd-e91b6a93d74d@group-F775CA5912AC-SegmentedRaftLog:OPENED:c-1,f-1,i0, conf=-1: [a5e79c22-a35f-4e50-b1fd-e91b6a93d74d:192.168.157.251:45177, daae7813-f814-475d-9647-a302a5541e36:192.168.157.251:45025, 1e4e1375-1b66-460f-8c99-4c341545a119:192.168.157.251:42113], old=null
2019-10-17 18:51:05,579 [abcd8826-c056-4817-bd0f-7af19a46d814@group-5F52F902B742-LeaderElection301] INFO  impl.LeaderElection (LeaderElection.java:logAndReturn(56)) - abcd8826-c056-4817-bd0f-7af19a46d814@group-5F52F902B742-LeaderElection301: Election REJECTED; received 2 response(s) [abcd8826-c056-4817-bd0f-7af19a46d814<-b8f04e38-0663-4b1f-8efd-f76585c6e86c#0:FAIL-t163, abcd8826-c056-4817-bd0f-7af19a46d814<-73297ffa-40cb-4e3e-b33e-1bc2c1da60f5#0:FAIL-t163] and 0 exception(s); abcd8826-c056-4817-bd0f-7af19a46d814@group-5F52F902B742:t163, leader=null, voted=abcd8826-c056-4817-bd0f-7af19a46d814, raftlog=abcd8826-c056-4817-bd0f-7af19a46d814@group-5F52F902B742-SegmentedRaftLog:OPENED:c-1,f-1,i0, conf=-1: [b8f04e38-0663-4b1f-8efd-f76585c6e86c:192.168.157.251:35700, abcd8826-c056-4817-bd0f-7af19a46d814:192.168.157.251:46496, 73297ffa-40cb-4e3e-b33e-1bc2c1da60f5:192.168.157.251:32952], old=null
2019-10-17 18:51:05,579 [a5e79c22-a35f-4e50-b1fd-e91b6a93d74d@group-F775CA5912AC-LeaderElection302] INFO  impl.RaftServerImpl (RaftServerImpl.java:setRole(184)) - a5e79c22-a35f-4e50-b1fd-e91b6a93d74d@group-F775CA5912AC: changes role from CANDIDATE to FOLLOWER at term 162 for DISCOVERED_A_NEW_TERM
2019-10-17 18:51:05,580 [abcd8826-c056-4817-bd0f-7af19a46d814@group-5F52F902B742-LeaderElection301] INFO  impl.RaftServerImpl (RaftServerImpl.java:setRole(184)) - abcd8826-c056-4817-bd0f-7af19a46d814@group-5F52F902B742: changes role from CANDIDATE to FOLLOWER at term 163 for DISCOVERED_A_NEW_TERM
2019-10-17 18:51:05,580 [a5e79c22-a35f-4e50-b1fd-e91b6a93d74d@group-F775CA5912AC-LeaderElection302] INFO  impl.RoleInfo (RoleInfo.java:shutdownLeaderElection(134)) - a5e79c22-a35f-4e50-b1fd-e91b6a93d74d: shutdown LeaderElection
2019-10-17 18:51:05,580 [abcd8826-c056-4817-bd0f-7af19a46d814@group-5F52F902B742-LeaderElection301] INFO  impl.RoleInfo (RoleInfo.java:shutdownLeaderElection(134)) - abcd8826-c056-4817-bd0f-7af19a46d814: shutdown LeaderElection
2019-10-17 18:51:05,580 [a5e79c22-a35f-4e50-b1fd-e91b6a93d74d@group-F775CA5912AC-LeaderElection302] INFO  impl.RoleInfo (RoleInfo.java:updateAndGet(143)) - a5e79c22-a35f-4e50-b1fd-e91b6a93d74d: start FollowerState
2019-10-17 18:51:05,580 [abcd8826-c056-4817-bd0f-7af19a46d814@group-5F52F902B742-LeaderElection301] INFO  impl.RoleInfo (RoleInfo.java:updateAndGet(143)) - abcd8826-c056-4817-bd0f-7af19a46d814: start FollowerState
2019-10-17 18:51:05,669 [Thread-2492] INFO  impl.FollowerState (FollowerState.java:run(108)) - a5e79c22-a35f-4e50-b1fd-e91b6a93d74d@group-F775CA5912AC-FollowerState: change to CANDIDATE, lastRpcTime:89ms, electionTimeout:89ms
2019-10-17 18:51:05,669 [Thread-2492] INFO  impl.RoleInfo (RoleInfo.java:shutdownFollowerState(121)) - a5e79c22-a35f-4e50-b1fd-e91b6a93d74d: shutdown FollowerState
2019-10-17 18:51:05,670 [Thread-2492] INFO  impl.RaftServerImpl (RaftServerImpl.java:setRole(184)) - a5e79c22-a35f-4e50-b1fd-e91b6a93d74d@group-F775CA5912AC: changes role from  FOLLOWER to CANDIDATE at term 162 for changeToCandidate
2019-10-17 18:51:05,670 [Thread-2492] INFO  impl.RoleInfo (RoleInfo.java:updateAndGet(143)) - a5e79c22-a35f-4e50-b1fd-e91b6a93d74d: start LeaderElection
2019-10-17 18:51:05,685 [a5e79c22-a35f-4e50-b1fd-e91b6a93d74d@group-F775CA5912AC-LeaderElection303] INFO  impl.LeaderElection (LeaderElection.java:askForVotes(178)) - a5e79c22-a35f-4e50-b1fd-e91b6a93d74d@group-F775CA5912AC-LeaderElection303: begin an election at term 163 for -1: [a5e79c22-a35f-4e50-b1fd-e91b6a93d74d:192.168.157.251:45177, daae7813-f814-475d-9647-a302a5541e36:192.168.157.251:45025, 1e4e1375-1b66-460f-8c99-4c341545a119:192.168.157.251:42113], old=null
2019-10-17 18:51:05,686 [grpc-default-executor-6] INFO  impl.RaftServerImpl (RaftServerImpl.java:setRole(184)) - 1e4e1375-1b66-460f-8c99-4c341545a119@group-F775CA5912AC: changes role from  FOLLOWER to FOLLOWER at term 163 for recognizeCandidate:a5e79c22-a35f-4e50-b1fd-e91b6a93d74d
2019-10-17 18:51:05,686 [grpc-default-executor-6] INFO  impl.RoleInfo (RoleInfo.java:shutdownFollowerState(121)) - 1e4e1375-1b66-460f-8c99-4c341545a119: shutdown FollowerState
2019-10-17 18:51:05,686 [grpc-default-executor-0] INFO  impl.RaftServerImpl (RaftServerImpl.java:setRole(184)) - daae7813-f814-475d-9647-a302a5541e36@group-F775CA5912AC: changes role from  FOLLOWER to FOLLOWER at term 163 for recognizeCandidate:a5e79c22-a35f-4e50-b1fd-e91b6a93d74d
2019-10-17 18:51:05,687 [Thread-2491] INFO  impl.FollowerState (FollowerState.java:run(117)) - 1e4e1375-1b66-460f-8c99-4c341545a119@group-F775CA5912AC-FollowerState was interrupted: java.lang.InterruptedException: sleep interrupted
2019-10-17 18:51:05,686 [grpc-default-executor-6] INFO  impl.RoleInfo (RoleInfo.java:updateAndGet(143)) - 1e4e1375-1b66-460f-8c99-4c341545a119: start FollowerState
2019-10-17 18:51:05,687 [grpc-default-executor-0] INFO  impl.RoleInfo (RoleInfo.java:shutdownFollowerState(121)) - daae7813-f814-475d-9647-a302a5541e36: shutdown FollowerState
2019-10-17 18:51:05,687 [Thread-2489] INFO  impl.FollowerState (FollowerState.java:run(117)) - daae7813-f814-475d-9647-a302a5541e36@group-F775CA5912AC-FollowerState was interrupted: java.lang.InterruptedException: sleep interrupted
2019-10-17 18:51:05,687 [grpc-default-executor-0] INFO  impl.RoleInfo (RoleInfo.java:updateAndGet(143)) - daae7813-f814-475d-9647-a302a5541e36: start FollowerState
2019-10-17 18:51:05,714 [a5e79c22-a35f-4e50-b1fd-e91b6a93d74d@group-F775CA5912AC-LeaderElection303] INFO  impl.LeaderElection (LeaderElection.java:logAndReturn(56)) - a5e79c22-a35f-4e50-b1fd-e91b6a93d74d@group-F775CA5912AC-LeaderElection303: Election REJECTED; received 2 response(s) [a5e79c22-a35f-4e50-b1fd-e91b6a93d74d<-daae7813-f814-475d-9647-a302a5541e36#0:FAIL-t163, a5e79c22-a35f-4e50-b1fd-e91b6a93d74d<-1e4e1375-1b66-460f-8c99-4c341545a119#0:FAIL-t163] and 0 exception(s); a5e79c22-a35f-4e50-b1fd-e91b6a93d74d@group-F775CA5912AC:t163, leader=null, voted=a5e79c22-a35f-4e50-b1fd-e91b6a93d74d, raftlog=a5e79c22-a35f-4e50-b1fd-e91b6a93d74d@group-F775CA5912AC-SegmentedRaftLog:OPENED:c-1,f-1,i0, conf=-1: [a5e79c22-a35f-4e50-b1fd-e91b6a93d74d:192.168.157.251:45177, daae7813-f814-475d-9647-a302a5541e36:192.168.157.251:45025, 1e4e1375-1b66-460f-8c99-4c341545a119:192.168.157.251:42113], old=null
2019-10-17 18:51:05,714 [a5e79c22-a35f-4e50-b1fd-e91b6a93d74d@group-F775CA5912AC-LeaderElection303] INFO  impl.RaftServerImpl (RaftServerImpl.java:setRole(184)) - a5e79c22-a35f-4e50-b1fd-e91b6a93d74d@group-F775CA5912AC: changes role from CANDIDATE to FOLLOWER at term 163 for DISCOVERED_A_NEW_TERM
2019-10-17 18:51:05,714 [a5e79c22-a35f-4e50-b1fd-e91b6a93d74d@group-F775CA5912AC-LeaderElection303] INFO  impl.RoleInfo (RoleInfo.java:shutdownLeaderElection(134)) - a5e79c22-a35f-4e50-b1fd-e91b6a93d74d: shutdown LeaderElection
2019-10-17 18:51:05,714 [a5e79c22-a35f-4e50-b1fd-e91b6a93d74d@group-F775CA5912AC-LeaderElection303] INFO  impl.RoleInfo (RoleInfo.java:updateAndGet(143)) - a5e79c22-a35f-4e50-b1fd-e91b6a93d74d: start FollowerState
2019-10-17 18:51:05,743 [Thread-2493] INFO  impl.FollowerState (FollowerState.java:run(108)) - abcd8826-c056-4817-bd0f-7af19a46d814@group-5F52F902B742-FollowerState: change to CANDIDATE, lastRpcTime:163ms, electionTimeout:163ms
2019-10-17 18:51:05,743 [Thread-2493] INFO  impl.RoleInfo (RoleInfo.java:shutdownFollowerState(121)) - abcd8826-c056-4817-bd0f-7af19a46d814: shutdown FollowerState
2019-10-17 18:51:05,744 [Thread-2493] INFO  impl.RaftServerImpl (RaftServerImpl.java:setRole(184)) - abcd8826-c056-4817-bd0f-7af19a46d814@group-5F52F902B742: changes role from  FOLLOWER to CANDIDATE at term 163 for changeToCandidate
2019-10-17 18:51:05,744 [Thread-2493] INFO  impl.RoleInfo (RoleInfo.java:updateAndGet(143)) - abcd8826-c056-4817-bd0f-7af19a46d814: start LeaderElection
2019-10-17 18:51:05,760 [abcd8826-c056-4817-bd0f-7af19a46d814@group-5F52F902B742-LeaderElection304] INFO  impl.LeaderElection (LeaderElection.java:askForVotes(178)) - abcd8826-c056-4817-bd0f-7af19a46d814@group-5F52F902B742-LeaderElection304: begin an election at term 164 for -1: [b8f04e38-0663-4b1f-8efd-f76585c6e86c:192.168.157.251:35700, abcd8826-c056-4817-bd0f-7af19a46d814:192.168.157.251:46496, 73297ffa-40cb-4e3e-b33e-1bc2c1da60f5:192.168.157.251:32952], old=null
2019-10-17 18:51:05,761 [grpc-default-executor-0] INFO  impl.RaftServerImpl (RaftServerImpl.java:setRole(184)) - 73297ffa-40cb-4e3e-b33e-1bc2c1da60f5@group-5F52F902B742: changes role from  FOLLOWER to FOLLOWER at term 164 for recognizeCandidate:abcd8826-c056-4817-bd0f-7af19a46d814
2019-10-17 18:51:05,762 [grpc-default-executor-0] INFO  impl.RoleInfo (RoleInfo.java:shutdownFollowerState(121)) - 73297ffa-40cb-4e3e-b33e-1bc2c1da60f5: shutdown FollowerState
2019-10-17 18:51:05,762 [grpc-default-executor-6] INFO  impl.RaftServerImpl (RaftServerImpl.java:setRole(184)) - b8f04e38-0663-4b1f-8efd-f76585c6e86c@group-5F52F902B742: changes role from  FOLLOWER to FOLLOWER at term 164 for recognizeCandidate:abcd8826-c056-4817-bd0f-7af19a46d814
2019-10-17 18:51:05,762 [Thread-2488] INFO  impl.FollowerState (FollowerState.java:run(117)) - 73297ffa-40cb-4e3e-b33e-1bc2c1da60f5@group-5F52F902B742-FollowerState was interrupted: java.lang.InterruptedException: sleep interrupted
2019-10-17 18:51:05,762 [grpc-default-executor-0] INFO  impl.RoleInfo (RoleInfo.java:updateAndGet(143)) - 73297ffa-40cb-4e3e-b33e-1bc2c1da60f5: start FollowerState
2019-10-17 18:51:05,762 [grpc-default-executor-6] INFO  impl.RoleInfo (RoleInfo.java:shutdownFollowerState(121)) - b8f04e38-0663-4b1f-8efd-f76585c6e86c: shutdown FollowerState
2019-10-17 18:51:05,762 [Thread-2490] INFO  impl.FollowerState (FollowerState.java:run(117)) - b8f04e38-0663-4b1f-8efd-f76585c6e86c@group-5F52F902B742-FollowerState was interrupted: java.lang.InterruptedException: sleep interrupted
2019-10-17 18:51:05,762 [grpc-default-executor-6] INFO  impl.RoleInfo (RoleInfo.java:updateAndGet(143)) - b8f04e38-0663-4b1f-8efd-f76585c6e86c: start FollowerState
2019-10-17 18:51:05,777 [abcd8826-c056-4817-bd0f-7af19a46d814@group-5F52F902B742-LeaderElection304] INFO  impl.LeaderElection (LeaderElection.java:logAndReturn(56)) - abcd8826-c056-4817-bd0f-7af19a46d814@group-5F52F902B742-LeaderElection304: Election REJECTED; received 2 response(s) [abcd8826-c056-4817-bd0f-7af19a46d814<-b8f04e38-0663-4b1f-8efd-f76585c6e86c#0:FAIL-t164, abcd8826-c056-4817-bd0f-7af19a46d814<-73297ffa-40cb-4e3e-b33e-1bc2c1da60f5#0:FAIL-t164] and 0 exception(s); abcd8826-c056-4817-bd0f-7af19a46d814@group-5F52F902B742:t164, leader=null, voted=abcd8826-c056-4817-bd0f-7af19a46d814, raftlog=abcd8826-c056-4817-bd0f-7af19a46d814@group-5F52F902B742-SegmentedRaftLog:OPENED:c-1,f-1,i0, conf=-1: [b8f04e38-0663-4b1f-8efd-f76585c6e86c:192.168.157.251:35700, abcd8826-c056-4817-bd0f-7af19a46d814:192.168.157.251:46496, 73297ffa-40cb-4e3e-b33e-1bc2c1da60f5:192.168.157.251:32952], old=null
2019-10-17 18:51:05,777 [abcd8826-c056-4817-bd0f-7af19a46d814@group-5F52F902B742-LeaderElection304] INFO  impl.RaftServerImpl (RaftServerImpl.java:setRole(184)) - abcd8826-c056-4817-bd0f-7af19a46d814@group-5F52F902B742: changes role from CANDIDATE to FOLLOWER at term 164 for DISCOVERED_A_NEW_TERM
2019-10-17 18:51:05,777 [abcd8826-c056-4817-bd0f-7af19a46d814@group-5F52F902B742-LeaderElection304] INFO  impl.RoleInfo (RoleInfo.java:shutdownLeaderElection(134)) - abcd8826-c056-4817-bd0f-7af19a46d814: shutdown LeaderElection
2019-10-17 18:51:05,778 [abcd8826-c056-4817-bd0f-7af19a46d814@group-5F52F902B742-LeaderElection304] INFO  impl.RoleInfo (RoleInfo.java:updateAndGet(143)) - abcd8826-c056-4817-bd0f-7af19a46d814: start FollowerState
2019-10-17 18:51:05,817 [Datanode State Machine Thread - 0] INFO  statemachine.DatanodeStateMachine (DatanodeStateMachine.java:lambda$startDaemon$0(350)) - Ozone container server started.
2019-10-17 18:51:05,861 [Thread-2499] INFO  impl.FollowerState (FollowerState.java:run(108)) - a5e79c22-a35f-4e50-b1fd-e91b6a93d74d@group-F775CA5912AC-FollowerState: change to CANDIDATE, lastRpcTime:146ms, electionTimeout:146ms
2019-10-17 18:51:05,861 [Thread-2499] INFO  impl.RoleInfo (RoleInfo.java:shutdownFollowerState(121)) - a5e79c22-a35f-4e50-b1fd-e91b6a93d74d: shutdown FollowerState
2019-10-17 18:51:05,861 [Thread-2499] INFO  impl.RaftServerImpl (RaftServerImpl.java:setRole(184)) - a5e79c22-a35f-4e50-b1fd-e91b6a93d74d@group-F775CA5912AC: changes role from  FOLLOWER to CANDIDATE at term 163 for changeToCandidate
2019-10-17 18:51:05,861 [Thread-2499] INFO  impl.RoleInfo (RoleInfo.java:updateAndGet(143)) - a5e79c22-a35f-4e50-b1fd-e91b6a93d74d: start LeaderElection
2019-10-17 18:51:05,872 [Thread-2505] INFO  impl.FollowerState (FollowerState.java:run(108)) - abcd8826-c056-4817-bd0f-7af19a46d814@group-5F52F902B742-FollowerState: change to CANDIDATE, lastRpcTime:94ms, electionTimeout:94ms
2019-10-17 18:51:05,872 [Thread-2505] INFO  impl.RoleInfo (RoleInfo.java:shutdownFollowerState(121)) - abcd8826-c056-4817-bd0f-7af19a46d814: shutdown FollowerState
2019-10-17 18:51:05,872 [Thread-2505] INFO  impl.RaftServerImpl (RaftServerImpl.java:setRole(184)) - abcd8826-c056-4817-bd0f-7af19a46d814@group-5F52F902B742: changes role from  FOLLOWER to CANDIDATE at term 164 for changeToCandidate
2019-10-17 18:51:05,873 [Thread-2505] INFO  impl.RoleInfo (RoleInfo.java:updateAndGet(143)) - abcd8826-c056-4817-bd0f-7af19a46d814: start LeaderElection
2019-10-17 18:51:05,883 [a5e79c22-a35f-4e50-b1fd-e91b6a93d74d@group-F775CA5912AC-LeaderElection305] INFO  impl.LeaderElection (LeaderElection.java:askForVotes(178)) - a5e79c22-a35f-4e50-b1fd-e91b6a93d74d@group-F775CA5912AC-LeaderElection305: begin an election at term 164 for -1: [a5e79c22-a35f-4e50-b1fd-e91b6a93d74d:192.168.157.251:45177, daae7813-f814-475d-9647-a302a5541e36:192.168.157.251:45025, 1e4e1375-1b66-460f-8c99-4c341545a119:192.168.157.251:42113], old=null
2019-10-17 18:51:05,885 [grpc-default-executor-6] INFO  impl.RaftServerImpl (RaftServerImpl.java:setRole(184)) - daae7813-f814-475d-9647-a302a5541e36@group-F775CA5912AC: changes role from  FOLLOWER to FOLLOWER at term 164 for recognizeCandidate:a5e79c22-a35f-4e50-b1fd-e91b6a93d74d
2019-10-17 18:51:05,885 [grpc-default-executor-0] INFO  impl.RaftServerImpl (RaftServerImpl.java:setRole(184)) - 1e4e1375-1b66-460f-8c99-4c341545a119@group-F775CA5912AC: changes role from  FOLLOWER to FOLLOWER at term 164 for recognizeCandidate:a5e79c22-a35f-4e50-b1fd-e91b6a93d74d
2019-10-17 18:51:05,885 [grpc-default-executor-0] INFO  impl.RoleInfo (RoleInfo.java:shutdownFollowerState(121)) - 1e4e1375-1b66-460f-8c99-4c341545a119: shutdown FollowerState
2019-10-17 18:51:05,885 [grpc-default-executor-6] INFO  impl.RoleInfo (RoleInfo.java:shutdownFollowerState(121)) - daae7813-f814-475d-9647-a302a5541e36: shutdown FollowerState
2019-10-17 18:51:05,885 [Thread-2497] INFO  impl.FollowerState (FollowerState.java:run(117)) - 1e4e1375-1b66-460f-8c99-4c341545a119@group-F775CA5912AC-FollowerState was interrupted: java.lang.InterruptedException: sleep interrupted
2019-10-17 18:51:05,885 [grpc-default-executor-0] INFO  impl.RoleInfo (RoleInfo.java:updateAndGet(143)) - 1e4e1375-1b66-460f-8c99-4c341545a119: start FollowerState
2019-10-17 18:51:05,885 [grpc-default-executor-6] INFO  impl.RoleInfo (RoleInfo.java:updateAndGet(143)) - daae7813-f814-475d-9647-a302a5541e36: start FollowerState
2019-10-17 18:51:05,885 [Thread-2498] INFO  impl.FollowerState (FollowerState.java:run(117)) - daae7813-f814-475d-9647-a302a5541e36@group-F775CA5912AC-FollowerState was interrupted: java.lang.InterruptedException: sleep interrupted
2019-10-17 18:51:05,898 [abcd8826-c056-4817-bd0f-7af19a46d814@group-5F52F902B742-LeaderElection306] INFO  impl.LeaderElection (LeaderElection.java:askForVotes(178)) - abcd8826-c056-4817-bd0f-7af19a46d814@group-5F52F902B742-LeaderElection306: begin an election at term 165 for -1: [b8f04e38-0663-4b1f-8efd-f76585c6e86c:192.168.157.251:35700, abcd8826-c056-4817-bd0f-7af19a46d814:192.168.157.251:46496, 73297ffa-40cb-4e3e-b33e-1bc2c1da60f5:192.168.157.251:32952], old=null
2019-10-17 18:51:05,900 [grpc-default-executor-2] INFO  impl.RaftServerImpl (RaftServerImpl.java:setRole(184)) - b8f04e38-0663-4b1f-8efd-f76585c6e86c@group-5F52F902B742: changes role from  FOLLOWER to FOLLOWER at term 165 for recognizeCandidate:abcd8826-c056-4817-bd0f-7af19a46d814
2019-10-17 18:51:05,900 [grpc-default-executor-2] INFO  impl.RoleInfo (RoleInfo.java:shutdownFollowerState(121)) - b8f04e38-0663-4b1f-8efd-f76585c6e86c: shutdown FollowerState
2019-10-17 18:51:05,900 [grpc-default-executor-5] INFO  impl.RaftServerImpl (RaftServerImpl.java:setRole(184)) - 73297ffa-40cb-4e3e-b33e-1bc2c1da60f5@group-5F52F902B742: changes role from  FOLLOWER to FOLLOWER at term 165 for recognizeCandidate:abcd8826-c056-4817-bd0f-7af19a46d814
2019-10-17 18:51:05,900 [grpc-default-executor-5] INFO  impl.RoleInfo (RoleInfo.java:shutdownFollowerState(121)) - 73297ffa-40cb-4e3e-b33e-1bc2c1da60f5: shutdown FollowerState
2019-10-17 18:51:05,900 [Thread-2504] INFO  impl.FollowerState (FollowerState.java:run(117)) - b8f04e38-0663-4b1f-8efd-f76585c6e86c@group-5F52F902B742-FollowerState was interrupted: java.lang.InterruptedException: sleep interrupted
2019-10-17 18:51:05,900 [grpc-default-executor-2] INFO  impl.RoleInfo (RoleInfo.java:updateAndGet(143)) - b8f04e38-0663-4b1f-8efd-f76585c6e86c: start FollowerState
2019-10-17 18:51:05,900 [Thread-2503] INFO  impl.FollowerState (FollowerState.java:run(117)) - 73297ffa-40cb-4e3e-b33e-1bc2c1da60f5@group-5F52F902B742-FollowerState was interrupted: java.lang.InterruptedException: sleep interrupted
2019-10-17 18:51:05,900 [grpc-default-executor-5] INFO  impl.RoleInfo (RoleInfo.java:updateAndGet(143)) - 73297ffa-40cb-4e3e-b33e-1bc2c1da60f5: start FollowerState
2019-10-17 18:51:05,913 [a5e79c22-a35f-4e50-b1fd-e91b6a93d74d@group-F775CA5912AC-LeaderElection305] INFO  impl.LeaderElection (LeaderElection.java:logAndReturn(56)) - a5e79c22-a35f-4e50-b1fd-e91b6a93d74d@group-F775CA5912AC-LeaderElection305: Election REJECTED; received 2 response(s) [a5e79c22-a35f-4e50-b1fd-e91b6a93d74d<-daae7813-f814-475d-9647-a302a5541e36#0:FAIL-t164, a5e79c22-a35f-4e50-b1fd-e91b6a93d74d<-1e4e1375-1b66-460f-8c99-4c341545a119#0:FAIL-t164] and 0 exception(s); a5e79c22-a35f-4e50-b1fd-e91b6a93d74d@group-F775CA5912AC:t164, leader=null, voted=a5e79c22-a35f-4e50-b1fd-e91b6a93d74d, raftlog=a5e79c22-a35f-4e50-b1fd-e91b6a93d74d@group-F775CA5912AC-SegmentedRaftLog:OPENED:c-1,f-1,i0, conf=-1: [a5e79c22-a35f-4e50-b1fd-e91b6a93d74d:192.168.157.251:45177, daae7813-f814-475d-9647-a302a5541e36:192.168.157.251:45025, 1e4e1375-1b66-460f-8c99-4c341545a119:192.168.157.251:42113], old=null
2019-10-17 18:51:05,913 [a5e79c22-a35f-4e50-b1fd-e91b6a93d74d@group-F775CA5912AC-LeaderElection305] INFO  impl.RaftServerImpl (RaftServerImpl.java:setRole(184)) - a5e79c22-a35f-4e50-b1fd-e91b6a93d74d@group-F775CA5912AC: changes role from CANDIDATE to FOLLOWER at term 164 for DISCOVERED_A_NEW_TERM
2019-10-17 18:51:05,913 [a5e79c22-a35f-4e50-b1fd-e91b6a93d74d@group-F775CA5912AC-LeaderElection305] INFO  impl.RoleInfo (RoleInfo.java:shutdownLeaderElection(134)) - a5e79c22-a35f-4e50-b1fd-e91b6a93d74d: shutdown LeaderElection
2019-10-17 18:51:05,913 [a5e79c22-a35f-4e50-b1fd-e91b6a93d74d@group-F775CA5912AC-LeaderElection305] INFO  impl.RoleInfo (RoleInfo.java:updateAndGet(143)) - a5e79c22-a35f-4e50-b1fd-e91b6a93d74d: start FollowerState
2019-10-17 18:51:05,915 [abcd8826-c056-4817-bd0f-7af19a46d814@group-5F52F902B742-LeaderElection306] INFO  impl.LeaderElection (LeaderElection.java:logAndReturn(56)) - abcd8826-c056-4817-bd0f-7af19a46d814@group-5F52F902B742-LeaderElection306: Election REJECTED; received 2 response(s) [abcd8826-c056-4817-bd0f-7af19a46d814<-b8f04e38-0663-4b1f-8efd-f76585c6e86c#0:FAIL-t165, abcd8826-c056-4817-bd0f-7af19a46d814<-73297ffa-40cb-4e3e-b33e-1bc2c1da60f5#0:FAIL-t165] and 0 exception(s); abcd8826-c056-4817-bd0f-7af19a46d814@group-5F52F902B742:t165, leader=null, voted=abcd8826-c056-4817-bd0f-7af19a46d814, raftlog=abcd8826-c056-4817-bd0f-7af19a46d814@group-5F52F902B742-SegmentedRaftLog:OPENED:c-1,f-1,i0, conf=-1: [b8f04e38-0663-4b1f-8efd-f76585c6e86c:192.168.157.251:35700, abcd8826-c056-4817-bd0f-7af19a46d814:192.168.157.251:46496, 73297ffa-40cb-4e3e-b33e-1bc2c1da60f5:192.168.157.251:32952], old=null
2019-10-17 18:51:05,915 [abcd8826-c056-4817-bd0f-7af19a46d814@group-5F52F902B742-LeaderElection306] INFO  impl.RaftServerImpl (RaftServerImpl.java:setRole(184)) - abcd8826-c056-4817-bd0f-7af19a46d814@group-5F52F902B742: changes role from CANDIDATE to FOLLOWER at term 165 for DISCOVERED_A_NEW_TERM
2019-10-17 18:51:05,915 [abcd8826-c056-4817-bd0f-7af19a46d814@group-5F52F902B742-LeaderElection306] INFO  impl.RoleInfo (RoleInfo.java:shutdownLeaderElection(134)) - abcd8826-c056-4817-bd0f-7af19a46d814: shutdown LeaderElection
2019-10-17 18:51:05,915 [abcd8826-c056-4817-bd0f-7af19a46d814@group-5F52F902B742-LeaderElection306] INFO  impl.RoleInfo (RoleInfo.java:updateAndGet(143)) - abcd8826-c056-4817-bd0f-7af19a46d814: start FollowerState
2019-10-17 18:51:05,952 [Thread-2521] INFO  impl.FollowerState (FollowerState.java:run(108)) - abcd8826-c056-4817-bd0f-7af19a46d814@group-5F52F902B742-FollowerState: change to CANDIDATE, lastRpcTime:36ms, electionTimeout:36ms
2019-10-17 18:51:05,952 [Thread-2521] INFO  impl.RoleInfo (RoleInfo.java:shutdownFollowerState(121)) - abcd8826-c056-4817-bd0f-7af19a46d814: shutdown FollowerState
2019-10-17 18:51:05,952 [Thread-2521] INFO  impl.RaftServerImpl (RaftServerImpl.java:setRole(184)) - abcd8826-c056-4817-bd0f-7af19a46d814@group-5F52F902B742: changes role from  FOLLOWER to CANDIDATE at term 165 for changeToCandidate
2019-10-17 18:51:05,952 [Thread-2521] INFO  impl.RoleInfo (RoleInfo.java:updateAndGet(143)) - abcd8826-c056-4817-bd0f-7af19a46d814: start LeaderElection
2019-10-17 18:51:05,970 [abcd8826-c056-4817-bd0f-7af19a46d814@group-5F52F902B742-LeaderElection307] INFO  impl.LeaderElection (LeaderElection.java:askForVotes(178)) - abcd8826-c056-4817-bd0f-7af19a46d814@group-5F52F902B742-LeaderElection307: begin an election at term 166 for -1: [b8f04e38-0663-4b1f-8efd-f76585c6e86c:192.168.157.251:35700, abcd8826-c056-4817-bd0f-7af19a46d814:192.168.157.251:46496, 73297ffa-40cb-4e3e-b33e-1bc2c1da60f5:192.168.157.251:32952], old=null
2019-10-17 18:51:05,972 [grpc-default-executor-2] INFO  impl.RaftServerImpl (RaftServerImpl.java:setRole(184)) - 73297ffa-40cb-4e3e-b33e-1bc2c1da60f5@group-5F52F902B742: changes role from  FOLLOWER to FOLLOWER at term 166 for recognizeCandidate:abcd8826-c056-4817-bd0f-7af19a46d814
2019-10-17 18:51:05,972 [grpc-default-executor-5] INFO  impl.RaftServerImpl (RaftServerImpl.java:setRole(184)) - b8f04e38-0663-4b1f-8efd-f76585c6e86c@group-5F52F902B742: changes role from  FOLLOWER to FOLLOWER at term 166 for recognizeCandidate:abcd8826-c056-4817-bd0f-7af19a46d814
2019-10-17 18:51:05,972 [grpc-default-executor-5] INFO  impl.RoleInfo (RoleInfo.java:shutdownFollowerState(121)) - b8f04e38-0663-4b1f-8efd-f76585c6e86c: shutdown FollowerState
2019-10-17 18:51:05,972 [grpc-default-executor-2] INFO  impl.RoleInfo (RoleInfo.java:shutdownFollowerState(121)) - 73297ffa-40cb-4e3e-b33e-1bc2c1da60f5: shutdown FollowerState
2019-10-17 18:51:05,972 [Thread-2518] INFO  impl.FollowerState (FollowerState.java:run(117)) - b8f04e38-0663-4b1f-8efd-f76585c6e86c@group-5F52F902B742-FollowerState was interrupted: java.lang.InterruptedException: sleep interrupted
2019-10-17 18:51:05,972 [grpc-default-executor-5] INFO  impl.RoleInfo (RoleInfo.java:updateAndGet(143)) - b8f04e38-0663-4b1f-8efd-f76585c6e86c: start FollowerState
2019-10-17 18:51:05,973 [Thread-2519] INFO  impl.FollowerState (FollowerState.java:run(117)) - 73297ffa-40cb-4e3e-b33e-1bc2c1da60f5@group-5F52F902B742-FollowerState was interrupted: java.lang.InterruptedException: sleep interrupted
2019-10-17 18:51:05,973 [grpc-default-executor-2] INFO  impl.RoleInfo (RoleInfo.java:updateAndGet(143)) - 73297ffa-40cb-4e3e-b33e-1bc2c1da60f5: start FollowerState
2019-10-17 18:51:05,987 [abcd8826-c056-4817-bd0f-7af19a46d814@group-5F52F902B742-LeaderElection307] INFO  impl.LeaderElection (LeaderElection.java:logAndReturn(56)) - abcd8826-c056-4817-bd0f-7af19a46d814@group-5F52F902B742-LeaderElection307: Election REJECTED; received 2 response(s) [abcd8826-c056-4817-bd0f-7af19a46d814<-b8f04e38-0663-4b1f-8efd-f76585c6e86c#0:FAIL-t166, abcd8826-c056-4817-bd0f-7af19a46d814<-73297ffa-40cb-4e3e-b33e-1bc2c1da60f5#0:FAIL-t166] and 0 exception(s); abcd8826-c056-4817-bd0f-7af19a46d814@group-5F52F902B742:t166, leader=null, voted=abcd8826-c056-4817-bd0f-7af19a46d814, raftlog=abcd8826-c056-4817-bd0f-7af19a46d814@group-5F52F902B742-SegmentedRaftLog:OPENED:c-1,f-1,i0, conf=-1: [b8f04e38-0663-4b1f-8efd-f76585c6e86c:192.168.157.251:35700, abcd8826-c056-4817-bd0f-7af19a46d814:192.168.157.251:46496, 73297ffa-40cb-4e3e-b33e-1bc2c1da60f5:192.168.157.251:32952], old=null
2019-10-17 18:51:05,987 [abcd8826-c056-4817-bd0f-7af19a46d814@group-5F52F902B742-LeaderElection307] INFO  impl.RaftServerImpl (RaftServerImpl.java:setRole(184)) - abcd8826-c056-4817-bd0f-7af19a46d814@group-5F52F902B742: changes role from CANDIDATE to FOLLOWER at term 166 for DISCOVERED_A_NEW_TERM
2019-10-17 18:51:05,987 [abcd8826-c056-4817-bd0f-7af19a46d814@group-5F52F902B742-LeaderElection307] INFO  impl.RoleInfo (RoleInfo.java:shutdownLeaderElection(134)) - abcd8826-c056-4817-bd0f-7af19a46d814: shutdown LeaderElection
2019-10-17 18:51:05,987 [abcd8826-c056-4817-bd0f-7af19a46d814@group-5F52F902B742-LeaderElection307] INFO  impl.RoleInfo (RoleInfo.java:updateAndGet(143)) - abcd8826-c056-4817-bd0f-7af19a46d814: start FollowerState
2019-10-17 18:51:06,036 [Thread-2527] INFO  impl.FollowerState (FollowerState.java:run(108)) - abcd8826-c056-4817-bd0f-7af19a46d814@group-5F52F902B742-FollowerState: change to CANDIDATE, lastRpcTime:48ms, electionTimeout:48ms
2019-10-17 18:51:06,036 [Thread-2527] INFO  impl.RoleInfo (RoleInfo.java:shutdownFollowerState(121)) - abcd8826-c056-4817-bd0f-7af19a46d814: shutdown FollowerState
2019-10-17 18:51:06,036 [Thread-2527] INFO  impl.RaftServerImpl (RaftServerImpl.java:setRole(184)) - abcd8826-c056-4817-bd0f-7af19a46d814@group-5F52F902B742: changes role from  FOLLOWER to CANDIDATE at term 166 for changeToCandidate
2019-10-17 18:51:06,036 [Thread-2527] INFO  impl.RoleInfo (RoleInfo.java:updateAndGet(143)) - abcd8826-c056-4817-bd0f-7af19a46d814: start LeaderElection
2019-10-17 18:51:06,053 [Thread-2520] INFO  impl.FollowerState (FollowerState.java:run(108)) - a5e79c22-a35f-4e50-b1fd-e91b6a93d74d@group-F775CA5912AC-FollowerState: change to CANDIDATE, lastRpcTime:139ms, electionTimeout:139ms
2019-10-17 18:51:06,053 [Thread-2520] INFO  impl.RoleInfo (RoleInfo.java:shutdownFollowerState(121)) - a5e79c22-a35f-4e50-b1fd-e91b6a93d74d: shutdown FollowerState
2019-10-17 18:51:06,053 [Thread-2520] INFO  impl.RaftServerImpl (RaftServerImpl.java:setRole(184)) - a5e79c22-a35f-4e50-b1fd-e91b6a93d74d@group-F775CA5912AC: changes role from  FOLLOWER to CANDIDATE at term 164 for changeToCandidate
2019-10-17 18:51:06,053 [Thread-2520] INFO  impl.RoleInfo (RoleInfo.java:updateAndGet(143)) - a5e79c22-a35f-4e50-b1fd-e91b6a93d74d: start LeaderElection
2019-10-17 18:51:06,062 [abcd8826-c056-4817-bd0f-7af19a46d814@group-5F52F902B742-LeaderElection308] INFO  impl.LeaderElection (LeaderElection.java:askForVotes(178)) - abcd8826-c056-4817-bd0f-7af19a46d814@group-5F52F902B742-LeaderElection308: begin an election at term 167 for -1: [b8f04e38-0663-4b1f-8efd-f76585c6e86c:192.168.157.251:35700, abcd8826-c056-4817-bd0f-7af19a46d814:192.168.157.251:46496, 73297ffa-40cb-4e3e-b33e-1bc2c1da60f5:192.168.157.251:32952], old=null
2019-10-17 18:51:06,064 [grpc-default-executor-2] INFO  impl.RaftServerImpl (RaftServerImpl.java:setRole(184)) - b8f04e38-0663-4b1f-8efd-f76585c6e86c@group-5F52F902B742: changes role from  FOLLOWER to FOLLOWER at term 167 for recognizeCandidate:abcd8826-c056-4817-bd0f-7af19a46d814
2019-10-17 18:51:06,064 [grpc-default-executor-2] INFO  impl.RoleInfo (RoleInfo.java:shutdownFollowerState(121)) - b8f04e38-0663-4b1f-8efd-f76585c6e86c: shutdown FollowerState
2019-10-17 18:51:06,064 [a5e79c22-a35f-4e50-b1fd-e91b6a93d74d@group-F775CA5912AC-LeaderElection309] INFO  impl.LeaderElection (LeaderElection.java:askForVotes(178)) - a5e79c22-a35f-4e50-b1fd-e91b6a93d74d@group-F775CA5912AC-LeaderElection309: begin an election at term 165 for -1: [a5e79c22-a35f-4e50-b1fd-e91b6a93d74d:192.168.157.251:45177, daae7813-f814-475d-9647-a302a5541e36:192.168.157.251:45025, 1e4e1375-1b66-460f-8c99-4c341545a119:192.168.157.251:42113], old=null
2019-10-17 18:51:06,064 [Thread-2525] INFO  impl.FollowerState (FollowerState.java:run(117)) - b8f04e38-0663-4b1f-8efd-f76585c6e86c@group-5F52F902B742-FollowerState was interrupted: java.lang.InterruptedException: sleep interrupted
2019-10-17 18:51:06,064 [grpc-default-executor-2] INFO  impl.RoleInfo (RoleInfo.java:updateAndGet(143)) - b8f04e38-0663-4b1f-8efd-f76585c6e86c: start FollowerState
2019-10-17 18:51:06,064 [grpc-default-executor-5] INFO  impl.RaftServerImpl (RaftServerImpl.java:setRole(184)) - 73297ffa-40cb-4e3e-b33e-1bc2c1da60f5@group-5F52F902B742: changes role from  FOLLOWER to FOLLOWER at term 167 for recognizeCandidate:abcd8826-c056-4817-bd0f-7af19a46d814
2019-10-17 18:51:06,065 [grpc-default-executor-5] INFO  impl.RoleInfo (RoleInfo.java:shutdownFollowerState(121)) - 73297ffa-40cb-4e3e-b33e-1bc2c1da60f5: shutdown FollowerState
2019-10-17 18:51:06,065 [grpc-default-executor-5] INFO  impl.RoleInfo (RoleInfo.java:updateAndGet(143)) - 73297ffa-40cb-4e3e-b33e-1bc2c1da60f5: start FollowerState
2019-10-17 18:51:06,065 [Thread-2526] INFO  impl.FollowerState (FollowerState.java:run(117)) - 73297ffa-40cb-4e3e-b33e-1bc2c1da60f5@group-5F52F902B742-FollowerState was interrupted: java.lang.InterruptedException: sleep interrupted
2019-10-17 18:51:06,065 [grpc-default-executor-0] INFO  impl.RaftServerImpl (RaftServerImpl.java:setRole(184)) - daae7813-f814-475d-9647-a302a5541e36@group-F775CA5912AC: changes role from  FOLLOWER to FOLLOWER at term 165 for recognizeCandidate:a5e79c22-a35f-4e50-b1fd-e91b6a93d74d
2019-10-17 18:51:06,066 [grpc-default-executor-0] INFO  impl.RoleInfo (RoleInfo.java:shutdownFollowerState(121)) - daae7813-f814-475d-9647-a302a5541e36: shutdown FollowerState
2019-10-17 18:51:06,066 [grpc-default-executor-6] INFO  impl.RaftServerImpl (RaftServerImpl.java:setRole(184)) - 1e4e1375-1b66-460f-8c99-4c341545a119@group-F775CA5912AC: changes role from  FOLLOWER to FOLLOWER at term 165 for recognizeCandidate:a5e79c22-a35f-4e50-b1fd-e91b6a93d74d
2019-10-17 18:51:06,066 [Thread-2515] INFO  impl.FollowerState (FollowerState.java:run(117)) - daae7813-f814-475d-9647-a302a5541e36@group-F775CA5912AC-FollowerState was interrupted: java.lang.InterruptedException: sleep interrupted
2019-10-17 18:51:06,066 [grpc-default-executor-0] INFO  impl.RoleInfo (RoleInfo.java:updateAndGet(143)) - daae7813-f814-475d-9647-a302a5541e36: start FollowerState
2019-10-17 18:51:06,066 [grpc-default-executor-6] INFO  impl.RoleInfo (RoleInfo.java:shutdownFollowerState(121)) - 1e4e1375-1b66-460f-8c99-4c341545a119: shutdown FollowerState
2019-10-17 18:51:06,066 [grpc-default-executor-6] INFO  impl.RoleInfo (RoleInfo.java:updateAndGet(143)) - 1e4e1375-1b66-460f-8c99-4c341545a119: start FollowerState
2019-10-17 18:51:06,066 [Thread-2514] INFO  impl.FollowerState (FollowerState.java:run(117)) - 1e4e1375-1b66-460f-8c99-4c341545a119@group-F775CA5912AC-FollowerState was interrupted: java.lang.InterruptedException: sleep interrupted
2019-10-17 18:51:06,080 [abcd8826-c056-4817-bd0f-7af19a46d814@group-5F52F902B742-LeaderElection308] INFO  impl.LeaderElection (LeaderElection.java:logAndReturn(56)) - abcd8826-c056-4817-bd0f-7af19a46d814@group-5F52F902B742-LeaderElection308: Election REJECTED; received 2 response(s) [abcd8826-c056-4817-bd0f-7af19a46d814<-b8f04e38-0663-4b1f-8efd-f76585c6e86c#0:FAIL-t167, abcd8826-c056-4817-bd0f-7af19a46d814<-73297ffa-40cb-4e3e-b33e-1bc2c1da60f5#0:FAIL-t167] and 0 exception(s); abcd8826-c056-4817-bd0f-7af19a46d814@group-5F52F902B742:t167, leader=null, voted=abcd8826-c056-4817-bd0f-7af19a46d814, raftlog=abcd8826-c056-4817-bd0f-7af19a46d814@group-5F52F902B742-SegmentedRaftLog:OPENED:c-1,f-1,i0, conf=-1: [b8f04e38-0663-4b1f-8efd-f76585c6e86c:192.168.157.251:35700, abcd8826-c056-4817-bd0f-7af19a46d814:192.168.157.251:46496, 73297ffa-40cb-4e3e-b33e-1bc2c1da60f5:192.168.157.251:32952], old=null
2019-10-17 18:51:06,080 [a5e79c22-a35f-4e50-b1fd-e91b6a93d74d@group-F775CA5912AC-LeaderElection309] INFO  impl.LeaderElection (LeaderElection.java:logAndReturn(56)) - a5e79c22-a35f-4e50-b1fd-e91b6a93d74d@group-F775CA5912AC-LeaderElection309: Election REJECTED; received 2 response(s) [a5e79c22-a35f-4e50-b1fd-e91b6a93d74d<-daae7813-f814-475d-9647-a302a5541e36#0:FAIL-t165, a5e79c22-a35f-4e50-b1fd-e91b6a93d74d<-1e4e1375-1b66-460f-8c99-4c341545a119#0:FAIL-t165] and 0 exception(s); a5e79c22-a35f-4e50-b1fd-e91b6a93d74d@group-F775CA5912AC:t165, leader=null, voted=a5e79c22-a35f-4e50-b1fd-e91b6a93d74d, raftlog=a5e79c22-a35f-4e50-b1fd-e91b6a93d74d@group-F775CA5912AC-SegmentedRaftLog:OPENED:c-1,f-1,i0, conf=-1: [a5e79c22-a35f-4e50-b1fd-e91b6a93d74d:192.168.157.251:45177, daae7813-f814-475d-9647-a302a5541e36:192.168.157.251:45025, 1e4e1375-1b66-460f-8c99-4c341545a119:192.168.157.251:42113], old=null
2019-10-17 18:51:06,081 [abcd8826-c056-4817-bd0f-7af19a46d814@group-5F52F902B742-LeaderElection308] INFO  impl.RaftServerImpl (RaftServerImpl.java:setRole(184)) - abcd8826-c056-4817-bd0f-7af19a46d814@group-5F52F902B742: changes role from CANDIDATE to FOLLOWER at term 167 for DISCOVERED_A_NEW_TERM
2019-10-17 18:51:06,081 [a5e79c22-a35f-4e50-b1fd-e91b6a93d74d@group-F775CA5912AC-LeaderElection309] INFO  impl.RaftServerImpl (RaftServerImpl.java:setRole(184)) - a5e79c22-a35f-4e50-b1fd-e91b6a93d74d@group-F775CA5912AC: changes role from CANDIDATE to FOLLOWER at term 165 for DISCOVERED_A_NEW_TERM
2019-10-17 18:51:06,081 [abcd8826-c056-4817-bd0f-7af19a46d814@group-5F52F902B742-LeaderElection308] INFO  impl.RoleInfo (RoleInfo.java:shutdownLeaderElection(134)) - abcd8826-c056-4817-bd0f-7af19a46d814: shutdown LeaderElection
2019-10-17 18:51:06,081 [a5e79c22-a35f-4e50-b1fd-e91b6a93d74d@group-F775CA5912AC-LeaderElection309] INFO  impl.RoleInfo (RoleInfo.java:shutdownLeaderElection(134)) - a5e79c22-a35f-4e50-b1fd-e91b6a93d74d: shutdown LeaderElection
2019-10-17 18:51:06,081 [abcd8826-c056-4817-bd0f-7af19a46d814@group-5F52F902B742-LeaderElection308] INFO  impl.RoleInfo (RoleInfo.java:updateAndGet(143)) - abcd8826-c056-4817-bd0f-7af19a46d814: start FollowerState
2019-10-17 18:51:06,081 [a5e79c22-a35f-4e50-b1fd-e91b6a93d74d@group-F775CA5912AC-LeaderElection309] INFO  impl.RoleInfo (RoleInfo.java:updateAndGet(143)) - a5e79c22-a35f-4e50-b1fd-e91b6a93d74d: start FollowerState
2019-10-17 18:51:06,132 [Thread-2538] INFO  impl.FollowerState (FollowerState.java:run(108)) - abcd8826-c056-4817-bd0f-7af19a46d814@group-5F52F902B742-FollowerState: change to CANDIDATE, lastRpcTime:51ms, electionTimeout:51ms
2019-10-17 18:51:06,133 [Thread-2538] INFO  impl.RoleInfo (RoleInfo.java:shutdownFollowerState(121)) - abcd8826-c056-4817-bd0f-7af19a46d814: shutdown FollowerState
2019-10-17 18:51:06,133 [Thread-2538] INFO  impl.RaftServerImpl (RaftServerImpl.java:setRole(184)) - abcd8826-c056-4817-bd0f-7af19a46d814@group-5F52F902B742: changes role from  FOLLOWER to CANDIDATE at term 167 for changeToCandidate
2019-10-17 18:51:06,133 [Thread-2538] INFO  impl.RoleInfo (RoleInfo.java:updateAndGet(143)) - abcd8826-c056-4817-bd0f-7af19a46d814: start LeaderElection
2019-10-17 18:51:06,151 [Thread-2539] INFO  impl.FollowerState (FollowerState.java:run(108)) - a5e79c22-a35f-4e50-b1fd-e91b6a93d74d@group-F775CA5912AC-FollowerState: change to CANDIDATE, lastRpcTime:69ms, electionTimeout:69ms
2019-10-17 18:51:06,151 [Thread-2539] INFO  impl.RoleInfo (RoleInfo.java:shutdownFollowerState(121)) - a5e79c22-a35f-4e50-b1fd-e91b6a93d74d: shutdown FollowerState
2019-10-17 18:51:06,151 [Thread-2539] INFO  impl.RaftServerImpl (RaftServerImpl.java:setRole(184)) - a5e79c22-a35f-4e50-b1fd-e91b6a93d74d@group-F775CA5912AC: changes role from  FOLLOWER to CANDIDATE at term 165 for changeToCandidate
2019-10-17 18:51:06,151 [Thread-2539] INFO  impl.RoleInfo (RoleInfo.java:updateAndGet(143)) - a5e79c22-a35f-4e50-b1fd-e91b6a93d74d: start LeaderElection
2019-10-17 18:51:06,159 [abcd8826-c056-4817-bd0f-7af19a46d814@group-5F52F902B742-LeaderElection310] INFO  impl.LeaderElection (LeaderElection.java:askForVotes(178)) - abcd8826-c056-4817-bd0f-7af19a46d814@group-5F52F902B742-LeaderElection310: begin an election at term 168 for -1: [b8f04e38-0663-4b1f-8efd-f76585c6e86c:192.168.157.251:35700, abcd8826-c056-4817-bd0f-7af19a46d814:192.168.157.251:46496, 73297ffa-40cb-4e3e-b33e-1bc2c1da60f5:192.168.157.251:32952], old=null
2019-10-17 18:51:06,160 [grpc-default-executor-2] INFO  impl.RaftServerImpl (RaftServerImpl.java:setRole(184)) - 73297ffa-40cb-4e3e-b33e-1bc2c1da60f5@group-5F52F902B742: changes role from  FOLLOWER to FOLLOWER at term 168 for recognizeCandidate:abcd8826-c056-4817-bd0f-7af19a46d814
2019-10-17 18:51:06,160 [grpc-default-executor-2] INFO  impl.RoleInfo (RoleInfo.java:shutdownFollowerState(121)) - 73297ffa-40cb-4e3e-b33e-1bc2c1da60f5: shutdown FollowerState
2019-10-17 18:51:06,160 [grpc-default-executor-5] INFO  impl.RaftServerImpl (RaftServerImpl.java:setRole(184)) - b8f04e38-0663-4b1f-8efd-f76585c6e86c@group-5F52F902B742: changes role from  FOLLOWER to FOLLOWER at term 168 for recognizeCandidate:abcd8826-c056-4817-bd0f-7af19a46d814
2019-10-17 18:51:06,160 [grpc-default-executor-5] INFO  impl.RoleInfo (RoleInfo.java:shutdownFollowerState(121)) - b8f04e38-0663-4b1f-8efd-f76585c6e86c: shutdown FollowerState
2019-10-17 18:51:06,160 [Thread-2535] INFO  impl.FollowerState (FollowerState.java:run(117)) - 73297ffa-40cb-4e3e-b33e-1bc2c1da60f5@group-5F52F902B742-FollowerState was interrupted: java.lang.InterruptedException: sleep interrupted
2019-10-17 18:51:06,160 [grpc-default-executor-2] INFO  impl.RoleInfo (RoleInfo.java:updateAndGet(143)) - 73297ffa-40cb-4e3e-b33e-1bc2c1da60f5: start FollowerState
2019-10-17 18:51:06,161 [Thread-2532] INFO  impl.FollowerState (FollowerState.java:run(117)) - b8f04e38-0663-4b1f-8efd-f76585c6e86c@group-5F52F902B742-FollowerState was interrupted: java.lang.InterruptedException: sleep interrupted
2019-10-17 18:51:06,161 [grpc-default-executor-5] INFO  impl.RoleInfo (RoleInfo.java:updateAndGet(143)) - b8f04e38-0663-4b1f-8efd-f76585c6e86c: start FollowerState
2019-10-17 18:51:06,161 [a5e79c22-a35f-4e50-b1fd-e91b6a93d74d@group-F775CA5912AC-LeaderElection311] INFO  impl.LeaderElection (LeaderElection.java:askForVotes(178)) - a5e79c22-a35f-4e50-b1fd-e91b6a93d74d@group-F775CA5912AC-LeaderElection311: begin an election at term 166 for -1: [a5e79c22-a35f-4e50-b1fd-e91b6a93d74d:192.168.157.251:45177, daae7813-f814-475d-9647-a302a5541e36:192.168.157.251:45025, 1e4e1375-1b66-460f-8c99-4c341545a119:192.168.157.251:42113], old=null
2019-10-17 18:51:06,163 [grpc-default-executor-0] INFO  impl.RaftServerImpl (RaftServerImpl.java:setRole(184)) - 1e4e1375-1b66-460f-8c99-4c341545a119@group-F775CA5912AC: changes role from  FOLLOWER to FOLLOWER at term 166 for recognizeCandidate:a5e79c22-a35f-4e50-b1fd-e91b6a93d74d
2019-10-17 18:51:06,163 [grpc-default-executor-0] INFO  impl.RoleInfo (RoleInfo.java:shutdownFollowerState(121)) - 1e4e1375-1b66-460f-8c99-4c341545a119: shutdown FollowerState
2019-10-17 18:51:06,163 [grpc-default-executor-0] INFO  impl.RoleInfo (RoleInfo.java:updateAndGet(143)) - 1e4e1375-1b66-460f-8c99-4c341545a119: start FollowerState
2019-10-17 18:51:06,163 [Thread-2537] INFO  impl.FollowerState (FollowerState.java:run(117)) - 1e4e1375-1b66-460f-8c99-4c341545a119@group-F775CA5912AC-FollowerState was interrupted: java.lang.InterruptedException: sleep interrupted
2019-10-17 18:51:06,175 [grpc-default-executor-2] INFO  impl.RaftServerImpl (RaftServerImpl.java:setRole(184)) - daae7813-f814-475d-9647-a302a5541e36@group-F775CA5912AC: changes role from  FOLLOWER to FOLLOWER at term 166 for recognizeCandidate:a5e79c22-a35f-4e50-b1fd-e91b6a93d74d
2019-10-17 18:51:06,175 [grpc-default-executor-2] INFO  impl.RoleInfo (RoleInfo.java:shutdownFollowerState(121)) - daae7813-f814-475d-9647-a302a5541e36: shutdown FollowerState
2019-10-17 18:51:06,175 [grpc-default-executor-2] INFO  impl.RoleInfo (RoleInfo.java:updateAndGet(143)) - daae7813-f814-475d-9647-a302a5541e36: start FollowerState
2019-10-17 18:51:06,175 [Thread-2536] INFO  impl.FollowerState (FollowerState.java:run(117)) - daae7813-f814-475d-9647-a302a5541e36@group-F775CA5912AC-FollowerState was interrupted: java.lang.InterruptedException: sleep interrupted
2019-10-17 18:51:06,176 [abcd8826-c056-4817-bd0f-7af19a46d814@group-5F52F902B742-LeaderElection310] INFO  impl.LeaderElection (LeaderElection.java:logAndReturn(56)) - abcd8826-c056-4817-bd0f-7af19a46d814@group-5F52F902B742-LeaderElection310: Election REJECTED; received 2 response(s) [abcd8826-c056-4817-bd0f-7af19a46d814<-b8f04e38-0663-4b1f-8efd-f76585c6e86c#0:FAIL-t168, abcd8826-c056-4817-bd0f-7af19a46d814<-73297ffa-40cb-4e3e-b33e-1bc2c1da60f5#0:FAIL-t168] and 0 exception(s); abcd8826-c056-4817-bd0f-7af19a46d814@group-5F52F902B742:t168, leader=null, voted=abcd8826-c056-4817-bd0f-7af19a46d814, raftlog=abcd8826-c056-4817-bd0f-7af19a46d814@group-5F52F902B742-SegmentedRaftLog:OPENED:c-1,f-1,i0, conf=-1: [b8f04e38-0663-4b1f-8efd-f76585c6e86c:192.168.157.251:35700, abcd8826-c056-4817-bd0f-7af19a46d814:192.168.157.251:46496, 73297ffa-40cb-4e3e-b33e-1bc2c1da60f5:192.168.157.251:32952], old=null
2019-10-17 18:51:06,176 [abcd8826-c056-4817-bd0f-7af19a46d814@group-5F52F902B742-LeaderElection310] INFO  impl.RaftServerImpl (RaftServerImpl.java:setRole(184)) - abcd8826-c056-4817-bd0f-7af19a46d814@group-5F52F902B742: changes role from CANDIDATE to FOLLOWER at term 168 for DISCOVERED_A_NEW_TERM
2019-10-17 18:51:06,176 [abcd8826-c056-4817-bd0f-7af19a46d814@group-5F52F902B742-LeaderElection310] INFO  impl.RoleInfo (RoleInfo.java:shutdownLeaderElection(134)) - abcd8826-c056-4817-bd0f-7af19a46d814: shutdown LeaderElection
2019-10-17 18:51:06,176 [abcd8826-c056-4817-bd0f-7af19a46d814@group-5F52F902B742-LeaderElection310] INFO  impl.RoleInfo (RoleInfo.java:updateAndGet(143)) - abcd8826-c056-4817-bd0f-7af19a46d814: start FollowerState
2019-10-17 18:51:06,180 [a5e79c22-a35f-4e50-b1fd-e91b6a93d74d@group-F775CA5912AC-LeaderElection311] INFO  impl.LeaderElection (LeaderElection.java:logAndReturn(56)) - a5e79c22-a35f-4e50-b1fd-e91b6a93d74d@group-F775CA5912AC-LeaderElection311: Election REJECTED; received 2 response(s) [a5e79c22-a35f-4e50-b1fd-e91b6a93d74d<-daae7813-f814-475d-9647-a302a5541e36#0:FAIL-t166, a5e79c22-a35f-4e50-b1fd-e91b6a93d74d<-1e4e1375-1b66-460f-8c99-4c341545a119#0:FAIL-t166] and 0 exception(s); a5e79c22-a35f-4e50-b1fd-e91b6a93d74d@group-F775CA5912AC:t166, leader=null, voted=a5e79c22-a35f-4e50-b1fd-e91b6a93d74d, raftlog=a5e79c22-a35f-4e50-b1fd-e91b6a93d74d@group-F775CA5912AC-SegmentedRaftLog:OPENED:c-1,f-1,i0, conf=-1: [a5e79c22-a35f-4e50-b1fd-e91b6a93d74d:192.168.157.251:45177, daae7813-f814-475d-9647-a302a5541e36:192.168.157.251:45025, 1e4e1375-1b66-460f-8c99-4c341545a119:192.168.157.251:42113], old=null
2019-10-17 18:51:06,180 [a5e79c22-a35f-4e50-b1fd-e91b6a93d74d@group-F775CA5912AC-LeaderElection311] INFO  impl.RaftServerImpl (RaftServerImpl.java:setRole(184)) - a5e79c22-a35f-4e50-b1fd-e91b6a93d74d@group-F775CA5912AC: changes role from CANDIDATE to FOLLOWER at term 166 for DISCOVERED_A_NEW_TERM
2019-10-17 18:51:06,180 [a5e79c22-a35f-4e50-b1fd-e91b6a93d74d@group-F775CA5912AC-LeaderElection311] INFO  impl.RoleInfo (RoleInfo.java:shutdownLeaderElection(134)) - a5e79c22-a35f-4e50-b1fd-e91b6a93d74d: shutdown LeaderElection
2019-10-17 18:51:06,180 [a5e79c22-a35f-4e50-b1fd-e91b6a93d74d@group-F775CA5912AC-LeaderElection311] INFO  impl.RoleInfo (RoleInfo.java:updateAndGet(143)) - a5e79c22-a35f-4e50-b1fd-e91b6a93d74d: start FollowerState
2019-10-17 18:51:06,250 [Thread-2551] INFO  impl.FollowerState (FollowerState.java:run(108)) - a5e79c22-a35f-4e50-b1fd-e91b6a93d74d@group-F775CA5912AC-FollowerState: change to CANDIDATE, lastRpcTime:70ms, electionTimeout:70ms
2019-10-17 18:51:06,250 [Thread-2551] INFO  impl.RoleInfo (RoleInfo.java:shutdownFollowerState(121)) - a5e79c22-a35f-4e50-b1fd-e91b6a93d74d: shutdown FollowerState
2019-10-17 18:51:06,251 [Thread-2551] INFO  impl.RaftServerImpl (RaftServerImpl.java:setRole(184)) - a5e79c22-a35f-4e50-b1fd-e91b6a93d74d@group-F775CA5912AC: changes role from  FOLLOWER to CANDIDATE at term 166 for changeToCandidate
2019-10-17 18:51:06,251 [Thread-2551] INFO  impl.RoleInfo (RoleInfo.java:updateAndGet(143)) - a5e79c22-a35f-4e50-b1fd-e91b6a93d74d: start LeaderElection
2019-10-17 18:51:06,276 [a5e79c22-a35f-4e50-b1fd-e91b6a93d74d@group-F775CA5912AC-LeaderElection312] INFO  impl.LeaderElection (LeaderElection.java:askForVotes(178)) - a5e79c22-a35f-4e50-b1fd-e91b6a93d74d@group-F775CA5912AC-LeaderElection312: begin an election at term 167 for -1: [a5e79c22-a35f-4e50-b1fd-e91b6a93d74d:192.168.157.251:45177, daae7813-f814-475d-9647-a302a5541e36:192.168.157.251:45025, 1e4e1375-1b66-460f-8c99-4c341545a119:192.168.157.251:42113], old=null
2019-10-17 18:51:06,278 [grpc-default-executor-2] INFO  impl.RaftServerImpl (RaftServerImpl.java:setRole(184)) - 1e4e1375-1b66-460f-8c99-4c341545a119@group-F775CA5912AC: changes role from  FOLLOWER to FOLLOWER at term 167 for recognizeCandidate:a5e79c22-a35f-4e50-b1fd-e91b6a93d74d
2019-10-17 18:51:06,278 [grpc-default-executor-2] INFO  impl.RoleInfo (RoleInfo.java:shutdownFollowerState(121)) - 1e4e1375-1b66-460f-8c99-4c341545a119: shutdown FollowerState
2019-10-17 18:51:06,278 [grpc-default-executor-0] INFO  impl.RaftServerImpl (RaftServerImpl.java:setRole(184)) - daae7813-f814-475d-9647-a302a5541e36@group-F775CA5912AC: changes role from  FOLLOWER to FOLLOWER at term 167 for recognizeCandidate:a5e79c22-a35f-4e50-b1fd-e91b6a93d74d
2019-10-17 18:51:06,278 [Thread-2548] INFO  impl.FollowerState (FollowerState.java:run(117)) - 1e4e1375-1b66-460f-8c99-4c341545a119@group-F775CA5912AC-FollowerState was interrupted: java.lang.InterruptedException: sleep interrupted
2019-10-17 18:51:06,278 [grpc-default-executor-2] INFO  impl.RoleInfo (RoleInfo.java:updateAndGet(143)) - 1e4e1375-1b66-460f-8c99-4c341545a119: start FollowerState
2019-10-17 18:51:06,278 [grpc-default-executor-0] INFO  impl.RoleInfo (RoleInfo.java:shutdownFollowerState(121)) - daae7813-f814-475d-9647-a302a5541e36: shutdown FollowerState
2019-10-17 18:51:06,279 [grpc-default-executor-0] INFO  impl.RoleInfo (RoleInfo.java:updateAndGet(143)) - daae7813-f814-475d-9647-a302a5541e36: start FollowerState
2019-10-17 18:51:06,279 [Thread-2549] INFO  impl.FollowerState (FollowerState.java:run(117)) - daae7813-f814-475d-9647-a302a5541e36@group-F775CA5912AC-FollowerState was interrupted: java.lang.InterruptedException: sleep interrupted
2019-10-17 18:51:06,292 [a5e79c22-a35f-4e50-b1fd-e91b6a93d74d@group-F775CA5912AC-LeaderElection312] INFO  impl.LeaderElection (LeaderElection.java:logAndReturn(56)) - a5e79c22-a35f-4e50-b1fd-e91b6a93d74d@group-F775CA5912AC-LeaderElection312: Election REJECTED; received 2 response(s) [a5e79c22-a35f-4e50-b1fd-e91b6a93d74d<-daae7813-f814-475d-9647-a302a5541e36#0:FAIL-t167, a5e79c22-a35f-4e50-b1fd-e91b6a93d74d<-1e4e1375-1b66-460f-8c99-4c341545a119#0:FAIL-t167] and 0 exception(s); a5e79c22-a35f-4e50-b1fd-e91b6a93d74d@group-F775CA5912AC:t167, leader=null, voted=a5e79c22-a35f-4e50-b1fd-e91b6a93d74d, raftlog=a5e79c22-a35f-4e50-b1fd-e91b6a93d74d@group-F775CA5912AC-SegmentedRaftLog:OPENED:c-1,f-1,i0, conf=-1: [a5e79c22-a35f-4e50-b1fd-e91b6a93d74d:192.168.157.251:45177, daae7813-f814-475d-9647-a302a5541e36:192.168.157.251:45025, 1e4e1375-1b66-460f-8c99-4c341545a119:192.168.157.251:42113], old=null
2019-10-17 18:51:06,292 [a5e79c22-a35f-4e50-b1fd-e91b6a93d74d@group-F775CA5912AC-LeaderElection312] INFO  impl.RaftServerImpl (RaftServerImpl.java:setRole(184)) - a5e79c22-a35f-4e50-b1fd-e91b6a93d74d@group-F775CA5912AC: changes role from CANDIDATE to FOLLOWER at term 167 for DISCOVERED_A_NEW_TERM
2019-10-17 18:51:06,292 [a5e79c22-a35f-4e50-b1fd-e91b6a93d74d@group-F775CA5912AC-LeaderElection312] INFO  impl.RoleInfo (RoleInfo.java:shutdownLeaderElection(134)) - a5e79c22-a35f-4e50-b1fd-e91b6a93d74d: shutdown LeaderElection
2019-10-17 18:51:06,292 [a5e79c22-a35f-4e50-b1fd-e91b6a93d74d@group-F775CA5912AC-LeaderElection312] INFO  impl.RoleInfo (RoleInfo.java:updateAndGet(143)) - a5e79c22-a35f-4e50-b1fd-e91b6a93d74d: start FollowerState
2019-10-17 18:51:06,315 [Thread-2550] INFO  impl.FollowerState (FollowerState.java:run(108)) - abcd8826-c056-4817-bd0f-7af19a46d814@group-5F52F902B742-FollowerState: change to CANDIDATE, lastRpcTime:139ms, electionTimeout:139ms
2019-10-17 18:51:06,315 [Thread-2550] INFO  impl.RoleInfo (RoleInfo.java:shutdownFollowerState(121)) - abcd8826-c056-4817-bd0f-7af19a46d814: shutdown FollowerState
2019-10-17 18:51:06,315 [Thread-2550] INFO  impl.RaftServerImpl (RaftServerImpl.java:setRole(184)) - abcd8826-c056-4817-bd0f-7af19a46d814@group-5F52F902B742: changes role from  FOLLOWER to CANDIDATE at term 168 for changeToCandidate
2019-10-17 18:51:06,315 [Thread-2550] INFO  impl.RoleInfo (RoleInfo.java:updateAndGet(143)) - abcd8826-c056-4817-bd0f-7af19a46d814: start LeaderElection
2019-10-17 18:51:06,329 [abcd8826-c056-4817-bd0f-7af19a46d814@group-5F52F902B742-LeaderElection313] INFO  impl.LeaderElection (LeaderElection.java:askForVotes(178)) - abcd8826-c056-4817-bd0f-7af19a46d814@group-5F52F902B742-LeaderElection313: begin an election at term 169 for -1: [b8f04e38-0663-4b1f-8efd-f76585c6e86c:192.168.157.251:35700, abcd8826-c056-4817-bd0f-7af19a46d814:192.168.157.251:46496, 73297ffa-40cb-4e3e-b33e-1bc2c1da60f5:192.168.157.251:32952], old=null
2019-10-17 18:51:06,331 [grpc-default-executor-2] INFO  impl.RaftServerImpl (RaftServerImpl.java:setRole(184)) - b8f04e38-0663-4b1f-8efd-f76585c6e86c@group-5F52F902B742: changes role from  FOLLOWER to FOLLOWER at term 169 for recognizeCandidate:abcd8826-c056-4817-bd0f-7af19a46d814
2019-10-17 18:51:06,331 [grpc-default-executor-2] INFO  impl.RoleInfo (RoleInfo.java:shutdownFollowerState(121)) - b8f04e38-0663-4b1f-8efd-f76585c6e86c: shutdown FollowerState
2019-10-17 18:51:06,331 [grpc-default-executor-2] INFO  impl.RoleInfo (RoleInfo.java:updateAndGet(143)) - b8f04e38-0663-4b1f-8efd-f76585c6e86c: start FollowerState
2019-10-17 18:51:06,331 [Thread-2545] INFO  impl.FollowerState (FollowerState.java:run(117)) - b8f04e38-0663-4b1f-8efd-f76585c6e86c@group-5F52F902B742-FollowerState was interrupted: java.lang.InterruptedException: sleep interrupted
2019-10-17 18:51:06,332 [grpc-default-executor-0] INFO  impl.RaftServerImpl (RaftServerImpl.java:setRole(184)) - 73297ffa-40cb-4e3e-b33e-1bc2c1da60f5@group-5F52F902B742: changes role from  FOLLOWER to FOLLOWER at term 169 for recognizeCandidate:abcd8826-c056-4817-bd0f-7af19a46d814
2019-10-17 18:51:06,332 [grpc-default-executor-0] INFO  impl.RoleInfo (RoleInfo.java:shutdownFollowerState(121)) - 73297ffa-40cb-4e3e-b33e-1bc2c1da60f5: shutdown FollowerState
2019-10-17 18:51:06,332 [grpc-default-executor-0] INFO  impl.RoleInfo (RoleInfo.java:updateAndGet(143)) - 73297ffa-40cb-4e3e-b33e-1bc2c1da60f5: start FollowerState
2019-10-17 18:51:06,332 [Thread-2544] INFO  impl.FollowerState (FollowerState.java:run(117)) - 73297ffa-40cb-4e3e-b33e-1bc2c1da60f5@group-5F52F902B742-FollowerState was interrupted: java.lang.InterruptedException: sleep interrupted
2019-10-17 18:51:06,345 [abcd8826-c056-4817-bd0f-7af19a46d814@group-5F52F902B742-LeaderElection313] INFO  impl.LeaderElection (LeaderElection.java:logAndReturn(56)) - abcd8826-c056-4817-bd0f-7af19a46d814@group-5F52F902B742-LeaderElection313: Election REJECTED; received 2 response(s) [abcd8826-c056-4817-bd0f-7af19a46d814<-b8f04e38-0663-4b1f-8efd-f76585c6e86c#0:FAIL-t169, abcd8826-c056-4817-bd0f-7af19a46d814<-73297ffa-40cb-4e3e-b33e-1bc2c1da60f5#0:FAIL-t169] and 0 exception(s); abcd8826-c056-4817-bd0f-7af19a46d814@group-5F52F902B742:t169, leader=null, voted=abcd8826-c056-4817-bd0f-7af19a46d814, raftlog=abcd8826-c056-4817-bd0f-7af19a46d814@group-5F52F902B742-SegmentedRaftLog:OPENED:c-1,f-1,i0, conf=-1: [b8f04e38-0663-4b1f-8efd-f76585c6e86c:192.168.157.251:35700, abcd8826-c056-4817-bd0f-7af19a46d814:192.168.157.251:46496, 73297ffa-40cb-4e3e-b33e-1bc2c1da60f5:192.168.157.251:32952], old=null
2019-10-17 18:51:06,346 [abcd8826-c056-4817-bd0f-7af19a46d814@group-5F52F902B742-LeaderElection313] INFO  impl.RaftServerImpl (RaftServerImpl.java:setRole(184)) - abcd8826-c056-4817-bd0f-7af19a46d814@group-5F52F902B742: changes role from CANDIDATE to FOLLOWER at term 169 for DISCOVERED_A_NEW_TERM
2019-10-17 18:51:06,346 [abcd8826-c056-4817-bd0f-7af19a46d814@group-5F52F902B742-LeaderElection313] INFO  impl.RoleInfo (RoleInfo.java:shutdownLeaderElection(134)) - abcd8826-c056-4817-bd0f-7af19a46d814: shutdown LeaderElection
2019-10-17 18:51:06,346 [abcd8826-c056-4817-bd0f-7af19a46d814@group-5F52F902B742-LeaderElection313] INFO  impl.RoleInfo (RoleInfo.java:updateAndGet(143)) - abcd8826-c056-4817-bd0f-7af19a46d814: start FollowerState
2019-10-17 18:51:06,361 [Thread-2557] INFO  impl.FollowerState (FollowerState.java:run(108)) - a5e79c22-a35f-4e50-b1fd-e91b6a93d74d@group-F775CA5912AC-FollowerState: change to CANDIDATE, lastRpcTime:69ms, electionTimeout:69ms
2019-10-17 18:51:06,361 [Thread-2557] INFO  impl.RoleInfo (RoleInfo.java:shutdownFollowerState(121)) - a5e79c22-a35f-4e50-b1fd-e91b6a93d74d: shutdown FollowerState
2019-10-17 18:51:06,362 [Thread-2557] INFO  impl.RaftServerImpl (RaftServerImpl.java:setRole(184)) - a5e79c22-a35f-4e50-b1fd-e91b6a93d74d@group-F775CA5912AC: changes role from  FOLLOWER to CANDIDATE at term 167 for changeToCandidate
2019-10-17 18:51:06,362 [Thread-2557] INFO  impl.RoleInfo (RoleInfo.java:updateAndGet(143)) - a5e79c22-a35f-4e50-b1fd-e91b6a93d74d: start LeaderElection
2019-10-17 18:51:06,375 [a5e79c22-a35f-4e50-b1fd-e91b6a93d74d@group-F775CA5912AC-LeaderElection314] INFO  impl.LeaderElection (LeaderElection.java:askForVotes(178)) - a5e79c22-a35f-4e50-b1fd-e91b6a93d74d@group-F775CA5912AC-LeaderElection314: begin an election at term 168 for -1: [a5e79c22-a35f-4e50-b1fd-e91b6a93d74d:192.168.157.251:45177, daae7813-f814-475d-9647-a302a5541e36:192.168.157.251:45025, 1e4e1375-1b66-460f-8c99-4c341545a119:192.168.157.251:42113], old=null
2019-10-17 18:51:06,378 [grpc-default-executor-0] INFO  impl.RaftServerImpl (RaftServerImpl.java:setRole(184)) - 1e4e1375-1b66-460f-8c99-4c341545a119@group-F775CA5912AC: changes role from  FOLLOWER to FOLLOWER at term 168 for recognizeCandidate:a5e79c22-a35f-4e50-b1fd-e91b6a93d74d
2019-10-17 18:51:06,378 [grpc-default-executor-0] INFO  impl.RoleInfo (RoleInfo.java:shutdownFollowerState(121)) - 1e4e1375-1b66-460f-8c99-4c341545a119: shutdown FollowerState
2019-10-17 18:51:06,378 [grpc-default-executor-2] INFO  impl.RaftServerImpl (RaftServerImpl.java:setRole(184)) - daae7813-f814-475d-9647-a302a5541e36@group-F775CA5912AC: changes role from  FOLLOWER to FOLLOWER at term 168 for recognizeCandidate:a5e79c22-a35f-4e50-b1fd-e91b6a93d74d
2019-10-17 18:51:06,378 [grpc-default-executor-2] INFO  impl.RoleInfo (RoleInfo.java:shutdownFollowerState(121)) - daae7813-f814-475d-9647-a302a5541e36: shutdown FollowerState
2019-10-17 18:51:06,378 [grpc-default-executor-0] INFO  impl.RoleInfo (RoleInfo.java:updateAndGet(143)) - 1e4e1375-1b66-460f-8c99-4c341545a119: start FollowerState
2019-10-17 18:51:06,378 [Thread-2555] INFO  impl.FollowerState (FollowerState.java:run(117)) - 1e4e1375-1b66-460f-8c99-4c341545a119@group-F775CA5912AC-FollowerState was interrupted: java.lang.InterruptedException: sleep interrupted
2019-10-17 18:51:06,378 [Thread-2556] INFO  impl.FollowerState (FollowerState.java:run(117)) - daae7813-f814-475d-9647-a302a5541e36@group-F775CA5912AC-FollowerState was interrupted: java.lang.InterruptedException: sleep interrupted
2019-10-17 18:51:06,378 [grpc-default-executor-2] INFO  impl.RoleInfo (RoleInfo.java:updateAndGet(143)) - daae7813-f814-475d-9647-a302a5541e36: start FollowerState
2019-10-17 18:51:06,393 [a5e79c22-a35f-4e50-b1fd-e91b6a93d74d@group-F775CA5912AC-LeaderElection314] INFO  impl.LeaderElection (LeaderElection.java:logAndReturn(56)) - a5e79c22-a35f-4e50-b1fd-e91b6a93d74d@group-F775CA5912AC-LeaderElection314: Election REJECTED; received 2 response(s) [a5e79c22-a35f-4e50-b1fd-e91b6a93d74d<-daae7813-f814-475d-9647-a302a5541e36#0:FAIL-t168, a5e79c22-a35f-4e50-b1fd-e91b6a93d74d<-1e4e1375-1b66-460f-8c99-4c341545a119#0:FAIL-t168] and 0 exception(s); a5e79c22-a35f-4e50-b1fd-e91b6a93d74d@group-F775CA5912AC:t168, leader=null, voted=a5e79c22-a35f-4e50-b1fd-e91b6a93d74d, raftlog=a5e79c22-a35f-4e50-b1fd-e91b6a93d74d@group-F775CA5912AC-SegmentedRaftLog:OPENED:c-1,f-1,i0, conf=-1: [a5e79c22-a35f-4e50-b1fd-e91b6a93d74d:192.168.157.251:45177, daae7813-f814-475d-9647-a302a5541e36:192.168.157.251:45025, 1e4e1375-1b66-460f-8c99-4c341545a119:192.168.157.251:42113], old=null
2019-10-17 18:51:06,393 [a5e79c22-a35f-4e50-b1fd-e91b6a93d74d@group-F775CA5912AC-LeaderElection314] INFO  impl.RaftServerImpl (RaftServerImpl.java:setRole(184)) - a5e79c22-a35f-4e50-b1fd-e91b6a93d74d@group-F775CA5912AC: changes role from CANDIDATE to FOLLOWER at term 168 for DISCOVERED_A_NEW_TERM
2019-10-17 18:51:06,393 [a5e79c22-a35f-4e50-b1fd-e91b6a93d74d@group-F775CA5912AC-LeaderElection314] INFO  impl.RoleInfo (RoleInfo.java:shutdownLeaderElection(134)) - a5e79c22-a35f-4e50-b1fd-e91b6a93d74d: shutdown LeaderElection
2019-10-17 18:51:06,393 [a5e79c22-a35f-4e50-b1fd-e91b6a93d74d@group-F775CA5912AC-LeaderElection314] INFO  impl.RoleInfo (RoleInfo.java:updateAndGet(143)) - a5e79c22-a35f-4e50-b1fd-e91b6a93d74d: start FollowerState
2019-10-17 18:51:06,491 [Thread-2565] INFO  impl.FollowerState (FollowerState.java:run(108)) - abcd8826-c056-4817-bd0f-7af19a46d814@group-5F52F902B742-FollowerState: change to CANDIDATE, lastRpcTime:145ms, electionTimeout:145ms
2019-10-17 18:51:06,491 [Thread-2565] INFO  impl.RoleInfo (RoleInfo.java:shutdownFollowerState(121)) - abcd8826-c056-4817-bd0f-7af19a46d814: shutdown FollowerState
2019-10-17 18:51:06,492 [Thread-2565] INFO  impl.RaftServerImpl (RaftServerImpl.java:setRole(184)) - abcd8826-c056-4817-bd0f-7af19a46d814@group-5F52F902B742: changes role from  FOLLOWER to CANDIDATE at term 169 for changeToCandidate
2019-10-17 18:51:06,492 [Thread-2565] INFO  impl.RoleInfo (RoleInfo.java:updateAndGet(143)) - abcd8826-c056-4817-bd0f-7af19a46d814: start LeaderElection
2019-10-17 18:51:06,507 [abcd8826-c056-4817-bd0f-7af19a46d814@group-5F52F902B742-LeaderElection315] INFO  impl.LeaderElection (LeaderElection.java:askForVotes(178)) - abcd8826-c056-4817-bd0f-7af19a46d814@group-5F52F902B742-LeaderElection315: begin an election at term 170 for -1: [b8f04e38-0663-4b1f-8efd-f76585c6e86c:192.168.157.251:35700, abcd8826-c056-4817-bd0f-7af19a46d814:192.168.157.251:46496, 73297ffa-40cb-4e3e-b33e-1bc2c1da60f5:192.168.157.251:32952], old=null
2019-10-17 18:51:06,509 [grpc-default-executor-2] INFO  impl.RaftServerImpl (RaftServerImpl.java:setRole(184)) - b8f04e38-0663-4b1f-8efd-f76585c6e86c@group-5F52F902B742: changes role from  FOLLOWER to FOLLOWER at term 170 for recognizeCandidate:abcd8826-c056-4817-bd0f-7af19a46d814
2019-10-17 18:51:06,509 [grpc-default-executor-2] INFO  impl.RoleInfo (RoleInfo.java:shutdownFollowerState(121)) - b8f04e38-0663-4b1f-8efd-f76585c6e86c: shutdown FollowerState
2019-10-17 18:51:06,509 [grpc-default-executor-2] INFO  impl.RoleInfo (RoleInfo.java:updateAndGet(143)) - b8f04e38-0663-4b1f-8efd-f76585c6e86c: start FollowerState
2019-10-17 18:51:06,509 [Thread-2563] INFO  impl.FollowerState (FollowerState.java:run(117)) - b8f04e38-0663-4b1f-8efd-f76585c6e86c@group-5F52F902B742-FollowerState was interrupted: java.lang.InterruptedException: sleep interrupted
2019-10-17 18:51:06,509 [grpc-default-executor-0] INFO  impl.RaftServerImpl (RaftServerImpl.java:setRole(184)) - 73297ffa-40cb-4e3e-b33e-1bc2c1da60f5@group-5F52F902B742: changes role from  FOLLOWER to FOLLOWER at term 170 for recognizeCandidate:abcd8826-c056-4817-bd0f-7af19a46d814
2019-10-17 18:51:06,510 [grpc-default-executor-0] INFO  impl.RoleInfo (RoleInfo.java:shutdownFollowerState(121)) - 73297ffa-40cb-4e3e-b33e-1bc2c1da60f5: shutdown FollowerState
2019-10-17 18:51:06,510 [grpc-default-executor-0] INFO  impl.RoleInfo (RoleInfo.java:updateAndGet(143)) - 73297ffa-40cb-4e3e-b33e-1bc2c1da60f5: start FollowerState
2019-10-17 18:51:06,510 [Thread-2564] INFO  impl.FollowerState (FollowerState.java:run(117)) - 73297ffa-40cb-4e3e-b33e-1bc2c1da60f5@group-5F52F902B742-FollowerState was interrupted: java.lang.InterruptedException: sleep interrupted
2019-10-17 18:51:06,536 [abcd8826-c056-4817-bd0f-7af19a46d814@group-5F52F902B742-LeaderElection315] INFO  impl.LeaderElection (LeaderElection.java:logAndReturn(56)) - abcd8826-c056-4817-bd0f-7af19a46d814@group-5F52F902B742-LeaderElection315: Election REJECTED; received 2 response(s) [abcd8826-c056-4817-bd0f-7af19a46d814<-b8f04e38-0663-4b1f-8efd-f76585c6e86c#0:FAIL-t170, abcd8826-c056-4817-bd0f-7af19a46d814<-73297ffa-40cb-4e3e-b33e-1bc2c1da60f5#0:FAIL-t170] and 0 exception(s); abcd8826-c056-4817-bd0f-7af19a46d814@group-5F52F902B742:t170, leader=null, voted=abcd8826-c056-4817-bd0f-7af19a46d814, raftlog=abcd8826-c056-4817-bd0f-7af19a46d814@group-5F52F902B742-SegmentedRaftLog:OPENED:c-1,f-1,i0, conf=-1: [b8f04e38-0663-4b1f-8efd-f76585c6e86c:192.168.157.251:35700, abcd8826-c056-4817-bd0f-7af19a46d814:192.168.157.251:46496, 73297ffa-40cb-4e3e-b33e-1bc2c1da60f5:192.168.157.251:32952], old=null
2019-10-17 18:51:06,536 [abcd8826-c056-4817-bd0f-7af19a46d814@group-5F52F902B742-LeaderElection315] INFO  impl.RaftServerImpl (RaftServerImpl.java:setRole(184)) - abcd8826-c056-4817-bd0f-7af19a46d814@group-5F52F902B742: changes role from CANDIDATE to FOLLOWER at term 170 for DISCOVERED_A_NEW_TERM
2019-10-17 18:51:06,536 [abcd8826-c056-4817-bd0f-7af19a46d814@group-5F52F902B742-LeaderElection315] INFO  impl.RoleInfo (RoleInfo.java:shutdownLeaderElection(134)) - abcd8826-c056-4817-bd0f-7af19a46d814: shutdown LeaderElection
2019-10-17 18:51:06,537 [abcd8826-c056-4817-bd0f-7af19a46d814@group-5F52F902B742-LeaderElection315] INFO  impl.RoleInfo (RoleInfo.java:updateAndGet(143)) - abcd8826-c056-4817-bd0f-7af19a46d814: start FollowerState
2019-10-17 18:51:06,547 [Thread-2577] INFO  impl.FollowerState (FollowerState.java:run(108)) - abcd8826-c056-4817-bd0f-7af19a46d814@group-5F52F902B742-FollowerState: change to CANDIDATE, lastRpcTime:10ms, electionTimeout:10ms
2019-10-17 18:51:06,547 [Thread-2577] INFO  impl.RoleInfo (RoleInfo.java:shutdownFollowerState(121)) - abcd8826-c056-4817-bd0f-7af19a46d814: shutdown FollowerState
2019-10-17 18:51:06,547 [Thread-2577] INFO  impl.RaftServerImpl (RaftServerImpl.java:setRole(184)) - abcd8826-c056-4817-bd0f-7af19a46d814@group-5F52F902B742: changes role from  FOLLOWER to CANDIDATE at term 170 for changeToCandidate
2019-10-17 18:51:06,548 [Thread-2577] INFO  impl.RoleInfo (RoleInfo.java:updateAndGet(143)) - abcd8826-c056-4817-bd0f-7af19a46d814: start LeaderElection
2019-10-17 18:51:06,557 [Thread-2571] INFO  impl.FollowerState (FollowerState.java:run(108)) - a5e79c22-a35f-4e50-b1fd-e91b6a93d74d@group-F775CA5912AC-FollowerState: change to CANDIDATE, lastRpcTime:164ms, electionTimeout:164ms
2019-10-17 18:51:06,558 [Thread-2571] INFO  impl.RoleInfo (RoleInfo.java:shutdownFollowerState(121)) - a5e79c22-a35f-4e50-b1fd-e91b6a93d74d: shutdown FollowerState
2019-10-17 18:51:06,558 [Thread-2571] INFO  impl.RaftServerImpl (RaftServerImpl.java:setRole(184)) - a5e79c22-a35f-4e50-b1fd-e91b6a93d74d@group-F775CA5912AC: changes role from  FOLLOWER to CANDIDATE at term 168 for changeToCandidate
2019-10-17 18:51:06,558 [Thread-2571] INFO  impl.RoleInfo (RoleInfo.java:updateAndGet(143)) - a5e79c22-a35f-4e50-b1fd-e91b6a93d74d: start LeaderElection
2019-10-17 18:51:06,575 [abcd8826-c056-4817-bd0f-7af19a46d814@group-5F52F902B742-LeaderElection316] INFO  impl.LeaderElection (LeaderElection.java:askForVotes(178)) - abcd8826-c056-4817-bd0f-7af19a46d814@group-5F52F902B742-LeaderElection316: begin an election at term 171 for -1: [b8f04e38-0663-4b1f-8efd-f76585c6e86c:192.168.157.251:35700, abcd8826-c056-4817-bd0f-7af19a46d814:192.168.157.251:46496, 73297ffa-40cb-4e3e-b33e-1bc2c1da60f5:192.168.157.251:32952], old=null
2019-10-17 18:51:06,575 [a5e79c22-a35f-4e50-b1fd-e91b6a93d74d@group-F775CA5912AC-LeaderElection317] INFO  impl.LeaderElection (LeaderElection.java:askForVotes(178)) - a5e79c22-a35f-4e50-b1fd-e91b6a93d74d@group-F775CA5912AC-LeaderElection317: begin an election at term 169 for -1: [a5e79c22-a35f-4e50-b1fd-e91b6a93d74d:192.168.157.251:45177, daae7813-f814-475d-9647-a302a5541e36:192.168.157.251:45025, 1e4e1375-1b66-460f-8c99-4c341545a119:192.168.157.251:42113], old=null
2019-10-17 18:51:06,578 [grpc-default-executor-2] INFO  impl.RaftServerImpl (RaftServerImpl.java:setRole(184)) - b8f04e38-0663-4b1f-8efd-f76585c6e86c@group-5F52F902B742: changes role from  FOLLOWER to FOLLOWER at term 171 for recognizeCandidate:abcd8826-c056-4817-bd0f-7af19a46d814
2019-10-17 18:51:06,578 [grpc-default-executor-2] INFO  impl.RoleInfo (RoleInfo.java:shutdownFollowerState(121)) - b8f04e38-0663-4b1f-8efd-f76585c6e86c: shutdown FollowerState
2019-10-17 18:51:06,578 [grpc-default-executor-2] INFO  impl.RoleInfo (RoleInfo.java:updateAndGet(143)) - b8f04e38-0663-4b1f-8efd-f76585c6e86c: start FollowerState
2019-10-17 18:51:06,578 [grpc-default-executor-0] INFO  impl.RaftServerImpl (RaftServerImpl.java:setRole(184)) - 73297ffa-40cb-4e3e-b33e-1bc2c1da60f5@group-5F52F902B742: changes role from  FOLLOWER to FOLLOWER at term 171 for recognizeCandidate:abcd8826-c056-4817-bd0f-7af19a46d814
2019-10-17 18:51:06,578 [Thread-2575] INFO  impl.FollowerState (FollowerState.java:run(117)) - b8f04e38-0663-4b1f-8efd-f76585c6e86c@group-5F52F902B742-FollowerState was interrupted: java.lang.InterruptedException: sleep interrupted
2019-10-17 18:51:06,579 [grpc-default-executor-0] INFO  impl.RoleInfo (RoleInfo.java:shutdownFollowerState(121)) - 73297ffa-40cb-4e3e-b33e-1bc2c1da60f5: shutdown FollowerState
2019-10-17 18:51:06,579 [grpc-default-executor-5] INFO  impl.RaftServerImpl (RaftServerImpl.java:setRole(184)) - 1e4e1375-1b66-460f-8c99-4c341545a119@group-F775CA5912AC: changes role from  FOLLOWER to FOLLOWER at term 169 for recognizeCandidate:a5e79c22-a35f-4e50-b1fd-e91b6a93d74d
2019-10-17 18:51:06,579 [grpc-default-executor-0] INFO  impl.RoleInfo (RoleInfo.java:updateAndGet(143)) - 73297ffa-40cb-4e3e-b33e-1bc2c1da60f5: start FollowerState
2019-10-17 18:51:06,579 [Thread-2576] INFO  impl.FollowerState (FollowerState.java:run(117)) - 73297ffa-40cb-4e3e-b33e-1bc2c1da60f5@group-5F52F902B742-FollowerState was interrupted: java.lang.InterruptedException: sleep interrupted
2019-10-17 18:51:06,579 [grpc-default-executor-6] INFO  impl.RaftServerImpl (RaftServerImpl.java:setRole(184)) - daae7813-f814-475d-9647-a302a5541e36@group-F775CA5912AC: changes role from  FOLLOWER to FOLLOWER at term 169 for recognizeCandidate:a5e79c22-a35f-4e50-b1fd-e91b6a93d74d
2019-10-17 18:51:06,580 [grpc-default-executor-6] INFO  impl.RoleInfo (RoleInfo.java:shutdownFollowerState(121)) - daae7813-f814-475d-9647-a302a5541e36: shutdown FollowerState
2019-10-17 18:51:06,579 [grpc-default-executor-5] INFO  impl.RoleInfo (RoleInfo.java:shutdownFollowerState(121)) - 1e4e1375-1b66-460f-8c99-4c341545a119: shutdown FollowerState
2019-10-17 18:51:06,580 [Thread-2570] INFO  impl.FollowerState (FollowerState.java:run(117)) - daae7813-f814-475d-9647-a302a5541e36@group-F775CA5912AC-FollowerState was interrupted: java.lang.InterruptedException: sleep interrupted
2019-10-17 18:51:06,580 [Thread-2569] INFO  impl.FollowerState (FollowerState.java:run(117)) - 1e4e1375-1b66-460f-8c99-4c341545a119@group-F775CA5912AC-FollowerState was interrupted: java.lang.InterruptedException: sleep interrupted
2019-10-17 18:51:06,580 [grpc-default-executor-6] INFO  impl.RoleInfo (RoleInfo.java:updateAndGet(143)) - daae7813-f814-475d-9647-a302a5541e36: start FollowerState
2019-10-17 18:51:06,580 [grpc-default-executor-5] INFO  impl.RoleInfo (RoleInfo.java:updateAndGet(143)) - 1e4e1375-1b66-460f-8c99-4c341545a119: start FollowerState
2019-10-17 18:51:06,598 [abcd8826-c056-4817-bd0f-7af19a46d814@group-5F52F902B742-LeaderElection316] INFO  impl.LeaderElection (LeaderElection.java:logAndReturn(56)) - abcd8826-c056-4817-bd0f-7af19a46d814@group-5F52F902B742-LeaderElection316: Election REJECTED; received 2 response(s) [abcd8826-c056-4817-bd0f-7af19a46d814<-b8f04e38-0663-4b1f-8efd-f76585c6e86c#0:FAIL-t171, abcd8826-c056-4817-bd0f-7af19a46d814<-73297ffa-40cb-4e3e-b33e-1bc2c1da60f5#0:FAIL-t171] and 0 exception(s); abcd8826-c056-4817-bd0f-7af19a46d814@group-5F52F902B742:t171, leader=null, voted=abcd8826-c056-4817-bd0f-7af19a46d814, raftlog=abcd8826-c056-4817-bd0f-7af19a46d814@group-5F52F902B742-SegmentedRaftLog:OPENED:c-1,f-1,i0, conf=-1: [b8f04e38-0663-4b1f-8efd-f76585c6e86c:192.168.157.251:35700, abcd8826-c056-4817-bd0f-7af19a46d814:192.168.157.251:46496, 73297ffa-40cb-4e3e-b33e-1bc2c1da60f5:192.168.157.251:32952], old=null
2019-10-17 18:51:06,599 [a5e79c22-a35f-4e50-b1fd-e91b6a93d74d@group-F775CA5912AC-LeaderElection317] INFO  impl.LeaderElection (LeaderElection.java:logAndReturn(56)) - a5e79c22-a35f-4e50-b1fd-e91b6a93d74d@group-F775CA5912AC-LeaderElection317: Election REJECTED; received 2 response(s) [a5e79c22-a35f-4e50-b1fd-e91b6a93d74d<-daae7813-f814-475d-9647-a302a5541e36#0:FAIL-t169, a5e79c22-a35f-4e50-b1fd-e91b6a93d74d<-1e4e1375-1b66-460f-8c99-4c341545a119#0:FAIL-t169] and 0 exception(s); a5e79c22-a35f-4e50-b1fd-e91b6a93d74d@group-F775CA5912AC:t169, leader=null, voted=a5e79c22-a35f-4e50-b1fd-e91b6a93d74d, raftlog=a5e79c22-a35f-4e50-b1fd-e91b6a93d74d@group-F775CA5912AC-SegmentedRaftLog:OPENED:c-1,f-1,i0, conf=-1: [a5e79c22-a35f-4e50-b1fd-e91b6a93d74d:192.168.157.251:45177, daae7813-f814-475d-9647-a302a5541e36:192.168.157.251:45025, 1e4e1375-1b66-460f-8c99-4c341545a119:192.168.157.251:42113], old=null
2019-10-17 18:51:06,599 [abcd8826-c056-4817-bd0f-7af19a46d814@group-5F52F902B742-LeaderElection316] INFO  impl.RaftServerImpl (RaftServerImpl.java:setRole(184)) - abcd8826-c056-4817-bd0f-7af19a46d814@group-5F52F902B742: changes role from CANDIDATE to FOLLOWER at term 171 for DISCOVERED_A_NEW_TERM
2019-10-17 18:51:06,599 [a5e79c22-a35f-4e50-b1fd-e91b6a93d74d@group-F775CA5912AC-LeaderElection317] INFO  impl.RaftServerImpl (RaftServerImpl.java:setRole(184)) - a5e79c22-a35f-4e50-b1fd-e91b6a93d74d@group-F775CA5912AC: changes role from CANDIDATE to FOLLOWER at term 169 for DISCOVERED_A_NEW_TERM
2019-10-17 18:51:06,599 [abcd8826-c056-4817-bd0f-7af19a46d814@group-5F52F902B742-LeaderElection316] INFO  impl.RoleInfo (RoleInfo.java:shutdownLeaderElection(134)) - abcd8826-c056-4817-bd0f-7af19a46d814: shutdown LeaderElection
2019-10-17 18:51:06,599 [a5e79c22-a35f-4e50-b1fd-e91b6a93d74d@group-F775CA5912AC-LeaderElection317] INFO  impl.RoleInfo (RoleInfo.java:shutdownLeaderElection(134)) - a5e79c22-a35f-4e50-b1fd-e91b6a93d74d: shutdown LeaderElection
2019-10-17 18:51:06,599 [abcd8826-c056-4817-bd0f-7af19a46d814@group-5F52F902B742-LeaderElection316] INFO  impl.RoleInfo (RoleInfo.java:updateAndGet(143)) - abcd8826-c056-4817-bd0f-7af19a46d814: start FollowerState
2019-10-17 18:51:06,599 [a5e79c22-a35f-4e50-b1fd-e91b6a93d74d@group-F775CA5912AC-LeaderElection317] INFO  impl.RoleInfo (RoleInfo.java:updateAndGet(143)) - a5e79c22-a35f-4e50-b1fd-e91b6a93d74d: start FollowerState
2019-10-17 18:51:06,652 [Thread-2589] INFO  impl.FollowerState (FollowerState.java:run(108)) - a5e79c22-a35f-4e50-b1fd-e91b6a93d74d@group-F775CA5912AC-FollowerState: change to CANDIDATE, lastRpcTime:52ms, electionTimeout:52ms
2019-10-17 18:51:06,652 [Thread-2589] INFO  impl.RoleInfo (RoleInfo.java:shutdownFollowerState(121)) - a5e79c22-a35f-4e50-b1fd-e91b6a93d74d: shutdown FollowerState
2019-10-17 18:51:06,652 [Thread-2589] INFO  impl.RaftServerImpl (RaftServerImpl.java:setRole(184)) - a5e79c22-a35f-4e50-b1fd-e91b6a93d74d@group-F775CA5912AC: changes role from  FOLLOWER to CANDIDATE at term 169 for changeToCandidate
2019-10-17 18:51:06,652 [Thread-2589] INFO  impl.RoleInfo (RoleInfo.java:updateAndGet(143)) - a5e79c22-a35f-4e50-b1fd-e91b6a93d74d: start LeaderElection
2019-10-17 18:51:06,669 [Thread-2588] INFO  impl.FollowerState (FollowerState.java:run(108)) - abcd8826-c056-4817-bd0f-7af19a46d814@group-5F52F902B742-FollowerState: change to CANDIDATE, lastRpcTime:69ms, electionTimeout:69ms
2019-10-17 18:51:06,669 [Thread-2588] INFO  impl.RoleInfo (RoleInfo.java:shutdownFollowerState(121)) - abcd8826-c056-4817-bd0f-7af19a46d814: shutdown FollowerState
2019-10-17 18:51:06,669 [Thread-2588] INFO  impl.RaftServerImpl (RaftServerImpl.java:setRole(184)) - abcd8826-c056-4817-bd0f-7af19a46d814@group-5F52F902B742: changes role from  FOLLOWER to CANDIDATE at term 171 for changeToCandidate
2019-10-17 18:51:06,669 [Thread-2588] INFO  impl.RoleInfo (RoleInfo.java:updateAndGet(143)) - abcd8826-c056-4817-bd0f-7af19a46d814: start LeaderElection
2019-10-17 18:51:06,679 [a5e79c22-a35f-4e50-b1fd-e91b6a93d74d@group-F775CA5912AC-LeaderElection318] INFO  impl.LeaderElection (LeaderElection.java:askForVotes(178)) - a5e79c22-a35f-4e50-b1fd-e91b6a93d74d@group-F775CA5912AC-LeaderElection318: begin an election at term 170 for -1: [a5e79c22-a35f-4e50-b1fd-e91b6a93d74d:192.168.157.251:45177, daae7813-f814-475d-9647-a302a5541e36:192.168.157.251:45025, 1e4e1375-1b66-460f-8c99-4c341545a119:192.168.157.251:42113], old=null
2019-10-17 18:51:06,681 [grpc-default-executor-0] INFO  impl.RaftServerImpl (RaftServerImpl.java:setRole(184)) - daae7813-f814-475d-9647-a302a5541e36@group-F775CA5912AC: changes role from  FOLLOWER to FOLLOWER at term 170 for recognizeCandidate:a5e79c22-a35f-4e50-b1fd-e91b6a93d74d
2019-10-17 18:51:06,681 [grpc-default-executor-0] INFO  impl.RoleInfo (RoleInfo.java:shutdownFollowerState(121)) - daae7813-f814-475d-9647-a302a5541e36: shutdown FollowerState
2019-10-17 18:51:06,681 [grpc-default-executor-5] INFO  impl.RaftServerImpl (RaftServerImpl.java:setRole(184)) - 1e4e1375-1b66-460f-8c99-4c341545a119@group-F775CA5912AC: changes role from  FOLLOWER to FOLLOWER at term 170 for recognizeCandidate:a5e79c22-a35f-4e50-b1fd-e91b6a93d74d
2019-10-17 18:51:06,682 [grpc-default-executor-5] INFO  impl.RoleInfo (RoleInfo.java:shutdownFollowerState(121)) - 1e4e1375-1b66-460f-8c99-4c341545a119: shutdown FollowerState
2019-10-17 18:51:06,682 [Thread-2586] INFO  impl.FollowerState (FollowerState.java:run(117)) - daae7813-f814-475d-9647-a302a5541e36@group-F775CA5912AC-FollowerState was interrupted: java.lang.InterruptedException: sleep interrupted
2019-10-17 18:51:06,682 [grpc-default-executor-0] INFO  impl.RoleInfo (RoleInfo.java:updateAndGet(143)) - daae7813-f814-475d-9647-a302a5541e36: start FollowerState
2019-10-17 18:51:06,682 [Thread-2587] INFO  impl.FollowerState (FollowerState.java:run(117)) - 1e4e1375-1b66-460f-8c99-4c341545a119@group-F775CA5912AC-FollowerState was interrupted: java.lang.InterruptedException: sleep interrupted
2019-10-17 18:51:06,682 [grpc-default-executor-5] INFO  impl.RoleInfo (RoleInfo.java:updateAndGet(143)) - 1e4e1375-1b66-460f-8c99-4c341545a119: start FollowerState
2019-10-17 18:51:06,683 [abcd8826-c056-4817-bd0f-7af19a46d814@group-5F52F902B742-LeaderElection319] INFO  impl.LeaderElection (LeaderElection.java:askForVotes(178)) - abcd8826-c056-4817-bd0f-7af19a46d814@group-5F52F902B742-LeaderElection319: begin an election at term 172 for -1: [b8f04e38-0663-4b1f-8efd-f76585c6e86c:192.168.157.251:35700, abcd8826-c056-4817-bd0f-7af19a46d814:192.168.157.251:46496, 73297ffa-40cb-4e3e-b33e-1bc2c1da60f5:192.168.157.251:32952], old=null
2019-10-17 18:51:06,684 [grpc-default-executor-2] INFO  impl.RaftServerImpl (RaftServerImpl.java:setRole(184)) - 73297ffa-40cb-4e3e-b33e-1bc2c1da60f5@group-5F52F902B742: changes role from  FOLLOWER to FOLLOWER at term 172 for recognizeCandidate:abcd8826-c056-4817-bd0f-7af19a46d814
2019-10-17 18:51:06,685 [grpc-default-executor-2] INFO  impl.RoleInfo (RoleInfo.java:shutdownFollowerState(121)) - 73297ffa-40cb-4e3e-b33e-1bc2c1da60f5: shutdown FollowerState
2019-10-17 18:51:06,685 [grpc-default-executor-2] INFO  impl.RoleInfo (RoleInfo.java:updateAndGet(143)) - 73297ffa-40cb-4e3e-b33e-1bc2c1da60f5: start FollowerState
2019-10-17 18:51:06,685 [Thread-2585] INFO  impl.FollowerState (FollowerState.java:run(117)) - 73297ffa-40cb-4e3e-b33e-1bc2c1da60f5@group-5F52F902B742-FollowerState was interrupted: java.lang.InterruptedException: sleep interrupted
2019-10-17 18:51:06,685 [grpc-default-executor-6] INFO  impl.RaftServerImpl (RaftServerImpl.java:setRole(184)) - b8f04e38-0663-4b1f-8efd-f76585c6e86c@group-5F52F902B742: changes role from  FOLLOWER to FOLLOWER at term 172 for recognizeCandidate:abcd8826-c056-4817-bd0f-7af19a46d814
2019-10-17 18:51:06,685 [grpc-default-executor-6] INFO  impl.RoleInfo (RoleInfo.java:shutdownFollowerState(121)) - b8f04e38-0663-4b1f-8efd-f76585c6e86c: shutdown FollowerState
2019-10-17 18:51:06,685 [grpc-default-executor-6] INFO  impl.RoleInfo (RoleInfo.java:updateAndGet(143)) - b8f04e38-0663-4b1f-8efd-f76585c6e86c: start FollowerState
2019-10-17 18:51:06,685 [Thread-2584] INFO  impl.FollowerState (FollowerState.java:run(117)) - b8f04e38-0663-4b1f-8efd-f76585c6e86c@group-5F52F902B742-FollowerState was interrupted: java.lang.InterruptedException: sleep interrupted
2019-10-17 18:51:06,691 [abcd8826-c056-4817-bd0f-7af19a46d814@group-5F52F902B742-LeaderElection319] INFO  impl.LeaderElection (LeaderElection.java:logAndReturn(56)) - abcd8826-c056-4817-bd0f-7af19a46d814@group-5F52F902B742-LeaderElection319: Election TIMEOUT; received 0 response(s) [] and 0 exception(s); abcd8826-c056-4817-bd0f-7af19a46d814@group-5F52F902B742:t172, leader=null, voted=abcd8826-c056-4817-bd0f-7af19a46d814, raftlog=abcd8826-c056-4817-bd0f-7af19a46d814@group-5F52F902B742-SegmentedRaftLog:OPENED:c-1,f-1,i0, conf=-1: [b8f04e38-0663-4b1f-8efd-f76585c6e86c:192.168.157.251:35700, abcd8826-c056-4817-bd0f-7af19a46d814:192.168.157.251:46496, 73297ffa-40cb-4e3e-b33e-1bc2c1da60f5:192.168.157.251:32952], old=null
2019-10-17 18:51:06,696 [abcd8826-c056-4817-bd0f-7af19a46d814@group-5F52F902B742-LeaderElection319] INFO  impl.LeaderElection (LeaderElection.java:askForVotes(178)) - abcd8826-c056-4817-bd0f-7af19a46d814@group-5F52F902B742-LeaderElection319: begin an election at term 173 for -1: [b8f04e38-0663-4b1f-8efd-f76585c6e86c:192.168.157.251:35700, abcd8826-c056-4817-bd0f-7af19a46d814:192.168.157.251:46496, 73297ffa-40cb-4e3e-b33e-1bc2c1da60f5:192.168.157.251:32952], old=null
2019-10-17 18:51:06,697 [a5e79c22-a35f-4e50-b1fd-e91b6a93d74d@group-F775CA5912AC-LeaderElection318] INFO  impl.LeaderElection (LeaderElection.java:logAndReturn(56)) - a5e79c22-a35f-4e50-b1fd-e91b6a93d74d@group-F775CA5912AC-LeaderElection318: Election REJECTED; received 2 response(s) [a5e79c22-a35f-4e50-b1fd-e91b6a93d74d<-daae7813-f814-475d-9647-a302a5541e36#0:FAIL-t170, a5e79c22-a35f-4e50-b1fd-e91b6a93d74d<-1e4e1375-1b66-460f-8c99-4c341545a119#0:FAIL-t170] and 0 exception(s); a5e79c22-a35f-4e50-b1fd-e91b6a93d74d@group-F775CA5912AC:t170, leader=null, voted=a5e79c22-a35f-4e50-b1fd-e91b6a93d74d, raftlog=a5e79c22-a35f-4e50-b1fd-e91b6a93d74d@group-F775CA5912AC-SegmentedRaftLog:OPENED:c-1,f-1,i0, conf=-1: [a5e79c22-a35f-4e50-b1fd-e91b6a93d74d:192.168.157.251:45177, daae7813-f814-475d-9647-a302a5541e36:192.168.157.251:45025, 1e4e1375-1b66-460f-8c99-4c341545a119:192.168.157.251:42113], old=null
2019-10-17 18:51:06,697 [a5e79c22-a35f-4e50-b1fd-e91b6a93d74d@group-F775CA5912AC-LeaderElection318] INFO  impl.RaftServerImpl (RaftServerImpl.java:setRole(184)) - a5e79c22-a35f-4e50-b1fd-e91b6a93d74d@group-F775CA5912AC: changes role from CANDIDATE to FOLLOWER at term 170 for DISCOVERED_A_NEW_TERM
2019-10-17 18:51:06,697 [a5e79c22-a35f-4e50-b1fd-e91b6a93d74d@group-F775CA5912AC-LeaderElection318] INFO  impl.RoleInfo (RoleInfo.java:shutdownLeaderElection(134)) - a5e79c22-a35f-4e50-b1fd-e91b6a93d74d: shutdown LeaderElection
2019-10-17 18:51:06,697 [a5e79c22-a35f-4e50-b1fd-e91b6a93d74d@group-F775CA5912AC-LeaderElection318] INFO  impl.RoleInfo (RoleInfo.java:updateAndGet(143)) - a5e79c22-a35f-4e50-b1fd-e91b6a93d74d: start FollowerState
2019-10-17 18:51:06,698 [grpc-default-executor-5] INFO  impl.RaftServerImpl (RaftServerImpl.java:setRole(184)) - 73297ffa-40cb-4e3e-b33e-1bc2c1da60f5@group-5F52F902B742: changes role from  FOLLOWER to FOLLOWER at term 173 for recognizeCandidate:abcd8826-c056-4817-bd0f-7af19a46d814
2019-10-17 18:51:06,698 [grpc-default-executor-5] INFO  impl.RoleInfo (RoleInfo.java:shutdownFollowerState(121)) - 73297ffa-40cb-4e3e-b33e-1bc2c1da60f5: shutdown FollowerState
2019-10-17 18:51:06,698 [grpc-default-executor-5] INFO  impl.RoleInfo (RoleInfo.java:updateAndGet(143)) - 73297ffa-40cb-4e3e-b33e-1bc2c1da60f5: start FollowerState
2019-10-17 18:51:06,698 [Thread-2598] INFO  impl.FollowerState (FollowerState.java:run(117)) - 73297ffa-40cb-4e3e-b33e-1bc2c1da60f5@group-5F52F902B742-FollowerState was interrupted: java.lang.InterruptedException: sleep interrupted
2019-10-17 18:51:06,699 [grpc-default-executor-6] INFO  impl.RaftServerImpl (RaftServerImpl.java:setRole(184)) - b8f04e38-0663-4b1f-8efd-f76585c6e86c@group-5F52F902B742: changes role from  FOLLOWER to FOLLOWER at term 173 for recognizeCandidate:abcd8826-c056-4817-bd0f-7af19a46d814
2019-10-17 18:51:06,699 [grpc-default-executor-6] INFO  impl.RoleInfo (RoleInfo.java:shutdownFollowerState(121)) - b8f04e38-0663-4b1f-8efd-f76585c6e86c: shutdown FollowerState
2019-10-17 18:51:06,699 [grpc-default-executor-6] INFO  impl.RoleInfo (RoleInfo.java:updateAndGet(143)) - b8f04e38-0663-4b1f-8efd-f76585c6e86c: start FollowerState
2019-10-17 18:51:06,699 [Thread-2599] INFO  impl.FollowerState (FollowerState.java:run(117)) - b8f04e38-0663-4b1f-8efd-f76585c6e86c@group-5F52F902B742-FollowerState was interrupted: java.lang.InterruptedException: sleep interrupted
2019-10-17 18:51:06,713 [abcd8826-c056-4817-bd0f-7af19a46d814@group-5F52F902B742-LeaderElection319] INFO  impl.LeaderElection (LeaderElection.java:logAndReturn(56)) - abcd8826-c056-4817-bd0f-7af19a46d814@group-5F52F902B742-LeaderElection319: Election REJECTED; received 2 response(s) [abcd8826-c056-4817-bd0f-7af19a46d814<-b8f04e38-0663-4b1f-8efd-f76585c6e86c#0:FAIL-t173, abcd8826-c056-4817-bd0f-7af19a46d814<-73297ffa-40cb-4e3e-b33e-1bc2c1da60f5#0:FAIL-t173] and 0 exception(s); abcd8826-c056-4817-bd0f-7af19a46d814@group-5F52F902B742:t173, leader=null, voted=abcd8826-c056-4817-bd0f-7af19a46d814, raftlog=abcd8826-c056-4817-bd0f-7af19a46d814@group-5F52F902B742-SegmentedRaftLog:OPENED:c-1,f-1,i0, conf=-1: [b8f04e38-0663-4b1f-8efd-f76585c6e86c:192.168.157.251:35700, abcd8826-c056-4817-bd0f-7af19a46d814:192.168.157.251:46496, 73297ffa-40cb-4e3e-b33e-1bc2c1da60f5:192.168.157.251:32952], old=null
2019-10-17 18:51:06,713 [abcd8826-c056-4817-bd0f-7af19a46d814@group-5F52F902B742-LeaderElection319] INFO  impl.RaftServerImpl (RaftServerImpl.java:setRole(184)) - abcd8826-c056-4817-bd0f-7af19a46d814@group-5F52F902B742: changes role from CANDIDATE to FOLLOWER at term 173 for DISCOVERED_A_NEW_TERM
2019-10-17 18:51:06,713 [abcd8826-c056-4817-bd0f-7af19a46d814@group-5F52F902B742-LeaderElection319] INFO  impl.RoleInfo (RoleInfo.java:shutdownLeaderElection(134)) - abcd8826-c056-4817-bd0f-7af19a46d814: shutdown LeaderElection
2019-10-17 18:51:06,714 [abcd8826-c056-4817-bd0f-7af19a46d814@group-5F52F902B742-LeaderElection319] INFO  impl.RoleInfo (RoleInfo.java:updateAndGet(143)) - abcd8826-c056-4817-bd0f-7af19a46d814: start FollowerState
2019-10-17 18:51:06,810 [Thread-2605] INFO  impl.FollowerState (FollowerState.java:run(108)) - abcd8826-c056-4817-bd0f-7af19a46d814@group-5F52F902B742-FollowerState: change to CANDIDATE, lastRpcTime:96ms, electionTimeout:96ms
2019-10-17 18:51:06,810 [Thread-2605] INFO  impl.RoleInfo (RoleInfo.java:shutdownFollowerState(121)) - abcd8826-c056-4817-bd0f-7af19a46d814: shutdown FollowerState
2019-10-17 18:51:06,810 [Thread-2605] INFO  impl.RaftServerImpl (RaftServerImpl.java:setRole(184)) - abcd8826-c056-4817-bd0f-7af19a46d814@group-5F52F902B742: changes role from  FOLLOWER to CANDIDATE at term 173 for changeToCandidate
2019-10-17 18:51:06,810 [Thread-2605] INFO  impl.RoleInfo (RoleInfo.java:updateAndGet(143)) - abcd8826-c056-4817-bd0f-7af19a46d814: start LeaderElection
2019-10-17 18:51:06,836 [abcd8826-c056-4817-bd0f-7af19a46d814@group-5F52F902B742-LeaderElection320] INFO  impl.LeaderElection (LeaderElection.java:askForVotes(178)) - abcd8826-c056-4817-bd0f-7af19a46d814@group-5F52F902B742-LeaderElection320: begin an election at term 174 for -1: [b8f04e38-0663-4b1f-8efd-f76585c6e86c:192.168.157.251:35700, abcd8826-c056-4817-bd0f-7af19a46d814:192.168.157.251:46496, 73297ffa-40cb-4e3e-b33e-1bc2c1da60f5:192.168.157.251:32952], old=null
2019-10-17 18:51:06,838 [grpc-default-executor-6] INFO  impl.RaftServerImpl (RaftServerImpl.java:setRole(184)) - b8f04e38-0663-4b1f-8efd-f76585c6e86c@group-5F52F902B742: changes role from  FOLLOWER to FOLLOWER at term 174 for recognizeCandidate:abcd8826-c056-4817-bd0f-7af19a46d814
2019-10-17 18:51:06,838 [grpc-default-executor-6] INFO  impl.RoleInfo (RoleInfo.java:shutdownFollowerState(121)) - b8f04e38-0663-4b1f-8efd-f76585c6e86c: shutdown FollowerState
2019-10-17 18:51:06,838 [grpc-default-executor-5] INFO  impl.RaftServerImpl (RaftServerImpl.java:setRole(184)) - 73297ffa-40cb-4e3e-b33e-1bc2c1da60f5@group-5F52F902B742: changes role from  FOLLOWER to FOLLOWER at term 174 for recognizeCandidate:abcd8826-c056-4817-bd0f-7af19a46d814
2019-10-17 18:51:06,838 [grpc-default-executor-5] INFO  impl.RoleInfo (RoleInfo.java:shutdownFollowerState(121)) - 73297ffa-40cb-4e3e-b33e-1bc2c1da60f5: shutdown FollowerState
2019-10-17 18:51:06,838 [grpc-default-executor-6] INFO  impl.RoleInfo (RoleInfo.java:updateAndGet(143)) - b8f04e38-0663-4b1f-8efd-f76585c6e86c: start FollowerState
2019-10-17 18:51:06,838 [Thread-2604] INFO  impl.FollowerState (FollowerState.java:run(117)) - b8f04e38-0663-4b1f-8efd-f76585c6e86c@group-5F52F902B742-FollowerState was interrupted: java.lang.InterruptedException: sleep interrupted
2019-10-17 18:51:06,839 [grpc-default-executor-5] INFO  impl.RoleInfo (RoleInfo.java:updateAndGet(143)) - 73297ffa-40cb-4e3e-b33e-1bc2c1da60f5: start FollowerState
2019-10-17 18:51:06,839 [Thread-2603] INFO  impl.FollowerState (FollowerState.java:run(117)) - 73297ffa-40cb-4e3e-b33e-1bc2c1da60f5@group-5F52F902B742-FollowerState was interrupted: java.lang.InterruptedException: sleep interrupted
2019-10-17 18:51:06,853 [abcd8826-c056-4817-bd0f-7af19a46d814@group-5F52F902B742-LeaderElection320] INFO  impl.LeaderElection (LeaderElection.java:logAndReturn(56)) - abcd8826-c056-4817-bd0f-7af19a46d814@group-5F52F902B742-LeaderElection320: Election REJECTED; received 2 response(s) [abcd8826-c056-4817-bd0f-7af19a46d814<-b8f04e38-0663-4b1f-8efd-f76585c6e86c#0:FAIL-t174, abcd8826-c056-4817-bd0f-7af19a46d814<-73297ffa-40cb-4e3e-b33e-1bc2c1da60f5#0:FAIL-t174] and 0 exception(s); abcd8826-c056-4817-bd0f-7af19a46d814@group-5F52F902B742:t174, leader=null, voted=abcd8826-c056-4817-bd0f-7af19a46d814, raftlog=abcd8826-c056-4817-bd0f-7af19a46d814@group-5F52F902B742-SegmentedRaftLog:OPENED:c-1,f-1,i0, conf=-1: [b8f04e38-0663-4b1f-8efd-f76585c6e86c:192.168.157.251:35700, abcd8826-c056-4817-bd0f-7af19a46d814:192.168.157.251:46496, 73297ffa-40cb-4e3e-b33e-1bc2c1da60f5:192.168.157.251:32952], old=null
2019-10-17 18:51:06,854 [abcd8826-c056-4817-bd0f-7af19a46d814@group-5F52F902B742-LeaderElection320] INFO  impl.RaftServerImpl (RaftServerImpl.java:setRole(184)) - abcd8826-c056-4817-bd0f-7af19a46d814@group-5F52F902B742: changes role from CANDIDATE to FOLLOWER at term 174 for DISCOVERED_A_NEW_TERM
2019-10-17 18:51:06,854 [abcd8826-c056-4817-bd0f-7af19a46d814@group-5F52F902B742-LeaderElection320] INFO  impl.RoleInfo (RoleInfo.java:shutdownLeaderElection(134)) - abcd8826-c056-4817-bd0f-7af19a46d814: shutdown LeaderElection
2019-10-17 18:51:06,854 [abcd8826-c056-4817-bd0f-7af19a46d814@group-5F52F902B742-LeaderElection320] INFO  impl.RoleInfo (RoleInfo.java:updateAndGet(143)) - abcd8826-c056-4817-bd0f-7af19a46d814: start FollowerState
2019-10-17 18:51:06,879 [Thread-2613] INFO  impl.FollowerState (FollowerState.java:run(108)) - abcd8826-c056-4817-bd0f-7af19a46d814@group-5F52F902B742-FollowerState: change to CANDIDATE, lastRpcTime:25ms, electionTimeout:25ms
2019-10-17 18:51:06,879 [Thread-2613] INFO  impl.RoleInfo (RoleInfo.java:shutdownFollowerState(121)) - abcd8826-c056-4817-bd0f-7af19a46d814: shutdown FollowerState
2019-10-17 18:51:06,879 [Thread-2613] INFO  impl.RaftServerImpl (RaftServerImpl.java:setRole(184)) - abcd8826-c056-4817-bd0f-7af19a46d814@group-5F52F902B742: changes role from  FOLLOWER to CANDIDATE at term 174 for changeToCandidate
2019-10-17 18:51:06,880 [Thread-2613] INFO  impl.RoleInfo (RoleInfo.java:updateAndGet(143)) - abcd8826-c056-4817-bd0f-7af19a46d814: start LeaderElection
2019-10-17 18:51:06,895 [abcd8826-c056-4817-bd0f-7af19a46d814@group-5F52F902B742-LeaderElection321] INFO  impl.LeaderElection (LeaderElection.java:askForVotes(178)) - abcd8826-c056-4817-bd0f-7af19a46d814@group-5F52F902B742-LeaderElection321: begin an election at term 175 for -1: [b8f04e38-0663-4b1f-8efd-f76585c6e86c:192.168.157.251:35700, abcd8826-c056-4817-bd0f-7af19a46d814:192.168.157.251:46496, 73297ffa-40cb-4e3e-b33e-1bc2c1da60f5:192.168.157.251:32952], old=null
2019-10-17 18:51:06,897 [grpc-default-executor-6] INFO  impl.RaftServerImpl (RaftServerImpl.java:setRole(184)) - 73297ffa-40cb-4e3e-b33e-1bc2c1da60f5@group-5F52F902B742: changes role from  FOLLOWER to FOLLOWER at term 175 for recognizeCandidate:abcd8826-c056-4817-bd0f-7af19a46d814
2019-10-17 18:51:06,897 [grpc-default-executor-5] INFO  impl.RaftServerImpl (RaftServerImpl.java:setRole(184)) - b8f04e38-0663-4b1f-8efd-f76585c6e86c@group-5F52F902B742: changes role from  FOLLOWER to FOLLOWER at term 175 for recognizeCandidate:abcd8826-c056-4817-bd0f-7af19a46d814
2019-10-17 18:51:06,897 [grpc-default-executor-5] INFO  impl.RoleInfo (RoleInfo.java:shutdownFollowerState(121)) - b8f04e38-0663-4b1f-8efd-f76585c6e86c: shutdown FollowerState
2019-10-17 18:51:06,897 [grpc-default-executor-6] INFO  impl.RoleInfo (RoleInfo.java:shutdownFollowerState(121)) - 73297ffa-40cb-4e3e-b33e-1bc2c1da60f5: shutdown FollowerState
2019-10-17 18:51:06,897 [Thread-2611] INFO  impl.FollowerState (FollowerState.java:run(117)) - b8f04e38-0663-4b1f-8efd-f76585c6e86c@group-5F52F902B742-FollowerState was interrupted: java.lang.InterruptedException: sleep interrupted
2019-10-17 18:51:06,897 [Thread-2612] INFO  impl.FollowerState (FollowerState.java:run(117)) - 73297ffa-40cb-4e3e-b33e-1bc2c1da60f5@group-5F52F902B742-FollowerState was interrupted: java.lang.InterruptedException: sleep interrupted
2019-10-17 18:51:06,897 [grpc-default-executor-5] INFO  impl.RoleInfo (RoleInfo.java:updateAndGet(143)) - b8f04e38-0663-4b1f-8efd-f76585c6e86c: start FollowerState
2019-10-17 18:51:06,897 [grpc-default-executor-6] INFO  impl.RoleInfo (RoleInfo.java:updateAndGet(143)) - 73297ffa-40cb-4e3e-b33e-1bc2c1da60f5: start FollowerState
2019-10-17 18:51:06,898 [Thread-2602] INFO  impl.FollowerState (FollowerState.java:run(108)) - a5e79c22-a35f-4e50-b1fd-e91b6a93d74d@group-F775CA5912AC-FollowerState: change to CANDIDATE, lastRpcTime:200ms, electionTimeout:200ms
2019-10-17 18:51:06,898 [Thread-2602] INFO  impl.RoleInfo (RoleInfo.java:shutdownFollowerState(121)) - a5e79c22-a35f-4e50-b1fd-e91b6a93d74d: shutdown FollowerState
2019-10-17 18:51:06,898 [Thread-2602] INFO  impl.RaftServerImpl (RaftServerImpl.java:setRole(184)) - a5e79c22-a35f-4e50-b1fd-e91b6a93d74d@group-F775CA5912AC: changes role from  FOLLOWER to CANDIDATE at term 170 for changeToCandidate
2019-10-17 18:51:06,898 [Thread-2602] INFO  impl.RoleInfo (RoleInfo.java:updateAndGet(143)) - a5e79c22-a35f-4e50-b1fd-e91b6a93d74d: start LeaderElection
2019-10-17 18:51:06,922 [a5e79c22-a35f-4e50-b1fd-e91b6a93d74d@group-F775CA5912AC-LeaderElection322] INFO  impl.LeaderElection (LeaderElection.java:askForVotes(178)) - a5e79c22-a35f-4e50-b1fd-e91b6a93d74d@group-F775CA5912AC-LeaderElection322: begin an election at term 171 for -1: [a5e79c22-a35f-4e50-b1fd-e91b6a93d74d:192.168.157.251:45177, daae7813-f814-475d-9647-a302a5541e36:192.168.157.251:45025, 1e4e1375-1b66-460f-8c99-4c341545a119:192.168.157.251:42113], old=null
2019-10-17 18:51:06,923 [abcd8826-c056-4817-bd0f-7af19a46d814@group-5F52F902B742-LeaderElection321] INFO  impl.LeaderElection (LeaderElection.java:logAndReturn(56)) - abcd8826-c056-4817-bd0f-7af19a46d814@group-5F52F902B742-LeaderElection321: Election REJECTED; received 2 response(s) [abcd8826-c056-4817-bd0f-7af19a46d814<-b8f04e38-0663-4b1f-8efd-f76585c6e86c#0:FAIL-t175, abcd8826-c056-4817-bd0f-7af19a46d814<-73297ffa-40cb-4e3e-b33e-1bc2c1da60f5#0:FAIL-t175] and 0 exception(s); abcd8826-c056-4817-bd0f-7af19a46d814@group-5F52F902B742:t175, leader=null, voted=abcd8826-c056-4817-bd0f-7af19a46d814, raftlog=abcd8826-c056-4817-bd0f-7af19a46d814@group-5F52F902B742-SegmentedRaftLog:OPENED:c-1,f-1,i0, conf=-1: [b8f04e38-0663-4b1f-8efd-f76585c6e86c:192.168.157.251:35700, abcd8826-c056-4817-bd0f-7af19a46d814:192.168.157.251:46496, 73297ffa-40cb-4e3e-b33e-1bc2c1da60f5:192.168.157.251:32952], old=null
2019-10-17 18:51:06,923 [abcd8826-c056-4817-bd0f-7af19a46d814@group-5F52F902B742-LeaderElection321] INFO  impl.RaftServerImpl (RaftServerImpl.java:setRole(184)) - abcd8826-c056-4817-bd0f-7af19a46d814@group-5F52F902B742: changes role from CANDIDATE to FOLLOWER at term 175 for DISCOVERED_A_NEW_TERM
2019-10-17 18:51:06,924 [abcd8826-c056-4817-bd0f-7af19a46d814@group-5F52F902B742-LeaderElection321] INFO  impl.RoleInfo (RoleInfo.java:shutdownLeaderElection(134)) - abcd8826-c056-4817-bd0f-7af19a46d814: shutdown LeaderElection
2019-10-17 18:51:06,924 [abcd8826-c056-4817-bd0f-7af19a46d814@group-5F52F902B742-LeaderElection321] INFO  impl.RoleInfo (RoleInfo.java:updateAndGet(143)) - abcd8826-c056-4817-bd0f-7af19a46d814: start FollowerState
2019-10-17 18:51:06,924 [grpc-default-executor-6] INFO  impl.RaftServerImpl (RaftServerImpl.java:setRole(184)) - daae7813-f814-475d-9647-a302a5541e36@group-F775CA5912AC: changes role from  FOLLOWER to FOLLOWER at term 171 for recognizeCandidate:a5e79c22-a35f-4e50-b1fd-e91b6a93d74d
2019-10-17 18:51:06,924 [grpc-default-executor-6] INFO  impl.RoleInfo (RoleInfo.java:shutdownFollowerState(121)) - daae7813-f814-475d-9647-a302a5541e36: shutdown FollowerState
2019-10-17 18:51:06,925 [grpc-default-executor-6] INFO  impl.RoleInfo (RoleInfo.java:updateAndGet(143)) - daae7813-f814-475d-9647-a302a5541e36: start FollowerState
2019-10-17 18:51:06,925 [grpc-default-executor-5] INFO  impl.RaftServerImpl (RaftServerImpl.java:setRole(184)) - 1e4e1375-1b66-460f-8c99-4c341545a119@group-F775CA5912AC: changes role from  FOLLOWER to FOLLOWER at term 171 for recognizeCandidate:a5e79c22-a35f-4e50-b1fd-e91b6a93d74d
2019-10-17 18:51:06,925 [grpc-default-executor-5] INFO  impl.RoleInfo (RoleInfo.java:shutdownFollowerState(121)) - 1e4e1375-1b66-460f-8c99-4c341545a119: shutdown FollowerState
2019-10-17 18:51:06,925 [grpc-default-executor-5] INFO  impl.RoleInfo (RoleInfo.java:updateAndGet(143)) - 1e4e1375-1b66-460f-8c99-4c341545a119: start FollowerState
2019-10-17 18:51:06,925 [Thread-2594] INFO  impl.FollowerState (FollowerState.java:run(117)) - daae7813-f814-475d-9647-a302a5541e36@group-F775CA5912AC-FollowerState was interrupted: java.lang.InterruptedException: sleep interrupted
2019-10-17 18:51:06,925 [Thread-2595] INFO  impl.FollowerState (FollowerState.java:run(117)) - 1e4e1375-1b66-460f-8c99-4c341545a119@group-F775CA5912AC-FollowerState was interrupted: java.lang.InterruptedException: sleep interrupted
2019-10-17 18:51:06,941 [a5e79c22-a35f-4e50-b1fd-e91b6a93d74d@group-F775CA5912AC-LeaderElection322] INFO  impl.LeaderElection (LeaderElection.java:logAndReturn(56)) - a5e79c22-a35f-4e50-b1fd-e91b6a93d74d@group-F775CA5912AC-LeaderElection322: Election REJECTED; received 2 response(s) [a5e79c22-a35f-4e50-b1fd-e91b6a93d74d<-daae7813-f814-475d-9647-a302a5541e36#0:FAIL-t171, a5e79c22-a35f-4e50-b1fd-e91b6a93d74d<-1e4e1375-1b66-460f-8c99-4c341545a119#0:FAIL-t171] and 0 exception(s); a5e79c22-a35f-4e50-b1fd-e91b6a93d74d@group-F775CA5912AC:t171, leader=null, voted=a5e79c22-a35f-4e50-b1fd-e91b6a93d74d, raftlog=a5e79c22-a35f-4e50-b1fd-e91b6a93d74d@group-F775CA5912AC-SegmentedRaftLog:OPENED:c-1,f-1,i0, conf=-1: [a5e79c22-a35f-4e50-b1fd-e91b6a93d74d:192.168.157.251:45177, daae7813-f814-475d-9647-a302a5541e36:192.168.157.251:45025, 1e4e1375-1b66-460f-8c99-4c341545a119:192.168.157.251:42113], old=null
2019-10-17 18:51:06,941 [a5e79c22-a35f-4e50-b1fd-e91b6a93d74d@group-F775CA5912AC-LeaderElection322] INFO  impl.RaftServerImpl (RaftServerImpl.java:setRole(184)) - a5e79c22-a35f-4e50-b1fd-e91b6a93d74d@group-F775CA5912AC: changes role from CANDIDATE to FOLLOWER at term 171 for DISCOVERED_A_NEW_TERM
2019-10-17 18:51:06,941 [a5e79c22-a35f-4e50-b1fd-e91b6a93d74d@group-F775CA5912AC-LeaderElection322] INFO  impl.RoleInfo (RoleInfo.java:shutdownLeaderElection(134)) - a5e79c22-a35f-4e50-b1fd-e91b6a93d74d: shutdown LeaderElection
2019-10-17 18:51:06,941 [a5e79c22-a35f-4e50-b1fd-e91b6a93d74d@group-F775CA5912AC-LeaderElection322] INFO  impl.RoleInfo (RoleInfo.java:updateAndGet(143)) - a5e79c22-a35f-4e50-b1fd-e91b6a93d74d: start FollowerState
2019-10-17 18:51:07,030 [Thread-2625] INFO  impl.FollowerState (FollowerState.java:run(108)) - a5e79c22-a35f-4e50-b1fd-e91b6a93d74d@group-F775CA5912AC-FollowerState: change to CANDIDATE, lastRpcTime:88ms, electionTimeout:88ms
2019-10-17 18:51:07,030 [Thread-2625] INFO  impl.RoleInfo (RoleInfo.java:shutdownFollowerState(121)) - a5e79c22-a35f-4e50-b1fd-e91b6a93d74d: shutdown FollowerState
2019-10-17 18:51:07,030 [Thread-2625] INFO  impl.RaftServerImpl (RaftServerImpl.java:setRole(184)) - a5e79c22-a35f-4e50-b1fd-e91b6a93d74d@group-F775CA5912AC: changes role from  FOLLOWER to CANDIDATE at term 171 for changeToCandidate
2019-10-17 18:51:07,030 [Thread-2625] INFO  impl.RoleInfo (RoleInfo.java:updateAndGet(143)) - a5e79c22-a35f-4e50-b1fd-e91b6a93d74d: start LeaderElection
2019-10-17 18:51:07,056 [a5e79c22-a35f-4e50-b1fd-e91b6a93d74d@group-F775CA5912AC-LeaderElection323] INFO  impl.LeaderElection (LeaderElection.java:askForVotes(178)) - a5e79c22-a35f-4e50-b1fd-e91b6a93d74d@group-F775CA5912AC-LeaderElection323: begin an election at term 172 for -1: [a5e79c22-a35f-4e50-b1fd-e91b6a93d74d:192.168.157.251:45177, daae7813-f814-475d-9647-a302a5541e36:192.168.157.251:45025, 1e4e1375-1b66-460f-8c99-4c341545a119:192.168.157.251:42113], old=null
2019-10-17 18:51:07,058 [grpc-default-executor-5] INFO  impl.RaftServerImpl (RaftServerImpl.java:setRole(184)) - 1e4e1375-1b66-460f-8c99-4c341545a119@group-F775CA5912AC: changes role from  FOLLOWER to FOLLOWER at term 172 for recognizeCandidate:a5e79c22-a35f-4e50-b1fd-e91b6a93d74d
2019-10-17 18:51:07,058 [grpc-default-executor-6] INFO  impl.RaftServerImpl (RaftServerImpl.java:setRole(184)) - daae7813-f814-475d-9647-a302a5541e36@group-F775CA5912AC: changes role from  FOLLOWER to FOLLOWER at term 172 for recognizeCandidate:a5e79c22-a35f-4e50-b1fd-e91b6a93d74d
2019-10-17 18:51:07,058 [grpc-default-executor-5] INFO  impl.RoleInfo (RoleInfo.java:shutdownFollowerState(121)) - 1e4e1375-1b66-460f-8c99-4c341545a119: shutdown FollowerState
2019-10-17 18:51:07,058 [grpc-default-executor-6] INFO  impl.RoleInfo (RoleInfo.java:shutdownFollowerState(121)) - daae7813-f814-475d-9647-a302a5541e36: shutdown FollowerState
2019-10-17 18:51:07,058 [Thread-2624] INFO  impl.FollowerState (FollowerState.java:run(117)) - 1e4e1375-1b66-460f-8c99-4c341545a119@group-F775CA5912AC-FollowerState was interrupted: java.lang.InterruptedException: sleep interrupted
2019-10-17 18:51:07,058 [grpc-default-executor-5] INFO  impl.RoleInfo (RoleInfo.java:updateAndGet(143)) - 1e4e1375-1b66-460f-8c99-4c341545a119: start FollowerState
2019-10-17 18:51:07,058 [Thread-2623] INFO  impl.FollowerState (FollowerState.java:run(117)) - daae7813-f814-475d-9647-a302a5541e36@group-F775CA5912AC-FollowerState was interrupted: java.lang.InterruptedException: sleep interrupted
2019-10-17 18:51:07,058 [grpc-default-executor-6] INFO  impl.RoleInfo (RoleInfo.java:updateAndGet(143)) - daae7813-f814-475d-9647-a302a5541e36: start FollowerState
2019-10-17 18:51:07,085 [a5e79c22-a35f-4e50-b1fd-e91b6a93d74d@group-F775CA5912AC-LeaderElection323] INFO  impl.LeaderElection (LeaderElection.java:logAndReturn(56)) - a5e79c22-a35f-4e50-b1fd-e91b6a93d74d@group-F775CA5912AC-LeaderElection323: Election REJECTED; received 2 response(s) [a5e79c22-a35f-4e50-b1fd-e91b6a93d74d<-daae7813-f814-475d-9647-a302a5541e36#0:FAIL-t172, a5e79c22-a35f-4e50-b1fd-e91b6a93d74d<-1e4e1375-1b66-460f-8c99-4c341545a119#0:FAIL-t172] and 0 exception(s); a5e79c22-a35f-4e50-b1fd-e91b6a93d74d@group-F775CA5912AC:t172, leader=null, voted=a5e79c22-a35f-4e50-b1fd-e91b6a93d74d, raftlog=a5e79c22-a35f-4e50-b1fd-e91b6a93d74d@group-F775CA5912AC-SegmentedRaftLog:OPENED:c-1,f-1,i0, conf=-1: [a5e79c22-a35f-4e50-b1fd-e91b6a93d74d:192.168.157.251:45177, daae7813-f814-475d-9647-a302a5541e36:192.168.157.251:45025, 1e4e1375-1b66-460f-8c99-4c341545a119:192.168.157.251:42113], old=null
2019-10-17 18:51:07,085 [a5e79c22-a35f-4e50-b1fd-e91b6a93d74d@group-F775CA5912AC-LeaderElection323] INFO  impl.RaftServerImpl (RaftServerImpl.java:setRole(184)) - a5e79c22-a35f-4e50-b1fd-e91b6a93d74d@group-F775CA5912AC: changes role from CANDIDATE to FOLLOWER at term 172 for DISCOVERED_A_NEW_TERM
2019-10-17 18:51:07,085 [a5e79c22-a35f-4e50-b1fd-e91b6a93d74d@group-F775CA5912AC-LeaderElection323] INFO  impl.RoleInfo (RoleInfo.java:shutdownLeaderElection(134)) - a5e79c22-a35f-4e50-b1fd-e91b6a93d74d: shutdown LeaderElection
2019-10-17 18:51:07,086 [a5e79c22-a35f-4e50-b1fd-e91b6a93d74d@group-F775CA5912AC-LeaderElection323] INFO  impl.RoleInfo (RoleInfo.java:updateAndGet(143)) - a5e79c22-a35f-4e50-b1fd-e91b6a93d74d: start FollowerState
2019-10-17 18:51:07,110 [Thread-2622] INFO  impl.FollowerState (FollowerState.java:run(108)) - abcd8826-c056-4817-bd0f-7af19a46d814@group-5F52F902B742-FollowerState: change to CANDIDATE, lastRpcTime:186ms, electionTimeout:186ms
2019-10-17 18:51:07,110 [Thread-2622] INFO  impl.RoleInfo (RoleInfo.java:shutdownFollowerState(121)) - abcd8826-c056-4817-bd0f-7af19a46d814: shutdown FollowerState
2019-10-17 18:51:07,110 [Thread-2622] INFO  impl.RaftServerImpl (RaftServerImpl.java:setRole(184)) - abcd8826-c056-4817-bd0f-7af19a46d814@group-5F52F902B742: changes role from  FOLLOWER to CANDIDATE at term 175 for changeToCandidate
2019-10-17 18:51:07,110 [Thread-2622] INFO  impl.RoleInfo (RoleInfo.java:updateAndGet(143)) - abcd8826-c056-4817-bd0f-7af19a46d814: start LeaderElection
2019-10-17 18:51:07,135 [abcd8826-c056-4817-bd0f-7af19a46d814@group-5F52F902B742-LeaderElection324] INFO  impl.LeaderElection (LeaderElection.java:askForVotes(178)) - abcd8826-c056-4817-bd0f-7af19a46d814@group-5F52F902B742-LeaderElection324: begin an election at term 176 for -1: [b8f04e38-0663-4b1f-8efd-f76585c6e86c:192.168.157.251:35700, abcd8826-c056-4817-bd0f-7af19a46d814:192.168.157.251:46496, 73297ffa-40cb-4e3e-b33e-1bc2c1da60f5:192.168.157.251:32952], old=null
2019-10-17 18:51:07,137 [grpc-default-executor-6] INFO  impl.RaftServerImpl (RaftServerImpl.java:setRole(184)) - 73297ffa-40cb-4e3e-b33e-1bc2c1da60f5@group-5F52F902B742: changes role from  FOLLOWER to FOLLOWER at term 176 for recognizeCandidate:abcd8826-c056-4817-bd0f-7af19a46d814
2019-10-17 18:51:07,137 [grpc-default-executor-5] INFO  impl.RaftServerImpl (RaftServerImpl.java:setRole(184)) - b8f04e38-0663-4b1f-8efd-f76585c6e86c@group-5F52F902B742: changes role from  FOLLOWER to FOLLOWER at term 176 for recognizeCandidate:abcd8826-c056-4817-bd0f-7af19a46d814
2019-10-17 18:51:07,137 [grpc-default-executor-6] INFO  impl.RoleInfo (RoleInfo.java:shutdownFollowerState(121)) - 73297ffa-40cb-4e3e-b33e-1bc2c1da60f5: shutdown FollowerState
2019-10-17 18:51:07,138 [grpc-default-executor-5] INFO  impl.RoleInfo (RoleInfo.java:shutdownFollowerState(121)) - b8f04e38-0663-4b1f-8efd-f76585c6e86c: shutdown FollowerState
2019-10-17 18:51:07,138 [Thread-2618] INFO  impl.FollowerState (FollowerState.java:run(117)) - 73297ffa-40cb-4e3e-b33e-1bc2c1da60f5@group-5F52F902B742-FollowerState was interrupted: java.lang.InterruptedException: sleep interrupted
2019-10-17 18:51:07,138 [grpc-default-executor-6] INFO  impl.RoleInfo (RoleInfo.java:updateAndGet(143)) - 73297ffa-40cb-4e3e-b33e-1bc2c1da60f5: start FollowerState
2019-10-17 18:51:07,138 [grpc-default-executor-5] INFO  impl.RoleInfo (RoleInfo.java:updateAndGet(143)) - b8f04e38-0663-4b1f-8efd-f76585c6e86c: start FollowerState
2019-10-17 18:51:07,138 [Thread-2617] INFO  impl.FollowerState (FollowerState.java:run(117)) - b8f04e38-0663-4b1f-8efd-f76585c6e86c@group-5F52F902B742-FollowerState was interrupted: java.lang.InterruptedException: sleep interrupted
2019-10-17 18:51:07,158 [abcd8826-c056-4817-bd0f-7af19a46d814@group-5F52F902B742-LeaderElection324] INFO  impl.LeaderElection (LeaderElection.java:logAndReturn(56)) - abcd8826-c056-4817-bd0f-7af19a46d814@group-5F52F902B742-LeaderElection324: Election TIMEOUT; received 0 response(s) [] and 0 exception(s); abcd8826-c056-4817-bd0f-7af19a46d814@group-5F52F902B742:t176, leader=null, voted=abcd8826-c056-4817-bd0f-7af19a46d814, raftlog=abcd8826-c056-4817-bd0f-7af19a46d814@group-5F52F902B742-SegmentedRaftLog:OPENED:c-1,f-1,i0, conf=-1: [b8f04e38-0663-4b1f-8efd-f76585c6e86c:192.168.157.251:35700, abcd8826-c056-4817-bd0f-7af19a46d814:192.168.157.251:46496, 73297ffa-40cb-4e3e-b33e-1bc2c1da60f5:192.168.157.251:32952], old=null
2019-10-17 18:51:07,169 [abcd8826-c056-4817-bd0f-7af19a46d814@group-5F52F902B742-LeaderElection324] INFO  impl.LeaderElection (LeaderElection.java:askForVotes(178)) - abcd8826-c056-4817-bd0f-7af19a46d814@group-5F52F902B742-LeaderElection324: begin an election at term 177 for -1: [b8f04e38-0663-4b1f-8efd-f76585c6e86c:192.168.157.251:35700, abcd8826-c056-4817-bd0f-7af19a46d814:192.168.157.251:46496, 73297ffa-40cb-4e3e-b33e-1bc2c1da60f5:192.168.157.251:32952], old=null
2019-10-17 18:51:07,171 [grpc-default-executor-5] INFO  impl.RaftServerImpl (RaftServerImpl.java:setRole(184)) - 73297ffa-40cb-4e3e-b33e-1bc2c1da60f5@group-5F52F902B742: changes role from  FOLLOWER to FOLLOWER at term 177 for recognizeCandidate:abcd8826-c056-4817-bd0f-7af19a46d814
2019-10-17 18:51:07,171 [grpc-default-executor-6] INFO  impl.RaftServerImpl (RaftServerImpl.java:setRole(184)) - b8f04e38-0663-4b1f-8efd-f76585c6e86c@group-5F52F902B742: changes role from  FOLLOWER to FOLLOWER at term 177 for recognizeCandidate:abcd8826-c056-4817-bd0f-7af19a46d814
2019-10-17 18:51:07,171 [grpc-default-executor-5] INFO  impl.RoleInfo (RoleInfo.java:shutdownFollowerState(121)) - 73297ffa-40cb-4e3e-b33e-1bc2c1da60f5: shutdown FollowerState
2019-10-17 18:51:07,171 [grpc-default-executor-6] INFO  impl.RoleInfo (RoleInfo.java:shutdownFollowerState(121)) - b8f04e38-0663-4b1f-8efd-f76585c6e86c: shutdown FollowerState
2019-10-17 18:51:07,171 [Thread-2635] INFO  impl.FollowerState (FollowerState.java:run(117)) - 73297ffa-40cb-4e3e-b33e-1bc2c1da60f5@group-5F52F902B742-FollowerState was interrupted: java.lang.InterruptedException: sleep interrupted
2019-10-17 18:51:07,171 [grpc-default-executor-5] INFO  impl.RoleInfo (RoleInfo.java:updateAndGet(143)) - 73297ffa-40cb-4e3e-b33e-1bc2c1da60f5: start FollowerState
2019-10-17 18:51:07,172 [Thread-2636] INFO  impl.FollowerState (FollowerState.java:run(117)) - b8f04e38-0663-4b1f-8efd-f76585c6e86c@group-5F52F902B742-FollowerState was interrupted: java.lang.InterruptedException: sleep interrupted
2019-10-17 18:51:07,172 [grpc-default-executor-6] INFO  impl.RoleInfo (RoleInfo.java:updateAndGet(143)) - b8f04e38-0663-4b1f-8efd-f76585c6e86c: start FollowerState
2019-10-17 18:51:07,180 [Thread-2631] INFO  impl.FollowerState (FollowerState.java:run(108)) - a5e79c22-a35f-4e50-b1fd-e91b6a93d74d@group-F775CA5912AC-FollowerState: change to CANDIDATE, lastRpcTime:94ms, electionTimeout:94ms
2019-10-17 18:51:07,180 [Thread-2631] INFO  impl.RoleInfo (RoleInfo.java:shutdownFollowerState(121)) - a5e79c22-a35f-4e50-b1fd-e91b6a93d74d: shutdown FollowerState
2019-10-17 18:51:07,180 [Thread-2631] INFO  impl.RaftServerImpl (RaftServerImpl.java:setRole(184)) - a5e79c22-a35f-4e50-b1fd-e91b6a93d74d@group-F775CA5912AC: changes role from  FOLLOWER to CANDIDATE at term 172 for changeToCandidate
2019-10-17 18:51:07,180 [Thread-2631] INFO  impl.RoleInfo (RoleInfo.java:updateAndGet(143)) - a5e79c22-a35f-4e50-b1fd-e91b6a93d74d: start LeaderElection
2019-10-17 18:51:07,215 [a5e79c22-a35f-4e50-b1fd-e91b6a93d74d@group-F775CA5912AC-LeaderElection325] INFO  impl.LeaderElection (LeaderElection.java:askForVotes(178)) - a5e79c22-a35f-4e50-b1fd-e91b6a93d74d@group-F775CA5912AC-LeaderElection325: begin an election at term 173 for -1: [a5e79c22-a35f-4e50-b1fd-e91b6a93d74d:192.168.157.251:45177, daae7813-f814-475d-9647-a302a5541e36:192.168.157.251:45025, 1e4e1375-1b66-460f-8c99-4c341545a119:192.168.157.251:42113], old=null
2019-10-17 18:51:07,216 [abcd8826-c056-4817-bd0f-7af19a46d814@group-5F52F902B742-LeaderElection324] INFO  impl.LeaderElection (LeaderElection.java:logAndReturn(56)) - abcd8826-c056-4817-bd0f-7af19a46d814@group-5F52F902B742-LeaderElection324: Election REJECTED; received 2 response(s) [abcd8826-c056-4817-bd0f-7af19a46d814<-b8f04e38-0663-4b1f-8efd-f76585c6e86c#0:FAIL-t177, abcd8826-c056-4817-bd0f-7af19a46d814<-73297ffa-40cb-4e3e-b33e-1bc2c1da60f5#0:FAIL-t177] and 0 exception(s); abcd8826-c056-4817-bd0f-7af19a46d814@group-5F52F902B742:t177, leader=null, voted=abcd8826-c056-4817-bd0f-7af19a46d814, raftlog=abcd8826-c056-4817-bd0f-7af19a46d814@group-5F52F902B742-SegmentedRaftLog:OPENED:c-1,f-1,i0, conf=-1: [b8f04e38-0663-4b1f-8efd-f76585c6e86c:192.168.157.251:35700, abcd8826-c056-4817-bd0f-7af19a46d814:192.168.157.251:46496, 73297ffa-40cb-4e3e-b33e-1bc2c1da60f5:192.168.157.251:32952], old=null
2019-10-17 18:51:07,217 [abcd8826-c056-4817-bd0f-7af19a46d814@group-5F52F902B742-LeaderElection324] INFO  impl.RaftServerImpl (RaftServerImpl.java:setRole(184)) - abcd8826-c056-4817-bd0f-7af19a46d814@group-5F52F902B742: changes role from CANDIDATE to FOLLOWER at term 177 for DISCOVERED_A_NEW_TERM
2019-10-17 18:51:07,217 [abcd8826-c056-4817-bd0f-7af19a46d814@group-5F52F902B742-LeaderElection324] INFO  impl.RoleInfo (RoleInfo.java:shutdownLeaderElection(134)) - abcd8826-c056-4817-bd0f-7af19a46d814: shutdown LeaderElection
2019-10-17 18:51:07,217 [abcd8826-c056-4817-bd0f-7af19a46d814@group-5F52F902B742-LeaderElection324] INFO  impl.RoleInfo (RoleInfo.java:updateAndGet(143)) - abcd8826-c056-4817-bd0f-7af19a46d814: start FollowerState
2019-10-17 18:51:07,218 [grpc-default-executor-5] INFO  impl.RaftServerImpl (RaftServerImpl.java:setRole(184)) - 1e4e1375-1b66-460f-8c99-4c341545a119@group-F775CA5912AC: changes role from  FOLLOWER to FOLLOWER at term 173 for recognizeCandidate:a5e79c22-a35f-4e50-b1fd-e91b6a93d74d
2019-10-17 18:51:07,218 [grpc-default-executor-6] INFO  impl.RaftServerImpl (RaftServerImpl.java:setRole(184)) - daae7813-f814-475d-9647-a302a5541e36@group-F775CA5912AC: changes role from  FOLLOWER to FOLLOWER at term 173 for recognizeCandidate:a5e79c22-a35f-4e50-b1fd-e91b6a93d74d
2019-10-17 18:51:07,218 [grpc-default-executor-5] INFO  impl.RoleInfo (RoleInfo.java:shutdownFollowerState(121)) - 1e4e1375-1b66-460f-8c99-4c341545a119: shutdown FollowerState
2019-10-17 18:51:07,218 [grpc-default-executor-6] INFO  impl.RoleInfo (RoleInfo.java:shutdownFollowerState(121)) - daae7813-f814-475d-9647-a302a5541e36: shutdown FollowerState
2019-10-17 18:51:07,218 [Thread-2629] INFO  impl.FollowerState (FollowerState.java:run(117)) - 1e4e1375-1b66-460f-8c99-4c341545a119@group-F775CA5912AC-FollowerState was interrupted: java.lang.InterruptedException: sleep interrupted
2019-10-17 18:51:07,218 [Thread-2630] INFO  impl.FollowerState (FollowerState.java:run(117)) - daae7813-f814-475d-9647-a302a5541e36@group-F775CA5912AC-FollowerState was interrupted: java.lang.InterruptedException: sleep interrupted
2019-10-17 18:51:07,218 [grpc-default-executor-5] INFO  impl.RoleInfo (RoleInfo.java:updateAndGet(143)) - 1e4e1375-1b66-460f-8c99-4c341545a119: start FollowerState
2019-10-17 18:51:07,218 [grpc-default-executor-6] INFO  impl.RoleInfo (RoleInfo.java:updateAndGet(143)) - daae7813-f814-475d-9647-a302a5541e36: start FollowerState
2019-10-17 18:51:07,228 [a5e79c22-a35f-4e50-b1fd-e91b6a93d74d@group-F775CA5912AC-LeaderElection325] INFO  impl.LeaderElection (LeaderElection.java:logAndReturn(56)) - a5e79c22-a35f-4e50-b1fd-e91b6a93d74d@group-F775CA5912AC-LeaderElection325: Election REJECTED; received 2 response(s) [a5e79c22-a35f-4e50-b1fd-e91b6a93d74d<-daae7813-f814-475d-9647-a302a5541e36#0:FAIL-t173, a5e79c22-a35f-4e50-b1fd-e91b6a93d74d<-1e4e1375-1b66-460f-8c99-4c341545a119#0:FAIL-t173] and 0 exception(s); a5e79c22-a35f-4e50-b1fd-e91b6a93d74d@group-F775CA5912AC:t173, leader=null, voted=a5e79c22-a35f-4e50-b1fd-e91b6a93d74d, raftlog=a5e79c22-a35f-4e50-b1fd-e91b6a93d74d@group-F775CA5912AC-SegmentedRaftLog:OPENED:c-1,f-1,i0, conf=-1: [a5e79c22-a35f-4e50-b1fd-e91b6a93d74d:192.168.157.251:45177, daae7813-f814-475d-9647-a302a5541e36:192.168.157.251:45025, 1e4e1375-1b66-460f-8c99-4c341545a119:192.168.157.251:42113], old=null
2019-10-17 18:51:07,228 [a5e79c22-a35f-4e50-b1fd-e91b6a93d74d@group-F775CA5912AC-LeaderElection325] INFO  impl.RaftServerImpl (RaftServerImpl.java:setRole(184)) - a5e79c22-a35f-4e50-b1fd-e91b6a93d74d@group-F775CA5912AC: changes role from CANDIDATE to FOLLOWER at term 173 for DISCOVERED_A_NEW_TERM
2019-10-17 18:51:07,228 [a5e79c22-a35f-4e50-b1fd-e91b6a93d74d@group-F775CA5912AC-LeaderElection325] INFO  impl.RoleInfo (RoleInfo.java:shutdownLeaderElection(134)) - a5e79c22-a35f-4e50-b1fd-e91b6a93d74d: shutdown LeaderElection
2019-10-17 18:51:07,228 [a5e79c22-a35f-4e50-b1fd-e91b6a93d74d@group-F775CA5912AC-LeaderElection325] INFO  impl.RoleInfo (RoleInfo.java:updateAndGet(143)) - a5e79c22-a35f-4e50-b1fd-e91b6a93d74d: start FollowerState
2019-10-17 18:51:07,298 [Thread-2644] INFO  impl.FollowerState (FollowerState.java:run(108)) - abcd8826-c056-4817-bd0f-7af19a46d814@group-5F52F902B742-FollowerState: change to CANDIDATE, lastRpcTime:81ms, electionTimeout:81ms
2019-10-17 18:51:07,298 [Thread-2644] INFO  impl.RoleInfo (RoleInfo.java:shutdownFollowerState(121)) - abcd8826-c056-4817-bd0f-7af19a46d814: shutdown FollowerState
2019-10-17 18:51:07,299 [Thread-2644] INFO  impl.RaftServerImpl (RaftServerImpl.java:setRole(184)) - abcd8826-c056-4817-bd0f-7af19a46d814@group-5F52F902B742: changes role from  FOLLOWER to CANDIDATE at term 177 for changeToCandidate
2019-10-17 18:51:07,299 [Thread-2644] INFO  impl.RoleInfo (RoleInfo.java:updateAndGet(143)) - abcd8826-c056-4817-bd0f-7af19a46d814: start LeaderElection
2019-10-17 18:51:07,314 [abcd8826-c056-4817-bd0f-7af19a46d814@group-5F52F902B742-LeaderElection326] INFO  impl.LeaderElection (LeaderElection.java:askForVotes(178)) - abcd8826-c056-4817-bd0f-7af19a46d814@group-5F52F902B742-LeaderElection326: begin an election at term 178 for -1: [b8f04e38-0663-4b1f-8efd-f76585c6e86c:192.168.157.251:35700, abcd8826-c056-4817-bd0f-7af19a46d814:192.168.157.251:46496, 73297ffa-40cb-4e3e-b33e-1bc2c1da60f5:192.168.157.251:32952], old=null
2019-10-17 18:51:07,316 [grpc-default-executor-6] INFO  impl.RaftServerImpl (RaftServerImpl.java:setRole(184)) - 73297ffa-40cb-4e3e-b33e-1bc2c1da60f5@group-5F52F902B742: changes role from  FOLLOWER to FOLLOWER at term 178 for recognizeCandidate:abcd8826-c056-4817-bd0f-7af19a46d814
2019-10-17 18:51:07,316 [grpc-default-executor-5] INFO  impl.RaftServerImpl (RaftServerImpl.java:setRole(184)) - b8f04e38-0663-4b1f-8efd-f76585c6e86c@group-5F52F902B742: changes role from  FOLLOWER to FOLLOWER at term 178 for recognizeCandidate:abcd8826-c056-4817-bd0f-7af19a46d814
2019-10-17 18:51:07,316 [grpc-default-executor-5] INFO  impl.RoleInfo (RoleInfo.java:shutdownFollowerState(121)) - b8f04e38-0663-4b1f-8efd-f76585c6e86c: shutdown FollowerState
2019-10-17 18:51:07,316 [grpc-default-executor-6] INFO  impl.RoleInfo (RoleInfo.java:shutdownFollowerState(121)) - 73297ffa-40cb-4e3e-b33e-1bc2c1da60f5: shutdown FollowerState
2019-10-17 18:51:07,316 [Thread-2640] INFO  impl.FollowerState (FollowerState.java:run(117)) - b8f04e38-0663-4b1f-8efd-f76585c6e86c@group-5F52F902B742-FollowerState was interrupted: java.lang.InterruptedException: sleep interrupted
2019-10-17 18:51:07,316 [grpc-default-executor-5] INFO  impl.RoleInfo (RoleInfo.java:updateAndGet(143)) - b8f04e38-0663-4b1f-8efd-f76585c6e86c: start FollowerState
2019-10-17 18:51:07,316 [Thread-2639] INFO  impl.FollowerState (FollowerState.java:run(117)) - 73297ffa-40cb-4e3e-b33e-1bc2c1da60f5@group-5F52F902B742-FollowerState was interrupted: java.lang.InterruptedException: sleep interrupted
2019-10-17 18:51:07,316 [grpc-default-executor-6] INFO  impl.RoleInfo (RoleInfo.java:updateAndGet(143)) - 73297ffa-40cb-4e3e-b33e-1bc2c1da60f5: start FollowerState
2019-10-17 18:51:07,332 [abcd8826-c056-4817-bd0f-7af19a46d814@group-5F52F902B742-LeaderElection326] INFO  impl.LeaderElection (LeaderElection.java:logAndReturn(56)) - abcd8826-c056-4817-bd0f-7af19a46d814@group-5F52F902B742-LeaderElection326: Election REJECTED; received 2 response(s) [abcd8826-c056-4817-bd0f-7af19a46d814<-b8f04e38-0663-4b1f-8efd-f76585c6e86c#0:FAIL-t178, abcd8826-c056-4817-bd0f-7af19a46d814<-73297ffa-40cb-4e3e-b33e-1bc2c1da60f5#0:FAIL-t178] and 0 exception(s); abcd8826-c056-4817-bd0f-7af19a46d814@group-5F52F902B742:t178, leader=null, voted=abcd8826-c056-4817-bd0f-7af19a46d814, raftlog=abcd8826-c056-4817-bd0f-7af19a46d814@group-5F52F902B742-SegmentedRaftLog:OPENED:c-1,f-1,i0, conf=-1: [b8f04e38-0663-4b1f-8efd-f76585c6e86c:192.168.157.251:35700, abcd8826-c056-4817-bd0f-7af19a46d814:192.168.157.251:46496, 73297ffa-40cb-4e3e-b33e-1bc2c1da60f5:192.168.157.251:32952], old=null
2019-10-17 18:51:07,332 [abcd8826-c056-4817-bd0f-7af19a46d814@group-5F52F902B742-LeaderElection326] INFO  impl.RaftServerImpl (RaftServerImpl.java:setRole(184)) - abcd8826-c056-4817-bd0f-7af19a46d814@group-5F52F902B742: changes role from CANDIDATE to FOLLOWER at term 178 for DISCOVERED_A_NEW_TERM
2019-10-17 18:51:07,332 [abcd8826-c056-4817-bd0f-7af19a46d814@group-5F52F902B742-LeaderElection326] INFO  impl.RoleInfo (RoleInfo.java:shutdownLeaderElection(134)) - abcd8826-c056-4817-bd0f-7af19a46d814: shutdown LeaderElection
2019-10-17 18:51:07,332 [abcd8826-c056-4817-bd0f-7af19a46d814@group-5F52F902B742-LeaderElection326] INFO  impl.RoleInfo (RoleInfo.java:updateAndGet(143)) - abcd8826-c056-4817-bd0f-7af19a46d814: start FollowerState
2019-10-17 18:51:07,369 [Thread-2655] INFO  impl.FollowerState (FollowerState.java:run(108)) - abcd8826-c056-4817-bd0f-7af19a46d814@group-5F52F902B742-FollowerState: change to CANDIDATE, lastRpcTime:37ms, electionTimeout:37ms
2019-10-17 18:51:07,369 [Thread-2655] INFO  impl.RoleInfo (RoleInfo.java:shutdownFollowerState(121)) - abcd8826-c056-4817-bd0f-7af19a46d814: shutdown FollowerState
2019-10-17 18:51:07,369 [Thread-2655] INFO  impl.RaftServerImpl (RaftServerImpl.java:setRole(184)) - abcd8826-c056-4817-bd0f-7af19a46d814@group-5F52F902B742: changes role from  FOLLOWER to CANDIDATE at term 178 for changeToCandidate
2019-10-17 18:51:07,369 [Thread-2655] INFO  impl.RoleInfo (RoleInfo.java:updateAndGet(143)) - abcd8826-c056-4817-bd0f-7af19a46d814: start LeaderElection
2019-10-17 18:51:07,386 [Thread-2647] INFO  impl.FollowerState (FollowerState.java:run(108)) - a5e79c22-a35f-4e50-b1fd-e91b6a93d74d@group-F775CA5912AC-FollowerState: change to CANDIDATE, lastRpcTime:158ms, electionTimeout:158ms
2019-10-17 18:51:07,386 [Thread-2647] INFO  impl.RoleInfo (RoleInfo.java:shutdownFollowerState(121)) - a5e79c22-a35f-4e50-b1fd-e91b6a93d74d: shutdown FollowerState
2019-10-17 18:51:07,386 [Thread-2647] INFO  impl.RaftServerImpl (RaftServerImpl.java:setRole(184)) - a5e79c22-a35f-4e50-b1fd-e91b6a93d74d@group-F775CA5912AC: changes role from  FOLLOWER to CANDIDATE at term 173 for changeToCandidate
2019-10-17 18:51:07,387 [Thread-2647] INFO  impl.RoleInfo (RoleInfo.java:updateAndGet(143)) - a5e79c22-a35f-4e50-b1fd-e91b6a93d74d: start LeaderElection
2019-10-17 18:51:07,395 [abcd8826-c056-4817-bd0f-7af19a46d814@group-5F52F902B742-LeaderElection327] INFO  impl.LeaderElection (LeaderElection.java:askForVotes(178)) - abcd8826-c056-4817-bd0f-7af19a46d814@group-5F52F902B742-LeaderElection327: begin an election at term 179 for -1: [b8f04e38-0663-4b1f-8efd-f76585c6e86c:192.168.157.251:35700, abcd8826-c056-4817-bd0f-7af19a46d814:192.168.157.251:46496, 73297ffa-40cb-4e3e-b33e-1bc2c1da60f5:192.168.157.251:32952], old=null
2019-10-17 18:51:07,396 [a5e79c22-a35f-4e50-b1fd-e91b6a93d74d@group-F775CA5912AC-LeaderElection328] INFO  impl.LeaderElection (LeaderElection.java:askForVotes(178)) - a5e79c22-a35f-4e50-b1fd-e91b6a93d74d@group-F775CA5912AC-LeaderElection328: begin an election at term 174 for -1: [a5e79c22-a35f-4e50-b1fd-e91b6a93d74d:192.168.157.251:45177, daae7813-f814-475d-9647-a302a5541e36:192.168.157.251:45025, 1e4e1375-1b66-460f-8c99-4c341545a119:192.168.157.251:42113], old=null
2019-10-17 18:51:07,397 [grpc-default-executor-5] INFO  impl.RaftServerImpl (RaftServerImpl.java:setRole(184)) - b8f04e38-0663-4b1f-8efd-f76585c6e86c@group-5F52F902B742: changes role from  FOLLOWER to FOLLOWER at term 179 for recognizeCandidate:abcd8826-c056-4817-bd0f-7af19a46d814
2019-10-17 18:51:07,397 [grpc-default-executor-5] INFO  impl.RoleInfo (RoleInfo.java:shutdownFollowerState(121)) - b8f04e38-0663-4b1f-8efd-f76585c6e86c: shutdown FollowerState
2019-10-17 18:51:07,397 [grpc-default-executor-5] INFO  impl.RoleInfo (RoleInfo.java:updateAndGet(143)) - b8f04e38-0663-4b1f-8efd-f76585c6e86c: start FollowerState
2019-10-17 18:51:07,397 [grpc-default-executor-6] INFO  impl.RaftServerImpl (RaftServerImpl.java:setRole(184)) - 73297ffa-40cb-4e3e-b33e-1bc2c1da60f5@group-5F52F902B742: changes role from  FOLLOWER to FOLLOWER at term 179 for recognizeCandidate:abcd8826-c056-4817-bd0f-7af19a46d814
2019-10-17 18:51:07,398 [grpc-default-executor-6] INFO  impl.RoleInfo (RoleInfo.java:shutdownFollowerState(121)) - 73297ffa-40cb-4e3e-b33e-1bc2c1da60f5: shutdown FollowerState
2019-10-17 18:51:07,397 [Thread-2653] INFO  impl.FollowerState (FollowerState.java:run(117)) - b8f04e38-0663-4b1f-8efd-f76585c6e86c@group-5F52F902B742-FollowerState was interrupted: java.lang.InterruptedException: sleep interrupted
2019-10-17 18:51:07,398 [Thread-2654] INFO  impl.FollowerState (FollowerState.java:run(117)) - 73297ffa-40cb-4e3e-b33e-1bc2c1da60f5@group-5F52F902B742-FollowerState was interrupted: java.lang.InterruptedException: sleep interrupted
2019-10-17 18:51:07,398 [grpc-default-executor-6] INFO  impl.RoleInfo (RoleInfo.java:updateAndGet(143)) - 73297ffa-40cb-4e3e-b33e-1bc2c1da60f5: start FollowerState
2019-10-17 18:51:07,398 [grpc-default-executor-0] INFO  impl.RaftServerImpl (RaftServerImpl.java:setRole(184)) - daae7813-f814-475d-9647-a302a5541e36@group-F775CA5912AC: changes role from  FOLLOWER to FOLLOWER at term 174 for recognizeCandidate:a5e79c22-a35f-4e50-b1fd-e91b6a93d74d
2019-10-17 18:51:07,399 [grpc-default-executor-0] INFO  impl.RoleInfo (RoleInfo.java:shutdownFollowerState(121)) - daae7813-f814-475d-9647-a302a5541e36: shutdown FollowerState
2019-10-17 18:51:07,399 [grpc-default-executor-2] INFO  impl.RaftServerImpl (RaftServerImpl.java:setRole(184)) - 1e4e1375-1b66-460f-8c99-4c341545a119@group-F775CA5912AC: changes role from  FOLLOWER to FOLLOWER at term 174 for recognizeCandidate:a5e79c22-a35f-4e50-b1fd-e91b6a93d74d
2019-10-17 18:51:07,399 [Thread-2646] INFO  impl.FollowerState (FollowerState.java:run(117)) - daae7813-f814-475d-9647-a302a5541e36@group-F775CA5912AC-FollowerState was interrupted: java.lang.InterruptedException: sleep interrupted
2019-10-17 18:51:07,399 [grpc-default-executor-0] INFO  impl.RoleInfo (RoleInfo.java:updateAndGet(143)) - daae7813-f814-475d-9647-a302a5541e36: start FollowerState
2019-10-17 18:51:07,399 [grpc-default-executor-2] INFO  impl.RoleInfo (RoleInfo.java:shutdownFollowerState(121)) - 1e4e1375-1b66-460f-8c99-4c341545a119: shutdown FollowerState
2019-10-17 18:51:07,399 [grpc-default-executor-2] INFO  impl.RoleInfo (RoleInfo.java:updateAndGet(143)) - 1e4e1375-1b66-460f-8c99-4c341545a119: start FollowerState
2019-10-17 18:51:07,399 [Thread-2645] INFO  impl.FollowerState (FollowerState.java:run(117)) - 1e4e1375-1b66-460f-8c99-4c341545a119@group-F775CA5912AC-FollowerState was interrupted: java.lang.InterruptedException: sleep interrupted
2019-10-17 18:51:07,399 [abcd8826-c056-4817-bd0f-7af19a46d814@group-5F52F902B742-LeaderElection327] INFO  impl.LeaderElection (LeaderElection.java:logAndReturn(56)) - abcd8826-c056-4817-bd0f-7af19a46d814@group-5F52F902B742-LeaderElection327: Election TIMEOUT; received 0 response(s) [] and 0 exception(s); abcd8826-c056-4817-bd0f-7af19a46d814@group-5F52F902B742:t179, leader=null, voted=abcd8826-c056-4817-bd0f-7af19a46d814, raftlog=abcd8826-c056-4817-bd0f-7af19a46d814@group-5F52F902B742-SegmentedRaftLog:OPENED:c-1,f-1,i0, conf=-1: [b8f04e38-0663-4b1f-8efd-f76585c6e86c:192.168.157.251:35700, abcd8826-c056-4817-bd0f-7af19a46d814:192.168.157.251:46496, 73297ffa-40cb-4e3e-b33e-1bc2c1da60f5:192.168.157.251:32952], old=null
2019-10-17 18:51:07,411 [abcd8826-c056-4817-bd0f-7af19a46d814@group-5F52F902B742-LeaderElection327] INFO  impl.LeaderElection (LeaderElection.java:askForVotes(178)) - abcd8826-c056-4817-bd0f-7af19a46d814@group-5F52F902B742-LeaderElection327: begin an election at term 180 for -1: [b8f04e38-0663-4b1f-8efd-f76585c6e86c:192.168.157.251:35700, abcd8826-c056-4817-bd0f-7af19a46d814:192.168.157.251:46496, 73297ffa-40cb-4e3e-b33e-1bc2c1da60f5:192.168.157.251:32952], old=null
2019-10-17 18:51:07,412 [a5e79c22-a35f-4e50-b1fd-e91b6a93d74d@group-F775CA5912AC-LeaderElection328] INFO  impl.LeaderElection (LeaderElection.java:logAndReturn(56)) - a5e79c22-a35f-4e50-b1fd-e91b6a93d74d@group-F775CA5912AC-LeaderElection328: Election REJECTED; received 2 response(s) [a5e79c22-a35f-4e50-b1fd-e91b6a93d74d<-daae7813-f814-475d-9647-a302a5541e36#0:FAIL-t174, a5e79c22-a35f-4e50-b1fd-e91b6a93d74d<-1e4e1375-1b66-460f-8c99-4c341545a119#0:FAIL-t174] and 0 exception(s); a5e79c22-a35f-4e50-b1fd-e91b6a93d74d@group-F775CA5912AC:t174, leader=null, voted=a5e79c22-a35f-4e50-b1fd-e91b6a93d74d, raftlog=a5e79c22-a35f-4e50-b1fd-e91b6a93d74d@group-F775CA5912AC-SegmentedRaftLog:OPENED:c-1,f-1,i0, conf=-1: [a5e79c22-a35f-4e50-b1fd-e91b6a93d74d:192.168.157.251:45177, daae7813-f814-475d-9647-a302a5541e36:192.168.157.251:45025, 1e4e1375-1b66-460f-8c99-4c341545a119:192.168.157.251:42113], old=null
2019-10-17 18:51:07,412 [a5e79c22-a35f-4e50-b1fd-e91b6a93d74d@group-F775CA5912AC-LeaderElection328] INFO  impl.RaftServerImpl (RaftServerImpl.java:setRole(184)) - a5e79c22-a35f-4e50-b1fd-e91b6a93d74d@group-F775CA5912AC: changes role from CANDIDATE to FOLLOWER at term 174 for DISCOVERED_A_NEW_TERM
2019-10-17 18:51:07,413 [a5e79c22-a35f-4e50-b1fd-e91b6a93d74d@group-F775CA5912AC-LeaderElection328] INFO  impl.RoleInfo (RoleInfo.java:shutdownLeaderElection(134)) - a5e79c22-a35f-4e50-b1fd-e91b6a93d74d: shutdown LeaderElection
2019-10-17 18:51:07,413 [a5e79c22-a35f-4e50-b1fd-e91b6a93d74d@group-F775CA5912AC-LeaderElection328] INFO  impl.RoleInfo (RoleInfo.java:updateAndGet(143)) - a5e79c22-a35f-4e50-b1fd-e91b6a93d74d: start FollowerState
2019-10-17 18:51:07,413 [grpc-default-executor-5] INFO  impl.RaftServerImpl (RaftServerImpl.java:setRole(184)) - b8f04e38-0663-4b1f-8efd-f76585c6e86c@group-5F52F902B742: changes role from  FOLLOWER to FOLLOWER at term 180 for recognizeCandidate:abcd8826-c056-4817-bd0f-7af19a46d814
2019-10-17 18:51:07,413 [grpc-default-executor-5] INFO  impl.RoleInfo (RoleInfo.java:shutdownFollowerState(121)) - b8f04e38-0663-4b1f-8efd-f76585c6e86c: shutdown FollowerState
2019-10-17 18:51:07,413 [grpc-default-executor-5] INFO  impl.RoleInfo (RoleInfo.java:updateAndGet(143)) - b8f04e38-0663-4b1f-8efd-f76585c6e86c: start FollowerState
2019-10-17 18:51:07,413 [Thread-2662] INFO  impl.FollowerState (FollowerState.java:run(117)) - b8f04e38-0663-4b1f-8efd-f76585c6e86c@group-5F52F902B742-FollowerState was interrupted: java.lang.InterruptedException: sleep interrupted
2019-10-17 18:51:07,414 [grpc-default-executor-6] INFO  impl.RaftServerImpl (RaftServerImpl.java:setRole(184)) - 73297ffa-40cb-4e3e-b33e-1bc2c1da60f5@group-5F52F902B742: changes role from  FOLLOWER to FOLLOWER at term 180 for recognizeCandidate:abcd8826-c056-4817-bd0f-7af19a46d814
2019-10-17 18:51:07,414 [grpc-default-executor-6] INFO  impl.RoleInfo (RoleInfo.java:shutdownFollowerState(121)) - 73297ffa-40cb-4e3e-b33e-1bc2c1da60f5: shutdown FollowerState
2019-10-17 18:51:07,414 [grpc-default-executor-6] INFO  impl.RoleInfo (RoleInfo.java:updateAndGet(143)) - 73297ffa-40cb-4e3e-b33e-1bc2c1da60f5: start FollowerState
2019-10-17 18:51:07,414 [Thread-2663] INFO  impl.FollowerState (FollowerState.java:run(117)) - 73297ffa-40cb-4e3e-b33e-1bc2c1da60f5@group-5F52F902B742-FollowerState was interrupted: java.lang.InterruptedException: sleep interrupted
2019-10-17 18:51:07,439 [abcd8826-c056-4817-bd0f-7af19a46d814@group-5F52F902B742-LeaderElection327] INFO  impl.LeaderElection (LeaderElection.java:logAndReturn(56)) - abcd8826-c056-4817-bd0f-7af19a46d814@group-5F52F902B742-LeaderElection327: Election REJECTED; received 2 response(s) [abcd8826-c056-4817-bd0f-7af19a46d814<-b8f04e38-0663-4b1f-8efd-f76585c6e86c#0:FAIL-t180, abcd8826-c056-4817-bd0f-7af19a46d814<-73297ffa-40cb-4e3e-b33e-1bc2c1da60f5#0:FAIL-t180] and 0 exception(s); abcd8826-c056-4817-bd0f-7af19a46d814@group-5F52F902B742:t180, leader=null, voted=abcd8826-c056-4817-bd0f-7af19a46d814, raftlog=abcd8826-c056-4817-bd0f-7af19a46d814@group-5F52F902B742-SegmentedRaftLog:OPENED:c-1,f-1,i0, conf=-1: [b8f04e38-0663-4b1f-8efd-f76585c6e86c:192.168.157.251:35700, abcd8826-c056-4817-bd0f-7af19a46d814:192.168.157.251:46496, 73297ffa-40cb-4e3e-b33e-1bc2c1da60f5:192.168.157.251:32952], old=null
2019-10-17 18:51:07,440 [abcd8826-c056-4817-bd0f-7af19a46d814@group-5F52F902B742-LeaderElection327] INFO  impl.RaftServerImpl (RaftServerImpl.java:setRole(184)) - abcd8826-c056-4817-bd0f-7af19a46d814@group-5F52F902B742: changes role from CANDIDATE to FOLLOWER at term 180 for DISCOVERED_A_NEW_TERM
2019-10-17 18:51:07,440 [abcd8826-c056-4817-bd0f-7af19a46d814@group-5F52F902B742-LeaderElection327] INFO  impl.RoleInfo (RoleInfo.java:shutdownLeaderElection(134)) - abcd8826-c056-4817-bd0f-7af19a46d814: shutdown LeaderElection
2019-10-17 18:51:07,440 [abcd8826-c056-4817-bd0f-7af19a46d814@group-5F52F902B742-LeaderElection327] INFO  impl.RoleInfo (RoleInfo.java:updateAndGet(143)) - abcd8826-c056-4817-bd0f-7af19a46d814: start FollowerState
2019-10-17 18:51:07,477 [Thread-2671] INFO  impl.FollowerState (FollowerState.java:run(108)) - abcd8826-c056-4817-bd0f-7af19a46d814@group-5F52F902B742-FollowerState: change to CANDIDATE, lastRpcTime:37ms, electionTimeout:37ms
2019-10-17 18:51:07,477 [Thread-2671] INFO  impl.RoleInfo (RoleInfo.java:shutdownFollowerState(121)) - abcd8826-c056-4817-bd0f-7af19a46d814: shutdown FollowerState
2019-10-17 18:51:07,477 [Thread-2671] INFO  impl.RaftServerImpl (RaftServerImpl.java:setRole(184)) - abcd8826-c056-4817-bd0f-7af19a46d814@group-5F52F902B742: changes role from  FOLLOWER to CANDIDATE at term 180 for changeToCandidate
2019-10-17 18:51:07,478 [Thread-2671] INFO  impl.RoleInfo (RoleInfo.java:updateAndGet(143)) - abcd8826-c056-4817-bd0f-7af19a46d814: start LeaderElection
2019-10-17 18:51:07,503 [abcd8826-c056-4817-bd0f-7af19a46d814@group-5F52F902B742-LeaderElection329] INFO  impl.LeaderElection (LeaderElection.java:askForVotes(178)) - abcd8826-c056-4817-bd0f-7af19a46d814@group-5F52F902B742-LeaderElection329: begin an election at term 181 for -1: [b8f04e38-0663-4b1f-8efd-f76585c6e86c:192.168.157.251:35700, abcd8826-c056-4817-bd0f-7af19a46d814:192.168.157.251:46496, 73297ffa-40cb-4e3e-b33e-1bc2c1da60f5:192.168.157.251:32952], old=null
2019-10-17 18:51:07,506 [grpc-default-executor-5] INFO  impl.RaftServerImpl (RaftServerImpl.java:setRole(184)) - b8f04e38-0663-4b1f-8efd-f76585c6e86c@group-5F52F902B742: changes role from  FOLLOWER to FOLLOWER at term 181 for recognizeCandidate:abcd8826-c056-4817-bd0f-7af19a46d814
2019-10-17 18:51:07,506 [grpc-default-executor-5] INFO  impl.RoleInfo (RoleInfo.java:shutdownFollowerState(121)) - b8f04e38-0663-4b1f-8efd-f76585c6e86c: shutdown FollowerState
2019-10-17 18:51:07,506 [grpc-default-executor-6] INFO  impl.RaftServerImpl (RaftServerImpl.java:setRole(184)) - 73297ffa-40cb-4e3e-b33e-1bc2c1da60f5@group-5F52F902B742: changes role from  FOLLOWER to FOLLOWER at term 181 for recognizeCandidate:abcd8826-c056-4817-bd0f-7af19a46d814
2019-10-17 18:51:07,506 [grpc-default-executor-6] INFO  impl.RoleInfo (RoleInfo.java:shutdownFollowerState(121)) - 73297ffa-40cb-4e3e-b33e-1bc2c1da60f5: shutdown FollowerState
2019-10-17 18:51:07,506 [Thread-2669] INFO  impl.FollowerState (FollowerState.java:run(117)) - b8f04e38-0663-4b1f-8efd-f76585c6e86c@group-5F52F902B742-FollowerState was interrupted: java.lang.InterruptedException: sleep interrupted
2019-10-17 18:51:07,506 [grpc-default-executor-5] INFO  impl.RoleInfo (RoleInfo.java:updateAndGet(143)) - b8f04e38-0663-4b1f-8efd-f76585c6e86c: start FollowerState
2019-10-17 18:51:07,507 [Thread-2670] INFO  impl.FollowerState (FollowerState.java:run(117)) - 73297ffa-40cb-4e3e-b33e-1bc2c1da60f5@group-5F52F902B742-FollowerState was interrupted: java.lang.InterruptedException: sleep interrupted
2019-10-17 18:51:07,507 [grpc-default-executor-6] INFO  impl.RoleInfo (RoleInfo.java:updateAndGet(143)) - 73297ffa-40cb-4e3e-b33e-1bc2c1da60f5: start FollowerState
2019-10-17 18:51:07,512 [Thread-2668] INFO  impl.FollowerState (FollowerState.java:run(108)) - a5e79c22-a35f-4e50-b1fd-e91b6a93d74d@group-F775CA5912AC-FollowerState: change to CANDIDATE, lastRpcTime:99ms, electionTimeout:99ms
2019-10-17 18:51:07,512 [Thread-2668] INFO  impl.RoleInfo (RoleInfo.java:shutdownFollowerState(121)) - a5e79c22-a35f-4e50-b1fd-e91b6a93d74d: shutdown FollowerState
2019-10-17 18:51:07,512 [Thread-2668] INFO  impl.RaftServerImpl (RaftServerImpl.java:setRole(184)) - a5e79c22-a35f-4e50-b1fd-e91b6a93d74d@group-F775CA5912AC: changes role from  FOLLOWER to CANDIDATE at term 174 for changeToCandidate
2019-10-17 18:51:07,513 [Thread-2668] INFO  impl.RoleInfo (RoleInfo.java:updateAndGet(143)) - a5e79c22-a35f-4e50-b1fd-e91b6a93d74d: start LeaderElection
2019-10-17 18:51:07,533 [a5e79c22-a35f-4e50-b1fd-e91b6a93d74d@group-F775CA5912AC-LeaderElection330] INFO  impl.LeaderElection (LeaderElection.java:askForVotes(178)) - a5e79c22-a35f-4e50-b1fd-e91b6a93d74d@group-F775CA5912AC-LeaderElection330: begin an election at term 175 for -1: [a5e79c22-a35f-4e50-b1fd-e91b6a93d74d:192.168.157.251:45177, daae7813-f814-475d-9647-a302a5541e36:192.168.157.251:45025, 1e4e1375-1b66-460f-8c99-4c341545a119:192.168.157.251:42113], old=null
2019-10-17 18:51:07,533 [abcd8826-c056-4817-bd0f-7af19a46d814@group-5F52F902B742-LeaderElection329] INFO  impl.LeaderElection (LeaderElection.java:logAndReturn(56)) - abcd8826-c056-4817-bd0f-7af19a46d814@group-5F52F902B742-LeaderElection329: Election REJECTED; received 2 response(s) [abcd8826-c056-4817-bd0f-7af19a46d814<-b8f04e38-0663-4b1f-8efd-f76585c6e86c#0:FAIL-t181, abcd8826-c056-4817-bd0f-7af19a46d814<-73297ffa-40cb-4e3e-b33e-1bc2c1da60f5#0:FAIL-t181] and 0 exception(s); abcd8826-c056-4817-bd0f-7af19a46d814@group-5F52F902B742:t181, leader=null, voted=abcd8826-c056-4817-bd0f-7af19a46d814, raftlog=abcd8826-c056-4817-bd0f-7af19a46d814@group-5F52F902B742-SegmentedRaftLog:OPENED:c-1,f-1,i0, conf=-1: [b8f04e38-0663-4b1f-8efd-f76585c6e86c:192.168.157.251:35700, abcd8826-c056-4817-bd0f-7af19a46d814:192.168.157.251:46496, 73297ffa-40cb-4e3e-b33e-1bc2c1da60f5:192.168.157.251:32952], old=null
2019-10-17 18:51:07,534 [abcd8826-c056-4817-bd0f-7af19a46d814@group-5F52F902B742-LeaderElection329] INFO  impl.RaftServerImpl (RaftServerImpl.java:setRole(184)) - abcd8826-c056-4817-bd0f-7af19a46d814@group-5F52F902B742: changes role from CANDIDATE to FOLLOWER at term 181 for DISCOVERED_A_NEW_TERM
2019-10-17 18:51:07,534 [abcd8826-c056-4817-bd0f-7af19a46d814@group-5F52F902B742-LeaderElection329] INFO  impl.RoleInfo (RoleInfo.java:shutdownLeaderElection(134)) - abcd8826-c056-4817-bd0f-7af19a46d814: shutdown LeaderElection
2019-10-17 18:51:07,534 [abcd8826-c056-4817-bd0f-7af19a46d814@group-5F52F902B742-LeaderElection329] INFO  impl.RoleInfo (RoleInfo.java:updateAndGet(143)) - abcd8826-c056-4817-bd0f-7af19a46d814: start FollowerState
2019-10-17 18:51:07,534 [grpc-default-executor-5] INFO  impl.RaftServerImpl (RaftServerImpl.java:setRole(184)) - daae7813-f814-475d-9647-a302a5541e36@group-F775CA5912AC: changes role from  FOLLOWER to FOLLOWER at term 175 for recognizeCandidate:a5e79c22-a35f-4e50-b1fd-e91b6a93d74d
2019-10-17 18:51:07,534 [grpc-default-executor-5] INFO  impl.RoleInfo (RoleInfo.java:shutdownFollowerState(121)) - daae7813-f814-475d-9647-a302a5541e36: shutdown FollowerState
2019-10-17 18:51:07,535 [grpc-default-executor-5] INFO  impl.RoleInfo (RoleInfo.java:updateAndGet(143)) - daae7813-f814-475d-9647-a302a5541e36: start FollowerState
2019-10-17 18:51:07,535 [Thread-2664] INFO  impl.FollowerState (FollowerState.java:run(117)) - daae7813-f814-475d-9647-a302a5541e36@group-F775CA5912AC-FollowerState was interrupted: java.lang.InterruptedException: sleep interrupted
2019-10-17 18:51:07,535 [grpc-default-executor-6] INFO  impl.RaftServerImpl (RaftServerImpl.java:setRole(184)) - 1e4e1375-1b66-460f-8c99-4c341545a119@group-F775CA5912AC: changes role from  FOLLOWER to FOLLOWER at term 175 for recognizeCandidate:a5e79c22-a35f-4e50-b1fd-e91b6a93d74d
2019-10-17 18:51:07,535 [grpc-default-executor-6] INFO  impl.RoleInfo (RoleInfo.java:shutdownFollowerState(121)) - 1e4e1375-1b66-460f-8c99-4c341545a119: shutdown FollowerState
2019-10-17 18:51:07,535 [grpc-default-executor-6] INFO  impl.RoleInfo (RoleInfo.java:updateAndGet(143)) - 1e4e1375-1b66-460f-8c99-4c341545a119: start FollowerState
2019-10-17 18:51:07,536 [Thread-2665] INFO  impl.FollowerState (FollowerState.java:run(117)) - 1e4e1375-1b66-460f-8c99-4c341545a119@group-F775CA5912AC-FollowerState was interrupted: java.lang.InterruptedException: sleep interrupted
2019-10-17 18:51:07,561 [a5e79c22-a35f-4e50-b1fd-e91b6a93d74d@group-F775CA5912AC-LeaderElection330] INFO  impl.LeaderElection (LeaderElection.java:logAndReturn(56)) - a5e79c22-a35f-4e50-b1fd-e91b6a93d74d@group-F775CA5912AC-LeaderElection330: Election REJECTED; received 2 response(s) [a5e79c22-a35f-4e50-b1fd-e91b6a93d74d<-daae7813-f814-475d-9647-a302a5541e36#0:FAIL-t175, a5e79c22-a35f-4e50-b1fd-e91b6a93d74d<-1e4e1375-1b66-460f-8c99-4c341545a119#0:FAIL-t175] and 0 exception(s); a5e79c22-a35f-4e50-b1fd-e91b6a93d74d@group-F775CA5912AC:t175, leader=null, voted=a5e79c22-a35f-4e50-b1fd-e91b6a93d74d, raftlog=a5e79c22-a35f-4e50-b1fd-e91b6a93d74d@group-F775CA5912AC-SegmentedRaftLog:OPENED:c-1,f-1,i0, conf=-1: [a5e79c22-a35f-4e50-b1fd-e91b6a93d74d:192.168.157.251:45177, daae7813-f814-475d-9647-a302a5541e36:192.168.157.251:45025, 1e4e1375-1b66-460f-8c99-4c341545a119:192.168.157.251:42113], old=null
2019-10-17 18:51:07,562 [a5e79c22-a35f-4e50-b1fd-e91b6a93d74d@group-F775CA5912AC-LeaderElection330] INFO  impl.RaftServerImpl (RaftServerImpl.java:setRole(184)) - a5e79c22-a35f-4e50-b1fd-e91b6a93d74d@group-F775CA5912AC: changes role from CANDIDATE to FOLLOWER at term 175 for DISCOVERED_A_NEW_TERM
2019-10-17 18:51:07,562 [a5e79c22-a35f-4e50-b1fd-e91b6a93d74d@group-F775CA5912AC-LeaderElection330] INFO  impl.RoleInfo (RoleInfo.java:shutdownLeaderElection(134)) - a5e79c22-a35f-4e50-b1fd-e91b6a93d74d: shutdown LeaderElection
2019-10-17 18:51:07,562 [a5e79c22-a35f-4e50-b1fd-e91b6a93d74d@group-F775CA5912AC-LeaderElection330] INFO  impl.RoleInfo (RoleInfo.java:updateAndGet(143)) - a5e79c22-a35f-4e50-b1fd-e91b6a93d74d: start FollowerState
2019-10-17 18:51:07,687 [Thread-2680] INFO  impl.FollowerState (FollowerState.java:run(108)) - abcd8826-c056-4817-bd0f-7af19a46d814@group-5F52F902B742-FollowerState: change to CANDIDATE, lastRpcTime:152ms, electionTimeout:152ms
2019-10-17 18:51:07,687 [Thread-2680] INFO  impl.RoleInfo (RoleInfo.java:shutdownFollowerState(121)) - abcd8826-c056-4817-bd0f-7af19a46d814: shutdown FollowerState
2019-10-17 18:51:07,687 [Thread-2680] INFO  impl.RaftServerImpl (RaftServerImpl.java:setRole(184)) - abcd8826-c056-4817-bd0f-7af19a46d814@group-5F52F902B742: changes role from  FOLLOWER to CANDIDATE at term 181 for changeToCandidate
2019-10-17 18:51:07,687 [Thread-2680] INFO  impl.RoleInfo (RoleInfo.java:updateAndGet(143)) - abcd8826-c056-4817-bd0f-7af19a46d814: start LeaderElection
2019-10-17 18:51:07,713 [abcd8826-c056-4817-bd0f-7af19a46d814@group-5F52F902B742-LeaderElection331] INFO  impl.LeaderElection (LeaderElection.java:askForVotes(178)) - abcd8826-c056-4817-bd0f-7af19a46d814@group-5F52F902B742-LeaderElection331: begin an election at term 182 for -1: [b8f04e38-0663-4b1f-8efd-f76585c6e86c:192.168.157.251:35700, abcd8826-c056-4817-bd0f-7af19a46d814:192.168.157.251:46496, 73297ffa-40cb-4e3e-b33e-1bc2c1da60f5:192.168.157.251:32952], old=null
2019-10-17 18:51:07,715 [grpc-default-executor-6] INFO  impl.RaftServerImpl (RaftServerImpl.java:setRole(184)) - b8f04e38-0663-4b1f-8efd-f76585c6e86c@group-5F52F902B742: changes role from  FOLLOWER to FOLLOWER at term 182 for recognizeCandidate:abcd8826-c056-4817-bd0f-7af19a46d814
2019-10-17 18:51:07,715 [grpc-default-executor-6] INFO  impl.RoleInfo (RoleInfo.java:shutdownFollowerState(121)) - b8f04e38-0663-4b1f-8efd-f76585c6e86c: shutdown FollowerState
2019-10-17 18:51:07,715 [grpc-default-executor-5] INFO  impl.RaftServerImpl (RaftServerImpl.java:setRole(184)) - 73297ffa-40cb-4e3e-b33e-1bc2c1da60f5@group-5F52F902B742: changes role from  FOLLOWER to FOLLOWER at term 182 for recognizeCandidate:abcd8826-c056-4817-bd0f-7af19a46d814
2019-10-17 18:51:07,716 [Thread-2675] INFO  impl.FollowerState (FollowerState.java:run(117)) - b8f04e38-0663-4b1f-8efd-f76585c6e86c@group-5F52F902B742-FollowerState was interrupted: java.lang.InterruptedException: sleep interrupted
2019-10-17 18:51:07,716 [grpc-default-executor-6] INFO  impl.RoleInfo (RoleInfo.java:updateAndGet(143)) - b8f04e38-0663-4b1f-8efd-f76585c6e86c: start FollowerState
2019-10-17 18:51:07,716 [grpc-default-executor-5] INFO  impl.RoleInfo (RoleInfo.java:shutdownFollowerState(121)) - 73297ffa-40cb-4e3e-b33e-1bc2c1da60f5: shutdown FollowerState
2019-10-17 18:51:07,716 [grpc-default-executor-5] INFO  impl.RoleInfo (RoleInfo.java:updateAndGet(143)) - 73297ffa-40cb-4e3e-b33e-1bc2c1da60f5: start FollowerState
2019-10-17 18:51:07,716 [Thread-2676] INFO  impl.FollowerState (FollowerState.java:run(117)) - 73297ffa-40cb-4e3e-b33e-1bc2c1da60f5@group-5F52F902B742-FollowerState was interrupted: java.lang.InterruptedException: sleep interrupted
2019-10-17 18:51:07,723 [Thread-2683] INFO  impl.FollowerState (FollowerState.java:run(108)) - a5e79c22-a35f-4e50-b1fd-e91b6a93d74d@group-F775CA5912AC-FollowerState: change to CANDIDATE, lastRpcTime:161ms, electionTimeout:161ms
2019-10-17 18:51:07,723 [Thread-2683] INFO  impl.RoleInfo (RoleInfo.java:shutdownFollowerState(121)) - a5e79c22-a35f-4e50-b1fd-e91b6a93d74d: shutdown FollowerState
2019-10-17 18:51:07,723 [Thread-2683] INFO  impl.RaftServerImpl (RaftServerImpl.java:setRole(184)) - a5e79c22-a35f-4e50-b1fd-e91b6a93d74d@group-F775CA5912AC: changes role from  FOLLOWER to CANDIDATE at term 175 for changeToCandidate
2019-10-17 18:51:07,724 [Thread-2683] INFO  impl.RoleInfo (RoleInfo.java:updateAndGet(143)) - a5e79c22-a35f-4e50-b1fd-e91b6a93d74d: start LeaderElection
2019-10-17 18:51:07,732 [a5e79c22-a35f-4e50-b1fd-e91b6a93d74d@group-F775CA5912AC-LeaderElection332] INFO  impl.LeaderElection (LeaderElection.java:askForVotes(178)) - a5e79c22-a35f-4e50-b1fd-e91b6a93d74d@group-F775CA5912AC-LeaderElection332: begin an election at term 176 for -1: [a5e79c22-a35f-4e50-b1fd-e91b6a93d74d:192.168.157.251:45177, daae7813-f814-475d-9647-a302a5541e36:192.168.157.251:45025, 1e4e1375-1b66-460f-8c99-4c341545a119:192.168.157.251:42113], old=null
2019-10-17 18:51:07,732 [abcd8826-c056-4817-bd0f-7af19a46d814@group-5F52F902B742-LeaderElection331] INFO  impl.LeaderElection (LeaderElection.java:logAndReturn(56)) - abcd8826-c056-4817-bd0f-7af19a46d814@group-5F52F902B742-LeaderElection331: Election REJECTED; received 2 response(s) [abcd8826-c056-4817-bd0f-7af19a46d814<-b8f04e38-0663-4b1f-8efd-f76585c6e86c#0:FAIL-t182, abcd8826-c056-4817-bd0f-7af19a46d814<-73297ffa-40cb-4e3e-b33e-1bc2c1da60f5#0:FAIL-t182] and 0 exception(s); abcd8826-c056-4817-bd0f-7af19a46d814@group-5F52F902B742:t182, leader=null, voted=abcd8826-c056-4817-bd0f-7af19a46d814, raftlog=abcd8826-c056-4817-bd0f-7af19a46d814@group-5F52F902B742-SegmentedRaftLog:OPENED:c-1,f-1,i0, conf=-1: [b8f04e38-0663-4b1f-8efd-f76585c6e86c:192.168.157.251:35700, abcd8826-c056-4817-bd0f-7af19a46d814:192.168.157.251:46496, 73297ffa-40cb-4e3e-b33e-1bc2c1da60f5:192.168.157.251:32952], old=null
2019-10-17 18:51:07,733 [abcd8826-c056-4817-bd0f-7af19a46d814@group-5F52F902B742-LeaderElection331] INFO  impl.RaftServerImpl (RaftServerImpl.java:setRole(184)) - abcd8826-c056-4817-bd0f-7af19a46d814@group-5F52F902B742: changes role from CANDIDATE to FOLLOWER at term 182 for DISCOVERED_A_NEW_TERM
2019-10-17 18:51:07,733 [abcd8826-c056-4817-bd0f-7af19a46d814@group-5F52F902B742-LeaderElection331] INFO  impl.RoleInfo (RoleInfo.java:shutdownLeaderElection(134)) - abcd8826-c056-4817-bd0f-7af19a46d814: shutdown LeaderElection
2019-10-17 18:51:07,733 [abcd8826-c056-4817-bd0f-7af19a46d814@group-5F52F902B742-LeaderElection331] INFO  impl.RoleInfo (RoleInfo.java:updateAndGet(143)) - abcd8826-c056-4817-bd0f-7af19a46d814: start FollowerState
2019-10-17 18:51:07,733 [grpc-default-executor-5] INFO  impl.RaftServerImpl (RaftServerImpl.java:setRole(184)) - daae7813-f814-475d-9647-a302a5541e36@group-F775CA5912AC: changes role from  FOLLOWER to FOLLOWER at term 176 for recognizeCandidate:a5e79c22-a35f-4e50-b1fd-e91b6a93d74d
2019-10-17 18:51:07,733 [grpc-default-executor-5] INFO  impl.RoleInfo (RoleInfo.java:shutdownFollowerState(121)) - daae7813-f814-475d-9647-a302a5541e36: shutdown FollowerState
2019-10-17 18:51:07,733 [grpc-default-executor-6] INFO  impl.RaftServerImpl (RaftServerImpl.java:setRole(184)) - 1e4e1375-1b66-460f-8c99-4c341545a119@group-F775CA5912AC: changes role from  FOLLOWER to FOLLOWER at term 176 for recognizeCandidate:a5e79c22-a35f-4e50-b1fd-e91b6a93d74d
2019-10-17 18:51:07,734 [Thread-2681] INFO  impl.FollowerState (FollowerState.java:run(117)) - daae7813-f814-475d-9647-a302a5541e36@group-F775CA5912AC-FollowerState was interrupted: java.lang.InterruptedException: sleep interrupted
2019-10-17 18:51:07,734 [grpc-default-executor-5] INFO  impl.RoleInfo (RoleInfo.java:updateAndGet(143)) - daae7813-f814-475d-9647-a302a5541e36: start FollowerState
2019-10-17 18:51:07,734 [grpc-default-executor-6] INFO  impl.RoleInfo (RoleInfo.java:shutdownFollowerState(121)) - 1e4e1375-1b66-460f-8c99-4c341545a119: shutdown FollowerState
2019-10-17 18:51:07,734 [grpc-default-executor-6] INFO  impl.RoleInfo (RoleInfo.java:updateAndGet(143)) - 1e4e1375-1b66-460f-8c99-4c341545a119: start FollowerState
2019-10-17 18:51:07,734 [Thread-2682] INFO  impl.FollowerState (FollowerState.java:run(117)) - 1e4e1375-1b66-460f-8c99-4c341545a119@group-F775CA5912AC-FollowerState was interrupted: java.lang.InterruptedException: sleep interrupted
2019-10-17 18:51:07,745 [a5e79c22-a35f-4e50-b1fd-e91b6a93d74d@group-F775CA5912AC-LeaderElection332] INFO  impl.LeaderElection (LeaderElection.java:logAndReturn(56)) - a5e79c22-a35f-4e50-b1fd-e91b6a93d74d@group-F775CA5912AC-LeaderElection332: Election REJECTED; received 2 response(s) [a5e79c22-a35f-4e50-b1fd-e91b6a93d74d<-daae7813-f814-475d-9647-a302a5541e36#0:FAIL-t176, a5e79c22-a35f-4e50-b1fd-e91b6a93d74d<-1e4e1375-1b66-460f-8c99-4c341545a119#0:FAIL-t176] and 0 exception(s); a5e79c22-a35f-4e50-b1fd-e91b6a93d74d@group-F775CA5912AC:t176, leader=null, voted=a5e79c22-a35f-4e50-b1fd-e91b6a93d74d, raftlog=a5e79c22-a35f-4e50-b1fd-e91b6a93d74d@group-F775CA5912AC-SegmentedRaftLog:OPENED:c-1,f-1,i0, conf=-1: [a5e79c22-a35f-4e50-b1fd-e91b6a93d74d:192.168.157.251:45177, daae7813-f814-475d-9647-a302a5541e36:192.168.157.251:45025, 1e4e1375-1b66-460f-8c99-4c341545a119:192.168.157.251:42113], old=null
2019-10-17 18:51:07,745 [a5e79c22-a35f-4e50-b1fd-e91b6a93d74d@group-F775CA5912AC-LeaderElection332] INFO  impl.RaftServerImpl (RaftServerImpl.java:setRole(184)) - a5e79c22-a35f-4e50-b1fd-e91b6a93d74d@group-F775CA5912AC: changes role from CANDIDATE to FOLLOWER at term 176 for DISCOVERED_A_NEW_TERM
2019-10-17 18:51:07,746 [a5e79c22-a35f-4e50-b1fd-e91b6a93d74d@group-F775CA5912AC-LeaderElection332] INFO  impl.RoleInfo (RoleInfo.java:shutdownLeaderElection(134)) - a5e79c22-a35f-4e50-b1fd-e91b6a93d74d: shutdown LeaderElection
2019-10-17 18:51:07,746 [a5e79c22-a35f-4e50-b1fd-e91b6a93d74d@group-F775CA5912AC-LeaderElection332] INFO  impl.RoleInfo (RoleInfo.java:updateAndGet(143)) - a5e79c22-a35f-4e50-b1fd-e91b6a93d74d: start FollowerState
2019-10-17 18:51:07,775 [Thread-2692] INFO  impl.FollowerState (FollowerState.java:run(108)) - abcd8826-c056-4817-bd0f-7af19a46d814@group-5F52F902B742-FollowerState: change to CANDIDATE, lastRpcTime:42ms, electionTimeout:42ms
2019-10-17 18:51:07,775 [Thread-2692] INFO  impl.RoleInfo (RoleInfo.java:shutdownFollowerState(121)) - abcd8826-c056-4817-bd0f-7af19a46d814: shutdown FollowerState
2019-10-17 18:51:07,775 [Thread-2692] INFO  impl.RaftServerImpl (RaftServerImpl.java:setRole(184)) - abcd8826-c056-4817-bd0f-7af19a46d814@group-5F52F902B742: changes role from  FOLLOWER to CANDIDATE at term 182 for changeToCandidate
2019-10-17 18:51:07,776 [Thread-2692] INFO  impl.RoleInfo (RoleInfo.java:updateAndGet(143)) - abcd8826-c056-4817-bd0f-7af19a46d814: start LeaderElection
2019-10-17 18:51:07,789 [abcd8826-c056-4817-bd0f-7af19a46d814@group-5F52F902B742-LeaderElection333] INFO  impl.LeaderElection (LeaderElection.java:askForVotes(178)) - abcd8826-c056-4817-bd0f-7af19a46d814@group-5F52F902B742-LeaderElection333: begin an election at term 183 for -1: [b8f04e38-0663-4b1f-8efd-f76585c6e86c:192.168.157.251:35700, abcd8826-c056-4817-bd0f-7af19a46d814:192.168.157.251:46496, 73297ffa-40cb-4e3e-b33e-1bc2c1da60f5:192.168.157.251:32952], old=null
2019-10-17 18:51:07,791 [grpc-default-executor-5] INFO  impl.RaftServerImpl (RaftServerImpl.java:setRole(184)) - b8f04e38-0663-4b1f-8efd-f76585c6e86c@group-5F52F902B742: changes role from  FOLLOWER to FOLLOWER at term 183 for recognizeCandidate:abcd8826-c056-4817-bd0f-7af19a46d814
2019-10-17 18:51:07,791 [grpc-default-executor-5] INFO  impl.RoleInfo (RoleInfo.java:shutdownFollowerState(121)) - b8f04e38-0663-4b1f-8efd-f76585c6e86c: shutdown FollowerState
2019-10-17 18:51:07,791 [grpc-default-executor-6] INFO  impl.RaftServerImpl (RaftServerImpl.java:setRole(184)) - 73297ffa-40cb-4e3e-b33e-1bc2c1da60f5@group-5F52F902B742: changes role from  FOLLOWER to FOLLOWER at term 183 for recognizeCandidate:abcd8826-c056-4817-bd0f-7af19a46d814
2019-10-17 18:51:07,791 [Thread-2687] INFO  impl.FollowerState (FollowerState.java:run(117)) - b8f04e38-0663-4b1f-8efd-f76585c6e86c@group-5F52F902B742-FollowerState was interrupted: java.lang.InterruptedException: sleep interrupted
2019-10-17 18:51:07,791 [grpc-default-executor-5] INFO  impl.RoleInfo (RoleInfo.java:updateAndGet(143)) - b8f04e38-0663-4b1f-8efd-f76585c6e86c: start FollowerState
2019-10-17 18:51:07,791 [grpc-default-executor-6] INFO  impl.RoleInfo (RoleInfo.java:shutdownFollowerState(121)) - 73297ffa-40cb-4e3e-b33e-1bc2c1da60f5: shutdown FollowerState
2019-10-17 18:51:07,791 [grpc-default-executor-6] INFO  impl.RoleInfo (RoleInfo.java:updateAndGet(143)) - 73297ffa-40cb-4e3e-b33e-1bc2c1da60f5: start FollowerState
2019-10-17 18:51:07,792 [Thread-2688] INFO  impl.FollowerState (FollowerState.java:run(117)) - 73297ffa-40cb-4e3e-b33e-1bc2c1da60f5@group-5F52F902B742-FollowerState was interrupted: java.lang.InterruptedException: sleep interrupted
2019-10-17 18:51:07,800 [Thread-2695] INFO  impl.FollowerState (FollowerState.java:run(108)) - a5e79c22-a35f-4e50-b1fd-e91b6a93d74d@group-F775CA5912AC-FollowerState: change to CANDIDATE, lastRpcTime:54ms, electionTimeout:54ms
2019-10-17 18:51:07,800 [Thread-2695] INFO  impl.RoleInfo (RoleInfo.java:shutdownFollowerState(121)) - a5e79c22-a35f-4e50-b1fd-e91b6a93d74d: shutdown FollowerState
2019-10-17 18:51:07,800 [Thread-2695] INFO  impl.RaftServerImpl (RaftServerImpl.java:setRole(184)) - a5e79c22-a35f-4e50-b1fd-e91b6a93d74d@group-F775CA5912AC: changes role from  FOLLOWER to CANDIDATE at term 176 for changeToCandidate
2019-10-17 18:51:07,800 [Thread-2695] INFO  impl.RoleInfo (RoleInfo.java:updateAndGet(143)) - a5e79c22-a35f-4e50-b1fd-e91b6a93d74d: start LeaderElection
2019-10-17 18:51:07,805 [a5e79c22-a35f-4e50-b1fd-e91b6a93d74d@group-F775CA5912AC-LeaderElection334] INFO  impl.LeaderElection (LeaderElection.java:askForVotes(178)) - a5e79c22-a35f-4e50-b1fd-e91b6a93d74d@group-F775CA5912AC-LeaderElection334: begin an election at term 177 for -1: [a5e79c22-a35f-4e50-b1fd-e91b6a93d74d:192.168.157.251:45177, daae7813-f814-475d-9647-a302a5541e36:192.168.157.251:45025, 1e4e1375-1b66-460f-8c99-4c341545a119:192.168.157.251:42113], old=null
2019-10-17 18:51:07,806 [abcd8826-c056-4817-bd0f-7af19a46d814@group-5F52F902B742-LeaderElection333] INFO  impl.LeaderElection (LeaderElection.java:logAndReturn(56)) - abcd8826-c056-4817-bd0f-7af19a46d814@group-5F52F902B742-LeaderElection333: Election REJECTED; received 2 response(s) [abcd8826-c056-4817-bd0f-7af19a46d814<-b8f04e38-0663-4b1f-8efd-f76585c6e86c#0:FAIL-t183, abcd8826-c056-4817-bd0f-7af19a46d814<-73297ffa-40cb-4e3e-b33e-1bc2c1da60f5#0:FAIL-t183] and 0 exception(s); abcd8826-c056-4817-bd0f-7af19a46d814@group-5F52F902B742:t183, leader=null, voted=abcd8826-c056-4817-bd0f-7af19a46d814, raftlog=abcd8826-c056-4817-bd0f-7af19a46d814@group-5F52F902B742-SegmentedRaftLog:OPENED:c-1,f-1,i0, conf=-1: [b8f04e38-0663-4b1f-8efd-f76585c6e86c:192.168.157.251:35700, abcd8826-c056-4817-bd0f-7af19a46d814:192.168.157.251:46496, 73297ffa-40cb-4e3e-b33e-1bc2c1da60f5:192.168.157.251:32952], old=null
2019-10-17 18:51:07,806 [abcd8826-c056-4817-bd0f-7af19a46d814@group-5F52F902B742-LeaderElection333] INFO  impl.RaftServerImpl (RaftServerImpl.java:setRole(184)) - abcd8826-c056-4817-bd0f-7af19a46d814@group-5F52F902B742: changes role from CANDIDATE to FOLLOWER at term 183 for DISCOVERED_A_NEW_TERM
2019-10-17 18:51:07,806 [abcd8826-c056-4817-bd0f-7af19a46d814@group-5F52F902B742-LeaderElection333] INFO  impl.RoleInfo (RoleInfo.java:shutdownLeaderElection(134)) - abcd8826-c056-4817-bd0f-7af19a46d814: shutdown LeaderElection
2019-10-17 18:51:07,806 [abcd8826-c056-4817-bd0f-7af19a46d814@group-5F52F902B742-LeaderElection333] INFO  impl.RoleInfo (RoleInfo.java:updateAndGet(143)) - abcd8826-c056-4817-bd0f-7af19a46d814: start FollowerState
2019-10-17 18:51:07,806 [grpc-default-executor-6] INFO  impl.RaftServerImpl (RaftServerImpl.java:setRole(184)) - daae7813-f814-475d-9647-a302a5541e36@group-F775CA5912AC: changes role from  FOLLOWER to FOLLOWER at term 177 for recognizeCandidate:a5e79c22-a35f-4e50-b1fd-e91b6a93d74d
2019-10-17 18:51:07,807 [grpc-default-executor-6] INFO  impl.RoleInfo (RoleInfo.java:shutdownFollowerState(121)) - daae7813-f814-475d-9647-a302a5541e36: shutdown FollowerState
2019-10-17 18:51:07,807 [grpc-default-executor-6] INFO  impl.RoleInfo (RoleInfo.java:updateAndGet(143)) - daae7813-f814-475d-9647-a302a5541e36: start FollowerState
2019-10-17 18:51:07,807 [Thread-2693] INFO  impl.FollowerState (FollowerState.java:run(117)) - daae7813-f814-475d-9647-a302a5541e36@group-F775CA5912AC-FollowerState was interrupted: java.lang.InterruptedException: sleep interrupted
2019-10-17 18:51:07,807 [grpc-default-executor-5] INFO  impl.RaftServerImpl (RaftServerImpl.java:setRole(184)) - 1e4e1375-1b66-460f-8c99-4c341545a119@group-F775CA5912AC: changes role from  FOLLOWER to FOLLOWER at term 177 for recognizeCandidate:a5e79c22-a35f-4e50-b1fd-e91b6a93d74d
2019-10-17 18:51:07,807 [grpc-default-executor-5] INFO  impl.RoleInfo (RoleInfo.java:shutdownFollowerState(121)) - 1e4e1375-1b66-460f-8c99-4c341545a119: shutdown FollowerState
2019-10-17 18:51:07,807 [grpc-default-executor-5] INFO  impl.RoleInfo (RoleInfo.java:updateAndGet(143)) - 1e4e1375-1b66-460f-8c99-4c341545a119: start FollowerState
2019-10-17 18:51:07,808 [Thread-2694] INFO  impl.FollowerState (FollowerState.java:run(117)) - 1e4e1375-1b66-460f-8c99-4c341545a119@group-F775CA5912AC-FollowerState was interrupted: java.lang.InterruptedException: sleep interrupted
2019-10-17 18:51:07,833 [a5e79c22-a35f-4e50-b1fd-e91b6a93d74d@group-F775CA5912AC-LeaderElection334] INFO  impl.LeaderElection (LeaderElection.java:logAndReturn(56)) - a5e79c22-a35f-4e50-b1fd-e91b6a93d74d@group-F775CA5912AC-LeaderElection334: Election REJECTED; received 2 response(s) [a5e79c22-a35f-4e50-b1fd-e91b6a93d74d<-daae7813-f814-475d-9647-a302a5541e36#0:FAIL-t177, a5e79c22-a35f-4e50-b1fd-e91b6a93d74d<-1e4e1375-1b66-460f-8c99-4c341545a119#0:FAIL-t177] and 0 exception(s); a5e79c22-a35f-4e50-b1fd-e91b6a93d74d@group-F775CA5912AC:t177, leader=null, voted=a5e79c22-a35f-4e50-b1fd-e91b6a93d74d, raftlog=a5e79c22-a35f-4e50-b1fd-e91b6a93d74d@group-F775CA5912AC-SegmentedRaftLog:OPENED:c-1,f-1,i0, conf=-1: [a5e79c22-a35f-4e50-b1fd-e91b6a93d74d:192.168.157.251:45177, daae7813-f814-475d-9647-a302a5541e36:192.168.157.251:45025, 1e4e1375-1b66-460f-8c99-4c341545a119:192.168.157.251:42113], old=null
2019-10-17 18:51:07,833 [a5e79c22-a35f-4e50-b1fd-e91b6a93d74d@group-F775CA5912AC-LeaderElection334] INFO  impl.RaftServerImpl (RaftServerImpl.java:setRole(184)) - a5e79c22-a35f-4e50-b1fd-e91b6a93d74d@group-F775CA5912AC: changes role from CANDIDATE to FOLLOWER at term 177 for DISCOVERED_A_NEW_TERM
2019-10-17 18:51:07,833 [a5e79c22-a35f-4e50-b1fd-e91b6a93d74d@group-F775CA5912AC-LeaderElection334] INFO  impl.RoleInfo (RoleInfo.java:shutdownLeaderElection(134)) - a5e79c22-a35f-4e50-b1fd-e91b6a93d74d: shutdown LeaderElection
2019-10-17 18:51:07,833 [a5e79c22-a35f-4e50-b1fd-e91b6a93d74d@group-F775CA5912AC-LeaderElection334] INFO  impl.RoleInfo (RoleInfo.java:updateAndGet(143)) - a5e79c22-a35f-4e50-b1fd-e91b6a93d74d: start FollowerState
2019-10-17 18:51:07,879 [Thread-2705] INFO  impl.FollowerState (FollowerState.java:run(108)) - abcd8826-c056-4817-bd0f-7af19a46d814@group-5F52F902B742-FollowerState: change to CANDIDATE, lastRpcTime:72ms, electionTimeout:72ms
2019-10-17 18:51:07,879 [Thread-2705] INFO  impl.RoleInfo (RoleInfo.java:shutdownFollowerState(121)) - abcd8826-c056-4817-bd0f-7af19a46d814: shutdown FollowerState
2019-10-17 18:51:07,879 [Thread-2705] INFO  impl.RaftServerImpl (RaftServerImpl.java:setRole(184)) - abcd8826-c056-4817-bd0f-7af19a46d814@group-5F52F902B742: changes role from  FOLLOWER to CANDIDATE at term 183 for changeToCandidate
2019-10-17 18:51:07,879 [Thread-2705] INFO  impl.RoleInfo (RoleInfo.java:updateAndGet(143)) - abcd8826-c056-4817-bd0f-7af19a46d814: start LeaderElection
2019-10-17 18:51:07,905 [Thread-2709] INFO  impl.FollowerState (FollowerState.java:run(108)) - a5e79c22-a35f-4e50-b1fd-e91b6a93d74d@group-F775CA5912AC-FollowerState: change to CANDIDATE, lastRpcTime:71ms, electionTimeout:71ms
2019-10-17 18:51:07,905 [Thread-2709] INFO  impl.RoleInfo (RoleInfo.java:shutdownFollowerState(121)) - a5e79c22-a35f-4e50-b1fd-e91b6a93d74d: shutdown FollowerState
2019-10-17 18:51:07,905 [Thread-2709] INFO  impl.RaftServerImpl (RaftServerImpl.java:setRole(184)) - a5e79c22-a35f-4e50-b1fd-e91b6a93d74d@group-F775CA5912AC: changes role from  FOLLOWER to CANDIDATE at term 177 for changeToCandidate
2019-10-17 18:51:07,905 [Thread-2709] INFO  impl.RoleInfo (RoleInfo.java:updateAndGet(143)) - a5e79c22-a35f-4e50-b1fd-e91b6a93d74d: start LeaderElection
2019-10-17 18:51:08,575 [a5e79c22-a35f-4e50-b1fd-e91b6a93d74d@group-F775CA5912AC-LeaderElection336] INFO  impl.LeaderElection (LeaderElection.java:askForVotes(178)) - a5e79c22-a35f-4e50-b1fd-e91b6a93d74d@group-F775CA5912AC-LeaderElection336: begin an election at term 178 for -1: [a5e79c22-a35f-4e50-b1fd-e91b6a93d74d:192.168.157.251:45177, daae7813-f814-475d-9647-a302a5541e36:192.168.157.251:45025, 1e4e1375-1b66-460f-8c99-4c341545a119:192.168.157.251:42113], old=null
2019-10-17 18:51:08,576 [abcd8826-c056-4817-bd0f-7af19a46d814@group-5F52F902B742-LeaderElection335] INFO  impl.LeaderElection (LeaderElection.java:askForVotes(178)) - abcd8826-c056-4817-bd0f-7af19a46d814@group-5F52F902B742-LeaderElection335: begin an election at term 184 for -1: [b8f04e38-0663-4b1f-8efd-f76585c6e86c:192.168.157.251:35700, abcd8826-c056-4817-bd0f-7af19a46d814:192.168.157.251:46496, 73297ffa-40cb-4e3e-b33e-1bc2c1da60f5:192.168.157.251:32952], old=null
2019-10-17 18:51:08,578 [grpc-default-executor-5] INFO  impl.RaftServerImpl (RaftServerImpl.java:setRole(184)) - 73297ffa-40cb-4e3e-b33e-1bc2c1da60f5@group-5F52F902B742: changes role from  FOLLOWER to FOLLOWER at term 184 for recognizeCandidate:abcd8826-c056-4817-bd0f-7af19a46d814
2019-10-17 18:51:08,578 [grpc-default-executor-5] INFO  impl.RoleInfo (RoleInfo.java:shutdownFollowerState(121)) - 73297ffa-40cb-4e3e-b33e-1bc2c1da60f5: shutdown FollowerState
2019-10-17 18:51:08,578 [grpc-default-executor-2] INFO  impl.RaftServerImpl (RaftServerImpl.java:setRole(184)) - b8f04e38-0663-4b1f-8efd-f76585c6e86c@group-5F52F902B742: changes role from  FOLLOWER to FOLLOWER at term 184 for recognizeCandidate:abcd8826-c056-4817-bd0f-7af19a46d814
2019-10-17 18:51:08,578 [grpc-default-executor-6] INFO  impl.RaftServerImpl (RaftServerImpl.java:setRole(184)) - daae7813-f814-475d-9647-a302a5541e36@group-F775CA5912AC: changes role from  FOLLOWER to FOLLOWER at term 178 for recognizeCandidate:a5e79c22-a35f-4e50-b1fd-e91b6a93d74d
2019-10-17 18:51:08,578 [grpc-default-executor-6] INFO  impl.RoleInfo (RoleInfo.java:shutdownFollowerState(121)) - daae7813-f814-475d-9647-a302a5541e36: shutdown FollowerState
2019-10-17 18:51:08,578 [grpc-default-executor-2] INFO  impl.RoleInfo (RoleInfo.java:shutdownFollowerState(121)) - b8f04e38-0663-4b1f-8efd-f76585c6e86c: shutdown FollowerState
2019-10-17 18:51:08,578 [Thread-2700] INFO  impl.FollowerState (FollowerState.java:run(117)) - 73297ffa-40cb-4e3e-b33e-1bc2c1da60f5@group-5F52F902B742-FollowerState was interrupted: java.lang.InterruptedException: sleep interrupted
2019-10-17 18:51:08,578 [grpc-default-executor-5] INFO  impl.RoleInfo (RoleInfo.java:updateAndGet(143)) - 73297ffa-40cb-4e3e-b33e-1bc2c1da60f5: start FollowerState
2019-10-17 18:51:08,578 [grpc-default-executor-0] INFO  impl.RaftServerImpl (RaftServerImpl.java:setRole(184)) - 1e4e1375-1b66-460f-8c99-4c341545a119@group-F775CA5912AC: changes role from  FOLLOWER to FOLLOWER at term 178 for recognizeCandidate:a5e79c22-a35f-4e50-b1fd-e91b6a93d74d
2019-10-17 18:51:08,579 [Thread-2699] INFO  impl.FollowerState (FollowerState.java:run(117)) - b8f04e38-0663-4b1f-8efd-f76585c6e86c@group-5F52F902B742-FollowerState was interrupted: java.lang.InterruptedException: sleep interrupted
2019-10-17 18:51:08,579 [grpc-default-executor-2] INFO  impl.RoleInfo (RoleInfo.java:updateAndGet(143)) - b8f04e38-0663-4b1f-8efd-f76585c6e86c: start FollowerState
2019-10-17 18:51:08,579 [grpc-default-executor-6] INFO  impl.RoleInfo (RoleInfo.java:updateAndGet(143)) - daae7813-f814-475d-9647-a302a5541e36: start FollowerState
2019-10-17 18:51:08,579 [Thread-2706] INFO  impl.FollowerState (FollowerState.java:run(117)) - daae7813-f814-475d-9647-a302a5541e36@group-F775CA5912AC-FollowerState was interrupted: java.lang.InterruptedException: sleep interrupted
2019-10-17 18:51:08,579 [grpc-default-executor-0] INFO  impl.RoleInfo (RoleInfo.java:shutdownFollowerState(121)) - 1e4e1375-1b66-460f-8c99-4c341545a119: shutdown FollowerState
2019-10-17 18:51:08,580 [grpc-default-executor-0] INFO  impl.RoleInfo (RoleInfo.java:updateAndGet(143)) - 1e4e1375-1b66-460f-8c99-4c341545a119: start FollowerState
2019-10-17 18:51:08,580 [Thread-2707] INFO  impl.FollowerState (FollowerState.java:run(117)) - 1e4e1375-1b66-460f-8c99-4c341545a119@group-F775CA5912AC-FollowerState was interrupted: java.lang.InterruptedException: sleep interrupted
2019-10-17 18:51:08,588 [a5e79c22-a35f-4e50-b1fd-e91b6a93d74d@group-F775CA5912AC-LeaderElection336] INFO  impl.LeaderElection (LeaderElection.java:logAndReturn(56)) - a5e79c22-a35f-4e50-b1fd-e91b6a93d74d@group-F775CA5912AC-LeaderElection336: Election TIMEOUT; received 0 response(s) [] and 0 exception(s); a5e79c22-a35f-4e50-b1fd-e91b6a93d74d@group-F775CA5912AC:t178, leader=null, voted=a5e79c22-a35f-4e50-b1fd-e91b6a93d74d, raftlog=a5e79c22-a35f-4e50-b1fd-e91b6a93d74d@group-F775CA5912AC-SegmentedRaftLog:OPENED:c-1,f-1,i0, conf=-1: [a5e79c22-a35f-4e50-b1fd-e91b6a93d74d:192.168.157.251:45177, daae7813-f814-475d-9647-a302a5541e36:192.168.157.251:45025, 1e4e1375-1b66-460f-8c99-4c341545a119:192.168.157.251:42113], old=null
2019-10-17 18:51:08,607 [a5e79c22-a35f-4e50-b1fd-e91b6a93d74d@group-F775CA5912AC-LeaderElection336] INFO  impl.LeaderElection (LeaderElection.java:askForVotes(178)) - a5e79c22-a35f-4e50-b1fd-e91b6a93d74d@group-F775CA5912AC-LeaderElection336: begin an election at term 179 for -1: [a5e79c22-a35f-4e50-b1fd-e91b6a93d74d:192.168.157.251:45177, daae7813-f814-475d-9647-a302a5541e36:192.168.157.251:45025, 1e4e1375-1b66-460f-8c99-4c341545a119:192.168.157.251:42113], old=null
2019-10-17 18:51:08,608 [abcd8826-c056-4817-bd0f-7af19a46d814@group-5F52F902B742-LeaderElection335] INFO  impl.LeaderElection (LeaderElection.java:logAndReturn(56)) - abcd8826-c056-4817-bd0f-7af19a46d814@group-5F52F902B742-LeaderElection335: Election REJECTED; received 2 response(s) [abcd8826-c056-4817-bd0f-7af19a46d814<-b8f04e38-0663-4b1f-8efd-f76585c6e86c#0:FAIL-t184, abcd8826-c056-4817-bd0f-7af19a46d814<-73297ffa-40cb-4e3e-b33e-1bc2c1da60f5#0:FAIL-t184] and 0 exception(s); abcd8826-c056-4817-bd0f-7af19a46d814@group-5F52F902B742:t184, leader=null, voted=abcd8826-c056-4817-bd0f-7af19a46d814, raftlog=abcd8826-c056-4817-bd0f-7af19a46d814@group-5F52F902B742-SegmentedRaftLog:OPENED:c-1,f-1,i0, conf=-1: [b8f04e38-0663-4b1f-8efd-f76585c6e86c:192.168.157.251:35700, abcd8826-c056-4817-bd0f-7af19a46d814:192.168.157.251:46496, 73297ffa-40cb-4e3e-b33e-1bc2c1da60f5:192.168.157.251:32952], old=null
2019-10-17 18:51:08,608 [abcd8826-c056-4817-bd0f-7af19a46d814@group-5F52F902B742-LeaderElection335] INFO  impl.RaftServerImpl (RaftServerImpl.java:setRole(184)) - abcd8826-c056-4817-bd0f-7af19a46d814@group-5F52F902B742: changes role from CANDIDATE to FOLLOWER at term 184 for DISCOVERED_A_NEW_TERM
2019-10-17 18:51:08,608 [abcd8826-c056-4817-bd0f-7af19a46d814@group-5F52F902B742-LeaderElection335] INFO  impl.RoleInfo (RoleInfo.java:shutdownLeaderElection(134)) - abcd8826-c056-4817-bd0f-7af19a46d814: shutdown LeaderElection
2019-10-17 18:51:08,608 [grpc-default-executor-2] INFO  impl.RaftServerImpl (RaftServerImpl.java:setRole(184)) - daae7813-f814-475d-9647-a302a5541e36@group-F775CA5912AC: changes role from  FOLLOWER to FOLLOWER at term 179 for recognizeCandidate:a5e79c22-a35f-4e50-b1fd-e91b6a93d74d
2019-10-17 18:51:08,608 [grpc-default-executor-2] INFO  impl.RoleInfo (RoleInfo.java:shutdownFollowerState(121)) - daae7813-f814-475d-9647-a302a5541e36: shutdown FollowerState
2019-10-17 18:51:08,608 [abcd8826-c056-4817-bd0f-7af19a46d814@group-5F52F902B742-LeaderElection335] INFO  impl.RoleInfo (RoleInfo.java:updateAndGet(143)) - abcd8826-c056-4817-bd0f-7af19a46d814: start FollowerState
2019-10-17 18:51:08,608 [grpc-default-executor-2] INFO  impl.RoleInfo (RoleInfo.java:updateAndGet(143)) - daae7813-f814-475d-9647-a302a5541e36: start FollowerState
2019-10-17 18:51:08,608 [Thread-2719] INFO  impl.FollowerState (FollowerState.java:run(117)) - daae7813-f814-475d-9647-a302a5541e36@group-F775CA5912AC-FollowerState was interrupted: java.lang.InterruptedException: sleep interrupted
2019-10-17 18:51:08,608 [grpc-default-executor-5] INFO  impl.RaftServerImpl (RaftServerImpl.java:setRole(184)) - 1e4e1375-1b66-460f-8c99-4c341545a119@group-F775CA5912AC: changes role from  FOLLOWER to FOLLOWER at term 179 for recognizeCandidate:a5e79c22-a35f-4e50-b1fd-e91b6a93d74d
2019-10-17 18:51:08,609 [grpc-default-executor-5] INFO  impl.RoleInfo (RoleInfo.java:shutdownFollowerState(121)) - 1e4e1375-1b66-460f-8c99-4c341545a119: shutdown FollowerState
2019-10-17 18:51:08,609 [grpc-default-executor-5] INFO  impl.RoleInfo (RoleInfo.java:updateAndGet(143)) - 1e4e1375-1b66-460f-8c99-4c341545a119: start FollowerState
2019-10-17 18:51:08,609 [Thread-2721] INFO  impl.FollowerState (FollowerState.java:run(117)) - 1e4e1375-1b66-460f-8c99-4c341545a119@group-F775CA5912AC-FollowerState was interrupted: java.lang.InterruptedException: sleep interrupted
2019-10-17 18:51:08,636 [a5e79c22-a35f-4e50-b1fd-e91b6a93d74d@group-F775CA5912AC-LeaderElection336] INFO  impl.LeaderElection (LeaderElection.java:logAndReturn(56)) - a5e79c22-a35f-4e50-b1fd-e91b6a93d74d@group-F775CA5912AC-LeaderElection336: Election REJECTED; received 2 response(s) [a5e79c22-a35f-4e50-b1fd-e91b6a93d74d<-daae7813-f814-475d-9647-a302a5541e36#0:FAIL-t179, a5e79c22-a35f-4e50-b1fd-e91b6a93d74d<-1e4e1375-1b66-460f-8c99-4c341545a119#0:FAIL-t179] and 0 exception(s); a5e79c22-a35f-4e50-b1fd-e91b6a93d74d@group-F775CA5912AC:t179, leader=null, voted=a5e79c22-a35f-4e50-b1fd-e91b6a93d74d, raftlog=a5e79c22-a35f-4e50-b1fd-e91b6a93d74d@group-F775CA5912AC-SegmentedRaftLog:OPENED:c-1,f-1,i0, conf=-1: [a5e79c22-a35f-4e50-b1fd-e91b6a93d74d:192.168.157.251:45177, daae7813-f814-475d-9647-a302a5541e36:192.168.157.251:45025, 1e4e1375-1b66-460f-8c99-4c341545a119:192.168.157.251:42113], old=null
2019-10-17 18:51:08,636 [a5e79c22-a35f-4e50-b1fd-e91b6a93d74d@group-F775CA5912AC-LeaderElection336] INFO  impl.RaftServerImpl (RaftServerImpl.java:setRole(184)) - a5e79c22-a35f-4e50-b1fd-e91b6a93d74d@group-F775CA5912AC: changes role from CANDIDATE to FOLLOWER at term 179 for DISCOVERED_A_NEW_TERM
2019-10-17 18:51:08,636 [a5e79c22-a35f-4e50-b1fd-e91b6a93d74d@group-F775CA5912AC-LeaderElection336] INFO  impl.RoleInfo (RoleInfo.java:shutdownLeaderElection(134)) - a5e79c22-a35f-4e50-b1fd-e91b6a93d74d: shutdown LeaderElection
2019-10-17 18:51:08,636 [a5e79c22-a35f-4e50-b1fd-e91b6a93d74d@group-F775CA5912AC-LeaderElection336] INFO  impl.RoleInfo (RoleInfo.java:updateAndGet(143)) - a5e79c22-a35f-4e50-b1fd-e91b6a93d74d: start FollowerState
2019-10-17 18:51:08,751 [Thread-2724] INFO  impl.FollowerState (FollowerState.java:run(108)) - abcd8826-c056-4817-bd0f-7af19a46d814@group-5F52F902B742-FollowerState: change to CANDIDATE, lastRpcTime:142ms, electionTimeout:142ms
2019-10-17 18:51:08,751 [Thread-2724] INFO  impl.RoleInfo (RoleInfo.java:shutdownFollowerState(121)) - abcd8826-c056-4817-bd0f-7af19a46d814: shutdown FollowerState
2019-10-17 18:51:08,751 [Thread-2724] INFO  impl.RaftServerImpl (RaftServerImpl.java:setRole(184)) - abcd8826-c056-4817-bd0f-7af19a46d814@group-5F52F902B742: changes role from  FOLLOWER to CANDIDATE at term 184 for changeToCandidate
2019-10-17 18:51:08,751 [Thread-2724] INFO  impl.RoleInfo (RoleInfo.java:updateAndGet(143)) - abcd8826-c056-4817-bd0f-7af19a46d814: start LeaderElection
2019-10-17 18:51:08,782 [abcd8826-c056-4817-bd0f-7af19a46d814@group-5F52F902B742-LeaderElection337] INFO  impl.LeaderElection (LeaderElection.java:askForVotes(178)) - abcd8826-c056-4817-bd0f-7af19a46d814@group-5F52F902B742-LeaderElection337: begin an election at term 185 for -1: [b8f04e38-0663-4b1f-8efd-f76585c6e86c:192.168.157.251:35700, abcd8826-c056-4817-bd0f-7af19a46d814:192.168.157.251:46496, 73297ffa-40cb-4e3e-b33e-1bc2c1da60f5:192.168.157.251:32952], old=null
2019-10-17 18:51:08,784 [grpc-default-executor-5] INFO  impl.RaftServerImpl (RaftServerImpl.java:setRole(184)) - b8f04e38-0663-4b1f-8efd-f76585c6e86c@group-5F52F902B742: changes role from  FOLLOWER to FOLLOWER at term 185 for recognizeCandidate:abcd8826-c056-4817-bd0f-7af19a46d814
2019-10-17 18:51:08,784 [grpc-default-executor-5] INFO  impl.RoleInfo (RoleInfo.java:shutdownFollowerState(121)) - b8f04e38-0663-4b1f-8efd-f76585c6e86c: shutdown FollowerState
2019-10-17 18:51:08,785 [grpc-default-executor-5] INFO  impl.RoleInfo (RoleInfo.java:updateAndGet(143)) - b8f04e38-0663-4b1f-8efd-f76585c6e86c: start FollowerState
2019-10-17 18:51:08,785 [Thread-2720] INFO  impl.FollowerState (FollowerState.java:run(117)) - b8f04e38-0663-4b1f-8efd-f76585c6e86c@group-5F52F902B742-FollowerState was interrupted: java.lang.InterruptedException: sleep interrupted
2019-10-17 18:51:08,785 [grpc-default-executor-2] INFO  impl.RaftServerImpl (RaftServerImpl.java:setRole(184)) - 73297ffa-40cb-4e3e-b33e-1bc2c1da60f5@group-5F52F902B742: changes role from  FOLLOWER to FOLLOWER at term 185 for recognizeCandidate:abcd8826-c056-4817-bd0f-7af19a46d814
2019-10-17 18:51:08,785 [grpc-default-executor-2] INFO  impl.RoleInfo (RoleInfo.java:shutdownFollowerState(121)) - 73297ffa-40cb-4e3e-b33e-1bc2c1da60f5: shutdown FollowerState
2019-10-17 18:51:08,785 [grpc-default-executor-2] INFO  impl.RoleInfo (RoleInfo.java:updateAndGet(143)) - 73297ffa-40cb-4e3e-b33e-1bc2c1da60f5: start FollowerState
2019-10-17 18:51:08,785 [Thread-2718] INFO  impl.FollowerState (FollowerState.java:run(117)) - 73297ffa-40cb-4e3e-b33e-1bc2c1da60f5@group-5F52F902B742-FollowerState was interrupted: java.lang.InterruptedException: sleep interrupted
2019-10-17 18:51:08,793 [abcd8826-c056-4817-bd0f-7af19a46d814@group-5F52F902B742-LeaderElection337] INFO  impl.LeaderElection (LeaderElection.java:logAndReturn(56)) - abcd8826-c056-4817-bd0f-7af19a46d814@group-5F52F902B742-LeaderElection337: Election REJECTED; received 2 response(s) [abcd8826-c056-4817-bd0f-7af19a46d814<-b8f04e38-0663-4b1f-8efd-f76585c6e86c#0:FAIL-t185, abcd8826-c056-4817-bd0f-7af19a46d814<-73297ffa-40cb-4e3e-b33e-1bc2c1da60f5#0:FAIL-t185] and 0 exception(s); abcd8826-c056-4817-bd0f-7af19a46d814@group-5F52F902B742:t185, leader=null, voted=abcd8826-c056-4817-bd0f-7af19a46d814, raftlog=abcd8826-c056-4817-bd0f-7af19a46d814@group-5F52F902B742-SegmentedRaftLog:OPENED:c-1,f-1,i0, conf=-1: [b8f04e38-0663-4b1f-8efd-f76585c6e86c:192.168.157.251:35700, abcd8826-c056-4817-bd0f-7af19a46d814:192.168.157.251:46496, 73297ffa-40cb-4e3e-b33e-1bc2c1da60f5:192.168.157.251:32952], old=null
2019-10-17 18:51:08,794 [abcd8826-c056-4817-bd0f-7af19a46d814@group-5F52F902B742-LeaderElection337] INFO  impl.RaftServerImpl (RaftServerImpl.java:setRole(184)) - abcd8826-c056-4817-bd0f-7af19a46d814@group-5F52F902B742: changes role from CANDIDATE to FOLLOWER at term 185 for DISCOVERED_A_NEW_TERM
2019-10-17 18:51:08,794 [abcd8826-c056-4817-bd0f-7af19a46d814@group-5F52F902B742-LeaderElection337] INFO  impl.RoleInfo (RoleInfo.java:shutdownLeaderElection(134)) - abcd8826-c056-4817-bd0f-7af19a46d814: shutdown LeaderElection
2019-10-17 18:51:08,794 [abcd8826-c056-4817-bd0f-7af19a46d814@group-5F52F902B742-LeaderElection337] INFO  impl.RoleInfo (RoleInfo.java:updateAndGet(143)) - abcd8826-c056-4817-bd0f-7af19a46d814: start FollowerState
2019-10-17 18:51:08,810 [Thread-2727] INFO  impl.FollowerState (FollowerState.java:run(108)) - a5e79c22-a35f-4e50-b1fd-e91b6a93d74d@group-F775CA5912AC-FollowerState: change to CANDIDATE, lastRpcTime:174ms, electionTimeout:174ms
2019-10-17 18:51:08,811 [Thread-2727] INFO  impl.RoleInfo (RoleInfo.java:shutdownFollowerState(121)) - a5e79c22-a35f-4e50-b1fd-e91b6a93d74d: shutdown FollowerState
2019-10-17 18:51:08,811 [Thread-2727] INFO  impl.RaftServerImpl (RaftServerImpl.java:setRole(184)) - a5e79c22-a35f-4e50-b1fd-e91b6a93d74d@group-F775CA5912AC: changes role from  FOLLOWER to CANDIDATE at term 179 for changeToCandidate
2019-10-17 18:51:08,811 [Thread-2727] INFO  impl.RoleInfo (RoleInfo.java:updateAndGet(143)) - a5e79c22-a35f-4e50-b1fd-e91b6a93d74d: start LeaderElection
2019-10-17 18:51:08,851 [a5e79c22-a35f-4e50-b1fd-e91b6a93d74d@group-F775CA5912AC-LeaderElection338] INFO  impl.LeaderElection (LeaderElection.java:askForVotes(178)) - a5e79c22-a35f-4e50-b1fd-e91b6a93d74d@group-F775CA5912AC-LeaderElection338: begin an election at term 180 for -1: [a5e79c22-a35f-4e50-b1fd-e91b6a93d74d:192.168.157.251:45177, daae7813-f814-475d-9647-a302a5541e36:192.168.157.251:45025, 1e4e1375-1b66-460f-8c99-4c341545a119:192.168.157.251:42113], old=null
2019-10-17 18:51:08,853 [grpc-default-executor-5] INFO  impl.RaftServerImpl (RaftServerImpl.java:setRole(184)) - daae7813-f814-475d-9647-a302a5541e36@group-F775CA5912AC: changes role from  FOLLOWER to FOLLOWER at term 180 for recognizeCandidate:a5e79c22-a35f-4e50-b1fd-e91b6a93d74d
2019-10-17 18:51:08,853 [grpc-default-executor-2] INFO  impl.RaftServerImpl (RaftServerImpl.java:setRole(184)) - 1e4e1375-1b66-460f-8c99-4c341545a119@group-F775CA5912AC: changes role from  FOLLOWER to FOLLOWER at term 180 for recognizeCandidate:a5e79c22-a35f-4e50-b1fd-e91b6a93d74d
2019-10-17 18:51:08,853 [grpc-default-executor-5] INFO  impl.RoleInfo (RoleInfo.java:shutdownFollowerState(121)) - daae7813-f814-475d-9647-a302a5541e36: shutdown FollowerState
2019-10-17 18:51:08,853 [grpc-default-executor-2] INFO  impl.RoleInfo (RoleInfo.java:shutdownFollowerState(121)) - 1e4e1375-1b66-460f-8c99-4c341545a119: shutdown FollowerState
2019-10-17 18:51:08,853 [Thread-2725] INFO  impl.FollowerState (FollowerState.java:run(117)) - daae7813-f814-475d-9647-a302a5541e36@group-F775CA5912AC-FollowerState was interrupted: java.lang.InterruptedException: sleep interrupted
2019-10-17 18:51:08,854 [Thread-2726] INFO  impl.FollowerState (FollowerState.java:run(117)) - 1e4e1375-1b66-460f-8c99-4c341545a119@group-F775CA5912AC-FollowerState was interrupted: java.lang.InterruptedException: sleep interrupted
2019-10-17 18:51:08,853 [grpc-default-executor-5] INFO  impl.RoleInfo (RoleInfo.java:updateAndGet(143)) - daae7813-f814-475d-9647-a302a5541e36: start FollowerState
2019-10-17 18:51:08,854 [grpc-default-executor-2] INFO  impl.RoleInfo (RoleInfo.java:updateAndGet(143)) - 1e4e1375-1b66-460f-8c99-4c341545a119: start FollowerState
2019-10-17 18:51:08,861 [a5e79c22-a35f-4e50-b1fd-e91b6a93d74d@group-F775CA5912AC-LeaderElection338] INFO  impl.LeaderElection (LeaderElection.java:logAndReturn(56)) - a5e79c22-a35f-4e50-b1fd-e91b6a93d74d@group-F775CA5912AC-LeaderElection338: Election REJECTED; received 2 response(s) [a5e79c22-a35f-4e50-b1fd-e91b6a93d74d<-daae7813-f814-475d-9647-a302a5541e36#0:FAIL-t180, a5e79c22-a35f-4e50-b1fd-e91b6a93d74d<-1e4e1375-1b66-460f-8c99-4c341545a119#0:FAIL-t180] and 0 exception(s); a5e79c22-a35f-4e50-b1fd-e91b6a93d74d@group-F775CA5912AC:t180, leader=null, voted=a5e79c22-a35f-4e50-b1fd-e91b6a93d74d, raftlog=a5e79c22-a35f-4e50-b1fd-e91b6a93d74d@group-F775CA5912AC-SegmentedRaftLog:OPENED:c-1,f-1,i0, conf=-1: [a5e79c22-a35f-4e50-b1fd-e91b6a93d74d:192.168.157.251:45177, daae7813-f814-475d-9647-a302a5541e36:192.168.157.251:45025, 1e4e1375-1b66-460f-8c99-4c341545a119:192.168.157.251:42113], old=null
2019-10-17 18:51:08,861 [a5e79c22-a35f-4e50-b1fd-e91b6a93d74d@group-F775CA5912AC-LeaderElection338] INFO  impl.RaftServerImpl (RaftServerImpl.java:setRole(184)) - a5e79c22-a35f-4e50-b1fd-e91b6a93d74d@group-F775CA5912AC: changes role from CANDIDATE to FOLLOWER at term 180 for DISCOVERED_A_NEW_TERM
2019-10-17 18:51:08,861 [a5e79c22-a35f-4e50-b1fd-e91b6a93d74d@group-F775CA5912AC-LeaderElection338] INFO  impl.RoleInfo (RoleInfo.java:shutdownLeaderElection(134)) - a5e79c22-a35f-4e50-b1fd-e91b6a93d74d: shutdown LeaderElection
2019-10-17 18:51:08,861 [a5e79c22-a35f-4e50-b1fd-e91b6a93d74d@group-F775CA5912AC-LeaderElection338] INFO  impl.RoleInfo (RoleInfo.java:updateAndGet(143)) - a5e79c22-a35f-4e50-b1fd-e91b6a93d74d: start FollowerState
2019-10-17 18:51:08,864 [Thread-2733] INFO  impl.FollowerState (FollowerState.java:run(108)) - abcd8826-c056-4817-bd0f-7af19a46d814@group-5F52F902B742-FollowerState: change to CANDIDATE, lastRpcTime:70ms, electionTimeout:70ms
2019-10-17 18:51:08,864 [Thread-2733] INFO  impl.RoleInfo (RoleInfo.java:shutdownFollowerState(121)) - abcd8826-c056-4817-bd0f-7af19a46d814: shutdown FollowerState
2019-10-17 18:51:08,864 [Thread-2733] INFO  impl.RaftServerImpl (RaftServerImpl.java:setRole(184)) - abcd8826-c056-4817-bd0f-7af19a46d814@group-5F52F902B742: changes role from  FOLLOWER to CANDIDATE at term 185 for changeToCandidate
2019-10-17 18:51:08,865 [Thread-2733] INFO  impl.RoleInfo (RoleInfo.java:updateAndGet(143)) - abcd8826-c056-4817-bd0f-7af19a46d814: start LeaderElection
2019-10-17 18:51:08,872 [Thread-2741] INFO  impl.FollowerState (FollowerState.java:run(108)) - a5e79c22-a35f-4e50-b1fd-e91b6a93d74d@group-F775CA5912AC-FollowerState: change to CANDIDATE, lastRpcTime:10ms, electionTimeout:10ms
2019-10-17 18:51:08,872 [Thread-2741] INFO  impl.RoleInfo (RoleInfo.java:shutdownFollowerState(121)) - a5e79c22-a35f-4e50-b1fd-e91b6a93d74d: shutdown FollowerState
2019-10-17 18:51:08,872 [Thread-2741] INFO  impl.RaftServerImpl (RaftServerImpl.java:setRole(184)) - a5e79c22-a35f-4e50-b1fd-e91b6a93d74d@group-F775CA5912AC: changes role from  FOLLOWER to CANDIDATE at term 180 for changeToCandidate
2019-10-17 18:51:08,872 [Thread-2741] INFO  impl.RoleInfo (RoleInfo.java:updateAndGet(143)) - a5e79c22-a35f-4e50-b1fd-e91b6a93d74d: start LeaderElection
2019-10-17 18:51:08,889 [abcd8826-c056-4817-bd0f-7af19a46d814@group-5F52F902B742-LeaderElection339] INFO  impl.LeaderElection (LeaderElection.java:askForVotes(178)) - abcd8826-c056-4817-bd0f-7af19a46d814@group-5F52F902B742-LeaderElection339: begin an election at term 186 for -1: [b8f04e38-0663-4b1f-8efd-f76585c6e86c:192.168.157.251:35700, abcd8826-c056-4817-bd0f-7af19a46d814:192.168.157.251:46496, 73297ffa-40cb-4e3e-b33e-1bc2c1da60f5:192.168.157.251:32952], old=null
2019-10-17 18:51:08,889 [a5e79c22-a35f-4e50-b1fd-e91b6a93d74d@group-F775CA5912AC-LeaderElection340] INFO  impl.LeaderElection (LeaderElection.java:askForVotes(178)) - a5e79c22-a35f-4e50-b1fd-e91b6a93d74d@group-F775CA5912AC-LeaderElection340: begin an election at term 181 for -1: [a5e79c22-a35f-4e50-b1fd-e91b6a93d74d:192.168.157.251:45177, daae7813-f814-475d-9647-a302a5541e36:192.168.157.251:45025, 1e4e1375-1b66-460f-8c99-4c341545a119:192.168.157.251:42113], old=null
2019-10-17 18:51:08,891 [grpc-default-executor-2] INFO  impl.RaftServerImpl (RaftServerImpl.java:setRole(184)) - b8f04e38-0663-4b1f-8efd-f76585c6e86c@group-5F52F902B742: changes role from  FOLLOWER to FOLLOWER at term 186 for recognizeCandidate:abcd8826-c056-4817-bd0f-7af19a46d814
2019-10-17 18:51:08,891 [grpc-default-executor-5] INFO  impl.RaftServerImpl (RaftServerImpl.java:setRole(184)) - 73297ffa-40cb-4e3e-b33e-1bc2c1da60f5@group-5F52F902B742: changes role from  FOLLOWER to FOLLOWER at term 186 for recognizeCandidate:abcd8826-c056-4817-bd0f-7af19a46d814
2019-10-17 18:51:08,891 [grpc-default-executor-5] INFO  impl.RoleInfo (RoleInfo.java:shutdownFollowerState(121)) - 73297ffa-40cb-4e3e-b33e-1bc2c1da60f5: shutdown FollowerState
2019-10-17 18:51:08,891 [grpc-default-executor-2] INFO  impl.RoleInfo (RoleInfo.java:shutdownFollowerState(121)) - b8f04e38-0663-4b1f-8efd-f76585c6e86c: shutdown FollowerState
2019-10-17 18:51:08,892 [Thread-2732] INFO  impl.FollowerState (FollowerState.java:run(117)) - 73297ffa-40cb-4e3e-b33e-1bc2c1da60f5@group-5F52F902B742-FollowerState was interrupted: java.lang.InterruptedException: sleep interrupted
2019-10-17 18:51:08,892 [grpc-default-executor-0] INFO  impl.RaftServerImpl (RaftServerImpl.java:setRole(184)) - 1e4e1375-1b66-460f-8c99-4c341545a119@group-F775CA5912AC: changes role from  FOLLOWER to FOLLOWER at term 181 for recognizeCandidate:a5e79c22-a35f-4e50-b1fd-e91b6a93d74d
2019-10-17 18:51:08,892 [grpc-default-executor-0] INFO  impl.RoleInfo (RoleInfo.java:shutdownFollowerState(121)) - 1e4e1375-1b66-460f-8c99-4c341545a119: shutdown FollowerState
2019-10-17 18:51:08,891 [grpc-default-executor-5] INFO  impl.RoleInfo (RoleInfo.java:updateAndGet(143)) - 73297ffa-40cb-4e3e-b33e-1bc2c1da60f5: start FollowerState
2019-10-17 18:51:08,892 [Thread-2740] INFO  impl.FollowerState (FollowerState.java:run(117)) - 1e4e1375-1b66-460f-8c99-4c341545a119@group-F775CA5912AC-FollowerState was interrupted: java.lang.InterruptedException: sleep interrupted
2019-10-17 18:51:08,892 [grpc-default-executor-0] INFO  impl.RoleInfo (RoleInfo.java:updateAndGet(143)) - 1e4e1375-1b66-460f-8c99-4c341545a119: start FollowerState
2019-10-17 18:51:08,892 [grpc-default-executor-6] INFO  impl.RaftServerImpl (RaftServerImpl.java:setRole(184)) - daae7813-f814-475d-9647-a302a5541e36@group-F775CA5912AC: changes role from  FOLLOWER to FOLLOWER at term 181 for recognizeCandidate:a5e79c22-a35f-4e50-b1fd-e91b6a93d74d
2019-10-17 18:51:08,892 [Thread-2731] INFO  impl.FollowerState (FollowerState.java:run(117)) - b8f04e38-0663-4b1f-8efd-f76585c6e86c@group-5F52F902B742-FollowerState was interrupted: java.lang.InterruptedException: sleep interrupted
2019-10-17 18:51:08,892 [grpc-default-executor-2] INFO  impl.RoleInfo (RoleInfo.java:updateAndGet(143)) - b8f04e38-0663-4b1f-8efd-f76585c6e86c: start FollowerState
2019-10-17 18:51:08,892 [grpc-default-executor-6] INFO  impl.RoleInfo (RoleInfo.java:shutdownFollowerState(121)) - daae7813-f814-475d-9647-a302a5541e36: shutdown FollowerState
2019-10-17 18:51:08,893 [Thread-2739] INFO  impl.FollowerState (FollowerState.java:run(117)) - daae7813-f814-475d-9647-a302a5541e36@group-F775CA5912AC-FollowerState was interrupted: java.lang.InterruptedException: sleep interrupted
2019-10-17 18:51:08,893 [grpc-default-executor-6] INFO  impl.RoleInfo (RoleInfo.java:updateAndGet(143)) - daae7813-f814-475d-9647-a302a5541e36: start FollowerState
2019-10-17 18:51:08,909 [a5e79c22-a35f-4e50-b1fd-e91b6a93d74d@group-F775CA5912AC-LeaderElection340] INFO  impl.LeaderElection (LeaderElection.java:logAndReturn(56)) - a5e79c22-a35f-4e50-b1fd-e91b6a93d74d@group-F775CA5912AC-LeaderElection340: Election REJECTED; received 2 response(s) [a5e79c22-a35f-4e50-b1fd-e91b6a93d74d<-daae7813-f814-475d-9647-a302a5541e36#0:FAIL-t181, a5e79c22-a35f-4e50-b1fd-e91b6a93d74d<-1e4e1375-1b66-460f-8c99-4c341545a119#0:FAIL-t181] and 0 exception(s); a5e79c22-a35f-4e50-b1fd-e91b6a93d74d@group-F775CA5912AC:t181, leader=null, voted=a5e79c22-a35f-4e50-b1fd-e91b6a93d74d, raftlog=a5e79c22-a35f-4e50-b1fd-e91b6a93d74d@group-F775CA5912AC-SegmentedRaftLog:OPENED:c-1,f-1,i0, conf=-1: [a5e79c22-a35f-4e50-b1fd-e91b6a93d74d:192.168.157.251:45177, daae7813-f814-475d-9647-a302a5541e36:192.168.157.251:45025, 1e4e1375-1b66-460f-8c99-4c341545a119:192.168.157.251:42113], old=null
2019-10-17 18:51:08,909 [abcd8826-c056-4817-bd0f-7af19a46d814@group-5F52F902B742-LeaderElection339] INFO  impl.LeaderElection (LeaderElection.java:logAndReturn(56)) - abcd8826-c056-4817-bd0f-7af19a46d814@group-5F52F902B742-LeaderElection339: Election REJECTED; received 2 response(s) [abcd8826-c056-4817-bd0f-7af19a46d814<-b8f04e38-0663-4b1f-8efd-f76585c6e86c#0:FAIL-t186, abcd8826-c056-4817-bd0f-7af19a46d814<-73297ffa-40cb-4e3e-b33e-1bc2c1da60f5#0:FAIL-t186] and 0 exception(s); abcd8826-c056-4817-bd0f-7af19a46d814@group-5F52F902B742:t186, leader=null, voted=abcd8826-c056-4817-bd0f-7af19a46d814, raftlog=abcd8826-c056-4817-bd0f-7af19a46d814@group-5F52F902B742-SegmentedRaftLog:OPENED:c-1,f-1,i0, conf=-1: [b8f04e38-0663-4b1f-8efd-f76585c6e86c:192.168.157.251:35700, abcd8826-c056-4817-bd0f-7af19a46d814:192.168.157.251:46496, 73297ffa-40cb-4e3e-b33e-1bc2c1da60f5:192.168.157.251:32952], old=null
2019-10-17 18:51:08,909 [a5e79c22-a35f-4e50-b1fd-e91b6a93d74d@group-F775CA5912AC-LeaderElection340] INFO  impl.RaftServerImpl (RaftServerImpl.java:setRole(184)) - a5e79c22-a35f-4e50-b1fd-e91b6a93d74d@group-F775CA5912AC: changes role from CANDIDATE to FOLLOWER at term 181 for DISCOVERED_A_NEW_TERM
2019-10-17 18:51:08,910 [abcd8826-c056-4817-bd0f-7af19a46d814@group-5F52F902B742-LeaderElection339] INFO  impl.RaftServerImpl (RaftServerImpl.java:setRole(184)) - abcd8826-c056-4817-bd0f-7af19a46d814@group-5F52F902B742: changes role from CANDIDATE to FOLLOWER at term 186 for DISCOVERED_A_NEW_TERM
2019-10-17 18:51:08,910 [abcd8826-c056-4817-bd0f-7af19a46d814@group-5F52F902B742-LeaderElection339] INFO  impl.RoleInfo (RoleInfo.java:shutdownLeaderElection(134)) - abcd8826-c056-4817-bd0f-7af19a46d814: shutdown LeaderElection
2019-10-17 18:51:08,910 [a5e79c22-a35f-4e50-b1fd-e91b6a93d74d@group-F775CA5912AC-LeaderElection340] INFO  impl.RoleInfo (RoleInfo.java:shutdownLeaderElection(134)) - a5e79c22-a35f-4e50-b1fd-e91b6a93d74d: shutdown LeaderElection
2019-10-17 18:51:08,910 [abcd8826-c056-4817-bd0f-7af19a46d814@group-5F52F902B742-LeaderElection339] INFO  impl.RoleInfo (RoleInfo.java:updateAndGet(143)) - abcd8826-c056-4817-bd0f-7af19a46d814: start FollowerState
2019-10-17 18:51:08,910 [a5e79c22-a35f-4e50-b1fd-e91b6a93d74d@group-F775CA5912AC-LeaderElection340] INFO  impl.RoleInfo (RoleInfo.java:updateAndGet(143)) - a5e79c22-a35f-4e50-b1fd-e91b6a93d74d: start FollowerState
2019-10-17 18:51:08,974 [Thread-2753] INFO  impl.FollowerState (FollowerState.java:run(108)) - a5e79c22-a35f-4e50-b1fd-e91b6a93d74d@group-F775CA5912AC-FollowerState: change to CANDIDATE, lastRpcTime:64ms, electionTimeout:64ms
2019-10-17 18:51:08,974 [Thread-2753] INFO  impl.RoleInfo (RoleInfo.java:shutdownFollowerState(121)) - a5e79c22-a35f-4e50-b1fd-e91b6a93d74d: shutdown FollowerState
2019-10-17 18:51:08,974 [Thread-2753] INFO  impl.RaftServerImpl (RaftServerImpl.java:setRole(184)) - a5e79c22-a35f-4e50-b1fd-e91b6a93d74d@group-F775CA5912AC: changes role from  FOLLOWER to CANDIDATE at term 181 for changeToCandidate
2019-10-17 18:51:08,975 [Thread-2753] INFO  impl.RoleInfo (RoleInfo.java:updateAndGet(143)) - a5e79c22-a35f-4e50-b1fd-e91b6a93d74d: start LeaderElection
2019-10-17 18:51:09,000 [a5e79c22-a35f-4e50-b1fd-e91b6a93d74d@group-F775CA5912AC-LeaderElection341] INFO  impl.LeaderElection (LeaderElection.java:askForVotes(178)) - a5e79c22-a35f-4e50-b1fd-e91b6a93d74d@group-F775CA5912AC-LeaderElection341: begin an election at term 182 for -1: [a5e79c22-a35f-4e50-b1fd-e91b6a93d74d:192.168.157.251:45177, daae7813-f814-475d-9647-a302a5541e36:192.168.157.251:45025, 1e4e1375-1b66-460f-8c99-4c341545a119:192.168.157.251:42113], old=null
2019-10-17 18:51:09,002 [grpc-default-executor-2] INFO  impl.RaftServerImpl (RaftServerImpl.java:setRole(184)) - daae7813-f814-475d-9647-a302a5541e36@group-F775CA5912AC: changes role from  FOLLOWER to FOLLOWER at term 182 for recognizeCandidate:a5e79c22-a35f-4e50-b1fd-e91b6a93d74d
2019-10-17 18:51:09,002 [grpc-default-executor-0] INFO  impl.RaftServerImpl (RaftServerImpl.java:setRole(184)) - 1e4e1375-1b66-460f-8c99-4c341545a119@group-F775CA5912AC: changes role from  FOLLOWER to FOLLOWER at term 182 for recognizeCandidate:a5e79c22-a35f-4e50-b1fd-e91b6a93d74d
2019-10-17 18:51:09,002 [grpc-default-executor-0] INFO  impl.RoleInfo (RoleInfo.java:shutdownFollowerState(121)) - 1e4e1375-1b66-460f-8c99-4c341545a119: shutdown FollowerState
2019-10-17 18:51:09,002 [grpc-default-executor-2] INFO  impl.RoleInfo (RoleInfo.java:shutdownFollowerState(121)) - daae7813-f814-475d-9647-a302a5541e36: shutdown FollowerState
2019-10-17 18:51:09,003 [Thread-2750] INFO  impl.FollowerState (FollowerState.java:run(117)) - 1e4e1375-1b66-460f-8c99-4c341545a119@group-F775CA5912AC-FollowerState was interrupted: java.lang.InterruptedException: sleep interrupted
2019-10-17 18:51:09,003 [grpc-default-executor-0] INFO  impl.RoleInfo (RoleInfo.java:updateAndGet(143)) - 1e4e1375-1b66-460f-8c99-4c341545a119: start FollowerState
2019-10-17 18:51:09,003 [grpc-default-executor-2] INFO  impl.RoleInfo (RoleInfo.java:updateAndGet(143)) - daae7813-f814-475d-9647-a302a5541e36: start FollowerState
2019-10-17 18:51:09,003 [Thread-2751] INFO  impl.FollowerState (FollowerState.java:run(117)) - daae7813-f814-475d-9647-a302a5541e36@group-F775CA5912AC-FollowerState was interrupted: java.lang.InterruptedException: sleep interrupted
2019-10-17 18:51:09,023 [a5e79c22-a35f-4e50-b1fd-e91b6a93d74d@group-F775CA5912AC-LeaderElection341] INFO  impl.LeaderElection (LeaderElection.java:logAndReturn(56)) - a5e79c22-a35f-4e50-b1fd-e91b6a93d74d@group-F775CA5912AC-LeaderElection341: Election REJECTED; received 2 response(s) [a5e79c22-a35f-4e50-b1fd-e91b6a93d74d<-daae7813-f814-475d-9647-a302a5541e36#0:FAIL-t182, a5e79c22-a35f-4e50-b1fd-e91b6a93d74d<-1e4e1375-1b66-460f-8c99-4c341545a119#0:FAIL-t182] and 0 exception(s); a5e79c22-a35f-4e50-b1fd-e91b6a93d74d@group-F775CA5912AC:t182, leader=null, voted=a5e79c22-a35f-4e50-b1fd-e91b6a93d74d, raftlog=a5e79c22-a35f-4e50-b1fd-e91b6a93d74d@group-F775CA5912AC-SegmentedRaftLog:OPENED:c-1,f-1,i0, conf=-1: [a5e79c22-a35f-4e50-b1fd-e91b6a93d74d:192.168.157.251:45177, daae7813-f814-475d-9647-a302a5541e36:192.168.157.251:45025, 1e4e1375-1b66-460f-8c99-4c341545a119:192.168.157.251:42113], old=null
2019-10-17 18:51:09,023 [a5e79c22-a35f-4e50-b1fd-e91b6a93d74d@group-F775CA5912AC-LeaderElection341] INFO  impl.RaftServerImpl (RaftServerImpl.java:setRole(184)) - a5e79c22-a35f-4e50-b1fd-e91b6a93d74d@group-F775CA5912AC: changes role from CANDIDATE to FOLLOWER at term 182 for DISCOVERED_A_NEW_TERM
2019-10-17 18:51:09,023 [a5e79c22-a35f-4e50-b1fd-e91b6a93d74d@group-F775CA5912AC-LeaderElection341] INFO  impl.RoleInfo (RoleInfo.java:shutdownLeaderElection(134)) - a5e79c22-a35f-4e50-b1fd-e91b6a93d74d: shutdown LeaderElection
2019-10-17 18:51:09,023 [a5e79c22-a35f-4e50-b1fd-e91b6a93d74d@group-F775CA5912AC-LeaderElection341] INFO  impl.RoleInfo (RoleInfo.java:updateAndGet(143)) - a5e79c22-a35f-4e50-b1fd-e91b6a93d74d: start FollowerState
2019-10-17 18:51:09,030 [Thread-2752] INFO  impl.FollowerState (FollowerState.java:run(108)) - abcd8826-c056-4817-bd0f-7af19a46d814@group-5F52F902B742-FollowerState: change to CANDIDATE, lastRpcTime:120ms, electionTimeout:120ms
2019-10-17 18:51:09,030 [Thread-2752] INFO  impl.RoleInfo (RoleInfo.java:shutdownFollowerState(121)) - abcd8826-c056-4817-bd0f-7af19a46d814: shutdown FollowerState
2019-10-17 18:51:09,030 [Thread-2752] INFO  impl.RaftServerImpl (RaftServerImpl.java:setRole(184)) - abcd8826-c056-4817-bd0f-7af19a46d814@group-5F52F902B742: changes role from  FOLLOWER to CANDIDATE at term 186 for changeToCandidate
2019-10-17 18:51:09,030 [Thread-2752] INFO  impl.RoleInfo (RoleInfo.java:updateAndGet(143)) - abcd8826-c056-4817-bd0f-7af19a46d814: start LeaderElection
2019-10-17 18:51:09,039 [abcd8826-c056-4817-bd0f-7af19a46d814@group-5F52F902B742-LeaderElection342] INFO  impl.LeaderElection (LeaderElection.java:askForVotes(178)) - abcd8826-c056-4817-bd0f-7af19a46d814@group-5F52F902B742-LeaderElection342: begin an election at term 187 for -1: [b8f04e38-0663-4b1f-8efd-f76585c6e86c:192.168.157.251:35700, abcd8826-c056-4817-bd0f-7af19a46d814:192.168.157.251:46496, 73297ffa-40cb-4e3e-b33e-1bc2c1da60f5:192.168.157.251:32952], old=null
2019-10-17 18:51:09,041 [grpc-default-executor-0] INFO  impl.RaftServerImpl (RaftServerImpl.java:setRole(184)) - b8f04e38-0663-4b1f-8efd-f76585c6e86c@group-5F52F902B742: changes role from  FOLLOWER to FOLLOWER at term 187 for recognizeCandidate:abcd8826-c056-4817-bd0f-7af19a46d814
2019-10-17 18:51:09,041 [grpc-default-executor-0] INFO  impl.RoleInfo (RoleInfo.java:shutdownFollowerState(121)) - b8f04e38-0663-4b1f-8efd-f76585c6e86c: shutdown FollowerState
2019-10-17 18:51:09,041 [grpc-default-executor-2] INFO  impl.RaftServerImpl (RaftServerImpl.java:setRole(184)) - 73297ffa-40cb-4e3e-b33e-1bc2c1da60f5@group-5F52F902B742: changes role from  FOLLOWER to FOLLOWER at term 187 for recognizeCandidate:abcd8826-c056-4817-bd0f-7af19a46d814
2019-10-17 18:51:09,041 [grpc-default-executor-2] INFO  impl.RoleInfo (RoleInfo.java:shutdownFollowerState(121)) - 73297ffa-40cb-4e3e-b33e-1bc2c1da60f5: shutdown FollowerState
2019-10-17 18:51:09,041 [Thread-2749] INFO  impl.FollowerState (FollowerState.java:run(117)) - b8f04e38-0663-4b1f-8efd-f76585c6e86c@group-5F52F902B742-FollowerState was interrupted: java.lang.InterruptedException: sleep interrupted
2019-10-17 18:51:09,041 [grpc-default-executor-0] INFO  impl.RoleInfo (RoleInfo.java:updateAndGet(143)) - b8f04e38-0663-4b1f-8efd-f76585c6e86c: start FollowerState
2019-10-17 18:51:09,041 [Thread-2748] INFO  impl.FollowerState (FollowerState.java:run(117)) - 73297ffa-40cb-4e3e-b33e-1bc2c1da60f5@group-5F52F902B742-FollowerState was interrupted: java.lang.InterruptedException: sleep interrupted
2019-10-17 18:51:09,041 [grpc-default-executor-2] INFO  impl.RoleInfo (RoleInfo.java:updateAndGet(143)) - 73297ffa-40cb-4e3e-b33e-1bc2c1da60f5: start FollowerState
2019-10-17 18:51:09,056 [abcd8826-c056-4817-bd0f-7af19a46d814@group-5F52F902B742-LeaderElection342] INFO  impl.LeaderElection (LeaderElection.java:logAndReturn(56)) - abcd8826-c056-4817-bd0f-7af19a46d814@group-5F52F902B742-LeaderElection342: Election REJECTED; received 2 response(s) [abcd8826-c056-4817-bd0f-7af19a46d814<-b8f04e38-0663-4b1f-8efd-f76585c6e86c#0:FAIL-t187, abcd8826-c056-4817-bd0f-7af19a46d814<-73297ffa-40cb-4e3e-b33e-1bc2c1da60f5#0:FAIL-t187] and 0 exception(s); abcd8826-c056-4817-bd0f-7af19a46d814@group-5F52F902B742:t187, leader=null, voted=abcd8826-c056-4817-bd0f-7af19a46d814, raftlog=abcd8826-c056-4817-bd0f-7af19a46d814@group-5F52F902B742-SegmentedRaftLog:OPENED:c-1,f-1,i0, conf=-1: [b8f04e38-0663-4b1f-8efd-f76585c6e86c:192.168.157.251:35700, abcd8826-c056-4817-bd0f-7af19a46d814:192.168.157.251:46496, 73297ffa-40cb-4e3e-b33e-1bc2c1da60f5:192.168.157.251:32952], old=null
2019-10-17 18:51:09,056 [abcd8826-c056-4817-bd0f-7af19a46d814@group-5F52F902B742-LeaderElection342] INFO  impl.RaftServerImpl (RaftServerImpl.java:setRole(184)) - abcd8826-c056-4817-bd0f-7af19a46d814@group-5F52F902B742: changes role from CANDIDATE to FOLLOWER at term 187 for DISCOVERED_A_NEW_TERM
2019-10-17 18:51:09,056 [abcd8826-c056-4817-bd0f-7af19a46d814@group-5F52F902B742-LeaderElection342] INFO  impl.RoleInfo (RoleInfo.java:shutdownLeaderElection(134)) - abcd8826-c056-4817-bd0f-7af19a46d814: shutdown LeaderElection
2019-10-17 18:51:09,056 [abcd8826-c056-4817-bd0f-7af19a46d814@group-5F52F902B742-LeaderElection342] INFO  impl.RoleInfo (RoleInfo.java:updateAndGet(143)) - abcd8826-c056-4817-bd0f-7af19a46d814: start FollowerState
2019-10-17 18:51:09,108 [Thread-2765] INFO  impl.FollowerState (FollowerState.java:run(108)) - abcd8826-c056-4817-bd0f-7af19a46d814@group-5F52F902B742-FollowerState: change to CANDIDATE, lastRpcTime:51ms, electionTimeout:51ms
2019-10-17 18:51:09,108 [Thread-2765] INFO  impl.RoleInfo (RoleInfo.java:shutdownFollowerState(121)) - abcd8826-c056-4817-bd0f-7af19a46d814: shutdown FollowerState
2019-10-17 18:51:09,108 [Thread-2765] INFO  impl.RaftServerImpl (RaftServerImpl.java:setRole(184)) - abcd8826-c056-4817-bd0f-7af19a46d814@group-5F52F902B742: changes role from  FOLLOWER to CANDIDATE at term 187 for changeToCandidate
2019-10-17 18:51:09,108 [Thread-2765] INFO  impl.RoleInfo (RoleInfo.java:updateAndGet(143)) - abcd8826-c056-4817-bd0f-7af19a46d814: start LeaderElection
2019-10-17 18:51:09,115 [abcd8826-c056-4817-bd0f-7af19a46d814@group-5F52F902B742-LeaderElection343] INFO  impl.LeaderElection (LeaderElection.java:askForVotes(178)) - abcd8826-c056-4817-bd0f-7af19a46d814@group-5F52F902B742-LeaderElection343: begin an election at term 188 for -1: [b8f04e38-0663-4b1f-8efd-f76585c6e86c:192.168.157.251:35700, abcd8826-c056-4817-bd0f-7af19a46d814:192.168.157.251:46496, 73297ffa-40cb-4e3e-b33e-1bc2c1da60f5:192.168.157.251:32952], old=null
2019-10-17 18:51:09,116 [grpc-default-executor-0] INFO  impl.RaftServerImpl (RaftServerImpl.java:setRole(184)) - 73297ffa-40cb-4e3e-b33e-1bc2c1da60f5@group-5F52F902B742: changes role from  FOLLOWER to FOLLOWER at term 188 for recognizeCandidate:abcd8826-c056-4817-bd0f-7af19a46d814
2019-10-17 18:51:09,117 [grpc-default-executor-0] INFO  impl.RoleInfo (RoleInfo.java:shutdownFollowerState(121)) - 73297ffa-40cb-4e3e-b33e-1bc2c1da60f5: shutdown FollowerState
2019-10-17 18:51:09,116 [grpc-default-executor-2] INFO  impl.RaftServerImpl (RaftServerImpl.java:setRole(184)) - b8f04e38-0663-4b1f-8efd-f76585c6e86c@group-5F52F902B742: changes role from  FOLLOWER to FOLLOWER at term 188 for recognizeCandidate:abcd8826-c056-4817-bd0f-7af19a46d814
2019-10-17 18:51:09,117 [Thread-2764] INFO  impl.FollowerState (FollowerState.java:run(117)) - 73297ffa-40cb-4e3e-b33e-1bc2c1da60f5@group-5F52F902B742-FollowerState was interrupted: java.lang.InterruptedException: sleep interrupted
2019-10-17 18:51:09,117 [grpc-default-executor-0] INFO  impl.RoleInfo (RoleInfo.java:updateAndGet(143)) - 73297ffa-40cb-4e3e-b33e-1bc2c1da60f5: start FollowerState
2019-10-17 18:51:09,117 [grpc-default-executor-2] INFO  impl.RoleInfo (RoleInfo.java:shutdownFollowerState(121)) - b8f04e38-0663-4b1f-8efd-f76585c6e86c: shutdown FollowerState
2019-10-17 18:51:09,117 [Thread-2763] INFO  impl.FollowerState (FollowerState.java:run(117)) - b8f04e38-0663-4b1f-8efd-f76585c6e86c@group-5F52F902B742-FollowerState was interrupted: java.lang.InterruptedException: sleep interrupted
2019-10-17 18:51:09,117 [grpc-default-executor-2] INFO  impl.RoleInfo (RoleInfo.java:updateAndGet(143)) - b8f04e38-0663-4b1f-8efd-f76585c6e86c: start FollowerState
2019-10-17 18:51:09,150 [abcd8826-c056-4817-bd0f-7af19a46d814@group-5F52F902B742-LeaderElection343] INFO  impl.LeaderElection (LeaderElection.java:logAndReturn(56)) - abcd8826-c056-4817-bd0f-7af19a46d814@group-5F52F902B742-LeaderElection343: Election TIMEOUT; received 0 response(s) [] and 0 exception(s); abcd8826-c056-4817-bd0f-7af19a46d814@group-5F52F902B742:t188, leader=null, voted=abcd8826-c056-4817-bd0f-7af19a46d814, raftlog=abcd8826-c056-4817-bd0f-7af19a46d814@group-5F52F902B742-SegmentedRaftLog:OPENED:c-1,f-1,i0, conf=-1: [b8f04e38-0663-4b1f-8efd-f76585c6e86c:192.168.157.251:35700, abcd8826-c056-4817-bd0f-7af19a46d814:192.168.157.251:46496, 73297ffa-40cb-4e3e-b33e-1bc2c1da60f5:192.168.157.251:32952], old=null
2019-10-17 18:51:09,161 [abcd8826-c056-4817-bd0f-7af19a46d814@group-5F52F902B742-LeaderElection343] INFO  impl.LeaderElection (LeaderElection.java:askForVotes(178)) - abcd8826-c056-4817-bd0f-7af19a46d814@group-5F52F902B742-LeaderElection343: begin an election at term 189 for -1: [b8f04e38-0663-4b1f-8efd-f76585c6e86c:192.168.157.251:35700, abcd8826-c056-4817-bd0f-7af19a46d814:192.168.157.251:46496, 73297ffa-40cb-4e3e-b33e-1bc2c1da60f5:192.168.157.251:32952], old=null
2019-10-17 18:51:09,163 [grpc-default-executor-2] INFO  impl.RaftServerImpl (RaftServerImpl.java:setRole(184)) - b8f04e38-0663-4b1f-8efd-f76585c6e86c@group-5F52F902B742: changes role from  FOLLOWER to FOLLOWER at term 189 for recognizeCandidate:abcd8826-c056-4817-bd0f-7af19a46d814
2019-10-17 18:51:09,163 [grpc-default-executor-0] INFO  impl.RaftServerImpl (RaftServerImpl.java:setRole(184)) - 73297ffa-40cb-4e3e-b33e-1bc2c1da60f5@group-5F52F902B742: changes role from  FOLLOWER to FOLLOWER at term 189 for recognizeCandidate:abcd8826-c056-4817-bd0f-7af19a46d814
2019-10-17 18:51:09,163 [grpc-default-executor-2] INFO  impl.RoleInfo (RoleInfo.java:shutdownFollowerState(121)) - b8f04e38-0663-4b1f-8efd-f76585c6e86c: shutdown FollowerState
2019-10-17 18:51:09,163 [grpc-default-executor-0] INFO  impl.RoleInfo (RoleInfo.java:shutdownFollowerState(121)) - 73297ffa-40cb-4e3e-b33e-1bc2c1da60f5: shutdown FollowerState
2019-10-17 18:51:09,163 [Thread-2770] INFO  impl.FollowerState (FollowerState.java:run(117)) - b8f04e38-0663-4b1f-8efd-f76585c6e86c@group-5F52F902B742-FollowerState was interrupted: java.lang.InterruptedException: sleep interrupted
2019-10-17 18:51:09,163 [grpc-default-executor-2] INFO  impl.RoleInfo (RoleInfo.java:updateAndGet(143)) - b8f04e38-0663-4b1f-8efd-f76585c6e86c: start FollowerState
2019-10-17 18:51:09,164 [Thread-2769] INFO  impl.FollowerState (FollowerState.java:run(117)) - 73297ffa-40cb-4e3e-b33e-1bc2c1da60f5@group-5F52F902B742-FollowerState was interrupted: java.lang.InterruptedException: sleep interrupted
2019-10-17 18:51:09,164 [grpc-default-executor-0] INFO  impl.RoleInfo (RoleInfo.java:updateAndGet(143)) - 73297ffa-40cb-4e3e-b33e-1bc2c1da60f5: start FollowerState
2019-10-17 18:51:09,206 [Thread-2759] INFO  impl.FollowerState (FollowerState.java:run(108)) - a5e79c22-a35f-4e50-b1fd-e91b6a93d74d@group-F775CA5912AC-FollowerState: change to CANDIDATE, lastRpcTime:183ms, electionTimeout:183ms
2019-10-17 18:51:09,207 [Thread-2759] INFO  impl.RoleInfo (RoleInfo.java:shutdownFollowerState(121)) - a5e79c22-a35f-4e50-b1fd-e91b6a93d74d: shutdown FollowerState
2019-10-17 18:51:09,207 [Thread-2759] INFO  impl.RaftServerImpl (RaftServerImpl.java:setRole(184)) - a5e79c22-a35f-4e50-b1fd-e91b6a93d74d@group-F775CA5912AC: changes role from  FOLLOWER to CANDIDATE at term 182 for changeToCandidate
2019-10-17 18:51:09,207 [Thread-2759] INFO  impl.RoleInfo (RoleInfo.java:updateAndGet(143)) - a5e79c22-a35f-4e50-b1fd-e91b6a93d74d: start LeaderElection
2019-10-17 18:51:09,226 [abcd8826-c056-4817-bd0f-7af19a46d814@group-5F52F902B742-LeaderElection343] INFO  impl.LeaderElection (LeaderElection.java:logAndReturn(56)) - abcd8826-c056-4817-bd0f-7af19a46d814@group-5F52F902B742-LeaderElection343: Election REJECTED; received 2 response(s) [abcd8826-c056-4817-bd0f-7af19a46d814<-b8f04e38-0663-4b1f-8efd-f76585c6e86c#0:FAIL-t189, abcd8826-c056-4817-bd0f-7af19a46d814<-73297ffa-40cb-4e3e-b33e-1bc2c1da60f5#0:FAIL-t189] and 0 exception(s); abcd8826-c056-4817-bd0f-7af19a46d814@group-5F52F902B742:t189, leader=null, voted=abcd8826-c056-4817-bd0f-7af19a46d814, raftlog=abcd8826-c056-4817-bd0f-7af19a46d814@group-5F52F902B742-SegmentedRaftLog:OPENED:c-1,f-1,i0, conf=-1: [b8f04e38-0663-4b1f-8efd-f76585c6e86c:192.168.157.251:35700, abcd8826-c056-4817-bd0f-7af19a46d814:192.168.157.251:46496, 73297ffa-40cb-4e3e-b33e-1bc2c1da60f5:192.168.157.251:32952], old=null
2019-10-17 18:51:09,226 [abcd8826-c056-4817-bd0f-7af19a46d814@group-5F52F902B742-LeaderElection343] INFO  impl.RaftServerImpl (RaftServerImpl.java:setRole(184)) - abcd8826-c056-4817-bd0f-7af19a46d814@group-5F52F902B742: changes role from CANDIDATE to FOLLOWER at term 189 for DISCOVERED_A_NEW_TERM
2019-10-17 18:51:09,226 [abcd8826-c056-4817-bd0f-7af19a46d814@group-5F52F902B742-LeaderElection343] INFO  impl.RoleInfo (RoleInfo.java:shutdownLeaderElection(134)) - abcd8826-c056-4817-bd0f-7af19a46d814: shutdown LeaderElection
2019-10-17 18:51:09,227 [abcd8826-c056-4817-bd0f-7af19a46d814@group-5F52F902B742-LeaderElection343] INFO  impl.RoleInfo (RoleInfo.java:updateAndGet(143)) - abcd8826-c056-4817-bd0f-7af19a46d814: start FollowerState
2019-10-17 18:51:09,227 [a5e79c22-a35f-4e50-b1fd-e91b6a93d74d@group-F775CA5912AC-LeaderElection344] INFO  impl.LeaderElection (LeaderElection.java:askForVotes(178)) - a5e79c22-a35f-4e50-b1fd-e91b6a93d74d@group-F775CA5912AC-LeaderElection344: begin an election at term 183 for -1: [a5e79c22-a35f-4e50-b1fd-e91b6a93d74d:192.168.157.251:45177, daae7813-f814-475d-9647-a302a5541e36:192.168.157.251:45025, 1e4e1375-1b66-460f-8c99-4c341545a119:192.168.157.251:42113], old=null
2019-10-17 18:51:09,229 [grpc-default-executor-2] INFO  impl.RaftServerImpl (RaftServerImpl.java:setRole(184)) - daae7813-f814-475d-9647-a302a5541e36@group-F775CA5912AC: changes role from  FOLLOWER to FOLLOWER at term 183 for recognizeCandidate:a5e79c22-a35f-4e50-b1fd-e91b6a93d74d
2019-10-17 18:51:09,229 [grpc-default-executor-0] INFO  impl.RaftServerImpl (RaftServerImpl.java:setRole(184)) - 1e4e1375-1b66-460f-8c99-4c341545a119@group-F775CA5912AC: changes role from  FOLLOWER to FOLLOWER at term 183 for recognizeCandidate:a5e79c22-a35f-4e50-b1fd-e91b6a93d74d
2019-10-17 18:51:09,229 [grpc-default-executor-2] INFO  impl.RoleInfo (RoleInfo.java:shutdownFollowerState(121)) - daae7813-f814-475d-9647-a302a5541e36: shutdown FollowerState
2019-10-17 18:51:09,229 [grpc-default-executor-0] INFO  impl.RoleInfo (RoleInfo.java:shutdownFollowerState(121)) - 1e4e1375-1b66-460f-8c99-4c341545a119: shutdown FollowerState
2019-10-17 18:51:09,229 [Thread-2758] INFO  impl.FollowerState (FollowerState.java:run(117)) - daae7813-f814-475d-9647-a302a5541e36@group-F775CA5912AC-FollowerState was interrupted: java.lang.InterruptedException: sleep interrupted
2019-10-17 18:51:09,229 [Thread-2757] INFO  impl.FollowerState (FollowerState.java:run(117)) - 1e4e1375-1b66-460f-8c99-4c341545a119@group-F775CA5912AC-FollowerState was interrupted: java.lang.InterruptedException: sleep interrupted
2019-10-17 18:51:09,229 [grpc-default-executor-2] INFO  impl.RoleInfo (RoleInfo.java:updateAndGet(143)) - daae7813-f814-475d-9647-a302a5541e36: start FollowerState
2019-10-17 18:51:09,229 [grpc-default-executor-0] INFO  impl.RoleInfo (RoleInfo.java:updateAndGet(143)) - 1e4e1375-1b66-460f-8c99-4c341545a119: start FollowerState
2019-10-17 18:51:09,239 [a5e79c22-a35f-4e50-b1fd-e91b6a93d74d@group-F775CA5912AC-LeaderElection344] INFO  impl.LeaderElection (LeaderElection.java:logAndReturn(56)) - a5e79c22-a35f-4e50-b1fd-e91b6a93d74d@group-F775CA5912AC-LeaderElection344: Election REJECTED; received 2 response(s) [a5e79c22-a35f-4e50-b1fd-e91b6a93d74d<-daae7813-f814-475d-9647-a302a5541e36#0:FAIL-t183, a5e79c22-a35f-4e50-b1fd-e91b6a93d74d<-1e4e1375-1b66-460f-8c99-4c341545a119#0:FAIL-t183] and 0 exception(s); a5e79c22-a35f-4e50-b1fd-e91b6a93d74d@group-F775CA5912AC:t183, leader=null, voted=a5e79c22-a35f-4e50-b1fd-e91b6a93d74d, raftlog=a5e79c22-a35f-4e50-b1fd-e91b6a93d74d@group-F775CA5912AC-SegmentedRaftLog:OPENED:c-1,f-1,i0, conf=-1: [a5e79c22-a35f-4e50-b1fd-e91b6a93d74d:192.168.157.251:45177, daae7813-f814-475d-9647-a302a5541e36:192.168.157.251:45025, 1e4e1375-1b66-460f-8c99-4c341545a119:192.168.157.251:42113], old=null
2019-10-17 18:51:09,239 [a5e79c22-a35f-4e50-b1fd-e91b6a93d74d@group-F775CA5912AC-LeaderElection344] INFO  impl.RaftServerImpl (RaftServerImpl.java:setRole(184)) - a5e79c22-a35f-4e50-b1fd-e91b6a93d74d@group-F775CA5912AC: changes role from CANDIDATE to FOLLOWER at term 183 for DISCOVERED_A_NEW_TERM
2019-10-17 18:51:09,240 [a5e79c22-a35f-4e50-b1fd-e91b6a93d74d@group-F775CA5912AC-LeaderElection344] INFO  impl.RoleInfo (RoleInfo.java:shutdownLeaderElection(134)) - a5e79c22-a35f-4e50-b1fd-e91b6a93d74d: shutdown LeaderElection
2019-10-17 18:51:09,240 [a5e79c22-a35f-4e50-b1fd-e91b6a93d74d@group-F775CA5912AC-LeaderElection344] INFO  impl.RoleInfo (RoleInfo.java:updateAndGet(143)) - a5e79c22-a35f-4e50-b1fd-e91b6a93d74d: start FollowerState
2019-10-17 18:51:09,346 [Thread-2776] INFO  impl.FollowerState (FollowerState.java:run(108)) - abcd8826-c056-4817-bd0f-7af19a46d814@group-5F52F902B742-FollowerState: change to CANDIDATE, lastRpcTime:119ms, electionTimeout:119ms
2019-10-17 18:51:09,346 [Thread-2776] INFO  impl.RoleInfo (RoleInfo.java:shutdownFollowerState(121)) - abcd8826-c056-4817-bd0f-7af19a46d814: shutdown FollowerState
2019-10-17 18:51:09,346 [Thread-2776] INFO  impl.RaftServerImpl (RaftServerImpl.java:setRole(184)) - abcd8826-c056-4817-bd0f-7af19a46d814@group-5F52F902B742: changes role from  FOLLOWER to CANDIDATE at term 189 for changeToCandidate
2019-10-17 18:51:09,347 [Thread-2776] INFO  impl.RoleInfo (RoleInfo.java:updateAndGet(143)) - abcd8826-c056-4817-bd0f-7af19a46d814: start LeaderElection
2019-10-17 18:51:09,369 [abcd8826-c056-4817-bd0f-7af19a46d814@group-5F52F902B742-LeaderElection345] INFO  impl.LeaderElection (LeaderElection.java:askForVotes(178)) - abcd8826-c056-4817-bd0f-7af19a46d814@group-5F52F902B742-LeaderElection345: begin an election at term 190 for -1: [b8f04e38-0663-4b1f-8efd-f76585c6e86c:192.168.157.251:35700, abcd8826-c056-4817-bd0f-7af19a46d814:192.168.157.251:46496, 73297ffa-40cb-4e3e-b33e-1bc2c1da60f5:192.168.157.251:32952], old=null
2019-10-17 18:51:09,372 [grpc-default-executor-2] INFO  impl.RaftServerImpl (RaftServerImpl.java:setRole(184)) - b8f04e38-0663-4b1f-8efd-f76585c6e86c@group-5F52F902B742: changes role from  FOLLOWER to FOLLOWER at term 190 for recognizeCandidate:abcd8826-c056-4817-bd0f-7af19a46d814
2019-10-17 18:51:09,372 [grpc-default-executor-2] INFO  impl.RoleInfo (RoleInfo.java:shutdownFollowerState(121)) - b8f04e38-0663-4b1f-8efd-f76585c6e86c: shutdown FollowerState
2019-10-17 18:51:09,372 [grpc-default-executor-2] INFO  impl.RoleInfo (RoleInfo.java:updateAndGet(143)) - b8f04e38-0663-4b1f-8efd-f76585c6e86c: start FollowerState
2019-10-17 18:51:09,372 [Thread-2773] INFO  impl.FollowerState (FollowerState.java:run(117)) - b8f04e38-0663-4b1f-8efd-f76585c6e86c@group-5F52F902B742-FollowerState was interrupted: java.lang.InterruptedException: sleep interrupted
2019-10-17 18:51:09,372 [grpc-default-executor-0] INFO  impl.RaftServerImpl (RaftServerImpl.java:setRole(184)) - 73297ffa-40cb-4e3e-b33e-1bc2c1da60f5@group-5F52F902B742: changes role from  FOLLOWER to FOLLOWER at term 190 for recognizeCandidate:abcd8826-c056-4817-bd0f-7af19a46d814
2019-10-17 18:51:09,373 [grpc-default-executor-0] INFO  impl.RoleInfo (RoleInfo.java:shutdownFollowerState(121)) - 73297ffa-40cb-4e3e-b33e-1bc2c1da60f5: shutdown FollowerState
2019-10-17 18:51:09,373 [grpc-default-executor-0] INFO  impl.RoleInfo (RoleInfo.java:updateAndGet(143)) - 73297ffa-40cb-4e3e-b33e-1bc2c1da60f5: start FollowerState
2019-10-17 18:51:09,373 [Thread-2774] INFO  impl.FollowerState (FollowerState.java:run(117)) - 73297ffa-40cb-4e3e-b33e-1bc2c1da60f5@group-5F52F902B742-FollowerState was interrupted: java.lang.InterruptedException: sleep interrupted
2019-10-17 18:51:09,389 [abcd8826-c056-4817-bd0f-7af19a46d814@group-5F52F902B742-LeaderElection345] INFO  impl.LeaderElection (LeaderElection.java:logAndReturn(56)) - abcd8826-c056-4817-bd0f-7af19a46d814@group-5F52F902B742-LeaderElection345: Election REJECTED; received 2 response(s) [abcd8826-c056-4817-bd0f-7af19a46d814<-b8f04e38-0663-4b1f-8efd-f76585c6e86c#0:FAIL-t190, abcd8826-c056-4817-bd0f-7af19a46d814<-73297ffa-40cb-4e3e-b33e-1bc2c1da60f5#0:FAIL-t190] and 0 exception(s); abcd8826-c056-4817-bd0f-7af19a46d814@group-5F52F902B742:t190, leader=null, voted=abcd8826-c056-4817-bd0f-7af19a46d814, raftlog=abcd8826-c056-4817-bd0f-7af19a46d814@group-5F52F902B742-SegmentedRaftLog:OPENED:c-1,f-1,i0, conf=-1: [b8f04e38-0663-4b1f-8efd-f76585c6e86c:192.168.157.251:35700, abcd8826-c056-4817-bd0f-7af19a46d814:192.168.157.251:46496, 73297ffa-40cb-4e3e-b33e-1bc2c1da60f5:192.168.157.251:32952], old=null
2019-10-17 18:51:09,389 [abcd8826-c056-4817-bd0f-7af19a46d814@group-5F52F902B742-LeaderElection345] INFO  impl.RaftServerImpl (RaftServerImpl.java:setRole(184)) - abcd8826-c056-4817-bd0f-7af19a46d814@group-5F52F902B742: changes role from CANDIDATE to FOLLOWER at term 190 for DISCOVERED_A_NEW_TERM
2019-10-17 18:51:09,389 [abcd8826-c056-4817-bd0f-7af19a46d814@group-5F52F902B742-LeaderElection345] INFO  impl.RoleInfo (RoleInfo.java:shutdownLeaderElection(134)) - abcd8826-c056-4817-bd0f-7af19a46d814: shutdown LeaderElection
2019-10-17 18:51:09,390 [abcd8826-c056-4817-bd0f-7af19a46d814@group-5F52F902B742-LeaderElection345] INFO  impl.RoleInfo (RoleInfo.java:updateAndGet(143)) - abcd8826-c056-4817-bd0f-7af19a46d814: start FollowerState
2019-10-17 18:51:09,417 [Thread-2781] INFO  impl.FollowerState (FollowerState.java:run(108)) - a5e79c22-a35f-4e50-b1fd-e91b6a93d74d@group-F775CA5912AC-FollowerState: change to CANDIDATE, lastRpcTime:177ms, electionTimeout:177ms
2019-10-17 18:51:09,417 [Thread-2781] INFO  impl.RoleInfo (RoleInfo.java:shutdownFollowerState(121)) - a5e79c22-a35f-4e50-b1fd-e91b6a93d74d: shutdown FollowerState
2019-10-17 18:51:09,417 [Thread-2781] INFO  impl.RaftServerImpl (RaftServerImpl.java:setRole(184)) - a5e79c22-a35f-4e50-b1fd-e91b6a93d74d@group-F775CA5912AC: changes role from  FOLLOWER to CANDIDATE at term 183 for changeToCandidate
2019-10-17 18:51:09,417 [Thread-2781] INFO  impl.RoleInfo (RoleInfo.java:updateAndGet(143)) - a5e79c22-a35f-4e50-b1fd-e91b6a93d74d: start LeaderElection
2019-10-17 18:51:09,452 [a5e79c22-a35f-4e50-b1fd-e91b6a93d74d@group-F775CA5912AC-LeaderElection346] INFO  impl.LeaderElection (LeaderElection.java:askForVotes(178)) - a5e79c22-a35f-4e50-b1fd-e91b6a93d74d@group-F775CA5912AC-LeaderElection346: begin an election at term 184 for -1: [a5e79c22-a35f-4e50-b1fd-e91b6a93d74d:192.168.157.251:45177, daae7813-f814-475d-9647-a302a5541e36:192.168.157.251:45025, 1e4e1375-1b66-460f-8c99-4c341545a119:192.168.157.251:42113], old=null
2019-10-17 18:51:09,454 [grpc-default-executor-0] INFO  impl.RaftServerImpl (RaftServerImpl.java:setRole(184)) - daae7813-f814-475d-9647-a302a5541e36@group-F775CA5912AC: changes role from  FOLLOWER to FOLLOWER at term 184 for recognizeCandidate:a5e79c22-a35f-4e50-b1fd-e91b6a93d74d
2019-10-17 18:51:09,455 [grpc-default-executor-0] INFO  impl.RoleInfo (RoleInfo.java:shutdownFollowerState(121)) - daae7813-f814-475d-9647-a302a5541e36: shutdown FollowerState
2019-10-17 18:51:09,454 [grpc-default-executor-2] INFO  impl.RaftServerImpl (RaftServerImpl.java:setRole(184)) - 1e4e1375-1b66-460f-8c99-4c341545a119@group-F775CA5912AC: changes role from  FOLLOWER to FOLLOWER at term 184 for recognizeCandidate:a5e79c22-a35f-4e50-b1fd-e91b6a93d74d
2019-10-17 18:51:09,455 [grpc-default-executor-0] INFO  impl.RoleInfo (RoleInfo.java:updateAndGet(143)) - daae7813-f814-475d-9647-a302a5541e36: start FollowerState
2019-10-17 18:51:09,455 [Thread-2779] INFO  impl.FollowerState (FollowerState.java:run(117)) - daae7813-f814-475d-9647-a302a5541e36@group-F775CA5912AC-FollowerState was interrupted: java.lang.InterruptedException: sleep interrupted
2019-10-17 18:51:09,455 [grpc-default-executor-2] INFO  impl.RoleInfo (RoleInfo.java:shutdownFollowerState(121)) - 1e4e1375-1b66-460f-8c99-4c341545a119: shutdown FollowerState
2019-10-17 18:51:09,456 [grpc-default-executor-2] INFO  impl.RoleInfo (RoleInfo.java:updateAndGet(143)) - 1e4e1375-1b66-460f-8c99-4c341545a119: start FollowerState
2019-10-17 18:51:09,456 [Thread-2780] INFO  impl.FollowerState (FollowerState.java:run(117)) - 1e4e1375-1b66-460f-8c99-4c341545a119@group-F775CA5912AC-FollowerState was interrupted: java.lang.InterruptedException: sleep interrupted
2019-10-17 18:51:09,476 [Thread-2789] INFO  impl.FollowerState (FollowerState.java:run(108)) - abcd8826-c056-4817-bd0f-7af19a46d814@group-5F52F902B742-FollowerState: change to CANDIDATE, lastRpcTime:86ms, electionTimeout:86ms
2019-10-17 18:51:09,476 [Thread-2789] INFO  impl.RoleInfo (RoleInfo.java:shutdownFollowerState(121)) - abcd8826-c056-4817-bd0f-7af19a46d814: shutdown FollowerState
2019-10-17 18:51:09,476 [a5e79c22-a35f-4e50-b1fd-e91b6a93d74d@group-F775CA5912AC-LeaderElection346] INFO  impl.LeaderElection (LeaderElection.java:logAndReturn(56)) - a5e79c22-a35f-4e50-b1fd-e91b6a93d74d@group-F775CA5912AC-LeaderElection346: Election REJECTED; received 2 response(s) [a5e79c22-a35f-4e50-b1fd-e91b6a93d74d<-daae7813-f814-475d-9647-a302a5541e36#0:FAIL-t184, a5e79c22-a35f-4e50-b1fd-e91b6a93d74d<-1e4e1375-1b66-460f-8c99-4c341545a119#0:FAIL-t184] and 0 exception(s); a5e79c22-a35f-4e50-b1fd-e91b6a93d74d@group-F775CA5912AC:t184, leader=null, voted=a5e79c22-a35f-4e50-b1fd-e91b6a93d74d, raftlog=a5e79c22-a35f-4e50-b1fd-e91b6a93d74d@group-F775CA5912AC-SegmentedRaftLog:OPENED:c-1,f-1,i0, conf=-1: [a5e79c22-a35f-4e50-b1fd-e91b6a93d74d:192.168.157.251:45177, daae7813-f814-475d-9647-a302a5541e36:192.168.157.251:45025, 1e4e1375-1b66-460f-8c99-4c341545a119:192.168.157.251:42113], old=null
2019-10-17 18:51:09,476 [Thread-2789] INFO  impl.RaftServerImpl (RaftServerImpl.java:setRole(184)) - abcd8826-c056-4817-bd0f-7af19a46d814@group-5F52F902B742: changes role from  FOLLOWER to CANDIDATE at term 190 for changeToCandidate
2019-10-17 18:51:09,476 [a5e79c22-a35f-4e50-b1fd-e91b6a93d74d@group-F775CA5912AC-LeaderElection346] INFO  impl.RaftServerImpl (RaftServerImpl.java:setRole(184)) - a5e79c22-a35f-4e50-b1fd-e91b6a93d74d@group-F775CA5912AC: changes role from CANDIDATE to FOLLOWER at term 184 for DISCOVERED_A_NEW_TERM
2019-10-17 18:51:09,477 [a5e79c22-a35f-4e50-b1fd-e91b6a93d74d@group-F775CA5912AC-LeaderElection346] INFO  impl.RoleInfo (RoleInfo.java:shutdownLeaderElection(134)) - a5e79c22-a35f-4e50-b1fd-e91b6a93d74d: shutdown LeaderElection
2019-10-17 18:51:09,477 [Thread-2789] INFO  impl.RoleInfo (RoleInfo.java:updateAndGet(143)) - abcd8826-c056-4817-bd0f-7af19a46d814: start LeaderElection
2019-10-17 18:51:09,477 [a5e79c22-a35f-4e50-b1fd-e91b6a93d74d@group-F775CA5912AC-LeaderElection346] INFO  impl.RoleInfo (RoleInfo.java:updateAndGet(143)) - a5e79c22-a35f-4e50-b1fd-e91b6a93d74d: start FollowerState
2019-10-17 18:51:09,485 [abcd8826-c056-4817-bd0f-7af19a46d814@group-5F52F902B742-LeaderElection347] INFO  impl.LeaderElection (LeaderElection.java:askForVotes(178)) - abcd8826-c056-4817-bd0f-7af19a46d814@group-5F52F902B742-LeaderElection347: begin an election at term 191 for -1: [b8f04e38-0663-4b1f-8efd-f76585c6e86c:192.168.157.251:35700, abcd8826-c056-4817-bd0f-7af19a46d814:192.168.157.251:46496, 73297ffa-40cb-4e3e-b33e-1bc2c1da60f5:192.168.157.251:32952], old=null
2019-10-17 18:51:09,486 [grpc-default-executor-2] INFO  impl.RaftServerImpl (RaftServerImpl.java:setRole(184)) - b8f04e38-0663-4b1f-8efd-f76585c6e86c@group-5F52F902B742: changes role from  FOLLOWER to FOLLOWER at term 191 for recognizeCandidate:abcd8826-c056-4817-bd0f-7af19a46d814
2019-10-17 18:51:09,486 [grpc-default-executor-2] INFO  impl.RoleInfo (RoleInfo.java:shutdownFollowerState(121)) - b8f04e38-0663-4b1f-8efd-f76585c6e86c: shutdown FollowerState
2019-10-17 18:51:09,487 [grpc-default-executor-2] INFO  impl.RoleInfo (RoleInfo.java:updateAndGet(143)) - b8f04e38-0663-4b1f-8efd-f76585c6e86c: start FollowerState
2019-10-17 18:51:09,487 [Thread-2787] INFO  impl.FollowerState (FollowerState.java:run(117)) - b8f04e38-0663-4b1f-8efd-f76585c6e86c@group-5F52F902B742-FollowerState was interrupted: java.lang.InterruptedException: sleep interrupted
2019-10-17 18:51:09,487 [grpc-default-executor-0] INFO  impl.RaftServerImpl (RaftServerImpl.java:setRole(184)) - 73297ffa-40cb-4e3e-b33e-1bc2c1da60f5@group-5F52F902B742: changes role from  FOLLOWER to FOLLOWER at term 191 for recognizeCandidate:abcd8826-c056-4817-bd0f-7af19a46d814
2019-10-17 18:51:09,487 [grpc-default-executor-0] INFO  impl.RoleInfo (RoleInfo.java:shutdownFollowerState(121)) - 73297ffa-40cb-4e3e-b33e-1bc2c1da60f5: shutdown FollowerState
2019-10-17 18:51:09,487 [grpc-default-executor-0] INFO  impl.RoleInfo (RoleInfo.java:updateAndGet(143)) - 73297ffa-40cb-4e3e-b33e-1bc2c1da60f5: start FollowerState
2019-10-17 18:51:09,487 [Thread-2788] INFO  impl.FollowerState (FollowerState.java:run(117)) - 73297ffa-40cb-4e3e-b33e-1bc2c1da60f5@group-5F52F902B742-FollowerState was interrupted: java.lang.InterruptedException: sleep interrupted
2019-10-17 18:51:09,505 [abcd8826-c056-4817-bd0f-7af19a46d814@group-5F52F902B742-LeaderElection347] INFO  impl.LeaderElection (LeaderElection.java:logAndReturn(56)) - abcd8826-c056-4817-bd0f-7af19a46d814@group-5F52F902B742-LeaderElection347: Election REJECTED; received 2 response(s) [abcd8826-c056-4817-bd0f-7af19a46d814<-b8f04e38-0663-4b1f-8efd-f76585c6e86c#0:FAIL-t191, abcd8826-c056-4817-bd0f-7af19a46d814<-73297ffa-40cb-4e3e-b33e-1bc2c1da60f5#0:FAIL-t191] and 0 exception(s); abcd8826-c056-4817-bd0f-7af19a46d814@group-5F52F902B742:t191, leader=null, voted=abcd8826-c056-4817-bd0f-7af19a46d814, raftlog=abcd8826-c056-4817-bd0f-7af19a46d814@group-5F52F902B742-SegmentedRaftLog:OPENED:c-1,f-1,i0, conf=-1: [b8f04e38-0663-4b1f-8efd-f76585c6e86c:192.168.157.251:35700, abcd8826-c056-4817-bd0f-7af19a46d814:192.168.157.251:46496, 73297ffa-40cb-4e3e-b33e-1bc2c1da60f5:192.168.157.251:32952], old=null
2019-10-17 18:51:09,506 [abcd8826-c056-4817-bd0f-7af19a46d814@group-5F52F902B742-LeaderElection347] INFO  impl.RaftServerImpl (RaftServerImpl.java:setRole(184)) - abcd8826-c056-4817-bd0f-7af19a46d814@group-5F52F902B742: changes role from CANDIDATE to FOLLOWER at term 191 for DISCOVERED_A_NEW_TERM
2019-10-17 18:51:09,506 [abcd8826-c056-4817-bd0f-7af19a46d814@group-5F52F902B742-LeaderElection347] INFO  impl.RoleInfo (RoleInfo.java:shutdownLeaderElection(134)) - abcd8826-c056-4817-bd0f-7af19a46d814: shutdown LeaderElection
2019-10-17 18:51:09,506 [abcd8826-c056-4817-bd0f-7af19a46d814@group-5F52F902B742-LeaderElection347] INFO  impl.RoleInfo (RoleInfo.java:updateAndGet(143)) - abcd8826-c056-4817-bd0f-7af19a46d814: start FollowerState
2019-10-17 18:51:09,617 [Thread-2796] INFO  impl.FollowerState (FollowerState.java:run(108)) - a5e79c22-a35f-4e50-b1fd-e91b6a93d74d@group-F775CA5912AC-FollowerState: change to CANDIDATE, lastRpcTime:140ms, electionTimeout:140ms
2019-10-17 18:51:09,617 [Thread-2796] INFO  impl.RoleInfo (RoleInfo.java:shutdownFollowerState(121)) - a5e79c22-a35f-4e50-b1fd-e91b6a93d74d: shutdown FollowerState
2019-10-17 18:51:09,617 [Thread-2796] INFO  impl.RaftServerImpl (RaftServerImpl.java:setRole(184)) - a5e79c22-a35f-4e50-b1fd-e91b6a93d74d@group-F775CA5912AC: changes role from  FOLLOWER to CANDIDATE at term 184 for changeToCandidate
2019-10-17 18:51:09,618 [Thread-2796] INFO  impl.RoleInfo (RoleInfo.java:updateAndGet(143)) - a5e79c22-a35f-4e50-b1fd-e91b6a93d74d: start LeaderElection
2019-10-17 18:51:09,635 [a5e79c22-a35f-4e50-b1fd-e91b6a93d74d@group-F775CA5912AC-LeaderElection348] INFO  impl.LeaderElection (LeaderElection.java:askForVotes(178)) - a5e79c22-a35f-4e50-b1fd-e91b6a93d74d@group-F775CA5912AC-LeaderElection348: begin an election at term 185 for -1: [a5e79c22-a35f-4e50-b1fd-e91b6a93d74d:192.168.157.251:45177, daae7813-f814-475d-9647-a302a5541e36:192.168.157.251:45025, 1e4e1375-1b66-460f-8c99-4c341545a119:192.168.157.251:42113], old=null
2019-10-17 18:51:09,636 [grpc-default-executor-2] INFO  impl.RaftServerImpl (RaftServerImpl.java:setRole(184)) - 1e4e1375-1b66-460f-8c99-4c341545a119@group-F775CA5912AC: changes role from  FOLLOWER to FOLLOWER at term 185 for recognizeCandidate:a5e79c22-a35f-4e50-b1fd-e91b6a93d74d
2019-10-17 18:51:09,637 [grpc-default-executor-2] INFO  impl.RoleInfo (RoleInfo.java:shutdownFollowerState(121)) - 1e4e1375-1b66-460f-8c99-4c341545a119: shutdown FollowerState
2019-10-17 18:51:09,636 [grpc-default-executor-0] INFO  impl.RaftServerImpl (RaftServerImpl.java:setRole(184)) - daae7813-f814-475d-9647-a302a5541e36@group-F775CA5912AC: changes role from  FOLLOWER to FOLLOWER at term 185 for recognizeCandidate:a5e79c22-a35f-4e50-b1fd-e91b6a93d74d
2019-10-17 18:51:09,637 [grpc-default-executor-2] INFO  impl.RoleInfo (RoleInfo.java:updateAndGet(143)) - 1e4e1375-1b66-460f-8c99-4c341545a119: start FollowerState
2019-10-17 18:51:09,637 [Thread-2794] INFO  impl.FollowerState (FollowerState.java:run(117)) - 1e4e1375-1b66-460f-8c99-4c341545a119@group-F775CA5912AC-FollowerState was interrupted: java.lang.InterruptedException: sleep interrupted
2019-10-17 18:51:09,637 [grpc-default-executor-0] INFO  impl.RoleInfo (RoleInfo.java:shutdownFollowerState(121)) - daae7813-f814-475d-9647-a302a5541e36: shutdown FollowerState
2019-10-17 18:51:09,637 [grpc-default-executor-0] INFO  impl.RoleInfo (RoleInfo.java:updateAndGet(143)) - daae7813-f814-475d-9647-a302a5541e36: start FollowerState
2019-10-17 18:51:09,637 [Thread-2793] INFO  impl.FollowerState (FollowerState.java:run(117)) - daae7813-f814-475d-9647-a302a5541e36@group-F775CA5912AC-FollowerState was interrupted: java.lang.InterruptedException: sleep interrupted
2019-10-17 18:51:09,666 [a5e79c22-a35f-4e50-b1fd-e91b6a93d74d@group-F775CA5912AC-LeaderElection348] INFO  impl.LeaderElection (LeaderElection.java:logAndReturn(56)) - a5e79c22-a35f-4e50-b1fd-e91b6a93d74d@group-F775CA5912AC-LeaderElection348: Election REJECTED; received 2 response(s) [a5e79c22-a35f-4e50-b1fd-e91b6a93d74d<-daae7813-f814-475d-9647-a302a5541e36#0:FAIL-t185, a5e79c22-a35f-4e50-b1fd-e91b6a93d74d<-1e4e1375-1b66-460f-8c99-4c341545a119#0:FAIL-t185] and 0 exception(s); a5e79c22-a35f-4e50-b1fd-e91b6a93d74d@group-F775CA5912AC:t185, leader=null, voted=a5e79c22-a35f-4e50-b1fd-e91b6a93d74d, raftlog=a5e79c22-a35f-4e50-b1fd-e91b6a93d74d@group-F775CA5912AC-SegmentedRaftLog:OPENED:c-1,f-1,i0, conf=-1: [a5e79c22-a35f-4e50-b1fd-e91b6a93d74d:192.168.157.251:45177, daae7813-f814-475d-9647-a302a5541e36:192.168.157.251:45025, 1e4e1375-1b66-460f-8c99-4c341545a119:192.168.157.251:42113], old=null
2019-10-17 18:51:09,666 [a5e79c22-a35f-4e50-b1fd-e91b6a93d74d@group-F775CA5912AC-LeaderElection348] INFO  impl.RaftServerImpl (RaftServerImpl.java:setRole(184)) - a5e79c22-a35f-4e50-b1fd-e91b6a93d74d@group-F775CA5912AC: changes role from CANDIDATE to FOLLOWER at term 185 for DISCOVERED_A_NEW_TERM
2019-10-17 18:51:09,666 [a5e79c22-a35f-4e50-b1fd-e91b6a93d74d@group-F775CA5912AC-LeaderElection348] INFO  impl.RoleInfo (RoleInfo.java:shutdownLeaderElection(134)) - a5e79c22-a35f-4e50-b1fd-e91b6a93d74d: shutdown LeaderElection
2019-10-17 18:51:09,666 [a5e79c22-a35f-4e50-b1fd-e91b6a93d74d@group-F775CA5912AC-LeaderElection348] INFO  impl.RoleInfo (RoleInfo.java:updateAndGet(143)) - a5e79c22-a35f-4e50-b1fd-e91b6a93d74d: start FollowerState
2019-10-17 18:51:09,678 [Thread-2801] INFO  impl.FollowerState (FollowerState.java:run(108)) - abcd8826-c056-4817-bd0f-7af19a46d814@group-5F52F902B742-FollowerState: change to CANDIDATE, lastRpcTime:172ms, electionTimeout:172ms
2019-10-17 18:51:09,678 [Thread-2801] INFO  impl.RoleInfo (RoleInfo.java:shutdownFollowerState(121)) - abcd8826-c056-4817-bd0f-7af19a46d814: shutdown FollowerState
2019-10-17 18:51:09,679 [Thread-2801] INFO  impl.RaftServerImpl (RaftServerImpl.java:setRole(184)) - abcd8826-c056-4817-bd0f-7af19a46d814@group-5F52F902B742: changes role from  FOLLOWER to CANDIDATE at term 191 for changeToCandidate
2019-10-17 18:51:09,679 [Thread-2801] INFO  impl.RoleInfo (RoleInfo.java:updateAndGet(143)) - abcd8826-c056-4817-bd0f-7af19a46d814: start LeaderElection
2019-10-17 18:51:09,709 [abcd8826-c056-4817-bd0f-7af19a46d814@group-5F52F902B742-LeaderElection349] INFO  impl.LeaderElection (LeaderElection.java:askForVotes(178)) - abcd8826-c056-4817-bd0f-7af19a46d814@group-5F52F902B742-LeaderElection349: begin an election at term 192 for -1: [b8f04e38-0663-4b1f-8efd-f76585c6e86c:192.168.157.251:35700, abcd8826-c056-4817-bd0f-7af19a46d814:192.168.157.251:46496, 73297ffa-40cb-4e3e-b33e-1bc2c1da60f5:192.168.157.251:32952], old=null
2019-10-17 18:51:09,711 [grpc-default-executor-0] INFO  impl.RaftServerImpl (RaftServerImpl.java:setRole(184)) - 73297ffa-40cb-4e3e-b33e-1bc2c1da60f5@group-5F52F902B742: changes role from  FOLLOWER to FOLLOWER at term 192 for recognizeCandidate:abcd8826-c056-4817-bd0f-7af19a46d814
2019-10-17 18:51:09,711 [grpc-default-executor-2] INFO  impl.RaftServerImpl (RaftServerImpl.java:setRole(184)) - b8f04e38-0663-4b1f-8efd-f76585c6e86c@group-5F52F902B742: changes role from  FOLLOWER to FOLLOWER at term 192 for recognizeCandidate:abcd8826-c056-4817-bd0f-7af19a46d814
2019-10-17 18:51:09,711 [grpc-default-executor-0] INFO  impl.RoleInfo (RoleInfo.java:shutdownFollowerState(121)) - 73297ffa-40cb-4e3e-b33e-1bc2c1da60f5: shutdown FollowerState
2019-10-17 18:51:09,711 [grpc-default-executor-2] INFO  impl.RoleInfo (RoleInfo.java:shutdownFollowerState(121)) - b8f04e38-0663-4b1f-8efd-f76585c6e86c: shutdown FollowerState
2019-10-17 18:51:09,711 [Thread-2800] INFO  impl.FollowerState (FollowerState.java:run(117)) - 73297ffa-40cb-4e3e-b33e-1bc2c1da60f5@group-5F52F902B742-FollowerState was interrupted: java.lang.InterruptedException: sleep interrupted
2019-10-17 18:51:09,711 [Thread-2799] INFO  impl.FollowerState (FollowerState.java:run(117)) - b8f04e38-0663-4b1f-8efd-f76585c6e86c@group-5F52F902B742-FollowerState was interrupted: java.lang.InterruptedException: sleep interrupted
2019-10-17 18:51:09,711 [grpc-default-executor-0] INFO  impl.RoleInfo (RoleInfo.java:updateAndGet(143)) - 73297ffa-40cb-4e3e-b33e-1bc2c1da60f5: start FollowerState
2019-10-17 18:51:09,711 [grpc-default-executor-2] INFO  impl.RoleInfo (RoleInfo.java:updateAndGet(143)) - b8f04e38-0663-4b1f-8efd-f76585c6e86c: start FollowerState
2019-10-17 18:51:09,733 [abcd8826-c056-4817-bd0f-7af19a46d814@group-5F52F902B742-LeaderElection349] INFO  impl.LeaderElection (LeaderElection.java:logAndReturn(56)) - abcd8826-c056-4817-bd0f-7af19a46d814@group-5F52F902B742-LeaderElection349: Election REJECTED; received 2 response(s) [abcd8826-c056-4817-bd0f-7af19a46d814<-b8f04e38-0663-4b1f-8efd-f76585c6e86c#0:FAIL-t192, abcd8826-c056-4817-bd0f-7af19a46d814<-73297ffa-40cb-4e3e-b33e-1bc2c1da60f5#0:FAIL-t192] and 0 exception(s); abcd8826-c056-4817-bd0f-7af19a46d814@group-5F52F902B742:t192, leader=null, voted=abcd8826-c056-4817-bd0f-7af19a46d814, raftlog=abcd8826-c056-4817-bd0f-7af19a46d814@group-5F52F902B742-SegmentedRaftLog:OPENED:c-1,f-1,i0, conf=-1: [b8f04e38-0663-4b1f-8efd-f76585c6e86c:192.168.157.251:35700, abcd8826-c056-4817-bd0f-7af19a46d814:192.168.157.251:46496, 73297ffa-40cb-4e3e-b33e-1bc2c1da60f5:192.168.157.251:32952], old=null
2019-10-17 18:51:09,733 [abcd8826-c056-4817-bd0f-7af19a46d814@group-5F52F902B742-LeaderElection349] INFO  impl.RaftServerImpl (RaftServerImpl.java:setRole(184)) - abcd8826-c056-4817-bd0f-7af19a46d814@group-5F52F902B742: changes role from CANDIDATE to FOLLOWER at term 192 for DISCOVERED_A_NEW_TERM
2019-10-17 18:51:09,733 [abcd8826-c056-4817-bd0f-7af19a46d814@group-5F52F902B742-LeaderElection349] INFO  impl.RoleInfo (RoleInfo.java:shutdownLeaderElection(134)) - abcd8826-c056-4817-bd0f-7af19a46d814: shutdown LeaderElection
2019-10-17 18:51:09,733 [abcd8826-c056-4817-bd0f-7af19a46d814@group-5F52F902B742-LeaderElection349] INFO  impl.RoleInfo (RoleInfo.java:updateAndGet(143)) - abcd8826-c056-4817-bd0f-7af19a46d814: start FollowerState
2019-10-17 18:51:09,763 [Thread-2807] INFO  impl.FollowerState (FollowerState.java:run(108)) - a5e79c22-a35f-4e50-b1fd-e91b6a93d74d@group-F775CA5912AC-FollowerState: change to CANDIDATE, lastRpcTime:96ms, electionTimeout:96ms
2019-10-17 18:51:09,763 [Thread-2807] INFO  impl.RoleInfo (RoleInfo.java:shutdownFollowerState(121)) - a5e79c22-a35f-4e50-b1fd-e91b6a93d74d: shutdown FollowerState
2019-10-17 18:51:09,763 [Thread-2807] INFO  impl.RaftServerImpl (RaftServerImpl.java:setRole(184)) - a5e79c22-a35f-4e50-b1fd-e91b6a93d74d@group-F775CA5912AC: changes role from  FOLLOWER to CANDIDATE at term 185 for changeToCandidate
2019-10-17 18:51:09,763 [Thread-2807] INFO  impl.RoleInfo (RoleInfo.java:updateAndGet(143)) - a5e79c22-a35f-4e50-b1fd-e91b6a93d74d: start LeaderElection
2019-10-17 18:51:09,799 [a5e79c22-a35f-4e50-b1fd-e91b6a93d74d@group-F775CA5912AC-LeaderElection350] INFO  impl.LeaderElection (LeaderElection.java:askForVotes(178)) - a5e79c22-a35f-4e50-b1fd-e91b6a93d74d@group-F775CA5912AC-LeaderElection350: begin an election at term 186 for -1: [a5e79c22-a35f-4e50-b1fd-e91b6a93d74d:192.168.157.251:45177, daae7813-f814-475d-9647-a302a5541e36:192.168.157.251:45025, 1e4e1375-1b66-460f-8c99-4c341545a119:192.168.157.251:42113], old=null
2019-10-17 18:51:09,801 [grpc-default-executor-0] INFO  impl.RaftServerImpl (RaftServerImpl.java:setRole(184)) - daae7813-f814-475d-9647-a302a5541e36@group-F775CA5912AC: changes role from  FOLLOWER to FOLLOWER at term 186 for recognizeCandidate:a5e79c22-a35f-4e50-b1fd-e91b6a93d74d
2019-10-17 18:51:09,801 [grpc-default-executor-0] INFO  impl.RoleInfo (RoleInfo.java:shutdownFollowerState(121)) - daae7813-f814-475d-9647-a302a5541e36: shutdown FollowerState
2019-10-17 18:51:09,801 [grpc-default-executor-0] INFO  impl.RoleInfo (RoleInfo.java:updateAndGet(143)) - daae7813-f814-475d-9647-a302a5541e36: start FollowerState
2019-10-17 18:51:09,801 [Thread-2806] INFO  impl.FollowerState (FollowerState.java:run(117)) - daae7813-f814-475d-9647-a302a5541e36@group-F775CA5912AC-FollowerState was interrupted: java.lang.InterruptedException: sleep interrupted
2019-10-17 18:51:09,801 [grpc-default-executor-2] INFO  impl.RaftServerImpl (RaftServerImpl.java:setRole(184)) - 1e4e1375-1b66-460f-8c99-4c341545a119@group-F775CA5912AC: changes role from  FOLLOWER to FOLLOWER at term 186 for recognizeCandidate:a5e79c22-a35f-4e50-b1fd-e91b6a93d74d
2019-10-17 18:51:09,801 [grpc-default-executor-2] INFO  impl.RoleInfo (RoleInfo.java:shutdownFollowerState(121)) - 1e4e1375-1b66-460f-8c99-4c341545a119: shutdown FollowerState
2019-10-17 18:51:09,801 [grpc-default-executor-2] INFO  impl.RoleInfo (RoleInfo.java:updateAndGet(143)) - 1e4e1375-1b66-460f-8c99-4c341545a119: start FollowerState
2019-10-17 18:51:09,801 [Thread-2805] INFO  impl.FollowerState (FollowerState.java:run(117)) - 1e4e1375-1b66-460f-8c99-4c341545a119@group-F775CA5912AC-FollowerState was interrupted: java.lang.InterruptedException: sleep interrupted
2019-10-17 18:51:09,813 [Thread-2813] INFO  impl.FollowerState (FollowerState.java:run(108)) - abcd8826-c056-4817-bd0f-7af19a46d814@group-5F52F902B742-FollowerState: change to CANDIDATE, lastRpcTime:80ms, electionTimeout:80ms
2019-10-17 18:51:09,814 [Thread-2813] INFO  impl.RoleInfo (RoleInfo.java:shutdownFollowerState(121)) - abcd8826-c056-4817-bd0f-7af19a46d814: shutdown FollowerState
2019-10-17 18:51:09,814 [Thread-2813] INFO  impl.RaftServerImpl (RaftServerImpl.java:setRole(184)) - abcd8826-c056-4817-bd0f-7af19a46d814@group-5F52F902B742: changes role from  FOLLOWER to CANDIDATE at term 192 for changeToCandidate
2019-10-17 18:51:09,814 [Thread-2813] INFO  impl.RoleInfo (RoleInfo.java:updateAndGet(143)) - abcd8826-c056-4817-bd0f-7af19a46d814: start LeaderElection
2019-10-17 18:51:09,818 [a5e79c22-a35f-4e50-b1fd-e91b6a93d74d@group-F775CA5912AC-LeaderElection350] INFO  impl.LeaderElection (LeaderElection.java:logAndReturn(56)) - a5e79c22-a35f-4e50-b1fd-e91b6a93d74d@group-F775CA5912AC-LeaderElection350: Election TIMEOUT; received 0 response(s) [] and 0 exception(s); a5e79c22-a35f-4e50-b1fd-e91b6a93d74d@group-F775CA5912AC:t186, leader=null, voted=a5e79c22-a35f-4e50-b1fd-e91b6a93d74d, raftlog=a5e79c22-a35f-4e50-b1fd-e91b6a93d74d@group-F775CA5912AC-SegmentedRaftLog:OPENED:c-1,f-1,i0, conf=-1: [a5e79c22-a35f-4e50-b1fd-e91b6a93d74d:192.168.157.251:45177, daae7813-f814-475d-9647-a302a5541e36:192.168.157.251:45025, 1e4e1375-1b66-460f-8c99-4c341545a119:192.168.157.251:42113], old=null
2019-10-17 18:51:09,829 [abcd8826-c056-4817-bd0f-7af19a46d814@group-5F52F902B742-LeaderElection351] INFO  impl.LeaderElection (LeaderElection.java:askForVotes(178)) - abcd8826-c056-4817-bd0f-7af19a46d814@group-5F52F902B742-LeaderElection351: begin an election at term 193 for -1: [b8f04e38-0663-4b1f-8efd-f76585c6e86c:192.168.157.251:35700, abcd8826-c056-4817-bd0f-7af19a46d814:192.168.157.251:46496, 73297ffa-40cb-4e3e-b33e-1bc2c1da60f5:192.168.157.251:32952], old=null
2019-10-17 18:51:09,829 [a5e79c22-a35f-4e50-b1fd-e91b6a93d74d@group-F775CA5912AC-LeaderElection350] INFO  impl.LeaderElection (LeaderElection.java:askForVotes(178)) - a5e79c22-a35f-4e50-b1fd-e91b6a93d74d@group-F775CA5912AC-LeaderElection350: begin an election at term 187 for -1: [a5e79c22-a35f-4e50-b1fd-e91b6a93d74d:192.168.157.251:45177, daae7813-f814-475d-9647-a302a5541e36:192.168.157.251:45025, 1e4e1375-1b66-460f-8c99-4c341545a119:192.168.157.251:42113], old=null
2019-10-17 18:51:09,830 [grpc-default-executor-0] INFO  impl.RaftServerImpl (RaftServerImpl.java:setRole(184)) - b8f04e38-0663-4b1f-8efd-f76585c6e86c@group-5F52F902B742: changes role from  FOLLOWER to FOLLOWER at term 193 for recognizeCandidate:abcd8826-c056-4817-bd0f-7af19a46d814
2019-10-17 18:51:09,830 [grpc-default-executor-0] INFO  impl.RoleInfo (RoleInfo.java:shutdownFollowerState(121)) - b8f04e38-0663-4b1f-8efd-f76585c6e86c: shutdown FollowerState
2019-10-17 18:51:09,830 [grpc-default-executor-2] INFO  impl.RaftServerImpl (RaftServerImpl.java:setRole(184)) - daae7813-f814-475d-9647-a302a5541e36@group-F775CA5912AC: changes role from  FOLLOWER to FOLLOWER at term 187 for recognizeCandidate:a5e79c22-a35f-4e50-b1fd-e91b6a93d74d
2019-10-17 18:51:09,831 [Thread-2812] INFO  impl.FollowerState (FollowerState.java:run(117)) - b8f04e38-0663-4b1f-8efd-f76585c6e86c@group-5F52F902B742-FollowerState was interrupted: java.lang.InterruptedException: sleep interrupted
2019-10-17 18:51:09,830 [grpc-default-executor-0] INFO  impl.RoleInfo (RoleInfo.java:updateAndGet(143)) - b8f04e38-0663-4b1f-8efd-f76585c6e86c: start FollowerState
2019-10-17 18:51:09,831 [grpc-default-executor-2] INFO  impl.RoleInfo (RoleInfo.java:shutdownFollowerState(121)) - daae7813-f814-475d-9647-a302a5541e36: shutdown FollowerState
2019-10-17 18:51:09,831 [grpc-default-executor-2] INFO  impl.RoleInfo (RoleInfo.java:updateAndGet(143)) - daae7813-f814-475d-9647-a302a5541e36: start FollowerState
2019-10-17 18:51:09,831 [Thread-2817] INFO  impl.FollowerState (FollowerState.java:run(117)) - daae7813-f814-475d-9647-a302a5541e36@group-F775CA5912AC-FollowerState was interrupted: java.lang.InterruptedException: sleep interrupted
2019-10-17 18:51:09,835 [grpc-default-executor-5] INFO  impl.RaftServerImpl (RaftServerImpl.java:setRole(184)) - 73297ffa-40cb-4e3e-b33e-1bc2c1da60f5@group-5F52F902B742: changes role from  FOLLOWER to FOLLOWER at term 193 for recognizeCandidate:abcd8826-c056-4817-bd0f-7af19a46d814
2019-10-17 18:51:09,835 [grpc-default-executor-6] INFO  impl.RaftServerImpl (RaftServerImpl.java:setRole(184)) - 1e4e1375-1b66-460f-8c99-4c341545a119@group-F775CA5912AC: changes role from  FOLLOWER to FOLLOWER at term 187 for recognizeCandidate:a5e79c22-a35f-4e50-b1fd-e91b6a93d74d
2019-10-17 18:51:09,835 [grpc-default-executor-6] INFO  impl.RoleInfo (RoleInfo.java:shutdownFollowerState(121)) - 1e4e1375-1b66-460f-8c99-4c341545a119: shutdown FollowerState
2019-10-17 18:51:09,835 [grpc-default-executor-5] INFO  impl.RoleInfo (RoleInfo.java:shutdownFollowerState(121)) - 73297ffa-40cb-4e3e-b33e-1bc2c1da60f5: shutdown FollowerState
2019-10-17 18:51:09,835 [grpc-default-executor-6] INFO  impl.RoleInfo (RoleInfo.java:updateAndGet(143)) - 1e4e1375-1b66-460f-8c99-4c341545a119: start FollowerState
2019-10-17 18:51:09,835 [Thread-2818] INFO  impl.FollowerState (FollowerState.java:run(117)) - 1e4e1375-1b66-460f-8c99-4c341545a119@group-F775CA5912AC-FollowerState was interrupted: java.lang.InterruptedException: sleep interrupted
2019-10-17 18:51:09,835 [grpc-default-executor-5] INFO  impl.RoleInfo (RoleInfo.java:updateAndGet(143)) - 73297ffa-40cb-4e3e-b33e-1bc2c1da60f5: start FollowerState
2019-10-17 18:51:09,835 [Thread-2811] INFO  impl.FollowerState (FollowerState.java:run(117)) - 73297ffa-40cb-4e3e-b33e-1bc2c1da60f5@group-5F52F902B742-FollowerState was interrupted: java.lang.InterruptedException: sleep interrupted
2019-10-17 18:51:09,849 [abcd8826-c056-4817-bd0f-7af19a46d814@group-5F52F902B742-LeaderElection351] INFO  impl.LeaderElection (LeaderElection.java:logAndReturn(56)) - abcd8826-c056-4817-bd0f-7af19a46d814@group-5F52F902B742-LeaderElection351: Election REJECTED; received 2 response(s) [abcd8826-c056-4817-bd0f-7af19a46d814<-b8f04e38-0663-4b1f-8efd-f76585c6e86c#0:FAIL-t193, abcd8826-c056-4817-bd0f-7af19a46d814<-73297ffa-40cb-4e3e-b33e-1bc2c1da60f5#0:FAIL-t193] and 0 exception(s); abcd8826-c056-4817-bd0f-7af19a46d814@group-5F52F902B742:t193, leader=null, voted=abcd8826-c056-4817-bd0f-7af19a46d814, raftlog=abcd8826-c056-4817-bd0f-7af19a46d814@group-5F52F902B742-SegmentedRaftLog:OPENED:c-1,f-1,i0, conf=-1: [b8f04e38-0663-4b1f-8efd-f76585c6e86c:192.168.157.251:35700, abcd8826-c056-4817-bd0f-7af19a46d814:192.168.157.251:46496, 73297ffa-40cb-4e3e-b33e-1bc2c1da60f5:192.168.157.251:32952], old=null
2019-10-17 18:51:09,849 [a5e79c22-a35f-4e50-b1fd-e91b6a93d74d@group-F775CA5912AC-LeaderElection350] INFO  impl.LeaderElection (LeaderElection.java:logAndReturn(56)) - a5e79c22-a35f-4e50-b1fd-e91b6a93d74d@group-F775CA5912AC-LeaderElection350: Election REJECTED; received 2 response(s) [a5e79c22-a35f-4e50-b1fd-e91b6a93d74d<-daae7813-f814-475d-9647-a302a5541e36#0:FAIL-t187, a5e79c22-a35f-4e50-b1fd-e91b6a93d74d<-1e4e1375-1b66-460f-8c99-4c341545a119#0:FAIL-t187] and 0 exception(s); a5e79c22-a35f-4e50-b1fd-e91b6a93d74d@group-F775CA5912AC:t187, leader=null, voted=a5e79c22-a35f-4e50-b1fd-e91b6a93d74d, raftlog=a5e79c22-a35f-4e50-b1fd-e91b6a93d74d@group-F775CA5912AC-SegmentedRaftLog:OPENED:c-1,f-1,i0, conf=-1: [a5e79c22-a35f-4e50-b1fd-e91b6a93d74d:192.168.157.251:45177, daae7813-f814-475d-9647-a302a5541e36:192.168.157.251:45025, 1e4e1375-1b66-460f-8c99-4c341545a119:192.168.157.251:42113], old=null
2019-10-17 18:51:09,849 [abcd8826-c056-4817-bd0f-7af19a46d814@group-5F52F902B742-LeaderElection351] INFO  impl.RaftServerImpl (RaftServerImpl.java:setRole(184)) - abcd8826-c056-4817-bd0f-7af19a46d814@group-5F52F902B742: changes role from CANDIDATE to FOLLOWER at term 193 for DISCOVERED_A_NEW_TERM
2019-10-17 18:51:09,849 [a5e79c22-a35f-4e50-b1fd-e91b6a93d74d@group-F775CA5912AC-LeaderElection350] INFO  impl.RaftServerImpl (RaftServerImpl.java:setRole(184)) - a5e79c22-a35f-4e50-b1fd-e91b6a93d74d@group-F775CA5912AC: changes role from CANDIDATE to FOLLOWER at term 187 for DISCOVERED_A_NEW_TERM
2019-10-17 18:51:09,849 [abcd8826-c056-4817-bd0f-7af19a46d814@group-5F52F902B742-LeaderElection351] INFO  impl.RoleInfo (RoleInfo.java:shutdownLeaderElection(134)) - abcd8826-c056-4817-bd0f-7af19a46d814: shutdown LeaderElection
2019-10-17 18:51:09,849 [a5e79c22-a35f-4e50-b1fd-e91b6a93d74d@group-F775CA5912AC-LeaderElection350] INFO  impl.RoleInfo (RoleInfo.java:shutdownLeaderElection(134)) - a5e79c22-a35f-4e50-b1fd-e91b6a93d74d: shutdown LeaderElection
2019-10-17 18:51:09,850 [abcd8826-c056-4817-bd0f-7af19a46d814@group-5F52F902B742-LeaderElection351] INFO  impl.RoleInfo (RoleInfo.java:updateAndGet(143)) - abcd8826-c056-4817-bd0f-7af19a46d814: start FollowerState
2019-10-17 18:51:09,850 [a5e79c22-a35f-4e50-b1fd-e91b6a93d74d@group-F775CA5912AC-LeaderElection350] INFO  impl.RoleInfo (RoleInfo.java:updateAndGet(143)) - a5e79c22-a35f-4e50-b1fd-e91b6a93d74d: start FollowerState
2019-10-17 18:51:09,929 [Thread-2831] INFO  impl.FollowerState (FollowerState.java:run(108)) - a5e79c22-a35f-4e50-b1fd-e91b6a93d74d@group-F775CA5912AC-FollowerState: change to CANDIDATE, lastRpcTime:79ms, electionTimeout:79ms
2019-10-17 18:51:09,929 [Thread-2831] INFO  impl.RoleInfo (RoleInfo.java:shutdownFollowerState(121)) - a5e79c22-a35f-4e50-b1fd-e91b6a93d74d: shutdown FollowerState
2019-10-17 18:51:09,929 [Thread-2831] INFO  impl.RaftServerImpl (RaftServerImpl.java:setRole(184)) - a5e79c22-a35f-4e50-b1fd-e91b6a93d74d@group-F775CA5912AC: changes role from  FOLLOWER to CANDIDATE at term 187 for changeToCandidate
2019-10-17 18:51:09,929 [Thread-2831] INFO  impl.RoleInfo (RoleInfo.java:updateAndGet(143)) - a5e79c22-a35f-4e50-b1fd-e91b6a93d74d: start LeaderElection
2019-10-17 18:51:09,966 [a5e79c22-a35f-4e50-b1fd-e91b6a93d74d@group-F775CA5912AC-LeaderElection352] INFO  impl.LeaderElection (LeaderElection.java:askForVotes(178)) - a5e79c22-a35f-4e50-b1fd-e91b6a93d74d@group-F775CA5912AC-LeaderElection352: begin an election at term 188 for -1: [a5e79c22-a35f-4e50-b1fd-e91b6a93d74d:192.168.157.251:45177, daae7813-f814-475d-9647-a302a5541e36:192.168.157.251:45025, 1e4e1375-1b66-460f-8c99-4c341545a119:192.168.157.251:42113], old=null
2019-10-17 18:51:09,967 [grpc-default-executor-2] INFO  impl.RaftServerImpl (RaftServerImpl.java:setRole(184)) - daae7813-f814-475d-9647-a302a5541e36@group-F775CA5912AC: changes role from  FOLLOWER to FOLLOWER at term 188 for recognizeCandidate:a5e79c22-a35f-4e50-b1fd-e91b6a93d74d
2019-10-17 18:51:09,967 [grpc-default-executor-0] INFO  impl.RaftServerImpl (RaftServerImpl.java:setRole(184)) - 1e4e1375-1b66-460f-8c99-4c341545a119@group-F775CA5912AC: changes role from  FOLLOWER to FOLLOWER at term 188 for recognizeCandidate:a5e79c22-a35f-4e50-b1fd-e91b6a93d74d
2019-10-17 18:51:09,967 [grpc-default-executor-0] INFO  impl.RoleInfo (RoleInfo.java:shutdownFollowerState(121)) - 1e4e1375-1b66-460f-8c99-4c341545a119: shutdown FollowerState
2019-10-17 18:51:09,967 [grpc-default-executor-2] INFO  impl.RoleInfo (RoleInfo.java:shutdownFollowerState(121)) - daae7813-f814-475d-9647-a302a5541e36: shutdown FollowerState
2019-10-17 18:51:09,968 [Thread-2828] INFO  impl.FollowerState (FollowerState.java:run(117)) - 1e4e1375-1b66-460f-8c99-4c341545a119@group-F775CA5912AC-FollowerState was interrupted: java.lang.InterruptedException: sleep interrupted
2019-10-17 18:51:09,968 [grpc-default-executor-0] INFO  impl.RoleInfo (RoleInfo.java:updateAndGet(143)) - 1e4e1375-1b66-460f-8c99-4c341545a119: start FollowerState
2019-10-17 18:51:09,968 [Thread-2827] INFO  impl.FollowerState (FollowerState.java:run(117)) - daae7813-f814-475d-9647-a302a5541e36@group-F775CA5912AC-FollowerState was interrupted: java.lang.InterruptedException: sleep interrupted
2019-10-17 18:51:09,968 [grpc-default-executor-2] INFO  impl.RoleInfo (RoleInfo.java:updateAndGet(143)) - daae7813-f814-475d-9647-a302a5541e36: start FollowerState
2019-10-17 18:51:09,977 [a5e79c22-a35f-4e50-b1fd-e91b6a93d74d@group-F775CA5912AC-LeaderElection352] INFO  impl.LeaderElection (LeaderElection.java:logAndReturn(56)) - a5e79c22-a35f-4e50-b1fd-e91b6a93d74d@group-F775CA5912AC-LeaderElection352: Election REJECTED; received 2 response(s) [a5e79c22-a35f-4e50-b1fd-e91b6a93d74d<-daae7813-f814-475d-9647-a302a5541e36#0:FAIL-t188, a5e79c22-a35f-4e50-b1fd-e91b6a93d74d<-1e4e1375-1b66-460f-8c99-4c341545a119#0:FAIL-t188] and 0 exception(s); a5e79c22-a35f-4e50-b1fd-e91b6a93d74d@group-F775CA5912AC:t188, leader=null, voted=a5e79c22-a35f-4e50-b1fd-e91b6a93d74d, raftlog=a5e79c22-a35f-4e50-b1fd-e91b6a93d74d@group-F775CA5912AC-SegmentedRaftLog:OPENED:c-1,f-1,i0, conf=-1: [a5e79c22-a35f-4e50-b1fd-e91b6a93d74d:192.168.157.251:45177, daae7813-f814-475d-9647-a302a5541e36:192.168.157.251:45025, 1e4e1375-1b66-460f-8c99-4c341545a119:192.168.157.251:42113], old=null
2019-10-17 18:51:09,977 [a5e79c22-a35f-4e50-b1fd-e91b6a93d74d@group-F775CA5912AC-LeaderElection352] INFO  impl.RaftServerImpl (RaftServerImpl.java:setRole(184)) - a5e79c22-a35f-4e50-b1fd-e91b6a93d74d@group-F775CA5912AC: changes role from CANDIDATE to FOLLOWER at term 188 for DISCOVERED_A_NEW_TERM
2019-10-17 18:51:09,977 [a5e79c22-a35f-4e50-b1fd-e91b6a93d74d@group-F775CA5912AC-LeaderElection352] INFO  impl.RoleInfo (RoleInfo.java:shutdownLeaderElection(134)) - a5e79c22-a35f-4e50-b1fd-e91b6a93d74d: shutdown LeaderElection
2019-10-17 18:51:09,977 [a5e79c22-a35f-4e50-b1fd-e91b6a93d74d@group-F775CA5912AC-LeaderElection352] INFO  impl.RoleInfo (RoleInfo.java:updateAndGet(143)) - a5e79c22-a35f-4e50-b1fd-e91b6a93d74d: start FollowerState
2019-10-17 18:51:09,994 [Thread-2830] INFO  impl.FollowerState (FollowerState.java:run(108)) - abcd8826-c056-4817-bd0f-7af19a46d814@group-5F52F902B742-FollowerState: change to CANDIDATE, lastRpcTime:144ms, electionTimeout:144ms
2019-10-17 18:51:09,994 [Thread-2830] INFO  impl.RoleInfo (RoleInfo.java:shutdownFollowerState(121)) - abcd8826-c056-4817-bd0f-7af19a46d814: shutdown FollowerState
2019-10-17 18:51:09,994 [Thread-2830] INFO  impl.RaftServerImpl (RaftServerImpl.java:setRole(184)) - abcd8826-c056-4817-bd0f-7af19a46d814@group-5F52F902B742: changes role from  FOLLOWER to CANDIDATE at term 193 for changeToCandidate
2019-10-17 18:51:09,994 [Thread-2830] INFO  impl.RoleInfo (RoleInfo.java:updateAndGet(143)) - abcd8826-c056-4817-bd0f-7af19a46d814: start LeaderElection
2019-10-17 18:51:10,002 [abcd8826-c056-4817-bd0f-7af19a46d814@group-5F52F902B742-LeaderElection353] INFO  impl.LeaderElection (LeaderElection.java:askForVotes(178)) - abcd8826-c056-4817-bd0f-7af19a46d814@group-5F52F902B742-LeaderElection353: begin an election at term 194 for -1: [b8f04e38-0663-4b1f-8efd-f76585c6e86c:192.168.157.251:35700, abcd8826-c056-4817-bd0f-7af19a46d814:192.168.157.251:46496, 73297ffa-40cb-4e3e-b33e-1bc2c1da60f5:192.168.157.251:32952], old=null
2019-10-17 18:51:10,003 [grpc-default-executor-0] INFO  impl.RaftServerImpl (RaftServerImpl.java:setRole(184)) - b8f04e38-0663-4b1f-8efd-f76585c6e86c@group-5F52F902B742: changes role from  FOLLOWER to FOLLOWER at term 194 for recognizeCandidate:abcd8826-c056-4817-bd0f-7af19a46d814
2019-10-17 18:51:10,004 [grpc-default-executor-0] INFO  impl.RoleInfo (RoleInfo.java:shutdownFollowerState(121)) - b8f04e38-0663-4b1f-8efd-f76585c6e86c: shutdown FollowerState
2019-10-17 18:51:10,004 [abcd8826-c056-4817-bd0f-7af19a46d814@group-5F52F902B742-LeaderElection353] INFO  impl.LeaderElection (LeaderElection.java:logAndReturn(56)) - abcd8826-c056-4817-bd0f-7af19a46d814@group-5F52F902B742-LeaderElection353: Election TIMEOUT; received 0 response(s) [] and 0 exception(s); abcd8826-c056-4817-bd0f-7af19a46d814@group-5F52F902B742:t194, leader=null, voted=abcd8826-c056-4817-bd0f-7af19a46d814, raftlog=abcd8826-c056-4817-bd0f-7af19a46d814@group-5F52F902B742-SegmentedRaftLog:OPENED:c-1,f-1,i0, conf=-1: [b8f04e38-0663-4b1f-8efd-f76585c6e86c:192.168.157.251:35700, abcd8826-c056-4817-bd0f-7af19a46d814:192.168.157.251:46496, 73297ffa-40cb-4e3e-b33e-1bc2c1da60f5:192.168.157.251:32952], old=null
2019-10-17 18:51:10,004 [Thread-2826] INFO  impl.FollowerState (FollowerState.java:run(117)) - b8f04e38-0663-4b1f-8efd-f76585c6e86c@group-5F52F902B742-FollowerState was interrupted: java.lang.InterruptedException: sleep interrupted
2019-10-17 18:51:10,004 [grpc-default-executor-0] INFO  impl.RoleInfo (RoleInfo.java:updateAndGet(143)) - b8f04e38-0663-4b1f-8efd-f76585c6e86c: start FollowerState
2019-10-17 18:51:10,004 [grpc-default-executor-2] INFO  impl.RaftServerImpl (RaftServerImpl.java:setRole(184)) - 73297ffa-40cb-4e3e-b33e-1bc2c1da60f5@group-5F52F902B742: changes role from  FOLLOWER to FOLLOWER at term 194 for recognizeCandidate:abcd8826-c056-4817-bd0f-7af19a46d814
2019-10-17 18:51:10,004 [grpc-default-executor-2] INFO  impl.RoleInfo (RoleInfo.java:shutdownFollowerState(121)) - 73297ffa-40cb-4e3e-b33e-1bc2c1da60f5: shutdown FollowerState
2019-10-17 18:51:10,004 [grpc-default-executor-2] INFO  impl.RoleInfo (RoleInfo.java:updateAndGet(143)) - 73297ffa-40cb-4e3e-b33e-1bc2c1da60f5: start FollowerState
2019-10-17 18:51:10,004 [Thread-2829] INFO  impl.FollowerState (FollowerState.java:run(117)) - 73297ffa-40cb-4e3e-b33e-1bc2c1da60f5@group-5F52F902B742-FollowerState was interrupted: java.lang.InterruptedException: sleep interrupted
2019-10-17 18:51:10,009 [abcd8826-c056-4817-bd0f-7af19a46d814@group-5F52F902B742-LeaderElection353] INFO  impl.LeaderElection (LeaderElection.java:askForVotes(178)) - abcd8826-c056-4817-bd0f-7af19a46d814@group-5F52F902B742-LeaderElection353: begin an election at term 195 for -1: [b8f04e38-0663-4b1f-8efd-f76585c6e86c:192.168.157.251:35700, abcd8826-c056-4817-bd0f-7af19a46d814:192.168.157.251:46496, 73297ffa-40cb-4e3e-b33e-1bc2c1da60f5:192.168.157.251:32952], old=null
2019-10-17 18:51:10,010 [grpc-default-executor-0] INFO  impl.RaftServerImpl (RaftServerImpl.java:setRole(184)) - b8f04e38-0663-4b1f-8efd-f76585c6e86c@group-5F52F902B742: changes role from  FOLLOWER to FOLLOWER at term 195 for recognizeCandidate:abcd8826-c056-4817-bd0f-7af19a46d814
2019-10-17 18:51:10,010 [grpc-default-executor-0] INFO  impl.RoleInfo (RoleInfo.java:shutdownFollowerState(121)) - b8f04e38-0663-4b1f-8efd-f76585c6e86c: shutdown FollowerState
2019-10-17 18:51:10,010 [Thread-2841] INFO  impl.FollowerState (FollowerState.java:run(117)) - b8f04e38-0663-4b1f-8efd-f76585c6e86c@group-5F52F902B742-FollowerState was interrupted: java.lang.InterruptedException: sleep interrupted
2019-10-17 18:51:10,010 [grpc-default-executor-0] INFO  impl.RoleInfo (RoleInfo.java:updateAndGet(143)) - b8f04e38-0663-4b1f-8efd-f76585c6e86c: start FollowerState
2019-10-17 18:51:10,010 [grpc-default-executor-2] INFO  impl.RaftServerImpl (RaftServerImpl.java:setRole(184)) - 73297ffa-40cb-4e3e-b33e-1bc2c1da60f5@group-5F52F902B742: changes role from  FOLLOWER to FOLLOWER at term 195 for recognizeCandidate:abcd8826-c056-4817-bd0f-7af19a46d814
2019-10-17 18:51:10,011 [grpc-default-executor-2] INFO  impl.RoleInfo (RoleInfo.java:shutdownFollowerState(121)) - 73297ffa-40cb-4e3e-b33e-1bc2c1da60f5: shutdown FollowerState
2019-10-17 18:51:10,011 [grpc-default-executor-2] INFO  impl.RoleInfo (RoleInfo.java:updateAndGet(143)) - 73297ffa-40cb-4e3e-b33e-1bc2c1da60f5: start FollowerState
2019-10-17 18:51:10,011 [Thread-2842] INFO  impl.FollowerState (FollowerState.java:run(117)) - 73297ffa-40cb-4e3e-b33e-1bc2c1da60f5@group-5F52F902B742-FollowerState was interrupted: java.lang.InterruptedException: sleep interrupted
2019-10-17 18:51:10,019 [abcd8826-c056-4817-bd0f-7af19a46d814@group-5F52F902B742-LeaderElection353] INFO  impl.LeaderElection (LeaderElection.java:logAndReturn(56)) - abcd8826-c056-4817-bd0f-7af19a46d814@group-5F52F902B742-LeaderElection353: Election REJECTED; received 2 response(s) [abcd8826-c056-4817-bd0f-7af19a46d814<-b8f04e38-0663-4b1f-8efd-f76585c6e86c#0:FAIL-t195, abcd8826-c056-4817-bd0f-7af19a46d814<-73297ffa-40cb-4e3e-b33e-1bc2c1da60f5#0:FAIL-t195] and 0 exception(s); abcd8826-c056-4817-bd0f-7af19a46d814@group-5F52F902B742:t195, leader=null, voted=abcd8826-c056-4817-bd0f-7af19a46d814, raftlog=abcd8826-c056-4817-bd0f-7af19a46d814@group-5F52F902B742-SegmentedRaftLog:OPENED:c-1,f-1,i0, conf=-1: [b8f04e38-0663-4b1f-8efd-f76585c6e86c:192.168.157.251:35700, abcd8826-c056-4817-bd0f-7af19a46d814:192.168.157.251:46496, 73297ffa-40cb-4e3e-b33e-1bc2c1da60f5:192.168.157.251:32952], old=null
2019-10-17 18:51:10,019 [abcd8826-c056-4817-bd0f-7af19a46d814@group-5F52F902B742-LeaderElection353] INFO  impl.RaftServerImpl (RaftServerImpl.java:setRole(184)) - abcd8826-c056-4817-bd0f-7af19a46d814@group-5F52F902B742: changes role from CANDIDATE to FOLLOWER at term 195 for DISCOVERED_A_NEW_TERM
2019-10-17 18:51:10,019 [abcd8826-c056-4817-bd0f-7af19a46d814@group-5F52F902B742-LeaderElection353] INFO  impl.RoleInfo (RoleInfo.java:shutdownLeaderElection(134)) - abcd8826-c056-4817-bd0f-7af19a46d814: shutdown LeaderElection
2019-10-17 18:51:10,019 [abcd8826-c056-4817-bd0f-7af19a46d814@group-5F52F902B742-LeaderElection353] INFO  impl.RoleInfo (RoleInfo.java:updateAndGet(143)) - abcd8826-c056-4817-bd0f-7af19a46d814: start FollowerState
2019-10-17 18:51:10,029 [Thread-2837] INFO  impl.FollowerState (FollowerState.java:run(108)) - a5e79c22-a35f-4e50-b1fd-e91b6a93d74d@group-F775CA5912AC-FollowerState: change to CANDIDATE, lastRpcTime:51ms, electionTimeout:51ms
2019-10-17 18:51:10,029 [Thread-2837] INFO  impl.RoleInfo (RoleInfo.java:shutdownFollowerState(121)) - a5e79c22-a35f-4e50-b1fd-e91b6a93d74d: shutdown FollowerState
2019-10-17 18:51:10,029 [Thread-2837] INFO  impl.RaftServerImpl (RaftServerImpl.java:setRole(184)) - a5e79c22-a35f-4e50-b1fd-e91b6a93d74d@group-F775CA5912AC: changes role from  FOLLOWER to CANDIDATE at term 188 for changeToCandidate
2019-10-17 18:51:10,029 [Thread-2837] INFO  impl.RoleInfo (RoleInfo.java:updateAndGet(143)) - a5e79c22-a35f-4e50-b1fd-e91b6a93d74d: start LeaderElection
2019-10-17 18:51:10,040 [Thread-2847] INFO  impl.FollowerState (FollowerState.java:run(108)) - abcd8826-c056-4817-bd0f-7af19a46d814@group-5F52F902B742-FollowerState: change to CANDIDATE, lastRpcTime:21ms, electionTimeout:21ms
2019-10-17 18:51:10,040 [Thread-2847] INFO  impl.RoleInfo (RoleInfo.java:shutdownFollowerState(121)) - abcd8826-c056-4817-bd0f-7af19a46d814: shutdown FollowerState
2019-10-17 18:51:10,041 [Thread-2847] INFO  impl.RaftServerImpl (RaftServerImpl.java:setRole(184)) - abcd8826-c056-4817-bd0f-7af19a46d814@group-5F52F902B742: changes role from  FOLLOWER to CANDIDATE at term 195 for changeToCandidate
2019-10-17 18:51:10,041 [Thread-2847] INFO  impl.RoleInfo (RoleInfo.java:updateAndGet(143)) - abcd8826-c056-4817-bd0f-7af19a46d814: start LeaderElection
2019-10-17 18:51:10,046 [a5e79c22-a35f-4e50-b1fd-e91b6a93d74d@group-F775CA5912AC-LeaderElection354] INFO  impl.LeaderElection (LeaderElection.java:askForVotes(178)) - a5e79c22-a35f-4e50-b1fd-e91b6a93d74d@group-F775CA5912AC-LeaderElection354: begin an election at term 189 for -1: [a5e79c22-a35f-4e50-b1fd-e91b6a93d74d:192.168.157.251:45177, daae7813-f814-475d-9647-a302a5541e36:192.168.157.251:45025, 1e4e1375-1b66-460f-8c99-4c341545a119:192.168.157.251:42113], old=null
2019-10-17 18:51:10,046 [abcd8826-c056-4817-bd0f-7af19a46d814@group-5F52F902B742-LeaderElection355] INFO  impl.LeaderElection (LeaderElection.java:askForVotes(178)) - abcd8826-c056-4817-bd0f-7af19a46d814@group-5F52F902B742-LeaderElection355: begin an election at term 196 for -1: [b8f04e38-0663-4b1f-8efd-f76585c6e86c:192.168.157.251:35700, abcd8826-c056-4817-bd0f-7af19a46d814:192.168.157.251:46496, 73297ffa-40cb-4e3e-b33e-1bc2c1da60f5:192.168.157.251:32952], old=null
2019-10-17 18:51:10,048 [grpc-default-executor-0] INFO  impl.RaftServerImpl (RaftServerImpl.java:setRole(184)) - 73297ffa-40cb-4e3e-b33e-1bc2c1da60f5@group-5F52F902B742: changes role from  FOLLOWER to FOLLOWER at term 196 for recognizeCandidate:abcd8826-c056-4817-bd0f-7af19a46d814
2019-10-17 18:51:10,048 [grpc-default-executor-2] INFO  impl.RaftServerImpl (RaftServerImpl.java:setRole(184)) - daae7813-f814-475d-9647-a302a5541e36@group-F775CA5912AC: changes role from  FOLLOWER to FOLLOWER at term 189 for recognizeCandidate:a5e79c22-a35f-4e50-b1fd-e91b6a93d74d
2019-10-17 18:51:10,048 [grpc-default-executor-2] INFO  impl.RoleInfo (RoleInfo.java:shutdownFollowerState(121)) - daae7813-f814-475d-9647-a302a5541e36: shutdown FollowerState
2019-10-17 18:51:10,048 [grpc-default-executor-0] INFO  impl.RoleInfo (RoleInfo.java:shutdownFollowerState(121)) - 73297ffa-40cb-4e3e-b33e-1bc2c1da60f5: shutdown FollowerState
2019-10-17 18:51:10,048 [grpc-default-executor-2] INFO  impl.RoleInfo (RoleInfo.java:updateAndGet(143)) - daae7813-f814-475d-9647-a302a5541e36: start FollowerState
2019-10-17 18:51:10,048 [Thread-2836] INFO  impl.FollowerState (FollowerState.java:run(117)) - daae7813-f814-475d-9647-a302a5541e36@group-F775CA5912AC-FollowerState was interrupted: java.lang.InterruptedException: sleep interrupted
2019-10-17 18:51:10,048 [Thread-2846] INFO  impl.FollowerState (FollowerState.java:run(117)) - 73297ffa-40cb-4e3e-b33e-1bc2c1da60f5@group-5F52F902B742-FollowerState was interrupted: java.lang.InterruptedException: sleep interrupted
2019-10-17 18:51:10,048 [grpc-default-executor-0] INFO  impl.RoleInfo (RoleInfo.java:updateAndGet(143)) - 73297ffa-40cb-4e3e-b33e-1bc2c1da60f5: start FollowerState
2019-10-17 18:51:10,048 [grpc-default-executor-5] INFO  impl.RaftServerImpl (RaftServerImpl.java:setRole(184)) - 1e4e1375-1b66-460f-8c99-4c341545a119@group-F775CA5912AC: changes role from  FOLLOWER to FOLLOWER at term 189 for recognizeCandidate:a5e79c22-a35f-4e50-b1fd-e91b6a93d74d
2019-10-17 18:51:10,049 [grpc-default-executor-6] INFO  impl.RaftServerImpl (RaftServerImpl.java:setRole(184)) - b8f04e38-0663-4b1f-8efd-f76585c6e86c@group-5F52F902B742: changes role from  FOLLOWER to FOLLOWER at term 196 for recognizeCandidate:abcd8826-c056-4817-bd0f-7af19a46d814
2019-10-17 18:51:10,049 [grpc-default-executor-6] INFO  impl.RoleInfo (RoleInfo.java:shutdownFollowerState(121)) - b8f04e38-0663-4b1f-8efd-f76585c6e86c: shutdown FollowerState
2019-10-17 18:51:10,049 [grpc-default-executor-5] INFO  impl.RoleInfo (RoleInfo.java:shutdownFollowerState(121)) - 1e4e1375-1b66-460f-8c99-4c341545a119: shutdown FollowerState
2019-10-17 18:51:10,049 [grpc-default-executor-5] INFO  impl.RoleInfo (RoleInfo.java:updateAndGet(143)) - 1e4e1375-1b66-460f-8c99-4c341545a119: start FollowerState
2019-10-17 18:51:10,049 [Thread-2845] INFO  impl.FollowerState (FollowerState.java:run(117)) - b8f04e38-0663-4b1f-8efd-f76585c6e86c@group-5F52F902B742-FollowerState was interrupted: java.lang.InterruptedException: sleep interrupted
2019-10-17 18:51:10,049 [grpc-default-executor-6] INFO  impl.RoleInfo (RoleInfo.java:updateAndGet(143)) - b8f04e38-0663-4b1f-8efd-f76585c6e86c: start FollowerState
2019-10-17 18:51:10,049 [Thread-2835] INFO  impl.FollowerState (FollowerState.java:run(117)) - 1e4e1375-1b66-460f-8c99-4c341545a119@group-F775CA5912AC-FollowerState was interrupted: java.lang.InterruptedException: sleep interrupted
2019-10-17 18:51:10,058 [abcd8826-c056-4817-bd0f-7af19a46d814@group-5F52F902B742-LeaderElection355] INFO  impl.LeaderElection (LeaderElection.java:logAndReturn(56)) - abcd8826-c056-4817-bd0f-7af19a46d814@group-5F52F902B742-LeaderElection355: Election REJECTED; received 2 response(s) [abcd8826-c056-4817-bd0f-7af19a46d814<-b8f04e38-0663-4b1f-8efd-f76585c6e86c#0:FAIL-t196, abcd8826-c056-4817-bd0f-7af19a46d814<-73297ffa-40cb-4e3e-b33e-1bc2c1da60f5#0:FAIL-t196] and 0 exception(s); abcd8826-c056-4817-bd0f-7af19a46d814@group-5F52F902B742:t196, leader=null, voted=abcd8826-c056-4817-bd0f-7af19a46d814, raftlog=abcd8826-c056-4817-bd0f-7af19a46d814@group-5F52F902B742-SegmentedRaftLog:OPENED:c-1,f-1,i0, conf=-1: [b8f04e38-0663-4b1f-8efd-f76585c6e86c:192.168.157.251:35700, abcd8826-c056-4817-bd0f-7af19a46d814:192.168.157.251:46496, 73297ffa-40cb-4e3e-b33e-1bc2c1da60f5:192.168.157.251:32952], old=null
2019-10-17 18:51:10,058 [a5e79c22-a35f-4e50-b1fd-e91b6a93d74d@group-F775CA5912AC-LeaderElection354] INFO  impl.LeaderElection (LeaderElection.java:logAndReturn(56)) - a5e79c22-a35f-4e50-b1fd-e91b6a93d74d@group-F775CA5912AC-LeaderElection354: Election REJECTED; received 2 response(s) [a5e79c22-a35f-4e50-b1fd-e91b6a93d74d<-daae7813-f814-475d-9647-a302a5541e36#0:FAIL-t189, a5e79c22-a35f-4e50-b1fd-e91b6a93d74d<-1e4e1375-1b66-460f-8c99-4c341545a119#0:FAIL-t189] and 0 exception(s); a5e79c22-a35f-4e50-b1fd-e91b6a93d74d@group-F775CA5912AC:t189, leader=null, voted=a5e79c22-a35f-4e50-b1fd-e91b6a93d74d, raftlog=a5e79c22-a35f-4e50-b1fd-e91b6a93d74d@group-F775CA5912AC-SegmentedRaftLog:OPENED:c-1,f-1,i0, conf=-1: [a5e79c22-a35f-4e50-b1fd-e91b6a93d74d:192.168.157.251:45177, daae7813-f814-475d-9647-a302a5541e36:192.168.157.251:45025, 1e4e1375-1b66-460f-8c99-4c341545a119:192.168.157.251:42113], old=null
2019-10-17 18:51:10,058 [abcd8826-c056-4817-bd0f-7af19a46d814@group-5F52F902B742-LeaderElection355] INFO  impl.RaftServerImpl (RaftServerImpl.java:setRole(184)) - abcd8826-c056-4817-bd0f-7af19a46d814@group-5F52F902B742: changes role from CANDIDATE to FOLLOWER at term 196 for DISCOVERED_A_NEW_TERM
2019-10-17 18:51:10,059 [a5e79c22-a35f-4e50-b1fd-e91b6a93d74d@group-F775CA5912AC-LeaderElection354] INFO  impl.RaftServerImpl (RaftServerImpl.java:setRole(184)) - a5e79c22-a35f-4e50-b1fd-e91b6a93d74d@group-F775CA5912AC: changes role from CANDIDATE to FOLLOWER at term 189 for DISCOVERED_A_NEW_TERM
2019-10-17 18:51:10,059 [a5e79c22-a35f-4e50-b1fd-e91b6a93d74d@group-F775CA5912AC-LeaderElection354] INFO  impl.RoleInfo (RoleInfo.java:shutdownLeaderElection(134)) - a5e79c22-a35f-4e50-b1fd-e91b6a93d74d: shutdown LeaderElection
2019-10-17 18:51:10,059 [abcd8826-c056-4817-bd0f-7af19a46d814@group-5F52F902B742-LeaderElection355] INFO  impl.RoleInfo (RoleInfo.java:shutdownLeaderElection(134)) - abcd8826-c056-4817-bd0f-7af19a46d814: shutdown LeaderElection
2019-10-17 18:51:10,059 [a5e79c22-a35f-4e50-b1fd-e91b6a93d74d@group-F775CA5912AC-LeaderElection354] INFO  impl.RoleInfo (RoleInfo.java:updateAndGet(143)) - a5e79c22-a35f-4e50-b1fd-e91b6a93d74d: start FollowerState
2019-10-17 18:51:10,059 [abcd8826-c056-4817-bd0f-7af19a46d814@group-5F52F902B742-LeaderElection355] INFO  impl.RoleInfo (RoleInfo.java:updateAndGet(143)) - abcd8826-c056-4817-bd0f-7af19a46d814: start FollowerState
2019-10-17 18:51:10,123 [Thread-2859] INFO  impl.FollowerState (FollowerState.java:run(108)) - abcd8826-c056-4817-bd0f-7af19a46d814@group-5F52F902B742-FollowerState: change to CANDIDATE, lastRpcTime:64ms, electionTimeout:64ms
2019-10-17 18:51:10,124 [Thread-2859] INFO  impl.RoleInfo (RoleInfo.java:shutdownFollowerState(121)) - abcd8826-c056-4817-bd0f-7af19a46d814: shutdown FollowerState
2019-10-17 18:51:10,124 [Thread-2859] INFO  impl.RaftServerImpl (RaftServerImpl.java:setRole(184)) - abcd8826-c056-4817-bd0f-7af19a46d814@group-5F52F902B742: changes role from  FOLLOWER to CANDIDATE at term 196 for changeToCandidate
2019-10-17 18:51:10,124 [Thread-2859] INFO  impl.RoleInfo (RoleInfo.java:updateAndGet(143)) - abcd8826-c056-4817-bd0f-7af19a46d814: start LeaderElection
2019-10-17 18:51:10,149 [abcd8826-c056-4817-bd0f-7af19a46d814@group-5F52F902B742-LeaderElection356] INFO  impl.LeaderElection (LeaderElection.java:askForVotes(178)) - abcd8826-c056-4817-bd0f-7af19a46d814@group-5F52F902B742-LeaderElection356: begin an election at term 197 for -1: [b8f04e38-0663-4b1f-8efd-f76585c6e86c:192.168.157.251:35700, abcd8826-c056-4817-bd0f-7af19a46d814:192.168.157.251:46496, 73297ffa-40cb-4e3e-b33e-1bc2c1da60f5:192.168.157.251:32952], old=null
2019-10-17 18:51:10,151 [grpc-default-executor-6] INFO  impl.RaftServerImpl (RaftServerImpl.java:setRole(184)) - 73297ffa-40cb-4e3e-b33e-1bc2c1da60f5@group-5F52F902B742: changes role from  FOLLOWER to FOLLOWER at term 197 for recognizeCandidate:abcd8826-c056-4817-bd0f-7af19a46d814
2019-10-17 18:51:10,151 [grpc-default-executor-6] INFO  impl.RoleInfo (RoleInfo.java:shutdownFollowerState(121)) - 73297ffa-40cb-4e3e-b33e-1bc2c1da60f5: shutdown FollowerState
2019-10-17 18:51:10,151 [grpc-default-executor-2] INFO  impl.RaftServerImpl (RaftServerImpl.java:setRole(184)) - b8f04e38-0663-4b1f-8efd-f76585c6e86c@group-5F52F902B742: changes role from  FOLLOWER to FOLLOWER at term 197 for recognizeCandidate:abcd8826-c056-4817-bd0f-7af19a46d814
2019-10-17 18:51:10,152 [Thread-2855] INFO  impl.FollowerState (FollowerState.java:run(117)) - 73297ffa-40cb-4e3e-b33e-1bc2c1da60f5@group-5F52F902B742-FollowerState was interrupted: java.lang.InterruptedException: sleep interrupted
2019-10-17 18:51:10,152 [grpc-default-executor-6] INFO  impl.RoleInfo (RoleInfo.java:updateAndGet(143)) - 73297ffa-40cb-4e3e-b33e-1bc2c1da60f5: start FollowerState
2019-10-17 18:51:10,152 [grpc-default-executor-2] INFO  impl.RoleInfo (RoleInfo.java:shutdownFollowerState(121)) - b8f04e38-0663-4b1f-8efd-f76585c6e86c: shutdown FollowerState
2019-10-17 18:51:10,152 [grpc-default-executor-2] INFO  impl.RoleInfo (RoleInfo.java:updateAndGet(143)) - b8f04e38-0663-4b1f-8efd-f76585c6e86c: start FollowerState
2019-10-17 18:51:10,152 [Thread-2858] INFO  impl.FollowerState (FollowerState.java:run(108)) - a5e79c22-a35f-4e50-b1fd-e91b6a93d74d@group-F775CA5912AC-FollowerState: change to CANDIDATE, lastRpcTime:93ms, electionTimeout:93ms
2019-10-17 18:51:10,152 [Thread-2856] INFO  impl.FollowerState (FollowerState.java:run(117)) - b8f04e38-0663-4b1f-8efd-f76585c6e86c@group-5F52F902B742-FollowerState was interrupted: java.lang.InterruptedException: sleep interrupted
2019-10-17 18:51:10,152 [Thread-2858] INFO  impl.RoleInfo (RoleInfo.java:shutdownFollowerState(121)) - a5e79c22-a35f-4e50-b1fd-e91b6a93d74d: shutdown FollowerState
2019-10-17 18:51:10,153 [Thread-2858] INFO  impl.RaftServerImpl (RaftServerImpl.java:setRole(184)) - a5e79c22-a35f-4e50-b1fd-e91b6a93d74d@group-F775CA5912AC: changes role from  FOLLOWER to CANDIDATE at term 189 for changeToCandidate
2019-10-17 18:51:10,153 [Thread-2858] INFO  impl.RoleInfo (RoleInfo.java:updateAndGet(143)) - a5e79c22-a35f-4e50-b1fd-e91b6a93d74d: start LeaderElection
2019-10-17 18:51:10,160 [a5e79c22-a35f-4e50-b1fd-e91b6a93d74d@group-F775CA5912AC-LeaderElection357] INFO  impl.LeaderElection (LeaderElection.java:askForVotes(178)) - a5e79c22-a35f-4e50-b1fd-e91b6a93d74d@group-F775CA5912AC-LeaderElection357: begin an election at term 190 for -1: [a5e79c22-a35f-4e50-b1fd-e91b6a93d74d:192.168.157.251:45177, daae7813-f814-475d-9647-a302a5541e36:192.168.157.251:45025, 1e4e1375-1b66-460f-8c99-4c341545a119:192.168.157.251:42113], old=null
2019-10-17 18:51:10,161 [abcd8826-c056-4817-bd0f-7af19a46d814@group-5F52F902B742-LeaderElection356] INFO  impl.LeaderElection (LeaderElection.java:logAndReturn(56)) - abcd8826-c056-4817-bd0f-7af19a46d814@group-5F52F902B742-LeaderElection356: Election REJECTED; received 2 response(s) [abcd8826-c056-4817-bd0f-7af19a46d814<-b8f04e38-0663-4b1f-8efd-f76585c6e86c#0:FAIL-t197, abcd8826-c056-4817-bd0f-7af19a46d814<-73297ffa-40cb-4e3e-b33e-1bc2c1da60f5#0:FAIL-t197] and 0 exception(s); abcd8826-c056-4817-bd0f-7af19a46d814@group-5F52F902B742:t197, leader=null, voted=abcd8826-c056-4817-bd0f-7af19a46d814, raftlog=abcd8826-c056-4817-bd0f-7af19a46d814@group-5F52F902B742-SegmentedRaftLog:OPENED:c-1,f-1,i0, conf=-1: [b8f04e38-0663-4b1f-8efd-f76585c6e86c:192.168.157.251:35700, abcd8826-c056-4817-bd0f-7af19a46d814:192.168.157.251:46496, 73297ffa-40cb-4e3e-b33e-1bc2c1da60f5:192.168.157.251:32952], old=null
2019-10-17 18:51:10,161 [abcd8826-c056-4817-bd0f-7af19a46d814@group-5F52F902B742-LeaderElection356] INFO  impl.RaftServerImpl (RaftServerImpl.java:setRole(184)) - abcd8826-c056-4817-bd0f-7af19a46d814@group-5F52F902B742: changes role from CANDIDATE to FOLLOWER at term 197 for DISCOVERED_A_NEW_TERM
2019-10-17 18:51:10,161 [abcd8826-c056-4817-bd0f-7af19a46d814@group-5F52F902B742-LeaderElection356] INFO  impl.RoleInfo (RoleInfo.java:shutdownLeaderElection(134)) - abcd8826-c056-4817-bd0f-7af19a46d814: shutdown LeaderElection
2019-10-17 18:51:10,161 [abcd8826-c056-4817-bd0f-7af19a46d814@group-5F52F902B742-LeaderElection356] INFO  impl.RoleInfo (RoleInfo.java:updateAndGet(143)) - abcd8826-c056-4817-bd0f-7af19a46d814: start FollowerState
2019-10-17 18:51:10,161 [grpc-default-executor-6] INFO  impl.RaftServerImpl (RaftServerImpl.java:setRole(184)) - 1e4e1375-1b66-460f-8c99-4c341545a119@group-F775CA5912AC: changes role from  FOLLOWER to FOLLOWER at term 190 for recognizeCandidate:a5e79c22-a35f-4e50-b1fd-e91b6a93d74d
2019-10-17 18:51:10,161 [grpc-default-executor-6] INFO  impl.RoleInfo (RoleInfo.java:shutdownFollowerState(121)) - 1e4e1375-1b66-460f-8c99-4c341545a119: shutdown FollowerState
2019-10-17 18:51:10,161 [grpc-default-executor-2] INFO  impl.RaftServerImpl (RaftServerImpl.java:setRole(184)) - daae7813-f814-475d-9647-a302a5541e36@group-F775CA5912AC: changes role from  FOLLOWER to FOLLOWER at term 190 for recognizeCandidate:a5e79c22-a35f-4e50-b1fd-e91b6a93d74d
2019-10-17 18:51:10,162 [Thread-2857] INFO  impl.FollowerState (FollowerState.java:run(117)) - 1e4e1375-1b66-460f-8c99-4c341545a119@group-F775CA5912AC-FollowerState was interrupted: java.lang.InterruptedException: sleep interrupted
2019-10-17 18:51:10,162 [grpc-default-executor-6] INFO  impl.RoleInfo (RoleInfo.java:updateAndGet(143)) - 1e4e1375-1b66-460f-8c99-4c341545a119: start FollowerState
2019-10-17 18:51:10,162 [grpc-default-executor-2] INFO  impl.RoleInfo (RoleInfo.java:shutdownFollowerState(121)) - daae7813-f814-475d-9647-a302a5541e36: shutdown FollowerState
2019-10-17 18:51:10,162 [grpc-default-executor-2] INFO  impl.RoleInfo (RoleInfo.java:updateAndGet(143)) - daae7813-f814-475d-9647-a302a5541e36: start FollowerState
2019-10-17 18:51:10,162 [Thread-2854] INFO  impl.FollowerState (FollowerState.java:run(117)) - daae7813-f814-475d-9647-a302a5541e36@group-F775CA5912AC-FollowerState was interrupted: java.lang.InterruptedException: sleep interrupted
2019-10-17 18:51:10,168 [a5e79c22-a35f-4e50-b1fd-e91b6a93d74d@group-F775CA5912AC-LeaderElection357] INFO  impl.LeaderElection (LeaderElection.java:logAndReturn(56)) - a5e79c22-a35f-4e50-b1fd-e91b6a93d74d@group-F775CA5912AC-LeaderElection357: Election REJECTED; received 2 response(s) [a5e79c22-a35f-4e50-b1fd-e91b6a93d74d<-daae7813-f814-475d-9647-a302a5541e36#0:FAIL-t190, a5e79c22-a35f-4e50-b1fd-e91b6a93d74d<-1e4e1375-1b66-460f-8c99-4c341545a119#0:FAIL-t190] and 0 exception(s); a5e79c22-a35f-4e50-b1fd-e91b6a93d74d@group-F775CA5912AC:t190, leader=null, voted=a5e79c22-a35f-4e50-b1fd-e91b6a93d74d, raftlog=a5e79c22-a35f-4e50-b1fd-e91b6a93d74d@group-F775CA5912AC-SegmentedRaftLog:OPENED:c-1,f-1,i0, conf=-1: [a5e79c22-a35f-4e50-b1fd-e91b6a93d74d:192.168.157.251:45177, daae7813-f814-475d-9647-a302a5541e36:192.168.157.251:45025, 1e4e1375-1b66-460f-8c99-4c341545a119:192.168.157.251:42113], old=null
2019-10-17 18:51:10,168 [a5e79c22-a35f-4e50-b1fd-e91b6a93d74d@group-F775CA5912AC-LeaderElection357] INFO  impl.RaftServerImpl (RaftServerImpl.java:setRole(184)) - a5e79c22-a35f-4e50-b1fd-e91b6a93d74d@group-F775CA5912AC: changes role from CANDIDATE to FOLLOWER at term 190 for DISCOVERED_A_NEW_TERM
2019-10-17 18:51:10,169 [a5e79c22-a35f-4e50-b1fd-e91b6a93d74d@group-F775CA5912AC-LeaderElection357] INFO  impl.RoleInfo (RoleInfo.java:shutdownLeaderElection(134)) - a5e79c22-a35f-4e50-b1fd-e91b6a93d74d: shutdown LeaderElection
2019-10-17 18:51:10,169 [a5e79c22-a35f-4e50-b1fd-e91b6a93d74d@group-F775CA5912AC-LeaderElection357] INFO  impl.RoleInfo (RoleInfo.java:updateAndGet(143)) - a5e79c22-a35f-4e50-b1fd-e91b6a93d74d: start FollowerState
2019-10-17 18:51:10,202 [ForkJoinPool.commonPool-worker-0] INFO  ozoneimpl.OzoneContainer (OzoneContainer.java:stop(227)) - Attempting to stop container services.
2019-10-17 18:51:10,202 [main] INFO  ozoneimpl.OzoneContainer (OzoneContainer.java:stop(227)) - Attempting to stop container services.
2019-10-17 18:51:10,203 [ForkJoinPool.commonPool-worker-0] INFO  impl.RaftServerProxy (RaftServerProxy.java:lambda$close$4(314)) - 1e4e1375-1b66-460f-8c99-4c341545a119: close
2019-10-17 18:51:10,203 [main] INFO  impl.RaftServerProxy (RaftServerProxy.java:lambda$close$4(314)) - abcd8826-c056-4817-bd0f-7af19a46d814: close
2019-10-17 18:51:10,204 [ForkJoinPool.commonPool-worker-0] INFO  impl.RaftServerImpl (RaftServerImpl.java:lambda$shutdown$3(261)) - 1e4e1375-1b66-460f-8c99-4c341545a119@group-F775CA5912AC: shutdown
2019-10-17 18:51:10,204 [main] INFO  impl.RaftServerImpl (RaftServerImpl.java:lambda$shutdown$3(261)) - abcd8826-c056-4817-bd0f-7af19a46d814@group-5F52F902B742: shutdown
2019-10-17 18:51:10,204 [ForkJoinPool.commonPool-worker-0] INFO  util.JmxRegister (JmxRegister.java:unregister(73)) - Successfully un-registered JMX Bean with object name Ratis:service=RaftServer,group=group-F775CA5912AC,id=1e4e1375-1b66-460f-8c99-4c341545a119
2019-10-17 18:51:10,205 [main] INFO  util.JmxRegister (JmxRegister.java:unregister(73)) - Successfully un-registered JMX Bean with object name Ratis:service=RaftServer,group=group-5F52F902B742,id=abcd8826-c056-4817-bd0f-7af19a46d814
2019-10-17 18:51:10,205 [ForkJoinPool.commonPool-worker-0] INFO  impl.RoleInfo (RoleInfo.java:shutdownFollowerState(121)) - 1e4e1375-1b66-460f-8c99-4c341545a119: shutdown FollowerState
2019-10-17 18:51:10,205 [main] INFO  impl.RoleInfo (RoleInfo.java:shutdownFollowerState(121)) - abcd8826-c056-4817-bd0f-7af19a46d814: shutdown FollowerState
2019-10-17 18:51:10,205 [Thread-2869] INFO  impl.FollowerState (FollowerState.java:run(117)) - 1e4e1375-1b66-460f-8c99-4c341545a119@group-F775CA5912AC-FollowerState was interrupted: java.lang.InterruptedException: sleep interrupted
2019-10-17 18:51:10,205 [ForkJoinPool.commonPool-worker-0] INFO  impl.StateMachineUpdater (StateMachineUpdater.java:stopAndJoin(136)) - 1e4e1375-1b66-460f-8c99-4c341545a119@group-F775CA5912AC-StateMachineUpdater: set stopIndex = -1
2019-10-17 18:51:10,205 [main] INFO  impl.StateMachineUpdater (StateMachineUpdater.java:stopAndJoin(136)) - abcd8826-c056-4817-bd0f-7af19a46d814@group-5F52F902B742-StateMachineUpdater: set stopIndex = -1
2019-10-17 18:51:10,209 [main] INFO  impl.RaftServerImpl (ServerState.java:close(388)) - abcd8826-c056-4817-bd0f-7af19a46d814@group-5F52F902B742: closes. applyIndex: -1
2019-10-17 18:51:10,208 [Thread-2868] INFO  impl.FollowerState (FollowerState.java:run(117)) - abcd8826-c056-4817-bd0f-7af19a46d814@group-5F52F902B742-FollowerState was interrupted: java.lang.InterruptedException: sleep interrupted
2019-10-17 18:51:10,209 [ForkJoinPool.commonPool-worker-0] INFO  impl.RaftServerImpl (ServerState.java:close(388)) - 1e4e1375-1b66-460f-8c99-4c341545a119@group-F775CA5912AC: closes. applyIndex: -1
2019-10-17 18:51:10,210 [1e4e1375-1b66-460f-8c99-4c341545a119@group-F775CA5912AC-SegmentedRaftLogWorker] INFO  segmented.SegmentedRaftLogWorker (SegmentedRaftLogWorker.java:run(316)) - 1e4e1375-1b66-460f-8c99-4c341545a119@group-F775CA5912AC-SegmentedRaftLogWorker was interrupted, exiting. There are 0 tasks remaining in the queue.
2019-10-17 18:51:10,210 [abcd8826-c056-4817-bd0f-7af19a46d814@group-5F52F902B742-SegmentedRaftLogWorker] INFO  segmented.SegmentedRaftLogWorker (SegmentedRaftLogWorker.java:run(316)) - abcd8826-c056-4817-bd0f-7af19a46d814@group-5F52F902B742-SegmentedRaftLogWorker was interrupted, exiting. There are 0 tasks remaining in the queue.
2019-10-17 18:51:10,213 [ForkJoinPool.commonPool-worker-0] INFO  segmented.SegmentedRaftLogWorker (SegmentedRaftLogWorker.java:close(224)) - 1e4e1375-1b66-460f-8c99-4c341545a119@group-F775CA5912AC-SegmentedRaftLogWorker close()
2019-10-17 18:51:10,213 [main] INFO  segmented.SegmentedRaftLogWorker (SegmentedRaftLogWorker.java:close(224)) - abcd8826-c056-4817-bd0f-7af19a46d814@group-5F52F902B742-SegmentedRaftLogWorker close()
2019-10-17 18:51:10,216 [ForkJoinPool.commonPool-worker-0] INFO  impl.RaftServerImpl (RaftServerImpl.java:lambda$shutdown$3(261)) - 1e4e1375-1b66-460f-8c99-4c341545a119@group-10843C4E364E: shutdown
2019-10-17 18:51:10,221 [main] INFO  impl.RaftServerImpl (RaftServerImpl.java:lambda$shutdown$3(261)) - abcd8826-c056-4817-bd0f-7af19a46d814@group-3EA2F331D210: shutdown
2019-10-17 18:51:10,221 [ForkJoinPool.commonPool-worker-0] INFO  util.JmxRegister (JmxRegister.java:unregister(73)) - Successfully un-registered JMX Bean with object name Ratis:service=RaftServer,group=group-10843C4E364E,id=1e4e1375-1b66-460f-8c99-4c341545a119
2019-10-17 18:51:10,222 [main] INFO  util.JmxRegister (JmxRegister.java:unregister(73)) - Successfully un-registered JMX Bean with object name Ratis:service=RaftServer,group=group-3EA2F331D210,id=abcd8826-c056-4817-bd0f-7af19a46d814
2019-10-17 18:51:10,222 [ForkJoinPool.commonPool-worker-0] INFO  impl.RoleInfo (RoleInfo.java:shutdownLeaderState(104)) - 1e4e1375-1b66-460f-8c99-4c341545a119: shutdown LeaderState
2019-10-17 18:51:10,222 [main] INFO  impl.RoleInfo (RoleInfo.java:shutdownLeaderState(104)) - abcd8826-c056-4817-bd0f-7af19a46d814: shutdown LeaderState
2019-10-17 18:51:10,222 [ForkJoinPool.commonPool-worker-0] INFO  impl.PendingRequests (PendingRequests.java:sendNotLeaderResponses(202)) - 1e4e1375-1b66-460f-8c99-4c341545a119@group-10843C4E364E-PendingRequests: sendNotLeaderResponses
2019-10-17 18:51:10,223 [main] INFO  impl.PendingRequests (PendingRequests.java:sendNotLeaderResponses(202)) - abcd8826-c056-4817-bd0f-7af19a46d814@group-3EA2F331D210-PendingRequests: sendNotLeaderResponses
2019-10-17 18:51:10,223 [ForkJoinPool.commonPool-worker-0] INFO  impl.StateMachineUpdater (StateMachineUpdater.java:stopAndJoin(136)) - 1e4e1375-1b66-460f-8c99-4c341545a119@group-10843C4E364E-StateMachineUpdater: set stopIndex = 0
2019-10-17 18:51:10,223 [main] INFO  impl.StateMachineUpdater (StateMachineUpdater.java:stopAndJoin(136)) - abcd8826-c056-4817-bd0f-7af19a46d814@group-3EA2F331D210-StateMachineUpdater: set stopIndex = 0
2019-10-17 18:51:10,224 [ForkJoinPool.commonPool-worker-0] INFO  impl.RaftServerImpl (ServerState.java:close(388)) - 1e4e1375-1b66-460f-8c99-4c341545a119@group-10843C4E364E: closes. applyIndex: 0
2019-10-17 18:51:10,224 [main] INFO  impl.RaftServerImpl (ServerState.java:close(388)) - abcd8826-c056-4817-bd0f-7af19a46d814@group-3EA2F331D210: closes. applyIndex: 0
2019-10-17 18:51:10,224 [1e4e1375-1b66-460f-8c99-4c341545a119@group-10843C4E364E-SegmentedRaftLogWorker] INFO  segmented.SegmentedRaftLogWorker (SegmentedRaftLogWorker.java:run(316)) - 1e4e1375-1b66-460f-8c99-4c341545a119@group-10843C4E364E-SegmentedRaftLogWorker was interrupted, exiting. There are 0 tasks remaining in the queue.
2019-10-17 18:51:10,224 [abcd8826-c056-4817-bd0f-7af19a46d814@group-3EA2F331D210-SegmentedRaftLogWorker] INFO  segmented.SegmentedRaftLogWorker (SegmentedRaftLogWorker.java:run(316)) - abcd8826-c056-4817-bd0f-7af19a46d814@group-3EA2F331D210-SegmentedRaftLogWorker was interrupted, exiting. There are 0 tasks remaining in the queue.
2019-10-17 18:51:10,226 [ForkJoinPool.commonPool-worker-0] INFO  segmented.SegmentedRaftLogWorker (SegmentedRaftLogWorker.java:close(224)) - 1e4e1375-1b66-460f-8c99-4c341545a119@group-10843C4E364E-SegmentedRaftLogWorker close()
2019-10-17 18:51:10,228 [main] INFO  segmented.SegmentedRaftLogWorker (SegmentedRaftLogWorker.java:close(224)) - abcd8826-c056-4817-bd0f-7af19a46d814@group-3EA2F331D210-SegmentedRaftLogWorker close()
2019-10-17 18:51:10,236 [Thread-2871] INFO  impl.FollowerState (FollowerState.java:run(108)) - a5e79c22-a35f-4e50-b1fd-e91b6a93d74d@group-F775CA5912AC-FollowerState: change to CANDIDATE, lastRpcTime:67ms, electionTimeout:66ms
2019-10-17 18:51:10,236 [Thread-2871] INFO  impl.RoleInfo (RoleInfo.java:shutdownFollowerState(121)) - a5e79c22-a35f-4e50-b1fd-e91b6a93d74d: shutdown FollowerState
2019-10-17 18:51:10,236 [Thread-2871] INFO  impl.RaftServerImpl (RaftServerImpl.java:setRole(184)) - a5e79c22-a35f-4e50-b1fd-e91b6a93d74d@group-F775CA5912AC: changes role from  FOLLOWER to CANDIDATE at term 190 for changeToCandidate
2019-10-17 18:51:10,236 [Thread-2871] INFO  impl.RoleInfo (RoleInfo.java:updateAndGet(143)) - a5e79c22-a35f-4e50-b1fd-e91b6a93d74d: start LeaderElection
2019-10-17 18:51:10,236 [main] INFO  server.GrpcService (GrpcService.java:closeImpl(164)) - abcd8826-c056-4817-bd0f-7af19a46d814: shutdown server with port 46496 now
2019-10-17 18:51:10,236 [ForkJoinPool.commonPool-worker-0] INFO  server.GrpcService (GrpcService.java:closeImpl(164)) - 1e4e1375-1b66-460f-8c99-4c341545a119: shutdown server with port 42113 now
2019-10-17 18:51:10,239 [main] INFO  server.GrpcService (GrpcService.java:closeImpl(172)) - abcd8826-c056-4817-bd0f-7af19a46d814: shutdown server with port 46496 successfully
2019-10-17 18:51:10,239 [ForkJoinPool.commonPool-worker-0] INFO  server.GrpcService (GrpcService.java:closeImpl(172)) - 1e4e1375-1b66-460f-8c99-4c341545a119: shutdown server with port 42113 successfully
2019-10-17 18:51:10,242 [refreshUsed-/workdir/hadoop-ozone/integration-test/target/test-dir/MiniOzoneClusterImpl-1add80d3-0bcb-487c-a891-e654dcc55690/datanode-2/data/containers] WARN  fs.CachingGetSpaceUsed (CachingGetSpaceUsed.java:run(183)) - Thread Interrupted waiting to refresh disk information: sleep interrupted
2019-10-17 18:51:10,242 [refreshUsed-/workdir/hadoop-ozone/integration-test/target/test-dir/MiniOzoneClusterImpl-1add80d3-0bcb-487c-a891-e654dcc55690/datanode-5/data/containers] WARN  fs.CachingGetSpaceUsed (CachingGetSpaceUsed.java:run(183)) - Thread Interrupted waiting to refresh disk information: sleep interrupted
2019-10-17 18:51:10,260 [a5e79c22-a35f-4e50-b1fd-e91b6a93d74d@group-F775CA5912AC-LeaderElection358] INFO  impl.LeaderElection (LeaderElection.java:askForVotes(178)) - a5e79c22-a35f-4e50-b1fd-e91b6a93d74d@group-F775CA5912AC-LeaderElection358: begin an election at term 191 for -1: [a5e79c22-a35f-4e50-b1fd-e91b6a93d74d:192.168.157.251:45177, daae7813-f814-475d-9647-a302a5541e36:192.168.157.251:45025, 1e4e1375-1b66-460f-8c99-4c341545a119:192.168.157.251:42113], old=null
2019-10-17 18:51:10,262 [grpc-default-executor-6] INFO  impl.RaftServerImpl (RaftServerImpl.java:setRole(184)) - daae7813-f814-475d-9647-a302a5541e36@group-F775CA5912AC: changes role from  FOLLOWER to FOLLOWER at term 191 for recognizeCandidate:a5e79c22-a35f-4e50-b1fd-e91b6a93d74d
2019-10-17 18:51:10,262 [grpc-default-executor-6] INFO  impl.RoleInfo (RoleInfo.java:shutdownFollowerState(121)) - daae7813-f814-475d-9647-a302a5541e36: shutdown FollowerState
2019-10-17 18:51:10,262 [grpc-default-executor-6] INFO  impl.RoleInfo (RoleInfo.java:updateAndGet(143)) - daae7813-f814-475d-9647-a302a5541e36: start FollowerState
2019-10-17 18:51:10,262 [Thread-2870] INFO  impl.FollowerState (FollowerState.java:run(117)) - daae7813-f814-475d-9647-a302a5541e36@group-F775CA5912AC-FollowerState was interrupted: java.lang.InterruptedException: sleep interrupted
2019-10-17 18:51:10,269 [ForkJoinPool.commonPool-worker-0] INFO  utils.BackgroundService (BackgroundService.java:shutdown(151)) - Shutting down service BlockDeletingService
2019-10-17 18:51:10,276 [ForkJoinPool.commonPool-worker-0] INFO  statemachine.DatanodeStateMachine (DatanodeStateMachine.java:stopDaemon(395)) - Ozone container server stopped.
2019-10-17 18:51:10,276 [main] INFO  utils.BackgroundService (BackgroundService.java:shutdown(151)) - Shutting down service BlockDeletingService
2019-10-17 18:51:10,284 [main] INFO  statemachine.DatanodeStateMachine (DatanodeStateMachine.java:stopDaemon(395)) - Ozone container server stopped.
2019-10-17 18:51:10,286 [ForkJoinPool.commonPool-worker-0] INFO  handler.ContextHandler (ContextHandler.java:doStop(910)) - Stopped o.e.j.w.WebAppContext@4c6007fb{/,null,UNAVAILABLE}{/hddsDatanode}
2019-10-17 18:51:10,288 [ForkJoinPool.commonPool-worker-0] INFO  server.AbstractConnector (AbstractConnector.java:doStop(318)) - Stopped ServerConnector@3e33d73e{HTTP/1.1,[http/1.1]}{0.0.0.0:0}
2019-10-17 18:51:10,288 [main] INFO  handler.ContextHandler (ContextHandler.java:doStop(910)) - Stopped o.e.j.w.WebAppContext@715b886f{/,null,UNAVAILABLE}{/hddsDatanode}
2019-10-17 18:51:10,290 [ForkJoinPool.commonPool-worker-0] INFO  handler.ContextHandler (ContextHandler.java:doStop(910)) - Stopped o.e.j.s.ServletContextHandler@26f46fa6{/static,jar:file:/home/user/.m2/repository/org/apache/hadoop/hadoop-hdds-container-service/0.5.0-SNAPSHOT/hadoop-hdds-container-service-0.5.0-SNAPSHOT.jar!/webapps/static,UNAVAILABLE}
2019-10-17 18:51:10,291 [ForkJoinPool.commonPool-worker-0] INFO  handler.ContextHandler (ContextHandler.java:doStop(910)) - Stopped o.e.j.s.ServletContextHandler@d109c4f{/logs,file:///workdir/hadoop-ozone/integration-test/target/log,UNAVAILABLE}
2019-10-17 18:51:10,291 [main] INFO  server.AbstractConnector (AbstractConnector.java:doStop(318)) - Stopped ServerConnector@7fb29ca9{HTTP/1.1,[http/1.1]}{0.0.0.0:0}
2019-10-17 18:51:10,292 [main] INFO  handler.ContextHandler (ContextHandler.java:doStop(910)) - Stopped o.e.j.s.ServletContextHandler@4c1bdcc2{/static,jar:file:/home/user/.m2/repository/org/apache/hadoop/hadoop-hdds-container-service/0.5.0-SNAPSHOT/hadoop-hdds-container-service-0.5.0-SNAPSHOT.jar!/webapps/static,UNAVAILABLE}
2019-10-17 18:51:10,293 [main] INFO  handler.ContextHandler (ContextHandler.java:doStop(910)) - Stopped o.e.j.s.ServletContextHandler@1305c126{/logs,file:///workdir/hadoop-ozone/integration-test/target/log,UNAVAILABLE}
2019-10-17 18:51:10,296 [a5e79c22-a35f-4e50-b1fd-e91b6a93d74d@group-F775CA5912AC-LeaderElection358] INFO  impl.LeaderElection (LogUtils.java:infoOrTrace(149)) - a5e79c22-a35f-4e50-b1fd-e91b6a93d74d@group-F775CA5912AC-LeaderElection358 got exception when requesting votes: {}
java.util.concurrent.ExecutionException: org.apache.ratis.thirdparty.io.grpc.StatusRuntimeException: UNAVAILABLE: io exception
	at java.util.concurrent.FutureTask.report(FutureTask.java:122)
	at java.util.concurrent.FutureTask.get(FutureTask.java:192)
	at org.apache.ratis.server.impl.LeaderElection.waitForResults(LeaderElection.java:259)
	at org.apache.ratis.server.impl.LeaderElection.askForVotes(LeaderElection.java:197)
	at org.apache.ratis.server.impl.LeaderElection.run(LeaderElection.java:133)
	at java.lang.Thread.run(Thread.java:748)
Caused by: org.apache.ratis.thirdparty.io.grpc.StatusRuntimeException: UNAVAILABLE: io exception
	at org.apache.ratis.thirdparty.io.grpc.stub.ClientCalls.toStatusRuntimeException(ClientCalls.java:233)
	at org.apache.ratis.thirdparty.io.grpc.stub.ClientCalls.getUnchecked(ClientCalls.java:214)
	at org.apache.ratis.thirdparty.io.grpc.stub.ClientCalls.blockingUnaryCall(ClientCalls.java:139)
	at org.apache.ratis.proto.grpc.RaftServerProtocolServiceGrpc$RaftServerProtocolServiceBlockingStub.requestVote(RaftServerProtocolServiceGrpc.java:265)
	at org.apache.ratis.grpc.server.GrpcServerProtocolClient.requestVote(GrpcServerProtocolClient.java:99)
	at org.apache.ratis.grpc.server.GrpcService.requestVote(GrpcService.java:204)
	at org.apache.ratis.server.impl.LeaderElection.lambda$submitRequests$1(LeaderElection.java:234)
	at java.util.concurrent.FutureTask.run(FutureTask.java:266)
	at java.util.concurrent.Executors$RunnableAdapter.call(Executors.java:511)
	at java.util.concurrent.FutureTask.run(FutureTask.java:266)
	at java.util.concurrent.ThreadPoolExecutor.runWorker(ThreadPoolExecutor.java:1149)
	at java.util.concurrent.ThreadPoolExecutor$Worker.run(ThreadPoolExecutor.java:624)
	... 1 more
Caused by: org.apache.ratis.thirdparty.io.netty.channel.AbstractChannel$AnnotatedConnectException: Connection refused: /192.168.157.251:42113
	at sun.nio.ch.SocketChannelImpl.checkConnect(Native Method)
	at sun.nio.ch.SocketChannelImpl.finishConnect(SocketChannelImpl.java:717)
	at org.apache.ratis.thirdparty.io.netty.channel.socket.nio.NioSocketChannel.doFinishConnect(NioSocketChannel.java:327)
	at org.apache.ratis.thirdparty.io.netty.channel.nio.AbstractNioChannel$AbstractNioUnsafe.finishConnect(AbstractNioChannel.java:340)
	at org.apache.ratis.thirdparty.io.netty.channel.nio.NioEventLoop.processSelectedKey(NioEventLoop.java:632)
	at org.apache.ratis.thirdparty.io.netty.channel.nio.NioEventLoop.processSelectedKeysOptimized(NioEventLoop.java:579)
	at org.apache.ratis.thirdparty.io.netty.channel.nio.NioEventLoop.processSelectedKeys(NioEventLoop.java:496)
	at org.apache.ratis.thirdparty.io.netty.channel.nio.NioEventLoop.run(NioEventLoop.java:458)
	at org.apache.ratis.thirdparty.io.netty.util.concurrent.SingleThreadEventExecutor$5.run(SingleThreadEventExecutor.java:897)
	at org.apache.ratis.thirdparty.io.netty.util.concurrent.FastThreadLocalRunnable.run(FastThreadLocalRunnable.java:30)
	... 1 more
Caused by: java.net.ConnectException: Connection refused
	... 11 more
2019-10-17 18:51:10,300 [a5e79c22-a35f-4e50-b1fd-e91b6a93d74d@group-F775CA5912AC-LeaderElection358] INFO  impl.LeaderElection (LeaderElection.java:logAndReturn(56)) - a5e79c22-a35f-4e50-b1fd-e91b6a93d74d@group-F775CA5912AC-LeaderElection358: Election REJECTED; received 1 response(s) [a5e79c22-a35f-4e50-b1fd-e91b6a93d74d<-daae7813-f814-475d-9647-a302a5541e36#0:FAIL-t191] and 1 exception(s); a5e79c22-a35f-4e50-b1fd-e91b6a93d74d@group-F775CA5912AC:t191, leader=null, voted=a5e79c22-a35f-4e50-b1fd-e91b6a93d74d, raftlog=a5e79c22-a35f-4e50-b1fd-e91b6a93d74d@group-F775CA5912AC-SegmentedRaftLog:OPENED:c-1,f-1,i0, conf=-1: [a5e79c22-a35f-4e50-b1fd-e91b6a93d74d:192.168.157.251:45177, daae7813-f814-475d-9647-a302a5541e36:192.168.157.251:45025, 1e4e1375-1b66-460f-8c99-4c341545a119:192.168.157.251:42113], old=null
2019-10-17 18:51:10,301 [a5e79c22-a35f-4e50-b1fd-e91b6a93d74d@group-F775CA5912AC-LeaderElection358] INFO  impl.LeaderElection (LogUtils.java:infoOrTrace(149)) -   Exception 0: {}
java.util.concurrent.ExecutionException: org.apache.ratis.thirdparty.io.grpc.StatusRuntimeException: UNAVAILABLE: io exception
	at java.util.concurrent.FutureTask.report(FutureTask.java:122)
	at java.util.concurrent.FutureTask.get(FutureTask.java:192)
	at org.apache.ratis.server.impl.LeaderElection.waitForResults(LeaderElection.java:259)
	at org.apache.ratis.server.impl.LeaderElection.askForVotes(LeaderElection.java:197)
	at org.apache.ratis.server.impl.LeaderElection.run(LeaderElection.java:133)
	at java.lang.Thread.run(Thread.java:748)
Caused by: org.apache.ratis.thirdparty.io.grpc.StatusRuntimeException: UNAVAILABLE: io exception
	at org.apache.ratis.thirdparty.io.grpc.stub.ClientCalls.toStatusRuntimeException(ClientCalls.java:233)
	at org.apache.ratis.thirdparty.io.grpc.stub.ClientCalls.getUnchecked(ClientCalls.java:214)
	at org.apache.ratis.thirdparty.io.grpc.stub.ClientCalls.blockingUnaryCall(ClientCalls.java:139)
	at org.apache.ratis.proto.grpc.RaftServerProtocolServiceGrpc$RaftServerProtocolServiceBlockingStub.requestVote(RaftServerProtocolServiceGrpc.java:265)
	at org.apache.ratis.grpc.server.GrpcServerProtocolClient.requestVote(GrpcServerProtocolClient.java:99)
	at org.apache.ratis.grpc.server.GrpcService.requestVote(GrpcService.java:204)
	at org.apache.ratis.server.impl.LeaderElection.lambda$submitRequests$1(LeaderElection.java:234)
	at java.util.concurrent.FutureTask.run(FutureTask.java:266)
	at java.util.concurrent.Executors$RunnableAdapter.call(Executors.java:511)
	at java.util.concurrent.FutureTask.run(FutureTask.java:266)
	at java.util.concurrent.ThreadPoolExecutor.runWorker(ThreadPoolExecutor.java:1149)
	at java.util.concurrent.ThreadPoolExecutor$Worker.run(ThreadPoolExecutor.java:624)
	... 1 more
Caused by: org.apache.ratis.thirdparty.io.netty.channel.AbstractChannel$AnnotatedConnectException: Connection refused: /192.168.157.251:42113
	at sun.nio.ch.SocketChannelImpl.checkConnect(Native Method)
	at sun.nio.ch.SocketChannelImpl.finishConnect(SocketChannelImpl.java:717)
	at org.apache.ratis.thirdparty.io.netty.channel.socket.nio.NioSocketChannel.doFinishConnect(NioSocketChannel.java:327)
	at org.apache.ratis.thirdparty.io.netty.channel.nio.AbstractNioChannel$AbstractNioUnsafe.finishConnect(AbstractNioChannel.java:340)
	at org.apache.ratis.thirdparty.io.netty.channel.nio.NioEventLoop.processSelectedKey(NioEventLoop.java:632)
	at org.apache.ratis.thirdparty.io.netty.channel.nio.NioEventLoop.processSelectedKeysOptimized(NioEventLoop.java:579)
	at org.apache.ratis.thirdparty.io.netty.channel.nio.NioEventLoop.processSelectedKeys(NioEventLoop.java:496)
	at org.apache.ratis.thirdparty.io.netty.channel.nio.NioEventLoop.run(NioEventLoop.java:458)
	at org.apache.ratis.thirdparty.io.netty.util.concurrent.SingleThreadEventExecutor$5.run(SingleThreadEventExecutor.java:897)
	at org.apache.ratis.thirdparty.io.netty.util.concurrent.FastThreadLocalRunnable.run(FastThreadLocalRunnable.java:30)
	... 1 more
Caused by: java.net.ConnectException: Connection refused
	... 11 more
2019-10-17 18:51:10,302 [a5e79c22-a35f-4e50-b1fd-e91b6a93d74d@group-F775CA5912AC-LeaderElection358] INFO  impl.RaftServerImpl (RaftServerImpl.java:setRole(184)) - a5e79c22-a35f-4e50-b1fd-e91b6a93d74d@group-F775CA5912AC: changes role from CANDIDATE to FOLLOWER at term 191 for DISCOVERED_A_NEW_TERM
2019-10-17 18:51:10,302 [a5e79c22-a35f-4e50-b1fd-e91b6a93d74d@group-F775CA5912AC-LeaderElection358] INFO  impl.RoleInfo (RoleInfo.java:shutdownLeaderElection(134)) - a5e79c22-a35f-4e50-b1fd-e91b6a93d74d: shutdown LeaderElection
2019-10-17 18:51:10,302 [a5e79c22-a35f-4e50-b1fd-e91b6a93d74d@group-F775CA5912AC-LeaderElection358] INFO  impl.RoleInfo (RoleInfo.java:updateAndGet(143)) - a5e79c22-a35f-4e50-b1fd-e91b6a93d74d: start FollowerState
2019-10-17 18:51:10,471 [Thread-2876] INFO  impl.FollowerState (FollowerState.java:run(108)) - a5e79c22-a35f-4e50-b1fd-e91b6a93d74d@group-F775CA5912AC-FollowerState: change to CANDIDATE, lastRpcTime:169ms, electionTimeout:169ms
2019-10-17 18:51:10,472 [Thread-2876] INFO  impl.RoleInfo (RoleInfo.java:shutdownFollowerState(121)) - a5e79c22-a35f-4e50-b1fd-e91b6a93d74d: shutdown FollowerState
2019-10-17 18:51:10,472 [Thread-2876] INFO  impl.RaftServerImpl (RaftServerImpl.java:setRole(184)) - a5e79c22-a35f-4e50-b1fd-e91b6a93d74d@group-F775CA5912AC: changes role from  FOLLOWER to CANDIDATE at term 191 for changeToCandidate
2019-10-17 18:51:10,472 [Thread-2876] INFO  impl.RoleInfo (RoleInfo.java:updateAndGet(143)) - a5e79c22-a35f-4e50-b1fd-e91b6a93d74d: start LeaderElection
2019-10-17 18:51:10,486 [a5e79c22-a35f-4e50-b1fd-e91b6a93d74d@group-F775CA5912AC-LeaderElection359] INFO  impl.LeaderElection (LeaderElection.java:askForVotes(178)) - a5e79c22-a35f-4e50-b1fd-e91b6a93d74d@group-F775CA5912AC-LeaderElection359: begin an election at term 192 for -1: [a5e79c22-a35f-4e50-b1fd-e91b6a93d74d:192.168.157.251:45177, daae7813-f814-475d-9647-a302a5541e36:192.168.157.251:45025, 1e4e1375-1b66-460f-8c99-4c341545a119:192.168.157.251:42113], old=null
2019-10-17 18:51:10,487 [a5e79c22-a35f-4e50-b1fd-e91b6a93d74d@group-F775CA5912AC-LeaderElection359] INFO  impl.LeaderElection (LogUtils.java:infoOrTrace(149)) - a5e79c22-a35f-4e50-b1fd-e91b6a93d74d@group-F775CA5912AC-LeaderElection359 got exception when requesting votes: {}
java.util.concurrent.ExecutionException: org.apache.ratis.thirdparty.io.grpc.StatusRuntimeException: UNAVAILABLE: io exception
	at java.util.concurrent.FutureTask.report(FutureTask.java:122)
	at java.util.concurrent.FutureTask.get(FutureTask.java:192)
	at org.apache.ratis.server.impl.LeaderElection.waitForResults(LeaderElection.java:259)
	at org.apache.ratis.server.impl.LeaderElection.askForVotes(LeaderElection.java:197)
	at org.apache.ratis.server.impl.LeaderElection.run(LeaderElection.java:133)
	at java.lang.Thread.run(Thread.java:748)
Caused by: org.apache.ratis.thirdparty.io.grpc.StatusRuntimeException: UNAVAILABLE: io exception
	at org.apache.ratis.thirdparty.io.grpc.stub.ClientCalls.toStatusRuntimeException(ClientCalls.java:233)
	at org.apache.ratis.thirdparty.io.grpc.stub.ClientCalls.getUnchecked(ClientCalls.java:214)
	at org.apache.ratis.thirdparty.io.grpc.stub.ClientCalls.blockingUnaryCall(ClientCalls.java:139)
	at org.apache.ratis.proto.grpc.RaftServerProtocolServiceGrpc$RaftServerProtocolServiceBlockingStub.requestVote(RaftServerProtocolServiceGrpc.java:265)
	at org.apache.ratis.grpc.server.GrpcServerProtocolClient.requestVote(GrpcServerProtocolClient.java:99)
	at org.apache.ratis.grpc.server.GrpcService.requestVote(GrpcService.java:204)
	at org.apache.ratis.server.impl.LeaderElection.lambda$submitRequests$1(LeaderElection.java:234)
	at java.util.concurrent.FutureTask.run(FutureTask.java:266)
	at java.util.concurrent.Executors$RunnableAdapter.call(Executors.java:511)
	at java.util.concurrent.FutureTask.run(FutureTask.java:266)
	at java.util.concurrent.ThreadPoolExecutor.runWorker(ThreadPoolExecutor.java:1149)
	at java.util.concurrent.ThreadPoolExecutor$Worker.run(ThreadPoolExecutor.java:624)
	... 1 more
Caused by: org.apache.ratis.thirdparty.io.netty.channel.AbstractChannel$AnnotatedConnectException: Connection refused: /192.168.157.251:42113
	at sun.nio.ch.SocketChannelImpl.checkConnect(Native Method)
	at sun.nio.ch.SocketChannelImpl.finishConnect(SocketChannelImpl.java:717)
	at org.apache.ratis.thirdparty.io.netty.channel.socket.nio.NioSocketChannel.doFinishConnect(NioSocketChannel.java:327)
	at org.apache.ratis.thirdparty.io.netty.channel.nio.AbstractNioChannel$AbstractNioUnsafe.finishConnect(AbstractNioChannel.java:340)
	at org.apache.ratis.thirdparty.io.netty.channel.nio.NioEventLoop.processSelectedKey(NioEventLoop.java:632)
	at org.apache.ratis.thirdparty.io.netty.channel.nio.NioEventLoop.processSelectedKeysOptimized(NioEventLoop.java:579)
	at org.apache.ratis.thirdparty.io.netty.channel.nio.NioEventLoop.processSelectedKeys(NioEventLoop.java:496)
	at org.apache.ratis.thirdparty.io.netty.channel.nio.NioEventLoop.run(NioEventLoop.java:458)
	at org.apache.ratis.thirdparty.io.netty.util.concurrent.SingleThreadEventExecutor$5.run(SingleThreadEventExecutor.java:897)
	at org.apache.ratis.thirdparty.io.netty.util.concurrent.FastThreadLocalRunnable.run(FastThreadLocalRunnable.java:30)
	... 1 more
Caused by: java.net.ConnectException: Connection refused
	... 11 more
2019-10-17 18:51:10,491 [grpc-default-executor-6] INFO  impl.RaftServerImpl (RaftServerImpl.java:setRole(184)) - daae7813-f814-475d-9647-a302a5541e36@group-F775CA5912AC: changes role from  FOLLOWER to FOLLOWER at term 192 for recognizeCandidate:a5e79c22-a35f-4e50-b1fd-e91b6a93d74d
2019-10-17 18:51:10,491 [grpc-default-executor-6] INFO  impl.RoleInfo (RoleInfo.java:shutdownFollowerState(121)) - daae7813-f814-475d-9647-a302a5541e36: shutdown FollowerState
2019-10-17 18:51:10,492 [grpc-default-executor-6] INFO  impl.RoleInfo (RoleInfo.java:updateAndGet(143)) - daae7813-f814-475d-9647-a302a5541e36: start FollowerState
2019-10-17 18:51:10,492 [Thread-2875] INFO  impl.FollowerState (FollowerState.java:run(117)) - daae7813-f814-475d-9647-a302a5541e36@group-F775CA5912AC-FollowerState was interrupted: java.lang.InterruptedException: sleep interrupted
2019-10-17 18:51:10,506 [a5e79c22-a35f-4e50-b1fd-e91b6a93d74d@group-F775CA5912AC-LeaderElection359] INFO  impl.LeaderElection (LeaderElection.java:logAndReturn(56)) - a5e79c22-a35f-4e50-b1fd-e91b6a93d74d@group-F775CA5912AC-LeaderElection359: Election REJECTED; received 1 response(s) [a5e79c22-a35f-4e50-b1fd-e91b6a93d74d<-daae7813-f814-475d-9647-a302a5541e36#0:FAIL-t192] and 1 exception(s); a5e79c22-a35f-4e50-b1fd-e91b6a93d74d@group-F775CA5912AC:t192, leader=null, voted=a5e79c22-a35f-4e50-b1fd-e91b6a93d74d, raftlog=a5e79c22-a35f-4e50-b1fd-e91b6a93d74d@group-F775CA5912AC-SegmentedRaftLog:OPENED:c-1,f-1,i0, conf=-1: [a5e79c22-a35f-4e50-b1fd-e91b6a93d74d:192.168.157.251:45177, daae7813-f814-475d-9647-a302a5541e36:192.168.157.251:45025, 1e4e1375-1b66-460f-8c99-4c341545a119:192.168.157.251:42113], old=null
2019-10-17 18:51:10,506 [a5e79c22-a35f-4e50-b1fd-e91b6a93d74d@group-F775CA5912AC-LeaderElection359] INFO  impl.LeaderElection (LogUtils.java:infoOrTrace(149)) -   Exception 0: {}
java.util.concurrent.ExecutionException: org.apache.ratis.thirdparty.io.grpc.StatusRuntimeException: UNAVAILABLE: io exception
	at java.util.concurrent.FutureTask.report(FutureTask.java:122)
	at java.util.concurrent.FutureTask.get(FutureTask.java:192)
	at org.apache.ratis.server.impl.LeaderElection.waitForResults(LeaderElection.java:259)
	at org.apache.ratis.server.impl.LeaderElection.askForVotes(LeaderElection.java:197)
	at org.apache.ratis.server.impl.LeaderElection.run(LeaderElection.java:133)
	at java.lang.Thread.run(Thread.java:748)
Caused by: org.apache.ratis.thirdparty.io.grpc.StatusRuntimeException: UNAVAILABLE: io exception
	at org.apache.ratis.thirdparty.io.grpc.stub.ClientCalls.toStatusRuntimeException(ClientCalls.java:233)
	at org.apache.ratis.thirdparty.io.grpc.stub.ClientCalls.getUnchecked(ClientCalls.java:214)
	at org.apache.ratis.thirdparty.io.grpc.stub.ClientCalls.blockingUnaryCall(ClientCalls.java:139)
	at org.apache.ratis.proto.grpc.RaftServerProtocolServiceGrpc$RaftServerProtocolServiceBlockingStub.requestVote(RaftServerProtocolServiceGrpc.java:265)
	at org.apache.ratis.grpc.server.GrpcServerProtocolClient.requestVote(GrpcServerProtocolClient.java:99)
	at org.apache.ratis.grpc.server.GrpcService.requestVote(GrpcService.java:204)
	at org.apache.ratis.server.impl.LeaderElection.lambda$submitRequests$1(LeaderElection.java:234)
	at java.util.concurrent.FutureTask.run(FutureTask.java:266)
	at java.util.concurrent.Executors$RunnableAdapter.call(Executors.java:511)
	at java.util.concurrent.FutureTask.run(FutureTask.java:266)
	at java.util.concurrent.ThreadPoolExecutor.runWorker(ThreadPoolExecutor.java:1149)
	at java.util.concurrent.ThreadPoolExecutor$Worker.run(ThreadPoolExecutor.java:624)
	... 1 more
Caused by: org.apache.ratis.thirdparty.io.netty.channel.AbstractChannel$AnnotatedConnectException: Connection refused: /192.168.157.251:42113
	at sun.nio.ch.SocketChannelImpl.checkConnect(Native Method)
	at sun.nio.ch.SocketChannelImpl.finishConnect(SocketChannelImpl.java:717)
	at org.apache.ratis.thirdparty.io.netty.channel.socket.nio.NioSocketChannel.doFinishConnect(NioSocketChannel.java:327)
	at org.apache.ratis.thirdparty.io.netty.channel.nio.AbstractNioChannel$AbstractNioUnsafe.finishConnect(AbstractNioChannel.java:340)
	at org.apache.ratis.thirdparty.io.netty.channel.nio.NioEventLoop.processSelectedKey(NioEventLoop.java:632)
	at org.apache.ratis.thirdparty.io.netty.channel.nio.NioEventLoop.processSelectedKeysOptimized(NioEventLoop.java:579)
	at org.apache.ratis.thirdparty.io.netty.channel.nio.NioEventLoop.processSelectedKeys(NioEventLoop.java:496)
	at org.apache.ratis.thirdparty.io.netty.channel.nio.NioEventLoop.run(NioEventLoop.java:458)
	at org.apache.ratis.thirdparty.io.netty.util.concurrent.SingleThreadEventExecutor$5.run(SingleThreadEventExecutor.java:897)
	at org.apache.ratis.thirdparty.io.netty.util.concurrent.FastThreadLocalRunnable.run(FastThreadLocalRunnable.java:30)
	... 1 more
Caused by: java.net.ConnectException: Connection refused
	... 11 more
2019-10-17 18:51:10,507 [a5e79c22-a35f-4e50-b1fd-e91b6a93d74d@group-F775CA5912AC-LeaderElection359] INFO  impl.RaftServerImpl (RaftServerImpl.java:setRole(184)) - a5e79c22-a35f-4e50-b1fd-e91b6a93d74d@group-F775CA5912AC: changes role from CANDIDATE to FOLLOWER at term 192 for DISCOVERED_A_NEW_TERM
2019-10-17 18:51:10,508 [a5e79c22-a35f-4e50-b1fd-e91b6a93d74d@group-F775CA5912AC-LeaderElection359] INFO  impl.RoleInfo (RoleInfo.java:shutdownLeaderElection(134)) - a5e79c22-a35f-4e50-b1fd-e91b6a93d74d: shutdown LeaderElection
2019-10-17 18:51:10,508 [a5e79c22-a35f-4e50-b1fd-e91b6a93d74d@group-F775CA5912AC-LeaderElection359] INFO  impl.RoleInfo (RoleInfo.java:updateAndGet(143)) - a5e79c22-a35f-4e50-b1fd-e91b6a93d74d: start FollowerState
2019-10-17 18:51:10,527 [Datanode State Machine Thread - 0] INFO  statemachine.DatanodeStateMachine (DatanodeStateMachine.java:lambda$startDaemon$0(350)) - Ozone container server started.
2019-10-17 18:51:10,656 [Thread-2883] INFO  impl.FollowerState (FollowerState.java:run(108)) - a5e79c22-a35f-4e50-b1fd-e91b6a93d74d@group-F775CA5912AC-FollowerState: change to CANDIDATE, lastRpcTime:148ms, electionTimeout:148ms
2019-10-17 18:51:10,656 [Thread-2883] INFO  impl.RoleInfo (RoleInfo.java:shutdownFollowerState(121)) - a5e79c22-a35f-4e50-b1fd-e91b6a93d74d: shutdown FollowerState
2019-10-17 18:51:10,656 [Thread-2883] INFO  impl.RaftServerImpl (RaftServerImpl.java:setRole(184)) - a5e79c22-a35f-4e50-b1fd-e91b6a93d74d@group-F775CA5912AC: changes role from  FOLLOWER to CANDIDATE at term 192 for changeToCandidate
2019-10-17 18:51:10,657 [Thread-2883] INFO  impl.RoleInfo (RoleInfo.java:updateAndGet(143)) - a5e79c22-a35f-4e50-b1fd-e91b6a93d74d: start LeaderElection
2019-10-17 18:51:10,671 [a5e79c22-a35f-4e50-b1fd-e91b6a93d74d@group-F775CA5912AC-LeaderElection360] INFO  impl.LeaderElection (LeaderElection.java:askForVotes(178)) - a5e79c22-a35f-4e50-b1fd-e91b6a93d74d@group-F775CA5912AC-LeaderElection360: begin an election at term 193 for -1: [a5e79c22-a35f-4e50-b1fd-e91b6a93d74d:192.168.157.251:45177, daae7813-f814-475d-9647-a302a5541e36:192.168.157.251:45025, 1e4e1375-1b66-460f-8c99-4c341545a119:192.168.157.251:42113], old=null
2019-10-17 18:51:10,672 [a5e79c22-a35f-4e50-b1fd-e91b6a93d74d@group-F775CA5912AC-LeaderElection360] INFO  impl.LeaderElection (LogUtils.java:infoOrTrace(149)) - a5e79c22-a35f-4e50-b1fd-e91b6a93d74d@group-F775CA5912AC-LeaderElection360 got exception when requesting votes: {}
java.util.concurrent.ExecutionException: org.apache.ratis.thirdparty.io.grpc.StatusRuntimeException: UNAVAILABLE: io exception
	at java.util.concurrent.FutureTask.report(FutureTask.java:122)
	at java.util.concurrent.FutureTask.get(FutureTask.java:192)
	at org.apache.ratis.server.impl.LeaderElection.waitForResults(LeaderElection.java:259)
	at org.apache.ratis.server.impl.LeaderElection.askForVotes(LeaderElection.java:197)
	at org.apache.ratis.server.impl.LeaderElection.run(LeaderElection.java:133)
	at java.lang.Thread.run(Thread.java:748)
Caused by: org.apache.ratis.thirdparty.io.grpc.StatusRuntimeException: UNAVAILABLE: io exception
	at org.apache.ratis.thirdparty.io.grpc.stub.ClientCalls.toStatusRuntimeException(ClientCalls.java:233)
	at org.apache.ratis.thirdparty.io.grpc.stub.ClientCalls.getUnchecked(ClientCalls.java:214)
	at org.apache.ratis.thirdparty.io.grpc.stub.ClientCalls.blockingUnaryCall(ClientCalls.java:139)
	at org.apache.ratis.proto.grpc.RaftServerProtocolServiceGrpc$RaftServerProtocolServiceBlockingStub.requestVote(RaftServerProtocolServiceGrpc.java:265)
	at org.apache.ratis.grpc.server.GrpcServerProtocolClient.requestVote(GrpcServerProtocolClient.java:99)
	at org.apache.ratis.grpc.server.GrpcService.requestVote(GrpcService.java:204)
	at org.apache.ratis.server.impl.LeaderElection.lambda$submitRequests$1(LeaderElection.java:234)
	at java.util.concurrent.FutureTask.run(FutureTask.java:266)
	at java.util.concurrent.Executors$RunnableAdapter.call(Executors.java:511)
	at java.util.concurrent.FutureTask.run(FutureTask.java:266)
	at java.util.concurrent.ThreadPoolExecutor.runWorker(ThreadPoolExecutor.java:1149)
	at java.util.concurrent.ThreadPoolExecutor$Worker.run(ThreadPoolExecutor.java:624)
	... 1 more
Caused by: org.apache.ratis.thirdparty.io.netty.channel.AbstractChannel$AnnotatedConnectException: Connection refused: /192.168.157.251:42113
	at sun.nio.ch.SocketChannelImpl.checkConnect(Native Method)
	at sun.nio.ch.SocketChannelImpl.finishConnect(SocketChannelImpl.java:717)
	at org.apache.ratis.thirdparty.io.netty.channel.socket.nio.NioSocketChannel.doFinishConnect(NioSocketChannel.java:327)
	at org.apache.ratis.thirdparty.io.netty.channel.nio.AbstractNioChannel$AbstractNioUnsafe.finishConnect(AbstractNioChannel.java:340)
	at org.apache.ratis.thirdparty.io.netty.channel.nio.NioEventLoop.processSelectedKey(NioEventLoop.java:632)
	at org.apache.ratis.thirdparty.io.netty.channel.nio.NioEventLoop.processSelectedKeysOptimized(NioEventLoop.java:579)
	at org.apache.ratis.thirdparty.io.netty.channel.nio.NioEventLoop.processSelectedKeys(NioEventLoop.java:496)
	at org.apache.ratis.thirdparty.io.netty.channel.nio.NioEventLoop.run(NioEventLoop.java:458)
	at org.apache.ratis.thirdparty.io.netty.util.concurrent.SingleThreadEventExecutor$5.run(SingleThreadEventExecutor.java:897)
	at org.apache.ratis.thirdparty.io.netty.util.concurrent.FastThreadLocalRunnable.run(FastThreadLocalRunnable.java:30)
	... 1 more
Caused by: java.net.ConnectException: Connection refused
	... 11 more
2019-10-17 18:51:10,676 [grpc-default-executor-2] INFO  impl.RaftServerImpl (RaftServerImpl.java:setRole(184)) - daae7813-f814-475d-9647-a302a5541e36@group-F775CA5912AC: changes role from  FOLLOWER to FOLLOWER at term 193 for recognizeCandidate:a5e79c22-a35f-4e50-b1fd-e91b6a93d74d
2019-10-17 18:51:10,677 [grpc-default-executor-2] INFO  impl.RoleInfo (RoleInfo.java:shutdownFollowerState(121)) - daae7813-f814-475d-9647-a302a5541e36: shutdown FollowerState
2019-10-17 18:51:10,677 [grpc-default-executor-2] INFO  impl.RoleInfo (RoleInfo.java:updateAndGet(143)) - daae7813-f814-475d-9647-a302a5541e36: start FollowerState
2019-10-17 18:51:10,677 [Thread-2882] INFO  impl.FollowerState (FollowerState.java:run(117)) - daae7813-f814-475d-9647-a302a5541e36@group-F775CA5912AC-FollowerState was interrupted: java.lang.InterruptedException: sleep interrupted
2019-10-17 18:51:10,695 [a5e79c22-a35f-4e50-b1fd-e91b6a93d74d@group-F775CA5912AC-LeaderElection360] INFO  impl.LeaderElection (LeaderElection.java:logAndReturn(56)) - a5e79c22-a35f-4e50-b1fd-e91b6a93d74d@group-F775CA5912AC-LeaderElection360: Election REJECTED; received 1 response(s) [a5e79c22-a35f-4e50-b1fd-e91b6a93d74d<-daae7813-f814-475d-9647-a302a5541e36#0:FAIL-t193] and 1 exception(s); a5e79c22-a35f-4e50-b1fd-e91b6a93d74d@group-F775CA5912AC:t193, leader=null, voted=a5e79c22-a35f-4e50-b1fd-e91b6a93d74d, raftlog=a5e79c22-a35f-4e50-b1fd-e91b6a93d74d@group-F775CA5912AC-SegmentedRaftLog:OPENED:c-1,f-1,i0, conf=-1: [a5e79c22-a35f-4e50-b1fd-e91b6a93d74d:192.168.157.251:45177, daae7813-f814-475d-9647-a302a5541e36:192.168.157.251:45025, 1e4e1375-1b66-460f-8c99-4c341545a119:192.168.157.251:42113], old=null
2019-10-17 18:51:10,696 [a5e79c22-a35f-4e50-b1fd-e91b6a93d74d@group-F775CA5912AC-LeaderElection360] INFO  impl.LeaderElection (LogUtils.java:infoOrTrace(149)) -   Exception 0: {}
java.util.concurrent.ExecutionException: org.apache.ratis.thirdparty.io.grpc.StatusRuntimeException: UNAVAILABLE: io exception
	at java.util.concurrent.FutureTask.report(FutureTask.java:122)
	at java.util.concurrent.FutureTask.get(FutureTask.java:192)
	at org.apache.ratis.server.impl.LeaderElection.waitForResults(LeaderElection.java:259)
	at org.apache.ratis.server.impl.LeaderElection.askForVotes(LeaderElection.java:197)
	at org.apache.ratis.server.impl.LeaderElection.run(LeaderElection.java:133)
	at java.lang.Thread.run(Thread.java:748)
Caused by: org.apache.ratis.thirdparty.io.grpc.StatusRuntimeException: UNAVAILABLE: io exception
	at org.apache.ratis.thirdparty.io.grpc.stub.ClientCalls.toStatusRuntimeException(ClientCalls.java:233)
	at org.apache.ratis.thirdparty.io.grpc.stub.ClientCalls.getUnchecked(ClientCalls.java:214)
	at org.apache.ratis.thirdparty.io.grpc.stub.ClientCalls.blockingUnaryCall(ClientCalls.java:139)
	at org.apache.ratis.proto.grpc.RaftServerProtocolServiceGrpc$RaftServerProtocolServiceBlockingStub.requestVote(RaftServerProtocolServiceGrpc.java:265)
	at org.apache.ratis.grpc.server.GrpcServerProtocolClient.requestVote(GrpcServerProtocolClient.java:99)
	at org.apache.ratis.grpc.server.GrpcService.requestVote(GrpcService.java:204)
	at org.apache.ratis.server.impl.LeaderElection.lambda$submitRequests$1(LeaderElection.java:234)
	at java.util.concurrent.FutureTask.run(FutureTask.java:266)
	at java.util.concurrent.Executors$RunnableAdapter.call(Executors.java:511)
	at java.util.concurrent.FutureTask.run(FutureTask.java:266)
	at java.util.concurrent.ThreadPoolExecutor.runWorker(ThreadPoolExecutor.java:1149)
	at java.util.concurrent.ThreadPoolExecutor$Worker.run(ThreadPoolExecutor.java:624)
	... 1 more
Caused by: org.apache.ratis.thirdparty.io.netty.channel.AbstractChannel$AnnotatedConnectException: Connection refused: /192.168.157.251:42113
	at sun.nio.ch.SocketChannelImpl.checkConnect(Native Method)
	at sun.nio.ch.SocketChannelImpl.finishConnect(SocketChannelImpl.java:717)
	at org.apache.ratis.thirdparty.io.netty.channel.socket.nio.NioSocketChannel.doFinishConnect(NioSocketChannel.java:327)
	at org.apache.ratis.thirdparty.io.netty.channel.nio.AbstractNioChannel$AbstractNioUnsafe.finishConnect(AbstractNioChannel.java:340)
	at org.apache.ratis.thirdparty.io.netty.channel.nio.NioEventLoop.processSelectedKey(NioEventLoop.java:632)
	at org.apache.ratis.thirdparty.io.netty.channel.nio.NioEventLoop.processSelectedKeysOptimized(NioEventLoop.java:579)
	at org.apache.ratis.thirdparty.io.netty.channel.nio.NioEventLoop.processSelectedKeys(NioEventLoop.java:496)
	at org.apache.ratis.thirdparty.io.netty.channel.nio.NioEventLoop.run(NioEventLoop.java:458)
	at org.apache.ratis.thirdparty.io.netty.util.concurrent.SingleThreadEventExecutor$5.run(SingleThreadEventExecutor.java:897)
	at org.apache.ratis.thirdparty.io.netty.util.concurrent.FastThreadLocalRunnable.run(FastThreadLocalRunnable.java:30)
	... 1 more
Caused by: java.net.ConnectException: Connection refused
	... 11 more
2019-10-17 18:51:10,696 [a5e79c22-a35f-4e50-b1fd-e91b6a93d74d@group-F775CA5912AC-LeaderElection360] INFO  impl.RaftServerImpl (RaftServerImpl.java:setRole(184)) - a5e79c22-a35f-4e50-b1fd-e91b6a93d74d@group-F775CA5912AC: changes role from CANDIDATE to FOLLOWER at term 193 for DISCOVERED_A_NEW_TERM
2019-10-17 18:51:10,696 [a5e79c22-a35f-4e50-b1fd-e91b6a93d74d@group-F775CA5912AC-LeaderElection360] INFO  impl.RoleInfo (RoleInfo.java:shutdownLeaderElection(134)) - a5e79c22-a35f-4e50-b1fd-e91b6a93d74d: shutdown LeaderElection
2019-10-17 18:51:10,697 [a5e79c22-a35f-4e50-b1fd-e91b6a93d74d@group-F775CA5912AC-LeaderElection360] INFO  impl.RoleInfo (RoleInfo.java:updateAndGet(143)) - a5e79c22-a35f-4e50-b1fd-e91b6a93d74d: start FollowerState
2019-10-17 18:51:10,778 [Thread-2888] INFO  impl.FollowerState (FollowerState.java:run(108)) - a5e79c22-a35f-4e50-b1fd-e91b6a93d74d@group-F775CA5912AC-FollowerState: change to CANDIDATE, lastRpcTime:81ms, electionTimeout:81ms
2019-10-17 18:51:10,778 [Thread-2888] INFO  impl.RoleInfo (RoleInfo.java:shutdownFollowerState(121)) - a5e79c22-a35f-4e50-b1fd-e91b6a93d74d: shutdown FollowerState
2019-10-17 18:51:10,778 [Thread-2888] INFO  impl.RaftServerImpl (RaftServerImpl.java:setRole(184)) - a5e79c22-a35f-4e50-b1fd-e91b6a93d74d@group-F775CA5912AC: changes role from  FOLLOWER to CANDIDATE at term 193 for changeToCandidate
2019-10-17 18:51:10,779 [Thread-2888] INFO  impl.RoleInfo (RoleInfo.java:updateAndGet(143)) - a5e79c22-a35f-4e50-b1fd-e91b6a93d74d: start LeaderElection
2019-10-17 18:51:10,795 [a5e79c22-a35f-4e50-b1fd-e91b6a93d74d@group-F775CA5912AC-LeaderElection361] INFO  impl.LeaderElection (LeaderElection.java:askForVotes(178)) - a5e79c22-a35f-4e50-b1fd-e91b6a93d74d@group-F775CA5912AC-LeaderElection361: begin an election at term 194 for -1: [a5e79c22-a35f-4e50-b1fd-e91b6a93d74d:192.168.157.251:45177, daae7813-f814-475d-9647-a302a5541e36:192.168.157.251:45025, 1e4e1375-1b66-460f-8c99-4c341545a119:192.168.157.251:42113], old=null
2019-10-17 18:51:10,796 [a5e79c22-a35f-4e50-b1fd-e91b6a93d74d@group-F775CA5912AC-LeaderElection361] INFO  impl.LeaderElection (LogUtils.java:infoOrTrace(149)) - a5e79c22-a35f-4e50-b1fd-e91b6a93d74d@group-F775CA5912AC-LeaderElection361 got exception when requesting votes: {}
java.util.concurrent.ExecutionException: org.apache.ratis.thirdparty.io.grpc.StatusRuntimeException: UNAVAILABLE: io exception
	at java.util.concurrent.FutureTask.report(FutureTask.java:122)
	at java.util.concurrent.FutureTask.get(FutureTask.java:192)
	at org.apache.ratis.server.impl.LeaderElection.waitForResults(LeaderElection.java:259)
	at org.apache.ratis.server.impl.LeaderElection.askForVotes(LeaderElection.java:197)
	at org.apache.ratis.server.impl.LeaderElection.run(LeaderElection.java:133)
	at java.lang.Thread.run(Thread.java:748)
Caused by: org.apache.ratis.thirdparty.io.grpc.StatusRuntimeException: UNAVAILABLE: io exception
	at org.apache.ratis.thirdparty.io.grpc.stub.ClientCalls.toStatusRuntimeException(ClientCalls.java:233)
	at org.apache.ratis.thirdparty.io.grpc.stub.ClientCalls.getUnchecked(ClientCalls.java:214)
	at org.apache.ratis.thirdparty.io.grpc.stub.ClientCalls.blockingUnaryCall(ClientCalls.java:139)
	at org.apache.ratis.proto.grpc.RaftServerProtocolServiceGrpc$RaftServerProtocolServiceBlockingStub.requestVote(RaftServerProtocolServiceGrpc.java:265)
	at org.apache.ratis.grpc.server.GrpcServerProtocolClient.requestVote(GrpcServerProtocolClient.java:99)
	at org.apache.ratis.grpc.server.GrpcService.requestVote(GrpcService.java:204)
	at org.apache.ratis.server.impl.LeaderElection.lambda$submitRequests$1(LeaderElection.java:234)
	at java.util.concurrent.FutureTask.run(FutureTask.java:266)
	at java.util.concurrent.Executors$RunnableAdapter.call(Executors.java:511)
	at java.util.concurrent.FutureTask.run(FutureTask.java:266)
	at java.util.concurrent.ThreadPoolExecutor.runWorker(ThreadPoolExecutor.java:1149)
	at java.util.concurrent.ThreadPoolExecutor$Worker.run(ThreadPoolExecutor.java:624)
	... 1 more
Caused by: org.apache.ratis.thirdparty.io.netty.channel.AbstractChannel$AnnotatedConnectException: Connection refused: /192.168.157.251:42113
	at sun.nio.ch.SocketChannelImpl.checkConnect(Native Method)
	at sun.nio.ch.SocketChannelImpl.finishConnect(SocketChannelImpl.java:717)
	at org.apache.ratis.thirdparty.io.netty.channel.socket.nio.NioSocketChannel.doFinishConnect(NioSocketChannel.java:327)
	at org.apache.ratis.thirdparty.io.netty.channel.nio.AbstractNioChannel$AbstractNioUnsafe.finishConnect(AbstractNioChannel.java:340)
	at org.apache.ratis.thirdparty.io.netty.channel.nio.NioEventLoop.processSelectedKey(NioEventLoop.java:632)
	at org.apache.ratis.thirdparty.io.netty.channel.nio.NioEventLoop.processSelectedKeysOptimized(NioEventLoop.java:579)
	at org.apache.ratis.thirdparty.io.netty.channel.nio.NioEventLoop.processSelectedKeys(NioEventLoop.java:496)
	at org.apache.ratis.thirdparty.io.netty.channel.nio.NioEventLoop.run(NioEventLoop.java:458)
	at org.apache.ratis.thirdparty.io.netty.util.concurrent.SingleThreadEventExecutor$5.run(SingleThreadEventExecutor.java:897)
	at org.apache.ratis.thirdparty.io.netty.util.concurrent.FastThreadLocalRunnable.run(FastThreadLocalRunnable.java:30)
	... 1 more
Caused by: java.net.ConnectException: Connection refused
	... 11 more
2019-10-17 18:51:10,800 [grpc-default-executor-2] INFO  impl.RaftServerImpl (RaftServerImpl.java:setRole(184)) - daae7813-f814-475d-9647-a302a5541e36@group-F775CA5912AC: changes role from  FOLLOWER to FOLLOWER at term 194 for recognizeCandidate:a5e79c22-a35f-4e50-b1fd-e91b6a93d74d
2019-10-17 18:51:10,800 [grpc-default-executor-2] INFO  impl.RoleInfo (RoleInfo.java:shutdownFollowerState(121)) - daae7813-f814-475d-9647-a302a5541e36: shutdown FollowerState
2019-10-17 18:51:10,800 [grpc-default-executor-2] INFO  impl.RoleInfo (RoleInfo.java:updateAndGet(143)) - daae7813-f814-475d-9647-a302a5541e36: start FollowerState
2019-10-17 18:51:10,801 [Thread-2887] INFO  impl.FollowerState (FollowerState.java:run(117)) - daae7813-f814-475d-9647-a302a5541e36@group-F775CA5912AC-FollowerState was interrupted: java.lang.InterruptedException: sleep interrupted
2019-10-17 18:51:10,815 [a5e79c22-a35f-4e50-b1fd-e91b6a93d74d@group-F775CA5912AC-LeaderElection361] INFO  impl.LeaderElection (LeaderElection.java:logAndReturn(56)) - a5e79c22-a35f-4e50-b1fd-e91b6a93d74d@group-F775CA5912AC-LeaderElection361: Election REJECTED; received 1 response(s) [a5e79c22-a35f-4e50-b1fd-e91b6a93d74d<-daae7813-f814-475d-9647-a302a5541e36#0:FAIL-t194] and 1 exception(s); a5e79c22-a35f-4e50-b1fd-e91b6a93d74d@group-F775CA5912AC:t194, leader=null, voted=a5e79c22-a35f-4e50-b1fd-e91b6a93d74d, raftlog=a5e79c22-a35f-4e50-b1fd-e91b6a93d74d@group-F775CA5912AC-SegmentedRaftLog:OPENED:c-1,f-1,i0, conf=-1: [a5e79c22-a35f-4e50-b1fd-e91b6a93d74d:192.168.157.251:45177, daae7813-f814-475d-9647-a302a5541e36:192.168.157.251:45025, 1e4e1375-1b66-460f-8c99-4c341545a119:192.168.157.251:42113], old=null
2019-10-17 18:51:10,815 [a5e79c22-a35f-4e50-b1fd-e91b6a93d74d@group-F775CA5912AC-LeaderElection361] INFO  impl.LeaderElection (LogUtils.java:infoOrTrace(149)) -   Exception 0: {}
java.util.concurrent.ExecutionException: org.apache.ratis.thirdparty.io.grpc.StatusRuntimeException: UNAVAILABLE: io exception
	at java.util.concurrent.FutureTask.report(FutureTask.java:122)
	at java.util.concurrent.FutureTask.get(FutureTask.java:192)
	at org.apache.ratis.server.impl.LeaderElection.waitForResults(LeaderElection.java:259)
	at org.apache.ratis.server.impl.LeaderElection.askForVotes(LeaderElection.java:197)
	at org.apache.ratis.server.impl.LeaderElection.run(LeaderElection.java:133)
	at java.lang.Thread.run(Thread.java:748)
Caused by: org.apache.ratis.thirdparty.io.grpc.StatusRuntimeException: UNAVAILABLE: io exception
	at org.apache.ratis.thirdparty.io.grpc.stub.ClientCalls.toStatusRuntimeException(ClientCalls.java:233)
	at org.apache.ratis.thirdparty.io.grpc.stub.ClientCalls.getUnchecked(ClientCalls.java:214)
	at org.apache.ratis.thirdparty.io.grpc.stub.ClientCalls.blockingUnaryCall(ClientCalls.java:139)
	at org.apache.ratis.proto.grpc.RaftServerProtocolServiceGrpc$RaftServerProtocolServiceBlockingStub.requestVote(RaftServerProtocolServiceGrpc.java:265)
	at org.apache.ratis.grpc.server.GrpcServerProtocolClient.requestVote(GrpcServerProtocolClient.java:99)
	at org.apache.ratis.grpc.server.GrpcService.requestVote(GrpcService.java:204)
	at org.apache.ratis.server.impl.LeaderElection.lambda$submitRequests$1(LeaderElection.java:234)
	at java.util.concurrent.FutureTask.run(FutureTask.java:266)
	at java.util.concurrent.Executors$RunnableAdapter.call(Executors.java:511)
	at java.util.concurrent.FutureTask.run(FutureTask.java:266)
	at java.util.concurrent.ThreadPoolExecutor.runWorker(ThreadPoolExecutor.java:1149)
	at java.util.concurrent.ThreadPoolExecutor$Worker.run(ThreadPoolExecutor.java:624)
	... 1 more
Caused by: org.apache.ratis.thirdparty.io.netty.channel.AbstractChannel$AnnotatedConnectException: Connection refused: /192.168.157.251:42113
	at sun.nio.ch.SocketChannelImpl.checkConnect(Native Method)
	at sun.nio.ch.SocketChannelImpl.finishConnect(SocketChannelImpl.java:717)
	at org.apache.ratis.thirdparty.io.netty.channel.socket.nio.NioSocketChannel.doFinishConnect(NioSocketChannel.java:327)
	at org.apache.ratis.thirdparty.io.netty.channel.nio.AbstractNioChannel$AbstractNioUnsafe.finishConnect(AbstractNioChannel.java:340)
	at org.apache.ratis.thirdparty.io.netty.channel.nio.NioEventLoop.processSelectedKey(NioEventLoop.java:632)
	at org.apache.ratis.thirdparty.io.netty.channel.nio.NioEventLoop.processSelectedKeysOptimized(NioEventLoop.java:579)
	at org.apache.ratis.thirdparty.io.netty.channel.nio.NioEventLoop.processSelectedKeys(NioEventLoop.java:496)
	at org.apache.ratis.thirdparty.io.netty.channel.nio.NioEventLoop.run(NioEventLoop.java:458)
	at org.apache.ratis.thirdparty.io.netty.util.concurrent.SingleThreadEventExecutor$5.run(SingleThreadEventExecutor.java:897)
	at org.apache.ratis.thirdparty.io.netty.util.concurrent.FastThreadLocalRunnable.run(FastThreadLocalRunnable.java:30)
	... 1 more
Caused by: java.net.ConnectException: Connection refused
	... 11 more
2019-10-17 18:51:10,816 [a5e79c22-a35f-4e50-b1fd-e91b6a93d74d@group-F775CA5912AC-LeaderElection361] INFO  impl.RaftServerImpl (RaftServerImpl.java:setRole(184)) - a5e79c22-a35f-4e50-b1fd-e91b6a93d74d@group-F775CA5912AC: changes role from CANDIDATE to FOLLOWER at term 194 for DISCOVERED_A_NEW_TERM
2019-10-17 18:51:10,816 [a5e79c22-a35f-4e50-b1fd-e91b6a93d74d@group-F775CA5912AC-LeaderElection361] INFO  impl.RoleInfo (RoleInfo.java:shutdownLeaderElection(134)) - a5e79c22-a35f-4e50-b1fd-e91b6a93d74d: shutdown LeaderElection
2019-10-17 18:51:10,816 [a5e79c22-a35f-4e50-b1fd-e91b6a93d74d@group-F775CA5912AC-LeaderElection361] INFO  impl.RoleInfo (RoleInfo.java:updateAndGet(143)) - a5e79c22-a35f-4e50-b1fd-e91b6a93d74d: start FollowerState
2019-10-17 18:51:10,967 [Thread-2893] INFO  impl.FollowerState (FollowerState.java:run(108)) - a5e79c22-a35f-4e50-b1fd-e91b6a93d74d@group-F775CA5912AC-FollowerState: change to CANDIDATE, lastRpcTime:150ms, electionTimeout:150ms
2019-10-17 18:51:10,967 [Thread-2893] INFO  impl.RoleInfo (RoleInfo.java:shutdownFollowerState(121)) - a5e79c22-a35f-4e50-b1fd-e91b6a93d74d: shutdown FollowerState
2019-10-17 18:51:10,967 [Thread-2893] INFO  impl.RaftServerImpl (RaftServerImpl.java:setRole(184)) - a5e79c22-a35f-4e50-b1fd-e91b6a93d74d@group-F775CA5912AC: changes role from  FOLLOWER to CANDIDATE at term 194 for changeToCandidate
2019-10-17 18:51:10,967 [Thread-2893] INFO  impl.RoleInfo (RoleInfo.java:updateAndGet(143)) - a5e79c22-a35f-4e50-b1fd-e91b6a93d74d: start LeaderElection
2019-10-17 18:51:10,982 [a5e79c22-a35f-4e50-b1fd-e91b6a93d74d@group-F775CA5912AC-LeaderElection362] INFO  impl.LeaderElection (LeaderElection.java:askForVotes(178)) - a5e79c22-a35f-4e50-b1fd-e91b6a93d74d@group-F775CA5912AC-LeaderElection362: begin an election at term 195 for -1: [a5e79c22-a35f-4e50-b1fd-e91b6a93d74d:192.168.157.251:45177, daae7813-f814-475d-9647-a302a5541e36:192.168.157.251:45025, 1e4e1375-1b66-460f-8c99-4c341545a119:192.168.157.251:42113], old=null
2019-10-17 18:51:10,983 [a5e79c22-a35f-4e50-b1fd-e91b6a93d74d@group-F775CA5912AC-LeaderElection362] INFO  impl.LeaderElection (LogUtils.java:infoOrTrace(149)) - a5e79c22-a35f-4e50-b1fd-e91b6a93d74d@group-F775CA5912AC-LeaderElection362 got exception when requesting votes: {}
java.util.concurrent.ExecutionException: org.apache.ratis.thirdparty.io.grpc.StatusRuntimeException: UNAVAILABLE: io exception
	at java.util.concurrent.FutureTask.report(FutureTask.java:122)
	at java.util.concurrent.FutureTask.get(FutureTask.java:192)
	at org.apache.ratis.server.impl.LeaderElection.waitForResults(LeaderElection.java:259)
	at org.apache.ratis.server.impl.LeaderElection.askForVotes(LeaderElection.java:197)
	at org.apache.ratis.server.impl.LeaderElection.run(LeaderElection.java:133)
	at java.lang.Thread.run(Thread.java:748)
Caused by: org.apache.ratis.thirdparty.io.grpc.StatusRuntimeException: UNAVAILABLE: io exception
	at org.apache.ratis.thirdparty.io.grpc.stub.ClientCalls.toStatusRuntimeException(ClientCalls.java:233)
	at org.apache.ratis.thirdparty.io.grpc.stub.ClientCalls.getUnchecked(ClientCalls.java:214)
	at org.apache.ratis.thirdparty.io.grpc.stub.ClientCalls.blockingUnaryCall(ClientCalls.java:139)
	at org.apache.ratis.proto.grpc.RaftServerProtocolServiceGrpc$RaftServerProtocolServiceBlockingStub.requestVote(RaftServerProtocolServiceGrpc.java:265)
	at org.apache.ratis.grpc.server.GrpcServerProtocolClient.requestVote(GrpcServerProtocolClient.java:99)
	at org.apache.ratis.grpc.server.GrpcService.requestVote(GrpcService.java:204)
	at org.apache.ratis.server.impl.LeaderElection.lambda$submitRequests$1(LeaderElection.java:234)
	at java.util.concurrent.FutureTask.run(FutureTask.java:266)
	at java.util.concurrent.Executors$RunnableAdapter.call(Executors.java:511)
	at java.util.concurrent.FutureTask.run(FutureTask.java:266)
	at java.util.concurrent.ThreadPoolExecutor.runWorker(ThreadPoolExecutor.java:1149)
	at java.util.concurrent.ThreadPoolExecutor$Worker.run(ThreadPoolExecutor.java:624)
	... 1 more
Caused by: org.apache.ratis.thirdparty.io.netty.channel.AbstractChannel$AnnotatedConnectException: Connection refused: /192.168.157.251:42113
	at sun.nio.ch.SocketChannelImpl.checkConnect(Native Method)
	at sun.nio.ch.SocketChannelImpl.finishConnect(SocketChannelImpl.java:717)
	at org.apache.ratis.thirdparty.io.netty.channel.socket.nio.NioSocketChannel.doFinishConnect(NioSocketChannel.java:327)
	at org.apache.ratis.thirdparty.io.netty.channel.nio.AbstractNioChannel$AbstractNioUnsafe.finishConnect(AbstractNioChannel.java:340)
	at org.apache.ratis.thirdparty.io.netty.channel.nio.NioEventLoop.processSelectedKey(NioEventLoop.java:632)
	at org.apache.ratis.thirdparty.io.netty.channel.nio.NioEventLoop.processSelectedKeysOptimized(NioEventLoop.java:579)
	at org.apache.ratis.thirdparty.io.netty.channel.nio.NioEventLoop.processSelectedKeys(NioEventLoop.java:496)
	at org.apache.ratis.thirdparty.io.netty.channel.nio.NioEventLoop.run(NioEventLoop.java:458)
	at org.apache.ratis.thirdparty.io.netty.util.concurrent.SingleThreadEventExecutor$5.run(SingleThreadEventExecutor.java:897)
	at org.apache.ratis.thirdparty.io.netty.util.concurrent.FastThreadLocalRunnable.run(FastThreadLocalRunnable.java:30)
	... 1 more
Caused by: java.net.ConnectException: Connection refused
	... 11 more
2019-10-17 18:51:10,988 [grpc-default-executor-2] INFO  impl.RaftServerImpl (RaftServerImpl.java:setRole(184)) - daae7813-f814-475d-9647-a302a5541e36@group-F775CA5912AC: changes role from  FOLLOWER to FOLLOWER at term 195 for recognizeCandidate:a5e79c22-a35f-4e50-b1fd-e91b6a93d74d
2019-10-17 18:51:10,988 [grpc-default-executor-2] INFO  impl.RoleInfo (RoleInfo.java:shutdownFollowerState(121)) - daae7813-f814-475d-9647-a302a5541e36: shutdown FollowerState
2019-10-17 18:51:10,988 [grpc-default-executor-2] INFO  impl.RoleInfo (RoleInfo.java:updateAndGet(143)) - daae7813-f814-475d-9647-a302a5541e36: start FollowerState
2019-10-17 18:51:10,988 [Thread-2892] INFO  impl.FollowerState (FollowerState.java:run(117)) - daae7813-f814-475d-9647-a302a5541e36@group-F775CA5912AC-FollowerState was interrupted: java.lang.InterruptedException: sleep interrupted
2019-10-17 18:51:11,015 [a5e79c22-a35f-4e50-b1fd-e91b6a93d74d@group-F775CA5912AC-LeaderElection362] INFO  impl.LeaderElection (LeaderElection.java:logAndReturn(56)) - a5e79c22-a35f-4e50-b1fd-e91b6a93d74d@group-F775CA5912AC-LeaderElection362: Election REJECTED; received 1 response(s) [a5e79c22-a35f-4e50-b1fd-e91b6a93d74d<-daae7813-f814-475d-9647-a302a5541e36#0:FAIL-t195] and 1 exception(s); a5e79c22-a35f-4e50-b1fd-e91b6a93d74d@group-F775CA5912AC:t195, leader=null, voted=a5e79c22-a35f-4e50-b1fd-e91b6a93d74d, raftlog=a5e79c22-a35f-4e50-b1fd-e91b6a93d74d@group-F775CA5912AC-SegmentedRaftLog:OPENED:c-1,f-1,i0, conf=-1: [a5e79c22-a35f-4e50-b1fd-e91b6a93d74d:192.168.157.251:45177, daae7813-f814-475d-9647-a302a5541e36:192.168.157.251:45025, 1e4e1375-1b66-460f-8c99-4c341545a119:192.168.157.251:42113], old=null
2019-10-17 18:51:11,015 [a5e79c22-a35f-4e50-b1fd-e91b6a93d74d@group-F775CA5912AC-LeaderElection362] INFO  impl.LeaderElection (LogUtils.java:infoOrTrace(149)) -   Exception 0: {}
java.util.concurrent.ExecutionException: org.apache.ratis.thirdparty.io.grpc.StatusRuntimeException: UNAVAILABLE: io exception
	at java.util.concurrent.FutureTask.report(FutureTask.java:122)
	at java.util.concurrent.FutureTask.get(FutureTask.java:192)
	at org.apache.ratis.server.impl.LeaderElection.waitForResults(LeaderElection.java:259)
	at org.apache.ratis.server.impl.LeaderElection.askForVotes(LeaderElection.java:197)
	at org.apache.ratis.server.impl.LeaderElection.run(LeaderElection.java:133)
	at java.lang.Thread.run(Thread.java:748)
Caused by: org.apache.ratis.thirdparty.io.grpc.StatusRuntimeException: UNAVAILABLE: io exception
	at org.apache.ratis.thirdparty.io.grpc.stub.ClientCalls.toStatusRuntimeException(ClientCalls.java:233)
	at org.apache.ratis.thirdparty.io.grpc.stub.ClientCalls.getUnchecked(ClientCalls.java:214)
	at org.apache.ratis.thirdparty.io.grpc.stub.ClientCalls.blockingUnaryCall(ClientCalls.java:139)
	at org.apache.ratis.proto.grpc.RaftServerProtocolServiceGrpc$RaftServerProtocolServiceBlockingStub.requestVote(RaftServerProtocolServiceGrpc.java:265)
	at org.apache.ratis.grpc.server.GrpcServerProtocolClient.requestVote(GrpcServerProtocolClient.java:99)
	at org.apache.ratis.grpc.server.GrpcService.requestVote(GrpcService.java:204)
	at org.apache.ratis.server.impl.LeaderElection.lambda$submitRequests$1(LeaderElection.java:234)
	at java.util.concurrent.FutureTask.run(FutureTask.java:266)
	at java.util.concurrent.Executors$RunnableAdapter.call(Executors.java:511)
	at java.util.concurrent.FutureTask.run(FutureTask.java:266)
	at java.util.concurrent.ThreadPoolExecutor.runWorker(ThreadPoolExecutor.java:1149)
	at java.util.concurrent.ThreadPoolExecutor$Worker.run(ThreadPoolExecutor.java:624)
	... 1 more
Caused by: org.apache.ratis.thirdparty.io.netty.channel.AbstractChannel$AnnotatedConnectException: Connection refused: /192.168.157.251:42113
	at sun.nio.ch.SocketChannelImpl.checkConnect(Native Method)
	at sun.nio.ch.SocketChannelImpl.finishConnect(SocketChannelImpl.java:717)
	at org.apache.ratis.thirdparty.io.netty.channel.socket.nio.NioSocketChannel.doFinishConnect(NioSocketChannel.java:327)
	at org.apache.ratis.thirdparty.io.netty.channel.nio.AbstractNioChannel$AbstractNioUnsafe.finishConnect(AbstractNioChannel.java:340)
	at org.apache.ratis.thirdparty.io.netty.channel.nio.NioEventLoop.processSelectedKey(NioEventLoop.java:632)
	at org.apache.ratis.thirdparty.io.netty.channel.nio.NioEventLoop.processSelectedKeysOptimized(NioEventLoop.java:579)
	at org.apache.ratis.thirdparty.io.netty.channel.nio.NioEventLoop.processSelectedKeys(NioEventLoop.java:496)
	at org.apache.ratis.thirdparty.io.netty.channel.nio.NioEventLoop.run(NioEventLoop.java:458)
	at org.apache.ratis.thirdparty.io.netty.util.concurrent.SingleThreadEventExecutor$5.run(SingleThreadEventExecutor.java:897)
	at org.apache.ratis.thirdparty.io.netty.util.concurrent.FastThreadLocalRunnable.run(FastThreadLocalRunnable.java:30)
	... 1 more
Caused by: java.net.ConnectException: Connection refused
	... 11 more
2019-10-17 18:51:11,016 [a5e79c22-a35f-4e50-b1fd-e91b6a93d74d@group-F775CA5912AC-LeaderElection362] INFO  impl.RaftServerImpl (RaftServerImpl.java:setRole(184)) - a5e79c22-a35f-4e50-b1fd-e91b6a93d74d@group-F775CA5912AC: changes role from CANDIDATE to FOLLOWER at term 195 for DISCOVERED_A_NEW_TERM
2019-10-17 18:51:11,016 [a5e79c22-a35f-4e50-b1fd-e91b6a93d74d@group-F775CA5912AC-LeaderElection362] INFO  impl.RoleInfo (RoleInfo.java:shutdownLeaderElection(134)) - a5e79c22-a35f-4e50-b1fd-e91b6a93d74d: shutdown LeaderElection
2019-10-17 18:51:11,016 [a5e79c22-a35f-4e50-b1fd-e91b6a93d74d@group-F775CA5912AC-LeaderElection362] INFO  impl.RoleInfo (RoleInfo.java:updateAndGet(143)) - a5e79c22-a35f-4e50-b1fd-e91b6a93d74d: start FollowerState
2019-10-17 18:51:11,146 [Thread-2900] INFO  impl.FollowerState (FollowerState.java:run(108)) - a5e79c22-a35f-4e50-b1fd-e91b6a93d74d@group-F775CA5912AC-FollowerState: change to CANDIDATE, lastRpcTime:129ms, electionTimeout:129ms
2019-10-17 18:51:11,146 [Thread-2900] INFO  impl.RoleInfo (RoleInfo.java:shutdownFollowerState(121)) - a5e79c22-a35f-4e50-b1fd-e91b6a93d74d: shutdown FollowerState
2019-10-17 18:51:11,146 [Thread-2900] INFO  impl.RaftServerImpl (RaftServerImpl.java:setRole(184)) - a5e79c22-a35f-4e50-b1fd-e91b6a93d74d@group-F775CA5912AC: changes role from  FOLLOWER to CANDIDATE at term 195 for changeToCandidate
2019-10-17 18:51:11,146 [Thread-2900] INFO  impl.RoleInfo (RoleInfo.java:updateAndGet(143)) - a5e79c22-a35f-4e50-b1fd-e91b6a93d74d: start LeaderElection
2019-10-17 18:51:11,161 [a5e79c22-a35f-4e50-b1fd-e91b6a93d74d@group-F775CA5912AC-LeaderElection363] INFO  impl.LeaderElection (LeaderElection.java:askForVotes(178)) - a5e79c22-a35f-4e50-b1fd-e91b6a93d74d@group-F775CA5912AC-LeaderElection363: begin an election at term 196 for -1: [a5e79c22-a35f-4e50-b1fd-e91b6a93d74d:192.168.157.251:45177, daae7813-f814-475d-9647-a302a5541e36:192.168.157.251:45025, 1e4e1375-1b66-460f-8c99-4c341545a119:192.168.157.251:42113], old=null
2019-10-17 18:51:11,162 [a5e79c22-a35f-4e50-b1fd-e91b6a93d74d@group-F775CA5912AC-LeaderElection363] INFO  impl.LeaderElection (LogUtils.java:infoOrTrace(149)) - a5e79c22-a35f-4e50-b1fd-e91b6a93d74d@group-F775CA5912AC-LeaderElection363 got exception when requesting votes: {}
java.util.concurrent.ExecutionException: org.apache.ratis.thirdparty.io.grpc.StatusRuntimeException: UNAVAILABLE: io exception
	at java.util.concurrent.FutureTask.report(FutureTask.java:122)
	at java.util.concurrent.FutureTask.get(FutureTask.java:192)
	at org.apache.ratis.server.impl.LeaderElection.waitForResults(LeaderElection.java:259)
	at org.apache.ratis.server.impl.LeaderElection.askForVotes(LeaderElection.java:197)
	at org.apache.ratis.server.impl.LeaderElection.run(LeaderElection.java:133)
	at java.lang.Thread.run(Thread.java:748)
Caused by: org.apache.ratis.thirdparty.io.grpc.StatusRuntimeException: UNAVAILABLE: io exception
	at org.apache.ratis.thirdparty.io.grpc.stub.ClientCalls.toStatusRuntimeException(ClientCalls.java:233)
	at org.apache.ratis.thirdparty.io.grpc.stub.ClientCalls.getUnchecked(ClientCalls.java:214)
	at org.apache.ratis.thirdparty.io.grpc.stub.ClientCalls.blockingUnaryCall(ClientCalls.java:139)
	at org.apache.ratis.proto.grpc.RaftServerProtocolServiceGrpc$RaftServerProtocolServiceBlockingStub.requestVote(RaftServerProtocolServiceGrpc.java:265)
	at org.apache.ratis.grpc.server.GrpcServerProtocolClient.requestVote(GrpcServerProtocolClient.java:99)
	at org.apache.ratis.grpc.server.GrpcService.requestVote(GrpcService.java:204)
	at org.apache.ratis.server.impl.LeaderElection.lambda$submitRequests$1(LeaderElection.java:234)
	at java.util.concurrent.FutureTask.run(FutureTask.java:266)
	at java.util.concurrent.Executors$RunnableAdapter.call(Executors.java:511)
	at java.util.concurrent.FutureTask.run(FutureTask.java:266)
	at java.util.concurrent.ThreadPoolExecutor.runWorker(ThreadPoolExecutor.java:1149)
	at java.util.concurrent.ThreadPoolExecutor$Worker.run(ThreadPoolExecutor.java:624)
	... 1 more
Caused by: org.apache.ratis.thirdparty.io.netty.channel.AbstractChannel$AnnotatedConnectException: Connection refused: /192.168.157.251:42113
	at sun.nio.ch.SocketChannelImpl.checkConnect(Native Method)
	at sun.nio.ch.SocketChannelImpl.finishConnect(SocketChannelImpl.java:717)
	at org.apache.ratis.thirdparty.io.netty.channel.socket.nio.NioSocketChannel.doFinishConnect(NioSocketChannel.java:327)
	at org.apache.ratis.thirdparty.io.netty.channel.nio.AbstractNioChannel$AbstractNioUnsafe.finishConnect(AbstractNioChannel.java:340)
	at org.apache.ratis.thirdparty.io.netty.channel.nio.NioEventLoop.processSelectedKey(NioEventLoop.java:632)
	at org.apache.ratis.thirdparty.io.netty.channel.nio.NioEventLoop.processSelectedKeysOptimized(NioEventLoop.java:579)
	at org.apache.ratis.thirdparty.io.netty.channel.nio.NioEventLoop.processSelectedKeys(NioEventLoop.java:496)
	at org.apache.ratis.thirdparty.io.netty.channel.nio.NioEventLoop.run(NioEventLoop.java:458)
	at org.apache.ratis.thirdparty.io.netty.util.concurrent.SingleThreadEventExecutor$5.run(SingleThreadEventExecutor.java:897)
	at org.apache.ratis.thirdparty.io.netty.util.concurrent.FastThreadLocalRunnable.run(FastThreadLocalRunnable.java:30)
	... 1 more
Caused by: java.net.ConnectException: Connection refused
	... 11 more
2019-10-17 18:51:11,166 [grpc-default-executor-2] INFO  impl.RaftServerImpl (RaftServerImpl.java:setRole(184)) - daae7813-f814-475d-9647-a302a5541e36@group-F775CA5912AC: changes role from  FOLLOWER to FOLLOWER at term 196 for recognizeCandidate:a5e79c22-a35f-4e50-b1fd-e91b6a93d74d
2019-10-17 18:51:11,166 [grpc-default-executor-2] INFO  impl.RoleInfo (RoleInfo.java:shutdownFollowerState(121)) - daae7813-f814-475d-9647-a302a5541e36: shutdown FollowerState
2019-10-17 18:51:11,166 [grpc-default-executor-2] INFO  impl.RoleInfo (RoleInfo.java:updateAndGet(143)) - daae7813-f814-475d-9647-a302a5541e36: start FollowerState
2019-10-17 18:51:11,166 [Thread-2899] INFO  impl.FollowerState (FollowerState.java:run(117)) - daae7813-f814-475d-9647-a302a5541e36@group-F775CA5912AC-FollowerState was interrupted: java.lang.InterruptedException: sleep interrupted
2019-10-17 18:51:11,179 [a5e79c22-a35f-4e50-b1fd-e91b6a93d74d@group-F775CA5912AC-LeaderElection363] INFO  impl.LeaderElection (LeaderElection.java:logAndReturn(56)) - a5e79c22-a35f-4e50-b1fd-e91b6a93d74d@group-F775CA5912AC-LeaderElection363: Election REJECTED; received 1 response(s) [a5e79c22-a35f-4e50-b1fd-e91b6a93d74d<-daae7813-f814-475d-9647-a302a5541e36#0:FAIL-t196] and 1 exception(s); a5e79c22-a35f-4e50-b1fd-e91b6a93d74d@group-F775CA5912AC:t196, leader=null, voted=a5e79c22-a35f-4e50-b1fd-e91b6a93d74d, raftlog=a5e79c22-a35f-4e50-b1fd-e91b6a93d74d@group-F775CA5912AC-SegmentedRaftLog:OPENED:c-1,f-1,i0, conf=-1: [a5e79c22-a35f-4e50-b1fd-e91b6a93d74d:192.168.157.251:45177, daae7813-f814-475d-9647-a302a5541e36:192.168.157.251:45025, 1e4e1375-1b66-460f-8c99-4c341545a119:192.168.157.251:42113], old=null
2019-10-17 18:51:11,179 [a5e79c22-a35f-4e50-b1fd-e91b6a93d74d@group-F775CA5912AC-LeaderElection363] INFO  impl.LeaderElection (LogUtils.java:infoOrTrace(149)) -   Exception 0: {}
java.util.concurrent.ExecutionException: org.apache.ratis.thirdparty.io.grpc.StatusRuntimeException: UNAVAILABLE: io exception
	at java.util.concurrent.FutureTask.report(FutureTask.java:122)
	at java.util.concurrent.FutureTask.get(FutureTask.java:192)
	at org.apache.ratis.server.impl.LeaderElection.waitForResults(LeaderElection.java:259)
	at org.apache.ratis.server.impl.LeaderElection.askForVotes(LeaderElection.java:197)
	at org.apache.ratis.server.impl.LeaderElection.run(LeaderElection.java:133)
	at java.lang.Thread.run(Thread.java:748)
Caused by: org.apache.ratis.thirdparty.io.grpc.StatusRuntimeException: UNAVAILABLE: io exception
	at org.apache.ratis.thirdparty.io.grpc.stub.ClientCalls.toStatusRuntimeException(ClientCalls.java:233)
	at org.apache.ratis.thirdparty.io.grpc.stub.ClientCalls.getUnchecked(ClientCalls.java:214)
	at org.apache.ratis.thirdparty.io.grpc.stub.ClientCalls.blockingUnaryCall(ClientCalls.java:139)
	at org.apache.ratis.proto.grpc.RaftServerProtocolServiceGrpc$RaftServerProtocolServiceBlockingStub.requestVote(RaftServerProtocolServiceGrpc.java:265)
	at org.apache.ratis.grpc.server.GrpcServerProtocolClient.requestVote(GrpcServerProtocolClient.java:99)
	at org.apache.ratis.grpc.server.GrpcService.requestVote(GrpcService.java:204)
	at org.apache.ratis.server.impl.LeaderElection.lambda$submitRequests$1(LeaderElection.java:234)
	at java.util.concurrent.FutureTask.run(FutureTask.java:266)
	at java.util.concurrent.Executors$RunnableAdapter.call(Executors.java:511)
	at java.util.concurrent.FutureTask.run(FutureTask.java:266)
	at java.util.concurrent.ThreadPoolExecutor.runWorker(ThreadPoolExecutor.java:1149)
	at java.util.concurrent.ThreadPoolExecutor$Worker.run(ThreadPoolExecutor.java:624)
	... 1 more
Caused by: org.apache.ratis.thirdparty.io.netty.channel.AbstractChannel$AnnotatedConnectException: Connection refused: /192.168.157.251:42113
	at sun.nio.ch.SocketChannelImpl.checkConnect(Native Method)
	at sun.nio.ch.SocketChannelImpl.finishConnect(SocketChannelImpl.java:717)
	at org.apache.ratis.thirdparty.io.netty.channel.socket.nio.NioSocketChannel.doFinishConnect(NioSocketChannel.java:327)
	at org.apache.ratis.thirdparty.io.netty.channel.nio.AbstractNioChannel$AbstractNioUnsafe.finishConnect(AbstractNioChannel.java:340)
	at org.apache.ratis.thirdparty.io.netty.channel.nio.NioEventLoop.processSelectedKey(NioEventLoop.java:632)
	at org.apache.ratis.thirdparty.io.netty.channel.nio.NioEventLoop.processSelectedKeysOptimized(NioEventLoop.java:579)
	at org.apache.ratis.thirdparty.io.netty.channel.nio.NioEventLoop.processSelectedKeys(NioEventLoop.java:496)
	at org.apache.ratis.thirdparty.io.netty.channel.nio.NioEventLoop.run(NioEventLoop.java:458)
	at org.apache.ratis.thirdparty.io.netty.util.concurrent.SingleThreadEventExecutor$5.run(SingleThreadEventExecutor.java:897)
	at org.apache.ratis.thirdparty.io.netty.util.concurrent.FastThreadLocalRunnable.run(FastThreadLocalRunnable.java:30)
	... 1 more
Caused by: java.net.ConnectException: Connection refused
	... 11 more
2019-10-17 18:51:11,180 [a5e79c22-a35f-4e50-b1fd-e91b6a93d74d@group-F775CA5912AC-LeaderElection363] INFO  impl.RaftServerImpl (RaftServerImpl.java:setRole(184)) - a5e79c22-a35f-4e50-b1fd-e91b6a93d74d@group-F775CA5912AC: changes role from CANDIDATE to FOLLOWER at term 196 for DISCOVERED_A_NEW_TERM
2019-10-17 18:51:11,180 [a5e79c22-a35f-4e50-b1fd-e91b6a93d74d@group-F775CA5912AC-LeaderElection363] INFO  impl.RoleInfo (RoleInfo.java:shutdownLeaderElection(134)) - a5e79c22-a35f-4e50-b1fd-e91b6a93d74d: shutdown LeaderElection
2019-10-17 18:51:11,180 [a5e79c22-a35f-4e50-b1fd-e91b6a93d74d@group-F775CA5912AC-LeaderElection363] INFO  impl.RoleInfo (RoleInfo.java:updateAndGet(143)) - a5e79c22-a35f-4e50-b1fd-e91b6a93d74d: start FollowerState
2019-10-17 18:51:11,274 [Datanode State Machine Thread - 0] INFO  statemachine.DatanodeStateMachine (DatanodeStateMachine.java:lambda$startDaemon$0(350)) - Ozone container server started.
2019-10-17 18:51:11,275 [Thread-2863] INFO  impl.FollowerState (FollowerState.java:run(108)) - 73297ffa-40cb-4e3e-b33e-1bc2c1da60f5@group-5F52F902B742-FollowerState: change to CANDIDATE, lastRpcTime:1123ms, electionTimeout:1123ms
2019-10-17 18:51:11,275 [Thread-2863] INFO  impl.RoleInfo (RoleInfo.java:shutdownFollowerState(121)) - 73297ffa-40cb-4e3e-b33e-1bc2c1da60f5: shutdown FollowerState
2019-10-17 18:51:11,276 [Thread-2863] INFO  impl.RaftServerImpl (RaftServerImpl.java:setRole(184)) - 73297ffa-40cb-4e3e-b33e-1bc2c1da60f5@group-5F52F902B742: changes role from  FOLLOWER to CANDIDATE at term 197 for changeToCandidate
2019-10-17 18:51:11,276 [Thread-2863] INFO  impl.RoleInfo (RoleInfo.java:updateAndGet(143)) - 73297ffa-40cb-4e3e-b33e-1bc2c1da60f5: start LeaderElection
2019-10-17 18:51:11,292 [73297ffa-40cb-4e3e-b33e-1bc2c1da60f5@group-5F52F902B742-LeaderElection364] INFO  impl.LeaderElection (LeaderElection.java:askForVotes(178)) - 73297ffa-40cb-4e3e-b33e-1bc2c1da60f5@group-5F52F902B742-LeaderElection364: begin an election at term 198 for 0: [b8f04e38-0663-4b1f-8efd-f76585c6e86c:192.168.157.251:35700, abcd8826-c056-4817-bd0f-7af19a46d814:192.168.157.251:46496, 73297ffa-40cb-4e3e-b33e-1bc2c1da60f5:192.168.157.251:32952], old=null
2019-10-17 18:51:11,295 [73297ffa-40cb-4e3e-b33e-1bc2c1da60f5@group-5F52F902B742-LeaderElection364] INFO  impl.LeaderElection (LogUtils.java:infoOrTrace(149)) - 73297ffa-40cb-4e3e-b33e-1bc2c1da60f5@group-5F52F902B742-LeaderElection364 got exception when requesting votes: {}
java.util.concurrent.ExecutionException: org.apache.ratis.thirdparty.io.grpc.StatusRuntimeException: UNAVAILABLE: io exception
	at java.util.concurrent.FutureTask.report(FutureTask.java:122)
	at java.util.concurrent.FutureTask.get(FutureTask.java:192)
	at org.apache.ratis.server.impl.LeaderElection.waitForResults(LeaderElection.java:259)
	at org.apache.ratis.server.impl.LeaderElection.askForVotes(LeaderElection.java:197)
	at org.apache.ratis.server.impl.LeaderElection.run(LeaderElection.java:133)
	at java.lang.Thread.run(Thread.java:748)
Caused by: org.apache.ratis.thirdparty.io.grpc.StatusRuntimeException: UNAVAILABLE: io exception
	at org.apache.ratis.thirdparty.io.grpc.stub.ClientCalls.toStatusRuntimeException(ClientCalls.java:233)
	at org.apache.ratis.thirdparty.io.grpc.stub.ClientCalls.getUnchecked(ClientCalls.java:214)
	at org.apache.ratis.thirdparty.io.grpc.stub.ClientCalls.blockingUnaryCall(ClientCalls.java:139)
	at org.apache.ratis.proto.grpc.RaftServerProtocolServiceGrpc$RaftServerProtocolServiceBlockingStub.requestVote(RaftServerProtocolServiceGrpc.java:265)
	at org.apache.ratis.grpc.server.GrpcServerProtocolClient.requestVote(GrpcServerProtocolClient.java:99)
	at org.apache.ratis.grpc.server.GrpcService.requestVote(GrpcService.java:204)
	at org.apache.ratis.server.impl.LeaderElection.lambda$submitRequests$1(LeaderElection.java:234)
	at java.util.concurrent.FutureTask.run(FutureTask.java:266)
	at java.util.concurrent.Executors$RunnableAdapter.call(Executors.java:511)
	at java.util.concurrent.FutureTask.run(FutureTask.java:266)
	at java.util.concurrent.ThreadPoolExecutor.runWorker(ThreadPoolExecutor.java:1149)
	at java.util.concurrent.ThreadPoolExecutor$Worker.run(ThreadPoolExecutor.java:624)
	... 1 more
Caused by: org.apache.ratis.thirdparty.io.netty.channel.AbstractChannel$AnnotatedConnectException: Connection refused: /192.168.157.251:46496
	at sun.nio.ch.SocketChannelImpl.checkConnect(Native Method)
	at sun.nio.ch.SocketChannelImpl.finishConnect(SocketChannelImpl.java:717)
	at org.apache.ratis.thirdparty.io.netty.channel.socket.nio.NioSocketChannel.doFinishConnect(NioSocketChannel.java:327)
	at org.apache.ratis.thirdparty.io.netty.channel.nio.AbstractNioChannel$AbstractNioUnsafe.finishConnect(AbstractNioChannel.java:340)
	at org.apache.ratis.thirdparty.io.netty.channel.nio.NioEventLoop.processSelectedKey(NioEventLoop.java:632)
	at org.apache.ratis.thirdparty.io.netty.channel.nio.NioEventLoop.processSelectedKeysOptimized(NioEventLoop.java:579)
	at org.apache.ratis.thirdparty.io.netty.channel.nio.NioEventLoop.processSelectedKeys(NioEventLoop.java:496)
	at org.apache.ratis.thirdparty.io.netty.channel.nio.NioEventLoop.run(NioEventLoop.java:458)
	at org.apache.ratis.thirdparty.io.netty.util.concurrent.SingleThreadEventExecutor$5.run(SingleThreadEventExecutor.java:897)
	at org.apache.ratis.thirdparty.io.netty.util.concurrent.FastThreadLocalRunnable.run(FastThreadLocalRunnable.java:30)
	... 1 more
Caused by: java.net.ConnectException: Connection refused
	... 11 more
2019-10-17 18:51:11,300 [grpc-default-executor-2] INFO  impl.RaftServerImpl (RaftServerImpl.java:setRole(184)) - b8f04e38-0663-4b1f-8efd-f76585c6e86c@group-5F52F902B742: changes role from  FOLLOWER to FOLLOWER at term 198 for recognizeCandidate:73297ffa-40cb-4e3e-b33e-1bc2c1da60f5
2019-10-17 18:51:11,300 [grpc-default-executor-2] INFO  impl.RoleInfo (RoleInfo.java:shutdownFollowerState(121)) - b8f04e38-0663-4b1f-8efd-f76585c6e86c: shutdown FollowerState
2019-10-17 18:51:11,300 [grpc-default-executor-2] INFO  impl.RoleInfo (RoleInfo.java:updateAndGet(143)) - b8f04e38-0663-4b1f-8efd-f76585c6e86c: start FollowerState
2019-10-17 18:51:11,300 [Thread-2864] INFO  impl.FollowerState (FollowerState.java:run(117)) - b8f04e38-0663-4b1f-8efd-f76585c6e86c@group-5F52F902B742-FollowerState was interrupted: java.lang.InterruptedException: sleep interrupted
2019-10-17 18:51:11,314 [73297ffa-40cb-4e3e-b33e-1bc2c1da60f5@group-5F52F902B742-LeaderElection364] INFO  impl.LeaderElection (LeaderElection.java:logAndReturn(56)) - 73297ffa-40cb-4e3e-b33e-1bc2c1da60f5@group-5F52F902B742-LeaderElection364: Election REJECTED; received 1 response(s) [73297ffa-40cb-4e3e-b33e-1bc2c1da60f5<-b8f04e38-0663-4b1f-8efd-f76585c6e86c#0:FAIL-t198] and 1 exception(s); 73297ffa-40cb-4e3e-b33e-1bc2c1da60f5@group-5F52F902B742:t198, leader=null, voted=73297ffa-40cb-4e3e-b33e-1bc2c1da60f5, raftlog=73297ffa-40cb-4e3e-b33e-1bc2c1da60f5@group-5F52F902B742-SegmentedRaftLog:OPENED:c-1,f0,i0, conf=0: [b8f04e38-0663-4b1f-8efd-f76585c6e86c:192.168.157.251:35700, abcd8826-c056-4817-bd0f-7af19a46d814:192.168.157.251:46496, 73297ffa-40cb-4e3e-b33e-1bc2c1da60f5:192.168.157.251:32952], old=null
2019-10-17 18:51:11,315 [73297ffa-40cb-4e3e-b33e-1bc2c1da60f5@group-5F52F902B742-LeaderElection364] INFO  impl.LeaderElection (LogUtils.java:infoOrTrace(149)) -   Exception 0: {}
java.util.concurrent.ExecutionException: org.apache.ratis.thirdparty.io.grpc.StatusRuntimeException: UNAVAILABLE: io exception
	at java.util.concurrent.FutureTask.report(FutureTask.java:122)
	at java.util.concurrent.FutureTask.get(FutureTask.java:192)
	at org.apache.ratis.server.impl.LeaderElection.waitForResults(LeaderElection.java:259)
	at org.apache.ratis.server.impl.LeaderElection.askForVotes(LeaderElection.java:197)
	at org.apache.ratis.server.impl.LeaderElection.run(LeaderElection.java:133)
	at java.lang.Thread.run(Thread.java:748)
Caused by: org.apache.ratis.thirdparty.io.grpc.StatusRuntimeException: UNAVAILABLE: io exception
	at org.apache.ratis.thirdparty.io.grpc.stub.ClientCalls.toStatusRuntimeException(ClientCalls.java:233)
	at org.apache.ratis.thirdparty.io.grpc.stub.ClientCalls.getUnchecked(ClientCalls.java:214)
	at org.apache.ratis.thirdparty.io.grpc.stub.ClientCalls.blockingUnaryCall(ClientCalls.java:139)
	at org.apache.ratis.proto.grpc.RaftServerProtocolServiceGrpc$RaftServerProtocolServiceBlockingStub.requestVote(RaftServerProtocolServiceGrpc.java:265)
	at org.apache.ratis.grpc.server.GrpcServerProtocolClient.requestVote(GrpcServerProtocolClient.java:99)
	at org.apache.ratis.grpc.server.GrpcService.requestVote(GrpcService.java:204)
	at org.apache.ratis.server.impl.LeaderElection.lambda$submitRequests$1(LeaderElection.java:234)
	at java.util.concurrent.FutureTask.run(FutureTask.java:266)
	at java.util.concurrent.Executors$RunnableAdapter.call(Executors.java:511)
	at java.util.concurrent.FutureTask.run(FutureTask.java:266)
	at java.util.concurrent.ThreadPoolExecutor.runWorker(ThreadPoolExecutor.java:1149)
	at java.util.concurrent.ThreadPoolExecutor$Worker.run(ThreadPoolExecutor.java:624)
	... 1 more
Caused by: org.apache.ratis.thirdparty.io.netty.channel.AbstractChannel$AnnotatedConnectException: Connection refused: /192.168.157.251:46496
	at sun.nio.ch.SocketChannelImpl.checkConnect(Native Method)
	at sun.nio.ch.SocketChannelImpl.finishConnect(SocketChannelImpl.java:717)
	at org.apache.ratis.thirdparty.io.netty.channel.socket.nio.NioSocketChannel.doFinishConnect(NioSocketChannel.java:327)
	at org.apache.ratis.thirdparty.io.netty.channel.nio.AbstractNioChannel$AbstractNioUnsafe.finishConnect(AbstractNioChannel.java:340)
	at org.apache.ratis.thirdparty.io.netty.channel.nio.NioEventLoop.processSelectedKey(NioEventLoop.java:632)
	at org.apache.ratis.thirdparty.io.netty.channel.nio.NioEventLoop.processSelectedKeysOptimized(NioEventLoop.java:579)
	at org.apache.ratis.thirdparty.io.netty.channel.nio.NioEventLoop.processSelectedKeys(NioEventLoop.java:496)
	at org.apache.ratis.thirdparty.io.netty.channel.nio.NioEventLoop.run(NioEventLoop.java:458)
	at org.apache.ratis.thirdparty.io.netty.util.concurrent.SingleThreadEventExecutor$5.run(SingleThreadEventExecutor.java:897)
	at org.apache.ratis.thirdparty.io.netty.util.concurrent.FastThreadLocalRunnable.run(FastThreadLocalRunnable.java:30)
	... 1 more
Caused by: java.net.ConnectException: Connection refused
	... 11 more
2019-10-17 18:51:11,315 [73297ffa-40cb-4e3e-b33e-1bc2c1da60f5@group-5F52F902B742-LeaderElection364] INFO  impl.RaftServerImpl (RaftServerImpl.java:setRole(184)) - 73297ffa-40cb-4e3e-b33e-1bc2c1da60f5@group-5F52F902B742: changes role from CANDIDATE to FOLLOWER at term 198 for DISCOVERED_A_NEW_TERM
2019-10-17 18:51:11,315 [73297ffa-40cb-4e3e-b33e-1bc2c1da60f5@group-5F52F902B742-LeaderElection364] INFO  impl.RoleInfo (RoleInfo.java:shutdownLeaderElection(134)) - 73297ffa-40cb-4e3e-b33e-1bc2c1da60f5: shutdown LeaderElection
2019-10-17 18:51:11,315 [73297ffa-40cb-4e3e-b33e-1bc2c1da60f5@group-5F52F902B742-LeaderElection364] INFO  impl.RoleInfo (RoleInfo.java:updateAndGet(143)) - 73297ffa-40cb-4e3e-b33e-1bc2c1da60f5: start FollowerState
2019-10-17 18:51:11,359 [Thread-2905] INFO  impl.FollowerState (FollowerState.java:run(108)) - a5e79c22-a35f-4e50-b1fd-e91b6a93d74d@group-F775CA5912AC-FollowerState: change to CANDIDATE, lastRpcTime:178ms, electionTimeout:178ms
2019-10-17 18:51:11,359 [Thread-2905] INFO  impl.RoleInfo (RoleInfo.java:shutdownFollowerState(121)) - a5e79c22-a35f-4e50-b1fd-e91b6a93d74d: shutdown FollowerState
2019-10-17 18:51:11,359 [Thread-2905] INFO  impl.RaftServerImpl (RaftServerImpl.java:setRole(184)) - a5e79c22-a35f-4e50-b1fd-e91b6a93d74d@group-F775CA5912AC: changes role from  FOLLOWER to CANDIDATE at term 196 for changeToCandidate
2019-10-17 18:51:11,359 [Thread-2905] INFO  impl.RoleInfo (RoleInfo.java:updateAndGet(143)) - a5e79c22-a35f-4e50-b1fd-e91b6a93d74d: start LeaderElection
2019-10-17 18:51:11,385 [a5e79c22-a35f-4e50-b1fd-e91b6a93d74d@group-F775CA5912AC-LeaderElection365] INFO  impl.LeaderElection (LeaderElection.java:askForVotes(178)) - a5e79c22-a35f-4e50-b1fd-e91b6a93d74d@group-F775CA5912AC-LeaderElection365: begin an election at term 197 for -1: [a5e79c22-a35f-4e50-b1fd-e91b6a93d74d:192.168.157.251:45177, daae7813-f814-475d-9647-a302a5541e36:192.168.157.251:45025, 1e4e1375-1b66-460f-8c99-4c341545a119:192.168.157.251:42113], old=null
2019-10-17 18:51:11,386 [a5e79c22-a35f-4e50-b1fd-e91b6a93d74d@group-F775CA5912AC-LeaderElection365] INFO  impl.LeaderElection (LogUtils.java:infoOrTrace(149)) - a5e79c22-a35f-4e50-b1fd-e91b6a93d74d@group-F775CA5912AC-LeaderElection365 got exception when requesting votes: {}
java.util.concurrent.ExecutionException: org.apache.ratis.thirdparty.io.grpc.StatusRuntimeException: UNAVAILABLE: io exception
	at java.util.concurrent.FutureTask.report(FutureTask.java:122)
	at java.util.concurrent.FutureTask.get(FutureTask.java:192)
	at org.apache.ratis.server.impl.LeaderElection.waitForResults(LeaderElection.java:259)
	at org.apache.ratis.server.impl.LeaderElection.askForVotes(LeaderElection.java:197)
	at org.apache.ratis.server.impl.LeaderElection.run(LeaderElection.java:133)
	at java.lang.Thread.run(Thread.java:748)
Caused by: org.apache.ratis.thirdparty.io.grpc.StatusRuntimeException: UNAVAILABLE: io exception
	at org.apache.ratis.thirdparty.io.grpc.stub.ClientCalls.toStatusRuntimeException(ClientCalls.java:233)
	at org.apache.ratis.thirdparty.io.grpc.stub.ClientCalls.getUnchecked(ClientCalls.java:214)
	at org.apache.ratis.thirdparty.io.grpc.stub.ClientCalls.blockingUnaryCall(ClientCalls.java:139)
	at org.apache.ratis.proto.grpc.RaftServerProtocolServiceGrpc$RaftServerProtocolServiceBlockingStub.requestVote(RaftServerProtocolServiceGrpc.java:265)
	at org.apache.ratis.grpc.server.GrpcServerProtocolClient.requestVote(GrpcServerProtocolClient.java:99)
	at org.apache.ratis.grpc.server.GrpcService.requestVote(GrpcService.java:204)
	at org.apache.ratis.server.impl.LeaderElection.lambda$submitRequests$1(LeaderElection.java:234)
	at java.util.concurrent.FutureTask.run(FutureTask.java:266)
	at java.util.concurrent.Executors$RunnableAdapter.call(Executors.java:511)
	at java.util.concurrent.FutureTask.run(FutureTask.java:266)
	at java.util.concurrent.ThreadPoolExecutor.runWorker(ThreadPoolExecutor.java:1149)
	at java.util.concurrent.ThreadPoolExecutor$Worker.run(ThreadPoolExecutor.java:624)
	... 1 more
Caused by: org.apache.ratis.thirdparty.io.netty.channel.AbstractChannel$AnnotatedConnectException: Connection refused: /192.168.157.251:42113
	at sun.nio.ch.SocketChannelImpl.checkConnect(Native Method)
	at sun.nio.ch.SocketChannelImpl.finishConnect(SocketChannelImpl.java:717)
	at org.apache.ratis.thirdparty.io.netty.channel.socket.nio.NioSocketChannel.doFinishConnect(NioSocketChannel.java:327)
	at org.apache.ratis.thirdparty.io.netty.channel.nio.AbstractNioChannel$AbstractNioUnsafe.finishConnect(AbstractNioChannel.java:340)
	at org.apache.ratis.thirdparty.io.netty.channel.nio.NioEventLoop.processSelectedKey(NioEventLoop.java:632)
	at org.apache.ratis.thirdparty.io.netty.channel.nio.NioEventLoop.processSelectedKeysOptimized(NioEventLoop.java:579)
	at org.apache.ratis.thirdparty.io.netty.channel.nio.NioEventLoop.processSelectedKeys(NioEventLoop.java:496)
	at org.apache.ratis.thirdparty.io.netty.channel.nio.NioEventLoop.run(NioEventLoop.java:458)
	at org.apache.ratis.thirdparty.io.netty.util.concurrent.SingleThreadEventExecutor$5.run(SingleThreadEventExecutor.java:897)
	at org.apache.ratis.thirdparty.io.netty.util.concurrent.FastThreadLocalRunnable.run(FastThreadLocalRunnable.java:30)
	... 1 more
Caused by: java.net.ConnectException: Connection refused
	... 11 more
2019-10-17 18:51:11,390 [grpc-default-executor-2] INFO  impl.RaftServerImpl (RaftServerImpl.java:setRole(184)) - daae7813-f814-475d-9647-a302a5541e36@group-F775CA5912AC: changes role from  FOLLOWER to FOLLOWER at term 197 for recognizeCandidate:a5e79c22-a35f-4e50-b1fd-e91b6a93d74d
2019-10-17 18:51:11,390 [grpc-default-executor-2] INFO  impl.RoleInfo (RoleInfo.java:shutdownFollowerState(121)) - daae7813-f814-475d-9647-a302a5541e36: shutdown FollowerState
2019-10-17 18:51:11,390 [Thread-2904] INFO  impl.FollowerState (FollowerState.java:run(117)) - daae7813-f814-475d-9647-a302a5541e36@group-F775CA5912AC-FollowerState was interrupted: java.lang.InterruptedException: sleep interrupted
2019-10-17 18:51:11,390 [grpc-default-executor-2] INFO  impl.RoleInfo (RoleInfo.java:updateAndGet(143)) - daae7813-f814-475d-9647-a302a5541e36: start FollowerState
2019-10-17 18:51:11,417 [a5e79c22-a35f-4e50-b1fd-e91b6a93d74d@group-F775CA5912AC-LeaderElection365] INFO  impl.LeaderElection (LeaderElection.java:logAndReturn(56)) - a5e79c22-a35f-4e50-b1fd-e91b6a93d74d@group-F775CA5912AC-LeaderElection365: Election REJECTED; received 1 response(s) [a5e79c22-a35f-4e50-b1fd-e91b6a93d74d<-daae7813-f814-475d-9647-a302a5541e36#0:FAIL-t197] and 1 exception(s); a5e79c22-a35f-4e50-b1fd-e91b6a93d74d@group-F775CA5912AC:t197, leader=null, voted=a5e79c22-a35f-4e50-b1fd-e91b6a93d74d, raftlog=a5e79c22-a35f-4e50-b1fd-e91b6a93d74d@group-F775CA5912AC-SegmentedRaftLog:OPENED:c-1,f-1,i0, conf=-1: [a5e79c22-a35f-4e50-b1fd-e91b6a93d74d:192.168.157.251:45177, daae7813-f814-475d-9647-a302a5541e36:192.168.157.251:45025, 1e4e1375-1b66-460f-8c99-4c341545a119:192.168.157.251:42113], old=null
2019-10-17 18:51:11,417 [a5e79c22-a35f-4e50-b1fd-e91b6a93d74d@group-F775CA5912AC-LeaderElection365] INFO  impl.LeaderElection (LogUtils.java:infoOrTrace(149)) -   Exception 0: {}
java.util.concurrent.ExecutionException: org.apache.ratis.thirdparty.io.grpc.StatusRuntimeException: UNAVAILABLE: io exception
	at java.util.concurrent.FutureTask.report(FutureTask.java:122)
	at java.util.concurrent.FutureTask.get(FutureTask.java:192)
	at org.apache.ratis.server.impl.LeaderElection.waitForResults(LeaderElection.java:259)
	at org.apache.ratis.server.impl.LeaderElection.askForVotes(LeaderElection.java:197)
	at org.apache.ratis.server.impl.LeaderElection.run(LeaderElection.java:133)
	at java.lang.Thread.run(Thread.java:748)
Caused by: org.apache.ratis.thirdparty.io.grpc.StatusRuntimeException: UNAVAILABLE: io exception
	at org.apache.ratis.thirdparty.io.grpc.stub.ClientCalls.toStatusRuntimeException(ClientCalls.java:233)
	at org.apache.ratis.thirdparty.io.grpc.stub.ClientCalls.getUnchecked(ClientCalls.java:214)
	at org.apache.ratis.thirdparty.io.grpc.stub.ClientCalls.blockingUnaryCall(ClientCalls.java:139)
	at org.apache.ratis.proto.grpc.RaftServerProtocolServiceGrpc$RaftServerProtocolServiceBlockingStub.requestVote(RaftServerProtocolServiceGrpc.java:265)
	at org.apache.ratis.grpc.server.GrpcServerProtocolClient.requestVote(GrpcServerProtocolClient.java:99)
	at org.apache.ratis.grpc.server.GrpcService.requestVote(GrpcService.java:204)
	at org.apache.ratis.server.impl.LeaderElection.lambda$submitRequests$1(LeaderElection.java:234)
	at java.util.concurrent.FutureTask.run(FutureTask.java:266)
	at java.util.concurrent.Executors$RunnableAdapter.call(Executors.java:511)
	at java.util.concurrent.FutureTask.run(FutureTask.java:266)
	at java.util.concurrent.ThreadPoolExecutor.runWorker(ThreadPoolExecutor.java:1149)
	at java.util.concurrent.ThreadPoolExecutor$Worker.run(ThreadPoolExecutor.java:624)
	... 1 more
Caused by: org.apache.ratis.thirdparty.io.netty.channel.AbstractChannel$AnnotatedConnectException: Connection refused: /192.168.157.251:42113
	at sun.nio.ch.SocketChannelImpl.checkConnect(Native Method)
	at sun.nio.ch.SocketChannelImpl.finishConnect(SocketChannelImpl.java:717)
	at org.apache.ratis.thirdparty.io.netty.channel.socket.nio.NioSocketChannel.doFinishConnect(NioSocketChannel.java:327)
	at org.apache.ratis.thirdparty.io.netty.channel.nio.AbstractNioChannel$AbstractNioUnsafe.finishConnect(AbstractNioChannel.java:340)
	at org.apache.ratis.thirdparty.io.netty.channel.nio.NioEventLoop.processSelectedKey(NioEventLoop.java:632)
	at org.apache.ratis.thirdparty.io.netty.channel.nio.NioEventLoop.processSelectedKeysOptimized(NioEventLoop.java:579)
	at org.apache.ratis.thirdparty.io.netty.channel.nio.NioEventLoop.processSelectedKeys(NioEventLoop.java:496)
	at org.apache.ratis.thirdparty.io.netty.channel.nio.NioEventLoop.run(NioEventLoop.java:458)
	at org.apache.ratis.thirdparty.io.netty.util.concurrent.SingleThreadEventExecutor$5.run(SingleThreadEventExecutor.java:897)
	at org.apache.ratis.thirdparty.io.netty.util.concurrent.FastThreadLocalRunnable.run(FastThreadLocalRunnable.java:30)
	... 1 more
Caused by: java.net.ConnectException: Connection refused
	... 11 more
2019-10-17 18:51:11,417 [a5e79c22-a35f-4e50-b1fd-e91b6a93d74d@group-F775CA5912AC-LeaderElection365] INFO  impl.RaftServerImpl (RaftServerImpl.java:setRole(184)) - a5e79c22-a35f-4e50-b1fd-e91b6a93d74d@group-F775CA5912AC: changes role from CANDIDATE to FOLLOWER at term 197 for DISCOVERED_A_NEW_TERM
2019-10-17 18:51:11,417 [a5e79c22-a35f-4e50-b1fd-e91b6a93d74d@group-F775CA5912AC-LeaderElection365] INFO  impl.RoleInfo (RoleInfo.java:shutdownLeaderElection(134)) - a5e79c22-a35f-4e50-b1fd-e91b6a93d74d: shutdown LeaderElection
2019-10-17 18:51:11,418 [a5e79c22-a35f-4e50-b1fd-e91b6a93d74d@group-F775CA5912AC-LeaderElection365] INFO  impl.RoleInfo (RoleInfo.java:updateAndGet(143)) - a5e79c22-a35f-4e50-b1fd-e91b6a93d74d: start FollowerState
2019-10-17 18:51:11,605 [Thread-2917] INFO  impl.FollowerState (FollowerState.java:run(108)) - a5e79c22-a35f-4e50-b1fd-e91b6a93d74d@group-F775CA5912AC-FollowerState: change to CANDIDATE, lastRpcTime:187ms, electionTimeout:187ms
2019-10-17 18:51:11,605 [Thread-2917] INFO  impl.RoleInfo (RoleInfo.java:shutdownFollowerState(121)) - a5e79c22-a35f-4e50-b1fd-e91b6a93d74d: shutdown FollowerState
2019-10-17 18:51:11,605 [Thread-2917] INFO  impl.RaftServerImpl (RaftServerImpl.java:setRole(184)) - a5e79c22-a35f-4e50-b1fd-e91b6a93d74d@group-F775CA5912AC: changes role from  FOLLOWER to CANDIDATE at term 197 for changeToCandidate
2019-10-17 18:51:11,606 [Thread-2917] INFO  impl.RoleInfo (RoleInfo.java:updateAndGet(143)) - a5e79c22-a35f-4e50-b1fd-e91b6a93d74d: start LeaderElection
2019-10-17 18:51:11,619 [a5e79c22-a35f-4e50-b1fd-e91b6a93d74d@group-F775CA5912AC-LeaderElection366] INFO  impl.LeaderElection (LeaderElection.java:askForVotes(178)) - a5e79c22-a35f-4e50-b1fd-e91b6a93d74d@group-F775CA5912AC-LeaderElection366: begin an election at term 198 for -1: [a5e79c22-a35f-4e50-b1fd-e91b6a93d74d:192.168.157.251:45177, daae7813-f814-475d-9647-a302a5541e36:192.168.157.251:45025, 1e4e1375-1b66-460f-8c99-4c341545a119:192.168.157.251:42113], old=null
2019-10-17 18:51:11,620 [a5e79c22-a35f-4e50-b1fd-e91b6a93d74d@group-F775CA5912AC-LeaderElection366] INFO  impl.LeaderElection (LogUtils.java:infoOrTrace(149)) - a5e79c22-a35f-4e50-b1fd-e91b6a93d74d@group-F775CA5912AC-LeaderElection366 got exception when requesting votes: {}
java.util.concurrent.ExecutionException: org.apache.ratis.thirdparty.io.grpc.StatusRuntimeException: UNAVAILABLE: io exception
	at java.util.concurrent.FutureTask.report(FutureTask.java:122)
	at java.util.concurrent.FutureTask.get(FutureTask.java:192)
	at org.apache.ratis.server.impl.LeaderElection.waitForResults(LeaderElection.java:259)
	at org.apache.ratis.server.impl.LeaderElection.askForVotes(LeaderElection.java:197)
	at org.apache.ratis.server.impl.LeaderElection.run(LeaderElection.java:133)
	at java.lang.Thread.run(Thread.java:748)
Caused by: org.apache.ratis.thirdparty.io.grpc.StatusRuntimeException: UNAVAILABLE: io exception
	at org.apache.ratis.thirdparty.io.grpc.stub.ClientCalls.toStatusRuntimeException(ClientCalls.java:233)
	at org.apache.ratis.thirdparty.io.grpc.stub.ClientCalls.getUnchecked(ClientCalls.java:214)
	at org.apache.ratis.thirdparty.io.grpc.stub.ClientCalls.blockingUnaryCall(ClientCalls.java:139)
	at org.apache.ratis.proto.grpc.RaftServerProtocolServiceGrpc$RaftServerProtocolServiceBlockingStub.requestVote(RaftServerProtocolServiceGrpc.java:265)
	at org.apache.ratis.grpc.server.GrpcServerProtocolClient.requestVote(GrpcServerProtocolClient.java:99)
	at org.apache.ratis.grpc.server.GrpcService.requestVote(GrpcService.java:204)
	at org.apache.ratis.server.impl.LeaderElection.lambda$submitRequests$1(LeaderElection.java:234)
	at java.util.concurrent.FutureTask.run(FutureTask.java:266)
	at java.util.concurrent.Executors$RunnableAdapter.call(Executors.java:511)
	at java.util.concurrent.FutureTask.run(FutureTask.java:266)
	at java.util.concurrent.ThreadPoolExecutor.runWorker(ThreadPoolExecutor.java:1149)
	at java.util.concurrent.ThreadPoolExecutor$Worker.run(ThreadPoolExecutor.java:624)
	... 1 more
Caused by: org.apache.ratis.thirdparty.io.netty.channel.AbstractChannel$AnnotatedConnectException: Connection refused: /192.168.157.251:42113
	at sun.nio.ch.SocketChannelImpl.checkConnect(Native Method)
	at sun.nio.ch.SocketChannelImpl.finishConnect(SocketChannelImpl.java:717)
	at org.apache.ratis.thirdparty.io.netty.channel.socket.nio.NioSocketChannel.doFinishConnect(NioSocketChannel.java:327)
	at org.apache.ratis.thirdparty.io.netty.channel.nio.AbstractNioChannel$AbstractNioUnsafe.finishConnect(AbstractNioChannel.java:340)
	at org.apache.ratis.thirdparty.io.netty.channel.nio.NioEventLoop.processSelectedKey(NioEventLoop.java:632)
	at org.apache.ratis.thirdparty.io.netty.channel.nio.NioEventLoop.processSelectedKeysOptimized(NioEventLoop.java:579)
	at org.apache.ratis.thirdparty.io.netty.channel.nio.NioEventLoop.processSelectedKeys(NioEventLoop.java:496)
	at org.apache.ratis.thirdparty.io.netty.channel.nio.NioEventLoop.run(NioEventLoop.java:458)
	at org.apache.ratis.thirdparty.io.netty.util.concurrent.SingleThreadEventExecutor$5.run(SingleThreadEventExecutor.java:897)
	at org.apache.ratis.thirdparty.io.netty.util.concurrent.FastThreadLocalRunnable.run(FastThreadLocalRunnable.java:30)
	... 1 more
Caused by: java.net.ConnectException: Connection refused
	... 11 more
2019-10-17 18:51:11,625 [grpc-default-executor-2] INFO  impl.RaftServerImpl (RaftServerImpl.java:setRole(184)) - daae7813-f814-475d-9647-a302a5541e36@group-F775CA5912AC: changes role from  FOLLOWER to FOLLOWER at term 198 for recognizeCandidate:a5e79c22-a35f-4e50-b1fd-e91b6a93d74d
2019-10-17 18:51:11,625 [grpc-default-executor-2] INFO  impl.RoleInfo (RoleInfo.java:shutdownFollowerState(121)) - daae7813-f814-475d-9647-a302a5541e36: shutdown FollowerState
2019-10-17 18:51:11,625 [grpc-default-executor-2] INFO  impl.RoleInfo (RoleInfo.java:updateAndGet(143)) - daae7813-f814-475d-9647-a302a5541e36: start FollowerState
2019-10-17 18:51:11,625 [Thread-2916] INFO  impl.FollowerState (FollowerState.java:run(117)) - daae7813-f814-475d-9647-a302a5541e36@group-F775CA5912AC-FollowerState was interrupted: java.lang.InterruptedException: sleep interrupted
2019-10-17 18:51:11,650 [a5e79c22-a35f-4e50-b1fd-e91b6a93d74d@group-F775CA5912AC-LeaderElection366] INFO  impl.LeaderElection (LeaderElection.java:logAndReturn(56)) - a5e79c22-a35f-4e50-b1fd-e91b6a93d74d@group-F775CA5912AC-LeaderElection366: Election REJECTED; received 1 response(s) [a5e79c22-a35f-4e50-b1fd-e91b6a93d74d<-daae7813-f814-475d-9647-a302a5541e36#0:FAIL-t198] and 1 exception(s); a5e79c22-a35f-4e50-b1fd-e91b6a93d74d@group-F775CA5912AC:t198, leader=null, voted=a5e79c22-a35f-4e50-b1fd-e91b6a93d74d, raftlog=a5e79c22-a35f-4e50-b1fd-e91b6a93d74d@group-F775CA5912AC-SegmentedRaftLog:OPENED:c-1,f-1,i0, conf=-1: [a5e79c22-a35f-4e50-b1fd-e91b6a93d74d:192.168.157.251:45177, daae7813-f814-475d-9647-a302a5541e36:192.168.157.251:45025, 1e4e1375-1b66-460f-8c99-4c341545a119:192.168.157.251:42113], old=null
2019-10-17 18:51:11,650 [a5e79c22-a35f-4e50-b1fd-e91b6a93d74d@group-F775CA5912AC-LeaderElection366] INFO  impl.LeaderElection (LogUtils.java:infoOrTrace(149)) -   Exception 0: {}
java.util.concurrent.ExecutionException: org.apache.ratis.thirdparty.io.grpc.StatusRuntimeException: UNAVAILABLE: io exception
	at java.util.concurrent.FutureTask.report(FutureTask.java:122)
	at java.util.concurrent.FutureTask.get(FutureTask.java:192)
	at org.apache.ratis.server.impl.LeaderElection.waitForResults(LeaderElection.java:259)
	at org.apache.ratis.server.impl.LeaderElection.askForVotes(LeaderElection.java:197)
	at org.apache.ratis.server.impl.LeaderElection.run(LeaderElection.java:133)
	at java.lang.Thread.run(Thread.java:748)
Caused by: org.apache.ratis.thirdparty.io.grpc.StatusRuntimeException: UNAVAILABLE: io exception
	at org.apache.ratis.thirdparty.io.grpc.stub.ClientCalls.toStatusRuntimeException(ClientCalls.java:233)
	at org.apache.ratis.thirdparty.io.grpc.stub.ClientCalls.getUnchecked(ClientCalls.java:214)
	at org.apache.ratis.thirdparty.io.grpc.stub.ClientCalls.blockingUnaryCall(ClientCalls.java:139)
	at org.apache.ratis.proto.grpc.RaftServerProtocolServiceGrpc$RaftServerProtocolServiceBlockingStub.requestVote(RaftServerProtocolServiceGrpc.java:265)
	at org.apache.ratis.grpc.server.GrpcServerProtocolClient.requestVote(GrpcServerProtocolClient.java:99)
	at org.apache.ratis.grpc.server.GrpcService.requestVote(GrpcService.java:204)
	at org.apache.ratis.server.impl.LeaderElection.lambda$submitRequests$1(LeaderElection.java:234)
	at java.util.concurrent.FutureTask.run(FutureTask.java:266)
	at java.util.concurrent.Executors$RunnableAdapter.call(Executors.java:511)
	at java.util.concurrent.FutureTask.run(FutureTask.java:266)
	at java.util.concurrent.ThreadPoolExecutor.runWorker(ThreadPoolExecutor.java:1149)
	at java.util.concurrent.ThreadPoolExecutor$Worker.run(ThreadPoolExecutor.java:624)
	... 1 more
Caused by: org.apache.ratis.thirdparty.io.netty.channel.AbstractChannel$AnnotatedConnectException: Connection refused: /192.168.157.251:42113
	at sun.nio.ch.SocketChannelImpl.checkConnect(Native Method)
	at sun.nio.ch.SocketChannelImpl.finishConnect(SocketChannelImpl.java:717)
	at org.apache.ratis.thirdparty.io.netty.channel.socket.nio.NioSocketChannel.doFinishConnect(NioSocketChannel.java:327)
	at org.apache.ratis.thirdparty.io.netty.channel.nio.AbstractNioChannel$AbstractNioUnsafe.finishConnect(AbstractNioChannel.java:340)
	at org.apache.ratis.thirdparty.io.netty.channel.nio.NioEventLoop.processSelectedKey(NioEventLoop.java:632)
	at org.apache.ratis.thirdparty.io.netty.channel.nio.NioEventLoop.processSelectedKeysOptimized(NioEventLoop.java:579)
	at org.apache.ratis.thirdparty.io.netty.channel.nio.NioEventLoop.processSelectedKeys(NioEventLoop.java:496)
	at org.apache.ratis.thirdparty.io.netty.channel.nio.NioEventLoop.run(NioEventLoop.java:458)
	at org.apache.ratis.thirdparty.io.netty.util.concurrent.SingleThreadEventExecutor$5.run(SingleThreadEventExecutor.java:897)
	at org.apache.ratis.thirdparty.io.netty.util.concurrent.FastThreadLocalRunnable.run(FastThreadLocalRunnable.java:30)
	... 1 more
Caused by: java.net.ConnectException: Connection refused
	... 11 more
2019-10-17 18:51:11,651 [a5e79c22-a35f-4e50-b1fd-e91b6a93d74d@group-F775CA5912AC-LeaderElection366] INFO  impl.RaftServerImpl (RaftServerImpl.java:setRole(184)) - a5e79c22-a35f-4e50-b1fd-e91b6a93d74d@group-F775CA5912AC: changes role from CANDIDATE to FOLLOWER at term 198 for DISCOVERED_A_NEW_TERM
2019-10-17 18:51:11,651 [a5e79c22-a35f-4e50-b1fd-e91b6a93d74d@group-F775CA5912AC-LeaderElection366] INFO  impl.RoleInfo (RoleInfo.java:shutdownLeaderElection(134)) - a5e79c22-a35f-4e50-b1fd-e91b6a93d74d: shutdown LeaderElection
2019-10-17 18:51:11,651 [a5e79c22-a35f-4e50-b1fd-e91b6a93d74d@group-F775CA5912AC-LeaderElection366] INFO  impl.RoleInfo (RoleInfo.java:updateAndGet(143)) - a5e79c22-a35f-4e50-b1fd-e91b6a93d74d: start FollowerState
2019-10-17 18:51:11,801 [Thread-2922] INFO  impl.FollowerState (FollowerState.java:run(108)) - a5e79c22-a35f-4e50-b1fd-e91b6a93d74d@group-F775CA5912AC-FollowerState: change to CANDIDATE, lastRpcTime:150ms, electionTimeout:150ms
2019-10-17 18:51:11,802 [Thread-2922] INFO  impl.RoleInfo (RoleInfo.java:shutdownFollowerState(121)) - a5e79c22-a35f-4e50-b1fd-e91b6a93d74d: shutdown FollowerState
2019-10-17 18:51:11,802 [Thread-2922] INFO  impl.RaftServerImpl (RaftServerImpl.java:setRole(184)) - a5e79c22-a35f-4e50-b1fd-e91b6a93d74d@group-F775CA5912AC: changes role from  FOLLOWER to CANDIDATE at term 198 for changeToCandidate
2019-10-17 18:51:11,802 [Thread-2922] INFO  impl.RoleInfo (RoleInfo.java:updateAndGet(143)) - a5e79c22-a35f-4e50-b1fd-e91b6a93d74d: start LeaderElection
2019-10-17 18:51:11,817 [a5e79c22-a35f-4e50-b1fd-e91b6a93d74d@group-F775CA5912AC-LeaderElection367] INFO  impl.LeaderElection (LeaderElection.java:askForVotes(178)) - a5e79c22-a35f-4e50-b1fd-e91b6a93d74d@group-F775CA5912AC-LeaderElection367: begin an election at term 199 for -1: [a5e79c22-a35f-4e50-b1fd-e91b6a93d74d:192.168.157.251:45177, daae7813-f814-475d-9647-a302a5541e36:192.168.157.251:45025, 1e4e1375-1b66-460f-8c99-4c341545a119:192.168.157.251:42113], old=null
2019-10-17 18:51:11,818 [a5e79c22-a35f-4e50-b1fd-e91b6a93d74d@group-F775CA5912AC-LeaderElection367] INFO  impl.LeaderElection (LogUtils.java:infoOrTrace(149)) - a5e79c22-a35f-4e50-b1fd-e91b6a93d74d@group-F775CA5912AC-LeaderElection367 got exception when requesting votes: {}
java.util.concurrent.ExecutionException: org.apache.ratis.thirdparty.io.grpc.StatusRuntimeException: UNAVAILABLE: io exception
	at java.util.concurrent.FutureTask.report(FutureTask.java:122)
	at java.util.concurrent.FutureTask.get(FutureTask.java:192)
	at org.apache.ratis.server.impl.LeaderElection.waitForResults(LeaderElection.java:259)
	at org.apache.ratis.server.impl.LeaderElection.askForVotes(LeaderElection.java:197)
	at org.apache.ratis.server.impl.LeaderElection.run(LeaderElection.java:133)
	at java.lang.Thread.run(Thread.java:748)
Caused by: org.apache.ratis.thirdparty.io.grpc.StatusRuntimeException: UNAVAILABLE: io exception
	at org.apache.ratis.thirdparty.io.grpc.stub.ClientCalls.toStatusRuntimeException(ClientCalls.java:233)
	at org.apache.ratis.thirdparty.io.grpc.stub.ClientCalls.getUnchecked(ClientCalls.java:214)
	at org.apache.ratis.thirdparty.io.grpc.stub.ClientCalls.blockingUnaryCall(ClientCalls.java:139)
	at org.apache.ratis.proto.grpc.RaftServerProtocolServiceGrpc$RaftServerProtocolServiceBlockingStub.requestVote(RaftServerProtocolServiceGrpc.java:265)
	at org.apache.ratis.grpc.server.GrpcServerProtocolClient.requestVote(GrpcServerProtocolClient.java:99)
	at org.apache.ratis.grpc.server.GrpcService.requestVote(GrpcService.java:204)
	at org.apache.ratis.server.impl.LeaderElection.lambda$submitRequests$1(LeaderElection.java:234)
	at java.util.concurrent.FutureTask.run(FutureTask.java:266)
	at java.util.concurrent.Executors$RunnableAdapter.call(Executors.java:511)
	at java.util.concurrent.FutureTask.run(FutureTask.java:266)
	at java.util.concurrent.ThreadPoolExecutor.runWorker(ThreadPoolExecutor.java:1149)
	at java.util.concurrent.ThreadPoolExecutor$Worker.run(ThreadPoolExecutor.java:624)
	... 1 more
Caused by: org.apache.ratis.thirdparty.io.netty.channel.AbstractChannel$AnnotatedConnectException: Connection refused: /192.168.157.251:42113
	at sun.nio.ch.SocketChannelImpl.checkConnect(Native Method)
	at sun.nio.ch.SocketChannelImpl.finishConnect(SocketChannelImpl.java:717)
	at org.apache.ratis.thirdparty.io.netty.channel.socket.nio.NioSocketChannel.doFinishConnect(NioSocketChannel.java:327)
	at org.apache.ratis.thirdparty.io.netty.channel.nio.AbstractNioChannel$AbstractNioUnsafe.finishConnect(AbstractNioChannel.java:340)
	at org.apache.ratis.thirdparty.io.netty.channel.nio.NioEventLoop.processSelectedKey(NioEventLoop.java:632)
	at org.apache.ratis.thirdparty.io.netty.channel.nio.NioEventLoop.processSelectedKeysOptimized(NioEventLoop.java:579)
	at org.apache.ratis.thirdparty.io.netty.channel.nio.NioEventLoop.processSelectedKeys(NioEventLoop.java:496)
	at org.apache.ratis.thirdparty.io.netty.channel.nio.NioEventLoop.run(NioEventLoop.java:458)
	at org.apache.ratis.thirdparty.io.netty.util.concurrent.SingleThreadEventExecutor$5.run(SingleThreadEventExecutor.java:897)
	at org.apache.ratis.thirdparty.io.netty.util.concurrent.FastThreadLocalRunnable.run(FastThreadLocalRunnable.java:30)
	... 1 more
Caused by: java.net.ConnectException: Connection refused
	... 11 more
2019-10-17 18:51:11,821 [grpc-default-executor-2] INFO  impl.RaftServerImpl (RaftServerImpl.java:setRole(184)) - daae7813-f814-475d-9647-a302a5541e36@group-F775CA5912AC: changes role from  FOLLOWER to FOLLOWER at term 199 for recognizeCandidate:a5e79c22-a35f-4e50-b1fd-e91b6a93d74d
2019-10-17 18:51:11,822 [grpc-default-executor-2] INFO  impl.RoleInfo (RoleInfo.java:shutdownFollowerState(121)) - daae7813-f814-475d-9647-a302a5541e36: shutdown FollowerState
2019-10-17 18:51:11,822 [grpc-default-executor-2] INFO  impl.RoleInfo (RoleInfo.java:updateAndGet(143)) - daae7813-f814-475d-9647-a302a5541e36: start FollowerState
2019-10-17 18:51:11,822 [Thread-2921] INFO  impl.FollowerState (FollowerState.java:run(117)) - daae7813-f814-475d-9647-a302a5541e36@group-F775CA5912AC-FollowerState was interrupted: java.lang.InterruptedException: sleep interrupted
2019-10-17 18:51:11,880 [a5e79c22-a35f-4e50-b1fd-e91b6a93d74d@group-F775CA5912AC-LeaderElection367] INFO  impl.LeaderElection (LeaderElection.java:logAndReturn(56)) - a5e79c22-a35f-4e50-b1fd-e91b6a93d74d@group-F775CA5912AC-LeaderElection367: Election REJECTED; received 1 response(s) [a5e79c22-a35f-4e50-b1fd-e91b6a93d74d<-daae7813-f814-475d-9647-a302a5541e36#0:FAIL-t199] and 1 exception(s); a5e79c22-a35f-4e50-b1fd-e91b6a93d74d@group-F775CA5912AC:t199, leader=null, voted=a5e79c22-a35f-4e50-b1fd-e91b6a93d74d, raftlog=a5e79c22-a35f-4e50-b1fd-e91b6a93d74d@group-F775CA5912AC-SegmentedRaftLog:OPENED:c-1,f-1,i0, conf=-1: [a5e79c22-a35f-4e50-b1fd-e91b6a93d74d:192.168.157.251:45177, daae7813-f814-475d-9647-a302a5541e36:192.168.157.251:45025, 1e4e1375-1b66-460f-8c99-4c341545a119:192.168.157.251:42113], old=null
2019-10-17 18:51:11,881 [a5e79c22-a35f-4e50-b1fd-e91b6a93d74d@group-F775CA5912AC-LeaderElection367] INFO  impl.LeaderElection (LogUtils.java:infoOrTrace(149)) -   Exception 0: {}
java.util.concurrent.ExecutionException: org.apache.ratis.thirdparty.io.grpc.StatusRuntimeException: UNAVAILABLE: io exception
	at java.util.concurrent.FutureTask.report(FutureTask.java:122)
	at java.util.concurrent.FutureTask.get(FutureTask.java:192)
	at org.apache.ratis.server.impl.LeaderElection.waitForResults(LeaderElection.java:259)
	at org.apache.ratis.server.impl.LeaderElection.askForVotes(LeaderElection.java:197)
	at org.apache.ratis.server.impl.LeaderElection.run(LeaderElection.java:133)
	at java.lang.Thread.run(Thread.java:748)
Caused by: org.apache.ratis.thirdparty.io.grpc.StatusRuntimeException: UNAVAILABLE: io exception
	at org.apache.ratis.thirdparty.io.grpc.stub.ClientCalls.toStatusRuntimeException(ClientCalls.java:233)
	at org.apache.ratis.thirdparty.io.grpc.stub.ClientCalls.getUnchecked(ClientCalls.java:214)
	at org.apache.ratis.thirdparty.io.grpc.stub.ClientCalls.blockingUnaryCall(ClientCalls.java:139)
	at org.apache.ratis.proto.grpc.RaftServerProtocolServiceGrpc$RaftServerProtocolServiceBlockingStub.requestVote(RaftServerProtocolServiceGrpc.java:265)
	at org.apache.ratis.grpc.server.GrpcServerProtocolClient.requestVote(GrpcServerProtocolClient.java:99)
	at org.apache.ratis.grpc.server.GrpcService.requestVote(GrpcService.java:204)
	at org.apache.ratis.server.impl.LeaderElection.lambda$submitRequests$1(LeaderElection.java:234)
	at java.util.concurrent.FutureTask.run(FutureTask.java:266)
	at java.util.concurrent.Executors$RunnableAdapter.call(Executors.java:511)
	at java.util.concurrent.FutureTask.run(FutureTask.java:266)
	at java.util.concurrent.ThreadPoolExecutor.runWorker(ThreadPoolExecutor.java:1149)
	at java.util.concurrent.ThreadPoolExecutor$Worker.run(ThreadPoolExecutor.java:624)
	... 1 more
Caused by: org.apache.ratis.thirdparty.io.netty.channel.AbstractChannel$AnnotatedConnectException: Connection refused: /192.168.157.251:42113
	at sun.nio.ch.SocketChannelImpl.checkConnect(Native Method)
	at sun.nio.ch.SocketChannelImpl.finishConnect(SocketChannelImpl.java:717)
	at org.apache.ratis.thirdparty.io.netty.channel.socket.nio.NioSocketChannel.doFinishConnect(NioSocketChannel.java:327)
	at org.apache.ratis.thirdparty.io.netty.channel.nio.AbstractNioChannel$AbstractNioUnsafe.finishConnect(AbstractNioChannel.java:340)
	at org.apache.ratis.thirdparty.io.netty.channel.nio.NioEventLoop.processSelectedKey(NioEventLoop.java:632)
	at org.apache.ratis.thirdparty.io.netty.channel.nio.NioEventLoop.processSelectedKeysOptimized(NioEventLoop.java:579)
	at org.apache.ratis.thirdparty.io.netty.channel.nio.NioEventLoop.processSelectedKeys(NioEventLoop.java:496)
	at org.apache.ratis.thirdparty.io.netty.channel.nio.NioEventLoop.run(NioEventLoop.java:458)
	at org.apache.ratis.thirdparty.io.netty.util.concurrent.SingleThreadEventExecutor$5.run(SingleThreadEventExecutor.java:897)
	at org.apache.ratis.thirdparty.io.netty.util.concurrent.FastThreadLocalRunnable.run(FastThreadLocalRunnable.java:30)
	... 1 more
Caused by: java.net.ConnectException: Connection refused
	... 11 more
2019-10-17 18:51:11,881 [a5e79c22-a35f-4e50-b1fd-e91b6a93d74d@group-F775CA5912AC-LeaderElection367] INFO  impl.RaftServerImpl (RaftServerImpl.java:setRole(184)) - a5e79c22-a35f-4e50-b1fd-e91b6a93d74d@group-F775CA5912AC: changes role from CANDIDATE to FOLLOWER at term 199 for DISCOVERED_A_NEW_TERM
2019-10-17 18:51:11,881 [a5e79c22-a35f-4e50-b1fd-e91b6a93d74d@group-F775CA5912AC-LeaderElection367] INFO  impl.RoleInfo (RoleInfo.java:shutdownLeaderElection(134)) - a5e79c22-a35f-4e50-b1fd-e91b6a93d74d: shutdown LeaderElection
2019-10-17 18:51:11,882 [a5e79c22-a35f-4e50-b1fd-e91b6a93d74d@group-F775CA5912AC-LeaderElection367] INFO  impl.RoleInfo (RoleInfo.java:updateAndGet(143)) - a5e79c22-a35f-4e50-b1fd-e91b6a93d74d: start FollowerState
2019-10-17 18:51:11,891 [Thread-2929] INFO  impl.FollowerState (FollowerState.java:run(108)) - a5e79c22-a35f-4e50-b1fd-e91b6a93d74d@group-F775CA5912AC-FollowerState: change to CANDIDATE, lastRpcTime:9ms, electionTimeout:9ms
2019-10-17 18:51:11,892 [Thread-2929] INFO  impl.RoleInfo (RoleInfo.java:shutdownFollowerState(121)) - a5e79c22-a35f-4e50-b1fd-e91b6a93d74d: shutdown FollowerState
2019-10-17 18:51:11,892 [Thread-2929] INFO  impl.RaftServerImpl (RaftServerImpl.java:setRole(184)) - a5e79c22-a35f-4e50-b1fd-e91b6a93d74d@group-F775CA5912AC: changes role from  FOLLOWER to CANDIDATE at term 199 for changeToCandidate
2019-10-17 18:51:11,892 [Thread-2929] INFO  impl.RoleInfo (RoleInfo.java:updateAndGet(143)) - a5e79c22-a35f-4e50-b1fd-e91b6a93d74d: start LeaderElection
2019-10-17 18:51:11,909 [a5e79c22-a35f-4e50-b1fd-e91b6a93d74d@group-F775CA5912AC-LeaderElection368] INFO  impl.LeaderElection (LeaderElection.java:askForVotes(178)) - a5e79c22-a35f-4e50-b1fd-e91b6a93d74d@group-F775CA5912AC-LeaderElection368: begin an election at term 200 for -1: [a5e79c22-a35f-4e50-b1fd-e91b6a93d74d:192.168.157.251:45177, daae7813-f814-475d-9647-a302a5541e36:192.168.157.251:45025, 1e4e1375-1b66-460f-8c99-4c341545a119:192.168.157.251:42113], old=null
2019-10-17 18:51:11,910 [a5e79c22-a35f-4e50-b1fd-e91b6a93d74d@group-F775CA5912AC-LeaderElection368] INFO  impl.LeaderElection (LogUtils.java:infoOrTrace(149)) - a5e79c22-a35f-4e50-b1fd-e91b6a93d74d@group-F775CA5912AC-LeaderElection368 got exception when requesting votes: {}
java.util.concurrent.ExecutionException: org.apache.ratis.thirdparty.io.grpc.StatusRuntimeException: UNAVAILABLE: io exception
	at java.util.concurrent.FutureTask.report(FutureTask.java:122)
	at java.util.concurrent.FutureTask.get(FutureTask.java:192)
	at org.apache.ratis.server.impl.LeaderElection.waitForResults(LeaderElection.java:259)
	at org.apache.ratis.server.impl.LeaderElection.askForVotes(LeaderElection.java:197)
	at org.apache.ratis.server.impl.LeaderElection.run(LeaderElection.java:133)
	at java.lang.Thread.run(Thread.java:748)
Caused by: org.apache.ratis.thirdparty.io.grpc.StatusRuntimeException: UNAVAILABLE: io exception
	at org.apache.ratis.thirdparty.io.grpc.stub.ClientCalls.toStatusRuntimeException(ClientCalls.java:233)
	at org.apache.ratis.thirdparty.io.grpc.stub.ClientCalls.getUnchecked(ClientCalls.java:214)
	at org.apache.ratis.thirdparty.io.grpc.stub.ClientCalls.blockingUnaryCall(ClientCalls.java:139)
	at org.apache.ratis.proto.grpc.RaftServerProtocolServiceGrpc$RaftServerProtocolServiceBlockingStub.requestVote(RaftServerProtocolServiceGrpc.java:265)
	at org.apache.ratis.grpc.server.GrpcServerProtocolClient.requestVote(GrpcServerProtocolClient.java:99)
	at org.apache.ratis.grpc.server.GrpcService.requestVote(GrpcService.java:204)
	at org.apache.ratis.server.impl.LeaderElection.lambda$submitRequests$1(LeaderElection.java:234)
	at java.util.concurrent.FutureTask.run(FutureTask.java:266)
	at java.util.concurrent.Executors$RunnableAdapter.call(Executors.java:511)
	at java.util.concurrent.FutureTask.run(FutureTask.java:266)
	at java.util.concurrent.ThreadPoolExecutor.runWorker(ThreadPoolExecutor.java:1149)
	at java.util.concurrent.ThreadPoolExecutor$Worker.run(ThreadPoolExecutor.java:624)
	... 1 more
Caused by: org.apache.ratis.thirdparty.io.netty.channel.AbstractChannel$AnnotatedConnectException: Connection refused: /192.168.157.251:42113
	at sun.nio.ch.SocketChannelImpl.checkConnect(Native Method)
	at sun.nio.ch.SocketChannelImpl.finishConnect(SocketChannelImpl.java:717)
	at org.apache.ratis.thirdparty.io.netty.channel.socket.nio.NioSocketChannel.doFinishConnect(NioSocketChannel.java:327)
	at org.apache.ratis.thirdparty.io.netty.channel.nio.AbstractNioChannel$AbstractNioUnsafe.finishConnect(AbstractNioChannel.java:340)
	at org.apache.ratis.thirdparty.io.netty.channel.nio.NioEventLoop.processSelectedKey(NioEventLoop.java:632)
	at org.apache.ratis.thirdparty.io.netty.channel.nio.NioEventLoop.processSelectedKeysOptimized(NioEventLoop.java:579)
	at org.apache.ratis.thirdparty.io.netty.channel.nio.NioEventLoop.processSelectedKeys(NioEventLoop.java:496)
	at org.apache.ratis.thirdparty.io.netty.channel.nio.NioEventLoop.run(NioEventLoop.java:458)
	at org.apache.ratis.thirdparty.io.netty.util.concurrent.SingleThreadEventExecutor$5.run(SingleThreadEventExecutor.java:897)
	at org.apache.ratis.thirdparty.io.netty.util.concurrent.FastThreadLocalRunnable.run(FastThreadLocalRunnable.java:30)
	... 1 more
Caused by: java.net.ConnectException: Connection refused
	... 11 more
2019-10-17 18:51:11,913 [grpc-default-executor-2] INFO  impl.RaftServerImpl (RaftServerImpl.java:setRole(184)) - daae7813-f814-475d-9647-a302a5541e36@group-F775CA5912AC: changes role from  FOLLOWER to FOLLOWER at term 200 for recognizeCandidate:a5e79c22-a35f-4e50-b1fd-e91b6a93d74d
2019-10-17 18:51:11,914 [grpc-default-executor-2] INFO  impl.RoleInfo (RoleInfo.java:shutdownFollowerState(121)) - daae7813-f814-475d-9647-a302a5541e36: shutdown FollowerState
2019-10-17 18:51:11,914 [grpc-default-executor-2] INFO  impl.RoleInfo (RoleInfo.java:updateAndGet(143)) - daae7813-f814-475d-9647-a302a5541e36: start FollowerState
2019-10-17 18:51:11,914 [Thread-2926] INFO  impl.FollowerState (FollowerState.java:run(117)) - daae7813-f814-475d-9647-a302a5541e36@group-F775CA5912AC-FollowerState was interrupted: java.lang.InterruptedException: sleep interrupted
2019-10-17 18:51:11,929 [a5e79c22-a35f-4e50-b1fd-e91b6a93d74d@group-F775CA5912AC-LeaderElection368] INFO  impl.LeaderElection (LeaderElection.java:logAndReturn(56)) - a5e79c22-a35f-4e50-b1fd-e91b6a93d74d@group-F775CA5912AC-LeaderElection368: Election REJECTED; received 1 response(s) [a5e79c22-a35f-4e50-b1fd-e91b6a93d74d<-daae7813-f814-475d-9647-a302a5541e36#0:FAIL-t200] and 1 exception(s); a5e79c22-a35f-4e50-b1fd-e91b6a93d74d@group-F775CA5912AC:t200, leader=null, voted=a5e79c22-a35f-4e50-b1fd-e91b6a93d74d, raftlog=a5e79c22-a35f-4e50-b1fd-e91b6a93d74d@group-F775CA5912AC-SegmentedRaftLog:OPENED:c-1,f-1,i0, conf=-1: [a5e79c22-a35f-4e50-b1fd-e91b6a93d74d:192.168.157.251:45177, daae7813-f814-475d-9647-a302a5541e36:192.168.157.251:45025, 1e4e1375-1b66-460f-8c99-4c341545a119:192.168.157.251:42113], old=null
2019-10-17 18:51:11,929 [a5e79c22-a35f-4e50-b1fd-e91b6a93d74d@group-F775CA5912AC-LeaderElection368] INFO  impl.LeaderElection (LogUtils.java:infoOrTrace(149)) -   Exception 0: {}
java.util.concurrent.ExecutionException: org.apache.ratis.thirdparty.io.grpc.StatusRuntimeException: UNAVAILABLE: io exception
	at java.util.concurrent.FutureTask.report(FutureTask.java:122)
	at java.util.concurrent.FutureTask.get(FutureTask.java:192)
	at org.apache.ratis.server.impl.LeaderElection.waitForResults(LeaderElection.java:259)
	at org.apache.ratis.server.impl.LeaderElection.askForVotes(LeaderElection.java:197)
	at org.apache.ratis.server.impl.LeaderElection.run(LeaderElection.java:133)
	at java.lang.Thread.run(Thread.java:748)
Caused by: org.apache.ratis.thirdparty.io.grpc.StatusRuntimeException: UNAVAILABLE: io exception
	at org.apache.ratis.thirdparty.io.grpc.stub.ClientCalls.toStatusRuntimeException(ClientCalls.java:233)
	at org.apache.ratis.thirdparty.io.grpc.stub.ClientCalls.getUnchecked(ClientCalls.java:214)
	at org.apache.ratis.thirdparty.io.grpc.stub.ClientCalls.blockingUnaryCall(ClientCalls.java:139)
	at org.apache.ratis.proto.grpc.RaftServerProtocolServiceGrpc$RaftServerProtocolServiceBlockingStub.requestVote(RaftServerProtocolServiceGrpc.java:265)
	at org.apache.ratis.grpc.server.GrpcServerProtocolClient.requestVote(GrpcServerProtocolClient.java:99)
	at org.apache.ratis.grpc.server.GrpcService.requestVote(GrpcService.java:204)
	at org.apache.ratis.server.impl.LeaderElection.lambda$submitRequests$1(LeaderElection.java:234)
	at java.util.concurrent.FutureTask.run(FutureTask.java:266)
	at java.util.concurrent.Executors$RunnableAdapter.call(Executors.java:511)
	at java.util.concurrent.FutureTask.run(FutureTask.java:266)
	at java.util.concurrent.ThreadPoolExecutor.runWorker(ThreadPoolExecutor.java:1149)
	at java.util.concurrent.ThreadPoolExecutor$Worker.run(ThreadPoolExecutor.java:624)
	... 1 more
Caused by: org.apache.ratis.thirdparty.io.netty.channel.AbstractChannel$AnnotatedConnectException: Connection refused: /192.168.157.251:42113
	at sun.nio.ch.SocketChannelImpl.checkConnect(Native Method)
	at sun.nio.ch.SocketChannelImpl.finishConnect(SocketChannelImpl.java:717)
	at org.apache.ratis.thirdparty.io.netty.channel.socket.nio.NioSocketChannel.doFinishConnect(NioSocketChannel.java:327)
	at org.apache.ratis.thirdparty.io.netty.channel.nio.AbstractNioChannel$AbstractNioUnsafe.finishConnect(AbstractNioChannel.java:340)
	at org.apache.ratis.thirdparty.io.netty.channel.nio.NioEventLoop.processSelectedKey(NioEventLoop.java:632)
	at org.apache.ratis.thirdparty.io.netty.channel.nio.NioEventLoop.processSelectedKeysOptimized(NioEventLoop.java:579)
	at org.apache.ratis.thirdparty.io.netty.channel.nio.NioEventLoop.processSelectedKeys(NioEventLoop.java:496)
	at org.apache.ratis.thirdparty.io.netty.channel.nio.NioEventLoop.run(NioEventLoop.java:458)
	at org.apache.ratis.thirdparty.io.netty.util.concurrent.SingleThreadEventExecutor$5.run(SingleThreadEventExecutor.java:897)
	at org.apache.ratis.thirdparty.io.netty.util.concurrent.FastThreadLocalRunnable.run(FastThreadLocalRunnable.java:30)
	... 1 more
Caused by: java.net.ConnectException: Connection refused
	... 11 more
2019-10-17 18:51:11,930 [a5e79c22-a35f-4e50-b1fd-e91b6a93d74d@group-F775CA5912AC-LeaderElection368] INFO  impl.RaftServerImpl (RaftServerImpl.java:setRole(184)) - a5e79c22-a35f-4e50-b1fd-e91b6a93d74d@group-F775CA5912AC: changes role from CANDIDATE to FOLLOWER at term 200 for DISCOVERED_A_NEW_TERM
2019-10-17 18:51:11,930 [a5e79c22-a35f-4e50-b1fd-e91b6a93d74d@group-F775CA5912AC-LeaderElection368] INFO  impl.RoleInfo (RoleInfo.java:shutdownLeaderElection(134)) - a5e79c22-a35f-4e50-b1fd-e91b6a93d74d: shutdown LeaderElection
2019-10-17 18:51:11,930 [a5e79c22-a35f-4e50-b1fd-e91b6a93d74d@group-F775CA5912AC-LeaderElection368] INFO  impl.RoleInfo (RoleInfo.java:updateAndGet(143)) - a5e79c22-a35f-4e50-b1fd-e91b6a93d74d: start FollowerState
2019-10-17 18:51:11,936 [Thread-2934] INFO  impl.FollowerState (FollowerState.java:run(108)) - a5e79c22-a35f-4e50-b1fd-e91b6a93d74d@group-F775CA5912AC-FollowerState: change to CANDIDATE, lastRpcTime:6ms, electionTimeout:6ms
2019-10-17 18:51:11,936 [Thread-2934] INFO  impl.RoleInfo (RoleInfo.java:shutdownFollowerState(121)) - a5e79c22-a35f-4e50-b1fd-e91b6a93d74d: shutdown FollowerState
2019-10-17 18:51:11,936 [Thread-2934] INFO  impl.RaftServerImpl (RaftServerImpl.java:setRole(184)) - a5e79c22-a35f-4e50-b1fd-e91b6a93d74d@group-F775CA5912AC: changes role from  FOLLOWER to CANDIDATE at term 200 for changeToCandidate
2019-10-17 18:51:11,937 [Thread-2934] INFO  impl.RoleInfo (RoleInfo.java:updateAndGet(143)) - a5e79c22-a35f-4e50-b1fd-e91b6a93d74d: start LeaderElection
2019-10-17 18:51:11,968 [a5e79c22-a35f-4e50-b1fd-e91b6a93d74d@group-F775CA5912AC-LeaderElection369] INFO  impl.LeaderElection (LeaderElection.java:askForVotes(178)) - a5e79c22-a35f-4e50-b1fd-e91b6a93d74d@group-F775CA5912AC-LeaderElection369: begin an election at term 201 for -1: [a5e79c22-a35f-4e50-b1fd-e91b6a93d74d:192.168.157.251:45177, daae7813-f814-475d-9647-a302a5541e36:192.168.157.251:45025, 1e4e1375-1b66-460f-8c99-4c341545a119:192.168.157.251:42113], old=null
2019-10-17 18:51:11,969 [a5e79c22-a35f-4e50-b1fd-e91b6a93d74d@group-F775CA5912AC-LeaderElection369] INFO  impl.LeaderElection (LogUtils.java:infoOrTrace(149)) - a5e79c22-a35f-4e50-b1fd-e91b6a93d74d@group-F775CA5912AC-LeaderElection369 got exception when requesting votes: {}
java.util.concurrent.ExecutionException: org.apache.ratis.thirdparty.io.grpc.StatusRuntimeException: UNAVAILABLE: io exception
	at java.util.concurrent.FutureTask.report(FutureTask.java:122)
	at java.util.concurrent.FutureTask.get(FutureTask.java:192)
	at org.apache.ratis.server.impl.LeaderElection.waitForResults(LeaderElection.java:259)
	at org.apache.ratis.server.impl.LeaderElection.askForVotes(LeaderElection.java:197)
	at org.apache.ratis.server.impl.LeaderElection.run(LeaderElection.java:133)
	at java.lang.Thread.run(Thread.java:748)
Caused by: org.apache.ratis.thirdparty.io.grpc.StatusRuntimeException: UNAVAILABLE: io exception
	at org.apache.ratis.thirdparty.io.grpc.stub.ClientCalls.toStatusRuntimeException(ClientCalls.java:233)
	at org.apache.ratis.thirdparty.io.grpc.stub.ClientCalls.getUnchecked(ClientCalls.java:214)
	at org.apache.ratis.thirdparty.io.grpc.stub.ClientCalls.blockingUnaryCall(ClientCalls.java:139)
	at org.apache.ratis.proto.grpc.RaftServerProtocolServiceGrpc$RaftServerProtocolServiceBlockingStub.requestVote(RaftServerProtocolServiceGrpc.java:265)
	at org.apache.ratis.grpc.server.GrpcServerProtocolClient.requestVote(GrpcServerProtocolClient.java:99)
	at org.apache.ratis.grpc.server.GrpcService.requestVote(GrpcService.java:204)
	at org.apache.ratis.server.impl.LeaderElection.lambda$submitRequests$1(LeaderElection.java:234)
	at java.util.concurrent.FutureTask.run(FutureTask.java:266)
	at java.util.concurrent.Executors$RunnableAdapter.call(Executors.java:511)
	at java.util.concurrent.FutureTask.run(FutureTask.java:266)
	at java.util.concurrent.ThreadPoolExecutor.runWorker(ThreadPoolExecutor.java:1149)
	at java.util.concurrent.ThreadPoolExecutor$Worker.run(ThreadPoolExecutor.java:624)
	... 1 more
Caused by: org.apache.ratis.thirdparty.io.netty.channel.AbstractChannel$AnnotatedConnectException: Connection refused: /192.168.157.251:42113
	at sun.nio.ch.SocketChannelImpl.checkConnect(Native Method)
	at sun.nio.ch.SocketChannelImpl.finishConnect(SocketChannelImpl.java:717)
	at org.apache.ratis.thirdparty.io.netty.channel.socket.nio.NioSocketChannel.doFinishConnect(NioSocketChannel.java:327)
	at org.apache.ratis.thirdparty.io.netty.channel.nio.AbstractNioChannel$AbstractNioUnsafe.finishConnect(AbstractNioChannel.java:340)
	at org.apache.ratis.thirdparty.io.netty.channel.nio.NioEventLoop.processSelectedKey(NioEventLoop.java:632)
	at org.apache.ratis.thirdparty.io.netty.channel.nio.NioEventLoop.processSelectedKeysOptimized(NioEventLoop.java:579)
	at org.apache.ratis.thirdparty.io.netty.channel.nio.NioEventLoop.processSelectedKeys(NioEventLoop.java:496)
	at org.apache.ratis.thirdparty.io.netty.channel.nio.NioEventLoop.run(NioEventLoop.java:458)
	at org.apache.ratis.thirdparty.io.netty.util.concurrent.SingleThreadEventExecutor$5.run(SingleThreadEventExecutor.java:897)
	at org.apache.ratis.thirdparty.io.netty.util.concurrent.FastThreadLocalRunnable.run(FastThreadLocalRunnable.java:30)
	... 1 more
Caused by: java.net.ConnectException: Connection refused
	... 11 more
2019-10-17 18:51:11,973 [grpc-default-executor-2] INFO  impl.RaftServerImpl (RaftServerImpl.java:setRole(184)) - daae7813-f814-475d-9647-a302a5541e36@group-F775CA5912AC: changes role from  FOLLOWER to FOLLOWER at term 201 for recognizeCandidate:a5e79c22-a35f-4e50-b1fd-e91b6a93d74d
2019-10-17 18:51:11,973 [grpc-default-executor-2] INFO  impl.RoleInfo (RoleInfo.java:shutdownFollowerState(121)) - daae7813-f814-475d-9647-a302a5541e36: shutdown FollowerState
2019-10-17 18:51:11,973 [grpc-default-executor-2] INFO  impl.RoleInfo (RoleInfo.java:updateAndGet(143)) - daae7813-f814-475d-9647-a302a5541e36: start FollowerState
2019-10-17 18:51:11,973 [Thread-2933] INFO  impl.FollowerState (FollowerState.java:run(117)) - daae7813-f814-475d-9647-a302a5541e36@group-F775CA5912AC-FollowerState was interrupted: java.lang.InterruptedException: sleep interrupted
2019-10-17 18:51:12,034 [a5e79c22-a35f-4e50-b1fd-e91b6a93d74d@group-F775CA5912AC-LeaderElection369] INFO  impl.LeaderElection (LeaderElection.java:logAndReturn(56)) - a5e79c22-a35f-4e50-b1fd-e91b6a93d74d@group-F775CA5912AC-LeaderElection369: Election REJECTED; received 1 response(s) [a5e79c22-a35f-4e50-b1fd-e91b6a93d74d<-daae7813-f814-475d-9647-a302a5541e36#0:FAIL-t201] and 1 exception(s); a5e79c22-a35f-4e50-b1fd-e91b6a93d74d@group-F775CA5912AC:t201, leader=null, voted=a5e79c22-a35f-4e50-b1fd-e91b6a93d74d, raftlog=a5e79c22-a35f-4e50-b1fd-e91b6a93d74d@group-F775CA5912AC-SegmentedRaftLog:OPENED:c-1,f-1,i0, conf=-1: [a5e79c22-a35f-4e50-b1fd-e91b6a93d74d:192.168.157.251:45177, daae7813-f814-475d-9647-a302a5541e36:192.168.157.251:45025, 1e4e1375-1b66-460f-8c99-4c341545a119:192.168.157.251:42113], old=null
2019-10-17 18:51:12,034 [a5e79c22-a35f-4e50-b1fd-e91b6a93d74d@group-F775CA5912AC-LeaderElection369] INFO  impl.LeaderElection (LogUtils.java:infoOrTrace(149)) -   Exception 0: {}
java.util.concurrent.ExecutionException: org.apache.ratis.thirdparty.io.grpc.StatusRuntimeException: UNAVAILABLE: io exception
	at java.util.concurrent.FutureTask.report(FutureTask.java:122)
	at java.util.concurrent.FutureTask.get(FutureTask.java:192)
	at org.apache.ratis.server.impl.LeaderElection.waitForResults(LeaderElection.java:259)
	at org.apache.ratis.server.impl.LeaderElection.askForVotes(LeaderElection.java:197)
	at org.apache.ratis.server.impl.LeaderElection.run(LeaderElection.java:133)
	at java.lang.Thread.run(Thread.java:748)
Caused by: org.apache.ratis.thirdparty.io.grpc.StatusRuntimeException: UNAVAILABLE: io exception
	at org.apache.ratis.thirdparty.io.grpc.stub.ClientCalls.toStatusRuntimeException(ClientCalls.java:233)
	at org.apache.ratis.thirdparty.io.grpc.stub.ClientCalls.getUnchecked(ClientCalls.java:214)
	at org.apache.ratis.thirdparty.io.grpc.stub.ClientCalls.blockingUnaryCall(ClientCalls.java:139)
	at org.apache.ratis.proto.grpc.RaftServerProtocolServiceGrpc$RaftServerProtocolServiceBlockingStub.requestVote(RaftServerProtocolServiceGrpc.java:265)
	at org.apache.ratis.grpc.server.GrpcServerProtocolClient.requestVote(GrpcServerProtocolClient.java:99)
	at org.apache.ratis.grpc.server.GrpcService.requestVote(GrpcService.java:204)
	at org.apache.ratis.server.impl.LeaderElection.lambda$submitRequests$1(LeaderElection.java:234)
	at java.util.concurrent.FutureTask.run(FutureTask.java:266)
	at java.util.concurrent.Executors$RunnableAdapter.call(Executors.java:511)
	at java.util.concurrent.FutureTask.run(FutureTask.java:266)
	at java.util.concurrent.ThreadPoolExecutor.runWorker(ThreadPoolExecutor.java:1149)
	at java.util.concurrent.ThreadPoolExecutor$Worker.run(ThreadPoolExecutor.java:624)
	... 1 more
Caused by: org.apache.ratis.thirdparty.io.netty.channel.AbstractChannel$AnnotatedConnectException: Connection refused: /192.168.157.251:42113
	at sun.nio.ch.SocketChannelImpl.checkConnect(Native Method)
	at sun.nio.ch.SocketChannelImpl.finishConnect(SocketChannelImpl.java:717)
	at org.apache.ratis.thirdparty.io.netty.channel.socket.nio.NioSocketChannel.doFinishConnect(NioSocketChannel.java:327)
	at org.apache.ratis.thirdparty.io.netty.channel.nio.AbstractNioChannel$AbstractNioUnsafe.finishConnect(AbstractNioChannel.java:340)
	at org.apache.ratis.thirdparty.io.netty.channel.nio.NioEventLoop.processSelectedKey(NioEventLoop.java:632)
	at org.apache.ratis.thirdparty.io.netty.channel.nio.NioEventLoop.processSelectedKeysOptimized(NioEventLoop.java:579)
	at org.apache.ratis.thirdparty.io.netty.channel.nio.NioEventLoop.processSelectedKeys(NioEventLoop.java:496)
	at org.apache.ratis.thirdparty.io.netty.channel.nio.NioEventLoop.run(NioEventLoop.java:458)
	at org.apache.ratis.thirdparty.io.netty.util.concurrent.SingleThreadEventExecutor$5.run(SingleThreadEventExecutor.java:897)
	at org.apache.ratis.thirdparty.io.netty.util.concurrent.FastThreadLocalRunnable.run(FastThreadLocalRunnable.java:30)
	... 1 more
Caused by: java.net.ConnectException: Connection refused
	... 11 more
2019-10-17 18:51:12,035 [a5e79c22-a35f-4e50-b1fd-e91b6a93d74d@group-F775CA5912AC-LeaderElection369] INFO  impl.RaftServerImpl (RaftServerImpl.java:setRole(184)) - a5e79c22-a35f-4e50-b1fd-e91b6a93d74d@group-F775CA5912AC: changes role from CANDIDATE to FOLLOWER at term 201 for DISCOVERED_A_NEW_TERM
2019-10-17 18:51:12,035 [a5e79c22-a35f-4e50-b1fd-e91b6a93d74d@group-F775CA5912AC-LeaderElection369] INFO  impl.RoleInfo (RoleInfo.java:shutdownLeaderElection(134)) - a5e79c22-a35f-4e50-b1fd-e91b6a93d74d: shutdown LeaderElection
2019-10-17 18:51:12,035 [a5e79c22-a35f-4e50-b1fd-e91b6a93d74d@group-F775CA5912AC-LeaderElection369] INFO  impl.RoleInfo (RoleInfo.java:updateAndGet(143)) - a5e79c22-a35f-4e50-b1fd-e91b6a93d74d: start FollowerState
2019-10-17 18:51:12,038 [Thread-2939] INFO  impl.FollowerState (FollowerState.java:run(108)) - a5e79c22-a35f-4e50-b1fd-e91b6a93d74d@group-F775CA5912AC-FollowerState: change to CANDIDATE, lastRpcTime:3ms, electionTimeout:3ms
2019-10-17 18:51:12,039 [Thread-2939] INFO  impl.RoleInfo (RoleInfo.java:shutdownFollowerState(121)) - a5e79c22-a35f-4e50-b1fd-e91b6a93d74d: shutdown FollowerState
2019-10-17 18:51:12,039 [Thread-2939] INFO  impl.RaftServerImpl (RaftServerImpl.java:setRole(184)) - a5e79c22-a35f-4e50-b1fd-e91b6a93d74d@group-F775CA5912AC: changes role from  FOLLOWER to CANDIDATE at term 201 for changeToCandidate
2019-10-17 18:51:12,039 [Thread-2939] INFO  impl.RoleInfo (RoleInfo.java:updateAndGet(143)) - a5e79c22-a35f-4e50-b1fd-e91b6a93d74d: start LeaderElection
2019-10-17 18:51:12,154 [a5e79c22-a35f-4e50-b1fd-e91b6a93d74d@group-F775CA5912AC-LeaderElection370] INFO  impl.LeaderElection (LeaderElection.java:askForVotes(178)) - a5e79c22-a35f-4e50-b1fd-e91b6a93d74d@group-F775CA5912AC-LeaderElection370: begin an election at term 202 for -1: [a5e79c22-a35f-4e50-b1fd-e91b6a93d74d:192.168.157.251:45177, daae7813-f814-475d-9647-a302a5541e36:192.168.157.251:45025, 1e4e1375-1b66-460f-8c99-4c341545a119:192.168.157.251:42113], old=null
2019-10-17 18:51:12,155 [a5e79c22-a35f-4e50-b1fd-e91b6a93d74d@group-F775CA5912AC-LeaderElection370] INFO  impl.LeaderElection (LogUtils.java:infoOrTrace(149)) - a5e79c22-a35f-4e50-b1fd-e91b6a93d74d@group-F775CA5912AC-LeaderElection370 got exception when requesting votes: {}
java.util.concurrent.ExecutionException: org.apache.ratis.thirdparty.io.grpc.StatusRuntimeException: UNAVAILABLE: io exception
	at java.util.concurrent.FutureTask.report(FutureTask.java:122)
	at java.util.concurrent.FutureTask.get(FutureTask.java:192)
	at org.apache.ratis.server.impl.LeaderElection.waitForResults(LeaderElection.java:259)
	at org.apache.ratis.server.impl.LeaderElection.askForVotes(LeaderElection.java:197)
	at org.apache.ratis.server.impl.LeaderElection.run(LeaderElection.java:133)
	at java.lang.Thread.run(Thread.java:748)
Caused by: org.apache.ratis.thirdparty.io.grpc.StatusRuntimeException: UNAVAILABLE: io exception
	at org.apache.ratis.thirdparty.io.grpc.stub.ClientCalls.toStatusRuntimeException(ClientCalls.java:233)
	at org.apache.ratis.thirdparty.io.grpc.stub.ClientCalls.getUnchecked(ClientCalls.java:214)
	at org.apache.ratis.thirdparty.io.grpc.stub.ClientCalls.blockingUnaryCall(ClientCalls.java:139)
	at org.apache.ratis.proto.grpc.RaftServerProtocolServiceGrpc$RaftServerProtocolServiceBlockingStub.requestVote(RaftServerProtocolServiceGrpc.java:265)
	at org.apache.ratis.grpc.server.GrpcServerProtocolClient.requestVote(GrpcServerProtocolClient.java:99)
	at org.apache.ratis.grpc.server.GrpcService.requestVote(GrpcService.java:204)
	at org.apache.ratis.server.impl.LeaderElection.lambda$submitRequests$1(LeaderElection.java:234)
	at java.util.concurrent.FutureTask.run(FutureTask.java:266)
	at java.util.concurrent.Executors$RunnableAdapter.call(Executors.java:511)
	at java.util.concurrent.FutureTask.run(FutureTask.java:266)
	at java.util.concurrent.ThreadPoolExecutor.runWorker(ThreadPoolExecutor.java:1149)
	at java.util.concurrent.ThreadPoolExecutor$Worker.run(ThreadPoolExecutor.java:624)
	... 1 more
Caused by: org.apache.ratis.thirdparty.io.netty.channel.AbstractChannel$AnnotatedConnectException: Connection refused: /192.168.157.251:42113
	at sun.nio.ch.SocketChannelImpl.checkConnect(Native Method)
	at sun.nio.ch.SocketChannelImpl.finishConnect(SocketChannelImpl.java:717)
	at org.apache.ratis.thirdparty.io.netty.channel.socket.nio.NioSocketChannel.doFinishConnect(NioSocketChannel.java:327)
	at org.apache.ratis.thirdparty.io.netty.channel.nio.AbstractNioChannel$AbstractNioUnsafe.finishConnect(AbstractNioChannel.java:340)
	at org.apache.ratis.thirdparty.io.netty.channel.nio.NioEventLoop.processSelectedKey(NioEventLoop.java:632)
	at org.apache.ratis.thirdparty.io.netty.channel.nio.NioEventLoop.processSelectedKeysOptimized(NioEventLoop.java:579)
	at org.apache.ratis.thirdparty.io.netty.channel.nio.NioEventLoop.processSelectedKeys(NioEventLoop.java:496)
	at org.apache.ratis.thirdparty.io.netty.channel.nio.NioEventLoop.run(NioEventLoop.java:458)
	at org.apache.ratis.thirdparty.io.netty.util.concurrent.SingleThreadEventExecutor$5.run(SingleThreadEventExecutor.java:897)
	at org.apache.ratis.thirdparty.io.netty.util.concurrent.FastThreadLocalRunnable.run(FastThreadLocalRunnable.java:30)
	... 1 more
Caused by: java.net.ConnectException: Connection refused
	... 11 more
2019-10-17 18:51:12,159 [grpc-default-executor-2] INFO  impl.RaftServerImpl (RaftServerImpl.java:setRole(184)) - daae7813-f814-475d-9647-a302a5541e36@group-F775CA5912AC: changes role from  FOLLOWER to FOLLOWER at term 202 for recognizeCandidate:a5e79c22-a35f-4e50-b1fd-e91b6a93d74d
2019-10-17 18:51:12,159 [grpc-default-executor-2] INFO  impl.RoleInfo (RoleInfo.java:shutdownFollowerState(121)) - daae7813-f814-475d-9647-a302a5541e36: shutdown FollowerState
2019-10-17 18:51:12,159 [grpc-default-executor-2] INFO  impl.RoleInfo (RoleInfo.java:updateAndGet(143)) - daae7813-f814-475d-9647-a302a5541e36: start FollowerState
2019-10-17 18:51:12,159 [Thread-2938] INFO  impl.FollowerState (FollowerState.java:run(117)) - daae7813-f814-475d-9647-a302a5541e36@group-F775CA5912AC-FollowerState was interrupted: java.lang.InterruptedException: sleep interrupted
2019-10-17 18:51:12,235 [a5e79c22-a35f-4e50-b1fd-e91b6a93d74d@group-F775CA5912AC-LeaderElection370] INFO  impl.LeaderElection (LeaderElection.java:logAndReturn(56)) - a5e79c22-a35f-4e50-b1fd-e91b6a93d74d@group-F775CA5912AC-LeaderElection370: Election REJECTED; received 1 response(s) [a5e79c22-a35f-4e50-b1fd-e91b6a93d74d<-daae7813-f814-475d-9647-a302a5541e36#0:FAIL-t202] and 1 exception(s); a5e79c22-a35f-4e50-b1fd-e91b6a93d74d@group-F775CA5912AC:t202, leader=null, voted=a5e79c22-a35f-4e50-b1fd-e91b6a93d74d, raftlog=a5e79c22-a35f-4e50-b1fd-e91b6a93d74d@group-F775CA5912AC-SegmentedRaftLog:OPENED:c-1,f-1,i0, conf=-1: [a5e79c22-a35f-4e50-b1fd-e91b6a93d74d:192.168.157.251:45177, daae7813-f814-475d-9647-a302a5541e36:192.168.157.251:45025, 1e4e1375-1b66-460f-8c99-4c341545a119:192.168.157.251:42113], old=null
2019-10-17 18:51:12,235 [a5e79c22-a35f-4e50-b1fd-e91b6a93d74d@group-F775CA5912AC-LeaderElection370] INFO  impl.LeaderElection (LogUtils.java:infoOrTrace(149)) -   Exception 0: {}
java.util.concurrent.ExecutionException: org.apache.ratis.thirdparty.io.grpc.StatusRuntimeException: UNAVAILABLE: io exception
	at java.util.concurrent.FutureTask.report(FutureTask.java:122)
	at java.util.concurrent.FutureTask.get(FutureTask.java:192)
	at org.apache.ratis.server.impl.LeaderElection.waitForResults(LeaderElection.java:259)
	at org.apache.ratis.server.impl.LeaderElection.askForVotes(LeaderElection.java:197)
	at org.apache.ratis.server.impl.LeaderElection.run(LeaderElection.java:133)
	at java.lang.Thread.run(Thread.java:748)
Caused by: org.apache.ratis.thirdparty.io.grpc.StatusRuntimeException: UNAVAILABLE: io exception
	at org.apache.ratis.thirdparty.io.grpc.stub.ClientCalls.toStatusRuntimeException(ClientCalls.java:233)
	at org.apache.ratis.thirdparty.io.grpc.stub.ClientCalls.getUnchecked(ClientCalls.java:214)
	at org.apache.ratis.thirdparty.io.grpc.stub.ClientCalls.blockingUnaryCall(ClientCalls.java:139)
	at org.apache.ratis.proto.grpc.RaftServerProtocolServiceGrpc$RaftServerProtocolServiceBlockingStub.requestVote(RaftServerProtocolServiceGrpc.java:265)
	at org.apache.ratis.grpc.server.GrpcServerProtocolClient.requestVote(GrpcServerProtocolClient.java:99)
	at org.apache.ratis.grpc.server.GrpcService.requestVote(GrpcService.java:204)
	at org.apache.ratis.server.impl.LeaderElection.lambda$submitRequests$1(LeaderElection.java:234)
	at java.util.concurrent.FutureTask.run(FutureTask.java:266)
	at java.util.concurrent.Executors$RunnableAdapter.call(Executors.java:511)
	at java.util.concurrent.FutureTask.run(FutureTask.java:266)
	at java.util.concurrent.ThreadPoolExecutor.runWorker(ThreadPoolExecutor.java:1149)
	at java.util.concurrent.ThreadPoolExecutor$Worker.run(ThreadPoolExecutor.java:624)
	... 1 more
Caused by: org.apache.ratis.thirdparty.io.netty.channel.AbstractChannel$AnnotatedConnectException: Connection refused: /192.168.157.251:42113
	at sun.nio.ch.SocketChannelImpl.checkConnect(Native Method)
	at sun.nio.ch.SocketChannelImpl.finishConnect(SocketChannelImpl.java:717)
	at org.apache.ratis.thirdparty.io.netty.channel.socket.nio.NioSocketChannel.doFinishConnect(NioSocketChannel.java:327)
	at org.apache.ratis.thirdparty.io.netty.channel.nio.AbstractNioChannel$AbstractNioUnsafe.finishConnect(AbstractNioChannel.java:340)
	at org.apache.ratis.thirdparty.io.netty.channel.nio.NioEventLoop.processSelectedKey(NioEventLoop.java:632)
	at org.apache.ratis.thirdparty.io.netty.channel.nio.NioEventLoop.processSelectedKeysOptimized(NioEventLoop.java:579)
	at org.apache.ratis.thirdparty.io.netty.channel.nio.NioEventLoop.processSelectedKeys(NioEventLoop.java:496)
	at org.apache.ratis.thirdparty.io.netty.channel.nio.NioEventLoop.run(NioEventLoop.java:458)
	at org.apache.ratis.thirdparty.io.netty.util.concurrent.SingleThreadEventExecutor$5.run(SingleThreadEventExecutor.java:897)
	at org.apache.ratis.thirdparty.io.netty.util.concurrent.FastThreadLocalRunnable.run(FastThreadLocalRunnable.java:30)
	... 1 more
Caused by: java.net.ConnectException: Connection refused
	... 11 more
2019-10-17 18:51:12,236 [a5e79c22-a35f-4e50-b1fd-e91b6a93d74d@group-F775CA5912AC-LeaderElection370] INFO  impl.RaftServerImpl (RaftServerImpl.java:setRole(184)) - a5e79c22-a35f-4e50-b1fd-e91b6a93d74d@group-F775CA5912AC: changes role from CANDIDATE to FOLLOWER at term 202 for DISCOVERED_A_NEW_TERM
2019-10-17 18:51:12,236 [a5e79c22-a35f-4e50-b1fd-e91b6a93d74d@group-F775CA5912AC-LeaderElection370] INFO  impl.RoleInfo (RoleInfo.java:shutdownLeaderElection(134)) - a5e79c22-a35f-4e50-b1fd-e91b6a93d74d: shutdown LeaderElection
2019-10-17 18:51:12,236 [a5e79c22-a35f-4e50-b1fd-e91b6a93d74d@group-F775CA5912AC-LeaderElection370] INFO  impl.RoleInfo (RoleInfo.java:updateAndGet(143)) - a5e79c22-a35f-4e50-b1fd-e91b6a93d74d: start FollowerState
2019-10-17 18:51:12,299 [Thread-2944] INFO  impl.FollowerState (FollowerState.java:run(108)) - a5e79c22-a35f-4e50-b1fd-e91b6a93d74d@group-F775CA5912AC-FollowerState: change to CANDIDATE, lastRpcTime:62ms, electionTimeout:62ms
2019-10-17 18:51:12,299 [Thread-2944] INFO  impl.RoleInfo (RoleInfo.java:shutdownFollowerState(121)) - a5e79c22-a35f-4e50-b1fd-e91b6a93d74d: shutdown FollowerState
2019-10-17 18:51:12,299 [Thread-2944] INFO  impl.RaftServerImpl (RaftServerImpl.java:setRole(184)) - a5e79c22-a35f-4e50-b1fd-e91b6a93d74d@group-F775CA5912AC: changes role from  FOLLOWER to CANDIDATE at term 202 for changeToCandidate
2019-10-17 18:51:12,299 [Thread-2944] INFO  impl.RoleInfo (RoleInfo.java:updateAndGet(143)) - a5e79c22-a35f-4e50-b1fd-e91b6a93d74d: start LeaderElection
2019-10-17 18:51:12,328 [Thread-2910] INFO  impl.FollowerState (FollowerState.java:run(108)) - 73297ffa-40cb-4e3e-b33e-1bc2c1da60f5@group-5F52F902B742-FollowerState: change to CANDIDATE, lastRpcTime:1012ms, electionTimeout:1012ms
2019-10-17 18:51:12,328 [Thread-2910] INFO  impl.RoleInfo (RoleInfo.java:shutdownFollowerState(121)) - 73297ffa-40cb-4e3e-b33e-1bc2c1da60f5: shutdown FollowerState
2019-10-17 18:51:12,328 [Thread-2910] INFO  impl.RaftServerImpl (RaftServerImpl.java:setRole(184)) - 73297ffa-40cb-4e3e-b33e-1bc2c1da60f5@group-5F52F902B742: changes role from  FOLLOWER to CANDIDATE at term 198 for changeToCandidate
2019-10-17 18:51:12,328 [Thread-2910] INFO  impl.RoleInfo (RoleInfo.java:updateAndGet(143)) - 73297ffa-40cb-4e3e-b33e-1bc2c1da60f5: start LeaderElection
2019-10-17 18:51:12,342 [73297ffa-40cb-4e3e-b33e-1bc2c1da60f5@group-5F52F902B742-LeaderElection372] INFO  impl.LeaderElection (LeaderElection.java:askForVotes(178)) - 73297ffa-40cb-4e3e-b33e-1bc2c1da60f5@group-5F52F902B742-LeaderElection372: begin an election at term 199 for 0: [b8f04e38-0663-4b1f-8efd-f76585c6e86c:192.168.157.251:35700, abcd8826-c056-4817-bd0f-7af19a46d814:192.168.157.251:46496, 73297ffa-40cb-4e3e-b33e-1bc2c1da60f5:192.168.157.251:32952], old=null
2019-10-17 18:51:12,342 [a5e79c22-a35f-4e50-b1fd-e91b6a93d74d@group-F775CA5912AC-LeaderElection371] INFO  impl.LeaderElection (LeaderElection.java:askForVotes(178)) - a5e79c22-a35f-4e50-b1fd-e91b6a93d74d@group-F775CA5912AC-LeaderElection371: begin an election at term 203 for -1: [a5e79c22-a35f-4e50-b1fd-e91b6a93d74d:192.168.157.251:45177, daae7813-f814-475d-9647-a302a5541e36:192.168.157.251:45025, 1e4e1375-1b66-460f-8c99-4c341545a119:192.168.157.251:42113], old=null
2019-10-17 18:51:12,344 [73297ffa-40cb-4e3e-b33e-1bc2c1da60f5@group-5F52F902B742-LeaderElection372] INFO  impl.LeaderElection (LogUtils.java:infoOrTrace(149)) - 73297ffa-40cb-4e3e-b33e-1bc2c1da60f5@group-5F52F902B742-LeaderElection372 got exception when requesting votes: {}
java.util.concurrent.ExecutionException: org.apache.ratis.thirdparty.io.grpc.StatusRuntimeException: UNAVAILABLE: io exception
	at java.util.concurrent.FutureTask.report(FutureTask.java:122)
	at java.util.concurrent.FutureTask.get(FutureTask.java:192)
	at org.apache.ratis.server.impl.LeaderElection.waitForResults(LeaderElection.java:259)
	at org.apache.ratis.server.impl.LeaderElection.askForVotes(LeaderElection.java:197)
	at org.apache.ratis.server.impl.LeaderElection.run(LeaderElection.java:133)
	at java.lang.Thread.run(Thread.java:748)
Caused by: org.apache.ratis.thirdparty.io.grpc.StatusRuntimeException: UNAVAILABLE: io exception
	at org.apache.ratis.thirdparty.io.grpc.stub.ClientCalls.toStatusRuntimeException(ClientCalls.java:233)
	at org.apache.ratis.thirdparty.io.grpc.stub.ClientCalls.getUnchecked(ClientCalls.java:214)
	at org.apache.ratis.thirdparty.io.grpc.stub.ClientCalls.blockingUnaryCall(ClientCalls.java:139)
	at org.apache.ratis.proto.grpc.RaftServerProtocolServiceGrpc$RaftServerProtocolServiceBlockingStub.requestVote(RaftServerProtocolServiceGrpc.java:265)
	at org.apache.ratis.grpc.server.GrpcServerProtocolClient.requestVote(GrpcServerProtocolClient.java:99)
	at org.apache.ratis.grpc.server.GrpcService.requestVote(GrpcService.java:204)
	at org.apache.ratis.server.impl.LeaderElection.lambda$submitRequests$1(LeaderElection.java:234)
	at java.util.concurrent.FutureTask.run(FutureTask.java:266)
	at java.util.concurrent.Executors$RunnableAdapter.call(Executors.java:511)
	at java.util.concurrent.FutureTask.run(FutureTask.java:266)
	at java.util.concurrent.ThreadPoolExecutor.runWorker(ThreadPoolExecutor.java:1149)
	at java.util.concurrent.ThreadPoolExecutor$Worker.run(ThreadPoolExecutor.java:624)
	... 1 more
Caused by: org.apache.ratis.thirdparty.io.netty.channel.AbstractChannel$AnnotatedConnectException: Connection refused: /192.168.157.251:46496
	at sun.nio.ch.SocketChannelImpl.checkConnect(Native Method)
	at sun.nio.ch.SocketChannelImpl.finishConnect(SocketChannelImpl.java:717)
	at org.apache.ratis.thirdparty.io.netty.channel.socket.nio.NioSocketChannel.doFinishConnect(NioSocketChannel.java:327)
	at org.apache.ratis.thirdparty.io.netty.channel.nio.AbstractNioChannel$AbstractNioUnsafe.finishConnect(AbstractNioChannel.java:340)
	at org.apache.ratis.thirdparty.io.netty.channel.nio.NioEventLoop.processSelectedKey(NioEventLoop.java:632)
	at org.apache.ratis.thirdparty.io.netty.channel.nio.NioEventLoop.processSelectedKeysOptimized(NioEventLoop.java:579)
	at org.apache.ratis.thirdparty.io.netty.channel.nio.NioEventLoop.processSelectedKeys(NioEventLoop.java:496)
	at org.apache.ratis.thirdparty.io.netty.channel.nio.NioEventLoop.run(NioEventLoop.java:458)
	at org.apache.ratis.thirdparty.io.netty.util.concurrent.SingleThreadEventExecutor$5.run(SingleThreadEventExecutor.java:897)
	at org.apache.ratis.thirdparty.io.netty.util.concurrent.FastThreadLocalRunnable.run(FastThreadLocalRunnable.java:30)
	... 1 more
Caused by: java.net.ConnectException: Connection refused
	... 11 more
2019-10-17 18:51:12,344 [a5e79c22-a35f-4e50-b1fd-e91b6a93d74d@group-F775CA5912AC-LeaderElection371] INFO  impl.LeaderElection (LogUtils.java:infoOrTrace(149)) - a5e79c22-a35f-4e50-b1fd-e91b6a93d74d@group-F775CA5912AC-LeaderElection371 got exception when requesting votes: {}
java.util.concurrent.ExecutionException: org.apache.ratis.thirdparty.io.grpc.StatusRuntimeException: UNAVAILABLE: io exception
	at java.util.concurrent.FutureTask.report(FutureTask.java:122)
	at java.util.concurrent.FutureTask.get(FutureTask.java:192)
	at org.apache.ratis.server.impl.LeaderElection.waitForResults(LeaderElection.java:259)
	at org.apache.ratis.server.impl.LeaderElection.askForVotes(LeaderElection.java:197)
	at org.apache.ratis.server.impl.LeaderElection.run(LeaderElection.java:133)
	at java.lang.Thread.run(Thread.java:748)
Caused by: org.apache.ratis.thirdparty.io.grpc.StatusRuntimeException: UNAVAILABLE: io exception
	at org.apache.ratis.thirdparty.io.grpc.stub.ClientCalls.toStatusRuntimeException(ClientCalls.java:233)
	at org.apache.ratis.thirdparty.io.grpc.stub.ClientCalls.getUnchecked(ClientCalls.java:214)
	at org.apache.ratis.thirdparty.io.grpc.stub.ClientCalls.blockingUnaryCall(ClientCalls.java:139)
	at org.apache.ratis.proto.grpc.RaftServerProtocolServiceGrpc$RaftServerProtocolServiceBlockingStub.requestVote(RaftServerProtocolServiceGrpc.java:265)
	at org.apache.ratis.grpc.server.GrpcServerProtocolClient.requestVote(GrpcServerProtocolClient.java:99)
	at org.apache.ratis.grpc.server.GrpcService.requestVote(GrpcService.java:204)
	at org.apache.ratis.server.impl.LeaderElection.lambda$submitRequests$1(LeaderElection.java:234)
	at java.util.concurrent.FutureTask.run(FutureTask.java:266)
	at java.util.concurrent.Executors$RunnableAdapter.call(Executors.java:511)
	at java.util.concurrent.FutureTask.run(FutureTask.java:266)
	at java.util.concurrent.ThreadPoolExecutor.runWorker(ThreadPoolExecutor.java:1149)
	at java.util.concurrent.ThreadPoolExecutor$Worker.run(ThreadPoolExecutor.java:624)
	... 1 more
Caused by: org.apache.ratis.thirdparty.io.netty.channel.AbstractChannel$AnnotatedConnectException: Connection refused: /192.168.157.251:42113
	at sun.nio.ch.SocketChannelImpl.checkConnect(Native Method)
	at sun.nio.ch.SocketChannelImpl.finishConnect(SocketChannelImpl.java:717)
	at org.apache.ratis.thirdparty.io.netty.channel.socket.nio.NioSocketChannel.doFinishConnect(NioSocketChannel.java:327)
	at org.apache.ratis.thirdparty.io.netty.channel.nio.AbstractNioChannel$AbstractNioUnsafe.finishConnect(AbstractNioChannel.java:340)
	at org.apache.ratis.thirdparty.io.netty.channel.nio.NioEventLoop.processSelectedKey(NioEventLoop.java:632)
	at org.apache.ratis.thirdparty.io.netty.channel.nio.NioEventLoop.processSelectedKeysOptimized(NioEventLoop.java:579)
	at org.apache.ratis.thirdparty.io.netty.channel.nio.NioEventLoop.processSelectedKeys(NioEventLoop.java:496)
	at org.apache.ratis.thirdparty.io.netty.channel.nio.NioEventLoop.run(NioEventLoop.java:458)
	at org.apache.ratis.thirdparty.io.netty.util.concurrent.SingleThreadEventExecutor$5.run(SingleThreadEventExecutor.java:897)
	at org.apache.ratis.thirdparty.io.netty.util.concurrent.FastThreadLocalRunnable.run(FastThreadLocalRunnable.java:30)
	... 1 more
Caused by: java.net.ConnectException: Connection refused
	... 11 more
2019-10-17 18:51:12,347 [grpc-default-executor-2] INFO  impl.RaftServerImpl (RaftServerImpl.java:setRole(184)) - b8f04e38-0663-4b1f-8efd-f76585c6e86c@group-5F52F902B742: changes role from  FOLLOWER to FOLLOWER at term 199 for recognizeCandidate:73297ffa-40cb-4e3e-b33e-1bc2c1da60f5
2019-10-17 18:51:12,349 [grpc-default-executor-2] INFO  impl.RoleInfo (RoleInfo.java:shutdownFollowerState(121)) - b8f04e38-0663-4b1f-8efd-f76585c6e86c: shutdown FollowerState
2019-10-17 18:51:12,349 [grpc-default-executor-6] INFO  impl.RaftServerImpl (RaftServerImpl.java:setRole(184)) - daae7813-f814-475d-9647-a302a5541e36@group-F775CA5912AC: changes role from  FOLLOWER to FOLLOWER at term 203 for recognizeCandidate:a5e79c22-a35f-4e50-b1fd-e91b6a93d74d
2019-10-17 18:51:12,350 [Thread-2909] INFO  impl.FollowerState (FollowerState.java:run(117)) - b8f04e38-0663-4b1f-8efd-f76585c6e86c@group-5F52F902B742-FollowerState was interrupted: java.lang.InterruptedException: sleep interrupted
2019-10-17 18:51:12,349 [grpc-default-executor-2] INFO  impl.RoleInfo (RoleInfo.java:updateAndGet(143)) - b8f04e38-0663-4b1f-8efd-f76585c6e86c: start FollowerState
2019-10-17 18:51:12,350 [grpc-default-executor-6] INFO  impl.RoleInfo (RoleInfo.java:shutdownFollowerState(121)) - daae7813-f814-475d-9647-a302a5541e36: shutdown FollowerState
2019-10-17 18:51:12,350 [grpc-default-executor-6] INFO  impl.RoleInfo (RoleInfo.java:updateAndGet(143)) - daae7813-f814-475d-9647-a302a5541e36: start FollowerState
2019-10-17 18:51:12,350 [Thread-2943] INFO  impl.FollowerState (FollowerState.java:run(117)) - daae7813-f814-475d-9647-a302a5541e36@group-F775CA5912AC-FollowerState was interrupted: java.lang.InterruptedException: sleep interrupted
2019-10-17 18:51:12,390 [73297ffa-40cb-4e3e-b33e-1bc2c1da60f5@group-5F52F902B742-LeaderElection372] INFO  impl.LeaderElection (LeaderElection.java:logAndReturn(56)) - 73297ffa-40cb-4e3e-b33e-1bc2c1da60f5@group-5F52F902B742-LeaderElection372: Election REJECTED; received 1 response(s) [73297ffa-40cb-4e3e-b33e-1bc2c1da60f5<-b8f04e38-0663-4b1f-8efd-f76585c6e86c#0:FAIL-t199] and 1 exception(s); 73297ffa-40cb-4e3e-b33e-1bc2c1da60f5@group-5F52F902B742:t199, leader=null, voted=73297ffa-40cb-4e3e-b33e-1bc2c1da60f5, raftlog=73297ffa-40cb-4e3e-b33e-1bc2c1da60f5@group-5F52F902B742-SegmentedRaftLog:OPENED:c-1,f0,i0, conf=0: [b8f04e38-0663-4b1f-8efd-f76585c6e86c:192.168.157.251:35700, abcd8826-c056-4817-bd0f-7af19a46d814:192.168.157.251:46496, 73297ffa-40cb-4e3e-b33e-1bc2c1da60f5:192.168.157.251:32952], old=null
2019-10-17 18:51:12,390 [a5e79c22-a35f-4e50-b1fd-e91b6a93d74d@group-F775CA5912AC-LeaderElection371] INFO  impl.LeaderElection (LeaderElection.java:logAndReturn(56)) - a5e79c22-a35f-4e50-b1fd-e91b6a93d74d@group-F775CA5912AC-LeaderElection371: Election REJECTED; received 1 response(s) [a5e79c22-a35f-4e50-b1fd-e91b6a93d74d<-daae7813-f814-475d-9647-a302a5541e36#0:FAIL-t203] and 1 exception(s); a5e79c22-a35f-4e50-b1fd-e91b6a93d74d@group-F775CA5912AC:t203, leader=null, voted=a5e79c22-a35f-4e50-b1fd-e91b6a93d74d, raftlog=a5e79c22-a35f-4e50-b1fd-e91b6a93d74d@group-F775CA5912AC-SegmentedRaftLog:OPENED:c-1,f-1,i0, conf=-1: [a5e79c22-a35f-4e50-b1fd-e91b6a93d74d:192.168.157.251:45177, daae7813-f814-475d-9647-a302a5541e36:192.168.157.251:45025, 1e4e1375-1b66-460f-8c99-4c341545a119:192.168.157.251:42113], old=null
2019-10-17 18:51:12,390 [73297ffa-40cb-4e3e-b33e-1bc2c1da60f5@group-5F52F902B742-LeaderElection372] INFO  impl.LeaderElection (LogUtils.java:infoOrTrace(149)) -   Exception 0: {}
java.util.concurrent.ExecutionException: org.apache.ratis.thirdparty.io.grpc.StatusRuntimeException: UNAVAILABLE: io exception
	at java.util.concurrent.FutureTask.report(FutureTask.java:122)
	at java.util.concurrent.FutureTask.get(FutureTask.java:192)
	at org.apache.ratis.server.impl.LeaderElection.waitForResults(LeaderElection.java:259)
	at org.apache.ratis.server.impl.LeaderElection.askForVotes(LeaderElection.java:197)
	at org.apache.ratis.server.impl.LeaderElection.run(LeaderElection.java:133)
	at java.lang.Thread.run(Thread.java:748)
Caused by: org.apache.ratis.thirdparty.io.grpc.StatusRuntimeException: UNAVAILABLE: io exception
	at org.apache.ratis.thirdparty.io.grpc.stub.ClientCalls.toStatusRuntimeException(ClientCalls.java:233)
	at org.apache.ratis.thirdparty.io.grpc.stub.ClientCalls.getUnchecked(ClientCalls.java:214)
	at org.apache.ratis.thirdparty.io.grpc.stub.ClientCalls.blockingUnaryCall(ClientCalls.java:139)
	at org.apache.ratis.proto.grpc.RaftServerProtocolServiceGrpc$RaftServerProtocolServiceBlockingStub.requestVote(RaftServerProtocolServiceGrpc.java:265)
	at org.apache.ratis.grpc.server.GrpcServerProtocolClient.requestVote(GrpcServerProtocolClient.java:99)
	at org.apache.ratis.grpc.server.GrpcService.requestVote(GrpcService.java:204)
	at org.apache.ratis.server.impl.LeaderElection.lambda$submitRequests$1(LeaderElection.java:234)
	at java.util.concurrent.FutureTask.run(FutureTask.java:266)
	at java.util.concurrent.Executors$RunnableAdapter.call(Executors.java:511)
	at java.util.concurrent.FutureTask.run(FutureTask.java:266)
	at java.util.concurrent.ThreadPoolExecutor.runWorker(ThreadPoolExecutor.java:1149)
	at java.util.concurrent.ThreadPoolExecutor$Worker.run(ThreadPoolExecutor.java:624)
	... 1 more
Caused by: org.apache.ratis.thirdparty.io.netty.channel.AbstractChannel$AnnotatedConnectException: Connection refused: /192.168.157.251:46496
	at sun.nio.ch.SocketChannelImpl.checkConnect(Native Method)
	at sun.nio.ch.SocketChannelImpl.finishConnect(SocketChannelImpl.java:717)
	at org.apache.ratis.thirdparty.io.netty.channel.socket.nio.NioSocketChannel.doFinishConnect(NioSocketChannel.java:327)
	at org.apache.ratis.thirdparty.io.netty.channel.nio.AbstractNioChannel$AbstractNioUnsafe.finishConnect(AbstractNioChannel.java:340)
	at org.apache.ratis.thirdparty.io.netty.channel.nio.NioEventLoop.processSelectedKey(NioEventLoop.java:632)
	at org.apache.ratis.thirdparty.io.netty.channel.nio.NioEventLoop.processSelectedKeysOptimized(NioEventLoop.java:579)
	at org.apache.ratis.thirdparty.io.netty.channel.nio.NioEventLoop.processSelectedKeys(NioEventLoop.java:496)
	at org.apache.ratis.thirdparty.io.netty.channel.nio.NioEventLoop.run(NioEventLoop.java:458)
	at org.apache.ratis.thirdparty.io.netty.util.concurrent.SingleThreadEventExecutor$5.run(SingleThreadEventExecutor.java:897)
	at org.apache.ratis.thirdparty.io.netty.util.concurrent.FastThreadLocalRunnable.run(FastThreadLocalRunnable.java:30)
	... 1 more
Caused by: java.net.ConnectException: Connection refused
	... 11 more
2019-10-17 18:51:12,390 [a5e79c22-a35f-4e50-b1fd-e91b6a93d74d@group-F775CA5912AC-LeaderElection371] INFO  impl.LeaderElection (LogUtils.java:infoOrTrace(149)) -   Exception 0: {}
java.util.concurrent.ExecutionException: org.apache.ratis.thirdparty.io.grpc.StatusRuntimeException: UNAVAILABLE: io exception
	at java.util.concurrent.FutureTask.report(FutureTask.java:122)
	at java.util.concurrent.FutureTask.get(FutureTask.java:192)
	at org.apache.ratis.server.impl.LeaderElection.waitForResults(LeaderElection.java:259)
	at org.apache.ratis.server.impl.LeaderElection.askForVotes(LeaderElection.java:197)
	at org.apache.ratis.server.impl.LeaderElection.run(LeaderElection.java:133)
	at java.lang.Thread.run(Thread.java:748)
Caused by: org.apache.ratis.thirdparty.io.grpc.StatusRuntimeException: UNAVAILABLE: io exception
	at org.apache.ratis.thirdparty.io.grpc.stub.ClientCalls.toStatusRuntimeException(ClientCalls.java:233)
	at org.apache.ratis.thirdparty.io.grpc.stub.ClientCalls.getUnchecked(ClientCalls.java:214)
	at org.apache.ratis.thirdparty.io.grpc.stub.ClientCalls.blockingUnaryCall(ClientCalls.java:139)
	at org.apache.ratis.proto.grpc.RaftServerProtocolServiceGrpc$RaftServerProtocolServiceBlockingStub.requestVote(RaftServerProtocolServiceGrpc.java:265)
	at org.apache.ratis.grpc.server.GrpcServerProtocolClient.requestVote(GrpcServerProtocolClient.java:99)
	at org.apache.ratis.grpc.server.GrpcService.requestVote(GrpcService.java:204)
	at org.apache.ratis.server.impl.LeaderElection.lambda$submitRequests$1(LeaderElection.java:234)
	at java.util.concurrent.FutureTask.run(FutureTask.java:266)
	at java.util.concurrent.Executors$RunnableAdapter.call(Executors.java:511)
	at java.util.concurrent.FutureTask.run(FutureTask.java:266)
	at java.util.concurrent.ThreadPoolExecutor.runWorker(ThreadPoolExecutor.java:1149)
	at java.util.concurrent.ThreadPoolExecutor$Worker.run(ThreadPoolExecutor.java:624)
	... 1 more
Caused by: org.apache.ratis.thirdparty.io.netty.channel.AbstractChannel$AnnotatedConnectException: Connection refused: /192.168.157.251:42113
	at sun.nio.ch.SocketChannelImpl.checkConnect(Native Method)
	at sun.nio.ch.SocketChannelImpl.finishConnect(SocketChannelImpl.java:717)
	at org.apache.ratis.thirdparty.io.netty.channel.socket.nio.NioSocketChannel.doFinishConnect(NioSocketChannel.java:327)
	at org.apache.ratis.thirdparty.io.netty.channel.nio.AbstractNioChannel$AbstractNioUnsafe.finishConnect(AbstractNioChannel.java:340)
	at org.apache.ratis.thirdparty.io.netty.channel.nio.NioEventLoop.processSelectedKey(NioEventLoop.java:632)
	at org.apache.ratis.thirdparty.io.netty.channel.nio.NioEventLoop.processSelectedKeysOptimized(NioEventLoop.java:579)
	at org.apache.ratis.thirdparty.io.netty.channel.nio.NioEventLoop.processSelectedKeys(NioEventLoop.java:496)
	at org.apache.ratis.thirdparty.io.netty.channel.nio.NioEventLoop.run(NioEventLoop.java:458)
	at org.apache.ratis.thirdparty.io.netty.util.concurrent.SingleThreadEventExecutor$5.run(SingleThreadEventExecutor.java:897)
	at org.apache.ratis.thirdparty.io.netty.util.concurrent.FastThreadLocalRunnable.run(FastThreadLocalRunnable.java:30)
	... 1 more
Caused by: java.net.ConnectException: Connection refused
	... 11 more
2019-10-17 18:51:12,391 [73297ffa-40cb-4e3e-b33e-1bc2c1da60f5@group-5F52F902B742-LeaderElection372] INFO  impl.RaftServerImpl (RaftServerImpl.java:setRole(184)) - 73297ffa-40cb-4e3e-b33e-1bc2c1da60f5@group-5F52F902B742: changes role from CANDIDATE to FOLLOWER at term 199 for DISCOVERED_A_NEW_TERM
2019-10-17 18:51:12,391 [73297ffa-40cb-4e3e-b33e-1bc2c1da60f5@group-5F52F902B742-LeaderElection372] INFO  impl.RoleInfo (RoleInfo.java:shutdownLeaderElection(134)) - 73297ffa-40cb-4e3e-b33e-1bc2c1da60f5: shutdown LeaderElection
2019-10-17 18:51:12,391 [a5e79c22-a35f-4e50-b1fd-e91b6a93d74d@group-F775CA5912AC-LeaderElection371] INFO  impl.RaftServerImpl (RaftServerImpl.java:setRole(184)) - a5e79c22-a35f-4e50-b1fd-e91b6a93d74d@group-F775CA5912AC: changes role from CANDIDATE to FOLLOWER at term 203 for DISCOVERED_A_NEW_TERM
2019-10-17 18:51:12,391 [73297ffa-40cb-4e3e-b33e-1bc2c1da60f5@group-5F52F902B742-LeaderElection372] INFO  impl.RoleInfo (RoleInfo.java:updateAndGet(143)) - 73297ffa-40cb-4e3e-b33e-1bc2c1da60f5: start FollowerState
2019-10-17 18:51:12,392 [a5e79c22-a35f-4e50-b1fd-e91b6a93d74d@group-F775CA5912AC-LeaderElection371] INFO  impl.RoleInfo (RoleInfo.java:shutdownLeaderElection(134)) - a5e79c22-a35f-4e50-b1fd-e91b6a93d74d: shutdown LeaderElection
2019-10-17 18:51:12,392 [a5e79c22-a35f-4e50-b1fd-e91b6a93d74d@group-F775CA5912AC-LeaderElection371] INFO  impl.RoleInfo (RoleInfo.java:updateAndGet(143)) - a5e79c22-a35f-4e50-b1fd-e91b6a93d74d: start FollowerState
2019-10-17 18:51:12,534 [Thread-2956] INFO  impl.FollowerState (FollowerState.java:run(108)) - a5e79c22-a35f-4e50-b1fd-e91b6a93d74d@group-F775CA5912AC-FollowerState: change to CANDIDATE, lastRpcTime:142ms, electionTimeout:142ms
2019-10-17 18:51:12,534 [Thread-2956] INFO  impl.RoleInfo (RoleInfo.java:shutdownFollowerState(121)) - a5e79c22-a35f-4e50-b1fd-e91b6a93d74d: shutdown FollowerState
2019-10-17 18:51:12,534 [Thread-2956] INFO  impl.RaftServerImpl (RaftServerImpl.java:setRole(184)) - a5e79c22-a35f-4e50-b1fd-e91b6a93d74d@group-F775CA5912AC: changes role from  FOLLOWER to CANDIDATE at term 203 for changeToCandidate
2019-10-17 18:51:12,535 [Thread-2956] INFO  impl.RoleInfo (RoleInfo.java:updateAndGet(143)) - a5e79c22-a35f-4e50-b1fd-e91b6a93d74d: start LeaderElection
2019-10-17 18:51:12,550 [a5e79c22-a35f-4e50-b1fd-e91b6a93d74d@group-F775CA5912AC-LeaderElection373] INFO  impl.LeaderElection (LeaderElection.java:askForVotes(178)) - a5e79c22-a35f-4e50-b1fd-e91b6a93d74d@group-F775CA5912AC-LeaderElection373: begin an election at term 204 for -1: [a5e79c22-a35f-4e50-b1fd-e91b6a93d74d:192.168.157.251:45177, daae7813-f814-475d-9647-a302a5541e36:192.168.157.251:45025, 1e4e1375-1b66-460f-8c99-4c341545a119:192.168.157.251:42113], old=null
2019-10-17 18:51:12,551 [a5e79c22-a35f-4e50-b1fd-e91b6a93d74d@group-F775CA5912AC-LeaderElection373] INFO  impl.LeaderElection (LogUtils.java:infoOrTrace(149)) - a5e79c22-a35f-4e50-b1fd-e91b6a93d74d@group-F775CA5912AC-LeaderElection373 got exception when requesting votes: {}
java.util.concurrent.ExecutionException: org.apache.ratis.thirdparty.io.grpc.StatusRuntimeException: UNAVAILABLE: io exception
	at java.util.concurrent.FutureTask.report(FutureTask.java:122)
	at java.util.concurrent.FutureTask.get(FutureTask.java:192)
	at org.apache.ratis.server.impl.LeaderElection.waitForResults(LeaderElection.java:259)
	at org.apache.ratis.server.impl.LeaderElection.askForVotes(LeaderElection.java:197)
	at org.apache.ratis.server.impl.LeaderElection.run(LeaderElection.java:133)
	at java.lang.Thread.run(Thread.java:748)
Caused by: org.apache.ratis.thirdparty.io.grpc.StatusRuntimeException: UNAVAILABLE: io exception
	at org.apache.ratis.thirdparty.io.grpc.stub.ClientCalls.toStatusRuntimeException(ClientCalls.java:233)
	at org.apache.ratis.thirdparty.io.grpc.stub.ClientCalls.getUnchecked(ClientCalls.java:214)
	at org.apache.ratis.thirdparty.io.grpc.stub.ClientCalls.blockingUnaryCall(ClientCalls.java:139)
	at org.apache.ratis.proto.grpc.RaftServerProtocolServiceGrpc$RaftServerProtocolServiceBlockingStub.requestVote(RaftServerProtocolServiceGrpc.java:265)
	at org.apache.ratis.grpc.server.GrpcServerProtocolClient.requestVote(GrpcServerProtocolClient.java:99)
	at org.apache.ratis.grpc.server.GrpcService.requestVote(GrpcService.java:204)
	at org.apache.ratis.server.impl.LeaderElection.lambda$submitRequests$1(LeaderElection.java:234)
	at java.util.concurrent.FutureTask.run(FutureTask.java:266)
	at java.util.concurrent.Executors$RunnableAdapter.call(Executors.java:511)
	at java.util.concurrent.FutureTask.run(FutureTask.java:266)
	at java.util.concurrent.ThreadPoolExecutor.runWorker(ThreadPoolExecutor.java:1149)
	at java.util.concurrent.ThreadPoolExecutor$Worker.run(ThreadPoolExecutor.java:624)
	... 1 more
Caused by: org.apache.ratis.thirdparty.io.netty.channel.AbstractChannel$AnnotatedConnectException: Connection refused: /192.168.157.251:42113
	at sun.nio.ch.SocketChannelImpl.checkConnect(Native Method)
	at sun.nio.ch.SocketChannelImpl.finishConnect(SocketChannelImpl.java:717)
	at org.apache.ratis.thirdparty.io.netty.channel.socket.nio.NioSocketChannel.doFinishConnect(NioSocketChannel.java:327)
	at org.apache.ratis.thirdparty.io.netty.channel.nio.AbstractNioChannel$AbstractNioUnsafe.finishConnect(AbstractNioChannel.java:340)
	at org.apache.ratis.thirdparty.io.netty.channel.nio.NioEventLoop.processSelectedKey(NioEventLoop.java:632)
	at org.apache.ratis.thirdparty.io.netty.channel.nio.NioEventLoop.processSelectedKeysOptimized(NioEventLoop.java:579)
	at org.apache.ratis.thirdparty.io.netty.channel.nio.NioEventLoop.processSelectedKeys(NioEventLoop.java:496)
	at org.apache.ratis.thirdparty.io.netty.channel.nio.NioEventLoop.run(NioEventLoop.java:458)
	at org.apache.ratis.thirdparty.io.netty.util.concurrent.SingleThreadEventExecutor$5.run(SingleThreadEventExecutor.java:897)
	at org.apache.ratis.thirdparty.io.netty.util.concurrent.FastThreadLocalRunnable.run(FastThreadLocalRunnable.java:30)
	... 1 more
Caused by: java.net.ConnectException: Connection refused
	... 11 more
2019-10-17 18:51:12,554 [grpc-default-executor-2] INFO  impl.RaftServerImpl (RaftServerImpl.java:setRole(184)) - daae7813-f814-475d-9647-a302a5541e36@group-F775CA5912AC: changes role from  FOLLOWER to FOLLOWER at term 204 for recognizeCandidate:a5e79c22-a35f-4e50-b1fd-e91b6a93d74d
2019-10-17 18:51:12,554 [grpc-default-executor-2] INFO  impl.RoleInfo (RoleInfo.java:shutdownFollowerState(121)) - daae7813-f814-475d-9647-a302a5541e36: shutdown FollowerState
2019-10-17 18:51:12,554 [grpc-default-executor-2] INFO  impl.RoleInfo (RoleInfo.java:updateAndGet(143)) - daae7813-f814-475d-9647-a302a5541e36: start FollowerState
2019-10-17 18:51:12,554 [Thread-2954] INFO  impl.FollowerState (FollowerState.java:run(117)) - daae7813-f814-475d-9647-a302a5541e36@group-F775CA5912AC-FollowerState was interrupted: java.lang.InterruptedException: sleep interrupted
2019-10-17 18:51:12,575 [a5e79c22-a35f-4e50-b1fd-e91b6a93d74d@group-F775CA5912AC-LeaderElection373] INFO  impl.LeaderElection (LeaderElection.java:logAndReturn(56)) - a5e79c22-a35f-4e50-b1fd-e91b6a93d74d@group-F775CA5912AC-LeaderElection373: Election REJECTED; received 1 response(s) [a5e79c22-a35f-4e50-b1fd-e91b6a93d74d<-daae7813-f814-475d-9647-a302a5541e36#0:FAIL-t204] and 1 exception(s); a5e79c22-a35f-4e50-b1fd-e91b6a93d74d@group-F775CA5912AC:t204, leader=null, voted=a5e79c22-a35f-4e50-b1fd-e91b6a93d74d, raftlog=a5e79c22-a35f-4e50-b1fd-e91b6a93d74d@group-F775CA5912AC-SegmentedRaftLog:OPENED:c-1,f-1,i0, conf=-1: [a5e79c22-a35f-4e50-b1fd-e91b6a93d74d:192.168.157.251:45177, daae7813-f814-475d-9647-a302a5541e36:192.168.157.251:45025, 1e4e1375-1b66-460f-8c99-4c341545a119:192.168.157.251:42113], old=null
2019-10-17 18:51:12,575 [a5e79c22-a35f-4e50-b1fd-e91b6a93d74d@group-F775CA5912AC-LeaderElection373] INFO  impl.LeaderElection (LogUtils.java:infoOrTrace(149)) -   Exception 0: {}
java.util.concurrent.ExecutionException: org.apache.ratis.thirdparty.io.grpc.StatusRuntimeException: UNAVAILABLE: io exception
	at java.util.concurrent.FutureTask.report(FutureTask.java:122)
	at java.util.concurrent.FutureTask.get(FutureTask.java:192)
	at org.apache.ratis.server.impl.LeaderElection.waitForResults(LeaderElection.java:259)
	at org.apache.ratis.server.impl.LeaderElection.askForVotes(LeaderElection.java:197)
	at org.apache.ratis.server.impl.LeaderElection.run(LeaderElection.java:133)
	at java.lang.Thread.run(Thread.java:748)
Caused by: org.apache.ratis.thirdparty.io.grpc.StatusRuntimeException: UNAVAILABLE: io exception
	at org.apache.ratis.thirdparty.io.grpc.stub.ClientCalls.toStatusRuntimeException(ClientCalls.java:233)
	at org.apache.ratis.thirdparty.io.grpc.stub.ClientCalls.getUnchecked(ClientCalls.java:214)
	at org.apache.ratis.thirdparty.io.grpc.stub.ClientCalls.blockingUnaryCall(ClientCalls.java:139)
	at org.apache.ratis.proto.grpc.RaftServerProtocolServiceGrpc$RaftServerProtocolServiceBlockingStub.requestVote(RaftServerProtocolServiceGrpc.java:265)
	at org.apache.ratis.grpc.server.GrpcServerProtocolClient.requestVote(GrpcServerProtocolClient.java:99)
	at org.apache.ratis.grpc.server.GrpcService.requestVote(GrpcService.java:204)
	at org.apache.ratis.server.impl.LeaderElection.lambda$submitRequests$1(LeaderElection.java:234)
	at java.util.concurrent.FutureTask.run(FutureTask.java:266)
	at java.util.concurrent.Executors$RunnableAdapter.call(Executors.java:511)
	at java.util.concurrent.FutureTask.run(FutureTask.java:266)
	at java.util.concurrent.ThreadPoolExecutor.runWorker(ThreadPoolExecutor.java:1149)
	at java.util.concurrent.ThreadPoolExecutor$Worker.run(ThreadPoolExecutor.java:624)
	... 1 more
Caused by: org.apache.ratis.thirdparty.io.netty.channel.AbstractChannel$AnnotatedConnectException: Connection refused: /192.168.157.251:42113
	at sun.nio.ch.SocketChannelImpl.checkConnect(Native Method)
	at sun.nio.ch.SocketChannelImpl.finishConnect(SocketChannelImpl.java:717)
	at org.apache.ratis.thirdparty.io.netty.channel.socket.nio.NioSocketChannel.doFinishConnect(NioSocketChannel.java:327)
	at org.apache.ratis.thirdparty.io.netty.channel.nio.AbstractNioChannel$AbstractNioUnsafe.finishConnect(AbstractNioChannel.java:340)
	at org.apache.ratis.thirdparty.io.netty.channel.nio.NioEventLoop.processSelectedKey(NioEventLoop.java:632)
	at org.apache.ratis.thirdparty.io.netty.channel.nio.NioEventLoop.processSelectedKeysOptimized(NioEventLoop.java:579)
	at org.apache.ratis.thirdparty.io.netty.channel.nio.NioEventLoop.processSelectedKeys(NioEventLoop.java:496)
	at org.apache.ratis.thirdparty.io.netty.channel.nio.NioEventLoop.run(NioEventLoop.java:458)
	at org.apache.ratis.thirdparty.io.netty.util.concurrent.SingleThreadEventExecutor$5.run(SingleThreadEventExecutor.java:897)
	at org.apache.ratis.thirdparty.io.netty.util.concurrent.FastThreadLocalRunnable.run(FastThreadLocalRunnable.java:30)
	... 1 more
Caused by: java.net.ConnectException: Connection refused
	... 11 more
2019-10-17 18:51:12,575 [a5e79c22-a35f-4e50-b1fd-e91b6a93d74d@group-F775CA5912AC-LeaderElection373] INFO  impl.RaftServerImpl (RaftServerImpl.java:setRole(184)) - a5e79c22-a35f-4e50-b1fd-e91b6a93d74d@group-F775CA5912AC: changes role from CANDIDATE to FOLLOWER at term 204 for DISCOVERED_A_NEW_TERM
2019-10-17 18:51:12,575 [a5e79c22-a35f-4e50-b1fd-e91b6a93d74d@group-F775CA5912AC-LeaderElection373] INFO  impl.RoleInfo (RoleInfo.java:shutdownLeaderElection(134)) - a5e79c22-a35f-4e50-b1fd-e91b6a93d74d: shutdown LeaderElection
2019-10-17 18:51:12,575 [a5e79c22-a35f-4e50-b1fd-e91b6a93d74d@group-F775CA5912AC-LeaderElection373] INFO  impl.RoleInfo (RoleInfo.java:updateAndGet(143)) - a5e79c22-a35f-4e50-b1fd-e91b6a93d74d: start FollowerState
2019-10-17 18:51:12,631 [Thread-2961] INFO  impl.FollowerState (FollowerState.java:run(108)) - a5e79c22-a35f-4e50-b1fd-e91b6a93d74d@group-F775CA5912AC-FollowerState: change to CANDIDATE, lastRpcTime:55ms, electionTimeout:55ms
2019-10-17 18:51:12,631 [Thread-2961] INFO  impl.RoleInfo (RoleInfo.java:shutdownFollowerState(121)) - a5e79c22-a35f-4e50-b1fd-e91b6a93d74d: shutdown FollowerState
2019-10-17 18:51:12,631 [Thread-2961] INFO  impl.RaftServerImpl (RaftServerImpl.java:setRole(184)) - a5e79c22-a35f-4e50-b1fd-e91b6a93d74d@group-F775CA5912AC: changes role from  FOLLOWER to CANDIDATE at term 204 for changeToCandidate
2019-10-17 18:51:12,631 [Thread-2961] INFO  impl.RoleInfo (RoleInfo.java:updateAndGet(143)) - a5e79c22-a35f-4e50-b1fd-e91b6a93d74d: start LeaderElection
2019-10-17 18:51:12,660 [a5e79c22-a35f-4e50-b1fd-e91b6a93d74d@group-F775CA5912AC-LeaderElection374] INFO  impl.LeaderElection (LeaderElection.java:askForVotes(178)) - a5e79c22-a35f-4e50-b1fd-e91b6a93d74d@group-F775CA5912AC-LeaderElection374: begin an election at term 205 for -1: [a5e79c22-a35f-4e50-b1fd-e91b6a93d74d:192.168.157.251:45177, daae7813-f814-475d-9647-a302a5541e36:192.168.157.251:45025, 1e4e1375-1b66-460f-8c99-4c341545a119:192.168.157.251:42113], old=null
2019-10-17 18:51:12,661 [a5e79c22-a35f-4e50-b1fd-e91b6a93d74d@group-F775CA5912AC-LeaderElection374] INFO  impl.LeaderElection (LogUtils.java:infoOrTrace(149)) - a5e79c22-a35f-4e50-b1fd-e91b6a93d74d@group-F775CA5912AC-LeaderElection374 got exception when requesting votes: {}
java.util.concurrent.ExecutionException: org.apache.ratis.thirdparty.io.grpc.StatusRuntimeException: UNAVAILABLE: io exception
	at java.util.concurrent.FutureTask.report(FutureTask.java:122)
	at java.util.concurrent.FutureTask.get(FutureTask.java:192)
	at org.apache.ratis.server.impl.LeaderElection.waitForResults(LeaderElection.java:259)
	at org.apache.ratis.server.impl.LeaderElection.askForVotes(LeaderElection.java:197)
	at org.apache.ratis.server.impl.LeaderElection.run(LeaderElection.java:133)
	at java.lang.Thread.run(Thread.java:748)
Caused by: org.apache.ratis.thirdparty.io.grpc.StatusRuntimeException: UNAVAILABLE: io exception
	at org.apache.ratis.thirdparty.io.grpc.stub.ClientCalls.toStatusRuntimeException(ClientCalls.java:233)
	at org.apache.ratis.thirdparty.io.grpc.stub.ClientCalls.getUnchecked(ClientCalls.java:214)
	at org.apache.ratis.thirdparty.io.grpc.stub.ClientCalls.blockingUnaryCall(ClientCalls.java:139)
	at org.apache.ratis.proto.grpc.RaftServerProtocolServiceGrpc$RaftServerProtocolServiceBlockingStub.requestVote(RaftServerProtocolServiceGrpc.java:265)
	at org.apache.ratis.grpc.server.GrpcServerProtocolClient.requestVote(GrpcServerProtocolClient.java:99)
	at org.apache.ratis.grpc.server.GrpcService.requestVote(GrpcService.java:204)
	at org.apache.ratis.server.impl.LeaderElection.lambda$submitRequests$1(LeaderElection.java:234)
	at java.util.concurrent.FutureTask.run(FutureTask.java:266)
	at java.util.concurrent.Executors$RunnableAdapter.call(Executors.java:511)
	at java.util.concurrent.FutureTask.run(FutureTask.java:266)
	at java.util.concurrent.ThreadPoolExecutor.runWorker(ThreadPoolExecutor.java:1149)
	at java.util.concurrent.ThreadPoolExecutor$Worker.run(ThreadPoolExecutor.java:624)
	... 1 more
Caused by: org.apache.ratis.thirdparty.io.netty.channel.AbstractChannel$AnnotatedConnectException: Connection refused: /192.168.157.251:42113
	at sun.nio.ch.SocketChannelImpl.checkConnect(Native Method)
	at sun.nio.ch.SocketChannelImpl.finishConnect(SocketChannelImpl.java:717)
	at org.apache.ratis.thirdparty.io.netty.channel.socket.nio.NioSocketChannel.doFinishConnect(NioSocketChannel.java:327)
	at org.apache.ratis.thirdparty.io.netty.channel.nio.AbstractNioChannel$AbstractNioUnsafe.finishConnect(AbstractNioChannel.java:340)
	at org.apache.ratis.thirdparty.io.netty.channel.nio.NioEventLoop.processSelectedKey(NioEventLoop.java:632)
	at org.apache.ratis.thirdparty.io.netty.channel.nio.NioEventLoop.processSelectedKeysOptimized(NioEventLoop.java:579)
	at org.apache.ratis.thirdparty.io.netty.channel.nio.NioEventLoop.processSelectedKeys(NioEventLoop.java:496)
	at org.apache.ratis.thirdparty.io.netty.channel.nio.NioEventLoop.run(NioEventLoop.java:458)
	at org.apache.ratis.thirdparty.io.netty.util.concurrent.SingleThreadEventExecutor$5.run(SingleThreadEventExecutor.java:897)
	at org.apache.ratis.thirdparty.io.netty.util.concurrent.FastThreadLocalRunnable.run(FastThreadLocalRunnable.java:30)
	... 1 more
Caused by: java.net.ConnectException: Connection refused
	... 11 more
2019-10-17 18:51:12,664 [grpc-default-executor-2] INFO  impl.RaftServerImpl (RaftServerImpl.java:setRole(184)) - daae7813-f814-475d-9647-a302a5541e36@group-F775CA5912AC: changes role from  FOLLOWER to FOLLOWER at term 205 for recognizeCandidate:a5e79c22-a35f-4e50-b1fd-e91b6a93d74d
2019-10-17 18:51:12,664 [grpc-default-executor-2] INFO  impl.RoleInfo (RoleInfo.java:shutdownFollowerState(121)) - daae7813-f814-475d-9647-a302a5541e36: shutdown FollowerState
2019-10-17 18:51:12,664 [grpc-default-executor-2] INFO  impl.RoleInfo (RoleInfo.java:updateAndGet(143)) - daae7813-f814-475d-9647-a302a5541e36: start FollowerState
2019-10-17 18:51:12,664 [Thread-2960] INFO  impl.FollowerState (FollowerState.java:run(117)) - daae7813-f814-475d-9647-a302a5541e36@group-F775CA5912AC-FollowerState was interrupted: java.lang.InterruptedException: sleep interrupted
2019-10-17 18:51:12,706 [a5e79c22-a35f-4e50-b1fd-e91b6a93d74d@group-F775CA5912AC-LeaderElection374] INFO  impl.LeaderElection (LeaderElection.java:logAndReturn(56)) - a5e79c22-a35f-4e50-b1fd-e91b6a93d74d@group-F775CA5912AC-LeaderElection374: Election REJECTED; received 1 response(s) [a5e79c22-a35f-4e50-b1fd-e91b6a93d74d<-daae7813-f814-475d-9647-a302a5541e36#0:FAIL-t205] and 1 exception(s); a5e79c22-a35f-4e50-b1fd-e91b6a93d74d@group-F775CA5912AC:t205, leader=null, voted=a5e79c22-a35f-4e50-b1fd-e91b6a93d74d, raftlog=a5e79c22-a35f-4e50-b1fd-e91b6a93d74d@group-F775CA5912AC-SegmentedRaftLog:OPENED:c-1,f-1,i0, conf=-1: [a5e79c22-a35f-4e50-b1fd-e91b6a93d74d:192.168.157.251:45177, daae7813-f814-475d-9647-a302a5541e36:192.168.157.251:45025, 1e4e1375-1b66-460f-8c99-4c341545a119:192.168.157.251:42113], old=null
2019-10-17 18:51:12,706 [a5e79c22-a35f-4e50-b1fd-e91b6a93d74d@group-F775CA5912AC-LeaderElection374] INFO  impl.LeaderElection (LogUtils.java:infoOrTrace(149)) -   Exception 0: {}
java.util.concurrent.ExecutionException: org.apache.ratis.thirdparty.io.grpc.StatusRuntimeException: UNAVAILABLE: io exception
	at java.util.concurrent.FutureTask.report(FutureTask.java:122)
	at java.util.concurrent.FutureTask.get(FutureTask.java:192)
	at org.apache.ratis.server.impl.LeaderElection.waitForResults(LeaderElection.java:259)
	at org.apache.ratis.server.impl.LeaderElection.askForVotes(LeaderElection.java:197)
	at org.apache.ratis.server.impl.LeaderElection.run(LeaderElection.java:133)
	at java.lang.Thread.run(Thread.java:748)
Caused by: org.apache.ratis.thirdparty.io.grpc.StatusRuntimeException: UNAVAILABLE: io exception
	at org.apache.ratis.thirdparty.io.grpc.stub.ClientCalls.toStatusRuntimeException(ClientCalls.java:233)
	at org.apache.ratis.thirdparty.io.grpc.stub.ClientCalls.getUnchecked(ClientCalls.java:214)
	at org.apache.ratis.thirdparty.io.grpc.stub.ClientCalls.blockingUnaryCall(ClientCalls.java:139)
	at org.apache.ratis.proto.grpc.RaftServerProtocolServiceGrpc$RaftServerProtocolServiceBlockingStub.requestVote(RaftServerProtocolServiceGrpc.java:265)
	at org.apache.ratis.grpc.server.GrpcServerProtocolClient.requestVote(GrpcServerProtocolClient.java:99)
	at org.apache.ratis.grpc.server.GrpcService.requestVote(GrpcService.java:204)
	at org.apache.ratis.server.impl.LeaderElection.lambda$submitRequests$1(LeaderElection.java:234)
	at java.util.concurrent.FutureTask.run(FutureTask.java:266)
	at java.util.concurrent.Executors$RunnableAdapter.call(Executors.java:511)
	at java.util.concurrent.FutureTask.run(FutureTask.java:266)
	at java.util.concurrent.ThreadPoolExecutor.runWorker(ThreadPoolExecutor.java:1149)
	at java.util.concurrent.ThreadPoolExecutor$Worker.run(ThreadPoolExecutor.java:624)
	... 1 more
Caused by: org.apache.ratis.thirdparty.io.netty.channel.AbstractChannel$AnnotatedConnectException: Connection refused: /192.168.157.251:42113
	at sun.nio.ch.SocketChannelImpl.checkConnect(Native Method)
	at sun.nio.ch.SocketChannelImpl.finishConnect(SocketChannelImpl.java:717)
	at org.apache.ratis.thirdparty.io.netty.channel.socket.nio.NioSocketChannel.doFinishConnect(NioSocketChannel.java:327)
	at org.apache.ratis.thirdparty.io.netty.channel.nio.AbstractNioChannel$AbstractNioUnsafe.finishConnect(AbstractNioChannel.java:340)
	at org.apache.ratis.thirdparty.io.netty.channel.nio.NioEventLoop.processSelectedKey(NioEventLoop.java:632)
	at org.apache.ratis.thirdparty.io.netty.channel.nio.NioEventLoop.processSelectedKeysOptimized(NioEventLoop.java:579)
	at org.apache.ratis.thirdparty.io.netty.channel.nio.NioEventLoop.processSelectedKeys(NioEventLoop.java:496)
	at org.apache.ratis.thirdparty.io.netty.channel.nio.NioEventLoop.run(NioEventLoop.java:458)
	at org.apache.ratis.thirdparty.io.netty.util.concurrent.SingleThreadEventExecutor$5.run(SingleThreadEventExecutor.java:897)
	at org.apache.ratis.thirdparty.io.netty.util.concurrent.FastThreadLocalRunnable.run(FastThreadLocalRunnable.java:30)
	... 1 more
Caused by: java.net.ConnectException: Connection refused
	... 11 more
2019-10-17 18:51:12,706 [a5e79c22-a35f-4e50-b1fd-e91b6a93d74d@group-F775CA5912AC-LeaderElection374] INFO  impl.RaftServerImpl (RaftServerImpl.java:setRole(184)) - a5e79c22-a35f-4e50-b1fd-e91b6a93d74d@group-F775CA5912AC: changes role from CANDIDATE to FOLLOWER at term 205 for DISCOVERED_A_NEW_TERM
2019-10-17 18:51:12,706 [a5e79c22-a35f-4e50-b1fd-e91b6a93d74d@group-F775CA5912AC-LeaderElection374] INFO  impl.RoleInfo (RoleInfo.java:shutdownLeaderElection(134)) - a5e79c22-a35f-4e50-b1fd-e91b6a93d74d: shutdown LeaderElection
2019-10-17 18:51:12,706 [a5e79c22-a35f-4e50-b1fd-e91b6a93d74d@group-F775CA5912AC-LeaderElection374] INFO  impl.RoleInfo (RoleInfo.java:updateAndGet(143)) - a5e79c22-a35f-4e50-b1fd-e91b6a93d74d: start FollowerState
2019-10-17 18:51:12,719 [Thread-2966] INFO  impl.FollowerState (FollowerState.java:run(108)) - a5e79c22-a35f-4e50-b1fd-e91b6a93d74d@group-F775CA5912AC-FollowerState: change to CANDIDATE, lastRpcTime:12ms, electionTimeout:12ms
2019-10-17 18:51:12,719 [Thread-2966] INFO  impl.RoleInfo (RoleInfo.java:shutdownFollowerState(121)) - a5e79c22-a35f-4e50-b1fd-e91b6a93d74d: shutdown FollowerState
2019-10-17 18:51:12,719 [Thread-2966] INFO  impl.RaftServerImpl (RaftServerImpl.java:setRole(184)) - a5e79c22-a35f-4e50-b1fd-e91b6a93d74d@group-F775CA5912AC: changes role from  FOLLOWER to CANDIDATE at term 205 for changeToCandidate
2019-10-17 18:51:12,720 [Thread-2966] INFO  impl.RoleInfo (RoleInfo.java:updateAndGet(143)) - a5e79c22-a35f-4e50-b1fd-e91b6a93d74d: start LeaderElection
2019-10-17 18:51:12,769 [a5e79c22-a35f-4e50-b1fd-e91b6a93d74d@group-F775CA5912AC-LeaderElection375] INFO  impl.LeaderElection (LeaderElection.java:askForVotes(178)) - a5e79c22-a35f-4e50-b1fd-e91b6a93d74d@group-F775CA5912AC-LeaderElection375: begin an election at term 206 for -1: [a5e79c22-a35f-4e50-b1fd-e91b6a93d74d:192.168.157.251:45177, daae7813-f814-475d-9647-a302a5541e36:192.168.157.251:45025, 1e4e1375-1b66-460f-8c99-4c341545a119:192.168.157.251:42113], old=null
2019-10-17 18:51:12,771 [a5e79c22-a35f-4e50-b1fd-e91b6a93d74d@group-F775CA5912AC-LeaderElection375] INFO  impl.LeaderElection (LogUtils.java:infoOrTrace(149)) - a5e79c22-a35f-4e50-b1fd-e91b6a93d74d@group-F775CA5912AC-LeaderElection375 got exception when requesting votes: {}
java.util.concurrent.ExecutionException: org.apache.ratis.thirdparty.io.grpc.StatusRuntimeException: UNAVAILABLE: io exception
	at java.util.concurrent.FutureTask.report(FutureTask.java:122)
	at java.util.concurrent.FutureTask.get(FutureTask.java:192)
	at org.apache.ratis.server.impl.LeaderElection.waitForResults(LeaderElection.java:259)
	at org.apache.ratis.server.impl.LeaderElection.askForVotes(LeaderElection.java:197)
	at org.apache.ratis.server.impl.LeaderElection.run(LeaderElection.java:133)
	at java.lang.Thread.run(Thread.java:748)
Caused by: org.apache.ratis.thirdparty.io.grpc.StatusRuntimeException: UNAVAILABLE: io exception
	at org.apache.ratis.thirdparty.io.grpc.stub.ClientCalls.toStatusRuntimeException(ClientCalls.java:233)
	at org.apache.ratis.thirdparty.io.grpc.stub.ClientCalls.getUnchecked(ClientCalls.java:214)
	at org.apache.ratis.thirdparty.io.grpc.stub.ClientCalls.blockingUnaryCall(ClientCalls.java:139)
	at org.apache.ratis.proto.grpc.RaftServerProtocolServiceGrpc$RaftServerProtocolServiceBlockingStub.requestVote(RaftServerProtocolServiceGrpc.java:265)
	at org.apache.ratis.grpc.server.GrpcServerProtocolClient.requestVote(GrpcServerProtocolClient.java:99)
	at org.apache.ratis.grpc.server.GrpcService.requestVote(GrpcService.java:204)
	at org.apache.ratis.server.impl.LeaderElection.lambda$submitRequests$1(LeaderElection.java:234)
	at java.util.concurrent.FutureTask.run(FutureTask.java:266)
	at java.util.concurrent.Executors$RunnableAdapter.call(Executors.java:511)
	at java.util.concurrent.FutureTask.run(FutureTask.java:266)
	at java.util.concurrent.ThreadPoolExecutor.runWorker(ThreadPoolExecutor.java:1149)
	at java.util.concurrent.ThreadPoolExecutor$Worker.run(ThreadPoolExecutor.java:624)
	... 1 more
Caused by: org.apache.ratis.thirdparty.io.netty.channel.AbstractChannel$AnnotatedConnectException: Connection refused: /192.168.157.251:42113
	at sun.nio.ch.SocketChannelImpl.checkConnect(Native Method)
	at sun.nio.ch.SocketChannelImpl.finishConnect(SocketChannelImpl.java:717)
	at org.apache.ratis.thirdparty.io.netty.channel.socket.nio.NioSocketChannel.doFinishConnect(NioSocketChannel.java:327)
	at org.apache.ratis.thirdparty.io.netty.channel.nio.AbstractNioChannel$AbstractNioUnsafe.finishConnect(AbstractNioChannel.java:340)
	at org.apache.ratis.thirdparty.io.netty.channel.nio.NioEventLoop.processSelectedKey(NioEventLoop.java:632)
	at org.apache.ratis.thirdparty.io.netty.channel.nio.NioEventLoop.processSelectedKeysOptimized(NioEventLoop.java:579)
	at org.apache.ratis.thirdparty.io.netty.channel.nio.NioEventLoop.processSelectedKeys(NioEventLoop.java:496)
	at org.apache.ratis.thirdparty.io.netty.channel.nio.NioEventLoop.run(NioEventLoop.java:458)
	at org.apache.ratis.thirdparty.io.netty.util.concurrent.SingleThreadEventExecutor$5.run(SingleThreadEventExecutor.java:897)
	at org.apache.ratis.thirdparty.io.netty.util.concurrent.FastThreadLocalRunnable.run(FastThreadLocalRunnable.java:30)
	... 1 more
Caused by: java.net.ConnectException: Connection refused
	... 11 more
2019-10-17 18:51:12,775 [grpc-default-executor-2] INFO  impl.RaftServerImpl (RaftServerImpl.java:setRole(184)) - daae7813-f814-475d-9647-a302a5541e36@group-F775CA5912AC: changes role from  FOLLOWER to FOLLOWER at term 206 for recognizeCandidate:a5e79c22-a35f-4e50-b1fd-e91b6a93d74d
2019-10-17 18:51:12,775 [grpc-default-executor-2] INFO  impl.RoleInfo (RoleInfo.java:shutdownFollowerState(121)) - daae7813-f814-475d-9647-a302a5541e36: shutdown FollowerState
2019-10-17 18:51:12,776 [grpc-default-executor-2] INFO  impl.RoleInfo (RoleInfo.java:updateAndGet(143)) - daae7813-f814-475d-9647-a302a5541e36: start FollowerState
2019-10-17 18:51:12,776 [Thread-2965] INFO  impl.FollowerState (FollowerState.java:run(117)) - daae7813-f814-475d-9647-a302a5541e36@group-F775CA5912AC-FollowerState was interrupted: java.lang.InterruptedException: sleep interrupted
2019-10-17 18:51:12,800 [a5e79c22-a35f-4e50-b1fd-e91b6a93d74d@group-F775CA5912AC-LeaderElection375] INFO  impl.LeaderElection (LeaderElection.java:logAndReturn(56)) - a5e79c22-a35f-4e50-b1fd-e91b6a93d74d@group-F775CA5912AC-LeaderElection375: Election TIMEOUT; received 0 response(s) [] and 1 exception(s); a5e79c22-a35f-4e50-b1fd-e91b6a93d74d@group-F775CA5912AC:t206, leader=null, voted=a5e79c22-a35f-4e50-b1fd-e91b6a93d74d, raftlog=a5e79c22-a35f-4e50-b1fd-e91b6a93d74d@group-F775CA5912AC-SegmentedRaftLog:OPENED:c-1,f-1,i0, conf=-1: [a5e79c22-a35f-4e50-b1fd-e91b6a93d74d:192.168.157.251:45177, daae7813-f814-475d-9647-a302a5541e36:192.168.157.251:45025, 1e4e1375-1b66-460f-8c99-4c341545a119:192.168.157.251:42113], old=null
2019-10-17 18:51:12,800 [a5e79c22-a35f-4e50-b1fd-e91b6a93d74d@group-F775CA5912AC-LeaderElection375] INFO  impl.LeaderElection (LogUtils.java:infoOrTrace(149)) -   Exception 0: {}
java.util.concurrent.ExecutionException: org.apache.ratis.thirdparty.io.grpc.StatusRuntimeException: UNAVAILABLE: io exception
	at java.util.concurrent.FutureTask.report(FutureTask.java:122)
	at java.util.concurrent.FutureTask.get(FutureTask.java:192)
	at org.apache.ratis.server.impl.LeaderElection.waitForResults(LeaderElection.java:259)
	at org.apache.ratis.server.impl.LeaderElection.askForVotes(LeaderElection.java:197)
	at org.apache.ratis.server.impl.LeaderElection.run(LeaderElection.java:133)
	at java.lang.Thread.run(Thread.java:748)
Caused by: org.apache.ratis.thirdparty.io.grpc.StatusRuntimeException: UNAVAILABLE: io exception
	at org.apache.ratis.thirdparty.io.grpc.stub.ClientCalls.toStatusRuntimeException(ClientCalls.java:233)
	at org.apache.ratis.thirdparty.io.grpc.stub.ClientCalls.getUnchecked(ClientCalls.java:214)
	at org.apache.ratis.thirdparty.io.grpc.stub.ClientCalls.blockingUnaryCall(ClientCalls.java:139)
	at org.apache.ratis.proto.grpc.RaftServerProtocolServiceGrpc$RaftServerProtocolServiceBlockingStub.requestVote(RaftServerProtocolServiceGrpc.java:265)
	at org.apache.ratis.grpc.server.GrpcServerProtocolClient.requestVote(GrpcServerProtocolClient.java:99)
	at org.apache.ratis.grpc.server.GrpcService.requestVote(GrpcService.java:204)
	at org.apache.ratis.server.impl.LeaderElection.lambda$submitRequests$1(LeaderElection.java:234)
	at java.util.concurrent.FutureTask.run(FutureTask.java:266)
	at java.util.concurrent.Executors$RunnableAdapter.call(Executors.java:511)
	at java.util.concurrent.FutureTask.run(FutureTask.java:266)
	at java.util.concurrent.ThreadPoolExecutor.runWorker(ThreadPoolExecutor.java:1149)
	at java.util.concurrent.ThreadPoolExecutor$Worker.run(ThreadPoolExecutor.java:624)
	... 1 more
Caused by: org.apache.ratis.thirdparty.io.netty.channel.AbstractChannel$AnnotatedConnectException: Connection refused: /192.168.157.251:42113
	at sun.nio.ch.SocketChannelImpl.checkConnect(Native Method)
	at sun.nio.ch.SocketChannelImpl.finishConnect(SocketChannelImpl.java:717)
	at org.apache.ratis.thirdparty.io.netty.channel.socket.nio.NioSocketChannel.doFinishConnect(NioSocketChannel.java:327)
	at org.apache.ratis.thirdparty.io.netty.channel.nio.AbstractNioChannel$AbstractNioUnsafe.finishConnect(AbstractNioChannel.java:340)
	at org.apache.ratis.thirdparty.io.netty.channel.nio.NioEventLoop.processSelectedKey(NioEventLoop.java:632)
	at org.apache.ratis.thirdparty.io.netty.channel.nio.NioEventLoop.processSelectedKeysOptimized(NioEventLoop.java:579)
	at org.apache.ratis.thirdparty.io.netty.channel.nio.NioEventLoop.processSelectedKeys(NioEventLoop.java:496)
	at org.apache.ratis.thirdparty.io.netty.channel.nio.NioEventLoop.run(NioEventLoop.java:458)
	at org.apache.ratis.thirdparty.io.netty.util.concurrent.SingleThreadEventExecutor$5.run(SingleThreadEventExecutor.java:897)
	at org.apache.ratis.thirdparty.io.netty.util.concurrent.FastThreadLocalRunnable.run(FastThreadLocalRunnable.java:30)
	... 1 more
Caused by: java.net.ConnectException: Connection refused
	... 11 more
2019-10-17 18:51:12,816 [a5e79c22-a35f-4e50-b1fd-e91b6a93d74d@group-F775CA5912AC-LeaderElection375] INFO  impl.LeaderElection (LeaderElection.java:askForVotes(178)) - a5e79c22-a35f-4e50-b1fd-e91b6a93d74d@group-F775CA5912AC-LeaderElection375: begin an election at term 207 for -1: [a5e79c22-a35f-4e50-b1fd-e91b6a93d74d:192.168.157.251:45177, daae7813-f814-475d-9647-a302a5541e36:192.168.157.251:45025, 1e4e1375-1b66-460f-8c99-4c341545a119:192.168.157.251:42113], old=null
2019-10-17 18:51:12,816 [a5e79c22-a35f-4e50-b1fd-e91b6a93d74d@group-F775CA5912AC-LeaderElection375] INFO  impl.LeaderElection (LogUtils.java:infoOrTrace(149)) - a5e79c22-a35f-4e50-b1fd-e91b6a93d74d@group-F775CA5912AC-LeaderElection375 got exception when requesting votes: {}
java.util.concurrent.ExecutionException: org.apache.ratis.thirdparty.io.grpc.StatusRuntimeException: UNAVAILABLE: io exception
	at java.util.concurrent.FutureTask.report(FutureTask.java:122)
	at java.util.concurrent.FutureTask.get(FutureTask.java:192)
	at org.apache.ratis.server.impl.LeaderElection.waitForResults(LeaderElection.java:259)
	at org.apache.ratis.server.impl.LeaderElection.askForVotes(LeaderElection.java:197)
	at org.apache.ratis.server.impl.LeaderElection.run(LeaderElection.java:133)
	at java.lang.Thread.run(Thread.java:748)
Caused by: org.apache.ratis.thirdparty.io.grpc.StatusRuntimeException: UNAVAILABLE: io exception
	at org.apache.ratis.thirdparty.io.grpc.stub.ClientCalls.toStatusRuntimeException(ClientCalls.java:233)
	at org.apache.ratis.thirdparty.io.grpc.stub.ClientCalls.getUnchecked(ClientCalls.java:214)
	at org.apache.ratis.thirdparty.io.grpc.stub.ClientCalls.blockingUnaryCall(ClientCalls.java:139)
	at org.apache.ratis.proto.grpc.RaftServerProtocolServiceGrpc$RaftServerProtocolServiceBlockingStub.requestVote(RaftServerProtocolServiceGrpc.java:265)
	at org.apache.ratis.grpc.server.GrpcServerProtocolClient.requestVote(GrpcServerProtocolClient.java:99)
	at org.apache.ratis.grpc.server.GrpcService.requestVote(GrpcService.java:204)
	at org.apache.ratis.server.impl.LeaderElection.lambda$submitRequests$1(LeaderElection.java:234)
	at java.util.concurrent.FutureTask.run(FutureTask.java:266)
	at java.util.concurrent.Executors$RunnableAdapter.call(Executors.java:511)
	at java.util.concurrent.FutureTask.run(FutureTask.java:266)
	at java.util.concurrent.ThreadPoolExecutor.runWorker(ThreadPoolExecutor.java:1149)
	at java.util.concurrent.ThreadPoolExecutor$Worker.run(ThreadPoolExecutor.java:624)
	... 1 more
Caused by: org.apache.ratis.thirdparty.io.netty.channel.AbstractChannel$AnnotatedConnectException: Connection refused: /192.168.157.251:42113
	at sun.nio.ch.SocketChannelImpl.checkConnect(Native Method)
	at sun.nio.ch.SocketChannelImpl.finishConnect(SocketChannelImpl.java:717)
	at org.apache.ratis.thirdparty.io.netty.channel.socket.nio.NioSocketChannel.doFinishConnect(NioSocketChannel.java:327)
	at org.apache.ratis.thirdparty.io.netty.channel.nio.AbstractNioChannel$AbstractNioUnsafe.finishConnect(AbstractNioChannel.java:340)
	at org.apache.ratis.thirdparty.io.netty.channel.nio.NioEventLoop.processSelectedKey(NioEventLoop.java:632)
	at org.apache.ratis.thirdparty.io.netty.channel.nio.NioEventLoop.processSelectedKeysOptimized(NioEventLoop.java:579)
	at org.apache.ratis.thirdparty.io.netty.channel.nio.NioEventLoop.processSelectedKeys(NioEventLoop.java:496)
	at org.apache.ratis.thirdparty.io.netty.channel.nio.NioEventLoop.run(NioEventLoop.java:458)
	at org.apache.ratis.thirdparty.io.netty.util.concurrent.SingleThreadEventExecutor$5.run(SingleThreadEventExecutor.java:897)
	at org.apache.ratis.thirdparty.io.netty.util.concurrent.FastThreadLocalRunnable.run(FastThreadLocalRunnable.java:30)
	... 1 more
Caused by: java.net.ConnectException: Connection refused
	... 11 more
2019-10-17 18:51:12,820 [grpc-default-executor-2] INFO  impl.RaftServerImpl (RaftServerImpl.java:setRole(184)) - daae7813-f814-475d-9647-a302a5541e36@group-F775CA5912AC: changes role from  FOLLOWER to FOLLOWER at term 207 for recognizeCandidate:a5e79c22-a35f-4e50-b1fd-e91b6a93d74d
2019-10-17 18:51:12,820 [grpc-default-executor-2] INFO  impl.RoleInfo (RoleInfo.java:shutdownFollowerState(121)) - daae7813-f814-475d-9647-a302a5541e36: shutdown FollowerState
2019-10-17 18:51:12,820 [grpc-default-executor-2] INFO  impl.RoleInfo (RoleInfo.java:updateAndGet(143)) - daae7813-f814-475d-9647-a302a5541e36: start FollowerState
2019-10-17 18:51:12,820 [Thread-2970] INFO  impl.FollowerState (FollowerState.java:run(117)) - daae7813-f814-475d-9647-a302a5541e36@group-F775CA5912AC-FollowerState was interrupted: java.lang.InterruptedException: sleep interrupted
2019-10-17 18:51:12,833 [a5e79c22-a35f-4e50-b1fd-e91b6a93d74d@group-F775CA5912AC-LeaderElection375] INFO  impl.LeaderElection (LeaderElection.java:logAndReturn(56)) - a5e79c22-a35f-4e50-b1fd-e91b6a93d74d@group-F775CA5912AC-LeaderElection375: Election REJECTED; received 1 response(s) [a5e79c22-a35f-4e50-b1fd-e91b6a93d74d<-daae7813-f814-475d-9647-a302a5541e36#0:FAIL-t207] and 1 exception(s); a5e79c22-a35f-4e50-b1fd-e91b6a93d74d@group-F775CA5912AC:t207, leader=null, voted=a5e79c22-a35f-4e50-b1fd-e91b6a93d74d, raftlog=a5e79c22-a35f-4e50-b1fd-e91b6a93d74d@group-F775CA5912AC-SegmentedRaftLog:OPENED:c-1,f-1,i0, conf=-1: [a5e79c22-a35f-4e50-b1fd-e91b6a93d74d:192.168.157.251:45177, daae7813-f814-475d-9647-a302a5541e36:192.168.157.251:45025, 1e4e1375-1b66-460f-8c99-4c341545a119:192.168.157.251:42113], old=null
2019-10-17 18:51:12,833 [a5e79c22-a35f-4e50-b1fd-e91b6a93d74d@group-F775CA5912AC-LeaderElection375] INFO  impl.LeaderElection (LogUtils.java:infoOrTrace(149)) -   Exception 0: {}
java.util.concurrent.ExecutionException: org.apache.ratis.thirdparty.io.grpc.StatusRuntimeException: UNAVAILABLE: io exception
	at java.util.concurrent.FutureTask.report(FutureTask.java:122)
	at java.util.concurrent.FutureTask.get(FutureTask.java:192)
	at org.apache.ratis.server.impl.LeaderElection.waitForResults(LeaderElection.java:259)
	at org.apache.ratis.server.impl.LeaderElection.askForVotes(LeaderElection.java:197)
	at org.apache.ratis.server.impl.LeaderElection.run(LeaderElection.java:133)
	at java.lang.Thread.run(Thread.java:748)
Caused by: org.apache.ratis.thirdparty.io.grpc.StatusRuntimeException: UNAVAILABLE: io exception
	at org.apache.ratis.thirdparty.io.grpc.stub.ClientCalls.toStatusRuntimeException(ClientCalls.java:233)
	at org.apache.ratis.thirdparty.io.grpc.stub.ClientCalls.getUnchecked(ClientCalls.java:214)
	at org.apache.ratis.thirdparty.io.grpc.stub.ClientCalls.blockingUnaryCall(ClientCalls.java:139)
	at org.apache.ratis.proto.grpc.RaftServerProtocolServiceGrpc$RaftServerProtocolServiceBlockingStub.requestVote(RaftServerProtocolServiceGrpc.java:265)
	at org.apache.ratis.grpc.server.GrpcServerProtocolClient.requestVote(GrpcServerProtocolClient.java:99)
	at org.apache.ratis.grpc.server.GrpcService.requestVote(GrpcService.java:204)
	at org.apache.ratis.server.impl.LeaderElection.lambda$submitRequests$1(LeaderElection.java:234)
	at java.util.concurrent.FutureTask.run(FutureTask.java:266)
	at java.util.concurrent.Executors$RunnableAdapter.call(Executors.java:511)
	at java.util.concurrent.FutureTask.run(FutureTask.java:266)
	at java.util.concurrent.ThreadPoolExecutor.runWorker(ThreadPoolExecutor.java:1149)
	at java.util.concurrent.ThreadPoolExecutor$Worker.run(ThreadPoolExecutor.java:624)
	... 1 more
Caused by: org.apache.ratis.thirdparty.io.netty.channel.AbstractChannel$AnnotatedConnectException: Connection refused: /192.168.157.251:42113
	at sun.nio.ch.SocketChannelImpl.checkConnect(Native Method)
	at sun.nio.ch.SocketChannelImpl.finishConnect(SocketChannelImpl.java:717)
	at org.apache.ratis.thirdparty.io.netty.channel.socket.nio.NioSocketChannel.doFinishConnect(NioSocketChannel.java:327)
	at org.apache.ratis.thirdparty.io.netty.channel.nio.AbstractNioChannel$AbstractNioUnsafe.finishConnect(AbstractNioChannel.java:340)
	at org.apache.ratis.thirdparty.io.netty.channel.nio.NioEventLoop.processSelectedKey(NioEventLoop.java:632)
	at org.apache.ratis.thirdparty.io.netty.channel.nio.NioEventLoop.processSelectedKeysOptimized(NioEventLoop.java:579)
	at org.apache.ratis.thirdparty.io.netty.channel.nio.NioEventLoop.processSelectedKeys(NioEventLoop.java:496)
	at org.apache.ratis.thirdparty.io.netty.channel.nio.NioEventLoop.run(NioEventLoop.java:458)
	at org.apache.ratis.thirdparty.io.netty.util.concurrent.SingleThreadEventExecutor$5.run(SingleThreadEventExecutor.java:897)
	at org.apache.ratis.thirdparty.io.netty.util.concurrent.FastThreadLocalRunnable.run(FastThreadLocalRunnable.java:30)
	... 1 more
Caused by: java.net.ConnectException: Connection refused
	... 11 more
2019-10-17 18:51:12,833 [a5e79c22-a35f-4e50-b1fd-e91b6a93d74d@group-F775CA5912AC-LeaderElection375] INFO  impl.RaftServerImpl (RaftServerImpl.java:setRole(184)) - a5e79c22-a35f-4e50-b1fd-e91b6a93d74d@group-F775CA5912AC: changes role from CANDIDATE to FOLLOWER at term 207 for DISCOVERED_A_NEW_TERM
2019-10-17 18:51:12,833 [a5e79c22-a35f-4e50-b1fd-e91b6a93d74d@group-F775CA5912AC-LeaderElection375] INFO  impl.RoleInfo (RoleInfo.java:shutdownLeaderElection(134)) - a5e79c22-a35f-4e50-b1fd-e91b6a93d74d: shutdown LeaderElection
2019-10-17 18:51:12,833 [a5e79c22-a35f-4e50-b1fd-e91b6a93d74d@group-F775CA5912AC-LeaderElection375] INFO  impl.RoleInfo (RoleInfo.java:updateAndGet(143)) - a5e79c22-a35f-4e50-b1fd-e91b6a93d74d: start FollowerState
2019-10-17 18:51:13,028 [Thread-2976] INFO  impl.FollowerState (FollowerState.java:run(108)) - a5e79c22-a35f-4e50-b1fd-e91b6a93d74d@group-F775CA5912AC-FollowerState: change to CANDIDATE, lastRpcTime:194ms, electionTimeout:194ms
2019-10-17 18:51:13,028 [Thread-2976] INFO  impl.RoleInfo (RoleInfo.java:shutdownFollowerState(121)) - a5e79c22-a35f-4e50-b1fd-e91b6a93d74d: shutdown FollowerState
2019-10-17 18:51:13,028 [Thread-2976] INFO  impl.RaftServerImpl (RaftServerImpl.java:setRole(184)) - a5e79c22-a35f-4e50-b1fd-e91b6a93d74d@group-F775CA5912AC: changes role from  FOLLOWER to CANDIDATE at term 207 for changeToCandidate
2019-10-17 18:51:13,028 [Thread-2976] INFO  impl.RoleInfo (RoleInfo.java:updateAndGet(143)) - a5e79c22-a35f-4e50-b1fd-e91b6a93d74d: start LeaderElection
2019-10-17 18:51:13,087 [a5e79c22-a35f-4e50-b1fd-e91b6a93d74d@group-F775CA5912AC-LeaderElection376] INFO  impl.LeaderElection (LeaderElection.java:askForVotes(178)) - a5e79c22-a35f-4e50-b1fd-e91b6a93d74d@group-F775CA5912AC-LeaderElection376: begin an election at term 208 for -1: [a5e79c22-a35f-4e50-b1fd-e91b6a93d74d:192.168.157.251:45177, daae7813-f814-475d-9647-a302a5541e36:192.168.157.251:45025, 1e4e1375-1b66-460f-8c99-4c341545a119:192.168.157.251:42113], old=null
2019-10-17 18:51:13,088 [a5e79c22-a35f-4e50-b1fd-e91b6a93d74d@group-F775CA5912AC-LeaderElection376] INFO  impl.LeaderElection (LogUtils.java:infoOrTrace(149)) - a5e79c22-a35f-4e50-b1fd-e91b6a93d74d@group-F775CA5912AC-LeaderElection376 got exception when requesting votes: {}
java.util.concurrent.ExecutionException: org.apache.ratis.thirdparty.io.grpc.StatusRuntimeException: UNAVAILABLE: io exception
	at java.util.concurrent.FutureTask.report(FutureTask.java:122)
	at java.util.concurrent.FutureTask.get(FutureTask.java:192)
	at org.apache.ratis.server.impl.LeaderElection.waitForResults(LeaderElection.java:259)
	at org.apache.ratis.server.impl.LeaderElection.askForVotes(LeaderElection.java:197)
	at org.apache.ratis.server.impl.LeaderElection.run(LeaderElection.java:133)
	at java.lang.Thread.run(Thread.java:748)
Caused by: org.apache.ratis.thirdparty.io.grpc.StatusRuntimeException: UNAVAILABLE: io exception
	at org.apache.ratis.thirdparty.io.grpc.stub.ClientCalls.toStatusRuntimeException(ClientCalls.java:233)
	at org.apache.ratis.thirdparty.io.grpc.stub.ClientCalls.getUnchecked(ClientCalls.java:214)
	at org.apache.ratis.thirdparty.io.grpc.stub.ClientCalls.blockingUnaryCall(ClientCalls.java:139)
	at org.apache.ratis.proto.grpc.RaftServerProtocolServiceGrpc$RaftServerProtocolServiceBlockingStub.requestVote(RaftServerProtocolServiceGrpc.java:265)
	at org.apache.ratis.grpc.server.GrpcServerProtocolClient.requestVote(GrpcServerProtocolClient.java:99)
	at org.apache.ratis.grpc.server.GrpcService.requestVote(GrpcService.java:204)
	at org.apache.ratis.server.impl.LeaderElection.lambda$submitRequests$1(LeaderElection.java:234)
	at java.util.concurrent.FutureTask.run(FutureTask.java:266)
	at java.util.concurrent.Executors$RunnableAdapter.call(Executors.java:511)
	at java.util.concurrent.FutureTask.run(FutureTask.java:266)
	at java.util.concurrent.ThreadPoolExecutor.runWorker(ThreadPoolExecutor.java:1149)
	at java.util.concurrent.ThreadPoolExecutor$Worker.run(ThreadPoolExecutor.java:624)
	... 1 more
Caused by: org.apache.ratis.thirdparty.io.netty.channel.AbstractChannel$AnnotatedConnectException: Connection refused: /192.168.157.251:42113
	at sun.nio.ch.SocketChannelImpl.checkConnect(Native Method)
	at sun.nio.ch.SocketChannelImpl.finishConnect(SocketChannelImpl.java:717)
	at org.apache.ratis.thirdparty.io.netty.channel.socket.nio.NioSocketChannel.doFinishConnect(NioSocketChannel.java:327)
	at org.apache.ratis.thirdparty.io.netty.channel.nio.AbstractNioChannel$AbstractNioUnsafe.finishConnect(AbstractNioChannel.java:340)
	at org.apache.ratis.thirdparty.io.netty.channel.nio.NioEventLoop.processSelectedKey(NioEventLoop.java:632)
	at org.apache.ratis.thirdparty.io.netty.channel.nio.NioEventLoop.processSelectedKeysOptimized(NioEventLoop.java:579)
	at org.apache.ratis.thirdparty.io.netty.channel.nio.NioEventLoop.processSelectedKeys(NioEventLoop.java:496)
	at org.apache.ratis.thirdparty.io.netty.channel.nio.NioEventLoop.run(NioEventLoop.java:458)
	at org.apache.ratis.thirdparty.io.netty.util.concurrent.SingleThreadEventExecutor$5.run(SingleThreadEventExecutor.java:897)
	at org.apache.ratis.thirdparty.io.netty.util.concurrent.FastThreadLocalRunnable.run(FastThreadLocalRunnable.java:30)
	... 1 more
Caused by: java.net.ConnectException: Connection refused
	... 11 more
2019-10-17 18:51:13,110 [grpc-default-executor-2] INFO  impl.RaftServerImpl (RaftServerImpl.java:setRole(184)) - daae7813-f814-475d-9647-a302a5541e36@group-F775CA5912AC: changes role from  FOLLOWER to FOLLOWER at term 208 for recognizeCandidate:a5e79c22-a35f-4e50-b1fd-e91b6a93d74d
2019-10-17 18:51:13,110 [grpc-default-executor-2] INFO  impl.RoleInfo (RoleInfo.java:shutdownFollowerState(121)) - daae7813-f814-475d-9647-a302a5541e36: shutdown FollowerState
2019-10-17 18:51:13,111 [grpc-default-executor-2] INFO  impl.RoleInfo (RoleInfo.java:updateAndGet(143)) - daae7813-f814-475d-9647-a302a5541e36: start FollowerState
2019-10-17 18:51:13,111 [Thread-2973] INFO  impl.FollowerState (FollowerState.java:run(117)) - daae7813-f814-475d-9647-a302a5541e36@group-F775CA5912AC-FollowerState was interrupted: java.lang.InterruptedException: sleep interrupted
2019-10-17 18:51:13,167 [a5e79c22-a35f-4e50-b1fd-e91b6a93d74d@group-F775CA5912AC-LeaderElection376] INFO  impl.LeaderElection (LeaderElection.java:logAndReturn(56)) - a5e79c22-a35f-4e50-b1fd-e91b6a93d74d@group-F775CA5912AC-LeaderElection376: Election REJECTED; received 1 response(s) [a5e79c22-a35f-4e50-b1fd-e91b6a93d74d<-daae7813-f814-475d-9647-a302a5541e36#0:FAIL-t208] and 1 exception(s); a5e79c22-a35f-4e50-b1fd-e91b6a93d74d@group-F775CA5912AC:t208, leader=null, voted=a5e79c22-a35f-4e50-b1fd-e91b6a93d74d, raftlog=a5e79c22-a35f-4e50-b1fd-e91b6a93d74d@group-F775CA5912AC-SegmentedRaftLog:OPENED:c-1,f-1,i0, conf=-1: [a5e79c22-a35f-4e50-b1fd-e91b6a93d74d:192.168.157.251:45177, daae7813-f814-475d-9647-a302a5541e36:192.168.157.251:45025, 1e4e1375-1b66-460f-8c99-4c341545a119:192.168.157.251:42113], old=null
2019-10-17 18:51:13,167 [a5e79c22-a35f-4e50-b1fd-e91b6a93d74d@group-F775CA5912AC-LeaderElection376] INFO  impl.LeaderElection (LogUtils.java:infoOrTrace(149)) -   Exception 0: {}
java.util.concurrent.ExecutionException: org.apache.ratis.thirdparty.io.grpc.StatusRuntimeException: UNAVAILABLE: io exception
	at java.util.concurrent.FutureTask.report(FutureTask.java:122)
	at java.util.concurrent.FutureTask.get(FutureTask.java:192)
	at org.apache.ratis.server.impl.LeaderElection.waitForResults(LeaderElection.java:259)
	at org.apache.ratis.server.impl.LeaderElection.askForVotes(LeaderElection.java:197)
	at org.apache.ratis.server.impl.LeaderElection.run(LeaderElection.java:133)
	at java.lang.Thread.run(Thread.java:748)
Caused by: org.apache.ratis.thirdparty.io.grpc.StatusRuntimeException: UNAVAILABLE: io exception
	at org.apache.ratis.thirdparty.io.grpc.stub.ClientCalls.toStatusRuntimeException(ClientCalls.java:233)
	at org.apache.ratis.thirdparty.io.grpc.stub.ClientCalls.getUnchecked(ClientCalls.java:214)
	at org.apache.ratis.thirdparty.io.grpc.stub.ClientCalls.blockingUnaryCall(ClientCalls.java:139)
	at org.apache.ratis.proto.grpc.RaftServerProtocolServiceGrpc$RaftServerProtocolServiceBlockingStub.requestVote(RaftServerProtocolServiceGrpc.java:265)
	at org.apache.ratis.grpc.server.GrpcServerProtocolClient.requestVote(GrpcServerProtocolClient.java:99)
	at org.apache.ratis.grpc.server.GrpcService.requestVote(GrpcService.java:204)
	at org.apache.ratis.server.impl.LeaderElection.lambda$submitRequests$1(LeaderElection.java:234)
	at java.util.concurrent.FutureTask.run(FutureTask.java:266)
	at java.util.concurrent.Executors$RunnableAdapter.call(Executors.java:511)
	at java.util.concurrent.FutureTask.run(FutureTask.java:266)
	at java.util.concurrent.ThreadPoolExecutor.runWorker(ThreadPoolExecutor.java:1149)
	at java.util.concurrent.ThreadPoolExecutor$Worker.run(ThreadPoolExecutor.java:624)
	... 1 more
Caused by: org.apache.ratis.thirdparty.io.netty.channel.AbstractChannel$AnnotatedConnectException: Connection refused: /192.168.157.251:42113
	at sun.nio.ch.SocketChannelImpl.checkConnect(Native Method)
	at sun.nio.ch.SocketChannelImpl.finishConnect(SocketChannelImpl.java:717)
	at org.apache.ratis.thirdparty.io.netty.channel.socket.nio.NioSocketChannel.doFinishConnect(NioSocketChannel.java:327)
	at org.apache.ratis.thirdparty.io.netty.channel.nio.AbstractNioChannel$AbstractNioUnsafe.finishConnect(AbstractNioChannel.java:340)
	at org.apache.ratis.thirdparty.io.netty.channel.nio.NioEventLoop.processSelectedKey(NioEventLoop.java:632)
	at org.apache.ratis.thirdparty.io.netty.channel.nio.NioEventLoop.processSelectedKeysOptimized(NioEventLoop.java:579)
	at org.apache.ratis.thirdparty.io.netty.channel.nio.NioEventLoop.processSelectedKeys(NioEventLoop.java:496)
	at org.apache.ratis.thirdparty.io.netty.channel.nio.NioEventLoop.run(NioEventLoop.java:458)
	at org.apache.ratis.thirdparty.io.netty.util.concurrent.SingleThreadEventExecutor$5.run(SingleThreadEventExecutor.java:897)
	at org.apache.ratis.thirdparty.io.netty.util.concurrent.FastThreadLocalRunnable.run(FastThreadLocalRunnable.java:30)
	... 1 more
Caused by: java.net.ConnectException: Connection refused
	... 11 more
2019-10-17 18:51:13,168 [a5e79c22-a35f-4e50-b1fd-e91b6a93d74d@group-F775CA5912AC-LeaderElection376] INFO  impl.RaftServerImpl (RaftServerImpl.java:setRole(184)) - a5e79c22-a35f-4e50-b1fd-e91b6a93d74d@group-F775CA5912AC: changes role from CANDIDATE to FOLLOWER at term 208 for DISCOVERED_A_NEW_TERM
2019-10-17 18:51:13,168 [a5e79c22-a35f-4e50-b1fd-e91b6a93d74d@group-F775CA5912AC-LeaderElection376] INFO  impl.RoleInfo (RoleInfo.java:shutdownLeaderElection(134)) - a5e79c22-a35f-4e50-b1fd-e91b6a93d74d: shutdown LeaderElection
2019-10-17 18:51:13,168 [a5e79c22-a35f-4e50-b1fd-e91b6a93d74d@group-F775CA5912AC-LeaderElection376] INFO  impl.RoleInfo (RoleInfo.java:updateAndGet(143)) - a5e79c22-a35f-4e50-b1fd-e91b6a93d74d: start FollowerState
2019-10-17 18:51:13,275 [Thread-2981] INFO  impl.FollowerState (FollowerState.java:run(108)) - a5e79c22-a35f-4e50-b1fd-e91b6a93d74d@group-F775CA5912AC-FollowerState: change to CANDIDATE, lastRpcTime:107ms, electionTimeout:107ms
2019-10-17 18:51:13,276 [Thread-2981] INFO  impl.RoleInfo (RoleInfo.java:shutdownFollowerState(121)) - a5e79c22-a35f-4e50-b1fd-e91b6a93d74d: shutdown FollowerState
2019-10-17 18:51:13,276 [Thread-2981] INFO  impl.RaftServerImpl (RaftServerImpl.java:setRole(184)) - a5e79c22-a35f-4e50-b1fd-e91b6a93d74d@group-F775CA5912AC: changes role from  FOLLOWER to CANDIDATE at term 208 for changeToCandidate
2019-10-17 18:51:13,276 [Thread-2981] INFO  impl.RoleInfo (RoleInfo.java:updateAndGet(143)) - a5e79c22-a35f-4e50-b1fd-e91b6a93d74d: start LeaderElection
2019-10-17 18:51:13,327 [a5e79c22-a35f-4e50-b1fd-e91b6a93d74d@group-F775CA5912AC-LeaderElection377] INFO  impl.LeaderElection (LeaderElection.java:askForVotes(178)) - a5e79c22-a35f-4e50-b1fd-e91b6a93d74d@group-F775CA5912AC-LeaderElection377: begin an election at term 209 for -1: [a5e79c22-a35f-4e50-b1fd-e91b6a93d74d:192.168.157.251:45177, daae7813-f814-475d-9647-a302a5541e36:192.168.157.251:45025, 1e4e1375-1b66-460f-8c99-4c341545a119:192.168.157.251:42113], old=null
2019-10-17 18:51:13,328 [a5e79c22-a35f-4e50-b1fd-e91b6a93d74d@group-F775CA5912AC-LeaderElection377] INFO  impl.LeaderElection (LogUtils.java:infoOrTrace(149)) - a5e79c22-a35f-4e50-b1fd-e91b6a93d74d@group-F775CA5912AC-LeaderElection377 got exception when requesting votes: {}
java.util.concurrent.ExecutionException: org.apache.ratis.thirdparty.io.grpc.StatusRuntimeException: UNAVAILABLE: io exception
	at java.util.concurrent.FutureTask.report(FutureTask.java:122)
	at java.util.concurrent.FutureTask.get(FutureTask.java:192)
	at org.apache.ratis.server.impl.LeaderElection.waitForResults(LeaderElection.java:259)
	at org.apache.ratis.server.impl.LeaderElection.askForVotes(LeaderElection.java:197)
	at org.apache.ratis.server.impl.LeaderElection.run(LeaderElection.java:133)
	at java.lang.Thread.run(Thread.java:748)
Caused by: org.apache.ratis.thirdparty.io.grpc.StatusRuntimeException: UNAVAILABLE: io exception
	at org.apache.ratis.thirdparty.io.grpc.stub.ClientCalls.toStatusRuntimeException(ClientCalls.java:233)
	at org.apache.ratis.thirdparty.io.grpc.stub.ClientCalls.getUnchecked(ClientCalls.java:214)
	at org.apache.ratis.thirdparty.io.grpc.stub.ClientCalls.blockingUnaryCall(ClientCalls.java:139)
	at org.apache.ratis.proto.grpc.RaftServerProtocolServiceGrpc$RaftServerProtocolServiceBlockingStub.requestVote(RaftServerProtocolServiceGrpc.java:265)
	at org.apache.ratis.grpc.server.GrpcServerProtocolClient.requestVote(GrpcServerProtocolClient.java:99)
	at org.apache.ratis.grpc.server.GrpcService.requestVote(GrpcService.java:204)
	at org.apache.ratis.server.impl.LeaderElection.lambda$submitRequests$1(LeaderElection.java:234)
	at java.util.concurrent.FutureTask.run(FutureTask.java:266)
	at java.util.concurrent.Executors$RunnableAdapter.call(Executors.java:511)
	at java.util.concurrent.FutureTask.run(FutureTask.java:266)
	at java.util.concurrent.ThreadPoolExecutor.runWorker(ThreadPoolExecutor.java:1149)
	at java.util.concurrent.ThreadPoolExecutor$Worker.run(ThreadPoolExecutor.java:624)
	... 1 more
Caused by: org.apache.ratis.thirdparty.io.netty.channel.AbstractChannel$AnnotatedConnectException: Connection refused: /192.168.157.251:42113
	at sun.nio.ch.SocketChannelImpl.checkConnect(Native Method)
	at sun.nio.ch.SocketChannelImpl.finishConnect(SocketChannelImpl.java:717)
	at org.apache.ratis.thirdparty.io.netty.channel.socket.nio.NioSocketChannel.doFinishConnect(NioSocketChannel.java:327)
	at org.apache.ratis.thirdparty.io.netty.channel.nio.AbstractNioChannel$AbstractNioUnsafe.finishConnect(AbstractNioChannel.java:340)
	at org.apache.ratis.thirdparty.io.netty.channel.nio.NioEventLoop.processSelectedKey(NioEventLoop.java:632)
	at org.apache.ratis.thirdparty.io.netty.channel.nio.NioEventLoop.processSelectedKeysOptimized(NioEventLoop.java:579)
	at org.apache.ratis.thirdparty.io.netty.channel.nio.NioEventLoop.processSelectedKeys(NioEventLoop.java:496)
	at org.apache.ratis.thirdparty.io.netty.channel.nio.NioEventLoop.run(NioEventLoop.java:458)
	at org.apache.ratis.thirdparty.io.netty.util.concurrent.SingleThreadEventExecutor$5.run(SingleThreadEventExecutor.java:897)
	at org.apache.ratis.thirdparty.io.netty.util.concurrent.FastThreadLocalRunnable.run(FastThreadLocalRunnable.java:30)
	... 1 more
Caused by: java.net.ConnectException: Connection refused
	... 11 more
2019-10-17 18:51:13,333 [grpc-default-executor-2] INFO  impl.RaftServerImpl (RaftServerImpl.java:setRole(184)) - daae7813-f814-475d-9647-a302a5541e36@group-F775CA5912AC: changes role from  FOLLOWER to FOLLOWER at term 209 for recognizeCandidate:a5e79c22-a35f-4e50-b1fd-e91b6a93d74d
2019-10-17 18:51:13,333 [grpc-default-executor-2] INFO  impl.RoleInfo (RoleInfo.java:shutdownFollowerState(121)) - daae7813-f814-475d-9647-a302a5541e36: shutdown FollowerState
2019-10-17 18:51:13,333 [grpc-default-executor-2] INFO  impl.RoleInfo (RoleInfo.java:updateAndGet(143)) - daae7813-f814-475d-9647-a302a5541e36: start FollowerState
2019-10-17 18:51:13,333 [Thread-2980] INFO  impl.FollowerState (FollowerState.java:run(117)) - daae7813-f814-475d-9647-a302a5541e36@group-F775CA5912AC-FollowerState was interrupted: java.lang.InterruptedException: sleep interrupted
2019-10-17 18:51:13,380 [a5e79c22-a35f-4e50-b1fd-e91b6a93d74d@group-F775CA5912AC-LeaderElection377] INFO  impl.LeaderElection (LeaderElection.java:logAndReturn(56)) - a5e79c22-a35f-4e50-b1fd-e91b6a93d74d@group-F775CA5912AC-LeaderElection377: Election TIMEOUT; received 0 response(s) [] and 1 exception(s); a5e79c22-a35f-4e50-b1fd-e91b6a93d74d@group-F775CA5912AC:t209, leader=null, voted=a5e79c22-a35f-4e50-b1fd-e91b6a93d74d, raftlog=a5e79c22-a35f-4e50-b1fd-e91b6a93d74d@group-F775CA5912AC-SegmentedRaftLog:OPENED:c-1,f-1,i0, conf=-1: [a5e79c22-a35f-4e50-b1fd-e91b6a93d74d:192.168.157.251:45177, daae7813-f814-475d-9647-a302a5541e36:192.168.157.251:45025, 1e4e1375-1b66-460f-8c99-4c341545a119:192.168.157.251:42113], old=null
2019-10-17 18:51:13,380 [a5e79c22-a35f-4e50-b1fd-e91b6a93d74d@group-F775CA5912AC-LeaderElection377] INFO  impl.LeaderElection (LogUtils.java:infoOrTrace(149)) -   Exception 0: {}
java.util.concurrent.ExecutionException: org.apache.ratis.thirdparty.io.grpc.StatusRuntimeException: UNAVAILABLE: io exception
	at java.util.concurrent.FutureTask.report(FutureTask.java:122)
	at java.util.concurrent.FutureTask.get(FutureTask.java:192)
	at org.apache.ratis.server.impl.LeaderElection.waitForResults(LeaderElection.java:259)
	at org.apache.ratis.server.impl.LeaderElection.askForVotes(LeaderElection.java:197)
	at org.apache.ratis.server.impl.LeaderElection.run(LeaderElection.java:133)
	at java.lang.Thread.run(Thread.java:748)
Caused by: org.apache.ratis.thirdparty.io.grpc.StatusRuntimeException: UNAVAILABLE: io exception
	at org.apache.ratis.thirdparty.io.grpc.stub.ClientCalls.toStatusRuntimeException(ClientCalls.java:233)
	at org.apache.ratis.thirdparty.io.grpc.stub.ClientCalls.getUnchecked(ClientCalls.java:214)
	at org.apache.ratis.thirdparty.io.grpc.stub.ClientCalls.blockingUnaryCall(ClientCalls.java:139)
	at org.apache.ratis.proto.grpc.RaftServerProtocolServiceGrpc$RaftServerProtocolServiceBlockingStub.requestVote(RaftServerProtocolServiceGrpc.java:265)
	at org.apache.ratis.grpc.server.GrpcServerProtocolClient.requestVote(GrpcServerProtocolClient.java:99)
	at org.apache.ratis.grpc.server.GrpcService.requestVote(GrpcService.java:204)
	at org.apache.ratis.server.impl.LeaderElection.lambda$submitRequests$1(LeaderElection.java:234)
	at java.util.concurrent.FutureTask.run(FutureTask.java:266)
	at java.util.concurrent.Executors$RunnableAdapter.call(Executors.java:511)
	at java.util.concurrent.FutureTask.run(FutureTask.java:266)
	at java.util.concurrent.ThreadPoolExecutor.runWorker(ThreadPoolExecutor.java:1149)
	at java.util.concurrent.ThreadPoolExecutor$Worker.run(ThreadPoolExecutor.java:624)
	... 1 more
Caused by: org.apache.ratis.thirdparty.io.netty.channel.AbstractChannel$AnnotatedConnectException: Connection refused: /192.168.157.251:42113
	at sun.nio.ch.SocketChannelImpl.checkConnect(Native Method)
	at sun.nio.ch.SocketChannelImpl.finishConnect(SocketChannelImpl.java:717)
	at org.apache.ratis.thirdparty.io.netty.channel.socket.nio.NioSocketChannel.doFinishConnect(NioSocketChannel.java:327)
	at org.apache.ratis.thirdparty.io.netty.channel.nio.AbstractNioChannel$AbstractNioUnsafe.finishConnect(AbstractNioChannel.java:340)
	at org.apache.ratis.thirdparty.io.netty.channel.nio.NioEventLoop.processSelectedKey(NioEventLoop.java:632)
	at org.apache.ratis.thirdparty.io.netty.channel.nio.NioEventLoop.processSelectedKeysOptimized(NioEventLoop.java:579)
	at org.apache.ratis.thirdparty.io.netty.channel.nio.NioEventLoop.processSelectedKeys(NioEventLoop.java:496)
	at org.apache.ratis.thirdparty.io.netty.channel.nio.NioEventLoop.run(NioEventLoop.java:458)
	at org.apache.ratis.thirdparty.io.netty.util.concurrent.SingleThreadEventExecutor$5.run(SingleThreadEventExecutor.java:897)
	at org.apache.ratis.thirdparty.io.netty.util.concurrent.FastThreadLocalRunnable.run(FastThreadLocalRunnable.java:30)
	... 1 more
Caused by: java.net.ConnectException: Connection refused
	... 11 more
2019-10-17 18:51:13,419 [a5e79c22-a35f-4e50-b1fd-e91b6a93d74d@group-F775CA5912AC-LeaderElection377] INFO  impl.LeaderElection (LeaderElection.java:askForVotes(178)) - a5e79c22-a35f-4e50-b1fd-e91b6a93d74d@group-F775CA5912AC-LeaderElection377: begin an election at term 210 for -1: [a5e79c22-a35f-4e50-b1fd-e91b6a93d74d:192.168.157.251:45177, daae7813-f814-475d-9647-a302a5541e36:192.168.157.251:45025, 1e4e1375-1b66-460f-8c99-4c341545a119:192.168.157.251:42113], old=null
2019-10-17 18:51:13,420 [a5e79c22-a35f-4e50-b1fd-e91b6a93d74d@group-F775CA5912AC-LeaderElection377] INFO  impl.LeaderElection (LogUtils.java:infoOrTrace(149)) - a5e79c22-a35f-4e50-b1fd-e91b6a93d74d@group-F775CA5912AC-LeaderElection377 got exception when requesting votes: {}
java.util.concurrent.ExecutionException: org.apache.ratis.thirdparty.io.grpc.StatusRuntimeException: UNAVAILABLE: io exception
	at java.util.concurrent.FutureTask.report(FutureTask.java:122)
	at java.util.concurrent.FutureTask.get(FutureTask.java:192)
	at org.apache.ratis.server.impl.LeaderElection.waitForResults(LeaderElection.java:259)
	at org.apache.ratis.server.impl.LeaderElection.askForVotes(LeaderElection.java:197)
	at org.apache.ratis.server.impl.LeaderElection.run(LeaderElection.java:133)
	at java.lang.Thread.run(Thread.java:748)
Caused by: org.apache.ratis.thirdparty.io.grpc.StatusRuntimeException: UNAVAILABLE: io exception
	at org.apache.ratis.thirdparty.io.grpc.stub.ClientCalls.toStatusRuntimeException(ClientCalls.java:233)
	at org.apache.ratis.thirdparty.io.grpc.stub.ClientCalls.getUnchecked(ClientCalls.java:214)
	at org.apache.ratis.thirdparty.io.grpc.stub.ClientCalls.blockingUnaryCall(ClientCalls.java:139)
	at org.apache.ratis.proto.grpc.RaftServerProtocolServiceGrpc$RaftServerProtocolServiceBlockingStub.requestVote(RaftServerProtocolServiceGrpc.java:265)
	at org.apache.ratis.grpc.server.GrpcServerProtocolClient.requestVote(GrpcServerProtocolClient.java:99)
	at org.apache.ratis.grpc.server.GrpcService.requestVote(GrpcService.java:204)
	at org.apache.ratis.server.impl.LeaderElection.lambda$submitRequests$1(LeaderElection.java:234)
	at java.util.concurrent.FutureTask.run(FutureTask.java:266)
	at java.util.concurrent.Executors$RunnableAdapter.call(Executors.java:511)
	at java.util.concurrent.FutureTask.run(FutureTask.java:266)
	at java.util.concurrent.ThreadPoolExecutor.runWorker(ThreadPoolExecutor.java:1149)
	at java.util.concurrent.ThreadPoolExecutor$Worker.run(ThreadPoolExecutor.java:624)
	... 1 more
Caused by: org.apache.ratis.thirdparty.io.netty.channel.AbstractChannel$AnnotatedConnectException: Connection refused: /192.168.157.251:42113
	at sun.nio.ch.SocketChannelImpl.checkConnect(Native Method)
	at sun.nio.ch.SocketChannelImpl.finishConnect(SocketChannelImpl.java:717)
	at org.apache.ratis.thirdparty.io.netty.channel.socket.nio.NioSocketChannel.doFinishConnect(NioSocketChannel.java:327)
	at org.apache.ratis.thirdparty.io.netty.channel.nio.AbstractNioChannel$AbstractNioUnsafe.finishConnect(AbstractNioChannel.java:340)
	at org.apache.ratis.thirdparty.io.netty.channel.nio.NioEventLoop.processSelectedKey(NioEventLoop.java:632)
	at org.apache.ratis.thirdparty.io.netty.channel.nio.NioEventLoop.processSelectedKeysOptimized(NioEventLoop.java:579)
	at org.apache.ratis.thirdparty.io.netty.channel.nio.NioEventLoop.processSelectedKeys(NioEventLoop.java:496)
	at org.apache.ratis.thirdparty.io.netty.channel.nio.NioEventLoop.run(NioEventLoop.java:458)
	at org.apache.ratis.thirdparty.io.netty.util.concurrent.SingleThreadEventExecutor$5.run(SingleThreadEventExecutor.java:897)
	at org.apache.ratis.thirdparty.io.netty.util.concurrent.FastThreadLocalRunnable.run(FastThreadLocalRunnable.java:30)
	... 1 more
Caused by: java.net.ConnectException: Connection refused
	... 11 more
2019-10-17 18:51:13,424 [grpc-default-executor-2] INFO  impl.RaftServerImpl (RaftServerImpl.java:setRole(184)) - daae7813-f814-475d-9647-a302a5541e36@group-F775CA5912AC: changes role from  FOLLOWER to FOLLOWER at term 210 for recognizeCandidate:a5e79c22-a35f-4e50-b1fd-e91b6a93d74d
2019-10-17 18:51:13,424 [grpc-default-executor-2] INFO  impl.RoleInfo (RoleInfo.java:shutdownFollowerState(121)) - daae7813-f814-475d-9647-a302a5541e36: shutdown FollowerState
2019-10-17 18:51:13,424 [grpc-default-executor-2] INFO  impl.RoleInfo (RoleInfo.java:updateAndGet(143)) - daae7813-f814-475d-9647-a302a5541e36: start FollowerState
2019-10-17 18:51:13,424 [Thread-2986] INFO  impl.FollowerState (FollowerState.java:run(117)) - daae7813-f814-475d-9647-a302a5541e36@group-F775CA5912AC-FollowerState was interrupted: java.lang.InterruptedException: sleep interrupted
2019-10-17 18:51:13,435 [Thread-2953] INFO  impl.FollowerState (FollowerState.java:run(108)) - b8f04e38-0663-4b1f-8efd-f76585c6e86c@group-5F52F902B742-FollowerState: change to CANDIDATE, lastRpcTime:1085ms, electionTimeout:1085ms
2019-10-17 18:51:13,435 [Thread-2953] INFO  impl.RoleInfo (RoleInfo.java:shutdownFollowerState(121)) - b8f04e38-0663-4b1f-8efd-f76585c6e86c: shutdown FollowerState
2019-10-17 18:51:13,435 [Thread-2953] INFO  impl.RaftServerImpl (RaftServerImpl.java:setRole(184)) - b8f04e38-0663-4b1f-8efd-f76585c6e86c@group-5F52F902B742: changes role from  FOLLOWER to CANDIDATE at term 199 for changeToCandidate
2019-10-17 18:51:13,436 [Thread-2953] INFO  impl.RoleInfo (RoleInfo.java:updateAndGet(143)) - b8f04e38-0663-4b1f-8efd-f76585c6e86c: start LeaderElection
2019-10-17 18:51:13,526 [Thread-2955] INFO  impl.FollowerState (FollowerState.java:run(108)) - 73297ffa-40cb-4e3e-b33e-1bc2c1da60f5@group-5F52F902B742-FollowerState: change to CANDIDATE, lastRpcTime:1134ms, electionTimeout:1134ms
2019-10-17 18:51:13,526 [Thread-2955] INFO  impl.RoleInfo (RoleInfo.java:shutdownFollowerState(121)) - 73297ffa-40cb-4e3e-b33e-1bc2c1da60f5: shutdown FollowerState
2019-10-17 18:51:13,526 [Thread-2955] INFO  impl.RaftServerImpl (RaftServerImpl.java:setRole(184)) - 73297ffa-40cb-4e3e-b33e-1bc2c1da60f5@group-5F52F902B742: changes role from  FOLLOWER to CANDIDATE at term 199 for changeToCandidate
2019-10-17 18:51:13,526 [Thread-2955] INFO  impl.RoleInfo (RoleInfo.java:updateAndGet(143)) - 73297ffa-40cb-4e3e-b33e-1bc2c1da60f5: start LeaderElection
2019-10-17 18:51:13,618 [a5e79c22-a35f-4e50-b1fd-e91b6a93d74d@group-F775CA5912AC-LeaderElection377] INFO  impl.LeaderElection (LeaderElection.java:logAndReturn(56)) - a5e79c22-a35f-4e50-b1fd-e91b6a93d74d@group-F775CA5912AC-LeaderElection377: Election TIMEOUT; received 0 response(s) [] and 1 exception(s); a5e79c22-a35f-4e50-b1fd-e91b6a93d74d@group-F775CA5912AC:t210, leader=null, voted=a5e79c22-a35f-4e50-b1fd-e91b6a93d74d, raftlog=a5e79c22-a35f-4e50-b1fd-e91b6a93d74d@group-F775CA5912AC-SegmentedRaftLog:OPENED:c-1,f-1,i0, conf=-1: [a5e79c22-a35f-4e50-b1fd-e91b6a93d74d:192.168.157.251:45177, daae7813-f814-475d-9647-a302a5541e36:192.168.157.251:45025, 1e4e1375-1b66-460f-8c99-4c341545a119:192.168.157.251:42113], old=null
2019-10-17 18:51:13,618 [a5e79c22-a35f-4e50-b1fd-e91b6a93d74d@group-F775CA5912AC-LeaderElection377] INFO  impl.LeaderElection (LogUtils.java:infoOrTrace(149)) -   Exception 0: {}
java.util.concurrent.ExecutionException: org.apache.ratis.thirdparty.io.grpc.StatusRuntimeException: UNAVAILABLE: io exception
	at java.util.concurrent.FutureTask.report(FutureTask.java:122)
	at java.util.concurrent.FutureTask.get(FutureTask.java:192)
	at org.apache.ratis.server.impl.LeaderElection.waitForResults(LeaderElection.java:259)
	at org.apache.ratis.server.impl.LeaderElection.askForVotes(LeaderElection.java:197)
	at org.apache.ratis.server.impl.LeaderElection.run(LeaderElection.java:133)
	at java.lang.Thread.run(Thread.java:748)
Caused by: org.apache.ratis.thirdparty.io.grpc.StatusRuntimeException: UNAVAILABLE: io exception
	at org.apache.ratis.thirdparty.io.grpc.stub.ClientCalls.toStatusRuntimeException(ClientCalls.java:233)
	at org.apache.ratis.thirdparty.io.grpc.stub.ClientCalls.getUnchecked(ClientCalls.java:214)
	at org.apache.ratis.thirdparty.io.grpc.stub.ClientCalls.blockingUnaryCall(ClientCalls.java:139)
	at org.apache.ratis.proto.grpc.RaftServerProtocolServiceGrpc$RaftServerProtocolServiceBlockingStub.requestVote(RaftServerProtocolServiceGrpc.java:265)
	at org.apache.ratis.grpc.server.GrpcServerProtocolClient.requestVote(GrpcServerProtocolClient.java:99)
	at org.apache.ratis.grpc.server.GrpcService.requestVote(GrpcService.java:204)
	at org.apache.ratis.server.impl.LeaderElection.lambda$submitRequests$1(LeaderElection.java:234)
	at java.util.concurrent.FutureTask.run(FutureTask.java:266)
	at java.util.concurrent.Executors$RunnableAdapter.call(Executors.java:511)
	at java.util.concurrent.FutureTask.run(FutureTask.java:266)
	at java.util.concurrent.ThreadPoolExecutor.runWorker(ThreadPoolExecutor.java:1149)
	at java.util.concurrent.ThreadPoolExecutor$Worker.run(ThreadPoolExecutor.java:624)
	... 1 more
Caused by: org.apache.ratis.thirdparty.io.netty.channel.AbstractChannel$AnnotatedConnectException: Connection refused: /192.168.157.251:42113
	at sun.nio.ch.SocketChannelImpl.checkConnect(Native Method)
	at sun.nio.ch.SocketChannelImpl.finishConnect(SocketChannelImpl.java:717)
	at org.apache.ratis.thirdparty.io.netty.channel.socket.nio.NioSocketChannel.doFinishConnect(NioSocketChannel.java:327)
	at org.apache.ratis.thirdparty.io.netty.channel.nio.AbstractNioChannel$AbstractNioUnsafe.finishConnect(AbstractNioChannel.java:340)
	at org.apache.ratis.thirdparty.io.netty.channel.nio.NioEventLoop.processSelectedKey(NioEventLoop.java:632)
	at org.apache.ratis.thirdparty.io.netty.channel.nio.NioEventLoop.processSelectedKeysOptimized(NioEventLoop.java:579)
	at org.apache.ratis.thirdparty.io.netty.channel.nio.NioEventLoop.processSelectedKeys(NioEventLoop.java:496)
	at org.apache.ratis.thirdparty.io.netty.channel.nio.NioEventLoop.run(NioEventLoop.java:458)
	at org.apache.ratis.thirdparty.io.netty.util.concurrent.SingleThreadEventExecutor$5.run(SingleThreadEventExecutor.java:897)
	at org.apache.ratis.thirdparty.io.netty.util.concurrent.FastThreadLocalRunnable.run(FastThreadLocalRunnable.java:30)
	... 1 more
Caused by: java.net.ConnectException: Connection refused
	... 11 more
2019-10-17 18:51:15,161 [b8f04e38-0663-4b1f-8efd-f76585c6e86c@group-5F52F902B742-LeaderElection378] INFO  impl.LeaderElection (LeaderElection.java:askForVotes(178)) - b8f04e38-0663-4b1f-8efd-f76585c6e86c@group-5F52F902B742-LeaderElection378: begin an election at term 200 for 0: [b8f04e38-0663-4b1f-8efd-f76585c6e86c:192.168.157.251:35700, abcd8826-c056-4817-bd0f-7af19a46d814:192.168.157.251:46496, 73297ffa-40cb-4e3e-b33e-1bc2c1da60f5:192.168.157.251:32952], old=null
2019-10-17 18:51:15,161 [Thread-2990] INFO  impl.FollowerState (FollowerState.java:run(108)) - daae7813-f814-475d-9647-a302a5541e36@group-F775CA5912AC-FollowerState: change to CANDIDATE, lastRpcTime:1736ms, electionTimeout:1146ms
2019-10-17 18:51:15,163 [Thread-2990] INFO  impl.RoleInfo (RoleInfo.java:shutdownFollowerState(121)) - daae7813-f814-475d-9647-a302a5541e36: shutdown FollowerState
2019-10-17 18:51:15,163 [Thread-2990] INFO  impl.RaftServerImpl (RaftServerImpl.java:setRole(184)) - daae7813-f814-475d-9647-a302a5541e36@group-F775CA5912AC: changes role from  FOLLOWER to CANDIDATE at term 210 for changeToCandidate
2019-10-17 18:51:15,163 [Thread-2990] INFO  impl.RoleInfo (RoleInfo.java:updateAndGet(143)) - daae7813-f814-475d-9647-a302a5541e36: start LeaderElection
2019-10-17 18:51:15,164 [73297ffa-40cb-4e3e-b33e-1bc2c1da60f5@group-5F52F902B742-LeaderElection379] INFO  impl.LeaderElection (LeaderElection.java:askForVotes(178)) - 73297ffa-40cb-4e3e-b33e-1bc2c1da60f5@group-5F52F902B742-LeaderElection379: begin an election at term 200 for 0: [b8f04e38-0663-4b1f-8efd-f76585c6e86c:192.168.157.251:35700, abcd8826-c056-4817-bd0f-7af19a46d814:192.168.157.251:46496, 73297ffa-40cb-4e3e-b33e-1bc2c1da60f5:192.168.157.251:32952], old=null
2019-10-17 18:51:15,164 [a5e79c22-a35f-4e50-b1fd-e91b6a93d74d@group-F775CA5912AC-LeaderElection377] INFO  impl.LeaderElection (LeaderElection.java:askForVotes(178)) - a5e79c22-a35f-4e50-b1fd-e91b6a93d74d@group-F775CA5912AC-LeaderElection377: begin an election at term 211 for -1: [a5e79c22-a35f-4e50-b1fd-e91b6a93d74d:192.168.157.251:45177, daae7813-f814-475d-9647-a302a5541e36:192.168.157.251:45025, 1e4e1375-1b66-460f-8c99-4c341545a119:192.168.157.251:42113], old=null
2019-10-17 18:51:15,165 [73297ffa-40cb-4e3e-b33e-1bc2c1da60f5@group-5F52F902B742-LeaderElection379] INFO  impl.LeaderElection (LogUtils.java:infoOrTrace(149)) - 73297ffa-40cb-4e3e-b33e-1bc2c1da60f5@group-5F52F902B742-LeaderElection379 got exception when requesting votes: {}
java.util.concurrent.ExecutionException: org.apache.ratis.thirdparty.io.grpc.StatusRuntimeException: UNAVAILABLE: io exception
	at java.util.concurrent.FutureTask.report(FutureTask.java:122)
	at java.util.concurrent.FutureTask.get(FutureTask.java:192)
	at org.apache.ratis.server.impl.LeaderElection.waitForResults(LeaderElection.java:259)
	at org.apache.ratis.server.impl.LeaderElection.askForVotes(LeaderElection.java:197)
	at org.apache.ratis.server.impl.LeaderElection.run(LeaderElection.java:133)
	at java.lang.Thread.run(Thread.java:748)
Caused by: org.apache.ratis.thirdparty.io.grpc.StatusRuntimeException: UNAVAILABLE: io exception
	at org.apache.ratis.thirdparty.io.grpc.stub.ClientCalls.toStatusRuntimeException(ClientCalls.java:233)
	at org.apache.ratis.thirdparty.io.grpc.stub.ClientCalls.getUnchecked(ClientCalls.java:214)
	at org.apache.ratis.thirdparty.io.grpc.stub.ClientCalls.blockingUnaryCall(ClientCalls.java:139)
	at org.apache.ratis.proto.grpc.RaftServerProtocolServiceGrpc$RaftServerProtocolServiceBlockingStub.requestVote(RaftServerProtocolServiceGrpc.java:265)
	at org.apache.ratis.grpc.server.GrpcServerProtocolClient.requestVote(GrpcServerProtocolClient.java:99)
	at org.apache.ratis.grpc.server.GrpcService.requestVote(GrpcService.java:204)
	at org.apache.ratis.server.impl.LeaderElection.lambda$submitRequests$1(LeaderElection.java:234)
	at java.util.concurrent.FutureTask.run(FutureTask.java:266)
	at java.util.concurrent.Executors$RunnableAdapter.call(Executors.java:511)
	at java.util.concurrent.FutureTask.run(FutureTask.java:266)
	at java.util.concurrent.ThreadPoolExecutor.runWorker(ThreadPoolExecutor.java:1149)
	at java.util.concurrent.ThreadPoolExecutor$Worker.run(ThreadPoolExecutor.java:624)
	... 1 more
Caused by: org.apache.ratis.thirdparty.io.netty.channel.AbstractChannel$AnnotatedConnectException: Connection refused: /192.168.157.251:46496
	at sun.nio.ch.SocketChannelImpl.checkConnect(Native Method)
	at sun.nio.ch.SocketChannelImpl.finishConnect(SocketChannelImpl.java:717)
	at org.apache.ratis.thirdparty.io.netty.channel.socket.nio.NioSocketChannel.doFinishConnect(NioSocketChannel.java:327)
	at org.apache.ratis.thirdparty.io.netty.channel.nio.AbstractNioChannel$AbstractNioUnsafe.finishConnect(AbstractNioChannel.java:340)
	at org.apache.ratis.thirdparty.io.netty.channel.nio.NioEventLoop.processSelectedKey(NioEventLoop.java:632)
	at org.apache.ratis.thirdparty.io.netty.channel.nio.NioEventLoop.processSelectedKeysOptimized(NioEventLoop.java:579)
	at org.apache.ratis.thirdparty.io.netty.channel.nio.NioEventLoop.processSelectedKeys(NioEventLoop.java:496)
	at org.apache.ratis.thirdparty.io.netty.channel.nio.NioEventLoop.run(NioEventLoop.java:458)
	at org.apache.ratis.thirdparty.io.netty.util.concurrent.SingleThreadEventExecutor$5.run(SingleThreadEventExecutor.java:897)
	at org.apache.ratis.thirdparty.io.netty.util.concurrent.FastThreadLocalRunnable.run(FastThreadLocalRunnable.java:30)
	... 1 more
Caused by: java.net.ConnectException: Connection refused
	... 11 more
2019-10-17 18:51:15,165 [a5e79c22-a35f-4e50-b1fd-e91b6a93d74d@group-F775CA5912AC-LeaderElection377] INFO  impl.LeaderElection (LogUtils.java:infoOrTrace(149)) - a5e79c22-a35f-4e50-b1fd-e91b6a93d74d@group-F775CA5912AC-LeaderElection377 got exception when requesting votes: {}
java.util.concurrent.ExecutionException: org.apache.ratis.thirdparty.io.grpc.StatusRuntimeException: UNAVAILABLE: io exception
	at java.util.concurrent.FutureTask.report(FutureTask.java:122)
	at java.util.concurrent.FutureTask.get(FutureTask.java:192)
	at org.apache.ratis.server.impl.LeaderElection.waitForResults(LeaderElection.java:259)
	at org.apache.ratis.server.impl.LeaderElection.askForVotes(LeaderElection.java:197)
	at org.apache.ratis.server.impl.LeaderElection.run(LeaderElection.java:133)
	at java.lang.Thread.run(Thread.java:748)
Caused by: org.apache.ratis.thirdparty.io.grpc.StatusRuntimeException: UNAVAILABLE: io exception
	at org.apache.ratis.thirdparty.io.grpc.stub.ClientCalls.toStatusRuntimeException(ClientCalls.java:233)
	at org.apache.ratis.thirdparty.io.grpc.stub.ClientCalls.getUnchecked(ClientCalls.java:214)
	at org.apache.ratis.thirdparty.io.grpc.stub.ClientCalls.blockingUnaryCall(ClientCalls.java:139)
	at org.apache.ratis.proto.grpc.RaftServerProtocolServiceGrpc$RaftServerProtocolServiceBlockingStub.requestVote(RaftServerProtocolServiceGrpc.java:265)
	at org.apache.ratis.grpc.server.GrpcServerProtocolClient.requestVote(GrpcServerProtocolClient.java:99)
	at org.apache.ratis.grpc.server.GrpcService.requestVote(GrpcService.java:204)
	at org.apache.ratis.server.impl.LeaderElection.lambda$submitRequests$1(LeaderElection.java:234)
	at java.util.concurrent.FutureTask.run(FutureTask.java:266)
	at java.util.concurrent.Executors$RunnableAdapter.call(Executors.java:511)
	at java.util.concurrent.FutureTask.run(FutureTask.java:266)
	at java.util.concurrent.ThreadPoolExecutor.runWorker(ThreadPoolExecutor.java:1149)
	at java.util.concurrent.ThreadPoolExecutor$Worker.run(ThreadPoolExecutor.java:624)
	... 1 more
Caused by: org.apache.ratis.thirdparty.io.netty.channel.AbstractChannel$AnnotatedConnectException: Connection refused: /192.168.157.251:42113
	at sun.nio.ch.SocketChannelImpl.checkConnect(Native Method)
	at sun.nio.ch.SocketChannelImpl.finishConnect(SocketChannelImpl.java:717)
	at org.apache.ratis.thirdparty.io.netty.channel.socket.nio.NioSocketChannel.doFinishConnect(NioSocketChannel.java:327)
	at org.apache.ratis.thirdparty.io.netty.channel.nio.AbstractNioChannel$AbstractNioUnsafe.finishConnect(AbstractNioChannel.java:340)
	at org.apache.ratis.thirdparty.io.netty.channel.nio.NioEventLoop.processSelectedKey(NioEventLoop.java:632)
	at org.apache.ratis.thirdparty.io.netty.channel.nio.NioEventLoop.processSelectedKeysOptimized(NioEventLoop.java:579)
	at org.apache.ratis.thirdparty.io.netty.channel.nio.NioEventLoop.processSelectedKeys(NioEventLoop.java:496)
	at org.apache.ratis.thirdparty.io.netty.channel.nio.NioEventLoop.run(NioEventLoop.java:458)
	at org.apache.ratis.thirdparty.io.netty.util.concurrent.SingleThreadEventExecutor$5.run(SingleThreadEventExecutor.java:897)
	at org.apache.ratis.thirdparty.io.netty.util.concurrent.FastThreadLocalRunnable.run(FastThreadLocalRunnable.java:30)
	... 1 more
Caused by: java.net.ConnectException: Connection refused
	... 11 more
2019-10-17 18:51:15,173 [b8f04e38-0663-4b1f-8efd-f76585c6e86c@group-5F52F902B742-LeaderElection378] INFO  impl.LeaderElection (LogUtils.java:infoOrTrace(149)) - b8f04e38-0663-4b1f-8efd-f76585c6e86c@group-5F52F902B742-LeaderElection378 got exception when requesting votes: {}
java.util.concurrent.ExecutionException: org.apache.ratis.thirdparty.io.grpc.StatusRuntimeException: UNAVAILABLE: io exception
	at java.util.concurrent.FutureTask.report(FutureTask.java:122)
	at java.util.concurrent.FutureTask.get(FutureTask.java:192)
	at org.apache.ratis.server.impl.LeaderElection.waitForResults(LeaderElection.java:259)
	at org.apache.ratis.server.impl.LeaderElection.askForVotes(LeaderElection.java:197)
	at org.apache.ratis.server.impl.LeaderElection.run(LeaderElection.java:133)
	at java.lang.Thread.run(Thread.java:748)
Caused by: org.apache.ratis.thirdparty.io.grpc.StatusRuntimeException: UNAVAILABLE: io exception
	at org.apache.ratis.thirdparty.io.grpc.stub.ClientCalls.toStatusRuntimeException(ClientCalls.java:233)
	at org.apache.ratis.thirdparty.io.grpc.stub.ClientCalls.getUnchecked(ClientCalls.java:214)
	at org.apache.ratis.thirdparty.io.grpc.stub.ClientCalls.blockingUnaryCall(ClientCalls.java:139)
	at org.apache.ratis.proto.grpc.RaftServerProtocolServiceGrpc$RaftServerProtocolServiceBlockingStub.requestVote(RaftServerProtocolServiceGrpc.java:265)
	at org.apache.ratis.grpc.server.GrpcServerProtocolClient.requestVote(GrpcServerProtocolClient.java:99)
	at org.apache.ratis.grpc.server.GrpcService.requestVote(GrpcService.java:204)
	at org.apache.ratis.server.impl.LeaderElection.lambda$submitRequests$1(LeaderElection.java:234)
	at java.util.concurrent.FutureTask.run(FutureTask.java:266)
	at java.util.concurrent.Executors$RunnableAdapter.call(Executors.java:511)
	at java.util.concurrent.FutureTask.run(FutureTask.java:266)
	at java.util.concurrent.ThreadPoolExecutor.runWorker(ThreadPoolExecutor.java:1149)
	at java.util.concurrent.ThreadPoolExecutor$Worker.run(ThreadPoolExecutor.java:624)
	... 1 more
Caused by: org.apache.ratis.thirdparty.io.netty.channel.AbstractChannel$AnnotatedConnectException: Connection refused: /192.168.157.251:46496
	at sun.nio.ch.SocketChannelImpl.checkConnect(Native Method)
	at sun.nio.ch.SocketChannelImpl.finishConnect(SocketChannelImpl.java:717)
	at org.apache.ratis.thirdparty.io.netty.channel.socket.nio.NioSocketChannel.doFinishConnect(NioSocketChannel.java:327)
	at org.apache.ratis.thirdparty.io.netty.channel.nio.AbstractNioChannel$AbstractNioUnsafe.finishConnect(AbstractNioChannel.java:340)
	at org.apache.ratis.thirdparty.io.netty.channel.nio.NioEventLoop.processSelectedKey(NioEventLoop.java:632)
	at org.apache.ratis.thirdparty.io.netty.channel.nio.NioEventLoop.processSelectedKeysOptimized(NioEventLoop.java:579)
	at org.apache.ratis.thirdparty.io.netty.channel.nio.NioEventLoop.processSelectedKeys(NioEventLoop.java:496)
	at org.apache.ratis.thirdparty.io.netty.channel.nio.NioEventLoop.run(NioEventLoop.java:458)
	at org.apache.ratis.thirdparty.io.netty.util.concurrent.SingleThreadEventExecutor$5.run(SingleThreadEventExecutor.java:897)
	at org.apache.ratis.thirdparty.io.netty.util.concurrent.FastThreadLocalRunnable.run(FastThreadLocalRunnable.java:30)
	... 1 more
Caused by: java.net.ConnectException: Connection refused
	... 11 more
2019-10-17 18:51:15,176 [73297ffa-40cb-4e3e-b33e-1bc2c1da60f5@group-5F52F902B742-LeaderElection379] INFO  impl.LeaderElection (LeaderElection.java:logAndReturn(56)) - 73297ffa-40cb-4e3e-b33e-1bc2c1da60f5@group-5F52F902B742-LeaderElection379: Election REJECTED; received 1 response(s) [73297ffa-40cb-4e3e-b33e-1bc2c1da60f5<-b8f04e38-0663-4b1f-8efd-f76585c6e86c#0:FAIL-t200] and 1 exception(s); 73297ffa-40cb-4e3e-b33e-1bc2c1da60f5@group-5F52F902B742:t200, leader=null, voted=73297ffa-40cb-4e3e-b33e-1bc2c1da60f5, raftlog=73297ffa-40cb-4e3e-b33e-1bc2c1da60f5@group-5F52F902B742-SegmentedRaftLog:OPENED:c-1,f0,i0, conf=0: [b8f04e38-0663-4b1f-8efd-f76585c6e86c:192.168.157.251:35700, abcd8826-c056-4817-bd0f-7af19a46d814:192.168.157.251:46496, 73297ffa-40cb-4e3e-b33e-1bc2c1da60f5:192.168.157.251:32952], old=null
2019-10-17 18:51:15,176 [73297ffa-40cb-4e3e-b33e-1bc2c1da60f5@group-5F52F902B742-LeaderElection379] INFO  impl.LeaderElection (LogUtils.java:infoOrTrace(149)) -   Exception 0: {}
java.util.concurrent.ExecutionException: org.apache.ratis.thirdparty.io.grpc.StatusRuntimeException: UNAVAILABLE: io exception
	at java.util.concurrent.FutureTask.report(FutureTask.java:122)
	at java.util.concurrent.FutureTask.get(FutureTask.java:192)
	at org.apache.ratis.server.impl.LeaderElection.waitForResults(LeaderElection.java:259)
	at org.apache.ratis.server.impl.LeaderElection.askForVotes(LeaderElection.java:197)
	at org.apache.ratis.server.impl.LeaderElection.run(LeaderElection.java:133)
	at java.lang.Thread.run(Thread.java:748)
Caused by: org.apache.ratis.thirdparty.io.grpc.StatusRuntimeException: UNAVAILABLE: io exception
	at org.apache.ratis.thirdparty.io.grpc.stub.ClientCalls.toStatusRuntimeException(ClientCalls.java:233)
	at org.apache.ratis.thirdparty.io.grpc.stub.ClientCalls.getUnchecked(ClientCalls.java:214)
	at org.apache.ratis.thirdparty.io.grpc.stub.ClientCalls.blockingUnaryCall(ClientCalls.java:139)
	at org.apache.ratis.proto.grpc.RaftServerProtocolServiceGrpc$RaftServerProtocolServiceBlockingStub.requestVote(RaftServerProtocolServiceGrpc.java:265)
	at org.apache.ratis.grpc.server.GrpcServerProtocolClient.requestVote(GrpcServerProtocolClient.java:99)
	at org.apache.ratis.grpc.server.GrpcService.requestVote(GrpcService.java:204)
	at org.apache.ratis.server.impl.LeaderElection.lambda$submitRequests$1(LeaderElection.java:234)
	at java.util.concurrent.FutureTask.run(FutureTask.java:266)
	at java.util.concurrent.Executors$RunnableAdapter.call(Executors.java:511)
	at java.util.concurrent.FutureTask.run(FutureTask.java:266)
	at java.util.concurrent.ThreadPoolExecutor.runWorker(ThreadPoolExecutor.java:1149)
	at java.util.concurrent.ThreadPoolExecutor$Worker.run(ThreadPoolExecutor.java:624)
	... 1 more
Caused by: org.apache.ratis.thirdparty.io.netty.channel.AbstractChannel$AnnotatedConnectException: Connection refused: /192.168.157.251:46496
	at sun.nio.ch.SocketChannelImpl.checkConnect(Native Method)
	at sun.nio.ch.SocketChannelImpl.finishConnect(SocketChannelImpl.java:717)
	at org.apache.ratis.thirdparty.io.netty.channel.socket.nio.NioSocketChannel.doFinishConnect(NioSocketChannel.java:327)
	at org.apache.ratis.thirdparty.io.netty.channel.nio.AbstractNioChannel$AbstractNioUnsafe.finishConnect(AbstractNioChannel.java:340)
	at org.apache.ratis.thirdparty.io.netty.channel.nio.NioEventLoop.processSelectedKey(NioEventLoop.java:632)
	at org.apache.ratis.thirdparty.io.netty.channel.nio.NioEventLoop.processSelectedKeysOptimized(NioEventLoop.java:579)
	at org.apache.ratis.thirdparty.io.netty.channel.nio.NioEventLoop.processSelectedKeys(NioEventLoop.java:496)
	at org.apache.ratis.thirdparty.io.netty.channel.nio.NioEventLoop.run(NioEventLoop.java:458)
	at org.apache.ratis.thirdparty.io.netty.util.concurrent.SingleThreadEventExecutor$5.run(SingleThreadEventExecutor.java:897)
	at org.apache.ratis.thirdparty.io.netty.util.concurrent.FastThreadLocalRunnable.run(FastThreadLocalRunnable.java:30)
	... 1 more
Caused by: java.net.ConnectException: Connection refused
	... 11 more
2019-10-17 18:51:15,176 [73297ffa-40cb-4e3e-b33e-1bc2c1da60f5@group-5F52F902B742-LeaderElection379] INFO  impl.RaftServerImpl (RaftServerImpl.java:setRole(184)) - 73297ffa-40cb-4e3e-b33e-1bc2c1da60f5@group-5F52F902B742: changes role from CANDIDATE to FOLLOWER at term 200 for DISCOVERED_A_NEW_TERM
2019-10-17 18:51:15,177 [73297ffa-40cb-4e3e-b33e-1bc2c1da60f5@group-5F52F902B742-LeaderElection379] INFO  impl.RoleInfo (RoleInfo.java:shutdownLeaderElection(134)) - 73297ffa-40cb-4e3e-b33e-1bc2c1da60f5: shutdown LeaderElection
2019-10-17 18:51:15,176 [b8f04e38-0663-4b1f-8efd-f76585c6e86c@group-5F52F902B742-LeaderElection378] INFO  impl.LeaderElection (LeaderElection.java:logAndReturn(56)) - b8f04e38-0663-4b1f-8efd-f76585c6e86c@group-5F52F902B742-LeaderElection378: Election REJECTED; received 1 response(s) [b8f04e38-0663-4b1f-8efd-f76585c6e86c<-73297ffa-40cb-4e3e-b33e-1bc2c1da60f5#0:FAIL-t200] and 1 exception(s); b8f04e38-0663-4b1f-8efd-f76585c6e86c@group-5F52F902B742:t200, leader=null, voted=b8f04e38-0663-4b1f-8efd-f76585c6e86c, raftlog=b8f04e38-0663-4b1f-8efd-f76585c6e86c@group-5F52F902B742-SegmentedRaftLog:OPENED:c-1,f0,i0, conf=0: [b8f04e38-0663-4b1f-8efd-f76585c6e86c:192.168.157.251:35700, abcd8826-c056-4817-bd0f-7af19a46d814:192.168.157.251:46496, 73297ffa-40cb-4e3e-b33e-1bc2c1da60f5:192.168.157.251:32952], old=null
2019-10-17 18:51:15,177 [73297ffa-40cb-4e3e-b33e-1bc2c1da60f5@group-5F52F902B742-LeaderElection379] INFO  impl.RoleInfo (RoleInfo.java:updateAndGet(143)) - 73297ffa-40cb-4e3e-b33e-1bc2c1da60f5: start FollowerState
2019-10-17 18:51:15,177 [b8f04e38-0663-4b1f-8efd-f76585c6e86c@group-5F52F902B742-LeaderElection378] INFO  impl.LeaderElection (LogUtils.java:infoOrTrace(149)) -   Exception 0: {}
java.util.concurrent.ExecutionException: org.apache.ratis.thirdparty.io.grpc.StatusRuntimeException: UNAVAILABLE: io exception
	at java.util.concurrent.FutureTask.report(FutureTask.java:122)
	at java.util.concurrent.FutureTask.get(FutureTask.java:192)
	at org.apache.ratis.server.impl.LeaderElection.waitForResults(LeaderElection.java:259)
	at org.apache.ratis.server.impl.LeaderElection.askForVotes(LeaderElection.java:197)
	at org.apache.ratis.server.impl.LeaderElection.run(LeaderElection.java:133)
	at java.lang.Thread.run(Thread.java:748)
Caused by: org.apache.ratis.thirdparty.io.grpc.StatusRuntimeException: UNAVAILABLE: io exception
	at org.apache.ratis.thirdparty.io.grpc.stub.ClientCalls.toStatusRuntimeException(ClientCalls.java:233)
	at org.apache.ratis.thirdparty.io.grpc.stub.ClientCalls.getUnchecked(ClientCalls.java:214)
	at org.apache.ratis.thirdparty.io.grpc.stub.ClientCalls.blockingUnaryCall(ClientCalls.java:139)
	at org.apache.ratis.proto.grpc.RaftServerProtocolServiceGrpc$RaftServerProtocolServiceBlockingStub.requestVote(RaftServerProtocolServiceGrpc.java:265)
	at org.apache.ratis.grpc.server.GrpcServerProtocolClient.requestVote(GrpcServerProtocolClient.java:99)
	at org.apache.ratis.grpc.server.GrpcService.requestVote(GrpcService.java:204)
	at org.apache.ratis.server.impl.LeaderElection.lambda$submitRequests$1(LeaderElection.java:234)
	at java.util.concurrent.FutureTask.run(FutureTask.java:266)
	at java.util.concurrent.Executors$RunnableAdapter.call(Executors.java:511)
	at java.util.concurrent.FutureTask.run(FutureTask.java:266)
	at java.util.concurrent.ThreadPoolExecutor.runWorker(ThreadPoolExecutor.java:1149)
	at java.util.concurrent.ThreadPoolExecutor$Worker.run(ThreadPoolExecutor.java:624)
	... 1 more
Caused by: org.apache.ratis.thirdparty.io.netty.channel.AbstractChannel$AnnotatedConnectException: Connection refused: /192.168.157.251:46496
	at sun.nio.ch.SocketChannelImpl.checkConnect(Native Method)
	at sun.nio.ch.SocketChannelImpl.finishConnect(SocketChannelImpl.java:717)
	at org.apache.ratis.thirdparty.io.netty.channel.socket.nio.NioSocketChannel.doFinishConnect(NioSocketChannel.java:327)
	at org.apache.ratis.thirdparty.io.netty.channel.nio.AbstractNioChannel$AbstractNioUnsafe.finishConnect(AbstractNioChannel.java:340)
	at org.apache.ratis.thirdparty.io.netty.channel.nio.NioEventLoop.processSelectedKey(NioEventLoop.java:632)
	at org.apache.ratis.thirdparty.io.netty.channel.nio.NioEventLoop.processSelectedKeysOptimized(NioEventLoop.java:579)
	at org.apache.ratis.thirdparty.io.netty.channel.nio.NioEventLoop.processSelectedKeys(NioEventLoop.java:496)
	at org.apache.ratis.thirdparty.io.netty.channel.nio.NioEventLoop.run(NioEventLoop.java:458)
	at org.apache.ratis.thirdparty.io.netty.util.concurrent.SingleThreadEventExecutor$5.run(SingleThreadEventExecutor.java:897)
	at org.apache.ratis.thirdparty.io.netty.util.concurrent.FastThreadLocalRunnable.run(FastThreadLocalRunnable.java:30)
	... 1 more
Caused by: java.net.ConnectException: Connection refused
	... 11 more
2019-10-17 18:51:15,177 [b8f04e38-0663-4b1f-8efd-f76585c6e86c@group-5F52F902B742-LeaderElection378] INFO  impl.RaftServerImpl (RaftServerImpl.java:setRole(184)) - b8f04e38-0663-4b1f-8efd-f76585c6e86c@group-5F52F902B742: changes role from CANDIDATE to FOLLOWER at term 200 for DISCOVERED_A_NEW_TERM
2019-10-17 18:51:15,177 [b8f04e38-0663-4b1f-8efd-f76585c6e86c@group-5F52F902B742-LeaderElection378] INFO  impl.RoleInfo (RoleInfo.java:shutdownLeaderElection(134)) - b8f04e38-0663-4b1f-8efd-f76585c6e86c: shutdown LeaderElection
2019-10-17 18:51:15,178 [b8f04e38-0663-4b1f-8efd-f76585c6e86c@group-5F52F902B742-LeaderElection378] INFO  impl.RoleInfo (RoleInfo.java:updateAndGet(143)) - b8f04e38-0663-4b1f-8efd-f76585c6e86c: start FollowerState
2019-10-17 18:51:15,196 [daae7813-f814-475d-9647-a302a5541e36@group-F775CA5912AC-LeaderElection380] INFO  impl.LeaderElection (LeaderElection.java:askForVotes(178)) - daae7813-f814-475d-9647-a302a5541e36@group-F775CA5912AC-LeaderElection380: begin an election at term 211 for 0: [a5e79c22-a35f-4e50-b1fd-e91b6a93d74d:192.168.157.251:45177, daae7813-f814-475d-9647-a302a5541e36:192.168.157.251:45025, 1e4e1375-1b66-460f-8c99-4c341545a119:192.168.157.251:42113], old=null
2019-10-17 18:51:15,197 [a5e79c22-a35f-4e50-b1fd-e91b6a93d74d@group-F775CA5912AC-LeaderElection377] INFO  impl.LeaderElection (LeaderElection.java:logAndReturn(56)) - a5e79c22-a35f-4e50-b1fd-e91b6a93d74d@group-F775CA5912AC-LeaderElection377: Election REJECTED; received 1 response(s) [a5e79c22-a35f-4e50-b1fd-e91b6a93d74d<-daae7813-f814-475d-9647-a302a5541e36#0:FAIL-t211] and 1 exception(s); a5e79c22-a35f-4e50-b1fd-e91b6a93d74d@group-F775CA5912AC:t211, leader=null, voted=a5e79c22-a35f-4e50-b1fd-e91b6a93d74d, raftlog=a5e79c22-a35f-4e50-b1fd-e91b6a93d74d@group-F775CA5912AC-SegmentedRaftLog:OPENED:c-1,f-1,i0, conf=-1: [a5e79c22-a35f-4e50-b1fd-e91b6a93d74d:192.168.157.251:45177, daae7813-f814-475d-9647-a302a5541e36:192.168.157.251:45025, 1e4e1375-1b66-460f-8c99-4c341545a119:192.168.157.251:42113], old=null
2019-10-17 18:51:15,197 [a5e79c22-a35f-4e50-b1fd-e91b6a93d74d@group-F775CA5912AC-LeaderElection377] INFO  impl.LeaderElection (LogUtils.java:infoOrTrace(149)) -   Exception 0: {}
java.util.concurrent.ExecutionException: org.apache.ratis.thirdparty.io.grpc.StatusRuntimeException: UNAVAILABLE: io exception
	at java.util.concurrent.FutureTask.report(FutureTask.java:122)
	at java.util.concurrent.FutureTask.get(FutureTask.java:192)
	at org.apache.ratis.server.impl.LeaderElection.waitForResults(LeaderElection.java:259)
	at org.apache.ratis.server.impl.LeaderElection.askForVotes(LeaderElection.java:197)
	at org.apache.ratis.server.impl.LeaderElection.run(LeaderElection.java:133)
	at java.lang.Thread.run(Thread.java:748)
Caused by: org.apache.ratis.thirdparty.io.grpc.StatusRuntimeException: UNAVAILABLE: io exception
	at org.apache.ratis.thirdparty.io.grpc.stub.ClientCalls.toStatusRuntimeException(ClientCalls.java:233)
	at org.apache.ratis.thirdparty.io.grpc.stub.ClientCalls.getUnchecked(ClientCalls.java:214)
	at org.apache.ratis.thirdparty.io.grpc.stub.ClientCalls.blockingUnaryCall(ClientCalls.java:139)
	at org.apache.ratis.proto.grpc.RaftServerProtocolServiceGrpc$RaftServerProtocolServiceBlockingStub.requestVote(RaftServerProtocolServiceGrpc.java:265)
	at org.apache.ratis.grpc.server.GrpcServerProtocolClient.requestVote(GrpcServerProtocolClient.java:99)
	at org.apache.ratis.grpc.server.GrpcService.requestVote(GrpcService.java:204)
	at org.apache.ratis.server.impl.LeaderElection.lambda$submitRequests$1(LeaderElection.java:234)
	at java.util.concurrent.FutureTask.run(FutureTask.java:266)
	at java.util.concurrent.Executors$RunnableAdapter.call(Executors.java:511)
	at java.util.concurrent.FutureTask.run(FutureTask.java:266)
	at java.util.concurrent.ThreadPoolExecutor.runWorker(ThreadPoolExecutor.java:1149)
	at java.util.concurrent.ThreadPoolExecutor$Worker.run(ThreadPoolExecutor.java:624)
	... 1 more
Caused by: org.apache.ratis.thirdparty.io.netty.channel.AbstractChannel$AnnotatedConnectException: Connection refused: /192.168.157.251:42113
	at sun.nio.ch.SocketChannelImpl.checkConnect(Native Method)
	at sun.nio.ch.SocketChannelImpl.finishConnect(SocketChannelImpl.java:717)
	at org.apache.ratis.thirdparty.io.netty.channel.socket.nio.NioSocketChannel.doFinishConnect(NioSocketChannel.java:327)
	at org.apache.ratis.thirdparty.io.netty.channel.nio.AbstractNioChannel$AbstractNioUnsafe.finishConnect(AbstractNioChannel.java:340)
	at org.apache.ratis.thirdparty.io.netty.channel.nio.NioEventLoop.processSelectedKey(NioEventLoop.java:632)
	at org.apache.ratis.thirdparty.io.netty.channel.nio.NioEventLoop.processSelectedKeysOptimized(NioEventLoop.java:579)
	at org.apache.ratis.thirdparty.io.netty.channel.nio.NioEventLoop.processSelectedKeys(NioEventLoop.java:496)
	at org.apache.ratis.thirdparty.io.netty.channel.nio.NioEventLoop.run(NioEventLoop.java:458)
	at org.apache.ratis.thirdparty.io.netty.util.concurrent.SingleThreadEventExecutor$5.run(SingleThreadEventExecutor.java:897)
	at org.apache.ratis.thirdparty.io.netty.util.concurrent.FastThreadLocalRunnable.run(FastThreadLocalRunnable.java:30)
	... 1 more
Caused by: java.net.ConnectException: Connection refused
	... 11 more
2019-10-17 18:51:15,198 [a5e79c22-a35f-4e50-b1fd-e91b6a93d74d@group-F775CA5912AC-LeaderElection377] INFO  impl.RaftServerImpl (RaftServerImpl.java:setRole(184)) - a5e79c22-a35f-4e50-b1fd-e91b6a93d74d@group-F775CA5912AC: changes role from CANDIDATE to FOLLOWER at term 211 for DISCOVERED_A_NEW_TERM
2019-10-17 18:51:15,198 [a5e79c22-a35f-4e50-b1fd-e91b6a93d74d@group-F775CA5912AC-LeaderElection377] INFO  impl.RoleInfo (RoleInfo.java:shutdownLeaderElection(134)) - a5e79c22-a35f-4e50-b1fd-e91b6a93d74d: shutdown LeaderElection
2019-10-17 18:51:15,198 [a5e79c22-a35f-4e50-b1fd-e91b6a93d74d@group-F775CA5912AC-LeaderElection377] INFO  impl.RoleInfo (RoleInfo.java:updateAndGet(143)) - a5e79c22-a35f-4e50-b1fd-e91b6a93d74d: start FollowerState
2019-10-17 18:51:15,200 [daae7813-f814-475d-9647-a302a5541e36@group-F775CA5912AC-LeaderElection380] INFO  impl.LeaderElection (LogUtils.java:infoOrTrace(149)) - daae7813-f814-475d-9647-a302a5541e36@group-F775CA5912AC-LeaderElection380 got exception when requesting votes: {}
java.util.concurrent.ExecutionException: org.apache.ratis.thirdparty.io.grpc.StatusRuntimeException: UNAVAILABLE: io exception
	at java.util.concurrent.FutureTask.report(FutureTask.java:122)
	at java.util.concurrent.FutureTask.get(FutureTask.java:192)
	at org.apache.ratis.server.impl.LeaderElection.waitForResults(LeaderElection.java:259)
	at org.apache.ratis.server.impl.LeaderElection.askForVotes(LeaderElection.java:197)
	at org.apache.ratis.server.impl.LeaderElection.run(LeaderElection.java:133)
	at java.lang.Thread.run(Thread.java:748)
Caused by: org.apache.ratis.thirdparty.io.grpc.StatusRuntimeException: UNAVAILABLE: io exception
	at org.apache.ratis.thirdparty.io.grpc.stub.ClientCalls.toStatusRuntimeException(ClientCalls.java:233)
	at org.apache.ratis.thirdparty.io.grpc.stub.ClientCalls.getUnchecked(ClientCalls.java:214)
	at org.apache.ratis.thirdparty.io.grpc.stub.ClientCalls.blockingUnaryCall(ClientCalls.java:139)
	at org.apache.ratis.proto.grpc.RaftServerProtocolServiceGrpc$RaftServerProtocolServiceBlockingStub.requestVote(RaftServerProtocolServiceGrpc.java:265)
	at org.apache.ratis.grpc.server.GrpcServerProtocolClient.requestVote(GrpcServerProtocolClient.java:99)
	at org.apache.ratis.grpc.server.GrpcService.requestVote(GrpcService.java:204)
	at org.apache.ratis.server.impl.LeaderElection.lambda$submitRequests$1(LeaderElection.java:234)
	at java.util.concurrent.FutureTask.run(FutureTask.java:266)
	at java.util.concurrent.Executors$RunnableAdapter.call(Executors.java:511)
	at java.util.concurrent.FutureTask.run(FutureTask.java:266)
	at java.util.concurrent.ThreadPoolExecutor.runWorker(ThreadPoolExecutor.java:1149)
	at java.util.concurrent.ThreadPoolExecutor$Worker.run(ThreadPoolExecutor.java:624)
	... 1 more
Caused by: org.apache.ratis.thirdparty.io.netty.channel.AbstractChannel$AnnotatedConnectException: Connection refused: /192.168.157.251:42113
	at sun.nio.ch.SocketChannelImpl.checkConnect(Native Method)
	at sun.nio.ch.SocketChannelImpl.finishConnect(SocketChannelImpl.java:717)
	at org.apache.ratis.thirdparty.io.netty.channel.socket.nio.NioSocketChannel.doFinishConnect(NioSocketChannel.java:327)
	at org.apache.ratis.thirdparty.io.netty.channel.nio.AbstractNioChannel$AbstractNioUnsafe.finishConnect(AbstractNioChannel.java:340)
	at org.apache.ratis.thirdparty.io.netty.channel.nio.NioEventLoop.processSelectedKey(NioEventLoop.java:632)
	at org.apache.ratis.thirdparty.io.netty.channel.nio.NioEventLoop.processSelectedKeysOptimized(NioEventLoop.java:579)
	at org.apache.ratis.thirdparty.io.netty.channel.nio.NioEventLoop.processSelectedKeys(NioEventLoop.java:496)
	at org.apache.ratis.thirdparty.io.netty.channel.nio.NioEventLoop.run(NioEventLoop.java:458)
	at org.apache.ratis.thirdparty.io.netty.util.concurrent.SingleThreadEventExecutor$5.run(SingleThreadEventExecutor.java:897)
	at org.apache.ratis.thirdparty.io.netty.util.concurrent.FastThreadLocalRunnable.run(FastThreadLocalRunnable.java:30)
	... 1 more
Caused by: java.net.ConnectException: Connection refused
	... 11 more
2019-10-17 18:51:15,204 [daae7813-f814-475d-9647-a302a5541e36@group-F775CA5912AC-LeaderElection380] INFO  impl.LeaderElection (LeaderElection.java:logAndReturn(56)) - daae7813-f814-475d-9647-a302a5541e36@group-F775CA5912AC-LeaderElection380: Election REJECTED; received 1 response(s) [daae7813-f814-475d-9647-a302a5541e36<-a5e79c22-a35f-4e50-b1fd-e91b6a93d74d#0:FAIL-t211] and 1 exception(s); daae7813-f814-475d-9647-a302a5541e36@group-F775CA5912AC:t211, leader=null, voted=daae7813-f814-475d-9647-a302a5541e36, raftlog=daae7813-f814-475d-9647-a302a5541e36@group-F775CA5912AC-SegmentedRaftLog:OPENED:c-1,f0,i0, conf=0: [a5e79c22-a35f-4e50-b1fd-e91b6a93d74d:192.168.157.251:45177, daae7813-f814-475d-9647-a302a5541e36:192.168.157.251:45025, 1e4e1375-1b66-460f-8c99-4c341545a119:192.168.157.251:42113], old=null
2019-10-17 18:51:15,204 [daae7813-f814-475d-9647-a302a5541e36@group-F775CA5912AC-LeaderElection380] INFO  impl.LeaderElection (LogUtils.java:infoOrTrace(149)) -   Exception 0: {}
java.util.concurrent.ExecutionException: org.apache.ratis.thirdparty.io.grpc.StatusRuntimeException: UNAVAILABLE: io exception
	at java.util.concurrent.FutureTask.report(FutureTask.java:122)
	at java.util.concurrent.FutureTask.get(FutureTask.java:192)
	at org.apache.ratis.server.impl.LeaderElection.waitForResults(LeaderElection.java:259)
	at org.apache.ratis.server.impl.LeaderElection.askForVotes(LeaderElection.java:197)
	at org.apache.ratis.server.impl.LeaderElection.run(LeaderElection.java:133)
	at java.lang.Thread.run(Thread.java:748)
Caused by: org.apache.ratis.thirdparty.io.grpc.StatusRuntimeException: UNAVAILABLE: io exception
	at org.apache.ratis.thirdparty.io.grpc.stub.ClientCalls.toStatusRuntimeException(ClientCalls.java:233)
	at org.apache.ratis.thirdparty.io.grpc.stub.ClientCalls.getUnchecked(ClientCalls.java:214)
	at org.apache.ratis.thirdparty.io.grpc.stub.ClientCalls.blockingUnaryCall(ClientCalls.java:139)
	at org.apache.ratis.proto.grpc.RaftServerProtocolServiceGrpc$RaftServerProtocolServiceBlockingStub.requestVote(RaftServerProtocolServiceGrpc.java:265)
	at org.apache.ratis.grpc.server.GrpcServerProtocolClient.requestVote(GrpcServerProtocolClient.java:99)
	at org.apache.ratis.grpc.server.GrpcService.requestVote(GrpcService.java:204)
	at org.apache.ratis.server.impl.LeaderElection.lambda$submitRequests$1(LeaderElection.java:234)
	at java.util.concurrent.FutureTask.run(FutureTask.java:266)
	at java.util.concurrent.Executors$RunnableAdapter.call(Executors.java:511)
	at java.util.concurrent.FutureTask.run(FutureTask.java:266)
	at java.util.concurrent.ThreadPoolExecutor.runWorker(ThreadPoolExecutor.java:1149)
	at java.util.concurrent.ThreadPoolExecutor$Worker.run(ThreadPoolExecutor.java:624)
	... 1 more
Caused by: org.apache.ratis.thirdparty.io.netty.channel.AbstractChannel$AnnotatedConnectException: Connection refused: /192.168.157.251:42113
	at sun.nio.ch.SocketChannelImpl.checkConnect(Native Method)
	at sun.nio.ch.SocketChannelImpl.finishConnect(SocketChannelImpl.java:717)
	at org.apache.ratis.thirdparty.io.netty.channel.socket.nio.NioSocketChannel.doFinishConnect(NioSocketChannel.java:327)
	at org.apache.ratis.thirdparty.io.netty.channel.nio.AbstractNioChannel$AbstractNioUnsafe.finishConnect(AbstractNioChannel.java:340)
	at org.apache.ratis.thirdparty.io.netty.channel.nio.NioEventLoop.processSelectedKey(NioEventLoop.java:632)
	at org.apache.ratis.thirdparty.io.netty.channel.nio.NioEventLoop.processSelectedKeysOptimized(NioEventLoop.java:579)
	at org.apache.ratis.thirdparty.io.netty.channel.nio.NioEventLoop.processSelectedKeys(NioEventLoop.java:496)
	at org.apache.ratis.thirdparty.io.netty.channel.nio.NioEventLoop.run(NioEventLoop.java:458)
	at org.apache.ratis.thirdparty.io.netty.util.concurrent.SingleThreadEventExecutor$5.run(SingleThreadEventExecutor.java:897)
	at org.apache.ratis.thirdparty.io.netty.util.concurrent.FastThreadLocalRunnable.run(FastThreadLocalRunnable.java:30)
	... 1 more
Caused by: java.net.ConnectException: Connection refused
	... 11 more
2019-10-17 18:51:15,204 [daae7813-f814-475d-9647-a302a5541e36@group-F775CA5912AC-LeaderElection380] INFO  impl.RaftServerImpl (RaftServerImpl.java:setRole(184)) - daae7813-f814-475d-9647-a302a5541e36@group-F775CA5912AC: changes role from CANDIDATE to FOLLOWER at term 211 for DISCOVERED_A_NEW_TERM
2019-10-17 18:51:15,204 [daae7813-f814-475d-9647-a302a5541e36@group-F775CA5912AC-LeaderElection380] INFO  impl.RoleInfo (RoleInfo.java:shutdownLeaderElection(134)) - daae7813-f814-475d-9647-a302a5541e36: shutdown LeaderElection
2019-10-17 18:51:15,204 [daae7813-f814-475d-9647-a302a5541e36@group-F775CA5912AC-LeaderElection380] INFO  impl.RoleInfo (RoleInfo.java:updateAndGet(143)) - daae7813-f814-475d-9647-a302a5541e36: start FollowerState
2019-10-17 18:51:15,261 [Thread-3010] INFO  impl.FollowerState (FollowerState.java:run(108)) - a5e79c22-a35f-4e50-b1fd-e91b6a93d74d@group-F775CA5912AC-FollowerState: change to CANDIDATE, lastRpcTime:63ms, electionTimeout:63ms
2019-10-17 18:51:15,261 [Thread-3010] INFO  impl.RoleInfo (RoleInfo.java:shutdownFollowerState(121)) - a5e79c22-a35f-4e50-b1fd-e91b6a93d74d: shutdown FollowerState
2019-10-17 18:51:15,261 [Thread-3010] INFO  impl.RaftServerImpl (RaftServerImpl.java:setRole(184)) - a5e79c22-a35f-4e50-b1fd-e91b6a93d74d@group-F775CA5912AC: changes role from  FOLLOWER to CANDIDATE at term 211 for changeToCandidate
2019-10-17 18:51:15,262 [Thread-3010] INFO  impl.RoleInfo (RoleInfo.java:updateAndGet(143)) - a5e79c22-a35f-4e50-b1fd-e91b6a93d74d: start LeaderElection
2019-10-17 18:51:15,293 [ForkJoinPool.commonPool-worker-0] INFO  ozoneimpl.OzoneContainer (OzoneContainer.java:stop(227)) - Attempting to stop container services.
2019-10-17 18:51:15,294 [ForkJoinPool.commonPool-worker-0] INFO  impl.RaftServerProxy (RaftServerProxy.java:lambda$close$4(314)) - 73297ffa-40cb-4e3e-b33e-1bc2c1da60f5: close
2019-10-17 18:51:15,295 [ForkJoinPool.commonPool-worker-0] INFO  impl.RaftServerImpl (RaftServerImpl.java:lambda$shutdown$3(261)) - 73297ffa-40cb-4e3e-b33e-1bc2c1da60f5@group-5F52F902B742: shutdown
2019-10-17 18:51:15,295 [ForkJoinPool.commonPool-worker-0] INFO  util.JmxRegister (JmxRegister.java:unregister(73)) - Successfully un-registered JMX Bean with object name Ratis:service=RaftServer,group=group-5F52F902B742,id=73297ffa-40cb-4e3e-b33e-1bc2c1da60f5
2019-10-17 18:51:15,295 [ForkJoinPool.commonPool-worker-0] INFO  impl.RoleInfo (RoleInfo.java:shutdownFollowerState(121)) - 73297ffa-40cb-4e3e-b33e-1bc2c1da60f5: shutdown FollowerState
2019-10-17 18:51:15,295 [ForkJoinPool.commonPool-worker-0] INFO  impl.StateMachineUpdater (StateMachineUpdater.java:stopAndJoin(136)) - 73297ffa-40cb-4e3e-b33e-1bc2c1da60f5@group-5F52F902B742-StateMachineUpdater: set stopIndex = -1
2019-10-17 18:51:15,295 [Thread-3006] INFO  impl.FollowerState (FollowerState.java:run(117)) - 73297ffa-40cb-4e3e-b33e-1bc2c1da60f5@group-5F52F902B742-FollowerState was interrupted: java.lang.InterruptedException: sleep interrupted
2019-10-17 18:51:15,296 [ForkJoinPool.commonPool-worker-0] INFO  impl.RaftServerImpl (ServerState.java:close(388)) - 73297ffa-40cb-4e3e-b33e-1bc2c1da60f5@group-5F52F902B742: closes. applyIndex: -1
2019-10-17 18:51:15,296 [main] INFO  ozoneimpl.OzoneContainer (OzoneContainer.java:stop(227)) - Attempting to stop container services.
2019-10-17 18:51:15,296 [73297ffa-40cb-4e3e-b33e-1bc2c1da60f5@group-5F52F902B742-SegmentedRaftLogWorker] INFO  segmented.SegmentedRaftLogWorker (SegmentedRaftLogWorker.java:run(316)) - 73297ffa-40cb-4e3e-b33e-1bc2c1da60f5@group-5F52F902B742-SegmentedRaftLogWorker was interrupted, exiting. There are 0 tasks remaining in the queue.
2019-10-17 18:51:15,300 [main] INFO  impl.RaftServerProxy (RaftServerProxy.java:lambda$close$4(314)) - 0fe4833c-4439-4309-b94b-508419b07a37: close
2019-10-17 18:51:15,300 [a5e79c22-a35f-4e50-b1fd-e91b6a93d74d@group-F775CA5912AC-LeaderElection381] INFO  impl.LeaderElection (LeaderElection.java:askForVotes(178)) - a5e79c22-a35f-4e50-b1fd-e91b6a93d74d@group-F775CA5912AC-LeaderElection381: begin an election at term 212 for -1: [a5e79c22-a35f-4e50-b1fd-e91b6a93d74d:192.168.157.251:45177, daae7813-f814-475d-9647-a302a5541e36:192.168.157.251:45025, 1e4e1375-1b66-460f-8c99-4c341545a119:192.168.157.251:42113], old=null
2019-10-17 18:51:15,300 [main] INFO  impl.RaftServerImpl (RaftServerImpl.java:lambda$shutdown$3(261)) - 0fe4833c-4439-4309-b94b-508419b07a37@group-253862F21A1A: shutdown
2019-10-17 18:51:15,300 [ForkJoinPool.commonPool-worker-0] INFO  segmented.SegmentedRaftLogWorker (SegmentedRaftLogWorker.java:close(224)) - 73297ffa-40cb-4e3e-b33e-1bc2c1da60f5@group-5F52F902B742-SegmentedRaftLogWorker close()
2019-10-17 18:51:15,301 [main] INFO  util.JmxRegister (JmxRegister.java:unregister(73)) - Successfully un-registered JMX Bean with object name Ratis:service=RaftServer,group=group-253862F21A1A,id=0fe4833c-4439-4309-b94b-508419b07a37
2019-10-17 18:51:15,305 [a5e79c22-a35f-4e50-b1fd-e91b6a93d74d@group-F775CA5912AC-LeaderElection381] INFO  impl.LeaderElection (LogUtils.java:infoOrTrace(149)) - a5e79c22-a35f-4e50-b1fd-e91b6a93d74d@group-F775CA5912AC-LeaderElection381 got exception when requesting votes: {}
java.util.concurrent.ExecutionException: org.apache.ratis.thirdparty.io.grpc.StatusRuntimeException: UNAVAILABLE: io exception
	at java.util.concurrent.FutureTask.report(FutureTask.java:122)
	at java.util.concurrent.FutureTask.get(FutureTask.java:192)
	at org.apache.ratis.server.impl.LeaderElection.waitForResults(LeaderElection.java:259)
	at org.apache.ratis.server.impl.LeaderElection.askForVotes(LeaderElection.java:197)
	at org.apache.ratis.server.impl.LeaderElection.run(LeaderElection.java:133)
	at java.lang.Thread.run(Thread.java:748)
Caused by: org.apache.ratis.thirdparty.io.grpc.StatusRuntimeException: UNAVAILABLE: io exception
	at org.apache.ratis.thirdparty.io.grpc.stub.ClientCalls.toStatusRuntimeException(ClientCalls.java:233)
	at org.apache.ratis.thirdparty.io.grpc.stub.ClientCalls.getUnchecked(ClientCalls.java:214)
	at org.apache.ratis.thirdparty.io.grpc.stub.ClientCalls.blockingUnaryCall(ClientCalls.java:139)
	at org.apache.ratis.proto.grpc.RaftServerProtocolServiceGrpc$RaftServerProtocolServiceBlockingStub.requestVote(RaftServerProtocolServiceGrpc.java:265)
	at org.apache.ratis.grpc.server.GrpcServerProtocolClient.requestVote(GrpcServerProtocolClient.java:99)
	at org.apache.ratis.grpc.server.GrpcService.requestVote(GrpcService.java:204)
	at org.apache.ratis.server.impl.LeaderElection.lambda$submitRequests$1(LeaderElection.java:234)
	at java.util.concurrent.FutureTask.run(FutureTask.java:266)
	at java.util.concurrent.Executors$RunnableAdapter.call(Executors.java:511)
	at java.util.concurrent.FutureTask.run(FutureTask.java:266)
	at java.util.concurrent.ThreadPoolExecutor.runWorker(ThreadPoolExecutor.java:1149)
	at java.util.concurrent.ThreadPoolExecutor$Worker.run(ThreadPoolExecutor.java:624)
	... 1 more
Caused by: org.apache.ratis.thirdparty.io.netty.channel.AbstractChannel$AnnotatedConnectException: Connection refused: /192.168.157.251:42113
	at sun.nio.ch.SocketChannelImpl.checkConnect(Native Method)
	at sun.nio.ch.SocketChannelImpl.finishConnect(SocketChannelImpl.java:717)
	at org.apache.ratis.thirdparty.io.netty.channel.socket.nio.NioSocketChannel.doFinishConnect(NioSocketChannel.java:327)
	at org.apache.ratis.thirdparty.io.netty.channel.nio.AbstractNioChannel$AbstractNioUnsafe.finishConnect(AbstractNioChannel.java:340)
	at org.apache.ratis.thirdparty.io.netty.channel.nio.NioEventLoop.processSelectedKey(NioEventLoop.java:632)
	at org.apache.ratis.thirdparty.io.netty.channel.nio.NioEventLoop.processSelectedKeysOptimized(NioEventLoop.java:579)
	at org.apache.ratis.thirdparty.io.netty.channel.nio.NioEventLoop.processSelectedKeys(NioEventLoop.java:496)
	at org.apache.ratis.thirdparty.io.netty.channel.nio.NioEventLoop.run(NioEventLoop.java:458)
	at org.apache.ratis.thirdparty.io.netty.util.concurrent.SingleThreadEventExecutor$5.run(SingleThreadEventExecutor.java:897)
	at org.apache.ratis.thirdparty.io.netty.util.concurrent.FastThreadLocalRunnable.run(FastThreadLocalRunnable.java:30)
	... 1 more
Caused by: java.net.ConnectException: Connection refused
	... 11 more
2019-10-17 18:51:15,304 [ForkJoinPool.commonPool-worker-0] INFO  impl.RaftServerImpl (RaftServerImpl.java:lambda$shutdown$3(261)) - 73297ffa-40cb-4e3e-b33e-1bc2c1da60f5@group-CC3111005FA9: shutdown
2019-10-17 18:51:15,305 [grpc-default-executor-5] INFO  impl.RaftServerImpl (RaftServerImpl.java:setRole(184)) - daae7813-f814-475d-9647-a302a5541e36@group-F775CA5912AC: changes role from  FOLLOWER to FOLLOWER at term 212 for recognizeCandidate:a5e79c22-a35f-4e50-b1fd-e91b6a93d74d
2019-10-17 18:51:15,308 [grpc-default-executor-5] INFO  impl.RoleInfo (RoleInfo.java:shutdownFollowerState(121)) - daae7813-f814-475d-9647-a302a5541e36: shutdown FollowerState
2019-10-17 18:51:15,305 [main] INFO  impl.RoleInfo (RoleInfo.java:shutdownLeaderState(104)) - 0fe4833c-4439-4309-b94b-508419b07a37: shutdown LeaderState
2019-10-17 18:51:15,308 [Thread-3011] INFO  impl.FollowerState (FollowerState.java:run(117)) - daae7813-f814-475d-9647-a302a5541e36@group-F775CA5912AC-FollowerState was interrupted: java.lang.InterruptedException: sleep interrupted
2019-10-17 18:51:15,308 [grpc-default-executor-5] INFO  impl.RoleInfo (RoleInfo.java:updateAndGet(143)) - daae7813-f814-475d-9647-a302a5541e36: start FollowerState
2019-10-17 18:51:15,307 [ForkJoinPool.commonPool-worker-0] INFO  util.JmxRegister (JmxRegister.java:unregister(73)) - Successfully un-registered JMX Bean with object name Ratis:service=RaftServer,group=group-CC3111005FA9,id=73297ffa-40cb-4e3e-b33e-1bc2c1da60f5
2019-10-17 18:51:15,309 [ForkJoinPool.commonPool-worker-0] INFO  impl.RoleInfo (RoleInfo.java:shutdownLeaderState(104)) - 73297ffa-40cb-4e3e-b33e-1bc2c1da60f5: shutdown LeaderState
2019-10-17 18:51:15,308 [main] INFO  impl.PendingRequests (PendingRequests.java:sendNotLeaderResponses(202)) - 0fe4833c-4439-4309-b94b-508419b07a37@group-253862F21A1A-PendingRequests: sendNotLeaderResponses
2019-10-17 18:51:15,309 [ForkJoinPool.commonPool-worker-0] INFO  impl.PendingRequests (PendingRequests.java:sendNotLeaderResponses(202)) - 73297ffa-40cb-4e3e-b33e-1bc2c1da60f5@group-CC3111005FA9-PendingRequests: sendNotLeaderResponses
2019-10-17 18:51:15,309 [main] INFO  impl.StateMachineUpdater (StateMachineUpdater.java:stopAndJoin(136)) - 0fe4833c-4439-4309-b94b-508419b07a37@group-253862F21A1A-StateMachineUpdater: set stopIndex = 0
2019-10-17 18:51:15,310 [ForkJoinPool.commonPool-worker-0] INFO  impl.StateMachineUpdater (StateMachineUpdater.java:stopAndJoin(136)) - 73297ffa-40cb-4e3e-b33e-1bc2c1da60f5@group-CC3111005FA9-StateMachineUpdater: set stopIndex = 0
2019-10-17 18:51:15,310 [main] INFO  impl.RaftServerImpl (ServerState.java:close(388)) - 0fe4833c-4439-4309-b94b-508419b07a37@group-253862F21A1A: closes. applyIndex: 0
2019-10-17 18:51:15,310 [ForkJoinPool.commonPool-worker-0] INFO  impl.RaftServerImpl (ServerState.java:close(388)) - 73297ffa-40cb-4e3e-b33e-1bc2c1da60f5@group-CC3111005FA9: closes. applyIndex: 0
2019-10-17 18:51:15,311 [0fe4833c-4439-4309-b94b-508419b07a37@group-253862F21A1A-SegmentedRaftLogWorker] INFO  segmented.SegmentedRaftLogWorker (SegmentedRaftLogWorker.java:run(316)) - 0fe4833c-4439-4309-b94b-508419b07a37@group-253862F21A1A-SegmentedRaftLogWorker was interrupted, exiting. There are 0 tasks remaining in the queue.
2019-10-17 18:51:15,311 [73297ffa-40cb-4e3e-b33e-1bc2c1da60f5@group-CC3111005FA9-SegmentedRaftLogWorker] INFO  segmented.SegmentedRaftLogWorker (SegmentedRaftLogWorker.java:run(316)) - 73297ffa-40cb-4e3e-b33e-1bc2c1da60f5@group-CC3111005FA9-SegmentedRaftLogWorker was interrupted, exiting. There are 0 tasks remaining in the queue.
2019-10-17 18:51:15,314 [ForkJoinPool.commonPool-worker-0] INFO  segmented.SegmentedRaftLogWorker (SegmentedRaftLogWorker.java:close(224)) - 73297ffa-40cb-4e3e-b33e-1bc2c1da60f5@group-CC3111005FA9-SegmentedRaftLogWorker close()
2019-10-17 18:51:15,314 [main] INFO  segmented.SegmentedRaftLogWorker (SegmentedRaftLogWorker.java:close(224)) - 0fe4833c-4439-4309-b94b-508419b07a37@group-253862F21A1A-SegmentedRaftLogWorker close()
2019-10-17 18:51:15,317 [ForkJoinPool.commonPool-worker-0] INFO  server.GrpcService (GrpcService.java:closeImpl(164)) - 73297ffa-40cb-4e3e-b33e-1bc2c1da60f5: shutdown server with port 32952 now
2019-10-17 18:51:15,321 [main] INFO  impl.RaftServerImpl (RaftServerImpl.java:lambda$shutdown$3(261)) - 0fe4833c-4439-4309-b94b-508419b07a37@group-9D6F8169C5E6: shutdown
2019-10-17 18:51:15,323 [main] INFO  util.JmxRegister (JmxRegister.java:unregister(73)) - Successfully un-registered JMX Bean with object name Ratis:service=RaftServer,group=group-9D6F8169C5E6,id=0fe4833c-4439-4309-b94b-508419b07a37
2019-10-17 18:51:15,324 [main] INFO  impl.RoleInfo (RoleInfo.java:shutdownFollowerState(121)) - 0fe4833c-4439-4309-b94b-508419b07a37: shutdown FollowerState
2019-10-17 18:51:15,324 [ForkJoinPool.commonPool-worker-0] INFO  server.GrpcService (GrpcService.java:closeImpl(172)) - 73297ffa-40cb-4e3e-b33e-1bc2c1da60f5: shutdown server with port 32952 successfully
2019-10-17 18:51:15,325 [Thread-470] INFO  impl.FollowerState (FollowerState.java:run(117)) - 0fe4833c-4439-4309-b94b-508419b07a37@group-9D6F8169C5E6-FollowerState was interrupted: java.lang.InterruptedException: sleep interrupted
2019-10-17 18:51:15,325 [main] INFO  impl.StateMachineUpdater (StateMachineUpdater.java:stopAndJoin(136)) - 0fe4833c-4439-4309-b94b-508419b07a37@group-9D6F8169C5E6-StateMachineUpdater: set stopIndex = 19
2019-10-17 18:51:15,325 [0fe4833c-4439-4309-b94b-508419b07a37@group-9D6F8169C5E6-StateMachineUpdater] INFO  ratis.ContainerStateMachine (ContainerStateMachine.java:takeSnapshot(294)) - group-9D6F8169C5E6: Taking a snapshot at:(t:7, i:19) file /workdir/hadoop-ozone/integration-test/target/test-dir/MiniOzoneClusterImpl-1add80d3-0bcb-487c-a891-e654dcc55690/datanode-6/data/ratis/975d0cea-1227-4002-9576-9d6f8169c5e6/sm/snapshot.7_19
2019-10-17 18:51:15,328 [refreshUsed-/workdir/hadoop-ozone/integration-test/target/test-dir/MiniOzoneClusterImpl-1add80d3-0bcb-487c-a891-e654dcc55690/datanode-3/data/containers] WARN  fs.CachingGetSpaceUsed (CachingGetSpaceUsed.java:run(183)) - Thread Interrupted waiting to refresh disk information: sleep interrupted
2019-10-17 18:51:15,353 [ForkJoinPool.commonPool-worker-0] INFO  utils.BackgroundService (BackgroundService.java:shutdown(151)) - Shutting down service BlockDeletingService
2019-10-17 18:51:15,359 [ForkJoinPool.commonPool-worker-0] INFO  statemachine.DatanodeStateMachine (DatanodeStateMachine.java:stopDaemon(395)) - Ozone container server stopped.
2019-10-17 18:51:15,363 [a5e79c22-a35f-4e50-b1fd-e91b6a93d74d@group-F775CA5912AC-LeaderElection381] INFO  impl.LeaderElection (LeaderElection.java:logAndReturn(56)) - a5e79c22-a35f-4e50-b1fd-e91b6a93d74d@group-F775CA5912AC-LeaderElection381: Election REJECTED; received 1 response(s) [a5e79c22-a35f-4e50-b1fd-e91b6a93d74d<-daae7813-f814-475d-9647-a302a5541e36#0:FAIL-t212] and 1 exception(s); a5e79c22-a35f-4e50-b1fd-e91b6a93d74d@group-F775CA5912AC:t212, leader=null, voted=a5e79c22-a35f-4e50-b1fd-e91b6a93d74d, raftlog=a5e79c22-a35f-4e50-b1fd-e91b6a93d74d@group-F775CA5912AC-SegmentedRaftLog:OPENED:c-1,f-1,i0, conf=-1: [a5e79c22-a35f-4e50-b1fd-e91b6a93d74d:192.168.157.251:45177, daae7813-f814-475d-9647-a302a5541e36:192.168.157.251:45025, 1e4e1375-1b66-460f-8c99-4c341545a119:192.168.157.251:42113], old=null
2019-10-17 18:51:15,364 [a5e79c22-a35f-4e50-b1fd-e91b6a93d74d@group-F775CA5912AC-LeaderElection381] INFO  impl.LeaderElection (LogUtils.java:infoOrTrace(149)) -   Exception 0: {}
java.util.concurrent.ExecutionException: org.apache.ratis.thirdparty.io.grpc.StatusRuntimeException: UNAVAILABLE: io exception
	at java.util.concurrent.FutureTask.report(FutureTask.java:122)
	at java.util.concurrent.FutureTask.get(FutureTask.java:192)
	at org.apache.ratis.server.impl.LeaderElection.waitForResults(LeaderElection.java:259)
	at org.apache.ratis.server.impl.LeaderElection.askForVotes(LeaderElection.java:197)
	at org.apache.ratis.server.impl.LeaderElection.run(LeaderElection.java:133)
	at java.lang.Thread.run(Thread.java:748)
Caused by: org.apache.ratis.thirdparty.io.grpc.StatusRuntimeException: UNAVAILABLE: io exception
	at org.apache.ratis.thirdparty.io.grpc.stub.ClientCalls.toStatusRuntimeException(ClientCalls.java:233)
	at org.apache.ratis.thirdparty.io.grpc.stub.ClientCalls.getUnchecked(ClientCalls.java:214)
	at org.apache.ratis.thirdparty.io.grpc.stub.ClientCalls.blockingUnaryCall(ClientCalls.java:139)
	at org.apache.ratis.proto.grpc.RaftServerProtocolServiceGrpc$RaftServerProtocolServiceBlockingStub.requestVote(RaftServerProtocolServiceGrpc.java:265)
	at org.apache.ratis.grpc.server.GrpcServerProtocolClient.requestVote(GrpcServerProtocolClient.java:99)
	at org.apache.ratis.grpc.server.GrpcService.requestVote(GrpcService.java:204)
	at org.apache.ratis.server.impl.LeaderElection.lambda$submitRequests$1(LeaderElection.java:234)
	at java.util.concurrent.FutureTask.run(FutureTask.java:266)
	at java.util.concurrent.Executors$RunnableAdapter.call(Executors.java:511)
	at java.util.concurrent.FutureTask.run(FutureTask.java:266)
	at java.util.concurrent.ThreadPoolExecutor.runWorker(ThreadPoolExecutor.java:1149)
	at java.util.concurrent.ThreadPoolExecutor$Worker.run(ThreadPoolExecutor.java:624)
	... 1 more
Caused by: org.apache.ratis.thirdparty.io.netty.channel.AbstractChannel$AnnotatedConnectException: Connection refused: /192.168.157.251:42113
	at sun.nio.ch.SocketChannelImpl.checkConnect(Native Method)
	at sun.nio.ch.SocketChannelImpl.finishConnect(SocketChannelImpl.java:717)
	at org.apache.ratis.thirdparty.io.netty.channel.socket.nio.NioSocketChannel.doFinishConnect(NioSocketChannel.java:327)
	at org.apache.ratis.thirdparty.io.netty.channel.nio.AbstractNioChannel$AbstractNioUnsafe.finishConnect(AbstractNioChannel.java:340)
	at org.apache.ratis.thirdparty.io.netty.channel.nio.NioEventLoop.processSelectedKey(NioEventLoop.java:632)
	at org.apache.ratis.thirdparty.io.netty.channel.nio.NioEventLoop.processSelectedKeysOptimized(NioEventLoop.java:579)
	at org.apache.ratis.thirdparty.io.netty.channel.nio.NioEventLoop.processSelectedKeys(NioEventLoop.java:496)
	at org.apache.ratis.thirdparty.io.netty.channel.nio.NioEventLoop.run(NioEventLoop.java:458)
	at org.apache.ratis.thirdparty.io.netty.util.concurrent.SingleThreadEventExecutor$5.run(SingleThreadEventExecutor.java:897)
	at org.apache.ratis.thirdparty.io.netty.util.concurrent.FastThreadLocalRunnable.run(FastThreadLocalRunnable.java:30)
	... 1 more
Caused by: java.net.ConnectException: Connection refused
	... 11 more
2019-10-17 18:51:15,366 [ForkJoinPool.commonPool-worker-0] INFO  handler.ContextHandler (ContextHandler.java:doStop(910)) - Stopped o.e.j.w.WebAppContext@4da6d664{/,null,UNAVAILABLE}{/hddsDatanode}
2019-10-17 18:51:15,366 [a5e79c22-a35f-4e50-b1fd-e91b6a93d74d@group-F775CA5912AC-LeaderElection381] INFO  impl.RaftServerImpl (RaftServerImpl.java:setRole(184)) - a5e79c22-a35f-4e50-b1fd-e91b6a93d74d@group-F775CA5912AC: changes role from CANDIDATE to FOLLOWER at term 212 for DISCOVERED_A_NEW_TERM
2019-10-17 18:51:15,367 [a5e79c22-a35f-4e50-b1fd-e91b6a93d74d@group-F775CA5912AC-LeaderElection381] INFO  impl.RoleInfo (RoleInfo.java:shutdownLeaderElection(134)) - a5e79c22-a35f-4e50-b1fd-e91b6a93d74d: shutdown LeaderElection
2019-10-17 18:51:15,367 [a5e79c22-a35f-4e50-b1fd-e91b6a93d74d@group-F775CA5912AC-LeaderElection381] INFO  impl.RoleInfo (RoleInfo.java:updateAndGet(143)) - a5e79c22-a35f-4e50-b1fd-e91b6a93d74d: start FollowerState
2019-10-17 18:51:15,367 [ForkJoinPool.commonPool-worker-0] INFO  server.AbstractConnector (AbstractConnector.java:doStop(318)) - Stopped ServerConnector@5e5af8e1{HTTP/1.1,[http/1.1]}{0.0.0.0:0}
2019-10-17 18:51:15,369 [ForkJoinPool.commonPool-worker-0] INFO  handler.ContextHandler (ContextHandler.java:doStop(910)) - Stopped o.e.j.s.ServletContextHandler@68d7a2df{/static,jar:file:/home/user/.m2/repository/org/apache/hadoop/hadoop-hdds-container-service/0.5.0-SNAPSHOT/hadoop-hdds-container-service-0.5.0-SNAPSHOT.jar!/webapps/static,UNAVAILABLE}
2019-10-17 18:51:15,371 [ForkJoinPool.commonPool-worker-0] INFO  handler.ContextHandler (ContextHandler.java:doStop(910)) - Stopped o.e.j.s.ServletContextHandler@4b200971{/logs,file:///workdir/hadoop-ozone/integration-test/target/log,UNAVAILABLE}
2019-10-17 18:51:15,372 [0fe4833c-4439-4309-b94b-508419b07a37@group-9D6F8169C5E6-StateMachineUpdater] INFO  ratis.ContainerStateMachine (ContainerStateMachine.java:takeSnapshot(305)) - group-9D6F8169C5E6: Finished taking a snapshot at:(t:7, i:19) file:/workdir/hadoop-ozone/integration-test/target/test-dir/MiniOzoneClusterImpl-1add80d3-0bcb-487c-a891-e654dcc55690/datanode-6/data/ratis/975d0cea-1227-4002-9576-9d6f8169c5e6/sm/snapshot.7_19 time:48
2019-10-17 18:51:15,378 [0fe4833c-4439-4309-b94b-508419b07a37@group-9D6F8169C5E6-StateMachineUpdater] INFO  impl.StateMachineUpdater (StateMachineUpdater.java:takeSnapshot(269)) - 0fe4833c-4439-4309-b94b-508419b07a37@group-9D6F8169C5E6-StateMachineUpdater: Took a snapshot at index 19
2019-10-17 18:51:15,378 [0fe4833c-4439-4309-b94b-508419b07a37@group-9D6F8169C5E6-StateMachineUpdater] INFO  impl.StateMachineUpdater (StateMachineUpdater.java:lambda$new$0(84)) - 0fe4833c-4439-4309-b94b-508419b07a37@group-9D6F8169C5E6-StateMachineUpdater: snapshotIndex: updateIncreasingly -1 -> 19
2019-10-17 18:51:15,396 [main] INFO  impl.RaftServerImpl (ServerState.java:close(388)) - 0fe4833c-4439-4309-b94b-508419b07a37@group-9D6F8169C5E6: closes. applyIndex: 19
2019-10-17 18:51:15,397 [0fe4833c-4439-4309-b94b-508419b07a37@group-9D6F8169C5E6-SegmentedRaftLogWorker] INFO  segmented.SegmentedRaftLogWorker (SegmentedRaftLogWorker.java:run(316)) - 0fe4833c-4439-4309-b94b-508419b07a37@group-9D6F8169C5E6-SegmentedRaftLogWorker was interrupted, exiting. There are 0 tasks remaining in the queue.
2019-10-17 18:51:15,399 [main] INFO  segmented.SegmentedRaftLogWorker (SegmentedRaftLogWorker.java:close(224)) - 0fe4833c-4439-4309-b94b-508419b07a37@group-9D6F8169C5E6-SegmentedRaftLogWorker close()
2019-10-17 18:51:15,402 [main] INFO  server.GrpcService (GrpcService.java:closeImpl(164)) - 0fe4833c-4439-4309-b94b-508419b07a37: shutdown server with port 39398 now
2019-10-17 18:51:15,405 [grpc-default-executor-6] WARN  server.GrpcServerProtocolService (LogUtils.java:warn(134)) - 0fe4833c-4439-4309-b94b-508419b07a37: installSnapshot onError, lastRequest: 8f4f8799-ef18-41e5-9bb8-2f724208e999->0fe4833c-4439-4309-b94b-508419b07a37#78-t7, previous=(t:7, i:19), leaderCommit=19, initializing? false, entries: <empty>: org.apache.ratis.thirdparty.io.grpc.StatusRuntimeException: CANCELLED: cancelled before receiving half close
2019-10-17 18:51:15,405 [main] INFO  server.GrpcService (GrpcService.java:closeImpl(172)) - 0fe4833c-4439-4309-b94b-508419b07a37: shutdown server with port 39398 successfully
2019-10-17 18:51:15,408 [grpc-default-executor-5] WARN  server.GrpcLogAppender (LogUtils.java:warn(134)) - 8f4f8799-ef18-41e5-9bb8-2f724208e999@group-9D6F8169C5E6->0fe4833c-4439-4309-b94b-508419b07a37-AppendLogResponseHandler: Failed appendEntries: org.apache.ratis.thirdparty.io.grpc.StatusRuntimeException: CANCELLED: HTTP/2 error code: CANCEL
Received Rst Stream
2019-10-17 18:51:15,413 [refreshUsed-/workdir/hadoop-ozone/integration-test/target/test-dir/MiniOzoneClusterImpl-1add80d3-0bcb-487c-a891-e654dcc55690/datanode-6/data/containers] WARN  fs.CachingGetSpaceUsed (CachingGetSpaceUsed.java:run(183)) - Thread Interrupted waiting to refresh disk information: sleep interrupted
2019-10-17 18:51:15,430 [main] INFO  utils.BackgroundService (BackgroundService.java:shutdown(151)) - Shutting down service BlockDeletingService
2019-10-17 18:51:15,434 [main] INFO  statemachine.DatanodeStateMachine (DatanodeStateMachine.java:stopDaemon(395)) - Ozone container server stopped.
2019-10-17 18:51:15,435 [main] INFO  handler.ContextHandler (ContextHandler.java:doStop(910)) - Stopped o.e.j.w.WebAppContext@2630dbc4{/,null,UNAVAILABLE}{/hddsDatanode}
2019-10-17 18:51:15,436 [main] INFO  server.AbstractConnector (AbstractConnector.java:doStop(318)) - Stopped ServerConnector@5ea4300e{HTTP/1.1,[http/1.1]}{0.0.0.0:0}
2019-10-17 18:51:15,436 [main] INFO  handler.ContextHandler (ContextHandler.java:doStop(910)) - Stopped o.e.j.s.ServletContextHandler@68b9834c{/static,jar:file:/home/user/.m2/repository/org/apache/hadoop/hadoop-hdds-container-service/0.5.0-SNAPSHOT/hadoop-hdds-container-service-0.5.0-SNAPSHOT.jar!/webapps/static,UNAVAILABLE}
2019-10-17 18:51:15,437 [main] INFO  handler.ContextHandler (ContextHandler.java:doStop(910)) - Stopped o.e.j.s.ServletContextHandler@17fa1336{/logs,file:///workdir/hadoop-ozone/integration-test/target/log,UNAVAILABLE}
2019-10-17 18:51:15,479 [Thread-3017] INFO  impl.FollowerState (FollowerState.java:run(108)) - a5e79c22-a35f-4e50-b1fd-e91b6a93d74d@group-F775CA5912AC-FollowerState: change to CANDIDATE, lastRpcTime:112ms, electionTimeout:112ms
2019-10-17 18:51:15,479 [Thread-3017] INFO  impl.RoleInfo (RoleInfo.java:shutdownFollowerState(121)) - a5e79c22-a35f-4e50-b1fd-e91b6a93d74d: shutdown FollowerState
2019-10-17 18:51:15,480 [Thread-3017] INFO  impl.RaftServerImpl (RaftServerImpl.java:setRole(184)) - a5e79c22-a35f-4e50-b1fd-e91b6a93d74d@group-F775CA5912AC: changes role from  FOLLOWER to CANDIDATE at term 212 for changeToCandidate
2019-10-17 18:51:15,480 [Thread-3017] INFO  impl.RoleInfo (RoleInfo.java:updateAndGet(143)) - a5e79c22-a35f-4e50-b1fd-e91b6a93d74d: start LeaderElection
2019-10-17 18:51:15,494 [a5e79c22-a35f-4e50-b1fd-e91b6a93d74d@group-F775CA5912AC-LeaderElection382] INFO  impl.LeaderElection (LeaderElection.java:askForVotes(178)) - a5e79c22-a35f-4e50-b1fd-e91b6a93d74d@group-F775CA5912AC-LeaderElection382: begin an election at term 213 for -1: [a5e79c22-a35f-4e50-b1fd-e91b6a93d74d:192.168.157.251:45177, daae7813-f814-475d-9647-a302a5541e36:192.168.157.251:45025, 1e4e1375-1b66-460f-8c99-4c341545a119:192.168.157.251:42113], old=null
2019-10-17 18:51:15,496 [a5e79c22-a35f-4e50-b1fd-e91b6a93d74d@group-F775CA5912AC-LeaderElection382] INFO  impl.LeaderElection (LogUtils.java:infoOrTrace(149)) - a5e79c22-a35f-4e50-b1fd-e91b6a93d74d@group-F775CA5912AC-LeaderElection382 got exception when requesting votes: {}
java.util.concurrent.ExecutionException: org.apache.ratis.thirdparty.io.grpc.StatusRuntimeException: UNAVAILABLE: io exception
	at java.util.concurrent.FutureTask.report(FutureTask.java:122)
	at java.util.concurrent.FutureTask.get(FutureTask.java:192)
	at org.apache.ratis.server.impl.LeaderElection.waitForResults(LeaderElection.java:259)
	at org.apache.ratis.server.impl.LeaderElection.askForVotes(LeaderElection.java:197)
	at org.apache.ratis.server.impl.LeaderElection.run(LeaderElection.java:133)
	at java.lang.Thread.run(Thread.java:748)
Caused by: org.apache.ratis.thirdparty.io.grpc.StatusRuntimeException: UNAVAILABLE: io exception
	at org.apache.ratis.thirdparty.io.grpc.stub.ClientCalls.toStatusRuntimeException(ClientCalls.java:233)
	at org.apache.ratis.thirdparty.io.grpc.stub.ClientCalls.getUnchecked(ClientCalls.java:214)
	at org.apache.ratis.thirdparty.io.grpc.stub.ClientCalls.blockingUnaryCall(ClientCalls.java:139)
	at org.apache.ratis.proto.grpc.RaftServerProtocolServiceGrpc$RaftServerProtocolServiceBlockingStub.requestVote(RaftServerProtocolServiceGrpc.java:265)
	at org.apache.ratis.grpc.server.GrpcServerProtocolClient.requestVote(GrpcServerProtocolClient.java:99)
	at org.apache.ratis.grpc.server.GrpcService.requestVote(GrpcService.java:204)
	at org.apache.ratis.server.impl.LeaderElection.lambda$submitRequests$1(LeaderElection.java:234)
	at java.util.concurrent.FutureTask.run(FutureTask.java:266)
	at java.util.concurrent.Executors$RunnableAdapter.call(Executors.java:511)
	at java.util.concurrent.FutureTask.run(FutureTask.java:266)
	at java.util.concurrent.ThreadPoolExecutor.runWorker(ThreadPoolExecutor.java:1149)
	at java.util.concurrent.ThreadPoolExecutor$Worker.run(ThreadPoolExecutor.java:624)
	... 1 more
Caused by: org.apache.ratis.thirdparty.io.netty.channel.AbstractChannel$AnnotatedConnectException: Connection refused: /192.168.157.251:42113
	at sun.nio.ch.SocketChannelImpl.checkConnect(Native Method)
	at sun.nio.ch.SocketChannelImpl.finishConnect(SocketChannelImpl.java:717)
	at org.apache.ratis.thirdparty.io.netty.channel.socket.nio.NioSocketChannel.doFinishConnect(NioSocketChannel.java:327)
	at org.apache.ratis.thirdparty.io.netty.channel.nio.AbstractNioChannel$AbstractNioUnsafe.finishConnect(AbstractNioChannel.java:340)
	at org.apache.ratis.thirdparty.io.netty.channel.nio.NioEventLoop.processSelectedKey(NioEventLoop.java:632)
	at org.apache.ratis.thirdparty.io.netty.channel.nio.NioEventLoop.processSelectedKeysOptimized(NioEventLoop.java:579)
	at org.apache.ratis.thirdparty.io.netty.channel.nio.NioEventLoop.processSelectedKeys(NioEventLoop.java:496)
	at org.apache.ratis.thirdparty.io.netty.channel.nio.NioEventLoop.run(NioEventLoop.java:458)
	at org.apache.ratis.thirdparty.io.netty.util.concurrent.SingleThreadEventExecutor$5.run(SingleThreadEventExecutor.java:897)
	at org.apache.ratis.thirdparty.io.netty.util.concurrent.FastThreadLocalRunnable.run(FastThreadLocalRunnable.java:30)
	... 1 more
Caused by: java.net.ConnectException: Connection refused
	... 11 more
2019-10-17 18:51:15,499 [grpc-default-executor-5] INFO  impl.RaftServerImpl (RaftServerImpl.java:setRole(184)) - daae7813-f814-475d-9647-a302a5541e36@group-F775CA5912AC: changes role from  FOLLOWER to FOLLOWER at term 213 for recognizeCandidate:a5e79c22-a35f-4e50-b1fd-e91b6a93d74d
2019-10-17 18:51:15,499 [grpc-default-executor-5] INFO  impl.RoleInfo (RoleInfo.java:shutdownFollowerState(121)) - daae7813-f814-475d-9647-a302a5541e36: shutdown FollowerState
2019-10-17 18:51:15,499 [grpc-default-executor-5] INFO  impl.RoleInfo (RoleInfo.java:updateAndGet(143)) - daae7813-f814-475d-9647-a302a5541e36: start FollowerState
2019-10-17 18:51:15,499 [Thread-3015] INFO  impl.FollowerState (FollowerState.java:run(117)) - daae7813-f814-475d-9647-a302a5541e36@group-F775CA5912AC-FollowerState was interrupted: java.lang.InterruptedException: sleep interrupted
2019-10-17 18:51:15,573 [a5e79c22-a35f-4e50-b1fd-e91b6a93d74d@group-F775CA5912AC-LeaderElection382] INFO  impl.LeaderElection (LeaderElection.java:logAndReturn(56)) - a5e79c22-a35f-4e50-b1fd-e91b6a93d74d@group-F775CA5912AC-LeaderElection382: Election REJECTED; received 1 response(s) [a5e79c22-a35f-4e50-b1fd-e91b6a93d74d<-daae7813-f814-475d-9647-a302a5541e36#0:FAIL-t213] and 1 exception(s); a5e79c22-a35f-4e50-b1fd-e91b6a93d74d@group-F775CA5912AC:t213, leader=null, voted=a5e79c22-a35f-4e50-b1fd-e91b6a93d74d, raftlog=a5e79c22-a35f-4e50-b1fd-e91b6a93d74d@group-F775CA5912AC-SegmentedRaftLog:OPENED:c-1,f-1,i0, conf=-1: [a5e79c22-a35f-4e50-b1fd-e91b6a93d74d:192.168.157.251:45177, daae7813-f814-475d-9647-a302a5541e36:192.168.157.251:45025, 1e4e1375-1b66-460f-8c99-4c341545a119:192.168.157.251:42113], old=null
2019-10-17 18:51:15,573 [a5e79c22-a35f-4e50-b1fd-e91b6a93d74d@group-F775CA5912AC-LeaderElection382] INFO  impl.LeaderElection (LogUtils.java:infoOrTrace(149)) -   Exception 0: {}
java.util.concurrent.ExecutionException: org.apache.ratis.thirdparty.io.grpc.StatusRuntimeException: UNAVAILABLE: io exception
	at java.util.concurrent.FutureTask.report(FutureTask.java:122)
	at java.util.concurrent.FutureTask.get(FutureTask.java:192)
	at org.apache.ratis.server.impl.LeaderElection.waitForResults(LeaderElection.java:259)
	at org.apache.ratis.server.impl.LeaderElection.askForVotes(LeaderElection.java:197)
	at org.apache.ratis.server.impl.LeaderElection.run(LeaderElection.java:133)
	at java.lang.Thread.run(Thread.java:748)
Caused by: org.apache.ratis.thirdparty.io.grpc.StatusRuntimeException: UNAVAILABLE: io exception
	at org.apache.ratis.thirdparty.io.grpc.stub.ClientCalls.toStatusRuntimeException(ClientCalls.java:233)
	at org.apache.ratis.thirdparty.io.grpc.stub.ClientCalls.getUnchecked(ClientCalls.java:214)
	at org.apache.ratis.thirdparty.io.grpc.stub.ClientCalls.blockingUnaryCall(ClientCalls.java:139)
	at org.apache.ratis.proto.grpc.RaftServerProtocolServiceGrpc$RaftServerProtocolServiceBlockingStub.requestVote(RaftServerProtocolServiceGrpc.java:265)
	at org.apache.ratis.grpc.server.GrpcServerProtocolClient.requestVote(GrpcServerProtocolClient.java:99)
	at org.apache.ratis.grpc.server.GrpcService.requestVote(GrpcService.java:204)
	at org.apache.ratis.server.impl.LeaderElection.lambda$submitRequests$1(LeaderElection.java:234)
	at java.util.concurrent.FutureTask.run(FutureTask.java:266)
	at java.util.concurrent.Executors$RunnableAdapter.call(Executors.java:511)
	at java.util.concurrent.FutureTask.run(FutureTask.java:266)
	at java.util.concurrent.ThreadPoolExecutor.runWorker(ThreadPoolExecutor.java:1149)
	at java.util.concurrent.ThreadPoolExecutor$Worker.run(ThreadPoolExecutor.java:624)
	... 1 more
Caused by: org.apache.ratis.thirdparty.io.netty.channel.AbstractChannel$AnnotatedConnectException: Connection refused: /192.168.157.251:42113
	at sun.nio.ch.SocketChannelImpl.checkConnect(Native Method)
	at sun.nio.ch.SocketChannelImpl.finishConnect(SocketChannelImpl.java:717)
	at org.apache.ratis.thirdparty.io.netty.channel.socket.nio.NioSocketChannel.doFinishConnect(NioSocketChannel.java:327)
	at org.apache.ratis.thirdparty.io.netty.channel.nio.AbstractNioChannel$AbstractNioUnsafe.finishConnect(AbstractNioChannel.java:340)
	at org.apache.ratis.thirdparty.io.netty.channel.nio.NioEventLoop.processSelectedKey(NioEventLoop.java:632)
	at org.apache.ratis.thirdparty.io.netty.channel.nio.NioEventLoop.processSelectedKeysOptimized(NioEventLoop.java:579)
	at org.apache.ratis.thirdparty.io.netty.channel.nio.NioEventLoop.processSelectedKeys(NioEventLoop.java:496)
	at org.apache.ratis.thirdparty.io.netty.channel.nio.NioEventLoop.run(NioEventLoop.java:458)
	at org.apache.ratis.thirdparty.io.netty.util.concurrent.SingleThreadEventExecutor$5.run(SingleThreadEventExecutor.java:897)
	at org.apache.ratis.thirdparty.io.netty.util.concurrent.FastThreadLocalRunnable.run(FastThreadLocalRunnable.java:30)
	... 1 more
Caused by: java.net.ConnectException: Connection refused
	... 11 more
2019-10-17 18:51:15,574 [a5e79c22-a35f-4e50-b1fd-e91b6a93d74d@group-F775CA5912AC-LeaderElection382] INFO  impl.RaftServerImpl (RaftServerImpl.java:setRole(184)) - a5e79c22-a35f-4e50-b1fd-e91b6a93d74d@group-F775CA5912AC: changes role from CANDIDATE to FOLLOWER at term 213 for DISCOVERED_A_NEW_TERM
2019-10-17 18:51:15,574 [a5e79c22-a35f-4e50-b1fd-e91b6a93d74d@group-F775CA5912AC-LeaderElection382] INFO  impl.RoleInfo (RoleInfo.java:shutdownLeaderElection(134)) - a5e79c22-a35f-4e50-b1fd-e91b6a93d74d: shutdown LeaderElection
2019-10-17 18:51:15,575 [a5e79c22-a35f-4e50-b1fd-e91b6a93d74d@group-F775CA5912AC-LeaderElection382] INFO  impl.RoleInfo (RoleInfo.java:updateAndGet(143)) - a5e79c22-a35f-4e50-b1fd-e91b6a93d74d: start FollowerState
2019-10-17 18:51:15,765 [Thread-3022] INFO  impl.FollowerState (FollowerState.java:run(108)) - a5e79c22-a35f-4e50-b1fd-e91b6a93d74d@group-F775CA5912AC-FollowerState: change to CANDIDATE, lastRpcTime:190ms, electionTimeout:190ms
2019-10-17 18:51:15,765 [Thread-3022] INFO  impl.RoleInfo (RoleInfo.java:shutdownFollowerState(121)) - a5e79c22-a35f-4e50-b1fd-e91b6a93d74d: shutdown FollowerState
2019-10-17 18:51:15,766 [Thread-3022] INFO  impl.RaftServerImpl (RaftServerImpl.java:setRole(184)) - a5e79c22-a35f-4e50-b1fd-e91b6a93d74d@group-F775CA5912AC: changes role from  FOLLOWER to CANDIDATE at term 213 for changeToCandidate
2019-10-17 18:51:15,766 [Thread-3022] INFO  impl.RoleInfo (RoleInfo.java:updateAndGet(143)) - a5e79c22-a35f-4e50-b1fd-e91b6a93d74d: start LeaderElection
2019-10-17 18:51:15,839 [a5e79c22-a35f-4e50-b1fd-e91b6a93d74d@group-F775CA5912AC-LeaderElection383] INFO  impl.LeaderElection (LeaderElection.java:askForVotes(178)) - a5e79c22-a35f-4e50-b1fd-e91b6a93d74d@group-F775CA5912AC-LeaderElection383: begin an election at term 214 for -1: [a5e79c22-a35f-4e50-b1fd-e91b6a93d74d:192.168.157.251:45177, daae7813-f814-475d-9647-a302a5541e36:192.168.157.251:45025, 1e4e1375-1b66-460f-8c99-4c341545a119:192.168.157.251:42113], old=null
2019-10-17 18:51:15,840 [a5e79c22-a35f-4e50-b1fd-e91b6a93d74d@group-F775CA5912AC-LeaderElection383] INFO  impl.LeaderElection (LogUtils.java:infoOrTrace(149)) - a5e79c22-a35f-4e50-b1fd-e91b6a93d74d@group-F775CA5912AC-LeaderElection383 got exception when requesting votes: {}
java.util.concurrent.ExecutionException: org.apache.ratis.thirdparty.io.grpc.StatusRuntimeException: UNAVAILABLE: io exception
	at java.util.concurrent.FutureTask.report(FutureTask.java:122)
	at java.util.concurrent.FutureTask.get(FutureTask.java:192)
	at org.apache.ratis.server.impl.LeaderElection.waitForResults(LeaderElection.java:259)
	at org.apache.ratis.server.impl.LeaderElection.askForVotes(LeaderElection.java:197)
	at org.apache.ratis.server.impl.LeaderElection.run(LeaderElection.java:133)
	at java.lang.Thread.run(Thread.java:748)
Caused by: org.apache.ratis.thirdparty.io.grpc.StatusRuntimeException: UNAVAILABLE: io exception
	at org.apache.ratis.thirdparty.io.grpc.stub.ClientCalls.toStatusRuntimeException(ClientCalls.java:233)
	at org.apache.ratis.thirdparty.io.grpc.stub.ClientCalls.getUnchecked(ClientCalls.java:214)
	at org.apache.ratis.thirdparty.io.grpc.stub.ClientCalls.blockingUnaryCall(ClientCalls.java:139)
	at org.apache.ratis.proto.grpc.RaftServerProtocolServiceGrpc$RaftServerProtocolServiceBlockingStub.requestVote(RaftServerProtocolServiceGrpc.java:265)
	at org.apache.ratis.grpc.server.GrpcServerProtocolClient.requestVote(GrpcServerProtocolClient.java:99)
	at org.apache.ratis.grpc.server.GrpcService.requestVote(GrpcService.java:204)
	at org.apache.ratis.server.impl.LeaderElection.lambda$submitRequests$1(LeaderElection.java:234)
	at java.util.concurrent.FutureTask.run(FutureTask.java:266)
	at java.util.concurrent.Executors$RunnableAdapter.call(Executors.java:511)
	at java.util.concurrent.FutureTask.run(FutureTask.java:266)
	at java.util.concurrent.ThreadPoolExecutor.runWorker(ThreadPoolExecutor.java:1149)
	at java.util.concurrent.ThreadPoolExecutor$Worker.run(ThreadPoolExecutor.java:624)
	... 1 more
Caused by: org.apache.ratis.thirdparty.io.netty.channel.AbstractChannel$AnnotatedConnectException: Connection refused: /192.168.157.251:42113
	at sun.nio.ch.SocketChannelImpl.checkConnect(Native Method)
	at sun.nio.ch.SocketChannelImpl.finishConnect(SocketChannelImpl.java:717)
	at org.apache.ratis.thirdparty.io.netty.channel.socket.nio.NioSocketChannel.doFinishConnect(NioSocketChannel.java:327)
	at org.apache.ratis.thirdparty.io.netty.channel.nio.AbstractNioChannel$AbstractNioUnsafe.finishConnect(AbstractNioChannel.java:340)
	at org.apache.ratis.thirdparty.io.netty.channel.nio.NioEventLoop.processSelectedKey(NioEventLoop.java:632)
	at org.apache.ratis.thirdparty.io.netty.channel.nio.NioEventLoop.processSelectedKeysOptimized(NioEventLoop.java:579)
	at org.apache.ratis.thirdparty.io.netty.channel.nio.NioEventLoop.processSelectedKeys(NioEventLoop.java:496)
	at org.apache.ratis.thirdparty.io.netty.channel.nio.NioEventLoop.run(NioEventLoop.java:458)
	at org.apache.ratis.thirdparty.io.netty.util.concurrent.SingleThreadEventExecutor$5.run(SingleThreadEventExecutor.java:897)
	at org.apache.ratis.thirdparty.io.netty.util.concurrent.FastThreadLocalRunnable.run(FastThreadLocalRunnable.java:30)
	... 1 more
Caused by: java.net.ConnectException: Connection refused
	... 11 more
2019-10-17 18:51:15,843 [grpc-default-executor-5] INFO  impl.RaftServerImpl (RaftServerImpl.java:setRole(184)) - daae7813-f814-475d-9647-a302a5541e36@group-F775CA5912AC: changes role from  FOLLOWER to FOLLOWER at term 214 for recognizeCandidate:a5e79c22-a35f-4e50-b1fd-e91b6a93d74d
2019-10-17 18:51:15,844 [grpc-default-executor-5] INFO  impl.RoleInfo (RoleInfo.java:shutdownFollowerState(121)) - daae7813-f814-475d-9647-a302a5541e36: shutdown FollowerState
2019-10-17 18:51:15,844 [grpc-default-executor-5] INFO  impl.RoleInfo (RoleInfo.java:updateAndGet(143)) - daae7813-f814-475d-9647-a302a5541e36: start FollowerState
2019-10-17 18:51:15,844 [Thread-3021] INFO  impl.FollowerState (FollowerState.java:run(117)) - daae7813-f814-475d-9647-a302a5541e36@group-F775CA5912AC-FollowerState was interrupted: java.lang.InterruptedException: sleep interrupted
2019-10-17 18:51:15,887 [a5e79c22-a35f-4e50-b1fd-e91b6a93d74d@group-F775CA5912AC-LeaderElection383] INFO  impl.LeaderElection (LeaderElection.java:logAndReturn(56)) - a5e79c22-a35f-4e50-b1fd-e91b6a93d74d@group-F775CA5912AC-LeaderElection383: Election REJECTED; received 1 response(s) [a5e79c22-a35f-4e50-b1fd-e91b6a93d74d<-daae7813-f814-475d-9647-a302a5541e36#0:FAIL-t214] and 1 exception(s); a5e79c22-a35f-4e50-b1fd-e91b6a93d74d@group-F775CA5912AC:t214, leader=null, voted=a5e79c22-a35f-4e50-b1fd-e91b6a93d74d, raftlog=a5e79c22-a35f-4e50-b1fd-e91b6a93d74d@group-F775CA5912AC-SegmentedRaftLog:OPENED:c-1,f-1,i0, conf=-1: [a5e79c22-a35f-4e50-b1fd-e91b6a93d74d:192.168.157.251:45177, daae7813-f814-475d-9647-a302a5541e36:192.168.157.251:45025, 1e4e1375-1b66-460f-8c99-4c341545a119:192.168.157.251:42113], old=null
2019-10-17 18:51:15,887 [a5e79c22-a35f-4e50-b1fd-e91b6a93d74d@group-F775CA5912AC-LeaderElection383] INFO  impl.LeaderElection (LogUtils.java:infoOrTrace(149)) -   Exception 0: {}
java.util.concurrent.ExecutionException: org.apache.ratis.thirdparty.io.grpc.StatusRuntimeException: UNAVAILABLE: io exception
	at java.util.concurrent.FutureTask.report(FutureTask.java:122)
	at java.util.concurrent.FutureTask.get(FutureTask.java:192)
	at org.apache.ratis.server.impl.LeaderElection.waitForResults(LeaderElection.java:259)
	at org.apache.ratis.server.impl.LeaderElection.askForVotes(LeaderElection.java:197)
	at org.apache.ratis.server.impl.LeaderElection.run(LeaderElection.java:133)
	at java.lang.Thread.run(Thread.java:748)
Caused by: org.apache.ratis.thirdparty.io.grpc.StatusRuntimeException: UNAVAILABLE: io exception
	at org.apache.ratis.thirdparty.io.grpc.stub.ClientCalls.toStatusRuntimeException(ClientCalls.java:233)
	at org.apache.ratis.thirdparty.io.grpc.stub.ClientCalls.getUnchecked(ClientCalls.java:214)
	at org.apache.ratis.thirdparty.io.grpc.stub.ClientCalls.blockingUnaryCall(ClientCalls.java:139)
	at org.apache.ratis.proto.grpc.RaftServerProtocolServiceGrpc$RaftServerProtocolServiceBlockingStub.requestVote(RaftServerProtocolServiceGrpc.java:265)
	at org.apache.ratis.grpc.server.GrpcServerProtocolClient.requestVote(GrpcServerProtocolClient.java:99)
	at org.apache.ratis.grpc.server.GrpcService.requestVote(GrpcService.java:204)
	at org.apache.ratis.server.impl.LeaderElection.lambda$submitRequests$1(LeaderElection.java:234)
	at java.util.concurrent.FutureTask.run(FutureTask.java:266)
	at java.util.concurrent.Executors$RunnableAdapter.call(Executors.java:511)
	at java.util.concurrent.FutureTask.run(FutureTask.java:266)
	at java.util.concurrent.ThreadPoolExecutor.runWorker(ThreadPoolExecutor.java:1149)
	at java.util.concurrent.ThreadPoolExecutor$Worker.run(ThreadPoolExecutor.java:624)
	... 1 more
Caused by: org.apache.ratis.thirdparty.io.netty.channel.AbstractChannel$AnnotatedConnectException: Connection refused: /192.168.157.251:42113
	at sun.nio.ch.SocketChannelImpl.checkConnect(Native Method)
	at sun.nio.ch.SocketChannelImpl.finishConnect(SocketChannelImpl.java:717)
	at org.apache.ratis.thirdparty.io.netty.channel.socket.nio.NioSocketChannel.doFinishConnect(NioSocketChannel.java:327)
	at org.apache.ratis.thirdparty.io.netty.channel.nio.AbstractNioChannel$AbstractNioUnsafe.finishConnect(AbstractNioChannel.java:340)
	at org.apache.ratis.thirdparty.io.netty.channel.nio.NioEventLoop.processSelectedKey(NioEventLoop.java:632)
	at org.apache.ratis.thirdparty.io.netty.channel.nio.NioEventLoop.processSelectedKeysOptimized(NioEventLoop.java:579)
	at org.apache.ratis.thirdparty.io.netty.channel.nio.NioEventLoop.processSelectedKeys(NioEventLoop.java:496)
	at org.apache.ratis.thirdparty.io.netty.channel.nio.NioEventLoop.run(NioEventLoop.java:458)
	at org.apache.ratis.thirdparty.io.netty.util.concurrent.SingleThreadEventExecutor$5.run(SingleThreadEventExecutor.java:897)
	at org.apache.ratis.thirdparty.io.netty.util.concurrent.FastThreadLocalRunnable.run(FastThreadLocalRunnable.java:30)
	... 1 more
Caused by: java.net.ConnectException: Connection refused
	... 11 more
2019-10-17 18:51:15,888 [a5e79c22-a35f-4e50-b1fd-e91b6a93d74d@group-F775CA5912AC-LeaderElection383] INFO  impl.RaftServerImpl (RaftServerImpl.java:setRole(184)) - a5e79c22-a35f-4e50-b1fd-e91b6a93d74d@group-F775CA5912AC: changes role from CANDIDATE to FOLLOWER at term 214 for DISCOVERED_A_NEW_TERM
2019-10-17 18:51:15,888 [a5e79c22-a35f-4e50-b1fd-e91b6a93d74d@group-F775CA5912AC-LeaderElection383] INFO  impl.RoleInfo (RoleInfo.java:shutdownLeaderElection(134)) - a5e79c22-a35f-4e50-b1fd-e91b6a93d74d: shutdown LeaderElection
2019-10-17 18:51:15,888 [a5e79c22-a35f-4e50-b1fd-e91b6a93d74d@group-F775CA5912AC-LeaderElection383] INFO  impl.RoleInfo (RoleInfo.java:updateAndGet(143)) - a5e79c22-a35f-4e50-b1fd-e91b6a93d74d: start FollowerState
2019-10-17 18:51:15,926 [Datanode State Machine Thread - 0] INFO  statemachine.DatanodeStateMachine (DatanodeStateMachine.java:lambda$startDaemon$0(350)) - Ozone container server started.
2019-10-17 18:51:16,059 [Thread-3028] INFO  impl.FollowerState (FollowerState.java:run(108)) - a5e79c22-a35f-4e50-b1fd-e91b6a93d74d@group-F775CA5912AC-FollowerState: change to CANDIDATE, lastRpcTime:171ms, electionTimeout:171ms
2019-10-17 18:51:16,060 [Thread-3028] INFO  impl.RoleInfo (RoleInfo.java:shutdownFollowerState(121)) - a5e79c22-a35f-4e50-b1fd-e91b6a93d74d: shutdown FollowerState
2019-10-17 18:51:16,060 [Thread-3028] INFO  impl.RaftServerImpl (RaftServerImpl.java:setRole(184)) - a5e79c22-a35f-4e50-b1fd-e91b6a93d74d@group-F775CA5912AC: changes role from  FOLLOWER to CANDIDATE at term 214 for changeToCandidate
2019-10-17 18:51:16,060 [Thread-3028] INFO  impl.RoleInfo (RoleInfo.java:updateAndGet(143)) - a5e79c22-a35f-4e50-b1fd-e91b6a93d74d: start LeaderElection
2019-10-17 18:51:16,083 [a5e79c22-a35f-4e50-b1fd-e91b6a93d74d@group-F775CA5912AC-LeaderElection384] INFO  impl.LeaderElection (LeaderElection.java:askForVotes(178)) - a5e79c22-a35f-4e50-b1fd-e91b6a93d74d@group-F775CA5912AC-LeaderElection384: begin an election at term 215 for -1: [a5e79c22-a35f-4e50-b1fd-e91b6a93d74d:192.168.157.251:45177, daae7813-f814-475d-9647-a302a5541e36:192.168.157.251:45025, 1e4e1375-1b66-460f-8c99-4c341545a119:192.168.157.251:42113], old=null
2019-10-17 18:51:16,085 [a5e79c22-a35f-4e50-b1fd-e91b6a93d74d@group-F775CA5912AC-LeaderElection384] INFO  impl.LeaderElection (LogUtils.java:infoOrTrace(149)) - a5e79c22-a35f-4e50-b1fd-e91b6a93d74d@group-F775CA5912AC-LeaderElection384 got exception when requesting votes: {}
java.util.concurrent.ExecutionException: org.apache.ratis.thirdparty.io.grpc.StatusRuntimeException: UNAVAILABLE: io exception
	at java.util.concurrent.FutureTask.report(FutureTask.java:122)
	at java.util.concurrent.FutureTask.get(FutureTask.java:192)
	at org.apache.ratis.server.impl.LeaderElection.waitForResults(LeaderElection.java:259)
	at org.apache.ratis.server.impl.LeaderElection.askForVotes(LeaderElection.java:197)
	at org.apache.ratis.server.impl.LeaderElection.run(LeaderElection.java:133)
	at java.lang.Thread.run(Thread.java:748)
Caused by: org.apache.ratis.thirdparty.io.grpc.StatusRuntimeException: UNAVAILABLE: io exception
	at org.apache.ratis.thirdparty.io.grpc.stub.ClientCalls.toStatusRuntimeException(ClientCalls.java:233)
	at org.apache.ratis.thirdparty.io.grpc.stub.ClientCalls.getUnchecked(ClientCalls.java:214)
	at org.apache.ratis.thirdparty.io.grpc.stub.ClientCalls.blockingUnaryCall(ClientCalls.java:139)
	at org.apache.ratis.proto.grpc.RaftServerProtocolServiceGrpc$RaftServerProtocolServiceBlockingStub.requestVote(RaftServerProtocolServiceGrpc.java:265)
	at org.apache.ratis.grpc.server.GrpcServerProtocolClient.requestVote(GrpcServerProtocolClient.java:99)
	at org.apache.ratis.grpc.server.GrpcService.requestVote(GrpcService.java:204)
	at org.apache.ratis.server.impl.LeaderElection.lambda$submitRequests$1(LeaderElection.java:234)
	at java.util.concurrent.FutureTask.run(FutureTask.java:266)
	at java.util.concurrent.Executors$RunnableAdapter.call(Executors.java:511)
	at java.util.concurrent.FutureTask.run(FutureTask.java:266)
	at java.util.concurrent.ThreadPoolExecutor.runWorker(ThreadPoolExecutor.java:1149)
	at java.util.concurrent.ThreadPoolExecutor$Worker.run(ThreadPoolExecutor.java:624)
	... 1 more
Caused by: org.apache.ratis.thirdparty.io.netty.channel.AbstractChannel$AnnotatedConnectException: Connection refused: /192.168.157.251:42113
	at sun.nio.ch.SocketChannelImpl.checkConnect(Native Method)
	at sun.nio.ch.SocketChannelImpl.finishConnect(SocketChannelImpl.java:717)
	at org.apache.ratis.thirdparty.io.netty.channel.socket.nio.NioSocketChannel.doFinishConnect(NioSocketChannel.java:327)
	at org.apache.ratis.thirdparty.io.netty.channel.nio.AbstractNioChannel$AbstractNioUnsafe.finishConnect(AbstractNioChannel.java:340)
	at org.apache.ratis.thirdparty.io.netty.channel.nio.NioEventLoop.processSelectedKey(NioEventLoop.java:632)
	at org.apache.ratis.thirdparty.io.netty.channel.nio.NioEventLoop.processSelectedKeysOptimized(NioEventLoop.java:579)
	at org.apache.ratis.thirdparty.io.netty.channel.nio.NioEventLoop.processSelectedKeys(NioEventLoop.java:496)
	at org.apache.ratis.thirdparty.io.netty.channel.nio.NioEventLoop.run(NioEventLoop.java:458)
	at org.apache.ratis.thirdparty.io.netty.util.concurrent.SingleThreadEventExecutor$5.run(SingleThreadEventExecutor.java:897)
	at org.apache.ratis.thirdparty.io.netty.util.concurrent.FastThreadLocalRunnable.run(FastThreadLocalRunnable.java:30)
	... 1 more
Caused by: java.net.ConnectException: Connection refused
	... 11 more
2019-10-17 18:51:16,088 [grpc-default-executor-5] INFO  impl.RaftServerImpl (RaftServerImpl.java:setRole(184)) - daae7813-f814-475d-9647-a302a5541e36@group-F775CA5912AC: changes role from  FOLLOWER to FOLLOWER at term 215 for recognizeCandidate:a5e79c22-a35f-4e50-b1fd-e91b6a93d74d
2019-10-17 18:51:16,088 [grpc-default-executor-5] INFO  impl.RoleInfo (RoleInfo.java:shutdownFollowerState(121)) - daae7813-f814-475d-9647-a302a5541e36: shutdown FollowerState
2019-10-17 18:51:16,088 [grpc-default-executor-5] INFO  impl.RoleInfo (RoleInfo.java:updateAndGet(143)) - daae7813-f814-475d-9647-a302a5541e36: start FollowerState
2019-10-17 18:51:16,088 [Thread-3026] INFO  impl.FollowerState (FollowerState.java:run(117)) - daae7813-f814-475d-9647-a302a5541e36@group-F775CA5912AC-FollowerState was interrupted: java.lang.InterruptedException: sleep interrupted
2019-10-17 18:51:16,093 [a5e79c22-a35f-4e50-b1fd-e91b6a93d74d@group-F775CA5912AC-LeaderElection384] INFO  impl.LeaderElection (LeaderElection.java:logAndReturn(56)) - a5e79c22-a35f-4e50-b1fd-e91b6a93d74d@group-F775CA5912AC-LeaderElection384: Election TIMEOUT; received 0 response(s) [] and 1 exception(s); a5e79c22-a35f-4e50-b1fd-e91b6a93d74d@group-F775CA5912AC:t215, leader=null, voted=a5e79c22-a35f-4e50-b1fd-e91b6a93d74d, raftlog=a5e79c22-a35f-4e50-b1fd-e91b6a93d74d@group-F775CA5912AC-SegmentedRaftLog:OPENED:c-1,f-1,i0, conf=-1: [a5e79c22-a35f-4e50-b1fd-e91b6a93d74d:192.168.157.251:45177, daae7813-f814-475d-9647-a302a5541e36:192.168.157.251:45025, 1e4e1375-1b66-460f-8c99-4c341545a119:192.168.157.251:42113], old=null
2019-10-17 18:51:16,093 [a5e79c22-a35f-4e50-b1fd-e91b6a93d74d@group-F775CA5912AC-LeaderElection384] INFO  impl.LeaderElection (LogUtils.java:infoOrTrace(149)) -   Exception 0: {}
java.util.concurrent.ExecutionException: org.apache.ratis.thirdparty.io.grpc.StatusRuntimeException: UNAVAILABLE: io exception
	at java.util.concurrent.FutureTask.report(FutureTask.java:122)
	at java.util.concurrent.FutureTask.get(FutureTask.java:192)
	at org.apache.ratis.server.impl.LeaderElection.waitForResults(LeaderElection.java:259)
	at org.apache.ratis.server.impl.LeaderElection.askForVotes(LeaderElection.java:197)
	at org.apache.ratis.server.impl.LeaderElection.run(LeaderElection.java:133)
	at java.lang.Thread.run(Thread.java:748)
Caused by: org.apache.ratis.thirdparty.io.grpc.StatusRuntimeException: UNAVAILABLE: io exception
	at org.apache.ratis.thirdparty.io.grpc.stub.ClientCalls.toStatusRuntimeException(ClientCalls.java:233)
	at org.apache.ratis.thirdparty.io.grpc.stub.ClientCalls.getUnchecked(ClientCalls.java:214)
	at org.apache.ratis.thirdparty.io.grpc.stub.ClientCalls.blockingUnaryCall(ClientCalls.java:139)
	at org.apache.ratis.proto.grpc.RaftServerProtocolServiceGrpc$RaftServerProtocolServiceBlockingStub.requestVote(RaftServerProtocolServiceGrpc.java:265)
	at org.apache.ratis.grpc.server.GrpcServerProtocolClient.requestVote(GrpcServerProtocolClient.java:99)
	at org.apache.ratis.grpc.server.GrpcService.requestVote(GrpcService.java:204)
	at org.apache.ratis.server.impl.LeaderElection.lambda$submitRequests$1(LeaderElection.java:234)
	at java.util.concurrent.FutureTask.run(FutureTask.java:266)
	at java.util.concurrent.Executors$RunnableAdapter.call(Executors.java:511)
	at java.util.concurrent.FutureTask.run(FutureTask.java:266)
	at java.util.concurrent.ThreadPoolExecutor.runWorker(ThreadPoolExecutor.java:1149)
	at java.util.concurrent.ThreadPoolExecutor$Worker.run(ThreadPoolExecutor.java:624)
	... 1 more
Caused by: org.apache.ratis.thirdparty.io.netty.channel.AbstractChannel$AnnotatedConnectException: Connection refused: /192.168.157.251:42113
	at sun.nio.ch.SocketChannelImpl.checkConnect(Native Method)
	at sun.nio.ch.SocketChannelImpl.finishConnect(SocketChannelImpl.java:717)
	at org.apache.ratis.thirdparty.io.netty.channel.socket.nio.NioSocketChannel.doFinishConnect(NioSocketChannel.java:327)
	at org.apache.ratis.thirdparty.io.netty.channel.nio.AbstractNioChannel$AbstractNioUnsafe.finishConnect(AbstractNioChannel.java:340)
	at org.apache.ratis.thirdparty.io.netty.channel.nio.NioEventLoop.processSelectedKey(NioEventLoop.java:632)
	at org.apache.ratis.thirdparty.io.netty.channel.nio.NioEventLoop.processSelectedKeysOptimized(NioEventLoop.java:579)
	at org.apache.ratis.thirdparty.io.netty.channel.nio.NioEventLoop.processSelectedKeys(NioEventLoop.java:496)
	at org.apache.ratis.thirdparty.io.netty.channel.nio.NioEventLoop.run(NioEventLoop.java:458)
	at org.apache.ratis.thirdparty.io.netty.util.concurrent.SingleThreadEventExecutor$5.run(SingleThreadEventExecutor.java:897)
	at org.apache.ratis.thirdparty.io.netty.util.concurrent.FastThreadLocalRunnable.run(FastThreadLocalRunnable.java:30)
	... 1 more
Caused by: java.net.ConnectException: Connection refused
	... 11 more
2019-10-17 18:51:16,158 [a5e79c22-a35f-4e50-b1fd-e91b6a93d74d@group-F775CA5912AC-LeaderElection384] INFO  impl.LeaderElection (LeaderElection.java:askForVotes(178)) - a5e79c22-a35f-4e50-b1fd-e91b6a93d74d@group-F775CA5912AC-LeaderElection384: begin an election at term 216 for -1: [a5e79c22-a35f-4e50-b1fd-e91b6a93d74d:192.168.157.251:45177, daae7813-f814-475d-9647-a302a5541e36:192.168.157.251:45025, 1e4e1375-1b66-460f-8c99-4c341545a119:192.168.157.251:42113], old=null
2019-10-17 18:51:16,159 [a5e79c22-a35f-4e50-b1fd-e91b6a93d74d@group-F775CA5912AC-LeaderElection384] INFO  impl.LeaderElection (LogUtils.java:infoOrTrace(149)) - a5e79c22-a35f-4e50-b1fd-e91b6a93d74d@group-F775CA5912AC-LeaderElection384 got exception when requesting votes: {}
java.util.concurrent.ExecutionException: org.apache.ratis.thirdparty.io.grpc.StatusRuntimeException: UNAVAILABLE: io exception
	at java.util.concurrent.FutureTask.report(FutureTask.java:122)
	at java.util.concurrent.FutureTask.get(FutureTask.java:192)
	at org.apache.ratis.server.impl.LeaderElection.waitForResults(LeaderElection.java:259)
	at org.apache.ratis.server.impl.LeaderElection.askForVotes(LeaderElection.java:197)
	at org.apache.ratis.server.impl.LeaderElection.run(LeaderElection.java:133)
	at java.lang.Thread.run(Thread.java:748)
Caused by: org.apache.ratis.thirdparty.io.grpc.StatusRuntimeException: UNAVAILABLE: io exception
	at org.apache.ratis.thirdparty.io.grpc.stub.ClientCalls.toStatusRuntimeException(ClientCalls.java:233)
	at org.apache.ratis.thirdparty.io.grpc.stub.ClientCalls.getUnchecked(ClientCalls.java:214)
	at org.apache.ratis.thirdparty.io.grpc.stub.ClientCalls.blockingUnaryCall(ClientCalls.java:139)
	at org.apache.ratis.proto.grpc.RaftServerProtocolServiceGrpc$RaftServerProtocolServiceBlockingStub.requestVote(RaftServerProtocolServiceGrpc.java:265)
	at org.apache.ratis.grpc.server.GrpcServerProtocolClient.requestVote(GrpcServerProtocolClient.java:99)
	at org.apache.ratis.grpc.server.GrpcService.requestVote(GrpcService.java:204)
	at org.apache.ratis.server.impl.LeaderElection.lambda$submitRequests$1(LeaderElection.java:234)
	at java.util.concurrent.FutureTask.run(FutureTask.java:266)
	at java.util.concurrent.Executors$RunnableAdapter.call(Executors.java:511)
	at java.util.concurrent.FutureTask.run(FutureTask.java:266)
	at java.util.concurrent.ThreadPoolExecutor.runWorker(ThreadPoolExecutor.java:1149)
	at java.util.concurrent.ThreadPoolExecutor$Worker.run(ThreadPoolExecutor.java:624)
	... 1 more
Caused by: org.apache.ratis.thirdparty.io.netty.channel.AbstractChannel$AnnotatedConnectException: Connection refused: /192.168.157.251:42113
	at sun.nio.ch.SocketChannelImpl.checkConnect(Native Method)
	at sun.nio.ch.SocketChannelImpl.finishConnect(SocketChannelImpl.java:717)
	at org.apache.ratis.thirdparty.io.netty.channel.socket.nio.NioSocketChannel.doFinishConnect(NioSocketChannel.java:327)
	at org.apache.ratis.thirdparty.io.netty.channel.nio.AbstractNioChannel$AbstractNioUnsafe.finishConnect(AbstractNioChannel.java:340)
	at org.apache.ratis.thirdparty.io.netty.channel.nio.NioEventLoop.processSelectedKey(NioEventLoop.java:632)
	at org.apache.ratis.thirdparty.io.netty.channel.nio.NioEventLoop.processSelectedKeysOptimized(NioEventLoop.java:579)
	at org.apache.ratis.thirdparty.io.netty.channel.nio.NioEventLoop.processSelectedKeys(NioEventLoop.java:496)
	at org.apache.ratis.thirdparty.io.netty.channel.nio.NioEventLoop.run(NioEventLoop.java:458)
	at org.apache.ratis.thirdparty.io.netty.util.concurrent.SingleThreadEventExecutor$5.run(SingleThreadEventExecutor.java:897)
	at org.apache.ratis.thirdparty.io.netty.util.concurrent.FastThreadLocalRunnable.run(FastThreadLocalRunnable.java:30)
	... 1 more
Caused by: java.net.ConnectException: Connection refused
	... 11 more
2019-10-17 18:51:16,161 [grpc-default-executor-5] INFO  impl.RaftServerImpl (RaftServerImpl.java:setRole(184)) - daae7813-f814-475d-9647-a302a5541e36@group-F775CA5912AC: changes role from  FOLLOWER to FOLLOWER at term 216 for recognizeCandidate:a5e79c22-a35f-4e50-b1fd-e91b6a93d74d
2019-10-17 18:51:16,162 [grpc-default-executor-5] INFO  impl.RoleInfo (RoleInfo.java:shutdownFollowerState(121)) - daae7813-f814-475d-9647-a302a5541e36: shutdown FollowerState
2019-10-17 18:51:16,162 [grpc-default-executor-5] INFO  impl.RoleInfo (RoleInfo.java:updateAndGet(143)) - daae7813-f814-475d-9647-a302a5541e36: start FollowerState
2019-10-17 18:51:16,162 [Thread-3032] INFO  impl.FollowerState (FollowerState.java:run(117)) - daae7813-f814-475d-9647-a302a5541e36@group-F775CA5912AC-FollowerState was interrupted: java.lang.InterruptedException: sleep interrupted
2019-10-17 18:51:16,172 [a5e79c22-a35f-4e50-b1fd-e91b6a93d74d@group-F775CA5912AC-LeaderElection384] INFO  impl.LeaderElection (LeaderElection.java:logAndReturn(56)) - a5e79c22-a35f-4e50-b1fd-e91b6a93d74d@group-F775CA5912AC-LeaderElection384: Election REJECTED; received 1 response(s) [a5e79c22-a35f-4e50-b1fd-e91b6a93d74d<-daae7813-f814-475d-9647-a302a5541e36#0:FAIL-t216] and 1 exception(s); a5e79c22-a35f-4e50-b1fd-e91b6a93d74d@group-F775CA5912AC:t216, leader=null, voted=a5e79c22-a35f-4e50-b1fd-e91b6a93d74d, raftlog=a5e79c22-a35f-4e50-b1fd-e91b6a93d74d@group-F775CA5912AC-SegmentedRaftLog:OPENED:c-1,f-1,i0, conf=-1: [a5e79c22-a35f-4e50-b1fd-e91b6a93d74d:192.168.157.251:45177, daae7813-f814-475d-9647-a302a5541e36:192.168.157.251:45025, 1e4e1375-1b66-460f-8c99-4c341545a119:192.168.157.251:42113], old=null
2019-10-17 18:51:16,173 [a5e79c22-a35f-4e50-b1fd-e91b6a93d74d@group-F775CA5912AC-LeaderElection384] INFO  impl.LeaderElection (LogUtils.java:infoOrTrace(149)) -   Exception 0: {}
java.util.concurrent.ExecutionException: org.apache.ratis.thirdparty.io.grpc.StatusRuntimeException: UNAVAILABLE: io exception
	at java.util.concurrent.FutureTask.report(FutureTask.java:122)
	at java.util.concurrent.FutureTask.get(FutureTask.java:192)
	at org.apache.ratis.server.impl.LeaderElection.waitForResults(LeaderElection.java:259)
	at org.apache.ratis.server.impl.LeaderElection.askForVotes(LeaderElection.java:197)
	at org.apache.ratis.server.impl.LeaderElection.run(LeaderElection.java:133)
	at java.lang.Thread.run(Thread.java:748)
Caused by: org.apache.ratis.thirdparty.io.grpc.StatusRuntimeException: UNAVAILABLE: io exception
	at org.apache.ratis.thirdparty.io.grpc.stub.ClientCalls.toStatusRuntimeException(ClientCalls.java:233)
	at org.apache.ratis.thirdparty.io.grpc.stub.ClientCalls.getUnchecked(ClientCalls.java:214)
	at org.apache.ratis.thirdparty.io.grpc.stub.ClientCalls.blockingUnaryCall(ClientCalls.java:139)
	at org.apache.ratis.proto.grpc.RaftServerProtocolServiceGrpc$RaftServerProtocolServiceBlockingStub.requestVote(RaftServerProtocolServiceGrpc.java:265)
	at org.apache.ratis.grpc.server.GrpcServerProtocolClient.requestVote(GrpcServerProtocolClient.java:99)
	at org.apache.ratis.grpc.server.GrpcService.requestVote(GrpcService.java:204)
	at org.apache.ratis.server.impl.LeaderElection.lambda$submitRequests$1(LeaderElection.java:234)
	at java.util.concurrent.FutureTask.run(FutureTask.java:266)
	at java.util.concurrent.Executors$RunnableAdapter.call(Executors.java:511)
	at java.util.concurrent.FutureTask.run(FutureTask.java:266)
	at java.util.concurrent.ThreadPoolExecutor.runWorker(ThreadPoolExecutor.java:1149)
	at java.util.concurrent.ThreadPoolExecutor$Worker.run(ThreadPoolExecutor.java:624)
	... 1 more
Caused by: org.apache.ratis.thirdparty.io.netty.channel.AbstractChannel$AnnotatedConnectException: Connection refused: /192.168.157.251:42113
	at sun.nio.ch.SocketChannelImpl.checkConnect(Native Method)
	at sun.nio.ch.SocketChannelImpl.finishConnect(SocketChannelImpl.java:717)
	at org.apache.ratis.thirdparty.io.netty.channel.socket.nio.NioSocketChannel.doFinishConnect(NioSocketChannel.java:327)
	at org.apache.ratis.thirdparty.io.netty.channel.nio.AbstractNioChannel$AbstractNioUnsafe.finishConnect(AbstractNioChannel.java:340)
	at org.apache.ratis.thirdparty.io.netty.channel.nio.NioEventLoop.processSelectedKey(NioEventLoop.java:632)
	at org.apache.ratis.thirdparty.io.netty.channel.nio.NioEventLoop.processSelectedKeysOptimized(NioEventLoop.java:579)
	at org.apache.ratis.thirdparty.io.netty.channel.nio.NioEventLoop.processSelectedKeys(NioEventLoop.java:496)
	at org.apache.ratis.thirdparty.io.netty.channel.nio.NioEventLoop.run(NioEventLoop.java:458)
	at org.apache.ratis.thirdparty.io.netty.util.concurrent.SingleThreadEventExecutor$5.run(SingleThreadEventExecutor.java:897)
	at org.apache.ratis.thirdparty.io.netty.util.concurrent.FastThreadLocalRunnable.run(FastThreadLocalRunnable.java:30)
	... 1 more
Caused by: java.net.ConnectException: Connection refused
	... 11 more
2019-10-17 18:51:16,173 [a5e79c22-a35f-4e50-b1fd-e91b6a93d74d@group-F775CA5912AC-LeaderElection384] INFO  impl.RaftServerImpl (RaftServerImpl.java:setRole(184)) - a5e79c22-a35f-4e50-b1fd-e91b6a93d74d@group-F775CA5912AC: changes role from CANDIDATE to FOLLOWER at term 216 for DISCOVERED_A_NEW_TERM
2019-10-17 18:51:16,173 [a5e79c22-a35f-4e50-b1fd-e91b6a93d74d@group-F775CA5912AC-LeaderElection384] INFO  impl.RoleInfo (RoleInfo.java:shutdownLeaderElection(134)) - a5e79c22-a35f-4e50-b1fd-e91b6a93d74d: shutdown LeaderElection
2019-10-17 18:51:16,173 [a5e79c22-a35f-4e50-b1fd-e91b6a93d74d@group-F775CA5912AC-LeaderElection384] INFO  impl.RoleInfo (RoleInfo.java:updateAndGet(143)) - a5e79c22-a35f-4e50-b1fd-e91b6a93d74d: start FollowerState
2019-10-17 18:51:16,259 [Thread-3007] INFO  impl.FollowerState (FollowerState.java:run(108)) - b8f04e38-0663-4b1f-8efd-f76585c6e86c@group-5F52F902B742-FollowerState: change to CANDIDATE, lastRpcTime:1081ms, electionTimeout:1081ms
2019-10-17 18:51:16,259 [Thread-3007] INFO  impl.RoleInfo (RoleInfo.java:shutdownFollowerState(121)) - b8f04e38-0663-4b1f-8efd-f76585c6e86c: shutdown FollowerState
2019-10-17 18:51:16,259 [Thread-3007] INFO  impl.RaftServerImpl (RaftServerImpl.java:setRole(184)) - b8f04e38-0663-4b1f-8efd-f76585c6e86c@group-5F52F902B742: changes role from  FOLLOWER to CANDIDATE at term 200 for changeToCandidate
2019-10-17 18:51:16,260 [Thread-3007] INFO  impl.RoleInfo (RoleInfo.java:updateAndGet(143)) - b8f04e38-0663-4b1f-8efd-f76585c6e86c: start LeaderElection
2019-10-17 18:51:16,273 [Datanode State Machine Thread - 0] INFO  statemachine.DatanodeStateMachine (DatanodeStateMachine.java:lambda$startDaemon$0(350)) - Ozone container server started.
2019-10-17 18:51:16,275 [b8f04e38-0663-4b1f-8efd-f76585c6e86c@group-5F52F902B742-LeaderElection385] INFO  impl.LeaderElection (LeaderElection.java:askForVotes(178)) - b8f04e38-0663-4b1f-8efd-f76585c6e86c@group-5F52F902B742-LeaderElection385: begin an election at term 201 for 0: [b8f04e38-0663-4b1f-8efd-f76585c6e86c:192.168.157.251:35700, abcd8826-c056-4817-bd0f-7af19a46d814:192.168.157.251:46496, 73297ffa-40cb-4e3e-b33e-1bc2c1da60f5:192.168.157.251:32952], old=null
2019-10-17 18:51:16,276 [b8f04e38-0663-4b1f-8efd-f76585c6e86c@group-5F52F902B742-LeaderElection385] INFO  impl.LeaderElection (LogUtils.java:infoOrTrace(149)) - b8f04e38-0663-4b1f-8efd-f76585c6e86c@group-5F52F902B742-LeaderElection385 got exception when requesting votes: {}
java.util.concurrent.ExecutionException: org.apache.ratis.thirdparty.io.grpc.StatusRuntimeException: UNAVAILABLE: io exception
	at java.util.concurrent.FutureTask.report(FutureTask.java:122)
	at java.util.concurrent.FutureTask.get(FutureTask.java:192)
	at org.apache.ratis.server.impl.LeaderElection.waitForResults(LeaderElection.java:259)
	at org.apache.ratis.server.impl.LeaderElection.askForVotes(LeaderElection.java:197)
	at org.apache.ratis.server.impl.LeaderElection.run(LeaderElection.java:133)
	at java.lang.Thread.run(Thread.java:748)
Caused by: org.apache.ratis.thirdparty.io.grpc.StatusRuntimeException: UNAVAILABLE: io exception
	at org.apache.ratis.thirdparty.io.grpc.stub.ClientCalls.toStatusRuntimeException(ClientCalls.java:233)
	at org.apache.ratis.thirdparty.io.grpc.stub.ClientCalls.getUnchecked(ClientCalls.java:214)
	at org.apache.ratis.thirdparty.io.grpc.stub.ClientCalls.blockingUnaryCall(ClientCalls.java:139)
	at org.apache.ratis.proto.grpc.RaftServerProtocolServiceGrpc$RaftServerProtocolServiceBlockingStub.requestVote(RaftServerProtocolServiceGrpc.java:265)
	at org.apache.ratis.grpc.server.GrpcServerProtocolClient.requestVote(GrpcServerProtocolClient.java:99)
	at org.apache.ratis.grpc.server.GrpcService.requestVote(GrpcService.java:204)
	at org.apache.ratis.server.impl.LeaderElection.lambda$submitRequests$1(LeaderElection.java:234)
	at java.util.concurrent.FutureTask.run(FutureTask.java:266)
	at java.util.concurrent.Executors$RunnableAdapter.call(Executors.java:511)
	at java.util.concurrent.FutureTask.run(FutureTask.java:266)
	at java.util.concurrent.ThreadPoolExecutor.runWorker(ThreadPoolExecutor.java:1149)
	at java.util.concurrent.ThreadPoolExecutor$Worker.run(ThreadPoolExecutor.java:624)
	... 1 more
Caused by: org.apache.ratis.thirdparty.io.netty.channel.AbstractChannel$AnnotatedConnectException: Connection refused: /192.168.157.251:46496
	at sun.nio.ch.SocketChannelImpl.checkConnect(Native Method)
	at sun.nio.ch.SocketChannelImpl.finishConnect(SocketChannelImpl.java:717)
	at org.apache.ratis.thirdparty.io.netty.channel.socket.nio.NioSocketChannel.doFinishConnect(NioSocketChannel.java:327)
	at org.apache.ratis.thirdparty.io.netty.channel.nio.AbstractNioChannel$AbstractNioUnsafe.finishConnect(AbstractNioChannel.java:340)
	at org.apache.ratis.thirdparty.io.netty.channel.nio.NioEventLoop.processSelectedKey(NioEventLoop.java:632)
	at org.apache.ratis.thirdparty.io.netty.channel.nio.NioEventLoop.processSelectedKeysOptimized(NioEventLoop.java:579)
	at org.apache.ratis.thirdparty.io.netty.channel.nio.NioEventLoop.processSelectedKeys(NioEventLoop.java:496)
	at org.apache.ratis.thirdparty.io.netty.channel.nio.NioEventLoop.run(NioEventLoop.java:458)
	at org.apache.ratis.thirdparty.io.netty.util.concurrent.SingleThreadEventExecutor$5.run(SingleThreadEventExecutor.java:897)
	at org.apache.ratis.thirdparty.io.netty.util.concurrent.FastThreadLocalRunnable.run(FastThreadLocalRunnable.java:30)
	... 1 more
Caused by: java.net.ConnectException: Connection refused
	... 11 more
2019-10-17 18:51:16,280 [b8f04e38-0663-4b1f-8efd-f76585c6e86c@group-5F52F902B742-LeaderElection385] INFO  impl.LeaderElection (LogUtils.java:infoOrTrace(149)) - b8f04e38-0663-4b1f-8efd-f76585c6e86c@group-5F52F902B742-LeaderElection385 got exception when requesting votes: {}
java.util.concurrent.ExecutionException: org.apache.ratis.thirdparty.io.grpc.StatusRuntimeException: UNAVAILABLE: io exception
	at java.util.concurrent.FutureTask.report(FutureTask.java:122)
	at java.util.concurrent.FutureTask.get(FutureTask.java:192)
	at org.apache.ratis.server.impl.LeaderElection.waitForResults(LeaderElection.java:259)
	at org.apache.ratis.server.impl.LeaderElection.askForVotes(LeaderElection.java:197)
	at org.apache.ratis.server.impl.LeaderElection.run(LeaderElection.java:133)
	at java.lang.Thread.run(Thread.java:748)
Caused by: org.apache.ratis.thirdparty.io.grpc.StatusRuntimeException: UNAVAILABLE: io exception
	at org.apache.ratis.thirdparty.io.grpc.stub.ClientCalls.toStatusRuntimeException(ClientCalls.java:233)
	at org.apache.ratis.thirdparty.io.grpc.stub.ClientCalls.getUnchecked(ClientCalls.java:214)
	at org.apache.ratis.thirdparty.io.grpc.stub.ClientCalls.blockingUnaryCall(ClientCalls.java:139)
	at org.apache.ratis.proto.grpc.RaftServerProtocolServiceGrpc$RaftServerProtocolServiceBlockingStub.requestVote(RaftServerProtocolServiceGrpc.java:265)
	at org.apache.ratis.grpc.server.GrpcServerProtocolClient.requestVote(GrpcServerProtocolClient.java:99)
	at org.apache.ratis.grpc.server.GrpcService.requestVote(GrpcService.java:204)
	at org.apache.ratis.server.impl.LeaderElection.lambda$submitRequests$1(LeaderElection.java:234)
	at java.util.concurrent.FutureTask.run(FutureTask.java:266)
	at java.util.concurrent.Executors$RunnableAdapter.call(Executors.java:511)
	at java.util.concurrent.FutureTask.run(FutureTask.java:266)
	at java.util.concurrent.ThreadPoolExecutor.runWorker(ThreadPoolExecutor.java:1149)
	at java.util.concurrent.ThreadPoolExecutor$Worker.run(ThreadPoolExecutor.java:624)
	... 1 more
Caused by: org.apache.ratis.thirdparty.io.netty.channel.AbstractChannel$AnnotatedConnectException: Connection refused: /192.168.157.251:32952
	at sun.nio.ch.SocketChannelImpl.checkConnect(Native Method)
	at sun.nio.ch.SocketChannelImpl.finishConnect(SocketChannelImpl.java:717)
	at org.apache.ratis.thirdparty.io.netty.channel.socket.nio.NioSocketChannel.doFinishConnect(NioSocketChannel.java:327)
	at org.apache.ratis.thirdparty.io.netty.channel.nio.AbstractNioChannel$AbstractNioUnsafe.finishConnect(AbstractNioChannel.java:340)
	at org.apache.ratis.thirdparty.io.netty.channel.nio.NioEventLoop.processSelectedKey(NioEventLoop.java:632)
	at org.apache.ratis.thirdparty.io.netty.channel.nio.NioEventLoop.processSelectedKeysOptimized(NioEventLoop.java:579)
	at org.apache.ratis.thirdparty.io.netty.channel.nio.NioEventLoop.processSelectedKeys(NioEventLoop.java:496)
	at org.apache.ratis.thirdparty.io.netty.channel.nio.NioEventLoop.run(NioEventLoop.java:458)
	at org.apache.ratis.thirdparty.io.netty.util.concurrent.SingleThreadEventExecutor$5.run(SingleThreadEventExecutor.java:897)
	at org.apache.ratis.thirdparty.io.netty.util.concurrent.FastThreadLocalRunnable.run(FastThreadLocalRunnable.java:30)
	... 1 more
Caused by: java.net.ConnectException: Connection refused
	... 11 more
2019-10-17 18:51:16,281 [b8f04e38-0663-4b1f-8efd-f76585c6e86c@group-5F52F902B742-LeaderElection385] INFO  impl.LeaderElection (LeaderElection.java:logAndReturn(56)) - b8f04e38-0663-4b1f-8efd-f76585c6e86c@group-5F52F902B742-LeaderElection385: Election REJECTED; received 0 response(s) [] and 2 exception(s); b8f04e38-0663-4b1f-8efd-f76585c6e86c@group-5F52F902B742:t201, leader=null, voted=b8f04e38-0663-4b1f-8efd-f76585c6e86c, raftlog=b8f04e38-0663-4b1f-8efd-f76585c6e86c@group-5F52F902B742-SegmentedRaftLog:OPENED:c-1,f0,i0, conf=0: [b8f04e38-0663-4b1f-8efd-f76585c6e86c:192.168.157.251:35700, abcd8826-c056-4817-bd0f-7af19a46d814:192.168.157.251:46496, 73297ffa-40cb-4e3e-b33e-1bc2c1da60f5:192.168.157.251:32952], old=null
2019-10-17 18:51:16,281 [b8f04e38-0663-4b1f-8efd-f76585c6e86c@group-5F52F902B742-LeaderElection385] INFO  impl.LeaderElection (LogUtils.java:infoOrTrace(149)) -   Exception 0: {}
java.util.concurrent.ExecutionException: org.apache.ratis.thirdparty.io.grpc.StatusRuntimeException: UNAVAILABLE: io exception
	at java.util.concurrent.FutureTask.report(FutureTask.java:122)
	at java.util.concurrent.FutureTask.get(FutureTask.java:192)
	at org.apache.ratis.server.impl.LeaderElection.waitForResults(LeaderElection.java:259)
	at org.apache.ratis.server.impl.LeaderElection.askForVotes(LeaderElection.java:197)
	at org.apache.ratis.server.impl.LeaderElection.run(LeaderElection.java:133)
	at java.lang.Thread.run(Thread.java:748)
Caused by: org.apache.ratis.thirdparty.io.grpc.StatusRuntimeException: UNAVAILABLE: io exception
	at org.apache.ratis.thirdparty.io.grpc.stub.ClientCalls.toStatusRuntimeException(ClientCalls.java:233)
	at org.apache.ratis.thirdparty.io.grpc.stub.ClientCalls.getUnchecked(ClientCalls.java:214)
	at org.apache.ratis.thirdparty.io.grpc.stub.ClientCalls.blockingUnaryCall(ClientCalls.java:139)
	at org.apache.ratis.proto.grpc.RaftServerProtocolServiceGrpc$RaftServerProtocolServiceBlockingStub.requestVote(RaftServerProtocolServiceGrpc.java:265)
	at org.apache.ratis.grpc.server.GrpcServerProtocolClient.requestVote(GrpcServerProtocolClient.java:99)
	at org.apache.ratis.grpc.server.GrpcService.requestVote(GrpcService.java:204)
	at org.apache.ratis.server.impl.LeaderElection.lambda$submitRequests$1(LeaderElection.java:234)
	at java.util.concurrent.FutureTask.run(FutureTask.java:266)
	at java.util.concurrent.Executors$RunnableAdapter.call(Executors.java:511)
	at java.util.concurrent.FutureTask.run(FutureTask.java:266)
	at java.util.concurrent.ThreadPoolExecutor.runWorker(ThreadPoolExecutor.java:1149)
	at java.util.concurrent.ThreadPoolExecutor$Worker.run(ThreadPoolExecutor.java:624)
	... 1 more
Caused by: org.apache.ratis.thirdparty.io.netty.channel.AbstractChannel$AnnotatedConnectException: Connection refused: /192.168.157.251:46496
	at sun.nio.ch.SocketChannelImpl.checkConnect(Native Method)
	at sun.nio.ch.SocketChannelImpl.finishConnect(SocketChannelImpl.java:717)
	at org.apache.ratis.thirdparty.io.netty.channel.socket.nio.NioSocketChannel.doFinishConnect(NioSocketChannel.java:327)
	at org.apache.ratis.thirdparty.io.netty.channel.nio.AbstractNioChannel$AbstractNioUnsafe.finishConnect(AbstractNioChannel.java:340)
	at org.apache.ratis.thirdparty.io.netty.channel.nio.NioEventLoop.processSelectedKey(NioEventLoop.java:632)
	at org.apache.ratis.thirdparty.io.netty.channel.nio.NioEventLoop.processSelectedKeysOptimized(NioEventLoop.java:579)
	at org.apache.ratis.thirdparty.io.netty.channel.nio.NioEventLoop.processSelectedKeys(NioEventLoop.java:496)
	at org.apache.ratis.thirdparty.io.netty.channel.nio.NioEventLoop.run(NioEventLoop.java:458)
	at org.apache.ratis.thirdparty.io.netty.util.concurrent.SingleThreadEventExecutor$5.run(SingleThreadEventExecutor.java:897)
	at org.apache.ratis.thirdparty.io.netty.util.concurrent.FastThreadLocalRunnable.run(FastThreadLocalRunnable.java:30)
	... 1 more
Caused by: java.net.ConnectException: Connection refused
	... 11 more
2019-10-17 18:51:16,282 [b8f04e38-0663-4b1f-8efd-f76585c6e86c@group-5F52F902B742-LeaderElection385] INFO  impl.LeaderElection (LogUtils.java:infoOrTrace(149)) -   Exception 1: {}
java.util.concurrent.ExecutionException: org.apache.ratis.thirdparty.io.grpc.StatusRuntimeException: UNAVAILABLE: io exception
	at java.util.concurrent.FutureTask.report(FutureTask.java:122)
	at java.util.concurrent.FutureTask.get(FutureTask.java:192)
	at org.apache.ratis.server.impl.LeaderElection.waitForResults(LeaderElection.java:259)
	at org.apache.ratis.server.impl.LeaderElection.askForVotes(LeaderElection.java:197)
	at org.apache.ratis.server.impl.LeaderElection.run(LeaderElection.java:133)
	at java.lang.Thread.run(Thread.java:748)
Caused by: org.apache.ratis.thirdparty.io.grpc.StatusRuntimeException: UNAVAILABLE: io exception
	at org.apache.ratis.thirdparty.io.grpc.stub.ClientCalls.toStatusRuntimeException(ClientCalls.java:233)
	at org.apache.ratis.thirdparty.io.grpc.stub.ClientCalls.getUnchecked(ClientCalls.java:214)
	at org.apache.ratis.thirdparty.io.grpc.stub.ClientCalls.blockingUnaryCall(ClientCalls.java:139)
	at org.apache.ratis.proto.grpc.RaftServerProtocolServiceGrpc$RaftServerProtocolServiceBlockingStub.requestVote(RaftServerProtocolServiceGrpc.java:265)
	at org.apache.ratis.grpc.server.GrpcServerProtocolClient.requestVote(GrpcServerProtocolClient.java:99)
	at org.apache.ratis.grpc.server.GrpcService.requestVote(GrpcService.java:204)
	at org.apache.ratis.server.impl.LeaderElection.lambda$submitRequests$1(LeaderElection.java:234)
	at java.util.concurrent.FutureTask.run(FutureTask.java:266)
	at java.util.concurrent.Executors$RunnableAdapter.call(Executors.java:511)
	at java.util.concurrent.FutureTask.run(FutureTask.java:266)
	at java.util.concurrent.ThreadPoolExecutor.runWorker(ThreadPoolExecutor.java:1149)
	at java.util.concurrent.ThreadPoolExecutor$Worker.run(ThreadPoolExecutor.java:624)
	... 1 more
Caused by: org.apache.ratis.thirdparty.io.netty.channel.AbstractChannel$AnnotatedConnectException: Connection refused: /192.168.157.251:32952
	at sun.nio.ch.SocketChannelImpl.checkConnect(Native Method)
	at sun.nio.ch.SocketChannelImpl.finishConnect(SocketChannelImpl.java:717)
	at org.apache.ratis.thirdparty.io.netty.channel.socket.nio.NioSocketChannel.doFinishConnect(NioSocketChannel.java:327)
	at org.apache.ratis.thirdparty.io.netty.channel.nio.AbstractNioChannel$AbstractNioUnsafe.finishConnect(AbstractNioChannel.java:340)
	at org.apache.ratis.thirdparty.io.netty.channel.nio.NioEventLoop.processSelectedKey(NioEventLoop.java:632)
	at org.apache.ratis.thirdparty.io.netty.channel.nio.NioEventLoop.processSelectedKeysOptimized(NioEventLoop.java:579)
	at org.apache.ratis.thirdparty.io.netty.channel.nio.NioEventLoop.processSelectedKeys(NioEventLoop.java:496)
	at org.apache.ratis.thirdparty.io.netty.channel.nio.NioEventLoop.run(NioEventLoop.java:458)
	at org.apache.ratis.thirdparty.io.netty.util.concurrent.SingleThreadEventExecutor$5.run(SingleThreadEventExecutor.java:897)
	at org.apache.ratis.thirdparty.io.netty.util.concurrent.FastThreadLocalRunnable.run(FastThreadLocalRunnable.java:30)
	... 1 more
Caused by: java.net.ConnectException: Connection refused
	... 11 more
2019-10-17 18:51:16,282 [b8f04e38-0663-4b1f-8efd-f76585c6e86c@group-5F52F902B742-LeaderElection385] INFO  impl.RaftServerImpl (RaftServerImpl.java:setRole(184)) - b8f04e38-0663-4b1f-8efd-f76585c6e86c@group-5F52F902B742: changes role from CANDIDATE to FOLLOWER at term 201 for DISCOVERED_A_NEW_TERM
2019-10-17 18:51:16,282 [b8f04e38-0663-4b1f-8efd-f76585c6e86c@group-5F52F902B742-LeaderElection385] INFO  impl.RoleInfo (RoleInfo.java:shutdownLeaderElection(134)) - b8f04e38-0663-4b1f-8efd-f76585c6e86c: shutdown LeaderElection
2019-10-17 18:51:16,282 [b8f04e38-0663-4b1f-8efd-f76585c6e86c@group-5F52F902B742-LeaderElection385] INFO  impl.RoleInfo (RoleInfo.java:updateAndGet(143)) - b8f04e38-0663-4b1f-8efd-f76585c6e86c: start FollowerState
2019-10-17 18:51:16,291 [Thread-3036] INFO  impl.FollowerState (FollowerState.java:run(108)) - a5e79c22-a35f-4e50-b1fd-e91b6a93d74d@group-F775CA5912AC-FollowerState: change to CANDIDATE, lastRpcTime:118ms, electionTimeout:118ms
2019-10-17 18:51:16,292 [Thread-3036] INFO  impl.RoleInfo (RoleInfo.java:shutdownFollowerState(121)) - a5e79c22-a35f-4e50-b1fd-e91b6a93d74d: shutdown FollowerState
2019-10-17 18:51:16,292 [Thread-3036] INFO  impl.RaftServerImpl (RaftServerImpl.java:setRole(184)) - a5e79c22-a35f-4e50-b1fd-e91b6a93d74d@group-F775CA5912AC: changes role from  FOLLOWER to CANDIDATE at term 216 for changeToCandidate
2019-10-17 18:51:16,292 [Thread-3036] INFO  impl.RoleInfo (RoleInfo.java:updateAndGet(143)) - a5e79c22-a35f-4e50-b1fd-e91b6a93d74d: start LeaderElection
2019-10-17 18:51:16,299 [a5e79c22-a35f-4e50-b1fd-e91b6a93d74d@group-F775CA5912AC-LeaderElection386] INFO  impl.LeaderElection (LeaderElection.java:askForVotes(178)) - a5e79c22-a35f-4e50-b1fd-e91b6a93d74d@group-F775CA5912AC-LeaderElection386: begin an election at term 217 for -1: [a5e79c22-a35f-4e50-b1fd-e91b6a93d74d:192.168.157.251:45177, daae7813-f814-475d-9647-a302a5541e36:192.168.157.251:45025, 1e4e1375-1b66-460f-8c99-4c341545a119:192.168.157.251:42113], old=null
2019-10-17 18:51:16,300 [a5e79c22-a35f-4e50-b1fd-e91b6a93d74d@group-F775CA5912AC-LeaderElection386] INFO  impl.LeaderElection (LogUtils.java:infoOrTrace(149)) - a5e79c22-a35f-4e50-b1fd-e91b6a93d74d@group-F775CA5912AC-LeaderElection386 got exception when requesting votes: {}
java.util.concurrent.ExecutionException: org.apache.ratis.thirdparty.io.grpc.StatusRuntimeException: UNAVAILABLE: io exception
	at java.util.concurrent.FutureTask.report(FutureTask.java:122)
	at java.util.concurrent.FutureTask.get(FutureTask.java:192)
	at org.apache.ratis.server.impl.LeaderElection.waitForResults(LeaderElection.java:259)
	at org.apache.ratis.server.impl.LeaderElection.askForVotes(LeaderElection.java:197)
	at org.apache.ratis.server.impl.LeaderElection.run(LeaderElection.java:133)
	at java.lang.Thread.run(Thread.java:748)
Caused by: org.apache.ratis.thirdparty.io.grpc.StatusRuntimeException: UNAVAILABLE: io exception
	at org.apache.ratis.thirdparty.io.grpc.stub.ClientCalls.toStatusRuntimeException(ClientCalls.java:233)
	at org.apache.ratis.thirdparty.io.grpc.stub.ClientCalls.getUnchecked(ClientCalls.java:214)
	at org.apache.ratis.thirdparty.io.grpc.stub.ClientCalls.blockingUnaryCall(ClientCalls.java:139)
	at org.apache.ratis.proto.grpc.RaftServerProtocolServiceGrpc$RaftServerProtocolServiceBlockingStub.requestVote(RaftServerProtocolServiceGrpc.java:265)
	at org.apache.ratis.grpc.server.GrpcServerProtocolClient.requestVote(GrpcServerProtocolClient.java:99)
	at org.apache.ratis.grpc.server.GrpcService.requestVote(GrpcService.java:204)
	at org.apache.ratis.server.impl.LeaderElection.lambda$submitRequests$1(LeaderElection.java:234)
	at java.util.concurrent.FutureTask.run(FutureTask.java:266)
	at java.util.concurrent.Executors$RunnableAdapter.call(Executors.java:511)
	at java.util.concurrent.FutureTask.run(FutureTask.java:266)
	at java.util.concurrent.ThreadPoolExecutor.runWorker(ThreadPoolExecutor.java:1149)
	at java.util.concurrent.ThreadPoolExecutor$Worker.run(ThreadPoolExecutor.java:624)
	... 1 more
Caused by: org.apache.ratis.thirdparty.io.netty.channel.AbstractChannel$AnnotatedConnectException: Connection refused: /192.168.157.251:42113
	at sun.nio.ch.SocketChannelImpl.checkConnect(Native Method)
	at sun.nio.ch.SocketChannelImpl.finishConnect(SocketChannelImpl.java:717)
	at org.apache.ratis.thirdparty.io.netty.channel.socket.nio.NioSocketChannel.doFinishConnect(NioSocketChannel.java:327)
	at org.apache.ratis.thirdparty.io.netty.channel.nio.AbstractNioChannel$AbstractNioUnsafe.finishConnect(AbstractNioChannel.java:340)
	at org.apache.ratis.thirdparty.io.netty.channel.nio.NioEventLoop.processSelectedKey(NioEventLoop.java:632)
	at org.apache.ratis.thirdparty.io.netty.channel.nio.NioEventLoop.processSelectedKeysOptimized(NioEventLoop.java:579)
	at org.apache.ratis.thirdparty.io.netty.channel.nio.NioEventLoop.processSelectedKeys(NioEventLoop.java:496)
	at org.apache.ratis.thirdparty.io.netty.channel.nio.NioEventLoop.run(NioEventLoop.java:458)
	at org.apache.ratis.thirdparty.io.netty.util.concurrent.SingleThreadEventExecutor$5.run(SingleThreadEventExecutor.java:897)
	at org.apache.ratis.thirdparty.io.netty.util.concurrent.FastThreadLocalRunnable.run(FastThreadLocalRunnable.java:30)
	... 1 more
Caused by: java.net.ConnectException: Connection refused
	... 11 more
2019-10-17 18:51:16,302 [grpc-default-executor-5] INFO  impl.RaftServerImpl (RaftServerImpl.java:setRole(184)) - daae7813-f814-475d-9647-a302a5541e36@group-F775CA5912AC: changes role from  FOLLOWER to FOLLOWER at term 217 for recognizeCandidate:a5e79c22-a35f-4e50-b1fd-e91b6a93d74d
2019-10-17 18:51:16,302 [grpc-default-executor-5] INFO  impl.RoleInfo (RoleInfo.java:shutdownFollowerState(121)) - daae7813-f814-475d-9647-a302a5541e36: shutdown FollowerState
2019-10-17 18:51:16,302 [grpc-default-executor-5] INFO  impl.RoleInfo (RoleInfo.java:updateAndGet(143)) - daae7813-f814-475d-9647-a302a5541e36: start FollowerState
2019-10-17 18:51:16,302 [Thread-3035] INFO  impl.FollowerState (FollowerState.java:run(117)) - daae7813-f814-475d-9647-a302a5541e36@group-F775CA5912AC-FollowerState was interrupted: java.lang.InterruptedException: sleep interrupted
2019-10-17 18:51:16,319 [a5e79c22-a35f-4e50-b1fd-e91b6a93d74d@group-F775CA5912AC-LeaderElection386] INFO  impl.LeaderElection (LeaderElection.java:logAndReturn(56)) - a5e79c22-a35f-4e50-b1fd-e91b6a93d74d@group-F775CA5912AC-LeaderElection386: Election REJECTED; received 1 response(s) [a5e79c22-a35f-4e50-b1fd-e91b6a93d74d<-daae7813-f814-475d-9647-a302a5541e36#0:FAIL-t217] and 1 exception(s); a5e79c22-a35f-4e50-b1fd-e91b6a93d74d@group-F775CA5912AC:t217, leader=null, voted=a5e79c22-a35f-4e50-b1fd-e91b6a93d74d, raftlog=a5e79c22-a35f-4e50-b1fd-e91b6a93d74d@group-F775CA5912AC-SegmentedRaftLog:OPENED:c-1,f-1,i0, conf=-1: [a5e79c22-a35f-4e50-b1fd-e91b6a93d74d:192.168.157.251:45177, daae7813-f814-475d-9647-a302a5541e36:192.168.157.251:45025, 1e4e1375-1b66-460f-8c99-4c341545a119:192.168.157.251:42113], old=null
2019-10-17 18:51:16,319 [a5e79c22-a35f-4e50-b1fd-e91b6a93d74d@group-F775CA5912AC-LeaderElection386] INFO  impl.LeaderElection (LogUtils.java:infoOrTrace(149)) -   Exception 0: {}
java.util.concurrent.ExecutionException: org.apache.ratis.thirdparty.io.grpc.StatusRuntimeException: UNAVAILABLE: io exception
	at java.util.concurrent.FutureTask.report(FutureTask.java:122)
	at java.util.concurrent.FutureTask.get(FutureTask.java:192)
	at org.apache.ratis.server.impl.LeaderElection.waitForResults(LeaderElection.java:259)
	at org.apache.ratis.server.impl.LeaderElection.askForVotes(LeaderElection.java:197)
	at org.apache.ratis.server.impl.LeaderElection.run(LeaderElection.java:133)
	at java.lang.Thread.run(Thread.java:748)
Caused by: org.apache.ratis.thirdparty.io.grpc.StatusRuntimeException: UNAVAILABLE: io exception
	at org.apache.ratis.thirdparty.io.grpc.stub.ClientCalls.toStatusRuntimeException(ClientCalls.java:233)
	at org.apache.ratis.thirdparty.io.grpc.stub.ClientCalls.getUnchecked(ClientCalls.java:214)
	at org.apache.ratis.thirdparty.io.grpc.stub.ClientCalls.blockingUnaryCall(ClientCalls.java:139)
	at org.apache.ratis.proto.grpc.RaftServerProtocolServiceGrpc$RaftServerProtocolServiceBlockingStub.requestVote(RaftServerProtocolServiceGrpc.java:265)
	at org.apache.ratis.grpc.server.GrpcServerProtocolClient.requestVote(GrpcServerProtocolClient.java:99)
	at org.apache.ratis.grpc.server.GrpcService.requestVote(GrpcService.java:204)
	at org.apache.ratis.server.impl.LeaderElection.lambda$submitRequests$1(LeaderElection.java:234)
	at java.util.concurrent.FutureTask.run(FutureTask.java:266)
	at java.util.concurrent.Executors$RunnableAdapter.call(Executors.java:511)
	at java.util.concurrent.FutureTask.run(FutureTask.java:266)
	at java.util.concurrent.ThreadPoolExecutor.runWorker(ThreadPoolExecutor.java:1149)
	at java.util.concurrent.ThreadPoolExecutor$Worker.run(ThreadPoolExecutor.java:624)
	... 1 more
Caused by: org.apache.ratis.thirdparty.io.netty.channel.AbstractChannel$AnnotatedConnectException: Connection refused: /192.168.157.251:42113
	at sun.nio.ch.SocketChannelImpl.checkConnect(Native Method)
	at sun.nio.ch.SocketChannelImpl.finishConnect(SocketChannelImpl.java:717)
	at org.apache.ratis.thirdparty.io.netty.channel.socket.nio.NioSocketChannel.doFinishConnect(NioSocketChannel.java:327)
	at org.apache.ratis.thirdparty.io.netty.channel.nio.AbstractNioChannel$AbstractNioUnsafe.finishConnect(AbstractNioChannel.java:340)
	at org.apache.ratis.thirdparty.io.netty.channel.nio.NioEventLoop.processSelectedKey(NioEventLoop.java:632)
	at org.apache.ratis.thirdparty.io.netty.channel.nio.NioEventLoop.processSelectedKeysOptimized(NioEventLoop.java:579)
	at org.apache.ratis.thirdparty.io.netty.channel.nio.NioEventLoop.processSelectedKeys(NioEventLoop.java:496)
	at org.apache.ratis.thirdparty.io.netty.channel.nio.NioEventLoop.run(NioEventLoop.java:458)
	at org.apache.ratis.thirdparty.io.netty.util.concurrent.SingleThreadEventExecutor$5.run(SingleThreadEventExecutor.java:897)
	at org.apache.ratis.thirdparty.io.netty.util.concurrent.FastThreadLocalRunnable.run(FastThreadLocalRunnable.java:30)
	... 1 more
Caused by: java.net.ConnectException: Connection refused
	... 11 more
2019-10-17 18:51:16,319 [a5e79c22-a35f-4e50-b1fd-e91b6a93d74d@group-F775CA5912AC-LeaderElection386] INFO  impl.RaftServerImpl (RaftServerImpl.java:setRole(184)) - a5e79c22-a35f-4e50-b1fd-e91b6a93d74d@group-F775CA5912AC: changes role from CANDIDATE to FOLLOWER at term 217 for DISCOVERED_A_NEW_TERM
2019-10-17 18:51:16,319 [a5e79c22-a35f-4e50-b1fd-e91b6a93d74d@group-F775CA5912AC-LeaderElection386] INFO  impl.RoleInfo (RoleInfo.java:shutdownLeaderElection(134)) - a5e79c22-a35f-4e50-b1fd-e91b6a93d74d: shutdown LeaderElection
2019-10-17 18:51:16,319 [a5e79c22-a35f-4e50-b1fd-e91b6a93d74d@group-F775CA5912AC-LeaderElection386] INFO  impl.RoleInfo (RoleInfo.java:updateAndGet(143)) - a5e79c22-a35f-4e50-b1fd-e91b6a93d74d: start FollowerState
2019-10-17 18:51:16,472 [Thread-3045] INFO  impl.FollowerState (FollowerState.java:run(108)) - a5e79c22-a35f-4e50-b1fd-e91b6a93d74d@group-F775CA5912AC-FollowerState: change to CANDIDATE, lastRpcTime:152ms, electionTimeout:152ms
2019-10-17 18:51:16,472 [Thread-3045] INFO  impl.RoleInfo (RoleInfo.java:shutdownFollowerState(121)) - a5e79c22-a35f-4e50-b1fd-e91b6a93d74d: shutdown FollowerState
2019-10-17 18:51:16,472 [Thread-3045] INFO  impl.RaftServerImpl (RaftServerImpl.java:setRole(184)) - a5e79c22-a35f-4e50-b1fd-e91b6a93d74d@group-F775CA5912AC: changes role from  FOLLOWER to CANDIDATE at term 217 for changeToCandidate
2019-10-17 18:51:16,472 [Thread-3045] INFO  impl.RoleInfo (RoleInfo.java:updateAndGet(143)) - a5e79c22-a35f-4e50-b1fd-e91b6a93d74d: start LeaderElection
2019-10-17 18:51:16,506 [a5e79c22-a35f-4e50-b1fd-e91b6a93d74d@group-F775CA5912AC-LeaderElection387] INFO  impl.LeaderElection (LeaderElection.java:askForVotes(178)) - a5e79c22-a35f-4e50-b1fd-e91b6a93d74d@group-F775CA5912AC-LeaderElection387: begin an election at term 218 for -1: [a5e79c22-a35f-4e50-b1fd-e91b6a93d74d:192.168.157.251:45177, daae7813-f814-475d-9647-a302a5541e36:192.168.157.251:45025, 1e4e1375-1b66-460f-8c99-4c341545a119:192.168.157.251:42113], old=null
2019-10-17 18:51:16,507 [a5e79c22-a35f-4e50-b1fd-e91b6a93d74d@group-F775CA5912AC-LeaderElection387] INFO  impl.LeaderElection (LogUtils.java:infoOrTrace(149)) - a5e79c22-a35f-4e50-b1fd-e91b6a93d74d@group-F775CA5912AC-LeaderElection387 got exception when requesting votes: {}
java.util.concurrent.ExecutionException: org.apache.ratis.thirdparty.io.grpc.StatusRuntimeException: UNAVAILABLE: io exception
	at java.util.concurrent.FutureTask.report(FutureTask.java:122)
	at java.util.concurrent.FutureTask.get(FutureTask.java:192)
	at org.apache.ratis.server.impl.LeaderElection.waitForResults(LeaderElection.java:259)
	at org.apache.ratis.server.impl.LeaderElection.askForVotes(LeaderElection.java:197)
	at org.apache.ratis.server.impl.LeaderElection.run(LeaderElection.java:133)
	at java.lang.Thread.run(Thread.java:748)
Caused by: org.apache.ratis.thirdparty.io.grpc.StatusRuntimeException: UNAVAILABLE: io exception
	at org.apache.ratis.thirdparty.io.grpc.stub.ClientCalls.toStatusRuntimeException(ClientCalls.java:233)
	at org.apache.ratis.thirdparty.io.grpc.stub.ClientCalls.getUnchecked(ClientCalls.java:214)
	at org.apache.ratis.thirdparty.io.grpc.stub.ClientCalls.blockingUnaryCall(ClientCalls.java:139)
	at org.apache.ratis.proto.grpc.RaftServerProtocolServiceGrpc$RaftServerProtocolServiceBlockingStub.requestVote(RaftServerProtocolServiceGrpc.java:265)
	at org.apache.ratis.grpc.server.GrpcServerProtocolClient.requestVote(GrpcServerProtocolClient.java:99)
	at org.apache.ratis.grpc.server.GrpcService.requestVote(GrpcService.java:204)
	at org.apache.ratis.server.impl.LeaderElection.lambda$submitRequests$1(LeaderElection.java:234)
	at java.util.concurrent.FutureTask.run(FutureTask.java:266)
	at java.util.concurrent.Executors$RunnableAdapter.call(Executors.java:511)
	at java.util.concurrent.FutureTask.run(FutureTask.java:266)
	at java.util.concurrent.ThreadPoolExecutor.runWorker(ThreadPoolExecutor.java:1149)
	at java.util.concurrent.ThreadPoolExecutor$Worker.run(ThreadPoolExecutor.java:624)
	... 1 more
Caused by: org.apache.ratis.thirdparty.io.netty.channel.AbstractChannel$AnnotatedConnectException: Connection refused: /192.168.157.251:42113
	at sun.nio.ch.SocketChannelImpl.checkConnect(Native Method)
	at sun.nio.ch.SocketChannelImpl.finishConnect(SocketChannelImpl.java:717)
	at org.apache.ratis.thirdparty.io.netty.channel.socket.nio.NioSocketChannel.doFinishConnect(NioSocketChannel.java:327)
	at org.apache.ratis.thirdparty.io.netty.channel.nio.AbstractNioChannel$AbstractNioUnsafe.finishConnect(AbstractNioChannel.java:340)
	at org.apache.ratis.thirdparty.io.netty.channel.nio.NioEventLoop.processSelectedKey(NioEventLoop.java:632)
	at org.apache.ratis.thirdparty.io.netty.channel.nio.NioEventLoop.processSelectedKeysOptimized(NioEventLoop.java:579)
	at org.apache.ratis.thirdparty.io.netty.channel.nio.NioEventLoop.processSelectedKeys(NioEventLoop.java:496)
	at org.apache.ratis.thirdparty.io.netty.channel.nio.NioEventLoop.run(NioEventLoop.java:458)
	at org.apache.ratis.thirdparty.io.netty.util.concurrent.SingleThreadEventExecutor$5.run(SingleThreadEventExecutor.java:897)
	at org.apache.ratis.thirdparty.io.netty.util.concurrent.FastThreadLocalRunnable.run(FastThreadLocalRunnable.java:30)
	... 1 more
Caused by: java.net.ConnectException: Connection refused
	... 11 more
2019-10-17 18:51:16,510 [grpc-default-executor-5] INFO  impl.RaftServerImpl (RaftServerImpl.java:setRole(184)) - daae7813-f814-475d-9647-a302a5541e36@group-F775CA5912AC: changes role from  FOLLOWER to FOLLOWER at term 218 for recognizeCandidate:a5e79c22-a35f-4e50-b1fd-e91b6a93d74d
2019-10-17 18:51:16,510 [grpc-default-executor-5] INFO  impl.RoleInfo (RoleInfo.java:shutdownFollowerState(121)) - daae7813-f814-475d-9647-a302a5541e36: shutdown FollowerState
2019-10-17 18:51:16,510 [grpc-default-executor-5] INFO  impl.RoleInfo (RoleInfo.java:updateAndGet(143)) - daae7813-f814-475d-9647-a302a5541e36: start FollowerState
2019-10-17 18:51:16,510 [Thread-3044] INFO  impl.FollowerState (FollowerState.java:run(117)) - daae7813-f814-475d-9647-a302a5541e36@group-F775CA5912AC-FollowerState was interrupted: java.lang.InterruptedException: sleep interrupted
2019-10-17 18:51:16,544 [a5e79c22-a35f-4e50-b1fd-e91b6a93d74d@group-F775CA5912AC-LeaderElection387] INFO  impl.LeaderElection (LeaderElection.java:logAndReturn(56)) - a5e79c22-a35f-4e50-b1fd-e91b6a93d74d@group-F775CA5912AC-LeaderElection387: Election TIMEOUT; received 0 response(s) [] and 1 exception(s); a5e79c22-a35f-4e50-b1fd-e91b6a93d74d@group-F775CA5912AC:t218, leader=null, voted=a5e79c22-a35f-4e50-b1fd-e91b6a93d74d, raftlog=a5e79c22-a35f-4e50-b1fd-e91b6a93d74d@group-F775CA5912AC-SegmentedRaftLog:OPENED:c-1,f-1,i0, conf=-1: [a5e79c22-a35f-4e50-b1fd-e91b6a93d74d:192.168.157.251:45177, daae7813-f814-475d-9647-a302a5541e36:192.168.157.251:45025, 1e4e1375-1b66-460f-8c99-4c341545a119:192.168.157.251:42113], old=null
2019-10-17 18:51:16,544 [a5e79c22-a35f-4e50-b1fd-e91b6a93d74d@group-F775CA5912AC-LeaderElection387] INFO  impl.LeaderElection (LogUtils.java:infoOrTrace(149)) -   Exception 0: {}
java.util.concurrent.ExecutionException: org.apache.ratis.thirdparty.io.grpc.StatusRuntimeException: UNAVAILABLE: io exception
	at java.util.concurrent.FutureTask.report(FutureTask.java:122)
	at java.util.concurrent.FutureTask.get(FutureTask.java:192)
	at org.apache.ratis.server.impl.LeaderElection.waitForResults(LeaderElection.java:259)
	at org.apache.ratis.server.impl.LeaderElection.askForVotes(LeaderElection.java:197)
	at org.apache.ratis.server.impl.LeaderElection.run(LeaderElection.java:133)
	at java.lang.Thread.run(Thread.java:748)
Caused by: org.apache.ratis.thirdparty.io.grpc.StatusRuntimeException: UNAVAILABLE: io exception
	at org.apache.ratis.thirdparty.io.grpc.stub.ClientCalls.toStatusRuntimeException(ClientCalls.java:233)
	at org.apache.ratis.thirdparty.io.grpc.stub.ClientCalls.getUnchecked(ClientCalls.java:214)
	at org.apache.ratis.thirdparty.io.grpc.stub.ClientCalls.blockingUnaryCall(ClientCalls.java:139)
	at org.apache.ratis.proto.grpc.RaftServerProtocolServiceGrpc$RaftServerProtocolServiceBlockingStub.requestVote(RaftServerProtocolServiceGrpc.java:265)
	at org.apache.ratis.grpc.server.GrpcServerProtocolClient.requestVote(GrpcServerProtocolClient.java:99)
	at org.apache.ratis.grpc.server.GrpcService.requestVote(GrpcService.java:204)
	at org.apache.ratis.server.impl.LeaderElection.lambda$submitRequests$1(LeaderElection.java:234)
	at java.util.concurrent.FutureTask.run(FutureTask.java:266)
	at java.util.concurrent.Executors$RunnableAdapter.call(Executors.java:511)
	at java.util.concurrent.FutureTask.run(FutureTask.java:266)
	at java.util.concurrent.ThreadPoolExecutor.runWorker(ThreadPoolExecutor.java:1149)
	at java.util.concurrent.ThreadPoolExecutor$Worker.run(ThreadPoolExecutor.java:624)
	... 1 more
Caused by: org.apache.ratis.thirdparty.io.netty.channel.AbstractChannel$AnnotatedConnectException: Connection refused: /192.168.157.251:42113
	at sun.nio.ch.SocketChannelImpl.checkConnect(Native Method)
	at sun.nio.ch.SocketChannelImpl.finishConnect(SocketChannelImpl.java:717)
	at org.apache.ratis.thirdparty.io.netty.channel.socket.nio.NioSocketChannel.doFinishConnect(NioSocketChannel.java:327)
	at org.apache.ratis.thirdparty.io.netty.channel.nio.AbstractNioChannel$AbstractNioUnsafe.finishConnect(AbstractNioChannel.java:340)
	at org.apache.ratis.thirdparty.io.netty.channel.nio.NioEventLoop.processSelectedKey(NioEventLoop.java:632)
	at org.apache.ratis.thirdparty.io.netty.channel.nio.NioEventLoop.processSelectedKeysOptimized(NioEventLoop.java:579)
	at org.apache.ratis.thirdparty.io.netty.channel.nio.NioEventLoop.processSelectedKeys(NioEventLoop.java:496)
	at org.apache.ratis.thirdparty.io.netty.channel.nio.NioEventLoop.run(NioEventLoop.java:458)
	at org.apache.ratis.thirdparty.io.netty.util.concurrent.SingleThreadEventExecutor$5.run(SingleThreadEventExecutor.java:897)
	at org.apache.ratis.thirdparty.io.netty.util.concurrent.FastThreadLocalRunnable.run(FastThreadLocalRunnable.java:30)
	... 1 more
Caused by: java.net.ConnectException: Connection refused
	... 11 more
2019-10-17 18:51:16,614 [a5e79c22-a35f-4e50-b1fd-e91b6a93d74d@group-F775CA5912AC-LeaderElection387] INFO  impl.LeaderElection (LeaderElection.java:askForVotes(178)) - a5e79c22-a35f-4e50-b1fd-e91b6a93d74d@group-F775CA5912AC-LeaderElection387: begin an election at term 219 for -1: [a5e79c22-a35f-4e50-b1fd-e91b6a93d74d:192.168.157.251:45177, daae7813-f814-475d-9647-a302a5541e36:192.168.157.251:45025, 1e4e1375-1b66-460f-8c99-4c341545a119:192.168.157.251:42113], old=null
2019-10-17 18:51:16,616 [a5e79c22-a35f-4e50-b1fd-e91b6a93d74d@group-F775CA5912AC-LeaderElection387] INFO  impl.LeaderElection (LogUtils.java:infoOrTrace(149)) - a5e79c22-a35f-4e50-b1fd-e91b6a93d74d@group-F775CA5912AC-LeaderElection387 got exception when requesting votes: {}
java.util.concurrent.ExecutionException: org.apache.ratis.thirdparty.io.grpc.StatusRuntimeException: UNAVAILABLE: io exception
	at java.util.concurrent.FutureTask.report(FutureTask.java:122)
	at java.util.concurrent.FutureTask.get(FutureTask.java:192)
	at org.apache.ratis.server.impl.LeaderElection.waitForResults(LeaderElection.java:259)
	at org.apache.ratis.server.impl.LeaderElection.askForVotes(LeaderElection.java:197)
	at org.apache.ratis.server.impl.LeaderElection.run(LeaderElection.java:133)
	at java.lang.Thread.run(Thread.java:748)
Caused by: org.apache.ratis.thirdparty.io.grpc.StatusRuntimeException: UNAVAILABLE: io exception
	at org.apache.ratis.thirdparty.io.grpc.stub.ClientCalls.toStatusRuntimeException(ClientCalls.java:233)
	at org.apache.ratis.thirdparty.io.grpc.stub.ClientCalls.getUnchecked(ClientCalls.java:214)
	at org.apache.ratis.thirdparty.io.grpc.stub.ClientCalls.blockingUnaryCall(ClientCalls.java:139)
	at org.apache.ratis.proto.grpc.RaftServerProtocolServiceGrpc$RaftServerProtocolServiceBlockingStub.requestVote(RaftServerProtocolServiceGrpc.java:265)
	at org.apache.ratis.grpc.server.GrpcServerProtocolClient.requestVote(GrpcServerProtocolClient.java:99)
	at org.apache.ratis.grpc.server.GrpcService.requestVote(GrpcService.java:204)
	at org.apache.ratis.server.impl.LeaderElection.lambda$submitRequests$1(LeaderElection.java:234)
	at java.util.concurrent.FutureTask.run(FutureTask.java:266)
	at java.util.concurrent.Executors$RunnableAdapter.call(Executors.java:511)
	at java.util.concurrent.FutureTask.run(FutureTask.java:266)
	at java.util.concurrent.ThreadPoolExecutor.runWorker(ThreadPoolExecutor.java:1149)
	at java.util.concurrent.ThreadPoolExecutor$Worker.run(ThreadPoolExecutor.java:624)
	... 1 more
Caused by: org.apache.ratis.thirdparty.io.netty.channel.AbstractChannel$AnnotatedConnectException: Connection refused: /192.168.157.251:42113
	at sun.nio.ch.SocketChannelImpl.checkConnect(Native Method)
	at sun.nio.ch.SocketChannelImpl.finishConnect(SocketChannelImpl.java:717)
	at org.apache.ratis.thirdparty.io.netty.channel.socket.nio.NioSocketChannel.doFinishConnect(NioSocketChannel.java:327)
	at org.apache.ratis.thirdparty.io.netty.channel.nio.AbstractNioChannel$AbstractNioUnsafe.finishConnect(AbstractNioChannel.java:340)
	at org.apache.ratis.thirdparty.io.netty.channel.nio.NioEventLoop.processSelectedKey(NioEventLoop.java:632)
	at org.apache.ratis.thirdparty.io.netty.channel.nio.NioEventLoop.processSelectedKeysOptimized(NioEventLoop.java:579)
	at org.apache.ratis.thirdparty.io.netty.channel.nio.NioEventLoop.processSelectedKeys(NioEventLoop.java:496)
	at org.apache.ratis.thirdparty.io.netty.channel.nio.NioEventLoop.run(NioEventLoop.java:458)
	at org.apache.ratis.thirdparty.io.netty.util.concurrent.SingleThreadEventExecutor$5.run(SingleThreadEventExecutor.java:897)
	at org.apache.ratis.thirdparty.io.netty.util.concurrent.FastThreadLocalRunnable.run(FastThreadLocalRunnable.java:30)
	... 1 more
Caused by: java.net.ConnectException: Connection refused
	... 11 more
2019-10-17 18:51:16,619 [grpc-default-executor-5] INFO  impl.RaftServerImpl (RaftServerImpl.java:setRole(184)) - daae7813-f814-475d-9647-a302a5541e36@group-F775CA5912AC: changes role from  FOLLOWER to FOLLOWER at term 219 for recognizeCandidate:a5e79c22-a35f-4e50-b1fd-e91b6a93d74d
2019-10-17 18:51:16,619 [grpc-default-executor-5] INFO  impl.RoleInfo (RoleInfo.java:shutdownFollowerState(121)) - daae7813-f814-475d-9647-a302a5541e36: shutdown FollowerState
2019-10-17 18:51:16,619 [grpc-default-executor-5] INFO  impl.RoleInfo (RoleInfo.java:updateAndGet(143)) - daae7813-f814-475d-9647-a302a5541e36: start FollowerState
2019-10-17 18:51:16,619 [Thread-3050] INFO  impl.FollowerState (FollowerState.java:run(117)) - daae7813-f814-475d-9647-a302a5541e36@group-F775CA5912AC-FollowerState was interrupted: java.lang.InterruptedException: sleep interrupted
2019-10-17 18:51:16,633 [a5e79c22-a35f-4e50-b1fd-e91b6a93d74d@group-F775CA5912AC-LeaderElection387] INFO  impl.LeaderElection (LeaderElection.java:logAndReturn(56)) - a5e79c22-a35f-4e50-b1fd-e91b6a93d74d@group-F775CA5912AC-LeaderElection387: Election REJECTED; received 1 response(s) [a5e79c22-a35f-4e50-b1fd-e91b6a93d74d<-daae7813-f814-475d-9647-a302a5541e36#0:FAIL-t219] and 1 exception(s); a5e79c22-a35f-4e50-b1fd-e91b6a93d74d@group-F775CA5912AC:t219, leader=null, voted=a5e79c22-a35f-4e50-b1fd-e91b6a93d74d, raftlog=a5e79c22-a35f-4e50-b1fd-e91b6a93d74d@group-F775CA5912AC-SegmentedRaftLog:OPENED:c-1,f-1,i0, conf=-1: [a5e79c22-a35f-4e50-b1fd-e91b6a93d74d:192.168.157.251:45177, daae7813-f814-475d-9647-a302a5541e36:192.168.157.251:45025, 1e4e1375-1b66-460f-8c99-4c341545a119:192.168.157.251:42113], old=null
2019-10-17 18:51:16,634 [a5e79c22-a35f-4e50-b1fd-e91b6a93d74d@group-F775CA5912AC-LeaderElection387] INFO  impl.LeaderElection (LogUtils.java:infoOrTrace(149)) -   Exception 0: {}
java.util.concurrent.ExecutionException: org.apache.ratis.thirdparty.io.grpc.StatusRuntimeException: UNAVAILABLE: io exception
	at java.util.concurrent.FutureTask.report(FutureTask.java:122)
	at java.util.concurrent.FutureTask.get(FutureTask.java:192)
	at org.apache.ratis.server.impl.LeaderElection.waitForResults(LeaderElection.java:259)
	at org.apache.ratis.server.impl.LeaderElection.askForVotes(LeaderElection.java:197)
	at org.apache.ratis.server.impl.LeaderElection.run(LeaderElection.java:133)
	at java.lang.Thread.run(Thread.java:748)
Caused by: org.apache.ratis.thirdparty.io.grpc.StatusRuntimeException: UNAVAILABLE: io exception
	at org.apache.ratis.thirdparty.io.grpc.stub.ClientCalls.toStatusRuntimeException(ClientCalls.java:233)
	at org.apache.ratis.thirdparty.io.grpc.stub.ClientCalls.getUnchecked(ClientCalls.java:214)
	at org.apache.ratis.thirdparty.io.grpc.stub.ClientCalls.blockingUnaryCall(ClientCalls.java:139)
	at org.apache.ratis.proto.grpc.RaftServerProtocolServiceGrpc$RaftServerProtocolServiceBlockingStub.requestVote(RaftServerProtocolServiceGrpc.java:265)
	at org.apache.ratis.grpc.server.GrpcServerProtocolClient.requestVote(GrpcServerProtocolClient.java:99)
	at org.apache.ratis.grpc.server.GrpcService.requestVote(GrpcService.java:204)
	at org.apache.ratis.server.impl.LeaderElection.lambda$submitRequests$1(LeaderElection.java:234)
	at java.util.concurrent.FutureTask.run(FutureTask.java:266)
	at java.util.concurrent.Executors$RunnableAdapter.call(Executors.java:511)
	at java.util.concurrent.FutureTask.run(FutureTask.java:266)
	at java.util.concurrent.ThreadPoolExecutor.runWorker(ThreadPoolExecutor.java:1149)
	at java.util.concurrent.ThreadPoolExecutor$Worker.run(ThreadPoolExecutor.java:624)
	... 1 more
Caused by: org.apache.ratis.thirdparty.io.netty.channel.AbstractChannel$AnnotatedConnectException: Connection refused: /192.168.157.251:42113
	at sun.nio.ch.SocketChannelImpl.checkConnect(Native Method)
	at sun.nio.ch.SocketChannelImpl.finishConnect(SocketChannelImpl.java:717)
	at org.apache.ratis.thirdparty.io.netty.channel.socket.nio.NioSocketChannel.doFinishConnect(NioSocketChannel.java:327)
	at org.apache.ratis.thirdparty.io.netty.channel.nio.AbstractNioChannel$AbstractNioUnsafe.finishConnect(AbstractNioChannel.java:340)
	at org.apache.ratis.thirdparty.io.netty.channel.nio.NioEventLoop.processSelectedKey(NioEventLoop.java:632)
	at org.apache.ratis.thirdparty.io.netty.channel.nio.NioEventLoop.processSelectedKeysOptimized(NioEventLoop.java:579)
	at org.apache.ratis.thirdparty.io.netty.channel.nio.NioEventLoop.processSelectedKeys(NioEventLoop.java:496)
	at org.apache.ratis.thirdparty.io.netty.channel.nio.NioEventLoop.run(NioEventLoop.java:458)
	at org.apache.ratis.thirdparty.io.netty.util.concurrent.SingleThreadEventExecutor$5.run(SingleThreadEventExecutor.java:897)
	at org.apache.ratis.thirdparty.io.netty.util.concurrent.FastThreadLocalRunnable.run(FastThreadLocalRunnable.java:30)
	... 1 more
Caused by: java.net.ConnectException: Connection refused
	... 11 more
2019-10-17 18:51:16,634 [a5e79c22-a35f-4e50-b1fd-e91b6a93d74d@group-F775CA5912AC-LeaderElection387] INFO  impl.RaftServerImpl (RaftServerImpl.java:setRole(184)) - a5e79c22-a35f-4e50-b1fd-e91b6a93d74d@group-F775CA5912AC: changes role from CANDIDATE to FOLLOWER at term 219 for DISCOVERED_A_NEW_TERM
2019-10-17 18:51:16,634 [a5e79c22-a35f-4e50-b1fd-e91b6a93d74d@group-F775CA5912AC-LeaderElection387] INFO  impl.RoleInfo (RoleInfo.java:shutdownLeaderElection(134)) - a5e79c22-a35f-4e50-b1fd-e91b6a93d74d: shutdown LeaderElection
2019-10-17 18:51:16,634 [a5e79c22-a35f-4e50-b1fd-e91b6a93d74d@group-F775CA5912AC-LeaderElection387] INFO  impl.RoleInfo (RoleInfo.java:updateAndGet(143)) - a5e79c22-a35f-4e50-b1fd-e91b6a93d74d: start FollowerState
2019-10-17 18:51:16,678 [Thread-3054] INFO  impl.FollowerState (FollowerState.java:run(108)) - a5e79c22-a35f-4e50-b1fd-e91b6a93d74d@group-F775CA5912AC-FollowerState: change to CANDIDATE, lastRpcTime:43ms, electionTimeout:43ms
2019-10-17 18:51:16,678 [Thread-3054] INFO  impl.RoleInfo (RoleInfo.java:shutdownFollowerState(121)) - a5e79c22-a35f-4e50-b1fd-e91b6a93d74d: shutdown FollowerState
2019-10-17 18:51:16,678 [Thread-3054] INFO  impl.RaftServerImpl (RaftServerImpl.java:setRole(184)) - a5e79c22-a35f-4e50-b1fd-e91b6a93d74d@group-F775CA5912AC: changes role from  FOLLOWER to CANDIDATE at term 219 for changeToCandidate
2019-10-17 18:51:16,678 [Thread-3054] INFO  impl.RoleInfo (RoleInfo.java:updateAndGet(143)) - a5e79c22-a35f-4e50-b1fd-e91b6a93d74d: start LeaderElection
2019-10-17 18:51:16,691 [a5e79c22-a35f-4e50-b1fd-e91b6a93d74d@group-F775CA5912AC-LeaderElection388] INFO  impl.LeaderElection (LeaderElection.java:askForVotes(178)) - a5e79c22-a35f-4e50-b1fd-e91b6a93d74d@group-F775CA5912AC-LeaderElection388: begin an election at term 220 for -1: [a5e79c22-a35f-4e50-b1fd-e91b6a93d74d:192.168.157.251:45177, daae7813-f814-475d-9647-a302a5541e36:192.168.157.251:45025, 1e4e1375-1b66-460f-8c99-4c341545a119:192.168.157.251:42113], old=null
2019-10-17 18:51:16,692 [a5e79c22-a35f-4e50-b1fd-e91b6a93d74d@group-F775CA5912AC-LeaderElection388] INFO  impl.LeaderElection (LogUtils.java:infoOrTrace(149)) - a5e79c22-a35f-4e50-b1fd-e91b6a93d74d@group-F775CA5912AC-LeaderElection388 got exception when requesting votes: {}
java.util.concurrent.ExecutionException: org.apache.ratis.thirdparty.io.grpc.StatusRuntimeException: UNAVAILABLE: io exception
	at java.util.concurrent.FutureTask.report(FutureTask.java:122)
	at java.util.concurrent.FutureTask.get(FutureTask.java:192)
	at org.apache.ratis.server.impl.LeaderElection.waitForResults(LeaderElection.java:259)
	at org.apache.ratis.server.impl.LeaderElection.askForVotes(LeaderElection.java:197)
	at org.apache.ratis.server.impl.LeaderElection.run(LeaderElection.java:133)
	at java.lang.Thread.run(Thread.java:748)
Caused by: org.apache.ratis.thirdparty.io.grpc.StatusRuntimeException: UNAVAILABLE: io exception
	at org.apache.ratis.thirdparty.io.grpc.stub.ClientCalls.toStatusRuntimeException(ClientCalls.java:233)
	at org.apache.ratis.thirdparty.io.grpc.stub.ClientCalls.getUnchecked(ClientCalls.java:214)
	at org.apache.ratis.thirdparty.io.grpc.stub.ClientCalls.blockingUnaryCall(ClientCalls.java:139)
	at org.apache.ratis.proto.grpc.RaftServerProtocolServiceGrpc$RaftServerProtocolServiceBlockingStub.requestVote(RaftServerProtocolServiceGrpc.java:265)
	at org.apache.ratis.grpc.server.GrpcServerProtocolClient.requestVote(GrpcServerProtocolClient.java:99)
	at org.apache.ratis.grpc.server.GrpcService.requestVote(GrpcService.java:204)
	at org.apache.ratis.server.impl.LeaderElection.lambda$submitRequests$1(LeaderElection.java:234)
	at java.util.concurrent.FutureTask.run(FutureTask.java:266)
	at java.util.concurrent.Executors$RunnableAdapter.call(Executors.java:511)
	at java.util.concurrent.FutureTask.run(FutureTask.java:266)
	at java.util.concurrent.ThreadPoolExecutor.runWorker(ThreadPoolExecutor.java:1149)
	at java.util.concurrent.ThreadPoolExecutor$Worker.run(ThreadPoolExecutor.java:624)
	... 1 more
Caused by: org.apache.ratis.thirdparty.io.netty.channel.AbstractChannel$AnnotatedConnectException: Connection refused: /192.168.157.251:42113
	at sun.nio.ch.SocketChannelImpl.checkConnect(Native Method)
	at sun.nio.ch.SocketChannelImpl.finishConnect(SocketChannelImpl.java:717)
	at org.apache.ratis.thirdparty.io.netty.channel.socket.nio.NioSocketChannel.doFinishConnect(NioSocketChannel.java:327)
	at org.apache.ratis.thirdparty.io.netty.channel.nio.AbstractNioChannel$AbstractNioUnsafe.finishConnect(AbstractNioChannel.java:340)
	at org.apache.ratis.thirdparty.io.netty.channel.nio.NioEventLoop.processSelectedKey(NioEventLoop.java:632)
	at org.apache.ratis.thirdparty.io.netty.channel.nio.NioEventLoop.processSelectedKeysOptimized(NioEventLoop.java:579)
	at org.apache.ratis.thirdparty.io.netty.channel.nio.NioEventLoop.processSelectedKeys(NioEventLoop.java:496)
	at org.apache.ratis.thirdparty.io.netty.channel.nio.NioEventLoop.run(NioEventLoop.java:458)
	at org.apache.ratis.thirdparty.io.netty.util.concurrent.SingleThreadEventExecutor$5.run(SingleThreadEventExecutor.java:897)
	at org.apache.ratis.thirdparty.io.netty.util.concurrent.FastThreadLocalRunnable.run(FastThreadLocalRunnable.java:30)
	... 1 more
Caused by: java.net.ConnectException: Connection refused
	... 11 more
2019-10-17 18:51:16,695 [grpc-default-executor-5] INFO  impl.RaftServerImpl (RaftServerImpl.java:setRole(184)) - daae7813-f814-475d-9647-a302a5541e36@group-F775CA5912AC: changes role from  FOLLOWER to FOLLOWER at term 220 for recognizeCandidate:a5e79c22-a35f-4e50-b1fd-e91b6a93d74d
2019-10-17 18:51:16,695 [grpc-default-executor-5] INFO  impl.RoleInfo (RoleInfo.java:shutdownFollowerState(121)) - daae7813-f814-475d-9647-a302a5541e36: shutdown FollowerState
2019-10-17 18:51:16,695 [grpc-default-executor-5] INFO  impl.RoleInfo (RoleInfo.java:updateAndGet(143)) - daae7813-f814-475d-9647-a302a5541e36: start FollowerState
2019-10-17 18:51:16,695 [Thread-3053] INFO  impl.FollowerState (FollowerState.java:run(117)) - daae7813-f814-475d-9647-a302a5541e36@group-F775CA5912AC-FollowerState was interrupted: java.lang.InterruptedException: sleep interrupted
2019-10-17 18:51:16,722 [a5e79c22-a35f-4e50-b1fd-e91b6a93d74d@group-F775CA5912AC-LeaderElection388] INFO  impl.LeaderElection (LeaderElection.java:logAndReturn(56)) - a5e79c22-a35f-4e50-b1fd-e91b6a93d74d@group-F775CA5912AC-LeaderElection388: Election TIMEOUT; received 0 response(s) [] and 1 exception(s); a5e79c22-a35f-4e50-b1fd-e91b6a93d74d@group-F775CA5912AC:t220, leader=null, voted=a5e79c22-a35f-4e50-b1fd-e91b6a93d74d, raftlog=a5e79c22-a35f-4e50-b1fd-e91b6a93d74d@group-F775CA5912AC-SegmentedRaftLog:OPENED:c-1,f-1,i0, conf=-1: [a5e79c22-a35f-4e50-b1fd-e91b6a93d74d:192.168.157.251:45177, daae7813-f814-475d-9647-a302a5541e36:192.168.157.251:45025, 1e4e1375-1b66-460f-8c99-4c341545a119:192.168.157.251:42113], old=null
2019-10-17 18:51:16,722 [a5e79c22-a35f-4e50-b1fd-e91b6a93d74d@group-F775CA5912AC-LeaderElection388] INFO  impl.LeaderElection (LogUtils.java:infoOrTrace(149)) -   Exception 0: {}
java.util.concurrent.ExecutionException: org.apache.ratis.thirdparty.io.grpc.StatusRuntimeException: UNAVAILABLE: io exception
	at java.util.concurrent.FutureTask.report(FutureTask.java:122)
	at java.util.concurrent.FutureTask.get(FutureTask.java:192)
	at org.apache.ratis.server.impl.LeaderElection.waitForResults(LeaderElection.java:259)
	at org.apache.ratis.server.impl.LeaderElection.askForVotes(LeaderElection.java:197)
	at org.apache.ratis.server.impl.LeaderElection.run(LeaderElection.java:133)
	at java.lang.Thread.run(Thread.java:748)
Caused by: org.apache.ratis.thirdparty.io.grpc.StatusRuntimeException: UNAVAILABLE: io exception
	at org.apache.ratis.thirdparty.io.grpc.stub.ClientCalls.toStatusRuntimeException(ClientCalls.java:233)
	at org.apache.ratis.thirdparty.io.grpc.stub.ClientCalls.getUnchecked(ClientCalls.java:214)
	at org.apache.ratis.thirdparty.io.grpc.stub.ClientCalls.blockingUnaryCall(ClientCalls.java:139)
	at org.apache.ratis.proto.grpc.RaftServerProtocolServiceGrpc$RaftServerProtocolServiceBlockingStub.requestVote(RaftServerProtocolServiceGrpc.java:265)
	at org.apache.ratis.grpc.server.GrpcServerProtocolClient.requestVote(GrpcServerProtocolClient.java:99)
	at org.apache.ratis.grpc.server.GrpcService.requestVote(GrpcService.java:204)
	at org.apache.ratis.server.impl.LeaderElection.lambda$submitRequests$1(LeaderElection.java:234)
	at java.util.concurrent.FutureTask.run(FutureTask.java:266)
	at java.util.concurrent.Executors$RunnableAdapter.call(Executors.java:511)
	at java.util.concurrent.FutureTask.run(FutureTask.java:266)
	at java.util.concurrent.ThreadPoolExecutor.runWorker(ThreadPoolExecutor.java:1149)
	at java.util.concurrent.ThreadPoolExecutor$Worker.run(ThreadPoolExecutor.java:624)
	... 1 more
Caused by: org.apache.ratis.thirdparty.io.netty.channel.AbstractChannel$AnnotatedConnectException: Connection refused: /192.168.157.251:42113
	at sun.nio.ch.SocketChannelImpl.checkConnect(Native Method)
	at sun.nio.ch.SocketChannelImpl.finishConnect(SocketChannelImpl.java:717)
	at org.apache.ratis.thirdparty.io.netty.channel.socket.nio.NioSocketChannel.doFinishConnect(NioSocketChannel.java:327)
	at org.apache.ratis.thirdparty.io.netty.channel.nio.AbstractNioChannel$AbstractNioUnsafe.finishConnect(AbstractNioChannel.java:340)
	at org.apache.ratis.thirdparty.io.netty.channel.nio.NioEventLoop.processSelectedKey(NioEventLoop.java:632)
	at org.apache.ratis.thirdparty.io.netty.channel.nio.NioEventLoop.processSelectedKeysOptimized(NioEventLoop.java:579)
	at org.apache.ratis.thirdparty.io.netty.channel.nio.NioEventLoop.processSelectedKeys(NioEventLoop.java:496)
	at org.apache.ratis.thirdparty.io.netty.channel.nio.NioEventLoop.run(NioEventLoop.java:458)
	at org.apache.ratis.thirdparty.io.netty.util.concurrent.SingleThreadEventExecutor$5.run(SingleThreadEventExecutor.java:897)
	at org.apache.ratis.thirdparty.io.netty.util.concurrent.FastThreadLocalRunnable.run(FastThreadLocalRunnable.java:30)
	... 1 more
Caused by: java.net.ConnectException: Connection refused
	... 11 more
2019-10-17 18:51:16,752 [a5e79c22-a35f-4e50-b1fd-e91b6a93d74d@group-F775CA5912AC-LeaderElection388] INFO  impl.LeaderElection (LeaderElection.java:askForVotes(178)) - a5e79c22-a35f-4e50-b1fd-e91b6a93d74d@group-F775CA5912AC-LeaderElection388: begin an election at term 221 for -1: [a5e79c22-a35f-4e50-b1fd-e91b6a93d74d:192.168.157.251:45177, daae7813-f814-475d-9647-a302a5541e36:192.168.157.251:45025, 1e4e1375-1b66-460f-8c99-4c341545a119:192.168.157.251:42113], old=null
2019-10-17 18:51:16,753 [a5e79c22-a35f-4e50-b1fd-e91b6a93d74d@group-F775CA5912AC-LeaderElection388] INFO  impl.LeaderElection (LogUtils.java:infoOrTrace(149)) - a5e79c22-a35f-4e50-b1fd-e91b6a93d74d@group-F775CA5912AC-LeaderElection388 got exception when requesting votes: {}
java.util.concurrent.ExecutionException: org.apache.ratis.thirdparty.io.grpc.StatusRuntimeException: UNAVAILABLE: io exception
	at java.util.concurrent.FutureTask.report(FutureTask.java:122)
	at java.util.concurrent.FutureTask.get(FutureTask.java:192)
	at org.apache.ratis.server.impl.LeaderElection.waitForResults(LeaderElection.java:259)
	at org.apache.ratis.server.impl.LeaderElection.askForVotes(LeaderElection.java:197)
	at org.apache.ratis.server.impl.LeaderElection.run(LeaderElection.java:133)
	at java.lang.Thread.run(Thread.java:748)
Caused by: org.apache.ratis.thirdparty.io.grpc.StatusRuntimeException: UNAVAILABLE: io exception
	at org.apache.ratis.thirdparty.io.grpc.stub.ClientCalls.toStatusRuntimeException(ClientCalls.java:233)
	at org.apache.ratis.thirdparty.io.grpc.stub.ClientCalls.getUnchecked(ClientCalls.java:214)
	at org.apache.ratis.thirdparty.io.grpc.stub.ClientCalls.blockingUnaryCall(ClientCalls.java:139)
	at org.apache.ratis.proto.grpc.RaftServerProtocolServiceGrpc$RaftServerProtocolServiceBlockingStub.requestVote(RaftServerProtocolServiceGrpc.java:265)
	at org.apache.ratis.grpc.server.GrpcServerProtocolClient.requestVote(GrpcServerProtocolClient.java:99)
	at org.apache.ratis.grpc.server.GrpcService.requestVote(GrpcService.java:204)
	at org.apache.ratis.server.impl.LeaderElection.lambda$submitRequests$1(LeaderElection.java:234)
	at java.util.concurrent.FutureTask.run(FutureTask.java:266)
	at java.util.concurrent.Executors$RunnableAdapter.call(Executors.java:511)
	at java.util.concurrent.FutureTask.run(FutureTask.java:266)
	at java.util.concurrent.ThreadPoolExecutor.runWorker(ThreadPoolExecutor.java:1149)
	at java.util.concurrent.ThreadPoolExecutor$Worker.run(ThreadPoolExecutor.java:624)
	... 1 more
Caused by: org.apache.ratis.thirdparty.io.netty.channel.AbstractChannel$AnnotatedConnectException: Connection refused: /192.168.157.251:42113
	at sun.nio.ch.SocketChannelImpl.checkConnect(Native Method)
	at sun.nio.ch.SocketChannelImpl.finishConnect(SocketChannelImpl.java:717)
	at org.apache.ratis.thirdparty.io.netty.channel.socket.nio.NioSocketChannel.doFinishConnect(NioSocketChannel.java:327)
	at org.apache.ratis.thirdparty.io.netty.channel.nio.AbstractNioChannel$AbstractNioUnsafe.finishConnect(AbstractNioChannel.java:340)
	at org.apache.ratis.thirdparty.io.netty.channel.nio.NioEventLoop.processSelectedKey(NioEventLoop.java:632)
	at org.apache.ratis.thirdparty.io.netty.channel.nio.NioEventLoop.processSelectedKeysOptimized(NioEventLoop.java:579)
	at org.apache.ratis.thirdparty.io.netty.channel.nio.NioEventLoop.processSelectedKeys(NioEventLoop.java:496)
	at org.apache.ratis.thirdparty.io.netty.channel.nio.NioEventLoop.run(NioEventLoop.java:458)
	at org.apache.ratis.thirdparty.io.netty.util.concurrent.SingleThreadEventExecutor$5.run(SingleThreadEventExecutor.java:897)
	at org.apache.ratis.thirdparty.io.netty.util.concurrent.FastThreadLocalRunnable.run(FastThreadLocalRunnable.java:30)
	... 1 more
Caused by: java.net.ConnectException: Connection refused
	... 11 more
2019-10-17 18:51:16,757 [grpc-default-executor-5] INFO  impl.RaftServerImpl (RaftServerImpl.java:setRole(184)) - daae7813-f814-475d-9647-a302a5541e36@group-F775CA5912AC: changes role from  FOLLOWER to FOLLOWER at term 221 for recognizeCandidate:a5e79c22-a35f-4e50-b1fd-e91b6a93d74d
2019-10-17 18:51:16,757 [grpc-default-executor-5] INFO  impl.RoleInfo (RoleInfo.java:shutdownFollowerState(121)) - daae7813-f814-475d-9647-a302a5541e36: shutdown FollowerState
2019-10-17 18:51:16,757 [grpc-default-executor-5] INFO  impl.RoleInfo (RoleInfo.java:updateAndGet(143)) - daae7813-f814-475d-9647-a302a5541e36: start FollowerState
2019-10-17 18:51:16,757 [Thread-3058] INFO  impl.FollowerState (FollowerState.java:run(117)) - daae7813-f814-475d-9647-a302a5541e36@group-F775CA5912AC-FollowerState was interrupted: java.lang.InterruptedException: sleep interrupted
2019-10-17 18:51:16,783 [a5e79c22-a35f-4e50-b1fd-e91b6a93d74d@group-F775CA5912AC-LeaderElection388] INFO  impl.LeaderElection (LeaderElection.java:logAndReturn(56)) - a5e79c22-a35f-4e50-b1fd-e91b6a93d74d@group-F775CA5912AC-LeaderElection388: Election REJECTED; received 1 response(s) [a5e79c22-a35f-4e50-b1fd-e91b6a93d74d<-daae7813-f814-475d-9647-a302a5541e36#0:FAIL-t221] and 1 exception(s); a5e79c22-a35f-4e50-b1fd-e91b6a93d74d@group-F775CA5912AC:t221, leader=null, voted=a5e79c22-a35f-4e50-b1fd-e91b6a93d74d, raftlog=a5e79c22-a35f-4e50-b1fd-e91b6a93d74d@group-F775CA5912AC-SegmentedRaftLog:OPENED:c-1,f-1,i0, conf=-1: [a5e79c22-a35f-4e50-b1fd-e91b6a93d74d:192.168.157.251:45177, daae7813-f814-475d-9647-a302a5541e36:192.168.157.251:45025, 1e4e1375-1b66-460f-8c99-4c341545a119:192.168.157.251:42113], old=null
2019-10-17 18:51:16,784 [a5e79c22-a35f-4e50-b1fd-e91b6a93d74d@group-F775CA5912AC-LeaderElection388] INFO  impl.LeaderElection (LogUtils.java:infoOrTrace(149)) -   Exception 0: {}
java.util.concurrent.ExecutionException: org.apache.ratis.thirdparty.io.grpc.StatusRuntimeException: UNAVAILABLE: io exception
	at java.util.concurrent.FutureTask.report(FutureTask.java:122)
	at java.util.concurrent.FutureTask.get(FutureTask.java:192)
	at org.apache.ratis.server.impl.LeaderElection.waitForResults(LeaderElection.java:259)
	at org.apache.ratis.server.impl.LeaderElection.askForVotes(LeaderElection.java:197)
	at org.apache.ratis.server.impl.LeaderElection.run(LeaderElection.java:133)
	at java.lang.Thread.run(Thread.java:748)
Caused by: org.apache.ratis.thirdparty.io.grpc.StatusRuntimeException: UNAVAILABLE: io exception
	at org.apache.ratis.thirdparty.io.grpc.stub.ClientCalls.toStatusRuntimeException(ClientCalls.java:233)
	at org.apache.ratis.thirdparty.io.grpc.stub.ClientCalls.getUnchecked(ClientCalls.java:214)
	at org.apache.ratis.thirdparty.io.grpc.stub.ClientCalls.blockingUnaryCall(ClientCalls.java:139)
	at org.apache.ratis.proto.grpc.RaftServerProtocolServiceGrpc$RaftServerProtocolServiceBlockingStub.requestVote(RaftServerProtocolServiceGrpc.java:265)
	at org.apache.ratis.grpc.server.GrpcServerProtocolClient.requestVote(GrpcServerProtocolClient.java:99)
	at org.apache.ratis.grpc.server.GrpcService.requestVote(GrpcService.java:204)
	at org.apache.ratis.server.impl.LeaderElection.lambda$submitRequests$1(LeaderElection.java:234)
	at java.util.concurrent.FutureTask.run(FutureTask.java:266)
	at java.util.concurrent.Executors$RunnableAdapter.call(Executors.java:511)
	at java.util.concurrent.FutureTask.run(FutureTask.java:266)
	at java.util.concurrent.ThreadPoolExecutor.runWorker(ThreadPoolExecutor.java:1149)
	at java.util.concurrent.ThreadPoolExecutor$Worker.run(ThreadPoolExecutor.java:624)
	... 1 more
Caused by: org.apache.ratis.thirdparty.io.netty.channel.AbstractChannel$AnnotatedConnectException: Connection refused: /192.168.157.251:42113
	at sun.nio.ch.SocketChannelImpl.checkConnect(Native Method)
	at sun.nio.ch.SocketChannelImpl.finishConnect(SocketChannelImpl.java:717)
	at org.apache.ratis.thirdparty.io.netty.channel.socket.nio.NioSocketChannel.doFinishConnect(NioSocketChannel.java:327)
	at org.apache.ratis.thirdparty.io.netty.channel.nio.AbstractNioChannel$AbstractNioUnsafe.finishConnect(AbstractNioChannel.java:340)
	at org.apache.ratis.thirdparty.io.netty.channel.nio.NioEventLoop.processSelectedKey(NioEventLoop.java:632)
	at org.apache.ratis.thirdparty.io.netty.channel.nio.NioEventLoop.processSelectedKeysOptimized(NioEventLoop.java:579)
	at org.apache.ratis.thirdparty.io.netty.channel.nio.NioEventLoop.processSelectedKeys(NioEventLoop.java:496)
	at org.apache.ratis.thirdparty.io.netty.channel.nio.NioEventLoop.run(NioEventLoop.java:458)
	at org.apache.ratis.thirdparty.io.netty.util.concurrent.SingleThreadEventExecutor$5.run(SingleThreadEventExecutor.java:897)
	at org.apache.ratis.thirdparty.io.netty.util.concurrent.FastThreadLocalRunnable.run(FastThreadLocalRunnable.java:30)
	... 1 more
Caused by: java.net.ConnectException: Connection refused
	... 11 more
2019-10-17 18:51:16,784 [a5e79c22-a35f-4e50-b1fd-e91b6a93d74d@group-F775CA5912AC-LeaderElection388] INFO  impl.RaftServerImpl (RaftServerImpl.java:setRole(184)) - a5e79c22-a35f-4e50-b1fd-e91b6a93d74d@group-F775CA5912AC: changes role from CANDIDATE to FOLLOWER at term 221 for DISCOVERED_A_NEW_TERM
2019-10-17 18:51:16,784 [a5e79c22-a35f-4e50-b1fd-e91b6a93d74d@group-F775CA5912AC-LeaderElection388] INFO  impl.RoleInfo (RoleInfo.java:shutdownLeaderElection(134)) - a5e79c22-a35f-4e50-b1fd-e91b6a93d74d: shutdown LeaderElection
2019-10-17 18:51:16,784 [a5e79c22-a35f-4e50-b1fd-e91b6a93d74d@group-F775CA5912AC-LeaderElection388] INFO  impl.RoleInfo (RoleInfo.java:updateAndGet(143)) - a5e79c22-a35f-4e50-b1fd-e91b6a93d74d: start FollowerState
2019-10-17 18:51:16,905 [Thread-3062] INFO  impl.FollowerState (FollowerState.java:run(108)) - a5e79c22-a35f-4e50-b1fd-e91b6a93d74d@group-F775CA5912AC-FollowerState: change to CANDIDATE, lastRpcTime:120ms, electionTimeout:120ms
2019-10-17 18:51:16,905 [Thread-3062] INFO  impl.RoleInfo (RoleInfo.java:shutdownFollowerState(121)) - a5e79c22-a35f-4e50-b1fd-e91b6a93d74d: shutdown FollowerState
2019-10-17 18:51:16,905 [Thread-3062] INFO  impl.RaftServerImpl (RaftServerImpl.java:setRole(184)) - a5e79c22-a35f-4e50-b1fd-e91b6a93d74d@group-F775CA5912AC: changes role from  FOLLOWER to CANDIDATE at term 221 for changeToCandidate
2019-10-17 18:51:16,905 [Thread-3062] INFO  impl.RoleInfo (RoleInfo.java:updateAndGet(143)) - a5e79c22-a35f-4e50-b1fd-e91b6a93d74d: start LeaderElection
2019-10-17 18:51:16,919 [a5e79c22-a35f-4e50-b1fd-e91b6a93d74d@group-F775CA5912AC-LeaderElection389] INFO  impl.LeaderElection (LeaderElection.java:askForVotes(178)) - a5e79c22-a35f-4e50-b1fd-e91b6a93d74d@group-F775CA5912AC-LeaderElection389: begin an election at term 222 for -1: [a5e79c22-a35f-4e50-b1fd-e91b6a93d74d:192.168.157.251:45177, daae7813-f814-475d-9647-a302a5541e36:192.168.157.251:45025, 1e4e1375-1b66-460f-8c99-4c341545a119:192.168.157.251:42113], old=null
2019-10-17 18:51:16,920 [a5e79c22-a35f-4e50-b1fd-e91b6a93d74d@group-F775CA5912AC-LeaderElection389] INFO  impl.LeaderElection (LogUtils.java:infoOrTrace(149)) - a5e79c22-a35f-4e50-b1fd-e91b6a93d74d@group-F775CA5912AC-LeaderElection389 got exception when requesting votes: {}
java.util.concurrent.ExecutionException: org.apache.ratis.thirdparty.io.grpc.StatusRuntimeException: UNAVAILABLE: io exception
	at java.util.concurrent.FutureTask.report(FutureTask.java:122)
	at java.util.concurrent.FutureTask.get(FutureTask.java:192)
	at org.apache.ratis.server.impl.LeaderElection.waitForResults(LeaderElection.java:259)
	at org.apache.ratis.server.impl.LeaderElection.askForVotes(LeaderElection.java:197)
	at org.apache.ratis.server.impl.LeaderElection.run(LeaderElection.java:133)
	at java.lang.Thread.run(Thread.java:748)
Caused by: org.apache.ratis.thirdparty.io.grpc.StatusRuntimeException: UNAVAILABLE: io exception
	at org.apache.ratis.thirdparty.io.grpc.stub.ClientCalls.toStatusRuntimeException(ClientCalls.java:233)
	at org.apache.ratis.thirdparty.io.grpc.stub.ClientCalls.getUnchecked(ClientCalls.java:214)
	at org.apache.ratis.thirdparty.io.grpc.stub.ClientCalls.blockingUnaryCall(ClientCalls.java:139)
	at org.apache.ratis.proto.grpc.RaftServerProtocolServiceGrpc$RaftServerProtocolServiceBlockingStub.requestVote(RaftServerProtocolServiceGrpc.java:265)
	at org.apache.ratis.grpc.server.GrpcServerProtocolClient.requestVote(GrpcServerProtocolClient.java:99)
	at org.apache.ratis.grpc.server.GrpcService.requestVote(GrpcService.java:204)
	at org.apache.ratis.server.impl.LeaderElection.lambda$submitRequests$1(LeaderElection.java:234)
	at java.util.concurrent.FutureTask.run(FutureTask.java:266)
	at java.util.concurrent.Executors$RunnableAdapter.call(Executors.java:511)
	at java.util.concurrent.FutureTask.run(FutureTask.java:266)
	at java.util.concurrent.ThreadPoolExecutor.runWorker(ThreadPoolExecutor.java:1149)
	at java.util.concurrent.ThreadPoolExecutor$Worker.run(ThreadPoolExecutor.java:624)
	... 1 more
Caused by: org.apache.ratis.thirdparty.io.netty.channel.AbstractChannel$AnnotatedConnectException: Connection refused: /192.168.157.251:42113
	at sun.nio.ch.SocketChannelImpl.checkConnect(Native Method)
	at sun.nio.ch.SocketChannelImpl.finishConnect(SocketChannelImpl.java:717)
	at org.apache.ratis.thirdparty.io.netty.channel.socket.nio.NioSocketChannel.doFinishConnect(NioSocketChannel.java:327)
	at org.apache.ratis.thirdparty.io.netty.channel.nio.AbstractNioChannel$AbstractNioUnsafe.finishConnect(AbstractNioChannel.java:340)
	at org.apache.ratis.thirdparty.io.netty.channel.nio.NioEventLoop.processSelectedKey(NioEventLoop.java:632)
	at org.apache.ratis.thirdparty.io.netty.channel.nio.NioEventLoop.processSelectedKeysOptimized(NioEventLoop.java:579)
	at org.apache.ratis.thirdparty.io.netty.channel.nio.NioEventLoop.processSelectedKeys(NioEventLoop.java:496)
	at org.apache.ratis.thirdparty.io.netty.channel.nio.NioEventLoop.run(NioEventLoop.java:458)
	at org.apache.ratis.thirdparty.io.netty.util.concurrent.SingleThreadEventExecutor$5.run(SingleThreadEventExecutor.java:897)
	at org.apache.ratis.thirdparty.io.netty.util.concurrent.FastThreadLocalRunnable.run(FastThreadLocalRunnable.java:30)
	... 1 more
Caused by: java.net.ConnectException: Connection refused
	... 11 more
2019-10-17 18:51:16,930 [grpc-default-executor-5] INFO  impl.RaftServerImpl (RaftServerImpl.java:setRole(184)) - daae7813-f814-475d-9647-a302a5541e36@group-F775CA5912AC: changes role from  FOLLOWER to FOLLOWER at term 222 for recognizeCandidate:a5e79c22-a35f-4e50-b1fd-e91b6a93d74d
2019-10-17 18:51:16,930 [grpc-default-executor-5] INFO  impl.RoleInfo (RoleInfo.java:shutdownFollowerState(121)) - daae7813-f814-475d-9647-a302a5541e36: shutdown FollowerState
2019-10-17 18:51:16,930 [grpc-default-executor-5] INFO  impl.RoleInfo (RoleInfo.java:updateAndGet(143)) - daae7813-f814-475d-9647-a302a5541e36: start FollowerState
2019-10-17 18:51:16,930 [Thread-3061] INFO  impl.FollowerState (FollowerState.java:run(117)) - daae7813-f814-475d-9647-a302a5541e36@group-F775CA5912AC-FollowerState was interrupted: java.lang.InterruptedException: sleep interrupted
2019-10-17 18:51:16,958 [a5e79c22-a35f-4e50-b1fd-e91b6a93d74d@group-F775CA5912AC-LeaderElection389] INFO  impl.LeaderElection (LeaderElection.java:logAndReturn(56)) - a5e79c22-a35f-4e50-b1fd-e91b6a93d74d@group-F775CA5912AC-LeaderElection389: Election TIMEOUT; received 0 response(s) [] and 1 exception(s); a5e79c22-a35f-4e50-b1fd-e91b6a93d74d@group-F775CA5912AC:t222, leader=null, voted=a5e79c22-a35f-4e50-b1fd-e91b6a93d74d, raftlog=a5e79c22-a35f-4e50-b1fd-e91b6a93d74d@group-F775CA5912AC-SegmentedRaftLog:OPENED:c-1,f-1,i0, conf=-1: [a5e79c22-a35f-4e50-b1fd-e91b6a93d74d:192.168.157.251:45177, daae7813-f814-475d-9647-a302a5541e36:192.168.157.251:45025, 1e4e1375-1b66-460f-8c99-4c341545a119:192.168.157.251:42113], old=null
2019-10-17 18:51:16,958 [a5e79c22-a35f-4e50-b1fd-e91b6a93d74d@group-F775CA5912AC-LeaderElection389] INFO  impl.LeaderElection (LogUtils.java:infoOrTrace(149)) -   Exception 0: {}
java.util.concurrent.ExecutionException: org.apache.ratis.thirdparty.io.grpc.StatusRuntimeException: UNAVAILABLE: io exception
	at java.util.concurrent.FutureTask.report(FutureTask.java:122)
	at java.util.concurrent.FutureTask.get(FutureTask.java:192)
	at org.apache.ratis.server.impl.LeaderElection.waitForResults(LeaderElection.java:259)
	at org.apache.ratis.server.impl.LeaderElection.askForVotes(LeaderElection.java:197)
	at org.apache.ratis.server.impl.LeaderElection.run(LeaderElection.java:133)
	at java.lang.Thread.run(Thread.java:748)
Caused by: org.apache.ratis.thirdparty.io.grpc.StatusRuntimeException: UNAVAILABLE: io exception
	at org.apache.ratis.thirdparty.io.grpc.stub.ClientCalls.toStatusRuntimeException(ClientCalls.java:233)
	at org.apache.ratis.thirdparty.io.grpc.stub.ClientCalls.getUnchecked(ClientCalls.java:214)
	at org.apache.ratis.thirdparty.io.grpc.stub.ClientCalls.blockingUnaryCall(ClientCalls.java:139)
	at org.apache.ratis.proto.grpc.RaftServerProtocolServiceGrpc$RaftServerProtocolServiceBlockingStub.requestVote(RaftServerProtocolServiceGrpc.java:265)
	at org.apache.ratis.grpc.server.GrpcServerProtocolClient.requestVote(GrpcServerProtocolClient.java:99)
	at org.apache.ratis.grpc.server.GrpcService.requestVote(GrpcService.java:204)
	at org.apache.ratis.server.impl.LeaderElection.lambda$submitRequests$1(LeaderElection.java:234)
	at java.util.concurrent.FutureTask.run(FutureTask.java:266)
	at java.util.concurrent.Executors$RunnableAdapter.call(Executors.java:511)
	at java.util.concurrent.FutureTask.run(FutureTask.java:266)
	at java.util.concurrent.ThreadPoolExecutor.runWorker(ThreadPoolExecutor.java:1149)
	at java.util.concurrent.ThreadPoolExecutor$Worker.run(ThreadPoolExecutor.java:624)
	... 1 more
Caused by: org.apache.ratis.thirdparty.io.netty.channel.AbstractChannel$AnnotatedConnectException: Connection refused: /192.168.157.251:42113
	at sun.nio.ch.SocketChannelImpl.checkConnect(Native Method)
	at sun.nio.ch.SocketChannelImpl.finishConnect(SocketChannelImpl.java:717)
	at org.apache.ratis.thirdparty.io.netty.channel.socket.nio.NioSocketChannel.doFinishConnect(NioSocketChannel.java:327)
	at org.apache.ratis.thirdparty.io.netty.channel.nio.AbstractNioChannel$AbstractNioUnsafe.finishConnect(AbstractNioChannel.java:340)
	at org.apache.ratis.thirdparty.io.netty.channel.nio.NioEventLoop.processSelectedKey(NioEventLoop.java:632)
	at org.apache.ratis.thirdparty.io.netty.channel.nio.NioEventLoop.processSelectedKeysOptimized(NioEventLoop.java:579)
	at org.apache.ratis.thirdparty.io.netty.channel.nio.NioEventLoop.processSelectedKeys(NioEventLoop.java:496)
	at org.apache.ratis.thirdparty.io.netty.channel.nio.NioEventLoop.run(NioEventLoop.java:458)
	at org.apache.ratis.thirdparty.io.netty.util.concurrent.SingleThreadEventExecutor$5.run(SingleThreadEventExecutor.java:897)
	at org.apache.ratis.thirdparty.io.netty.util.concurrent.FastThreadLocalRunnable.run(FastThreadLocalRunnable.java:30)
	... 1 more
Caused by: java.net.ConnectException: Connection refused
	... 11 more
2019-10-17 18:51:17,026 [a5e79c22-a35f-4e50-b1fd-e91b6a93d74d@group-F775CA5912AC-LeaderElection389] INFO  impl.LeaderElection (LeaderElection.java:askForVotes(178)) - a5e79c22-a35f-4e50-b1fd-e91b6a93d74d@group-F775CA5912AC-LeaderElection389: begin an election at term 223 for -1: [a5e79c22-a35f-4e50-b1fd-e91b6a93d74d:192.168.157.251:45177, daae7813-f814-475d-9647-a302a5541e36:192.168.157.251:45025, 1e4e1375-1b66-460f-8c99-4c341545a119:192.168.157.251:42113], old=null
2019-10-17 18:51:17,027 [a5e79c22-a35f-4e50-b1fd-e91b6a93d74d@group-F775CA5912AC-LeaderElection389] INFO  impl.LeaderElection (LogUtils.java:infoOrTrace(149)) - a5e79c22-a35f-4e50-b1fd-e91b6a93d74d@group-F775CA5912AC-LeaderElection389 got exception when requesting votes: {}
java.util.concurrent.ExecutionException: org.apache.ratis.thirdparty.io.grpc.StatusRuntimeException: UNAVAILABLE: io exception
	at java.util.concurrent.FutureTask.report(FutureTask.java:122)
	at java.util.concurrent.FutureTask.get(FutureTask.java:192)
	at org.apache.ratis.server.impl.LeaderElection.waitForResults(LeaderElection.java:259)
	at org.apache.ratis.server.impl.LeaderElection.askForVotes(LeaderElection.java:197)
	at org.apache.ratis.server.impl.LeaderElection.run(LeaderElection.java:133)
	at java.lang.Thread.run(Thread.java:748)
Caused by: org.apache.ratis.thirdparty.io.grpc.StatusRuntimeException: UNAVAILABLE: io exception
	at org.apache.ratis.thirdparty.io.grpc.stub.ClientCalls.toStatusRuntimeException(ClientCalls.java:233)
	at org.apache.ratis.thirdparty.io.grpc.stub.ClientCalls.getUnchecked(ClientCalls.java:214)
	at org.apache.ratis.thirdparty.io.grpc.stub.ClientCalls.blockingUnaryCall(ClientCalls.java:139)
	at org.apache.ratis.proto.grpc.RaftServerProtocolServiceGrpc$RaftServerProtocolServiceBlockingStub.requestVote(RaftServerProtocolServiceGrpc.java:265)
	at org.apache.ratis.grpc.server.GrpcServerProtocolClient.requestVote(GrpcServerProtocolClient.java:99)
	at org.apache.ratis.grpc.server.GrpcService.requestVote(GrpcService.java:204)
	at org.apache.ratis.server.impl.LeaderElection.lambda$submitRequests$1(LeaderElection.java:234)
	at java.util.concurrent.FutureTask.run(FutureTask.java:266)
	at java.util.concurrent.Executors$RunnableAdapter.call(Executors.java:511)
	at java.util.concurrent.FutureTask.run(FutureTask.java:266)
	at java.util.concurrent.ThreadPoolExecutor.runWorker(ThreadPoolExecutor.java:1149)
	at java.util.concurrent.ThreadPoolExecutor$Worker.run(ThreadPoolExecutor.java:624)
	... 1 more
Caused by: org.apache.ratis.thirdparty.io.netty.channel.AbstractChannel$AnnotatedConnectException: Connection refused: /192.168.157.251:42113
	at sun.nio.ch.SocketChannelImpl.checkConnect(Native Method)
	at sun.nio.ch.SocketChannelImpl.finishConnect(SocketChannelImpl.java:717)
	at org.apache.ratis.thirdparty.io.netty.channel.socket.nio.NioSocketChannel.doFinishConnect(NioSocketChannel.java:327)
	at org.apache.ratis.thirdparty.io.netty.channel.nio.AbstractNioChannel$AbstractNioUnsafe.finishConnect(AbstractNioChannel.java:340)
	at org.apache.ratis.thirdparty.io.netty.channel.nio.NioEventLoop.processSelectedKey(NioEventLoop.java:632)
	at org.apache.ratis.thirdparty.io.netty.channel.nio.NioEventLoop.processSelectedKeysOptimized(NioEventLoop.java:579)
	at org.apache.ratis.thirdparty.io.netty.channel.nio.NioEventLoop.processSelectedKeys(NioEventLoop.java:496)
	at org.apache.ratis.thirdparty.io.netty.channel.nio.NioEventLoop.run(NioEventLoop.java:458)
	at org.apache.ratis.thirdparty.io.netty.util.concurrent.SingleThreadEventExecutor$5.run(SingleThreadEventExecutor.java:897)
	at org.apache.ratis.thirdparty.io.netty.util.concurrent.FastThreadLocalRunnable.run(FastThreadLocalRunnable.java:30)
	... 1 more
Caused by: java.net.ConnectException: Connection refused
	... 11 more
2019-10-17 18:51:17,036 [grpc-default-executor-5] INFO  impl.RaftServerImpl (RaftServerImpl.java:setRole(184)) - daae7813-f814-475d-9647-a302a5541e36@group-F775CA5912AC: changes role from  FOLLOWER to FOLLOWER at term 223 for recognizeCandidate:a5e79c22-a35f-4e50-b1fd-e91b6a93d74d
2019-10-17 18:51:17,036 [grpc-default-executor-5] INFO  impl.RoleInfo (RoleInfo.java:shutdownFollowerState(121)) - daae7813-f814-475d-9647-a302a5541e36: shutdown FollowerState
2019-10-17 18:51:17,036 [grpc-default-executor-5] INFO  impl.RoleInfo (RoleInfo.java:updateAndGet(143)) - daae7813-f814-475d-9647-a302a5541e36: start FollowerState
2019-10-17 18:51:17,036 [Thread-3067] INFO  impl.FollowerState (FollowerState.java:run(117)) - daae7813-f814-475d-9647-a302a5541e36@group-F775CA5912AC-FollowerState was interrupted: java.lang.InterruptedException: sleep interrupted
2019-10-17 18:51:17,094 [a5e79c22-a35f-4e50-b1fd-e91b6a93d74d@group-F775CA5912AC-LeaderElection389] INFO  impl.LeaderElection (LeaderElection.java:logAndReturn(56)) - a5e79c22-a35f-4e50-b1fd-e91b6a93d74d@group-F775CA5912AC-LeaderElection389: Election REJECTED; received 1 response(s) [a5e79c22-a35f-4e50-b1fd-e91b6a93d74d<-daae7813-f814-475d-9647-a302a5541e36#0:FAIL-t223] and 1 exception(s); a5e79c22-a35f-4e50-b1fd-e91b6a93d74d@group-F775CA5912AC:t223, leader=null, voted=a5e79c22-a35f-4e50-b1fd-e91b6a93d74d, raftlog=a5e79c22-a35f-4e50-b1fd-e91b6a93d74d@group-F775CA5912AC-SegmentedRaftLog:OPENED:c-1,f-1,i0, conf=-1: [a5e79c22-a35f-4e50-b1fd-e91b6a93d74d:192.168.157.251:45177, daae7813-f814-475d-9647-a302a5541e36:192.168.157.251:45025, 1e4e1375-1b66-460f-8c99-4c341545a119:192.168.157.251:42113], old=null
2019-10-17 18:51:17,094 [a5e79c22-a35f-4e50-b1fd-e91b6a93d74d@group-F775CA5912AC-LeaderElection389] INFO  impl.LeaderElection (LogUtils.java:infoOrTrace(149)) -   Exception 0: {}
java.util.concurrent.ExecutionException: org.apache.ratis.thirdparty.io.grpc.StatusRuntimeException: UNAVAILABLE: io exception
	at java.util.concurrent.FutureTask.report(FutureTask.java:122)
	at java.util.concurrent.FutureTask.get(FutureTask.java:192)
	at org.apache.ratis.server.impl.LeaderElection.waitForResults(LeaderElection.java:259)
	at org.apache.ratis.server.impl.LeaderElection.askForVotes(LeaderElection.java:197)
	at org.apache.ratis.server.impl.LeaderElection.run(LeaderElection.java:133)
	at java.lang.Thread.run(Thread.java:748)
Caused by: org.apache.ratis.thirdparty.io.grpc.StatusRuntimeException: UNAVAILABLE: io exception
	at org.apache.ratis.thirdparty.io.grpc.stub.ClientCalls.toStatusRuntimeException(ClientCalls.java:233)
	at org.apache.ratis.thirdparty.io.grpc.stub.ClientCalls.getUnchecked(ClientCalls.java:214)
	at org.apache.ratis.thirdparty.io.grpc.stub.ClientCalls.blockingUnaryCall(ClientCalls.java:139)
	at org.apache.ratis.proto.grpc.RaftServerProtocolServiceGrpc$RaftServerProtocolServiceBlockingStub.requestVote(RaftServerProtocolServiceGrpc.java:265)
	at org.apache.ratis.grpc.server.GrpcServerProtocolClient.requestVote(GrpcServerProtocolClient.java:99)
	at org.apache.ratis.grpc.server.GrpcService.requestVote(GrpcService.java:204)
	at org.apache.ratis.server.impl.LeaderElection.lambda$submitRequests$1(LeaderElection.java:234)
	at java.util.concurrent.FutureTask.run(FutureTask.java:266)
	at java.util.concurrent.Executors$RunnableAdapter.call(Executors.java:511)
	at java.util.concurrent.FutureTask.run(FutureTask.java:266)
	at java.util.concurrent.ThreadPoolExecutor.runWorker(ThreadPoolExecutor.java:1149)
	at java.util.concurrent.ThreadPoolExecutor$Worker.run(ThreadPoolExecutor.java:624)
	... 1 more
Caused by: org.apache.ratis.thirdparty.io.netty.channel.AbstractChannel$AnnotatedConnectException: Connection refused: /192.168.157.251:42113
	at sun.nio.ch.SocketChannelImpl.checkConnect(Native Method)
	at sun.nio.ch.SocketChannelImpl.finishConnect(SocketChannelImpl.java:717)
	at org.apache.ratis.thirdparty.io.netty.channel.socket.nio.NioSocketChannel.doFinishConnect(NioSocketChannel.java:327)
	at org.apache.ratis.thirdparty.io.netty.channel.nio.AbstractNioChannel$AbstractNioUnsafe.finishConnect(AbstractNioChannel.java:340)
	at org.apache.ratis.thirdparty.io.netty.channel.nio.NioEventLoop.processSelectedKey(NioEventLoop.java:632)
	at org.apache.ratis.thirdparty.io.netty.channel.nio.NioEventLoop.processSelectedKeysOptimized(NioEventLoop.java:579)
	at org.apache.ratis.thirdparty.io.netty.channel.nio.NioEventLoop.processSelectedKeys(NioEventLoop.java:496)
	at org.apache.ratis.thirdparty.io.netty.channel.nio.NioEventLoop.run(NioEventLoop.java:458)
	at org.apache.ratis.thirdparty.io.netty.util.concurrent.SingleThreadEventExecutor$5.run(SingleThreadEventExecutor.java:897)
	at org.apache.ratis.thirdparty.io.netty.util.concurrent.FastThreadLocalRunnable.run(FastThreadLocalRunnable.java:30)
	... 1 more
Caused by: java.net.ConnectException: Connection refused
	... 11 more
2019-10-17 18:51:17,095 [a5e79c22-a35f-4e50-b1fd-e91b6a93d74d@group-F775CA5912AC-LeaderElection389] INFO  impl.RaftServerImpl (RaftServerImpl.java:setRole(184)) - a5e79c22-a35f-4e50-b1fd-e91b6a93d74d@group-F775CA5912AC: changes role from CANDIDATE to FOLLOWER at term 223 for DISCOVERED_A_NEW_TERM
2019-10-17 18:51:17,095 [a5e79c22-a35f-4e50-b1fd-e91b6a93d74d@group-F775CA5912AC-LeaderElection389] INFO  impl.RoleInfo (RoleInfo.java:shutdownLeaderElection(134)) - a5e79c22-a35f-4e50-b1fd-e91b6a93d74d: shutdown LeaderElection
2019-10-17 18:51:17,095 [a5e79c22-a35f-4e50-b1fd-e91b6a93d74d@group-F775CA5912AC-LeaderElection389] INFO  impl.RoleInfo (RoleInfo.java:updateAndGet(143)) - a5e79c22-a35f-4e50-b1fd-e91b6a93d74d: start FollowerState
2019-10-17 18:51:17,152 [Thread-3071] INFO  impl.FollowerState (FollowerState.java:run(108)) - a5e79c22-a35f-4e50-b1fd-e91b6a93d74d@group-F775CA5912AC-FollowerState: change to CANDIDATE, lastRpcTime:57ms, electionTimeout:57ms
2019-10-17 18:51:17,152 [Thread-3071] INFO  impl.RoleInfo (RoleInfo.java:shutdownFollowerState(121)) - a5e79c22-a35f-4e50-b1fd-e91b6a93d74d: shutdown FollowerState
2019-10-17 18:51:17,153 [Thread-3071] INFO  impl.RaftServerImpl (RaftServerImpl.java:setRole(184)) - a5e79c22-a35f-4e50-b1fd-e91b6a93d74d@group-F775CA5912AC: changes role from  FOLLOWER to CANDIDATE at term 223 for changeToCandidate
2019-10-17 18:51:17,153 [Thread-3071] INFO  impl.RoleInfo (RoleInfo.java:updateAndGet(143)) - a5e79c22-a35f-4e50-b1fd-e91b6a93d74d: start LeaderElection
2019-10-17 18:51:17,176 [a5e79c22-a35f-4e50-b1fd-e91b6a93d74d@group-F775CA5912AC-LeaderElection390] INFO  impl.LeaderElection (LeaderElection.java:askForVotes(178)) - a5e79c22-a35f-4e50-b1fd-e91b6a93d74d@group-F775CA5912AC-LeaderElection390: begin an election at term 224 for -1: [a5e79c22-a35f-4e50-b1fd-e91b6a93d74d:192.168.157.251:45177, daae7813-f814-475d-9647-a302a5541e36:192.168.157.251:45025, 1e4e1375-1b66-460f-8c99-4c341545a119:192.168.157.251:42113], old=null
2019-10-17 18:51:17,177 [a5e79c22-a35f-4e50-b1fd-e91b6a93d74d@group-F775CA5912AC-LeaderElection390] INFO  impl.LeaderElection (LogUtils.java:infoOrTrace(149)) - a5e79c22-a35f-4e50-b1fd-e91b6a93d74d@group-F775CA5912AC-LeaderElection390 got exception when requesting votes: {}
java.util.concurrent.ExecutionException: org.apache.ratis.thirdparty.io.grpc.StatusRuntimeException: UNAVAILABLE: io exception
	at java.util.concurrent.FutureTask.report(FutureTask.java:122)
	at java.util.concurrent.FutureTask.get(FutureTask.java:192)
	at org.apache.ratis.server.impl.LeaderElection.waitForResults(LeaderElection.java:259)
	at org.apache.ratis.server.impl.LeaderElection.askForVotes(LeaderElection.java:197)
	at org.apache.ratis.server.impl.LeaderElection.run(LeaderElection.java:133)
	at java.lang.Thread.run(Thread.java:748)
Caused by: org.apache.ratis.thirdparty.io.grpc.StatusRuntimeException: UNAVAILABLE: io exception
	at org.apache.ratis.thirdparty.io.grpc.stub.ClientCalls.toStatusRuntimeException(ClientCalls.java:233)
	at org.apache.ratis.thirdparty.io.grpc.stub.ClientCalls.getUnchecked(ClientCalls.java:214)
	at org.apache.ratis.thirdparty.io.grpc.stub.ClientCalls.blockingUnaryCall(ClientCalls.java:139)
	at org.apache.ratis.proto.grpc.RaftServerProtocolServiceGrpc$RaftServerProtocolServiceBlockingStub.requestVote(RaftServerProtocolServiceGrpc.java:265)
	at org.apache.ratis.grpc.server.GrpcServerProtocolClient.requestVote(GrpcServerProtocolClient.java:99)
	at org.apache.ratis.grpc.server.GrpcService.requestVote(GrpcService.java:204)
	at org.apache.ratis.server.impl.LeaderElection.lambda$submitRequests$1(LeaderElection.java:234)
	at java.util.concurrent.FutureTask.run(FutureTask.java:266)
	at java.util.concurrent.Executors$RunnableAdapter.call(Executors.java:511)
	at java.util.concurrent.FutureTask.run(FutureTask.java:266)
	at java.util.concurrent.ThreadPoolExecutor.runWorker(ThreadPoolExecutor.java:1149)
	at java.util.concurrent.ThreadPoolExecutor$Worker.run(ThreadPoolExecutor.java:624)
	... 1 more
Caused by: org.apache.ratis.thirdparty.io.netty.channel.AbstractChannel$AnnotatedConnectException: Connection refused: /192.168.157.251:42113
	at sun.nio.ch.SocketChannelImpl.checkConnect(Native Method)
	at sun.nio.ch.SocketChannelImpl.finishConnect(SocketChannelImpl.java:717)
	at org.apache.ratis.thirdparty.io.netty.channel.socket.nio.NioSocketChannel.doFinishConnect(NioSocketChannel.java:327)
	at org.apache.ratis.thirdparty.io.netty.channel.nio.AbstractNioChannel$AbstractNioUnsafe.finishConnect(AbstractNioChannel.java:340)
	at org.apache.ratis.thirdparty.io.netty.channel.nio.NioEventLoop.processSelectedKey(NioEventLoop.java:632)
	at org.apache.ratis.thirdparty.io.netty.channel.nio.NioEventLoop.processSelectedKeysOptimized(NioEventLoop.java:579)
	at org.apache.ratis.thirdparty.io.netty.channel.nio.NioEventLoop.processSelectedKeys(NioEventLoop.java:496)
	at org.apache.ratis.thirdparty.io.netty.channel.nio.NioEventLoop.run(NioEventLoop.java:458)
	at org.apache.ratis.thirdparty.io.netty.util.concurrent.SingleThreadEventExecutor$5.run(SingleThreadEventExecutor.java:897)
	at org.apache.ratis.thirdparty.io.netty.util.concurrent.FastThreadLocalRunnable.run(FastThreadLocalRunnable.java:30)
	... 1 more
Caused by: java.net.ConnectException: Connection refused
	... 11 more
2019-10-17 18:51:17,178 [grpc-default-executor-5] INFO  impl.RaftServerImpl (RaftServerImpl.java:setRole(184)) - daae7813-f814-475d-9647-a302a5541e36@group-F775CA5912AC: changes role from  FOLLOWER to FOLLOWER at term 224 for recognizeCandidate:a5e79c22-a35f-4e50-b1fd-e91b6a93d74d
2019-10-17 18:51:17,178 [grpc-default-executor-5] INFO  impl.RoleInfo (RoleInfo.java:shutdownFollowerState(121)) - daae7813-f814-475d-9647-a302a5541e36: shutdown FollowerState
2019-10-17 18:51:17,178 [grpc-default-executor-5] INFO  impl.RoleInfo (RoleInfo.java:updateAndGet(143)) - daae7813-f814-475d-9647-a302a5541e36: start FollowerState
2019-10-17 18:51:17,178 [Thread-3070] INFO  impl.FollowerState (FollowerState.java:run(117)) - daae7813-f814-475d-9647-a302a5541e36@group-F775CA5912AC-FollowerState was interrupted: java.lang.InterruptedException: sleep interrupted
2019-10-17 18:51:17,220 [a5e79c22-a35f-4e50-b1fd-e91b6a93d74d@group-F775CA5912AC-LeaderElection390] INFO  impl.LeaderElection (LeaderElection.java:logAndReturn(56)) - a5e79c22-a35f-4e50-b1fd-e91b6a93d74d@group-F775CA5912AC-LeaderElection390: Election TIMEOUT; received 0 response(s) [] and 1 exception(s); a5e79c22-a35f-4e50-b1fd-e91b6a93d74d@group-F775CA5912AC:t224, leader=null, voted=a5e79c22-a35f-4e50-b1fd-e91b6a93d74d, raftlog=a5e79c22-a35f-4e50-b1fd-e91b6a93d74d@group-F775CA5912AC-SegmentedRaftLog:OPENED:c-1,f-1,i0, conf=-1: [a5e79c22-a35f-4e50-b1fd-e91b6a93d74d:192.168.157.251:45177, daae7813-f814-475d-9647-a302a5541e36:192.168.157.251:45025, 1e4e1375-1b66-460f-8c99-4c341545a119:192.168.157.251:42113], old=null
2019-10-17 18:51:17,220 [a5e79c22-a35f-4e50-b1fd-e91b6a93d74d@group-F775CA5912AC-LeaderElection390] INFO  impl.LeaderElection (LogUtils.java:infoOrTrace(149)) -   Exception 0: {}
java.util.concurrent.ExecutionException: org.apache.ratis.thirdparty.io.grpc.StatusRuntimeException: UNAVAILABLE: io exception
	at java.util.concurrent.FutureTask.report(FutureTask.java:122)
	at java.util.concurrent.FutureTask.get(FutureTask.java:192)
	at org.apache.ratis.server.impl.LeaderElection.waitForResults(LeaderElection.java:259)
	at org.apache.ratis.server.impl.LeaderElection.askForVotes(LeaderElection.java:197)
	at org.apache.ratis.server.impl.LeaderElection.run(LeaderElection.java:133)
	at java.lang.Thread.run(Thread.java:748)
Caused by: org.apache.ratis.thirdparty.io.grpc.StatusRuntimeException: UNAVAILABLE: io exception
	at org.apache.ratis.thirdparty.io.grpc.stub.ClientCalls.toStatusRuntimeException(ClientCalls.java:233)
	at org.apache.ratis.thirdparty.io.grpc.stub.ClientCalls.getUnchecked(ClientCalls.java:214)
	at org.apache.ratis.thirdparty.io.grpc.stub.ClientCalls.blockingUnaryCall(ClientCalls.java:139)
	at org.apache.ratis.proto.grpc.RaftServerProtocolServiceGrpc$RaftServerProtocolServiceBlockingStub.requestVote(RaftServerProtocolServiceGrpc.java:265)
	at org.apache.ratis.grpc.server.GrpcServerProtocolClient.requestVote(GrpcServerProtocolClient.java:99)
	at org.apache.ratis.grpc.server.GrpcService.requestVote(GrpcService.java:204)
	at org.apache.ratis.server.impl.LeaderElection.lambda$submitRequests$1(LeaderElection.java:234)
	at java.util.concurrent.FutureTask.run(FutureTask.java:266)
	at java.util.concurrent.Executors$RunnableAdapter.call(Executors.java:511)
	at java.util.concurrent.FutureTask.run(FutureTask.java:266)
	at java.util.concurrent.ThreadPoolExecutor.runWorker(ThreadPoolExecutor.java:1149)
	at java.util.concurrent.ThreadPoolExecutor$Worker.run(ThreadPoolExecutor.java:624)
	... 1 more
Caused by: org.apache.ratis.thirdparty.io.netty.channel.AbstractChannel$AnnotatedConnectException: Connection refused: /192.168.157.251:42113
	at sun.nio.ch.SocketChannelImpl.checkConnect(Native Method)
	at sun.nio.ch.SocketChannelImpl.finishConnect(SocketChannelImpl.java:717)
	at org.apache.ratis.thirdparty.io.netty.channel.socket.nio.NioSocketChannel.doFinishConnect(NioSocketChannel.java:327)
	at org.apache.ratis.thirdparty.io.netty.channel.nio.AbstractNioChannel$AbstractNioUnsafe.finishConnect(AbstractNioChannel.java:340)
	at org.apache.ratis.thirdparty.io.netty.channel.nio.NioEventLoop.processSelectedKey(NioEventLoop.java:632)
	at org.apache.ratis.thirdparty.io.netty.channel.nio.NioEventLoop.processSelectedKeysOptimized(NioEventLoop.java:579)
	at org.apache.ratis.thirdparty.io.netty.channel.nio.NioEventLoop.processSelectedKeys(NioEventLoop.java:496)
	at org.apache.ratis.thirdparty.io.netty.channel.nio.NioEventLoop.run(NioEventLoop.java:458)
	at org.apache.ratis.thirdparty.io.netty.util.concurrent.SingleThreadEventExecutor$5.run(SingleThreadEventExecutor.java:897)
	at org.apache.ratis.thirdparty.io.netty.util.concurrent.FastThreadLocalRunnable.run(FastThreadLocalRunnable.java:30)
	... 1 more
Caused by: java.net.ConnectException: Connection refused
	... 11 more
2019-10-17 18:51:17,281 [a5e79c22-a35f-4e50-b1fd-e91b6a93d74d@group-F775CA5912AC-LeaderElection390] INFO  impl.LeaderElection (LeaderElection.java:askForVotes(178)) - a5e79c22-a35f-4e50-b1fd-e91b6a93d74d@group-F775CA5912AC-LeaderElection390: begin an election at term 225 for -1: [a5e79c22-a35f-4e50-b1fd-e91b6a93d74d:192.168.157.251:45177, daae7813-f814-475d-9647-a302a5541e36:192.168.157.251:45025, 1e4e1375-1b66-460f-8c99-4c341545a119:192.168.157.251:42113], old=null
2019-10-17 18:51:17,282 [a5e79c22-a35f-4e50-b1fd-e91b6a93d74d@group-F775CA5912AC-LeaderElection390] INFO  impl.LeaderElection (LogUtils.java:infoOrTrace(149)) - a5e79c22-a35f-4e50-b1fd-e91b6a93d74d@group-F775CA5912AC-LeaderElection390 got exception when requesting votes: {}
java.util.concurrent.ExecutionException: org.apache.ratis.thirdparty.io.grpc.StatusRuntimeException: UNAVAILABLE: io exception
	at java.util.concurrent.FutureTask.report(FutureTask.java:122)
	at java.util.concurrent.FutureTask.get(FutureTask.java:192)
	at org.apache.ratis.server.impl.LeaderElection.waitForResults(LeaderElection.java:259)
	at org.apache.ratis.server.impl.LeaderElection.askForVotes(LeaderElection.java:197)
	at org.apache.ratis.server.impl.LeaderElection.run(LeaderElection.java:133)
	at java.lang.Thread.run(Thread.java:748)
Caused by: org.apache.ratis.thirdparty.io.grpc.StatusRuntimeException: UNAVAILABLE: io exception
	at org.apache.ratis.thirdparty.io.grpc.stub.ClientCalls.toStatusRuntimeException(ClientCalls.java:233)
	at org.apache.ratis.thirdparty.io.grpc.stub.ClientCalls.getUnchecked(ClientCalls.java:214)
	at org.apache.ratis.thirdparty.io.grpc.stub.ClientCalls.blockingUnaryCall(ClientCalls.java:139)
	at org.apache.ratis.proto.grpc.RaftServerProtocolServiceGrpc$RaftServerProtocolServiceBlockingStub.requestVote(RaftServerProtocolServiceGrpc.java:265)
	at org.apache.ratis.grpc.server.GrpcServerProtocolClient.requestVote(GrpcServerProtocolClient.java:99)
	at org.apache.ratis.grpc.server.GrpcService.requestVote(GrpcService.java:204)
	at org.apache.ratis.server.impl.LeaderElection.lambda$submitRequests$1(LeaderElection.java:234)
	at java.util.concurrent.FutureTask.run(FutureTask.java:266)
	at java.util.concurrent.Executors$RunnableAdapter.call(Executors.java:511)
	at java.util.concurrent.FutureTask.run(FutureTask.java:266)
	at java.util.concurrent.ThreadPoolExecutor.runWorker(ThreadPoolExecutor.java:1149)
	at java.util.concurrent.ThreadPoolExecutor$Worker.run(ThreadPoolExecutor.java:624)
	... 1 more
Caused by: org.apache.ratis.thirdparty.io.netty.channel.AbstractChannel$AnnotatedConnectException: Connection refused: /192.168.157.251:42113
	at sun.nio.ch.SocketChannelImpl.checkConnect(Native Method)
	at sun.nio.ch.SocketChannelImpl.finishConnect(SocketChannelImpl.java:717)
	at org.apache.ratis.thirdparty.io.netty.channel.socket.nio.NioSocketChannel.doFinishConnect(NioSocketChannel.java:327)
	at org.apache.ratis.thirdparty.io.netty.channel.nio.AbstractNioChannel$AbstractNioUnsafe.finishConnect(AbstractNioChannel.java:340)
	at org.apache.ratis.thirdparty.io.netty.channel.nio.NioEventLoop.processSelectedKey(NioEventLoop.java:632)
	at org.apache.ratis.thirdparty.io.netty.channel.nio.NioEventLoop.processSelectedKeysOptimized(NioEventLoop.java:579)
	at org.apache.ratis.thirdparty.io.netty.channel.nio.NioEventLoop.processSelectedKeys(NioEventLoop.java:496)
	at org.apache.ratis.thirdparty.io.netty.channel.nio.NioEventLoop.run(NioEventLoop.java:458)
	at org.apache.ratis.thirdparty.io.netty.util.concurrent.SingleThreadEventExecutor$5.run(SingleThreadEventExecutor.java:897)
	at org.apache.ratis.thirdparty.io.netty.util.concurrent.FastThreadLocalRunnable.run(FastThreadLocalRunnable.java:30)
	... 1 more
Caused by: java.net.ConnectException: Connection refused
	... 11 more
2019-10-17 18:51:17,282 [grpc-default-executor-5] INFO  impl.RaftServerImpl (RaftServerImpl.java:setRole(184)) - daae7813-f814-475d-9647-a302a5541e36@group-F775CA5912AC: changes role from  FOLLOWER to FOLLOWER at term 225 for recognizeCandidate:a5e79c22-a35f-4e50-b1fd-e91b6a93d74d
2019-10-17 18:51:17,283 [grpc-default-executor-5] INFO  impl.RoleInfo (RoleInfo.java:shutdownFollowerState(121)) - daae7813-f814-475d-9647-a302a5541e36: shutdown FollowerState
2019-10-17 18:51:17,283 [grpc-default-executor-5] INFO  impl.RoleInfo (RoleInfo.java:updateAndGet(143)) - daae7813-f814-475d-9647-a302a5541e36: start FollowerState
2019-10-17 18:51:17,283 [Thread-3075] INFO  impl.FollowerState (FollowerState.java:run(117)) - daae7813-f814-475d-9647-a302a5541e36@group-F775CA5912AC-FollowerState was interrupted: java.lang.InterruptedException: sleep interrupted
2019-10-17 18:51:17,334 [a5e79c22-a35f-4e50-b1fd-e91b6a93d74d@group-F775CA5912AC-LeaderElection390] INFO  impl.LeaderElection (LeaderElection.java:logAndReturn(56)) - a5e79c22-a35f-4e50-b1fd-e91b6a93d74d@group-F775CA5912AC-LeaderElection390: Election REJECTED; received 1 response(s) [a5e79c22-a35f-4e50-b1fd-e91b6a93d74d<-daae7813-f814-475d-9647-a302a5541e36#0:FAIL-t225] and 1 exception(s); a5e79c22-a35f-4e50-b1fd-e91b6a93d74d@group-F775CA5912AC:t225, leader=null, voted=a5e79c22-a35f-4e50-b1fd-e91b6a93d74d, raftlog=a5e79c22-a35f-4e50-b1fd-e91b6a93d74d@group-F775CA5912AC-SegmentedRaftLog:OPENED:c-1,f-1,i0, conf=-1: [a5e79c22-a35f-4e50-b1fd-e91b6a93d74d:192.168.157.251:45177, daae7813-f814-475d-9647-a302a5541e36:192.168.157.251:45025, 1e4e1375-1b66-460f-8c99-4c341545a119:192.168.157.251:42113], old=null
2019-10-17 18:51:17,334 [a5e79c22-a35f-4e50-b1fd-e91b6a93d74d@group-F775CA5912AC-LeaderElection390] INFO  impl.LeaderElection (LogUtils.java:infoOrTrace(149)) -   Exception 0: {}
java.util.concurrent.ExecutionException: org.apache.ratis.thirdparty.io.grpc.StatusRuntimeException: UNAVAILABLE: io exception
	at java.util.concurrent.FutureTask.report(FutureTask.java:122)
	at java.util.concurrent.FutureTask.get(FutureTask.java:192)
	at org.apache.ratis.server.impl.LeaderElection.waitForResults(LeaderElection.java:259)
	at org.apache.ratis.server.impl.LeaderElection.askForVotes(LeaderElection.java:197)
	at org.apache.ratis.server.impl.LeaderElection.run(LeaderElection.java:133)
	at java.lang.Thread.run(Thread.java:748)
Caused by: org.apache.ratis.thirdparty.io.grpc.StatusRuntimeException: UNAVAILABLE: io exception
	at org.apache.ratis.thirdparty.io.grpc.stub.ClientCalls.toStatusRuntimeException(ClientCalls.java:233)
	at org.apache.ratis.thirdparty.io.grpc.stub.ClientCalls.getUnchecked(ClientCalls.java:214)
	at org.apache.ratis.thirdparty.io.grpc.stub.ClientCalls.blockingUnaryCall(ClientCalls.java:139)
	at org.apache.ratis.proto.grpc.RaftServerProtocolServiceGrpc$RaftServerProtocolServiceBlockingStub.requestVote(RaftServerProtocolServiceGrpc.java:265)
	at org.apache.ratis.grpc.server.GrpcServerProtocolClient.requestVote(GrpcServerProtocolClient.java:99)
	at org.apache.ratis.grpc.server.GrpcService.requestVote(GrpcService.java:204)
	at org.apache.ratis.server.impl.LeaderElection.lambda$submitRequests$1(LeaderElection.java:234)
	at java.util.concurrent.FutureTask.run(FutureTask.java:266)
	at java.util.concurrent.Executors$RunnableAdapter.call(Executors.java:511)
	at java.util.concurrent.FutureTask.run(FutureTask.java:266)
	at java.util.concurrent.ThreadPoolExecutor.runWorker(ThreadPoolExecutor.java:1149)
	at java.util.concurrent.ThreadPoolExecutor$Worker.run(ThreadPoolExecutor.java:624)
	... 1 more
Caused by: org.apache.ratis.thirdparty.io.netty.channel.AbstractChannel$AnnotatedConnectException: Connection refused: /192.168.157.251:42113
	at sun.nio.ch.SocketChannelImpl.checkConnect(Native Method)
	at sun.nio.ch.SocketChannelImpl.finishConnect(SocketChannelImpl.java:717)
	at org.apache.ratis.thirdparty.io.netty.channel.socket.nio.NioSocketChannel.doFinishConnect(NioSocketChannel.java:327)
	at org.apache.ratis.thirdparty.io.netty.channel.nio.AbstractNioChannel$AbstractNioUnsafe.finishConnect(AbstractNioChannel.java:340)
	at org.apache.ratis.thirdparty.io.netty.channel.nio.NioEventLoop.processSelectedKey(NioEventLoop.java:632)
	at org.apache.ratis.thirdparty.io.netty.channel.nio.NioEventLoop.processSelectedKeysOptimized(NioEventLoop.java:579)
	at org.apache.ratis.thirdparty.io.netty.channel.nio.NioEventLoop.processSelectedKeys(NioEventLoop.java:496)
	at org.apache.ratis.thirdparty.io.netty.channel.nio.NioEventLoop.run(NioEventLoop.java:458)
	at org.apache.ratis.thirdparty.io.netty.util.concurrent.SingleThreadEventExecutor$5.run(SingleThreadEventExecutor.java:897)
	at org.apache.ratis.thirdparty.io.netty.util.concurrent.FastThreadLocalRunnable.run(FastThreadLocalRunnable.java:30)
	... 1 more
Caused by: java.net.ConnectException: Connection refused
	... 11 more
2019-10-17 18:51:17,335 [a5e79c22-a35f-4e50-b1fd-e91b6a93d74d@group-F775CA5912AC-LeaderElection390] INFO  impl.RaftServerImpl (RaftServerImpl.java:setRole(184)) - a5e79c22-a35f-4e50-b1fd-e91b6a93d74d@group-F775CA5912AC: changes role from CANDIDATE to FOLLOWER at term 225 for DISCOVERED_A_NEW_TERM
2019-10-17 18:51:17,335 [a5e79c22-a35f-4e50-b1fd-e91b6a93d74d@group-F775CA5912AC-LeaderElection390] INFO  impl.RoleInfo (RoleInfo.java:shutdownLeaderElection(134)) - a5e79c22-a35f-4e50-b1fd-e91b6a93d74d: shutdown LeaderElection
2019-10-17 18:51:17,335 [a5e79c22-a35f-4e50-b1fd-e91b6a93d74d@group-F775CA5912AC-LeaderElection390] INFO  impl.RoleInfo (RoleInfo.java:updateAndGet(143)) - a5e79c22-a35f-4e50-b1fd-e91b6a93d74d: start FollowerState
2019-10-17 18:51:17,369 [Thread-3040] INFO  impl.FollowerState (FollowerState.java:run(108)) - b8f04e38-0663-4b1f-8efd-f76585c6e86c@group-5F52F902B742-FollowerState: change to CANDIDATE, lastRpcTime:1086ms, electionTimeout:1086ms
2019-10-17 18:51:17,369 [Thread-3040] INFO  impl.RoleInfo (RoleInfo.java:shutdownFollowerState(121)) - b8f04e38-0663-4b1f-8efd-f76585c6e86c: shutdown FollowerState
2019-10-17 18:51:17,369 [Thread-3040] INFO  impl.RaftServerImpl (RaftServerImpl.java:setRole(184)) - b8f04e38-0663-4b1f-8efd-f76585c6e86c@group-5F52F902B742: changes role from  FOLLOWER to CANDIDATE at term 201 for changeToCandidate
2019-10-17 18:51:17,369 [Thread-3040] INFO  impl.RoleInfo (RoleInfo.java:updateAndGet(143)) - b8f04e38-0663-4b1f-8efd-f76585c6e86c: start LeaderElection
2019-10-17 18:51:17,407 [Thread-3079] INFO  impl.FollowerState (FollowerState.java:run(108)) - a5e79c22-a35f-4e50-b1fd-e91b6a93d74d@group-F775CA5912AC-FollowerState: change to CANDIDATE, lastRpcTime:72ms, electionTimeout:72ms
2019-10-17 18:51:17,408 [Thread-3079] INFO  impl.RoleInfo (RoleInfo.java:shutdownFollowerState(121)) - a5e79c22-a35f-4e50-b1fd-e91b6a93d74d: shutdown FollowerState
2019-10-17 18:51:17,408 [Thread-3079] INFO  impl.RaftServerImpl (RaftServerImpl.java:setRole(184)) - a5e79c22-a35f-4e50-b1fd-e91b6a93d74d@group-F775CA5912AC: changes role from  FOLLOWER to CANDIDATE at term 225 for changeToCandidate
2019-10-17 18:51:17,408 [b8f04e38-0663-4b1f-8efd-f76585c6e86c@group-5F52F902B742-LeaderElection391] INFO  impl.LeaderElection (LeaderElection.java:askForVotes(178)) - b8f04e38-0663-4b1f-8efd-f76585c6e86c@group-5F52F902B742-LeaderElection391: begin an election at term 202 for 0: [b8f04e38-0663-4b1f-8efd-f76585c6e86c:192.168.157.251:35700, abcd8826-c056-4817-bd0f-7af19a46d814:192.168.157.251:46496, 73297ffa-40cb-4e3e-b33e-1bc2c1da60f5:192.168.157.251:32952], old=null
2019-10-17 18:51:17,408 [Thread-3079] INFO  impl.RoleInfo (RoleInfo.java:updateAndGet(143)) - a5e79c22-a35f-4e50-b1fd-e91b6a93d74d: start LeaderElection
2019-10-17 18:51:17,409 [b8f04e38-0663-4b1f-8efd-f76585c6e86c@group-5F52F902B742-LeaderElection391] INFO  impl.LeaderElection (LogUtils.java:infoOrTrace(149)) - b8f04e38-0663-4b1f-8efd-f76585c6e86c@group-5F52F902B742-LeaderElection391 got exception when requesting votes: {}
java.util.concurrent.ExecutionException: org.apache.ratis.thirdparty.io.grpc.StatusRuntimeException: UNAVAILABLE: io exception
	at java.util.concurrent.FutureTask.report(FutureTask.java:122)
	at java.util.concurrent.FutureTask.get(FutureTask.java:192)
	at org.apache.ratis.server.impl.LeaderElection.waitForResults(LeaderElection.java:259)
	at org.apache.ratis.server.impl.LeaderElection.askForVotes(LeaderElection.java:197)
	at org.apache.ratis.server.impl.LeaderElection.run(LeaderElection.java:133)
	at java.lang.Thread.run(Thread.java:748)
Caused by: org.apache.ratis.thirdparty.io.grpc.StatusRuntimeException: UNAVAILABLE: io exception
	at org.apache.ratis.thirdparty.io.grpc.stub.ClientCalls.toStatusRuntimeException(ClientCalls.java:233)
	at org.apache.ratis.thirdparty.io.grpc.stub.ClientCalls.getUnchecked(ClientCalls.java:214)
	at org.apache.ratis.thirdparty.io.grpc.stub.ClientCalls.blockingUnaryCall(ClientCalls.java:139)
	at org.apache.ratis.proto.grpc.RaftServerProtocolServiceGrpc$RaftServerProtocolServiceBlockingStub.requestVote(RaftServerProtocolServiceGrpc.java:265)
	at org.apache.ratis.grpc.server.GrpcServerProtocolClient.requestVote(GrpcServerProtocolClient.java:99)
	at org.apache.ratis.grpc.server.GrpcService.requestVote(GrpcService.java:204)
	at org.apache.ratis.server.impl.LeaderElection.lambda$submitRequests$1(LeaderElection.java:234)
	at java.util.concurrent.FutureTask.run(FutureTask.java:266)
	at java.util.concurrent.Executors$RunnableAdapter.call(Executors.java:511)
	at java.util.concurrent.FutureTask.run(FutureTask.java:266)
	at java.util.concurrent.ThreadPoolExecutor.runWorker(ThreadPoolExecutor.java:1149)
	at java.util.concurrent.ThreadPoolExecutor$Worker.run(ThreadPoolExecutor.java:624)
	... 1 more
Caused by: org.apache.ratis.thirdparty.io.netty.channel.AbstractChannel$AnnotatedConnectException: Connection refused: /192.168.157.251:46496
	at sun.nio.ch.SocketChannelImpl.checkConnect(Native Method)
	at sun.nio.ch.SocketChannelImpl.finishConnect(SocketChannelImpl.java:717)
	at org.apache.ratis.thirdparty.io.netty.channel.socket.nio.NioSocketChannel.doFinishConnect(NioSocketChannel.java:327)
	at org.apache.ratis.thirdparty.io.netty.channel.nio.AbstractNioChannel$AbstractNioUnsafe.finishConnect(AbstractNioChannel.java:340)
	at org.apache.ratis.thirdparty.io.netty.channel.nio.NioEventLoop.processSelectedKey(NioEventLoop.java:632)
	at org.apache.ratis.thirdparty.io.netty.channel.nio.NioEventLoop.processSelectedKeysOptimized(NioEventLoop.java:579)
	at org.apache.ratis.thirdparty.io.netty.channel.nio.NioEventLoop.processSelectedKeys(NioEventLoop.java:496)
	at org.apache.ratis.thirdparty.io.netty.channel.nio.NioEventLoop.run(NioEventLoop.java:458)
	at org.apache.ratis.thirdparty.io.netty.util.concurrent.SingleThreadEventExecutor$5.run(SingleThreadEventExecutor.java:897)
	at org.apache.ratis.thirdparty.io.netty.util.concurrent.FastThreadLocalRunnable.run(FastThreadLocalRunnable.java:30)
	... 1 more
Caused by: java.net.ConnectException: Connection refused
	... 11 more
2019-10-17 18:51:17,409 [b8f04e38-0663-4b1f-8efd-f76585c6e86c@group-5F52F902B742-LeaderElection391] INFO  impl.LeaderElection (LogUtils.java:infoOrTrace(149)) - b8f04e38-0663-4b1f-8efd-f76585c6e86c@group-5F52F902B742-LeaderElection391 got exception when requesting votes: {}
java.util.concurrent.ExecutionException: org.apache.ratis.thirdparty.io.grpc.StatusRuntimeException: UNAVAILABLE: io exception
	at java.util.concurrent.FutureTask.report(FutureTask.java:122)
	at java.util.concurrent.FutureTask.get(FutureTask.java:192)
	at org.apache.ratis.server.impl.LeaderElection.waitForResults(LeaderElection.java:259)
	at org.apache.ratis.server.impl.LeaderElection.askForVotes(LeaderElection.java:197)
	at org.apache.ratis.server.impl.LeaderElection.run(LeaderElection.java:133)
	at java.lang.Thread.run(Thread.java:748)
Caused by: org.apache.ratis.thirdparty.io.grpc.StatusRuntimeException: UNAVAILABLE: io exception
	at org.apache.ratis.thirdparty.io.grpc.stub.ClientCalls.toStatusRuntimeException(ClientCalls.java:233)
	at org.apache.ratis.thirdparty.io.grpc.stub.ClientCalls.getUnchecked(ClientCalls.java:214)
	at org.apache.ratis.thirdparty.io.grpc.stub.ClientCalls.blockingUnaryCall(ClientCalls.java:139)
	at org.apache.ratis.proto.grpc.RaftServerProtocolServiceGrpc$RaftServerProtocolServiceBlockingStub.requestVote(RaftServerProtocolServiceGrpc.java:265)
	at org.apache.ratis.grpc.server.GrpcServerProtocolClient.requestVote(GrpcServerProtocolClient.java:99)
	at org.apache.ratis.grpc.server.GrpcService.requestVote(GrpcService.java:204)
	at org.apache.ratis.server.impl.LeaderElection.lambda$submitRequests$1(LeaderElection.java:234)
	at java.util.concurrent.FutureTask.run(FutureTask.java:266)
	at java.util.concurrent.Executors$RunnableAdapter.call(Executors.java:511)
	at java.util.concurrent.FutureTask.run(FutureTask.java:266)
	at java.util.concurrent.ThreadPoolExecutor.runWorker(ThreadPoolExecutor.java:1149)
	at java.util.concurrent.ThreadPoolExecutor$Worker.run(ThreadPoolExecutor.java:624)
	... 1 more
Caused by: org.apache.ratis.thirdparty.io.netty.channel.AbstractChannel$AnnotatedConnectException: Connection refused: /192.168.157.251:32952
	at sun.nio.ch.SocketChannelImpl.checkConnect(Native Method)
	at sun.nio.ch.SocketChannelImpl.finishConnect(SocketChannelImpl.java:717)
	at org.apache.ratis.thirdparty.io.netty.channel.socket.nio.NioSocketChannel.doFinishConnect(NioSocketChannel.java:327)
	at org.apache.ratis.thirdparty.io.netty.channel.nio.AbstractNioChannel$AbstractNioUnsafe.finishConnect(AbstractNioChannel.java:340)
	at org.apache.ratis.thirdparty.io.netty.channel.nio.NioEventLoop.processSelectedKey(NioEventLoop.java:632)
	at org.apache.ratis.thirdparty.io.netty.channel.nio.NioEventLoop.processSelectedKeysOptimized(NioEventLoop.java:579)
	at org.apache.ratis.thirdparty.io.netty.channel.nio.NioEventLoop.processSelectedKeys(NioEventLoop.java:496)
	at org.apache.ratis.thirdparty.io.netty.channel.nio.NioEventLoop.run(NioEventLoop.java:458)
	at org.apache.ratis.thirdparty.io.netty.util.concurrent.SingleThreadEventExecutor$5.run(SingleThreadEventExecutor.java:897)
	at org.apache.ratis.thirdparty.io.netty.util.concurrent.FastThreadLocalRunnable.run(FastThreadLocalRunnable.java:30)
	... 1 more
Caused by: java.net.ConnectException: Connection refused
	... 11 more
2019-10-17 18:51:17,410 [b8f04e38-0663-4b1f-8efd-f76585c6e86c@group-5F52F902B742-LeaderElection391] INFO  impl.LeaderElection (LeaderElection.java:logAndReturn(56)) - b8f04e38-0663-4b1f-8efd-f76585c6e86c@group-5F52F902B742-LeaderElection391: Election REJECTED; received 0 response(s) [] and 2 exception(s); b8f04e38-0663-4b1f-8efd-f76585c6e86c@group-5F52F902B742:t202, leader=null, voted=b8f04e38-0663-4b1f-8efd-f76585c6e86c, raftlog=b8f04e38-0663-4b1f-8efd-f76585c6e86c@group-5F52F902B742-SegmentedRaftLog:OPENED:c-1,f0,i0, conf=0: [b8f04e38-0663-4b1f-8efd-f76585c6e86c:192.168.157.251:35700, abcd8826-c056-4817-bd0f-7af19a46d814:192.168.157.251:46496, 73297ffa-40cb-4e3e-b33e-1bc2c1da60f5:192.168.157.251:32952], old=null
2019-10-17 18:51:17,410 [b8f04e38-0663-4b1f-8efd-f76585c6e86c@group-5F52F902B742-LeaderElection391] INFO  impl.LeaderElection (LogUtils.java:infoOrTrace(149)) -   Exception 0: {}
java.util.concurrent.ExecutionException: org.apache.ratis.thirdparty.io.grpc.StatusRuntimeException: UNAVAILABLE: io exception
	at java.util.concurrent.FutureTask.report(FutureTask.java:122)
	at java.util.concurrent.FutureTask.get(FutureTask.java:192)
	at org.apache.ratis.server.impl.LeaderElection.waitForResults(LeaderElection.java:259)
	at org.apache.ratis.server.impl.LeaderElection.askForVotes(LeaderElection.java:197)
	at org.apache.ratis.server.impl.LeaderElection.run(LeaderElection.java:133)
	at java.lang.Thread.run(Thread.java:748)
Caused by: org.apache.ratis.thirdparty.io.grpc.StatusRuntimeException: UNAVAILABLE: io exception
	at org.apache.ratis.thirdparty.io.grpc.stub.ClientCalls.toStatusRuntimeException(ClientCalls.java:233)
	at org.apache.ratis.thirdparty.io.grpc.stub.ClientCalls.getUnchecked(ClientCalls.java:214)
	at org.apache.ratis.thirdparty.io.grpc.stub.ClientCalls.blockingUnaryCall(ClientCalls.java:139)
	at org.apache.ratis.proto.grpc.RaftServerProtocolServiceGrpc$RaftServerProtocolServiceBlockingStub.requestVote(RaftServerProtocolServiceGrpc.java:265)
	at org.apache.ratis.grpc.server.GrpcServerProtocolClient.requestVote(GrpcServerProtocolClient.java:99)
	at org.apache.ratis.grpc.server.GrpcService.requestVote(GrpcService.java:204)
	at org.apache.ratis.server.impl.LeaderElection.lambda$submitRequests$1(LeaderElection.java:234)
	at java.util.concurrent.FutureTask.run(FutureTask.java:266)
	at java.util.concurrent.Executors$RunnableAdapter.call(Executors.java:511)
	at java.util.concurrent.FutureTask.run(FutureTask.java:266)
	at java.util.concurrent.ThreadPoolExecutor.runWorker(ThreadPoolExecutor.java:1149)
	at java.util.concurrent.ThreadPoolExecutor$Worker.run(ThreadPoolExecutor.java:624)
	... 1 more
Caused by: org.apache.ratis.thirdparty.io.netty.channel.AbstractChannel$AnnotatedConnectException: Connection refused: /192.168.157.251:46496
	at sun.nio.ch.SocketChannelImpl.checkConnect(Native Method)
	at sun.nio.ch.SocketChannelImpl.finishConnect(SocketChannelImpl.java:717)
	at org.apache.ratis.thirdparty.io.netty.channel.socket.nio.NioSocketChannel.doFinishConnect(NioSocketChannel.java:327)
	at org.apache.ratis.thirdparty.io.netty.channel.nio.AbstractNioChannel$AbstractNioUnsafe.finishConnect(AbstractNioChannel.java:340)
	at org.apache.ratis.thirdparty.io.netty.channel.nio.NioEventLoop.processSelectedKey(NioEventLoop.java:632)
	at org.apache.ratis.thirdparty.io.netty.channel.nio.NioEventLoop.processSelectedKeysOptimized(NioEventLoop.java:579)
	at org.apache.ratis.thirdparty.io.netty.channel.nio.NioEventLoop.processSelectedKeys(NioEventLoop.java:496)
	at org.apache.ratis.thirdparty.io.netty.channel.nio.NioEventLoop.run(NioEventLoop.java:458)
	at org.apache.ratis.thirdparty.io.netty.util.concurrent.SingleThreadEventExecutor$5.run(SingleThreadEventExecutor.java:897)
	at org.apache.ratis.thirdparty.io.netty.util.concurrent.FastThreadLocalRunnable.run(FastThreadLocalRunnable.java:30)
	... 1 more
Caused by: java.net.ConnectException: Connection refused
	... 11 more
2019-10-17 18:51:17,410 [b8f04e38-0663-4b1f-8efd-f76585c6e86c@group-5F52F902B742-LeaderElection391] INFO  impl.LeaderElection (LogUtils.java:infoOrTrace(149)) -   Exception 1: {}
java.util.concurrent.ExecutionException: org.apache.ratis.thirdparty.io.grpc.StatusRuntimeException: UNAVAILABLE: io exception
	at java.util.concurrent.FutureTask.report(FutureTask.java:122)
	at java.util.concurrent.FutureTask.get(FutureTask.java:192)
	at org.apache.ratis.server.impl.LeaderElection.waitForResults(LeaderElection.java:259)
	at org.apache.ratis.server.impl.LeaderElection.askForVotes(LeaderElection.java:197)
	at org.apache.ratis.server.impl.LeaderElection.run(LeaderElection.java:133)
	at java.lang.Thread.run(Thread.java:748)
Caused by: org.apache.ratis.thirdparty.io.grpc.StatusRuntimeException: UNAVAILABLE: io exception
	at org.apache.ratis.thirdparty.io.grpc.stub.ClientCalls.toStatusRuntimeException(ClientCalls.java:233)
	at org.apache.ratis.thirdparty.io.grpc.stub.ClientCalls.getUnchecked(ClientCalls.java:214)
	at org.apache.ratis.thirdparty.io.grpc.stub.ClientCalls.blockingUnaryCall(ClientCalls.java:139)
	at org.apache.ratis.proto.grpc.RaftServerProtocolServiceGrpc$RaftServerProtocolServiceBlockingStub.requestVote(RaftServerProtocolServiceGrpc.java:265)
	at org.apache.ratis.grpc.server.GrpcServerProtocolClient.requestVote(GrpcServerProtocolClient.java:99)
	at org.apache.ratis.grpc.server.GrpcService.requestVote(GrpcService.java:204)
	at org.apache.ratis.server.impl.LeaderElection.lambda$submitRequests$1(LeaderElection.java:234)
	at java.util.concurrent.FutureTask.run(FutureTask.java:266)
	at java.util.concurrent.Executors$RunnableAdapter.call(Executors.java:511)
	at java.util.concurrent.FutureTask.run(FutureTask.java:266)
	at java.util.concurrent.ThreadPoolExecutor.runWorker(ThreadPoolExecutor.java:1149)
	at java.util.concurrent.ThreadPoolExecutor$Worker.run(ThreadPoolExecutor.java:624)
	... 1 more
Caused by: org.apache.ratis.thirdparty.io.netty.channel.AbstractChannel$AnnotatedConnectException: Connection refused: /192.168.157.251:32952
	at sun.nio.ch.SocketChannelImpl.checkConnect(Native Method)
	at sun.nio.ch.SocketChannelImpl.finishConnect(SocketChannelImpl.java:717)
	at org.apache.ratis.thirdparty.io.netty.channel.socket.nio.NioSocketChannel.doFinishConnect(NioSocketChannel.java:327)
	at org.apache.ratis.thirdparty.io.netty.channel.nio.AbstractNioChannel$AbstractNioUnsafe.finishConnect(AbstractNioChannel.java:340)
	at org.apache.ratis.thirdparty.io.netty.channel.nio.NioEventLoop.processSelectedKey(NioEventLoop.java:632)
	at org.apache.ratis.thirdparty.io.netty.channel.nio.NioEventLoop.processSelectedKeysOptimized(NioEventLoop.java:579)
	at org.apache.ratis.thirdparty.io.netty.channel.nio.NioEventLoop.processSelectedKeys(NioEventLoop.java:496)
	at org.apache.ratis.thirdparty.io.netty.channel.nio.NioEventLoop.run(NioEventLoop.java:458)
	at org.apache.ratis.thirdparty.io.netty.util.concurrent.SingleThreadEventExecutor$5.run(SingleThreadEventExecutor.java:897)
	at org.apache.ratis.thirdparty.io.netty.util.concurrent.FastThreadLocalRunnable.run(FastThreadLocalRunnable.java:30)
	... 1 more
Caused by: java.net.ConnectException: Connection refused
	... 11 more
2019-10-17 18:51:17,410 [b8f04e38-0663-4b1f-8efd-f76585c6e86c@group-5F52F902B742-LeaderElection391] INFO  impl.RaftServerImpl (RaftServerImpl.java:setRole(184)) - b8f04e38-0663-4b1f-8efd-f76585c6e86c@group-5F52F902B742: changes role from CANDIDATE to FOLLOWER at term 202 for DISCOVERED_A_NEW_TERM
2019-10-17 18:51:17,410 [b8f04e38-0663-4b1f-8efd-f76585c6e86c@group-5F52F902B742-LeaderElection391] INFO  impl.RoleInfo (RoleInfo.java:shutdownLeaderElection(134)) - b8f04e38-0663-4b1f-8efd-f76585c6e86c: shutdown LeaderElection
2019-10-17 18:51:17,410 [b8f04e38-0663-4b1f-8efd-f76585c6e86c@group-5F52F902B742-LeaderElection391] INFO  impl.RoleInfo (RoleInfo.java:updateAndGet(143)) - b8f04e38-0663-4b1f-8efd-f76585c6e86c: start FollowerState
2019-10-17 18:51:17,479 [a5e79c22-a35f-4e50-b1fd-e91b6a93d74d@group-F775CA5912AC-LeaderElection392] INFO  impl.LeaderElection (LeaderElection.java:askForVotes(178)) - a5e79c22-a35f-4e50-b1fd-e91b6a93d74d@group-F775CA5912AC-LeaderElection392: begin an election at term 226 for -1: [a5e79c22-a35f-4e50-b1fd-e91b6a93d74d:192.168.157.251:45177, daae7813-f814-475d-9647-a302a5541e36:192.168.157.251:45025, 1e4e1375-1b66-460f-8c99-4c341545a119:192.168.157.251:42113], old=null
2019-10-17 18:51:17,480 [a5e79c22-a35f-4e50-b1fd-e91b6a93d74d@group-F775CA5912AC-LeaderElection392] INFO  impl.LeaderElection (LogUtils.java:infoOrTrace(149)) - a5e79c22-a35f-4e50-b1fd-e91b6a93d74d@group-F775CA5912AC-LeaderElection392 got exception when requesting votes: {}
java.util.concurrent.ExecutionException: org.apache.ratis.thirdparty.io.grpc.StatusRuntimeException: UNAVAILABLE: io exception
	at java.util.concurrent.FutureTask.report(FutureTask.java:122)
	at java.util.concurrent.FutureTask.get(FutureTask.java:192)
	at org.apache.ratis.server.impl.LeaderElection.waitForResults(LeaderElection.java:259)
	at org.apache.ratis.server.impl.LeaderElection.askForVotes(LeaderElection.java:197)
	at org.apache.ratis.server.impl.LeaderElection.run(LeaderElection.java:133)
	at java.lang.Thread.run(Thread.java:748)
Caused by: org.apache.ratis.thirdparty.io.grpc.StatusRuntimeException: UNAVAILABLE: io exception
	at org.apache.ratis.thirdparty.io.grpc.stub.ClientCalls.toStatusRuntimeException(ClientCalls.java:233)
	at org.apache.ratis.thirdparty.io.grpc.stub.ClientCalls.getUnchecked(ClientCalls.java:214)
	at org.apache.ratis.thirdparty.io.grpc.stub.ClientCalls.blockingUnaryCall(ClientCalls.java:139)
	at org.apache.ratis.proto.grpc.RaftServerProtocolServiceGrpc$RaftServerProtocolServiceBlockingStub.requestVote(RaftServerProtocolServiceGrpc.java:265)
	at org.apache.ratis.grpc.server.GrpcServerProtocolClient.requestVote(GrpcServerProtocolClient.java:99)
	at org.apache.ratis.grpc.server.GrpcService.requestVote(GrpcService.java:204)
	at org.apache.ratis.server.impl.LeaderElection.lambda$submitRequests$1(LeaderElection.java:234)
	at java.util.concurrent.FutureTask.run(FutureTask.java:266)
	at java.util.concurrent.Executors$RunnableAdapter.call(Executors.java:511)
	at java.util.concurrent.FutureTask.run(FutureTask.java:266)
	at java.util.concurrent.ThreadPoolExecutor.runWorker(ThreadPoolExecutor.java:1149)
	at java.util.concurrent.ThreadPoolExecutor$Worker.run(ThreadPoolExecutor.java:624)
	... 1 more
Caused by: org.apache.ratis.thirdparty.io.netty.channel.AbstractChannel$AnnotatedConnectException: Connection refused: /192.168.157.251:42113
	at sun.nio.ch.SocketChannelImpl.checkConnect(Native Method)
	at sun.nio.ch.SocketChannelImpl.finishConnect(SocketChannelImpl.java:717)
	at org.apache.ratis.thirdparty.io.netty.channel.socket.nio.NioSocketChannel.doFinishConnect(NioSocketChannel.java:327)
	at org.apache.ratis.thirdparty.io.netty.channel.nio.AbstractNioChannel$AbstractNioUnsafe.finishConnect(AbstractNioChannel.java:340)
	at org.apache.ratis.thirdparty.io.netty.channel.nio.NioEventLoop.processSelectedKey(NioEventLoop.java:632)
	at org.apache.ratis.thirdparty.io.netty.channel.nio.NioEventLoop.processSelectedKeysOptimized(NioEventLoop.java:579)
	at org.apache.ratis.thirdparty.io.netty.channel.nio.NioEventLoop.processSelectedKeys(NioEventLoop.java:496)
	at org.apache.ratis.thirdparty.io.netty.channel.nio.NioEventLoop.run(NioEventLoop.java:458)
	at org.apache.ratis.thirdparty.io.netty.util.concurrent.SingleThreadEventExecutor$5.run(SingleThreadEventExecutor.java:897)
	at org.apache.ratis.thirdparty.io.netty.util.concurrent.FastThreadLocalRunnable.run(FastThreadLocalRunnable.java:30)
	... 1 more
Caused by: java.net.ConnectException: Connection refused
	... 11 more
2019-10-17 18:51:17,480 [grpc-default-executor-5] INFO  impl.RaftServerImpl (RaftServerImpl.java:setRole(184)) - daae7813-f814-475d-9647-a302a5541e36@group-F775CA5912AC: changes role from  FOLLOWER to FOLLOWER at term 226 for recognizeCandidate:a5e79c22-a35f-4e50-b1fd-e91b6a93d74d
2019-10-17 18:51:17,481 [grpc-default-executor-5] INFO  impl.RoleInfo (RoleInfo.java:shutdownFollowerState(121)) - daae7813-f814-475d-9647-a302a5541e36: shutdown FollowerState
2019-10-17 18:51:17,481 [grpc-default-executor-5] INFO  impl.RoleInfo (RoleInfo.java:updateAndGet(143)) - daae7813-f814-475d-9647-a302a5541e36: start FollowerState
2019-10-17 18:51:17,481 [Thread-3078] INFO  impl.FollowerState (FollowerState.java:run(117)) - daae7813-f814-475d-9647-a302a5541e36@group-F775CA5912AC-FollowerState was interrupted: java.lang.InterruptedException: sleep interrupted
2019-10-17 18:51:17,522 [a5e79c22-a35f-4e50-b1fd-e91b6a93d74d@group-F775CA5912AC-LeaderElection392] INFO  impl.LeaderElection (LeaderElection.java:logAndReturn(56)) - a5e79c22-a35f-4e50-b1fd-e91b6a93d74d@group-F775CA5912AC-LeaderElection392: Election REJECTED; received 1 response(s) [a5e79c22-a35f-4e50-b1fd-e91b6a93d74d<-daae7813-f814-475d-9647-a302a5541e36#0:FAIL-t226] and 1 exception(s); a5e79c22-a35f-4e50-b1fd-e91b6a93d74d@group-F775CA5912AC:t226, leader=null, voted=a5e79c22-a35f-4e50-b1fd-e91b6a93d74d, raftlog=a5e79c22-a35f-4e50-b1fd-e91b6a93d74d@group-F775CA5912AC-SegmentedRaftLog:OPENED:c-1,f-1,i0, conf=-1: [a5e79c22-a35f-4e50-b1fd-e91b6a93d74d:192.168.157.251:45177, daae7813-f814-475d-9647-a302a5541e36:192.168.157.251:45025, 1e4e1375-1b66-460f-8c99-4c341545a119:192.168.157.251:42113], old=null
2019-10-17 18:51:17,523 [a5e79c22-a35f-4e50-b1fd-e91b6a93d74d@group-F775CA5912AC-LeaderElection392] INFO  impl.LeaderElection (LogUtils.java:infoOrTrace(149)) -   Exception 0: {}
java.util.concurrent.ExecutionException: org.apache.ratis.thirdparty.io.grpc.StatusRuntimeException: UNAVAILABLE: io exception
	at java.util.concurrent.FutureTask.report(FutureTask.java:122)
	at java.util.concurrent.FutureTask.get(FutureTask.java:192)
	at org.apache.ratis.server.impl.LeaderElection.waitForResults(LeaderElection.java:259)
	at org.apache.ratis.server.impl.LeaderElection.askForVotes(LeaderElection.java:197)
	at org.apache.ratis.server.impl.LeaderElection.run(LeaderElection.java:133)
	at java.lang.Thread.run(Thread.java:748)
Caused by: org.apache.ratis.thirdparty.io.grpc.StatusRuntimeException: UNAVAILABLE: io exception
	at org.apache.ratis.thirdparty.io.grpc.stub.ClientCalls.toStatusRuntimeException(ClientCalls.java:233)
	at org.apache.ratis.thirdparty.io.grpc.stub.ClientCalls.getUnchecked(ClientCalls.java:214)
	at org.apache.ratis.thirdparty.io.grpc.stub.ClientCalls.blockingUnaryCall(ClientCalls.java:139)
	at org.apache.ratis.proto.grpc.RaftServerProtocolServiceGrpc$RaftServerProtocolServiceBlockingStub.requestVote(RaftServerProtocolServiceGrpc.java:265)
	at org.apache.ratis.grpc.server.GrpcServerProtocolClient.requestVote(GrpcServerProtocolClient.java:99)
	at org.apache.ratis.grpc.server.GrpcService.requestVote(GrpcService.java:204)
	at org.apache.ratis.server.impl.LeaderElection.lambda$submitRequests$1(LeaderElection.java:234)
	at java.util.concurrent.FutureTask.run(FutureTask.java:266)
	at java.util.concurrent.Executors$RunnableAdapter.call(Executors.java:511)
	at java.util.concurrent.FutureTask.run(FutureTask.java:266)
	at java.util.concurrent.ThreadPoolExecutor.runWorker(ThreadPoolExecutor.java:1149)
	at java.util.concurrent.ThreadPoolExecutor$Worker.run(ThreadPoolExecutor.java:624)
	... 1 more
Caused by: org.apache.ratis.thirdparty.io.netty.channel.AbstractChannel$AnnotatedConnectException: Connection refused: /192.168.157.251:42113
	at sun.nio.ch.SocketChannelImpl.checkConnect(Native Method)
	at sun.nio.ch.SocketChannelImpl.finishConnect(SocketChannelImpl.java:717)
	at org.apache.ratis.thirdparty.io.netty.channel.socket.nio.NioSocketChannel.doFinishConnect(NioSocketChannel.java:327)
	at org.apache.ratis.thirdparty.io.netty.channel.nio.AbstractNioChannel$AbstractNioUnsafe.finishConnect(AbstractNioChannel.java:340)
	at org.apache.ratis.thirdparty.io.netty.channel.nio.NioEventLoop.processSelectedKey(NioEventLoop.java:632)
	at org.apache.ratis.thirdparty.io.netty.channel.nio.NioEventLoop.processSelectedKeysOptimized(NioEventLoop.java:579)
	at org.apache.ratis.thirdparty.io.netty.channel.nio.NioEventLoop.processSelectedKeys(NioEventLoop.java:496)
	at org.apache.ratis.thirdparty.io.netty.channel.nio.NioEventLoop.run(NioEventLoop.java:458)
	at org.apache.ratis.thirdparty.io.netty.util.concurrent.SingleThreadEventExecutor$5.run(SingleThreadEventExecutor.java:897)
	at org.apache.ratis.thirdparty.io.netty.util.concurrent.FastThreadLocalRunnable.run(FastThreadLocalRunnable.java:30)
	... 1 more
Caused by: java.net.ConnectException: Connection refused
	... 11 more
2019-10-17 18:51:17,523 [a5e79c22-a35f-4e50-b1fd-e91b6a93d74d@group-F775CA5912AC-LeaderElection392] INFO  impl.RaftServerImpl (RaftServerImpl.java:setRole(184)) - a5e79c22-a35f-4e50-b1fd-e91b6a93d74d@group-F775CA5912AC: changes role from CANDIDATE to FOLLOWER at term 226 for DISCOVERED_A_NEW_TERM
2019-10-17 18:51:17,523 [a5e79c22-a35f-4e50-b1fd-e91b6a93d74d@group-F775CA5912AC-LeaderElection392] INFO  impl.RoleInfo (RoleInfo.java:shutdownLeaderElection(134)) - a5e79c22-a35f-4e50-b1fd-e91b6a93d74d: shutdown LeaderElection
2019-10-17 18:51:17,523 [a5e79c22-a35f-4e50-b1fd-e91b6a93d74d@group-F775CA5912AC-LeaderElection392] INFO  impl.RoleInfo (RoleInfo.java:updateAndGet(143)) - a5e79c22-a35f-4e50-b1fd-e91b6a93d74d: start FollowerState
2019-10-17 18:51:17,689 [Thread-3089] INFO  impl.FollowerState (FollowerState.java:run(108)) - a5e79c22-a35f-4e50-b1fd-e91b6a93d74d@group-F775CA5912AC-FollowerState: change to CANDIDATE, lastRpcTime:165ms, electionTimeout:165ms
2019-10-17 18:51:17,689 [Thread-3089] INFO  impl.RoleInfo (RoleInfo.java:shutdownFollowerState(121)) - a5e79c22-a35f-4e50-b1fd-e91b6a93d74d: shutdown FollowerState
2019-10-17 18:51:17,689 [Thread-3089] INFO  impl.RaftServerImpl (RaftServerImpl.java:setRole(184)) - a5e79c22-a35f-4e50-b1fd-e91b6a93d74d@group-F775CA5912AC: changes role from  FOLLOWER to CANDIDATE at term 226 for changeToCandidate
2019-10-17 18:51:17,689 [Thread-3089] INFO  impl.RoleInfo (RoleInfo.java:updateAndGet(143)) - a5e79c22-a35f-4e50-b1fd-e91b6a93d74d: start LeaderElection
2019-10-17 18:51:17,745 [a5e79c22-a35f-4e50-b1fd-e91b6a93d74d@group-F775CA5912AC-LeaderElection393] INFO  impl.LeaderElection (LeaderElection.java:askForVotes(178)) - a5e79c22-a35f-4e50-b1fd-e91b6a93d74d@group-F775CA5912AC-LeaderElection393: begin an election at term 227 for -1: [a5e79c22-a35f-4e50-b1fd-e91b6a93d74d:192.168.157.251:45177, daae7813-f814-475d-9647-a302a5541e36:192.168.157.251:45025, 1e4e1375-1b66-460f-8c99-4c341545a119:192.168.157.251:42113], old=null
2019-10-17 18:51:17,746 [a5e79c22-a35f-4e50-b1fd-e91b6a93d74d@group-F775CA5912AC-LeaderElection393] INFO  impl.LeaderElection (LogUtils.java:infoOrTrace(149)) - a5e79c22-a35f-4e50-b1fd-e91b6a93d74d@group-F775CA5912AC-LeaderElection393 got exception when requesting votes: {}
java.util.concurrent.ExecutionException: org.apache.ratis.thirdparty.io.grpc.StatusRuntimeException: UNAVAILABLE: io exception
	at java.util.concurrent.FutureTask.report(FutureTask.java:122)
	at java.util.concurrent.FutureTask.get(FutureTask.java:192)
	at org.apache.ratis.server.impl.LeaderElection.waitForResults(LeaderElection.java:259)
	at org.apache.ratis.server.impl.LeaderElection.askForVotes(LeaderElection.java:197)
	at org.apache.ratis.server.impl.LeaderElection.run(LeaderElection.java:133)
	at java.lang.Thread.run(Thread.java:748)
Caused by: org.apache.ratis.thirdparty.io.grpc.StatusRuntimeException: UNAVAILABLE: io exception
	at org.apache.ratis.thirdparty.io.grpc.stub.ClientCalls.toStatusRuntimeException(ClientCalls.java:233)
	at org.apache.ratis.thirdparty.io.grpc.stub.ClientCalls.getUnchecked(ClientCalls.java:214)
	at org.apache.ratis.thirdparty.io.grpc.stub.ClientCalls.blockingUnaryCall(ClientCalls.java:139)
	at org.apache.ratis.proto.grpc.RaftServerProtocolServiceGrpc$RaftServerProtocolServiceBlockingStub.requestVote(RaftServerProtocolServiceGrpc.java:265)
	at org.apache.ratis.grpc.server.GrpcServerProtocolClient.requestVote(GrpcServerProtocolClient.java:99)
	at org.apache.ratis.grpc.server.GrpcService.requestVote(GrpcService.java:204)
	at org.apache.ratis.server.impl.LeaderElection.lambda$submitRequests$1(LeaderElection.java:234)
	at java.util.concurrent.FutureTask.run(FutureTask.java:266)
	at java.util.concurrent.Executors$RunnableAdapter.call(Executors.java:511)
	at java.util.concurrent.FutureTask.run(FutureTask.java:266)
	at java.util.concurrent.ThreadPoolExecutor.runWorker(ThreadPoolExecutor.java:1149)
	at java.util.concurrent.ThreadPoolExecutor$Worker.run(ThreadPoolExecutor.java:624)
	... 1 more
Caused by: org.apache.ratis.thirdparty.io.netty.channel.AbstractChannel$AnnotatedConnectException: Connection refused: /192.168.157.251:42113
	at sun.nio.ch.SocketChannelImpl.checkConnect(Native Method)
	at sun.nio.ch.SocketChannelImpl.finishConnect(SocketChannelImpl.java:717)
	at org.apache.ratis.thirdparty.io.netty.channel.socket.nio.NioSocketChannel.doFinishConnect(NioSocketChannel.java:327)
	at org.apache.ratis.thirdparty.io.netty.channel.nio.AbstractNioChannel$AbstractNioUnsafe.finishConnect(AbstractNioChannel.java:340)
	at org.apache.ratis.thirdparty.io.netty.channel.nio.NioEventLoop.processSelectedKey(NioEventLoop.java:632)
	at org.apache.ratis.thirdparty.io.netty.channel.nio.NioEventLoop.processSelectedKeysOptimized(NioEventLoop.java:579)
	at org.apache.ratis.thirdparty.io.netty.channel.nio.NioEventLoop.processSelectedKeys(NioEventLoop.java:496)
	at org.apache.ratis.thirdparty.io.netty.channel.nio.NioEventLoop.run(NioEventLoop.java:458)
	at org.apache.ratis.thirdparty.io.netty.util.concurrent.SingleThreadEventExecutor$5.run(SingleThreadEventExecutor.java:897)
	at org.apache.ratis.thirdparty.io.netty.util.concurrent.FastThreadLocalRunnable.run(FastThreadLocalRunnable.java:30)
	... 1 more
Caused by: java.net.ConnectException: Connection refused
	... 11 more
2019-10-17 18:51:17,747 [grpc-default-executor-5] INFO  impl.RaftServerImpl (RaftServerImpl.java:setRole(184)) - daae7813-f814-475d-9647-a302a5541e36@group-F775CA5912AC: changes role from  FOLLOWER to FOLLOWER at term 227 for recognizeCandidate:a5e79c22-a35f-4e50-b1fd-e91b6a93d74d
2019-10-17 18:51:17,747 [grpc-default-executor-5] INFO  impl.RoleInfo (RoleInfo.java:shutdownFollowerState(121)) - daae7813-f814-475d-9647-a302a5541e36: shutdown FollowerState
2019-10-17 18:51:17,747 [grpc-default-executor-5] INFO  impl.RoleInfo (RoleInfo.java:updateAndGet(143)) - daae7813-f814-475d-9647-a302a5541e36: start FollowerState
2019-10-17 18:51:17,747 [Thread-3088] INFO  impl.FollowerState (FollowerState.java:run(117)) - daae7813-f814-475d-9647-a302a5541e36@group-F775CA5912AC-FollowerState was interrupted: java.lang.InterruptedException: sleep interrupted
2019-10-17 18:51:17,826 [a5e79c22-a35f-4e50-b1fd-e91b6a93d74d@group-F775CA5912AC-LeaderElection393] INFO  impl.LeaderElection (LeaderElection.java:logAndReturn(56)) - a5e79c22-a35f-4e50-b1fd-e91b6a93d74d@group-F775CA5912AC-LeaderElection393: Election REJECTED; received 1 response(s) [a5e79c22-a35f-4e50-b1fd-e91b6a93d74d<-daae7813-f814-475d-9647-a302a5541e36#0:FAIL-t227] and 1 exception(s); a5e79c22-a35f-4e50-b1fd-e91b6a93d74d@group-F775CA5912AC:t227, leader=null, voted=a5e79c22-a35f-4e50-b1fd-e91b6a93d74d, raftlog=a5e79c22-a35f-4e50-b1fd-e91b6a93d74d@group-F775CA5912AC-SegmentedRaftLog:OPENED:c-1,f-1,i0, conf=-1: [a5e79c22-a35f-4e50-b1fd-e91b6a93d74d:192.168.157.251:45177, daae7813-f814-475d-9647-a302a5541e36:192.168.157.251:45025, 1e4e1375-1b66-460f-8c99-4c341545a119:192.168.157.251:42113], old=null
2019-10-17 18:51:17,826 [a5e79c22-a35f-4e50-b1fd-e91b6a93d74d@group-F775CA5912AC-LeaderElection393] INFO  impl.LeaderElection (LogUtils.java:infoOrTrace(149)) -   Exception 0: {}
java.util.concurrent.ExecutionException: org.apache.ratis.thirdparty.io.grpc.StatusRuntimeException: UNAVAILABLE: io exception
	at java.util.concurrent.FutureTask.report(FutureTask.java:122)
	at java.util.concurrent.FutureTask.get(FutureTask.java:192)
	at org.apache.ratis.server.impl.LeaderElection.waitForResults(LeaderElection.java:259)
	at org.apache.ratis.server.impl.LeaderElection.askForVotes(LeaderElection.java:197)
	at org.apache.ratis.server.impl.LeaderElection.run(LeaderElection.java:133)
	at java.lang.Thread.run(Thread.java:748)
Caused by: org.apache.ratis.thirdparty.io.grpc.StatusRuntimeException: UNAVAILABLE: io exception
	at org.apache.ratis.thirdparty.io.grpc.stub.ClientCalls.toStatusRuntimeException(ClientCalls.java:233)
	at org.apache.ratis.thirdparty.io.grpc.stub.ClientCalls.getUnchecked(ClientCalls.java:214)
	at org.apache.ratis.thirdparty.io.grpc.stub.ClientCalls.blockingUnaryCall(ClientCalls.java:139)
	at org.apache.ratis.proto.grpc.RaftServerProtocolServiceGrpc$RaftServerProtocolServiceBlockingStub.requestVote(RaftServerProtocolServiceGrpc.java:265)
	at org.apache.ratis.grpc.server.GrpcServerProtocolClient.requestVote(GrpcServerProtocolClient.java:99)
	at org.apache.ratis.grpc.server.GrpcService.requestVote(GrpcService.java:204)
	at org.apache.ratis.server.impl.LeaderElection.lambda$submitRequests$1(LeaderElection.java:234)
	at java.util.concurrent.FutureTask.run(FutureTask.java:266)
	at java.util.concurrent.Executors$RunnableAdapter.call(Executors.java:511)
	at java.util.concurrent.FutureTask.run(FutureTask.java:266)
	at java.util.concurrent.ThreadPoolExecutor.runWorker(ThreadPoolExecutor.java:1149)
	at java.util.concurrent.ThreadPoolExecutor$Worker.run(ThreadPoolExecutor.java:624)
	... 1 more
Caused by: org.apache.ratis.thirdparty.io.netty.channel.AbstractChannel$AnnotatedConnectException: Connection refused: /192.168.157.251:42113
	at sun.nio.ch.SocketChannelImpl.checkConnect(Native Method)
	at sun.nio.ch.SocketChannelImpl.finishConnect(SocketChannelImpl.java:717)
	at org.apache.ratis.thirdparty.io.netty.channel.socket.nio.NioSocketChannel.doFinishConnect(NioSocketChannel.java:327)
	at org.apache.ratis.thirdparty.io.netty.channel.nio.AbstractNioChannel$AbstractNioUnsafe.finishConnect(AbstractNioChannel.java:340)
	at org.apache.ratis.thirdparty.io.netty.channel.nio.NioEventLoop.processSelectedKey(NioEventLoop.java:632)
	at org.apache.ratis.thirdparty.io.netty.channel.nio.NioEventLoop.processSelectedKeysOptimized(NioEventLoop.java:579)
	at org.apache.ratis.thirdparty.io.netty.channel.nio.NioEventLoop.processSelectedKeys(NioEventLoop.java:496)
	at org.apache.ratis.thirdparty.io.netty.channel.nio.NioEventLoop.run(NioEventLoop.java:458)
	at org.apache.ratis.thirdparty.io.netty.util.concurrent.SingleThreadEventExecutor$5.run(SingleThreadEventExecutor.java:897)
	at org.apache.ratis.thirdparty.io.netty.util.concurrent.FastThreadLocalRunnable.run(FastThreadLocalRunnable.java:30)
	... 1 more
Caused by: java.net.ConnectException: Connection refused
	... 11 more
2019-10-17 18:51:17,827 [a5e79c22-a35f-4e50-b1fd-e91b6a93d74d@group-F775CA5912AC-LeaderElection393] INFO  impl.RaftServerImpl (RaftServerImpl.java:setRole(184)) - a5e79c22-a35f-4e50-b1fd-e91b6a93d74d@group-F775CA5912AC: changes role from CANDIDATE to FOLLOWER at term 227 for DISCOVERED_A_NEW_TERM
2019-10-17 18:51:17,827 [a5e79c22-a35f-4e50-b1fd-e91b6a93d74d@group-F775CA5912AC-LeaderElection393] INFO  impl.RoleInfo (RoleInfo.java:shutdownLeaderElection(134)) - a5e79c22-a35f-4e50-b1fd-e91b6a93d74d: shutdown LeaderElection
2019-10-17 18:51:17,827 [a5e79c22-a35f-4e50-b1fd-e91b6a93d74d@group-F775CA5912AC-LeaderElection393] INFO  impl.RoleInfo (RoleInfo.java:updateAndGet(143)) - a5e79c22-a35f-4e50-b1fd-e91b6a93d74d: start FollowerState
2019-10-17 18:51:17,922 [Thread-3094] INFO  impl.FollowerState (FollowerState.java:run(108)) - a5e79c22-a35f-4e50-b1fd-e91b6a93d74d@group-F775CA5912AC-FollowerState: change to CANDIDATE, lastRpcTime:94ms, electionTimeout:94ms
2019-10-17 18:51:17,922 [Thread-3094] INFO  impl.RoleInfo (RoleInfo.java:shutdownFollowerState(121)) - a5e79c22-a35f-4e50-b1fd-e91b6a93d74d: shutdown FollowerState
2019-10-17 18:51:17,922 [Thread-3094] INFO  impl.RaftServerImpl (RaftServerImpl.java:setRole(184)) - a5e79c22-a35f-4e50-b1fd-e91b6a93d74d@group-F775CA5912AC: changes role from  FOLLOWER to CANDIDATE at term 227 for changeToCandidate
2019-10-17 18:51:17,922 [Thread-3094] INFO  impl.RoleInfo (RoleInfo.java:updateAndGet(143)) - a5e79c22-a35f-4e50-b1fd-e91b6a93d74d: start LeaderElection
2019-10-17 18:51:17,936 [a5e79c22-a35f-4e50-b1fd-e91b6a93d74d@group-F775CA5912AC-LeaderElection394] INFO  impl.LeaderElection (LeaderElection.java:askForVotes(178)) - a5e79c22-a35f-4e50-b1fd-e91b6a93d74d@group-F775CA5912AC-LeaderElection394: begin an election at term 228 for -1: [a5e79c22-a35f-4e50-b1fd-e91b6a93d74d:192.168.157.251:45177, daae7813-f814-475d-9647-a302a5541e36:192.168.157.251:45025, 1e4e1375-1b66-460f-8c99-4c341545a119:192.168.157.251:42113], old=null
2019-10-17 18:51:17,937 [a5e79c22-a35f-4e50-b1fd-e91b6a93d74d@group-F775CA5912AC-LeaderElection394] INFO  impl.LeaderElection (LogUtils.java:infoOrTrace(149)) - a5e79c22-a35f-4e50-b1fd-e91b6a93d74d@group-F775CA5912AC-LeaderElection394 got exception when requesting votes: {}
java.util.concurrent.ExecutionException: org.apache.ratis.thirdparty.io.grpc.StatusRuntimeException: UNAVAILABLE: io exception
	at java.util.concurrent.FutureTask.report(FutureTask.java:122)
	at java.util.concurrent.FutureTask.get(FutureTask.java:192)
	at org.apache.ratis.server.impl.LeaderElection.waitForResults(LeaderElection.java:259)
	at org.apache.ratis.server.impl.LeaderElection.askForVotes(LeaderElection.java:197)
	at org.apache.ratis.server.impl.LeaderElection.run(LeaderElection.java:133)
	at java.lang.Thread.run(Thread.java:748)
Caused by: org.apache.ratis.thirdparty.io.grpc.StatusRuntimeException: UNAVAILABLE: io exception
	at org.apache.ratis.thirdparty.io.grpc.stub.ClientCalls.toStatusRuntimeException(ClientCalls.java:233)
	at org.apache.ratis.thirdparty.io.grpc.stub.ClientCalls.getUnchecked(ClientCalls.java:214)
	at org.apache.ratis.thirdparty.io.grpc.stub.ClientCalls.blockingUnaryCall(ClientCalls.java:139)
	at org.apache.ratis.proto.grpc.RaftServerProtocolServiceGrpc$RaftServerProtocolServiceBlockingStub.requestVote(RaftServerProtocolServiceGrpc.java:265)
	at org.apache.ratis.grpc.server.GrpcServerProtocolClient.requestVote(GrpcServerProtocolClient.java:99)
	at org.apache.ratis.grpc.server.GrpcService.requestVote(GrpcService.java:204)
	at org.apache.ratis.server.impl.LeaderElection.lambda$submitRequests$1(LeaderElection.java:234)
	at java.util.concurrent.FutureTask.run(FutureTask.java:266)
	at java.util.concurrent.Executors$RunnableAdapter.call(Executors.java:511)
	at java.util.concurrent.FutureTask.run(FutureTask.java:266)
	at java.util.concurrent.ThreadPoolExecutor.runWorker(ThreadPoolExecutor.java:1149)
	at java.util.concurrent.ThreadPoolExecutor$Worker.run(ThreadPoolExecutor.java:624)
	... 1 more
Caused by: org.apache.ratis.thirdparty.io.netty.channel.AbstractChannel$AnnotatedConnectException: Connection refused: /192.168.157.251:42113
	at sun.nio.ch.SocketChannelImpl.checkConnect(Native Method)
	at sun.nio.ch.SocketChannelImpl.finishConnect(SocketChannelImpl.java:717)
	at org.apache.ratis.thirdparty.io.netty.channel.socket.nio.NioSocketChannel.doFinishConnect(NioSocketChannel.java:327)
	at org.apache.ratis.thirdparty.io.netty.channel.nio.AbstractNioChannel$AbstractNioUnsafe.finishConnect(AbstractNioChannel.java:340)
	at org.apache.ratis.thirdparty.io.netty.channel.nio.NioEventLoop.processSelectedKey(NioEventLoop.java:632)
	at org.apache.ratis.thirdparty.io.netty.channel.nio.NioEventLoop.processSelectedKeysOptimized(NioEventLoop.java:579)
	at org.apache.ratis.thirdparty.io.netty.channel.nio.NioEventLoop.processSelectedKeys(NioEventLoop.java:496)
	at org.apache.ratis.thirdparty.io.netty.channel.nio.NioEventLoop.run(NioEventLoop.java:458)
	at org.apache.ratis.thirdparty.io.netty.util.concurrent.SingleThreadEventExecutor$5.run(SingleThreadEventExecutor.java:897)
	at org.apache.ratis.thirdparty.io.netty.util.concurrent.FastThreadLocalRunnable.run(FastThreadLocalRunnable.java:30)
	... 1 more
Caused by: java.net.ConnectException: Connection refused
	... 11 more
2019-10-17 18:51:17,938 [grpc-default-executor-5] INFO  impl.RaftServerImpl (RaftServerImpl.java:setRole(184)) - daae7813-f814-475d-9647-a302a5541e36@group-F775CA5912AC: changes role from  FOLLOWER to FOLLOWER at term 228 for recognizeCandidate:a5e79c22-a35f-4e50-b1fd-e91b6a93d74d
2019-10-17 18:51:17,939 [grpc-default-executor-5] INFO  impl.RoleInfo (RoleInfo.java:shutdownFollowerState(121)) - daae7813-f814-475d-9647-a302a5541e36: shutdown FollowerState
2019-10-17 18:51:17,939 [grpc-default-executor-5] INFO  impl.RoleInfo (RoleInfo.java:updateAndGet(143)) - daae7813-f814-475d-9647-a302a5541e36: start FollowerState
2019-10-17 18:51:17,939 [Thread-3093] INFO  impl.FollowerState (FollowerState.java:run(117)) - daae7813-f814-475d-9647-a302a5541e36@group-F775CA5912AC-FollowerState was interrupted: java.lang.InterruptedException: sleep interrupted
2019-10-17 18:51:17,953 [a5e79c22-a35f-4e50-b1fd-e91b6a93d74d@group-F775CA5912AC-LeaderElection394] INFO  impl.LeaderElection (LeaderElection.java:logAndReturn(56)) - a5e79c22-a35f-4e50-b1fd-e91b6a93d74d@group-F775CA5912AC-LeaderElection394: Election REJECTED; received 1 response(s) [a5e79c22-a35f-4e50-b1fd-e91b6a93d74d<-daae7813-f814-475d-9647-a302a5541e36#0:FAIL-t228] and 1 exception(s); a5e79c22-a35f-4e50-b1fd-e91b6a93d74d@group-F775CA5912AC:t228, leader=null, voted=a5e79c22-a35f-4e50-b1fd-e91b6a93d74d, raftlog=a5e79c22-a35f-4e50-b1fd-e91b6a93d74d@group-F775CA5912AC-SegmentedRaftLog:OPENED:c-1,f-1,i0, conf=-1: [a5e79c22-a35f-4e50-b1fd-e91b6a93d74d:192.168.157.251:45177, daae7813-f814-475d-9647-a302a5541e36:192.168.157.251:45025, 1e4e1375-1b66-460f-8c99-4c341545a119:192.168.157.251:42113], old=null
2019-10-17 18:51:17,953 [a5e79c22-a35f-4e50-b1fd-e91b6a93d74d@group-F775CA5912AC-LeaderElection394] INFO  impl.LeaderElection (LogUtils.java:infoOrTrace(149)) -   Exception 0: {}
java.util.concurrent.ExecutionException: org.apache.ratis.thirdparty.io.grpc.StatusRuntimeException: UNAVAILABLE: io exception
	at java.util.concurrent.FutureTask.report(FutureTask.java:122)
	at java.util.concurrent.FutureTask.get(FutureTask.java:192)
	at org.apache.ratis.server.impl.LeaderElection.waitForResults(LeaderElection.java:259)
	at org.apache.ratis.server.impl.LeaderElection.askForVotes(LeaderElection.java:197)
	at org.apache.ratis.server.impl.LeaderElection.run(LeaderElection.java:133)
	at java.lang.Thread.run(Thread.java:748)
Caused by: org.apache.ratis.thirdparty.io.grpc.StatusRuntimeException: UNAVAILABLE: io exception
	at org.apache.ratis.thirdparty.io.grpc.stub.ClientCalls.toStatusRuntimeException(ClientCalls.java:233)
	at org.apache.ratis.thirdparty.io.grpc.stub.ClientCalls.getUnchecked(ClientCalls.java:214)
	at org.apache.ratis.thirdparty.io.grpc.stub.ClientCalls.blockingUnaryCall(ClientCalls.java:139)
	at org.apache.ratis.proto.grpc.RaftServerProtocolServiceGrpc$RaftServerProtocolServiceBlockingStub.requestVote(RaftServerProtocolServiceGrpc.java:265)
	at org.apache.ratis.grpc.server.GrpcServerProtocolClient.requestVote(GrpcServerProtocolClient.java:99)
	at org.apache.ratis.grpc.server.GrpcService.requestVote(GrpcService.java:204)
	at org.apache.ratis.server.impl.LeaderElection.lambda$submitRequests$1(LeaderElection.java:234)
	at java.util.concurrent.FutureTask.run(FutureTask.java:266)
	at java.util.concurrent.Executors$RunnableAdapter.call(Executors.java:511)
	at java.util.concurrent.FutureTask.run(FutureTask.java:266)
	at java.util.concurrent.ThreadPoolExecutor.runWorker(ThreadPoolExecutor.java:1149)
	at java.util.concurrent.ThreadPoolExecutor$Worker.run(ThreadPoolExecutor.java:624)
	... 1 more
Caused by: org.apache.ratis.thirdparty.io.netty.channel.AbstractChannel$AnnotatedConnectException: Connection refused: /192.168.157.251:42113
	at sun.nio.ch.SocketChannelImpl.checkConnect(Native Method)
	at sun.nio.ch.SocketChannelImpl.finishConnect(SocketChannelImpl.java:717)
	at org.apache.ratis.thirdparty.io.netty.channel.socket.nio.NioSocketChannel.doFinishConnect(NioSocketChannel.java:327)
	at org.apache.ratis.thirdparty.io.netty.channel.nio.AbstractNioChannel$AbstractNioUnsafe.finishConnect(AbstractNioChannel.java:340)
	at org.apache.ratis.thirdparty.io.netty.channel.nio.NioEventLoop.processSelectedKey(NioEventLoop.java:632)
	at org.apache.ratis.thirdparty.io.netty.channel.nio.NioEventLoop.processSelectedKeysOptimized(NioEventLoop.java:579)
	at org.apache.ratis.thirdparty.io.netty.channel.nio.NioEventLoop.processSelectedKeys(NioEventLoop.java:496)
	at org.apache.ratis.thirdparty.io.netty.channel.nio.NioEventLoop.run(NioEventLoop.java:458)
	at org.apache.ratis.thirdparty.io.netty.util.concurrent.SingleThreadEventExecutor$5.run(SingleThreadEventExecutor.java:897)
	at org.apache.ratis.thirdparty.io.netty.util.concurrent.FastThreadLocalRunnable.run(FastThreadLocalRunnable.java:30)
	... 1 more
Caused by: java.net.ConnectException: Connection refused
	... 11 more
2019-10-17 18:51:17,954 [a5e79c22-a35f-4e50-b1fd-e91b6a93d74d@group-F775CA5912AC-LeaderElection394] INFO  impl.RaftServerImpl (RaftServerImpl.java:setRole(184)) - a5e79c22-a35f-4e50-b1fd-e91b6a93d74d@group-F775CA5912AC: changes role from CANDIDATE to FOLLOWER at term 228 for DISCOVERED_A_NEW_TERM
2019-10-17 18:51:17,954 [a5e79c22-a35f-4e50-b1fd-e91b6a93d74d@group-F775CA5912AC-LeaderElection394] INFO  impl.RoleInfo (RoleInfo.java:shutdownLeaderElection(134)) - a5e79c22-a35f-4e50-b1fd-e91b6a93d74d: shutdown LeaderElection
2019-10-17 18:51:17,954 [a5e79c22-a35f-4e50-b1fd-e91b6a93d74d@group-F775CA5912AC-LeaderElection394] INFO  impl.RoleInfo (RoleInfo.java:updateAndGet(143)) - a5e79c22-a35f-4e50-b1fd-e91b6a93d74d: start FollowerState
2019-10-17 18:51:18,012 [Thread-3100] INFO  impl.FollowerState (FollowerState.java:run(108)) - a5e79c22-a35f-4e50-b1fd-e91b6a93d74d@group-F775CA5912AC-FollowerState: change to CANDIDATE, lastRpcTime:58ms, electionTimeout:58ms
2019-10-17 18:51:18,012 [Thread-3100] INFO  impl.RoleInfo (RoleInfo.java:shutdownFollowerState(121)) - a5e79c22-a35f-4e50-b1fd-e91b6a93d74d: shutdown FollowerState
2019-10-17 18:51:18,013 [Thread-3100] INFO  impl.RaftServerImpl (RaftServerImpl.java:setRole(184)) - a5e79c22-a35f-4e50-b1fd-e91b6a93d74d@group-F775CA5912AC: changes role from  FOLLOWER to CANDIDATE at term 228 for changeToCandidate
2019-10-17 18:51:18,013 [Thread-3100] INFO  impl.RoleInfo (RoleInfo.java:updateAndGet(143)) - a5e79c22-a35f-4e50-b1fd-e91b6a93d74d: start LeaderElection
2019-10-17 18:51:18,049 [a5e79c22-a35f-4e50-b1fd-e91b6a93d74d@group-F775CA5912AC-LeaderElection395] INFO  impl.LeaderElection (LeaderElection.java:askForVotes(178)) - a5e79c22-a35f-4e50-b1fd-e91b6a93d74d@group-F775CA5912AC-LeaderElection395: begin an election at term 229 for -1: [a5e79c22-a35f-4e50-b1fd-e91b6a93d74d:192.168.157.251:45177, daae7813-f814-475d-9647-a302a5541e36:192.168.157.251:45025, 1e4e1375-1b66-460f-8c99-4c341545a119:192.168.157.251:42113], old=null
2019-10-17 18:51:18,049 [a5e79c22-a35f-4e50-b1fd-e91b6a93d74d@group-F775CA5912AC-LeaderElection395] INFO  impl.LeaderElection (LogUtils.java:infoOrTrace(149)) - a5e79c22-a35f-4e50-b1fd-e91b6a93d74d@group-F775CA5912AC-LeaderElection395 got exception when requesting votes: {}
java.util.concurrent.ExecutionException: org.apache.ratis.thirdparty.io.grpc.StatusRuntimeException: UNAVAILABLE: io exception
	at java.util.concurrent.FutureTask.report(FutureTask.java:122)
	at java.util.concurrent.FutureTask.get(FutureTask.java:192)
	at org.apache.ratis.server.impl.LeaderElection.waitForResults(LeaderElection.java:259)
	at org.apache.ratis.server.impl.LeaderElection.askForVotes(LeaderElection.java:197)
	at org.apache.ratis.server.impl.LeaderElection.run(LeaderElection.java:133)
	at java.lang.Thread.run(Thread.java:748)
Caused by: org.apache.ratis.thirdparty.io.grpc.StatusRuntimeException: UNAVAILABLE: io exception
	at org.apache.ratis.thirdparty.io.grpc.stub.ClientCalls.toStatusRuntimeException(ClientCalls.java:233)
	at org.apache.ratis.thirdparty.io.grpc.stub.ClientCalls.getUnchecked(ClientCalls.java:214)
	at org.apache.ratis.thirdparty.io.grpc.stub.ClientCalls.blockingUnaryCall(ClientCalls.java:139)
	at org.apache.ratis.proto.grpc.RaftServerProtocolServiceGrpc$RaftServerProtocolServiceBlockingStub.requestVote(RaftServerProtocolServiceGrpc.java:265)
	at org.apache.ratis.grpc.server.GrpcServerProtocolClient.requestVote(GrpcServerProtocolClient.java:99)
	at org.apache.ratis.grpc.server.GrpcService.requestVote(GrpcService.java:204)
	at org.apache.ratis.server.impl.LeaderElection.lambda$submitRequests$1(LeaderElection.java:234)
	at java.util.concurrent.FutureTask.run(FutureTask.java:266)
	at java.util.concurrent.Executors$RunnableAdapter.call(Executors.java:511)
	at java.util.concurrent.FutureTask.run(FutureTask.java:266)
	at java.util.concurrent.ThreadPoolExecutor.runWorker(ThreadPoolExecutor.java:1149)
	at java.util.concurrent.ThreadPoolExecutor$Worker.run(ThreadPoolExecutor.java:624)
	... 1 more
Caused by: org.apache.ratis.thirdparty.io.netty.channel.AbstractChannel$AnnotatedConnectException: Connection refused: /192.168.157.251:42113
	at sun.nio.ch.SocketChannelImpl.checkConnect(Native Method)
	at sun.nio.ch.SocketChannelImpl.finishConnect(SocketChannelImpl.java:717)
	at org.apache.ratis.thirdparty.io.netty.channel.socket.nio.NioSocketChannel.doFinishConnect(NioSocketChannel.java:327)
	at org.apache.ratis.thirdparty.io.netty.channel.nio.AbstractNioChannel$AbstractNioUnsafe.finishConnect(AbstractNioChannel.java:340)
	at org.apache.ratis.thirdparty.io.netty.channel.nio.NioEventLoop.processSelectedKey(NioEventLoop.java:632)
	at org.apache.ratis.thirdparty.io.netty.channel.nio.NioEventLoop.processSelectedKeysOptimized(NioEventLoop.java:579)
	at org.apache.ratis.thirdparty.io.netty.channel.nio.NioEventLoop.processSelectedKeys(NioEventLoop.java:496)
	at org.apache.ratis.thirdparty.io.netty.channel.nio.NioEventLoop.run(NioEventLoop.java:458)
	at org.apache.ratis.thirdparty.io.netty.util.concurrent.SingleThreadEventExecutor$5.run(SingleThreadEventExecutor.java:897)
	at org.apache.ratis.thirdparty.io.netty.util.concurrent.FastThreadLocalRunnable.run(FastThreadLocalRunnable.java:30)
	... 1 more
Caused by: java.net.ConnectException: Connection refused
	... 11 more
2019-10-17 18:51:18,050 [grpc-default-executor-5] INFO  impl.RaftServerImpl (RaftServerImpl.java:setRole(184)) - daae7813-f814-475d-9647-a302a5541e36@group-F775CA5912AC: changes role from  FOLLOWER to FOLLOWER at term 229 for recognizeCandidate:a5e79c22-a35f-4e50-b1fd-e91b6a93d74d
2019-10-17 18:51:18,050 [grpc-default-executor-5] INFO  impl.RoleInfo (RoleInfo.java:shutdownFollowerState(121)) - daae7813-f814-475d-9647-a302a5541e36: shutdown FollowerState
2019-10-17 18:51:18,051 [grpc-default-executor-5] INFO  impl.RoleInfo (RoleInfo.java:updateAndGet(143)) - daae7813-f814-475d-9647-a302a5541e36: start FollowerState
2019-10-17 18:51:18,051 [Thread-3099] INFO  impl.FollowerState (FollowerState.java:run(117)) - daae7813-f814-475d-9647-a302a5541e36@group-F775CA5912AC-FollowerState was interrupted: java.lang.InterruptedException: sleep interrupted
2019-10-17 18:51:18,097 [a5e79c22-a35f-4e50-b1fd-e91b6a93d74d@group-F775CA5912AC-LeaderElection395] INFO  impl.LeaderElection (LeaderElection.java:logAndReturn(56)) - a5e79c22-a35f-4e50-b1fd-e91b6a93d74d@group-F775CA5912AC-LeaderElection395: Election REJECTED; received 1 response(s) [a5e79c22-a35f-4e50-b1fd-e91b6a93d74d<-daae7813-f814-475d-9647-a302a5541e36#0:FAIL-t229] and 1 exception(s); a5e79c22-a35f-4e50-b1fd-e91b6a93d74d@group-F775CA5912AC:t229, leader=null, voted=a5e79c22-a35f-4e50-b1fd-e91b6a93d74d, raftlog=a5e79c22-a35f-4e50-b1fd-e91b6a93d74d@group-F775CA5912AC-SegmentedRaftLog:OPENED:c-1,f-1,i0, conf=-1: [a5e79c22-a35f-4e50-b1fd-e91b6a93d74d:192.168.157.251:45177, daae7813-f814-475d-9647-a302a5541e36:192.168.157.251:45025, 1e4e1375-1b66-460f-8c99-4c341545a119:192.168.157.251:42113], old=null
2019-10-17 18:51:18,097 [a5e79c22-a35f-4e50-b1fd-e91b6a93d74d@group-F775CA5912AC-LeaderElection395] INFO  impl.LeaderElection (LogUtils.java:infoOrTrace(149)) -   Exception 0: {}
java.util.concurrent.ExecutionException: org.apache.ratis.thirdparty.io.grpc.StatusRuntimeException: UNAVAILABLE: io exception
	at java.util.concurrent.FutureTask.report(FutureTask.java:122)
	at java.util.concurrent.FutureTask.get(FutureTask.java:192)
	at org.apache.ratis.server.impl.LeaderElection.waitForResults(LeaderElection.java:259)
	at org.apache.ratis.server.impl.LeaderElection.askForVotes(LeaderElection.java:197)
	at org.apache.ratis.server.impl.LeaderElection.run(LeaderElection.java:133)
	at java.lang.Thread.run(Thread.java:748)
Caused by: org.apache.ratis.thirdparty.io.grpc.StatusRuntimeException: UNAVAILABLE: io exception
	at org.apache.ratis.thirdparty.io.grpc.stub.ClientCalls.toStatusRuntimeException(ClientCalls.java:233)
	at org.apache.ratis.thirdparty.io.grpc.stub.ClientCalls.getUnchecked(ClientCalls.java:214)
	at org.apache.ratis.thirdparty.io.grpc.stub.ClientCalls.blockingUnaryCall(ClientCalls.java:139)
	at org.apache.ratis.proto.grpc.RaftServerProtocolServiceGrpc$RaftServerProtocolServiceBlockingStub.requestVote(RaftServerProtocolServiceGrpc.java:265)
	at org.apache.ratis.grpc.server.GrpcServerProtocolClient.requestVote(GrpcServerProtocolClient.java:99)
	at org.apache.ratis.grpc.server.GrpcService.requestVote(GrpcService.java:204)
	at org.apache.ratis.server.impl.LeaderElection.lambda$submitRequests$1(LeaderElection.java:234)
	at java.util.concurrent.FutureTask.run(FutureTask.java:266)
	at java.util.concurrent.Executors$RunnableAdapter.call(Executors.java:511)
	at java.util.concurrent.FutureTask.run(FutureTask.java:266)
	at java.util.concurrent.ThreadPoolExecutor.runWorker(ThreadPoolExecutor.java:1149)
	at java.util.concurrent.ThreadPoolExecutor$Worker.run(ThreadPoolExecutor.java:624)
	... 1 more
Caused by: org.apache.ratis.thirdparty.io.netty.channel.AbstractChannel$AnnotatedConnectException: Connection refused: /192.168.157.251:42113
	at sun.nio.ch.SocketChannelImpl.checkConnect(Native Method)
	at sun.nio.ch.SocketChannelImpl.finishConnect(SocketChannelImpl.java:717)
	at org.apache.ratis.thirdparty.io.netty.channel.socket.nio.NioSocketChannel.doFinishConnect(NioSocketChannel.java:327)
	at org.apache.ratis.thirdparty.io.netty.channel.nio.AbstractNioChannel$AbstractNioUnsafe.finishConnect(AbstractNioChannel.java:340)
	at org.apache.ratis.thirdparty.io.netty.channel.nio.NioEventLoop.processSelectedKey(NioEventLoop.java:632)
	at org.apache.ratis.thirdparty.io.netty.channel.nio.NioEventLoop.processSelectedKeysOptimized(NioEventLoop.java:579)
	at org.apache.ratis.thirdparty.io.netty.channel.nio.NioEventLoop.processSelectedKeys(NioEventLoop.java:496)
	at org.apache.ratis.thirdparty.io.netty.channel.nio.NioEventLoop.run(NioEventLoop.java:458)
	at org.apache.ratis.thirdparty.io.netty.util.concurrent.SingleThreadEventExecutor$5.run(SingleThreadEventExecutor.java:897)
	at org.apache.ratis.thirdparty.io.netty.util.concurrent.FastThreadLocalRunnable.run(FastThreadLocalRunnable.java:30)
	... 1 more
Caused by: java.net.ConnectException: Connection refused
	... 11 more
2019-10-17 18:51:18,097 [a5e79c22-a35f-4e50-b1fd-e91b6a93d74d@group-F775CA5912AC-LeaderElection395] INFO  impl.RaftServerImpl (RaftServerImpl.java:setRole(184)) - a5e79c22-a35f-4e50-b1fd-e91b6a93d74d@group-F775CA5912AC: changes role from CANDIDATE to FOLLOWER at term 229 for DISCOVERED_A_NEW_TERM
2019-10-17 18:51:18,098 [a5e79c22-a35f-4e50-b1fd-e91b6a93d74d@group-F775CA5912AC-LeaderElection395] INFO  impl.RoleInfo (RoleInfo.java:shutdownLeaderElection(134)) - a5e79c22-a35f-4e50-b1fd-e91b6a93d74d: shutdown LeaderElection
2019-10-17 18:51:18,098 [a5e79c22-a35f-4e50-b1fd-e91b6a93d74d@group-F775CA5912AC-LeaderElection395] INFO  impl.RoleInfo (RoleInfo.java:updateAndGet(143)) - a5e79c22-a35f-4e50-b1fd-e91b6a93d74d: start FollowerState
2019-10-17 18:51:18,130 [Thread-3105] INFO  impl.FollowerState (FollowerState.java:run(108)) - a5e79c22-a35f-4e50-b1fd-e91b6a93d74d@group-F775CA5912AC-FollowerState: change to CANDIDATE, lastRpcTime:32ms, electionTimeout:32ms
2019-10-17 18:51:18,130 [Thread-3105] INFO  impl.RoleInfo (RoleInfo.java:shutdownFollowerState(121)) - a5e79c22-a35f-4e50-b1fd-e91b6a93d74d: shutdown FollowerState
2019-10-17 18:51:18,130 [Thread-3105] INFO  impl.RaftServerImpl (RaftServerImpl.java:setRole(184)) - a5e79c22-a35f-4e50-b1fd-e91b6a93d74d@group-F775CA5912AC: changes role from  FOLLOWER to CANDIDATE at term 229 for changeToCandidate
2019-10-17 18:51:18,130 [Thread-3105] INFO  impl.RoleInfo (RoleInfo.java:updateAndGet(143)) - a5e79c22-a35f-4e50-b1fd-e91b6a93d74d: start LeaderElection
2019-10-17 18:51:18,179 [a5e79c22-a35f-4e50-b1fd-e91b6a93d74d@group-F775CA5912AC-LeaderElection396] INFO  impl.LeaderElection (LeaderElection.java:askForVotes(178)) - a5e79c22-a35f-4e50-b1fd-e91b6a93d74d@group-F775CA5912AC-LeaderElection396: begin an election at term 230 for -1: [a5e79c22-a35f-4e50-b1fd-e91b6a93d74d:192.168.157.251:45177, daae7813-f814-475d-9647-a302a5541e36:192.168.157.251:45025, 1e4e1375-1b66-460f-8c99-4c341545a119:192.168.157.251:42113], old=null
2019-10-17 18:51:18,180 [a5e79c22-a35f-4e50-b1fd-e91b6a93d74d@group-F775CA5912AC-LeaderElection396] INFO  impl.LeaderElection (LogUtils.java:infoOrTrace(149)) - a5e79c22-a35f-4e50-b1fd-e91b6a93d74d@group-F775CA5912AC-LeaderElection396 got exception when requesting votes: {}
java.util.concurrent.ExecutionException: org.apache.ratis.thirdparty.io.grpc.StatusRuntimeException: UNAVAILABLE: io exception
	at java.util.concurrent.FutureTask.report(FutureTask.java:122)
	at java.util.concurrent.FutureTask.get(FutureTask.java:192)
	at org.apache.ratis.server.impl.LeaderElection.waitForResults(LeaderElection.java:259)
	at org.apache.ratis.server.impl.LeaderElection.askForVotes(LeaderElection.java:197)
	at org.apache.ratis.server.impl.LeaderElection.run(LeaderElection.java:133)
	at java.lang.Thread.run(Thread.java:748)
Caused by: org.apache.ratis.thirdparty.io.grpc.StatusRuntimeException: UNAVAILABLE: io exception
	at org.apache.ratis.thirdparty.io.grpc.stub.ClientCalls.toStatusRuntimeException(ClientCalls.java:233)
	at org.apache.ratis.thirdparty.io.grpc.stub.ClientCalls.getUnchecked(ClientCalls.java:214)
	at org.apache.ratis.thirdparty.io.grpc.stub.ClientCalls.blockingUnaryCall(ClientCalls.java:139)
	at org.apache.ratis.proto.grpc.RaftServerProtocolServiceGrpc$RaftServerProtocolServiceBlockingStub.requestVote(RaftServerProtocolServiceGrpc.java:265)
	at org.apache.ratis.grpc.server.GrpcServerProtocolClient.requestVote(GrpcServerProtocolClient.java:99)
	at org.apache.ratis.grpc.server.GrpcService.requestVote(GrpcService.java:204)
	at org.apache.ratis.server.impl.LeaderElection.lambda$submitRequests$1(LeaderElection.java:234)
	at java.util.concurrent.FutureTask.run(FutureTask.java:266)
	at java.util.concurrent.Executors$RunnableAdapter.call(Executors.java:511)
	at java.util.concurrent.FutureTask.run(FutureTask.java:266)
	at java.util.concurrent.ThreadPoolExecutor.runWorker(ThreadPoolExecutor.java:1149)
	at java.util.concurrent.ThreadPoolExecutor$Worker.run(ThreadPoolExecutor.java:624)
	... 1 more
Caused by: org.apache.ratis.thirdparty.io.netty.channel.AbstractChannel$AnnotatedConnectException: Connection refused: /192.168.157.251:42113
	at sun.nio.ch.SocketChannelImpl.checkConnect(Native Method)
	at sun.nio.ch.SocketChannelImpl.finishConnect(SocketChannelImpl.java:717)
	at org.apache.ratis.thirdparty.io.netty.channel.socket.nio.NioSocketChannel.doFinishConnect(NioSocketChannel.java:327)
	at org.apache.ratis.thirdparty.io.netty.channel.nio.AbstractNioChannel$AbstractNioUnsafe.finishConnect(AbstractNioChannel.java:340)
	at org.apache.ratis.thirdparty.io.netty.channel.nio.NioEventLoop.processSelectedKey(NioEventLoop.java:632)
	at org.apache.ratis.thirdparty.io.netty.channel.nio.NioEventLoop.processSelectedKeysOptimized(NioEventLoop.java:579)
	at org.apache.ratis.thirdparty.io.netty.channel.nio.NioEventLoop.processSelectedKeys(NioEventLoop.java:496)
	at org.apache.ratis.thirdparty.io.netty.channel.nio.NioEventLoop.run(NioEventLoop.java:458)
	at org.apache.ratis.thirdparty.io.netty.util.concurrent.SingleThreadEventExecutor$5.run(SingleThreadEventExecutor.java:897)
	at org.apache.ratis.thirdparty.io.netty.util.concurrent.FastThreadLocalRunnable.run(FastThreadLocalRunnable.java:30)
	... 1 more
Caused by: java.net.ConnectException: Connection refused
	... 11 more
2019-10-17 18:51:18,181 [grpc-default-executor-5] INFO  impl.RaftServerImpl (RaftServerImpl.java:setRole(184)) - daae7813-f814-475d-9647-a302a5541e36@group-F775CA5912AC: changes role from  FOLLOWER to FOLLOWER at term 230 for recognizeCandidate:a5e79c22-a35f-4e50-b1fd-e91b6a93d74d
2019-10-17 18:51:18,181 [grpc-default-executor-5] INFO  impl.RoleInfo (RoleInfo.java:shutdownFollowerState(121)) - daae7813-f814-475d-9647-a302a5541e36: shutdown FollowerState
2019-10-17 18:51:18,181 [grpc-default-executor-5] INFO  impl.RoleInfo (RoleInfo.java:updateAndGet(143)) - daae7813-f814-475d-9647-a302a5541e36: start FollowerState
2019-10-17 18:51:18,181 [Thread-3104] INFO  impl.FollowerState (FollowerState.java:run(117)) - daae7813-f814-475d-9647-a302a5541e36@group-F775CA5912AC-FollowerState was interrupted: java.lang.InterruptedException: sleep interrupted
2019-10-17 18:51:18,233 [a5e79c22-a35f-4e50-b1fd-e91b6a93d74d@group-F775CA5912AC-LeaderElection396] INFO  impl.LeaderElection (LeaderElection.java:logAndReturn(56)) - a5e79c22-a35f-4e50-b1fd-e91b6a93d74d@group-F775CA5912AC-LeaderElection396: Election REJECTED; received 1 response(s) [a5e79c22-a35f-4e50-b1fd-e91b6a93d74d<-daae7813-f814-475d-9647-a302a5541e36#0:FAIL-t230] and 1 exception(s); a5e79c22-a35f-4e50-b1fd-e91b6a93d74d@group-F775CA5912AC:t230, leader=null, voted=a5e79c22-a35f-4e50-b1fd-e91b6a93d74d, raftlog=a5e79c22-a35f-4e50-b1fd-e91b6a93d74d@group-F775CA5912AC-SegmentedRaftLog:OPENED:c-1,f-1,i0, conf=-1: [a5e79c22-a35f-4e50-b1fd-e91b6a93d74d:192.168.157.251:45177, daae7813-f814-475d-9647-a302a5541e36:192.168.157.251:45025, 1e4e1375-1b66-460f-8c99-4c341545a119:192.168.157.251:42113], old=null
2019-10-17 18:51:18,233 [a5e79c22-a35f-4e50-b1fd-e91b6a93d74d@group-F775CA5912AC-LeaderElection396] INFO  impl.LeaderElection (LogUtils.java:infoOrTrace(149)) -   Exception 0: {}
java.util.concurrent.ExecutionException: org.apache.ratis.thirdparty.io.grpc.StatusRuntimeException: UNAVAILABLE: io exception
	at java.util.concurrent.FutureTask.report(FutureTask.java:122)
	at java.util.concurrent.FutureTask.get(FutureTask.java:192)
	at org.apache.ratis.server.impl.LeaderElection.waitForResults(LeaderElection.java:259)
	at org.apache.ratis.server.impl.LeaderElection.askForVotes(LeaderElection.java:197)
	at org.apache.ratis.server.impl.LeaderElection.run(LeaderElection.java:133)
	at java.lang.Thread.run(Thread.java:748)
Caused by: org.apache.ratis.thirdparty.io.grpc.StatusRuntimeException: UNAVAILABLE: io exception
	at org.apache.ratis.thirdparty.io.grpc.stub.ClientCalls.toStatusRuntimeException(ClientCalls.java:233)
	at org.apache.ratis.thirdparty.io.grpc.stub.ClientCalls.getUnchecked(ClientCalls.java:214)
	at org.apache.ratis.thirdparty.io.grpc.stub.ClientCalls.blockingUnaryCall(ClientCalls.java:139)
	at org.apache.ratis.proto.grpc.RaftServerProtocolServiceGrpc$RaftServerProtocolServiceBlockingStub.requestVote(RaftServerProtocolServiceGrpc.java:265)
	at org.apache.ratis.grpc.server.GrpcServerProtocolClient.requestVote(GrpcServerProtocolClient.java:99)
	at org.apache.ratis.grpc.server.GrpcService.requestVote(GrpcService.java:204)
	at org.apache.ratis.server.impl.LeaderElection.lambda$submitRequests$1(LeaderElection.java:234)
	at java.util.concurrent.FutureTask.run(FutureTask.java:266)
	at java.util.concurrent.Executors$RunnableAdapter.call(Executors.java:511)
	at java.util.concurrent.FutureTask.run(FutureTask.java:266)
	at java.util.concurrent.ThreadPoolExecutor.runWorker(ThreadPoolExecutor.java:1149)
	at java.util.concurrent.ThreadPoolExecutor$Worker.run(ThreadPoolExecutor.java:624)
	... 1 more
Caused by: org.apache.ratis.thirdparty.io.netty.channel.AbstractChannel$AnnotatedConnectException: Connection refused: /192.168.157.251:42113
	at sun.nio.ch.SocketChannelImpl.checkConnect(Native Method)
	at sun.nio.ch.SocketChannelImpl.finishConnect(SocketChannelImpl.java:717)
	at org.apache.ratis.thirdparty.io.netty.channel.socket.nio.NioSocketChannel.doFinishConnect(NioSocketChannel.java:327)
	at org.apache.ratis.thirdparty.io.netty.channel.nio.AbstractNioChannel$AbstractNioUnsafe.finishConnect(AbstractNioChannel.java:340)
	at org.apache.ratis.thirdparty.io.netty.channel.nio.NioEventLoop.processSelectedKey(NioEventLoop.java:632)
	at org.apache.ratis.thirdparty.io.netty.channel.nio.NioEventLoop.processSelectedKeysOptimized(NioEventLoop.java:579)
	at org.apache.ratis.thirdparty.io.netty.channel.nio.NioEventLoop.processSelectedKeys(NioEventLoop.java:496)
	at org.apache.ratis.thirdparty.io.netty.channel.nio.NioEventLoop.run(NioEventLoop.java:458)
	at org.apache.ratis.thirdparty.io.netty.util.concurrent.SingleThreadEventExecutor$5.run(SingleThreadEventExecutor.java:897)
	at org.apache.ratis.thirdparty.io.netty.util.concurrent.FastThreadLocalRunnable.run(FastThreadLocalRunnable.java:30)
	... 1 more
Caused by: java.net.ConnectException: Connection refused
	... 11 more
2019-10-17 18:51:18,233 [a5e79c22-a35f-4e50-b1fd-e91b6a93d74d@group-F775CA5912AC-LeaderElection396] INFO  impl.RaftServerImpl (RaftServerImpl.java:setRole(184)) - a5e79c22-a35f-4e50-b1fd-e91b6a93d74d@group-F775CA5912AC: changes role from CANDIDATE to FOLLOWER at term 230 for DISCOVERED_A_NEW_TERM
2019-10-17 18:51:18,233 [a5e79c22-a35f-4e50-b1fd-e91b6a93d74d@group-F775CA5912AC-LeaderElection396] INFO  impl.RoleInfo (RoleInfo.java:shutdownLeaderElection(134)) - a5e79c22-a35f-4e50-b1fd-e91b6a93d74d: shutdown LeaderElection
2019-10-17 18:51:18,234 [a5e79c22-a35f-4e50-b1fd-e91b6a93d74d@group-F775CA5912AC-LeaderElection396] INFO  impl.RoleInfo (RoleInfo.java:updateAndGet(143)) - a5e79c22-a35f-4e50-b1fd-e91b6a93d74d: start FollowerState
2019-10-17 18:51:18,364 [java.util.concurrent.ThreadPoolExecutor$Worker@5bc0d76f[State = -1, empty queue]] WARN  server.GrpcLogAppender (GrpcLogAppender.java:timeoutAppendRequest(209)) - 8f4f8799-ef18-41e5-9bb8-2f724208e999@group-9D6F8169C5E6->0fe4833c-4439-4309-b94b-508419b07a37-GrpcLogAppender: appendEntries Timeout, request=8f4f8799-ef18-41e5-9bb8-2f724208e999->0fe4833c-4439-4309-b94b-508419b07a37#78-t7, previous=(t:7, i:19), leaderCommit=19, initializing? false, entries: <empty>
2019-10-17 18:51:18,425 [Thread-3110] INFO  impl.FollowerState (FollowerState.java:run(108)) - a5e79c22-a35f-4e50-b1fd-e91b6a93d74d@group-F775CA5912AC-FollowerState: change to CANDIDATE, lastRpcTime:191ms, electionTimeout:191ms
2019-10-17 18:51:18,426 [Thread-3110] INFO  impl.RoleInfo (RoleInfo.java:shutdownFollowerState(121)) - a5e79c22-a35f-4e50-b1fd-e91b6a93d74d: shutdown FollowerState
2019-10-17 18:51:18,426 [Thread-3110] INFO  impl.RaftServerImpl (RaftServerImpl.java:setRole(184)) - a5e79c22-a35f-4e50-b1fd-e91b6a93d74d@group-F775CA5912AC: changes role from  FOLLOWER to CANDIDATE at term 230 for changeToCandidate
2019-10-17 18:51:18,426 [Thread-3110] INFO  impl.RoleInfo (RoleInfo.java:updateAndGet(143)) - a5e79c22-a35f-4e50-b1fd-e91b6a93d74d: start LeaderElection
2019-10-17 18:51:18,442 [a5e79c22-a35f-4e50-b1fd-e91b6a93d74d@group-F775CA5912AC-LeaderElection397] INFO  impl.LeaderElection (LeaderElection.java:askForVotes(178)) - a5e79c22-a35f-4e50-b1fd-e91b6a93d74d@group-F775CA5912AC-LeaderElection397: begin an election at term 231 for -1: [a5e79c22-a35f-4e50-b1fd-e91b6a93d74d:192.168.157.251:45177, daae7813-f814-475d-9647-a302a5541e36:192.168.157.251:45025, 1e4e1375-1b66-460f-8c99-4c341545a119:192.168.157.251:42113], old=null
2019-10-17 18:51:18,444 [a5e79c22-a35f-4e50-b1fd-e91b6a93d74d@group-F775CA5912AC-LeaderElection397] INFO  impl.LeaderElection (LogUtils.java:infoOrTrace(149)) - a5e79c22-a35f-4e50-b1fd-e91b6a93d74d@group-F775CA5912AC-LeaderElection397 got exception when requesting votes: {}
java.util.concurrent.ExecutionException: org.apache.ratis.thirdparty.io.grpc.StatusRuntimeException: UNAVAILABLE: io exception
	at java.util.concurrent.FutureTask.report(FutureTask.java:122)
	at java.util.concurrent.FutureTask.get(FutureTask.java:192)
	at org.apache.ratis.server.impl.LeaderElection.waitForResults(LeaderElection.java:259)
	at org.apache.ratis.server.impl.LeaderElection.askForVotes(LeaderElection.java:197)
	at org.apache.ratis.server.impl.LeaderElection.run(LeaderElection.java:133)
	at java.lang.Thread.run(Thread.java:748)
Caused by: org.apache.ratis.thirdparty.io.grpc.StatusRuntimeException: UNAVAILABLE: io exception
	at org.apache.ratis.thirdparty.io.grpc.stub.ClientCalls.toStatusRuntimeException(ClientCalls.java:233)
	at org.apache.ratis.thirdparty.io.grpc.stub.ClientCalls.getUnchecked(ClientCalls.java:214)
	at org.apache.ratis.thirdparty.io.grpc.stub.ClientCalls.blockingUnaryCall(ClientCalls.java:139)
	at org.apache.ratis.proto.grpc.RaftServerProtocolServiceGrpc$RaftServerProtocolServiceBlockingStub.requestVote(RaftServerProtocolServiceGrpc.java:265)
	at org.apache.ratis.grpc.server.GrpcServerProtocolClient.requestVote(GrpcServerProtocolClient.java:99)
	at org.apache.ratis.grpc.server.GrpcService.requestVote(GrpcService.java:204)
	at org.apache.ratis.server.impl.LeaderElection.lambda$submitRequests$1(LeaderElection.java:234)
	at java.util.concurrent.FutureTask.run(FutureTask.java:266)
	at java.util.concurrent.Executors$RunnableAdapter.call(Executors.java:511)
	at java.util.concurrent.FutureTask.run(FutureTask.java:266)
	at java.util.concurrent.ThreadPoolExecutor.runWorker(ThreadPoolExecutor.java:1149)
	at java.util.concurrent.ThreadPoolExecutor$Worker.run(ThreadPoolExecutor.java:624)
	... 1 more
Caused by: org.apache.ratis.thirdparty.io.netty.channel.AbstractChannel$AnnotatedConnectException: Connection refused: /192.168.157.251:42113
	at sun.nio.ch.SocketChannelImpl.checkConnect(Native Method)
	at sun.nio.ch.SocketChannelImpl.finishConnect(SocketChannelImpl.java:717)
	at org.apache.ratis.thirdparty.io.netty.channel.socket.nio.NioSocketChannel.doFinishConnect(NioSocketChannel.java:327)
	at org.apache.ratis.thirdparty.io.netty.channel.nio.AbstractNioChannel$AbstractNioUnsafe.finishConnect(AbstractNioChannel.java:340)
	at org.apache.ratis.thirdparty.io.netty.channel.nio.NioEventLoop.processSelectedKey(NioEventLoop.java:632)
	at org.apache.ratis.thirdparty.io.netty.channel.nio.NioEventLoop.processSelectedKeysOptimized(NioEventLoop.java:579)
	at org.apache.ratis.thirdparty.io.netty.channel.nio.NioEventLoop.processSelectedKeys(NioEventLoop.java:496)
	at org.apache.ratis.thirdparty.io.netty.channel.nio.NioEventLoop.run(NioEventLoop.java:458)
	at org.apache.ratis.thirdparty.io.netty.util.concurrent.SingleThreadEventExecutor$5.run(SingleThreadEventExecutor.java:897)
	at org.apache.ratis.thirdparty.io.netty.util.concurrent.FastThreadLocalRunnable.run(FastThreadLocalRunnable.java:30)
	... 1 more
Caused by: java.net.ConnectException: Connection refused
	... 11 more
2019-10-17 18:51:18,445 [grpc-default-executor-5] INFO  impl.RaftServerImpl (RaftServerImpl.java:setRole(184)) - daae7813-f814-475d-9647-a302a5541e36@group-F775CA5912AC: changes role from  FOLLOWER to FOLLOWER at term 231 for recognizeCandidate:a5e79c22-a35f-4e50-b1fd-e91b6a93d74d
2019-10-17 18:51:18,445 [grpc-default-executor-5] INFO  impl.RoleInfo (RoleInfo.java:shutdownFollowerState(121)) - daae7813-f814-475d-9647-a302a5541e36: shutdown FollowerState
2019-10-17 18:51:18,445 [grpc-default-executor-5] INFO  impl.RoleInfo (RoleInfo.java:updateAndGet(143)) - daae7813-f814-475d-9647-a302a5541e36: start FollowerState
2019-10-17 18:51:18,446 [Thread-3109] INFO  impl.FollowerState (FollowerState.java:run(117)) - daae7813-f814-475d-9647-a302a5541e36@group-F775CA5912AC-FollowerState was interrupted: java.lang.InterruptedException: sleep interrupted
2019-10-17 18:51:18,510 [a5e79c22-a35f-4e50-b1fd-e91b6a93d74d@group-F775CA5912AC-LeaderElection397] INFO  impl.LeaderElection (LeaderElection.java:logAndReturn(56)) - a5e79c22-a35f-4e50-b1fd-e91b6a93d74d@group-F775CA5912AC-LeaderElection397: Election REJECTED; received 1 response(s) [a5e79c22-a35f-4e50-b1fd-e91b6a93d74d<-daae7813-f814-475d-9647-a302a5541e36#0:FAIL-t231] and 1 exception(s); a5e79c22-a35f-4e50-b1fd-e91b6a93d74d@group-F775CA5912AC:t231, leader=null, voted=a5e79c22-a35f-4e50-b1fd-e91b6a93d74d, raftlog=a5e79c22-a35f-4e50-b1fd-e91b6a93d74d@group-F775CA5912AC-SegmentedRaftLog:OPENED:c-1,f-1,i0, conf=-1: [a5e79c22-a35f-4e50-b1fd-e91b6a93d74d:192.168.157.251:45177, daae7813-f814-475d-9647-a302a5541e36:192.168.157.251:45025, 1e4e1375-1b66-460f-8c99-4c341545a119:192.168.157.251:42113], old=null
2019-10-17 18:51:18,510 [a5e79c22-a35f-4e50-b1fd-e91b6a93d74d@group-F775CA5912AC-LeaderElection397] INFO  impl.LeaderElection (LogUtils.java:infoOrTrace(149)) -   Exception 0: {}
java.util.concurrent.ExecutionException: org.apache.ratis.thirdparty.io.grpc.StatusRuntimeException: UNAVAILABLE: io exception
	at java.util.concurrent.FutureTask.report(FutureTask.java:122)
	at java.util.concurrent.FutureTask.get(FutureTask.java:192)
	at org.apache.ratis.server.impl.LeaderElection.waitForResults(LeaderElection.java:259)
	at org.apache.ratis.server.impl.LeaderElection.askForVotes(LeaderElection.java:197)
	at org.apache.ratis.server.impl.LeaderElection.run(LeaderElection.java:133)
	at java.lang.Thread.run(Thread.java:748)
Caused by: org.apache.ratis.thirdparty.io.grpc.StatusRuntimeException: UNAVAILABLE: io exception
	at org.apache.ratis.thirdparty.io.grpc.stub.ClientCalls.toStatusRuntimeException(ClientCalls.java:233)
	at org.apache.ratis.thirdparty.io.grpc.stub.ClientCalls.getUnchecked(ClientCalls.java:214)
	at org.apache.ratis.thirdparty.io.grpc.stub.ClientCalls.blockingUnaryCall(ClientCalls.java:139)
	at org.apache.ratis.proto.grpc.RaftServerProtocolServiceGrpc$RaftServerProtocolServiceBlockingStub.requestVote(RaftServerProtocolServiceGrpc.java:265)
	at org.apache.ratis.grpc.server.GrpcServerProtocolClient.requestVote(GrpcServerProtocolClient.java:99)
	at org.apache.ratis.grpc.server.GrpcService.requestVote(GrpcService.java:204)
	at org.apache.ratis.server.impl.LeaderElection.lambda$submitRequests$1(LeaderElection.java:234)
	at java.util.concurrent.FutureTask.run(FutureTask.java:266)
	at java.util.concurrent.Executors$RunnableAdapter.call(Executors.java:511)
	at java.util.concurrent.FutureTask.run(FutureTask.java:266)
	at java.util.concurrent.ThreadPoolExecutor.runWorker(ThreadPoolExecutor.java:1149)
	at java.util.concurrent.ThreadPoolExecutor$Worker.run(ThreadPoolExecutor.java:624)
	... 1 more
Caused by: org.apache.ratis.thirdparty.io.netty.channel.AbstractChannel$AnnotatedConnectException: Connection refused: /192.168.157.251:42113
	at sun.nio.ch.SocketChannelImpl.checkConnect(Native Method)
	at sun.nio.ch.SocketChannelImpl.finishConnect(SocketChannelImpl.java:717)
	at org.apache.ratis.thirdparty.io.netty.channel.socket.nio.NioSocketChannel.doFinishConnect(NioSocketChannel.java:327)
	at org.apache.ratis.thirdparty.io.netty.channel.nio.AbstractNioChannel$AbstractNioUnsafe.finishConnect(AbstractNioChannel.java:340)
	at org.apache.ratis.thirdparty.io.netty.channel.nio.NioEventLoop.processSelectedKey(NioEventLoop.java:632)
	at org.apache.ratis.thirdparty.io.netty.channel.nio.NioEventLoop.processSelectedKeysOptimized(NioEventLoop.java:579)
	at org.apache.ratis.thirdparty.io.netty.channel.nio.NioEventLoop.processSelectedKeys(NioEventLoop.java:496)
	at org.apache.ratis.thirdparty.io.netty.channel.nio.NioEventLoop.run(NioEventLoop.java:458)
	at org.apache.ratis.thirdparty.io.netty.util.concurrent.SingleThreadEventExecutor$5.run(SingleThreadEventExecutor.java:897)
	at org.apache.ratis.thirdparty.io.netty.util.concurrent.FastThreadLocalRunnable.run(FastThreadLocalRunnable.java:30)
	... 1 more
Caused by: java.net.ConnectException: Connection refused
	... 11 more
2019-10-17 18:51:18,511 [a5e79c22-a35f-4e50-b1fd-e91b6a93d74d@group-F775CA5912AC-LeaderElection397] INFO  impl.RaftServerImpl (RaftServerImpl.java:setRole(184)) - a5e79c22-a35f-4e50-b1fd-e91b6a93d74d@group-F775CA5912AC: changes role from CANDIDATE to FOLLOWER at term 231 for DISCOVERED_A_NEW_TERM
2019-10-17 18:51:18,511 [a5e79c22-a35f-4e50-b1fd-e91b6a93d74d@group-F775CA5912AC-LeaderElection397] INFO  impl.RoleInfo (RoleInfo.java:shutdownLeaderElection(134)) - a5e79c22-a35f-4e50-b1fd-e91b6a93d74d: shutdown LeaderElection
2019-10-17 18:51:18,511 [a5e79c22-a35f-4e50-b1fd-e91b6a93d74d@group-F775CA5912AC-LeaderElection397] INFO  impl.RoleInfo (RoleInfo.java:updateAndGet(143)) - a5e79c22-a35f-4e50-b1fd-e91b6a93d74d: start FollowerState
2019-10-17 18:51:18,546 [Thread-3116] INFO  impl.FollowerState (FollowerState.java:run(108)) - a5e79c22-a35f-4e50-b1fd-e91b6a93d74d@group-F775CA5912AC-FollowerState: change to CANDIDATE, lastRpcTime:35ms, electionTimeout:35ms
2019-10-17 18:51:18,546 [Thread-3116] INFO  impl.RoleInfo (RoleInfo.java:shutdownFollowerState(121)) - a5e79c22-a35f-4e50-b1fd-e91b6a93d74d: shutdown FollowerState
2019-10-17 18:51:18,546 [Thread-3116] INFO  impl.RaftServerImpl (RaftServerImpl.java:setRole(184)) - a5e79c22-a35f-4e50-b1fd-e91b6a93d74d@group-F775CA5912AC: changes role from  FOLLOWER to CANDIDATE at term 231 for changeToCandidate
2019-10-17 18:51:18,547 [Thread-3116] INFO  impl.RoleInfo (RoleInfo.java:updateAndGet(143)) - a5e79c22-a35f-4e50-b1fd-e91b6a93d74d: start LeaderElection
2019-10-17 18:51:18,572 [a5e79c22-a35f-4e50-b1fd-e91b6a93d74d@group-F775CA5912AC-LeaderElection398] INFO  impl.LeaderElection (LeaderElection.java:askForVotes(178)) - a5e79c22-a35f-4e50-b1fd-e91b6a93d74d@group-F775CA5912AC-LeaderElection398: begin an election at term 232 for -1: [a5e79c22-a35f-4e50-b1fd-e91b6a93d74d:192.168.157.251:45177, daae7813-f814-475d-9647-a302a5541e36:192.168.157.251:45025, 1e4e1375-1b66-460f-8c99-4c341545a119:192.168.157.251:42113], old=null
2019-10-17 18:51:18,573 [a5e79c22-a35f-4e50-b1fd-e91b6a93d74d@group-F775CA5912AC-LeaderElection398] INFO  impl.LeaderElection (LogUtils.java:infoOrTrace(149)) - a5e79c22-a35f-4e50-b1fd-e91b6a93d74d@group-F775CA5912AC-LeaderElection398 got exception when requesting votes: {}
java.util.concurrent.ExecutionException: org.apache.ratis.thirdparty.io.grpc.StatusRuntimeException: UNAVAILABLE: io exception
	at java.util.concurrent.FutureTask.report(FutureTask.java:122)
	at java.util.concurrent.FutureTask.get(FutureTask.java:192)
	at org.apache.ratis.server.impl.LeaderElection.waitForResults(LeaderElection.java:259)
	at org.apache.ratis.server.impl.LeaderElection.askForVotes(LeaderElection.java:197)
	at org.apache.ratis.server.impl.LeaderElection.run(LeaderElection.java:133)
	at java.lang.Thread.run(Thread.java:748)
Caused by: org.apache.ratis.thirdparty.io.grpc.StatusRuntimeException: UNAVAILABLE: io exception
	at org.apache.ratis.thirdparty.io.grpc.stub.ClientCalls.toStatusRuntimeException(ClientCalls.java:233)
	at org.apache.ratis.thirdparty.io.grpc.stub.ClientCalls.getUnchecked(ClientCalls.java:214)
	at org.apache.ratis.thirdparty.io.grpc.stub.ClientCalls.blockingUnaryCall(ClientCalls.java:139)
	at org.apache.ratis.proto.grpc.RaftServerProtocolServiceGrpc$RaftServerProtocolServiceBlockingStub.requestVote(RaftServerProtocolServiceGrpc.java:265)
	at org.apache.ratis.grpc.server.GrpcServerProtocolClient.requestVote(GrpcServerProtocolClient.java:99)
	at org.apache.ratis.grpc.server.GrpcService.requestVote(GrpcService.java:204)
	at org.apache.ratis.server.impl.LeaderElection.lambda$submitRequests$1(LeaderElection.java:234)
	at java.util.concurrent.FutureTask.run(FutureTask.java:266)
	at java.util.concurrent.Executors$RunnableAdapter.call(Executors.java:511)
	at java.util.concurrent.FutureTask.run(FutureTask.java:266)
	at java.util.concurrent.ThreadPoolExecutor.runWorker(ThreadPoolExecutor.java:1149)
	at java.util.concurrent.ThreadPoolExecutor$Worker.run(ThreadPoolExecutor.java:624)
	... 1 more
Caused by: org.apache.ratis.thirdparty.io.netty.channel.AbstractChannel$AnnotatedConnectException: Connection refused: /192.168.157.251:42113
	at sun.nio.ch.SocketChannelImpl.checkConnect(Native Method)
	at sun.nio.ch.SocketChannelImpl.finishConnect(SocketChannelImpl.java:717)
	at org.apache.ratis.thirdparty.io.netty.channel.socket.nio.NioSocketChannel.doFinishConnect(NioSocketChannel.java:327)
	at org.apache.ratis.thirdparty.io.netty.channel.nio.AbstractNioChannel$AbstractNioUnsafe.finishConnect(AbstractNioChannel.java:340)
	at org.apache.ratis.thirdparty.io.netty.channel.nio.NioEventLoop.processSelectedKey(NioEventLoop.java:632)
	at org.apache.ratis.thirdparty.io.netty.channel.nio.NioEventLoop.processSelectedKeysOptimized(NioEventLoop.java:579)
	at org.apache.ratis.thirdparty.io.netty.channel.nio.NioEventLoop.processSelectedKeys(NioEventLoop.java:496)
	at org.apache.ratis.thirdparty.io.netty.channel.nio.NioEventLoop.run(NioEventLoop.java:458)
	at org.apache.ratis.thirdparty.io.netty.util.concurrent.SingleThreadEventExecutor$5.run(SingleThreadEventExecutor.java:897)
	at org.apache.ratis.thirdparty.io.netty.util.concurrent.FastThreadLocalRunnable.run(FastThreadLocalRunnable.java:30)
	... 1 more
Caused by: java.net.ConnectException: Connection refused
	... 11 more
2019-10-17 18:51:18,574 [grpc-default-executor-5] INFO  impl.RaftServerImpl (RaftServerImpl.java:setRole(184)) - daae7813-f814-475d-9647-a302a5541e36@group-F775CA5912AC: changes role from  FOLLOWER to FOLLOWER at term 232 for recognizeCandidate:a5e79c22-a35f-4e50-b1fd-e91b6a93d74d
2019-10-17 18:51:18,574 [grpc-default-executor-5] INFO  impl.RoleInfo (RoleInfo.java:shutdownFollowerState(121)) - daae7813-f814-475d-9647-a302a5541e36: shutdown FollowerState
2019-10-17 18:51:18,574 [grpc-default-executor-5] INFO  impl.RoleInfo (RoleInfo.java:updateAndGet(143)) - daae7813-f814-475d-9647-a302a5541e36: start FollowerState
2019-10-17 18:51:18,574 [Thread-3115] INFO  impl.FollowerState (FollowerState.java:run(117)) - daae7813-f814-475d-9647-a302a5541e36@group-F775CA5912AC-FollowerState was interrupted: java.lang.InterruptedException: sleep interrupted
2019-10-17 18:51:18,601 [Thread-3085] INFO  impl.FollowerState (FollowerState.java:run(108)) - b8f04e38-0663-4b1f-8efd-f76585c6e86c@group-5F52F902B742-FollowerState: change to CANDIDATE, lastRpcTime:1190ms, electionTimeout:1190ms
2019-10-17 18:51:18,601 [Thread-3085] INFO  impl.RoleInfo (RoleInfo.java:shutdownFollowerState(121)) - b8f04e38-0663-4b1f-8efd-f76585c6e86c: shutdown FollowerState
2019-10-17 18:51:18,601 [Thread-3085] INFO  impl.RaftServerImpl (RaftServerImpl.java:setRole(184)) - b8f04e38-0663-4b1f-8efd-f76585c6e86c@group-5F52F902B742: changes role from  FOLLOWER to CANDIDATE at term 202 for changeToCandidate
2019-10-17 18:51:18,601 [Thread-3085] INFO  impl.RoleInfo (RoleInfo.java:updateAndGet(143)) - b8f04e38-0663-4b1f-8efd-f76585c6e86c: start LeaderElection
2019-10-17 18:51:18,610 [a5e79c22-a35f-4e50-b1fd-e91b6a93d74d@group-F775CA5912AC-LeaderElection398] INFO  impl.LeaderElection (LeaderElection.java:logAndReturn(56)) - a5e79c22-a35f-4e50-b1fd-e91b6a93d74d@group-F775CA5912AC-LeaderElection398: Election TIMEOUT; received 0 response(s) [] and 1 exception(s); a5e79c22-a35f-4e50-b1fd-e91b6a93d74d@group-F775CA5912AC:t232, leader=null, voted=a5e79c22-a35f-4e50-b1fd-e91b6a93d74d, raftlog=a5e79c22-a35f-4e50-b1fd-e91b6a93d74d@group-F775CA5912AC-SegmentedRaftLog:OPENED:c-1,f-1,i0, conf=-1: [a5e79c22-a35f-4e50-b1fd-e91b6a93d74d:192.168.157.251:45177, daae7813-f814-475d-9647-a302a5541e36:192.168.157.251:45025, 1e4e1375-1b66-460f-8c99-4c341545a119:192.168.157.251:42113], old=null
2019-10-17 18:51:18,610 [a5e79c22-a35f-4e50-b1fd-e91b6a93d74d@group-F775CA5912AC-LeaderElection398] INFO  impl.LeaderElection (LogUtils.java:infoOrTrace(149)) -   Exception 0: {}
java.util.concurrent.ExecutionException: org.apache.ratis.thirdparty.io.grpc.StatusRuntimeException: UNAVAILABLE: io exception
	at java.util.concurrent.FutureTask.report(FutureTask.java:122)
	at java.util.concurrent.FutureTask.get(FutureTask.java:192)
	at org.apache.ratis.server.impl.LeaderElection.waitForResults(LeaderElection.java:259)
	at org.apache.ratis.server.impl.LeaderElection.askForVotes(LeaderElection.java:197)
	at org.apache.ratis.server.impl.LeaderElection.run(LeaderElection.java:133)
	at java.lang.Thread.run(Thread.java:748)
Caused by: org.apache.ratis.thirdparty.io.grpc.StatusRuntimeException: UNAVAILABLE: io exception
	at org.apache.ratis.thirdparty.io.grpc.stub.ClientCalls.toStatusRuntimeException(ClientCalls.java:233)
	at org.apache.ratis.thirdparty.io.grpc.stub.ClientCalls.getUnchecked(ClientCalls.java:214)
	at org.apache.ratis.thirdparty.io.grpc.stub.ClientCalls.blockingUnaryCall(ClientCalls.java:139)
	at org.apache.ratis.proto.grpc.RaftServerProtocolServiceGrpc$RaftServerProtocolServiceBlockingStub.requestVote(RaftServerProtocolServiceGrpc.java:265)
	at org.apache.ratis.grpc.server.GrpcServerProtocolClient.requestVote(GrpcServerProtocolClient.java:99)
	at org.apache.ratis.grpc.server.GrpcService.requestVote(GrpcService.java:204)
	at org.apache.ratis.server.impl.LeaderElection.lambda$submitRequests$1(LeaderElection.java:234)
	at java.util.concurrent.FutureTask.run(FutureTask.java:266)
	at java.util.concurrent.Executors$RunnableAdapter.call(Executors.java:511)
	at java.util.concurrent.FutureTask.run(FutureTask.java:266)
	at java.util.concurrent.ThreadPoolExecutor.runWorker(ThreadPoolExecutor.java:1149)
	at java.util.concurrent.ThreadPoolExecutor$Worker.run(ThreadPoolExecutor.java:624)
	... 1 more
Caused by: org.apache.ratis.thirdparty.io.netty.channel.AbstractChannel$AnnotatedConnectException: Connection refused: /192.168.157.251:42113
	at sun.nio.ch.SocketChannelImpl.checkConnect(Native Method)
	at sun.nio.ch.SocketChannelImpl.finishConnect(SocketChannelImpl.java:717)
	at org.apache.ratis.thirdparty.io.netty.channel.socket.nio.NioSocketChannel.doFinishConnect(NioSocketChannel.java:327)
	at org.apache.ratis.thirdparty.io.netty.channel.nio.AbstractNioChannel$AbstractNioUnsafe.finishConnect(AbstractNioChannel.java:340)
	at org.apache.ratis.thirdparty.io.netty.channel.nio.NioEventLoop.processSelectedKey(NioEventLoop.java:632)
	at org.apache.ratis.thirdparty.io.netty.channel.nio.NioEventLoop.processSelectedKeysOptimized(NioEventLoop.java:579)
	at org.apache.ratis.thirdparty.io.netty.channel.nio.NioEventLoop.processSelectedKeys(NioEventLoop.java:496)
	at org.apache.ratis.thirdparty.io.netty.channel.nio.NioEventLoop.run(NioEventLoop.java:458)
	at org.apache.ratis.thirdparty.io.netty.util.concurrent.SingleThreadEventExecutor$5.run(SingleThreadEventExecutor.java:897)
	at org.apache.ratis.thirdparty.io.netty.util.concurrent.FastThreadLocalRunnable.run(FastThreadLocalRunnable.java:30)
	... 1 more
Caused by: java.net.ConnectException: Connection refused
	... 11 more
2019-10-17 18:51:18,646 [a5e79c22-a35f-4e50-b1fd-e91b6a93d74d@group-F775CA5912AC-LeaderElection398] INFO  impl.LeaderElection (LeaderElection.java:askForVotes(178)) - a5e79c22-a35f-4e50-b1fd-e91b6a93d74d@group-F775CA5912AC-LeaderElection398: begin an election at term 233 for -1: [a5e79c22-a35f-4e50-b1fd-e91b6a93d74d:192.168.157.251:45177, daae7813-f814-475d-9647-a302a5541e36:192.168.157.251:45025, 1e4e1375-1b66-460f-8c99-4c341545a119:192.168.157.251:42113], old=null
2019-10-17 18:51:18,646 [b8f04e38-0663-4b1f-8efd-f76585c6e86c@group-5F52F902B742-LeaderElection399] INFO  impl.LeaderElection (LeaderElection.java:askForVotes(178)) - b8f04e38-0663-4b1f-8efd-f76585c6e86c@group-5F52F902B742-LeaderElection399: begin an election at term 203 for 0: [b8f04e38-0663-4b1f-8efd-f76585c6e86c:192.168.157.251:35700, abcd8826-c056-4817-bd0f-7af19a46d814:192.168.157.251:46496, 73297ffa-40cb-4e3e-b33e-1bc2c1da60f5:192.168.157.251:32952], old=null
2019-10-17 18:51:18,647 [a5e79c22-a35f-4e50-b1fd-e91b6a93d74d@group-F775CA5912AC-LeaderElection398] INFO  impl.LeaderElection (LogUtils.java:infoOrTrace(149)) - a5e79c22-a35f-4e50-b1fd-e91b6a93d74d@group-F775CA5912AC-LeaderElection398 got exception when requesting votes: {}
java.util.concurrent.ExecutionException: org.apache.ratis.thirdparty.io.grpc.StatusRuntimeException: UNAVAILABLE: io exception
	at java.util.concurrent.FutureTask.report(FutureTask.java:122)
	at java.util.concurrent.FutureTask.get(FutureTask.java:192)
	at org.apache.ratis.server.impl.LeaderElection.waitForResults(LeaderElection.java:259)
	at org.apache.ratis.server.impl.LeaderElection.askForVotes(LeaderElection.java:197)
	at org.apache.ratis.server.impl.LeaderElection.run(LeaderElection.java:133)
	at java.lang.Thread.run(Thread.java:748)
Caused by: org.apache.ratis.thirdparty.io.grpc.StatusRuntimeException: UNAVAILABLE: io exception
	at org.apache.ratis.thirdparty.io.grpc.stub.ClientCalls.toStatusRuntimeException(ClientCalls.java:233)
	at org.apache.ratis.thirdparty.io.grpc.stub.ClientCalls.getUnchecked(ClientCalls.java:214)
	at org.apache.ratis.thirdparty.io.grpc.stub.ClientCalls.blockingUnaryCall(ClientCalls.java:139)
	at org.apache.ratis.proto.grpc.RaftServerProtocolServiceGrpc$RaftServerProtocolServiceBlockingStub.requestVote(RaftServerProtocolServiceGrpc.java:265)
	at org.apache.ratis.grpc.server.GrpcServerProtocolClient.requestVote(GrpcServerProtocolClient.java:99)
	at org.apache.ratis.grpc.server.GrpcService.requestVote(GrpcService.java:204)
	at org.apache.ratis.server.impl.LeaderElection.lambda$submitRequests$1(LeaderElection.java:234)
	at java.util.concurrent.FutureTask.run(FutureTask.java:266)
	at java.util.concurrent.Executors$RunnableAdapter.call(Executors.java:511)
	at java.util.concurrent.FutureTask.run(FutureTask.java:266)
	at java.util.concurrent.ThreadPoolExecutor.runWorker(ThreadPoolExecutor.java:1149)
	at java.util.concurrent.ThreadPoolExecutor$Worker.run(ThreadPoolExecutor.java:624)
	... 1 more
Caused by: org.apache.ratis.thirdparty.io.netty.channel.AbstractChannel$AnnotatedConnectException: Connection refused: /192.168.157.251:42113
	at sun.nio.ch.SocketChannelImpl.checkConnect(Native Method)
	at sun.nio.ch.SocketChannelImpl.finishConnect(SocketChannelImpl.java:717)
	at org.apache.ratis.thirdparty.io.netty.channel.socket.nio.NioSocketChannel.doFinishConnect(NioSocketChannel.java:327)
	at org.apache.ratis.thirdparty.io.netty.channel.nio.AbstractNioChannel$AbstractNioUnsafe.finishConnect(AbstractNioChannel.java:340)
	at org.apache.ratis.thirdparty.io.netty.channel.nio.NioEventLoop.processSelectedKey(NioEventLoop.java:632)
	at org.apache.ratis.thirdparty.io.netty.channel.nio.NioEventLoop.processSelectedKeysOptimized(NioEventLoop.java:579)
	at org.apache.ratis.thirdparty.io.netty.channel.nio.NioEventLoop.processSelectedKeys(NioEventLoop.java:496)
	at org.apache.ratis.thirdparty.io.netty.channel.nio.NioEventLoop.run(NioEventLoop.java:458)
	at org.apache.ratis.thirdparty.io.netty.util.concurrent.SingleThreadEventExecutor$5.run(SingleThreadEventExecutor.java:897)
	at org.apache.ratis.thirdparty.io.netty.util.concurrent.FastThreadLocalRunnable.run(FastThreadLocalRunnable.java:30)
	... 1 more
Caused by: java.net.ConnectException: Connection refused
	... 11 more
2019-10-17 18:51:18,647 [b8f04e38-0663-4b1f-8efd-f76585c6e86c@group-5F52F902B742-LeaderElection399] INFO  impl.LeaderElection (LogUtils.java:infoOrTrace(149)) - b8f04e38-0663-4b1f-8efd-f76585c6e86c@group-5F52F902B742-LeaderElection399 got exception when requesting votes: {}
java.util.concurrent.ExecutionException: org.apache.ratis.thirdparty.io.grpc.StatusRuntimeException: UNAVAILABLE: io exception
	at java.util.concurrent.FutureTask.report(FutureTask.java:122)
	at java.util.concurrent.FutureTask.get(FutureTask.java:192)
	at org.apache.ratis.server.impl.LeaderElection.waitForResults(LeaderElection.java:259)
	at org.apache.ratis.server.impl.LeaderElection.askForVotes(LeaderElection.java:197)
	at org.apache.ratis.server.impl.LeaderElection.run(LeaderElection.java:133)
	at java.lang.Thread.run(Thread.java:748)
Caused by: org.apache.ratis.thirdparty.io.grpc.StatusRuntimeException: UNAVAILABLE: io exception
	at org.apache.ratis.thirdparty.io.grpc.stub.ClientCalls.toStatusRuntimeException(ClientCalls.java:233)
	at org.apache.ratis.thirdparty.io.grpc.stub.ClientCalls.getUnchecked(ClientCalls.java:214)
	at org.apache.ratis.thirdparty.io.grpc.stub.ClientCalls.blockingUnaryCall(ClientCalls.java:139)
	at org.apache.ratis.proto.grpc.RaftServerProtocolServiceGrpc$RaftServerProtocolServiceBlockingStub.requestVote(RaftServerProtocolServiceGrpc.java:265)
	at org.apache.ratis.grpc.server.GrpcServerProtocolClient.requestVote(GrpcServerProtocolClient.java:99)
	at org.apache.ratis.grpc.server.GrpcService.requestVote(GrpcService.java:204)
	at org.apache.ratis.server.impl.LeaderElection.lambda$submitRequests$1(LeaderElection.java:234)
	at java.util.concurrent.FutureTask.run(FutureTask.java:266)
	at java.util.concurrent.Executors$RunnableAdapter.call(Executors.java:511)
	at java.util.concurrent.FutureTask.run(FutureTask.java:266)
	at java.util.concurrent.ThreadPoolExecutor.runWorker(ThreadPoolExecutor.java:1149)
	at java.util.concurrent.ThreadPoolExecutor$Worker.run(ThreadPoolExecutor.java:624)
	... 1 more
Caused by: org.apache.ratis.thirdparty.io.netty.channel.AbstractChannel$AnnotatedConnectException: Connection refused: /192.168.157.251:46496
	at sun.nio.ch.SocketChannelImpl.checkConnect(Native Method)
	at sun.nio.ch.SocketChannelImpl.finishConnect(SocketChannelImpl.java:717)
	at org.apache.ratis.thirdparty.io.netty.channel.socket.nio.NioSocketChannel.doFinishConnect(NioSocketChannel.java:327)
	at org.apache.ratis.thirdparty.io.netty.channel.nio.AbstractNioChannel$AbstractNioUnsafe.finishConnect(AbstractNioChannel.java:340)
	at org.apache.ratis.thirdparty.io.netty.channel.nio.NioEventLoop.processSelectedKey(NioEventLoop.java:632)
	at org.apache.ratis.thirdparty.io.netty.channel.nio.NioEventLoop.processSelectedKeysOptimized(NioEventLoop.java:579)
	at org.apache.ratis.thirdparty.io.netty.channel.nio.NioEventLoop.processSelectedKeys(NioEventLoop.java:496)
	at org.apache.ratis.thirdparty.io.netty.channel.nio.NioEventLoop.run(NioEventLoop.java:458)
	at org.apache.ratis.thirdparty.io.netty.util.concurrent.SingleThreadEventExecutor$5.run(SingleThreadEventExecutor.java:897)
	at org.apache.ratis.thirdparty.io.netty.util.concurrent.FastThreadLocalRunnable.run(FastThreadLocalRunnable.java:30)
	... 1 more
Caused by: java.net.ConnectException: Connection refused
	... 11 more
2019-10-17 18:51:18,648 [grpc-default-executor-5] INFO  impl.RaftServerImpl (RaftServerImpl.java:setRole(184)) - daae7813-f814-475d-9647-a302a5541e36@group-F775CA5912AC: changes role from  FOLLOWER to FOLLOWER at term 233 for recognizeCandidate:a5e79c22-a35f-4e50-b1fd-e91b6a93d74d
2019-10-17 18:51:18,648 [b8f04e38-0663-4b1f-8efd-f76585c6e86c@group-5F52F902B742-LeaderElection399] INFO  impl.LeaderElection (LogUtils.java:infoOrTrace(149)) - b8f04e38-0663-4b1f-8efd-f76585c6e86c@group-5F52F902B742-LeaderElection399 got exception when requesting votes: {}
java.util.concurrent.ExecutionException: org.apache.ratis.thirdparty.io.grpc.StatusRuntimeException: UNAVAILABLE: io exception
	at java.util.concurrent.FutureTask.report(FutureTask.java:122)
	at java.util.concurrent.FutureTask.get(FutureTask.java:192)
	at org.apache.ratis.server.impl.LeaderElection.waitForResults(LeaderElection.java:259)
	at org.apache.ratis.server.impl.LeaderElection.askForVotes(LeaderElection.java:197)
	at org.apache.ratis.server.impl.LeaderElection.run(LeaderElection.java:133)
	at java.lang.Thread.run(Thread.java:748)
Caused by: org.apache.ratis.thirdparty.io.grpc.StatusRuntimeException: UNAVAILABLE: io exception
	at org.apache.ratis.thirdparty.io.grpc.stub.ClientCalls.toStatusRuntimeException(ClientCalls.java:233)
	at org.apache.ratis.thirdparty.io.grpc.stub.ClientCalls.getUnchecked(ClientCalls.java:214)
	at org.apache.ratis.thirdparty.io.grpc.stub.ClientCalls.blockingUnaryCall(ClientCalls.java:139)
	at org.apache.ratis.proto.grpc.RaftServerProtocolServiceGrpc$RaftServerProtocolServiceBlockingStub.requestVote(RaftServerProtocolServiceGrpc.java:265)
	at org.apache.ratis.grpc.server.GrpcServerProtocolClient.requestVote(GrpcServerProtocolClient.java:99)
	at org.apache.ratis.grpc.server.GrpcService.requestVote(GrpcService.java:204)
	at org.apache.ratis.server.impl.LeaderElection.lambda$submitRequests$1(LeaderElection.java:234)
	at java.util.concurrent.FutureTask.run(FutureTask.java:266)
	at java.util.concurrent.Executors$RunnableAdapter.call(Executors.java:511)
	at java.util.concurrent.FutureTask.run(FutureTask.java:266)
	at java.util.concurrent.ThreadPoolExecutor.runWorker(ThreadPoolExecutor.java:1149)
	at java.util.concurrent.ThreadPoolExecutor$Worker.run(ThreadPoolExecutor.java:624)
	... 1 more
Caused by: org.apache.ratis.thirdparty.io.netty.channel.AbstractChannel$AnnotatedConnectException: Connection refused: /192.168.157.251:32952
	at sun.nio.ch.SocketChannelImpl.checkConnect(Native Method)
	at sun.nio.ch.SocketChannelImpl.finishConnect(SocketChannelImpl.java:717)
	at org.apache.ratis.thirdparty.io.netty.channel.socket.nio.NioSocketChannel.doFinishConnect(NioSocketChannel.java:327)
	at org.apache.ratis.thirdparty.io.netty.channel.nio.AbstractNioChannel$AbstractNioUnsafe.finishConnect(AbstractNioChannel.java:340)
	at org.apache.ratis.thirdparty.io.netty.channel.nio.NioEventLoop.processSelectedKey(NioEventLoop.java:632)
	at org.apache.ratis.thirdparty.io.netty.channel.nio.NioEventLoop.processSelectedKeysOptimized(NioEventLoop.java:579)
	at org.apache.ratis.thirdparty.io.netty.channel.nio.NioEventLoop.processSelectedKeys(NioEventLoop.java:496)
	at org.apache.ratis.thirdparty.io.netty.channel.nio.NioEventLoop.run(NioEventLoop.java:458)
	at org.apache.ratis.thirdparty.io.netty.util.concurrent.SingleThreadEventExecutor$5.run(SingleThreadEventExecutor.java:897)
	at org.apache.ratis.thirdparty.io.netty.util.concurrent.FastThreadLocalRunnable.run(FastThreadLocalRunnable.java:30)
	... 1 more
Caused by: java.net.ConnectException: Connection refused
	... 11 more
2019-10-17 18:51:18,648 [grpc-default-executor-5] INFO  impl.RoleInfo (RoleInfo.java:shutdownFollowerState(121)) - daae7813-f814-475d-9647-a302a5541e36: shutdown FollowerState
2019-10-17 18:51:18,649 [b8f04e38-0663-4b1f-8efd-f76585c6e86c@group-5F52F902B742-LeaderElection399] INFO  impl.LeaderElection (LeaderElection.java:logAndReturn(56)) - b8f04e38-0663-4b1f-8efd-f76585c6e86c@group-5F52F902B742-LeaderElection399: Election REJECTED; received 0 response(s) [] and 2 exception(s); b8f04e38-0663-4b1f-8efd-f76585c6e86c@group-5F52F902B742:t203, leader=null, voted=b8f04e38-0663-4b1f-8efd-f76585c6e86c, raftlog=b8f04e38-0663-4b1f-8efd-f76585c6e86c@group-5F52F902B742-SegmentedRaftLog:OPENED:c-1,f0,i0, conf=0: [b8f04e38-0663-4b1f-8efd-f76585c6e86c:192.168.157.251:35700, abcd8826-c056-4817-bd0f-7af19a46d814:192.168.157.251:46496, 73297ffa-40cb-4e3e-b33e-1bc2c1da60f5:192.168.157.251:32952], old=null
2019-10-17 18:51:18,649 [Thread-3120] INFO  impl.FollowerState (FollowerState.java:run(117)) - daae7813-f814-475d-9647-a302a5541e36@group-F775CA5912AC-FollowerState was interrupted: java.lang.InterruptedException: sleep interrupted
2019-10-17 18:51:18,649 [grpc-default-executor-5] INFO  impl.RoleInfo (RoleInfo.java:updateAndGet(143)) - daae7813-f814-475d-9647-a302a5541e36: start FollowerState
2019-10-17 18:51:18,649 [b8f04e38-0663-4b1f-8efd-f76585c6e86c@group-5F52F902B742-LeaderElection399] INFO  impl.LeaderElection (LogUtils.java:infoOrTrace(149)) -   Exception 0: {}
java.util.concurrent.ExecutionException: org.apache.ratis.thirdparty.io.grpc.StatusRuntimeException: UNAVAILABLE: io exception
	at java.util.concurrent.FutureTask.report(FutureTask.java:122)
	at java.util.concurrent.FutureTask.get(FutureTask.java:192)
	at org.apache.ratis.server.impl.LeaderElection.waitForResults(LeaderElection.java:259)
	at org.apache.ratis.server.impl.LeaderElection.askForVotes(LeaderElection.java:197)
	at org.apache.ratis.server.impl.LeaderElection.run(LeaderElection.java:133)
	at java.lang.Thread.run(Thread.java:748)
Caused by: org.apache.ratis.thirdparty.io.grpc.StatusRuntimeException: UNAVAILABLE: io exception
	at org.apache.ratis.thirdparty.io.grpc.stub.ClientCalls.toStatusRuntimeException(ClientCalls.java:233)
	at org.apache.ratis.thirdparty.io.grpc.stub.ClientCalls.getUnchecked(ClientCalls.java:214)
	at org.apache.ratis.thirdparty.io.grpc.stub.ClientCalls.blockingUnaryCall(ClientCalls.java:139)
	at org.apache.ratis.proto.grpc.RaftServerProtocolServiceGrpc$RaftServerProtocolServiceBlockingStub.requestVote(RaftServerProtocolServiceGrpc.java:265)
	at org.apache.ratis.grpc.server.GrpcServerProtocolClient.requestVote(GrpcServerProtocolClient.java:99)
	at org.apache.ratis.grpc.server.GrpcService.requestVote(GrpcService.java:204)
	at org.apache.ratis.server.impl.LeaderElection.lambda$submitRequests$1(LeaderElection.java:234)
	at java.util.concurrent.FutureTask.run(FutureTask.java:266)
	at java.util.concurrent.Executors$RunnableAdapter.call(Executors.java:511)
	at java.util.concurrent.FutureTask.run(FutureTask.java:266)
	at java.util.concurrent.ThreadPoolExecutor.runWorker(ThreadPoolExecutor.java:1149)
	at java.util.concurrent.ThreadPoolExecutor$Worker.run(ThreadPoolExecutor.java:624)
	... 1 more
Caused by: org.apache.ratis.thirdparty.io.netty.channel.AbstractChannel$AnnotatedConnectException: Connection refused: /192.168.157.251:46496
	at sun.nio.ch.SocketChannelImpl.checkConnect(Native Method)
	at sun.nio.ch.SocketChannelImpl.finishConnect(SocketChannelImpl.java:717)
	at org.apache.ratis.thirdparty.io.netty.channel.socket.nio.NioSocketChannel.doFinishConnect(NioSocketChannel.java:327)
	at org.apache.ratis.thirdparty.io.netty.channel.nio.AbstractNioChannel$AbstractNioUnsafe.finishConnect(AbstractNioChannel.java:340)
	at org.apache.ratis.thirdparty.io.netty.channel.nio.NioEventLoop.processSelectedKey(NioEventLoop.java:632)
	at org.apache.ratis.thirdparty.io.netty.channel.nio.NioEventLoop.processSelectedKeysOptimized(NioEventLoop.java:579)
	at org.apache.ratis.thirdparty.io.netty.channel.nio.NioEventLoop.processSelectedKeys(NioEventLoop.java:496)
	at org.apache.ratis.thirdparty.io.netty.channel.nio.NioEventLoop.run(NioEventLoop.java:458)
	at org.apache.ratis.thirdparty.io.netty.util.concurrent.SingleThreadEventExecutor$5.run(SingleThreadEventExecutor.java:897)
	at org.apache.ratis.thirdparty.io.netty.util.concurrent.FastThreadLocalRunnable.run(FastThreadLocalRunnable.java:30)
	... 1 more
Caused by: java.net.ConnectException: Connection refused
	... 11 more
2019-10-17 18:51:18,650 [b8f04e38-0663-4b1f-8efd-f76585c6e86c@group-5F52F902B742-LeaderElection399] INFO  impl.LeaderElection (LogUtils.java:infoOrTrace(149)) -   Exception 1: {}
java.util.concurrent.ExecutionException: org.apache.ratis.thirdparty.io.grpc.StatusRuntimeException: UNAVAILABLE: io exception
	at java.util.concurrent.FutureTask.report(FutureTask.java:122)
	at java.util.concurrent.FutureTask.get(FutureTask.java:192)
	at org.apache.ratis.server.impl.LeaderElection.waitForResults(LeaderElection.java:259)
	at org.apache.ratis.server.impl.LeaderElection.askForVotes(LeaderElection.java:197)
	at org.apache.ratis.server.impl.LeaderElection.run(LeaderElection.java:133)
	at java.lang.Thread.run(Thread.java:748)
Caused by: org.apache.ratis.thirdparty.io.grpc.StatusRuntimeException: UNAVAILABLE: io exception
	at org.apache.ratis.thirdparty.io.grpc.stub.ClientCalls.toStatusRuntimeException(ClientCalls.java:233)
	at org.apache.ratis.thirdparty.io.grpc.stub.ClientCalls.getUnchecked(ClientCalls.java:214)
	at org.apache.ratis.thirdparty.io.grpc.stub.ClientCalls.blockingUnaryCall(ClientCalls.java:139)
	at org.apache.ratis.proto.grpc.RaftServerProtocolServiceGrpc$RaftServerProtocolServiceBlockingStub.requestVote(RaftServerProtocolServiceGrpc.java:265)
	at org.apache.ratis.grpc.server.GrpcServerProtocolClient.requestVote(GrpcServerProtocolClient.java:99)
	at org.apache.ratis.grpc.server.GrpcService.requestVote(GrpcService.java:204)
	at org.apache.ratis.server.impl.LeaderElection.lambda$submitRequests$1(LeaderElection.java:234)
	at java.util.concurrent.FutureTask.run(FutureTask.java:266)
	at java.util.concurrent.Executors$RunnableAdapter.call(Executors.java:511)
	at java.util.concurrent.FutureTask.run(FutureTask.java:266)
	at java.util.concurrent.ThreadPoolExecutor.runWorker(ThreadPoolExecutor.java:1149)
	at java.util.concurrent.ThreadPoolExecutor$Worker.run(ThreadPoolExecutor.java:624)
	... 1 more
Caused by: org.apache.ratis.thirdparty.io.netty.channel.AbstractChannel$AnnotatedConnectException: Connection refused: /192.168.157.251:32952
	at sun.nio.ch.SocketChannelImpl.checkConnect(Native Method)
	at sun.nio.ch.SocketChannelImpl.finishConnect(SocketChannelImpl.java:717)
	at org.apache.ratis.thirdparty.io.netty.channel.socket.nio.NioSocketChannel.doFinishConnect(NioSocketChannel.java:327)
	at org.apache.ratis.thirdparty.io.netty.channel.nio.AbstractNioChannel$AbstractNioUnsafe.finishConnect(AbstractNioChannel.java:340)
	at org.apache.ratis.thirdparty.io.netty.channel.nio.NioEventLoop.processSelectedKey(NioEventLoop.java:632)
	at org.apache.ratis.thirdparty.io.netty.channel.nio.NioEventLoop.processSelectedKeysOptimized(NioEventLoop.java:579)
	at org.apache.ratis.thirdparty.io.netty.channel.nio.NioEventLoop.processSelectedKeys(NioEventLoop.java:496)
	at org.apache.ratis.thirdparty.io.netty.channel.nio.NioEventLoop.run(NioEventLoop.java:458)
	at org.apache.ratis.thirdparty.io.netty.util.concurrent.SingleThreadEventExecutor$5.run(SingleThreadEventExecutor.java:897)
	at org.apache.ratis.thirdparty.io.netty.util.concurrent.FastThreadLocalRunnable.run(FastThreadLocalRunnable.java:30)
	... 1 more
Caused by: java.net.ConnectException: Connection refused
	... 11 more
2019-10-17 18:51:18,650 [b8f04e38-0663-4b1f-8efd-f76585c6e86c@group-5F52F902B742-LeaderElection399] INFO  impl.RaftServerImpl (RaftServerImpl.java:setRole(184)) - b8f04e38-0663-4b1f-8efd-f76585c6e86c@group-5F52F902B742: changes role from CANDIDATE to FOLLOWER at term 203 for DISCOVERED_A_NEW_TERM
2019-10-17 18:51:18,650 [b8f04e38-0663-4b1f-8efd-f76585c6e86c@group-5F52F902B742-LeaderElection399] INFO  impl.RoleInfo (RoleInfo.java:shutdownLeaderElection(134)) - b8f04e38-0663-4b1f-8efd-f76585c6e86c: shutdown LeaderElection
2019-10-17 18:51:18,650 [b8f04e38-0663-4b1f-8efd-f76585c6e86c@group-5F52F902B742-LeaderElection399] INFO  impl.RoleInfo (RoleInfo.java:updateAndGet(143)) - b8f04e38-0663-4b1f-8efd-f76585c6e86c: start FollowerState
2019-10-17 18:51:18,706 [a5e79c22-a35f-4e50-b1fd-e91b6a93d74d@group-F775CA5912AC-LeaderElection398] INFO  impl.LeaderElection (LeaderElection.java:logAndReturn(56)) - a5e79c22-a35f-4e50-b1fd-e91b6a93d74d@group-F775CA5912AC-LeaderElection398: Election TIMEOUT; received 0 response(s) [] and 1 exception(s); a5e79c22-a35f-4e50-b1fd-e91b6a93d74d@group-F775CA5912AC:t233, leader=null, voted=a5e79c22-a35f-4e50-b1fd-e91b6a93d74d, raftlog=a5e79c22-a35f-4e50-b1fd-e91b6a93d74d@group-F775CA5912AC-SegmentedRaftLog:OPENED:c-1,f-1,i0, conf=-1: [a5e79c22-a35f-4e50-b1fd-e91b6a93d74d:192.168.157.251:45177, daae7813-f814-475d-9647-a302a5541e36:192.168.157.251:45025, 1e4e1375-1b66-460f-8c99-4c341545a119:192.168.157.251:42113], old=null
2019-10-17 18:51:18,707 [a5e79c22-a35f-4e50-b1fd-e91b6a93d74d@group-F775CA5912AC-LeaderElection398] INFO  impl.LeaderElection (LogUtils.java:infoOrTrace(149)) -   Exception 0: {}
java.util.concurrent.ExecutionException: org.apache.ratis.thirdparty.io.grpc.StatusRuntimeException: UNAVAILABLE: io exception
	at java.util.concurrent.FutureTask.report(FutureTask.java:122)
	at java.util.concurrent.FutureTask.get(FutureTask.java:192)
	at org.apache.ratis.server.impl.LeaderElection.waitForResults(LeaderElection.java:259)
	at org.apache.ratis.server.impl.LeaderElection.askForVotes(LeaderElection.java:197)
	at org.apache.ratis.server.impl.LeaderElection.run(LeaderElection.java:133)
	at java.lang.Thread.run(Thread.java:748)
Caused by: org.apache.ratis.thirdparty.io.grpc.StatusRuntimeException: UNAVAILABLE: io exception
	at org.apache.ratis.thirdparty.io.grpc.stub.ClientCalls.toStatusRuntimeException(ClientCalls.java:233)
	at org.apache.ratis.thirdparty.io.grpc.stub.ClientCalls.getUnchecked(ClientCalls.java:214)
	at org.apache.ratis.thirdparty.io.grpc.stub.ClientCalls.blockingUnaryCall(ClientCalls.java:139)
	at org.apache.ratis.proto.grpc.RaftServerProtocolServiceGrpc$RaftServerProtocolServiceBlockingStub.requestVote(RaftServerProtocolServiceGrpc.java:265)
	at org.apache.ratis.grpc.server.GrpcServerProtocolClient.requestVote(GrpcServerProtocolClient.java:99)
	at org.apache.ratis.grpc.server.GrpcService.requestVote(GrpcService.java:204)
	at org.apache.ratis.server.impl.LeaderElection.lambda$submitRequests$1(LeaderElection.java:234)
	at java.util.concurrent.FutureTask.run(FutureTask.java:266)
	at java.util.concurrent.Executors$RunnableAdapter.call(Executors.java:511)
	at java.util.concurrent.FutureTask.run(FutureTask.java:266)
	at java.util.concurrent.ThreadPoolExecutor.runWorker(ThreadPoolExecutor.java:1149)
	at java.util.concurrent.ThreadPoolExecutor$Worker.run(ThreadPoolExecutor.java:624)
	... 1 more
Caused by: org.apache.ratis.thirdparty.io.netty.channel.AbstractChannel$AnnotatedConnectException: Connection refused: /192.168.157.251:42113
	at sun.nio.ch.SocketChannelImpl.checkConnect(Native Method)
	at sun.nio.ch.SocketChannelImpl.finishConnect(SocketChannelImpl.java:717)
	at org.apache.ratis.thirdparty.io.netty.channel.socket.nio.NioSocketChannel.doFinishConnect(NioSocketChannel.java:327)
	at org.apache.ratis.thirdparty.io.netty.channel.nio.AbstractNioChannel$AbstractNioUnsafe.finishConnect(AbstractNioChannel.java:340)
	at org.apache.ratis.thirdparty.io.netty.channel.nio.NioEventLoop.processSelectedKey(NioEventLoop.java:632)
	at org.apache.ratis.thirdparty.io.netty.channel.nio.NioEventLoop.processSelectedKeysOptimized(NioEventLoop.java:579)
	at org.apache.ratis.thirdparty.io.netty.channel.nio.NioEventLoop.processSelectedKeys(NioEventLoop.java:496)
	at org.apache.ratis.thirdparty.io.netty.channel.nio.NioEventLoop.run(NioEventLoop.java:458)
	at org.apache.ratis.thirdparty.io.netty.util.concurrent.SingleThreadEventExecutor$5.run(SingleThreadEventExecutor.java:897)
	at org.apache.ratis.thirdparty.io.netty.util.concurrent.FastThreadLocalRunnable.run(FastThreadLocalRunnable.java:30)
	... 1 more
Caused by: java.net.ConnectException: Connection refused
	... 11 more
2019-10-17 18:51:18,730 [a5e79c22-a35f-4e50-b1fd-e91b6a93d74d@group-F775CA5912AC-LeaderElection398] INFO  impl.LeaderElection (LeaderElection.java:askForVotes(178)) - a5e79c22-a35f-4e50-b1fd-e91b6a93d74d@group-F775CA5912AC-LeaderElection398: begin an election at term 234 for -1: [a5e79c22-a35f-4e50-b1fd-e91b6a93d74d:192.168.157.251:45177, daae7813-f814-475d-9647-a302a5541e36:192.168.157.251:45025, 1e4e1375-1b66-460f-8c99-4c341545a119:192.168.157.251:42113], old=null
2019-10-17 18:51:18,731 [a5e79c22-a35f-4e50-b1fd-e91b6a93d74d@group-F775CA5912AC-LeaderElection398] INFO  impl.LeaderElection (LogUtils.java:infoOrTrace(149)) - a5e79c22-a35f-4e50-b1fd-e91b6a93d74d@group-F775CA5912AC-LeaderElection398 got exception when requesting votes: {}
java.util.concurrent.ExecutionException: org.apache.ratis.thirdparty.io.grpc.StatusRuntimeException: UNAVAILABLE: io exception
	at java.util.concurrent.FutureTask.report(FutureTask.java:122)
	at java.util.concurrent.FutureTask.get(FutureTask.java:192)
	at org.apache.ratis.server.impl.LeaderElection.waitForResults(LeaderElection.java:259)
	at org.apache.ratis.server.impl.LeaderElection.askForVotes(LeaderElection.java:197)
	at org.apache.ratis.server.impl.LeaderElection.run(LeaderElection.java:133)
	at java.lang.Thread.run(Thread.java:748)
Caused by: org.apache.ratis.thirdparty.io.grpc.StatusRuntimeException: UNAVAILABLE: io exception
	at org.apache.ratis.thirdparty.io.grpc.stub.ClientCalls.toStatusRuntimeException(ClientCalls.java:233)
	at org.apache.ratis.thirdparty.io.grpc.stub.ClientCalls.getUnchecked(ClientCalls.java:214)
	at org.apache.ratis.thirdparty.io.grpc.stub.ClientCalls.blockingUnaryCall(ClientCalls.java:139)
	at org.apache.ratis.proto.grpc.RaftServerProtocolServiceGrpc$RaftServerProtocolServiceBlockingStub.requestVote(RaftServerProtocolServiceGrpc.java:265)
	at org.apache.ratis.grpc.server.GrpcServerProtocolClient.requestVote(GrpcServerProtocolClient.java:99)
	at org.apache.ratis.grpc.server.GrpcService.requestVote(GrpcService.java:204)
	at org.apache.ratis.server.impl.LeaderElection.lambda$submitRequests$1(LeaderElection.java:234)
	at java.util.concurrent.FutureTask.run(FutureTask.java:266)
	at java.util.concurrent.Executors$RunnableAdapter.call(Executors.java:511)
	at java.util.concurrent.FutureTask.run(FutureTask.java:266)
	at java.util.concurrent.ThreadPoolExecutor.runWorker(ThreadPoolExecutor.java:1149)
	at java.util.concurrent.ThreadPoolExecutor$Worker.run(ThreadPoolExecutor.java:624)
	... 1 more
Caused by: org.apache.ratis.thirdparty.io.netty.channel.AbstractChannel$AnnotatedConnectException: Connection refused: /192.168.157.251:42113
	at sun.nio.ch.SocketChannelImpl.checkConnect(Native Method)
	at sun.nio.ch.SocketChannelImpl.finishConnect(SocketChannelImpl.java:717)
	at org.apache.ratis.thirdparty.io.netty.channel.socket.nio.NioSocketChannel.doFinishConnect(NioSocketChannel.java:327)
	at org.apache.ratis.thirdparty.io.netty.channel.nio.AbstractNioChannel$AbstractNioUnsafe.finishConnect(AbstractNioChannel.java:340)
	at org.apache.ratis.thirdparty.io.netty.channel.nio.NioEventLoop.processSelectedKey(NioEventLoop.java:632)
	at org.apache.ratis.thirdparty.io.netty.channel.nio.NioEventLoop.processSelectedKeysOptimized(NioEventLoop.java:579)
	at org.apache.ratis.thirdparty.io.netty.channel.nio.NioEventLoop.processSelectedKeys(NioEventLoop.java:496)
	at org.apache.ratis.thirdparty.io.netty.channel.nio.NioEventLoop.run(NioEventLoop.java:458)
	at org.apache.ratis.thirdparty.io.netty.util.concurrent.SingleThreadEventExecutor$5.run(SingleThreadEventExecutor.java:897)
	at org.apache.ratis.thirdparty.io.netty.util.concurrent.FastThreadLocalRunnable.run(FastThreadLocalRunnable.java:30)
	... 1 more
Caused by: java.net.ConnectException: Connection refused
	... 11 more
2019-10-17 18:51:18,732 [grpc-default-executor-5] INFO  impl.RaftServerImpl (RaftServerImpl.java:setRole(184)) - daae7813-f814-475d-9647-a302a5541e36@group-F775CA5912AC: changes role from  FOLLOWER to FOLLOWER at term 234 for recognizeCandidate:a5e79c22-a35f-4e50-b1fd-e91b6a93d74d
2019-10-17 18:51:18,732 [grpc-default-executor-5] INFO  impl.RoleInfo (RoleInfo.java:shutdownFollowerState(121)) - daae7813-f814-475d-9647-a302a5541e36: shutdown FollowerState
2019-10-17 18:51:18,732 [grpc-default-executor-5] INFO  impl.RoleInfo (RoleInfo.java:updateAndGet(143)) - daae7813-f814-475d-9647-a302a5541e36: start FollowerState
2019-10-17 18:51:18,732 [Thread-3126] INFO  impl.FollowerState (FollowerState.java:run(117)) - daae7813-f814-475d-9647-a302a5541e36@group-F775CA5912AC-FollowerState was interrupted: java.lang.InterruptedException: sleep interrupted
2019-10-17 18:51:18,797 [a5e79c22-a35f-4e50-b1fd-e91b6a93d74d@group-F775CA5912AC-LeaderElection398] INFO  impl.LeaderElection (LeaderElection.java:logAndReturn(56)) - a5e79c22-a35f-4e50-b1fd-e91b6a93d74d@group-F775CA5912AC-LeaderElection398: Election REJECTED; received 1 response(s) [a5e79c22-a35f-4e50-b1fd-e91b6a93d74d<-daae7813-f814-475d-9647-a302a5541e36#0:FAIL-t234] and 1 exception(s); a5e79c22-a35f-4e50-b1fd-e91b6a93d74d@group-F775CA5912AC:t234, leader=null, voted=a5e79c22-a35f-4e50-b1fd-e91b6a93d74d, raftlog=a5e79c22-a35f-4e50-b1fd-e91b6a93d74d@group-F775CA5912AC-SegmentedRaftLog:OPENED:c-1,f-1,i0, conf=-1: [a5e79c22-a35f-4e50-b1fd-e91b6a93d74d:192.168.157.251:45177, daae7813-f814-475d-9647-a302a5541e36:192.168.157.251:45025, 1e4e1375-1b66-460f-8c99-4c341545a119:192.168.157.251:42113], old=null
2019-10-17 18:51:18,797 [a5e79c22-a35f-4e50-b1fd-e91b6a93d74d@group-F775CA5912AC-LeaderElection398] INFO  impl.LeaderElection (LogUtils.java:infoOrTrace(149)) -   Exception 0: {}
java.util.concurrent.ExecutionException: org.apache.ratis.thirdparty.io.grpc.StatusRuntimeException: UNAVAILABLE: io exception
	at java.util.concurrent.FutureTask.report(FutureTask.java:122)
	at java.util.concurrent.FutureTask.get(FutureTask.java:192)
	at org.apache.ratis.server.impl.LeaderElection.waitForResults(LeaderElection.java:259)
	at org.apache.ratis.server.impl.LeaderElection.askForVotes(LeaderElection.java:197)
	at org.apache.ratis.server.impl.LeaderElection.run(LeaderElection.java:133)
	at java.lang.Thread.run(Thread.java:748)
Caused by: org.apache.ratis.thirdparty.io.grpc.StatusRuntimeException: UNAVAILABLE: io exception
	at org.apache.ratis.thirdparty.io.grpc.stub.ClientCalls.toStatusRuntimeException(ClientCalls.java:233)
	at org.apache.ratis.thirdparty.io.grpc.stub.ClientCalls.getUnchecked(ClientCalls.java:214)
	at org.apache.ratis.thirdparty.io.grpc.stub.ClientCalls.blockingUnaryCall(ClientCalls.java:139)
	at org.apache.ratis.proto.grpc.RaftServerProtocolServiceGrpc$RaftServerProtocolServiceBlockingStub.requestVote(RaftServerProtocolServiceGrpc.java:265)
	at org.apache.ratis.grpc.server.GrpcServerProtocolClient.requestVote(GrpcServerProtocolClient.java:99)
	at org.apache.ratis.grpc.server.GrpcService.requestVote(GrpcService.java:204)
	at org.apache.ratis.server.impl.LeaderElection.lambda$submitRequests$1(LeaderElection.java:234)
	at java.util.concurrent.FutureTask.run(FutureTask.java:266)
	at java.util.concurrent.Executors$RunnableAdapter.call(Executors.java:511)
	at java.util.concurrent.FutureTask.run(FutureTask.java:266)
	at java.util.concurrent.ThreadPoolExecutor.runWorker(ThreadPoolExecutor.java:1149)
	at java.util.concurrent.ThreadPoolExecutor$Worker.run(ThreadPoolExecutor.java:624)
	... 1 more
Caused by: org.apache.ratis.thirdparty.io.netty.channel.AbstractChannel$AnnotatedConnectException: Connection refused: /192.168.157.251:42113
	at sun.nio.ch.SocketChannelImpl.checkConnect(Native Method)
	at sun.nio.ch.SocketChannelImpl.finishConnect(SocketChannelImpl.java:717)
	at org.apache.ratis.thirdparty.io.netty.channel.socket.nio.NioSocketChannel.doFinishConnect(NioSocketChannel.java:327)
	at org.apache.ratis.thirdparty.io.netty.channel.nio.AbstractNioChannel$AbstractNioUnsafe.finishConnect(AbstractNioChannel.java:340)
	at org.apache.ratis.thirdparty.io.netty.channel.nio.NioEventLoop.processSelectedKey(NioEventLoop.java:632)
	at org.apache.ratis.thirdparty.io.netty.channel.nio.NioEventLoop.processSelectedKeysOptimized(NioEventLoop.java:579)
	at org.apache.ratis.thirdparty.io.netty.channel.nio.NioEventLoop.processSelectedKeys(NioEventLoop.java:496)
	at org.apache.ratis.thirdparty.io.netty.channel.nio.NioEventLoop.run(NioEventLoop.java:458)
	at org.apache.ratis.thirdparty.io.netty.util.concurrent.SingleThreadEventExecutor$5.run(SingleThreadEventExecutor.java:897)
	at org.apache.ratis.thirdparty.io.netty.util.concurrent.FastThreadLocalRunnable.run(FastThreadLocalRunnable.java:30)
	... 1 more
Caused by: java.net.ConnectException: Connection refused
	... 11 more
2019-10-17 18:51:18,798 [a5e79c22-a35f-4e50-b1fd-e91b6a93d74d@group-F775CA5912AC-LeaderElection398] INFO  impl.RaftServerImpl (RaftServerImpl.java:setRole(184)) - a5e79c22-a35f-4e50-b1fd-e91b6a93d74d@group-F775CA5912AC: changes role from CANDIDATE to FOLLOWER at term 234 for DISCOVERED_A_NEW_TERM
2019-10-17 18:51:18,798 [a5e79c22-a35f-4e50-b1fd-e91b6a93d74d@group-F775CA5912AC-LeaderElection398] INFO  impl.RoleInfo (RoleInfo.java:shutdownLeaderElection(134)) - a5e79c22-a35f-4e50-b1fd-e91b6a93d74d: shutdown LeaderElection
2019-10-17 18:51:18,798 [a5e79c22-a35f-4e50-b1fd-e91b6a93d74d@group-F775CA5912AC-LeaderElection398] INFO  impl.RoleInfo (RoleInfo.java:updateAndGet(143)) - a5e79c22-a35f-4e50-b1fd-e91b6a93d74d: start FollowerState
2019-10-17 18:51:18,834 [Thread-3131] INFO  impl.FollowerState (FollowerState.java:run(108)) - a5e79c22-a35f-4e50-b1fd-e91b6a93d74d@group-F775CA5912AC-FollowerState: change to CANDIDATE, lastRpcTime:35ms, electionTimeout:35ms
2019-10-17 18:51:18,834 [Thread-3131] INFO  impl.RoleInfo (RoleInfo.java:shutdownFollowerState(121)) - a5e79c22-a35f-4e50-b1fd-e91b6a93d74d: shutdown FollowerState
2019-10-17 18:51:18,834 [Thread-3131] INFO  impl.RaftServerImpl (RaftServerImpl.java:setRole(184)) - a5e79c22-a35f-4e50-b1fd-e91b6a93d74d@group-F775CA5912AC: changes role from  FOLLOWER to CANDIDATE at term 234 for changeToCandidate
2019-10-17 18:51:18,834 [Thread-3131] INFO  impl.RoleInfo (RoleInfo.java:updateAndGet(143)) - a5e79c22-a35f-4e50-b1fd-e91b6a93d74d: start LeaderElection
2019-10-17 18:51:18,864 [java.util.concurrent.ThreadPoolExecutor$Worker@5bc0d76f[State = -1, empty queue]] WARN  server.GrpcLogAppender (GrpcLogAppender.java:timeoutAppendRequest(209)) - 8f4f8799-ef18-41e5-9bb8-2f724208e999@group-9D6F8169C5E6->0fe4833c-4439-4309-b94b-508419b07a37-GrpcLogAppender: appendEntries Timeout, request=8f4f8799-ef18-41e5-9bb8-2f724208e999->0fe4833c-4439-4309-b94b-508419b07a37#79-t7, previous=(t:7, i:19), leaderCommit=19, initializing? false, entries: <empty>
2019-10-17 18:51:18,912 [a5e79c22-a35f-4e50-b1fd-e91b6a93d74d@group-F775CA5912AC-LeaderElection400] INFO  impl.LeaderElection (LeaderElection.java:askForVotes(178)) - a5e79c22-a35f-4e50-b1fd-e91b6a93d74d@group-F775CA5912AC-LeaderElection400: begin an election at term 235 for -1: [a5e79c22-a35f-4e50-b1fd-e91b6a93d74d:192.168.157.251:45177, daae7813-f814-475d-9647-a302a5541e36:192.168.157.251:45025, 1e4e1375-1b66-460f-8c99-4c341545a119:192.168.157.251:42113], old=null
2019-10-17 18:51:18,912 [a5e79c22-a35f-4e50-b1fd-e91b6a93d74d@group-F775CA5912AC-LeaderElection400] INFO  impl.LeaderElection (LogUtils.java:infoOrTrace(149)) - a5e79c22-a35f-4e50-b1fd-e91b6a93d74d@group-F775CA5912AC-LeaderElection400 got exception when requesting votes: {}
java.util.concurrent.ExecutionException: org.apache.ratis.thirdparty.io.grpc.StatusRuntimeException: UNAVAILABLE: io exception
	at java.util.concurrent.FutureTask.report(FutureTask.java:122)
	at java.util.concurrent.FutureTask.get(FutureTask.java:192)
	at org.apache.ratis.server.impl.LeaderElection.waitForResults(LeaderElection.java:259)
	at org.apache.ratis.server.impl.LeaderElection.askForVotes(LeaderElection.java:197)
	at org.apache.ratis.server.impl.LeaderElection.run(LeaderElection.java:133)
	at java.lang.Thread.run(Thread.java:748)
Caused by: org.apache.ratis.thirdparty.io.grpc.StatusRuntimeException: UNAVAILABLE: io exception
	at org.apache.ratis.thirdparty.io.grpc.stub.ClientCalls.toStatusRuntimeException(ClientCalls.java:233)
	at org.apache.ratis.thirdparty.io.grpc.stub.ClientCalls.getUnchecked(ClientCalls.java:214)
	at org.apache.ratis.thirdparty.io.grpc.stub.ClientCalls.blockingUnaryCall(ClientCalls.java:139)
	at org.apache.ratis.proto.grpc.RaftServerProtocolServiceGrpc$RaftServerProtocolServiceBlockingStub.requestVote(RaftServerProtocolServiceGrpc.java:265)
	at org.apache.ratis.grpc.server.GrpcServerProtocolClient.requestVote(GrpcServerProtocolClient.java:99)
	at org.apache.ratis.grpc.server.GrpcService.requestVote(GrpcService.java:204)
	at org.apache.ratis.server.impl.LeaderElection.lambda$submitRequests$1(LeaderElection.java:234)
	at java.util.concurrent.FutureTask.run(FutureTask.java:266)
	at java.util.concurrent.Executors$RunnableAdapter.call(Executors.java:511)
	at java.util.concurrent.FutureTask.run(FutureTask.java:266)
	at java.util.concurrent.ThreadPoolExecutor.runWorker(ThreadPoolExecutor.java:1149)
	at java.util.concurrent.ThreadPoolExecutor$Worker.run(ThreadPoolExecutor.java:624)
	... 1 more
Caused by: org.apache.ratis.thirdparty.io.netty.channel.AbstractChannel$AnnotatedConnectException: Connection refused: /192.168.157.251:42113
	at sun.nio.ch.SocketChannelImpl.checkConnect(Native Method)
	at sun.nio.ch.SocketChannelImpl.finishConnect(SocketChannelImpl.java:717)
	at org.apache.ratis.thirdparty.io.netty.channel.socket.nio.NioSocketChannel.doFinishConnect(NioSocketChannel.java:327)
	at org.apache.ratis.thirdparty.io.netty.channel.nio.AbstractNioChannel$AbstractNioUnsafe.finishConnect(AbstractNioChannel.java:340)
	at org.apache.ratis.thirdparty.io.netty.channel.nio.NioEventLoop.processSelectedKey(NioEventLoop.java:632)
	at org.apache.ratis.thirdparty.io.netty.channel.nio.NioEventLoop.processSelectedKeysOptimized(NioEventLoop.java:579)
	at org.apache.ratis.thirdparty.io.netty.channel.nio.NioEventLoop.processSelectedKeys(NioEventLoop.java:496)
	at org.apache.ratis.thirdparty.io.netty.channel.nio.NioEventLoop.run(NioEventLoop.java:458)
	at org.apache.ratis.thirdparty.io.netty.util.concurrent.SingleThreadEventExecutor$5.run(SingleThreadEventExecutor.java:897)
	at org.apache.ratis.thirdparty.io.netty.util.concurrent.FastThreadLocalRunnable.run(FastThreadLocalRunnable.java:30)
	... 1 more
Caused by: java.net.ConnectException: Connection refused
	... 11 more
2019-10-17 18:51:18,913 [grpc-default-executor-5] INFO  impl.RaftServerImpl (RaftServerImpl.java:setRole(184)) - daae7813-f814-475d-9647-a302a5541e36@group-F775CA5912AC: changes role from  FOLLOWER to FOLLOWER at term 235 for recognizeCandidate:a5e79c22-a35f-4e50-b1fd-e91b6a93d74d
2019-10-17 18:51:18,913 [grpc-default-executor-5] INFO  impl.RoleInfo (RoleInfo.java:shutdownFollowerState(121)) - daae7813-f814-475d-9647-a302a5541e36: shutdown FollowerState
2019-10-17 18:51:18,914 [grpc-default-executor-5] INFO  impl.RoleInfo (RoleInfo.java:updateAndGet(143)) - daae7813-f814-475d-9647-a302a5541e36: start FollowerState
2019-10-17 18:51:18,914 [Thread-3130] INFO  impl.FollowerState (FollowerState.java:run(117)) - daae7813-f814-475d-9647-a302a5541e36@group-F775CA5912AC-FollowerState was interrupted: java.lang.InterruptedException: sleep interrupted
2019-10-17 18:51:18,947 [a5e79c22-a35f-4e50-b1fd-e91b6a93d74d@group-F775CA5912AC-LeaderElection400] INFO  impl.LeaderElection (LeaderElection.java:logAndReturn(56)) - a5e79c22-a35f-4e50-b1fd-e91b6a93d74d@group-F775CA5912AC-LeaderElection400: Election TIMEOUT; received 0 response(s) [] and 1 exception(s); a5e79c22-a35f-4e50-b1fd-e91b6a93d74d@group-F775CA5912AC:t235, leader=null, voted=a5e79c22-a35f-4e50-b1fd-e91b6a93d74d, raftlog=a5e79c22-a35f-4e50-b1fd-e91b6a93d74d@group-F775CA5912AC-SegmentedRaftLog:OPENED:c-1,f-1,i0, conf=-1: [a5e79c22-a35f-4e50-b1fd-e91b6a93d74d:192.168.157.251:45177, daae7813-f814-475d-9647-a302a5541e36:192.168.157.251:45025, 1e4e1375-1b66-460f-8c99-4c341545a119:192.168.157.251:42113], old=null
2019-10-17 18:51:18,947 [a5e79c22-a35f-4e50-b1fd-e91b6a93d74d@group-F775CA5912AC-LeaderElection400] INFO  impl.LeaderElection (LogUtils.java:infoOrTrace(149)) -   Exception 0: {}
java.util.concurrent.ExecutionException: org.apache.ratis.thirdparty.io.grpc.StatusRuntimeException: UNAVAILABLE: io exception
	at java.util.concurrent.FutureTask.report(FutureTask.java:122)
	at java.util.concurrent.FutureTask.get(FutureTask.java:192)
	at org.apache.ratis.server.impl.LeaderElection.waitForResults(LeaderElection.java:259)
	at org.apache.ratis.server.impl.LeaderElection.askForVotes(LeaderElection.java:197)
	at org.apache.ratis.server.impl.LeaderElection.run(LeaderElection.java:133)
	at java.lang.Thread.run(Thread.java:748)
Caused by: org.apache.ratis.thirdparty.io.grpc.StatusRuntimeException: UNAVAILABLE: io exception
	at org.apache.ratis.thirdparty.io.grpc.stub.ClientCalls.toStatusRuntimeException(ClientCalls.java:233)
	at org.apache.ratis.thirdparty.io.grpc.stub.ClientCalls.getUnchecked(ClientCalls.java:214)
	at org.apache.ratis.thirdparty.io.grpc.stub.ClientCalls.blockingUnaryCall(ClientCalls.java:139)
	at org.apache.ratis.proto.grpc.RaftServerProtocolServiceGrpc$RaftServerProtocolServiceBlockingStub.requestVote(RaftServerProtocolServiceGrpc.java:265)
	at org.apache.ratis.grpc.server.GrpcServerProtocolClient.requestVote(GrpcServerProtocolClient.java:99)
	at org.apache.ratis.grpc.server.GrpcService.requestVote(GrpcService.java:204)
	at org.apache.ratis.server.impl.LeaderElection.lambda$submitRequests$1(LeaderElection.java:234)
	at java.util.concurrent.FutureTask.run(FutureTask.java:266)
	at java.util.concurrent.Executors$RunnableAdapter.call(Executors.java:511)
	at java.util.concurrent.FutureTask.run(FutureTask.java:266)
	at java.util.concurrent.ThreadPoolExecutor.runWorker(ThreadPoolExecutor.java:1149)
	at java.util.concurrent.ThreadPoolExecutor$Worker.run(ThreadPoolExecutor.java:624)
	... 1 more
Caused by: org.apache.ratis.thirdparty.io.netty.channel.AbstractChannel$AnnotatedConnectException: Connection refused: /192.168.157.251:42113
	at sun.nio.ch.SocketChannelImpl.checkConnect(Native Method)
	at sun.nio.ch.SocketChannelImpl.finishConnect(SocketChannelImpl.java:717)
	at org.apache.ratis.thirdparty.io.netty.channel.socket.nio.NioSocketChannel.doFinishConnect(NioSocketChannel.java:327)
	at org.apache.ratis.thirdparty.io.netty.channel.nio.AbstractNioChannel$AbstractNioUnsafe.finishConnect(AbstractNioChannel.java:340)
	at org.apache.ratis.thirdparty.io.netty.channel.nio.NioEventLoop.processSelectedKey(NioEventLoop.java:632)
	at org.apache.ratis.thirdparty.io.netty.channel.nio.NioEventLoop.processSelectedKeysOptimized(NioEventLoop.java:579)
	at org.apache.ratis.thirdparty.io.netty.channel.nio.NioEventLoop.processSelectedKeys(NioEventLoop.java:496)
	at org.apache.ratis.thirdparty.io.netty.channel.nio.NioEventLoop.run(NioEventLoop.java:458)
	at org.apache.ratis.thirdparty.io.netty.util.concurrent.SingleThreadEventExecutor$5.run(SingleThreadEventExecutor.java:897)
	at org.apache.ratis.thirdparty.io.netty.util.concurrent.FastThreadLocalRunnable.run(FastThreadLocalRunnable.java:30)
	... 1 more
Caused by: java.net.ConnectException: Connection refused
	... 11 more
2019-10-17 18:51:18,964 [a5e79c22-a35f-4e50-b1fd-e91b6a93d74d@group-F775CA5912AC-LeaderElection400] INFO  impl.LeaderElection (LeaderElection.java:askForVotes(178)) - a5e79c22-a35f-4e50-b1fd-e91b6a93d74d@group-F775CA5912AC-LeaderElection400: begin an election at term 236 for -1: [a5e79c22-a35f-4e50-b1fd-e91b6a93d74d:192.168.157.251:45177, daae7813-f814-475d-9647-a302a5541e36:192.168.157.251:45025, 1e4e1375-1b66-460f-8c99-4c341545a119:192.168.157.251:42113], old=null
2019-10-17 18:51:18,965 [a5e79c22-a35f-4e50-b1fd-e91b6a93d74d@group-F775CA5912AC-LeaderElection400] INFO  impl.LeaderElection (LogUtils.java:infoOrTrace(149)) - a5e79c22-a35f-4e50-b1fd-e91b6a93d74d@group-F775CA5912AC-LeaderElection400 got exception when requesting votes: {}
java.util.concurrent.ExecutionException: org.apache.ratis.thirdparty.io.grpc.StatusRuntimeException: UNAVAILABLE: io exception
	at java.util.concurrent.FutureTask.report(FutureTask.java:122)
	at java.util.concurrent.FutureTask.get(FutureTask.java:192)
	at org.apache.ratis.server.impl.LeaderElection.waitForResults(LeaderElection.java:259)
	at org.apache.ratis.server.impl.LeaderElection.askForVotes(LeaderElection.java:197)
	at org.apache.ratis.server.impl.LeaderElection.run(LeaderElection.java:133)
	at java.lang.Thread.run(Thread.java:748)
Caused by: org.apache.ratis.thirdparty.io.grpc.StatusRuntimeException: UNAVAILABLE: io exception
	at org.apache.ratis.thirdparty.io.grpc.stub.ClientCalls.toStatusRuntimeException(ClientCalls.java:233)
	at org.apache.ratis.thirdparty.io.grpc.stub.ClientCalls.getUnchecked(ClientCalls.java:214)
	at org.apache.ratis.thirdparty.io.grpc.stub.ClientCalls.blockingUnaryCall(ClientCalls.java:139)
	at org.apache.ratis.proto.grpc.RaftServerProtocolServiceGrpc$RaftServerProtocolServiceBlockingStub.requestVote(RaftServerProtocolServiceGrpc.java:265)
	at org.apache.ratis.grpc.server.GrpcServerProtocolClient.requestVote(GrpcServerProtocolClient.java:99)
	at org.apache.ratis.grpc.server.GrpcService.requestVote(GrpcService.java:204)
	at org.apache.ratis.server.impl.LeaderElection.lambda$submitRequests$1(LeaderElection.java:234)
	at java.util.concurrent.FutureTask.run(FutureTask.java:266)
	at java.util.concurrent.Executors$RunnableAdapter.call(Executors.java:511)
	at java.util.concurrent.FutureTask.run(FutureTask.java:266)
	at java.util.concurrent.ThreadPoolExecutor.runWorker(ThreadPoolExecutor.java:1149)
	at java.util.concurrent.ThreadPoolExecutor$Worker.run(ThreadPoolExecutor.java:624)
	... 1 more
Caused by: org.apache.ratis.thirdparty.io.netty.channel.AbstractChannel$AnnotatedConnectException: Connection refused: /192.168.157.251:42113
	at sun.nio.ch.SocketChannelImpl.checkConnect(Native Method)
	at sun.nio.ch.SocketChannelImpl.finishConnect(SocketChannelImpl.java:717)
	at org.apache.ratis.thirdparty.io.netty.channel.socket.nio.NioSocketChannel.doFinishConnect(NioSocketChannel.java:327)
	at org.apache.ratis.thirdparty.io.netty.channel.nio.AbstractNioChannel$AbstractNioUnsafe.finishConnect(AbstractNioChannel.java:340)
	at org.apache.ratis.thirdparty.io.netty.channel.nio.NioEventLoop.processSelectedKey(NioEventLoop.java:632)
	at org.apache.ratis.thirdparty.io.netty.channel.nio.NioEventLoop.processSelectedKeysOptimized(NioEventLoop.java:579)
	at org.apache.ratis.thirdparty.io.netty.channel.nio.NioEventLoop.processSelectedKeys(NioEventLoop.java:496)
	at org.apache.ratis.thirdparty.io.netty.channel.nio.NioEventLoop.run(NioEventLoop.java:458)
	at org.apache.ratis.thirdparty.io.netty.util.concurrent.SingleThreadEventExecutor$5.run(SingleThreadEventExecutor.java:897)
	at org.apache.ratis.thirdparty.io.netty.util.concurrent.FastThreadLocalRunnable.run(FastThreadLocalRunnable.java:30)
	... 1 more
Caused by: java.net.ConnectException: Connection refused
	... 11 more
2019-10-17 18:51:18,965 [grpc-default-executor-5] INFO  impl.RaftServerImpl (RaftServerImpl.java:setRole(184)) - daae7813-f814-475d-9647-a302a5541e36@group-F775CA5912AC: changes role from  FOLLOWER to FOLLOWER at term 236 for recognizeCandidate:a5e79c22-a35f-4e50-b1fd-e91b6a93d74d
2019-10-17 18:51:18,966 [grpc-default-executor-5] INFO  impl.RoleInfo (RoleInfo.java:shutdownFollowerState(121)) - daae7813-f814-475d-9647-a302a5541e36: shutdown FollowerState
2019-10-17 18:51:18,966 [grpc-default-executor-5] INFO  impl.RoleInfo (RoleInfo.java:updateAndGet(143)) - daae7813-f814-475d-9647-a302a5541e36: start FollowerState
2019-10-17 18:51:18,966 [Thread-3136] INFO  impl.FollowerState (FollowerState.java:run(117)) - daae7813-f814-475d-9647-a302a5541e36@group-F775CA5912AC-FollowerState was interrupted: java.lang.InterruptedException: sleep interrupted
2019-10-17 18:51:19,032 [a5e79c22-a35f-4e50-b1fd-e91b6a93d74d@group-F775CA5912AC-LeaderElection400] INFO  impl.LeaderElection (LeaderElection.java:logAndReturn(56)) - a5e79c22-a35f-4e50-b1fd-e91b6a93d74d@group-F775CA5912AC-LeaderElection400: Election REJECTED; received 1 response(s) [a5e79c22-a35f-4e50-b1fd-e91b6a93d74d<-daae7813-f814-475d-9647-a302a5541e36#0:FAIL-t236] and 1 exception(s); a5e79c22-a35f-4e50-b1fd-e91b6a93d74d@group-F775CA5912AC:t236, leader=null, voted=a5e79c22-a35f-4e50-b1fd-e91b6a93d74d, raftlog=a5e79c22-a35f-4e50-b1fd-e91b6a93d74d@group-F775CA5912AC-SegmentedRaftLog:OPENED:c-1,f-1,i0, conf=-1: [a5e79c22-a35f-4e50-b1fd-e91b6a93d74d:192.168.157.251:45177, daae7813-f814-475d-9647-a302a5541e36:192.168.157.251:45025, 1e4e1375-1b66-460f-8c99-4c341545a119:192.168.157.251:42113], old=null
2019-10-17 18:51:19,033 [a5e79c22-a35f-4e50-b1fd-e91b6a93d74d@group-F775CA5912AC-LeaderElection400] INFO  impl.LeaderElection (LogUtils.java:infoOrTrace(149)) -   Exception 0: {}
java.util.concurrent.ExecutionException: org.apache.ratis.thirdparty.io.grpc.StatusRuntimeException: UNAVAILABLE: io exception
	at java.util.concurrent.FutureTask.report(FutureTask.java:122)
	at java.util.concurrent.FutureTask.get(FutureTask.java:192)
	at org.apache.ratis.server.impl.LeaderElection.waitForResults(LeaderElection.java:259)
	at org.apache.ratis.server.impl.LeaderElection.askForVotes(LeaderElection.java:197)
	at org.apache.ratis.server.impl.LeaderElection.run(LeaderElection.java:133)
	at java.lang.Thread.run(Thread.java:748)
Caused by: org.apache.ratis.thirdparty.io.grpc.StatusRuntimeException: UNAVAILABLE: io exception
	at org.apache.ratis.thirdparty.io.grpc.stub.ClientCalls.toStatusRuntimeException(ClientCalls.java:233)
	at org.apache.ratis.thirdparty.io.grpc.stub.ClientCalls.getUnchecked(ClientCalls.java:214)
	at org.apache.ratis.thirdparty.io.grpc.stub.ClientCalls.blockingUnaryCall(ClientCalls.java:139)
	at org.apache.ratis.proto.grpc.RaftServerProtocolServiceGrpc$RaftServerProtocolServiceBlockingStub.requestVote(RaftServerProtocolServiceGrpc.java:265)
	at org.apache.ratis.grpc.server.GrpcServerProtocolClient.requestVote(GrpcServerProtocolClient.java:99)
	at org.apache.ratis.grpc.server.GrpcService.requestVote(GrpcService.java:204)
	at org.apache.ratis.server.impl.LeaderElection.lambda$submitRequests$1(LeaderElection.java:234)
	at java.util.concurrent.FutureTask.run(FutureTask.java:266)
	at java.util.concurrent.Executors$RunnableAdapter.call(Executors.java:511)
	at java.util.concurrent.FutureTask.run(FutureTask.java:266)
	at java.util.concurrent.ThreadPoolExecutor.runWorker(ThreadPoolExecutor.java:1149)
	at java.util.concurrent.ThreadPoolExecutor$Worker.run(ThreadPoolExecutor.java:624)
	... 1 more
Caused by: org.apache.ratis.thirdparty.io.netty.channel.AbstractChannel$AnnotatedConnectException: Connection refused: /192.168.157.251:42113
	at sun.nio.ch.SocketChannelImpl.checkConnect(Native Method)
	at sun.nio.ch.SocketChannelImpl.finishConnect(SocketChannelImpl.java:717)
	at org.apache.ratis.thirdparty.io.netty.channel.socket.nio.NioSocketChannel.doFinishConnect(NioSocketChannel.java:327)
	at org.apache.ratis.thirdparty.io.netty.channel.nio.AbstractNioChannel$AbstractNioUnsafe.finishConnect(AbstractNioChannel.java:340)
	at org.apache.ratis.thirdparty.io.netty.channel.nio.NioEventLoop.processSelectedKey(NioEventLoop.java:632)
	at org.apache.ratis.thirdparty.io.netty.channel.nio.NioEventLoop.processSelectedKeysOptimized(NioEventLoop.java:579)
	at org.apache.ratis.thirdparty.io.netty.channel.nio.NioEventLoop.processSelectedKeys(NioEventLoop.java:496)
	at org.apache.ratis.thirdparty.io.netty.channel.nio.NioEventLoop.run(NioEventLoop.java:458)
	at org.apache.ratis.thirdparty.io.netty.util.concurrent.SingleThreadEventExecutor$5.run(SingleThreadEventExecutor.java:897)
	at org.apache.ratis.thirdparty.io.netty.util.concurrent.FastThreadLocalRunnable.run(FastThreadLocalRunnable.java:30)
	... 1 more
Caused by: java.net.ConnectException: Connection refused
	... 11 more
2019-10-17 18:51:19,033 [a5e79c22-a35f-4e50-b1fd-e91b6a93d74d@group-F775CA5912AC-LeaderElection400] INFO  impl.RaftServerImpl (RaftServerImpl.java:setRole(184)) - a5e79c22-a35f-4e50-b1fd-e91b6a93d74d@group-F775CA5912AC: changes role from CANDIDATE to FOLLOWER at term 236 for DISCOVERED_A_NEW_TERM
2019-10-17 18:51:19,033 [a5e79c22-a35f-4e50-b1fd-e91b6a93d74d@group-F775CA5912AC-LeaderElection400] INFO  impl.RoleInfo (RoleInfo.java:shutdownLeaderElection(134)) - a5e79c22-a35f-4e50-b1fd-e91b6a93d74d: shutdown LeaderElection
2019-10-17 18:51:19,034 [a5e79c22-a35f-4e50-b1fd-e91b6a93d74d@group-F775CA5912AC-LeaderElection400] INFO  impl.RoleInfo (RoleInfo.java:updateAndGet(143)) - a5e79c22-a35f-4e50-b1fd-e91b6a93d74d: start FollowerState
2019-10-17 18:51:19,049 [Thread-3140] INFO  impl.FollowerState (FollowerState.java:run(108)) - a5e79c22-a35f-4e50-b1fd-e91b6a93d74d@group-F775CA5912AC-FollowerState: change to CANDIDATE, lastRpcTime:15ms, electionTimeout:15ms
2019-10-17 18:51:19,049 [Thread-3140] INFO  impl.RoleInfo (RoleInfo.java:shutdownFollowerState(121)) - a5e79c22-a35f-4e50-b1fd-e91b6a93d74d: shutdown FollowerState
2019-10-17 18:51:19,049 [Thread-3140] INFO  impl.RaftServerImpl (RaftServerImpl.java:setRole(184)) - a5e79c22-a35f-4e50-b1fd-e91b6a93d74d@group-F775CA5912AC: changes role from  FOLLOWER to CANDIDATE at term 236 for changeToCandidate
2019-10-17 18:51:19,049 [Thread-3140] INFO  impl.RoleInfo (RoleInfo.java:updateAndGet(143)) - a5e79c22-a35f-4e50-b1fd-e91b6a93d74d: start LeaderElection
2019-10-17 18:51:19,107 [a5e79c22-a35f-4e50-b1fd-e91b6a93d74d@group-F775CA5912AC-LeaderElection401] INFO  impl.LeaderElection (LeaderElection.java:askForVotes(178)) - a5e79c22-a35f-4e50-b1fd-e91b6a93d74d@group-F775CA5912AC-LeaderElection401: begin an election at term 237 for -1: [a5e79c22-a35f-4e50-b1fd-e91b6a93d74d:192.168.157.251:45177, daae7813-f814-475d-9647-a302a5541e36:192.168.157.251:45025, 1e4e1375-1b66-460f-8c99-4c341545a119:192.168.157.251:42113], old=null
2019-10-17 18:51:19,108 [a5e79c22-a35f-4e50-b1fd-e91b6a93d74d@group-F775CA5912AC-LeaderElection401] INFO  impl.LeaderElection (LogUtils.java:infoOrTrace(149)) - a5e79c22-a35f-4e50-b1fd-e91b6a93d74d@group-F775CA5912AC-LeaderElection401 got exception when requesting votes: {}
java.util.concurrent.ExecutionException: org.apache.ratis.thirdparty.io.grpc.StatusRuntimeException: UNAVAILABLE: io exception
	at java.util.concurrent.FutureTask.report(FutureTask.java:122)
	at java.util.concurrent.FutureTask.get(FutureTask.java:192)
	at org.apache.ratis.server.impl.LeaderElection.waitForResults(LeaderElection.java:259)
	at org.apache.ratis.server.impl.LeaderElection.askForVotes(LeaderElection.java:197)
	at org.apache.ratis.server.impl.LeaderElection.run(LeaderElection.java:133)
	at java.lang.Thread.run(Thread.java:748)
Caused by: org.apache.ratis.thirdparty.io.grpc.StatusRuntimeException: UNAVAILABLE: io exception
	at org.apache.ratis.thirdparty.io.grpc.stub.ClientCalls.toStatusRuntimeException(ClientCalls.java:233)
	at org.apache.ratis.thirdparty.io.grpc.stub.ClientCalls.getUnchecked(ClientCalls.java:214)
	at org.apache.ratis.thirdparty.io.grpc.stub.ClientCalls.blockingUnaryCall(ClientCalls.java:139)
	at org.apache.ratis.proto.grpc.RaftServerProtocolServiceGrpc$RaftServerProtocolServiceBlockingStub.requestVote(RaftServerProtocolServiceGrpc.java:265)
	at org.apache.ratis.grpc.server.GrpcServerProtocolClient.requestVote(GrpcServerProtocolClient.java:99)
	at org.apache.ratis.grpc.server.GrpcService.requestVote(GrpcService.java:204)
	at org.apache.ratis.server.impl.LeaderElection.lambda$submitRequests$1(LeaderElection.java:234)
	at java.util.concurrent.FutureTask.run(FutureTask.java:266)
	at java.util.concurrent.Executors$RunnableAdapter.call(Executors.java:511)
	at java.util.concurrent.FutureTask.run(FutureTask.java:266)
	at java.util.concurrent.ThreadPoolExecutor.runWorker(ThreadPoolExecutor.java:1149)
	at java.util.concurrent.ThreadPoolExecutor$Worker.run(ThreadPoolExecutor.java:624)
	... 1 more
Caused by: org.apache.ratis.thirdparty.io.netty.channel.AbstractChannel$AnnotatedConnectException: Connection refused: /192.168.157.251:42113
	at sun.nio.ch.SocketChannelImpl.checkConnect(Native Method)
	at sun.nio.ch.SocketChannelImpl.finishConnect(SocketChannelImpl.java:717)
	at org.apache.ratis.thirdparty.io.netty.channel.socket.nio.NioSocketChannel.doFinishConnect(NioSocketChannel.java:327)
	at org.apache.ratis.thirdparty.io.netty.channel.nio.AbstractNioChannel$AbstractNioUnsafe.finishConnect(AbstractNioChannel.java:340)
	at org.apache.ratis.thirdparty.io.netty.channel.nio.NioEventLoop.processSelectedKey(NioEventLoop.java:632)
	at org.apache.ratis.thirdparty.io.netty.channel.nio.NioEventLoop.processSelectedKeysOptimized(NioEventLoop.java:579)
	at org.apache.ratis.thirdparty.io.netty.channel.nio.NioEventLoop.processSelectedKeys(NioEventLoop.java:496)
	at org.apache.ratis.thirdparty.io.netty.channel.nio.NioEventLoop.run(NioEventLoop.java:458)
	at org.apache.ratis.thirdparty.io.netty.util.concurrent.SingleThreadEventExecutor$5.run(SingleThreadEventExecutor.java:897)
	at org.apache.ratis.thirdparty.io.netty.util.concurrent.FastThreadLocalRunnable.run(FastThreadLocalRunnable.java:30)
	... 1 more
Caused by: java.net.ConnectException: Connection refused
	... 11 more
2019-10-17 18:51:19,109 [grpc-default-executor-5] INFO  impl.RaftServerImpl (RaftServerImpl.java:setRole(184)) - daae7813-f814-475d-9647-a302a5541e36@group-F775CA5912AC: changes role from  FOLLOWER to FOLLOWER at term 237 for recognizeCandidate:a5e79c22-a35f-4e50-b1fd-e91b6a93d74d
2019-10-17 18:51:19,109 [grpc-default-executor-5] INFO  impl.RoleInfo (RoleInfo.java:shutdownFollowerState(121)) - daae7813-f814-475d-9647-a302a5541e36: shutdown FollowerState
2019-10-17 18:51:19,110 [grpc-default-executor-5] INFO  impl.RoleInfo (RoleInfo.java:updateAndGet(143)) - daae7813-f814-475d-9647-a302a5541e36: start FollowerState
2019-10-17 18:51:19,110 [Thread-3139] INFO  impl.FollowerState (FollowerState.java:run(117)) - daae7813-f814-475d-9647-a302a5541e36@group-F775CA5912AC-FollowerState was interrupted: java.lang.InterruptedException: sleep interrupted
2019-10-17 18:51:19,128 [a5e79c22-a35f-4e50-b1fd-e91b6a93d74d@group-F775CA5912AC-LeaderElection401] INFO  impl.LeaderElection (LeaderElection.java:logAndReturn(56)) - a5e79c22-a35f-4e50-b1fd-e91b6a93d74d@group-F775CA5912AC-LeaderElection401: Election REJECTED; received 1 response(s) [a5e79c22-a35f-4e50-b1fd-e91b6a93d74d<-daae7813-f814-475d-9647-a302a5541e36#0:FAIL-t237] and 1 exception(s); a5e79c22-a35f-4e50-b1fd-e91b6a93d74d@group-F775CA5912AC:t237, leader=null, voted=a5e79c22-a35f-4e50-b1fd-e91b6a93d74d, raftlog=a5e79c22-a35f-4e50-b1fd-e91b6a93d74d@group-F775CA5912AC-SegmentedRaftLog:OPENED:c-1,f-1,i0, conf=-1: [a5e79c22-a35f-4e50-b1fd-e91b6a93d74d:192.168.157.251:45177, daae7813-f814-475d-9647-a302a5541e36:192.168.157.251:45025, 1e4e1375-1b66-460f-8c99-4c341545a119:192.168.157.251:42113], old=null
2019-10-17 18:51:19,129 [a5e79c22-a35f-4e50-b1fd-e91b6a93d74d@group-F775CA5912AC-LeaderElection401] INFO  impl.LeaderElection (LogUtils.java:infoOrTrace(149)) -   Exception 0: {}
java.util.concurrent.ExecutionException: org.apache.ratis.thirdparty.io.grpc.StatusRuntimeException: UNAVAILABLE: io exception
	at java.util.concurrent.FutureTask.report(FutureTask.java:122)
	at java.util.concurrent.FutureTask.get(FutureTask.java:192)
	at org.apache.ratis.server.impl.LeaderElection.waitForResults(LeaderElection.java:259)
	at org.apache.ratis.server.impl.LeaderElection.askForVotes(LeaderElection.java:197)
	at org.apache.ratis.server.impl.LeaderElection.run(LeaderElection.java:133)
	at java.lang.Thread.run(Thread.java:748)
Caused by: org.apache.ratis.thirdparty.io.grpc.StatusRuntimeException: UNAVAILABLE: io exception
	at org.apache.ratis.thirdparty.io.grpc.stub.ClientCalls.toStatusRuntimeException(ClientCalls.java:233)
	at org.apache.ratis.thirdparty.io.grpc.stub.ClientCalls.getUnchecked(ClientCalls.java:214)
	at org.apache.ratis.thirdparty.io.grpc.stub.ClientCalls.blockingUnaryCall(ClientCalls.java:139)
	at org.apache.ratis.proto.grpc.RaftServerProtocolServiceGrpc$RaftServerProtocolServiceBlockingStub.requestVote(RaftServerProtocolServiceGrpc.java:265)
	at org.apache.ratis.grpc.server.GrpcServerProtocolClient.requestVote(GrpcServerProtocolClient.java:99)
	at org.apache.ratis.grpc.server.GrpcService.requestVote(GrpcService.java:204)
	at org.apache.ratis.server.impl.LeaderElection.lambda$submitRequests$1(LeaderElection.java:234)
	at java.util.concurrent.FutureTask.run(FutureTask.java:266)
	at java.util.concurrent.Executors$RunnableAdapter.call(Executors.java:511)
	at java.util.concurrent.FutureTask.run(FutureTask.java:266)
	at java.util.concurrent.ThreadPoolExecutor.runWorker(ThreadPoolExecutor.java:1149)
	at java.util.concurrent.ThreadPoolExecutor$Worker.run(ThreadPoolExecutor.java:624)
	... 1 more
Caused by: org.apache.ratis.thirdparty.io.netty.channel.AbstractChannel$AnnotatedConnectException: Connection refused: /192.168.157.251:42113
	at sun.nio.ch.SocketChannelImpl.checkConnect(Native Method)
	at sun.nio.ch.SocketChannelImpl.finishConnect(SocketChannelImpl.java:717)
	at org.apache.ratis.thirdparty.io.netty.channel.socket.nio.NioSocketChannel.doFinishConnect(NioSocketChannel.java:327)
	at org.apache.ratis.thirdparty.io.netty.channel.nio.AbstractNioChannel$AbstractNioUnsafe.finishConnect(AbstractNioChannel.java:340)
	at org.apache.ratis.thirdparty.io.netty.channel.nio.NioEventLoop.processSelectedKey(NioEventLoop.java:632)
	at org.apache.ratis.thirdparty.io.netty.channel.nio.NioEventLoop.processSelectedKeysOptimized(NioEventLoop.java:579)
	at org.apache.ratis.thirdparty.io.netty.channel.nio.NioEventLoop.processSelectedKeys(NioEventLoop.java:496)
	at org.apache.ratis.thirdparty.io.netty.channel.nio.NioEventLoop.run(NioEventLoop.java:458)
	at org.apache.ratis.thirdparty.io.netty.util.concurrent.SingleThreadEventExecutor$5.run(SingleThreadEventExecutor.java:897)
	at org.apache.ratis.thirdparty.io.netty.util.concurrent.FastThreadLocalRunnable.run(FastThreadLocalRunnable.java:30)
	... 1 more
Caused by: java.net.ConnectException: Connection refused
	... 11 more
2019-10-17 18:51:19,129 [a5e79c22-a35f-4e50-b1fd-e91b6a93d74d@group-F775CA5912AC-LeaderElection401] INFO  impl.RaftServerImpl (RaftServerImpl.java:setRole(184)) - a5e79c22-a35f-4e50-b1fd-e91b6a93d74d@group-F775CA5912AC: changes role from CANDIDATE to FOLLOWER at term 237 for DISCOVERED_A_NEW_TERM
2019-10-17 18:51:19,129 [a5e79c22-a35f-4e50-b1fd-e91b6a93d74d@group-F775CA5912AC-LeaderElection401] INFO  impl.RoleInfo (RoleInfo.java:shutdownLeaderElection(134)) - a5e79c22-a35f-4e50-b1fd-e91b6a93d74d: shutdown LeaderElection
2019-10-17 18:51:19,129 [a5e79c22-a35f-4e50-b1fd-e91b6a93d74d@group-F775CA5912AC-LeaderElection401] INFO  impl.RoleInfo (RoleInfo.java:updateAndGet(143)) - a5e79c22-a35f-4e50-b1fd-e91b6a93d74d: start FollowerState
2019-10-17 18:51:19,140 [Thread-3145] INFO  impl.FollowerState (FollowerState.java:run(108)) - a5e79c22-a35f-4e50-b1fd-e91b6a93d74d@group-F775CA5912AC-FollowerState: change to CANDIDATE, lastRpcTime:10ms, electionTimeout:10ms
2019-10-17 18:51:19,140 [Thread-3145] INFO  impl.RoleInfo (RoleInfo.java:shutdownFollowerState(121)) - a5e79c22-a35f-4e50-b1fd-e91b6a93d74d: shutdown FollowerState
2019-10-17 18:51:19,140 [Thread-3145] INFO  impl.RaftServerImpl (RaftServerImpl.java:setRole(184)) - a5e79c22-a35f-4e50-b1fd-e91b6a93d74d@group-F775CA5912AC: changes role from  FOLLOWER to CANDIDATE at term 237 for changeToCandidate
2019-10-17 18:51:19,140 [Thread-3145] INFO  impl.RoleInfo (RoleInfo.java:updateAndGet(143)) - a5e79c22-a35f-4e50-b1fd-e91b6a93d74d: start LeaderElection
2019-10-17 18:51:19,199 [a5e79c22-a35f-4e50-b1fd-e91b6a93d74d@group-F775CA5912AC-LeaderElection402] INFO  impl.LeaderElection (LeaderElection.java:askForVotes(178)) - a5e79c22-a35f-4e50-b1fd-e91b6a93d74d@group-F775CA5912AC-LeaderElection402: begin an election at term 238 for -1: [a5e79c22-a35f-4e50-b1fd-e91b6a93d74d:192.168.157.251:45177, daae7813-f814-475d-9647-a302a5541e36:192.168.157.251:45025, 1e4e1375-1b66-460f-8c99-4c341545a119:192.168.157.251:42113], old=null
2019-10-17 18:51:19,200 [a5e79c22-a35f-4e50-b1fd-e91b6a93d74d@group-F775CA5912AC-LeaderElection402] INFO  impl.LeaderElection (LeaderElection.java:logAndReturn(56)) - a5e79c22-a35f-4e50-b1fd-e91b6a93d74d@group-F775CA5912AC-LeaderElection402: Election TIMEOUT; received 0 response(s) [] and 0 exception(s); a5e79c22-a35f-4e50-b1fd-e91b6a93d74d@group-F775CA5912AC:t238, leader=null, voted=a5e79c22-a35f-4e50-b1fd-e91b6a93d74d, raftlog=a5e79c22-a35f-4e50-b1fd-e91b6a93d74d@group-F775CA5912AC-SegmentedRaftLog:OPENED:c-1,f-1,i0, conf=-1: [a5e79c22-a35f-4e50-b1fd-e91b6a93d74d:192.168.157.251:45177, daae7813-f814-475d-9647-a302a5541e36:192.168.157.251:45025, 1e4e1375-1b66-460f-8c99-4c341545a119:192.168.157.251:42113], old=null
2019-10-17 18:51:19,201 [grpc-default-executor-5] INFO  impl.RaftServerImpl (RaftServerImpl.java:setRole(184)) - daae7813-f814-475d-9647-a302a5541e36@group-F775CA5912AC: changes role from  FOLLOWER to FOLLOWER at term 238 for recognizeCandidate:a5e79c22-a35f-4e50-b1fd-e91b6a93d74d
2019-10-17 18:51:19,201 [grpc-default-executor-5] INFO  impl.RoleInfo (RoleInfo.java:shutdownFollowerState(121)) - daae7813-f814-475d-9647-a302a5541e36: shutdown FollowerState
2019-10-17 18:51:19,201 [grpc-default-executor-5] INFO  impl.RoleInfo (RoleInfo.java:updateAndGet(143)) - daae7813-f814-475d-9647-a302a5541e36: start FollowerState
2019-10-17 18:51:19,201 [Thread-3144] INFO  impl.FollowerState (FollowerState.java:run(117)) - daae7813-f814-475d-9647-a302a5541e36@group-F775CA5912AC-FollowerState was interrupted: java.lang.InterruptedException: sleep interrupted
2019-10-17 18:51:19,224 [a5e79c22-a35f-4e50-b1fd-e91b6a93d74d@group-F775CA5912AC-LeaderElection402] INFO  impl.LeaderElection (LeaderElection.java:askForVotes(178)) - a5e79c22-a35f-4e50-b1fd-e91b6a93d74d@group-F775CA5912AC-LeaderElection402: begin an election at term 239 for -1: [a5e79c22-a35f-4e50-b1fd-e91b6a93d74d:192.168.157.251:45177, daae7813-f814-475d-9647-a302a5541e36:192.168.157.251:45025, 1e4e1375-1b66-460f-8c99-4c341545a119:192.168.157.251:42113], old=null
2019-10-17 18:51:19,225 [a5e79c22-a35f-4e50-b1fd-e91b6a93d74d@group-F775CA5912AC-LeaderElection402] INFO  impl.LeaderElection (LogUtils.java:infoOrTrace(149)) - a5e79c22-a35f-4e50-b1fd-e91b6a93d74d@group-F775CA5912AC-LeaderElection402 got exception when requesting votes: {}
java.util.concurrent.ExecutionException: org.apache.ratis.thirdparty.io.grpc.StatusRuntimeException: UNAVAILABLE: io exception
	at java.util.concurrent.FutureTask.report(FutureTask.java:122)
	at java.util.concurrent.FutureTask.get(FutureTask.java:192)
	at org.apache.ratis.server.impl.LeaderElection.waitForResults(LeaderElection.java:259)
	at org.apache.ratis.server.impl.LeaderElection.askForVotes(LeaderElection.java:197)
	at org.apache.ratis.server.impl.LeaderElection.run(LeaderElection.java:133)
	at java.lang.Thread.run(Thread.java:748)
Caused by: org.apache.ratis.thirdparty.io.grpc.StatusRuntimeException: UNAVAILABLE: io exception
	at org.apache.ratis.thirdparty.io.grpc.stub.ClientCalls.toStatusRuntimeException(ClientCalls.java:233)
	at org.apache.ratis.thirdparty.io.grpc.stub.ClientCalls.getUnchecked(ClientCalls.java:214)
	at org.apache.ratis.thirdparty.io.grpc.stub.ClientCalls.blockingUnaryCall(ClientCalls.java:139)
	at org.apache.ratis.proto.grpc.RaftServerProtocolServiceGrpc$RaftServerProtocolServiceBlockingStub.requestVote(RaftServerProtocolServiceGrpc.java:265)
	at org.apache.ratis.grpc.server.GrpcServerProtocolClient.requestVote(GrpcServerProtocolClient.java:99)
	at org.apache.ratis.grpc.server.GrpcService.requestVote(GrpcService.java:204)
	at org.apache.ratis.server.impl.LeaderElection.lambda$submitRequests$1(LeaderElection.java:234)
	at java.util.concurrent.FutureTask.run(FutureTask.java:266)
	at java.util.concurrent.Executors$RunnableAdapter.call(Executors.java:511)
	at java.util.concurrent.FutureTask.run(FutureTask.java:266)
	at java.util.concurrent.ThreadPoolExecutor.runWorker(ThreadPoolExecutor.java:1149)
	at java.util.concurrent.ThreadPoolExecutor$Worker.run(ThreadPoolExecutor.java:624)
	... 1 more
Caused by: org.apache.ratis.thirdparty.io.netty.channel.AbstractChannel$AnnotatedConnectException: Connection refused: /192.168.157.251:42113
	at sun.nio.ch.SocketChannelImpl.checkConnect(Native Method)
	at sun.nio.ch.SocketChannelImpl.finishConnect(SocketChannelImpl.java:717)
	at org.apache.ratis.thirdparty.io.netty.channel.socket.nio.NioSocketChannel.doFinishConnect(NioSocketChannel.java:327)
	at org.apache.ratis.thirdparty.io.netty.channel.nio.AbstractNioChannel$AbstractNioUnsafe.finishConnect(AbstractNioChannel.java:340)
	at org.apache.ratis.thirdparty.io.netty.channel.nio.NioEventLoop.processSelectedKey(NioEventLoop.java:632)
	at org.apache.ratis.thirdparty.io.netty.channel.nio.NioEventLoop.processSelectedKeysOptimized(NioEventLoop.java:579)
	at org.apache.ratis.thirdparty.io.netty.channel.nio.NioEventLoop.processSelectedKeys(NioEventLoop.java:496)
	at org.apache.ratis.thirdparty.io.netty.channel.nio.NioEventLoop.run(NioEventLoop.java:458)
	at org.apache.ratis.thirdparty.io.netty.util.concurrent.SingleThreadEventExecutor$5.run(SingleThreadEventExecutor.java:897)
	at org.apache.ratis.thirdparty.io.netty.util.concurrent.FastThreadLocalRunnable.run(FastThreadLocalRunnable.java:30)
	... 1 more
Caused by: java.net.ConnectException: Connection refused
	... 11 more
2019-10-17 18:51:19,226 [grpc-default-executor-5] INFO  impl.RaftServerImpl (RaftServerImpl.java:setRole(184)) - daae7813-f814-475d-9647-a302a5541e36@group-F775CA5912AC: changes role from  FOLLOWER to FOLLOWER at term 239 for recognizeCandidate:a5e79c22-a35f-4e50-b1fd-e91b6a93d74d
2019-10-17 18:51:19,226 [grpc-default-executor-5] INFO  impl.RoleInfo (RoleInfo.java:shutdownFollowerState(121)) - daae7813-f814-475d-9647-a302a5541e36: shutdown FollowerState
2019-10-17 18:51:19,226 [grpc-default-executor-5] INFO  impl.RoleInfo (RoleInfo.java:updateAndGet(143)) - daae7813-f814-475d-9647-a302a5541e36: start FollowerState
2019-10-17 18:51:19,226 [Thread-3149] INFO  impl.FollowerState (FollowerState.java:run(117)) - daae7813-f814-475d-9647-a302a5541e36@group-F775CA5912AC-FollowerState was interrupted: java.lang.InterruptedException: sleep interrupted
2019-10-17 18:51:19,311 [a5e79c22-a35f-4e50-b1fd-e91b6a93d74d@group-F775CA5912AC-LeaderElection402] INFO  impl.LeaderElection (LeaderElection.java:logAndReturn(56)) - a5e79c22-a35f-4e50-b1fd-e91b6a93d74d@group-F775CA5912AC-LeaderElection402: Election REJECTED; received 1 response(s) [a5e79c22-a35f-4e50-b1fd-e91b6a93d74d<-daae7813-f814-475d-9647-a302a5541e36#0:FAIL-t239] and 1 exception(s); a5e79c22-a35f-4e50-b1fd-e91b6a93d74d@group-F775CA5912AC:t239, leader=null, voted=a5e79c22-a35f-4e50-b1fd-e91b6a93d74d, raftlog=a5e79c22-a35f-4e50-b1fd-e91b6a93d74d@group-F775CA5912AC-SegmentedRaftLog:OPENED:c-1,f-1,i0, conf=-1: [a5e79c22-a35f-4e50-b1fd-e91b6a93d74d:192.168.157.251:45177, daae7813-f814-475d-9647-a302a5541e36:192.168.157.251:45025, 1e4e1375-1b66-460f-8c99-4c341545a119:192.168.157.251:42113], old=null
2019-10-17 18:51:19,311 [a5e79c22-a35f-4e50-b1fd-e91b6a93d74d@group-F775CA5912AC-LeaderElection402] INFO  impl.LeaderElection (LogUtils.java:infoOrTrace(149)) -   Exception 0: {}
java.util.concurrent.ExecutionException: org.apache.ratis.thirdparty.io.grpc.StatusRuntimeException: UNAVAILABLE: io exception
	at java.util.concurrent.FutureTask.report(FutureTask.java:122)
	at java.util.concurrent.FutureTask.get(FutureTask.java:192)
	at org.apache.ratis.server.impl.LeaderElection.waitForResults(LeaderElection.java:259)
	at org.apache.ratis.server.impl.LeaderElection.askForVotes(LeaderElection.java:197)
	at org.apache.ratis.server.impl.LeaderElection.run(LeaderElection.java:133)
	at java.lang.Thread.run(Thread.java:748)
Caused by: org.apache.ratis.thirdparty.io.grpc.StatusRuntimeException: UNAVAILABLE: io exception
	at org.apache.ratis.thirdparty.io.grpc.stub.ClientCalls.toStatusRuntimeException(ClientCalls.java:233)
	at org.apache.ratis.thirdparty.io.grpc.stub.ClientCalls.getUnchecked(ClientCalls.java:214)
	at org.apache.ratis.thirdparty.io.grpc.stub.ClientCalls.blockingUnaryCall(ClientCalls.java:139)
	at org.apache.ratis.proto.grpc.RaftServerProtocolServiceGrpc$RaftServerProtocolServiceBlockingStub.requestVote(RaftServerProtocolServiceGrpc.java:265)
	at org.apache.ratis.grpc.server.GrpcServerProtocolClient.requestVote(GrpcServerProtocolClient.java:99)
	at org.apache.ratis.grpc.server.GrpcService.requestVote(GrpcService.java:204)
	at org.apache.ratis.server.impl.LeaderElection.lambda$submitRequests$1(LeaderElection.java:234)
	at java.util.concurrent.FutureTask.run(FutureTask.java:266)
	at java.util.concurrent.Executors$RunnableAdapter.call(Executors.java:511)
	at java.util.concurrent.FutureTask.run(FutureTask.java:266)
	at java.util.concurrent.ThreadPoolExecutor.runWorker(ThreadPoolExecutor.java:1149)
	at java.util.concurrent.ThreadPoolExecutor$Worker.run(ThreadPoolExecutor.java:624)
	... 1 more
Caused by: org.apache.ratis.thirdparty.io.netty.channel.AbstractChannel$AnnotatedConnectException: Connection refused: /192.168.157.251:42113
	at sun.nio.ch.SocketChannelImpl.checkConnect(Native Method)
	at sun.nio.ch.SocketChannelImpl.finishConnect(SocketChannelImpl.java:717)
	at org.apache.ratis.thirdparty.io.netty.channel.socket.nio.NioSocketChannel.doFinishConnect(NioSocketChannel.java:327)
	at org.apache.ratis.thirdparty.io.netty.channel.nio.AbstractNioChannel$AbstractNioUnsafe.finishConnect(AbstractNioChannel.java:340)
	at org.apache.ratis.thirdparty.io.netty.channel.nio.NioEventLoop.processSelectedKey(NioEventLoop.java:632)
	at org.apache.ratis.thirdparty.io.netty.channel.nio.NioEventLoop.processSelectedKeysOptimized(NioEventLoop.java:579)
	at org.apache.ratis.thirdparty.io.netty.channel.nio.NioEventLoop.processSelectedKeys(NioEventLoop.java:496)
	at org.apache.ratis.thirdparty.io.netty.channel.nio.NioEventLoop.run(NioEventLoop.java:458)
	at org.apache.ratis.thirdparty.io.netty.util.concurrent.SingleThreadEventExecutor$5.run(SingleThreadEventExecutor.java:897)
	at org.apache.ratis.thirdparty.io.netty.util.concurrent.FastThreadLocalRunnable.run(FastThreadLocalRunnable.java:30)
	... 1 more
Caused by: java.net.ConnectException: Connection refused
	... 11 more
2019-10-17 18:51:19,312 [a5e79c22-a35f-4e50-b1fd-e91b6a93d74d@group-F775CA5912AC-LeaderElection402] INFO  impl.RaftServerImpl (RaftServerImpl.java:setRole(184)) - a5e79c22-a35f-4e50-b1fd-e91b6a93d74d@group-F775CA5912AC: changes role from CANDIDATE to FOLLOWER at term 239 for DISCOVERED_A_NEW_TERM
2019-10-17 18:51:19,312 [a5e79c22-a35f-4e50-b1fd-e91b6a93d74d@group-F775CA5912AC-LeaderElection402] INFO  impl.RoleInfo (RoleInfo.java:shutdownLeaderElection(134)) - a5e79c22-a35f-4e50-b1fd-e91b6a93d74d: shutdown LeaderElection
2019-10-17 18:51:19,312 [a5e79c22-a35f-4e50-b1fd-e91b6a93d74d@group-F775CA5912AC-LeaderElection402] INFO  impl.RoleInfo (RoleInfo.java:updateAndGet(143)) - a5e79c22-a35f-4e50-b1fd-e91b6a93d74d: start FollowerState
2019-10-17 18:51:19,365 [java.util.concurrent.ThreadPoolExecutor$Worker@5bc0d76f[State = -1, empty queue]] WARN  server.GrpcLogAppender (GrpcLogAppender.java:timeoutAppendRequest(209)) - 8f4f8799-ef18-41e5-9bb8-2f724208e999@group-9D6F8169C5E6->0fe4833c-4439-4309-b94b-508419b07a37-GrpcLogAppender: appendEntries Timeout, request=8f4f8799-ef18-41e5-9bb8-2f724208e999->0fe4833c-4439-4309-b94b-508419b07a37#80-t7, previous=(t:7, i:19), leaderCommit=19, initializing? false, entries: <empty>
2019-10-17 18:51:19,377 [Thread-3153] INFO  impl.FollowerState (FollowerState.java:run(108)) - a5e79c22-a35f-4e50-b1fd-e91b6a93d74d@group-F775CA5912AC-FollowerState: change to CANDIDATE, lastRpcTime:64ms, electionTimeout:64ms
2019-10-17 18:51:19,377 [Thread-3153] INFO  impl.RoleInfo (RoleInfo.java:shutdownFollowerState(121)) - a5e79c22-a35f-4e50-b1fd-e91b6a93d74d: shutdown FollowerState
2019-10-17 18:51:19,377 [Thread-3153] INFO  impl.RaftServerImpl (RaftServerImpl.java:setRole(184)) - a5e79c22-a35f-4e50-b1fd-e91b6a93d74d@group-F775CA5912AC: changes role from  FOLLOWER to CANDIDATE at term 239 for changeToCandidate
2019-10-17 18:51:19,377 [Thread-3153] INFO  impl.RoleInfo (RoleInfo.java:updateAndGet(143)) - a5e79c22-a35f-4e50-b1fd-e91b6a93d74d: start LeaderElection
2019-10-17 18:51:19,417 [a5e79c22-a35f-4e50-b1fd-e91b6a93d74d@group-F775CA5912AC-LeaderElection403] INFO  impl.LeaderElection (LeaderElection.java:askForVotes(178)) - a5e79c22-a35f-4e50-b1fd-e91b6a93d74d@group-F775CA5912AC-LeaderElection403: begin an election at term 240 for -1: [a5e79c22-a35f-4e50-b1fd-e91b6a93d74d:192.168.157.251:45177, daae7813-f814-475d-9647-a302a5541e36:192.168.157.251:45025, 1e4e1375-1b66-460f-8c99-4c341545a119:192.168.157.251:42113], old=null
2019-10-17 18:51:19,418 [a5e79c22-a35f-4e50-b1fd-e91b6a93d74d@group-F775CA5912AC-LeaderElection403] INFO  impl.LeaderElection (LogUtils.java:infoOrTrace(149)) - a5e79c22-a35f-4e50-b1fd-e91b6a93d74d@group-F775CA5912AC-LeaderElection403 got exception when requesting votes: {}
java.util.concurrent.ExecutionException: org.apache.ratis.thirdparty.io.grpc.StatusRuntimeException: UNAVAILABLE: io exception
	at java.util.concurrent.FutureTask.report(FutureTask.java:122)
	at java.util.concurrent.FutureTask.get(FutureTask.java:192)
	at org.apache.ratis.server.impl.LeaderElection.waitForResults(LeaderElection.java:259)
	at org.apache.ratis.server.impl.LeaderElection.askForVotes(LeaderElection.java:197)
	at org.apache.ratis.server.impl.LeaderElection.run(LeaderElection.java:133)
	at java.lang.Thread.run(Thread.java:748)
Caused by: org.apache.ratis.thirdparty.io.grpc.StatusRuntimeException: UNAVAILABLE: io exception
	at org.apache.ratis.thirdparty.io.grpc.stub.ClientCalls.toStatusRuntimeException(ClientCalls.java:233)
	at org.apache.ratis.thirdparty.io.grpc.stub.ClientCalls.getUnchecked(ClientCalls.java:214)
	at org.apache.ratis.thirdparty.io.grpc.stub.ClientCalls.blockingUnaryCall(ClientCalls.java:139)
	at org.apache.ratis.proto.grpc.RaftServerProtocolServiceGrpc$RaftServerProtocolServiceBlockingStub.requestVote(RaftServerProtocolServiceGrpc.java:265)
	at org.apache.ratis.grpc.server.GrpcServerProtocolClient.requestVote(GrpcServerProtocolClient.java:99)
	at org.apache.ratis.grpc.server.GrpcService.requestVote(GrpcService.java:204)
	at org.apache.ratis.server.impl.LeaderElection.lambda$submitRequests$1(LeaderElection.java:234)
	at java.util.concurrent.FutureTask.run(FutureTask.java:266)
	at java.util.concurrent.Executors$RunnableAdapter.call(Executors.java:511)
	at java.util.concurrent.FutureTask.run(FutureTask.java:266)
	at java.util.concurrent.ThreadPoolExecutor.runWorker(ThreadPoolExecutor.java:1149)
	at java.util.concurrent.ThreadPoolExecutor$Worker.run(ThreadPoolExecutor.java:624)
	... 1 more
Caused by: org.apache.ratis.thirdparty.io.netty.channel.AbstractChannel$AnnotatedConnectException: Connection refused: /192.168.157.251:42113
	at sun.nio.ch.SocketChannelImpl.checkConnect(Native Method)
	at sun.nio.ch.SocketChannelImpl.finishConnect(SocketChannelImpl.java:717)
	at org.apache.ratis.thirdparty.io.netty.channel.socket.nio.NioSocketChannel.doFinishConnect(NioSocketChannel.java:327)
	at org.apache.ratis.thirdparty.io.netty.channel.nio.AbstractNioChannel$AbstractNioUnsafe.finishConnect(AbstractNioChannel.java:340)
	at org.apache.ratis.thirdparty.io.netty.channel.nio.NioEventLoop.processSelectedKey(NioEventLoop.java:632)
	at org.apache.ratis.thirdparty.io.netty.channel.nio.NioEventLoop.processSelectedKeysOptimized(NioEventLoop.java:579)
	at org.apache.ratis.thirdparty.io.netty.channel.nio.NioEventLoop.processSelectedKeys(NioEventLoop.java:496)
	at org.apache.ratis.thirdparty.io.netty.channel.nio.NioEventLoop.run(NioEventLoop.java:458)
	at org.apache.ratis.thirdparty.io.netty.util.concurrent.SingleThreadEventExecutor$5.run(SingleThreadEventExecutor.java:897)
	at org.apache.ratis.thirdparty.io.netty.util.concurrent.FastThreadLocalRunnable.run(FastThreadLocalRunnable.java:30)
	... 1 more
Caused by: java.net.ConnectException: Connection refused
	... 11 more
2019-10-17 18:51:19,419 [grpc-default-executor-5] INFO  impl.RaftServerImpl (RaftServerImpl.java:setRole(184)) - daae7813-f814-475d-9647-a302a5541e36@group-F775CA5912AC: changes role from  FOLLOWER to FOLLOWER at term 240 for recognizeCandidate:a5e79c22-a35f-4e50-b1fd-e91b6a93d74d
2019-10-17 18:51:19,419 [grpc-default-executor-5] INFO  impl.RoleInfo (RoleInfo.java:shutdownFollowerState(121)) - daae7813-f814-475d-9647-a302a5541e36: shutdown FollowerState
2019-10-17 18:51:19,419 [grpc-default-executor-5] INFO  impl.RoleInfo (RoleInfo.java:updateAndGet(143)) - daae7813-f814-475d-9647-a302a5541e36: start FollowerState
2019-10-17 18:51:19,419 [Thread-3152] INFO  impl.FollowerState (FollowerState.java:run(117)) - daae7813-f814-475d-9647-a302a5541e36@group-F775CA5912AC-FollowerState was interrupted: java.lang.InterruptedException: sleep interrupted
2019-10-17 18:51:19,456 [a5e79c22-a35f-4e50-b1fd-e91b6a93d74d@group-F775CA5912AC-LeaderElection403] INFO  impl.LeaderElection (LeaderElection.java:logAndReturn(56)) - a5e79c22-a35f-4e50-b1fd-e91b6a93d74d@group-F775CA5912AC-LeaderElection403: Election REJECTED; received 1 response(s) [a5e79c22-a35f-4e50-b1fd-e91b6a93d74d<-daae7813-f814-475d-9647-a302a5541e36#0:FAIL-t240] and 1 exception(s); a5e79c22-a35f-4e50-b1fd-e91b6a93d74d@group-F775CA5912AC:t240, leader=null, voted=a5e79c22-a35f-4e50-b1fd-e91b6a93d74d, raftlog=a5e79c22-a35f-4e50-b1fd-e91b6a93d74d@group-F775CA5912AC-SegmentedRaftLog:OPENED:c-1,f-1,i0, conf=-1: [a5e79c22-a35f-4e50-b1fd-e91b6a93d74d:192.168.157.251:45177, daae7813-f814-475d-9647-a302a5541e36:192.168.157.251:45025, 1e4e1375-1b66-460f-8c99-4c341545a119:192.168.157.251:42113], old=null
2019-10-17 18:51:19,456 [a5e79c22-a35f-4e50-b1fd-e91b6a93d74d@group-F775CA5912AC-LeaderElection403] INFO  impl.LeaderElection (LogUtils.java:infoOrTrace(149)) -   Exception 0: {}
java.util.concurrent.ExecutionException: org.apache.ratis.thirdparty.io.grpc.StatusRuntimeException: UNAVAILABLE: io exception
	at java.util.concurrent.FutureTask.report(FutureTask.java:122)
	at java.util.concurrent.FutureTask.get(FutureTask.java:192)
	at org.apache.ratis.server.impl.LeaderElection.waitForResults(LeaderElection.java:259)
	at org.apache.ratis.server.impl.LeaderElection.askForVotes(LeaderElection.java:197)
	at org.apache.ratis.server.impl.LeaderElection.run(LeaderElection.java:133)
	at java.lang.Thread.run(Thread.java:748)
Caused by: org.apache.ratis.thirdparty.io.grpc.StatusRuntimeException: UNAVAILABLE: io exception
	at org.apache.ratis.thirdparty.io.grpc.stub.ClientCalls.toStatusRuntimeException(ClientCalls.java:233)
	at org.apache.ratis.thirdparty.io.grpc.stub.ClientCalls.getUnchecked(ClientCalls.java:214)
	at org.apache.ratis.thirdparty.io.grpc.stub.ClientCalls.blockingUnaryCall(ClientCalls.java:139)
	at org.apache.ratis.proto.grpc.RaftServerProtocolServiceGrpc$RaftServerProtocolServiceBlockingStub.requestVote(RaftServerProtocolServiceGrpc.java:265)
	at org.apache.ratis.grpc.server.GrpcServerProtocolClient.requestVote(GrpcServerProtocolClient.java:99)
	at org.apache.ratis.grpc.server.GrpcService.requestVote(GrpcService.java:204)
	at org.apache.ratis.server.impl.LeaderElection.lambda$submitRequests$1(LeaderElection.java:234)
	at java.util.concurrent.FutureTask.run(FutureTask.java:266)
	at java.util.concurrent.Executors$RunnableAdapter.call(Executors.java:511)
	at java.util.concurrent.FutureTask.run(FutureTask.java:266)
	at java.util.concurrent.ThreadPoolExecutor.runWorker(ThreadPoolExecutor.java:1149)
	at java.util.concurrent.ThreadPoolExecutor$Worker.run(ThreadPoolExecutor.java:624)
	... 1 more
Caused by: org.apache.ratis.thirdparty.io.netty.channel.AbstractChannel$AnnotatedConnectException: Connection refused: /192.168.157.251:42113
	at sun.nio.ch.SocketChannelImpl.checkConnect(Native Method)
	at sun.nio.ch.SocketChannelImpl.finishConnect(SocketChannelImpl.java:717)
	at org.apache.ratis.thirdparty.io.netty.channel.socket.nio.NioSocketChannel.doFinishConnect(NioSocketChannel.java:327)
	at org.apache.ratis.thirdparty.io.netty.channel.nio.AbstractNioChannel$AbstractNioUnsafe.finishConnect(AbstractNioChannel.java:340)
	at org.apache.ratis.thirdparty.io.netty.channel.nio.NioEventLoop.processSelectedKey(NioEventLoop.java:632)
	at org.apache.ratis.thirdparty.io.netty.channel.nio.NioEventLoop.processSelectedKeysOptimized(NioEventLoop.java:579)
	at org.apache.ratis.thirdparty.io.netty.channel.nio.NioEventLoop.processSelectedKeys(NioEventLoop.java:496)
	at org.apache.ratis.thirdparty.io.netty.channel.nio.NioEventLoop.run(NioEventLoop.java:458)
	at org.apache.ratis.thirdparty.io.netty.util.concurrent.SingleThreadEventExecutor$5.run(SingleThreadEventExecutor.java:897)
	at org.apache.ratis.thirdparty.io.netty.util.concurrent.FastThreadLocalRunnable.run(FastThreadLocalRunnable.java:30)
	... 1 more
Caused by: java.net.ConnectException: Connection refused
	... 11 more
2019-10-17 18:51:19,456 [a5e79c22-a35f-4e50-b1fd-e91b6a93d74d@group-F775CA5912AC-LeaderElection403] INFO  impl.RaftServerImpl (RaftServerImpl.java:setRole(184)) - a5e79c22-a35f-4e50-b1fd-e91b6a93d74d@group-F775CA5912AC: changes role from CANDIDATE to FOLLOWER at term 240 for DISCOVERED_A_NEW_TERM
2019-10-17 18:51:19,456 [a5e79c22-a35f-4e50-b1fd-e91b6a93d74d@group-F775CA5912AC-LeaderElection403] INFO  impl.RoleInfo (RoleInfo.java:shutdownLeaderElection(134)) - a5e79c22-a35f-4e50-b1fd-e91b6a93d74d: shutdown LeaderElection
2019-10-17 18:51:19,456 [a5e79c22-a35f-4e50-b1fd-e91b6a93d74d@group-F775CA5912AC-LeaderElection403] INFO  impl.RoleInfo (RoleInfo.java:updateAndGet(143)) - a5e79c22-a35f-4e50-b1fd-e91b6a93d74d: start FollowerState
2019-10-17 18:51:19,567 [Thread-3159] INFO  impl.FollowerState (FollowerState.java:run(108)) - a5e79c22-a35f-4e50-b1fd-e91b6a93d74d@group-F775CA5912AC-FollowerState: change to CANDIDATE, lastRpcTime:110ms, electionTimeout:110ms
2019-10-17 18:51:19,567 [Thread-3159] INFO  impl.RoleInfo (RoleInfo.java:shutdownFollowerState(121)) - a5e79c22-a35f-4e50-b1fd-e91b6a93d74d: shutdown FollowerState
2019-10-17 18:51:19,567 [Thread-3159] INFO  impl.RaftServerImpl (RaftServerImpl.java:setRole(184)) - a5e79c22-a35f-4e50-b1fd-e91b6a93d74d@group-F775CA5912AC: changes role from  FOLLOWER to CANDIDATE at term 240 for changeToCandidate
2019-10-17 18:51:19,567 [Thread-3159] INFO  impl.RoleInfo (RoleInfo.java:updateAndGet(143)) - a5e79c22-a35f-4e50-b1fd-e91b6a93d74d: start LeaderElection
2019-10-17 18:51:19,593 [a5e79c22-a35f-4e50-b1fd-e91b6a93d74d@group-F775CA5912AC-LeaderElection404] INFO  impl.LeaderElection (LeaderElection.java:askForVotes(178)) - a5e79c22-a35f-4e50-b1fd-e91b6a93d74d@group-F775CA5912AC-LeaderElection404: begin an election at term 241 for -1: [a5e79c22-a35f-4e50-b1fd-e91b6a93d74d:192.168.157.251:45177, daae7813-f814-475d-9647-a302a5541e36:192.168.157.251:45025, 1e4e1375-1b66-460f-8c99-4c341545a119:192.168.157.251:42113], old=null
2019-10-17 18:51:19,594 [a5e79c22-a35f-4e50-b1fd-e91b6a93d74d@group-F775CA5912AC-LeaderElection404] INFO  impl.LeaderElection (LogUtils.java:infoOrTrace(149)) - a5e79c22-a35f-4e50-b1fd-e91b6a93d74d@group-F775CA5912AC-LeaderElection404 got exception when requesting votes: {}
java.util.concurrent.ExecutionException: org.apache.ratis.thirdparty.io.grpc.StatusRuntimeException: UNAVAILABLE: io exception
	at java.util.concurrent.FutureTask.report(FutureTask.java:122)
	at java.util.concurrent.FutureTask.get(FutureTask.java:192)
	at org.apache.ratis.server.impl.LeaderElection.waitForResults(LeaderElection.java:259)
	at org.apache.ratis.server.impl.LeaderElection.askForVotes(LeaderElection.java:197)
	at org.apache.ratis.server.impl.LeaderElection.run(LeaderElection.java:133)
	at java.lang.Thread.run(Thread.java:748)
Caused by: org.apache.ratis.thirdparty.io.grpc.StatusRuntimeException: UNAVAILABLE: io exception
	at org.apache.ratis.thirdparty.io.grpc.stub.ClientCalls.toStatusRuntimeException(ClientCalls.java:233)
	at org.apache.ratis.thirdparty.io.grpc.stub.ClientCalls.getUnchecked(ClientCalls.java:214)
	at org.apache.ratis.thirdparty.io.grpc.stub.ClientCalls.blockingUnaryCall(ClientCalls.java:139)
	at org.apache.ratis.proto.grpc.RaftServerProtocolServiceGrpc$RaftServerProtocolServiceBlockingStub.requestVote(RaftServerProtocolServiceGrpc.java:265)
	at org.apache.ratis.grpc.server.GrpcServerProtocolClient.requestVote(GrpcServerProtocolClient.java:99)
	at org.apache.ratis.grpc.server.GrpcService.requestVote(GrpcService.java:204)
	at org.apache.ratis.server.impl.LeaderElection.lambda$submitRequests$1(LeaderElection.java:234)
	at java.util.concurrent.FutureTask.run(FutureTask.java:266)
	at java.util.concurrent.Executors$RunnableAdapter.call(Executors.java:511)
	at java.util.concurrent.FutureTask.run(FutureTask.java:266)
	at java.util.concurrent.ThreadPoolExecutor.runWorker(ThreadPoolExecutor.java:1149)
	at java.util.concurrent.ThreadPoolExecutor$Worker.run(ThreadPoolExecutor.java:624)
	... 1 more
Caused by: org.apache.ratis.thirdparty.io.netty.channel.AbstractChannel$AnnotatedConnectException: Connection refused: /192.168.157.251:42113
	at sun.nio.ch.SocketChannelImpl.checkConnect(Native Method)
	at sun.nio.ch.SocketChannelImpl.finishConnect(SocketChannelImpl.java:717)
	at org.apache.ratis.thirdparty.io.netty.channel.socket.nio.NioSocketChannel.doFinishConnect(NioSocketChannel.java:327)
	at org.apache.ratis.thirdparty.io.netty.channel.nio.AbstractNioChannel$AbstractNioUnsafe.finishConnect(AbstractNioChannel.java:340)
	at org.apache.ratis.thirdparty.io.netty.channel.nio.NioEventLoop.processSelectedKey(NioEventLoop.java:632)
	at org.apache.ratis.thirdparty.io.netty.channel.nio.NioEventLoop.processSelectedKeysOptimized(NioEventLoop.java:579)
	at org.apache.ratis.thirdparty.io.netty.channel.nio.NioEventLoop.processSelectedKeys(NioEventLoop.java:496)
	at org.apache.ratis.thirdparty.io.netty.channel.nio.NioEventLoop.run(NioEventLoop.java:458)
	at org.apache.ratis.thirdparty.io.netty.util.concurrent.SingleThreadEventExecutor$5.run(SingleThreadEventExecutor.java:897)
	at org.apache.ratis.thirdparty.io.netty.util.concurrent.FastThreadLocalRunnable.run(FastThreadLocalRunnable.java:30)
	... 1 more
Caused by: java.net.ConnectException: Connection refused
	... 11 more
2019-10-17 18:51:19,595 [grpc-default-executor-5] INFO  impl.RaftServerImpl (RaftServerImpl.java:setRole(184)) - daae7813-f814-475d-9647-a302a5541e36@group-F775CA5912AC: changes role from  FOLLOWER to FOLLOWER at term 241 for recognizeCandidate:a5e79c22-a35f-4e50-b1fd-e91b6a93d74d
2019-10-17 18:51:19,595 [grpc-default-executor-5] INFO  impl.RoleInfo (RoleInfo.java:shutdownFollowerState(121)) - daae7813-f814-475d-9647-a302a5541e36: shutdown FollowerState
2019-10-17 18:51:19,595 [grpc-default-executor-5] INFO  impl.RoleInfo (RoleInfo.java:updateAndGet(143)) - daae7813-f814-475d-9647-a302a5541e36: start FollowerState
2019-10-17 18:51:19,595 [Thread-3158] INFO  impl.FollowerState (FollowerState.java:run(117)) - daae7813-f814-475d-9647-a302a5541e36@group-F775CA5912AC-FollowerState was interrupted: java.lang.InterruptedException: sleep interrupted
2019-10-17 18:51:19,676 [a5e79c22-a35f-4e50-b1fd-e91b6a93d74d@group-F775CA5912AC-LeaderElection404] INFO  impl.LeaderElection (LeaderElection.java:logAndReturn(56)) - a5e79c22-a35f-4e50-b1fd-e91b6a93d74d@group-F775CA5912AC-LeaderElection404: Election REJECTED; received 1 response(s) [a5e79c22-a35f-4e50-b1fd-e91b6a93d74d<-daae7813-f814-475d-9647-a302a5541e36#0:FAIL-t241] and 1 exception(s); a5e79c22-a35f-4e50-b1fd-e91b6a93d74d@group-F775CA5912AC:t241, leader=null, voted=a5e79c22-a35f-4e50-b1fd-e91b6a93d74d, raftlog=a5e79c22-a35f-4e50-b1fd-e91b6a93d74d@group-F775CA5912AC-SegmentedRaftLog:OPENED:c-1,f-1,i0, conf=-1: [a5e79c22-a35f-4e50-b1fd-e91b6a93d74d:192.168.157.251:45177, daae7813-f814-475d-9647-a302a5541e36:192.168.157.251:45025, 1e4e1375-1b66-460f-8c99-4c341545a119:192.168.157.251:42113], old=null
2019-10-17 18:51:19,676 [a5e79c22-a35f-4e50-b1fd-e91b6a93d74d@group-F775CA5912AC-LeaderElection404] INFO  impl.LeaderElection (LogUtils.java:infoOrTrace(149)) -   Exception 0: {}
java.util.concurrent.ExecutionException: org.apache.ratis.thirdparty.io.grpc.StatusRuntimeException: UNAVAILABLE: io exception
	at java.util.concurrent.FutureTask.report(FutureTask.java:122)
	at java.util.concurrent.FutureTask.get(FutureTask.java:192)
	at org.apache.ratis.server.impl.LeaderElection.waitForResults(LeaderElection.java:259)
	at org.apache.ratis.server.impl.LeaderElection.askForVotes(LeaderElection.java:197)
	at org.apache.ratis.server.impl.LeaderElection.run(LeaderElection.java:133)
	at java.lang.Thread.run(Thread.java:748)
Caused by: org.apache.ratis.thirdparty.io.grpc.StatusRuntimeException: UNAVAILABLE: io exception
	at org.apache.ratis.thirdparty.io.grpc.stub.ClientCalls.toStatusRuntimeException(ClientCalls.java:233)
	at org.apache.ratis.thirdparty.io.grpc.stub.ClientCalls.getUnchecked(ClientCalls.java:214)
	at org.apache.ratis.thirdparty.io.grpc.stub.ClientCalls.blockingUnaryCall(ClientCalls.java:139)
	at org.apache.ratis.proto.grpc.RaftServerProtocolServiceGrpc$RaftServerProtocolServiceBlockingStub.requestVote(RaftServerProtocolServiceGrpc.java:265)
	at org.apache.ratis.grpc.server.GrpcServerProtocolClient.requestVote(GrpcServerProtocolClient.java:99)
	at org.apache.ratis.grpc.server.GrpcService.requestVote(GrpcService.java:204)
	at org.apache.ratis.server.impl.LeaderElection.lambda$submitRequests$1(LeaderElection.java:234)
	at java.util.concurrent.FutureTask.run(FutureTask.java:266)
	at java.util.concurrent.Executors$RunnableAdapter.call(Executors.java:511)
	at java.util.concurrent.FutureTask.run(FutureTask.java:266)
	at java.util.concurrent.ThreadPoolExecutor.runWorker(ThreadPoolExecutor.java:1149)
	at java.util.concurrent.ThreadPoolExecutor$Worker.run(ThreadPoolExecutor.java:624)
	... 1 more
Caused by: org.apache.ratis.thirdparty.io.netty.channel.AbstractChannel$AnnotatedConnectException: Connection refused: /192.168.157.251:42113
	at sun.nio.ch.SocketChannelImpl.checkConnect(Native Method)
	at sun.nio.ch.SocketChannelImpl.finishConnect(SocketChannelImpl.java:717)
	at org.apache.ratis.thirdparty.io.netty.channel.socket.nio.NioSocketChannel.doFinishConnect(NioSocketChannel.java:327)
	at org.apache.ratis.thirdparty.io.netty.channel.nio.AbstractNioChannel$AbstractNioUnsafe.finishConnect(AbstractNioChannel.java:340)
	at org.apache.ratis.thirdparty.io.netty.channel.nio.NioEventLoop.processSelectedKey(NioEventLoop.java:632)
	at org.apache.ratis.thirdparty.io.netty.channel.nio.NioEventLoop.processSelectedKeysOptimized(NioEventLoop.java:579)
	at org.apache.ratis.thirdparty.io.netty.channel.nio.NioEventLoop.processSelectedKeys(NioEventLoop.java:496)
	at org.apache.ratis.thirdparty.io.netty.channel.nio.NioEventLoop.run(NioEventLoop.java:458)
	at org.apache.ratis.thirdparty.io.netty.util.concurrent.SingleThreadEventExecutor$5.run(SingleThreadEventExecutor.java:897)
	at org.apache.ratis.thirdparty.io.netty.util.concurrent.FastThreadLocalRunnable.run(FastThreadLocalRunnable.java:30)
	... 1 more
Caused by: java.net.ConnectException: Connection refused
	... 11 more
2019-10-17 18:51:19,676 [a5e79c22-a35f-4e50-b1fd-e91b6a93d74d@group-F775CA5912AC-LeaderElection404] INFO  impl.RaftServerImpl (RaftServerImpl.java:setRole(184)) - a5e79c22-a35f-4e50-b1fd-e91b6a93d74d@group-F775CA5912AC: changes role from CANDIDATE to FOLLOWER at term 241 for DISCOVERED_A_NEW_TERM
2019-10-17 18:51:19,676 [a5e79c22-a35f-4e50-b1fd-e91b6a93d74d@group-F775CA5912AC-LeaderElection404] INFO  impl.RoleInfo (RoleInfo.java:shutdownLeaderElection(134)) - a5e79c22-a35f-4e50-b1fd-e91b6a93d74d: shutdown LeaderElection
2019-10-17 18:51:19,677 [a5e79c22-a35f-4e50-b1fd-e91b6a93d74d@group-F775CA5912AC-LeaderElection404] INFO  impl.RoleInfo (RoleInfo.java:updateAndGet(143)) - a5e79c22-a35f-4e50-b1fd-e91b6a93d74d: start FollowerState
2019-10-17 18:51:19,754 [Thread-3127] INFO  impl.FollowerState (FollowerState.java:run(108)) - b8f04e38-0663-4b1f-8efd-f76585c6e86c@group-5F52F902B742-FollowerState: change to CANDIDATE, lastRpcTime:1103ms, electionTimeout:1103ms
2019-10-17 18:51:19,754 [Thread-3127] INFO  impl.RoleInfo (RoleInfo.java:shutdownFollowerState(121)) - b8f04e38-0663-4b1f-8efd-f76585c6e86c: shutdown FollowerState
2019-10-17 18:51:19,754 [Thread-3127] INFO  impl.RaftServerImpl (RaftServerImpl.java:setRole(184)) - b8f04e38-0663-4b1f-8efd-f76585c6e86c@group-5F52F902B742: changes role from  FOLLOWER to CANDIDATE at term 203 for changeToCandidate
2019-10-17 18:51:19,754 [Thread-3127] INFO  impl.RoleInfo (RoleInfo.java:updateAndGet(143)) - b8f04e38-0663-4b1f-8efd-f76585c6e86c: start LeaderElection
2019-10-17 18:51:19,783 [Thread-3164] INFO  impl.FollowerState (FollowerState.java:run(108)) - a5e79c22-a35f-4e50-b1fd-e91b6a93d74d@group-F775CA5912AC-FollowerState: change to CANDIDATE, lastRpcTime:106ms, electionTimeout:106ms
2019-10-17 18:51:19,783 [Thread-3164] INFO  impl.RoleInfo (RoleInfo.java:shutdownFollowerState(121)) - a5e79c22-a35f-4e50-b1fd-e91b6a93d74d: shutdown FollowerState
2019-10-17 18:51:19,783 [Thread-3164] INFO  impl.RaftServerImpl (RaftServerImpl.java:setRole(184)) - a5e79c22-a35f-4e50-b1fd-e91b6a93d74d@group-F775CA5912AC: changes role from  FOLLOWER to CANDIDATE at term 241 for changeToCandidate
2019-10-17 18:51:19,783 [Thread-3164] INFO  impl.RoleInfo (RoleInfo.java:updateAndGet(143)) - a5e79c22-a35f-4e50-b1fd-e91b6a93d74d: start LeaderElection
2019-10-17 18:51:19,865 [java.util.concurrent.ThreadPoolExecutor$Worker@5bc0d76f[State = -1, empty queue]] WARN  server.GrpcLogAppender (GrpcLogAppender.java:timeoutAppendRequest(209)) - 8f4f8799-ef18-41e5-9bb8-2f724208e999@group-9D6F8169C5E6->0fe4833c-4439-4309-b94b-508419b07a37-GrpcLogAppender: appendEntries Timeout, request=8f4f8799-ef18-41e5-9bb8-2f724208e999->0fe4833c-4439-4309-b94b-508419b07a37#81-t7, previous=(t:7, i:19), leaderCommit=19, initializing? false, entries: <empty>
2019-10-17 18:51:20,365 [java.util.concurrent.ThreadPoolExecutor$Worker@5bc0d76f[State = -1, empty queue]] WARN  server.GrpcLogAppender (GrpcLogAppender.java:timeoutAppendRequest(209)) - 8f4f8799-ef18-41e5-9bb8-2f724208e999@group-9D6F8169C5E6->0fe4833c-4439-4309-b94b-508419b07a37-GrpcLogAppender: appendEntries Timeout, request=8f4f8799-ef18-41e5-9bb8-2f724208e999->0fe4833c-4439-4309-b94b-508419b07a37#82-t7, previous=(t:7, i:19), leaderCommit=19, initializing? false, entries: <empty>
2019-10-17 18:51:20,374 [ForkJoinPool.commonPool-worker-0] INFO  ozoneimpl.OzoneContainer (OzoneContainer.java:stop(227)) - Attempting to stop container services.
2019-10-17 18:51:20,375 [ForkJoinPool.commonPool-worker-0] INFO  impl.RaftServerProxy (RaftServerProxy.java:lambda$close$4(314)) - de8c9e34-1a4b-4ad8-952a-c65e9c1604e8: close
2019-10-17 18:51:20,375 [ForkJoinPool.commonPool-worker-0] INFO  impl.RaftServerImpl (RaftServerImpl.java:lambda$shutdown$3(261)) - de8c9e34-1a4b-4ad8-952a-c65e9c1604e8@group-67FC4C2E9854: shutdown
2019-10-17 18:51:20,376 [ForkJoinPool.commonPool-worker-0] INFO  util.JmxRegister (JmxRegister.java:unregister(73)) - Successfully un-registered JMX Bean with object name Ratis:service=RaftServer,group=group-67FC4C2E9854,id=de8c9e34-1a4b-4ad8-952a-c65e9c1604e8
2019-10-17 18:51:20,376 [ForkJoinPool.commonPool-worker-0] INFO  impl.RoleInfo (RoleInfo.java:shutdownLeaderState(104)) - de8c9e34-1a4b-4ad8-952a-c65e9c1604e8: shutdown LeaderState
2019-10-17 18:51:20,376 [ForkJoinPool.commonPool-worker-0] INFO  impl.PendingRequests (PendingRequests.java:sendNotLeaderResponses(202)) - de8c9e34-1a4b-4ad8-952a-c65e9c1604e8@group-67FC4C2E9854-PendingRequests: sendNotLeaderResponses
2019-10-17 18:51:20,377 [ForkJoinPool.commonPool-worker-0] INFO  impl.StateMachineUpdater (StateMachineUpdater.java:stopAndJoin(136)) - de8c9e34-1a4b-4ad8-952a-c65e9c1604e8@group-67FC4C2E9854-StateMachineUpdater: set stopIndex = 0
2019-10-17 18:51:20,378 [ForkJoinPool.commonPool-worker-0] INFO  impl.RaftServerImpl (ServerState.java:close(388)) - de8c9e34-1a4b-4ad8-952a-c65e9c1604e8@group-67FC4C2E9854: closes. applyIndex: 0
2019-10-17 18:51:20,378 [de8c9e34-1a4b-4ad8-952a-c65e9c1604e8@group-67FC4C2E9854-SegmentedRaftLogWorker] INFO  segmented.SegmentedRaftLogWorker (SegmentedRaftLogWorker.java:run(316)) - de8c9e34-1a4b-4ad8-952a-c65e9c1604e8@group-67FC4C2E9854-SegmentedRaftLogWorker was interrupted, exiting. There are 0 tasks remaining in the queue.
2019-10-17 18:51:20,381 [ForkJoinPool.commonPool-worker-0] INFO  segmented.SegmentedRaftLogWorker (SegmentedRaftLogWorker.java:close(224)) - de8c9e34-1a4b-4ad8-952a-c65e9c1604e8@group-67FC4C2E9854-SegmentedRaftLogWorker close()
2019-10-17 18:51:20,385 [ForkJoinPool.commonPool-worker-0] INFO  impl.RaftServerImpl (RaftServerImpl.java:lambda$shutdown$3(261)) - de8c9e34-1a4b-4ad8-952a-c65e9c1604e8@group-9D6F8169C5E6: shutdown
2019-10-17 18:51:20,385 [ForkJoinPool.commonPool-worker-0] INFO  util.JmxRegister (JmxRegister.java:unregister(73)) - Successfully un-registered JMX Bean with object name Ratis:service=RaftServer,group=group-9D6F8169C5E6,id=de8c9e34-1a4b-4ad8-952a-c65e9c1604e8
2019-10-17 18:51:20,386 [ForkJoinPool.commonPool-worker-0] INFO  impl.RoleInfo (RoleInfo.java:shutdownFollowerState(121)) - de8c9e34-1a4b-4ad8-952a-c65e9c1604e8: shutdown FollowerState
2019-10-17 18:51:20,386 [ForkJoinPool.commonPool-worker-0] INFO  impl.StateMachineUpdater (StateMachineUpdater.java:stopAndJoin(136)) - de8c9e34-1a4b-4ad8-952a-c65e9c1604e8@group-9D6F8169C5E6-StateMachineUpdater: set stopIndex = 19
2019-10-17 18:51:20,386 [de8c9e34-1a4b-4ad8-952a-c65e9c1604e8@group-9D6F8169C5E6-StateMachineUpdater] INFO  ratis.ContainerStateMachine (ContainerStateMachine.java:takeSnapshot(294)) - group-9D6F8169C5E6: Taking a snapshot at:(t:7, i:19) file /workdir/hadoop-ozone/integration-test/target/test-dir/MiniOzoneClusterImpl-1add80d3-0bcb-487c-a891-e654dcc55690/datanode-4/data/ratis/975d0cea-1227-4002-9576-9d6f8169c5e6/sm/snapshot.7_19
2019-10-17 18:51:20,386 [Thread-471] INFO  impl.FollowerState (FollowerState.java:run(117)) - de8c9e34-1a4b-4ad8-952a-c65e9c1604e8@group-9D6F8169C5E6-FollowerState was interrupted: java.lang.InterruptedException: sleep interrupted
2019-10-17 18:51:20,394 [a5e79c22-a35f-4e50-b1fd-e91b6a93d74d@group-F775CA5912AC-LeaderElection406] INFO  impl.LeaderElection (LeaderElection.java:askForVotes(178)) - a5e79c22-a35f-4e50-b1fd-e91b6a93d74d@group-F775CA5912AC-LeaderElection406: begin an election at term 242 for -1: [a5e79c22-a35f-4e50-b1fd-e91b6a93d74d:192.168.157.251:45177, daae7813-f814-475d-9647-a302a5541e36:192.168.157.251:45025, 1e4e1375-1b66-460f-8c99-4c341545a119:192.168.157.251:42113], old=null
2019-10-17 18:51:20,394 [b8f04e38-0663-4b1f-8efd-f76585c6e86c@group-5F52F902B742-LeaderElection405] INFO  impl.LeaderElection (LeaderElection.java:askForVotes(178)) - b8f04e38-0663-4b1f-8efd-f76585c6e86c@group-5F52F902B742-LeaderElection405: begin an election at term 204 for 0: [b8f04e38-0663-4b1f-8efd-f76585c6e86c:192.168.157.251:35700, abcd8826-c056-4817-bd0f-7af19a46d814:192.168.157.251:46496, 73297ffa-40cb-4e3e-b33e-1bc2c1da60f5:192.168.157.251:32952], old=null
2019-10-17 18:51:20,395 [b8f04e38-0663-4b1f-8efd-f76585c6e86c@group-5F52F902B742-LeaderElection405] INFO  impl.LeaderElection (LogUtils.java:infoOrTrace(149)) - b8f04e38-0663-4b1f-8efd-f76585c6e86c@group-5F52F902B742-LeaderElection405 got exception when requesting votes: {}
java.util.concurrent.ExecutionException: org.apache.ratis.thirdparty.io.grpc.StatusRuntimeException: UNAVAILABLE: io exception
	at java.util.concurrent.FutureTask.report(FutureTask.java:122)
	at java.util.concurrent.FutureTask.get(FutureTask.java:192)
	at org.apache.ratis.server.impl.LeaderElection.waitForResults(LeaderElection.java:259)
	at org.apache.ratis.server.impl.LeaderElection.askForVotes(LeaderElection.java:197)
	at org.apache.ratis.server.impl.LeaderElection.run(LeaderElection.java:133)
	at java.lang.Thread.run(Thread.java:748)
Caused by: org.apache.ratis.thirdparty.io.grpc.StatusRuntimeException: UNAVAILABLE: io exception
	at org.apache.ratis.thirdparty.io.grpc.stub.ClientCalls.toStatusRuntimeException(ClientCalls.java:233)
	at org.apache.ratis.thirdparty.io.grpc.stub.ClientCalls.getUnchecked(ClientCalls.java:214)
	at org.apache.ratis.thirdparty.io.grpc.stub.ClientCalls.blockingUnaryCall(ClientCalls.java:139)
	at org.apache.ratis.proto.grpc.RaftServerProtocolServiceGrpc$RaftServerProtocolServiceBlockingStub.requestVote(RaftServerProtocolServiceGrpc.java:265)
	at org.apache.ratis.grpc.server.GrpcServerProtocolClient.requestVote(GrpcServerProtocolClient.java:99)
	at org.apache.ratis.grpc.server.GrpcService.requestVote(GrpcService.java:204)
	at org.apache.ratis.server.impl.LeaderElection.lambda$submitRequests$1(LeaderElection.java:234)
	at java.util.concurrent.FutureTask.run(FutureTask.java:266)
	at java.util.concurrent.Executors$RunnableAdapter.call(Executors.java:511)
	at java.util.concurrent.FutureTask.run(FutureTask.java:266)
	at java.util.concurrent.ThreadPoolExecutor.runWorker(ThreadPoolExecutor.java:1149)
	at java.util.concurrent.ThreadPoolExecutor$Worker.run(ThreadPoolExecutor.java:624)
	... 1 more
Caused by: org.apache.ratis.thirdparty.io.netty.channel.AbstractChannel$AnnotatedConnectException: Connection refused: /192.168.157.251:46496
	at sun.nio.ch.SocketChannelImpl.checkConnect(Native Method)
	at sun.nio.ch.SocketChannelImpl.finishConnect(SocketChannelImpl.java:717)
	at org.apache.ratis.thirdparty.io.netty.channel.socket.nio.NioSocketChannel.doFinishConnect(NioSocketChannel.java:327)
	at org.apache.ratis.thirdparty.io.netty.channel.nio.AbstractNioChannel$AbstractNioUnsafe.finishConnect(AbstractNioChannel.java:340)
	at org.apache.ratis.thirdparty.io.netty.channel.nio.NioEventLoop.processSelectedKey(NioEventLoop.java:632)
	at org.apache.ratis.thirdparty.io.netty.channel.nio.NioEventLoop.processSelectedKeysOptimized(NioEventLoop.java:579)
	at org.apache.ratis.thirdparty.io.netty.channel.nio.NioEventLoop.processSelectedKeys(NioEventLoop.java:496)
	at org.apache.ratis.thirdparty.io.netty.channel.nio.NioEventLoop.run(NioEventLoop.java:458)
	at org.apache.ratis.thirdparty.io.netty.util.concurrent.SingleThreadEventExecutor$5.run(SingleThreadEventExecutor.java:897)
	at org.apache.ratis.thirdparty.io.netty.util.concurrent.FastThreadLocalRunnable.run(FastThreadLocalRunnable.java:30)
	... 1 more
Caused by: java.net.ConnectException: Connection refused
	... 11 more
2019-10-17 18:51:20,396 [grpc-default-executor-5] INFO  impl.RaftServerImpl (RaftServerImpl.java:setRole(184)) - daae7813-f814-475d-9647-a302a5541e36@group-F775CA5912AC: changes role from  FOLLOWER to FOLLOWER at term 242 for recognizeCandidate:a5e79c22-a35f-4e50-b1fd-e91b6a93d74d
2019-10-17 18:51:20,395 [a5e79c22-a35f-4e50-b1fd-e91b6a93d74d@group-F775CA5912AC-LeaderElection406] INFO  impl.LeaderElection (LogUtils.java:infoOrTrace(149)) - a5e79c22-a35f-4e50-b1fd-e91b6a93d74d@group-F775CA5912AC-LeaderElection406 got exception when requesting votes: {}
java.util.concurrent.ExecutionException: org.apache.ratis.thirdparty.io.grpc.StatusRuntimeException: UNAVAILABLE: io exception
	at java.util.concurrent.FutureTask.report(FutureTask.java:122)
	at java.util.concurrent.FutureTask.get(FutureTask.java:192)
	at org.apache.ratis.server.impl.LeaderElection.waitForResults(LeaderElection.java:259)
	at org.apache.ratis.server.impl.LeaderElection.askForVotes(LeaderElection.java:197)
	at org.apache.ratis.server.impl.LeaderElection.run(LeaderElection.java:133)
	at java.lang.Thread.run(Thread.java:748)
Caused by: org.apache.ratis.thirdparty.io.grpc.StatusRuntimeException: UNAVAILABLE: io exception
	at org.apache.ratis.thirdparty.io.grpc.stub.ClientCalls.toStatusRuntimeException(ClientCalls.java:233)
	at org.apache.ratis.thirdparty.io.grpc.stub.ClientCalls.getUnchecked(ClientCalls.java:214)
	at org.apache.ratis.thirdparty.io.grpc.stub.ClientCalls.blockingUnaryCall(ClientCalls.java:139)
	at org.apache.ratis.proto.grpc.RaftServerProtocolServiceGrpc$RaftServerProtocolServiceBlockingStub.requestVote(RaftServerProtocolServiceGrpc.java:265)
	at org.apache.ratis.grpc.server.GrpcServerProtocolClient.requestVote(GrpcServerProtocolClient.java:99)
	at org.apache.ratis.grpc.server.GrpcService.requestVote(GrpcService.java:204)
	at org.apache.ratis.server.impl.LeaderElection.lambda$submitRequests$1(LeaderElection.java:234)
	at java.util.concurrent.FutureTask.run(FutureTask.java:266)
	at java.util.concurrent.Executors$RunnableAdapter.call(Executors.java:511)
	at java.util.concurrent.FutureTask.run(FutureTask.java:266)
	at java.util.concurrent.ThreadPoolExecutor.runWorker(ThreadPoolExecutor.java:1149)
	at java.util.concurrent.ThreadPoolExecutor$Worker.run(ThreadPoolExecutor.java:624)
	... 1 more
Caused by: org.apache.ratis.thirdparty.io.netty.channel.AbstractChannel$AnnotatedConnectException: Connection refused: /192.168.157.251:42113
	at sun.nio.ch.SocketChannelImpl.checkConnect(Native Method)
	at sun.nio.ch.SocketChannelImpl.finishConnect(SocketChannelImpl.java:717)
	at org.apache.ratis.thirdparty.io.netty.channel.socket.nio.NioSocketChannel.doFinishConnect(NioSocketChannel.java:327)
	at org.apache.ratis.thirdparty.io.netty.channel.nio.AbstractNioChannel$AbstractNioUnsafe.finishConnect(AbstractNioChannel.java:340)
	at org.apache.ratis.thirdparty.io.netty.channel.nio.NioEventLoop.processSelectedKey(NioEventLoop.java:632)
	at org.apache.ratis.thirdparty.io.netty.channel.nio.NioEventLoop.processSelectedKeysOptimized(NioEventLoop.java:579)
	at org.apache.ratis.thirdparty.io.netty.channel.nio.NioEventLoop.processSelectedKeys(NioEventLoop.java:496)
	at org.apache.ratis.thirdparty.io.netty.channel.nio.NioEventLoop.run(NioEventLoop.java:458)
	at org.apache.ratis.thirdparty.io.netty.util.concurrent.SingleThreadEventExecutor$5.run(SingleThreadEventExecutor.java:897)
	at org.apache.ratis.thirdparty.io.netty.util.concurrent.FastThreadLocalRunnable.run(FastThreadLocalRunnable.java:30)
	... 1 more
Caused by: java.net.ConnectException: Connection refused
	... 11 more
2019-10-17 18:51:20,396 [grpc-default-executor-5] INFO  impl.RoleInfo (RoleInfo.java:shutdownFollowerState(121)) - daae7813-f814-475d-9647-a302a5541e36: shutdown FollowerState
2019-10-17 18:51:20,396 [b8f04e38-0663-4b1f-8efd-f76585c6e86c@group-5F52F902B742-LeaderElection405] INFO  impl.LeaderElection (LogUtils.java:infoOrTrace(149)) - b8f04e38-0663-4b1f-8efd-f76585c6e86c@group-5F52F902B742-LeaderElection405 got exception when requesting votes: {}
java.util.concurrent.ExecutionException: org.apache.ratis.thirdparty.io.grpc.StatusRuntimeException: UNAVAILABLE: io exception
	at java.util.concurrent.FutureTask.report(FutureTask.java:122)
	at java.util.concurrent.FutureTask.get(FutureTask.java:192)
	at org.apache.ratis.server.impl.LeaderElection.waitForResults(LeaderElection.java:259)
	at org.apache.ratis.server.impl.LeaderElection.askForVotes(LeaderElection.java:197)
	at org.apache.ratis.server.impl.LeaderElection.run(LeaderElection.java:133)
	at java.lang.Thread.run(Thread.java:748)
Caused by: org.apache.ratis.thirdparty.io.grpc.StatusRuntimeException: UNAVAILABLE: io exception
	at org.apache.ratis.thirdparty.io.grpc.stub.ClientCalls.toStatusRuntimeException(ClientCalls.java:233)
	at org.apache.ratis.thirdparty.io.grpc.stub.ClientCalls.getUnchecked(ClientCalls.java:214)
	at org.apache.ratis.thirdparty.io.grpc.stub.ClientCalls.blockingUnaryCall(ClientCalls.java:139)
	at org.apache.ratis.proto.grpc.RaftServerProtocolServiceGrpc$RaftServerProtocolServiceBlockingStub.requestVote(RaftServerProtocolServiceGrpc.java:265)
	at org.apache.ratis.grpc.server.GrpcServerProtocolClient.requestVote(GrpcServerProtocolClient.java:99)
	at org.apache.ratis.grpc.server.GrpcService.requestVote(GrpcService.java:204)
	at org.apache.ratis.server.impl.LeaderElection.lambda$submitRequests$1(LeaderElection.java:234)
	at java.util.concurrent.FutureTask.run(FutureTask.java:266)
	at java.util.concurrent.Executors$RunnableAdapter.call(Executors.java:511)
	at java.util.concurrent.FutureTask.run(FutureTask.java:266)
	at java.util.concurrent.ThreadPoolExecutor.runWorker(ThreadPoolExecutor.java:1149)
	at java.util.concurrent.ThreadPoolExecutor$Worker.run(ThreadPoolExecutor.java:624)
	... 1 more
Caused by: org.apache.ratis.thirdparty.io.netty.channel.AbstractChannel$AnnotatedConnectException: Connection refused: /192.168.157.251:32952
	at sun.nio.ch.SocketChannelImpl.checkConnect(Native Method)
	at sun.nio.ch.SocketChannelImpl.finishConnect(SocketChannelImpl.java:717)
	at org.apache.ratis.thirdparty.io.netty.channel.socket.nio.NioSocketChannel.doFinishConnect(NioSocketChannel.java:327)
	at org.apache.ratis.thirdparty.io.netty.channel.nio.AbstractNioChannel$AbstractNioUnsafe.finishConnect(AbstractNioChannel.java:340)
	at org.apache.ratis.thirdparty.io.netty.channel.nio.NioEventLoop.processSelectedKey(NioEventLoop.java:632)
	at org.apache.ratis.thirdparty.io.netty.channel.nio.NioEventLoop.processSelectedKeysOptimized(NioEventLoop.java:579)
	at org.apache.ratis.thirdparty.io.netty.channel.nio.NioEventLoop.processSelectedKeys(NioEventLoop.java:496)
	at org.apache.ratis.thirdparty.io.netty.channel.nio.NioEventLoop.run(NioEventLoop.java:458)
	at org.apache.ratis.thirdparty.io.netty.util.concurrent.SingleThreadEventExecutor$5.run(SingleThreadEventExecutor.java:897)
	at org.apache.ratis.thirdparty.io.netty.util.concurrent.FastThreadLocalRunnable.run(FastThreadLocalRunnable.java:30)
	... 1 more
Caused by: java.net.ConnectException: Connection refused
	... 11 more
2019-10-17 18:51:20,397 [Thread-3163] INFO  impl.FollowerState (FollowerState.java:run(117)) - daae7813-f814-475d-9647-a302a5541e36@group-F775CA5912AC-FollowerState was interrupted: java.lang.InterruptedException: sleep interrupted
2019-10-17 18:51:20,397 [grpc-default-executor-5] INFO  impl.RoleInfo (RoleInfo.java:updateAndGet(143)) - daae7813-f814-475d-9647-a302a5541e36: start FollowerState
2019-10-17 18:51:20,397 [b8f04e38-0663-4b1f-8efd-f76585c6e86c@group-5F52F902B742-LeaderElection405] INFO  impl.LeaderElection (LeaderElection.java:logAndReturn(56)) - b8f04e38-0663-4b1f-8efd-f76585c6e86c@group-5F52F902B742-LeaderElection405: Election REJECTED; received 0 response(s) [] and 2 exception(s); b8f04e38-0663-4b1f-8efd-f76585c6e86c@group-5F52F902B742:t204, leader=null, voted=b8f04e38-0663-4b1f-8efd-f76585c6e86c, raftlog=b8f04e38-0663-4b1f-8efd-f76585c6e86c@group-5F52F902B742-SegmentedRaftLog:OPENED:c-1,f0,i0, conf=0: [b8f04e38-0663-4b1f-8efd-f76585c6e86c:192.168.157.251:35700, abcd8826-c056-4817-bd0f-7af19a46d814:192.168.157.251:46496, 73297ffa-40cb-4e3e-b33e-1bc2c1da60f5:192.168.157.251:32952], old=null
2019-10-17 18:51:20,397 [b8f04e38-0663-4b1f-8efd-f76585c6e86c@group-5F52F902B742-LeaderElection405] INFO  impl.LeaderElection (LogUtils.java:infoOrTrace(149)) -   Exception 0: {}
java.util.concurrent.ExecutionException: org.apache.ratis.thirdparty.io.grpc.StatusRuntimeException: UNAVAILABLE: io exception
	at java.util.concurrent.FutureTask.report(FutureTask.java:122)
	at java.util.concurrent.FutureTask.get(FutureTask.java:192)
	at org.apache.ratis.server.impl.LeaderElection.waitForResults(LeaderElection.java:259)
	at org.apache.ratis.server.impl.LeaderElection.askForVotes(LeaderElection.java:197)
	at org.apache.ratis.server.impl.LeaderElection.run(LeaderElection.java:133)
	at java.lang.Thread.run(Thread.java:748)
Caused by: org.apache.ratis.thirdparty.io.grpc.StatusRuntimeException: UNAVAILABLE: io exception
	at org.apache.ratis.thirdparty.io.grpc.stub.ClientCalls.toStatusRuntimeException(ClientCalls.java:233)
	at org.apache.ratis.thirdparty.io.grpc.stub.ClientCalls.getUnchecked(ClientCalls.java:214)
	at org.apache.ratis.thirdparty.io.grpc.stub.ClientCalls.blockingUnaryCall(ClientCalls.java:139)
	at org.apache.ratis.proto.grpc.RaftServerProtocolServiceGrpc$RaftServerProtocolServiceBlockingStub.requestVote(RaftServerProtocolServiceGrpc.java:265)
	at org.apache.ratis.grpc.server.GrpcServerProtocolClient.requestVote(GrpcServerProtocolClient.java:99)
	at org.apache.ratis.grpc.server.GrpcService.requestVote(GrpcService.java:204)
	at org.apache.ratis.server.impl.LeaderElection.lambda$submitRequests$1(LeaderElection.java:234)
	at java.util.concurrent.FutureTask.run(FutureTask.java:266)
	at java.util.concurrent.Executors$RunnableAdapter.call(Executors.java:511)
	at java.util.concurrent.FutureTask.run(FutureTask.java:266)
	at java.util.concurrent.ThreadPoolExecutor.runWorker(ThreadPoolExecutor.java:1149)
	at java.util.concurrent.ThreadPoolExecutor$Worker.run(ThreadPoolExecutor.java:624)
	... 1 more
Caused by: org.apache.ratis.thirdparty.io.netty.channel.AbstractChannel$AnnotatedConnectException: Connection refused: /192.168.157.251:46496
	at sun.nio.ch.SocketChannelImpl.checkConnect(Native Method)
	at sun.nio.ch.SocketChannelImpl.finishConnect(SocketChannelImpl.java:717)
	at org.apache.ratis.thirdparty.io.netty.channel.socket.nio.NioSocketChannel.doFinishConnect(NioSocketChannel.java:327)
	at org.apache.ratis.thirdparty.io.netty.channel.nio.AbstractNioChannel$AbstractNioUnsafe.finishConnect(AbstractNioChannel.java:340)
	at org.apache.ratis.thirdparty.io.netty.channel.nio.NioEventLoop.processSelectedKey(NioEventLoop.java:632)
	at org.apache.ratis.thirdparty.io.netty.channel.nio.NioEventLoop.processSelectedKeysOptimized(NioEventLoop.java:579)
	at org.apache.ratis.thirdparty.io.netty.channel.nio.NioEventLoop.processSelectedKeys(NioEventLoop.java:496)
	at org.apache.ratis.thirdparty.io.netty.channel.nio.NioEventLoop.run(NioEventLoop.java:458)
	at org.apache.ratis.thirdparty.io.netty.util.concurrent.SingleThreadEventExecutor$5.run(SingleThreadEventExecutor.java:897)
	at org.apache.ratis.thirdparty.io.netty.util.concurrent.FastThreadLocalRunnable.run(FastThreadLocalRunnable.java:30)
	... 1 more
Caused by: java.net.ConnectException: Connection refused
	... 11 more
2019-10-17 18:51:20,398 [b8f04e38-0663-4b1f-8efd-f76585c6e86c@group-5F52F902B742-LeaderElection405] INFO  impl.LeaderElection (LogUtils.java:infoOrTrace(149)) -   Exception 1: {}
java.util.concurrent.ExecutionException: org.apache.ratis.thirdparty.io.grpc.StatusRuntimeException: UNAVAILABLE: io exception
	at java.util.concurrent.FutureTask.report(FutureTask.java:122)
	at java.util.concurrent.FutureTask.get(FutureTask.java:192)
	at org.apache.ratis.server.impl.LeaderElection.waitForResults(LeaderElection.java:259)
	at org.apache.ratis.server.impl.LeaderElection.askForVotes(LeaderElection.java:197)
	at org.apache.ratis.server.impl.LeaderElection.run(LeaderElection.java:133)
	at java.lang.Thread.run(Thread.java:748)
Caused by: org.apache.ratis.thirdparty.io.grpc.StatusRuntimeException: UNAVAILABLE: io exception
	at org.apache.ratis.thirdparty.io.grpc.stub.ClientCalls.toStatusRuntimeException(ClientCalls.java:233)
	at org.apache.ratis.thirdparty.io.grpc.stub.ClientCalls.getUnchecked(ClientCalls.java:214)
	at org.apache.ratis.thirdparty.io.grpc.stub.ClientCalls.blockingUnaryCall(ClientCalls.java:139)
	at org.apache.ratis.proto.grpc.RaftServerProtocolServiceGrpc$RaftServerProtocolServiceBlockingStub.requestVote(RaftServerProtocolServiceGrpc.java:265)
	at org.apache.ratis.grpc.server.GrpcServerProtocolClient.requestVote(GrpcServerProtocolClient.java:99)
	at org.apache.ratis.grpc.server.GrpcService.requestVote(GrpcService.java:204)
	at org.apache.ratis.server.impl.LeaderElection.lambda$submitRequests$1(LeaderElection.java:234)
	at java.util.concurrent.FutureTask.run(FutureTask.java:266)
	at java.util.concurrent.Executors$RunnableAdapter.call(Executors.java:511)
	at java.util.concurrent.FutureTask.run(FutureTask.java:266)
	at java.util.concurrent.ThreadPoolExecutor.runWorker(ThreadPoolExecutor.java:1149)
	at java.util.concurrent.ThreadPoolExecutor$Worker.run(ThreadPoolExecutor.java:624)
	... 1 more
Caused by: org.apache.ratis.thirdparty.io.netty.channel.AbstractChannel$AnnotatedConnectException: Connection refused: /192.168.157.251:32952
	at sun.nio.ch.SocketChannelImpl.checkConnect(Native Method)
	at sun.nio.ch.SocketChannelImpl.finishConnect(SocketChannelImpl.java:717)
	at org.apache.ratis.thirdparty.io.netty.channel.socket.nio.NioSocketChannel.doFinishConnect(NioSocketChannel.java:327)
	at org.apache.ratis.thirdparty.io.netty.channel.nio.AbstractNioChannel$AbstractNioUnsafe.finishConnect(AbstractNioChannel.java:340)
	at org.apache.ratis.thirdparty.io.netty.channel.nio.NioEventLoop.processSelectedKey(NioEventLoop.java:632)
	at org.apache.ratis.thirdparty.io.netty.channel.nio.NioEventLoop.processSelectedKeysOptimized(NioEventLoop.java:579)
	at org.apache.ratis.thirdparty.io.netty.channel.nio.NioEventLoop.processSelectedKeys(NioEventLoop.java:496)
	at org.apache.ratis.thirdparty.io.netty.channel.nio.NioEventLoop.run(NioEventLoop.java:458)
	at org.apache.ratis.thirdparty.io.netty.util.concurrent.SingleThreadEventExecutor$5.run(SingleThreadEventExecutor.java:897)
	at org.apache.ratis.thirdparty.io.netty.util.concurrent.FastThreadLocalRunnable.run(FastThreadLocalRunnable.java:30)
	... 1 more
Caused by: java.net.ConnectException: Connection refused
	... 11 more
2019-10-17 18:51:20,398 [b8f04e38-0663-4b1f-8efd-f76585c6e86c@group-5F52F902B742-LeaderElection405] INFO  impl.RaftServerImpl (RaftServerImpl.java:setRole(184)) - b8f04e38-0663-4b1f-8efd-f76585c6e86c@group-5F52F902B742: changes role from CANDIDATE to FOLLOWER at term 204 for DISCOVERED_A_NEW_TERM
2019-10-17 18:51:20,398 [b8f04e38-0663-4b1f-8efd-f76585c6e86c@group-5F52F902B742-LeaderElection405] INFO  impl.RoleInfo (RoleInfo.java:shutdownLeaderElection(134)) - b8f04e38-0663-4b1f-8efd-f76585c6e86c: shutdown LeaderElection
2019-10-17 18:51:20,398 [b8f04e38-0663-4b1f-8efd-f76585c6e86c@group-5F52F902B742-LeaderElection405] INFO  impl.RoleInfo (RoleInfo.java:updateAndGet(143)) - b8f04e38-0663-4b1f-8efd-f76585c6e86c: start FollowerState
2019-10-17 18:51:20,406 [a5e79c22-a35f-4e50-b1fd-e91b6a93d74d@group-F775CA5912AC-LeaderElection406] INFO  impl.LeaderElection (LeaderElection.java:logAndReturn(56)) - a5e79c22-a35f-4e50-b1fd-e91b6a93d74d@group-F775CA5912AC-LeaderElection406: Election TIMEOUT; received 0 response(s) [] and 1 exception(s); a5e79c22-a35f-4e50-b1fd-e91b6a93d74d@group-F775CA5912AC:t242, leader=null, voted=a5e79c22-a35f-4e50-b1fd-e91b6a93d74d, raftlog=a5e79c22-a35f-4e50-b1fd-e91b6a93d74d@group-F775CA5912AC-SegmentedRaftLog:OPENED:c-1,f-1,i0, conf=-1: [a5e79c22-a35f-4e50-b1fd-e91b6a93d74d:192.168.157.251:45177, daae7813-f814-475d-9647-a302a5541e36:192.168.157.251:45025, 1e4e1375-1b66-460f-8c99-4c341545a119:192.168.157.251:42113], old=null
2019-10-17 18:51:20,406 [a5e79c22-a35f-4e50-b1fd-e91b6a93d74d@group-F775CA5912AC-LeaderElection406] INFO  impl.LeaderElection (LogUtils.java:infoOrTrace(149)) -   Exception 0: {}
java.util.concurrent.ExecutionException: org.apache.ratis.thirdparty.io.grpc.StatusRuntimeException: UNAVAILABLE: io exception
	at java.util.concurrent.FutureTask.report(FutureTask.java:122)
	at java.util.concurrent.FutureTask.get(FutureTask.java:192)
	at org.apache.ratis.server.impl.LeaderElection.waitForResults(LeaderElection.java:259)
	at org.apache.ratis.server.impl.LeaderElection.askForVotes(LeaderElection.java:197)
	at org.apache.ratis.server.impl.LeaderElection.run(LeaderElection.java:133)
	at java.lang.Thread.run(Thread.java:748)
Caused by: org.apache.ratis.thirdparty.io.grpc.StatusRuntimeException: UNAVAILABLE: io exception
	at org.apache.ratis.thirdparty.io.grpc.stub.ClientCalls.toStatusRuntimeException(ClientCalls.java:233)
	at org.apache.ratis.thirdparty.io.grpc.stub.ClientCalls.getUnchecked(ClientCalls.java:214)
	at org.apache.ratis.thirdparty.io.grpc.stub.ClientCalls.blockingUnaryCall(ClientCalls.java:139)
	at org.apache.ratis.proto.grpc.RaftServerProtocolServiceGrpc$RaftServerProtocolServiceBlockingStub.requestVote(RaftServerProtocolServiceGrpc.java:265)
	at org.apache.ratis.grpc.server.GrpcServerProtocolClient.requestVote(GrpcServerProtocolClient.java:99)
	at org.apache.ratis.grpc.server.GrpcService.requestVote(GrpcService.java:204)
	at org.apache.ratis.server.impl.LeaderElection.lambda$submitRequests$1(LeaderElection.java:234)
	at java.util.concurrent.FutureTask.run(FutureTask.java:266)
	at java.util.concurrent.Executors$RunnableAdapter.call(Executors.java:511)
	at java.util.concurrent.FutureTask.run(FutureTask.java:266)
	at java.util.concurrent.ThreadPoolExecutor.runWorker(ThreadPoolExecutor.java:1149)
	at java.util.concurrent.ThreadPoolExecutor$Worker.run(ThreadPoolExecutor.java:624)
	... 1 more
Caused by: org.apache.ratis.thirdparty.io.netty.channel.AbstractChannel$AnnotatedConnectException: Connection refused: /192.168.157.251:42113
	at sun.nio.ch.SocketChannelImpl.checkConnect(Native Method)
	at sun.nio.ch.SocketChannelImpl.finishConnect(SocketChannelImpl.java:717)
	at org.apache.ratis.thirdparty.io.netty.channel.socket.nio.NioSocketChannel.doFinishConnect(NioSocketChannel.java:327)
	at org.apache.ratis.thirdparty.io.netty.channel.nio.AbstractNioChannel$AbstractNioUnsafe.finishConnect(AbstractNioChannel.java:340)
	at org.apache.ratis.thirdparty.io.netty.channel.nio.NioEventLoop.processSelectedKey(NioEventLoop.java:632)
	at org.apache.ratis.thirdparty.io.netty.channel.nio.NioEventLoop.processSelectedKeysOptimized(NioEventLoop.java:579)
	at org.apache.ratis.thirdparty.io.netty.channel.nio.NioEventLoop.processSelectedKeys(NioEventLoop.java:496)
	at org.apache.ratis.thirdparty.io.netty.channel.nio.NioEventLoop.run(NioEventLoop.java:458)
	at org.apache.ratis.thirdparty.io.netty.util.concurrent.SingleThreadEventExecutor$5.run(SingleThreadEventExecutor.java:897)
	at org.apache.ratis.thirdparty.io.netty.util.concurrent.FastThreadLocalRunnable.run(FastThreadLocalRunnable.java:30)
	... 1 more
Caused by: java.net.ConnectException: Connection refused
	... 11 more
2019-10-17 18:51:20,432 [de8c9e34-1a4b-4ad8-952a-c65e9c1604e8@group-9D6F8169C5E6-StateMachineUpdater] INFO  ratis.ContainerStateMachine (ContainerStateMachine.java:takeSnapshot(305)) - group-9D6F8169C5E6: Finished taking a snapshot at:(t:7, i:19) file:/workdir/hadoop-ozone/integration-test/target/test-dir/MiniOzoneClusterImpl-1add80d3-0bcb-487c-a891-e654dcc55690/datanode-4/data/ratis/975d0cea-1227-4002-9576-9d6f8169c5e6/sm/snapshot.7_19 time:46
2019-10-17 18:51:20,433 [de8c9e34-1a4b-4ad8-952a-c65e9c1604e8@group-9D6F8169C5E6-StateMachineUpdater] INFO  impl.StateMachineUpdater (StateMachineUpdater.java:takeSnapshot(269)) - de8c9e34-1a4b-4ad8-952a-c65e9c1604e8@group-9D6F8169C5E6-StateMachineUpdater: Took a snapshot at index 19
2019-10-17 18:51:20,433 [de8c9e34-1a4b-4ad8-952a-c65e9c1604e8@group-9D6F8169C5E6-StateMachineUpdater] INFO  impl.StateMachineUpdater (StateMachineUpdater.java:lambda$new$0(84)) - de8c9e34-1a4b-4ad8-952a-c65e9c1604e8@group-9D6F8169C5E6-StateMachineUpdater: snapshotIndex: updateIncreasingly -1 -> 19
2019-10-17 18:51:20,434 [ForkJoinPool.commonPool-worker-0] INFO  impl.RaftServerImpl (ServerState.java:close(388)) - de8c9e34-1a4b-4ad8-952a-c65e9c1604e8@group-9D6F8169C5E6: closes. applyIndex: 19
2019-10-17 18:51:20,434 [de8c9e34-1a4b-4ad8-952a-c65e9c1604e8@group-9D6F8169C5E6-SegmentedRaftLogWorker] INFO  segmented.SegmentedRaftLogWorker (SegmentedRaftLogWorker.java:run(316)) - de8c9e34-1a4b-4ad8-952a-c65e9c1604e8@group-9D6F8169C5E6-SegmentedRaftLogWorker was interrupted, exiting. There are 0 tasks remaining in the queue.
2019-10-17 18:51:20,438 [main] INFO  ozoneimpl.OzoneContainer (OzoneContainer.java:stop(227)) - Attempting to stop container services.
2019-10-17 18:51:20,439 [main] INFO  impl.RaftServerProxy (RaftServerProxy.java:lambda$close$4(314)) - daae7813-f814-475d-9647-a302a5541e36: close
2019-10-17 18:51:20,439 [main] INFO  impl.RaftServerImpl (RaftServerImpl.java:lambda$shutdown$3(261)) - daae7813-f814-475d-9647-a302a5541e36@group-F775CA5912AC: shutdown
2019-10-17 18:51:20,440 [main] INFO  util.JmxRegister (JmxRegister.java:unregister(73)) - Successfully un-registered JMX Bean with object name Ratis:service=RaftServer,group=group-F775CA5912AC,id=daae7813-f814-475d-9647-a302a5541e36
2019-10-17 18:51:20,440 [main] INFO  impl.RoleInfo (RoleInfo.java:shutdownFollowerState(121)) - daae7813-f814-475d-9647-a302a5541e36: shutdown FollowerState
2019-10-17 18:51:20,440 [main] INFO  impl.StateMachineUpdater (StateMachineUpdater.java:stopAndJoin(136)) - daae7813-f814-475d-9647-a302a5541e36@group-F775CA5912AC-StateMachineUpdater: set stopIndex = -1
2019-10-17 18:51:20,440 [Thread-3172] INFO  impl.FollowerState (FollowerState.java:run(117)) - daae7813-f814-475d-9647-a302a5541e36@group-F775CA5912AC-FollowerState was interrupted: java.lang.InterruptedException: sleep interrupted
2019-10-17 18:51:20,441 [main] INFO  impl.RaftServerImpl (ServerState.java:close(388)) - daae7813-f814-475d-9647-a302a5541e36@group-F775CA5912AC: closes. applyIndex: -1
2019-10-17 18:51:20,441 [daae7813-f814-475d-9647-a302a5541e36@group-F775CA5912AC-SegmentedRaftLogWorker] INFO  segmented.SegmentedRaftLogWorker (SegmentedRaftLogWorker.java:run(316)) - daae7813-f814-475d-9647-a302a5541e36@group-F775CA5912AC-SegmentedRaftLogWorker was interrupted, exiting. There are 0 tasks remaining in the queue.
2019-10-17 18:51:20,469 [main] INFO  segmented.SegmentedRaftLogWorker (SegmentedRaftLogWorker.java:close(224)) - daae7813-f814-475d-9647-a302a5541e36@group-F775CA5912AC-SegmentedRaftLogWorker close()
2019-10-17 18:51:20,469 [ForkJoinPool.commonPool-worker-0] INFO  segmented.SegmentedRaftLogWorker (SegmentedRaftLogWorker.java:close(224)) - de8c9e34-1a4b-4ad8-952a-c65e9c1604e8@group-9D6F8169C5E6-SegmentedRaftLogWorker close()
2019-10-17 18:51:20,479 [a5e79c22-a35f-4e50-b1fd-e91b6a93d74d@group-F775CA5912AC-LeaderElection406] INFO  impl.LeaderElection (LeaderElection.java:askForVotes(178)) - a5e79c22-a35f-4e50-b1fd-e91b6a93d74d@group-F775CA5912AC-LeaderElection406: begin an election at term 243 for -1: [a5e79c22-a35f-4e50-b1fd-e91b6a93d74d:192.168.157.251:45177, daae7813-f814-475d-9647-a302a5541e36:192.168.157.251:45025, 1e4e1375-1b66-460f-8c99-4c341545a119:192.168.157.251:42113], old=null
2019-10-17 18:51:20,479 [main] INFO  impl.RaftServerImpl (RaftServerImpl.java:lambda$shutdown$3(261)) - daae7813-f814-475d-9647-a302a5541e36@group-E7E38B8B3491: shutdown
2019-10-17 18:51:20,480 [ForkJoinPool.commonPool-worker-0] INFO  server.GrpcService (GrpcService.java:closeImpl(164)) - de8c9e34-1a4b-4ad8-952a-c65e9c1604e8: shutdown server with port 40594 now
2019-10-17 18:51:20,480 [main] INFO  util.JmxRegister (JmxRegister.java:unregister(73)) - Successfully un-registered JMX Bean with object name Ratis:service=RaftServer,group=group-E7E38B8B3491,id=daae7813-f814-475d-9647-a302a5541e36
2019-10-17 18:51:20,481 [a5e79c22-a35f-4e50-b1fd-e91b6a93d74d@group-F775CA5912AC-LeaderElection406] INFO  impl.LeaderElection (LogUtils.java:infoOrTrace(149)) - a5e79c22-a35f-4e50-b1fd-e91b6a93d74d@group-F775CA5912AC-LeaderElection406 got exception when requesting votes: {}
java.util.concurrent.ExecutionException: org.apache.ratis.thirdparty.io.grpc.StatusRuntimeException: UNAVAILABLE: io exception
	at java.util.concurrent.FutureTask.report(FutureTask.java:122)
	at java.util.concurrent.FutureTask.get(FutureTask.java:192)
	at org.apache.ratis.server.impl.LeaderElection.waitForResults(LeaderElection.java:259)
	at org.apache.ratis.server.impl.LeaderElection.askForVotes(LeaderElection.java:197)
	at org.apache.ratis.server.impl.LeaderElection.run(LeaderElection.java:133)
	at java.lang.Thread.run(Thread.java:748)
Caused by: org.apache.ratis.thirdparty.io.grpc.StatusRuntimeException: UNAVAILABLE: io exception
	at org.apache.ratis.thirdparty.io.grpc.stub.ClientCalls.toStatusRuntimeException(ClientCalls.java:233)
	at org.apache.ratis.thirdparty.io.grpc.stub.ClientCalls.getUnchecked(ClientCalls.java:214)
	at org.apache.ratis.thirdparty.io.grpc.stub.ClientCalls.blockingUnaryCall(ClientCalls.java:139)
	at org.apache.ratis.proto.grpc.RaftServerProtocolServiceGrpc$RaftServerProtocolServiceBlockingStub.requestVote(RaftServerProtocolServiceGrpc.java:265)
	at org.apache.ratis.grpc.server.GrpcServerProtocolClient.requestVote(GrpcServerProtocolClient.java:99)
	at org.apache.ratis.grpc.server.GrpcService.requestVote(GrpcService.java:204)
	at org.apache.ratis.server.impl.LeaderElection.lambda$submitRequests$1(LeaderElection.java:234)
	at java.util.concurrent.FutureTask.run(FutureTask.java:266)
	at java.util.concurrent.Executors$RunnableAdapter.call(Executors.java:511)
	at java.util.concurrent.FutureTask.run(FutureTask.java:266)
	at java.util.concurrent.ThreadPoolExecutor.runWorker(ThreadPoolExecutor.java:1149)
	at java.util.concurrent.ThreadPoolExecutor$Worker.run(ThreadPoolExecutor.java:624)
	... 1 more
Caused by: org.apache.ratis.thirdparty.io.netty.channel.AbstractChannel$AnnotatedConnectException: Connection refused: /192.168.157.251:42113
	at sun.nio.ch.SocketChannelImpl.checkConnect(Native Method)
	at sun.nio.ch.SocketChannelImpl.finishConnect(SocketChannelImpl.java:717)
	at org.apache.ratis.thirdparty.io.netty.channel.socket.nio.NioSocketChannel.doFinishConnect(NioSocketChannel.java:327)
	at org.apache.ratis.thirdparty.io.netty.channel.nio.AbstractNioChannel$AbstractNioUnsafe.finishConnect(AbstractNioChannel.java:340)
	at org.apache.ratis.thirdparty.io.netty.channel.nio.NioEventLoop.processSelectedKey(NioEventLoop.java:632)
	at org.apache.ratis.thirdparty.io.netty.channel.nio.NioEventLoop.processSelectedKeysOptimized(NioEventLoop.java:579)
	at org.apache.ratis.thirdparty.io.netty.channel.nio.NioEventLoop.processSelectedKeys(NioEventLoop.java:496)
	at org.apache.ratis.thirdparty.io.netty.channel.nio.NioEventLoop.run(NioEventLoop.java:458)
	at org.apache.ratis.thirdparty.io.netty.util.concurrent.SingleThreadEventExecutor$5.run(SingleThreadEventExecutor.java:897)
	at org.apache.ratis.thirdparty.io.netty.util.concurrent.FastThreadLocalRunnable.run(FastThreadLocalRunnable.java:30)
	... 1 more
Caused by: java.net.ConnectException: Connection refused
	... 11 more
2019-10-17 18:51:20,481 [main] INFO  impl.RoleInfo (RoleInfo.java:shutdownLeaderState(104)) - daae7813-f814-475d-9647-a302a5541e36: shutdown LeaderState
2019-10-17 18:51:20,482 [grpc-default-executor-2] WARN  server.GrpcServerProtocolService (LogUtils.java:warn(134)) - de8c9e34-1a4b-4ad8-952a-c65e9c1604e8: installSnapshot onError, lastRequest: 8f4f8799-ef18-41e5-9bb8-2f724208e999->de8c9e34-1a4b-4ad8-952a-c65e9c1604e8#88-t7, previous=(t:7, i:19), leaderCommit=19, initializing? false, entries: <empty>: org.apache.ratis.thirdparty.io.grpc.StatusRuntimeException: CANCELLED: cancelled before receiving half close
2019-10-17 18:51:20,482 [ForkJoinPool.commonPool-worker-0] INFO  server.GrpcService (GrpcService.java:closeImpl(172)) - de8c9e34-1a4b-4ad8-952a-c65e9c1604e8: shutdown server with port 40594 successfully
2019-10-17 18:51:20,482 [grpc-default-executor-0] WARN  server.GrpcLogAppender (LogUtils.java:warn(134)) - 8f4f8799-ef18-41e5-9bb8-2f724208e999@group-9D6F8169C5E6->de8c9e34-1a4b-4ad8-952a-c65e9c1604e8-AppendLogResponseHandler: Failed appendEntries: org.apache.ratis.thirdparty.io.grpc.StatusRuntimeException: CANCELLED: HTTP/2 error code: CANCEL
Received Rst Stream
2019-10-17 18:51:20,482 [main] INFO  impl.PendingRequests (PendingRequests.java:sendNotLeaderResponses(202)) - daae7813-f814-475d-9647-a302a5541e36@group-E7E38B8B3491-PendingRequests: sendNotLeaderResponses
2019-10-17 18:51:20,482 [grpc-default-executor-5] WARN  server.GrpcServerProtocolService (LogUtils.java:warn(134)) - daae7813-f814-475d-9647-a302a5541e36: Failed requestVote a5e79c22-a35f-4e50-b1fd-e91b6a93d74d->daae7813-f814-475d-9647-a302a5541e36#0: org.apache.ratis.protocol.ServerNotReadyException: daae7813-f814-475d-9647-a302a5541e36@group-F775CA5912AC is not in [RUNNING]: current state is CLOSED
2019-10-17 18:51:20,483 [main] INFO  impl.StateMachineUpdater (StateMachineUpdater.java:stopAndJoin(136)) - daae7813-f814-475d-9647-a302a5541e36@group-E7E38B8B3491-StateMachineUpdater: set stopIndex = 0
2019-10-17 18:51:20,483 [main] INFO  impl.RaftServerImpl (ServerState.java:close(388)) - daae7813-f814-475d-9647-a302a5541e36@group-E7E38B8B3491: closes. applyIndex: 0
2019-10-17 18:51:20,483 [refreshUsed-/workdir/hadoop-ozone/integration-test/target/test-dir/MiniOzoneClusterImpl-1add80d3-0bcb-487c-a891-e654dcc55690/datanode-4/data/containers] WARN  fs.CachingGetSpaceUsed (CachingGetSpaceUsed.java:run(183)) - Thread Interrupted waiting to refresh disk information: sleep interrupted
2019-10-17 18:51:20,484 [daae7813-f814-475d-9647-a302a5541e36@group-E7E38B8B3491-SegmentedRaftLogWorker] INFO  segmented.SegmentedRaftLogWorker (SegmentedRaftLogWorker.java:run(316)) - daae7813-f814-475d-9647-a302a5541e36@group-E7E38B8B3491-SegmentedRaftLogWorker was interrupted, exiting. There are 0 tasks remaining in the queue.
2019-10-17 18:51:20,484 [main] INFO  segmented.SegmentedRaftLogWorker (SegmentedRaftLogWorker.java:close(224)) - daae7813-f814-475d-9647-a302a5541e36@group-E7E38B8B3491-SegmentedRaftLogWorker close()
2019-10-17 18:51:20,487 [main] INFO  server.GrpcService (GrpcService.java:closeImpl(164)) - daae7813-f814-475d-9647-a302a5541e36: shutdown server with port 45025 now
2019-10-17 18:51:20,490 [main] INFO  server.GrpcService (GrpcService.java:closeImpl(172)) - daae7813-f814-475d-9647-a302a5541e36: shutdown server with port 45025 successfully
2019-10-17 18:51:20,491 [a5e79c22-a35f-4e50-b1fd-e91b6a93d74d@group-F775CA5912AC-LeaderElection406] INFO  impl.LeaderElection (LogUtils.java:infoOrTrace(149)) - a5e79c22-a35f-4e50-b1fd-e91b6a93d74d@group-F775CA5912AC-LeaderElection406 got exception when requesting votes: {}
java.util.concurrent.ExecutionException: org.apache.ratis.thirdparty.io.grpc.StatusRuntimeException: CANCELLED: HTTP/2 error code: CANCEL
Received Rst Stream
	at java.util.concurrent.FutureTask.report(FutureTask.java:122)
	at java.util.concurrent.FutureTask.get(FutureTask.java:192)
	at org.apache.ratis.server.impl.LeaderElection.waitForResults(LeaderElection.java:259)
	at org.apache.ratis.server.impl.LeaderElection.askForVotes(LeaderElection.java:197)
	at org.apache.ratis.server.impl.LeaderElection.run(LeaderElection.java:133)
	at java.lang.Thread.run(Thread.java:748)
Caused by: org.apache.ratis.thirdparty.io.grpc.StatusRuntimeException: CANCELLED: HTTP/2 error code: CANCEL
Received Rst Stream
	at org.apache.ratis.thirdparty.io.grpc.stub.ClientCalls.toStatusRuntimeException(ClientCalls.java:233)
	at org.apache.ratis.thirdparty.io.grpc.stub.ClientCalls.getUnchecked(ClientCalls.java:214)
	at org.apache.ratis.thirdparty.io.grpc.stub.ClientCalls.blockingUnaryCall(ClientCalls.java:139)
	at org.apache.ratis.proto.grpc.RaftServerProtocolServiceGrpc$RaftServerProtocolServiceBlockingStub.requestVote(RaftServerProtocolServiceGrpc.java:265)
	at org.apache.ratis.grpc.server.GrpcServerProtocolClient.requestVote(GrpcServerProtocolClient.java:99)
	at org.apache.ratis.grpc.server.GrpcService.requestVote(GrpcService.java:204)
	at org.apache.ratis.server.impl.LeaderElection.lambda$submitRequests$1(LeaderElection.java:234)
	at java.util.concurrent.FutureTask.run(FutureTask.java:266)
	at java.util.concurrent.Executors$RunnableAdapter.call(Executors.java:511)
	at java.util.concurrent.FutureTask.run(FutureTask.java:266)
	at java.util.concurrent.ThreadPoolExecutor.runWorker(ThreadPoolExecutor.java:1149)
	at java.util.concurrent.ThreadPoolExecutor$Worker.run(ThreadPoolExecutor.java:624)
	... 1 more
2019-10-17 18:51:20,493 [a5e79c22-a35f-4e50-b1fd-e91b6a93d74d@group-F775CA5912AC-LeaderElection406] INFO  impl.LeaderElection (LeaderElection.java:logAndReturn(56)) - a5e79c22-a35f-4e50-b1fd-e91b6a93d74d@group-F775CA5912AC-LeaderElection406: Election REJECTED; received 0 response(s) [] and 2 exception(s); a5e79c22-a35f-4e50-b1fd-e91b6a93d74d@group-F775CA5912AC:t243, leader=null, voted=a5e79c22-a35f-4e50-b1fd-e91b6a93d74d, raftlog=a5e79c22-a35f-4e50-b1fd-e91b6a93d74d@group-F775CA5912AC-SegmentedRaftLog:OPENED:c-1,f-1,i0, conf=-1: [a5e79c22-a35f-4e50-b1fd-e91b6a93d74d:192.168.157.251:45177, daae7813-f814-475d-9647-a302a5541e36:192.168.157.251:45025, 1e4e1375-1b66-460f-8c99-4c341545a119:192.168.157.251:42113], old=null
2019-10-17 18:51:20,493 [a5e79c22-a35f-4e50-b1fd-e91b6a93d74d@group-F775CA5912AC-LeaderElection406] INFO  impl.LeaderElection (LogUtils.java:infoOrTrace(149)) -   Exception 0: {}
java.util.concurrent.ExecutionException: org.apache.ratis.thirdparty.io.grpc.StatusRuntimeException: UNAVAILABLE: io exception
	at java.util.concurrent.FutureTask.report(FutureTask.java:122)
	at java.util.concurrent.FutureTask.get(FutureTask.java:192)
	at org.apache.ratis.server.impl.LeaderElection.waitForResults(LeaderElection.java:259)
	at org.apache.ratis.server.impl.LeaderElection.askForVotes(LeaderElection.java:197)
	at org.apache.ratis.server.impl.LeaderElection.run(LeaderElection.java:133)
	at java.lang.Thread.run(Thread.java:748)
Caused by: org.apache.ratis.thirdparty.io.grpc.StatusRuntimeException: UNAVAILABLE: io exception
	at org.apache.ratis.thirdparty.io.grpc.stub.ClientCalls.toStatusRuntimeException(ClientCalls.java:233)
	at org.apache.ratis.thirdparty.io.grpc.stub.ClientCalls.getUnchecked(ClientCalls.java:214)
	at org.apache.ratis.thirdparty.io.grpc.stub.ClientCalls.blockingUnaryCall(ClientCalls.java:139)
	at org.apache.ratis.proto.grpc.RaftServerProtocolServiceGrpc$RaftServerProtocolServiceBlockingStub.requestVote(RaftServerProtocolServiceGrpc.java:265)
	at org.apache.ratis.grpc.server.GrpcServerProtocolClient.requestVote(GrpcServerProtocolClient.java:99)
	at org.apache.ratis.grpc.server.GrpcService.requestVote(GrpcService.java:204)
	at org.apache.ratis.server.impl.LeaderElection.lambda$submitRequests$1(LeaderElection.java:234)
	at java.util.concurrent.FutureTask.run(FutureTask.java:266)
	at java.util.concurrent.Executors$RunnableAdapter.call(Executors.java:511)
	at java.util.concurrent.FutureTask.run(FutureTask.java:266)
	at java.util.concurrent.ThreadPoolExecutor.runWorker(ThreadPoolExecutor.java:1149)
	at java.util.concurrent.ThreadPoolExecutor$Worker.run(ThreadPoolExecutor.java:624)
	... 1 more
Caused by: org.apache.ratis.thirdparty.io.netty.channel.AbstractChannel$AnnotatedConnectException: Connection refused: /192.168.157.251:42113
	at sun.nio.ch.SocketChannelImpl.checkConnect(Native Method)
	at sun.nio.ch.SocketChannelImpl.finishConnect(SocketChannelImpl.java:717)
	at org.apache.ratis.thirdparty.io.netty.channel.socket.nio.NioSocketChannel.doFinishConnect(NioSocketChannel.java:327)
	at org.apache.ratis.thirdparty.io.netty.channel.nio.AbstractNioChannel$AbstractNioUnsafe.finishConnect(AbstractNioChannel.java:340)
	at org.apache.ratis.thirdparty.io.netty.channel.nio.NioEventLoop.processSelectedKey(NioEventLoop.java:632)
	at org.apache.ratis.thirdparty.io.netty.channel.nio.NioEventLoop.processSelectedKeysOptimized(NioEventLoop.java:579)
	at org.apache.ratis.thirdparty.io.netty.channel.nio.NioEventLoop.processSelectedKeys(NioEventLoop.java:496)
	at org.apache.ratis.thirdparty.io.netty.channel.nio.NioEventLoop.run(NioEventLoop.java:458)
	at org.apache.ratis.thirdparty.io.netty.util.concurrent.SingleThreadEventExecutor$5.run(SingleThreadEventExecutor.java:897)
	at org.apache.ratis.thirdparty.io.netty.util.concurrent.FastThreadLocalRunnable.run(FastThreadLocalRunnable.java:30)
	... 1 more
Caused by: java.net.ConnectException: Connection refused
	... 11 more
2019-10-17 18:51:20,494 [a5e79c22-a35f-4e50-b1fd-e91b6a93d74d@group-F775CA5912AC-LeaderElection406] INFO  impl.LeaderElection (LogUtils.java:infoOrTrace(149)) -   Exception 1: {}
java.util.concurrent.ExecutionException: org.apache.ratis.thirdparty.io.grpc.StatusRuntimeException: CANCELLED: HTTP/2 error code: CANCEL
Received Rst Stream
	at java.util.concurrent.FutureTask.report(FutureTask.java:122)
	at java.util.concurrent.FutureTask.get(FutureTask.java:192)
	at org.apache.ratis.server.impl.LeaderElection.waitForResults(LeaderElection.java:259)
	at org.apache.ratis.server.impl.LeaderElection.askForVotes(LeaderElection.java:197)
	at org.apache.ratis.server.impl.LeaderElection.run(LeaderElection.java:133)
	at java.lang.Thread.run(Thread.java:748)
Caused by: org.apache.ratis.thirdparty.io.grpc.StatusRuntimeException: CANCELLED: HTTP/2 error code: CANCEL
Received Rst Stream
	at org.apache.ratis.thirdparty.io.grpc.stub.ClientCalls.toStatusRuntimeException(ClientCalls.java:233)
	at org.apache.ratis.thirdparty.io.grpc.stub.ClientCalls.getUnchecked(ClientCalls.java:214)
	at org.apache.ratis.thirdparty.io.grpc.stub.ClientCalls.blockingUnaryCall(ClientCalls.java:139)
	at org.apache.ratis.proto.grpc.RaftServerProtocolServiceGrpc$RaftServerProtocolServiceBlockingStub.requestVote(RaftServerProtocolServiceGrpc.java:265)
	at org.apache.ratis.grpc.server.GrpcServerProtocolClient.requestVote(GrpcServerProtocolClient.java:99)
	at org.apache.ratis.grpc.server.GrpcService.requestVote(GrpcService.java:204)
	at org.apache.ratis.server.impl.LeaderElection.lambda$submitRequests$1(LeaderElection.java:234)
	at java.util.concurrent.FutureTask.run(FutureTask.java:266)
	at java.util.concurrent.Executors$RunnableAdapter.call(Executors.java:511)
	at java.util.concurrent.FutureTask.run(FutureTask.java:266)
	at java.util.concurrent.ThreadPoolExecutor.runWorker(ThreadPoolExecutor.java:1149)
	at java.util.concurrent.ThreadPoolExecutor$Worker.run(ThreadPoolExecutor.java:624)
	... 1 more
2019-10-17 18:51:20,495 [a5e79c22-a35f-4e50-b1fd-e91b6a93d74d@group-F775CA5912AC-LeaderElection406] INFO  impl.RaftServerImpl (RaftServerImpl.java:setRole(184)) - a5e79c22-a35f-4e50-b1fd-e91b6a93d74d@group-F775CA5912AC: changes role from CANDIDATE to FOLLOWER at term 243 for DISCOVERED_A_NEW_TERM
2019-10-17 18:51:20,495 [a5e79c22-a35f-4e50-b1fd-e91b6a93d74d@group-F775CA5912AC-LeaderElection406] INFO  impl.RoleInfo (RoleInfo.java:shutdownLeaderElection(134)) - a5e79c22-a35f-4e50-b1fd-e91b6a93d74d: shutdown LeaderElection
2019-10-17 18:51:20,495 [a5e79c22-a35f-4e50-b1fd-e91b6a93d74d@group-F775CA5912AC-LeaderElection406] INFO  impl.RoleInfo (RoleInfo.java:updateAndGet(143)) - a5e79c22-a35f-4e50-b1fd-e91b6a93d74d: start FollowerState
2019-10-17 18:51:20,497 [refreshUsed-/workdir/hadoop-ozone/integration-test/target/test-dir/MiniOzoneClusterImpl-1add80d3-0bcb-487c-a891-e654dcc55690/datanode-8/data/containers] WARN  fs.CachingGetSpaceUsed (CachingGetSpaceUsed.java:run(183)) - Thread Interrupted waiting to refresh disk information: sleep interrupted
2019-10-17 18:51:20,511 [ForkJoinPool.commonPool-worker-0] INFO  utils.BackgroundService (BackgroundService.java:shutdown(151)) - Shutting down service BlockDeletingService
2019-10-17 18:51:20,515 [ForkJoinPool.commonPool-worker-0] INFO  statemachine.DatanodeStateMachine (DatanodeStateMachine.java:stopDaemon(395)) - Ozone container server stopped.
2019-10-17 18:51:20,520 [ForkJoinPool.commonPool-worker-0] INFO  handler.ContextHandler (ContextHandler.java:doStop(910)) - Stopped o.e.j.w.WebAppContext@5a6fa56e{/,null,UNAVAILABLE}{/hddsDatanode}
2019-10-17 18:51:20,521 [main] INFO  utils.BackgroundService (BackgroundService.java:shutdown(151)) - Shutting down service BlockDeletingService
2019-10-17 18:51:20,521 [ForkJoinPool.commonPool-worker-0] INFO  server.AbstractConnector (AbstractConnector.java:doStop(318)) - Stopped ServerConnector@1981d861{HTTP/1.1,[http/1.1]}{0.0.0.0:0}
2019-10-17 18:51:20,524 [main] INFO  statemachine.DatanodeStateMachine (DatanodeStateMachine.java:stopDaemon(395)) - Ozone container server stopped.
2019-10-17 18:51:20,525 [ForkJoinPool.commonPool-worker-0] INFO  handler.ContextHandler (ContextHandler.java:doStop(910)) - Stopped o.e.j.s.ServletContextHandler@15639440{/static,jar:file:/home/user/.m2/repository/org/apache/hadoop/hadoop-hdds-container-service/0.5.0-SNAPSHOT/hadoop-hdds-container-service-0.5.0-SNAPSHOT.jar!/webapps/static,UNAVAILABLE}
2019-10-17 18:51:20,526 [ForkJoinPool.commonPool-worker-0] INFO  handler.ContextHandler (ContextHandler.java:doStop(910)) - Stopped o.e.j.s.ServletContextHandler@712cfb63{/logs,file:///workdir/hadoop-ozone/integration-test/target/log,UNAVAILABLE}
2019-10-17 18:51:20,526 [main] INFO  handler.ContextHandler (ContextHandler.java:doStop(910)) - Stopped o.e.j.w.WebAppContext@59696551{/,null,UNAVAILABLE}{/hddsDatanode}
2019-10-17 18:51:20,527 [main] INFO  server.AbstractConnector (AbstractConnector.java:doStop(318)) - Stopped ServerConnector@648d0e6d{HTTP/1.1,[http/1.1]}{0.0.0.0:0}
2019-10-17 18:51:20,527 [main] INFO  handler.ContextHandler (ContextHandler.java:doStop(910)) - Stopped o.e.j.s.ServletContextHandler@53311681{/static,jar:file:/home/user/.m2/repository/org/apache/hadoop/hadoop-hdds-container-service/0.5.0-SNAPSHOT/hadoop-hdds-container-service-0.5.0-SNAPSHOT.jar!/webapps/static,UNAVAILABLE}
2019-10-17 18:51:20,528 [main] INFO  handler.ContextHandler (ContextHandler.java:doStop(910)) - Stopped o.e.j.s.ServletContextHandler@79a04e5f{/logs,file:///workdir/hadoop-ozone/integration-test/target/log,UNAVAILABLE}
2019-10-17 18:51:20,581 [Thread-3176] INFO  impl.FollowerState (FollowerState.java:run(108)) - a5e79c22-a35f-4e50-b1fd-e91b6a93d74d@group-F775CA5912AC-FollowerState: change to CANDIDATE, lastRpcTime:85ms, electionTimeout:85ms
2019-10-17 18:51:20,581 [Thread-3176] INFO  impl.RoleInfo (RoleInfo.java:shutdownFollowerState(121)) - a5e79c22-a35f-4e50-b1fd-e91b6a93d74d: shutdown FollowerState
2019-10-17 18:51:20,581 [Thread-3176] INFO  impl.RaftServerImpl (RaftServerImpl.java:setRole(184)) - a5e79c22-a35f-4e50-b1fd-e91b6a93d74d@group-F775CA5912AC: changes role from  FOLLOWER to CANDIDATE at term 243 for changeToCandidate
2019-10-17 18:51:20,581 [Thread-3176] INFO  impl.RoleInfo (RoleInfo.java:updateAndGet(143)) - a5e79c22-a35f-4e50-b1fd-e91b6a93d74d: start LeaderElection
2019-10-17 18:51:20,619 [a5e79c22-a35f-4e50-b1fd-e91b6a93d74d@group-F775CA5912AC-LeaderElection407] INFO  impl.LeaderElection (LeaderElection.java:askForVotes(178)) - a5e79c22-a35f-4e50-b1fd-e91b6a93d74d@group-F775CA5912AC-LeaderElection407: begin an election at term 244 for -1: [a5e79c22-a35f-4e50-b1fd-e91b6a93d74d:192.168.157.251:45177, daae7813-f814-475d-9647-a302a5541e36:192.168.157.251:45025, 1e4e1375-1b66-460f-8c99-4c341545a119:192.168.157.251:42113], old=null
2019-10-17 18:51:20,620 [a5e79c22-a35f-4e50-b1fd-e91b6a93d74d@group-F775CA5912AC-LeaderElection407] INFO  impl.LeaderElection (LogUtils.java:infoOrTrace(149)) - a5e79c22-a35f-4e50-b1fd-e91b6a93d74d@group-F775CA5912AC-LeaderElection407 got exception when requesting votes: {}
java.util.concurrent.ExecutionException: org.apache.ratis.thirdparty.io.grpc.StatusRuntimeException: UNAVAILABLE: io exception
	at java.util.concurrent.FutureTask.report(FutureTask.java:122)
	at java.util.concurrent.FutureTask.get(FutureTask.java:192)
	at org.apache.ratis.server.impl.LeaderElection.waitForResults(LeaderElection.java:259)
	at org.apache.ratis.server.impl.LeaderElection.askForVotes(LeaderElection.java:197)
	at org.apache.ratis.server.impl.LeaderElection.run(LeaderElection.java:133)
	at java.lang.Thread.run(Thread.java:748)
Caused by: org.apache.ratis.thirdparty.io.grpc.StatusRuntimeException: UNAVAILABLE: io exception
	at org.apache.ratis.thirdparty.io.grpc.stub.ClientCalls.toStatusRuntimeException(ClientCalls.java:233)
	at org.apache.ratis.thirdparty.io.grpc.stub.ClientCalls.getUnchecked(ClientCalls.java:214)
	at org.apache.ratis.thirdparty.io.grpc.stub.ClientCalls.blockingUnaryCall(ClientCalls.java:139)
	at org.apache.ratis.proto.grpc.RaftServerProtocolServiceGrpc$RaftServerProtocolServiceBlockingStub.requestVote(RaftServerProtocolServiceGrpc.java:265)
	at org.apache.ratis.grpc.server.GrpcServerProtocolClient.requestVote(GrpcServerProtocolClient.java:99)
	at org.apache.ratis.grpc.server.GrpcService.requestVote(GrpcService.java:204)
	at org.apache.ratis.server.impl.LeaderElection.lambda$submitRequests$1(LeaderElection.java:234)
	at java.util.concurrent.FutureTask.run(FutureTask.java:266)
	at java.util.concurrent.Executors$RunnableAdapter.call(Executors.java:511)
	at java.util.concurrent.FutureTask.run(FutureTask.java:266)
	at java.util.concurrent.ThreadPoolExecutor.runWorker(ThreadPoolExecutor.java:1149)
	at java.util.concurrent.ThreadPoolExecutor$Worker.run(ThreadPoolExecutor.java:624)
	... 1 more
Caused by: org.apache.ratis.thirdparty.io.netty.channel.AbstractChannel$AnnotatedConnectException: Connection refused: /192.168.157.251:42113
	at sun.nio.ch.SocketChannelImpl.checkConnect(Native Method)
	at sun.nio.ch.SocketChannelImpl.finishConnect(SocketChannelImpl.java:717)
	at org.apache.ratis.thirdparty.io.netty.channel.socket.nio.NioSocketChannel.doFinishConnect(NioSocketChannel.java:327)
	at org.apache.ratis.thirdparty.io.netty.channel.nio.AbstractNioChannel$AbstractNioUnsafe.finishConnect(AbstractNioChannel.java:340)
	at org.apache.ratis.thirdparty.io.netty.channel.nio.NioEventLoop.processSelectedKey(NioEventLoop.java:632)
	at org.apache.ratis.thirdparty.io.netty.channel.nio.NioEventLoop.processSelectedKeysOptimized(NioEventLoop.java:579)
	at org.apache.ratis.thirdparty.io.netty.channel.nio.NioEventLoop.processSelectedKeys(NioEventLoop.java:496)
	at org.apache.ratis.thirdparty.io.netty.channel.nio.NioEventLoop.run(NioEventLoop.java:458)
	at org.apache.ratis.thirdparty.io.netty.util.concurrent.SingleThreadEventExecutor$5.run(SingleThreadEventExecutor.java:897)
	at org.apache.ratis.thirdparty.io.netty.util.concurrent.FastThreadLocalRunnable.run(FastThreadLocalRunnable.java:30)
	... 1 more
Caused by: java.net.ConnectException: Connection refused
	... 11 more
2019-10-17 18:51:20,622 [a5e79c22-a35f-4e50-b1fd-e91b6a93d74d@group-F775CA5912AC-LeaderElection407] INFO  impl.LeaderElection (LogUtils.java:infoOrTrace(149)) - a5e79c22-a35f-4e50-b1fd-e91b6a93d74d@group-F775CA5912AC-LeaderElection407 got exception when requesting votes: {}
java.util.concurrent.ExecutionException: org.apache.ratis.thirdparty.io.grpc.StatusRuntimeException: UNAVAILABLE: io exception
	at java.util.concurrent.FutureTask.report(FutureTask.java:122)
	at java.util.concurrent.FutureTask.get(FutureTask.java:192)
	at org.apache.ratis.server.impl.LeaderElection.waitForResults(LeaderElection.java:259)
	at org.apache.ratis.server.impl.LeaderElection.askForVotes(LeaderElection.java:197)
	at org.apache.ratis.server.impl.LeaderElection.run(LeaderElection.java:133)
	at java.lang.Thread.run(Thread.java:748)
Caused by: org.apache.ratis.thirdparty.io.grpc.StatusRuntimeException: UNAVAILABLE: io exception
	at org.apache.ratis.thirdparty.io.grpc.stub.ClientCalls.toStatusRuntimeException(ClientCalls.java:233)
	at org.apache.ratis.thirdparty.io.grpc.stub.ClientCalls.getUnchecked(ClientCalls.java:214)
	at org.apache.ratis.thirdparty.io.grpc.stub.ClientCalls.blockingUnaryCall(ClientCalls.java:139)
	at org.apache.ratis.proto.grpc.RaftServerProtocolServiceGrpc$RaftServerProtocolServiceBlockingStub.requestVote(RaftServerProtocolServiceGrpc.java:265)
	at org.apache.ratis.grpc.server.GrpcServerProtocolClient.requestVote(GrpcServerProtocolClient.java:99)
	at org.apache.ratis.grpc.server.GrpcService.requestVote(GrpcService.java:204)
	at org.apache.ratis.server.impl.LeaderElection.lambda$submitRequests$1(LeaderElection.java:234)
	at java.util.concurrent.FutureTask.run(FutureTask.java:266)
	at java.util.concurrent.Executors$RunnableAdapter.call(Executors.java:511)
	at java.util.concurrent.FutureTask.run(FutureTask.java:266)
	at java.util.concurrent.ThreadPoolExecutor.runWorker(ThreadPoolExecutor.java:1149)
	at java.util.concurrent.ThreadPoolExecutor$Worker.run(ThreadPoolExecutor.java:624)
	... 1 more
Caused by: org.apache.ratis.thirdparty.io.netty.channel.AbstractChannel$AnnotatedConnectException: Connection refused: /192.168.157.251:45025
	at sun.nio.ch.SocketChannelImpl.checkConnect(Native Method)
	at sun.nio.ch.SocketChannelImpl.finishConnect(SocketChannelImpl.java:717)
	at org.apache.ratis.thirdparty.io.netty.channel.socket.nio.NioSocketChannel.doFinishConnect(NioSocketChannel.java:327)
	at org.apache.ratis.thirdparty.io.netty.channel.nio.AbstractNioChannel$AbstractNioUnsafe.finishConnect(AbstractNioChannel.java:340)
	at org.apache.ratis.thirdparty.io.netty.channel.nio.NioEventLoop.processSelectedKey(NioEventLoop.java:632)
	at org.apache.ratis.thirdparty.io.netty.channel.nio.NioEventLoop.processSelectedKeysOptimized(NioEventLoop.java:579)
	at org.apache.ratis.thirdparty.io.netty.channel.nio.NioEventLoop.processSelectedKeys(NioEventLoop.java:496)
	at org.apache.ratis.thirdparty.io.netty.channel.nio.NioEventLoop.run(NioEventLoop.java:458)
	at org.apache.ratis.thirdparty.io.netty.util.concurrent.SingleThreadEventExecutor$5.run(SingleThreadEventExecutor.java:897)
	at org.apache.ratis.thirdparty.io.netty.util.concurrent.FastThreadLocalRunnable.run(FastThreadLocalRunnable.java:30)
	... 1 more
Caused by: java.net.ConnectException: Connection refused
	... 11 more
2019-10-17 18:51:20,622 [a5e79c22-a35f-4e50-b1fd-e91b6a93d74d@group-F775CA5912AC-LeaderElection407] INFO  impl.LeaderElection (LeaderElection.java:logAndReturn(56)) - a5e79c22-a35f-4e50-b1fd-e91b6a93d74d@group-F775CA5912AC-LeaderElection407: Election REJECTED; received 0 response(s) [] and 2 exception(s); a5e79c22-a35f-4e50-b1fd-e91b6a93d74d@group-F775CA5912AC:t244, leader=null, voted=a5e79c22-a35f-4e50-b1fd-e91b6a93d74d, raftlog=a5e79c22-a35f-4e50-b1fd-e91b6a93d74d@group-F775CA5912AC-SegmentedRaftLog:OPENED:c-1,f-1,i0, conf=-1: [a5e79c22-a35f-4e50-b1fd-e91b6a93d74d:192.168.157.251:45177, daae7813-f814-475d-9647-a302a5541e36:192.168.157.251:45025, 1e4e1375-1b66-460f-8c99-4c341545a119:192.168.157.251:42113], old=null
2019-10-17 18:51:20,622 [a5e79c22-a35f-4e50-b1fd-e91b6a93d74d@group-F775CA5912AC-LeaderElection407] INFO  impl.LeaderElection (LogUtils.java:infoOrTrace(149)) -   Exception 0: {}
java.util.concurrent.ExecutionException: org.apache.ratis.thirdparty.io.grpc.StatusRuntimeException: UNAVAILABLE: io exception
	at java.util.concurrent.FutureTask.report(FutureTask.java:122)
	at java.util.concurrent.FutureTask.get(FutureTask.java:192)
	at org.apache.ratis.server.impl.LeaderElection.waitForResults(LeaderElection.java:259)
	at org.apache.ratis.server.impl.LeaderElection.askForVotes(LeaderElection.java:197)
	at org.apache.ratis.server.impl.LeaderElection.run(LeaderElection.java:133)
	at java.lang.Thread.run(Thread.java:748)
Caused by: org.apache.ratis.thirdparty.io.grpc.StatusRuntimeException: UNAVAILABLE: io exception
	at org.apache.ratis.thirdparty.io.grpc.stub.ClientCalls.toStatusRuntimeException(ClientCalls.java:233)
	at org.apache.ratis.thirdparty.io.grpc.stub.ClientCalls.getUnchecked(ClientCalls.java:214)
	at org.apache.ratis.thirdparty.io.grpc.stub.ClientCalls.blockingUnaryCall(ClientCalls.java:139)
	at org.apache.ratis.proto.grpc.RaftServerProtocolServiceGrpc$RaftServerProtocolServiceBlockingStub.requestVote(RaftServerProtocolServiceGrpc.java:265)
	at org.apache.ratis.grpc.server.GrpcServerProtocolClient.requestVote(GrpcServerProtocolClient.java:99)
	at org.apache.ratis.grpc.server.GrpcService.requestVote(GrpcService.java:204)
	at org.apache.ratis.server.impl.LeaderElection.lambda$submitRequests$1(LeaderElection.java:234)
	at java.util.concurrent.FutureTask.run(FutureTask.java:266)
	at java.util.concurrent.Executors$RunnableAdapter.call(Executors.java:511)
	at java.util.concurrent.FutureTask.run(FutureTask.java:266)
	at java.util.concurrent.ThreadPoolExecutor.runWorker(ThreadPoolExecutor.java:1149)
	at java.util.concurrent.ThreadPoolExecutor$Worker.run(ThreadPoolExecutor.java:624)
	... 1 more
Caused by: org.apache.ratis.thirdparty.io.netty.channel.AbstractChannel$AnnotatedConnectException: Connection refused: /192.168.157.251:42113
	at sun.nio.ch.SocketChannelImpl.checkConnect(Native Method)
	at sun.nio.ch.SocketChannelImpl.finishConnect(SocketChannelImpl.java:717)
	at org.apache.ratis.thirdparty.io.netty.channel.socket.nio.NioSocketChannel.doFinishConnect(NioSocketChannel.java:327)
	at org.apache.ratis.thirdparty.io.netty.channel.nio.AbstractNioChannel$AbstractNioUnsafe.finishConnect(AbstractNioChannel.java:340)
	at org.apache.ratis.thirdparty.io.netty.channel.nio.NioEventLoop.processSelectedKey(NioEventLoop.java:632)
	at org.apache.ratis.thirdparty.io.netty.channel.nio.NioEventLoop.processSelectedKeysOptimized(NioEventLoop.java:579)
	at org.apache.ratis.thirdparty.io.netty.channel.nio.NioEventLoop.processSelectedKeys(NioEventLoop.java:496)
	at org.apache.ratis.thirdparty.io.netty.channel.nio.NioEventLoop.run(NioEventLoop.java:458)
	at org.apache.ratis.thirdparty.io.netty.util.concurrent.SingleThreadEventExecutor$5.run(SingleThreadEventExecutor.java:897)
	at org.apache.ratis.thirdparty.io.netty.util.concurrent.FastThreadLocalRunnable.run(FastThreadLocalRunnable.java:30)
	... 1 more
Caused by: java.net.ConnectException: Connection refused
	... 11 more
2019-10-17 18:51:20,623 [a5e79c22-a35f-4e50-b1fd-e91b6a93d74d@group-F775CA5912AC-LeaderElection407] INFO  impl.LeaderElection (LogUtils.java:infoOrTrace(149)) -   Exception 1: {}
java.util.concurrent.ExecutionException: org.apache.ratis.thirdparty.io.grpc.StatusRuntimeException: UNAVAILABLE: io exception
	at java.util.concurrent.FutureTask.report(FutureTask.java:122)
	at java.util.concurrent.FutureTask.get(FutureTask.java:192)
	at org.apache.ratis.server.impl.LeaderElection.waitForResults(LeaderElection.java:259)
	at org.apache.ratis.server.impl.LeaderElection.askForVotes(LeaderElection.java:197)
	at org.apache.ratis.server.impl.LeaderElection.run(LeaderElection.java:133)
	at java.lang.Thread.run(Thread.java:748)
Caused by: org.apache.ratis.thirdparty.io.grpc.StatusRuntimeException: UNAVAILABLE: io exception
	at org.apache.ratis.thirdparty.io.grpc.stub.ClientCalls.toStatusRuntimeException(ClientCalls.java:233)
	at org.apache.ratis.thirdparty.io.grpc.stub.ClientCalls.getUnchecked(ClientCalls.java:214)
	at org.apache.ratis.thirdparty.io.grpc.stub.ClientCalls.blockingUnaryCall(ClientCalls.java:139)
	at org.apache.ratis.proto.grpc.RaftServerProtocolServiceGrpc$RaftServerProtocolServiceBlockingStub.requestVote(RaftServerProtocolServiceGrpc.java:265)
	at org.apache.ratis.grpc.server.GrpcServerProtocolClient.requestVote(GrpcServerProtocolClient.java:99)
	at org.apache.ratis.grpc.server.GrpcService.requestVote(GrpcService.java:204)
	at org.apache.ratis.server.impl.LeaderElection.lambda$submitRequests$1(LeaderElection.java:234)
	at java.util.concurrent.FutureTask.run(FutureTask.java:266)
	at java.util.concurrent.Executors$RunnableAdapter.call(Executors.java:511)
	at java.util.concurrent.FutureTask.run(FutureTask.java:266)
	at java.util.concurrent.ThreadPoolExecutor.runWorker(ThreadPoolExecutor.java:1149)
	at java.util.concurrent.ThreadPoolExecutor$Worker.run(ThreadPoolExecutor.java:624)
	... 1 more
Caused by: org.apache.ratis.thirdparty.io.netty.channel.AbstractChannel$AnnotatedConnectException: Connection refused: /192.168.157.251:45025
	at sun.nio.ch.SocketChannelImpl.checkConnect(Native Method)
	at sun.nio.ch.SocketChannelImpl.finishConnect(SocketChannelImpl.java:717)
	at org.apache.ratis.thirdparty.io.netty.channel.socket.nio.NioSocketChannel.doFinishConnect(NioSocketChannel.java:327)
	at org.apache.ratis.thirdparty.io.netty.channel.nio.AbstractNioChannel$AbstractNioUnsafe.finishConnect(AbstractNioChannel.java:340)
	at org.apache.ratis.thirdparty.io.netty.channel.nio.NioEventLoop.processSelectedKey(NioEventLoop.java:632)
	at org.apache.ratis.thirdparty.io.netty.channel.nio.NioEventLoop.processSelectedKeysOptimized(NioEventLoop.java:579)
	at org.apache.ratis.thirdparty.io.netty.channel.nio.NioEventLoop.processSelectedKeys(NioEventLoop.java:496)
	at org.apache.ratis.thirdparty.io.netty.channel.nio.NioEventLoop.run(NioEventLoop.java:458)
	at org.apache.ratis.thirdparty.io.netty.util.concurrent.SingleThreadEventExecutor$5.run(SingleThreadEventExecutor.java:897)
	at org.apache.ratis.thirdparty.io.netty.util.concurrent.FastThreadLocalRunnable.run(FastThreadLocalRunnable.java:30)
	... 1 more
Caused by: java.net.ConnectException: Connection refused
	... 11 more
2019-10-17 18:51:20,623 [a5e79c22-a35f-4e50-b1fd-e91b6a93d74d@group-F775CA5912AC-LeaderElection407] INFO  impl.RaftServerImpl (RaftServerImpl.java:setRole(184)) - a5e79c22-a35f-4e50-b1fd-e91b6a93d74d@group-F775CA5912AC: changes role from CANDIDATE to FOLLOWER at term 244 for DISCOVERED_A_NEW_TERM
2019-10-17 18:51:20,623 [a5e79c22-a35f-4e50-b1fd-e91b6a93d74d@group-F775CA5912AC-LeaderElection407] INFO  impl.RoleInfo (RoleInfo.java:shutdownLeaderElection(134)) - a5e79c22-a35f-4e50-b1fd-e91b6a93d74d: shutdown LeaderElection
2019-10-17 18:51:20,623 [a5e79c22-a35f-4e50-b1fd-e91b6a93d74d@group-F775CA5912AC-LeaderElection407] INFO  impl.RoleInfo (RoleInfo.java:updateAndGet(143)) - a5e79c22-a35f-4e50-b1fd-e91b6a93d74d: start FollowerState
2019-10-17 18:51:20,639 [Thread-3180] INFO  impl.FollowerState (FollowerState.java:run(108)) - a5e79c22-a35f-4e50-b1fd-e91b6a93d74d@group-F775CA5912AC-FollowerState: change to CANDIDATE, lastRpcTime:16ms, electionTimeout:16ms
2019-10-17 18:51:20,640 [Thread-3180] INFO  impl.RoleInfo (RoleInfo.java:shutdownFollowerState(121)) - a5e79c22-a35f-4e50-b1fd-e91b6a93d74d: shutdown FollowerState
2019-10-17 18:51:20,640 [Thread-3180] INFO  impl.RaftServerImpl (RaftServerImpl.java:setRole(184)) - a5e79c22-a35f-4e50-b1fd-e91b6a93d74d@group-F775CA5912AC: changes role from  FOLLOWER to CANDIDATE at term 244 for changeToCandidate
2019-10-17 18:51:20,640 [Thread-3180] INFO  impl.RoleInfo (RoleInfo.java:updateAndGet(143)) - a5e79c22-a35f-4e50-b1fd-e91b6a93d74d: start LeaderElection
2019-10-17 18:51:20,672 [a5e79c22-a35f-4e50-b1fd-e91b6a93d74d@group-F775CA5912AC-LeaderElection408] INFO  impl.LeaderElection (LeaderElection.java:askForVotes(178)) - a5e79c22-a35f-4e50-b1fd-e91b6a93d74d@group-F775CA5912AC-LeaderElection408: begin an election at term 245 for -1: [a5e79c22-a35f-4e50-b1fd-e91b6a93d74d:192.168.157.251:45177, daae7813-f814-475d-9647-a302a5541e36:192.168.157.251:45025, 1e4e1375-1b66-460f-8c99-4c341545a119:192.168.157.251:42113], old=null
2019-10-17 18:51:20,673 [a5e79c22-a35f-4e50-b1fd-e91b6a93d74d@group-F775CA5912AC-LeaderElection408] INFO  impl.LeaderElection (LogUtils.java:infoOrTrace(149)) - a5e79c22-a35f-4e50-b1fd-e91b6a93d74d@group-F775CA5912AC-LeaderElection408 got exception when requesting votes: {}
java.util.concurrent.ExecutionException: org.apache.ratis.thirdparty.io.grpc.StatusRuntimeException: UNAVAILABLE: io exception
	at java.util.concurrent.FutureTask.report(FutureTask.java:122)
	at java.util.concurrent.FutureTask.get(FutureTask.java:192)
	at org.apache.ratis.server.impl.LeaderElection.waitForResults(LeaderElection.java:259)
	at org.apache.ratis.server.impl.LeaderElection.askForVotes(LeaderElection.java:197)
	at org.apache.ratis.server.impl.LeaderElection.run(LeaderElection.java:133)
	at java.lang.Thread.run(Thread.java:748)
Caused by: org.apache.ratis.thirdparty.io.grpc.StatusRuntimeException: UNAVAILABLE: io exception
	at org.apache.ratis.thirdparty.io.grpc.stub.ClientCalls.toStatusRuntimeException(ClientCalls.java:233)
	at org.apache.ratis.thirdparty.io.grpc.stub.ClientCalls.getUnchecked(ClientCalls.java:214)
	at org.apache.ratis.thirdparty.io.grpc.stub.ClientCalls.blockingUnaryCall(ClientCalls.java:139)
	at org.apache.ratis.proto.grpc.RaftServerProtocolServiceGrpc$RaftServerProtocolServiceBlockingStub.requestVote(RaftServerProtocolServiceGrpc.java:265)
	at org.apache.ratis.grpc.server.GrpcServerProtocolClient.requestVote(GrpcServerProtocolClient.java:99)
	at org.apache.ratis.grpc.server.GrpcService.requestVote(GrpcService.java:204)
	at org.apache.ratis.server.impl.LeaderElection.lambda$submitRequests$1(LeaderElection.java:234)
	at java.util.concurrent.FutureTask.run(FutureTask.java:266)
	at java.util.concurrent.Executors$RunnableAdapter.call(Executors.java:511)
	at java.util.concurrent.FutureTask.run(FutureTask.java:266)
	at java.util.concurrent.ThreadPoolExecutor.runWorker(ThreadPoolExecutor.java:1149)
	at java.util.concurrent.ThreadPoolExecutor$Worker.run(ThreadPoolExecutor.java:624)
	... 1 more
Caused by: org.apache.ratis.thirdparty.io.netty.channel.AbstractChannel$AnnotatedConnectException: Connection refused: /192.168.157.251:42113
	at sun.nio.ch.SocketChannelImpl.checkConnect(Native Method)
	at sun.nio.ch.SocketChannelImpl.finishConnect(SocketChannelImpl.java:717)
	at org.apache.ratis.thirdparty.io.netty.channel.socket.nio.NioSocketChannel.doFinishConnect(NioSocketChannel.java:327)
	at org.apache.ratis.thirdparty.io.netty.channel.nio.AbstractNioChannel$AbstractNioUnsafe.finishConnect(AbstractNioChannel.java:340)
	at org.apache.ratis.thirdparty.io.netty.channel.nio.NioEventLoop.processSelectedKey(NioEventLoop.java:632)
	at org.apache.ratis.thirdparty.io.netty.channel.nio.NioEventLoop.processSelectedKeysOptimized(NioEventLoop.java:579)
	at org.apache.ratis.thirdparty.io.netty.channel.nio.NioEventLoop.processSelectedKeys(NioEventLoop.java:496)
	at org.apache.ratis.thirdparty.io.netty.channel.nio.NioEventLoop.run(NioEventLoop.java:458)
	at org.apache.ratis.thirdparty.io.netty.util.concurrent.SingleThreadEventExecutor$5.run(SingleThreadEventExecutor.java:897)
	at org.apache.ratis.thirdparty.io.netty.util.concurrent.FastThreadLocalRunnable.run(FastThreadLocalRunnable.java:30)
	... 1 more
Caused by: java.net.ConnectException: Connection refused
	... 11 more
2019-10-17 18:51:20,673 [a5e79c22-a35f-4e50-b1fd-e91b6a93d74d@group-F775CA5912AC-LeaderElection408] INFO  impl.LeaderElection (LogUtils.java:infoOrTrace(149)) - a5e79c22-a35f-4e50-b1fd-e91b6a93d74d@group-F775CA5912AC-LeaderElection408 got exception when requesting votes: {}
java.util.concurrent.ExecutionException: org.apache.ratis.thirdparty.io.grpc.StatusRuntimeException: UNAVAILABLE: io exception
	at java.util.concurrent.FutureTask.report(FutureTask.java:122)
	at java.util.concurrent.FutureTask.get(FutureTask.java:192)
	at org.apache.ratis.server.impl.LeaderElection.waitForResults(LeaderElection.java:259)
	at org.apache.ratis.server.impl.LeaderElection.askForVotes(LeaderElection.java:197)
	at org.apache.ratis.server.impl.LeaderElection.run(LeaderElection.java:133)
	at java.lang.Thread.run(Thread.java:748)
Caused by: org.apache.ratis.thirdparty.io.grpc.StatusRuntimeException: UNAVAILABLE: io exception
	at org.apache.ratis.thirdparty.io.grpc.stub.ClientCalls.toStatusRuntimeException(ClientCalls.java:233)
	at org.apache.ratis.thirdparty.io.grpc.stub.ClientCalls.getUnchecked(ClientCalls.java:214)
	at org.apache.ratis.thirdparty.io.grpc.stub.ClientCalls.blockingUnaryCall(ClientCalls.java:139)
	at org.apache.ratis.proto.grpc.RaftServerProtocolServiceGrpc$RaftServerProtocolServiceBlockingStub.requestVote(RaftServerProtocolServiceGrpc.java:265)
	at org.apache.ratis.grpc.server.GrpcServerProtocolClient.requestVote(GrpcServerProtocolClient.java:99)
	at org.apache.ratis.grpc.server.GrpcService.requestVote(GrpcService.java:204)
	at org.apache.ratis.server.impl.LeaderElection.lambda$submitRequests$1(LeaderElection.java:234)
	at java.util.concurrent.FutureTask.run(FutureTask.java:266)
	at java.util.concurrent.Executors$RunnableAdapter.call(Executors.java:511)
	at java.util.concurrent.FutureTask.run(FutureTask.java:266)
	at java.util.concurrent.ThreadPoolExecutor.runWorker(ThreadPoolExecutor.java:1149)
	at java.util.concurrent.ThreadPoolExecutor$Worker.run(ThreadPoolExecutor.java:624)
	... 1 more
Caused by: org.apache.ratis.thirdparty.io.netty.channel.AbstractChannel$AnnotatedConnectException: Connection refused: /192.168.157.251:45025
	at sun.nio.ch.SocketChannelImpl.checkConnect(Native Method)
	at sun.nio.ch.SocketChannelImpl.finishConnect(SocketChannelImpl.java:717)
	at org.apache.ratis.thirdparty.io.netty.channel.socket.nio.NioSocketChannel.doFinishConnect(NioSocketChannel.java:327)
	at org.apache.ratis.thirdparty.io.netty.channel.nio.AbstractNioChannel$AbstractNioUnsafe.finishConnect(AbstractNioChannel.java:340)
	at org.apache.ratis.thirdparty.io.netty.channel.nio.NioEventLoop.processSelectedKey(NioEventLoop.java:632)
	at org.apache.ratis.thirdparty.io.netty.channel.nio.NioEventLoop.processSelectedKeysOptimized(NioEventLoop.java:579)
	at org.apache.ratis.thirdparty.io.netty.channel.nio.NioEventLoop.processSelectedKeys(NioEventLoop.java:496)
	at org.apache.ratis.thirdparty.io.netty.channel.nio.NioEventLoop.run(NioEventLoop.java:458)
	at org.apache.ratis.thirdparty.io.netty.util.concurrent.SingleThreadEventExecutor$5.run(SingleThreadEventExecutor.java:897)
	at org.apache.ratis.thirdparty.io.netty.util.concurrent.FastThreadLocalRunnable.run(FastThreadLocalRunnable.java:30)
	... 1 more
Caused by: java.net.ConnectException: Connection refused
	... 11 more
2019-10-17 18:51:20,674 [a5e79c22-a35f-4e50-b1fd-e91b6a93d74d@group-F775CA5912AC-LeaderElection408] INFO  impl.LeaderElection (LeaderElection.java:logAndReturn(56)) - a5e79c22-a35f-4e50-b1fd-e91b6a93d74d@group-F775CA5912AC-LeaderElection408: Election REJECTED; received 0 response(s) [] and 2 exception(s); a5e79c22-a35f-4e50-b1fd-e91b6a93d74d@group-F775CA5912AC:t245, leader=null, voted=a5e79c22-a35f-4e50-b1fd-e91b6a93d74d, raftlog=a5e79c22-a35f-4e50-b1fd-e91b6a93d74d@group-F775CA5912AC-SegmentedRaftLog:OPENED:c-1,f-1,i0, conf=-1: [a5e79c22-a35f-4e50-b1fd-e91b6a93d74d:192.168.157.251:45177, daae7813-f814-475d-9647-a302a5541e36:192.168.157.251:45025, 1e4e1375-1b66-460f-8c99-4c341545a119:192.168.157.251:42113], old=null
2019-10-17 18:51:20,674 [a5e79c22-a35f-4e50-b1fd-e91b6a93d74d@group-F775CA5912AC-LeaderElection408] INFO  impl.LeaderElection (LogUtils.java:infoOrTrace(149)) -   Exception 0: {}
java.util.concurrent.ExecutionException: org.apache.ratis.thirdparty.io.grpc.StatusRuntimeException: UNAVAILABLE: io exception
	at java.util.concurrent.FutureTask.report(FutureTask.java:122)
	at java.util.concurrent.FutureTask.get(FutureTask.java:192)
	at org.apache.ratis.server.impl.LeaderElection.waitForResults(LeaderElection.java:259)
	at org.apache.ratis.server.impl.LeaderElection.askForVotes(LeaderElection.java:197)
	at org.apache.ratis.server.impl.LeaderElection.run(LeaderElection.java:133)
	at java.lang.Thread.run(Thread.java:748)
Caused by: org.apache.ratis.thirdparty.io.grpc.StatusRuntimeException: UNAVAILABLE: io exception
	at org.apache.ratis.thirdparty.io.grpc.stub.ClientCalls.toStatusRuntimeException(ClientCalls.java:233)
	at org.apache.ratis.thirdparty.io.grpc.stub.ClientCalls.getUnchecked(ClientCalls.java:214)
	at org.apache.ratis.thirdparty.io.grpc.stub.ClientCalls.blockingUnaryCall(ClientCalls.java:139)
	at org.apache.ratis.proto.grpc.RaftServerProtocolServiceGrpc$RaftServerProtocolServiceBlockingStub.requestVote(RaftServerProtocolServiceGrpc.java:265)
	at org.apache.ratis.grpc.server.GrpcServerProtocolClient.requestVote(GrpcServerProtocolClient.java:99)
	at org.apache.ratis.grpc.server.GrpcService.requestVote(GrpcService.java:204)
	at org.apache.ratis.server.impl.LeaderElection.lambda$submitRequests$1(LeaderElection.java:234)
	at java.util.concurrent.FutureTask.run(FutureTask.java:266)
	at java.util.concurrent.Executors$RunnableAdapter.call(Executors.java:511)
	at java.util.concurrent.FutureTask.run(FutureTask.java:266)
	at java.util.concurrent.ThreadPoolExecutor.runWorker(ThreadPoolExecutor.java:1149)
	at java.util.concurrent.ThreadPoolExecutor$Worker.run(ThreadPoolExecutor.java:624)
	... 1 more
Caused by: org.apache.ratis.thirdparty.io.netty.channel.AbstractChannel$AnnotatedConnectException: Connection refused: /192.168.157.251:42113
	at sun.nio.ch.SocketChannelImpl.checkConnect(Native Method)
	at sun.nio.ch.SocketChannelImpl.finishConnect(SocketChannelImpl.java:717)
	at org.apache.ratis.thirdparty.io.netty.channel.socket.nio.NioSocketChannel.doFinishConnect(NioSocketChannel.java:327)
	at org.apache.ratis.thirdparty.io.netty.channel.nio.AbstractNioChannel$AbstractNioUnsafe.finishConnect(AbstractNioChannel.java:340)
	at org.apache.ratis.thirdparty.io.netty.channel.nio.NioEventLoop.processSelectedKey(NioEventLoop.java:632)
	at org.apache.ratis.thirdparty.io.netty.channel.nio.NioEventLoop.processSelectedKeysOptimized(NioEventLoop.java:579)
	at org.apache.ratis.thirdparty.io.netty.channel.nio.NioEventLoop.processSelectedKeys(NioEventLoop.java:496)
	at org.apache.ratis.thirdparty.io.netty.channel.nio.NioEventLoop.run(NioEventLoop.java:458)
	at org.apache.ratis.thirdparty.io.netty.util.concurrent.SingleThreadEventExecutor$5.run(SingleThreadEventExecutor.java:897)
	at org.apache.ratis.thirdparty.io.netty.util.concurrent.FastThreadLocalRunnable.run(FastThreadLocalRunnable.java:30)
	... 1 more
Caused by: java.net.ConnectException: Connection refused
	... 11 more
2019-10-17 18:51:20,675 [a5e79c22-a35f-4e50-b1fd-e91b6a93d74d@group-F775CA5912AC-LeaderElection408] INFO  impl.LeaderElection (LogUtils.java:infoOrTrace(149)) -   Exception 1: {}
java.util.concurrent.ExecutionException: org.apache.ratis.thirdparty.io.grpc.StatusRuntimeException: UNAVAILABLE: io exception
	at java.util.concurrent.FutureTask.report(FutureTask.java:122)
	at java.util.concurrent.FutureTask.get(FutureTask.java:192)
	at org.apache.ratis.server.impl.LeaderElection.waitForResults(LeaderElection.java:259)
	at org.apache.ratis.server.impl.LeaderElection.askForVotes(LeaderElection.java:197)
	at org.apache.ratis.server.impl.LeaderElection.run(LeaderElection.java:133)
	at java.lang.Thread.run(Thread.java:748)
Caused by: org.apache.ratis.thirdparty.io.grpc.StatusRuntimeException: UNAVAILABLE: io exception
	at org.apache.ratis.thirdparty.io.grpc.stub.ClientCalls.toStatusRuntimeException(ClientCalls.java:233)
	at org.apache.ratis.thirdparty.io.grpc.stub.ClientCalls.getUnchecked(ClientCalls.java:214)
	at org.apache.ratis.thirdparty.io.grpc.stub.ClientCalls.blockingUnaryCall(ClientCalls.java:139)
	at org.apache.ratis.proto.grpc.RaftServerProtocolServiceGrpc$RaftServerProtocolServiceBlockingStub.requestVote(RaftServerProtocolServiceGrpc.java:265)
	at org.apache.ratis.grpc.server.GrpcServerProtocolClient.requestVote(GrpcServerProtocolClient.java:99)
	at org.apache.ratis.grpc.server.GrpcService.requestVote(GrpcService.java:204)
	at org.apache.ratis.server.impl.LeaderElection.lambda$submitRequests$1(LeaderElection.java:234)
	at java.util.concurrent.FutureTask.run(FutureTask.java:266)
	at java.util.concurrent.Executors$RunnableAdapter.call(Executors.java:511)
	at java.util.concurrent.FutureTask.run(FutureTask.java:266)
	at java.util.concurrent.ThreadPoolExecutor.runWorker(ThreadPoolExecutor.java:1149)
	at java.util.concurrent.ThreadPoolExecutor$Worker.run(ThreadPoolExecutor.java:624)
	... 1 more
Caused by: org.apache.ratis.thirdparty.io.netty.channel.AbstractChannel$AnnotatedConnectException: Connection refused: /192.168.157.251:45025
	at sun.nio.ch.SocketChannelImpl.checkConnect(Native Method)
	at sun.nio.ch.SocketChannelImpl.finishConnect(SocketChannelImpl.java:717)
	at org.apache.ratis.thirdparty.io.netty.channel.socket.nio.NioSocketChannel.doFinishConnect(NioSocketChannel.java:327)
	at org.apache.ratis.thirdparty.io.netty.channel.nio.AbstractNioChannel$AbstractNioUnsafe.finishConnect(AbstractNioChannel.java:340)
	at org.apache.ratis.thirdparty.io.netty.channel.nio.NioEventLoop.processSelectedKey(NioEventLoop.java:632)
	at org.apache.ratis.thirdparty.io.netty.channel.nio.NioEventLoop.processSelectedKeysOptimized(NioEventLoop.java:579)
	at org.apache.ratis.thirdparty.io.netty.channel.nio.NioEventLoop.processSelectedKeys(NioEventLoop.java:496)
	at org.apache.ratis.thirdparty.io.netty.channel.nio.NioEventLoop.run(NioEventLoop.java:458)
	at org.apache.ratis.thirdparty.io.netty.util.concurrent.SingleThreadEventExecutor$5.run(SingleThreadEventExecutor.java:897)
	at org.apache.ratis.thirdparty.io.netty.util.concurrent.FastThreadLocalRunnable.run(FastThreadLocalRunnable.java:30)
	... 1 more
Caused by: java.net.ConnectException: Connection refused
	... 11 more
2019-10-17 18:51:20,675 [a5e79c22-a35f-4e50-b1fd-e91b6a93d74d@group-F775CA5912AC-LeaderElection408] INFO  impl.RaftServerImpl (RaftServerImpl.java:setRole(184)) - a5e79c22-a35f-4e50-b1fd-e91b6a93d74d@group-F775CA5912AC: changes role from CANDIDATE to FOLLOWER at term 245 for DISCOVERED_A_NEW_TERM
2019-10-17 18:51:20,675 [a5e79c22-a35f-4e50-b1fd-e91b6a93d74d@group-F775CA5912AC-LeaderElection408] INFO  impl.RoleInfo (RoleInfo.java:shutdownLeaderElection(134)) - a5e79c22-a35f-4e50-b1fd-e91b6a93d74d: shutdown LeaderElection
2019-10-17 18:51:20,675 [a5e79c22-a35f-4e50-b1fd-e91b6a93d74d@group-F775CA5912AC-LeaderElection408] INFO  impl.RoleInfo (RoleInfo.java:updateAndGet(143)) - a5e79c22-a35f-4e50-b1fd-e91b6a93d74d: start FollowerState
2019-10-17 18:51:20,767 [Thread-3184] INFO  impl.FollowerState (FollowerState.java:run(108)) - a5e79c22-a35f-4e50-b1fd-e91b6a93d74d@group-F775CA5912AC-FollowerState: change to CANDIDATE, lastRpcTime:91ms, electionTimeout:91ms
2019-10-17 18:51:20,767 [Thread-3184] INFO  impl.RoleInfo (RoleInfo.java:shutdownFollowerState(121)) - a5e79c22-a35f-4e50-b1fd-e91b6a93d74d: shutdown FollowerState
2019-10-17 18:51:20,767 [Thread-3184] INFO  impl.RaftServerImpl (RaftServerImpl.java:setRole(184)) - a5e79c22-a35f-4e50-b1fd-e91b6a93d74d@group-F775CA5912AC: changes role from  FOLLOWER to CANDIDATE at term 245 for changeToCandidate
2019-10-17 18:51:20,767 [Thread-3184] INFO  impl.RoleInfo (RoleInfo.java:updateAndGet(143)) - a5e79c22-a35f-4e50-b1fd-e91b6a93d74d: start LeaderElection
2019-10-17 18:51:20,782 [a5e79c22-a35f-4e50-b1fd-e91b6a93d74d@group-F775CA5912AC-LeaderElection409] INFO  impl.LeaderElection (LeaderElection.java:askForVotes(178)) - a5e79c22-a35f-4e50-b1fd-e91b6a93d74d@group-F775CA5912AC-LeaderElection409: begin an election at term 246 for -1: [a5e79c22-a35f-4e50-b1fd-e91b6a93d74d:192.168.157.251:45177, daae7813-f814-475d-9647-a302a5541e36:192.168.157.251:45025, 1e4e1375-1b66-460f-8c99-4c341545a119:192.168.157.251:42113], old=null
2019-10-17 18:51:20,782 [a5e79c22-a35f-4e50-b1fd-e91b6a93d74d@group-F775CA5912AC-LeaderElection409] INFO  impl.LeaderElection (LogUtils.java:infoOrTrace(149)) - a5e79c22-a35f-4e50-b1fd-e91b6a93d74d@group-F775CA5912AC-LeaderElection409 got exception when requesting votes: {}
java.util.concurrent.ExecutionException: org.apache.ratis.thirdparty.io.grpc.StatusRuntimeException: UNAVAILABLE: io exception
	at java.util.concurrent.FutureTask.report(FutureTask.java:122)
	at java.util.concurrent.FutureTask.get(FutureTask.java:192)
	at org.apache.ratis.server.impl.LeaderElection.waitForResults(LeaderElection.java:259)
	at org.apache.ratis.server.impl.LeaderElection.askForVotes(LeaderElection.java:197)
	at org.apache.ratis.server.impl.LeaderElection.run(LeaderElection.java:133)
	at java.lang.Thread.run(Thread.java:748)
Caused by: org.apache.ratis.thirdparty.io.grpc.StatusRuntimeException: UNAVAILABLE: io exception
	at org.apache.ratis.thirdparty.io.grpc.stub.ClientCalls.toStatusRuntimeException(ClientCalls.java:233)
	at org.apache.ratis.thirdparty.io.grpc.stub.ClientCalls.getUnchecked(ClientCalls.java:214)
	at org.apache.ratis.thirdparty.io.grpc.stub.ClientCalls.blockingUnaryCall(ClientCalls.java:139)
	at org.apache.ratis.proto.grpc.RaftServerProtocolServiceGrpc$RaftServerProtocolServiceBlockingStub.requestVote(RaftServerProtocolServiceGrpc.java:265)
	at org.apache.ratis.grpc.server.GrpcServerProtocolClient.requestVote(GrpcServerProtocolClient.java:99)
	at org.apache.ratis.grpc.server.GrpcService.requestVote(GrpcService.java:204)
	at org.apache.ratis.server.impl.LeaderElection.lambda$submitRequests$1(LeaderElection.java:234)
	at java.util.concurrent.FutureTask.run(FutureTask.java:266)
	at java.util.concurrent.Executors$RunnableAdapter.call(Executors.java:511)
	at java.util.concurrent.FutureTask.run(FutureTask.java:266)
	at java.util.concurrent.ThreadPoolExecutor.runWorker(ThreadPoolExecutor.java:1149)
	at java.util.concurrent.ThreadPoolExecutor$Worker.run(ThreadPoolExecutor.java:624)
	... 1 more
Caused by: org.apache.ratis.thirdparty.io.netty.channel.AbstractChannel$AnnotatedConnectException: Connection refused: /192.168.157.251:45025
	at sun.nio.ch.SocketChannelImpl.checkConnect(Native Method)
	at sun.nio.ch.SocketChannelImpl.finishConnect(SocketChannelImpl.java:717)
	at org.apache.ratis.thirdparty.io.netty.channel.socket.nio.NioSocketChannel.doFinishConnect(NioSocketChannel.java:327)
	at org.apache.ratis.thirdparty.io.netty.channel.nio.AbstractNioChannel$AbstractNioUnsafe.finishConnect(AbstractNioChannel.java:340)
	at org.apache.ratis.thirdparty.io.netty.channel.nio.NioEventLoop.processSelectedKey(NioEventLoop.java:632)
	at org.apache.ratis.thirdparty.io.netty.channel.nio.NioEventLoop.processSelectedKeysOptimized(NioEventLoop.java:579)
	at org.apache.ratis.thirdparty.io.netty.channel.nio.NioEventLoop.processSelectedKeys(NioEventLoop.java:496)
	at org.apache.ratis.thirdparty.io.netty.channel.nio.NioEventLoop.run(NioEventLoop.java:458)
	at org.apache.ratis.thirdparty.io.netty.util.concurrent.SingleThreadEventExecutor$5.run(SingleThreadEventExecutor.java:897)
	at org.apache.ratis.thirdparty.io.netty.util.concurrent.FastThreadLocalRunnable.run(FastThreadLocalRunnable.java:30)
	... 1 more
Caused by: java.net.ConnectException: Connection refused
	... 11 more
2019-10-17 18:51:20,783 [a5e79c22-a35f-4e50-b1fd-e91b6a93d74d@group-F775CA5912AC-LeaderElection409] INFO  impl.LeaderElection (LogUtils.java:infoOrTrace(149)) - a5e79c22-a35f-4e50-b1fd-e91b6a93d74d@group-F775CA5912AC-LeaderElection409 got exception when requesting votes: {}
java.util.concurrent.ExecutionException: org.apache.ratis.thirdparty.io.grpc.StatusRuntimeException: UNAVAILABLE: io exception
	at java.util.concurrent.FutureTask.report(FutureTask.java:122)
	at java.util.concurrent.FutureTask.get(FutureTask.java:192)
	at org.apache.ratis.server.impl.LeaderElection.waitForResults(LeaderElection.java:259)
	at org.apache.ratis.server.impl.LeaderElection.askForVotes(LeaderElection.java:197)
	at org.apache.ratis.server.impl.LeaderElection.run(LeaderElection.java:133)
	at java.lang.Thread.run(Thread.java:748)
Caused by: org.apache.ratis.thirdparty.io.grpc.StatusRuntimeException: UNAVAILABLE: io exception
	at org.apache.ratis.thirdparty.io.grpc.stub.ClientCalls.toStatusRuntimeException(ClientCalls.java:233)
	at org.apache.ratis.thirdparty.io.grpc.stub.ClientCalls.getUnchecked(ClientCalls.java:214)
	at org.apache.ratis.thirdparty.io.grpc.stub.ClientCalls.blockingUnaryCall(ClientCalls.java:139)
	at org.apache.ratis.proto.grpc.RaftServerProtocolServiceGrpc$RaftServerProtocolServiceBlockingStub.requestVote(RaftServerProtocolServiceGrpc.java:265)
	at org.apache.ratis.grpc.server.GrpcServerProtocolClient.requestVote(GrpcServerProtocolClient.java:99)
	at org.apache.ratis.grpc.server.GrpcService.requestVote(GrpcService.java:204)
	at org.apache.ratis.server.impl.LeaderElection.lambda$submitRequests$1(LeaderElection.java:234)
	at java.util.concurrent.FutureTask.run(FutureTask.java:266)
	at java.util.concurrent.Executors$RunnableAdapter.call(Executors.java:511)
	at java.util.concurrent.FutureTask.run(FutureTask.java:266)
	at java.util.concurrent.ThreadPoolExecutor.runWorker(ThreadPoolExecutor.java:1149)
	at java.util.concurrent.ThreadPoolExecutor$Worker.run(ThreadPoolExecutor.java:624)
	... 1 more
Caused by: org.apache.ratis.thirdparty.io.netty.channel.AbstractChannel$AnnotatedConnectException: Connection refused: /192.168.157.251:42113
	at sun.nio.ch.SocketChannelImpl.checkConnect(Native Method)
	at sun.nio.ch.SocketChannelImpl.finishConnect(SocketChannelImpl.java:717)
	at org.apache.ratis.thirdparty.io.netty.channel.socket.nio.NioSocketChannel.doFinishConnect(NioSocketChannel.java:327)
	at org.apache.ratis.thirdparty.io.netty.channel.nio.AbstractNioChannel$AbstractNioUnsafe.finishConnect(AbstractNioChannel.java:340)
	at org.apache.ratis.thirdparty.io.netty.channel.nio.NioEventLoop.processSelectedKey(NioEventLoop.java:632)
	at org.apache.ratis.thirdparty.io.netty.channel.nio.NioEventLoop.processSelectedKeysOptimized(NioEventLoop.java:579)
	at org.apache.ratis.thirdparty.io.netty.channel.nio.NioEventLoop.processSelectedKeys(NioEventLoop.java:496)
	at org.apache.ratis.thirdparty.io.netty.channel.nio.NioEventLoop.run(NioEventLoop.java:458)
	at org.apache.ratis.thirdparty.io.netty.util.concurrent.SingleThreadEventExecutor$5.run(SingleThreadEventExecutor.java:897)
	at org.apache.ratis.thirdparty.io.netty.util.concurrent.FastThreadLocalRunnable.run(FastThreadLocalRunnable.java:30)
	... 1 more
Caused by: java.net.ConnectException: Connection refused
	... 11 more
2019-10-17 18:51:20,783 [a5e79c22-a35f-4e50-b1fd-e91b6a93d74d@group-F775CA5912AC-LeaderElection409] INFO  impl.LeaderElection (LeaderElection.java:logAndReturn(56)) - a5e79c22-a35f-4e50-b1fd-e91b6a93d74d@group-F775CA5912AC-LeaderElection409: Election REJECTED; received 0 response(s) [] and 2 exception(s); a5e79c22-a35f-4e50-b1fd-e91b6a93d74d@group-F775CA5912AC:t246, leader=null, voted=a5e79c22-a35f-4e50-b1fd-e91b6a93d74d, raftlog=a5e79c22-a35f-4e50-b1fd-e91b6a93d74d@group-F775CA5912AC-SegmentedRaftLog:OPENED:c-1,f-1,i0, conf=-1: [a5e79c22-a35f-4e50-b1fd-e91b6a93d74d:192.168.157.251:45177, daae7813-f814-475d-9647-a302a5541e36:192.168.157.251:45025, 1e4e1375-1b66-460f-8c99-4c341545a119:192.168.157.251:42113], old=null
2019-10-17 18:51:20,783 [a5e79c22-a35f-4e50-b1fd-e91b6a93d74d@group-F775CA5912AC-LeaderElection409] INFO  impl.LeaderElection (LogUtils.java:infoOrTrace(149)) -   Exception 0: {}
java.util.concurrent.ExecutionException: org.apache.ratis.thirdparty.io.grpc.StatusRuntimeException: UNAVAILABLE: io exception
	at java.util.concurrent.FutureTask.report(FutureTask.java:122)
	at java.util.concurrent.FutureTask.get(FutureTask.java:192)
	at org.apache.ratis.server.impl.LeaderElection.waitForResults(LeaderElection.java:259)
	at org.apache.ratis.server.impl.LeaderElection.askForVotes(LeaderElection.java:197)
	at org.apache.ratis.server.impl.LeaderElection.run(LeaderElection.java:133)
	at java.lang.Thread.run(Thread.java:748)
Caused by: org.apache.ratis.thirdparty.io.grpc.StatusRuntimeException: UNAVAILABLE: io exception
	at org.apache.ratis.thirdparty.io.grpc.stub.ClientCalls.toStatusRuntimeException(ClientCalls.java:233)
	at org.apache.ratis.thirdparty.io.grpc.stub.ClientCalls.getUnchecked(ClientCalls.java:214)
	at org.apache.ratis.thirdparty.io.grpc.stub.ClientCalls.blockingUnaryCall(ClientCalls.java:139)
	at org.apache.ratis.proto.grpc.RaftServerProtocolServiceGrpc$RaftServerProtocolServiceBlockingStub.requestVote(RaftServerProtocolServiceGrpc.java:265)
	at org.apache.ratis.grpc.server.GrpcServerProtocolClient.requestVote(GrpcServerProtocolClient.java:99)
	at org.apache.ratis.grpc.server.GrpcService.requestVote(GrpcService.java:204)
	at org.apache.ratis.server.impl.LeaderElection.lambda$submitRequests$1(LeaderElection.java:234)
	at java.util.concurrent.FutureTask.run(FutureTask.java:266)
	at java.util.concurrent.Executors$RunnableAdapter.call(Executors.java:511)
	at java.util.concurrent.FutureTask.run(FutureTask.java:266)
	at java.util.concurrent.ThreadPoolExecutor.runWorker(ThreadPoolExecutor.java:1149)
	at java.util.concurrent.ThreadPoolExecutor$Worker.run(ThreadPoolExecutor.java:624)
	... 1 more
Caused by: org.apache.ratis.thirdparty.io.netty.channel.AbstractChannel$AnnotatedConnectException: Connection refused: /192.168.157.251:45025
	at sun.nio.ch.SocketChannelImpl.checkConnect(Native Method)
	at sun.nio.ch.SocketChannelImpl.finishConnect(SocketChannelImpl.java:717)
	at org.apache.ratis.thirdparty.io.netty.channel.socket.nio.NioSocketChannel.doFinishConnect(NioSocketChannel.java:327)
	at org.apache.ratis.thirdparty.io.netty.channel.nio.AbstractNioChannel$AbstractNioUnsafe.finishConnect(AbstractNioChannel.java:340)
	at org.apache.ratis.thirdparty.io.netty.channel.nio.NioEventLoop.processSelectedKey(NioEventLoop.java:632)
	at org.apache.ratis.thirdparty.io.netty.channel.nio.NioEventLoop.processSelectedKeysOptimized(NioEventLoop.java:579)
	at org.apache.ratis.thirdparty.io.netty.channel.nio.NioEventLoop.processSelectedKeys(NioEventLoop.java:496)
	at org.apache.ratis.thirdparty.io.netty.channel.nio.NioEventLoop.run(NioEventLoop.java:458)
	at org.apache.ratis.thirdparty.io.netty.util.concurrent.SingleThreadEventExecutor$5.run(SingleThreadEventExecutor.java:897)
	at org.apache.ratis.thirdparty.io.netty.util.concurrent.FastThreadLocalRunnable.run(FastThreadLocalRunnable.java:30)
	... 1 more
Caused by: java.net.ConnectException: Connection refused
	... 11 more
2019-10-17 18:51:20,783 [a5e79c22-a35f-4e50-b1fd-e91b6a93d74d@group-F775CA5912AC-LeaderElection409] INFO  impl.LeaderElection (LogUtils.java:infoOrTrace(149)) -   Exception 1: {}
java.util.concurrent.ExecutionException: org.apache.ratis.thirdparty.io.grpc.StatusRuntimeException: UNAVAILABLE: io exception
	at java.util.concurrent.FutureTask.report(FutureTask.java:122)
	at java.util.concurrent.FutureTask.get(FutureTask.java:192)
	at org.apache.ratis.server.impl.LeaderElection.waitForResults(LeaderElection.java:259)
	at org.apache.ratis.server.impl.LeaderElection.askForVotes(LeaderElection.java:197)
	at org.apache.ratis.server.impl.LeaderElection.run(LeaderElection.java:133)
	at java.lang.Thread.run(Thread.java:748)
Caused by: org.apache.ratis.thirdparty.io.grpc.StatusRuntimeException: UNAVAILABLE: io exception
	at org.apache.ratis.thirdparty.io.grpc.stub.ClientCalls.toStatusRuntimeException(ClientCalls.java:233)
	at org.apache.ratis.thirdparty.io.grpc.stub.ClientCalls.getUnchecked(ClientCalls.java:214)
	at org.apache.ratis.thirdparty.io.grpc.stub.ClientCalls.blockingUnaryCall(ClientCalls.java:139)
	at org.apache.ratis.proto.grpc.RaftServerProtocolServiceGrpc$RaftServerProtocolServiceBlockingStub.requestVote(RaftServerProtocolServiceGrpc.java:265)
	at org.apache.ratis.grpc.server.GrpcServerProtocolClient.requestVote(GrpcServerProtocolClient.java:99)
	at org.apache.ratis.grpc.server.GrpcService.requestVote(GrpcService.java:204)
	at org.apache.ratis.server.impl.LeaderElection.lambda$submitRequests$1(LeaderElection.java:234)
	at java.util.concurrent.FutureTask.run(FutureTask.java:266)
	at java.util.concurrent.Executors$RunnableAdapter.call(Executors.java:511)
	at java.util.concurrent.FutureTask.run(FutureTask.java:266)
	at java.util.concurrent.ThreadPoolExecutor.runWorker(ThreadPoolExecutor.java:1149)
	at java.util.concurrent.ThreadPoolExecutor$Worker.run(ThreadPoolExecutor.java:624)
	... 1 more
Caused by: org.apache.ratis.thirdparty.io.netty.channel.AbstractChannel$AnnotatedConnectException: Connection refused: /192.168.157.251:42113
	at sun.nio.ch.SocketChannelImpl.checkConnect(Native Method)
	at sun.nio.ch.SocketChannelImpl.finishConnect(SocketChannelImpl.java:717)
	at org.apache.ratis.thirdparty.io.netty.channel.socket.nio.NioSocketChannel.doFinishConnect(NioSocketChannel.java:327)
	at org.apache.ratis.thirdparty.io.netty.channel.nio.AbstractNioChannel$AbstractNioUnsafe.finishConnect(AbstractNioChannel.java:340)
	at org.apache.ratis.thirdparty.io.netty.channel.nio.NioEventLoop.processSelectedKey(NioEventLoop.java:632)
	at org.apache.ratis.thirdparty.io.netty.channel.nio.NioEventLoop.processSelectedKeysOptimized(NioEventLoop.java:579)
	at org.apache.ratis.thirdparty.io.netty.channel.nio.NioEventLoop.processSelectedKeys(NioEventLoop.java:496)
	at org.apache.ratis.thirdparty.io.netty.channel.nio.NioEventLoop.run(NioEventLoop.java:458)
	at org.apache.ratis.thirdparty.io.netty.util.concurrent.SingleThreadEventExecutor$5.run(SingleThreadEventExecutor.java:897)
	at org.apache.ratis.thirdparty.io.netty.util.concurrent.FastThreadLocalRunnable.run(FastThreadLocalRunnable.java:30)
	... 1 more
Caused by: java.net.ConnectException: Connection refused
	... 11 more
2019-10-17 18:51:20,784 [a5e79c22-a35f-4e50-b1fd-e91b6a93d74d@group-F775CA5912AC-LeaderElection409] INFO  impl.RaftServerImpl (RaftServerImpl.java:setRole(184)) - a5e79c22-a35f-4e50-b1fd-e91b6a93d74d@group-F775CA5912AC: changes role from CANDIDATE to FOLLOWER at term 246 for DISCOVERED_A_NEW_TERM
2019-10-17 18:51:20,784 [a5e79c22-a35f-4e50-b1fd-e91b6a93d74d@group-F775CA5912AC-LeaderElection409] INFO  impl.RoleInfo (RoleInfo.java:shutdownLeaderElection(134)) - a5e79c22-a35f-4e50-b1fd-e91b6a93d74d: shutdown LeaderElection
2019-10-17 18:51:20,784 [a5e79c22-a35f-4e50-b1fd-e91b6a93d74d@group-F775CA5912AC-LeaderElection409] INFO  impl.RoleInfo (RoleInfo.java:updateAndGet(143)) - a5e79c22-a35f-4e50-b1fd-e91b6a93d74d: start FollowerState
2019-10-17 18:51:20,866 [java.util.concurrent.ThreadPoolExecutor$Worker@5bc0d76f[State = -1, empty queue]] WARN  server.GrpcLogAppender (GrpcLogAppender.java:timeoutAppendRequest(209)) - 8f4f8799-ef18-41e5-9bb8-2f724208e999@group-9D6F8169C5E6->0fe4833c-4439-4309-b94b-508419b07a37-GrpcLogAppender: appendEntries Timeout, request=8f4f8799-ef18-41e5-9bb8-2f724208e999->0fe4833c-4439-4309-b94b-508419b07a37#83-t7, previous=(t:7, i:19), leaderCommit=19, initializing? false, entries: <empty>
2019-10-17 18:51:20,901 [Thread-3188] INFO  impl.FollowerState (FollowerState.java:run(108)) - a5e79c22-a35f-4e50-b1fd-e91b6a93d74d@group-F775CA5912AC-FollowerState: change to CANDIDATE, lastRpcTime:117ms, electionTimeout:117ms
2019-10-17 18:51:20,902 [Thread-3188] INFO  impl.RoleInfo (RoleInfo.java:shutdownFollowerState(121)) - a5e79c22-a35f-4e50-b1fd-e91b6a93d74d: shutdown FollowerState
2019-10-17 18:51:20,902 [Thread-3188] INFO  impl.RaftServerImpl (RaftServerImpl.java:setRole(184)) - a5e79c22-a35f-4e50-b1fd-e91b6a93d74d@group-F775CA5912AC: changes role from  FOLLOWER to CANDIDATE at term 246 for changeToCandidate
2019-10-17 18:51:20,902 [Thread-3188] INFO  impl.RoleInfo (RoleInfo.java:updateAndGet(143)) - a5e79c22-a35f-4e50-b1fd-e91b6a93d74d: start LeaderElection
2019-10-17 18:51:20,928 [a5e79c22-a35f-4e50-b1fd-e91b6a93d74d@group-F775CA5912AC-LeaderElection410] INFO  impl.LeaderElection (LeaderElection.java:askForVotes(178)) - a5e79c22-a35f-4e50-b1fd-e91b6a93d74d@group-F775CA5912AC-LeaderElection410: begin an election at term 247 for -1: [a5e79c22-a35f-4e50-b1fd-e91b6a93d74d:192.168.157.251:45177, daae7813-f814-475d-9647-a302a5541e36:192.168.157.251:45025, 1e4e1375-1b66-460f-8c99-4c341545a119:192.168.157.251:42113], old=null
2019-10-17 18:51:20,929 [a5e79c22-a35f-4e50-b1fd-e91b6a93d74d@group-F775CA5912AC-LeaderElection410] INFO  impl.LeaderElection (LogUtils.java:infoOrTrace(149)) - a5e79c22-a35f-4e50-b1fd-e91b6a93d74d@group-F775CA5912AC-LeaderElection410 got exception when requesting votes: {}
java.util.concurrent.ExecutionException: org.apache.ratis.thirdparty.io.grpc.StatusRuntimeException: UNAVAILABLE: io exception
	at java.util.concurrent.FutureTask.report(FutureTask.java:122)
	at java.util.concurrent.FutureTask.get(FutureTask.java:192)
	at org.apache.ratis.server.impl.LeaderElection.waitForResults(LeaderElection.java:259)
	at org.apache.ratis.server.impl.LeaderElection.askForVotes(LeaderElection.java:197)
	at org.apache.ratis.server.impl.LeaderElection.run(LeaderElection.java:133)
	at java.lang.Thread.run(Thread.java:748)
Caused by: org.apache.ratis.thirdparty.io.grpc.StatusRuntimeException: UNAVAILABLE: io exception
	at org.apache.ratis.thirdparty.io.grpc.stub.ClientCalls.toStatusRuntimeException(ClientCalls.java:233)
	at org.apache.ratis.thirdparty.io.grpc.stub.ClientCalls.getUnchecked(ClientCalls.java:214)
	at org.apache.ratis.thirdparty.io.grpc.stub.ClientCalls.blockingUnaryCall(ClientCalls.java:139)
	at org.apache.ratis.proto.grpc.RaftServerProtocolServiceGrpc$RaftServerProtocolServiceBlockingStub.requestVote(RaftServerProtocolServiceGrpc.java:265)
	at org.apache.ratis.grpc.server.GrpcServerProtocolClient.requestVote(GrpcServerProtocolClient.java:99)
	at org.apache.ratis.grpc.server.GrpcService.requestVote(GrpcService.java:204)
	at org.apache.ratis.server.impl.LeaderElection.lambda$submitRequests$1(LeaderElection.java:234)
	at java.util.concurrent.FutureTask.run(FutureTask.java:266)
	at java.util.concurrent.Executors$RunnableAdapter.call(Executors.java:511)
	at java.util.concurrent.FutureTask.run(FutureTask.java:266)
	at java.util.concurrent.ThreadPoolExecutor.runWorker(ThreadPoolExecutor.java:1149)
	at java.util.concurrent.ThreadPoolExecutor$Worker.run(ThreadPoolExecutor.java:624)
	... 1 more
Caused by: org.apache.ratis.thirdparty.io.netty.channel.AbstractChannel$AnnotatedConnectException: Connection refused: /192.168.157.251:42113
	at sun.nio.ch.SocketChannelImpl.checkConnect(Native Method)
	at sun.nio.ch.SocketChannelImpl.finishConnect(SocketChannelImpl.java:717)
	at org.apache.ratis.thirdparty.io.netty.channel.socket.nio.NioSocketChannel.doFinishConnect(NioSocketChannel.java:327)
	at org.apache.ratis.thirdparty.io.netty.channel.nio.AbstractNioChannel$AbstractNioUnsafe.finishConnect(AbstractNioChannel.java:340)
	at org.apache.ratis.thirdparty.io.netty.channel.nio.NioEventLoop.processSelectedKey(NioEventLoop.java:632)
	at org.apache.ratis.thirdparty.io.netty.channel.nio.NioEventLoop.processSelectedKeysOptimized(NioEventLoop.java:579)
	at org.apache.ratis.thirdparty.io.netty.channel.nio.NioEventLoop.processSelectedKeys(NioEventLoop.java:496)
	at org.apache.ratis.thirdparty.io.netty.channel.nio.NioEventLoop.run(NioEventLoop.java:458)
	at org.apache.ratis.thirdparty.io.netty.util.concurrent.SingleThreadEventExecutor$5.run(SingleThreadEventExecutor.java:897)
	at org.apache.ratis.thirdparty.io.netty.util.concurrent.FastThreadLocalRunnable.run(FastThreadLocalRunnable.java:30)
	... 1 more
Caused by: java.net.ConnectException: Connection refused
	... 11 more
2019-10-17 18:51:20,930 [a5e79c22-a35f-4e50-b1fd-e91b6a93d74d@group-F775CA5912AC-LeaderElection410] INFO  impl.LeaderElection (LogUtils.java:infoOrTrace(149)) - a5e79c22-a35f-4e50-b1fd-e91b6a93d74d@group-F775CA5912AC-LeaderElection410 got exception when requesting votes: {}
java.util.concurrent.ExecutionException: org.apache.ratis.thirdparty.io.grpc.StatusRuntimeException: UNAVAILABLE: io exception
	at java.util.concurrent.FutureTask.report(FutureTask.java:122)
	at java.util.concurrent.FutureTask.get(FutureTask.java:192)
	at org.apache.ratis.server.impl.LeaderElection.waitForResults(LeaderElection.java:259)
	at org.apache.ratis.server.impl.LeaderElection.askForVotes(LeaderElection.java:197)
	at org.apache.ratis.server.impl.LeaderElection.run(LeaderElection.java:133)
	at java.lang.Thread.run(Thread.java:748)
Caused by: org.apache.ratis.thirdparty.io.grpc.StatusRuntimeException: UNAVAILABLE: io exception
	at org.apache.ratis.thirdparty.io.grpc.stub.ClientCalls.toStatusRuntimeException(ClientCalls.java:233)
	at org.apache.ratis.thirdparty.io.grpc.stub.ClientCalls.getUnchecked(ClientCalls.java:214)
	at org.apache.ratis.thirdparty.io.grpc.stub.ClientCalls.blockingUnaryCall(ClientCalls.java:139)
	at org.apache.ratis.proto.grpc.RaftServerProtocolServiceGrpc$RaftServerProtocolServiceBlockingStub.requestVote(RaftServerProtocolServiceGrpc.java:265)
	at org.apache.ratis.grpc.server.GrpcServerProtocolClient.requestVote(GrpcServerProtocolClient.java:99)
	at org.apache.ratis.grpc.server.GrpcService.requestVote(GrpcService.java:204)
	at org.apache.ratis.server.impl.LeaderElection.lambda$submitRequests$1(LeaderElection.java:234)
	at java.util.concurrent.FutureTask.run(FutureTask.java:266)
	at java.util.concurrent.Executors$RunnableAdapter.call(Executors.java:511)
	at java.util.concurrent.FutureTask.run(FutureTask.java:266)
	at java.util.concurrent.ThreadPoolExecutor.runWorker(ThreadPoolExecutor.java:1149)
	at java.util.concurrent.ThreadPoolExecutor$Worker.run(ThreadPoolExecutor.java:624)
	... 1 more
Caused by: org.apache.ratis.thirdparty.io.netty.channel.AbstractChannel$AnnotatedConnectException: Connection refused: /192.168.157.251:45025
	at sun.nio.ch.SocketChannelImpl.checkConnect(Native Method)
	at sun.nio.ch.SocketChannelImpl.finishConnect(SocketChannelImpl.java:717)
	at org.apache.ratis.thirdparty.io.netty.channel.socket.nio.NioSocketChannel.doFinishConnect(NioSocketChannel.java:327)
	at org.apache.ratis.thirdparty.io.netty.channel.nio.AbstractNioChannel$AbstractNioUnsafe.finishConnect(AbstractNioChannel.java:340)
	at org.apache.ratis.thirdparty.io.netty.channel.nio.NioEventLoop.processSelectedKey(NioEventLoop.java:632)
	at org.apache.ratis.thirdparty.io.netty.channel.nio.NioEventLoop.processSelectedKeysOptimized(NioEventLoop.java:579)
	at org.apache.ratis.thirdparty.io.netty.channel.nio.NioEventLoop.processSelectedKeys(NioEventLoop.java:496)
	at org.apache.ratis.thirdparty.io.netty.channel.nio.NioEventLoop.run(NioEventLoop.java:458)
	at org.apache.ratis.thirdparty.io.netty.util.concurrent.SingleThreadEventExecutor$5.run(SingleThreadEventExecutor.java:897)
	at org.apache.ratis.thirdparty.io.netty.util.concurrent.FastThreadLocalRunnable.run(FastThreadLocalRunnable.java:30)
	... 1 more
Caused by: java.net.ConnectException: Connection refused
	... 11 more
2019-10-17 18:51:20,930 [a5e79c22-a35f-4e50-b1fd-e91b6a93d74d@group-F775CA5912AC-LeaderElection410] INFO  impl.LeaderElection (LeaderElection.java:logAndReturn(56)) - a5e79c22-a35f-4e50-b1fd-e91b6a93d74d@group-F775CA5912AC-LeaderElection410: Election REJECTED; received 0 response(s) [] and 2 exception(s); a5e79c22-a35f-4e50-b1fd-e91b6a93d74d@group-F775CA5912AC:t247, leader=null, voted=a5e79c22-a35f-4e50-b1fd-e91b6a93d74d, raftlog=a5e79c22-a35f-4e50-b1fd-e91b6a93d74d@group-F775CA5912AC-SegmentedRaftLog:OPENED:c-1,f-1,i0, conf=-1: [a5e79c22-a35f-4e50-b1fd-e91b6a93d74d:192.168.157.251:45177, daae7813-f814-475d-9647-a302a5541e36:192.168.157.251:45025, 1e4e1375-1b66-460f-8c99-4c341545a119:192.168.157.251:42113], old=null
2019-10-17 18:51:20,931 [a5e79c22-a35f-4e50-b1fd-e91b6a93d74d@group-F775CA5912AC-LeaderElection410] INFO  impl.LeaderElection (LogUtils.java:infoOrTrace(149)) -   Exception 0: {}
java.util.concurrent.ExecutionException: org.apache.ratis.thirdparty.io.grpc.StatusRuntimeException: UNAVAILABLE: io exception
	at java.util.concurrent.FutureTask.report(FutureTask.java:122)
	at java.util.concurrent.FutureTask.get(FutureTask.java:192)
	at org.apache.ratis.server.impl.LeaderElection.waitForResults(LeaderElection.java:259)
	at org.apache.ratis.server.impl.LeaderElection.askForVotes(LeaderElection.java:197)
	at org.apache.ratis.server.impl.LeaderElection.run(LeaderElection.java:133)
	at java.lang.Thread.run(Thread.java:748)
Caused by: org.apache.ratis.thirdparty.io.grpc.StatusRuntimeException: UNAVAILABLE: io exception
	at org.apache.ratis.thirdparty.io.grpc.stub.ClientCalls.toStatusRuntimeException(ClientCalls.java:233)
	at org.apache.ratis.thirdparty.io.grpc.stub.ClientCalls.getUnchecked(ClientCalls.java:214)
	at org.apache.ratis.thirdparty.io.grpc.stub.ClientCalls.blockingUnaryCall(ClientCalls.java:139)
	at org.apache.ratis.proto.grpc.RaftServerProtocolServiceGrpc$RaftServerProtocolServiceBlockingStub.requestVote(RaftServerProtocolServiceGrpc.java:265)
	at org.apache.ratis.grpc.server.GrpcServerProtocolClient.requestVote(GrpcServerProtocolClient.java:99)
	at org.apache.ratis.grpc.server.GrpcService.requestVote(GrpcService.java:204)
	at org.apache.ratis.server.impl.LeaderElection.lambda$submitRequests$1(LeaderElection.java:234)
	at java.util.concurrent.FutureTask.run(FutureTask.java:266)
	at java.util.concurrent.Executors$RunnableAdapter.call(Executors.java:511)
	at java.util.concurrent.FutureTask.run(FutureTask.java:266)
	at java.util.concurrent.ThreadPoolExecutor.runWorker(ThreadPoolExecutor.java:1149)
	at java.util.concurrent.ThreadPoolExecutor$Worker.run(ThreadPoolExecutor.java:624)
	... 1 more
Caused by: org.apache.ratis.thirdparty.io.netty.channel.AbstractChannel$AnnotatedConnectException: Connection refused: /192.168.157.251:42113
	at sun.nio.ch.SocketChannelImpl.checkConnect(Native Method)
	at sun.nio.ch.SocketChannelImpl.finishConnect(SocketChannelImpl.java:717)
	at org.apache.ratis.thirdparty.io.netty.channel.socket.nio.NioSocketChannel.doFinishConnect(NioSocketChannel.java:327)
	at org.apache.ratis.thirdparty.io.netty.channel.nio.AbstractNioChannel$AbstractNioUnsafe.finishConnect(AbstractNioChannel.java:340)
	at org.apache.ratis.thirdparty.io.netty.channel.nio.NioEventLoop.processSelectedKey(NioEventLoop.java:632)
	at org.apache.ratis.thirdparty.io.netty.channel.nio.NioEventLoop.processSelectedKeysOptimized(NioEventLoop.java:579)
	at org.apache.ratis.thirdparty.io.netty.channel.nio.NioEventLoop.processSelectedKeys(NioEventLoop.java:496)
	at org.apache.ratis.thirdparty.io.netty.channel.nio.NioEventLoop.run(NioEventLoop.java:458)
	at org.apache.ratis.thirdparty.io.netty.util.concurrent.SingleThreadEventExecutor$5.run(SingleThreadEventExecutor.java:897)
	at org.apache.ratis.thirdparty.io.netty.util.concurrent.FastThreadLocalRunnable.run(FastThreadLocalRunnable.java:30)
	... 1 more
Caused by: java.net.ConnectException: Connection refused
	... 11 more
2019-10-17 18:51:20,931 [a5e79c22-a35f-4e50-b1fd-e91b6a93d74d@group-F775CA5912AC-LeaderElection410] INFO  impl.LeaderElection (LogUtils.java:infoOrTrace(149)) -   Exception 1: {}
java.util.concurrent.ExecutionException: org.apache.ratis.thirdparty.io.grpc.StatusRuntimeException: UNAVAILABLE: io exception
	at java.util.concurrent.FutureTask.report(FutureTask.java:122)
	at java.util.concurrent.FutureTask.get(FutureTask.java:192)
	at org.apache.ratis.server.impl.LeaderElection.waitForResults(LeaderElection.java:259)
	at org.apache.ratis.server.impl.LeaderElection.askForVotes(LeaderElection.java:197)
	at org.apache.ratis.server.impl.LeaderElection.run(LeaderElection.java:133)
	at java.lang.Thread.run(Thread.java:748)
Caused by: org.apache.ratis.thirdparty.io.grpc.StatusRuntimeException: UNAVAILABLE: io exception
	at org.apache.ratis.thirdparty.io.grpc.stub.ClientCalls.toStatusRuntimeException(ClientCalls.java:233)
	at org.apache.ratis.thirdparty.io.grpc.stub.ClientCalls.getUnchecked(ClientCalls.java:214)
	at org.apache.ratis.thirdparty.io.grpc.stub.ClientCalls.blockingUnaryCall(ClientCalls.java:139)
	at org.apache.ratis.proto.grpc.RaftServerProtocolServiceGrpc$RaftServerProtocolServiceBlockingStub.requestVote(RaftServerProtocolServiceGrpc.java:265)
	at org.apache.ratis.grpc.server.GrpcServerProtocolClient.requestVote(GrpcServerProtocolClient.java:99)
	at org.apache.ratis.grpc.server.GrpcService.requestVote(GrpcService.java:204)
	at org.apache.ratis.server.impl.LeaderElection.lambda$submitRequests$1(LeaderElection.java:234)
	at java.util.concurrent.FutureTask.run(FutureTask.java:266)
	at java.util.concurrent.Executors$RunnableAdapter.call(Executors.java:511)
	at java.util.concurrent.FutureTask.run(FutureTask.java:266)
	at java.util.concurrent.ThreadPoolExecutor.runWorker(ThreadPoolExecutor.java:1149)
	at java.util.concurrent.ThreadPoolExecutor$Worker.run(ThreadPoolExecutor.java:624)
	... 1 more
Caused by: org.apache.ratis.thirdparty.io.netty.channel.AbstractChannel$AnnotatedConnectException: Connection refused: /192.168.157.251:45025
	at sun.nio.ch.SocketChannelImpl.checkConnect(Native Method)
	at sun.nio.ch.SocketChannelImpl.finishConnect(SocketChannelImpl.java:717)
	at org.apache.ratis.thirdparty.io.netty.channel.socket.nio.NioSocketChannel.doFinishConnect(NioSocketChannel.java:327)
	at org.apache.ratis.thirdparty.io.netty.channel.nio.AbstractNioChannel$AbstractNioUnsafe.finishConnect(AbstractNioChannel.java:340)
	at org.apache.ratis.thirdparty.io.netty.channel.nio.NioEventLoop.processSelectedKey(NioEventLoop.java:632)
	at org.apache.ratis.thirdparty.io.netty.channel.nio.NioEventLoop.processSelectedKeysOptimized(NioEventLoop.java:579)
	at org.apache.ratis.thirdparty.io.netty.channel.nio.NioEventLoop.processSelectedKeys(NioEventLoop.java:496)
	at org.apache.ratis.thirdparty.io.netty.channel.nio.NioEventLoop.run(NioEventLoop.java:458)
	at org.apache.ratis.thirdparty.io.netty.util.concurrent.SingleThreadEventExecutor$5.run(SingleThreadEventExecutor.java:897)
	at org.apache.ratis.thirdparty.io.netty.util.concurrent.FastThreadLocalRunnable.run(FastThreadLocalRunnable.java:30)
	... 1 more
Caused by: java.net.ConnectException: Connection refused
	... 11 more
2019-10-17 18:51:20,931 [a5e79c22-a35f-4e50-b1fd-e91b6a93d74d@group-F775CA5912AC-LeaderElection410] INFO  impl.RaftServerImpl (RaftServerImpl.java:setRole(184)) - a5e79c22-a35f-4e50-b1fd-e91b6a93d74d@group-F775CA5912AC: changes role from CANDIDATE to FOLLOWER at term 247 for DISCOVERED_A_NEW_TERM
2019-10-17 18:51:20,932 [a5e79c22-a35f-4e50-b1fd-e91b6a93d74d@group-F775CA5912AC-LeaderElection410] INFO  impl.RoleInfo (RoleInfo.java:shutdownLeaderElection(134)) - a5e79c22-a35f-4e50-b1fd-e91b6a93d74d: shutdown LeaderElection
2019-10-17 18:51:20,932 [a5e79c22-a35f-4e50-b1fd-e91b6a93d74d@group-F775CA5912AC-LeaderElection410] INFO  impl.RoleInfo (RoleInfo.java:updateAndGet(143)) - a5e79c22-a35f-4e50-b1fd-e91b6a93d74d: start FollowerState
2019-10-17 18:51:21,004 [Datanode State Machine Thread - 0] INFO  statemachine.DatanodeStateMachine (DatanodeStateMachine.java:lambda$startDaemon$0(350)) - Ozone container server started.
2019-10-17 18:51:21,012 [Thread-3192] INFO  impl.FollowerState (FollowerState.java:run(108)) - a5e79c22-a35f-4e50-b1fd-e91b6a93d74d@group-F775CA5912AC-FollowerState: change to CANDIDATE, lastRpcTime:80ms, electionTimeout:80ms
2019-10-17 18:51:21,012 [Thread-3192] INFO  impl.RoleInfo (RoleInfo.java:shutdownFollowerState(121)) - a5e79c22-a35f-4e50-b1fd-e91b6a93d74d: shutdown FollowerState
2019-10-17 18:51:21,012 [Thread-3192] INFO  impl.RaftServerImpl (RaftServerImpl.java:setRole(184)) - a5e79c22-a35f-4e50-b1fd-e91b6a93d74d@group-F775CA5912AC: changes role from  FOLLOWER to CANDIDATE at term 247 for changeToCandidate
2019-10-17 18:51:21,013 [Thread-3192] INFO  impl.RoleInfo (RoleInfo.java:updateAndGet(143)) - a5e79c22-a35f-4e50-b1fd-e91b6a93d74d: start LeaderElection
2019-10-17 18:51:21,028 [a5e79c22-a35f-4e50-b1fd-e91b6a93d74d@group-F775CA5912AC-LeaderElection411] INFO  impl.LeaderElection (LeaderElection.java:askForVotes(178)) - a5e79c22-a35f-4e50-b1fd-e91b6a93d74d@group-F775CA5912AC-LeaderElection411: begin an election at term 248 for -1: [a5e79c22-a35f-4e50-b1fd-e91b6a93d74d:192.168.157.251:45177, daae7813-f814-475d-9647-a302a5541e36:192.168.157.251:45025, 1e4e1375-1b66-460f-8c99-4c341545a119:192.168.157.251:42113], old=null
2019-10-17 18:51:21,029 [a5e79c22-a35f-4e50-b1fd-e91b6a93d74d@group-F775CA5912AC-LeaderElection411] INFO  impl.LeaderElection (LogUtils.java:infoOrTrace(149)) - a5e79c22-a35f-4e50-b1fd-e91b6a93d74d@group-F775CA5912AC-LeaderElection411 got exception when requesting votes: {}
java.util.concurrent.ExecutionException: org.apache.ratis.thirdparty.io.grpc.StatusRuntimeException: UNAVAILABLE: io exception
	at java.util.concurrent.FutureTask.report(FutureTask.java:122)
	at java.util.concurrent.FutureTask.get(FutureTask.java:192)
	at org.apache.ratis.server.impl.LeaderElection.waitForResults(LeaderElection.java:259)
	at org.apache.ratis.server.impl.LeaderElection.askForVotes(LeaderElection.java:197)
	at org.apache.ratis.server.impl.LeaderElection.run(LeaderElection.java:133)
	at java.lang.Thread.run(Thread.java:748)
Caused by: org.apache.ratis.thirdparty.io.grpc.StatusRuntimeException: UNAVAILABLE: io exception
	at org.apache.ratis.thirdparty.io.grpc.stub.ClientCalls.toStatusRuntimeException(ClientCalls.java:233)
	at org.apache.ratis.thirdparty.io.grpc.stub.ClientCalls.getUnchecked(ClientCalls.java:214)
	at org.apache.ratis.thirdparty.io.grpc.stub.ClientCalls.blockingUnaryCall(ClientCalls.java:139)
	at org.apache.ratis.proto.grpc.RaftServerProtocolServiceGrpc$RaftServerProtocolServiceBlockingStub.requestVote(RaftServerProtocolServiceGrpc.java:265)
	at org.apache.ratis.grpc.server.GrpcServerProtocolClient.requestVote(GrpcServerProtocolClient.java:99)
	at org.apache.ratis.grpc.server.GrpcService.requestVote(GrpcService.java:204)
	at org.apache.ratis.server.impl.LeaderElection.lambda$submitRequests$1(LeaderElection.java:234)
	at java.util.concurrent.FutureTask.run(FutureTask.java:266)
	at java.util.concurrent.Executors$RunnableAdapter.call(Executors.java:511)
	at java.util.concurrent.FutureTask.run(FutureTask.java:266)
	at java.util.concurrent.ThreadPoolExecutor.runWorker(ThreadPoolExecutor.java:1149)
	at java.util.concurrent.ThreadPoolExecutor$Worker.run(ThreadPoolExecutor.java:624)
	... 1 more
Caused by: org.apache.ratis.thirdparty.io.netty.channel.AbstractChannel$AnnotatedConnectException: Connection refused: /192.168.157.251:45025
	at sun.nio.ch.SocketChannelImpl.checkConnect(Native Method)
	at sun.nio.ch.SocketChannelImpl.finishConnect(SocketChannelImpl.java:717)
	at org.apache.ratis.thirdparty.io.netty.channel.socket.nio.NioSocketChannel.doFinishConnect(NioSocketChannel.java:327)
	at org.apache.ratis.thirdparty.io.netty.channel.nio.AbstractNioChannel$AbstractNioUnsafe.finishConnect(AbstractNioChannel.java:340)
	at org.apache.ratis.thirdparty.io.netty.channel.nio.NioEventLoop.processSelectedKey(NioEventLoop.java:632)
	at org.apache.ratis.thirdparty.io.netty.channel.nio.NioEventLoop.processSelectedKeysOptimized(NioEventLoop.java:579)
	at org.apache.ratis.thirdparty.io.netty.channel.nio.NioEventLoop.processSelectedKeys(NioEventLoop.java:496)
	at org.apache.ratis.thirdparty.io.netty.channel.nio.NioEventLoop.run(NioEventLoop.java:458)
	at org.apache.ratis.thirdparty.io.netty.util.concurrent.SingleThreadEventExecutor$5.run(SingleThreadEventExecutor.java:897)
	at org.apache.ratis.thirdparty.io.netty.util.concurrent.FastThreadLocalRunnable.run(FastThreadLocalRunnable.java:30)
	... 1 more
Caused by: java.net.ConnectException: Connection refused
	... 11 more
2019-10-17 18:51:21,030 [a5e79c22-a35f-4e50-b1fd-e91b6a93d74d@group-F775CA5912AC-LeaderElection411] INFO  impl.LeaderElection (LogUtils.java:infoOrTrace(149)) - a5e79c22-a35f-4e50-b1fd-e91b6a93d74d@group-F775CA5912AC-LeaderElection411 got exception when requesting votes: {}
java.util.concurrent.ExecutionException: org.apache.ratis.thirdparty.io.grpc.StatusRuntimeException: UNAVAILABLE: io exception
	at java.util.concurrent.FutureTask.report(FutureTask.java:122)
	at java.util.concurrent.FutureTask.get(FutureTask.java:192)
	at org.apache.ratis.server.impl.LeaderElection.waitForResults(LeaderElection.java:259)
	at org.apache.ratis.server.impl.LeaderElection.askForVotes(LeaderElection.java:197)
	at org.apache.ratis.server.impl.LeaderElection.run(LeaderElection.java:133)
	at java.lang.Thread.run(Thread.java:748)
Caused by: org.apache.ratis.thirdparty.io.grpc.StatusRuntimeException: UNAVAILABLE: io exception
	at org.apache.ratis.thirdparty.io.grpc.stub.ClientCalls.toStatusRuntimeException(ClientCalls.java:233)
	at org.apache.ratis.thirdparty.io.grpc.stub.ClientCalls.getUnchecked(ClientCalls.java:214)
	at org.apache.ratis.thirdparty.io.grpc.stub.ClientCalls.blockingUnaryCall(ClientCalls.java:139)
	at org.apache.ratis.proto.grpc.RaftServerProtocolServiceGrpc$RaftServerProtocolServiceBlockingStub.requestVote(RaftServerProtocolServiceGrpc.java:265)
	at org.apache.ratis.grpc.server.GrpcServerProtocolClient.requestVote(GrpcServerProtocolClient.java:99)
	at org.apache.ratis.grpc.server.GrpcService.requestVote(GrpcService.java:204)
	at org.apache.ratis.server.impl.LeaderElection.lambda$submitRequests$1(LeaderElection.java:234)
	at java.util.concurrent.FutureTask.run(FutureTask.java:266)
	at java.util.concurrent.Executors$RunnableAdapter.call(Executors.java:511)
	at java.util.concurrent.FutureTask.run(FutureTask.java:266)
	at java.util.concurrent.ThreadPoolExecutor.runWorker(ThreadPoolExecutor.java:1149)
	at java.util.concurrent.ThreadPoolExecutor$Worker.run(ThreadPoolExecutor.java:624)
	... 1 more
Caused by: org.apache.ratis.thirdparty.io.netty.channel.AbstractChannel$AnnotatedConnectException: Connection refused: /192.168.157.251:42113
	at sun.nio.ch.SocketChannelImpl.checkConnect(Native Method)
	at sun.nio.ch.SocketChannelImpl.finishConnect(SocketChannelImpl.java:717)
	at org.apache.ratis.thirdparty.io.netty.channel.socket.nio.NioSocketChannel.doFinishConnect(NioSocketChannel.java:327)
	at org.apache.ratis.thirdparty.io.netty.channel.nio.AbstractNioChannel$AbstractNioUnsafe.finishConnect(AbstractNioChannel.java:340)
	at org.apache.ratis.thirdparty.io.netty.channel.nio.NioEventLoop.processSelectedKey(NioEventLoop.java:632)
	at org.apache.ratis.thirdparty.io.netty.channel.nio.NioEventLoop.processSelectedKeysOptimized(NioEventLoop.java:579)
	at org.apache.ratis.thirdparty.io.netty.channel.nio.NioEventLoop.processSelectedKeys(NioEventLoop.java:496)
	at org.apache.ratis.thirdparty.io.netty.channel.nio.NioEventLoop.run(NioEventLoop.java:458)
	at org.apache.ratis.thirdparty.io.netty.util.concurrent.SingleThreadEventExecutor$5.run(SingleThreadEventExecutor.java:897)
	at org.apache.ratis.thirdparty.io.netty.util.concurrent.FastThreadLocalRunnable.run(FastThreadLocalRunnable.java:30)
	... 1 more
Caused by: java.net.ConnectException: Connection refused
	... 11 more
2019-10-17 18:51:21,030 [a5e79c22-a35f-4e50-b1fd-e91b6a93d74d@group-F775CA5912AC-LeaderElection411] INFO  impl.LeaderElection (LeaderElection.java:logAndReturn(56)) - a5e79c22-a35f-4e50-b1fd-e91b6a93d74d@group-F775CA5912AC-LeaderElection411: Election REJECTED; received 0 response(s) [] and 2 exception(s); a5e79c22-a35f-4e50-b1fd-e91b6a93d74d@group-F775CA5912AC:t248, leader=null, voted=a5e79c22-a35f-4e50-b1fd-e91b6a93d74d, raftlog=a5e79c22-a35f-4e50-b1fd-e91b6a93d74d@group-F775CA5912AC-SegmentedRaftLog:OPENED:c-1,f-1,i0, conf=-1: [a5e79c22-a35f-4e50-b1fd-e91b6a93d74d:192.168.157.251:45177, daae7813-f814-475d-9647-a302a5541e36:192.168.157.251:45025, 1e4e1375-1b66-460f-8c99-4c341545a119:192.168.157.251:42113], old=null
2019-10-17 18:51:21,031 [a5e79c22-a35f-4e50-b1fd-e91b6a93d74d@group-F775CA5912AC-LeaderElection411] INFO  impl.LeaderElection (LogUtils.java:infoOrTrace(149)) -   Exception 0: {}
java.util.concurrent.ExecutionException: org.apache.ratis.thirdparty.io.grpc.StatusRuntimeException: UNAVAILABLE: io exception
	at java.util.concurrent.FutureTask.report(FutureTask.java:122)
	at java.util.concurrent.FutureTask.get(FutureTask.java:192)
	at org.apache.ratis.server.impl.LeaderElection.waitForResults(LeaderElection.java:259)
	at org.apache.ratis.server.impl.LeaderElection.askForVotes(LeaderElection.java:197)
	at org.apache.ratis.server.impl.LeaderElection.run(LeaderElection.java:133)
	at java.lang.Thread.run(Thread.java:748)
Caused by: org.apache.ratis.thirdparty.io.grpc.StatusRuntimeException: UNAVAILABLE: io exception
	at org.apache.ratis.thirdparty.io.grpc.stub.ClientCalls.toStatusRuntimeException(ClientCalls.java:233)
	at org.apache.ratis.thirdparty.io.grpc.stub.ClientCalls.getUnchecked(ClientCalls.java:214)
	at org.apache.ratis.thirdparty.io.grpc.stub.ClientCalls.blockingUnaryCall(ClientCalls.java:139)
	at org.apache.ratis.proto.grpc.RaftServerProtocolServiceGrpc$RaftServerProtocolServiceBlockingStub.requestVote(RaftServerProtocolServiceGrpc.java:265)
	at org.apache.ratis.grpc.server.GrpcServerProtocolClient.requestVote(GrpcServerProtocolClient.java:99)
	at org.apache.ratis.grpc.server.GrpcService.requestVote(GrpcService.java:204)
	at org.apache.ratis.server.impl.LeaderElection.lambda$submitRequests$1(LeaderElection.java:234)
	at java.util.concurrent.FutureTask.run(FutureTask.java:266)
	at java.util.concurrent.Executors$RunnableAdapter.call(Executors.java:511)
	at java.util.concurrent.FutureTask.run(FutureTask.java:266)
	at java.util.concurrent.ThreadPoolExecutor.runWorker(ThreadPoolExecutor.java:1149)
	at java.util.concurrent.ThreadPoolExecutor$Worker.run(ThreadPoolExecutor.java:624)
	... 1 more
Caused by: org.apache.ratis.thirdparty.io.netty.channel.AbstractChannel$AnnotatedConnectException: Connection refused: /192.168.157.251:45025
	at sun.nio.ch.SocketChannelImpl.checkConnect(Native Method)
	at sun.nio.ch.SocketChannelImpl.finishConnect(SocketChannelImpl.java:717)
	at org.apache.ratis.thirdparty.io.netty.channel.socket.nio.NioSocketChannel.doFinishConnect(NioSocketChannel.java:327)
	at org.apache.ratis.thirdparty.io.netty.channel.nio.AbstractNioChannel$AbstractNioUnsafe.finishConnect(AbstractNioChannel.java:340)
	at org.apache.ratis.thirdparty.io.netty.channel.nio.NioEventLoop.processSelectedKey(NioEventLoop.java:632)
	at org.apache.ratis.thirdparty.io.netty.channel.nio.NioEventLoop.processSelectedKeysOptimized(NioEventLoop.java:579)
	at org.apache.ratis.thirdparty.io.netty.channel.nio.NioEventLoop.processSelectedKeys(NioEventLoop.java:496)
	at org.apache.ratis.thirdparty.io.netty.channel.nio.NioEventLoop.run(NioEventLoop.java:458)
	at org.apache.ratis.thirdparty.io.netty.util.concurrent.SingleThreadEventExecutor$5.run(SingleThreadEventExecutor.java:897)
	at org.apache.ratis.thirdparty.io.netty.util.concurrent.FastThreadLocalRunnable.run(FastThreadLocalRunnable.java:30)
	... 1 more
Caused by: java.net.ConnectException: Connection refused
	... 11 more
2019-10-17 18:51:21,031 [a5e79c22-a35f-4e50-b1fd-e91b6a93d74d@group-F775CA5912AC-LeaderElection411] INFO  impl.LeaderElection (LogUtils.java:infoOrTrace(149)) -   Exception 1: {}
java.util.concurrent.ExecutionException: org.apache.ratis.thirdparty.io.grpc.StatusRuntimeException: UNAVAILABLE: io exception
	at java.util.concurrent.FutureTask.report(FutureTask.java:122)
	at java.util.concurrent.FutureTask.get(FutureTask.java:192)
	at org.apache.ratis.server.impl.LeaderElection.waitForResults(LeaderElection.java:259)
	at org.apache.ratis.server.impl.LeaderElection.askForVotes(LeaderElection.java:197)
	at org.apache.ratis.server.impl.LeaderElection.run(LeaderElection.java:133)
	at java.lang.Thread.run(Thread.java:748)
Caused by: org.apache.ratis.thirdparty.io.grpc.StatusRuntimeException: UNAVAILABLE: io exception
	at org.apache.ratis.thirdparty.io.grpc.stub.ClientCalls.toStatusRuntimeException(ClientCalls.java:233)
	at org.apache.ratis.thirdparty.io.grpc.stub.ClientCalls.getUnchecked(ClientCalls.java:214)
	at org.apache.ratis.thirdparty.io.grpc.stub.ClientCalls.blockingUnaryCall(ClientCalls.java:139)
	at org.apache.ratis.proto.grpc.RaftServerProtocolServiceGrpc$RaftServerProtocolServiceBlockingStub.requestVote(RaftServerProtocolServiceGrpc.java:265)
	at org.apache.ratis.grpc.server.GrpcServerProtocolClient.requestVote(GrpcServerProtocolClient.java:99)
	at org.apache.ratis.grpc.server.GrpcService.requestVote(GrpcService.java:204)
	at org.apache.ratis.server.impl.LeaderElection.lambda$submitRequests$1(LeaderElection.java:234)
	at java.util.concurrent.FutureTask.run(FutureTask.java:266)
	at java.util.concurrent.Executors$RunnableAdapter.call(Executors.java:511)
	at java.util.concurrent.FutureTask.run(FutureTask.java:266)
	at java.util.concurrent.ThreadPoolExecutor.runWorker(ThreadPoolExecutor.java:1149)
	at java.util.concurrent.ThreadPoolExecutor$Worker.run(ThreadPoolExecutor.java:624)
	... 1 more
Caused by: org.apache.ratis.thirdparty.io.netty.channel.AbstractChannel$AnnotatedConnectException: Connection refused: /192.168.157.251:42113
	at sun.nio.ch.SocketChannelImpl.checkConnect(Native Method)
	at sun.nio.ch.SocketChannelImpl.finishConnect(SocketChannelImpl.java:717)
	at org.apache.ratis.thirdparty.io.netty.channel.socket.nio.NioSocketChannel.doFinishConnect(NioSocketChannel.java:327)
	at org.apache.ratis.thirdparty.io.netty.channel.nio.AbstractNioChannel$AbstractNioUnsafe.finishConnect(AbstractNioChannel.java:340)
	at org.apache.ratis.thirdparty.io.netty.channel.nio.NioEventLoop.processSelectedKey(NioEventLoop.java:632)
	at org.apache.ratis.thirdparty.io.netty.channel.nio.NioEventLoop.processSelectedKeysOptimized(NioEventLoop.java:579)
	at org.apache.ratis.thirdparty.io.netty.channel.nio.NioEventLoop.processSelectedKeys(NioEventLoop.java:496)
	at org.apache.ratis.thirdparty.io.netty.channel.nio.NioEventLoop.run(NioEventLoop.java:458)
	at org.apache.ratis.thirdparty.io.netty.util.concurrent.SingleThreadEventExecutor$5.run(SingleThreadEventExecutor.java:897)
	at org.apache.ratis.thirdparty.io.netty.util.concurrent.FastThreadLocalRunnable.run(FastThreadLocalRunnable.java:30)
	... 1 more
Caused by: java.net.ConnectException: Connection refused
	... 11 more
2019-10-17 18:51:21,031 [a5e79c22-a35f-4e50-b1fd-e91b6a93d74d@group-F775CA5912AC-LeaderElection411] INFO  impl.RaftServerImpl (RaftServerImpl.java:setRole(184)) - a5e79c22-a35f-4e50-b1fd-e91b6a93d74d@group-F775CA5912AC: changes role from CANDIDATE to FOLLOWER at term 248 for DISCOVERED_A_NEW_TERM
2019-10-17 18:51:21,031 [a5e79c22-a35f-4e50-b1fd-e91b6a93d74d@group-F775CA5912AC-LeaderElection411] INFO  impl.RoleInfo (RoleInfo.java:shutdownLeaderElection(134)) - a5e79c22-a35f-4e50-b1fd-e91b6a93d74d: shutdown LeaderElection
2019-10-17 18:51:21,032 [a5e79c22-a35f-4e50-b1fd-e91b6a93d74d@group-F775CA5912AC-LeaderElection411] INFO  impl.RoleInfo (RoleInfo.java:updateAndGet(143)) - a5e79c22-a35f-4e50-b1fd-e91b6a93d74d: start FollowerState
2019-10-17 18:51:21,076 [Thread-3196] INFO  impl.FollowerState (FollowerState.java:run(108)) - a5e79c22-a35f-4e50-b1fd-e91b6a93d74d@group-F775CA5912AC-FollowerState: change to CANDIDATE, lastRpcTime:44ms, electionTimeout:44ms
2019-10-17 18:51:21,076 [Thread-3196] INFO  impl.RoleInfo (RoleInfo.java:shutdownFollowerState(121)) - a5e79c22-a35f-4e50-b1fd-e91b6a93d74d: shutdown FollowerState
2019-10-17 18:51:21,076 [Thread-3196] INFO  impl.RaftServerImpl (RaftServerImpl.java:setRole(184)) - a5e79c22-a35f-4e50-b1fd-e91b6a93d74d@group-F775CA5912AC: changes role from  FOLLOWER to CANDIDATE at term 248 for changeToCandidate
2019-10-17 18:51:21,076 [Thread-3196] INFO  impl.RoleInfo (RoleInfo.java:updateAndGet(143)) - a5e79c22-a35f-4e50-b1fd-e91b6a93d74d: start LeaderElection
2019-10-17 18:51:21,090 [a5e79c22-a35f-4e50-b1fd-e91b6a93d74d@group-F775CA5912AC-LeaderElection412] INFO  impl.LeaderElection (LeaderElection.java:askForVotes(178)) - a5e79c22-a35f-4e50-b1fd-e91b6a93d74d@group-F775CA5912AC-LeaderElection412: begin an election at term 249 for -1: [a5e79c22-a35f-4e50-b1fd-e91b6a93d74d:192.168.157.251:45177, daae7813-f814-475d-9647-a302a5541e36:192.168.157.251:45025, 1e4e1375-1b66-460f-8c99-4c341545a119:192.168.157.251:42113], old=null
2019-10-17 18:51:21,091 [a5e79c22-a35f-4e50-b1fd-e91b6a93d74d@group-F775CA5912AC-LeaderElection412] INFO  impl.LeaderElection (LogUtils.java:infoOrTrace(149)) - a5e79c22-a35f-4e50-b1fd-e91b6a93d74d@group-F775CA5912AC-LeaderElection412 got exception when requesting votes: {}
java.util.concurrent.ExecutionException: org.apache.ratis.thirdparty.io.grpc.StatusRuntimeException: UNAVAILABLE: io exception
	at java.util.concurrent.FutureTask.report(FutureTask.java:122)
	at java.util.concurrent.FutureTask.get(FutureTask.java:192)
	at org.apache.ratis.server.impl.LeaderElection.waitForResults(LeaderElection.java:259)
	at org.apache.ratis.server.impl.LeaderElection.askForVotes(LeaderElection.java:197)
	at org.apache.ratis.server.impl.LeaderElection.run(LeaderElection.java:133)
	at java.lang.Thread.run(Thread.java:748)
Caused by: org.apache.ratis.thirdparty.io.grpc.StatusRuntimeException: UNAVAILABLE: io exception
	at org.apache.ratis.thirdparty.io.grpc.stub.ClientCalls.toStatusRuntimeException(ClientCalls.java:233)
	at org.apache.ratis.thirdparty.io.grpc.stub.ClientCalls.getUnchecked(ClientCalls.java:214)
	at org.apache.ratis.thirdparty.io.grpc.stub.ClientCalls.blockingUnaryCall(ClientCalls.java:139)
	at org.apache.ratis.proto.grpc.RaftServerProtocolServiceGrpc$RaftServerProtocolServiceBlockingStub.requestVote(RaftServerProtocolServiceGrpc.java:265)
	at org.apache.ratis.grpc.server.GrpcServerProtocolClient.requestVote(GrpcServerProtocolClient.java:99)
	at org.apache.ratis.grpc.server.GrpcService.requestVote(GrpcService.java:204)
	at org.apache.ratis.server.impl.LeaderElection.lambda$submitRequests$1(LeaderElection.java:234)
	at java.util.concurrent.FutureTask.run(FutureTask.java:266)
	at java.util.concurrent.Executors$RunnableAdapter.call(Executors.java:511)
	at java.util.concurrent.FutureTask.run(FutureTask.java:266)
	at java.util.concurrent.ThreadPoolExecutor.runWorker(ThreadPoolExecutor.java:1149)
	at java.util.concurrent.ThreadPoolExecutor$Worker.run(ThreadPoolExecutor.java:624)
	... 1 more
Caused by: org.apache.ratis.thirdparty.io.netty.channel.AbstractChannel$AnnotatedConnectException: Connection refused: /192.168.157.251:45025
	at sun.nio.ch.SocketChannelImpl.checkConnect(Native Method)
	at sun.nio.ch.SocketChannelImpl.finishConnect(SocketChannelImpl.java:717)
	at org.apache.ratis.thirdparty.io.netty.channel.socket.nio.NioSocketChannel.doFinishConnect(NioSocketChannel.java:327)
	at org.apache.ratis.thirdparty.io.netty.channel.nio.AbstractNioChannel$AbstractNioUnsafe.finishConnect(AbstractNioChannel.java:340)
	at org.apache.ratis.thirdparty.io.netty.channel.nio.NioEventLoop.processSelectedKey(NioEventLoop.java:632)
	at org.apache.ratis.thirdparty.io.netty.channel.nio.NioEventLoop.processSelectedKeysOptimized(NioEventLoop.java:579)
	at org.apache.ratis.thirdparty.io.netty.channel.nio.NioEventLoop.processSelectedKeys(NioEventLoop.java:496)
	at org.apache.ratis.thirdparty.io.netty.channel.nio.NioEventLoop.run(NioEventLoop.java:458)
	at org.apache.ratis.thirdparty.io.netty.util.concurrent.SingleThreadEventExecutor$5.run(SingleThreadEventExecutor.java:897)
	at org.apache.ratis.thirdparty.io.netty.util.concurrent.FastThreadLocalRunnable.run(FastThreadLocalRunnable.java:30)
	... 1 more
Caused by: java.net.ConnectException: Connection refused
	... 11 more
2019-10-17 18:51:21,092 [a5e79c22-a35f-4e50-b1fd-e91b6a93d74d@group-F775CA5912AC-LeaderElection412] INFO  impl.LeaderElection (LogUtils.java:infoOrTrace(149)) - a5e79c22-a35f-4e50-b1fd-e91b6a93d74d@group-F775CA5912AC-LeaderElection412 got exception when requesting votes: {}
java.util.concurrent.ExecutionException: org.apache.ratis.thirdparty.io.grpc.StatusRuntimeException: UNAVAILABLE: io exception
	at java.util.concurrent.FutureTask.report(FutureTask.java:122)
	at java.util.concurrent.FutureTask.get(FutureTask.java:192)
	at org.apache.ratis.server.impl.LeaderElection.waitForResults(LeaderElection.java:259)
	at org.apache.ratis.server.impl.LeaderElection.askForVotes(LeaderElection.java:197)
	at org.apache.ratis.server.impl.LeaderElection.run(LeaderElection.java:133)
	at java.lang.Thread.run(Thread.java:748)
Caused by: org.apache.ratis.thirdparty.io.grpc.StatusRuntimeException: UNAVAILABLE: io exception
	at org.apache.ratis.thirdparty.io.grpc.stub.ClientCalls.toStatusRuntimeException(ClientCalls.java:233)
	at org.apache.ratis.thirdparty.io.grpc.stub.ClientCalls.getUnchecked(ClientCalls.java:214)
	at org.apache.ratis.thirdparty.io.grpc.stub.ClientCalls.blockingUnaryCall(ClientCalls.java:139)
	at org.apache.ratis.proto.grpc.RaftServerProtocolServiceGrpc$RaftServerProtocolServiceBlockingStub.requestVote(RaftServerProtocolServiceGrpc.java:265)
	at org.apache.ratis.grpc.server.GrpcServerProtocolClient.requestVote(GrpcServerProtocolClient.java:99)
	at org.apache.ratis.grpc.server.GrpcService.requestVote(GrpcService.java:204)
	at org.apache.ratis.server.impl.LeaderElection.lambda$submitRequests$1(LeaderElection.java:234)
	at java.util.concurrent.FutureTask.run(FutureTask.java:266)
	at java.util.concurrent.Executors$RunnableAdapter.call(Executors.java:511)
	at java.util.concurrent.FutureTask.run(FutureTask.java:266)
	at java.util.concurrent.ThreadPoolExecutor.runWorker(ThreadPoolExecutor.java:1149)
	at java.util.concurrent.ThreadPoolExecutor$Worker.run(ThreadPoolExecutor.java:624)
	... 1 more
Caused by: org.apache.ratis.thirdparty.io.netty.channel.AbstractChannel$AnnotatedConnectException: Connection refused: /192.168.157.251:42113
	at sun.nio.ch.SocketChannelImpl.checkConnect(Native Method)
	at sun.nio.ch.SocketChannelImpl.finishConnect(SocketChannelImpl.java:717)
	at org.apache.ratis.thirdparty.io.netty.channel.socket.nio.NioSocketChannel.doFinishConnect(NioSocketChannel.java:327)
	at org.apache.ratis.thirdparty.io.netty.channel.nio.AbstractNioChannel$AbstractNioUnsafe.finishConnect(AbstractNioChannel.java:340)
	at org.apache.ratis.thirdparty.io.netty.channel.nio.NioEventLoop.processSelectedKey(NioEventLoop.java:632)
	at org.apache.ratis.thirdparty.io.netty.channel.nio.NioEventLoop.processSelectedKeysOptimized(NioEventLoop.java:579)
	at org.apache.ratis.thirdparty.io.netty.channel.nio.NioEventLoop.processSelectedKeys(NioEventLoop.java:496)
	at org.apache.ratis.thirdparty.io.netty.channel.nio.NioEventLoop.run(NioEventLoop.java:458)
	at org.apache.ratis.thirdparty.io.netty.util.concurrent.SingleThreadEventExecutor$5.run(SingleThreadEventExecutor.java:897)
	at org.apache.ratis.thirdparty.io.netty.util.concurrent.FastThreadLocalRunnable.run(FastThreadLocalRunnable.java:30)
	... 1 more
Caused by: java.net.ConnectException: Connection refused
	... 11 more
2019-10-17 18:51:21,093 [a5e79c22-a35f-4e50-b1fd-e91b6a93d74d@group-F775CA5912AC-LeaderElection412] INFO  impl.LeaderElection (LeaderElection.java:logAndReturn(56)) - a5e79c22-a35f-4e50-b1fd-e91b6a93d74d@group-F775CA5912AC-LeaderElection412: Election REJECTED; received 0 response(s) [] and 2 exception(s); a5e79c22-a35f-4e50-b1fd-e91b6a93d74d@group-F775CA5912AC:t249, leader=null, voted=a5e79c22-a35f-4e50-b1fd-e91b6a93d74d, raftlog=a5e79c22-a35f-4e50-b1fd-e91b6a93d74d@group-F775CA5912AC-SegmentedRaftLog:OPENED:c-1,f-1,i0, conf=-1: [a5e79c22-a35f-4e50-b1fd-e91b6a93d74d:192.168.157.251:45177, daae7813-f814-475d-9647-a302a5541e36:192.168.157.251:45025, 1e4e1375-1b66-460f-8c99-4c341545a119:192.168.157.251:42113], old=null
2019-10-17 18:51:21,093 [a5e79c22-a35f-4e50-b1fd-e91b6a93d74d@group-F775CA5912AC-LeaderElection412] INFO  impl.LeaderElection (LogUtils.java:infoOrTrace(149)) -   Exception 0: {}
java.util.concurrent.ExecutionException: org.apache.ratis.thirdparty.io.grpc.StatusRuntimeException: UNAVAILABLE: io exception
	at java.util.concurrent.FutureTask.report(FutureTask.java:122)
	at java.util.concurrent.FutureTask.get(FutureTask.java:192)
	at org.apache.ratis.server.impl.LeaderElection.waitForResults(LeaderElection.java:259)
	at org.apache.ratis.server.impl.LeaderElection.askForVotes(LeaderElection.java:197)
	at org.apache.ratis.server.impl.LeaderElection.run(LeaderElection.java:133)
	at java.lang.Thread.run(Thread.java:748)
Caused by: org.apache.ratis.thirdparty.io.grpc.StatusRuntimeException: UNAVAILABLE: io exception
	at org.apache.ratis.thirdparty.io.grpc.stub.ClientCalls.toStatusRuntimeException(ClientCalls.java:233)
	at org.apache.ratis.thirdparty.io.grpc.stub.ClientCalls.getUnchecked(ClientCalls.java:214)
	at org.apache.ratis.thirdparty.io.grpc.stub.ClientCalls.blockingUnaryCall(ClientCalls.java:139)
	at org.apache.ratis.proto.grpc.RaftServerProtocolServiceGrpc$RaftServerProtocolServiceBlockingStub.requestVote(RaftServerProtocolServiceGrpc.java:265)
	at org.apache.ratis.grpc.server.GrpcServerProtocolClient.requestVote(GrpcServerProtocolClient.java:99)
	at org.apache.ratis.grpc.server.GrpcService.requestVote(GrpcService.java:204)
	at org.apache.ratis.server.impl.LeaderElection.lambda$submitRequests$1(LeaderElection.java:234)
	at java.util.concurrent.FutureTask.run(FutureTask.java:266)
	at java.util.concurrent.Executors$RunnableAdapter.call(Executors.java:511)
	at java.util.concurrent.FutureTask.run(FutureTask.java:266)
	at java.util.concurrent.ThreadPoolExecutor.runWorker(ThreadPoolExecutor.java:1149)
	at java.util.concurrent.ThreadPoolExecutor$Worker.run(ThreadPoolExecutor.java:624)
	... 1 more
Caused by: org.apache.ratis.thirdparty.io.netty.channel.AbstractChannel$AnnotatedConnectException: Connection refused: /192.168.157.251:45025
	at sun.nio.ch.SocketChannelImpl.checkConnect(Native Method)
	at sun.nio.ch.SocketChannelImpl.finishConnect(SocketChannelImpl.java:717)
	at org.apache.ratis.thirdparty.io.netty.channel.socket.nio.NioSocketChannel.doFinishConnect(NioSocketChannel.java:327)
	at org.apache.ratis.thirdparty.io.netty.channel.nio.AbstractNioChannel$AbstractNioUnsafe.finishConnect(AbstractNioChannel.java:340)
	at org.apache.ratis.thirdparty.io.netty.channel.nio.NioEventLoop.processSelectedKey(NioEventLoop.java:632)
	at org.apache.ratis.thirdparty.io.netty.channel.nio.NioEventLoop.processSelectedKeysOptimized(NioEventLoop.java:579)
	at org.apache.ratis.thirdparty.io.netty.channel.nio.NioEventLoop.processSelectedKeys(NioEventLoop.java:496)
	at org.apache.ratis.thirdparty.io.netty.channel.nio.NioEventLoop.run(NioEventLoop.java:458)
	at org.apache.ratis.thirdparty.io.netty.util.concurrent.SingleThreadEventExecutor$5.run(SingleThreadEventExecutor.java:897)
	at org.apache.ratis.thirdparty.io.netty.util.concurrent.FastThreadLocalRunnable.run(FastThreadLocalRunnable.java:30)
	... 1 more
Caused by: java.net.ConnectException: Connection refused
	... 11 more
2019-10-17 18:51:21,093 [a5e79c22-a35f-4e50-b1fd-e91b6a93d74d@group-F775CA5912AC-LeaderElection412] INFO  impl.LeaderElection (LogUtils.java:infoOrTrace(149)) -   Exception 1: {}
java.util.concurrent.ExecutionException: org.apache.ratis.thirdparty.io.grpc.StatusRuntimeException: UNAVAILABLE: io exception
	at java.util.concurrent.FutureTask.report(FutureTask.java:122)
	at java.util.concurrent.FutureTask.get(FutureTask.java:192)
	at org.apache.ratis.server.impl.LeaderElection.waitForResults(LeaderElection.java:259)
	at org.apache.ratis.server.impl.LeaderElection.askForVotes(LeaderElection.java:197)
	at org.apache.ratis.server.impl.LeaderElection.run(LeaderElection.java:133)
	at java.lang.Thread.run(Thread.java:748)
Caused by: org.apache.ratis.thirdparty.io.grpc.StatusRuntimeException: UNAVAILABLE: io exception
	at org.apache.ratis.thirdparty.io.grpc.stub.ClientCalls.toStatusRuntimeException(ClientCalls.java:233)
	at org.apache.ratis.thirdparty.io.grpc.stub.ClientCalls.getUnchecked(ClientCalls.java:214)
	at org.apache.ratis.thirdparty.io.grpc.stub.ClientCalls.blockingUnaryCall(ClientCalls.java:139)
	at org.apache.ratis.proto.grpc.RaftServerProtocolServiceGrpc$RaftServerProtocolServiceBlockingStub.requestVote(RaftServerProtocolServiceGrpc.java:265)
	at org.apache.ratis.grpc.server.GrpcServerProtocolClient.requestVote(GrpcServerProtocolClient.java:99)
	at org.apache.ratis.grpc.server.GrpcService.requestVote(GrpcService.java:204)
	at org.apache.ratis.server.impl.LeaderElection.lambda$submitRequests$1(LeaderElection.java:234)
	at java.util.concurrent.FutureTask.run(FutureTask.java:266)
	at java.util.concurrent.Executors$RunnableAdapter.call(Executors.java:511)
	at java.util.concurrent.FutureTask.run(FutureTask.java:266)
	at java.util.concurrent.ThreadPoolExecutor.runWorker(ThreadPoolExecutor.java:1149)
	at java.util.concurrent.ThreadPoolExecutor$Worker.run(ThreadPoolExecutor.java:624)
	... 1 more
Caused by: org.apache.ratis.thirdparty.io.netty.channel.AbstractChannel$AnnotatedConnectException: Connection refused: /192.168.157.251:42113
	at sun.nio.ch.SocketChannelImpl.checkConnect(Native Method)
	at sun.nio.ch.SocketChannelImpl.finishConnect(SocketChannelImpl.java:717)
	at org.apache.ratis.thirdparty.io.netty.channel.socket.nio.NioSocketChannel.doFinishConnect(NioSocketChannel.java:327)
	at org.apache.ratis.thirdparty.io.netty.channel.nio.AbstractNioChannel$AbstractNioUnsafe.finishConnect(AbstractNioChannel.java:340)
	at org.apache.ratis.thirdparty.io.netty.channel.nio.NioEventLoop.processSelectedKey(NioEventLoop.java:632)
	at org.apache.ratis.thirdparty.io.netty.channel.nio.NioEventLoop.processSelectedKeysOptimized(NioEventLoop.java:579)
	at org.apache.ratis.thirdparty.io.netty.channel.nio.NioEventLoop.processSelectedKeys(NioEventLoop.java:496)
	at org.apache.ratis.thirdparty.io.netty.channel.nio.NioEventLoop.run(NioEventLoop.java:458)
	at org.apache.ratis.thirdparty.io.netty.util.concurrent.SingleThreadEventExecutor$5.run(SingleThreadEventExecutor.java:897)
	at org.apache.ratis.thirdparty.io.netty.util.concurrent.FastThreadLocalRunnable.run(FastThreadLocalRunnable.java:30)
	... 1 more
Caused by: java.net.ConnectException: Connection refused
	... 11 more
2019-10-17 18:51:21,094 [a5e79c22-a35f-4e50-b1fd-e91b6a93d74d@group-F775CA5912AC-LeaderElection412] INFO  impl.RaftServerImpl (RaftServerImpl.java:setRole(184)) - a5e79c22-a35f-4e50-b1fd-e91b6a93d74d@group-F775CA5912AC: changes role from CANDIDATE to FOLLOWER at term 249 for DISCOVERED_A_NEW_TERM
2019-10-17 18:51:21,094 [a5e79c22-a35f-4e50-b1fd-e91b6a93d74d@group-F775CA5912AC-LeaderElection412] INFO  impl.RoleInfo (RoleInfo.java:shutdownLeaderElection(134)) - a5e79c22-a35f-4e50-b1fd-e91b6a93d74d: shutdown LeaderElection
2019-10-17 18:51:21,094 [a5e79c22-a35f-4e50-b1fd-e91b6a93d74d@group-F775CA5912AC-LeaderElection412] INFO  impl.RoleInfo (RoleInfo.java:updateAndGet(143)) - a5e79c22-a35f-4e50-b1fd-e91b6a93d74d: start FollowerState
2019-10-17 18:51:21,155 [Thread-3200] INFO  impl.FollowerState (FollowerState.java:run(108)) - a5e79c22-a35f-4e50-b1fd-e91b6a93d74d@group-F775CA5912AC-FollowerState: change to CANDIDATE, lastRpcTime:61ms, electionTimeout:61ms
2019-10-17 18:51:21,156 [Thread-3200] INFO  impl.RoleInfo (RoleInfo.java:shutdownFollowerState(121)) - a5e79c22-a35f-4e50-b1fd-e91b6a93d74d: shutdown FollowerState
2019-10-17 18:51:21,156 [Thread-3200] INFO  impl.RaftServerImpl (RaftServerImpl.java:setRole(184)) - a5e79c22-a35f-4e50-b1fd-e91b6a93d74d@group-F775CA5912AC: changes role from  FOLLOWER to CANDIDATE at term 249 for changeToCandidate
2019-10-17 18:51:21,156 [Thread-3200] INFO  impl.RoleInfo (RoleInfo.java:updateAndGet(143)) - a5e79c22-a35f-4e50-b1fd-e91b6a93d74d: start LeaderElection
2019-10-17 18:51:21,169 [a5e79c22-a35f-4e50-b1fd-e91b6a93d74d@group-F775CA5912AC-LeaderElection413] INFO  impl.LeaderElection (LeaderElection.java:askForVotes(178)) - a5e79c22-a35f-4e50-b1fd-e91b6a93d74d@group-F775CA5912AC-LeaderElection413: begin an election at term 250 for -1: [a5e79c22-a35f-4e50-b1fd-e91b6a93d74d:192.168.157.251:45177, daae7813-f814-475d-9647-a302a5541e36:192.168.157.251:45025, 1e4e1375-1b66-460f-8c99-4c341545a119:192.168.157.251:42113], old=null
2019-10-17 18:51:21,170 [a5e79c22-a35f-4e50-b1fd-e91b6a93d74d@group-F775CA5912AC-LeaderElection413] INFO  impl.LeaderElection (LogUtils.java:infoOrTrace(149)) - a5e79c22-a35f-4e50-b1fd-e91b6a93d74d@group-F775CA5912AC-LeaderElection413 got exception when requesting votes: {}
java.util.concurrent.ExecutionException: org.apache.ratis.thirdparty.io.grpc.StatusRuntimeException: UNAVAILABLE: io exception
	at java.util.concurrent.FutureTask.report(FutureTask.java:122)
	at java.util.concurrent.FutureTask.get(FutureTask.java:192)
	at org.apache.ratis.server.impl.LeaderElection.waitForResults(LeaderElection.java:259)
	at org.apache.ratis.server.impl.LeaderElection.askForVotes(LeaderElection.java:197)
	at org.apache.ratis.server.impl.LeaderElection.run(LeaderElection.java:133)
	at java.lang.Thread.run(Thread.java:748)
Caused by: org.apache.ratis.thirdparty.io.grpc.StatusRuntimeException: UNAVAILABLE: io exception
	at org.apache.ratis.thirdparty.io.grpc.stub.ClientCalls.toStatusRuntimeException(ClientCalls.java:233)
	at org.apache.ratis.thirdparty.io.grpc.stub.ClientCalls.getUnchecked(ClientCalls.java:214)
	at org.apache.ratis.thirdparty.io.grpc.stub.ClientCalls.blockingUnaryCall(ClientCalls.java:139)
	at org.apache.ratis.proto.grpc.RaftServerProtocolServiceGrpc$RaftServerProtocolServiceBlockingStub.requestVote(RaftServerProtocolServiceGrpc.java:265)
	at org.apache.ratis.grpc.server.GrpcServerProtocolClient.requestVote(GrpcServerProtocolClient.java:99)
	at org.apache.ratis.grpc.server.GrpcService.requestVote(GrpcService.java:204)
	at org.apache.ratis.server.impl.LeaderElection.lambda$submitRequests$1(LeaderElection.java:234)
	at java.util.concurrent.FutureTask.run(FutureTask.java:266)
	at java.util.concurrent.Executors$RunnableAdapter.call(Executors.java:511)
	at java.util.concurrent.FutureTask.run(FutureTask.java:266)
	at java.util.concurrent.ThreadPoolExecutor.runWorker(ThreadPoolExecutor.java:1149)
	at java.util.concurrent.ThreadPoolExecutor$Worker.run(ThreadPoolExecutor.java:624)
	... 1 more
Caused by: org.apache.ratis.thirdparty.io.netty.channel.AbstractChannel$AnnotatedConnectException: Connection refused: /192.168.157.251:45025
	at sun.nio.ch.SocketChannelImpl.checkConnect(Native Method)
	at sun.nio.ch.SocketChannelImpl.finishConnect(SocketChannelImpl.java:717)
	at org.apache.ratis.thirdparty.io.netty.channel.socket.nio.NioSocketChannel.doFinishConnect(NioSocketChannel.java:327)
	at org.apache.ratis.thirdparty.io.netty.channel.nio.AbstractNioChannel$AbstractNioUnsafe.finishConnect(AbstractNioChannel.java:340)
	at org.apache.ratis.thirdparty.io.netty.channel.nio.NioEventLoop.processSelectedKey(NioEventLoop.java:632)
	at org.apache.ratis.thirdparty.io.netty.channel.nio.NioEventLoop.processSelectedKeysOptimized(NioEventLoop.java:579)
	at org.apache.ratis.thirdparty.io.netty.channel.nio.NioEventLoop.processSelectedKeys(NioEventLoop.java:496)
	at org.apache.ratis.thirdparty.io.netty.channel.nio.NioEventLoop.run(NioEventLoop.java:458)
	at org.apache.ratis.thirdparty.io.netty.util.concurrent.SingleThreadEventExecutor$5.run(SingleThreadEventExecutor.java:897)
	at org.apache.ratis.thirdparty.io.netty.util.concurrent.FastThreadLocalRunnable.run(FastThreadLocalRunnable.java:30)
	... 1 more
Caused by: java.net.ConnectException: Connection refused
	... 11 more
2019-10-17 18:51:21,171 [a5e79c22-a35f-4e50-b1fd-e91b6a93d74d@group-F775CA5912AC-LeaderElection413] INFO  impl.LeaderElection (LogUtils.java:infoOrTrace(149)) - a5e79c22-a35f-4e50-b1fd-e91b6a93d74d@group-F775CA5912AC-LeaderElection413 got exception when requesting votes: {}
java.util.concurrent.ExecutionException: org.apache.ratis.thirdparty.io.grpc.StatusRuntimeException: UNAVAILABLE: io exception
	at java.util.concurrent.FutureTask.report(FutureTask.java:122)
	at java.util.concurrent.FutureTask.get(FutureTask.java:192)
	at org.apache.ratis.server.impl.LeaderElection.waitForResults(LeaderElection.java:259)
	at org.apache.ratis.server.impl.LeaderElection.askForVotes(LeaderElection.java:197)
	at org.apache.ratis.server.impl.LeaderElection.run(LeaderElection.java:133)
	at java.lang.Thread.run(Thread.java:748)
Caused by: org.apache.ratis.thirdparty.io.grpc.StatusRuntimeException: UNAVAILABLE: io exception
	at org.apache.ratis.thirdparty.io.grpc.stub.ClientCalls.toStatusRuntimeException(ClientCalls.java:233)
	at org.apache.ratis.thirdparty.io.grpc.stub.ClientCalls.getUnchecked(ClientCalls.java:214)
	at org.apache.ratis.thirdparty.io.grpc.stub.ClientCalls.blockingUnaryCall(ClientCalls.java:139)
	at org.apache.ratis.proto.grpc.RaftServerProtocolServiceGrpc$RaftServerProtocolServiceBlockingStub.requestVote(RaftServerProtocolServiceGrpc.java:265)
	at org.apache.ratis.grpc.server.GrpcServerProtocolClient.requestVote(GrpcServerProtocolClient.java:99)
	at org.apache.ratis.grpc.server.GrpcService.requestVote(GrpcService.java:204)
	at org.apache.ratis.server.impl.LeaderElection.lambda$submitRequests$1(LeaderElection.java:234)
	at java.util.concurrent.FutureTask.run(FutureTask.java:266)
	at java.util.concurrent.Executors$RunnableAdapter.call(Executors.java:511)
	at java.util.concurrent.FutureTask.run(FutureTask.java:266)
	at java.util.concurrent.ThreadPoolExecutor.runWorker(ThreadPoolExecutor.java:1149)
	at java.util.concurrent.ThreadPoolExecutor$Worker.run(ThreadPoolExecutor.java:624)
	... 1 more
Caused by: org.apache.ratis.thirdparty.io.netty.channel.AbstractChannel$AnnotatedConnectException: Connection refused: /192.168.157.251:42113
	at sun.nio.ch.SocketChannelImpl.checkConnect(Native Method)
	at sun.nio.ch.SocketChannelImpl.finishConnect(SocketChannelImpl.java:717)
	at org.apache.ratis.thirdparty.io.netty.channel.socket.nio.NioSocketChannel.doFinishConnect(NioSocketChannel.java:327)
	at org.apache.ratis.thirdparty.io.netty.channel.nio.AbstractNioChannel$AbstractNioUnsafe.finishConnect(AbstractNioChannel.java:340)
	at org.apache.ratis.thirdparty.io.netty.channel.nio.NioEventLoop.processSelectedKey(NioEventLoop.java:632)
	at org.apache.ratis.thirdparty.io.netty.channel.nio.NioEventLoop.processSelectedKeysOptimized(NioEventLoop.java:579)
	at org.apache.ratis.thirdparty.io.netty.channel.nio.NioEventLoop.processSelectedKeys(NioEventLoop.java:496)
	at org.apache.ratis.thirdparty.io.netty.channel.nio.NioEventLoop.run(NioEventLoop.java:458)
	at org.apache.ratis.thirdparty.io.netty.util.concurrent.SingleThreadEventExecutor$5.run(SingleThreadEventExecutor.java:897)
	at org.apache.ratis.thirdparty.io.netty.util.concurrent.FastThreadLocalRunnable.run(FastThreadLocalRunnable.java:30)
	... 1 more
Caused by: java.net.ConnectException: Connection refused
	... 11 more
2019-10-17 18:51:21,171 [a5e79c22-a35f-4e50-b1fd-e91b6a93d74d@group-F775CA5912AC-LeaderElection413] INFO  impl.LeaderElection (LeaderElection.java:logAndReturn(56)) - a5e79c22-a35f-4e50-b1fd-e91b6a93d74d@group-F775CA5912AC-LeaderElection413: Election REJECTED; received 0 response(s) [] and 2 exception(s); a5e79c22-a35f-4e50-b1fd-e91b6a93d74d@group-F775CA5912AC:t250, leader=null, voted=a5e79c22-a35f-4e50-b1fd-e91b6a93d74d, raftlog=a5e79c22-a35f-4e50-b1fd-e91b6a93d74d@group-F775CA5912AC-SegmentedRaftLog:OPENED:c-1,f-1,i0, conf=-1: [a5e79c22-a35f-4e50-b1fd-e91b6a93d74d:192.168.157.251:45177, daae7813-f814-475d-9647-a302a5541e36:192.168.157.251:45025, 1e4e1375-1b66-460f-8c99-4c341545a119:192.168.157.251:42113], old=null
2019-10-17 18:51:21,171 [a5e79c22-a35f-4e50-b1fd-e91b6a93d74d@group-F775CA5912AC-LeaderElection413] INFO  impl.LeaderElection (LogUtils.java:infoOrTrace(149)) -   Exception 0: {}
java.util.concurrent.ExecutionException: org.apache.ratis.thirdparty.io.grpc.StatusRuntimeException: UNAVAILABLE: io exception
	at java.util.concurrent.FutureTask.report(FutureTask.java:122)
	at java.util.concurrent.FutureTask.get(FutureTask.java:192)
	at org.apache.ratis.server.impl.LeaderElection.waitForResults(LeaderElection.java:259)
	at org.apache.ratis.server.impl.LeaderElection.askForVotes(LeaderElection.java:197)
	at org.apache.ratis.server.impl.LeaderElection.run(LeaderElection.java:133)
	at java.lang.Thread.run(Thread.java:748)
Caused by: org.apache.ratis.thirdparty.io.grpc.StatusRuntimeException: UNAVAILABLE: io exception
	at org.apache.ratis.thirdparty.io.grpc.stub.ClientCalls.toStatusRuntimeException(ClientCalls.java:233)
	at org.apache.ratis.thirdparty.io.grpc.stub.ClientCalls.getUnchecked(ClientCalls.java:214)
	at org.apache.ratis.thirdparty.io.grpc.stub.ClientCalls.blockingUnaryCall(ClientCalls.java:139)
	at org.apache.ratis.proto.grpc.RaftServerProtocolServiceGrpc$RaftServerProtocolServiceBlockingStub.requestVote(RaftServerProtocolServiceGrpc.java:265)
	at org.apache.ratis.grpc.server.GrpcServerProtocolClient.requestVote(GrpcServerProtocolClient.java:99)
	at org.apache.ratis.grpc.server.GrpcService.requestVote(GrpcService.java:204)
	at org.apache.ratis.server.impl.LeaderElection.lambda$submitRequests$1(LeaderElection.java:234)
	at java.util.concurrent.FutureTask.run(FutureTask.java:266)
	at java.util.concurrent.Executors$RunnableAdapter.call(Executors.java:511)
	at java.util.concurrent.FutureTask.run(FutureTask.java:266)
	at java.util.concurrent.ThreadPoolExecutor.runWorker(ThreadPoolExecutor.java:1149)
	at java.util.concurrent.ThreadPoolExecutor$Worker.run(ThreadPoolExecutor.java:624)
	... 1 more
Caused by: org.apache.ratis.thirdparty.io.netty.channel.AbstractChannel$AnnotatedConnectException: Connection refused: /192.168.157.251:45025
	at sun.nio.ch.SocketChannelImpl.checkConnect(Native Method)
	at sun.nio.ch.SocketChannelImpl.finishConnect(SocketChannelImpl.java:717)
	at org.apache.ratis.thirdparty.io.netty.channel.socket.nio.NioSocketChannel.doFinishConnect(NioSocketChannel.java:327)
	at org.apache.ratis.thirdparty.io.netty.channel.nio.AbstractNioChannel$AbstractNioUnsafe.finishConnect(AbstractNioChannel.java:340)
	at org.apache.ratis.thirdparty.io.netty.channel.nio.NioEventLoop.processSelectedKey(NioEventLoop.java:632)
	at org.apache.ratis.thirdparty.io.netty.channel.nio.NioEventLoop.processSelectedKeysOptimized(NioEventLoop.java:579)
	at org.apache.ratis.thirdparty.io.netty.channel.nio.NioEventLoop.processSelectedKeys(NioEventLoop.java:496)
	at org.apache.ratis.thirdparty.io.netty.channel.nio.NioEventLoop.run(NioEventLoop.java:458)
	at org.apache.ratis.thirdparty.io.netty.util.concurrent.SingleThreadEventExecutor$5.run(SingleThreadEventExecutor.java:897)
	at org.apache.ratis.thirdparty.io.netty.util.concurrent.FastThreadLocalRunnable.run(FastThreadLocalRunnable.java:30)
	... 1 more
Caused by: java.net.ConnectException: Connection refused
	... 11 more
2019-10-17 18:51:21,172 [a5e79c22-a35f-4e50-b1fd-e91b6a93d74d@group-F775CA5912AC-LeaderElection413] INFO  impl.LeaderElection (LogUtils.java:infoOrTrace(149)) -   Exception 1: {}
java.util.concurrent.ExecutionException: org.apache.ratis.thirdparty.io.grpc.StatusRuntimeException: UNAVAILABLE: io exception
	at java.util.concurrent.FutureTask.report(FutureTask.java:122)
	at java.util.concurrent.FutureTask.get(FutureTask.java:192)
	at org.apache.ratis.server.impl.LeaderElection.waitForResults(LeaderElection.java:259)
	at org.apache.ratis.server.impl.LeaderElection.askForVotes(LeaderElection.java:197)
	at org.apache.ratis.server.impl.LeaderElection.run(LeaderElection.java:133)
	at java.lang.Thread.run(Thread.java:748)
Caused by: org.apache.ratis.thirdparty.io.grpc.StatusRuntimeException: UNAVAILABLE: io exception
	at org.apache.ratis.thirdparty.io.grpc.stub.ClientCalls.toStatusRuntimeException(ClientCalls.java:233)
	at org.apache.ratis.thirdparty.io.grpc.stub.ClientCalls.getUnchecked(ClientCalls.java:214)
	at org.apache.ratis.thirdparty.io.grpc.stub.ClientCalls.blockingUnaryCall(ClientCalls.java:139)
	at org.apache.ratis.proto.grpc.RaftServerProtocolServiceGrpc$RaftServerProtocolServiceBlockingStub.requestVote(RaftServerProtocolServiceGrpc.java:265)
	at org.apache.ratis.grpc.server.GrpcServerProtocolClient.requestVote(GrpcServerProtocolClient.java:99)
	at org.apache.ratis.grpc.server.GrpcService.requestVote(GrpcService.java:204)
	at org.apache.ratis.server.impl.LeaderElection.lambda$submitRequests$1(LeaderElection.java:234)
	at java.util.concurrent.FutureTask.run(FutureTask.java:266)
	at java.util.concurrent.Executors$RunnableAdapter.call(Executors.java:511)
	at java.util.concurrent.FutureTask.run(FutureTask.java:266)
	at java.util.concurrent.ThreadPoolExecutor.runWorker(ThreadPoolExecutor.java:1149)
	at java.util.concurrent.ThreadPoolExecutor$Worker.run(ThreadPoolExecutor.java:624)
	... 1 more
Caused by: org.apache.ratis.thirdparty.io.netty.channel.AbstractChannel$AnnotatedConnectException: Connection refused: /192.168.157.251:42113
	at sun.nio.ch.SocketChannelImpl.checkConnect(Native Method)
	at sun.nio.ch.SocketChannelImpl.finishConnect(SocketChannelImpl.java:717)
	at org.apache.ratis.thirdparty.io.netty.channel.socket.nio.NioSocketChannel.doFinishConnect(NioSocketChannel.java:327)
	at org.apache.ratis.thirdparty.io.netty.channel.nio.AbstractNioChannel$AbstractNioUnsafe.finishConnect(AbstractNioChannel.java:340)
	at org.apache.ratis.thirdparty.io.netty.channel.nio.NioEventLoop.processSelectedKey(NioEventLoop.java:632)
	at org.apache.ratis.thirdparty.io.netty.channel.nio.NioEventLoop.processSelectedKeysOptimized(NioEventLoop.java:579)
	at org.apache.ratis.thirdparty.io.netty.channel.nio.NioEventLoop.processSelectedKeys(NioEventLoop.java:496)
	at org.apache.ratis.thirdparty.io.netty.channel.nio.NioEventLoop.run(NioEventLoop.java:458)
	at org.apache.ratis.thirdparty.io.netty.util.concurrent.SingleThreadEventExecutor$5.run(SingleThreadEventExecutor.java:897)
	at org.apache.ratis.thirdparty.io.netty.util.concurrent.FastThreadLocalRunnable.run(FastThreadLocalRunnable.java:30)
	... 1 more
Caused by: java.net.ConnectException: Connection refused
	... 11 more
2019-10-17 18:51:21,172 [a5e79c22-a35f-4e50-b1fd-e91b6a93d74d@group-F775CA5912AC-LeaderElection413] INFO  impl.RaftServerImpl (RaftServerImpl.java:setRole(184)) - a5e79c22-a35f-4e50-b1fd-e91b6a93d74d@group-F775CA5912AC: changes role from CANDIDATE to FOLLOWER at term 250 for DISCOVERED_A_NEW_TERM
2019-10-17 18:51:21,172 [a5e79c22-a35f-4e50-b1fd-e91b6a93d74d@group-F775CA5912AC-LeaderElection413] INFO  impl.RoleInfo (RoleInfo.java:shutdownLeaderElection(134)) - a5e79c22-a35f-4e50-b1fd-e91b6a93d74d: shutdown LeaderElection
2019-10-17 18:51:21,172 [a5e79c22-a35f-4e50-b1fd-e91b6a93d74d@group-F775CA5912AC-LeaderElection413] INFO  impl.RoleInfo (RoleInfo.java:updateAndGet(143)) - a5e79c22-a35f-4e50-b1fd-e91b6a93d74d: start FollowerState
2019-10-17 18:51:21,190 [Thread-3204] INFO  impl.FollowerState (FollowerState.java:run(108)) - a5e79c22-a35f-4e50-b1fd-e91b6a93d74d@group-F775CA5912AC-FollowerState: change to CANDIDATE, lastRpcTime:17ms, electionTimeout:17ms
2019-10-17 18:51:21,190 [Thread-3204] INFO  impl.RoleInfo (RoleInfo.java:shutdownFollowerState(121)) - a5e79c22-a35f-4e50-b1fd-e91b6a93d74d: shutdown FollowerState
2019-10-17 18:51:21,190 [Thread-3204] INFO  impl.RaftServerImpl (RaftServerImpl.java:setRole(184)) - a5e79c22-a35f-4e50-b1fd-e91b6a93d74d@group-F775CA5912AC: changes role from  FOLLOWER to CANDIDATE at term 250 for changeToCandidate
2019-10-17 18:51:21,190 [Thread-3204] INFO  impl.RoleInfo (RoleInfo.java:updateAndGet(143)) - a5e79c22-a35f-4e50-b1fd-e91b6a93d74d: start LeaderElection
2019-10-17 18:51:21,203 [a5e79c22-a35f-4e50-b1fd-e91b6a93d74d@group-F775CA5912AC-LeaderElection414] INFO  impl.LeaderElection (LeaderElection.java:askForVotes(178)) - a5e79c22-a35f-4e50-b1fd-e91b6a93d74d@group-F775CA5912AC-LeaderElection414: begin an election at term 251 for -1: [a5e79c22-a35f-4e50-b1fd-e91b6a93d74d:192.168.157.251:45177, daae7813-f814-475d-9647-a302a5541e36:192.168.157.251:45025, 1e4e1375-1b66-460f-8c99-4c341545a119:192.168.157.251:42113], old=null
2019-10-17 18:51:21,204 [a5e79c22-a35f-4e50-b1fd-e91b6a93d74d@group-F775CA5912AC-LeaderElection414] INFO  impl.LeaderElection (LogUtils.java:infoOrTrace(149)) - a5e79c22-a35f-4e50-b1fd-e91b6a93d74d@group-F775CA5912AC-LeaderElection414 got exception when requesting votes: {}
java.util.concurrent.ExecutionException: org.apache.ratis.thirdparty.io.grpc.StatusRuntimeException: UNAVAILABLE: io exception
	at java.util.concurrent.FutureTask.report(FutureTask.java:122)
	at java.util.concurrent.FutureTask.get(FutureTask.java:192)
	at org.apache.ratis.server.impl.LeaderElection.waitForResults(LeaderElection.java:259)
	at org.apache.ratis.server.impl.LeaderElection.askForVotes(LeaderElection.java:197)
	at org.apache.ratis.server.impl.LeaderElection.run(LeaderElection.java:133)
	at java.lang.Thread.run(Thread.java:748)
Caused by: org.apache.ratis.thirdparty.io.grpc.StatusRuntimeException: UNAVAILABLE: io exception
	at org.apache.ratis.thirdparty.io.grpc.stub.ClientCalls.toStatusRuntimeException(ClientCalls.java:233)
	at org.apache.ratis.thirdparty.io.grpc.stub.ClientCalls.getUnchecked(ClientCalls.java:214)
	at org.apache.ratis.thirdparty.io.grpc.stub.ClientCalls.blockingUnaryCall(ClientCalls.java:139)
	at org.apache.ratis.proto.grpc.RaftServerProtocolServiceGrpc$RaftServerProtocolServiceBlockingStub.requestVote(RaftServerProtocolServiceGrpc.java:265)
	at org.apache.ratis.grpc.server.GrpcServerProtocolClient.requestVote(GrpcServerProtocolClient.java:99)
	at org.apache.ratis.grpc.server.GrpcService.requestVote(GrpcService.java:204)
	at org.apache.ratis.server.impl.LeaderElection.lambda$submitRequests$1(LeaderElection.java:234)
	at java.util.concurrent.FutureTask.run(FutureTask.java:266)
	at java.util.concurrent.Executors$RunnableAdapter.call(Executors.java:511)
	at java.util.concurrent.FutureTask.run(FutureTask.java:266)
	at java.util.concurrent.ThreadPoolExecutor.runWorker(ThreadPoolExecutor.java:1149)
	at java.util.concurrent.ThreadPoolExecutor$Worker.run(ThreadPoolExecutor.java:624)
	... 1 more
Caused by: org.apache.ratis.thirdparty.io.netty.channel.AbstractChannel$AnnotatedConnectException: Connection refused: /192.168.157.251:45025
	at sun.nio.ch.SocketChannelImpl.checkConnect(Native Method)
	at sun.nio.ch.SocketChannelImpl.finishConnect(SocketChannelImpl.java:717)
	at org.apache.ratis.thirdparty.io.netty.channel.socket.nio.NioSocketChannel.doFinishConnect(NioSocketChannel.java:327)
	at org.apache.ratis.thirdparty.io.netty.channel.nio.AbstractNioChannel$AbstractNioUnsafe.finishConnect(AbstractNioChannel.java:340)
	at org.apache.ratis.thirdparty.io.netty.channel.nio.NioEventLoop.processSelectedKey(NioEventLoop.java:632)
	at org.apache.ratis.thirdparty.io.netty.channel.nio.NioEventLoop.processSelectedKeysOptimized(NioEventLoop.java:579)
	at org.apache.ratis.thirdparty.io.netty.channel.nio.NioEventLoop.processSelectedKeys(NioEventLoop.java:496)
	at org.apache.ratis.thirdparty.io.netty.channel.nio.NioEventLoop.run(NioEventLoop.java:458)
	at org.apache.ratis.thirdparty.io.netty.util.concurrent.SingleThreadEventExecutor$5.run(SingleThreadEventExecutor.java:897)
	at org.apache.ratis.thirdparty.io.netty.util.concurrent.FastThreadLocalRunnable.run(FastThreadLocalRunnable.java:30)
	... 1 more
Caused by: java.net.ConnectException: Connection refused
	... 11 more
2019-10-17 18:51:21,205 [a5e79c22-a35f-4e50-b1fd-e91b6a93d74d@group-F775CA5912AC-LeaderElection414] INFO  impl.LeaderElection (LogUtils.java:infoOrTrace(149)) - a5e79c22-a35f-4e50-b1fd-e91b6a93d74d@group-F775CA5912AC-LeaderElection414 got exception when requesting votes: {}
java.util.concurrent.ExecutionException: org.apache.ratis.thirdparty.io.grpc.StatusRuntimeException: UNAVAILABLE: io exception
	at java.util.concurrent.FutureTask.report(FutureTask.java:122)
	at java.util.concurrent.FutureTask.get(FutureTask.java:192)
	at org.apache.ratis.server.impl.LeaderElection.waitForResults(LeaderElection.java:259)
	at org.apache.ratis.server.impl.LeaderElection.askForVotes(LeaderElection.java:197)
	at org.apache.ratis.server.impl.LeaderElection.run(LeaderElection.java:133)
	at java.lang.Thread.run(Thread.java:748)
Caused by: org.apache.ratis.thirdparty.io.grpc.StatusRuntimeException: UNAVAILABLE: io exception
	at org.apache.ratis.thirdparty.io.grpc.stub.ClientCalls.toStatusRuntimeException(ClientCalls.java:233)
	at org.apache.ratis.thirdparty.io.grpc.stub.ClientCalls.getUnchecked(ClientCalls.java:214)
	at org.apache.ratis.thirdparty.io.grpc.stub.ClientCalls.blockingUnaryCall(ClientCalls.java:139)
	at org.apache.ratis.proto.grpc.RaftServerProtocolServiceGrpc$RaftServerProtocolServiceBlockingStub.requestVote(RaftServerProtocolServiceGrpc.java:265)
	at org.apache.ratis.grpc.server.GrpcServerProtocolClient.requestVote(GrpcServerProtocolClient.java:99)
	at org.apache.ratis.grpc.server.GrpcService.requestVote(GrpcService.java:204)
	at org.apache.ratis.server.impl.LeaderElection.lambda$submitRequests$1(LeaderElection.java:234)
	at java.util.concurrent.FutureTask.run(FutureTask.java:266)
	at java.util.concurrent.Executors$RunnableAdapter.call(Executors.java:511)
	at java.util.concurrent.FutureTask.run(FutureTask.java:266)
	at java.util.concurrent.ThreadPoolExecutor.runWorker(ThreadPoolExecutor.java:1149)
	at java.util.concurrent.ThreadPoolExecutor$Worker.run(ThreadPoolExecutor.java:624)
	... 1 more
Caused by: org.apache.ratis.thirdparty.io.netty.channel.AbstractChannel$AnnotatedConnectException: Connection refused: /192.168.157.251:42113
	at sun.nio.ch.SocketChannelImpl.checkConnect(Native Method)
	at sun.nio.ch.SocketChannelImpl.finishConnect(SocketChannelImpl.java:717)
	at org.apache.ratis.thirdparty.io.netty.channel.socket.nio.NioSocketChannel.doFinishConnect(NioSocketChannel.java:327)
	at org.apache.ratis.thirdparty.io.netty.channel.nio.AbstractNioChannel$AbstractNioUnsafe.finishConnect(AbstractNioChannel.java:340)
	at org.apache.ratis.thirdparty.io.netty.channel.nio.NioEventLoop.processSelectedKey(NioEventLoop.java:632)
	at org.apache.ratis.thirdparty.io.netty.channel.nio.NioEventLoop.processSelectedKeysOptimized(NioEventLoop.java:579)
	at org.apache.ratis.thirdparty.io.netty.channel.nio.NioEventLoop.processSelectedKeys(NioEventLoop.java:496)
	at org.apache.ratis.thirdparty.io.netty.channel.nio.NioEventLoop.run(NioEventLoop.java:458)
	at org.apache.ratis.thirdparty.io.netty.util.concurrent.SingleThreadEventExecutor$5.run(SingleThreadEventExecutor.java:897)
	at org.apache.ratis.thirdparty.io.netty.util.concurrent.FastThreadLocalRunnable.run(FastThreadLocalRunnable.java:30)
	... 1 more
Caused by: java.net.ConnectException: Connection refused
	... 11 more
2019-10-17 18:51:21,205 [a5e79c22-a35f-4e50-b1fd-e91b6a93d74d@group-F775CA5912AC-LeaderElection414] INFO  impl.LeaderElection (LeaderElection.java:logAndReturn(56)) - a5e79c22-a35f-4e50-b1fd-e91b6a93d74d@group-F775CA5912AC-LeaderElection414: Election REJECTED; received 0 response(s) [] and 2 exception(s); a5e79c22-a35f-4e50-b1fd-e91b6a93d74d@group-F775CA5912AC:t251, leader=null, voted=a5e79c22-a35f-4e50-b1fd-e91b6a93d74d, raftlog=a5e79c22-a35f-4e50-b1fd-e91b6a93d74d@group-F775CA5912AC-SegmentedRaftLog:OPENED:c-1,f-1,i0, conf=-1: [a5e79c22-a35f-4e50-b1fd-e91b6a93d74d:192.168.157.251:45177, daae7813-f814-475d-9647-a302a5541e36:192.168.157.251:45025, 1e4e1375-1b66-460f-8c99-4c341545a119:192.168.157.251:42113], old=null
2019-10-17 18:51:21,205 [a5e79c22-a35f-4e50-b1fd-e91b6a93d74d@group-F775CA5912AC-LeaderElection414] INFO  impl.LeaderElection (LogUtils.java:infoOrTrace(149)) -   Exception 0: {}
java.util.concurrent.ExecutionException: org.apache.ratis.thirdparty.io.grpc.StatusRuntimeException: UNAVAILABLE: io exception
	at java.util.concurrent.FutureTask.report(FutureTask.java:122)
	at java.util.concurrent.FutureTask.get(FutureTask.java:192)
	at org.apache.ratis.server.impl.LeaderElection.waitForResults(LeaderElection.java:259)
	at org.apache.ratis.server.impl.LeaderElection.askForVotes(LeaderElection.java:197)
	at org.apache.ratis.server.impl.LeaderElection.run(LeaderElection.java:133)
	at java.lang.Thread.run(Thread.java:748)
Caused by: org.apache.ratis.thirdparty.io.grpc.StatusRuntimeException: UNAVAILABLE: io exception
	at org.apache.ratis.thirdparty.io.grpc.stub.ClientCalls.toStatusRuntimeException(ClientCalls.java:233)
	at org.apache.ratis.thirdparty.io.grpc.stub.ClientCalls.getUnchecked(ClientCalls.java:214)
	at org.apache.ratis.thirdparty.io.grpc.stub.ClientCalls.blockingUnaryCall(ClientCalls.java:139)
	at org.apache.ratis.proto.grpc.RaftServerProtocolServiceGrpc$RaftServerProtocolServiceBlockingStub.requestVote(RaftServerProtocolServiceGrpc.java:265)
	at org.apache.ratis.grpc.server.GrpcServerProtocolClient.requestVote(GrpcServerProtocolClient.java:99)
	at org.apache.ratis.grpc.server.GrpcService.requestVote(GrpcService.java:204)
	at org.apache.ratis.server.impl.LeaderElection.lambda$submitRequests$1(LeaderElection.java:234)
	at java.util.concurrent.FutureTask.run(FutureTask.java:266)
	at java.util.concurrent.Executors$RunnableAdapter.call(Executors.java:511)
	at java.util.concurrent.FutureTask.run(FutureTask.java:266)
	at java.util.concurrent.ThreadPoolExecutor.runWorker(ThreadPoolExecutor.java:1149)
	at java.util.concurrent.ThreadPoolExecutor$Worker.run(ThreadPoolExecutor.java:624)
	... 1 more
Caused by: org.apache.ratis.thirdparty.io.netty.channel.AbstractChannel$AnnotatedConnectException: Connection refused: /192.168.157.251:45025
	at sun.nio.ch.SocketChannelImpl.checkConnect(Native Method)
	at sun.nio.ch.SocketChannelImpl.finishConnect(SocketChannelImpl.java:717)
	at org.apache.ratis.thirdparty.io.netty.channel.socket.nio.NioSocketChannel.doFinishConnect(NioSocketChannel.java:327)
	at org.apache.ratis.thirdparty.io.netty.channel.nio.AbstractNioChannel$AbstractNioUnsafe.finishConnect(AbstractNioChannel.java:340)
	at org.apache.ratis.thirdparty.io.netty.channel.nio.NioEventLoop.processSelectedKey(NioEventLoop.java:632)
	at org.apache.ratis.thirdparty.io.netty.channel.nio.NioEventLoop.processSelectedKeysOptimized(NioEventLoop.java:579)
	at org.apache.ratis.thirdparty.io.netty.channel.nio.NioEventLoop.processSelectedKeys(NioEventLoop.java:496)
	at org.apache.ratis.thirdparty.io.netty.channel.nio.NioEventLoop.run(NioEventLoop.java:458)
	at org.apache.ratis.thirdparty.io.netty.util.concurrent.SingleThreadEventExecutor$5.run(SingleThreadEventExecutor.java:897)
	at org.apache.ratis.thirdparty.io.netty.util.concurrent.FastThreadLocalRunnable.run(FastThreadLocalRunnable.java:30)
	... 1 more
Caused by: java.net.ConnectException: Connection refused
	... 11 more
2019-10-17 18:51:21,205 [a5e79c22-a35f-4e50-b1fd-e91b6a93d74d@group-F775CA5912AC-LeaderElection414] INFO  impl.LeaderElection (LogUtils.java:infoOrTrace(149)) -   Exception 1: {}
java.util.concurrent.ExecutionException: org.apache.ratis.thirdparty.io.grpc.StatusRuntimeException: UNAVAILABLE: io exception
	at java.util.concurrent.FutureTask.report(FutureTask.java:122)
	at java.util.concurrent.FutureTask.get(FutureTask.java:192)
	at org.apache.ratis.server.impl.LeaderElection.waitForResults(LeaderElection.java:259)
	at org.apache.ratis.server.impl.LeaderElection.askForVotes(LeaderElection.java:197)
	at org.apache.ratis.server.impl.LeaderElection.run(LeaderElection.java:133)
	at java.lang.Thread.run(Thread.java:748)
Caused by: org.apache.ratis.thirdparty.io.grpc.StatusRuntimeException: UNAVAILABLE: io exception
	at org.apache.ratis.thirdparty.io.grpc.stub.ClientCalls.toStatusRuntimeException(ClientCalls.java:233)
	at org.apache.ratis.thirdparty.io.grpc.stub.ClientCalls.getUnchecked(ClientCalls.java:214)
	at org.apache.ratis.thirdparty.io.grpc.stub.ClientCalls.blockingUnaryCall(ClientCalls.java:139)
	at org.apache.ratis.proto.grpc.RaftServerProtocolServiceGrpc$RaftServerProtocolServiceBlockingStub.requestVote(RaftServerProtocolServiceGrpc.java:265)
	at org.apache.ratis.grpc.server.GrpcServerProtocolClient.requestVote(GrpcServerProtocolClient.java:99)
	at org.apache.ratis.grpc.server.GrpcService.requestVote(GrpcService.java:204)
	at org.apache.ratis.server.impl.LeaderElection.lambda$submitRequests$1(LeaderElection.java:234)
	at java.util.concurrent.FutureTask.run(FutureTask.java:266)
	at java.util.concurrent.Executors$RunnableAdapter.call(Executors.java:511)
	at java.util.concurrent.FutureTask.run(FutureTask.java:266)
	at java.util.concurrent.ThreadPoolExecutor.runWorker(ThreadPoolExecutor.java:1149)
	at java.util.concurrent.ThreadPoolExecutor$Worker.run(ThreadPoolExecutor.java:624)
	... 1 more
Caused by: org.apache.ratis.thirdparty.io.netty.channel.AbstractChannel$AnnotatedConnectException: Connection refused: /192.168.157.251:42113
	at sun.nio.ch.SocketChannelImpl.checkConnect(Native Method)
	at sun.nio.ch.SocketChannelImpl.finishConnect(SocketChannelImpl.java:717)
	at org.apache.ratis.thirdparty.io.netty.channel.socket.nio.NioSocketChannel.doFinishConnect(NioSocketChannel.java:327)
	at org.apache.ratis.thirdparty.io.netty.channel.nio.AbstractNioChannel$AbstractNioUnsafe.finishConnect(AbstractNioChannel.java:340)
	at org.apache.ratis.thirdparty.io.netty.channel.nio.NioEventLoop.processSelectedKey(NioEventLoop.java:632)
	at org.apache.ratis.thirdparty.io.netty.channel.nio.NioEventLoop.processSelectedKeysOptimized(NioEventLoop.java:579)
	at org.apache.ratis.thirdparty.io.netty.channel.nio.NioEventLoop.processSelectedKeys(NioEventLoop.java:496)
	at org.apache.ratis.thirdparty.io.netty.channel.nio.NioEventLoop.run(NioEventLoop.java:458)
	at org.apache.ratis.thirdparty.io.netty.util.concurrent.SingleThreadEventExecutor$5.run(SingleThreadEventExecutor.java:897)
	at org.apache.ratis.thirdparty.io.netty.util.concurrent.FastThreadLocalRunnable.run(FastThreadLocalRunnable.java:30)
	... 1 more
Caused by: java.net.ConnectException: Connection refused
	... 11 more
2019-10-17 18:51:21,206 [a5e79c22-a35f-4e50-b1fd-e91b6a93d74d@group-F775CA5912AC-LeaderElection414] INFO  impl.RaftServerImpl (RaftServerImpl.java:setRole(184)) - a5e79c22-a35f-4e50-b1fd-e91b6a93d74d@group-F775CA5912AC: changes role from CANDIDATE to FOLLOWER at term 251 for DISCOVERED_A_NEW_TERM
2019-10-17 18:51:21,206 [a5e79c22-a35f-4e50-b1fd-e91b6a93d74d@group-F775CA5912AC-LeaderElection414] INFO  impl.RoleInfo (RoleInfo.java:shutdownLeaderElection(134)) - a5e79c22-a35f-4e50-b1fd-e91b6a93d74d: shutdown LeaderElection
2019-10-17 18:51:21,206 [a5e79c22-a35f-4e50-b1fd-e91b6a93d74d@group-F775CA5912AC-LeaderElection414] INFO  impl.RoleInfo (RoleInfo.java:updateAndGet(143)) - a5e79c22-a35f-4e50-b1fd-e91b6a93d74d: start FollowerState
2019-10-17 18:51:21,215 [Thread-3208] INFO  impl.FollowerState (FollowerState.java:run(108)) - a5e79c22-a35f-4e50-b1fd-e91b6a93d74d@group-F775CA5912AC-FollowerState: change to CANDIDATE, lastRpcTime:9ms, electionTimeout:9ms
2019-10-17 18:51:21,215 [Thread-3208] INFO  impl.RoleInfo (RoleInfo.java:shutdownFollowerState(121)) - a5e79c22-a35f-4e50-b1fd-e91b6a93d74d: shutdown FollowerState
2019-10-17 18:51:21,216 [Thread-3208] INFO  impl.RaftServerImpl (RaftServerImpl.java:setRole(184)) - a5e79c22-a35f-4e50-b1fd-e91b6a93d74d@group-F775CA5912AC: changes role from  FOLLOWER to CANDIDATE at term 251 for changeToCandidate
2019-10-17 18:51:21,216 [Thread-3208] INFO  impl.RoleInfo (RoleInfo.java:updateAndGet(143)) - a5e79c22-a35f-4e50-b1fd-e91b6a93d74d: start LeaderElection
2019-10-17 18:51:21,266 [a5e79c22-a35f-4e50-b1fd-e91b6a93d74d@group-F775CA5912AC-LeaderElection415] INFO  impl.LeaderElection (LeaderElection.java:askForVotes(178)) - a5e79c22-a35f-4e50-b1fd-e91b6a93d74d@group-F775CA5912AC-LeaderElection415: begin an election at term 252 for -1: [a5e79c22-a35f-4e50-b1fd-e91b6a93d74d:192.168.157.251:45177, daae7813-f814-475d-9647-a302a5541e36:192.168.157.251:45025, 1e4e1375-1b66-460f-8c99-4c341545a119:192.168.157.251:42113], old=null
2019-10-17 18:51:21,267 [a5e79c22-a35f-4e50-b1fd-e91b6a93d74d@group-F775CA5912AC-LeaderElection415] INFO  impl.LeaderElection (LogUtils.java:infoOrTrace(149)) - a5e79c22-a35f-4e50-b1fd-e91b6a93d74d@group-F775CA5912AC-LeaderElection415 got exception when requesting votes: {}
java.util.concurrent.ExecutionException: org.apache.ratis.thirdparty.io.grpc.StatusRuntimeException: UNAVAILABLE: io exception
	at java.util.concurrent.FutureTask.report(FutureTask.java:122)
	at java.util.concurrent.FutureTask.get(FutureTask.java:192)
	at org.apache.ratis.server.impl.LeaderElection.waitForResults(LeaderElection.java:259)
	at org.apache.ratis.server.impl.LeaderElection.askForVotes(LeaderElection.java:197)
	at org.apache.ratis.server.impl.LeaderElection.run(LeaderElection.java:133)
	at java.lang.Thread.run(Thread.java:748)
Caused by: org.apache.ratis.thirdparty.io.grpc.StatusRuntimeException: UNAVAILABLE: io exception
	at org.apache.ratis.thirdparty.io.grpc.stub.ClientCalls.toStatusRuntimeException(ClientCalls.java:233)
	at org.apache.ratis.thirdparty.io.grpc.stub.ClientCalls.getUnchecked(ClientCalls.java:214)
	at org.apache.ratis.thirdparty.io.grpc.stub.ClientCalls.blockingUnaryCall(ClientCalls.java:139)
	at org.apache.ratis.proto.grpc.RaftServerProtocolServiceGrpc$RaftServerProtocolServiceBlockingStub.requestVote(RaftServerProtocolServiceGrpc.java:265)
	at org.apache.ratis.grpc.server.GrpcServerProtocolClient.requestVote(GrpcServerProtocolClient.java:99)
	at org.apache.ratis.grpc.server.GrpcService.requestVote(GrpcService.java:204)
	at org.apache.ratis.server.impl.LeaderElection.lambda$submitRequests$1(LeaderElection.java:234)
	at java.util.concurrent.FutureTask.run(FutureTask.java:266)
	at java.util.concurrent.Executors$RunnableAdapter.call(Executors.java:511)
	at java.util.concurrent.FutureTask.run(FutureTask.java:266)
	at java.util.concurrent.ThreadPoolExecutor.runWorker(ThreadPoolExecutor.java:1149)
	at java.util.concurrent.ThreadPoolExecutor$Worker.run(ThreadPoolExecutor.java:624)
	... 1 more
Caused by: org.apache.ratis.thirdparty.io.netty.channel.AbstractChannel$AnnotatedConnectException: Connection refused: /192.168.157.251:45025
	at sun.nio.ch.SocketChannelImpl.checkConnect(Native Method)
	at sun.nio.ch.SocketChannelImpl.finishConnect(SocketChannelImpl.java:717)
	at org.apache.ratis.thirdparty.io.netty.channel.socket.nio.NioSocketChannel.doFinishConnect(NioSocketChannel.java:327)
	at org.apache.ratis.thirdparty.io.netty.channel.nio.AbstractNioChannel$AbstractNioUnsafe.finishConnect(AbstractNioChannel.java:340)
	at org.apache.ratis.thirdparty.io.netty.channel.nio.NioEventLoop.processSelectedKey(NioEventLoop.java:632)
	at org.apache.ratis.thirdparty.io.netty.channel.nio.NioEventLoop.processSelectedKeysOptimized(NioEventLoop.java:579)
	at org.apache.ratis.thirdparty.io.netty.channel.nio.NioEventLoop.processSelectedKeys(NioEventLoop.java:496)
	at org.apache.ratis.thirdparty.io.netty.channel.nio.NioEventLoop.run(NioEventLoop.java:458)
	at org.apache.ratis.thirdparty.io.netty.util.concurrent.SingleThreadEventExecutor$5.run(SingleThreadEventExecutor.java:897)
	at org.apache.ratis.thirdparty.io.netty.util.concurrent.FastThreadLocalRunnable.run(FastThreadLocalRunnable.java:30)
	... 1 more
Caused by: java.net.ConnectException: Connection refused
	... 11 more
2019-10-17 18:51:21,267 [a5e79c22-a35f-4e50-b1fd-e91b6a93d74d@group-F775CA5912AC-LeaderElection415] INFO  impl.LeaderElection (LogUtils.java:infoOrTrace(149)) - a5e79c22-a35f-4e50-b1fd-e91b6a93d74d@group-F775CA5912AC-LeaderElection415 got exception when requesting votes: {}
java.util.concurrent.ExecutionException: org.apache.ratis.thirdparty.io.grpc.StatusRuntimeException: UNAVAILABLE: io exception
	at java.util.concurrent.FutureTask.report(FutureTask.java:122)
	at java.util.concurrent.FutureTask.get(FutureTask.java:192)
	at org.apache.ratis.server.impl.LeaderElection.waitForResults(LeaderElection.java:259)
	at org.apache.ratis.server.impl.LeaderElection.askForVotes(LeaderElection.java:197)
	at org.apache.ratis.server.impl.LeaderElection.run(LeaderElection.java:133)
	at java.lang.Thread.run(Thread.java:748)
Caused by: org.apache.ratis.thirdparty.io.grpc.StatusRuntimeException: UNAVAILABLE: io exception
	at org.apache.ratis.thirdparty.io.grpc.stub.ClientCalls.toStatusRuntimeException(ClientCalls.java:233)
	at org.apache.ratis.thirdparty.io.grpc.stub.ClientCalls.getUnchecked(ClientCalls.java:214)
	at org.apache.ratis.thirdparty.io.grpc.stub.ClientCalls.blockingUnaryCall(ClientCalls.java:139)
	at org.apache.ratis.proto.grpc.RaftServerProtocolServiceGrpc$RaftServerProtocolServiceBlockingStub.requestVote(RaftServerProtocolServiceGrpc.java:265)
	at org.apache.ratis.grpc.server.GrpcServerProtocolClient.requestVote(GrpcServerProtocolClient.java:99)
	at org.apache.ratis.grpc.server.GrpcService.requestVote(GrpcService.java:204)
	at org.apache.ratis.server.impl.LeaderElection.lambda$submitRequests$1(LeaderElection.java:234)
	at java.util.concurrent.FutureTask.run(FutureTask.java:266)
	at java.util.concurrent.Executors$RunnableAdapter.call(Executors.java:511)
	at java.util.concurrent.FutureTask.run(FutureTask.java:266)
	at java.util.concurrent.ThreadPoolExecutor.runWorker(ThreadPoolExecutor.java:1149)
	at java.util.concurrent.ThreadPoolExecutor$Worker.run(ThreadPoolExecutor.java:624)
	... 1 more
Caused by: org.apache.ratis.thirdparty.io.netty.channel.AbstractChannel$AnnotatedConnectException: Connection refused: /192.168.157.251:42113
	at sun.nio.ch.SocketChannelImpl.checkConnect(Native Method)
	at sun.nio.ch.SocketChannelImpl.finishConnect(SocketChannelImpl.java:717)
	at org.apache.ratis.thirdparty.io.netty.channel.socket.nio.NioSocketChannel.doFinishConnect(NioSocketChannel.java:327)
	at org.apache.ratis.thirdparty.io.netty.channel.nio.AbstractNioChannel$AbstractNioUnsafe.finishConnect(AbstractNioChannel.java:340)
	at org.apache.ratis.thirdparty.io.netty.channel.nio.NioEventLoop.processSelectedKey(NioEventLoop.java:632)
	at org.apache.ratis.thirdparty.io.netty.channel.nio.NioEventLoop.processSelectedKeysOptimized(NioEventLoop.java:579)
	at org.apache.ratis.thirdparty.io.netty.channel.nio.NioEventLoop.processSelectedKeys(NioEventLoop.java:496)
	at org.apache.ratis.thirdparty.io.netty.channel.nio.NioEventLoop.run(NioEventLoop.java:458)
	at org.apache.ratis.thirdparty.io.netty.util.concurrent.SingleThreadEventExecutor$5.run(SingleThreadEventExecutor.java:897)
	at org.apache.ratis.thirdparty.io.netty.util.concurrent.FastThreadLocalRunnable.run(FastThreadLocalRunnable.java:30)
	... 1 more
Caused by: java.net.ConnectException: Connection refused
	... 11 more
2019-10-17 18:51:21,268 [a5e79c22-a35f-4e50-b1fd-e91b6a93d74d@group-F775CA5912AC-LeaderElection415] INFO  impl.LeaderElection (LeaderElection.java:logAndReturn(56)) - a5e79c22-a35f-4e50-b1fd-e91b6a93d74d@group-F775CA5912AC-LeaderElection415: Election REJECTED; received 0 response(s) [] and 2 exception(s); a5e79c22-a35f-4e50-b1fd-e91b6a93d74d@group-F775CA5912AC:t252, leader=null, voted=a5e79c22-a35f-4e50-b1fd-e91b6a93d74d, raftlog=a5e79c22-a35f-4e50-b1fd-e91b6a93d74d@group-F775CA5912AC-SegmentedRaftLog:OPENED:c-1,f-1,i0, conf=-1: [a5e79c22-a35f-4e50-b1fd-e91b6a93d74d:192.168.157.251:45177, daae7813-f814-475d-9647-a302a5541e36:192.168.157.251:45025, 1e4e1375-1b66-460f-8c99-4c341545a119:192.168.157.251:42113], old=null
2019-10-17 18:51:21,268 [a5e79c22-a35f-4e50-b1fd-e91b6a93d74d@group-F775CA5912AC-LeaderElection415] INFO  impl.LeaderElection (LogUtils.java:infoOrTrace(149)) -   Exception 0: {}
java.util.concurrent.ExecutionException: org.apache.ratis.thirdparty.io.grpc.StatusRuntimeException: UNAVAILABLE: io exception
	at java.util.concurrent.FutureTask.report(FutureTask.java:122)
	at java.util.concurrent.FutureTask.get(FutureTask.java:192)
	at org.apache.ratis.server.impl.LeaderElection.waitForResults(LeaderElection.java:259)
	at org.apache.ratis.server.impl.LeaderElection.askForVotes(LeaderElection.java:197)
	at org.apache.ratis.server.impl.LeaderElection.run(LeaderElection.java:133)
	at java.lang.Thread.run(Thread.java:748)
Caused by: org.apache.ratis.thirdparty.io.grpc.StatusRuntimeException: UNAVAILABLE: io exception
	at org.apache.ratis.thirdparty.io.grpc.stub.ClientCalls.toStatusRuntimeException(ClientCalls.java:233)
	at org.apache.ratis.thirdparty.io.grpc.stub.ClientCalls.getUnchecked(ClientCalls.java:214)
	at org.apache.ratis.thirdparty.io.grpc.stub.ClientCalls.blockingUnaryCall(ClientCalls.java:139)
	at org.apache.ratis.proto.grpc.RaftServerProtocolServiceGrpc$RaftServerProtocolServiceBlockingStub.requestVote(RaftServerProtocolServiceGrpc.java:265)
	at org.apache.ratis.grpc.server.GrpcServerProtocolClient.requestVote(GrpcServerProtocolClient.java:99)
	at org.apache.ratis.grpc.server.GrpcService.requestVote(GrpcService.java:204)
	at org.apache.ratis.server.impl.LeaderElection.lambda$submitRequests$1(LeaderElection.java:234)
	at java.util.concurrent.FutureTask.run(FutureTask.java:266)
	at java.util.concurrent.Executors$RunnableAdapter.call(Executors.java:511)
	at java.util.concurrent.FutureTask.run(FutureTask.java:266)
	at java.util.concurrent.ThreadPoolExecutor.runWorker(ThreadPoolExecutor.java:1149)
	at java.util.concurrent.ThreadPoolExecutor$Worker.run(ThreadPoolExecutor.java:624)
	... 1 more
Caused by: org.apache.ratis.thirdparty.io.netty.channel.AbstractChannel$AnnotatedConnectException: Connection refused: /192.168.157.251:45025
	at sun.nio.ch.SocketChannelImpl.checkConnect(Native Method)
	at sun.nio.ch.SocketChannelImpl.finishConnect(SocketChannelImpl.java:717)
	at org.apache.ratis.thirdparty.io.netty.channel.socket.nio.NioSocketChannel.doFinishConnect(NioSocketChannel.java:327)
	at org.apache.ratis.thirdparty.io.netty.channel.nio.AbstractNioChannel$AbstractNioUnsafe.finishConnect(AbstractNioChannel.java:340)
	at org.apache.ratis.thirdparty.io.netty.channel.nio.NioEventLoop.processSelectedKey(NioEventLoop.java:632)
	at org.apache.ratis.thirdparty.io.netty.channel.nio.NioEventLoop.processSelectedKeysOptimized(NioEventLoop.java:579)
	at org.apache.ratis.thirdparty.io.netty.channel.nio.NioEventLoop.processSelectedKeys(NioEventLoop.java:496)
	at org.apache.ratis.thirdparty.io.netty.channel.nio.NioEventLoop.run(NioEventLoop.java:458)
	at org.apache.ratis.thirdparty.io.netty.util.concurrent.SingleThreadEventExecutor$5.run(SingleThreadEventExecutor.java:897)
	at org.apache.ratis.thirdparty.io.netty.util.concurrent.FastThreadLocalRunnable.run(FastThreadLocalRunnable.java:30)
	... 1 more
Caused by: java.net.ConnectException: Connection refused
	... 11 more
2019-10-17 18:51:21,268 [a5e79c22-a35f-4e50-b1fd-e91b6a93d74d@group-F775CA5912AC-LeaderElection415] INFO  impl.LeaderElection (LogUtils.java:infoOrTrace(149)) -   Exception 1: {}
java.util.concurrent.ExecutionException: org.apache.ratis.thirdparty.io.grpc.StatusRuntimeException: UNAVAILABLE: io exception
	at java.util.concurrent.FutureTask.report(FutureTask.java:122)
	at java.util.concurrent.FutureTask.get(FutureTask.java:192)
	at org.apache.ratis.server.impl.LeaderElection.waitForResults(LeaderElection.java:259)
	at org.apache.ratis.server.impl.LeaderElection.askForVotes(LeaderElection.java:197)
	at org.apache.ratis.server.impl.LeaderElection.run(LeaderElection.java:133)
	at java.lang.Thread.run(Thread.java:748)
Caused by: org.apache.ratis.thirdparty.io.grpc.StatusRuntimeException: UNAVAILABLE: io exception
	at org.apache.ratis.thirdparty.io.grpc.stub.ClientCalls.toStatusRuntimeException(ClientCalls.java:233)
	at org.apache.ratis.thirdparty.io.grpc.stub.ClientCalls.getUnchecked(ClientCalls.java:214)
	at org.apache.ratis.thirdparty.io.grpc.stub.ClientCalls.blockingUnaryCall(ClientCalls.java:139)
	at org.apache.ratis.proto.grpc.RaftServerProtocolServiceGrpc$RaftServerProtocolServiceBlockingStub.requestVote(RaftServerProtocolServiceGrpc.java:265)
	at org.apache.ratis.grpc.server.GrpcServerProtocolClient.requestVote(GrpcServerProtocolClient.java:99)
	at org.apache.ratis.grpc.server.GrpcService.requestVote(GrpcService.java:204)
	at org.apache.ratis.server.impl.LeaderElection.lambda$submitRequests$1(LeaderElection.java:234)
	at java.util.concurrent.FutureTask.run(FutureTask.java:266)
	at java.util.concurrent.Executors$RunnableAdapter.call(Executors.java:511)
	at java.util.concurrent.FutureTask.run(FutureTask.java:266)
	at java.util.concurrent.ThreadPoolExecutor.runWorker(ThreadPoolExecutor.java:1149)
	at java.util.concurrent.ThreadPoolExecutor$Worker.run(ThreadPoolExecutor.java:624)
	... 1 more
Caused by: org.apache.ratis.thirdparty.io.netty.channel.AbstractChannel$AnnotatedConnectException: Connection refused: /192.168.157.251:42113
	at sun.nio.ch.SocketChannelImpl.checkConnect(Native Method)
	at sun.nio.ch.SocketChannelImpl.finishConnect(SocketChannelImpl.java:717)
	at org.apache.ratis.thirdparty.io.netty.channel.socket.nio.NioSocketChannel.doFinishConnect(NioSocketChannel.java:327)
	at org.apache.ratis.thirdparty.io.netty.channel.nio.AbstractNioChannel$AbstractNioUnsafe.finishConnect(AbstractNioChannel.java:340)
	at org.apache.ratis.thirdparty.io.netty.channel.nio.NioEventLoop.processSelectedKey(NioEventLoop.java:632)
	at org.apache.ratis.thirdparty.io.netty.channel.nio.NioEventLoop.processSelectedKeysOptimized(NioEventLoop.java:579)
	at org.apache.ratis.thirdparty.io.netty.channel.nio.NioEventLoop.processSelectedKeys(NioEventLoop.java:496)
	at org.apache.ratis.thirdparty.io.netty.channel.nio.NioEventLoop.run(NioEventLoop.java:458)
	at org.apache.ratis.thirdparty.io.netty.util.concurrent.SingleThreadEventExecutor$5.run(SingleThreadEventExecutor.java:897)
	at org.apache.ratis.thirdparty.io.netty.util.concurrent.FastThreadLocalRunnable.run(FastThreadLocalRunnable.java:30)
	... 1 more
Caused by: java.net.ConnectException: Connection refused
	... 11 more
2019-10-17 18:51:21,269 [a5e79c22-a35f-4e50-b1fd-e91b6a93d74d@group-F775CA5912AC-LeaderElection415] INFO  impl.RaftServerImpl (RaftServerImpl.java:setRole(184)) - a5e79c22-a35f-4e50-b1fd-e91b6a93d74d@group-F775CA5912AC: changes role from CANDIDATE to FOLLOWER at term 252 for DISCOVERED_A_NEW_TERM
2019-10-17 18:51:21,269 [a5e79c22-a35f-4e50-b1fd-e91b6a93d74d@group-F775CA5912AC-LeaderElection415] INFO  impl.RoleInfo (RoleInfo.java:shutdownLeaderElection(134)) - a5e79c22-a35f-4e50-b1fd-e91b6a93d74d: shutdown LeaderElection
2019-10-17 18:51:21,269 [a5e79c22-a35f-4e50-b1fd-e91b6a93d74d@group-F775CA5912AC-LeaderElection415] INFO  impl.RoleInfo (RoleInfo.java:updateAndGet(143)) - a5e79c22-a35f-4e50-b1fd-e91b6a93d74d: start FollowerState
2019-10-17 18:51:21,367 [java.util.concurrent.ThreadPoolExecutor$Worker@5bc0d76f[State = -1, empty queue]] WARN  server.GrpcLogAppender (GrpcLogAppender.java:timeoutAppendRequest(209)) - 8f4f8799-ef18-41e5-9bb8-2f724208e999@group-9D6F8169C5E6->0fe4833c-4439-4309-b94b-508419b07a37-GrpcLogAppender: appendEntries Timeout, request=8f4f8799-ef18-41e5-9bb8-2f724208e999->0fe4833c-4439-4309-b94b-508419b07a37#84-t7, previous=(t:7, i:19), leaderCommit=19, initializing? false, entries: <empty>
2019-10-17 18:51:21,395 [Datanode State Machine Thread - 0] INFO  statemachine.DatanodeStateMachine (DatanodeStateMachine.java:lambda$startDaemon$0(350)) - Ozone container server started.
2019-10-17 18:51:21,449 [Thread-3212] INFO  impl.FollowerState (FollowerState.java:run(108)) - a5e79c22-a35f-4e50-b1fd-e91b6a93d74d@group-F775CA5912AC-FollowerState: change to CANDIDATE, lastRpcTime:179ms, electionTimeout:179ms
2019-10-17 18:51:21,449 [Thread-3212] INFO  impl.RoleInfo (RoleInfo.java:shutdownFollowerState(121)) - a5e79c22-a35f-4e50-b1fd-e91b6a93d74d: shutdown FollowerState
2019-10-17 18:51:21,449 [Thread-3212] INFO  impl.RaftServerImpl (RaftServerImpl.java:setRole(184)) - a5e79c22-a35f-4e50-b1fd-e91b6a93d74d@group-F775CA5912AC: changes role from  FOLLOWER to CANDIDATE at term 252 for changeToCandidate
2019-10-17 18:51:21,449 [Thread-3212] INFO  impl.RoleInfo (RoleInfo.java:updateAndGet(143)) - a5e79c22-a35f-4e50-b1fd-e91b6a93d74d: start LeaderElection
2019-10-17 18:51:21,463 [a5e79c22-a35f-4e50-b1fd-e91b6a93d74d@group-F775CA5912AC-LeaderElection416] INFO  impl.LeaderElection (LeaderElection.java:askForVotes(178)) - a5e79c22-a35f-4e50-b1fd-e91b6a93d74d@group-F775CA5912AC-LeaderElection416: begin an election at term 253 for -1: [a5e79c22-a35f-4e50-b1fd-e91b6a93d74d:192.168.157.251:45177, daae7813-f814-475d-9647-a302a5541e36:192.168.157.251:45025, 1e4e1375-1b66-460f-8c99-4c341545a119:192.168.157.251:42113], old=null
2019-10-17 18:51:21,464 [a5e79c22-a35f-4e50-b1fd-e91b6a93d74d@group-F775CA5912AC-LeaderElection416] INFO  impl.LeaderElection (LogUtils.java:infoOrTrace(149)) - a5e79c22-a35f-4e50-b1fd-e91b6a93d74d@group-F775CA5912AC-LeaderElection416 got exception when requesting votes: {}
java.util.concurrent.ExecutionException: org.apache.ratis.thirdparty.io.grpc.StatusRuntimeException: UNAVAILABLE: io exception
	at java.util.concurrent.FutureTask.report(FutureTask.java:122)
	at java.util.concurrent.FutureTask.get(FutureTask.java:192)
	at org.apache.ratis.server.impl.LeaderElection.waitForResults(LeaderElection.java:259)
	at org.apache.ratis.server.impl.LeaderElection.askForVotes(LeaderElection.java:197)
	at org.apache.ratis.server.impl.LeaderElection.run(LeaderElection.java:133)
	at java.lang.Thread.run(Thread.java:748)
Caused by: org.apache.ratis.thirdparty.io.grpc.StatusRuntimeException: UNAVAILABLE: io exception
	at org.apache.ratis.thirdparty.io.grpc.stub.ClientCalls.toStatusRuntimeException(ClientCalls.java:233)
	at org.apache.ratis.thirdparty.io.grpc.stub.ClientCalls.getUnchecked(ClientCalls.java:214)
	at org.apache.ratis.thirdparty.io.grpc.stub.ClientCalls.blockingUnaryCall(ClientCalls.java:139)
	at org.apache.ratis.proto.grpc.RaftServerProtocolServiceGrpc$RaftServerProtocolServiceBlockingStub.requestVote(RaftServerProtocolServiceGrpc.java:265)
	at org.apache.ratis.grpc.server.GrpcServerProtocolClient.requestVote(GrpcServerProtocolClient.java:99)
	at org.apache.ratis.grpc.server.GrpcService.requestVote(GrpcService.java:204)
	at org.apache.ratis.server.impl.LeaderElection.lambda$submitRequests$1(LeaderElection.java:234)
	at java.util.concurrent.FutureTask.run(FutureTask.java:266)
	at java.util.concurrent.Executors$RunnableAdapter.call(Executors.java:511)
	at java.util.concurrent.FutureTask.run(FutureTask.java:266)
	at java.util.concurrent.ThreadPoolExecutor.runWorker(ThreadPoolExecutor.java:1149)
	at java.util.concurrent.ThreadPoolExecutor$Worker.run(ThreadPoolExecutor.java:624)
	... 1 more
Caused by: org.apache.ratis.thirdparty.io.netty.channel.AbstractChannel$AnnotatedConnectException: Connection refused: /192.168.157.251:45025
	at sun.nio.ch.SocketChannelImpl.checkConnect(Native Method)
	at sun.nio.ch.SocketChannelImpl.finishConnect(SocketChannelImpl.java:717)
	at org.apache.ratis.thirdparty.io.netty.channel.socket.nio.NioSocketChannel.doFinishConnect(NioSocketChannel.java:327)
	at org.apache.ratis.thirdparty.io.netty.channel.nio.AbstractNioChannel$AbstractNioUnsafe.finishConnect(AbstractNioChannel.java:340)
	at org.apache.ratis.thirdparty.io.netty.channel.nio.NioEventLoop.processSelectedKey(NioEventLoop.java:632)
	at org.apache.ratis.thirdparty.io.netty.channel.nio.NioEventLoop.processSelectedKeysOptimized(NioEventLoop.java:579)
	at org.apache.ratis.thirdparty.io.netty.channel.nio.NioEventLoop.processSelectedKeys(NioEventLoop.java:496)
	at org.apache.ratis.thirdparty.io.netty.channel.nio.NioEventLoop.run(NioEventLoop.java:458)
	at org.apache.ratis.thirdparty.io.netty.util.concurrent.SingleThreadEventExecutor$5.run(SingleThreadEventExecutor.java:897)
	at org.apache.ratis.thirdparty.io.netty.util.concurrent.FastThreadLocalRunnable.run(FastThreadLocalRunnable.java:30)
	... 1 more
Caused by: java.net.ConnectException: Connection refused
	... 11 more
2019-10-17 18:51:21,465 [a5e79c22-a35f-4e50-b1fd-e91b6a93d74d@group-F775CA5912AC-LeaderElection416] INFO  impl.LeaderElection (LogUtils.java:infoOrTrace(149)) - a5e79c22-a35f-4e50-b1fd-e91b6a93d74d@group-F775CA5912AC-LeaderElection416 got exception when requesting votes: {}
java.util.concurrent.ExecutionException: org.apache.ratis.thirdparty.io.grpc.StatusRuntimeException: UNAVAILABLE: io exception
	at java.util.concurrent.FutureTask.report(FutureTask.java:122)
	at java.util.concurrent.FutureTask.get(FutureTask.java:192)
	at org.apache.ratis.server.impl.LeaderElection.waitForResults(LeaderElection.java:259)
	at org.apache.ratis.server.impl.LeaderElection.askForVotes(LeaderElection.java:197)
	at org.apache.ratis.server.impl.LeaderElection.run(LeaderElection.java:133)
	at java.lang.Thread.run(Thread.java:748)
Caused by: org.apache.ratis.thirdparty.io.grpc.StatusRuntimeException: UNAVAILABLE: io exception
	at org.apache.ratis.thirdparty.io.grpc.stub.ClientCalls.toStatusRuntimeException(ClientCalls.java:233)
	at org.apache.ratis.thirdparty.io.grpc.stub.ClientCalls.getUnchecked(ClientCalls.java:214)
	at org.apache.ratis.thirdparty.io.grpc.stub.ClientCalls.blockingUnaryCall(ClientCalls.java:139)
	at org.apache.ratis.proto.grpc.RaftServerProtocolServiceGrpc$RaftServerProtocolServiceBlockingStub.requestVote(RaftServerProtocolServiceGrpc.java:265)
	at org.apache.ratis.grpc.server.GrpcServerProtocolClient.requestVote(GrpcServerProtocolClient.java:99)
	at org.apache.ratis.grpc.server.GrpcService.requestVote(GrpcService.java:204)
	at org.apache.ratis.server.impl.LeaderElection.lambda$submitRequests$1(LeaderElection.java:234)
	at java.util.concurrent.FutureTask.run(FutureTask.java:266)
	at java.util.concurrent.Executors$RunnableAdapter.call(Executors.java:511)
	at java.util.concurrent.FutureTask.run(FutureTask.java:266)
	at java.util.concurrent.ThreadPoolExecutor.runWorker(ThreadPoolExecutor.java:1149)
	at java.util.concurrent.ThreadPoolExecutor$Worker.run(ThreadPoolExecutor.java:624)
	... 1 more
Caused by: org.apache.ratis.thirdparty.io.netty.channel.AbstractChannel$AnnotatedConnectException: Connection refused: /192.168.157.251:42113
	at sun.nio.ch.SocketChannelImpl.checkConnect(Native Method)
	at sun.nio.ch.SocketChannelImpl.finishConnect(SocketChannelImpl.java:717)
	at org.apache.ratis.thirdparty.io.netty.channel.socket.nio.NioSocketChannel.doFinishConnect(NioSocketChannel.java:327)
	at org.apache.ratis.thirdparty.io.netty.channel.nio.AbstractNioChannel$AbstractNioUnsafe.finishConnect(AbstractNioChannel.java:340)
	at org.apache.ratis.thirdparty.io.netty.channel.nio.NioEventLoop.processSelectedKey(NioEventLoop.java:632)
	at org.apache.ratis.thirdparty.io.netty.channel.nio.NioEventLoop.processSelectedKeysOptimized(NioEventLoop.java:579)
	at org.apache.ratis.thirdparty.io.netty.channel.nio.NioEventLoop.processSelectedKeys(NioEventLoop.java:496)
	at org.apache.ratis.thirdparty.io.netty.channel.nio.NioEventLoop.run(NioEventLoop.java:458)
	at org.apache.ratis.thirdparty.io.netty.util.concurrent.SingleThreadEventExecutor$5.run(SingleThreadEventExecutor.java:897)
	at org.apache.ratis.thirdparty.io.netty.util.concurrent.FastThreadLocalRunnable.run(FastThreadLocalRunnable.java:30)
	... 1 more
Caused by: java.net.ConnectException: Connection refused
	... 11 more
2019-10-17 18:51:21,465 [a5e79c22-a35f-4e50-b1fd-e91b6a93d74d@group-F775CA5912AC-LeaderElection416] INFO  impl.LeaderElection (LeaderElection.java:logAndReturn(56)) - a5e79c22-a35f-4e50-b1fd-e91b6a93d74d@group-F775CA5912AC-LeaderElection416: Election REJECTED; received 0 response(s) [] and 2 exception(s); a5e79c22-a35f-4e50-b1fd-e91b6a93d74d@group-F775CA5912AC:t253, leader=null, voted=a5e79c22-a35f-4e50-b1fd-e91b6a93d74d, raftlog=a5e79c22-a35f-4e50-b1fd-e91b6a93d74d@group-F775CA5912AC-SegmentedRaftLog:OPENED:c-1,f-1,i0, conf=-1: [a5e79c22-a35f-4e50-b1fd-e91b6a93d74d:192.168.157.251:45177, daae7813-f814-475d-9647-a302a5541e36:192.168.157.251:45025, 1e4e1375-1b66-460f-8c99-4c341545a119:192.168.157.251:42113], old=null
2019-10-17 18:51:21,466 [a5e79c22-a35f-4e50-b1fd-e91b6a93d74d@group-F775CA5912AC-LeaderElection416] INFO  impl.LeaderElection (LogUtils.java:infoOrTrace(149)) -   Exception 0: {}
java.util.concurrent.ExecutionException: org.apache.ratis.thirdparty.io.grpc.StatusRuntimeException: UNAVAILABLE: io exception
	at java.util.concurrent.FutureTask.report(FutureTask.java:122)
	at java.util.concurrent.FutureTask.get(FutureTask.java:192)
	at org.apache.ratis.server.impl.LeaderElection.waitForResults(LeaderElection.java:259)
	at org.apache.ratis.server.impl.LeaderElection.askForVotes(LeaderElection.java:197)
	at org.apache.ratis.server.impl.LeaderElection.run(LeaderElection.java:133)
	at java.lang.Thread.run(Thread.java:748)
Caused by: org.apache.ratis.thirdparty.io.grpc.StatusRuntimeException: UNAVAILABLE: io exception
	at org.apache.ratis.thirdparty.io.grpc.stub.ClientCalls.toStatusRuntimeException(ClientCalls.java:233)
	at org.apache.ratis.thirdparty.io.grpc.stub.ClientCalls.getUnchecked(ClientCalls.java:214)
	at org.apache.ratis.thirdparty.io.grpc.stub.ClientCalls.blockingUnaryCall(ClientCalls.java:139)
	at org.apache.ratis.proto.grpc.RaftServerProtocolServiceGrpc$RaftServerProtocolServiceBlockingStub.requestVote(RaftServerProtocolServiceGrpc.java:265)
	at org.apache.ratis.grpc.server.GrpcServerProtocolClient.requestVote(GrpcServerProtocolClient.java:99)
	at org.apache.ratis.grpc.server.GrpcService.requestVote(GrpcService.java:204)
	at org.apache.ratis.server.impl.LeaderElection.lambda$submitRequests$1(LeaderElection.java:234)
	at java.util.concurrent.FutureTask.run(FutureTask.java:266)
	at java.util.concurrent.Executors$RunnableAdapter.call(Executors.java:511)
	at java.util.concurrent.FutureTask.run(FutureTask.java:266)
	at java.util.concurrent.ThreadPoolExecutor.runWorker(ThreadPoolExecutor.java:1149)
	at java.util.concurrent.ThreadPoolExecutor$Worker.run(ThreadPoolExecutor.java:624)
	... 1 more
Caused by: org.apache.ratis.thirdparty.io.netty.channel.AbstractChannel$AnnotatedConnectException: Connection refused: /192.168.157.251:45025
	at sun.nio.ch.SocketChannelImpl.checkConnect(Native Method)
	at sun.nio.ch.SocketChannelImpl.finishConnect(SocketChannelImpl.java:717)
	at org.apache.ratis.thirdparty.io.netty.channel.socket.nio.NioSocketChannel.doFinishConnect(NioSocketChannel.java:327)
	at org.apache.ratis.thirdparty.io.netty.channel.nio.AbstractNioChannel$AbstractNioUnsafe.finishConnect(AbstractNioChannel.java:340)
	at org.apache.ratis.thirdparty.io.netty.channel.nio.NioEventLoop.processSelectedKey(NioEventLoop.java:632)
	at org.apache.ratis.thirdparty.io.netty.channel.nio.NioEventLoop.processSelectedKeysOptimized(NioEventLoop.java:579)
	at org.apache.ratis.thirdparty.io.netty.channel.nio.NioEventLoop.processSelectedKeys(NioEventLoop.java:496)
	at org.apache.ratis.thirdparty.io.netty.channel.nio.NioEventLoop.run(NioEventLoop.java:458)
	at org.apache.ratis.thirdparty.io.netty.util.concurrent.SingleThreadEventExecutor$5.run(SingleThreadEventExecutor.java:897)
	at org.apache.ratis.thirdparty.io.netty.util.concurrent.FastThreadLocalRunnable.run(FastThreadLocalRunnable.java:30)
	... 1 more
Caused by: java.net.ConnectException: Connection refused
	... 11 more
2019-10-17 18:51:21,466 [a5e79c22-a35f-4e50-b1fd-e91b6a93d74d@group-F775CA5912AC-LeaderElection416] INFO  impl.LeaderElection (LogUtils.java:infoOrTrace(149)) -   Exception 1: {}
java.util.concurrent.ExecutionException: org.apache.ratis.thirdparty.io.grpc.StatusRuntimeException: UNAVAILABLE: io exception
	at java.util.concurrent.FutureTask.report(FutureTask.java:122)
	at java.util.concurrent.FutureTask.get(FutureTask.java:192)
	at org.apache.ratis.server.impl.LeaderElection.waitForResults(LeaderElection.java:259)
	at org.apache.ratis.server.impl.LeaderElection.askForVotes(LeaderElection.java:197)
	at org.apache.ratis.server.impl.LeaderElection.run(LeaderElection.java:133)
	at java.lang.Thread.run(Thread.java:748)
Caused by: org.apache.ratis.thirdparty.io.grpc.StatusRuntimeException: UNAVAILABLE: io exception
	at org.apache.ratis.thirdparty.io.grpc.stub.ClientCalls.toStatusRuntimeException(ClientCalls.java:233)
	at org.apache.ratis.thirdparty.io.grpc.stub.ClientCalls.getUnchecked(ClientCalls.java:214)
	at org.apache.ratis.thirdparty.io.grpc.stub.ClientCalls.blockingUnaryCall(ClientCalls.java:139)
	at org.apache.ratis.proto.grpc.RaftServerProtocolServiceGrpc$RaftServerProtocolServiceBlockingStub.requestVote(RaftServerProtocolServiceGrpc.java:265)
	at org.apache.ratis.grpc.server.GrpcServerProtocolClient.requestVote(GrpcServerProtocolClient.java:99)
	at org.apache.ratis.grpc.server.GrpcService.requestVote(GrpcService.java:204)
	at org.apache.ratis.server.impl.LeaderElection.lambda$submitRequests$1(LeaderElection.java:234)
	at java.util.concurrent.FutureTask.run(FutureTask.java:266)
	at java.util.concurrent.Executors$RunnableAdapter.call(Executors.java:511)
	at java.util.concurrent.FutureTask.run(FutureTask.java:266)
	at java.util.concurrent.ThreadPoolExecutor.runWorker(ThreadPoolExecutor.java:1149)
	at java.util.concurrent.ThreadPoolExecutor$Worker.run(ThreadPoolExecutor.java:624)
	... 1 more
Caused by: org.apache.ratis.thirdparty.io.netty.channel.AbstractChannel$AnnotatedConnectException: Connection refused: /192.168.157.251:42113
	at sun.nio.ch.SocketChannelImpl.checkConnect(Native Method)
	at sun.nio.ch.SocketChannelImpl.finishConnect(SocketChannelImpl.java:717)
	at org.apache.ratis.thirdparty.io.netty.channel.socket.nio.NioSocketChannel.doFinishConnect(NioSocketChannel.java:327)
	at org.apache.ratis.thirdparty.io.netty.channel.nio.AbstractNioChannel$AbstractNioUnsafe.finishConnect(AbstractNioChannel.java:340)
	at org.apache.ratis.thirdparty.io.netty.channel.nio.NioEventLoop.processSelectedKey(NioEventLoop.java:632)
	at org.apache.ratis.thirdparty.io.netty.channel.nio.NioEventLoop.processSelectedKeysOptimized(NioEventLoop.java:579)
	at org.apache.ratis.thirdparty.io.netty.channel.nio.NioEventLoop.processSelectedKeys(NioEventLoop.java:496)
	at org.apache.ratis.thirdparty.io.netty.channel.nio.NioEventLoop.run(NioEventLoop.java:458)
	at org.apache.ratis.thirdparty.io.netty.util.concurrent.SingleThreadEventExecutor$5.run(SingleThreadEventExecutor.java:897)
	at org.apache.ratis.thirdparty.io.netty.util.concurrent.FastThreadLocalRunnable.run(FastThreadLocalRunnable.java:30)
	... 1 more
Caused by: java.net.ConnectException: Connection refused
	... 11 more
2019-10-17 18:51:21,466 [a5e79c22-a35f-4e50-b1fd-e91b6a93d74d@group-F775CA5912AC-LeaderElection416] INFO  impl.RaftServerImpl (RaftServerImpl.java:setRole(184)) - a5e79c22-a35f-4e50-b1fd-e91b6a93d74d@group-F775CA5912AC: changes role from CANDIDATE to FOLLOWER at term 253 for DISCOVERED_A_NEW_TERM
2019-10-17 18:51:21,466 [a5e79c22-a35f-4e50-b1fd-e91b6a93d74d@group-F775CA5912AC-LeaderElection416] INFO  impl.RoleInfo (RoleInfo.java:shutdownLeaderElection(134)) - a5e79c22-a35f-4e50-b1fd-e91b6a93d74d: shutdown LeaderElection
2019-10-17 18:51:21,467 [a5e79c22-a35f-4e50-b1fd-e91b6a93d74d@group-F775CA5912AC-LeaderElection416] INFO  impl.RoleInfo (RoleInfo.java:updateAndGet(143)) - a5e79c22-a35f-4e50-b1fd-e91b6a93d74d: start FollowerState
2019-10-17 18:51:21,526 [Thread-3216] INFO  impl.FollowerState (FollowerState.java:run(108)) - a5e79c22-a35f-4e50-b1fd-e91b6a93d74d@group-F775CA5912AC-FollowerState: change to CANDIDATE, lastRpcTime:59ms, electionTimeout:59ms
2019-10-17 18:51:21,526 [Thread-3216] INFO  impl.RoleInfo (RoleInfo.java:shutdownFollowerState(121)) - a5e79c22-a35f-4e50-b1fd-e91b6a93d74d: shutdown FollowerState
2019-10-17 18:51:21,526 [Thread-3216] INFO  impl.RaftServerImpl (RaftServerImpl.java:setRole(184)) - a5e79c22-a35f-4e50-b1fd-e91b6a93d74d@group-F775CA5912AC: changes role from  FOLLOWER to CANDIDATE at term 253 for changeToCandidate
2019-10-17 18:51:21,526 [Thread-3216] INFO  impl.RoleInfo (RoleInfo.java:updateAndGet(143)) - a5e79c22-a35f-4e50-b1fd-e91b6a93d74d: start LeaderElection
2019-10-17 18:51:21,540 [a5e79c22-a35f-4e50-b1fd-e91b6a93d74d@group-F775CA5912AC-LeaderElection417] INFO  impl.LeaderElection (LeaderElection.java:askForVotes(178)) - a5e79c22-a35f-4e50-b1fd-e91b6a93d74d@group-F775CA5912AC-LeaderElection417: begin an election at term 254 for -1: [a5e79c22-a35f-4e50-b1fd-e91b6a93d74d:192.168.157.251:45177, daae7813-f814-475d-9647-a302a5541e36:192.168.157.251:45025, 1e4e1375-1b66-460f-8c99-4c341545a119:192.168.157.251:42113], old=null
2019-10-17 18:51:21,541 [Thread-3173] INFO  impl.FollowerState (FollowerState.java:run(108)) - b8f04e38-0663-4b1f-8efd-f76585c6e86c@group-5F52F902B742-FollowerState: change to CANDIDATE, lastRpcTime:1142ms, electionTimeout:1142ms
2019-10-17 18:51:21,541 [Thread-3173] INFO  impl.RoleInfo (RoleInfo.java:shutdownFollowerState(121)) - b8f04e38-0663-4b1f-8efd-f76585c6e86c: shutdown FollowerState
2019-10-17 18:51:21,541 [Thread-3173] INFO  impl.RaftServerImpl (RaftServerImpl.java:setRole(184)) - b8f04e38-0663-4b1f-8efd-f76585c6e86c@group-5F52F902B742: changes role from  FOLLOWER to CANDIDATE at term 204 for changeToCandidate
2019-10-17 18:51:21,541 [a5e79c22-a35f-4e50-b1fd-e91b6a93d74d@group-F775CA5912AC-LeaderElection417] INFO  impl.LeaderElection (LogUtils.java:infoOrTrace(149)) - a5e79c22-a35f-4e50-b1fd-e91b6a93d74d@group-F775CA5912AC-LeaderElection417 got exception when requesting votes: {}
java.util.concurrent.ExecutionException: org.apache.ratis.thirdparty.io.grpc.StatusRuntimeException: UNAVAILABLE: io exception
	at java.util.concurrent.FutureTask.report(FutureTask.java:122)
	at java.util.concurrent.FutureTask.get(FutureTask.java:192)
	at org.apache.ratis.server.impl.LeaderElection.waitForResults(LeaderElection.java:259)
	at org.apache.ratis.server.impl.LeaderElection.askForVotes(LeaderElection.java:197)
	at org.apache.ratis.server.impl.LeaderElection.run(LeaderElection.java:133)
	at java.lang.Thread.run(Thread.java:748)
Caused by: org.apache.ratis.thirdparty.io.grpc.StatusRuntimeException: UNAVAILABLE: io exception
	at org.apache.ratis.thirdparty.io.grpc.stub.ClientCalls.toStatusRuntimeException(ClientCalls.java:233)
	at org.apache.ratis.thirdparty.io.grpc.stub.ClientCalls.getUnchecked(ClientCalls.java:214)
	at org.apache.ratis.thirdparty.io.grpc.stub.ClientCalls.blockingUnaryCall(ClientCalls.java:139)
	at org.apache.ratis.proto.grpc.RaftServerProtocolServiceGrpc$RaftServerProtocolServiceBlockingStub.requestVote(RaftServerProtocolServiceGrpc.java:265)
	at org.apache.ratis.grpc.server.GrpcServerProtocolClient.requestVote(GrpcServerProtocolClient.java:99)
	at org.apache.ratis.grpc.server.GrpcService.requestVote(GrpcService.java:204)
	at org.apache.ratis.server.impl.LeaderElection.lambda$submitRequests$1(LeaderElection.java:234)
	at java.util.concurrent.FutureTask.run(FutureTask.java:266)
	at java.util.concurrent.Executors$RunnableAdapter.call(Executors.java:511)
	at java.util.concurrent.FutureTask.run(FutureTask.java:266)
	at java.util.concurrent.ThreadPoolExecutor.runWorker(ThreadPoolExecutor.java:1149)
	at java.util.concurrent.ThreadPoolExecutor$Worker.run(ThreadPoolExecutor.java:624)
	... 1 more
Caused by: org.apache.ratis.thirdparty.io.netty.channel.AbstractChannel$AnnotatedConnectException: Connection refused: /192.168.157.251:42113
	at sun.nio.ch.SocketChannelImpl.checkConnect(Native Method)
	at sun.nio.ch.SocketChannelImpl.finishConnect(SocketChannelImpl.java:717)
	at org.apache.ratis.thirdparty.io.netty.channel.socket.nio.NioSocketChannel.doFinishConnect(NioSocketChannel.java:327)
	at org.apache.ratis.thirdparty.io.netty.channel.nio.AbstractNioChannel$AbstractNioUnsafe.finishConnect(AbstractNioChannel.java:340)
	at org.apache.ratis.thirdparty.io.netty.channel.nio.NioEventLoop.processSelectedKey(NioEventLoop.java:632)
	at org.apache.ratis.thirdparty.io.netty.channel.nio.NioEventLoop.processSelectedKeysOptimized(NioEventLoop.java:579)
	at org.apache.ratis.thirdparty.io.netty.channel.nio.NioEventLoop.processSelectedKeys(NioEventLoop.java:496)
	at org.apache.ratis.thirdparty.io.netty.channel.nio.NioEventLoop.run(NioEventLoop.java:458)
	at org.apache.ratis.thirdparty.io.netty.util.concurrent.SingleThreadEventExecutor$5.run(SingleThreadEventExecutor.java:897)
	at org.apache.ratis.thirdparty.io.netty.util.concurrent.FastThreadLocalRunnable.run(FastThreadLocalRunnable.java:30)
	... 1 more
Caused by: java.net.ConnectException: Connection refused
	... 11 more
2019-10-17 18:51:21,541 [Thread-3173] INFO  impl.RoleInfo (RoleInfo.java:updateAndGet(143)) - b8f04e38-0663-4b1f-8efd-f76585c6e86c: start LeaderElection
2019-10-17 18:51:21,541 [a5e79c22-a35f-4e50-b1fd-e91b6a93d74d@group-F775CA5912AC-LeaderElection417] INFO  impl.LeaderElection (LogUtils.java:infoOrTrace(149)) - a5e79c22-a35f-4e50-b1fd-e91b6a93d74d@group-F775CA5912AC-LeaderElection417 got exception when requesting votes: {}
java.util.concurrent.ExecutionException: org.apache.ratis.thirdparty.io.grpc.StatusRuntimeException: UNAVAILABLE: io exception
	at java.util.concurrent.FutureTask.report(FutureTask.java:122)
	at java.util.concurrent.FutureTask.get(FutureTask.java:192)
	at org.apache.ratis.server.impl.LeaderElection.waitForResults(LeaderElection.java:259)
	at org.apache.ratis.server.impl.LeaderElection.askForVotes(LeaderElection.java:197)
	at org.apache.ratis.server.impl.LeaderElection.run(LeaderElection.java:133)
	at java.lang.Thread.run(Thread.java:748)
Caused by: org.apache.ratis.thirdparty.io.grpc.StatusRuntimeException: UNAVAILABLE: io exception
	at org.apache.ratis.thirdparty.io.grpc.stub.ClientCalls.toStatusRuntimeException(ClientCalls.java:233)
	at org.apache.ratis.thirdparty.io.grpc.stub.ClientCalls.getUnchecked(ClientCalls.java:214)
	at org.apache.ratis.thirdparty.io.grpc.stub.ClientCalls.blockingUnaryCall(ClientCalls.java:139)
	at org.apache.ratis.proto.grpc.RaftServerProtocolServiceGrpc$RaftServerProtocolServiceBlockingStub.requestVote(RaftServerProtocolServiceGrpc.java:265)
	at org.apache.ratis.grpc.server.GrpcServerProtocolClient.requestVote(GrpcServerProtocolClient.java:99)
	at org.apache.ratis.grpc.server.GrpcService.requestVote(GrpcService.java:204)
	at org.apache.ratis.server.impl.LeaderElection.lambda$submitRequests$1(LeaderElection.java:234)
	at java.util.concurrent.FutureTask.run(FutureTask.java:266)
	at java.util.concurrent.Executors$RunnableAdapter.call(Executors.java:511)
	at java.util.concurrent.FutureTask.run(FutureTask.java:266)
	at java.util.concurrent.ThreadPoolExecutor.runWorker(ThreadPoolExecutor.java:1149)
	at java.util.concurrent.ThreadPoolExecutor$Worker.run(ThreadPoolExecutor.java:624)
	... 1 more
Caused by: org.apache.ratis.thirdparty.io.netty.channel.AbstractChannel$AnnotatedConnectException: Connection refused: /192.168.157.251:45025
	at sun.nio.ch.SocketChannelImpl.checkConnect(Native Method)
	at sun.nio.ch.SocketChannelImpl.finishConnect(SocketChannelImpl.java:717)
	at org.apache.ratis.thirdparty.io.netty.channel.socket.nio.NioSocketChannel.doFinishConnect(NioSocketChannel.java:327)
	at org.apache.ratis.thirdparty.io.netty.channel.nio.AbstractNioChannel$AbstractNioUnsafe.finishConnect(AbstractNioChannel.java:340)
	at org.apache.ratis.thirdparty.io.netty.channel.nio.NioEventLoop.processSelectedKey(NioEventLoop.java:632)
	at org.apache.ratis.thirdparty.io.netty.channel.nio.NioEventLoop.processSelectedKeysOptimized(NioEventLoop.java:579)
	at org.apache.ratis.thirdparty.io.netty.channel.nio.NioEventLoop.processSelectedKeys(NioEventLoop.java:496)
	at org.apache.ratis.thirdparty.io.netty.channel.nio.NioEventLoop.run(NioEventLoop.java:458)
	at org.apache.ratis.thirdparty.io.netty.util.concurrent.SingleThreadEventExecutor$5.run(SingleThreadEventExecutor.java:897)
	at org.apache.ratis.thirdparty.io.netty.util.concurrent.FastThreadLocalRunnable.run(FastThreadLocalRunnable.java:30)
	... 1 more
Caused by: java.net.ConnectException: Connection refused
	... 11 more
2019-10-17 18:51:21,542 [a5e79c22-a35f-4e50-b1fd-e91b6a93d74d@group-F775CA5912AC-LeaderElection417] INFO  impl.LeaderElection (LeaderElection.java:logAndReturn(56)) - a5e79c22-a35f-4e50-b1fd-e91b6a93d74d@group-F775CA5912AC-LeaderElection417: Election REJECTED; received 0 response(s) [] and 2 exception(s); a5e79c22-a35f-4e50-b1fd-e91b6a93d74d@group-F775CA5912AC:t254, leader=null, voted=a5e79c22-a35f-4e50-b1fd-e91b6a93d74d, raftlog=a5e79c22-a35f-4e50-b1fd-e91b6a93d74d@group-F775CA5912AC-SegmentedRaftLog:OPENED:c-1,f-1,i0, conf=-1: [a5e79c22-a35f-4e50-b1fd-e91b6a93d74d:192.168.157.251:45177, daae7813-f814-475d-9647-a302a5541e36:192.168.157.251:45025, 1e4e1375-1b66-460f-8c99-4c341545a119:192.168.157.251:42113], old=null
2019-10-17 18:51:21,542 [a5e79c22-a35f-4e50-b1fd-e91b6a93d74d@group-F775CA5912AC-LeaderElection417] INFO  impl.LeaderElection (LogUtils.java:infoOrTrace(149)) -   Exception 0: {}
java.util.concurrent.ExecutionException: org.apache.ratis.thirdparty.io.grpc.StatusRuntimeException: UNAVAILABLE: io exception
	at java.util.concurrent.FutureTask.report(FutureTask.java:122)
	at java.util.concurrent.FutureTask.get(FutureTask.java:192)
	at org.apache.ratis.server.impl.LeaderElection.waitForResults(LeaderElection.java:259)
	at org.apache.ratis.server.impl.LeaderElection.askForVotes(LeaderElection.java:197)
	at org.apache.ratis.server.impl.LeaderElection.run(LeaderElection.java:133)
	at java.lang.Thread.run(Thread.java:748)
Caused by: org.apache.ratis.thirdparty.io.grpc.StatusRuntimeException: UNAVAILABLE: io exception
	at org.apache.ratis.thirdparty.io.grpc.stub.ClientCalls.toStatusRuntimeException(ClientCalls.java:233)
	at org.apache.ratis.thirdparty.io.grpc.stub.ClientCalls.getUnchecked(ClientCalls.java:214)
	at org.apache.ratis.thirdparty.io.grpc.stub.ClientCalls.blockingUnaryCall(ClientCalls.java:139)
	at org.apache.ratis.proto.grpc.RaftServerProtocolServiceGrpc$RaftServerProtocolServiceBlockingStub.requestVote(RaftServerProtocolServiceGrpc.java:265)
	at org.apache.ratis.grpc.server.GrpcServerProtocolClient.requestVote(GrpcServerProtocolClient.java:99)
	at org.apache.ratis.grpc.server.GrpcService.requestVote(GrpcService.java:204)
	at org.apache.ratis.server.impl.LeaderElection.lambda$submitRequests$1(LeaderElection.java:234)
	at java.util.concurrent.FutureTask.run(FutureTask.java:266)
	at java.util.concurrent.Executors$RunnableAdapter.call(Executors.java:511)
	at java.util.concurrent.FutureTask.run(FutureTask.java:266)
	at java.util.concurrent.ThreadPoolExecutor.runWorker(ThreadPoolExecutor.java:1149)
	at java.util.concurrent.ThreadPoolExecutor$Worker.run(ThreadPoolExecutor.java:624)
	... 1 more
Caused by: org.apache.ratis.thirdparty.io.netty.channel.AbstractChannel$AnnotatedConnectException: Connection refused: /192.168.157.251:42113
	at sun.nio.ch.SocketChannelImpl.checkConnect(Native Method)
	at sun.nio.ch.SocketChannelImpl.finishConnect(SocketChannelImpl.java:717)
	at org.apache.ratis.thirdparty.io.netty.channel.socket.nio.NioSocketChannel.doFinishConnect(NioSocketChannel.java:327)
	at org.apache.ratis.thirdparty.io.netty.channel.nio.AbstractNioChannel$AbstractNioUnsafe.finishConnect(AbstractNioChannel.java:340)
	at org.apache.ratis.thirdparty.io.netty.channel.nio.NioEventLoop.processSelectedKey(NioEventLoop.java:632)
	at org.apache.ratis.thirdparty.io.netty.channel.nio.NioEventLoop.processSelectedKeysOptimized(NioEventLoop.java:579)
	at org.apache.ratis.thirdparty.io.netty.channel.nio.NioEventLoop.processSelectedKeys(NioEventLoop.java:496)
	at org.apache.ratis.thirdparty.io.netty.channel.nio.NioEventLoop.run(NioEventLoop.java:458)
	at org.apache.ratis.thirdparty.io.netty.util.concurrent.SingleThreadEventExecutor$5.run(SingleThreadEventExecutor.java:897)
	at org.apache.ratis.thirdparty.io.netty.util.concurrent.FastThreadLocalRunnable.run(FastThreadLocalRunnable.java:30)
	... 1 more
Caused by: java.net.ConnectException: Connection refused
	... 11 more
2019-10-17 18:51:21,543 [a5e79c22-a35f-4e50-b1fd-e91b6a93d74d@group-F775CA5912AC-LeaderElection417] INFO  impl.LeaderElection (LogUtils.java:infoOrTrace(149)) -   Exception 1: {}
java.util.concurrent.ExecutionException: org.apache.ratis.thirdparty.io.grpc.StatusRuntimeException: UNAVAILABLE: io exception
	at java.util.concurrent.FutureTask.report(FutureTask.java:122)
	at java.util.concurrent.FutureTask.get(FutureTask.java:192)
	at org.apache.ratis.server.impl.LeaderElection.waitForResults(LeaderElection.java:259)
	at org.apache.ratis.server.impl.LeaderElection.askForVotes(LeaderElection.java:197)
	at org.apache.ratis.server.impl.LeaderElection.run(LeaderElection.java:133)
	at java.lang.Thread.run(Thread.java:748)
Caused by: org.apache.ratis.thirdparty.io.grpc.StatusRuntimeException: UNAVAILABLE: io exception
	at org.apache.ratis.thirdparty.io.grpc.stub.ClientCalls.toStatusRuntimeException(ClientCalls.java:233)
	at org.apache.ratis.thirdparty.io.grpc.stub.ClientCalls.getUnchecked(ClientCalls.java:214)
	at org.apache.ratis.thirdparty.io.grpc.stub.ClientCalls.blockingUnaryCall(ClientCalls.java:139)
	at org.apache.ratis.proto.grpc.RaftServerProtocolServiceGrpc$RaftServerProtocolServiceBlockingStub.requestVote(RaftServerProtocolServiceGrpc.java:265)
	at org.apache.ratis.grpc.server.GrpcServerProtocolClient.requestVote(GrpcServerProtocolClient.java:99)
	at org.apache.ratis.grpc.server.GrpcService.requestVote(GrpcService.java:204)
	at org.apache.ratis.server.impl.LeaderElection.lambda$submitRequests$1(LeaderElection.java:234)
	at java.util.concurrent.FutureTask.run(FutureTask.java:266)
	at java.util.concurrent.Executors$RunnableAdapter.call(Executors.java:511)
	at java.util.concurrent.FutureTask.run(FutureTask.java:266)
	at java.util.concurrent.ThreadPoolExecutor.runWorker(ThreadPoolExecutor.java:1149)
	at java.util.concurrent.ThreadPoolExecutor$Worker.run(ThreadPoolExecutor.java:624)
	... 1 more
Caused by: org.apache.ratis.thirdparty.io.netty.channel.AbstractChannel$AnnotatedConnectException: Connection refused: /192.168.157.251:45025
	at sun.nio.ch.SocketChannelImpl.checkConnect(Native Method)
	at sun.nio.ch.SocketChannelImpl.finishConnect(SocketChannelImpl.java:717)
	at org.apache.ratis.thirdparty.io.netty.channel.socket.nio.NioSocketChannel.doFinishConnect(NioSocketChannel.java:327)
	at org.apache.ratis.thirdparty.io.netty.channel.nio.AbstractNioChannel$AbstractNioUnsafe.finishConnect(AbstractNioChannel.java:340)
	at org.apache.ratis.thirdparty.io.netty.channel.nio.NioEventLoop.processSelectedKey(NioEventLoop.java:632)
	at org.apache.ratis.thirdparty.io.netty.channel.nio.NioEventLoop.processSelectedKeysOptimized(NioEventLoop.java:579)
	at org.apache.ratis.thirdparty.io.netty.channel.nio.NioEventLoop.processSelectedKeys(NioEventLoop.java:496)
	at org.apache.ratis.thirdparty.io.netty.channel.nio.NioEventLoop.run(NioEventLoop.java:458)
	at org.apache.ratis.thirdparty.io.netty.util.concurrent.SingleThreadEventExecutor$5.run(SingleThreadEventExecutor.java:897)
	at org.apache.ratis.thirdparty.io.netty.util.concurrent.FastThreadLocalRunnable.run(FastThreadLocalRunnable.java:30)
	... 1 more
Caused by: java.net.ConnectException: Connection refused
	... 11 more
2019-10-17 18:51:21,543 [a5e79c22-a35f-4e50-b1fd-e91b6a93d74d@group-F775CA5912AC-LeaderElection417] INFO  impl.RaftServerImpl (RaftServerImpl.java:setRole(184)) - a5e79c22-a35f-4e50-b1fd-e91b6a93d74d@group-F775CA5912AC: changes role from CANDIDATE to FOLLOWER at term 254 for DISCOVERED_A_NEW_TERM
2019-10-17 18:51:21,543 [a5e79c22-a35f-4e50-b1fd-e91b6a93d74d@group-F775CA5912AC-LeaderElection417] INFO  impl.RoleInfo (RoleInfo.java:shutdownLeaderElection(134)) - a5e79c22-a35f-4e50-b1fd-e91b6a93d74d: shutdown LeaderElection
2019-10-17 18:51:21,543 [a5e79c22-a35f-4e50-b1fd-e91b6a93d74d@group-F775CA5912AC-LeaderElection417] INFO  impl.RoleInfo (RoleInfo.java:updateAndGet(143)) - a5e79c22-a35f-4e50-b1fd-e91b6a93d74d: start FollowerState
2019-10-17 18:51:21,573 [b8f04e38-0663-4b1f-8efd-f76585c6e86c@group-5F52F902B742-LeaderElection418] INFO  impl.LeaderElection (LeaderElection.java:askForVotes(178)) - b8f04e38-0663-4b1f-8efd-f76585c6e86c@group-5F52F902B742-LeaderElection418: begin an election at term 205 for 0: [b8f04e38-0663-4b1f-8efd-f76585c6e86c:192.168.157.251:35700, abcd8826-c056-4817-bd0f-7af19a46d814:192.168.157.251:46496, 73297ffa-40cb-4e3e-b33e-1bc2c1da60f5:192.168.157.251:32952], old=null
2019-10-17 18:51:21,574 [b8f04e38-0663-4b1f-8efd-f76585c6e86c@group-5F52F902B742-LeaderElection418] INFO  impl.LeaderElection (LogUtils.java:infoOrTrace(149)) - b8f04e38-0663-4b1f-8efd-f76585c6e86c@group-5F52F902B742-LeaderElection418 got exception when requesting votes: {}
java.util.concurrent.ExecutionException: org.apache.ratis.thirdparty.io.grpc.StatusRuntimeException: UNAVAILABLE: io exception
	at java.util.concurrent.FutureTask.report(FutureTask.java:122)
	at java.util.concurrent.FutureTask.get(FutureTask.java:192)
	at org.apache.ratis.server.impl.LeaderElection.waitForResults(LeaderElection.java:259)
	at org.apache.ratis.server.impl.LeaderElection.askForVotes(LeaderElection.java:197)
	at org.apache.ratis.server.impl.LeaderElection.run(LeaderElection.java:133)
	at java.lang.Thread.run(Thread.java:748)
Caused by: org.apache.ratis.thirdparty.io.grpc.StatusRuntimeException: UNAVAILABLE: io exception
	at org.apache.ratis.thirdparty.io.grpc.stub.ClientCalls.toStatusRuntimeException(ClientCalls.java:233)
	at org.apache.ratis.thirdparty.io.grpc.stub.ClientCalls.getUnchecked(ClientCalls.java:214)
	at org.apache.ratis.thirdparty.io.grpc.stub.ClientCalls.blockingUnaryCall(ClientCalls.java:139)
	at org.apache.ratis.proto.grpc.RaftServerProtocolServiceGrpc$RaftServerProtocolServiceBlockingStub.requestVote(RaftServerProtocolServiceGrpc.java:265)
	at org.apache.ratis.grpc.server.GrpcServerProtocolClient.requestVote(GrpcServerProtocolClient.java:99)
	at org.apache.ratis.grpc.server.GrpcService.requestVote(GrpcService.java:204)
	at org.apache.ratis.server.impl.LeaderElection.lambda$submitRequests$1(LeaderElection.java:234)
	at java.util.concurrent.FutureTask.run(FutureTask.java:266)
	at java.util.concurrent.Executors$RunnableAdapter.call(Executors.java:511)
	at java.util.concurrent.FutureTask.run(FutureTask.java:266)
	at java.util.concurrent.ThreadPoolExecutor.runWorker(ThreadPoolExecutor.java:1149)
	at java.util.concurrent.ThreadPoolExecutor$Worker.run(ThreadPoolExecutor.java:624)
	... 1 more
Caused by: org.apache.ratis.thirdparty.io.netty.channel.AbstractChannel$AnnotatedConnectException: Connection refused: /192.168.157.251:46496
	at sun.nio.ch.SocketChannelImpl.checkConnect(Native Method)
	at sun.nio.ch.SocketChannelImpl.finishConnect(SocketChannelImpl.java:717)
	at org.apache.ratis.thirdparty.io.netty.channel.socket.nio.NioSocketChannel.doFinishConnect(NioSocketChannel.java:327)
	at org.apache.ratis.thirdparty.io.netty.channel.nio.AbstractNioChannel$AbstractNioUnsafe.finishConnect(AbstractNioChannel.java:340)
	at org.apache.ratis.thirdparty.io.netty.channel.nio.NioEventLoop.processSelectedKey(NioEventLoop.java:632)
	at org.apache.ratis.thirdparty.io.netty.channel.nio.NioEventLoop.processSelectedKeysOptimized(NioEventLoop.java:579)
	at org.apache.ratis.thirdparty.io.netty.channel.nio.NioEventLoop.processSelectedKeys(NioEventLoop.java:496)
	at org.apache.ratis.thirdparty.io.netty.channel.nio.NioEventLoop.run(NioEventLoop.java:458)
	at org.apache.ratis.thirdparty.io.netty.util.concurrent.SingleThreadEventExecutor$5.run(SingleThreadEventExecutor.java:897)
	at org.apache.ratis.thirdparty.io.netty.util.concurrent.FastThreadLocalRunnable.run(FastThreadLocalRunnable.java:30)
	... 1 more
Caused by: java.net.ConnectException: Connection refused
	... 11 more
2019-10-17 18:51:21,575 [b8f04e38-0663-4b1f-8efd-f76585c6e86c@group-5F52F902B742-LeaderElection418] INFO  impl.LeaderElection (LogUtils.java:infoOrTrace(149)) - b8f04e38-0663-4b1f-8efd-f76585c6e86c@group-5F52F902B742-LeaderElection418 got exception when requesting votes: {}
java.util.concurrent.ExecutionException: org.apache.ratis.thirdparty.io.grpc.StatusRuntimeException: UNAVAILABLE: io exception
	at java.util.concurrent.FutureTask.report(FutureTask.java:122)
	at java.util.concurrent.FutureTask.get(FutureTask.java:192)
	at org.apache.ratis.server.impl.LeaderElection.waitForResults(LeaderElection.java:259)
	at org.apache.ratis.server.impl.LeaderElection.askForVotes(LeaderElection.java:197)
	at org.apache.ratis.server.impl.LeaderElection.run(LeaderElection.java:133)
	at java.lang.Thread.run(Thread.java:748)
Caused by: org.apache.ratis.thirdparty.io.grpc.StatusRuntimeException: UNAVAILABLE: io exception
	at org.apache.ratis.thirdparty.io.grpc.stub.ClientCalls.toStatusRuntimeException(ClientCalls.java:233)
	at org.apache.ratis.thirdparty.io.grpc.stub.ClientCalls.getUnchecked(ClientCalls.java:214)
	at org.apache.ratis.thirdparty.io.grpc.stub.ClientCalls.blockingUnaryCall(ClientCalls.java:139)
	at org.apache.ratis.proto.grpc.RaftServerProtocolServiceGrpc$RaftServerProtocolServiceBlockingStub.requestVote(RaftServerProtocolServiceGrpc.java:265)
	at org.apache.ratis.grpc.server.GrpcServerProtocolClient.requestVote(GrpcServerProtocolClient.java:99)
	at org.apache.ratis.grpc.server.GrpcService.requestVote(GrpcService.java:204)
	at org.apache.ratis.server.impl.LeaderElection.lambda$submitRequests$1(LeaderElection.java:234)
	at java.util.concurrent.FutureTask.run(FutureTask.java:266)
	at java.util.concurrent.Executors$RunnableAdapter.call(Executors.java:511)
	at java.util.concurrent.FutureTask.run(FutureTask.java:266)
	at java.util.concurrent.ThreadPoolExecutor.runWorker(ThreadPoolExecutor.java:1149)
	at java.util.concurrent.ThreadPoolExecutor$Worker.run(ThreadPoolExecutor.java:624)
	... 1 more
Caused by: org.apache.ratis.thirdparty.io.netty.channel.AbstractChannel$AnnotatedConnectException: Connection refused: /192.168.157.251:32952
	at sun.nio.ch.SocketChannelImpl.checkConnect(Native Method)
	at sun.nio.ch.SocketChannelImpl.finishConnect(SocketChannelImpl.java:717)
	at org.apache.ratis.thirdparty.io.netty.channel.socket.nio.NioSocketChannel.doFinishConnect(NioSocketChannel.java:327)
	at org.apache.ratis.thirdparty.io.netty.channel.nio.AbstractNioChannel$AbstractNioUnsafe.finishConnect(AbstractNioChannel.java:340)
	at org.apache.ratis.thirdparty.io.netty.channel.nio.NioEventLoop.processSelectedKey(NioEventLoop.java:632)
	at org.apache.ratis.thirdparty.io.netty.channel.nio.NioEventLoop.processSelectedKeysOptimized(NioEventLoop.java:579)
	at org.apache.ratis.thirdparty.io.netty.channel.nio.NioEventLoop.processSelectedKeys(NioEventLoop.java:496)
	at org.apache.ratis.thirdparty.io.netty.channel.nio.NioEventLoop.run(NioEventLoop.java:458)
	at org.apache.ratis.thirdparty.io.netty.util.concurrent.SingleThreadEventExecutor$5.run(SingleThreadEventExecutor.java:897)
	at org.apache.ratis.thirdparty.io.netty.util.concurrent.FastThreadLocalRunnable.run(FastThreadLocalRunnable.java:30)
	... 1 more
Caused by: java.net.ConnectException: Connection refused
	... 11 more
2019-10-17 18:51:21,575 [b8f04e38-0663-4b1f-8efd-f76585c6e86c@group-5F52F902B742-LeaderElection418] INFO  impl.LeaderElection (LeaderElection.java:logAndReturn(56)) - b8f04e38-0663-4b1f-8efd-f76585c6e86c@group-5F52F902B742-LeaderElection418: Election REJECTED; received 0 response(s) [] and 2 exception(s); b8f04e38-0663-4b1f-8efd-f76585c6e86c@group-5F52F902B742:t205, leader=null, voted=b8f04e38-0663-4b1f-8efd-f76585c6e86c, raftlog=b8f04e38-0663-4b1f-8efd-f76585c6e86c@group-5F52F902B742-SegmentedRaftLog:OPENED:c-1,f0,i0, conf=0: [b8f04e38-0663-4b1f-8efd-f76585c6e86c:192.168.157.251:35700, abcd8826-c056-4817-bd0f-7af19a46d814:192.168.157.251:46496, 73297ffa-40cb-4e3e-b33e-1bc2c1da60f5:192.168.157.251:32952], old=null
2019-10-17 18:51:21,575 [b8f04e38-0663-4b1f-8efd-f76585c6e86c@group-5F52F902B742-LeaderElection418] INFO  impl.LeaderElection (LogUtils.java:infoOrTrace(149)) -   Exception 0: {}
java.util.concurrent.ExecutionException: org.apache.ratis.thirdparty.io.grpc.StatusRuntimeException: UNAVAILABLE: io exception
	at java.util.concurrent.FutureTask.report(FutureTask.java:122)
	at java.util.concurrent.FutureTask.get(FutureTask.java:192)
	at org.apache.ratis.server.impl.LeaderElection.waitForResults(LeaderElection.java:259)
	at org.apache.ratis.server.impl.LeaderElection.askForVotes(LeaderElection.java:197)
	at org.apache.ratis.server.impl.LeaderElection.run(LeaderElection.java:133)
	at java.lang.Thread.run(Thread.java:748)
Caused by: org.apache.ratis.thirdparty.io.grpc.StatusRuntimeException: UNAVAILABLE: io exception
	at org.apache.ratis.thirdparty.io.grpc.stub.ClientCalls.toStatusRuntimeException(ClientCalls.java:233)
	at org.apache.ratis.thirdparty.io.grpc.stub.ClientCalls.getUnchecked(ClientCalls.java:214)
	at org.apache.ratis.thirdparty.io.grpc.stub.ClientCalls.blockingUnaryCall(ClientCalls.java:139)
	at org.apache.ratis.proto.grpc.RaftServerProtocolServiceGrpc$RaftServerProtocolServiceBlockingStub.requestVote(RaftServerProtocolServiceGrpc.java:265)
	at org.apache.ratis.grpc.server.GrpcServerProtocolClient.requestVote(GrpcServerProtocolClient.java:99)
	at org.apache.ratis.grpc.server.GrpcService.requestVote(GrpcService.java:204)
	at org.apache.ratis.server.impl.LeaderElection.lambda$submitRequests$1(LeaderElection.java:234)
	at java.util.concurrent.FutureTask.run(FutureTask.java:266)
	at java.util.concurrent.Executors$RunnableAdapter.call(Executors.java:511)
	at java.util.concurrent.FutureTask.run(FutureTask.java:266)
	at java.util.concurrent.ThreadPoolExecutor.runWorker(ThreadPoolExecutor.java:1149)
	at java.util.concurrent.ThreadPoolExecutor$Worker.run(ThreadPoolExecutor.java:624)
	... 1 more
Caused by: org.apache.ratis.thirdparty.io.netty.channel.AbstractChannel$AnnotatedConnectException: Connection refused: /192.168.157.251:46496
	at sun.nio.ch.SocketChannelImpl.checkConnect(Native Method)
	at sun.nio.ch.SocketChannelImpl.finishConnect(SocketChannelImpl.java:717)
	at org.apache.ratis.thirdparty.io.netty.channel.socket.nio.NioSocketChannel.doFinishConnect(NioSocketChannel.java:327)
	at org.apache.ratis.thirdparty.io.netty.channel.nio.AbstractNioChannel$AbstractNioUnsafe.finishConnect(AbstractNioChannel.java:340)
	at org.apache.ratis.thirdparty.io.netty.channel.nio.NioEventLoop.processSelectedKey(NioEventLoop.java:632)
	at org.apache.ratis.thirdparty.io.netty.channel.nio.NioEventLoop.processSelectedKeysOptimized(NioEventLoop.java:579)
	at org.apache.ratis.thirdparty.io.netty.channel.nio.NioEventLoop.processSelectedKeys(NioEventLoop.java:496)
	at org.apache.ratis.thirdparty.io.netty.channel.nio.NioEventLoop.run(NioEventLoop.java:458)
	at org.apache.ratis.thirdparty.io.netty.util.concurrent.SingleThreadEventExecutor$5.run(SingleThreadEventExecutor.java:897)
	at org.apache.ratis.thirdparty.io.netty.util.concurrent.FastThreadLocalRunnable.run(FastThreadLocalRunnable.java:30)
	... 1 more
Caused by: java.net.ConnectException: Connection refused
	... 11 more
2019-10-17 18:51:21,576 [b8f04e38-0663-4b1f-8efd-f76585c6e86c@group-5F52F902B742-LeaderElection418] INFO  impl.LeaderElection (LogUtils.java:infoOrTrace(149)) -   Exception 1: {}
java.util.concurrent.ExecutionException: org.apache.ratis.thirdparty.io.grpc.StatusRuntimeException: UNAVAILABLE: io exception
	at java.util.concurrent.FutureTask.report(FutureTask.java:122)
	at java.util.concurrent.FutureTask.get(FutureTask.java:192)
	at org.apache.ratis.server.impl.LeaderElection.waitForResults(LeaderElection.java:259)
	at org.apache.ratis.server.impl.LeaderElection.askForVotes(LeaderElection.java:197)
	at org.apache.ratis.server.impl.LeaderElection.run(LeaderElection.java:133)
	at java.lang.Thread.run(Thread.java:748)
Caused by: org.apache.ratis.thirdparty.io.grpc.StatusRuntimeException: UNAVAILABLE: io exception
	at org.apache.ratis.thirdparty.io.grpc.stub.ClientCalls.toStatusRuntimeException(ClientCalls.java:233)
	at org.apache.ratis.thirdparty.io.grpc.stub.ClientCalls.getUnchecked(ClientCalls.java:214)
	at org.apache.ratis.thirdparty.io.grpc.stub.ClientCalls.blockingUnaryCall(ClientCalls.java:139)
	at org.apache.ratis.proto.grpc.RaftServerProtocolServiceGrpc$RaftServerProtocolServiceBlockingStub.requestVote(RaftServerProtocolServiceGrpc.java:265)
	at org.apache.ratis.grpc.server.GrpcServerProtocolClient.requestVote(GrpcServerProtocolClient.java:99)
	at org.apache.ratis.grpc.server.GrpcService.requestVote(GrpcService.java:204)
	at org.apache.ratis.server.impl.LeaderElection.lambda$submitRequests$1(LeaderElection.java:234)
	at java.util.concurrent.FutureTask.run(FutureTask.java:266)
	at java.util.concurrent.Executors$RunnableAdapter.call(Executors.java:511)
	at java.util.concurrent.FutureTask.run(FutureTask.java:266)
	at java.util.concurrent.ThreadPoolExecutor.runWorker(ThreadPoolExecutor.java:1149)
	at java.util.concurrent.ThreadPoolExecutor$Worker.run(ThreadPoolExecutor.java:624)
	... 1 more
Caused by: org.apache.ratis.thirdparty.io.netty.channel.AbstractChannel$AnnotatedConnectException: Connection refused: /192.168.157.251:32952
	at sun.nio.ch.SocketChannelImpl.checkConnect(Native Method)
	at sun.nio.ch.SocketChannelImpl.finishConnect(SocketChannelImpl.java:717)
	at org.apache.ratis.thirdparty.io.netty.channel.socket.nio.NioSocketChannel.doFinishConnect(NioSocketChannel.java:327)
	at org.apache.ratis.thirdparty.io.netty.channel.nio.AbstractNioChannel$AbstractNioUnsafe.finishConnect(AbstractNioChannel.java:340)
	at org.apache.ratis.thirdparty.io.netty.channel.nio.NioEventLoop.processSelectedKey(NioEventLoop.java:632)
	at org.apache.ratis.thirdparty.io.netty.channel.nio.NioEventLoop.processSelectedKeysOptimized(NioEventLoop.java:579)
	at org.apache.ratis.thirdparty.io.netty.channel.nio.NioEventLoop.processSelectedKeys(NioEventLoop.java:496)
	at org.apache.ratis.thirdparty.io.netty.channel.nio.NioEventLoop.run(NioEventLoop.java:458)
	at org.apache.ratis.thirdparty.io.netty.util.concurrent.SingleThreadEventExecutor$5.run(SingleThreadEventExecutor.java:897)
	at org.apache.ratis.thirdparty.io.netty.util.concurrent.FastThreadLocalRunnable.run(FastThreadLocalRunnable.java:30)
	... 1 more
Caused by: java.net.ConnectException: Connection refused
	... 11 more
2019-10-17 18:51:21,576 [b8f04e38-0663-4b1f-8efd-f76585c6e86c@group-5F52F902B742-LeaderElection418] INFO  impl.RaftServerImpl (RaftServerImpl.java:setRole(184)) - b8f04e38-0663-4b1f-8efd-f76585c6e86c@group-5F52F902B742: changes role from CANDIDATE to FOLLOWER at term 205 for DISCOVERED_A_NEW_TERM
2019-10-17 18:51:21,576 [b8f04e38-0663-4b1f-8efd-f76585c6e86c@group-5F52F902B742-LeaderElection418] INFO  impl.RoleInfo (RoleInfo.java:shutdownLeaderElection(134)) - b8f04e38-0663-4b1f-8efd-f76585c6e86c: shutdown LeaderElection
2019-10-17 18:51:21,577 [b8f04e38-0663-4b1f-8efd-f76585c6e86c@group-5F52F902B742-LeaderElection418] INFO  impl.RoleInfo (RoleInfo.java:updateAndGet(143)) - b8f04e38-0663-4b1f-8efd-f76585c6e86c: start FollowerState
2019-10-17 18:51:21,601 [Thread-3221] INFO  impl.FollowerState (FollowerState.java:run(108)) - a5e79c22-a35f-4e50-b1fd-e91b6a93d74d@group-F775CA5912AC-FollowerState: change to CANDIDATE, lastRpcTime:57ms, electionTimeout:57ms
2019-10-17 18:51:21,601 [Thread-3221] INFO  impl.RoleInfo (RoleInfo.java:shutdownFollowerState(121)) - a5e79c22-a35f-4e50-b1fd-e91b6a93d74d: shutdown FollowerState
2019-10-17 18:51:21,601 [Thread-3221] INFO  impl.RaftServerImpl (RaftServerImpl.java:setRole(184)) - a5e79c22-a35f-4e50-b1fd-e91b6a93d74d@group-F775CA5912AC: changes role from  FOLLOWER to CANDIDATE at term 254 for changeToCandidate
2019-10-17 18:51:21,601 [Thread-3221] INFO  impl.RoleInfo (RoleInfo.java:updateAndGet(143)) - a5e79c22-a35f-4e50-b1fd-e91b6a93d74d: start LeaderElection
2019-10-17 18:51:21,651 [a5e79c22-a35f-4e50-b1fd-e91b6a93d74d@group-F775CA5912AC-LeaderElection419] INFO  impl.LeaderElection (LeaderElection.java:askForVotes(178)) - a5e79c22-a35f-4e50-b1fd-e91b6a93d74d@group-F775CA5912AC-LeaderElection419: begin an election at term 255 for -1: [a5e79c22-a35f-4e50-b1fd-e91b6a93d74d:192.168.157.251:45177, daae7813-f814-475d-9647-a302a5541e36:192.168.157.251:45025, 1e4e1375-1b66-460f-8c99-4c341545a119:192.168.157.251:42113], old=null
2019-10-17 18:51:21,652 [a5e79c22-a35f-4e50-b1fd-e91b6a93d74d@group-F775CA5912AC-LeaderElection419] INFO  impl.LeaderElection (LogUtils.java:infoOrTrace(149)) - a5e79c22-a35f-4e50-b1fd-e91b6a93d74d@group-F775CA5912AC-LeaderElection419 got exception when requesting votes: {}
java.util.concurrent.ExecutionException: org.apache.ratis.thirdparty.io.grpc.StatusRuntimeException: UNAVAILABLE: io exception
	at java.util.concurrent.FutureTask.report(FutureTask.java:122)
	at java.util.concurrent.FutureTask.get(FutureTask.java:192)
	at org.apache.ratis.server.impl.LeaderElection.waitForResults(LeaderElection.java:259)
	at org.apache.ratis.server.impl.LeaderElection.askForVotes(LeaderElection.java:197)
	at org.apache.ratis.server.impl.LeaderElection.run(LeaderElection.java:133)
	at java.lang.Thread.run(Thread.java:748)
Caused by: org.apache.ratis.thirdparty.io.grpc.StatusRuntimeException: UNAVAILABLE: io exception
	at org.apache.ratis.thirdparty.io.grpc.stub.ClientCalls.toStatusRuntimeException(ClientCalls.java:233)
	at org.apache.ratis.thirdparty.io.grpc.stub.ClientCalls.getUnchecked(ClientCalls.java:214)
	at org.apache.ratis.thirdparty.io.grpc.stub.ClientCalls.blockingUnaryCall(ClientCalls.java:139)
	at org.apache.ratis.proto.grpc.RaftServerProtocolServiceGrpc$RaftServerProtocolServiceBlockingStub.requestVote(RaftServerProtocolServiceGrpc.java:265)
	at org.apache.ratis.grpc.server.GrpcServerProtocolClient.requestVote(GrpcServerProtocolClient.java:99)
	at org.apache.ratis.grpc.server.GrpcService.requestVote(GrpcService.java:204)
	at org.apache.ratis.server.impl.LeaderElection.lambda$submitRequests$1(LeaderElection.java:234)
	at java.util.concurrent.FutureTask.run(FutureTask.java:266)
	at java.util.concurrent.Executors$RunnableAdapter.call(Executors.java:511)
	at java.util.concurrent.FutureTask.run(FutureTask.java:266)
	at java.util.concurrent.ThreadPoolExecutor.runWorker(ThreadPoolExecutor.java:1149)
	at java.util.concurrent.ThreadPoolExecutor$Worker.run(ThreadPoolExecutor.java:624)
	... 1 more
Caused by: org.apache.ratis.thirdparty.io.netty.channel.AbstractChannel$AnnotatedConnectException: Connection refused: /192.168.157.251:45025
	at sun.nio.ch.SocketChannelImpl.checkConnect(Native Method)
	at sun.nio.ch.SocketChannelImpl.finishConnect(SocketChannelImpl.java:717)
	at org.apache.ratis.thirdparty.io.netty.channel.socket.nio.NioSocketChannel.doFinishConnect(NioSocketChannel.java:327)
	at org.apache.ratis.thirdparty.io.netty.channel.nio.AbstractNioChannel$AbstractNioUnsafe.finishConnect(AbstractNioChannel.java:340)
	at org.apache.ratis.thirdparty.io.netty.channel.nio.NioEventLoop.processSelectedKey(NioEventLoop.java:632)
	at org.apache.ratis.thirdparty.io.netty.channel.nio.NioEventLoop.processSelectedKeysOptimized(NioEventLoop.java:579)
	at org.apache.ratis.thirdparty.io.netty.channel.nio.NioEventLoop.processSelectedKeys(NioEventLoop.java:496)
	at org.apache.ratis.thirdparty.io.netty.channel.nio.NioEventLoop.run(NioEventLoop.java:458)
	at org.apache.ratis.thirdparty.io.netty.util.concurrent.SingleThreadEventExecutor$5.run(SingleThreadEventExecutor.java:897)
	at org.apache.ratis.thirdparty.io.netty.util.concurrent.FastThreadLocalRunnable.run(FastThreadLocalRunnable.java:30)
	... 1 more
Caused by: java.net.ConnectException: Connection refused
	... 11 more
2019-10-17 18:51:21,653 [a5e79c22-a35f-4e50-b1fd-e91b6a93d74d@group-F775CA5912AC-LeaderElection419] INFO  impl.LeaderElection (LogUtils.java:infoOrTrace(149)) - a5e79c22-a35f-4e50-b1fd-e91b6a93d74d@group-F775CA5912AC-LeaderElection419 got exception when requesting votes: {}
java.util.concurrent.ExecutionException: org.apache.ratis.thirdparty.io.grpc.StatusRuntimeException: UNAVAILABLE: io exception
	at java.util.concurrent.FutureTask.report(FutureTask.java:122)
	at java.util.concurrent.FutureTask.get(FutureTask.java:192)
	at org.apache.ratis.server.impl.LeaderElection.waitForResults(LeaderElection.java:259)
	at org.apache.ratis.server.impl.LeaderElection.askForVotes(LeaderElection.java:197)
	at org.apache.ratis.server.impl.LeaderElection.run(LeaderElection.java:133)
	at java.lang.Thread.run(Thread.java:748)
Caused by: org.apache.ratis.thirdparty.io.grpc.StatusRuntimeException: UNAVAILABLE: io exception
	at org.apache.ratis.thirdparty.io.grpc.stub.ClientCalls.toStatusRuntimeException(ClientCalls.java:233)
	at org.apache.ratis.thirdparty.io.grpc.stub.ClientCalls.getUnchecked(ClientCalls.java:214)
	at org.apache.ratis.thirdparty.io.grpc.stub.ClientCalls.blockingUnaryCall(ClientCalls.java:139)
	at org.apache.ratis.proto.grpc.RaftServerProtocolServiceGrpc$RaftServerProtocolServiceBlockingStub.requestVote(RaftServerProtocolServiceGrpc.java:265)
	at org.apache.ratis.grpc.server.GrpcServerProtocolClient.requestVote(GrpcServerProtocolClient.java:99)
	at org.apache.ratis.grpc.server.GrpcService.requestVote(GrpcService.java:204)
	at org.apache.ratis.server.impl.LeaderElection.lambda$submitRequests$1(LeaderElection.java:234)
	at java.util.concurrent.FutureTask.run(FutureTask.java:266)
	at java.util.concurrent.Executors$RunnableAdapter.call(Executors.java:511)
	at java.util.concurrent.FutureTask.run(FutureTask.java:266)
	at java.util.concurrent.ThreadPoolExecutor.runWorker(ThreadPoolExecutor.java:1149)
	at java.util.concurrent.ThreadPoolExecutor$Worker.run(ThreadPoolExecutor.java:624)
	... 1 more
Caused by: org.apache.ratis.thirdparty.io.netty.channel.AbstractChannel$AnnotatedConnectException: Connection refused: /192.168.157.251:42113
	at sun.nio.ch.SocketChannelImpl.checkConnect(Native Method)
	at sun.nio.ch.SocketChannelImpl.finishConnect(SocketChannelImpl.java:717)
	at org.apache.ratis.thirdparty.io.netty.channel.socket.nio.NioSocketChannel.doFinishConnect(NioSocketChannel.java:327)
	at org.apache.ratis.thirdparty.io.netty.channel.nio.AbstractNioChannel$AbstractNioUnsafe.finishConnect(AbstractNioChannel.java:340)
	at org.apache.ratis.thirdparty.io.netty.channel.nio.NioEventLoop.processSelectedKey(NioEventLoop.java:632)
	at org.apache.ratis.thirdparty.io.netty.channel.nio.NioEventLoop.processSelectedKeysOptimized(NioEventLoop.java:579)
	at org.apache.ratis.thirdparty.io.netty.channel.nio.NioEventLoop.processSelectedKeys(NioEventLoop.java:496)
	at org.apache.ratis.thirdparty.io.netty.channel.nio.NioEventLoop.run(NioEventLoop.java:458)
	at org.apache.ratis.thirdparty.io.netty.util.concurrent.SingleThreadEventExecutor$5.run(SingleThreadEventExecutor.java:897)
	at org.apache.ratis.thirdparty.io.netty.util.concurrent.FastThreadLocalRunnable.run(FastThreadLocalRunnable.java:30)
	... 1 more
Caused by: java.net.ConnectException: Connection refused
	... 11 more
2019-10-17 18:51:21,653 [a5e79c22-a35f-4e50-b1fd-e91b6a93d74d@group-F775CA5912AC-LeaderElection419] INFO  impl.LeaderElection (LeaderElection.java:logAndReturn(56)) - a5e79c22-a35f-4e50-b1fd-e91b6a93d74d@group-F775CA5912AC-LeaderElection419: Election REJECTED; received 0 response(s) [] and 2 exception(s); a5e79c22-a35f-4e50-b1fd-e91b6a93d74d@group-F775CA5912AC:t255, leader=null, voted=a5e79c22-a35f-4e50-b1fd-e91b6a93d74d, raftlog=a5e79c22-a35f-4e50-b1fd-e91b6a93d74d@group-F775CA5912AC-SegmentedRaftLog:OPENED:c-1,f-1,i0, conf=-1: [a5e79c22-a35f-4e50-b1fd-e91b6a93d74d:192.168.157.251:45177, daae7813-f814-475d-9647-a302a5541e36:192.168.157.251:45025, 1e4e1375-1b66-460f-8c99-4c341545a119:192.168.157.251:42113], old=null
2019-10-17 18:51:21,653 [a5e79c22-a35f-4e50-b1fd-e91b6a93d74d@group-F775CA5912AC-LeaderElection419] INFO  impl.LeaderElection (LogUtils.java:infoOrTrace(149)) -   Exception 0: {}
java.util.concurrent.ExecutionException: org.apache.ratis.thirdparty.io.grpc.StatusRuntimeException: UNAVAILABLE: io exception
	at java.util.concurrent.FutureTask.report(FutureTask.java:122)
	at java.util.concurrent.FutureTask.get(FutureTask.java:192)
	at org.apache.ratis.server.impl.LeaderElection.waitForResults(LeaderElection.java:259)
	at org.apache.ratis.server.impl.LeaderElection.askForVotes(LeaderElection.java:197)
	at org.apache.ratis.server.impl.LeaderElection.run(LeaderElection.java:133)
	at java.lang.Thread.run(Thread.java:748)
Caused by: org.apache.ratis.thirdparty.io.grpc.StatusRuntimeException: UNAVAILABLE: io exception
	at org.apache.ratis.thirdparty.io.grpc.stub.ClientCalls.toStatusRuntimeException(ClientCalls.java:233)
	at org.apache.ratis.thirdparty.io.grpc.stub.ClientCalls.getUnchecked(ClientCalls.java:214)
	at org.apache.ratis.thirdparty.io.grpc.stub.ClientCalls.blockingUnaryCall(ClientCalls.java:139)
	at org.apache.ratis.proto.grpc.RaftServerProtocolServiceGrpc$RaftServerProtocolServiceBlockingStub.requestVote(RaftServerProtocolServiceGrpc.java:265)
	at org.apache.ratis.grpc.server.GrpcServerProtocolClient.requestVote(GrpcServerProtocolClient.java:99)
	at org.apache.ratis.grpc.server.GrpcService.requestVote(GrpcService.java:204)
	at org.apache.ratis.server.impl.LeaderElection.lambda$submitRequests$1(LeaderElection.java:234)
	at java.util.concurrent.FutureTask.run(FutureTask.java:266)
	at java.util.concurrent.Executors$RunnableAdapter.call(Executors.java:511)
	at java.util.concurrent.FutureTask.run(FutureTask.java:266)
	at java.util.concurrent.ThreadPoolExecutor.runWorker(ThreadPoolExecutor.java:1149)
	at java.util.concurrent.ThreadPoolExecutor$Worker.run(ThreadPoolExecutor.java:624)
	... 1 more
Caused by: org.apache.ratis.thirdparty.io.netty.channel.AbstractChannel$AnnotatedConnectException: Connection refused: /192.168.157.251:45025
	at sun.nio.ch.SocketChannelImpl.checkConnect(Native Method)
	at sun.nio.ch.SocketChannelImpl.finishConnect(SocketChannelImpl.java:717)
	at org.apache.ratis.thirdparty.io.netty.channel.socket.nio.NioSocketChannel.doFinishConnect(NioSocketChannel.java:327)
	at org.apache.ratis.thirdparty.io.netty.channel.nio.AbstractNioChannel$AbstractNioUnsafe.finishConnect(AbstractNioChannel.java:340)
	at org.apache.ratis.thirdparty.io.netty.channel.nio.NioEventLoop.processSelectedKey(NioEventLoop.java:632)
	at org.apache.ratis.thirdparty.io.netty.channel.nio.NioEventLoop.processSelectedKeysOptimized(NioEventLoop.java:579)
	at org.apache.ratis.thirdparty.io.netty.channel.nio.NioEventLoop.processSelectedKeys(NioEventLoop.java:496)
	at org.apache.ratis.thirdparty.io.netty.channel.nio.NioEventLoop.run(NioEventLoop.java:458)
	at org.apache.ratis.thirdparty.io.netty.util.concurrent.SingleThreadEventExecutor$5.run(SingleThreadEventExecutor.java:897)
	at org.apache.ratis.thirdparty.io.netty.util.concurrent.FastThreadLocalRunnable.run(FastThreadLocalRunnable.java:30)
	... 1 more
Caused by: java.net.ConnectException: Connection refused
	... 11 more
2019-10-17 18:51:21,653 [a5e79c22-a35f-4e50-b1fd-e91b6a93d74d@group-F775CA5912AC-LeaderElection419] INFO  impl.LeaderElection (LogUtils.java:infoOrTrace(149)) -   Exception 1: {}
java.util.concurrent.ExecutionException: org.apache.ratis.thirdparty.io.grpc.StatusRuntimeException: UNAVAILABLE: io exception
	at java.util.concurrent.FutureTask.report(FutureTask.java:122)
	at java.util.concurrent.FutureTask.get(FutureTask.java:192)
	at org.apache.ratis.server.impl.LeaderElection.waitForResults(LeaderElection.java:259)
	at org.apache.ratis.server.impl.LeaderElection.askForVotes(LeaderElection.java:197)
	at org.apache.ratis.server.impl.LeaderElection.run(LeaderElection.java:133)
	at java.lang.Thread.run(Thread.java:748)
Caused by: org.apache.ratis.thirdparty.io.grpc.StatusRuntimeException: UNAVAILABLE: io exception
	at org.apache.ratis.thirdparty.io.grpc.stub.ClientCalls.toStatusRuntimeException(ClientCalls.java:233)
	at org.apache.ratis.thirdparty.io.grpc.stub.ClientCalls.getUnchecked(ClientCalls.java:214)
	at org.apache.ratis.thirdparty.io.grpc.stub.ClientCalls.blockingUnaryCall(ClientCalls.java:139)
	at org.apache.ratis.proto.grpc.RaftServerProtocolServiceGrpc$RaftServerProtocolServiceBlockingStub.requestVote(RaftServerProtocolServiceGrpc.java:265)
	at org.apache.ratis.grpc.server.GrpcServerProtocolClient.requestVote(GrpcServerProtocolClient.java:99)
	at org.apache.ratis.grpc.server.GrpcService.requestVote(GrpcService.java:204)
	at org.apache.ratis.server.impl.LeaderElection.lambda$submitRequests$1(LeaderElection.java:234)
	at java.util.concurrent.FutureTask.run(FutureTask.java:266)
	at java.util.concurrent.Executors$RunnableAdapter.call(Executors.java:511)
	at java.util.concurrent.FutureTask.run(FutureTask.java:266)
	at java.util.concurrent.ThreadPoolExecutor.runWorker(ThreadPoolExecutor.java:1149)
	at java.util.concurrent.ThreadPoolExecutor$Worker.run(ThreadPoolExecutor.java:624)
	... 1 more
Caused by: org.apache.ratis.thirdparty.io.netty.channel.AbstractChannel$AnnotatedConnectException: Connection refused: /192.168.157.251:42113
	at sun.nio.ch.SocketChannelImpl.checkConnect(Native Method)
	at sun.nio.ch.SocketChannelImpl.finishConnect(SocketChannelImpl.java:717)
	at org.apache.ratis.thirdparty.io.netty.channel.socket.nio.NioSocketChannel.doFinishConnect(NioSocketChannel.java:327)
	at org.apache.ratis.thirdparty.io.netty.channel.nio.AbstractNioChannel$AbstractNioUnsafe.finishConnect(AbstractNioChannel.java:340)
	at org.apache.ratis.thirdparty.io.netty.channel.nio.NioEventLoop.processSelectedKey(NioEventLoop.java:632)
	at org.apache.ratis.thirdparty.io.netty.channel.nio.NioEventLoop.processSelectedKeysOptimized(NioEventLoop.java:579)
	at org.apache.ratis.thirdparty.io.netty.channel.nio.NioEventLoop.processSelectedKeys(NioEventLoop.java:496)
	at org.apache.ratis.thirdparty.io.netty.channel.nio.NioEventLoop.run(NioEventLoop.java:458)
	at org.apache.ratis.thirdparty.io.netty.util.concurrent.SingleThreadEventExecutor$5.run(SingleThreadEventExecutor.java:897)
	at org.apache.ratis.thirdparty.io.netty.util.concurrent.FastThreadLocalRunnable.run(FastThreadLocalRunnable.java:30)
	... 1 more
Caused by: java.net.ConnectException: Connection refused
	... 11 more
2019-10-17 18:51:21,653 [a5e79c22-a35f-4e50-b1fd-e91b6a93d74d@group-F775CA5912AC-LeaderElection419] INFO  impl.RaftServerImpl (RaftServerImpl.java:setRole(184)) - a5e79c22-a35f-4e50-b1fd-e91b6a93d74d@group-F775CA5912AC: changes role from CANDIDATE to FOLLOWER at term 255 for DISCOVERED_A_NEW_TERM
2019-10-17 18:51:21,653 [a5e79c22-a35f-4e50-b1fd-e91b6a93d74d@group-F775CA5912AC-LeaderElection419] INFO  impl.RoleInfo (RoleInfo.java:shutdownLeaderElection(134)) - a5e79c22-a35f-4e50-b1fd-e91b6a93d74d: shutdown LeaderElection
2019-10-17 18:51:21,653 [a5e79c22-a35f-4e50-b1fd-e91b6a93d74d@group-F775CA5912AC-LeaderElection419] INFO  impl.RoleInfo (RoleInfo.java:updateAndGet(143)) - a5e79c22-a35f-4e50-b1fd-e91b6a93d74d: start FollowerState
2019-10-17 18:51:21,837 [Thread-3228] INFO  impl.FollowerState (FollowerState.java:run(108)) - a5e79c22-a35f-4e50-b1fd-e91b6a93d74d@group-F775CA5912AC-FollowerState: change to CANDIDATE, lastRpcTime:183ms, electionTimeout:183ms
2019-10-17 18:51:21,837 [Thread-3228] INFO  impl.RoleInfo (RoleInfo.java:shutdownFollowerState(121)) - a5e79c22-a35f-4e50-b1fd-e91b6a93d74d: shutdown FollowerState
2019-10-17 18:51:21,837 [Thread-3228] INFO  impl.RaftServerImpl (RaftServerImpl.java:setRole(184)) - a5e79c22-a35f-4e50-b1fd-e91b6a93d74d@group-F775CA5912AC: changes role from  FOLLOWER to CANDIDATE at term 255 for changeToCandidate
2019-10-17 18:51:21,837 [Thread-3228] INFO  impl.RoleInfo (RoleInfo.java:updateAndGet(143)) - a5e79c22-a35f-4e50-b1fd-e91b6a93d74d: start LeaderElection
2019-10-17 18:51:21,862 [a5e79c22-a35f-4e50-b1fd-e91b6a93d74d@group-F775CA5912AC-LeaderElection420] INFO  impl.LeaderElection (LeaderElection.java:askForVotes(178)) - a5e79c22-a35f-4e50-b1fd-e91b6a93d74d@group-F775CA5912AC-LeaderElection420: begin an election at term 256 for -1: [a5e79c22-a35f-4e50-b1fd-e91b6a93d74d:192.168.157.251:45177, daae7813-f814-475d-9647-a302a5541e36:192.168.157.251:45025, 1e4e1375-1b66-460f-8c99-4c341545a119:192.168.157.251:42113], old=null
2019-10-17 18:51:21,863 [a5e79c22-a35f-4e50-b1fd-e91b6a93d74d@group-F775CA5912AC-LeaderElection420] INFO  impl.LeaderElection (LogUtils.java:infoOrTrace(149)) - a5e79c22-a35f-4e50-b1fd-e91b6a93d74d@group-F775CA5912AC-LeaderElection420 got exception when requesting votes: {}
java.util.concurrent.ExecutionException: org.apache.ratis.thirdparty.io.grpc.StatusRuntimeException: UNAVAILABLE: io exception
	at java.util.concurrent.FutureTask.report(FutureTask.java:122)
	at java.util.concurrent.FutureTask.get(FutureTask.java:192)
	at org.apache.ratis.server.impl.LeaderElection.waitForResults(LeaderElection.java:259)
	at org.apache.ratis.server.impl.LeaderElection.askForVotes(LeaderElection.java:197)
	at org.apache.ratis.server.impl.LeaderElection.run(LeaderElection.java:133)
	at java.lang.Thread.run(Thread.java:748)
Caused by: org.apache.ratis.thirdparty.io.grpc.StatusRuntimeException: UNAVAILABLE: io exception
	at org.apache.ratis.thirdparty.io.grpc.stub.ClientCalls.toStatusRuntimeException(ClientCalls.java:233)
	at org.apache.ratis.thirdparty.io.grpc.stub.ClientCalls.getUnchecked(ClientCalls.java:214)
	at org.apache.ratis.thirdparty.io.grpc.stub.ClientCalls.blockingUnaryCall(ClientCalls.java:139)
	at org.apache.ratis.proto.grpc.RaftServerProtocolServiceGrpc$RaftServerProtocolServiceBlockingStub.requestVote(RaftServerProtocolServiceGrpc.java:265)
	at org.apache.ratis.grpc.server.GrpcServerProtocolClient.requestVote(GrpcServerProtocolClient.java:99)
	at org.apache.ratis.grpc.server.GrpcService.requestVote(GrpcService.java:204)
	at org.apache.ratis.server.impl.LeaderElection.lambda$submitRequests$1(LeaderElection.java:234)
	at java.util.concurrent.FutureTask.run(FutureTask.java:266)
	at java.util.concurrent.Executors$RunnableAdapter.call(Executors.java:511)
	at java.util.concurrent.FutureTask.run(FutureTask.java:266)
	at java.util.concurrent.ThreadPoolExecutor.runWorker(ThreadPoolExecutor.java:1149)
	at java.util.concurrent.ThreadPoolExecutor$Worker.run(ThreadPoolExecutor.java:624)
	... 1 more
Caused by: org.apache.ratis.thirdparty.io.netty.channel.AbstractChannel$AnnotatedConnectException: Connection refused: /192.168.157.251:45025
	at sun.nio.ch.SocketChannelImpl.checkConnect(Native Method)
	at sun.nio.ch.SocketChannelImpl.finishConnect(SocketChannelImpl.java:717)
	at org.apache.ratis.thirdparty.io.netty.channel.socket.nio.NioSocketChannel.doFinishConnect(NioSocketChannel.java:327)
	at org.apache.ratis.thirdparty.io.netty.channel.nio.AbstractNioChannel$AbstractNioUnsafe.finishConnect(AbstractNioChannel.java:340)
	at org.apache.ratis.thirdparty.io.netty.channel.nio.NioEventLoop.processSelectedKey(NioEventLoop.java:632)
	at org.apache.ratis.thirdparty.io.netty.channel.nio.NioEventLoop.processSelectedKeysOptimized(NioEventLoop.java:579)
	at org.apache.ratis.thirdparty.io.netty.channel.nio.NioEventLoop.processSelectedKeys(NioEventLoop.java:496)
	at org.apache.ratis.thirdparty.io.netty.channel.nio.NioEventLoop.run(NioEventLoop.java:458)
	at org.apache.ratis.thirdparty.io.netty.util.concurrent.SingleThreadEventExecutor$5.run(SingleThreadEventExecutor.java:897)
	at org.apache.ratis.thirdparty.io.netty.util.concurrent.FastThreadLocalRunnable.run(FastThreadLocalRunnable.java:30)
	... 1 more
Caused by: java.net.ConnectException: Connection refused
	... 11 more
2019-10-17 18:51:21,863 [a5e79c22-a35f-4e50-b1fd-e91b6a93d74d@group-F775CA5912AC-LeaderElection420] INFO  impl.LeaderElection (LogUtils.java:infoOrTrace(149)) - a5e79c22-a35f-4e50-b1fd-e91b6a93d74d@group-F775CA5912AC-LeaderElection420 got exception when requesting votes: {}
java.util.concurrent.ExecutionException: org.apache.ratis.thirdparty.io.grpc.StatusRuntimeException: UNAVAILABLE: io exception
	at java.util.concurrent.FutureTask.report(FutureTask.java:122)
	at java.util.concurrent.FutureTask.get(FutureTask.java:192)
	at org.apache.ratis.server.impl.LeaderElection.waitForResults(LeaderElection.java:259)
	at org.apache.ratis.server.impl.LeaderElection.askForVotes(LeaderElection.java:197)
	at org.apache.ratis.server.impl.LeaderElection.run(LeaderElection.java:133)
	at java.lang.Thread.run(Thread.java:748)
Caused by: org.apache.ratis.thirdparty.io.grpc.StatusRuntimeException: UNAVAILABLE: io exception
	at org.apache.ratis.thirdparty.io.grpc.stub.ClientCalls.toStatusRuntimeException(ClientCalls.java:233)
	at org.apache.ratis.thirdparty.io.grpc.stub.ClientCalls.getUnchecked(ClientCalls.java:214)
	at org.apache.ratis.thirdparty.io.grpc.stub.ClientCalls.blockingUnaryCall(ClientCalls.java:139)
	at org.apache.ratis.proto.grpc.RaftServerProtocolServiceGrpc$RaftServerProtocolServiceBlockingStub.requestVote(RaftServerProtocolServiceGrpc.java:265)
	at org.apache.ratis.grpc.server.GrpcServerProtocolClient.requestVote(GrpcServerProtocolClient.java:99)
	at org.apache.ratis.grpc.server.GrpcService.requestVote(GrpcService.java:204)
	at org.apache.ratis.server.impl.LeaderElection.lambda$submitRequests$1(LeaderElection.java:234)
	at java.util.concurrent.FutureTask.run(FutureTask.java:266)
	at java.util.concurrent.Executors$RunnableAdapter.call(Executors.java:511)
	at java.util.concurrent.FutureTask.run(FutureTask.java:266)
	at java.util.concurrent.ThreadPoolExecutor.runWorker(ThreadPoolExecutor.java:1149)
	at java.util.concurrent.ThreadPoolExecutor$Worker.run(ThreadPoolExecutor.java:624)
	... 1 more
Caused by: org.apache.ratis.thirdparty.io.netty.channel.AbstractChannel$AnnotatedConnectException: Connection refused: /192.168.157.251:42113
	at sun.nio.ch.SocketChannelImpl.checkConnect(Native Method)
	at sun.nio.ch.SocketChannelImpl.finishConnect(SocketChannelImpl.java:717)
	at org.apache.ratis.thirdparty.io.netty.channel.socket.nio.NioSocketChannel.doFinishConnect(NioSocketChannel.java:327)
	at org.apache.ratis.thirdparty.io.netty.channel.nio.AbstractNioChannel$AbstractNioUnsafe.finishConnect(AbstractNioChannel.java:340)
	at org.apache.ratis.thirdparty.io.netty.channel.nio.NioEventLoop.processSelectedKey(NioEventLoop.java:632)
	at org.apache.ratis.thirdparty.io.netty.channel.nio.NioEventLoop.processSelectedKeysOptimized(NioEventLoop.java:579)
	at org.apache.ratis.thirdparty.io.netty.channel.nio.NioEventLoop.processSelectedKeys(NioEventLoop.java:496)
	at org.apache.ratis.thirdparty.io.netty.channel.nio.NioEventLoop.run(NioEventLoop.java:458)
	at org.apache.ratis.thirdparty.io.netty.util.concurrent.SingleThreadEventExecutor$5.run(SingleThreadEventExecutor.java:897)
	at org.apache.ratis.thirdparty.io.netty.util.concurrent.FastThreadLocalRunnable.run(FastThreadLocalRunnable.java:30)
	... 1 more
Caused by: java.net.ConnectException: Connection refused
	... 11 more
2019-10-17 18:51:21,864 [a5e79c22-a35f-4e50-b1fd-e91b6a93d74d@group-F775CA5912AC-LeaderElection420] INFO  impl.LeaderElection (LeaderElection.java:logAndReturn(56)) - a5e79c22-a35f-4e50-b1fd-e91b6a93d74d@group-F775CA5912AC-LeaderElection420: Election REJECTED; received 0 response(s) [] and 2 exception(s); a5e79c22-a35f-4e50-b1fd-e91b6a93d74d@group-F775CA5912AC:t256, leader=null, voted=a5e79c22-a35f-4e50-b1fd-e91b6a93d74d, raftlog=a5e79c22-a35f-4e50-b1fd-e91b6a93d74d@group-F775CA5912AC-SegmentedRaftLog:OPENED:c-1,f-1,i0, conf=-1: [a5e79c22-a35f-4e50-b1fd-e91b6a93d74d:192.168.157.251:45177, daae7813-f814-475d-9647-a302a5541e36:192.168.157.251:45025, 1e4e1375-1b66-460f-8c99-4c341545a119:192.168.157.251:42113], old=null
2019-10-17 18:51:21,864 [a5e79c22-a35f-4e50-b1fd-e91b6a93d74d@group-F775CA5912AC-LeaderElection420] INFO  impl.LeaderElection (LogUtils.java:infoOrTrace(149)) -   Exception 0: {}
java.util.concurrent.ExecutionException: org.apache.ratis.thirdparty.io.grpc.StatusRuntimeException: UNAVAILABLE: io exception
	at java.util.concurrent.FutureTask.report(FutureTask.java:122)
	at java.util.concurrent.FutureTask.get(FutureTask.java:192)
	at org.apache.ratis.server.impl.LeaderElection.waitForResults(LeaderElection.java:259)
	at org.apache.ratis.server.impl.LeaderElection.askForVotes(LeaderElection.java:197)
	at org.apache.ratis.server.impl.LeaderElection.run(LeaderElection.java:133)
	at java.lang.Thread.run(Thread.java:748)
Caused by: org.apache.ratis.thirdparty.io.grpc.StatusRuntimeException: UNAVAILABLE: io exception
	at org.apache.ratis.thirdparty.io.grpc.stub.ClientCalls.toStatusRuntimeException(ClientCalls.java:233)
	at org.apache.ratis.thirdparty.io.grpc.stub.ClientCalls.getUnchecked(ClientCalls.java:214)
	at org.apache.ratis.thirdparty.io.grpc.stub.ClientCalls.blockingUnaryCall(ClientCalls.java:139)
	at org.apache.ratis.proto.grpc.RaftServerProtocolServiceGrpc$RaftServerProtocolServiceBlockingStub.requestVote(RaftServerProtocolServiceGrpc.java:265)
	at org.apache.ratis.grpc.server.GrpcServerProtocolClient.requestVote(GrpcServerProtocolClient.java:99)
	at org.apache.ratis.grpc.server.GrpcService.requestVote(GrpcService.java:204)
	at org.apache.ratis.server.impl.LeaderElection.lambda$submitRequests$1(LeaderElection.java:234)
	at java.util.concurrent.FutureTask.run(FutureTask.java:266)
	at java.util.concurrent.Executors$RunnableAdapter.call(Executors.java:511)
	at java.util.concurrent.FutureTask.run(FutureTask.java:266)
	at java.util.concurrent.ThreadPoolExecutor.runWorker(ThreadPoolExecutor.java:1149)
	at java.util.concurrent.ThreadPoolExecutor$Worker.run(ThreadPoolExecutor.java:624)
	... 1 more
Caused by: org.apache.ratis.thirdparty.io.netty.channel.AbstractChannel$AnnotatedConnectException: Connection refused: /192.168.157.251:45025
	at sun.nio.ch.SocketChannelImpl.checkConnect(Native Method)
	at sun.nio.ch.SocketChannelImpl.finishConnect(SocketChannelImpl.java:717)
	at org.apache.ratis.thirdparty.io.netty.channel.socket.nio.NioSocketChannel.doFinishConnect(NioSocketChannel.java:327)
	at org.apache.ratis.thirdparty.io.netty.channel.nio.AbstractNioChannel$AbstractNioUnsafe.finishConnect(AbstractNioChannel.java:340)
	at org.apache.ratis.thirdparty.io.netty.channel.nio.NioEventLoop.processSelectedKey(NioEventLoop.java:632)
	at org.apache.ratis.thirdparty.io.netty.channel.nio.NioEventLoop.processSelectedKeysOptimized(NioEventLoop.java:579)
	at org.apache.ratis.thirdparty.io.netty.channel.nio.NioEventLoop.processSelectedKeys(NioEventLoop.java:496)
	at org.apache.ratis.thirdparty.io.netty.channel.nio.NioEventLoop.run(NioEventLoop.java:458)
	at org.apache.ratis.thirdparty.io.netty.util.concurrent.SingleThreadEventExecutor$5.run(SingleThreadEventExecutor.java:897)
	at org.apache.ratis.thirdparty.io.netty.util.concurrent.FastThreadLocalRunnable.run(FastThreadLocalRunnable.java:30)
	... 1 more
Caused by: java.net.ConnectException: Connection refused
	... 11 more
2019-10-17 18:51:21,864 [a5e79c22-a35f-4e50-b1fd-e91b6a93d74d@group-F775CA5912AC-LeaderElection420] INFO  impl.LeaderElection (LogUtils.java:infoOrTrace(149)) -   Exception 1: {}
java.util.concurrent.ExecutionException: org.apache.ratis.thirdparty.io.grpc.StatusRuntimeException: UNAVAILABLE: io exception
	at java.util.concurrent.FutureTask.report(FutureTask.java:122)
	at java.util.concurrent.FutureTask.get(FutureTask.java:192)
	at org.apache.ratis.server.impl.LeaderElection.waitForResults(LeaderElection.java:259)
	at org.apache.ratis.server.impl.LeaderElection.askForVotes(LeaderElection.java:197)
	at org.apache.ratis.server.impl.LeaderElection.run(LeaderElection.java:133)
	at java.lang.Thread.run(Thread.java:748)
Caused by: org.apache.ratis.thirdparty.io.grpc.StatusRuntimeException: UNAVAILABLE: io exception
	at org.apache.ratis.thirdparty.io.grpc.stub.ClientCalls.toStatusRuntimeException(ClientCalls.java:233)
	at org.apache.ratis.thirdparty.io.grpc.stub.ClientCalls.getUnchecked(ClientCalls.java:214)
	at org.apache.ratis.thirdparty.io.grpc.stub.ClientCalls.blockingUnaryCall(ClientCalls.java:139)
	at org.apache.ratis.proto.grpc.RaftServerProtocolServiceGrpc$RaftServerProtocolServiceBlockingStub.requestVote(RaftServerProtocolServiceGrpc.java:265)
	at org.apache.ratis.grpc.server.GrpcServerProtocolClient.requestVote(GrpcServerProtocolClient.java:99)
	at org.apache.ratis.grpc.server.GrpcService.requestVote(GrpcService.java:204)
	at org.apache.ratis.server.impl.LeaderElection.lambda$submitRequests$1(LeaderElection.java:234)
	at java.util.concurrent.FutureTask.run(FutureTask.java:266)
	at java.util.concurrent.Executors$RunnableAdapter.call(Executors.java:511)
	at java.util.concurrent.FutureTask.run(FutureTask.java:266)
	at java.util.concurrent.ThreadPoolExecutor.runWorker(ThreadPoolExecutor.java:1149)
	at java.util.concurrent.ThreadPoolExecutor$Worker.run(ThreadPoolExecutor.java:624)
	... 1 more
Caused by: org.apache.ratis.thirdparty.io.netty.channel.AbstractChannel$AnnotatedConnectException: Connection refused: /192.168.157.251:42113
	at sun.nio.ch.SocketChannelImpl.checkConnect(Native Method)
	at sun.nio.ch.SocketChannelImpl.finishConnect(SocketChannelImpl.java:717)
	at org.apache.ratis.thirdparty.io.netty.channel.socket.nio.NioSocketChannel.doFinishConnect(NioSocketChannel.java:327)
	at org.apache.ratis.thirdparty.io.netty.channel.nio.AbstractNioChannel$AbstractNioUnsafe.finishConnect(AbstractNioChannel.java:340)
	at org.apache.ratis.thirdparty.io.netty.channel.nio.NioEventLoop.processSelectedKey(NioEventLoop.java:632)
	at org.apache.ratis.thirdparty.io.netty.channel.nio.NioEventLoop.processSelectedKeysOptimized(NioEventLoop.java:579)
	at org.apache.ratis.thirdparty.io.netty.channel.nio.NioEventLoop.processSelectedKeys(NioEventLoop.java:496)
	at org.apache.ratis.thirdparty.io.netty.channel.nio.NioEventLoop.run(NioEventLoop.java:458)
	at org.apache.ratis.thirdparty.io.netty.util.concurrent.SingleThreadEventExecutor$5.run(SingleThreadEventExecutor.java:897)
	at org.apache.ratis.thirdparty.io.netty.util.concurrent.FastThreadLocalRunnable.run(FastThreadLocalRunnable.java:30)
	... 1 more
Caused by: java.net.ConnectException: Connection refused
	... 11 more
2019-10-17 18:51:21,865 [a5e79c22-a35f-4e50-b1fd-e91b6a93d74d@group-F775CA5912AC-LeaderElection420] INFO  impl.RaftServerImpl (RaftServerImpl.java:setRole(184)) - a5e79c22-a35f-4e50-b1fd-e91b6a93d74d@group-F775CA5912AC: changes role from CANDIDATE to FOLLOWER at term 256 for DISCOVERED_A_NEW_TERM
2019-10-17 18:51:21,865 [a5e79c22-a35f-4e50-b1fd-e91b6a93d74d@group-F775CA5912AC-LeaderElection420] INFO  impl.RoleInfo (RoleInfo.java:shutdownLeaderElection(134)) - a5e79c22-a35f-4e50-b1fd-e91b6a93d74d: shutdown LeaderElection
2019-10-17 18:51:21,865 [a5e79c22-a35f-4e50-b1fd-e91b6a93d74d@group-F775CA5912AC-LeaderElection420] INFO  impl.RoleInfo (RoleInfo.java:updateAndGet(143)) - a5e79c22-a35f-4e50-b1fd-e91b6a93d74d: start FollowerState
2019-10-17 18:51:21,867 [java.util.concurrent.ThreadPoolExecutor$Worker@5bc0d76f[State = -1, empty queue]] WARN  server.GrpcLogAppender (GrpcLogAppender.java:timeoutAppendRequest(209)) - 8f4f8799-ef18-41e5-9bb8-2f724208e999@group-9D6F8169C5E6->0fe4833c-4439-4309-b94b-508419b07a37-GrpcLogAppender: appendEntries Timeout, request=8f4f8799-ef18-41e5-9bb8-2f724208e999->0fe4833c-4439-4309-b94b-508419b07a37#85-t7, previous=(t:7, i:19), leaderCommit=19, initializing? false, entries: <empty>
2019-10-17 18:51:22,008 [Thread-3232] INFO  impl.FollowerState (FollowerState.java:run(108)) - a5e79c22-a35f-4e50-b1fd-e91b6a93d74d@group-F775CA5912AC-FollowerState: change to CANDIDATE, lastRpcTime:143ms, electionTimeout:143ms
2019-10-17 18:51:22,008 [Thread-3232] INFO  impl.RoleInfo (RoleInfo.java:shutdownFollowerState(121)) - a5e79c22-a35f-4e50-b1fd-e91b6a93d74d: shutdown FollowerState
2019-10-17 18:51:22,009 [Thread-3232] INFO  impl.RaftServerImpl (RaftServerImpl.java:setRole(184)) - a5e79c22-a35f-4e50-b1fd-e91b6a93d74d@group-F775CA5912AC: changes role from  FOLLOWER to CANDIDATE at term 256 for changeToCandidate
2019-10-17 18:51:22,009 [Thread-3232] INFO  impl.RoleInfo (RoleInfo.java:updateAndGet(143)) - a5e79c22-a35f-4e50-b1fd-e91b6a93d74d: start LeaderElection
2019-10-17 18:51:22,055 [a5e79c22-a35f-4e50-b1fd-e91b6a93d74d@group-F775CA5912AC-LeaderElection421] INFO  impl.LeaderElection (LeaderElection.java:askForVotes(178)) - a5e79c22-a35f-4e50-b1fd-e91b6a93d74d@group-F775CA5912AC-LeaderElection421: begin an election at term 257 for -1: [a5e79c22-a35f-4e50-b1fd-e91b6a93d74d:192.168.157.251:45177, daae7813-f814-475d-9647-a302a5541e36:192.168.157.251:45025, 1e4e1375-1b66-460f-8c99-4c341545a119:192.168.157.251:42113], old=null
2019-10-17 18:51:22,056 [a5e79c22-a35f-4e50-b1fd-e91b6a93d74d@group-F775CA5912AC-LeaderElection421] INFO  impl.LeaderElection (LogUtils.java:infoOrTrace(149)) - a5e79c22-a35f-4e50-b1fd-e91b6a93d74d@group-F775CA5912AC-LeaderElection421 got exception when requesting votes: {}
java.util.concurrent.ExecutionException: org.apache.ratis.thirdparty.io.grpc.StatusRuntimeException: UNAVAILABLE: io exception
	at java.util.concurrent.FutureTask.report(FutureTask.java:122)
	at java.util.concurrent.FutureTask.get(FutureTask.java:192)
	at org.apache.ratis.server.impl.LeaderElection.waitForResults(LeaderElection.java:259)
	at org.apache.ratis.server.impl.LeaderElection.askForVotes(LeaderElection.java:197)
	at org.apache.ratis.server.impl.LeaderElection.run(LeaderElection.java:133)
	at java.lang.Thread.run(Thread.java:748)
Caused by: org.apache.ratis.thirdparty.io.grpc.StatusRuntimeException: UNAVAILABLE: io exception
	at org.apache.ratis.thirdparty.io.grpc.stub.ClientCalls.toStatusRuntimeException(ClientCalls.java:233)
	at org.apache.ratis.thirdparty.io.grpc.stub.ClientCalls.getUnchecked(ClientCalls.java:214)
	at org.apache.ratis.thirdparty.io.grpc.stub.ClientCalls.blockingUnaryCall(ClientCalls.java:139)
	at org.apache.ratis.proto.grpc.RaftServerProtocolServiceGrpc$RaftServerProtocolServiceBlockingStub.requestVote(RaftServerProtocolServiceGrpc.java:265)
	at org.apache.ratis.grpc.server.GrpcServerProtocolClient.requestVote(GrpcServerProtocolClient.java:99)
	at org.apache.ratis.grpc.server.GrpcService.requestVote(GrpcService.java:204)
	at org.apache.ratis.server.impl.LeaderElection.lambda$submitRequests$1(LeaderElection.java:234)
	at java.util.concurrent.FutureTask.run(FutureTask.java:266)
	at java.util.concurrent.Executors$RunnableAdapter.call(Executors.java:511)
	at java.util.concurrent.FutureTask.run(FutureTask.java:266)
	at java.util.concurrent.ThreadPoolExecutor.runWorker(ThreadPoolExecutor.java:1149)
	at java.util.concurrent.ThreadPoolExecutor$Worker.run(ThreadPoolExecutor.java:624)
	... 1 more
Caused by: org.apache.ratis.thirdparty.io.netty.channel.AbstractChannel$AnnotatedConnectException: Connection refused: /192.168.157.251:42113
	at sun.nio.ch.SocketChannelImpl.checkConnect(Native Method)
	at sun.nio.ch.SocketChannelImpl.finishConnect(SocketChannelImpl.java:717)
	at org.apache.ratis.thirdparty.io.netty.channel.socket.nio.NioSocketChannel.doFinishConnect(NioSocketChannel.java:327)
	at org.apache.ratis.thirdparty.io.netty.channel.nio.AbstractNioChannel$AbstractNioUnsafe.finishConnect(AbstractNioChannel.java:340)
	at org.apache.ratis.thirdparty.io.netty.channel.nio.NioEventLoop.processSelectedKey(NioEventLoop.java:632)
	at org.apache.ratis.thirdparty.io.netty.channel.nio.NioEventLoop.processSelectedKeysOptimized(NioEventLoop.java:579)
	at org.apache.ratis.thirdparty.io.netty.channel.nio.NioEventLoop.processSelectedKeys(NioEventLoop.java:496)
	at org.apache.ratis.thirdparty.io.netty.channel.nio.NioEventLoop.run(NioEventLoop.java:458)
	at org.apache.ratis.thirdparty.io.netty.util.concurrent.SingleThreadEventExecutor$5.run(SingleThreadEventExecutor.java:897)
	at org.apache.ratis.thirdparty.io.netty.util.concurrent.FastThreadLocalRunnable.run(FastThreadLocalRunnable.java:30)
	... 1 more
Caused by: java.net.ConnectException: Connection refused
	... 11 more
2019-10-17 18:51:22,057 [a5e79c22-a35f-4e50-b1fd-e91b6a93d74d@group-F775CA5912AC-LeaderElection421] INFO  impl.LeaderElection (LogUtils.java:infoOrTrace(149)) - a5e79c22-a35f-4e50-b1fd-e91b6a93d74d@group-F775CA5912AC-LeaderElection421 got exception when requesting votes: {}
java.util.concurrent.ExecutionException: org.apache.ratis.thirdparty.io.grpc.StatusRuntimeException: UNAVAILABLE: io exception
	at java.util.concurrent.FutureTask.report(FutureTask.java:122)
	at java.util.concurrent.FutureTask.get(FutureTask.java:192)
	at org.apache.ratis.server.impl.LeaderElection.waitForResults(LeaderElection.java:259)
	at org.apache.ratis.server.impl.LeaderElection.askForVotes(LeaderElection.java:197)
	at org.apache.ratis.server.impl.LeaderElection.run(LeaderElection.java:133)
	at java.lang.Thread.run(Thread.java:748)
Caused by: org.apache.ratis.thirdparty.io.grpc.StatusRuntimeException: UNAVAILABLE: io exception
	at org.apache.ratis.thirdparty.io.grpc.stub.ClientCalls.toStatusRuntimeException(ClientCalls.java:233)
	at org.apache.ratis.thirdparty.io.grpc.stub.ClientCalls.getUnchecked(ClientCalls.java:214)
	at org.apache.ratis.thirdparty.io.grpc.stub.ClientCalls.blockingUnaryCall(ClientCalls.java:139)
	at org.apache.ratis.proto.grpc.RaftServerProtocolServiceGrpc$RaftServerProtocolServiceBlockingStub.requestVote(RaftServerProtocolServiceGrpc.java:265)
	at org.apache.ratis.grpc.server.GrpcServerProtocolClient.requestVote(GrpcServerProtocolClient.java:99)
	at org.apache.ratis.grpc.server.GrpcService.requestVote(GrpcService.java:204)
	at org.apache.ratis.server.impl.LeaderElection.lambda$submitRequests$1(LeaderElection.java:234)
	at java.util.concurrent.FutureTask.run(FutureTask.java:266)
	at java.util.concurrent.Executors$RunnableAdapter.call(Executors.java:511)
	at java.util.concurrent.FutureTask.run(FutureTask.java:266)
	at java.util.concurrent.ThreadPoolExecutor.runWorker(ThreadPoolExecutor.java:1149)
	at java.util.concurrent.ThreadPoolExecutor$Worker.run(ThreadPoolExecutor.java:624)
	... 1 more
Caused by: org.apache.ratis.thirdparty.io.netty.channel.AbstractChannel$AnnotatedConnectException: Connection refused: /192.168.157.251:45025
	at sun.nio.ch.SocketChannelImpl.checkConnect(Native Method)
	at sun.nio.ch.SocketChannelImpl.finishConnect(SocketChannelImpl.java:717)
	at org.apache.ratis.thirdparty.io.netty.channel.socket.nio.NioSocketChannel.doFinishConnect(NioSocketChannel.java:327)
	at org.apache.ratis.thirdparty.io.netty.channel.nio.AbstractNioChannel$AbstractNioUnsafe.finishConnect(AbstractNioChannel.java:340)
	at org.apache.ratis.thirdparty.io.netty.channel.nio.NioEventLoop.processSelectedKey(NioEventLoop.java:632)
	at org.apache.ratis.thirdparty.io.netty.channel.nio.NioEventLoop.processSelectedKeysOptimized(NioEventLoop.java:579)
	at org.apache.ratis.thirdparty.io.netty.channel.nio.NioEventLoop.processSelectedKeys(NioEventLoop.java:496)
	at org.apache.ratis.thirdparty.io.netty.channel.nio.NioEventLoop.run(NioEventLoop.java:458)
	at org.apache.ratis.thirdparty.io.netty.util.concurrent.SingleThreadEventExecutor$5.run(SingleThreadEventExecutor.java:897)
	at org.apache.ratis.thirdparty.io.netty.util.concurrent.FastThreadLocalRunnable.run(FastThreadLocalRunnable.java:30)
	... 1 more
Caused by: java.net.ConnectException: Connection refused
	... 11 more
2019-10-17 18:51:22,057 [a5e79c22-a35f-4e50-b1fd-e91b6a93d74d@group-F775CA5912AC-LeaderElection421] INFO  impl.LeaderElection (LeaderElection.java:logAndReturn(56)) - a5e79c22-a35f-4e50-b1fd-e91b6a93d74d@group-F775CA5912AC-LeaderElection421: Election REJECTED; received 0 response(s) [] and 2 exception(s); a5e79c22-a35f-4e50-b1fd-e91b6a93d74d@group-F775CA5912AC:t257, leader=null, voted=a5e79c22-a35f-4e50-b1fd-e91b6a93d74d, raftlog=a5e79c22-a35f-4e50-b1fd-e91b6a93d74d@group-F775CA5912AC-SegmentedRaftLog:OPENED:c-1,f-1,i0, conf=-1: [a5e79c22-a35f-4e50-b1fd-e91b6a93d74d:192.168.157.251:45177, daae7813-f814-475d-9647-a302a5541e36:192.168.157.251:45025, 1e4e1375-1b66-460f-8c99-4c341545a119:192.168.157.251:42113], old=null
2019-10-17 18:51:22,057 [a5e79c22-a35f-4e50-b1fd-e91b6a93d74d@group-F775CA5912AC-LeaderElection421] INFO  impl.LeaderElection (LogUtils.java:infoOrTrace(149)) -   Exception 0: {}
java.util.concurrent.ExecutionException: org.apache.ratis.thirdparty.io.grpc.StatusRuntimeException: UNAVAILABLE: io exception
	at java.util.concurrent.FutureTask.report(FutureTask.java:122)
	at java.util.concurrent.FutureTask.get(FutureTask.java:192)
	at org.apache.ratis.server.impl.LeaderElection.waitForResults(LeaderElection.java:259)
	at org.apache.ratis.server.impl.LeaderElection.askForVotes(LeaderElection.java:197)
	at org.apache.ratis.server.impl.LeaderElection.run(LeaderElection.java:133)
	at java.lang.Thread.run(Thread.java:748)
Caused by: org.apache.ratis.thirdparty.io.grpc.StatusRuntimeException: UNAVAILABLE: io exception
	at org.apache.ratis.thirdparty.io.grpc.stub.ClientCalls.toStatusRuntimeException(ClientCalls.java:233)
	at org.apache.ratis.thirdparty.io.grpc.stub.ClientCalls.getUnchecked(ClientCalls.java:214)
	at org.apache.ratis.thirdparty.io.grpc.stub.ClientCalls.blockingUnaryCall(ClientCalls.java:139)
	at org.apache.ratis.proto.grpc.RaftServerProtocolServiceGrpc$RaftServerProtocolServiceBlockingStub.requestVote(RaftServerProtocolServiceGrpc.java:265)
	at org.apache.ratis.grpc.server.GrpcServerProtocolClient.requestVote(GrpcServerProtocolClient.java:99)
	at org.apache.ratis.grpc.server.GrpcService.requestVote(GrpcService.java:204)
	at org.apache.ratis.server.impl.LeaderElection.lambda$submitRequests$1(LeaderElection.java:234)
	at java.util.concurrent.FutureTask.run(FutureTask.java:266)
	at java.util.concurrent.Executors$RunnableAdapter.call(Executors.java:511)
	at java.util.concurrent.FutureTask.run(FutureTask.java:266)
	at java.util.concurrent.ThreadPoolExecutor.runWorker(ThreadPoolExecutor.java:1149)
	at java.util.concurrent.ThreadPoolExecutor$Worker.run(ThreadPoolExecutor.java:624)
	... 1 more
Caused by: org.apache.ratis.thirdparty.io.netty.channel.AbstractChannel$AnnotatedConnectException: Connection refused: /192.168.157.251:42113
	at sun.nio.ch.SocketChannelImpl.checkConnect(Native Method)
	at sun.nio.ch.SocketChannelImpl.finishConnect(SocketChannelImpl.java:717)
	at org.apache.ratis.thirdparty.io.netty.channel.socket.nio.NioSocketChannel.doFinishConnect(NioSocketChannel.java:327)
	at org.apache.ratis.thirdparty.io.netty.channel.nio.AbstractNioChannel$AbstractNioUnsafe.finishConnect(AbstractNioChannel.java:340)
	at org.apache.ratis.thirdparty.io.netty.channel.nio.NioEventLoop.processSelectedKey(NioEventLoop.java:632)
	at org.apache.ratis.thirdparty.io.netty.channel.nio.NioEventLoop.processSelectedKeysOptimized(NioEventLoop.java:579)
	at org.apache.ratis.thirdparty.io.netty.channel.nio.NioEventLoop.processSelectedKeys(NioEventLoop.java:496)
	at org.apache.ratis.thirdparty.io.netty.channel.nio.NioEventLoop.run(NioEventLoop.java:458)
	at org.apache.ratis.thirdparty.io.netty.util.concurrent.SingleThreadEventExecutor$5.run(SingleThreadEventExecutor.java:897)
	at org.apache.ratis.thirdparty.io.netty.util.concurrent.FastThreadLocalRunnable.run(FastThreadLocalRunnable.java:30)
	... 1 more
Caused by: java.net.ConnectException: Connection refused
	... 11 more
2019-10-17 18:51:22,058 [a5e79c22-a35f-4e50-b1fd-e91b6a93d74d@group-F775CA5912AC-LeaderElection421] INFO  impl.LeaderElection (LogUtils.java:infoOrTrace(149)) -   Exception 1: {}
java.util.concurrent.ExecutionException: org.apache.ratis.thirdparty.io.grpc.StatusRuntimeException: UNAVAILABLE: io exception
	at java.util.concurrent.FutureTask.report(FutureTask.java:122)
	at java.util.concurrent.FutureTask.get(FutureTask.java:192)
	at org.apache.ratis.server.impl.LeaderElection.waitForResults(LeaderElection.java:259)
	at org.apache.ratis.server.impl.LeaderElection.askForVotes(LeaderElection.java:197)
	at org.apache.ratis.server.impl.LeaderElection.run(LeaderElection.java:133)
	at java.lang.Thread.run(Thread.java:748)
Caused by: org.apache.ratis.thirdparty.io.grpc.StatusRuntimeException: UNAVAILABLE: io exception
	at org.apache.ratis.thirdparty.io.grpc.stub.ClientCalls.toStatusRuntimeException(ClientCalls.java:233)
	at org.apache.ratis.thirdparty.io.grpc.stub.ClientCalls.getUnchecked(ClientCalls.java:214)
	at org.apache.ratis.thirdparty.io.grpc.stub.ClientCalls.blockingUnaryCall(ClientCalls.java:139)
	at org.apache.ratis.proto.grpc.RaftServerProtocolServiceGrpc$RaftServerProtocolServiceBlockingStub.requestVote(RaftServerProtocolServiceGrpc.java:265)
	at org.apache.ratis.grpc.server.GrpcServerProtocolClient.requestVote(GrpcServerProtocolClient.java:99)
	at org.apache.ratis.grpc.server.GrpcService.requestVote(GrpcService.java:204)
	at org.apache.ratis.server.impl.LeaderElection.lambda$submitRequests$1(LeaderElection.java:234)
	at java.util.concurrent.FutureTask.run(FutureTask.java:266)
	at java.util.concurrent.Executors$RunnableAdapter.call(Executors.java:511)
	at java.util.concurrent.FutureTask.run(FutureTask.java:266)
	at java.util.concurrent.ThreadPoolExecutor.runWorker(ThreadPoolExecutor.java:1149)
	at java.util.concurrent.ThreadPoolExecutor$Worker.run(ThreadPoolExecutor.java:624)
	... 1 more
Caused by: org.apache.ratis.thirdparty.io.netty.channel.AbstractChannel$AnnotatedConnectException: Connection refused: /192.168.157.251:45025
	at sun.nio.ch.SocketChannelImpl.checkConnect(Native Method)
	at sun.nio.ch.SocketChannelImpl.finishConnect(SocketChannelImpl.java:717)
	at org.apache.ratis.thirdparty.io.netty.channel.socket.nio.NioSocketChannel.doFinishConnect(NioSocketChannel.java:327)
	at org.apache.ratis.thirdparty.io.netty.channel.nio.AbstractNioChannel$AbstractNioUnsafe.finishConnect(AbstractNioChannel.java:340)
	at org.apache.ratis.thirdparty.io.netty.channel.nio.NioEventLoop.processSelectedKey(NioEventLoop.java:632)
	at org.apache.ratis.thirdparty.io.netty.channel.nio.NioEventLoop.processSelectedKeysOptimized(NioEventLoop.java:579)
	at org.apache.ratis.thirdparty.io.netty.channel.nio.NioEventLoop.processSelectedKeys(NioEventLoop.java:496)
	at org.apache.ratis.thirdparty.io.netty.channel.nio.NioEventLoop.run(NioEventLoop.java:458)
	at org.apache.ratis.thirdparty.io.netty.util.concurrent.SingleThreadEventExecutor$5.run(SingleThreadEventExecutor.java:897)
	at org.apache.ratis.thirdparty.io.netty.util.concurrent.FastThreadLocalRunnable.run(FastThreadLocalRunnable.java:30)
	... 1 more
Caused by: java.net.ConnectException: Connection refused
	... 11 more
2019-10-17 18:51:22,058 [a5e79c22-a35f-4e50-b1fd-e91b6a93d74d@group-F775CA5912AC-LeaderElection421] INFO  impl.RaftServerImpl (RaftServerImpl.java:setRole(184)) - a5e79c22-a35f-4e50-b1fd-e91b6a93d74d@group-F775CA5912AC: changes role from CANDIDATE to FOLLOWER at term 257 for DISCOVERED_A_NEW_TERM
2019-10-17 18:51:22,058 [a5e79c22-a35f-4e50-b1fd-e91b6a93d74d@group-F775CA5912AC-LeaderElection421] INFO  impl.RoleInfo (RoleInfo.java:shutdownLeaderElection(134)) - a5e79c22-a35f-4e50-b1fd-e91b6a93d74d: shutdown LeaderElection
2019-10-17 18:51:22,058 [a5e79c22-a35f-4e50-b1fd-e91b6a93d74d@group-F775CA5912AC-LeaderElection421] INFO  impl.RoleInfo (RoleInfo.java:updateAndGet(143)) - a5e79c22-a35f-4e50-b1fd-e91b6a93d74d: start FollowerState
2019-10-17 18:51:22,248 [Thread-3236] INFO  impl.FollowerState (FollowerState.java:run(108)) - a5e79c22-a35f-4e50-b1fd-e91b6a93d74d@group-F775CA5912AC-FollowerState: change to CANDIDATE, lastRpcTime:189ms, electionTimeout:189ms
2019-10-17 18:51:22,248 [Thread-3236] INFO  impl.RoleInfo (RoleInfo.java:shutdownFollowerState(121)) - a5e79c22-a35f-4e50-b1fd-e91b6a93d74d: shutdown FollowerState
2019-10-17 18:51:22,248 [Thread-3236] INFO  impl.RaftServerImpl (RaftServerImpl.java:setRole(184)) - a5e79c22-a35f-4e50-b1fd-e91b6a93d74d@group-F775CA5912AC: changes role from  FOLLOWER to CANDIDATE at term 257 for changeToCandidate
2019-10-17 18:51:22,248 [Thread-3236] INFO  impl.RoleInfo (RoleInfo.java:updateAndGet(143)) - a5e79c22-a35f-4e50-b1fd-e91b6a93d74d: start LeaderElection
2019-10-17 18:51:22,272 [a5e79c22-a35f-4e50-b1fd-e91b6a93d74d@group-F775CA5912AC-LeaderElection422] INFO  impl.LeaderElection (LeaderElection.java:askForVotes(178)) - a5e79c22-a35f-4e50-b1fd-e91b6a93d74d@group-F775CA5912AC-LeaderElection422: begin an election at term 258 for -1: [a5e79c22-a35f-4e50-b1fd-e91b6a93d74d:192.168.157.251:45177, daae7813-f814-475d-9647-a302a5541e36:192.168.157.251:45025, 1e4e1375-1b66-460f-8c99-4c341545a119:192.168.157.251:42113], old=null
2019-10-17 18:51:22,273 [a5e79c22-a35f-4e50-b1fd-e91b6a93d74d@group-F775CA5912AC-LeaderElection422] INFO  impl.LeaderElection (LogUtils.java:infoOrTrace(149)) - a5e79c22-a35f-4e50-b1fd-e91b6a93d74d@group-F775CA5912AC-LeaderElection422 got exception when requesting votes: {}
java.util.concurrent.ExecutionException: org.apache.ratis.thirdparty.io.grpc.StatusRuntimeException: UNAVAILABLE: io exception
	at java.util.concurrent.FutureTask.report(FutureTask.java:122)
	at java.util.concurrent.FutureTask.get(FutureTask.java:192)
	at org.apache.ratis.server.impl.LeaderElection.waitForResults(LeaderElection.java:259)
	at org.apache.ratis.server.impl.LeaderElection.askForVotes(LeaderElection.java:197)
	at org.apache.ratis.server.impl.LeaderElection.run(LeaderElection.java:133)
	at java.lang.Thread.run(Thread.java:748)
Caused by: org.apache.ratis.thirdparty.io.grpc.StatusRuntimeException: UNAVAILABLE: io exception
	at org.apache.ratis.thirdparty.io.grpc.stub.ClientCalls.toStatusRuntimeException(ClientCalls.java:233)
	at org.apache.ratis.thirdparty.io.grpc.stub.ClientCalls.getUnchecked(ClientCalls.java:214)
	at org.apache.ratis.thirdparty.io.grpc.stub.ClientCalls.blockingUnaryCall(ClientCalls.java:139)
	at org.apache.ratis.proto.grpc.RaftServerProtocolServiceGrpc$RaftServerProtocolServiceBlockingStub.requestVote(RaftServerProtocolServiceGrpc.java:265)
	at org.apache.ratis.grpc.server.GrpcServerProtocolClient.requestVote(GrpcServerProtocolClient.java:99)
	at org.apache.ratis.grpc.server.GrpcService.requestVote(GrpcService.java:204)
	at org.apache.ratis.server.impl.LeaderElection.lambda$submitRequests$1(LeaderElection.java:234)
	at java.util.concurrent.FutureTask.run(FutureTask.java:266)
	at java.util.concurrent.Executors$RunnableAdapter.call(Executors.java:511)
	at java.util.concurrent.FutureTask.run(FutureTask.java:266)
	at java.util.concurrent.ThreadPoolExecutor.runWorker(ThreadPoolExecutor.java:1149)
	at java.util.concurrent.ThreadPoolExecutor$Worker.run(ThreadPoolExecutor.java:624)
	... 1 more
Caused by: org.apache.ratis.thirdparty.io.netty.channel.AbstractChannel$AnnotatedConnectException: Connection refused: /192.168.157.251:45025
	at sun.nio.ch.SocketChannelImpl.checkConnect(Native Method)
	at sun.nio.ch.SocketChannelImpl.finishConnect(SocketChannelImpl.java:717)
	at org.apache.ratis.thirdparty.io.netty.channel.socket.nio.NioSocketChannel.doFinishConnect(NioSocketChannel.java:327)
	at org.apache.ratis.thirdparty.io.netty.channel.nio.AbstractNioChannel$AbstractNioUnsafe.finishConnect(AbstractNioChannel.java:340)
	at org.apache.ratis.thirdparty.io.netty.channel.nio.NioEventLoop.processSelectedKey(NioEventLoop.java:632)
	at org.apache.ratis.thirdparty.io.netty.channel.nio.NioEventLoop.processSelectedKeysOptimized(NioEventLoop.java:579)
	at org.apache.ratis.thirdparty.io.netty.channel.nio.NioEventLoop.processSelectedKeys(NioEventLoop.java:496)
	at org.apache.ratis.thirdparty.io.netty.channel.nio.NioEventLoop.run(NioEventLoop.java:458)
	at org.apache.ratis.thirdparty.io.netty.util.concurrent.SingleThreadEventExecutor$5.run(SingleThreadEventExecutor.java:897)
	at org.apache.ratis.thirdparty.io.netty.util.concurrent.FastThreadLocalRunnable.run(FastThreadLocalRunnable.java:30)
	... 1 more
Caused by: java.net.ConnectException: Connection refused
	... 11 more
2019-10-17 18:51:22,274 [a5e79c22-a35f-4e50-b1fd-e91b6a93d74d@group-F775CA5912AC-LeaderElection422] INFO  impl.LeaderElection (LogUtils.java:infoOrTrace(149)) - a5e79c22-a35f-4e50-b1fd-e91b6a93d74d@group-F775CA5912AC-LeaderElection422 got exception when requesting votes: {}
java.util.concurrent.ExecutionException: org.apache.ratis.thirdparty.io.grpc.StatusRuntimeException: UNAVAILABLE: io exception
	at java.util.concurrent.FutureTask.report(FutureTask.java:122)
	at java.util.concurrent.FutureTask.get(FutureTask.java:192)
	at org.apache.ratis.server.impl.LeaderElection.waitForResults(LeaderElection.java:259)
	at org.apache.ratis.server.impl.LeaderElection.askForVotes(LeaderElection.java:197)
	at org.apache.ratis.server.impl.LeaderElection.run(LeaderElection.java:133)
	at java.lang.Thread.run(Thread.java:748)
Caused by: org.apache.ratis.thirdparty.io.grpc.StatusRuntimeException: UNAVAILABLE: io exception
	at org.apache.ratis.thirdparty.io.grpc.stub.ClientCalls.toStatusRuntimeException(ClientCalls.java:233)
	at org.apache.ratis.thirdparty.io.grpc.stub.ClientCalls.getUnchecked(ClientCalls.java:214)
	at org.apache.ratis.thirdparty.io.grpc.stub.ClientCalls.blockingUnaryCall(ClientCalls.java:139)
	at org.apache.ratis.proto.grpc.RaftServerProtocolServiceGrpc$RaftServerProtocolServiceBlockingStub.requestVote(RaftServerProtocolServiceGrpc.java:265)
	at org.apache.ratis.grpc.server.GrpcServerProtocolClient.requestVote(GrpcServerProtocolClient.java:99)
	at org.apache.ratis.grpc.server.GrpcService.requestVote(GrpcService.java:204)
	at org.apache.ratis.server.impl.LeaderElection.lambda$submitRequests$1(LeaderElection.java:234)
	at java.util.concurrent.FutureTask.run(FutureTask.java:266)
	at java.util.concurrent.Executors$RunnableAdapter.call(Executors.java:511)
	at java.util.concurrent.FutureTask.run(FutureTask.java:266)
	at java.util.concurrent.ThreadPoolExecutor.runWorker(ThreadPoolExecutor.java:1149)
	at java.util.concurrent.ThreadPoolExecutor$Worker.run(ThreadPoolExecutor.java:624)
	... 1 more
Caused by: org.apache.ratis.thirdparty.io.netty.channel.AbstractChannel$AnnotatedConnectException: Connection refused: /192.168.157.251:42113
	at sun.nio.ch.SocketChannelImpl.checkConnect(Native Method)
	at sun.nio.ch.SocketChannelImpl.finishConnect(SocketChannelImpl.java:717)
	at org.apache.ratis.thirdparty.io.netty.channel.socket.nio.NioSocketChannel.doFinishConnect(NioSocketChannel.java:327)
	at org.apache.ratis.thirdparty.io.netty.channel.nio.AbstractNioChannel$AbstractNioUnsafe.finishConnect(AbstractNioChannel.java:340)
	at org.apache.ratis.thirdparty.io.netty.channel.nio.NioEventLoop.processSelectedKey(NioEventLoop.java:632)
	at org.apache.ratis.thirdparty.io.netty.channel.nio.NioEventLoop.processSelectedKeysOptimized(NioEventLoop.java:579)
	at org.apache.ratis.thirdparty.io.netty.channel.nio.NioEventLoop.processSelectedKeys(NioEventLoop.java:496)
	at org.apache.ratis.thirdparty.io.netty.channel.nio.NioEventLoop.run(NioEventLoop.java:458)
	at org.apache.ratis.thirdparty.io.netty.util.concurrent.SingleThreadEventExecutor$5.run(SingleThreadEventExecutor.java:897)
	at org.apache.ratis.thirdparty.io.netty.util.concurrent.FastThreadLocalRunnable.run(FastThreadLocalRunnable.java:30)
	... 1 more
Caused by: java.net.ConnectException: Connection refused
	... 11 more
2019-10-17 18:51:22,274 [a5e79c22-a35f-4e50-b1fd-e91b6a93d74d@group-F775CA5912AC-LeaderElection422] INFO  impl.LeaderElection (LeaderElection.java:logAndReturn(56)) - a5e79c22-a35f-4e50-b1fd-e91b6a93d74d@group-F775CA5912AC-LeaderElection422: Election REJECTED; received 0 response(s) [] and 2 exception(s); a5e79c22-a35f-4e50-b1fd-e91b6a93d74d@group-F775CA5912AC:t258, leader=null, voted=a5e79c22-a35f-4e50-b1fd-e91b6a93d74d, raftlog=a5e79c22-a35f-4e50-b1fd-e91b6a93d74d@group-F775CA5912AC-SegmentedRaftLog:OPENED:c-1,f-1,i0, conf=-1: [a5e79c22-a35f-4e50-b1fd-e91b6a93d74d:192.168.157.251:45177, daae7813-f814-475d-9647-a302a5541e36:192.168.157.251:45025, 1e4e1375-1b66-460f-8c99-4c341545a119:192.168.157.251:42113], old=null
2019-10-17 18:51:22,274 [a5e79c22-a35f-4e50-b1fd-e91b6a93d74d@group-F775CA5912AC-LeaderElection422] INFO  impl.LeaderElection (LogUtils.java:infoOrTrace(149)) -   Exception 0: {}
java.util.concurrent.ExecutionException: org.apache.ratis.thirdparty.io.grpc.StatusRuntimeException: UNAVAILABLE: io exception
	at java.util.concurrent.FutureTask.report(FutureTask.java:122)
	at java.util.concurrent.FutureTask.get(FutureTask.java:192)
	at org.apache.ratis.server.impl.LeaderElection.waitForResults(LeaderElection.java:259)
	at org.apache.ratis.server.impl.LeaderElection.askForVotes(LeaderElection.java:197)
	at org.apache.ratis.server.impl.LeaderElection.run(LeaderElection.java:133)
	at java.lang.Thread.run(Thread.java:748)
Caused by: org.apache.ratis.thirdparty.io.grpc.StatusRuntimeException: UNAVAILABLE: io exception
	at org.apache.ratis.thirdparty.io.grpc.stub.ClientCalls.toStatusRuntimeException(ClientCalls.java:233)
	at org.apache.ratis.thirdparty.io.grpc.stub.ClientCalls.getUnchecked(ClientCalls.java:214)
	at org.apache.ratis.thirdparty.io.grpc.stub.ClientCalls.blockingUnaryCall(ClientCalls.java:139)
	at org.apache.ratis.proto.grpc.RaftServerProtocolServiceGrpc$RaftServerProtocolServiceBlockingStub.requestVote(RaftServerProtocolServiceGrpc.java:265)
	at org.apache.ratis.grpc.server.GrpcServerProtocolClient.requestVote(GrpcServerProtocolClient.java:99)
	at org.apache.ratis.grpc.server.GrpcService.requestVote(GrpcService.java:204)
	at org.apache.ratis.server.impl.LeaderElection.lambda$submitRequests$1(LeaderElection.java:234)
	at java.util.concurrent.FutureTask.run(FutureTask.java:266)
	at java.util.concurrent.Executors$RunnableAdapter.call(Executors.java:511)
	at java.util.concurrent.FutureTask.run(FutureTask.java:266)
	at java.util.concurrent.ThreadPoolExecutor.runWorker(ThreadPoolExecutor.java:1149)
	at java.util.concurrent.ThreadPoolExecutor$Worker.run(ThreadPoolExecutor.java:624)
	... 1 more
Caused by: org.apache.ratis.thirdparty.io.netty.channel.AbstractChannel$AnnotatedConnectException: Connection refused: /192.168.157.251:45025
	at sun.nio.ch.SocketChannelImpl.checkConnect(Native Method)
	at sun.nio.ch.SocketChannelImpl.finishConnect(SocketChannelImpl.java:717)
	at org.apache.ratis.thirdparty.io.netty.channel.socket.nio.NioSocketChannel.doFinishConnect(NioSocketChannel.java:327)
	at org.apache.ratis.thirdparty.io.netty.channel.nio.AbstractNioChannel$AbstractNioUnsafe.finishConnect(AbstractNioChannel.java:340)
	at org.apache.ratis.thirdparty.io.netty.channel.nio.NioEventLoop.processSelectedKey(NioEventLoop.java:632)
	at org.apache.ratis.thirdparty.io.netty.channel.nio.NioEventLoop.processSelectedKeysOptimized(NioEventLoop.java:579)
	at org.apache.ratis.thirdparty.io.netty.channel.nio.NioEventLoop.processSelectedKeys(NioEventLoop.java:496)
	at org.apache.ratis.thirdparty.io.netty.channel.nio.NioEventLoop.run(NioEventLoop.java:458)
	at org.apache.ratis.thirdparty.io.netty.util.concurrent.SingleThreadEventExecutor$5.run(SingleThreadEventExecutor.java:897)
	at org.apache.ratis.thirdparty.io.netty.util.concurrent.FastThreadLocalRunnable.run(FastThreadLocalRunnable.java:30)
	... 1 more
Caused by: java.net.ConnectException: Connection refused
	... 11 more
2019-10-17 18:51:22,274 [a5e79c22-a35f-4e50-b1fd-e91b6a93d74d@group-F775CA5912AC-LeaderElection422] INFO  impl.LeaderElection (LogUtils.java:infoOrTrace(149)) -   Exception 1: {}
java.util.concurrent.ExecutionException: org.apache.ratis.thirdparty.io.grpc.StatusRuntimeException: UNAVAILABLE: io exception
	at java.util.concurrent.FutureTask.report(FutureTask.java:122)
	at java.util.concurrent.FutureTask.get(FutureTask.java:192)
	at org.apache.ratis.server.impl.LeaderElection.waitForResults(LeaderElection.java:259)
	at org.apache.ratis.server.impl.LeaderElection.askForVotes(LeaderElection.java:197)
	at org.apache.ratis.server.impl.LeaderElection.run(LeaderElection.java:133)
	at java.lang.Thread.run(Thread.java:748)
Caused by: org.apache.ratis.thirdparty.io.grpc.StatusRuntimeException: UNAVAILABLE: io exception
	at org.apache.ratis.thirdparty.io.grpc.stub.ClientCalls.toStatusRuntimeException(ClientCalls.java:233)
	at org.apache.ratis.thirdparty.io.grpc.stub.ClientCalls.getUnchecked(ClientCalls.java:214)
	at org.apache.ratis.thirdparty.io.grpc.stub.ClientCalls.blockingUnaryCall(ClientCalls.java:139)
	at org.apache.ratis.proto.grpc.RaftServerProtocolServiceGrpc$RaftServerProtocolServiceBlockingStub.requestVote(RaftServerProtocolServiceGrpc.java:265)
	at org.apache.ratis.grpc.server.GrpcServerProtocolClient.requestVote(GrpcServerProtocolClient.java:99)
	at org.apache.ratis.grpc.server.GrpcService.requestVote(GrpcService.java:204)
	at org.apache.ratis.server.impl.LeaderElection.lambda$submitRequests$1(LeaderElection.java:234)
	at java.util.concurrent.FutureTask.run(FutureTask.java:266)
	at java.util.concurrent.Executors$RunnableAdapter.call(Executors.java:511)
	at java.util.concurrent.FutureTask.run(FutureTask.java:266)
	at java.util.concurrent.ThreadPoolExecutor.runWorker(ThreadPoolExecutor.java:1149)
	at java.util.concurrent.ThreadPoolExecutor$Worker.run(ThreadPoolExecutor.java:624)
	... 1 more
Caused by: org.apache.ratis.thirdparty.io.netty.channel.AbstractChannel$AnnotatedConnectException: Connection refused: /192.168.157.251:42113
	at sun.nio.ch.SocketChannelImpl.checkConnect(Native Method)
	at sun.nio.ch.SocketChannelImpl.finishConnect(SocketChannelImpl.java:717)
	at org.apache.ratis.thirdparty.io.netty.channel.socket.nio.NioSocketChannel.doFinishConnect(NioSocketChannel.java:327)
	at org.apache.ratis.thirdparty.io.netty.channel.nio.AbstractNioChannel$AbstractNioUnsafe.finishConnect(AbstractNioChannel.java:340)
	at org.apache.ratis.thirdparty.io.netty.channel.nio.NioEventLoop.processSelectedKey(NioEventLoop.java:632)
	at org.apache.ratis.thirdparty.io.netty.channel.nio.NioEventLoop.processSelectedKeysOptimized(NioEventLoop.java:579)
	at org.apache.ratis.thirdparty.io.netty.channel.nio.NioEventLoop.processSelectedKeys(NioEventLoop.java:496)
	at org.apache.ratis.thirdparty.io.netty.channel.nio.NioEventLoop.run(NioEventLoop.java:458)
	at org.apache.ratis.thirdparty.io.netty.util.concurrent.SingleThreadEventExecutor$5.run(SingleThreadEventExecutor.java:897)
	at org.apache.ratis.thirdparty.io.netty.util.concurrent.FastThreadLocalRunnable.run(FastThreadLocalRunnable.java:30)
	... 1 more
Caused by: java.net.ConnectException: Connection refused
	... 11 more
2019-10-17 18:51:22,275 [a5e79c22-a35f-4e50-b1fd-e91b6a93d74d@group-F775CA5912AC-LeaderElection422] INFO  impl.RaftServerImpl (RaftServerImpl.java:setRole(184)) - a5e79c22-a35f-4e50-b1fd-e91b6a93d74d@group-F775CA5912AC: changes role from CANDIDATE to FOLLOWER at term 258 for DISCOVERED_A_NEW_TERM
2019-10-17 18:51:22,275 [a5e79c22-a35f-4e50-b1fd-e91b6a93d74d@group-F775CA5912AC-LeaderElection422] INFO  impl.RoleInfo (RoleInfo.java:shutdownLeaderElection(134)) - a5e79c22-a35f-4e50-b1fd-e91b6a93d74d: shutdown LeaderElection
2019-10-17 18:51:22,275 [a5e79c22-a35f-4e50-b1fd-e91b6a93d74d@group-F775CA5912AC-LeaderElection422] INFO  impl.RoleInfo (RoleInfo.java:updateAndGet(143)) - a5e79c22-a35f-4e50-b1fd-e91b6a93d74d: start FollowerState
2019-10-17 18:51:22,300 [Thread-3240] INFO  impl.FollowerState (FollowerState.java:run(108)) - a5e79c22-a35f-4e50-b1fd-e91b6a93d74d@group-F775CA5912AC-FollowerState: change to CANDIDATE, lastRpcTime:25ms, electionTimeout:25ms
2019-10-17 18:51:22,300 [Thread-3240] INFO  impl.RoleInfo (RoleInfo.java:shutdownFollowerState(121)) - a5e79c22-a35f-4e50-b1fd-e91b6a93d74d: shutdown FollowerState
2019-10-17 18:51:22,300 [Thread-3240] INFO  impl.RaftServerImpl (RaftServerImpl.java:setRole(184)) - a5e79c22-a35f-4e50-b1fd-e91b6a93d74d@group-F775CA5912AC: changes role from  FOLLOWER to CANDIDATE at term 258 for changeToCandidate
2019-10-17 18:51:22,300 [Thread-3240] INFO  impl.RoleInfo (RoleInfo.java:updateAndGet(143)) - a5e79c22-a35f-4e50-b1fd-e91b6a93d74d: start LeaderElection
2019-10-17 18:51:22,368 [java.util.concurrent.ThreadPoolExecutor$Worker@5bc0d76f[State = -1, empty queue]] WARN  server.GrpcLogAppender (GrpcLogAppender.java:timeoutAppendRequest(209)) - 8f4f8799-ef18-41e5-9bb8-2f724208e999@group-9D6F8169C5E6->0fe4833c-4439-4309-b94b-508419b07a37-GrpcLogAppender: appendEntries Timeout, request=8f4f8799-ef18-41e5-9bb8-2f724208e999->0fe4833c-4439-4309-b94b-508419b07a37#86-t7, previous=(t:7, i:19), leaderCommit=19, initializing? false, entries: <empty>
2019-10-17 18:51:22,412 [a5e79c22-a35f-4e50-b1fd-e91b6a93d74d@group-F775CA5912AC-LeaderElection423] INFO  impl.LeaderElection (LeaderElection.java:askForVotes(178)) - a5e79c22-a35f-4e50-b1fd-e91b6a93d74d@group-F775CA5912AC-LeaderElection423: begin an election at term 259 for -1: [a5e79c22-a35f-4e50-b1fd-e91b6a93d74d:192.168.157.251:45177, daae7813-f814-475d-9647-a302a5541e36:192.168.157.251:45025, 1e4e1375-1b66-460f-8c99-4c341545a119:192.168.157.251:42113], old=null
2019-10-17 18:51:22,413 [a5e79c22-a35f-4e50-b1fd-e91b6a93d74d@group-F775CA5912AC-LeaderElection423] INFO  impl.LeaderElection (LogUtils.java:infoOrTrace(149)) - a5e79c22-a35f-4e50-b1fd-e91b6a93d74d@group-F775CA5912AC-LeaderElection423 got exception when requesting votes: {}
java.util.concurrent.ExecutionException: org.apache.ratis.thirdparty.io.grpc.StatusRuntimeException: UNAVAILABLE: io exception
	at java.util.concurrent.FutureTask.report(FutureTask.java:122)
	at java.util.concurrent.FutureTask.get(FutureTask.java:192)
	at org.apache.ratis.server.impl.LeaderElection.waitForResults(LeaderElection.java:259)
	at org.apache.ratis.server.impl.LeaderElection.askForVotes(LeaderElection.java:197)
	at org.apache.ratis.server.impl.LeaderElection.run(LeaderElection.java:133)
	at java.lang.Thread.run(Thread.java:748)
Caused by: org.apache.ratis.thirdparty.io.grpc.StatusRuntimeException: UNAVAILABLE: io exception
	at org.apache.ratis.thirdparty.io.grpc.stub.ClientCalls.toStatusRuntimeException(ClientCalls.java:233)
	at org.apache.ratis.thirdparty.io.grpc.stub.ClientCalls.getUnchecked(ClientCalls.java:214)
	at org.apache.ratis.thirdparty.io.grpc.stub.ClientCalls.blockingUnaryCall(ClientCalls.java:139)
	at org.apache.ratis.proto.grpc.RaftServerProtocolServiceGrpc$RaftServerProtocolServiceBlockingStub.requestVote(RaftServerProtocolServiceGrpc.java:265)
	at org.apache.ratis.grpc.server.GrpcServerProtocolClient.requestVote(GrpcServerProtocolClient.java:99)
	at org.apache.ratis.grpc.server.GrpcService.requestVote(GrpcService.java:204)
	at org.apache.ratis.server.impl.LeaderElection.lambda$submitRequests$1(LeaderElection.java:234)
	at java.util.concurrent.FutureTask.run(FutureTask.java:266)
	at java.util.concurrent.Executors$RunnableAdapter.call(Executors.java:511)
	at java.util.concurrent.FutureTask.run(FutureTask.java:266)
	at java.util.concurrent.ThreadPoolExecutor.runWorker(ThreadPoolExecutor.java:1149)
	at java.util.concurrent.ThreadPoolExecutor$Worker.run(ThreadPoolExecutor.java:624)
	... 1 more
Caused by: org.apache.ratis.thirdparty.io.netty.channel.AbstractChannel$AnnotatedConnectException: Connection refused: /192.168.157.251:42113
	at sun.nio.ch.SocketChannelImpl.checkConnect(Native Method)
	at sun.nio.ch.SocketChannelImpl.finishConnect(SocketChannelImpl.java:717)
	at org.apache.ratis.thirdparty.io.netty.channel.socket.nio.NioSocketChannel.doFinishConnect(NioSocketChannel.java:327)
	at org.apache.ratis.thirdparty.io.netty.channel.nio.AbstractNioChannel$AbstractNioUnsafe.finishConnect(AbstractNioChannel.java:340)
	at org.apache.ratis.thirdparty.io.netty.channel.nio.NioEventLoop.processSelectedKey(NioEventLoop.java:632)
	at org.apache.ratis.thirdparty.io.netty.channel.nio.NioEventLoop.processSelectedKeysOptimized(NioEventLoop.java:579)
	at org.apache.ratis.thirdparty.io.netty.channel.nio.NioEventLoop.processSelectedKeys(NioEventLoop.java:496)
	at org.apache.ratis.thirdparty.io.netty.channel.nio.NioEventLoop.run(NioEventLoop.java:458)
	at org.apache.ratis.thirdparty.io.netty.util.concurrent.SingleThreadEventExecutor$5.run(SingleThreadEventExecutor.java:897)
	at org.apache.ratis.thirdparty.io.netty.util.concurrent.FastThreadLocalRunnable.run(FastThreadLocalRunnable.java:30)
	... 1 more
Caused by: java.net.ConnectException: Connection refused
	... 11 more
2019-10-17 18:51:22,414 [a5e79c22-a35f-4e50-b1fd-e91b6a93d74d@group-F775CA5912AC-LeaderElection423] INFO  impl.LeaderElection (LogUtils.java:infoOrTrace(149)) - a5e79c22-a35f-4e50-b1fd-e91b6a93d74d@group-F775CA5912AC-LeaderElection423 got exception when requesting votes: {}
java.util.concurrent.ExecutionException: org.apache.ratis.thirdparty.io.grpc.StatusRuntimeException: UNAVAILABLE: io exception
	at java.util.concurrent.FutureTask.report(FutureTask.java:122)
	at java.util.concurrent.FutureTask.get(FutureTask.java:192)
	at org.apache.ratis.server.impl.LeaderElection.waitForResults(LeaderElection.java:259)
	at org.apache.ratis.server.impl.LeaderElection.askForVotes(LeaderElection.java:197)
	at org.apache.ratis.server.impl.LeaderElection.run(LeaderElection.java:133)
	at java.lang.Thread.run(Thread.java:748)
Caused by: org.apache.ratis.thirdparty.io.grpc.StatusRuntimeException: UNAVAILABLE: io exception
	at org.apache.ratis.thirdparty.io.grpc.stub.ClientCalls.toStatusRuntimeException(ClientCalls.java:233)
	at org.apache.ratis.thirdparty.io.grpc.stub.ClientCalls.getUnchecked(ClientCalls.java:214)
	at org.apache.ratis.thirdparty.io.grpc.stub.ClientCalls.blockingUnaryCall(ClientCalls.java:139)
	at org.apache.ratis.proto.grpc.RaftServerProtocolServiceGrpc$RaftServerProtocolServiceBlockingStub.requestVote(RaftServerProtocolServiceGrpc.java:265)
	at org.apache.ratis.grpc.server.GrpcServerProtocolClient.requestVote(GrpcServerProtocolClient.java:99)
	at org.apache.ratis.grpc.server.GrpcService.requestVote(GrpcService.java:204)
	at org.apache.ratis.server.impl.LeaderElection.lambda$submitRequests$1(LeaderElection.java:234)
	at java.util.concurrent.FutureTask.run(FutureTask.java:266)
	at java.util.concurrent.Executors$RunnableAdapter.call(Executors.java:511)
	at java.util.concurrent.FutureTask.run(FutureTask.java:266)
	at java.util.concurrent.ThreadPoolExecutor.runWorker(ThreadPoolExecutor.java:1149)
	at java.util.concurrent.ThreadPoolExecutor$Worker.run(ThreadPoolExecutor.java:624)
	... 1 more
Caused by: org.apache.ratis.thirdparty.io.netty.channel.AbstractChannel$AnnotatedConnectException: Connection refused: /192.168.157.251:45025
	at sun.nio.ch.SocketChannelImpl.checkConnect(Native Method)
	at sun.nio.ch.SocketChannelImpl.finishConnect(SocketChannelImpl.java:717)
	at org.apache.ratis.thirdparty.io.netty.channel.socket.nio.NioSocketChannel.doFinishConnect(NioSocketChannel.java:327)
	at org.apache.ratis.thirdparty.io.netty.channel.nio.AbstractNioChannel$AbstractNioUnsafe.finishConnect(AbstractNioChannel.java:340)
	at org.apache.ratis.thirdparty.io.netty.channel.nio.NioEventLoop.processSelectedKey(NioEventLoop.java:632)
	at org.apache.ratis.thirdparty.io.netty.channel.nio.NioEventLoop.processSelectedKeysOptimized(NioEventLoop.java:579)
	at org.apache.ratis.thirdparty.io.netty.channel.nio.NioEventLoop.processSelectedKeys(NioEventLoop.java:496)
	at org.apache.ratis.thirdparty.io.netty.channel.nio.NioEventLoop.run(NioEventLoop.java:458)
	at org.apache.ratis.thirdparty.io.netty.util.concurrent.SingleThreadEventExecutor$5.run(SingleThreadEventExecutor.java:897)
	at org.apache.ratis.thirdparty.io.netty.util.concurrent.FastThreadLocalRunnable.run(FastThreadLocalRunnable.java:30)
	... 1 more
Caused by: java.net.ConnectException: Connection refused
	... 11 more
2019-10-17 18:51:22,414 [a5e79c22-a35f-4e50-b1fd-e91b6a93d74d@group-F775CA5912AC-LeaderElection423] INFO  impl.LeaderElection (LeaderElection.java:logAndReturn(56)) - a5e79c22-a35f-4e50-b1fd-e91b6a93d74d@group-F775CA5912AC-LeaderElection423: Election REJECTED; received 0 response(s) [] and 2 exception(s); a5e79c22-a35f-4e50-b1fd-e91b6a93d74d@group-F775CA5912AC:t259, leader=null, voted=a5e79c22-a35f-4e50-b1fd-e91b6a93d74d, raftlog=a5e79c22-a35f-4e50-b1fd-e91b6a93d74d@group-F775CA5912AC-SegmentedRaftLog:OPENED:c-1,f-1,i0, conf=-1: [a5e79c22-a35f-4e50-b1fd-e91b6a93d74d:192.168.157.251:45177, daae7813-f814-475d-9647-a302a5541e36:192.168.157.251:45025, 1e4e1375-1b66-460f-8c99-4c341545a119:192.168.157.251:42113], old=null
2019-10-17 18:51:22,414 [a5e79c22-a35f-4e50-b1fd-e91b6a93d74d@group-F775CA5912AC-LeaderElection423] INFO  impl.LeaderElection (LogUtils.java:infoOrTrace(149)) -   Exception 0: {}
java.util.concurrent.ExecutionException: org.apache.ratis.thirdparty.io.grpc.StatusRuntimeException: UNAVAILABLE: io exception
	at java.util.concurrent.FutureTask.report(FutureTask.java:122)
	at java.util.concurrent.FutureTask.get(FutureTask.java:192)
	at org.apache.ratis.server.impl.LeaderElection.waitForResults(LeaderElection.java:259)
	at org.apache.ratis.server.impl.LeaderElection.askForVotes(LeaderElection.java:197)
	at org.apache.ratis.server.impl.LeaderElection.run(LeaderElection.java:133)
	at java.lang.Thread.run(Thread.java:748)
Caused by: org.apache.ratis.thirdparty.io.grpc.StatusRuntimeException: UNAVAILABLE: io exception
	at org.apache.ratis.thirdparty.io.grpc.stub.ClientCalls.toStatusRuntimeException(ClientCalls.java:233)
	at org.apache.ratis.thirdparty.io.grpc.stub.ClientCalls.getUnchecked(ClientCalls.java:214)
	at org.apache.ratis.thirdparty.io.grpc.stub.ClientCalls.blockingUnaryCall(ClientCalls.java:139)
	at org.apache.ratis.proto.grpc.RaftServerProtocolServiceGrpc$RaftServerProtocolServiceBlockingStub.requestVote(RaftServerProtocolServiceGrpc.java:265)
	at org.apache.ratis.grpc.server.GrpcServerProtocolClient.requestVote(GrpcServerProtocolClient.java:99)
	at org.apache.ratis.grpc.server.GrpcService.requestVote(GrpcService.java:204)
	at org.apache.ratis.server.impl.LeaderElection.lambda$submitRequests$1(LeaderElection.java:234)
	at java.util.concurrent.FutureTask.run(FutureTask.java:266)
	at java.util.concurrent.Executors$RunnableAdapter.call(Executors.java:511)
	at java.util.concurrent.FutureTask.run(FutureTask.java:266)
	at java.util.concurrent.ThreadPoolExecutor.runWorker(ThreadPoolExecutor.java:1149)
	at java.util.concurrent.ThreadPoolExecutor$Worker.run(ThreadPoolExecutor.java:624)
	... 1 more
Caused by: org.apache.ratis.thirdparty.io.netty.channel.AbstractChannel$AnnotatedConnectException: Connection refused: /192.168.157.251:42113
	at sun.nio.ch.SocketChannelImpl.checkConnect(Native Method)
	at sun.nio.ch.SocketChannelImpl.finishConnect(SocketChannelImpl.java:717)
	at org.apache.ratis.thirdparty.io.netty.channel.socket.nio.NioSocketChannel.doFinishConnect(NioSocketChannel.java:327)
	at org.apache.ratis.thirdparty.io.netty.channel.nio.AbstractNioChannel$AbstractNioUnsafe.finishConnect(AbstractNioChannel.java:340)
	at org.apache.ratis.thirdparty.io.netty.channel.nio.NioEventLoop.processSelectedKey(NioEventLoop.java:632)
	at org.apache.ratis.thirdparty.io.netty.channel.nio.NioEventLoop.processSelectedKeysOptimized(NioEventLoop.java:579)
	at org.apache.ratis.thirdparty.io.netty.channel.nio.NioEventLoop.processSelectedKeys(NioEventLoop.java:496)
	at org.apache.ratis.thirdparty.io.netty.channel.nio.NioEventLoop.run(NioEventLoop.java:458)
	at org.apache.ratis.thirdparty.io.netty.util.concurrent.SingleThreadEventExecutor$5.run(SingleThreadEventExecutor.java:897)
	at org.apache.ratis.thirdparty.io.netty.util.concurrent.FastThreadLocalRunnable.run(FastThreadLocalRunnable.java:30)
	... 1 more
Caused by: java.net.ConnectException: Connection refused
	... 11 more
2019-10-17 18:51:22,415 [a5e79c22-a35f-4e50-b1fd-e91b6a93d74d@group-F775CA5912AC-LeaderElection423] INFO  impl.LeaderElection (LogUtils.java:infoOrTrace(149)) -   Exception 1: {}
java.util.concurrent.ExecutionException: org.apache.ratis.thirdparty.io.grpc.StatusRuntimeException: UNAVAILABLE: io exception
	at java.util.concurrent.FutureTask.report(FutureTask.java:122)
	at java.util.concurrent.FutureTask.get(FutureTask.java:192)
	at org.apache.ratis.server.impl.LeaderElection.waitForResults(LeaderElection.java:259)
	at org.apache.ratis.server.impl.LeaderElection.askForVotes(LeaderElection.java:197)
	at org.apache.ratis.server.impl.LeaderElection.run(LeaderElection.java:133)
	at java.lang.Thread.run(Thread.java:748)
Caused by: org.apache.ratis.thirdparty.io.grpc.StatusRuntimeException: UNAVAILABLE: io exception
	at org.apache.ratis.thirdparty.io.grpc.stub.ClientCalls.toStatusRuntimeException(ClientCalls.java:233)
	at org.apache.ratis.thirdparty.io.grpc.stub.ClientCalls.getUnchecked(ClientCalls.java:214)
	at org.apache.ratis.thirdparty.io.grpc.stub.ClientCalls.blockingUnaryCall(ClientCalls.java:139)
	at org.apache.ratis.proto.grpc.RaftServerProtocolServiceGrpc$RaftServerProtocolServiceBlockingStub.requestVote(RaftServerProtocolServiceGrpc.java:265)
	at org.apache.ratis.grpc.server.GrpcServerProtocolClient.requestVote(GrpcServerProtocolClient.java:99)
	at org.apache.ratis.grpc.server.GrpcService.requestVote(GrpcService.java:204)
	at org.apache.ratis.server.impl.LeaderElection.lambda$submitRequests$1(LeaderElection.java:234)
	at java.util.concurrent.FutureTask.run(FutureTask.java:266)
	at java.util.concurrent.Executors$RunnableAdapter.call(Executors.java:511)
	at java.util.concurrent.FutureTask.run(FutureTask.java:266)
	at java.util.concurrent.ThreadPoolExecutor.runWorker(ThreadPoolExecutor.java:1149)
	at java.util.concurrent.ThreadPoolExecutor$Worker.run(ThreadPoolExecutor.java:624)
	... 1 more
Caused by: org.apache.ratis.thirdparty.io.netty.channel.AbstractChannel$AnnotatedConnectException: Connection refused: /192.168.157.251:45025
	at sun.nio.ch.SocketChannelImpl.checkConnect(Native Method)
	at sun.nio.ch.SocketChannelImpl.finishConnect(SocketChannelImpl.java:717)
	at org.apache.ratis.thirdparty.io.netty.channel.socket.nio.NioSocketChannel.doFinishConnect(NioSocketChannel.java:327)
	at org.apache.ratis.thirdparty.io.netty.channel.nio.AbstractNioChannel$AbstractNioUnsafe.finishConnect(AbstractNioChannel.java:340)
	at org.apache.ratis.thirdparty.io.netty.channel.nio.NioEventLoop.processSelectedKey(NioEventLoop.java:632)
	at org.apache.ratis.thirdparty.io.netty.channel.nio.NioEventLoop.processSelectedKeysOptimized(NioEventLoop.java:579)
	at org.apache.ratis.thirdparty.io.netty.channel.nio.NioEventLoop.processSelectedKeys(NioEventLoop.java:496)
	at org.apache.ratis.thirdparty.io.netty.channel.nio.NioEventLoop.run(NioEventLoop.java:458)
	at org.apache.ratis.thirdparty.io.netty.util.concurrent.SingleThreadEventExecutor$5.run(SingleThreadEventExecutor.java:897)
	at org.apache.ratis.thirdparty.io.netty.util.concurrent.FastThreadLocalRunnable.run(FastThreadLocalRunnable.java:30)
	... 1 more
Caused by: java.net.ConnectException: Connection refused
	... 11 more
2019-10-17 18:51:22,415 [a5e79c22-a35f-4e50-b1fd-e91b6a93d74d@group-F775CA5912AC-LeaderElection423] INFO  impl.RaftServerImpl (RaftServerImpl.java:setRole(184)) - a5e79c22-a35f-4e50-b1fd-e91b6a93d74d@group-F775CA5912AC: changes role from CANDIDATE to FOLLOWER at term 259 for DISCOVERED_A_NEW_TERM
2019-10-17 18:51:22,415 [a5e79c22-a35f-4e50-b1fd-e91b6a93d74d@group-F775CA5912AC-LeaderElection423] INFO  impl.RoleInfo (RoleInfo.java:shutdownLeaderElection(134)) - a5e79c22-a35f-4e50-b1fd-e91b6a93d74d: shutdown LeaderElection
2019-10-17 18:51:22,415 [a5e79c22-a35f-4e50-b1fd-e91b6a93d74d@group-F775CA5912AC-LeaderElection423] INFO  impl.RoleInfo (RoleInfo.java:updateAndGet(143)) - a5e79c22-a35f-4e50-b1fd-e91b6a93d74d: start FollowerState
2019-10-17 18:51:22,574 [Thread-3244] INFO  impl.FollowerState (FollowerState.java:run(108)) - a5e79c22-a35f-4e50-b1fd-e91b6a93d74d@group-F775CA5912AC-FollowerState: change to CANDIDATE, lastRpcTime:158ms, electionTimeout:158ms
2019-10-17 18:51:22,574 [Thread-3244] INFO  impl.RoleInfo (RoleInfo.java:shutdownFollowerState(121)) - a5e79c22-a35f-4e50-b1fd-e91b6a93d74d: shutdown FollowerState
2019-10-17 18:51:22,574 [Thread-3244] INFO  impl.RaftServerImpl (RaftServerImpl.java:setRole(184)) - a5e79c22-a35f-4e50-b1fd-e91b6a93d74d@group-F775CA5912AC: changes role from  FOLLOWER to CANDIDATE at term 259 for changeToCandidate
2019-10-17 18:51:22,574 [Thread-3244] INFO  impl.RoleInfo (RoleInfo.java:updateAndGet(143)) - a5e79c22-a35f-4e50-b1fd-e91b6a93d74d: start LeaderElection
2019-10-17 18:51:22,598 [a5e79c22-a35f-4e50-b1fd-e91b6a93d74d@group-F775CA5912AC-LeaderElection424] INFO  impl.LeaderElection (LeaderElection.java:askForVotes(178)) - a5e79c22-a35f-4e50-b1fd-e91b6a93d74d@group-F775CA5912AC-LeaderElection424: begin an election at term 260 for -1: [a5e79c22-a35f-4e50-b1fd-e91b6a93d74d:192.168.157.251:45177, daae7813-f814-475d-9647-a302a5541e36:192.168.157.251:45025, 1e4e1375-1b66-460f-8c99-4c341545a119:192.168.157.251:42113], old=null
2019-10-17 18:51:22,599 [a5e79c22-a35f-4e50-b1fd-e91b6a93d74d@group-F775CA5912AC-LeaderElection424] INFO  impl.LeaderElection (LogUtils.java:infoOrTrace(149)) - a5e79c22-a35f-4e50-b1fd-e91b6a93d74d@group-F775CA5912AC-LeaderElection424 got exception when requesting votes: {}
java.util.concurrent.ExecutionException: org.apache.ratis.thirdparty.io.grpc.StatusRuntimeException: UNAVAILABLE: io exception
	at java.util.concurrent.FutureTask.report(FutureTask.java:122)
	at java.util.concurrent.FutureTask.get(FutureTask.java:192)
	at org.apache.ratis.server.impl.LeaderElection.waitForResults(LeaderElection.java:259)
	at org.apache.ratis.server.impl.LeaderElection.askForVotes(LeaderElection.java:197)
	at org.apache.ratis.server.impl.LeaderElection.run(LeaderElection.java:133)
	at java.lang.Thread.run(Thread.java:748)
Caused by: org.apache.ratis.thirdparty.io.grpc.StatusRuntimeException: UNAVAILABLE: io exception
	at org.apache.ratis.thirdparty.io.grpc.stub.ClientCalls.toStatusRuntimeException(ClientCalls.java:233)
	at org.apache.ratis.thirdparty.io.grpc.stub.ClientCalls.getUnchecked(ClientCalls.java:214)
	at org.apache.ratis.thirdparty.io.grpc.stub.ClientCalls.blockingUnaryCall(ClientCalls.java:139)
	at org.apache.ratis.proto.grpc.RaftServerProtocolServiceGrpc$RaftServerProtocolServiceBlockingStub.requestVote(RaftServerProtocolServiceGrpc.java:265)
	at org.apache.ratis.grpc.server.GrpcServerProtocolClient.requestVote(GrpcServerProtocolClient.java:99)
	at org.apache.ratis.grpc.server.GrpcService.requestVote(GrpcService.java:204)
	at org.apache.ratis.server.impl.LeaderElection.lambda$submitRequests$1(LeaderElection.java:234)
	at java.util.concurrent.FutureTask.run(FutureTask.java:266)
	at java.util.concurrent.Executors$RunnableAdapter.call(Executors.java:511)
	at java.util.concurrent.FutureTask.run(FutureTask.java:266)
	at java.util.concurrent.ThreadPoolExecutor.runWorker(ThreadPoolExecutor.java:1149)
	at java.util.concurrent.ThreadPoolExecutor$Worker.run(ThreadPoolExecutor.java:624)
	... 1 more
Caused by: org.apache.ratis.thirdparty.io.netty.channel.AbstractChannel$AnnotatedConnectException: Connection refused: /192.168.157.251:45025
	at sun.nio.ch.SocketChannelImpl.checkConnect(Native Method)
	at sun.nio.ch.SocketChannelImpl.finishConnect(SocketChannelImpl.java:717)
	at org.apache.ratis.thirdparty.io.netty.channel.socket.nio.NioSocketChannel.doFinishConnect(NioSocketChannel.java:327)
	at org.apache.ratis.thirdparty.io.netty.channel.nio.AbstractNioChannel$AbstractNioUnsafe.finishConnect(AbstractNioChannel.java:340)
	at org.apache.ratis.thirdparty.io.netty.channel.nio.NioEventLoop.processSelectedKey(NioEventLoop.java:632)
	at org.apache.ratis.thirdparty.io.netty.channel.nio.NioEventLoop.processSelectedKeysOptimized(NioEventLoop.java:579)
	at org.apache.ratis.thirdparty.io.netty.channel.nio.NioEventLoop.processSelectedKeys(NioEventLoop.java:496)
	at org.apache.ratis.thirdparty.io.netty.channel.nio.NioEventLoop.run(NioEventLoop.java:458)
	at org.apache.ratis.thirdparty.io.netty.util.concurrent.SingleThreadEventExecutor$5.run(SingleThreadEventExecutor.java:897)
	at org.apache.ratis.thirdparty.io.netty.util.concurrent.FastThreadLocalRunnable.run(FastThreadLocalRunnable.java:30)
	... 1 more
Caused by: java.net.ConnectException: Connection refused
	... 11 more
2019-10-17 18:51:22,600 [a5e79c22-a35f-4e50-b1fd-e91b6a93d74d@group-F775CA5912AC-LeaderElection424] INFO  impl.LeaderElection (LogUtils.java:infoOrTrace(149)) - a5e79c22-a35f-4e50-b1fd-e91b6a93d74d@group-F775CA5912AC-LeaderElection424 got exception when requesting votes: {}
java.util.concurrent.ExecutionException: org.apache.ratis.thirdparty.io.grpc.StatusRuntimeException: UNAVAILABLE: io exception
	at java.util.concurrent.FutureTask.report(FutureTask.java:122)
	at java.util.concurrent.FutureTask.get(FutureTask.java:192)
	at org.apache.ratis.server.impl.LeaderElection.waitForResults(LeaderElection.java:259)
	at org.apache.ratis.server.impl.LeaderElection.askForVotes(LeaderElection.java:197)
	at org.apache.ratis.server.impl.LeaderElection.run(LeaderElection.java:133)
	at java.lang.Thread.run(Thread.java:748)
Caused by: org.apache.ratis.thirdparty.io.grpc.StatusRuntimeException: UNAVAILABLE: io exception
	at org.apache.ratis.thirdparty.io.grpc.stub.ClientCalls.toStatusRuntimeException(ClientCalls.java:233)
	at org.apache.ratis.thirdparty.io.grpc.stub.ClientCalls.getUnchecked(ClientCalls.java:214)
	at org.apache.ratis.thirdparty.io.grpc.stub.ClientCalls.blockingUnaryCall(ClientCalls.java:139)
	at org.apache.ratis.proto.grpc.RaftServerProtocolServiceGrpc$RaftServerProtocolServiceBlockingStub.requestVote(RaftServerProtocolServiceGrpc.java:265)
	at org.apache.ratis.grpc.server.GrpcServerProtocolClient.requestVote(GrpcServerProtocolClient.java:99)
	at org.apache.ratis.grpc.server.GrpcService.requestVote(GrpcService.java:204)
	at org.apache.ratis.server.impl.LeaderElection.lambda$submitRequests$1(LeaderElection.java:234)
	at java.util.concurrent.FutureTask.run(FutureTask.java:266)
	at java.util.concurrent.Executors$RunnableAdapter.call(Executors.java:511)
	at java.util.concurrent.FutureTask.run(FutureTask.java:266)
	at java.util.concurrent.ThreadPoolExecutor.runWorker(ThreadPoolExecutor.java:1149)
	at java.util.concurrent.ThreadPoolExecutor$Worker.run(ThreadPoolExecutor.java:624)
	... 1 more
Caused by: org.apache.ratis.thirdparty.io.netty.channel.AbstractChannel$AnnotatedConnectException: Connection refused: /192.168.157.251:42113
	at sun.nio.ch.SocketChannelImpl.checkConnect(Native Method)
	at sun.nio.ch.SocketChannelImpl.finishConnect(SocketChannelImpl.java:717)
	at org.apache.ratis.thirdparty.io.netty.channel.socket.nio.NioSocketChannel.doFinishConnect(NioSocketChannel.java:327)
	at org.apache.ratis.thirdparty.io.netty.channel.nio.AbstractNioChannel$AbstractNioUnsafe.finishConnect(AbstractNioChannel.java:340)
	at org.apache.ratis.thirdparty.io.netty.channel.nio.NioEventLoop.processSelectedKey(NioEventLoop.java:632)
	at org.apache.ratis.thirdparty.io.netty.channel.nio.NioEventLoop.processSelectedKeysOptimized(NioEventLoop.java:579)
	at org.apache.ratis.thirdparty.io.netty.channel.nio.NioEventLoop.processSelectedKeys(NioEventLoop.java:496)
	at org.apache.ratis.thirdparty.io.netty.channel.nio.NioEventLoop.run(NioEventLoop.java:458)
	at org.apache.ratis.thirdparty.io.netty.util.concurrent.SingleThreadEventExecutor$5.run(SingleThreadEventExecutor.java:897)
	at org.apache.ratis.thirdparty.io.netty.util.concurrent.FastThreadLocalRunnable.run(FastThreadLocalRunnable.java:30)
	... 1 more
Caused by: java.net.ConnectException: Connection refused
	... 11 more
2019-10-17 18:51:22,601 [a5e79c22-a35f-4e50-b1fd-e91b6a93d74d@group-F775CA5912AC-LeaderElection424] INFO  impl.LeaderElection (LeaderElection.java:logAndReturn(56)) - a5e79c22-a35f-4e50-b1fd-e91b6a93d74d@group-F775CA5912AC-LeaderElection424: Election REJECTED; received 0 response(s) [] and 2 exception(s); a5e79c22-a35f-4e50-b1fd-e91b6a93d74d@group-F775CA5912AC:t260, leader=null, voted=a5e79c22-a35f-4e50-b1fd-e91b6a93d74d, raftlog=a5e79c22-a35f-4e50-b1fd-e91b6a93d74d@group-F775CA5912AC-SegmentedRaftLog:OPENED:c-1,f-1,i0, conf=-1: [a5e79c22-a35f-4e50-b1fd-e91b6a93d74d:192.168.157.251:45177, daae7813-f814-475d-9647-a302a5541e36:192.168.157.251:45025, 1e4e1375-1b66-460f-8c99-4c341545a119:192.168.157.251:42113], old=null
2019-10-17 18:51:22,601 [a5e79c22-a35f-4e50-b1fd-e91b6a93d74d@group-F775CA5912AC-LeaderElection424] INFO  impl.LeaderElection (LogUtils.java:infoOrTrace(149)) -   Exception 0: {}
java.util.concurrent.ExecutionException: org.apache.ratis.thirdparty.io.grpc.StatusRuntimeException: UNAVAILABLE: io exception
	at java.util.concurrent.FutureTask.report(FutureTask.java:122)
	at java.util.concurrent.FutureTask.get(FutureTask.java:192)
	at org.apache.ratis.server.impl.LeaderElection.waitForResults(LeaderElection.java:259)
	at org.apache.ratis.server.impl.LeaderElection.askForVotes(LeaderElection.java:197)
	at org.apache.ratis.server.impl.LeaderElection.run(LeaderElection.java:133)
	at java.lang.Thread.run(Thread.java:748)
Caused by: org.apache.ratis.thirdparty.io.grpc.StatusRuntimeException: UNAVAILABLE: io exception
	at org.apache.ratis.thirdparty.io.grpc.stub.ClientCalls.toStatusRuntimeException(ClientCalls.java:233)
	at org.apache.ratis.thirdparty.io.grpc.stub.ClientCalls.getUnchecked(ClientCalls.java:214)
	at org.apache.ratis.thirdparty.io.grpc.stub.ClientCalls.blockingUnaryCall(ClientCalls.java:139)
	at org.apache.ratis.proto.grpc.RaftServerProtocolServiceGrpc$RaftServerProtocolServiceBlockingStub.requestVote(RaftServerProtocolServiceGrpc.java:265)
	at org.apache.ratis.grpc.server.GrpcServerProtocolClient.requestVote(GrpcServerProtocolClient.java:99)
	at org.apache.ratis.grpc.server.GrpcService.requestVote(GrpcService.java:204)
	at org.apache.ratis.server.impl.LeaderElection.lambda$submitRequests$1(LeaderElection.java:234)
	at java.util.concurrent.FutureTask.run(FutureTask.java:266)
	at java.util.concurrent.Executors$RunnableAdapter.call(Executors.java:511)
	at java.util.concurrent.FutureTask.run(FutureTask.java:266)
	at java.util.concurrent.ThreadPoolExecutor.runWorker(ThreadPoolExecutor.java:1149)
	at java.util.concurrent.ThreadPoolExecutor$Worker.run(ThreadPoolExecutor.java:624)
	... 1 more
Caused by: org.apache.ratis.thirdparty.io.netty.channel.AbstractChannel$AnnotatedConnectException: Connection refused: /192.168.157.251:45025
	at sun.nio.ch.SocketChannelImpl.checkConnect(Native Method)
	at sun.nio.ch.SocketChannelImpl.finishConnect(SocketChannelImpl.java:717)
	at org.apache.ratis.thirdparty.io.netty.channel.socket.nio.NioSocketChannel.doFinishConnect(NioSocketChannel.java:327)
	at org.apache.ratis.thirdparty.io.netty.channel.nio.AbstractNioChannel$AbstractNioUnsafe.finishConnect(AbstractNioChannel.java:340)
	at org.apache.ratis.thirdparty.io.netty.channel.nio.NioEventLoop.processSelectedKey(NioEventLoop.java:632)
	at org.apache.ratis.thirdparty.io.netty.channel.nio.NioEventLoop.processSelectedKeysOptimized(NioEventLoop.java:579)
	at org.apache.ratis.thirdparty.io.netty.channel.nio.NioEventLoop.processSelectedKeys(NioEventLoop.java:496)
	at org.apache.ratis.thirdparty.io.netty.channel.nio.NioEventLoop.run(NioEventLoop.java:458)
	at org.apache.ratis.thirdparty.io.netty.util.concurrent.SingleThreadEventExecutor$5.run(SingleThreadEventExecutor.java:897)
	at org.apache.ratis.thirdparty.io.netty.util.concurrent.FastThreadLocalRunnable.run(FastThreadLocalRunnable.java:30)
	... 1 more
Caused by: java.net.ConnectException: Connection refused
	... 11 more
2019-10-17 18:51:22,601 [a5e79c22-a35f-4e50-b1fd-e91b6a93d74d@group-F775CA5912AC-LeaderElection424] INFO  impl.LeaderElection (LogUtils.java:infoOrTrace(149)) -   Exception 1: {}
java.util.concurrent.ExecutionException: org.apache.ratis.thirdparty.io.grpc.StatusRuntimeException: UNAVAILABLE: io exception
	at java.util.concurrent.FutureTask.report(FutureTask.java:122)
	at java.util.concurrent.FutureTask.get(FutureTask.java:192)
	at org.apache.ratis.server.impl.LeaderElection.waitForResults(LeaderElection.java:259)
	at org.apache.ratis.server.impl.LeaderElection.askForVotes(LeaderElection.java:197)
	at org.apache.ratis.server.impl.LeaderElection.run(LeaderElection.java:133)
	at java.lang.Thread.run(Thread.java:748)
Caused by: org.apache.ratis.thirdparty.io.grpc.StatusRuntimeException: UNAVAILABLE: io exception
	at org.apache.ratis.thirdparty.io.grpc.stub.ClientCalls.toStatusRuntimeException(ClientCalls.java:233)
	at org.apache.ratis.thirdparty.io.grpc.stub.ClientCalls.getUnchecked(ClientCalls.java:214)
	at org.apache.ratis.thirdparty.io.grpc.stub.ClientCalls.blockingUnaryCall(ClientCalls.java:139)
	at org.apache.ratis.proto.grpc.RaftServerProtocolServiceGrpc$RaftServerProtocolServiceBlockingStub.requestVote(RaftServerProtocolServiceGrpc.java:265)
	at org.apache.ratis.grpc.server.GrpcServerProtocolClient.requestVote(GrpcServerProtocolClient.java:99)
	at org.apache.ratis.grpc.server.GrpcService.requestVote(GrpcService.java:204)
	at org.apache.ratis.server.impl.LeaderElection.lambda$submitRequests$1(LeaderElection.java:234)
	at java.util.concurrent.FutureTask.run(FutureTask.java:266)
	at java.util.concurrent.Executors$RunnableAdapter.call(Executors.java:511)
	at java.util.concurrent.FutureTask.run(FutureTask.java:266)
	at java.util.concurrent.ThreadPoolExecutor.runWorker(ThreadPoolExecutor.java:1149)
	at java.util.concurrent.ThreadPoolExecutor$Worker.run(ThreadPoolExecutor.java:624)
	... 1 more
Caused by: org.apache.ratis.thirdparty.io.netty.channel.AbstractChannel$AnnotatedConnectException: Connection refused: /192.168.157.251:42113
	at sun.nio.ch.SocketChannelImpl.checkConnect(Native Method)
	at sun.nio.ch.SocketChannelImpl.finishConnect(SocketChannelImpl.java:717)
	at org.apache.ratis.thirdparty.io.netty.channel.socket.nio.NioSocketChannel.doFinishConnect(NioSocketChannel.java:327)
	at org.apache.ratis.thirdparty.io.netty.channel.nio.AbstractNioChannel$AbstractNioUnsafe.finishConnect(AbstractNioChannel.java:340)
	at org.apache.ratis.thirdparty.io.netty.channel.nio.NioEventLoop.processSelectedKey(NioEventLoop.java:632)
	at org.apache.ratis.thirdparty.io.netty.channel.nio.NioEventLoop.processSelectedKeysOptimized(NioEventLoop.java:579)
	at org.apache.ratis.thirdparty.io.netty.channel.nio.NioEventLoop.processSelectedKeys(NioEventLoop.java:496)
	at org.apache.ratis.thirdparty.io.netty.channel.nio.NioEventLoop.run(NioEventLoop.java:458)
	at org.apache.ratis.thirdparty.io.netty.util.concurrent.SingleThreadEventExecutor$5.run(SingleThreadEventExecutor.java:897)
	at org.apache.ratis.thirdparty.io.netty.util.concurrent.FastThreadLocalRunnable.run(FastThreadLocalRunnable.java:30)
	... 1 more
Caused by: java.net.ConnectException: Connection refused
	... 11 more
2019-10-17 18:51:22,602 [a5e79c22-a35f-4e50-b1fd-e91b6a93d74d@group-F775CA5912AC-LeaderElection424] INFO  impl.RaftServerImpl (RaftServerImpl.java:setRole(184)) - a5e79c22-a35f-4e50-b1fd-e91b6a93d74d@group-F775CA5912AC: changes role from CANDIDATE to FOLLOWER at term 260 for DISCOVERED_A_NEW_TERM
2019-10-17 18:51:22,602 [a5e79c22-a35f-4e50-b1fd-e91b6a93d74d@group-F775CA5912AC-LeaderElection424] INFO  impl.RoleInfo (RoleInfo.java:shutdownLeaderElection(134)) - a5e79c22-a35f-4e50-b1fd-e91b6a93d74d: shutdown LeaderElection
2019-10-17 18:51:22,602 [a5e79c22-a35f-4e50-b1fd-e91b6a93d74d@group-F775CA5912AC-LeaderElection424] INFO  impl.RoleInfo (RoleInfo.java:updateAndGet(143)) - a5e79c22-a35f-4e50-b1fd-e91b6a93d74d: start FollowerState
2019-10-17 18:51:22,661 [Thread-3224] INFO  impl.FollowerState (FollowerState.java:run(108)) - b8f04e38-0663-4b1f-8efd-f76585c6e86c@group-5F52F902B742-FollowerState: change to CANDIDATE, lastRpcTime:1084ms, electionTimeout:1084ms
2019-10-17 18:51:22,661 [Thread-3224] INFO  impl.RoleInfo (RoleInfo.java:shutdownFollowerState(121)) - b8f04e38-0663-4b1f-8efd-f76585c6e86c: shutdown FollowerState
2019-10-17 18:51:22,661 [Thread-3224] INFO  impl.RaftServerImpl (RaftServerImpl.java:setRole(184)) - b8f04e38-0663-4b1f-8efd-f76585c6e86c@group-5F52F902B742: changes role from  FOLLOWER to CANDIDATE at term 205 for changeToCandidate
2019-10-17 18:51:22,661 [Thread-3224] INFO  impl.RoleInfo (RoleInfo.java:updateAndGet(143)) - b8f04e38-0663-4b1f-8efd-f76585c6e86c: start LeaderElection
2019-10-17 18:51:22,698 [Thread-3248] INFO  impl.FollowerState (FollowerState.java:run(108)) - a5e79c22-a35f-4e50-b1fd-e91b6a93d74d@group-F775CA5912AC-FollowerState: change to CANDIDATE, lastRpcTime:96ms, electionTimeout:96ms
2019-10-17 18:51:22,699 [Thread-3248] INFO  impl.RoleInfo (RoleInfo.java:shutdownFollowerState(121)) - a5e79c22-a35f-4e50-b1fd-e91b6a93d74d: shutdown FollowerState
2019-10-17 18:51:22,699 [Thread-3248] INFO  impl.RaftServerImpl (RaftServerImpl.java:setRole(184)) - a5e79c22-a35f-4e50-b1fd-e91b6a93d74d@group-F775CA5912AC: changes role from  FOLLOWER to CANDIDATE at term 260 for changeToCandidate
2019-10-17 18:51:22,699 [Thread-3248] INFO  impl.RoleInfo (RoleInfo.java:updateAndGet(143)) - a5e79c22-a35f-4e50-b1fd-e91b6a93d74d: start LeaderElection
2019-10-17 18:51:22,708 [b8f04e38-0663-4b1f-8efd-f76585c6e86c@group-5F52F902B742-LeaderElection425] INFO  impl.LeaderElection (LeaderElection.java:askForVotes(178)) - b8f04e38-0663-4b1f-8efd-f76585c6e86c@group-5F52F902B742-LeaderElection425: begin an election at term 206 for 0: [b8f04e38-0663-4b1f-8efd-f76585c6e86c:192.168.157.251:35700, abcd8826-c056-4817-bd0f-7af19a46d814:192.168.157.251:46496, 73297ffa-40cb-4e3e-b33e-1bc2c1da60f5:192.168.157.251:32952], old=null
2019-10-17 18:51:22,709 [b8f04e38-0663-4b1f-8efd-f76585c6e86c@group-5F52F902B742-LeaderElection425] INFO  impl.LeaderElection (LogUtils.java:infoOrTrace(149)) - b8f04e38-0663-4b1f-8efd-f76585c6e86c@group-5F52F902B742-LeaderElection425 got exception when requesting votes: {}
java.util.concurrent.ExecutionException: org.apache.ratis.thirdparty.io.grpc.StatusRuntimeException: UNAVAILABLE: io exception
	at java.util.concurrent.FutureTask.report(FutureTask.java:122)
	at java.util.concurrent.FutureTask.get(FutureTask.java:192)
	at org.apache.ratis.server.impl.LeaderElection.waitForResults(LeaderElection.java:259)
	at org.apache.ratis.server.impl.LeaderElection.askForVotes(LeaderElection.java:197)
	at org.apache.ratis.server.impl.LeaderElection.run(LeaderElection.java:133)
	at java.lang.Thread.run(Thread.java:748)
Caused by: org.apache.ratis.thirdparty.io.grpc.StatusRuntimeException: UNAVAILABLE: io exception
	at org.apache.ratis.thirdparty.io.grpc.stub.ClientCalls.toStatusRuntimeException(ClientCalls.java:233)
	at org.apache.ratis.thirdparty.io.grpc.stub.ClientCalls.getUnchecked(ClientCalls.java:214)
	at org.apache.ratis.thirdparty.io.grpc.stub.ClientCalls.blockingUnaryCall(ClientCalls.java:139)
	at org.apache.ratis.proto.grpc.RaftServerProtocolServiceGrpc$RaftServerProtocolServiceBlockingStub.requestVote(RaftServerProtocolServiceGrpc.java:265)
	at org.apache.ratis.grpc.server.GrpcServerProtocolClient.requestVote(GrpcServerProtocolClient.java:99)
	at org.apache.ratis.grpc.server.GrpcService.requestVote(GrpcService.java:204)
	at org.apache.ratis.server.impl.LeaderElection.lambda$submitRequests$1(LeaderElection.java:234)
	at java.util.concurrent.FutureTask.run(FutureTask.java:266)
	at java.util.concurrent.Executors$RunnableAdapter.call(Executors.java:511)
	at java.util.concurrent.FutureTask.run(FutureTask.java:266)
	at java.util.concurrent.ThreadPoolExecutor.runWorker(ThreadPoolExecutor.java:1149)
	at java.util.concurrent.ThreadPoolExecutor$Worker.run(ThreadPoolExecutor.java:624)
	... 1 more
Caused by: org.apache.ratis.thirdparty.io.netty.channel.AbstractChannel$AnnotatedConnectException: Connection refused: /192.168.157.251:46496
	at sun.nio.ch.SocketChannelImpl.checkConnect(Native Method)
	at sun.nio.ch.SocketChannelImpl.finishConnect(SocketChannelImpl.java:717)
	at org.apache.ratis.thirdparty.io.netty.channel.socket.nio.NioSocketChannel.doFinishConnect(NioSocketChannel.java:327)
	at org.apache.ratis.thirdparty.io.netty.channel.nio.AbstractNioChannel$AbstractNioUnsafe.finishConnect(AbstractNioChannel.java:340)
	at org.apache.ratis.thirdparty.io.netty.channel.nio.NioEventLoop.processSelectedKey(NioEventLoop.java:632)
	at org.apache.ratis.thirdparty.io.netty.channel.nio.NioEventLoop.processSelectedKeysOptimized(NioEventLoop.java:579)
	at org.apache.ratis.thirdparty.io.netty.channel.nio.NioEventLoop.processSelectedKeys(NioEventLoop.java:496)
	at org.apache.ratis.thirdparty.io.netty.channel.nio.NioEventLoop.run(NioEventLoop.java:458)
	at org.apache.ratis.thirdparty.io.netty.util.concurrent.SingleThreadEventExecutor$5.run(SingleThreadEventExecutor.java:897)
	at org.apache.ratis.thirdparty.io.netty.util.concurrent.FastThreadLocalRunnable.run(FastThreadLocalRunnable.java:30)
	... 1 more
Caused by: java.net.ConnectException: Connection refused
	... 11 more
2019-10-17 18:51:22,709 [b8f04e38-0663-4b1f-8efd-f76585c6e86c@group-5F52F902B742-LeaderElection425] INFO  impl.LeaderElection (LogUtils.java:infoOrTrace(149)) - b8f04e38-0663-4b1f-8efd-f76585c6e86c@group-5F52F902B742-LeaderElection425 got exception when requesting votes: {}
java.util.concurrent.ExecutionException: org.apache.ratis.thirdparty.io.grpc.StatusRuntimeException: UNAVAILABLE: io exception
	at java.util.concurrent.FutureTask.report(FutureTask.java:122)
	at java.util.concurrent.FutureTask.get(FutureTask.java:192)
	at org.apache.ratis.server.impl.LeaderElection.waitForResults(LeaderElection.java:259)
	at org.apache.ratis.server.impl.LeaderElection.askForVotes(LeaderElection.java:197)
	at org.apache.ratis.server.impl.LeaderElection.run(LeaderElection.java:133)
	at java.lang.Thread.run(Thread.java:748)
Caused by: org.apache.ratis.thirdparty.io.grpc.StatusRuntimeException: UNAVAILABLE: io exception
	at org.apache.ratis.thirdparty.io.grpc.stub.ClientCalls.toStatusRuntimeException(ClientCalls.java:233)
	at org.apache.ratis.thirdparty.io.grpc.stub.ClientCalls.getUnchecked(ClientCalls.java:214)
	at org.apache.ratis.thirdparty.io.grpc.stub.ClientCalls.blockingUnaryCall(ClientCalls.java:139)
	at org.apache.ratis.proto.grpc.RaftServerProtocolServiceGrpc$RaftServerProtocolServiceBlockingStub.requestVote(RaftServerProtocolServiceGrpc.java:265)
	at org.apache.ratis.grpc.server.GrpcServerProtocolClient.requestVote(GrpcServerProtocolClient.java:99)
	at org.apache.ratis.grpc.server.GrpcService.requestVote(GrpcService.java:204)
	at org.apache.ratis.server.impl.LeaderElection.lambda$submitRequests$1(LeaderElection.java:234)
	at java.util.concurrent.FutureTask.run(FutureTask.java:266)
	at java.util.concurrent.Executors$RunnableAdapter.call(Executors.java:511)
	at java.util.concurrent.FutureTask.run(FutureTask.java:266)
	at java.util.concurrent.ThreadPoolExecutor.runWorker(ThreadPoolExecutor.java:1149)
	at java.util.concurrent.ThreadPoolExecutor$Worker.run(ThreadPoolExecutor.java:624)
	... 1 more
Caused by: org.apache.ratis.thirdparty.io.netty.channel.AbstractChannel$AnnotatedConnectException: Connection refused: /192.168.157.251:32952
	at sun.nio.ch.SocketChannelImpl.checkConnect(Native Method)
	at sun.nio.ch.SocketChannelImpl.finishConnect(SocketChannelImpl.java:717)
	at org.apache.ratis.thirdparty.io.netty.channel.socket.nio.NioSocketChannel.doFinishConnect(NioSocketChannel.java:327)
	at org.apache.ratis.thirdparty.io.netty.channel.nio.AbstractNioChannel$AbstractNioUnsafe.finishConnect(AbstractNioChannel.java:340)
	at org.apache.ratis.thirdparty.io.netty.channel.nio.NioEventLoop.processSelectedKey(NioEventLoop.java:632)
	at org.apache.ratis.thirdparty.io.netty.channel.nio.NioEventLoop.processSelectedKeysOptimized(NioEventLoop.java:579)
	at org.apache.ratis.thirdparty.io.netty.channel.nio.NioEventLoop.processSelectedKeys(NioEventLoop.java:496)
	at org.apache.ratis.thirdparty.io.netty.channel.nio.NioEventLoop.run(NioEventLoop.java:458)
	at org.apache.ratis.thirdparty.io.netty.util.concurrent.SingleThreadEventExecutor$5.run(SingleThreadEventExecutor.java:897)
	at org.apache.ratis.thirdparty.io.netty.util.concurrent.FastThreadLocalRunnable.run(FastThreadLocalRunnable.java:30)
	... 1 more
Caused by: java.net.ConnectException: Connection refused
	... 11 more
2019-10-17 18:51:22,710 [b8f04e38-0663-4b1f-8efd-f76585c6e86c@group-5F52F902B742-LeaderElection425] INFO  impl.LeaderElection (LeaderElection.java:logAndReturn(56)) - b8f04e38-0663-4b1f-8efd-f76585c6e86c@group-5F52F902B742-LeaderElection425: Election REJECTED; received 0 response(s) [] and 2 exception(s); b8f04e38-0663-4b1f-8efd-f76585c6e86c@group-5F52F902B742:t206, leader=null, voted=b8f04e38-0663-4b1f-8efd-f76585c6e86c, raftlog=b8f04e38-0663-4b1f-8efd-f76585c6e86c@group-5F52F902B742-SegmentedRaftLog:OPENED:c-1,f0,i0, conf=0: [b8f04e38-0663-4b1f-8efd-f76585c6e86c:192.168.157.251:35700, abcd8826-c056-4817-bd0f-7af19a46d814:192.168.157.251:46496, 73297ffa-40cb-4e3e-b33e-1bc2c1da60f5:192.168.157.251:32952], old=null
2019-10-17 18:51:22,710 [b8f04e38-0663-4b1f-8efd-f76585c6e86c@group-5F52F902B742-LeaderElection425] INFO  impl.LeaderElection (LogUtils.java:infoOrTrace(149)) -   Exception 0: {}
java.util.concurrent.ExecutionException: org.apache.ratis.thirdparty.io.grpc.StatusRuntimeException: UNAVAILABLE: io exception
	at java.util.concurrent.FutureTask.report(FutureTask.java:122)
	at java.util.concurrent.FutureTask.get(FutureTask.java:192)
	at org.apache.ratis.server.impl.LeaderElection.waitForResults(LeaderElection.java:259)
	at org.apache.ratis.server.impl.LeaderElection.askForVotes(LeaderElection.java:197)
	at org.apache.ratis.server.impl.LeaderElection.run(LeaderElection.java:133)
	at java.lang.Thread.run(Thread.java:748)
Caused by: org.apache.ratis.thirdparty.io.grpc.StatusRuntimeException: UNAVAILABLE: io exception
	at org.apache.ratis.thirdparty.io.grpc.stub.ClientCalls.toStatusRuntimeException(ClientCalls.java:233)
	at org.apache.ratis.thirdparty.io.grpc.stub.ClientCalls.getUnchecked(ClientCalls.java:214)
	at org.apache.ratis.thirdparty.io.grpc.stub.ClientCalls.blockingUnaryCall(ClientCalls.java:139)
	at org.apache.ratis.proto.grpc.RaftServerProtocolServiceGrpc$RaftServerProtocolServiceBlockingStub.requestVote(RaftServerProtocolServiceGrpc.java:265)
	at org.apache.ratis.grpc.server.GrpcServerProtocolClient.requestVote(GrpcServerProtocolClient.java:99)
	at org.apache.ratis.grpc.server.GrpcService.requestVote(GrpcService.java:204)
	at org.apache.ratis.server.impl.LeaderElection.lambda$submitRequests$1(LeaderElection.java:234)
	at java.util.concurrent.FutureTask.run(FutureTask.java:266)
	at java.util.concurrent.Executors$RunnableAdapter.call(Executors.java:511)
	at java.util.concurrent.FutureTask.run(FutureTask.java:266)
	at java.util.concurrent.ThreadPoolExecutor.runWorker(ThreadPoolExecutor.java:1149)
	at java.util.concurrent.ThreadPoolExecutor$Worker.run(ThreadPoolExecutor.java:624)
	... 1 more
Caused by: org.apache.ratis.thirdparty.io.netty.channel.AbstractChannel$AnnotatedConnectException: Connection refused: /192.168.157.251:46496
	at sun.nio.ch.SocketChannelImpl.checkConnect(Native Method)
	at sun.nio.ch.SocketChannelImpl.finishConnect(SocketChannelImpl.java:717)
	at org.apache.ratis.thirdparty.io.netty.channel.socket.nio.NioSocketChannel.doFinishConnect(NioSocketChannel.java:327)
	at org.apache.ratis.thirdparty.io.netty.channel.nio.AbstractNioChannel$AbstractNioUnsafe.finishConnect(AbstractNioChannel.java:340)
	at org.apache.ratis.thirdparty.io.netty.channel.nio.NioEventLoop.processSelectedKey(NioEventLoop.java:632)
	at org.apache.ratis.thirdparty.io.netty.channel.nio.NioEventLoop.processSelectedKeysOptimized(NioEventLoop.java:579)
	at org.apache.ratis.thirdparty.io.netty.channel.nio.NioEventLoop.processSelectedKeys(NioEventLoop.java:496)
	at org.apache.ratis.thirdparty.io.netty.channel.nio.NioEventLoop.run(NioEventLoop.java:458)
	at org.apache.ratis.thirdparty.io.netty.util.concurrent.SingleThreadEventExecutor$5.run(SingleThreadEventExecutor.java:897)
	at org.apache.ratis.thirdparty.io.netty.util.concurrent.FastThreadLocalRunnable.run(FastThreadLocalRunnable.java:30)
	... 1 more
Caused by: java.net.ConnectException: Connection refused
	... 11 more
2019-10-17 18:51:22,710 [b8f04e38-0663-4b1f-8efd-f76585c6e86c@group-5F52F902B742-LeaderElection425] INFO  impl.LeaderElection (LogUtils.java:infoOrTrace(149)) -   Exception 1: {}
java.util.concurrent.ExecutionException: org.apache.ratis.thirdparty.io.grpc.StatusRuntimeException: UNAVAILABLE: io exception
	at java.util.concurrent.FutureTask.report(FutureTask.java:122)
	at java.util.concurrent.FutureTask.get(FutureTask.java:192)
	at org.apache.ratis.server.impl.LeaderElection.waitForResults(LeaderElection.java:259)
	at org.apache.ratis.server.impl.LeaderElection.askForVotes(LeaderElection.java:197)
	at org.apache.ratis.server.impl.LeaderElection.run(LeaderElection.java:133)
	at java.lang.Thread.run(Thread.java:748)
Caused by: org.apache.ratis.thirdparty.io.grpc.StatusRuntimeException: UNAVAILABLE: io exception
	at org.apache.ratis.thirdparty.io.grpc.stub.ClientCalls.toStatusRuntimeException(ClientCalls.java:233)
	at org.apache.ratis.thirdparty.io.grpc.stub.ClientCalls.getUnchecked(ClientCalls.java:214)
	at org.apache.ratis.thirdparty.io.grpc.stub.ClientCalls.blockingUnaryCall(ClientCalls.java:139)
	at org.apache.ratis.proto.grpc.RaftServerProtocolServiceGrpc$RaftServerProtocolServiceBlockingStub.requestVote(RaftServerProtocolServiceGrpc.java:265)
	at org.apache.ratis.grpc.server.GrpcServerProtocolClient.requestVote(GrpcServerProtocolClient.java:99)
	at org.apache.ratis.grpc.server.GrpcService.requestVote(GrpcService.java:204)
	at org.apache.ratis.server.impl.LeaderElection.lambda$submitRequests$1(LeaderElection.java:234)
	at java.util.concurrent.FutureTask.run(FutureTask.java:266)
	at java.util.concurrent.Executors$RunnableAdapter.call(Executors.java:511)
	at java.util.concurrent.FutureTask.run(FutureTask.java:266)
	at java.util.concurrent.ThreadPoolExecutor.runWorker(ThreadPoolExecutor.java:1149)
	at java.util.concurrent.ThreadPoolExecutor$Worker.run(ThreadPoolExecutor.java:624)
	... 1 more
Caused by: org.apache.ratis.thirdparty.io.netty.channel.AbstractChannel$AnnotatedConnectException: Connection refused: /192.168.157.251:32952
	at sun.nio.ch.SocketChannelImpl.checkConnect(Native Method)
	at sun.nio.ch.SocketChannelImpl.finishConnect(SocketChannelImpl.java:717)
	at org.apache.ratis.thirdparty.io.netty.channel.socket.nio.NioSocketChannel.doFinishConnect(NioSocketChannel.java:327)
	at org.apache.ratis.thirdparty.io.netty.channel.nio.AbstractNioChannel$AbstractNioUnsafe.finishConnect(AbstractNioChannel.java:340)
	at org.apache.ratis.thirdparty.io.netty.channel.nio.NioEventLoop.processSelectedKey(NioEventLoop.java:632)
	at org.apache.ratis.thirdparty.io.netty.channel.nio.NioEventLoop.processSelectedKeysOptimized(NioEventLoop.java:579)
	at org.apache.ratis.thirdparty.io.netty.channel.nio.NioEventLoop.processSelectedKeys(NioEventLoop.java:496)
	at org.apache.ratis.thirdparty.io.netty.channel.nio.NioEventLoop.run(NioEventLoop.java:458)
	at org.apache.ratis.thirdparty.io.netty.util.concurrent.SingleThreadEventExecutor$5.run(SingleThreadEventExecutor.java:897)
	at org.apache.ratis.thirdparty.io.netty.util.concurrent.FastThreadLocalRunnable.run(FastThreadLocalRunnable.java:30)
	... 1 more
Caused by: java.net.ConnectException: Connection refused
	... 11 more
2019-10-17 18:51:22,710 [b8f04e38-0663-4b1f-8efd-f76585c6e86c@group-5F52F902B742-LeaderElection425] INFO  impl.RaftServerImpl (RaftServerImpl.java:setRole(184)) - b8f04e38-0663-4b1f-8efd-f76585c6e86c@group-5F52F902B742: changes role from CANDIDATE to FOLLOWER at term 206 for DISCOVERED_A_NEW_TERM
2019-10-17 18:51:22,711 [b8f04e38-0663-4b1f-8efd-f76585c6e86c@group-5F52F902B742-LeaderElection425] INFO  impl.RoleInfo (RoleInfo.java:shutdownLeaderElection(134)) - b8f04e38-0663-4b1f-8efd-f76585c6e86c: shutdown LeaderElection
2019-10-17 18:51:22,711 [b8f04e38-0663-4b1f-8efd-f76585c6e86c@group-5F52F902B742-LeaderElection425] INFO  impl.RoleInfo (RoleInfo.java:updateAndGet(143)) - b8f04e38-0663-4b1f-8efd-f76585c6e86c: start FollowerState
2019-10-17 18:51:22,712 [a5e79c22-a35f-4e50-b1fd-e91b6a93d74d@group-F775CA5912AC-LeaderElection426] INFO  impl.LeaderElection (LeaderElection.java:askForVotes(178)) - a5e79c22-a35f-4e50-b1fd-e91b6a93d74d@group-F775CA5912AC-LeaderElection426: begin an election at term 261 for -1: [a5e79c22-a35f-4e50-b1fd-e91b6a93d74d:192.168.157.251:45177, daae7813-f814-475d-9647-a302a5541e36:192.168.157.251:45025, 1e4e1375-1b66-460f-8c99-4c341545a119:192.168.157.251:42113], old=null
2019-10-17 18:51:22,713 [a5e79c22-a35f-4e50-b1fd-e91b6a93d74d@group-F775CA5912AC-LeaderElection426] INFO  impl.LeaderElection (LogUtils.java:infoOrTrace(149)) - a5e79c22-a35f-4e50-b1fd-e91b6a93d74d@group-F775CA5912AC-LeaderElection426 got exception when requesting votes: {}
java.util.concurrent.ExecutionException: org.apache.ratis.thirdparty.io.grpc.StatusRuntimeException: UNAVAILABLE: io exception
	at java.util.concurrent.FutureTask.report(FutureTask.java:122)
	at java.util.concurrent.FutureTask.get(FutureTask.java:192)
	at org.apache.ratis.server.impl.LeaderElection.waitForResults(LeaderElection.java:259)
	at org.apache.ratis.server.impl.LeaderElection.askForVotes(LeaderElection.java:197)
	at org.apache.ratis.server.impl.LeaderElection.run(LeaderElection.java:133)
	at java.lang.Thread.run(Thread.java:748)
Caused by: org.apache.ratis.thirdparty.io.grpc.StatusRuntimeException: UNAVAILABLE: io exception
	at org.apache.ratis.thirdparty.io.grpc.stub.ClientCalls.toStatusRuntimeException(ClientCalls.java:233)
	at org.apache.ratis.thirdparty.io.grpc.stub.ClientCalls.getUnchecked(ClientCalls.java:214)
	at org.apache.ratis.thirdparty.io.grpc.stub.ClientCalls.blockingUnaryCall(ClientCalls.java:139)
	at org.apache.ratis.proto.grpc.RaftServerProtocolServiceGrpc$RaftServerProtocolServiceBlockingStub.requestVote(RaftServerProtocolServiceGrpc.java:265)
	at org.apache.ratis.grpc.server.GrpcServerProtocolClient.requestVote(GrpcServerProtocolClient.java:99)
	at org.apache.ratis.grpc.server.GrpcService.requestVote(GrpcService.java:204)
	at org.apache.ratis.server.impl.LeaderElection.lambda$submitRequests$1(LeaderElection.java:234)
	at java.util.concurrent.FutureTask.run(FutureTask.java:266)
	at java.util.concurrent.Executors$RunnableAdapter.call(Executors.java:511)
	at java.util.concurrent.FutureTask.run(FutureTask.java:266)
	at java.util.concurrent.ThreadPoolExecutor.runWorker(ThreadPoolExecutor.java:1149)
	at java.util.concurrent.ThreadPoolExecutor$Worker.run(ThreadPoolExecutor.java:624)
	... 1 more
Caused by: org.apache.ratis.thirdparty.io.netty.channel.AbstractChannel$AnnotatedConnectException: Connection refused: /192.168.157.251:45025
	at sun.nio.ch.SocketChannelImpl.checkConnect(Native Method)
	at sun.nio.ch.SocketChannelImpl.finishConnect(SocketChannelImpl.java:717)
	at org.apache.ratis.thirdparty.io.netty.channel.socket.nio.NioSocketChannel.doFinishConnect(NioSocketChannel.java:327)
	at org.apache.ratis.thirdparty.io.netty.channel.nio.AbstractNioChannel$AbstractNioUnsafe.finishConnect(AbstractNioChannel.java:340)
	at org.apache.ratis.thirdparty.io.netty.channel.nio.NioEventLoop.processSelectedKey(NioEventLoop.java:632)
	at org.apache.ratis.thirdparty.io.netty.channel.nio.NioEventLoop.processSelectedKeysOptimized(NioEventLoop.java:579)
	at org.apache.ratis.thirdparty.io.netty.channel.nio.NioEventLoop.processSelectedKeys(NioEventLoop.java:496)
	at org.apache.ratis.thirdparty.io.netty.channel.nio.NioEventLoop.run(NioEventLoop.java:458)
	at org.apache.ratis.thirdparty.io.netty.util.concurrent.SingleThreadEventExecutor$5.run(SingleThreadEventExecutor.java:897)
	at org.apache.ratis.thirdparty.io.netty.util.concurrent.FastThreadLocalRunnable.run(FastThreadLocalRunnable.java:30)
	... 1 more
Caused by: java.net.ConnectException: Connection refused
	... 11 more
2019-10-17 18:51:22,713 [a5e79c22-a35f-4e50-b1fd-e91b6a93d74d@group-F775CA5912AC-LeaderElection426] INFO  impl.LeaderElection (LogUtils.java:infoOrTrace(149)) - a5e79c22-a35f-4e50-b1fd-e91b6a93d74d@group-F775CA5912AC-LeaderElection426 got exception when requesting votes: {}
java.util.concurrent.ExecutionException: org.apache.ratis.thirdparty.io.grpc.StatusRuntimeException: UNAVAILABLE: io exception
	at java.util.concurrent.FutureTask.report(FutureTask.java:122)
	at java.util.concurrent.FutureTask.get(FutureTask.java:192)
	at org.apache.ratis.server.impl.LeaderElection.waitForResults(LeaderElection.java:259)
	at org.apache.ratis.server.impl.LeaderElection.askForVotes(LeaderElection.java:197)
	at org.apache.ratis.server.impl.LeaderElection.run(LeaderElection.java:133)
	at java.lang.Thread.run(Thread.java:748)
Caused by: org.apache.ratis.thirdparty.io.grpc.StatusRuntimeException: UNAVAILABLE: io exception
	at org.apache.ratis.thirdparty.io.grpc.stub.ClientCalls.toStatusRuntimeException(ClientCalls.java:233)
	at org.apache.ratis.thirdparty.io.grpc.stub.ClientCalls.getUnchecked(ClientCalls.java:214)
	at org.apache.ratis.thirdparty.io.grpc.stub.ClientCalls.blockingUnaryCall(ClientCalls.java:139)
	at org.apache.ratis.proto.grpc.RaftServerProtocolServiceGrpc$RaftServerProtocolServiceBlockingStub.requestVote(RaftServerProtocolServiceGrpc.java:265)
	at org.apache.ratis.grpc.server.GrpcServerProtocolClient.requestVote(GrpcServerProtocolClient.java:99)
	at org.apache.ratis.grpc.server.GrpcService.requestVote(GrpcService.java:204)
	at org.apache.ratis.server.impl.LeaderElection.lambda$submitRequests$1(LeaderElection.java:234)
	at java.util.concurrent.FutureTask.run(FutureTask.java:266)
	at java.util.concurrent.Executors$RunnableAdapter.call(Executors.java:511)
	at java.util.concurrent.FutureTask.run(FutureTask.java:266)
	at java.util.concurrent.ThreadPoolExecutor.runWorker(ThreadPoolExecutor.java:1149)
	at java.util.concurrent.ThreadPoolExecutor$Worker.run(ThreadPoolExecutor.java:624)
	... 1 more
Caused by: org.apache.ratis.thirdparty.io.netty.channel.AbstractChannel$AnnotatedConnectException: Connection refused: /192.168.157.251:42113
	at sun.nio.ch.SocketChannelImpl.checkConnect(Native Method)
	at sun.nio.ch.SocketChannelImpl.finishConnect(SocketChannelImpl.java:717)
	at org.apache.ratis.thirdparty.io.netty.channel.socket.nio.NioSocketChannel.doFinishConnect(NioSocketChannel.java:327)
	at org.apache.ratis.thirdparty.io.netty.channel.nio.AbstractNioChannel$AbstractNioUnsafe.finishConnect(AbstractNioChannel.java:340)
	at org.apache.ratis.thirdparty.io.netty.channel.nio.NioEventLoop.processSelectedKey(NioEventLoop.java:632)
	at org.apache.ratis.thirdparty.io.netty.channel.nio.NioEventLoop.processSelectedKeysOptimized(NioEventLoop.java:579)
	at org.apache.ratis.thirdparty.io.netty.channel.nio.NioEventLoop.processSelectedKeys(NioEventLoop.java:496)
	at org.apache.ratis.thirdparty.io.netty.channel.nio.NioEventLoop.run(NioEventLoop.java:458)
	at org.apache.ratis.thirdparty.io.netty.util.concurrent.SingleThreadEventExecutor$5.run(SingleThreadEventExecutor.java:897)
	at org.apache.ratis.thirdparty.io.netty.util.concurrent.FastThreadLocalRunnable.run(FastThreadLocalRunnable.java:30)
	... 1 more
Caused by: java.net.ConnectException: Connection refused
	... 11 more
2019-10-17 18:51:22,714 [a5e79c22-a35f-4e50-b1fd-e91b6a93d74d@group-F775CA5912AC-LeaderElection426] INFO  impl.LeaderElection (LeaderElection.java:logAndReturn(56)) - a5e79c22-a35f-4e50-b1fd-e91b6a93d74d@group-F775CA5912AC-LeaderElection426: Election REJECTED; received 0 response(s) [] and 2 exception(s); a5e79c22-a35f-4e50-b1fd-e91b6a93d74d@group-F775CA5912AC:t261, leader=null, voted=a5e79c22-a35f-4e50-b1fd-e91b6a93d74d, raftlog=a5e79c22-a35f-4e50-b1fd-e91b6a93d74d@group-F775CA5912AC-SegmentedRaftLog:OPENED:c-1,f-1,i0, conf=-1: [a5e79c22-a35f-4e50-b1fd-e91b6a93d74d:192.168.157.251:45177, daae7813-f814-475d-9647-a302a5541e36:192.168.157.251:45025, 1e4e1375-1b66-460f-8c99-4c341545a119:192.168.157.251:42113], old=null
2019-10-17 18:51:22,714 [a5e79c22-a35f-4e50-b1fd-e91b6a93d74d@group-F775CA5912AC-LeaderElection426] INFO  impl.LeaderElection (LogUtils.java:infoOrTrace(149)) -   Exception 0: {}
java.util.concurrent.ExecutionException: org.apache.ratis.thirdparty.io.grpc.StatusRuntimeException: UNAVAILABLE: io exception
	at java.util.concurrent.FutureTask.report(FutureTask.java:122)
	at java.util.concurrent.FutureTask.get(FutureTask.java:192)
	at org.apache.ratis.server.impl.LeaderElection.waitForResults(LeaderElection.java:259)
	at org.apache.ratis.server.impl.LeaderElection.askForVotes(LeaderElection.java:197)
	at org.apache.ratis.server.impl.LeaderElection.run(LeaderElection.java:133)
	at java.lang.Thread.run(Thread.java:748)
Caused by: org.apache.ratis.thirdparty.io.grpc.StatusRuntimeException: UNAVAILABLE: io exception
	at org.apache.ratis.thirdparty.io.grpc.stub.ClientCalls.toStatusRuntimeException(ClientCalls.java:233)
	at org.apache.ratis.thirdparty.io.grpc.stub.ClientCalls.getUnchecked(ClientCalls.java:214)
	at org.apache.ratis.thirdparty.io.grpc.stub.ClientCalls.blockingUnaryCall(ClientCalls.java:139)
	at org.apache.ratis.proto.grpc.RaftServerProtocolServiceGrpc$RaftServerProtocolServiceBlockingStub.requestVote(RaftServerProtocolServiceGrpc.java:265)
	at org.apache.ratis.grpc.server.GrpcServerProtocolClient.requestVote(GrpcServerProtocolClient.java:99)
	at org.apache.ratis.grpc.server.GrpcService.requestVote(GrpcService.java:204)
	at org.apache.ratis.server.impl.LeaderElection.lambda$submitRequests$1(LeaderElection.java:234)
	at java.util.concurrent.FutureTask.run(FutureTask.java:266)
	at java.util.concurrent.Executors$RunnableAdapter.call(Executors.java:511)
	at java.util.concurrent.FutureTask.run(FutureTask.java:266)
	at java.util.concurrent.ThreadPoolExecutor.runWorker(ThreadPoolExecutor.java:1149)
	at java.util.concurrent.ThreadPoolExecutor$Worker.run(ThreadPoolExecutor.java:624)
	... 1 more
Caused by: org.apache.ratis.thirdparty.io.netty.channel.AbstractChannel$AnnotatedConnectException: Connection refused: /192.168.157.251:45025
	at sun.nio.ch.SocketChannelImpl.checkConnect(Native Method)
	at sun.nio.ch.SocketChannelImpl.finishConnect(SocketChannelImpl.java:717)
	at org.apache.ratis.thirdparty.io.netty.channel.socket.nio.NioSocketChannel.doFinishConnect(NioSocketChannel.java:327)
	at org.apache.ratis.thirdparty.io.netty.channel.nio.AbstractNioChannel$AbstractNioUnsafe.finishConnect(AbstractNioChannel.java:340)
	at org.apache.ratis.thirdparty.io.netty.channel.nio.NioEventLoop.processSelectedKey(NioEventLoop.java:632)
	at org.apache.ratis.thirdparty.io.netty.channel.nio.NioEventLoop.processSelectedKeysOptimized(NioEventLoop.java:579)
	at org.apache.ratis.thirdparty.io.netty.channel.nio.NioEventLoop.processSelectedKeys(NioEventLoop.java:496)
	at org.apache.ratis.thirdparty.io.netty.channel.nio.NioEventLoop.run(NioEventLoop.java:458)
	at org.apache.ratis.thirdparty.io.netty.util.concurrent.SingleThreadEventExecutor$5.run(SingleThreadEventExecutor.java:897)
	at org.apache.ratis.thirdparty.io.netty.util.concurrent.FastThreadLocalRunnable.run(FastThreadLocalRunnable.java:30)
	... 1 more
Caused by: java.net.ConnectException: Connection refused
	... 11 more
2019-10-17 18:51:22,714 [a5e79c22-a35f-4e50-b1fd-e91b6a93d74d@group-F775CA5912AC-LeaderElection426] INFO  impl.LeaderElection (LogUtils.java:infoOrTrace(149)) -   Exception 1: {}
java.util.concurrent.ExecutionException: org.apache.ratis.thirdparty.io.grpc.StatusRuntimeException: UNAVAILABLE: io exception
	at java.util.concurrent.FutureTask.report(FutureTask.java:122)
	at java.util.concurrent.FutureTask.get(FutureTask.java:192)
	at org.apache.ratis.server.impl.LeaderElection.waitForResults(LeaderElection.java:259)
	at org.apache.ratis.server.impl.LeaderElection.askForVotes(LeaderElection.java:197)
	at org.apache.ratis.server.impl.LeaderElection.run(LeaderElection.java:133)
	at java.lang.Thread.run(Thread.java:748)
Caused by: org.apache.ratis.thirdparty.io.grpc.StatusRuntimeException: UNAVAILABLE: io exception
	at org.apache.ratis.thirdparty.io.grpc.stub.ClientCalls.toStatusRuntimeException(ClientCalls.java:233)
	at org.apache.ratis.thirdparty.io.grpc.stub.ClientCalls.getUnchecked(ClientCalls.java:214)
	at org.apache.ratis.thirdparty.io.grpc.stub.ClientCalls.blockingUnaryCall(ClientCalls.java:139)
	at org.apache.ratis.proto.grpc.RaftServerProtocolServiceGrpc$RaftServerProtocolServiceBlockingStub.requestVote(RaftServerProtocolServiceGrpc.java:265)
	at org.apache.ratis.grpc.server.GrpcServerProtocolClient.requestVote(GrpcServerProtocolClient.java:99)
	at org.apache.ratis.grpc.server.GrpcService.requestVote(GrpcService.java:204)
	at org.apache.ratis.server.impl.LeaderElection.lambda$submitRequests$1(LeaderElection.java:234)
	at java.util.concurrent.FutureTask.run(FutureTask.java:266)
	at java.util.concurrent.Executors$RunnableAdapter.call(Executors.java:511)
	at java.util.concurrent.FutureTask.run(FutureTask.java:266)
	at java.util.concurrent.ThreadPoolExecutor.runWorker(ThreadPoolExecutor.java:1149)
	at java.util.concurrent.ThreadPoolExecutor$Worker.run(ThreadPoolExecutor.java:624)
	... 1 more
Caused by: org.apache.ratis.thirdparty.io.netty.channel.AbstractChannel$AnnotatedConnectException: Connection refused: /192.168.157.251:42113
	at sun.nio.ch.SocketChannelImpl.checkConnect(Native Method)
	at sun.nio.ch.SocketChannelImpl.finishConnect(SocketChannelImpl.java:717)
	at org.apache.ratis.thirdparty.io.netty.channel.socket.nio.NioSocketChannel.doFinishConnect(NioSocketChannel.java:327)
	at org.apache.ratis.thirdparty.io.netty.channel.nio.AbstractNioChannel$AbstractNioUnsafe.finishConnect(AbstractNioChannel.java:340)
	at org.apache.ratis.thirdparty.io.netty.channel.nio.NioEventLoop.processSelectedKey(NioEventLoop.java:632)
	at org.apache.ratis.thirdparty.io.netty.channel.nio.NioEventLoop.processSelectedKeysOptimized(NioEventLoop.java:579)
	at org.apache.ratis.thirdparty.io.netty.channel.nio.NioEventLoop.processSelectedKeys(NioEventLoop.java:496)
	at org.apache.ratis.thirdparty.io.netty.channel.nio.NioEventLoop.run(NioEventLoop.java:458)
	at org.apache.ratis.thirdparty.io.netty.util.concurrent.SingleThreadEventExecutor$5.run(SingleThreadEventExecutor.java:897)
	at org.apache.ratis.thirdparty.io.netty.util.concurrent.FastThreadLocalRunnable.run(FastThreadLocalRunnable.java:30)
	... 1 more
Caused by: java.net.ConnectException: Connection refused
	... 11 more
2019-10-17 18:51:22,715 [a5e79c22-a35f-4e50-b1fd-e91b6a93d74d@group-F775CA5912AC-LeaderElection426] INFO  impl.RaftServerImpl (RaftServerImpl.java:setRole(184)) - a5e79c22-a35f-4e50-b1fd-e91b6a93d74d@group-F775CA5912AC: changes role from CANDIDATE to FOLLOWER at term 261 for DISCOVERED_A_NEW_TERM
2019-10-17 18:51:22,715 [a5e79c22-a35f-4e50-b1fd-e91b6a93d74d@group-F775CA5912AC-LeaderElection426] INFO  impl.RoleInfo (RoleInfo.java:shutdownLeaderElection(134)) - a5e79c22-a35f-4e50-b1fd-e91b6a93d74d: shutdown LeaderElection
2019-10-17 18:51:22,715 [a5e79c22-a35f-4e50-b1fd-e91b6a93d74d@group-F775CA5912AC-LeaderElection426] INFO  impl.RoleInfo (RoleInfo.java:updateAndGet(143)) - a5e79c22-a35f-4e50-b1fd-e91b6a93d74d: start FollowerState
2019-10-17 18:51:22,750 [Thread-3256] INFO  impl.FollowerState (FollowerState.java:run(108)) - a5e79c22-a35f-4e50-b1fd-e91b6a93d74d@group-F775CA5912AC-FollowerState: change to CANDIDATE, lastRpcTime:35ms, electionTimeout:35ms
2019-10-17 18:51:22,751 [Thread-3256] INFO  impl.RoleInfo (RoleInfo.java:shutdownFollowerState(121)) - a5e79c22-a35f-4e50-b1fd-e91b6a93d74d: shutdown FollowerState
2019-10-17 18:51:22,751 [Thread-3256] INFO  impl.RaftServerImpl (RaftServerImpl.java:setRole(184)) - a5e79c22-a35f-4e50-b1fd-e91b6a93d74d@group-F775CA5912AC: changes role from  FOLLOWER to CANDIDATE at term 261 for changeToCandidate
2019-10-17 18:51:22,751 [Thread-3256] INFO  impl.RoleInfo (RoleInfo.java:updateAndGet(143)) - a5e79c22-a35f-4e50-b1fd-e91b6a93d74d: start LeaderElection
2019-10-17 18:51:22,775 [a5e79c22-a35f-4e50-b1fd-e91b6a93d74d@group-F775CA5912AC-LeaderElection427] INFO  impl.LeaderElection (LeaderElection.java:askForVotes(178)) - a5e79c22-a35f-4e50-b1fd-e91b6a93d74d@group-F775CA5912AC-LeaderElection427: begin an election at term 262 for -1: [a5e79c22-a35f-4e50-b1fd-e91b6a93d74d:192.168.157.251:45177, daae7813-f814-475d-9647-a302a5541e36:192.168.157.251:45025, 1e4e1375-1b66-460f-8c99-4c341545a119:192.168.157.251:42113], old=null
2019-10-17 18:51:22,776 [a5e79c22-a35f-4e50-b1fd-e91b6a93d74d@group-F775CA5912AC-LeaderElection427] INFO  impl.LeaderElection (LogUtils.java:infoOrTrace(149)) - a5e79c22-a35f-4e50-b1fd-e91b6a93d74d@group-F775CA5912AC-LeaderElection427 got exception when requesting votes: {}
java.util.concurrent.ExecutionException: org.apache.ratis.thirdparty.io.grpc.StatusRuntimeException: UNAVAILABLE: io exception
	at java.util.concurrent.FutureTask.report(FutureTask.java:122)
	at java.util.concurrent.FutureTask.get(FutureTask.java:192)
	at org.apache.ratis.server.impl.LeaderElection.waitForResults(LeaderElection.java:259)
	at org.apache.ratis.server.impl.LeaderElection.askForVotes(LeaderElection.java:197)
	at org.apache.ratis.server.impl.LeaderElection.run(LeaderElection.java:133)
	at java.lang.Thread.run(Thread.java:748)
Caused by: org.apache.ratis.thirdparty.io.grpc.StatusRuntimeException: UNAVAILABLE: io exception
	at org.apache.ratis.thirdparty.io.grpc.stub.ClientCalls.toStatusRuntimeException(ClientCalls.java:233)
	at org.apache.ratis.thirdparty.io.grpc.stub.ClientCalls.getUnchecked(ClientCalls.java:214)
	at org.apache.ratis.thirdparty.io.grpc.stub.ClientCalls.blockingUnaryCall(ClientCalls.java:139)
	at org.apache.ratis.proto.grpc.RaftServerProtocolServiceGrpc$RaftServerProtocolServiceBlockingStub.requestVote(RaftServerProtocolServiceGrpc.java:265)
	at org.apache.ratis.grpc.server.GrpcServerProtocolClient.requestVote(GrpcServerProtocolClient.java:99)
	at org.apache.ratis.grpc.server.GrpcService.requestVote(GrpcService.java:204)
	at org.apache.ratis.server.impl.LeaderElection.lambda$submitRequests$1(LeaderElection.java:234)
	at java.util.concurrent.FutureTask.run(FutureTask.java:266)
	at java.util.concurrent.Executors$RunnableAdapter.call(Executors.java:511)
	at java.util.concurrent.FutureTask.run(FutureTask.java:266)
	at java.util.concurrent.ThreadPoolExecutor.runWorker(ThreadPoolExecutor.java:1149)
	at java.util.concurrent.ThreadPoolExecutor$Worker.run(ThreadPoolExecutor.java:624)
	... 1 more
Caused by: org.apache.ratis.thirdparty.io.netty.channel.AbstractChannel$AnnotatedConnectException: Connection refused: /192.168.157.251:45025
	at sun.nio.ch.SocketChannelImpl.checkConnect(Native Method)
	at sun.nio.ch.SocketChannelImpl.finishConnect(SocketChannelImpl.java:717)
	at org.apache.ratis.thirdparty.io.netty.channel.socket.nio.NioSocketChannel.doFinishConnect(NioSocketChannel.java:327)
	at org.apache.ratis.thirdparty.io.netty.channel.nio.AbstractNioChannel$AbstractNioUnsafe.finishConnect(AbstractNioChannel.java:340)
	at org.apache.ratis.thirdparty.io.netty.channel.nio.NioEventLoop.processSelectedKey(NioEventLoop.java:632)
	at org.apache.ratis.thirdparty.io.netty.channel.nio.NioEventLoop.processSelectedKeysOptimized(NioEventLoop.java:579)
	at org.apache.ratis.thirdparty.io.netty.channel.nio.NioEventLoop.processSelectedKeys(NioEventLoop.java:496)
	at org.apache.ratis.thirdparty.io.netty.channel.nio.NioEventLoop.run(NioEventLoop.java:458)
	at org.apache.ratis.thirdparty.io.netty.util.concurrent.SingleThreadEventExecutor$5.run(SingleThreadEventExecutor.java:897)
	at org.apache.ratis.thirdparty.io.netty.util.concurrent.FastThreadLocalRunnable.run(FastThreadLocalRunnable.java:30)
	... 1 more
Caused by: java.net.ConnectException: Connection refused
	... 11 more
2019-10-17 18:51:22,777 [a5e79c22-a35f-4e50-b1fd-e91b6a93d74d@group-F775CA5912AC-LeaderElection427] INFO  impl.LeaderElection (LogUtils.java:infoOrTrace(149)) - a5e79c22-a35f-4e50-b1fd-e91b6a93d74d@group-F775CA5912AC-LeaderElection427 got exception when requesting votes: {}
java.util.concurrent.ExecutionException: org.apache.ratis.thirdparty.io.grpc.StatusRuntimeException: UNAVAILABLE: io exception
	at java.util.concurrent.FutureTask.report(FutureTask.java:122)
	at java.util.concurrent.FutureTask.get(FutureTask.java:192)
	at org.apache.ratis.server.impl.LeaderElection.waitForResults(LeaderElection.java:259)
	at org.apache.ratis.server.impl.LeaderElection.askForVotes(LeaderElection.java:197)
	at org.apache.ratis.server.impl.LeaderElection.run(LeaderElection.java:133)
	at java.lang.Thread.run(Thread.java:748)
Caused by: org.apache.ratis.thirdparty.io.grpc.StatusRuntimeException: UNAVAILABLE: io exception
	at org.apache.ratis.thirdparty.io.grpc.stub.ClientCalls.toStatusRuntimeException(ClientCalls.java:233)
	at org.apache.ratis.thirdparty.io.grpc.stub.ClientCalls.getUnchecked(ClientCalls.java:214)
	at org.apache.ratis.thirdparty.io.grpc.stub.ClientCalls.blockingUnaryCall(ClientCalls.java:139)
	at org.apache.ratis.proto.grpc.RaftServerProtocolServiceGrpc$RaftServerProtocolServiceBlockingStub.requestVote(RaftServerProtocolServiceGrpc.java:265)
	at org.apache.ratis.grpc.server.GrpcServerProtocolClient.requestVote(GrpcServerProtocolClient.java:99)
	at org.apache.ratis.grpc.server.GrpcService.requestVote(GrpcService.java:204)
	at org.apache.ratis.server.impl.LeaderElection.lambda$submitRequests$1(LeaderElection.java:234)
	at java.util.concurrent.FutureTask.run(FutureTask.java:266)
	at java.util.concurrent.Executors$RunnableAdapter.call(Executors.java:511)
	at java.util.concurrent.FutureTask.run(FutureTask.java:266)
	at java.util.concurrent.ThreadPoolExecutor.runWorker(ThreadPoolExecutor.java:1149)
	at java.util.concurrent.ThreadPoolExecutor$Worker.run(ThreadPoolExecutor.java:624)
	... 1 more
Caused by: org.apache.ratis.thirdparty.io.netty.channel.AbstractChannel$AnnotatedConnectException: Connection refused: /192.168.157.251:42113
	at sun.nio.ch.SocketChannelImpl.checkConnect(Native Method)
	at sun.nio.ch.SocketChannelImpl.finishConnect(SocketChannelImpl.java:717)
	at org.apache.ratis.thirdparty.io.netty.channel.socket.nio.NioSocketChannel.doFinishConnect(NioSocketChannel.java:327)
	at org.apache.ratis.thirdparty.io.netty.channel.nio.AbstractNioChannel$AbstractNioUnsafe.finishConnect(AbstractNioChannel.java:340)
	at org.apache.ratis.thirdparty.io.netty.channel.nio.NioEventLoop.processSelectedKey(NioEventLoop.java:632)
	at org.apache.ratis.thirdparty.io.netty.channel.nio.NioEventLoop.processSelectedKeysOptimized(NioEventLoop.java:579)
	at org.apache.ratis.thirdparty.io.netty.channel.nio.NioEventLoop.processSelectedKeys(NioEventLoop.java:496)
	at org.apache.ratis.thirdparty.io.netty.channel.nio.NioEventLoop.run(NioEventLoop.java:458)
	at org.apache.ratis.thirdparty.io.netty.util.concurrent.SingleThreadEventExecutor$5.run(SingleThreadEventExecutor.java:897)
	at org.apache.ratis.thirdparty.io.netty.util.concurrent.FastThreadLocalRunnable.run(FastThreadLocalRunnable.java:30)
	... 1 more
Caused by: java.net.ConnectException: Connection refused
	... 11 more
2019-10-17 18:51:22,777 [a5e79c22-a35f-4e50-b1fd-e91b6a93d74d@group-F775CA5912AC-LeaderElection427] INFO  impl.LeaderElection (LeaderElection.java:logAndReturn(56)) - a5e79c22-a35f-4e50-b1fd-e91b6a93d74d@group-F775CA5912AC-LeaderElection427: Election REJECTED; received 0 response(s) [] and 2 exception(s); a5e79c22-a35f-4e50-b1fd-e91b6a93d74d@group-F775CA5912AC:t262, leader=null, voted=a5e79c22-a35f-4e50-b1fd-e91b6a93d74d, raftlog=a5e79c22-a35f-4e50-b1fd-e91b6a93d74d@group-F775CA5912AC-SegmentedRaftLog:OPENED:c-1,f-1,i0, conf=-1: [a5e79c22-a35f-4e50-b1fd-e91b6a93d74d:192.168.157.251:45177, daae7813-f814-475d-9647-a302a5541e36:192.168.157.251:45025, 1e4e1375-1b66-460f-8c99-4c341545a119:192.168.157.251:42113], old=null
2019-10-17 18:51:22,777 [a5e79c22-a35f-4e50-b1fd-e91b6a93d74d@group-F775CA5912AC-LeaderElection427] INFO  impl.LeaderElection (LogUtils.java:infoOrTrace(149)) -   Exception 0: {}
java.util.concurrent.ExecutionException: org.apache.ratis.thirdparty.io.grpc.StatusRuntimeException: UNAVAILABLE: io exception
	at java.util.concurrent.FutureTask.report(FutureTask.java:122)
	at java.util.concurrent.FutureTask.get(FutureTask.java:192)
	at org.apache.ratis.server.impl.LeaderElection.waitForResults(LeaderElection.java:259)
	at org.apache.ratis.server.impl.LeaderElection.askForVotes(LeaderElection.java:197)
	at org.apache.ratis.server.impl.LeaderElection.run(LeaderElection.java:133)
	at java.lang.Thread.run(Thread.java:748)
Caused by: org.apache.ratis.thirdparty.io.grpc.StatusRuntimeException: UNAVAILABLE: io exception
	at org.apache.ratis.thirdparty.io.grpc.stub.ClientCalls.toStatusRuntimeException(ClientCalls.java:233)
	at org.apache.ratis.thirdparty.io.grpc.stub.ClientCalls.getUnchecked(ClientCalls.java:214)
	at org.apache.ratis.thirdparty.io.grpc.stub.ClientCalls.blockingUnaryCall(ClientCalls.java:139)
	at org.apache.ratis.proto.grpc.RaftServerProtocolServiceGrpc$RaftServerProtocolServiceBlockingStub.requestVote(RaftServerProtocolServiceGrpc.java:265)
	at org.apache.ratis.grpc.server.GrpcServerProtocolClient.requestVote(GrpcServerProtocolClient.java:99)
	at org.apache.ratis.grpc.server.GrpcService.requestVote(GrpcService.java:204)
	at org.apache.ratis.server.impl.LeaderElection.lambda$submitRequests$1(LeaderElection.java:234)
	at java.util.concurrent.FutureTask.run(FutureTask.java:266)
	at java.util.concurrent.Executors$RunnableAdapter.call(Executors.java:511)
	at java.util.concurrent.FutureTask.run(FutureTask.java:266)
	at java.util.concurrent.ThreadPoolExecutor.runWorker(ThreadPoolExecutor.java:1149)
	at java.util.concurrent.ThreadPoolExecutor$Worker.run(ThreadPoolExecutor.java:624)
	... 1 more
Caused by: org.apache.ratis.thirdparty.io.netty.channel.AbstractChannel$AnnotatedConnectException: Connection refused: /192.168.157.251:45025
	at sun.nio.ch.SocketChannelImpl.checkConnect(Native Method)
	at sun.nio.ch.SocketChannelImpl.finishConnect(SocketChannelImpl.java:717)
	at org.apache.ratis.thirdparty.io.netty.channel.socket.nio.NioSocketChannel.doFinishConnect(NioSocketChannel.java:327)
	at org.apache.ratis.thirdparty.io.netty.channel.nio.AbstractNioChannel$AbstractNioUnsafe.finishConnect(AbstractNioChannel.java:340)
	at org.apache.ratis.thirdparty.io.netty.channel.nio.NioEventLoop.processSelectedKey(NioEventLoop.java:632)
	at org.apache.ratis.thirdparty.io.netty.channel.nio.NioEventLoop.processSelectedKeysOptimized(NioEventLoop.java:579)
	at org.apache.ratis.thirdparty.io.netty.channel.nio.NioEventLoop.processSelectedKeys(NioEventLoop.java:496)
	at org.apache.ratis.thirdparty.io.netty.channel.nio.NioEventLoop.run(NioEventLoop.java:458)
	at org.apache.ratis.thirdparty.io.netty.util.concurrent.SingleThreadEventExecutor$5.run(SingleThreadEventExecutor.java:897)
	at org.apache.ratis.thirdparty.io.netty.util.concurrent.FastThreadLocalRunnable.run(FastThreadLocalRunnable.java:30)
	... 1 more
Caused by: java.net.ConnectException: Connection refused
	... 11 more
2019-10-17 18:51:22,777 [a5e79c22-a35f-4e50-b1fd-e91b6a93d74d@group-F775CA5912AC-LeaderElection427] INFO  impl.LeaderElection (LogUtils.java:infoOrTrace(149)) -   Exception 1: {}
java.util.concurrent.ExecutionException: org.apache.ratis.thirdparty.io.grpc.StatusRuntimeException: UNAVAILABLE: io exception
	at java.util.concurrent.FutureTask.report(FutureTask.java:122)
	at java.util.concurrent.FutureTask.get(FutureTask.java:192)
	at org.apache.ratis.server.impl.LeaderElection.waitForResults(LeaderElection.java:259)
	at org.apache.ratis.server.impl.LeaderElection.askForVotes(LeaderElection.java:197)
	at org.apache.ratis.server.impl.LeaderElection.run(LeaderElection.java:133)
	at java.lang.Thread.run(Thread.java:748)
Caused by: org.apache.ratis.thirdparty.io.grpc.StatusRuntimeException: UNAVAILABLE: io exception
	at org.apache.ratis.thirdparty.io.grpc.stub.ClientCalls.toStatusRuntimeException(ClientCalls.java:233)
	at org.apache.ratis.thirdparty.io.grpc.stub.ClientCalls.getUnchecked(ClientCalls.java:214)
	at org.apache.ratis.thirdparty.io.grpc.stub.ClientCalls.blockingUnaryCall(ClientCalls.java:139)
	at org.apache.ratis.proto.grpc.RaftServerProtocolServiceGrpc$RaftServerProtocolServiceBlockingStub.requestVote(RaftServerProtocolServiceGrpc.java:265)
	at org.apache.ratis.grpc.server.GrpcServerProtocolClient.requestVote(GrpcServerProtocolClient.java:99)
	at org.apache.ratis.grpc.server.GrpcService.requestVote(GrpcService.java:204)
	at org.apache.ratis.server.impl.LeaderElection.lambda$submitRequests$1(LeaderElection.java:234)
	at java.util.concurrent.FutureTask.run(FutureTask.java:266)
	at java.util.concurrent.Executors$RunnableAdapter.call(Executors.java:511)
	at java.util.concurrent.FutureTask.run(FutureTask.java:266)
	at java.util.concurrent.ThreadPoolExecutor.runWorker(ThreadPoolExecutor.java:1149)
	at java.util.concurrent.ThreadPoolExecutor$Worker.run(ThreadPoolExecutor.java:624)
	... 1 more
Caused by: org.apache.ratis.thirdparty.io.netty.channel.AbstractChannel$AnnotatedConnectException: Connection refused: /192.168.157.251:42113
	at sun.nio.ch.SocketChannelImpl.checkConnect(Native Method)
	at sun.nio.ch.SocketChannelImpl.finishConnect(SocketChannelImpl.java:717)
	at org.apache.ratis.thirdparty.io.netty.channel.socket.nio.NioSocketChannel.doFinishConnect(NioSocketChannel.java:327)
	at org.apache.ratis.thirdparty.io.netty.channel.nio.AbstractNioChannel$AbstractNioUnsafe.finishConnect(AbstractNioChannel.java:340)
	at org.apache.ratis.thirdparty.io.netty.channel.nio.NioEventLoop.processSelectedKey(NioEventLoop.java:632)
	at org.apache.ratis.thirdparty.io.netty.channel.nio.NioEventLoop.processSelectedKeysOptimized(NioEventLoop.java:579)
	at org.apache.ratis.thirdparty.io.netty.channel.nio.NioEventLoop.processSelectedKeys(NioEventLoop.java:496)
	at org.apache.ratis.thirdparty.io.netty.channel.nio.NioEventLoop.run(NioEventLoop.java:458)
	at org.apache.ratis.thirdparty.io.netty.util.concurrent.SingleThreadEventExecutor$5.run(SingleThreadEventExecutor.java:897)
	at org.apache.ratis.thirdparty.io.netty.util.concurrent.FastThreadLocalRunnable.run(FastThreadLocalRunnable.java:30)
	... 1 more
Caused by: java.net.ConnectException: Connection refused
	... 11 more
2019-10-17 18:51:22,778 [a5e79c22-a35f-4e50-b1fd-e91b6a93d74d@group-F775CA5912AC-LeaderElection427] INFO  impl.RaftServerImpl (RaftServerImpl.java:setRole(184)) - a5e79c22-a35f-4e50-b1fd-e91b6a93d74d@group-F775CA5912AC: changes role from CANDIDATE to FOLLOWER at term 262 for DISCOVERED_A_NEW_TERM
2019-10-17 18:51:22,778 [a5e79c22-a35f-4e50-b1fd-e91b6a93d74d@group-F775CA5912AC-LeaderElection427] INFO  impl.RoleInfo (RoleInfo.java:shutdownLeaderElection(134)) - a5e79c22-a35f-4e50-b1fd-e91b6a93d74d: shutdown LeaderElection
2019-10-17 18:51:22,778 [a5e79c22-a35f-4e50-b1fd-e91b6a93d74d@group-F775CA5912AC-LeaderElection427] INFO  impl.RoleInfo (RoleInfo.java:updateAndGet(143)) - a5e79c22-a35f-4e50-b1fd-e91b6a93d74d: start FollowerState
2019-10-17 18:51:22,866 [Thread-3260] INFO  impl.FollowerState (FollowerState.java:run(108)) - a5e79c22-a35f-4e50-b1fd-e91b6a93d74d@group-F775CA5912AC-FollowerState: change to CANDIDATE, lastRpcTime:88ms, electionTimeout:88ms
2019-10-17 18:51:22,867 [Thread-3260] INFO  impl.RoleInfo (RoleInfo.java:shutdownFollowerState(121)) - a5e79c22-a35f-4e50-b1fd-e91b6a93d74d: shutdown FollowerState
2019-10-17 18:51:22,867 [Thread-3260] INFO  impl.RaftServerImpl (RaftServerImpl.java:setRole(184)) - a5e79c22-a35f-4e50-b1fd-e91b6a93d74d@group-F775CA5912AC: changes role from  FOLLOWER to CANDIDATE at term 262 for changeToCandidate
2019-10-17 18:51:22,867 [Thread-3260] INFO  impl.RoleInfo (RoleInfo.java:updateAndGet(143)) - a5e79c22-a35f-4e50-b1fd-e91b6a93d74d: start LeaderElection
2019-10-17 18:51:22,868 [java.util.concurrent.ThreadPoolExecutor$Worker@5bc0d76f[State = -1, empty queue]] WARN  server.GrpcLogAppender (GrpcLogAppender.java:timeoutAppendRequest(209)) - 8f4f8799-ef18-41e5-9bb8-2f724208e999@group-9D6F8169C5E6->0fe4833c-4439-4309-b94b-508419b07a37-GrpcLogAppender: appendEntries Timeout, request=8f4f8799-ef18-41e5-9bb8-2f724208e999->0fe4833c-4439-4309-b94b-508419b07a37#87-t7, previous=(t:7, i:19), leaderCommit=19, initializing? false, entries: <empty>
2019-10-17 18:51:22,921 [a5e79c22-a35f-4e50-b1fd-e91b6a93d74d@group-F775CA5912AC-LeaderElection428] INFO  impl.LeaderElection (LeaderElection.java:askForVotes(178)) - a5e79c22-a35f-4e50-b1fd-e91b6a93d74d@group-F775CA5912AC-LeaderElection428: begin an election at term 263 for -1: [a5e79c22-a35f-4e50-b1fd-e91b6a93d74d:192.168.157.251:45177, daae7813-f814-475d-9647-a302a5541e36:192.168.157.251:45025, 1e4e1375-1b66-460f-8c99-4c341545a119:192.168.157.251:42113], old=null
2019-10-17 18:51:22,922 [a5e79c22-a35f-4e50-b1fd-e91b6a93d74d@group-F775CA5912AC-LeaderElection428] INFO  impl.LeaderElection (LogUtils.java:infoOrTrace(149)) - a5e79c22-a35f-4e50-b1fd-e91b6a93d74d@group-F775CA5912AC-LeaderElection428 got exception when requesting votes: {}
java.util.concurrent.ExecutionException: org.apache.ratis.thirdparty.io.grpc.StatusRuntimeException: UNAVAILABLE: io exception
	at java.util.concurrent.FutureTask.report(FutureTask.java:122)
	at java.util.concurrent.FutureTask.get(FutureTask.java:192)
	at org.apache.ratis.server.impl.LeaderElection.waitForResults(LeaderElection.java:259)
	at org.apache.ratis.server.impl.LeaderElection.askForVotes(LeaderElection.java:197)
	at org.apache.ratis.server.impl.LeaderElection.run(LeaderElection.java:133)
	at java.lang.Thread.run(Thread.java:748)
Caused by: org.apache.ratis.thirdparty.io.grpc.StatusRuntimeException: UNAVAILABLE: io exception
	at org.apache.ratis.thirdparty.io.grpc.stub.ClientCalls.toStatusRuntimeException(ClientCalls.java:233)
	at org.apache.ratis.thirdparty.io.grpc.stub.ClientCalls.getUnchecked(ClientCalls.java:214)
	at org.apache.ratis.thirdparty.io.grpc.stub.ClientCalls.blockingUnaryCall(ClientCalls.java:139)
	at org.apache.ratis.proto.grpc.RaftServerProtocolServiceGrpc$RaftServerProtocolServiceBlockingStub.requestVote(RaftServerProtocolServiceGrpc.java:265)
	at org.apache.ratis.grpc.server.GrpcServerProtocolClient.requestVote(GrpcServerProtocolClient.java:99)
	at org.apache.ratis.grpc.server.GrpcService.requestVote(GrpcService.java:204)
	at org.apache.ratis.server.impl.LeaderElection.lambda$submitRequests$1(LeaderElection.java:234)
	at java.util.concurrent.FutureTask.run(FutureTask.java:266)
	at java.util.concurrent.Executors$RunnableAdapter.call(Executors.java:511)
	at java.util.concurrent.FutureTask.run(FutureTask.java:266)
	at java.util.concurrent.ThreadPoolExecutor.runWorker(ThreadPoolExecutor.java:1149)
	at java.util.concurrent.ThreadPoolExecutor$Worker.run(ThreadPoolExecutor.java:624)
	... 1 more
Caused by: org.apache.ratis.thirdparty.io.netty.channel.AbstractChannel$AnnotatedConnectException: Connection refused: /192.168.157.251:45025
	at sun.nio.ch.SocketChannelImpl.checkConnect(Native Method)
	at sun.nio.ch.SocketChannelImpl.finishConnect(SocketChannelImpl.java:717)
	at org.apache.ratis.thirdparty.io.netty.channel.socket.nio.NioSocketChannel.doFinishConnect(NioSocketChannel.java:327)
	at org.apache.ratis.thirdparty.io.netty.channel.nio.AbstractNioChannel$AbstractNioUnsafe.finishConnect(AbstractNioChannel.java:340)
	at org.apache.ratis.thirdparty.io.netty.channel.nio.NioEventLoop.processSelectedKey(NioEventLoop.java:632)
	at org.apache.ratis.thirdparty.io.netty.channel.nio.NioEventLoop.processSelectedKeysOptimized(NioEventLoop.java:579)
	at org.apache.ratis.thirdparty.io.netty.channel.nio.NioEventLoop.processSelectedKeys(NioEventLoop.java:496)
	at org.apache.ratis.thirdparty.io.netty.channel.nio.NioEventLoop.run(NioEventLoop.java:458)
	at org.apache.ratis.thirdparty.io.netty.util.concurrent.SingleThreadEventExecutor$5.run(SingleThreadEventExecutor.java:897)
	at org.apache.ratis.thirdparty.io.netty.util.concurrent.FastThreadLocalRunnable.run(FastThreadLocalRunnable.java:30)
	... 1 more
Caused by: java.net.ConnectException: Connection refused
	... 11 more
2019-10-17 18:51:22,923 [a5e79c22-a35f-4e50-b1fd-e91b6a93d74d@group-F775CA5912AC-LeaderElection428] INFO  impl.LeaderElection (LogUtils.java:infoOrTrace(149)) - a5e79c22-a35f-4e50-b1fd-e91b6a93d74d@group-F775CA5912AC-LeaderElection428 got exception when requesting votes: {}
java.util.concurrent.ExecutionException: org.apache.ratis.thirdparty.io.grpc.StatusRuntimeException: UNAVAILABLE: io exception
	at java.util.concurrent.FutureTask.report(FutureTask.java:122)
	at java.util.concurrent.FutureTask.get(FutureTask.java:192)
	at org.apache.ratis.server.impl.LeaderElection.waitForResults(LeaderElection.java:259)
	at org.apache.ratis.server.impl.LeaderElection.askForVotes(LeaderElection.java:197)
	at org.apache.ratis.server.impl.LeaderElection.run(LeaderElection.java:133)
	at java.lang.Thread.run(Thread.java:748)
Caused by: org.apache.ratis.thirdparty.io.grpc.StatusRuntimeException: UNAVAILABLE: io exception
	at org.apache.ratis.thirdparty.io.grpc.stub.ClientCalls.toStatusRuntimeException(ClientCalls.java:233)
	at org.apache.ratis.thirdparty.io.grpc.stub.ClientCalls.getUnchecked(ClientCalls.java:214)
	at org.apache.ratis.thirdparty.io.grpc.stub.ClientCalls.blockingUnaryCall(ClientCalls.java:139)
	at org.apache.ratis.proto.grpc.RaftServerProtocolServiceGrpc$RaftServerProtocolServiceBlockingStub.requestVote(RaftServerProtocolServiceGrpc.java:265)
	at org.apache.ratis.grpc.server.GrpcServerProtocolClient.requestVote(GrpcServerProtocolClient.java:99)
	at org.apache.ratis.grpc.server.GrpcService.requestVote(GrpcService.java:204)
	at org.apache.ratis.server.impl.LeaderElection.lambda$submitRequests$1(LeaderElection.java:234)
	at java.util.concurrent.FutureTask.run(FutureTask.java:266)
	at java.util.concurrent.Executors$RunnableAdapter.call(Executors.java:511)
	at java.util.concurrent.FutureTask.run(FutureTask.java:266)
	at java.util.concurrent.ThreadPoolExecutor.runWorker(ThreadPoolExecutor.java:1149)
	at java.util.concurrent.ThreadPoolExecutor$Worker.run(ThreadPoolExecutor.java:624)
	... 1 more
Caused by: org.apache.ratis.thirdparty.io.netty.channel.AbstractChannel$AnnotatedConnectException: Connection refused: /192.168.157.251:42113
	at sun.nio.ch.SocketChannelImpl.checkConnect(Native Method)
	at sun.nio.ch.SocketChannelImpl.finishConnect(SocketChannelImpl.java:717)
	at org.apache.ratis.thirdparty.io.netty.channel.socket.nio.NioSocketChannel.doFinishConnect(NioSocketChannel.java:327)
	at org.apache.ratis.thirdparty.io.netty.channel.nio.AbstractNioChannel$AbstractNioUnsafe.finishConnect(AbstractNioChannel.java:340)
	at org.apache.ratis.thirdparty.io.netty.channel.nio.NioEventLoop.processSelectedKey(NioEventLoop.java:632)
	at org.apache.ratis.thirdparty.io.netty.channel.nio.NioEventLoop.processSelectedKeysOptimized(NioEventLoop.java:579)
	at org.apache.ratis.thirdparty.io.netty.channel.nio.NioEventLoop.processSelectedKeys(NioEventLoop.java:496)
	at org.apache.ratis.thirdparty.io.netty.channel.nio.NioEventLoop.run(NioEventLoop.java:458)
	at org.apache.ratis.thirdparty.io.netty.util.concurrent.SingleThreadEventExecutor$5.run(SingleThreadEventExecutor.java:897)
	at org.apache.ratis.thirdparty.io.netty.util.concurrent.FastThreadLocalRunnable.run(FastThreadLocalRunnable.java:30)
	... 1 more
Caused by: java.net.ConnectException: Connection refused
	... 11 more
2019-10-17 18:51:22,923 [a5e79c22-a35f-4e50-b1fd-e91b6a93d74d@group-F775CA5912AC-LeaderElection428] INFO  impl.LeaderElection (LeaderElection.java:logAndReturn(56)) - a5e79c22-a35f-4e50-b1fd-e91b6a93d74d@group-F775CA5912AC-LeaderElection428: Election REJECTED; received 0 response(s) [] and 2 exception(s); a5e79c22-a35f-4e50-b1fd-e91b6a93d74d@group-F775CA5912AC:t263, leader=null, voted=a5e79c22-a35f-4e50-b1fd-e91b6a93d74d, raftlog=a5e79c22-a35f-4e50-b1fd-e91b6a93d74d@group-F775CA5912AC-SegmentedRaftLog:OPENED:c-1,f-1,i0, conf=-1: [a5e79c22-a35f-4e50-b1fd-e91b6a93d74d:192.168.157.251:45177, daae7813-f814-475d-9647-a302a5541e36:192.168.157.251:45025, 1e4e1375-1b66-460f-8c99-4c341545a119:192.168.157.251:42113], old=null
2019-10-17 18:51:22,923 [a5e79c22-a35f-4e50-b1fd-e91b6a93d74d@group-F775CA5912AC-LeaderElection428] INFO  impl.LeaderElection (LogUtils.java:infoOrTrace(149)) -   Exception 0: {}
java.util.concurrent.ExecutionException: org.apache.ratis.thirdparty.io.grpc.StatusRuntimeException: UNAVAILABLE: io exception
	at java.util.concurrent.FutureTask.report(FutureTask.java:122)
	at java.util.concurrent.FutureTask.get(FutureTask.java:192)
	at org.apache.ratis.server.impl.LeaderElection.waitForResults(LeaderElection.java:259)
	at org.apache.ratis.server.impl.LeaderElection.askForVotes(LeaderElection.java:197)
	at org.apache.ratis.server.impl.LeaderElection.run(LeaderElection.java:133)
	at java.lang.Thread.run(Thread.java:748)
Caused by: org.apache.ratis.thirdparty.io.grpc.StatusRuntimeException: UNAVAILABLE: io exception
	at org.apache.ratis.thirdparty.io.grpc.stub.ClientCalls.toStatusRuntimeException(ClientCalls.java:233)
	at org.apache.ratis.thirdparty.io.grpc.stub.ClientCalls.getUnchecked(ClientCalls.java:214)
	at org.apache.ratis.thirdparty.io.grpc.stub.ClientCalls.blockingUnaryCall(ClientCalls.java:139)
	at org.apache.ratis.proto.grpc.RaftServerProtocolServiceGrpc$RaftServerProtocolServiceBlockingStub.requestVote(RaftServerProtocolServiceGrpc.java:265)
	at org.apache.ratis.grpc.server.GrpcServerProtocolClient.requestVote(GrpcServerProtocolClient.java:99)
	at org.apache.ratis.grpc.server.GrpcService.requestVote(GrpcService.java:204)
	at org.apache.ratis.server.impl.LeaderElection.lambda$submitRequests$1(LeaderElection.java:234)
	at java.util.concurrent.FutureTask.run(FutureTask.java:266)
	at java.util.concurrent.Executors$RunnableAdapter.call(Executors.java:511)
	at java.util.concurrent.FutureTask.run(FutureTask.java:266)
	at java.util.concurrent.ThreadPoolExecutor.runWorker(ThreadPoolExecutor.java:1149)
	at java.util.concurrent.ThreadPoolExecutor$Worker.run(ThreadPoolExecutor.java:624)
	... 1 more
Caused by: org.apache.ratis.thirdparty.io.netty.channel.AbstractChannel$AnnotatedConnectException: Connection refused: /192.168.157.251:45025
	at sun.nio.ch.SocketChannelImpl.checkConnect(Native Method)
	at sun.nio.ch.SocketChannelImpl.finishConnect(SocketChannelImpl.java:717)
	at org.apache.ratis.thirdparty.io.netty.channel.socket.nio.NioSocketChannel.doFinishConnect(NioSocketChannel.java:327)
	at org.apache.ratis.thirdparty.io.netty.channel.nio.AbstractNioChannel$AbstractNioUnsafe.finishConnect(AbstractNioChannel.java:340)
	at org.apache.ratis.thirdparty.io.netty.channel.nio.NioEventLoop.processSelectedKey(NioEventLoop.java:632)
	at org.apache.ratis.thirdparty.io.netty.channel.nio.NioEventLoop.processSelectedKeysOptimized(NioEventLoop.java:579)
	at org.apache.ratis.thirdparty.io.netty.channel.nio.NioEventLoop.processSelectedKeys(NioEventLoop.java:496)
	at org.apache.ratis.thirdparty.io.netty.channel.nio.NioEventLoop.run(NioEventLoop.java:458)
	at org.apache.ratis.thirdparty.io.netty.util.concurrent.SingleThreadEventExecutor$5.run(SingleThreadEventExecutor.java:897)
	at org.apache.ratis.thirdparty.io.netty.util.concurrent.FastThreadLocalRunnable.run(FastThreadLocalRunnable.java:30)
	... 1 more
Caused by: java.net.ConnectException: Connection refused
	... 11 more
2019-10-17 18:51:22,924 [a5e79c22-a35f-4e50-b1fd-e91b6a93d74d@group-F775CA5912AC-LeaderElection428] INFO  impl.LeaderElection (LogUtils.java:infoOrTrace(149)) -   Exception 1: {}
java.util.concurrent.ExecutionException: org.apache.ratis.thirdparty.io.grpc.StatusRuntimeException: UNAVAILABLE: io exception
	at java.util.concurrent.FutureTask.report(FutureTask.java:122)
	at java.util.concurrent.FutureTask.get(FutureTask.java:192)
	at org.apache.ratis.server.impl.LeaderElection.waitForResults(LeaderElection.java:259)
	at org.apache.ratis.server.impl.LeaderElection.askForVotes(LeaderElection.java:197)
	at org.apache.ratis.server.impl.LeaderElection.run(LeaderElection.java:133)
	at java.lang.Thread.run(Thread.java:748)
Caused by: org.apache.ratis.thirdparty.io.grpc.StatusRuntimeException: UNAVAILABLE: io exception
	at org.apache.ratis.thirdparty.io.grpc.stub.ClientCalls.toStatusRuntimeException(ClientCalls.java:233)
	at org.apache.ratis.thirdparty.io.grpc.stub.ClientCalls.getUnchecked(ClientCalls.java:214)
	at org.apache.ratis.thirdparty.io.grpc.stub.ClientCalls.blockingUnaryCall(ClientCalls.java:139)
	at org.apache.ratis.proto.grpc.RaftServerProtocolServiceGrpc$RaftServerProtocolServiceBlockingStub.requestVote(RaftServerProtocolServiceGrpc.java:265)
	at org.apache.ratis.grpc.server.GrpcServerProtocolClient.requestVote(GrpcServerProtocolClient.java:99)
	at org.apache.ratis.grpc.server.GrpcService.requestVote(GrpcService.java:204)
	at org.apache.ratis.server.impl.LeaderElection.lambda$submitRequests$1(LeaderElection.java:234)
	at java.util.concurrent.FutureTask.run(FutureTask.java:266)
	at java.util.concurrent.Executors$RunnableAdapter.call(Executors.java:511)
	at java.util.concurrent.FutureTask.run(FutureTask.java:266)
	at java.util.concurrent.ThreadPoolExecutor.runWorker(ThreadPoolExecutor.java:1149)
	at java.util.concurrent.ThreadPoolExecutor$Worker.run(ThreadPoolExecutor.java:624)
	... 1 more
Caused by: org.apache.ratis.thirdparty.io.netty.channel.AbstractChannel$AnnotatedConnectException: Connection refused: /192.168.157.251:42113
	at sun.nio.ch.SocketChannelImpl.checkConnect(Native Method)
	at sun.nio.ch.SocketChannelImpl.finishConnect(SocketChannelImpl.java:717)
	at org.apache.ratis.thirdparty.io.netty.channel.socket.nio.NioSocketChannel.doFinishConnect(NioSocketChannel.java:327)
	at org.apache.ratis.thirdparty.io.netty.channel.nio.AbstractNioChannel$AbstractNioUnsafe.finishConnect(AbstractNioChannel.java:340)
	at org.apache.ratis.thirdparty.io.netty.channel.nio.NioEventLoop.processSelectedKey(NioEventLoop.java:632)
	at org.apache.ratis.thirdparty.io.netty.channel.nio.NioEventLoop.processSelectedKeysOptimized(NioEventLoop.java:579)
	at org.apache.ratis.thirdparty.io.netty.channel.nio.NioEventLoop.processSelectedKeys(NioEventLoop.java:496)
	at org.apache.ratis.thirdparty.io.netty.channel.nio.NioEventLoop.run(NioEventLoop.java:458)
	at org.apache.ratis.thirdparty.io.netty.util.concurrent.SingleThreadEventExecutor$5.run(SingleThreadEventExecutor.java:897)
	at org.apache.ratis.thirdparty.io.netty.util.concurrent.FastThreadLocalRunnable.run(FastThreadLocalRunnable.java:30)
	... 1 more
Caused by: java.net.ConnectException: Connection refused
	... 11 more
2019-10-17 18:51:22,924 [a5e79c22-a35f-4e50-b1fd-e91b6a93d74d@group-F775CA5912AC-LeaderElection428] INFO  impl.RaftServerImpl (RaftServerImpl.java:setRole(184)) - a5e79c22-a35f-4e50-b1fd-e91b6a93d74d@group-F775CA5912AC: changes role from CANDIDATE to FOLLOWER at term 263 for DISCOVERED_A_NEW_TERM
2019-10-17 18:51:22,924 [a5e79c22-a35f-4e50-b1fd-e91b6a93d74d@group-F775CA5912AC-LeaderElection428] INFO  impl.RoleInfo (RoleInfo.java:shutdownLeaderElection(134)) - a5e79c22-a35f-4e50-b1fd-e91b6a93d74d: shutdown LeaderElection
2019-10-17 18:51:22,924 [a5e79c22-a35f-4e50-b1fd-e91b6a93d74d@group-F775CA5912AC-LeaderElection428] INFO  impl.RoleInfo (RoleInfo.java:updateAndGet(143)) - a5e79c22-a35f-4e50-b1fd-e91b6a93d74d: start FollowerState
2019-10-17 18:51:22,954 [Thread-3264] INFO  impl.FollowerState (FollowerState.java:run(108)) - a5e79c22-a35f-4e50-b1fd-e91b6a93d74d@group-F775CA5912AC-FollowerState: change to CANDIDATE, lastRpcTime:29ms, electionTimeout:29ms
2019-10-17 18:51:22,954 [Thread-3264] INFO  impl.RoleInfo (RoleInfo.java:shutdownFollowerState(121)) - a5e79c22-a35f-4e50-b1fd-e91b6a93d74d: shutdown FollowerState
2019-10-17 18:51:22,954 [Thread-3264] INFO  impl.RaftServerImpl (RaftServerImpl.java:setRole(184)) - a5e79c22-a35f-4e50-b1fd-e91b6a93d74d@group-F775CA5912AC: changes role from  FOLLOWER to CANDIDATE at term 263 for changeToCandidate
2019-10-17 18:51:22,954 [Thread-3264] INFO  impl.RoleInfo (RoleInfo.java:updateAndGet(143)) - a5e79c22-a35f-4e50-b1fd-e91b6a93d74d: start LeaderElection
2019-10-17 18:51:22,978 [a5e79c22-a35f-4e50-b1fd-e91b6a93d74d@group-F775CA5912AC-LeaderElection429] INFO  impl.LeaderElection (LeaderElection.java:askForVotes(178)) - a5e79c22-a35f-4e50-b1fd-e91b6a93d74d@group-F775CA5912AC-LeaderElection429: begin an election at term 264 for -1: [a5e79c22-a35f-4e50-b1fd-e91b6a93d74d:192.168.157.251:45177, daae7813-f814-475d-9647-a302a5541e36:192.168.157.251:45025, 1e4e1375-1b66-460f-8c99-4c341545a119:192.168.157.251:42113], old=null
2019-10-17 18:51:22,979 [a5e79c22-a35f-4e50-b1fd-e91b6a93d74d@group-F775CA5912AC-LeaderElection429] INFO  impl.LeaderElection (LogUtils.java:infoOrTrace(149)) - a5e79c22-a35f-4e50-b1fd-e91b6a93d74d@group-F775CA5912AC-LeaderElection429 got exception when requesting votes: {}
java.util.concurrent.ExecutionException: org.apache.ratis.thirdparty.io.grpc.StatusRuntimeException: UNAVAILABLE: io exception
	at java.util.concurrent.FutureTask.report(FutureTask.java:122)
	at java.util.concurrent.FutureTask.get(FutureTask.java:192)
	at org.apache.ratis.server.impl.LeaderElection.waitForResults(LeaderElection.java:259)
	at org.apache.ratis.server.impl.LeaderElection.askForVotes(LeaderElection.java:197)
	at org.apache.ratis.server.impl.LeaderElection.run(LeaderElection.java:133)
	at java.lang.Thread.run(Thread.java:748)
Caused by: org.apache.ratis.thirdparty.io.grpc.StatusRuntimeException: UNAVAILABLE: io exception
	at org.apache.ratis.thirdparty.io.grpc.stub.ClientCalls.toStatusRuntimeException(ClientCalls.java:233)
	at org.apache.ratis.thirdparty.io.grpc.stub.ClientCalls.getUnchecked(ClientCalls.java:214)
	at org.apache.ratis.thirdparty.io.grpc.stub.ClientCalls.blockingUnaryCall(ClientCalls.java:139)
	at org.apache.ratis.proto.grpc.RaftServerProtocolServiceGrpc$RaftServerProtocolServiceBlockingStub.requestVote(RaftServerProtocolServiceGrpc.java:265)
	at org.apache.ratis.grpc.server.GrpcServerProtocolClient.requestVote(GrpcServerProtocolClient.java:99)
	at org.apache.ratis.grpc.server.GrpcService.requestVote(GrpcService.java:204)
	at org.apache.ratis.server.impl.LeaderElection.lambda$submitRequests$1(LeaderElection.java:234)
	at java.util.concurrent.FutureTask.run(FutureTask.java:266)
	at java.util.concurrent.Executors$RunnableAdapter.call(Executors.java:511)
	at java.util.concurrent.FutureTask.run(FutureTask.java:266)
	at java.util.concurrent.ThreadPoolExecutor.runWorker(ThreadPoolExecutor.java:1149)
	at java.util.concurrent.ThreadPoolExecutor$Worker.run(ThreadPoolExecutor.java:624)
	... 1 more
Caused by: org.apache.ratis.thirdparty.io.netty.channel.AbstractChannel$AnnotatedConnectException: Connection refused: /192.168.157.251:42113
	at sun.nio.ch.SocketChannelImpl.checkConnect(Native Method)
	at sun.nio.ch.SocketChannelImpl.finishConnect(SocketChannelImpl.java:717)
	at org.apache.ratis.thirdparty.io.netty.channel.socket.nio.NioSocketChannel.doFinishConnect(NioSocketChannel.java:327)
	at org.apache.ratis.thirdparty.io.netty.channel.nio.AbstractNioChannel$AbstractNioUnsafe.finishConnect(AbstractNioChannel.java:340)
	at org.apache.ratis.thirdparty.io.netty.channel.nio.NioEventLoop.processSelectedKey(NioEventLoop.java:632)
	at org.apache.ratis.thirdparty.io.netty.channel.nio.NioEventLoop.processSelectedKeysOptimized(NioEventLoop.java:579)
	at org.apache.ratis.thirdparty.io.netty.channel.nio.NioEventLoop.processSelectedKeys(NioEventLoop.java:496)
	at org.apache.ratis.thirdparty.io.netty.channel.nio.NioEventLoop.run(NioEventLoop.java:458)
	at org.apache.ratis.thirdparty.io.netty.util.concurrent.SingleThreadEventExecutor$5.run(SingleThreadEventExecutor.java:897)
	at org.apache.ratis.thirdparty.io.netty.util.concurrent.FastThreadLocalRunnable.run(FastThreadLocalRunnable.java:30)
	... 1 more
Caused by: java.net.ConnectException: Connection refused
	... 11 more
2019-10-17 18:51:22,980 [a5e79c22-a35f-4e50-b1fd-e91b6a93d74d@group-F775CA5912AC-LeaderElection429] INFO  impl.LeaderElection (LogUtils.java:infoOrTrace(149)) - a5e79c22-a35f-4e50-b1fd-e91b6a93d74d@group-F775CA5912AC-LeaderElection429 got exception when requesting votes: {}
java.util.concurrent.ExecutionException: org.apache.ratis.thirdparty.io.grpc.StatusRuntimeException: UNAVAILABLE: io exception
	at java.util.concurrent.FutureTask.report(FutureTask.java:122)
	at java.util.concurrent.FutureTask.get(FutureTask.java:192)
	at org.apache.ratis.server.impl.LeaderElection.waitForResults(LeaderElection.java:259)
	at org.apache.ratis.server.impl.LeaderElection.askForVotes(LeaderElection.java:197)
	at org.apache.ratis.server.impl.LeaderElection.run(LeaderElection.java:133)
	at java.lang.Thread.run(Thread.java:748)
Caused by: org.apache.ratis.thirdparty.io.grpc.StatusRuntimeException: UNAVAILABLE: io exception
	at org.apache.ratis.thirdparty.io.grpc.stub.ClientCalls.toStatusRuntimeException(ClientCalls.java:233)
	at org.apache.ratis.thirdparty.io.grpc.stub.ClientCalls.getUnchecked(ClientCalls.java:214)
	at org.apache.ratis.thirdparty.io.grpc.stub.ClientCalls.blockingUnaryCall(ClientCalls.java:139)
	at org.apache.ratis.proto.grpc.RaftServerProtocolServiceGrpc$RaftServerProtocolServiceBlockingStub.requestVote(RaftServerProtocolServiceGrpc.java:265)
	at org.apache.ratis.grpc.server.GrpcServerProtocolClient.requestVote(GrpcServerProtocolClient.java:99)
	at org.apache.ratis.grpc.server.GrpcService.requestVote(GrpcService.java:204)
	at org.apache.ratis.server.impl.LeaderElection.lambda$submitRequests$1(LeaderElection.java:234)
	at java.util.concurrent.FutureTask.run(FutureTask.java:266)
	at java.util.concurrent.Executors$RunnableAdapter.call(Executors.java:511)
	at java.util.concurrent.FutureTask.run(FutureTask.java:266)
	at java.util.concurrent.ThreadPoolExecutor.runWorker(ThreadPoolExecutor.java:1149)
	at java.util.concurrent.ThreadPoolExecutor$Worker.run(ThreadPoolExecutor.java:624)
	... 1 more
Caused by: org.apache.ratis.thirdparty.io.netty.channel.AbstractChannel$AnnotatedConnectException: Connection refused: /192.168.157.251:45025
	at sun.nio.ch.SocketChannelImpl.checkConnect(Native Method)
	at sun.nio.ch.SocketChannelImpl.finishConnect(SocketChannelImpl.java:717)
	at org.apache.ratis.thirdparty.io.netty.channel.socket.nio.NioSocketChannel.doFinishConnect(NioSocketChannel.java:327)
	at org.apache.ratis.thirdparty.io.netty.channel.nio.AbstractNioChannel$AbstractNioUnsafe.finishConnect(AbstractNioChannel.java:340)
	at org.apache.ratis.thirdparty.io.netty.channel.nio.NioEventLoop.processSelectedKey(NioEventLoop.java:632)
	at org.apache.ratis.thirdparty.io.netty.channel.nio.NioEventLoop.processSelectedKeysOptimized(NioEventLoop.java:579)
	at org.apache.ratis.thirdparty.io.netty.channel.nio.NioEventLoop.processSelectedKeys(NioEventLoop.java:496)
	at org.apache.ratis.thirdparty.io.netty.channel.nio.NioEventLoop.run(NioEventLoop.java:458)
	at org.apache.ratis.thirdparty.io.netty.util.concurrent.SingleThreadEventExecutor$5.run(SingleThreadEventExecutor.java:897)
	at org.apache.ratis.thirdparty.io.netty.util.concurrent.FastThreadLocalRunnable.run(FastThreadLocalRunnable.java:30)
	... 1 more
Caused by: java.net.ConnectException: Connection refused
	... 11 more
2019-10-17 18:51:22,980 [a5e79c22-a35f-4e50-b1fd-e91b6a93d74d@group-F775CA5912AC-LeaderElection429] INFO  impl.LeaderElection (LeaderElection.java:logAndReturn(56)) - a5e79c22-a35f-4e50-b1fd-e91b6a93d74d@group-F775CA5912AC-LeaderElection429: Election REJECTED; received 0 response(s) [] and 2 exception(s); a5e79c22-a35f-4e50-b1fd-e91b6a93d74d@group-F775CA5912AC:t264, leader=null, voted=a5e79c22-a35f-4e50-b1fd-e91b6a93d74d, raftlog=a5e79c22-a35f-4e50-b1fd-e91b6a93d74d@group-F775CA5912AC-SegmentedRaftLog:OPENED:c-1,f-1,i0, conf=-1: [a5e79c22-a35f-4e50-b1fd-e91b6a93d74d:192.168.157.251:45177, daae7813-f814-475d-9647-a302a5541e36:192.168.157.251:45025, 1e4e1375-1b66-460f-8c99-4c341545a119:192.168.157.251:42113], old=null
2019-10-17 18:51:22,980 [a5e79c22-a35f-4e50-b1fd-e91b6a93d74d@group-F775CA5912AC-LeaderElection429] INFO  impl.LeaderElection (LogUtils.java:infoOrTrace(149)) -   Exception 0: {}
java.util.concurrent.ExecutionException: org.apache.ratis.thirdparty.io.grpc.StatusRuntimeException: UNAVAILABLE: io exception
	at java.util.concurrent.FutureTask.report(FutureTask.java:122)
	at java.util.concurrent.FutureTask.get(FutureTask.java:192)
	at org.apache.ratis.server.impl.LeaderElection.waitForResults(LeaderElection.java:259)
	at org.apache.ratis.server.impl.LeaderElection.askForVotes(LeaderElection.java:197)
	at org.apache.ratis.server.impl.LeaderElection.run(LeaderElection.java:133)
	at java.lang.Thread.run(Thread.java:748)
Caused by: org.apache.ratis.thirdparty.io.grpc.StatusRuntimeException: UNAVAILABLE: io exception
	at org.apache.ratis.thirdparty.io.grpc.stub.ClientCalls.toStatusRuntimeException(ClientCalls.java:233)
	at org.apache.ratis.thirdparty.io.grpc.stub.ClientCalls.getUnchecked(ClientCalls.java:214)
	at org.apache.ratis.thirdparty.io.grpc.stub.ClientCalls.blockingUnaryCall(ClientCalls.java:139)
	at org.apache.ratis.proto.grpc.RaftServerProtocolServiceGrpc$RaftServerProtocolServiceBlockingStub.requestVote(RaftServerProtocolServiceGrpc.java:265)
	at org.apache.ratis.grpc.server.GrpcServerProtocolClient.requestVote(GrpcServerProtocolClient.java:99)
	at org.apache.ratis.grpc.server.GrpcService.requestVote(GrpcService.java:204)
	at org.apache.ratis.server.impl.LeaderElection.lambda$submitRequests$1(LeaderElection.java:234)
	at java.util.concurrent.FutureTask.run(FutureTask.java:266)
	at java.util.concurrent.Executors$RunnableAdapter.call(Executors.java:511)
	at java.util.concurrent.FutureTask.run(FutureTask.java:266)
	at java.util.concurrent.ThreadPoolExecutor.runWorker(ThreadPoolExecutor.java:1149)
	at java.util.concurrent.ThreadPoolExecutor$Worker.run(ThreadPoolExecutor.java:624)
	... 1 more
Caused by: org.apache.ratis.thirdparty.io.netty.channel.AbstractChannel$AnnotatedConnectException: Connection refused: /192.168.157.251:42113
	at sun.nio.ch.SocketChannelImpl.checkConnect(Native Method)
	at sun.nio.ch.SocketChannelImpl.finishConnect(SocketChannelImpl.java:717)
	at org.apache.ratis.thirdparty.io.netty.channel.socket.nio.NioSocketChannel.doFinishConnect(NioSocketChannel.java:327)
	at org.apache.ratis.thirdparty.io.netty.channel.nio.AbstractNioChannel$AbstractNioUnsafe.finishConnect(AbstractNioChannel.java:340)
	at org.apache.ratis.thirdparty.io.netty.channel.nio.NioEventLoop.processSelectedKey(NioEventLoop.java:632)
	at org.apache.ratis.thirdparty.io.netty.channel.nio.NioEventLoop.processSelectedKeysOptimized(NioEventLoop.java:579)
	at org.apache.ratis.thirdparty.io.netty.channel.nio.NioEventLoop.processSelectedKeys(NioEventLoop.java:496)
	at org.apache.ratis.thirdparty.io.netty.channel.nio.NioEventLoop.run(NioEventLoop.java:458)
	at org.apache.ratis.thirdparty.io.netty.util.concurrent.SingleThreadEventExecutor$5.run(SingleThreadEventExecutor.java:897)
	at org.apache.ratis.thirdparty.io.netty.util.concurrent.FastThreadLocalRunnable.run(FastThreadLocalRunnable.java:30)
	... 1 more
Caused by: java.net.ConnectException: Connection refused
	... 11 more
2019-10-17 18:51:22,981 [a5e79c22-a35f-4e50-b1fd-e91b6a93d74d@group-F775CA5912AC-LeaderElection429] INFO  impl.LeaderElection (LogUtils.java:infoOrTrace(149)) -   Exception 1: {}
java.util.concurrent.ExecutionException: org.apache.ratis.thirdparty.io.grpc.StatusRuntimeException: UNAVAILABLE: io exception
	at java.util.concurrent.FutureTask.report(FutureTask.java:122)
	at java.util.concurrent.FutureTask.get(FutureTask.java:192)
	at org.apache.ratis.server.impl.LeaderElection.waitForResults(LeaderElection.java:259)
	at org.apache.ratis.server.impl.LeaderElection.askForVotes(LeaderElection.java:197)
	at org.apache.ratis.server.impl.LeaderElection.run(LeaderElection.java:133)
	at java.lang.Thread.run(Thread.java:748)
Caused by: org.apache.ratis.thirdparty.io.grpc.StatusRuntimeException: UNAVAILABLE: io exception
	at org.apache.ratis.thirdparty.io.grpc.stub.ClientCalls.toStatusRuntimeException(ClientCalls.java:233)
	at org.apache.ratis.thirdparty.io.grpc.stub.ClientCalls.getUnchecked(ClientCalls.java:214)
	at org.apache.ratis.thirdparty.io.grpc.stub.ClientCalls.blockingUnaryCall(ClientCalls.java:139)
	at org.apache.ratis.proto.grpc.RaftServerProtocolServiceGrpc$RaftServerProtocolServiceBlockingStub.requestVote(RaftServerProtocolServiceGrpc.java:265)
	at org.apache.ratis.grpc.server.GrpcServerProtocolClient.requestVote(GrpcServerProtocolClient.java:99)
	at org.apache.ratis.grpc.server.GrpcService.requestVote(GrpcService.java:204)
	at org.apache.ratis.server.impl.LeaderElection.lambda$submitRequests$1(LeaderElection.java:234)
	at java.util.concurrent.FutureTask.run(FutureTask.java:266)
	at java.util.concurrent.Executors$RunnableAdapter.call(Executors.java:511)
	at java.util.concurrent.FutureTask.run(FutureTask.java:266)
	at java.util.concurrent.ThreadPoolExecutor.runWorker(ThreadPoolExecutor.java:1149)
	at java.util.concurrent.ThreadPoolExecutor$Worker.run(ThreadPoolExecutor.java:624)
	... 1 more
Caused by: org.apache.ratis.thirdparty.io.netty.channel.AbstractChannel$AnnotatedConnectException: Connection refused: /192.168.157.251:45025
	at sun.nio.ch.SocketChannelImpl.checkConnect(Native Method)
	at sun.nio.ch.SocketChannelImpl.finishConnect(SocketChannelImpl.java:717)
	at org.apache.ratis.thirdparty.io.netty.channel.socket.nio.NioSocketChannel.doFinishConnect(NioSocketChannel.java:327)
	at org.apache.ratis.thirdparty.io.netty.channel.nio.AbstractNioChannel$AbstractNioUnsafe.finishConnect(AbstractNioChannel.java:340)
	at org.apache.ratis.thirdparty.io.netty.channel.nio.NioEventLoop.processSelectedKey(NioEventLoop.java:632)
	at org.apache.ratis.thirdparty.io.netty.channel.nio.NioEventLoop.processSelectedKeysOptimized(NioEventLoop.java:579)
	at org.apache.ratis.thirdparty.io.netty.channel.nio.NioEventLoop.processSelectedKeys(NioEventLoop.java:496)
	at org.apache.ratis.thirdparty.io.netty.channel.nio.NioEventLoop.run(NioEventLoop.java:458)
	at org.apache.ratis.thirdparty.io.netty.util.concurrent.SingleThreadEventExecutor$5.run(SingleThreadEventExecutor.java:897)
	at org.apache.ratis.thirdparty.io.netty.util.concurrent.FastThreadLocalRunnable.run(FastThreadLocalRunnable.java:30)
	... 1 more
Caused by: java.net.ConnectException: Connection refused
	... 11 more
2019-10-17 18:51:22,981 [a5e79c22-a35f-4e50-b1fd-e91b6a93d74d@group-F775CA5912AC-LeaderElection429] INFO  impl.RaftServerImpl (RaftServerImpl.java:setRole(184)) - a5e79c22-a35f-4e50-b1fd-e91b6a93d74d@group-F775CA5912AC: changes role from CANDIDATE to FOLLOWER at term 264 for DISCOVERED_A_NEW_TERM
2019-10-17 18:51:23,192 [a5e79c22-a35f-4e50-b1fd-e91b6a93d74d@group-F775CA5912AC-LeaderElection429] INFO  impl.RoleInfo (RoleInfo.java:shutdownLeaderElection(134)) - a5e79c22-a35f-4e50-b1fd-e91b6a93d74d: shutdown LeaderElection
2019-10-17 18:51:23,196 [a5e79c22-a35f-4e50-b1fd-e91b6a93d74d@group-F775CA5912AC-LeaderElection429] INFO  impl.RoleInfo (RoleInfo.java:updateAndGet(143)) - a5e79c22-a35f-4e50-b1fd-e91b6a93d74d: start FollowerState
2019-10-17 18:51:23,354 [Thread-3268] INFO  impl.FollowerState (FollowerState.java:run(108)) - a5e79c22-a35f-4e50-b1fd-e91b6a93d74d@group-F775CA5912AC-FollowerState: change to CANDIDATE, lastRpcTime:157ms, electionTimeout:146ms
2019-10-17 18:51:23,354 [Thread-3268] INFO  impl.RoleInfo (RoleInfo.java:shutdownFollowerState(121)) - a5e79c22-a35f-4e50-b1fd-e91b6a93d74d: shutdown FollowerState
2019-10-17 18:51:23,354 [Thread-3268] INFO  impl.RaftServerImpl (RaftServerImpl.java:setRole(184)) - a5e79c22-a35f-4e50-b1fd-e91b6a93d74d@group-F775CA5912AC: changes role from  FOLLOWER to CANDIDATE at term 264 for changeToCandidate
2019-10-17 18:51:23,354 [Thread-3268] INFO  impl.RoleInfo (RoleInfo.java:updateAndGet(143)) - a5e79c22-a35f-4e50-b1fd-e91b6a93d74d: start LeaderElection
2019-10-17 18:51:23,369 [java.util.concurrent.ThreadPoolExecutor$Worker@5bc0d76f[State = -1, empty queue]] WARN  server.GrpcLogAppender (GrpcLogAppender.java:timeoutAppendRequest(209)) - 8f4f8799-ef18-41e5-9bb8-2f724208e999@group-9D6F8169C5E6->0fe4833c-4439-4309-b94b-508419b07a37-GrpcLogAppender: appendEntries Timeout, request=8f4f8799-ef18-41e5-9bb8-2f724208e999->0fe4833c-4439-4309-b94b-508419b07a37#88-t7, previous=(t:7, i:19), leaderCommit=19, initializing? false, entries: <empty>
2019-10-17 18:51:23,394 [java.util.concurrent.ThreadPoolExecutor$Worker@29d0258b[State = -1, empty queue]] WARN  server.GrpcLogAppender (GrpcLogAppender.java:timeoutAppendRequest(209)) - 8f4f8799-ef18-41e5-9bb8-2f724208e999@group-9D6F8169C5E6->de8c9e34-1a4b-4ad8-952a-c65e9c1604e8-GrpcLogAppender: appendEntries Timeout, request=8f4f8799-ef18-41e5-9bb8-2f724208e999->de8c9e34-1a4b-4ad8-952a-c65e9c1604e8#88-t7, previous=(t:7, i:19), leaderCommit=19, initializing? false, entries: <empty>
2019-10-17 18:51:23,420 [a5e79c22-a35f-4e50-b1fd-e91b6a93d74d@group-F775CA5912AC-LeaderElection430] INFO  impl.LeaderElection (LeaderElection.java:askForVotes(178)) - a5e79c22-a35f-4e50-b1fd-e91b6a93d74d@group-F775CA5912AC-LeaderElection430: begin an election at term 265 for -1: [a5e79c22-a35f-4e50-b1fd-e91b6a93d74d:192.168.157.251:45177, daae7813-f814-475d-9647-a302a5541e36:192.168.157.251:45025, 1e4e1375-1b66-460f-8c99-4c341545a119:192.168.157.251:42113], old=null
2019-10-17 18:51:23,421 [a5e79c22-a35f-4e50-b1fd-e91b6a93d74d@group-F775CA5912AC-LeaderElection430] INFO  impl.LeaderElection (LogUtils.java:infoOrTrace(149)) - a5e79c22-a35f-4e50-b1fd-e91b6a93d74d@group-F775CA5912AC-LeaderElection430 got exception when requesting votes: {}
java.util.concurrent.ExecutionException: org.apache.ratis.thirdparty.io.grpc.StatusRuntimeException: UNAVAILABLE: io exception
	at java.util.concurrent.FutureTask.report(FutureTask.java:122)
	at java.util.concurrent.FutureTask.get(FutureTask.java:192)
	at org.apache.ratis.server.impl.LeaderElection.waitForResults(LeaderElection.java:259)
	at org.apache.ratis.server.impl.LeaderElection.askForVotes(LeaderElection.java:197)
	at org.apache.ratis.server.impl.LeaderElection.run(LeaderElection.java:133)
	at java.lang.Thread.run(Thread.java:748)
Caused by: org.apache.ratis.thirdparty.io.grpc.StatusRuntimeException: UNAVAILABLE: io exception
	at org.apache.ratis.thirdparty.io.grpc.stub.ClientCalls.toStatusRuntimeException(ClientCalls.java:233)
	at org.apache.ratis.thirdparty.io.grpc.stub.ClientCalls.getUnchecked(ClientCalls.java:214)
	at org.apache.ratis.thirdparty.io.grpc.stub.ClientCalls.blockingUnaryCall(ClientCalls.java:139)
	at org.apache.ratis.proto.grpc.RaftServerProtocolServiceGrpc$RaftServerProtocolServiceBlockingStub.requestVote(RaftServerProtocolServiceGrpc.java:265)
	at org.apache.ratis.grpc.server.GrpcServerProtocolClient.requestVote(GrpcServerProtocolClient.java:99)
	at org.apache.ratis.grpc.server.GrpcService.requestVote(GrpcService.java:204)
	at org.apache.ratis.server.impl.LeaderElection.lambda$submitRequests$1(LeaderElection.java:234)
	at java.util.concurrent.FutureTask.run(FutureTask.java:266)
	at java.util.concurrent.Executors$RunnableAdapter.call(Executors.java:511)
	at java.util.concurrent.FutureTask.run(FutureTask.java:266)
	at java.util.concurrent.ThreadPoolExecutor.runWorker(ThreadPoolExecutor.java:1149)
	at java.util.concurrent.ThreadPoolExecutor$Worker.run(ThreadPoolExecutor.java:624)
	... 1 more
Caused by: org.apache.ratis.thirdparty.io.netty.channel.AbstractChannel$AnnotatedConnectException: Connection refused: /192.168.157.251:45025
	at sun.nio.ch.SocketChannelImpl.checkConnect(Native Method)
	at sun.nio.ch.SocketChannelImpl.finishConnect(SocketChannelImpl.java:717)
	at org.apache.ratis.thirdparty.io.netty.channel.socket.nio.NioSocketChannel.doFinishConnect(NioSocketChannel.java:327)
	at org.apache.ratis.thirdparty.io.netty.channel.nio.AbstractNioChannel$AbstractNioUnsafe.finishConnect(AbstractNioChannel.java:340)
	at org.apache.ratis.thirdparty.io.netty.channel.nio.NioEventLoop.processSelectedKey(NioEventLoop.java:632)
	at org.apache.ratis.thirdparty.io.netty.channel.nio.NioEventLoop.processSelectedKeysOptimized(NioEventLoop.java:579)
	at org.apache.ratis.thirdparty.io.netty.channel.nio.NioEventLoop.processSelectedKeys(NioEventLoop.java:496)
	at org.apache.ratis.thirdparty.io.netty.channel.nio.NioEventLoop.run(NioEventLoop.java:458)
	at org.apache.ratis.thirdparty.io.netty.util.concurrent.SingleThreadEventExecutor$5.run(SingleThreadEventExecutor.java:897)
	at org.apache.ratis.thirdparty.io.netty.util.concurrent.FastThreadLocalRunnable.run(FastThreadLocalRunnable.java:30)
	... 1 more
Caused by: java.net.ConnectException: Connection refused
	... 11 more
2019-10-17 18:51:23,422 [a5e79c22-a35f-4e50-b1fd-e91b6a93d74d@group-F775CA5912AC-LeaderElection430] INFO  impl.LeaderElection (LogUtils.java:infoOrTrace(149)) - a5e79c22-a35f-4e50-b1fd-e91b6a93d74d@group-F775CA5912AC-LeaderElection430 got exception when requesting votes: {}
java.util.concurrent.ExecutionException: org.apache.ratis.thirdparty.io.grpc.StatusRuntimeException: UNAVAILABLE: io exception
	at java.util.concurrent.FutureTask.report(FutureTask.java:122)
	at java.util.concurrent.FutureTask.get(FutureTask.java:192)
	at org.apache.ratis.server.impl.LeaderElection.waitForResults(LeaderElection.java:259)
	at org.apache.ratis.server.impl.LeaderElection.askForVotes(LeaderElection.java:197)
	at org.apache.ratis.server.impl.LeaderElection.run(LeaderElection.java:133)
	at java.lang.Thread.run(Thread.java:748)
Caused by: org.apache.ratis.thirdparty.io.grpc.StatusRuntimeException: UNAVAILABLE: io exception
	at org.apache.ratis.thirdparty.io.grpc.stub.ClientCalls.toStatusRuntimeException(ClientCalls.java:233)
	at org.apache.ratis.thirdparty.io.grpc.stub.ClientCalls.getUnchecked(ClientCalls.java:214)
	at org.apache.ratis.thirdparty.io.grpc.stub.ClientCalls.blockingUnaryCall(ClientCalls.java:139)
	at org.apache.ratis.proto.grpc.RaftServerProtocolServiceGrpc$RaftServerProtocolServiceBlockingStub.requestVote(RaftServerProtocolServiceGrpc.java:265)
	at org.apache.ratis.grpc.server.GrpcServerProtocolClient.requestVote(GrpcServerProtocolClient.java:99)
	at org.apache.ratis.grpc.server.GrpcService.requestVote(GrpcService.java:204)
	at org.apache.ratis.server.impl.LeaderElection.lambda$submitRequests$1(LeaderElection.java:234)
	at java.util.concurrent.FutureTask.run(FutureTask.java:266)
	at java.util.concurrent.Executors$RunnableAdapter.call(Executors.java:511)
	at java.util.concurrent.FutureTask.run(FutureTask.java:266)
	at java.util.concurrent.ThreadPoolExecutor.runWorker(ThreadPoolExecutor.java:1149)
	at java.util.concurrent.ThreadPoolExecutor$Worker.run(ThreadPoolExecutor.java:624)
	... 1 more
Caused by: org.apache.ratis.thirdparty.io.netty.channel.AbstractChannel$AnnotatedConnectException: Connection refused: /192.168.157.251:42113
	at sun.nio.ch.SocketChannelImpl.checkConnect(Native Method)
	at sun.nio.ch.SocketChannelImpl.finishConnect(SocketChannelImpl.java:717)
	at org.apache.ratis.thirdparty.io.netty.channel.socket.nio.NioSocketChannel.doFinishConnect(NioSocketChannel.java:327)
	at org.apache.ratis.thirdparty.io.netty.channel.nio.AbstractNioChannel$AbstractNioUnsafe.finishConnect(AbstractNioChannel.java:340)
	at org.apache.ratis.thirdparty.io.netty.channel.nio.NioEventLoop.processSelectedKey(NioEventLoop.java:632)
	at org.apache.ratis.thirdparty.io.netty.channel.nio.NioEventLoop.processSelectedKeysOptimized(NioEventLoop.java:579)
	at org.apache.ratis.thirdparty.io.netty.channel.nio.NioEventLoop.processSelectedKeys(NioEventLoop.java:496)
	at org.apache.ratis.thirdparty.io.netty.channel.nio.NioEventLoop.run(NioEventLoop.java:458)
	at org.apache.ratis.thirdparty.io.netty.util.concurrent.SingleThreadEventExecutor$5.run(SingleThreadEventExecutor.java:897)
	at org.apache.ratis.thirdparty.io.netty.util.concurrent.FastThreadLocalRunnable.run(FastThreadLocalRunnable.java:30)
	... 1 more
Caused by: java.net.ConnectException: Connection refused
	... 11 more
2019-10-17 18:51:23,422 [a5e79c22-a35f-4e50-b1fd-e91b6a93d74d@group-F775CA5912AC-LeaderElection430] INFO  impl.LeaderElection (LeaderElection.java:logAndReturn(56)) - a5e79c22-a35f-4e50-b1fd-e91b6a93d74d@group-F775CA5912AC-LeaderElection430: Election REJECTED; received 0 response(s) [] and 2 exception(s); a5e79c22-a35f-4e50-b1fd-e91b6a93d74d@group-F775CA5912AC:t265, leader=null, voted=a5e79c22-a35f-4e50-b1fd-e91b6a93d74d, raftlog=a5e79c22-a35f-4e50-b1fd-e91b6a93d74d@group-F775CA5912AC-SegmentedRaftLog:OPENED:c-1,f-1,i0, conf=-1: [a5e79c22-a35f-4e50-b1fd-e91b6a93d74d:192.168.157.251:45177, daae7813-f814-475d-9647-a302a5541e36:192.168.157.251:45025, 1e4e1375-1b66-460f-8c99-4c341545a119:192.168.157.251:42113], old=null
2019-10-17 18:51:23,422 [a5e79c22-a35f-4e50-b1fd-e91b6a93d74d@group-F775CA5912AC-LeaderElection430] INFO  impl.LeaderElection (LogUtils.java:infoOrTrace(149)) -   Exception 0: {}
java.util.concurrent.ExecutionException: org.apache.ratis.thirdparty.io.grpc.StatusRuntimeException: UNAVAILABLE: io exception
	at java.util.concurrent.FutureTask.report(FutureTask.java:122)
	at java.util.concurrent.FutureTask.get(FutureTask.java:192)
	at org.apache.ratis.server.impl.LeaderElection.waitForResults(LeaderElection.java:259)
	at org.apache.ratis.server.impl.LeaderElection.askForVotes(LeaderElection.java:197)
	at org.apache.ratis.server.impl.LeaderElection.run(LeaderElection.java:133)
	at java.lang.Thread.run(Thread.java:748)
Caused by: org.apache.ratis.thirdparty.io.grpc.StatusRuntimeException: UNAVAILABLE: io exception
	at org.apache.ratis.thirdparty.io.grpc.stub.ClientCalls.toStatusRuntimeException(ClientCalls.java:233)
	at org.apache.ratis.thirdparty.io.grpc.stub.ClientCalls.getUnchecked(ClientCalls.java:214)
	at org.apache.ratis.thirdparty.io.grpc.stub.ClientCalls.blockingUnaryCall(ClientCalls.java:139)
	at org.apache.ratis.proto.grpc.RaftServerProtocolServiceGrpc$RaftServerProtocolServiceBlockingStub.requestVote(RaftServerProtocolServiceGrpc.java:265)
	at org.apache.ratis.grpc.server.GrpcServerProtocolClient.requestVote(GrpcServerProtocolClient.java:99)
	at org.apache.ratis.grpc.server.GrpcService.requestVote(GrpcService.java:204)
	at org.apache.ratis.server.impl.LeaderElection.lambda$submitRequests$1(LeaderElection.java:234)
	at java.util.concurrent.FutureTask.run(FutureTask.java:266)
	at java.util.concurrent.Executors$RunnableAdapter.call(Executors.java:511)
	at java.util.concurrent.FutureTask.run(FutureTask.java:266)
	at java.util.concurrent.ThreadPoolExecutor.runWorker(ThreadPoolExecutor.java:1149)
	at java.util.concurrent.ThreadPoolExecutor$Worker.run(ThreadPoolExecutor.java:624)
	... 1 more
Caused by: org.apache.ratis.thirdparty.io.netty.channel.AbstractChannel$AnnotatedConnectException: Connection refused: /192.168.157.251:45025
	at sun.nio.ch.SocketChannelImpl.checkConnect(Native Method)
	at sun.nio.ch.SocketChannelImpl.finishConnect(SocketChannelImpl.java:717)
	at org.apache.ratis.thirdparty.io.netty.channel.socket.nio.NioSocketChannel.doFinishConnect(NioSocketChannel.java:327)
	at org.apache.ratis.thirdparty.io.netty.channel.nio.AbstractNioChannel$AbstractNioUnsafe.finishConnect(AbstractNioChannel.java:340)
	at org.apache.ratis.thirdparty.io.netty.channel.nio.NioEventLoop.processSelectedKey(NioEventLoop.java:632)
	at org.apache.ratis.thirdparty.io.netty.channel.nio.NioEventLoop.processSelectedKeysOptimized(NioEventLoop.java:579)
	at org.apache.ratis.thirdparty.io.netty.channel.nio.NioEventLoop.processSelectedKeys(NioEventLoop.java:496)
	at org.apache.ratis.thirdparty.io.netty.channel.nio.NioEventLoop.run(NioEventLoop.java:458)
	at org.apache.ratis.thirdparty.io.netty.util.concurrent.SingleThreadEventExecutor$5.run(SingleThreadEventExecutor.java:897)
	at org.apache.ratis.thirdparty.io.netty.util.concurrent.FastThreadLocalRunnable.run(FastThreadLocalRunnable.java:30)
	... 1 more
Caused by: java.net.ConnectException: Connection refused
	... 11 more
2019-10-17 18:51:23,422 [a5e79c22-a35f-4e50-b1fd-e91b6a93d74d@group-F775CA5912AC-LeaderElection430] INFO  impl.LeaderElection (LogUtils.java:infoOrTrace(149)) -   Exception 1: {}
java.util.concurrent.ExecutionException: org.apache.ratis.thirdparty.io.grpc.StatusRuntimeException: UNAVAILABLE: io exception
	at java.util.concurrent.FutureTask.report(FutureTask.java:122)
	at java.util.concurrent.FutureTask.get(FutureTask.java:192)
	at org.apache.ratis.server.impl.LeaderElection.waitForResults(LeaderElection.java:259)
	at org.apache.ratis.server.impl.LeaderElection.askForVotes(LeaderElection.java:197)
	at org.apache.ratis.server.impl.LeaderElection.run(LeaderElection.java:133)
	at java.lang.Thread.run(Thread.java:748)
Caused by: org.apache.ratis.thirdparty.io.grpc.StatusRuntimeException: UNAVAILABLE: io exception
	at org.apache.ratis.thirdparty.io.grpc.stub.ClientCalls.toStatusRuntimeException(ClientCalls.java:233)
	at org.apache.ratis.thirdparty.io.grpc.stub.ClientCalls.getUnchecked(ClientCalls.java:214)
	at org.apache.ratis.thirdparty.io.grpc.stub.ClientCalls.blockingUnaryCall(ClientCalls.java:139)
	at org.apache.ratis.proto.grpc.RaftServerProtocolServiceGrpc$RaftServerProtocolServiceBlockingStub.requestVote(RaftServerProtocolServiceGrpc.java:265)
	at org.apache.ratis.grpc.server.GrpcServerProtocolClient.requestVote(GrpcServerProtocolClient.java:99)
	at org.apache.ratis.grpc.server.GrpcService.requestVote(GrpcService.java:204)
	at org.apache.ratis.server.impl.LeaderElection.lambda$submitRequests$1(LeaderElection.java:234)
	at java.util.concurrent.FutureTask.run(FutureTask.java:266)
	at java.util.concurrent.Executors$RunnableAdapter.call(Executors.java:511)
	at java.util.concurrent.FutureTask.run(FutureTask.java:266)
	at java.util.concurrent.ThreadPoolExecutor.runWorker(ThreadPoolExecutor.java:1149)
	at java.util.concurrent.ThreadPoolExecutor$Worker.run(ThreadPoolExecutor.java:624)
	... 1 more
Caused by: org.apache.ratis.thirdparty.io.netty.channel.AbstractChannel$AnnotatedConnectException: Connection refused: /192.168.157.251:42113
	at sun.nio.ch.SocketChannelImpl.checkConnect(Native Method)
	at sun.nio.ch.SocketChannelImpl.finishConnect(SocketChannelImpl.java:717)
	at org.apache.ratis.thirdparty.io.netty.channel.socket.nio.NioSocketChannel.doFinishConnect(NioSocketChannel.java:327)
	at org.apache.ratis.thirdparty.io.netty.channel.nio.AbstractNioChannel$AbstractNioUnsafe.finishConnect(AbstractNioChannel.java:340)
	at org.apache.ratis.thirdparty.io.netty.channel.nio.NioEventLoop.processSelectedKey(NioEventLoop.java:632)
	at org.apache.ratis.thirdparty.io.netty.channel.nio.NioEventLoop.processSelectedKeysOptimized(NioEventLoop.java:579)
	at org.apache.ratis.thirdparty.io.netty.channel.nio.NioEventLoop.processSelectedKeys(NioEventLoop.java:496)
	at org.apache.ratis.thirdparty.io.netty.channel.nio.NioEventLoop.run(NioEventLoop.java:458)
	at org.apache.ratis.thirdparty.io.netty.util.concurrent.SingleThreadEventExecutor$5.run(SingleThreadEventExecutor.java:897)
	at org.apache.ratis.thirdparty.io.netty.util.concurrent.FastThreadLocalRunnable.run(FastThreadLocalRunnable.java:30)
	... 1 more
Caused by: java.net.ConnectException: Connection refused
	... 11 more
2019-10-17 18:51:23,423 [a5e79c22-a35f-4e50-b1fd-e91b6a93d74d@group-F775CA5912AC-LeaderElection430] INFO  impl.RaftServerImpl (RaftServerImpl.java:setRole(184)) - a5e79c22-a35f-4e50-b1fd-e91b6a93d74d@group-F775CA5912AC: changes role from CANDIDATE to FOLLOWER at term 265 for DISCOVERED_A_NEW_TERM
2019-10-17 18:51:23,423 [a5e79c22-a35f-4e50-b1fd-e91b6a93d74d@group-F775CA5912AC-LeaderElection430] INFO  impl.RoleInfo (RoleInfo.java:shutdownLeaderElection(134)) - a5e79c22-a35f-4e50-b1fd-e91b6a93d74d: shutdown LeaderElection
2019-10-17 18:51:23,423 [a5e79c22-a35f-4e50-b1fd-e91b6a93d74d@group-F775CA5912AC-LeaderElection430] INFO  impl.RoleInfo (RoleInfo.java:updateAndGet(143)) - a5e79c22-a35f-4e50-b1fd-e91b6a93d74d: start FollowerState
2019-10-17 18:51:23,513 [Thread-3272] INFO  impl.FollowerState (FollowerState.java:run(108)) - a5e79c22-a35f-4e50-b1fd-e91b6a93d74d@group-F775CA5912AC-FollowerState: change to CANDIDATE, lastRpcTime:90ms, electionTimeout:90ms
2019-10-17 18:51:23,513 [Thread-3272] INFO  impl.RoleInfo (RoleInfo.java:shutdownFollowerState(121)) - a5e79c22-a35f-4e50-b1fd-e91b6a93d74d: shutdown FollowerState
2019-10-17 18:51:23,514 [Thread-3272] INFO  impl.RaftServerImpl (RaftServerImpl.java:setRole(184)) - a5e79c22-a35f-4e50-b1fd-e91b6a93d74d@group-F775CA5912AC: changes role from  FOLLOWER to CANDIDATE at term 265 for changeToCandidate
2019-10-17 18:51:23,514 [Thread-3272] INFO  impl.RoleInfo (RoleInfo.java:updateAndGet(143)) - a5e79c22-a35f-4e50-b1fd-e91b6a93d74d: start LeaderElection
2019-10-17 18:51:23,561 [a5e79c22-a35f-4e50-b1fd-e91b6a93d74d@group-F775CA5912AC-LeaderElection431] INFO  impl.LeaderElection (LeaderElection.java:askForVotes(178)) - a5e79c22-a35f-4e50-b1fd-e91b6a93d74d@group-F775CA5912AC-LeaderElection431: begin an election at term 266 for -1: [a5e79c22-a35f-4e50-b1fd-e91b6a93d74d:192.168.157.251:45177, daae7813-f814-475d-9647-a302a5541e36:192.168.157.251:45025, 1e4e1375-1b66-460f-8c99-4c341545a119:192.168.157.251:42113], old=null
2019-10-17 18:51:23,562 [a5e79c22-a35f-4e50-b1fd-e91b6a93d74d@group-F775CA5912AC-LeaderElection431] INFO  impl.LeaderElection (LogUtils.java:infoOrTrace(149)) - a5e79c22-a35f-4e50-b1fd-e91b6a93d74d@group-F775CA5912AC-LeaderElection431 got exception when requesting votes: {}
java.util.concurrent.ExecutionException: org.apache.ratis.thirdparty.io.grpc.StatusRuntimeException: UNAVAILABLE: io exception
	at java.util.concurrent.FutureTask.report(FutureTask.java:122)
	at java.util.concurrent.FutureTask.get(FutureTask.java:192)
	at org.apache.ratis.server.impl.LeaderElection.waitForResults(LeaderElection.java:259)
	at org.apache.ratis.server.impl.LeaderElection.askForVotes(LeaderElection.java:197)
	at org.apache.ratis.server.impl.LeaderElection.run(LeaderElection.java:133)
	at java.lang.Thread.run(Thread.java:748)
Caused by: org.apache.ratis.thirdparty.io.grpc.StatusRuntimeException: UNAVAILABLE: io exception
	at org.apache.ratis.thirdparty.io.grpc.stub.ClientCalls.toStatusRuntimeException(ClientCalls.java:233)
	at org.apache.ratis.thirdparty.io.grpc.stub.ClientCalls.getUnchecked(ClientCalls.java:214)
	at org.apache.ratis.thirdparty.io.grpc.stub.ClientCalls.blockingUnaryCall(ClientCalls.java:139)
	at org.apache.ratis.proto.grpc.RaftServerProtocolServiceGrpc$RaftServerProtocolServiceBlockingStub.requestVote(RaftServerProtocolServiceGrpc.java:265)
	at org.apache.ratis.grpc.server.GrpcServerProtocolClient.requestVote(GrpcServerProtocolClient.java:99)
	at org.apache.ratis.grpc.server.GrpcService.requestVote(GrpcService.java:204)
	at org.apache.ratis.server.impl.LeaderElection.lambda$submitRequests$1(LeaderElection.java:234)
	at java.util.concurrent.FutureTask.run(FutureTask.java:266)
	at java.util.concurrent.Executors$RunnableAdapter.call(Executors.java:511)
	at java.util.concurrent.FutureTask.run(FutureTask.java:266)
	at java.util.concurrent.ThreadPoolExecutor.runWorker(ThreadPoolExecutor.java:1149)
	at java.util.concurrent.ThreadPoolExecutor$Worker.run(ThreadPoolExecutor.java:624)
	... 1 more
Caused by: org.apache.ratis.thirdparty.io.netty.channel.AbstractChannel$AnnotatedConnectException: Connection refused: /192.168.157.251:45025
	at sun.nio.ch.SocketChannelImpl.checkConnect(Native Method)
	at sun.nio.ch.SocketChannelImpl.finishConnect(SocketChannelImpl.java:717)
	at org.apache.ratis.thirdparty.io.netty.channel.socket.nio.NioSocketChannel.doFinishConnect(NioSocketChannel.java:327)
	at org.apache.ratis.thirdparty.io.netty.channel.nio.AbstractNioChannel$AbstractNioUnsafe.finishConnect(AbstractNioChannel.java:340)
	at org.apache.ratis.thirdparty.io.netty.channel.nio.NioEventLoop.processSelectedKey(NioEventLoop.java:632)
	at org.apache.ratis.thirdparty.io.netty.channel.nio.NioEventLoop.processSelectedKeysOptimized(NioEventLoop.java:579)
	at org.apache.ratis.thirdparty.io.netty.channel.nio.NioEventLoop.processSelectedKeys(NioEventLoop.java:496)
	at org.apache.ratis.thirdparty.io.netty.channel.nio.NioEventLoop.run(NioEventLoop.java:458)
	at org.apache.ratis.thirdparty.io.netty.util.concurrent.SingleThreadEventExecutor$5.run(SingleThreadEventExecutor.java:897)
	at org.apache.ratis.thirdparty.io.netty.util.concurrent.FastThreadLocalRunnable.run(FastThreadLocalRunnable.java:30)
	... 1 more
Caused by: java.net.ConnectException: Connection refused
	... 11 more
2019-10-17 18:51:23,563 [a5e79c22-a35f-4e50-b1fd-e91b6a93d74d@group-F775CA5912AC-LeaderElection431] INFO  impl.LeaderElection (LogUtils.java:infoOrTrace(149)) - a5e79c22-a35f-4e50-b1fd-e91b6a93d74d@group-F775CA5912AC-LeaderElection431 got exception when requesting votes: {}
java.util.concurrent.ExecutionException: org.apache.ratis.thirdparty.io.grpc.StatusRuntimeException: UNAVAILABLE: io exception
	at java.util.concurrent.FutureTask.report(FutureTask.java:122)
	at java.util.concurrent.FutureTask.get(FutureTask.java:192)
	at org.apache.ratis.server.impl.LeaderElection.waitForResults(LeaderElection.java:259)
	at org.apache.ratis.server.impl.LeaderElection.askForVotes(LeaderElection.java:197)
	at org.apache.ratis.server.impl.LeaderElection.run(LeaderElection.java:133)
	at java.lang.Thread.run(Thread.java:748)
Caused by: org.apache.ratis.thirdparty.io.grpc.StatusRuntimeException: UNAVAILABLE: io exception
	at org.apache.ratis.thirdparty.io.grpc.stub.ClientCalls.toStatusRuntimeException(ClientCalls.java:233)
	at org.apache.ratis.thirdparty.io.grpc.stub.ClientCalls.getUnchecked(ClientCalls.java:214)
	at org.apache.ratis.thirdparty.io.grpc.stub.ClientCalls.blockingUnaryCall(ClientCalls.java:139)
	at org.apache.ratis.proto.grpc.RaftServerProtocolServiceGrpc$RaftServerProtocolServiceBlockingStub.requestVote(RaftServerProtocolServiceGrpc.java:265)
	at org.apache.ratis.grpc.server.GrpcServerProtocolClient.requestVote(GrpcServerProtocolClient.java:99)
	at org.apache.ratis.grpc.server.GrpcService.requestVote(GrpcService.java:204)
	at org.apache.ratis.server.impl.LeaderElection.lambda$submitRequests$1(LeaderElection.java:234)
	at java.util.concurrent.FutureTask.run(FutureTask.java:266)
	at java.util.concurrent.Executors$RunnableAdapter.call(Executors.java:511)
	at java.util.concurrent.FutureTask.run(FutureTask.java:266)
	at java.util.concurrent.ThreadPoolExecutor.runWorker(ThreadPoolExecutor.java:1149)
	at java.util.concurrent.ThreadPoolExecutor$Worker.run(ThreadPoolExecutor.java:624)
	... 1 more
Caused by: org.apache.ratis.thirdparty.io.netty.channel.AbstractChannel$AnnotatedConnectException: Connection refused: /192.168.157.251:42113
	at sun.nio.ch.SocketChannelImpl.checkConnect(Native Method)
	at sun.nio.ch.SocketChannelImpl.finishConnect(SocketChannelImpl.java:717)
	at org.apache.ratis.thirdparty.io.netty.channel.socket.nio.NioSocketChannel.doFinishConnect(NioSocketChannel.java:327)
	at org.apache.ratis.thirdparty.io.netty.channel.nio.AbstractNioChannel$AbstractNioUnsafe.finishConnect(AbstractNioChannel.java:340)
	at org.apache.ratis.thirdparty.io.netty.channel.nio.NioEventLoop.processSelectedKey(NioEventLoop.java:632)
	at org.apache.ratis.thirdparty.io.netty.channel.nio.NioEventLoop.processSelectedKeysOptimized(NioEventLoop.java:579)
	at org.apache.ratis.thirdparty.io.netty.channel.nio.NioEventLoop.processSelectedKeys(NioEventLoop.java:496)
	at org.apache.ratis.thirdparty.io.netty.channel.nio.NioEventLoop.run(NioEventLoop.java:458)
	at org.apache.ratis.thirdparty.io.netty.util.concurrent.SingleThreadEventExecutor$5.run(SingleThreadEventExecutor.java:897)
	at org.apache.ratis.thirdparty.io.netty.util.concurrent.FastThreadLocalRunnable.run(FastThreadLocalRunnable.java:30)
	... 1 more
Caused by: java.net.ConnectException: Connection refused
	... 11 more
2019-10-17 18:51:23,563 [a5e79c22-a35f-4e50-b1fd-e91b6a93d74d@group-F775CA5912AC-LeaderElection431] INFO  impl.LeaderElection (LeaderElection.java:logAndReturn(56)) - a5e79c22-a35f-4e50-b1fd-e91b6a93d74d@group-F775CA5912AC-LeaderElection431: Election REJECTED; received 0 response(s) [] and 2 exception(s); a5e79c22-a35f-4e50-b1fd-e91b6a93d74d@group-F775CA5912AC:t266, leader=null, voted=a5e79c22-a35f-4e50-b1fd-e91b6a93d74d, raftlog=a5e79c22-a35f-4e50-b1fd-e91b6a93d74d@group-F775CA5912AC-SegmentedRaftLog:OPENED:c-1,f-1,i0, conf=-1: [a5e79c22-a35f-4e50-b1fd-e91b6a93d74d:192.168.157.251:45177, daae7813-f814-475d-9647-a302a5541e36:192.168.157.251:45025, 1e4e1375-1b66-460f-8c99-4c341545a119:192.168.157.251:42113], old=null
2019-10-17 18:51:23,563 [a5e79c22-a35f-4e50-b1fd-e91b6a93d74d@group-F775CA5912AC-LeaderElection431] INFO  impl.LeaderElection (LogUtils.java:infoOrTrace(149)) -   Exception 0: {}
java.util.concurrent.ExecutionException: org.apache.ratis.thirdparty.io.grpc.StatusRuntimeException: UNAVAILABLE: io exception
	at java.util.concurrent.FutureTask.report(FutureTask.java:122)
	at java.util.concurrent.FutureTask.get(FutureTask.java:192)
	at org.apache.ratis.server.impl.LeaderElection.waitForResults(LeaderElection.java:259)
	at org.apache.ratis.server.impl.LeaderElection.askForVotes(LeaderElection.java:197)
	at org.apache.ratis.server.impl.LeaderElection.run(LeaderElection.java:133)
	at java.lang.Thread.run(Thread.java:748)
Caused by: org.apache.ratis.thirdparty.io.grpc.StatusRuntimeException: UNAVAILABLE: io exception
	at org.apache.ratis.thirdparty.io.grpc.stub.ClientCalls.toStatusRuntimeException(ClientCalls.java:233)
	at org.apache.ratis.thirdparty.io.grpc.stub.ClientCalls.getUnchecked(ClientCalls.java:214)
	at org.apache.ratis.thirdparty.io.grpc.stub.ClientCalls.blockingUnaryCall(ClientCalls.java:139)
	at org.apache.ratis.proto.grpc.RaftServerProtocolServiceGrpc$RaftServerProtocolServiceBlockingStub.requestVote(RaftServerProtocolServiceGrpc.java:265)
	at org.apache.ratis.grpc.server.GrpcServerProtocolClient.requestVote(GrpcServerProtocolClient.java:99)
	at org.apache.ratis.grpc.server.GrpcService.requestVote(GrpcService.java:204)
	at org.apache.ratis.server.impl.LeaderElection.lambda$submitRequests$1(LeaderElection.java:234)
	at java.util.concurrent.FutureTask.run(FutureTask.java:266)
	at java.util.concurrent.Executors$RunnableAdapter.call(Executors.java:511)
	at java.util.concurrent.FutureTask.run(FutureTask.java:266)
	at java.util.concurrent.ThreadPoolExecutor.runWorker(ThreadPoolExecutor.java:1149)
	at java.util.concurrent.ThreadPoolExecutor$Worker.run(ThreadPoolExecutor.java:624)
	... 1 more
Caused by: org.apache.ratis.thirdparty.io.netty.channel.AbstractChannel$AnnotatedConnectException: Connection refused: /192.168.157.251:45025
	at sun.nio.ch.SocketChannelImpl.checkConnect(Native Method)
	at sun.nio.ch.SocketChannelImpl.finishConnect(SocketChannelImpl.java:717)
	at org.apache.ratis.thirdparty.io.netty.channel.socket.nio.NioSocketChannel.doFinishConnect(NioSocketChannel.java:327)
	at org.apache.ratis.thirdparty.io.netty.channel.nio.AbstractNioChannel$AbstractNioUnsafe.finishConnect(AbstractNioChannel.java:340)
	at org.apache.ratis.thirdparty.io.netty.channel.nio.NioEventLoop.processSelectedKey(NioEventLoop.java:632)
	at org.apache.ratis.thirdparty.io.netty.channel.nio.NioEventLoop.processSelectedKeysOptimized(NioEventLoop.java:579)
	at org.apache.ratis.thirdparty.io.netty.channel.nio.NioEventLoop.processSelectedKeys(NioEventLoop.java:496)
	at org.apache.ratis.thirdparty.io.netty.channel.nio.NioEventLoop.run(NioEventLoop.java:458)
	at org.apache.ratis.thirdparty.io.netty.util.concurrent.SingleThreadEventExecutor$5.run(SingleThreadEventExecutor.java:897)
	at org.apache.ratis.thirdparty.io.netty.util.concurrent.FastThreadLocalRunnable.run(FastThreadLocalRunnable.java:30)
	... 1 more
Caused by: java.net.ConnectException: Connection refused
	... 11 more
2019-10-17 18:51:23,564 [a5e79c22-a35f-4e50-b1fd-e91b6a93d74d@group-F775CA5912AC-LeaderElection431] INFO  impl.LeaderElection (LogUtils.java:infoOrTrace(149)) -   Exception 1: {}
java.util.concurrent.ExecutionException: org.apache.ratis.thirdparty.io.grpc.StatusRuntimeException: UNAVAILABLE: io exception
	at java.util.concurrent.FutureTask.report(FutureTask.java:122)
	at java.util.concurrent.FutureTask.get(FutureTask.java:192)
	at org.apache.ratis.server.impl.LeaderElection.waitForResults(LeaderElection.java:259)
	at org.apache.ratis.server.impl.LeaderElection.askForVotes(LeaderElection.java:197)
	at org.apache.ratis.server.impl.LeaderElection.run(LeaderElection.java:133)
	at java.lang.Thread.run(Thread.java:748)
Caused by: org.apache.ratis.thirdparty.io.grpc.StatusRuntimeException: UNAVAILABLE: io exception
	at org.apache.ratis.thirdparty.io.grpc.stub.ClientCalls.toStatusRuntimeException(ClientCalls.java:233)
	at org.apache.ratis.thirdparty.io.grpc.stub.ClientCalls.getUnchecked(ClientCalls.java:214)
	at org.apache.ratis.thirdparty.io.grpc.stub.ClientCalls.blockingUnaryCall(ClientCalls.java:139)
	at org.apache.ratis.proto.grpc.RaftServerProtocolServiceGrpc$RaftServerProtocolServiceBlockingStub.requestVote(RaftServerProtocolServiceGrpc.java:265)
	at org.apache.ratis.grpc.server.GrpcServerProtocolClient.requestVote(GrpcServerProtocolClient.java:99)
	at org.apache.ratis.grpc.server.GrpcService.requestVote(GrpcService.java:204)
	at org.apache.ratis.server.impl.LeaderElection.lambda$submitRequests$1(LeaderElection.java:234)
	at java.util.concurrent.FutureTask.run(FutureTask.java:266)
	at java.util.concurrent.Executors$RunnableAdapter.call(Executors.java:511)
	at java.util.concurrent.FutureTask.run(FutureTask.java:266)
	at java.util.concurrent.ThreadPoolExecutor.runWorker(ThreadPoolExecutor.java:1149)
	at java.util.concurrent.ThreadPoolExecutor$Worker.run(ThreadPoolExecutor.java:624)
	... 1 more
Caused by: org.apache.ratis.thirdparty.io.netty.channel.AbstractChannel$AnnotatedConnectException: Connection refused: /192.168.157.251:42113
	at sun.nio.ch.SocketChannelImpl.checkConnect(Native Method)
	at sun.nio.ch.SocketChannelImpl.finishConnect(SocketChannelImpl.java:717)
	at org.apache.ratis.thirdparty.io.netty.channel.socket.nio.NioSocketChannel.doFinishConnect(NioSocketChannel.java:327)
	at org.apache.ratis.thirdparty.io.netty.channel.nio.AbstractNioChannel$AbstractNioUnsafe.finishConnect(AbstractNioChannel.java:340)
	at org.apache.ratis.thirdparty.io.netty.channel.nio.NioEventLoop.processSelectedKey(NioEventLoop.java:632)
	at org.apache.ratis.thirdparty.io.netty.channel.nio.NioEventLoop.processSelectedKeysOptimized(NioEventLoop.java:579)
	at org.apache.ratis.thirdparty.io.netty.channel.nio.NioEventLoop.processSelectedKeys(NioEventLoop.java:496)
	at org.apache.ratis.thirdparty.io.netty.channel.nio.NioEventLoop.run(NioEventLoop.java:458)
	at org.apache.ratis.thirdparty.io.netty.util.concurrent.SingleThreadEventExecutor$5.run(SingleThreadEventExecutor.java:897)
	at org.apache.ratis.thirdparty.io.netty.util.concurrent.FastThreadLocalRunnable.run(FastThreadLocalRunnable.java:30)
	... 1 more
Caused by: java.net.ConnectException: Connection refused
	... 11 more
2019-10-17 18:51:23,564 [a5e79c22-a35f-4e50-b1fd-e91b6a93d74d@group-F775CA5912AC-LeaderElection431] INFO  impl.RaftServerImpl (RaftServerImpl.java:setRole(184)) - a5e79c22-a35f-4e50-b1fd-e91b6a93d74d@group-F775CA5912AC: changes role from CANDIDATE to FOLLOWER at term 266 for DISCOVERED_A_NEW_TERM
2019-10-17 18:51:23,565 [a5e79c22-a35f-4e50-b1fd-e91b6a93d74d@group-F775CA5912AC-LeaderElection431] INFO  impl.RoleInfo (RoleInfo.java:shutdownLeaderElection(134)) - a5e79c22-a35f-4e50-b1fd-e91b6a93d74d: shutdown LeaderElection
2019-10-17 18:51:23,565 [a5e79c22-a35f-4e50-b1fd-e91b6a93d74d@group-F775CA5912AC-LeaderElection431] INFO  impl.RoleInfo (RoleInfo.java:updateAndGet(143)) - a5e79c22-a35f-4e50-b1fd-e91b6a93d74d: start FollowerState
2019-10-17 18:51:23,751 [Thread-3276] INFO  impl.FollowerState (FollowerState.java:run(108)) - a5e79c22-a35f-4e50-b1fd-e91b6a93d74d@group-F775CA5912AC-FollowerState: change to CANDIDATE, lastRpcTime:186ms, electionTimeout:186ms
2019-10-17 18:51:23,752 [Thread-3276] INFO  impl.RoleInfo (RoleInfo.java:shutdownFollowerState(121)) - a5e79c22-a35f-4e50-b1fd-e91b6a93d74d: shutdown FollowerState
2019-10-17 18:51:23,752 [Thread-3276] INFO  impl.RaftServerImpl (RaftServerImpl.java:setRole(184)) - a5e79c22-a35f-4e50-b1fd-e91b6a93d74d@group-F775CA5912AC: changes role from  FOLLOWER to CANDIDATE at term 266 for changeToCandidate
2019-10-17 18:51:23,752 [Thread-3276] INFO  impl.RoleInfo (RoleInfo.java:updateAndGet(143)) - a5e79c22-a35f-4e50-b1fd-e91b6a93d74d: start LeaderElection
2019-10-17 18:51:23,794 [a5e79c22-a35f-4e50-b1fd-e91b6a93d74d@group-F775CA5912AC-LeaderElection432] INFO  impl.LeaderElection (LeaderElection.java:askForVotes(178)) - a5e79c22-a35f-4e50-b1fd-e91b6a93d74d@group-F775CA5912AC-LeaderElection432: begin an election at term 267 for -1: [a5e79c22-a35f-4e50-b1fd-e91b6a93d74d:192.168.157.251:45177, daae7813-f814-475d-9647-a302a5541e36:192.168.157.251:45025, 1e4e1375-1b66-460f-8c99-4c341545a119:192.168.157.251:42113], old=null
2019-10-17 18:51:23,795 [a5e79c22-a35f-4e50-b1fd-e91b6a93d74d@group-F775CA5912AC-LeaderElection432] INFO  impl.LeaderElection (LogUtils.java:infoOrTrace(149)) - a5e79c22-a35f-4e50-b1fd-e91b6a93d74d@group-F775CA5912AC-LeaderElection432 got exception when requesting votes: {}
java.util.concurrent.ExecutionException: org.apache.ratis.thirdparty.io.grpc.StatusRuntimeException: UNAVAILABLE: io exception
	at java.util.concurrent.FutureTask.report(FutureTask.java:122)
	at java.util.concurrent.FutureTask.get(FutureTask.java:192)
	at org.apache.ratis.server.impl.LeaderElection.waitForResults(LeaderElection.java:259)
	at org.apache.ratis.server.impl.LeaderElection.askForVotes(LeaderElection.java:197)
	at org.apache.ratis.server.impl.LeaderElection.run(LeaderElection.java:133)
	at java.lang.Thread.run(Thread.java:748)
Caused by: org.apache.ratis.thirdparty.io.grpc.StatusRuntimeException: UNAVAILABLE: io exception
	at org.apache.ratis.thirdparty.io.grpc.stub.ClientCalls.toStatusRuntimeException(ClientCalls.java:233)
	at org.apache.ratis.thirdparty.io.grpc.stub.ClientCalls.getUnchecked(ClientCalls.java:214)
	at org.apache.ratis.thirdparty.io.grpc.stub.ClientCalls.blockingUnaryCall(ClientCalls.java:139)
	at org.apache.ratis.proto.grpc.RaftServerProtocolServiceGrpc$RaftServerProtocolServiceBlockingStub.requestVote(RaftServerProtocolServiceGrpc.java:265)
	at org.apache.ratis.grpc.server.GrpcServerProtocolClient.requestVote(GrpcServerProtocolClient.java:99)
	at org.apache.ratis.grpc.server.GrpcService.requestVote(GrpcService.java:204)
	at org.apache.ratis.server.impl.LeaderElection.lambda$submitRequests$1(LeaderElection.java:234)
	at java.util.concurrent.FutureTask.run(FutureTask.java:266)
	at java.util.concurrent.Executors$RunnableAdapter.call(Executors.java:511)
	at java.util.concurrent.FutureTask.run(FutureTask.java:266)
	at java.util.concurrent.ThreadPoolExecutor.runWorker(ThreadPoolExecutor.java:1149)
	at java.util.concurrent.ThreadPoolExecutor$Worker.run(ThreadPoolExecutor.java:624)
	... 1 more
Caused by: org.apache.ratis.thirdparty.io.netty.channel.AbstractChannel$AnnotatedConnectException: Connection refused: /192.168.157.251:45025
	at sun.nio.ch.SocketChannelImpl.checkConnect(Native Method)
	at sun.nio.ch.SocketChannelImpl.finishConnect(SocketChannelImpl.java:717)
	at org.apache.ratis.thirdparty.io.netty.channel.socket.nio.NioSocketChannel.doFinishConnect(NioSocketChannel.java:327)
	at org.apache.ratis.thirdparty.io.netty.channel.nio.AbstractNioChannel$AbstractNioUnsafe.finishConnect(AbstractNioChannel.java:340)
	at org.apache.ratis.thirdparty.io.netty.channel.nio.NioEventLoop.processSelectedKey(NioEventLoop.java:632)
	at org.apache.ratis.thirdparty.io.netty.channel.nio.NioEventLoop.processSelectedKeysOptimized(NioEventLoop.java:579)
	at org.apache.ratis.thirdparty.io.netty.channel.nio.NioEventLoop.processSelectedKeys(NioEventLoop.java:496)
	at org.apache.ratis.thirdparty.io.netty.channel.nio.NioEventLoop.run(NioEventLoop.java:458)
	at org.apache.ratis.thirdparty.io.netty.util.concurrent.SingleThreadEventExecutor$5.run(SingleThreadEventExecutor.java:897)
	at org.apache.ratis.thirdparty.io.netty.util.concurrent.FastThreadLocalRunnable.run(FastThreadLocalRunnable.java:30)
	... 1 more
Caused by: java.net.ConnectException: Connection refused
	... 11 more
2019-10-17 18:51:23,795 [a5e79c22-a35f-4e50-b1fd-e91b6a93d74d@group-F775CA5912AC-LeaderElection432] INFO  impl.LeaderElection (LogUtils.java:infoOrTrace(149)) - a5e79c22-a35f-4e50-b1fd-e91b6a93d74d@group-F775CA5912AC-LeaderElection432 got exception when requesting votes: {}
java.util.concurrent.ExecutionException: org.apache.ratis.thirdparty.io.grpc.StatusRuntimeException: UNAVAILABLE: io exception
	at java.util.concurrent.FutureTask.report(FutureTask.java:122)
	at java.util.concurrent.FutureTask.get(FutureTask.java:192)
	at org.apache.ratis.server.impl.LeaderElection.waitForResults(LeaderElection.java:259)
	at org.apache.ratis.server.impl.LeaderElection.askForVotes(LeaderElection.java:197)
	at org.apache.ratis.server.impl.LeaderElection.run(LeaderElection.java:133)
	at java.lang.Thread.run(Thread.java:748)
Caused by: org.apache.ratis.thirdparty.io.grpc.StatusRuntimeException: UNAVAILABLE: io exception
	at org.apache.ratis.thirdparty.io.grpc.stub.ClientCalls.toStatusRuntimeException(ClientCalls.java:233)
	at org.apache.ratis.thirdparty.io.grpc.stub.ClientCalls.getUnchecked(ClientCalls.java:214)
	at org.apache.ratis.thirdparty.io.grpc.stub.ClientCalls.blockingUnaryCall(ClientCalls.java:139)
	at org.apache.ratis.proto.grpc.RaftServerProtocolServiceGrpc$RaftServerProtocolServiceBlockingStub.requestVote(RaftServerProtocolServiceGrpc.java:265)
	at org.apache.ratis.grpc.server.GrpcServerProtocolClient.requestVote(GrpcServerProtocolClient.java:99)
	at org.apache.ratis.grpc.server.GrpcService.requestVote(GrpcService.java:204)
	at org.apache.ratis.server.impl.LeaderElection.lambda$submitRequests$1(LeaderElection.java:234)
	at java.util.concurrent.FutureTask.run(FutureTask.java:266)
	at java.util.concurrent.Executors$RunnableAdapter.call(Executors.java:511)
	at java.util.concurrent.FutureTask.run(FutureTask.java:266)
	at java.util.concurrent.ThreadPoolExecutor.runWorker(ThreadPoolExecutor.java:1149)
	at java.util.concurrent.ThreadPoolExecutor$Worker.run(ThreadPoolExecutor.java:624)
	... 1 more
Caused by: org.apache.ratis.thirdparty.io.netty.channel.AbstractChannel$AnnotatedConnectException: Connection refused: /192.168.157.251:42113
	at sun.nio.ch.SocketChannelImpl.checkConnect(Native Method)
	at sun.nio.ch.SocketChannelImpl.finishConnect(SocketChannelImpl.java:717)
	at org.apache.ratis.thirdparty.io.netty.channel.socket.nio.NioSocketChannel.doFinishConnect(NioSocketChannel.java:327)
	at org.apache.ratis.thirdparty.io.netty.channel.nio.AbstractNioChannel$AbstractNioUnsafe.finishConnect(AbstractNioChannel.java:340)
	at org.apache.ratis.thirdparty.io.netty.channel.nio.NioEventLoop.processSelectedKey(NioEventLoop.java:632)
	at org.apache.ratis.thirdparty.io.netty.channel.nio.NioEventLoop.processSelectedKeysOptimized(NioEventLoop.java:579)
	at org.apache.ratis.thirdparty.io.netty.channel.nio.NioEventLoop.processSelectedKeys(NioEventLoop.java:496)
	at org.apache.ratis.thirdparty.io.netty.channel.nio.NioEventLoop.run(NioEventLoop.java:458)
	at org.apache.ratis.thirdparty.io.netty.util.concurrent.SingleThreadEventExecutor$5.run(SingleThreadEventExecutor.java:897)
	at org.apache.ratis.thirdparty.io.netty.util.concurrent.FastThreadLocalRunnable.run(FastThreadLocalRunnable.java:30)
	... 1 more
Caused by: java.net.ConnectException: Connection refused
	... 11 more
2019-10-17 18:51:23,796 [a5e79c22-a35f-4e50-b1fd-e91b6a93d74d@group-F775CA5912AC-LeaderElection432] INFO  impl.LeaderElection (LeaderElection.java:logAndReturn(56)) - a5e79c22-a35f-4e50-b1fd-e91b6a93d74d@group-F775CA5912AC-LeaderElection432: Election REJECTED; received 0 response(s) [] and 2 exception(s); a5e79c22-a35f-4e50-b1fd-e91b6a93d74d@group-F775CA5912AC:t267, leader=null, voted=a5e79c22-a35f-4e50-b1fd-e91b6a93d74d, raftlog=a5e79c22-a35f-4e50-b1fd-e91b6a93d74d@group-F775CA5912AC-SegmentedRaftLog:OPENED:c-1,f-1,i0, conf=-1: [a5e79c22-a35f-4e50-b1fd-e91b6a93d74d:192.168.157.251:45177, daae7813-f814-475d-9647-a302a5541e36:192.168.157.251:45025, 1e4e1375-1b66-460f-8c99-4c341545a119:192.168.157.251:42113], old=null
2019-10-17 18:51:23,796 [a5e79c22-a35f-4e50-b1fd-e91b6a93d74d@group-F775CA5912AC-LeaderElection432] INFO  impl.LeaderElection (LogUtils.java:infoOrTrace(149)) -   Exception 0: {}
java.util.concurrent.ExecutionException: org.apache.ratis.thirdparty.io.grpc.StatusRuntimeException: UNAVAILABLE: io exception
	at java.util.concurrent.FutureTask.report(FutureTask.java:122)
	at java.util.concurrent.FutureTask.get(FutureTask.java:192)
	at org.apache.ratis.server.impl.LeaderElection.waitForResults(LeaderElection.java:259)
	at org.apache.ratis.server.impl.LeaderElection.askForVotes(LeaderElection.java:197)
	at org.apache.ratis.server.impl.LeaderElection.run(LeaderElection.java:133)
	at java.lang.Thread.run(Thread.java:748)
Caused by: org.apache.ratis.thirdparty.io.grpc.StatusRuntimeException: UNAVAILABLE: io exception
	at org.apache.ratis.thirdparty.io.grpc.stub.ClientCalls.toStatusRuntimeException(ClientCalls.java:233)
	at org.apache.ratis.thirdparty.io.grpc.stub.ClientCalls.getUnchecked(ClientCalls.java:214)
	at org.apache.ratis.thirdparty.io.grpc.stub.ClientCalls.blockingUnaryCall(ClientCalls.java:139)
	at org.apache.ratis.proto.grpc.RaftServerProtocolServiceGrpc$RaftServerProtocolServiceBlockingStub.requestVote(RaftServerProtocolServiceGrpc.java:265)
	at org.apache.ratis.grpc.server.GrpcServerProtocolClient.requestVote(GrpcServerProtocolClient.java:99)
	at org.apache.ratis.grpc.server.GrpcService.requestVote(GrpcService.java:204)
	at org.apache.ratis.server.impl.LeaderElection.lambda$submitRequests$1(LeaderElection.java:234)
	at java.util.concurrent.FutureTask.run(FutureTask.java:266)
	at java.util.concurrent.Executors$RunnableAdapter.call(Executors.java:511)
	at java.util.concurrent.FutureTask.run(FutureTask.java:266)
	at java.util.concurrent.ThreadPoolExecutor.runWorker(ThreadPoolExecutor.java:1149)
	at java.util.concurrent.ThreadPoolExecutor$Worker.run(ThreadPoolExecutor.java:624)
	... 1 more
Caused by: org.apache.ratis.thirdparty.io.netty.channel.AbstractChannel$AnnotatedConnectException: Connection refused: /192.168.157.251:45025
	at sun.nio.ch.SocketChannelImpl.checkConnect(Native Method)
	at sun.nio.ch.SocketChannelImpl.finishConnect(SocketChannelImpl.java:717)
	at org.apache.ratis.thirdparty.io.netty.channel.socket.nio.NioSocketChannel.doFinishConnect(NioSocketChannel.java:327)
	at org.apache.ratis.thirdparty.io.netty.channel.nio.AbstractNioChannel$AbstractNioUnsafe.finishConnect(AbstractNioChannel.java:340)
	at org.apache.ratis.thirdparty.io.netty.channel.nio.NioEventLoop.processSelectedKey(NioEventLoop.java:632)
	at org.apache.ratis.thirdparty.io.netty.channel.nio.NioEventLoop.processSelectedKeysOptimized(NioEventLoop.java:579)
	at org.apache.ratis.thirdparty.io.netty.channel.nio.NioEventLoop.processSelectedKeys(NioEventLoop.java:496)
	at org.apache.ratis.thirdparty.io.netty.channel.nio.NioEventLoop.run(NioEventLoop.java:458)
	at org.apache.ratis.thirdparty.io.netty.util.concurrent.SingleThreadEventExecutor$5.run(SingleThreadEventExecutor.java:897)
	at org.apache.ratis.thirdparty.io.netty.util.concurrent.FastThreadLocalRunnable.run(FastThreadLocalRunnable.java:30)
	... 1 more
Caused by: java.net.ConnectException: Connection refused
	... 11 more
2019-10-17 18:51:23,796 [a5e79c22-a35f-4e50-b1fd-e91b6a93d74d@group-F775CA5912AC-LeaderElection432] INFO  impl.LeaderElection (LogUtils.java:infoOrTrace(149)) -   Exception 1: {}
java.util.concurrent.ExecutionException: org.apache.ratis.thirdparty.io.grpc.StatusRuntimeException: UNAVAILABLE: io exception
	at java.util.concurrent.FutureTask.report(FutureTask.java:122)
	at java.util.concurrent.FutureTask.get(FutureTask.java:192)
	at org.apache.ratis.server.impl.LeaderElection.waitForResults(LeaderElection.java:259)
	at org.apache.ratis.server.impl.LeaderElection.askForVotes(LeaderElection.java:197)
	at org.apache.ratis.server.impl.LeaderElection.run(LeaderElection.java:133)
	at java.lang.Thread.run(Thread.java:748)
Caused by: org.apache.ratis.thirdparty.io.grpc.StatusRuntimeException: UNAVAILABLE: io exception
	at org.apache.ratis.thirdparty.io.grpc.stub.ClientCalls.toStatusRuntimeException(ClientCalls.java:233)
	at org.apache.ratis.thirdparty.io.grpc.stub.ClientCalls.getUnchecked(ClientCalls.java:214)
	at org.apache.ratis.thirdparty.io.grpc.stub.ClientCalls.blockingUnaryCall(ClientCalls.java:139)
	at org.apache.ratis.proto.grpc.RaftServerProtocolServiceGrpc$RaftServerProtocolServiceBlockingStub.requestVote(RaftServerProtocolServiceGrpc.java:265)
	at org.apache.ratis.grpc.server.GrpcServerProtocolClient.requestVote(GrpcServerProtocolClient.java:99)
	at org.apache.ratis.grpc.server.GrpcService.requestVote(GrpcService.java:204)
	at org.apache.ratis.server.impl.LeaderElection.lambda$submitRequests$1(LeaderElection.java:234)
	at java.util.concurrent.FutureTask.run(FutureTask.java:266)
	at java.util.concurrent.Executors$RunnableAdapter.call(Executors.java:511)
	at java.util.concurrent.FutureTask.run(FutureTask.java:266)
	at java.util.concurrent.ThreadPoolExecutor.runWorker(ThreadPoolExecutor.java:1149)
	at java.util.concurrent.ThreadPoolExecutor$Worker.run(ThreadPoolExecutor.java:624)
	... 1 more
Caused by: org.apache.ratis.thirdparty.io.netty.channel.AbstractChannel$AnnotatedConnectException: Connection refused: /192.168.157.251:42113
	at sun.nio.ch.SocketChannelImpl.checkConnect(Native Method)
	at sun.nio.ch.SocketChannelImpl.finishConnect(SocketChannelImpl.java:717)
	at org.apache.ratis.thirdparty.io.netty.channel.socket.nio.NioSocketChannel.doFinishConnect(NioSocketChannel.java:327)
	at org.apache.ratis.thirdparty.io.netty.channel.nio.AbstractNioChannel$AbstractNioUnsafe.finishConnect(AbstractNioChannel.java:340)
	at org.apache.ratis.thirdparty.io.netty.channel.nio.NioEventLoop.processSelectedKey(NioEventLoop.java:632)
	at org.apache.ratis.thirdparty.io.netty.channel.nio.NioEventLoop.processSelectedKeysOptimized(NioEventLoop.java:579)
	at org.apache.ratis.thirdparty.io.netty.channel.nio.NioEventLoop.processSelectedKeys(NioEventLoop.java:496)
	at org.apache.ratis.thirdparty.io.netty.channel.nio.NioEventLoop.run(NioEventLoop.java:458)
	at org.apache.ratis.thirdparty.io.netty.util.concurrent.SingleThreadEventExecutor$5.run(SingleThreadEventExecutor.java:897)
	at org.apache.ratis.thirdparty.io.netty.util.concurrent.FastThreadLocalRunnable.run(FastThreadLocalRunnable.java:30)
	... 1 more
Caused by: java.net.ConnectException: Connection refused
	... 11 more
2019-10-17 18:51:23,797 [a5e79c22-a35f-4e50-b1fd-e91b6a93d74d@group-F775CA5912AC-LeaderElection432] INFO  impl.RaftServerImpl (RaftServerImpl.java:setRole(184)) - a5e79c22-a35f-4e50-b1fd-e91b6a93d74d@group-F775CA5912AC: changes role from CANDIDATE to FOLLOWER at term 267 for DISCOVERED_A_NEW_TERM
2019-10-17 18:51:23,797 [a5e79c22-a35f-4e50-b1fd-e91b6a93d74d@group-F775CA5912AC-LeaderElection432] INFO  impl.RoleInfo (RoleInfo.java:shutdownLeaderElection(134)) - a5e79c22-a35f-4e50-b1fd-e91b6a93d74d: shutdown LeaderElection
2019-10-17 18:51:23,797 [a5e79c22-a35f-4e50-b1fd-e91b6a93d74d@group-F775CA5912AC-LeaderElection432] INFO  impl.RoleInfo (RoleInfo.java:updateAndGet(143)) - a5e79c22-a35f-4e50-b1fd-e91b6a93d74d: start FollowerState
2019-10-17 18:51:23,827 [Thread-3253] INFO  impl.FollowerState (FollowerState.java:run(108)) - b8f04e38-0663-4b1f-8efd-f76585c6e86c@group-5F52F902B742-FollowerState: change to CANDIDATE, lastRpcTime:1116ms, electionTimeout:1116ms
2019-10-17 18:51:23,827 [Thread-3253] INFO  impl.RoleInfo (RoleInfo.java:shutdownFollowerState(121)) - b8f04e38-0663-4b1f-8efd-f76585c6e86c: shutdown FollowerState
2019-10-17 18:51:23,828 [Thread-3253] INFO  impl.RaftServerImpl (RaftServerImpl.java:setRole(184)) - b8f04e38-0663-4b1f-8efd-f76585c6e86c@group-5F52F902B742: changes role from  FOLLOWER to CANDIDATE at term 206 for changeToCandidate
2019-10-17 18:51:23,828 [Thread-3253] INFO  impl.RoleInfo (RoleInfo.java:updateAndGet(143)) - b8f04e38-0663-4b1f-8efd-f76585c6e86c: start LeaderElection
2019-10-17 18:51:23,866 [b8f04e38-0663-4b1f-8efd-f76585c6e86c@group-5F52F902B742-LeaderElection433] INFO  impl.LeaderElection (LeaderElection.java:askForVotes(178)) - b8f04e38-0663-4b1f-8efd-f76585c6e86c@group-5F52F902B742-LeaderElection433: begin an election at term 207 for 0: [b8f04e38-0663-4b1f-8efd-f76585c6e86c:192.168.157.251:35700, abcd8826-c056-4817-bd0f-7af19a46d814:192.168.157.251:46496, 73297ffa-40cb-4e3e-b33e-1bc2c1da60f5:192.168.157.251:32952], old=null
2019-10-17 18:51:23,868 [b8f04e38-0663-4b1f-8efd-f76585c6e86c@group-5F52F902B742-LeaderElection433] INFO  impl.LeaderElection (LogUtils.java:infoOrTrace(149)) - b8f04e38-0663-4b1f-8efd-f76585c6e86c@group-5F52F902B742-LeaderElection433 got exception when requesting votes: {}
java.util.concurrent.ExecutionException: org.apache.ratis.thirdparty.io.grpc.StatusRuntimeException: UNAVAILABLE: io exception
	at java.util.concurrent.FutureTask.report(FutureTask.java:122)
	at java.util.concurrent.FutureTask.get(FutureTask.java:192)
	at org.apache.ratis.server.impl.LeaderElection.waitForResults(LeaderElection.java:259)
	at org.apache.ratis.server.impl.LeaderElection.askForVotes(LeaderElection.java:197)
	at org.apache.ratis.server.impl.LeaderElection.run(LeaderElection.java:133)
	at java.lang.Thread.run(Thread.java:748)
Caused by: org.apache.ratis.thirdparty.io.grpc.StatusRuntimeException: UNAVAILABLE: io exception
	at org.apache.ratis.thirdparty.io.grpc.stub.ClientCalls.toStatusRuntimeException(ClientCalls.java:233)
	at org.apache.ratis.thirdparty.io.grpc.stub.ClientCalls.getUnchecked(ClientCalls.java:214)
	at org.apache.ratis.thirdparty.io.grpc.stub.ClientCalls.blockingUnaryCall(ClientCalls.java:139)
	at org.apache.ratis.proto.grpc.RaftServerProtocolServiceGrpc$RaftServerProtocolServiceBlockingStub.requestVote(RaftServerProtocolServiceGrpc.java:265)
	at org.apache.ratis.grpc.server.GrpcServerProtocolClient.requestVote(GrpcServerProtocolClient.java:99)
	at org.apache.ratis.grpc.server.GrpcService.requestVote(GrpcService.java:204)
	at org.apache.ratis.server.impl.LeaderElection.lambda$submitRequests$1(LeaderElection.java:234)
	at java.util.concurrent.FutureTask.run(FutureTask.java:266)
	at java.util.concurrent.Executors$RunnableAdapter.call(Executors.java:511)
	at java.util.concurrent.FutureTask.run(FutureTask.java:266)
	at java.util.concurrent.ThreadPoolExecutor.runWorker(ThreadPoolExecutor.java:1149)
	at java.util.concurrent.ThreadPoolExecutor$Worker.run(ThreadPoolExecutor.java:624)
	... 1 more
Caused by: org.apache.ratis.thirdparty.io.netty.channel.AbstractChannel$AnnotatedConnectException: Connection refused: /192.168.157.251:46496
	at sun.nio.ch.SocketChannelImpl.checkConnect(Native Method)
	at sun.nio.ch.SocketChannelImpl.finishConnect(SocketChannelImpl.java:717)
	at org.apache.ratis.thirdparty.io.netty.channel.socket.nio.NioSocketChannel.doFinishConnect(NioSocketChannel.java:327)
	at org.apache.ratis.thirdparty.io.netty.channel.nio.AbstractNioChannel$AbstractNioUnsafe.finishConnect(AbstractNioChannel.java:340)
	at org.apache.ratis.thirdparty.io.netty.channel.nio.NioEventLoop.processSelectedKey(NioEventLoop.java:632)
	at org.apache.ratis.thirdparty.io.netty.channel.nio.NioEventLoop.processSelectedKeysOptimized(NioEventLoop.java:579)
	at org.apache.ratis.thirdparty.io.netty.channel.nio.NioEventLoop.processSelectedKeys(NioEventLoop.java:496)
	at org.apache.ratis.thirdparty.io.netty.channel.nio.NioEventLoop.run(NioEventLoop.java:458)
	at org.apache.ratis.thirdparty.io.netty.util.concurrent.SingleThreadEventExecutor$5.run(SingleThreadEventExecutor.java:897)
	at org.apache.ratis.thirdparty.io.netty.util.concurrent.FastThreadLocalRunnable.run(FastThreadLocalRunnable.java:30)
	... 1 more
Caused by: java.net.ConnectException: Connection refused
	... 11 more
2019-10-17 18:51:23,868 [b8f04e38-0663-4b1f-8efd-f76585c6e86c@group-5F52F902B742-LeaderElection433] INFO  impl.LeaderElection (LogUtils.java:infoOrTrace(149)) - b8f04e38-0663-4b1f-8efd-f76585c6e86c@group-5F52F902B742-LeaderElection433 got exception when requesting votes: {}
java.util.concurrent.ExecutionException: org.apache.ratis.thirdparty.io.grpc.StatusRuntimeException: UNAVAILABLE: io exception
	at java.util.concurrent.FutureTask.report(FutureTask.java:122)
	at java.util.concurrent.FutureTask.get(FutureTask.java:192)
	at org.apache.ratis.server.impl.LeaderElection.waitForResults(LeaderElection.java:259)
	at org.apache.ratis.server.impl.LeaderElection.askForVotes(LeaderElection.java:197)
	at org.apache.ratis.server.impl.LeaderElection.run(LeaderElection.java:133)
	at java.lang.Thread.run(Thread.java:748)
Caused by: org.apache.ratis.thirdparty.io.grpc.StatusRuntimeException: UNAVAILABLE: io exception
	at org.apache.ratis.thirdparty.io.grpc.stub.ClientCalls.toStatusRuntimeException(ClientCalls.java:233)
	at org.apache.ratis.thirdparty.io.grpc.stub.ClientCalls.getUnchecked(ClientCalls.java:214)
	at org.apache.ratis.thirdparty.io.grpc.stub.ClientCalls.blockingUnaryCall(ClientCalls.java:139)
	at org.apache.ratis.proto.grpc.RaftServerProtocolServiceGrpc$RaftServerProtocolServiceBlockingStub.requestVote(RaftServerProtocolServiceGrpc.java:265)
	at org.apache.ratis.grpc.server.GrpcServerProtocolClient.requestVote(GrpcServerProtocolClient.java:99)
	at org.apache.ratis.grpc.server.GrpcService.requestVote(GrpcService.java:204)
	at org.apache.ratis.server.impl.LeaderElection.lambda$submitRequests$1(LeaderElection.java:234)
	at java.util.concurrent.FutureTask.run(FutureTask.java:266)
	at java.util.concurrent.Executors$RunnableAdapter.call(Executors.java:511)
	at java.util.concurrent.FutureTask.run(FutureTask.java:266)
	at java.util.concurrent.ThreadPoolExecutor.runWorker(ThreadPoolExecutor.java:1149)
	at java.util.concurrent.ThreadPoolExecutor$Worker.run(ThreadPoolExecutor.java:624)
	... 1 more
Caused by: org.apache.ratis.thirdparty.io.netty.channel.AbstractChannel$AnnotatedConnectException: Connection refused: /192.168.157.251:32952
	at sun.nio.ch.SocketChannelImpl.checkConnect(Native Method)
	at sun.nio.ch.SocketChannelImpl.finishConnect(SocketChannelImpl.java:717)
	at org.apache.ratis.thirdparty.io.netty.channel.socket.nio.NioSocketChannel.doFinishConnect(NioSocketChannel.java:327)
	at org.apache.ratis.thirdparty.io.netty.channel.nio.AbstractNioChannel$AbstractNioUnsafe.finishConnect(AbstractNioChannel.java:340)
	at org.apache.ratis.thirdparty.io.netty.channel.nio.NioEventLoop.processSelectedKey(NioEventLoop.java:632)
	at org.apache.ratis.thirdparty.io.netty.channel.nio.NioEventLoop.processSelectedKeysOptimized(NioEventLoop.java:579)
	at org.apache.ratis.thirdparty.io.netty.channel.nio.NioEventLoop.processSelectedKeys(NioEventLoop.java:496)
	at org.apache.ratis.thirdparty.io.netty.channel.nio.NioEventLoop.run(NioEventLoop.java:458)
	at org.apache.ratis.thirdparty.io.netty.util.concurrent.SingleThreadEventExecutor$5.run(SingleThreadEventExecutor.java:897)
	at org.apache.ratis.thirdparty.io.netty.util.concurrent.FastThreadLocalRunnable.run(FastThreadLocalRunnable.java:30)
	... 1 more
Caused by: java.net.ConnectException: Connection refused
	... 11 more
2019-10-17 18:51:23,869 [b8f04e38-0663-4b1f-8efd-f76585c6e86c@group-5F52F902B742-LeaderElection433] INFO  impl.LeaderElection (LeaderElection.java:logAndReturn(56)) - b8f04e38-0663-4b1f-8efd-f76585c6e86c@group-5F52F902B742-LeaderElection433: Election REJECTED; received 0 response(s) [] and 2 exception(s); b8f04e38-0663-4b1f-8efd-f76585c6e86c@group-5F52F902B742:t207, leader=null, voted=b8f04e38-0663-4b1f-8efd-f76585c6e86c, raftlog=b8f04e38-0663-4b1f-8efd-f76585c6e86c@group-5F52F902B742-SegmentedRaftLog:OPENED:c-1,f0,i0, conf=0: [b8f04e38-0663-4b1f-8efd-f76585c6e86c:192.168.157.251:35700, abcd8826-c056-4817-bd0f-7af19a46d814:192.168.157.251:46496, 73297ffa-40cb-4e3e-b33e-1bc2c1da60f5:192.168.157.251:32952], old=null
2019-10-17 18:51:23,869 [b8f04e38-0663-4b1f-8efd-f76585c6e86c@group-5F52F902B742-LeaderElection433] INFO  impl.LeaderElection (LogUtils.java:infoOrTrace(149)) -   Exception 0: {}
java.util.concurrent.ExecutionException: org.apache.ratis.thirdparty.io.grpc.StatusRuntimeException: UNAVAILABLE: io exception
	at java.util.concurrent.FutureTask.report(FutureTask.java:122)
	at java.util.concurrent.FutureTask.get(FutureTask.java:192)
	at org.apache.ratis.server.impl.LeaderElection.waitForResults(LeaderElection.java:259)
	at org.apache.ratis.server.impl.LeaderElection.askForVotes(LeaderElection.java:197)
	at org.apache.ratis.server.impl.LeaderElection.run(LeaderElection.java:133)
	at java.lang.Thread.run(Thread.java:748)
Caused by: org.apache.ratis.thirdparty.io.grpc.StatusRuntimeException: UNAVAILABLE: io exception
	at org.apache.ratis.thirdparty.io.grpc.stub.ClientCalls.toStatusRuntimeException(ClientCalls.java:233)
	at org.apache.ratis.thirdparty.io.grpc.stub.ClientCalls.getUnchecked(ClientCalls.java:214)
	at org.apache.ratis.thirdparty.io.grpc.stub.ClientCalls.blockingUnaryCall(ClientCalls.java:139)
	at org.apache.ratis.proto.grpc.RaftServerProtocolServiceGrpc$RaftServerProtocolServiceBlockingStub.requestVote(RaftServerProtocolServiceGrpc.java:265)
	at org.apache.ratis.grpc.server.GrpcServerProtocolClient.requestVote(GrpcServerProtocolClient.java:99)
	at org.apache.ratis.grpc.server.GrpcService.requestVote(GrpcService.java:204)
	at org.apache.ratis.server.impl.LeaderElection.lambda$submitRequests$1(LeaderElection.java:234)
	at java.util.concurrent.FutureTask.run(FutureTask.java:266)
	at java.util.concurrent.Executors$RunnableAdapter.call(Executors.java:511)
	at java.util.concurrent.FutureTask.run(FutureTask.java:266)
	at java.util.concurrent.ThreadPoolExecutor.runWorker(ThreadPoolExecutor.java:1149)
	at java.util.concurrent.ThreadPoolExecutor$Worker.run(ThreadPoolExecutor.java:624)
	... 1 more
Caused by: org.apache.ratis.thirdparty.io.netty.channel.AbstractChannel$AnnotatedConnectException: Connection refused: /192.168.157.251:46496
	at sun.nio.ch.SocketChannelImpl.checkConnect(Native Method)
	at sun.nio.ch.SocketChannelImpl.finishConnect(SocketChannelImpl.java:717)
	at org.apache.ratis.thirdparty.io.netty.channel.socket.nio.NioSocketChannel.doFinishConnect(NioSocketChannel.java:327)
	at org.apache.ratis.thirdparty.io.netty.channel.nio.AbstractNioChannel$AbstractNioUnsafe.finishConnect(AbstractNioChannel.java:340)
	at org.apache.ratis.thirdparty.io.netty.channel.nio.NioEventLoop.processSelectedKey(NioEventLoop.java:632)
	at org.apache.ratis.thirdparty.io.netty.channel.nio.NioEventLoop.processSelectedKeysOptimized(NioEventLoop.java:579)
	at org.apache.ratis.thirdparty.io.netty.channel.nio.NioEventLoop.processSelectedKeys(NioEventLoop.java:496)
	at org.apache.ratis.thirdparty.io.netty.channel.nio.NioEventLoop.run(NioEventLoop.java:458)
	at org.apache.ratis.thirdparty.io.netty.util.concurrent.SingleThreadEventExecutor$5.run(SingleThreadEventExecutor.java:897)
	at org.apache.ratis.thirdparty.io.netty.util.concurrent.FastThreadLocalRunnable.run(FastThreadLocalRunnable.java:30)
	... 1 more
Caused by: java.net.ConnectException: Connection refused
	... 11 more
2019-10-17 18:51:23,869 [b8f04e38-0663-4b1f-8efd-f76585c6e86c@group-5F52F902B742-LeaderElection433] INFO  impl.LeaderElection (LogUtils.java:infoOrTrace(149)) -   Exception 1: {}
java.util.concurrent.ExecutionException: org.apache.ratis.thirdparty.io.grpc.StatusRuntimeException: UNAVAILABLE: io exception
	at java.util.concurrent.FutureTask.report(FutureTask.java:122)
	at java.util.concurrent.FutureTask.get(FutureTask.java:192)
	at org.apache.ratis.server.impl.LeaderElection.waitForResults(LeaderElection.java:259)
	at org.apache.ratis.server.impl.LeaderElection.askForVotes(LeaderElection.java:197)
	at org.apache.ratis.server.impl.LeaderElection.run(LeaderElection.java:133)
	at java.lang.Thread.run(Thread.java:748)
Caused by: org.apache.ratis.thirdparty.io.grpc.StatusRuntimeException: UNAVAILABLE: io exception
	at org.apache.ratis.thirdparty.io.grpc.stub.ClientCalls.toStatusRuntimeException(ClientCalls.java:233)
	at org.apache.ratis.thirdparty.io.grpc.stub.ClientCalls.getUnchecked(ClientCalls.java:214)
	at org.apache.ratis.thirdparty.io.grpc.stub.ClientCalls.blockingUnaryCall(ClientCalls.java:139)
	at org.apache.ratis.proto.grpc.RaftServerProtocolServiceGrpc$RaftServerProtocolServiceBlockingStub.requestVote(RaftServerProtocolServiceGrpc.java:265)
	at org.apache.ratis.grpc.server.GrpcServerProtocolClient.requestVote(GrpcServerProtocolClient.java:99)
	at org.apache.ratis.grpc.server.GrpcService.requestVote(GrpcService.java:204)
	at org.apache.ratis.server.impl.LeaderElection.lambda$submitRequests$1(LeaderElection.java:234)
	at java.util.concurrent.FutureTask.run(FutureTask.java:266)
	at java.util.concurrent.Executors$RunnableAdapter.call(Executors.java:511)
	at java.util.concurrent.FutureTask.run(FutureTask.java:266)
	at java.util.concurrent.ThreadPoolExecutor.runWorker(ThreadPoolExecutor.java:1149)
	at java.util.concurrent.ThreadPoolExecutor$Worker.run(ThreadPoolExecutor.java:624)
	... 1 more
Caused by: org.apache.ratis.thirdparty.io.netty.channel.AbstractChannel$AnnotatedConnectException: Connection refused: /192.168.157.251:32952
	at sun.nio.ch.SocketChannelImpl.checkConnect(Native Method)
	at sun.nio.ch.SocketChannelImpl.finishConnect(SocketChannelImpl.java:717)
	at org.apache.ratis.thirdparty.io.netty.channel.socket.nio.NioSocketChannel.doFinishConnect(NioSocketChannel.java:327)
	at org.apache.ratis.thirdparty.io.netty.channel.nio.AbstractNioChannel$AbstractNioUnsafe.finishConnect(AbstractNioChannel.java:340)
	at org.apache.ratis.thirdparty.io.netty.channel.nio.NioEventLoop.processSelectedKey(NioEventLoop.java:632)
	at org.apache.ratis.thirdparty.io.netty.channel.nio.NioEventLoop.processSelectedKeysOptimized(NioEventLoop.java:579)
	at org.apache.ratis.thirdparty.io.netty.channel.nio.NioEventLoop.processSelectedKeys(NioEventLoop.java:496)
	at org.apache.ratis.thirdparty.io.netty.channel.nio.NioEventLoop.run(NioEventLoop.java:458)
	at org.apache.ratis.thirdparty.io.netty.util.concurrent.SingleThreadEventExecutor$5.run(SingleThreadEventExecutor.java:897)
	at org.apache.ratis.thirdparty.io.netty.util.concurrent.FastThreadLocalRunnable.run(FastThreadLocalRunnable.java:30)
	... 1 more
Caused by: java.net.ConnectException: Connection refused
	... 11 more
2019-10-17 18:51:23,869 [java.util.concurrent.ThreadPoolExecutor$Worker@5bc0d76f[State = -1, empty queue]] WARN  server.GrpcLogAppender (GrpcLogAppender.java:timeoutAppendRequest(209)) - 8f4f8799-ef18-41e5-9bb8-2f724208e999@group-9D6F8169C5E6->0fe4833c-4439-4309-b94b-508419b07a37-GrpcLogAppender: appendEntries Timeout, request=8f4f8799-ef18-41e5-9bb8-2f724208e999->0fe4833c-4439-4309-b94b-508419b07a37#89-t7, previous=(t:7, i:19), leaderCommit=19, initializing? false, entries: <empty>
2019-10-17 18:51:23,869 [b8f04e38-0663-4b1f-8efd-f76585c6e86c@group-5F52F902B742-LeaderElection433] INFO  impl.RaftServerImpl (RaftServerImpl.java:setRole(184)) - b8f04e38-0663-4b1f-8efd-f76585c6e86c@group-5F52F902B742: changes role from CANDIDATE to FOLLOWER at term 207 for DISCOVERED_A_NEW_TERM
2019-10-17 18:51:23,870 [b8f04e38-0663-4b1f-8efd-f76585c6e86c@group-5F52F902B742-LeaderElection433] INFO  impl.RoleInfo (RoleInfo.java:shutdownLeaderElection(134)) - b8f04e38-0663-4b1f-8efd-f76585c6e86c: shutdown LeaderElection
2019-10-17 18:51:23,870 [b8f04e38-0663-4b1f-8efd-f76585c6e86c@group-5F52F902B742-LeaderElection433] INFO  impl.RoleInfo (RoleInfo.java:updateAndGet(143)) - b8f04e38-0663-4b1f-8efd-f76585c6e86c: start FollowerState
2019-10-17 18:51:23,894 [java.util.concurrent.ThreadPoolExecutor$Worker@29d0258b[State = -1, empty queue]] WARN  server.GrpcLogAppender (GrpcLogAppender.java:timeoutAppendRequest(209)) - 8f4f8799-ef18-41e5-9bb8-2f724208e999@group-9D6F8169C5E6->de8c9e34-1a4b-4ad8-952a-c65e9c1604e8-GrpcLogAppender: appendEntries Timeout, request=8f4f8799-ef18-41e5-9bb8-2f724208e999->de8c9e34-1a4b-4ad8-952a-c65e9c1604e8#89-t7, previous=(t:7, i:19), leaderCommit=19, initializing? false, entries: <empty>
2019-10-17 18:51:23,980 [Thread-3280] INFO  impl.FollowerState (FollowerState.java:run(108)) - a5e79c22-a35f-4e50-b1fd-e91b6a93d74d@group-F775CA5912AC-FollowerState: change to CANDIDATE, lastRpcTime:183ms, electionTimeout:183ms
2019-10-17 18:51:23,980 [Thread-3280] INFO  impl.RoleInfo (RoleInfo.java:shutdownFollowerState(121)) - a5e79c22-a35f-4e50-b1fd-e91b6a93d74d: shutdown FollowerState
2019-10-17 18:51:23,981 [Thread-3280] INFO  impl.RaftServerImpl (RaftServerImpl.java:setRole(184)) - a5e79c22-a35f-4e50-b1fd-e91b6a93d74d@group-F775CA5912AC: changes role from  FOLLOWER to CANDIDATE at term 267 for changeToCandidate
2019-10-17 18:51:23,981 [Thread-3280] INFO  impl.RoleInfo (RoleInfo.java:updateAndGet(143)) - a5e79c22-a35f-4e50-b1fd-e91b6a93d74d: start LeaderElection
2019-10-17 18:51:23,995 [a5e79c22-a35f-4e50-b1fd-e91b6a93d74d@group-F775CA5912AC-LeaderElection434] INFO  impl.LeaderElection (LeaderElection.java:askForVotes(178)) - a5e79c22-a35f-4e50-b1fd-e91b6a93d74d@group-F775CA5912AC-LeaderElection434: begin an election at term 268 for -1: [a5e79c22-a35f-4e50-b1fd-e91b6a93d74d:192.168.157.251:45177, daae7813-f814-475d-9647-a302a5541e36:192.168.157.251:45025, 1e4e1375-1b66-460f-8c99-4c341545a119:192.168.157.251:42113], old=null
2019-10-17 18:51:23,995 [a5e79c22-a35f-4e50-b1fd-e91b6a93d74d@group-F775CA5912AC-LeaderElection434] INFO  impl.LeaderElection (LogUtils.java:infoOrTrace(149)) - a5e79c22-a35f-4e50-b1fd-e91b6a93d74d@group-F775CA5912AC-LeaderElection434 got exception when requesting votes: {}
java.util.concurrent.ExecutionException: org.apache.ratis.thirdparty.io.grpc.StatusRuntimeException: UNAVAILABLE: io exception
	at java.util.concurrent.FutureTask.report(FutureTask.java:122)
	at java.util.concurrent.FutureTask.get(FutureTask.java:192)
	at org.apache.ratis.server.impl.LeaderElection.waitForResults(LeaderElection.java:259)
	at org.apache.ratis.server.impl.LeaderElection.askForVotes(LeaderElection.java:197)
	at org.apache.ratis.server.impl.LeaderElection.run(LeaderElection.java:133)
	at java.lang.Thread.run(Thread.java:748)
Caused by: org.apache.ratis.thirdparty.io.grpc.StatusRuntimeException: UNAVAILABLE: io exception
	at org.apache.ratis.thirdparty.io.grpc.stub.ClientCalls.toStatusRuntimeException(ClientCalls.java:233)
	at org.apache.ratis.thirdparty.io.grpc.stub.ClientCalls.getUnchecked(ClientCalls.java:214)
	at org.apache.ratis.thirdparty.io.grpc.stub.ClientCalls.blockingUnaryCall(ClientCalls.java:139)
	at org.apache.ratis.proto.grpc.RaftServerProtocolServiceGrpc$RaftServerProtocolServiceBlockingStub.requestVote(RaftServerProtocolServiceGrpc.java:265)
	at org.apache.ratis.grpc.server.GrpcServerProtocolClient.requestVote(GrpcServerProtocolClient.java:99)
	at org.apache.ratis.grpc.server.GrpcService.requestVote(GrpcService.java:204)
	at org.apache.ratis.server.impl.LeaderElection.lambda$submitRequests$1(LeaderElection.java:234)
	at java.util.concurrent.FutureTask.run(FutureTask.java:266)
	at java.util.concurrent.Executors$RunnableAdapter.call(Executors.java:511)
	at java.util.concurrent.FutureTask.run(FutureTask.java:266)
	at java.util.concurrent.ThreadPoolExecutor.runWorker(ThreadPoolExecutor.java:1149)
	at java.util.concurrent.ThreadPoolExecutor$Worker.run(ThreadPoolExecutor.java:624)
	... 1 more
Caused by: org.apache.ratis.thirdparty.io.netty.channel.AbstractChannel$AnnotatedConnectException: Connection refused: /192.168.157.251:42113
	at sun.nio.ch.SocketChannelImpl.checkConnect(Native Method)
	at sun.nio.ch.SocketChannelImpl.finishConnect(SocketChannelImpl.java:717)
	at org.apache.ratis.thirdparty.io.netty.channel.socket.nio.NioSocketChannel.doFinishConnect(NioSocketChannel.java:327)
	at org.apache.ratis.thirdparty.io.netty.channel.nio.AbstractNioChannel$AbstractNioUnsafe.finishConnect(AbstractNioChannel.java:340)
	at org.apache.ratis.thirdparty.io.netty.channel.nio.NioEventLoop.processSelectedKey(NioEventLoop.java:632)
	at org.apache.ratis.thirdparty.io.netty.channel.nio.NioEventLoop.processSelectedKeysOptimized(NioEventLoop.java:579)
	at org.apache.ratis.thirdparty.io.netty.channel.nio.NioEventLoop.processSelectedKeys(NioEventLoop.java:496)
	at org.apache.ratis.thirdparty.io.netty.channel.nio.NioEventLoop.run(NioEventLoop.java:458)
	at org.apache.ratis.thirdparty.io.netty.util.concurrent.SingleThreadEventExecutor$5.run(SingleThreadEventExecutor.java:897)
	at org.apache.ratis.thirdparty.io.netty.util.concurrent.FastThreadLocalRunnable.run(FastThreadLocalRunnable.java:30)
	... 1 more
Caused by: java.net.ConnectException: Connection refused
	... 11 more
2019-10-17 18:51:23,996 [a5e79c22-a35f-4e50-b1fd-e91b6a93d74d@group-F775CA5912AC-LeaderElection434] INFO  impl.LeaderElection (LogUtils.java:infoOrTrace(149)) - a5e79c22-a35f-4e50-b1fd-e91b6a93d74d@group-F775CA5912AC-LeaderElection434 got exception when requesting votes: {}
java.util.concurrent.ExecutionException: org.apache.ratis.thirdparty.io.grpc.StatusRuntimeException: UNAVAILABLE: io exception
	at java.util.concurrent.FutureTask.report(FutureTask.java:122)
	at java.util.concurrent.FutureTask.get(FutureTask.java:192)
	at org.apache.ratis.server.impl.LeaderElection.waitForResults(LeaderElection.java:259)
	at org.apache.ratis.server.impl.LeaderElection.askForVotes(LeaderElection.java:197)
	at org.apache.ratis.server.impl.LeaderElection.run(LeaderElection.java:133)
	at java.lang.Thread.run(Thread.java:748)
Caused by: org.apache.ratis.thirdparty.io.grpc.StatusRuntimeException: UNAVAILABLE: io exception
	at org.apache.ratis.thirdparty.io.grpc.stub.ClientCalls.toStatusRuntimeException(ClientCalls.java:233)
	at org.apache.ratis.thirdparty.io.grpc.stub.ClientCalls.getUnchecked(ClientCalls.java:214)
	at org.apache.ratis.thirdparty.io.grpc.stub.ClientCalls.blockingUnaryCall(ClientCalls.java:139)
	at org.apache.ratis.proto.grpc.RaftServerProtocolServiceGrpc$RaftServerProtocolServiceBlockingStub.requestVote(RaftServerProtocolServiceGrpc.java:265)
	at org.apache.ratis.grpc.server.GrpcServerProtocolClient.requestVote(GrpcServerProtocolClient.java:99)
	at org.apache.ratis.grpc.server.GrpcService.requestVote(GrpcService.java:204)
	at org.apache.ratis.server.impl.LeaderElection.lambda$submitRequests$1(LeaderElection.java:234)
	at java.util.concurrent.FutureTask.run(FutureTask.java:266)
	at java.util.concurrent.Executors$RunnableAdapter.call(Executors.java:511)
	at java.util.concurrent.FutureTask.run(FutureTask.java:266)
	at java.util.concurrent.ThreadPoolExecutor.runWorker(ThreadPoolExecutor.java:1149)
	at java.util.concurrent.ThreadPoolExecutor$Worker.run(ThreadPoolExecutor.java:624)
	... 1 more
Caused by: org.apache.ratis.thirdparty.io.netty.channel.AbstractChannel$AnnotatedConnectException: Connection refused: /192.168.157.251:45025
	at sun.nio.ch.SocketChannelImpl.checkConnect(Native Method)
	at sun.nio.ch.SocketChannelImpl.finishConnect(SocketChannelImpl.java:717)
	at org.apache.ratis.thirdparty.io.netty.channel.socket.nio.NioSocketChannel.doFinishConnect(NioSocketChannel.java:327)
	at org.apache.ratis.thirdparty.io.netty.channel.nio.AbstractNioChannel$AbstractNioUnsafe.finishConnect(AbstractNioChannel.java:340)
	at org.apache.ratis.thirdparty.io.netty.channel.nio.NioEventLoop.processSelectedKey(NioEventLoop.java:632)
	at org.apache.ratis.thirdparty.io.netty.channel.nio.NioEventLoop.processSelectedKeysOptimized(NioEventLoop.java:579)
	at org.apache.ratis.thirdparty.io.netty.channel.nio.NioEventLoop.processSelectedKeys(NioEventLoop.java:496)
	at org.apache.ratis.thirdparty.io.netty.channel.nio.NioEventLoop.run(NioEventLoop.java:458)
	at org.apache.ratis.thirdparty.io.netty.util.concurrent.SingleThreadEventExecutor$5.run(SingleThreadEventExecutor.java:897)
	at org.apache.ratis.thirdparty.io.netty.util.concurrent.FastThreadLocalRunnable.run(FastThreadLocalRunnable.java:30)
	... 1 more
Caused by: java.net.ConnectException: Connection refused
	... 11 more
2019-10-17 18:51:23,996 [a5e79c22-a35f-4e50-b1fd-e91b6a93d74d@group-F775CA5912AC-LeaderElection434] INFO  impl.LeaderElection (LeaderElection.java:logAndReturn(56)) - a5e79c22-a35f-4e50-b1fd-e91b6a93d74d@group-F775CA5912AC-LeaderElection434: Election REJECTED; received 0 response(s) [] and 2 exception(s); a5e79c22-a35f-4e50-b1fd-e91b6a93d74d@group-F775CA5912AC:t268, leader=null, voted=a5e79c22-a35f-4e50-b1fd-e91b6a93d74d, raftlog=a5e79c22-a35f-4e50-b1fd-e91b6a93d74d@group-F775CA5912AC-SegmentedRaftLog:OPENED:c-1,f-1,i0, conf=-1: [a5e79c22-a35f-4e50-b1fd-e91b6a93d74d:192.168.157.251:45177, daae7813-f814-475d-9647-a302a5541e36:192.168.157.251:45025, 1e4e1375-1b66-460f-8c99-4c341545a119:192.168.157.251:42113], old=null
2019-10-17 18:51:23,996 [a5e79c22-a35f-4e50-b1fd-e91b6a93d74d@group-F775CA5912AC-LeaderElection434] INFO  impl.LeaderElection (LogUtils.java:infoOrTrace(149)) -   Exception 0: {}
java.util.concurrent.ExecutionException: org.apache.ratis.thirdparty.io.grpc.StatusRuntimeException: UNAVAILABLE: io exception
	at java.util.concurrent.FutureTask.report(FutureTask.java:122)
	at java.util.concurrent.FutureTask.get(FutureTask.java:192)
	at org.apache.ratis.server.impl.LeaderElection.waitForResults(LeaderElection.java:259)
	at org.apache.ratis.server.impl.LeaderElection.askForVotes(LeaderElection.java:197)
	at org.apache.ratis.server.impl.LeaderElection.run(LeaderElection.java:133)
	at java.lang.Thread.run(Thread.java:748)
Caused by: org.apache.ratis.thirdparty.io.grpc.StatusRuntimeException: UNAVAILABLE: io exception
	at org.apache.ratis.thirdparty.io.grpc.stub.ClientCalls.toStatusRuntimeException(ClientCalls.java:233)
	at org.apache.ratis.thirdparty.io.grpc.stub.ClientCalls.getUnchecked(ClientCalls.java:214)
	at org.apache.ratis.thirdparty.io.grpc.stub.ClientCalls.blockingUnaryCall(ClientCalls.java:139)
	at org.apache.ratis.proto.grpc.RaftServerProtocolServiceGrpc$RaftServerProtocolServiceBlockingStub.requestVote(RaftServerProtocolServiceGrpc.java:265)
	at org.apache.ratis.grpc.server.GrpcServerProtocolClient.requestVote(GrpcServerProtocolClient.java:99)
	at org.apache.ratis.grpc.server.GrpcService.requestVote(GrpcService.java:204)
	at org.apache.ratis.server.impl.LeaderElection.lambda$submitRequests$1(LeaderElection.java:234)
	at java.util.concurrent.FutureTask.run(FutureTask.java:266)
	at java.util.concurrent.Executors$RunnableAdapter.call(Executors.java:511)
	at java.util.concurrent.FutureTask.run(FutureTask.java:266)
	at java.util.concurrent.ThreadPoolExecutor.runWorker(ThreadPoolExecutor.java:1149)
	at java.util.concurrent.ThreadPoolExecutor$Worker.run(ThreadPoolExecutor.java:624)
	... 1 more
Caused by: org.apache.ratis.thirdparty.io.netty.channel.AbstractChannel$AnnotatedConnectException: Connection refused: /192.168.157.251:42113
	at sun.nio.ch.SocketChannelImpl.checkConnect(Native Method)
	at sun.nio.ch.SocketChannelImpl.finishConnect(SocketChannelImpl.java:717)
	at org.apache.ratis.thirdparty.io.netty.channel.socket.nio.NioSocketChannel.doFinishConnect(NioSocketChannel.java:327)
	at org.apache.ratis.thirdparty.io.netty.channel.nio.AbstractNioChannel$AbstractNioUnsafe.finishConnect(AbstractNioChannel.java:340)
	at org.apache.ratis.thirdparty.io.netty.channel.nio.NioEventLoop.processSelectedKey(NioEventLoop.java:632)
	at org.apache.ratis.thirdparty.io.netty.channel.nio.NioEventLoop.processSelectedKeysOptimized(NioEventLoop.java:579)
	at org.apache.ratis.thirdparty.io.netty.channel.nio.NioEventLoop.processSelectedKeys(NioEventLoop.java:496)
	at org.apache.ratis.thirdparty.io.netty.channel.nio.NioEventLoop.run(NioEventLoop.java:458)
	at org.apache.ratis.thirdparty.io.netty.util.concurrent.SingleThreadEventExecutor$5.run(SingleThreadEventExecutor.java:897)
	at org.apache.ratis.thirdparty.io.netty.util.concurrent.FastThreadLocalRunnable.run(FastThreadLocalRunnable.java:30)
	... 1 more
Caused by: java.net.ConnectException: Connection refused
	... 11 more
2019-10-17 18:51:23,997 [a5e79c22-a35f-4e50-b1fd-e91b6a93d74d@group-F775CA5912AC-LeaderElection434] INFO  impl.LeaderElection (LogUtils.java:infoOrTrace(149)) -   Exception 1: {}
java.util.concurrent.ExecutionException: org.apache.ratis.thirdparty.io.grpc.StatusRuntimeException: UNAVAILABLE: io exception
	at java.util.concurrent.FutureTask.report(FutureTask.java:122)
	at java.util.concurrent.FutureTask.get(FutureTask.java:192)
	at org.apache.ratis.server.impl.LeaderElection.waitForResults(LeaderElection.java:259)
	at org.apache.ratis.server.impl.LeaderElection.askForVotes(LeaderElection.java:197)
	at org.apache.ratis.server.impl.LeaderElection.run(LeaderElection.java:133)
	at java.lang.Thread.run(Thread.java:748)
Caused by: org.apache.ratis.thirdparty.io.grpc.StatusRuntimeException: UNAVAILABLE: io exception
	at org.apache.ratis.thirdparty.io.grpc.stub.ClientCalls.toStatusRuntimeException(ClientCalls.java:233)
	at org.apache.ratis.thirdparty.io.grpc.stub.ClientCalls.getUnchecked(ClientCalls.java:214)
	at org.apache.ratis.thirdparty.io.grpc.stub.ClientCalls.blockingUnaryCall(ClientCalls.java:139)
	at org.apache.ratis.proto.grpc.RaftServerProtocolServiceGrpc$RaftServerProtocolServiceBlockingStub.requestVote(RaftServerProtocolServiceGrpc.java:265)
	at org.apache.ratis.grpc.server.GrpcServerProtocolClient.requestVote(GrpcServerProtocolClient.java:99)
	at org.apache.ratis.grpc.server.GrpcService.requestVote(GrpcService.java:204)
	at org.apache.ratis.server.impl.LeaderElection.lambda$submitRequests$1(LeaderElection.java:234)
	at java.util.concurrent.FutureTask.run(FutureTask.java:266)
	at java.util.concurrent.Executors$RunnableAdapter.call(Executors.java:511)
	at java.util.concurrent.FutureTask.run(FutureTask.java:266)
	at java.util.concurrent.ThreadPoolExecutor.runWorker(ThreadPoolExecutor.java:1149)
	at java.util.concurrent.ThreadPoolExecutor$Worker.run(ThreadPoolExecutor.java:624)
	... 1 more
Caused by: org.apache.ratis.thirdparty.io.netty.channel.AbstractChannel$AnnotatedConnectException: Connection refused: /192.168.157.251:45025
	at sun.nio.ch.SocketChannelImpl.checkConnect(Native Method)
	at sun.nio.ch.SocketChannelImpl.finishConnect(SocketChannelImpl.java:717)
	at org.apache.ratis.thirdparty.io.netty.channel.socket.nio.NioSocketChannel.doFinishConnect(NioSocketChannel.java:327)
	at org.apache.ratis.thirdparty.io.netty.channel.nio.AbstractNioChannel$AbstractNioUnsafe.finishConnect(AbstractNioChannel.java:340)
	at org.apache.ratis.thirdparty.io.netty.channel.nio.NioEventLoop.processSelectedKey(NioEventLoop.java:632)
	at org.apache.ratis.thirdparty.io.netty.channel.nio.NioEventLoop.processSelectedKeysOptimized(NioEventLoop.java:579)
	at org.apache.ratis.thirdparty.io.netty.channel.nio.NioEventLoop.processSelectedKeys(NioEventLoop.java:496)
	at org.apache.ratis.thirdparty.io.netty.channel.nio.NioEventLoop.run(NioEventLoop.java:458)
	at org.apache.ratis.thirdparty.io.netty.util.concurrent.SingleThreadEventExecutor$5.run(SingleThreadEventExecutor.java:897)
	at org.apache.ratis.thirdparty.io.netty.util.concurrent.FastThreadLocalRunnable.run(FastThreadLocalRunnable.java:30)
	... 1 more
Caused by: java.net.ConnectException: Connection refused
	... 11 more
2019-10-17 18:51:23,997 [a5e79c22-a35f-4e50-b1fd-e91b6a93d74d@group-F775CA5912AC-LeaderElection434] INFO  impl.RaftServerImpl (RaftServerImpl.java:setRole(184)) - a5e79c22-a35f-4e50-b1fd-e91b6a93d74d@group-F775CA5912AC: changes role from CANDIDATE to FOLLOWER at term 268 for DISCOVERED_A_NEW_TERM
2019-10-17 18:51:23,997 [a5e79c22-a35f-4e50-b1fd-e91b6a93d74d@group-F775CA5912AC-LeaderElection434] INFO  impl.RoleInfo (RoleInfo.java:shutdownLeaderElection(134)) - a5e79c22-a35f-4e50-b1fd-e91b6a93d74d: shutdown LeaderElection
2019-10-17 18:51:23,997 [a5e79c22-a35f-4e50-b1fd-e91b6a93d74d@group-F775CA5912AC-LeaderElection434] INFO  impl.RoleInfo (RoleInfo.java:updateAndGet(143)) - a5e79c22-a35f-4e50-b1fd-e91b6a93d74d: start FollowerState
2019-10-17 18:51:24,087 [Thread-3288] INFO  impl.FollowerState (FollowerState.java:run(108)) - a5e79c22-a35f-4e50-b1fd-e91b6a93d74d@group-F775CA5912AC-FollowerState: change to CANDIDATE, lastRpcTime:89ms, electionTimeout:89ms
2019-10-17 18:51:24,087 [Thread-3288] INFO  impl.RoleInfo (RoleInfo.java:shutdownFollowerState(121)) - a5e79c22-a35f-4e50-b1fd-e91b6a93d74d: shutdown FollowerState
2019-10-17 18:51:24,087 [Thread-3288] INFO  impl.RaftServerImpl (RaftServerImpl.java:setRole(184)) - a5e79c22-a35f-4e50-b1fd-e91b6a93d74d@group-F775CA5912AC: changes role from  FOLLOWER to CANDIDATE at term 268 for changeToCandidate
2019-10-17 18:51:24,087 [Thread-3288] INFO  impl.RoleInfo (RoleInfo.java:updateAndGet(143)) - a5e79c22-a35f-4e50-b1fd-e91b6a93d74d: start LeaderElection
2019-10-17 18:51:24,147 [a5e79c22-a35f-4e50-b1fd-e91b6a93d74d@group-F775CA5912AC-LeaderElection435] INFO  impl.LeaderElection (LeaderElection.java:askForVotes(178)) - a5e79c22-a35f-4e50-b1fd-e91b6a93d74d@group-F775CA5912AC-LeaderElection435: begin an election at term 269 for -1: [a5e79c22-a35f-4e50-b1fd-e91b6a93d74d:192.168.157.251:45177, daae7813-f814-475d-9647-a302a5541e36:192.168.157.251:45025, 1e4e1375-1b66-460f-8c99-4c341545a119:192.168.157.251:42113], old=null
2019-10-17 18:51:24,148 [a5e79c22-a35f-4e50-b1fd-e91b6a93d74d@group-F775CA5912AC-LeaderElection435] INFO  impl.LeaderElection (LogUtils.java:infoOrTrace(149)) - a5e79c22-a35f-4e50-b1fd-e91b6a93d74d@group-F775CA5912AC-LeaderElection435 got exception when requesting votes: {}
java.util.concurrent.ExecutionException: org.apache.ratis.thirdparty.io.grpc.StatusRuntimeException: UNAVAILABLE: io exception
	at java.util.concurrent.FutureTask.report(FutureTask.java:122)
	at java.util.concurrent.FutureTask.get(FutureTask.java:192)
	at org.apache.ratis.server.impl.LeaderElection.waitForResults(LeaderElection.java:259)
	at org.apache.ratis.server.impl.LeaderElection.askForVotes(LeaderElection.java:197)
	at org.apache.ratis.server.impl.LeaderElection.run(LeaderElection.java:133)
	at java.lang.Thread.run(Thread.java:748)
Caused by: org.apache.ratis.thirdparty.io.grpc.StatusRuntimeException: UNAVAILABLE: io exception
	at org.apache.ratis.thirdparty.io.grpc.stub.ClientCalls.toStatusRuntimeException(ClientCalls.java:233)
	at org.apache.ratis.thirdparty.io.grpc.stub.ClientCalls.getUnchecked(ClientCalls.java:214)
	at org.apache.ratis.thirdparty.io.grpc.stub.ClientCalls.blockingUnaryCall(ClientCalls.java:139)
	at org.apache.ratis.proto.grpc.RaftServerProtocolServiceGrpc$RaftServerProtocolServiceBlockingStub.requestVote(RaftServerProtocolServiceGrpc.java:265)
	at org.apache.ratis.grpc.server.GrpcServerProtocolClient.requestVote(GrpcServerProtocolClient.java:99)
	at org.apache.ratis.grpc.server.GrpcService.requestVote(GrpcService.java:204)
	at org.apache.ratis.server.impl.LeaderElection.lambda$submitRequests$1(LeaderElection.java:234)
	at java.util.concurrent.FutureTask.run(FutureTask.java:266)
	at java.util.concurrent.Executors$RunnableAdapter.call(Executors.java:511)
	at java.util.concurrent.FutureTask.run(FutureTask.java:266)
	at java.util.concurrent.ThreadPoolExecutor.runWorker(ThreadPoolExecutor.java:1149)
	at java.util.concurrent.ThreadPoolExecutor$Worker.run(ThreadPoolExecutor.java:624)
	... 1 more
Caused by: org.apache.ratis.thirdparty.io.netty.channel.AbstractChannel$AnnotatedConnectException: Connection refused: /192.168.157.251:42113
	at sun.nio.ch.SocketChannelImpl.checkConnect(Native Method)
	at sun.nio.ch.SocketChannelImpl.finishConnect(SocketChannelImpl.java:717)
	at org.apache.ratis.thirdparty.io.netty.channel.socket.nio.NioSocketChannel.doFinishConnect(NioSocketChannel.java:327)
	at org.apache.ratis.thirdparty.io.netty.channel.nio.AbstractNioChannel$AbstractNioUnsafe.finishConnect(AbstractNioChannel.java:340)
	at org.apache.ratis.thirdparty.io.netty.channel.nio.NioEventLoop.processSelectedKey(NioEventLoop.java:632)
	at org.apache.ratis.thirdparty.io.netty.channel.nio.NioEventLoop.processSelectedKeysOptimized(NioEventLoop.java:579)
	at org.apache.ratis.thirdparty.io.netty.channel.nio.NioEventLoop.processSelectedKeys(NioEventLoop.java:496)
	at org.apache.ratis.thirdparty.io.netty.channel.nio.NioEventLoop.run(NioEventLoop.java:458)
	at org.apache.ratis.thirdparty.io.netty.util.concurrent.SingleThreadEventExecutor$5.run(SingleThreadEventExecutor.java:897)
	at org.apache.ratis.thirdparty.io.netty.util.concurrent.FastThreadLocalRunnable.run(FastThreadLocalRunnable.java:30)
	... 1 more
Caused by: java.net.ConnectException: Connection refused
	... 11 more
2019-10-17 18:51:24,149 [a5e79c22-a35f-4e50-b1fd-e91b6a93d74d@group-F775CA5912AC-LeaderElection435] INFO  impl.LeaderElection (LogUtils.java:infoOrTrace(149)) - a5e79c22-a35f-4e50-b1fd-e91b6a93d74d@group-F775CA5912AC-LeaderElection435 got exception when requesting votes: {}
java.util.concurrent.ExecutionException: org.apache.ratis.thirdparty.io.grpc.StatusRuntimeException: UNAVAILABLE: io exception
	at java.util.concurrent.FutureTask.report(FutureTask.java:122)
	at java.util.concurrent.FutureTask.get(FutureTask.java:192)
	at org.apache.ratis.server.impl.LeaderElection.waitForResults(LeaderElection.java:259)
	at org.apache.ratis.server.impl.LeaderElection.askForVotes(LeaderElection.java:197)
	at org.apache.ratis.server.impl.LeaderElection.run(LeaderElection.java:133)
	at java.lang.Thread.run(Thread.java:748)
Caused by: org.apache.ratis.thirdparty.io.grpc.StatusRuntimeException: UNAVAILABLE: io exception
	at org.apache.ratis.thirdparty.io.grpc.stub.ClientCalls.toStatusRuntimeException(ClientCalls.java:233)
	at org.apache.ratis.thirdparty.io.grpc.stub.ClientCalls.getUnchecked(ClientCalls.java:214)
	at org.apache.ratis.thirdparty.io.grpc.stub.ClientCalls.blockingUnaryCall(ClientCalls.java:139)
	at org.apache.ratis.proto.grpc.RaftServerProtocolServiceGrpc$RaftServerProtocolServiceBlockingStub.requestVote(RaftServerProtocolServiceGrpc.java:265)
	at org.apache.ratis.grpc.server.GrpcServerProtocolClient.requestVote(GrpcServerProtocolClient.java:99)
	at org.apache.ratis.grpc.server.GrpcService.requestVote(GrpcService.java:204)
	at org.apache.ratis.server.impl.LeaderElection.lambda$submitRequests$1(LeaderElection.java:234)
	at java.util.concurrent.FutureTask.run(FutureTask.java:266)
	at java.util.concurrent.Executors$RunnableAdapter.call(Executors.java:511)
	at java.util.concurrent.FutureTask.run(FutureTask.java:266)
	at java.util.concurrent.ThreadPoolExecutor.runWorker(ThreadPoolExecutor.java:1149)
	at java.util.concurrent.ThreadPoolExecutor$Worker.run(ThreadPoolExecutor.java:624)
	... 1 more
Caused by: org.apache.ratis.thirdparty.io.netty.channel.AbstractChannel$AnnotatedConnectException: Connection refused: /192.168.157.251:45025
	at sun.nio.ch.SocketChannelImpl.checkConnect(Native Method)
	at sun.nio.ch.SocketChannelImpl.finishConnect(SocketChannelImpl.java:717)
	at org.apache.ratis.thirdparty.io.netty.channel.socket.nio.NioSocketChannel.doFinishConnect(NioSocketChannel.java:327)
	at org.apache.ratis.thirdparty.io.netty.channel.nio.AbstractNioChannel$AbstractNioUnsafe.finishConnect(AbstractNioChannel.java:340)
	at org.apache.ratis.thirdparty.io.netty.channel.nio.NioEventLoop.processSelectedKey(NioEventLoop.java:632)
	at org.apache.ratis.thirdparty.io.netty.channel.nio.NioEventLoop.processSelectedKeysOptimized(NioEventLoop.java:579)
	at org.apache.ratis.thirdparty.io.netty.channel.nio.NioEventLoop.processSelectedKeys(NioEventLoop.java:496)
	at org.apache.ratis.thirdparty.io.netty.channel.nio.NioEventLoop.run(NioEventLoop.java:458)
	at org.apache.ratis.thirdparty.io.netty.util.concurrent.SingleThreadEventExecutor$5.run(SingleThreadEventExecutor.java:897)
	at org.apache.ratis.thirdparty.io.netty.util.concurrent.FastThreadLocalRunnable.run(FastThreadLocalRunnable.java:30)
	... 1 more
Caused by: java.net.ConnectException: Connection refused
	... 11 more
2019-10-17 18:51:24,149 [a5e79c22-a35f-4e50-b1fd-e91b6a93d74d@group-F775CA5912AC-LeaderElection435] INFO  impl.LeaderElection (LeaderElection.java:logAndReturn(56)) - a5e79c22-a35f-4e50-b1fd-e91b6a93d74d@group-F775CA5912AC-LeaderElection435: Election REJECTED; received 0 response(s) [] and 2 exception(s); a5e79c22-a35f-4e50-b1fd-e91b6a93d74d@group-F775CA5912AC:t269, leader=null, voted=a5e79c22-a35f-4e50-b1fd-e91b6a93d74d, raftlog=a5e79c22-a35f-4e50-b1fd-e91b6a93d74d@group-F775CA5912AC-SegmentedRaftLog:OPENED:c-1,f-1,i0, conf=-1: [a5e79c22-a35f-4e50-b1fd-e91b6a93d74d:192.168.157.251:45177, daae7813-f814-475d-9647-a302a5541e36:192.168.157.251:45025, 1e4e1375-1b66-460f-8c99-4c341545a119:192.168.157.251:42113], old=null
2019-10-17 18:51:24,149 [a5e79c22-a35f-4e50-b1fd-e91b6a93d74d@group-F775CA5912AC-LeaderElection435] INFO  impl.LeaderElection (LogUtils.java:infoOrTrace(149)) -   Exception 0: {}
java.util.concurrent.ExecutionException: org.apache.ratis.thirdparty.io.grpc.StatusRuntimeException: UNAVAILABLE: io exception
	at java.util.concurrent.FutureTask.report(FutureTask.java:122)
	at java.util.concurrent.FutureTask.get(FutureTask.java:192)
	at org.apache.ratis.server.impl.LeaderElection.waitForResults(LeaderElection.java:259)
	at org.apache.ratis.server.impl.LeaderElection.askForVotes(LeaderElection.java:197)
	at org.apache.ratis.server.impl.LeaderElection.run(LeaderElection.java:133)
	at java.lang.Thread.run(Thread.java:748)
Caused by: org.apache.ratis.thirdparty.io.grpc.StatusRuntimeException: UNAVAILABLE: io exception
	at org.apache.ratis.thirdparty.io.grpc.stub.ClientCalls.toStatusRuntimeException(ClientCalls.java:233)
	at org.apache.ratis.thirdparty.io.grpc.stub.ClientCalls.getUnchecked(ClientCalls.java:214)
	at org.apache.ratis.thirdparty.io.grpc.stub.ClientCalls.blockingUnaryCall(ClientCalls.java:139)
	at org.apache.ratis.proto.grpc.RaftServerProtocolServiceGrpc$RaftServerProtocolServiceBlockingStub.requestVote(RaftServerProtocolServiceGrpc.java:265)
	at org.apache.ratis.grpc.server.GrpcServerProtocolClient.requestVote(GrpcServerProtocolClient.java:99)
	at org.apache.ratis.grpc.server.GrpcService.requestVote(GrpcService.java:204)
	at org.apache.ratis.server.impl.LeaderElection.lambda$submitRequests$1(LeaderElection.java:234)
	at java.util.concurrent.FutureTask.run(FutureTask.java:266)
	at java.util.concurrent.Executors$RunnableAdapter.call(Executors.java:511)
	at java.util.concurrent.FutureTask.run(FutureTask.java:266)
	at java.util.concurrent.ThreadPoolExecutor.runWorker(ThreadPoolExecutor.java:1149)
	at java.util.concurrent.ThreadPoolExecutor$Worker.run(ThreadPoolExecutor.java:624)
	... 1 more
Caused by: org.apache.ratis.thirdparty.io.netty.channel.AbstractChannel$AnnotatedConnectException: Connection refused: /192.168.157.251:42113
	at sun.nio.ch.SocketChannelImpl.checkConnect(Native Method)
	at sun.nio.ch.SocketChannelImpl.finishConnect(SocketChannelImpl.java:717)
	at org.apache.ratis.thirdparty.io.netty.channel.socket.nio.NioSocketChannel.doFinishConnect(NioSocketChannel.java:327)
	at org.apache.ratis.thirdparty.io.netty.channel.nio.AbstractNioChannel$AbstractNioUnsafe.finishConnect(AbstractNioChannel.java:340)
	at org.apache.ratis.thirdparty.io.netty.channel.nio.NioEventLoop.processSelectedKey(NioEventLoop.java:632)
	at org.apache.ratis.thirdparty.io.netty.channel.nio.NioEventLoop.processSelectedKeysOptimized(NioEventLoop.java:579)
	at org.apache.ratis.thirdparty.io.netty.channel.nio.NioEventLoop.processSelectedKeys(NioEventLoop.java:496)
	at org.apache.ratis.thirdparty.io.netty.channel.nio.NioEventLoop.run(NioEventLoop.java:458)
	at org.apache.ratis.thirdparty.io.netty.util.concurrent.SingleThreadEventExecutor$5.run(SingleThreadEventExecutor.java:897)
	at org.apache.ratis.thirdparty.io.netty.util.concurrent.FastThreadLocalRunnable.run(FastThreadLocalRunnable.java:30)
	... 1 more
Caused by: java.net.ConnectException: Connection refused
	... 11 more
2019-10-17 18:51:24,150 [a5e79c22-a35f-4e50-b1fd-e91b6a93d74d@group-F775CA5912AC-LeaderElection435] INFO  impl.LeaderElection (LogUtils.java:infoOrTrace(149)) -   Exception 1: {}
java.util.concurrent.ExecutionException: org.apache.ratis.thirdparty.io.grpc.StatusRuntimeException: UNAVAILABLE: io exception
	at java.util.concurrent.FutureTask.report(FutureTask.java:122)
	at java.util.concurrent.FutureTask.get(FutureTask.java:192)
	at org.apache.ratis.server.impl.LeaderElection.waitForResults(LeaderElection.java:259)
	at org.apache.ratis.server.impl.LeaderElection.askForVotes(LeaderElection.java:197)
	at org.apache.ratis.server.impl.LeaderElection.run(LeaderElection.java:133)
	at java.lang.Thread.run(Thread.java:748)
Caused by: org.apache.ratis.thirdparty.io.grpc.StatusRuntimeException: UNAVAILABLE: io exception
	at org.apache.ratis.thirdparty.io.grpc.stub.ClientCalls.toStatusRuntimeException(ClientCalls.java:233)
	at org.apache.ratis.thirdparty.io.grpc.stub.ClientCalls.getUnchecked(ClientCalls.java:214)
	at org.apache.ratis.thirdparty.io.grpc.stub.ClientCalls.blockingUnaryCall(ClientCalls.java:139)
	at org.apache.ratis.proto.grpc.RaftServerProtocolServiceGrpc$RaftServerProtocolServiceBlockingStub.requestVote(RaftServerProtocolServiceGrpc.java:265)
	at org.apache.ratis.grpc.server.GrpcServerProtocolClient.requestVote(GrpcServerProtocolClient.java:99)
	at org.apache.ratis.grpc.server.GrpcService.requestVote(GrpcService.java:204)
	at org.apache.ratis.server.impl.LeaderElection.lambda$submitRequests$1(LeaderElection.java:234)
	at java.util.concurrent.FutureTask.run(FutureTask.java:266)
	at java.util.concurrent.Executors$RunnableAdapter.call(Executors.java:511)
	at java.util.concurrent.FutureTask.run(FutureTask.java:266)
	at java.util.concurrent.ThreadPoolExecutor.runWorker(ThreadPoolExecutor.java:1149)
	at java.util.concurrent.ThreadPoolExecutor$Worker.run(ThreadPoolExecutor.java:624)
	... 1 more
Caused by: org.apache.ratis.thirdparty.io.netty.channel.AbstractChannel$AnnotatedConnectException: Connection refused: /192.168.157.251:45025
	at sun.nio.ch.SocketChannelImpl.checkConnect(Native Method)
	at sun.nio.ch.SocketChannelImpl.finishConnect(SocketChannelImpl.java:717)
	at org.apache.ratis.thirdparty.io.netty.channel.socket.nio.NioSocketChannel.doFinishConnect(NioSocketChannel.java:327)
	at org.apache.ratis.thirdparty.io.netty.channel.nio.AbstractNioChannel$AbstractNioUnsafe.finishConnect(AbstractNioChannel.java:340)
	at org.apache.ratis.thirdparty.io.netty.channel.nio.NioEventLoop.processSelectedKey(NioEventLoop.java:632)
	at org.apache.ratis.thirdparty.io.netty.channel.nio.NioEventLoop.processSelectedKeysOptimized(NioEventLoop.java:579)
	at org.apache.ratis.thirdparty.io.netty.channel.nio.NioEventLoop.processSelectedKeys(NioEventLoop.java:496)
	at org.apache.ratis.thirdparty.io.netty.channel.nio.NioEventLoop.run(NioEventLoop.java:458)
	at org.apache.ratis.thirdparty.io.netty.util.concurrent.SingleThreadEventExecutor$5.run(SingleThreadEventExecutor.java:897)
	at org.apache.ratis.thirdparty.io.netty.util.concurrent.FastThreadLocalRunnable.run(FastThreadLocalRunnable.java:30)
	... 1 more
Caused by: java.net.ConnectException: Connection refused
	... 11 more
2019-10-17 18:51:24,150 [a5e79c22-a35f-4e50-b1fd-e91b6a93d74d@group-F775CA5912AC-LeaderElection435] INFO  impl.RaftServerImpl (RaftServerImpl.java:setRole(184)) - a5e79c22-a35f-4e50-b1fd-e91b6a93d74d@group-F775CA5912AC: changes role from CANDIDATE to FOLLOWER at term 269 for DISCOVERED_A_NEW_TERM
2019-10-17 18:51:24,150 [a5e79c22-a35f-4e50-b1fd-e91b6a93d74d@group-F775CA5912AC-LeaderElection435] INFO  impl.RoleInfo (RoleInfo.java:shutdownLeaderElection(134)) - a5e79c22-a35f-4e50-b1fd-e91b6a93d74d: shutdown LeaderElection
2019-10-17 18:51:24,150 [a5e79c22-a35f-4e50-b1fd-e91b6a93d74d@group-F775CA5912AC-LeaderElection435] INFO  impl.RoleInfo (RoleInfo.java:updateAndGet(143)) - a5e79c22-a35f-4e50-b1fd-e91b6a93d74d: start FollowerState
2019-10-17 18:51:24,177 [Thread-3292] INFO  impl.FollowerState (FollowerState.java:run(108)) - a5e79c22-a35f-4e50-b1fd-e91b6a93d74d@group-F775CA5912AC-FollowerState: change to CANDIDATE, lastRpcTime:26ms, electionTimeout:26ms
2019-10-17 18:51:24,177 [Thread-3292] INFO  impl.RoleInfo (RoleInfo.java:shutdownFollowerState(121)) - a5e79c22-a35f-4e50-b1fd-e91b6a93d74d: shutdown FollowerState
2019-10-17 18:51:24,177 [Thread-3292] INFO  impl.RaftServerImpl (RaftServerImpl.java:setRole(184)) - a5e79c22-a35f-4e50-b1fd-e91b6a93d74d@group-F775CA5912AC: changes role from  FOLLOWER to CANDIDATE at term 269 for changeToCandidate
2019-10-17 18:51:24,177 [Thread-3292] INFO  impl.RoleInfo (RoleInfo.java:updateAndGet(143)) - a5e79c22-a35f-4e50-b1fd-e91b6a93d74d: start LeaderElection
2019-10-17 18:51:24,190 [a5e79c22-a35f-4e50-b1fd-e91b6a93d74d@group-F775CA5912AC-LeaderElection436] INFO  impl.LeaderElection (LeaderElection.java:askForVotes(178)) - a5e79c22-a35f-4e50-b1fd-e91b6a93d74d@group-F775CA5912AC-LeaderElection436: begin an election at term 270 for -1: [a5e79c22-a35f-4e50-b1fd-e91b6a93d74d:192.168.157.251:45177, daae7813-f814-475d-9647-a302a5541e36:192.168.157.251:45025, 1e4e1375-1b66-460f-8c99-4c341545a119:192.168.157.251:42113], old=null
2019-10-17 18:51:24,191 [a5e79c22-a35f-4e50-b1fd-e91b6a93d74d@group-F775CA5912AC-LeaderElection436] INFO  impl.LeaderElection (LogUtils.java:infoOrTrace(149)) - a5e79c22-a35f-4e50-b1fd-e91b6a93d74d@group-F775CA5912AC-LeaderElection436 got exception when requesting votes: {}
java.util.concurrent.ExecutionException: org.apache.ratis.thirdparty.io.grpc.StatusRuntimeException: UNAVAILABLE: io exception
	at java.util.concurrent.FutureTask.report(FutureTask.java:122)
	at java.util.concurrent.FutureTask.get(FutureTask.java:192)
	at org.apache.ratis.server.impl.LeaderElection.waitForResults(LeaderElection.java:259)
	at org.apache.ratis.server.impl.LeaderElection.askForVotes(LeaderElection.java:197)
	at org.apache.ratis.server.impl.LeaderElection.run(LeaderElection.java:133)
	at java.lang.Thread.run(Thread.java:748)
Caused by: org.apache.ratis.thirdparty.io.grpc.StatusRuntimeException: UNAVAILABLE: io exception
	at org.apache.ratis.thirdparty.io.grpc.stub.ClientCalls.toStatusRuntimeException(ClientCalls.java:233)
	at org.apache.ratis.thirdparty.io.grpc.stub.ClientCalls.getUnchecked(ClientCalls.java:214)
	at org.apache.ratis.thirdparty.io.grpc.stub.ClientCalls.blockingUnaryCall(ClientCalls.java:139)
	at org.apache.ratis.proto.grpc.RaftServerProtocolServiceGrpc$RaftServerProtocolServiceBlockingStub.requestVote(RaftServerProtocolServiceGrpc.java:265)
	at org.apache.ratis.grpc.server.GrpcServerProtocolClient.requestVote(GrpcServerProtocolClient.java:99)
	at org.apache.ratis.grpc.server.GrpcService.requestVote(GrpcService.java:204)
	at org.apache.ratis.server.impl.LeaderElection.lambda$submitRequests$1(LeaderElection.java:234)
	at java.util.concurrent.FutureTask.run(FutureTask.java:266)
	at java.util.concurrent.Executors$RunnableAdapter.call(Executors.java:511)
	at java.util.concurrent.FutureTask.run(FutureTask.java:266)
	at java.util.concurrent.ThreadPoolExecutor.runWorker(ThreadPoolExecutor.java:1149)
	at java.util.concurrent.ThreadPoolExecutor$Worker.run(ThreadPoolExecutor.java:624)
	... 1 more
Caused by: org.apache.ratis.thirdparty.io.netty.channel.AbstractChannel$AnnotatedConnectException: Connection refused: /192.168.157.251:45025
	at sun.nio.ch.SocketChannelImpl.checkConnect(Native Method)
	at sun.nio.ch.SocketChannelImpl.finishConnect(SocketChannelImpl.java:717)
	at org.apache.ratis.thirdparty.io.netty.channel.socket.nio.NioSocketChannel.doFinishConnect(NioSocketChannel.java:327)
	at org.apache.ratis.thirdparty.io.netty.channel.nio.AbstractNioChannel$AbstractNioUnsafe.finishConnect(AbstractNioChannel.java:340)
	at org.apache.ratis.thirdparty.io.netty.channel.nio.NioEventLoop.processSelectedKey(NioEventLoop.java:632)
	at org.apache.ratis.thirdparty.io.netty.channel.nio.NioEventLoop.processSelectedKeysOptimized(NioEventLoop.java:579)
	at org.apache.ratis.thirdparty.io.netty.channel.nio.NioEventLoop.processSelectedKeys(NioEventLoop.java:496)
	at org.apache.ratis.thirdparty.io.netty.channel.nio.NioEventLoop.run(NioEventLoop.java:458)
	at org.apache.ratis.thirdparty.io.netty.util.concurrent.SingleThreadEventExecutor$5.run(SingleThreadEventExecutor.java:897)
	at org.apache.ratis.thirdparty.io.netty.util.concurrent.FastThreadLocalRunnable.run(FastThreadLocalRunnable.java:30)
	... 1 more
Caused by: java.net.ConnectException: Connection refused
	... 11 more
2019-10-17 18:51:24,192 [a5e79c22-a35f-4e50-b1fd-e91b6a93d74d@group-F775CA5912AC-LeaderElection436] INFO  impl.LeaderElection (LogUtils.java:infoOrTrace(149)) - a5e79c22-a35f-4e50-b1fd-e91b6a93d74d@group-F775CA5912AC-LeaderElection436 got exception when requesting votes: {}
java.util.concurrent.ExecutionException: org.apache.ratis.thirdparty.io.grpc.StatusRuntimeException: UNAVAILABLE: io exception
	at java.util.concurrent.FutureTask.report(FutureTask.java:122)
	at java.util.concurrent.FutureTask.get(FutureTask.java:192)
	at org.apache.ratis.server.impl.LeaderElection.waitForResults(LeaderElection.java:259)
	at org.apache.ratis.server.impl.LeaderElection.askForVotes(LeaderElection.java:197)
	at org.apache.ratis.server.impl.LeaderElection.run(LeaderElection.java:133)
	at java.lang.Thread.run(Thread.java:748)
Caused by: org.apache.ratis.thirdparty.io.grpc.StatusRuntimeException: UNAVAILABLE: io exception
	at org.apache.ratis.thirdparty.io.grpc.stub.ClientCalls.toStatusRuntimeException(ClientCalls.java:233)
	at org.apache.ratis.thirdparty.io.grpc.stub.ClientCalls.getUnchecked(ClientCalls.java:214)
	at org.apache.ratis.thirdparty.io.grpc.stub.ClientCalls.blockingUnaryCall(ClientCalls.java:139)
	at org.apache.ratis.proto.grpc.RaftServerProtocolServiceGrpc$RaftServerProtocolServiceBlockingStub.requestVote(RaftServerProtocolServiceGrpc.java:265)
	at org.apache.ratis.grpc.server.GrpcServerProtocolClient.requestVote(GrpcServerProtocolClient.java:99)
	at org.apache.ratis.grpc.server.GrpcService.requestVote(GrpcService.java:204)
	at org.apache.ratis.server.impl.LeaderElection.lambda$submitRequests$1(LeaderElection.java:234)
	at java.util.concurrent.FutureTask.run(FutureTask.java:266)
	at java.util.concurrent.Executors$RunnableAdapter.call(Executors.java:511)
	at java.util.concurrent.FutureTask.run(FutureTask.java:266)
	at java.util.concurrent.ThreadPoolExecutor.runWorker(ThreadPoolExecutor.java:1149)
	at java.util.concurrent.ThreadPoolExecutor$Worker.run(ThreadPoolExecutor.java:624)
	... 1 more
Caused by: org.apache.ratis.thirdparty.io.netty.channel.AbstractChannel$AnnotatedConnectException: Connection refused: /192.168.157.251:42113
	at sun.nio.ch.SocketChannelImpl.checkConnect(Native Method)
	at sun.nio.ch.SocketChannelImpl.finishConnect(SocketChannelImpl.java:717)
	at org.apache.ratis.thirdparty.io.netty.channel.socket.nio.NioSocketChannel.doFinishConnect(NioSocketChannel.java:327)
	at org.apache.ratis.thirdparty.io.netty.channel.nio.AbstractNioChannel$AbstractNioUnsafe.finishConnect(AbstractNioChannel.java:340)
	at org.apache.ratis.thirdparty.io.netty.channel.nio.NioEventLoop.processSelectedKey(NioEventLoop.java:632)
	at org.apache.ratis.thirdparty.io.netty.channel.nio.NioEventLoop.processSelectedKeysOptimized(NioEventLoop.java:579)
	at org.apache.ratis.thirdparty.io.netty.channel.nio.NioEventLoop.processSelectedKeys(NioEventLoop.java:496)
	at org.apache.ratis.thirdparty.io.netty.channel.nio.NioEventLoop.run(NioEventLoop.java:458)
	at org.apache.ratis.thirdparty.io.netty.util.concurrent.SingleThreadEventExecutor$5.run(SingleThreadEventExecutor.java:897)
	at org.apache.ratis.thirdparty.io.netty.util.concurrent.FastThreadLocalRunnable.run(FastThreadLocalRunnable.java:30)
	... 1 more
Caused by: java.net.ConnectException: Connection refused
	... 11 more
2019-10-17 18:51:24,192 [a5e79c22-a35f-4e50-b1fd-e91b6a93d74d@group-F775CA5912AC-LeaderElection436] INFO  impl.LeaderElection (LeaderElection.java:logAndReturn(56)) - a5e79c22-a35f-4e50-b1fd-e91b6a93d74d@group-F775CA5912AC-LeaderElection436: Election REJECTED; received 0 response(s) [] and 2 exception(s); a5e79c22-a35f-4e50-b1fd-e91b6a93d74d@group-F775CA5912AC:t270, leader=null, voted=a5e79c22-a35f-4e50-b1fd-e91b6a93d74d, raftlog=a5e79c22-a35f-4e50-b1fd-e91b6a93d74d@group-F775CA5912AC-SegmentedRaftLog:OPENED:c-1,f-1,i0, conf=-1: [a5e79c22-a35f-4e50-b1fd-e91b6a93d74d:192.168.157.251:45177, daae7813-f814-475d-9647-a302a5541e36:192.168.157.251:45025, 1e4e1375-1b66-460f-8c99-4c341545a119:192.168.157.251:42113], old=null
2019-10-17 18:51:24,192 [a5e79c22-a35f-4e50-b1fd-e91b6a93d74d@group-F775CA5912AC-LeaderElection436] INFO  impl.LeaderElection (LogUtils.java:infoOrTrace(149)) -   Exception 0: {}
java.util.concurrent.ExecutionException: org.apache.ratis.thirdparty.io.grpc.StatusRuntimeException: UNAVAILABLE: io exception
	at java.util.concurrent.FutureTask.report(FutureTask.java:122)
	at java.util.concurrent.FutureTask.get(FutureTask.java:192)
	at org.apache.ratis.server.impl.LeaderElection.waitForResults(LeaderElection.java:259)
	at org.apache.ratis.server.impl.LeaderElection.askForVotes(LeaderElection.java:197)
	at org.apache.ratis.server.impl.LeaderElection.run(LeaderElection.java:133)
	at java.lang.Thread.run(Thread.java:748)
Caused by: org.apache.ratis.thirdparty.io.grpc.StatusRuntimeException: UNAVAILABLE: io exception
	at org.apache.ratis.thirdparty.io.grpc.stub.ClientCalls.toStatusRuntimeException(ClientCalls.java:233)
	at org.apache.ratis.thirdparty.io.grpc.stub.ClientCalls.getUnchecked(ClientCalls.java:214)
	at org.apache.ratis.thirdparty.io.grpc.stub.ClientCalls.blockingUnaryCall(ClientCalls.java:139)
	at org.apache.ratis.proto.grpc.RaftServerProtocolServiceGrpc$RaftServerProtocolServiceBlockingStub.requestVote(RaftServerProtocolServiceGrpc.java:265)
	at org.apache.ratis.grpc.server.GrpcServerProtocolClient.requestVote(GrpcServerProtocolClient.java:99)
	at org.apache.ratis.grpc.server.GrpcService.requestVote(GrpcService.java:204)
	at org.apache.ratis.server.impl.LeaderElection.lambda$submitRequests$1(LeaderElection.java:234)
	at java.util.concurrent.FutureTask.run(FutureTask.java:266)
	at java.util.concurrent.Executors$RunnableAdapter.call(Executors.java:511)
	at java.util.concurrent.FutureTask.run(FutureTask.java:266)
	at java.util.concurrent.ThreadPoolExecutor.runWorker(ThreadPoolExecutor.java:1149)
	at java.util.concurrent.ThreadPoolExecutor$Worker.run(ThreadPoolExecutor.java:624)
	... 1 more
Caused by: org.apache.ratis.thirdparty.io.netty.channel.AbstractChannel$AnnotatedConnectException: Connection refused: /192.168.157.251:45025
	at sun.nio.ch.SocketChannelImpl.checkConnect(Native Method)
	at sun.nio.ch.SocketChannelImpl.finishConnect(SocketChannelImpl.java:717)
	at org.apache.ratis.thirdparty.io.netty.channel.socket.nio.NioSocketChannel.doFinishConnect(NioSocketChannel.java:327)
	at org.apache.ratis.thirdparty.io.netty.channel.nio.AbstractNioChannel$AbstractNioUnsafe.finishConnect(AbstractNioChannel.java:340)
	at org.apache.ratis.thirdparty.io.netty.channel.nio.NioEventLoop.processSelectedKey(NioEventLoop.java:632)
	at org.apache.ratis.thirdparty.io.netty.channel.nio.NioEventLoop.processSelectedKeysOptimized(NioEventLoop.java:579)
	at org.apache.ratis.thirdparty.io.netty.channel.nio.NioEventLoop.processSelectedKeys(NioEventLoop.java:496)
	at org.apache.ratis.thirdparty.io.netty.channel.nio.NioEventLoop.run(NioEventLoop.java:458)
	at org.apache.ratis.thirdparty.io.netty.util.concurrent.SingleThreadEventExecutor$5.run(SingleThreadEventExecutor.java:897)
	at org.apache.ratis.thirdparty.io.netty.util.concurrent.FastThreadLocalRunnable.run(FastThreadLocalRunnable.java:30)
	... 1 more
Caused by: java.net.ConnectException: Connection refused
	... 11 more
2019-10-17 18:51:24,192 [a5e79c22-a35f-4e50-b1fd-e91b6a93d74d@group-F775CA5912AC-LeaderElection436] INFO  impl.LeaderElection (LogUtils.java:infoOrTrace(149)) -   Exception 1: {}
java.util.concurrent.ExecutionException: org.apache.ratis.thirdparty.io.grpc.StatusRuntimeException: UNAVAILABLE: io exception
	at java.util.concurrent.FutureTask.report(FutureTask.java:122)
	at java.util.concurrent.FutureTask.get(FutureTask.java:192)
	at org.apache.ratis.server.impl.LeaderElection.waitForResults(LeaderElection.java:259)
	at org.apache.ratis.server.impl.LeaderElection.askForVotes(LeaderElection.java:197)
	at org.apache.ratis.server.impl.LeaderElection.run(LeaderElection.java:133)
	at java.lang.Thread.run(Thread.java:748)
Caused by: org.apache.ratis.thirdparty.io.grpc.StatusRuntimeException: UNAVAILABLE: io exception
	at org.apache.ratis.thirdparty.io.grpc.stub.ClientCalls.toStatusRuntimeException(ClientCalls.java:233)
	at org.apache.ratis.thirdparty.io.grpc.stub.ClientCalls.getUnchecked(ClientCalls.java:214)
	at org.apache.ratis.thirdparty.io.grpc.stub.ClientCalls.blockingUnaryCall(ClientCalls.java:139)
	at org.apache.ratis.proto.grpc.RaftServerProtocolServiceGrpc$RaftServerProtocolServiceBlockingStub.requestVote(RaftServerProtocolServiceGrpc.java:265)
	at org.apache.ratis.grpc.server.GrpcServerProtocolClient.requestVote(GrpcServerProtocolClient.java:99)
	at org.apache.ratis.grpc.server.GrpcService.requestVote(GrpcService.java:204)
	at org.apache.ratis.server.impl.LeaderElection.lambda$submitRequests$1(LeaderElection.java:234)
	at java.util.concurrent.FutureTask.run(FutureTask.java:266)
	at java.util.concurrent.Executors$RunnableAdapter.call(Executors.java:511)
	at java.util.concurrent.FutureTask.run(FutureTask.java:266)
	at java.util.concurrent.ThreadPoolExecutor.runWorker(ThreadPoolExecutor.java:1149)
	at java.util.concurrent.ThreadPoolExecutor$Worker.run(ThreadPoolExecutor.java:624)
	... 1 more
Caused by: org.apache.ratis.thirdparty.io.netty.channel.AbstractChannel$AnnotatedConnectException: Connection refused: /192.168.157.251:42113
	at sun.nio.ch.SocketChannelImpl.checkConnect(Native Method)
	at sun.nio.ch.SocketChannelImpl.finishConnect(SocketChannelImpl.java:717)
	at org.apache.ratis.thirdparty.io.netty.channel.socket.nio.NioSocketChannel.doFinishConnect(NioSocketChannel.java:327)
	at org.apache.ratis.thirdparty.io.netty.channel.nio.AbstractNioChannel$AbstractNioUnsafe.finishConnect(AbstractNioChannel.java:340)
	at org.apache.ratis.thirdparty.io.netty.channel.nio.NioEventLoop.processSelectedKey(NioEventLoop.java:632)
	at org.apache.ratis.thirdparty.io.netty.channel.nio.NioEventLoop.processSelectedKeysOptimized(NioEventLoop.java:579)
	at org.apache.ratis.thirdparty.io.netty.channel.nio.NioEventLoop.processSelectedKeys(NioEventLoop.java:496)
	at org.apache.ratis.thirdparty.io.netty.channel.nio.NioEventLoop.run(NioEventLoop.java:458)
	at org.apache.ratis.thirdparty.io.netty.util.concurrent.SingleThreadEventExecutor$5.run(SingleThreadEventExecutor.java:897)
	at org.apache.ratis.thirdparty.io.netty.util.concurrent.FastThreadLocalRunnable.run(FastThreadLocalRunnable.java:30)
	... 1 more
Caused by: java.net.ConnectException: Connection refused
	... 11 more
2019-10-17 18:51:24,193 [a5e79c22-a35f-4e50-b1fd-e91b6a93d74d@group-F775CA5912AC-LeaderElection436] INFO  impl.RaftServerImpl (RaftServerImpl.java:setRole(184)) - a5e79c22-a35f-4e50-b1fd-e91b6a93d74d@group-F775CA5912AC: changes role from CANDIDATE to FOLLOWER at term 270 for DISCOVERED_A_NEW_TERM
2019-10-17 18:51:24,193 [a5e79c22-a35f-4e50-b1fd-e91b6a93d74d@group-F775CA5912AC-LeaderElection436] INFO  impl.RoleInfo (RoleInfo.java:shutdownLeaderElection(134)) - a5e79c22-a35f-4e50-b1fd-e91b6a93d74d: shutdown LeaderElection
2019-10-17 18:51:24,193 [a5e79c22-a35f-4e50-b1fd-e91b6a93d74d@group-F775CA5912AC-LeaderElection436] INFO  impl.RoleInfo (RoleInfo.java:updateAndGet(143)) - a5e79c22-a35f-4e50-b1fd-e91b6a93d74d: start FollowerState
2019-10-17 18:51:24,227 [Thread-3296] INFO  impl.FollowerState (FollowerState.java:run(108)) - a5e79c22-a35f-4e50-b1fd-e91b6a93d74d@group-F775CA5912AC-FollowerState: change to CANDIDATE, lastRpcTime:34ms, electionTimeout:34ms
2019-10-17 18:51:24,227 [Thread-3296] INFO  impl.RoleInfo (RoleInfo.java:shutdownFollowerState(121)) - a5e79c22-a35f-4e50-b1fd-e91b6a93d74d: shutdown FollowerState
2019-10-17 18:51:24,228 [Thread-3296] INFO  impl.RaftServerImpl (RaftServerImpl.java:setRole(184)) - a5e79c22-a35f-4e50-b1fd-e91b6a93d74d@group-F775CA5912AC: changes role from  FOLLOWER to CANDIDATE at term 270 for changeToCandidate
2019-10-17 18:51:24,228 [Thread-3296] INFO  impl.RoleInfo (RoleInfo.java:updateAndGet(143)) - a5e79c22-a35f-4e50-b1fd-e91b6a93d74d: start LeaderElection
2019-10-17 18:51:24,261 [a5e79c22-a35f-4e50-b1fd-e91b6a93d74d@group-F775CA5912AC-LeaderElection437] INFO  impl.LeaderElection (LeaderElection.java:askForVotes(178)) - a5e79c22-a35f-4e50-b1fd-e91b6a93d74d@group-F775CA5912AC-LeaderElection437: begin an election at term 271 for -1: [a5e79c22-a35f-4e50-b1fd-e91b6a93d74d:192.168.157.251:45177, daae7813-f814-475d-9647-a302a5541e36:192.168.157.251:45025, 1e4e1375-1b66-460f-8c99-4c341545a119:192.168.157.251:42113], old=null
2019-10-17 18:51:24,262 [a5e79c22-a35f-4e50-b1fd-e91b6a93d74d@group-F775CA5912AC-LeaderElection437] INFO  impl.LeaderElection (LogUtils.java:infoOrTrace(149)) - a5e79c22-a35f-4e50-b1fd-e91b6a93d74d@group-F775CA5912AC-LeaderElection437 got exception when requesting votes: {}
java.util.concurrent.ExecutionException: org.apache.ratis.thirdparty.io.grpc.StatusRuntimeException: UNAVAILABLE: io exception
	at java.util.concurrent.FutureTask.report(FutureTask.java:122)
	at java.util.concurrent.FutureTask.get(FutureTask.java:192)
	at org.apache.ratis.server.impl.LeaderElection.waitForResults(LeaderElection.java:259)
	at org.apache.ratis.server.impl.LeaderElection.askForVotes(LeaderElection.java:197)
	at org.apache.ratis.server.impl.LeaderElection.run(LeaderElection.java:133)
	at java.lang.Thread.run(Thread.java:748)
Caused by: org.apache.ratis.thirdparty.io.grpc.StatusRuntimeException: UNAVAILABLE: io exception
	at org.apache.ratis.thirdparty.io.grpc.stub.ClientCalls.toStatusRuntimeException(ClientCalls.java:233)
	at org.apache.ratis.thirdparty.io.grpc.stub.ClientCalls.getUnchecked(ClientCalls.java:214)
	at org.apache.ratis.thirdparty.io.grpc.stub.ClientCalls.blockingUnaryCall(ClientCalls.java:139)
	at org.apache.ratis.proto.grpc.RaftServerProtocolServiceGrpc$RaftServerProtocolServiceBlockingStub.requestVote(RaftServerProtocolServiceGrpc.java:265)
	at org.apache.ratis.grpc.server.GrpcServerProtocolClient.requestVote(GrpcServerProtocolClient.java:99)
	at org.apache.ratis.grpc.server.GrpcService.requestVote(GrpcService.java:204)
	at org.apache.ratis.server.impl.LeaderElection.lambda$submitRequests$1(LeaderElection.java:234)
	at java.util.concurrent.FutureTask.run(FutureTask.java:266)
	at java.util.concurrent.Executors$RunnableAdapter.call(Executors.java:511)
	at java.util.concurrent.FutureTask.run(FutureTask.java:266)
	at java.util.concurrent.ThreadPoolExecutor.runWorker(ThreadPoolExecutor.java:1149)
	at java.util.concurrent.ThreadPoolExecutor$Worker.run(ThreadPoolExecutor.java:624)
	... 1 more
Caused by: org.apache.ratis.thirdparty.io.netty.channel.AbstractChannel$AnnotatedConnectException: Connection refused: /192.168.157.251:45025
	at sun.nio.ch.SocketChannelImpl.checkConnect(Native Method)
	at sun.nio.ch.SocketChannelImpl.finishConnect(SocketChannelImpl.java:717)
	at org.apache.ratis.thirdparty.io.netty.channel.socket.nio.NioSocketChannel.doFinishConnect(NioSocketChannel.java:327)
	at org.apache.ratis.thirdparty.io.netty.channel.nio.AbstractNioChannel$AbstractNioUnsafe.finishConnect(AbstractNioChannel.java:340)
	at org.apache.ratis.thirdparty.io.netty.channel.nio.NioEventLoop.processSelectedKey(NioEventLoop.java:632)
	at org.apache.ratis.thirdparty.io.netty.channel.nio.NioEventLoop.processSelectedKeysOptimized(NioEventLoop.java:579)
	at org.apache.ratis.thirdparty.io.netty.channel.nio.NioEventLoop.processSelectedKeys(NioEventLoop.java:496)
	at org.apache.ratis.thirdparty.io.netty.channel.nio.NioEventLoop.run(NioEventLoop.java:458)
	at org.apache.ratis.thirdparty.io.netty.util.concurrent.SingleThreadEventExecutor$5.run(SingleThreadEventExecutor.java:897)
	at org.apache.ratis.thirdparty.io.netty.util.concurrent.FastThreadLocalRunnable.run(FastThreadLocalRunnable.java:30)
	... 1 more
Caused by: java.net.ConnectException: Connection refused
	... 11 more
2019-10-17 18:51:24,262 [a5e79c22-a35f-4e50-b1fd-e91b6a93d74d@group-F775CA5912AC-LeaderElection437] INFO  impl.LeaderElection (LogUtils.java:infoOrTrace(149)) - a5e79c22-a35f-4e50-b1fd-e91b6a93d74d@group-F775CA5912AC-LeaderElection437 got exception when requesting votes: {}
java.util.concurrent.ExecutionException: org.apache.ratis.thirdparty.io.grpc.StatusRuntimeException: UNAVAILABLE: io exception
	at java.util.concurrent.FutureTask.report(FutureTask.java:122)
	at java.util.concurrent.FutureTask.get(FutureTask.java:192)
	at org.apache.ratis.server.impl.LeaderElection.waitForResults(LeaderElection.java:259)
	at org.apache.ratis.server.impl.LeaderElection.askForVotes(LeaderElection.java:197)
	at org.apache.ratis.server.impl.LeaderElection.run(LeaderElection.java:133)
	at java.lang.Thread.run(Thread.java:748)
Caused by: org.apache.ratis.thirdparty.io.grpc.StatusRuntimeException: UNAVAILABLE: io exception
	at org.apache.ratis.thirdparty.io.grpc.stub.ClientCalls.toStatusRuntimeException(ClientCalls.java:233)
	at org.apache.ratis.thirdparty.io.grpc.stub.ClientCalls.getUnchecked(ClientCalls.java:214)
	at org.apache.ratis.thirdparty.io.grpc.stub.ClientCalls.blockingUnaryCall(ClientCalls.java:139)
	at org.apache.ratis.proto.grpc.RaftServerProtocolServiceGrpc$RaftServerProtocolServiceBlockingStub.requestVote(RaftServerProtocolServiceGrpc.java:265)
	at org.apache.ratis.grpc.server.GrpcServerProtocolClient.requestVote(GrpcServerProtocolClient.java:99)
	at org.apache.ratis.grpc.server.GrpcService.requestVote(GrpcService.java:204)
	at org.apache.ratis.server.impl.LeaderElection.lambda$submitRequests$1(LeaderElection.java:234)
	at java.util.concurrent.FutureTask.run(FutureTask.java:266)
	at java.util.concurrent.Executors$RunnableAdapter.call(Executors.java:511)
	at java.util.concurrent.FutureTask.run(FutureTask.java:266)
	at java.util.concurrent.ThreadPoolExecutor.runWorker(ThreadPoolExecutor.java:1149)
	at java.util.concurrent.ThreadPoolExecutor$Worker.run(ThreadPoolExecutor.java:624)
	... 1 more
Caused by: org.apache.ratis.thirdparty.io.netty.channel.AbstractChannel$AnnotatedConnectException: Connection refused: /192.168.157.251:42113
	at sun.nio.ch.SocketChannelImpl.checkConnect(Native Method)
	at sun.nio.ch.SocketChannelImpl.finishConnect(SocketChannelImpl.java:717)
	at org.apache.ratis.thirdparty.io.netty.channel.socket.nio.NioSocketChannel.doFinishConnect(NioSocketChannel.java:327)
	at org.apache.ratis.thirdparty.io.netty.channel.nio.AbstractNioChannel$AbstractNioUnsafe.finishConnect(AbstractNioChannel.java:340)
	at org.apache.ratis.thirdparty.io.netty.channel.nio.NioEventLoop.processSelectedKey(NioEventLoop.java:632)
	at org.apache.ratis.thirdparty.io.netty.channel.nio.NioEventLoop.processSelectedKeysOptimized(NioEventLoop.java:579)
	at org.apache.ratis.thirdparty.io.netty.channel.nio.NioEventLoop.processSelectedKeys(NioEventLoop.java:496)
	at org.apache.ratis.thirdparty.io.netty.channel.nio.NioEventLoop.run(NioEventLoop.java:458)
	at org.apache.ratis.thirdparty.io.netty.util.concurrent.SingleThreadEventExecutor$5.run(SingleThreadEventExecutor.java:897)
	at org.apache.ratis.thirdparty.io.netty.util.concurrent.FastThreadLocalRunnable.run(FastThreadLocalRunnable.java:30)
	... 1 more
Caused by: java.net.ConnectException: Connection refused
	... 11 more
2019-10-17 18:51:24,262 [a5e79c22-a35f-4e50-b1fd-e91b6a93d74d@group-F775CA5912AC-LeaderElection437] INFO  impl.LeaderElection (LeaderElection.java:logAndReturn(56)) - a5e79c22-a35f-4e50-b1fd-e91b6a93d74d@group-F775CA5912AC-LeaderElection437: Election REJECTED; received 0 response(s) [] and 2 exception(s); a5e79c22-a35f-4e50-b1fd-e91b6a93d74d@group-F775CA5912AC:t271, leader=null, voted=a5e79c22-a35f-4e50-b1fd-e91b6a93d74d, raftlog=a5e79c22-a35f-4e50-b1fd-e91b6a93d74d@group-F775CA5912AC-SegmentedRaftLog:OPENED:c-1,f-1,i0, conf=-1: [a5e79c22-a35f-4e50-b1fd-e91b6a93d74d:192.168.157.251:45177, daae7813-f814-475d-9647-a302a5541e36:192.168.157.251:45025, 1e4e1375-1b66-460f-8c99-4c341545a119:192.168.157.251:42113], old=null
2019-10-17 18:51:24,263 [a5e79c22-a35f-4e50-b1fd-e91b6a93d74d@group-F775CA5912AC-LeaderElection437] INFO  impl.LeaderElection (LogUtils.java:infoOrTrace(149)) -   Exception 0: {}
java.util.concurrent.ExecutionException: org.apache.ratis.thirdparty.io.grpc.StatusRuntimeException: UNAVAILABLE: io exception
	at java.util.concurrent.FutureTask.report(FutureTask.java:122)
	at java.util.concurrent.FutureTask.get(FutureTask.java:192)
	at org.apache.ratis.server.impl.LeaderElection.waitForResults(LeaderElection.java:259)
	at org.apache.ratis.server.impl.LeaderElection.askForVotes(LeaderElection.java:197)
	at org.apache.ratis.server.impl.LeaderElection.run(LeaderElection.java:133)
	at java.lang.Thread.run(Thread.java:748)
Caused by: org.apache.ratis.thirdparty.io.grpc.StatusRuntimeException: UNAVAILABLE: io exception
	at org.apache.ratis.thirdparty.io.grpc.stub.ClientCalls.toStatusRuntimeException(ClientCalls.java:233)
	at org.apache.ratis.thirdparty.io.grpc.stub.ClientCalls.getUnchecked(ClientCalls.java:214)
	at org.apache.ratis.thirdparty.io.grpc.stub.ClientCalls.blockingUnaryCall(ClientCalls.java:139)
	at org.apache.ratis.proto.grpc.RaftServerProtocolServiceGrpc$RaftServerProtocolServiceBlockingStub.requestVote(RaftServerProtocolServiceGrpc.java:265)
	at org.apache.ratis.grpc.server.GrpcServerProtocolClient.requestVote(GrpcServerProtocolClient.java:99)
	at org.apache.ratis.grpc.server.GrpcService.requestVote(GrpcService.java:204)
	at org.apache.ratis.server.impl.LeaderElection.lambda$submitRequests$1(LeaderElection.java:234)
	at java.util.concurrent.FutureTask.run(FutureTask.java:266)
	at java.util.concurrent.Executors$RunnableAdapter.call(Executors.java:511)
	at java.util.concurrent.FutureTask.run(FutureTask.java:266)
	at java.util.concurrent.ThreadPoolExecutor.runWorker(ThreadPoolExecutor.java:1149)
	at java.util.concurrent.ThreadPoolExecutor$Worker.run(ThreadPoolExecutor.java:624)
	... 1 more
Caused by: org.apache.ratis.thirdparty.io.netty.channel.AbstractChannel$AnnotatedConnectException: Connection refused: /192.168.157.251:45025
	at sun.nio.ch.SocketChannelImpl.checkConnect(Native Method)
	at sun.nio.ch.SocketChannelImpl.finishConnect(SocketChannelImpl.java:717)
	at org.apache.ratis.thirdparty.io.netty.channel.socket.nio.NioSocketChannel.doFinishConnect(NioSocketChannel.java:327)
	at org.apache.ratis.thirdparty.io.netty.channel.nio.AbstractNioChannel$AbstractNioUnsafe.finishConnect(AbstractNioChannel.java:340)
	at org.apache.ratis.thirdparty.io.netty.channel.nio.NioEventLoop.processSelectedKey(NioEventLoop.java:632)
	at org.apache.ratis.thirdparty.io.netty.channel.nio.NioEventLoop.processSelectedKeysOptimized(NioEventLoop.java:579)
	at org.apache.ratis.thirdparty.io.netty.channel.nio.NioEventLoop.processSelectedKeys(NioEventLoop.java:496)
	at org.apache.ratis.thirdparty.io.netty.channel.nio.NioEventLoop.run(NioEventLoop.java:458)
	at org.apache.ratis.thirdparty.io.netty.util.concurrent.SingleThreadEventExecutor$5.run(SingleThreadEventExecutor.java:897)
	at org.apache.ratis.thirdparty.io.netty.util.concurrent.FastThreadLocalRunnable.run(FastThreadLocalRunnable.java:30)
	... 1 more
Caused by: java.net.ConnectException: Connection refused
	... 11 more
2019-10-17 18:51:24,263 [a5e79c22-a35f-4e50-b1fd-e91b6a93d74d@group-F775CA5912AC-LeaderElection437] INFO  impl.LeaderElection (LogUtils.java:infoOrTrace(149)) -   Exception 1: {}
java.util.concurrent.ExecutionException: org.apache.ratis.thirdparty.io.grpc.StatusRuntimeException: UNAVAILABLE: io exception
	at java.util.concurrent.FutureTask.report(FutureTask.java:122)
	at java.util.concurrent.FutureTask.get(FutureTask.java:192)
	at org.apache.ratis.server.impl.LeaderElection.waitForResults(LeaderElection.java:259)
	at org.apache.ratis.server.impl.LeaderElection.askForVotes(LeaderElection.java:197)
	at org.apache.ratis.server.impl.LeaderElection.run(LeaderElection.java:133)
	at java.lang.Thread.run(Thread.java:748)
Caused by: org.apache.ratis.thirdparty.io.grpc.StatusRuntimeException: UNAVAILABLE: io exception
	at org.apache.ratis.thirdparty.io.grpc.stub.ClientCalls.toStatusRuntimeException(ClientCalls.java:233)
	at org.apache.ratis.thirdparty.io.grpc.stub.ClientCalls.getUnchecked(ClientCalls.java:214)
	at org.apache.ratis.thirdparty.io.grpc.stub.ClientCalls.blockingUnaryCall(ClientCalls.java:139)
	at org.apache.ratis.proto.grpc.RaftServerProtocolServiceGrpc$RaftServerProtocolServiceBlockingStub.requestVote(RaftServerProtocolServiceGrpc.java:265)
	at org.apache.ratis.grpc.server.GrpcServerProtocolClient.requestVote(GrpcServerProtocolClient.java:99)
	at org.apache.ratis.grpc.server.GrpcService.requestVote(GrpcService.java:204)
	at org.apache.ratis.server.impl.LeaderElection.lambda$submitRequests$1(LeaderElection.java:234)
	at java.util.concurrent.FutureTask.run(FutureTask.java:266)
	at java.util.concurrent.Executors$RunnableAdapter.call(Executors.java:511)
	at java.util.concurrent.FutureTask.run(FutureTask.java:266)
	at java.util.concurrent.ThreadPoolExecutor.runWorker(ThreadPoolExecutor.java:1149)
	at java.util.concurrent.ThreadPoolExecutor$Worker.run(ThreadPoolExecutor.java:624)
	... 1 more
Caused by: org.apache.ratis.thirdparty.io.netty.channel.AbstractChannel$AnnotatedConnectException: Connection refused: /192.168.157.251:42113
	at sun.nio.ch.SocketChannelImpl.checkConnect(Native Method)
	at sun.nio.ch.SocketChannelImpl.finishConnect(SocketChannelImpl.java:717)
	at org.apache.ratis.thirdparty.io.netty.channel.socket.nio.NioSocketChannel.doFinishConnect(NioSocketChannel.java:327)
	at org.apache.ratis.thirdparty.io.netty.channel.nio.AbstractNioChannel$AbstractNioUnsafe.finishConnect(AbstractNioChannel.java:340)
	at org.apache.ratis.thirdparty.io.netty.channel.nio.NioEventLoop.processSelectedKey(NioEventLoop.java:632)
	at org.apache.ratis.thirdparty.io.netty.channel.nio.NioEventLoop.processSelectedKeysOptimized(NioEventLoop.java:579)
	at org.apache.ratis.thirdparty.io.netty.channel.nio.NioEventLoop.processSelectedKeys(NioEventLoop.java:496)
	at org.apache.ratis.thirdparty.io.netty.channel.nio.NioEventLoop.run(NioEventLoop.java:458)
	at org.apache.ratis.thirdparty.io.netty.util.concurrent.SingleThreadEventExecutor$5.run(SingleThreadEventExecutor.java:897)
	at org.apache.ratis.thirdparty.io.netty.util.concurrent.FastThreadLocalRunnable.run(FastThreadLocalRunnable.java:30)
	... 1 more
Caused by: java.net.ConnectException: Connection refused
	... 11 more
2019-10-17 18:51:24,263 [a5e79c22-a35f-4e50-b1fd-e91b6a93d74d@group-F775CA5912AC-LeaderElection437] INFO  impl.RaftServerImpl (RaftServerImpl.java:setRole(184)) - a5e79c22-a35f-4e50-b1fd-e91b6a93d74d@group-F775CA5912AC: changes role from CANDIDATE to FOLLOWER at term 271 for DISCOVERED_A_NEW_TERM
2019-10-17 18:51:24,263 [a5e79c22-a35f-4e50-b1fd-e91b6a93d74d@group-F775CA5912AC-LeaderElection437] INFO  impl.RoleInfo (RoleInfo.java:shutdownLeaderElection(134)) - a5e79c22-a35f-4e50-b1fd-e91b6a93d74d: shutdown LeaderElection
2019-10-17 18:51:24,263 [a5e79c22-a35f-4e50-b1fd-e91b6a93d74d@group-F775CA5912AC-LeaderElection437] INFO  impl.RoleInfo (RoleInfo.java:updateAndGet(143)) - a5e79c22-a35f-4e50-b1fd-e91b6a93d74d: start FollowerState
2019-10-17 18:51:24,339 [Thread-3300] INFO  impl.FollowerState (FollowerState.java:run(108)) - a5e79c22-a35f-4e50-b1fd-e91b6a93d74d@group-F775CA5912AC-FollowerState: change to CANDIDATE, lastRpcTime:75ms, electionTimeout:75ms
2019-10-17 18:51:24,339 [Thread-3300] INFO  impl.RoleInfo (RoleInfo.java:shutdownFollowerState(121)) - a5e79c22-a35f-4e50-b1fd-e91b6a93d74d: shutdown FollowerState
2019-10-17 18:51:24,339 [Thread-3300] INFO  impl.RaftServerImpl (RaftServerImpl.java:setRole(184)) - a5e79c22-a35f-4e50-b1fd-e91b6a93d74d@group-F775CA5912AC: changes role from  FOLLOWER to CANDIDATE at term 271 for changeToCandidate
2019-10-17 18:51:24,339 [Thread-3300] INFO  impl.RoleInfo (RoleInfo.java:updateAndGet(143)) - a5e79c22-a35f-4e50-b1fd-e91b6a93d74d: start LeaderElection
2019-10-17 18:51:24,370 [java.util.concurrent.ThreadPoolExecutor$Worker@5bc0d76f[State = -1, empty queue]] WARN  server.GrpcLogAppender (GrpcLogAppender.java:timeoutAppendRequest(209)) - 8f4f8799-ef18-41e5-9bb8-2f724208e999@group-9D6F8169C5E6->0fe4833c-4439-4309-b94b-508419b07a37-GrpcLogAppender: appendEntries Timeout, request=8f4f8799-ef18-41e5-9bb8-2f724208e999->0fe4833c-4439-4309-b94b-508419b07a37#90-t7, previous=(t:7, i:19), leaderCommit=19, initializing? false, entries: <empty>
2019-10-17 18:51:24,386 [a5e79c22-a35f-4e50-b1fd-e91b6a93d74d@group-F775CA5912AC-LeaderElection438] INFO  impl.LeaderElection (LeaderElection.java:askForVotes(178)) - a5e79c22-a35f-4e50-b1fd-e91b6a93d74d@group-F775CA5912AC-LeaderElection438: begin an election at term 272 for -1: [a5e79c22-a35f-4e50-b1fd-e91b6a93d74d:192.168.157.251:45177, daae7813-f814-475d-9647-a302a5541e36:192.168.157.251:45025, 1e4e1375-1b66-460f-8c99-4c341545a119:192.168.157.251:42113], old=null
2019-10-17 18:51:24,387 [a5e79c22-a35f-4e50-b1fd-e91b6a93d74d@group-F775CA5912AC-LeaderElection438] INFO  impl.LeaderElection (LogUtils.java:infoOrTrace(149)) - a5e79c22-a35f-4e50-b1fd-e91b6a93d74d@group-F775CA5912AC-LeaderElection438 got exception when requesting votes: {}
java.util.concurrent.ExecutionException: org.apache.ratis.thirdparty.io.grpc.StatusRuntimeException: UNAVAILABLE: io exception
	at java.util.concurrent.FutureTask.report(FutureTask.java:122)
	at java.util.concurrent.FutureTask.get(FutureTask.java:192)
	at org.apache.ratis.server.impl.LeaderElection.waitForResults(LeaderElection.java:259)
	at org.apache.ratis.server.impl.LeaderElection.askForVotes(LeaderElection.java:197)
	at org.apache.ratis.server.impl.LeaderElection.run(LeaderElection.java:133)
	at java.lang.Thread.run(Thread.java:748)
Caused by: org.apache.ratis.thirdparty.io.grpc.StatusRuntimeException: UNAVAILABLE: io exception
	at org.apache.ratis.thirdparty.io.grpc.stub.ClientCalls.toStatusRuntimeException(ClientCalls.java:233)
	at org.apache.ratis.thirdparty.io.grpc.stub.ClientCalls.getUnchecked(ClientCalls.java:214)
	at org.apache.ratis.thirdparty.io.grpc.stub.ClientCalls.blockingUnaryCall(ClientCalls.java:139)
	at org.apache.ratis.proto.grpc.RaftServerProtocolServiceGrpc$RaftServerProtocolServiceBlockingStub.requestVote(RaftServerProtocolServiceGrpc.java:265)
	at org.apache.ratis.grpc.server.GrpcServerProtocolClient.requestVote(GrpcServerProtocolClient.java:99)
	at org.apache.ratis.grpc.server.GrpcService.requestVote(GrpcService.java:204)
	at org.apache.ratis.server.impl.LeaderElection.lambda$submitRequests$1(LeaderElection.java:234)
	at java.util.concurrent.FutureTask.run(FutureTask.java:266)
	at java.util.concurrent.Executors$RunnableAdapter.call(Executors.java:511)
	at java.util.concurrent.FutureTask.run(FutureTask.java:266)
	at java.util.concurrent.ThreadPoolExecutor.runWorker(ThreadPoolExecutor.java:1149)
	at java.util.concurrent.ThreadPoolExecutor$Worker.run(ThreadPoolExecutor.java:624)
	... 1 more
Caused by: org.apache.ratis.thirdparty.io.netty.channel.AbstractChannel$AnnotatedConnectException: Connection refused: /192.168.157.251:45025
	at sun.nio.ch.SocketChannelImpl.checkConnect(Native Method)
	at sun.nio.ch.SocketChannelImpl.finishConnect(SocketChannelImpl.java:717)
	at org.apache.ratis.thirdparty.io.netty.channel.socket.nio.NioSocketChannel.doFinishConnect(NioSocketChannel.java:327)
	at org.apache.ratis.thirdparty.io.netty.channel.nio.AbstractNioChannel$AbstractNioUnsafe.finishConnect(AbstractNioChannel.java:340)
	at org.apache.ratis.thirdparty.io.netty.channel.nio.NioEventLoop.processSelectedKey(NioEventLoop.java:632)
	at org.apache.ratis.thirdparty.io.netty.channel.nio.NioEventLoop.processSelectedKeysOptimized(NioEventLoop.java:579)
	at org.apache.ratis.thirdparty.io.netty.channel.nio.NioEventLoop.processSelectedKeys(NioEventLoop.java:496)
	at org.apache.ratis.thirdparty.io.netty.channel.nio.NioEventLoop.run(NioEventLoop.java:458)
	at org.apache.ratis.thirdparty.io.netty.util.concurrent.SingleThreadEventExecutor$5.run(SingleThreadEventExecutor.java:897)
	at org.apache.ratis.thirdparty.io.netty.util.concurrent.FastThreadLocalRunnable.run(FastThreadLocalRunnable.java:30)
	... 1 more
Caused by: java.net.ConnectException: Connection refused
	... 11 more
2019-10-17 18:51:24,388 [a5e79c22-a35f-4e50-b1fd-e91b6a93d74d@group-F775CA5912AC-LeaderElection438] INFO  impl.LeaderElection (LogUtils.java:infoOrTrace(149)) - a5e79c22-a35f-4e50-b1fd-e91b6a93d74d@group-F775CA5912AC-LeaderElection438 got exception when requesting votes: {}
java.util.concurrent.ExecutionException: org.apache.ratis.thirdparty.io.grpc.StatusRuntimeException: UNAVAILABLE: io exception
	at java.util.concurrent.FutureTask.report(FutureTask.java:122)
	at java.util.concurrent.FutureTask.get(FutureTask.java:192)
	at org.apache.ratis.server.impl.LeaderElection.waitForResults(LeaderElection.java:259)
	at org.apache.ratis.server.impl.LeaderElection.askForVotes(LeaderElection.java:197)
	at org.apache.ratis.server.impl.LeaderElection.run(LeaderElection.java:133)
	at java.lang.Thread.run(Thread.java:748)
Caused by: org.apache.ratis.thirdparty.io.grpc.StatusRuntimeException: UNAVAILABLE: io exception
	at org.apache.ratis.thirdparty.io.grpc.stub.ClientCalls.toStatusRuntimeException(ClientCalls.java:233)
	at org.apache.ratis.thirdparty.io.grpc.stub.ClientCalls.getUnchecked(ClientCalls.java:214)
	at org.apache.ratis.thirdparty.io.grpc.stub.ClientCalls.blockingUnaryCall(ClientCalls.java:139)
	at org.apache.ratis.proto.grpc.RaftServerProtocolServiceGrpc$RaftServerProtocolServiceBlockingStub.requestVote(RaftServerProtocolServiceGrpc.java:265)
	at org.apache.ratis.grpc.server.GrpcServerProtocolClient.requestVote(GrpcServerProtocolClient.java:99)
	at org.apache.ratis.grpc.server.GrpcService.requestVote(GrpcService.java:204)
	at org.apache.ratis.server.impl.LeaderElection.lambda$submitRequests$1(LeaderElection.java:234)
	at java.util.concurrent.FutureTask.run(FutureTask.java:266)
	at java.util.concurrent.Executors$RunnableAdapter.call(Executors.java:511)
	at java.util.concurrent.FutureTask.run(FutureTask.java:266)
	at java.util.concurrent.ThreadPoolExecutor.runWorker(ThreadPoolExecutor.java:1149)
	at java.util.concurrent.ThreadPoolExecutor$Worker.run(ThreadPoolExecutor.java:624)
	... 1 more
Caused by: org.apache.ratis.thirdparty.io.netty.channel.AbstractChannel$AnnotatedConnectException: Connection refused: /192.168.157.251:42113
	at sun.nio.ch.SocketChannelImpl.checkConnect(Native Method)
	at sun.nio.ch.SocketChannelImpl.finishConnect(SocketChannelImpl.java:717)
	at org.apache.ratis.thirdparty.io.netty.channel.socket.nio.NioSocketChannel.doFinishConnect(NioSocketChannel.java:327)
	at org.apache.ratis.thirdparty.io.netty.channel.nio.AbstractNioChannel$AbstractNioUnsafe.finishConnect(AbstractNioChannel.java:340)
	at org.apache.ratis.thirdparty.io.netty.channel.nio.NioEventLoop.processSelectedKey(NioEventLoop.java:632)
	at org.apache.ratis.thirdparty.io.netty.channel.nio.NioEventLoop.processSelectedKeysOptimized(NioEventLoop.java:579)
	at org.apache.ratis.thirdparty.io.netty.channel.nio.NioEventLoop.processSelectedKeys(NioEventLoop.java:496)
	at org.apache.ratis.thirdparty.io.netty.channel.nio.NioEventLoop.run(NioEventLoop.java:458)
	at org.apache.ratis.thirdparty.io.netty.util.concurrent.SingleThreadEventExecutor$5.run(SingleThreadEventExecutor.java:897)
	at org.apache.ratis.thirdparty.io.netty.util.concurrent.FastThreadLocalRunnable.run(FastThreadLocalRunnable.java:30)
	... 1 more
Caused by: java.net.ConnectException: Connection refused
	... 11 more
2019-10-17 18:51:24,388 [a5e79c22-a35f-4e50-b1fd-e91b6a93d74d@group-F775CA5912AC-LeaderElection438] INFO  impl.LeaderElection (LeaderElection.java:logAndReturn(56)) - a5e79c22-a35f-4e50-b1fd-e91b6a93d74d@group-F775CA5912AC-LeaderElection438: Election REJECTED; received 0 response(s) [] and 2 exception(s); a5e79c22-a35f-4e50-b1fd-e91b6a93d74d@group-F775CA5912AC:t272, leader=null, voted=a5e79c22-a35f-4e50-b1fd-e91b6a93d74d, raftlog=a5e79c22-a35f-4e50-b1fd-e91b6a93d74d@group-F775CA5912AC-SegmentedRaftLog:OPENED:c-1,f-1,i0, conf=-1: [a5e79c22-a35f-4e50-b1fd-e91b6a93d74d:192.168.157.251:45177, daae7813-f814-475d-9647-a302a5541e36:192.168.157.251:45025, 1e4e1375-1b66-460f-8c99-4c341545a119:192.168.157.251:42113], old=null
2019-10-17 18:51:24,388 [a5e79c22-a35f-4e50-b1fd-e91b6a93d74d@group-F775CA5912AC-LeaderElection438] INFO  impl.LeaderElection (LogUtils.java:infoOrTrace(149)) -   Exception 0: {}
java.util.concurrent.ExecutionException: org.apache.ratis.thirdparty.io.grpc.StatusRuntimeException: UNAVAILABLE: io exception
	at java.util.concurrent.FutureTask.report(FutureTask.java:122)
	at java.util.concurrent.FutureTask.get(FutureTask.java:192)
	at org.apache.ratis.server.impl.LeaderElection.waitForResults(LeaderElection.java:259)
	at org.apache.ratis.server.impl.LeaderElection.askForVotes(LeaderElection.java:197)
	at org.apache.ratis.server.impl.LeaderElection.run(LeaderElection.java:133)
	at java.lang.Thread.run(Thread.java:748)
Caused by: org.apache.ratis.thirdparty.io.grpc.StatusRuntimeException: UNAVAILABLE: io exception
	at org.apache.ratis.thirdparty.io.grpc.stub.ClientCalls.toStatusRuntimeException(ClientCalls.java:233)
	at org.apache.ratis.thirdparty.io.grpc.stub.ClientCalls.getUnchecked(ClientCalls.java:214)
	at org.apache.ratis.thirdparty.io.grpc.stub.ClientCalls.blockingUnaryCall(ClientCalls.java:139)
	at org.apache.ratis.proto.grpc.RaftServerProtocolServiceGrpc$RaftServerProtocolServiceBlockingStub.requestVote(RaftServerProtocolServiceGrpc.java:265)
	at org.apache.ratis.grpc.server.GrpcServerProtocolClient.requestVote(GrpcServerProtocolClient.java:99)
	at org.apache.ratis.grpc.server.GrpcService.requestVote(GrpcService.java:204)
	at org.apache.ratis.server.impl.LeaderElection.lambda$submitRequests$1(LeaderElection.java:234)
	at java.util.concurrent.FutureTask.run(FutureTask.java:266)
	at java.util.concurrent.Executors$RunnableAdapter.call(Executors.java:511)
	at java.util.concurrent.FutureTask.run(FutureTask.java:266)
	at java.util.concurrent.ThreadPoolExecutor.runWorker(ThreadPoolExecutor.java:1149)
	at java.util.concurrent.ThreadPoolExecutor$Worker.run(ThreadPoolExecutor.java:624)
	... 1 more
Caused by: org.apache.ratis.thirdparty.io.netty.channel.AbstractChannel$AnnotatedConnectException: Connection refused: /192.168.157.251:45025
	at sun.nio.ch.SocketChannelImpl.checkConnect(Native Method)
	at sun.nio.ch.SocketChannelImpl.finishConnect(SocketChannelImpl.java:717)
	at org.apache.ratis.thirdparty.io.netty.channel.socket.nio.NioSocketChannel.doFinishConnect(NioSocketChannel.java:327)
	at org.apache.ratis.thirdparty.io.netty.channel.nio.AbstractNioChannel$AbstractNioUnsafe.finishConnect(AbstractNioChannel.java:340)
	at org.apache.ratis.thirdparty.io.netty.channel.nio.NioEventLoop.processSelectedKey(NioEventLoop.java:632)
	at org.apache.ratis.thirdparty.io.netty.channel.nio.NioEventLoop.processSelectedKeysOptimized(NioEventLoop.java:579)
	at org.apache.ratis.thirdparty.io.netty.channel.nio.NioEventLoop.processSelectedKeys(NioEventLoop.java:496)
	at org.apache.ratis.thirdparty.io.netty.channel.nio.NioEventLoop.run(NioEventLoop.java:458)
	at org.apache.ratis.thirdparty.io.netty.util.concurrent.SingleThreadEventExecutor$5.run(SingleThreadEventExecutor.java:897)
	at org.apache.ratis.thirdparty.io.netty.util.concurrent.FastThreadLocalRunnable.run(FastThreadLocalRunnable.java:30)
	... 1 more
Caused by: java.net.ConnectException: Connection refused
	... 11 more
2019-10-17 18:51:24,389 [a5e79c22-a35f-4e50-b1fd-e91b6a93d74d@group-F775CA5912AC-LeaderElection438] INFO  impl.LeaderElection (LogUtils.java:infoOrTrace(149)) -   Exception 1: {}
java.util.concurrent.ExecutionException: org.apache.ratis.thirdparty.io.grpc.StatusRuntimeException: UNAVAILABLE: io exception
	at java.util.concurrent.FutureTask.report(FutureTask.java:122)
	at java.util.concurrent.FutureTask.get(FutureTask.java:192)
	at org.apache.ratis.server.impl.LeaderElection.waitForResults(LeaderElection.java:259)
	at org.apache.ratis.server.impl.LeaderElection.askForVotes(LeaderElection.java:197)
	at org.apache.ratis.server.impl.LeaderElection.run(LeaderElection.java:133)
	at java.lang.Thread.run(Thread.java:748)
Caused by: org.apache.ratis.thirdparty.io.grpc.StatusRuntimeException: UNAVAILABLE: io exception
	at org.apache.ratis.thirdparty.io.grpc.stub.ClientCalls.toStatusRuntimeException(ClientCalls.java:233)
	at org.apache.ratis.thirdparty.io.grpc.stub.ClientCalls.getUnchecked(ClientCalls.java:214)
	at org.apache.ratis.thirdparty.io.grpc.stub.ClientCalls.blockingUnaryCall(ClientCalls.java:139)
	at org.apache.ratis.proto.grpc.RaftServerProtocolServiceGrpc$RaftServerProtocolServiceBlockingStub.requestVote(RaftServerProtocolServiceGrpc.java:265)
	at org.apache.ratis.grpc.server.GrpcServerProtocolClient.requestVote(GrpcServerProtocolClient.java:99)
	at org.apache.ratis.grpc.server.GrpcService.requestVote(GrpcService.java:204)
	at org.apache.ratis.server.impl.LeaderElection.lambda$submitRequests$1(LeaderElection.java:234)
	at java.util.concurrent.FutureTask.run(FutureTask.java:266)
	at java.util.concurrent.Executors$RunnableAdapter.call(Executors.java:511)
	at java.util.concurrent.FutureTask.run(FutureTask.java:266)
	at java.util.concurrent.ThreadPoolExecutor.runWorker(ThreadPoolExecutor.java:1149)
	at java.util.concurrent.ThreadPoolExecutor$Worker.run(ThreadPoolExecutor.java:624)
	... 1 more
Caused by: org.apache.ratis.thirdparty.io.netty.channel.AbstractChannel$AnnotatedConnectException: Connection refused: /192.168.157.251:42113
	at sun.nio.ch.SocketChannelImpl.checkConnect(Native Method)
	at sun.nio.ch.SocketChannelImpl.finishConnect(SocketChannelImpl.java:717)
	at org.apache.ratis.thirdparty.io.netty.channel.socket.nio.NioSocketChannel.doFinishConnect(NioSocketChannel.java:327)
	at org.apache.ratis.thirdparty.io.netty.channel.nio.AbstractNioChannel$AbstractNioUnsafe.finishConnect(AbstractNioChannel.java:340)
	at org.apache.ratis.thirdparty.io.netty.channel.nio.NioEventLoop.processSelectedKey(NioEventLoop.java:632)
	at org.apache.ratis.thirdparty.io.netty.channel.nio.NioEventLoop.processSelectedKeysOptimized(NioEventLoop.java:579)
	at org.apache.ratis.thirdparty.io.netty.channel.nio.NioEventLoop.processSelectedKeys(NioEventLoop.java:496)
	at org.apache.ratis.thirdparty.io.netty.channel.nio.NioEventLoop.run(NioEventLoop.java:458)
	at org.apache.ratis.thirdparty.io.netty.util.concurrent.SingleThreadEventExecutor$5.run(SingleThreadEventExecutor.java:897)
	at org.apache.ratis.thirdparty.io.netty.util.concurrent.FastThreadLocalRunnable.run(FastThreadLocalRunnable.java:30)
	... 1 more
Caused by: java.net.ConnectException: Connection refused
	... 11 more
2019-10-17 18:51:24,389 [a5e79c22-a35f-4e50-b1fd-e91b6a93d74d@group-F775CA5912AC-LeaderElection438] INFO  impl.RaftServerImpl (RaftServerImpl.java:setRole(184)) - a5e79c22-a35f-4e50-b1fd-e91b6a93d74d@group-F775CA5912AC: changes role from CANDIDATE to FOLLOWER at term 272 for DISCOVERED_A_NEW_TERM
2019-10-17 18:51:24,389 [a5e79c22-a35f-4e50-b1fd-e91b6a93d74d@group-F775CA5912AC-LeaderElection438] INFO  impl.RoleInfo (RoleInfo.java:shutdownLeaderElection(134)) - a5e79c22-a35f-4e50-b1fd-e91b6a93d74d: shutdown LeaderElection
2019-10-17 18:51:24,389 [a5e79c22-a35f-4e50-b1fd-e91b6a93d74d@group-F775CA5912AC-LeaderElection438] INFO  impl.RoleInfo (RoleInfo.java:updateAndGet(143)) - a5e79c22-a35f-4e50-b1fd-e91b6a93d74d: start FollowerState
2019-10-17 18:51:24,394 [Thread-3304] INFO  impl.FollowerState (FollowerState.java:run(108)) - a5e79c22-a35f-4e50-b1fd-e91b6a93d74d@group-F775CA5912AC-FollowerState: change to CANDIDATE, lastRpcTime:4ms, electionTimeout:4ms
2019-10-17 18:51:24,394 [Thread-3304] INFO  impl.RoleInfo (RoleInfo.java:shutdownFollowerState(121)) - a5e79c22-a35f-4e50-b1fd-e91b6a93d74d: shutdown FollowerState
2019-10-17 18:51:24,394 [Thread-3304] INFO  impl.RaftServerImpl (RaftServerImpl.java:setRole(184)) - a5e79c22-a35f-4e50-b1fd-e91b6a93d74d@group-F775CA5912AC: changes role from  FOLLOWER to CANDIDATE at term 272 for changeToCandidate
2019-10-17 18:51:24,394 [Thread-3304] INFO  impl.RoleInfo (RoleInfo.java:updateAndGet(143)) - a5e79c22-a35f-4e50-b1fd-e91b6a93d74d: start LeaderElection
2019-10-17 18:51:24,395 [java.util.concurrent.ThreadPoolExecutor$Worker@29d0258b[State = -1, empty queue]] WARN  server.GrpcLogAppender (GrpcLogAppender.java:timeoutAppendRequest(209)) - 8f4f8799-ef18-41e5-9bb8-2f724208e999@group-9D6F8169C5E6->de8c9e34-1a4b-4ad8-952a-c65e9c1604e8-GrpcLogAppender: appendEntries Timeout, request=8f4f8799-ef18-41e5-9bb8-2f724208e999->de8c9e34-1a4b-4ad8-952a-c65e9c1604e8#90-t7, previous=(t:7, i:19), leaderCommit=19, initializing? false, entries: <empty>
2019-10-17 18:51:24,420 [a5e79c22-a35f-4e50-b1fd-e91b6a93d74d@group-F775CA5912AC-LeaderElection439] INFO  impl.LeaderElection (LeaderElection.java:askForVotes(178)) - a5e79c22-a35f-4e50-b1fd-e91b6a93d74d@group-F775CA5912AC-LeaderElection439: begin an election at term 273 for -1: [a5e79c22-a35f-4e50-b1fd-e91b6a93d74d:192.168.157.251:45177, daae7813-f814-475d-9647-a302a5541e36:192.168.157.251:45025, 1e4e1375-1b66-460f-8c99-4c341545a119:192.168.157.251:42113], old=null
2019-10-17 18:51:24,421 [a5e79c22-a35f-4e50-b1fd-e91b6a93d74d@group-F775CA5912AC-LeaderElection439] INFO  impl.LeaderElection (LogUtils.java:infoOrTrace(149)) - a5e79c22-a35f-4e50-b1fd-e91b6a93d74d@group-F775CA5912AC-LeaderElection439 got exception when requesting votes: {}
java.util.concurrent.ExecutionException: org.apache.ratis.thirdparty.io.grpc.StatusRuntimeException: UNAVAILABLE: io exception
	at java.util.concurrent.FutureTask.report(FutureTask.java:122)
	at java.util.concurrent.FutureTask.get(FutureTask.java:192)
	at org.apache.ratis.server.impl.LeaderElection.waitForResults(LeaderElection.java:259)
	at org.apache.ratis.server.impl.LeaderElection.askForVotes(LeaderElection.java:197)
	at org.apache.ratis.server.impl.LeaderElection.run(LeaderElection.java:133)
	at java.lang.Thread.run(Thread.java:748)
Caused by: org.apache.ratis.thirdparty.io.grpc.StatusRuntimeException: UNAVAILABLE: io exception
	at org.apache.ratis.thirdparty.io.grpc.stub.ClientCalls.toStatusRuntimeException(ClientCalls.java:233)
	at org.apache.ratis.thirdparty.io.grpc.stub.ClientCalls.getUnchecked(ClientCalls.java:214)
	at org.apache.ratis.thirdparty.io.grpc.stub.ClientCalls.blockingUnaryCall(ClientCalls.java:139)
	at org.apache.ratis.proto.grpc.RaftServerProtocolServiceGrpc$RaftServerProtocolServiceBlockingStub.requestVote(RaftServerProtocolServiceGrpc.java:265)
	at org.apache.ratis.grpc.server.GrpcServerProtocolClient.requestVote(GrpcServerProtocolClient.java:99)
	at org.apache.ratis.grpc.server.GrpcService.requestVote(GrpcService.java:204)
	at org.apache.ratis.server.impl.LeaderElection.lambda$submitRequests$1(LeaderElection.java:234)
	at java.util.concurrent.FutureTask.run(FutureTask.java:266)
	at java.util.concurrent.Executors$RunnableAdapter.call(Executors.java:511)
	at java.util.concurrent.FutureTask.run(FutureTask.java:266)
	at java.util.concurrent.ThreadPoolExecutor.runWorker(ThreadPoolExecutor.java:1149)
	at java.util.concurrent.ThreadPoolExecutor$Worker.run(ThreadPoolExecutor.java:624)
	... 1 more
Caused by: org.apache.ratis.thirdparty.io.netty.channel.AbstractChannel$AnnotatedConnectException: Connection refused: /192.168.157.251:42113
	at sun.nio.ch.SocketChannelImpl.checkConnect(Native Method)
	at sun.nio.ch.SocketChannelImpl.finishConnect(SocketChannelImpl.java:717)
	at org.apache.ratis.thirdparty.io.netty.channel.socket.nio.NioSocketChannel.doFinishConnect(NioSocketChannel.java:327)
	at org.apache.ratis.thirdparty.io.netty.channel.nio.AbstractNioChannel$AbstractNioUnsafe.finishConnect(AbstractNioChannel.java:340)
	at org.apache.ratis.thirdparty.io.netty.channel.nio.NioEventLoop.processSelectedKey(NioEventLoop.java:632)
	at org.apache.ratis.thirdparty.io.netty.channel.nio.NioEventLoop.processSelectedKeysOptimized(NioEventLoop.java:579)
	at org.apache.ratis.thirdparty.io.netty.channel.nio.NioEventLoop.processSelectedKeys(NioEventLoop.java:496)
	at org.apache.ratis.thirdparty.io.netty.channel.nio.NioEventLoop.run(NioEventLoop.java:458)
	at org.apache.ratis.thirdparty.io.netty.util.concurrent.SingleThreadEventExecutor$5.run(SingleThreadEventExecutor.java:897)
	at org.apache.ratis.thirdparty.io.netty.util.concurrent.FastThreadLocalRunnable.run(FastThreadLocalRunnable.java:30)
	... 1 more
Caused by: java.net.ConnectException: Connection refused
	... 11 more
2019-10-17 18:51:24,421 [a5e79c22-a35f-4e50-b1fd-e91b6a93d74d@group-F775CA5912AC-LeaderElection439] INFO  impl.LeaderElection (LogUtils.java:infoOrTrace(149)) - a5e79c22-a35f-4e50-b1fd-e91b6a93d74d@group-F775CA5912AC-LeaderElection439 got exception when requesting votes: {}
java.util.concurrent.ExecutionException: org.apache.ratis.thirdparty.io.grpc.StatusRuntimeException: UNAVAILABLE: io exception
	at java.util.concurrent.FutureTask.report(FutureTask.java:122)
	at java.util.concurrent.FutureTask.get(FutureTask.java:192)
	at org.apache.ratis.server.impl.LeaderElection.waitForResults(LeaderElection.java:259)
	at org.apache.ratis.server.impl.LeaderElection.askForVotes(LeaderElection.java:197)
	at org.apache.ratis.server.impl.LeaderElection.run(LeaderElection.java:133)
	at java.lang.Thread.run(Thread.java:748)
Caused by: org.apache.ratis.thirdparty.io.grpc.StatusRuntimeException: UNAVAILABLE: io exception
	at org.apache.ratis.thirdparty.io.grpc.stub.ClientCalls.toStatusRuntimeException(ClientCalls.java:233)
	at org.apache.ratis.thirdparty.io.grpc.stub.ClientCalls.getUnchecked(ClientCalls.java:214)
	at org.apache.ratis.thirdparty.io.grpc.stub.ClientCalls.blockingUnaryCall(ClientCalls.java:139)
	at org.apache.ratis.proto.grpc.RaftServerProtocolServiceGrpc$RaftServerProtocolServiceBlockingStub.requestVote(RaftServerProtocolServiceGrpc.java:265)
	at org.apache.ratis.grpc.server.GrpcServerProtocolClient.requestVote(GrpcServerProtocolClient.java:99)
	at org.apache.ratis.grpc.server.GrpcService.requestVote(GrpcService.java:204)
	at org.apache.ratis.server.impl.LeaderElection.lambda$submitRequests$1(LeaderElection.java:234)
	at java.util.concurrent.FutureTask.run(FutureTask.java:266)
	at java.util.concurrent.Executors$RunnableAdapter.call(Executors.java:511)
	at java.util.concurrent.FutureTask.run(FutureTask.java:266)
	at java.util.concurrent.ThreadPoolExecutor.runWorker(ThreadPoolExecutor.java:1149)
	at java.util.concurrent.ThreadPoolExecutor$Worker.run(ThreadPoolExecutor.java:624)
	... 1 more
Caused by: org.apache.ratis.thirdparty.io.netty.channel.AbstractChannel$AnnotatedConnectException: Connection refused: /192.168.157.251:45025
	at sun.nio.ch.SocketChannelImpl.checkConnect(Native Method)
	at sun.nio.ch.SocketChannelImpl.finishConnect(SocketChannelImpl.java:717)
	at org.apache.ratis.thirdparty.io.netty.channel.socket.nio.NioSocketChannel.doFinishConnect(NioSocketChannel.java:327)
	at org.apache.ratis.thirdparty.io.netty.channel.nio.AbstractNioChannel$AbstractNioUnsafe.finishConnect(AbstractNioChannel.java:340)
	at org.apache.ratis.thirdparty.io.netty.channel.nio.NioEventLoop.processSelectedKey(NioEventLoop.java:632)
	at org.apache.ratis.thirdparty.io.netty.channel.nio.NioEventLoop.processSelectedKeysOptimized(NioEventLoop.java:579)
	at org.apache.ratis.thirdparty.io.netty.channel.nio.NioEventLoop.processSelectedKeys(NioEventLoop.java:496)
	at org.apache.ratis.thirdparty.io.netty.channel.nio.NioEventLoop.run(NioEventLoop.java:458)
	at org.apache.ratis.thirdparty.io.netty.util.concurrent.SingleThreadEventExecutor$5.run(SingleThreadEventExecutor.java:897)
	at org.apache.ratis.thirdparty.io.netty.util.concurrent.FastThreadLocalRunnable.run(FastThreadLocalRunnable.java:30)
	... 1 more
Caused by: java.net.ConnectException: Connection refused
	... 11 more
2019-10-17 18:51:24,421 [a5e79c22-a35f-4e50-b1fd-e91b6a93d74d@group-F775CA5912AC-LeaderElection439] INFO  impl.LeaderElection (LeaderElection.java:logAndReturn(56)) - a5e79c22-a35f-4e50-b1fd-e91b6a93d74d@group-F775CA5912AC-LeaderElection439: Election REJECTED; received 0 response(s) [] and 2 exception(s); a5e79c22-a35f-4e50-b1fd-e91b6a93d74d@group-F775CA5912AC:t273, leader=null, voted=a5e79c22-a35f-4e50-b1fd-e91b6a93d74d, raftlog=a5e79c22-a35f-4e50-b1fd-e91b6a93d74d@group-F775CA5912AC-SegmentedRaftLog:OPENED:c-1,f-1,i0, conf=-1: [a5e79c22-a35f-4e50-b1fd-e91b6a93d74d:192.168.157.251:45177, daae7813-f814-475d-9647-a302a5541e36:192.168.157.251:45025, 1e4e1375-1b66-460f-8c99-4c341545a119:192.168.157.251:42113], old=null
2019-10-17 18:51:24,422 [a5e79c22-a35f-4e50-b1fd-e91b6a93d74d@group-F775CA5912AC-LeaderElection439] INFO  impl.LeaderElection (LogUtils.java:infoOrTrace(149)) -   Exception 0: {}
java.util.concurrent.ExecutionException: org.apache.ratis.thirdparty.io.grpc.StatusRuntimeException: UNAVAILABLE: io exception
	at java.util.concurrent.FutureTask.report(FutureTask.java:122)
	at java.util.concurrent.FutureTask.get(FutureTask.java:192)
	at org.apache.ratis.server.impl.LeaderElection.waitForResults(LeaderElection.java:259)
	at org.apache.ratis.server.impl.LeaderElection.askForVotes(LeaderElection.java:197)
	at org.apache.ratis.server.impl.LeaderElection.run(LeaderElection.java:133)
	at java.lang.Thread.run(Thread.java:748)
Caused by: org.apache.ratis.thirdparty.io.grpc.StatusRuntimeException: UNAVAILABLE: io exception
	at org.apache.ratis.thirdparty.io.grpc.stub.ClientCalls.toStatusRuntimeException(ClientCalls.java:233)
	at org.apache.ratis.thirdparty.io.grpc.stub.ClientCalls.getUnchecked(ClientCalls.java:214)
	at org.apache.ratis.thirdparty.io.grpc.stub.ClientCalls.blockingUnaryCall(ClientCalls.java:139)
	at org.apache.ratis.proto.grpc.RaftServerProtocolServiceGrpc$RaftServerProtocolServiceBlockingStub.requestVote(RaftServerProtocolServiceGrpc.java:265)
	at org.apache.ratis.grpc.server.GrpcServerProtocolClient.requestVote(GrpcServerProtocolClient.java:99)
	at org.apache.ratis.grpc.server.GrpcService.requestVote(GrpcService.java:204)
	at org.apache.ratis.server.impl.LeaderElection.lambda$submitRequests$1(LeaderElection.java:234)
	at java.util.concurrent.FutureTask.run(FutureTask.java:266)
	at java.util.concurrent.Executors$RunnableAdapter.call(Executors.java:511)
	at java.util.concurrent.FutureTask.run(FutureTask.java:266)
	at java.util.concurrent.ThreadPoolExecutor.runWorker(ThreadPoolExecutor.java:1149)
	at java.util.concurrent.ThreadPoolExecutor$Worker.run(ThreadPoolExecutor.java:624)
	... 1 more
Caused by: org.apache.ratis.thirdparty.io.netty.channel.AbstractChannel$AnnotatedConnectException: Connection refused: /192.168.157.251:42113
	at sun.nio.ch.SocketChannelImpl.checkConnect(Native Method)
	at sun.nio.ch.SocketChannelImpl.finishConnect(SocketChannelImpl.java:717)
	at org.apache.ratis.thirdparty.io.netty.channel.socket.nio.NioSocketChannel.doFinishConnect(NioSocketChannel.java:327)
	at org.apache.ratis.thirdparty.io.netty.channel.nio.AbstractNioChannel$AbstractNioUnsafe.finishConnect(AbstractNioChannel.java:340)
	at org.apache.ratis.thirdparty.io.netty.channel.nio.NioEventLoop.processSelectedKey(NioEventLoop.java:632)
	at org.apache.ratis.thirdparty.io.netty.channel.nio.NioEventLoop.processSelectedKeysOptimized(NioEventLoop.java:579)
	at org.apache.ratis.thirdparty.io.netty.channel.nio.NioEventLoop.processSelectedKeys(NioEventLoop.java:496)
	at org.apache.ratis.thirdparty.io.netty.channel.nio.NioEventLoop.run(NioEventLoop.java:458)
	at org.apache.ratis.thirdparty.io.netty.util.concurrent.SingleThreadEventExecutor$5.run(SingleThreadEventExecutor.java:897)
	at org.apache.ratis.thirdparty.io.netty.util.concurrent.FastThreadLocalRunnable.run(FastThreadLocalRunnable.java:30)
	... 1 more
Caused by: java.net.ConnectException: Connection refused
	... 11 more
2019-10-17 18:51:24,422 [a5e79c22-a35f-4e50-b1fd-e91b6a93d74d@group-F775CA5912AC-LeaderElection439] INFO  impl.LeaderElection (LogUtils.java:infoOrTrace(149)) -   Exception 1: {}
java.util.concurrent.ExecutionException: org.apache.ratis.thirdparty.io.grpc.StatusRuntimeException: UNAVAILABLE: io exception
	at java.util.concurrent.FutureTask.report(FutureTask.java:122)
	at java.util.concurrent.FutureTask.get(FutureTask.java:192)
	at org.apache.ratis.server.impl.LeaderElection.waitForResults(LeaderElection.java:259)
	at org.apache.ratis.server.impl.LeaderElection.askForVotes(LeaderElection.java:197)
	at org.apache.ratis.server.impl.LeaderElection.run(LeaderElection.java:133)
	at java.lang.Thread.run(Thread.java:748)
Caused by: org.apache.ratis.thirdparty.io.grpc.StatusRuntimeException: UNAVAILABLE: io exception
	at org.apache.ratis.thirdparty.io.grpc.stub.ClientCalls.toStatusRuntimeException(ClientCalls.java:233)
	at org.apache.ratis.thirdparty.io.grpc.stub.ClientCalls.getUnchecked(ClientCalls.java:214)
	at org.apache.ratis.thirdparty.io.grpc.stub.ClientCalls.blockingUnaryCall(ClientCalls.java:139)
	at org.apache.ratis.proto.grpc.RaftServerProtocolServiceGrpc$RaftServerProtocolServiceBlockingStub.requestVote(RaftServerProtocolServiceGrpc.java:265)
	at org.apache.ratis.grpc.server.GrpcServerProtocolClient.requestVote(GrpcServerProtocolClient.java:99)
	at org.apache.ratis.grpc.server.GrpcService.requestVote(GrpcService.java:204)
	at org.apache.ratis.server.impl.LeaderElection.lambda$submitRequests$1(LeaderElection.java:234)
	at java.util.concurrent.FutureTask.run(FutureTask.java:266)
	at java.util.concurrent.Executors$RunnableAdapter.call(Executors.java:511)
	at java.util.concurrent.FutureTask.run(FutureTask.java:266)
	at java.util.concurrent.ThreadPoolExecutor.runWorker(ThreadPoolExecutor.java:1149)
	at java.util.concurrent.ThreadPoolExecutor$Worker.run(ThreadPoolExecutor.java:624)
	... 1 more
Caused by: org.apache.ratis.thirdparty.io.netty.channel.AbstractChannel$AnnotatedConnectException: Connection refused: /192.168.157.251:45025
	at sun.nio.ch.SocketChannelImpl.checkConnect(Native Method)
	at sun.nio.ch.SocketChannelImpl.finishConnect(SocketChannelImpl.java:717)
	at org.apache.ratis.thirdparty.io.netty.channel.socket.nio.NioSocketChannel.doFinishConnect(NioSocketChannel.java:327)
	at org.apache.ratis.thirdparty.io.netty.channel.nio.AbstractNioChannel$AbstractNioUnsafe.finishConnect(AbstractNioChannel.java:340)
	at org.apache.ratis.thirdparty.io.netty.channel.nio.NioEventLoop.processSelectedKey(NioEventLoop.java:632)
	at org.apache.ratis.thirdparty.io.netty.channel.nio.NioEventLoop.processSelectedKeysOptimized(NioEventLoop.java:579)
	at org.apache.ratis.thirdparty.io.netty.channel.nio.NioEventLoop.processSelectedKeys(NioEventLoop.java:496)
	at org.apache.ratis.thirdparty.io.netty.channel.nio.NioEventLoop.run(NioEventLoop.java:458)
	at org.apache.ratis.thirdparty.io.netty.util.concurrent.SingleThreadEventExecutor$5.run(SingleThreadEventExecutor.java:897)
	at org.apache.ratis.thirdparty.io.netty.util.concurrent.FastThreadLocalRunnable.run(FastThreadLocalRunnable.java:30)
	... 1 more
Caused by: java.net.ConnectException: Connection refused
	... 11 more
2019-10-17 18:51:24,422 [a5e79c22-a35f-4e50-b1fd-e91b6a93d74d@group-F775CA5912AC-LeaderElection439] INFO  impl.RaftServerImpl (RaftServerImpl.java:setRole(184)) - a5e79c22-a35f-4e50-b1fd-e91b6a93d74d@group-F775CA5912AC: changes role from CANDIDATE to FOLLOWER at term 273 for DISCOVERED_A_NEW_TERM
2019-10-17 18:51:24,422 [a5e79c22-a35f-4e50-b1fd-e91b6a93d74d@group-F775CA5912AC-LeaderElection439] INFO  impl.RoleInfo (RoleInfo.java:shutdownLeaderElection(134)) - a5e79c22-a35f-4e50-b1fd-e91b6a93d74d: shutdown LeaderElection
2019-10-17 18:51:24,422 [a5e79c22-a35f-4e50-b1fd-e91b6a93d74d@group-F775CA5912AC-LeaderElection439] INFO  impl.RoleInfo (RoleInfo.java:updateAndGet(143)) - a5e79c22-a35f-4e50-b1fd-e91b6a93d74d: start FollowerState
2019-10-17 18:51:24,443 [Thread-3308] INFO  impl.FollowerState (FollowerState.java:run(108)) - a5e79c22-a35f-4e50-b1fd-e91b6a93d74d@group-F775CA5912AC-FollowerState: change to CANDIDATE, lastRpcTime:20ms, electionTimeout:20ms
2019-10-17 18:51:24,443 [Thread-3308] INFO  impl.RoleInfo (RoleInfo.java:shutdownFollowerState(121)) - a5e79c22-a35f-4e50-b1fd-e91b6a93d74d: shutdown FollowerState
2019-10-17 18:51:24,443 [Thread-3308] INFO  impl.RaftServerImpl (RaftServerImpl.java:setRole(184)) - a5e79c22-a35f-4e50-b1fd-e91b6a93d74d@group-F775CA5912AC: changes role from  FOLLOWER to CANDIDATE at term 273 for changeToCandidate
2019-10-17 18:51:24,443 [Thread-3308] INFO  impl.RoleInfo (RoleInfo.java:updateAndGet(143)) - a5e79c22-a35f-4e50-b1fd-e91b6a93d74d: start LeaderElection
2019-10-17 18:51:24,457 [a5e79c22-a35f-4e50-b1fd-e91b6a93d74d@group-F775CA5912AC-LeaderElection440] INFO  impl.LeaderElection (LeaderElection.java:askForVotes(178)) - a5e79c22-a35f-4e50-b1fd-e91b6a93d74d@group-F775CA5912AC-LeaderElection440: begin an election at term 274 for -1: [a5e79c22-a35f-4e50-b1fd-e91b6a93d74d:192.168.157.251:45177, daae7813-f814-475d-9647-a302a5541e36:192.168.157.251:45025, 1e4e1375-1b66-460f-8c99-4c341545a119:192.168.157.251:42113], old=null
2019-10-17 18:51:24,458 [a5e79c22-a35f-4e50-b1fd-e91b6a93d74d@group-F775CA5912AC-LeaderElection440] INFO  impl.LeaderElection (LogUtils.java:infoOrTrace(149)) - a5e79c22-a35f-4e50-b1fd-e91b6a93d74d@group-F775CA5912AC-LeaderElection440 got exception when requesting votes: {}
java.util.concurrent.ExecutionException: org.apache.ratis.thirdparty.io.grpc.StatusRuntimeException: UNAVAILABLE: io exception
	at java.util.concurrent.FutureTask.report(FutureTask.java:122)
	at java.util.concurrent.FutureTask.get(FutureTask.java:192)
	at org.apache.ratis.server.impl.LeaderElection.waitForResults(LeaderElection.java:259)
	at org.apache.ratis.server.impl.LeaderElection.askForVotes(LeaderElection.java:197)
	at org.apache.ratis.server.impl.LeaderElection.run(LeaderElection.java:133)
	at java.lang.Thread.run(Thread.java:748)
Caused by: org.apache.ratis.thirdparty.io.grpc.StatusRuntimeException: UNAVAILABLE: io exception
	at org.apache.ratis.thirdparty.io.grpc.stub.ClientCalls.toStatusRuntimeException(ClientCalls.java:233)
	at org.apache.ratis.thirdparty.io.grpc.stub.ClientCalls.getUnchecked(ClientCalls.java:214)
	at org.apache.ratis.thirdparty.io.grpc.stub.ClientCalls.blockingUnaryCall(ClientCalls.java:139)
	at org.apache.ratis.proto.grpc.RaftServerProtocolServiceGrpc$RaftServerProtocolServiceBlockingStub.requestVote(RaftServerProtocolServiceGrpc.java:265)
	at org.apache.ratis.grpc.server.GrpcServerProtocolClient.requestVote(GrpcServerProtocolClient.java:99)
	at org.apache.ratis.grpc.server.GrpcService.requestVote(GrpcService.java:204)
	at org.apache.ratis.server.impl.LeaderElection.lambda$submitRequests$1(LeaderElection.java:234)
	at java.util.concurrent.FutureTask.run(FutureTask.java:266)
	at java.util.concurrent.Executors$RunnableAdapter.call(Executors.java:511)
	at java.util.concurrent.FutureTask.run(FutureTask.java:266)
	at java.util.concurrent.ThreadPoolExecutor.runWorker(ThreadPoolExecutor.java:1149)
	at java.util.concurrent.ThreadPoolExecutor$Worker.run(ThreadPoolExecutor.java:624)
	... 1 more
Caused by: org.apache.ratis.thirdparty.io.netty.channel.AbstractChannel$AnnotatedConnectException: Connection refused: /192.168.157.251:45025
	at sun.nio.ch.SocketChannelImpl.checkConnect(Native Method)
	at sun.nio.ch.SocketChannelImpl.finishConnect(SocketChannelImpl.java:717)
	at org.apache.ratis.thirdparty.io.netty.channel.socket.nio.NioSocketChannel.doFinishConnect(NioSocketChannel.java:327)
	at org.apache.ratis.thirdparty.io.netty.channel.nio.AbstractNioChannel$AbstractNioUnsafe.finishConnect(AbstractNioChannel.java:340)
	at org.apache.ratis.thirdparty.io.netty.channel.nio.NioEventLoop.processSelectedKey(NioEventLoop.java:632)
	at org.apache.ratis.thirdparty.io.netty.channel.nio.NioEventLoop.processSelectedKeysOptimized(NioEventLoop.java:579)
	at org.apache.ratis.thirdparty.io.netty.channel.nio.NioEventLoop.processSelectedKeys(NioEventLoop.java:496)
	at org.apache.ratis.thirdparty.io.netty.channel.nio.NioEventLoop.run(NioEventLoop.java:458)
	at org.apache.ratis.thirdparty.io.netty.util.concurrent.SingleThreadEventExecutor$5.run(SingleThreadEventExecutor.java:897)
	at org.apache.ratis.thirdparty.io.netty.util.concurrent.FastThreadLocalRunnable.run(FastThreadLocalRunnable.java:30)
	... 1 more
Caused by: java.net.ConnectException: Connection refused
	... 11 more
2019-10-17 18:51:24,458 [a5e79c22-a35f-4e50-b1fd-e91b6a93d74d@group-F775CA5912AC-LeaderElection440] INFO  impl.LeaderElection (LogUtils.java:infoOrTrace(149)) - a5e79c22-a35f-4e50-b1fd-e91b6a93d74d@group-F775CA5912AC-LeaderElection440 got exception when requesting votes: {}
java.util.concurrent.ExecutionException: org.apache.ratis.thirdparty.io.grpc.StatusRuntimeException: UNAVAILABLE: io exception
	at java.util.concurrent.FutureTask.report(FutureTask.java:122)
	at java.util.concurrent.FutureTask.get(FutureTask.java:192)
	at org.apache.ratis.server.impl.LeaderElection.waitForResults(LeaderElection.java:259)
	at org.apache.ratis.server.impl.LeaderElection.askForVotes(LeaderElection.java:197)
	at org.apache.ratis.server.impl.LeaderElection.run(LeaderElection.java:133)
	at java.lang.Thread.run(Thread.java:748)
Caused by: org.apache.ratis.thirdparty.io.grpc.StatusRuntimeException: UNAVAILABLE: io exception
	at org.apache.ratis.thirdparty.io.grpc.stub.ClientCalls.toStatusRuntimeException(ClientCalls.java:233)
	at org.apache.ratis.thirdparty.io.grpc.stub.ClientCalls.getUnchecked(ClientCalls.java:214)
	at org.apache.ratis.thirdparty.io.grpc.stub.ClientCalls.blockingUnaryCall(ClientCalls.java:139)
	at org.apache.ratis.proto.grpc.RaftServerProtocolServiceGrpc$RaftServerProtocolServiceBlockingStub.requestVote(RaftServerProtocolServiceGrpc.java:265)
	at org.apache.ratis.grpc.server.GrpcServerProtocolClient.requestVote(GrpcServerProtocolClient.java:99)
	at org.apache.ratis.grpc.server.GrpcService.requestVote(GrpcService.java:204)
	at org.apache.ratis.server.impl.LeaderElection.lambda$submitRequests$1(LeaderElection.java:234)
	at java.util.concurrent.FutureTask.run(FutureTask.java:266)
	at java.util.concurrent.Executors$RunnableAdapter.call(Executors.java:511)
	at java.util.concurrent.FutureTask.run(FutureTask.java:266)
	at java.util.concurrent.ThreadPoolExecutor.runWorker(ThreadPoolExecutor.java:1149)
	at java.util.concurrent.ThreadPoolExecutor$Worker.run(ThreadPoolExecutor.java:624)
	... 1 more
Caused by: org.apache.ratis.thirdparty.io.netty.channel.AbstractChannel$AnnotatedConnectException: Connection refused: /192.168.157.251:42113
	at sun.nio.ch.SocketChannelImpl.checkConnect(Native Method)
	at sun.nio.ch.SocketChannelImpl.finishConnect(SocketChannelImpl.java:717)
	at org.apache.ratis.thirdparty.io.netty.channel.socket.nio.NioSocketChannel.doFinishConnect(NioSocketChannel.java:327)
	at org.apache.ratis.thirdparty.io.netty.channel.nio.AbstractNioChannel$AbstractNioUnsafe.finishConnect(AbstractNioChannel.java:340)
	at org.apache.ratis.thirdparty.io.netty.channel.nio.NioEventLoop.processSelectedKey(NioEventLoop.java:632)
	at org.apache.ratis.thirdparty.io.netty.channel.nio.NioEventLoop.processSelectedKeysOptimized(NioEventLoop.java:579)
	at org.apache.ratis.thirdparty.io.netty.channel.nio.NioEventLoop.processSelectedKeys(NioEventLoop.java:496)
	at org.apache.ratis.thirdparty.io.netty.channel.nio.NioEventLoop.run(NioEventLoop.java:458)
	at org.apache.ratis.thirdparty.io.netty.util.concurrent.SingleThreadEventExecutor$5.run(SingleThreadEventExecutor.java:897)
	at org.apache.ratis.thirdparty.io.netty.util.concurrent.FastThreadLocalRunnable.run(FastThreadLocalRunnable.java:30)
	... 1 more
Caused by: java.net.ConnectException: Connection refused
	... 11 more
2019-10-17 18:51:24,459 [a5e79c22-a35f-4e50-b1fd-e91b6a93d74d@group-F775CA5912AC-LeaderElection440] INFO  impl.LeaderElection (LeaderElection.java:logAndReturn(56)) - a5e79c22-a35f-4e50-b1fd-e91b6a93d74d@group-F775CA5912AC-LeaderElection440: Election REJECTED; received 0 response(s) [] and 2 exception(s); a5e79c22-a35f-4e50-b1fd-e91b6a93d74d@group-F775CA5912AC:t274, leader=null, voted=a5e79c22-a35f-4e50-b1fd-e91b6a93d74d, raftlog=a5e79c22-a35f-4e50-b1fd-e91b6a93d74d@group-F775CA5912AC-SegmentedRaftLog:OPENED:c-1,f-1,i0, conf=-1: [a5e79c22-a35f-4e50-b1fd-e91b6a93d74d:192.168.157.251:45177, daae7813-f814-475d-9647-a302a5541e36:192.168.157.251:45025, 1e4e1375-1b66-460f-8c99-4c341545a119:192.168.157.251:42113], old=null
2019-10-17 18:51:24,459 [a5e79c22-a35f-4e50-b1fd-e91b6a93d74d@group-F775CA5912AC-LeaderElection440] INFO  impl.LeaderElection (LogUtils.java:infoOrTrace(149)) -   Exception 0: {}
java.util.concurrent.ExecutionException: org.apache.ratis.thirdparty.io.grpc.StatusRuntimeException: UNAVAILABLE: io exception
	at java.util.concurrent.FutureTask.report(FutureTask.java:122)
	at java.util.concurrent.FutureTask.get(FutureTask.java:192)
	at org.apache.ratis.server.impl.LeaderElection.waitForResults(LeaderElection.java:259)
	at org.apache.ratis.server.impl.LeaderElection.askForVotes(LeaderElection.java:197)
	at org.apache.ratis.server.impl.LeaderElection.run(LeaderElection.java:133)
	at java.lang.Thread.run(Thread.java:748)
Caused by: org.apache.ratis.thirdparty.io.grpc.StatusRuntimeException: UNAVAILABLE: io exception
	at org.apache.ratis.thirdparty.io.grpc.stub.ClientCalls.toStatusRuntimeException(ClientCalls.java:233)
	at org.apache.ratis.thirdparty.io.grpc.stub.ClientCalls.getUnchecked(ClientCalls.java:214)
	at org.apache.ratis.thirdparty.io.grpc.stub.ClientCalls.blockingUnaryCall(ClientCalls.java:139)
	at org.apache.ratis.proto.grpc.RaftServerProtocolServiceGrpc$RaftServerProtocolServiceBlockingStub.requestVote(RaftServerProtocolServiceGrpc.java:265)
	at org.apache.ratis.grpc.server.GrpcServerProtocolClient.requestVote(GrpcServerProtocolClient.java:99)
	at org.apache.ratis.grpc.server.GrpcService.requestVote(GrpcService.java:204)
	at org.apache.ratis.server.impl.LeaderElection.lambda$submitRequests$1(LeaderElection.java:234)
	at java.util.concurrent.FutureTask.run(FutureTask.java:266)
	at java.util.concurrent.Executors$RunnableAdapter.call(Executors.java:511)
	at java.util.concurrent.FutureTask.run(FutureTask.java:266)
	at java.util.concurrent.ThreadPoolExecutor.runWorker(ThreadPoolExecutor.java:1149)
	at java.util.concurrent.ThreadPoolExecutor$Worker.run(ThreadPoolExecutor.java:624)
	... 1 more
Caused by: org.apache.ratis.thirdparty.io.netty.channel.AbstractChannel$AnnotatedConnectException: Connection refused: /192.168.157.251:45025
	at sun.nio.ch.SocketChannelImpl.checkConnect(Native Method)
	at sun.nio.ch.SocketChannelImpl.finishConnect(SocketChannelImpl.java:717)
	at org.apache.ratis.thirdparty.io.netty.channel.socket.nio.NioSocketChannel.doFinishConnect(NioSocketChannel.java:327)
	at org.apache.ratis.thirdparty.io.netty.channel.nio.AbstractNioChannel$AbstractNioUnsafe.finishConnect(AbstractNioChannel.java:340)
	at org.apache.ratis.thirdparty.io.netty.channel.nio.NioEventLoop.processSelectedKey(NioEventLoop.java:632)
	at org.apache.ratis.thirdparty.io.netty.channel.nio.NioEventLoop.processSelectedKeysOptimized(NioEventLoop.java:579)
	at org.apache.ratis.thirdparty.io.netty.channel.nio.NioEventLoop.processSelectedKeys(NioEventLoop.java:496)
	at org.apache.ratis.thirdparty.io.netty.channel.nio.NioEventLoop.run(NioEventLoop.java:458)
	at org.apache.ratis.thirdparty.io.netty.util.concurrent.SingleThreadEventExecutor$5.run(SingleThreadEventExecutor.java:897)
	at org.apache.ratis.thirdparty.io.netty.util.concurrent.FastThreadLocalRunnable.run(FastThreadLocalRunnable.java:30)
	... 1 more
Caused by: java.net.ConnectException: Connection refused
	... 11 more
2019-10-17 18:51:24,459 [a5e79c22-a35f-4e50-b1fd-e91b6a93d74d@group-F775CA5912AC-LeaderElection440] INFO  impl.LeaderElection (LogUtils.java:infoOrTrace(149)) -   Exception 1: {}
java.util.concurrent.ExecutionException: org.apache.ratis.thirdparty.io.grpc.StatusRuntimeException: UNAVAILABLE: io exception
	at java.util.concurrent.FutureTask.report(FutureTask.java:122)
	at java.util.concurrent.FutureTask.get(FutureTask.java:192)
	at org.apache.ratis.server.impl.LeaderElection.waitForResults(LeaderElection.java:259)
	at org.apache.ratis.server.impl.LeaderElection.askForVotes(LeaderElection.java:197)
	at org.apache.ratis.server.impl.LeaderElection.run(LeaderElection.java:133)
	at java.lang.Thread.run(Thread.java:748)
Caused by: org.apache.ratis.thirdparty.io.grpc.StatusRuntimeException: UNAVAILABLE: io exception
	at org.apache.ratis.thirdparty.io.grpc.stub.ClientCalls.toStatusRuntimeException(ClientCalls.java:233)
	at org.apache.ratis.thirdparty.io.grpc.stub.ClientCalls.getUnchecked(ClientCalls.java:214)
	at org.apache.ratis.thirdparty.io.grpc.stub.ClientCalls.blockingUnaryCall(ClientCalls.java:139)
	at org.apache.ratis.proto.grpc.RaftServerProtocolServiceGrpc$RaftServerProtocolServiceBlockingStub.requestVote(RaftServerProtocolServiceGrpc.java:265)
	at org.apache.ratis.grpc.server.GrpcServerProtocolClient.requestVote(GrpcServerProtocolClient.java:99)
	at org.apache.ratis.grpc.server.GrpcService.requestVote(GrpcService.java:204)
	at org.apache.ratis.server.impl.LeaderElection.lambda$submitRequests$1(LeaderElection.java:234)
	at java.util.concurrent.FutureTask.run(FutureTask.java:266)
	at java.util.concurrent.Executors$RunnableAdapter.call(Executors.java:511)
	at java.util.concurrent.FutureTask.run(FutureTask.java:266)
	at java.util.concurrent.ThreadPoolExecutor.runWorker(ThreadPoolExecutor.java:1149)
	at java.util.concurrent.ThreadPoolExecutor$Worker.run(ThreadPoolExecutor.java:624)
	... 1 more
Caused by: org.apache.ratis.thirdparty.io.netty.channel.AbstractChannel$AnnotatedConnectException: Connection refused: /192.168.157.251:42113
	at sun.nio.ch.SocketChannelImpl.checkConnect(Native Method)
	at sun.nio.ch.SocketChannelImpl.finishConnect(SocketChannelImpl.java:717)
	at org.apache.ratis.thirdparty.io.netty.channel.socket.nio.NioSocketChannel.doFinishConnect(NioSocketChannel.java:327)
	at org.apache.ratis.thirdparty.io.netty.channel.nio.AbstractNioChannel$AbstractNioUnsafe.finishConnect(AbstractNioChannel.java:340)
	at org.apache.ratis.thirdparty.io.netty.channel.nio.NioEventLoop.processSelectedKey(NioEventLoop.java:632)
	at org.apache.ratis.thirdparty.io.netty.channel.nio.NioEventLoop.processSelectedKeysOptimized(NioEventLoop.java:579)
	at org.apache.ratis.thirdparty.io.netty.channel.nio.NioEventLoop.processSelectedKeys(NioEventLoop.java:496)
	at org.apache.ratis.thirdparty.io.netty.channel.nio.NioEventLoop.run(NioEventLoop.java:458)
	at org.apache.ratis.thirdparty.io.netty.util.concurrent.SingleThreadEventExecutor$5.run(SingleThreadEventExecutor.java:897)
	at org.apache.ratis.thirdparty.io.netty.util.concurrent.FastThreadLocalRunnable.run(FastThreadLocalRunnable.java:30)
	... 1 more
Caused by: java.net.ConnectException: Connection refused
	... 11 more
2019-10-17 18:51:24,460 [a5e79c22-a35f-4e50-b1fd-e91b6a93d74d@group-F775CA5912AC-LeaderElection440] INFO  impl.RaftServerImpl (RaftServerImpl.java:setRole(184)) - a5e79c22-a35f-4e50-b1fd-e91b6a93d74d@group-F775CA5912AC: changes role from CANDIDATE to FOLLOWER at term 274 for DISCOVERED_A_NEW_TERM
2019-10-17 18:51:24,460 [a5e79c22-a35f-4e50-b1fd-e91b6a93d74d@group-F775CA5912AC-LeaderElection440] INFO  impl.RoleInfo (RoleInfo.java:shutdownLeaderElection(134)) - a5e79c22-a35f-4e50-b1fd-e91b6a93d74d: shutdown LeaderElection
2019-10-17 18:51:24,460 [a5e79c22-a35f-4e50-b1fd-e91b6a93d74d@group-F775CA5912AC-LeaderElection440] INFO  impl.RoleInfo (RoleInfo.java:updateAndGet(143)) - a5e79c22-a35f-4e50-b1fd-e91b6a93d74d: start FollowerState
2019-10-17 18:51:24,651 [Thread-3312] INFO  impl.FollowerState (FollowerState.java:run(108)) - a5e79c22-a35f-4e50-b1fd-e91b6a93d74d@group-F775CA5912AC-FollowerState: change to CANDIDATE, lastRpcTime:191ms, electionTimeout:191ms
2019-10-17 18:51:24,653 [Thread-3312] INFO  impl.RoleInfo (RoleInfo.java:shutdownFollowerState(121)) - a5e79c22-a35f-4e50-b1fd-e91b6a93d74d: shutdown FollowerState
2019-10-17 18:51:24,653 [Thread-3312] INFO  impl.RaftServerImpl (RaftServerImpl.java:setRole(184)) - a5e79c22-a35f-4e50-b1fd-e91b6a93d74d@group-F775CA5912AC: changes role from  FOLLOWER to CANDIDATE at term 274 for changeToCandidate
2019-10-17 18:51:24,654 [Thread-3312] INFO  impl.RoleInfo (RoleInfo.java:updateAndGet(143)) - a5e79c22-a35f-4e50-b1fd-e91b6a93d74d: start LeaderElection
2019-10-17 18:51:24,702 [a5e79c22-a35f-4e50-b1fd-e91b6a93d74d@group-F775CA5912AC-LeaderElection441] INFO  impl.LeaderElection (LeaderElection.java:askForVotes(178)) - a5e79c22-a35f-4e50-b1fd-e91b6a93d74d@group-F775CA5912AC-LeaderElection441: begin an election at term 275 for -1: [a5e79c22-a35f-4e50-b1fd-e91b6a93d74d:192.168.157.251:45177, daae7813-f814-475d-9647-a302a5541e36:192.168.157.251:45025, 1e4e1375-1b66-460f-8c99-4c341545a119:192.168.157.251:42113], old=null
2019-10-17 18:51:24,704 [a5e79c22-a35f-4e50-b1fd-e91b6a93d74d@group-F775CA5912AC-LeaderElection441] INFO  impl.LeaderElection (LogUtils.java:infoOrTrace(149)) - a5e79c22-a35f-4e50-b1fd-e91b6a93d74d@group-F775CA5912AC-LeaderElection441 got exception when requesting votes: {}
java.util.concurrent.ExecutionException: org.apache.ratis.thirdparty.io.grpc.StatusRuntimeException: UNAVAILABLE: io exception
	at java.util.concurrent.FutureTask.report(FutureTask.java:122)
	at java.util.concurrent.FutureTask.get(FutureTask.java:192)
	at org.apache.ratis.server.impl.LeaderElection.waitForResults(LeaderElection.java:259)
	at org.apache.ratis.server.impl.LeaderElection.askForVotes(LeaderElection.java:197)
	at org.apache.ratis.server.impl.LeaderElection.run(LeaderElection.java:133)
	at java.lang.Thread.run(Thread.java:748)
Caused by: org.apache.ratis.thirdparty.io.grpc.StatusRuntimeException: UNAVAILABLE: io exception
	at org.apache.ratis.thirdparty.io.grpc.stub.ClientCalls.toStatusRuntimeException(ClientCalls.java:233)
	at org.apache.ratis.thirdparty.io.grpc.stub.ClientCalls.getUnchecked(ClientCalls.java:214)
	at org.apache.ratis.thirdparty.io.grpc.stub.ClientCalls.blockingUnaryCall(ClientCalls.java:139)
	at org.apache.ratis.proto.grpc.RaftServerProtocolServiceGrpc$RaftServerProtocolServiceBlockingStub.requestVote(RaftServerProtocolServiceGrpc.java:265)
	at org.apache.ratis.grpc.server.GrpcServerProtocolClient.requestVote(GrpcServerProtocolClient.java:99)
	at org.apache.ratis.grpc.server.GrpcService.requestVote(GrpcService.java:204)
	at org.apache.ratis.server.impl.LeaderElection.lambda$submitRequests$1(LeaderElection.java:234)
	at java.util.concurrent.FutureTask.run(FutureTask.java:266)
	at java.util.concurrent.Executors$RunnableAdapter.call(Executors.java:511)
	at java.util.concurrent.FutureTask.run(FutureTask.java:266)
	at java.util.concurrent.ThreadPoolExecutor.runWorker(ThreadPoolExecutor.java:1149)
	at java.util.concurrent.ThreadPoolExecutor$Worker.run(ThreadPoolExecutor.java:624)
	... 1 more
Caused by: org.apache.ratis.thirdparty.io.netty.channel.AbstractChannel$AnnotatedConnectException: Connection refused: /192.168.157.251:45025
	at sun.nio.ch.SocketChannelImpl.checkConnect(Native Method)
	at sun.nio.ch.SocketChannelImpl.finishConnect(SocketChannelImpl.java:717)
	at org.apache.ratis.thirdparty.io.netty.channel.socket.nio.NioSocketChannel.doFinishConnect(NioSocketChannel.java:327)
	at org.apache.ratis.thirdparty.io.netty.channel.nio.AbstractNioChannel$AbstractNioUnsafe.finishConnect(AbstractNioChannel.java:340)
	at org.apache.ratis.thirdparty.io.netty.channel.nio.NioEventLoop.processSelectedKey(NioEventLoop.java:632)
	at org.apache.ratis.thirdparty.io.netty.channel.nio.NioEventLoop.processSelectedKeysOptimized(NioEventLoop.java:579)
	at org.apache.ratis.thirdparty.io.netty.channel.nio.NioEventLoop.processSelectedKeys(NioEventLoop.java:496)
	at org.apache.ratis.thirdparty.io.netty.channel.nio.NioEventLoop.run(NioEventLoop.java:458)
	at org.apache.ratis.thirdparty.io.netty.util.concurrent.SingleThreadEventExecutor$5.run(SingleThreadEventExecutor.java:897)
	at org.apache.ratis.thirdparty.io.netty.util.concurrent.FastThreadLocalRunnable.run(FastThreadLocalRunnable.java:30)
	... 1 more
Caused by: java.net.ConnectException: Connection refused
	... 11 more
2019-10-17 18:51:24,705 [a5e79c22-a35f-4e50-b1fd-e91b6a93d74d@group-F775CA5912AC-LeaderElection441] INFO  impl.LeaderElection (LogUtils.java:infoOrTrace(149)) - a5e79c22-a35f-4e50-b1fd-e91b6a93d74d@group-F775CA5912AC-LeaderElection441 got exception when requesting votes: {}
java.util.concurrent.ExecutionException: org.apache.ratis.thirdparty.io.grpc.StatusRuntimeException: UNAVAILABLE: io exception
	at java.util.concurrent.FutureTask.report(FutureTask.java:122)
	at java.util.concurrent.FutureTask.get(FutureTask.java:192)
	at org.apache.ratis.server.impl.LeaderElection.waitForResults(LeaderElection.java:259)
	at org.apache.ratis.server.impl.LeaderElection.askForVotes(LeaderElection.java:197)
	at org.apache.ratis.server.impl.LeaderElection.run(LeaderElection.java:133)
	at java.lang.Thread.run(Thread.java:748)
Caused by: org.apache.ratis.thirdparty.io.grpc.StatusRuntimeException: UNAVAILABLE: io exception
	at org.apache.ratis.thirdparty.io.grpc.stub.ClientCalls.toStatusRuntimeException(ClientCalls.java:233)
	at org.apache.ratis.thirdparty.io.grpc.stub.ClientCalls.getUnchecked(ClientCalls.java:214)
	at org.apache.ratis.thirdparty.io.grpc.stub.ClientCalls.blockingUnaryCall(ClientCalls.java:139)
	at org.apache.ratis.proto.grpc.RaftServerProtocolServiceGrpc$RaftServerProtocolServiceBlockingStub.requestVote(RaftServerProtocolServiceGrpc.java:265)
	at org.apache.ratis.grpc.server.GrpcServerProtocolClient.requestVote(GrpcServerProtocolClient.java:99)
	at org.apache.ratis.grpc.server.GrpcService.requestVote(GrpcService.java:204)
	at org.apache.ratis.server.impl.LeaderElection.lambda$submitRequests$1(LeaderElection.java:234)
	at java.util.concurrent.FutureTask.run(FutureTask.java:266)
	at java.util.concurrent.Executors$RunnableAdapter.call(Executors.java:511)
	at java.util.concurrent.FutureTask.run(FutureTask.java:266)
	at java.util.concurrent.ThreadPoolExecutor.runWorker(ThreadPoolExecutor.java:1149)
	at java.util.concurrent.ThreadPoolExecutor$Worker.run(ThreadPoolExecutor.java:624)
	... 1 more
Caused by: org.apache.ratis.thirdparty.io.netty.channel.AbstractChannel$AnnotatedConnectException: Connection refused: /192.168.157.251:42113
	at sun.nio.ch.SocketChannelImpl.checkConnect(Native Method)
	at sun.nio.ch.SocketChannelImpl.finishConnect(SocketChannelImpl.java:717)
	at org.apache.ratis.thirdparty.io.netty.channel.socket.nio.NioSocketChannel.doFinishConnect(NioSocketChannel.java:327)
	at org.apache.ratis.thirdparty.io.netty.channel.nio.AbstractNioChannel$AbstractNioUnsafe.finishConnect(AbstractNioChannel.java:340)
	at org.apache.ratis.thirdparty.io.netty.channel.nio.NioEventLoop.processSelectedKey(NioEventLoop.java:632)
	at org.apache.ratis.thirdparty.io.netty.channel.nio.NioEventLoop.processSelectedKeysOptimized(NioEventLoop.java:579)
	at org.apache.ratis.thirdparty.io.netty.channel.nio.NioEventLoop.processSelectedKeys(NioEventLoop.java:496)
	at org.apache.ratis.thirdparty.io.netty.channel.nio.NioEventLoop.run(NioEventLoop.java:458)
	at org.apache.ratis.thirdparty.io.netty.util.concurrent.SingleThreadEventExecutor$5.run(SingleThreadEventExecutor.java:897)
	at org.apache.ratis.thirdparty.io.netty.util.concurrent.FastThreadLocalRunnable.run(FastThreadLocalRunnable.java:30)
	... 1 more
Caused by: java.net.ConnectException: Connection refused
	... 11 more
2019-10-17 18:51:24,705 [a5e79c22-a35f-4e50-b1fd-e91b6a93d74d@group-F775CA5912AC-LeaderElection441] INFO  impl.LeaderElection (LeaderElection.java:logAndReturn(56)) - a5e79c22-a35f-4e50-b1fd-e91b6a93d74d@group-F775CA5912AC-LeaderElection441: Election REJECTED; received 0 response(s) [] and 2 exception(s); a5e79c22-a35f-4e50-b1fd-e91b6a93d74d@group-F775CA5912AC:t275, leader=null, voted=a5e79c22-a35f-4e50-b1fd-e91b6a93d74d, raftlog=a5e79c22-a35f-4e50-b1fd-e91b6a93d74d@group-F775CA5912AC-SegmentedRaftLog:OPENED:c-1,f-1,i0, conf=-1: [a5e79c22-a35f-4e50-b1fd-e91b6a93d74d:192.168.157.251:45177, daae7813-f814-475d-9647-a302a5541e36:192.168.157.251:45025, 1e4e1375-1b66-460f-8c99-4c341545a119:192.168.157.251:42113], old=null
2019-10-17 18:51:24,705 [a5e79c22-a35f-4e50-b1fd-e91b6a93d74d@group-F775CA5912AC-LeaderElection441] INFO  impl.LeaderElection (LogUtils.java:infoOrTrace(149)) -   Exception 0: {}
java.util.concurrent.ExecutionException: org.apache.ratis.thirdparty.io.grpc.StatusRuntimeException: UNAVAILABLE: io exception
	at java.util.concurrent.FutureTask.report(FutureTask.java:122)
	at java.util.concurrent.FutureTask.get(FutureTask.java:192)
	at org.apache.ratis.server.impl.LeaderElection.waitForResults(LeaderElection.java:259)
	at org.apache.ratis.server.impl.LeaderElection.askForVotes(LeaderElection.java:197)
	at org.apache.ratis.server.impl.LeaderElection.run(LeaderElection.java:133)
	at java.lang.Thread.run(Thread.java:748)
Caused by: org.apache.ratis.thirdparty.io.grpc.StatusRuntimeException: UNAVAILABLE: io exception
	at org.apache.ratis.thirdparty.io.grpc.stub.ClientCalls.toStatusRuntimeException(ClientCalls.java:233)
	at org.apache.ratis.thirdparty.io.grpc.stub.ClientCalls.getUnchecked(ClientCalls.java:214)
	at org.apache.ratis.thirdparty.io.grpc.stub.ClientCalls.blockingUnaryCall(ClientCalls.java:139)
	at org.apache.ratis.proto.grpc.RaftServerProtocolServiceGrpc$RaftServerProtocolServiceBlockingStub.requestVote(RaftServerProtocolServiceGrpc.java:265)
	at org.apache.ratis.grpc.server.GrpcServerProtocolClient.requestVote(GrpcServerProtocolClient.java:99)
	at org.apache.ratis.grpc.server.GrpcService.requestVote(GrpcService.java:204)
	at org.apache.ratis.server.impl.LeaderElection.lambda$submitRequests$1(LeaderElection.java:234)
	at java.util.concurrent.FutureTask.run(FutureTask.java:266)
	at java.util.concurrent.Executors$RunnableAdapter.call(Executors.java:511)
	at java.util.concurrent.FutureTask.run(FutureTask.java:266)
	at java.util.concurrent.ThreadPoolExecutor.runWorker(ThreadPoolExecutor.java:1149)
	at java.util.concurrent.ThreadPoolExecutor$Worker.run(ThreadPoolExecutor.java:624)
	... 1 more
Caused by: org.apache.ratis.thirdparty.io.netty.channel.AbstractChannel$AnnotatedConnectException: Connection refused: /192.168.157.251:45025
	at sun.nio.ch.SocketChannelImpl.checkConnect(Native Method)
	at sun.nio.ch.SocketChannelImpl.finishConnect(SocketChannelImpl.java:717)
	at org.apache.ratis.thirdparty.io.netty.channel.socket.nio.NioSocketChannel.doFinishConnect(NioSocketChannel.java:327)
	at org.apache.ratis.thirdparty.io.netty.channel.nio.AbstractNioChannel$AbstractNioUnsafe.finishConnect(AbstractNioChannel.java:340)
	at org.apache.ratis.thirdparty.io.netty.channel.nio.NioEventLoop.processSelectedKey(NioEventLoop.java:632)
	at org.apache.ratis.thirdparty.io.netty.channel.nio.NioEventLoop.processSelectedKeysOptimized(NioEventLoop.java:579)
	at org.apache.ratis.thirdparty.io.netty.channel.nio.NioEventLoop.processSelectedKeys(NioEventLoop.java:496)
	at org.apache.ratis.thirdparty.io.netty.channel.nio.NioEventLoop.run(NioEventLoop.java:458)
	at org.apache.ratis.thirdparty.io.netty.util.concurrent.SingleThreadEventExecutor$5.run(SingleThreadEventExecutor.java:897)
	at org.apache.ratis.thirdparty.io.netty.util.concurrent.FastThreadLocalRunnable.run(FastThreadLocalRunnable.java:30)
	... 1 more
Caused by: java.net.ConnectException: Connection refused
	... 11 more
2019-10-17 18:51:24,706 [a5e79c22-a35f-4e50-b1fd-e91b6a93d74d@group-F775CA5912AC-LeaderElection441] INFO  impl.LeaderElection (LogUtils.java:infoOrTrace(149)) -   Exception 1: {}
java.util.concurrent.ExecutionException: org.apache.ratis.thirdparty.io.grpc.StatusRuntimeException: UNAVAILABLE: io exception
	at java.util.concurrent.FutureTask.report(FutureTask.java:122)
	at java.util.concurrent.FutureTask.get(FutureTask.java:192)
	at org.apache.ratis.server.impl.LeaderElection.waitForResults(LeaderElection.java:259)
	at org.apache.ratis.server.impl.LeaderElection.askForVotes(LeaderElection.java:197)
	at org.apache.ratis.server.impl.LeaderElection.run(LeaderElection.java:133)
	at java.lang.Thread.run(Thread.java:748)
Caused by: org.apache.ratis.thirdparty.io.grpc.StatusRuntimeException: UNAVAILABLE: io exception
	at org.apache.ratis.thirdparty.io.grpc.stub.ClientCalls.toStatusRuntimeException(ClientCalls.java:233)
	at org.apache.ratis.thirdparty.io.grpc.stub.ClientCalls.getUnchecked(ClientCalls.java:214)
	at org.apache.ratis.thirdparty.io.grpc.stub.ClientCalls.blockingUnaryCall(ClientCalls.java:139)
	at org.apache.ratis.proto.grpc.RaftServerProtocolServiceGrpc$RaftServerProtocolServiceBlockingStub.requestVote(RaftServerProtocolServiceGrpc.java:265)
	at org.apache.ratis.grpc.server.GrpcServerProtocolClient.requestVote(GrpcServerProtocolClient.java:99)
	at org.apache.ratis.grpc.server.GrpcService.requestVote(GrpcService.java:204)
	at org.apache.ratis.server.impl.LeaderElection.lambda$submitRequests$1(LeaderElection.java:234)
	at java.util.concurrent.FutureTask.run(FutureTask.java:266)
	at java.util.concurrent.Executors$RunnableAdapter.call(Executors.java:511)
	at java.util.concurrent.FutureTask.run(FutureTask.java:266)
	at java.util.concurrent.ThreadPoolExecutor.runWorker(ThreadPoolExecutor.java:1149)
	at java.util.concurrent.ThreadPoolExecutor$Worker.run(ThreadPoolExecutor.java:624)
	... 1 more
Caused by: org.apache.ratis.thirdparty.io.netty.channel.AbstractChannel$AnnotatedConnectException: Connection refused: /192.168.157.251:42113
	at sun.nio.ch.SocketChannelImpl.checkConnect(Native Method)
	at sun.nio.ch.SocketChannelImpl.finishConnect(SocketChannelImpl.java:717)
	at org.apache.ratis.thirdparty.io.netty.channel.socket.nio.NioSocketChannel.doFinishConnect(NioSocketChannel.java:327)
	at org.apache.ratis.thirdparty.io.netty.channel.nio.AbstractNioChannel$AbstractNioUnsafe.finishConnect(AbstractNioChannel.java:340)
	at org.apache.ratis.thirdparty.io.netty.channel.nio.NioEventLoop.processSelectedKey(NioEventLoop.java:632)
	at org.apache.ratis.thirdparty.io.netty.channel.nio.NioEventLoop.processSelectedKeysOptimized(NioEventLoop.java:579)
	at org.apache.ratis.thirdparty.io.netty.channel.nio.NioEventLoop.processSelectedKeys(NioEventLoop.java:496)
	at org.apache.ratis.thirdparty.io.netty.channel.nio.NioEventLoop.run(NioEventLoop.java:458)
	at org.apache.ratis.thirdparty.io.netty.util.concurrent.SingleThreadEventExecutor$5.run(SingleThreadEventExecutor.java:897)
	at org.apache.ratis.thirdparty.io.netty.util.concurrent.FastThreadLocalRunnable.run(FastThreadLocalRunnable.java:30)
	... 1 more
Caused by: java.net.ConnectException: Connection refused
	... 11 more
2019-10-17 18:51:24,706 [a5e79c22-a35f-4e50-b1fd-e91b6a93d74d@group-F775CA5912AC-LeaderElection441] INFO  impl.RaftServerImpl (RaftServerImpl.java:setRole(184)) - a5e79c22-a35f-4e50-b1fd-e91b6a93d74d@group-F775CA5912AC: changes role from CANDIDATE to FOLLOWER at term 275 for DISCOVERED_A_NEW_TERM
2019-10-17 18:51:24,706 [a5e79c22-a35f-4e50-b1fd-e91b6a93d74d@group-F775CA5912AC-LeaderElection441] INFO  impl.RoleInfo (RoleInfo.java:shutdownLeaderElection(134)) - a5e79c22-a35f-4e50-b1fd-e91b6a93d74d: shutdown LeaderElection
2019-10-17 18:51:24,706 [a5e79c22-a35f-4e50-b1fd-e91b6a93d74d@group-F775CA5912AC-LeaderElection441] INFO  impl.RoleInfo (RoleInfo.java:updateAndGet(143)) - a5e79c22-a35f-4e50-b1fd-e91b6a93d74d: start FollowerState
2019-10-17 18:51:24,871 [java.util.concurrent.ThreadPoolExecutor$Worker@5bc0d76f[State = -1, empty queue]] WARN  server.GrpcLogAppender (GrpcLogAppender.java:timeoutAppendRequest(209)) - 8f4f8799-ef18-41e5-9bb8-2f724208e999@group-9D6F8169C5E6->0fe4833c-4439-4309-b94b-508419b07a37-GrpcLogAppender: appendEntries Timeout, request=8f4f8799-ef18-41e5-9bb8-2f724208e999->0fe4833c-4439-4309-b94b-508419b07a37#91-t7, previous=(t:7, i:19), leaderCommit=19, initializing? false, entries: <empty>
2019-10-17 18:51:24,894 [Thread-3316] INFO  impl.FollowerState (FollowerState.java:run(108)) - a5e79c22-a35f-4e50-b1fd-e91b6a93d74d@group-F775CA5912AC-FollowerState: change to CANDIDATE, lastRpcTime:187ms, electionTimeout:187ms
2019-10-17 18:51:24,894 [Thread-3316] INFO  impl.RoleInfo (RoleInfo.java:shutdownFollowerState(121)) - a5e79c22-a35f-4e50-b1fd-e91b6a93d74d: shutdown FollowerState
2019-10-17 18:51:24,894 [Thread-3316] INFO  impl.RaftServerImpl (RaftServerImpl.java:setRole(184)) - a5e79c22-a35f-4e50-b1fd-e91b6a93d74d@group-F775CA5912AC: changes role from  FOLLOWER to CANDIDATE at term 275 for changeToCandidate
2019-10-17 18:51:24,895 [java.util.concurrent.ThreadPoolExecutor$Worker@29d0258b[State = -1, empty queue]] WARN  server.GrpcLogAppender (GrpcLogAppender.java:timeoutAppendRequest(209)) - 8f4f8799-ef18-41e5-9bb8-2f724208e999@group-9D6F8169C5E6->de8c9e34-1a4b-4ad8-952a-c65e9c1604e8-GrpcLogAppender: appendEntries Timeout, request=8f4f8799-ef18-41e5-9bb8-2f724208e999->de8c9e34-1a4b-4ad8-952a-c65e9c1604e8#91-t7, previous=(t:7, i:19), leaderCommit=19, initializing? false, entries: <empty>
2019-10-17 18:51:24,898 [Thread-3316] INFO  impl.RoleInfo (RoleInfo.java:updateAndGet(143)) - a5e79c22-a35f-4e50-b1fd-e91b6a93d74d: start LeaderElection
2019-10-17 18:51:24,962 [Thread-3284] INFO  impl.FollowerState (FollowerState.java:run(108)) - b8f04e38-0663-4b1f-8efd-f76585c6e86c@group-5F52F902B742-FollowerState: change to CANDIDATE, lastRpcTime:1092ms, electionTimeout:1092ms
2019-10-17 18:51:24,963 [Thread-3284] INFO  impl.RoleInfo (RoleInfo.java:shutdownFollowerState(121)) - b8f04e38-0663-4b1f-8efd-f76585c6e86c: shutdown FollowerState
2019-10-17 18:51:24,963 [Thread-3284] INFO  impl.RaftServerImpl (RaftServerImpl.java:setRole(184)) - b8f04e38-0663-4b1f-8efd-f76585c6e86c@group-5F52F902B742: changes role from  FOLLOWER to CANDIDATE at term 207 for changeToCandidate
2019-10-17 18:51:24,963 [Thread-3284] INFO  impl.RoleInfo (RoleInfo.java:updateAndGet(143)) - b8f04e38-0663-4b1f-8efd-f76585c6e86c: start LeaderElection
2019-10-17 18:51:24,964 [a5e79c22-a35f-4e50-b1fd-e91b6a93d74d@group-F775CA5912AC-LeaderElection442] INFO  impl.LeaderElection (LeaderElection.java:askForVotes(178)) - a5e79c22-a35f-4e50-b1fd-e91b6a93d74d@group-F775CA5912AC-LeaderElection442: begin an election at term 276 for -1: [a5e79c22-a35f-4e50-b1fd-e91b6a93d74d:192.168.157.251:45177, daae7813-f814-475d-9647-a302a5541e36:192.168.157.251:45025, 1e4e1375-1b66-460f-8c99-4c341545a119:192.168.157.251:42113], old=null
2019-10-17 18:51:24,965 [a5e79c22-a35f-4e50-b1fd-e91b6a93d74d@group-F775CA5912AC-LeaderElection442] INFO  impl.LeaderElection (LogUtils.java:infoOrTrace(149)) - a5e79c22-a35f-4e50-b1fd-e91b6a93d74d@group-F775CA5912AC-LeaderElection442 got exception when requesting votes: {}
java.util.concurrent.ExecutionException: org.apache.ratis.thirdparty.io.grpc.StatusRuntimeException: UNAVAILABLE: io exception
	at java.util.concurrent.FutureTask.report(FutureTask.java:122)
	at java.util.concurrent.FutureTask.get(FutureTask.java:192)
	at org.apache.ratis.server.impl.LeaderElection.waitForResults(LeaderElection.java:259)
	at org.apache.ratis.server.impl.LeaderElection.askForVotes(LeaderElection.java:197)
	at org.apache.ratis.server.impl.LeaderElection.run(LeaderElection.java:133)
	at java.lang.Thread.run(Thread.java:748)
Caused by: org.apache.ratis.thirdparty.io.grpc.StatusRuntimeException: UNAVAILABLE: io exception
	at org.apache.ratis.thirdparty.io.grpc.stub.ClientCalls.toStatusRuntimeException(ClientCalls.java:233)
	at org.apache.ratis.thirdparty.io.grpc.stub.ClientCalls.getUnchecked(ClientCalls.java:214)
	at org.apache.ratis.thirdparty.io.grpc.stub.ClientCalls.blockingUnaryCall(ClientCalls.java:139)
	at org.apache.ratis.proto.grpc.RaftServerProtocolServiceGrpc$RaftServerProtocolServiceBlockingStub.requestVote(RaftServerProtocolServiceGrpc.java:265)
	at org.apache.ratis.grpc.server.GrpcServerProtocolClient.requestVote(GrpcServerProtocolClient.java:99)
	at org.apache.ratis.grpc.server.GrpcService.requestVote(GrpcService.java:204)
	at org.apache.ratis.server.impl.LeaderElection.lambda$submitRequests$1(LeaderElection.java:234)
	at java.util.concurrent.FutureTask.run(FutureTask.java:266)
	at java.util.concurrent.Executors$RunnableAdapter.call(Executors.java:511)
	at java.util.concurrent.FutureTask.run(FutureTask.java:266)
	at java.util.concurrent.ThreadPoolExecutor.runWorker(ThreadPoolExecutor.java:1149)
	at java.util.concurrent.ThreadPoolExecutor$Worker.run(ThreadPoolExecutor.java:624)
	... 1 more
Caused by: org.apache.ratis.thirdparty.io.netty.channel.AbstractChannel$AnnotatedConnectException: Connection refused: /192.168.157.251:45025
	at sun.nio.ch.SocketChannelImpl.checkConnect(Native Method)
	at sun.nio.ch.SocketChannelImpl.finishConnect(SocketChannelImpl.java:717)
	at org.apache.ratis.thirdparty.io.netty.channel.socket.nio.NioSocketChannel.doFinishConnect(NioSocketChannel.java:327)
	at org.apache.ratis.thirdparty.io.netty.channel.nio.AbstractNioChannel$AbstractNioUnsafe.finishConnect(AbstractNioChannel.java:340)
	at org.apache.ratis.thirdparty.io.netty.channel.nio.NioEventLoop.processSelectedKey(NioEventLoop.java:632)
	at org.apache.ratis.thirdparty.io.netty.channel.nio.NioEventLoop.processSelectedKeysOptimized(NioEventLoop.java:579)
	at org.apache.ratis.thirdparty.io.netty.channel.nio.NioEventLoop.processSelectedKeys(NioEventLoop.java:496)
	at org.apache.ratis.thirdparty.io.netty.channel.nio.NioEventLoop.run(NioEventLoop.java:458)
	at org.apache.ratis.thirdparty.io.netty.util.concurrent.SingleThreadEventExecutor$5.run(SingleThreadEventExecutor.java:897)
	at org.apache.ratis.thirdparty.io.netty.util.concurrent.FastThreadLocalRunnable.run(FastThreadLocalRunnable.java:30)
	... 1 more
Caused by: java.net.ConnectException: Connection refused
	... 11 more
2019-10-17 18:51:24,966 [a5e79c22-a35f-4e50-b1fd-e91b6a93d74d@group-F775CA5912AC-LeaderElection442] INFO  impl.LeaderElection (LogUtils.java:infoOrTrace(149)) - a5e79c22-a35f-4e50-b1fd-e91b6a93d74d@group-F775CA5912AC-LeaderElection442 got exception when requesting votes: {}
java.util.concurrent.ExecutionException: org.apache.ratis.thirdparty.io.grpc.StatusRuntimeException: UNAVAILABLE: io exception
	at java.util.concurrent.FutureTask.report(FutureTask.java:122)
	at java.util.concurrent.FutureTask.get(FutureTask.java:192)
	at org.apache.ratis.server.impl.LeaderElection.waitForResults(LeaderElection.java:259)
	at org.apache.ratis.server.impl.LeaderElection.askForVotes(LeaderElection.java:197)
	at org.apache.ratis.server.impl.LeaderElection.run(LeaderElection.java:133)
	at java.lang.Thread.run(Thread.java:748)
Caused by: org.apache.ratis.thirdparty.io.grpc.StatusRuntimeException: UNAVAILABLE: io exception
	at org.apache.ratis.thirdparty.io.grpc.stub.ClientCalls.toStatusRuntimeException(ClientCalls.java:233)
	at org.apache.ratis.thirdparty.io.grpc.stub.ClientCalls.getUnchecked(ClientCalls.java:214)
	at org.apache.ratis.thirdparty.io.grpc.stub.ClientCalls.blockingUnaryCall(ClientCalls.java:139)
	at org.apache.ratis.proto.grpc.RaftServerProtocolServiceGrpc$RaftServerProtocolServiceBlockingStub.requestVote(RaftServerProtocolServiceGrpc.java:265)
	at org.apache.ratis.grpc.server.GrpcServerProtocolClient.requestVote(GrpcServerProtocolClient.java:99)
	at org.apache.ratis.grpc.server.GrpcService.requestVote(GrpcService.java:204)
	at org.apache.ratis.server.impl.LeaderElection.lambda$submitRequests$1(LeaderElection.java:234)
	at java.util.concurrent.FutureTask.run(FutureTask.java:266)
	at java.util.concurrent.Executors$RunnableAdapter.call(Executors.java:511)
	at java.util.concurrent.FutureTask.run(FutureTask.java:266)
	at java.util.concurrent.ThreadPoolExecutor.runWorker(ThreadPoolExecutor.java:1149)
	at java.util.concurrent.ThreadPoolExecutor$Worker.run(ThreadPoolExecutor.java:624)
	... 1 more
Caused by: org.apache.ratis.thirdparty.io.netty.channel.AbstractChannel$AnnotatedConnectException: Connection refused: /192.168.157.251:42113
	at sun.nio.ch.SocketChannelImpl.checkConnect(Native Method)
	at sun.nio.ch.SocketChannelImpl.finishConnect(SocketChannelImpl.java:717)
	at org.apache.ratis.thirdparty.io.netty.channel.socket.nio.NioSocketChannel.doFinishConnect(NioSocketChannel.java:327)
	at org.apache.ratis.thirdparty.io.netty.channel.nio.AbstractNioChannel$AbstractNioUnsafe.finishConnect(AbstractNioChannel.java:340)
	at org.apache.ratis.thirdparty.io.netty.channel.nio.NioEventLoop.processSelectedKey(NioEventLoop.java:632)
	at org.apache.ratis.thirdparty.io.netty.channel.nio.NioEventLoop.processSelectedKeysOptimized(NioEventLoop.java:579)
	at org.apache.ratis.thirdparty.io.netty.channel.nio.NioEventLoop.processSelectedKeys(NioEventLoop.java:496)
	at org.apache.ratis.thirdparty.io.netty.channel.nio.NioEventLoop.run(NioEventLoop.java:458)
	at org.apache.ratis.thirdparty.io.netty.util.concurrent.SingleThreadEventExecutor$5.run(SingleThreadEventExecutor.java:897)
	at org.apache.ratis.thirdparty.io.netty.util.concurrent.FastThreadLocalRunnable.run(FastThreadLocalRunnable.java:30)
	... 1 more
Caused by: java.net.ConnectException: Connection refused
	... 11 more
2019-10-17 18:51:24,967 [a5e79c22-a35f-4e50-b1fd-e91b6a93d74d@group-F775CA5912AC-LeaderElection442] INFO  impl.LeaderElection (LeaderElection.java:logAndReturn(56)) - a5e79c22-a35f-4e50-b1fd-e91b6a93d74d@group-F775CA5912AC-LeaderElection442: Election REJECTED; received 0 response(s) [] and 2 exception(s); a5e79c22-a35f-4e50-b1fd-e91b6a93d74d@group-F775CA5912AC:t276, leader=null, voted=a5e79c22-a35f-4e50-b1fd-e91b6a93d74d, raftlog=a5e79c22-a35f-4e50-b1fd-e91b6a93d74d@group-F775CA5912AC-SegmentedRaftLog:OPENED:c-1,f-1,i0, conf=-1: [a5e79c22-a35f-4e50-b1fd-e91b6a93d74d:192.168.157.251:45177, daae7813-f814-475d-9647-a302a5541e36:192.168.157.251:45025, 1e4e1375-1b66-460f-8c99-4c341545a119:192.168.157.251:42113], old=null
2019-10-17 18:51:24,967 [a5e79c22-a35f-4e50-b1fd-e91b6a93d74d@group-F775CA5912AC-LeaderElection442] INFO  impl.LeaderElection (LogUtils.java:infoOrTrace(149)) -   Exception 0: {}
java.util.concurrent.ExecutionException: org.apache.ratis.thirdparty.io.grpc.StatusRuntimeException: UNAVAILABLE: io exception
	at java.util.concurrent.FutureTask.report(FutureTask.java:122)
	at java.util.concurrent.FutureTask.get(FutureTask.java:192)
	at org.apache.ratis.server.impl.LeaderElection.waitForResults(LeaderElection.java:259)
	at org.apache.ratis.server.impl.LeaderElection.askForVotes(LeaderElection.java:197)
	at org.apache.ratis.server.impl.LeaderElection.run(LeaderElection.java:133)
	at java.lang.Thread.run(Thread.java:748)
Caused by: org.apache.ratis.thirdparty.io.grpc.StatusRuntimeException: UNAVAILABLE: io exception
	at org.apache.ratis.thirdparty.io.grpc.stub.ClientCalls.toStatusRuntimeException(ClientCalls.java:233)
	at org.apache.ratis.thirdparty.io.grpc.stub.ClientCalls.getUnchecked(ClientCalls.java:214)
	at org.apache.ratis.thirdparty.io.grpc.stub.ClientCalls.blockingUnaryCall(ClientCalls.java:139)
	at org.apache.ratis.proto.grpc.RaftServerProtocolServiceGrpc$RaftServerProtocolServiceBlockingStub.requestVote(RaftServerProtocolServiceGrpc.java:265)
	at org.apache.ratis.grpc.server.GrpcServerProtocolClient.requestVote(GrpcServerProtocolClient.java:99)
	at org.apache.ratis.grpc.server.GrpcService.requestVote(GrpcService.java:204)
	at org.apache.ratis.server.impl.LeaderElection.lambda$submitRequests$1(LeaderElection.java:234)
	at java.util.concurrent.FutureTask.run(FutureTask.java:266)
	at java.util.concurrent.Executors$RunnableAdapter.call(Executors.java:511)
	at java.util.concurrent.FutureTask.run(FutureTask.java:266)
	at java.util.concurrent.ThreadPoolExecutor.runWorker(ThreadPoolExecutor.java:1149)
	at java.util.concurrent.ThreadPoolExecutor$Worker.run(ThreadPoolExecutor.java:624)
	... 1 more
Caused by: org.apache.ratis.thirdparty.io.netty.channel.AbstractChannel$AnnotatedConnectException: Connection refused: /192.168.157.251:45025
	at sun.nio.ch.SocketChannelImpl.checkConnect(Native Method)
	at sun.nio.ch.SocketChannelImpl.finishConnect(SocketChannelImpl.java:717)
	at org.apache.ratis.thirdparty.io.netty.channel.socket.nio.NioSocketChannel.doFinishConnect(NioSocketChannel.java:327)
	at org.apache.ratis.thirdparty.io.netty.channel.nio.AbstractNioChannel$AbstractNioUnsafe.finishConnect(AbstractNioChannel.java:340)
	at org.apache.ratis.thirdparty.io.netty.channel.nio.NioEventLoop.processSelectedKey(NioEventLoop.java:632)
	at org.apache.ratis.thirdparty.io.netty.channel.nio.NioEventLoop.processSelectedKeysOptimized(NioEventLoop.java:579)
	at org.apache.ratis.thirdparty.io.netty.channel.nio.NioEventLoop.processSelectedKeys(NioEventLoop.java:496)
	at org.apache.ratis.thirdparty.io.netty.channel.nio.NioEventLoop.run(NioEventLoop.java:458)
	at org.apache.ratis.thirdparty.io.netty.util.concurrent.SingleThreadEventExecutor$5.run(SingleThreadEventExecutor.java:897)
	at org.apache.ratis.thirdparty.io.netty.util.concurrent.FastThreadLocalRunnable.run(FastThreadLocalRunnable.java:30)
	... 1 more
Caused by: java.net.ConnectException: Connection refused
	... 11 more
2019-10-17 18:51:24,967 [a5e79c22-a35f-4e50-b1fd-e91b6a93d74d@group-F775CA5912AC-LeaderElection442] INFO  impl.LeaderElection (LogUtils.java:infoOrTrace(149)) -   Exception 1: {}
java.util.concurrent.ExecutionException: org.apache.ratis.thirdparty.io.grpc.StatusRuntimeException: UNAVAILABLE: io exception
	at java.util.concurrent.FutureTask.report(FutureTask.java:122)
	at java.util.concurrent.FutureTask.get(FutureTask.java:192)
	at org.apache.ratis.server.impl.LeaderElection.waitForResults(LeaderElection.java:259)
	at org.apache.ratis.server.impl.LeaderElection.askForVotes(LeaderElection.java:197)
	at org.apache.ratis.server.impl.LeaderElection.run(LeaderElection.java:133)
	at java.lang.Thread.run(Thread.java:748)
Caused by: org.apache.ratis.thirdparty.io.grpc.StatusRuntimeException: UNAVAILABLE: io exception
	at org.apache.ratis.thirdparty.io.grpc.stub.ClientCalls.toStatusRuntimeException(ClientCalls.java:233)
	at org.apache.ratis.thirdparty.io.grpc.stub.ClientCalls.getUnchecked(ClientCalls.java:214)
	at org.apache.ratis.thirdparty.io.grpc.stub.ClientCalls.blockingUnaryCall(ClientCalls.java:139)
	at org.apache.ratis.proto.grpc.RaftServerProtocolServiceGrpc$RaftServerProtocolServiceBlockingStub.requestVote(RaftServerProtocolServiceGrpc.java:265)
	at org.apache.ratis.grpc.server.GrpcServerProtocolClient.requestVote(GrpcServerProtocolClient.java:99)
	at org.apache.ratis.grpc.server.GrpcService.requestVote(GrpcService.java:204)
	at org.apache.ratis.server.impl.LeaderElection.lambda$submitRequests$1(LeaderElection.java:234)
	at java.util.concurrent.FutureTask.run(FutureTask.java:266)
	at java.util.concurrent.Executors$RunnableAdapter.call(Executors.java:511)
	at java.util.concurrent.FutureTask.run(FutureTask.java:266)
	at java.util.concurrent.ThreadPoolExecutor.runWorker(ThreadPoolExecutor.java:1149)
	at java.util.concurrent.ThreadPoolExecutor$Worker.run(ThreadPoolExecutor.java:624)
	... 1 more
Caused by: org.apache.ratis.thirdparty.io.netty.channel.AbstractChannel$AnnotatedConnectException: Connection refused: /192.168.157.251:42113
	at sun.nio.ch.SocketChannelImpl.checkConnect(Native Method)
	at sun.nio.ch.SocketChannelImpl.finishConnect(SocketChannelImpl.java:717)
	at org.apache.ratis.thirdparty.io.netty.channel.socket.nio.NioSocketChannel.doFinishConnect(NioSocketChannel.java:327)
	at org.apache.ratis.thirdparty.io.netty.channel.nio.AbstractNioChannel$AbstractNioUnsafe.finishConnect(AbstractNioChannel.java:340)
	at org.apache.ratis.thirdparty.io.netty.channel.nio.NioEventLoop.processSelectedKey(NioEventLoop.java:632)
	at org.apache.ratis.thirdparty.io.netty.channel.nio.NioEventLoop.processSelectedKeysOptimized(NioEventLoop.java:579)
	at org.apache.ratis.thirdparty.io.netty.channel.nio.NioEventLoop.processSelectedKeys(NioEventLoop.java:496)
	at org.apache.ratis.thirdparty.io.netty.channel.nio.NioEventLoop.run(NioEventLoop.java:458)
	at org.apache.ratis.thirdparty.io.netty.util.concurrent.SingleThreadEventExecutor$5.run(SingleThreadEventExecutor.java:897)
	at org.apache.ratis.thirdparty.io.netty.util.concurrent.FastThreadLocalRunnable.run(FastThreadLocalRunnable.java:30)
	... 1 more
Caused by: java.net.ConnectException: Connection refused
	... 11 more
2019-10-17 18:51:24,968 [a5e79c22-a35f-4e50-b1fd-e91b6a93d74d@group-F775CA5912AC-LeaderElection442] INFO  impl.RaftServerImpl (RaftServerImpl.java:setRole(184)) - a5e79c22-a35f-4e50-b1fd-e91b6a93d74d@group-F775CA5912AC: changes role from CANDIDATE to FOLLOWER at term 276 for DISCOVERED_A_NEW_TERM
2019-10-17 18:51:24,968 [a5e79c22-a35f-4e50-b1fd-e91b6a93d74d@group-F775CA5912AC-LeaderElection442] INFO  impl.RoleInfo (RoleInfo.java:shutdownLeaderElection(134)) - a5e79c22-a35f-4e50-b1fd-e91b6a93d74d: shutdown LeaderElection
2019-10-17 18:51:24,968 [a5e79c22-a35f-4e50-b1fd-e91b6a93d74d@group-F775CA5912AC-LeaderElection442] INFO  impl.RoleInfo (RoleInfo.java:updateAndGet(143)) - a5e79c22-a35f-4e50-b1fd-e91b6a93d74d: start FollowerState
2019-10-17 18:51:24,980 [Thread-3321] INFO  impl.FollowerState (FollowerState.java:run(108)) - a5e79c22-a35f-4e50-b1fd-e91b6a93d74d@group-F775CA5912AC-FollowerState: change to CANDIDATE, lastRpcTime:11ms, electionTimeout:11ms
2019-10-17 18:51:24,980 [Thread-3321] INFO  impl.RoleInfo (RoleInfo.java:shutdownFollowerState(121)) - a5e79c22-a35f-4e50-b1fd-e91b6a93d74d: shutdown FollowerState
2019-10-17 18:51:24,980 [Thread-3321] INFO  impl.RaftServerImpl (RaftServerImpl.java:setRole(184)) - a5e79c22-a35f-4e50-b1fd-e91b6a93d74d@group-F775CA5912AC: changes role from  FOLLOWER to CANDIDATE at term 276 for changeToCandidate
2019-10-17 18:51:24,980 [Thread-3321] INFO  impl.RoleInfo (RoleInfo.java:updateAndGet(143)) - a5e79c22-a35f-4e50-b1fd-e91b6a93d74d: start LeaderElection
2019-10-17 18:51:25,015 [a5e79c22-a35f-4e50-b1fd-e91b6a93d74d@group-F775CA5912AC-LeaderElection444] INFO  impl.LeaderElection (LeaderElection.java:askForVotes(178)) - a5e79c22-a35f-4e50-b1fd-e91b6a93d74d@group-F775CA5912AC-LeaderElection444: begin an election at term 277 for -1: [a5e79c22-a35f-4e50-b1fd-e91b6a93d74d:192.168.157.251:45177, daae7813-f814-475d-9647-a302a5541e36:192.168.157.251:45025, 1e4e1375-1b66-460f-8c99-4c341545a119:192.168.157.251:42113], old=null
2019-10-17 18:51:25,015 [b8f04e38-0663-4b1f-8efd-f76585c6e86c@group-5F52F902B742-LeaderElection443] INFO  impl.LeaderElection (LeaderElection.java:askForVotes(178)) - b8f04e38-0663-4b1f-8efd-f76585c6e86c@group-5F52F902B742-LeaderElection443: begin an election at term 208 for 0: [b8f04e38-0663-4b1f-8efd-f76585c6e86c:192.168.157.251:35700, abcd8826-c056-4817-bd0f-7af19a46d814:192.168.157.251:46496, 73297ffa-40cb-4e3e-b33e-1bc2c1da60f5:192.168.157.251:32952], old=null
2019-10-17 18:51:25,016 [a5e79c22-a35f-4e50-b1fd-e91b6a93d74d@group-F775CA5912AC-LeaderElection444] INFO  impl.LeaderElection (LogUtils.java:infoOrTrace(149)) - a5e79c22-a35f-4e50-b1fd-e91b6a93d74d@group-F775CA5912AC-LeaderElection444 got exception when requesting votes: {}
java.util.concurrent.ExecutionException: org.apache.ratis.thirdparty.io.grpc.StatusRuntimeException: UNAVAILABLE: io exception
	at java.util.concurrent.FutureTask.report(FutureTask.java:122)
	at java.util.concurrent.FutureTask.get(FutureTask.java:192)
	at org.apache.ratis.server.impl.LeaderElection.waitForResults(LeaderElection.java:259)
	at org.apache.ratis.server.impl.LeaderElection.askForVotes(LeaderElection.java:197)
	at org.apache.ratis.server.impl.LeaderElection.run(LeaderElection.java:133)
	at java.lang.Thread.run(Thread.java:748)
Caused by: org.apache.ratis.thirdparty.io.grpc.StatusRuntimeException: UNAVAILABLE: io exception
	at org.apache.ratis.thirdparty.io.grpc.stub.ClientCalls.toStatusRuntimeException(ClientCalls.java:233)
	at org.apache.ratis.thirdparty.io.grpc.stub.ClientCalls.getUnchecked(ClientCalls.java:214)
	at org.apache.ratis.thirdparty.io.grpc.stub.ClientCalls.blockingUnaryCall(ClientCalls.java:139)
	at org.apache.ratis.proto.grpc.RaftServerProtocolServiceGrpc$RaftServerProtocolServiceBlockingStub.requestVote(RaftServerProtocolServiceGrpc.java:265)
	at org.apache.ratis.grpc.server.GrpcServerProtocolClient.requestVote(GrpcServerProtocolClient.java:99)
	at org.apache.ratis.grpc.server.GrpcService.requestVote(GrpcService.java:204)
	at org.apache.ratis.server.impl.LeaderElection.lambda$submitRequests$1(LeaderElection.java:234)
	at java.util.concurrent.FutureTask.run(FutureTask.java:266)
	at java.util.concurrent.Executors$RunnableAdapter.call(Executors.java:511)
	at java.util.concurrent.FutureTask.run(FutureTask.java:266)
	at java.util.concurrent.ThreadPoolExecutor.runWorker(ThreadPoolExecutor.java:1149)
	at java.util.concurrent.ThreadPoolExecutor$Worker.run(ThreadPoolExecutor.java:624)
	... 1 more
Caused by: org.apache.ratis.thirdparty.io.netty.channel.AbstractChannel$AnnotatedConnectException: Connection refused: /192.168.157.251:45025
	at sun.nio.ch.SocketChannelImpl.checkConnect(Native Method)
	at sun.nio.ch.SocketChannelImpl.finishConnect(SocketChannelImpl.java:717)
	at org.apache.ratis.thirdparty.io.netty.channel.socket.nio.NioSocketChannel.doFinishConnect(NioSocketChannel.java:327)
	at org.apache.ratis.thirdparty.io.netty.channel.nio.AbstractNioChannel$AbstractNioUnsafe.finishConnect(AbstractNioChannel.java:340)
	at org.apache.ratis.thirdparty.io.netty.channel.nio.NioEventLoop.processSelectedKey(NioEventLoop.java:632)
	at org.apache.ratis.thirdparty.io.netty.channel.nio.NioEventLoop.processSelectedKeysOptimized(NioEventLoop.java:579)
	at org.apache.ratis.thirdparty.io.netty.channel.nio.NioEventLoop.processSelectedKeys(NioEventLoop.java:496)
	at org.apache.ratis.thirdparty.io.netty.channel.nio.NioEventLoop.run(NioEventLoop.java:458)
	at org.apache.ratis.thirdparty.io.netty.util.concurrent.SingleThreadEventExecutor$5.run(SingleThreadEventExecutor.java:897)
	at org.apache.ratis.thirdparty.io.netty.util.concurrent.FastThreadLocalRunnable.run(FastThreadLocalRunnable.java:30)
	... 1 more
Caused by: java.net.ConnectException: Connection refused
	... 11 more
2019-10-17 18:51:25,016 [b8f04e38-0663-4b1f-8efd-f76585c6e86c@group-5F52F902B742-LeaderElection443] INFO  impl.LeaderElection (LogUtils.java:infoOrTrace(149)) - b8f04e38-0663-4b1f-8efd-f76585c6e86c@group-5F52F902B742-LeaderElection443 got exception when requesting votes: {}
java.util.concurrent.ExecutionException: org.apache.ratis.thirdparty.io.grpc.StatusRuntimeException: UNAVAILABLE: io exception
	at java.util.concurrent.FutureTask.report(FutureTask.java:122)
	at java.util.concurrent.FutureTask.get(FutureTask.java:192)
	at org.apache.ratis.server.impl.LeaderElection.waitForResults(LeaderElection.java:259)
	at org.apache.ratis.server.impl.LeaderElection.askForVotes(LeaderElection.java:197)
	at org.apache.ratis.server.impl.LeaderElection.run(LeaderElection.java:133)
	at java.lang.Thread.run(Thread.java:748)
Caused by: org.apache.ratis.thirdparty.io.grpc.StatusRuntimeException: UNAVAILABLE: io exception
	at org.apache.ratis.thirdparty.io.grpc.stub.ClientCalls.toStatusRuntimeException(ClientCalls.java:233)
	at org.apache.ratis.thirdparty.io.grpc.stub.ClientCalls.getUnchecked(ClientCalls.java:214)
	at org.apache.ratis.thirdparty.io.grpc.stub.ClientCalls.blockingUnaryCall(ClientCalls.java:139)
	at org.apache.ratis.proto.grpc.RaftServerProtocolServiceGrpc$RaftServerProtocolServiceBlockingStub.requestVote(RaftServerProtocolServiceGrpc.java:265)
	at org.apache.ratis.grpc.server.GrpcServerProtocolClient.requestVote(GrpcServerProtocolClient.java:99)
	at org.apache.ratis.grpc.server.GrpcService.requestVote(GrpcService.java:204)
	at org.apache.ratis.server.impl.LeaderElection.lambda$submitRequests$1(LeaderElection.java:234)
	at java.util.concurrent.FutureTask.run(FutureTask.java:266)
	at java.util.concurrent.Executors$RunnableAdapter.call(Executors.java:511)
	at java.util.concurrent.FutureTask.run(FutureTask.java:266)
	at java.util.concurrent.ThreadPoolExecutor.runWorker(ThreadPoolExecutor.java:1149)
	at java.util.concurrent.ThreadPoolExecutor$Worker.run(ThreadPoolExecutor.java:624)
	... 1 more
Caused by: org.apache.ratis.thirdparty.io.netty.channel.AbstractChannel$AnnotatedConnectException: Connection refused: /192.168.157.251:46496
	at sun.nio.ch.SocketChannelImpl.checkConnect(Native Method)
	at sun.nio.ch.SocketChannelImpl.finishConnect(SocketChannelImpl.java:717)
	at org.apache.ratis.thirdparty.io.netty.channel.socket.nio.NioSocketChannel.doFinishConnect(NioSocketChannel.java:327)
	at org.apache.ratis.thirdparty.io.netty.channel.nio.AbstractNioChannel$AbstractNioUnsafe.finishConnect(AbstractNioChannel.java:340)
	at org.apache.ratis.thirdparty.io.netty.channel.nio.NioEventLoop.processSelectedKey(NioEventLoop.java:632)
	at org.apache.ratis.thirdparty.io.netty.channel.nio.NioEventLoop.processSelectedKeysOptimized(NioEventLoop.java:579)
	at org.apache.ratis.thirdparty.io.netty.channel.nio.NioEventLoop.processSelectedKeys(NioEventLoop.java:496)
	at org.apache.ratis.thirdparty.io.netty.channel.nio.NioEventLoop.run(NioEventLoop.java:458)
	at org.apache.ratis.thirdparty.io.netty.util.concurrent.SingleThreadEventExecutor$5.run(SingleThreadEventExecutor.java:897)
	at org.apache.ratis.thirdparty.io.netty.util.concurrent.FastThreadLocalRunnable.run(FastThreadLocalRunnable.java:30)
	... 1 more
Caused by: java.net.ConnectException: Connection refused
	... 11 more
2019-10-17 18:51:25,017 [a5e79c22-a35f-4e50-b1fd-e91b6a93d74d@group-F775CA5912AC-LeaderElection444] INFO  impl.LeaderElection (LogUtils.java:infoOrTrace(149)) - a5e79c22-a35f-4e50-b1fd-e91b6a93d74d@group-F775CA5912AC-LeaderElection444 got exception when requesting votes: {}
java.util.concurrent.ExecutionException: org.apache.ratis.thirdparty.io.grpc.StatusRuntimeException: UNAVAILABLE: io exception
	at java.util.concurrent.FutureTask.report(FutureTask.java:122)
	at java.util.concurrent.FutureTask.get(FutureTask.java:192)
	at org.apache.ratis.server.impl.LeaderElection.waitForResults(LeaderElection.java:259)
	at org.apache.ratis.server.impl.LeaderElection.askForVotes(LeaderElection.java:197)
	at org.apache.ratis.server.impl.LeaderElection.run(LeaderElection.java:133)
	at java.lang.Thread.run(Thread.java:748)
Caused by: org.apache.ratis.thirdparty.io.grpc.StatusRuntimeException: UNAVAILABLE: io exception
	at org.apache.ratis.thirdparty.io.grpc.stub.ClientCalls.toStatusRuntimeException(ClientCalls.java:233)
	at org.apache.ratis.thirdparty.io.grpc.stub.ClientCalls.getUnchecked(ClientCalls.java:214)
	at org.apache.ratis.thirdparty.io.grpc.stub.ClientCalls.blockingUnaryCall(ClientCalls.java:139)
	at org.apache.ratis.proto.grpc.RaftServerProtocolServiceGrpc$RaftServerProtocolServiceBlockingStub.requestVote(RaftServerProtocolServiceGrpc.java:265)
	at org.apache.ratis.grpc.server.GrpcServerProtocolClient.requestVote(GrpcServerProtocolClient.java:99)
	at org.apache.ratis.grpc.server.GrpcService.requestVote(GrpcService.java:204)
	at org.apache.ratis.server.impl.LeaderElection.lambda$submitRequests$1(LeaderElection.java:234)
	at java.util.concurrent.FutureTask.run(FutureTask.java:266)
	at java.util.concurrent.Executors$RunnableAdapter.call(Executors.java:511)
	at java.util.concurrent.FutureTask.run(FutureTask.java:266)
	at java.util.concurrent.ThreadPoolExecutor.runWorker(ThreadPoolExecutor.java:1149)
	at java.util.concurrent.ThreadPoolExecutor$Worker.run(ThreadPoolExecutor.java:624)
	... 1 more
Caused by: org.apache.ratis.thirdparty.io.netty.channel.AbstractChannel$AnnotatedConnectException: Connection refused: /192.168.157.251:42113
	at sun.nio.ch.SocketChannelImpl.checkConnect(Native Method)
	at sun.nio.ch.SocketChannelImpl.finishConnect(SocketChannelImpl.java:717)
	at org.apache.ratis.thirdparty.io.netty.channel.socket.nio.NioSocketChannel.doFinishConnect(NioSocketChannel.java:327)
	at org.apache.ratis.thirdparty.io.netty.channel.nio.AbstractNioChannel$AbstractNioUnsafe.finishConnect(AbstractNioChannel.java:340)
	at org.apache.ratis.thirdparty.io.netty.channel.nio.NioEventLoop.processSelectedKey(NioEventLoop.java:632)
	at org.apache.ratis.thirdparty.io.netty.channel.nio.NioEventLoop.processSelectedKeysOptimized(NioEventLoop.java:579)
	at org.apache.ratis.thirdparty.io.netty.channel.nio.NioEventLoop.processSelectedKeys(NioEventLoop.java:496)
	at org.apache.ratis.thirdparty.io.netty.channel.nio.NioEventLoop.run(NioEventLoop.java:458)
	at org.apache.ratis.thirdparty.io.netty.util.concurrent.SingleThreadEventExecutor$5.run(SingleThreadEventExecutor.java:897)
	at org.apache.ratis.thirdparty.io.netty.util.concurrent.FastThreadLocalRunnable.run(FastThreadLocalRunnable.java:30)
	... 1 more
Caused by: java.net.ConnectException: Connection refused
	... 11 more
2019-10-17 18:51:25,017 [b8f04e38-0663-4b1f-8efd-f76585c6e86c@group-5F52F902B742-LeaderElection443] INFO  impl.LeaderElection (LogUtils.java:infoOrTrace(149)) - b8f04e38-0663-4b1f-8efd-f76585c6e86c@group-5F52F902B742-LeaderElection443 got exception when requesting votes: {}
java.util.concurrent.ExecutionException: org.apache.ratis.thirdparty.io.grpc.StatusRuntimeException: UNAVAILABLE: io exception
	at java.util.concurrent.FutureTask.report(FutureTask.java:122)
	at java.util.concurrent.FutureTask.get(FutureTask.java:192)
	at org.apache.ratis.server.impl.LeaderElection.waitForResults(LeaderElection.java:259)
	at org.apache.ratis.server.impl.LeaderElection.askForVotes(LeaderElection.java:197)
	at org.apache.ratis.server.impl.LeaderElection.run(LeaderElection.java:133)
	at java.lang.Thread.run(Thread.java:748)
Caused by: org.apache.ratis.thirdparty.io.grpc.StatusRuntimeException: UNAVAILABLE: io exception
	at org.apache.ratis.thirdparty.io.grpc.stub.ClientCalls.toStatusRuntimeException(ClientCalls.java:233)
	at org.apache.ratis.thirdparty.io.grpc.stub.ClientCalls.getUnchecked(ClientCalls.java:214)
	at org.apache.ratis.thirdparty.io.grpc.stub.ClientCalls.blockingUnaryCall(ClientCalls.java:139)
	at org.apache.ratis.proto.grpc.RaftServerProtocolServiceGrpc$RaftServerProtocolServiceBlockingStub.requestVote(RaftServerProtocolServiceGrpc.java:265)
	at org.apache.ratis.grpc.server.GrpcServerProtocolClient.requestVote(GrpcServerProtocolClient.java:99)
	at org.apache.ratis.grpc.server.GrpcService.requestVote(GrpcService.java:204)
	at org.apache.ratis.server.impl.LeaderElection.lambda$submitRequests$1(LeaderElection.java:234)
	at java.util.concurrent.FutureTask.run(FutureTask.java:266)
	at java.util.concurrent.Executors$RunnableAdapter.call(Executors.java:511)
	at java.util.concurrent.FutureTask.run(FutureTask.java:266)
	at java.util.concurrent.ThreadPoolExecutor.runWorker(ThreadPoolExecutor.java:1149)
	at java.util.concurrent.ThreadPoolExecutor$Worker.run(ThreadPoolExecutor.java:624)
	... 1 more
Caused by: org.apache.ratis.thirdparty.io.netty.channel.AbstractChannel$AnnotatedConnectException: Connection refused: /192.168.157.251:32952
	at sun.nio.ch.SocketChannelImpl.checkConnect(Native Method)
	at sun.nio.ch.SocketChannelImpl.finishConnect(SocketChannelImpl.java:717)
	at org.apache.ratis.thirdparty.io.netty.channel.socket.nio.NioSocketChannel.doFinishConnect(NioSocketChannel.java:327)
	at org.apache.ratis.thirdparty.io.netty.channel.nio.AbstractNioChannel$AbstractNioUnsafe.finishConnect(AbstractNioChannel.java:340)
	at org.apache.ratis.thirdparty.io.netty.channel.nio.NioEventLoop.processSelectedKey(NioEventLoop.java:632)
	at org.apache.ratis.thirdparty.io.netty.channel.nio.NioEventLoop.processSelectedKeysOptimized(NioEventLoop.java:579)
	at org.apache.ratis.thirdparty.io.netty.channel.nio.NioEventLoop.processSelectedKeys(NioEventLoop.java:496)
	at org.apache.ratis.thirdparty.io.netty.channel.nio.NioEventLoop.run(NioEventLoop.java:458)
	at org.apache.ratis.thirdparty.io.netty.util.concurrent.SingleThreadEventExecutor$5.run(SingleThreadEventExecutor.java:897)
	at org.apache.ratis.thirdparty.io.netty.util.concurrent.FastThreadLocalRunnable.run(FastThreadLocalRunnable.java:30)
	... 1 more
Caused by: java.net.ConnectException: Connection refused
	... 11 more
2019-10-17 18:51:25,017 [a5e79c22-a35f-4e50-b1fd-e91b6a93d74d@group-F775CA5912AC-LeaderElection444] INFO  impl.LeaderElection (LeaderElection.java:logAndReturn(56)) - a5e79c22-a35f-4e50-b1fd-e91b6a93d74d@group-F775CA5912AC-LeaderElection444: Election REJECTED; received 0 response(s) [] and 2 exception(s); a5e79c22-a35f-4e50-b1fd-e91b6a93d74d@group-F775CA5912AC:t277, leader=null, voted=a5e79c22-a35f-4e50-b1fd-e91b6a93d74d, raftlog=a5e79c22-a35f-4e50-b1fd-e91b6a93d74d@group-F775CA5912AC-SegmentedRaftLog:OPENED:c-1,f-1,i0, conf=-1: [a5e79c22-a35f-4e50-b1fd-e91b6a93d74d:192.168.157.251:45177, daae7813-f814-475d-9647-a302a5541e36:192.168.157.251:45025, 1e4e1375-1b66-460f-8c99-4c341545a119:192.168.157.251:42113], old=null
2019-10-17 18:51:25,018 [b8f04e38-0663-4b1f-8efd-f76585c6e86c@group-5F52F902B742-LeaderElection443] INFO  impl.LeaderElection (LeaderElection.java:logAndReturn(56)) - b8f04e38-0663-4b1f-8efd-f76585c6e86c@group-5F52F902B742-LeaderElection443: Election REJECTED; received 0 response(s) [] and 2 exception(s); b8f04e38-0663-4b1f-8efd-f76585c6e86c@group-5F52F902B742:t208, leader=null, voted=b8f04e38-0663-4b1f-8efd-f76585c6e86c, raftlog=b8f04e38-0663-4b1f-8efd-f76585c6e86c@group-5F52F902B742-SegmentedRaftLog:OPENED:c-1,f0,i0, conf=0: [b8f04e38-0663-4b1f-8efd-f76585c6e86c:192.168.157.251:35700, abcd8826-c056-4817-bd0f-7af19a46d814:192.168.157.251:46496, 73297ffa-40cb-4e3e-b33e-1bc2c1da60f5:192.168.157.251:32952], old=null
2019-10-17 18:51:25,018 [a5e79c22-a35f-4e50-b1fd-e91b6a93d74d@group-F775CA5912AC-LeaderElection444] INFO  impl.LeaderElection (LogUtils.java:infoOrTrace(149)) -   Exception 0: {}
java.util.concurrent.ExecutionException: org.apache.ratis.thirdparty.io.grpc.StatusRuntimeException: UNAVAILABLE: io exception
	at java.util.concurrent.FutureTask.report(FutureTask.java:122)
	at java.util.concurrent.FutureTask.get(FutureTask.java:192)
	at org.apache.ratis.server.impl.LeaderElection.waitForResults(LeaderElection.java:259)
	at org.apache.ratis.server.impl.LeaderElection.askForVotes(LeaderElection.java:197)
	at org.apache.ratis.server.impl.LeaderElection.run(LeaderElection.java:133)
	at java.lang.Thread.run(Thread.java:748)
Caused by: org.apache.ratis.thirdparty.io.grpc.StatusRuntimeException: UNAVAILABLE: io exception
	at org.apache.ratis.thirdparty.io.grpc.stub.ClientCalls.toStatusRuntimeException(ClientCalls.java:233)
	at org.apache.ratis.thirdparty.io.grpc.stub.ClientCalls.getUnchecked(ClientCalls.java:214)
	at org.apache.ratis.thirdparty.io.grpc.stub.ClientCalls.blockingUnaryCall(ClientCalls.java:139)
	at org.apache.ratis.proto.grpc.RaftServerProtocolServiceGrpc$RaftServerProtocolServiceBlockingStub.requestVote(RaftServerProtocolServiceGrpc.java:265)
	at org.apache.ratis.grpc.server.GrpcServerProtocolClient.requestVote(GrpcServerProtocolClient.java:99)
	at org.apache.ratis.grpc.server.GrpcService.requestVote(GrpcService.java:204)
	at org.apache.ratis.server.impl.LeaderElection.lambda$submitRequests$1(LeaderElection.java:234)
	at java.util.concurrent.FutureTask.run(FutureTask.java:266)
	at java.util.concurrent.Executors$RunnableAdapter.call(Executors.java:511)
	at java.util.concurrent.FutureTask.run(FutureTask.java:266)
	at java.util.concurrent.ThreadPoolExecutor.runWorker(ThreadPoolExecutor.java:1149)
	at java.util.concurrent.ThreadPoolExecutor$Worker.run(ThreadPoolExecutor.java:624)
	... 1 more
Caused by: org.apache.ratis.thirdparty.io.netty.channel.AbstractChannel$AnnotatedConnectException: Connection refused: /192.168.157.251:45025
	at sun.nio.ch.SocketChannelImpl.checkConnect(Native Method)
	at sun.nio.ch.SocketChannelImpl.finishConnect(SocketChannelImpl.java:717)
	at org.apache.ratis.thirdparty.io.netty.channel.socket.nio.NioSocketChannel.doFinishConnect(NioSocketChannel.java:327)
	at org.apache.ratis.thirdparty.io.netty.channel.nio.AbstractNioChannel$AbstractNioUnsafe.finishConnect(AbstractNioChannel.java:340)
	at org.apache.ratis.thirdparty.io.netty.channel.nio.NioEventLoop.processSelectedKey(NioEventLoop.java:632)
	at org.apache.ratis.thirdparty.io.netty.channel.nio.NioEventLoop.processSelectedKeysOptimized(NioEventLoop.java:579)
	at org.apache.ratis.thirdparty.io.netty.channel.nio.NioEventLoop.processSelectedKeys(NioEventLoop.java:496)
	at org.apache.ratis.thirdparty.io.netty.channel.nio.NioEventLoop.run(NioEventLoop.java:458)
	at org.apache.ratis.thirdparty.io.netty.util.concurrent.SingleThreadEventExecutor$5.run(SingleThreadEventExecutor.java:897)
	at org.apache.ratis.thirdparty.io.netty.util.concurrent.FastThreadLocalRunnable.run(FastThreadLocalRunnable.java:30)
	... 1 more
Caused by: java.net.ConnectException: Connection refused
	... 11 more
2019-10-17 18:51:25,018 [b8f04e38-0663-4b1f-8efd-f76585c6e86c@group-5F52F902B742-LeaderElection443] INFO  impl.LeaderElection (LogUtils.java:infoOrTrace(149)) -   Exception 0: {}
java.util.concurrent.ExecutionException: org.apache.ratis.thirdparty.io.grpc.StatusRuntimeException: UNAVAILABLE: io exception
	at java.util.concurrent.FutureTask.report(FutureTask.java:122)
	at java.util.concurrent.FutureTask.get(FutureTask.java:192)
	at org.apache.ratis.server.impl.LeaderElection.waitForResults(LeaderElection.java:259)
	at org.apache.ratis.server.impl.LeaderElection.askForVotes(LeaderElection.java:197)
	at org.apache.ratis.server.impl.LeaderElection.run(LeaderElection.java:133)
	at java.lang.Thread.run(Thread.java:748)
Caused by: org.apache.ratis.thirdparty.io.grpc.StatusRuntimeException: UNAVAILABLE: io exception
	at org.apache.ratis.thirdparty.io.grpc.stub.ClientCalls.toStatusRuntimeException(ClientCalls.java:233)
	at org.apache.ratis.thirdparty.io.grpc.stub.ClientCalls.getUnchecked(ClientCalls.java:214)
	at org.apache.ratis.thirdparty.io.grpc.stub.ClientCalls.blockingUnaryCall(ClientCalls.java:139)
	at org.apache.ratis.proto.grpc.RaftServerProtocolServiceGrpc$RaftServerProtocolServiceBlockingStub.requestVote(RaftServerProtocolServiceGrpc.java:265)
	at org.apache.ratis.grpc.server.GrpcServerProtocolClient.requestVote(GrpcServerProtocolClient.java:99)
	at org.apache.ratis.grpc.server.GrpcService.requestVote(GrpcService.java:204)
	at org.apache.ratis.server.impl.LeaderElection.lambda$submitRequests$1(LeaderElection.java:234)
	at java.util.concurrent.FutureTask.run(FutureTask.java:266)
	at java.util.concurrent.Executors$RunnableAdapter.call(Executors.java:511)
	at java.util.concurrent.FutureTask.run(FutureTask.java:266)
	at java.util.concurrent.ThreadPoolExecutor.runWorker(ThreadPoolExecutor.java:1149)
	at java.util.concurrent.ThreadPoolExecutor$Worker.run(ThreadPoolExecutor.java:624)
	... 1 more
Caused by: org.apache.ratis.thirdparty.io.netty.channel.AbstractChannel$AnnotatedConnectException: Connection refused: /192.168.157.251:46496
	at sun.nio.ch.SocketChannelImpl.checkConnect(Native Method)
	at sun.nio.ch.SocketChannelImpl.finishConnect(SocketChannelImpl.java:717)
	at org.apache.ratis.thirdparty.io.netty.channel.socket.nio.NioSocketChannel.doFinishConnect(NioSocketChannel.java:327)
	at org.apache.ratis.thirdparty.io.netty.channel.nio.AbstractNioChannel$AbstractNioUnsafe.finishConnect(AbstractNioChannel.java:340)
	at org.apache.ratis.thirdparty.io.netty.channel.nio.NioEventLoop.processSelectedKey(NioEventLoop.java:632)
	at org.apache.ratis.thirdparty.io.netty.channel.nio.NioEventLoop.processSelectedKeysOptimized(NioEventLoop.java:579)
	at org.apache.ratis.thirdparty.io.netty.channel.nio.NioEventLoop.processSelectedKeys(NioEventLoop.java:496)
	at org.apache.ratis.thirdparty.io.netty.channel.nio.NioEventLoop.run(NioEventLoop.java:458)
	at org.apache.ratis.thirdparty.io.netty.util.concurrent.SingleThreadEventExecutor$5.run(SingleThreadEventExecutor.java:897)
	at org.apache.ratis.thirdparty.io.netty.util.concurrent.FastThreadLocalRunnable.run(FastThreadLocalRunnable.java:30)
	... 1 more
Caused by: java.net.ConnectException: Connection refused
	... 11 more
2019-10-17 18:51:25,018 [a5e79c22-a35f-4e50-b1fd-e91b6a93d74d@group-F775CA5912AC-LeaderElection444] INFO  impl.LeaderElection (LogUtils.java:infoOrTrace(149)) -   Exception 1: {}
java.util.concurrent.ExecutionException: org.apache.ratis.thirdparty.io.grpc.StatusRuntimeException: UNAVAILABLE: io exception
	at java.util.concurrent.FutureTask.report(FutureTask.java:122)
	at java.util.concurrent.FutureTask.get(FutureTask.java:192)
	at org.apache.ratis.server.impl.LeaderElection.waitForResults(LeaderElection.java:259)
	at org.apache.ratis.server.impl.LeaderElection.askForVotes(LeaderElection.java:197)
	at org.apache.ratis.server.impl.LeaderElection.run(LeaderElection.java:133)
	at java.lang.Thread.run(Thread.java:748)
Caused by: org.apache.ratis.thirdparty.io.grpc.StatusRuntimeException: UNAVAILABLE: io exception
	at org.apache.ratis.thirdparty.io.grpc.stub.ClientCalls.toStatusRuntimeException(ClientCalls.java:233)
	at org.apache.ratis.thirdparty.io.grpc.stub.ClientCalls.getUnchecked(ClientCalls.java:214)
	at org.apache.ratis.thirdparty.io.grpc.stub.ClientCalls.blockingUnaryCall(ClientCalls.java:139)
	at org.apache.ratis.proto.grpc.RaftServerProtocolServiceGrpc$RaftServerProtocolServiceBlockingStub.requestVote(RaftServerProtocolServiceGrpc.java:265)
	at org.apache.ratis.grpc.server.GrpcServerProtocolClient.requestVote(GrpcServerProtocolClient.java:99)
	at org.apache.ratis.grpc.server.GrpcService.requestVote(GrpcService.java:204)
	at org.apache.ratis.server.impl.LeaderElection.lambda$submitRequests$1(LeaderElection.java:234)
	at java.util.concurrent.FutureTask.run(FutureTask.java:266)
	at java.util.concurrent.Executors$RunnableAdapter.call(Executors.java:511)
	at java.util.concurrent.FutureTask.run(FutureTask.java:266)
	at java.util.concurrent.ThreadPoolExecutor.runWorker(ThreadPoolExecutor.java:1149)
	at java.util.concurrent.ThreadPoolExecutor$Worker.run(ThreadPoolExecutor.java:624)
	... 1 more
Caused by: org.apache.ratis.thirdparty.io.netty.channel.AbstractChannel$AnnotatedConnectException: Connection refused: /192.168.157.251:42113
	at sun.nio.ch.SocketChannelImpl.checkConnect(Native Method)
	at sun.nio.ch.SocketChannelImpl.finishConnect(SocketChannelImpl.java:717)
	at org.apache.ratis.thirdparty.io.netty.channel.socket.nio.NioSocketChannel.doFinishConnect(NioSocketChannel.java:327)
	at org.apache.ratis.thirdparty.io.netty.channel.nio.AbstractNioChannel$AbstractNioUnsafe.finishConnect(AbstractNioChannel.java:340)
	at org.apache.ratis.thirdparty.io.netty.channel.nio.NioEventLoop.processSelectedKey(NioEventLoop.java:632)
	at org.apache.ratis.thirdparty.io.netty.channel.nio.NioEventLoop.processSelectedKeysOptimized(NioEventLoop.java:579)
	at org.apache.ratis.thirdparty.io.netty.channel.nio.NioEventLoop.processSelectedKeys(NioEventLoop.java:496)
	at org.apache.ratis.thirdparty.io.netty.channel.nio.NioEventLoop.run(NioEventLoop.java:458)
	at org.apache.ratis.thirdparty.io.netty.util.concurrent.SingleThreadEventExecutor$5.run(SingleThreadEventExecutor.java:897)
	at org.apache.ratis.thirdparty.io.netty.util.concurrent.FastThreadLocalRunnable.run(FastThreadLocalRunnable.java:30)
	... 1 more
Caused by: java.net.ConnectException: Connection refused
	... 11 more
2019-10-17 18:51:25,018 [b8f04e38-0663-4b1f-8efd-f76585c6e86c@group-5F52F902B742-LeaderElection443] INFO  impl.LeaderElection (LogUtils.java:infoOrTrace(149)) -   Exception 1: {}
java.util.concurrent.ExecutionException: org.apache.ratis.thirdparty.io.grpc.StatusRuntimeException: UNAVAILABLE: io exception
	at java.util.concurrent.FutureTask.report(FutureTask.java:122)
	at java.util.concurrent.FutureTask.get(FutureTask.java:192)
	at org.apache.ratis.server.impl.LeaderElection.waitForResults(LeaderElection.java:259)
	at org.apache.ratis.server.impl.LeaderElection.askForVotes(LeaderElection.java:197)
	at org.apache.ratis.server.impl.LeaderElection.run(LeaderElection.java:133)
	at java.lang.Thread.run(Thread.java:748)
Caused by: org.apache.ratis.thirdparty.io.grpc.StatusRuntimeException: UNAVAILABLE: io exception
	at org.apache.ratis.thirdparty.io.grpc.stub.ClientCalls.toStatusRuntimeException(ClientCalls.java:233)
	at org.apache.ratis.thirdparty.io.grpc.stub.ClientCalls.getUnchecked(ClientCalls.java:214)
	at org.apache.ratis.thirdparty.io.grpc.stub.ClientCalls.blockingUnaryCall(ClientCalls.java:139)
	at org.apache.ratis.proto.grpc.RaftServerProtocolServiceGrpc$RaftServerProtocolServiceBlockingStub.requestVote(RaftServerProtocolServiceGrpc.java:265)
	at org.apache.ratis.grpc.server.GrpcServerProtocolClient.requestVote(GrpcServerProtocolClient.java:99)
	at org.apache.ratis.grpc.server.GrpcService.requestVote(GrpcService.java:204)
	at org.apache.ratis.server.impl.LeaderElection.lambda$submitRequests$1(LeaderElection.java:234)
	at java.util.concurrent.FutureTask.run(FutureTask.java:266)
	at java.util.concurrent.Executors$RunnableAdapter.call(Executors.java:511)
	at java.util.concurrent.FutureTask.run(FutureTask.java:266)
	at java.util.concurrent.ThreadPoolExecutor.runWorker(ThreadPoolExecutor.java:1149)
	at java.util.concurrent.ThreadPoolExecutor$Worker.run(ThreadPoolExecutor.java:624)
	... 1 more
Caused by: org.apache.ratis.thirdparty.io.netty.channel.AbstractChannel$AnnotatedConnectException: Connection refused: /192.168.157.251:32952
	at sun.nio.ch.SocketChannelImpl.checkConnect(Native Method)
	at sun.nio.ch.SocketChannelImpl.finishConnect(SocketChannelImpl.java:717)
	at org.apache.ratis.thirdparty.io.netty.channel.socket.nio.NioSocketChannel.doFinishConnect(NioSocketChannel.java:327)
	at org.apache.ratis.thirdparty.io.netty.channel.nio.AbstractNioChannel$AbstractNioUnsafe.finishConnect(AbstractNioChannel.java:340)
	at org.apache.ratis.thirdparty.io.netty.channel.nio.NioEventLoop.processSelectedKey(NioEventLoop.java:632)
	at org.apache.ratis.thirdparty.io.netty.channel.nio.NioEventLoop.processSelectedKeysOptimized(NioEventLoop.java:579)
	at org.apache.ratis.thirdparty.io.netty.channel.nio.NioEventLoop.processSelectedKeys(NioEventLoop.java:496)
	at org.apache.ratis.thirdparty.io.netty.channel.nio.NioEventLoop.run(NioEventLoop.java:458)
	at org.apache.ratis.thirdparty.io.netty.util.concurrent.SingleThreadEventExecutor$5.run(SingleThreadEventExecutor.java:897)
	at org.apache.ratis.thirdparty.io.netty.util.concurrent.FastThreadLocalRunnable.run(FastThreadLocalRunnable.java:30)
	... 1 more
Caused by: java.net.ConnectException: Connection refused
	... 11 more
2019-10-17 18:51:25,019 [a5e79c22-a35f-4e50-b1fd-e91b6a93d74d@group-F775CA5912AC-LeaderElection444] INFO  impl.RaftServerImpl (RaftServerImpl.java:setRole(184)) - a5e79c22-a35f-4e50-b1fd-e91b6a93d74d@group-F775CA5912AC: changes role from CANDIDATE to FOLLOWER at term 277 for DISCOVERED_A_NEW_TERM
2019-10-17 18:51:25,019 [b8f04e38-0663-4b1f-8efd-f76585c6e86c@group-5F52F902B742-LeaderElection443] INFO  impl.RaftServerImpl (RaftServerImpl.java:setRole(184)) - b8f04e38-0663-4b1f-8efd-f76585c6e86c@group-5F52F902B742: changes role from CANDIDATE to FOLLOWER at term 208 for DISCOVERED_A_NEW_TERM
2019-10-17 18:51:25,019 [a5e79c22-a35f-4e50-b1fd-e91b6a93d74d@group-F775CA5912AC-LeaderElection444] INFO  impl.RoleInfo (RoleInfo.java:shutdownLeaderElection(134)) - a5e79c22-a35f-4e50-b1fd-e91b6a93d74d: shutdown LeaderElection
2019-10-17 18:51:25,019 [b8f04e38-0663-4b1f-8efd-f76585c6e86c@group-5F52F902B742-LeaderElection443] INFO  impl.RoleInfo (RoleInfo.java:shutdownLeaderElection(134)) - b8f04e38-0663-4b1f-8efd-f76585c6e86c: shutdown LeaderElection
2019-10-17 18:51:25,019 [a5e79c22-a35f-4e50-b1fd-e91b6a93d74d@group-F775CA5912AC-LeaderElection444] INFO  impl.RoleInfo (RoleInfo.java:updateAndGet(143)) - a5e79c22-a35f-4e50-b1fd-e91b6a93d74d: start FollowerState
2019-10-17 18:51:25,019 [b8f04e38-0663-4b1f-8efd-f76585c6e86c@group-5F52F902B742-LeaderElection443] INFO  impl.RoleInfo (RoleInfo.java:updateAndGet(143)) - b8f04e38-0663-4b1f-8efd-f76585c6e86c: start FollowerState
2019-10-17 18:51:25,169 [Thread-3327] INFO  impl.FollowerState (FollowerState.java:run(108)) - a5e79c22-a35f-4e50-b1fd-e91b6a93d74d@group-F775CA5912AC-FollowerState: change to CANDIDATE, lastRpcTime:149ms, electionTimeout:149ms
2019-10-17 18:51:25,169 [Thread-3327] INFO  impl.RoleInfo (RoleInfo.java:shutdownFollowerState(121)) - a5e79c22-a35f-4e50-b1fd-e91b6a93d74d: shutdown FollowerState
2019-10-17 18:51:25,169 [Thread-3327] INFO  impl.RaftServerImpl (RaftServerImpl.java:setRole(184)) - a5e79c22-a35f-4e50-b1fd-e91b6a93d74d@group-F775CA5912AC: changes role from  FOLLOWER to CANDIDATE at term 277 for changeToCandidate
2019-10-17 18:51:25,169 [Thread-3327] INFO  impl.RoleInfo (RoleInfo.java:updateAndGet(143)) - a5e79c22-a35f-4e50-b1fd-e91b6a93d74d: start LeaderElection
2019-10-17 18:51:25,370 [java.util.concurrent.ThreadPoolExecutor$Worker@5bc0d76f[State = -1, empty queue]] WARN  server.GrpcLogAppender (GrpcLogAppender.java:timeoutAppendRequest(209)) - 8f4f8799-ef18-41e5-9bb8-2f724208e999@group-9D6F8169C5E6->0fe4833c-4439-4309-b94b-508419b07a37-GrpcLogAppender: appendEntries Timeout, request=8f4f8799-ef18-41e5-9bb8-2f724208e999->0fe4833c-4439-4309-b94b-508419b07a37#92-t7, previous=(t:7, i:19), leaderCommit=19, initializing? false, entries: <empty>
2019-10-17 18:51:25,395 [java.util.concurrent.ThreadPoolExecutor$Worker@29d0258b[State = -1, empty queue]] WARN  server.GrpcLogAppender (GrpcLogAppender.java:timeoutAppendRequest(209)) - 8f4f8799-ef18-41e5-9bb8-2f724208e999@group-9D6F8169C5E6->de8c9e34-1a4b-4ad8-952a-c65e9c1604e8-GrpcLogAppender: appendEntries Timeout, request=8f4f8799-ef18-41e5-9bb8-2f724208e999->de8c9e34-1a4b-4ad8-952a-c65e9c1604e8#92-t7, previous=(t:7, i:19), leaderCommit=19, initializing? false, entries: <empty>
2019-10-17 18:51:25,528 [ForkJoinPool.commonPool-worker-0] INFO  ozoneimpl.OzoneContainer (OzoneContainer.java:stop(227)) - Attempting to stop container services.
2019-10-17 18:51:25,528 [ForkJoinPool.commonPool-worker-0] INFO  impl.RaftServerProxy (RaftServerProxy.java:lambda$close$4(314)) - a5e79c22-a35f-4e50-b1fd-e91b6a93d74d: close
2019-10-17 18:51:25,529 [ForkJoinPool.commonPool-worker-0] INFO  impl.RaftServerImpl (RaftServerImpl.java:lambda$shutdown$3(261)) - a5e79c22-a35f-4e50-b1fd-e91b6a93d74d@group-F775CA5912AC: shutdown
2019-10-17 18:51:25,529 [ForkJoinPool.commonPool-worker-0] INFO  util.JmxRegister (JmxRegister.java:unregister(73)) - Successfully un-registered JMX Bean with object name Ratis:service=RaftServer,group=group-F775CA5912AC,id=a5e79c22-a35f-4e50-b1fd-e91b6a93d74d
2019-10-17 18:51:25,529 [ForkJoinPool.commonPool-worker-0] INFO  impl.RoleInfo (RoleInfo.java:shutdownLeaderElection(134)) - a5e79c22-a35f-4e50-b1fd-e91b6a93d74d: shutdown LeaderElection
2019-10-17 18:51:25,529 [ForkJoinPool.commonPool-worker-0] INFO  impl.StateMachineUpdater (StateMachineUpdater.java:stopAndJoin(136)) - a5e79c22-a35f-4e50-b1fd-e91b6a93d74d@group-F775CA5912AC-StateMachineUpdater: set stopIndex = -1
2019-10-17 18:51:25,529 [main] INFO  ozoneimpl.OzoneContainer (OzoneContainer.java:stop(227)) - Attempting to stop container services.
2019-10-17 18:51:25,529 [ForkJoinPool.commonPool-worker-0] INFO  impl.RaftServerImpl (ServerState.java:close(388)) - a5e79c22-a35f-4e50-b1fd-e91b6a93d74d@group-F775CA5912AC: closes. applyIndex: -1
2019-10-17 18:51:25,530 [main] INFO  impl.RaftServerProxy (RaftServerProxy.java:lambda$close$4(314)) - 4fb2da21-ef5d-4d39-be53-a0300b1d3f26: close
2019-10-17 18:51:25,530 [a5e79c22-a35f-4e50-b1fd-e91b6a93d74d@group-F775CA5912AC-SegmentedRaftLogWorker] INFO  segmented.SegmentedRaftLogWorker (SegmentedRaftLogWorker.java:run(316)) - a5e79c22-a35f-4e50-b1fd-e91b6a93d74d@group-F775CA5912AC-SegmentedRaftLogWorker was interrupted, exiting. There are 0 tasks remaining in the queue.
2019-10-17 18:51:25,531 [main] INFO  impl.RaftServerImpl (RaftServerImpl.java:lambda$shutdown$3(261)) - 4fb2da21-ef5d-4d39-be53-a0300b1d3f26@group-EDE844A50E5A: shutdown
2019-10-17 18:51:25,531 [ForkJoinPool.commonPool-worker-0] INFO  segmented.SegmentedRaftLogWorker (SegmentedRaftLogWorker.java:close(224)) - a5e79c22-a35f-4e50-b1fd-e91b6a93d74d@group-F775CA5912AC-SegmentedRaftLogWorker close()
2019-10-17 18:51:25,531 [main] INFO  util.JmxRegister (JmxRegister.java:unregister(73)) - Successfully un-registered JMX Bean with object name Ratis:service=RaftServer,group=group-EDE844A50E5A,id=4fb2da21-ef5d-4d39-be53-a0300b1d3f26
2019-10-17 18:51:25,533 [ForkJoinPool.commonPool-worker-0] INFO  impl.RaftServerImpl (RaftServerImpl.java:lambda$shutdown$3(261)) - a5e79c22-a35f-4e50-b1fd-e91b6a93d74d@group-865512EF643C: shutdown
2019-10-17 18:51:25,533 [main] INFO  impl.RoleInfo (RoleInfo.java:shutdownLeaderState(104)) - 4fb2da21-ef5d-4d39-be53-a0300b1d3f26: shutdown LeaderState
2019-10-17 18:51:25,533 [ForkJoinPool.commonPool-worker-0] INFO  util.JmxRegister (JmxRegister.java:unregister(73)) - Successfully un-registered JMX Bean with object name Ratis:service=RaftServer,group=group-865512EF643C,id=a5e79c22-a35f-4e50-b1fd-e91b6a93d74d
2019-10-17 18:51:25,534 [ForkJoinPool.commonPool-worker-0] INFO  impl.RoleInfo (RoleInfo.java:shutdownLeaderState(104)) - a5e79c22-a35f-4e50-b1fd-e91b6a93d74d: shutdown LeaderState
2019-10-17 18:51:25,534 [main] INFO  impl.PendingRequests (PendingRequests.java:sendNotLeaderResponses(202)) - 4fb2da21-ef5d-4d39-be53-a0300b1d3f26@group-EDE844A50E5A-PendingRequests: sendNotLeaderResponses
2019-10-17 18:51:25,534 [ForkJoinPool.commonPool-worker-0] INFO  impl.PendingRequests (PendingRequests.java:sendNotLeaderResponses(202)) - a5e79c22-a35f-4e50-b1fd-e91b6a93d74d@group-865512EF643C-PendingRequests: sendNotLeaderResponses
2019-10-17 18:51:25,535 [ForkJoinPool.commonPool-worker-0] INFO  impl.StateMachineUpdater (StateMachineUpdater.java:stopAndJoin(136)) - a5e79c22-a35f-4e50-b1fd-e91b6a93d74d@group-865512EF643C-StateMachineUpdater: set stopIndex = 0
2019-10-17 18:51:25,535 [main] INFO  impl.StateMachineUpdater (StateMachineUpdater.java:stopAndJoin(136)) - 4fb2da21-ef5d-4d39-be53-a0300b1d3f26@group-EDE844A50E5A-StateMachineUpdater: set stopIndex = 0
2019-10-17 18:51:25,535 [main] INFO  impl.RaftServerImpl (ServerState.java:close(388)) - 4fb2da21-ef5d-4d39-be53-a0300b1d3f26@group-EDE844A50E5A: closes. applyIndex: 0
2019-10-17 18:51:25,535 [ForkJoinPool.commonPool-worker-0] INFO  impl.RaftServerImpl (ServerState.java:close(388)) - a5e79c22-a35f-4e50-b1fd-e91b6a93d74d@group-865512EF643C: closes. applyIndex: 0
2019-10-17 18:51:25,536 [4fb2da21-ef5d-4d39-be53-a0300b1d3f26@group-EDE844A50E5A-SegmentedRaftLogWorker] INFO  segmented.SegmentedRaftLogWorker (SegmentedRaftLogWorker.java:run(316)) - 4fb2da21-ef5d-4d39-be53-a0300b1d3f26@group-EDE844A50E5A-SegmentedRaftLogWorker was interrupted, exiting. There are 0 tasks remaining in the queue.
2019-10-17 18:51:25,536 [a5e79c22-a35f-4e50-b1fd-e91b6a93d74d@group-865512EF643C-SegmentedRaftLogWorker] INFO  segmented.SegmentedRaftLogWorker (SegmentedRaftLogWorker.java:run(316)) - a5e79c22-a35f-4e50-b1fd-e91b6a93d74d@group-865512EF643C-SegmentedRaftLogWorker was interrupted, exiting. There are 0 tasks remaining in the queue.
2019-10-17 18:51:25,536 [main] INFO  segmented.SegmentedRaftLogWorker (SegmentedRaftLogWorker.java:close(224)) - 4fb2da21-ef5d-4d39-be53-a0300b1d3f26@group-EDE844A50E5A-SegmentedRaftLogWorker close()
2019-10-17 18:51:25,536 [ForkJoinPool.commonPool-worker-0] INFO  segmented.SegmentedRaftLogWorker (SegmentedRaftLogWorker.java:close(224)) - a5e79c22-a35f-4e50-b1fd-e91b6a93d74d@group-865512EF643C-SegmentedRaftLogWorker close()
2019-10-17 18:51:25,538 [main] INFO  server.GrpcService (GrpcService.java:closeImpl(164)) - 4fb2da21-ef5d-4d39-be53-a0300b1d3f26: shutdown server with port 34971 now
2019-10-17 18:51:25,540 [ForkJoinPool.commonPool-worker-0] INFO  server.GrpcService (GrpcService.java:closeImpl(164)) - a5e79c22-a35f-4e50-b1fd-e91b6a93d74d: shutdown server with port 45177 now
2019-10-17 18:51:25,541 [main] INFO  server.GrpcService (GrpcService.java:closeImpl(172)) - 4fb2da21-ef5d-4d39-be53-a0300b1d3f26: shutdown server with port 34971 successfully
2019-10-17 18:51:25,541 [ForkJoinPool.commonPool-worker-0] INFO  server.GrpcService (GrpcService.java:closeImpl(172)) - a5e79c22-a35f-4e50-b1fd-e91b6a93d74d: shutdown server with port 45177 successfully
2019-10-17 18:51:25,544 [refreshUsed-/workdir/hadoop-ozone/integration-test/target/test-dir/MiniOzoneClusterImpl-1add80d3-0bcb-487c-a891-e654dcc55690/datanode-9/data/containers] WARN  fs.CachingGetSpaceUsed (CachingGetSpaceUsed.java:run(183)) - Thread Interrupted waiting to refresh disk information: sleep interrupted
2019-10-17 18:51:25,545 [refreshUsed-/workdir/hadoop-ozone/integration-test/target/test-dir/MiniOzoneClusterImpl-1add80d3-0bcb-487c-a891-e654dcc55690/datanode-0/data/containers] WARN  fs.CachingGetSpaceUsed (CachingGetSpaceUsed.java:run(183)) - Thread Interrupted waiting to refresh disk information: sleep interrupted
2019-10-17 18:51:25,567 [main] INFO  utils.BackgroundService (BackgroundService.java:shutdown(151)) - Shutting down service BlockDeletingService
2019-10-17 18:51:25,571 [main] INFO  statemachine.DatanodeStateMachine (DatanodeStateMachine.java:stopDaemon(395)) - Ozone container server stopped.
2019-10-17 18:51:25,572 [ForkJoinPool.commonPool-worker-0] INFO  utils.BackgroundService (BackgroundService.java:shutdown(151)) - Shutting down service BlockDeletingService
2019-10-17 18:51:25,572 [main] INFO  handler.ContextHandler (ContextHandler.java:doStop(910)) - Stopped o.e.j.w.WebAppContext@10c72a6f{/,null,UNAVAILABLE}{/hddsDatanode}
2019-10-17 18:51:25,575 [ForkJoinPool.commonPool-worker-0] INFO  statemachine.DatanodeStateMachine (DatanodeStateMachine.java:stopDaemon(395)) - Ozone container server stopped.
2019-10-17 18:51:25,577 [main] INFO  server.AbstractConnector (AbstractConnector.java:doStop(318)) - Stopped ServerConnector@70e94ecb{HTTP/1.1,[http/1.1]}{0.0.0.0:0}
2019-10-17 18:51:25,578 [main] INFO  handler.ContextHandler (ContextHandler.java:doStop(910)) - Stopped o.e.j.s.ServletContextHandler@19a64eae{/static,jar:file:/home/user/.m2/repository/org/apache/hadoop/hadoop-hdds-container-service/0.5.0-SNAPSHOT/hadoop-hdds-container-service-0.5.0-SNAPSHOT.jar!/webapps/static,UNAVAILABLE}
2019-10-17 18:51:25,578 [ForkJoinPool.commonPool-worker-0] INFO  handler.ContextHandler (ContextHandler.java:doStop(910)) - Stopped o.e.j.w.WebAppContext@61cd1c71{/,null,UNAVAILABLE}{/hddsDatanode}
2019-10-17 18:51:25,579 [main] INFO  handler.ContextHandler (ContextHandler.java:doStop(910)) - Stopped o.e.j.s.ServletContextHandler@6cbd0674{/logs,file:///workdir/hadoop-ozone/integration-test/target/log,UNAVAILABLE}
2019-10-17 18:51:25,579 [ForkJoinPool.commonPool-worker-0] INFO  server.AbstractConnector (AbstractConnector.java:doStop(318)) - Stopped ServerConnector@6724cdec{HTTP/1.1,[http/1.1]}{0.0.0.0:0}
2019-10-17 18:51:25,580 [ForkJoinPool.commonPool-worker-0] INFO  handler.ContextHandler (ContextHandler.java:doStop(910)) - Stopped o.e.j.s.ServletContextHandler@13d9261f{/static,jar:file:/home/user/.m2/repository/org/apache/hadoop/hadoop-hdds-container-service/0.5.0-SNAPSHOT/hadoop-hdds-container-service-0.5.0-SNAPSHOT.jar!/webapps/static,UNAVAILABLE}
2019-10-17 18:51:25,582 [ForkJoinPool.commonPool-worker-0] INFO  handler.ContextHandler (ContextHandler.java:doStop(910)) - Stopped o.e.j.s.ServletContextHandler@644ded04{/logs,file:///workdir/hadoop-ozone/integration-test/target/log,UNAVAILABLE}
2019-10-17 18:51:25,871 [java.util.concurrent.ThreadPoolExecutor$Worker@5bc0d76f[State = -1, empty queue]] WARN  server.GrpcLogAppender (GrpcLogAppender.java:timeoutAppendRequest(209)) - 8f4f8799-ef18-41e5-9bb8-2f724208e999@group-9D6F8169C5E6->0fe4833c-4439-4309-b94b-508419b07a37-GrpcLogAppender: appendEntries Timeout, request=8f4f8799-ef18-41e5-9bb8-2f724208e999->0fe4833c-4439-4309-b94b-508419b07a37#93-t7, previous=(t:7, i:19), leaderCommit=19, initializing? false, entries: <empty>
2019-10-17 18:51:25,896 [java.util.concurrent.ThreadPoolExecutor$Worker@29d0258b[State = -1, empty queue]] WARN  server.GrpcLogAppender (GrpcLogAppender.java:timeoutAppendRequest(209)) - 8f4f8799-ef18-41e5-9bb8-2f724208e999@group-9D6F8169C5E6->de8c9e34-1a4b-4ad8-952a-c65e9c1604e8-GrpcLogAppender: appendEntries Timeout, request=8f4f8799-ef18-41e5-9bb8-2f724208e999->de8c9e34-1a4b-4ad8-952a-c65e9c1604e8#93-t7, previous=(t:7, i:19), leaderCommit=19, initializing? false, entries: <empty>
2019-10-17 18:51:26,167 [Thread-3328] INFO  impl.FollowerState (FollowerState.java:run(108)) - b8f04e38-0663-4b1f-8efd-f76585c6e86c@group-5F52F902B742-FollowerState: change to CANDIDATE, lastRpcTime:1147ms, electionTimeout:1147ms
2019-10-17 18:51:26,167 [Thread-3328] INFO  impl.RoleInfo (RoleInfo.java:shutdownFollowerState(121)) - b8f04e38-0663-4b1f-8efd-f76585c6e86c: shutdown FollowerState
2019-10-17 18:51:26,167 [Thread-3328] INFO  impl.RaftServerImpl (RaftServerImpl.java:setRole(184)) - b8f04e38-0663-4b1f-8efd-f76585c6e86c@group-5F52F902B742: changes role from  FOLLOWER to CANDIDATE at term 208 for changeToCandidate
2019-10-17 18:51:26,167 [Thread-3328] INFO  impl.RoleInfo (RoleInfo.java:updateAndGet(143)) - b8f04e38-0663-4b1f-8efd-f76585c6e86c: start LeaderElection
2019-10-17 18:51:26,271 [Datanode State Machine Thread - 0] INFO  statemachine.DatanodeStateMachine (DatanodeStateMachine.java:lambda$startDaemon$0(350)) - Ozone container server started.
2019-10-17 18:51:26,371 [java.util.concurrent.ThreadPoolExecutor$Worker@5bc0d76f[State = -1, empty queue]] WARN  server.GrpcLogAppender (GrpcLogAppender.java:timeoutAppendRequest(209)) - 8f4f8799-ef18-41e5-9bb8-2f724208e999@group-9D6F8169C5E6->0fe4833c-4439-4309-b94b-508419b07a37-GrpcLogAppender: appendEntries Timeout, request=8f4f8799-ef18-41e5-9bb8-2f724208e999->0fe4833c-4439-4309-b94b-508419b07a37#94-t7, previous=(t:7, i:19), leaderCommit=19, initializing? false, entries: <empty>
2019-10-17 18:51:26,396 [Datanode State Machine Thread - 0] INFO  statemachine.DatanodeStateMachine (DatanodeStateMachine.java:lambda$startDaemon$0(350)) - Ozone container server started.
2019-10-17 18:51:26,396 [java.util.concurrent.ThreadPoolExecutor$Worker@29d0258b[State = -1, empty queue]] WARN  server.GrpcLogAppender (GrpcLogAppender.java:timeoutAppendRequest(209)) - 8f4f8799-ef18-41e5-9bb8-2f724208e999@group-9D6F8169C5E6->de8c9e34-1a4b-4ad8-952a-c65e9c1604e8-GrpcLogAppender: appendEntries Timeout, request=8f4f8799-ef18-41e5-9bb8-2f724208e999->de8c9e34-1a4b-4ad8-952a-c65e9c1604e8#94-t7, previous=(t:7, i:19), leaderCommit=19, initializing? false, entries: <empty>
2019-10-17 18:51:26,872 [java.util.concurrent.ThreadPoolExecutor$Worker@5bc0d76f[State = -1, empty queue]] WARN  server.GrpcLogAppender (GrpcLogAppender.java:timeoutAppendRequest(209)) - 8f4f8799-ef18-41e5-9bb8-2f724208e999@group-9D6F8169C5E6->0fe4833c-4439-4309-b94b-508419b07a37-GrpcLogAppender: appendEntries Timeout, request=8f4f8799-ef18-41e5-9bb8-2f724208e999->0fe4833c-4439-4309-b94b-508419b07a37#95-t7, previous=(t:7, i:19), leaderCommit=19, initializing? false, entries: <empty>
2019-10-17 18:51:26,897 [java.util.concurrent.ThreadPoolExecutor$Worker@29d0258b[State = -1, empty queue]] WARN  server.GrpcLogAppender (GrpcLogAppender.java:timeoutAppendRequest(209)) - 8f4f8799-ef18-41e5-9bb8-2f724208e999@group-9D6F8169C5E6->de8c9e34-1a4b-4ad8-952a-c65e9c1604e8-GrpcLogAppender: appendEntries Timeout, request=8f4f8799-ef18-41e5-9bb8-2f724208e999->de8c9e34-1a4b-4ad8-952a-c65e9c1604e8#95-t7, previous=(t:7, i:19), leaderCommit=19, initializing? false, entries: <empty>
2019-10-17 18:51:27,373 [java.util.concurrent.ThreadPoolExecutor$Worker@5bc0d76f[State = -1, empty queue]] WARN  server.GrpcLogAppender (GrpcLogAppender.java:timeoutAppendRequest(209)) - 8f4f8799-ef18-41e5-9bb8-2f724208e999@group-9D6F8169C5E6->0fe4833c-4439-4309-b94b-508419b07a37-GrpcLogAppender: appendEntries Timeout, request=8f4f8799-ef18-41e5-9bb8-2f724208e999->0fe4833c-4439-4309-b94b-508419b07a37#96-t7, previous=(t:7, i:19), leaderCommit=19, initializing? false, entries: <empty>
2019-10-17 18:51:27,397 [java.util.concurrent.ThreadPoolExecutor$Worker@29d0258b[State = -1, empty queue]] WARN  server.GrpcLogAppender (GrpcLogAppender.java:timeoutAppendRequest(209)) - 8f4f8799-ef18-41e5-9bb8-2f724208e999@group-9D6F8169C5E6->de8c9e34-1a4b-4ad8-952a-c65e9c1604e8-GrpcLogAppender: appendEntries Timeout, request=8f4f8799-ef18-41e5-9bb8-2f724208e999->de8c9e34-1a4b-4ad8-952a-c65e9c1604e8#96-t7, previous=(t:7, i:19), leaderCommit=19, initializing? false, entries: <empty>
2019-10-17 18:51:27,875 [java.util.concurrent.ThreadPoolExecutor$Worker@5bc0d76f[State = -1, empty queue]] WARN  server.GrpcLogAppender (GrpcLogAppender.java:timeoutAppendRequest(209)) - 8f4f8799-ef18-41e5-9bb8-2f724208e999@group-9D6F8169C5E6->0fe4833c-4439-4309-b94b-508419b07a37-GrpcLogAppender: appendEntries Timeout, request=8f4f8799-ef18-41e5-9bb8-2f724208e999->0fe4833c-4439-4309-b94b-508419b07a37#97-t7, previous=(t:7, i:19), leaderCommit=19, initializing? false, entries: <empty>
2019-10-17 18:51:27,898 [java.util.concurrent.ThreadPoolExecutor$Worker@29d0258b[State = -1, empty queue]] WARN  server.GrpcLogAppender (GrpcLogAppender.java:timeoutAppendRequest(209)) - 8f4f8799-ef18-41e5-9bb8-2f724208e999@group-9D6F8169C5E6->de8c9e34-1a4b-4ad8-952a-c65e9c1604e8-GrpcLogAppender: appendEntries Timeout, request=8f4f8799-ef18-41e5-9bb8-2f724208e999->de8c9e34-1a4b-4ad8-952a-c65e9c1604e8#97-t7, previous=(t:7, i:19), leaderCommit=19, initializing? false, entries: <empty>
2019-10-17 18:51:28,036 [a5e79c22-a35f-4e50-b1fd-e91b6a93d74d@group-F775CA5912AC-LeaderElection445] INFO  impl.LeaderElection (LeaderElection.java:askForVotes(178)) - a5e79c22-a35f-4e50-b1fd-e91b6a93d74d@group-F775CA5912AC-LeaderElection445: begin an election at term 278 for -1: [a5e79c22-a35f-4e50-b1fd-e91b6a93d74d:192.168.157.251:45177, daae7813-f814-475d-9647-a302a5541e36:192.168.157.251:45025, 1e4e1375-1b66-460f-8c99-4c341545a119:192.168.157.251:42113], old=null
2019-10-17 18:51:28,037 [a5e79c22-a35f-4e50-b1fd-e91b6a93d74d@group-F775CA5912AC-LeaderElection445] INFO  impl.LeaderElection (LeaderElection.java:run(137)) - a5e79c22-a35f-4e50-b1fd-e91b6a93d74d@group-F775CA5912AC-LeaderElection445: IllegalArgumentException is safely ignored since this is already CLOSING
java.lang.IllegalArgumentException: a5e79c22-a35f-4e50-b1fd-e91b6a93d74d@group-F775CA5912AC-SegmentedRaftLog is expected to be opened but it is CLOSED
	at org.apache.ratis.util.OpenCloseState.assertOpen(OpenCloseState.java:63)
	at org.apache.ratis.server.raftlog.RaftLog.checkLogState(RaftLog.java:102)
	at org.apache.ratis.server.raftlog.segmented.SegmentedRaftLog.getLastEntryTermIndex(SegmentedRaftLog.java:345)
	at org.apache.ratis.server.impl.LeaderElection.askForVotes(LeaderElection.java:180)
	at org.apache.ratis.server.impl.LeaderElection.run(LeaderElection.java:133)
	at java.lang.Thread.run(Thread.java:748)
Caused by: org.apache.ratis.util.OpenCloseState$CloseTrace: Close a5e79c22-a35f-4e50-b1fd-e91b6a93d74d@group-F775CA5912AC-SegmentedRaftLog
	at org.apache.ratis.util.OpenCloseState.lambda$close$1(OpenCloseState.java:109)
	at java.util.concurrent.atomic.AtomicReference.getAndUpdate(AtomicReference.java:160)
	at org.apache.ratis.util.OpenCloseState.close(OpenCloseState.java:109)
	at org.apache.ratis.server.raftlog.RaftLog.close(RaftLog.java:437)
	at org.apache.ratis.server.raftlog.segmented.SegmentedRaftLog.close(SegmentedRaftLog.java:500)
	at org.apache.ratis.server.impl.ServerState.close(ServerState.java:390)
	at org.apache.ratis.server.impl.RaftServerImpl.lambda$shutdown$3(RaftServerImpl.java:283)
	at org.apache.ratis.util.LifeCycle.lambda$checkStateAndClose$2(LifeCycle.java:231)
	at org.apache.ratis.util.LifeCycle.checkStateAndClose(LifeCycle.java:251)
	at org.apache.ratis.util.LifeCycle.checkStateAndClose(LifeCycle.java:229)
	at org.apache.ratis.server.impl.RaftServerImpl.shutdown(RaftServerImpl.java:260)
	at org.apache.ratis.server.impl.RaftServerProxy$ImplMap.lambda$close$0(RaftServerProxy.java:107)
	at java.util.stream.ForEachOps$ForEachOp$OfRef.accept(ForEachOps.java:183)
	at java.util.stream.ReferencePipeline$3$1.accept(ReferencePipeline.java:193)
	at java.util.concurrent.ConcurrentHashMap$ValueSpliterator.forEachRemaining(ConcurrentHashMap.java:3566)
	at java.util.stream.AbstractPipeline.copyInto(AbstractPipeline.java:482)
	at java.util.stream.ForEachOps$ForEachTask.compute(ForEachOps.java:290)
	at java.util.concurrent.CountedCompleter.exec(CountedCompleter.java:731)
	at java.util.concurrent.ForkJoinTask.doExec(ForkJoinTask.java:289)
	at java.util.concurrent.ForkJoinTask.doInvoke(ForkJoinTask.java:401)
	at java.util.concurrent.ForkJoinTask.invoke(ForkJoinTask.java:734)
	at java.util.stream.ForEachOps$ForEachOp.evaluateParallel(ForEachOps.java:159)
	at java.util.stream.ForEachOps$ForEachOp$OfRef.evaluateParallel(ForEachOps.java:173)
	at java.util.stream.AbstractPipeline.evaluate(AbstractPipeline.java:233)
	at java.util.stream.ReferencePipeline.forEach(ReferencePipeline.java:485)
	at org.apache.ratis.server.impl.RaftServerProxy$ImplMap.close(RaftServerProxy.java:107)
	at org.apache.ratis.server.impl.RaftServerProxy.lambda$close$4(RaftServerProxy.java:315)
	at org.apache.ratis.util.LifeCycle.lambda$checkStateAndClose$2(LifeCycle.java:231)
	at org.apache.ratis.util.LifeCycle.checkStateAndClose(LifeCycle.java:251)
	at org.apache.ratis.util.LifeCycle.checkStateAndClose(LifeCycle.java:229)
	at org.apache.ratis.server.impl.RaftServerProxy.close(RaftServerProxy.java:313)
	at org.apache.hadoop.ozone.container.common.transport.server.ratis.XceiverServerRatis.stop(XceiverServerRatis.java:448)
	at org.apache.hadoop.ozone.container.ozoneimpl.OzoneContainer.stop(OzoneContainer.java:229)
	at org.apache.hadoop.ozone.container.common.statemachine.DatanodeStateMachine.close(DatanodeStateMachine.java:270)
	at org.apache.hadoop.ozone.container.common.statemachine.DatanodeStateMachine.stopDaemon(DatanodeStateMachine.java:394)
	at org.apache.hadoop.ozone.HddsDatanodeService.stop(HddsDatanodeService.java:457)
	at org.apache.hadoop.ozone.MiniOzoneClusterImpl.stopDatanode(MiniOzoneClusterImpl.java:385)
	at java.util.stream.ForEachOps$ForEachOp$OfRef.accept(ForEachOps.java:183)
	at java.util.ArrayList$ArrayListSpliterator.forEachRemaining(ArrayList.java:1382)
	at java.util.stream.AbstractPipeline.copyInto(AbstractPipeline.java:482)
	at java.util.stream.ForEachOps$ForEachTask.compute(ForEachOps.java:290)
	at java.util.concurrent.CountedCompleter.exec(CountedCompleter.java:731)
	at java.util.concurrent.ForkJoinTask.doExec(ForkJoinTask.java:289)
	at java.util.concurrent.ForkJoinPool$WorkQueue.execLocalTasks(ForkJoinPool.java:1040)
	at java.util.concurrent.ForkJoinPool$WorkQueue.runTask(ForkJoinPool.java:1058)
	at java.util.concurrent.ForkJoinPool.runWorker(ForkJoinPool.java:1692)
	at java.util.concurrent.ForkJoinWorkerThread.run(ForkJoinWorkerThread.java:157)
2019-10-17 18:51:28,040 [b8f04e38-0663-4b1f-8efd-f76585c6e86c@group-5F52F902B742-LeaderElection446] INFO  impl.LeaderElection (LeaderElection.java:askForVotes(178)) - b8f04e38-0663-4b1f-8efd-f76585c6e86c@group-5F52F902B742-LeaderElection446: begin an election at term 209 for 0: [b8f04e38-0663-4b1f-8efd-f76585c6e86c:192.168.157.251:35700, abcd8826-c056-4817-bd0f-7af19a46d814:192.168.157.251:46496, 73297ffa-40cb-4e3e-b33e-1bc2c1da60f5:192.168.157.251:32952], old=null
2019-10-17 18:51:28,042 [b8f04e38-0663-4b1f-8efd-f76585c6e86c@group-5F52F902B742-LeaderElection446] INFO  impl.LeaderElection (LogUtils.java:infoOrTrace(149)) - b8f04e38-0663-4b1f-8efd-f76585c6e86c@group-5F52F902B742-LeaderElection446 got exception when requesting votes: {}
java.util.concurrent.ExecutionException: org.apache.ratis.thirdparty.io.grpc.StatusRuntimeException: UNAVAILABLE: io exception
	at java.util.concurrent.FutureTask.report(FutureTask.java:122)
	at java.util.concurrent.FutureTask.get(FutureTask.java:192)
	at org.apache.ratis.server.impl.LeaderElection.waitForResults(LeaderElection.java:259)
	at org.apache.ratis.server.impl.LeaderElection.askForVotes(LeaderElection.java:197)
	at org.apache.ratis.server.impl.LeaderElection.run(LeaderElection.java:133)
	at java.lang.Thread.run(Thread.java:748)
Caused by: org.apache.ratis.thirdparty.io.grpc.StatusRuntimeException: UNAVAILABLE: io exception
	at org.apache.ratis.thirdparty.io.grpc.stub.ClientCalls.toStatusRuntimeException(ClientCalls.java:233)
	at org.apache.ratis.thirdparty.io.grpc.stub.ClientCalls.getUnchecked(ClientCalls.java:214)
	at org.apache.ratis.thirdparty.io.grpc.stub.ClientCalls.blockingUnaryCall(ClientCalls.java:139)
	at org.apache.ratis.proto.grpc.RaftServerProtocolServiceGrpc$RaftServerProtocolServiceBlockingStub.requestVote(RaftServerProtocolServiceGrpc.java:265)
	at org.apache.ratis.grpc.server.GrpcServerProtocolClient.requestVote(GrpcServerProtocolClient.java:99)
	at org.apache.ratis.grpc.server.GrpcService.requestVote(GrpcService.java:204)
	at org.apache.ratis.server.impl.LeaderElection.lambda$submitRequests$1(LeaderElection.java:234)
	at java.util.concurrent.FutureTask.run(FutureTask.java:266)
	at java.util.concurrent.Executors$RunnableAdapter.call(Executors.java:511)
	at java.util.concurrent.FutureTask.run(FutureTask.java:266)
	at java.util.concurrent.ThreadPoolExecutor.runWorker(ThreadPoolExecutor.java:1149)
	at java.util.concurrent.ThreadPoolExecutor$Worker.run(ThreadPoolExecutor.java:624)
	... 1 more
Caused by: org.apache.ratis.thirdparty.io.netty.channel.AbstractChannel$AnnotatedConnectException: Connection refused: /192.168.157.251:32952
	at sun.nio.ch.SocketChannelImpl.checkConnect(Native Method)
	at sun.nio.ch.SocketChannelImpl.finishConnect(SocketChannelImpl.java:717)
	at org.apache.ratis.thirdparty.io.netty.channel.socket.nio.NioSocketChannel.doFinishConnect(NioSocketChannel.java:327)
	at org.apache.ratis.thirdparty.io.netty.channel.nio.AbstractNioChannel$AbstractNioUnsafe.finishConnect(AbstractNioChannel.java:340)
	at org.apache.ratis.thirdparty.io.netty.channel.nio.NioEventLoop.processSelectedKey(NioEventLoop.java:632)
	at org.apache.ratis.thirdparty.io.netty.channel.nio.NioEventLoop.processSelectedKeysOptimized(NioEventLoop.java:579)
	at org.apache.ratis.thirdparty.io.netty.channel.nio.NioEventLoop.processSelectedKeys(NioEventLoop.java:496)
	at org.apache.ratis.thirdparty.io.netty.channel.nio.NioEventLoop.run(NioEventLoop.java:458)
	at org.apache.ratis.thirdparty.io.netty.util.concurrent.SingleThreadEventExecutor$5.run(SingleThreadEventExecutor.java:897)
	at org.apache.ratis.thirdparty.io.netty.util.concurrent.FastThreadLocalRunnable.run(FastThreadLocalRunnable.java:30)
	... 1 more
Caused by: java.net.ConnectException: Connection refused
	... 11 more
2019-10-17 18:51:28,042 [b8f04e38-0663-4b1f-8efd-f76585c6e86c@group-5F52F902B742-LeaderElection446] INFO  impl.LeaderElection (LogUtils.java:infoOrTrace(149)) - b8f04e38-0663-4b1f-8efd-f76585c6e86c@group-5F52F902B742-LeaderElection446 got exception when requesting votes: {}
java.util.concurrent.ExecutionException: org.apache.ratis.thirdparty.io.grpc.StatusRuntimeException: UNAVAILABLE: io exception
	at java.util.concurrent.FutureTask.report(FutureTask.java:122)
	at java.util.concurrent.FutureTask.get(FutureTask.java:192)
	at org.apache.ratis.server.impl.LeaderElection.waitForResults(LeaderElection.java:259)
	at org.apache.ratis.server.impl.LeaderElection.askForVotes(LeaderElection.java:197)
	at org.apache.ratis.server.impl.LeaderElection.run(LeaderElection.java:133)
	at java.lang.Thread.run(Thread.java:748)
Caused by: org.apache.ratis.thirdparty.io.grpc.StatusRuntimeException: UNAVAILABLE: io exception
	at org.apache.ratis.thirdparty.io.grpc.stub.ClientCalls.toStatusRuntimeException(ClientCalls.java:233)
	at org.apache.ratis.thirdparty.io.grpc.stub.ClientCalls.getUnchecked(ClientCalls.java:214)
	at org.apache.ratis.thirdparty.io.grpc.stub.ClientCalls.blockingUnaryCall(ClientCalls.java:139)
	at org.apache.ratis.proto.grpc.RaftServerProtocolServiceGrpc$RaftServerProtocolServiceBlockingStub.requestVote(RaftServerProtocolServiceGrpc.java:265)
	at org.apache.ratis.grpc.server.GrpcServerProtocolClient.requestVote(GrpcServerProtocolClient.java:99)
	at org.apache.ratis.grpc.server.GrpcService.requestVote(GrpcService.java:204)
	at org.apache.ratis.server.impl.LeaderElection.lambda$submitRequests$1(LeaderElection.java:234)
	at java.util.concurrent.FutureTask.run(FutureTask.java:266)
	at java.util.concurrent.Executors$RunnableAdapter.call(Executors.java:511)
	at java.util.concurrent.FutureTask.run(FutureTask.java:266)
	at java.util.concurrent.ThreadPoolExecutor.runWorker(ThreadPoolExecutor.java:1149)
	at java.util.concurrent.ThreadPoolExecutor$Worker.run(ThreadPoolExecutor.java:624)
	... 1 more
Caused by: org.apache.ratis.thirdparty.io.netty.channel.AbstractChannel$AnnotatedConnectException: Connection refused: /192.168.157.251:46496
	at sun.nio.ch.SocketChannelImpl.checkConnect(Native Method)
	at sun.nio.ch.SocketChannelImpl.finishConnect(SocketChannelImpl.java:717)
	at org.apache.ratis.thirdparty.io.netty.channel.socket.nio.NioSocketChannel.doFinishConnect(NioSocketChannel.java:327)
	at org.apache.ratis.thirdparty.io.netty.channel.nio.AbstractNioChannel$AbstractNioUnsafe.finishConnect(AbstractNioChannel.java:340)
	at org.apache.ratis.thirdparty.io.netty.channel.nio.NioEventLoop.processSelectedKey(NioEventLoop.java:632)
	at org.apache.ratis.thirdparty.io.netty.channel.nio.NioEventLoop.processSelectedKeysOptimized(NioEventLoop.java:579)
	at org.apache.ratis.thirdparty.io.netty.channel.nio.NioEventLoop.processSelectedKeys(NioEventLoop.java:496)
	at org.apache.ratis.thirdparty.io.netty.channel.nio.NioEventLoop.run(NioEventLoop.java:458)
	at org.apache.ratis.thirdparty.io.netty.util.concurrent.SingleThreadEventExecutor$5.run(SingleThreadEventExecutor.java:897)
	at org.apache.ratis.thirdparty.io.netty.util.concurrent.FastThreadLocalRunnable.run(FastThreadLocalRunnable.java:30)
	... 1 more
Caused by: java.net.ConnectException: Connection refused
	... 11 more
2019-10-17 18:51:28,043 [b8f04e38-0663-4b1f-8efd-f76585c6e86c@group-5F52F902B742-LeaderElection446] INFO  impl.LeaderElection (LeaderElection.java:logAndReturn(56)) - b8f04e38-0663-4b1f-8efd-f76585c6e86c@group-5F52F902B742-LeaderElection446: Election REJECTED; received 0 response(s) [] and 2 exception(s); b8f04e38-0663-4b1f-8efd-f76585c6e86c@group-5F52F902B742:t209, leader=null, voted=b8f04e38-0663-4b1f-8efd-f76585c6e86c, raftlog=b8f04e38-0663-4b1f-8efd-f76585c6e86c@group-5F52F902B742-SegmentedRaftLog:OPENED:c-1,f0,i0, conf=0: [b8f04e38-0663-4b1f-8efd-f76585c6e86c:192.168.157.251:35700, abcd8826-c056-4817-bd0f-7af19a46d814:192.168.157.251:46496, 73297ffa-40cb-4e3e-b33e-1bc2c1da60f5:192.168.157.251:32952], old=null
2019-10-17 18:51:28,043 [b8f04e38-0663-4b1f-8efd-f76585c6e86c@group-5F52F902B742-LeaderElection446] INFO  impl.LeaderElection (LogUtils.java:infoOrTrace(149)) -   Exception 0: {}
java.util.concurrent.ExecutionException: org.apache.ratis.thirdparty.io.grpc.StatusRuntimeException: UNAVAILABLE: io exception
	at java.util.concurrent.FutureTask.report(FutureTask.java:122)
	at java.util.concurrent.FutureTask.get(FutureTask.java:192)
	at org.apache.ratis.server.impl.LeaderElection.waitForResults(LeaderElection.java:259)
	at org.apache.ratis.server.impl.LeaderElection.askForVotes(LeaderElection.java:197)
	at org.apache.ratis.server.impl.LeaderElection.run(LeaderElection.java:133)
	at java.lang.Thread.run(Thread.java:748)
Caused by: org.apache.ratis.thirdparty.io.grpc.StatusRuntimeException: UNAVAILABLE: io exception
	at org.apache.ratis.thirdparty.io.grpc.stub.ClientCalls.toStatusRuntimeException(ClientCalls.java:233)
	at org.apache.ratis.thirdparty.io.grpc.stub.ClientCalls.getUnchecked(ClientCalls.java:214)
	at org.apache.ratis.thirdparty.io.grpc.stub.ClientCalls.blockingUnaryCall(ClientCalls.java:139)
	at org.apache.ratis.proto.grpc.RaftServerProtocolServiceGrpc$RaftServerProtocolServiceBlockingStub.requestVote(RaftServerProtocolServiceGrpc.java:265)
	at org.apache.ratis.grpc.server.GrpcServerProtocolClient.requestVote(GrpcServerProtocolClient.java:99)
	at org.apache.ratis.grpc.server.GrpcService.requestVote(GrpcService.java:204)
	at org.apache.ratis.server.impl.LeaderElection.lambda$submitRequests$1(LeaderElection.java:234)
	at java.util.concurrent.FutureTask.run(FutureTask.java:266)
	at java.util.concurrent.Executors$RunnableAdapter.call(Executors.java:511)
	at java.util.concurrent.FutureTask.run(FutureTask.java:266)
	at java.util.concurrent.ThreadPoolExecutor.runWorker(ThreadPoolExecutor.java:1149)
	at java.util.concurrent.ThreadPoolExecutor$Worker.run(ThreadPoolExecutor.java:624)
	... 1 more
Caused by: org.apache.ratis.thirdparty.io.netty.channel.AbstractChannel$AnnotatedConnectException: Connection refused: /192.168.157.251:32952
	at sun.nio.ch.SocketChannelImpl.checkConnect(Native Method)
	at sun.nio.ch.SocketChannelImpl.finishConnect(SocketChannelImpl.java:717)
	at org.apache.ratis.thirdparty.io.netty.channel.socket.nio.NioSocketChannel.doFinishConnect(NioSocketChannel.java:327)
	at org.apache.ratis.thirdparty.io.netty.channel.nio.AbstractNioChannel$AbstractNioUnsafe.finishConnect(AbstractNioChannel.java:340)
	at org.apache.ratis.thirdparty.io.netty.channel.nio.NioEventLoop.processSelectedKey(NioEventLoop.java:632)
	at org.apache.ratis.thirdparty.io.netty.channel.nio.NioEventLoop.processSelectedKeysOptimized(NioEventLoop.java:579)
	at org.apache.ratis.thirdparty.io.netty.channel.nio.NioEventLoop.processSelectedKeys(NioEventLoop.java:496)
	at org.apache.ratis.thirdparty.io.netty.channel.nio.NioEventLoop.run(NioEventLoop.java:458)
	at org.apache.ratis.thirdparty.io.netty.util.concurrent.SingleThreadEventExecutor$5.run(SingleThreadEventExecutor.java:897)
	at org.apache.ratis.thirdparty.io.netty.util.concurrent.FastThreadLocalRunnable.run(FastThreadLocalRunnable.java:30)
	... 1 more
Caused by: java.net.ConnectException: Connection refused
	... 11 more
2019-10-17 18:51:28,043 [b8f04e38-0663-4b1f-8efd-f76585c6e86c@group-5F52F902B742-LeaderElection446] INFO  impl.LeaderElection (LogUtils.java:infoOrTrace(149)) -   Exception 1: {}
java.util.concurrent.ExecutionException: org.apache.ratis.thirdparty.io.grpc.StatusRuntimeException: UNAVAILABLE: io exception
	at java.util.concurrent.FutureTask.report(FutureTask.java:122)
	at java.util.concurrent.FutureTask.get(FutureTask.java:192)
	at org.apache.ratis.server.impl.LeaderElection.waitForResults(LeaderElection.java:259)
	at org.apache.ratis.server.impl.LeaderElection.askForVotes(LeaderElection.java:197)
	at org.apache.ratis.server.impl.LeaderElection.run(LeaderElection.java:133)
	at java.lang.Thread.run(Thread.java:748)
Caused by: org.apache.ratis.thirdparty.io.grpc.StatusRuntimeException: UNAVAILABLE: io exception
	at org.apache.ratis.thirdparty.io.grpc.stub.ClientCalls.toStatusRuntimeException(ClientCalls.java:233)
	at org.apache.ratis.thirdparty.io.grpc.stub.ClientCalls.getUnchecked(ClientCalls.java:214)
	at org.apache.ratis.thirdparty.io.grpc.stub.ClientCalls.blockingUnaryCall(ClientCalls.java:139)
	at org.apache.ratis.proto.grpc.RaftServerProtocolServiceGrpc$RaftServerProtocolServiceBlockingStub.requestVote(RaftServerProtocolServiceGrpc.java:265)
	at org.apache.ratis.grpc.server.GrpcServerProtocolClient.requestVote(GrpcServerProtocolClient.java:99)
	at org.apache.ratis.grpc.server.GrpcService.requestVote(GrpcService.java:204)
	at org.apache.ratis.server.impl.LeaderElection.lambda$submitRequests$1(LeaderElection.java:234)
	at java.util.concurrent.FutureTask.run(FutureTask.java:266)
	at java.util.concurrent.Executors$RunnableAdapter.call(Executors.java:511)
	at java.util.concurrent.FutureTask.run(FutureTask.java:266)
	at java.util.concurrent.ThreadPoolExecutor.runWorker(ThreadPoolExecutor.java:1149)
	at java.util.concurrent.ThreadPoolExecutor$Worker.run(ThreadPoolExecutor.java:624)
	... 1 more
Caused by: org.apache.ratis.thirdparty.io.netty.channel.AbstractChannel$AnnotatedConnectException: Connection refused: /192.168.157.251:46496
	at sun.nio.ch.SocketChannelImpl.checkConnect(Native Method)
	at sun.nio.ch.SocketChannelImpl.finishConnect(SocketChannelImpl.java:717)
	at org.apache.ratis.thirdparty.io.netty.channel.socket.nio.NioSocketChannel.doFinishConnect(NioSocketChannel.java:327)
	at org.apache.ratis.thirdparty.io.netty.channel.nio.AbstractNioChannel$AbstractNioUnsafe.finishConnect(AbstractNioChannel.java:340)
	at org.apache.ratis.thirdparty.io.netty.channel.nio.NioEventLoop.processSelectedKey(NioEventLoop.java:632)
	at org.apache.ratis.thirdparty.io.netty.channel.nio.NioEventLoop.processSelectedKeysOptimized(NioEventLoop.java:579)
	at org.apache.ratis.thirdparty.io.netty.channel.nio.NioEventLoop.processSelectedKeys(NioEventLoop.java:496)
	at org.apache.ratis.thirdparty.io.netty.channel.nio.NioEventLoop.run(NioEventLoop.java:458)
	at org.apache.ratis.thirdparty.io.netty.util.concurrent.SingleThreadEventExecutor$5.run(SingleThreadEventExecutor.java:897)
	at org.apache.ratis.thirdparty.io.netty.util.concurrent.FastThreadLocalRunnable.run(FastThreadLocalRunnable.java:30)
	... 1 more
Caused by: java.net.ConnectException: Connection refused
	... 11 more
2019-10-17 18:51:28,044 [b8f04e38-0663-4b1f-8efd-f76585c6e86c@group-5F52F902B742-LeaderElection446] INFO  impl.RaftServerImpl (RaftServerImpl.java:setRole(184)) - b8f04e38-0663-4b1f-8efd-f76585c6e86c@group-5F52F902B742: changes role from CANDIDATE to FOLLOWER at term 209 for DISCOVERED_A_NEW_TERM
2019-10-17 18:51:28,044 [b8f04e38-0663-4b1f-8efd-f76585c6e86c@group-5F52F902B742-LeaderElection446] INFO  impl.RoleInfo (RoleInfo.java:shutdownLeaderElection(134)) - b8f04e38-0663-4b1f-8efd-f76585c6e86c: shutdown LeaderElection
2019-10-17 18:51:28,044 [b8f04e38-0663-4b1f-8efd-f76585c6e86c@group-5F52F902B742-LeaderElection446] INFO  impl.RoleInfo (RoleInfo.java:updateAndGet(143)) - b8f04e38-0663-4b1f-8efd-f76585c6e86c: start FollowerState
2019-10-17 18:51:28,375 [java.util.concurrent.ThreadPoolExecutor$Worker@5bc0d76f[State = -1, empty queue]] WARN  server.GrpcLogAppender (GrpcLogAppender.java:timeoutAppendRequest(209)) - 8f4f8799-ef18-41e5-9bb8-2f724208e999@group-9D6F8169C5E6->0fe4833c-4439-4309-b94b-508419b07a37-GrpcLogAppender: appendEntries Timeout, request=8f4f8799-ef18-41e5-9bb8-2f724208e999->0fe4833c-4439-4309-b94b-508419b07a37#98-t7, previous=(t:7, i:19), leaderCommit=19, initializing? false, entries: <empty>
2019-10-17 18:51:28,398 [java.util.concurrent.ThreadPoolExecutor$Worker@29d0258b[State = -1, empty queue]] WARN  server.GrpcLogAppender (GrpcLogAppender.java:timeoutAppendRequest(209)) - 8f4f8799-ef18-41e5-9bb8-2f724208e999@group-9D6F8169C5E6->de8c9e34-1a4b-4ad8-952a-c65e9c1604e8-GrpcLogAppender: appendEntries Timeout, request=8f4f8799-ef18-41e5-9bb8-2f724208e999->de8c9e34-1a4b-4ad8-952a-c65e9c1604e8#98-t7, previous=(t:7, i:19), leaderCommit=19, initializing? false, entries: <empty>
2019-10-17 18:51:28,876 [java.util.concurrent.ThreadPoolExecutor$Worker@5bc0d76f[State = -1, empty queue]] WARN  server.GrpcLogAppender (GrpcLogAppender.java:timeoutAppendRequest(209)) - 8f4f8799-ef18-41e5-9bb8-2f724208e999@group-9D6F8169C5E6->0fe4833c-4439-4309-b94b-508419b07a37-GrpcLogAppender: appendEntries Timeout, request=8f4f8799-ef18-41e5-9bb8-2f724208e999->0fe4833c-4439-4309-b94b-508419b07a37#99-t7, previous=(t:7, i:19), leaderCommit=19, initializing? false, entries: <empty>
2019-10-17 18:51:28,899 [java.util.concurrent.ThreadPoolExecutor$Worker@29d0258b[State = -1, empty queue]] WARN  server.GrpcLogAppender (GrpcLogAppender.java:timeoutAppendRequest(209)) - 8f4f8799-ef18-41e5-9bb8-2f724208e999@group-9D6F8169C5E6->de8c9e34-1a4b-4ad8-952a-c65e9c1604e8-GrpcLogAppender: appendEntries Timeout, request=8f4f8799-ef18-41e5-9bb8-2f724208e999->de8c9e34-1a4b-4ad8-952a-c65e9c1604e8#99-t7, previous=(t:7, i:19), leaderCommit=19, initializing? false, entries: <empty>
2019-10-17 18:51:29,044 [Thread-3333] INFO  impl.FollowerState (FollowerState.java:run(108)) - b8f04e38-0663-4b1f-8efd-f76585c6e86c@group-5F52F902B742-FollowerState: change to CANDIDATE, lastRpcTime:1000ms, electionTimeout:1000ms
2019-10-17 18:51:29,045 [Thread-3333] INFO  impl.RoleInfo (RoleInfo.java:shutdownFollowerState(121)) - b8f04e38-0663-4b1f-8efd-f76585c6e86c: shutdown FollowerState
2019-10-17 18:51:29,045 [Thread-3333] INFO  impl.RaftServerImpl (RaftServerImpl.java:setRole(184)) - b8f04e38-0663-4b1f-8efd-f76585c6e86c@group-5F52F902B742: changes role from  FOLLOWER to CANDIDATE at term 209 for changeToCandidate
2019-10-17 18:51:29,045 [Thread-3333] INFO  impl.RoleInfo (RoleInfo.java:updateAndGet(143)) - b8f04e38-0663-4b1f-8efd-f76585c6e86c: start LeaderElection
2019-10-17 18:51:29,095 [b8f04e38-0663-4b1f-8efd-f76585c6e86c@group-5F52F902B742-LeaderElection447] INFO  impl.LeaderElection (LeaderElection.java:askForVotes(178)) - b8f04e38-0663-4b1f-8efd-f76585c6e86c@group-5F52F902B742-LeaderElection447: begin an election at term 210 for 0: [b8f04e38-0663-4b1f-8efd-f76585c6e86c:192.168.157.251:35700, abcd8826-c056-4817-bd0f-7af19a46d814:192.168.157.251:46496, 73297ffa-40cb-4e3e-b33e-1bc2c1da60f5:192.168.157.251:32952], old=null
2019-10-17 18:51:29,098 [b8f04e38-0663-4b1f-8efd-f76585c6e86c@group-5F52F902B742-LeaderElection447] INFO  impl.LeaderElection (LogUtils.java:infoOrTrace(149)) - b8f04e38-0663-4b1f-8efd-f76585c6e86c@group-5F52F902B742-LeaderElection447 got exception when requesting votes: {}
java.util.concurrent.ExecutionException: org.apache.ratis.thirdparty.io.grpc.StatusRuntimeException: UNAVAILABLE: io exception
	at java.util.concurrent.FutureTask.report(FutureTask.java:122)
	at java.util.concurrent.FutureTask.get(FutureTask.java:192)
	at org.apache.ratis.server.impl.LeaderElection.waitForResults(LeaderElection.java:259)
	at org.apache.ratis.server.impl.LeaderElection.askForVotes(LeaderElection.java:197)
	at org.apache.ratis.server.impl.LeaderElection.run(LeaderElection.java:133)
	at java.lang.Thread.run(Thread.java:748)
Caused by: org.apache.ratis.thirdparty.io.grpc.StatusRuntimeException: UNAVAILABLE: io exception
	at org.apache.ratis.thirdparty.io.grpc.stub.ClientCalls.toStatusRuntimeException(ClientCalls.java:233)
	at org.apache.ratis.thirdparty.io.grpc.stub.ClientCalls.getUnchecked(ClientCalls.java:214)
	at org.apache.ratis.thirdparty.io.grpc.stub.ClientCalls.blockingUnaryCall(ClientCalls.java:139)
	at org.apache.ratis.proto.grpc.RaftServerProtocolServiceGrpc$RaftServerProtocolServiceBlockingStub.requestVote(RaftServerProtocolServiceGrpc.java:265)
	at org.apache.ratis.grpc.server.GrpcServerProtocolClient.requestVote(GrpcServerProtocolClient.java:99)
	at org.apache.ratis.grpc.server.GrpcService.requestVote(GrpcService.java:204)
	at org.apache.ratis.server.impl.LeaderElection.lambda$submitRequests$1(LeaderElection.java:234)
	at java.util.concurrent.FutureTask.run(FutureTask.java:266)
	at java.util.concurrent.Executors$RunnableAdapter.call(Executors.java:511)
	at java.util.concurrent.FutureTask.run(FutureTask.java:266)
	at java.util.concurrent.ThreadPoolExecutor.runWorker(ThreadPoolExecutor.java:1149)
	at java.util.concurrent.ThreadPoolExecutor$Worker.run(ThreadPoolExecutor.java:624)
	... 1 more
Caused by: org.apache.ratis.thirdparty.io.netty.channel.AbstractChannel$AnnotatedConnectException: Connection refused: /192.168.157.251:46496
	at sun.nio.ch.SocketChannelImpl.checkConnect(Native Method)
	at sun.nio.ch.SocketChannelImpl.finishConnect(SocketChannelImpl.java:717)
	at org.apache.ratis.thirdparty.io.netty.channel.socket.nio.NioSocketChannel.doFinishConnect(NioSocketChannel.java:327)
	at org.apache.ratis.thirdparty.io.netty.channel.nio.AbstractNioChannel$AbstractNioUnsafe.finishConnect(AbstractNioChannel.java:340)
	at org.apache.ratis.thirdparty.io.netty.channel.nio.NioEventLoop.processSelectedKey(NioEventLoop.java:632)
	at org.apache.ratis.thirdparty.io.netty.channel.nio.NioEventLoop.processSelectedKeysOptimized(NioEventLoop.java:579)
	at org.apache.ratis.thirdparty.io.netty.channel.nio.NioEventLoop.processSelectedKeys(NioEventLoop.java:496)
	at org.apache.ratis.thirdparty.io.netty.channel.nio.NioEventLoop.run(NioEventLoop.java:458)
	at org.apache.ratis.thirdparty.io.netty.util.concurrent.SingleThreadEventExecutor$5.run(SingleThreadEventExecutor.java:897)
	at org.apache.ratis.thirdparty.io.netty.util.concurrent.FastThreadLocalRunnable.run(FastThreadLocalRunnable.java:30)
	... 1 more
Caused by: java.net.ConnectException: Connection refused
	... 11 more
2019-10-17 18:51:29,098 [b8f04e38-0663-4b1f-8efd-f76585c6e86c@group-5F52F902B742-LeaderElection447] INFO  impl.LeaderElection (LogUtils.java:infoOrTrace(149)) - b8f04e38-0663-4b1f-8efd-f76585c6e86c@group-5F52F902B742-LeaderElection447 got exception when requesting votes: {}
java.util.concurrent.ExecutionException: org.apache.ratis.thirdparty.io.grpc.StatusRuntimeException: UNAVAILABLE: io exception
	at java.util.concurrent.FutureTask.report(FutureTask.java:122)
	at java.util.concurrent.FutureTask.get(FutureTask.java:192)
	at org.apache.ratis.server.impl.LeaderElection.waitForResults(LeaderElection.java:259)
	at org.apache.ratis.server.impl.LeaderElection.askForVotes(LeaderElection.java:197)
	at org.apache.ratis.server.impl.LeaderElection.run(LeaderElection.java:133)
	at java.lang.Thread.run(Thread.java:748)
Caused by: org.apache.ratis.thirdparty.io.grpc.StatusRuntimeException: UNAVAILABLE: io exception
	at org.apache.ratis.thirdparty.io.grpc.stub.ClientCalls.toStatusRuntimeException(ClientCalls.java:233)
	at org.apache.ratis.thirdparty.io.grpc.stub.ClientCalls.getUnchecked(ClientCalls.java:214)
	at org.apache.ratis.thirdparty.io.grpc.stub.ClientCalls.blockingUnaryCall(ClientCalls.java:139)
	at org.apache.ratis.proto.grpc.RaftServerProtocolServiceGrpc$RaftServerProtocolServiceBlockingStub.requestVote(RaftServerProtocolServiceGrpc.java:265)
	at org.apache.ratis.grpc.server.GrpcServerProtocolClient.requestVote(GrpcServerProtocolClient.java:99)
	at org.apache.ratis.grpc.server.GrpcService.requestVote(GrpcService.java:204)
	at org.apache.ratis.server.impl.LeaderElection.lambda$submitRequests$1(LeaderElection.java:234)
	at java.util.concurrent.FutureTask.run(FutureTask.java:266)
	at java.util.concurrent.Executors$RunnableAdapter.call(Executors.java:511)
	at java.util.concurrent.FutureTask.run(FutureTask.java:266)
	at java.util.concurrent.ThreadPoolExecutor.runWorker(ThreadPoolExecutor.java:1149)
	at java.util.concurrent.ThreadPoolExecutor$Worker.run(ThreadPoolExecutor.java:624)
	... 1 more
Caused by: org.apache.ratis.thirdparty.io.netty.channel.AbstractChannel$AnnotatedConnectException: Connection refused: /192.168.157.251:32952
	at sun.nio.ch.SocketChannelImpl.checkConnect(Native Method)
	at sun.nio.ch.SocketChannelImpl.finishConnect(SocketChannelImpl.java:717)
	at org.apache.ratis.thirdparty.io.netty.channel.socket.nio.NioSocketChannel.doFinishConnect(NioSocketChannel.java:327)
	at org.apache.ratis.thirdparty.io.netty.channel.nio.AbstractNioChannel$AbstractNioUnsafe.finishConnect(AbstractNioChannel.java:340)
	at org.apache.ratis.thirdparty.io.netty.channel.nio.NioEventLoop.processSelectedKey(NioEventLoop.java:632)
	at org.apache.ratis.thirdparty.io.netty.channel.nio.NioEventLoop.processSelectedKeysOptimized(NioEventLoop.java:579)
	at org.apache.ratis.thirdparty.io.netty.channel.nio.NioEventLoop.processSelectedKeys(NioEventLoop.java:496)
	at org.apache.ratis.thirdparty.io.netty.channel.nio.NioEventLoop.run(NioEventLoop.java:458)
	at org.apache.ratis.thirdparty.io.netty.util.concurrent.SingleThreadEventExecutor$5.run(SingleThreadEventExecutor.java:897)
	at org.apache.ratis.thirdparty.io.netty.util.concurrent.FastThreadLocalRunnable.run(FastThreadLocalRunnable.java:30)
	... 1 more
Caused by: java.net.ConnectException: Connection refused
	... 11 more
2019-10-17 18:51:29,098 [b8f04e38-0663-4b1f-8efd-f76585c6e86c@group-5F52F902B742-LeaderElection447] INFO  impl.LeaderElection (LeaderElection.java:logAndReturn(56)) - b8f04e38-0663-4b1f-8efd-f76585c6e86c@group-5F52F902B742-LeaderElection447: Election REJECTED; received 0 response(s) [] and 2 exception(s); b8f04e38-0663-4b1f-8efd-f76585c6e86c@group-5F52F902B742:t210, leader=null, voted=b8f04e38-0663-4b1f-8efd-f76585c6e86c, raftlog=b8f04e38-0663-4b1f-8efd-f76585c6e86c@group-5F52F902B742-SegmentedRaftLog:OPENED:c-1,f0,i0, conf=0: [b8f04e38-0663-4b1f-8efd-f76585c6e86c:192.168.157.251:35700, abcd8826-c056-4817-bd0f-7af19a46d814:192.168.157.251:46496, 73297ffa-40cb-4e3e-b33e-1bc2c1da60f5:192.168.157.251:32952], old=null
2019-10-17 18:51:29,099 [b8f04e38-0663-4b1f-8efd-f76585c6e86c@group-5F52F902B742-LeaderElection447] INFO  impl.LeaderElection (LogUtils.java:infoOrTrace(149)) -   Exception 0: {}
java.util.concurrent.ExecutionException: org.apache.ratis.thirdparty.io.grpc.StatusRuntimeException: UNAVAILABLE: io exception
	at java.util.concurrent.FutureTask.report(FutureTask.java:122)
	at java.util.concurrent.FutureTask.get(FutureTask.java:192)
	at org.apache.ratis.server.impl.LeaderElection.waitForResults(LeaderElection.java:259)
	at org.apache.ratis.server.impl.LeaderElection.askForVotes(LeaderElection.java:197)
	at org.apache.ratis.server.impl.LeaderElection.run(LeaderElection.java:133)
	at java.lang.Thread.run(Thread.java:748)
Caused by: org.apache.ratis.thirdparty.io.grpc.StatusRuntimeException: UNAVAILABLE: io exception
	at org.apache.ratis.thirdparty.io.grpc.stub.ClientCalls.toStatusRuntimeException(ClientCalls.java:233)
	at org.apache.ratis.thirdparty.io.grpc.stub.ClientCalls.getUnchecked(ClientCalls.java:214)
	at org.apache.ratis.thirdparty.io.grpc.stub.ClientCalls.blockingUnaryCall(ClientCalls.java:139)
	at org.apache.ratis.proto.grpc.RaftServerProtocolServiceGrpc$RaftServerProtocolServiceBlockingStub.requestVote(RaftServerProtocolServiceGrpc.java:265)
	at org.apache.ratis.grpc.server.GrpcServerProtocolClient.requestVote(GrpcServerProtocolClient.java:99)
	at org.apache.ratis.grpc.server.GrpcService.requestVote(GrpcService.java:204)
	at org.apache.ratis.server.impl.LeaderElection.lambda$submitRequests$1(LeaderElection.java:234)
	at java.util.concurrent.FutureTask.run(FutureTask.java:266)
	at java.util.concurrent.Executors$RunnableAdapter.call(Executors.java:511)
	at java.util.concurrent.FutureTask.run(FutureTask.java:266)
	at java.util.concurrent.ThreadPoolExecutor.runWorker(ThreadPoolExecutor.java:1149)
	at java.util.concurrent.ThreadPoolExecutor$Worker.run(ThreadPoolExecutor.java:624)
	... 1 more
Caused by: org.apache.ratis.thirdparty.io.netty.channel.AbstractChannel$AnnotatedConnectException: Connection refused: /192.168.157.251:46496
	at sun.nio.ch.SocketChannelImpl.checkConnect(Native Method)
	at sun.nio.ch.SocketChannelImpl.finishConnect(SocketChannelImpl.java:717)
	at org.apache.ratis.thirdparty.io.netty.channel.socket.nio.NioSocketChannel.doFinishConnect(NioSocketChannel.java:327)
	at org.apache.ratis.thirdparty.io.netty.channel.nio.AbstractNioChannel$AbstractNioUnsafe.finishConnect(AbstractNioChannel.java:340)
	at org.apache.ratis.thirdparty.io.netty.channel.nio.NioEventLoop.processSelectedKey(NioEventLoop.java:632)
	at org.apache.ratis.thirdparty.io.netty.channel.nio.NioEventLoop.processSelectedKeysOptimized(NioEventLoop.java:579)
	at org.apache.ratis.thirdparty.io.netty.channel.nio.NioEventLoop.processSelectedKeys(NioEventLoop.java:496)
	at org.apache.ratis.thirdparty.io.netty.channel.nio.NioEventLoop.run(NioEventLoop.java:458)
	at org.apache.ratis.thirdparty.io.netty.util.concurrent.SingleThreadEventExecutor$5.run(SingleThreadEventExecutor.java:897)
	at org.apache.ratis.thirdparty.io.netty.util.concurrent.FastThreadLocalRunnable.run(FastThreadLocalRunnable.java:30)
	... 1 more
Caused by: java.net.ConnectException: Connection refused
	... 11 more
2019-10-17 18:51:29,099 [b8f04e38-0663-4b1f-8efd-f76585c6e86c@group-5F52F902B742-LeaderElection447] INFO  impl.LeaderElection (LogUtils.java:infoOrTrace(149)) -   Exception 1: {}
java.util.concurrent.ExecutionException: org.apache.ratis.thirdparty.io.grpc.StatusRuntimeException: UNAVAILABLE: io exception
	at java.util.concurrent.FutureTask.report(FutureTask.java:122)
	at java.util.concurrent.FutureTask.get(FutureTask.java:192)
	at org.apache.ratis.server.impl.LeaderElection.waitForResults(LeaderElection.java:259)
	at org.apache.ratis.server.impl.LeaderElection.askForVotes(LeaderElection.java:197)
	at org.apache.ratis.server.impl.LeaderElection.run(LeaderElection.java:133)
	at java.lang.Thread.run(Thread.java:748)
Caused by: org.apache.ratis.thirdparty.io.grpc.StatusRuntimeException: UNAVAILABLE: io exception
	at org.apache.ratis.thirdparty.io.grpc.stub.ClientCalls.toStatusRuntimeException(ClientCalls.java:233)
	at org.apache.ratis.thirdparty.io.grpc.stub.ClientCalls.getUnchecked(ClientCalls.java:214)
	at org.apache.ratis.thirdparty.io.grpc.stub.ClientCalls.blockingUnaryCall(ClientCalls.java:139)
	at org.apache.ratis.proto.grpc.RaftServerProtocolServiceGrpc$RaftServerProtocolServiceBlockingStub.requestVote(RaftServerProtocolServiceGrpc.java:265)
	at org.apache.ratis.grpc.server.GrpcServerProtocolClient.requestVote(GrpcServerProtocolClient.java:99)
	at org.apache.ratis.grpc.server.GrpcService.requestVote(GrpcService.java:204)
	at org.apache.ratis.server.impl.LeaderElection.lambda$submitRequests$1(LeaderElection.java:234)
	at java.util.concurrent.FutureTask.run(FutureTask.java:266)
	at java.util.concurrent.Executors$RunnableAdapter.call(Executors.java:511)
	at java.util.concurrent.FutureTask.run(FutureTask.java:266)
	at java.util.concurrent.ThreadPoolExecutor.runWorker(ThreadPoolExecutor.java:1149)
	at java.util.concurrent.ThreadPoolExecutor$Worker.run(ThreadPoolExecutor.java:624)
	... 1 more
Caused by: org.apache.ratis.thirdparty.io.netty.channel.AbstractChannel$AnnotatedConnectException: Connection refused: /192.168.157.251:32952
	at sun.nio.ch.SocketChannelImpl.checkConnect(Native Method)
	at sun.nio.ch.SocketChannelImpl.finishConnect(SocketChannelImpl.java:717)
	at org.apache.ratis.thirdparty.io.netty.channel.socket.nio.NioSocketChannel.doFinishConnect(NioSocketChannel.java:327)
	at org.apache.ratis.thirdparty.io.netty.channel.nio.AbstractNioChannel$AbstractNioUnsafe.finishConnect(AbstractNioChannel.java:340)
	at org.apache.ratis.thirdparty.io.netty.channel.nio.NioEventLoop.processSelectedKey(NioEventLoop.java:632)
	at org.apache.ratis.thirdparty.io.netty.channel.nio.NioEventLoop.processSelectedKeysOptimized(NioEventLoop.java:579)
	at org.apache.ratis.thirdparty.io.netty.channel.nio.NioEventLoop.processSelectedKeys(NioEventLoop.java:496)
	at org.apache.ratis.thirdparty.io.netty.channel.nio.NioEventLoop.run(NioEventLoop.java:458)
	at org.apache.ratis.thirdparty.io.netty.util.concurrent.SingleThreadEventExecutor$5.run(SingleThreadEventExecutor.java:897)
	at org.apache.ratis.thirdparty.io.netty.util.concurrent.FastThreadLocalRunnable.run(FastThreadLocalRunnable.java:30)
	... 1 more
Caused by: java.net.ConnectException: Connection refused
	... 11 more
2019-10-17 18:51:29,099 [b8f04e38-0663-4b1f-8efd-f76585c6e86c@group-5F52F902B742-LeaderElection447] INFO  impl.RaftServerImpl (RaftServerImpl.java:setRole(184)) - b8f04e38-0663-4b1f-8efd-f76585c6e86c@group-5F52F902B742: changes role from CANDIDATE to FOLLOWER at term 210 for DISCOVERED_A_NEW_TERM
2019-10-17 18:51:29,099 [b8f04e38-0663-4b1f-8efd-f76585c6e86c@group-5F52F902B742-LeaderElection447] INFO  impl.RoleInfo (RoleInfo.java:shutdownLeaderElection(134)) - b8f04e38-0663-4b1f-8efd-f76585c6e86c: shutdown LeaderElection
2019-10-17 18:51:29,099 [b8f04e38-0663-4b1f-8efd-f76585c6e86c@group-5F52F902B742-LeaderElection447] INFO  impl.RoleInfo (RoleInfo.java:updateAndGet(143)) - b8f04e38-0663-4b1f-8efd-f76585c6e86c: start FollowerState
2019-10-17 18:51:29,376 [java.util.concurrent.ThreadPoolExecutor$Worker@5bc0d76f[State = -1, empty queue]] WARN  server.GrpcLogAppender (GrpcLogAppender.java:timeoutAppendRequest(209)) - 8f4f8799-ef18-41e5-9bb8-2f724208e999@group-9D6F8169C5E6->0fe4833c-4439-4309-b94b-508419b07a37-GrpcLogAppender: appendEntries Timeout, request=8f4f8799-ef18-41e5-9bb8-2f724208e999->0fe4833c-4439-4309-b94b-508419b07a37#100-t7, previous=(t:7, i:19), leaderCommit=19, initializing? false, entries: <empty>
2019-10-17 18:51:29,399 [java.util.concurrent.ThreadPoolExecutor$Worker@29d0258b[State = -1, empty queue]] WARN  server.GrpcLogAppender (GrpcLogAppender.java:timeoutAppendRequest(209)) - 8f4f8799-ef18-41e5-9bb8-2f724208e999@group-9D6F8169C5E6->de8c9e34-1a4b-4ad8-952a-c65e9c1604e8-GrpcLogAppender: appendEntries Timeout, request=8f4f8799-ef18-41e5-9bb8-2f724208e999->de8c9e34-1a4b-4ad8-952a-c65e9c1604e8#100-t7, previous=(t:7, i:19), leaderCommit=19, initializing? false, entries: <empty>
2019-10-17 18:51:29,877 [java.util.concurrent.ThreadPoolExecutor$Worker@5bc0d76f[State = -1, empty queue]] WARN  server.GrpcLogAppender (GrpcLogAppender.java:timeoutAppendRequest(209)) - 8f4f8799-ef18-41e5-9bb8-2f724208e999@group-9D6F8169C5E6->0fe4833c-4439-4309-b94b-508419b07a37-GrpcLogAppender: appendEntries Timeout, request=8f4f8799-ef18-41e5-9bb8-2f724208e999->0fe4833c-4439-4309-b94b-508419b07a37#101-t7, previous=(t:7, i:19), leaderCommit=19, initializing? false, entries: <empty>
2019-10-17 18:51:29,899 [java.util.concurrent.ThreadPoolExecutor$Worker@29d0258b[State = -1, empty queue]] WARN  server.GrpcLogAppender (GrpcLogAppender.java:timeoutAppendRequest(209)) - 8f4f8799-ef18-41e5-9bb8-2f724208e999@group-9D6F8169C5E6->de8c9e34-1a4b-4ad8-952a-c65e9c1604e8-GrpcLogAppender: appendEntries Timeout, request=8f4f8799-ef18-41e5-9bb8-2f724208e999->de8c9e34-1a4b-4ad8-952a-c65e9c1604e8#101-t7, previous=(t:7, i:19), leaderCommit=19, initializing? false, entries: <empty>
2019-10-17 18:51:30,214 [Thread-3337] INFO  impl.FollowerState (FollowerState.java:run(108)) - b8f04e38-0663-4b1f-8efd-f76585c6e86c@group-5F52F902B742-FollowerState: change to CANDIDATE, lastRpcTime:1114ms, electionTimeout:1114ms
2019-10-17 18:51:30,215 [Thread-3337] INFO  impl.RoleInfo (RoleInfo.java:shutdownFollowerState(121)) - b8f04e38-0663-4b1f-8efd-f76585c6e86c: shutdown FollowerState
2019-10-17 18:51:30,215 [Thread-3337] INFO  impl.RaftServerImpl (RaftServerImpl.java:setRole(184)) - b8f04e38-0663-4b1f-8efd-f76585c6e86c@group-5F52F902B742: changes role from  FOLLOWER to CANDIDATE at term 210 for changeToCandidate
2019-10-17 18:51:30,216 [Thread-3337] INFO  impl.RoleInfo (RoleInfo.java:updateAndGet(143)) - b8f04e38-0663-4b1f-8efd-f76585c6e86c: start LeaderElection
2019-10-17 18:51:30,269 [b8f04e38-0663-4b1f-8efd-f76585c6e86c@group-5F52F902B742-LeaderElection448] INFO  impl.LeaderElection (LeaderElection.java:askForVotes(178)) - b8f04e38-0663-4b1f-8efd-f76585c6e86c@group-5F52F902B742-LeaderElection448: begin an election at term 211 for 0: [b8f04e38-0663-4b1f-8efd-f76585c6e86c:192.168.157.251:35700, abcd8826-c056-4817-bd0f-7af19a46d814:192.168.157.251:46496, 73297ffa-40cb-4e3e-b33e-1bc2c1da60f5:192.168.157.251:32952], old=null
2019-10-17 18:51:30,272 [b8f04e38-0663-4b1f-8efd-f76585c6e86c@group-5F52F902B742-LeaderElection448] INFO  impl.LeaderElection (LogUtils.java:infoOrTrace(149)) - b8f04e38-0663-4b1f-8efd-f76585c6e86c@group-5F52F902B742-LeaderElection448 got exception when requesting votes: {}
java.util.concurrent.ExecutionException: org.apache.ratis.thirdparty.io.grpc.StatusRuntimeException: UNAVAILABLE: io exception
	at java.util.concurrent.FutureTask.report(FutureTask.java:122)
	at java.util.concurrent.FutureTask.get(FutureTask.java:192)
	at org.apache.ratis.server.impl.LeaderElection.waitForResults(LeaderElection.java:259)
	at org.apache.ratis.server.impl.LeaderElection.askForVotes(LeaderElection.java:197)
	at org.apache.ratis.server.impl.LeaderElection.run(LeaderElection.java:133)
	at java.lang.Thread.run(Thread.java:748)
Caused by: org.apache.ratis.thirdparty.io.grpc.StatusRuntimeException: UNAVAILABLE: io exception
	at org.apache.ratis.thirdparty.io.grpc.stub.ClientCalls.toStatusRuntimeException(ClientCalls.java:233)
	at org.apache.ratis.thirdparty.io.grpc.stub.ClientCalls.getUnchecked(ClientCalls.java:214)
	at org.apache.ratis.thirdparty.io.grpc.stub.ClientCalls.blockingUnaryCall(ClientCalls.java:139)
	at org.apache.ratis.proto.grpc.RaftServerProtocolServiceGrpc$RaftServerProtocolServiceBlockingStub.requestVote(RaftServerProtocolServiceGrpc.java:265)
	at org.apache.ratis.grpc.server.GrpcServerProtocolClient.requestVote(GrpcServerProtocolClient.java:99)
	at org.apache.ratis.grpc.server.GrpcService.requestVote(GrpcService.java:204)
	at org.apache.ratis.server.impl.LeaderElection.lambda$submitRequests$1(LeaderElection.java:234)
	at java.util.concurrent.FutureTask.run(FutureTask.java:266)
	at java.util.concurrent.Executors$RunnableAdapter.call(Executors.java:511)
	at java.util.concurrent.FutureTask.run(FutureTask.java:266)
	at java.util.concurrent.ThreadPoolExecutor.runWorker(ThreadPoolExecutor.java:1149)
	at java.util.concurrent.ThreadPoolExecutor$Worker.run(ThreadPoolExecutor.java:624)
	... 1 more
Caused by: org.apache.ratis.thirdparty.io.netty.channel.AbstractChannel$AnnotatedConnectException: Connection refused: /192.168.157.251:46496
	at sun.nio.ch.SocketChannelImpl.checkConnect(Native Method)
	at sun.nio.ch.SocketChannelImpl.finishConnect(SocketChannelImpl.java:717)
	at org.apache.ratis.thirdparty.io.netty.channel.socket.nio.NioSocketChannel.doFinishConnect(NioSocketChannel.java:327)
	at org.apache.ratis.thirdparty.io.netty.channel.nio.AbstractNioChannel$AbstractNioUnsafe.finishConnect(AbstractNioChannel.java:340)
	at org.apache.ratis.thirdparty.io.netty.channel.nio.NioEventLoop.processSelectedKey(NioEventLoop.java:632)
	at org.apache.ratis.thirdparty.io.netty.channel.nio.NioEventLoop.processSelectedKeysOptimized(NioEventLoop.java:579)
	at org.apache.ratis.thirdparty.io.netty.channel.nio.NioEventLoop.processSelectedKeys(NioEventLoop.java:496)
	at org.apache.ratis.thirdparty.io.netty.channel.nio.NioEventLoop.run(NioEventLoop.java:458)
	at org.apache.ratis.thirdparty.io.netty.util.concurrent.SingleThreadEventExecutor$5.run(SingleThreadEventExecutor.java:897)
	at org.apache.ratis.thirdparty.io.netty.util.concurrent.FastThreadLocalRunnable.run(FastThreadLocalRunnable.java:30)
	... 1 more
Caused by: java.net.ConnectException: Connection refused
	... 11 more
2019-10-17 18:51:30,272 [b8f04e38-0663-4b1f-8efd-f76585c6e86c@group-5F52F902B742-LeaderElection448] INFO  impl.LeaderElection (LogUtils.java:infoOrTrace(149)) - b8f04e38-0663-4b1f-8efd-f76585c6e86c@group-5F52F902B742-LeaderElection448 got exception when requesting votes: {}
java.util.concurrent.ExecutionException: org.apache.ratis.thirdparty.io.grpc.StatusRuntimeException: UNAVAILABLE: io exception
	at java.util.concurrent.FutureTask.report(FutureTask.java:122)
	at java.util.concurrent.FutureTask.get(FutureTask.java:192)
	at org.apache.ratis.server.impl.LeaderElection.waitForResults(LeaderElection.java:259)
	at org.apache.ratis.server.impl.LeaderElection.askForVotes(LeaderElection.java:197)
	at org.apache.ratis.server.impl.LeaderElection.run(LeaderElection.java:133)
	at java.lang.Thread.run(Thread.java:748)
Caused by: org.apache.ratis.thirdparty.io.grpc.StatusRuntimeException: UNAVAILABLE: io exception
	at org.apache.ratis.thirdparty.io.grpc.stub.ClientCalls.toStatusRuntimeException(ClientCalls.java:233)
	at org.apache.ratis.thirdparty.io.grpc.stub.ClientCalls.getUnchecked(ClientCalls.java:214)
	at org.apache.ratis.thirdparty.io.grpc.stub.ClientCalls.blockingUnaryCall(ClientCalls.java:139)
	at org.apache.ratis.proto.grpc.RaftServerProtocolServiceGrpc$RaftServerProtocolServiceBlockingStub.requestVote(RaftServerProtocolServiceGrpc.java:265)
	at org.apache.ratis.grpc.server.GrpcServerProtocolClient.requestVote(GrpcServerProtocolClient.java:99)
	at org.apache.ratis.grpc.server.GrpcService.requestVote(GrpcService.java:204)
	at org.apache.ratis.server.impl.LeaderElection.lambda$submitRequests$1(LeaderElection.java:234)
	at java.util.concurrent.FutureTask.run(FutureTask.java:266)
	at java.util.concurrent.Executors$RunnableAdapter.call(Executors.java:511)
	at java.util.concurrent.FutureTask.run(FutureTask.java:266)
	at java.util.concurrent.ThreadPoolExecutor.runWorker(ThreadPoolExecutor.java:1149)
	at java.util.concurrent.ThreadPoolExecutor$Worker.run(ThreadPoolExecutor.java:624)
	... 1 more
Caused by: org.apache.ratis.thirdparty.io.netty.channel.AbstractChannel$AnnotatedConnectException: Connection refused: /192.168.157.251:32952
	at sun.nio.ch.SocketChannelImpl.checkConnect(Native Method)
	at sun.nio.ch.SocketChannelImpl.finishConnect(SocketChannelImpl.java:717)
	at org.apache.ratis.thirdparty.io.netty.channel.socket.nio.NioSocketChannel.doFinishConnect(NioSocketChannel.java:327)
	at org.apache.ratis.thirdparty.io.netty.channel.nio.AbstractNioChannel$AbstractNioUnsafe.finishConnect(AbstractNioChannel.java:340)
	at org.apache.ratis.thirdparty.io.netty.channel.nio.NioEventLoop.processSelectedKey(NioEventLoop.java:632)
	at org.apache.ratis.thirdparty.io.netty.channel.nio.NioEventLoop.processSelectedKeysOptimized(NioEventLoop.java:579)
	at org.apache.ratis.thirdparty.io.netty.channel.nio.NioEventLoop.processSelectedKeys(NioEventLoop.java:496)
	at org.apache.ratis.thirdparty.io.netty.channel.nio.NioEventLoop.run(NioEventLoop.java:458)
	at org.apache.ratis.thirdparty.io.netty.util.concurrent.SingleThreadEventExecutor$5.run(SingleThreadEventExecutor.java:897)
	at org.apache.ratis.thirdparty.io.netty.util.concurrent.FastThreadLocalRunnable.run(FastThreadLocalRunnable.java:30)
	... 1 more
Caused by: java.net.ConnectException: Connection refused
	... 11 more
2019-10-17 18:51:30,273 [b8f04e38-0663-4b1f-8efd-f76585c6e86c@group-5F52F902B742-LeaderElection448] INFO  impl.LeaderElection (LeaderElection.java:logAndReturn(56)) - b8f04e38-0663-4b1f-8efd-f76585c6e86c@group-5F52F902B742-LeaderElection448: Election REJECTED; received 0 response(s) [] and 2 exception(s); b8f04e38-0663-4b1f-8efd-f76585c6e86c@group-5F52F902B742:t211, leader=null, voted=b8f04e38-0663-4b1f-8efd-f76585c6e86c, raftlog=b8f04e38-0663-4b1f-8efd-f76585c6e86c@group-5F52F902B742-SegmentedRaftLog:OPENED:c-1,f0,i0, conf=0: [b8f04e38-0663-4b1f-8efd-f76585c6e86c:192.168.157.251:35700, abcd8826-c056-4817-bd0f-7af19a46d814:192.168.157.251:46496, 73297ffa-40cb-4e3e-b33e-1bc2c1da60f5:192.168.157.251:32952], old=null
2019-10-17 18:51:30,273 [b8f04e38-0663-4b1f-8efd-f76585c6e86c@group-5F52F902B742-LeaderElection448] INFO  impl.LeaderElection (LogUtils.java:infoOrTrace(149)) -   Exception 0: {}
java.util.concurrent.ExecutionException: org.apache.ratis.thirdparty.io.grpc.StatusRuntimeException: UNAVAILABLE: io exception
	at java.util.concurrent.FutureTask.report(FutureTask.java:122)
	at java.util.concurrent.FutureTask.get(FutureTask.java:192)
	at org.apache.ratis.server.impl.LeaderElection.waitForResults(LeaderElection.java:259)
	at org.apache.ratis.server.impl.LeaderElection.askForVotes(LeaderElection.java:197)
	at org.apache.ratis.server.impl.LeaderElection.run(LeaderElection.java:133)
	at java.lang.Thread.run(Thread.java:748)
Caused by: org.apache.ratis.thirdparty.io.grpc.StatusRuntimeException: UNAVAILABLE: io exception
	at org.apache.ratis.thirdparty.io.grpc.stub.ClientCalls.toStatusRuntimeException(ClientCalls.java:233)
	at org.apache.ratis.thirdparty.io.grpc.stub.ClientCalls.getUnchecked(ClientCalls.java:214)
	at org.apache.ratis.thirdparty.io.grpc.stub.ClientCalls.blockingUnaryCall(ClientCalls.java:139)
	at org.apache.ratis.proto.grpc.RaftServerProtocolServiceGrpc$RaftServerProtocolServiceBlockingStub.requestVote(RaftServerProtocolServiceGrpc.java:265)
	at org.apache.ratis.grpc.server.GrpcServerProtocolClient.requestVote(GrpcServerProtocolClient.java:99)
	at org.apache.ratis.grpc.server.GrpcService.requestVote(GrpcService.java:204)
	at org.apache.ratis.server.impl.LeaderElection.lambda$submitRequests$1(LeaderElection.java:234)
	at java.util.concurrent.FutureTask.run(FutureTask.java:266)
	at java.util.concurrent.Executors$RunnableAdapter.call(Executors.java:511)
	at java.util.concurrent.FutureTask.run(FutureTask.java:266)
	at java.util.concurrent.ThreadPoolExecutor.runWorker(ThreadPoolExecutor.java:1149)
	at java.util.concurrent.ThreadPoolExecutor$Worker.run(ThreadPoolExecutor.java:624)
	... 1 more
Caused by: org.apache.ratis.thirdparty.io.netty.channel.AbstractChannel$AnnotatedConnectException: Connection refused: /192.168.157.251:46496
	at sun.nio.ch.SocketChannelImpl.checkConnect(Native Method)
	at sun.nio.ch.SocketChannelImpl.finishConnect(SocketChannelImpl.java:717)
	at org.apache.ratis.thirdparty.io.netty.channel.socket.nio.NioSocketChannel.doFinishConnect(NioSocketChannel.java:327)
	at org.apache.ratis.thirdparty.io.netty.channel.nio.AbstractNioChannel$AbstractNioUnsafe.finishConnect(AbstractNioChannel.java:340)
	at org.apache.ratis.thirdparty.io.netty.channel.nio.NioEventLoop.processSelectedKey(NioEventLoop.java:632)
	at org.apache.ratis.thirdparty.io.netty.channel.nio.NioEventLoop.processSelectedKeysOptimized(NioEventLoop.java:579)
	at org.apache.ratis.thirdparty.io.netty.channel.nio.NioEventLoop.processSelectedKeys(NioEventLoop.java:496)
	at org.apache.ratis.thirdparty.io.netty.channel.nio.NioEventLoop.run(NioEventLoop.java:458)
	at org.apache.ratis.thirdparty.io.netty.util.concurrent.SingleThreadEventExecutor$5.run(SingleThreadEventExecutor.java:897)
	at org.apache.ratis.thirdparty.io.netty.util.concurrent.FastThreadLocalRunnable.run(FastThreadLocalRunnable.java:30)
	... 1 more
Caused by: java.net.ConnectException: Connection refused
	... 11 more
2019-10-17 18:51:30,274 [b8f04e38-0663-4b1f-8efd-f76585c6e86c@group-5F52F902B742-LeaderElection448] INFO  impl.LeaderElection (LogUtils.java:infoOrTrace(149)) -   Exception 1: {}
java.util.concurrent.ExecutionException: org.apache.ratis.thirdparty.io.grpc.StatusRuntimeException: UNAVAILABLE: io exception
	at java.util.concurrent.FutureTask.report(FutureTask.java:122)
	at java.util.concurrent.FutureTask.get(FutureTask.java:192)
	at org.apache.ratis.server.impl.LeaderElection.waitForResults(LeaderElection.java:259)
	at org.apache.ratis.server.impl.LeaderElection.askForVotes(LeaderElection.java:197)
	at org.apache.ratis.server.impl.LeaderElection.run(LeaderElection.java:133)
	at java.lang.Thread.run(Thread.java:748)
Caused by: org.apache.ratis.thirdparty.io.grpc.StatusRuntimeException: UNAVAILABLE: io exception
	at org.apache.ratis.thirdparty.io.grpc.stub.ClientCalls.toStatusRuntimeException(ClientCalls.java:233)
	at org.apache.ratis.thirdparty.io.grpc.stub.ClientCalls.getUnchecked(ClientCalls.java:214)
	at org.apache.ratis.thirdparty.io.grpc.stub.ClientCalls.blockingUnaryCall(ClientCalls.java:139)
	at org.apache.ratis.proto.grpc.RaftServerProtocolServiceGrpc$RaftServerProtocolServiceBlockingStub.requestVote(RaftServerProtocolServiceGrpc.java:265)
	at org.apache.ratis.grpc.server.GrpcServerProtocolClient.requestVote(GrpcServerProtocolClient.java:99)
	at org.apache.ratis.grpc.server.GrpcService.requestVote(GrpcService.java:204)
	at org.apache.ratis.server.impl.LeaderElection.lambda$submitRequests$1(LeaderElection.java:234)
	at java.util.concurrent.FutureTask.run(FutureTask.java:266)
	at java.util.concurrent.Executors$RunnableAdapter.call(Executors.java:511)
	at java.util.concurrent.FutureTask.run(FutureTask.java:266)
	at java.util.concurrent.ThreadPoolExecutor.runWorker(ThreadPoolExecutor.java:1149)
	at java.util.concurrent.ThreadPoolExecutor$Worker.run(ThreadPoolExecutor.java:624)
	... 1 more
Caused by: org.apache.ratis.thirdparty.io.netty.channel.AbstractChannel$AnnotatedConnectException: Connection refused: /192.168.157.251:32952
	at sun.nio.ch.SocketChannelImpl.checkConnect(Native Method)
	at sun.nio.ch.SocketChannelImpl.finishConnect(SocketChannelImpl.java:717)
	at org.apache.ratis.thirdparty.io.netty.channel.socket.nio.NioSocketChannel.doFinishConnect(NioSocketChannel.java:327)
	at org.apache.ratis.thirdparty.io.netty.channel.nio.AbstractNioChannel$AbstractNioUnsafe.finishConnect(AbstractNioChannel.java:340)
	at org.apache.ratis.thirdparty.io.netty.channel.nio.NioEventLoop.processSelectedKey(NioEventLoop.java:632)
	at org.apache.ratis.thirdparty.io.netty.channel.nio.NioEventLoop.processSelectedKeysOptimized(NioEventLoop.java:579)
	at org.apache.ratis.thirdparty.io.netty.channel.nio.NioEventLoop.processSelectedKeys(NioEventLoop.java:496)
	at org.apache.ratis.thirdparty.io.netty.channel.nio.NioEventLoop.run(NioEventLoop.java:458)
	at org.apache.ratis.thirdparty.io.netty.util.concurrent.SingleThreadEventExecutor$5.run(SingleThreadEventExecutor.java:897)
	at org.apache.ratis.thirdparty.io.netty.util.concurrent.FastThreadLocalRunnable.run(FastThreadLocalRunnable.java:30)
	... 1 more
Caused by: java.net.ConnectException: Connection refused
	... 11 more
2019-10-17 18:51:30,274 [b8f04e38-0663-4b1f-8efd-f76585c6e86c@group-5F52F902B742-LeaderElection448] INFO  impl.RaftServerImpl (RaftServerImpl.java:setRole(184)) - b8f04e38-0663-4b1f-8efd-f76585c6e86c@group-5F52F902B742: changes role from CANDIDATE to FOLLOWER at term 211 for DISCOVERED_A_NEW_TERM
2019-10-17 18:51:30,274 [b8f04e38-0663-4b1f-8efd-f76585c6e86c@group-5F52F902B742-LeaderElection448] INFO  impl.RoleInfo (RoleInfo.java:shutdownLeaderElection(134)) - b8f04e38-0663-4b1f-8efd-f76585c6e86c: shutdown LeaderElection
2019-10-17 18:51:30,274 [b8f04e38-0663-4b1f-8efd-f76585c6e86c@group-5F52F902B742-LeaderElection448] INFO  impl.RoleInfo (RoleInfo.java:updateAndGet(143)) - b8f04e38-0663-4b1f-8efd-f76585c6e86c: start FollowerState
2019-10-17 18:51:30,377 [java.util.concurrent.ThreadPoolExecutor$Worker@5bc0d76f[State = -1, empty queue]] WARN  server.GrpcLogAppender (GrpcLogAppender.java:timeoutAppendRequest(209)) - 8f4f8799-ef18-41e5-9bb8-2f724208e999@group-9D6F8169C5E6->0fe4833c-4439-4309-b94b-508419b07a37-GrpcLogAppender: appendEntries Timeout, request=8f4f8799-ef18-41e5-9bb8-2f724208e999->0fe4833c-4439-4309-b94b-508419b07a37#102-t7, previous=(t:7, i:19), leaderCommit=19, initializing? false, entries: <empty>
2019-10-17 18:51:30,400 [java.util.concurrent.ThreadPoolExecutor$Worker@29d0258b[State = -1, empty queue]] WARN  server.GrpcLogAppender (GrpcLogAppender.java:timeoutAppendRequest(209)) - 8f4f8799-ef18-41e5-9bb8-2f724208e999@group-9D6F8169C5E6->de8c9e34-1a4b-4ad8-952a-c65e9c1604e8-GrpcLogAppender: appendEntries Timeout, request=8f4f8799-ef18-41e5-9bb8-2f724208e999->de8c9e34-1a4b-4ad8-952a-c65e9c1604e8#102-t7, previous=(t:7, i:19), leaderCommit=19, initializing? false, entries: <empty>
2019-10-17 18:51:30,582 [main] INFO  ozoneimpl.OzoneContainer (OzoneContainer.java:stop(227)) - Attempting to stop container services.
2019-10-17 18:51:30,583 [main] INFO  impl.RaftServerProxy (RaftServerProxy.java:lambda$close$4(314)) - 8f4f8799-ef18-41e5-9bb8-2f724208e999: close
2019-10-17 18:51:30,583 [ForkJoinPool.commonPool-worker-0] INFO  ozoneimpl.OzoneContainer (OzoneContainer.java:stop(227)) - Attempting to stop container services.
2019-10-17 18:51:30,584 [main] INFO  impl.RaftServerImpl (RaftServerImpl.java:lambda$shutdown$3(261)) - 8f4f8799-ef18-41e5-9bb8-2f724208e999@group-9D6F8169C5E6: shutdown
2019-10-17 18:51:30,584 [ForkJoinPool.commonPool-worker-0] INFO  impl.RaftServerProxy (RaftServerProxy.java:lambda$close$4(314)) - b8f04e38-0663-4b1f-8efd-f76585c6e86c: close
2019-10-17 18:51:30,584 [main] INFO  util.JmxRegister (JmxRegister.java:unregister(73)) - Successfully un-registered JMX Bean with object name Ratis:service=RaftServer,group=group-9D6F8169C5E6,id=8f4f8799-ef18-41e5-9bb8-2f724208e999
2019-10-17 18:51:30,584 [ForkJoinPool.commonPool-worker-0] INFO  impl.RaftServerImpl (RaftServerImpl.java:lambda$shutdown$3(261)) - b8f04e38-0663-4b1f-8efd-f76585c6e86c@group-9EB148ACE666: shutdown
2019-10-17 18:51:30,585 [main] INFO  impl.RoleInfo (RoleInfo.java:shutdownLeaderState(104)) - 8f4f8799-ef18-41e5-9bb8-2f724208e999: shutdown LeaderState
2019-10-17 18:51:30,585 [ForkJoinPool.commonPool-worker-0] INFO  util.JmxRegister (JmxRegister.java:unregister(73)) - Successfully un-registered JMX Bean with object name Ratis:service=RaftServer,group=group-9EB148ACE666,id=b8f04e38-0663-4b1f-8efd-f76585c6e86c
2019-10-17 18:51:30,589 [ForkJoinPool.commonPool-worker-0] INFO  impl.RoleInfo (RoleInfo.java:shutdownLeaderState(104)) - b8f04e38-0663-4b1f-8efd-f76585c6e86c: shutdown LeaderState
2019-10-17 18:51:30,589 [org.apache.ratis.server.impl.LogAppender$AppenderDaemon$$Lambda$419/657957689@280b9396] WARN  server.GrpcLogAppender (GrpcLogAppender.java:mayWait(149)) - 8f4f8799-ef18-41e5-9bb8-2f724208e999@group-9D6F8169C5E6->de8c9e34-1a4b-4ad8-952a-c65e9c1604e8-GrpcLogAppender: Wait interrupted by java.lang.InterruptedException
2019-10-17 18:51:30,589 [main] INFO  impl.PendingRequests (PendingRequests.java:sendNotLeaderResponses(202)) - 8f4f8799-ef18-41e5-9bb8-2f724208e999@group-9D6F8169C5E6-PendingRequests: sendNotLeaderResponses
2019-10-17 18:51:30,589 [org.apache.ratis.server.impl.LogAppender$AppenderDaemon$$Lambda$419/657957689@1958ad79] WARN  server.GrpcLogAppender (GrpcLogAppender.java:mayWait(149)) - 8f4f8799-ef18-41e5-9bb8-2f724208e999@group-9D6F8169C5E6->0fe4833c-4439-4309-b94b-508419b07a37-GrpcLogAppender: Wait interrupted by java.lang.InterruptedException
2019-10-17 18:51:30,589 [ForkJoinPool.commonPool-worker-0] INFO  impl.PendingRequests (PendingRequests.java:sendNotLeaderResponses(202)) - b8f04e38-0663-4b1f-8efd-f76585c6e86c@group-9EB148ACE666-PendingRequests: sendNotLeaderResponses
2019-10-17 18:51:30,592 [ForkJoinPool.commonPool-worker-0] INFO  impl.StateMachineUpdater (StateMachineUpdater.java:stopAndJoin(136)) - b8f04e38-0663-4b1f-8efd-f76585c6e86c@group-9EB148ACE666-StateMachineUpdater: set stopIndex = 0
2019-10-17 18:51:30,593 [main] INFO  impl.StateMachineUpdater (StateMachineUpdater.java:stopAndJoin(136)) - 8f4f8799-ef18-41e5-9bb8-2f724208e999@group-9D6F8169C5E6-StateMachineUpdater: set stopIndex = 19
2019-10-17 18:51:30,593 [ForkJoinPool.commonPool-worker-0] INFO  impl.RaftServerImpl (ServerState.java:close(388)) - b8f04e38-0663-4b1f-8efd-f76585c6e86c@group-9EB148ACE666: closes. applyIndex: 0
2019-10-17 18:51:30,593 [8f4f8799-ef18-41e5-9bb8-2f724208e999@group-9D6F8169C5E6-StateMachineUpdater] INFO  ratis.ContainerStateMachine (ContainerStateMachine.java:takeSnapshot(294)) - group-9D6F8169C5E6: Taking a snapshot at:(t:7, i:19) file /workdir/hadoop-ozone/integration-test/target/test-dir/MiniOzoneClusterImpl-1add80d3-0bcb-487c-a891-e654dcc55690/datanode-7/data/ratis/975d0cea-1227-4002-9576-9d6f8169c5e6/sm/snapshot.7_19
2019-10-17 18:51:30,594 [b8f04e38-0663-4b1f-8efd-f76585c6e86c@group-9EB148ACE666-SegmentedRaftLogWorker] INFO  segmented.SegmentedRaftLogWorker (SegmentedRaftLogWorker.java:run(316)) - b8f04e38-0663-4b1f-8efd-f76585c6e86c@group-9EB148ACE666-SegmentedRaftLogWorker was interrupted, exiting. There are 0 tasks remaining in the queue.
2019-10-17 18:51:30,595 [ForkJoinPool.commonPool-worker-0] INFO  segmented.SegmentedRaftLogWorker (SegmentedRaftLogWorker.java:close(224)) - b8f04e38-0663-4b1f-8efd-f76585c6e86c@group-9EB148ACE666-SegmentedRaftLogWorker close()
2019-10-17 18:51:30,596 [ForkJoinPool.commonPool-worker-0] INFO  impl.RaftServerImpl (RaftServerImpl.java:lambda$shutdown$3(261)) - b8f04e38-0663-4b1f-8efd-f76585c6e86c@group-5F52F902B742: shutdown
2019-10-17 18:51:30,596 [ForkJoinPool.commonPool-worker-0] INFO  util.JmxRegister (JmxRegister.java:unregister(73)) - Successfully un-registered JMX Bean with object name Ratis:service=RaftServer,group=group-5F52F902B742,id=b8f04e38-0663-4b1f-8efd-f76585c6e86c
2019-10-17 18:51:30,597 [ForkJoinPool.commonPool-worker-0] INFO  impl.RoleInfo (RoleInfo.java:shutdownFollowerState(121)) - b8f04e38-0663-4b1f-8efd-f76585c6e86c: shutdown FollowerState
2019-10-17 18:51:30,597 [ForkJoinPool.commonPool-worker-0] INFO  impl.StateMachineUpdater (StateMachineUpdater.java:stopAndJoin(136)) - b8f04e38-0663-4b1f-8efd-f76585c6e86c@group-5F52F902B742-StateMachineUpdater: set stopIndex = -1
2019-10-17 18:51:30,597 [Thread-3341] INFO  impl.FollowerState (FollowerState.java:run(117)) - b8f04e38-0663-4b1f-8efd-f76585c6e86c@group-5F52F902B742-FollowerState was interrupted: java.lang.InterruptedException: sleep interrupted
2019-10-17 18:51:30,597 [ForkJoinPool.commonPool-worker-0] INFO  impl.RaftServerImpl (ServerState.java:close(388)) - b8f04e38-0663-4b1f-8efd-f76585c6e86c@group-5F52F902B742: closes. applyIndex: -1
2019-10-17 18:51:30,597 [b8f04e38-0663-4b1f-8efd-f76585c6e86c@group-5F52F902B742-SegmentedRaftLogWorker] INFO  segmented.SegmentedRaftLogWorker (SegmentedRaftLogWorker.java:run(316)) - b8f04e38-0663-4b1f-8efd-f76585c6e86c@group-5F52F902B742-SegmentedRaftLogWorker was interrupted, exiting. There are 0 tasks remaining in the queue.
2019-10-17 18:51:30,598 [ForkJoinPool.commonPool-worker-0] INFO  segmented.SegmentedRaftLogWorker (SegmentedRaftLogWorker.java:close(224)) - b8f04e38-0663-4b1f-8efd-f76585c6e86c@group-5F52F902B742-SegmentedRaftLogWorker close()
2019-10-17 18:51:30,599 [ForkJoinPool.commonPool-worker-0] INFO  server.GrpcService (GrpcService.java:closeImpl(164)) - b8f04e38-0663-4b1f-8efd-f76585c6e86c: shutdown server with port 35700 now
2019-10-17 18:51:30,601 [ForkJoinPool.commonPool-worker-0] INFO  server.GrpcService (GrpcService.java:closeImpl(172)) - b8f04e38-0663-4b1f-8efd-f76585c6e86c: shutdown server with port 35700 successfully
2019-10-17 18:51:30,603 [refreshUsed-/workdir/hadoop-ozone/integration-test/target/test-dir/MiniOzoneClusterImpl-1add80d3-0bcb-487c-a891-e654dcc55690/datanode-1/data/containers] WARN  fs.CachingGetSpaceUsed (CachingGetSpaceUsed.java:run(183)) - Thread Interrupted waiting to refresh disk information: sleep interrupted
2019-10-17 18:51:30,626 [ForkJoinPool.commonPool-worker-0] INFO  utils.BackgroundService (BackgroundService.java:shutdown(151)) - Shutting down service BlockDeletingService
2019-10-17 18:51:30,629 [ForkJoinPool.commonPool-worker-0] INFO  statemachine.DatanodeStateMachine (DatanodeStateMachine.java:stopDaemon(395)) - Ozone container server stopped.
2019-10-17 18:51:30,633 [ForkJoinPool.commonPool-worker-0] INFO  handler.ContextHandler (ContextHandler.java:doStop(910)) - Stopped o.e.j.w.WebAppContext@17f2dd85{/,null,UNAVAILABLE}{/hddsDatanode}
2019-10-17 18:51:30,634 [ForkJoinPool.commonPool-worker-0] INFO  server.AbstractConnector (AbstractConnector.java:doStop(318)) - Stopped ServerConnector@1e58512c{HTTP/1.1,[http/1.1]}{0.0.0.0:0}
2019-10-17 18:51:30,635 [ForkJoinPool.commonPool-worker-0] INFO  handler.ContextHandler (ContextHandler.java:doStop(910)) - Stopped o.e.j.s.ServletContextHandler@65bdd558{/static,jar:file:/home/user/.m2/repository/org/apache/hadoop/hadoop-hdds-container-service/0.5.0-SNAPSHOT/hadoop-hdds-container-service-0.5.0-SNAPSHOT.jar!/webapps/static,UNAVAILABLE}
2019-10-17 18:51:30,636 [ForkJoinPool.commonPool-worker-0] INFO  handler.ContextHandler (ContextHandler.java:doStop(910)) - Stopped o.e.j.s.ServletContextHandler@fab35b1{/logs,file:///workdir/hadoop-ozone/integration-test/target/log,UNAVAILABLE}
2019-10-17 18:51:30,637 [ForkJoinPool.commonPool-worker-0] INFO  impl.RaftServerImpl (RaftServerImpl.java:lambda$shutdown$3(261)) - 8f4f8799-ef18-41e5-9bb8-2f724208e999@group-8CCBB3701380: shutdown
2019-10-17 18:51:30,637 [ForkJoinPool.commonPool-worker-0] INFO  util.JmxRegister (JmxRegister.java:unregister(73)) - Successfully un-registered JMX Bean with object name Ratis:service=RaftServer,group=group-8CCBB3701380,id=8f4f8799-ef18-41e5-9bb8-2f724208e999
2019-10-17 18:51:30,637 [ForkJoinPool.commonPool-worker-0] INFO  impl.RoleInfo (RoleInfo.java:shutdownLeaderState(104)) - 8f4f8799-ef18-41e5-9bb8-2f724208e999: shutdown LeaderState
2019-10-17 18:51:30,638 [ForkJoinPool.commonPool-worker-0] INFO  impl.PendingRequests (PendingRequests.java:sendNotLeaderResponses(202)) - 8f4f8799-ef18-41e5-9bb8-2f724208e999@group-8CCBB3701380-PendingRequests: sendNotLeaderResponses
2019-10-17 18:51:30,638 [ForkJoinPool.commonPool-worker-0] INFO  impl.StateMachineUpdater (StateMachineUpdater.java:stopAndJoin(136)) - 8f4f8799-ef18-41e5-9bb8-2f724208e999@group-8CCBB3701380-StateMachineUpdater: set stopIndex = 0
2019-10-17 18:51:30,638 [ForkJoinPool.commonPool-worker-0] INFO  impl.RaftServerImpl (ServerState.java:close(388)) - 8f4f8799-ef18-41e5-9bb8-2f724208e999@group-8CCBB3701380: closes. applyIndex: 0
2019-10-17 18:51:30,638 [8f4f8799-ef18-41e5-9bb8-2f724208e999@group-8CCBB3701380-SegmentedRaftLogWorker] INFO  segmented.SegmentedRaftLogWorker (SegmentedRaftLogWorker.java:run(316)) - 8f4f8799-ef18-41e5-9bb8-2f724208e999@group-8CCBB3701380-SegmentedRaftLogWorker was interrupted, exiting. There are 0 tasks remaining in the queue.
2019-10-17 18:51:30,643 [ForkJoinPool.commonPool-worker-0] INFO  segmented.SegmentedRaftLogWorker (SegmentedRaftLogWorker.java:close(224)) - 8f4f8799-ef18-41e5-9bb8-2f724208e999@group-8CCBB3701380-SegmentedRaftLogWorker close()
2019-10-17 18:51:30,652 [8f4f8799-ef18-41e5-9bb8-2f724208e999@group-9D6F8169C5E6-StateMachineUpdater] INFO  ratis.ContainerStateMachine (ContainerStateMachine.java:takeSnapshot(305)) - group-9D6F8169C5E6: Finished taking a snapshot at:(t:7, i:19) file:/workdir/hadoop-ozone/integration-test/target/test-dir/MiniOzoneClusterImpl-1add80d3-0bcb-487c-a891-e654dcc55690/datanode-7/data/ratis/975d0cea-1227-4002-9576-9d6f8169c5e6/sm/snapshot.7_19 time:59
2019-10-17 18:51:30,653 [8f4f8799-ef18-41e5-9bb8-2f724208e999@group-9D6F8169C5E6-StateMachineUpdater] INFO  impl.StateMachineUpdater (StateMachineUpdater.java:takeSnapshot(269)) - 8f4f8799-ef18-41e5-9bb8-2f724208e999@group-9D6F8169C5E6-StateMachineUpdater: Took a snapshot at index 19
2019-10-17 18:51:30,653 [8f4f8799-ef18-41e5-9bb8-2f724208e999@group-9D6F8169C5E6-StateMachineUpdater] INFO  impl.StateMachineUpdater (StateMachineUpdater.java:lambda$new$0(84)) - 8f4f8799-ef18-41e5-9bb8-2f724208e999@group-9D6F8169C5E6-StateMachineUpdater: snapshotIndex: updateIncreasingly -1 -> 19
2019-10-17 18:51:30,653 [main] INFO  impl.RaftServerImpl (ServerState.java:close(388)) - 8f4f8799-ef18-41e5-9bb8-2f724208e999@group-9D6F8169C5E6: closes. applyIndex: 19
2019-10-17 18:51:30,654 [8f4f8799-ef18-41e5-9bb8-2f724208e999@group-9D6F8169C5E6-SegmentedRaftLogWorker] INFO  segmented.SegmentedRaftLogWorker (SegmentedRaftLogWorker.java:run(316)) - 8f4f8799-ef18-41e5-9bb8-2f724208e999@group-9D6F8169C5E6-SegmentedRaftLogWorker was interrupted, exiting. There are 0 tasks remaining in the queue.
2019-10-17 18:51:30,654 [main] INFO  segmented.SegmentedRaftLogWorker (SegmentedRaftLogWorker.java:close(224)) - 8f4f8799-ef18-41e5-9bb8-2f724208e999@group-9D6F8169C5E6-SegmentedRaftLogWorker close()
2019-10-17 18:51:30,655 [main] INFO  server.GrpcService (GrpcService.java:closeImpl(164)) - 8f4f8799-ef18-41e5-9bb8-2f724208e999: shutdown server with port 33259 now
2019-10-17 18:51:30,656 [main] INFO  server.GrpcService (GrpcService.java:closeImpl(172)) - 8f4f8799-ef18-41e5-9bb8-2f724208e999: shutdown server with port 33259 successfully
2019-10-17 18:51:30,658 [grpc-default-executor-0] WARN  client.GrpcClientProtocolService (LogUtils.java:warn(134)) - 1-UnorderedRequestStreamObserver1: onError: org.apache.ratis.thirdparty.io.grpc.StatusRuntimeException: CANCELLED: cancelled before receiving half close
2019-10-17 18:51:30,661 [refreshUsed-/workdir/hadoop-ozone/integration-test/target/test-dir/MiniOzoneClusterImpl-1add80d3-0bcb-487c-a891-e654dcc55690/datanode-7/data/containers] WARN  fs.CachingGetSpaceUsed (CachingGetSpaceUsed.java:run(183)) - Thread Interrupted waiting to refresh disk information: sleep interrupted
2019-10-17 18:51:30,679 [main] INFO  utils.BackgroundService (BackgroundService.java:shutdown(151)) - Shutting down service BlockDeletingService
2019-10-17 18:51:30,682 [main] INFO  statemachine.DatanodeStateMachine (DatanodeStateMachine.java:stopDaemon(395)) - Ozone container server stopped.
2019-10-17 18:51:30,683 [main] INFO  handler.ContextHandler (ContextHandler.java:doStop(910)) - Stopped o.e.j.w.WebAppContext@10f7918f{/,null,UNAVAILABLE}{/hddsDatanode}
2019-10-17 18:51:30,684 [main] INFO  server.AbstractConnector (AbstractConnector.java:doStop(318)) - Stopped ServerConnector@64d4f7c7{HTTP/1.1,[http/1.1]}{0.0.0.0:0}
2019-10-17 18:51:30,684 [main] INFO  handler.ContextHandler (ContextHandler.java:doStop(910)) - Stopped o.e.j.s.ServletContextHandler@1352434e{/static,jar:file:/home/user/.m2/repository/org/apache/hadoop/hadoop-hdds-container-service/0.5.0-SNAPSHOT/hadoop-hdds-container-service-0.5.0-SNAPSHOT.jar!/webapps/static,UNAVAILABLE}
2019-10-17 18:51:30,685 [main] INFO  handler.ContextHandler (ContextHandler.java:doStop(910)) - Stopped o.e.j.s.ServletContextHandler@12eedfee{/logs,file:///workdir/hadoop-ozone/integration-test/target/log,UNAVAILABLE}
2019-10-17 18:51:30,685 [main] INFO  ozone.MiniOzoneClusterImpl (MiniOzoneClusterImpl.java:stopSCM(392)) - Stopping the StorageContainerManager
2019-10-17 18:51:30,686 [main] INFO  server.StorageContainerManager (StorageContainerManager.java:stop(810)) - Stopping Replication Manager Service.
2019-10-17 18:51:30,686 [main] INFO  container.ReplicationManager (ReplicationManager.java:stop(203)) - Stopping Replication Monitor Thread.
2019-10-17 18:51:30,686 [main] INFO  server.StorageContainerManager (StorageContainerManager.java:stop(817)) - Stopping Lease Manager of the command watchers
2019-10-17 18:51:30,686 [main] INFO  server.StorageContainerManager (StorageContainerManager.java:stop(824)) - Stopping datanode service RPC server
2019-10-17 18:51:30,687 [main] INFO  server.SCMDatanodeProtocolServer (SCMDatanodeProtocolServer.java:stop(346)) - Stopping the RPC server for DataNodes
2019-10-17 18:51:30,687 [main] INFO  ipc.Server (Server.java:stop(3082)) - Stopping server on 38637
2019-10-17 18:51:30,688 [IPC Server listener on 38637] INFO  ipc.Server (Server.java:run(1185)) - Stopping IPC Server listener on 38637
2019-10-17 18:51:30,689 [IPC Server Responder] INFO  ipc.Server (Server.java:run(1319)) - Stopping IPC Server Responder
2019-10-17 18:51:30,712 [SCM Heartbeat Processing Thread - 0] WARN  node.NodeStateManager (NodeStateManager.java:scheduleNextHealthCheck(646)) - Current Thread is interrupted, shutting down HB processing thread for Node Manager.
2019-10-17 18:51:30,712 [main] INFO  server.StorageContainerManager (StorageContainerManager.java:stop(832)) - Stopping block service RPC server
2019-10-17 18:51:30,713 [main] INFO  server.SCMBlockProtocolServer (SCMBlockProtocolServer.java:stop(155)) - Stopping the RPC server for Block Protocol
2019-10-17 18:51:30,713 [main] INFO  ipc.Server (Server.java:stop(3082)) - Stopping server on 36143
2019-10-17 18:51:30,714 [IPC Server listener on 36143] INFO  ipc.Server (Server.java:run(1185)) - Stopping IPC Server listener on 36143
2019-10-17 18:51:30,714 [main] INFO  server.StorageContainerManager (StorageContainerManager.java:stop(839)) - Stopping the StorageContainerLocationProtocol RPC server
2019-10-17 18:51:30,715 [IPC Server Responder] INFO  ipc.Server (Server.java:run(1319)) - Stopping IPC Server Responder
2019-10-17 18:51:30,715 [main] INFO  server.SCMClientProtocolServer (SCMClientProtocolServer.java:stop(168)) - Stopping the RPC server for Client Protocol
2019-10-17 18:51:30,715 [main] INFO  ipc.Server (Server.java:stop(3082)) - Stopping server on 38327
2019-10-17 18:51:30,716 [IPC Server listener on 38327] INFO  ipc.Server (Server.java:run(1185)) - Stopping IPC Server listener on 38327
2019-10-17 18:51:30,716 [main] INFO  server.StorageContainerManager (StorageContainerManager.java:stop(846)) - Stopping Storage Container Manager HTTP server.
2019-10-17 18:51:30,716 [IPC Server Responder] INFO  ipc.Server (Server.java:run(1319)) - Stopping IPC Server Responder
2019-10-17 18:51:30,718 [main] INFO  handler.ContextHandler (ContextHandler.java:doStop(910)) - Stopped o.e.j.w.WebAppContext@3b366632{/,null,UNAVAILABLE}{/scm}
2019-10-17 18:51:30,718 [main] INFO  server.AbstractConnector (AbstractConnector.java:doStop(318)) - Stopped ServerConnector@6815c5f2{HTTP/1.1,[http/1.1]}{0.0.0.0:0}
2019-10-17 18:51:30,718 [main] INFO  handler.ContextHandler (ContextHandler.java:doStop(910)) - Stopped o.e.j.s.ServletContextHandler@37052337{/static,file:///workdir/hadoop-ozone/integration-test/target/test-classes/webapps/static,UNAVAILABLE}
2019-10-17 18:51:30,719 [main] INFO  handler.ContextHandler (ContextHandler.java:doStop(910)) - Stopped o.e.j.s.ServletContextHandler@340da44c{/logs,file:///workdir/hadoop-ozone/integration-test/target/log,UNAVAILABLE}
2019-10-17 18:51:30,719 [main] INFO  server.StorageContainerManager (StorageContainerManager.java:stop(857)) - Stopping Block Manager Service.
2019-10-17 18:51:30,720 [main] INFO  utils.BackgroundService (BackgroundService.java:shutdown(151)) - Shutting down service SCMBlockDeletingService
2019-10-17 18:51:30,720 [main] INFO  utils.BackgroundService (BackgroundService.java:shutdown(151)) - Shutting down service SCMBlockDeletingService
2019-10-17 18:51:30,720 [main] INFO  server.StorageContainerManager (StorageContainerManager.java:stop(879)) - Stopping SCM Event Queue.
2019-10-17 18:51:30,728 [main] INFO  impl.MetricsSystemImpl (MetricsSystemImpl.java:stop(210)) - Stopping XceiverClientMetrics metrics system...
2019-10-17 18:51:30,739 [prometheus] INFO  impl.MetricsSinkAdapter (MetricsSinkAdapter.java:publishMetricsFromQueue(141)) - prometheus thread interrupted.
2019-10-17 18:51:30,739 [main] INFO  impl.MetricsSystemImpl (MetricsSystemImpl.java:stop(216)) - XceiverClientMetrics metrics system stopped.
]]></system-out>
    <system-err><![CDATA[ERROR StatusLogger No Log4j 2 configuration file found. Using default configuration (logging only errors to the console), or user programmatically provided configurations. Set system property 'log4j2.debug' to show Log4j 2 internal initialization logging. See https://logging.apache.org/log4j/2.x/manual/configuration.html for instructions on how to configure Log4j 2
Oct 17, 2019 6:51:15 PM org.apache.ratis.thirdparty.io.grpc.internal.SerializingExecutor run
SEVERE: Exception while executing runnable org.apache.ratis.thirdparty.io.grpc.internal.ServerImpl$JumpToApplicationThreadServerStreamListener$1Closed@1ed30b7c
org.apache.ratis.thirdparty.io.grpc.StatusRuntimeException: CANCELLED: call already cancelled
	at org.apache.ratis.thirdparty.io.grpc.Status.asRuntimeException(Status.java:517)
	at org.apache.ratis.thirdparty.io.grpc.stub.ServerCalls$ServerCallStreamObserverImpl.onCompleted(ServerCalls.java:356)
	at org.apache.ratis.grpc.server.GrpcServerProtocolService$ServerRequestStreamObserver.onError(GrpcServerProtocolService.java:121)
	at org.apache.ratis.thirdparty.io.grpc.stub.ServerCalls$StreamingServerCallHandler$StreamingServerCallListener.onCancel(ServerCalls.java:269)
	at org.apache.ratis.thirdparty.io.grpc.internal.ServerCallImpl$ServerStreamListenerImpl.closed(ServerCallImpl.java:293)
	at org.apache.ratis.thirdparty.io.grpc.internal.ServerImpl$JumpToApplicationThreadServerStreamListener$1Closed.runInContext(ServerImpl.java:741)
	at org.apache.ratis.thirdparty.io.grpc.internal.ContextRunnable.run(ContextRunnable.java:37)
	at org.apache.ratis.thirdparty.io.grpc.internal.SerializingExecutor.run(SerializingExecutor.java:123)
	at java.util.concurrent.ThreadPoolExecutor.runWorker(ThreadPoolExecutor.java:1149)
	at java.util.concurrent.ThreadPoolExecutor$Worker.run(ThreadPoolExecutor.java:624)
	at java.lang.Thread.run(Thread.java:748)

Oct 17, 2019 6:51:15 PM org.apache.ratis.thirdparty.io.grpc.internal.SerializingExecutor run
SEVERE: Exception while executing runnable org.apache.ratis.thirdparty.io.grpc.internal.ClientCallImpl$ClientStreamListenerImpl$1StreamClosed@1afb0415
java.lang.NullPointerException
	at org.apache.ratis.grpc.server.GrpcLogAppender$AppendLogResponseHandler.onError(GrpcLogAppender.java:303)
	at org.apache.ratis.thirdparty.io.grpc.stub.ClientCalls$StreamObserverToCallListenerAdapter.onClose(ClientCalls.java:434)
	at org.apache.ratis.thirdparty.io.grpc.PartialForwardingClientCallListener.onClose(PartialForwardingClientCallListener.java:39)
	at org.apache.ratis.thirdparty.io.grpc.ForwardingClientCallListener.onClose(ForwardingClientCallListener.java:23)
	at org.apache.ratis.thirdparty.io.grpc.ForwardingClientCallListener$SimpleForwardingClientCallListener.onClose(ForwardingClientCallListener.java:40)
	at org.apache.ratis.thirdparty.io.grpc.internal.CensusStatsModule$StatsClientInterceptor$1$1.onClose(CensusStatsModule.java:678)
	at org.apache.ratis.thirdparty.io.grpc.PartialForwardingClientCallListener.onClose(PartialForwardingClientCallListener.java:39)
	at org.apache.ratis.thirdparty.io.grpc.ForwardingClientCallListener.onClose(ForwardingClientCallListener.java:23)
	at org.apache.ratis.thirdparty.io.grpc.ForwardingClientCallListener$SimpleForwardingClientCallListener.onClose(ForwardingClientCallListener.java:40)
	at org.apache.ratis.thirdparty.io.grpc.internal.CensusTracingModule$TracingClientInterceptor$1$1.onClose(CensusTracingModule.java:397)
	at org.apache.ratis.thirdparty.io.grpc.internal.ClientCallImpl.closeObserver(ClientCallImpl.java:459)
	at org.apache.ratis.thirdparty.io.grpc.internal.ClientCallImpl.access$300(ClientCallImpl.java:63)
	at org.apache.ratis.thirdparty.io.grpc.internal.ClientCallImpl$ClientStreamListenerImpl.close(ClientCallImpl.java:546)
	at org.apache.ratis.thirdparty.io.grpc.internal.ClientCallImpl$ClientStreamListenerImpl.access$600(ClientCallImpl.java:467)
	at org.apache.ratis.thirdparty.io.grpc.internal.ClientCallImpl$ClientStreamListenerImpl$1StreamClosed.runInContext(ClientCallImpl.java:584)
	at org.apache.ratis.thirdparty.io.grpc.internal.ContextRunnable.run(ContextRunnable.java:37)
	at org.apache.ratis.thirdparty.io.grpc.internal.SerializingExecutor.run(SerializingExecutor.java:123)
	at java.util.concurrent.ThreadPoolExecutor.runWorker(ThreadPoolExecutor.java:1149)
	at java.util.concurrent.ThreadPoolExecutor$Worker.run(ThreadPoolExecutor.java:624)
	at java.lang.Thread.run(Thread.java:748)

Oct 17, 2019 6:51:20 PM org.apache.ratis.thirdparty.io.grpc.internal.SerializingExecutor run
SEVERE: Exception while executing runnable org.apache.ratis.thirdparty.io.grpc.internal.ServerImpl$JumpToApplicationThreadServerStreamListener$1Closed@38116fa
org.apache.ratis.thirdparty.io.grpc.StatusRuntimeException: CANCELLED: call already cancelled
	at org.apache.ratis.thirdparty.io.grpc.Status.asRuntimeException(Status.java:517)
	at org.apache.ratis.thirdparty.io.grpc.stub.ServerCalls$ServerCallStreamObserverImpl.onCompleted(ServerCalls.java:356)
	at org.apache.ratis.grpc.server.GrpcServerProtocolService$ServerRequestStreamObserver.onError(GrpcServerProtocolService.java:121)
	at org.apache.ratis.thirdparty.io.grpc.stub.ServerCalls$StreamingServerCallHandler$StreamingServerCallListener.onCancel(ServerCalls.java:269)
	at org.apache.ratis.thirdparty.io.grpc.internal.ServerCallImpl$ServerStreamListenerImpl.closed(ServerCallImpl.java:293)
	at org.apache.ratis.thirdparty.io.grpc.internal.ServerImpl$JumpToApplicationThreadServerStreamListener$1Closed.runInContext(ServerImpl.java:741)
	at org.apache.ratis.thirdparty.io.grpc.internal.ContextRunnable.run(ContextRunnable.java:37)
	at org.apache.ratis.thirdparty.io.grpc.internal.SerializingExecutor.run(SerializingExecutor.java:123)
	at java.util.concurrent.ThreadPoolExecutor.runWorker(ThreadPoolExecutor.java:1149)
	at java.util.concurrent.ThreadPoolExecutor$Worker.run(ThreadPoolExecutor.java:624)
	at java.lang.Thread.run(Thread.java:748)

Oct 17, 2019 6:51:20 PM org.apache.ratis.thirdparty.io.grpc.internal.SerializingExecutor run
SEVERE: Exception while executing runnable org.apache.ratis.thirdparty.io.grpc.internal.ClientCallImpl$ClientStreamListenerImpl$1StreamClosed@32340288
java.lang.NullPointerException
	at org.apache.ratis.grpc.server.GrpcLogAppender$AppendLogResponseHandler.onError(GrpcLogAppender.java:303)
	at org.apache.ratis.thirdparty.io.grpc.stub.ClientCalls$StreamObserverToCallListenerAdapter.onClose(ClientCalls.java:434)
	at org.apache.ratis.thirdparty.io.grpc.PartialForwardingClientCallListener.onClose(PartialForwardingClientCallListener.java:39)
	at org.apache.ratis.thirdparty.io.grpc.ForwardingClientCallListener.onClose(ForwardingClientCallListener.java:23)
	at org.apache.ratis.thirdparty.io.grpc.ForwardingClientCallListener$SimpleForwardingClientCallListener.onClose(ForwardingClientCallListener.java:40)
	at org.apache.ratis.thirdparty.io.grpc.internal.CensusStatsModule$StatsClientInterceptor$1$1.onClose(CensusStatsModule.java:678)
	at org.apache.ratis.thirdparty.io.grpc.PartialForwardingClientCallListener.onClose(PartialForwardingClientCallListener.java:39)
	at org.apache.ratis.thirdparty.io.grpc.ForwardingClientCallListener.onClose(ForwardingClientCallListener.java:23)
	at org.apache.ratis.thirdparty.io.grpc.ForwardingClientCallListener$SimpleForwardingClientCallListener.onClose(ForwardingClientCallListener.java:40)
	at org.apache.ratis.thirdparty.io.grpc.internal.CensusTracingModule$TracingClientInterceptor$1$1.onClose(CensusTracingModule.java:397)
	at org.apache.ratis.thirdparty.io.grpc.internal.ClientCallImpl.closeObserver(ClientCallImpl.java:459)
	at org.apache.ratis.thirdparty.io.grpc.internal.ClientCallImpl.access$300(ClientCallImpl.java:63)
	at org.apache.ratis.thirdparty.io.grpc.internal.ClientCallImpl$ClientStreamListenerImpl.close(ClientCallImpl.java:546)
	at org.apache.ratis.thirdparty.io.grpc.internal.ClientCallImpl$ClientStreamListenerImpl.access$600(ClientCallImpl.java:467)
	at org.apache.ratis.thirdparty.io.grpc.internal.ClientCallImpl$ClientStreamListenerImpl$1StreamClosed.runInContext(ClientCallImpl.java:584)
	at org.apache.ratis.thirdparty.io.grpc.internal.ContextRunnable.run(ContextRunnable.java:37)
	at org.apache.ratis.thirdparty.io.grpc.internal.SerializingExecutor.run(SerializingExecutor.java:123)
	at java.util.concurrent.ThreadPoolExecutor.runWorker(ThreadPoolExecutor.java:1149)
	at java.util.concurrent.ThreadPoolExecutor$Worker.run(ThreadPoolExecutor.java:624)
	at java.lang.Thread.run(Thread.java:748)

]]></system-err>
  </testcase>
  <testcase name="testMultiBlockWritesWithDnFailures" classname="org.apache.hadoop.ozone.client.rpc.TestMultiBlockWritesWithDnFailures" time="94.911"/>
</testsuite>