<?xml version="1.0" encoding="UTF-8"?>
<testsuite xmlns:xsi="http://www.w3.org/2001/XMLSchema-instance" xsi:noNamespaceSchemaLocation="https://maven.apache.org/surefire/maven-surefire-plugin/xsd/surefire-test-report.xsd" name="org.apache.hadoop.ozone.client.rpc.TestBlockOutputStreamWithFailures" time="675.183" tests="8" errors="1" skipped="0" failures="0">
  <properties>
    <property name="awt.toolkit" value="sun.awt.X11.XToolkit"/>
    <property name="file.encoding.pkg" value="sun.io"/>
    <property name="java.specification.version" value="1.8"/>
    <property name="sun.cpu.isalist" value=""/>
    <property name="sun.jnu.encoding" value="ANSI_X3.4-1968"/>
    <property name="java.class.path" value="/workdir/hadoop-ozone/integration-test/target/test-classes:/workdir/hadoop-ozone/integration-test/target/classes:/home/user/.m2/repository/org/apache/hadoop/hadoop-ozone-common/0.5.0-SNAPSHOT/hadoop-ozone-common-0.5.0-SNAPSHOT.jar:/home/user/.m2/repository/org/apache/commons/commons-compress/1.4.1/commons-compress-1.4.1.jar:/home/user/.m2/repository/org/tukaani/xz/1.0/xz-1.0.jar:/home/user/.m2/repository/org/apache/hadoop/hadoop-common/3.2.0/hadoop-common-3.2.0.jar:/home/user/.m2/repository/org/apache/hadoop/hadoop-hdfs/3.2.0/hadoop-hdfs-3.2.0.jar:/home/user/.m2/repository/org/apache/hadoop/hadoop-hdfs-client/3.2.0/hadoop-hdfs-client-3.2.0.jar:/home/user/.m2/repository/com/fasterxml/jackson/core/jackson-annotations/2.9.9/jackson-annotations-2.9.9.jar:/home/user/.m2/repository/org/apache/hadoop/hadoop-hdds-common/0.5.0-SNAPSHOT/hadoop-hdds-common-0.5.0-SNAPSHOT.jar:/home/user/.m2/repository/javax/annotation/javax.annotation-api/1.2/javax.annotation-api-1.2.jar:/home/user/.m2/repository/org/apache/ratis/ratis-server/0.5.0-201fc85-SNAPSHOT/ratis-server-0.5.0-201fc85-SNAPSHOT.jar:/home/user/.m2/repository/org/apache/ratis/ratis-thirdparty-misc/0.2.0/ratis-thirdparty-misc-0.2.0.jar:/home/user/.m2/repository/org/apache/ratis/ratis-proto/0.5.0-201fc85-SNAPSHOT/ratis-proto-0.5.0-201fc85-SNAPSHOT.jar:/home/user/.m2/repository/org/apache/ratis/ratis-common/0.5.0-201fc85-SNAPSHOT/ratis-common-0.5.0-201fc85-SNAPSHOT.jar:/home/user/.m2/repository/org/apache/ratis/ratis-client/0.5.0-201fc85-SNAPSHOT/ratis-client-0.5.0-201fc85-SNAPSHOT.jar:/home/user/.m2/repository/org/apache/ratis/ratis-metrics/0.5.0-201fc85-SNAPSHOT/ratis-metrics-0.5.0-201fc85-SNAPSHOT.jar:/home/user/.m2/repository/com/github/joshelser/dropwizard-metrics-hadoop-metrics2-reporter/0.1.2/dropwizard-metrics-hadoop-metrics2-reporter-0.1.2.jar:/home/user/.m2/repository/io/dropwizard/metrics/metrics-jvm/3.2.5/metrics-jvm-3.2.5.jar:/home/user/.m2/repository/io/dropwizard/metrics/metrics-ganglia/3.2.5/metrics-ganglia-3.2.5.jar:/home/user/.m2/repository/info/ganglia/gmetric4j/gmetric4j/1.0.7/gmetric4j-1.0.7.jar:/home/user/.m2/repository/org/apache/ratis/ratis-netty/0.5.0-201fc85-SNAPSHOT/ratis-netty-0.5.0-201fc85-SNAPSHOT.jar:/home/user/.m2/repository/org/apache/ratis/ratis-grpc/0.5.0-201fc85-SNAPSHOT/ratis-grpc-0.5.0-201fc85-SNAPSHOT.jar:/home/user/.m2/repository/org/rocksdb/rocksdbjni/6.0.1/rocksdbjni-6.0.1.jar:/home/user/.m2/repository/org/apache/logging/log4j/log4j-api/2.11.0/log4j-api-2.11.0.jar:/home/user/.m2/repository/org/apache/logging/log4j/log4j-core/2.11.0/log4j-core-2.11.0.jar:/home/user/.m2/repository/com/lmax/disruptor/3.4.2/disruptor-3.4.2.jar:/home/user/.m2/repository/org/apache/commons/commons-pool2/2.6.0/commons-pool2-2.6.0.jar:/home/user/.m2/repository/org/bouncycastle/bcpkix-jdk15on/1.60/bcpkix-jdk15on-1.60.jar:/home/user/.m2/repository/commons-validator/commons-validator/1.6/commons-validator-1.6.jar:/home/user/.m2/repository/commons-digester/commons-digester/1.8.1/commons-digester-1.8.1.jar:/home/user/.m2/repository/io/jaegertracing/jaeger-client/0.34.0/jaeger-client-0.34.0.jar:/home/user/.m2/repository/io/jaegertracing/jaeger-thrift/0.34.0/jaeger-thrift-0.34.0.jar:/home/user/.m2/repository/org/apache/thrift/libthrift/0.12.0/libthrift-0.12.0.jar:/home/user/.m2/repository/com/squareup/okhttp3/okhttp/3.9.0/okhttp-3.9.0.jar:/home/user/.m2/repository/com/squareup/okio/okio/1.13.0/okio-1.13.0.jar:/home/user/.m2/repository/io/jaegertracing/jaeger-core/0.34.0/jaeger-core-0.34.0.jar:/home/user/.m2/repository/io/jaegertracing/jaeger-tracerresolver/0.34.0/jaeger-tracerresolver-0.34.0.jar:/home/user/.m2/repository/io/opentracing/contrib/opentracing-tracerresolver/0.1.5/opentracing-tracerresolver-0.1.5.jar:/home/user/.m2/repository/io/opentracing/opentracing-util/0.31.0/opentracing-util-0.31.0.jar:/home/user/.m2/repository/io/opentracing/opentracing-api/0.31.0/opentracing-api-0.31.0.jar:/home/user/.m2/repository/io/opentracing/opentracing-noop/0.31.0/opentracing-noop-0.31.0.jar:/home/user/.m2/repository/org/apache/hadoop/hadoop-hdds-server-framework/0.5.0-SNAPSHOT/hadoop-hdds-server-framework-0.5.0-SNAPSHOT.jar:/home/user/.m2/repository/org/apache/hadoop/hadoop-hdds-container-service/0.5.0-SNAPSHOT/hadoop-hdds-container-service-0.5.0-SNAPSHOT.jar:/home/user/.m2/repository/org/apache/hadoop/hadoop-hdds-client/0.5.0-SNAPSHOT/hadoop-hdds-client-0.5.0-SNAPSHOT.jar:/home/user/.m2/repository/org/apache/hadoop/hadoop-hdds-tools/0.5.0-SNAPSHOT/hadoop-hdds-tools-0.5.0-SNAPSHOT.jar:/home/user/.m2/repository/org/apache/hadoop/hadoop-hdds-server-scm/0.5.0-SNAPSHOT/hadoop-hdds-server-scm-0.5.0-SNAPSHOT.jar:/home/user/.m2/repository/org/apache/hadoop/hadoop-hdds-docs/0.5.0-SNAPSHOT/hadoop-hdds-docs-0.5.0-SNAPSHOT.jar:/home/user/.m2/repository/io/dropwizard/metrics/metrics-core/3.2.4/metrics-core-3.2.4.jar:/home/user/.m2/repository/org/hamcrest/hamcrest-all/1.3/hamcrest-all-1.3.jar:/home/user/.m2/repository/org/bouncycastle/bcprov-jdk15on/1.60/bcprov-jdk15on-1.60.jar:/home/user/.m2/repository/info/picocli/picocli/3.9.6/picocli-3.9.6.jar:/home/user/.m2/repository/com/google/protobuf/protobuf-java/2.5.0/protobuf-java-2.5.0.jar:/home/user/.m2/repository/com/google/guava/guava/11.0.2/guava-11.0.2.jar:/home/user/.m2/repository/org/apache/hadoop/hadoop-ozone-ozone-manager/0.5.0-SNAPSHOT/hadoop-ozone-ozone-manager-0.5.0-SNAPSHOT.jar:/home/user/.m2/repository/org/apache/hadoop/hadoop-minikdc/3.2.0/hadoop-minikdc-3.2.0.jar:/home/user/.m2/repository/commons-io/commons-io/2.5/commons-io-2.5.jar:/home/user/.m2/repository/org/apache/kerby/kerb-simplekdc/1.0.1/kerb-simplekdc-1.0.1.jar:/home/user/.m2/repository/org/apache/kerby/kerb-client/1.0.1/kerb-client-1.0.1.jar:/home/user/.m2/repository/org/apache/kerby/kerby-config/1.0.1/kerby-config-1.0.1.jar:/home/user/.m2/repository/org/apache/kerby/kerb-core/1.0.1/kerb-core-1.0.1.jar:/home/user/.m2/repository/org/apache/kerby/kerby-pkix/1.0.1/kerby-pkix-1.0.1.jar:/home/user/.m2/repository/org/apache/kerby/kerby-asn1/1.0.1/kerby-asn1-1.0.1.jar:/home/user/.m2/repository/org/apache/kerby/kerby-util/1.0.1/kerby-util-1.0.1.jar:/home/user/.m2/repository/org/apache/kerby/kerb-common/1.0.1/kerb-common-1.0.1.jar:/home/user/.m2/repository/org/apache/kerby/kerb-crypto/1.0.1/kerb-crypto-1.0.1.jar:/home/user/.m2/repository/org/apache/kerby/kerb-util/1.0.1/kerb-util-1.0.1.jar:/home/user/.m2/repository/org/apache/kerby/token-provider/1.0.1/token-provider-1.0.1.jar:/home/user/.m2/repository/org/apache/kerby/kerb-admin/1.0.1/kerb-admin-1.0.1.jar:/home/user/.m2/repository/org/apache/kerby/kerb-server/1.0.1/kerb-server-1.0.1.jar:/home/user/.m2/repository/org/apache/kerby/kerb-identity/1.0.1/kerb-identity-1.0.1.jar:/home/user/.m2/repository/org/apache/kerby/kerby-xdr/1.0.1/kerby-xdr-1.0.1.jar:/home/user/.m2/repository/org/slf4j/slf4j-log4j12/1.7.25/slf4j-log4j12-1.7.25.jar:/home/user/.m2/repository/org/apache/hadoop/hadoop-ozone-s3gateway/0.5.0-SNAPSHOT/hadoop-ozone-s3gateway-0.5.0-SNAPSHOT.jar:/home/user/.m2/repository/org/jboss/weld/servlet/weld-servlet/2.4.7.Final/weld-servlet-2.4.7.Final.jar:/home/user/.m2/repository/org/glassfish/jersey/containers/jersey-container-servlet-core/2.27/jersey-container-servlet-core-2.27.jar:/home/user/.m2/repository/org/glassfish/hk2/external/javax.inject/2.5.0-b42/javax.inject-2.5.0-b42.jar:/home/user/.m2/repository/org/glassfish/jersey/core/jersey-common/2.27/jersey-common-2.27.jar:/home/user/.m2/repository/org/glassfish/hk2/osgi-resource-locator/1.0.1/osgi-resource-locator-1.0.1.jar:/home/user/.m2/repository/javax/ws/rs/javax.ws.rs-api/2.1/javax.ws.rs-api-2.1.jar:/home/user/.m2/repository/org/glassfish/jersey/ext/cdi/jersey-cdi1x/2.27/jersey-cdi1x-2.27.jar:/home/user/.m2/repository/org/glassfish/jersey/inject/jersey-hk2/2.27/jersey-hk2-2.27.jar:/home/user/.m2/repository/org/glassfish/hk2/hk2-locator/2.5.0-b42/hk2-locator-2.5.0-b42.jar:/home/user/.m2/repository/org/javassist/javassist/3.22.0-CR2/javassist-3.22.0-CR2.jar:/home/user/.m2/repository/org/glassfish/hk2/hk2-api/2.5.0/hk2-api-2.5.0.jar:/home/user/.m2/repository/org/glassfish/hk2/external/jakarta.inject/2.5.0/jakarta.inject-2.5.0.jar:/home/user/.m2/repository/org/glassfish/hk2/hk2-utils/2.5.0/hk2-utils-2.5.0.jar:/home/user/.m2/repository/jakarta/annotation/jakarta.annotation-api/1.3.4/jakarta.annotation-api-1.3.4.jar:/home/user/.m2/repository/org/glassfish/hk2/external/aopalliance-repackaged/2.5.0/aopalliance-repackaged-2.5.0.jar:/home/user/.m2/repository/com/fasterxml/jackson/dataformat/jackson-dataformat-xml/2.9.0/jackson-dataformat-xml-2.9.0.jar:/home/user/.m2/repository/com/fasterxml/jackson/core/jackson-core/2.9.9/jackson-core-2.9.9.jar:/home/user/.m2/repository/com/fasterxml/jackson/module/jackson-module-jaxb-annotations/2.9.9/jackson-module-jaxb-annotations-2.9.9.jar:/home/user/.m2/repository/javax/enterprise/cdi-api/1.2/cdi-api-1.2.jar:/home/user/.m2/repository/javax/el/javax.el-api/3.0.0/javax.el-api-3.0.0.jar:/home/user/.m2/repository/javax/interceptor/javax.interceptor-api/1.2/javax.interceptor-api-1.2.jar:/home/user/.m2/repository/javax/inject/javax.inject/1/javax.inject-1.jar:/home/user/.m2/repository/com/sun/xml/bind/jaxb-impl/2.3.0.1/jaxb-impl-2.3.0.1.jar:/home/user/.m2/repository/com/sun/xml/bind/jaxb-core/2.3.0.1/jaxb-core-2.3.0.1.jar:/home/user/.m2/repository/javax/xml/bind/jaxb-api/2.3.0/jaxb-api-2.3.0.jar:/home/user/.m2/repository/javax/activation/activation/1.1.1/activation-1.1.1.jar:/home/user/.m2/repository/org/apache/hadoop/hadoop-ozone-csi/0.5.0-SNAPSHOT/hadoop-ozone-csi-0.5.0-SNAPSHOT.jar:/home/user/.m2/repository/com/google/protobuf/protobuf-java-util/3.5.1/protobuf-java-util-3.5.1.jar:/home/user/.m2/repository/org/apache/hadoop/hadoop-hdds-config/0.5.0-SNAPSHOT/hadoop-hdds-config-0.5.0-SNAPSHOT.jar:/home/user/.m2/repository/io/grpc/grpc-netty/1.17.1/grpc-netty-1.17.1.jar:/home/user/.m2/repository/io/grpc/grpc-core/1.17.1/grpc-core-1.17.1.jar:/home/user/.m2/repository/io/grpc/grpc-context/1.17.1/grpc-context-1.17.1.jar:/home/user/.m2/repository/com/google/errorprone/error_prone_annotations/2.2.0/error_prone_annotations-2.2.0.jar:/home/user/.m2/repository/org/codehaus/mojo/animal-sniffer-annotations/1.17/animal-sniffer-annotations-1.17.jar:/home/user/.m2/repository/io/opencensus/opencensus-api/0.17.0/opencensus-api-0.17.0.jar:/home/user/.m2/repository/io/opencensus/opencensus-contrib-grpc-metrics/0.17.0/opencensus-contrib-grpc-metrics-0.17.0.jar:/home/user/.m2/repository/io/netty/netty-codec-http2/4.1.30.Final/netty-codec-http2-4.1.30.Final.jar:/home/user/.m2/repository/io/netty/netty-codec-http/4.1.30.Final/netty-codec-http-4.1.30.Final.jar:/home/user/.m2/repository/io/netty/netty-codec/4.1.30.Final/netty-codec-4.1.30.Final.jar:/home/user/.m2/repository/io/netty/netty-handler/4.1.30.Final/netty-handler-4.1.30.Final.jar:/home/user/.m2/repository/io/netty/netty-handler-proxy/4.1.30.Final/netty-handler-proxy-4.1.30.Final.jar:/home/user/.m2/repository/io/netty/netty-codec-socks/4.1.30.Final/netty-codec-socks-4.1.30.Final.jar:/home/user/.m2/repository/io/netty/netty-transport-native-epoll/4.1.30.Final/netty-transport-native-epoll-4.1.30.Final.jar:/home/user/.m2/repository/io/netty/netty-common/4.1.30.Final/netty-common-4.1.30.Final.jar:/home/user/.m2/repository/io/netty/netty-buffer/4.1.30.Final/netty-buffer-4.1.30.Final.jar:/home/user/.m2/repository/io/netty/netty-transport/4.1.30.Final/netty-transport-4.1.30.Final.jar:/home/user/.m2/repository/io/netty/netty-resolver/4.1.30.Final/netty-resolver-4.1.30.Final.jar:/home/user/.m2/repository/io/netty/netty-transport-native-unix-common/4.1.30.Final/netty-transport-native-unix-common-4.1.30.Final.jar:/home/user/.m2/repository/io/grpc/grpc-protobuf/1.17.1/grpc-protobuf-1.17.1.jar:/home/user/.m2/repository/com/google/api/grpc/proto-google-common-protos/1.0.0/proto-google-common-protos-1.0.0.jar:/home/user/.m2/repository/io/grpc/grpc-protobuf-lite/1.17.1/grpc-protobuf-lite-1.17.1.jar:/home/user/.m2/repository/io/grpc/grpc-stub/1.17.1/grpc-stub-1.17.1.jar:/home/user/.m2/repository/org/apache/hadoop/hadoop-ozone-recon/0.5.0-SNAPSHOT/hadoop-ozone-recon-0.5.0-SNAPSHOT.jar:/home/user/.m2/repository/org/apache/hadoop/hadoop-ozone-reconcodegen/0.5.0-SNAPSHOT/hadoop-ozone-reconcodegen-0.5.0-SNAPSHOT.jar:/home/user/.m2/repository/com/google/inject/extensions/guice-multibindings/4.0/guice-multibindings-4.0.jar:/home/user/.m2/repository/com/google/inject/guice/4.0/guice-4.0.jar:/home/user/.m2/repository/aopalliance/aopalliance/1.0/aopalliance-1.0.jar:/home/user/.m2/repository/com/google/inject/extensions/guice-servlet/4.0/guice-servlet-4.0.jar:/home/user/.m2/repository/org/glassfish/jersey/containers/jersey-container-servlet/2.27/jersey-container-servlet-2.27.jar:/home/user/.m2/repository/org/glassfish/hk2/guice-bridge/2.5.0/guice-bridge-2.5.0.jar:/home/user/.m2/repository/org/glassfish/jersey/core/jersey-server/2.27/jersey-server-2.27.jar:/home/user/.m2/repository/org/glassfish/jersey/core/jersey-client/2.27/jersey-client-2.27.jar:/home/user/.m2/repository/org/glassfish/jersey/media/jersey-media-jaxb/2.27/jersey-media-jaxb-2.27.jar:/home/user/.m2/repository/javax/validation/validation-api/1.1.0.Final/validation-api-1.1.0.Final.jar:/home/user/.m2/repository/org/glassfish/jersey/media/jersey-media-json-jackson/2.27/jersey-media-json-jackson-2.27.jar:/home/user/.m2/repository/org/glassfish/jersey/ext/jersey-entity-filtering/2.27/jersey-entity-filtering-2.27.jar:/home/user/.m2/repository/com/google/inject/extensions/guice-assistedinject/4.0/guice-assistedinject-4.0.jar:/home/user/.m2/repository/org/jooq/jooq/3.11.10/jooq-3.11.10.jar:/home/user/.m2/repository/org/jooq/jooq-meta/3.11.10/jooq-meta-3.11.10.jar:/home/user/.m2/repository/org/jooq/jooq-codegen/3.11.10/jooq-codegen-3.11.10.jar:/home/user/.m2/repository/com/jolbox/bonecp/0.8.0.RELEASE/bonecp-0.8.0.RELEASE.jar:/home/user/.m2/repository/org/xerial/sqlite-jdbc/3.25.2/sqlite-jdbc-3.25.2.jar:/home/user/.m2/repository/org/springframework/spring-jdbc/5.1.3.RELEASE/spring-jdbc-5.1.3.RELEASE.jar:/home/user/.m2/repository/org/springframework/spring-beans/5.1.3.RELEASE/spring-beans-5.1.3.RELEASE.jar:/home/user/.m2/repository/org/springframework/spring-core/5.1.3.RELEASE/spring-core-5.1.3.RELEASE.jar:/home/user/.m2/repository/org/springframework/spring-jcl/5.1.3.RELEASE/spring-jcl-5.1.3.RELEASE.jar:/home/user/.m2/repository/org/springframework/spring-tx/5.1.3.RELEASE/spring-tx-5.1.3.RELEASE.jar:/home/user/.m2/repository/org/apache/hadoop/hadoop-ozone-client/0.5.0-SNAPSHOT/hadoop-ozone-client-0.5.0-SNAPSHOT.jar:/home/user/.m2/repository/commons-lang/commons-lang/2.6/commons-lang-2.6.jar:/home/user/.m2/repository/org/apache/hadoop/hadoop-ozone-ozone-manager/0.5.0-SNAPSHOT/hadoop-ozone-ozone-manager-0.5.0-SNAPSHOT-tests.jar:/home/user/.m2/repository/junit/junit/4.11/junit-4.11.jar:/home/user/.m2/repository/org/hamcrest/hamcrest-core/1.3/hamcrest-core-1.3.jar:/home/user/.m2/repository/org/openjdk/jmh/jmh-core/1.19/jmh-core-1.19.jar:/home/user/.m2/repository/net/sf/jopt-simple/jopt-simple/4.6/jopt-simple-4.6.jar:/home/user/.m2/repository/org/apache/commons/commons-math3/3.1.1/commons-math3-3.1.1.jar:/home/user/.m2/repository/org/openjdk/jmh/jmh-generator-annprocess/1.19/jmh-generator-annprocess-1.19.jar:/home/user/.m2/repository/org/mockito/mockito-all/1.8.5/mockito-all-1.8.5.jar:/home/user/.m2/repository/org/apache/hadoop/hadoop-kms/3.2.0/hadoop-kms-3.2.0.jar:/home/user/.m2/repository/org/apache/hadoop/hadoop-auth/3.2.0/hadoop-auth-3.2.0.jar:/home/user/.m2/repository/com/nimbusds/nimbus-jose-jwt/4.41.1/nimbus-jose-jwt-4.41.1.jar:/home/user/.m2/repository/com/github/stephenc/jcip/jcip-annotations/1.0-1/jcip-annotations-1.0-1.jar:/home/user/.m2/repository/net/minidev/json-smart/2.3/json-smart-2.3.jar:/home/user/.m2/repository/net/minidev/accessors-smart/1.2/accessors-smart-1.2.jar:/home/user/.m2/repository/org/ow2/asm/asm/5.0.4/asm-5.0.4.jar:/home/user/.m2/repository/org/apache/curator/curator-framework/2.12.0/curator-framework-2.12.0.jar:/home/user/.m2/repository/com/sun/jersey/jersey-core/1.19/jersey-core-1.19.jar:/home/user/.m2/repository/javax/ws/rs/jsr311-api/1.1.1/jsr311-api-1.1.1.jar:/home/user/.m2/repository/com/sun/jersey/jersey-server/1.19/jersey-server-1.19.jar:/home/user/.m2/repository/javax/servlet/javax.servlet-api/3.1.0/javax.servlet-api-3.1.0.jar:/home/user/.m2/repository/org/eclipse/jetty/jetty-server/9.3.25.v20180904/jetty-server-9.3.25.v20180904.jar:/home/user/.m2/repository/org/eclipse/jetty/jetty-http/9.3.25.v20180904/jetty-http-9.3.25.v20180904.jar:/home/user/.m2/repository/org/eclipse/jetty/jetty-io/9.3.25.v20180904/jetty-io-9.3.25.v20180904.jar:/home/user/.m2/repository/org/eclipse/jetty/jetty-webapp/9.3.25.v20180904/jetty-webapp-9.3.25.v20180904.jar:/home/user/.m2/repository/org/eclipse/jetty/jetty-xml/9.3.25.v20180904/jetty-xml-9.3.25.v20180904.jar:/home/user/.m2/repository/log4j/log4j/1.2.17/log4j-1.2.17.jar:/home/user/.m2/repository/org/slf4j/slf4j-api/1.7.25/slf4j-api-1.7.25.jar:/home/user/.m2/repository/org/slf4j/jul-to-slf4j/1.7.25/jul-to-slf4j-1.7.25.jar:/home/user/.m2/repository/org/eclipse/jetty/jetty-util/9.3.25.v20180904/jetty-util-9.3.25.v20180904.jar:/home/user/.m2/repository/com/fasterxml/jackson/core/jackson-databind/2.9.9/jackson-databind-2.9.9.jar:/home/user/.m2/repository/org/apache/hadoop/hadoop-kms/3.2.0/hadoop-kms-3.2.0-tests.jar:/home/user/.m2/repository/org/apache/hadoop/hadoop-hdds-server-scm/0.5.0-SNAPSHOT/hadoop-hdds-server-scm-0.5.0-SNAPSHOT-tests.jar:/home/user/.m2/repository/org/apache/hadoop/hadoop-hdds-container-service/0.5.0-SNAPSHOT/hadoop-hdds-container-service-0.5.0-SNAPSHOT-tests.jar:/home/user/.m2/repository/org/yaml/snakeyaml/1.16/snakeyaml-1.16.jar:/home/user/.m2/repository/org/apache/hadoop/hadoop-common/3.2.0/hadoop-common-3.2.0-tests.jar:/home/user/.m2/repository/org/apache/hadoop/hadoop-annotations/3.2.0/hadoop-annotations-3.2.0.jar:/usr/lib/jvm/java-1.8.0-openjdk-1.8.0.222.b10-1.el7_7.x86_64/jre/../lib/tools.jar:/home/user/.m2/repository/commons-cli/commons-cli/1.2/commons-cli-1.2.jar:/home/user/.m2/repository/org/apache/httpcomponents/httpclient/4.5.2/httpclient-4.5.2.jar:/home/user/.m2/repository/org/apache/httpcomponents/httpcore/4.4.4/httpcore-4.4.4.jar:/home/user/.m2/repository/commons-codec/commons-codec/1.11/commons-codec-1.11.jar:/home/user/.m2/repository/commons-net/commons-net/3.6/commons-net-3.6.jar:/home/user/.m2/repository/commons-collections/commons-collections/3.2.2/commons-collections-3.2.2.jar:/home/user/.m2/repository/org/eclipse/jetty/jetty-servlet/9.3.25.v20180904/jetty-servlet-9.3.25.v20180904.jar:/home/user/.m2/repository/org/eclipse/jetty/jetty-security/9.3.25.v20180904/jetty-security-9.3.25.v20180904.jar:/home/user/.m2/repository/javax/servlet/jsp/jsp-api/2.1/jsp-api-2.1.jar:/home/user/.m2/repository/com/sun/jersey/jersey-servlet/1.19/jersey-servlet-1.19.jar:/home/user/.m2/repository/com/sun/jersey/jersey-json/1.19/jersey-json-1.19.jar:/home/user/.m2/repository/org/codehaus/jettison/jettison/1.1/jettison-1.1.jar:/home/user/.m2/repository/org/codehaus/jackson/jackson-core-asl/1.9.13/jackson-core-asl-1.9.13.jar:/home/user/.m2/repository/org/codehaus/jackson/jackson-mapper-asl/1.9.13/jackson-mapper-asl-1.9.13.jar:/home/user/.m2/repository/org/codehaus/jackson/jackson-jaxrs/1.9.13/jackson-jaxrs-1.9.13.jar:/home/user/.m2/repository/org/codehaus/jackson/jackson-xc/1.9.13/jackson-xc-1.9.13.jar:/home/user/.m2/repository/commons-logging/commons-logging/1.1.3/commons-logging-1.1.3.jar:/home/user/.m2/repository/commons-beanutils/commons-beanutils/1.9.4/commons-beanutils-1.9.4.jar:/home/user/.m2/repository/org/apache/commons/commons-configuration2/2.1.1/commons-configuration2-2.1.1.jar:/home/user/.m2/repository/org/apache/commons/commons-lang3/3.7/commons-lang3-3.7.jar:/home/user/.m2/repository/org/apache/commons/commons-text/1.4/commons-text-1.4.jar:/home/user/.m2/repository/org/apache/avro/avro/1.7.7/avro-1.7.7.jar:/home/user/.m2/repository/com/thoughtworks/paranamer/paranamer/2.3/paranamer-2.3.jar:/home/user/.m2/repository/org/xerial/snappy/snappy-java/1.0.5/snappy-java-1.0.5.jar:/home/user/.m2/repository/com/google/re2j/re2j/1.1/re2j-1.1.jar:/home/user/.m2/repository/com/google/code/gson/gson/2.2.4/gson-2.2.4.jar:/home/user/.m2/repository/com/jcraft/jsch/0.1.54/jsch-0.1.54.jar:/home/user/.m2/repository/org/apache/curator/curator-client/2.12.0/curator-client-2.12.0.jar:/home/user/.m2/repository/org/apache/curator/curator-recipes/2.12.0/curator-recipes-2.12.0.jar:/home/user/.m2/repository/com/google/code/findbugs/jsr305/3.0.0/jsr305-3.0.0.jar:/home/user/.m2/repository/org/apache/htrace/htrace-core4/4.1.0-incubating/htrace-core4-4.1.0-incubating.jar:/home/user/.m2/repository/org/apache/zookeeper/zookeeper/3.4.13/zookeeper-3.4.13.jar:/home/user/.m2/repository/jline/jline/0.9.94/jline-0.9.94.jar:/home/user/.m2/repository/org/apache/yetus/audience-annotations/0.5.0/audience-annotations-0.5.0.jar:/home/user/.m2/repository/org/codehaus/woodstox/stax2-api/3.1.4/stax2-api-3.1.4.jar:/home/user/.m2/repository/com/fasterxml/woodstox/woodstox-core/5.0.3/woodstox-core-5.0.3.jar:/home/user/.m2/repository/dnsjava/dnsjava/2.1.7/dnsjava-2.1.7.jar:/home/user/.m2/repository/org/apache/hadoop/hadoop-hdfs/3.2.0/hadoop-hdfs-3.2.0-tests.jar:/home/user/.m2/repository/org/eclipse/jetty/jetty-util-ajax/9.3.25.v20180904/jetty-util-ajax-9.3.25.v20180904.jar:/home/user/.m2/repository/commons-daemon/commons-daemon/1.0.13/commons-daemon-1.0.13.jar:/home/user/.m2/repository/io/netty/netty/3.10.5.Final/netty-3.10.5.Final.jar:/home/user/.m2/repository/io/netty/netty-all/4.0.52.Final/netty-all-4.0.52.Final.jar:/home/user/.m2/repository/org/fusesource/leveldbjni/leveldbjni-all/1.8/leveldbjni-all-1.8.jar:"/>
    <property name="java.vm.vendor" value="Oracle Corporation"/>
    <property name="sun.arch.data.model" value="64"/>
    <property name="test.build.dir" value="/workdir/hadoop-ozone/integration-test/target/test-dir"/>
    <property name="test.cache.data" value=""/>
    <property name="java.vendor.url" value="http://java.oracle.com/"/>
    <property name="user.timezone" value=""/>
    <property name="java.vm.specification.version" value="1.8"/>
    <property name="os.name" value="Linux"/>
    <property name="test.build.data" value="/workdir/hadoop-ozone/integration-test/target/test-dir"/>
    <property name="user.country" value="US"/>
    <property name="sun.java.launcher" value="SUN_STANDARD"/>
    <property name="sun.boot.library.path" value="/usr/lib/jvm/java-1.8.0-openjdk-1.8.0.222.b10-1.el7_7.x86_64/jre/lib/amd64"/>
    <property name="sun.java.command" value="/workdir/hadoop-ozone/integration-test/target/surefire/surefirebooter2848164915824582653.jar /workdir/hadoop-ozone/integration-test/target/surefire 2019-10-15T22-32-39_408-jvmRun1 surefire1858305485910842154tmp surefire_321495195147690714958tmp"/>
    <property name="test" value="!TestMiniChaosOzoneCluster"/>
    <property name="surefire.test.class.path" value="/workdir/hadoop-ozone/integration-test/target/test-classes:/workdir/hadoop-ozone/integration-test/target/classes:/home/user/.m2/repository/org/apache/hadoop/hadoop-ozone-common/0.5.0-SNAPSHOT/hadoop-ozone-common-0.5.0-SNAPSHOT.jar:/home/user/.m2/repository/org/apache/commons/commons-compress/1.4.1/commons-compress-1.4.1.jar:/home/user/.m2/repository/org/tukaani/xz/1.0/xz-1.0.jar:/home/user/.m2/repository/org/apache/hadoop/hadoop-common/3.2.0/hadoop-common-3.2.0.jar:/home/user/.m2/repository/org/apache/hadoop/hadoop-hdfs/3.2.0/hadoop-hdfs-3.2.0.jar:/home/user/.m2/repository/org/apache/hadoop/hadoop-hdfs-client/3.2.0/hadoop-hdfs-client-3.2.0.jar:/home/user/.m2/repository/com/fasterxml/jackson/core/jackson-annotations/2.9.9/jackson-annotations-2.9.9.jar:/home/user/.m2/repository/org/apache/hadoop/hadoop-hdds-common/0.5.0-SNAPSHOT/hadoop-hdds-common-0.5.0-SNAPSHOT.jar:/home/user/.m2/repository/javax/annotation/javax.annotation-api/1.2/javax.annotation-api-1.2.jar:/home/user/.m2/repository/org/apache/ratis/ratis-server/0.5.0-201fc85-SNAPSHOT/ratis-server-0.5.0-201fc85-SNAPSHOT.jar:/home/user/.m2/repository/org/apache/ratis/ratis-thirdparty-misc/0.2.0/ratis-thirdparty-misc-0.2.0.jar:/home/user/.m2/repository/org/apache/ratis/ratis-proto/0.5.0-201fc85-SNAPSHOT/ratis-proto-0.5.0-201fc85-SNAPSHOT.jar:/home/user/.m2/repository/org/apache/ratis/ratis-common/0.5.0-201fc85-SNAPSHOT/ratis-common-0.5.0-201fc85-SNAPSHOT.jar:/home/user/.m2/repository/org/apache/ratis/ratis-client/0.5.0-201fc85-SNAPSHOT/ratis-client-0.5.0-201fc85-SNAPSHOT.jar:/home/user/.m2/repository/org/apache/ratis/ratis-metrics/0.5.0-201fc85-SNAPSHOT/ratis-metrics-0.5.0-201fc85-SNAPSHOT.jar:/home/user/.m2/repository/com/github/joshelser/dropwizard-metrics-hadoop-metrics2-reporter/0.1.2/dropwizard-metrics-hadoop-metrics2-reporter-0.1.2.jar:/home/user/.m2/repository/io/dropwizard/metrics/metrics-jvm/3.2.5/metrics-jvm-3.2.5.jar:/home/user/.m2/repository/io/dropwizard/metrics/metrics-ganglia/3.2.5/metrics-ganglia-3.2.5.jar:/home/user/.m2/repository/info/ganglia/gmetric4j/gmetric4j/1.0.7/gmetric4j-1.0.7.jar:/home/user/.m2/repository/org/apache/ratis/ratis-netty/0.5.0-201fc85-SNAPSHOT/ratis-netty-0.5.0-201fc85-SNAPSHOT.jar:/home/user/.m2/repository/org/apache/ratis/ratis-grpc/0.5.0-201fc85-SNAPSHOT/ratis-grpc-0.5.0-201fc85-SNAPSHOT.jar:/home/user/.m2/repository/org/rocksdb/rocksdbjni/6.0.1/rocksdbjni-6.0.1.jar:/home/user/.m2/repository/org/apache/logging/log4j/log4j-api/2.11.0/log4j-api-2.11.0.jar:/home/user/.m2/repository/org/apache/logging/log4j/log4j-core/2.11.0/log4j-core-2.11.0.jar:/home/user/.m2/repository/com/lmax/disruptor/3.4.2/disruptor-3.4.2.jar:/home/user/.m2/repository/org/apache/commons/commons-pool2/2.6.0/commons-pool2-2.6.0.jar:/home/user/.m2/repository/org/bouncycastle/bcpkix-jdk15on/1.60/bcpkix-jdk15on-1.60.jar:/home/user/.m2/repository/commons-validator/commons-validator/1.6/commons-validator-1.6.jar:/home/user/.m2/repository/commons-digester/commons-digester/1.8.1/commons-digester-1.8.1.jar:/home/user/.m2/repository/io/jaegertracing/jaeger-client/0.34.0/jaeger-client-0.34.0.jar:/home/user/.m2/repository/io/jaegertracing/jaeger-thrift/0.34.0/jaeger-thrift-0.34.0.jar:/home/user/.m2/repository/org/apache/thrift/libthrift/0.12.0/libthrift-0.12.0.jar:/home/user/.m2/repository/com/squareup/okhttp3/okhttp/3.9.0/okhttp-3.9.0.jar:/home/user/.m2/repository/com/squareup/okio/okio/1.13.0/okio-1.13.0.jar:/home/user/.m2/repository/io/jaegertracing/jaeger-core/0.34.0/jaeger-core-0.34.0.jar:/home/user/.m2/repository/io/jaegertracing/jaeger-tracerresolver/0.34.0/jaeger-tracerresolver-0.34.0.jar:/home/user/.m2/repository/io/opentracing/contrib/opentracing-tracerresolver/0.1.5/opentracing-tracerresolver-0.1.5.jar:/home/user/.m2/repository/io/opentracing/opentracing-util/0.31.0/opentracing-util-0.31.0.jar:/home/user/.m2/repository/io/opentracing/opentracing-api/0.31.0/opentracing-api-0.31.0.jar:/home/user/.m2/repository/io/opentracing/opentracing-noop/0.31.0/opentracing-noop-0.31.0.jar:/home/user/.m2/repository/org/apache/hadoop/hadoop-hdds-server-framework/0.5.0-SNAPSHOT/hadoop-hdds-server-framework-0.5.0-SNAPSHOT.jar:/home/user/.m2/repository/org/apache/hadoop/hadoop-hdds-container-service/0.5.0-SNAPSHOT/hadoop-hdds-container-service-0.5.0-SNAPSHOT.jar:/home/user/.m2/repository/org/apache/hadoop/hadoop-hdds-client/0.5.0-SNAPSHOT/hadoop-hdds-client-0.5.0-SNAPSHOT.jar:/home/user/.m2/repository/org/apache/hadoop/hadoop-hdds-tools/0.5.0-SNAPSHOT/hadoop-hdds-tools-0.5.0-SNAPSHOT.jar:/home/user/.m2/repository/org/apache/hadoop/hadoop-hdds-server-scm/0.5.0-SNAPSHOT/hadoop-hdds-server-scm-0.5.0-SNAPSHOT.jar:/home/user/.m2/repository/org/apache/hadoop/hadoop-hdds-docs/0.5.0-SNAPSHOT/hadoop-hdds-docs-0.5.0-SNAPSHOT.jar:/home/user/.m2/repository/io/dropwizard/metrics/metrics-core/3.2.4/metrics-core-3.2.4.jar:/home/user/.m2/repository/org/hamcrest/hamcrest-all/1.3/hamcrest-all-1.3.jar:/home/user/.m2/repository/org/bouncycastle/bcprov-jdk15on/1.60/bcprov-jdk15on-1.60.jar:/home/user/.m2/repository/info/picocli/picocli/3.9.6/picocli-3.9.6.jar:/home/user/.m2/repository/com/google/protobuf/protobuf-java/2.5.0/protobuf-java-2.5.0.jar:/home/user/.m2/repository/com/google/guava/guava/11.0.2/guava-11.0.2.jar:/home/user/.m2/repository/org/apache/hadoop/hadoop-ozone-ozone-manager/0.5.0-SNAPSHOT/hadoop-ozone-ozone-manager-0.5.0-SNAPSHOT.jar:/home/user/.m2/repository/org/apache/hadoop/hadoop-minikdc/3.2.0/hadoop-minikdc-3.2.0.jar:/home/user/.m2/repository/commons-io/commons-io/2.5/commons-io-2.5.jar:/home/user/.m2/repository/org/apache/kerby/kerb-simplekdc/1.0.1/kerb-simplekdc-1.0.1.jar:/home/user/.m2/repository/org/apache/kerby/kerb-client/1.0.1/kerb-client-1.0.1.jar:/home/user/.m2/repository/org/apache/kerby/kerby-config/1.0.1/kerby-config-1.0.1.jar:/home/user/.m2/repository/org/apache/kerby/kerb-core/1.0.1/kerb-core-1.0.1.jar:/home/user/.m2/repository/org/apache/kerby/kerby-pkix/1.0.1/kerby-pkix-1.0.1.jar:/home/user/.m2/repository/org/apache/kerby/kerby-asn1/1.0.1/kerby-asn1-1.0.1.jar:/home/user/.m2/repository/org/apache/kerby/kerby-util/1.0.1/kerby-util-1.0.1.jar:/home/user/.m2/repository/org/apache/kerby/kerb-common/1.0.1/kerb-common-1.0.1.jar:/home/user/.m2/repository/org/apache/kerby/kerb-crypto/1.0.1/kerb-crypto-1.0.1.jar:/home/user/.m2/repository/org/apache/kerby/kerb-util/1.0.1/kerb-util-1.0.1.jar:/home/user/.m2/repository/org/apache/kerby/token-provider/1.0.1/token-provider-1.0.1.jar:/home/user/.m2/repository/org/apache/kerby/kerb-admin/1.0.1/kerb-admin-1.0.1.jar:/home/user/.m2/repository/org/apache/kerby/kerb-server/1.0.1/kerb-server-1.0.1.jar:/home/user/.m2/repository/org/apache/kerby/kerb-identity/1.0.1/kerb-identity-1.0.1.jar:/home/user/.m2/repository/org/apache/kerby/kerby-xdr/1.0.1/kerby-xdr-1.0.1.jar:/home/user/.m2/repository/org/slf4j/slf4j-log4j12/1.7.25/slf4j-log4j12-1.7.25.jar:/home/user/.m2/repository/org/apache/hadoop/hadoop-ozone-s3gateway/0.5.0-SNAPSHOT/hadoop-ozone-s3gateway-0.5.0-SNAPSHOT.jar:/home/user/.m2/repository/org/jboss/weld/servlet/weld-servlet/2.4.7.Final/weld-servlet-2.4.7.Final.jar:/home/user/.m2/repository/org/glassfish/jersey/containers/jersey-container-servlet-core/2.27/jersey-container-servlet-core-2.27.jar:/home/user/.m2/repository/org/glassfish/hk2/external/javax.inject/2.5.0-b42/javax.inject-2.5.0-b42.jar:/home/user/.m2/repository/org/glassfish/jersey/core/jersey-common/2.27/jersey-common-2.27.jar:/home/user/.m2/repository/org/glassfish/hk2/osgi-resource-locator/1.0.1/osgi-resource-locator-1.0.1.jar:/home/user/.m2/repository/javax/ws/rs/javax.ws.rs-api/2.1/javax.ws.rs-api-2.1.jar:/home/user/.m2/repository/org/glassfish/jersey/ext/cdi/jersey-cdi1x/2.27/jersey-cdi1x-2.27.jar:/home/user/.m2/repository/org/glassfish/jersey/inject/jersey-hk2/2.27/jersey-hk2-2.27.jar:/home/user/.m2/repository/org/glassfish/hk2/hk2-locator/2.5.0-b42/hk2-locator-2.5.0-b42.jar:/home/user/.m2/repository/org/javassist/javassist/3.22.0-CR2/javassist-3.22.0-CR2.jar:/home/user/.m2/repository/org/glassfish/hk2/hk2-api/2.5.0/hk2-api-2.5.0.jar:/home/user/.m2/repository/org/glassfish/hk2/external/jakarta.inject/2.5.0/jakarta.inject-2.5.0.jar:/home/user/.m2/repository/org/glassfish/hk2/hk2-utils/2.5.0/hk2-utils-2.5.0.jar:/home/user/.m2/repository/jakarta/annotation/jakarta.annotation-api/1.3.4/jakarta.annotation-api-1.3.4.jar:/home/user/.m2/repository/org/glassfish/hk2/external/aopalliance-repackaged/2.5.0/aopalliance-repackaged-2.5.0.jar:/home/user/.m2/repository/com/fasterxml/jackson/dataformat/jackson-dataformat-xml/2.9.0/jackson-dataformat-xml-2.9.0.jar:/home/user/.m2/repository/com/fasterxml/jackson/core/jackson-core/2.9.9/jackson-core-2.9.9.jar:/home/user/.m2/repository/com/fasterxml/jackson/module/jackson-module-jaxb-annotations/2.9.9/jackson-module-jaxb-annotations-2.9.9.jar:/home/user/.m2/repository/javax/enterprise/cdi-api/1.2/cdi-api-1.2.jar:/home/user/.m2/repository/javax/el/javax.el-api/3.0.0/javax.el-api-3.0.0.jar:/home/user/.m2/repository/javax/interceptor/javax.interceptor-api/1.2/javax.interceptor-api-1.2.jar:/home/user/.m2/repository/javax/inject/javax.inject/1/javax.inject-1.jar:/home/user/.m2/repository/com/sun/xml/bind/jaxb-impl/2.3.0.1/jaxb-impl-2.3.0.1.jar:/home/user/.m2/repository/com/sun/xml/bind/jaxb-core/2.3.0.1/jaxb-core-2.3.0.1.jar:/home/user/.m2/repository/javax/xml/bind/jaxb-api/2.3.0/jaxb-api-2.3.0.jar:/home/user/.m2/repository/javax/activation/activation/1.1.1/activation-1.1.1.jar:/home/user/.m2/repository/org/apache/hadoop/hadoop-ozone-csi/0.5.0-SNAPSHOT/hadoop-ozone-csi-0.5.0-SNAPSHOT.jar:/home/user/.m2/repository/com/google/protobuf/protobuf-java-util/3.5.1/protobuf-java-util-3.5.1.jar:/home/user/.m2/repository/org/apache/hadoop/hadoop-hdds-config/0.5.0-SNAPSHOT/hadoop-hdds-config-0.5.0-SNAPSHOT.jar:/home/user/.m2/repository/io/grpc/grpc-netty/1.17.1/grpc-netty-1.17.1.jar:/home/user/.m2/repository/io/grpc/grpc-core/1.17.1/grpc-core-1.17.1.jar:/home/user/.m2/repository/io/grpc/grpc-context/1.17.1/grpc-context-1.17.1.jar:/home/user/.m2/repository/com/google/errorprone/error_prone_annotations/2.2.0/error_prone_annotations-2.2.0.jar:/home/user/.m2/repository/org/codehaus/mojo/animal-sniffer-annotations/1.17/animal-sniffer-annotations-1.17.jar:/home/user/.m2/repository/io/opencensus/opencensus-api/0.17.0/opencensus-api-0.17.0.jar:/home/user/.m2/repository/io/opencensus/opencensus-contrib-grpc-metrics/0.17.0/opencensus-contrib-grpc-metrics-0.17.0.jar:/home/user/.m2/repository/io/netty/netty-codec-http2/4.1.30.Final/netty-codec-http2-4.1.30.Final.jar:/home/user/.m2/repository/io/netty/netty-codec-http/4.1.30.Final/netty-codec-http-4.1.30.Final.jar:/home/user/.m2/repository/io/netty/netty-codec/4.1.30.Final/netty-codec-4.1.30.Final.jar:/home/user/.m2/repository/io/netty/netty-handler/4.1.30.Final/netty-handler-4.1.30.Final.jar:/home/user/.m2/repository/io/netty/netty-handler-proxy/4.1.30.Final/netty-handler-proxy-4.1.30.Final.jar:/home/user/.m2/repository/io/netty/netty-codec-socks/4.1.30.Final/netty-codec-socks-4.1.30.Final.jar:/home/user/.m2/repository/io/netty/netty-transport-native-epoll/4.1.30.Final/netty-transport-native-epoll-4.1.30.Final.jar:/home/user/.m2/repository/io/netty/netty-common/4.1.30.Final/netty-common-4.1.30.Final.jar:/home/user/.m2/repository/io/netty/netty-buffer/4.1.30.Final/netty-buffer-4.1.30.Final.jar:/home/user/.m2/repository/io/netty/netty-transport/4.1.30.Final/netty-transport-4.1.30.Final.jar:/home/user/.m2/repository/io/netty/netty-resolver/4.1.30.Final/netty-resolver-4.1.30.Final.jar:/home/user/.m2/repository/io/netty/netty-transport-native-unix-common/4.1.30.Final/netty-transport-native-unix-common-4.1.30.Final.jar:/home/user/.m2/repository/io/grpc/grpc-protobuf/1.17.1/grpc-protobuf-1.17.1.jar:/home/user/.m2/repository/com/google/api/grpc/proto-google-common-protos/1.0.0/proto-google-common-protos-1.0.0.jar:/home/user/.m2/repository/io/grpc/grpc-protobuf-lite/1.17.1/grpc-protobuf-lite-1.17.1.jar:/home/user/.m2/repository/io/grpc/grpc-stub/1.17.1/grpc-stub-1.17.1.jar:/home/user/.m2/repository/org/apache/hadoop/hadoop-ozone-recon/0.5.0-SNAPSHOT/hadoop-ozone-recon-0.5.0-SNAPSHOT.jar:/home/user/.m2/repository/org/apache/hadoop/hadoop-ozone-reconcodegen/0.5.0-SNAPSHOT/hadoop-ozone-reconcodegen-0.5.0-SNAPSHOT.jar:/home/user/.m2/repository/com/google/inject/extensions/guice-multibindings/4.0/guice-multibindings-4.0.jar:/home/user/.m2/repository/com/google/inject/guice/4.0/guice-4.0.jar:/home/user/.m2/repository/aopalliance/aopalliance/1.0/aopalliance-1.0.jar:/home/user/.m2/repository/com/google/inject/extensions/guice-servlet/4.0/guice-servlet-4.0.jar:/home/user/.m2/repository/org/glassfish/jersey/containers/jersey-container-servlet/2.27/jersey-container-servlet-2.27.jar:/home/user/.m2/repository/org/glassfish/hk2/guice-bridge/2.5.0/guice-bridge-2.5.0.jar:/home/user/.m2/repository/org/glassfish/jersey/core/jersey-server/2.27/jersey-server-2.27.jar:/home/user/.m2/repository/org/glassfish/jersey/core/jersey-client/2.27/jersey-client-2.27.jar:/home/user/.m2/repository/org/glassfish/jersey/media/jersey-media-jaxb/2.27/jersey-media-jaxb-2.27.jar:/home/user/.m2/repository/javax/validation/validation-api/1.1.0.Final/validation-api-1.1.0.Final.jar:/home/user/.m2/repository/org/glassfish/jersey/media/jersey-media-json-jackson/2.27/jersey-media-json-jackson-2.27.jar:/home/user/.m2/repository/org/glassfish/jersey/ext/jersey-entity-filtering/2.27/jersey-entity-filtering-2.27.jar:/home/user/.m2/repository/com/google/inject/extensions/guice-assistedinject/4.0/guice-assistedinject-4.0.jar:/home/user/.m2/repository/org/jooq/jooq/3.11.10/jooq-3.11.10.jar:/home/user/.m2/repository/org/jooq/jooq-meta/3.11.10/jooq-meta-3.11.10.jar:/home/user/.m2/repository/org/jooq/jooq-codegen/3.11.10/jooq-codegen-3.11.10.jar:/home/user/.m2/repository/com/jolbox/bonecp/0.8.0.RELEASE/bonecp-0.8.0.RELEASE.jar:/home/user/.m2/repository/org/xerial/sqlite-jdbc/3.25.2/sqlite-jdbc-3.25.2.jar:/home/user/.m2/repository/org/springframework/spring-jdbc/5.1.3.RELEASE/spring-jdbc-5.1.3.RELEASE.jar:/home/user/.m2/repository/org/springframework/spring-beans/5.1.3.RELEASE/spring-beans-5.1.3.RELEASE.jar:/home/user/.m2/repository/org/springframework/spring-core/5.1.3.RELEASE/spring-core-5.1.3.RELEASE.jar:/home/user/.m2/repository/org/springframework/spring-jcl/5.1.3.RELEASE/spring-jcl-5.1.3.RELEASE.jar:/home/user/.m2/repository/org/springframework/spring-tx/5.1.3.RELEASE/spring-tx-5.1.3.RELEASE.jar:/home/user/.m2/repository/org/apache/hadoop/hadoop-ozone-client/0.5.0-SNAPSHOT/hadoop-ozone-client-0.5.0-SNAPSHOT.jar:/home/user/.m2/repository/commons-lang/commons-lang/2.6/commons-lang-2.6.jar:/home/user/.m2/repository/org/apache/hadoop/hadoop-ozone-ozone-manager/0.5.0-SNAPSHOT/hadoop-ozone-ozone-manager-0.5.0-SNAPSHOT-tests.jar:/home/user/.m2/repository/junit/junit/4.11/junit-4.11.jar:/home/user/.m2/repository/org/hamcrest/hamcrest-core/1.3/hamcrest-core-1.3.jar:/home/user/.m2/repository/org/openjdk/jmh/jmh-core/1.19/jmh-core-1.19.jar:/home/user/.m2/repository/net/sf/jopt-simple/jopt-simple/4.6/jopt-simple-4.6.jar:/home/user/.m2/repository/org/apache/commons/commons-math3/3.1.1/commons-math3-3.1.1.jar:/home/user/.m2/repository/org/openjdk/jmh/jmh-generator-annprocess/1.19/jmh-generator-annprocess-1.19.jar:/home/user/.m2/repository/org/mockito/mockito-all/1.8.5/mockito-all-1.8.5.jar:/home/user/.m2/repository/org/apache/hadoop/hadoop-kms/3.2.0/hadoop-kms-3.2.0.jar:/home/user/.m2/repository/org/apache/hadoop/hadoop-auth/3.2.0/hadoop-auth-3.2.0.jar:/home/user/.m2/repository/com/nimbusds/nimbus-jose-jwt/4.41.1/nimbus-jose-jwt-4.41.1.jar:/home/user/.m2/repository/com/github/stephenc/jcip/jcip-annotations/1.0-1/jcip-annotations-1.0-1.jar:/home/user/.m2/repository/net/minidev/json-smart/2.3/json-smart-2.3.jar:/home/user/.m2/repository/net/minidev/accessors-smart/1.2/accessors-smart-1.2.jar:/home/user/.m2/repository/org/ow2/asm/asm/5.0.4/asm-5.0.4.jar:/home/user/.m2/repository/org/apache/curator/curator-framework/2.12.0/curator-framework-2.12.0.jar:/home/user/.m2/repository/com/sun/jersey/jersey-core/1.19/jersey-core-1.19.jar:/home/user/.m2/repository/javax/ws/rs/jsr311-api/1.1.1/jsr311-api-1.1.1.jar:/home/user/.m2/repository/com/sun/jersey/jersey-server/1.19/jersey-server-1.19.jar:/home/user/.m2/repository/javax/servlet/javax.servlet-api/3.1.0/javax.servlet-api-3.1.0.jar:/home/user/.m2/repository/org/eclipse/jetty/jetty-server/9.3.25.v20180904/jetty-server-9.3.25.v20180904.jar:/home/user/.m2/repository/org/eclipse/jetty/jetty-http/9.3.25.v20180904/jetty-http-9.3.25.v20180904.jar:/home/user/.m2/repository/org/eclipse/jetty/jetty-io/9.3.25.v20180904/jetty-io-9.3.25.v20180904.jar:/home/user/.m2/repository/org/eclipse/jetty/jetty-webapp/9.3.25.v20180904/jetty-webapp-9.3.25.v20180904.jar:/home/user/.m2/repository/org/eclipse/jetty/jetty-xml/9.3.25.v20180904/jetty-xml-9.3.25.v20180904.jar:/home/user/.m2/repository/log4j/log4j/1.2.17/log4j-1.2.17.jar:/home/user/.m2/repository/org/slf4j/slf4j-api/1.7.25/slf4j-api-1.7.25.jar:/home/user/.m2/repository/org/slf4j/jul-to-slf4j/1.7.25/jul-to-slf4j-1.7.25.jar:/home/user/.m2/repository/org/eclipse/jetty/jetty-util/9.3.25.v20180904/jetty-util-9.3.25.v20180904.jar:/home/user/.m2/repository/com/fasterxml/jackson/core/jackson-databind/2.9.9/jackson-databind-2.9.9.jar:/home/user/.m2/repository/org/apache/hadoop/hadoop-kms/3.2.0/hadoop-kms-3.2.0-tests.jar:/home/user/.m2/repository/org/apache/hadoop/hadoop-hdds-server-scm/0.5.0-SNAPSHOT/hadoop-hdds-server-scm-0.5.0-SNAPSHOT-tests.jar:/home/user/.m2/repository/org/apache/hadoop/hadoop-hdds-container-service/0.5.0-SNAPSHOT/hadoop-hdds-container-service-0.5.0-SNAPSHOT-tests.jar:/home/user/.m2/repository/org/yaml/snakeyaml/1.16/snakeyaml-1.16.jar:/home/user/.m2/repository/org/apache/hadoop/hadoop-common/3.2.0/hadoop-common-3.2.0-tests.jar:/home/user/.m2/repository/org/apache/hadoop/hadoop-annotations/3.2.0/hadoop-annotations-3.2.0.jar:/usr/lib/jvm/java-1.8.0-openjdk-1.8.0.222.b10-1.el7_7.x86_64/jre/../lib/tools.jar:/home/user/.m2/repository/commons-cli/commons-cli/1.2/commons-cli-1.2.jar:/home/user/.m2/repository/org/apache/httpcomponents/httpclient/4.5.2/httpclient-4.5.2.jar:/home/user/.m2/repository/org/apache/httpcomponents/httpcore/4.4.4/httpcore-4.4.4.jar:/home/user/.m2/repository/commons-codec/commons-codec/1.11/commons-codec-1.11.jar:/home/user/.m2/repository/commons-net/commons-net/3.6/commons-net-3.6.jar:/home/user/.m2/repository/commons-collections/commons-collections/3.2.2/commons-collections-3.2.2.jar:/home/user/.m2/repository/org/eclipse/jetty/jetty-servlet/9.3.25.v20180904/jetty-servlet-9.3.25.v20180904.jar:/home/user/.m2/repository/org/eclipse/jetty/jetty-security/9.3.25.v20180904/jetty-security-9.3.25.v20180904.jar:/home/user/.m2/repository/javax/servlet/jsp/jsp-api/2.1/jsp-api-2.1.jar:/home/user/.m2/repository/com/sun/jersey/jersey-servlet/1.19/jersey-servlet-1.19.jar:/home/user/.m2/repository/com/sun/jersey/jersey-json/1.19/jersey-json-1.19.jar:/home/user/.m2/repository/org/codehaus/jettison/jettison/1.1/jettison-1.1.jar:/home/user/.m2/repository/org/codehaus/jackson/jackson-core-asl/1.9.13/jackson-core-asl-1.9.13.jar:/home/user/.m2/repository/org/codehaus/jackson/jackson-mapper-asl/1.9.13/jackson-mapper-asl-1.9.13.jar:/home/user/.m2/repository/org/codehaus/jackson/jackson-jaxrs/1.9.13/jackson-jaxrs-1.9.13.jar:/home/user/.m2/repository/org/codehaus/jackson/jackson-xc/1.9.13/jackson-xc-1.9.13.jar:/home/user/.m2/repository/commons-logging/commons-logging/1.1.3/commons-logging-1.1.3.jar:/home/user/.m2/repository/commons-beanutils/commons-beanutils/1.9.4/commons-beanutils-1.9.4.jar:/home/user/.m2/repository/org/apache/commons/commons-configuration2/2.1.1/commons-configuration2-2.1.1.jar:/home/user/.m2/repository/org/apache/commons/commons-lang3/3.7/commons-lang3-3.7.jar:/home/user/.m2/repository/org/apache/commons/commons-text/1.4/commons-text-1.4.jar:/home/user/.m2/repository/org/apache/avro/avro/1.7.7/avro-1.7.7.jar:/home/user/.m2/repository/com/thoughtworks/paranamer/paranamer/2.3/paranamer-2.3.jar:/home/user/.m2/repository/org/xerial/snappy/snappy-java/1.0.5/snappy-java-1.0.5.jar:/home/user/.m2/repository/com/google/re2j/re2j/1.1/re2j-1.1.jar:/home/user/.m2/repository/com/google/code/gson/gson/2.2.4/gson-2.2.4.jar:/home/user/.m2/repository/com/jcraft/jsch/0.1.54/jsch-0.1.54.jar:/home/user/.m2/repository/org/apache/curator/curator-client/2.12.0/curator-client-2.12.0.jar:/home/user/.m2/repository/org/apache/curator/curator-recipes/2.12.0/curator-recipes-2.12.0.jar:/home/user/.m2/repository/com/google/code/findbugs/jsr305/3.0.0/jsr305-3.0.0.jar:/home/user/.m2/repository/org/apache/htrace/htrace-core4/4.1.0-incubating/htrace-core4-4.1.0-incubating.jar:/home/user/.m2/repository/org/apache/zookeeper/zookeeper/3.4.13/zookeeper-3.4.13.jar:/home/user/.m2/repository/jline/jline/0.9.94/jline-0.9.94.jar:/home/user/.m2/repository/org/apache/yetus/audience-annotations/0.5.0/audience-annotations-0.5.0.jar:/home/user/.m2/repository/org/codehaus/woodstox/stax2-api/3.1.4/stax2-api-3.1.4.jar:/home/user/.m2/repository/com/fasterxml/woodstox/woodstox-core/5.0.3/woodstox-core-5.0.3.jar:/home/user/.m2/repository/dnsjava/dnsjava/2.1.7/dnsjava-2.1.7.jar:/home/user/.m2/repository/org/apache/hadoop/hadoop-hdfs/3.2.0/hadoop-hdfs-3.2.0-tests.jar:/home/user/.m2/repository/org/eclipse/jetty/jetty-util-ajax/9.3.25.v20180904/jetty-util-ajax-9.3.25.v20180904.jar:/home/user/.m2/repository/commons-daemon/commons-daemon/1.0.13/commons-daemon-1.0.13.jar:/home/user/.m2/repository/io/netty/netty/3.10.5.Final/netty-3.10.5.Final.jar:/home/user/.m2/repository/io/netty/netty-all/4.0.52.Final/netty-all-4.0.52.Final.jar:/home/user/.m2/repository/org/fusesource/leveldbjni/leveldbjni-all/1.8/leveldbjni-all-1.8.jar:"/>
    <property name="sun.cpu.endian" value="little"/>
    <property name="user.home" value="/home/user"/>
    <property name="user.language" value="en"/>
    <property name="java.specification.vendor" value="Oracle Corporation"/>
    <property name="java.home" value="/usr/lib/jvm/java-1.8.0-openjdk-1.8.0.222.b10-1.el7_7.x86_64/jre"/>
    <property name="surefire.excludesFile" value="/tools/ozone-bad-unit-tests"/>
    <property name="java.security.krb5.conf" value="/workdir/hadoop-ozone/integration-test/target/test-classes/krb5.conf"/>
    <property name="basedir" value="/workdir/hadoop-ozone/integration-test"/>
    <property name="file.separator" value="/"/>
    <property name="line.separator" value="&#10;"/>
    <property name="java.vm.specification.vendor" value="Oracle Corporation"/>
    <property name="java.specification.name" value="Java Platform API Specification"/>
    <property name="java.awt.graphicsenv" value="sun.awt.X11GraphicsEnvironment"/>
    <property name="surefire.real.class.path" value="/workdir/hadoop-ozone/integration-test/target/surefire/surefirebooter2848164915824582653.jar"/>
    <property name="hadoop.log.dir" value="/workdir/hadoop-ozone/integration-test/target/log"/>
    <property name="sun.boot.class.path" value="/usr/lib/jvm/java-1.8.0-openjdk-1.8.0.222.b10-1.el7_7.x86_64/jre/lib/resources.jar:/usr/lib/jvm/java-1.8.0-openjdk-1.8.0.222.b10-1.el7_7.x86_64/jre/lib/rt.jar:/usr/lib/jvm/java-1.8.0-openjdk-1.8.0.222.b10-1.el7_7.x86_64/jre/lib/sunrsasign.jar:/usr/lib/jvm/java-1.8.0-openjdk-1.8.0.222.b10-1.el7_7.x86_64/jre/lib/jsse.jar:/usr/lib/jvm/java-1.8.0-openjdk-1.8.0.222.b10-1.el7_7.x86_64/jre/lib/jce.jar:/usr/lib/jvm/java-1.8.0-openjdk-1.8.0.222.b10-1.el7_7.x86_64/jre/lib/charsets.jar:/usr/lib/jvm/java-1.8.0-openjdk-1.8.0.222.b10-1.el7_7.x86_64/jre/lib/jfr.jar:/usr/lib/jvm/java-1.8.0-openjdk-1.8.0.222.b10-1.el7_7.x86_64/jre/classes"/>
    <property name="sun.management.compiler" value="HotSpot 64-Bit Tiered Compilers"/>
    <property name="java.runtime.version" value="1.8.0_222-b10"/>
    <property name="java.net.preferIPv4Stack" value="true"/>
    <property name="user.name" value="jenkins1000"/>
    <property name="path.separator" value=":"/>
    <property name="java.security.egd" value="file:///dev/urandom"/>
    <property name="os.version" value="3.10.0-957.12.2.el7.x86_64"/>
    <property name="java.endorsed.dirs" value="/usr/lib/jvm/java-1.8.0-openjdk-1.8.0.222.b10-1.el7_7.x86_64/jre/lib/endorsed"/>
    <property name="java.runtime.name" value="OpenJDK Runtime Environment"/>
    <property name="file.encoding" value="ANSI_X3.4-1968"/>
    <property name="java.vm.name" value="OpenJDK 64-Bit Server VM"/>
    <property name="test.build.webapps" value=""/>
    <property name="localRepository" value="/home/user/.m2/repository"/>
    <property name="java.vendor.url.bug" value="http://bugreport.sun.com/bugreport/"/>
    <property name="java.io.tmpdir" value="/tmp"/>
    <property name="require.test.libhadoop" value=""/>
    <property name="java.version" value="1.8.0_222"/>
    <property name="user.dir" value="/workdir/hadoop-ozone/integration-test"/>
    <property name="os.arch" value="amd64"/>
    <property name="java.vm.specification.name" value="Java Virtual Machine Specification"/>
    <property name="test.build.classes" value="/workdir/hadoop-ozone/integration-test/target/test-classes"/>
    <property name="java.awt.printerjob" value="sun.print.PSPrinterJob"/>
    <property name="sun.os.patch.level" value="unknown"/>
    <property name="hadoop.tmp.dir" value="/workdir/hadoop-ozone/integration-test/target/tmp"/>
    <property name="java.library.path" value="/usr/lib:/workdir/hadoop-ozone/integration-test/target/native/target/usr/local/lib:/workdir/hadoop-ozone/integration-test/../../hadoop-common-project/hadoop-common/target/native/target/usr/local/lib:/usr/java/packages/lib/amd64:/usr/lib64:/lib64:/lib:/usr/lib"/>
    <property name="java.vm.info" value="mixed mode"/>
    <property name="java.vendor" value="Oracle Corporation"/>
    <property name="java.vm.version" value="25.222-b10"/>
    <property name="java.ext.dirs" value="/usr/lib/jvm/java-1.8.0-openjdk-1.8.0.222.b10-1.el7_7.x86_64/jre/lib/ext:/usr/java/packages/lib/ext"/>
    <property name="sun.io.unicode.encoding" value="UnicodeLittle"/>
    <property name="java.class.version" value="52.0"/>
  </properties>
  <testcase name="test2DatanodesFailure" classname="org.apache.hadoop.ozone.client.rpc.TestBlockOutputStreamWithFailures" time="43.998">
    <error message="Allocated 0 blocks. Requested 1 blocks" type="INTERNAL_ERROR org.apache.hadoop.ozone.om.exceptions.OMException">INTERNAL_ERROR org.apache.hadoop.ozone.om.exceptions.OMException: Allocated 0 blocks. Requested 1 blocks
	at org.apache.hadoop.ozone.om.protocolPB.OzoneManagerProtocolClientSideTranslatorPB.handleError(OzoneManagerProtocolClientSideTranslatorPB.java:732)
	at org.apache.hadoop.ozone.om.protocolPB.OzoneManagerProtocolClientSideTranslatorPB.allocateBlock(OzoneManagerProtocolClientSideTranslatorPB.java:764)
	at sun.reflect.NativeMethodAccessorImpl.invoke0(Native Method)
	at sun.reflect.NativeMethodAccessorImpl.invoke(NativeMethodAccessorImpl.java:62)
	at sun.reflect.DelegatingMethodAccessorImpl.invoke(DelegatingMethodAccessorImpl.java:43)
	at java.lang.reflect.Method.invoke(Method.java:498)
	at org.apache.hadoop.hdds.tracing.TraceAllMethod.invoke(TraceAllMethod.java:66)
	at com.sun.proxy.$Proxy37.allocateBlock(Unknown Source)
	at org.apache.hadoop.ozone.client.io.BlockOutputStreamEntryPool.allocateNewBlock(BlockOutputStreamEntryPool.java:258)
	at org.apache.hadoop.ozone.client.io.BlockOutputStreamEntryPool.allocateBlockIfNeeded(BlockOutputStreamEntryPool.java:306)
	at org.apache.hadoop.ozone.client.io.KeyOutputStream.handleWrite(KeyOutputStream.java:198)
	at org.apache.hadoop.ozone.client.io.KeyOutputStream.handleRetry(KeyOutputStream.java:375)
	at org.apache.hadoop.ozone.client.io.KeyOutputStream.handleException(KeyOutputStream.java:324)
	at org.apache.hadoop.ozone.client.io.KeyOutputStream.handleFlushOrClose(KeyOutputStream.java:449)
	at org.apache.hadoop.ozone.client.io.KeyOutputStream.flush(KeyOutputStream.java:397)
	at org.apache.hadoop.ozone.client.io.OzoneOutputStream.flush(OzoneOutputStream.java:54)
	at org.apache.hadoop.ozone.client.rpc.TestBlockOutputStreamWithFailures.test2DatanodesFailure(TestBlockOutputStreamWithFailures.java:502)
	at sun.reflect.NativeMethodAccessorImpl.invoke0(Native Method)
	at sun.reflect.NativeMethodAccessorImpl.invoke(NativeMethodAccessorImpl.java:62)
	at sun.reflect.DelegatingMethodAccessorImpl.invoke(DelegatingMethodAccessorImpl.java:43)
	at java.lang.reflect.Method.invoke(Method.java:498)
	at org.junit.runners.model.FrameworkMethod$1.runReflectiveCall(FrameworkMethod.java:47)
	at org.junit.internal.runners.model.ReflectiveCallable.run(ReflectiveCallable.java:12)
	at org.junit.runners.model.FrameworkMethod.invokeExplosively(FrameworkMethod.java:44)
	at org.junit.internal.runners.statements.InvokeMethod.evaluate(InvokeMethod.java:17)
	at org.junit.internal.runners.statements.RunBefores.evaluate(RunBefores.java:26)
	at org.junit.internal.runners.statements.RunAfters.evaluate(RunAfters.java:27)
	at org.junit.runners.ParentRunner.runLeaf(ParentRunner.java:271)
	at org.junit.runners.BlockJUnit4ClassRunner.runChild(BlockJUnit4ClassRunner.java:70)
	at org.junit.runners.BlockJUnit4ClassRunner.runChild(BlockJUnit4ClassRunner.java:50)
	at org.junit.runners.ParentRunner$3.run(ParentRunner.java:238)
	at org.junit.runners.ParentRunner$1.schedule(ParentRunner.java:63)
	at org.junit.runners.ParentRunner.runChildren(ParentRunner.java:236)
	at org.junit.runners.ParentRunner.access$000(ParentRunner.java:53)
	at org.junit.runners.ParentRunner$2.evaluate(ParentRunner.java:229)
	at org.junit.runners.ParentRunner.run(ParentRunner.java:309)
	at org.apache.maven.surefire.junit4.JUnit4Provider.execute(JUnit4Provider.java:365)
	at org.apache.maven.surefire.junit4.JUnit4Provider.executeWithRerun(JUnit4Provider.java:273)
	at org.apache.maven.surefire.junit4.JUnit4Provider.executeTestSet(JUnit4Provider.java:238)
	at org.apache.maven.surefire.junit4.JUnit4Provider.invoke(JUnit4Provider.java:159)
	at org.apache.maven.surefire.booter.ForkedBooter.invokeProviderInSameClassLoader(ForkedBooter.java:384)
	at org.apache.maven.surefire.booter.ForkedBooter.runSuitesInProcess(ForkedBooter.java:345)
	at org.apache.maven.surefire.booter.ForkedBooter.execute(ForkedBooter.java:126)
	at org.apache.maven.surefire.booter.ForkedBooter.main(ForkedBooter.java:418)
</error>
    <system-out><![CDATA[2019-10-15 22:54:30,369 [main] WARN  server.ServerUtils (ServerUtils.java:getScmDbDir(145)) - ozone.scm.db.dirs is not configured. We recommend adding this setting. Falling back to ozone.metadata.dirs instead.
2019-10-15 22:54:30,477 [main] WARN  server.ServerUtils (ServerUtils.java:getScmDbDir(145)) - ozone.scm.db.dirs is not configured. We recommend adding this setting. Falling back to ozone.metadata.dirs instead.
2019-10-15 22:54:30,480 [main] WARN  server.ServerUtils (ServerUtils.java:getScmDbDir(145)) - ozone.scm.db.dirs is not configured. We recommend adding this setting. Falling back to ozone.metadata.dirs instead.
2019-10-15 22:54:30,502 [main] INFO  util.log (Log.java:initialized(192)) - Logging initialized @846ms
2019-10-15 22:54:30,585 [main] INFO  db.DBStoreBuilder (DBStoreBuilder.java:addTable(117)) - using custom profile for table: deletedBlocks
2019-10-15 22:54:30,585 [main] INFO  db.DBStoreBuilder (DBStoreBuilder.java:processTables(168)) - Using default column profile:DBProfile.DISK for Table:deletedBlocks
2019-10-15 22:54:30,585 [main] INFO  db.DBStoreBuilder (DBStoreBuilder.java:addTable(117)) - using custom profile for table: validCerts
2019-10-15 22:54:30,586 [main] INFO  db.DBStoreBuilder (DBStoreBuilder.java:processTables(168)) - Using default column profile:DBProfile.DISK for Table:validCerts
2019-10-15 22:54:30,586 [main] INFO  db.DBStoreBuilder (DBStoreBuilder.java:addTable(117)) - using custom profile for table: revokedCerts
2019-10-15 22:54:30,586 [main] INFO  db.DBStoreBuilder (DBStoreBuilder.java:processTables(168)) - Using default column profile:DBProfile.DISK for Table:revokedCerts
2019-10-15 22:54:30,595 [main] INFO  db.DBStoreBuilder (DBStoreBuilder.java:addTable(117)) - using custom profile for table: default
2019-10-15 22:54:30,595 [main] INFO  db.DBStoreBuilder (DBStoreBuilder.java:processTables(174)) - Using default column profile:DBProfile.DISK for Table:default
2019-10-15 22:54:30,596 [main] INFO  db.DBStoreBuilder (DBStoreBuilder.java:getDbProfile(205)) - Using default options. DBProfile.DISK
2019-10-15 22:54:30,933 [main] INFO  net.NodeSchemaLoader (NodeSchemaLoader.java:loadSchemaFromFile(125)) - Loading file from sun.misc.CompoundEnumeration@36fc695d
2019-10-15 22:54:30,935 [main] INFO  net.NodeSchemaLoader (NodeSchemaLoader.java:loadSchema(171)) - Loading network topology layer schema file
2019-10-15 22:54:30,994 [main] INFO  node.SCMNodeManager (SCMNodeManager.java:<init>(116)) - Entering startup safe mode.
2019-10-15 22:54:31,078 [main] INFO  algorithms.ContainerPlacementPolicyFactory (ContainerPlacementPolicyFactory.java:getPolicy(57)) - Create container placement policy of type org.apache.hadoop.hdds.scm.container.placement.algorithms.SCMContainerPlacementRandom
2019-10-15 22:54:31,095 [main] WARN  server.ServerUtils (ServerUtils.java:getScmDbDir(145)) - ozone.scm.db.dirs is not configured. We recommend adding this setting. Falling back to ozone.metadata.dirs instead.
2019-10-15 22:54:31,156 [main] INFO  pipeline.SCMPipelineManager (SCMPipelineManager.java:initializePipelineState(132)) - No pipeline exists in current db
2019-10-15 22:54:31,160 [main] WARN  server.ServerUtils (ServerUtils.java:getScmDbDir(145)) - ozone.scm.db.dirs is not configured. We recommend adding this setting. Falling back to ozone.metadata.dirs instead.
2019-10-15 22:54:31,323 [main] WARN  events.EventQueue (EventQueue.java:fireEvent(183)) - No event handler registered for event TypedEvent{payloadType=SafeModeStatus, name='SafeModeStatus'}
2019-10-15 22:54:31,740 [main] INFO  ipc.CallQueueManager (CallQueueManager.java:<init>(84)) - Using callQueue: class java.util.concurrent.LinkedBlockingQueue, queueCapacity: 2000, scheduler: class org.apache.hadoop.ipc.DefaultRpcScheduler, ipcBackoff: false.
2019-10-15 22:54:31,764 [Socket Reader #1 for port 45853] INFO  ipc.Server (Server.java:run(1074)) - Starting Socket Reader #1 for port 45853
2019-10-15 22:54:31,912 [main] INFO  ipc.CallQueueManager (CallQueueManager.java:<init>(84)) - Using callQueue: class java.util.concurrent.LinkedBlockingQueue, queueCapacity: 2000, scheduler: class org.apache.hadoop.ipc.DefaultRpcScheduler, ipcBackoff: false.
2019-10-15 22:54:31,913 [Socket Reader #1 for port 33230] INFO  ipc.Server (Server.java:run(1074)) - Starting Socket Reader #1 for port 33230
2019-10-15 22:54:31,924 [main] INFO  ipc.CallQueueManager (CallQueueManager.java:<init>(84)) - Using callQueue: class java.util.concurrent.LinkedBlockingQueue, queueCapacity: 2000, scheduler: class org.apache.hadoop.ipc.DefaultRpcScheduler, ipcBackoff: false.
2019-10-15 22:54:31,925 [Socket Reader #1 for port 35687] INFO  ipc.Server (Server.java:run(1074)) - Starting Socket Reader #1 for port 35687
2019-10-15 22:54:31,952 [main] INFO  hdfs.DFSUtil (DFSUtil.java:httpServerTemplateForNNAndJN(1641)) - Starting Web-server for scm at: http://0.0.0.0:0
2019-10-15 22:54:32,139 [main] INFO  server.AuthenticationFilter (AuthenticationFilter.java:constructSecretProvider(240)) - Unable to initialize FileSignerSecretProvider, falling back to use random secrets.
2019-10-15 22:54:32,149 [main] WARN  http.HttpRequestLog (HttpRequestLog.java:getRequestLog(97)) - Jetty request log can only be enabled using Log4j
2019-10-15 22:54:32,157 [main] INFO  http.HttpServer2 (HttpServer2.java:addGlobalFilter(975)) - Added global filter 'safety' (class=org.apache.hadoop.http.HttpServer2$QuotingInputFilter)
2019-10-15 22:54:32,160 [main] INFO  http.HttpServer2 (HttpServer2.java:addFilter(948)) - Added filter static_user_filter (class=org.apache.hadoop.http.lib.StaticUserWebFilter$StaticUserFilter) to context scm
2019-10-15 22:54:32,160 [main] INFO  http.HttpServer2 (HttpServer2.java:addFilter(958)) - Added filter static_user_filter (class=org.apache.hadoop.http.lib.StaticUserWebFilter$StaticUserFilter) to context static
2019-10-15 22:54:32,161 [main] INFO  http.HttpServer2 (HttpServer2.java:addFilter(958)) - Added filter static_user_filter (class=org.apache.hadoop.http.lib.StaticUserWebFilter$StaticUserFilter) to context logs
2019-10-15 22:54:32,195 [main] INFO  server.StorageContainerManager (StorageContainerManager.java:start(772)) - StorageContainerLocationProtocol RPC server is listening at /0.0.0.0:35687
2019-10-15 22:54:32,270 [main] WARN  impl.MetricsConfig (MetricsConfig.java:loadFirst(134)) - Cannot locate configuration: tried hadoop-metrics2-storagecontainermanager.properties,hadoop-metrics2.properties
2019-10-15 22:54:32,284 [main] INFO  impl.MetricsSystemImpl (MetricsSystemImpl.java:startTimer(374)) - Scheduled Metric snapshot period at 10 second(s).
2019-10-15 22:54:32,284 [main] INFO  impl.MetricsSystemImpl (MetricsSystemImpl.java:start(191)) - StorageContainerManager metrics system started
2019-10-15 22:54:32,518 [main] INFO  server.SCMClientProtocolServer (SCMClientProtocolServer.java:start(159)) - RPC server for Client  is listening at /0.0.0.0:35687
2019-10-15 22:54:32,519 [IPC Server Responder] INFO  ipc.Server (Server.java:run(1314)) - IPC Server Responder: starting
2019-10-15 22:54:32,519 [IPC Server listener on 35687] INFO  ipc.Server (Server.java:run(1153)) - IPC Server listener on 35687: starting
2019-10-15 22:54:32,522 [main] INFO  server.StorageContainerManager (StorageContainerManager.java:start(782)) - ScmBlockLocationProtocol RPC server is listening at /0.0.0.0:33230
2019-10-15 22:54:32,523 [main] INFO  server.SCMBlockProtocolServer (SCMBlockProtocolServer.java:start(146)) - RPC server for Block Protocol is listening at /0.0.0.0:33230
2019-10-15 22:54:32,523 [IPC Server Responder] INFO  ipc.Server (Server.java:run(1314)) - IPC Server Responder: starting
2019-10-15 22:54:32,523 [IPC Server listener on 33230] INFO  ipc.Server (Server.java:run(1153)) - IPC Server listener on 33230: starting
2019-10-15 22:54:32,525 [main] INFO  server.StorageContainerManager (StorageContainerManager.java:start(786)) - ScmDatanodeProtocl RPC server is listening at /0.0.0.0:45853
2019-10-15 22:54:32,526 [main] INFO  server.SCMDatanodeProtocolServer (SCMDatanodeProtocolServer.java:start(169)) - RPC server for DataNodes is listening at /0.0.0.0:45853
2019-10-15 22:54:32,527 [IPC Server Responder] INFO  ipc.Server (Server.java:run(1314)) - IPC Server Responder: starting
2019-10-15 22:54:32,527 [IPC Server listener on 45853] INFO  ipc.Server (Server.java:run(1153)) - IPC Server listener on 45853: starting
2019-10-15 22:54:32,530 [main] INFO  http.HttpServer2 (HttpServer2.java:bindListener(1191)) - Jetty bound to port 42850
2019-10-15 22:54:32,532 [main] INFO  server.Server (Server.java:doStart(351)) - jetty-9.3.25.v20180904, build timestamp: 2018-09-04T21:11:46Z, git hash: 3ce520221d0240229c862b122d2b06c12a625732
2019-10-15 22:54:32,569 [main] INFO  handler.ContextHandler (ContextHandler.java:doStart(781)) - Started o.e.j.s.ServletContextHandler@2320fa6f{/logs,file:///workdir/hadoop-ozone/integration-test/target/log,AVAILABLE}
2019-10-15 22:54:32,570 [main] INFO  handler.ContextHandler (ContextHandler.java:doStart(781)) - Started o.e.j.s.ServletContextHandler@4d722ac9{/static,file:///workdir/hadoop-ozone/integration-test/target/test-classes/webapps/static,AVAILABLE}
2019-10-15 22:54:32,602 [main] INFO  handler.ContextHandler (ContextHandler.java:doStart(781)) - Started o.e.j.w.WebAppContext@617fe9e1{/,file:///workdir/hadoop-ozone/integration-test/target/test-classes/webapps/scm/,AVAILABLE}{/scm}
2019-10-15 22:54:32,608 [main] INFO  server.AbstractConnector (AbstractConnector.java:doStart(278)) - Started ServerConnector@5aceec94{HTTP/1.1,[http/1.1]}{0.0.0.0:42850}
2019-10-15 22:54:32,608 [main] INFO  server.Server (Server.java:doStart(419)) - Started @2952ms
2019-10-15 22:54:32,610 [main] INFO  impl.MetricsSinkAdapter (MetricsSinkAdapter.java:start(204)) - Sink prometheus started
2019-10-15 22:54:32,610 [main] INFO  impl.MetricsSystemImpl (MetricsSystemImpl.java:registerSink(301)) - Registered sink prometheus
2019-10-15 22:54:32,612 [main] INFO  server.BaseHttpServer (BaseHttpServer.java:updateConnectorAddress(215)) - HTTP server of SCM is listening at http://0.0.0.0:42850
2019-10-15 22:54:32,619 [org.apache.hadoop.util.JvmPauseMonitor$Monitor@3deb2326] INFO  util.JvmPauseMonitor (JvmPauseMonitor.java:run(188)) - Starting JVM pause monitor
2019-10-15 22:54:32,623 [main] WARN  server.ServerUtils (ServerUtils.java:getDBPath(222)) - ozone.om.db.dirs is not configured. We recommend adding this setting. Falling back to ozone.metadata.dirs instead.
2019-10-15 22:54:32,730 [main] INFO  ha.OMHANodeDetails (OMHANodeDetails.java:loadOMHAConfig(190)) - Configuration either no ozone.om.address set. Falling back to the default OM address /127.0.0.1:0
2019-10-15 22:54:32,731 [main] INFO  ha.OMHANodeDetails (OMHANodeDetails.java:getOMNodeDetails(220)) - OM Service ID is not set. Setting it to the default ID: omServiceIdDefault
2019-10-15 22:54:32,732 [main] WARN  server.ServerUtils (ServerUtils.java:getDBPath(222)) - ozone.om.db.dirs is not configured. We recommend adding this setting. Falling back to ozone.metadata.dirs instead.
2019-10-15 22:54:32,733 [main] WARN  server.ServerUtils (ServerUtils.java:getDBPath(222)) - ozone.om.db.dirs is not configured. We recommend adding this setting. Falling back to ozone.metadata.dirs instead.
2019-10-15 22:54:33,377 [main] WARN  server.ServerUtils (ServerUtils.java:getDBPath(222)) - ozone.om.db.dirs is not configured. We recommend adding this setting. Falling back to ozone.metadata.dirs instead.
2019-10-15 22:54:33,385 [main] INFO  db.DBStoreBuilder (DBStoreBuilder.java:addTable(117)) - using custom profile for table: userTable
2019-10-15 22:54:33,386 [main] INFO  db.DBStoreBuilder (DBStoreBuilder.java:processTables(168)) - Using default column profile:DBProfile.DISK for Table:userTable
2019-10-15 22:54:33,386 [main] INFO  db.DBStoreBuilder (DBStoreBuilder.java:addTable(117)) - using custom profile for table: volumeTable
2019-10-15 22:54:33,386 [main] INFO  db.DBStoreBuilder (DBStoreBuilder.java:processTables(168)) - Using default column profile:DBProfile.DISK for Table:volumeTable
2019-10-15 22:54:33,386 [main] INFO  db.DBStoreBuilder (DBStoreBuilder.java:addTable(117)) - using custom profile for table: bucketTable
2019-10-15 22:54:33,387 [main] INFO  db.DBStoreBuilder (DBStoreBuilder.java:processTables(168)) - Using default column profile:DBProfile.DISK for Table:bucketTable
2019-10-15 22:54:33,387 [main] INFO  db.DBStoreBuilder (DBStoreBuilder.java:addTable(117)) - using custom profile for table: keyTable
2019-10-15 22:54:33,387 [main] INFO  db.DBStoreBuilder (DBStoreBuilder.java:processTables(168)) - Using default column profile:DBProfile.DISK for Table:keyTable
2019-10-15 22:54:33,387 [main] INFO  db.DBStoreBuilder (DBStoreBuilder.java:addTable(117)) - using custom profile for table: deletedTable
2019-10-15 22:54:33,388 [main] INFO  db.DBStoreBuilder (DBStoreBuilder.java:processTables(168)) - Using default column profile:DBProfile.DISK for Table:deletedTable
2019-10-15 22:54:33,388 [main] INFO  db.DBStoreBuilder (DBStoreBuilder.java:addTable(117)) - using custom profile for table: openKeyTable
2019-10-15 22:54:33,388 [main] INFO  db.DBStoreBuilder (DBStoreBuilder.java:processTables(168)) - Using default column profile:DBProfile.DISK for Table:openKeyTable
2019-10-15 22:54:33,388 [main] INFO  db.DBStoreBuilder (DBStoreBuilder.java:addTable(117)) - using custom profile for table: s3Table
2019-10-15 22:54:33,389 [main] INFO  db.DBStoreBuilder (DBStoreBuilder.java:processTables(168)) - Using default column profile:DBProfile.DISK for Table:s3Table
2019-10-15 22:54:33,389 [main] INFO  db.DBStoreBuilder (DBStoreBuilder.java:addTable(117)) - using custom profile for table: multipartInfoTable
2019-10-15 22:54:33,389 [main] INFO  db.DBStoreBuilder (DBStoreBuilder.java:processTables(168)) - Using default column profile:DBProfile.DISK for Table:multipartInfoTable
2019-10-15 22:54:33,389 [main] INFO  db.DBStoreBuilder (DBStoreBuilder.java:addTable(117)) - using custom profile for table: dTokenTable
2019-10-15 22:54:33,390 [main] INFO  db.DBStoreBuilder (DBStoreBuilder.java:processTables(168)) - Using default column profile:DBProfile.DISK for Table:dTokenTable
2019-10-15 22:54:33,390 [main] INFO  db.DBStoreBuilder (DBStoreBuilder.java:addTable(117)) - using custom profile for table: s3SecretTable
2019-10-15 22:54:33,390 [main] INFO  db.DBStoreBuilder (DBStoreBuilder.java:processTables(168)) - Using default column profile:DBProfile.DISK for Table:s3SecretTable
2019-10-15 22:54:33,390 [main] INFO  db.DBStoreBuilder (DBStoreBuilder.java:addTable(117)) - using custom profile for table: prefixTable
2019-10-15 22:54:33,391 [main] INFO  db.DBStoreBuilder (DBStoreBuilder.java:processTables(168)) - Using default column profile:DBProfile.DISK for Table:prefixTable
2019-10-15 22:54:33,391 [main] INFO  db.DBStoreBuilder (DBStoreBuilder.java:addTable(117)) - using custom profile for table: default
2019-10-15 22:54:33,391 [main] INFO  db.DBStoreBuilder (DBStoreBuilder.java:processTables(174)) - Using default column profile:DBProfile.DISK for Table:default
2019-10-15 22:54:33,391 [main] INFO  db.DBStoreBuilder (DBStoreBuilder.java:getDbProfile(205)) - Using default options. DBProfile.DISK
2019-10-15 22:54:33,781 [main] INFO  ipc.CallQueueManager (CallQueueManager.java:<init>(84)) - Using callQueue: class java.util.concurrent.LinkedBlockingQueue, queueCapacity: 2000, scheduler: class org.apache.hadoop.ipc.DefaultRpcScheduler, ipcBackoff: false.
2019-10-15 22:54:33,782 [Socket Reader #1 for port 38780] INFO  ipc.Server (Server.java:run(1074)) - Starting Socket Reader #1 for port 38780
2019-10-15 22:54:33,805 [main] INFO  om.OzoneManager (OzoneManager.java:start(1071)) - OzoneManager RPC server is listening at localhost/127.0.0.1:38780
2019-10-15 22:54:33,806 [main] INFO  impl.MetricsSystemImpl (MetricsSystemImpl.java:init(158)) - OzoneManager metrics system started (again)
2019-10-15 22:54:33,813 [IPC Server Responder] INFO  ipc.Server (Server.java:run(1314)) - IPC Server Responder: starting
2019-10-15 22:54:33,814 [IPC Server listener on 38780] INFO  ipc.Server (Server.java:run(1153)) - IPC Server listener on 38780: starting
2019-10-15 22:54:33,820 [main] INFO  hdfs.DFSUtil (DFSUtil.java:httpServerTemplateForNNAndJN(1641)) - Starting Web-server for ozoneManager at: http://0.0.0.0:0
2019-10-15 22:54:33,822 [main] INFO  server.AuthenticationFilter (AuthenticationFilter.java:constructSecretProvider(240)) - Unable to initialize FileSignerSecretProvider, falling back to use random secrets.
2019-10-15 22:54:33,823 [main] WARN  http.HttpRequestLog (HttpRequestLog.java:getRequestLog(97)) - Jetty request log can only be enabled using Log4j
2019-10-15 22:54:33,825 [main] INFO  http.HttpServer2 (HttpServer2.java:addGlobalFilter(975)) - Added global filter 'safety' (class=org.apache.hadoop.http.HttpServer2$QuotingInputFilter)
2019-10-15 22:54:33,826 [main] INFO  http.HttpServer2 (HttpServer2.java:addFilter(948)) - Added filter static_user_filter (class=org.apache.hadoop.http.lib.StaticUserWebFilter$StaticUserFilter) to context ozoneManager
2019-10-15 22:54:33,826 [main] INFO  http.HttpServer2 (HttpServer2.java:addFilter(958)) - Added filter static_user_filter (class=org.apache.hadoop.http.lib.StaticUserWebFilter$StaticUserFilter) to context static
2019-10-15 22:54:33,826 [main] INFO  http.HttpServer2 (HttpServer2.java:addFilter(958)) - Added filter static_user_filter (class=org.apache.hadoop.http.lib.StaticUserWebFilter$StaticUserFilter) to context logs
2019-10-15 22:54:33,828 [main] INFO  http.HttpServer2 (HttpServer2.java:bindListener(1191)) - Jetty bound to port 36165
2019-10-15 22:54:33,828 [main] INFO  server.Server (Server.java:doStart(351)) - jetty-9.3.25.v20180904, build timestamp: 2018-09-04T21:11:46Z, git hash: 3ce520221d0240229c862b122d2b06c12a625732
2019-10-15 22:54:33,830 [main] INFO  handler.ContextHandler (ContextHandler.java:doStart(781)) - Started o.e.j.s.ServletContextHandler@56da52a7{/logs,file:///workdir/hadoop-ozone/integration-test/target/log,AVAILABLE}
2019-10-15 22:54:33,831 [main] INFO  handler.ContextHandler (ContextHandler.java:doStart(781)) - Started o.e.j.s.ServletContextHandler@11a7ba62{/static,file:///workdir/hadoop-ozone/integration-test/target/test-classes/webapps/static,AVAILABLE}
2019-10-15 22:54:33,836 [main] INFO  handler.ContextHandler (ContextHandler.java:doStart(781)) - Started o.e.j.w.WebAppContext@a7f0ab6{/,file:///workdir/hadoop-ozone/integration-test/target/test-classes/webapps/ozoneManager/,AVAILABLE}{/ozoneManager}
2019-10-15 22:54:33,837 [main] INFO  server.AbstractConnector (AbstractConnector.java:doStart(278)) - Started ServerConnector@41f35f7c{HTTP/1.1,[http/1.1]}{0.0.0.0:36165}
2019-10-15 22:54:33,837 [main] INFO  server.Server (Server.java:doStart(419)) - Started @4181ms
2019-10-15 22:54:33,838 [main] WARN  impl.MetricsSystemImpl (MetricsSystemImpl.java:register(276)) - Sink prometheus already exists!
2019-10-15 22:54:33,838 [main] INFO  server.BaseHttpServer (BaseHttpServer.java:updateConnectorAddress(215)) - HTTP server of OZONEMANAGER is listening at http://0.0.0.0:36165
2019-10-15 22:54:34,123 [main] INFO  impl.MetricsSystemImpl (MetricsSystemImpl.java:init(158)) - HddsDatanode metrics system started (again)
2019-10-15 22:54:34,169 [main] INFO  ozone.HddsDatanodeService (HddsDatanodeService.java:start(184)) - HddsDatanodeService host:pr-hdds-2221-lrjgr-1037302595 ip:192.168.157.213
2019-10-15 22:54:34,201 [main] INFO  volume.HddsVolume (HddsVolume.java:<init>(176)) - Creating Volume: /workdir/hadoop-ozone/integration-test/target/test-dir/MiniOzoneClusterImpl-7c55876f-3f97-4a05-b001-a0c81006d1f8/datanode-0/data/containers/hdds of  storage type : DISK and capacity : 1482555576320
2019-10-15 22:54:34,203 [main] INFO  volume.VolumeSet (VolumeSet.java:initializeVolumeSet(170)) - Added Volume : /workdir/hadoop-ozone/integration-test/target/test-dir/MiniOzoneClusterImpl-7c55876f-3f97-4a05-b001-a0c81006d1f8/datanode-0/data/containers/hdds to VolumeSet
2019-10-15 22:54:34,206 [main] INFO  volume.ThrottledAsyncChecker (ThrottledAsyncChecker.java:schedule(141)) - Scheduling a check for org.apache.hadoop.ozone.container.common.volume.HddsVolume@58d63b16
2019-10-15 22:54:34,223 [main] INFO  volume.HddsVolumeChecker (HddsVolumeChecker.java:checkAllVolumes(204)) - Scheduled health check for volume org.apache.hadoop.ozone.container.common.volume.HddsVolume@58d63b16
2019-10-15 22:54:34,331 [main] INFO  impl.RaftServerProxy (ConfUtils.java:logGet(43)) - raft.rpc.type = GRPC (default)
2019-10-15 22:54:34,396 [main] INFO  grpc.GrpcFactory (GrpcFactory.java:checkPooledByteBufAllocatorUseCacheForAllThreads(45)) - PERFORMANCE WARNING: useCacheForAllThreads is true that may cause Netty to create a lot garbage objects and, as a result, trigger GC.
	It is recommended to disable useCacheForAllThreads by setting -Dorg.apache.ratis.thirdparty.io.netty.allocator.useCacheForAllThreads=false in command line.
2019-10-15 22:54:34,401 [main] INFO  grpc.GrpcConfigKeys$Server (ConfUtils.java:logGet(43)) - raft.grpc.server.port = 0 (default)
2019-10-15 22:54:34,402 [main] INFO  server.GrpcService (ConfUtils.java:logGet(43)) - raft.grpc.message.size.max = 33570816 (custom)
2019-10-15 22:54:34,403 [main] INFO  server.RaftServerConfigKeys (ConfUtils.java:logGet(43)) - raft.server.log.appender.buffer.byte-limit = 33554432 (custom)
2019-10-15 22:54:34,404 [main] INFO  server.GrpcService (ConfUtils.java:logGet(43)) - raft.grpc.flow.control.window = 1MB (=1048576) (default)
2019-10-15 22:54:34,405 [main] INFO  server.RaftServerConfigKeys (ConfUtils.java:logGet(43)) - raft.server.rpc.request.timeout = 3000ms (default)
2019-10-15 22:54:34,569 [main] INFO  server.RaftServerConfigKeys (ConfUtils.java:logGet(43)) - raft.server.storage.dir = [/workdir/hadoop-ozone/integration-test/target/test-dir/MiniOzoneClusterImpl-7c55876f-3f97-4a05-b001-a0c81006d1f8/datanode-0/data/ratis] (custom)
2019-10-15 22:54:34,619 [main] INFO  hdfs.DFSUtil (DFSUtil.java:httpServerTemplateForNNAndJN(1641)) - Starting Web-server for hddsDatanode at: http://0.0.0.0:0
2019-10-15 22:54:34,620 [main] INFO  server.AuthenticationFilter (AuthenticationFilter.java:constructSecretProvider(240)) - Unable to initialize FileSignerSecretProvider, falling back to use random secrets.
2019-10-15 22:54:34,621 [main] WARN  http.HttpRequestLog (HttpRequestLog.java:getRequestLog(97)) - Jetty request log can only be enabled using Log4j
2019-10-15 22:54:34,623 [main] INFO  http.HttpServer2 (HttpServer2.java:addGlobalFilter(975)) - Added global filter 'safety' (class=org.apache.hadoop.http.HttpServer2$QuotingInputFilter)
2019-10-15 22:54:34,624 [main] INFO  http.HttpServer2 (HttpServer2.java:addFilter(948)) - Added filter static_user_filter (class=org.apache.hadoop.http.lib.StaticUserWebFilter$StaticUserFilter) to context hddsDatanode
2019-10-15 22:54:34,624 [main] INFO  http.HttpServer2 (HttpServer2.java:addFilter(958)) - Added filter static_user_filter (class=org.apache.hadoop.http.lib.StaticUserWebFilter$StaticUserFilter) to context logs
2019-10-15 22:54:34,624 [main] INFO  http.HttpServer2 (HttpServer2.java:addFilter(958)) - Added filter static_user_filter (class=org.apache.hadoop.http.lib.StaticUserWebFilter$StaticUserFilter) to context static
2019-10-15 22:54:34,625 [main] INFO  http.HttpServer2 (HttpServer2.java:bindListener(1191)) - Jetty bound to port 42181
2019-10-15 22:54:34,625 [main] INFO  server.Server (Server.java:doStart(351)) - jetty-9.3.25.v20180904, build timestamp: 2018-09-04T21:11:46Z, git hash: 3ce520221d0240229c862b122d2b06c12a625732
2019-10-15 22:54:34,628 [main] INFO  handler.ContextHandler (ContextHandler.java:doStart(781)) - Started o.e.j.s.ServletContextHandler@290d10ef{/logs,file:///workdir/hadoop-ozone/integration-test/target/log,AVAILABLE}
2019-10-15 22:54:34,628 [main] INFO  handler.ContextHandler (ContextHandler.java:doStart(781)) - Started o.e.j.s.ServletContextHandler@644ded04{/static,jar:file:/home/user/.m2/repository/org/apache/hadoop/hadoop-hdds-container-service/0.5.0-SNAPSHOT/hadoop-hdds-container-service-0.5.0-SNAPSHOT.jar!/webapps/static,AVAILABLE}
2019-10-15 22:54:34,662 [main] INFO  handler.ContextHandler (ContextHandler.java:doStart(781)) - Started o.e.j.w.WebAppContext@4339baec{/,file:///tmp/jetty-0.0.0.0-42181-hddsDatanode-_-any-3006786949866266222.dir/webapp/,AVAILABLE}{/hddsDatanode}
2019-10-15 22:54:34,663 [main] INFO  server.AbstractConnector (AbstractConnector.java:doStart(278)) - Started ServerConnector@62db3891{HTTP/1.1,[http/1.1]}{0.0.0.0:42181}
2019-10-15 22:54:34,663 [main] INFO  server.Server (Server.java:doStart(419)) - Started @5008ms
2019-10-15 22:54:34,664 [main] WARN  impl.MetricsSystemImpl (MetricsSystemImpl.java:register(276)) - Sink prometheus already exists!
2019-10-15 22:54:34,665 [main] INFO  server.BaseHttpServer (BaseHttpServer.java:updateConnectorAddress(215)) - HTTP server of HDDSDATANODE is listening at http://0.0.0.0:42181
2019-10-15 22:54:34,666 [main] INFO  impl.MetricsSystemImpl (MetricsSystemImpl.java:init(158)) - HddsDatanode metrics system started (again)
2019-10-15 22:54:34,668 [main] INFO  ozone.HddsDatanodeService (HddsDatanodeService.java:start(184)) - HddsDatanodeService host:pr-hdds-2221-lrjgr-1037302595 ip:192.168.157.213
2019-10-15 22:54:34,673 [org.apache.hadoop.util.JvmPauseMonitor$Monitor@18aaadb2] INFO  util.JvmPauseMonitor (JvmPauseMonitor.java:run(188)) - Starting JVM pause monitor
2019-10-15 22:54:34,678 [main] INFO  volume.HddsVolume (HddsVolume.java:<init>(176)) - Creating Volume: /workdir/hadoop-ozone/integration-test/target/test-dir/MiniOzoneClusterImpl-7c55876f-3f97-4a05-b001-a0c81006d1f8/datanode-1/data/containers/hdds of  storage type : DISK and capacity : 1482555576320
2019-10-15 22:54:34,679 [main] INFO  volume.VolumeSet (VolumeSet.java:initializeVolumeSet(170)) - Added Volume : /workdir/hadoop-ozone/integration-test/target/test-dir/MiniOzoneClusterImpl-7c55876f-3f97-4a05-b001-a0c81006d1f8/datanode-1/data/containers/hdds to VolumeSet
2019-10-15 22:54:34,679 [main] INFO  volume.ThrottledAsyncChecker (ThrottledAsyncChecker.java:schedule(141)) - Scheduling a check for org.apache.hadoop.ozone.container.common.volume.HddsVolume@7a729f84
2019-10-15 22:54:34,680 [main] INFO  volume.HddsVolumeChecker (HddsVolumeChecker.java:checkAllVolumes(204)) - Scheduled health check for volume org.apache.hadoop.ozone.container.common.volume.HddsVolume@7a729f84
2019-10-15 22:54:34,698 [main] INFO  impl.RaftServerProxy (ConfUtils.java:logGet(43)) - raft.rpc.type = GRPC (default)
2019-10-15 22:54:34,698 [main] INFO  grpc.GrpcFactory (GrpcFactory.java:checkPooledByteBufAllocatorUseCacheForAllThreads(45)) - PERFORMANCE WARNING: useCacheForAllThreads is true that may cause Netty to create a lot garbage objects and, as a result, trigger GC.
	It is recommended to disable useCacheForAllThreads by setting -Dorg.apache.ratis.thirdparty.io.netty.allocator.useCacheForAllThreads=false in command line.
2019-10-15 22:54:34,699 [main] INFO  grpc.GrpcConfigKeys$Server (ConfUtils.java:logGet(43)) - raft.grpc.server.port = 0 (default)
2019-10-15 22:54:34,699 [main] INFO  server.GrpcService (ConfUtils.java:logGet(43)) - raft.grpc.message.size.max = 33570816 (custom)
2019-10-15 22:54:34,699 [main] INFO  server.RaftServerConfigKeys (ConfUtils.java:logGet(43)) - raft.server.log.appender.buffer.byte-limit = 33554432 (custom)
2019-10-15 22:54:34,699 [main] INFO  server.GrpcService (ConfUtils.java:logGet(43)) - raft.grpc.flow.control.window = 1MB (=1048576) (default)
2019-10-15 22:54:34,700 [main] INFO  server.RaftServerConfigKeys (ConfUtils.java:logGet(43)) - raft.server.rpc.request.timeout = 3000ms (default)
2019-10-15 22:54:34,700 [main] INFO  server.RaftServerConfigKeys (ConfUtils.java:logGet(43)) - raft.server.storage.dir = [/workdir/hadoop-ozone/integration-test/target/test-dir/MiniOzoneClusterImpl-7c55876f-3f97-4a05-b001-a0c81006d1f8/datanode-1/data/ratis] (custom)
2019-10-15 22:54:34,703 [main] INFO  hdfs.DFSUtil (DFSUtil.java:httpServerTemplateForNNAndJN(1641)) - Starting Web-server for hddsDatanode at: http://0.0.0.0:0
2019-10-15 22:54:34,704 [main] INFO  server.AuthenticationFilter (AuthenticationFilter.java:constructSecretProvider(240)) - Unable to initialize FileSignerSecretProvider, falling back to use random secrets.
2019-10-15 22:54:34,705 [main] WARN  http.HttpRequestLog (HttpRequestLog.java:getRequestLog(97)) - Jetty request log can only be enabled using Log4j
2019-10-15 22:54:34,707 [main] INFO  http.HttpServer2 (HttpServer2.java:addGlobalFilter(975)) - Added global filter 'safety' (class=org.apache.hadoop.http.HttpServer2$QuotingInputFilter)
2019-10-15 22:54:34,707 [main] INFO  http.HttpServer2 (HttpServer2.java:addFilter(948)) - Added filter static_user_filter (class=org.apache.hadoop.http.lib.StaticUserWebFilter$StaticUserFilter) to context hddsDatanode
2019-10-15 22:54:34,708 [main] INFO  http.HttpServer2 (HttpServer2.java:addFilter(958)) - Added filter static_user_filter (class=org.apache.hadoop.http.lib.StaticUserWebFilter$StaticUserFilter) to context logs
2019-10-15 22:54:34,708 [main] INFO  http.HttpServer2 (HttpServer2.java:addFilter(958)) - Added filter static_user_filter (class=org.apache.hadoop.http.lib.StaticUserWebFilter$StaticUserFilter) to context static
2019-10-15 22:54:34,709 [main] INFO  http.HttpServer2 (HttpServer2.java:bindListener(1191)) - Jetty bound to port 43494
2019-10-15 22:54:34,709 [main] INFO  server.Server (Server.java:doStart(351)) - jetty-9.3.25.v20180904, build timestamp: 2018-09-04T21:11:46Z, git hash: 3ce520221d0240229c862b122d2b06c12a625732
2019-10-15 22:54:34,713 [main] INFO  handler.ContextHandler (ContextHandler.java:doStart(781)) - Started o.e.j.s.ServletContextHandler@730f9695{/logs,file:///workdir/hadoop-ozone/integration-test/target/log,AVAILABLE}
2019-10-15 22:54:34,713 [main] INFO  handler.ContextHandler (ContextHandler.java:doStart(781)) - Started o.e.j.s.ServletContextHandler@fab35b1{/static,jar:file:/home/user/.m2/repository/org/apache/hadoop/hadoop-hdds-container-service/0.5.0-SNAPSHOT/hadoop-hdds-container-service-0.5.0-SNAPSHOT.jar!/webapps/static,AVAILABLE}
2019-10-15 22:54:34,746 [main] INFO  handler.ContextHandler (ContextHandler.java:doStart(781)) - Started o.e.j.w.WebAppContext@3d904e9c{/,file:///tmp/jetty-0.0.0.0-43494-hddsDatanode-_-any-6619598620111448308.dir/webapp/,AVAILABLE}{/hddsDatanode}
2019-10-15 22:54:34,746 [main] INFO  server.AbstractConnector (AbstractConnector.java:doStart(278)) - Started ServerConnector@508a65bf{HTTP/1.1,[http/1.1]}{0.0.0.0:43494}
2019-10-15 22:54:34,747 [main] INFO  server.Server (Server.java:doStart(419)) - Started @5091ms
2019-10-15 22:54:34,748 [main] WARN  impl.MetricsSystemImpl (MetricsSystemImpl.java:register(276)) - Sink prometheus already exists!
2019-10-15 22:54:34,749 [main] INFO  server.BaseHttpServer (BaseHttpServer.java:updateConnectorAddress(215)) - HTTP server of HDDSDATANODE is listening at http://0.0.0.0:43494
2019-10-15 22:54:34,750 [main] INFO  impl.MetricsSystemImpl (MetricsSystemImpl.java:init(158)) - HddsDatanode metrics system started (again)
2019-10-15 22:54:34,753 [main] INFO  ozone.HddsDatanodeService (HddsDatanodeService.java:start(184)) - HddsDatanodeService host:pr-hdds-2221-lrjgr-1037302595 ip:192.168.157.213
2019-10-15 22:54:34,753 [org.apache.hadoop.util.JvmPauseMonitor$Monitor@510a993a] INFO  util.JvmPauseMonitor (JvmPauseMonitor.java:run(188)) - Starting JVM pause monitor
2019-10-15 22:54:34,761 [main] INFO  volume.HddsVolume (HddsVolume.java:<init>(176)) - Creating Volume: /workdir/hadoop-ozone/integration-test/target/test-dir/MiniOzoneClusterImpl-7c55876f-3f97-4a05-b001-a0c81006d1f8/datanode-2/data/containers/hdds of  storage type : DISK and capacity : 1482555576320
2019-10-15 22:54:34,762 [main] INFO  volume.VolumeSet (VolumeSet.java:initializeVolumeSet(170)) - Added Volume : /workdir/hadoop-ozone/integration-test/target/test-dir/MiniOzoneClusterImpl-7c55876f-3f97-4a05-b001-a0c81006d1f8/datanode-2/data/containers/hdds to VolumeSet
2019-10-15 22:54:34,762 [main] INFO  volume.ThrottledAsyncChecker (ThrottledAsyncChecker.java:schedule(141)) - Scheduling a check for org.apache.hadoop.ozone.container.common.volume.HddsVolume@10a0fe30
2019-10-15 22:54:34,763 [main] INFO  volume.HddsVolumeChecker (HddsVolumeChecker.java:checkAllVolumes(204)) - Scheduled health check for volume org.apache.hadoop.ozone.container.common.volume.HddsVolume@10a0fe30
2019-10-15 22:54:34,778 [main] INFO  impl.RaftServerProxy (ConfUtils.java:logGet(43)) - raft.rpc.type = GRPC (default)
2019-10-15 22:54:34,778 [main] INFO  grpc.GrpcFactory (GrpcFactory.java:checkPooledByteBufAllocatorUseCacheForAllThreads(45)) - PERFORMANCE WARNING: useCacheForAllThreads is true that may cause Netty to create a lot garbage objects and, as a result, trigger GC.
	It is recommended to disable useCacheForAllThreads by setting -Dorg.apache.ratis.thirdparty.io.netty.allocator.useCacheForAllThreads=false in command line.
2019-10-15 22:54:34,779 [main] INFO  grpc.GrpcConfigKeys$Server (ConfUtils.java:logGet(43)) - raft.grpc.server.port = 0 (default)
2019-10-15 22:54:34,779 [main] INFO  server.GrpcService (ConfUtils.java:logGet(43)) - raft.grpc.message.size.max = 33570816 (custom)
2019-10-15 22:54:34,779 [main] INFO  server.RaftServerConfigKeys (ConfUtils.java:logGet(43)) - raft.server.log.appender.buffer.byte-limit = 33554432 (custom)
2019-10-15 22:54:34,779 [main] INFO  server.GrpcService (ConfUtils.java:logGet(43)) - raft.grpc.flow.control.window = 1MB (=1048576) (default)
2019-10-15 22:54:34,780 [main] INFO  server.RaftServerConfigKeys (ConfUtils.java:logGet(43)) - raft.server.rpc.request.timeout = 3000ms (default)
2019-10-15 22:54:34,780 [main] INFO  server.RaftServerConfigKeys (ConfUtils.java:logGet(43)) - raft.server.storage.dir = [/workdir/hadoop-ozone/integration-test/target/test-dir/MiniOzoneClusterImpl-7c55876f-3f97-4a05-b001-a0c81006d1f8/datanode-2/data/ratis] (custom)
2019-10-15 22:54:34,783 [main] INFO  hdfs.DFSUtil (DFSUtil.java:httpServerTemplateForNNAndJN(1641)) - Starting Web-server for hddsDatanode at: http://0.0.0.0:0
2019-10-15 22:54:34,784 [main] INFO  server.AuthenticationFilter (AuthenticationFilter.java:constructSecretProvider(240)) - Unable to initialize FileSignerSecretProvider, falling back to use random secrets.
2019-10-15 22:54:34,785 [main] WARN  http.HttpRequestLog (HttpRequestLog.java:getRequestLog(97)) - Jetty request log can only be enabled using Log4j
2019-10-15 22:54:34,786 [main] INFO  http.HttpServer2 (HttpServer2.java:addGlobalFilter(975)) - Added global filter 'safety' (class=org.apache.hadoop.http.HttpServer2$QuotingInputFilter)
2019-10-15 22:54:34,787 [main] INFO  http.HttpServer2 (HttpServer2.java:addFilter(948)) - Added filter static_user_filter (class=org.apache.hadoop.http.lib.StaticUserWebFilter$StaticUserFilter) to context hddsDatanode
2019-10-15 22:54:34,787 [main] INFO  http.HttpServer2 (HttpServer2.java:addFilter(958)) - Added filter static_user_filter (class=org.apache.hadoop.http.lib.StaticUserWebFilter$StaticUserFilter) to context logs
2019-10-15 22:54:34,787 [main] INFO  http.HttpServer2 (HttpServer2.java:addFilter(958)) - Added filter static_user_filter (class=org.apache.hadoop.http.lib.StaticUserWebFilter$StaticUserFilter) to context static
2019-10-15 22:54:34,788 [main] INFO  http.HttpServer2 (HttpServer2.java:bindListener(1191)) - Jetty bound to port 37931
2019-10-15 22:54:34,788 [main] INFO  server.Server (Server.java:doStart(351)) - jetty-9.3.25.v20180904, build timestamp: 2018-09-04T21:11:46Z, git hash: 3ce520221d0240229c862b122d2b06c12a625732
2019-10-15 22:54:34,790 [main] INFO  handler.ContextHandler (ContextHandler.java:doStart(781)) - Started o.e.j.s.ServletContextHandler@4eba373c{/logs,file:///workdir/hadoop-ozone/integration-test/target/log,AVAILABLE}
2019-10-15 22:54:34,791 [main] INFO  handler.ContextHandler (ContextHandler.java:doStart(781)) - Started o.e.j.s.ServletContextHandler@d109c4f{/static,jar:file:/home/user/.m2/repository/org/apache/hadoop/hadoop-hdds-container-service/0.5.0-SNAPSHOT/hadoop-hdds-container-service-0.5.0-SNAPSHOT.jar!/webapps/static,AVAILABLE}
2019-10-15 22:54:34,816 [Datanode State Machine Thread - 0] INFO  datanode.InitDatanodeState (InitDatanodeState.java:persistContainerDatanodeDetails(140)) - DatanodeDetails is persisted to /workdir/hadoop-ozone/integration-test/target/test-dir/MiniOzoneClusterImpl-7c55876f-3f97-4a05-b001-a0c81006d1f8/datanode-0/meta/datanode.id
2019-10-15 22:54:34,821 [Datanode State Machine Thread - 0] INFO  datanode.InitDatanodeState (InitDatanodeState.java:persistContainerDatanodeDetails(140)) - DatanodeDetails is persisted to /workdir/hadoop-ozone/integration-test/target/test-dir/MiniOzoneClusterImpl-7c55876f-3f97-4a05-b001-a0c81006d1f8/datanode-1/meta/datanode.id
2019-10-15 22:54:34,824 [main] INFO  handler.ContextHandler (ContextHandler.java:doStart(781)) - Started o.e.j.w.WebAppContext@80bfdc6{/,file:///tmp/jetty-0.0.0.0-37931-hddsDatanode-_-any-1925589853740304797.dir/webapp/,AVAILABLE}{/hddsDatanode}
2019-10-15 22:54:34,825 [main] INFO  server.AbstractConnector (AbstractConnector.java:doStart(278)) - Started ServerConnector@6edcad64{HTTP/1.1,[http/1.1]}{0.0.0.0:37931}
2019-10-15 22:54:34,825 [main] INFO  server.Server (Server.java:doStart(419)) - Started @5169ms
2019-10-15 22:54:34,826 [main] WARN  impl.MetricsSystemImpl (MetricsSystemImpl.java:register(276)) - Sink prometheus already exists!
2019-10-15 22:54:34,827 [main] INFO  server.BaseHttpServer (BaseHttpServer.java:updateConnectorAddress(215)) - HTTP server of HDDSDATANODE is listening at http://0.0.0.0:37931
2019-10-15 22:54:34,827 [main] INFO  impl.MetricsSystemImpl (MetricsSystemImpl.java:init(158)) - HddsDatanode metrics system started (again)
2019-10-15 22:54:34,829 [main] INFO  ozone.HddsDatanodeService (HddsDatanodeService.java:start(184)) - HddsDatanodeService host:pr-hdds-2221-lrjgr-1037302595 ip:192.168.157.213
2019-10-15 22:54:34,830 [org.apache.hadoop.util.JvmPauseMonitor$Monitor@2b9f060e] INFO  util.JvmPauseMonitor (JvmPauseMonitor.java:run(188)) - Starting JVM pause monitor
2019-10-15 22:54:34,833 [Datanode State Machine Thread - 0] INFO  datanode.InitDatanodeState (InitDatanodeState.java:persistContainerDatanodeDetails(140)) - DatanodeDetails is persisted to /workdir/hadoop-ozone/integration-test/target/test-dir/MiniOzoneClusterImpl-7c55876f-3f97-4a05-b001-a0c81006d1f8/datanode-2/meta/datanode.id
2019-10-15 22:54:34,838 [main] INFO  volume.HddsVolume (HddsVolume.java:<init>(176)) - Creating Volume: /workdir/hadoop-ozone/integration-test/target/test-dir/MiniOzoneClusterImpl-7c55876f-3f97-4a05-b001-a0c81006d1f8/datanode-3/data/containers/hdds of  storage type : DISK and capacity : 1482555576320
2019-10-15 22:54:34,838 [main] INFO  volume.VolumeSet (VolumeSet.java:initializeVolumeSet(170)) - Added Volume : /workdir/hadoop-ozone/integration-test/target/test-dir/MiniOzoneClusterImpl-7c55876f-3f97-4a05-b001-a0c81006d1f8/datanode-3/data/containers/hdds to VolumeSet
2019-10-15 22:54:34,839 [main] INFO  volume.ThrottledAsyncChecker (ThrottledAsyncChecker.java:schedule(141)) - Scheduling a check for org.apache.hadoop.ozone.container.common.volume.HddsVolume@22a6e998
2019-10-15 22:54:34,839 [main] INFO  volume.HddsVolumeChecker (HddsVolumeChecker.java:checkAllVolumes(204)) - Scheduled health check for volume org.apache.hadoop.ozone.container.common.volume.HddsVolume@22a6e998
2019-10-15 22:54:34,861 [main] INFO  impl.RaftServerProxy (ConfUtils.java:logGet(43)) - raft.rpc.type = GRPC (default)
2019-10-15 22:54:34,861 [main] INFO  grpc.GrpcFactory (GrpcFactory.java:checkPooledByteBufAllocatorUseCacheForAllThreads(45)) - PERFORMANCE WARNING: useCacheForAllThreads is true that may cause Netty to create a lot garbage objects and, as a result, trigger GC.
	It is recommended to disable useCacheForAllThreads by setting -Dorg.apache.ratis.thirdparty.io.netty.allocator.useCacheForAllThreads=false in command line.
2019-10-15 22:54:34,862 [main] INFO  grpc.GrpcConfigKeys$Server (ConfUtils.java:logGet(43)) - raft.grpc.server.port = 0 (default)
2019-10-15 22:54:34,862 [main] INFO  server.GrpcService (ConfUtils.java:logGet(43)) - raft.grpc.message.size.max = 33570816 (custom)
2019-10-15 22:54:34,862 [main] INFO  server.RaftServerConfigKeys (ConfUtils.java:logGet(43)) - raft.server.log.appender.buffer.byte-limit = 33554432 (custom)
2019-10-15 22:54:34,863 [main] INFO  server.GrpcService (ConfUtils.java:logGet(43)) - raft.grpc.flow.control.window = 1MB (=1048576) (default)
2019-10-15 22:54:34,863 [main] INFO  server.RaftServerConfigKeys (ConfUtils.java:logGet(43)) - raft.server.rpc.request.timeout = 3000ms (default)
2019-10-15 22:54:34,864 [main] INFO  server.RaftServerConfigKeys (ConfUtils.java:logGet(43)) - raft.server.storage.dir = [/workdir/hadoop-ozone/integration-test/target/test-dir/MiniOzoneClusterImpl-7c55876f-3f97-4a05-b001-a0c81006d1f8/datanode-3/data/ratis] (custom)
2019-10-15 22:54:34,867 [main] INFO  hdfs.DFSUtil (DFSUtil.java:httpServerTemplateForNNAndJN(1641)) - Starting Web-server for hddsDatanode at: http://0.0.0.0:0
2019-10-15 22:54:34,868 [main] INFO  server.AuthenticationFilter (AuthenticationFilter.java:constructSecretProvider(240)) - Unable to initialize FileSignerSecretProvider, falling back to use random secrets.
2019-10-15 22:54:34,869 [main] WARN  http.HttpRequestLog (HttpRequestLog.java:getRequestLog(97)) - Jetty request log can only be enabled using Log4j
2019-10-15 22:54:34,870 [main] INFO  http.HttpServer2 (HttpServer2.java:addGlobalFilter(975)) - Added global filter 'safety' (class=org.apache.hadoop.http.HttpServer2$QuotingInputFilter)
2019-10-15 22:54:34,871 [main] INFO  http.HttpServer2 (HttpServer2.java:addFilter(948)) - Added filter static_user_filter (class=org.apache.hadoop.http.lib.StaticUserWebFilter$StaticUserFilter) to context hddsDatanode
2019-10-15 22:54:34,871 [main] INFO  http.HttpServer2 (HttpServer2.java:addFilter(958)) - Added filter static_user_filter (class=org.apache.hadoop.http.lib.StaticUserWebFilter$StaticUserFilter) to context logs
2019-10-15 22:54:34,871 [main] INFO  http.HttpServer2 (HttpServer2.java:addFilter(958)) - Added filter static_user_filter (class=org.apache.hadoop.http.lib.StaticUserWebFilter$StaticUserFilter) to context static
2019-10-15 22:54:34,872 [main] INFO  http.HttpServer2 (HttpServer2.java:bindListener(1191)) - Jetty bound to port 37184
2019-10-15 22:54:34,872 [main] INFO  server.Server (Server.java:doStart(351)) - jetty-9.3.25.v20180904, build timestamp: 2018-09-04T21:11:46Z, git hash: 3ce520221d0240229c862b122d2b06c12a625732
2019-10-15 22:54:34,876 [main] INFO  handler.ContextHandler (ContextHandler.java:doStart(781)) - Started o.e.j.s.ServletContextHandler@5460b754{/logs,file:///workdir/hadoop-ozone/integration-test/target/log,AVAILABLE}
2019-10-15 22:54:34,877 [main] INFO  handler.ContextHandler (ContextHandler.java:doStart(781)) - Started o.e.j.s.ServletContextHandler@c27a3a2{/static,jar:file:/home/user/.m2/repository/org/apache/hadoop/hadoop-hdds-container-service/0.5.0-SNAPSHOT/hadoop-hdds-container-service-0.5.0-SNAPSHOT.jar!/webapps/static,AVAILABLE}
2019-10-15 22:54:34,907 [main] INFO  handler.ContextHandler (ContextHandler.java:doStart(781)) - Started o.e.j.w.WebAppContext@53e800f9{/,file:///tmp/jetty-0.0.0.0-37184-hddsDatanode-_-any-6552452307646800591.dir/webapp/,AVAILABLE}{/hddsDatanode}
2019-10-15 22:54:34,908 [main] INFO  server.AbstractConnector (AbstractConnector.java:doStart(278)) - Started ServerConnector@337bbfdf{HTTP/1.1,[http/1.1]}{0.0.0.0:37184}
2019-10-15 22:54:34,909 [main] INFO  server.Server (Server.java:doStart(419)) - Started @5253ms
2019-10-15 22:54:34,909 [main] WARN  impl.MetricsSystemImpl (MetricsSystemImpl.java:register(276)) - Sink prometheus already exists!
2019-10-15 22:54:34,911 [main] INFO  server.BaseHttpServer (BaseHttpServer.java:updateConnectorAddress(215)) - HTTP server of HDDSDATANODE is listening at http://0.0.0.0:37184
2019-10-15 22:54:34,911 [main] INFO  impl.MetricsSystemImpl (MetricsSystemImpl.java:init(158)) - HddsDatanode metrics system started (again)
2019-10-15 22:54:34,914 [main] INFO  ozone.HddsDatanodeService (HddsDatanodeService.java:start(184)) - HddsDatanodeService host:pr-hdds-2221-lrjgr-1037302595 ip:192.168.157.213
2019-10-15 22:54:34,914 [org.apache.hadoop.util.JvmPauseMonitor$Monitor@50971806] INFO  util.JvmPauseMonitor (JvmPauseMonitor.java:run(188)) - Starting JVM pause monitor
2019-10-15 22:54:34,918 [Datanode State Machine Thread - 0] INFO  datanode.InitDatanodeState (InitDatanodeState.java:persistContainerDatanodeDetails(140)) - DatanodeDetails is persisted to /workdir/hadoop-ozone/integration-test/target/test-dir/MiniOzoneClusterImpl-7c55876f-3f97-4a05-b001-a0c81006d1f8/datanode-3/meta/datanode.id
2019-10-15 22:54:34,923 [main] INFO  volume.HddsVolume (HddsVolume.java:<init>(176)) - Creating Volume: /workdir/hadoop-ozone/integration-test/target/test-dir/MiniOzoneClusterImpl-7c55876f-3f97-4a05-b001-a0c81006d1f8/datanode-4/data/containers/hdds of  storage type : DISK and capacity : 1482555576320
2019-10-15 22:54:34,923 [main] INFO  volume.VolumeSet (VolumeSet.java:initializeVolumeSet(170)) - Added Volume : /workdir/hadoop-ozone/integration-test/target/test-dir/MiniOzoneClusterImpl-7c55876f-3f97-4a05-b001-a0c81006d1f8/datanode-4/data/containers/hdds to VolumeSet
2019-10-15 22:54:34,923 [main] INFO  volume.ThrottledAsyncChecker (ThrottledAsyncChecker.java:schedule(141)) - Scheduling a check for org.apache.hadoop.ozone.container.common.volume.HddsVolume@50850539
2019-10-15 22:54:34,924 [main] INFO  volume.HddsVolumeChecker (HddsVolumeChecker.java:checkAllVolumes(204)) - Scheduled health check for volume org.apache.hadoop.ozone.container.common.volume.HddsVolume@50850539
2019-10-15 22:54:34,939 [main] INFO  impl.RaftServerProxy (ConfUtils.java:logGet(43)) - raft.rpc.type = GRPC (default)
2019-10-15 22:54:34,939 [main] INFO  grpc.GrpcFactory (GrpcFactory.java:checkPooledByteBufAllocatorUseCacheForAllThreads(45)) - PERFORMANCE WARNING: useCacheForAllThreads is true that may cause Netty to create a lot garbage objects and, as a result, trigger GC.
	It is recommended to disable useCacheForAllThreads by setting -Dorg.apache.ratis.thirdparty.io.netty.allocator.useCacheForAllThreads=false in command line.
2019-10-15 22:54:34,940 [main] INFO  grpc.GrpcConfigKeys$Server (ConfUtils.java:logGet(43)) - raft.grpc.server.port = 0 (default)
2019-10-15 22:54:34,940 [main] INFO  server.GrpcService (ConfUtils.java:logGet(43)) - raft.grpc.message.size.max = 33570816 (custom)
2019-10-15 22:54:34,940 [main] INFO  server.RaftServerConfigKeys (ConfUtils.java:logGet(43)) - raft.server.log.appender.buffer.byte-limit = 33554432 (custom)
2019-10-15 22:54:34,940 [main] INFO  server.GrpcService (ConfUtils.java:logGet(43)) - raft.grpc.flow.control.window = 1MB (=1048576) (default)
2019-10-15 22:54:34,941 [main] INFO  server.RaftServerConfigKeys (ConfUtils.java:logGet(43)) - raft.server.rpc.request.timeout = 3000ms (default)
2019-10-15 22:54:34,941 [main] INFO  server.RaftServerConfigKeys (ConfUtils.java:logGet(43)) - raft.server.storage.dir = [/workdir/hadoop-ozone/integration-test/target/test-dir/MiniOzoneClusterImpl-7c55876f-3f97-4a05-b001-a0c81006d1f8/datanode-4/data/ratis] (custom)
2019-10-15 22:54:34,943 [main] INFO  hdfs.DFSUtil (DFSUtil.java:httpServerTemplateForNNAndJN(1641)) - Starting Web-server for hddsDatanode at: http://0.0.0.0:0
2019-10-15 22:54:34,944 [main] INFO  server.AuthenticationFilter (AuthenticationFilter.java:constructSecretProvider(240)) - Unable to initialize FileSignerSecretProvider, falling back to use random secrets.
2019-10-15 22:54:34,945 [main] WARN  http.HttpRequestLog (HttpRequestLog.java:getRequestLog(97)) - Jetty request log can only be enabled using Log4j
2019-10-15 22:54:34,947 [main] INFO  http.HttpServer2 (HttpServer2.java:addGlobalFilter(975)) - Added global filter 'safety' (class=org.apache.hadoop.http.HttpServer2$QuotingInputFilter)
2019-10-15 22:54:34,948 [main] INFO  http.HttpServer2 (HttpServer2.java:addFilter(948)) - Added filter static_user_filter (class=org.apache.hadoop.http.lib.StaticUserWebFilter$StaticUserFilter) to context hddsDatanode
2019-10-15 22:54:34,948 [main] INFO  http.HttpServer2 (HttpServer2.java:addFilter(958)) - Added filter static_user_filter (class=org.apache.hadoop.http.lib.StaticUserWebFilter$StaticUserFilter) to context logs
2019-10-15 22:54:34,948 [main] INFO  http.HttpServer2 (HttpServer2.java:addFilter(958)) - Added filter static_user_filter (class=org.apache.hadoop.http.lib.StaticUserWebFilter$StaticUserFilter) to context static
2019-10-15 22:54:34,949 [main] INFO  http.HttpServer2 (HttpServer2.java:bindListener(1191)) - Jetty bound to port 45125
2019-10-15 22:54:34,949 [main] INFO  server.Server (Server.java:doStart(351)) - jetty-9.3.25.v20180904, build timestamp: 2018-09-04T21:11:46Z, git hash: 3ce520221d0240229c862b122d2b06c12a625732
2019-10-15 22:54:34,951 [main] INFO  handler.ContextHandler (ContextHandler.java:doStart(781)) - Started o.e.j.s.ServletContextHandler@726aa968{/logs,file:///workdir/hadoop-ozone/integration-test/target/log,AVAILABLE}
2019-10-15 22:54:34,951 [main] INFO  handler.ContextHandler (ContextHandler.java:doStart(781)) - Started o.e.j.s.ServletContextHandler@712cfb63{/static,jar:file:/home/user/.m2/repository/org/apache/hadoop/hadoop-hdds-container-service/0.5.0-SNAPSHOT/hadoop-hdds-container-service-0.5.0-SNAPSHOT.jar!/webapps/static,AVAILABLE}
2019-10-15 22:54:34,981 [main] INFO  handler.ContextHandler (ContextHandler.java:doStart(781)) - Started o.e.j.w.WebAppContext@7ecec90d{/,file:///tmp/jetty-0.0.0.0-45125-hddsDatanode-_-any-4950643243846187205.dir/webapp/,AVAILABLE}{/hddsDatanode}
2019-10-15 22:54:34,983 [main] INFO  server.AbstractConnector (AbstractConnector.java:doStart(278)) - Started ServerConnector@588f63c{HTTP/1.1,[http/1.1]}{0.0.0.0:45125}
2019-10-15 22:54:34,983 [main] INFO  server.Server (Server.java:doStart(419)) - Started @5327ms
2019-10-15 22:54:34,983 [main] WARN  impl.MetricsSystemImpl (MetricsSystemImpl.java:register(276)) - Sink prometheus already exists!
2019-10-15 22:54:34,985 [main] INFO  server.BaseHttpServer (BaseHttpServer.java:updateConnectorAddress(215)) - HTTP server of HDDSDATANODE is listening at http://0.0.0.0:45125
2019-10-15 22:54:34,985 [main] INFO  impl.MetricsSystemImpl (MetricsSystemImpl.java:init(158)) - HddsDatanode metrics system started (again)
2019-10-15 22:54:34,988 [main] INFO  ozone.HddsDatanodeService (HddsDatanodeService.java:start(184)) - HddsDatanodeService host:pr-hdds-2221-lrjgr-1037302595 ip:192.168.157.213
2019-10-15 22:54:34,988 [org.apache.hadoop.util.JvmPauseMonitor$Monitor@11a7f8bb] INFO  util.JvmPauseMonitor (JvmPauseMonitor.java:run(188)) - Starting JVM pause monitor
2019-10-15 22:54:34,992 [Datanode State Machine Thread - 0] INFO  datanode.InitDatanodeState (InitDatanodeState.java:persistContainerDatanodeDetails(140)) - DatanodeDetails is persisted to /workdir/hadoop-ozone/integration-test/target/test-dir/MiniOzoneClusterImpl-7c55876f-3f97-4a05-b001-a0c81006d1f8/datanode-4/meta/datanode.id
2019-10-15 22:54:35,005 [main] INFO  volume.HddsVolume (HddsVolume.java:<init>(176)) - Creating Volume: /workdir/hadoop-ozone/integration-test/target/test-dir/MiniOzoneClusterImpl-7c55876f-3f97-4a05-b001-a0c81006d1f8/datanode-5/data/containers/hdds of  storage type : DISK and capacity : 1482555576320
2019-10-15 22:54:35,006 [main] INFO  volume.VolumeSet (VolumeSet.java:initializeVolumeSet(170)) - Added Volume : /workdir/hadoop-ozone/integration-test/target/test-dir/MiniOzoneClusterImpl-7c55876f-3f97-4a05-b001-a0c81006d1f8/datanode-5/data/containers/hdds to VolumeSet
2019-10-15 22:54:35,006 [main] INFO  volume.ThrottledAsyncChecker (ThrottledAsyncChecker.java:schedule(141)) - Scheduling a check for org.apache.hadoop.ozone.container.common.volume.HddsVolume@5484117b
2019-10-15 22:54:35,007 [main] INFO  volume.HddsVolumeChecker (HddsVolumeChecker.java:checkAllVolumes(204)) - Scheduled health check for volume org.apache.hadoop.ozone.container.common.volume.HddsVolume@5484117b
2019-10-15 22:54:35,025 [main] INFO  impl.RaftServerProxy (ConfUtils.java:logGet(43)) - raft.rpc.type = GRPC (default)
2019-10-15 22:54:35,025 [main] INFO  grpc.GrpcFactory (GrpcFactory.java:checkPooledByteBufAllocatorUseCacheForAllThreads(45)) - PERFORMANCE WARNING: useCacheForAllThreads is true that may cause Netty to create a lot garbage objects and, as a result, trigger GC.
	It is recommended to disable useCacheForAllThreads by setting -Dorg.apache.ratis.thirdparty.io.netty.allocator.useCacheForAllThreads=false in command line.
2019-10-15 22:54:35,026 [main] INFO  grpc.GrpcConfigKeys$Server (ConfUtils.java:logGet(43)) - raft.grpc.server.port = 0 (default)
2019-10-15 22:54:35,026 [main] INFO  server.GrpcService (ConfUtils.java:logGet(43)) - raft.grpc.message.size.max = 33570816 (custom)
2019-10-15 22:54:35,026 [main] INFO  server.RaftServerConfigKeys (ConfUtils.java:logGet(43)) - raft.server.log.appender.buffer.byte-limit = 33554432 (custom)
2019-10-15 22:54:35,026 [main] INFO  server.GrpcService (ConfUtils.java:logGet(43)) - raft.grpc.flow.control.window = 1MB (=1048576) (default)
2019-10-15 22:54:35,027 [main] INFO  server.RaftServerConfigKeys (ConfUtils.java:logGet(43)) - raft.server.rpc.request.timeout = 3000ms (default)
2019-10-15 22:54:35,027 [main] INFO  server.RaftServerConfigKeys (ConfUtils.java:logGet(43)) - raft.server.storage.dir = [/workdir/hadoop-ozone/integration-test/target/test-dir/MiniOzoneClusterImpl-7c55876f-3f97-4a05-b001-a0c81006d1f8/datanode-5/data/ratis] (custom)
2019-10-15 22:54:35,029 [main] INFO  hdfs.DFSUtil (DFSUtil.java:httpServerTemplateForNNAndJN(1641)) - Starting Web-server for hddsDatanode at: http://0.0.0.0:0
2019-10-15 22:54:35,031 [main] INFO  server.AuthenticationFilter (AuthenticationFilter.java:constructSecretProvider(240)) - Unable to initialize FileSignerSecretProvider, falling back to use random secrets.
2019-10-15 22:54:35,031 [main] WARN  http.HttpRequestLog (HttpRequestLog.java:getRequestLog(97)) - Jetty request log can only be enabled using Log4j
2019-10-15 22:54:35,033 [main] INFO  http.HttpServer2 (HttpServer2.java:addGlobalFilter(975)) - Added global filter 'safety' (class=org.apache.hadoop.http.HttpServer2$QuotingInputFilter)
2019-10-15 22:54:35,036 [main] INFO  http.HttpServer2 (HttpServer2.java:addFilter(948)) - Added filter static_user_filter (class=org.apache.hadoop.http.lib.StaticUserWebFilter$StaticUserFilter) to context hddsDatanode
2019-10-15 22:54:35,037 [main] INFO  http.HttpServer2 (HttpServer2.java:addFilter(958)) - Added filter static_user_filter (class=org.apache.hadoop.http.lib.StaticUserWebFilter$StaticUserFilter) to context logs
2019-10-15 22:54:35,037 [main] INFO  http.HttpServer2 (HttpServer2.java:addFilter(958)) - Added filter static_user_filter (class=org.apache.hadoop.http.lib.StaticUserWebFilter$StaticUserFilter) to context static
2019-10-15 22:54:35,038 [main] INFO  http.HttpServer2 (HttpServer2.java:bindListener(1191)) - Jetty bound to port 45575
2019-10-15 22:54:35,039 [main] INFO  server.Server (Server.java:doStart(351)) - jetty-9.3.25.v20180904, build timestamp: 2018-09-04T21:11:46Z, git hash: 3ce520221d0240229c862b122d2b06c12a625732
2019-10-15 22:54:35,041 [main] INFO  handler.ContextHandler (ContextHandler.java:doStart(781)) - Started o.e.j.s.ServletContextHandler@43af351a{/logs,file:///workdir/hadoop-ozone/integration-test/target/log,AVAILABLE}
2019-10-15 22:54:35,042 [main] INFO  handler.ContextHandler (ContextHandler.java:doStart(781)) - Started o.e.j.s.ServletContextHandler@72f9f27c{/static,jar:file:/home/user/.m2/repository/org/apache/hadoop/hadoop-hdds-container-service/0.5.0-SNAPSHOT/hadoop-hdds-container-service-0.5.0-SNAPSHOT.jar!/webapps/static,AVAILABLE}
2019-10-15 22:54:35,074 [main] INFO  handler.ContextHandler (ContextHandler.java:doStart(781)) - Started o.e.j.w.WebAppContext@56dfab87{/,file:///tmp/jetty-0.0.0.0-45575-hddsDatanode-_-any-7313169877364324900.dir/webapp/,AVAILABLE}{/hddsDatanode}
2019-10-15 22:54:35,075 [main] INFO  server.AbstractConnector (AbstractConnector.java:doStart(278)) - Started ServerConnector@715b886f{HTTP/1.1,[http/1.1]}{0.0.0.0:45575}
2019-10-15 22:54:35,076 [main] INFO  server.Server (Server.java:doStart(419)) - Started @5420ms
2019-10-15 22:54:35,076 [main] WARN  impl.MetricsSystemImpl (MetricsSystemImpl.java:register(276)) - Sink prometheus already exists!
2019-10-15 22:54:35,077 [main] INFO  server.BaseHttpServer (BaseHttpServer.java:updateConnectorAddress(215)) - HTTP server of HDDSDATANODE is listening at http://0.0.0.0:45575
2019-10-15 22:54:35,078 [main] INFO  impl.MetricsSystemImpl (MetricsSystemImpl.java:init(158)) - HddsDatanode metrics system started (again)
2019-10-15 22:54:35,082 [org.apache.hadoop.util.JvmPauseMonitor$Monitor@55d5d555] INFO  util.JvmPauseMonitor (JvmPauseMonitor.java:run(188)) - Starting JVM pause monitor
2019-10-15 22:54:35,083 [main] INFO  ozone.HddsDatanodeService (HddsDatanodeService.java:start(184)) - HddsDatanodeService host:pr-hdds-2221-lrjgr-1037302595 ip:192.168.157.213
2019-10-15 22:54:35,086 [Datanode State Machine Thread - 0] INFO  datanode.InitDatanodeState (InitDatanodeState.java:persistContainerDatanodeDetails(140)) - DatanodeDetails is persisted to /workdir/hadoop-ozone/integration-test/target/test-dir/MiniOzoneClusterImpl-7c55876f-3f97-4a05-b001-a0c81006d1f8/datanode-5/meta/datanode.id
2019-10-15 22:54:35,092 [main] INFO  volume.HddsVolume (HddsVolume.java:<init>(176)) - Creating Volume: /workdir/hadoop-ozone/integration-test/target/test-dir/MiniOzoneClusterImpl-7c55876f-3f97-4a05-b001-a0c81006d1f8/datanode-6/data/containers/hdds of  storage type : DISK and capacity : 1482555576320
2019-10-15 22:54:35,092 [main] INFO  volume.VolumeSet (VolumeSet.java:initializeVolumeSet(170)) - Added Volume : /workdir/hadoop-ozone/integration-test/target/test-dir/MiniOzoneClusterImpl-7c55876f-3f97-4a05-b001-a0c81006d1f8/datanode-6/data/containers/hdds to VolumeSet
2019-10-15 22:54:35,092 [main] INFO  volume.ThrottledAsyncChecker (ThrottledAsyncChecker.java:schedule(141)) - Scheduling a check for org.apache.hadoop.ozone.container.common.volume.HddsVolume@39a87e72
2019-10-15 22:54:35,093 [main] INFO  volume.HddsVolumeChecker (HddsVolumeChecker.java:checkAllVolumes(204)) - Scheduled health check for volume org.apache.hadoop.ozone.container.common.volume.HddsVolume@39a87e72
2019-10-15 22:54:35,112 [main] INFO  impl.RaftServerProxy (ConfUtils.java:logGet(43)) - raft.rpc.type = GRPC (default)
2019-10-15 22:54:35,112 [main] INFO  grpc.GrpcFactory (GrpcFactory.java:checkPooledByteBufAllocatorUseCacheForAllThreads(45)) - PERFORMANCE WARNING: useCacheForAllThreads is true that may cause Netty to create a lot garbage objects and, as a result, trigger GC.
	It is recommended to disable useCacheForAllThreads by setting -Dorg.apache.ratis.thirdparty.io.netty.allocator.useCacheForAllThreads=false in command line.
2019-10-15 22:54:35,112 [main] INFO  grpc.GrpcConfigKeys$Server (ConfUtils.java:logGet(43)) - raft.grpc.server.port = 0 (default)
2019-10-15 22:54:35,112 [main] INFO  server.GrpcService (ConfUtils.java:logGet(43)) - raft.grpc.message.size.max = 33570816 (custom)
2019-10-15 22:54:35,113 [main] INFO  server.RaftServerConfigKeys (ConfUtils.java:logGet(43)) - raft.server.log.appender.buffer.byte-limit = 33554432 (custom)
2019-10-15 22:54:35,113 [main] INFO  server.GrpcService (ConfUtils.java:logGet(43)) - raft.grpc.flow.control.window = 1MB (=1048576) (default)
2019-10-15 22:54:35,113 [main] INFO  server.RaftServerConfigKeys (ConfUtils.java:logGet(43)) - raft.server.rpc.request.timeout = 3000ms (default)
2019-10-15 22:54:35,114 [main] INFO  server.RaftServerConfigKeys (ConfUtils.java:logGet(43)) - raft.server.storage.dir = [/workdir/hadoop-ozone/integration-test/target/test-dir/MiniOzoneClusterImpl-7c55876f-3f97-4a05-b001-a0c81006d1f8/datanode-6/data/ratis] (custom)
2019-10-15 22:54:35,116 [main] INFO  hdfs.DFSUtil (DFSUtil.java:httpServerTemplateForNNAndJN(1641)) - Starting Web-server for hddsDatanode at: http://0.0.0.0:0
2019-10-15 22:54:35,117 [main] INFO  server.AuthenticationFilter (AuthenticationFilter.java:constructSecretProvider(240)) - Unable to initialize FileSignerSecretProvider, falling back to use random secrets.
2019-10-15 22:54:35,118 [main] WARN  http.HttpRequestLog (HttpRequestLog.java:getRequestLog(97)) - Jetty request log can only be enabled using Log4j
2019-10-15 22:54:35,119 [main] INFO  http.HttpServer2 (HttpServer2.java:addGlobalFilter(975)) - Added global filter 'safety' (class=org.apache.hadoop.http.HttpServer2$QuotingInputFilter)
2019-10-15 22:54:35,120 [main] INFO  http.HttpServer2 (HttpServer2.java:addFilter(948)) - Added filter static_user_filter (class=org.apache.hadoop.http.lib.StaticUserWebFilter$StaticUserFilter) to context hddsDatanode
2019-10-15 22:54:35,120 [main] INFO  http.HttpServer2 (HttpServer2.java:addFilter(958)) - Added filter static_user_filter (class=org.apache.hadoop.http.lib.StaticUserWebFilter$StaticUserFilter) to context logs
2019-10-15 22:54:35,120 [main] INFO  http.HttpServer2 (HttpServer2.java:addFilter(958)) - Added filter static_user_filter (class=org.apache.hadoop.http.lib.StaticUserWebFilter$StaticUserFilter) to context static
2019-10-15 22:54:35,121 [main] INFO  http.HttpServer2 (HttpServer2.java:bindListener(1191)) - Jetty bound to port 41439
2019-10-15 22:54:35,121 [main] INFO  server.Server (Server.java:doStart(351)) - jetty-9.3.25.v20180904, build timestamp: 2018-09-04T21:11:46Z, git hash: 3ce520221d0240229c862b122d2b06c12a625732
2019-10-15 22:54:35,123 [main] INFO  handler.ContextHandler (ContextHandler.java:doStart(781)) - Started o.e.j.s.ServletContextHandler@1457fde{/logs,file:///workdir/hadoop-ozone/integration-test/target/log,AVAILABLE}
2019-10-15 22:54:35,124 [main] INFO  handler.ContextHandler (ContextHandler.java:doStart(781)) - Started o.e.j.s.ServletContextHandler@17fa1336{/static,jar:file:/home/user/.m2/repository/org/apache/hadoop/hadoop-hdds-container-service/0.5.0-SNAPSHOT/hadoop-hdds-container-service-0.5.0-SNAPSHOT.jar!/webapps/static,AVAILABLE}
2019-10-15 22:54:35,154 [main] INFO  handler.ContextHandler (ContextHandler.java:doStart(781)) - Started o.e.j.w.WebAppContext@142213d5{/,file:///tmp/jetty-0.0.0.0-41439-hddsDatanode-_-any-2394446668250671870.dir/webapp/,AVAILABLE}{/hddsDatanode}
2019-10-15 22:54:35,156 [main] INFO  server.AbstractConnector (AbstractConnector.java:doStart(278)) - Started ServerConnector@934b52f{HTTP/1.1,[http/1.1]}{0.0.0.0:41439}
2019-10-15 22:54:35,156 [main] INFO  server.Server (Server.java:doStart(419)) - Started @5500ms
2019-10-15 22:54:35,156 [main] WARN  impl.MetricsSystemImpl (MetricsSystemImpl.java:register(276)) - Sink prometheus already exists!
2019-10-15 22:54:35,157 [main] INFO  server.BaseHttpServer (BaseHttpServer.java:updateConnectorAddress(215)) - HTTP server of HDDSDATANODE is listening at http://0.0.0.0:41439
2019-10-15 22:54:35,159 [main] INFO  ozone.MiniOzoneClusterImpl (MiniOzoneClusterImpl.java:lambda$waitForClusterToBeReady$0(147)) - Waiting for cluster to be ready. Got 0 of 7 DN Heartbeats.
2019-10-15 22:54:35,161 [org.apache.hadoop.util.JvmPauseMonitor$Monitor@7cebb4c2] INFO  util.JvmPauseMonitor (JvmPauseMonitor.java:run(188)) - Starting JVM pause monitor
2019-10-15 22:54:35,165 [Datanode State Machine Thread - 0] INFO  datanode.InitDatanodeState (InitDatanodeState.java:persistContainerDatanodeDetails(140)) - DatanodeDetails is persisted to /workdir/hadoop-ozone/integration-test/target/test-dir/MiniOzoneClusterImpl-7c55876f-3f97-4a05-b001-a0c81006d1f8/datanode-6/meta/datanode.id
2019-10-15 22:54:36,160 [main] INFO  ozone.MiniOzoneClusterImpl (MiniOzoneClusterImpl.java:lambda$waitForClusterToBeReady$0(147)) - Waiting for cluster to be ready. Got 0 of 7 DN Heartbeats.
2019-10-15 22:54:36,792 [Datanode State Machine Thread - 0] INFO  ozoneimpl.OzoneContainer (OzoneContainer.java:start(213)) - Attempting to start container services.
2019-10-15 22:54:36,792 [Datanode State Machine Thread - 0] INFO  ozoneimpl.OzoneContainer (OzoneContainer.java:start(213)) - Attempting to start container services.
2019-10-15 22:54:36,797 [Datanode State Machine Thread - 0] INFO  ozoneimpl.OzoneContainer (OzoneContainer.java:startContainerScrub(177)) - Background container scanner has been disabled.
2019-10-15 22:54:36,797 [Datanode State Machine Thread - 0] INFO  ozoneimpl.OzoneContainer (OzoneContainer.java:startContainerScrub(177)) - Background container scanner has been disabled.
2019-10-15 22:54:36,797 [Datanode State Machine Thread - 0] INFO  ratis.XceiverServerRatis (XceiverServerRatis.java:start(418)) - Starting XceiverServerRatis 270a7188-b373-43e4-a3ac-26543458552c at port 0
2019-10-15 22:54:36,797 [Datanode State Machine Thread - 0] INFO  ratis.XceiverServerRatis (XceiverServerRatis.java:start(418)) - Starting XceiverServerRatis dd65dd0a-dda8-47db-b4b1-a946d688cbb0 at port 0
2019-10-15 22:54:36,840 [Datanode State Machine Thread - 0] INFO  impl.RaftServerProxy (RaftServerProxy.java:lambda$start$3(299)) - 270a7188-b373-43e4-a3ac-26543458552c: start RPC server
2019-10-15 22:54:36,840 [Datanode State Machine Thread - 0] INFO  impl.RaftServerProxy (RaftServerProxy.java:lambda$start$3(299)) - dd65dd0a-dda8-47db-b4b1-a946d688cbb0: start RPC server
2019-10-15 22:54:36,849 [Datanode State Machine Thread - 0] INFO  ozoneimpl.OzoneContainer (OzoneContainer.java:start(213)) - Attempting to start container services.
2019-10-15 22:54:36,856 [Datanode State Machine Thread - 0] INFO  ozoneimpl.OzoneContainer (OzoneContainer.java:startContainerScrub(177)) - Background container scanner has been disabled.
2019-10-15 22:54:36,857 [Datanode State Machine Thread - 0] INFO  ratis.XceiverServerRatis (XceiverServerRatis.java:start(418)) - Starting XceiverServerRatis f7aee2ed-06bf-4aad-8464-c585c97c108e at port 0
2019-10-15 22:54:36,868 [Datanode State Machine Thread - 0] INFO  impl.RaftServerProxy (RaftServerProxy.java:lambda$start$3(299)) - f7aee2ed-06bf-4aad-8464-c585c97c108e: start RPC server
2019-10-15 22:54:36,931 [Datanode State Machine Thread - 0] INFO  ozoneimpl.OzoneContainer (OzoneContainer.java:start(213)) - Attempting to start container services.
2019-10-15 22:54:36,932 [Datanode State Machine Thread - 0] INFO  ozoneimpl.OzoneContainer (OzoneContainer.java:startContainerScrub(177)) - Background container scanner has been disabled.
2019-10-15 22:54:36,932 [Datanode State Machine Thread - 0] INFO  ratis.XceiverServerRatis (XceiverServerRatis.java:start(418)) - Starting XceiverServerRatis 8c3b9c04-93ef-45da-955f-d3fc6ab62d67 at port 0
2019-10-15 22:54:36,941 [Datanode State Machine Thread - 0] INFO  impl.RaftServerProxy (RaftServerProxy.java:lambda$start$3(299)) - 8c3b9c04-93ef-45da-955f-d3fc6ab62d67: start RPC server
2019-10-15 22:54:36,978 [Datanode State Machine Thread - 0] INFO  server.GrpcService (GrpcService.java:startImpl(158)) - 8c3b9c04-93ef-45da-955f-d3fc6ab62d67: GrpcService started, listening on 0.0.0.0/0.0.0.0:33126
2019-10-15 22:54:36,978 [Datanode State Machine Thread - 0] INFO  server.GrpcService (GrpcService.java:startImpl(158)) - f7aee2ed-06bf-4aad-8464-c585c97c108e: GrpcService started, listening on 0.0.0.0/0.0.0.0:46362
2019-10-15 22:54:36,979 [Datanode State Machine Thread - 0] INFO  ratis.XceiverServerRatis (XceiverServerRatis.java:start(428)) - XceiverServerRatis 8c3b9c04-93ef-45da-955f-d3fc6ab62d67 is started using port 33126
2019-10-15 22:54:36,978 [Datanode State Machine Thread - 0] INFO  server.GrpcService (GrpcService.java:startImpl(158)) - dd65dd0a-dda8-47db-b4b1-a946d688cbb0: GrpcService started, listening on 0.0.0.0/0.0.0.0:36412
2019-10-15 22:54:36,978 [Datanode State Machine Thread - 0] INFO  server.GrpcService (GrpcService.java:startImpl(158)) - 270a7188-b373-43e4-a3ac-26543458552c: GrpcService started, listening on 0.0.0.0/0.0.0.0:37155
2019-10-15 22:54:36,979 [Datanode State Machine Thread - 0] INFO  ratis.XceiverServerRatis (XceiverServerRatis.java:start(428)) - XceiverServerRatis dd65dd0a-dda8-47db-b4b1-a946d688cbb0 is started using port 36412
2019-10-15 22:54:36,979 [Datanode State Machine Thread - 0] INFO  ratis.XceiverServerRatis (XceiverServerRatis.java:start(428)) - XceiverServerRatis f7aee2ed-06bf-4aad-8464-c585c97c108e is started using port 46362
2019-10-15 22:54:36,979 [Datanode State Machine Thread - 0] INFO  ratis.XceiverServerRatis (XceiverServerRatis.java:start(428)) - XceiverServerRatis 270a7188-b373-43e4-a3ac-26543458552c is started using port 37155
2019-10-15 22:54:36,982 [Datanode State Machine Thread - 0] INFO  server.XceiverServerGrpc (XceiverServerGrpc.java:start(149)) - XceiverServerGrpc 8c3b9c04-93ef-45da-955f-d3fc6ab62d67 is started using port 33562
2019-10-15 22:54:36,982 [Datanode State Machine Thread - 0] INFO  server.XceiverServerGrpc (XceiverServerGrpc.java:start(149)) - XceiverServerGrpc dd65dd0a-dda8-47db-b4b1-a946d688cbb0 is started using port 44654
2019-10-15 22:54:36,985 [Datanode State Machine Thread - 0] INFO  server.XceiverServerGrpc (XceiverServerGrpc.java:start(149)) - XceiverServerGrpc 270a7188-b373-43e4-a3ac-26543458552c is started using port 43837
2019-10-15 22:54:36,985 [Datanode State Machine Thread - 0] INFO  server.XceiverServerGrpc (XceiverServerGrpc.java:start(149)) - XceiverServerGrpc f7aee2ed-06bf-4aad-8464-c585c97c108e is started using port 35552
2019-10-15 22:54:37,005 [Datanode State Machine Thread - 0] INFO  ozoneimpl.OzoneContainer (OzoneContainer.java:start(213)) - Attempting to start container services.
2019-10-15 22:54:37,006 [Datanode State Machine Thread - 0] INFO  ozoneimpl.OzoneContainer (OzoneContainer.java:startContainerScrub(177)) - Background container scanner has been disabled.
2019-10-15 22:54:37,006 [Datanode State Machine Thread - 0] INFO  ratis.XceiverServerRatis (XceiverServerRatis.java:start(418)) - Starting XceiverServerRatis 3594faa7-d94e-4af2-ab4a-ef22aa79de86 at port 0
2019-10-15 22:54:37,012 [Datanode State Machine Thread - 0] INFO  impl.RaftServerProxy (RaftServerProxy.java:lambda$start$3(299)) - 3594faa7-d94e-4af2-ab4a-ef22aa79de86: start RPC server
2019-10-15 22:54:37,014 [Datanode State Machine Thread - 0] INFO  server.GrpcService (GrpcService.java:startImpl(158)) - 3594faa7-d94e-4af2-ab4a-ef22aa79de86: GrpcService started, listening on 0.0.0.0/0.0.0.0:44254
2019-10-15 22:54:37,014 [Datanode State Machine Thread - 0] INFO  ratis.XceiverServerRatis (XceiverServerRatis.java:start(428)) - XceiverServerRatis 3594faa7-d94e-4af2-ab4a-ef22aa79de86 is started using port 44254
2019-10-15 22:54:37,016 [Datanode State Machine Thread - 0] INFO  server.XceiverServerGrpc (XceiverServerGrpc.java:start(149)) - XceiverServerGrpc 3594faa7-d94e-4af2-ab4a-ef22aa79de86 is started using port 46129
2019-10-15 22:54:37,100 [Datanode State Machine Thread - 0] INFO  ozoneimpl.OzoneContainer (OzoneContainer.java:start(213)) - Attempting to start container services.
2019-10-15 22:54:37,100 [Datanode State Machine Thread - 0] INFO  ozoneimpl.OzoneContainer (OzoneContainer.java:startContainerScrub(177)) - Background container scanner has been disabled.
2019-10-15 22:54:37,100 [Datanode State Machine Thread - 0] INFO  ratis.XceiverServerRatis (XceiverServerRatis.java:start(418)) - Starting XceiverServerRatis 90e6b9eb-7354-4988-958f-34602f50702c at port 0
2019-10-15 22:54:37,107 [Datanode State Machine Thread - 0] INFO  impl.RaftServerProxy (RaftServerProxy.java:lambda$start$3(299)) - 90e6b9eb-7354-4988-958f-34602f50702c: start RPC server
2019-10-15 22:54:37,110 [Datanode State Machine Thread - 0] INFO  server.GrpcService (GrpcService.java:startImpl(158)) - 90e6b9eb-7354-4988-958f-34602f50702c: GrpcService started, listening on 0.0.0.0/0.0.0.0:40319
2019-10-15 22:54:37,110 [Datanode State Machine Thread - 0] INFO  ratis.XceiverServerRatis (XceiverServerRatis.java:start(428)) - XceiverServerRatis 90e6b9eb-7354-4988-958f-34602f50702c is started using port 40319
2019-10-15 22:54:37,112 [Datanode State Machine Thread - 0] INFO  server.XceiverServerGrpc (XceiverServerGrpc.java:start(149)) - XceiverServerGrpc 90e6b9eb-7354-4988-958f-34602f50702c is started using port 38896
2019-10-15 22:54:37,160 [main] INFO  ozone.MiniOzoneClusterImpl (MiniOzoneClusterImpl.java:lambda$waitForClusterToBeReady$0(147)) - Waiting for cluster to be ready. Got 0 of 7 DN Heartbeats.
2019-10-15 22:54:37,178 [Datanode State Machine Thread - 0] INFO  ozoneimpl.OzoneContainer (OzoneContainer.java:start(213)) - Attempting to start container services.
2019-10-15 22:54:37,178 [Datanode State Machine Thread - 0] INFO  ozoneimpl.OzoneContainer (OzoneContainer.java:startContainerScrub(177)) - Background container scanner has been disabled.
2019-10-15 22:54:37,179 [Datanode State Machine Thread - 0] INFO  ratis.XceiverServerRatis (XceiverServerRatis.java:start(418)) - Starting XceiverServerRatis aaf8e68d-5698-433d-8fad-3ccf5c38c15f at port 0
2019-10-15 22:54:37,185 [Datanode State Machine Thread - 0] INFO  impl.RaftServerProxy (RaftServerProxy.java:lambda$start$3(299)) - aaf8e68d-5698-433d-8fad-3ccf5c38c15f: start RPC server
2019-10-15 22:54:37,188 [Datanode State Machine Thread - 0] INFO  server.GrpcService (GrpcService.java:startImpl(158)) - aaf8e68d-5698-433d-8fad-3ccf5c38c15f: GrpcService started, listening on 0.0.0.0/0.0.0.0:44112
2019-10-15 22:54:37,189 [Datanode State Machine Thread - 0] INFO  ratis.XceiverServerRatis (XceiverServerRatis.java:start(428)) - XceiverServerRatis aaf8e68d-5698-433d-8fad-3ccf5c38c15f is started using port 44112
2019-10-15 22:54:37,191 [Datanode State Machine Thread - 0] INFO  server.XceiverServerGrpc (XceiverServerGrpc.java:start(149)) - XceiverServerGrpc aaf8e68d-5698-433d-8fad-3ccf5c38c15f is started using port 42854
2019-10-15 22:54:38,161 [main] INFO  ozone.MiniOzoneClusterImpl (MiniOzoneClusterImpl.java:lambda$waitForClusterToBeReady$0(147)) - Waiting for cluster to be ready. Got 0 of 7 DN Heartbeats.
2019-10-15 22:54:38,714 [IPC Server handler 0 on 45853] INFO  net.NetworkTopology (NetworkTopologyImpl.java:add(111)) - Added a new node: /default-rack/dd65dd0a-dda8-47db-b4b1-a946d688cbb0
2019-10-15 22:54:38,714 [IPC Server handler 0 on 45853] INFO  node.SCMNodeManager (SCMNodeManager.java:register(268)) - Registered Data node : dd65dd0a-dda8-47db-b4b1-a946d688cbb0{ip: 192.168.157.213, host: pr-hdds-2221-lrjgr-1037302595, networkLocation: /default-rack, certSerialId: null}
2019-10-15 22:54:38,719 [EventQueue-NodeRegistrationContainerReportForDataNodeSafeModeRule] INFO  safemode.SCMSafeModeManager (DataNodeSafeModeRule.java:process(71)) - SCM in safe mode. 1 DataNodes registered, 1 required.
2019-10-15 22:54:38,719 [EventQueue-NodeRegistrationContainerReportForDataNodeSafeModeRule] INFO  safemode.SCMSafeModeManager (SCMSafeModeManager.java:validateSafeModeExitRules(177)) - ScmSafeModeManager, all rules are successfully validated
2019-10-15 22:54:38,719 [EventQueue-NodeRegistrationContainerReportForDataNodeSafeModeRule] INFO  safemode.SCMSafeModeManager (SCMSafeModeManager.java:exitSafeMode(193)) - SCM exiting safe mode.
2019-10-15 22:54:38,755 [IPC Server handler 1 on 45853] INFO  net.NetworkTopology (NetworkTopologyImpl.java:add(111)) - Added a new node: /default-rack/270a7188-b373-43e4-a3ac-26543458552c
2019-10-15 22:54:38,755 [IPC Server handler 1 on 45853] INFO  node.SCMNodeManager (SCMNodeManager.java:register(268)) - Registered Data node : 270a7188-b373-43e4-a3ac-26543458552c{ip: 192.168.157.213, host: pr-hdds-2221-lrjgr-1037302595, networkLocation: /default-rack, certSerialId: null}
2019-10-15 22:54:38,836 [IPC Server handler 2 on 45853] INFO  net.NetworkTopology (NetworkTopologyImpl.java:add(111)) - Added a new node: /default-rack/f7aee2ed-06bf-4aad-8464-c585c97c108e
2019-10-15 22:54:38,836 [IPC Server handler 2 on 45853] INFO  node.SCMNodeManager (SCMNodeManager.java:register(268)) - Registered Data node : f7aee2ed-06bf-4aad-8464-c585c97c108e{ip: 192.168.157.213, host: pr-hdds-2221-lrjgr-1037302595, networkLocation: /default-rack, certSerialId: null}
2019-10-15 22:54:38,919 [IPC Server handler 5 on 45853] INFO  net.NetworkTopology (NetworkTopologyImpl.java:add(111)) - Added a new node: /default-rack/8c3b9c04-93ef-45da-955f-d3fc6ab62d67
2019-10-15 22:54:38,919 [IPC Server handler 5 on 45853] INFO  node.SCMNodeManager (SCMNodeManager.java:register(268)) - Registered Data node : 8c3b9c04-93ef-45da-955f-d3fc6ab62d67{ip: 192.168.157.213, host: pr-hdds-2221-lrjgr-1037302595, networkLocation: /default-rack, certSerialId: null}
2019-10-15 22:54:38,994 [IPC Server handler 4 on 45853] INFO  net.NetworkTopology (NetworkTopologyImpl.java:add(111)) - Added a new node: /default-rack/3594faa7-d94e-4af2-ab4a-ef22aa79de86
2019-10-15 22:54:38,994 [IPC Server handler 4 on 45853] INFO  node.SCMNodeManager (SCMNodeManager.java:register(268)) - Registered Data node : 3594faa7-d94e-4af2-ab4a-ef22aa79de86{ip: 192.168.157.213, host: pr-hdds-2221-lrjgr-1037302595, networkLocation: /default-rack, certSerialId: null}
2019-10-15 22:54:39,086 [IPC Server handler 3 on 45853] INFO  net.NetworkTopology (NetworkTopologyImpl.java:add(111)) - Added a new node: /default-rack/90e6b9eb-7354-4988-958f-34602f50702c
2019-10-15 22:54:39,087 [IPC Server handler 3 on 45853] INFO  node.SCMNodeManager (SCMNodeManager.java:register(268)) - Registered Data node : 90e6b9eb-7354-4988-958f-34602f50702c{ip: 192.168.157.213, host: pr-hdds-2221-lrjgr-1037302595, networkLocation: /default-rack, certSerialId: null}
2019-10-15 22:54:39,162 [main] INFO  ozone.MiniOzoneClusterImpl (MiniOzoneClusterImpl.java:lambda$waitForClusterToBeReady$0(147)) - Waiting for cluster to be ready. Got 6 of 7 DN Heartbeats.
2019-10-15 22:54:39,164 [IPC Server handler 7 on 45853] INFO  net.NetworkTopology (NetworkTopologyImpl.java:add(111)) - Added a new node: /default-rack/aaf8e68d-5698-433d-8fad-3ccf5c38c15f
2019-10-15 22:54:39,165 [IPC Server handler 7 on 45853] INFO  node.SCMNodeManager (SCMNodeManager.java:register(268)) - Registered Data node : aaf8e68d-5698-433d-8fad-3ccf5c38c15f{ip: 192.168.157.213, host: pr-hdds-2221-lrjgr-1037302595, networkLocation: /default-rack, certSerialId: null}
2019-10-15 22:54:39,238 [grpc-default-executor-0] INFO  impl.RaftServerProxy (RaftServerProxy.java:addNew(89)) - dd65dd0a-dda8-47db-b4b1-a946d688cbb0: addNew group-61984DC9825B:[dd65dd0a-dda8-47db-b4b1-a946d688cbb0:192.168.157.213:36412] returns group-61984DC9825B:java.util.concurrent.CompletableFuture@44ec9d76[Not completed]
2019-10-15 22:54:39,255 [pool-27-thread-1] INFO  impl.RaftServerImpl (RaftServerImpl.java:<init>(95)) - dd65dd0a-dda8-47db-b4b1-a946d688cbb0: new RaftServerImpl for group-61984DC9825B:[dd65dd0a-dda8-47db-b4b1-a946d688cbb0:192.168.157.213:36412] with ContainerStateMachine:uninitialized
2019-10-15 22:54:39,258 [pool-27-thread-1] INFO  server.RaftServerConfigKeys (ConfUtils.java:logGet(43)) - raft.server.rpc.timeout.min = 5s (custom)
2019-10-15 22:54:39,259 [pool-27-thread-1] INFO  server.RaftServerConfigKeys (ConfUtils.java:logGet(43)) - raft.server.rpc.timeout.max = 5200ms (custom)
2019-10-15 22:54:39,259 [pool-27-thread-1] INFO  server.RaftServerConfigKeys (ConfUtils.java:logGet(43)) - raft.server.rpcslowness.timeout = 120s (custom)
2019-10-15 22:54:39,260 [pool-27-thread-1] INFO  server.RaftServerConfigKeys (ConfUtils.java:logGet(43)) - raft.server.sleep.deviation.threshold = 300 (default)
2019-10-15 22:54:39,261 [pool-27-thread-1] INFO  server.RaftServerConfigKeys (ConfUtils.java:logGet(43)) - raft.server.log.appender.install.snapshot.enabled = false (custom)
2019-10-15 22:54:39,271 [pool-27-thread-1] INFO  impl.RaftServerImpl (ServerState.java:<init>(103)) - dd65dd0a-dda8-47db-b4b1-a946d688cbb0@group-61984DC9825B: ConfigurationManager, init=-1: [dd65dd0a-dda8-47db-b4b1-a946d688cbb0:192.168.157.213:36412], old=null, confs=<EMPTY_MAP>
2019-10-15 22:54:39,271 [pool-27-thread-1] INFO  server.RaftServerConfigKeys (ConfUtils.java:logGet(43)) - raft.server.storage.dir = [/workdir/hadoop-ozone/integration-test/target/test-dir/MiniOzoneClusterImpl-7c55876f-3f97-4a05-b001-a0c81006d1f8/datanode-0/data/ratis] (custom)
2019-10-15 22:54:39,279 [pool-27-thread-1] INFO  server.RaftServerConfigKeys (ConfUtils.java:logGet(43)) - raft.server.log.corruption.policy = EXCEPTION (default)
2019-10-15 22:54:39,281 [pool-27-thread-1] INFO  storage.RaftStorageDirectory (RaftStorageDirectory.java:analyzeStorage(246)) - The storage directory /workdir/hadoop-ozone/integration-test/target/test-dir/MiniOzoneClusterImpl-7c55876f-3f97-4a05-b001-a0c81006d1f8/datanode-0/data/ratis/0127c1bf-529f-421d-8dfe-61984dc9825b does not exist. Creating ...
2019-10-15 22:54:39,300 [pool-27-thread-1] INFO  storage.RaftStorageDirectory (RaftStorageDirectory.java:tryLock(328)) - Lock on /workdir/hadoop-ozone/integration-test/target/test-dir/MiniOzoneClusterImpl-7c55876f-3f97-4a05-b001-a0c81006d1f8/datanode-0/data/ratis/0127c1bf-529f-421d-8dfe-61984dc9825b/in_use.lock acquired by nodename 7273@pr-hdds-2221-lrjgr-1037302595
2019-10-15 22:54:39,315 [pool-27-thread-1] INFO  storage.RaftStorage (RaftStorage.java:format(84)) - Storage directory /workdir/hadoop-ozone/integration-test/target/test-dir/MiniOzoneClusterImpl-7c55876f-3f97-4a05-b001-a0c81006d1f8/datanode-0/data/ratis/0127c1bf-529f-421d-8dfe-61984dc9825b has been successfully formatted.
2019-10-15 22:54:39,318 [pool-27-thread-1] INFO  ratis.ContainerStateMachine (ContainerStateMachine.java:loadSnapshot(231)) - group-61984DC9825B: The snapshot info is null. Setting the last applied indexto:(t:0, i:~)
2019-10-15 22:54:39,318 [pool-27-thread-1] INFO  server.RaftServerConfigKeys (ConfUtils.java:logGet(43)) - raft.server.notification.no-leader.timeout = 120s (custom)
2019-10-15 22:54:39,321 [pool-27-thread-1] INFO  server.RaftServerConfigKeys (ConfUtils.java:logGet(43)) - raft.server.log.use.memory = false (default)
2019-10-15 22:54:39,327 [pool-27-thread-1] INFO  server.RaftServerConfigKeys (ConfUtils.java:logGet(43)) - raft.server.log.purge.gap = 1000000 (custom)
2019-10-15 22:54:39,327 [pool-27-thread-1] INFO  server.RaftServerConfigKeys (ConfUtils.java:logGet(43)) - raft.server.log.appender.buffer.byte-limit = 33554432 (custom)
2019-10-15 22:54:39,330 [pool-27-thread-1] INFO  server.RaftServerConfigKeys (ConfUtils.java:logGet(43)) - raft.server.log.segment.size.max = 1048576 (custom)
2019-10-15 22:54:39,331 [pool-27-thread-1] INFO  impl.MetricsSystemImpl (MetricsSystemImpl.java:init(158)) - ratis metrics system started (again)
2019-10-15 22:54:39,336 [pool-27-thread-1] INFO  metrics.MetricRegistries (MetricRegistriesLoader.java:load(64)) - Loaded MetricRegistries class org.apache.ratis.metrics.impl.MetricRegistriesImpl
2019-10-15 22:54:39,386 [pool-27-thread-1] INFO  server.RaftServerConfigKeys (ConfUtils.java:logGet(43)) - raft.server.log.segment.cache.num.max = 2 (custom)
2019-10-15 22:54:39,393 [pool-27-thread-1] INFO  segmented.SegmentedRaftLogWorker (SegmentedRaftLogWorker.java:<init>(173)) - new dd65dd0a-dda8-47db-b4b1-a946d688cbb0@group-61984DC9825B-SegmentedRaftLogWorker for RaftStorage:Storage Directory /workdir/hadoop-ozone/integration-test/target/test-dir/MiniOzoneClusterImpl-7c55876f-3f97-4a05-b001-a0c81006d1f8/datanode-0/data/ratis/0127c1bf-529f-421d-8dfe-61984dc9825b
2019-10-15 22:54:39,394 [pool-27-thread-1] INFO  server.RaftServerConfigKeys (ConfUtils.java:logGet(43)) - raft.server.log.queue.byte-limit = 2147483647 (custom)
2019-10-15 22:54:39,394 [pool-27-thread-1] INFO  server.RaftServerConfigKeys (ConfUtils.java:logGet(43)) - raft.server.log.queue.element-limit = 1024 (custom)
2019-10-15 22:54:39,396 [pool-27-thread-1] INFO  server.RaftServerConfigKeys (ConfUtils.java:logGet(43)) - raft.server.log.segment.size.max = 1048576 (custom)
2019-10-15 22:54:39,396 [pool-27-thread-1] INFO  server.RaftServerConfigKeys (ConfUtils.java:logGet(43)) - raft.server.log.preallocated.size = 16384 (custom)
2019-10-15 22:54:39,396 [pool-27-thread-1] INFO  server.RaftServerConfigKeys (ConfUtils.java:logGet(43)) - raft.server.log.write.buffer.size = 33554432 (custom)
2019-10-15 22:54:39,397 [pool-27-thread-1] INFO  server.RaftServerConfigKeys (ConfUtils.java:logGet(43)) - raft.server.log.force.sync.num = 128 (default)
2019-10-15 22:54:39,398 [pool-27-thread-1] INFO  server.RaftServerConfigKeys (ConfUtils.java:logGet(43)) - raft.server.log.statemachine.data.sync = true (default)
2019-10-15 22:54:39,398 [pool-27-thread-1] INFO  server.RaftServerConfigKeys (ConfUtils.java:logGet(43)) - raft.server.log.statemachine.data.sync.timeout = 10s (default)
2019-10-15 22:54:39,399 [pool-27-thread-1] INFO  server.RaftServerConfigKeys (ConfUtils.java:logGet(43)) - raft.server.log.statemachine.data.sync.timeout.retry = -1 (default)
2019-10-15 22:54:39,410 [pool-27-thread-1] INFO  server.RaftServerConfigKeys (ConfUtils.java:logGet(43)) - raft.server.log.statemachine.data.caching.enabled = true (custom)
2019-10-15 22:54:39,416 [pool-27-thread-1] INFO  segmented.SegmentedRaftLogWorker (SegmentedRaftLogWorker.java:lambda$new$0(128)) - dd65dd0a-dda8-47db-b4b1-a946d688cbb0@group-61984DC9825B-SegmentedRaftLogWorker: flushIndex: setUnconditionally 0 -> -1
2019-10-15 22:54:39,420 [pool-27-thread-1] INFO  server.RaftServerConfigKeys (ConfUtils.java:logGet(43)) - raft.server.snapshot.auto.trigger.enabled = true (custom)
2019-10-15 22:54:39,421 [pool-27-thread-1] INFO  server.RaftServerConfigKeys (ConfUtils.java:logGet(43)) - raft.server.snapshot.auto.trigger.threshold = 10000 (custom)
2019-10-15 22:54:39,422 [pool-27-thread-1] INFO  server.RaftServerConfigKeys (ConfUtils.java:logGet(43)) - raft.server.snapshot.retention.file.num = 5 (custom)
2019-10-15 22:54:39,422 [pool-27-thread-1] INFO  server.RaftServerConfigKeys (ConfUtils.java:logGet(43)) - raft.server.retrycache.expirytime = 600000ms (custom)
2019-10-15 22:54:39,448 [pool-27-thread-1] INFO  impl.RaftServerImpl (RaftServerImpl.java:start(181)) - dd65dd0a-dda8-47db-b4b1-a946d688cbb0@group-61984DC9825B: start as a follower, conf=-1: [dd65dd0a-dda8-47db-b4b1-a946d688cbb0:192.168.157.213:36412], old=null
2019-10-15 22:54:39,450 [pool-27-thread-1] INFO  impl.RaftServerImpl (RaftServerImpl.java:setRole(170)) - dd65dd0a-dda8-47db-b4b1-a946d688cbb0@group-61984DC9825B: changes role from      null to FOLLOWER at term 0 for startAsFollower
2019-10-15 22:54:39,451 [pool-27-thread-1] INFO  impl.RoleInfo (RoleInfo.java:updateAndGet(143)) - dd65dd0a-dda8-47db-b4b1-a946d688cbb0: start FollowerState
2019-10-15 22:54:39,453 [pool-27-thread-1] INFO  util.JmxRegister (JmxRegister.java:tryRegister(44)) - Successfully registered JMX Bean with object name Ratis:service=RaftServer,group=group-61984DC9825B,id=dd65dd0a-dda8-47db-b4b1-a946d688cbb0
2019-10-15 22:54:39,521 [RatisPipelineUtilsThread] INFO  pipeline.PipelineStateManager (PipelineStateManager.java:addPipeline(56)) - Created pipeline Pipeline[ Id: 0127c1bf-529f-421d-8dfe-61984dc9825b, Nodes: dd65dd0a-dda8-47db-b4b1-a946d688cbb0{ip: 192.168.157.213, host: pr-hdds-2221-lrjgr-1037302595, networkLocation: /default-rack, certSerialId: null}, Type:RATIS, Factor:ONE, State:OPEN]
2019-10-15 22:54:39,543 [grpc-default-executor-0] INFO  impl.RaftServerProxy (RaftServerProxy.java:addNew(89)) - f7aee2ed-06bf-4aad-8464-c585c97c108e: addNew group-B26037BDBBC1:[f7aee2ed-06bf-4aad-8464-c585c97c108e:192.168.157.213:46362] returns group-B26037BDBBC1:java.util.concurrent.CompletableFuture@f99b3b0[Not completed]
2019-10-15 22:54:39,577 [pool-47-thread-1] INFO  impl.RaftServerImpl (RaftServerImpl.java:<init>(95)) - f7aee2ed-06bf-4aad-8464-c585c97c108e: new RaftServerImpl for group-B26037BDBBC1:[f7aee2ed-06bf-4aad-8464-c585c97c108e:192.168.157.213:46362] with ContainerStateMachine:uninitialized
2019-10-15 22:54:39,578 [pool-47-thread-1] INFO  server.RaftServerConfigKeys (ConfUtils.java:logGet(43)) - raft.server.rpc.timeout.min = 5s (custom)
2019-10-15 22:54:39,578 [pool-47-thread-1] INFO  server.RaftServerConfigKeys (ConfUtils.java:logGet(43)) - raft.server.rpc.timeout.max = 5200ms (custom)
2019-10-15 22:54:39,578 [pool-47-thread-1] INFO  server.RaftServerConfigKeys (ConfUtils.java:logGet(43)) - raft.server.rpcslowness.timeout = 120s (custom)
2019-10-15 22:54:39,578 [pool-47-thread-1] INFO  server.RaftServerConfigKeys (ConfUtils.java:logGet(43)) - raft.server.sleep.deviation.threshold = 300 (default)
2019-10-15 22:54:39,578 [pool-47-thread-1] INFO  server.RaftServerConfigKeys (ConfUtils.java:logGet(43)) - raft.server.log.appender.install.snapshot.enabled = false (custom)
2019-10-15 22:54:39,578 [pool-47-thread-1] INFO  impl.RaftServerImpl (ServerState.java:<init>(103)) - f7aee2ed-06bf-4aad-8464-c585c97c108e@group-B26037BDBBC1: ConfigurationManager, init=-1: [f7aee2ed-06bf-4aad-8464-c585c97c108e:192.168.157.213:46362], old=null, confs=<EMPTY_MAP>
2019-10-15 22:54:39,579 [pool-47-thread-1] INFO  server.RaftServerConfigKeys (ConfUtils.java:logGet(43)) - raft.server.storage.dir = [/workdir/hadoop-ozone/integration-test/target/test-dir/MiniOzoneClusterImpl-7c55876f-3f97-4a05-b001-a0c81006d1f8/datanode-2/data/ratis] (custom)
2019-10-15 22:54:39,579 [pool-47-thread-1] INFO  server.RaftServerConfigKeys (ConfUtils.java:logGet(43)) - raft.server.log.corruption.policy = EXCEPTION (default)
2019-10-15 22:54:39,579 [pool-47-thread-1] INFO  storage.RaftStorageDirectory (RaftStorageDirectory.java:analyzeStorage(246)) - The storage directory /workdir/hadoop-ozone/integration-test/target/test-dir/MiniOzoneClusterImpl-7c55876f-3f97-4a05-b001-a0c81006d1f8/datanode-2/data/ratis/e935c267-93a3-41cb-97fe-b26037bdbbc1 does not exist. Creating ...
2019-10-15 22:54:39,597 [pool-47-thread-1] INFO  storage.RaftStorageDirectory (RaftStorageDirectory.java:tryLock(328)) - Lock on /workdir/hadoop-ozone/integration-test/target/test-dir/MiniOzoneClusterImpl-7c55876f-3f97-4a05-b001-a0c81006d1f8/datanode-2/data/ratis/e935c267-93a3-41cb-97fe-b26037bdbbc1/in_use.lock acquired by nodename 7273@pr-hdds-2221-lrjgr-1037302595
2019-10-15 22:54:39,610 [pool-47-thread-1] INFO  storage.RaftStorage (RaftStorage.java:format(84)) - Storage directory /workdir/hadoop-ozone/integration-test/target/test-dir/MiniOzoneClusterImpl-7c55876f-3f97-4a05-b001-a0c81006d1f8/datanode-2/data/ratis/e935c267-93a3-41cb-97fe-b26037bdbbc1 has been successfully formatted.
2019-10-15 22:54:39,612 [pool-47-thread-1] INFO  ratis.ContainerStateMachine (ContainerStateMachine.java:loadSnapshot(231)) - group-B26037BDBBC1: The snapshot info is null. Setting the last applied indexto:(t:0, i:~)
2019-10-15 22:54:39,613 [pool-47-thread-1] INFO  server.RaftServerConfigKeys (ConfUtils.java:logGet(43)) - raft.server.notification.no-leader.timeout = 120s (custom)
2019-10-15 22:54:39,613 [pool-47-thread-1] INFO  server.RaftServerConfigKeys (ConfUtils.java:logGet(43)) - raft.server.log.use.memory = false (default)
2019-10-15 22:54:39,613 [pool-47-thread-1] INFO  server.RaftServerConfigKeys (ConfUtils.java:logGet(43)) - raft.server.log.purge.gap = 1000000 (custom)
2019-10-15 22:54:39,613 [pool-47-thread-1] INFO  server.RaftServerConfigKeys (ConfUtils.java:logGet(43)) - raft.server.log.appender.buffer.byte-limit = 33554432 (custom)
2019-10-15 22:54:39,613 [pool-47-thread-1] INFO  server.RaftServerConfigKeys (ConfUtils.java:logGet(43)) - raft.server.log.segment.size.max = 1048576 (custom)
2019-10-15 22:54:39,620 [pool-47-thread-1] INFO  server.RaftServerConfigKeys (ConfUtils.java:logGet(43)) - raft.server.log.segment.cache.num.max = 2 (custom)
2019-10-15 22:54:39,621 [pool-47-thread-1] INFO  segmented.SegmentedRaftLogWorker (SegmentedRaftLogWorker.java:<init>(173)) - new f7aee2ed-06bf-4aad-8464-c585c97c108e@group-B26037BDBBC1-SegmentedRaftLogWorker for RaftStorage:Storage Directory /workdir/hadoop-ozone/integration-test/target/test-dir/MiniOzoneClusterImpl-7c55876f-3f97-4a05-b001-a0c81006d1f8/datanode-2/data/ratis/e935c267-93a3-41cb-97fe-b26037bdbbc1
2019-10-15 22:54:39,622 [pool-47-thread-1] INFO  server.RaftServerConfigKeys (ConfUtils.java:logGet(43)) - raft.server.log.queue.byte-limit = 2147483647 (custom)
2019-10-15 22:54:39,622 [pool-47-thread-1] INFO  server.RaftServerConfigKeys (ConfUtils.java:logGet(43)) - raft.server.log.queue.element-limit = 1024 (custom)
2019-10-15 22:54:39,622 [pool-47-thread-1] INFO  server.RaftServerConfigKeys (ConfUtils.java:logGet(43)) - raft.server.log.segment.size.max = 1048576 (custom)
2019-10-15 22:54:39,622 [pool-47-thread-1] INFO  server.RaftServerConfigKeys (ConfUtils.java:logGet(43)) - raft.server.log.preallocated.size = 16384 (custom)
2019-10-15 22:54:39,622 [pool-47-thread-1] INFO  server.RaftServerConfigKeys (ConfUtils.java:logGet(43)) - raft.server.log.write.buffer.size = 33554432 (custom)
2019-10-15 22:54:39,623 [pool-47-thread-1] INFO  server.RaftServerConfigKeys (ConfUtils.java:logGet(43)) - raft.server.log.force.sync.num = 128 (default)
2019-10-15 22:54:39,623 [pool-47-thread-1] INFO  server.RaftServerConfigKeys (ConfUtils.java:logGet(43)) - raft.server.log.statemachine.data.sync = true (default)
2019-10-15 22:54:39,623 [pool-47-thread-1] INFO  server.RaftServerConfigKeys (ConfUtils.java:logGet(43)) - raft.server.log.statemachine.data.sync.timeout = 10s (default)
2019-10-15 22:54:39,623 [pool-47-thread-1] INFO  server.RaftServerConfigKeys (ConfUtils.java:logGet(43)) - raft.server.log.statemachine.data.sync.timeout.retry = -1 (default)
2019-10-15 22:54:39,624 [pool-47-thread-1] INFO  server.RaftServerConfigKeys (ConfUtils.java:logGet(43)) - raft.server.log.statemachine.data.caching.enabled = true (custom)
2019-10-15 22:54:39,625 [pool-47-thread-1] INFO  segmented.SegmentedRaftLogWorker (SegmentedRaftLogWorker.java:lambda$new$0(128)) - f7aee2ed-06bf-4aad-8464-c585c97c108e@group-B26037BDBBC1-SegmentedRaftLogWorker: flushIndex: setUnconditionally 0 -> -1
2019-10-15 22:54:39,625 [pool-47-thread-1] INFO  server.RaftServerConfigKeys (ConfUtils.java:logGet(43)) - raft.server.snapshot.auto.trigger.enabled = true (custom)
2019-10-15 22:54:39,625 [pool-47-thread-1] INFO  server.RaftServerConfigKeys (ConfUtils.java:logGet(43)) - raft.server.snapshot.auto.trigger.threshold = 10000 (custom)
2019-10-15 22:54:39,625 [pool-47-thread-1] INFO  server.RaftServerConfigKeys (ConfUtils.java:logGet(43)) - raft.server.snapshot.retention.file.num = 5 (custom)
2019-10-15 22:54:39,626 [pool-47-thread-1] INFO  server.RaftServerConfigKeys (ConfUtils.java:logGet(43)) - raft.server.retrycache.expirytime = 600000ms (custom)
2019-10-15 22:54:39,632 [pool-47-thread-1] INFO  impl.RaftServerImpl (RaftServerImpl.java:start(181)) - f7aee2ed-06bf-4aad-8464-c585c97c108e@group-B26037BDBBC1: start as a follower, conf=-1: [f7aee2ed-06bf-4aad-8464-c585c97c108e:192.168.157.213:46362], old=null
2019-10-15 22:54:39,632 [pool-47-thread-1] INFO  impl.RaftServerImpl (RaftServerImpl.java:setRole(170)) - f7aee2ed-06bf-4aad-8464-c585c97c108e@group-B26037BDBBC1: changes role from      null to FOLLOWER at term 0 for startAsFollower
2019-10-15 22:54:39,632 [pool-47-thread-1] INFO  impl.RoleInfo (RoleInfo.java:updateAndGet(143)) - f7aee2ed-06bf-4aad-8464-c585c97c108e: start FollowerState
2019-10-15 22:54:39,634 [pool-47-thread-1] INFO  util.JmxRegister (JmxRegister.java:tryRegister(44)) - Successfully registered JMX Bean with object name Ratis:service=RaftServer,group=group-B26037BDBBC1,id=f7aee2ed-06bf-4aad-8464-c585c97c108e
2019-10-15 22:54:39,648 [RatisPipelineUtilsThread] INFO  pipeline.PipelineStateManager (PipelineStateManager.java:addPipeline(56)) - Created pipeline Pipeline[ Id: e935c267-93a3-41cb-97fe-b26037bdbbc1, Nodes: f7aee2ed-06bf-4aad-8464-c585c97c108e{ip: 192.168.157.213, host: pr-hdds-2221-lrjgr-1037302595, networkLocation: /default-rack, certSerialId: null}, Type:RATIS, Factor:ONE, State:OPEN]
2019-10-15 22:54:39,671 [grpc-default-executor-0] INFO  impl.RaftServerProxy (RaftServerProxy.java:addNew(89)) - 90e6b9eb-7354-4988-958f-34602f50702c: addNew group-80C5124F22C5:[90e6b9eb-7354-4988-958f-34602f50702c:192.168.157.213:40319] returns group-80C5124F22C5:java.util.concurrent.CompletableFuture@20abb788[Not completed]
2019-10-15 22:54:39,694 [pool-77-thread-1] INFO  impl.RaftServerImpl (RaftServerImpl.java:<init>(95)) - 90e6b9eb-7354-4988-958f-34602f50702c: new RaftServerImpl for group-80C5124F22C5:[90e6b9eb-7354-4988-958f-34602f50702c:192.168.157.213:40319] with ContainerStateMachine:uninitialized
2019-10-15 22:54:39,694 [pool-77-thread-1] INFO  server.RaftServerConfigKeys (ConfUtils.java:logGet(43)) - raft.server.rpc.timeout.min = 5s (custom)
2019-10-15 22:54:39,694 [pool-77-thread-1] INFO  server.RaftServerConfigKeys (ConfUtils.java:logGet(43)) - raft.server.rpc.timeout.max = 5200ms (custom)
2019-10-15 22:54:39,694 [pool-77-thread-1] INFO  server.RaftServerConfigKeys (ConfUtils.java:logGet(43)) - raft.server.rpcslowness.timeout = 120s (custom)
2019-10-15 22:54:39,694 [pool-77-thread-1] INFO  server.RaftServerConfigKeys (ConfUtils.java:logGet(43)) - raft.server.sleep.deviation.threshold = 300 (default)
2019-10-15 22:54:39,694 [pool-77-thread-1] INFO  server.RaftServerConfigKeys (ConfUtils.java:logGet(43)) - raft.server.log.appender.install.snapshot.enabled = false (custom)
2019-10-15 22:54:39,695 [pool-77-thread-1] INFO  impl.RaftServerImpl (ServerState.java:<init>(103)) - 90e6b9eb-7354-4988-958f-34602f50702c@group-80C5124F22C5: ConfigurationManager, init=-1: [90e6b9eb-7354-4988-958f-34602f50702c:192.168.157.213:40319], old=null, confs=<EMPTY_MAP>
2019-10-15 22:54:39,695 [pool-77-thread-1] INFO  server.RaftServerConfigKeys (ConfUtils.java:logGet(43)) - raft.server.storage.dir = [/workdir/hadoop-ozone/integration-test/target/test-dir/MiniOzoneClusterImpl-7c55876f-3f97-4a05-b001-a0c81006d1f8/datanode-5/data/ratis] (custom)
2019-10-15 22:54:39,695 [pool-77-thread-1] INFO  server.RaftServerConfigKeys (ConfUtils.java:logGet(43)) - raft.server.log.corruption.policy = EXCEPTION (default)
2019-10-15 22:54:39,695 [pool-77-thread-1] INFO  storage.RaftStorageDirectory (RaftStorageDirectory.java:analyzeStorage(246)) - The storage directory /workdir/hadoop-ozone/integration-test/target/test-dir/MiniOzoneClusterImpl-7c55876f-3f97-4a05-b001-a0c81006d1f8/datanode-5/data/ratis/1bfed745-a031-4e89-b642-80c5124f22c5 does not exist. Creating ...
2019-10-15 22:54:39,708 [pool-77-thread-1] INFO  storage.RaftStorageDirectory (RaftStorageDirectory.java:tryLock(328)) - Lock on /workdir/hadoop-ozone/integration-test/target/test-dir/MiniOzoneClusterImpl-7c55876f-3f97-4a05-b001-a0c81006d1f8/datanode-5/data/ratis/1bfed745-a031-4e89-b642-80c5124f22c5/in_use.lock acquired by nodename 7273@pr-hdds-2221-lrjgr-1037302595
2019-10-15 22:54:39,723 [pool-77-thread-1] INFO  storage.RaftStorage (RaftStorage.java:format(84)) - Storage directory /workdir/hadoop-ozone/integration-test/target/test-dir/MiniOzoneClusterImpl-7c55876f-3f97-4a05-b001-a0c81006d1f8/datanode-5/data/ratis/1bfed745-a031-4e89-b642-80c5124f22c5 has been successfully formatted.
2019-10-15 22:54:39,724 [pool-77-thread-1] INFO  ratis.ContainerStateMachine (ContainerStateMachine.java:loadSnapshot(231)) - group-80C5124F22C5: The snapshot info is null. Setting the last applied indexto:(t:0, i:~)
2019-10-15 22:54:39,724 [pool-77-thread-1] INFO  server.RaftServerConfigKeys (ConfUtils.java:logGet(43)) - raft.server.notification.no-leader.timeout = 120s (custom)
2019-10-15 22:54:39,724 [pool-77-thread-1] INFO  server.RaftServerConfigKeys (ConfUtils.java:logGet(43)) - raft.server.log.use.memory = false (default)
2019-10-15 22:54:39,724 [pool-77-thread-1] INFO  server.RaftServerConfigKeys (ConfUtils.java:logGet(43)) - raft.server.log.purge.gap = 1000000 (custom)
2019-10-15 22:54:39,724 [pool-77-thread-1] INFO  server.RaftServerConfigKeys (ConfUtils.java:logGet(43)) - raft.server.log.appender.buffer.byte-limit = 33554432 (custom)
2019-10-15 22:54:39,724 [pool-77-thread-1] INFO  server.RaftServerConfigKeys (ConfUtils.java:logGet(43)) - raft.server.log.segment.size.max = 1048576 (custom)
2019-10-15 22:54:39,745 [pool-77-thread-1] INFO  server.RaftServerConfigKeys (ConfUtils.java:logGet(43)) - raft.server.log.segment.cache.num.max = 2 (custom)
2019-10-15 22:54:39,745 [pool-77-thread-1] INFO  segmented.SegmentedRaftLogWorker (SegmentedRaftLogWorker.java:<init>(173)) - new 90e6b9eb-7354-4988-958f-34602f50702c@group-80C5124F22C5-SegmentedRaftLogWorker for RaftStorage:Storage Directory /workdir/hadoop-ozone/integration-test/target/test-dir/MiniOzoneClusterImpl-7c55876f-3f97-4a05-b001-a0c81006d1f8/datanode-5/data/ratis/1bfed745-a031-4e89-b642-80c5124f22c5
2019-10-15 22:54:39,745 [pool-77-thread-1] INFO  server.RaftServerConfigKeys (ConfUtils.java:logGet(43)) - raft.server.log.queue.byte-limit = 2147483647 (custom)
2019-10-15 22:54:39,745 [pool-77-thread-1] INFO  server.RaftServerConfigKeys (ConfUtils.java:logGet(43)) - raft.server.log.queue.element-limit = 1024 (custom)
2019-10-15 22:54:39,745 [pool-77-thread-1] INFO  server.RaftServerConfigKeys (ConfUtils.java:logGet(43)) - raft.server.log.segment.size.max = 1048576 (custom)
2019-10-15 22:54:39,745 [pool-77-thread-1] INFO  server.RaftServerConfigKeys (ConfUtils.java:logGet(43)) - raft.server.log.preallocated.size = 16384 (custom)
2019-10-15 22:54:39,746 [pool-77-thread-1] INFO  server.RaftServerConfigKeys (ConfUtils.java:logGet(43)) - raft.server.log.write.buffer.size = 33554432 (custom)
2019-10-15 22:54:39,746 [pool-77-thread-1] INFO  server.RaftServerConfigKeys (ConfUtils.java:logGet(43)) - raft.server.log.force.sync.num = 128 (default)
2019-10-15 22:54:39,746 [pool-77-thread-1] INFO  server.RaftServerConfigKeys (ConfUtils.java:logGet(43)) - raft.server.log.statemachine.data.sync = true (default)
2019-10-15 22:54:39,746 [pool-77-thread-1] INFO  server.RaftServerConfigKeys (ConfUtils.java:logGet(43)) - raft.server.log.statemachine.data.sync.timeout = 10s (default)
2019-10-15 22:54:39,746 [pool-77-thread-1] INFO  server.RaftServerConfigKeys (ConfUtils.java:logGet(43)) - raft.server.log.statemachine.data.sync.timeout.retry = -1 (default)
2019-10-15 22:54:39,747 [pool-77-thread-1] INFO  server.RaftServerConfigKeys (ConfUtils.java:logGet(43)) - raft.server.log.statemachine.data.caching.enabled = true (custom)
2019-10-15 22:54:39,747 [pool-77-thread-1] INFO  segmented.SegmentedRaftLogWorker (SegmentedRaftLogWorker.java:lambda$new$0(128)) - 90e6b9eb-7354-4988-958f-34602f50702c@group-80C5124F22C5-SegmentedRaftLogWorker: flushIndex: setUnconditionally 0 -> -1
2019-10-15 22:54:39,747 [pool-77-thread-1] INFO  server.RaftServerConfigKeys (ConfUtils.java:logGet(43)) - raft.server.snapshot.auto.trigger.enabled = true (custom)
2019-10-15 22:54:39,747 [pool-77-thread-1] INFO  server.RaftServerConfigKeys (ConfUtils.java:logGet(43)) - raft.server.snapshot.auto.trigger.threshold = 10000 (custom)
2019-10-15 22:54:39,747 [pool-77-thread-1] INFO  server.RaftServerConfigKeys (ConfUtils.java:logGet(43)) - raft.server.snapshot.retention.file.num = 5 (custom)
2019-10-15 22:54:39,748 [pool-77-thread-1] INFO  server.RaftServerConfigKeys (ConfUtils.java:logGet(43)) - raft.server.retrycache.expirytime = 600000ms (custom)
2019-10-15 22:54:39,751 [pool-77-thread-1] INFO  impl.RaftServerImpl (RaftServerImpl.java:start(181)) - 90e6b9eb-7354-4988-958f-34602f50702c@group-80C5124F22C5: start as a follower, conf=-1: [90e6b9eb-7354-4988-958f-34602f50702c:192.168.157.213:40319], old=null
2019-10-15 22:54:39,751 [pool-77-thread-1] INFO  impl.RaftServerImpl (RaftServerImpl.java:setRole(170)) - 90e6b9eb-7354-4988-958f-34602f50702c@group-80C5124F22C5: changes role from      null to FOLLOWER at term 0 for startAsFollower
2019-10-15 22:54:39,752 [pool-77-thread-1] INFO  impl.RoleInfo (RoleInfo.java:updateAndGet(143)) - 90e6b9eb-7354-4988-958f-34602f50702c: start FollowerState
2019-10-15 22:54:39,752 [pool-77-thread-1] INFO  util.JmxRegister (JmxRegister.java:tryRegister(44)) - Successfully registered JMX Bean with object name Ratis:service=RaftServer,group=group-80C5124F22C5,id=90e6b9eb-7354-4988-958f-34602f50702c
2019-10-15 22:54:39,764 [RatisPipelineUtilsThread] INFO  pipeline.PipelineStateManager (PipelineStateManager.java:addPipeline(56)) - Created pipeline Pipeline[ Id: 1bfed745-a031-4e89-b642-80c5124f22c5, Nodes: 90e6b9eb-7354-4988-958f-34602f50702c{ip: 192.168.157.213, host: pr-hdds-2221-lrjgr-1037302595, networkLocation: /default-rack, certSerialId: null}, Type:RATIS, Factor:ONE, State:OPEN]
2019-10-15 22:54:39,779 [grpc-default-executor-0] INFO  impl.RaftServerProxy (RaftServerProxy.java:addNew(89)) - aaf8e68d-5698-433d-8fad-3ccf5c38c15f: addNew group-346DAD935C6A:[aaf8e68d-5698-433d-8fad-3ccf5c38c15f:192.168.157.213:44112] returns group-346DAD935C6A:java.util.concurrent.CompletableFuture@6cf19d40[Not completed]
2019-10-15 22:54:39,782 [pool-87-thread-1] INFO  impl.RaftServerImpl (RaftServerImpl.java:<init>(95)) - aaf8e68d-5698-433d-8fad-3ccf5c38c15f: new RaftServerImpl for group-346DAD935C6A:[aaf8e68d-5698-433d-8fad-3ccf5c38c15f:192.168.157.213:44112] with ContainerStateMachine:uninitialized
2019-10-15 22:54:39,782 [pool-87-thread-1] INFO  server.RaftServerConfigKeys (ConfUtils.java:logGet(43)) - raft.server.rpc.timeout.min = 5s (custom)
2019-10-15 22:54:39,783 [pool-87-thread-1] INFO  server.RaftServerConfigKeys (ConfUtils.java:logGet(43)) - raft.server.rpc.timeout.max = 5200ms (custom)
2019-10-15 22:54:39,783 [pool-87-thread-1] INFO  server.RaftServerConfigKeys (ConfUtils.java:logGet(43)) - raft.server.rpcslowness.timeout = 120s (custom)
2019-10-15 22:54:39,783 [pool-87-thread-1] INFO  server.RaftServerConfigKeys (ConfUtils.java:logGet(43)) - raft.server.sleep.deviation.threshold = 300 (default)
2019-10-15 22:54:39,783 [pool-87-thread-1] INFO  server.RaftServerConfigKeys (ConfUtils.java:logGet(43)) - raft.server.log.appender.install.snapshot.enabled = false (custom)
2019-10-15 22:54:39,783 [pool-87-thread-1] INFO  impl.RaftServerImpl (ServerState.java:<init>(103)) - aaf8e68d-5698-433d-8fad-3ccf5c38c15f@group-346DAD935C6A: ConfigurationManager, init=-1: [aaf8e68d-5698-433d-8fad-3ccf5c38c15f:192.168.157.213:44112], old=null, confs=<EMPTY_MAP>
2019-10-15 22:54:39,783 [pool-87-thread-1] INFO  server.RaftServerConfigKeys (ConfUtils.java:logGet(43)) - raft.server.storage.dir = [/workdir/hadoop-ozone/integration-test/target/test-dir/MiniOzoneClusterImpl-7c55876f-3f97-4a05-b001-a0c81006d1f8/datanode-6/data/ratis] (custom)
2019-10-15 22:54:39,784 [pool-87-thread-1] INFO  server.RaftServerConfigKeys (ConfUtils.java:logGet(43)) - raft.server.log.corruption.policy = EXCEPTION (default)
2019-10-15 22:54:39,784 [pool-87-thread-1] INFO  storage.RaftStorageDirectory (RaftStorageDirectory.java:analyzeStorage(246)) - The storage directory /workdir/hadoop-ozone/integration-test/target/test-dir/MiniOzoneClusterImpl-7c55876f-3f97-4a05-b001-a0c81006d1f8/datanode-6/data/ratis/83c177bb-79fa-4415-9f83-346dad935c6a does not exist. Creating ...
2019-10-15 22:54:39,798 [pool-87-thread-1] INFO  storage.RaftStorageDirectory (RaftStorageDirectory.java:tryLock(328)) - Lock on /workdir/hadoop-ozone/integration-test/target/test-dir/MiniOzoneClusterImpl-7c55876f-3f97-4a05-b001-a0c81006d1f8/datanode-6/data/ratis/83c177bb-79fa-4415-9f83-346dad935c6a/in_use.lock acquired by nodename 7273@pr-hdds-2221-lrjgr-1037302595
2019-10-15 22:54:39,810 [pool-87-thread-1] INFO  storage.RaftStorage (RaftStorage.java:format(84)) - Storage directory /workdir/hadoop-ozone/integration-test/target/test-dir/MiniOzoneClusterImpl-7c55876f-3f97-4a05-b001-a0c81006d1f8/datanode-6/data/ratis/83c177bb-79fa-4415-9f83-346dad935c6a has been successfully formatted.
2019-10-15 22:54:39,811 [pool-87-thread-1] INFO  ratis.ContainerStateMachine (ContainerStateMachine.java:loadSnapshot(231)) - group-346DAD935C6A: The snapshot info is null. Setting the last applied indexto:(t:0, i:~)
2019-10-15 22:54:39,811 [pool-87-thread-1] INFO  server.RaftServerConfigKeys (ConfUtils.java:logGet(43)) - raft.server.notification.no-leader.timeout = 120s (custom)
2019-10-15 22:54:39,811 [pool-87-thread-1] INFO  server.RaftServerConfigKeys (ConfUtils.java:logGet(43)) - raft.server.log.use.memory = false (default)
2019-10-15 22:54:39,811 [pool-87-thread-1] INFO  server.RaftServerConfigKeys (ConfUtils.java:logGet(43)) - raft.server.log.purge.gap = 1000000 (custom)
2019-10-15 22:54:39,811 [pool-87-thread-1] INFO  server.RaftServerConfigKeys (ConfUtils.java:logGet(43)) - raft.server.log.appender.buffer.byte-limit = 33554432 (custom)
2019-10-15 22:54:39,812 [pool-87-thread-1] INFO  server.RaftServerConfigKeys (ConfUtils.java:logGet(43)) - raft.server.log.segment.size.max = 1048576 (custom)
2019-10-15 22:54:39,815 [pool-87-thread-1] INFO  server.RaftServerConfigKeys (ConfUtils.java:logGet(43)) - raft.server.log.segment.cache.num.max = 2 (custom)
2019-10-15 22:54:39,815 [pool-87-thread-1] INFO  segmented.SegmentedRaftLogWorker (SegmentedRaftLogWorker.java:<init>(173)) - new aaf8e68d-5698-433d-8fad-3ccf5c38c15f@group-346DAD935C6A-SegmentedRaftLogWorker for RaftStorage:Storage Directory /workdir/hadoop-ozone/integration-test/target/test-dir/MiniOzoneClusterImpl-7c55876f-3f97-4a05-b001-a0c81006d1f8/datanode-6/data/ratis/83c177bb-79fa-4415-9f83-346dad935c6a
2019-10-15 22:54:39,815 [pool-87-thread-1] INFO  server.RaftServerConfigKeys (ConfUtils.java:logGet(43)) - raft.server.log.queue.byte-limit = 2147483647 (custom)
2019-10-15 22:54:39,815 [pool-87-thread-1] INFO  server.RaftServerConfigKeys (ConfUtils.java:logGet(43)) - raft.server.log.queue.element-limit = 1024 (custom)
2019-10-15 22:54:39,815 [pool-87-thread-1] INFO  server.RaftServerConfigKeys (ConfUtils.java:logGet(43)) - raft.server.log.segment.size.max = 1048576 (custom)
2019-10-15 22:54:39,815 [pool-87-thread-1] INFO  server.RaftServerConfigKeys (ConfUtils.java:logGet(43)) - raft.server.log.preallocated.size = 16384 (custom)
2019-10-15 22:54:39,816 [pool-87-thread-1] INFO  server.RaftServerConfigKeys (ConfUtils.java:logGet(43)) - raft.server.log.write.buffer.size = 33554432 (custom)
2019-10-15 22:54:39,816 [pool-87-thread-1] INFO  server.RaftServerConfigKeys (ConfUtils.java:logGet(43)) - raft.server.log.force.sync.num = 128 (default)
2019-10-15 22:54:39,816 [pool-87-thread-1] INFO  server.RaftServerConfigKeys (ConfUtils.java:logGet(43)) - raft.server.log.statemachine.data.sync = true (default)
2019-10-15 22:54:39,816 [pool-87-thread-1] INFO  server.RaftServerConfigKeys (ConfUtils.java:logGet(43)) - raft.server.log.statemachine.data.sync.timeout = 10s (default)
2019-10-15 22:54:39,816 [pool-87-thread-1] INFO  server.RaftServerConfigKeys (ConfUtils.java:logGet(43)) - raft.server.log.statemachine.data.sync.timeout.retry = -1 (default)
2019-10-15 22:54:39,817 [pool-87-thread-1] INFO  server.RaftServerConfigKeys (ConfUtils.java:logGet(43)) - raft.server.log.statemachine.data.caching.enabled = true (custom)
2019-10-15 22:54:39,817 [pool-87-thread-1] INFO  segmented.SegmentedRaftLogWorker (SegmentedRaftLogWorker.java:lambda$new$0(128)) - aaf8e68d-5698-433d-8fad-3ccf5c38c15f@group-346DAD935C6A-SegmentedRaftLogWorker: flushIndex: setUnconditionally 0 -> -1
2019-10-15 22:54:39,817 [pool-87-thread-1] INFO  server.RaftServerConfigKeys (ConfUtils.java:logGet(43)) - raft.server.snapshot.auto.trigger.enabled = true (custom)
2019-10-15 22:54:39,817 [pool-87-thread-1] INFO  server.RaftServerConfigKeys (ConfUtils.java:logGet(43)) - raft.server.snapshot.auto.trigger.threshold = 10000 (custom)
2019-10-15 22:54:39,817 [pool-87-thread-1] INFO  server.RaftServerConfigKeys (ConfUtils.java:logGet(43)) - raft.server.snapshot.retention.file.num = 5 (custom)
2019-10-15 22:54:39,818 [pool-87-thread-1] INFO  server.RaftServerConfigKeys (ConfUtils.java:logGet(43)) - raft.server.retrycache.expirytime = 600000ms (custom)
2019-10-15 22:54:39,821 [pool-87-thread-1] INFO  impl.RaftServerImpl (RaftServerImpl.java:start(181)) - aaf8e68d-5698-433d-8fad-3ccf5c38c15f@group-346DAD935C6A: start as a follower, conf=-1: [aaf8e68d-5698-433d-8fad-3ccf5c38c15f:192.168.157.213:44112], old=null
2019-10-15 22:54:39,821 [pool-87-thread-1] INFO  impl.RaftServerImpl (RaftServerImpl.java:setRole(170)) - aaf8e68d-5698-433d-8fad-3ccf5c38c15f@group-346DAD935C6A: changes role from      null to FOLLOWER at term 0 for startAsFollower
2019-10-15 22:54:39,821 [pool-87-thread-1] INFO  impl.RoleInfo (RoleInfo.java:updateAndGet(143)) - aaf8e68d-5698-433d-8fad-3ccf5c38c15f: start FollowerState
2019-10-15 22:54:39,821 [pool-87-thread-1] INFO  util.JmxRegister (JmxRegister.java:tryRegister(44)) - Successfully registered JMX Bean with object name Ratis:service=RaftServer,group=group-346DAD935C6A,id=aaf8e68d-5698-433d-8fad-3ccf5c38c15f
2019-10-15 22:54:39,832 [RatisPipelineUtilsThread] INFO  pipeline.PipelineStateManager (PipelineStateManager.java:addPipeline(56)) - Created pipeline Pipeline[ Id: 83c177bb-79fa-4415-9f83-346dad935c6a, Nodes: aaf8e68d-5698-433d-8fad-3ccf5c38c15f{ip: 192.168.157.213, host: pr-hdds-2221-lrjgr-1037302595, networkLocation: /default-rack, certSerialId: null}, Type:RATIS, Factor:ONE, State:OPEN]
2019-10-15 22:54:39,851 [grpc-default-executor-0] INFO  impl.RaftServerProxy (RaftServerProxy.java:addNew(89)) - 8c3b9c04-93ef-45da-955f-d3fc6ab62d67: addNew group-6440B405E73A:[8c3b9c04-93ef-45da-955f-d3fc6ab62d67:192.168.157.213:33126] returns group-6440B405E73A:java.util.concurrent.CompletableFuture@3fb114d1[Not completed]
2019-10-15 22:54:39,855 [pool-57-thread-1] INFO  impl.RaftServerImpl (RaftServerImpl.java:<init>(95)) - 8c3b9c04-93ef-45da-955f-d3fc6ab62d67: new RaftServerImpl for group-6440B405E73A:[8c3b9c04-93ef-45da-955f-d3fc6ab62d67:192.168.157.213:33126] with ContainerStateMachine:uninitialized
2019-10-15 22:54:39,855 [pool-57-thread-1] INFO  server.RaftServerConfigKeys (ConfUtils.java:logGet(43)) - raft.server.rpc.timeout.min = 5s (custom)
2019-10-15 22:54:39,856 [pool-57-thread-1] INFO  server.RaftServerConfigKeys (ConfUtils.java:logGet(43)) - raft.server.rpc.timeout.max = 5200ms (custom)
2019-10-15 22:54:39,856 [pool-57-thread-1] INFO  server.RaftServerConfigKeys (ConfUtils.java:logGet(43)) - raft.server.rpcslowness.timeout = 120s (custom)
2019-10-15 22:54:39,856 [pool-57-thread-1] INFO  server.RaftServerConfigKeys (ConfUtils.java:logGet(43)) - raft.server.sleep.deviation.threshold = 300 (default)
2019-10-15 22:54:39,856 [pool-57-thread-1] INFO  server.RaftServerConfigKeys (ConfUtils.java:logGet(43)) - raft.server.log.appender.install.snapshot.enabled = false (custom)
2019-10-15 22:54:39,856 [pool-57-thread-1] INFO  impl.RaftServerImpl (ServerState.java:<init>(103)) - 8c3b9c04-93ef-45da-955f-d3fc6ab62d67@group-6440B405E73A: ConfigurationManager, init=-1: [8c3b9c04-93ef-45da-955f-d3fc6ab62d67:192.168.157.213:33126], old=null, confs=<EMPTY_MAP>
2019-10-15 22:54:39,856 [pool-57-thread-1] INFO  server.RaftServerConfigKeys (ConfUtils.java:logGet(43)) - raft.server.storage.dir = [/workdir/hadoop-ozone/integration-test/target/test-dir/MiniOzoneClusterImpl-7c55876f-3f97-4a05-b001-a0c81006d1f8/datanode-3/data/ratis] (custom)
2019-10-15 22:54:39,856 [pool-57-thread-1] INFO  server.RaftServerConfigKeys (ConfUtils.java:logGet(43)) - raft.server.log.corruption.policy = EXCEPTION (default)
2019-10-15 22:54:39,857 [pool-57-thread-1] INFO  storage.RaftStorageDirectory (RaftStorageDirectory.java:analyzeStorage(246)) - The storage directory /workdir/hadoop-ozone/integration-test/target/test-dir/MiniOzoneClusterImpl-7c55876f-3f97-4a05-b001-a0c81006d1f8/datanode-3/data/ratis/49395d39-5ef4-4693-b82d-6440b405e73a does not exist. Creating ...
2019-10-15 22:54:39,869 [pool-57-thread-1] INFO  storage.RaftStorageDirectory (RaftStorageDirectory.java:tryLock(328)) - Lock on /workdir/hadoop-ozone/integration-test/target/test-dir/MiniOzoneClusterImpl-7c55876f-3f97-4a05-b001-a0c81006d1f8/datanode-3/data/ratis/49395d39-5ef4-4693-b82d-6440b405e73a/in_use.lock acquired by nodename 7273@pr-hdds-2221-lrjgr-1037302595
2019-10-15 22:54:39,881 [pool-57-thread-1] INFO  storage.RaftStorage (RaftStorage.java:format(84)) - Storage directory /workdir/hadoop-ozone/integration-test/target/test-dir/MiniOzoneClusterImpl-7c55876f-3f97-4a05-b001-a0c81006d1f8/datanode-3/data/ratis/49395d39-5ef4-4693-b82d-6440b405e73a has been successfully formatted.
2019-10-15 22:54:39,882 [pool-57-thread-1] INFO  ratis.ContainerStateMachine (ContainerStateMachine.java:loadSnapshot(231)) - group-6440B405E73A: The snapshot info is null. Setting the last applied indexto:(t:0, i:~)
2019-10-15 22:54:39,882 [pool-57-thread-1] INFO  server.RaftServerConfigKeys (ConfUtils.java:logGet(43)) - raft.server.notification.no-leader.timeout = 120s (custom)
2019-10-15 22:54:39,882 [pool-57-thread-1] INFO  server.RaftServerConfigKeys (ConfUtils.java:logGet(43)) - raft.server.log.use.memory = false (default)
2019-10-15 22:54:39,883 [pool-57-thread-1] INFO  server.RaftServerConfigKeys (ConfUtils.java:logGet(43)) - raft.server.log.purge.gap = 1000000 (custom)
2019-10-15 22:54:39,883 [pool-57-thread-1] INFO  server.RaftServerConfigKeys (ConfUtils.java:logGet(43)) - raft.server.log.appender.buffer.byte-limit = 33554432 (custom)
2019-10-15 22:54:39,883 [pool-57-thread-1] INFO  server.RaftServerConfigKeys (ConfUtils.java:logGet(43)) - raft.server.log.segment.size.max = 1048576 (custom)
2019-10-15 22:54:39,887 [pool-57-thread-1] INFO  server.RaftServerConfigKeys (ConfUtils.java:logGet(43)) - raft.server.log.segment.cache.num.max = 2 (custom)
2019-10-15 22:54:39,887 [pool-57-thread-1] INFO  segmented.SegmentedRaftLogWorker (SegmentedRaftLogWorker.java:<init>(173)) - new 8c3b9c04-93ef-45da-955f-d3fc6ab62d67@group-6440B405E73A-SegmentedRaftLogWorker for RaftStorage:Storage Directory /workdir/hadoop-ozone/integration-test/target/test-dir/MiniOzoneClusterImpl-7c55876f-3f97-4a05-b001-a0c81006d1f8/datanode-3/data/ratis/49395d39-5ef4-4693-b82d-6440b405e73a
2019-10-15 22:54:39,887 [pool-57-thread-1] INFO  server.RaftServerConfigKeys (ConfUtils.java:logGet(43)) - raft.server.log.queue.byte-limit = 2147483647 (custom)
2019-10-15 22:54:39,888 [pool-57-thread-1] INFO  server.RaftServerConfigKeys (ConfUtils.java:logGet(43)) - raft.server.log.queue.element-limit = 1024 (custom)
2019-10-15 22:54:39,888 [pool-57-thread-1] INFO  server.RaftServerConfigKeys (ConfUtils.java:logGet(43)) - raft.server.log.segment.size.max = 1048576 (custom)
2019-10-15 22:54:39,888 [pool-57-thread-1] INFO  server.RaftServerConfigKeys (ConfUtils.java:logGet(43)) - raft.server.log.preallocated.size = 16384 (custom)
2019-10-15 22:54:39,888 [pool-57-thread-1] INFO  server.RaftServerConfigKeys (ConfUtils.java:logGet(43)) - raft.server.log.write.buffer.size = 33554432 (custom)
2019-10-15 22:54:39,888 [pool-57-thread-1] INFO  server.RaftServerConfigKeys (ConfUtils.java:logGet(43)) - raft.server.log.force.sync.num = 128 (default)
2019-10-15 22:54:39,888 [pool-57-thread-1] INFO  server.RaftServerConfigKeys (ConfUtils.java:logGet(43)) - raft.server.log.statemachine.data.sync = true (default)
2019-10-15 22:54:39,889 [pool-57-thread-1] INFO  server.RaftServerConfigKeys (ConfUtils.java:logGet(43)) - raft.server.log.statemachine.data.sync.timeout = 10s (default)
2019-10-15 22:54:39,889 [pool-57-thread-1] INFO  server.RaftServerConfigKeys (ConfUtils.java:logGet(43)) - raft.server.log.statemachine.data.sync.timeout.retry = -1 (default)
2019-10-15 22:54:39,890 [pool-57-thread-1] INFO  server.RaftServerConfigKeys (ConfUtils.java:logGet(43)) - raft.server.log.statemachine.data.caching.enabled = true (custom)
2019-10-15 22:54:39,890 [pool-57-thread-1] INFO  segmented.SegmentedRaftLogWorker (SegmentedRaftLogWorker.java:lambda$new$0(128)) - 8c3b9c04-93ef-45da-955f-d3fc6ab62d67@group-6440B405E73A-SegmentedRaftLogWorker: flushIndex: setUnconditionally 0 -> -1
2019-10-15 22:54:39,890 [pool-57-thread-1] INFO  server.RaftServerConfigKeys (ConfUtils.java:logGet(43)) - raft.server.snapshot.auto.trigger.enabled = true (custom)
2019-10-15 22:54:39,891 [pool-57-thread-1] INFO  server.RaftServerConfigKeys (ConfUtils.java:logGet(43)) - raft.server.snapshot.auto.trigger.threshold = 10000 (custom)
2019-10-15 22:54:39,891 [pool-57-thread-1] INFO  server.RaftServerConfigKeys (ConfUtils.java:logGet(43)) - raft.server.snapshot.retention.file.num = 5 (custom)
2019-10-15 22:54:39,891 [pool-57-thread-1] INFO  server.RaftServerConfigKeys (ConfUtils.java:logGet(43)) - raft.server.retrycache.expirytime = 600000ms (custom)
2019-10-15 22:54:39,894 [pool-57-thread-1] INFO  impl.RaftServerImpl (RaftServerImpl.java:start(181)) - 8c3b9c04-93ef-45da-955f-d3fc6ab62d67@group-6440B405E73A: start as a follower, conf=-1: [8c3b9c04-93ef-45da-955f-d3fc6ab62d67:192.168.157.213:33126], old=null
2019-10-15 22:54:39,895 [pool-57-thread-1] INFO  impl.RaftServerImpl (RaftServerImpl.java:setRole(170)) - 8c3b9c04-93ef-45da-955f-d3fc6ab62d67@group-6440B405E73A: changes role from      null to FOLLOWER at term 0 for startAsFollower
2019-10-15 22:54:39,895 [pool-57-thread-1] INFO  impl.RoleInfo (RoleInfo.java:updateAndGet(143)) - 8c3b9c04-93ef-45da-955f-d3fc6ab62d67: start FollowerState
2019-10-15 22:54:39,895 [pool-57-thread-1] INFO  util.JmxRegister (JmxRegister.java:tryRegister(44)) - Successfully registered JMX Bean with object name Ratis:service=RaftServer,group=group-6440B405E73A,id=8c3b9c04-93ef-45da-955f-d3fc6ab62d67
2019-10-15 22:54:39,911 [RatisPipelineUtilsThread] INFO  pipeline.PipelineStateManager (PipelineStateManager.java:addPipeline(56)) - Created pipeline Pipeline[ Id: 49395d39-5ef4-4693-b82d-6440b405e73a, Nodes: 8c3b9c04-93ef-45da-955f-d3fc6ab62d67{ip: 192.168.157.213, host: pr-hdds-2221-lrjgr-1037302595, networkLocation: /default-rack, certSerialId: null}, Type:RATIS, Factor:ONE, State:OPEN]
2019-10-15 22:54:39,930 [grpc-default-executor-0] INFO  impl.RaftServerProxy (RaftServerProxy.java:addNew(89)) - 3594faa7-d94e-4af2-ab4a-ef22aa79de86: addNew group-C20954537C79:[3594faa7-d94e-4af2-ab4a-ef22aa79de86:192.168.157.213:44254] returns group-C20954537C79:java.util.concurrent.CompletableFuture@4c40669a[Not completed]
2019-10-15 22:54:39,933 [pool-67-thread-1] INFO  impl.RaftServerImpl (RaftServerImpl.java:<init>(95)) - 3594faa7-d94e-4af2-ab4a-ef22aa79de86: new RaftServerImpl for group-C20954537C79:[3594faa7-d94e-4af2-ab4a-ef22aa79de86:192.168.157.213:44254] with ContainerStateMachine:uninitialized
2019-10-15 22:54:39,933 [pool-67-thread-1] INFO  server.RaftServerConfigKeys (ConfUtils.java:logGet(43)) - raft.server.rpc.timeout.min = 5s (custom)
2019-10-15 22:54:39,933 [pool-67-thread-1] INFO  server.RaftServerConfigKeys (ConfUtils.java:logGet(43)) - raft.server.rpc.timeout.max = 5200ms (custom)
2019-10-15 22:54:39,933 [pool-67-thread-1] INFO  server.RaftServerConfigKeys (ConfUtils.java:logGet(43)) - raft.server.rpcslowness.timeout = 120s (custom)
2019-10-15 22:54:39,933 [pool-67-thread-1] INFO  server.RaftServerConfigKeys (ConfUtils.java:logGet(43)) - raft.server.sleep.deviation.threshold = 300 (default)
2019-10-15 22:54:39,934 [pool-67-thread-1] INFO  server.RaftServerConfigKeys (ConfUtils.java:logGet(43)) - raft.server.log.appender.install.snapshot.enabled = false (custom)
2019-10-15 22:54:39,934 [pool-67-thread-1] INFO  impl.RaftServerImpl (ServerState.java:<init>(103)) - 3594faa7-d94e-4af2-ab4a-ef22aa79de86@group-C20954537C79: ConfigurationManager, init=-1: [3594faa7-d94e-4af2-ab4a-ef22aa79de86:192.168.157.213:44254], old=null, confs=<EMPTY_MAP>
2019-10-15 22:54:39,934 [pool-67-thread-1] INFO  server.RaftServerConfigKeys (ConfUtils.java:logGet(43)) - raft.server.storage.dir = [/workdir/hadoop-ozone/integration-test/target/test-dir/MiniOzoneClusterImpl-7c55876f-3f97-4a05-b001-a0c81006d1f8/datanode-4/data/ratis] (custom)
2019-10-15 22:54:39,934 [pool-67-thread-1] INFO  server.RaftServerConfigKeys (ConfUtils.java:logGet(43)) - raft.server.log.corruption.policy = EXCEPTION (default)
2019-10-15 22:54:39,934 [pool-67-thread-1] INFO  storage.RaftStorageDirectory (RaftStorageDirectory.java:analyzeStorage(246)) - The storage directory /workdir/hadoop-ozone/integration-test/target/test-dir/MiniOzoneClusterImpl-7c55876f-3f97-4a05-b001-a0c81006d1f8/datanode-4/data/ratis/73100d1f-9266-4ced-8db2-c20954537c79 does not exist. Creating ...
2019-10-15 22:54:39,947 [pool-67-thread-1] INFO  storage.RaftStorageDirectory (RaftStorageDirectory.java:tryLock(328)) - Lock on /workdir/hadoop-ozone/integration-test/target/test-dir/MiniOzoneClusterImpl-7c55876f-3f97-4a05-b001-a0c81006d1f8/datanode-4/data/ratis/73100d1f-9266-4ced-8db2-c20954537c79/in_use.lock acquired by nodename 7273@pr-hdds-2221-lrjgr-1037302595
2019-10-15 22:54:39,960 [pool-67-thread-1] INFO  storage.RaftStorage (RaftStorage.java:format(84)) - Storage directory /workdir/hadoop-ozone/integration-test/target/test-dir/MiniOzoneClusterImpl-7c55876f-3f97-4a05-b001-a0c81006d1f8/datanode-4/data/ratis/73100d1f-9266-4ced-8db2-c20954537c79 has been successfully formatted.
2019-10-15 22:54:39,960 [pool-67-thread-1] INFO  ratis.ContainerStateMachine (ContainerStateMachine.java:loadSnapshot(231)) - group-C20954537C79: The snapshot info is null. Setting the last applied indexto:(t:0, i:~)
2019-10-15 22:54:39,961 [pool-67-thread-1] INFO  server.RaftServerConfigKeys (ConfUtils.java:logGet(43)) - raft.server.notification.no-leader.timeout = 120s (custom)
2019-10-15 22:54:39,961 [pool-67-thread-1] INFO  server.RaftServerConfigKeys (ConfUtils.java:logGet(43)) - raft.server.log.use.memory = false (default)
2019-10-15 22:54:39,961 [pool-67-thread-1] INFO  server.RaftServerConfigKeys (ConfUtils.java:logGet(43)) - raft.server.log.purge.gap = 1000000 (custom)
2019-10-15 22:54:39,961 [pool-67-thread-1] INFO  server.RaftServerConfigKeys (ConfUtils.java:logGet(43)) - raft.server.log.appender.buffer.byte-limit = 33554432 (custom)
2019-10-15 22:54:39,961 [pool-67-thread-1] INFO  server.RaftServerConfigKeys (ConfUtils.java:logGet(43)) - raft.server.log.segment.size.max = 1048576 (custom)
2019-10-15 22:54:39,963 [pool-67-thread-1] INFO  server.RaftServerConfigKeys (ConfUtils.java:logGet(43)) - raft.server.log.segment.cache.num.max = 2 (custom)
2019-10-15 22:54:39,964 [pool-67-thread-1] INFO  segmented.SegmentedRaftLogWorker (SegmentedRaftLogWorker.java:<init>(173)) - new 3594faa7-d94e-4af2-ab4a-ef22aa79de86@group-C20954537C79-SegmentedRaftLogWorker for RaftStorage:Storage Directory /workdir/hadoop-ozone/integration-test/target/test-dir/MiniOzoneClusterImpl-7c55876f-3f97-4a05-b001-a0c81006d1f8/datanode-4/data/ratis/73100d1f-9266-4ced-8db2-c20954537c79
2019-10-15 22:54:39,964 [pool-67-thread-1] INFO  server.RaftServerConfigKeys (ConfUtils.java:logGet(43)) - raft.server.log.queue.byte-limit = 2147483647 (custom)
2019-10-15 22:54:39,964 [pool-67-thread-1] INFO  server.RaftServerConfigKeys (ConfUtils.java:logGet(43)) - raft.server.log.queue.element-limit = 1024 (custom)
2019-10-15 22:54:39,964 [pool-67-thread-1] INFO  server.RaftServerConfigKeys (ConfUtils.java:logGet(43)) - raft.server.log.segment.size.max = 1048576 (custom)
2019-10-15 22:54:39,964 [pool-67-thread-1] INFO  server.RaftServerConfigKeys (ConfUtils.java:logGet(43)) - raft.server.log.preallocated.size = 16384 (custom)
2019-10-15 22:54:39,964 [pool-67-thread-1] INFO  server.RaftServerConfigKeys (ConfUtils.java:logGet(43)) - raft.server.log.write.buffer.size = 33554432 (custom)
2019-10-15 22:54:39,964 [pool-67-thread-1] INFO  server.RaftServerConfigKeys (ConfUtils.java:logGet(43)) - raft.server.log.force.sync.num = 128 (default)
2019-10-15 22:54:39,964 [pool-67-thread-1] INFO  server.RaftServerConfigKeys (ConfUtils.java:logGet(43)) - raft.server.log.statemachine.data.sync = true (default)
2019-10-15 22:54:39,964 [pool-67-thread-1] INFO  server.RaftServerConfigKeys (ConfUtils.java:logGet(43)) - raft.server.log.statemachine.data.sync.timeout = 10s (default)
2019-10-15 22:54:39,965 [pool-67-thread-1] INFO  server.RaftServerConfigKeys (ConfUtils.java:logGet(43)) - raft.server.log.statemachine.data.sync.timeout.retry = -1 (default)
2019-10-15 22:54:39,965 [pool-67-thread-1] INFO  server.RaftServerConfigKeys (ConfUtils.java:logGet(43)) - raft.server.log.statemachine.data.caching.enabled = true (custom)
2019-10-15 22:54:39,965 [pool-67-thread-1] INFO  segmented.SegmentedRaftLogWorker (SegmentedRaftLogWorker.java:lambda$new$0(128)) - 3594faa7-d94e-4af2-ab4a-ef22aa79de86@group-C20954537C79-SegmentedRaftLogWorker: flushIndex: setUnconditionally 0 -> -1
2019-10-15 22:54:39,966 [pool-67-thread-1] INFO  server.RaftServerConfigKeys (ConfUtils.java:logGet(43)) - raft.server.snapshot.auto.trigger.enabled = true (custom)
2019-10-15 22:54:39,966 [pool-67-thread-1] INFO  server.RaftServerConfigKeys (ConfUtils.java:logGet(43)) - raft.server.snapshot.auto.trigger.threshold = 10000 (custom)
2019-10-15 22:54:39,966 [pool-67-thread-1] INFO  server.RaftServerConfigKeys (ConfUtils.java:logGet(43)) - raft.server.snapshot.retention.file.num = 5 (custom)
2019-10-15 22:54:39,966 [pool-67-thread-1] INFO  server.RaftServerConfigKeys (ConfUtils.java:logGet(43)) - raft.server.retrycache.expirytime = 600000ms (custom)
2019-10-15 22:54:39,968 [pool-67-thread-1] INFO  impl.RaftServerImpl (RaftServerImpl.java:start(181)) - 3594faa7-d94e-4af2-ab4a-ef22aa79de86@group-C20954537C79: start as a follower, conf=-1: [3594faa7-d94e-4af2-ab4a-ef22aa79de86:192.168.157.213:44254], old=null
2019-10-15 22:54:39,968 [pool-67-thread-1] INFO  impl.RaftServerImpl (RaftServerImpl.java:setRole(170)) - 3594faa7-d94e-4af2-ab4a-ef22aa79de86@group-C20954537C79: changes role from      null to FOLLOWER at term 0 for startAsFollower
2019-10-15 22:54:39,968 [pool-67-thread-1] INFO  impl.RoleInfo (RoleInfo.java:updateAndGet(143)) - 3594faa7-d94e-4af2-ab4a-ef22aa79de86: start FollowerState
2019-10-15 22:54:39,968 [pool-67-thread-1] INFO  util.JmxRegister (JmxRegister.java:tryRegister(44)) - Successfully registered JMX Bean with object name Ratis:service=RaftServer,group=group-C20954537C79,id=3594faa7-d94e-4af2-ab4a-ef22aa79de86
2019-10-15 22:54:39,979 [RatisPipelineUtilsThread] INFO  pipeline.PipelineStateManager (PipelineStateManager.java:addPipeline(56)) - Created pipeline Pipeline[ Id: 73100d1f-9266-4ced-8db2-c20954537c79, Nodes: 3594faa7-d94e-4af2-ab4a-ef22aa79de86{ip: 192.168.157.213, host: pr-hdds-2221-lrjgr-1037302595, networkLocation: /default-rack, certSerialId: null}, Type:RATIS, Factor:ONE, State:OPEN]
2019-10-15 22:54:39,989 [grpc-default-executor-0] INFO  impl.RaftServerProxy (RaftServerProxy.java:addNew(89)) - 270a7188-b373-43e4-a3ac-26543458552c: addNew group-E5229BC6B93C:[270a7188-b373-43e4-a3ac-26543458552c:192.168.157.213:37155] returns group-E5229BC6B93C:java.util.concurrent.CompletableFuture@12b4b5ef[Not completed]
2019-10-15 22:54:39,991 [pool-37-thread-1] INFO  impl.RaftServerImpl (RaftServerImpl.java:<init>(95)) - 270a7188-b373-43e4-a3ac-26543458552c: new RaftServerImpl for group-E5229BC6B93C:[270a7188-b373-43e4-a3ac-26543458552c:192.168.157.213:37155] with ContainerStateMachine:uninitialized
2019-10-15 22:54:39,991 [pool-37-thread-1] INFO  server.RaftServerConfigKeys (ConfUtils.java:logGet(43)) - raft.server.rpc.timeout.min = 5s (custom)
2019-10-15 22:54:39,991 [pool-37-thread-1] INFO  server.RaftServerConfigKeys (ConfUtils.java:logGet(43)) - raft.server.rpc.timeout.max = 5200ms (custom)
2019-10-15 22:54:39,991 [pool-37-thread-1] INFO  server.RaftServerConfigKeys (ConfUtils.java:logGet(43)) - raft.server.rpcslowness.timeout = 120s (custom)
2019-10-15 22:54:39,991 [pool-37-thread-1] INFO  server.RaftServerConfigKeys (ConfUtils.java:logGet(43)) - raft.server.sleep.deviation.threshold = 300 (default)
2019-10-15 22:54:39,991 [pool-37-thread-1] INFO  server.RaftServerConfigKeys (ConfUtils.java:logGet(43)) - raft.server.log.appender.install.snapshot.enabled = false (custom)
2019-10-15 22:54:39,991 [pool-37-thread-1] INFO  impl.RaftServerImpl (ServerState.java:<init>(103)) - 270a7188-b373-43e4-a3ac-26543458552c@group-E5229BC6B93C: ConfigurationManager, init=-1: [270a7188-b373-43e4-a3ac-26543458552c:192.168.157.213:37155], old=null, confs=<EMPTY_MAP>
2019-10-15 22:54:39,991 [pool-37-thread-1] INFO  server.RaftServerConfigKeys (ConfUtils.java:logGet(43)) - raft.server.storage.dir = [/workdir/hadoop-ozone/integration-test/target/test-dir/MiniOzoneClusterImpl-7c55876f-3f97-4a05-b001-a0c81006d1f8/datanode-1/data/ratis] (custom)
2019-10-15 22:54:39,992 [pool-37-thread-1] INFO  server.RaftServerConfigKeys (ConfUtils.java:logGet(43)) - raft.server.log.corruption.policy = EXCEPTION (default)
2019-10-15 22:54:39,992 [pool-37-thread-1] INFO  storage.RaftStorageDirectory (RaftStorageDirectory.java:analyzeStorage(246)) - The storage directory /workdir/hadoop-ozone/integration-test/target/test-dir/MiniOzoneClusterImpl-7c55876f-3f97-4a05-b001-a0c81006d1f8/datanode-1/data/ratis/6566cd98-29d0-4fd1-a976-e5229bc6b93c does not exist. Creating ...
2019-10-15 22:54:40,004 [pool-37-thread-1] INFO  storage.RaftStorageDirectory (RaftStorageDirectory.java:tryLock(328)) - Lock on /workdir/hadoop-ozone/integration-test/target/test-dir/MiniOzoneClusterImpl-7c55876f-3f97-4a05-b001-a0c81006d1f8/datanode-1/data/ratis/6566cd98-29d0-4fd1-a976-e5229bc6b93c/in_use.lock acquired by nodename 7273@pr-hdds-2221-lrjgr-1037302595
2019-10-15 22:54:40,017 [pool-37-thread-1] INFO  storage.RaftStorage (RaftStorage.java:format(84)) - Storage directory /workdir/hadoop-ozone/integration-test/target/test-dir/MiniOzoneClusterImpl-7c55876f-3f97-4a05-b001-a0c81006d1f8/datanode-1/data/ratis/6566cd98-29d0-4fd1-a976-e5229bc6b93c has been successfully formatted.
2019-10-15 22:54:40,017 [pool-37-thread-1] INFO  ratis.ContainerStateMachine (ContainerStateMachine.java:loadSnapshot(231)) - group-E5229BC6B93C: The snapshot info is null. Setting the last applied indexto:(t:0, i:~)
2019-10-15 22:54:40,017 [pool-37-thread-1] INFO  server.RaftServerConfigKeys (ConfUtils.java:logGet(43)) - raft.server.notification.no-leader.timeout = 120s (custom)
2019-10-15 22:54:40,017 [pool-37-thread-1] INFO  server.RaftServerConfigKeys (ConfUtils.java:logGet(43)) - raft.server.log.use.memory = false (default)
2019-10-15 22:54:40,017 [pool-37-thread-1] INFO  server.RaftServerConfigKeys (ConfUtils.java:logGet(43)) - raft.server.log.purge.gap = 1000000 (custom)
2019-10-15 22:54:40,018 [pool-37-thread-1] INFO  server.RaftServerConfigKeys (ConfUtils.java:logGet(43)) - raft.server.log.appender.buffer.byte-limit = 33554432 (custom)
2019-10-15 22:54:40,018 [pool-37-thread-1] INFO  server.RaftServerConfigKeys (ConfUtils.java:logGet(43)) - raft.server.log.segment.size.max = 1048576 (custom)
2019-10-15 22:54:40,020 [pool-37-thread-1] INFO  server.RaftServerConfigKeys (ConfUtils.java:logGet(43)) - raft.server.log.segment.cache.num.max = 2 (custom)
2019-10-15 22:54:40,020 [pool-37-thread-1] INFO  segmented.SegmentedRaftLogWorker (SegmentedRaftLogWorker.java:<init>(173)) - new 270a7188-b373-43e4-a3ac-26543458552c@group-E5229BC6B93C-SegmentedRaftLogWorker for RaftStorage:Storage Directory /workdir/hadoop-ozone/integration-test/target/test-dir/MiniOzoneClusterImpl-7c55876f-3f97-4a05-b001-a0c81006d1f8/datanode-1/data/ratis/6566cd98-29d0-4fd1-a976-e5229bc6b93c
2019-10-15 22:54:40,020 [pool-37-thread-1] INFO  server.RaftServerConfigKeys (ConfUtils.java:logGet(43)) - raft.server.log.queue.byte-limit = 2147483647 (custom)
2019-10-15 22:54:40,020 [pool-37-thread-1] INFO  server.RaftServerConfigKeys (ConfUtils.java:logGet(43)) - raft.server.log.queue.element-limit = 1024 (custom)
2019-10-15 22:54:40,020 [pool-37-thread-1] INFO  server.RaftServerConfigKeys (ConfUtils.java:logGet(43)) - raft.server.log.segment.size.max = 1048576 (custom)
2019-10-15 22:54:40,020 [pool-37-thread-1] INFO  server.RaftServerConfigKeys (ConfUtils.java:logGet(43)) - raft.server.log.preallocated.size = 16384 (custom)
2019-10-15 22:54:40,020 [pool-37-thread-1] INFO  server.RaftServerConfigKeys (ConfUtils.java:logGet(43)) - raft.server.log.write.buffer.size = 33554432 (custom)
2019-10-15 22:54:40,020 [pool-37-thread-1] INFO  server.RaftServerConfigKeys (ConfUtils.java:logGet(43)) - raft.server.log.force.sync.num = 128 (default)
2019-10-15 22:54:40,020 [pool-37-thread-1] INFO  server.RaftServerConfigKeys (ConfUtils.java:logGet(43)) - raft.server.log.statemachine.data.sync = true (default)
2019-10-15 22:54:40,021 [pool-37-thread-1] INFO  server.RaftServerConfigKeys (ConfUtils.java:logGet(43)) - raft.server.log.statemachine.data.sync.timeout = 10s (default)
2019-10-15 22:54:40,021 [pool-37-thread-1] INFO  server.RaftServerConfigKeys (ConfUtils.java:logGet(43)) - raft.server.log.statemachine.data.sync.timeout.retry = -1 (default)
2019-10-15 22:54:40,021 [pool-37-thread-1] INFO  server.RaftServerConfigKeys (ConfUtils.java:logGet(43)) - raft.server.log.statemachine.data.caching.enabled = true (custom)
2019-10-15 22:54:40,021 [pool-37-thread-1] INFO  segmented.SegmentedRaftLogWorker (SegmentedRaftLogWorker.java:lambda$new$0(128)) - 270a7188-b373-43e4-a3ac-26543458552c@group-E5229BC6B93C-SegmentedRaftLogWorker: flushIndex: setUnconditionally 0 -> -1
2019-10-15 22:54:40,022 [pool-37-thread-1] INFO  server.RaftServerConfigKeys (ConfUtils.java:logGet(43)) - raft.server.snapshot.auto.trigger.enabled = true (custom)
2019-10-15 22:54:40,022 [pool-37-thread-1] INFO  server.RaftServerConfigKeys (ConfUtils.java:logGet(43)) - raft.server.snapshot.auto.trigger.threshold = 10000 (custom)
2019-10-15 22:54:40,022 [pool-37-thread-1] INFO  server.RaftServerConfigKeys (ConfUtils.java:logGet(43)) - raft.server.snapshot.retention.file.num = 5 (custom)
2019-10-15 22:54:40,022 [pool-37-thread-1] INFO  server.RaftServerConfigKeys (ConfUtils.java:logGet(43)) - raft.server.retrycache.expirytime = 600000ms (custom)
2019-10-15 22:54:40,024 [pool-37-thread-1] INFO  impl.RaftServerImpl (RaftServerImpl.java:start(181)) - 270a7188-b373-43e4-a3ac-26543458552c@group-E5229BC6B93C: start as a follower, conf=-1: [270a7188-b373-43e4-a3ac-26543458552c:192.168.157.213:37155], old=null
2019-10-15 22:54:40,024 [pool-37-thread-1] INFO  impl.RaftServerImpl (RaftServerImpl.java:setRole(170)) - 270a7188-b373-43e4-a3ac-26543458552c@group-E5229BC6B93C: changes role from      null to FOLLOWER at term 0 for startAsFollower
2019-10-15 22:54:40,024 [pool-37-thread-1] INFO  impl.RoleInfo (RoleInfo.java:updateAndGet(143)) - 270a7188-b373-43e4-a3ac-26543458552c: start FollowerState
2019-10-15 22:54:40,024 [pool-37-thread-1] INFO  util.JmxRegister (JmxRegister.java:tryRegister(44)) - Successfully registered JMX Bean with object name Ratis:service=RaftServer,group=group-E5229BC6B93C,id=270a7188-b373-43e4-a3ac-26543458552c
2019-10-15 22:54:40,040 [RatisPipelineUtilsThread] INFO  pipeline.PipelineStateManager (PipelineStateManager.java:addPipeline(56)) - Created pipeline Pipeline[ Id: 6566cd98-29d0-4fd1-a976-e5229bc6b93c, Nodes: 270a7188-b373-43e4-a3ac-26543458552c{ip: 192.168.157.213, host: pr-hdds-2221-lrjgr-1037302595, networkLocation: /default-rack, certSerialId: null}, Type:RATIS, Factor:ONE, State:OPEN]
2019-10-15 22:54:40,060 [grpc-default-executor-1] INFO  impl.RaftServerProxy (RaftServerProxy.java:addNew(89)) - 90e6b9eb-7354-4988-958f-34602f50702c: addNew group-BF61A77A5372:[f7aee2ed-06bf-4aad-8464-c585c97c108e:192.168.157.213:46362, 90e6b9eb-7354-4988-958f-34602f50702c:192.168.157.213:40319, dd65dd0a-dda8-47db-b4b1-a946d688cbb0:192.168.157.213:36412] returns group-BF61A77A5372:java.util.concurrent.CompletableFuture@669c8bbe[Not completed]
2019-10-15 22:54:40,062 [grpc-default-executor-2] INFO  impl.RaftServerProxy (RaftServerProxy.java:addNew(89)) - dd65dd0a-dda8-47db-b4b1-a946d688cbb0: addNew group-BF61A77A5372:[f7aee2ed-06bf-4aad-8464-c585c97c108e:192.168.157.213:46362, 90e6b9eb-7354-4988-958f-34602f50702c:192.168.157.213:40319, dd65dd0a-dda8-47db-b4b1-a946d688cbb0:192.168.157.213:36412] returns group-BF61A77A5372:java.util.concurrent.CompletableFuture@732f0fa7[Not completed]
2019-10-15 22:54:40,063 [pool-77-thread-1] INFO  impl.RaftServerImpl (RaftServerImpl.java:<init>(95)) - 90e6b9eb-7354-4988-958f-34602f50702c: new RaftServerImpl for group-BF61A77A5372:[f7aee2ed-06bf-4aad-8464-c585c97c108e:192.168.157.213:46362, 90e6b9eb-7354-4988-958f-34602f50702c:192.168.157.213:40319, dd65dd0a-dda8-47db-b4b1-a946d688cbb0:192.168.157.213:36412] with ContainerStateMachine:uninitialized
2019-10-15 22:54:40,063 [grpc-default-executor-1] INFO  impl.RaftServerProxy (RaftServerProxy.java:addNew(89)) - f7aee2ed-06bf-4aad-8464-c585c97c108e: addNew group-BF61A77A5372:[f7aee2ed-06bf-4aad-8464-c585c97c108e:192.168.157.213:46362, 90e6b9eb-7354-4988-958f-34602f50702c:192.168.157.213:40319, dd65dd0a-dda8-47db-b4b1-a946d688cbb0:192.168.157.213:36412] returns group-BF61A77A5372:java.util.concurrent.CompletableFuture@62a303b5[Not completed]
2019-10-15 22:54:40,063 [pool-77-thread-1] INFO  server.RaftServerConfigKeys (ConfUtils.java:logGet(43)) - raft.server.rpc.timeout.min = 5s (custom)
2019-10-15 22:54:40,064 [pool-77-thread-1] INFO  server.RaftServerConfigKeys (ConfUtils.java:logGet(43)) - raft.server.rpc.timeout.max = 5200ms (custom)
2019-10-15 22:54:40,064 [pool-77-thread-1] INFO  server.RaftServerConfigKeys (ConfUtils.java:logGet(43)) - raft.server.rpcslowness.timeout = 120s (custom)
2019-10-15 22:54:40,064 [pool-77-thread-1] INFO  server.RaftServerConfigKeys (ConfUtils.java:logGet(43)) - raft.server.sleep.deviation.threshold = 300 (default)
2019-10-15 22:54:40,064 [pool-77-thread-1] INFO  server.RaftServerConfigKeys (ConfUtils.java:logGet(43)) - raft.server.log.appender.install.snapshot.enabled = false (custom)
2019-10-15 22:54:40,064 [pool-77-thread-1] INFO  impl.RaftServerImpl (ServerState.java:<init>(103)) - 90e6b9eb-7354-4988-958f-34602f50702c@group-BF61A77A5372: ConfigurationManager, init=-1: [f7aee2ed-06bf-4aad-8464-c585c97c108e:192.168.157.213:46362, 90e6b9eb-7354-4988-958f-34602f50702c:192.168.157.213:40319, dd65dd0a-dda8-47db-b4b1-a946d688cbb0:192.168.157.213:36412], old=null, confs=<EMPTY_MAP>
2019-10-15 22:54:40,064 [pool-27-thread-1] INFO  impl.RaftServerImpl (RaftServerImpl.java:<init>(95)) - dd65dd0a-dda8-47db-b4b1-a946d688cbb0: new RaftServerImpl for group-BF61A77A5372:[f7aee2ed-06bf-4aad-8464-c585c97c108e:192.168.157.213:46362, 90e6b9eb-7354-4988-958f-34602f50702c:192.168.157.213:40319, dd65dd0a-dda8-47db-b4b1-a946d688cbb0:192.168.157.213:36412] with ContainerStateMachine:uninitialized
2019-10-15 22:54:40,064 [pool-77-thread-1] INFO  server.RaftServerConfigKeys (ConfUtils.java:logGet(43)) - raft.server.storage.dir = [/workdir/hadoop-ozone/integration-test/target/test-dir/MiniOzoneClusterImpl-7c55876f-3f97-4a05-b001-a0c81006d1f8/datanode-5/data/ratis] (custom)
2019-10-15 22:54:40,064 [pool-27-thread-1] INFO  server.RaftServerConfigKeys (ConfUtils.java:logGet(43)) - raft.server.rpc.timeout.min = 5s (custom)
2019-10-15 22:54:40,064 [pool-27-thread-1] INFO  server.RaftServerConfigKeys (ConfUtils.java:logGet(43)) - raft.server.rpc.timeout.max = 5200ms (custom)
2019-10-15 22:54:40,065 [pool-27-thread-1] INFO  server.RaftServerConfigKeys (ConfUtils.java:logGet(43)) - raft.server.rpcslowness.timeout = 120s (custom)
2019-10-15 22:54:40,065 [pool-77-thread-1] INFO  server.RaftServerConfigKeys (ConfUtils.java:logGet(43)) - raft.server.log.corruption.policy = EXCEPTION (default)
2019-10-15 22:54:40,065 [pool-27-thread-1] INFO  server.RaftServerConfigKeys (ConfUtils.java:logGet(43)) - raft.server.sleep.deviation.threshold = 300 (default)
2019-10-15 22:54:40,065 [pool-77-thread-1] INFO  storage.RaftStorageDirectory (RaftStorageDirectory.java:analyzeStorage(246)) - The storage directory /workdir/hadoop-ozone/integration-test/target/test-dir/MiniOzoneClusterImpl-7c55876f-3f97-4a05-b001-a0c81006d1f8/datanode-5/data/ratis/ab42da2c-dea8-4366-a601-bf61a77a5372 does not exist. Creating ...
2019-10-15 22:54:40,065 [pool-27-thread-1] INFO  server.RaftServerConfigKeys (ConfUtils.java:logGet(43)) - raft.server.log.appender.install.snapshot.enabled = false (custom)
2019-10-15 22:54:40,065 [pool-47-thread-1] INFO  impl.RaftServerImpl (RaftServerImpl.java:<init>(95)) - f7aee2ed-06bf-4aad-8464-c585c97c108e: new RaftServerImpl for group-BF61A77A5372:[f7aee2ed-06bf-4aad-8464-c585c97c108e:192.168.157.213:46362, 90e6b9eb-7354-4988-958f-34602f50702c:192.168.157.213:40319, dd65dd0a-dda8-47db-b4b1-a946d688cbb0:192.168.157.213:36412] with ContainerStateMachine:uninitialized
2019-10-15 22:54:40,065 [pool-27-thread-1] INFO  impl.RaftServerImpl (ServerState.java:<init>(103)) - dd65dd0a-dda8-47db-b4b1-a946d688cbb0@group-BF61A77A5372: ConfigurationManager, init=-1: [f7aee2ed-06bf-4aad-8464-c585c97c108e:192.168.157.213:46362, 90e6b9eb-7354-4988-958f-34602f50702c:192.168.157.213:40319, dd65dd0a-dda8-47db-b4b1-a946d688cbb0:192.168.157.213:36412], old=null, confs=<EMPTY_MAP>
2019-10-15 22:54:40,065 [pool-47-thread-1] INFO  server.RaftServerConfigKeys (ConfUtils.java:logGet(43)) - raft.server.rpc.timeout.min = 5s (custom)
2019-10-15 22:54:40,065 [pool-27-thread-1] INFO  server.RaftServerConfigKeys (ConfUtils.java:logGet(43)) - raft.server.storage.dir = [/workdir/hadoop-ozone/integration-test/target/test-dir/MiniOzoneClusterImpl-7c55876f-3f97-4a05-b001-a0c81006d1f8/datanode-0/data/ratis] (custom)
2019-10-15 22:54:40,065 [pool-47-thread-1] INFO  server.RaftServerConfigKeys (ConfUtils.java:logGet(43)) - raft.server.rpc.timeout.max = 5200ms (custom)
2019-10-15 22:54:40,065 [pool-47-thread-1] INFO  server.RaftServerConfigKeys (ConfUtils.java:logGet(43)) - raft.server.rpcslowness.timeout = 120s (custom)
2019-10-15 22:54:40,065 [pool-27-thread-1] INFO  server.RaftServerConfigKeys (ConfUtils.java:logGet(43)) - raft.server.log.corruption.policy = EXCEPTION (default)
2019-10-15 22:54:40,066 [pool-47-thread-1] INFO  server.RaftServerConfigKeys (ConfUtils.java:logGet(43)) - raft.server.sleep.deviation.threshold = 300 (default)
2019-10-15 22:54:40,066 [pool-47-thread-1] INFO  server.RaftServerConfigKeys (ConfUtils.java:logGet(43)) - raft.server.log.appender.install.snapshot.enabled = false (custom)
2019-10-15 22:54:40,066 [pool-27-thread-1] INFO  storage.RaftStorageDirectory (RaftStorageDirectory.java:analyzeStorage(246)) - The storage directory /workdir/hadoop-ozone/integration-test/target/test-dir/MiniOzoneClusterImpl-7c55876f-3f97-4a05-b001-a0c81006d1f8/datanode-0/data/ratis/ab42da2c-dea8-4366-a601-bf61a77a5372 does not exist. Creating ...
2019-10-15 22:54:40,066 [pool-47-thread-1] INFO  impl.RaftServerImpl (ServerState.java:<init>(103)) - f7aee2ed-06bf-4aad-8464-c585c97c108e@group-BF61A77A5372: ConfigurationManager, init=-1: [f7aee2ed-06bf-4aad-8464-c585c97c108e:192.168.157.213:46362, 90e6b9eb-7354-4988-958f-34602f50702c:192.168.157.213:40319, dd65dd0a-dda8-47db-b4b1-a946d688cbb0:192.168.157.213:36412], old=null, confs=<EMPTY_MAP>
2019-10-15 22:54:40,066 [pool-47-thread-1] INFO  server.RaftServerConfigKeys (ConfUtils.java:logGet(43)) - raft.server.storage.dir = [/workdir/hadoop-ozone/integration-test/target/test-dir/MiniOzoneClusterImpl-7c55876f-3f97-4a05-b001-a0c81006d1f8/datanode-2/data/ratis] (custom)
2019-10-15 22:54:40,066 [pool-47-thread-1] INFO  server.RaftServerConfigKeys (ConfUtils.java:logGet(43)) - raft.server.log.corruption.policy = EXCEPTION (default)
2019-10-15 22:54:40,066 [pool-47-thread-1] INFO  storage.RaftStorageDirectory (RaftStorageDirectory.java:analyzeStorage(246)) - The storage directory /workdir/hadoop-ozone/integration-test/target/test-dir/MiniOzoneClusterImpl-7c55876f-3f97-4a05-b001-a0c81006d1f8/datanode-2/data/ratis/ab42da2c-dea8-4366-a601-bf61a77a5372 does not exist. Creating ...
2019-10-15 22:54:40,089 [pool-27-thread-1] INFO  storage.RaftStorageDirectory (RaftStorageDirectory.java:tryLock(328)) - Lock on /workdir/hadoop-ozone/integration-test/target/test-dir/MiniOzoneClusterImpl-7c55876f-3f97-4a05-b001-a0c81006d1f8/datanode-0/data/ratis/ab42da2c-dea8-4366-a601-bf61a77a5372/in_use.lock acquired by nodename 7273@pr-hdds-2221-lrjgr-1037302595
2019-10-15 22:54:40,090 [pool-77-thread-1] INFO  storage.RaftStorageDirectory (RaftStorageDirectory.java:tryLock(328)) - Lock on /workdir/hadoop-ozone/integration-test/target/test-dir/MiniOzoneClusterImpl-7c55876f-3f97-4a05-b001-a0c81006d1f8/datanode-5/data/ratis/ab42da2c-dea8-4366-a601-bf61a77a5372/in_use.lock acquired by nodename 7273@pr-hdds-2221-lrjgr-1037302595
2019-10-15 22:54:40,089 [pool-47-thread-1] INFO  storage.RaftStorageDirectory (RaftStorageDirectory.java:tryLock(328)) - Lock on /workdir/hadoop-ozone/integration-test/target/test-dir/MiniOzoneClusterImpl-7c55876f-3f97-4a05-b001-a0c81006d1f8/datanode-2/data/ratis/ab42da2c-dea8-4366-a601-bf61a77a5372/in_use.lock acquired by nodename 7273@pr-hdds-2221-lrjgr-1037302595
2019-10-15 22:54:40,115 [pool-77-thread-1] INFO  storage.RaftStorage (RaftStorage.java:format(84)) - Storage directory /workdir/hadoop-ozone/integration-test/target/test-dir/MiniOzoneClusterImpl-7c55876f-3f97-4a05-b001-a0c81006d1f8/datanode-5/data/ratis/ab42da2c-dea8-4366-a601-bf61a77a5372 has been successfully formatted.
2019-10-15 22:54:40,116 [pool-47-thread-1] INFO  storage.RaftStorage (RaftStorage.java:format(84)) - Storage directory /workdir/hadoop-ozone/integration-test/target/test-dir/MiniOzoneClusterImpl-7c55876f-3f97-4a05-b001-a0c81006d1f8/datanode-2/data/ratis/ab42da2c-dea8-4366-a601-bf61a77a5372 has been successfully formatted.
2019-10-15 22:54:40,116 [pool-27-thread-1] INFO  storage.RaftStorage (RaftStorage.java:format(84)) - Storage directory /workdir/hadoop-ozone/integration-test/target/test-dir/MiniOzoneClusterImpl-7c55876f-3f97-4a05-b001-a0c81006d1f8/datanode-0/data/ratis/ab42da2c-dea8-4366-a601-bf61a77a5372 has been successfully formatted.
2019-10-15 22:54:40,117 [pool-47-thread-1] INFO  ratis.ContainerStateMachine (ContainerStateMachine.java:loadSnapshot(231)) - group-BF61A77A5372: The snapshot info is null. Setting the last applied indexto:(t:0, i:~)
2019-10-15 22:54:40,117 [pool-77-thread-1] INFO  ratis.ContainerStateMachine (ContainerStateMachine.java:loadSnapshot(231)) - group-BF61A77A5372: The snapshot info is null. Setting the last applied indexto:(t:0, i:~)
2019-10-15 22:54:40,117 [pool-47-thread-1] INFO  server.RaftServerConfigKeys (ConfUtils.java:logGet(43)) - raft.server.notification.no-leader.timeout = 120s (custom)
2019-10-15 22:54:40,117 [pool-77-thread-1] INFO  server.RaftServerConfigKeys (ConfUtils.java:logGet(43)) - raft.server.notification.no-leader.timeout = 120s (custom)
2019-10-15 22:54:40,117 [pool-27-thread-1] INFO  ratis.ContainerStateMachine (ContainerStateMachine.java:loadSnapshot(231)) - group-BF61A77A5372: The snapshot info is null. Setting the last applied indexto:(t:0, i:~)
2019-10-15 22:54:40,117 [pool-77-thread-1] INFO  server.RaftServerConfigKeys (ConfUtils.java:logGet(43)) - raft.server.log.use.memory = false (default)
2019-10-15 22:54:40,117 [pool-47-thread-1] INFO  server.RaftServerConfigKeys (ConfUtils.java:logGet(43)) - raft.server.log.use.memory = false (default)
2019-10-15 22:54:40,118 [pool-27-thread-1] INFO  server.RaftServerConfigKeys (ConfUtils.java:logGet(43)) - raft.server.notification.no-leader.timeout = 120s (custom)
2019-10-15 22:54:40,118 [pool-77-thread-1] INFO  server.RaftServerConfigKeys (ConfUtils.java:logGet(43)) - raft.server.log.purge.gap = 1000000 (custom)
2019-10-15 22:54:40,118 [pool-47-thread-1] INFO  server.RaftServerConfigKeys (ConfUtils.java:logGet(43)) - raft.server.log.purge.gap = 1000000 (custom)
2019-10-15 22:54:40,118 [pool-77-thread-1] INFO  server.RaftServerConfigKeys (ConfUtils.java:logGet(43)) - raft.server.log.appender.buffer.byte-limit = 33554432 (custom)
2019-10-15 22:54:40,118 [pool-27-thread-1] INFO  server.RaftServerConfigKeys (ConfUtils.java:logGet(43)) - raft.server.log.use.memory = false (default)
2019-10-15 22:54:40,118 [pool-77-thread-1] INFO  server.RaftServerConfigKeys (ConfUtils.java:logGet(43)) - raft.server.log.segment.size.max = 1048576 (custom)
2019-10-15 22:54:40,118 [pool-47-thread-1] INFO  server.RaftServerConfigKeys (ConfUtils.java:logGet(43)) - raft.server.log.appender.buffer.byte-limit = 33554432 (custom)
2019-10-15 22:54:40,118 [pool-27-thread-1] INFO  server.RaftServerConfigKeys (ConfUtils.java:logGet(43)) - raft.server.log.purge.gap = 1000000 (custom)
2019-10-15 22:54:40,118 [pool-47-thread-1] INFO  server.RaftServerConfigKeys (ConfUtils.java:logGet(43)) - raft.server.log.segment.size.max = 1048576 (custom)
2019-10-15 22:54:40,118 [pool-77-thread-1] INFO  server.RaftServerConfigKeys (ConfUtils.java:logGet(43)) - raft.server.log.segment.cache.num.max = 2 (custom)
2019-10-15 22:54:40,119 [pool-47-thread-1] INFO  server.RaftServerConfigKeys (ConfUtils.java:logGet(43)) - raft.server.log.segment.cache.num.max = 2 (custom)
2019-10-15 22:54:40,119 [pool-27-thread-1] INFO  server.RaftServerConfigKeys (ConfUtils.java:logGet(43)) - raft.server.log.appender.buffer.byte-limit = 33554432 (custom)
2019-10-15 22:54:40,119 [pool-47-thread-1] INFO  segmented.SegmentedRaftLogWorker (SegmentedRaftLogWorker.java:<init>(173)) - new f7aee2ed-06bf-4aad-8464-c585c97c108e@group-BF61A77A5372-SegmentedRaftLogWorker for RaftStorage:Storage Directory /workdir/hadoop-ozone/integration-test/target/test-dir/MiniOzoneClusterImpl-7c55876f-3f97-4a05-b001-a0c81006d1f8/datanode-2/data/ratis/ab42da2c-dea8-4366-a601-bf61a77a5372
2019-10-15 22:54:40,119 [pool-77-thread-1] INFO  segmented.SegmentedRaftLogWorker (SegmentedRaftLogWorker.java:<init>(173)) - new 90e6b9eb-7354-4988-958f-34602f50702c@group-BF61A77A5372-SegmentedRaftLogWorker for RaftStorage:Storage Directory /workdir/hadoop-ozone/integration-test/target/test-dir/MiniOzoneClusterImpl-7c55876f-3f97-4a05-b001-a0c81006d1f8/datanode-5/data/ratis/ab42da2c-dea8-4366-a601-bf61a77a5372
2019-10-15 22:54:40,119 [pool-47-thread-1] INFO  server.RaftServerConfigKeys (ConfUtils.java:logGet(43)) - raft.server.log.queue.byte-limit = 2147483647 (custom)
2019-10-15 22:54:40,119 [pool-27-thread-1] INFO  server.RaftServerConfigKeys (ConfUtils.java:logGet(43)) - raft.server.log.segment.size.max = 1048576 (custom)
2019-10-15 22:54:40,119 [pool-47-thread-1] INFO  server.RaftServerConfigKeys (ConfUtils.java:logGet(43)) - raft.server.log.queue.element-limit = 1024 (custom)
2019-10-15 22:54:40,119 [pool-77-thread-1] INFO  server.RaftServerConfigKeys (ConfUtils.java:logGet(43)) - raft.server.log.queue.byte-limit = 2147483647 (custom)
2019-10-15 22:54:40,119 [pool-47-thread-1] INFO  server.RaftServerConfigKeys (ConfUtils.java:logGet(43)) - raft.server.log.segment.size.max = 1048576 (custom)
2019-10-15 22:54:40,119 [pool-27-thread-1] INFO  server.RaftServerConfigKeys (ConfUtils.java:logGet(43)) - raft.server.log.segment.cache.num.max = 2 (custom)
2019-10-15 22:54:40,120 [pool-47-thread-1] INFO  server.RaftServerConfigKeys (ConfUtils.java:logGet(43)) - raft.server.log.preallocated.size = 16384 (custom)
2019-10-15 22:54:40,120 [pool-77-thread-1] INFO  server.RaftServerConfigKeys (ConfUtils.java:logGet(43)) - raft.server.log.queue.element-limit = 1024 (custom)
2019-10-15 22:54:40,120 [pool-47-thread-1] INFO  server.RaftServerConfigKeys (ConfUtils.java:logGet(43)) - raft.server.log.write.buffer.size = 33554432 (custom)
2019-10-15 22:54:40,120 [pool-27-thread-1] INFO  segmented.SegmentedRaftLogWorker (SegmentedRaftLogWorker.java:<init>(173)) - new dd65dd0a-dda8-47db-b4b1-a946d688cbb0@group-BF61A77A5372-SegmentedRaftLogWorker for RaftStorage:Storage Directory /workdir/hadoop-ozone/integration-test/target/test-dir/MiniOzoneClusterImpl-7c55876f-3f97-4a05-b001-a0c81006d1f8/datanode-0/data/ratis/ab42da2c-dea8-4366-a601-bf61a77a5372
2019-10-15 22:54:40,120 [pool-47-thread-1] INFO  server.RaftServerConfigKeys (ConfUtils.java:logGet(43)) - raft.server.log.force.sync.num = 128 (default)
2019-10-15 22:54:40,120 [pool-77-thread-1] INFO  server.RaftServerConfigKeys (ConfUtils.java:logGet(43)) - raft.server.log.segment.size.max = 1048576 (custom)
2019-10-15 22:54:40,120 [pool-47-thread-1] INFO  server.RaftServerConfigKeys (ConfUtils.java:logGet(43)) - raft.server.log.statemachine.data.sync = true (default)
2019-10-15 22:54:40,120 [pool-27-thread-1] INFO  server.RaftServerConfigKeys (ConfUtils.java:logGet(43)) - raft.server.log.queue.byte-limit = 2147483647 (custom)
2019-10-15 22:54:40,120 [pool-47-thread-1] INFO  server.RaftServerConfigKeys (ConfUtils.java:logGet(43)) - raft.server.log.statemachine.data.sync.timeout = 10s (default)
2019-10-15 22:54:40,120 [pool-77-thread-1] INFO  server.RaftServerConfigKeys (ConfUtils.java:logGet(43)) - raft.server.log.preallocated.size = 16384 (custom)
2019-10-15 22:54:40,121 [pool-47-thread-1] INFO  server.RaftServerConfigKeys (ConfUtils.java:logGet(43)) - raft.server.log.statemachine.data.sync.timeout.retry = -1 (default)
2019-10-15 22:54:40,120 [pool-27-thread-1] INFO  server.RaftServerConfigKeys (ConfUtils.java:logGet(43)) - raft.server.log.queue.element-limit = 1024 (custom)
2019-10-15 22:54:40,121 [pool-77-thread-1] INFO  server.RaftServerConfigKeys (ConfUtils.java:logGet(43)) - raft.server.log.write.buffer.size = 33554432 (custom)
2019-10-15 22:54:40,121 [pool-47-thread-1] INFO  server.RaftServerConfigKeys (ConfUtils.java:logGet(43)) - raft.server.log.statemachine.data.caching.enabled = true (custom)
2019-10-15 22:54:40,121 [pool-27-thread-1] INFO  server.RaftServerConfigKeys (ConfUtils.java:logGet(43)) - raft.server.log.segment.size.max = 1048576 (custom)
2019-10-15 22:54:40,121 [pool-77-thread-1] INFO  server.RaftServerConfigKeys (ConfUtils.java:logGet(43)) - raft.server.log.force.sync.num = 128 (default)
2019-10-15 22:54:40,121 [pool-47-thread-1] INFO  segmented.SegmentedRaftLogWorker (SegmentedRaftLogWorker.java:lambda$new$0(128)) - f7aee2ed-06bf-4aad-8464-c585c97c108e@group-BF61A77A5372-SegmentedRaftLogWorker: flushIndex: setUnconditionally 0 -> -1
2019-10-15 22:54:40,121 [pool-27-thread-1] INFO  server.RaftServerConfigKeys (ConfUtils.java:logGet(43)) - raft.server.log.preallocated.size = 16384 (custom)
2019-10-15 22:54:40,121 [pool-77-thread-1] INFO  server.RaftServerConfigKeys (ConfUtils.java:logGet(43)) - raft.server.log.statemachine.data.sync = true (default)
2019-10-15 22:54:40,121 [pool-27-thread-1] INFO  server.RaftServerConfigKeys (ConfUtils.java:logGet(43)) - raft.server.log.write.buffer.size = 33554432 (custom)
2019-10-15 22:54:40,121 [pool-47-thread-1] INFO  server.RaftServerConfigKeys (ConfUtils.java:logGet(43)) - raft.server.snapshot.auto.trigger.enabled = true (custom)
2019-10-15 22:54:40,122 [pool-27-thread-1] INFO  server.RaftServerConfigKeys (ConfUtils.java:logGet(43)) - raft.server.log.force.sync.num = 128 (default)
2019-10-15 22:54:40,122 [pool-77-thread-1] INFO  server.RaftServerConfigKeys (ConfUtils.java:logGet(43)) - raft.server.log.statemachine.data.sync.timeout = 10s (default)
2019-10-15 22:54:40,122 [pool-27-thread-1] INFO  server.RaftServerConfigKeys (ConfUtils.java:logGet(43)) - raft.server.log.statemachine.data.sync = true (default)
2019-10-15 22:54:40,122 [pool-47-thread-1] INFO  server.RaftServerConfigKeys (ConfUtils.java:logGet(43)) - raft.server.snapshot.auto.trigger.threshold = 10000 (custom)
2019-10-15 22:54:40,122 [pool-27-thread-1] INFO  server.RaftServerConfigKeys (ConfUtils.java:logGet(43)) - raft.server.log.statemachine.data.sync.timeout = 10s (default)
2019-10-15 22:54:40,122 [pool-77-thread-1] INFO  server.RaftServerConfigKeys (ConfUtils.java:logGet(43)) - raft.server.log.statemachine.data.sync.timeout.retry = -1 (default)
2019-10-15 22:54:40,122 [pool-27-thread-1] INFO  server.RaftServerConfigKeys (ConfUtils.java:logGet(43)) - raft.server.log.statemachine.data.sync.timeout.retry = -1 (default)
2019-10-15 22:54:40,122 [pool-47-thread-1] INFO  server.RaftServerConfigKeys (ConfUtils.java:logGet(43)) - raft.server.snapshot.retention.file.num = 5 (custom)
2019-10-15 22:54:40,123 [pool-77-thread-1] INFO  server.RaftServerConfigKeys (ConfUtils.java:logGet(43)) - raft.server.log.statemachine.data.caching.enabled = true (custom)
2019-10-15 22:54:40,123 [pool-47-thread-1] INFO  server.RaftServerConfigKeys (ConfUtils.java:logGet(43)) - raft.server.retrycache.expirytime = 600000ms (custom)
2019-10-15 22:54:40,123 [pool-27-thread-1] INFO  server.RaftServerConfigKeys (ConfUtils.java:logGet(43)) - raft.server.log.statemachine.data.caching.enabled = true (custom)
2019-10-15 22:54:40,123 [pool-77-thread-1] INFO  segmented.SegmentedRaftLogWorker (SegmentedRaftLogWorker.java:lambda$new$0(128)) - 90e6b9eb-7354-4988-958f-34602f50702c@group-BF61A77A5372-SegmentedRaftLogWorker: flushIndex: setUnconditionally 0 -> -1
2019-10-15 22:54:40,123 [pool-27-thread-1] INFO  segmented.SegmentedRaftLogWorker (SegmentedRaftLogWorker.java:lambda$new$0(128)) - dd65dd0a-dda8-47db-b4b1-a946d688cbb0@group-BF61A77A5372-SegmentedRaftLogWorker: flushIndex: setUnconditionally 0 -> -1
2019-10-15 22:54:40,123 [pool-77-thread-1] INFO  server.RaftServerConfigKeys (ConfUtils.java:logGet(43)) - raft.server.snapshot.auto.trigger.enabled = true (custom)
2019-10-15 22:54:40,124 [pool-77-thread-1] INFO  server.RaftServerConfigKeys (ConfUtils.java:logGet(43)) - raft.server.snapshot.auto.trigger.threshold = 10000 (custom)
2019-10-15 22:54:40,124 [pool-27-thread-1] INFO  server.RaftServerConfigKeys (ConfUtils.java:logGet(43)) - raft.server.snapshot.auto.trigger.enabled = true (custom)
2019-10-15 22:54:40,124 [pool-77-thread-1] INFO  server.RaftServerConfigKeys (ConfUtils.java:logGet(43)) - raft.server.snapshot.retention.file.num = 5 (custom)
2019-10-15 22:54:40,124 [pool-27-thread-1] INFO  server.RaftServerConfigKeys (ConfUtils.java:logGet(43)) - raft.server.snapshot.auto.trigger.threshold = 10000 (custom)
2019-10-15 22:54:40,124 [pool-77-thread-1] INFO  server.RaftServerConfigKeys (ConfUtils.java:logGet(43)) - raft.server.retrycache.expirytime = 600000ms (custom)
2019-10-15 22:54:40,124 [pool-27-thread-1] INFO  server.RaftServerConfigKeys (ConfUtils.java:logGet(43)) - raft.server.snapshot.retention.file.num = 5 (custom)
2019-10-15 22:54:40,124 [pool-27-thread-1] INFO  server.RaftServerConfigKeys (ConfUtils.java:logGet(43)) - raft.server.retrycache.expirytime = 600000ms (custom)
2019-10-15 22:54:40,125 [pool-47-thread-1] INFO  impl.RaftServerImpl (RaftServerImpl.java:start(181)) - f7aee2ed-06bf-4aad-8464-c585c97c108e@group-BF61A77A5372: start as a follower, conf=-1: [f7aee2ed-06bf-4aad-8464-c585c97c108e:192.168.157.213:46362, 90e6b9eb-7354-4988-958f-34602f50702c:192.168.157.213:40319, dd65dd0a-dda8-47db-b4b1-a946d688cbb0:192.168.157.213:36412], old=null
2019-10-15 22:54:40,125 [pool-47-thread-1] INFO  impl.RaftServerImpl (RaftServerImpl.java:setRole(170)) - f7aee2ed-06bf-4aad-8464-c585c97c108e@group-BF61A77A5372: changes role from      null to FOLLOWER at term 0 for startAsFollower
2019-10-15 22:54:40,125 [pool-47-thread-1] INFO  impl.RoleInfo (RoleInfo.java:updateAndGet(143)) - f7aee2ed-06bf-4aad-8464-c585c97c108e: start FollowerState
2019-10-15 22:54:40,126 [pool-47-thread-1] INFO  util.JmxRegister (JmxRegister.java:tryRegister(44)) - Successfully registered JMX Bean with object name Ratis:service=RaftServer,group=group-BF61A77A5372,id=f7aee2ed-06bf-4aad-8464-c585c97c108e
2019-10-15 22:54:40,130 [pool-77-thread-1] INFO  impl.RaftServerImpl (RaftServerImpl.java:start(181)) - 90e6b9eb-7354-4988-958f-34602f50702c@group-BF61A77A5372: start as a follower, conf=-1: [f7aee2ed-06bf-4aad-8464-c585c97c108e:192.168.157.213:46362, 90e6b9eb-7354-4988-958f-34602f50702c:192.168.157.213:40319, dd65dd0a-dda8-47db-b4b1-a946d688cbb0:192.168.157.213:36412], old=null
2019-10-15 22:54:40,130 [pool-77-thread-1] INFO  impl.RaftServerImpl (RaftServerImpl.java:setRole(170)) - 90e6b9eb-7354-4988-958f-34602f50702c@group-BF61A77A5372: changes role from      null to FOLLOWER at term 0 for startAsFollower
2019-10-15 22:54:40,130 [pool-77-thread-1] INFO  impl.RoleInfo (RoleInfo.java:updateAndGet(143)) - 90e6b9eb-7354-4988-958f-34602f50702c: start FollowerState
2019-10-15 22:54:40,130 [pool-77-thread-1] INFO  util.JmxRegister (JmxRegister.java:tryRegister(44)) - Successfully registered JMX Bean with object name Ratis:service=RaftServer,group=group-BF61A77A5372,id=90e6b9eb-7354-4988-958f-34602f50702c
2019-10-15 22:54:40,131 [pool-27-thread-1] INFO  impl.RaftServerImpl (RaftServerImpl.java:start(181)) - dd65dd0a-dda8-47db-b4b1-a946d688cbb0@group-BF61A77A5372: start as a follower, conf=-1: [f7aee2ed-06bf-4aad-8464-c585c97c108e:192.168.157.213:46362, 90e6b9eb-7354-4988-958f-34602f50702c:192.168.157.213:40319, dd65dd0a-dda8-47db-b4b1-a946d688cbb0:192.168.157.213:36412], old=null
2019-10-15 22:54:40,131 [pool-27-thread-1] INFO  impl.RaftServerImpl (RaftServerImpl.java:setRole(170)) - dd65dd0a-dda8-47db-b4b1-a946d688cbb0@group-BF61A77A5372: changes role from      null to FOLLOWER at term 0 for startAsFollower
2019-10-15 22:54:40,131 [pool-27-thread-1] INFO  impl.RoleInfo (RoleInfo.java:updateAndGet(143)) - dd65dd0a-dda8-47db-b4b1-a946d688cbb0: start FollowerState
2019-10-15 22:54:40,132 [pool-27-thread-1] INFO  util.JmxRegister (JmxRegister.java:tryRegister(44)) - Successfully registered JMX Bean with object name Ratis:service=RaftServer,group=group-BF61A77A5372,id=dd65dd0a-dda8-47db-b4b1-a946d688cbb0
2019-10-15 22:54:40,149 [RatisPipelineUtilsThread] INFO  pipeline.PipelineStateManager (PipelineStateManager.java:addPipeline(56)) - Created pipeline Pipeline[ Id: ab42da2c-dea8-4366-a601-bf61a77a5372, Nodes: f7aee2ed-06bf-4aad-8464-c585c97c108e{ip: 192.168.157.213, host: pr-hdds-2221-lrjgr-1037302595, networkLocation: /default-rack, certSerialId: null}90e6b9eb-7354-4988-958f-34602f50702c{ip: 192.168.157.213, host: pr-hdds-2221-lrjgr-1037302595, networkLocation: /default-rack, certSerialId: null}dd65dd0a-dda8-47db-b4b1-a946d688cbb0{ip: 192.168.157.213, host: pr-hdds-2221-lrjgr-1037302595, networkLocation: /default-rack, certSerialId: null}, Type:RATIS, Factor:THREE, State:OPEN]
2019-10-15 22:54:40,167 [main] INFO  ozone.MiniOzoneClusterImpl (MiniOzoneClusterImpl.java:lambda$waitForClusterToBeReady$0(147)) - Cluster is ready. Got 7 of 7 DN Heartbeats.
2019-10-15 22:54:40,175 [grpc-default-executor-0] INFO  impl.RaftServerProxy (RaftServerProxy.java:addNew(89)) - aaf8e68d-5698-433d-8fad-3ccf5c38c15f: addNew group-D68BB305B344:[3594faa7-d94e-4af2-ab4a-ef22aa79de86:192.168.157.213:44254, 8c3b9c04-93ef-45da-955f-d3fc6ab62d67:192.168.157.213:33126, aaf8e68d-5698-433d-8fad-3ccf5c38c15f:192.168.157.213:44112] returns group-D68BB305B344:java.util.concurrent.CompletableFuture@14cd1f38[Not completed]
2019-10-15 22:54:40,176 [grpc-default-executor-2] INFO  impl.RaftServerProxy (RaftServerProxy.java:addNew(89)) - 8c3b9c04-93ef-45da-955f-d3fc6ab62d67: addNew group-D68BB305B344:[3594faa7-d94e-4af2-ab4a-ef22aa79de86:192.168.157.213:44254, 8c3b9c04-93ef-45da-955f-d3fc6ab62d67:192.168.157.213:33126, aaf8e68d-5698-433d-8fad-3ccf5c38c15f:192.168.157.213:44112] returns group-D68BB305B344:java.util.concurrent.CompletableFuture@42163c80[Not completed]
2019-10-15 22:54:40,176 [grpc-default-executor-1] INFO  impl.RaftServerProxy (RaftServerProxy.java:addNew(89)) - 3594faa7-d94e-4af2-ab4a-ef22aa79de86: addNew group-D68BB305B344:[3594faa7-d94e-4af2-ab4a-ef22aa79de86:192.168.157.213:44254, 8c3b9c04-93ef-45da-955f-d3fc6ab62d67:192.168.157.213:33126, aaf8e68d-5698-433d-8fad-3ccf5c38c15f:192.168.157.213:44112] returns group-D68BB305B344:java.util.concurrent.CompletableFuture@148fd8f4[Not completed]
2019-10-15 22:54:40,178 [pool-87-thread-1] INFO  impl.RaftServerImpl (RaftServerImpl.java:<init>(95)) - aaf8e68d-5698-433d-8fad-3ccf5c38c15f: new RaftServerImpl for group-D68BB305B344:[3594faa7-d94e-4af2-ab4a-ef22aa79de86:192.168.157.213:44254, 8c3b9c04-93ef-45da-955f-d3fc6ab62d67:192.168.157.213:33126, aaf8e68d-5698-433d-8fad-3ccf5c38c15f:192.168.157.213:44112] with ContainerStateMachine:uninitialized
2019-10-15 22:54:40,179 [pool-87-thread-1] INFO  server.RaftServerConfigKeys (ConfUtils.java:logGet(43)) - raft.server.rpc.timeout.min = 5s (custom)
2019-10-15 22:54:40,179 [pool-87-thread-1] INFO  server.RaftServerConfigKeys (ConfUtils.java:logGet(43)) - raft.server.rpc.timeout.max = 5200ms (custom)
2019-10-15 22:54:40,179 [pool-87-thread-1] INFO  server.RaftServerConfigKeys (ConfUtils.java:logGet(43)) - raft.server.rpcslowness.timeout = 120s (custom)
2019-10-15 22:54:40,179 [pool-87-thread-1] INFO  server.RaftServerConfigKeys (ConfUtils.java:logGet(43)) - raft.server.sleep.deviation.threshold = 300 (default)
2019-10-15 22:54:40,179 [pool-87-thread-1] INFO  server.RaftServerConfigKeys (ConfUtils.java:logGet(43)) - raft.server.log.appender.install.snapshot.enabled = false (custom)
2019-10-15 22:54:40,180 [pool-87-thread-1] INFO  impl.RaftServerImpl (ServerState.java:<init>(103)) - aaf8e68d-5698-433d-8fad-3ccf5c38c15f@group-D68BB305B344: ConfigurationManager, init=-1: [3594faa7-d94e-4af2-ab4a-ef22aa79de86:192.168.157.213:44254, 8c3b9c04-93ef-45da-955f-d3fc6ab62d67:192.168.157.213:33126, aaf8e68d-5698-433d-8fad-3ccf5c38c15f:192.168.157.213:44112], old=null, confs=<EMPTY_MAP>
2019-10-15 22:54:40,180 [pool-87-thread-1] INFO  server.RaftServerConfigKeys (ConfUtils.java:logGet(43)) - raft.server.storage.dir = [/workdir/hadoop-ozone/integration-test/target/test-dir/MiniOzoneClusterImpl-7c55876f-3f97-4a05-b001-a0c81006d1f8/datanode-6/data/ratis] (custom)
2019-10-15 22:54:40,180 [pool-67-thread-1] INFO  impl.RaftServerImpl (RaftServerImpl.java:<init>(95)) - 3594faa7-d94e-4af2-ab4a-ef22aa79de86: new RaftServerImpl for group-D68BB305B344:[3594faa7-d94e-4af2-ab4a-ef22aa79de86:192.168.157.213:44254, 8c3b9c04-93ef-45da-955f-d3fc6ab62d67:192.168.157.213:33126, aaf8e68d-5698-433d-8fad-3ccf5c38c15f:192.168.157.213:44112] with ContainerStateMachine:uninitialized
2019-10-15 22:54:40,180 [pool-87-thread-1] INFO  server.RaftServerConfigKeys (ConfUtils.java:logGet(43)) - raft.server.log.corruption.policy = EXCEPTION (default)
2019-10-15 22:54:40,180 [pool-67-thread-1] INFO  server.RaftServerConfigKeys (ConfUtils.java:logGet(43)) - raft.server.rpc.timeout.min = 5s (custom)
2019-10-15 22:54:40,180 [pool-87-thread-1] INFO  storage.RaftStorageDirectory (RaftStorageDirectory.java:analyzeStorage(246)) - The storage directory /workdir/hadoop-ozone/integration-test/target/test-dir/MiniOzoneClusterImpl-7c55876f-3f97-4a05-b001-a0c81006d1f8/datanode-6/data/ratis/c61dba92-6ac7-4fb2-b75d-d68bb305b344 does not exist. Creating ...
2019-10-15 22:54:40,180 [pool-67-thread-1] INFO  server.RaftServerConfigKeys (ConfUtils.java:logGet(43)) - raft.server.rpc.timeout.max = 5200ms (custom)
2019-10-15 22:54:40,181 [pool-67-thread-1] INFO  server.RaftServerConfigKeys (ConfUtils.java:logGet(43)) - raft.server.rpcslowness.timeout = 120s (custom)
2019-10-15 22:54:40,181 [pool-67-thread-1] INFO  server.RaftServerConfigKeys (ConfUtils.java:logGet(43)) - raft.server.sleep.deviation.threshold = 300 (default)
2019-10-15 22:54:40,181 [pool-67-thread-1] INFO  server.RaftServerConfigKeys (ConfUtils.java:logGet(43)) - raft.server.log.appender.install.snapshot.enabled = false (custom)
2019-10-15 22:54:40,181 [pool-67-thread-1] INFO  impl.RaftServerImpl (ServerState.java:<init>(103)) - 3594faa7-d94e-4af2-ab4a-ef22aa79de86@group-D68BB305B344: ConfigurationManager, init=-1: [3594faa7-d94e-4af2-ab4a-ef22aa79de86:192.168.157.213:44254, 8c3b9c04-93ef-45da-955f-d3fc6ab62d67:192.168.157.213:33126, aaf8e68d-5698-433d-8fad-3ccf5c38c15f:192.168.157.213:44112], old=null, confs=<EMPTY_MAP>
2019-10-15 22:54:40,181 [pool-57-thread-1] INFO  impl.RaftServerImpl (RaftServerImpl.java:<init>(95)) - 8c3b9c04-93ef-45da-955f-d3fc6ab62d67: new RaftServerImpl for group-D68BB305B344:[3594faa7-d94e-4af2-ab4a-ef22aa79de86:192.168.157.213:44254, 8c3b9c04-93ef-45da-955f-d3fc6ab62d67:192.168.157.213:33126, aaf8e68d-5698-433d-8fad-3ccf5c38c15f:192.168.157.213:44112] with ContainerStateMachine:uninitialized
2019-10-15 22:54:40,182 [pool-67-thread-1] INFO  server.RaftServerConfigKeys (ConfUtils.java:logGet(43)) - raft.server.storage.dir = [/workdir/hadoop-ozone/integration-test/target/test-dir/MiniOzoneClusterImpl-7c55876f-3f97-4a05-b001-a0c81006d1f8/datanode-4/data/ratis] (custom)
2019-10-15 22:54:40,182 [pool-57-thread-1] INFO  server.RaftServerConfigKeys (ConfUtils.java:logGet(43)) - raft.server.rpc.timeout.min = 5s (custom)
2019-10-15 22:54:40,182 [pool-57-thread-1] INFO  server.RaftServerConfigKeys (ConfUtils.java:logGet(43)) - raft.server.rpc.timeout.max = 5200ms (custom)
2019-10-15 22:54:40,182 [pool-67-thread-1] INFO  server.RaftServerConfigKeys (ConfUtils.java:logGet(43)) - raft.server.log.corruption.policy = EXCEPTION (default)
2019-10-15 22:54:40,182 [pool-57-thread-1] INFO  server.RaftServerConfigKeys (ConfUtils.java:logGet(43)) - raft.server.rpcslowness.timeout = 120s (custom)
2019-10-15 22:54:40,182 [pool-57-thread-1] INFO  server.RaftServerConfigKeys (ConfUtils.java:logGet(43)) - raft.server.sleep.deviation.threshold = 300 (default)
2019-10-15 22:54:40,182 [pool-67-thread-1] INFO  storage.RaftStorageDirectory (RaftStorageDirectory.java:analyzeStorage(246)) - The storage directory /workdir/hadoop-ozone/integration-test/target/test-dir/MiniOzoneClusterImpl-7c55876f-3f97-4a05-b001-a0c81006d1f8/datanode-4/data/ratis/c61dba92-6ac7-4fb2-b75d-d68bb305b344 does not exist. Creating ...
2019-10-15 22:54:40,182 [pool-57-thread-1] INFO  server.RaftServerConfigKeys (ConfUtils.java:logGet(43)) - raft.server.log.appender.install.snapshot.enabled = false (custom)
2019-10-15 22:54:40,183 [pool-57-thread-1] INFO  impl.RaftServerImpl (ServerState.java:<init>(103)) - 8c3b9c04-93ef-45da-955f-d3fc6ab62d67@group-D68BB305B344: ConfigurationManager, init=-1: [3594faa7-d94e-4af2-ab4a-ef22aa79de86:192.168.157.213:44254, 8c3b9c04-93ef-45da-955f-d3fc6ab62d67:192.168.157.213:33126, aaf8e68d-5698-433d-8fad-3ccf5c38c15f:192.168.157.213:44112], old=null, confs=<EMPTY_MAP>
2019-10-15 22:54:40,183 [pool-57-thread-1] INFO  server.RaftServerConfigKeys (ConfUtils.java:logGet(43)) - raft.server.storage.dir = [/workdir/hadoop-ozone/integration-test/target/test-dir/MiniOzoneClusterImpl-7c55876f-3f97-4a05-b001-a0c81006d1f8/datanode-3/data/ratis] (custom)
2019-10-15 22:54:40,183 [pool-57-thread-1] INFO  server.RaftServerConfigKeys (ConfUtils.java:logGet(43)) - raft.server.log.corruption.policy = EXCEPTION (default)
2019-10-15 22:54:40,184 [pool-57-thread-1] INFO  storage.RaftStorageDirectory (RaftStorageDirectory.java:analyzeStorage(246)) - The storage directory /workdir/hadoop-ozone/integration-test/target/test-dir/MiniOzoneClusterImpl-7c55876f-3f97-4a05-b001-a0c81006d1f8/datanode-3/data/ratis/c61dba92-6ac7-4fb2-b75d-d68bb305b344 does not exist. Creating ...
2019-10-15 22:54:40,194 [pool-87-thread-1] INFO  storage.RaftStorageDirectory (RaftStorageDirectory.java:tryLock(328)) - Lock on /workdir/hadoop-ozone/integration-test/target/test-dir/MiniOzoneClusterImpl-7c55876f-3f97-4a05-b001-a0c81006d1f8/datanode-6/data/ratis/c61dba92-6ac7-4fb2-b75d-d68bb305b344/in_use.lock acquired by nodename 7273@pr-hdds-2221-lrjgr-1037302595
2019-10-15 22:54:40,194 [pool-57-thread-1] INFO  storage.RaftStorageDirectory (RaftStorageDirectory.java:tryLock(328)) - Lock on /workdir/hadoop-ozone/integration-test/target/test-dir/MiniOzoneClusterImpl-7c55876f-3f97-4a05-b001-a0c81006d1f8/datanode-3/data/ratis/c61dba92-6ac7-4fb2-b75d-d68bb305b344/in_use.lock acquired by nodename 7273@pr-hdds-2221-lrjgr-1037302595
2019-10-15 22:54:40,194 [pool-67-thread-1] INFO  storage.RaftStorageDirectory (RaftStorageDirectory.java:tryLock(328)) - Lock on /workdir/hadoop-ozone/integration-test/target/test-dir/MiniOzoneClusterImpl-7c55876f-3f97-4a05-b001-a0c81006d1f8/datanode-4/data/ratis/c61dba92-6ac7-4fb2-b75d-d68bb305b344/in_use.lock acquired by nodename 7273@pr-hdds-2221-lrjgr-1037302595
2019-10-15 22:54:40,208 [pool-87-thread-1] INFO  storage.RaftStorage (RaftStorage.java:format(84)) - Storage directory /workdir/hadoop-ozone/integration-test/target/test-dir/MiniOzoneClusterImpl-7c55876f-3f97-4a05-b001-a0c81006d1f8/datanode-6/data/ratis/c61dba92-6ac7-4fb2-b75d-d68bb305b344 has been successfully formatted.
2019-10-15 22:54:40,208 [pool-57-thread-1] INFO  storage.RaftStorage (RaftStorage.java:format(84)) - Storage directory /workdir/hadoop-ozone/integration-test/target/test-dir/MiniOzoneClusterImpl-7c55876f-3f97-4a05-b001-a0c81006d1f8/datanode-3/data/ratis/c61dba92-6ac7-4fb2-b75d-d68bb305b344 has been successfully formatted.
2019-10-15 22:54:40,208 [pool-67-thread-1] INFO  storage.RaftStorage (RaftStorage.java:format(84)) - Storage directory /workdir/hadoop-ozone/integration-test/target/test-dir/MiniOzoneClusterImpl-7c55876f-3f97-4a05-b001-a0c81006d1f8/datanode-4/data/ratis/c61dba92-6ac7-4fb2-b75d-d68bb305b344 has been successfully formatted.
2019-10-15 22:54:40,208 [pool-87-thread-1] INFO  ratis.ContainerStateMachine (ContainerStateMachine.java:loadSnapshot(231)) - group-D68BB305B344: The snapshot info is null. Setting the last applied indexto:(t:0, i:~)
2019-10-15 22:54:40,208 [pool-57-thread-1] INFO  ratis.ContainerStateMachine (ContainerStateMachine.java:loadSnapshot(231)) - group-D68BB305B344: The snapshot info is null. Setting the last applied indexto:(t:0, i:~)
2019-10-15 22:54:40,208 [pool-67-thread-1] INFO  ratis.ContainerStateMachine (ContainerStateMachine.java:loadSnapshot(231)) - group-D68BB305B344: The snapshot info is null. Setting the last applied indexto:(t:0, i:~)
2019-10-15 22:54:40,208 [pool-87-thread-1] INFO  server.RaftServerConfigKeys (ConfUtils.java:logGet(43)) - raft.server.notification.no-leader.timeout = 120s (custom)
2019-10-15 22:54:40,209 [pool-57-thread-1] INFO  server.RaftServerConfigKeys (ConfUtils.java:logGet(43)) - raft.server.notification.no-leader.timeout = 120s (custom)
2019-10-15 22:54:40,209 [pool-67-thread-1] INFO  server.RaftServerConfigKeys (ConfUtils.java:logGet(43)) - raft.server.notification.no-leader.timeout = 120s (custom)
2019-10-15 22:54:40,209 [pool-57-thread-1] INFO  server.RaftServerConfigKeys (ConfUtils.java:logGet(43)) - raft.server.log.use.memory = false (default)
2019-10-15 22:54:40,209 [pool-87-thread-1] INFO  server.RaftServerConfigKeys (ConfUtils.java:logGet(43)) - raft.server.log.use.memory = false (default)
2019-10-15 22:54:40,209 [pool-57-thread-1] INFO  server.RaftServerConfigKeys (ConfUtils.java:logGet(43)) - raft.server.log.purge.gap = 1000000 (custom)
2019-10-15 22:54:40,209 [pool-67-thread-1] INFO  server.RaftServerConfigKeys (ConfUtils.java:logGet(43)) - raft.server.log.use.memory = false (default)
2019-10-15 22:54:40,209 [pool-57-thread-1] INFO  server.RaftServerConfigKeys (ConfUtils.java:logGet(43)) - raft.server.log.appender.buffer.byte-limit = 33554432 (custom)
2019-10-15 22:54:40,209 [pool-87-thread-1] INFO  server.RaftServerConfigKeys (ConfUtils.java:logGet(43)) - raft.server.log.purge.gap = 1000000 (custom)
2019-10-15 22:54:40,210 [pool-57-thread-1] INFO  server.RaftServerConfigKeys (ConfUtils.java:logGet(43)) - raft.server.log.segment.size.max = 1048576 (custom)
2019-10-15 22:54:40,209 [pool-67-thread-1] INFO  server.RaftServerConfigKeys (ConfUtils.java:logGet(43)) - raft.server.log.purge.gap = 1000000 (custom)
2019-10-15 22:54:40,210 [pool-87-thread-1] INFO  server.RaftServerConfigKeys (ConfUtils.java:logGet(43)) - raft.server.log.appender.buffer.byte-limit = 33554432 (custom)
2019-10-15 22:54:40,210 [pool-67-thread-1] INFO  server.RaftServerConfigKeys (ConfUtils.java:logGet(43)) - raft.server.log.appender.buffer.byte-limit = 33554432 (custom)
2019-10-15 22:54:40,210 [pool-57-thread-1] INFO  server.RaftServerConfigKeys (ConfUtils.java:logGet(43)) - raft.server.log.segment.cache.num.max = 2 (custom)
2019-10-15 22:54:40,210 [pool-67-thread-1] INFO  server.RaftServerConfigKeys (ConfUtils.java:logGet(43)) - raft.server.log.segment.size.max = 1048576 (custom)
2019-10-15 22:54:40,210 [pool-87-thread-1] INFO  server.RaftServerConfigKeys (ConfUtils.java:logGet(43)) - raft.server.log.segment.size.max = 1048576 (custom)
2019-10-15 22:54:40,210 [pool-67-thread-1] INFO  server.RaftServerConfigKeys (ConfUtils.java:logGet(43)) - raft.server.log.segment.cache.num.max = 2 (custom)
2019-10-15 22:54:40,211 [pool-87-thread-1] INFO  server.RaftServerConfigKeys (ConfUtils.java:logGet(43)) - raft.server.log.segment.cache.num.max = 2 (custom)
2019-10-15 22:54:40,210 [pool-57-thread-1] INFO  segmented.SegmentedRaftLogWorker (SegmentedRaftLogWorker.java:<init>(173)) - new 8c3b9c04-93ef-45da-955f-d3fc6ab62d67@group-D68BB305B344-SegmentedRaftLogWorker for RaftStorage:Storage Directory /workdir/hadoop-ozone/integration-test/target/test-dir/MiniOzoneClusterImpl-7c55876f-3f97-4a05-b001-a0c81006d1f8/datanode-3/data/ratis/c61dba92-6ac7-4fb2-b75d-d68bb305b344
2019-10-15 22:54:40,211 [pool-87-thread-1] INFO  segmented.SegmentedRaftLogWorker (SegmentedRaftLogWorker.java:<init>(173)) - new aaf8e68d-5698-433d-8fad-3ccf5c38c15f@group-D68BB305B344-SegmentedRaftLogWorker for RaftStorage:Storage Directory /workdir/hadoop-ozone/integration-test/target/test-dir/MiniOzoneClusterImpl-7c55876f-3f97-4a05-b001-a0c81006d1f8/datanode-6/data/ratis/c61dba92-6ac7-4fb2-b75d-d68bb305b344
2019-10-15 22:54:40,211 [pool-67-thread-1] INFO  segmented.SegmentedRaftLogWorker (SegmentedRaftLogWorker.java:<init>(173)) - new 3594faa7-d94e-4af2-ab4a-ef22aa79de86@group-D68BB305B344-SegmentedRaftLogWorker for RaftStorage:Storage Directory /workdir/hadoop-ozone/integration-test/target/test-dir/MiniOzoneClusterImpl-7c55876f-3f97-4a05-b001-a0c81006d1f8/datanode-4/data/ratis/c61dba92-6ac7-4fb2-b75d-d68bb305b344
2019-10-15 22:54:40,211 [pool-87-thread-1] INFO  server.RaftServerConfigKeys (ConfUtils.java:logGet(43)) - raft.server.log.queue.byte-limit = 2147483647 (custom)
2019-10-15 22:54:40,211 [pool-57-thread-1] INFO  server.RaftServerConfigKeys (ConfUtils.java:logGet(43)) - raft.server.log.queue.byte-limit = 2147483647 (custom)
2019-10-15 22:54:40,211 [pool-87-thread-1] INFO  server.RaftServerConfigKeys (ConfUtils.java:logGet(43)) - raft.server.log.queue.element-limit = 1024 (custom)
2019-10-15 22:54:40,211 [pool-67-thread-1] INFO  server.RaftServerConfigKeys (ConfUtils.java:logGet(43)) - raft.server.log.queue.byte-limit = 2147483647 (custom)
2019-10-15 22:54:40,211 [pool-57-thread-1] INFO  server.RaftServerConfigKeys (ConfUtils.java:logGet(43)) - raft.server.log.queue.element-limit = 1024 (custom)
2019-10-15 22:54:40,212 [pool-87-thread-1] INFO  server.RaftServerConfigKeys (ConfUtils.java:logGet(43)) - raft.server.log.segment.size.max = 1048576 (custom)
2019-10-15 22:54:40,212 [pool-67-thread-1] INFO  server.RaftServerConfigKeys (ConfUtils.java:logGet(43)) - raft.server.log.queue.element-limit = 1024 (custom)
2019-10-15 22:54:40,212 [pool-87-thread-1] INFO  server.RaftServerConfigKeys (ConfUtils.java:logGet(43)) - raft.server.log.preallocated.size = 16384 (custom)
2019-10-15 22:54:40,212 [pool-57-thread-1] INFO  server.RaftServerConfigKeys (ConfUtils.java:logGet(43)) - raft.server.log.segment.size.max = 1048576 (custom)
2019-10-15 22:54:40,212 [pool-87-thread-1] INFO  server.RaftServerConfigKeys (ConfUtils.java:logGet(43)) - raft.server.log.write.buffer.size = 33554432 (custom)
2019-10-15 22:54:40,212 [pool-67-thread-1] INFO  server.RaftServerConfigKeys (ConfUtils.java:logGet(43)) - raft.server.log.segment.size.max = 1048576 (custom)
2019-10-15 22:54:40,212 [pool-87-thread-1] INFO  server.RaftServerConfigKeys (ConfUtils.java:logGet(43)) - raft.server.log.force.sync.num = 128 (default)
2019-10-15 22:54:40,212 [pool-57-thread-1] INFO  server.RaftServerConfigKeys (ConfUtils.java:logGet(43)) - raft.server.log.preallocated.size = 16384 (custom)
2019-10-15 22:54:40,213 [pool-87-thread-1] INFO  server.RaftServerConfigKeys (ConfUtils.java:logGet(43)) - raft.server.log.statemachine.data.sync = true (default)
2019-10-15 22:54:40,212 [pool-67-thread-1] INFO  server.RaftServerConfigKeys (ConfUtils.java:logGet(43)) - raft.server.log.preallocated.size = 16384 (custom)
2019-10-15 22:54:40,213 [pool-87-thread-1] INFO  server.RaftServerConfigKeys (ConfUtils.java:logGet(43)) - raft.server.log.statemachine.data.sync.timeout = 10s (default)
2019-10-15 22:54:40,213 [pool-87-thread-1] INFO  server.RaftServerConfigKeys (ConfUtils.java:logGet(43)) - raft.server.log.statemachine.data.sync.timeout.retry = -1 (default)
2019-10-15 22:54:40,213 [pool-57-thread-1] INFO  server.RaftServerConfigKeys (ConfUtils.java:logGet(43)) - raft.server.log.write.buffer.size = 33554432 (custom)
2019-10-15 22:54:40,213 [pool-67-thread-1] INFO  server.RaftServerConfigKeys (ConfUtils.java:logGet(43)) - raft.server.log.write.buffer.size = 33554432 (custom)
2019-10-15 22:54:40,214 [pool-57-thread-1] INFO  server.RaftServerConfigKeys (ConfUtils.java:logGet(43)) - raft.server.log.force.sync.num = 128 (default)
2019-10-15 22:54:40,213 [pool-87-thread-1] INFO  server.RaftServerConfigKeys (ConfUtils.java:logGet(43)) - raft.server.log.statemachine.data.caching.enabled = true (custom)
2019-10-15 22:54:40,214 [pool-57-thread-1] INFO  server.RaftServerConfigKeys (ConfUtils.java:logGet(43)) - raft.server.log.statemachine.data.sync = true (default)
2019-10-15 22:54:40,214 [pool-67-thread-1] INFO  server.RaftServerConfigKeys (ConfUtils.java:logGet(43)) - raft.server.log.force.sync.num = 128 (default)
2019-10-15 22:54:40,214 [pool-57-thread-1] INFO  server.RaftServerConfigKeys (ConfUtils.java:logGet(43)) - raft.server.log.statemachine.data.sync.timeout = 10s (default)
2019-10-15 22:54:40,214 [pool-87-thread-1] INFO  segmented.SegmentedRaftLogWorker (SegmentedRaftLogWorker.java:lambda$new$0(128)) - aaf8e68d-5698-433d-8fad-3ccf5c38c15f@group-D68BB305B344-SegmentedRaftLogWorker: flushIndex: setUnconditionally 0 -> -1
2019-10-15 22:54:40,214 [pool-57-thread-1] INFO  server.RaftServerConfigKeys (ConfUtils.java:logGet(43)) - raft.server.log.statemachine.data.sync.timeout.retry = -1 (default)
2019-10-15 22:54:40,214 [pool-67-thread-1] INFO  server.RaftServerConfigKeys (ConfUtils.java:logGet(43)) - raft.server.log.statemachine.data.sync = true (default)
2019-10-15 22:54:40,219 [pool-87-thread-1] INFO  server.RaftServerConfigKeys (ConfUtils.java:logGet(43)) - raft.server.snapshot.auto.trigger.enabled = true (custom)
2019-10-15 22:54:40,219 [pool-57-thread-1] INFO  server.RaftServerConfigKeys (ConfUtils.java:logGet(43)) - raft.server.log.statemachine.data.caching.enabled = true (custom)
2019-10-15 22:54:40,219 [pool-67-thread-1] INFO  server.RaftServerConfigKeys (ConfUtils.java:logGet(43)) - raft.server.log.statemachine.data.sync.timeout = 10s (default)
2019-10-15 22:54:40,219 [pool-87-thread-1] INFO  server.RaftServerConfigKeys (ConfUtils.java:logGet(43)) - raft.server.snapshot.auto.trigger.threshold = 10000 (custom)
2019-10-15 22:54:40,220 [pool-87-thread-1] INFO  server.RaftServerConfigKeys (ConfUtils.java:logGet(43)) - raft.server.snapshot.retention.file.num = 5 (custom)
2019-10-15 22:54:40,220 [pool-57-thread-1] INFO  segmented.SegmentedRaftLogWorker (SegmentedRaftLogWorker.java:lambda$new$0(128)) - 8c3b9c04-93ef-45da-955f-d3fc6ab62d67@group-D68BB305B344-SegmentedRaftLogWorker: flushIndex: setUnconditionally 0 -> -1
2019-10-15 22:54:40,220 [pool-67-thread-1] INFO  server.RaftServerConfigKeys (ConfUtils.java:logGet(43)) - raft.server.log.statemachine.data.sync.timeout.retry = -1 (default)
2019-10-15 22:54:40,220 [pool-87-thread-1] INFO  server.RaftServerConfigKeys (ConfUtils.java:logGet(43)) - raft.server.retrycache.expirytime = 600000ms (custom)
2019-10-15 22:54:40,220 [pool-57-thread-1] INFO  server.RaftServerConfigKeys (ConfUtils.java:logGet(43)) - raft.server.snapshot.auto.trigger.enabled = true (custom)
2019-10-15 22:54:40,220 [pool-67-thread-1] INFO  server.RaftServerConfigKeys (ConfUtils.java:logGet(43)) - raft.server.log.statemachine.data.caching.enabled = true (custom)
2019-10-15 22:54:40,221 [pool-57-thread-1] INFO  server.RaftServerConfigKeys (ConfUtils.java:logGet(43)) - raft.server.snapshot.auto.trigger.threshold = 10000 (custom)
2019-10-15 22:54:40,221 [pool-67-thread-1] INFO  segmented.SegmentedRaftLogWorker (SegmentedRaftLogWorker.java:lambda$new$0(128)) - 3594faa7-d94e-4af2-ab4a-ef22aa79de86@group-D68BB305B344-SegmentedRaftLogWorker: flushIndex: setUnconditionally 0 -> -1
2019-10-15 22:54:40,221 [pool-57-thread-1] INFO  server.RaftServerConfigKeys (ConfUtils.java:logGet(43)) - raft.server.snapshot.retention.file.num = 5 (custom)
2019-10-15 22:54:40,221 [pool-67-thread-1] INFO  server.RaftServerConfigKeys (ConfUtils.java:logGet(43)) - raft.server.snapshot.auto.trigger.enabled = true (custom)
2019-10-15 22:54:40,221 [pool-57-thread-1] INFO  server.RaftServerConfigKeys (ConfUtils.java:logGet(43)) - raft.server.retrycache.expirytime = 600000ms (custom)
2019-10-15 22:54:40,221 [pool-67-thread-1] INFO  server.RaftServerConfigKeys (ConfUtils.java:logGet(43)) - raft.server.snapshot.auto.trigger.threshold = 10000 (custom)
2019-10-15 22:54:40,221 [pool-67-thread-1] INFO  server.RaftServerConfigKeys (ConfUtils.java:logGet(43)) - raft.server.snapshot.retention.file.num = 5 (custom)
2019-10-15 22:54:40,222 [pool-67-thread-1] INFO  server.RaftServerConfigKeys (ConfUtils.java:logGet(43)) - raft.server.retrycache.expirytime = 600000ms (custom)
2019-10-15 22:54:40,223 [pool-87-thread-1] INFO  impl.RaftServerImpl (RaftServerImpl.java:start(181)) - aaf8e68d-5698-433d-8fad-3ccf5c38c15f@group-D68BB305B344: start as a follower, conf=-1: [3594faa7-d94e-4af2-ab4a-ef22aa79de86:192.168.157.213:44254, 8c3b9c04-93ef-45da-955f-d3fc6ab62d67:192.168.157.213:33126, aaf8e68d-5698-433d-8fad-3ccf5c38c15f:192.168.157.213:44112], old=null
2019-10-15 22:54:40,223 [pool-87-thread-1] INFO  impl.RaftServerImpl (RaftServerImpl.java:setRole(170)) - aaf8e68d-5698-433d-8fad-3ccf5c38c15f@group-D68BB305B344: changes role from      null to FOLLOWER at term 0 for startAsFollower
2019-10-15 22:54:40,224 [pool-87-thread-1] INFO  impl.RoleInfo (RoleInfo.java:updateAndGet(143)) - aaf8e68d-5698-433d-8fad-3ccf5c38c15f: start FollowerState
2019-10-15 22:54:40,224 [pool-87-thread-1] INFO  util.JmxRegister (JmxRegister.java:tryRegister(44)) - Successfully registered JMX Bean with object name Ratis:service=RaftServer,group=group-D68BB305B344,id=aaf8e68d-5698-433d-8fad-3ccf5c38c15f
2019-10-15 22:54:40,225 [pool-57-thread-1] INFO  impl.RaftServerImpl (RaftServerImpl.java:start(181)) - 8c3b9c04-93ef-45da-955f-d3fc6ab62d67@group-D68BB305B344: start as a follower, conf=-1: [3594faa7-d94e-4af2-ab4a-ef22aa79de86:192.168.157.213:44254, 8c3b9c04-93ef-45da-955f-d3fc6ab62d67:192.168.157.213:33126, aaf8e68d-5698-433d-8fad-3ccf5c38c15f:192.168.157.213:44112], old=null
2019-10-15 22:54:40,226 [pool-67-thread-1] INFO  impl.RaftServerImpl (RaftServerImpl.java:start(181)) - 3594faa7-d94e-4af2-ab4a-ef22aa79de86@group-D68BB305B344: start as a follower, conf=-1: [3594faa7-d94e-4af2-ab4a-ef22aa79de86:192.168.157.213:44254, 8c3b9c04-93ef-45da-955f-d3fc6ab62d67:192.168.157.213:33126, aaf8e68d-5698-433d-8fad-3ccf5c38c15f:192.168.157.213:44112], old=null
2019-10-15 22:54:40,226 [pool-57-thread-1] INFO  impl.RaftServerImpl (RaftServerImpl.java:setRole(170)) - 8c3b9c04-93ef-45da-955f-d3fc6ab62d67@group-D68BB305B344: changes role from      null to FOLLOWER at term 0 for startAsFollower
2019-10-15 22:54:40,226 [pool-67-thread-1] INFO  impl.RaftServerImpl (RaftServerImpl.java:setRole(170)) - 3594faa7-d94e-4af2-ab4a-ef22aa79de86@group-D68BB305B344: changes role from      null to FOLLOWER at term 0 for startAsFollower
2019-10-15 22:54:40,226 [pool-57-thread-1] INFO  impl.RoleInfo (RoleInfo.java:updateAndGet(143)) - 8c3b9c04-93ef-45da-955f-d3fc6ab62d67: start FollowerState
2019-10-15 22:54:40,226 [pool-67-thread-1] INFO  impl.RoleInfo (RoleInfo.java:updateAndGet(143)) - 3594faa7-d94e-4af2-ab4a-ef22aa79de86: start FollowerState
2019-10-15 22:54:40,226 [pool-57-thread-1] INFO  util.JmxRegister (JmxRegister.java:tryRegister(44)) - Successfully registered JMX Bean with object name Ratis:service=RaftServer,group=group-D68BB305B344,id=8c3b9c04-93ef-45da-955f-d3fc6ab62d67
2019-10-15 22:54:40,227 [pool-67-thread-1] INFO  util.JmxRegister (JmxRegister.java:tryRegister(44)) - Successfully registered JMX Bean with object name Ratis:service=RaftServer,group=group-D68BB305B344,id=3594faa7-d94e-4af2-ab4a-ef22aa79de86
2019-10-15 22:54:40,248 [RatisPipelineUtilsThread] INFO  pipeline.PipelineStateManager (PipelineStateManager.java:addPipeline(56)) - Created pipeline Pipeline[ Id: c61dba92-6ac7-4fb2-b75d-d68bb305b344, Nodes: aaf8e68d-5698-433d-8fad-3ccf5c38c15f{ip: 192.168.157.213, host: pr-hdds-2221-lrjgr-1037302595, networkLocation: /default-rack, certSerialId: null}8c3b9c04-93ef-45da-955f-d3fc6ab62d67{ip: 192.168.157.213, host: pr-hdds-2221-lrjgr-1037302595, networkLocation: /default-rack, certSerialId: null}3594faa7-d94e-4af2-ab4a-ef22aa79de86{ip: 192.168.157.213, host: pr-hdds-2221-lrjgr-1037302595, networkLocation: /default-rack, certSerialId: null}, Type:RATIS, Factor:THREE, State:OPEN]
2019-10-15 22:54:40,760 [main] INFO  rpc.RpcClient (RpcClient.java:createVolume(272)) - Creating Volume: testblockoutputstream, with jenkins1000 as owner.
2019-10-15 22:54:41,133 [IPC Server handler 0 on 38780] INFO  volume.OMVolumeCreateRequest (OMVolumeCreateRequest.java:validateAndUpdateCache(193)) - created volume:testblockoutputstream for user:jenkins1000
2019-10-15 22:54:41,192 [main] INFO  rpc.RpcClient (RpcClient.java:createBucket(411)) - Creating Bucket: testblockoutputstream/testblockoutputstream, with Versioning false and Storage Type set to DISK and Encryption set to false 
2019-10-15 22:54:41,216 [main] INFO  impl.MetricsSystemImpl (MetricsSystemImpl.java:init(158)) - XceiverClientMetrics metrics system started (again)
2019-10-15 22:54:41,725 [Thread-238] INFO  container.ReplicationManager (ReplicationManager.java:start(162)) - Starting Replication Monitor Thread.
2019-10-15 22:54:41,729 [ReplicationMonitor] INFO  container.ReplicationManager (ReplicationManager.java:run(225)) - Replication Monitor Thread took 3 milliseconds for processing 1 containers.
2019-10-15 22:54:44,484 [Thread-240] INFO  impl.FollowerState (FollowerState.java:run(108)) - dd65dd0a-dda8-47db-b4b1-a946d688cbb0@group-61984DC9825B-FollowerState: change to CANDIDATE, lastRpcTime:5033ms, electionTimeout:5032ms
2019-10-15 22:54:44,489 [Thread-240] INFO  impl.RoleInfo (RoleInfo.java:shutdownFollowerState(121)) - dd65dd0a-dda8-47db-b4b1-a946d688cbb0: shutdown FollowerState
2019-10-15 22:54:44,489 [Thread-240] INFO  impl.RaftServerImpl (RaftServerImpl.java:setRole(170)) - dd65dd0a-dda8-47db-b4b1-a946d688cbb0@group-61984DC9825B: changes role from  FOLLOWER to CANDIDATE at term 0 for changeToCandidate
2019-10-15 22:54:44,495 [Thread-240] INFO  impl.RoleInfo (RoleInfo.java:updateAndGet(143)) - dd65dd0a-dda8-47db-b4b1-a946d688cbb0: start LeaderElection
2019-10-15 22:54:44,513 [dd65dd0a-dda8-47db-b4b1-a946d688cbb0@group-61984DC9825B-LeaderElection1] INFO  impl.LeaderElection (LeaderElection.java:askForVotes(178)) - dd65dd0a-dda8-47db-b4b1-a946d688cbb0@group-61984DC9825B-LeaderElection1: begin an election at term 1 for -1: [dd65dd0a-dda8-47db-b4b1-a946d688cbb0:192.168.157.213:36412], old=null
2019-10-15 22:54:44,515 [dd65dd0a-dda8-47db-b4b1-a946d688cbb0@group-61984DC9825B-LeaderElection1] INFO  impl.RoleInfo (RoleInfo.java:shutdownLeaderElection(134)) - dd65dd0a-dda8-47db-b4b1-a946d688cbb0: shutdown LeaderElection
2019-10-15 22:54:44,515 [dd65dd0a-dda8-47db-b4b1-a946d688cbb0@group-61984DC9825B-LeaderElection1] INFO  impl.RaftServerImpl (RaftServerImpl.java:setRole(170)) - dd65dd0a-dda8-47db-b4b1-a946d688cbb0@group-61984DC9825B: changes role from CANDIDATE to LEADER at term 1 for changeToLeader
2019-10-15 22:54:44,516 [dd65dd0a-dda8-47db-b4b1-a946d688cbb0@group-61984DC9825B-LeaderElection1] INFO  impl.RaftServerImpl (ServerState.java:setLeader(255)) - dd65dd0a-dda8-47db-b4b1-a946d688cbb0@group-61984DC9825B: change Leader from null to dd65dd0a-dda8-47db-b4b1-a946d688cbb0 at term 1 for becomeLeader, leader elected after 5197ms
2019-10-15 22:54:44,523 [dd65dd0a-dda8-47db-b4b1-a946d688cbb0@group-61984DC9825B-LeaderElection1] INFO  server.RaftServerConfigKeys (ConfUtils.java:logGet(43)) - raft.server.staging.catchup.gap = 1000 (default)
2019-10-15 22:54:44,523 [dd65dd0a-dda8-47db-b4b1-a946d688cbb0@group-61984DC9825B-LeaderElection1] INFO  server.RaftServerConfigKeys (ConfUtils.java:logGet(43)) - raft.server.rpc.sleep.time = 25ms (default)
2019-10-15 22:54:44,528 [dd65dd0a-dda8-47db-b4b1-a946d688cbb0@group-61984DC9825B-LeaderElection1] INFO  server.RaftServerConfigKeys (ConfUtils.java:logGet(43)) - raft.server.write.element-limit = 4096 (default)
2019-10-15 22:54:44,531 [dd65dd0a-dda8-47db-b4b1-a946d688cbb0@group-61984DC9825B-LeaderElection1] INFO  server.RaftServerConfigKeys (ConfUtils.java:logGet(43)) - raft.server.watch.timeout = 10s (default)
2019-10-15 22:54:44,531 [dd65dd0a-dda8-47db-b4b1-a946d688cbb0@group-61984DC9825B-LeaderElection1] INFO  server.RaftServerConfigKeys (ConfUtils.java:logGet(43)) - raft.server.watch.timeout.denomination = 1s (default)
2019-10-15 22:54:44,532 [dd65dd0a-dda8-47db-b4b1-a946d688cbb0@group-61984DC9825B-LeaderElection1] INFO  server.RaftServerConfigKeys (ConfUtils.java:logGet(43)) - raft.server.watch.element-limit = 65536 (default)
2019-10-15 22:54:44,543 [dd65dd0a-dda8-47db-b4b1-a946d688cbb0@group-61984DC9825B-LeaderElection1] INFO  impl.RoleInfo (RoleInfo.java:updateAndGet(143)) - dd65dd0a-dda8-47db-b4b1-a946d688cbb0: start LeaderState
2019-10-15 22:54:44,579 [dd65dd0a-dda8-47db-b4b1-a946d688cbb0@group-61984DC9825B-LeaderElection1] INFO  segmented.SegmentedRaftLogWorker (SegmentedRaftLogWorker.java:startLogSegment(385)) - dd65dd0a-dda8-47db-b4b1-a946d688cbb0@group-61984DC9825B-SegmentedRaftLogWorker: Starting segment from index:0
2019-10-15 22:54:44,589 [dd65dd0a-dda8-47db-b4b1-a946d688cbb0@group-61984DC9825B-LeaderElection1] INFO  impl.RaftServerImpl (ServerState.java:setRaftConf(356)) - dd65dd0a-dda8-47db-b4b1-a946d688cbb0@group-61984DC9825B: set configuration 0: [dd65dd0a-dda8-47db-b4b1-a946d688cbb0:192.168.157.213:36412], old=null at 0
2019-10-15 22:54:44,645 [Thread-243] INFO  impl.FollowerState (FollowerState.java:run(108)) - f7aee2ed-06bf-4aad-8464-c585c97c108e@group-B26037BDBBC1-FollowerState: change to CANDIDATE, lastRpcTime:5012ms, electionTimeout:5011ms
2019-10-15 22:54:44,646 [Thread-243] INFO  impl.RoleInfo (RoleInfo.java:shutdownFollowerState(121)) - f7aee2ed-06bf-4aad-8464-c585c97c108e: shutdown FollowerState
2019-10-15 22:54:44,646 [Thread-243] INFO  impl.RaftServerImpl (RaftServerImpl.java:setRole(170)) - f7aee2ed-06bf-4aad-8464-c585c97c108e@group-B26037BDBBC1: changes role from  FOLLOWER to CANDIDATE at term 0 for changeToCandidate
2019-10-15 22:54:44,647 [Thread-243] INFO  impl.RoleInfo (RoleInfo.java:updateAndGet(143)) - f7aee2ed-06bf-4aad-8464-c585c97c108e: start LeaderElection
2019-10-15 22:54:44,663 [f7aee2ed-06bf-4aad-8464-c585c97c108e@group-B26037BDBBC1-LeaderElection2] INFO  impl.LeaderElection (LeaderElection.java:askForVotes(178)) - f7aee2ed-06bf-4aad-8464-c585c97c108e@group-B26037BDBBC1-LeaderElection2: begin an election at term 1 for -1: [f7aee2ed-06bf-4aad-8464-c585c97c108e:192.168.157.213:46362], old=null
2019-10-15 22:54:44,670 [f7aee2ed-06bf-4aad-8464-c585c97c108e@group-B26037BDBBC1-LeaderElection2] INFO  impl.RoleInfo (RoleInfo.java:shutdownLeaderElection(134)) - f7aee2ed-06bf-4aad-8464-c585c97c108e: shutdown LeaderElection
2019-10-15 22:54:44,670 [f7aee2ed-06bf-4aad-8464-c585c97c108e@group-B26037BDBBC1-LeaderElection2] INFO  impl.RaftServerImpl (RaftServerImpl.java:setRole(170)) - f7aee2ed-06bf-4aad-8464-c585c97c108e@group-B26037BDBBC1: changes role from CANDIDATE to LEADER at term 1 for changeToLeader
2019-10-15 22:54:44,670 [f7aee2ed-06bf-4aad-8464-c585c97c108e@group-B26037BDBBC1-LeaderElection2] INFO  impl.RaftServerImpl (ServerState.java:setLeader(255)) - f7aee2ed-06bf-4aad-8464-c585c97c108e@group-B26037BDBBC1: change Leader from null to f7aee2ed-06bf-4aad-8464-c585c97c108e at term 1 for becomeLeader, leader elected after 5057ms
2019-10-15 22:54:44,672 [f7aee2ed-06bf-4aad-8464-c585c97c108e@group-B26037BDBBC1-LeaderElection2] INFO  server.RaftServerConfigKeys (ConfUtils.java:logGet(43)) - raft.server.staging.catchup.gap = 1000 (default)
2019-10-15 22:54:44,672 [f7aee2ed-06bf-4aad-8464-c585c97c108e@group-B26037BDBBC1-LeaderElection2] INFO  server.RaftServerConfigKeys (ConfUtils.java:logGet(43)) - raft.server.rpc.sleep.time = 25ms (default)
2019-10-15 22:54:44,672 [f7aee2ed-06bf-4aad-8464-c585c97c108e@group-B26037BDBBC1-LeaderElection2] INFO  server.RaftServerConfigKeys (ConfUtils.java:logGet(43)) - raft.server.write.element-limit = 4096 (default)
2019-10-15 22:54:44,672 [f7aee2ed-06bf-4aad-8464-c585c97c108e@group-B26037BDBBC1-LeaderElection2] INFO  server.RaftServerConfigKeys (ConfUtils.java:logGet(43)) - raft.server.watch.timeout = 10s (default)
2019-10-15 22:54:44,673 [f7aee2ed-06bf-4aad-8464-c585c97c108e@group-B26037BDBBC1-LeaderElection2] INFO  server.RaftServerConfigKeys (ConfUtils.java:logGet(43)) - raft.server.watch.timeout.denomination = 1s (default)
2019-10-15 22:54:44,673 [f7aee2ed-06bf-4aad-8464-c585c97c108e@group-B26037BDBBC1-LeaderElection2] INFO  server.RaftServerConfigKeys (ConfUtils.java:logGet(43)) - raft.server.watch.element-limit = 65536 (default)
2019-10-15 22:54:44,676 [f7aee2ed-06bf-4aad-8464-c585c97c108e@group-B26037BDBBC1-LeaderElection2] INFO  impl.RoleInfo (RoleInfo.java:updateAndGet(143)) - f7aee2ed-06bf-4aad-8464-c585c97c108e: start LeaderState
2019-10-15 22:54:44,676 [f7aee2ed-06bf-4aad-8464-c585c97c108e@group-B26037BDBBC1-LeaderElection2] INFO  segmented.SegmentedRaftLogWorker (SegmentedRaftLogWorker.java:startLogSegment(385)) - f7aee2ed-06bf-4aad-8464-c585c97c108e@group-B26037BDBBC1-SegmentedRaftLogWorker: Starting segment from index:0
2019-10-15 22:54:44,677 [f7aee2ed-06bf-4aad-8464-c585c97c108e@group-B26037BDBBC1-LeaderElection2] INFO  impl.RaftServerImpl (ServerState.java:setRaftConf(356)) - f7aee2ed-06bf-4aad-8464-c585c97c108e@group-B26037BDBBC1: set configuration 0: [f7aee2ed-06bf-4aad-8464-c585c97c108e:192.168.157.213:46362], old=null at 0
2019-10-15 22:54:44,746 [dd65dd0a-dda8-47db-b4b1-a946d688cbb0@group-61984DC9825B-SegmentedRaftLogWorker] INFO  segmented.SegmentedRaftLogWorker (SegmentedRaftLogWorker.java:execute(574)) - dd65dd0a-dda8-47db-b4b1-a946d688cbb0@group-61984DC9825B-SegmentedRaftLogWorker: created new log segment /workdir/hadoop-ozone/integration-test/target/test-dir/MiniOzoneClusterImpl-7c55876f-3f97-4a05-b001-a0c81006d1f8/datanode-0/data/ratis/0127c1bf-529f-421d-8dfe-61984dc9825b/current/log_inprogress_0
2019-10-15 22:54:44,746 [f7aee2ed-06bf-4aad-8464-c585c97c108e@group-B26037BDBBC1-SegmentedRaftLogWorker] INFO  segmented.SegmentedRaftLogWorker (SegmentedRaftLogWorker.java:execute(574)) - f7aee2ed-06bf-4aad-8464-c585c97c108e@group-B26037BDBBC1-SegmentedRaftLogWorker: created new log segment /workdir/hadoop-ozone/integration-test/target/test-dir/MiniOzoneClusterImpl-7c55876f-3f97-4a05-b001-a0c81006d1f8/datanode-2/data/ratis/e935c267-93a3-41cb-97fe-b26037bdbbc1/current/log_inprogress_0
2019-10-15 22:54:44,922 [Thread-249] INFO  impl.FollowerState (FollowerState.java:run(108)) - aaf8e68d-5698-433d-8fad-3ccf5c38c15f@group-346DAD935C6A-FollowerState: change to CANDIDATE, lastRpcTime:5101ms, electionTimeout:5101ms
2019-10-15 22:54:44,923 [Thread-249] INFO  impl.RoleInfo (RoleInfo.java:shutdownFollowerState(121)) - aaf8e68d-5698-433d-8fad-3ccf5c38c15f: shutdown FollowerState
2019-10-15 22:54:44,923 [Thread-249] INFO  impl.RaftServerImpl (RaftServerImpl.java:setRole(170)) - aaf8e68d-5698-433d-8fad-3ccf5c38c15f@group-346DAD935C6A: changes role from  FOLLOWER to CANDIDATE at term 0 for changeToCandidate
2019-10-15 22:54:44,923 [Thread-249] INFO  impl.RoleInfo (RoleInfo.java:updateAndGet(143)) - aaf8e68d-5698-433d-8fad-3ccf5c38c15f: start LeaderElection
2019-10-15 22:54:44,942 [aaf8e68d-5698-433d-8fad-3ccf5c38c15f@group-346DAD935C6A-LeaderElection3] INFO  impl.LeaderElection (LeaderElection.java:askForVotes(178)) - aaf8e68d-5698-433d-8fad-3ccf5c38c15f@group-346DAD935C6A-LeaderElection3: begin an election at term 1 for -1: [aaf8e68d-5698-433d-8fad-3ccf5c38c15f:192.168.157.213:44112], old=null
2019-10-15 22:54:44,942 [aaf8e68d-5698-433d-8fad-3ccf5c38c15f@group-346DAD935C6A-LeaderElection3] INFO  impl.RoleInfo (RoleInfo.java:shutdownLeaderElection(134)) - aaf8e68d-5698-433d-8fad-3ccf5c38c15f: shutdown LeaderElection
2019-10-15 22:54:44,942 [aaf8e68d-5698-433d-8fad-3ccf5c38c15f@group-346DAD935C6A-LeaderElection3] INFO  impl.RaftServerImpl (RaftServerImpl.java:setRole(170)) - aaf8e68d-5698-433d-8fad-3ccf5c38c15f@group-346DAD935C6A: changes role from CANDIDATE to LEADER at term 1 for changeToLeader
2019-10-15 22:54:44,943 [aaf8e68d-5698-433d-8fad-3ccf5c38c15f@group-346DAD935C6A-LeaderElection3] INFO  impl.RaftServerImpl (ServerState.java:setLeader(255)) - aaf8e68d-5698-433d-8fad-3ccf5c38c15f@group-346DAD935C6A: change Leader from null to aaf8e68d-5698-433d-8fad-3ccf5c38c15f at term 1 for becomeLeader, leader elected after 5131ms
2019-10-15 22:54:44,944 [aaf8e68d-5698-433d-8fad-3ccf5c38c15f@group-346DAD935C6A-LeaderElection3] INFO  server.RaftServerConfigKeys (ConfUtils.java:logGet(43)) - raft.server.staging.catchup.gap = 1000 (default)
2019-10-15 22:54:44,944 [aaf8e68d-5698-433d-8fad-3ccf5c38c15f@group-346DAD935C6A-LeaderElection3] INFO  server.RaftServerConfigKeys (ConfUtils.java:logGet(43)) - raft.server.rpc.sleep.time = 25ms (default)
2019-10-15 22:54:44,945 [aaf8e68d-5698-433d-8fad-3ccf5c38c15f@group-346DAD935C6A-LeaderElection3] INFO  server.RaftServerConfigKeys (ConfUtils.java:logGet(43)) - raft.server.write.element-limit = 4096 (default)
2019-10-15 22:54:44,945 [aaf8e68d-5698-433d-8fad-3ccf5c38c15f@group-346DAD935C6A-LeaderElection3] INFO  server.RaftServerConfigKeys (ConfUtils.java:logGet(43)) - raft.server.watch.timeout = 10s (default)
2019-10-15 22:54:44,945 [aaf8e68d-5698-433d-8fad-3ccf5c38c15f@group-346DAD935C6A-LeaderElection3] INFO  server.RaftServerConfigKeys (ConfUtils.java:logGet(43)) - raft.server.watch.timeout.denomination = 1s (default)
2019-10-15 22:54:44,945 [aaf8e68d-5698-433d-8fad-3ccf5c38c15f@group-346DAD935C6A-LeaderElection3] INFO  server.RaftServerConfigKeys (ConfUtils.java:logGet(43)) - raft.server.watch.element-limit = 65536 (default)
2019-10-15 22:54:44,948 [aaf8e68d-5698-433d-8fad-3ccf5c38c15f@group-346DAD935C6A-LeaderElection3] INFO  impl.RoleInfo (RoleInfo.java:updateAndGet(143)) - aaf8e68d-5698-433d-8fad-3ccf5c38c15f: start LeaderState
2019-10-15 22:54:44,948 [Thread-246] INFO  impl.FollowerState (FollowerState.java:run(108)) - 90e6b9eb-7354-4988-958f-34602f50702c@group-80C5124F22C5-FollowerState: change to CANDIDATE, lastRpcTime:5196ms, electionTimeout:5196ms
2019-10-15 22:54:44,948 [aaf8e68d-5698-433d-8fad-3ccf5c38c15f@group-346DAD935C6A-LeaderElection3] INFO  segmented.SegmentedRaftLogWorker (SegmentedRaftLogWorker.java:startLogSegment(385)) - aaf8e68d-5698-433d-8fad-3ccf5c38c15f@group-346DAD935C6A-SegmentedRaftLogWorker: Starting segment from index:0
2019-10-15 22:54:44,948 [Thread-246] INFO  impl.RoleInfo (RoleInfo.java:shutdownFollowerState(121)) - 90e6b9eb-7354-4988-958f-34602f50702c: shutdown FollowerState
2019-10-15 22:54:44,949 [Thread-246] INFO  impl.RaftServerImpl (RaftServerImpl.java:setRole(170)) - 90e6b9eb-7354-4988-958f-34602f50702c@group-80C5124F22C5: changes role from  FOLLOWER to CANDIDATE at term 0 for changeToCandidate
2019-10-15 22:54:44,949 [Thread-246] INFO  impl.RoleInfo (RoleInfo.java:updateAndGet(143)) - 90e6b9eb-7354-4988-958f-34602f50702c: start LeaderElection
2019-10-15 22:54:44,949 [aaf8e68d-5698-433d-8fad-3ccf5c38c15f@group-346DAD935C6A-LeaderElection3] INFO  impl.RaftServerImpl (ServerState.java:setRaftConf(356)) - aaf8e68d-5698-433d-8fad-3ccf5c38c15f@group-346DAD935C6A: set configuration 0: [aaf8e68d-5698-433d-8fad-3ccf5c38c15f:192.168.157.213:44112], old=null at 0
2019-10-15 22:54:44,999 [aaf8e68d-5698-433d-8fad-3ccf5c38c15f@group-346DAD935C6A-SegmentedRaftLogWorker] INFO  segmented.SegmentedRaftLogWorker (SegmentedRaftLogWorker.java:execute(574)) - aaf8e68d-5698-433d-8fad-3ccf5c38c15f@group-346DAD935C6A-SegmentedRaftLogWorker: created new log segment /workdir/hadoop-ozone/integration-test/target/test-dir/MiniOzoneClusterImpl-7c55876f-3f97-4a05-b001-a0c81006d1f8/datanode-6/data/ratis/83c177bb-79fa-4415-9f83-346dad935c6a/current/log_inprogress_0
2019-10-15 22:54:45,000 [90e6b9eb-7354-4988-958f-34602f50702c@group-80C5124F22C5-LeaderElection4] INFO  impl.LeaderElection (LeaderElection.java:askForVotes(178)) - 90e6b9eb-7354-4988-958f-34602f50702c@group-80C5124F22C5-LeaderElection4: begin an election at term 1 for -1: [90e6b9eb-7354-4988-958f-34602f50702c:192.168.157.213:40319], old=null
2019-10-15 22:54:45,001 [90e6b9eb-7354-4988-958f-34602f50702c@group-80C5124F22C5-LeaderElection4] INFO  impl.RoleInfo (RoleInfo.java:shutdownLeaderElection(134)) - 90e6b9eb-7354-4988-958f-34602f50702c: shutdown LeaderElection
2019-10-15 22:54:45,001 [90e6b9eb-7354-4988-958f-34602f50702c@group-80C5124F22C5-LeaderElection4] INFO  impl.RaftServerImpl (RaftServerImpl.java:setRole(170)) - 90e6b9eb-7354-4988-958f-34602f50702c@group-80C5124F22C5: changes role from CANDIDATE to LEADER at term 1 for changeToLeader
2019-10-15 22:54:45,001 [90e6b9eb-7354-4988-958f-34602f50702c@group-80C5124F22C5-LeaderElection4] INFO  impl.RaftServerImpl (ServerState.java:setLeader(255)) - 90e6b9eb-7354-4988-958f-34602f50702c@group-80C5124F22C5: change Leader from null to 90e6b9eb-7354-4988-958f-34602f50702c at term 1 for becomeLeader, leader elected after 5277ms
2019-10-15 22:54:45,003 [Thread-255] INFO  impl.FollowerState (FollowerState.java:run(108)) - 3594faa7-d94e-4af2-ab4a-ef22aa79de86@group-C20954537C79-FollowerState: change to CANDIDATE, lastRpcTime:5035ms, electionTimeout:5034ms
2019-10-15 22:54:45,003 [90e6b9eb-7354-4988-958f-34602f50702c@group-80C5124F22C5-LeaderElection4] INFO  server.RaftServerConfigKeys (ConfUtils.java:logGet(43)) - raft.server.staging.catchup.gap = 1000 (default)
2019-10-15 22:54:45,004 [Thread-255] INFO  impl.RoleInfo (RoleInfo.java:shutdownFollowerState(121)) - 3594faa7-d94e-4af2-ab4a-ef22aa79de86: shutdown FollowerState
2019-10-15 22:54:45,004 [90e6b9eb-7354-4988-958f-34602f50702c@group-80C5124F22C5-LeaderElection4] INFO  server.RaftServerConfigKeys (ConfUtils.java:logGet(43)) - raft.server.rpc.sleep.time = 25ms (default)
2019-10-15 22:54:45,004 [Thread-255] INFO  impl.RaftServerImpl (RaftServerImpl.java:setRole(170)) - 3594faa7-d94e-4af2-ab4a-ef22aa79de86@group-C20954537C79: changes role from  FOLLOWER to CANDIDATE at term 0 for changeToCandidate
2019-10-15 22:54:45,004 [90e6b9eb-7354-4988-958f-34602f50702c@group-80C5124F22C5-LeaderElection4] INFO  server.RaftServerConfigKeys (ConfUtils.java:logGet(43)) - raft.server.write.element-limit = 4096 (default)
2019-10-15 22:54:45,004 [Thread-255] INFO  impl.RoleInfo (RoleInfo.java:updateAndGet(143)) - 3594faa7-d94e-4af2-ab4a-ef22aa79de86: start LeaderElection
2019-10-15 22:54:45,004 [90e6b9eb-7354-4988-958f-34602f50702c@group-80C5124F22C5-LeaderElection4] INFO  server.RaftServerConfigKeys (ConfUtils.java:logGet(43)) - raft.server.watch.timeout = 10s (default)
2019-10-15 22:54:45,004 [90e6b9eb-7354-4988-958f-34602f50702c@group-80C5124F22C5-LeaderElection4] INFO  server.RaftServerConfigKeys (ConfUtils.java:logGet(43)) - raft.server.watch.timeout.denomination = 1s (default)
2019-10-15 22:54:45,005 [90e6b9eb-7354-4988-958f-34602f50702c@group-80C5124F22C5-LeaderElection4] INFO  server.RaftServerConfigKeys (ConfUtils.java:logGet(43)) - raft.server.watch.element-limit = 65536 (default)
2019-10-15 22:54:45,011 [90e6b9eb-7354-4988-958f-34602f50702c@group-80C5124F22C5-LeaderElection4] INFO  impl.RoleInfo (RoleInfo.java:updateAndGet(143)) - 90e6b9eb-7354-4988-958f-34602f50702c: start LeaderState
2019-10-15 22:54:45,011 [90e6b9eb-7354-4988-958f-34602f50702c@group-80C5124F22C5-LeaderElection4] INFO  segmented.SegmentedRaftLogWorker (SegmentedRaftLogWorker.java:startLogSegment(385)) - 90e6b9eb-7354-4988-958f-34602f50702c@group-80C5124F22C5-SegmentedRaftLogWorker: Starting segment from index:0
2019-10-15 22:54:45,012 [90e6b9eb-7354-4988-958f-34602f50702c@group-80C5124F22C5-LeaderElection4] INFO  impl.RaftServerImpl (ServerState.java:setRaftConf(356)) - 90e6b9eb-7354-4988-958f-34602f50702c@group-80C5124F22C5: set configuration 0: [90e6b9eb-7354-4988-958f-34602f50702c:192.168.157.213:40319], old=null at 0
2019-10-15 22:54:45,050 [3594faa7-d94e-4af2-ab4a-ef22aa79de86@group-C20954537C79-LeaderElection5] INFO  impl.LeaderElection (LeaderElection.java:askForVotes(178)) - 3594faa7-d94e-4af2-ab4a-ef22aa79de86@group-C20954537C79-LeaderElection5: begin an election at term 1 for -1: [3594faa7-d94e-4af2-ab4a-ef22aa79de86:192.168.157.213:44254], old=null
2019-10-15 22:54:45,050 [3594faa7-d94e-4af2-ab4a-ef22aa79de86@group-C20954537C79-LeaderElection5] INFO  impl.RoleInfo (RoleInfo.java:shutdownLeaderElection(134)) - 3594faa7-d94e-4af2-ab4a-ef22aa79de86: shutdown LeaderElection
2019-10-15 22:54:45,050 [3594faa7-d94e-4af2-ab4a-ef22aa79de86@group-C20954537C79-LeaderElection5] INFO  impl.RaftServerImpl (RaftServerImpl.java:setRole(170)) - 3594faa7-d94e-4af2-ab4a-ef22aa79de86@group-C20954537C79: changes role from CANDIDATE to LEADER at term 1 for changeToLeader
2019-10-15 22:54:45,050 [3594faa7-d94e-4af2-ab4a-ef22aa79de86@group-C20954537C79-LeaderElection5] INFO  impl.RaftServerImpl (ServerState.java:setLeader(255)) - 3594faa7-d94e-4af2-ab4a-ef22aa79de86@group-C20954537C79: change Leader from null to 3594faa7-d94e-4af2-ab4a-ef22aa79de86 at term 1 for becomeLeader, leader elected after 5089ms
2019-10-15 22:54:45,055 [3594faa7-d94e-4af2-ab4a-ef22aa79de86@group-C20954537C79-LeaderElection5] INFO  server.RaftServerConfigKeys (ConfUtils.java:logGet(43)) - raft.server.staging.catchup.gap = 1000 (default)
2019-10-15 22:54:45,055 [3594faa7-d94e-4af2-ab4a-ef22aa79de86@group-C20954537C79-LeaderElection5] INFO  server.RaftServerConfigKeys (ConfUtils.java:logGet(43)) - raft.server.rpc.sleep.time = 25ms (default)
2019-10-15 22:54:45,056 [3594faa7-d94e-4af2-ab4a-ef22aa79de86@group-C20954537C79-LeaderElection5] INFO  server.RaftServerConfigKeys (ConfUtils.java:logGet(43)) - raft.server.write.element-limit = 4096 (default)
2019-10-15 22:54:45,056 [3594faa7-d94e-4af2-ab4a-ef22aa79de86@group-C20954537C79-LeaderElection5] INFO  server.RaftServerConfigKeys (ConfUtils.java:logGet(43)) - raft.server.watch.timeout = 10s (default)
2019-10-15 22:54:45,056 [3594faa7-d94e-4af2-ab4a-ef22aa79de86@group-C20954537C79-LeaderElection5] INFO  server.RaftServerConfigKeys (ConfUtils.java:logGet(43)) - raft.server.watch.timeout.denomination = 1s (default)
2019-10-15 22:54:45,056 [3594faa7-d94e-4af2-ab4a-ef22aa79de86@group-C20954537C79-LeaderElection5] INFO  server.RaftServerConfigKeys (ConfUtils.java:logGet(43)) - raft.server.watch.element-limit = 65536 (default)
2019-10-15 22:54:45,060 [3594faa7-d94e-4af2-ab4a-ef22aa79de86@group-C20954537C79-LeaderElection5] INFO  impl.RoleInfo (RoleInfo.java:updateAndGet(143)) - 3594faa7-d94e-4af2-ab4a-ef22aa79de86: start LeaderState
2019-10-15 22:54:45,061 [3594faa7-d94e-4af2-ab4a-ef22aa79de86@group-C20954537C79-LeaderElection5] INFO  segmented.SegmentedRaftLogWorker (SegmentedRaftLogWorker.java:startLogSegment(385)) - 3594faa7-d94e-4af2-ab4a-ef22aa79de86@group-C20954537C79-SegmentedRaftLogWorker: Starting segment from index:0
2019-10-15 22:54:45,061 [3594faa7-d94e-4af2-ab4a-ef22aa79de86@group-C20954537C79-LeaderElection5] INFO  impl.RaftServerImpl (ServerState.java:setRaftConf(356)) - 3594faa7-d94e-4af2-ab4a-ef22aa79de86@group-C20954537C79: set configuration 0: [3594faa7-d94e-4af2-ab4a-ef22aa79de86:192.168.157.213:44254], old=null at 0
2019-10-15 22:54:45,064 [90e6b9eb-7354-4988-958f-34602f50702c@group-80C5124F22C5-SegmentedRaftLogWorker] INFO  segmented.SegmentedRaftLogWorker (SegmentedRaftLogWorker.java:execute(574)) - 90e6b9eb-7354-4988-958f-34602f50702c@group-80C5124F22C5-SegmentedRaftLogWorker: created new log segment /workdir/hadoop-ozone/integration-test/target/test-dir/MiniOzoneClusterImpl-7c55876f-3f97-4a05-b001-a0c81006d1f8/datanode-5/data/ratis/1bfed745-a031-4e89-b642-80c5124f22c5/current/log_inprogress_0
2019-10-15 22:54:45,068 [Thread-252] INFO  impl.FollowerState (FollowerState.java:run(108)) - 8c3b9c04-93ef-45da-955f-d3fc6ab62d67@group-6440B405E73A-FollowerState: change to CANDIDATE, lastRpcTime:5173ms, electionTimeout:5173ms
2019-10-15 22:54:45,069 [Thread-252] INFO  impl.RoleInfo (RoleInfo.java:shutdownFollowerState(121)) - 8c3b9c04-93ef-45da-955f-d3fc6ab62d67: shutdown FollowerState
2019-10-15 22:54:45,069 [Thread-252] INFO  impl.RaftServerImpl (RaftServerImpl.java:setRole(170)) - 8c3b9c04-93ef-45da-955f-d3fc6ab62d67@group-6440B405E73A: changes role from  FOLLOWER to CANDIDATE at term 0 for changeToCandidate
2019-10-15 22:54:45,069 [Thread-252] INFO  impl.RoleInfo (RoleInfo.java:updateAndGet(143)) - 8c3b9c04-93ef-45da-955f-d3fc6ab62d67: start LeaderElection
2019-10-15 22:54:45,101 [Thread-258] INFO  impl.FollowerState (FollowerState.java:run(108)) - 270a7188-b373-43e4-a3ac-26543458552c@group-E5229BC6B93C-FollowerState: change to CANDIDATE, lastRpcTime:5077ms, electionTimeout:5077ms
2019-10-15 22:54:45,102 [Thread-258] INFO  impl.RoleInfo (RoleInfo.java:shutdownFollowerState(121)) - 270a7188-b373-43e4-a3ac-26543458552c: shutdown FollowerState
2019-10-15 22:54:45,102 [Thread-258] INFO  impl.RaftServerImpl (RaftServerImpl.java:setRole(170)) - 270a7188-b373-43e4-a3ac-26543458552c@group-E5229BC6B93C: changes role from  FOLLOWER to CANDIDATE at term 0 for changeToCandidate
2019-10-15 22:54:45,102 [Thread-258] INFO  impl.RoleInfo (RoleInfo.java:updateAndGet(143)) - 270a7188-b373-43e4-a3ac-26543458552c: start LeaderElection
2019-10-15 22:54:45,111 [3594faa7-d94e-4af2-ab4a-ef22aa79de86@group-C20954537C79-SegmentedRaftLogWorker] INFO  segmented.SegmentedRaftLogWorker (SegmentedRaftLogWorker.java:execute(574)) - 3594faa7-d94e-4af2-ab4a-ef22aa79de86@group-C20954537C79-SegmentedRaftLogWorker: created new log segment /workdir/hadoop-ozone/integration-test/target/test-dir/MiniOzoneClusterImpl-7c55876f-3f97-4a05-b001-a0c81006d1f8/datanode-4/data/ratis/73100d1f-9266-4ced-8db2-c20954537c79/current/log_inprogress_0
2019-10-15 22:54:45,111 [8c3b9c04-93ef-45da-955f-d3fc6ab62d67@group-6440B405E73A-LeaderElection6] INFO  impl.LeaderElection (LeaderElection.java:askForVotes(178)) - 8c3b9c04-93ef-45da-955f-d3fc6ab62d67@group-6440B405E73A-LeaderElection6: begin an election at term 1 for -1: [8c3b9c04-93ef-45da-955f-d3fc6ab62d67:192.168.157.213:33126], old=null
2019-10-15 22:54:45,111 [270a7188-b373-43e4-a3ac-26543458552c@group-E5229BC6B93C-LeaderElection7] INFO  impl.LeaderElection (LeaderElection.java:askForVotes(178)) - 270a7188-b373-43e4-a3ac-26543458552c@group-E5229BC6B93C-LeaderElection7: begin an election at term 1 for -1: [270a7188-b373-43e4-a3ac-26543458552c:192.168.157.213:37155], old=null
2019-10-15 22:54:45,111 [8c3b9c04-93ef-45da-955f-d3fc6ab62d67@group-6440B405E73A-LeaderElection6] INFO  impl.RoleInfo (RoleInfo.java:shutdownLeaderElection(134)) - 8c3b9c04-93ef-45da-955f-d3fc6ab62d67: shutdown LeaderElection
2019-10-15 22:54:45,111 [270a7188-b373-43e4-a3ac-26543458552c@group-E5229BC6B93C-LeaderElection7] INFO  impl.RoleInfo (RoleInfo.java:shutdownLeaderElection(134)) - 270a7188-b373-43e4-a3ac-26543458552c: shutdown LeaderElection
2019-10-15 22:54:45,111 [8c3b9c04-93ef-45da-955f-d3fc6ab62d67@group-6440B405E73A-LeaderElection6] INFO  impl.RaftServerImpl (RaftServerImpl.java:setRole(170)) - 8c3b9c04-93ef-45da-955f-d3fc6ab62d67@group-6440B405E73A: changes role from CANDIDATE to LEADER at term 1 for changeToLeader
2019-10-15 22:54:45,111 [270a7188-b373-43e4-a3ac-26543458552c@group-E5229BC6B93C-LeaderElection7] INFO  impl.RaftServerImpl (RaftServerImpl.java:setRole(170)) - 270a7188-b373-43e4-a3ac-26543458552c@group-E5229BC6B93C: changes role from CANDIDATE to LEADER at term 1 for changeToLeader
2019-10-15 22:54:45,111 [8c3b9c04-93ef-45da-955f-d3fc6ab62d67@group-6440B405E73A-LeaderElection6] INFO  impl.RaftServerImpl (ServerState.java:setLeader(255)) - 8c3b9c04-93ef-45da-955f-d3fc6ab62d67@group-6440B405E73A: change Leader from null to 8c3b9c04-93ef-45da-955f-d3fc6ab62d67 at term 1 for becomeLeader, leader elected after 5229ms
2019-10-15 22:54:45,111 [270a7188-b373-43e4-a3ac-26543458552c@group-E5229BC6B93C-LeaderElection7] INFO  impl.RaftServerImpl (ServerState.java:setLeader(255)) - 270a7188-b373-43e4-a3ac-26543458552c@group-E5229BC6B93C: change Leader from null to 270a7188-b373-43e4-a3ac-26543458552c at term 1 for becomeLeader, leader elected after 5094ms
2019-10-15 22:54:45,113 [8c3b9c04-93ef-45da-955f-d3fc6ab62d67@group-6440B405E73A-LeaderElection6] INFO  server.RaftServerConfigKeys (ConfUtils.java:logGet(43)) - raft.server.staging.catchup.gap = 1000 (default)
2019-10-15 22:54:45,114 [270a7188-b373-43e4-a3ac-26543458552c@group-E5229BC6B93C-LeaderElection7] INFO  server.RaftServerConfigKeys (ConfUtils.java:logGet(43)) - raft.server.staging.catchup.gap = 1000 (default)
2019-10-15 22:54:45,114 [8c3b9c04-93ef-45da-955f-d3fc6ab62d67@group-6440B405E73A-LeaderElection6] INFO  server.RaftServerConfigKeys (ConfUtils.java:logGet(43)) - raft.server.rpc.sleep.time = 25ms (default)
2019-10-15 22:54:45,114 [270a7188-b373-43e4-a3ac-26543458552c@group-E5229BC6B93C-LeaderElection7] INFO  server.RaftServerConfigKeys (ConfUtils.java:logGet(43)) - raft.server.rpc.sleep.time = 25ms (default)
2019-10-15 22:54:45,114 [8c3b9c04-93ef-45da-955f-d3fc6ab62d67@group-6440B405E73A-LeaderElection6] INFO  server.RaftServerConfigKeys (ConfUtils.java:logGet(43)) - raft.server.write.element-limit = 4096 (default)
2019-10-15 22:54:45,115 [270a7188-b373-43e4-a3ac-26543458552c@group-E5229BC6B93C-LeaderElection7] INFO  server.RaftServerConfigKeys (ConfUtils.java:logGet(43)) - raft.server.write.element-limit = 4096 (default)
2019-10-15 22:54:45,115 [8c3b9c04-93ef-45da-955f-d3fc6ab62d67@group-6440B405E73A-LeaderElection6] INFO  server.RaftServerConfigKeys (ConfUtils.java:logGet(43)) - raft.server.watch.timeout = 10s (default)
2019-10-15 22:54:45,115 [270a7188-b373-43e4-a3ac-26543458552c@group-E5229BC6B93C-LeaderElection7] INFO  server.RaftServerConfigKeys (ConfUtils.java:logGet(43)) - raft.server.watch.timeout = 10s (default)
2019-10-15 22:54:45,115 [8c3b9c04-93ef-45da-955f-d3fc6ab62d67@group-6440B405E73A-LeaderElection6] INFO  server.RaftServerConfigKeys (ConfUtils.java:logGet(43)) - raft.server.watch.timeout.denomination = 1s (default)
2019-10-15 22:54:45,115 [270a7188-b373-43e4-a3ac-26543458552c@group-E5229BC6B93C-LeaderElection7] INFO  server.RaftServerConfigKeys (ConfUtils.java:logGet(43)) - raft.server.watch.timeout.denomination = 1s (default)
2019-10-15 22:54:45,115 [8c3b9c04-93ef-45da-955f-d3fc6ab62d67@group-6440B405E73A-LeaderElection6] INFO  server.RaftServerConfigKeys (ConfUtils.java:logGet(43)) - raft.server.watch.element-limit = 65536 (default)
2019-10-15 22:54:45,115 [270a7188-b373-43e4-a3ac-26543458552c@group-E5229BC6B93C-LeaderElection7] INFO  server.RaftServerConfigKeys (ConfUtils.java:logGet(43)) - raft.server.watch.element-limit = 65536 (default)
2019-10-15 22:54:45,119 [8c3b9c04-93ef-45da-955f-d3fc6ab62d67@group-6440B405E73A-LeaderElection6] INFO  impl.RoleInfo (RoleInfo.java:updateAndGet(143)) - 8c3b9c04-93ef-45da-955f-d3fc6ab62d67: start LeaderState
2019-10-15 22:54:45,119 [8c3b9c04-93ef-45da-955f-d3fc6ab62d67@group-6440B405E73A-LeaderElection6] INFO  segmented.SegmentedRaftLogWorker (SegmentedRaftLogWorker.java:startLogSegment(385)) - 8c3b9c04-93ef-45da-955f-d3fc6ab62d67@group-6440B405E73A-SegmentedRaftLogWorker: Starting segment from index:0
2019-10-15 22:54:45,120 [270a7188-b373-43e4-a3ac-26543458552c@group-E5229BC6B93C-LeaderElection7] INFO  impl.RoleInfo (RoleInfo.java:updateAndGet(143)) - 270a7188-b373-43e4-a3ac-26543458552c: start LeaderState
2019-10-15 22:54:45,120 [8c3b9c04-93ef-45da-955f-d3fc6ab62d67@group-6440B405E73A-LeaderElection6] INFO  impl.RaftServerImpl (ServerState.java:setRaftConf(356)) - 8c3b9c04-93ef-45da-955f-d3fc6ab62d67@group-6440B405E73A: set configuration 0: [8c3b9c04-93ef-45da-955f-d3fc6ab62d67:192.168.157.213:33126], old=null at 0
2019-10-15 22:54:45,157 [270a7188-b373-43e4-a3ac-26543458552c@group-E5229BC6B93C-LeaderElection7] INFO  segmented.SegmentedRaftLogWorker (SegmentedRaftLogWorker.java:startLogSegment(385)) - 270a7188-b373-43e4-a3ac-26543458552c@group-E5229BC6B93C-SegmentedRaftLogWorker: Starting segment from index:0
2019-10-15 22:54:45,158 [270a7188-b373-43e4-a3ac-26543458552c@group-E5229BC6B93C-LeaderElection7] INFO  impl.RaftServerImpl (ServerState.java:setRaftConf(356)) - 270a7188-b373-43e4-a3ac-26543458552c@group-E5229BC6B93C: set configuration 0: [270a7188-b373-43e4-a3ac-26543458552c:192.168.157.213:37155], old=null at 0
2019-10-15 22:54:45,186 [8c3b9c04-93ef-45da-955f-d3fc6ab62d67@group-6440B405E73A-SegmentedRaftLogWorker] INFO  segmented.SegmentedRaftLogWorker (SegmentedRaftLogWorker.java:execute(574)) - 8c3b9c04-93ef-45da-955f-d3fc6ab62d67@group-6440B405E73A-SegmentedRaftLogWorker: created new log segment /workdir/hadoop-ozone/integration-test/target/test-dir/MiniOzoneClusterImpl-7c55876f-3f97-4a05-b001-a0c81006d1f8/datanode-3/data/ratis/49395d39-5ef4-4693-b82d-6440b405e73a/current/log_inprogress_0
2019-10-15 22:54:45,197 [270a7188-b373-43e4-a3ac-26543458552c@group-E5229BC6B93C-SegmentedRaftLogWorker] INFO  segmented.SegmentedRaftLogWorker (SegmentedRaftLogWorker.java:execute(574)) - 270a7188-b373-43e4-a3ac-26543458552c@group-E5229BC6B93C-SegmentedRaftLogWorker: created new log segment /workdir/hadoop-ozone/integration-test/target/test-dir/MiniOzoneClusterImpl-7c55876f-3f97-4a05-b001-a0c81006d1f8/datanode-1/data/ratis/6566cd98-29d0-4fd1-a976-e5229bc6b93c/current/log_inprogress_0
2019-10-15 22:54:45,212 [Thread-265] INFO  impl.FollowerState (FollowerState.java:run(108)) - dd65dd0a-dda8-47db-b4b1-a946d688cbb0@group-BF61A77A5372-FollowerState: change to CANDIDATE, lastRpcTime:5081ms, electionTimeout:5080ms
2019-10-15 22:54:45,221 [Thread-265] INFO  impl.RoleInfo (RoleInfo.java:shutdownFollowerState(121)) - dd65dd0a-dda8-47db-b4b1-a946d688cbb0: shutdown FollowerState
2019-10-15 22:54:45,221 [Thread-265] INFO  impl.RaftServerImpl (RaftServerImpl.java:setRole(170)) - dd65dd0a-dda8-47db-b4b1-a946d688cbb0@group-BF61A77A5372: changes role from  FOLLOWER to CANDIDATE at term 0 for changeToCandidate
2019-10-15 22:54:45,222 [Thread-265] INFO  impl.RoleInfo (RoleInfo.java:updateAndGet(143)) - dd65dd0a-dda8-47db-b4b1-a946d688cbb0: start LeaderElection
2019-10-15 22:54:45,227 [Thread-272] INFO  impl.FollowerState (FollowerState.java:run(108)) - aaf8e68d-5698-433d-8fad-3ccf5c38c15f@group-D68BB305B344-FollowerState: change to CANDIDATE, lastRpcTime:5003ms, electionTimeout:5003ms
2019-10-15 22:54:45,227 [Thread-272] INFO  impl.RoleInfo (RoleInfo.java:shutdownFollowerState(121)) - aaf8e68d-5698-433d-8fad-3ccf5c38c15f: shutdown FollowerState
2019-10-15 22:54:45,227 [Thread-272] INFO  impl.RaftServerImpl (RaftServerImpl.java:setRole(170)) - aaf8e68d-5698-433d-8fad-3ccf5c38c15f@group-D68BB305B344: changes role from  FOLLOWER to CANDIDATE at term 0 for changeToCandidate
2019-10-15 22:54:45,228 [Thread-272] INFO  impl.RoleInfo (RoleInfo.java:updateAndGet(143)) - aaf8e68d-5698-433d-8fad-3ccf5c38c15f: start LeaderElection
2019-10-15 22:54:45,249 [dd65dd0a-dda8-47db-b4b1-a946d688cbb0@group-BF61A77A5372-LeaderElection8] INFO  impl.LeaderElection (LeaderElection.java:askForVotes(178)) - dd65dd0a-dda8-47db-b4b1-a946d688cbb0@group-BF61A77A5372-LeaderElection8: begin an election at term 1 for -1: [f7aee2ed-06bf-4aad-8464-c585c97c108e:192.168.157.213:46362, 90e6b9eb-7354-4988-958f-34602f50702c:192.168.157.213:40319, dd65dd0a-dda8-47db-b4b1-a946d688cbb0:192.168.157.213:36412], old=null
2019-10-15 22:54:45,249 [aaf8e68d-5698-433d-8fad-3ccf5c38c15f@group-D68BB305B344-LeaderElection9] INFO  impl.LeaderElection (LeaderElection.java:askForVotes(178)) - aaf8e68d-5698-433d-8fad-3ccf5c38c15f@group-D68BB305B344-LeaderElection9: begin an election at term 1 for -1: [3594faa7-d94e-4af2-ab4a-ef22aa79de86:192.168.157.213:44254, 8c3b9c04-93ef-45da-955f-d3fc6ab62d67:192.168.157.213:33126, aaf8e68d-5698-433d-8fad-3ccf5c38c15f:192.168.157.213:44112], old=null
2019-10-15 22:54:45,253 [Thread-263] INFO  impl.FollowerState (FollowerState.java:run(108)) - f7aee2ed-06bf-4aad-8464-c585c97c108e@group-BF61A77A5372-FollowerState: change to CANDIDATE, lastRpcTime:5127ms, electionTimeout:5127ms
2019-10-15 22:54:45,253 [Thread-263] INFO  impl.RoleInfo (RoleInfo.java:shutdownFollowerState(121)) - f7aee2ed-06bf-4aad-8464-c585c97c108e: shutdown FollowerState
2019-10-15 22:54:45,253 [Thread-263] INFO  impl.RaftServerImpl (RaftServerImpl.java:setRole(170)) - f7aee2ed-06bf-4aad-8464-c585c97c108e@group-BF61A77A5372: changes role from  FOLLOWER to CANDIDATE at term 0 for changeToCandidate
2019-10-15 22:54:45,254 [Thread-263] INFO  impl.RoleInfo (RoleInfo.java:updateAndGet(143)) - f7aee2ed-06bf-4aad-8464-c585c97c108e: start LeaderElection
2019-10-15 22:54:45,271 [f7aee2ed-06bf-4aad-8464-c585c97c108e@group-BF61A77A5372-LeaderElection10] INFO  impl.LeaderElection (LeaderElection.java:askForVotes(178)) - f7aee2ed-06bf-4aad-8464-c585c97c108e@group-BF61A77A5372-LeaderElection10: begin an election at term 1 for -1: [f7aee2ed-06bf-4aad-8464-c585c97c108e:192.168.157.213:46362, 90e6b9eb-7354-4988-958f-34602f50702c:192.168.157.213:40319, dd65dd0a-dda8-47db-b4b1-a946d688cbb0:192.168.157.213:36412], old=null
2019-10-15 22:54:45,287 [Thread-274] INFO  impl.FollowerState (FollowerState.java:run(108)) - 3594faa7-d94e-4af2-ab4a-ef22aa79de86@group-D68BB305B344-FollowerState: change to CANDIDATE, lastRpcTime:5061ms, electionTimeout:5058ms
2019-10-15 22:54:45,288 [Thread-274] INFO  impl.RoleInfo (RoleInfo.java:shutdownFollowerState(121)) - 3594faa7-d94e-4af2-ab4a-ef22aa79de86: shutdown FollowerState
2019-10-15 22:54:45,288 [Thread-274] INFO  impl.RaftServerImpl (RaftServerImpl.java:setRole(170)) - 3594faa7-d94e-4af2-ab4a-ef22aa79de86@group-D68BB305B344: changes role from  FOLLOWER to CANDIDATE at term 0 for changeToCandidate
2019-10-15 22:54:45,288 [Thread-274] INFO  impl.RoleInfo (RoleInfo.java:updateAndGet(143)) - 3594faa7-d94e-4af2-ab4a-ef22aa79de86: start LeaderElection
2019-10-15 22:54:45,302 [grpc-default-executor-2] INFO  impl.RaftServerImpl (RaftServerImpl.java:setRole(170)) - 90e6b9eb-7354-4988-958f-34602f50702c@group-BF61A77A5372: changes role from  FOLLOWER to FOLLOWER at term 1 for recognizeCandidate:dd65dd0a-dda8-47db-b4b1-a946d688cbb0
2019-10-15 22:54:45,304 [grpc-default-executor-1] INFO  impl.RaftServerImpl (RaftServerImpl.java:setRole(170)) - 8c3b9c04-93ef-45da-955f-d3fc6ab62d67@group-D68BB305B344: changes role from  FOLLOWER to FOLLOWER at term 1 for recognizeCandidate:aaf8e68d-5698-433d-8fad-3ccf5c38c15f
2019-10-15 22:54:45,304 [grpc-default-executor-2] INFO  impl.RoleInfo (RoleInfo.java:shutdownFollowerState(121)) - 90e6b9eb-7354-4988-958f-34602f50702c: shutdown FollowerState
2019-10-15 22:54:45,305 [grpc-default-executor-1] INFO  impl.RoleInfo (RoleInfo.java:shutdownFollowerState(121)) - 8c3b9c04-93ef-45da-955f-d3fc6ab62d67: shutdown FollowerState
2019-10-15 22:54:45,305 [grpc-default-executor-2] INFO  impl.RoleInfo (RoleInfo.java:updateAndGet(143)) - 90e6b9eb-7354-4988-958f-34602f50702c: start FollowerState
2019-10-15 22:54:45,305 [Thread-273] INFO  impl.FollowerState (FollowerState.java:run(117)) - 8c3b9c04-93ef-45da-955f-d3fc6ab62d67@group-D68BB305B344-FollowerState was interrupted: java.lang.InterruptedException: sleep interrupted
2019-10-15 22:54:45,305 [grpc-default-executor-1] INFO  impl.RoleInfo (RoleInfo.java:updateAndGet(143)) - 8c3b9c04-93ef-45da-955f-d3fc6ab62d67: start FollowerState
2019-10-15 22:54:45,317 [3594faa7-d94e-4af2-ab4a-ef22aa79de86@group-D68BB305B344-LeaderElection11] INFO  impl.LeaderElection (LeaderElection.java:askForVotes(178)) - 3594faa7-d94e-4af2-ab4a-ef22aa79de86@group-D68BB305B344-LeaderElection11: begin an election at term 1 for -1: [3594faa7-d94e-4af2-ab4a-ef22aa79de86:192.168.157.213:44254, 8c3b9c04-93ef-45da-955f-d3fc6ab62d67:192.168.157.213:33126, aaf8e68d-5698-433d-8fad-3ccf5c38c15f:192.168.157.213:44112], old=null
2019-10-15 22:54:45,352 [3594faa7-d94e-4af2-ab4a-ef22aa79de86@group-D68BB305B344-LeaderElection11] INFO  impl.LeaderElection (LeaderElection.java:logAndReturn(56)) - 3594faa7-d94e-4af2-ab4a-ef22aa79de86@group-D68BB305B344-LeaderElection11: Election REJECTED; received 2 response(s) [3594faa7-d94e-4af2-ab4a-ef22aa79de86<-8c3b9c04-93ef-45da-955f-d3fc6ab62d67#0:FAIL-t1, 3594faa7-d94e-4af2-ab4a-ef22aa79de86<-aaf8e68d-5698-433d-8fad-3ccf5c38c15f#0:FAIL-t1] and 0 exception(s); 3594faa7-d94e-4af2-ab4a-ef22aa79de86@group-D68BB305B344:t1, leader=null, voted=3594faa7-d94e-4af2-ab4a-ef22aa79de86, raftlog=3594faa7-d94e-4af2-ab4a-ef22aa79de86@group-D68BB305B344-SegmentedRaftLog:OPENED:c-1,f-1,i0, conf=-1: [3594faa7-d94e-4af2-ab4a-ef22aa79de86:192.168.157.213:44254, 8c3b9c04-93ef-45da-955f-d3fc6ab62d67:192.168.157.213:33126, aaf8e68d-5698-433d-8fad-3ccf5c38c15f:192.168.157.213:44112], old=null
2019-10-15 22:54:45,352 [dd65dd0a-dda8-47db-b4b1-a946d688cbb0@group-BF61A77A5372-LeaderElection8] INFO  impl.LeaderElection (LeaderElection.java:logAndReturn(56)) - dd65dd0a-dda8-47db-b4b1-a946d688cbb0@group-BF61A77A5372-LeaderElection8: Election PASSED; received 2 response(s) [dd65dd0a-dda8-47db-b4b1-a946d688cbb0<-f7aee2ed-06bf-4aad-8464-c585c97c108e#0:FAIL-t1, dd65dd0a-dda8-47db-b4b1-a946d688cbb0<-90e6b9eb-7354-4988-958f-34602f50702c#0:OK-t1] and 0 exception(s); dd65dd0a-dda8-47db-b4b1-a946d688cbb0@group-BF61A77A5372:t1, leader=null, voted=dd65dd0a-dda8-47db-b4b1-a946d688cbb0, raftlog=dd65dd0a-dda8-47db-b4b1-a946d688cbb0@group-BF61A77A5372-SegmentedRaftLog:OPENED:c-1,f-1,i0, conf=-1: [f7aee2ed-06bf-4aad-8464-c585c97c108e:192.168.157.213:46362, 90e6b9eb-7354-4988-958f-34602f50702c:192.168.157.213:40319, dd65dd0a-dda8-47db-b4b1-a946d688cbb0:192.168.157.213:36412], old=null
2019-10-15 22:54:45,352 [f7aee2ed-06bf-4aad-8464-c585c97c108e@group-BF61A77A5372-LeaderElection10] INFO  impl.LeaderElection (LeaderElection.java:logAndReturn(56)) - f7aee2ed-06bf-4aad-8464-c585c97c108e@group-BF61A77A5372-LeaderElection10: Election REJECTED; received 2 response(s) [f7aee2ed-06bf-4aad-8464-c585c97c108e<-90e6b9eb-7354-4988-958f-34602f50702c#0:FAIL-t1, f7aee2ed-06bf-4aad-8464-c585c97c108e<-dd65dd0a-dda8-47db-b4b1-a946d688cbb0#0:FAIL-t1] and 0 exception(s); f7aee2ed-06bf-4aad-8464-c585c97c108e@group-BF61A77A5372:t1, leader=null, voted=f7aee2ed-06bf-4aad-8464-c585c97c108e, raftlog=f7aee2ed-06bf-4aad-8464-c585c97c108e@group-BF61A77A5372-SegmentedRaftLog:OPENED:c-1,f-1,i0, conf=-1: [f7aee2ed-06bf-4aad-8464-c585c97c108e:192.168.157.213:46362, 90e6b9eb-7354-4988-958f-34602f50702c:192.168.157.213:40319, dd65dd0a-dda8-47db-b4b1-a946d688cbb0:192.168.157.213:36412], old=null
2019-10-15 22:54:45,352 [aaf8e68d-5698-433d-8fad-3ccf5c38c15f@group-D68BB305B344-LeaderElection9] INFO  impl.LeaderElection (LeaderElection.java:logAndReturn(56)) - aaf8e68d-5698-433d-8fad-3ccf5c38c15f@group-D68BB305B344-LeaderElection9: Election PASSED; received 2 response(s) [aaf8e68d-5698-433d-8fad-3ccf5c38c15f<-3594faa7-d94e-4af2-ab4a-ef22aa79de86#0:FAIL-t1, aaf8e68d-5698-433d-8fad-3ccf5c38c15f<-8c3b9c04-93ef-45da-955f-d3fc6ab62d67#0:OK-t1] and 0 exception(s); aaf8e68d-5698-433d-8fad-3ccf5c38c15f@group-D68BB305B344:t1, leader=null, voted=aaf8e68d-5698-433d-8fad-3ccf5c38c15f, raftlog=aaf8e68d-5698-433d-8fad-3ccf5c38c15f@group-D68BB305B344-SegmentedRaftLog:OPENED:c-1,f-1,i0, conf=-1: [3594faa7-d94e-4af2-ab4a-ef22aa79de86:192.168.157.213:44254, 8c3b9c04-93ef-45da-955f-d3fc6ab62d67:192.168.157.213:33126, aaf8e68d-5698-433d-8fad-3ccf5c38c15f:192.168.157.213:44112], old=null
2019-10-15 22:54:45,356 [f7aee2ed-06bf-4aad-8464-c585c97c108e@group-BF61A77A5372-LeaderElection10] INFO  impl.RaftServerImpl (RaftServerImpl.java:setRole(170)) - f7aee2ed-06bf-4aad-8464-c585c97c108e@group-BF61A77A5372: changes role from CANDIDATE to FOLLOWER at term 1 for DISCOVERED_A_NEW_TERM
2019-10-15 22:54:45,353 [dd65dd0a-dda8-47db-b4b1-a946d688cbb0@group-BF61A77A5372-LeaderElection8] INFO  impl.RoleInfo (RoleInfo.java:shutdownLeaderElection(134)) - dd65dd0a-dda8-47db-b4b1-a946d688cbb0: shutdown LeaderElection
2019-10-15 22:54:45,352 [3594faa7-d94e-4af2-ab4a-ef22aa79de86@group-D68BB305B344-LeaderElection11] INFO  impl.RaftServerImpl (RaftServerImpl.java:setRole(170)) - 3594faa7-d94e-4af2-ab4a-ef22aa79de86@group-D68BB305B344: changes role from CANDIDATE to FOLLOWER at term 1 for DISCOVERED_A_NEW_TERM
2019-10-15 22:54:45,362 [dd65dd0a-dda8-47db-b4b1-a946d688cbb0@group-BF61A77A5372-LeaderElection8] INFO  impl.RaftServerImpl (RaftServerImpl.java:setRole(170)) - dd65dd0a-dda8-47db-b4b1-a946d688cbb0@group-BF61A77A5372: changes role from CANDIDATE to LEADER at term 1 for changeToLeader
2019-10-15 22:54:45,359 [aaf8e68d-5698-433d-8fad-3ccf5c38c15f@group-D68BB305B344-LeaderElection9] INFO  impl.RoleInfo (RoleInfo.java:shutdownLeaderElection(134)) - aaf8e68d-5698-433d-8fad-3ccf5c38c15f: shutdown LeaderElection
2019-10-15 22:54:45,359 [f7aee2ed-06bf-4aad-8464-c585c97c108e@group-BF61A77A5372-LeaderElection10] INFO  impl.RoleInfo (RoleInfo.java:shutdownLeaderElection(134)) - f7aee2ed-06bf-4aad-8464-c585c97c108e: shutdown LeaderElection
2019-10-15 22:54:45,362 [aaf8e68d-5698-433d-8fad-3ccf5c38c15f@group-D68BB305B344-LeaderElection9] INFO  impl.RaftServerImpl (RaftServerImpl.java:setRole(170)) - aaf8e68d-5698-433d-8fad-3ccf5c38c15f@group-D68BB305B344: changes role from CANDIDATE to LEADER at term 1 for changeToLeader
2019-10-15 22:54:45,362 [dd65dd0a-dda8-47db-b4b1-a946d688cbb0@group-BF61A77A5372-LeaderElection8] INFO  impl.RaftServerImpl (ServerState.java:setLeader(255)) - dd65dd0a-dda8-47db-b4b1-a946d688cbb0@group-BF61A77A5372: change Leader from null to dd65dd0a-dda8-47db-b4b1-a946d688cbb0 at term 1 for becomeLeader, leader elected after 5244ms
2019-10-15 22:54:45,362 [3594faa7-d94e-4af2-ab4a-ef22aa79de86@group-D68BB305B344-LeaderElection11] INFO  impl.RoleInfo (RoleInfo.java:shutdownLeaderElection(134)) - 3594faa7-d94e-4af2-ab4a-ef22aa79de86: shutdown LeaderElection
2019-10-15 22:54:45,363 [dd65dd0a-dda8-47db-b4b1-a946d688cbb0@group-BF61A77A5372-LeaderElection8] INFO  server.RaftServerConfigKeys (ConfUtils.java:logGet(43)) - raft.server.staging.catchup.gap = 1000 (default)
2019-10-15 22:54:45,363 [3594faa7-d94e-4af2-ab4a-ef22aa79de86@group-D68BB305B344-LeaderElection11] INFO  impl.RoleInfo (RoleInfo.java:updateAndGet(143)) - 3594faa7-d94e-4af2-ab4a-ef22aa79de86: start FollowerState
2019-10-15 22:54:45,363 [aaf8e68d-5698-433d-8fad-3ccf5c38c15f@group-D68BB305B344-LeaderElection9] INFO  impl.RaftServerImpl (ServerState.java:setLeader(255)) - aaf8e68d-5698-433d-8fad-3ccf5c38c15f@group-D68BB305B344: change Leader from null to aaf8e68d-5698-433d-8fad-3ccf5c38c15f at term 1 for becomeLeader, leader elected after 5154ms
2019-10-15 22:54:45,363 [f7aee2ed-06bf-4aad-8464-c585c97c108e@group-BF61A77A5372-LeaderElection10] INFO  impl.RoleInfo (RoleInfo.java:updateAndGet(143)) - f7aee2ed-06bf-4aad-8464-c585c97c108e: start FollowerState
2019-10-15 22:54:45,363 [aaf8e68d-5698-433d-8fad-3ccf5c38c15f@group-D68BB305B344-LeaderElection9] INFO  server.RaftServerConfigKeys (ConfUtils.java:logGet(43)) - raft.server.staging.catchup.gap = 1000 (default)
2019-10-15 22:54:45,363 [dd65dd0a-dda8-47db-b4b1-a946d688cbb0@group-BF61A77A5372-LeaderElection8] INFO  server.RaftServerConfigKeys (ConfUtils.java:logGet(43)) - raft.server.rpc.sleep.time = 25ms (default)
2019-10-15 22:54:45,369 [aaf8e68d-5698-433d-8fad-3ccf5c38c15f@group-D68BB305B344-LeaderElection9] INFO  server.RaftServerConfigKeys (ConfUtils.java:logGet(43)) - raft.server.rpc.sleep.time = 25ms (default)
2019-10-15 22:54:45,369 [dd65dd0a-dda8-47db-b4b1-a946d688cbb0@group-BF61A77A5372-LeaderElection8] INFO  server.RaftServerConfigKeys (ConfUtils.java:logGet(43)) - raft.server.write.element-limit = 4096 (default)
2019-10-15 22:54:45,369 [dd65dd0a-dda8-47db-b4b1-a946d688cbb0@group-BF61A77A5372-LeaderElection8] INFO  server.RaftServerConfigKeys (ConfUtils.java:logGet(43)) - raft.server.watch.timeout = 10s (default)
2019-10-15 22:54:45,369 [aaf8e68d-5698-433d-8fad-3ccf5c38c15f@group-D68BB305B344-LeaderElection9] INFO  server.RaftServerConfigKeys (ConfUtils.java:logGet(43)) - raft.server.write.element-limit = 4096 (default)
2019-10-15 22:54:45,369 [dd65dd0a-dda8-47db-b4b1-a946d688cbb0@group-BF61A77A5372-LeaderElection8] INFO  server.RaftServerConfigKeys (ConfUtils.java:logGet(43)) - raft.server.watch.timeout.denomination = 1s (default)
2019-10-15 22:54:45,369 [aaf8e68d-5698-433d-8fad-3ccf5c38c15f@group-D68BB305B344-LeaderElection9] INFO  server.RaftServerConfigKeys (ConfUtils.java:logGet(43)) - raft.server.watch.timeout = 10s (default)
2019-10-15 22:54:45,369 [dd65dd0a-dda8-47db-b4b1-a946d688cbb0@group-BF61A77A5372-LeaderElection8] INFO  server.RaftServerConfigKeys (ConfUtils.java:logGet(43)) - raft.server.watch.element-limit = 65536 (default)
2019-10-15 22:54:45,369 [aaf8e68d-5698-433d-8fad-3ccf5c38c15f@group-D68BB305B344-LeaderElection9] INFO  server.RaftServerConfigKeys (ConfUtils.java:logGet(43)) - raft.server.watch.timeout.denomination = 1s (default)
2019-10-15 22:54:45,369 [aaf8e68d-5698-433d-8fad-3ccf5c38c15f@group-D68BB305B344-LeaderElection9] INFO  server.RaftServerConfigKeys (ConfUtils.java:logGet(43)) - raft.server.watch.element-limit = 65536 (default)
2019-10-15 22:54:45,375 [dd65dd0a-dda8-47db-b4b1-a946d688cbb0@group-BF61A77A5372-LeaderElection8] INFO  server.RaftServerConfigKeys (ConfUtils.java:logGet(43)) - raft.server.log.appender.snapshot.chunk.size.max = 16MB (=16777216) (default)
2019-10-15 22:54:45,375 [aaf8e68d-5698-433d-8fad-3ccf5c38c15f@group-D68BB305B344-LeaderElection9] INFO  server.RaftServerConfigKeys (ConfUtils.java:logGet(43)) - raft.server.log.appender.snapshot.chunk.size.max = 16MB (=16777216) (default)
2019-10-15 22:54:45,375 [dd65dd0a-dda8-47db-b4b1-a946d688cbb0@group-BF61A77A5372-LeaderElection8] INFO  server.RaftServerConfigKeys (ConfUtils.java:logGet(43)) - raft.server.log.appender.buffer.byte-limit = 33554432 (custom)
2019-10-15 22:54:45,375 [aaf8e68d-5698-433d-8fad-3ccf5c38c15f@group-D68BB305B344-LeaderElection9] INFO  server.RaftServerConfigKeys (ConfUtils.java:logGet(43)) - raft.server.log.appender.buffer.byte-limit = 33554432 (custom)
2019-10-15 22:54:45,375 [dd65dd0a-dda8-47db-b4b1-a946d688cbb0@group-BF61A77A5372-LeaderElection8] INFO  server.RaftServerConfigKeys (ConfUtils.java:logGet(43)) - raft.server.log.appender.buffer.element-limit = 1 (custom)
2019-10-15 22:54:45,376 [aaf8e68d-5698-433d-8fad-3ccf5c38c15f@group-D68BB305B344-LeaderElection9] INFO  server.RaftServerConfigKeys (ConfUtils.java:logGet(43)) - raft.server.log.appender.buffer.element-limit = 1 (custom)
2019-10-15 22:54:45,378 [dd65dd0a-dda8-47db-b4b1-a946d688cbb0@group-BF61A77A5372-LeaderElection8] INFO  grpc.GrpcConfigKeys$Server (ConfUtils.java:logGet(43)) - raft.grpc.server.leader.outstanding.appends.max = 128 (default)
2019-10-15 22:54:45,378 [dd65dd0a-dda8-47db-b4b1-a946d688cbb0@group-BF61A77A5372-LeaderElection8] INFO  server.RaftServerConfigKeys (ConfUtils.java:logGet(43)) - raft.server.rpc.request.timeout = 3000ms (default)
2019-10-15 22:54:45,378 [aaf8e68d-5698-433d-8fad-3ccf5c38c15f@group-D68BB305B344-LeaderElection9] INFO  grpc.GrpcConfigKeys$Server (ConfUtils.java:logGet(43)) - raft.grpc.server.leader.outstanding.appends.max = 128 (default)
2019-10-15 22:54:45,380 [dd65dd0a-dda8-47db-b4b1-a946d688cbb0@group-BF61A77A5372-LeaderElection8] INFO  server.RaftServerConfigKeys (ConfUtils.java:logGet(43)) - raft.server.log.appender.install.snapshot.enabled = false (custom)
2019-10-15 22:54:45,380 [aaf8e68d-5698-433d-8fad-3ccf5c38c15f@group-D68BB305B344-LeaderElection9] INFO  server.RaftServerConfigKeys (ConfUtils.java:logGet(43)) - raft.server.rpc.request.timeout = 3000ms (default)
2019-10-15 22:54:45,380 [aaf8e68d-5698-433d-8fad-3ccf5c38c15f@group-D68BB305B344-LeaderElection9] INFO  server.RaftServerConfigKeys (ConfUtils.java:logGet(43)) - raft.server.log.appender.install.snapshot.enabled = false (custom)
2019-10-15 22:54:45,381 [dd65dd0a-dda8-47db-b4b1-a946d688cbb0@group-BF61A77A5372-LeaderElection8] INFO  server.RaftServerConfigKeys (ConfUtils.java:logGet(43)) - raft.server.log.appender.snapshot.chunk.size.max = 16MB (=16777216) (default)
2019-10-15 22:54:45,381 [aaf8e68d-5698-433d-8fad-3ccf5c38c15f@group-D68BB305B344-LeaderElection9] INFO  server.RaftServerConfigKeys (ConfUtils.java:logGet(43)) - raft.server.log.appender.snapshot.chunk.size.max = 16MB (=16777216) (default)
2019-10-15 22:54:45,381 [dd65dd0a-dda8-47db-b4b1-a946d688cbb0@group-BF61A77A5372-LeaderElection8] INFO  server.RaftServerConfigKeys (ConfUtils.java:logGet(43)) - raft.server.log.appender.buffer.byte-limit = 33554432 (custom)
2019-10-15 22:54:45,381 [aaf8e68d-5698-433d-8fad-3ccf5c38c15f@group-D68BB305B344-LeaderElection9] INFO  server.RaftServerConfigKeys (ConfUtils.java:logGet(43)) - raft.server.log.appender.buffer.byte-limit = 33554432 (custom)
2019-10-15 22:54:45,381 [dd65dd0a-dda8-47db-b4b1-a946d688cbb0@group-BF61A77A5372-LeaderElection8] INFO  server.RaftServerConfigKeys (ConfUtils.java:logGet(43)) - raft.server.log.appender.buffer.element-limit = 1 (custom)
2019-10-15 22:54:45,381 [aaf8e68d-5698-433d-8fad-3ccf5c38c15f@group-D68BB305B344-LeaderElection9] INFO  server.RaftServerConfigKeys (ConfUtils.java:logGet(43)) - raft.server.log.appender.buffer.element-limit = 1 (custom)
2019-10-15 22:54:45,381 [dd65dd0a-dda8-47db-b4b1-a946d688cbb0@group-BF61A77A5372-LeaderElection8] INFO  grpc.GrpcConfigKeys$Server (ConfUtils.java:logGet(43)) - raft.grpc.server.leader.outstanding.appends.max = 128 (default)
2019-10-15 22:54:45,382 [aaf8e68d-5698-433d-8fad-3ccf5c38c15f@group-D68BB305B344-LeaderElection9] INFO  grpc.GrpcConfigKeys$Server (ConfUtils.java:logGet(43)) - raft.grpc.server.leader.outstanding.appends.max = 128 (default)
2019-10-15 22:54:45,382 [dd65dd0a-dda8-47db-b4b1-a946d688cbb0@group-BF61A77A5372-LeaderElection8] INFO  server.RaftServerConfigKeys (ConfUtils.java:logGet(43)) - raft.server.rpc.request.timeout = 3000ms (default)
2019-10-15 22:54:45,382 [aaf8e68d-5698-433d-8fad-3ccf5c38c15f@group-D68BB305B344-LeaderElection9] INFO  server.RaftServerConfigKeys (ConfUtils.java:logGet(43)) - raft.server.rpc.request.timeout = 3000ms (default)
2019-10-15 22:54:45,382 [dd65dd0a-dda8-47db-b4b1-a946d688cbb0@group-BF61A77A5372-LeaderElection8] INFO  server.RaftServerConfigKeys (ConfUtils.java:logGet(43)) - raft.server.log.appender.install.snapshot.enabled = false (custom)
2019-10-15 22:54:45,382 [aaf8e68d-5698-433d-8fad-3ccf5c38c15f@group-D68BB305B344-LeaderElection9] INFO  server.RaftServerConfigKeys (ConfUtils.java:logGet(43)) - raft.server.log.appender.install.snapshot.enabled = false (custom)
2019-10-15 22:54:45,383 [dd65dd0a-dda8-47db-b4b1-a946d688cbb0@group-BF61A77A5372-LeaderElection8] INFO  impl.RoleInfo (RoleInfo.java:updateAndGet(143)) - dd65dd0a-dda8-47db-b4b1-a946d688cbb0: start LeaderState
2019-10-15 22:54:45,383 [aaf8e68d-5698-433d-8fad-3ccf5c38c15f@group-D68BB305B344-LeaderElection9] INFO  impl.RoleInfo (RoleInfo.java:updateAndGet(143)) - aaf8e68d-5698-433d-8fad-3ccf5c38c15f: start LeaderState
2019-10-15 22:54:45,383 [dd65dd0a-dda8-47db-b4b1-a946d688cbb0@group-BF61A77A5372-LeaderElection8] INFO  segmented.SegmentedRaftLogWorker (SegmentedRaftLogWorker.java:startLogSegment(385)) - dd65dd0a-dda8-47db-b4b1-a946d688cbb0@group-BF61A77A5372-SegmentedRaftLogWorker: Starting segment from index:0
2019-10-15 22:54:45,384 [aaf8e68d-5698-433d-8fad-3ccf5c38c15f@group-D68BB305B344-LeaderElection9] INFO  segmented.SegmentedRaftLogWorker (SegmentedRaftLogWorker.java:startLogSegment(385)) - aaf8e68d-5698-433d-8fad-3ccf5c38c15f@group-D68BB305B344-SegmentedRaftLogWorker: Starting segment from index:0
2019-10-15 22:54:45,384 [dd65dd0a-dda8-47db-b4b1-a946d688cbb0@group-BF61A77A5372-LeaderElection8] INFO  impl.RaftServerImpl (ServerState.java:setRaftConf(356)) - dd65dd0a-dda8-47db-b4b1-a946d688cbb0@group-BF61A77A5372: set configuration 0: [f7aee2ed-06bf-4aad-8464-c585c97c108e:192.168.157.213:46362, 90e6b9eb-7354-4988-958f-34602f50702c:192.168.157.213:40319, dd65dd0a-dda8-47db-b4b1-a946d688cbb0:192.168.157.213:36412], old=null at 0
2019-10-15 22:54:45,385 [aaf8e68d-5698-433d-8fad-3ccf5c38c15f@group-D68BB305B344-LeaderElection9] INFO  impl.RaftServerImpl (ServerState.java:setRaftConf(356)) - aaf8e68d-5698-433d-8fad-3ccf5c38c15f@group-D68BB305B344: set configuration 0: [3594faa7-d94e-4af2-ab4a-ef22aa79de86:192.168.157.213:44254, 8c3b9c04-93ef-45da-955f-d3fc6ab62d67:192.168.157.213:33126, aaf8e68d-5698-433d-8fad-3ccf5c38c15f:192.168.157.213:44112], old=null at 0
2019-10-15 22:54:45,417 [grpc-default-executor-1] INFO  impl.RaftServerImpl (ServerState.java:setLeader(255)) - f7aee2ed-06bf-4aad-8464-c585c97c108e@group-BF61A77A5372: change Leader from null to dd65dd0a-dda8-47db-b4b1-a946d688cbb0 at term 1 for appendEntries, leader elected after 5300ms
2019-10-15 22:54:45,417 [grpc-default-executor-5] INFO  impl.RaftServerImpl (ServerState.java:setLeader(255)) - 90e6b9eb-7354-4988-958f-34602f50702c@group-BF61A77A5372: change Leader from null to dd65dd0a-dda8-47db-b4b1-a946d688cbb0 at term 1 for appendEntries, leader elected after 5300ms
2019-10-15 22:54:45,417 [grpc-default-executor-0] INFO  impl.RaftServerImpl (ServerState.java:setLeader(255)) - 8c3b9c04-93ef-45da-955f-d3fc6ab62d67@group-D68BB305B344: change Leader from null to aaf8e68d-5698-433d-8fad-3ccf5c38c15f at term 1 for appendEntries, leader elected after 5208ms
2019-10-15 22:54:45,417 [grpc-default-executor-2] INFO  impl.RaftServerImpl (ServerState.java:setLeader(255)) - 3594faa7-d94e-4af2-ab4a-ef22aa79de86@group-D68BB305B344: change Leader from null to aaf8e68d-5698-433d-8fad-3ccf5c38c15f at term 1 for appendEntries, leader elected after 5208ms
2019-10-15 22:54:45,426 [aaf8e68d-5698-433d-8fad-3ccf5c38c15f@group-D68BB305B344-SegmentedRaftLogWorker] INFO  segmented.SegmentedRaftLogWorker (SegmentedRaftLogWorker.java:execute(574)) - aaf8e68d-5698-433d-8fad-3ccf5c38c15f@group-D68BB305B344-SegmentedRaftLogWorker: created new log segment /workdir/hadoop-ozone/integration-test/target/test-dir/MiniOzoneClusterImpl-7c55876f-3f97-4a05-b001-a0c81006d1f8/datanode-6/data/ratis/c61dba92-6ac7-4fb2-b75d-d68bb305b344/current/log_inprogress_0
2019-10-15 22:54:45,426 [dd65dd0a-dda8-47db-b4b1-a946d688cbb0@group-BF61A77A5372-SegmentedRaftLogWorker] INFO  segmented.SegmentedRaftLogWorker (SegmentedRaftLogWorker.java:execute(574)) - dd65dd0a-dda8-47db-b4b1-a946d688cbb0@group-BF61A77A5372-SegmentedRaftLogWorker: created new log segment /workdir/hadoop-ozone/integration-test/target/test-dir/MiniOzoneClusterImpl-7c55876f-3f97-4a05-b001-a0c81006d1f8/datanode-0/data/ratis/ab42da2c-dea8-4366-a601-bf61a77a5372/current/log_inprogress_0
2019-10-15 22:54:45,449 [grpc-default-executor-0] INFO  impl.RaftServerImpl (ServerState.java:setRaftConf(356)) - 3594faa7-d94e-4af2-ab4a-ef22aa79de86@group-D68BB305B344: set configuration 0: [3594faa7-d94e-4af2-ab4a-ef22aa79de86:192.168.157.213:44254, 8c3b9c04-93ef-45da-955f-d3fc6ab62d67:192.168.157.213:33126, aaf8e68d-5698-433d-8fad-3ccf5c38c15f:192.168.157.213:44112], old=null at 0
2019-10-15 22:54:45,449 [grpc-default-executor-5] INFO  impl.RaftServerImpl (ServerState.java:setRaftConf(356)) - 8c3b9c04-93ef-45da-955f-d3fc6ab62d67@group-D68BB305B344: set configuration 0: [3594faa7-d94e-4af2-ab4a-ef22aa79de86:192.168.157.213:44254, 8c3b9c04-93ef-45da-955f-d3fc6ab62d67:192.168.157.213:33126, aaf8e68d-5698-433d-8fad-3ccf5c38c15f:192.168.157.213:44112], old=null at 0
2019-10-15 22:54:45,449 [grpc-default-executor-2] INFO  impl.RaftServerImpl (ServerState.java:setRaftConf(356)) - 90e6b9eb-7354-4988-958f-34602f50702c@group-BF61A77A5372: set configuration 0: [f7aee2ed-06bf-4aad-8464-c585c97c108e:192.168.157.213:46362, 90e6b9eb-7354-4988-958f-34602f50702c:192.168.157.213:40319, dd65dd0a-dda8-47db-b4b1-a946d688cbb0:192.168.157.213:36412], old=null at 0
2019-10-15 22:54:45,449 [grpc-default-executor-1] INFO  impl.RaftServerImpl (ServerState.java:setRaftConf(356)) - f7aee2ed-06bf-4aad-8464-c585c97c108e@group-BF61A77A5372: set configuration 0: [f7aee2ed-06bf-4aad-8464-c585c97c108e:192.168.157.213:46362, 90e6b9eb-7354-4988-958f-34602f50702c:192.168.157.213:40319, dd65dd0a-dda8-47db-b4b1-a946d688cbb0:192.168.157.213:36412], old=null at 0
2019-10-15 22:54:45,450 [grpc-default-executor-2] INFO  segmented.SegmentedRaftLogWorker (SegmentedRaftLogWorker.java:startLogSegment(385)) - 90e6b9eb-7354-4988-958f-34602f50702c@group-BF61A77A5372-SegmentedRaftLogWorker: Starting segment from index:0
2019-10-15 22:54:45,450 [grpc-default-executor-5] INFO  segmented.SegmentedRaftLogWorker (SegmentedRaftLogWorker.java:startLogSegment(385)) - 8c3b9c04-93ef-45da-955f-d3fc6ab62d67@group-D68BB305B344-SegmentedRaftLogWorker: Starting segment from index:0
2019-10-15 22:54:45,450 [grpc-default-executor-0] INFO  segmented.SegmentedRaftLogWorker (SegmentedRaftLogWorker.java:startLogSegment(385)) - 3594faa7-d94e-4af2-ab4a-ef22aa79de86@group-D68BB305B344-SegmentedRaftLogWorker: Starting segment from index:0
2019-10-15 22:54:45,450 [grpc-default-executor-1] INFO  segmented.SegmentedRaftLogWorker (SegmentedRaftLogWorker.java:startLogSegment(385)) - f7aee2ed-06bf-4aad-8464-c585c97c108e@group-BF61A77A5372-SegmentedRaftLogWorker: Starting segment from index:0
2019-10-15 22:54:45,498 [3594faa7-d94e-4af2-ab4a-ef22aa79de86@group-D68BB305B344-SegmentedRaftLogWorker] INFO  segmented.SegmentedRaftLogWorker (SegmentedRaftLogWorker.java:execute(574)) - 3594faa7-d94e-4af2-ab4a-ef22aa79de86@group-D68BB305B344-SegmentedRaftLogWorker: created new log segment /workdir/hadoop-ozone/integration-test/target/test-dir/MiniOzoneClusterImpl-7c55876f-3f97-4a05-b001-a0c81006d1f8/datanode-4/data/ratis/c61dba92-6ac7-4fb2-b75d-d68bb305b344/current/log_inprogress_0
2019-10-15 22:54:45,498 [8c3b9c04-93ef-45da-955f-d3fc6ab62d67@group-D68BB305B344-SegmentedRaftLogWorker] INFO  segmented.SegmentedRaftLogWorker (SegmentedRaftLogWorker.java:execute(574)) - 8c3b9c04-93ef-45da-955f-d3fc6ab62d67@group-D68BB305B344-SegmentedRaftLogWorker: created new log segment /workdir/hadoop-ozone/integration-test/target/test-dir/MiniOzoneClusterImpl-7c55876f-3f97-4a05-b001-a0c81006d1f8/datanode-3/data/ratis/c61dba92-6ac7-4fb2-b75d-d68bb305b344/current/log_inprogress_0
2019-10-15 22:54:45,498 [f7aee2ed-06bf-4aad-8464-c585c97c108e@group-BF61A77A5372-SegmentedRaftLogWorker] INFO  segmented.SegmentedRaftLogWorker (SegmentedRaftLogWorker.java:execute(574)) - f7aee2ed-06bf-4aad-8464-c585c97c108e@group-BF61A77A5372-SegmentedRaftLogWorker: created new log segment /workdir/hadoop-ozone/integration-test/target/test-dir/MiniOzoneClusterImpl-7c55876f-3f97-4a05-b001-a0c81006d1f8/datanode-2/data/ratis/ab42da2c-dea8-4366-a601-bf61a77a5372/current/log_inprogress_0
2019-10-15 22:54:45,498 [90e6b9eb-7354-4988-958f-34602f50702c@group-BF61A77A5372-SegmentedRaftLogWorker] INFO  segmented.SegmentedRaftLogWorker (SegmentedRaftLogWorker.java:execute(574)) - 90e6b9eb-7354-4988-958f-34602f50702c@group-BF61A77A5372-SegmentedRaftLogWorker: created new log segment /workdir/hadoop-ozone/integration-test/target/test-dir/MiniOzoneClusterImpl-7c55876f-3f97-4a05-b001-a0c81006d1f8/datanode-5/data/ratis/ab42da2c-dea8-4366-a601-bf61a77a5372/current/log_inprogress_0
2019-10-15 22:54:46,812 [Datanode State Machine Thread - 0] INFO  statemachine.DatanodeStateMachine (DatanodeStateMachine.java:lambda$startDaemon$0(350)) - Ozone container server started.
2019-10-15 22:54:50,872 [EventQueue-StaleNodeForStaleNodeHandler] INFO  node.StaleNodeHandler (StaleNodeHandler.java:onMessage(58)) - Datanode f7aee2ed-06bf-4aad-8464-c585c97c108e{ip: 192.168.157.213, host: pr-hdds-2221-lrjgr-1037302595, networkLocation: /default-rack, certSerialId: null} moved to stale state. Finalizing its pipelines [PipelineID=e935c267-93a3-41cb-97fe-b26037bdbbc1, PipelineID=ab42da2c-dea8-4366-a601-bf61a77a5372]
2019-10-15 22:54:50,873 [EventQueue-StaleNodeForStaleNodeHandler] INFO  pipeline.SCMPipelineManager (SCMPipelineManager.java:finalizeAndDestroyPipeline(315)) - destroying pipeline:Pipeline[ Id: e935c267-93a3-41cb-97fe-b26037bdbbc1, Nodes: f7aee2ed-06bf-4aad-8464-c585c97c108e{ip: 192.168.157.213, host: pr-hdds-2221-lrjgr-1037302595, networkLocation: /default-rack, certSerialId: null}, Type:RATIS, Factor:ONE, State:OPEN]
2019-10-15 22:54:50,874 [EventQueue-StaleNodeForStaleNodeHandler] INFO  pipeline.PipelineStateManager (PipelineStateManager.java:finalizePipeline(123)) - Pipeline Pipeline[ Id: e935c267-93a3-41cb-97fe-b26037bdbbc1, Nodes: f7aee2ed-06bf-4aad-8464-c585c97c108e{ip: 192.168.157.213, host: pr-hdds-2221-lrjgr-1037302595, networkLocation: /default-rack, certSerialId: null}, Type:RATIS, Factor:ONE, State:CLOSED] moved to CLOSED state
2019-10-15 22:54:50,876 [EventQueue-StaleNodeForStaleNodeHandler] INFO  pipeline.SCMPipelineManager (SCMPipelineManager.java:finalizeAndDestroyPipeline(315)) - destroying pipeline:Pipeline[ Id: ab42da2c-dea8-4366-a601-bf61a77a5372, Nodes: f7aee2ed-06bf-4aad-8464-c585c97c108e{ip: 192.168.157.213, host: pr-hdds-2221-lrjgr-1037302595, networkLocation: /default-rack, certSerialId: null}90e6b9eb-7354-4988-958f-34602f50702c{ip: 192.168.157.213, host: pr-hdds-2221-lrjgr-1037302595, networkLocation: /default-rack, certSerialId: null}dd65dd0a-dda8-47db-b4b1-a946d688cbb0{ip: 192.168.157.213, host: pr-hdds-2221-lrjgr-1037302595, networkLocation: /default-rack, certSerialId: null}, Type:RATIS, Factor:THREE, State:OPEN]
2019-10-15 22:54:50,876 [EventQueue-StaleNodeForStaleNodeHandler] INFO  pipeline.PipelineStateManager (PipelineStateManager.java:finalizePipeline(123)) - Pipeline Pipeline[ Id: ab42da2c-dea8-4366-a601-bf61a77a5372, Nodes: f7aee2ed-06bf-4aad-8464-c585c97c108e{ip: 192.168.157.213, host: pr-hdds-2221-lrjgr-1037302595, networkLocation: /default-rack, certSerialId: null}90e6b9eb-7354-4988-958f-34602f50702c{ip: 192.168.157.213, host: pr-hdds-2221-lrjgr-1037302595, networkLocation: /default-rack, certSerialId: null}dd65dd0a-dda8-47db-b4b1-a946d688cbb0{ip: 192.168.157.213, host: pr-hdds-2221-lrjgr-1037302595, networkLocation: /default-rack, certSerialId: null}, Type:RATIS, Factor:THREE, State:CLOSED] moved to CLOSED state
2019-10-15 22:54:50,877 [EventQueue-CloseContainerForCloseContainerEventHandler] INFO  container.CloseContainerEventHandler (CloseContainerEventHandler.java:onMessage(61)) - Close container Event triggered for container : #1
2019-10-15 22:54:51,118 [main] INFO  ozoneimpl.OzoneContainer (OzoneContainer.java:stop(227)) - Attempting to stop container services.
2019-10-15 22:54:51,122 [main] INFO  impl.RaftServerProxy (RaftServerProxy.java:lambda$close$4(314)) - f7aee2ed-06bf-4aad-8464-c585c97c108e: close
2019-10-15 22:54:51,124 [main] INFO  impl.RaftServerImpl (RaftServerImpl.java:lambda$shutdown$3(247)) - f7aee2ed-06bf-4aad-8464-c585c97c108e@group-B26037BDBBC1: shutdown
2019-10-15 22:54:51,124 [main] INFO  util.JmxRegister (JmxRegister.java:unregister(73)) - Successfully un-registered JMX Bean with object name Ratis:service=RaftServer,group=group-B26037BDBBC1,id=f7aee2ed-06bf-4aad-8464-c585c97c108e
2019-10-15 22:54:51,125 [main] INFO  impl.RoleInfo (RoleInfo.java:shutdownLeaderState(104)) - f7aee2ed-06bf-4aad-8464-c585c97c108e: shutdown LeaderState
2019-10-15 22:54:51,125 [main] INFO  impl.PendingRequests (PendingRequests.java:sendNotLeaderResponses(202)) - f7aee2ed-06bf-4aad-8464-c585c97c108e@group-B26037BDBBC1-PendingRequests: sendNotLeaderResponses
2019-10-15 22:54:51,127 [main] INFO  impl.StateMachineUpdater (StateMachineUpdater.java:stopAndJoin(136)) - f7aee2ed-06bf-4aad-8464-c585c97c108e@group-B26037BDBBC1-StateMachineUpdater: set stopIndex = 0
2019-10-15 22:54:51,128 [main] INFO  impl.RaftServerImpl (ServerState.java:close(387)) - f7aee2ed-06bf-4aad-8464-c585c97c108e@group-B26037BDBBC1: closes. applyIndex: 0
2019-10-15 22:54:51,130 [f7aee2ed-06bf-4aad-8464-c585c97c108e@group-B26037BDBBC1-SegmentedRaftLogWorker] INFO  segmented.SegmentedRaftLogWorker (SegmentedRaftLogWorker.java:run(316)) - f7aee2ed-06bf-4aad-8464-c585c97c108e@group-B26037BDBBC1-SegmentedRaftLogWorker was interrupted, exiting. There are 0 tasks remaining in the queue.
2019-10-15 22:54:51,133 [main] INFO  segmented.SegmentedRaftLogWorker (SegmentedRaftLogWorker.java:close(224)) - f7aee2ed-06bf-4aad-8464-c585c97c108e@group-B26037BDBBC1-SegmentedRaftLogWorker close()
2019-10-15 22:54:51,136 [main] INFO  impl.RaftServerImpl (RaftServerImpl.java:lambda$shutdown$3(247)) - f7aee2ed-06bf-4aad-8464-c585c97c108e@group-BF61A77A5372: shutdown
2019-10-15 22:54:51,136 [main] INFO  util.JmxRegister (JmxRegister.java:unregister(73)) - Successfully un-registered JMX Bean with object name Ratis:service=RaftServer,group=group-BF61A77A5372,id=f7aee2ed-06bf-4aad-8464-c585c97c108e
2019-10-15 22:54:51,136 [main] INFO  impl.RoleInfo (RoleInfo.java:shutdownFollowerState(121)) - f7aee2ed-06bf-4aad-8464-c585c97c108e: shutdown FollowerState
2019-10-15 22:54:51,137 [main] INFO  impl.StateMachineUpdater (StateMachineUpdater.java:stopAndJoin(136)) - f7aee2ed-06bf-4aad-8464-c585c97c108e@group-BF61A77A5372-StateMachineUpdater: set stopIndex = 16
2019-10-15 22:54:51,137 [f7aee2ed-06bf-4aad-8464-c585c97c108e@group-BF61A77A5372-StateMachineUpdater] INFO  ratis.ContainerStateMachine (ContainerStateMachine.java:takeSnapshot(294)) - group-BF61A77A5372: Taking a snapshot at:(t:1, i:14) file /workdir/hadoop-ozone/integration-test/target/test-dir/MiniOzoneClusterImpl-7c55876f-3f97-4a05-b001-a0c81006d1f8/datanode-2/data/ratis/ab42da2c-dea8-4366-a601-bf61a77a5372/sm/snapshot.1_14
2019-10-15 22:54:51,137 [Thread-319] INFO  impl.FollowerState (FollowerState.java:run(117)) - f7aee2ed-06bf-4aad-8464-c585c97c108e@group-BF61A77A5372-FollowerState was interrupted: java.lang.InterruptedException: sleep interrupted
2019-10-15 22:54:51,252 [f7aee2ed-06bf-4aad-8464-c585c97c108e@group-BF61A77A5372-StateMachineUpdater] INFO  ratis.ContainerStateMachine (ContainerStateMachine.java:takeSnapshot(305)) - group-BF61A77A5372: Finished taking a snapshot at:(t:1, i:14) file:/workdir/hadoop-ozone/integration-test/target/test-dir/MiniOzoneClusterImpl-7c55876f-3f97-4a05-b001-a0c81006d1f8/datanode-2/data/ratis/ab42da2c-dea8-4366-a601-bf61a77a5372/sm/snapshot.1_14 time:115
2019-10-15 22:54:51,254 [f7aee2ed-06bf-4aad-8464-c585c97c108e@group-BF61A77A5372-StateMachineUpdater] INFO  impl.StateMachineUpdater (StateMachineUpdater.java:takeSnapshot(269)) - f7aee2ed-06bf-4aad-8464-c585c97c108e@group-BF61A77A5372-StateMachineUpdater: Took a snapshot at index 14
2019-10-15 22:54:51,256 [f7aee2ed-06bf-4aad-8464-c585c97c108e@group-BF61A77A5372-StateMachineUpdater] INFO  impl.StateMachineUpdater (StateMachineUpdater.java:lambda$new$0(84)) - f7aee2ed-06bf-4aad-8464-c585c97c108e@group-BF61A77A5372-StateMachineUpdater: snapshotIndex: updateIncreasingly -1 -> 14
2019-10-15 22:54:51,261 [f7aee2ed-06bf-4aad-8464-c585c97c108e@group-BF61A77A5372-StateMachineUpdater] INFO  ratis.ContainerStateMachine (ContainerStateMachine.java:takeSnapshot(294)) - group-BF61A77A5372: Taking a snapshot at:(t:1, i:14) file /workdir/hadoop-ozone/integration-test/target/test-dir/MiniOzoneClusterImpl-7c55876f-3f97-4a05-b001-a0c81006d1f8/datanode-2/data/ratis/ab42da2c-dea8-4366-a601-bf61a77a5372/sm/snapshot.1_14
2019-10-15 22:54:51,284 [f7aee2ed-06bf-4aad-8464-c585c97c108e@group-BF61A77A5372-StateMachineUpdater] INFO  ratis.ContainerStateMachine (ContainerStateMachine.java:takeSnapshot(305)) - group-BF61A77A5372: Finished taking a snapshot at:(t:1, i:14) file:/workdir/hadoop-ozone/integration-test/target/test-dir/MiniOzoneClusterImpl-7c55876f-3f97-4a05-b001-a0c81006d1f8/datanode-2/data/ratis/ab42da2c-dea8-4366-a601-bf61a77a5372/sm/snapshot.1_14 time:22
2019-10-15 22:54:51,284 [f7aee2ed-06bf-4aad-8464-c585c97c108e@group-BF61A77A5372-StateMachineUpdater] INFO  impl.StateMachineUpdater (StateMachineUpdater.java:takeSnapshot(269)) - f7aee2ed-06bf-4aad-8464-c585c97c108e@group-BF61A77A5372-StateMachineUpdater: Took a snapshot at index 14
2019-10-15 22:54:51,284 [f7aee2ed-06bf-4aad-8464-c585c97c108e@group-BF61A77A5372-StateMachineUpdater] INFO  impl.StateMachineUpdater (StateMachineUpdater.java:lambda$new$0(84)) - f7aee2ed-06bf-4aad-8464-c585c97c108e@group-BF61A77A5372-StateMachineUpdater: snapshotIndex: updateIncreasingly 14 -> 14
2019-10-15 22:54:51,285 [main] INFO  impl.RaftServerImpl (ServerState.java:close(387)) - f7aee2ed-06bf-4aad-8464-c585c97c108e@group-BF61A77A5372: closes. applyIndex: 16
2019-10-15 22:54:51,285 [f7aee2ed-06bf-4aad-8464-c585c97c108e@group-BF61A77A5372-SegmentedRaftLogWorker] INFO  segmented.SegmentedRaftLogWorker (SegmentedRaftLogWorker.java:run(316)) - f7aee2ed-06bf-4aad-8464-c585c97c108e@group-BF61A77A5372-SegmentedRaftLogWorker was interrupted, exiting. There are 0 tasks remaining in the queue.
2019-10-15 22:54:51,289 [main] INFO  segmented.SegmentedRaftLogWorker (SegmentedRaftLogWorker.java:close(224)) - f7aee2ed-06bf-4aad-8464-c585c97c108e@group-BF61A77A5372-SegmentedRaftLogWorker close()
2019-10-15 22:54:51,291 [main] INFO  server.GrpcService (GrpcService.java:closeImpl(164)) - f7aee2ed-06bf-4aad-8464-c585c97c108e: shutdown server with port 46362 now
2019-10-15 22:54:51,300 [main] INFO  server.GrpcService (GrpcService.java:closeImpl(172)) - f7aee2ed-06bf-4aad-8464-c585c97c108e: shutdown server with port 46362 successfully
2019-10-15 22:54:51,301 [grpc-default-executor-5] WARN  server.GrpcServerProtocolService (LogUtils.java:warn(134)) - f7aee2ed-06bf-4aad-8464-c585c97c108e: installSnapshot onError, lastRequest: dd65dd0a-dda8-47db-b4b1-a946d688cbb0->f7aee2ed-06bf-4aad-8464-c585c97c108e#19-t1, previous=(t:1, i:16), leaderCommit=16, initializing? false, entries: <empty>: org.apache.ratis.thirdparty.io.grpc.StatusRuntimeException: CANCELLED: cancelled before receiving half close
2019-10-15 22:54:51,302 [grpc-default-executor-2] WARN  server.GrpcLogAppender (LogUtils.java:warn(134)) - dd65dd0a-dda8-47db-b4b1-a946d688cbb0@group-BF61A77A5372->f7aee2ed-06bf-4aad-8464-c585c97c108e-AppendLogResponseHandler: Failed appendEntries: org.apache.ratis.thirdparty.io.grpc.StatusRuntimeException: CANCELLED: HTTP/2 error code: CANCEL
Received Rst Stream
2019-10-15 22:54:51,306 [refreshUsed-/workdir/hadoop-ozone/integration-test/target/test-dir/MiniOzoneClusterImpl-7c55876f-3f97-4a05-b001-a0c81006d1f8/datanode-2/data/containers] WARN  fs.CachingGetSpaceUsed (CachingGetSpaceUsed.java:run(183)) - Thread Interrupted waiting to refresh disk information: sleep interrupted
2019-10-15 22:54:51,306 [grpc-default-executor-2] INFO  impl.FollowerInfo (FollowerInfo.java:lambda$new$0(51)) - dd65dd0a-dda8-47db-b4b1-a946d688cbb0@group-BF61A77A5372->f7aee2ed-06bf-4aad-8464-c585c97c108e: nextIndex: updateUnconditionally 17 -> 16
2019-10-15 22:54:51,333 [main] INFO  utils.BackgroundService (BackgroundService.java:shutdown(151)) - Shutting down service BlockDeletingService
2019-10-15 22:54:51,338 [main] INFO  statemachine.DatanodeStateMachine (DatanodeStateMachine.java:stopDaemon(395)) - Ozone container server stopped.
2019-10-15 22:54:51,343 [main] INFO  handler.ContextHandler (ContextHandler.java:doStop(910)) - Stopped o.e.j.w.WebAppContext@80bfdc6{/,null,UNAVAILABLE}{/hddsDatanode}
2019-10-15 22:54:51,349 [main] INFO  server.AbstractConnector (AbstractConnector.java:doStop(318)) - Stopped ServerConnector@6edcad64{HTTP/1.1,[http/1.1]}{0.0.0.0:0}
2019-10-15 22:54:51,349 [main] INFO  handler.ContextHandler (ContextHandler.java:doStop(910)) - Stopped o.e.j.s.ServletContextHandler@d109c4f{/static,jar:file:/home/user/.m2/repository/org/apache/hadoop/hadoop-hdds-container-service/0.5.0-SNAPSHOT/hadoop-hdds-container-service-0.5.0-SNAPSHOT.jar!/webapps/static,UNAVAILABLE}
2019-10-15 22:54:51,350 [main] INFO  handler.ContextHandler (ContextHandler.java:doStop(910)) - Stopped o.e.j.s.ServletContextHandler@4eba373c{/logs,file:///workdir/hadoop-ozone/integration-test/target/log,UNAVAILABLE}
2019-10-15 22:54:51,813 [Datanode State Machine Thread - 0] INFO  statemachine.DatanodeStateMachine (DatanodeStateMachine.java:lambda$startDaemon$0(350)) - Ozone container server started.
2019-10-15 22:54:52,859 [grpc-default-executor-5] WARN  server.GrpcLogAppender (LogUtils.java:warn(134)) - dd65dd0a-dda8-47db-b4b1-a946d688cbb0@group-BF61A77A5372->f7aee2ed-06bf-4aad-8464-c585c97c108e-AppendLogResponseHandler: Failed appendEntries: org.apache.ratis.thirdparty.io.grpc.StatusRuntimeException: UNAVAILABLE: io exception
2019-10-15 22:54:52,863 [grpc-default-executor-5] INFO  impl.FollowerInfo (FollowerInfo.java:lambda$new$0(51)) - dd65dd0a-dda8-47db-b4b1-a946d688cbb0@group-BF61A77A5372->f7aee2ed-06bf-4aad-8464-c585c97c108e: nextIndex: updateUnconditionally 17 -> 16
2019-10-15 22:54:52,868 [grpc-default-executor-0] WARN  server.GrpcLogAppender (LogUtils.java:warn(134)) - dd65dd0a-dda8-47db-b4b1-a946d688cbb0@group-BF61A77A5372->f7aee2ed-06bf-4aad-8464-c585c97c108e-AppendLogResponseHandler: Failed appendEntries: org.apache.ratis.thirdparty.io.grpc.StatusRuntimeException: UNAVAILABLE: io exception
2019-10-15 22:54:52,870 [grpc-default-executor-0] INFO  impl.FollowerInfo (FollowerInfo.java:lambda$new$0(51)) - dd65dd0a-dda8-47db-b4b1-a946d688cbb0@group-BF61A77A5372->f7aee2ed-06bf-4aad-8464-c585c97c108e: nextIndex: updateUnconditionally 17 -> 16
2019-10-15 22:54:52,883 [grpc-default-executor-2] WARN  server.GrpcLogAppender (LogUtils.java:warn(134)) - dd65dd0a-dda8-47db-b4b1-a946d688cbb0@group-BF61A77A5372->f7aee2ed-06bf-4aad-8464-c585c97c108e-AppendLogResponseHandler: Failed appendEntries: org.apache.ratis.thirdparty.io.grpc.StatusRuntimeException: UNAVAILABLE: io exception
2019-10-15 22:54:52,885 [grpc-default-executor-2] INFO  impl.FollowerInfo (FollowerInfo.java:lambda$new$0(51)) - dd65dd0a-dda8-47db-b4b1-a946d688cbb0@group-BF61A77A5372->f7aee2ed-06bf-4aad-8464-c585c97c108e: nextIndex: updateUnconditionally 17 -> 16
2019-10-15 22:54:52,890 [RatisApplyTransactionExecutor 1] INFO  interfaces.Container (KeyValueContainer.java:flushAndSyncDB(386)) - Container 1 is synced with bcsId 14.
2019-10-15 22:54:52,891 [RatisApplyTransactionExecutor 1] INFO  interfaces.Container (KeyValueContainer.java:flushAndSyncDB(386)) - Container 1 is synced with bcsId 14.
2019-10-15 22:54:52,906 [RatisApplyTransactionExecutor 1] INFO  interfaces.Container (KeyValueContainer.java:close(335)) - Container 1 is closed with bcsId 14.
2019-10-15 22:54:52,911 [EventQueue-IncrementalContainerReportForIncrementalContainerReportHandler] INFO  container.IncrementalContainerReportHandler (AbstractContainerReportHandler.java:updateContainerState(178)) - Moving container #1 to CLOSED state, datanode dd65dd0a-dda8-47db-b4b1-a946d688cbb0{ip: 192.168.157.213, host: pr-hdds-2221-lrjgr-1037302595, networkLocation: /default-rack, certSerialId: null} reported CLOSED replica.
2019-10-15 22:54:52,921 [RatisApplyTransactionExecutor 1] INFO  interfaces.Container (KeyValueContainer.java:flushAndSyncDB(386)) - Container 1 is synced with bcsId 14.
2019-10-15 22:54:52,922 [RatisApplyTransactionExecutor 1] INFO  interfaces.Container (KeyValueContainer.java:flushAndSyncDB(386)) - Container 1 is synced with bcsId 14.
2019-10-15 22:54:52,938 [RatisApplyTransactionExecutor 1] INFO  interfaces.Container (KeyValueContainer.java:close(335)) - Container 1 is closed with bcsId 14.
2019-10-15 22:54:55,400 [grpc-default-executor-1] WARN  server.GrpcLogAppender (LogUtils.java:warn(134)) - dd65dd0a-dda8-47db-b4b1-a946d688cbb0@group-BF61A77A5372->f7aee2ed-06bf-4aad-8464-c585c97c108e-AppendLogResponseHandler: Failed appendEntries: org.apache.ratis.thirdparty.io.grpc.StatusRuntimeException: UNAVAILABLE: io exception
2019-10-15 22:54:55,403 [grpc-default-executor-1] INFO  impl.FollowerInfo (FollowerInfo.java:lambda$new$0(51)) - dd65dd0a-dda8-47db-b4b1-a946d688cbb0@group-BF61A77A5372->f7aee2ed-06bf-4aad-8464-c585c97c108e: nextIndex: updateUnconditionally 16 -> 15
2019-10-15 22:54:55,886 [EventQueue-StaleNodeForStaleNodeHandler] INFO  node.StaleNodeHandler (StaleNodeHandler.java:onMessage(58)) - Datanode 90e6b9eb-7354-4988-958f-34602f50702c{ip: 192.168.157.213, host: pr-hdds-2221-lrjgr-1037302595, networkLocation: /default-rack, certSerialId: null} moved to stale state. Finalizing its pipelines [PipelineID=ab42da2c-dea8-4366-a601-bf61a77a5372, PipelineID=1bfed745-a031-4e89-b642-80c5124f22c5]
2019-10-15 22:54:55,887 [EventQueue-StaleNodeForStaleNodeHandler] INFO  pipeline.SCMPipelineManager (SCMPipelineManager.java:finalizeAndDestroyPipeline(315)) - destroying pipeline:Pipeline[ Id: ab42da2c-dea8-4366-a601-bf61a77a5372, Nodes: f7aee2ed-06bf-4aad-8464-c585c97c108e{ip: 192.168.157.213, host: pr-hdds-2221-lrjgr-1037302595, networkLocation: /default-rack, certSerialId: null}90e6b9eb-7354-4988-958f-34602f50702c{ip: 192.168.157.213, host: pr-hdds-2221-lrjgr-1037302595, networkLocation: /default-rack, certSerialId: null}dd65dd0a-dda8-47db-b4b1-a946d688cbb0{ip: 192.168.157.213, host: pr-hdds-2221-lrjgr-1037302595, networkLocation: /default-rack, certSerialId: null}, Type:RATIS, Factor:THREE, State:CLOSED]
2019-10-15 22:54:55,887 [EventQueue-StaleNodeForStaleNodeHandler] INFO  pipeline.SCMPipelineManager (SCMPipelineManager.java:finalizeAndDestroyPipeline(315)) - destroying pipeline:Pipeline[ Id: 1bfed745-a031-4e89-b642-80c5124f22c5, Nodes: 90e6b9eb-7354-4988-958f-34602f50702c{ip: 192.168.157.213, host: pr-hdds-2221-lrjgr-1037302595, networkLocation: /default-rack, certSerialId: null}, Type:RATIS, Factor:ONE, State:OPEN]
2019-10-15 22:54:55,888 [EventQueue-StaleNodeForStaleNodeHandler] INFO  pipeline.PipelineStateManager (PipelineStateManager.java:finalizePipeline(123)) - Pipeline Pipeline[ Id: 1bfed745-a031-4e89-b642-80c5124f22c5, Nodes: 90e6b9eb-7354-4988-958f-34602f50702c{ip: 192.168.157.213, host: pr-hdds-2221-lrjgr-1037302595, networkLocation: /default-rack, certSerialId: null}, Type:RATIS, Factor:ONE, State:CLOSED] moved to CLOSED state
2019-10-15 22:54:56,353 [main] INFO  ozoneimpl.OzoneContainer (OzoneContainer.java:stop(227)) - Attempting to stop container services.
2019-10-15 22:54:56,356 [main] INFO  impl.RaftServerProxy (RaftServerProxy.java:lambda$close$4(314)) - 90e6b9eb-7354-4988-958f-34602f50702c: close
2019-10-15 22:54:56,357 [main] INFO  impl.RaftServerImpl (RaftServerImpl.java:lambda$shutdown$3(247)) - 90e6b9eb-7354-4988-958f-34602f50702c@group-BF61A77A5372: shutdown
2019-10-15 22:54:56,357 [main] INFO  util.JmxRegister (JmxRegister.java:unregister(73)) - Successfully un-registered JMX Bean with object name Ratis:service=RaftServer,group=group-BF61A77A5372,id=90e6b9eb-7354-4988-958f-34602f50702c
2019-10-15 22:54:56,358 [main] INFO  impl.RoleInfo (RoleInfo.java:shutdownFollowerState(121)) - 90e6b9eb-7354-4988-958f-34602f50702c: shutdown FollowerState
2019-10-15 22:54:56,358 [main] INFO  impl.StateMachineUpdater (StateMachineUpdater.java:stopAndJoin(136)) - 90e6b9eb-7354-4988-958f-34602f50702c@group-BF61A77A5372-StateMachineUpdater: set stopIndex = 18
2019-10-15 22:54:56,358 [90e6b9eb-7354-4988-958f-34602f50702c@group-BF61A77A5372-StateMachineUpdater] INFO  ratis.ContainerStateMachine (ContainerStateMachine.java:takeSnapshot(294)) - group-BF61A77A5372: Taking a snapshot at:(t:1, i:17) file /workdir/hadoop-ozone/integration-test/target/test-dir/MiniOzoneClusterImpl-7c55876f-3f97-4a05-b001-a0c81006d1f8/datanode-5/data/ratis/ab42da2c-dea8-4366-a601-bf61a77a5372/sm/snapshot.1_17
2019-10-15 22:54:56,358 [Thread-315] INFO  impl.FollowerState (FollowerState.java:run(117)) - 90e6b9eb-7354-4988-958f-34602f50702c@group-BF61A77A5372-FollowerState was interrupted: java.lang.InterruptedException: sleep interrupted
2019-10-15 22:54:56,374 [90e6b9eb-7354-4988-958f-34602f50702c@group-BF61A77A5372-StateMachineUpdater] INFO  ratis.ContainerStateMachine (ContainerStateMachine.java:takeSnapshot(305)) - group-BF61A77A5372: Finished taking a snapshot at:(t:1, i:17) file:/workdir/hadoop-ozone/integration-test/target/test-dir/MiniOzoneClusterImpl-7c55876f-3f97-4a05-b001-a0c81006d1f8/datanode-5/data/ratis/ab42da2c-dea8-4366-a601-bf61a77a5372/sm/snapshot.1_17 time:15
2019-10-15 22:54:56,374 [90e6b9eb-7354-4988-958f-34602f50702c@group-BF61A77A5372-StateMachineUpdater] INFO  impl.StateMachineUpdater (StateMachineUpdater.java:takeSnapshot(269)) - 90e6b9eb-7354-4988-958f-34602f50702c@group-BF61A77A5372-StateMachineUpdater: Took a snapshot at index 17
2019-10-15 22:54:56,374 [90e6b9eb-7354-4988-958f-34602f50702c@group-BF61A77A5372-StateMachineUpdater] INFO  impl.StateMachineUpdater (StateMachineUpdater.java:lambda$new$0(84)) - 90e6b9eb-7354-4988-958f-34602f50702c@group-BF61A77A5372-StateMachineUpdater: snapshotIndex: updateIncreasingly -1 -> 17
2019-10-15 22:54:56,375 [90e6b9eb-7354-4988-958f-34602f50702c@group-BF61A77A5372-StateMachineUpdater] INFO  ratis.ContainerStateMachine (ContainerStateMachine.java:takeSnapshot(294)) - group-BF61A77A5372: Taking a snapshot at:(t:1, i:17) file /workdir/hadoop-ozone/integration-test/target/test-dir/MiniOzoneClusterImpl-7c55876f-3f97-4a05-b001-a0c81006d1f8/datanode-5/data/ratis/ab42da2c-dea8-4366-a601-bf61a77a5372/sm/snapshot.1_17
2019-10-15 22:54:56,387 [90e6b9eb-7354-4988-958f-34602f50702c@group-BF61A77A5372-StateMachineUpdater] INFO  ratis.ContainerStateMachine (ContainerStateMachine.java:takeSnapshot(305)) - group-BF61A77A5372: Finished taking a snapshot at:(t:1, i:17) file:/workdir/hadoop-ozone/integration-test/target/test-dir/MiniOzoneClusterImpl-7c55876f-3f97-4a05-b001-a0c81006d1f8/datanode-5/data/ratis/ab42da2c-dea8-4366-a601-bf61a77a5372/sm/snapshot.1_17 time:12
2019-10-15 22:54:56,388 [90e6b9eb-7354-4988-958f-34602f50702c@group-BF61A77A5372-StateMachineUpdater] INFO  impl.StateMachineUpdater (StateMachineUpdater.java:takeSnapshot(269)) - 90e6b9eb-7354-4988-958f-34602f50702c@group-BF61A77A5372-StateMachineUpdater: Took a snapshot at index 17
2019-10-15 22:54:56,388 [90e6b9eb-7354-4988-958f-34602f50702c@group-BF61A77A5372-StateMachineUpdater] INFO  impl.StateMachineUpdater (StateMachineUpdater.java:lambda$new$0(84)) - 90e6b9eb-7354-4988-958f-34602f50702c@group-BF61A77A5372-StateMachineUpdater: snapshotIndex: updateIncreasingly 17 -> 17
2019-10-15 22:54:56,388 [main] INFO  impl.RaftServerImpl (ServerState.java:close(387)) - 90e6b9eb-7354-4988-958f-34602f50702c@group-BF61A77A5372: closes. applyIndex: 18
2019-10-15 22:54:56,389 [90e6b9eb-7354-4988-958f-34602f50702c@group-BF61A77A5372-SegmentedRaftLogWorker] INFO  segmented.SegmentedRaftLogWorker (SegmentedRaftLogWorker.java:run(316)) - 90e6b9eb-7354-4988-958f-34602f50702c@group-BF61A77A5372-SegmentedRaftLogWorker was interrupted, exiting. There are 0 tasks remaining in the queue.
2019-10-15 22:54:56,396 [main] INFO  segmented.SegmentedRaftLogWorker (SegmentedRaftLogWorker.java:close(224)) - 90e6b9eb-7354-4988-958f-34602f50702c@group-BF61A77A5372-SegmentedRaftLogWorker close()
2019-10-15 22:54:56,399 [main] INFO  impl.RaftServerImpl (RaftServerImpl.java:lambda$shutdown$3(247)) - 90e6b9eb-7354-4988-958f-34602f50702c@group-80C5124F22C5: shutdown
2019-10-15 22:54:56,400 [main] INFO  util.JmxRegister (JmxRegister.java:unregister(73)) - Successfully un-registered JMX Bean with object name Ratis:service=RaftServer,group=group-80C5124F22C5,id=90e6b9eb-7354-4988-958f-34602f50702c
2019-10-15 22:54:56,400 [main] INFO  impl.RoleInfo (RoleInfo.java:shutdownLeaderState(104)) - 90e6b9eb-7354-4988-958f-34602f50702c: shutdown LeaderState
2019-10-15 22:54:56,400 [main] INFO  impl.PendingRequests (PendingRequests.java:sendNotLeaderResponses(202)) - 90e6b9eb-7354-4988-958f-34602f50702c@group-80C5124F22C5-PendingRequests: sendNotLeaderResponses
2019-10-15 22:54:56,401 [main] INFO  impl.StateMachineUpdater (StateMachineUpdater.java:stopAndJoin(136)) - 90e6b9eb-7354-4988-958f-34602f50702c@group-80C5124F22C5-StateMachineUpdater: set stopIndex = 0
2019-10-15 22:54:56,401 [main] INFO  impl.RaftServerImpl (ServerState.java:close(387)) - 90e6b9eb-7354-4988-958f-34602f50702c@group-80C5124F22C5: closes. applyIndex: 0
2019-10-15 22:54:56,402 [90e6b9eb-7354-4988-958f-34602f50702c@group-80C5124F22C5-SegmentedRaftLogWorker] INFO  segmented.SegmentedRaftLogWorker (SegmentedRaftLogWorker.java:run(316)) - 90e6b9eb-7354-4988-958f-34602f50702c@group-80C5124F22C5-SegmentedRaftLogWorker was interrupted, exiting. There are 0 tasks remaining in the queue.
2019-10-15 22:54:56,403 [main] INFO  segmented.SegmentedRaftLogWorker (SegmentedRaftLogWorker.java:close(224)) - 90e6b9eb-7354-4988-958f-34602f50702c@group-80C5124F22C5-SegmentedRaftLogWorker close()
2019-10-15 22:54:56,404 [main] INFO  server.GrpcService (GrpcService.java:closeImpl(164)) - 90e6b9eb-7354-4988-958f-34602f50702c: shutdown server with port 40319 now
2019-10-15 22:54:56,406 [grpc-default-executor-2] WARN  server.GrpcServerProtocolService (LogUtils.java:warn(134)) - 90e6b9eb-7354-4988-958f-34602f50702c: installSnapshot onError, lastRequest: dd65dd0a-dda8-47db-b4b1-a946d688cbb0->90e6b9eb-7354-4988-958f-34602f50702c#22-t1, previous=(t:1, i:18), leaderCommit=18, initializing? false, entries: <empty>: org.apache.ratis.thirdparty.io.grpc.StatusRuntimeException: CANCELLED: cancelled before receiving half close
2019-10-15 22:54:56,407 [main] INFO  server.GrpcService (GrpcService.java:closeImpl(172)) - 90e6b9eb-7354-4988-958f-34602f50702c: shutdown server with port 40319 successfully
2019-10-15 22:54:56,411 [grpc-default-executor-0] WARN  server.GrpcLogAppender (LogUtils.java:warn(134)) - dd65dd0a-dda8-47db-b4b1-a946d688cbb0@group-BF61A77A5372->90e6b9eb-7354-4988-958f-34602f50702c-AppendLogResponseHandler: Failed appendEntries: org.apache.ratis.thirdparty.io.grpc.StatusRuntimeException: CANCELLED: HTTP/2 error code: CANCEL
Received Rst Stream
2019-10-15 22:54:56,412 [grpc-default-executor-0] INFO  impl.FollowerInfo (FollowerInfo.java:lambda$new$0(51)) - dd65dd0a-dda8-47db-b4b1-a946d688cbb0@group-BF61A77A5372->90e6b9eb-7354-4988-958f-34602f50702c: nextIndex: updateUnconditionally 19 -> 18
2019-10-15 22:54:56,421 [refreshUsed-/workdir/hadoop-ozone/integration-test/target/test-dir/MiniOzoneClusterImpl-7c55876f-3f97-4a05-b001-a0c81006d1f8/datanode-5/data/containers] WARN  fs.CachingGetSpaceUsed (CachingGetSpaceUsed.java:run(183)) - Thread Interrupted waiting to refresh disk information: sleep interrupted
2019-10-15 22:54:56,438 [main] INFO  utils.BackgroundService (BackgroundService.java:shutdown(151)) - Shutting down service BlockDeletingService
2019-10-15 22:54:56,441 [main] INFO  statemachine.DatanodeStateMachine (DatanodeStateMachine.java:stopDaemon(395)) - Ozone container server stopped.
2019-10-15 22:54:56,442 [main] INFO  handler.ContextHandler (ContextHandler.java:doStop(910)) - Stopped o.e.j.w.WebAppContext@56dfab87{/,null,UNAVAILABLE}{/hddsDatanode}
2019-10-15 22:54:56,443 [main] INFO  server.AbstractConnector (AbstractConnector.java:doStop(318)) - Stopped ServerConnector@715b886f{HTTP/1.1,[http/1.1]}{0.0.0.0:0}
2019-10-15 22:54:56,444 [main] INFO  handler.ContextHandler (ContextHandler.java:doStop(910)) - Stopped o.e.j.s.ServletContextHandler@72f9f27c{/static,jar:file:/home/user/.m2/repository/org/apache/hadoop/hadoop-hdds-container-service/0.5.0-SNAPSHOT/hadoop-hdds-container-service-0.5.0-SNAPSHOT.jar!/webapps/static,UNAVAILABLE}
2019-10-15 22:54:56,444 [main] INFO  handler.ContextHandler (ContextHandler.java:doStop(910)) - Stopped o.e.j.s.ServletContextHandler@43af351a{/logs,file:///workdir/hadoop-ozone/integration-test/target/log,UNAVAILABLE}
22:54:56.452 [grpc-default-executor-2] ERROR DNAudit - user=null | ip=null | op=WRITE_CHUNK {blockData=conID: 1 locID: 102968857806045184 bcsId: 14} | ret=FAILURE
org.apache.hadoop.hdds.scm.container.common.helpers.ContainerNotOpenException: Container 1 in CLOSED state
	at org.apache.hadoop.ozone.container.common.impl.HddsDispatcher.validateContainerCommand(HddsDispatcher.java:436) ~[hadoop-hdds-container-service-0.5.0-SNAPSHOT.jar:?]
	at org.apache.hadoop.ozone.container.common.transport.server.ratis.ContainerStateMachine.startTransaction(ContainerStateMachine.java:320) ~[hadoop-hdds-container-service-0.5.0-SNAPSHOT.jar:?]
	at org.apache.ratis.server.impl.RaftServerImpl.submitClientRequestAsync(RaftServerImpl.java:569) ~[ratis-server-0.5.0-201fc85-SNAPSHOT.jar:0.5.0-201fc85-SNAPSHOT]
	at org.apache.ratis.server.impl.RaftServerProxy.lambda$submitClientRequestAsync$7(RaftServerProxy.java:333) ~[ratis-server-0.5.0-201fc85-SNAPSHOT.jar:0.5.0-201fc85-SNAPSHOT]
	at org.apache.ratis.server.impl.RaftServerProxy.lambda$null$5(RaftServerProxy.java:328) ~[ratis-server-0.5.0-201fc85-SNAPSHOT.jar:0.5.0-201fc85-SNAPSHOT]
	at org.apache.ratis.util.JavaUtils.callAsUnchecked(JavaUtils.java:109) ~[ratis-common-0.5.0-201fc85-SNAPSHOT.jar:0.5.0-201fc85-SNAPSHOT]
	at org.apache.ratis.server.impl.RaftServerProxy.lambda$submitRequest$6(RaftServerProxy.java:328) ~[ratis-server-0.5.0-201fc85-SNAPSHOT.jar:0.5.0-201fc85-SNAPSHOT]
	at java.util.concurrent.CompletableFuture.uniComposeStage(CompletableFuture.java:981) ~[?:1.8.0_222]
	at java.util.concurrent.CompletableFuture.thenCompose(CompletableFuture.java:2124) ~[?:1.8.0_222]
	at org.apache.ratis.server.impl.RaftServerProxy.submitRequest(RaftServerProxy.java:327) ~[ratis-server-0.5.0-201fc85-SNAPSHOT.jar:0.5.0-201fc85-SNAPSHOT]
	at org.apache.ratis.server.impl.RaftServerProxy.submitClientRequestAsync(RaftServerProxy.java:333) ~[ratis-server-0.5.0-201fc85-SNAPSHOT.jar:0.5.0-201fc85-SNAPSHOT]
	at org.apache.ratis.grpc.client.GrpcClientProtocolService$RequestStreamObserver.processClientRequest(GrpcClientProtocolService.java:220) ~[ratis-grpc-0.5.0-201fc85-SNAPSHOT.jar:0.5.0-201fc85-SNAPSHOT]
	at org.apache.ratis.grpc.client.GrpcClientProtocolService$OrderedRequestStreamObserver.processClientRequest(GrpcClientProtocolService.java:326) ~[ratis-grpc-0.5.0-201fc85-SNAPSHOT.jar:0.5.0-201fc85-SNAPSHOT]
	at org.apache.ratis.util.SlidingWindow$Server.processRequestsFromHead(SlidingWindow.java:429) [ratis-common-0.5.0-201fc85-SNAPSHOT.jar:0.5.0-201fc85-SNAPSHOT]
	at org.apache.ratis.util.SlidingWindow$Server.receivedRequest(SlidingWindow.java:421) [ratis-common-0.5.0-201fc85-SNAPSHOT.jar:0.5.0-201fc85-SNAPSHOT]
	at org.apache.ratis.grpc.client.GrpcClientProtocolService$OrderedRequestStreamObserver.processClientRequest(GrpcClientProtocolService.java:345) [ratis-grpc-0.5.0-201fc85-SNAPSHOT.jar:0.5.0-201fc85-SNAPSHOT]
	at org.apache.ratis.grpc.client.GrpcClientProtocolService$RequestStreamObserver.onNext(GrpcClientProtocolService.java:240) [ratis-grpc-0.5.0-201fc85-SNAPSHOT.jar:0.5.0-201fc85-SNAPSHOT]
	at org.apache.ratis.grpc.client.GrpcClientProtocolService$RequestStreamObserver.onNext(GrpcClientProtocolService.java:168) [ratis-grpc-0.5.0-201fc85-SNAPSHOT.jar:0.5.0-201fc85-SNAPSHOT]
	at org.apache.ratis.thirdparty.io.grpc.stub.ServerCalls$StreamingServerCallHandler$StreamingServerCallListener.onMessage(ServerCalls.java:248) [ratis-thirdparty-misc-0.2.0.jar:0.2.0]
	at org.apache.ratis.thirdparty.io.grpc.internal.ServerCallImpl$ServerStreamListenerImpl.messagesAvailable(ServerCallImpl.java:263) [ratis-thirdparty-misc-0.2.0.jar:0.2.0]
	at org.apache.ratis.thirdparty.io.grpc.internal.ServerImpl$JumpToApplicationThreadServerStreamListener$1MessagesAvailable.runInContext(ServerImpl.java:686) [ratis-thirdparty-misc-0.2.0.jar:0.2.0]
	at org.apache.ratis.thirdparty.io.grpc.internal.ContextRunnable.run(ContextRunnable.java:37) [ratis-thirdparty-misc-0.2.0.jar:0.2.0]
	at org.apache.ratis.thirdparty.io.grpc.internal.SerializingExecutor.run(SerializingExecutor.java:123) [ratis-thirdparty-misc-0.2.0.jar:0.2.0]
	at java.util.concurrent.ThreadPoolExecutor.runWorker(ThreadPoolExecutor.java:1149) [?:1.8.0_222]
	at java.util.concurrent.ThreadPoolExecutor$Worker.run(ThreadPoolExecutor.java:624) [?:1.8.0_222]
	at java.lang.Thread.run(Thread.java:748) [?:1.8.0_222]
22:54:56.475 [grpc-default-executor-2] ERROR DNAudit - user=null | ip=null | op=WRITE_CHUNK {blockData=conID: 1 locID: 102968857806045184 bcsId: 14} | ret=FAILURE
org.apache.hadoop.hdds.scm.container.common.helpers.ContainerNotOpenException: Container 1 in CLOSED state
	at org.apache.hadoop.ozone.container.common.impl.HddsDispatcher.validateContainerCommand(HddsDispatcher.java:436) ~[hadoop-hdds-container-service-0.5.0-SNAPSHOT.jar:?]
	at org.apache.hadoop.ozone.container.common.transport.server.ratis.ContainerStateMachine.startTransaction(ContainerStateMachine.java:320) ~[hadoop-hdds-container-service-0.5.0-SNAPSHOT.jar:?]
	at org.apache.ratis.server.impl.RaftServerImpl.submitClientRequestAsync(RaftServerImpl.java:569) ~[ratis-server-0.5.0-201fc85-SNAPSHOT.jar:0.5.0-201fc85-SNAPSHOT]
	at org.apache.ratis.server.impl.RaftServerProxy.lambda$submitClientRequestAsync$7(RaftServerProxy.java:333) ~[ratis-server-0.5.0-201fc85-SNAPSHOT.jar:0.5.0-201fc85-SNAPSHOT]
	at org.apache.ratis.server.impl.RaftServerProxy.lambda$null$5(RaftServerProxy.java:328) ~[ratis-server-0.5.0-201fc85-SNAPSHOT.jar:0.5.0-201fc85-SNAPSHOT]
	at org.apache.ratis.util.JavaUtils.callAsUnchecked(JavaUtils.java:109) ~[ratis-common-0.5.0-201fc85-SNAPSHOT.jar:0.5.0-201fc85-SNAPSHOT]
	at org.apache.ratis.server.impl.RaftServerProxy.lambda$submitRequest$6(RaftServerProxy.java:328) ~[ratis-server-0.5.0-201fc85-SNAPSHOT.jar:0.5.0-201fc85-SNAPSHOT]
	at java.util.concurrent.CompletableFuture.uniComposeStage(CompletableFuture.java:981) ~[?:1.8.0_222]
	at java.util.concurrent.CompletableFuture.thenCompose(CompletableFuture.java:2124) ~[?:1.8.0_222]
	at org.apache.ratis.server.impl.RaftServerProxy.submitRequest(RaftServerProxy.java:327) ~[ratis-server-0.5.0-201fc85-SNAPSHOT.jar:0.5.0-201fc85-SNAPSHOT]
	at org.apache.ratis.server.impl.RaftServerProxy.submitClientRequestAsync(RaftServerProxy.java:333) ~[ratis-server-0.5.0-201fc85-SNAPSHOT.jar:0.5.0-201fc85-SNAPSHOT]
	at org.apache.ratis.grpc.client.GrpcClientProtocolService$RequestStreamObserver.processClientRequest(GrpcClientProtocolService.java:220) ~[ratis-grpc-0.5.0-201fc85-SNAPSHOT.jar:0.5.0-201fc85-SNAPSHOT]
	at org.apache.ratis.grpc.client.GrpcClientProtocolService$OrderedRequestStreamObserver.processClientRequest(GrpcClientProtocolService.java:326) ~[ratis-grpc-0.5.0-201fc85-SNAPSHOT.jar:0.5.0-201fc85-SNAPSHOT]
	at org.apache.ratis.util.SlidingWindow$Server.processRequestsFromHead(SlidingWindow.java:429) [ratis-common-0.5.0-201fc85-SNAPSHOT.jar:0.5.0-201fc85-SNAPSHOT]
	at org.apache.ratis.util.SlidingWindow$Server.receivedRequest(SlidingWindow.java:421) [ratis-common-0.5.0-201fc85-SNAPSHOT.jar:0.5.0-201fc85-SNAPSHOT]
	at org.apache.ratis.grpc.client.GrpcClientProtocolService$OrderedRequestStreamObserver.processClientRequest(GrpcClientProtocolService.java:345) [ratis-grpc-0.5.0-201fc85-SNAPSHOT.jar:0.5.0-201fc85-SNAPSHOT]
	at org.apache.ratis.grpc.client.GrpcClientProtocolService$RequestStreamObserver.onNext(GrpcClientProtocolService.java:240) [ratis-grpc-0.5.0-201fc85-SNAPSHOT.jar:0.5.0-201fc85-SNAPSHOT]
	at org.apache.ratis.grpc.client.GrpcClientProtocolService$RequestStreamObserver.onNext(GrpcClientProtocolService.java:168) [ratis-grpc-0.5.0-201fc85-SNAPSHOT.jar:0.5.0-201fc85-SNAPSHOT]
	at org.apache.ratis.thirdparty.io.grpc.stub.ServerCalls$StreamingServerCallHandler$StreamingServerCallListener.onMessage(ServerCalls.java:248) [ratis-thirdparty-misc-0.2.0.jar:0.2.0]
	at org.apache.ratis.thirdparty.io.grpc.internal.ServerCallImpl$ServerStreamListenerImpl.messagesAvailable(ServerCallImpl.java:263) [ratis-thirdparty-misc-0.2.0.jar:0.2.0]
	at org.apache.ratis.thirdparty.io.grpc.internal.ServerImpl$JumpToApplicationThreadServerStreamListener$1MessagesAvailable.runInContext(ServerImpl.java:686) [ratis-thirdparty-misc-0.2.0.jar:0.2.0]
	at org.apache.ratis.thirdparty.io.grpc.internal.ContextRunnable.run(ContextRunnable.java:37) [ratis-thirdparty-misc-0.2.0.jar:0.2.0]
	at org.apache.ratis.thirdparty.io.grpc.internal.SerializingExecutor.run(SerializingExecutor.java:123) [ratis-thirdparty-misc-0.2.0.jar:0.2.0]
	at java.util.concurrent.ThreadPoolExecutor.runWorker(ThreadPoolExecutor.java:1149) [?:1.8.0_222]
	at java.util.concurrent.ThreadPoolExecutor$Worker.run(ThreadPoolExecutor.java:624) [?:1.8.0_222]
	at java.lang.Thread.run(Thread.java:748) [?:1.8.0_222]
22:54:56.481 [grpc-default-executor-2] ERROR DNAudit - user=null | ip=null | op=PUT_BLOCK {blockData=[blockId=conID: 1 locID: 102968857806045184 bcsId: 0,size=650]} | ret=FAILURE
org.apache.hadoop.hdds.scm.container.common.helpers.ContainerNotOpenException: Container 1 in CLOSED state
	at org.apache.hadoop.ozone.container.common.impl.HddsDispatcher.validateContainerCommand(HddsDispatcher.java:436) ~[hadoop-hdds-container-service-0.5.0-SNAPSHOT.jar:?]
	at org.apache.hadoop.ozone.container.common.transport.server.ratis.ContainerStateMachine.startTransaction(ContainerStateMachine.java:320) ~[hadoop-hdds-container-service-0.5.0-SNAPSHOT.jar:?]
	at org.apache.ratis.server.impl.RaftServerImpl.submitClientRequestAsync(RaftServerImpl.java:569) ~[ratis-server-0.5.0-201fc85-SNAPSHOT.jar:0.5.0-201fc85-SNAPSHOT]
	at org.apache.ratis.server.impl.RaftServerProxy.lambda$submitClientRequestAsync$7(RaftServerProxy.java:333) ~[ratis-server-0.5.0-201fc85-SNAPSHOT.jar:0.5.0-201fc85-SNAPSHOT]
	at org.apache.ratis.server.impl.RaftServerProxy.lambda$null$5(RaftServerProxy.java:328) ~[ratis-server-0.5.0-201fc85-SNAPSHOT.jar:0.5.0-201fc85-SNAPSHOT]
	at org.apache.ratis.util.JavaUtils.callAsUnchecked(JavaUtils.java:109) ~[ratis-common-0.5.0-201fc85-SNAPSHOT.jar:0.5.0-201fc85-SNAPSHOT]
	at org.apache.ratis.server.impl.RaftServerProxy.lambda$submitRequest$6(RaftServerProxy.java:328) ~[ratis-server-0.5.0-201fc85-SNAPSHOT.jar:0.5.0-201fc85-SNAPSHOT]
	at java.util.concurrent.CompletableFuture.uniComposeStage(CompletableFuture.java:981) ~[?:1.8.0_222]
	at java.util.concurrent.CompletableFuture.thenCompose(CompletableFuture.java:2124) ~[?:1.8.0_222]
	at org.apache.ratis.server.impl.RaftServerProxy.submitRequest(RaftServerProxy.java:327) ~[ratis-server-0.5.0-201fc85-SNAPSHOT.jar:0.5.0-201fc85-SNAPSHOT]
	at org.apache.ratis.server.impl.RaftServerProxy.submitClientRequestAsync(RaftServerProxy.java:333) ~[ratis-server-0.5.0-201fc85-SNAPSHOT.jar:0.5.0-201fc85-SNAPSHOT]
	at org.apache.ratis.grpc.client.GrpcClientProtocolService$RequestStreamObserver.processClientRequest(GrpcClientProtocolService.java:220) ~[ratis-grpc-0.5.0-201fc85-SNAPSHOT.jar:0.5.0-201fc85-SNAPSHOT]
	at org.apache.ratis.grpc.client.GrpcClientProtocolService$OrderedRequestStreamObserver.processClientRequest(GrpcClientProtocolService.java:326) ~[ratis-grpc-0.5.0-201fc85-SNAPSHOT.jar:0.5.0-201fc85-SNAPSHOT]
	at org.apache.ratis.util.SlidingWindow$Server.processRequestsFromHead(SlidingWindow.java:429) [ratis-common-0.5.0-201fc85-SNAPSHOT.jar:0.5.0-201fc85-SNAPSHOT]
	at org.apache.ratis.util.SlidingWindow$Server.receivedRequest(SlidingWindow.java:421) [ratis-common-0.5.0-201fc85-SNAPSHOT.jar:0.5.0-201fc85-SNAPSHOT]
	at org.apache.ratis.grpc.client.GrpcClientProtocolService$OrderedRequestStreamObserver.processClientRequest(GrpcClientProtocolService.java:345) [ratis-grpc-0.5.0-201fc85-SNAPSHOT.jar:0.5.0-201fc85-SNAPSHOT]
	at org.apache.ratis.grpc.client.GrpcClientProtocolService$RequestStreamObserver.onNext(GrpcClientProtocolService.java:240) [ratis-grpc-0.5.0-201fc85-SNAPSHOT.jar:0.5.0-201fc85-SNAPSHOT]
	at org.apache.ratis.grpc.client.GrpcClientProtocolService$RequestStreamObserver.onNext(GrpcClientProtocolService.java:168) [ratis-grpc-0.5.0-201fc85-SNAPSHOT.jar:0.5.0-201fc85-SNAPSHOT]
	at org.apache.ratis.thirdparty.io.grpc.stub.ServerCalls$StreamingServerCallHandler$StreamingServerCallListener.onMessage(ServerCalls.java:248) [ratis-thirdparty-misc-0.2.0.jar:0.2.0]
	at org.apache.ratis.thirdparty.io.grpc.internal.ServerCallImpl$ServerStreamListenerImpl.messagesAvailable(ServerCallImpl.java:263) [ratis-thirdparty-misc-0.2.0.jar:0.2.0]
	at org.apache.ratis.thirdparty.io.grpc.internal.ServerImpl$JumpToApplicationThreadServerStreamListener$1MessagesAvailable.runInContext(ServerImpl.java:686) [ratis-thirdparty-misc-0.2.0.jar:0.2.0]
	at org.apache.ratis.thirdparty.io.grpc.internal.ContextRunnable.run(ContextRunnable.java:37) [ratis-thirdparty-misc-0.2.0.jar:0.2.0]
	at org.apache.ratis.thirdparty.io.grpc.internal.SerializingExecutor.run(SerializingExecutor.java:123) [ratis-thirdparty-misc-0.2.0.jar:0.2.0]
	at java.util.concurrent.ThreadPoolExecutor.runWorker(ThreadPoolExecutor.java:1149) [?:1.8.0_222]
	at java.util.concurrent.ThreadPoolExecutor$Worker.run(ThreadPoolExecutor.java:624) [?:1.8.0_222]
	at java.lang.Thread.run(Thread.java:748) [?:1.8.0_222]
22:54:56.485 [grpc-default-executor-2] ERROR DNAudit - user=null | ip=null | op=WRITE_CHUNK {blockData=conID: 1 locID: 102968857806045184 bcsId: 14} | ret=FAILURE
org.apache.hadoop.hdds.scm.container.common.helpers.ContainerNotOpenException: Container 1 in CLOSED state
	at org.apache.hadoop.ozone.container.common.impl.HddsDispatcher.validateContainerCommand(HddsDispatcher.java:436) ~[hadoop-hdds-container-service-0.5.0-SNAPSHOT.jar:?]
	at org.apache.hadoop.ozone.container.common.transport.server.ratis.ContainerStateMachine.startTransaction(ContainerStateMachine.java:320) ~[hadoop-hdds-container-service-0.5.0-SNAPSHOT.jar:?]
	at org.apache.ratis.server.impl.RaftServerImpl.submitClientRequestAsync(RaftServerImpl.java:569) ~[ratis-server-0.5.0-201fc85-SNAPSHOT.jar:0.5.0-201fc85-SNAPSHOT]
	at org.apache.ratis.server.impl.RaftServerProxy.lambda$submitClientRequestAsync$7(RaftServerProxy.java:333) ~[ratis-server-0.5.0-201fc85-SNAPSHOT.jar:0.5.0-201fc85-SNAPSHOT]
	at org.apache.ratis.server.impl.RaftServerProxy.lambda$null$5(RaftServerProxy.java:328) ~[ratis-server-0.5.0-201fc85-SNAPSHOT.jar:0.5.0-201fc85-SNAPSHOT]
	at org.apache.ratis.util.JavaUtils.callAsUnchecked(JavaUtils.java:109) ~[ratis-common-0.5.0-201fc85-SNAPSHOT.jar:0.5.0-201fc85-SNAPSHOT]
	at org.apache.ratis.server.impl.RaftServerProxy.lambda$submitRequest$6(RaftServerProxy.java:328) ~[ratis-server-0.5.0-201fc85-SNAPSHOT.jar:0.5.0-201fc85-SNAPSHOT]
	at java.util.concurrent.CompletableFuture.uniComposeStage(CompletableFuture.java:981) ~[?:1.8.0_222]
	at java.util.concurrent.CompletableFuture.thenCompose(CompletableFuture.java:2124) ~[?:1.8.0_222]
	at org.apache.ratis.server.impl.RaftServerProxy.submitRequest(RaftServerProxy.java:327) ~[ratis-server-0.5.0-201fc85-SNAPSHOT.jar:0.5.0-201fc85-SNAPSHOT]
	at org.apache.ratis.server.impl.RaftServerProxy.submitClientRequestAsync(RaftServerProxy.java:333) ~[ratis-server-0.5.0-201fc85-SNAPSHOT.jar:0.5.0-201fc85-SNAPSHOT]
	at org.apache.ratis.grpc.client.GrpcClientProtocolService$RequestStreamObserver.processClientRequest(GrpcClientProtocolService.java:220) ~[ratis-grpc-0.5.0-201fc85-SNAPSHOT.jar:0.5.0-201fc85-SNAPSHOT]
	at org.apache.ratis.grpc.client.GrpcClientProtocolService$OrderedRequestStreamObserver.processClientRequest(GrpcClientProtocolService.java:326) ~[ratis-grpc-0.5.0-201fc85-SNAPSHOT.jar:0.5.0-201fc85-SNAPSHOT]
	at org.apache.ratis.util.SlidingWindow$Server.processRequestsFromHead(SlidingWindow.java:429) [ratis-common-0.5.0-201fc85-SNAPSHOT.jar:0.5.0-201fc85-SNAPSHOT]
	at org.apache.ratis.util.SlidingWindow$Server.receivedRequest(SlidingWindow.java:421) [ratis-common-0.5.0-201fc85-SNAPSHOT.jar:0.5.0-201fc85-SNAPSHOT]
	at org.apache.ratis.grpc.client.GrpcClientProtocolService$OrderedRequestStreamObserver.processClientRequest(GrpcClientProtocolService.java:345) [ratis-grpc-0.5.0-201fc85-SNAPSHOT.jar:0.5.0-201fc85-SNAPSHOT]
	at org.apache.ratis.grpc.client.GrpcClientProtocolService$RequestStreamObserver.onNext(GrpcClientProtocolService.java:240) [ratis-grpc-0.5.0-201fc85-SNAPSHOT.jar:0.5.0-201fc85-SNAPSHOT]
	at org.apache.ratis.grpc.client.GrpcClientProtocolService$RequestStreamObserver.onNext(GrpcClientProtocolService.java:168) [ratis-grpc-0.5.0-201fc85-SNAPSHOT.jar:0.5.0-201fc85-SNAPSHOT]
	at org.apache.ratis.thirdparty.io.grpc.stub.ServerCalls$StreamingServerCallHandler$StreamingServerCallListener.onMessage(ServerCalls.java:248) [ratis-thirdparty-misc-0.2.0.jar:0.2.0]
	at org.apache.ratis.thirdparty.io.grpc.internal.ServerCallImpl$ServerStreamListenerImpl.messagesAvailable(ServerCallImpl.java:263) [ratis-thirdparty-misc-0.2.0.jar:0.2.0]
	at org.apache.ratis.thirdparty.io.grpc.internal.ServerImpl$JumpToApplicationThreadServerStreamListener$1MessagesAvailable.runInContext(ServerImpl.java:686) [ratis-thirdparty-misc-0.2.0.jar:0.2.0]
	at org.apache.ratis.thirdparty.io.grpc.internal.ContextRunnable.run(ContextRunnable.java:37) [ratis-thirdparty-misc-0.2.0.jar:0.2.0]
	at org.apache.ratis.thirdparty.io.grpc.internal.SerializingExecutor.run(SerializingExecutor.java:123) [ratis-thirdparty-misc-0.2.0.jar:0.2.0]
	at java.util.concurrent.ThreadPoolExecutor.runWorker(ThreadPoolExecutor.java:1149) [?:1.8.0_222]
	at java.util.concurrent.ThreadPoolExecutor$Worker.run(ThreadPoolExecutor.java:624) [?:1.8.0_222]
	at java.lang.Thread.run(Thread.java:748) [?:1.8.0_222]
22:54:56.489 [grpc-default-executor-2] ERROR DNAudit - user=null | ip=null | op=WRITE_CHUNK {blockData=conID: 1 locID: 102968857806045184 bcsId: 14} | ret=FAILURE
org.apache.hadoop.hdds.scm.container.common.helpers.ContainerNotOpenException: Container 1 in CLOSED state
	at org.apache.hadoop.ozone.container.common.impl.HddsDispatcher.validateContainerCommand(HddsDispatcher.java:436) ~[hadoop-hdds-container-service-0.5.0-SNAPSHOT.jar:?]
	at org.apache.hadoop.ozone.container.common.transport.server.ratis.ContainerStateMachine.startTransaction(ContainerStateMachine.java:320) ~[hadoop-hdds-container-service-0.5.0-SNAPSHOT.jar:?]
	at org.apache.ratis.server.impl.RaftServerImpl.submitClientRequestAsync(RaftServerImpl.java:569) ~[ratis-server-0.5.0-201fc85-SNAPSHOT.jar:0.5.0-201fc85-SNAPSHOT]
	at org.apache.ratis.server.impl.RaftServerProxy.lambda$submitClientRequestAsync$7(RaftServerProxy.java:333) ~[ratis-server-0.5.0-201fc85-SNAPSHOT.jar:0.5.0-201fc85-SNAPSHOT]
	at org.apache.ratis.server.impl.RaftServerProxy.lambda$null$5(RaftServerProxy.java:328) ~[ratis-server-0.5.0-201fc85-SNAPSHOT.jar:0.5.0-201fc85-SNAPSHOT]
	at org.apache.ratis.util.JavaUtils.callAsUnchecked(JavaUtils.java:109) ~[ratis-common-0.5.0-201fc85-SNAPSHOT.jar:0.5.0-201fc85-SNAPSHOT]
	at org.apache.ratis.server.impl.RaftServerProxy.lambda$submitRequest$6(RaftServerProxy.java:328) ~[ratis-server-0.5.0-201fc85-SNAPSHOT.jar:0.5.0-201fc85-SNAPSHOT]
	at java.util.concurrent.CompletableFuture.uniComposeStage(CompletableFuture.java:981) ~[?:1.8.0_222]
	at java.util.concurrent.CompletableFuture.thenCompose(CompletableFuture.java:2124) ~[?:1.8.0_222]
	at org.apache.ratis.server.impl.RaftServerProxy.submitRequest(RaftServerProxy.java:327) ~[ratis-server-0.5.0-201fc85-SNAPSHOT.jar:0.5.0-201fc85-SNAPSHOT]
	at org.apache.ratis.server.impl.RaftServerProxy.submitClientRequestAsync(RaftServerProxy.java:333) ~[ratis-server-0.5.0-201fc85-SNAPSHOT.jar:0.5.0-201fc85-SNAPSHOT]
	at org.apache.ratis.grpc.client.GrpcClientProtocolService$RequestStreamObserver.processClientRequest(GrpcClientProtocolService.java:220) ~[ratis-grpc-0.5.0-201fc85-SNAPSHOT.jar:0.5.0-201fc85-SNAPSHOT]
	at org.apache.ratis.grpc.client.GrpcClientProtocolService$OrderedRequestStreamObserver.processClientRequest(GrpcClientProtocolService.java:326) ~[ratis-grpc-0.5.0-201fc85-SNAPSHOT.jar:0.5.0-201fc85-SNAPSHOT]
	at org.apache.ratis.util.SlidingWindow$Server.processRequestsFromHead(SlidingWindow.java:429) [ratis-common-0.5.0-201fc85-SNAPSHOT.jar:0.5.0-201fc85-SNAPSHOT]
	at org.apache.ratis.util.SlidingWindow$Server.receivedRequest(SlidingWindow.java:421) [ratis-common-0.5.0-201fc85-SNAPSHOT.jar:0.5.0-201fc85-SNAPSHOT]
	at org.apache.ratis.grpc.client.GrpcClientProtocolService$OrderedRequestStreamObserver.processClientRequest(GrpcClientProtocolService.java:345) [ratis-grpc-0.5.0-201fc85-SNAPSHOT.jar:0.5.0-201fc85-SNAPSHOT]
	at org.apache.ratis.grpc.client.GrpcClientProtocolService$RequestStreamObserver.onNext(GrpcClientProtocolService.java:240) [ratis-grpc-0.5.0-201fc85-SNAPSHOT.jar:0.5.0-201fc85-SNAPSHOT]
	at org.apache.ratis.grpc.client.GrpcClientProtocolService$RequestStreamObserver.onNext(GrpcClientProtocolService.java:168) [ratis-grpc-0.5.0-201fc85-SNAPSHOT.jar:0.5.0-201fc85-SNAPSHOT]
	at org.apache.ratis.thirdparty.io.grpc.stub.ServerCalls$StreamingServerCallHandler$StreamingServerCallListener.onMessage(ServerCalls.java:248) [ratis-thirdparty-misc-0.2.0.jar:0.2.0]
	at org.apache.ratis.thirdparty.io.grpc.internal.ServerCallImpl$ServerStreamListenerImpl.messagesAvailable(ServerCallImpl.java:263) [ratis-thirdparty-misc-0.2.0.jar:0.2.0]
	at org.apache.ratis.thirdparty.io.grpc.internal.ServerImpl$JumpToApplicationThreadServerStreamListener$1MessagesAvailable.runInContext(ServerImpl.java:686) [ratis-thirdparty-misc-0.2.0.jar:0.2.0]
	at org.apache.ratis.thirdparty.io.grpc.internal.ContextRunnable.run(ContextRunnable.java:37) [ratis-thirdparty-misc-0.2.0.jar:0.2.0]
	at org.apache.ratis.thirdparty.io.grpc.internal.SerializingExecutor.run(SerializingExecutor.java:123) [ratis-thirdparty-misc-0.2.0.jar:0.2.0]
	at java.util.concurrent.ThreadPoolExecutor.runWorker(ThreadPoolExecutor.java:1149) [?:1.8.0_222]
	at java.util.concurrent.ThreadPoolExecutor$Worker.run(ThreadPoolExecutor.java:624) [?:1.8.0_222]
	at java.lang.Thread.run(Thread.java:748) [?:1.8.0_222]
22:54:56.494 [grpc-default-executor-2] ERROR DNAudit - user=null | ip=null | op=PUT_BLOCK {blockData=[blockId=conID: 1 locID: 102968857806045184 bcsId: 0,size=800]} | ret=FAILURE
org.apache.hadoop.hdds.scm.container.common.helpers.ContainerNotOpenException: Container 1 in CLOSED state
	at org.apache.hadoop.ozone.container.common.impl.HddsDispatcher.validateContainerCommand(HddsDispatcher.java:436) ~[hadoop-hdds-container-service-0.5.0-SNAPSHOT.jar:?]
	at org.apache.hadoop.ozone.container.common.transport.server.ratis.ContainerStateMachine.startTransaction(ContainerStateMachine.java:320) ~[hadoop-hdds-container-service-0.5.0-SNAPSHOT.jar:?]
	at org.apache.ratis.server.impl.RaftServerImpl.submitClientRequestAsync(RaftServerImpl.java:569) ~[ratis-server-0.5.0-201fc85-SNAPSHOT.jar:0.5.0-201fc85-SNAPSHOT]
	at org.apache.ratis.server.impl.RaftServerProxy.lambda$submitClientRequestAsync$7(RaftServerProxy.java:333) ~[ratis-server-0.5.0-201fc85-SNAPSHOT.jar:0.5.0-201fc85-SNAPSHOT]
	at org.apache.ratis.server.impl.RaftServerProxy.lambda$null$5(RaftServerProxy.java:328) ~[ratis-server-0.5.0-201fc85-SNAPSHOT.jar:0.5.0-201fc85-SNAPSHOT]
	at org.apache.ratis.util.JavaUtils.callAsUnchecked(JavaUtils.java:109) ~[ratis-common-0.5.0-201fc85-SNAPSHOT.jar:0.5.0-201fc85-SNAPSHOT]
	at org.apache.ratis.server.impl.RaftServerProxy.lambda$submitRequest$6(RaftServerProxy.java:328) ~[ratis-server-0.5.0-201fc85-SNAPSHOT.jar:0.5.0-201fc85-SNAPSHOT]
	at java.util.concurrent.CompletableFuture.uniComposeStage(CompletableFuture.java:981) ~[?:1.8.0_222]
	at java.util.concurrent.CompletableFuture.thenCompose(CompletableFuture.java:2124) ~[?:1.8.0_222]
	at org.apache.ratis.server.impl.RaftServerProxy.submitRequest(RaftServerProxy.java:327) ~[ratis-server-0.5.0-201fc85-SNAPSHOT.jar:0.5.0-201fc85-SNAPSHOT]
	at org.apache.ratis.server.impl.RaftServerProxy.submitClientRequestAsync(RaftServerProxy.java:333) ~[ratis-server-0.5.0-201fc85-SNAPSHOT.jar:0.5.0-201fc85-SNAPSHOT]
	at org.apache.ratis.grpc.client.GrpcClientProtocolService$RequestStreamObserver.processClientRequest(GrpcClientProtocolService.java:220) ~[ratis-grpc-0.5.0-201fc85-SNAPSHOT.jar:0.5.0-201fc85-SNAPSHOT]
	at org.apache.ratis.grpc.client.GrpcClientProtocolService$OrderedRequestStreamObserver.processClientRequest(GrpcClientProtocolService.java:326) ~[ratis-grpc-0.5.0-201fc85-SNAPSHOT.jar:0.5.0-201fc85-SNAPSHOT]
	at org.apache.ratis.util.SlidingWindow$Server.processRequestsFromHead(SlidingWindow.java:429) [ratis-common-0.5.0-201fc85-SNAPSHOT.jar:0.5.0-201fc85-SNAPSHOT]
	at org.apache.ratis.util.SlidingWindow$Server.receivedRequest(SlidingWindow.java:421) [ratis-common-0.5.0-201fc85-SNAPSHOT.jar:0.5.0-201fc85-SNAPSHOT]
	at org.apache.ratis.grpc.client.GrpcClientProtocolService$OrderedRequestStreamObserver.processClientRequest(GrpcClientProtocolService.java:345) [ratis-grpc-0.5.0-201fc85-SNAPSHOT.jar:0.5.0-201fc85-SNAPSHOT]
	at org.apache.ratis.grpc.client.GrpcClientProtocolService$RequestStreamObserver.onNext(GrpcClientProtocolService.java:240) [ratis-grpc-0.5.0-201fc85-SNAPSHOT.jar:0.5.0-201fc85-SNAPSHOT]
	at org.apache.ratis.grpc.client.GrpcClientProtocolService$RequestStreamObserver.onNext(GrpcClientProtocolService.java:168) [ratis-grpc-0.5.0-201fc85-SNAPSHOT.jar:0.5.0-201fc85-SNAPSHOT]
	at org.apache.ratis.thirdparty.io.grpc.stub.ServerCalls$StreamingServerCallHandler$StreamingServerCallListener.onMessage(ServerCalls.java:248) [ratis-thirdparty-misc-0.2.0.jar:0.2.0]
	at org.apache.ratis.thirdparty.io.grpc.internal.ServerCallImpl$ServerStreamListenerImpl.messagesAvailable(ServerCallImpl.java:263) [ratis-thirdparty-misc-0.2.0.jar:0.2.0]
	at org.apache.ratis.thirdparty.io.grpc.internal.ServerImpl$JumpToApplicationThreadServerStreamListener$1MessagesAvailable.runInContext(ServerImpl.java:686) [ratis-thirdparty-misc-0.2.0.jar:0.2.0]
	at org.apache.ratis.thirdparty.io.grpc.internal.ContextRunnable.run(ContextRunnable.java:37) [ratis-thirdparty-misc-0.2.0.jar:0.2.0]
	at org.apache.ratis.thirdparty.io.grpc.internal.SerializingExecutor.run(SerializingExecutor.java:123) [ratis-thirdparty-misc-0.2.0.jar:0.2.0]
	at java.util.concurrent.ThreadPoolExecutor.runWorker(ThreadPoolExecutor.java:1149) [?:1.8.0_222]
	at java.util.concurrent.ThreadPoolExecutor$Worker.run(ThreadPoolExecutor.java:624) [?:1.8.0_222]
	at java.lang.Thread.run(Thread.java:748) [?:1.8.0_222]
2019-10-15 22:54:57,829 [main] WARN  scm.XceiverClientRatis (XceiverClientRatis.java:watchForCommit(277)) - 3 way commit failed on pipeline Pipeline[ Id: c61dba92-6ac7-4fb2-b75d-d68bb305b344, Nodes: aaf8e68d-5698-433d-8fad-3ccf5c38c15f{ip: 192.168.157.213, host: pr-hdds-2221-lrjgr-1037302595, networkLocation: /default-rack, certSerialId: null}8c3b9c04-93ef-45da-955f-d3fc6ab62d67{ip: 192.168.157.213, host: pr-hdds-2221-lrjgr-1037302595, networkLocation: /default-rack, certSerialId: null}3594faa7-d94e-4af2-ab4a-ef22aa79de86{ip: 192.168.157.213, host: pr-hdds-2221-lrjgr-1037302595, networkLocation: /default-rack, certSerialId: null}, Type:RATIS, Factor:THREE, State:OPEN]
java.util.concurrent.TimeoutException
	at java.util.concurrent.CompletableFuture.timedGet(CompletableFuture.java:1771)
	at java.util.concurrent.CompletableFuture.get(CompletableFuture.java:1915)
	at org.apache.hadoop.hdds.scm.XceiverClientRatis.watchForCommit(XceiverClientRatis.java:274)
	at org.apache.hadoop.hdds.scm.storage.CommitWatcher.watchForCommit(CommitWatcher.java:198)
	at org.apache.hadoop.hdds.scm.storage.CommitWatcher.watchOnLastIndex(CommitWatcher.java:161)
	at org.apache.hadoop.hdds.scm.storage.BlockOutputStream.watchForCommit(BlockOutputStream.java:346)
	at org.apache.hadoop.hdds.scm.storage.BlockOutputStream.handleFlush(BlockOutputStream.java:482)
	at org.apache.hadoop.hdds.scm.storage.BlockOutputStream.flush(BlockOutputStream.java:431)
	at org.apache.hadoop.ozone.client.io.BlockOutputStreamEntry.flush(BlockOutputStreamEntry.java:136)
	at org.apache.hadoop.ozone.client.io.KeyOutputStream.handleFlushOrClose(KeyOutputStream.java:443)
	at org.apache.hadoop.ozone.client.io.KeyOutputStream.flush(KeyOutputStream.java:397)
	at org.apache.hadoop.ozone.client.io.OzoneOutputStream.flush(OzoneOutputStream.java:54)
	at org.apache.hadoop.ozone.client.rpc.TestBlockOutputStreamWithFailures.test2DatanodesFailure(TestBlockOutputStreamWithFailures.java:502)
	at sun.reflect.NativeMethodAccessorImpl.invoke0(Native Method)
	at sun.reflect.NativeMethodAccessorImpl.invoke(NativeMethodAccessorImpl.java:62)
	at sun.reflect.DelegatingMethodAccessorImpl.invoke(DelegatingMethodAccessorImpl.java:43)
	at java.lang.reflect.Method.invoke(Method.java:498)
	at org.junit.runners.model.FrameworkMethod$1.runReflectiveCall(FrameworkMethod.java:47)
	at org.junit.internal.runners.model.ReflectiveCallable.run(ReflectiveCallable.java:12)
	at org.junit.runners.model.FrameworkMethod.invokeExplosively(FrameworkMethod.java:44)
	at org.junit.internal.runners.statements.InvokeMethod.evaluate(InvokeMethod.java:17)
	at org.junit.internal.runners.statements.RunBefores.evaluate(RunBefores.java:26)
	at org.junit.internal.runners.statements.RunAfters.evaluate(RunAfters.java:27)
	at org.junit.runners.ParentRunner.runLeaf(ParentRunner.java:271)
	at org.junit.runners.BlockJUnit4ClassRunner.runChild(BlockJUnit4ClassRunner.java:70)
	at org.junit.runners.BlockJUnit4ClassRunner.runChild(BlockJUnit4ClassRunner.java:50)
	at org.junit.runners.ParentRunner$3.run(ParentRunner.java:238)
	at org.junit.runners.ParentRunner$1.schedule(ParentRunner.java:63)
	at org.junit.runners.ParentRunner.runChildren(ParentRunner.java:236)
	at org.junit.runners.ParentRunner.access$000(ParentRunner.java:53)
	at org.junit.runners.ParentRunner$2.evaluate(ParentRunner.java:229)
	at org.junit.runners.ParentRunner.run(ParentRunner.java:309)
	at org.apache.maven.surefire.junit4.JUnit4Provider.execute(JUnit4Provider.java:365)
	at org.apache.maven.surefire.junit4.JUnit4Provider.executeWithRerun(JUnit4Provider.java:273)
	at org.apache.maven.surefire.junit4.JUnit4Provider.executeTestSet(JUnit4Provider.java:238)
	at org.apache.maven.surefire.junit4.JUnit4Provider.invoke(JUnit4Provider.java:159)
	at org.apache.maven.surefire.booter.ForkedBooter.invokeProviderInSameClassLoader(ForkedBooter.java:384)
	at org.apache.maven.surefire.booter.ForkedBooter.runSuitesInProcess(ForkedBooter.java:345)
	at org.apache.maven.surefire.booter.ForkedBooter.execute(ForkedBooter.java:126)
	at org.apache.maven.surefire.booter.ForkedBooter.main(ForkedBooter.java:418)
2019-10-15 22:54:57,898 [grpc-default-executor-1] WARN  server.GrpcLogAppender (LogUtils.java:warn(134)) - dd65dd0a-dda8-47db-b4b1-a946d688cbb0@group-BF61A77A5372->f7aee2ed-06bf-4aad-8464-c585c97c108e-AppendLogResponseHandler: Failed appendEntries: org.apache.ratis.thirdparty.io.grpc.StatusRuntimeException: UNAVAILABLE: io exception
2019-10-15 22:54:57,900 [grpc-default-executor-1] INFO  impl.FollowerInfo (FollowerInfo.java:lambda$new$0(51)) - dd65dd0a-dda8-47db-b4b1-a946d688cbb0@group-BF61A77A5372->f7aee2ed-06bf-4aad-8464-c585c97c108e: nextIndex: updateUnconditionally 15 -> 14
2019-10-15 22:54:57,908 [grpc-default-executor-0] WARN  server.GrpcLogAppender (LogUtils.java:warn(134)) - dd65dd0a-dda8-47db-b4b1-a946d688cbb0@group-BF61A77A5372->90e6b9eb-7354-4988-958f-34602f50702c-AppendLogResponseHandler: Failed appendEntries: org.apache.ratis.thirdparty.io.grpc.StatusRuntimeException: UNAVAILABLE: io exception
2019-10-15 22:54:57,909 [grpc-default-executor-0] INFO  impl.FollowerInfo (FollowerInfo.java:lambda$new$0(51)) - dd65dd0a-dda8-47db-b4b1-a946d688cbb0@group-BF61A77A5372->90e6b9eb-7354-4988-958f-34602f50702c: nextIndex: updateUnconditionally 18 -> 17
2019-10-15 22:54:58,832 [main] WARN  storage.CommitWatcher (CommitWatcher.java:watchForCommit(207)) - watchForCommit failed for index 14
java.util.concurrent.TimeoutException
	at java.util.concurrent.CompletableFuture.timedGet(CompletableFuture.java:1771)
	at java.util.concurrent.CompletableFuture.get(CompletableFuture.java:1915)
	at org.apache.hadoop.hdds.scm.XceiverClientRatis.watchForCommit(XceiverClientRatis.java:283)
	at org.apache.hadoop.hdds.scm.storage.CommitWatcher.watchForCommit(CommitWatcher.java:198)
	at org.apache.hadoop.hdds.scm.storage.CommitWatcher.watchOnLastIndex(CommitWatcher.java:161)
	at org.apache.hadoop.hdds.scm.storage.BlockOutputStream.watchForCommit(BlockOutputStream.java:346)
	at org.apache.hadoop.hdds.scm.storage.BlockOutputStream.handleFlush(BlockOutputStream.java:482)
	at org.apache.hadoop.hdds.scm.storage.BlockOutputStream.flush(BlockOutputStream.java:431)
	at org.apache.hadoop.ozone.client.io.BlockOutputStreamEntry.flush(BlockOutputStreamEntry.java:136)
	at org.apache.hadoop.ozone.client.io.KeyOutputStream.handleFlushOrClose(KeyOutputStream.java:443)
	at org.apache.hadoop.ozone.client.io.KeyOutputStream.flush(KeyOutputStream.java:397)
	at org.apache.hadoop.ozone.client.io.OzoneOutputStream.flush(OzoneOutputStream.java:54)
	at org.apache.hadoop.ozone.client.rpc.TestBlockOutputStreamWithFailures.test2DatanodesFailure(TestBlockOutputStreamWithFailures.java:502)
	at sun.reflect.NativeMethodAccessorImpl.invoke0(Native Method)
	at sun.reflect.NativeMethodAccessorImpl.invoke(NativeMethodAccessorImpl.java:62)
	at sun.reflect.DelegatingMethodAccessorImpl.invoke(DelegatingMethodAccessorImpl.java:43)
	at java.lang.reflect.Method.invoke(Method.java:498)
	at org.junit.runners.model.FrameworkMethod$1.runReflectiveCall(FrameworkMethod.java:47)
	at org.junit.internal.runners.model.ReflectiveCallable.run(ReflectiveCallable.java:12)
	at org.junit.runners.model.FrameworkMethod.invokeExplosively(FrameworkMethod.java:44)
	at org.junit.internal.runners.statements.InvokeMethod.evaluate(InvokeMethod.java:17)
	at org.junit.internal.runners.statements.RunBefores.evaluate(RunBefores.java:26)
	at org.junit.internal.runners.statements.RunAfters.evaluate(RunAfters.java:27)
	at org.junit.runners.ParentRunner.runLeaf(ParentRunner.java:271)
	at org.junit.runners.BlockJUnit4ClassRunner.runChild(BlockJUnit4ClassRunner.java:70)
	at org.junit.runners.BlockJUnit4ClassRunner.runChild(BlockJUnit4ClassRunner.java:50)
	at org.junit.runners.ParentRunner$3.run(ParentRunner.java:238)
	at org.junit.runners.ParentRunner$1.schedule(ParentRunner.java:63)
	at org.junit.runners.ParentRunner.runChildren(ParentRunner.java:236)
	at org.junit.runners.ParentRunner.access$000(ParentRunner.java:53)
	at org.junit.runners.ParentRunner$2.evaluate(ParentRunner.java:229)
	at org.junit.runners.ParentRunner.run(ParentRunner.java:309)
	at org.apache.maven.surefire.junit4.JUnit4Provider.execute(JUnit4Provider.java:365)
	at org.apache.maven.surefire.junit4.JUnit4Provider.executeWithRerun(JUnit4Provider.java:273)
	at org.apache.maven.surefire.junit4.JUnit4Provider.executeTestSet(JUnit4Provider.java:238)
	at org.apache.maven.surefire.junit4.JUnit4Provider.invoke(JUnit4Provider.java:159)
	at org.apache.maven.surefire.booter.ForkedBooter.invokeProviderInSameClassLoader(ForkedBooter.java:384)
	at org.apache.maven.surefire.booter.ForkedBooter.runSuitesInProcess(ForkedBooter.java:345)
	at org.apache.maven.surefire.booter.ForkedBooter.execute(ForkedBooter.java:126)
	at org.apache.maven.surefire.booter.ForkedBooter.main(ForkedBooter.java:418)
2019-10-15 22:54:58,833 [main] WARN  io.KeyOutputStream (KeyOutputStream.java:handleException(274)) - Encountered exception java.io.IOException: Unexpected Storage Container Exception: java.io.IOException: Unexpected Storage Container Exception: java.util.concurrent.TimeoutException on the pipeline Pipeline[ Id: c61dba92-6ac7-4fb2-b75d-d68bb305b344, Nodes: aaf8e68d-5698-433d-8fad-3ccf5c38c15f{ip: 192.168.157.213, host: pr-hdds-2221-lrjgr-1037302595, networkLocation: /default-rack, certSerialId: null}8c3b9c04-93ef-45da-955f-d3fc6ab62d67{ip: 192.168.157.213, host: pr-hdds-2221-lrjgr-1037302595, networkLocation: /default-rack, certSerialId: null}3594faa7-d94e-4af2-ab4a-ef22aa79de86{ip: 192.168.157.213, host: pr-hdds-2221-lrjgr-1037302595, networkLocation: /default-rack, certSerialId: null}, Type:RATIS, Factor:THREE, State:OPEN]. The last committed block length is 400, uncommitted data length is 50 retry count 0
2019-10-15 22:54:58,839 [IPC Server handler 0 on 33230] WARN  block.BlockManagerImpl (BlockManagerImpl.java:allocateBlock(194)) - Pipeline creation failed for type:RATIS factor:THREE. Retrying get pipelines call once.
org.apache.hadoop.hdds.scm.pipeline.InsufficientDatanodesException: Cannot create pipeline of factor 3 using 2 nodes.
	at org.apache.hadoop.hdds.scm.pipeline.RatisPipelineProvider.create(RatisPipelineProvider.java:153)
	at org.apache.hadoop.hdds.scm.pipeline.PipelineFactory.create(PipelineFactory.java:58)
	at org.apache.hadoop.hdds.scm.pipeline.SCMPipelineManager.createPipeline(SCMPipelineManager.java:155)
	at org.apache.hadoop.hdds.scm.block.BlockManagerImpl.allocateBlock(BlockManagerImpl.java:192)
	at org.apache.hadoop.hdds.scm.server.SCMBlockProtocolServer.allocateBlock(SCMBlockProtocolServer.java:182)
	at org.apache.hadoop.hdds.scm.protocol.ScmBlockLocationProtocolServerSideTranslatorPB.allocateScmBlock(ScmBlockLocationProtocolServerSideTranslatorPB.java:159)
	at org.apache.hadoop.hdds.scm.protocol.ScmBlockLocationProtocolServerSideTranslatorPB.processMessage(ScmBlockLocationProtocolServerSideTranslatorPB.java:117)
	at org.apache.hadoop.hdds.server.OzoneProtocolMessageDispatcher.processRequest(OzoneProtocolMessageDispatcher.java:72)
	at org.apache.hadoop.hdds.scm.protocol.ScmBlockLocationProtocolServerSideTranslatorPB.send(ScmBlockLocationProtocolServerSideTranslatorPB.java:98)
	at org.apache.hadoop.hdds.protocol.proto.ScmBlockLocationProtocolProtos$ScmBlockLocationProtocolService$2.callBlockingMethod(ScmBlockLocationProtocolProtos.java:13157)
	at org.apache.hadoop.ipc.ProtobufRpcEngine$Server$ProtoBufRpcInvoker.call(ProtobufRpcEngine.java:524)
	at org.apache.hadoop.ipc.RPC$Server.call(RPC.java:1025)
	at org.apache.hadoop.ipc.Server$RpcCall.run(Server.java:876)
	at org.apache.hadoop.ipc.Server$RpcCall.run(Server.java:822)
	at java.security.AccessController.doPrivileged(Native Method)
	at javax.security.auth.Subject.doAs(Subject.java:422)
	at org.apache.hadoop.security.UserGroupInformation.doAs(UserGroupInformation.java:1730)
	at org.apache.hadoop.ipc.Server$Handler.run(Server.java:2682)
2019-10-15 22:54:58,839 [IPC Server handler 0 on 33230] INFO  block.BlockManagerImpl (BlockManagerImpl.java:allocateBlock(200)) - Could not find available pipeline of type:RATIS and factor:THREE even after retrying
2019-10-15 22:54:58,839 [IPC Server handler 0 on 33230] ERROR block.BlockManagerImpl (BlockManagerImpl.java:allocateBlock(224)) - Unable to allocate a block for the size: 800, type: RATIS, factor: THREE
2019-10-15 22:54:58,845 [main] ERROR io.BlockOutputStreamEntryPool (BlockOutputStreamEntryPool.java:allocateBlockIfNeeded(309)) - Try to allocate more blocks for write failed, already allocated 0 blocks for this write.
INTERNAL_ERROR org.apache.hadoop.ozone.om.exceptions.OMException: Allocated 0 blocks. Requested 1 blocks
	at org.apache.hadoop.ozone.om.protocolPB.OzoneManagerProtocolClientSideTranslatorPB.handleError(OzoneManagerProtocolClientSideTranslatorPB.java:732)
	at org.apache.hadoop.ozone.om.protocolPB.OzoneManagerProtocolClientSideTranslatorPB.allocateBlock(OzoneManagerProtocolClientSideTranslatorPB.java:764)
	at sun.reflect.NativeMethodAccessorImpl.invoke0(Native Method)
	at sun.reflect.NativeMethodAccessorImpl.invoke(NativeMethodAccessorImpl.java:62)
	at sun.reflect.DelegatingMethodAccessorImpl.invoke(DelegatingMethodAccessorImpl.java:43)
	at java.lang.reflect.Method.invoke(Method.java:498)
	at org.apache.hadoop.hdds.tracing.TraceAllMethod.invoke(TraceAllMethod.java:66)
	at com.sun.proxy.$Proxy37.allocateBlock(Unknown Source)
	at org.apache.hadoop.ozone.client.io.BlockOutputStreamEntryPool.allocateNewBlock(BlockOutputStreamEntryPool.java:258)
	at org.apache.hadoop.ozone.client.io.BlockOutputStreamEntryPool.allocateBlockIfNeeded(BlockOutputStreamEntryPool.java:306)
	at org.apache.hadoop.ozone.client.io.KeyOutputStream.handleWrite(KeyOutputStream.java:198)
	at org.apache.hadoop.ozone.client.io.KeyOutputStream.handleRetry(KeyOutputStream.java:375)
	at org.apache.hadoop.ozone.client.io.KeyOutputStream.handleException(KeyOutputStream.java:324)
	at org.apache.hadoop.ozone.client.io.KeyOutputStream.handleFlushOrClose(KeyOutputStream.java:449)
	at org.apache.hadoop.ozone.client.io.KeyOutputStream.flush(KeyOutputStream.java:397)
	at org.apache.hadoop.ozone.client.io.OzoneOutputStream.flush(OzoneOutputStream.java:54)
	at org.apache.hadoop.ozone.client.rpc.TestBlockOutputStreamWithFailures.test2DatanodesFailure(TestBlockOutputStreamWithFailures.java:502)
	at sun.reflect.NativeMethodAccessorImpl.invoke0(Native Method)
	at sun.reflect.NativeMethodAccessorImpl.invoke(NativeMethodAccessorImpl.java:62)
	at sun.reflect.DelegatingMethodAccessorImpl.invoke(DelegatingMethodAccessorImpl.java:43)
	at java.lang.reflect.Method.invoke(Method.java:498)
	at org.junit.runners.model.FrameworkMethod$1.runReflectiveCall(FrameworkMethod.java:47)
	at org.junit.internal.runners.model.ReflectiveCallable.run(ReflectiveCallable.java:12)
	at org.junit.runners.model.FrameworkMethod.invokeExplosively(FrameworkMethod.java:44)
	at org.junit.internal.runners.statements.InvokeMethod.evaluate(InvokeMethod.java:17)
	at org.junit.internal.runners.statements.RunBefores.evaluate(RunBefores.java:26)
	at org.junit.internal.runners.statements.RunAfters.evaluate(RunAfters.java:27)
	at org.junit.runners.ParentRunner.runLeaf(ParentRunner.java:271)
	at org.junit.runners.BlockJUnit4ClassRunner.runChild(BlockJUnit4ClassRunner.java:70)
	at org.junit.runners.BlockJUnit4ClassRunner.runChild(BlockJUnit4ClassRunner.java:50)
	at org.junit.runners.ParentRunner$3.run(ParentRunner.java:238)
	at org.junit.runners.ParentRunner$1.schedule(ParentRunner.java:63)
	at org.junit.runners.ParentRunner.runChildren(ParentRunner.java:236)
	at org.junit.runners.ParentRunner.access$000(ParentRunner.java:53)
	at org.junit.runners.ParentRunner$2.evaluate(ParentRunner.java:229)
	at org.junit.runners.ParentRunner.run(ParentRunner.java:309)
	at org.apache.maven.surefire.junit4.JUnit4Provider.execute(JUnit4Provider.java:365)
	at org.apache.maven.surefire.junit4.JUnit4Provider.executeWithRerun(JUnit4Provider.java:273)
	at org.apache.maven.surefire.junit4.JUnit4Provider.executeTestSet(JUnit4Provider.java:238)
	at org.apache.maven.surefire.junit4.JUnit4Provider.invoke(JUnit4Provider.java:159)
	at org.apache.maven.surefire.booter.ForkedBooter.invokeProviderInSameClassLoader(ForkedBooter.java:384)
	at org.apache.maven.surefire.booter.ForkedBooter.runSuitesInProcess(ForkedBooter.java:345)
	at org.apache.maven.surefire.booter.ForkedBooter.execute(ForkedBooter.java:126)
	at org.apache.maven.surefire.booter.ForkedBooter.main(ForkedBooter.java:418)
2019-10-15 22:54:58,847 [main] INFO  ozone.MiniOzoneClusterImpl (MiniOzoneClusterImpl.java:shutdown(314)) - Shutting down the Mini Ozone Cluster
2019-10-15 22:54:58,847 [main] INFO  ozone.MiniOzoneClusterImpl (MiniOzoneClusterImpl.java:stop(330)) - Stopping the Mini Ozone Cluster
2019-10-15 22:54:58,847 [main] INFO  ozone.MiniOzoneClusterImpl (MiniOzoneClusterImpl.java:stopOM(400)) - Stopping the OzoneManager
2019-10-15 22:54:58,847 [main] INFO  ipc.Server (Server.java:stop(3082)) - Stopping server on 38780
2019-10-15 22:54:58,851 [IPC Server listener on 38780] INFO  ipc.Server (Server.java:run(1185)) - Stopping IPC Server listener on 38780
2019-10-15 22:54:58,853 [main] INFO  ratis.OzoneManagerDoubleBuffer (OzoneManagerDoubleBuffer.java:stop(250)) - Stopping OMDoubleBuffer flush thread
2019-10-15 22:54:58,855 [IPC Server Responder] INFO  ipc.Server (Server.java:run(1319)) - Stopping IPC Server Responder
2019-10-15 22:54:58,857 [OMDoubleBufferFlushThread] INFO  ratis.OzoneManagerDoubleBuffer (OzoneManagerDoubleBuffer.java:flushTransactions(193)) - OMDoubleBuffer flush thread OMDoubleBufferFlushThread is interrupted and will exit. OMDoubleBufferFlushThread
2019-10-15 22:54:58,860 [main] INFO  utils.BackgroundService (BackgroundService.java:shutdown(151)) - Shutting down service KeyDeletingService
2019-10-15 22:54:58,871 [main] INFO  handler.ContextHandler (ContextHandler.java:doStop(910)) - Stopped o.e.j.w.WebAppContext@a7f0ab6{/,null,UNAVAILABLE}{/ozoneManager}
2019-10-15 22:54:58,872 [main] INFO  server.AbstractConnector (AbstractConnector.java:doStop(318)) - Stopped ServerConnector@41f35f7c{HTTP/1.1,[http/1.1]}{0.0.0.0:0}
2019-10-15 22:54:58,872 [main] INFO  handler.ContextHandler (ContextHandler.java:doStop(910)) - Stopped o.e.j.s.ServletContextHandler@11a7ba62{/static,file:///workdir/hadoop-ozone/integration-test/target/test-classes/webapps/static,UNAVAILABLE}
2019-10-15 22:54:58,873 [main] INFO  handler.ContextHandler (ContextHandler.java:doStop(910)) - Stopped o.e.j.s.ServletContextHandler@56da52a7{/logs,file:///workdir/hadoop-ozone/integration-test/target/log,UNAVAILABLE}
2019-10-15 22:54:58,876 [main] INFO  ozone.MiniOzoneClusterImpl (MiniOzoneClusterImpl.java:stopDatanodes(377)) - Stopping the HddsDatanodes
2019-10-15 22:54:59,619 [Datanode State Machine Thread - 0] INFO  statemachine.DatanodeStateMachine (DatanodeStateMachine.java:lambda$startDaemon$0(350)) - Ozone container server started.
2019-10-15 22:54:59,754 [Datanode State Machine Thread - 0] INFO  statemachine.DatanodeStateMachine (DatanodeStateMachine.java:lambda$startDaemon$0(350)) - Ozone container server started.
2019-10-15 22:55:00,402 [grpc-default-executor-0] WARN  server.GrpcLogAppender (LogUtils.java:warn(134)) - dd65dd0a-dda8-47db-b4b1-a946d688cbb0@group-BF61A77A5372->f7aee2ed-06bf-4aad-8464-c585c97c108e-AppendLogResponseHandler: Failed appendEntries: org.apache.ratis.thirdparty.io.grpc.StatusRuntimeException: UNAVAILABLE: io exception
2019-10-15 22:55:00,404 [grpc-default-executor-0] INFO  impl.FollowerInfo (FollowerInfo.java:lambda$new$0(51)) - dd65dd0a-dda8-47db-b4b1-a946d688cbb0@group-BF61A77A5372->f7aee2ed-06bf-4aad-8464-c585c97c108e: nextIndex: updateUnconditionally 14 -> 13
2019-10-15 22:55:00,410 [grpc-default-executor-0] WARN  server.GrpcLogAppender (LogUtils.java:warn(134)) - dd65dd0a-dda8-47db-b4b1-a946d688cbb0@group-BF61A77A5372->90e6b9eb-7354-4988-958f-34602f50702c-AppendLogResponseHandler: Failed appendEntries: org.apache.ratis.thirdparty.io.grpc.StatusRuntimeException: UNAVAILABLE: io exception
2019-10-15 22:55:00,411 [grpc-default-executor-0] INFO  impl.FollowerInfo (FollowerInfo.java:lambda$new$0(51)) - dd65dd0a-dda8-47db-b4b1-a946d688cbb0@group-BF61A77A5372->90e6b9eb-7354-4988-958f-34602f50702c: nextIndex: updateUnconditionally 17 -> 16
2019-10-15 22:55:02,908 [grpc-default-executor-0] WARN  server.GrpcLogAppender (LogUtils.java:warn(134)) - dd65dd0a-dda8-47db-b4b1-a946d688cbb0@group-BF61A77A5372->f7aee2ed-06bf-4aad-8464-c585c97c108e-AppendLogResponseHandler: Failed appendEntries: org.apache.ratis.thirdparty.io.grpc.StatusRuntimeException: UNAVAILABLE: io exception
2019-10-15 22:55:02,910 [grpc-default-executor-0] INFO  impl.FollowerInfo (FollowerInfo.java:lambda$new$0(51)) - dd65dd0a-dda8-47db-b4b1-a946d688cbb0@group-BF61A77A5372->f7aee2ed-06bf-4aad-8464-c585c97c108e: nextIndex: updateUnconditionally 13 -> 12
2019-10-15 22:55:02,914 [grpc-default-executor-2] WARN  server.GrpcLogAppender (LogUtils.java:warn(134)) - dd65dd0a-dda8-47db-b4b1-a946d688cbb0@group-BF61A77A5372->90e6b9eb-7354-4988-958f-34602f50702c-AppendLogResponseHandler: Failed appendEntries: org.apache.ratis.thirdparty.io.grpc.StatusRuntimeException: UNAVAILABLE: io exception
2019-10-15 22:55:02,923 [grpc-default-executor-2] INFO  impl.FollowerInfo (FollowerInfo.java:lambda$new$0(51)) - dd65dd0a-dda8-47db-b4b1-a946d688cbb0@group-BF61A77A5372->90e6b9eb-7354-4988-958f-34602f50702c: nextIndex: updateUnconditionally 16 -> 15
2019-10-15 22:55:03,700 [EventQueue-StaleNodeForStaleNodeHandler] INFO  node.StaleNodeHandler (StaleNodeHandler.java:onMessage(58)) - Datanode 3594faa7-d94e-4af2-ab4a-ef22aa79de86{ip: 192.168.157.213, host: pr-hdds-2221-lrjgr-1037302595, networkLocation: /default-rack, certSerialId: null} moved to stale state. Finalizing its pipelines [PipelineID=73100d1f-9266-4ced-8db2-c20954537c79, PipelineID=c61dba92-6ac7-4fb2-b75d-d68bb305b344]
2019-10-15 22:55:03,700 [EventQueue-StaleNodeForStaleNodeHandler] INFO  pipeline.SCMPipelineManager (SCMPipelineManager.java:finalizeAndDestroyPipeline(315)) - destroying pipeline:Pipeline[ Id: 73100d1f-9266-4ced-8db2-c20954537c79, Nodes: 3594faa7-d94e-4af2-ab4a-ef22aa79de86{ip: 192.168.157.213, host: pr-hdds-2221-lrjgr-1037302595, networkLocation: /default-rack, certSerialId: null}, Type:RATIS, Factor:ONE, State:OPEN]
2019-10-15 22:55:03,701 [EventQueue-StaleNodeForStaleNodeHandler] INFO  pipeline.PipelineStateManager (PipelineStateManager.java:finalizePipeline(123)) - Pipeline Pipeline[ Id: 73100d1f-9266-4ced-8db2-c20954537c79, Nodes: 3594faa7-d94e-4af2-ab4a-ef22aa79de86{ip: 192.168.157.213, host: pr-hdds-2221-lrjgr-1037302595, networkLocation: /default-rack, certSerialId: null}, Type:RATIS, Factor:ONE, State:CLOSED] moved to CLOSED state
2019-10-15 22:55:03,701 [EventQueue-StaleNodeForStaleNodeHandler] INFO  pipeline.SCMPipelineManager (SCMPipelineManager.java:finalizeAndDestroyPipeline(315)) - destroying pipeline:Pipeline[ Id: c61dba92-6ac7-4fb2-b75d-d68bb305b344, Nodes: aaf8e68d-5698-433d-8fad-3ccf5c38c15f{ip: 192.168.157.213, host: pr-hdds-2221-lrjgr-1037302595, networkLocation: /default-rack, certSerialId: null}8c3b9c04-93ef-45da-955f-d3fc6ab62d67{ip: 192.168.157.213, host: pr-hdds-2221-lrjgr-1037302595, networkLocation: /default-rack, certSerialId: null}3594faa7-d94e-4af2-ab4a-ef22aa79de86{ip: 192.168.157.213, host: pr-hdds-2221-lrjgr-1037302595, networkLocation: /default-rack, certSerialId: null}, Type:RATIS, Factor:THREE, State:OPEN]
2019-10-15 22:55:03,701 [EventQueue-StaleNodeForStaleNodeHandler] INFO  pipeline.PipelineStateManager (PipelineStateManager.java:finalizePipeline(123)) - Pipeline Pipeline[ Id: c61dba92-6ac7-4fb2-b75d-d68bb305b344, Nodes: aaf8e68d-5698-433d-8fad-3ccf5c38c15f{ip: 192.168.157.213, host: pr-hdds-2221-lrjgr-1037302595, networkLocation: /default-rack, certSerialId: null}8c3b9c04-93ef-45da-955f-d3fc6ab62d67{ip: 192.168.157.213, host: pr-hdds-2221-lrjgr-1037302595, networkLocation: /default-rack, certSerialId: null}3594faa7-d94e-4af2-ab4a-ef22aa79de86{ip: 192.168.157.213, host: pr-hdds-2221-lrjgr-1037302595, networkLocation: /default-rack, certSerialId: null}, Type:RATIS, Factor:THREE, State:CLOSED] moved to CLOSED state
2019-10-15 22:55:03,702 [EventQueue-CloseContainerForCloseContainerEventHandler] INFO  container.CloseContainerEventHandler (CloseContainerEventHandler.java:onMessage(61)) - Close container Event triggered for container : #2
2019-10-15 22:55:03,800 [EventQueue-StaleNodeForStaleNodeHandler] INFO  node.StaleNodeHandler (StaleNodeHandler.java:onMessage(58)) - Datanode 270a7188-b373-43e4-a3ac-26543458552c{ip: 192.168.157.213, host: pr-hdds-2221-lrjgr-1037302595, networkLocation: /default-rack, certSerialId: null} moved to stale state. Finalizing its pipelines [PipelineID=6566cd98-29d0-4fd1-a976-e5229bc6b93c]
2019-10-15 22:55:03,802 [EventQueue-StaleNodeForStaleNodeHandler] INFO  pipeline.SCMPipelineManager (SCMPipelineManager.java:finalizeAndDestroyPipeline(315)) - destroying pipeline:Pipeline[ Id: 6566cd98-29d0-4fd1-a976-e5229bc6b93c, Nodes: 270a7188-b373-43e4-a3ac-26543458552c{ip: 192.168.157.213, host: pr-hdds-2221-lrjgr-1037302595, networkLocation: /default-rack, certSerialId: null}, Type:RATIS, Factor:ONE, State:OPEN]
2019-10-15 22:55:03,802 [EventQueue-StaleNodeForStaleNodeHandler] INFO  pipeline.PipelineStateManager (PipelineStateManager.java:finalizePipeline(123)) - Pipeline Pipeline[ Id: 6566cd98-29d0-4fd1-a976-e5229bc6b93c, Nodes: 270a7188-b373-43e4-a3ac-26543458552c{ip: 192.168.157.213, host: pr-hdds-2221-lrjgr-1037302595, networkLocation: /default-rack, certSerialId: null}, Type:RATIS, Factor:ONE, State:CLOSED] moved to CLOSED state
2019-10-15 22:55:03,877 [main] INFO  ozoneimpl.OzoneContainer (OzoneContainer.java:stop(227)) - Attempting to stop container services.
2019-10-15 22:55:03,878 [ForkJoinPool.commonPool-worker-1] INFO  ozoneimpl.OzoneContainer (OzoneContainer.java:stop(227)) - Attempting to stop container services.
2019-10-15 22:55:03,878 [main] INFO  impl.RaftServerProxy (RaftServerProxy.java:lambda$close$4(314)) - 3594faa7-d94e-4af2-ab4a-ef22aa79de86: close
2019-10-15 22:55:03,879 [ForkJoinPool.commonPool-worker-1] INFO  impl.RaftServerProxy (RaftServerProxy.java:lambda$close$4(314)) - 270a7188-b373-43e4-a3ac-26543458552c: close
2019-10-15 22:55:03,879 [main] INFO  impl.RaftServerImpl (RaftServerImpl.java:lambda$shutdown$3(247)) - 3594faa7-d94e-4af2-ab4a-ef22aa79de86@group-C20954537C79: shutdown
2019-10-15 22:55:03,879 [ForkJoinPool.commonPool-worker-1] INFO  impl.RaftServerImpl (RaftServerImpl.java:lambda$shutdown$3(247)) - 270a7188-b373-43e4-a3ac-26543458552c@group-E5229BC6B93C: shutdown
2019-10-15 22:55:03,879 [main] INFO  util.JmxRegister (JmxRegister.java:unregister(73)) - Successfully un-registered JMX Bean with object name Ratis:service=RaftServer,group=group-C20954537C79,id=3594faa7-d94e-4af2-ab4a-ef22aa79de86
2019-10-15 22:55:03,879 [ForkJoinPool.commonPool-worker-1] INFO  util.JmxRegister (JmxRegister.java:unregister(73)) - Successfully un-registered JMX Bean with object name Ratis:service=RaftServer,group=group-E5229BC6B93C,id=270a7188-b373-43e4-a3ac-26543458552c
2019-10-15 22:55:03,880 [main] INFO  impl.RoleInfo (RoleInfo.java:shutdownLeaderState(104)) - 3594faa7-d94e-4af2-ab4a-ef22aa79de86: shutdown LeaderState
2019-10-15 22:55:03,880 [ForkJoinPool.commonPool-worker-1] INFO  impl.RoleInfo (RoleInfo.java:shutdownLeaderState(104)) - 270a7188-b373-43e4-a3ac-26543458552c: shutdown LeaderState
2019-10-15 22:55:03,880 [main] INFO  impl.PendingRequests (PendingRequests.java:sendNotLeaderResponses(202)) - 3594faa7-d94e-4af2-ab4a-ef22aa79de86@group-C20954537C79-PendingRequests: sendNotLeaderResponses
2019-10-15 22:55:03,881 [ForkJoinPool.commonPool-worker-1] INFO  impl.PendingRequests (PendingRequests.java:sendNotLeaderResponses(202)) - 270a7188-b373-43e4-a3ac-26543458552c@group-E5229BC6B93C-PendingRequests: sendNotLeaderResponses
2019-10-15 22:55:03,883 [main] INFO  impl.StateMachineUpdater (StateMachineUpdater.java:stopAndJoin(136)) - 3594faa7-d94e-4af2-ab4a-ef22aa79de86@group-C20954537C79-StateMachineUpdater: set stopIndex = 0
2019-10-15 22:55:03,883 [ForkJoinPool.commonPool-worker-1] INFO  impl.StateMachineUpdater (StateMachineUpdater.java:stopAndJoin(136)) - 270a7188-b373-43e4-a3ac-26543458552c@group-E5229BC6B93C-StateMachineUpdater: set stopIndex = 0
2019-10-15 22:55:03,883 [main] INFO  impl.RaftServerImpl (ServerState.java:close(387)) - 3594faa7-d94e-4af2-ab4a-ef22aa79de86@group-C20954537C79: closes. applyIndex: 0
2019-10-15 22:55:03,883 [ForkJoinPool.commonPool-worker-1] INFO  impl.RaftServerImpl (ServerState.java:close(387)) - 270a7188-b373-43e4-a3ac-26543458552c@group-E5229BC6B93C: closes. applyIndex: 0
2019-10-15 22:55:03,884 [3594faa7-d94e-4af2-ab4a-ef22aa79de86@group-C20954537C79-SegmentedRaftLogWorker] INFO  segmented.SegmentedRaftLogWorker (SegmentedRaftLogWorker.java:run(316)) - 3594faa7-d94e-4af2-ab4a-ef22aa79de86@group-C20954537C79-SegmentedRaftLogWorker was interrupted, exiting. There are 0 tasks remaining in the queue.
2019-10-15 22:55:03,884 [270a7188-b373-43e4-a3ac-26543458552c@group-E5229BC6B93C-SegmentedRaftLogWorker] INFO  segmented.SegmentedRaftLogWorker (SegmentedRaftLogWorker.java:run(316)) - 270a7188-b373-43e4-a3ac-26543458552c@group-E5229BC6B93C-SegmentedRaftLogWorker was interrupted, exiting. There are 0 tasks remaining in the queue.
2019-10-15 22:55:03,885 [main] INFO  segmented.SegmentedRaftLogWorker (SegmentedRaftLogWorker.java:close(224)) - 3594faa7-d94e-4af2-ab4a-ef22aa79de86@group-C20954537C79-SegmentedRaftLogWorker close()
2019-10-15 22:55:03,886 [ForkJoinPool.commonPool-worker-1] INFO  segmented.SegmentedRaftLogWorker (SegmentedRaftLogWorker.java:close(224)) - 270a7188-b373-43e4-a3ac-26543458552c@group-E5229BC6B93C-SegmentedRaftLogWorker close()
2019-10-15 22:55:03,889 [main] INFO  impl.RaftServerImpl (RaftServerImpl.java:lambda$shutdown$3(247)) - 3594faa7-d94e-4af2-ab4a-ef22aa79de86@group-D68BB305B344: shutdown
2019-10-15 22:55:03,891 [ForkJoinPool.commonPool-worker-1] INFO  server.GrpcService (GrpcService.java:closeImpl(164)) - 270a7188-b373-43e4-a3ac-26543458552c: shutdown server with port 37155 now
2019-10-15 22:55:03,891 [main] INFO  util.JmxRegister (JmxRegister.java:unregister(73)) - Successfully un-registered JMX Bean with object name Ratis:service=RaftServer,group=group-D68BB305B344,id=3594faa7-d94e-4af2-ab4a-ef22aa79de86
2019-10-15 22:55:03,892 [main] INFO  impl.RoleInfo (RoleInfo.java:shutdownFollowerState(121)) - 3594faa7-d94e-4af2-ab4a-ef22aa79de86: shutdown FollowerState
2019-10-15 22:55:03,892 [ForkJoinPool.commonPool-worker-1] INFO  server.GrpcService (GrpcService.java:closeImpl(172)) - 270a7188-b373-43e4-a3ac-26543458552c: shutdown server with port 37155 successfully
2019-10-15 22:55:03,893 [Thread-320] INFO  impl.FollowerState (FollowerState.java:run(117)) - 3594faa7-d94e-4af2-ab4a-ef22aa79de86@group-D68BB305B344-FollowerState was interrupted: java.lang.InterruptedException: sleep interrupted
2019-10-15 22:55:03,893 [main] INFO  impl.StateMachineUpdater (StateMachineUpdater.java:stopAndJoin(136)) - 3594faa7-d94e-4af2-ab4a-ef22aa79de86@group-D68BB305B344-StateMachineUpdater: set stopIndex = 16
2019-10-15 22:55:03,893 [3594faa7-d94e-4af2-ab4a-ef22aa79de86@group-D68BB305B344-StateMachineUpdater] INFO  ratis.ContainerStateMachine (ContainerStateMachine.java:takeSnapshot(294)) - group-D68BB305B344: Taking a snapshot at:(t:1, i:16) file /workdir/hadoop-ozone/integration-test/target/test-dir/MiniOzoneClusterImpl-7c55876f-3f97-4a05-b001-a0c81006d1f8/datanode-4/data/ratis/c61dba92-6ac7-4fb2-b75d-d68bb305b344/sm/snapshot.1_16
2019-10-15 22:55:03,903 [refreshUsed-/workdir/hadoop-ozone/integration-test/target/test-dir/MiniOzoneClusterImpl-7c55876f-3f97-4a05-b001-a0c81006d1f8/datanode-1/data/containers] WARN  fs.CachingGetSpaceUsed (CachingGetSpaceUsed.java:run(183)) - Thread Interrupted waiting to refresh disk information: sleep interrupted
2019-10-15 22:55:03,919 [3594faa7-d94e-4af2-ab4a-ef22aa79de86@group-D68BB305B344-StateMachineUpdater] INFO  ratis.ContainerStateMachine (ContainerStateMachine.java:takeSnapshot(305)) - group-D68BB305B344: Finished taking a snapshot at:(t:1, i:16) file:/workdir/hadoop-ozone/integration-test/target/test-dir/MiniOzoneClusterImpl-7c55876f-3f97-4a05-b001-a0c81006d1f8/datanode-4/data/ratis/c61dba92-6ac7-4fb2-b75d-d68bb305b344/sm/snapshot.1_16 time:27
2019-10-15 22:55:03,920 [3594faa7-d94e-4af2-ab4a-ef22aa79de86@group-D68BB305B344-StateMachineUpdater] INFO  impl.StateMachineUpdater (StateMachineUpdater.java:takeSnapshot(269)) - 3594faa7-d94e-4af2-ab4a-ef22aa79de86@group-D68BB305B344-StateMachineUpdater: Took a snapshot at index 16
2019-10-15 22:55:03,920 [3594faa7-d94e-4af2-ab4a-ef22aa79de86@group-D68BB305B344-StateMachineUpdater] INFO  impl.StateMachineUpdater (StateMachineUpdater.java:lambda$new$0(84)) - 3594faa7-d94e-4af2-ab4a-ef22aa79de86@group-D68BB305B344-StateMachineUpdater: snapshotIndex: updateIncreasingly -1 -> 16
2019-10-15 22:55:03,920 [main] INFO  impl.RaftServerImpl (ServerState.java:close(387)) - 3594faa7-d94e-4af2-ab4a-ef22aa79de86@group-D68BB305B344: closes. applyIndex: 16
2019-10-15 22:55:03,921 [3594faa7-d94e-4af2-ab4a-ef22aa79de86@group-D68BB305B344-SegmentedRaftLogWorker] INFO  segmented.SegmentedRaftLogWorker (SegmentedRaftLogWorker.java:run(316)) - 3594faa7-d94e-4af2-ab4a-ef22aa79de86@group-D68BB305B344-SegmentedRaftLogWorker was interrupted, exiting. There are 0 tasks remaining in the queue.
2019-10-15 22:55:03,922 [main] INFO  segmented.SegmentedRaftLogWorker (SegmentedRaftLogWorker.java:close(224)) - 3594faa7-d94e-4af2-ab4a-ef22aa79de86@group-D68BB305B344-SegmentedRaftLogWorker close()
2019-10-15 22:55:03,924 [main] INFO  server.GrpcService (GrpcService.java:closeImpl(164)) - 3594faa7-d94e-4af2-ab4a-ef22aa79de86: shutdown server with port 44254 now
2019-10-15 22:55:03,926 [grpc-default-executor-1] WARN  server.GrpcServerProtocolService (LogUtils.java:warn(134)) - 3594faa7-d94e-4af2-ab4a-ef22aa79de86: installSnapshot onError, lastRequest: aaf8e68d-5698-433d-8fad-3ccf5c38c15f->3594faa7-d94e-4af2-ab4a-ef22aa79de86#23-t1, previous=(t:1, i:16), leaderCommit=16, initializing? false, entries: <empty>: org.apache.ratis.thirdparty.io.grpc.StatusRuntimeException: CANCELLED: cancelled before receiving half close
2019-10-15 22:55:03,927 [grpc-default-executor-2] WARN  server.GrpcLogAppender (LogUtils.java:warn(134)) - aaf8e68d-5698-433d-8fad-3ccf5c38c15f@group-D68BB305B344->3594faa7-d94e-4af2-ab4a-ef22aa79de86-AppendLogResponseHandler: Failed appendEntries: org.apache.ratis.thirdparty.io.grpc.StatusRuntimeException: CANCELLED: HTTP/2 error code: CANCEL
Received Rst Stream
2019-10-15 22:55:03,927 [main] INFO  server.GrpcService (GrpcService.java:closeImpl(172)) - 3594faa7-d94e-4af2-ab4a-ef22aa79de86: shutdown server with port 44254 successfully
2019-10-15 22:55:03,928 [ForkJoinPool.commonPool-worker-1] INFO  utils.BackgroundService (BackgroundService.java:shutdown(151)) - Shutting down service BlockDeletingService
2019-10-15 22:55:03,929 [grpc-default-executor-2] INFO  impl.FollowerInfo (FollowerInfo.java:lambda$new$0(51)) - aaf8e68d-5698-433d-8fad-3ccf5c38c15f@group-D68BB305B344->3594faa7-d94e-4af2-ab4a-ef22aa79de86: nextIndex: updateUnconditionally 17 -> 16
2019-10-15 22:55:03,932 [ForkJoinPool.commonPool-worker-1] INFO  statemachine.DatanodeStateMachine (DatanodeStateMachine.java:stopDaemon(395)) - Ozone container server stopped.
2019-10-15 22:55:03,932 [refreshUsed-/workdir/hadoop-ozone/integration-test/target/test-dir/MiniOzoneClusterImpl-7c55876f-3f97-4a05-b001-a0c81006d1f8/datanode-4/data/containers] WARN  fs.CachingGetSpaceUsed (CachingGetSpaceUsed.java:run(183)) - Thread Interrupted waiting to refresh disk information: sleep interrupted
2019-10-15 22:55:03,936 [ForkJoinPool.commonPool-worker-1] INFO  handler.ContextHandler (ContextHandler.java:doStop(910)) - Stopped o.e.j.w.WebAppContext@3d904e9c{/,null,UNAVAILABLE}{/hddsDatanode}
2019-10-15 22:55:03,938 [ForkJoinPool.commonPool-worker-1] INFO  server.AbstractConnector (AbstractConnector.java:doStop(318)) - Stopped ServerConnector@508a65bf{HTTP/1.1,[http/1.1]}{0.0.0.0:0}
2019-10-15 22:55:03,940 [ForkJoinPool.commonPool-worker-1] INFO  handler.ContextHandler (ContextHandler.java:doStop(910)) - Stopped o.e.j.s.ServletContextHandler@fab35b1{/static,jar:file:/home/user/.m2/repository/org/apache/hadoop/hadoop-hdds-container-service/0.5.0-SNAPSHOT/hadoop-hdds-container-service-0.5.0-SNAPSHOT.jar!/webapps/static,UNAVAILABLE}
2019-10-15 22:55:03,941 [ForkJoinPool.commonPool-worker-1] INFO  handler.ContextHandler (ContextHandler.java:doStop(910)) - Stopped o.e.j.s.ServletContextHandler@730f9695{/logs,file:///workdir/hadoop-ozone/integration-test/target/log,UNAVAILABLE}
2019-10-15 22:55:03,952 [main] INFO  utils.BackgroundService (BackgroundService.java:shutdown(151)) - Shutting down service BlockDeletingService
2019-10-15 22:55:03,954 [main] INFO  statemachine.DatanodeStateMachine (DatanodeStateMachine.java:stopDaemon(395)) - Ozone container server stopped.
2019-10-15 22:55:03,955 [main] INFO  handler.ContextHandler (ContextHandler.java:doStop(910)) - Stopped o.e.j.w.WebAppContext@7ecec90d{/,null,UNAVAILABLE}{/hddsDatanode}
2019-10-15 22:55:03,956 [main] INFO  server.AbstractConnector (AbstractConnector.java:doStop(318)) - Stopped ServerConnector@588f63c{HTTP/1.1,[http/1.1]}{0.0.0.0:0}
2019-10-15 22:55:03,956 [main] INFO  handler.ContextHandler (ContextHandler.java:doStop(910)) - Stopped o.e.j.s.ServletContextHandler@712cfb63{/static,jar:file:/home/user/.m2/repository/org/apache/hadoop/hadoop-hdds-container-service/0.5.0-SNAPSHOT/hadoop-hdds-container-service-0.5.0-SNAPSHOT.jar!/webapps/static,UNAVAILABLE}
2019-10-15 22:55:03,956 [main] INFO  handler.ContextHandler (ContextHandler.java:doStop(910)) - Stopped o.e.j.s.ServletContextHandler@726aa968{/logs,file:///workdir/hadoop-ozone/integration-test/target/log,UNAVAILABLE}
2019-10-15 22:55:04,343 [grpc-default-executor-0] WARN  server.GrpcLogAppender (LogUtils.java:warn(134)) - aaf8e68d-5698-433d-8fad-3ccf5c38c15f@group-D68BB305B344->3594faa7-d94e-4af2-ab4a-ef22aa79de86-AppendLogResponseHandler: Failed appendEntries: org.apache.ratis.thirdparty.io.grpc.StatusRuntimeException: UNAVAILABLE: io exception
2019-10-15 22:55:04,345 [grpc-default-executor-0] INFO  impl.FollowerInfo (FollowerInfo.java:lambda$new$0(51)) - aaf8e68d-5698-433d-8fad-3ccf5c38c15f@group-D68BB305B344->3594faa7-d94e-4af2-ab4a-ef22aa79de86: nextIndex: updateUnconditionally 16 -> 15
2019-10-15 22:55:04,605 [Datanode State Machine Thread - 0] INFO  statemachine.DatanodeStateMachine (DatanodeStateMachine.java:lambda$startDaemon$0(350)) - Ozone container server started.
2019-10-15 22:55:04,908 [Datanode State Machine Thread - 0] INFO  statemachine.DatanodeStateMachine (DatanodeStateMachine.java:lambda$startDaemon$0(350)) - Ozone container server started.
2019-10-15 22:55:05,407 [grpc-default-executor-1] WARN  server.GrpcLogAppender (LogUtils.java:warn(134)) - dd65dd0a-dda8-47db-b4b1-a946d688cbb0@group-BF61A77A5372->f7aee2ed-06bf-4aad-8464-c585c97c108e-AppendLogResponseHandler: Failed appendEntries: org.apache.ratis.thirdparty.io.grpc.StatusRuntimeException: UNAVAILABLE: io exception
2019-10-15 22:55:05,409 [grpc-default-executor-1] INFO  impl.FollowerInfo (FollowerInfo.java:lambda$new$0(51)) - dd65dd0a-dda8-47db-b4b1-a946d688cbb0@group-BF61A77A5372->f7aee2ed-06bf-4aad-8464-c585c97c108e: nextIndex: updateUnconditionally 12 -> 11
2019-10-15 22:55:05,414 [grpc-default-executor-0] WARN  server.GrpcLogAppender (LogUtils.java:warn(134)) - dd65dd0a-dda8-47db-b4b1-a946d688cbb0@group-BF61A77A5372->90e6b9eb-7354-4988-958f-34602f50702c-AppendLogResponseHandler: Failed appendEntries: org.apache.ratis.thirdparty.io.grpc.StatusRuntimeException: UNAVAILABLE: io exception
2019-10-15 22:55:05,415 [grpc-default-executor-0] INFO  impl.FollowerInfo (FollowerInfo.java:lambda$new$0(51)) - dd65dd0a-dda8-47db-b4b1-a946d688cbb0@group-BF61A77A5372->90e6b9eb-7354-4988-958f-34602f50702c: nextIndex: updateUnconditionally 15 -> 14
2019-10-15 22:55:06,644 [grpc-default-executor-2] WARN  server.GrpcLogAppender (LogUtils.java:warn(134)) - aaf8e68d-5698-433d-8fad-3ccf5c38c15f@group-D68BB305B344->3594faa7-d94e-4af2-ab4a-ef22aa79de86-AppendLogResponseHandler: Failed appendEntries: org.apache.ratis.thirdparty.io.grpc.StatusRuntimeException: UNAVAILABLE: io exception
2019-10-15 22:55:06,646 [grpc-default-executor-2] INFO  impl.FollowerInfo (FollowerInfo.java:lambda$new$0(51)) - aaf8e68d-5698-433d-8fad-3ccf5c38c15f@group-D68BB305B344->3594faa7-d94e-4af2-ab4a-ef22aa79de86: nextIndex: updateUnconditionally 16 -> 15
2019-10-15 22:55:06,658 [grpc-default-executor-0] WARN  server.GrpcLogAppender (LogUtils.java:warn(134)) - aaf8e68d-5698-433d-8fad-3ccf5c38c15f@group-D68BB305B344->3594faa7-d94e-4af2-ab4a-ef22aa79de86-AppendLogResponseHandler: Failed appendEntries: org.apache.ratis.thirdparty.io.grpc.StatusRuntimeException: UNAVAILABLE: io exception
2019-10-15 22:55:06,659 [grpc-default-executor-0] INFO  impl.FollowerInfo (FollowerInfo.java:lambda$new$0(51)) - aaf8e68d-5698-433d-8fad-3ccf5c38c15f@group-D68BB305B344->3594faa7-d94e-4af2-ab4a-ef22aa79de86: nextIndex: updateUnconditionally 16 -> 15
2019-10-15 22:55:06,668 [RatisApplyTransactionExecutor 2] INFO  interfaces.Container (KeyValueContainer.java:flushAndSyncDB(386)) - Container 2 is synced with bcsId 14.
2019-10-15 22:55:06,668 [RatisApplyTransactionExecutor 2] INFO  interfaces.Container (KeyValueContainer.java:flushAndSyncDB(386)) - Container 2 is synced with bcsId 14.
2019-10-15 22:55:06,673 [grpc-default-executor-1] WARN  server.GrpcLogAppender (LogUtils.java:warn(134)) - aaf8e68d-5698-433d-8fad-3ccf5c38c15f@group-D68BB305B344->3594faa7-d94e-4af2-ab4a-ef22aa79de86-AppendLogResponseHandler: Failed appendEntries: org.apache.ratis.thirdparty.io.grpc.StatusRuntimeException: UNAVAILABLE: io exception
2019-10-15 22:55:06,674 [grpc-default-executor-1] INFO  impl.FollowerInfo (FollowerInfo.java:lambda$new$0(51)) - aaf8e68d-5698-433d-8fad-3ccf5c38c15f@group-D68BB305B344->3594faa7-d94e-4af2-ab4a-ef22aa79de86: nextIndex: updateUnconditionally 16 -> 15
2019-10-15 22:55:06,694 [RatisApplyTransactionExecutor 2] INFO  interfaces.Container (KeyValueContainer.java:close(335)) - Container 2 is closed with bcsId 14.
2019-10-15 22:55:06,696 [EventQueue-IncrementalContainerReportForIncrementalContainerReportHandler] INFO  container.IncrementalContainerReportHandler (AbstractContainerReportHandler.java:updateContainerState(178)) - Moving container #2 to CLOSED state, datanode aaf8e68d-5698-433d-8fad-3ccf5c38c15f{ip: 192.168.157.213, host: pr-hdds-2221-lrjgr-1037302595, networkLocation: /default-rack, certSerialId: null} reported CLOSED replica.
2019-10-15 22:55:06,706 [RatisApplyTransactionExecutor 2] INFO  interfaces.Container (KeyValueContainer.java:flushAndSyncDB(386)) - Container 2 is synced with bcsId 14.
2019-10-15 22:55:06,706 [RatisApplyTransactionExecutor 2] INFO  interfaces.Container (KeyValueContainer.java:flushAndSyncDB(386)) - Container 2 is synced with bcsId 14.
2019-10-15 22:55:06,724 [RatisApplyTransactionExecutor 2] INFO  interfaces.Container (KeyValueContainer.java:close(335)) - Container 2 is closed with bcsId 14.
2019-10-15 22:55:07,912 [grpc-default-executor-2] WARN  server.GrpcLogAppender (LogUtils.java:warn(134)) - dd65dd0a-dda8-47db-b4b1-a946d688cbb0@group-BF61A77A5372->f7aee2ed-06bf-4aad-8464-c585c97c108e-AppendLogResponseHandler: Failed appendEntries: org.apache.ratis.thirdparty.io.grpc.StatusRuntimeException: UNAVAILABLE: io exception
2019-10-15 22:55:07,915 [grpc-default-executor-2] INFO  impl.FollowerInfo (FollowerInfo.java:lambda$new$0(51)) - dd65dd0a-dda8-47db-b4b1-a946d688cbb0@group-BF61A77A5372->f7aee2ed-06bf-4aad-8464-c585c97c108e: nextIndex: updateUnconditionally 11 -> 10
2019-10-15 22:55:07,916 [grpc-default-executor-0] WARN  server.GrpcLogAppender (LogUtils.java:warn(134)) - dd65dd0a-dda8-47db-b4b1-a946d688cbb0@group-BF61A77A5372->90e6b9eb-7354-4988-958f-34602f50702c-AppendLogResponseHandler: Failed appendEntries: org.apache.ratis.thirdparty.io.grpc.StatusRuntimeException: UNAVAILABLE: io exception
2019-10-15 22:55:07,918 [grpc-default-executor-0] INFO  impl.FollowerInfo (FollowerInfo.java:lambda$new$0(51)) - dd65dd0a-dda8-47db-b4b1-a946d688cbb0@group-BF61A77A5372->90e6b9eb-7354-4988-958f-34602f50702c: nextIndex: updateUnconditionally 14 -> 13
2019-10-15 22:55:08,609 [EventQueue-StaleNodeForStaleNodeHandler] INFO  node.StaleNodeHandler (StaleNodeHandler.java:onMessage(58)) - Datanode 8c3b9c04-93ef-45da-955f-d3fc6ab62d67{ip: 192.168.157.213, host: pr-hdds-2221-lrjgr-1037302595, networkLocation: /default-rack, certSerialId: null} moved to stale state. Finalizing its pipelines [PipelineID=49395d39-5ef4-4693-b82d-6440b405e73a, PipelineID=c61dba92-6ac7-4fb2-b75d-d68bb305b344]
2019-10-15 22:55:08,610 [EventQueue-StaleNodeForStaleNodeHandler] INFO  pipeline.SCMPipelineManager (SCMPipelineManager.java:finalizeAndDestroyPipeline(315)) - destroying pipeline:Pipeline[ Id: 49395d39-5ef4-4693-b82d-6440b405e73a, Nodes: 8c3b9c04-93ef-45da-955f-d3fc6ab62d67{ip: 192.168.157.213, host: pr-hdds-2221-lrjgr-1037302595, networkLocation: /default-rack, certSerialId: null}, Type:RATIS, Factor:ONE, State:OPEN]
2019-10-15 22:55:08,610 [EventQueue-StaleNodeForStaleNodeHandler] INFO  pipeline.PipelineStateManager (PipelineStateManager.java:finalizePipeline(123)) - Pipeline Pipeline[ Id: 49395d39-5ef4-4693-b82d-6440b405e73a, Nodes: 8c3b9c04-93ef-45da-955f-d3fc6ab62d67{ip: 192.168.157.213, host: pr-hdds-2221-lrjgr-1037302595, networkLocation: /default-rack, certSerialId: null}, Type:RATIS, Factor:ONE, State:CLOSED] moved to CLOSED state
2019-10-15 22:55:08,611 [EventQueue-StaleNodeForStaleNodeHandler] INFO  pipeline.SCMPipelineManager (SCMPipelineManager.java:finalizeAndDestroyPipeline(315)) - destroying pipeline:Pipeline[ Id: c61dba92-6ac7-4fb2-b75d-d68bb305b344, Nodes: aaf8e68d-5698-433d-8fad-3ccf5c38c15f{ip: 192.168.157.213, host: pr-hdds-2221-lrjgr-1037302595, networkLocation: /default-rack, certSerialId: null}8c3b9c04-93ef-45da-955f-d3fc6ab62d67{ip: 192.168.157.213, host: pr-hdds-2221-lrjgr-1037302595, networkLocation: /default-rack, certSerialId: null}3594faa7-d94e-4af2-ab4a-ef22aa79de86{ip: 192.168.157.213, host: pr-hdds-2221-lrjgr-1037302595, networkLocation: /default-rack, certSerialId: null}, Type:RATIS, Factor:THREE, State:CLOSED]
2019-10-15 22:55:08,910 [EventQueue-StaleNodeForStaleNodeHandler] INFO  node.StaleNodeHandler (StaleNodeHandler.java:onMessage(58)) - Datanode dd65dd0a-dda8-47db-b4b1-a946d688cbb0{ip: 192.168.157.213, host: pr-hdds-2221-lrjgr-1037302595, networkLocation: /default-rack, certSerialId: null} moved to stale state. Finalizing its pipelines [PipelineID=ab42da2c-dea8-4366-a601-bf61a77a5372, PipelineID=0127c1bf-529f-421d-8dfe-61984dc9825b]
2019-10-15 22:55:08,910 [EventQueue-StaleNodeForStaleNodeHandler] INFO  pipeline.SCMPipelineManager (SCMPipelineManager.java:finalizeAndDestroyPipeline(315)) - destroying pipeline:Pipeline[ Id: ab42da2c-dea8-4366-a601-bf61a77a5372, Nodes: f7aee2ed-06bf-4aad-8464-c585c97c108e{ip: 192.168.157.213, host: pr-hdds-2221-lrjgr-1037302595, networkLocation: /default-rack, certSerialId: null}90e6b9eb-7354-4988-958f-34602f50702c{ip: 192.168.157.213, host: pr-hdds-2221-lrjgr-1037302595, networkLocation: /default-rack, certSerialId: null}dd65dd0a-dda8-47db-b4b1-a946d688cbb0{ip: 192.168.157.213, host: pr-hdds-2221-lrjgr-1037302595, networkLocation: /default-rack, certSerialId: null}, Type:RATIS, Factor:THREE, State:CLOSED]
2019-10-15 22:55:08,910 [EventQueue-StaleNodeForStaleNodeHandler] INFO  pipeline.SCMPipelineManager (SCMPipelineManager.java:finalizeAndDestroyPipeline(315)) - destroying pipeline:Pipeline[ Id: 0127c1bf-529f-421d-8dfe-61984dc9825b, Nodes: dd65dd0a-dda8-47db-b4b1-a946d688cbb0{ip: 192.168.157.213, host: pr-hdds-2221-lrjgr-1037302595, networkLocation: /default-rack, certSerialId: null}, Type:RATIS, Factor:ONE, State:OPEN]
2019-10-15 22:55:08,911 [EventQueue-StaleNodeForStaleNodeHandler] INFO  pipeline.PipelineStateManager (PipelineStateManager.java:finalizePipeline(123)) - Pipeline Pipeline[ Id: 0127c1bf-529f-421d-8dfe-61984dc9825b, Nodes: dd65dd0a-dda8-47db-b4b1-a946d688cbb0{ip: 192.168.157.213, host: pr-hdds-2221-lrjgr-1037302595, networkLocation: /default-rack, certSerialId: null}, Type:RATIS, Factor:ONE, State:CLOSED] moved to CLOSED state
2019-10-15 22:55:08,944 [ForkJoinPool.commonPool-worker-1] INFO  ozoneimpl.OzoneContainer (OzoneContainer.java:stop(227)) - Attempting to stop container services.
2019-10-15 22:55:08,946 [ForkJoinPool.commonPool-worker-1] INFO  impl.RaftServerProxy (RaftServerProxy.java:lambda$close$4(314)) - dd65dd0a-dda8-47db-b4b1-a946d688cbb0: close
2019-10-15 22:55:08,947 [ForkJoinPool.commonPool-worker-1] INFO  impl.RaftServerImpl (RaftServerImpl.java:lambda$shutdown$3(247)) - dd65dd0a-dda8-47db-b4b1-a946d688cbb0@group-BF61A77A5372: shutdown
2019-10-15 22:55:08,947 [ForkJoinPool.commonPool-worker-1] INFO  util.JmxRegister (JmxRegister.java:unregister(73)) - Successfully un-registered JMX Bean with object name Ratis:service=RaftServer,group=group-BF61A77A5372,id=dd65dd0a-dda8-47db-b4b1-a946d688cbb0
2019-10-15 22:55:08,947 [ForkJoinPool.commonPool-worker-1] INFO  impl.RoleInfo (RoleInfo.java:shutdownLeaderState(104)) - dd65dd0a-dda8-47db-b4b1-a946d688cbb0: shutdown LeaderState
2019-10-15 22:55:08,949 [ForkJoinPool.commonPool-worker-1] INFO  impl.PendingRequests (PendingRequests.java:sendNotLeaderResponses(202)) - dd65dd0a-dda8-47db-b4b1-a946d688cbb0@group-BF61A77A5372-PendingRequests: sendNotLeaderResponses
2019-10-15 22:55:08,950 [org.apache.ratis.server.impl.LogAppender$AppenderDaemon$$Lambda$549/1545995201@7b10c062] WARN  server.GrpcLogAppender (GrpcLogAppender.java:mayWait(143)) - dd65dd0a-dda8-47db-b4b1-a946d688cbb0@group-BF61A77A5372->f7aee2ed-06bf-4aad-8464-c585c97c108e-GrpcLogAppender: Wait interrupted by java.lang.InterruptedException
2019-10-15 22:55:08,950 [org.apache.ratis.server.impl.LogAppender$AppenderDaemon$$Lambda$549/1545995201@215fdb61] WARN  server.GrpcLogAppender (GrpcLogAppender.java:mayWait(143)) - dd65dd0a-dda8-47db-b4b1-a946d688cbb0@group-BF61A77A5372->90e6b9eb-7354-4988-958f-34602f50702c-GrpcLogAppender: Wait interrupted by java.lang.InterruptedException
2019-10-15 22:55:08,951 [ForkJoinPool.commonPool-worker-1] INFO  impl.StateMachineUpdater (StateMachineUpdater.java:stopAndJoin(136)) - dd65dd0a-dda8-47db-b4b1-a946d688cbb0@group-BF61A77A5372-StateMachineUpdater: set stopIndex = 18
2019-10-15 22:55:08,952 [dd65dd0a-dda8-47db-b4b1-a946d688cbb0@group-BF61A77A5372-StateMachineUpdater] INFO  ratis.ContainerStateMachine (ContainerStateMachine.java:takeSnapshot(294)) - group-BF61A77A5372: Taking a snapshot at:(t:1, i:18) file /workdir/hadoop-ozone/integration-test/target/test-dir/MiniOzoneClusterImpl-7c55876f-3f97-4a05-b001-a0c81006d1f8/datanode-0/data/ratis/ab42da2c-dea8-4366-a601-bf61a77a5372/sm/snapshot.1_18
2019-10-15 22:55:08,958 [main] INFO  ozoneimpl.OzoneContainer (OzoneContainer.java:stop(227)) - Attempting to stop container services.
2019-10-15 22:55:08,959 [main] INFO  impl.RaftServerProxy (RaftServerProxy.java:lambda$close$4(314)) - 8c3b9c04-93ef-45da-955f-d3fc6ab62d67: close
2019-10-15 22:55:08,959 [main] INFO  impl.RaftServerImpl (RaftServerImpl.java:lambda$shutdown$3(247)) - 8c3b9c04-93ef-45da-955f-d3fc6ab62d67@group-6440B405E73A: shutdown
2019-10-15 22:55:08,960 [main] INFO  util.JmxRegister (JmxRegister.java:unregister(73)) - Successfully un-registered JMX Bean with object name Ratis:service=RaftServer,group=group-6440B405E73A,id=8c3b9c04-93ef-45da-955f-d3fc6ab62d67
2019-10-15 22:55:08,960 [main] INFO  impl.RoleInfo (RoleInfo.java:shutdownLeaderState(104)) - 8c3b9c04-93ef-45da-955f-d3fc6ab62d67: shutdown LeaderState
2019-10-15 22:55:08,960 [main] INFO  impl.PendingRequests (PendingRequests.java:sendNotLeaderResponses(202)) - 8c3b9c04-93ef-45da-955f-d3fc6ab62d67@group-6440B405E73A-PendingRequests: sendNotLeaderResponses
2019-10-15 22:55:08,961 [main] INFO  impl.StateMachineUpdater (StateMachineUpdater.java:stopAndJoin(136)) - 8c3b9c04-93ef-45da-955f-d3fc6ab62d67@group-6440B405E73A-StateMachineUpdater: set stopIndex = 0
2019-10-15 22:55:08,961 [main] INFO  impl.RaftServerImpl (ServerState.java:close(387)) - 8c3b9c04-93ef-45da-955f-d3fc6ab62d67@group-6440B405E73A: closes. applyIndex: 0
2019-10-15 22:55:08,962 [8c3b9c04-93ef-45da-955f-d3fc6ab62d67@group-6440B405E73A-SegmentedRaftLogWorker] INFO  segmented.SegmentedRaftLogWorker (SegmentedRaftLogWorker.java:run(316)) - 8c3b9c04-93ef-45da-955f-d3fc6ab62d67@group-6440B405E73A-SegmentedRaftLogWorker was interrupted, exiting. There are 0 tasks remaining in the queue.
2019-10-15 22:55:08,963 [main] INFO  segmented.SegmentedRaftLogWorker (SegmentedRaftLogWorker.java:close(224)) - 8c3b9c04-93ef-45da-955f-d3fc6ab62d67@group-6440B405E73A-SegmentedRaftLogWorker close()
2019-10-15 22:55:08,965 [main] INFO  impl.RaftServerImpl (RaftServerImpl.java:lambda$shutdown$3(247)) - 8c3b9c04-93ef-45da-955f-d3fc6ab62d67@group-D68BB305B344: shutdown
2019-10-15 22:55:08,965 [main] INFO  util.JmxRegister (JmxRegister.java:unregister(73)) - Successfully un-registered JMX Bean with object name Ratis:service=RaftServer,group=group-D68BB305B344,id=8c3b9c04-93ef-45da-955f-d3fc6ab62d67
2019-10-15 22:55:08,966 [main] INFO  impl.RoleInfo (RoleInfo.java:shutdownFollowerState(121)) - 8c3b9c04-93ef-45da-955f-d3fc6ab62d67: shutdown FollowerState
2019-10-15 22:55:08,966 [main] INFO  impl.StateMachineUpdater (StateMachineUpdater.java:stopAndJoin(136)) - 8c3b9c04-93ef-45da-955f-d3fc6ab62d67@group-D68BB305B344-StateMachineUpdater: set stopIndex = 17
2019-10-15 22:55:08,966 [8c3b9c04-93ef-45da-955f-d3fc6ab62d67@group-D68BB305B344-StateMachineUpdater] INFO  ratis.ContainerStateMachine (ContainerStateMachine.java:takeSnapshot(294)) - group-D68BB305B344: Taking a snapshot at:(t:1, i:17) file /workdir/hadoop-ozone/integration-test/target/test-dir/MiniOzoneClusterImpl-7c55876f-3f97-4a05-b001-a0c81006d1f8/datanode-3/data/ratis/c61dba92-6ac7-4fb2-b75d-d68bb305b344/sm/snapshot.1_17
2019-10-15 22:55:08,967 [dd65dd0a-dda8-47db-b4b1-a946d688cbb0@group-BF61A77A5372-StateMachineUpdater] INFO  ratis.ContainerStateMachine (ContainerStateMachine.java:takeSnapshot(305)) - group-BF61A77A5372: Finished taking a snapshot at:(t:1, i:18) file:/workdir/hadoop-ozone/integration-test/target/test-dir/MiniOzoneClusterImpl-7c55876f-3f97-4a05-b001-a0c81006d1f8/datanode-0/data/ratis/ab42da2c-dea8-4366-a601-bf61a77a5372/sm/snapshot.1_18 time:15
2019-10-15 22:55:08,966 [Thread-316] INFO  impl.FollowerState (FollowerState.java:run(117)) - 8c3b9c04-93ef-45da-955f-d3fc6ab62d67@group-D68BB305B344-FollowerState was interrupted: java.lang.InterruptedException: sleep interrupted
2019-10-15 22:55:08,968 [dd65dd0a-dda8-47db-b4b1-a946d688cbb0@group-BF61A77A5372-StateMachineUpdater] INFO  impl.StateMachineUpdater (StateMachineUpdater.java:takeSnapshot(269)) - dd65dd0a-dda8-47db-b4b1-a946d688cbb0@group-BF61A77A5372-StateMachineUpdater: Took a snapshot at index 18
2019-10-15 22:55:08,968 [dd65dd0a-dda8-47db-b4b1-a946d688cbb0@group-BF61A77A5372-StateMachineUpdater] INFO  impl.StateMachineUpdater (StateMachineUpdater.java:lambda$new$0(84)) - dd65dd0a-dda8-47db-b4b1-a946d688cbb0@group-BF61A77A5372-StateMachineUpdater: snapshotIndex: updateIncreasingly -1 -> 18
2019-10-15 22:55:08,968 [ForkJoinPool.commonPool-worker-1] INFO  impl.RaftServerImpl (ServerState.java:close(387)) - dd65dd0a-dda8-47db-b4b1-a946d688cbb0@group-BF61A77A5372: closes. applyIndex: 18
2019-10-15 22:55:08,969 [dd65dd0a-dda8-47db-b4b1-a946d688cbb0@group-BF61A77A5372-SegmentedRaftLogWorker] INFO  segmented.SegmentedRaftLogWorker (SegmentedRaftLogWorker.java:run(316)) - dd65dd0a-dda8-47db-b4b1-a946d688cbb0@group-BF61A77A5372-SegmentedRaftLogWorker was interrupted, exiting. There are 0 tasks remaining in the queue.
2019-10-15 22:55:08,970 [ForkJoinPool.commonPool-worker-1] INFO  segmented.SegmentedRaftLogWorker (SegmentedRaftLogWorker.java:close(224)) - dd65dd0a-dda8-47db-b4b1-a946d688cbb0@group-BF61A77A5372-SegmentedRaftLogWorker close()
2019-10-15 22:55:08,972 [ForkJoinPool.commonPool-worker-1] INFO  impl.RaftServerImpl (RaftServerImpl.java:lambda$shutdown$3(247)) - dd65dd0a-dda8-47db-b4b1-a946d688cbb0@group-61984DC9825B: shutdown
2019-10-15 22:55:08,972 [ForkJoinPool.commonPool-worker-1] INFO  util.JmxRegister (JmxRegister.java:unregister(73)) - Successfully un-registered JMX Bean with object name Ratis:service=RaftServer,group=group-61984DC9825B,id=dd65dd0a-dda8-47db-b4b1-a946d688cbb0
2019-10-15 22:55:08,972 [ForkJoinPool.commonPool-worker-1] INFO  impl.RoleInfo (RoleInfo.java:shutdownLeaderState(104)) - dd65dd0a-dda8-47db-b4b1-a946d688cbb0: shutdown LeaderState
2019-10-15 22:55:08,972 [ForkJoinPool.commonPool-worker-1] INFO  impl.PendingRequests (PendingRequests.java:sendNotLeaderResponses(202)) - dd65dd0a-dda8-47db-b4b1-a946d688cbb0@group-61984DC9825B-PendingRequests: sendNotLeaderResponses
2019-10-15 22:55:08,972 [ForkJoinPool.commonPool-worker-1] INFO  impl.StateMachineUpdater (StateMachineUpdater.java:stopAndJoin(136)) - dd65dd0a-dda8-47db-b4b1-a946d688cbb0@group-61984DC9825B-StateMachineUpdater: set stopIndex = 0
2019-10-15 22:55:08,973 [ForkJoinPool.commonPool-worker-1] INFO  impl.RaftServerImpl (ServerState.java:close(387)) - dd65dd0a-dda8-47db-b4b1-a946d688cbb0@group-61984DC9825B: closes. applyIndex: 0
2019-10-15 22:55:08,973 [dd65dd0a-dda8-47db-b4b1-a946d688cbb0@group-61984DC9825B-SegmentedRaftLogWorker] INFO  segmented.SegmentedRaftLogWorker (SegmentedRaftLogWorker.java:run(316)) - dd65dd0a-dda8-47db-b4b1-a946d688cbb0@group-61984DC9825B-SegmentedRaftLogWorker was interrupted, exiting. There are 0 tasks remaining in the queue.
2019-10-15 22:55:08,975 [ForkJoinPool.commonPool-worker-1] INFO  segmented.SegmentedRaftLogWorker (SegmentedRaftLogWorker.java:close(224)) - dd65dd0a-dda8-47db-b4b1-a946d688cbb0@group-61984DC9825B-SegmentedRaftLogWorker close()
2019-10-15 22:55:08,979 [ForkJoinPool.commonPool-worker-1] INFO  server.GrpcService (GrpcService.java:closeImpl(164)) - dd65dd0a-dda8-47db-b4b1-a946d688cbb0: shutdown server with port 36412 now
2019-10-15 22:55:08,980 [ForkJoinPool.commonPool-worker-1] INFO  server.GrpcService (GrpcService.java:closeImpl(172)) - dd65dd0a-dda8-47db-b4b1-a946d688cbb0: shutdown server with port 36412 successfully
2019-10-15 22:55:08,980 [8c3b9c04-93ef-45da-955f-d3fc6ab62d67@group-D68BB305B344-StateMachineUpdater] INFO  ratis.ContainerStateMachine (ContainerStateMachine.java:takeSnapshot(305)) - group-D68BB305B344: Finished taking a snapshot at:(t:1, i:17) file:/workdir/hadoop-ozone/integration-test/target/test-dir/MiniOzoneClusterImpl-7c55876f-3f97-4a05-b001-a0c81006d1f8/datanode-3/data/ratis/c61dba92-6ac7-4fb2-b75d-d68bb305b344/sm/snapshot.1_17 time:13
2019-10-15 22:55:08,980 [8c3b9c04-93ef-45da-955f-d3fc6ab62d67@group-D68BB305B344-StateMachineUpdater] INFO  impl.StateMachineUpdater (StateMachineUpdater.java:takeSnapshot(269)) - 8c3b9c04-93ef-45da-955f-d3fc6ab62d67@group-D68BB305B344-StateMachineUpdater: Took a snapshot at index 17
2019-10-15 22:55:08,980 [8c3b9c04-93ef-45da-955f-d3fc6ab62d67@group-D68BB305B344-StateMachineUpdater] INFO  impl.StateMachineUpdater (StateMachineUpdater.java:lambda$new$0(84)) - 8c3b9c04-93ef-45da-955f-d3fc6ab62d67@group-D68BB305B344-StateMachineUpdater: snapshotIndex: updateIncreasingly -1 -> 17
2019-10-15 22:55:08,981 [main] INFO  impl.RaftServerImpl (ServerState.java:close(387)) - 8c3b9c04-93ef-45da-955f-d3fc6ab62d67@group-D68BB305B344: closes. applyIndex: 17
2019-10-15 22:55:08,981 [8c3b9c04-93ef-45da-955f-d3fc6ab62d67@group-D68BB305B344-SegmentedRaftLogWorker] INFO  segmented.SegmentedRaftLogWorker (SegmentedRaftLogWorker.java:run(316)) - 8c3b9c04-93ef-45da-955f-d3fc6ab62d67@group-D68BB305B344-SegmentedRaftLogWorker was interrupted, exiting. There are 0 tasks remaining in the queue.
2019-10-15 22:55:08,982 [main] INFO  segmented.SegmentedRaftLogWorker (SegmentedRaftLogWorker.java:close(224)) - 8c3b9c04-93ef-45da-955f-d3fc6ab62d67@group-D68BB305B344-SegmentedRaftLogWorker close()
2019-10-15 22:55:08,983 [main] INFO  server.GrpcService (GrpcService.java:closeImpl(164)) - 8c3b9c04-93ef-45da-955f-d3fc6ab62d67: shutdown server with port 33126 now
2019-10-15 22:55:08,985 [main] INFO  server.GrpcService (GrpcService.java:closeImpl(172)) - 8c3b9c04-93ef-45da-955f-d3fc6ab62d67: shutdown server with port 33126 successfully
2019-10-15 22:55:08,985 [grpc-default-executor-2] WARN  server.GrpcServerProtocolService (LogUtils.java:warn(134)) - 8c3b9c04-93ef-45da-955f-d3fc6ab62d67: installSnapshot onError, lastRequest: aaf8e68d-5698-433d-8fad-3ccf5c38c15f->8c3b9c04-93ef-45da-955f-d3fc6ab62d67#26-t1, previous=(t:1, i:17), leaderCommit=17, initializing? false, entries: size=1, first=(t:1, i:18), METADATAENTRY(c17): org.apache.ratis.thirdparty.io.grpc.StatusRuntimeException: CANCELLED: cancelled before receiving half close
2019-10-15 22:55:08,985 [grpc-default-executor-0] WARN  server.GrpcLogAppender (LogUtils.java:warn(134)) - aaf8e68d-5698-433d-8fad-3ccf5c38c15f@group-D68BB305B344->8c3b9c04-93ef-45da-955f-d3fc6ab62d67-AppendLogResponseHandler: Failed appendEntries: org.apache.ratis.thirdparty.io.grpc.StatusRuntimeException: CANCELLED: HTTP/2 error code: CANCEL
Received Rst Stream
2019-10-15 22:55:08,987 [grpc-default-executor-0] INFO  impl.FollowerInfo (FollowerInfo.java:lambda$new$0(51)) - aaf8e68d-5698-433d-8fad-3ccf5c38c15f@group-D68BB305B344->8c3b9c04-93ef-45da-955f-d3fc6ab62d67: nextIndex: updateUnconditionally 19 -> 18
2019-10-15 22:55:08,989 [refreshUsed-/workdir/hadoop-ozone/integration-test/target/test-dir/MiniOzoneClusterImpl-7c55876f-3f97-4a05-b001-a0c81006d1f8/datanode-0/data/containers] WARN  fs.CachingGetSpaceUsed (CachingGetSpaceUsed.java:run(183)) - Thread Interrupted waiting to refresh disk information: sleep interrupted
2019-10-15 22:55:08,989 [refreshUsed-/workdir/hadoop-ozone/integration-test/target/test-dir/MiniOzoneClusterImpl-7c55876f-3f97-4a05-b001-a0c81006d1f8/datanode-3/data/containers] WARN  fs.CachingGetSpaceUsed (CachingGetSpaceUsed.java:run(183)) - Thread Interrupted waiting to refresh disk information: sleep interrupted
2019-10-15 22:55:09,009 [ForkJoinPool.commonPool-worker-1] INFO  utils.BackgroundService (BackgroundService.java:shutdown(151)) - Shutting down service BlockDeletingService
2019-10-15 22:55:09,012 [ForkJoinPool.commonPool-worker-1] INFO  statemachine.DatanodeStateMachine (DatanodeStateMachine.java:stopDaemon(395)) - Ozone container server stopped.
2019-10-15 22:55:09,016 [main] INFO  utils.BackgroundService (BackgroundService.java:shutdown(151)) - Shutting down service BlockDeletingService
2019-10-15 22:55:09,016 [ForkJoinPool.commonPool-worker-1] INFO  handler.ContextHandler (ContextHandler.java:doStop(910)) - Stopped o.e.j.w.WebAppContext@4339baec{/,null,UNAVAILABLE}{/hddsDatanode}
2019-10-15 22:55:09,019 [main] INFO  statemachine.DatanodeStateMachine (DatanodeStateMachine.java:stopDaemon(395)) - Ozone container server stopped.
2019-10-15 22:55:09,019 [ForkJoinPool.commonPool-worker-1] INFO  server.AbstractConnector (AbstractConnector.java:doStop(318)) - Stopped ServerConnector@62db3891{HTTP/1.1,[http/1.1]}{0.0.0.0:0}
2019-10-15 22:55:09,020 [ForkJoinPool.commonPool-worker-1] INFO  handler.ContextHandler (ContextHandler.java:doStop(910)) - Stopped o.e.j.s.ServletContextHandler@644ded04{/static,jar:file:/home/user/.m2/repository/org/apache/hadoop/hadoop-hdds-container-service/0.5.0-SNAPSHOT/hadoop-hdds-container-service-0.5.0-SNAPSHOT.jar!/webapps/static,UNAVAILABLE}
2019-10-15 22:55:09,021 [main] INFO  handler.ContextHandler (ContextHandler.java:doStop(910)) - Stopped o.e.j.w.WebAppContext@53e800f9{/,null,UNAVAILABLE}{/hddsDatanode}
2019-10-15 22:55:09,021 [ForkJoinPool.commonPool-worker-1] INFO  handler.ContextHandler (ContextHandler.java:doStop(910)) - Stopped o.e.j.s.ServletContextHandler@290d10ef{/logs,file:///workdir/hadoop-ozone/integration-test/target/log,UNAVAILABLE}
2019-10-15 22:55:09,022 [main] INFO  server.AbstractConnector (AbstractConnector.java:doStop(318)) - Stopped ServerConnector@337bbfdf{HTTP/1.1,[http/1.1]}{0.0.0.0:0}
2019-10-15 22:55:09,022 [main] INFO  handler.ContextHandler (ContextHandler.java:doStop(910)) - Stopped o.e.j.s.ServletContextHandler@c27a3a2{/static,jar:file:/home/user/.m2/repository/org/apache/hadoop/hadoop-hdds-container-service/0.5.0-SNAPSHOT/hadoop-hdds-container-service-0.5.0-SNAPSHOT.jar!/webapps/static,UNAVAILABLE}
2019-10-15 22:55:09,023 [main] INFO  handler.ContextHandler (ContextHandler.java:doStop(910)) - Stopped o.e.j.s.ServletContextHandler@5460b754{/logs,file:///workdir/hadoop-ozone/integration-test/target/log,UNAVAILABLE}
2019-10-15 22:55:09,176 [grpc-default-executor-1] WARN  server.GrpcLogAppender (LogUtils.java:warn(134)) - aaf8e68d-5698-433d-8fad-3ccf5c38c15f@group-D68BB305B344->3594faa7-d94e-4af2-ab4a-ef22aa79de86-AppendLogResponseHandler: Failed appendEntries: org.apache.ratis.thirdparty.io.grpc.StatusRuntimeException: UNAVAILABLE: io exception
2019-10-15 22:55:09,176 [grpc-default-executor-4] WARN  server.GrpcLogAppender (LogUtils.java:warn(134)) - aaf8e68d-5698-433d-8fad-3ccf5c38c15f@group-D68BB305B344->8c3b9c04-93ef-45da-955f-d3fc6ab62d67-AppendLogResponseHandler: Failed appendEntries: org.apache.ratis.thirdparty.io.grpc.StatusRuntimeException: UNAVAILABLE: io exception
2019-10-15 22:55:09,178 [grpc-default-executor-1] INFO  impl.FollowerInfo (FollowerInfo.java:lambda$new$0(51)) - aaf8e68d-5698-433d-8fad-3ccf5c38c15f@group-D68BB305B344->3594faa7-d94e-4af2-ab4a-ef22aa79de86: nextIndex: updateUnconditionally 15 -> 14
2019-10-15 22:55:09,178 [grpc-default-executor-4] INFO  impl.FollowerInfo (FollowerInfo.java:lambda$new$0(51)) - aaf8e68d-5698-433d-8fad-3ccf5c38c15f@group-D68BB305B344->8c3b9c04-93ef-45da-955f-d3fc6ab62d67: nextIndex: updateUnconditionally 18 -> 17
2019-10-15 22:55:09,695 [Datanode State Machine Thread - 0] INFO  statemachine.DatanodeStateMachine (DatanodeStateMachine.java:lambda$startDaemon$0(350)) - Ozone container server started.
2019-10-15 22:55:11,677 [grpc-default-executor-4] WARN  server.GrpcLogAppender (LogUtils.java:warn(134)) - aaf8e68d-5698-433d-8fad-3ccf5c38c15f@group-D68BB305B344->8c3b9c04-93ef-45da-955f-d3fc6ab62d67-AppendLogResponseHandler: Failed appendEntries: org.apache.ratis.thirdparty.io.grpc.StatusRuntimeException: UNAVAILABLE: io exception
2019-10-15 22:55:11,677 [grpc-default-executor-1] WARN  server.GrpcLogAppender (LogUtils.java:warn(134)) - aaf8e68d-5698-433d-8fad-3ccf5c38c15f@group-D68BB305B344->3594faa7-d94e-4af2-ab4a-ef22aa79de86-AppendLogResponseHandler: Failed appendEntries: org.apache.ratis.thirdparty.io.grpc.StatusRuntimeException: UNAVAILABLE: io exception
2019-10-15 22:55:11,679 [grpc-default-executor-4] INFO  impl.FollowerInfo (FollowerInfo.java:lambda$new$0(51)) - aaf8e68d-5698-433d-8fad-3ccf5c38c15f@group-D68BB305B344->8c3b9c04-93ef-45da-955f-d3fc6ab62d67: nextIndex: updateUnconditionally 17 -> 16
2019-10-15 22:55:11,679 [grpc-default-executor-1] INFO  impl.FollowerInfo (FollowerInfo.java:lambda$new$0(51)) - aaf8e68d-5698-433d-8fad-3ccf5c38c15f@group-D68BB305B344->3594faa7-d94e-4af2-ab4a-ef22aa79de86: nextIndex: updateUnconditionally 14 -> 13
2019-10-15 22:55:13,720 [EventQueue-StaleNodeForStaleNodeHandler] INFO  node.StaleNodeHandler (StaleNodeHandler.java:onMessage(58)) - Datanode aaf8e68d-5698-433d-8fad-3ccf5c38c15f{ip: 192.168.157.213, host: pr-hdds-2221-lrjgr-1037302595, networkLocation: /default-rack, certSerialId: null} moved to stale state. Finalizing its pipelines [PipelineID=83c177bb-79fa-4415-9f83-346dad935c6a, PipelineID=c61dba92-6ac7-4fb2-b75d-d68bb305b344]
2019-10-15 22:55:13,723 [EventQueue-StaleNodeForStaleNodeHandler] INFO  pipeline.SCMPipelineManager (SCMPipelineManager.java:finalizeAndDestroyPipeline(315)) - destroying pipeline:Pipeline[ Id: 83c177bb-79fa-4415-9f83-346dad935c6a, Nodes: aaf8e68d-5698-433d-8fad-3ccf5c38c15f{ip: 192.168.157.213, host: pr-hdds-2221-lrjgr-1037302595, networkLocation: /default-rack, certSerialId: null}, Type:RATIS, Factor:ONE, State:OPEN]
2019-10-15 22:55:13,723 [EventQueue-StaleNodeForStaleNodeHandler] INFO  pipeline.PipelineStateManager (PipelineStateManager.java:finalizePipeline(123)) - Pipeline Pipeline[ Id: 83c177bb-79fa-4415-9f83-346dad935c6a, Nodes: aaf8e68d-5698-433d-8fad-3ccf5c38c15f{ip: 192.168.157.213, host: pr-hdds-2221-lrjgr-1037302595, networkLocation: /default-rack, certSerialId: null}, Type:RATIS, Factor:ONE, State:CLOSED] moved to CLOSED state
2019-10-15 22:55:13,724 [EventQueue-StaleNodeForStaleNodeHandler] INFO  pipeline.SCMPipelineManager (SCMPipelineManager.java:finalizeAndDestroyPipeline(315)) - destroying pipeline:Pipeline[ Id: c61dba92-6ac7-4fb2-b75d-d68bb305b344, Nodes: aaf8e68d-5698-433d-8fad-3ccf5c38c15f{ip: 192.168.157.213, host: pr-hdds-2221-lrjgr-1037302595, networkLocation: /default-rack, certSerialId: null}8c3b9c04-93ef-45da-955f-d3fc6ab62d67{ip: 192.168.157.213, host: pr-hdds-2221-lrjgr-1037302595, networkLocation: /default-rack, certSerialId: null}3594faa7-d94e-4af2-ab4a-ef22aa79de86{ip: 192.168.157.213, host: pr-hdds-2221-lrjgr-1037302595, networkLocation: /default-rack, certSerialId: null}, Type:RATIS, Factor:THREE, State:CLOSED]
2019-10-15 22:55:14,024 [ForkJoinPool.commonPool-worker-1] INFO  ozoneimpl.OzoneContainer (OzoneContainer.java:stop(227)) - Attempting to stop container services.
2019-10-15 22:55:14,025 [ForkJoinPool.commonPool-worker-1] INFO  impl.RaftServerProxy (RaftServerProxy.java:lambda$close$4(314)) - aaf8e68d-5698-433d-8fad-3ccf5c38c15f: close
2019-10-15 22:55:14,026 [ForkJoinPool.commonPool-worker-1] INFO  impl.RaftServerImpl (RaftServerImpl.java:lambda$shutdown$3(247)) - aaf8e68d-5698-433d-8fad-3ccf5c38c15f@group-346DAD935C6A: shutdown
2019-10-15 22:55:14,026 [ForkJoinPool.commonPool-worker-1] INFO  util.JmxRegister (JmxRegister.java:unregister(73)) - Successfully un-registered JMX Bean with object name Ratis:service=RaftServer,group=group-346DAD935C6A,id=aaf8e68d-5698-433d-8fad-3ccf5c38c15f
2019-10-15 22:55:14,026 [ForkJoinPool.commonPool-worker-1] INFO  impl.RoleInfo (RoleInfo.java:shutdownLeaderState(104)) - aaf8e68d-5698-433d-8fad-3ccf5c38c15f: shutdown LeaderState
2019-10-15 22:55:14,027 [ForkJoinPool.commonPool-worker-1] INFO  impl.PendingRequests (PendingRequests.java:sendNotLeaderResponses(202)) - aaf8e68d-5698-433d-8fad-3ccf5c38c15f@group-346DAD935C6A-PendingRequests: sendNotLeaderResponses
2019-10-15 22:55:14,028 [ForkJoinPool.commonPool-worker-1] INFO  impl.StateMachineUpdater (StateMachineUpdater.java:stopAndJoin(136)) - aaf8e68d-5698-433d-8fad-3ccf5c38c15f@group-346DAD935C6A-StateMachineUpdater: set stopIndex = 0
2019-10-15 22:55:14,029 [ForkJoinPool.commonPool-worker-1] INFO  impl.RaftServerImpl (ServerState.java:close(387)) - aaf8e68d-5698-433d-8fad-3ccf5c38c15f@group-346DAD935C6A: closes. applyIndex: 0
2019-10-15 22:55:14,030 [aaf8e68d-5698-433d-8fad-3ccf5c38c15f@group-346DAD935C6A-SegmentedRaftLogWorker] INFO  segmented.SegmentedRaftLogWorker (SegmentedRaftLogWorker.java:run(316)) - aaf8e68d-5698-433d-8fad-3ccf5c38c15f@group-346DAD935C6A-SegmentedRaftLogWorker was interrupted, exiting. There are 0 tasks remaining in the queue.
2019-10-15 22:55:14,031 [ForkJoinPool.commonPool-worker-1] INFO  segmented.SegmentedRaftLogWorker (SegmentedRaftLogWorker.java:close(224)) - aaf8e68d-5698-433d-8fad-3ccf5c38c15f@group-346DAD935C6A-SegmentedRaftLogWorker close()
2019-10-15 22:55:14,032 [ForkJoinPool.commonPool-worker-1] INFO  impl.RaftServerImpl (RaftServerImpl.java:lambda$shutdown$3(247)) - aaf8e68d-5698-433d-8fad-3ccf5c38c15f@group-D68BB305B344: shutdown
2019-10-15 22:55:14,033 [ForkJoinPool.commonPool-worker-1] INFO  util.JmxRegister (JmxRegister.java:unregister(73)) - Successfully un-registered JMX Bean with object name Ratis:service=RaftServer,group=group-D68BB305B344,id=aaf8e68d-5698-433d-8fad-3ccf5c38c15f
2019-10-15 22:55:14,033 [ForkJoinPool.commonPool-worker-1] INFO  impl.RoleInfo (RoleInfo.java:shutdownLeaderState(104)) - aaf8e68d-5698-433d-8fad-3ccf5c38c15f: shutdown LeaderState
2019-10-15 22:55:14,034 [org.apache.ratis.server.impl.LogAppender$AppenderDaemon$$Lambda$549/1545995201@43c96234] WARN  server.GrpcLogAppender (GrpcLogAppender.java:mayWait(143)) - aaf8e68d-5698-433d-8fad-3ccf5c38c15f@group-D68BB305B344->3594faa7-d94e-4af2-ab4a-ef22aa79de86-GrpcLogAppender: Wait interrupted by java.lang.InterruptedException
2019-10-15 22:55:14,035 [org.apache.ratis.server.impl.LogAppender$AppenderDaemon$$Lambda$549/1545995201@364b22e4] WARN  server.GrpcLogAppender (GrpcLogAppender.java:mayWait(143)) - aaf8e68d-5698-433d-8fad-3ccf5c38c15f@group-D68BB305B344->8c3b9c04-93ef-45da-955f-d3fc6ab62d67-GrpcLogAppender: Wait interrupted by java.lang.InterruptedException
2019-10-15 22:55:14,034 [ForkJoinPool.commonPool-worker-1] INFO  impl.PendingRequests (PendingRequests.java:sendNotLeaderResponses(202)) - aaf8e68d-5698-433d-8fad-3ccf5c38c15f@group-D68BB305B344-PendingRequests: sendNotLeaderResponses
2019-10-15 22:55:14,039 [ForkJoinPool.commonPool-worker-1] INFO  impl.StateMachineUpdater (StateMachineUpdater.java:stopAndJoin(136)) - aaf8e68d-5698-433d-8fad-3ccf5c38c15f@group-D68BB305B344-StateMachineUpdater: set stopIndex = 18
2019-10-15 22:55:14,039 [aaf8e68d-5698-433d-8fad-3ccf5c38c15f@group-D68BB305B344-StateMachineUpdater] INFO  ratis.ContainerStateMachine (ContainerStateMachine.java:takeSnapshot(294)) - group-D68BB305B344: Taking a snapshot at:(t:1, i:18) file /workdir/hadoop-ozone/integration-test/target/test-dir/MiniOzoneClusterImpl-7c55876f-3f97-4a05-b001-a0c81006d1f8/datanode-6/data/ratis/c61dba92-6ac7-4fb2-b75d-d68bb305b344/sm/snapshot.1_18
2019-10-15 22:55:14,046 [aaf8e68d-5698-433d-8fad-3ccf5c38c15f@group-D68BB305B344-StateMachineUpdater] INFO  ratis.ContainerStateMachine (ContainerStateMachine.java:takeSnapshot(305)) - group-D68BB305B344: Finished taking a snapshot at:(t:1, i:18) file:/workdir/hadoop-ozone/integration-test/target/test-dir/MiniOzoneClusterImpl-7c55876f-3f97-4a05-b001-a0c81006d1f8/datanode-6/data/ratis/c61dba92-6ac7-4fb2-b75d-d68bb305b344/sm/snapshot.1_18 time:7
2019-10-15 22:55:14,046 [aaf8e68d-5698-433d-8fad-3ccf5c38c15f@group-D68BB305B344-StateMachineUpdater] INFO  impl.StateMachineUpdater (StateMachineUpdater.java:takeSnapshot(269)) - aaf8e68d-5698-433d-8fad-3ccf5c38c15f@group-D68BB305B344-StateMachineUpdater: Took a snapshot at index 18
2019-10-15 22:55:14,047 [aaf8e68d-5698-433d-8fad-3ccf5c38c15f@group-D68BB305B344-StateMachineUpdater] INFO  impl.StateMachineUpdater (StateMachineUpdater.java:lambda$new$0(84)) - aaf8e68d-5698-433d-8fad-3ccf5c38c15f@group-D68BB305B344-StateMachineUpdater: snapshotIndex: updateIncreasingly -1 -> 18
2019-10-15 22:55:14,047 [ForkJoinPool.commonPool-worker-1] INFO  impl.RaftServerImpl (ServerState.java:close(387)) - aaf8e68d-5698-433d-8fad-3ccf5c38c15f@group-D68BB305B344: closes. applyIndex: 18
2019-10-15 22:55:14,048 [aaf8e68d-5698-433d-8fad-3ccf5c38c15f@group-D68BB305B344-SegmentedRaftLogWorker] INFO  segmented.SegmentedRaftLogWorker (SegmentedRaftLogWorker.java:run(316)) - aaf8e68d-5698-433d-8fad-3ccf5c38c15f@group-D68BB305B344-SegmentedRaftLogWorker was interrupted, exiting. There are 0 tasks remaining in the queue.
2019-10-15 22:55:14,048 [ForkJoinPool.commonPool-worker-1] INFO  segmented.SegmentedRaftLogWorker (SegmentedRaftLogWorker.java:close(224)) - aaf8e68d-5698-433d-8fad-3ccf5c38c15f@group-D68BB305B344-SegmentedRaftLogWorker close()
2019-10-15 22:55:14,049 [ForkJoinPool.commonPool-worker-1] INFO  server.GrpcService (GrpcService.java:closeImpl(164)) - aaf8e68d-5698-433d-8fad-3ccf5c38c15f: shutdown server with port 44112 now
2019-10-15 22:55:14,052 [ForkJoinPool.commonPool-worker-1] INFO  server.GrpcService (GrpcService.java:closeImpl(172)) - aaf8e68d-5698-433d-8fad-3ccf5c38c15f: shutdown server with port 44112 successfully
2019-10-15 22:55:14,054 [grpc-default-executor-4] WARN  client.GrpcClientProtocolService (LogUtils.java:warn(134)) - 1-UnorderedRequestStreamObserver1: onError: org.apache.ratis.thirdparty.io.grpc.StatusRuntimeException: CANCELLED: cancelled before receiving half close
2019-10-15 22:55:14,056 [refreshUsed-/workdir/hadoop-ozone/integration-test/target/test-dir/MiniOzoneClusterImpl-7c55876f-3f97-4a05-b001-a0c81006d1f8/datanode-6/data/containers] WARN  fs.CachingGetSpaceUsed (CachingGetSpaceUsed.java:run(183)) - Thread Interrupted waiting to refresh disk information: sleep interrupted
2019-10-15 22:55:14,080 [ForkJoinPool.commonPool-worker-1] INFO  utils.BackgroundService (BackgroundService.java:shutdown(151)) - Shutting down service BlockDeletingService
2019-10-15 22:55:14,084 [ForkJoinPool.commonPool-worker-1] INFO  statemachine.DatanodeStateMachine (DatanodeStateMachine.java:stopDaemon(395)) - Ozone container server stopped.
2019-10-15 22:55:14,088 [ForkJoinPool.commonPool-worker-1] INFO  handler.ContextHandler (ContextHandler.java:doStop(910)) - Stopped o.e.j.w.WebAppContext@142213d5{/,null,UNAVAILABLE}{/hddsDatanode}
2019-10-15 22:55:14,089 [ForkJoinPool.commonPool-worker-1] INFO  server.AbstractConnector (AbstractConnector.java:doStop(318)) - Stopped ServerConnector@934b52f{HTTP/1.1,[http/1.1]}{0.0.0.0:0}
2019-10-15 22:55:14,090 [ForkJoinPool.commonPool-worker-1] INFO  handler.ContextHandler (ContextHandler.java:doStop(910)) - Stopped o.e.j.s.ServletContextHandler@17fa1336{/static,jar:file:/home/user/.m2/repository/org/apache/hadoop/hadoop-hdds-container-service/0.5.0-SNAPSHOT/hadoop-hdds-container-service-0.5.0-SNAPSHOT.jar!/webapps/static,UNAVAILABLE}
2019-10-15 22:55:14,091 [ForkJoinPool.commonPool-worker-1] INFO  handler.ContextHandler (ContextHandler.java:doStop(910)) - Stopped o.e.j.s.ServletContextHandler@1457fde{/logs,file:///workdir/hadoop-ozone/integration-test/target/log,UNAVAILABLE}
2019-10-15 22:55:14,092 [main] INFO  ozone.MiniOzoneClusterImpl (MiniOzoneClusterImpl.java:stopSCM(392)) - Stopping the StorageContainerManager
2019-10-15 22:55:14,093 [main] INFO  server.StorageContainerManager (StorageContainerManager.java:stop(810)) - Stopping Replication Manager Service.
2019-10-15 22:55:14,093 [main] INFO  container.ReplicationManager (ReplicationManager.java:stop(203)) - Stopping Replication Monitor Thread.
2019-10-15 22:55:14,093 [main] INFO  server.StorageContainerManager (StorageContainerManager.java:stop(817)) - Stopping Lease Manager of the command watchers
2019-10-15 22:55:14,094 [main] INFO  server.StorageContainerManager (StorageContainerManager.java:stop(824)) - Stopping datanode service RPC server
2019-10-15 22:55:14,094 [main] INFO  server.SCMDatanodeProtocolServer (SCMDatanodeProtocolServer.java:stop(346)) - Stopping the RPC server for DataNodes
2019-10-15 22:55:14,094 [main] INFO  ipc.Server (Server.java:stop(3082)) - Stopping server on 45853
2019-10-15 22:55:14,100 [IPC Server listener on 45853] INFO  ipc.Server (Server.java:run(1185)) - Stopping IPC Server listener on 45853
2019-10-15 22:55:14,101 [IPC Server Responder] INFO  ipc.Server (Server.java:run(1319)) - Stopping IPC Server Responder
2019-10-15 22:55:14,120 [SCM Heartbeat Processing Thread - 0] WARN  node.NodeStateManager (NodeStateManager.java:scheduleNextHealthCheck(646)) - Current Thread is interrupted, shutting down HB processing thread for Node Manager.
2019-10-15 22:55:14,121 [main] INFO  server.StorageContainerManager (StorageContainerManager.java:stop(832)) - Stopping block service RPC server
2019-10-15 22:55:14,121 [main] INFO  server.SCMBlockProtocolServer (SCMBlockProtocolServer.java:stop(155)) - Stopping the RPC server for Block Protocol
2019-10-15 22:55:14,121 [main] INFO  ipc.Server (Server.java:stop(3082)) - Stopping server on 33230
2019-10-15 22:55:14,123 [IPC Server listener on 33230] INFO  ipc.Server (Server.java:run(1185)) - Stopping IPC Server listener on 33230
2019-10-15 22:55:14,123 [main] INFO  server.StorageContainerManager (StorageContainerManager.java:stop(839)) - Stopping the StorageContainerLocationProtocol RPC server
2019-10-15 22:55:14,123 [IPC Server Responder] INFO  ipc.Server (Server.java:run(1319)) - Stopping IPC Server Responder
2019-10-15 22:55:14,123 [main] INFO  server.SCMClientProtocolServer (SCMClientProtocolServer.java:stop(168)) - Stopping the RPC server for Client Protocol
2019-10-15 22:55:14,124 [main] INFO  ipc.Server (Server.java:stop(3082)) - Stopping server on 35687
2019-10-15 22:55:14,125 [IPC Server listener on 35687] INFO  ipc.Server (Server.java:run(1185)) - Stopping IPC Server listener on 35687
2019-10-15 22:55:14,125 [main] INFO  server.StorageContainerManager (StorageContainerManager.java:stop(846)) - Stopping Storage Container Manager HTTP server.
2019-10-15 22:55:14,125 [IPC Server Responder] INFO  ipc.Server (Server.java:run(1319)) - Stopping IPC Server Responder
2019-10-15 22:55:14,126 [main] INFO  handler.ContextHandler (ContextHandler.java:doStop(910)) - Stopped o.e.j.w.WebAppContext@617fe9e1{/,null,UNAVAILABLE}{/scm}
2019-10-15 22:55:14,127 [main] INFO  server.AbstractConnector (AbstractConnector.java:doStop(318)) - Stopped ServerConnector@5aceec94{HTTP/1.1,[http/1.1]}{0.0.0.0:0}
2019-10-15 22:55:14,127 [main] INFO  handler.ContextHandler (ContextHandler.java:doStop(910)) - Stopped o.e.j.s.ServletContextHandler@4d722ac9{/static,file:///workdir/hadoop-ozone/integration-test/target/test-classes/webapps/static,UNAVAILABLE}
2019-10-15 22:55:14,127 [main] INFO  handler.ContextHandler (ContextHandler.java:doStop(910)) - Stopped o.e.j.s.ServletContextHandler@2320fa6f{/logs,file:///workdir/hadoop-ozone/integration-test/target/log,UNAVAILABLE}
2019-10-15 22:55:14,128 [main] INFO  server.StorageContainerManager (StorageContainerManager.java:stop(857)) - Stopping Block Manager Service.
2019-10-15 22:55:14,128 [main] INFO  utils.BackgroundService (BackgroundService.java:shutdown(151)) - Shutting down service SCMBlockDeletingService
2019-10-15 22:55:14,129 [main] INFO  utils.BackgroundService (BackgroundService.java:shutdown(151)) - Shutting down service SCMBlockDeletingService
2019-10-15 22:55:14,129 [main] INFO  server.StorageContainerManager (StorageContainerManager.java:stop(879)) - Stopping SCM Event Queue.
2019-10-15 22:55:14,137 [main] INFO  impl.MetricsSystemImpl (MetricsSystemImpl.java:stop(210)) - Stopping XceiverClientMetrics metrics system...
2019-10-15 22:55:14,145 [prometheus] INFO  impl.MetricsSinkAdapter (MetricsSinkAdapter.java:publishMetricsFromQueue(141)) - prometheus thread interrupted.
2019-10-15 22:55:14,145 [main] INFO  impl.MetricsSystemImpl (MetricsSystemImpl.java:stop(216)) - XceiverClientMetrics metrics system stopped.
]]></system-out>
    <system-err><![CDATA[ERROR StatusLogger No Log4j 2 configuration file found. Using default configuration (logging only errors to the console), or user programmatically provided configurations. Set system property 'log4j2.debug' to show Log4j 2 internal initialization logging. See https://logging.apache.org/log4j/2.x/manual/configuration.html for instructions on how to configure Log4j 2
Oct 15, 2019 10:54:51 PM org.apache.ratis.thirdparty.io.grpc.internal.SerializingExecutor run
SEVERE: Exception while executing runnable org.apache.ratis.thirdparty.io.grpc.internal.ServerImpl$JumpToApplicationThreadServerStreamListener$1Closed@44028592
org.apache.ratis.thirdparty.io.grpc.StatusRuntimeException: CANCELLED: call already cancelled
	at org.apache.ratis.thirdparty.io.grpc.Status.asRuntimeException(Status.java:517)
	at org.apache.ratis.thirdparty.io.grpc.stub.ServerCalls$ServerCallStreamObserverImpl.onCompleted(ServerCalls.java:356)
	at org.apache.ratis.grpc.server.GrpcServerProtocolService$ServerRequestStreamObserver.onError(GrpcServerProtocolService.java:121)
	at org.apache.ratis.thirdparty.io.grpc.stub.ServerCalls$StreamingServerCallHandler$StreamingServerCallListener.onCancel(ServerCalls.java:269)
	at org.apache.ratis.thirdparty.io.grpc.internal.ServerCallImpl$ServerStreamListenerImpl.closed(ServerCallImpl.java:293)
	at org.apache.ratis.thirdparty.io.grpc.internal.ServerImpl$JumpToApplicationThreadServerStreamListener$1Closed.runInContext(ServerImpl.java:741)
	at org.apache.ratis.thirdparty.io.grpc.internal.ContextRunnable.run(ContextRunnable.java:37)
	at org.apache.ratis.thirdparty.io.grpc.internal.SerializingExecutor.run(SerializingExecutor.java:123)
	at java.util.concurrent.ThreadPoolExecutor.runWorker(ThreadPoolExecutor.java:1149)
	at java.util.concurrent.ThreadPoolExecutor$Worker.run(ThreadPoolExecutor.java:624)
	at java.lang.Thread.run(Thread.java:748)

Oct 15, 2019 10:54:56 PM org.apache.ratis.thirdparty.io.grpc.internal.SerializingExecutor run
SEVERE: Exception while executing runnable org.apache.ratis.thirdparty.io.grpc.internal.ServerImpl$JumpToApplicationThreadServerStreamListener$1Closed@220a7fdd
org.apache.ratis.thirdparty.io.grpc.StatusRuntimeException: CANCELLED: call already cancelled
	at org.apache.ratis.thirdparty.io.grpc.Status.asRuntimeException(Status.java:517)
	at org.apache.ratis.thirdparty.io.grpc.stub.ServerCalls$ServerCallStreamObserverImpl.onCompleted(ServerCalls.java:356)
	at org.apache.ratis.grpc.server.GrpcServerProtocolService$ServerRequestStreamObserver.onError(GrpcServerProtocolService.java:121)
	at org.apache.ratis.thirdparty.io.grpc.stub.ServerCalls$StreamingServerCallHandler$StreamingServerCallListener.onCancel(ServerCalls.java:269)
	at org.apache.ratis.thirdparty.io.grpc.internal.ServerCallImpl$ServerStreamListenerImpl.closed(ServerCallImpl.java:293)
	at org.apache.ratis.thirdparty.io.grpc.internal.ServerImpl$JumpToApplicationThreadServerStreamListener$1Closed.runInContext(ServerImpl.java:741)
	at org.apache.ratis.thirdparty.io.grpc.internal.ContextRunnable.run(ContextRunnable.java:37)
	at org.apache.ratis.thirdparty.io.grpc.internal.SerializingExecutor.run(SerializingExecutor.java:123)
	at java.util.concurrent.ThreadPoolExecutor.runWorker(ThreadPoolExecutor.java:1149)
	at java.util.concurrent.ThreadPoolExecutor$Worker.run(ThreadPoolExecutor.java:624)
	at java.lang.Thread.run(Thread.java:748)

Oct 15, 2019 10:55:03 PM org.apache.ratis.thirdparty.io.grpc.internal.SerializingExecutor run
SEVERE: Exception while executing runnable org.apache.ratis.thirdparty.io.grpc.internal.ServerImpl$JumpToApplicationThreadServerStreamListener$1Closed@4afc5416
org.apache.ratis.thirdparty.io.grpc.StatusRuntimeException: CANCELLED: call already cancelled
	at org.apache.ratis.thirdparty.io.grpc.Status.asRuntimeException(Status.java:517)
	at org.apache.ratis.thirdparty.io.grpc.stub.ServerCalls$ServerCallStreamObserverImpl.onCompleted(ServerCalls.java:356)
	at org.apache.ratis.grpc.server.GrpcServerProtocolService$ServerRequestStreamObserver.onError(GrpcServerProtocolService.java:121)
	at org.apache.ratis.thirdparty.io.grpc.stub.ServerCalls$StreamingServerCallHandler$StreamingServerCallListener.onCancel(ServerCalls.java:269)
	at org.apache.ratis.thirdparty.io.grpc.internal.ServerCallImpl$ServerStreamListenerImpl.closed(ServerCallImpl.java:293)
	at org.apache.ratis.thirdparty.io.grpc.internal.ServerImpl$JumpToApplicationThreadServerStreamListener$1Closed.runInContext(ServerImpl.java:741)
	at org.apache.ratis.thirdparty.io.grpc.internal.ContextRunnable.run(ContextRunnable.java:37)
	at org.apache.ratis.thirdparty.io.grpc.internal.SerializingExecutor.run(SerializingExecutor.java:123)
	at java.util.concurrent.ThreadPoolExecutor.runWorker(ThreadPoolExecutor.java:1149)
	at java.util.concurrent.ThreadPoolExecutor$Worker.run(ThreadPoolExecutor.java:624)
	at java.lang.Thread.run(Thread.java:748)

Oct 15, 2019 10:55:08 PM org.apache.ratis.thirdparty.io.grpc.internal.SerializingExecutor run
SEVERE: Exception while executing runnable org.apache.ratis.thirdparty.io.grpc.internal.ServerImpl$JumpToApplicationThreadServerStreamListener$1Closed@3ae9b603
org.apache.ratis.thirdparty.io.grpc.StatusRuntimeException: CANCELLED: call already cancelled
	at org.apache.ratis.thirdparty.io.grpc.Status.asRuntimeException(Status.java:517)
	at org.apache.ratis.thirdparty.io.grpc.stub.ServerCalls$ServerCallStreamObserverImpl.onCompleted(ServerCalls.java:356)
	at org.apache.ratis.grpc.server.GrpcServerProtocolService$ServerRequestStreamObserver.onError(GrpcServerProtocolService.java:121)
	at org.apache.ratis.thirdparty.io.grpc.stub.ServerCalls$StreamingServerCallHandler$StreamingServerCallListener.onCancel(ServerCalls.java:269)
	at org.apache.ratis.thirdparty.io.grpc.internal.ServerCallImpl$ServerStreamListenerImpl.closed(ServerCallImpl.java:293)
	at org.apache.ratis.thirdparty.io.grpc.internal.ServerImpl$JumpToApplicationThreadServerStreamListener$1Closed.runInContext(ServerImpl.java:741)
	at org.apache.ratis.thirdparty.io.grpc.internal.ContextRunnable.run(ContextRunnable.java:37)
	at org.apache.ratis.thirdparty.io.grpc.internal.SerializingExecutor.run(SerializingExecutor.java:123)
	at java.util.concurrent.ThreadPoolExecutor.runWorker(ThreadPoolExecutor.java:1149)
	at java.util.concurrent.ThreadPoolExecutor$Worker.run(ThreadPoolExecutor.java:624)
	at java.lang.Thread.run(Thread.java:748)

]]></system-err>
  </testcase>
  <testcase name="testDatanodeFailureWithPreAllocation" classname="org.apache.hadoop.ozone.client.rpc.TestBlockOutputStreamWithFailures" time="222.122"/>
  <testcase name="testDatanodeFailureWithSingleNodeRatis" classname="org.apache.hadoop.ozone.client.rpc.TestBlockOutputStreamWithFailures" time="222.983"/>
  <testcase name="testWatchForCommitWithSingleNodeRatis" classname="org.apache.hadoop.ozone.client.rpc.TestBlockOutputStreamWithFailures" time="34.444"/>
  <testcase name="testWatchForCommitDatanodeFailure" classname="org.apache.hadoop.ozone.client.rpc.TestBlockOutputStreamWithFailures" time="42.966"/>
  <testcase name="testFailureWithPrimeSizedData" classname="org.apache.hadoop.ozone.client.rpc.TestBlockOutputStreamWithFailures" time="39.156"/>
  <testcase name="testWatchForCommitWithCloseContainerException" classname="org.apache.hadoop.ozone.client.rpc.TestBlockOutputStreamWithFailures" time="33.491"/>
  <testcase name="testExceptionDuringClose" classname="org.apache.hadoop.ozone.client.rpc.TestBlockOutputStreamWithFailures" time="35.799"/>
</testsuite>