<?xml version="1.0" encoding="UTF-8"?>
<testsuite xmlns:xsi="http://www.w3.org/2001/XMLSchema-instance" xsi:noNamespaceSchemaLocation="https://maven.apache.org/surefire/maven-surefire-plugin/xsd/surefire-test-report.xsd" name="org.apache.hadoop.ozone.client.rpc.TestWatchForCommit" time="250.673" tests="5" errors="1" skipped="0" failures="1">
  <properties>
    <property name="awt.toolkit" value="sun.awt.X11.XToolkit"/>
    <property name="file.encoding.pkg" value="sun.io"/>
    <property name="java.specification.version" value="1.8"/>
    <property name="sun.cpu.isalist" value=""/>
    <property name="sun.jnu.encoding" value="ANSI_X3.4-1968"/>
    <property name="java.class.path" value="/workdir/hadoop-ozone/integration-test/target/test-classes:/workdir/hadoop-ozone/integration-test/target/classes:/home/user/.m2/repository/org/apache/hadoop/hadoop-ozone-common/0.5.0-SNAPSHOT/hadoop-ozone-common-0.5.0-SNAPSHOT.jar:/home/user/.m2/repository/org/apache/commons/commons-compress/1.4.1/commons-compress-1.4.1.jar:/home/user/.m2/repository/org/tukaani/xz/1.0/xz-1.0.jar:/home/user/.m2/repository/org/apache/hadoop/hadoop-common/3.2.0/hadoop-common-3.2.0.jar:/home/user/.m2/repository/org/apache/hadoop/hadoop-hdfs/3.2.0/hadoop-hdfs-3.2.0.jar:/home/user/.m2/repository/org/apache/hadoop/hadoop-hdfs-client/3.2.0/hadoop-hdfs-client-3.2.0.jar:/home/user/.m2/repository/com/fasterxml/jackson/core/jackson-annotations/2.9.9/jackson-annotations-2.9.9.jar:/home/user/.m2/repository/org/apache/hadoop/hadoop-hdds-common/0.5.0-SNAPSHOT/hadoop-hdds-common-0.5.0-SNAPSHOT.jar:/home/user/.m2/repository/javax/annotation/javax.annotation-api/1.2/javax.annotation-api-1.2.jar:/home/user/.m2/repository/org/apache/ratis/ratis-server/0.5.0-201fc85-SNAPSHOT/ratis-server-0.5.0-201fc85-SNAPSHOT.jar:/home/user/.m2/repository/org/apache/ratis/ratis-thirdparty-misc/0.2.0/ratis-thirdparty-misc-0.2.0.jar:/home/user/.m2/repository/org/apache/ratis/ratis-proto/0.5.0-201fc85-SNAPSHOT/ratis-proto-0.5.0-201fc85-SNAPSHOT.jar:/home/user/.m2/repository/org/apache/ratis/ratis-common/0.5.0-201fc85-SNAPSHOT/ratis-common-0.5.0-201fc85-SNAPSHOT.jar:/home/user/.m2/repository/org/apache/ratis/ratis-client/0.5.0-201fc85-SNAPSHOT/ratis-client-0.5.0-201fc85-SNAPSHOT.jar:/home/user/.m2/repository/org/apache/ratis/ratis-metrics/0.5.0-201fc85-SNAPSHOT/ratis-metrics-0.5.0-201fc85-SNAPSHOT.jar:/home/user/.m2/repository/com/github/joshelser/dropwizard-metrics-hadoop-metrics2-reporter/0.1.2/dropwizard-metrics-hadoop-metrics2-reporter-0.1.2.jar:/home/user/.m2/repository/io/dropwizard/metrics/metrics-jvm/3.2.5/metrics-jvm-3.2.5.jar:/home/user/.m2/repository/io/dropwizard/metrics/metrics-ganglia/3.2.5/metrics-ganglia-3.2.5.jar:/home/user/.m2/repository/info/ganglia/gmetric4j/gmetric4j/1.0.7/gmetric4j-1.0.7.jar:/home/user/.m2/repository/org/apache/ratis/ratis-netty/0.5.0-201fc85-SNAPSHOT/ratis-netty-0.5.0-201fc85-SNAPSHOT.jar:/home/user/.m2/repository/org/apache/ratis/ratis-grpc/0.5.0-201fc85-SNAPSHOT/ratis-grpc-0.5.0-201fc85-SNAPSHOT.jar:/home/user/.m2/repository/org/rocksdb/rocksdbjni/6.0.1/rocksdbjni-6.0.1.jar:/home/user/.m2/repository/org/apache/logging/log4j/log4j-api/2.11.0/log4j-api-2.11.0.jar:/home/user/.m2/repository/org/apache/logging/log4j/log4j-core/2.11.0/log4j-core-2.11.0.jar:/home/user/.m2/repository/com/lmax/disruptor/3.4.2/disruptor-3.4.2.jar:/home/user/.m2/repository/org/apache/commons/commons-pool2/2.6.0/commons-pool2-2.6.0.jar:/home/user/.m2/repository/org/bouncycastle/bcpkix-jdk15on/1.60/bcpkix-jdk15on-1.60.jar:/home/user/.m2/repository/commons-validator/commons-validator/1.6/commons-validator-1.6.jar:/home/user/.m2/repository/commons-digester/commons-digester/1.8.1/commons-digester-1.8.1.jar:/home/user/.m2/repository/io/jaegertracing/jaeger-client/0.34.0/jaeger-client-0.34.0.jar:/home/user/.m2/repository/io/jaegertracing/jaeger-thrift/0.34.0/jaeger-thrift-0.34.0.jar:/home/user/.m2/repository/org/apache/thrift/libthrift/0.12.0/libthrift-0.12.0.jar:/home/user/.m2/repository/com/squareup/okhttp3/okhttp/3.9.0/okhttp-3.9.0.jar:/home/user/.m2/repository/com/squareup/okio/okio/1.13.0/okio-1.13.0.jar:/home/user/.m2/repository/io/jaegertracing/jaeger-core/0.34.0/jaeger-core-0.34.0.jar:/home/user/.m2/repository/io/jaegertracing/jaeger-tracerresolver/0.34.0/jaeger-tracerresolver-0.34.0.jar:/home/user/.m2/repository/io/opentracing/contrib/opentracing-tracerresolver/0.1.5/opentracing-tracerresolver-0.1.5.jar:/home/user/.m2/repository/io/opentracing/opentracing-util/0.31.0/opentracing-util-0.31.0.jar:/home/user/.m2/repository/io/opentracing/opentracing-api/0.31.0/opentracing-api-0.31.0.jar:/home/user/.m2/repository/io/opentracing/opentracing-noop/0.31.0/opentracing-noop-0.31.0.jar:/home/user/.m2/repository/org/apache/hadoop/hadoop-hdds-server-framework/0.5.0-SNAPSHOT/hadoop-hdds-server-framework-0.5.0-SNAPSHOT.jar:/home/user/.m2/repository/org/apache/hadoop/hadoop-hdds-container-service/0.5.0-SNAPSHOT/hadoop-hdds-container-service-0.5.0-SNAPSHOT.jar:/home/user/.m2/repository/org/apache/hadoop/hadoop-hdds-client/0.5.0-SNAPSHOT/hadoop-hdds-client-0.5.0-SNAPSHOT.jar:/home/user/.m2/repository/org/apache/hadoop/hadoop-hdds-tools/0.5.0-SNAPSHOT/hadoop-hdds-tools-0.5.0-SNAPSHOT.jar:/home/user/.m2/repository/org/apache/hadoop/hadoop-hdds-server-scm/0.5.0-SNAPSHOT/hadoop-hdds-server-scm-0.5.0-SNAPSHOT.jar:/home/user/.m2/repository/org/apache/hadoop/hadoop-hdds-docs/0.5.0-SNAPSHOT/hadoop-hdds-docs-0.5.0-SNAPSHOT.jar:/home/user/.m2/repository/io/dropwizard/metrics/metrics-core/3.2.4/metrics-core-3.2.4.jar:/home/user/.m2/repository/org/hamcrest/hamcrest-all/1.3/hamcrest-all-1.3.jar:/home/user/.m2/repository/org/bouncycastle/bcprov-jdk15on/1.60/bcprov-jdk15on-1.60.jar:/home/user/.m2/repository/info/picocli/picocli/3.9.6/picocli-3.9.6.jar:/home/user/.m2/repository/com/google/protobuf/protobuf-java/2.5.0/protobuf-java-2.5.0.jar:/home/user/.m2/repository/com/google/guava/guava/11.0.2/guava-11.0.2.jar:/home/user/.m2/repository/org/apache/hadoop/hadoop-ozone-ozone-manager/0.5.0-SNAPSHOT/hadoop-ozone-ozone-manager-0.5.0-SNAPSHOT.jar:/home/user/.m2/repository/org/apache/hadoop/hadoop-minikdc/3.2.0/hadoop-minikdc-3.2.0.jar:/home/user/.m2/repository/commons-io/commons-io/2.5/commons-io-2.5.jar:/home/user/.m2/repository/org/apache/kerby/kerb-simplekdc/1.0.1/kerb-simplekdc-1.0.1.jar:/home/user/.m2/repository/org/apache/kerby/kerb-client/1.0.1/kerb-client-1.0.1.jar:/home/user/.m2/repository/org/apache/kerby/kerby-config/1.0.1/kerby-config-1.0.1.jar:/home/user/.m2/repository/org/apache/kerby/kerb-core/1.0.1/kerb-core-1.0.1.jar:/home/user/.m2/repository/org/apache/kerby/kerby-pkix/1.0.1/kerby-pkix-1.0.1.jar:/home/user/.m2/repository/org/apache/kerby/kerby-asn1/1.0.1/kerby-asn1-1.0.1.jar:/home/user/.m2/repository/org/apache/kerby/kerby-util/1.0.1/kerby-util-1.0.1.jar:/home/user/.m2/repository/org/apache/kerby/kerb-common/1.0.1/kerb-common-1.0.1.jar:/home/user/.m2/repository/org/apache/kerby/kerb-crypto/1.0.1/kerb-crypto-1.0.1.jar:/home/user/.m2/repository/org/apache/kerby/kerb-util/1.0.1/kerb-util-1.0.1.jar:/home/user/.m2/repository/org/apache/kerby/token-provider/1.0.1/token-provider-1.0.1.jar:/home/user/.m2/repository/org/apache/kerby/kerb-admin/1.0.1/kerb-admin-1.0.1.jar:/home/user/.m2/repository/org/apache/kerby/kerb-server/1.0.1/kerb-server-1.0.1.jar:/home/user/.m2/repository/org/apache/kerby/kerb-identity/1.0.1/kerb-identity-1.0.1.jar:/home/user/.m2/repository/org/apache/kerby/kerby-xdr/1.0.1/kerby-xdr-1.0.1.jar:/home/user/.m2/repository/org/slf4j/slf4j-log4j12/1.7.25/slf4j-log4j12-1.7.25.jar:/home/user/.m2/repository/org/apache/hadoop/hadoop-ozone-s3gateway/0.5.0-SNAPSHOT/hadoop-ozone-s3gateway-0.5.0-SNAPSHOT.jar:/home/user/.m2/repository/org/jboss/weld/servlet/weld-servlet/2.4.7.Final/weld-servlet-2.4.7.Final.jar:/home/user/.m2/repository/org/glassfish/jersey/containers/jersey-container-servlet-core/2.27/jersey-container-servlet-core-2.27.jar:/home/user/.m2/repository/org/glassfish/hk2/external/javax.inject/2.5.0-b42/javax.inject-2.5.0-b42.jar:/home/user/.m2/repository/org/glassfish/jersey/core/jersey-common/2.27/jersey-common-2.27.jar:/home/user/.m2/repository/org/glassfish/hk2/osgi-resource-locator/1.0.1/osgi-resource-locator-1.0.1.jar:/home/user/.m2/repository/javax/ws/rs/javax.ws.rs-api/2.1/javax.ws.rs-api-2.1.jar:/home/user/.m2/repository/org/glassfish/jersey/ext/cdi/jersey-cdi1x/2.27/jersey-cdi1x-2.27.jar:/home/user/.m2/repository/org/glassfish/jersey/inject/jersey-hk2/2.27/jersey-hk2-2.27.jar:/home/user/.m2/repository/org/glassfish/hk2/hk2-locator/2.5.0-b42/hk2-locator-2.5.0-b42.jar:/home/user/.m2/repository/org/javassist/javassist/3.22.0-CR2/javassist-3.22.0-CR2.jar:/home/user/.m2/repository/org/glassfish/hk2/hk2-api/2.5.0/hk2-api-2.5.0.jar:/home/user/.m2/repository/org/glassfish/hk2/external/jakarta.inject/2.5.0/jakarta.inject-2.5.0.jar:/home/user/.m2/repository/org/glassfish/hk2/hk2-utils/2.5.0/hk2-utils-2.5.0.jar:/home/user/.m2/repository/jakarta/annotation/jakarta.annotation-api/1.3.4/jakarta.annotation-api-1.3.4.jar:/home/user/.m2/repository/org/glassfish/hk2/external/aopalliance-repackaged/2.5.0/aopalliance-repackaged-2.5.0.jar:/home/user/.m2/repository/com/fasterxml/jackson/dataformat/jackson-dataformat-xml/2.9.0/jackson-dataformat-xml-2.9.0.jar:/home/user/.m2/repository/com/fasterxml/jackson/core/jackson-core/2.9.9/jackson-core-2.9.9.jar:/home/user/.m2/repository/com/fasterxml/jackson/module/jackson-module-jaxb-annotations/2.9.9/jackson-module-jaxb-annotations-2.9.9.jar:/home/user/.m2/repository/javax/enterprise/cdi-api/1.2/cdi-api-1.2.jar:/home/user/.m2/repository/javax/el/javax.el-api/3.0.0/javax.el-api-3.0.0.jar:/home/user/.m2/repository/javax/interceptor/javax.interceptor-api/1.2/javax.interceptor-api-1.2.jar:/home/user/.m2/repository/javax/inject/javax.inject/1/javax.inject-1.jar:/home/user/.m2/repository/com/sun/xml/bind/jaxb-impl/2.3.0.1/jaxb-impl-2.3.0.1.jar:/home/user/.m2/repository/com/sun/xml/bind/jaxb-core/2.3.0.1/jaxb-core-2.3.0.1.jar:/home/user/.m2/repository/javax/xml/bind/jaxb-api/2.3.0/jaxb-api-2.3.0.jar:/home/user/.m2/repository/javax/activation/activation/1.1.1/activation-1.1.1.jar:/home/user/.m2/repository/org/apache/hadoop/hadoop-ozone-csi/0.5.0-SNAPSHOT/hadoop-ozone-csi-0.5.0-SNAPSHOT.jar:/home/user/.m2/repository/com/google/protobuf/protobuf-java-util/3.5.1/protobuf-java-util-3.5.1.jar:/home/user/.m2/repository/org/apache/hadoop/hadoop-hdds-config/0.5.0-SNAPSHOT/hadoop-hdds-config-0.5.0-SNAPSHOT.jar:/home/user/.m2/repository/io/grpc/grpc-netty/1.17.1/grpc-netty-1.17.1.jar:/home/user/.m2/repository/io/grpc/grpc-core/1.17.1/grpc-core-1.17.1.jar:/home/user/.m2/repository/io/grpc/grpc-context/1.17.1/grpc-context-1.17.1.jar:/home/user/.m2/repository/com/google/errorprone/error_prone_annotations/2.2.0/error_prone_annotations-2.2.0.jar:/home/user/.m2/repository/org/codehaus/mojo/animal-sniffer-annotations/1.17/animal-sniffer-annotations-1.17.jar:/home/user/.m2/repository/io/opencensus/opencensus-api/0.17.0/opencensus-api-0.17.0.jar:/home/user/.m2/repository/io/opencensus/opencensus-contrib-grpc-metrics/0.17.0/opencensus-contrib-grpc-metrics-0.17.0.jar:/home/user/.m2/repository/io/netty/netty-codec-http2/4.1.30.Final/netty-codec-http2-4.1.30.Final.jar:/home/user/.m2/repository/io/netty/netty-codec-http/4.1.30.Final/netty-codec-http-4.1.30.Final.jar:/home/user/.m2/repository/io/netty/netty-codec/4.1.30.Final/netty-codec-4.1.30.Final.jar:/home/user/.m2/repository/io/netty/netty-handler/4.1.30.Final/netty-handler-4.1.30.Final.jar:/home/user/.m2/repository/io/netty/netty-handler-proxy/4.1.30.Final/netty-handler-proxy-4.1.30.Final.jar:/home/user/.m2/repository/io/netty/netty-codec-socks/4.1.30.Final/netty-codec-socks-4.1.30.Final.jar:/home/user/.m2/repository/io/netty/netty-transport-native-epoll/4.1.30.Final/netty-transport-native-epoll-4.1.30.Final.jar:/home/user/.m2/repository/io/netty/netty-common/4.1.30.Final/netty-common-4.1.30.Final.jar:/home/user/.m2/repository/io/netty/netty-buffer/4.1.30.Final/netty-buffer-4.1.30.Final.jar:/home/user/.m2/repository/io/netty/netty-transport/4.1.30.Final/netty-transport-4.1.30.Final.jar:/home/user/.m2/repository/io/netty/netty-resolver/4.1.30.Final/netty-resolver-4.1.30.Final.jar:/home/user/.m2/repository/io/netty/netty-transport-native-unix-common/4.1.30.Final/netty-transport-native-unix-common-4.1.30.Final.jar:/home/user/.m2/repository/io/grpc/grpc-protobuf/1.17.1/grpc-protobuf-1.17.1.jar:/home/user/.m2/repository/com/google/api/grpc/proto-google-common-protos/1.0.0/proto-google-common-protos-1.0.0.jar:/home/user/.m2/repository/io/grpc/grpc-protobuf-lite/1.17.1/grpc-protobuf-lite-1.17.1.jar:/home/user/.m2/repository/io/grpc/grpc-stub/1.17.1/grpc-stub-1.17.1.jar:/home/user/.m2/repository/org/apache/hadoop/hadoop-ozone-recon/0.5.0-SNAPSHOT/hadoop-ozone-recon-0.5.0-SNAPSHOT.jar:/home/user/.m2/repository/org/apache/hadoop/hadoop-ozone-reconcodegen/0.5.0-SNAPSHOT/hadoop-ozone-reconcodegen-0.5.0-SNAPSHOT.jar:/home/user/.m2/repository/com/google/inject/extensions/guice-multibindings/4.0/guice-multibindings-4.0.jar:/home/user/.m2/repository/com/google/inject/guice/4.0/guice-4.0.jar:/home/user/.m2/repository/aopalliance/aopalliance/1.0/aopalliance-1.0.jar:/home/user/.m2/repository/com/google/inject/extensions/guice-servlet/4.0/guice-servlet-4.0.jar:/home/user/.m2/repository/org/glassfish/jersey/containers/jersey-container-servlet/2.27/jersey-container-servlet-2.27.jar:/home/user/.m2/repository/org/glassfish/hk2/guice-bridge/2.5.0/guice-bridge-2.5.0.jar:/home/user/.m2/repository/org/glassfish/jersey/core/jersey-server/2.27/jersey-server-2.27.jar:/home/user/.m2/repository/org/glassfish/jersey/core/jersey-client/2.27/jersey-client-2.27.jar:/home/user/.m2/repository/org/glassfish/jersey/media/jersey-media-jaxb/2.27/jersey-media-jaxb-2.27.jar:/home/user/.m2/repository/javax/validation/validation-api/1.1.0.Final/validation-api-1.1.0.Final.jar:/home/user/.m2/repository/org/glassfish/jersey/media/jersey-media-json-jackson/2.27/jersey-media-json-jackson-2.27.jar:/home/user/.m2/repository/org/glassfish/jersey/ext/jersey-entity-filtering/2.27/jersey-entity-filtering-2.27.jar:/home/user/.m2/repository/com/google/inject/extensions/guice-assistedinject/4.0/guice-assistedinject-4.0.jar:/home/user/.m2/repository/org/jooq/jooq/3.11.10/jooq-3.11.10.jar:/home/user/.m2/repository/org/jooq/jooq-meta/3.11.10/jooq-meta-3.11.10.jar:/home/user/.m2/repository/org/jooq/jooq-codegen/3.11.10/jooq-codegen-3.11.10.jar:/home/user/.m2/repository/com/jolbox/bonecp/0.8.0.RELEASE/bonecp-0.8.0.RELEASE.jar:/home/user/.m2/repository/org/xerial/sqlite-jdbc/3.25.2/sqlite-jdbc-3.25.2.jar:/home/user/.m2/repository/org/springframework/spring-jdbc/5.1.3.RELEASE/spring-jdbc-5.1.3.RELEASE.jar:/home/user/.m2/repository/org/springframework/spring-beans/5.1.3.RELEASE/spring-beans-5.1.3.RELEASE.jar:/home/user/.m2/repository/org/springframework/spring-core/5.1.3.RELEASE/spring-core-5.1.3.RELEASE.jar:/home/user/.m2/repository/org/springframework/spring-jcl/5.1.3.RELEASE/spring-jcl-5.1.3.RELEASE.jar:/home/user/.m2/repository/org/springframework/spring-tx/5.1.3.RELEASE/spring-tx-5.1.3.RELEASE.jar:/home/user/.m2/repository/org/apache/hadoop/hadoop-ozone-client/0.5.0-SNAPSHOT/hadoop-ozone-client-0.5.0-SNAPSHOT.jar:/home/user/.m2/repository/commons-lang/commons-lang/2.6/commons-lang-2.6.jar:/home/user/.m2/repository/org/apache/hadoop/hadoop-ozone-ozone-manager/0.5.0-SNAPSHOT/hadoop-ozone-ozone-manager-0.5.0-SNAPSHOT-tests.jar:/home/user/.m2/repository/junit/junit/4.11/junit-4.11.jar:/home/user/.m2/repository/org/hamcrest/hamcrest-core/1.3/hamcrest-core-1.3.jar:/home/user/.m2/repository/org/openjdk/jmh/jmh-core/1.19/jmh-core-1.19.jar:/home/user/.m2/repository/net/sf/jopt-simple/jopt-simple/4.6/jopt-simple-4.6.jar:/home/user/.m2/repository/org/apache/commons/commons-math3/3.1.1/commons-math3-3.1.1.jar:/home/user/.m2/repository/org/openjdk/jmh/jmh-generator-annprocess/1.19/jmh-generator-annprocess-1.19.jar:/home/user/.m2/repository/org/mockito/mockito-all/1.8.5/mockito-all-1.8.5.jar:/home/user/.m2/repository/org/apache/hadoop/hadoop-kms/3.2.0/hadoop-kms-3.2.0.jar:/home/user/.m2/repository/org/apache/hadoop/hadoop-auth/3.2.0/hadoop-auth-3.2.0.jar:/home/user/.m2/repository/com/nimbusds/nimbus-jose-jwt/4.41.1/nimbus-jose-jwt-4.41.1.jar:/home/user/.m2/repository/com/github/stephenc/jcip/jcip-annotations/1.0-1/jcip-annotations-1.0-1.jar:/home/user/.m2/repository/net/minidev/json-smart/2.3/json-smart-2.3.jar:/home/user/.m2/repository/net/minidev/accessors-smart/1.2/accessors-smart-1.2.jar:/home/user/.m2/repository/org/ow2/asm/asm/5.0.4/asm-5.0.4.jar:/home/user/.m2/repository/org/apache/curator/curator-framework/2.12.0/curator-framework-2.12.0.jar:/home/user/.m2/repository/com/sun/jersey/jersey-core/1.19/jersey-core-1.19.jar:/home/user/.m2/repository/javax/ws/rs/jsr311-api/1.1.1/jsr311-api-1.1.1.jar:/home/user/.m2/repository/com/sun/jersey/jersey-server/1.19/jersey-server-1.19.jar:/home/user/.m2/repository/javax/servlet/javax.servlet-api/3.1.0/javax.servlet-api-3.1.0.jar:/home/user/.m2/repository/org/eclipse/jetty/jetty-server/9.3.25.v20180904/jetty-server-9.3.25.v20180904.jar:/home/user/.m2/repository/org/eclipse/jetty/jetty-http/9.3.25.v20180904/jetty-http-9.3.25.v20180904.jar:/home/user/.m2/repository/org/eclipse/jetty/jetty-io/9.3.25.v20180904/jetty-io-9.3.25.v20180904.jar:/home/user/.m2/repository/org/eclipse/jetty/jetty-webapp/9.3.25.v20180904/jetty-webapp-9.3.25.v20180904.jar:/home/user/.m2/repository/org/eclipse/jetty/jetty-xml/9.3.25.v20180904/jetty-xml-9.3.25.v20180904.jar:/home/user/.m2/repository/log4j/log4j/1.2.17/log4j-1.2.17.jar:/home/user/.m2/repository/org/slf4j/slf4j-api/1.7.25/slf4j-api-1.7.25.jar:/home/user/.m2/repository/org/slf4j/jul-to-slf4j/1.7.25/jul-to-slf4j-1.7.25.jar:/home/user/.m2/repository/org/eclipse/jetty/jetty-util/9.3.25.v20180904/jetty-util-9.3.25.v20180904.jar:/home/user/.m2/repository/com/fasterxml/jackson/core/jackson-databind/2.9.9/jackson-databind-2.9.9.jar:/home/user/.m2/repository/org/apache/hadoop/hadoop-kms/3.2.0/hadoop-kms-3.2.0-tests.jar:/home/user/.m2/repository/org/apache/hadoop/hadoop-hdds-server-scm/0.5.0-SNAPSHOT/hadoop-hdds-server-scm-0.5.0-SNAPSHOT-tests.jar:/home/user/.m2/repository/org/apache/hadoop/hadoop-hdds-container-service/0.5.0-SNAPSHOT/hadoop-hdds-container-service-0.5.0-SNAPSHOT-tests.jar:/home/user/.m2/repository/org/yaml/snakeyaml/1.16/snakeyaml-1.16.jar:/home/user/.m2/repository/org/apache/hadoop/hadoop-common/3.2.0/hadoop-common-3.2.0-tests.jar:/home/user/.m2/repository/org/apache/hadoop/hadoop-annotations/3.2.0/hadoop-annotations-3.2.0.jar:/usr/lib/jvm/java-1.8.0-openjdk-1.8.0.222.b10-1.el7_7.x86_64/jre/../lib/tools.jar:/home/user/.m2/repository/commons-cli/commons-cli/1.2/commons-cli-1.2.jar:/home/user/.m2/repository/org/apache/httpcomponents/httpclient/4.5.2/httpclient-4.5.2.jar:/home/user/.m2/repository/org/apache/httpcomponents/httpcore/4.4.4/httpcore-4.4.4.jar:/home/user/.m2/repository/commons-codec/commons-codec/1.11/commons-codec-1.11.jar:/home/user/.m2/repository/commons-net/commons-net/3.6/commons-net-3.6.jar:/home/user/.m2/repository/commons-collections/commons-collections/3.2.2/commons-collections-3.2.2.jar:/home/user/.m2/repository/org/eclipse/jetty/jetty-servlet/9.3.25.v20180904/jetty-servlet-9.3.25.v20180904.jar:/home/user/.m2/repository/org/eclipse/jetty/jetty-security/9.3.25.v20180904/jetty-security-9.3.25.v20180904.jar:/home/user/.m2/repository/javax/servlet/jsp/jsp-api/2.1/jsp-api-2.1.jar:/home/user/.m2/repository/com/sun/jersey/jersey-servlet/1.19/jersey-servlet-1.19.jar:/home/user/.m2/repository/com/sun/jersey/jersey-json/1.19/jersey-json-1.19.jar:/home/user/.m2/repository/org/codehaus/jettison/jettison/1.1/jettison-1.1.jar:/home/user/.m2/repository/org/codehaus/jackson/jackson-core-asl/1.9.13/jackson-core-asl-1.9.13.jar:/home/user/.m2/repository/org/codehaus/jackson/jackson-mapper-asl/1.9.13/jackson-mapper-asl-1.9.13.jar:/home/user/.m2/repository/org/codehaus/jackson/jackson-jaxrs/1.9.13/jackson-jaxrs-1.9.13.jar:/home/user/.m2/repository/org/codehaus/jackson/jackson-xc/1.9.13/jackson-xc-1.9.13.jar:/home/user/.m2/repository/commons-logging/commons-logging/1.1.3/commons-logging-1.1.3.jar:/home/user/.m2/repository/commons-beanutils/commons-beanutils/1.9.4/commons-beanutils-1.9.4.jar:/home/user/.m2/repository/org/apache/commons/commons-configuration2/2.1.1/commons-configuration2-2.1.1.jar:/home/user/.m2/repository/org/apache/commons/commons-lang3/3.7/commons-lang3-3.7.jar:/home/user/.m2/repository/org/apache/commons/commons-text/1.4/commons-text-1.4.jar:/home/user/.m2/repository/org/apache/avro/avro/1.7.7/avro-1.7.7.jar:/home/user/.m2/repository/com/thoughtworks/paranamer/paranamer/2.3/paranamer-2.3.jar:/home/user/.m2/repository/org/xerial/snappy/snappy-java/1.0.5/snappy-java-1.0.5.jar:/home/user/.m2/repository/com/google/re2j/re2j/1.1/re2j-1.1.jar:/home/user/.m2/repository/com/google/code/gson/gson/2.2.4/gson-2.2.4.jar:/home/user/.m2/repository/com/jcraft/jsch/0.1.54/jsch-0.1.54.jar:/home/user/.m2/repository/org/apache/curator/curator-client/2.12.0/curator-client-2.12.0.jar:/home/user/.m2/repository/org/apache/curator/curator-recipes/2.12.0/curator-recipes-2.12.0.jar:/home/user/.m2/repository/com/google/code/findbugs/jsr305/3.0.0/jsr305-3.0.0.jar:/home/user/.m2/repository/org/apache/htrace/htrace-core4/4.1.0-incubating/htrace-core4-4.1.0-incubating.jar:/home/user/.m2/repository/org/apache/zookeeper/zookeeper/3.4.13/zookeeper-3.4.13.jar:/home/user/.m2/repository/jline/jline/0.9.94/jline-0.9.94.jar:/home/user/.m2/repository/org/apache/yetus/audience-annotations/0.5.0/audience-annotations-0.5.0.jar:/home/user/.m2/repository/org/codehaus/woodstox/stax2-api/3.1.4/stax2-api-3.1.4.jar:/home/user/.m2/repository/com/fasterxml/woodstox/woodstox-core/5.0.3/woodstox-core-5.0.3.jar:/home/user/.m2/repository/dnsjava/dnsjava/2.1.7/dnsjava-2.1.7.jar:/home/user/.m2/repository/org/apache/hadoop/hadoop-hdfs/3.2.0/hadoop-hdfs-3.2.0-tests.jar:/home/user/.m2/repository/org/eclipse/jetty/jetty-util-ajax/9.3.25.v20180904/jetty-util-ajax-9.3.25.v20180904.jar:/home/user/.m2/repository/commons-daemon/commons-daemon/1.0.13/commons-daemon-1.0.13.jar:/home/user/.m2/repository/io/netty/netty/3.10.5.Final/netty-3.10.5.Final.jar:/home/user/.m2/repository/io/netty/netty-all/4.0.52.Final/netty-all-4.0.52.Final.jar:/home/user/.m2/repository/org/fusesource/leveldbjni/leveldbjni-all/1.8/leveldbjni-all-1.8.jar:"/>
    <property name="java.vm.vendor" value="Oracle Corporation"/>
    <property name="sun.arch.data.model" value="64"/>
    <property name="test.build.dir" value="/workdir/hadoop-ozone/integration-test/target/test-dir"/>
    <property name="test.cache.data" value=""/>
    <property name="java.vendor.url" value="http://java.oracle.com/"/>
    <property name="user.timezone" value=""/>
    <property name="java.vm.specification.version" value="1.8"/>
    <property name="os.name" value="Linux"/>
    <property name="test.build.data" value="/workdir/hadoop-ozone/integration-test/target/test-dir"/>
    <property name="user.country" value="US"/>
    <property name="sun.java.launcher" value="SUN_STANDARD"/>
    <property name="sun.boot.library.path" value="/usr/lib/jvm/java-1.8.0-openjdk-1.8.0.222.b10-1.el7_7.x86_64/jre/lib/amd64"/>
    <property name="sun.java.command" value="/workdir/hadoop-ozone/integration-test/target/surefire/surefirebooter2851328347810454237.jar /workdir/hadoop-ozone/integration-test/target/surefire 2019-10-15T22-32-39_408-jvmRun1 surefire294100655775423450tmp surefire_40214999936711777480tmp"/>
    <property name="test" value="!TestMiniChaosOzoneCluster"/>
    <property name="surefire.test.class.path" value="/workdir/hadoop-ozone/integration-test/target/test-classes:/workdir/hadoop-ozone/integration-test/target/classes:/home/user/.m2/repository/org/apache/hadoop/hadoop-ozone-common/0.5.0-SNAPSHOT/hadoop-ozone-common-0.5.0-SNAPSHOT.jar:/home/user/.m2/repository/org/apache/commons/commons-compress/1.4.1/commons-compress-1.4.1.jar:/home/user/.m2/repository/org/tukaani/xz/1.0/xz-1.0.jar:/home/user/.m2/repository/org/apache/hadoop/hadoop-common/3.2.0/hadoop-common-3.2.0.jar:/home/user/.m2/repository/org/apache/hadoop/hadoop-hdfs/3.2.0/hadoop-hdfs-3.2.0.jar:/home/user/.m2/repository/org/apache/hadoop/hadoop-hdfs-client/3.2.0/hadoop-hdfs-client-3.2.0.jar:/home/user/.m2/repository/com/fasterxml/jackson/core/jackson-annotations/2.9.9/jackson-annotations-2.9.9.jar:/home/user/.m2/repository/org/apache/hadoop/hadoop-hdds-common/0.5.0-SNAPSHOT/hadoop-hdds-common-0.5.0-SNAPSHOT.jar:/home/user/.m2/repository/javax/annotation/javax.annotation-api/1.2/javax.annotation-api-1.2.jar:/home/user/.m2/repository/org/apache/ratis/ratis-server/0.5.0-201fc85-SNAPSHOT/ratis-server-0.5.0-201fc85-SNAPSHOT.jar:/home/user/.m2/repository/org/apache/ratis/ratis-thirdparty-misc/0.2.0/ratis-thirdparty-misc-0.2.0.jar:/home/user/.m2/repository/org/apache/ratis/ratis-proto/0.5.0-201fc85-SNAPSHOT/ratis-proto-0.5.0-201fc85-SNAPSHOT.jar:/home/user/.m2/repository/org/apache/ratis/ratis-common/0.5.0-201fc85-SNAPSHOT/ratis-common-0.5.0-201fc85-SNAPSHOT.jar:/home/user/.m2/repository/org/apache/ratis/ratis-client/0.5.0-201fc85-SNAPSHOT/ratis-client-0.5.0-201fc85-SNAPSHOT.jar:/home/user/.m2/repository/org/apache/ratis/ratis-metrics/0.5.0-201fc85-SNAPSHOT/ratis-metrics-0.5.0-201fc85-SNAPSHOT.jar:/home/user/.m2/repository/com/github/joshelser/dropwizard-metrics-hadoop-metrics2-reporter/0.1.2/dropwizard-metrics-hadoop-metrics2-reporter-0.1.2.jar:/home/user/.m2/repository/io/dropwizard/metrics/metrics-jvm/3.2.5/metrics-jvm-3.2.5.jar:/home/user/.m2/repository/io/dropwizard/metrics/metrics-ganglia/3.2.5/metrics-ganglia-3.2.5.jar:/home/user/.m2/repository/info/ganglia/gmetric4j/gmetric4j/1.0.7/gmetric4j-1.0.7.jar:/home/user/.m2/repository/org/apache/ratis/ratis-netty/0.5.0-201fc85-SNAPSHOT/ratis-netty-0.5.0-201fc85-SNAPSHOT.jar:/home/user/.m2/repository/org/apache/ratis/ratis-grpc/0.5.0-201fc85-SNAPSHOT/ratis-grpc-0.5.0-201fc85-SNAPSHOT.jar:/home/user/.m2/repository/org/rocksdb/rocksdbjni/6.0.1/rocksdbjni-6.0.1.jar:/home/user/.m2/repository/org/apache/logging/log4j/log4j-api/2.11.0/log4j-api-2.11.0.jar:/home/user/.m2/repository/org/apache/logging/log4j/log4j-core/2.11.0/log4j-core-2.11.0.jar:/home/user/.m2/repository/com/lmax/disruptor/3.4.2/disruptor-3.4.2.jar:/home/user/.m2/repository/org/apache/commons/commons-pool2/2.6.0/commons-pool2-2.6.0.jar:/home/user/.m2/repository/org/bouncycastle/bcpkix-jdk15on/1.60/bcpkix-jdk15on-1.60.jar:/home/user/.m2/repository/commons-validator/commons-validator/1.6/commons-validator-1.6.jar:/home/user/.m2/repository/commons-digester/commons-digester/1.8.1/commons-digester-1.8.1.jar:/home/user/.m2/repository/io/jaegertracing/jaeger-client/0.34.0/jaeger-client-0.34.0.jar:/home/user/.m2/repository/io/jaegertracing/jaeger-thrift/0.34.0/jaeger-thrift-0.34.0.jar:/home/user/.m2/repository/org/apache/thrift/libthrift/0.12.0/libthrift-0.12.0.jar:/home/user/.m2/repository/com/squareup/okhttp3/okhttp/3.9.0/okhttp-3.9.0.jar:/home/user/.m2/repository/com/squareup/okio/okio/1.13.0/okio-1.13.0.jar:/home/user/.m2/repository/io/jaegertracing/jaeger-core/0.34.0/jaeger-core-0.34.0.jar:/home/user/.m2/repository/io/jaegertracing/jaeger-tracerresolver/0.34.0/jaeger-tracerresolver-0.34.0.jar:/home/user/.m2/repository/io/opentracing/contrib/opentracing-tracerresolver/0.1.5/opentracing-tracerresolver-0.1.5.jar:/home/user/.m2/repository/io/opentracing/opentracing-util/0.31.0/opentracing-util-0.31.0.jar:/home/user/.m2/repository/io/opentracing/opentracing-api/0.31.0/opentracing-api-0.31.0.jar:/home/user/.m2/repository/io/opentracing/opentracing-noop/0.31.0/opentracing-noop-0.31.0.jar:/home/user/.m2/repository/org/apache/hadoop/hadoop-hdds-server-framework/0.5.0-SNAPSHOT/hadoop-hdds-server-framework-0.5.0-SNAPSHOT.jar:/home/user/.m2/repository/org/apache/hadoop/hadoop-hdds-container-service/0.5.0-SNAPSHOT/hadoop-hdds-container-service-0.5.0-SNAPSHOT.jar:/home/user/.m2/repository/org/apache/hadoop/hadoop-hdds-client/0.5.0-SNAPSHOT/hadoop-hdds-client-0.5.0-SNAPSHOT.jar:/home/user/.m2/repository/org/apache/hadoop/hadoop-hdds-tools/0.5.0-SNAPSHOT/hadoop-hdds-tools-0.5.0-SNAPSHOT.jar:/home/user/.m2/repository/org/apache/hadoop/hadoop-hdds-server-scm/0.5.0-SNAPSHOT/hadoop-hdds-server-scm-0.5.0-SNAPSHOT.jar:/home/user/.m2/repository/org/apache/hadoop/hadoop-hdds-docs/0.5.0-SNAPSHOT/hadoop-hdds-docs-0.5.0-SNAPSHOT.jar:/home/user/.m2/repository/io/dropwizard/metrics/metrics-core/3.2.4/metrics-core-3.2.4.jar:/home/user/.m2/repository/org/hamcrest/hamcrest-all/1.3/hamcrest-all-1.3.jar:/home/user/.m2/repository/org/bouncycastle/bcprov-jdk15on/1.60/bcprov-jdk15on-1.60.jar:/home/user/.m2/repository/info/picocli/picocli/3.9.6/picocli-3.9.6.jar:/home/user/.m2/repository/com/google/protobuf/protobuf-java/2.5.0/protobuf-java-2.5.0.jar:/home/user/.m2/repository/com/google/guava/guava/11.0.2/guava-11.0.2.jar:/home/user/.m2/repository/org/apache/hadoop/hadoop-ozone-ozone-manager/0.5.0-SNAPSHOT/hadoop-ozone-ozone-manager-0.5.0-SNAPSHOT.jar:/home/user/.m2/repository/org/apache/hadoop/hadoop-minikdc/3.2.0/hadoop-minikdc-3.2.0.jar:/home/user/.m2/repository/commons-io/commons-io/2.5/commons-io-2.5.jar:/home/user/.m2/repository/org/apache/kerby/kerb-simplekdc/1.0.1/kerb-simplekdc-1.0.1.jar:/home/user/.m2/repository/org/apache/kerby/kerb-client/1.0.1/kerb-client-1.0.1.jar:/home/user/.m2/repository/org/apache/kerby/kerby-config/1.0.1/kerby-config-1.0.1.jar:/home/user/.m2/repository/org/apache/kerby/kerb-core/1.0.1/kerb-core-1.0.1.jar:/home/user/.m2/repository/org/apache/kerby/kerby-pkix/1.0.1/kerby-pkix-1.0.1.jar:/home/user/.m2/repository/org/apache/kerby/kerby-asn1/1.0.1/kerby-asn1-1.0.1.jar:/home/user/.m2/repository/org/apache/kerby/kerby-util/1.0.1/kerby-util-1.0.1.jar:/home/user/.m2/repository/org/apache/kerby/kerb-common/1.0.1/kerb-common-1.0.1.jar:/home/user/.m2/repository/org/apache/kerby/kerb-crypto/1.0.1/kerb-crypto-1.0.1.jar:/home/user/.m2/repository/org/apache/kerby/kerb-util/1.0.1/kerb-util-1.0.1.jar:/home/user/.m2/repository/org/apache/kerby/token-provider/1.0.1/token-provider-1.0.1.jar:/home/user/.m2/repository/org/apache/kerby/kerb-admin/1.0.1/kerb-admin-1.0.1.jar:/home/user/.m2/repository/org/apache/kerby/kerb-server/1.0.1/kerb-server-1.0.1.jar:/home/user/.m2/repository/org/apache/kerby/kerb-identity/1.0.1/kerb-identity-1.0.1.jar:/home/user/.m2/repository/org/apache/kerby/kerby-xdr/1.0.1/kerby-xdr-1.0.1.jar:/home/user/.m2/repository/org/slf4j/slf4j-log4j12/1.7.25/slf4j-log4j12-1.7.25.jar:/home/user/.m2/repository/org/apache/hadoop/hadoop-ozone-s3gateway/0.5.0-SNAPSHOT/hadoop-ozone-s3gateway-0.5.0-SNAPSHOT.jar:/home/user/.m2/repository/org/jboss/weld/servlet/weld-servlet/2.4.7.Final/weld-servlet-2.4.7.Final.jar:/home/user/.m2/repository/org/glassfish/jersey/containers/jersey-container-servlet-core/2.27/jersey-container-servlet-core-2.27.jar:/home/user/.m2/repository/org/glassfish/hk2/external/javax.inject/2.5.0-b42/javax.inject-2.5.0-b42.jar:/home/user/.m2/repository/org/glassfish/jersey/core/jersey-common/2.27/jersey-common-2.27.jar:/home/user/.m2/repository/org/glassfish/hk2/osgi-resource-locator/1.0.1/osgi-resource-locator-1.0.1.jar:/home/user/.m2/repository/javax/ws/rs/javax.ws.rs-api/2.1/javax.ws.rs-api-2.1.jar:/home/user/.m2/repository/org/glassfish/jersey/ext/cdi/jersey-cdi1x/2.27/jersey-cdi1x-2.27.jar:/home/user/.m2/repository/org/glassfish/jersey/inject/jersey-hk2/2.27/jersey-hk2-2.27.jar:/home/user/.m2/repository/org/glassfish/hk2/hk2-locator/2.5.0-b42/hk2-locator-2.5.0-b42.jar:/home/user/.m2/repository/org/javassist/javassist/3.22.0-CR2/javassist-3.22.0-CR2.jar:/home/user/.m2/repository/org/glassfish/hk2/hk2-api/2.5.0/hk2-api-2.5.0.jar:/home/user/.m2/repository/org/glassfish/hk2/external/jakarta.inject/2.5.0/jakarta.inject-2.5.0.jar:/home/user/.m2/repository/org/glassfish/hk2/hk2-utils/2.5.0/hk2-utils-2.5.0.jar:/home/user/.m2/repository/jakarta/annotation/jakarta.annotation-api/1.3.4/jakarta.annotation-api-1.3.4.jar:/home/user/.m2/repository/org/glassfish/hk2/external/aopalliance-repackaged/2.5.0/aopalliance-repackaged-2.5.0.jar:/home/user/.m2/repository/com/fasterxml/jackson/dataformat/jackson-dataformat-xml/2.9.0/jackson-dataformat-xml-2.9.0.jar:/home/user/.m2/repository/com/fasterxml/jackson/core/jackson-core/2.9.9/jackson-core-2.9.9.jar:/home/user/.m2/repository/com/fasterxml/jackson/module/jackson-module-jaxb-annotations/2.9.9/jackson-module-jaxb-annotations-2.9.9.jar:/home/user/.m2/repository/javax/enterprise/cdi-api/1.2/cdi-api-1.2.jar:/home/user/.m2/repository/javax/el/javax.el-api/3.0.0/javax.el-api-3.0.0.jar:/home/user/.m2/repository/javax/interceptor/javax.interceptor-api/1.2/javax.interceptor-api-1.2.jar:/home/user/.m2/repository/javax/inject/javax.inject/1/javax.inject-1.jar:/home/user/.m2/repository/com/sun/xml/bind/jaxb-impl/2.3.0.1/jaxb-impl-2.3.0.1.jar:/home/user/.m2/repository/com/sun/xml/bind/jaxb-core/2.3.0.1/jaxb-core-2.3.0.1.jar:/home/user/.m2/repository/javax/xml/bind/jaxb-api/2.3.0/jaxb-api-2.3.0.jar:/home/user/.m2/repository/javax/activation/activation/1.1.1/activation-1.1.1.jar:/home/user/.m2/repository/org/apache/hadoop/hadoop-ozone-csi/0.5.0-SNAPSHOT/hadoop-ozone-csi-0.5.0-SNAPSHOT.jar:/home/user/.m2/repository/com/google/protobuf/protobuf-java-util/3.5.1/protobuf-java-util-3.5.1.jar:/home/user/.m2/repository/org/apache/hadoop/hadoop-hdds-config/0.5.0-SNAPSHOT/hadoop-hdds-config-0.5.0-SNAPSHOT.jar:/home/user/.m2/repository/io/grpc/grpc-netty/1.17.1/grpc-netty-1.17.1.jar:/home/user/.m2/repository/io/grpc/grpc-core/1.17.1/grpc-core-1.17.1.jar:/home/user/.m2/repository/io/grpc/grpc-context/1.17.1/grpc-context-1.17.1.jar:/home/user/.m2/repository/com/google/errorprone/error_prone_annotations/2.2.0/error_prone_annotations-2.2.0.jar:/home/user/.m2/repository/org/codehaus/mojo/animal-sniffer-annotations/1.17/animal-sniffer-annotations-1.17.jar:/home/user/.m2/repository/io/opencensus/opencensus-api/0.17.0/opencensus-api-0.17.0.jar:/home/user/.m2/repository/io/opencensus/opencensus-contrib-grpc-metrics/0.17.0/opencensus-contrib-grpc-metrics-0.17.0.jar:/home/user/.m2/repository/io/netty/netty-codec-http2/4.1.30.Final/netty-codec-http2-4.1.30.Final.jar:/home/user/.m2/repository/io/netty/netty-codec-http/4.1.30.Final/netty-codec-http-4.1.30.Final.jar:/home/user/.m2/repository/io/netty/netty-codec/4.1.30.Final/netty-codec-4.1.30.Final.jar:/home/user/.m2/repository/io/netty/netty-handler/4.1.30.Final/netty-handler-4.1.30.Final.jar:/home/user/.m2/repository/io/netty/netty-handler-proxy/4.1.30.Final/netty-handler-proxy-4.1.30.Final.jar:/home/user/.m2/repository/io/netty/netty-codec-socks/4.1.30.Final/netty-codec-socks-4.1.30.Final.jar:/home/user/.m2/repository/io/netty/netty-transport-native-epoll/4.1.30.Final/netty-transport-native-epoll-4.1.30.Final.jar:/home/user/.m2/repository/io/netty/netty-common/4.1.30.Final/netty-common-4.1.30.Final.jar:/home/user/.m2/repository/io/netty/netty-buffer/4.1.30.Final/netty-buffer-4.1.30.Final.jar:/home/user/.m2/repository/io/netty/netty-transport/4.1.30.Final/netty-transport-4.1.30.Final.jar:/home/user/.m2/repository/io/netty/netty-resolver/4.1.30.Final/netty-resolver-4.1.30.Final.jar:/home/user/.m2/repository/io/netty/netty-transport-native-unix-common/4.1.30.Final/netty-transport-native-unix-common-4.1.30.Final.jar:/home/user/.m2/repository/io/grpc/grpc-protobuf/1.17.1/grpc-protobuf-1.17.1.jar:/home/user/.m2/repository/com/google/api/grpc/proto-google-common-protos/1.0.0/proto-google-common-protos-1.0.0.jar:/home/user/.m2/repository/io/grpc/grpc-protobuf-lite/1.17.1/grpc-protobuf-lite-1.17.1.jar:/home/user/.m2/repository/io/grpc/grpc-stub/1.17.1/grpc-stub-1.17.1.jar:/home/user/.m2/repository/org/apache/hadoop/hadoop-ozone-recon/0.5.0-SNAPSHOT/hadoop-ozone-recon-0.5.0-SNAPSHOT.jar:/home/user/.m2/repository/org/apache/hadoop/hadoop-ozone-reconcodegen/0.5.0-SNAPSHOT/hadoop-ozone-reconcodegen-0.5.0-SNAPSHOT.jar:/home/user/.m2/repository/com/google/inject/extensions/guice-multibindings/4.0/guice-multibindings-4.0.jar:/home/user/.m2/repository/com/google/inject/guice/4.0/guice-4.0.jar:/home/user/.m2/repository/aopalliance/aopalliance/1.0/aopalliance-1.0.jar:/home/user/.m2/repository/com/google/inject/extensions/guice-servlet/4.0/guice-servlet-4.0.jar:/home/user/.m2/repository/org/glassfish/jersey/containers/jersey-container-servlet/2.27/jersey-container-servlet-2.27.jar:/home/user/.m2/repository/org/glassfish/hk2/guice-bridge/2.5.0/guice-bridge-2.5.0.jar:/home/user/.m2/repository/org/glassfish/jersey/core/jersey-server/2.27/jersey-server-2.27.jar:/home/user/.m2/repository/org/glassfish/jersey/core/jersey-client/2.27/jersey-client-2.27.jar:/home/user/.m2/repository/org/glassfish/jersey/media/jersey-media-jaxb/2.27/jersey-media-jaxb-2.27.jar:/home/user/.m2/repository/javax/validation/validation-api/1.1.0.Final/validation-api-1.1.0.Final.jar:/home/user/.m2/repository/org/glassfish/jersey/media/jersey-media-json-jackson/2.27/jersey-media-json-jackson-2.27.jar:/home/user/.m2/repository/org/glassfish/jersey/ext/jersey-entity-filtering/2.27/jersey-entity-filtering-2.27.jar:/home/user/.m2/repository/com/google/inject/extensions/guice-assistedinject/4.0/guice-assistedinject-4.0.jar:/home/user/.m2/repository/org/jooq/jooq/3.11.10/jooq-3.11.10.jar:/home/user/.m2/repository/org/jooq/jooq-meta/3.11.10/jooq-meta-3.11.10.jar:/home/user/.m2/repository/org/jooq/jooq-codegen/3.11.10/jooq-codegen-3.11.10.jar:/home/user/.m2/repository/com/jolbox/bonecp/0.8.0.RELEASE/bonecp-0.8.0.RELEASE.jar:/home/user/.m2/repository/org/xerial/sqlite-jdbc/3.25.2/sqlite-jdbc-3.25.2.jar:/home/user/.m2/repository/org/springframework/spring-jdbc/5.1.3.RELEASE/spring-jdbc-5.1.3.RELEASE.jar:/home/user/.m2/repository/org/springframework/spring-beans/5.1.3.RELEASE/spring-beans-5.1.3.RELEASE.jar:/home/user/.m2/repository/org/springframework/spring-core/5.1.3.RELEASE/spring-core-5.1.3.RELEASE.jar:/home/user/.m2/repository/org/springframework/spring-jcl/5.1.3.RELEASE/spring-jcl-5.1.3.RELEASE.jar:/home/user/.m2/repository/org/springframework/spring-tx/5.1.3.RELEASE/spring-tx-5.1.3.RELEASE.jar:/home/user/.m2/repository/org/apache/hadoop/hadoop-ozone-client/0.5.0-SNAPSHOT/hadoop-ozone-client-0.5.0-SNAPSHOT.jar:/home/user/.m2/repository/commons-lang/commons-lang/2.6/commons-lang-2.6.jar:/home/user/.m2/repository/org/apache/hadoop/hadoop-ozone-ozone-manager/0.5.0-SNAPSHOT/hadoop-ozone-ozone-manager-0.5.0-SNAPSHOT-tests.jar:/home/user/.m2/repository/junit/junit/4.11/junit-4.11.jar:/home/user/.m2/repository/org/hamcrest/hamcrest-core/1.3/hamcrest-core-1.3.jar:/home/user/.m2/repository/org/openjdk/jmh/jmh-core/1.19/jmh-core-1.19.jar:/home/user/.m2/repository/net/sf/jopt-simple/jopt-simple/4.6/jopt-simple-4.6.jar:/home/user/.m2/repository/org/apache/commons/commons-math3/3.1.1/commons-math3-3.1.1.jar:/home/user/.m2/repository/org/openjdk/jmh/jmh-generator-annprocess/1.19/jmh-generator-annprocess-1.19.jar:/home/user/.m2/repository/org/mockito/mockito-all/1.8.5/mockito-all-1.8.5.jar:/home/user/.m2/repository/org/apache/hadoop/hadoop-kms/3.2.0/hadoop-kms-3.2.0.jar:/home/user/.m2/repository/org/apache/hadoop/hadoop-auth/3.2.0/hadoop-auth-3.2.0.jar:/home/user/.m2/repository/com/nimbusds/nimbus-jose-jwt/4.41.1/nimbus-jose-jwt-4.41.1.jar:/home/user/.m2/repository/com/github/stephenc/jcip/jcip-annotations/1.0-1/jcip-annotations-1.0-1.jar:/home/user/.m2/repository/net/minidev/json-smart/2.3/json-smart-2.3.jar:/home/user/.m2/repository/net/minidev/accessors-smart/1.2/accessors-smart-1.2.jar:/home/user/.m2/repository/org/ow2/asm/asm/5.0.4/asm-5.0.4.jar:/home/user/.m2/repository/org/apache/curator/curator-framework/2.12.0/curator-framework-2.12.0.jar:/home/user/.m2/repository/com/sun/jersey/jersey-core/1.19/jersey-core-1.19.jar:/home/user/.m2/repository/javax/ws/rs/jsr311-api/1.1.1/jsr311-api-1.1.1.jar:/home/user/.m2/repository/com/sun/jersey/jersey-server/1.19/jersey-server-1.19.jar:/home/user/.m2/repository/javax/servlet/javax.servlet-api/3.1.0/javax.servlet-api-3.1.0.jar:/home/user/.m2/repository/org/eclipse/jetty/jetty-server/9.3.25.v20180904/jetty-server-9.3.25.v20180904.jar:/home/user/.m2/repository/org/eclipse/jetty/jetty-http/9.3.25.v20180904/jetty-http-9.3.25.v20180904.jar:/home/user/.m2/repository/org/eclipse/jetty/jetty-io/9.3.25.v20180904/jetty-io-9.3.25.v20180904.jar:/home/user/.m2/repository/org/eclipse/jetty/jetty-webapp/9.3.25.v20180904/jetty-webapp-9.3.25.v20180904.jar:/home/user/.m2/repository/org/eclipse/jetty/jetty-xml/9.3.25.v20180904/jetty-xml-9.3.25.v20180904.jar:/home/user/.m2/repository/log4j/log4j/1.2.17/log4j-1.2.17.jar:/home/user/.m2/repository/org/slf4j/slf4j-api/1.7.25/slf4j-api-1.7.25.jar:/home/user/.m2/repository/org/slf4j/jul-to-slf4j/1.7.25/jul-to-slf4j-1.7.25.jar:/home/user/.m2/repository/org/eclipse/jetty/jetty-util/9.3.25.v20180904/jetty-util-9.3.25.v20180904.jar:/home/user/.m2/repository/com/fasterxml/jackson/core/jackson-databind/2.9.9/jackson-databind-2.9.9.jar:/home/user/.m2/repository/org/apache/hadoop/hadoop-kms/3.2.0/hadoop-kms-3.2.0-tests.jar:/home/user/.m2/repository/org/apache/hadoop/hadoop-hdds-server-scm/0.5.0-SNAPSHOT/hadoop-hdds-server-scm-0.5.0-SNAPSHOT-tests.jar:/home/user/.m2/repository/org/apache/hadoop/hadoop-hdds-container-service/0.5.0-SNAPSHOT/hadoop-hdds-container-service-0.5.0-SNAPSHOT-tests.jar:/home/user/.m2/repository/org/yaml/snakeyaml/1.16/snakeyaml-1.16.jar:/home/user/.m2/repository/org/apache/hadoop/hadoop-common/3.2.0/hadoop-common-3.2.0-tests.jar:/home/user/.m2/repository/org/apache/hadoop/hadoop-annotations/3.2.0/hadoop-annotations-3.2.0.jar:/usr/lib/jvm/java-1.8.0-openjdk-1.8.0.222.b10-1.el7_7.x86_64/jre/../lib/tools.jar:/home/user/.m2/repository/commons-cli/commons-cli/1.2/commons-cli-1.2.jar:/home/user/.m2/repository/org/apache/httpcomponents/httpclient/4.5.2/httpclient-4.5.2.jar:/home/user/.m2/repository/org/apache/httpcomponents/httpcore/4.4.4/httpcore-4.4.4.jar:/home/user/.m2/repository/commons-codec/commons-codec/1.11/commons-codec-1.11.jar:/home/user/.m2/repository/commons-net/commons-net/3.6/commons-net-3.6.jar:/home/user/.m2/repository/commons-collections/commons-collections/3.2.2/commons-collections-3.2.2.jar:/home/user/.m2/repository/org/eclipse/jetty/jetty-servlet/9.3.25.v20180904/jetty-servlet-9.3.25.v20180904.jar:/home/user/.m2/repository/org/eclipse/jetty/jetty-security/9.3.25.v20180904/jetty-security-9.3.25.v20180904.jar:/home/user/.m2/repository/javax/servlet/jsp/jsp-api/2.1/jsp-api-2.1.jar:/home/user/.m2/repository/com/sun/jersey/jersey-servlet/1.19/jersey-servlet-1.19.jar:/home/user/.m2/repository/com/sun/jersey/jersey-json/1.19/jersey-json-1.19.jar:/home/user/.m2/repository/org/codehaus/jettison/jettison/1.1/jettison-1.1.jar:/home/user/.m2/repository/org/codehaus/jackson/jackson-core-asl/1.9.13/jackson-core-asl-1.9.13.jar:/home/user/.m2/repository/org/codehaus/jackson/jackson-mapper-asl/1.9.13/jackson-mapper-asl-1.9.13.jar:/home/user/.m2/repository/org/codehaus/jackson/jackson-jaxrs/1.9.13/jackson-jaxrs-1.9.13.jar:/home/user/.m2/repository/org/codehaus/jackson/jackson-xc/1.9.13/jackson-xc-1.9.13.jar:/home/user/.m2/repository/commons-logging/commons-logging/1.1.3/commons-logging-1.1.3.jar:/home/user/.m2/repository/commons-beanutils/commons-beanutils/1.9.4/commons-beanutils-1.9.4.jar:/home/user/.m2/repository/org/apache/commons/commons-configuration2/2.1.1/commons-configuration2-2.1.1.jar:/home/user/.m2/repository/org/apache/commons/commons-lang3/3.7/commons-lang3-3.7.jar:/home/user/.m2/repository/org/apache/commons/commons-text/1.4/commons-text-1.4.jar:/home/user/.m2/repository/org/apache/avro/avro/1.7.7/avro-1.7.7.jar:/home/user/.m2/repository/com/thoughtworks/paranamer/paranamer/2.3/paranamer-2.3.jar:/home/user/.m2/repository/org/xerial/snappy/snappy-java/1.0.5/snappy-java-1.0.5.jar:/home/user/.m2/repository/com/google/re2j/re2j/1.1/re2j-1.1.jar:/home/user/.m2/repository/com/google/code/gson/gson/2.2.4/gson-2.2.4.jar:/home/user/.m2/repository/com/jcraft/jsch/0.1.54/jsch-0.1.54.jar:/home/user/.m2/repository/org/apache/curator/curator-client/2.12.0/curator-client-2.12.0.jar:/home/user/.m2/repository/org/apache/curator/curator-recipes/2.12.0/curator-recipes-2.12.0.jar:/home/user/.m2/repository/com/google/code/findbugs/jsr305/3.0.0/jsr305-3.0.0.jar:/home/user/.m2/repository/org/apache/htrace/htrace-core4/4.1.0-incubating/htrace-core4-4.1.0-incubating.jar:/home/user/.m2/repository/org/apache/zookeeper/zookeeper/3.4.13/zookeeper-3.4.13.jar:/home/user/.m2/repository/jline/jline/0.9.94/jline-0.9.94.jar:/home/user/.m2/repository/org/apache/yetus/audience-annotations/0.5.0/audience-annotations-0.5.0.jar:/home/user/.m2/repository/org/codehaus/woodstox/stax2-api/3.1.4/stax2-api-3.1.4.jar:/home/user/.m2/repository/com/fasterxml/woodstox/woodstox-core/5.0.3/woodstox-core-5.0.3.jar:/home/user/.m2/repository/dnsjava/dnsjava/2.1.7/dnsjava-2.1.7.jar:/home/user/.m2/repository/org/apache/hadoop/hadoop-hdfs/3.2.0/hadoop-hdfs-3.2.0-tests.jar:/home/user/.m2/repository/org/eclipse/jetty/jetty-util-ajax/9.3.25.v20180904/jetty-util-ajax-9.3.25.v20180904.jar:/home/user/.m2/repository/commons-daemon/commons-daemon/1.0.13/commons-daemon-1.0.13.jar:/home/user/.m2/repository/io/netty/netty/3.10.5.Final/netty-3.10.5.Final.jar:/home/user/.m2/repository/io/netty/netty-all/4.0.52.Final/netty-all-4.0.52.Final.jar:/home/user/.m2/repository/org/fusesource/leveldbjni/leveldbjni-all/1.8/leveldbjni-all-1.8.jar:"/>
    <property name="sun.cpu.endian" value="little"/>
    <property name="user.home" value="/home/user"/>
    <property name="user.language" value="en"/>
    <property name="java.specification.vendor" value="Oracle Corporation"/>
    <property name="java.home" value="/usr/lib/jvm/java-1.8.0-openjdk-1.8.0.222.b10-1.el7_7.x86_64/jre"/>
    <property name="surefire.excludesFile" value="/tools/ozone-bad-unit-tests"/>
    <property name="java.security.krb5.conf" value="/workdir/hadoop-ozone/integration-test/target/test-classes/krb5.conf"/>
    <property name="basedir" value="/workdir/hadoop-ozone/integration-test"/>
    <property name="file.separator" value="/"/>
    <property name="line.separator" value="&#10;"/>
    <property name="java.vm.specification.vendor" value="Oracle Corporation"/>
    <property name="java.specification.name" value="Java Platform API Specification"/>
    <property name="java.awt.graphicsenv" value="sun.awt.X11GraphicsEnvironment"/>
    <property name="surefire.real.class.path" value="/workdir/hadoop-ozone/integration-test/target/surefire/surefirebooter2851328347810454237.jar"/>
    <property name="hadoop.log.dir" value="/workdir/hadoop-ozone/integration-test/target/log"/>
    <property name="sun.boot.class.path" value="/usr/lib/jvm/java-1.8.0-openjdk-1.8.0.222.b10-1.el7_7.x86_64/jre/lib/resources.jar:/usr/lib/jvm/java-1.8.0-openjdk-1.8.0.222.b10-1.el7_7.x86_64/jre/lib/rt.jar:/usr/lib/jvm/java-1.8.0-openjdk-1.8.0.222.b10-1.el7_7.x86_64/jre/lib/sunrsasign.jar:/usr/lib/jvm/java-1.8.0-openjdk-1.8.0.222.b10-1.el7_7.x86_64/jre/lib/jsse.jar:/usr/lib/jvm/java-1.8.0-openjdk-1.8.0.222.b10-1.el7_7.x86_64/jre/lib/jce.jar:/usr/lib/jvm/java-1.8.0-openjdk-1.8.0.222.b10-1.el7_7.x86_64/jre/lib/charsets.jar:/usr/lib/jvm/java-1.8.0-openjdk-1.8.0.222.b10-1.el7_7.x86_64/jre/lib/jfr.jar:/usr/lib/jvm/java-1.8.0-openjdk-1.8.0.222.b10-1.el7_7.x86_64/jre/classes"/>
    <property name="sun.management.compiler" value="HotSpot 64-Bit Tiered Compilers"/>
    <property name="java.runtime.version" value="1.8.0_222-b10"/>
    <property name="java.net.preferIPv4Stack" value="true"/>
    <property name="user.name" value="jenkins1000"/>
    <property name="path.separator" value=":"/>
    <property name="java.security.egd" value="file:///dev/urandom"/>
    <property name="os.version" value="3.10.0-957.12.2.el7.x86_64"/>
    <property name="java.endorsed.dirs" value="/usr/lib/jvm/java-1.8.0-openjdk-1.8.0.222.b10-1.el7_7.x86_64/jre/lib/endorsed"/>
    <property name="java.runtime.name" value="OpenJDK Runtime Environment"/>
    <property name="file.encoding" value="ANSI_X3.4-1968"/>
    <property name="java.vm.name" value="OpenJDK 64-Bit Server VM"/>
    <property name="test.build.webapps" value=""/>
    <property name="localRepository" value="/home/user/.m2/repository"/>
    <property name="java.vendor.url.bug" value="http://bugreport.sun.com/bugreport/"/>
    <property name="java.io.tmpdir" value="/tmp"/>
    <property name="require.test.libhadoop" value=""/>
    <property name="java.version" value="1.8.0_222"/>
    <property name="user.dir" value="/workdir/hadoop-ozone/integration-test"/>
    <property name="os.arch" value="amd64"/>
    <property name="java.vm.specification.name" value="Java Virtual Machine Specification"/>
    <property name="test.build.classes" value="/workdir/hadoop-ozone/integration-test/target/test-classes"/>
    <property name="java.awt.printerjob" value="sun.print.PSPrinterJob"/>
    <property name="sun.os.patch.level" value="unknown"/>
    <property name="hadoop.tmp.dir" value="/workdir/hadoop-ozone/integration-test/target/tmp"/>
    <property name="java.library.path" value="/usr/lib:/workdir/hadoop-ozone/integration-test/target/native/target/usr/local/lib:/workdir/hadoop-ozone/integration-test/../../hadoop-common-project/hadoop-common/target/native/target/usr/local/lib:/usr/java/packages/lib/amd64:/usr/lib64:/lib64:/lib:/usr/lib"/>
    <property name="java.vm.info" value="mixed mode"/>
    <property name="java.vendor" value="Oracle Corporation"/>
    <property name="java.vm.version" value="25.222-b10"/>
    <property name="java.ext.dirs" value="/usr/lib/jvm/java-1.8.0-openjdk-1.8.0.222.b10-1.el7_7.x86_64/jre/lib/ext:/usr/java/packages/lib/ext"/>
    <property name="sun.io.unicode.encoding" value="UnicodeLittle"/>
    <property name="java.class.version" value="52.0"/>
  </properties>
  <testcase name="testWatchForCommitWithKeyWrite" classname="org.apache.hadoop.ozone.client.rpc.TestWatchForCommit" time="84.59"/>
  <testcase name="testWatchForCommitWithSmallerTimeoutValue" classname="org.apache.hadoop.ozone.client.rpc.TestWatchForCommit" time="44.405"/>
  <testcase name="testWatchForCommitForRetryfailure" classname="org.apache.hadoop.ozone.client.rpc.TestWatchForCommit" time="61.891">
    <failure type="java.lang.AssertionError">java.lang.AssertionError
	at org.junit.Assert.fail(Assert.java:86)
	at org.junit.Assert.assertTrue(Assert.java:41)
	at org.junit.Assert.assertTrue(Assert.java:52)
	at org.apache.hadoop.ozone.client.rpc.TestWatchForCommit.testWatchForCommitForRetryfailure(TestWatchForCommit.java:348)
	at sun.reflect.NativeMethodAccessorImpl.invoke0(Native Method)
	at sun.reflect.NativeMethodAccessorImpl.invoke(NativeMethodAccessorImpl.java:62)
	at sun.reflect.DelegatingMethodAccessorImpl.invoke(DelegatingMethodAccessorImpl.java:43)
	at java.lang.reflect.Method.invoke(Method.java:498)
	at org.junit.runners.model.FrameworkMethod$1.runReflectiveCall(FrameworkMethod.java:47)
	at org.junit.internal.runners.model.ReflectiveCallable.run(ReflectiveCallable.java:12)
	at org.junit.runners.model.FrameworkMethod.invokeExplosively(FrameworkMethod.java:44)
	at org.junit.internal.runners.statements.InvokeMethod.evaluate(InvokeMethod.java:17)
	at org.junit.runners.ParentRunner.runLeaf(ParentRunner.java:271)
	at org.junit.runners.BlockJUnit4ClassRunner.runChild(BlockJUnit4ClassRunner.java:70)
	at org.junit.runners.BlockJUnit4ClassRunner.runChild(BlockJUnit4ClassRunner.java:50)
	at org.junit.runners.ParentRunner$3.run(ParentRunner.java:238)
	at org.junit.runners.ParentRunner$1.schedule(ParentRunner.java:63)
	at org.junit.runners.ParentRunner.runChildren(ParentRunner.java:236)
	at org.junit.runners.ParentRunner.access$000(ParentRunner.java:53)
	at org.junit.runners.ParentRunner$2.evaluate(ParentRunner.java:229)
	at org.junit.runners.ParentRunner.run(ParentRunner.java:309)
	at org.apache.maven.surefire.junit4.JUnit4Provider.execute(JUnit4Provider.java:365)
	at org.apache.maven.surefire.junit4.JUnit4Provider.executeWithRerun(JUnit4Provider.java:273)
	at org.apache.maven.surefire.junit4.JUnit4Provider.executeTestSet(JUnit4Provider.java:238)
	at org.apache.maven.surefire.junit4.JUnit4Provider.invoke(JUnit4Provider.java:159)
	at org.apache.maven.surefire.booter.ForkedBooter.invokeProviderInSameClassLoader(ForkedBooter.java:384)
	at org.apache.maven.surefire.booter.ForkedBooter.runSuitesInProcess(ForkedBooter.java:345)
	at org.apache.maven.surefire.booter.ForkedBooter.execute(ForkedBooter.java:126)
	at org.apache.maven.surefire.booter.ForkedBooter.main(ForkedBooter.java:418)
</failure>
    <system-out><![CDATA[2019-10-15 23:17:53,823 [main] WARN  server.ServerUtils (ServerUtils.java:getScmDbDir(145)) - ozone.scm.db.dirs is not configured. We recommend adding this setting. Falling back to ozone.metadata.dirs instead.
2019-10-15 23:17:53,838 [main] WARN  server.ServerUtils (ServerUtils.java:getScmDbDir(145)) - ozone.scm.db.dirs is not configured. We recommend adding this setting. Falling back to ozone.metadata.dirs instead.
2019-10-15 23:17:53,839 [main] WARN  server.ServerUtils (ServerUtils.java:getScmDbDir(145)) - ozone.scm.db.dirs is not configured. We recommend adding this setting. Falling back to ozone.metadata.dirs instead.
2019-10-15 23:17:53,839 [main] INFO  db.DBStoreBuilder (DBStoreBuilder.java:addTable(117)) - using custom profile for table: deletedBlocks
2019-10-15 23:17:53,840 [main] INFO  db.DBStoreBuilder (DBStoreBuilder.java:processTables(168)) - Using default column profile:DBProfile.DISK for Table:deletedBlocks
2019-10-15 23:17:53,840 [main] INFO  db.DBStoreBuilder (DBStoreBuilder.java:addTable(117)) - using custom profile for table: validCerts
2019-10-15 23:17:53,840 [main] INFO  db.DBStoreBuilder (DBStoreBuilder.java:processTables(168)) - Using default column profile:DBProfile.DISK for Table:validCerts
2019-10-15 23:17:53,840 [main] INFO  db.DBStoreBuilder (DBStoreBuilder.java:addTable(117)) - using custom profile for table: revokedCerts
2019-10-15 23:17:53,840 [main] INFO  db.DBStoreBuilder (DBStoreBuilder.java:processTables(168)) - Using default column profile:DBProfile.DISK for Table:revokedCerts
2019-10-15 23:17:53,840 [main] INFO  db.DBStoreBuilder (DBStoreBuilder.java:addTable(117)) - using custom profile for table: default
2019-10-15 23:17:53,841 [main] INFO  db.DBStoreBuilder (DBStoreBuilder.java:processTables(174)) - Using default column profile:DBProfile.DISK for Table:default
2019-10-15 23:17:53,841 [main] INFO  db.DBStoreBuilder (DBStoreBuilder.java:getDbProfile(205)) - Using default options. DBProfile.DISK
2019-10-15 23:17:53,965 [main] INFO  net.NodeSchemaLoader (NodeSchemaLoader.java:loadSchemaFromFile(125)) - Loading file from sun.misc.CompoundEnumeration@78fe204a
2019-10-15 23:17:53,965 [main] INFO  net.NodeSchemaLoader (NodeSchemaLoader.java:loadSchema(171)) - Loading network topology layer schema file
2019-10-15 23:17:53,970 [main] WARN  server.ServerUtils (ServerUtils.java:sanitizeUserArgs(70)) - ozone.scm.stale.node.interval value = 300000 is larger than max = 100000 based on the key value of ozone.scm.heartbeat.thread.interval, reset to the max value 100000.
2019-10-15 23:17:53,970 [main] WARN  server.ServerUtils (ServerUtils.java:sanitizeUserArgs(70)) - ozone.scm.stale.node.interval value = 300000 is larger than max = 100000 based on the key value of ozone.scm.heartbeat.thread.interval, reset to the max value 100000.
2019-10-15 23:17:53,970 [main] INFO  node.SCMNodeManager (SCMNodeManager.java:<init>(116)) - Entering startup safe mode.
2019-10-15 23:17:53,971 [main] INFO  algorithms.ContainerPlacementPolicyFactory (ContainerPlacementPolicyFactory.java:getPolicy(57)) - Create container placement policy of type org.apache.hadoop.hdds.scm.container.placement.algorithms.SCMContainerPlacementRandom
2019-10-15 23:17:53,972 [main] WARN  server.ServerUtils (ServerUtils.java:getScmDbDir(145)) - ozone.scm.db.dirs is not configured. We recommend adding this setting. Falling back to ozone.metadata.dirs instead.
2019-10-15 23:17:54,010 [main] INFO  pipeline.SCMPipelineManager (SCMPipelineManager.java:initializePipelineState(132)) - No pipeline exists in current db
2019-10-15 23:17:54,010 [main] WARN  server.ServerUtils (ServerUtils.java:getScmDbDir(145)) - ozone.scm.db.dirs is not configured. We recommend adding this setting. Falling back to ozone.metadata.dirs instead.
2019-10-15 23:17:54,060 [main] WARN  events.EventQueue (EventQueue.java:fireEvent(183)) - No event handler registered for event TypedEvent{payloadType=SafeModeStatus, name='SafeModeStatus'}
2019-10-15 23:17:54,061 [main] INFO  ipc.CallQueueManager (CallQueueManager.java:<init>(84)) - Using callQueue: class java.util.concurrent.LinkedBlockingQueue, queueCapacity: 2000, scheduler: class org.apache.hadoop.ipc.DefaultRpcScheduler, ipcBackoff: false.
2019-10-15 23:17:54,062 [Socket Reader #1 for port 35229] INFO  ipc.Server (Server.java:run(1074)) - Starting Socket Reader #1 for port 35229
2019-10-15 23:17:54,065 [main] INFO  ipc.CallQueueManager (CallQueueManager.java:<init>(84)) - Using callQueue: class java.util.concurrent.LinkedBlockingQueue, queueCapacity: 2000, scheduler: class org.apache.hadoop.ipc.DefaultRpcScheduler, ipcBackoff: false.
2019-10-15 23:17:54,065 [Socket Reader #1 for port 34350] INFO  ipc.Server (Server.java:run(1074)) - Starting Socket Reader #1 for port 34350
2019-10-15 23:17:54,067 [main] INFO  ipc.CallQueueManager (CallQueueManager.java:<init>(84)) - Using callQueue: class java.util.concurrent.LinkedBlockingQueue, queueCapacity: 2000, scheduler: class org.apache.hadoop.ipc.DefaultRpcScheduler, ipcBackoff: false.
2019-10-15 23:17:54,068 [Socket Reader #1 for port 40835] INFO  ipc.Server (Server.java:run(1074)) - Starting Socket Reader #1 for port 40835
2019-10-15 23:17:54,070 [main] INFO  hdfs.DFSUtil (DFSUtil.java:httpServerTemplateForNNAndJN(1641)) - Starting Web-server for scm at: http://0.0.0.0:0
2019-10-15 23:17:54,072 [main] INFO  server.AuthenticationFilter (AuthenticationFilter.java:constructSecretProvider(240)) - Unable to initialize FileSignerSecretProvider, falling back to use random secrets.
2019-10-15 23:17:54,073 [main] WARN  http.HttpRequestLog (HttpRequestLog.java:getRequestLog(97)) - Jetty request log can only be enabled using Log4j
2019-10-15 23:17:54,075 [main] INFO  http.HttpServer2 (HttpServer2.java:addGlobalFilter(975)) - Added global filter 'safety' (class=org.apache.hadoop.http.HttpServer2$QuotingInputFilter)
2019-10-15 23:17:54,076 [main] INFO  http.HttpServer2 (HttpServer2.java:addFilter(948)) - Added filter static_user_filter (class=org.apache.hadoop.http.lib.StaticUserWebFilter$StaticUserFilter) to context scm
2019-10-15 23:17:54,076 [main] INFO  http.HttpServer2 (HttpServer2.java:addFilter(958)) - Added filter static_user_filter (class=org.apache.hadoop.http.lib.StaticUserWebFilter$StaticUserFilter) to context logs
2019-10-15 23:17:54,076 [main] INFO  http.HttpServer2 (HttpServer2.java:addFilter(958)) - Added filter static_user_filter (class=org.apache.hadoop.http.lib.StaticUserWebFilter$StaticUserFilter) to context static
2019-10-15 23:17:54,079 [main] INFO  server.StorageContainerManager (StorageContainerManager.java:start(772)) - StorageContainerLocationProtocol RPC server is listening at /0.0.0.0:40835
2019-10-15 23:17:54,081 [main] WARN  impl.MetricsConfig (MetricsConfig.java:loadFirst(134)) - Cannot locate configuration: tried hadoop-metrics2-storagecontainermanager.properties,hadoop-metrics2.properties
2019-10-15 23:17:54,083 [main] INFO  impl.MetricsSystemImpl (MetricsSystemImpl.java:startTimer(374)) - Scheduled Metric snapshot period at 10 second(s).
2019-10-15 23:17:54,083 [main] INFO  impl.MetricsSystemImpl (MetricsSystemImpl.java:start(191)) - StorageContainerManager metrics system started
2019-10-15 23:17:54,099 [main] INFO  lib.Interns (Interns.java:removeEldestEntry(50)) - Metrics intern cache overflow at 2011 for MetricsSystem={MetricsSystem=MetricsInfoImpl{name=MetricsSystem, description=MetricsSystem}, MetricsSystem record=MetricsInfoImpl{name=MetricsSystem, description=MetricsSystem record}}
2019-10-15 23:17:54,132 [main] WARN  impl.MetricsSystemImpl (MetricsSystemImpl.java:register(276)) - Sink prometheus already exists!
2019-10-15 23:17:54,190 [main] INFO  server.SCMClientProtocolServer (SCMClientProtocolServer.java:start(159)) - RPC server for Client  is listening at /0.0.0.0:40835
2019-10-15 23:17:54,191 [IPC Server Responder] INFO  ipc.Server (Server.java:run(1314)) - IPC Server Responder: starting
2019-10-15 23:17:54,191 [IPC Server listener on 40835] INFO  ipc.Server (Server.java:run(1153)) - IPC Server listener on 40835: starting
2019-10-15 23:17:54,196 [main] INFO  server.StorageContainerManager (StorageContainerManager.java:start(782)) - ScmBlockLocationProtocol RPC server is listening at /0.0.0.0:34350
2019-10-15 23:17:54,196 [main] INFO  server.SCMBlockProtocolServer (SCMBlockProtocolServer.java:start(146)) - RPC server for Block Protocol is listening at /0.0.0.0:34350
2019-10-15 23:17:54,196 [IPC Server Responder] INFO  ipc.Server (Server.java:run(1314)) - IPC Server Responder: starting
2019-10-15 23:17:54,197 [IPC Server listener on 34350] INFO  ipc.Server (Server.java:run(1153)) - IPC Server listener on 34350: starting
2019-10-15 23:17:54,201 [main] INFO  server.StorageContainerManager (StorageContainerManager.java:start(786)) - ScmDatanodeProtocl RPC server is listening at /0.0.0.0:35229
2019-10-15 23:17:54,201 [main] INFO  server.SCMDatanodeProtocolServer (SCMDatanodeProtocolServer.java:start(169)) - RPC server for DataNodes is listening at /0.0.0.0:35229
2019-10-15 23:17:54,202 [IPC Server Responder] INFO  ipc.Server (Server.java:run(1314)) - IPC Server Responder: starting
2019-10-15 23:17:54,202 [IPC Server listener on 35229] INFO  ipc.Server (Server.java:run(1153)) - IPC Server listener on 35229: starting
2019-10-15 23:17:54,206 [main] INFO  http.HttpServer2 (HttpServer2.java:bindListener(1191)) - Jetty bound to port 40877
2019-10-15 23:17:54,206 [main] INFO  server.Server (Server.java:doStart(351)) - jetty-9.3.25.v20180904, build timestamp: 2018-09-04T21:11:46Z, git hash: 3ce520221d0240229c862b122d2b06c12a625732
2019-10-15 23:17:54,208 [main] INFO  handler.ContextHandler (ContextHandler.java:doStart(781)) - Started o.e.j.s.ServletContextHandler@4570d7b6{/logs,file:///workdir/hadoop-ozone/integration-test/target/log,AVAILABLE}
2019-10-15 23:17:54,209 [main] INFO  handler.ContextHandler (ContextHandler.java:doStart(781)) - Started o.e.j.s.ServletContextHandler@3850e90c{/static,file:///workdir/hadoop-ozone/integration-test/target/test-classes/webapps/static,AVAILABLE}
2019-10-15 23:17:54,213 [main] INFO  handler.ContextHandler (ContextHandler.java:doStart(781)) - Started o.e.j.w.WebAppContext@1c52552f{/,file:///workdir/hadoop-ozone/integration-test/target/test-classes/webapps/scm/,AVAILABLE}{/scm}
2019-10-15 23:17:54,214 [main] INFO  server.AbstractConnector (AbstractConnector.java:doStart(278)) - Started ServerConnector@5dc769f9{HTTP/1.1,[http/1.1]}{0.0.0.0:40877}
2019-10-15 23:17:54,215 [main] INFO  server.Server (Server.java:doStart(419)) - Started @129794ms
2019-10-15 23:17:54,215 [main] WARN  impl.MetricsSystemImpl (MetricsSystemImpl.java:register(276)) - Sink prometheus already exists!
2019-10-15 23:17:54,216 [main] INFO  server.BaseHttpServer (BaseHttpServer.java:updateConnectorAddress(215)) - HTTP server of SCM is listening at http://0.0.0.0:40877
2019-10-15 23:17:54,216 [main] WARN  server.ServerUtils (ServerUtils.java:getDBPath(222)) - ozone.om.db.dirs is not configured. We recommend adding this setting. Falling back to ozone.metadata.dirs instead.
2019-10-15 23:17:54,217 [org.apache.hadoop.util.JvmPauseMonitor$Monitor@9b5f3c7] INFO  util.JvmPauseMonitor (JvmPauseMonitor.java:run(188)) - Starting JVM pause monitor
2019-10-15 23:17:54,242 [main] INFO  ha.OMHANodeDetails (OMHANodeDetails.java:loadOMHAConfig(190)) - Configuration either no ozone.om.address set. Falling back to the default OM address /127.0.0.1:0
2019-10-15 23:17:54,243 [main] INFO  ha.OMHANodeDetails (OMHANodeDetails.java:getOMNodeDetails(220)) - OM Service ID is not set. Setting it to the default ID: omServiceIdDefault
2019-10-15 23:17:54,243 [main] WARN  server.ServerUtils (ServerUtils.java:getDBPath(222)) - ozone.om.db.dirs is not configured. We recommend adding this setting. Falling back to ozone.metadata.dirs instead.
2019-10-15 23:17:54,244 [main] WARN  server.ServerUtils (ServerUtils.java:getDBPath(222)) - ozone.om.db.dirs is not configured. We recommend adding this setting. Falling back to ozone.metadata.dirs instead.
2019-10-15 23:17:54,255 [main] WARN  server.ServerUtils (ServerUtils.java:getDBPath(222)) - ozone.om.db.dirs is not configured. We recommend adding this setting. Falling back to ozone.metadata.dirs instead.
2019-10-15 23:17:54,256 [main] INFO  db.DBStoreBuilder (DBStoreBuilder.java:addTable(117)) - using custom profile for table: userTable
2019-10-15 23:17:54,256 [main] INFO  db.DBStoreBuilder (DBStoreBuilder.java:processTables(168)) - Using default column profile:DBProfile.DISK for Table:userTable
2019-10-15 23:17:54,256 [main] INFO  db.DBStoreBuilder (DBStoreBuilder.java:addTable(117)) - using custom profile for table: volumeTable
2019-10-15 23:17:54,256 [main] INFO  db.DBStoreBuilder (DBStoreBuilder.java:processTables(168)) - Using default column profile:DBProfile.DISK for Table:volumeTable
2019-10-15 23:17:54,257 [main] INFO  db.DBStoreBuilder (DBStoreBuilder.java:addTable(117)) - using custom profile for table: bucketTable
2019-10-15 23:17:54,257 [main] INFO  db.DBStoreBuilder (DBStoreBuilder.java:processTables(168)) - Using default column profile:DBProfile.DISK for Table:bucketTable
2019-10-15 23:17:54,257 [main] INFO  db.DBStoreBuilder (DBStoreBuilder.java:addTable(117)) - using custom profile for table: keyTable
2019-10-15 23:17:54,257 [main] INFO  db.DBStoreBuilder (DBStoreBuilder.java:processTables(168)) - Using default column profile:DBProfile.DISK for Table:keyTable
2019-10-15 23:17:54,258 [main] INFO  db.DBStoreBuilder (DBStoreBuilder.java:addTable(117)) - using custom profile for table: deletedTable
2019-10-15 23:17:54,258 [main] INFO  db.DBStoreBuilder (DBStoreBuilder.java:processTables(168)) - Using default column profile:DBProfile.DISK for Table:deletedTable
2019-10-15 23:17:54,258 [main] INFO  db.DBStoreBuilder (DBStoreBuilder.java:addTable(117)) - using custom profile for table: openKeyTable
2019-10-15 23:17:54,258 [main] INFO  db.DBStoreBuilder (DBStoreBuilder.java:processTables(168)) - Using default column profile:DBProfile.DISK for Table:openKeyTable
2019-10-15 23:17:54,259 [main] INFO  db.DBStoreBuilder (DBStoreBuilder.java:addTable(117)) - using custom profile for table: s3Table
2019-10-15 23:17:54,259 [main] INFO  db.DBStoreBuilder (DBStoreBuilder.java:processTables(168)) - Using default column profile:DBProfile.DISK for Table:s3Table
2019-10-15 23:17:54,259 [main] INFO  db.DBStoreBuilder (DBStoreBuilder.java:addTable(117)) - using custom profile for table: multipartInfoTable
2019-10-15 23:17:54,259 [main] INFO  db.DBStoreBuilder (DBStoreBuilder.java:processTables(168)) - Using default column profile:DBProfile.DISK for Table:multipartInfoTable
2019-10-15 23:17:54,260 [main] INFO  db.DBStoreBuilder (DBStoreBuilder.java:addTable(117)) - using custom profile for table: dTokenTable
2019-10-15 23:17:54,260 [main] INFO  db.DBStoreBuilder (DBStoreBuilder.java:processTables(168)) - Using default column profile:DBProfile.DISK for Table:dTokenTable
2019-10-15 23:17:54,260 [main] INFO  db.DBStoreBuilder (DBStoreBuilder.java:addTable(117)) - using custom profile for table: s3SecretTable
2019-10-15 23:17:54,260 [main] INFO  db.DBStoreBuilder (DBStoreBuilder.java:processTables(168)) - Using default column profile:DBProfile.DISK for Table:s3SecretTable
2019-10-15 23:17:54,261 [main] INFO  db.DBStoreBuilder (DBStoreBuilder.java:addTable(117)) - using custom profile for table: prefixTable
2019-10-15 23:17:54,261 [main] INFO  db.DBStoreBuilder (DBStoreBuilder.java:processTables(168)) - Using default column profile:DBProfile.DISK for Table:prefixTable
2019-10-15 23:17:54,261 [main] INFO  db.DBStoreBuilder (DBStoreBuilder.java:addTable(117)) - using custom profile for table: default
2019-10-15 23:17:54,261 [main] INFO  db.DBStoreBuilder (DBStoreBuilder.java:processTables(174)) - Using default column profile:DBProfile.DISK for Table:default
2019-10-15 23:17:54,262 [main] INFO  db.DBStoreBuilder (DBStoreBuilder.java:getDbProfile(205)) - Using default options. DBProfile.DISK
2019-10-15 23:17:54,679 [main] INFO  ipc.CallQueueManager (CallQueueManager.java:<init>(84)) - Using callQueue: class java.util.concurrent.LinkedBlockingQueue, queueCapacity: 2000, scheduler: class org.apache.hadoop.ipc.DefaultRpcScheduler, ipcBackoff: false.
2019-10-15 23:17:54,681 [Socket Reader #1 for port 37097] INFO  ipc.Server (Server.java:run(1074)) - Starting Socket Reader #1 for port 37097
2019-10-15 23:17:54,699 [main] INFO  om.OzoneManager (OzoneManager.java:start(1071)) - OzoneManager RPC server is listening at localhost/127.0.0.1:37097
2019-10-15 23:17:54,699 [main] INFO  impl.MetricsSystemImpl (MetricsSystemImpl.java:init(158)) - OzoneManager metrics system started (again)
2019-10-15 23:17:54,700 [IPC Server Responder] INFO  ipc.Server (Server.java:run(1314)) - IPC Server Responder: starting
2019-10-15 23:17:54,700 [IPC Server listener on 37097] INFO  ipc.Server (Server.java:run(1153)) - IPC Server listener on 37097: starting
2019-10-15 23:17:54,706 [main] INFO  hdfs.DFSUtil (DFSUtil.java:httpServerTemplateForNNAndJN(1641)) - Starting Web-server for ozoneManager at: http://0.0.0.0:0
2019-10-15 23:17:54,707 [main] INFO  server.AuthenticationFilter (AuthenticationFilter.java:constructSecretProvider(240)) - Unable to initialize FileSignerSecretProvider, falling back to use random secrets.
2019-10-15 23:17:54,708 [main] WARN  http.HttpRequestLog (HttpRequestLog.java:getRequestLog(97)) - Jetty request log can only be enabled using Log4j
2019-10-15 23:17:54,709 [main] INFO  http.HttpServer2 (HttpServer2.java:addGlobalFilter(975)) - Added global filter 'safety' (class=org.apache.hadoop.http.HttpServer2$QuotingInputFilter)
2019-10-15 23:17:54,710 [main] INFO  http.HttpServer2 (HttpServer2.java:addFilter(948)) - Added filter static_user_filter (class=org.apache.hadoop.http.lib.StaticUserWebFilter$StaticUserFilter) to context ozoneManager
2019-10-15 23:17:54,710 [main] INFO  http.HttpServer2 (HttpServer2.java:addFilter(958)) - Added filter static_user_filter (class=org.apache.hadoop.http.lib.StaticUserWebFilter$StaticUserFilter) to context logs
2019-10-15 23:17:54,710 [main] INFO  http.HttpServer2 (HttpServer2.java:addFilter(958)) - Added filter static_user_filter (class=org.apache.hadoop.http.lib.StaticUserWebFilter$StaticUserFilter) to context static
2019-10-15 23:17:54,711 [main] INFO  http.HttpServer2 (HttpServer2.java:bindListener(1191)) - Jetty bound to port 39252
2019-10-15 23:17:54,711 [main] INFO  server.Server (Server.java:doStart(351)) - jetty-9.3.25.v20180904, build timestamp: 2018-09-04T21:11:46Z, git hash: 3ce520221d0240229c862b122d2b06c12a625732
2019-10-15 23:17:54,712 [main] INFO  handler.ContextHandler (ContextHandler.java:doStart(781)) - Started o.e.j.s.ServletContextHandler@460b50df{/logs,file:///workdir/hadoop-ozone/integration-test/target/log,AVAILABLE}
2019-10-15 23:17:54,713 [main] INFO  handler.ContextHandler (ContextHandler.java:doStart(781)) - Started o.e.j.s.ServletContextHandler@1d0cac30{/static,file:///workdir/hadoop-ozone/integration-test/target/test-classes/webapps/static,AVAILABLE}
2019-10-15 23:17:54,717 [main] INFO  handler.ContextHandler (ContextHandler.java:doStart(781)) - Started o.e.j.w.WebAppContext@9dada78{/,file:///workdir/hadoop-ozone/integration-test/target/test-classes/webapps/ozoneManager/,AVAILABLE}{/ozoneManager}
2019-10-15 23:17:54,718 [main] INFO  server.AbstractConnector (AbstractConnector.java:doStart(278)) - Started ServerConnector@4207852d{HTTP/1.1,[http/1.1]}{0.0.0.0:39252}
2019-10-15 23:17:54,719 [main] INFO  server.Server (Server.java:doStart(419)) - Started @130298ms
2019-10-15 23:17:54,719 [main] WARN  impl.MetricsSystemImpl (MetricsSystemImpl.java:register(276)) - Sink prometheus already exists!
2019-10-15 23:17:54,720 [main] INFO  server.BaseHttpServer (BaseHttpServer.java:updateConnectorAddress(215)) - HTTP server of OZONEMANAGER is listening at http://0.0.0.0:39252
2019-10-15 23:17:54,733 [main] INFO  impl.MetricsSystemImpl (MetricsSystemImpl.java:init(158)) - HddsDatanode metrics system started (again)
2019-10-15 23:17:54,735 [main] INFO  ozone.HddsDatanodeService (HddsDatanodeService.java:start(184)) - HddsDatanodeService host:pr-hdds-2221-lrjgr-1037302595 ip:192.168.157.213
2019-10-15 23:17:54,741 [main] INFO  volume.HddsVolume (HddsVolume.java:<init>(176)) - Creating Volume: /workdir/hadoop-ozone/integration-test/target/test-dir/MiniOzoneClusterImpl-f91735dc-409e-45ff-ac27-ffb842bc1089/datanode-0/data/containers/hdds of  storage type : DISK and capacity : 1482555576320
2019-10-15 23:17:54,741 [main] INFO  volume.VolumeSet (VolumeSet.java:initializeVolumeSet(170)) - Added Volume : /workdir/hadoop-ozone/integration-test/target/test-dir/MiniOzoneClusterImpl-f91735dc-409e-45ff-ac27-ffb842bc1089/datanode-0/data/containers/hdds to VolumeSet
2019-10-15 23:17:54,741 [main] INFO  volume.ThrottledAsyncChecker (ThrottledAsyncChecker.java:schedule(141)) - Scheduling a check for org.apache.hadoop.ozone.container.common.volume.HddsVolume@484149eb
2019-10-15 23:17:54,742 [main] INFO  volume.HddsVolumeChecker (HddsVolumeChecker.java:checkAllVolumes(204)) - Scheduled health check for volume org.apache.hadoop.ozone.container.common.volume.HddsVolume@484149eb
2019-10-15 23:17:54,753 [main] INFO  impl.RaftServerProxy (ConfUtils.java:logGet(43)) - raft.rpc.type = GRPC (default)
2019-10-15 23:17:54,754 [main] INFO  grpc.GrpcFactory (GrpcFactory.java:checkPooledByteBufAllocatorUseCacheForAllThreads(45)) - PERFORMANCE WARNING: useCacheForAllThreads is true that may cause Netty to create a lot garbage objects and, as a result, trigger GC.
	It is recommended to disable useCacheForAllThreads by setting -Dorg.apache.ratis.thirdparty.io.netty.allocator.useCacheForAllThreads=false in command line.
2019-10-15 23:17:54,754 [main] INFO  grpc.GrpcConfigKeys$Server (ConfUtils.java:logGet(43)) - raft.grpc.server.port = 0 (default)
2019-10-15 23:17:54,754 [main] INFO  server.GrpcService (ConfUtils.java:logGet(43)) - raft.grpc.message.size.max = 33570816 (custom)
2019-10-15 23:17:54,754 [main] INFO  server.RaftServerConfigKeys (ConfUtils.java:logGet(43)) - raft.server.log.appender.buffer.byte-limit = 33554432 (custom)
2019-10-15 23:17:54,754 [main] INFO  server.GrpcService (ConfUtils.java:logGet(43)) - raft.grpc.flow.control.window = 1MB (=1048576) (default)
2019-10-15 23:17:54,754 [main] INFO  server.RaftServerConfigKeys (ConfUtils.java:logGet(43)) - raft.server.rpc.request.timeout = 3000ms (default)
2019-10-15 23:17:54,755 [main] INFO  server.RaftServerConfigKeys (ConfUtils.java:logGet(43)) - raft.server.storage.dir = [/workdir/hadoop-ozone/integration-test/target/test-dir/MiniOzoneClusterImpl-f91735dc-409e-45ff-ac27-ffb842bc1089/datanode-0/data/ratis] (custom)
2019-10-15 23:17:54,756 [main] INFO  hdfs.DFSUtil (DFSUtil.java:httpServerTemplateForNNAndJN(1641)) - Starting Web-server for hddsDatanode at: http://0.0.0.0:0
2019-10-15 23:17:54,758 [main] INFO  server.AuthenticationFilter (AuthenticationFilter.java:constructSecretProvider(240)) - Unable to initialize FileSignerSecretProvider, falling back to use random secrets.
2019-10-15 23:17:54,758 [main] WARN  http.HttpRequestLog (HttpRequestLog.java:getRequestLog(97)) - Jetty request log can only be enabled using Log4j
2019-10-15 23:17:54,759 [main] INFO  http.HttpServer2 (HttpServer2.java:addGlobalFilter(975)) - Added global filter 'safety' (class=org.apache.hadoop.http.HttpServer2$QuotingInputFilter)
2019-10-15 23:17:54,759 [main] INFO  http.HttpServer2 (HttpServer2.java:addFilter(948)) - Added filter static_user_filter (class=org.apache.hadoop.http.lib.StaticUserWebFilter$StaticUserFilter) to context hddsDatanode
2019-10-15 23:17:54,760 [main] INFO  http.HttpServer2 (HttpServer2.java:addFilter(958)) - Added filter static_user_filter (class=org.apache.hadoop.http.lib.StaticUserWebFilter$StaticUserFilter) to context static
2019-10-15 23:17:54,760 [main] INFO  http.HttpServer2 (HttpServer2.java:addFilter(958)) - Added filter static_user_filter (class=org.apache.hadoop.http.lib.StaticUserWebFilter$StaticUserFilter) to context logs
2019-10-15 23:17:54,760 [main] INFO  http.HttpServer2 (HttpServer2.java:bindListener(1191)) - Jetty bound to port 45494
2019-10-15 23:17:54,760 [main] INFO  server.Server (Server.java:doStart(351)) - jetty-9.3.25.v20180904, build timestamp: 2018-09-04T21:11:46Z, git hash: 3ce520221d0240229c862b122d2b06c12a625732
2019-10-15 23:17:54,762 [main] INFO  handler.ContextHandler (ContextHandler.java:doStart(781)) - Started o.e.j.s.ServletContextHandler@79eeff87{/logs,file:///workdir/hadoop-ozone/integration-test/target/log,AVAILABLE}
2019-10-15 23:17:54,763 [main] INFO  handler.ContextHandler (ContextHandler.java:doStart(781)) - Started o.e.j.s.ServletContextHandler@8bd076a{/static,jar:file:/home/user/.m2/repository/org/apache/hadoop/hadoop-hdds-container-service/0.5.0-SNAPSHOT/hadoop-hdds-container-service-0.5.0-SNAPSHOT.jar!/webapps/static,AVAILABLE}
2019-10-15 23:17:54,788 [main] INFO  handler.ContextHandler (ContextHandler.java:doStart(781)) - Started o.e.j.w.WebAppContext@7f353a0f{/,file:///tmp/jetty-0.0.0.0-45494-hddsDatanode-_-any-3142819412987594080.dir/webapp/,AVAILABLE}{/hddsDatanode}
2019-10-15 23:17:54,788 [main] INFO  server.AbstractConnector (AbstractConnector.java:doStart(278)) - Started ServerConnector@7ea2412c{HTTP/1.1,[http/1.1]}{0.0.0.0:45494}
2019-10-15 23:17:54,790 [main] INFO  server.Server (Server.java:doStart(419)) - Started @130369ms
2019-10-15 23:17:54,790 [main] WARN  impl.MetricsSystemImpl (MetricsSystemImpl.java:register(276)) - Sink prometheus already exists!
2019-10-15 23:17:54,791 [main] INFO  server.BaseHttpServer (BaseHttpServer.java:updateConnectorAddress(215)) - HTTP server of HDDSDATANODE is listening at http://0.0.0.0:45494
2019-10-15 23:17:54,791 [main] INFO  impl.MetricsSystemImpl (MetricsSystemImpl.java:init(158)) - HddsDatanode metrics system started (again)
2019-10-15 23:17:54,793 [main] INFO  ozone.HddsDatanodeService (HddsDatanodeService.java:start(184)) - HddsDatanodeService host:pr-hdds-2221-lrjgr-1037302595 ip:192.168.157.213
2019-10-15 23:17:54,793 [org.apache.hadoop.util.JvmPauseMonitor$Monitor@159cf781] INFO  util.JvmPauseMonitor (JvmPauseMonitor.java:run(188)) - Starting JVM pause monitor
2019-10-15 23:17:54,796 [Datanode State Machine Thread - 0] INFO  datanode.InitDatanodeState (InitDatanodeState.java:persistContainerDatanodeDetails(140)) - DatanodeDetails is persisted to /workdir/hadoop-ozone/integration-test/target/test-dir/MiniOzoneClusterImpl-f91735dc-409e-45ff-ac27-ffb842bc1089/datanode-0/meta/datanode.id
2019-10-15 23:17:54,800 [main] INFO  volume.HddsVolume (HddsVolume.java:<init>(176)) - Creating Volume: /workdir/hadoop-ozone/integration-test/target/test-dir/MiniOzoneClusterImpl-f91735dc-409e-45ff-ac27-ffb842bc1089/datanode-1/data/containers/hdds of  storage type : DISK and capacity : 1482555576320
2019-10-15 23:17:54,800 [main] INFO  volume.VolumeSet (VolumeSet.java:initializeVolumeSet(170)) - Added Volume : /workdir/hadoop-ozone/integration-test/target/test-dir/MiniOzoneClusterImpl-f91735dc-409e-45ff-ac27-ffb842bc1089/datanode-1/data/containers/hdds to VolumeSet
2019-10-15 23:17:54,800 [main] INFO  volume.ThrottledAsyncChecker (ThrottledAsyncChecker.java:schedule(141)) - Scheduling a check for org.apache.hadoop.ozone.container.common.volume.HddsVolume@7a687d8d
2019-10-15 23:17:54,801 [main] INFO  volume.HddsVolumeChecker (HddsVolumeChecker.java:checkAllVolumes(204)) - Scheduled health check for volume org.apache.hadoop.ozone.container.common.volume.HddsVolume@7a687d8d
2019-10-15 23:17:54,813 [main] INFO  impl.RaftServerProxy (ConfUtils.java:logGet(43)) - raft.rpc.type = GRPC (default)
2019-10-15 23:17:54,813 [main] INFO  grpc.GrpcFactory (GrpcFactory.java:checkPooledByteBufAllocatorUseCacheForAllThreads(45)) - PERFORMANCE WARNING: useCacheForAllThreads is true that may cause Netty to create a lot garbage objects and, as a result, trigger GC.
	It is recommended to disable useCacheForAllThreads by setting -Dorg.apache.ratis.thirdparty.io.netty.allocator.useCacheForAllThreads=false in command line.
2019-10-15 23:17:54,814 [main] INFO  grpc.GrpcConfigKeys$Server (ConfUtils.java:logGet(43)) - raft.grpc.server.port = 0 (default)
2019-10-15 23:17:54,814 [main] INFO  server.GrpcService (ConfUtils.java:logGet(43)) - raft.grpc.message.size.max = 33570816 (custom)
2019-10-15 23:17:54,814 [main] INFO  server.RaftServerConfigKeys (ConfUtils.java:logGet(43)) - raft.server.log.appender.buffer.byte-limit = 33554432 (custom)
2019-10-15 23:17:54,814 [main] INFO  server.GrpcService (ConfUtils.java:logGet(43)) - raft.grpc.flow.control.window = 1MB (=1048576) (default)
2019-10-15 23:17:54,814 [main] INFO  server.RaftServerConfigKeys (ConfUtils.java:logGet(43)) - raft.server.rpc.request.timeout = 3000ms (default)
2019-10-15 23:17:54,814 [main] INFO  server.RaftServerConfigKeys (ConfUtils.java:logGet(43)) - raft.server.storage.dir = [/workdir/hadoop-ozone/integration-test/target/test-dir/MiniOzoneClusterImpl-f91735dc-409e-45ff-ac27-ffb842bc1089/datanode-1/data/ratis] (custom)
2019-10-15 23:17:54,817 [main] INFO  hdfs.DFSUtil (DFSUtil.java:httpServerTemplateForNNAndJN(1641)) - Starting Web-server for hddsDatanode at: http://0.0.0.0:0
2019-10-15 23:17:54,821 [main] INFO  server.AuthenticationFilter (AuthenticationFilter.java:constructSecretProvider(240)) - Unable to initialize FileSignerSecretProvider, falling back to use random secrets.
2019-10-15 23:17:54,821 [main] WARN  http.HttpRequestLog (HttpRequestLog.java:getRequestLog(97)) - Jetty request log can only be enabled using Log4j
2019-10-15 23:17:54,823 [main] INFO  http.HttpServer2 (HttpServer2.java:addGlobalFilter(975)) - Added global filter 'safety' (class=org.apache.hadoop.http.HttpServer2$QuotingInputFilter)
2019-10-15 23:17:54,823 [main] INFO  http.HttpServer2 (HttpServer2.java:addFilter(948)) - Added filter static_user_filter (class=org.apache.hadoop.http.lib.StaticUserWebFilter$StaticUserFilter) to context hddsDatanode
2019-10-15 23:17:54,823 [main] INFO  http.HttpServer2 (HttpServer2.java:addFilter(958)) - Added filter static_user_filter (class=org.apache.hadoop.http.lib.StaticUserWebFilter$StaticUserFilter) to context static
2019-10-15 23:17:54,823 [main] INFO  http.HttpServer2 (HttpServer2.java:addFilter(958)) - Added filter static_user_filter (class=org.apache.hadoop.http.lib.StaticUserWebFilter$StaticUserFilter) to context logs
2019-10-15 23:17:54,824 [main] INFO  http.HttpServer2 (HttpServer2.java:bindListener(1191)) - Jetty bound to port 32956
2019-10-15 23:17:54,824 [main] INFO  server.Server (Server.java:doStart(351)) - jetty-9.3.25.v20180904, build timestamp: 2018-09-04T21:11:46Z, git hash: 3ce520221d0240229c862b122d2b06c12a625732
2019-10-15 23:17:54,826 [main] INFO  handler.ContextHandler (ContextHandler.java:doStart(781)) - Started o.e.j.s.ServletContextHandler@6ea246af{/logs,file:///workdir/hadoop-ozone/integration-test/target/log,AVAILABLE}
2019-10-15 23:17:54,826 [main] INFO  handler.ContextHandler (ContextHandler.java:doStart(781)) - Started o.e.j.s.ServletContextHandler@1b90fee4{/static,jar:file:/home/user/.m2/repository/org/apache/hadoop/hadoop-hdds-container-service/0.5.0-SNAPSHOT/hadoop-hdds-container-service-0.5.0-SNAPSHOT.jar!/webapps/static,AVAILABLE}
2019-10-15 23:17:54,851 [main] INFO  handler.ContextHandler (ContextHandler.java:doStart(781)) - Started o.e.j.w.WebAppContext@6397248c{/,file:///tmp/jetty-0.0.0.0-32956-hddsDatanode-_-any-7679613302259307217.dir/webapp/,AVAILABLE}{/hddsDatanode}
2019-10-15 23:17:54,851 [main] INFO  server.AbstractConnector (AbstractConnector.java:doStart(278)) - Started ServerConnector@25f61c2c{HTTP/1.1,[http/1.1]}{0.0.0.0:32956}
2019-10-15 23:17:54,855 [main] INFO  server.Server (Server.java:doStart(419)) - Started @130434ms
2019-10-15 23:17:54,855 [main] WARN  impl.MetricsSystemImpl (MetricsSystemImpl.java:register(276)) - Sink prometheus already exists!
2019-10-15 23:17:54,856 [main] INFO  server.BaseHttpServer (BaseHttpServer.java:updateConnectorAddress(215)) - HTTP server of HDDSDATANODE is listening at http://0.0.0.0:32956
2019-10-15 23:17:54,856 [main] INFO  impl.MetricsSystemImpl (MetricsSystemImpl.java:init(158)) - HddsDatanode metrics system started (again)
2019-10-15 23:17:54,858 [main] INFO  ozone.HddsDatanodeService (HddsDatanodeService.java:start(184)) - HddsDatanodeService host:pr-hdds-2221-lrjgr-1037302595 ip:192.168.157.213
2019-10-15 23:17:54,859 [org.apache.hadoop.util.JvmPauseMonitor$Monitor@4de1399d] INFO  util.JvmPauseMonitor (JvmPauseMonitor.java:run(188)) - Starting JVM pause monitor
2019-10-15 23:17:54,863 [Datanode State Machine Thread - 0] INFO  datanode.InitDatanodeState (InitDatanodeState.java:persistContainerDatanodeDetails(140)) - DatanodeDetails is persisted to /workdir/hadoop-ozone/integration-test/target/test-dir/MiniOzoneClusterImpl-f91735dc-409e-45ff-ac27-ffb842bc1089/datanode-1/meta/datanode.id
2019-10-15 23:17:54,865 [main] INFO  volume.HddsVolume (HddsVolume.java:<init>(176)) - Creating Volume: /workdir/hadoop-ozone/integration-test/target/test-dir/MiniOzoneClusterImpl-f91735dc-409e-45ff-ac27-ffb842bc1089/datanode-2/data/containers/hdds of  storage type : DISK and capacity : 1482555576320
2019-10-15 23:17:54,865 [main] INFO  volume.VolumeSet (VolumeSet.java:initializeVolumeSet(170)) - Added Volume : /workdir/hadoop-ozone/integration-test/target/test-dir/MiniOzoneClusterImpl-f91735dc-409e-45ff-ac27-ffb842bc1089/datanode-2/data/containers/hdds to VolumeSet
2019-10-15 23:17:54,866 [main] INFO  volume.ThrottledAsyncChecker (ThrottledAsyncChecker.java:schedule(141)) - Scheduling a check for org.apache.hadoop.ozone.container.common.volume.HddsVolume@6435fa1c
2019-10-15 23:17:54,866 [main] INFO  volume.HddsVolumeChecker (HddsVolumeChecker.java:checkAllVolumes(204)) - Scheduled health check for volume org.apache.hadoop.ozone.container.common.volume.HddsVolume@6435fa1c
2019-10-15 23:17:54,877 [main] INFO  impl.RaftServerProxy (ConfUtils.java:logGet(43)) - raft.rpc.type = GRPC (default)
2019-10-15 23:17:54,878 [main] INFO  grpc.GrpcFactory (GrpcFactory.java:checkPooledByteBufAllocatorUseCacheForAllThreads(45)) - PERFORMANCE WARNING: useCacheForAllThreads is true that may cause Netty to create a lot garbage objects and, as a result, trigger GC.
	It is recommended to disable useCacheForAllThreads by setting -Dorg.apache.ratis.thirdparty.io.netty.allocator.useCacheForAllThreads=false in command line.
2019-10-15 23:17:54,878 [main] INFO  grpc.GrpcConfigKeys$Server (ConfUtils.java:logGet(43)) - raft.grpc.server.port = 0 (default)
2019-10-15 23:17:54,878 [main] INFO  server.GrpcService (ConfUtils.java:logGet(43)) - raft.grpc.message.size.max = 33570816 (custom)
2019-10-15 23:17:54,878 [main] INFO  server.RaftServerConfigKeys (ConfUtils.java:logGet(43)) - raft.server.log.appender.buffer.byte-limit = 33554432 (custom)
2019-10-15 23:17:54,878 [main] INFO  server.GrpcService (ConfUtils.java:logGet(43)) - raft.grpc.flow.control.window = 1MB (=1048576) (default)
2019-10-15 23:17:54,878 [main] INFO  server.RaftServerConfigKeys (ConfUtils.java:logGet(43)) - raft.server.rpc.request.timeout = 3000ms (default)
2019-10-15 23:17:54,879 [main] INFO  server.RaftServerConfigKeys (ConfUtils.java:logGet(43)) - raft.server.storage.dir = [/workdir/hadoop-ozone/integration-test/target/test-dir/MiniOzoneClusterImpl-f91735dc-409e-45ff-ac27-ffb842bc1089/datanode-2/data/ratis] (custom)
2019-10-15 23:17:54,880 [main] INFO  hdfs.DFSUtil (DFSUtil.java:httpServerTemplateForNNAndJN(1641)) - Starting Web-server for hddsDatanode at: http://0.0.0.0:0
2019-10-15 23:17:54,881 [main] INFO  server.AuthenticationFilter (AuthenticationFilter.java:constructSecretProvider(240)) - Unable to initialize FileSignerSecretProvider, falling back to use random secrets.
2019-10-15 23:17:54,882 [main] WARN  http.HttpRequestLog (HttpRequestLog.java:getRequestLog(97)) - Jetty request log can only be enabled using Log4j
2019-10-15 23:17:54,883 [main] INFO  http.HttpServer2 (HttpServer2.java:addGlobalFilter(975)) - Added global filter 'safety' (class=org.apache.hadoop.http.HttpServer2$QuotingInputFilter)
2019-10-15 23:17:54,883 [main] INFO  http.HttpServer2 (HttpServer2.java:addFilter(948)) - Added filter static_user_filter (class=org.apache.hadoop.http.lib.StaticUserWebFilter$StaticUserFilter) to context hddsDatanode
2019-10-15 23:17:54,883 [main] INFO  http.HttpServer2 (HttpServer2.java:addFilter(958)) - Added filter static_user_filter (class=org.apache.hadoop.http.lib.StaticUserWebFilter$StaticUserFilter) to context logs
2019-10-15 23:17:54,883 [main] INFO  http.HttpServer2 (HttpServer2.java:addFilter(958)) - Added filter static_user_filter (class=org.apache.hadoop.http.lib.StaticUserWebFilter$StaticUserFilter) to context static
2019-10-15 23:17:54,884 [main] INFO  http.HttpServer2 (HttpServer2.java:bindListener(1191)) - Jetty bound to port 40384
2019-10-15 23:17:54,884 [main] INFO  server.Server (Server.java:doStart(351)) - jetty-9.3.25.v20180904, build timestamp: 2018-09-04T21:11:46Z, git hash: 3ce520221d0240229c862b122d2b06c12a625732
2019-10-15 23:17:54,886 [main] INFO  handler.ContextHandler (ContextHandler.java:doStart(781)) - Started o.e.j.s.ServletContextHandler@4de79b7d{/logs,file:///workdir/hadoop-ozone/integration-test/target/log,AVAILABLE}
2019-10-15 23:17:54,886 [main] INFO  handler.ContextHandler (ContextHandler.java:doStart(781)) - Started o.e.j.s.ServletContextHandler@4c51077d{/static,jar:file:/home/user/.m2/repository/org/apache/hadoop/hadoop-hdds-container-service/0.5.0-SNAPSHOT/hadoop-hdds-container-service-0.5.0-SNAPSHOT.jar!/webapps/static,AVAILABLE}
2019-10-15 23:17:54,911 [main] INFO  handler.ContextHandler (ContextHandler.java:doStart(781)) - Started o.e.j.w.WebAppContext@43ecfeb5{/,file:///tmp/jetty-0.0.0.0-40384-hddsDatanode-_-any-4348285823585550047.dir/webapp/,AVAILABLE}{/hddsDatanode}
2019-10-15 23:17:54,911 [main] INFO  server.AbstractConnector (AbstractConnector.java:doStart(278)) - Started ServerConnector@51efb731{HTTP/1.1,[http/1.1]}{0.0.0.0:40384}
2019-10-15 23:17:54,912 [main] INFO  server.Server (Server.java:doStart(419)) - Started @130492ms
2019-10-15 23:17:54,913 [main] WARN  impl.MetricsSystemImpl (MetricsSystemImpl.java:register(276)) - Sink prometheus already exists!
2019-10-15 23:17:54,913 [main] INFO  server.BaseHttpServer (BaseHttpServer.java:updateConnectorAddress(215)) - HTTP server of HDDSDATANODE is listening at http://0.0.0.0:40384
2019-10-15 23:17:54,914 [main] INFO  impl.MetricsSystemImpl (MetricsSystemImpl.java:init(158)) - HddsDatanode metrics system started (again)
2019-10-15 23:17:54,917 [main] INFO  ozone.HddsDatanodeService (HddsDatanodeService.java:start(184)) - HddsDatanodeService host:pr-hdds-2221-lrjgr-1037302595 ip:192.168.157.213
2019-10-15 23:17:54,917 [org.apache.hadoop.util.JvmPauseMonitor$Monitor@3cbe4bbe] INFO  util.JvmPauseMonitor (JvmPauseMonitor.java:run(188)) - Starting JVM pause monitor
2019-10-15 23:17:54,919 [Datanode State Machine Thread - 0] INFO  datanode.InitDatanodeState (InitDatanodeState.java:persistContainerDatanodeDetails(140)) - DatanodeDetails is persisted to /workdir/hadoop-ozone/integration-test/target/test-dir/MiniOzoneClusterImpl-f91735dc-409e-45ff-ac27-ffb842bc1089/datanode-2/meta/datanode.id
2019-10-15 23:17:54,923 [main] INFO  volume.HddsVolume (HddsVolume.java:<init>(176)) - Creating Volume: /workdir/hadoop-ozone/integration-test/target/test-dir/MiniOzoneClusterImpl-f91735dc-409e-45ff-ac27-ffb842bc1089/datanode-3/data/containers/hdds of  storage type : DISK and capacity : 1482555576320
2019-10-15 23:17:54,924 [main] INFO  volume.VolumeSet (VolumeSet.java:initializeVolumeSet(170)) - Added Volume : /workdir/hadoop-ozone/integration-test/target/test-dir/MiniOzoneClusterImpl-f91735dc-409e-45ff-ac27-ffb842bc1089/datanode-3/data/containers/hdds to VolumeSet
2019-10-15 23:17:54,924 [main] INFO  volume.ThrottledAsyncChecker (ThrottledAsyncChecker.java:schedule(141)) - Scheduling a check for org.apache.hadoop.ozone.container.common.volume.HddsVolume@7b25ab31
2019-10-15 23:17:54,924 [main] INFO  volume.HddsVolumeChecker (HddsVolumeChecker.java:checkAllVolumes(204)) - Scheduled health check for volume org.apache.hadoop.ozone.container.common.volume.HddsVolume@7b25ab31
2019-10-15 23:17:54,935 [main] INFO  impl.RaftServerProxy (ConfUtils.java:logGet(43)) - raft.rpc.type = GRPC (default)
2019-10-15 23:17:54,936 [main] INFO  grpc.GrpcFactory (GrpcFactory.java:checkPooledByteBufAllocatorUseCacheForAllThreads(45)) - PERFORMANCE WARNING: useCacheForAllThreads is true that may cause Netty to create a lot garbage objects and, as a result, trigger GC.
	It is recommended to disable useCacheForAllThreads by setting -Dorg.apache.ratis.thirdparty.io.netty.allocator.useCacheForAllThreads=false in command line.
2019-10-15 23:17:54,936 [main] INFO  grpc.GrpcConfigKeys$Server (ConfUtils.java:logGet(43)) - raft.grpc.server.port = 0 (default)
2019-10-15 23:17:54,936 [main] INFO  server.GrpcService (ConfUtils.java:logGet(43)) - raft.grpc.message.size.max = 33570816 (custom)
2019-10-15 23:17:54,936 [main] INFO  server.RaftServerConfigKeys (ConfUtils.java:logGet(43)) - raft.server.log.appender.buffer.byte-limit = 33554432 (custom)
2019-10-15 23:17:54,936 [main] INFO  server.GrpcService (ConfUtils.java:logGet(43)) - raft.grpc.flow.control.window = 1MB (=1048576) (default)
2019-10-15 23:17:54,936 [main] INFO  server.RaftServerConfigKeys (ConfUtils.java:logGet(43)) - raft.server.rpc.request.timeout = 3000ms (default)
2019-10-15 23:17:54,937 [main] INFO  server.RaftServerConfigKeys (ConfUtils.java:logGet(43)) - raft.server.storage.dir = [/workdir/hadoop-ozone/integration-test/target/test-dir/MiniOzoneClusterImpl-f91735dc-409e-45ff-ac27-ffb842bc1089/datanode-3/data/ratis] (custom)
2019-10-15 23:17:54,938 [main] INFO  hdfs.DFSUtil (DFSUtil.java:httpServerTemplateForNNAndJN(1641)) - Starting Web-server for hddsDatanode at: http://0.0.0.0:0
2019-10-15 23:17:54,939 [main] INFO  server.AuthenticationFilter (AuthenticationFilter.java:constructSecretProvider(240)) - Unable to initialize FileSignerSecretProvider, falling back to use random secrets.
2019-10-15 23:17:54,939 [main] WARN  http.HttpRequestLog (HttpRequestLog.java:getRequestLog(97)) - Jetty request log can only be enabled using Log4j
2019-10-15 23:17:54,940 [main] INFO  http.HttpServer2 (HttpServer2.java:addGlobalFilter(975)) - Added global filter 'safety' (class=org.apache.hadoop.http.HttpServer2$QuotingInputFilter)
2019-10-15 23:17:54,941 [main] INFO  http.HttpServer2 (HttpServer2.java:addFilter(948)) - Added filter static_user_filter (class=org.apache.hadoop.http.lib.StaticUserWebFilter$StaticUserFilter) to context hddsDatanode
2019-10-15 23:17:54,941 [main] INFO  http.HttpServer2 (HttpServer2.java:addFilter(958)) - Added filter static_user_filter (class=org.apache.hadoop.http.lib.StaticUserWebFilter$StaticUserFilter) to context logs
2019-10-15 23:17:54,941 [main] INFO  http.HttpServer2 (HttpServer2.java:addFilter(958)) - Added filter static_user_filter (class=org.apache.hadoop.http.lib.StaticUserWebFilter$StaticUserFilter) to context static
2019-10-15 23:17:54,942 [main] INFO  http.HttpServer2 (HttpServer2.java:bindListener(1191)) - Jetty bound to port 37110
2019-10-15 23:17:54,942 [main] INFO  server.Server (Server.java:doStart(351)) - jetty-9.3.25.v20180904, build timestamp: 2018-09-04T21:11:46Z, git hash: 3ce520221d0240229c862b122d2b06c12a625732
2019-10-15 23:17:54,943 [main] INFO  handler.ContextHandler (ContextHandler.java:doStart(781)) - Started o.e.j.s.ServletContextHandler@6d672bd4{/logs,file:///workdir/hadoop-ozone/integration-test/target/log,AVAILABLE}
2019-10-15 23:17:54,944 [main] INFO  handler.ContextHandler (ContextHandler.java:doStart(781)) - Started o.e.j.s.ServletContextHandler@72906e{/static,jar:file:/home/user/.m2/repository/org/apache/hadoop/hadoop-hdds-container-service/0.5.0-SNAPSHOT/hadoop-hdds-container-service-0.5.0-SNAPSHOT.jar!/webapps/static,AVAILABLE}
2019-10-15 23:17:54,968 [main] INFO  handler.ContextHandler (ContextHandler.java:doStart(781)) - Started o.e.j.w.WebAppContext@76d7881e{/,file:///tmp/jetty-0.0.0.0-37110-hddsDatanode-_-any-372815158145327509.dir/webapp/,AVAILABLE}{/hddsDatanode}
2019-10-15 23:17:54,968 [main] INFO  server.AbstractConnector (AbstractConnector.java:doStart(278)) - Started ServerConnector@4aa31ffc{HTTP/1.1,[http/1.1]}{0.0.0.0:37110}
2019-10-15 23:17:54,969 [main] INFO  server.Server (Server.java:doStart(419)) - Started @130548ms
2019-10-15 23:17:54,969 [main] WARN  impl.MetricsSystemImpl (MetricsSystemImpl.java:register(276)) - Sink prometheus already exists!
2019-10-15 23:17:54,970 [main] INFO  server.BaseHttpServer (BaseHttpServer.java:updateConnectorAddress(215)) - HTTP server of HDDSDATANODE is listening at http://0.0.0.0:37110
2019-10-15 23:17:54,970 [main] INFO  impl.MetricsSystemImpl (MetricsSystemImpl.java:init(158)) - HddsDatanode metrics system started (again)
2019-10-15 23:17:54,973 [main] INFO  ozone.HddsDatanodeService (HddsDatanodeService.java:start(184)) - HddsDatanodeService host:pr-hdds-2221-lrjgr-1037302595 ip:192.168.157.213
2019-10-15 23:17:54,973 [org.apache.hadoop.util.JvmPauseMonitor$Monitor@41714473] INFO  util.JvmPauseMonitor (JvmPauseMonitor.java:run(188)) - Starting JVM pause monitor
2019-10-15 23:17:54,975 [Datanode State Machine Thread - 0] INFO  datanode.InitDatanodeState (InitDatanodeState.java:persistContainerDatanodeDetails(140)) - DatanodeDetails is persisted to /workdir/hadoop-ozone/integration-test/target/test-dir/MiniOzoneClusterImpl-f91735dc-409e-45ff-ac27-ffb842bc1089/datanode-3/meta/datanode.id
2019-10-15 23:17:54,982 [main] INFO  volume.HddsVolume (HddsVolume.java:<init>(176)) - Creating Volume: /workdir/hadoop-ozone/integration-test/target/test-dir/MiniOzoneClusterImpl-f91735dc-409e-45ff-ac27-ffb842bc1089/datanode-4/data/containers/hdds of  storage type : DISK and capacity : 1482555576320
2019-10-15 23:17:54,982 [main] INFO  volume.VolumeSet (VolumeSet.java:initializeVolumeSet(170)) - Added Volume : /workdir/hadoop-ozone/integration-test/target/test-dir/MiniOzoneClusterImpl-f91735dc-409e-45ff-ac27-ffb842bc1089/datanode-4/data/containers/hdds to VolumeSet
2019-10-15 23:17:54,982 [main] INFO  volume.ThrottledAsyncChecker (ThrottledAsyncChecker.java:schedule(141)) - Scheduling a check for org.apache.hadoop.ozone.container.common.volume.HddsVolume@65629ac6
2019-10-15 23:17:54,983 [main] INFO  volume.HddsVolumeChecker (HddsVolumeChecker.java:checkAllVolumes(204)) - Scheduled health check for volume org.apache.hadoop.ozone.container.common.volume.HddsVolume@65629ac6
2019-10-15 23:17:54,993 [main] INFO  impl.RaftServerProxy (ConfUtils.java:logGet(43)) - raft.rpc.type = GRPC (default)
2019-10-15 23:17:54,993 [main] INFO  grpc.GrpcFactory (GrpcFactory.java:checkPooledByteBufAllocatorUseCacheForAllThreads(45)) - PERFORMANCE WARNING: useCacheForAllThreads is true that may cause Netty to create a lot garbage objects and, as a result, trigger GC.
	It is recommended to disable useCacheForAllThreads by setting -Dorg.apache.ratis.thirdparty.io.netty.allocator.useCacheForAllThreads=false in command line.
2019-10-15 23:17:54,994 [main] INFO  grpc.GrpcConfigKeys$Server (ConfUtils.java:logGet(43)) - raft.grpc.server.port = 0 (default)
2019-10-15 23:17:54,994 [main] INFO  server.GrpcService (ConfUtils.java:logGet(43)) - raft.grpc.message.size.max = 33570816 (custom)
2019-10-15 23:17:54,994 [main] INFO  server.RaftServerConfigKeys (ConfUtils.java:logGet(43)) - raft.server.log.appender.buffer.byte-limit = 33554432 (custom)
2019-10-15 23:17:54,994 [main] INFO  server.GrpcService (ConfUtils.java:logGet(43)) - raft.grpc.flow.control.window = 1MB (=1048576) (default)
2019-10-15 23:17:54,994 [main] INFO  server.RaftServerConfigKeys (ConfUtils.java:logGet(43)) - raft.server.rpc.request.timeout = 3000ms (default)
2019-10-15 23:17:54,995 [main] INFO  server.RaftServerConfigKeys (ConfUtils.java:logGet(43)) - raft.server.storage.dir = [/workdir/hadoop-ozone/integration-test/target/test-dir/MiniOzoneClusterImpl-f91735dc-409e-45ff-ac27-ffb842bc1089/datanode-4/data/ratis] (custom)
2019-10-15 23:17:54,996 [main] INFO  hdfs.DFSUtil (DFSUtil.java:httpServerTemplateForNNAndJN(1641)) - Starting Web-server for hddsDatanode at: http://0.0.0.0:0
2019-10-15 23:17:54,997 [main] INFO  server.AuthenticationFilter (AuthenticationFilter.java:constructSecretProvider(240)) - Unable to initialize FileSignerSecretProvider, falling back to use random secrets.
2019-10-15 23:17:54,997 [main] WARN  http.HttpRequestLog (HttpRequestLog.java:getRequestLog(97)) - Jetty request log can only be enabled using Log4j
2019-10-15 23:17:54,998 [main] INFO  http.HttpServer2 (HttpServer2.java:addGlobalFilter(975)) - Added global filter 'safety' (class=org.apache.hadoop.http.HttpServer2$QuotingInputFilter)
2019-10-15 23:17:54,999 [main] INFO  http.HttpServer2 (HttpServer2.java:addFilter(948)) - Added filter static_user_filter (class=org.apache.hadoop.http.lib.StaticUserWebFilter$StaticUserFilter) to context hddsDatanode
2019-10-15 23:17:54,999 [main] INFO  http.HttpServer2 (HttpServer2.java:addFilter(958)) - Added filter static_user_filter (class=org.apache.hadoop.http.lib.StaticUserWebFilter$StaticUserFilter) to context logs
2019-10-15 23:17:54,999 [main] INFO  http.HttpServer2 (HttpServer2.java:addFilter(958)) - Added filter static_user_filter (class=org.apache.hadoop.http.lib.StaticUserWebFilter$StaticUserFilter) to context static
2019-10-15 23:17:55,000 [main] INFO  http.HttpServer2 (HttpServer2.java:bindListener(1191)) - Jetty bound to port 38901
2019-10-15 23:17:55,000 [main] INFO  server.Server (Server.java:doStart(351)) - jetty-9.3.25.v20180904, build timestamp: 2018-09-04T21:11:46Z, git hash: 3ce520221d0240229c862b122d2b06c12a625732
2019-10-15 23:17:55,002 [main] INFO  handler.ContextHandler (ContextHandler.java:doStart(781)) - Started o.e.j.s.ServletContextHandler@2a2dc0a{/logs,file:///workdir/hadoop-ozone/integration-test/target/log,AVAILABLE}
2019-10-15 23:17:55,002 [main] INFO  handler.ContextHandler (ContextHandler.java:doStart(781)) - Started o.e.j.s.ServletContextHandler@36ef1d65{/static,jar:file:/home/user/.m2/repository/org/apache/hadoop/hadoop-hdds-container-service/0.5.0-SNAPSHOT/hadoop-hdds-container-service-0.5.0-SNAPSHOT.jar!/webapps/static,AVAILABLE}
2019-10-15 23:17:55,027 [main] INFO  handler.ContextHandler (ContextHandler.java:doStart(781)) - Started o.e.j.w.WebAppContext@9accff0{/,file:///tmp/jetty-0.0.0.0-38901-hddsDatanode-_-any-7370439315501064968.dir/webapp/,AVAILABLE}{/hddsDatanode}
2019-10-15 23:17:55,028 [main] INFO  server.AbstractConnector (AbstractConnector.java:doStart(278)) - Started ServerConnector@52559a69{HTTP/1.1,[http/1.1]}{0.0.0.0:38901}
2019-10-15 23:17:55,029 [main] INFO  server.Server (Server.java:doStart(419)) - Started @130609ms
2019-10-15 23:17:55,029 [main] WARN  impl.MetricsSystemImpl (MetricsSystemImpl.java:register(276)) - Sink prometheus already exists!
2019-10-15 23:17:55,030 [main] INFO  server.BaseHttpServer (BaseHttpServer.java:updateConnectorAddress(215)) - HTTP server of HDDSDATANODE is listening at http://0.0.0.0:38901
2019-10-15 23:17:55,030 [main] INFO  impl.MetricsSystemImpl (MetricsSystemImpl.java:init(158)) - HddsDatanode metrics system started (again)
2019-10-15 23:17:55,034 [main] INFO  ozone.HddsDatanodeService (HddsDatanodeService.java:start(184)) - HddsDatanodeService host:pr-hdds-2221-lrjgr-1037302595 ip:192.168.157.213
2019-10-15 23:17:55,034 [org.apache.hadoop.util.JvmPauseMonitor$Monitor@78becd8d] INFO  util.JvmPauseMonitor (JvmPauseMonitor.java:run(188)) - Starting JVM pause monitor
2019-10-15 23:17:55,035 [Datanode State Machine Thread - 0] INFO  datanode.InitDatanodeState (InitDatanodeState.java:persistContainerDatanodeDetails(140)) - DatanodeDetails is persisted to /workdir/hadoop-ozone/integration-test/target/test-dir/MiniOzoneClusterImpl-f91735dc-409e-45ff-ac27-ffb842bc1089/datanode-4/meta/datanode.id
2019-10-15 23:17:55,041 [main] INFO  volume.HddsVolume (HddsVolume.java:<init>(176)) - Creating Volume: /workdir/hadoop-ozone/integration-test/target/test-dir/MiniOzoneClusterImpl-f91735dc-409e-45ff-ac27-ffb842bc1089/datanode-5/data/containers/hdds of  storage type : DISK and capacity : 1482555576320
2019-10-15 23:17:55,042 [main] INFO  volume.VolumeSet (VolumeSet.java:initializeVolumeSet(170)) - Added Volume : /workdir/hadoop-ozone/integration-test/target/test-dir/MiniOzoneClusterImpl-f91735dc-409e-45ff-ac27-ffb842bc1089/datanode-5/data/containers/hdds to VolumeSet
2019-10-15 23:17:55,042 [main] INFO  volume.ThrottledAsyncChecker (ThrottledAsyncChecker.java:schedule(141)) - Scheduling a check for org.apache.hadoop.ozone.container.common.volume.HddsVolume@73afe2b7
2019-10-15 23:17:55,042 [main] INFO  volume.HddsVolumeChecker (HddsVolumeChecker.java:checkAllVolumes(204)) - Scheduled health check for volume org.apache.hadoop.ozone.container.common.volume.HddsVolume@73afe2b7
2019-10-15 23:17:55,055 [main] INFO  impl.RaftServerProxy (ConfUtils.java:logGet(43)) - raft.rpc.type = GRPC (default)
2019-10-15 23:17:55,056 [main] INFO  grpc.GrpcFactory (GrpcFactory.java:checkPooledByteBufAllocatorUseCacheForAllThreads(45)) - PERFORMANCE WARNING: useCacheForAllThreads is true that may cause Netty to create a lot garbage objects and, as a result, trigger GC.
	It is recommended to disable useCacheForAllThreads by setting -Dorg.apache.ratis.thirdparty.io.netty.allocator.useCacheForAllThreads=false in command line.
2019-10-15 23:17:55,056 [main] INFO  grpc.GrpcConfigKeys$Server (ConfUtils.java:logGet(43)) - raft.grpc.server.port = 0 (default)
2019-10-15 23:17:55,056 [main] INFO  server.GrpcService (ConfUtils.java:logGet(43)) - raft.grpc.message.size.max = 33570816 (custom)
2019-10-15 23:17:55,056 [main] INFO  server.RaftServerConfigKeys (ConfUtils.java:logGet(43)) - raft.server.log.appender.buffer.byte-limit = 33554432 (custom)
2019-10-15 23:17:55,056 [main] INFO  server.GrpcService (ConfUtils.java:logGet(43)) - raft.grpc.flow.control.window = 1MB (=1048576) (default)
2019-10-15 23:17:55,057 [main] INFO  server.RaftServerConfigKeys (ConfUtils.java:logGet(43)) - raft.server.rpc.request.timeout = 3000ms (default)
2019-10-15 23:17:55,057 [main] INFO  server.RaftServerConfigKeys (ConfUtils.java:logGet(43)) - raft.server.storage.dir = [/workdir/hadoop-ozone/integration-test/target/test-dir/MiniOzoneClusterImpl-f91735dc-409e-45ff-ac27-ffb842bc1089/datanode-5/data/ratis] (custom)
2019-10-15 23:17:55,059 [main] INFO  hdfs.DFSUtil (DFSUtil.java:httpServerTemplateForNNAndJN(1641)) - Starting Web-server for hddsDatanode at: http://0.0.0.0:0
2019-10-15 23:17:55,060 [main] INFO  server.AuthenticationFilter (AuthenticationFilter.java:constructSecretProvider(240)) - Unable to initialize FileSignerSecretProvider, falling back to use random secrets.
2019-10-15 23:17:55,060 [main] WARN  http.HttpRequestLog (HttpRequestLog.java:getRequestLog(97)) - Jetty request log can only be enabled using Log4j
2019-10-15 23:17:55,061 [main] INFO  http.HttpServer2 (HttpServer2.java:addGlobalFilter(975)) - Added global filter 'safety' (class=org.apache.hadoop.http.HttpServer2$QuotingInputFilter)
2019-10-15 23:17:55,062 [main] INFO  http.HttpServer2 (HttpServer2.java:addFilter(948)) - Added filter static_user_filter (class=org.apache.hadoop.http.lib.StaticUserWebFilter$StaticUserFilter) to context hddsDatanode
2019-10-15 23:17:55,062 [main] INFO  http.HttpServer2 (HttpServer2.java:addFilter(958)) - Added filter static_user_filter (class=org.apache.hadoop.http.lib.StaticUserWebFilter$StaticUserFilter) to context static
2019-10-15 23:17:55,062 [main] INFO  http.HttpServer2 (HttpServer2.java:addFilter(958)) - Added filter static_user_filter (class=org.apache.hadoop.http.lib.StaticUserWebFilter$StaticUserFilter) to context logs
2019-10-15 23:17:55,062 [main] INFO  http.HttpServer2 (HttpServer2.java:bindListener(1191)) - Jetty bound to port 40136
2019-10-15 23:17:55,063 [main] INFO  server.Server (Server.java:doStart(351)) - jetty-9.3.25.v20180904, build timestamp: 2018-09-04T21:11:46Z, git hash: 3ce520221d0240229c862b122d2b06c12a625732
2019-10-15 23:17:55,064 [main] INFO  handler.ContextHandler (ContextHandler.java:doStart(781)) - Started o.e.j.s.ServletContextHandler@39dec536{/logs,file:///workdir/hadoop-ozone/integration-test/target/log,AVAILABLE}
2019-10-15 23:17:55,065 [main] INFO  handler.ContextHandler (ContextHandler.java:doStart(781)) - Started o.e.j.s.ServletContextHandler@4cb957b8{/static,jar:file:/home/user/.m2/repository/org/apache/hadoop/hadoop-hdds-container-service/0.5.0-SNAPSHOT/hadoop-hdds-container-service-0.5.0-SNAPSHOT.jar!/webapps/static,AVAILABLE}
2019-10-15 23:17:55,091 [main] INFO  handler.ContextHandler (ContextHandler.java:doStart(781)) - Started o.e.j.w.WebAppContext@69de5bed{/,file:///tmp/jetty-0.0.0.0-40136-hddsDatanode-_-any-1854430769480577168.dir/webapp/,AVAILABLE}{/hddsDatanode}
2019-10-15 23:17:55,091 [main] INFO  server.AbstractConnector (AbstractConnector.java:doStart(278)) - Started ServerConnector@750f64fe{HTTP/1.1,[http/1.1]}{0.0.0.0:40136}
2019-10-15 23:17:55,093 [main] INFO  server.Server (Server.java:doStart(419)) - Started @130672ms
2019-10-15 23:17:55,093 [main] WARN  impl.MetricsSystemImpl (MetricsSystemImpl.java:register(276)) - Sink prometheus already exists!
2019-10-15 23:17:55,094 [main] INFO  server.BaseHttpServer (BaseHttpServer.java:updateConnectorAddress(215)) - HTTP server of HDDSDATANODE is listening at http://0.0.0.0:40136
2019-10-15 23:17:55,094 [main] INFO  impl.MetricsSystemImpl (MetricsSystemImpl.java:init(158)) - HddsDatanode metrics system started (again)
2019-10-15 23:17:55,098 [org.apache.hadoop.util.JvmPauseMonitor$Monitor@55f3f990] INFO  util.JvmPauseMonitor (JvmPauseMonitor.java:run(188)) - Starting JVM pause monitor
2019-10-15 23:17:55,098 [main] INFO  ozone.HddsDatanodeService (HddsDatanodeService.java:start(184)) - HddsDatanodeService host:pr-hdds-2221-lrjgr-1037302595 ip:192.168.157.213
2019-10-15 23:17:55,099 [Datanode State Machine Thread - 0] INFO  datanode.InitDatanodeState (InitDatanodeState.java:persistContainerDatanodeDetails(140)) - DatanodeDetails is persisted to /workdir/hadoop-ozone/integration-test/target/test-dir/MiniOzoneClusterImpl-f91735dc-409e-45ff-ac27-ffb842bc1089/datanode-5/meta/datanode.id
2019-10-15 23:17:55,104 [main] INFO  volume.HddsVolume (HddsVolume.java:<init>(176)) - Creating Volume: /workdir/hadoop-ozone/integration-test/target/test-dir/MiniOzoneClusterImpl-f91735dc-409e-45ff-ac27-ffb842bc1089/datanode-6/data/containers/hdds of  storage type : DISK and capacity : 1482555576320
2019-10-15 23:17:55,105 [main] INFO  volume.VolumeSet (VolumeSet.java:initializeVolumeSet(170)) - Added Volume : /workdir/hadoop-ozone/integration-test/target/test-dir/MiniOzoneClusterImpl-f91735dc-409e-45ff-ac27-ffb842bc1089/datanode-6/data/containers/hdds to VolumeSet
2019-10-15 23:17:55,105 [main] INFO  volume.ThrottledAsyncChecker (ThrottledAsyncChecker.java:schedule(141)) - Scheduling a check for org.apache.hadoop.ozone.container.common.volume.HddsVolume@1cc8416a
2019-10-15 23:17:55,105 [main] INFO  volume.HddsVolumeChecker (HddsVolumeChecker.java:checkAllVolumes(204)) - Scheduled health check for volume org.apache.hadoop.ozone.container.common.volume.HddsVolume@1cc8416a
2019-10-15 23:17:55,117 [main] INFO  impl.RaftServerProxy (ConfUtils.java:logGet(43)) - raft.rpc.type = GRPC (default)
2019-10-15 23:17:55,118 [main] INFO  grpc.GrpcFactory (GrpcFactory.java:checkPooledByteBufAllocatorUseCacheForAllThreads(45)) - PERFORMANCE WARNING: useCacheForAllThreads is true that may cause Netty to create a lot garbage objects and, as a result, trigger GC.
	It is recommended to disable useCacheForAllThreads by setting -Dorg.apache.ratis.thirdparty.io.netty.allocator.useCacheForAllThreads=false in command line.
2019-10-15 23:17:55,118 [main] INFO  grpc.GrpcConfigKeys$Server (ConfUtils.java:logGet(43)) - raft.grpc.server.port = 0 (default)
2019-10-15 23:17:55,118 [main] INFO  server.GrpcService (ConfUtils.java:logGet(43)) - raft.grpc.message.size.max = 33570816 (custom)
2019-10-15 23:17:55,118 [main] INFO  server.RaftServerConfigKeys (ConfUtils.java:logGet(43)) - raft.server.log.appender.buffer.byte-limit = 33554432 (custom)
2019-10-15 23:17:55,118 [main] INFO  server.GrpcService (ConfUtils.java:logGet(43)) - raft.grpc.flow.control.window = 1MB (=1048576) (default)
2019-10-15 23:17:55,118 [main] INFO  server.RaftServerConfigKeys (ConfUtils.java:logGet(43)) - raft.server.rpc.request.timeout = 3000ms (default)
2019-10-15 23:17:55,119 [main] INFO  server.RaftServerConfigKeys (ConfUtils.java:logGet(43)) - raft.server.storage.dir = [/workdir/hadoop-ozone/integration-test/target/test-dir/MiniOzoneClusterImpl-f91735dc-409e-45ff-ac27-ffb842bc1089/datanode-6/data/ratis] (custom)
2019-10-15 23:17:55,120 [main] INFO  hdfs.DFSUtil (DFSUtil.java:httpServerTemplateForNNAndJN(1641)) - Starting Web-server for hddsDatanode at: http://0.0.0.0:0
2019-10-15 23:17:55,121 [main] INFO  server.AuthenticationFilter (AuthenticationFilter.java:constructSecretProvider(240)) - Unable to initialize FileSignerSecretProvider, falling back to use random secrets.
2019-10-15 23:17:55,121 [main] WARN  http.HttpRequestLog (HttpRequestLog.java:getRequestLog(97)) - Jetty request log can only be enabled using Log4j
2019-10-15 23:17:55,123 [main] INFO  http.HttpServer2 (HttpServer2.java:addGlobalFilter(975)) - Added global filter 'safety' (class=org.apache.hadoop.http.HttpServer2$QuotingInputFilter)
2019-10-15 23:17:55,123 [main] INFO  http.HttpServer2 (HttpServer2.java:addFilter(948)) - Added filter static_user_filter (class=org.apache.hadoop.http.lib.StaticUserWebFilter$StaticUserFilter) to context hddsDatanode
2019-10-15 23:17:55,123 [main] INFO  http.HttpServer2 (HttpServer2.java:addFilter(958)) - Added filter static_user_filter (class=org.apache.hadoop.http.lib.StaticUserWebFilter$StaticUserFilter) to context logs
2019-10-15 23:17:55,123 [main] INFO  http.HttpServer2 (HttpServer2.java:addFilter(958)) - Added filter static_user_filter (class=org.apache.hadoop.http.lib.StaticUserWebFilter$StaticUserFilter) to context static
2019-10-15 23:17:55,124 [main] INFO  http.HttpServer2 (HttpServer2.java:bindListener(1191)) - Jetty bound to port 36487
2019-10-15 23:17:55,124 [main] INFO  server.Server (Server.java:doStart(351)) - jetty-9.3.25.v20180904, build timestamp: 2018-09-04T21:11:46Z, git hash: 3ce520221d0240229c862b122d2b06c12a625732
2019-10-15 23:17:55,126 [main] INFO  handler.ContextHandler (ContextHandler.java:doStart(781)) - Started o.e.j.s.ServletContextHandler@75aea2ba{/logs,file:///workdir/hadoop-ozone/integration-test/target/log,AVAILABLE}
2019-10-15 23:17:55,126 [main] INFO  handler.ContextHandler (ContextHandler.java:doStart(781)) - Started o.e.j.s.ServletContextHandler@12f279b5{/static,jar:file:/home/user/.m2/repository/org/apache/hadoop/hadoop-hdds-container-service/0.5.0-SNAPSHOT/hadoop-hdds-container-service-0.5.0-SNAPSHOT.jar!/webapps/static,AVAILABLE}
2019-10-15 23:17:55,150 [main] INFO  handler.ContextHandler (ContextHandler.java:doStart(781)) - Started o.e.j.w.WebAppContext@3f1a9a53{/,file:///tmp/jetty-0.0.0.0-36487-hddsDatanode-_-any-4594199282703837271.dir/webapp/,AVAILABLE}{/hddsDatanode}
2019-10-15 23:17:55,151 [main] INFO  server.AbstractConnector (AbstractConnector.java:doStart(278)) - Started ServerConnector@1ca3d25b{HTTP/1.1,[http/1.1]}{0.0.0.0:36487}
2019-10-15 23:17:55,152 [main] INFO  server.Server (Server.java:doStart(419)) - Started @130732ms
2019-10-15 23:17:55,152 [main] WARN  impl.MetricsSystemImpl (MetricsSystemImpl.java:register(276)) - Sink prometheus already exists!
2019-10-15 23:17:55,153 [main] INFO  server.BaseHttpServer (BaseHttpServer.java:updateConnectorAddress(215)) - HTTP server of HDDSDATANODE is listening at http://0.0.0.0:36487
2019-10-15 23:17:55,153 [main] INFO  ozone.MiniOzoneClusterImpl (MiniOzoneClusterImpl.java:lambda$waitForClusterToBeReady$0(147)) - Waiting for cluster to be ready. Got 0 of 7 DN Heartbeats.
2019-10-15 23:17:55,155 [org.apache.hadoop.util.JvmPauseMonitor$Monitor@7e779a21] INFO  util.JvmPauseMonitor (JvmPauseMonitor.java:run(188)) - Starting JVM pause monitor
2019-10-15 23:17:55,156 [Datanode State Machine Thread - 0] INFO  datanode.InitDatanodeState (InitDatanodeState.java:persistContainerDatanodeDetails(140)) - DatanodeDetails is persisted to /workdir/hadoop-ozone/integration-test/target/test-dir/MiniOzoneClusterImpl-f91735dc-409e-45ff-ac27-ffb842bc1089/datanode-6/meta/datanode.id
2019-10-15 23:17:56,154 [main] INFO  ozone.MiniOzoneClusterImpl (MiniOzoneClusterImpl.java:lambda$waitForClusterToBeReady$0(147)) - Waiting for cluster to be ready. Got 0 of 7 DN Heartbeats.
2019-10-15 23:17:56,816 [Datanode State Machine Thread - 0] INFO  ozoneimpl.OzoneContainer (OzoneContainer.java:start(213)) - Attempting to start container services.
2019-10-15 23:17:56,816 [Datanode State Machine Thread - 0] INFO  ozoneimpl.OzoneContainer (OzoneContainer.java:startContainerScrub(177)) - Background container scanner has been disabled.
2019-10-15 23:17:56,817 [Datanode State Machine Thread - 0] INFO  ratis.XceiverServerRatis (XceiverServerRatis.java:start(418)) - Starting XceiverServerRatis f3358113-732e-4d1a-b7b4-0079f823154f at port 0
2019-10-15 23:17:56,825 [Datanode State Machine Thread - 0] INFO  impl.RaftServerProxy (RaftServerProxy.java:lambda$start$3(299)) - f3358113-732e-4d1a-b7b4-0079f823154f: start RPC server
2019-10-15 23:17:56,827 [Datanode State Machine Thread - 0] INFO  server.GrpcService (GrpcService.java:startImpl(158)) - f3358113-732e-4d1a-b7b4-0079f823154f: GrpcService started, listening on 0.0.0.0/0.0.0.0:35915
2019-10-15 23:17:56,827 [Datanode State Machine Thread - 0] INFO  ratis.XceiverServerRatis (XceiverServerRatis.java:start(428)) - XceiverServerRatis f3358113-732e-4d1a-b7b4-0079f823154f is started using port 35915
2019-10-15 23:17:56,829 [Datanode State Machine Thread - 0] INFO  server.XceiverServerGrpc (XceiverServerGrpc.java:start(149)) - XceiverServerGrpc f3358113-732e-4d1a-b7b4-0079f823154f is started using port 33370
2019-10-15 23:17:56,875 [Datanode State Machine Thread - 0] INFO  ozoneimpl.OzoneContainer (OzoneContainer.java:start(213)) - Attempting to start container services.
2019-10-15 23:17:56,877 [Datanode State Machine Thread - 0] INFO  ozoneimpl.OzoneContainer (OzoneContainer.java:startContainerScrub(177)) - Background container scanner has been disabled.
2019-10-15 23:17:56,877 [Datanode State Machine Thread - 0] INFO  ratis.XceiverServerRatis (XceiverServerRatis.java:start(418)) - Starting XceiverServerRatis 48eddf45-9652-4002-81b5-fb45ffd80ba8 at port 0
2019-10-15 23:17:56,890 [Datanode State Machine Thread - 0] INFO  impl.RaftServerProxy (RaftServerProxy.java:lambda$start$3(299)) - 48eddf45-9652-4002-81b5-fb45ffd80ba8: start RPC server
2019-10-15 23:17:56,891 [Datanode State Machine Thread - 0] INFO  server.GrpcService (GrpcService.java:startImpl(158)) - 48eddf45-9652-4002-81b5-fb45ffd80ba8: GrpcService started, listening on 0.0.0.0/0.0.0.0:37627
2019-10-15 23:17:56,891 [Datanode State Machine Thread - 0] INFO  ratis.XceiverServerRatis (XceiverServerRatis.java:start(428)) - XceiverServerRatis 48eddf45-9652-4002-81b5-fb45ffd80ba8 is started using port 37627
2019-10-15 23:17:56,892 [Datanode State Machine Thread - 0] INFO  server.XceiverServerGrpc (XceiverServerGrpc.java:start(149)) - XceiverServerGrpc 48eddf45-9652-4002-81b5-fb45ffd80ba8 is started using port 44324
2019-10-15 23:17:56,933 [Datanode State Machine Thread - 0] INFO  ozoneimpl.OzoneContainer (OzoneContainer.java:start(213)) - Attempting to start container services.
2019-10-15 23:17:56,933 [Datanode State Machine Thread - 0] INFO  ozoneimpl.OzoneContainer (OzoneContainer.java:startContainerScrub(177)) - Background container scanner has been disabled.
2019-10-15 23:17:56,934 [Datanode State Machine Thread - 0] INFO  ratis.XceiverServerRatis (XceiverServerRatis.java:start(418)) - Starting XceiverServerRatis f50f5d79-c925-453f-af51-4b8158da1d4f at port 0
2019-10-15 23:17:56,941 [Datanode State Machine Thread - 0] INFO  impl.RaftServerProxy (RaftServerProxy.java:lambda$start$3(299)) - f50f5d79-c925-453f-af51-4b8158da1d4f: start RPC server
2019-10-15 23:17:56,942 [Datanode State Machine Thread - 0] INFO  server.GrpcService (GrpcService.java:startImpl(158)) - f50f5d79-c925-453f-af51-4b8158da1d4f: GrpcService started, listening on 0.0.0.0/0.0.0.0:35553
2019-10-15 23:17:56,942 [Datanode State Machine Thread - 0] INFO  ratis.XceiverServerRatis (XceiverServerRatis.java:start(428)) - XceiverServerRatis f50f5d79-c925-453f-af51-4b8158da1d4f is started using port 35553
2019-10-15 23:17:56,943 [Datanode State Machine Thread - 0] INFO  server.XceiverServerGrpc (XceiverServerGrpc.java:start(149)) - XceiverServerGrpc f50f5d79-c925-453f-af51-4b8158da1d4f is started using port 41973
2019-10-15 23:17:56,988 [Datanode State Machine Thread - 0] INFO  ozoneimpl.OzoneContainer (OzoneContainer.java:start(213)) - Attempting to start container services.
2019-10-15 23:17:56,989 [Datanode State Machine Thread - 0] INFO  ozoneimpl.OzoneContainer (OzoneContainer.java:startContainerScrub(177)) - Background container scanner has been disabled.
2019-10-15 23:17:56,989 [Datanode State Machine Thread - 0] INFO  ratis.XceiverServerRatis (XceiverServerRatis.java:start(418)) - Starting XceiverServerRatis 9a32c150-8a71-44f8-a6d2-35b751a73f8d at port 0
2019-10-15 23:17:56,998 [Datanode State Machine Thread - 0] INFO  impl.RaftServerProxy (RaftServerProxy.java:lambda$start$3(299)) - 9a32c150-8a71-44f8-a6d2-35b751a73f8d: start RPC server
2019-10-15 23:17:56,999 [Datanode State Machine Thread - 0] INFO  server.GrpcService (GrpcService.java:startImpl(158)) - 9a32c150-8a71-44f8-a6d2-35b751a73f8d: GrpcService started, listening on 0.0.0.0/0.0.0.0:38325
2019-10-15 23:17:56,999 [Datanode State Machine Thread - 0] INFO  ratis.XceiverServerRatis (XceiverServerRatis.java:start(428)) - XceiverServerRatis 9a32c150-8a71-44f8-a6d2-35b751a73f8d is started using port 38325
2019-10-15 23:17:56,999 [Datanode State Machine Thread - 0] INFO  server.XceiverServerGrpc (XceiverServerGrpc.java:start(149)) - XceiverServerGrpc 9a32c150-8a71-44f8-a6d2-35b751a73f8d is started using port 35488
2019-10-15 23:17:57,048 [Datanode State Machine Thread - 0] INFO  ozoneimpl.OzoneContainer (OzoneContainer.java:start(213)) - Attempting to start container services.
2019-10-15 23:17:57,048 [Datanode State Machine Thread - 0] INFO  ozoneimpl.OzoneContainer (OzoneContainer.java:startContainerScrub(177)) - Background container scanner has been disabled.
2019-10-15 23:17:57,049 [Datanode State Machine Thread - 0] INFO  ratis.XceiverServerRatis (XceiverServerRatis.java:start(418)) - Starting XceiverServerRatis 10266a97-a68e-492c-868a-f014903942e5 at port 0
2019-10-15 23:17:57,056 [Datanode State Machine Thread - 0] INFO  impl.RaftServerProxy (RaftServerProxy.java:lambda$start$3(299)) - 10266a97-a68e-492c-868a-f014903942e5: start RPC server
2019-10-15 23:17:57,057 [Datanode State Machine Thread - 0] INFO  server.GrpcService (GrpcService.java:startImpl(158)) - 10266a97-a68e-492c-868a-f014903942e5: GrpcService started, listening on 0.0.0.0/0.0.0.0:36499
2019-10-15 23:17:57,057 [Datanode State Machine Thread - 0] INFO  ratis.XceiverServerRatis (XceiverServerRatis.java:start(428)) - XceiverServerRatis 10266a97-a68e-492c-868a-f014903942e5 is started using port 36499
2019-10-15 23:17:57,057 [Datanode State Machine Thread - 0] INFO  server.XceiverServerGrpc (XceiverServerGrpc.java:start(149)) - XceiverServerGrpc 10266a97-a68e-492c-868a-f014903942e5 is started using port 33337
2019-10-15 23:17:57,111 [Datanode State Machine Thread - 0] INFO  ozoneimpl.OzoneContainer (OzoneContainer.java:start(213)) - Attempting to start container services.
2019-10-15 23:17:57,111 [Datanode State Machine Thread - 0] INFO  ozoneimpl.OzoneContainer (OzoneContainer.java:startContainerScrub(177)) - Background container scanner has been disabled.
2019-10-15 23:17:57,112 [Datanode State Machine Thread - 0] INFO  ratis.XceiverServerRatis (XceiverServerRatis.java:start(418)) - Starting XceiverServerRatis 4e22ce28-ed75-4077-ae66-0eeee3a71adc at port 0
2019-10-15 23:17:57,119 [Datanode State Machine Thread - 0] INFO  impl.RaftServerProxy (RaftServerProxy.java:lambda$start$3(299)) - 4e22ce28-ed75-4077-ae66-0eeee3a71adc: start RPC server
2019-10-15 23:17:57,119 [Datanode State Machine Thread - 0] INFO  server.GrpcService (GrpcService.java:startImpl(158)) - 4e22ce28-ed75-4077-ae66-0eeee3a71adc: GrpcService started, listening on 0.0.0.0/0.0.0.0:36576
2019-10-15 23:17:57,120 [Datanode State Machine Thread - 0] INFO  ratis.XceiverServerRatis (XceiverServerRatis.java:start(428)) - XceiverServerRatis 4e22ce28-ed75-4077-ae66-0eeee3a71adc is started using port 36576
2019-10-15 23:17:57,120 [Datanode State Machine Thread - 0] INFO  server.XceiverServerGrpc (XceiverServerGrpc.java:start(149)) - XceiverServerGrpc 4e22ce28-ed75-4077-ae66-0eeee3a71adc is started using port 35825
2019-10-15 23:17:57,154 [main] INFO  ozone.MiniOzoneClusterImpl (MiniOzoneClusterImpl.java:lambda$waitForClusterToBeReady$0(147)) - Waiting for cluster to be ready. Got 0 of 7 DN Heartbeats.
2019-10-15 23:17:57,168 [Datanode State Machine Thread - 0] INFO  ozoneimpl.OzoneContainer (OzoneContainer.java:start(213)) - Attempting to start container services.
2019-10-15 23:17:57,169 [Datanode State Machine Thread - 0] INFO  ozoneimpl.OzoneContainer (OzoneContainer.java:startContainerScrub(177)) - Background container scanner has been disabled.
2019-10-15 23:17:57,169 [Datanode State Machine Thread - 0] INFO  ratis.XceiverServerRatis (XceiverServerRatis.java:start(418)) - Starting XceiverServerRatis 8784f1d6-424a-4929-9fea-052d2768b2f7 at port 0
2019-10-15 23:17:57,175 [Datanode State Machine Thread - 0] INFO  impl.RaftServerProxy (RaftServerProxy.java:lambda$start$3(299)) - 8784f1d6-424a-4929-9fea-052d2768b2f7: start RPC server
2019-10-15 23:17:57,176 [Datanode State Machine Thread - 0] INFO  server.GrpcService (GrpcService.java:startImpl(158)) - 8784f1d6-424a-4929-9fea-052d2768b2f7: GrpcService started, listening on 0.0.0.0/0.0.0.0:42195
2019-10-15 23:17:57,176 [Datanode State Machine Thread - 0] INFO  ratis.XceiverServerRatis (XceiverServerRatis.java:start(428)) - XceiverServerRatis 8784f1d6-424a-4929-9fea-052d2768b2f7 is started using port 42195
2019-10-15 23:17:57,176 [Datanode State Machine Thread - 0] INFO  server.XceiverServerGrpc (XceiverServerGrpc.java:start(149)) - XceiverServerGrpc 8784f1d6-424a-4929-9fea-052d2768b2f7 is started using port 42405
2019-10-15 23:17:58,155 [main] INFO  ozone.MiniOzoneClusterImpl (MiniOzoneClusterImpl.java:lambda$waitForClusterToBeReady$0(147)) - Waiting for cluster to be ready. Got 0 of 7 DN Heartbeats.
2019-10-15 23:17:58,801 [IPC Server handler 1 on 35229] INFO  net.NetworkTopology (NetworkTopologyImpl.java:add(111)) - Added a new node: /default-rack/f3358113-732e-4d1a-b7b4-0079f823154f
2019-10-15 23:17:58,803 [IPC Server handler 1 on 35229] INFO  node.SCMNodeManager (SCMNodeManager.java:register(268)) - Registered Data node : f3358113-732e-4d1a-b7b4-0079f823154f{ip: 192.168.157.213, host: pr-hdds-2221-lrjgr-1037302595, networkLocation: /default-rack, certSerialId: null}
2019-10-15 23:17:58,804 [EventQueue-NodeRegistrationContainerReportForDataNodeSafeModeRule] INFO  safemode.SCMSafeModeManager (DataNodeSafeModeRule.java:process(71)) - SCM in safe mode. 1 DataNodes registered, 1 required.
2019-10-15 23:17:58,807 [EventQueue-NodeRegistrationContainerReportForDataNodeSafeModeRule] INFO  safemode.SCMSafeModeManager (SCMSafeModeManager.java:validateSafeModeExitRules(177)) - ScmSafeModeManager, all rules are successfully validated
2019-10-15 23:17:58,807 [EventQueue-NodeRegistrationContainerReportForDataNodeSafeModeRule] INFO  safemode.SCMSafeModeManager (SCMSafeModeManager.java:exitSafeMode(193)) - SCM exiting safe mode.
2019-10-15 23:17:58,821 [grpc-default-executor-5] INFO  impl.RaftServerProxy (RaftServerProxy.java:addNew(89)) - f3358113-732e-4d1a-b7b4-0079f823154f: addNew group-1238053208E1:[f3358113-732e-4d1a-b7b4-0079f823154f:192.168.157.213:35915] returns group-1238053208E1:java.util.concurrent.CompletableFuture@52a86111[Not completed]
2019-10-15 23:17:58,825 [pool-207-thread-1] INFO  impl.RaftServerImpl (RaftServerImpl.java:<init>(95)) - f3358113-732e-4d1a-b7b4-0079f823154f: new RaftServerImpl for group-1238053208E1:[f3358113-732e-4d1a-b7b4-0079f823154f:192.168.157.213:35915] with ContainerStateMachine:uninitialized
2019-10-15 23:17:58,826 [pool-207-thread-1] INFO  server.RaftServerConfigKeys (ConfUtils.java:logGet(43)) - raft.server.rpc.timeout.min = 5s (custom)
2019-10-15 23:17:58,826 [pool-207-thread-1] INFO  server.RaftServerConfigKeys (ConfUtils.java:logGet(43)) - raft.server.rpc.timeout.max = 5200ms (custom)
2019-10-15 23:17:58,826 [pool-207-thread-1] INFO  server.RaftServerConfigKeys (ConfUtils.java:logGet(43)) - raft.server.rpcslowness.timeout = 120s (custom)
2019-10-15 23:17:58,826 [pool-207-thread-1] INFO  server.RaftServerConfigKeys (ConfUtils.java:logGet(43)) - raft.server.sleep.deviation.threshold = 300 (default)
2019-10-15 23:17:58,826 [pool-207-thread-1] INFO  server.RaftServerConfigKeys (ConfUtils.java:logGet(43)) - raft.server.log.appender.install.snapshot.enabled = false (custom)
2019-10-15 23:17:58,826 [pool-207-thread-1] INFO  impl.RaftServerImpl (ServerState.java:<init>(103)) - f3358113-732e-4d1a-b7b4-0079f823154f@group-1238053208E1: ConfigurationManager, init=-1: [f3358113-732e-4d1a-b7b4-0079f823154f:192.168.157.213:35915], old=null, confs=<EMPTY_MAP>
2019-10-15 23:17:58,827 [pool-207-thread-1] INFO  server.RaftServerConfigKeys (ConfUtils.java:logGet(43)) - raft.server.storage.dir = [/workdir/hadoop-ozone/integration-test/target/test-dir/MiniOzoneClusterImpl-f91735dc-409e-45ff-ac27-ffb842bc1089/datanode-0/data/ratis] (custom)
2019-10-15 23:17:58,827 [pool-207-thread-1] INFO  server.RaftServerConfigKeys (ConfUtils.java:logGet(43)) - raft.server.log.corruption.policy = EXCEPTION (default)
2019-10-15 23:17:58,828 [pool-207-thread-1] INFO  storage.RaftStorageDirectory (RaftStorageDirectory.java:analyzeStorage(246)) - The storage directory /workdir/hadoop-ozone/integration-test/target/test-dir/MiniOzoneClusterImpl-f91735dc-409e-45ff-ac27-ffb842bc1089/datanode-0/data/ratis/0452bf0e-b452-45c6-bd2f-1238053208e1 does not exist. Creating ...
2019-10-15 23:17:58,841 [pool-207-thread-1] INFO  storage.RaftStorageDirectory (RaftStorageDirectory.java:tryLock(328)) - Lock on /workdir/hadoop-ozone/integration-test/target/test-dir/MiniOzoneClusterImpl-f91735dc-409e-45ff-ac27-ffb842bc1089/datanode-0/data/ratis/0452bf0e-b452-45c6-bd2f-1238053208e1/in_use.lock acquired by nodename 4396@pr-hdds-2221-lrjgr-1037302595
2019-10-15 23:17:58,855 [pool-207-thread-1] INFO  storage.RaftStorage (RaftStorage.java:format(84)) - Storage directory /workdir/hadoop-ozone/integration-test/target/test-dir/MiniOzoneClusterImpl-f91735dc-409e-45ff-ac27-ffb842bc1089/datanode-0/data/ratis/0452bf0e-b452-45c6-bd2f-1238053208e1 has been successfully formatted.
2019-10-15 23:17:58,855 [pool-207-thread-1] INFO  ratis.ContainerStateMachine (ContainerStateMachine.java:loadSnapshot(231)) - group-1238053208E1: The snapshot info is null. Setting the last applied indexto:(t:0, i:~)
2019-10-15 23:17:58,856 [pool-207-thread-1] INFO  server.RaftServerConfigKeys (ConfUtils.java:logGet(43)) - raft.server.notification.no-leader.timeout = 120s (custom)
2019-10-15 23:17:58,856 [pool-207-thread-1] INFO  server.RaftServerConfigKeys (ConfUtils.java:logGet(43)) - raft.server.log.use.memory = false (default)
2019-10-15 23:17:58,856 [pool-207-thread-1] INFO  server.RaftServerConfigKeys (ConfUtils.java:logGet(43)) - raft.server.log.purge.gap = 1000000 (custom)
2019-10-15 23:17:58,856 [pool-207-thread-1] INFO  server.RaftServerConfigKeys (ConfUtils.java:logGet(43)) - raft.server.log.appender.buffer.byte-limit = 33554432 (custom)
2019-10-15 23:17:58,856 [pool-207-thread-1] INFO  server.RaftServerConfigKeys (ConfUtils.java:logGet(43)) - raft.server.log.segment.size.max = 1048576 (custom)
2019-10-15 23:17:58,859 [pool-207-thread-1] INFO  server.RaftServerConfigKeys (ConfUtils.java:logGet(43)) - raft.server.log.segment.cache.num.max = 2 (custom)
2019-10-15 23:17:58,859 [pool-207-thread-1] INFO  segmented.SegmentedRaftLogWorker (SegmentedRaftLogWorker.java:<init>(173)) - new f3358113-732e-4d1a-b7b4-0079f823154f@group-1238053208E1-SegmentedRaftLogWorker for RaftStorage:Storage Directory /workdir/hadoop-ozone/integration-test/target/test-dir/MiniOzoneClusterImpl-f91735dc-409e-45ff-ac27-ffb842bc1089/datanode-0/data/ratis/0452bf0e-b452-45c6-bd2f-1238053208e1
2019-10-15 23:17:58,859 [pool-207-thread-1] INFO  server.RaftServerConfigKeys (ConfUtils.java:logGet(43)) - raft.server.log.queue.byte-limit = 2147483647 (custom)
2019-10-15 23:17:58,860 [pool-207-thread-1] INFO  server.RaftServerConfigKeys (ConfUtils.java:logGet(43)) - raft.server.log.queue.element-limit = 1024 (custom)
2019-10-15 23:17:58,860 [pool-207-thread-1] INFO  server.RaftServerConfigKeys (ConfUtils.java:logGet(43)) - raft.server.log.segment.size.max = 1048576 (custom)
2019-10-15 23:17:58,860 [pool-207-thread-1] INFO  server.RaftServerConfigKeys (ConfUtils.java:logGet(43)) - raft.server.log.preallocated.size = 16384 (custom)
2019-10-15 23:17:58,860 [pool-207-thread-1] INFO  server.RaftServerConfigKeys (ConfUtils.java:logGet(43)) - raft.server.log.write.buffer.size = 33554432 (custom)
2019-10-15 23:17:58,860 [pool-207-thread-1] INFO  server.RaftServerConfigKeys (ConfUtils.java:logGet(43)) - raft.server.log.force.sync.num = 128 (default)
2019-10-15 23:17:58,860 [pool-207-thread-1] INFO  server.RaftServerConfigKeys (ConfUtils.java:logGet(43)) - raft.server.log.statemachine.data.sync = true (default)
2019-10-15 23:17:58,861 [pool-207-thread-1] INFO  server.RaftServerConfigKeys (ConfUtils.java:logGet(43)) - raft.server.log.statemachine.data.sync.timeout = 10s (default)
2019-10-15 23:17:58,861 [pool-207-thread-1] INFO  server.RaftServerConfigKeys (ConfUtils.java:logGet(43)) - raft.server.log.statemachine.data.sync.timeout.retry = -1 (default)
2019-10-15 23:17:58,861 [IPC Server handler 5 on 35229] INFO  net.NetworkTopology (NetworkTopologyImpl.java:add(111)) - Added a new node: /default-rack/48eddf45-9652-4002-81b5-fb45ffd80ba8
2019-10-15 23:17:58,861 [IPC Server handler 5 on 35229] INFO  node.SCMNodeManager (SCMNodeManager.java:register(268)) - Registered Data node : 48eddf45-9652-4002-81b5-fb45ffd80ba8{ip: 192.168.157.213, host: pr-hdds-2221-lrjgr-1037302595, networkLocation: /default-rack, certSerialId: null}
2019-10-15 23:17:58,861 [pool-207-thread-1] INFO  server.RaftServerConfigKeys (ConfUtils.java:logGet(43)) - raft.server.log.statemachine.data.caching.enabled = true (custom)
2019-10-15 23:17:58,862 [pool-207-thread-1] INFO  segmented.SegmentedRaftLogWorker (SegmentedRaftLogWorker.java:lambda$new$0(128)) - f3358113-732e-4d1a-b7b4-0079f823154f@group-1238053208E1-SegmentedRaftLogWorker: flushIndex: setUnconditionally 0 -> -1
2019-10-15 23:17:58,862 [pool-207-thread-1] INFO  server.RaftServerConfigKeys (ConfUtils.java:logGet(43)) - raft.server.snapshot.auto.trigger.enabled = true (custom)
2019-10-15 23:17:58,862 [pool-207-thread-1] INFO  server.RaftServerConfigKeys (ConfUtils.java:logGet(43)) - raft.server.snapshot.auto.trigger.threshold = 10000 (custom)
2019-10-15 23:17:58,862 [pool-207-thread-1] INFO  server.RaftServerConfigKeys (ConfUtils.java:logGet(43)) - raft.server.snapshot.retention.file.num = 5 (custom)
2019-10-15 23:17:58,863 [pool-207-thread-1] INFO  server.RaftServerConfigKeys (ConfUtils.java:logGet(43)) - raft.server.retrycache.expirytime = 600000ms (custom)
2019-10-15 23:17:58,865 [pool-207-thread-1] INFO  impl.RaftServerImpl (RaftServerImpl.java:start(181)) - f3358113-732e-4d1a-b7b4-0079f823154f@group-1238053208E1: start as a follower, conf=-1: [f3358113-732e-4d1a-b7b4-0079f823154f:192.168.157.213:35915], old=null
2019-10-15 23:17:58,865 [pool-207-thread-1] INFO  impl.RaftServerImpl (RaftServerImpl.java:setRole(170)) - f3358113-732e-4d1a-b7b4-0079f823154f@group-1238053208E1: changes role from      null to FOLLOWER at term 0 for startAsFollower
2019-10-15 23:17:58,865 [pool-207-thread-1] INFO  impl.RoleInfo (RoleInfo.java:updateAndGet(143)) - f3358113-732e-4d1a-b7b4-0079f823154f: start FollowerState
2019-10-15 23:17:58,866 [pool-207-thread-1] INFO  util.JmxRegister (JmxRegister.java:tryRegister(44)) - Successfully registered JMX Bean with object name Ratis:service=RaftServer,group=group-1238053208E1,id=f3358113-732e-4d1a-b7b4-0079f823154f
2019-10-15 23:17:58,888 [RatisPipelineUtilsThread] INFO  pipeline.PipelineStateManager (PipelineStateManager.java:addPipeline(56)) - Created pipeline Pipeline[ Id: 0452bf0e-b452-45c6-bd2f-1238053208e1, Nodes: f3358113-732e-4d1a-b7b4-0079f823154f{ip: 192.168.157.213, host: pr-hdds-2221-lrjgr-1037302595, networkLocation: /default-rack, certSerialId: null}, Type:RATIS, Factor:ONE, State:OPEN]
2019-10-15 23:17:58,908 [grpc-default-executor-5] INFO  impl.RaftServerProxy (RaftServerProxy.java:addNew(89)) - 48eddf45-9652-4002-81b5-fb45ffd80ba8: addNew group-81BBB453242A:[48eddf45-9652-4002-81b5-fb45ffd80ba8:192.168.157.213:37627] returns group-81BBB453242A:java.util.concurrent.CompletableFuture@6d79a270[Not completed]
2019-10-15 23:17:58,910 [pool-217-thread-1] INFO  impl.RaftServerImpl (RaftServerImpl.java:<init>(95)) - 48eddf45-9652-4002-81b5-fb45ffd80ba8: new RaftServerImpl for group-81BBB453242A:[48eddf45-9652-4002-81b5-fb45ffd80ba8:192.168.157.213:37627] with ContainerStateMachine:uninitialized
2019-10-15 23:17:58,910 [pool-217-thread-1] INFO  server.RaftServerConfigKeys (ConfUtils.java:logGet(43)) - raft.server.rpc.timeout.min = 5s (custom)
2019-10-15 23:17:58,910 [pool-217-thread-1] INFO  server.RaftServerConfigKeys (ConfUtils.java:logGet(43)) - raft.server.rpc.timeout.max = 5200ms (custom)
2019-10-15 23:17:58,910 [pool-217-thread-1] INFO  server.RaftServerConfigKeys (ConfUtils.java:logGet(43)) - raft.server.rpcslowness.timeout = 120s (custom)
2019-10-15 23:17:58,910 [pool-217-thread-1] INFO  server.RaftServerConfigKeys (ConfUtils.java:logGet(43)) - raft.server.sleep.deviation.threshold = 300 (default)
2019-10-15 23:17:58,911 [pool-217-thread-1] INFO  server.RaftServerConfigKeys (ConfUtils.java:logGet(43)) - raft.server.log.appender.install.snapshot.enabled = false (custom)
2019-10-15 23:17:58,911 [pool-217-thread-1] INFO  impl.RaftServerImpl (ServerState.java:<init>(103)) - 48eddf45-9652-4002-81b5-fb45ffd80ba8@group-81BBB453242A: ConfigurationManager, init=-1: [48eddf45-9652-4002-81b5-fb45ffd80ba8:192.168.157.213:37627], old=null, confs=<EMPTY_MAP>
2019-10-15 23:17:58,911 [pool-217-thread-1] INFO  server.RaftServerConfigKeys (ConfUtils.java:logGet(43)) - raft.server.storage.dir = [/workdir/hadoop-ozone/integration-test/target/test-dir/MiniOzoneClusterImpl-f91735dc-409e-45ff-ac27-ffb842bc1089/datanode-1/data/ratis] (custom)
2019-10-15 23:17:58,911 [pool-217-thread-1] INFO  server.RaftServerConfigKeys (ConfUtils.java:logGet(43)) - raft.server.log.corruption.policy = EXCEPTION (default)
2019-10-15 23:17:58,912 [pool-217-thread-1] INFO  storage.RaftStorageDirectory (RaftStorageDirectory.java:analyzeStorage(246)) - The storage directory /workdir/hadoop-ozone/integration-test/target/test-dir/MiniOzoneClusterImpl-f91735dc-409e-45ff-ac27-ffb842bc1089/datanode-1/data/ratis/0dff3948-c032-4132-af02-81bbb453242a does not exist. Creating ...
2019-10-15 23:17:58,919 [IPC Server handler 6 on 35229] INFO  net.NetworkTopology (NetworkTopologyImpl.java:add(111)) - Added a new node: /default-rack/f50f5d79-c925-453f-af51-4b8158da1d4f
2019-10-15 23:17:58,919 [IPC Server handler 6 on 35229] INFO  node.SCMNodeManager (SCMNodeManager.java:register(268)) - Registered Data node : f50f5d79-c925-453f-af51-4b8158da1d4f{ip: 192.168.157.213, host: pr-hdds-2221-lrjgr-1037302595, networkLocation: /default-rack, certSerialId: null}
2019-10-15 23:17:58,925 [pool-217-thread-1] INFO  storage.RaftStorageDirectory (RaftStorageDirectory.java:tryLock(328)) - Lock on /workdir/hadoop-ozone/integration-test/target/test-dir/MiniOzoneClusterImpl-f91735dc-409e-45ff-ac27-ffb842bc1089/datanode-1/data/ratis/0dff3948-c032-4132-af02-81bbb453242a/in_use.lock acquired by nodename 4396@pr-hdds-2221-lrjgr-1037302595
2019-10-15 23:17:58,938 [pool-217-thread-1] INFO  storage.RaftStorage (RaftStorage.java:format(84)) - Storage directory /workdir/hadoop-ozone/integration-test/target/test-dir/MiniOzoneClusterImpl-f91735dc-409e-45ff-ac27-ffb842bc1089/datanode-1/data/ratis/0dff3948-c032-4132-af02-81bbb453242a has been successfully formatted.
2019-10-15 23:17:58,938 [pool-217-thread-1] INFO  ratis.ContainerStateMachine (ContainerStateMachine.java:loadSnapshot(231)) - group-81BBB453242A: The snapshot info is null. Setting the last applied indexto:(t:0, i:~)
2019-10-15 23:17:58,938 [pool-217-thread-1] INFO  server.RaftServerConfigKeys (ConfUtils.java:logGet(43)) - raft.server.notification.no-leader.timeout = 120s (custom)
2019-10-15 23:17:58,938 [pool-217-thread-1] INFO  server.RaftServerConfigKeys (ConfUtils.java:logGet(43)) - raft.server.log.use.memory = false (default)
2019-10-15 23:17:58,939 [pool-217-thread-1] INFO  server.RaftServerConfigKeys (ConfUtils.java:logGet(43)) - raft.server.log.purge.gap = 1000000 (custom)
2019-10-15 23:17:58,939 [pool-217-thread-1] INFO  server.RaftServerConfigKeys (ConfUtils.java:logGet(43)) - raft.server.log.appender.buffer.byte-limit = 33554432 (custom)
2019-10-15 23:17:58,939 [pool-217-thread-1] INFO  server.RaftServerConfigKeys (ConfUtils.java:logGet(43)) - raft.server.log.segment.size.max = 1048576 (custom)
2019-10-15 23:17:58,942 [pool-217-thread-1] INFO  server.RaftServerConfigKeys (ConfUtils.java:logGet(43)) - raft.server.log.segment.cache.num.max = 2 (custom)
2019-10-15 23:17:58,942 [pool-217-thread-1] INFO  segmented.SegmentedRaftLogWorker (SegmentedRaftLogWorker.java:<init>(173)) - new 48eddf45-9652-4002-81b5-fb45ffd80ba8@group-81BBB453242A-SegmentedRaftLogWorker for RaftStorage:Storage Directory /workdir/hadoop-ozone/integration-test/target/test-dir/MiniOzoneClusterImpl-f91735dc-409e-45ff-ac27-ffb842bc1089/datanode-1/data/ratis/0dff3948-c032-4132-af02-81bbb453242a
2019-10-15 23:17:58,942 [pool-217-thread-1] INFO  server.RaftServerConfigKeys (ConfUtils.java:logGet(43)) - raft.server.log.queue.byte-limit = 2147483647 (custom)
2019-10-15 23:17:58,942 [pool-217-thread-1] INFO  server.RaftServerConfigKeys (ConfUtils.java:logGet(43)) - raft.server.log.queue.element-limit = 1024 (custom)
2019-10-15 23:17:58,942 [pool-217-thread-1] INFO  server.RaftServerConfigKeys (ConfUtils.java:logGet(43)) - raft.server.log.segment.size.max = 1048576 (custom)
2019-10-15 23:17:58,943 [pool-217-thread-1] INFO  server.RaftServerConfigKeys (ConfUtils.java:logGet(43)) - raft.server.log.preallocated.size = 16384 (custom)
2019-10-15 23:17:58,943 [pool-217-thread-1] INFO  server.RaftServerConfigKeys (ConfUtils.java:logGet(43)) - raft.server.log.write.buffer.size = 33554432 (custom)
2019-10-15 23:17:58,943 [pool-217-thread-1] INFO  server.RaftServerConfigKeys (ConfUtils.java:logGet(43)) - raft.server.log.force.sync.num = 128 (default)
2019-10-15 23:17:58,943 [pool-217-thread-1] INFO  server.RaftServerConfigKeys (ConfUtils.java:logGet(43)) - raft.server.log.statemachine.data.sync = true (default)
2019-10-15 23:17:58,943 [pool-217-thread-1] INFO  server.RaftServerConfigKeys (ConfUtils.java:logGet(43)) - raft.server.log.statemachine.data.sync.timeout = 10s (default)
2019-10-15 23:17:58,943 [pool-217-thread-1] INFO  server.RaftServerConfigKeys (ConfUtils.java:logGet(43)) - raft.server.log.statemachine.data.sync.timeout.retry = -1 (default)
2019-10-15 23:17:58,944 [pool-217-thread-1] INFO  server.RaftServerConfigKeys (ConfUtils.java:logGet(43)) - raft.server.log.statemachine.data.caching.enabled = true (custom)
2019-10-15 23:17:58,944 [pool-217-thread-1] INFO  segmented.SegmentedRaftLogWorker (SegmentedRaftLogWorker.java:lambda$new$0(128)) - 48eddf45-9652-4002-81b5-fb45ffd80ba8@group-81BBB453242A-SegmentedRaftLogWorker: flushIndex: setUnconditionally 0 -> -1
2019-10-15 23:17:58,944 [pool-217-thread-1] INFO  server.RaftServerConfigKeys (ConfUtils.java:logGet(43)) - raft.server.snapshot.auto.trigger.enabled = true (custom)
2019-10-15 23:17:58,945 [pool-217-thread-1] INFO  server.RaftServerConfigKeys (ConfUtils.java:logGet(43)) - raft.server.snapshot.auto.trigger.threshold = 10000 (custom)
2019-10-15 23:17:58,945 [pool-217-thread-1] INFO  server.RaftServerConfigKeys (ConfUtils.java:logGet(43)) - raft.server.snapshot.retention.file.num = 5 (custom)
2019-10-15 23:17:58,945 [pool-217-thread-1] INFO  server.RaftServerConfigKeys (ConfUtils.java:logGet(43)) - raft.server.retrycache.expirytime = 600000ms (custom)
2019-10-15 23:17:58,947 [pool-217-thread-1] INFO  impl.RaftServerImpl (RaftServerImpl.java:start(181)) - 48eddf45-9652-4002-81b5-fb45ffd80ba8@group-81BBB453242A: start as a follower, conf=-1: [48eddf45-9652-4002-81b5-fb45ffd80ba8:192.168.157.213:37627], old=null
2019-10-15 23:17:58,947 [pool-217-thread-1] INFO  impl.RaftServerImpl (RaftServerImpl.java:setRole(170)) - 48eddf45-9652-4002-81b5-fb45ffd80ba8@group-81BBB453242A: changes role from      null to FOLLOWER at term 0 for startAsFollower
2019-10-15 23:17:58,947 [pool-217-thread-1] INFO  impl.RoleInfo (RoleInfo.java:updateAndGet(143)) - 48eddf45-9652-4002-81b5-fb45ffd80ba8: start FollowerState
2019-10-15 23:17:58,948 [pool-217-thread-1] INFO  util.JmxRegister (JmxRegister.java:tryRegister(44)) - Successfully registered JMX Bean with object name Ratis:service=RaftServer,group=group-81BBB453242A,id=48eddf45-9652-4002-81b5-fb45ffd80ba8
2019-10-15 23:17:58,954 [RatisPipelineUtilsThread] INFO  pipeline.PipelineStateManager (PipelineStateManager.java:addPipeline(56)) - Created pipeline Pipeline[ Id: 0dff3948-c032-4132-af02-81bbb453242a, Nodes: 48eddf45-9652-4002-81b5-fb45ffd80ba8{ip: 192.168.157.213, host: pr-hdds-2221-lrjgr-1037302595, networkLocation: /default-rack, certSerialId: null}, Type:RATIS, Factor:ONE, State:OPEN]
2019-10-15 23:17:58,961 [grpc-default-executor-5] INFO  impl.RaftServerProxy (RaftServerProxy.java:addNew(89)) - f50f5d79-c925-453f-af51-4b8158da1d4f: addNew group-C662EF0DEE46:[f50f5d79-c925-453f-af51-4b8158da1d4f:192.168.157.213:35553] returns group-C662EF0DEE46:java.util.concurrent.CompletableFuture@7c6d0f01[Not completed]
2019-10-15 23:17:58,963 [pool-227-thread-1] INFO  impl.RaftServerImpl (RaftServerImpl.java:<init>(95)) - f50f5d79-c925-453f-af51-4b8158da1d4f: new RaftServerImpl for group-C662EF0DEE46:[f50f5d79-c925-453f-af51-4b8158da1d4f:192.168.157.213:35553] with ContainerStateMachine:uninitialized
2019-10-15 23:17:58,963 [pool-227-thread-1] INFO  server.RaftServerConfigKeys (ConfUtils.java:logGet(43)) - raft.server.rpc.timeout.min = 5s (custom)
2019-10-15 23:17:58,963 [pool-227-thread-1] INFO  server.RaftServerConfigKeys (ConfUtils.java:logGet(43)) - raft.server.rpc.timeout.max = 5200ms (custom)
2019-10-15 23:17:58,963 [pool-227-thread-1] INFO  server.RaftServerConfigKeys (ConfUtils.java:logGet(43)) - raft.server.rpcslowness.timeout = 120s (custom)
2019-10-15 23:17:58,963 [pool-227-thread-1] INFO  server.RaftServerConfigKeys (ConfUtils.java:logGet(43)) - raft.server.sleep.deviation.threshold = 300 (default)
2019-10-15 23:17:58,963 [pool-227-thread-1] INFO  server.RaftServerConfigKeys (ConfUtils.java:logGet(43)) - raft.server.log.appender.install.snapshot.enabled = false (custom)
2019-10-15 23:17:58,964 [pool-227-thread-1] INFO  impl.RaftServerImpl (ServerState.java:<init>(103)) - f50f5d79-c925-453f-af51-4b8158da1d4f@group-C662EF0DEE46: ConfigurationManager, init=-1: [f50f5d79-c925-453f-af51-4b8158da1d4f:192.168.157.213:35553], old=null, confs=<EMPTY_MAP>
2019-10-15 23:17:58,964 [pool-227-thread-1] INFO  server.RaftServerConfigKeys (ConfUtils.java:logGet(43)) - raft.server.storage.dir = [/workdir/hadoop-ozone/integration-test/target/test-dir/MiniOzoneClusterImpl-f91735dc-409e-45ff-ac27-ffb842bc1089/datanode-2/data/ratis] (custom)
2019-10-15 23:17:58,964 [pool-227-thread-1] INFO  server.RaftServerConfigKeys (ConfUtils.java:logGet(43)) - raft.server.log.corruption.policy = EXCEPTION (default)
2019-10-15 23:17:58,964 [pool-227-thread-1] INFO  storage.RaftStorageDirectory (RaftStorageDirectory.java:analyzeStorage(246)) - The storage directory /workdir/hadoop-ozone/integration-test/target/test-dir/MiniOzoneClusterImpl-f91735dc-409e-45ff-ac27-ffb842bc1089/datanode-2/data/ratis/f5eda4fe-189e-4ebb-bd6d-c662ef0dee46 does not exist. Creating ...
2019-10-15 23:17:58,975 [IPC Server handler 7 on 35229] INFO  net.NetworkTopology (NetworkTopologyImpl.java:add(111)) - Added a new node: /default-rack/9a32c150-8a71-44f8-a6d2-35b751a73f8d
2019-10-15 23:17:58,976 [IPC Server handler 7 on 35229] INFO  node.SCMNodeManager (SCMNodeManager.java:register(268)) - Registered Data node : 9a32c150-8a71-44f8-a6d2-35b751a73f8d{ip: 192.168.157.213, host: pr-hdds-2221-lrjgr-1037302595, networkLocation: /default-rack, certSerialId: null}
2019-10-15 23:17:58,977 [pool-227-thread-1] INFO  storage.RaftStorageDirectory (RaftStorageDirectory.java:tryLock(328)) - Lock on /workdir/hadoop-ozone/integration-test/target/test-dir/MiniOzoneClusterImpl-f91735dc-409e-45ff-ac27-ffb842bc1089/datanode-2/data/ratis/f5eda4fe-189e-4ebb-bd6d-c662ef0dee46/in_use.lock acquired by nodename 4396@pr-hdds-2221-lrjgr-1037302595
2019-10-15 23:17:58,990 [pool-227-thread-1] INFO  storage.RaftStorage (RaftStorage.java:format(84)) - Storage directory /workdir/hadoop-ozone/integration-test/target/test-dir/MiniOzoneClusterImpl-f91735dc-409e-45ff-ac27-ffb842bc1089/datanode-2/data/ratis/f5eda4fe-189e-4ebb-bd6d-c662ef0dee46 has been successfully formatted.
2019-10-15 23:17:58,991 [pool-227-thread-1] INFO  ratis.ContainerStateMachine (ContainerStateMachine.java:loadSnapshot(231)) - group-C662EF0DEE46: The snapshot info is null. Setting the last applied indexto:(t:0, i:~)
2019-10-15 23:17:58,991 [pool-227-thread-1] INFO  server.RaftServerConfigKeys (ConfUtils.java:logGet(43)) - raft.server.notification.no-leader.timeout = 120s (custom)
2019-10-15 23:17:58,991 [pool-227-thread-1] INFO  server.RaftServerConfigKeys (ConfUtils.java:logGet(43)) - raft.server.log.use.memory = false (default)
2019-10-15 23:17:58,991 [pool-227-thread-1] INFO  server.RaftServerConfigKeys (ConfUtils.java:logGet(43)) - raft.server.log.purge.gap = 1000000 (custom)
2019-10-15 23:17:58,991 [pool-227-thread-1] INFO  server.RaftServerConfigKeys (ConfUtils.java:logGet(43)) - raft.server.log.appender.buffer.byte-limit = 33554432 (custom)
2019-10-15 23:17:58,991 [pool-227-thread-1] INFO  server.RaftServerConfigKeys (ConfUtils.java:logGet(43)) - raft.server.log.segment.size.max = 1048576 (custom)
2019-10-15 23:17:58,994 [pool-227-thread-1] INFO  server.RaftServerConfigKeys (ConfUtils.java:logGet(43)) - raft.server.log.segment.cache.num.max = 2 (custom)
2019-10-15 23:17:58,994 [pool-227-thread-1] INFO  segmented.SegmentedRaftLogWorker (SegmentedRaftLogWorker.java:<init>(173)) - new f50f5d79-c925-453f-af51-4b8158da1d4f@group-C662EF0DEE46-SegmentedRaftLogWorker for RaftStorage:Storage Directory /workdir/hadoop-ozone/integration-test/target/test-dir/MiniOzoneClusterImpl-f91735dc-409e-45ff-ac27-ffb842bc1089/datanode-2/data/ratis/f5eda4fe-189e-4ebb-bd6d-c662ef0dee46
2019-10-15 23:17:58,994 [pool-227-thread-1] INFO  server.RaftServerConfigKeys (ConfUtils.java:logGet(43)) - raft.server.log.queue.byte-limit = 2147483647 (custom)
2019-10-15 23:17:58,994 [pool-227-thread-1] INFO  server.RaftServerConfigKeys (ConfUtils.java:logGet(43)) - raft.server.log.queue.element-limit = 1024 (custom)
2019-10-15 23:17:58,994 [pool-227-thread-1] INFO  server.RaftServerConfigKeys (ConfUtils.java:logGet(43)) - raft.server.log.segment.size.max = 1048576 (custom)
2019-10-15 23:17:58,994 [pool-227-thread-1] INFO  server.RaftServerConfigKeys (ConfUtils.java:logGet(43)) - raft.server.log.preallocated.size = 16384 (custom)
2019-10-15 23:17:58,995 [pool-227-thread-1] INFO  server.RaftServerConfigKeys (ConfUtils.java:logGet(43)) - raft.server.log.write.buffer.size = 33554432 (custom)
2019-10-15 23:17:58,995 [pool-227-thread-1] INFO  server.RaftServerConfigKeys (ConfUtils.java:logGet(43)) - raft.server.log.force.sync.num = 128 (default)
2019-10-15 23:17:58,995 [pool-227-thread-1] INFO  server.RaftServerConfigKeys (ConfUtils.java:logGet(43)) - raft.server.log.statemachine.data.sync = true (default)
2019-10-15 23:17:58,995 [pool-227-thread-1] INFO  server.RaftServerConfigKeys (ConfUtils.java:logGet(43)) - raft.server.log.statemachine.data.sync.timeout = 10s (default)
2019-10-15 23:17:58,995 [pool-227-thread-1] INFO  server.RaftServerConfigKeys (ConfUtils.java:logGet(43)) - raft.server.log.statemachine.data.sync.timeout.retry = -1 (default)
2019-10-15 23:17:58,996 [pool-227-thread-1] INFO  server.RaftServerConfigKeys (ConfUtils.java:logGet(43)) - raft.server.log.statemachine.data.caching.enabled = true (custom)
2019-10-15 23:17:58,997 [pool-227-thread-1] INFO  segmented.SegmentedRaftLogWorker (SegmentedRaftLogWorker.java:lambda$new$0(128)) - f50f5d79-c925-453f-af51-4b8158da1d4f@group-C662EF0DEE46-SegmentedRaftLogWorker: flushIndex: setUnconditionally 0 -> -1
2019-10-15 23:17:58,997 [pool-227-thread-1] INFO  server.RaftServerConfigKeys (ConfUtils.java:logGet(43)) - raft.server.snapshot.auto.trigger.enabled = true (custom)
2019-10-15 23:17:58,997 [pool-227-thread-1] INFO  server.RaftServerConfigKeys (ConfUtils.java:logGet(43)) - raft.server.snapshot.auto.trigger.threshold = 10000 (custom)
2019-10-15 23:17:58,998 [pool-227-thread-1] INFO  server.RaftServerConfigKeys (ConfUtils.java:logGet(43)) - raft.server.snapshot.retention.file.num = 5 (custom)
2019-10-15 23:17:58,998 [pool-227-thread-1] INFO  server.RaftServerConfigKeys (ConfUtils.java:logGet(43)) - raft.server.retrycache.expirytime = 600000ms (custom)
2019-10-15 23:17:59,000 [pool-227-thread-1] INFO  impl.RaftServerImpl (RaftServerImpl.java:start(181)) - f50f5d79-c925-453f-af51-4b8158da1d4f@group-C662EF0DEE46: start as a follower, conf=-1: [f50f5d79-c925-453f-af51-4b8158da1d4f:192.168.157.213:35553], old=null
2019-10-15 23:17:59,000 [pool-227-thread-1] INFO  impl.RaftServerImpl (RaftServerImpl.java:setRole(170)) - f50f5d79-c925-453f-af51-4b8158da1d4f@group-C662EF0DEE46: changes role from      null to FOLLOWER at term 0 for startAsFollower
2019-10-15 23:17:59,000 [pool-227-thread-1] INFO  impl.RoleInfo (RoleInfo.java:updateAndGet(143)) - f50f5d79-c925-453f-af51-4b8158da1d4f: start FollowerState
2019-10-15 23:17:59,001 [pool-227-thread-1] INFO  util.JmxRegister (JmxRegister.java:tryRegister(44)) - Successfully registered JMX Bean with object name Ratis:service=RaftServer,group=group-C662EF0DEE46,id=f50f5d79-c925-453f-af51-4b8158da1d4f
2019-10-15 23:17:59,008 [RatisPipelineUtilsThread] INFO  pipeline.PipelineStateManager (PipelineStateManager.java:addPipeline(56)) - Created pipeline Pipeline[ Id: f5eda4fe-189e-4ebb-bd6d-c662ef0dee46, Nodes: f50f5d79-c925-453f-af51-4b8158da1d4f{ip: 192.168.157.213, host: pr-hdds-2221-lrjgr-1037302595, networkLocation: /default-rack, certSerialId: null}, Type:RATIS, Factor:ONE, State:OPEN]
2019-10-15 23:17:59,016 [grpc-default-executor-5] INFO  impl.RaftServerProxy (RaftServerProxy.java:addNew(89)) - 9a32c150-8a71-44f8-a6d2-35b751a73f8d: addNew group-0714A599B78F:[9a32c150-8a71-44f8-a6d2-35b751a73f8d:192.168.157.213:38325] returns group-0714A599B78F:java.util.concurrent.CompletableFuture@719cf6aa[Not completed]
2019-10-15 23:17:59,018 [pool-237-thread-1] INFO  impl.RaftServerImpl (RaftServerImpl.java:<init>(95)) - 9a32c150-8a71-44f8-a6d2-35b751a73f8d: new RaftServerImpl for group-0714A599B78F:[9a32c150-8a71-44f8-a6d2-35b751a73f8d:192.168.157.213:38325] with ContainerStateMachine:uninitialized
2019-10-15 23:17:59,018 [pool-237-thread-1] INFO  server.RaftServerConfigKeys (ConfUtils.java:logGet(43)) - raft.server.rpc.timeout.min = 5s (custom)
2019-10-15 23:17:59,018 [pool-237-thread-1] INFO  server.RaftServerConfigKeys (ConfUtils.java:logGet(43)) - raft.server.rpc.timeout.max = 5200ms (custom)
2019-10-15 23:17:59,019 [pool-237-thread-1] INFO  server.RaftServerConfigKeys (ConfUtils.java:logGet(43)) - raft.server.rpcslowness.timeout = 120s (custom)
2019-10-15 23:17:59,019 [pool-237-thread-1] INFO  server.RaftServerConfigKeys (ConfUtils.java:logGet(43)) - raft.server.sleep.deviation.threshold = 300 (default)
2019-10-15 23:17:59,019 [pool-237-thread-1] INFO  server.RaftServerConfigKeys (ConfUtils.java:logGet(43)) - raft.server.log.appender.install.snapshot.enabled = false (custom)
2019-10-15 23:17:59,019 [pool-237-thread-1] INFO  impl.RaftServerImpl (ServerState.java:<init>(103)) - 9a32c150-8a71-44f8-a6d2-35b751a73f8d@group-0714A599B78F: ConfigurationManager, init=-1: [9a32c150-8a71-44f8-a6d2-35b751a73f8d:192.168.157.213:38325], old=null, confs=<EMPTY_MAP>
2019-10-15 23:17:59,019 [pool-237-thread-1] INFO  server.RaftServerConfigKeys (ConfUtils.java:logGet(43)) - raft.server.storage.dir = [/workdir/hadoop-ozone/integration-test/target/test-dir/MiniOzoneClusterImpl-f91735dc-409e-45ff-ac27-ffb842bc1089/datanode-3/data/ratis] (custom)
2019-10-15 23:17:59,020 [pool-237-thread-1] INFO  server.RaftServerConfigKeys (ConfUtils.java:logGet(43)) - raft.server.log.corruption.policy = EXCEPTION (default)
2019-10-15 23:17:59,020 [pool-237-thread-1] INFO  storage.RaftStorageDirectory (RaftStorageDirectory.java:analyzeStorage(246)) - The storage directory /workdir/hadoop-ozone/integration-test/target/test-dir/MiniOzoneClusterImpl-f91735dc-409e-45ff-ac27-ffb842bc1089/datanode-3/data/ratis/6c018803-0c4d-45ab-a823-0714a599b78f does not exist. Creating ...
2019-10-15 23:17:59,034 [pool-237-thread-1] INFO  storage.RaftStorageDirectory (RaftStorageDirectory.java:tryLock(328)) - Lock on /workdir/hadoop-ozone/integration-test/target/test-dir/MiniOzoneClusterImpl-f91735dc-409e-45ff-ac27-ffb842bc1089/datanode-3/data/ratis/6c018803-0c4d-45ab-a823-0714a599b78f/in_use.lock acquired by nodename 4396@pr-hdds-2221-lrjgr-1037302595
2019-10-15 23:17:59,035 [IPC Server handler 0 on 35229] INFO  net.NetworkTopology (NetworkTopologyImpl.java:add(111)) - Added a new node: /default-rack/10266a97-a68e-492c-868a-f014903942e5
2019-10-15 23:17:59,036 [IPC Server handler 0 on 35229] INFO  node.SCMNodeManager (SCMNodeManager.java:register(268)) - Registered Data node : 10266a97-a68e-492c-868a-f014903942e5{ip: 192.168.157.213, host: pr-hdds-2221-lrjgr-1037302595, networkLocation: /default-rack, certSerialId: null}
2019-10-15 23:17:59,048 [pool-237-thread-1] INFO  storage.RaftStorage (RaftStorage.java:format(84)) - Storage directory /workdir/hadoop-ozone/integration-test/target/test-dir/MiniOzoneClusterImpl-f91735dc-409e-45ff-ac27-ffb842bc1089/datanode-3/data/ratis/6c018803-0c4d-45ab-a823-0714a599b78f has been successfully formatted.
2019-10-15 23:17:59,048 [pool-237-thread-1] INFO  ratis.ContainerStateMachine (ContainerStateMachine.java:loadSnapshot(231)) - group-0714A599B78F: The snapshot info is null. Setting the last applied indexto:(t:0, i:~)
2019-10-15 23:17:59,048 [pool-237-thread-1] INFO  server.RaftServerConfigKeys (ConfUtils.java:logGet(43)) - raft.server.notification.no-leader.timeout = 120s (custom)
2019-10-15 23:17:59,048 [pool-237-thread-1] INFO  server.RaftServerConfigKeys (ConfUtils.java:logGet(43)) - raft.server.log.use.memory = false (default)
2019-10-15 23:17:59,048 [pool-237-thread-1] INFO  server.RaftServerConfigKeys (ConfUtils.java:logGet(43)) - raft.server.log.purge.gap = 1000000 (custom)
2019-10-15 23:17:59,049 [pool-237-thread-1] INFO  server.RaftServerConfigKeys (ConfUtils.java:logGet(43)) - raft.server.log.appender.buffer.byte-limit = 33554432 (custom)
2019-10-15 23:17:59,049 [pool-237-thread-1] INFO  server.RaftServerConfigKeys (ConfUtils.java:logGet(43)) - raft.server.log.segment.size.max = 1048576 (custom)
2019-10-15 23:17:59,051 [pool-237-thread-1] INFO  server.RaftServerConfigKeys (ConfUtils.java:logGet(43)) - raft.server.log.segment.cache.num.max = 2 (custom)
2019-10-15 23:17:59,051 [pool-237-thread-1] INFO  segmented.SegmentedRaftLogWorker (SegmentedRaftLogWorker.java:<init>(173)) - new 9a32c150-8a71-44f8-a6d2-35b751a73f8d@group-0714A599B78F-SegmentedRaftLogWorker for RaftStorage:Storage Directory /workdir/hadoop-ozone/integration-test/target/test-dir/MiniOzoneClusterImpl-f91735dc-409e-45ff-ac27-ffb842bc1089/datanode-3/data/ratis/6c018803-0c4d-45ab-a823-0714a599b78f
2019-10-15 23:17:59,051 [pool-237-thread-1] INFO  server.RaftServerConfigKeys (ConfUtils.java:logGet(43)) - raft.server.log.queue.byte-limit = 2147483647 (custom)
2019-10-15 23:17:59,051 [pool-237-thread-1] INFO  server.RaftServerConfigKeys (ConfUtils.java:logGet(43)) - raft.server.log.queue.element-limit = 1024 (custom)
2019-10-15 23:17:59,052 [pool-237-thread-1] INFO  server.RaftServerConfigKeys (ConfUtils.java:logGet(43)) - raft.server.log.segment.size.max = 1048576 (custom)
2019-10-15 23:17:59,052 [pool-237-thread-1] INFO  server.RaftServerConfigKeys (ConfUtils.java:logGet(43)) - raft.server.log.preallocated.size = 16384 (custom)
2019-10-15 23:17:59,052 [pool-237-thread-1] INFO  server.RaftServerConfigKeys (ConfUtils.java:logGet(43)) - raft.server.log.write.buffer.size = 33554432 (custom)
2019-10-15 23:17:59,052 [pool-237-thread-1] INFO  server.RaftServerConfigKeys (ConfUtils.java:logGet(43)) - raft.server.log.force.sync.num = 128 (default)
2019-10-15 23:17:59,052 [pool-237-thread-1] INFO  server.RaftServerConfigKeys (ConfUtils.java:logGet(43)) - raft.server.log.statemachine.data.sync = true (default)
2019-10-15 23:17:59,052 [pool-237-thread-1] INFO  server.RaftServerConfigKeys (ConfUtils.java:logGet(43)) - raft.server.log.statemachine.data.sync.timeout = 10s (default)
2019-10-15 23:17:59,052 [pool-237-thread-1] INFO  server.RaftServerConfigKeys (ConfUtils.java:logGet(43)) - raft.server.log.statemachine.data.sync.timeout.retry = -1 (default)
2019-10-15 23:17:59,053 [pool-237-thread-1] INFO  server.RaftServerConfigKeys (ConfUtils.java:logGet(43)) - raft.server.log.statemachine.data.caching.enabled = true (custom)
2019-10-15 23:17:59,053 [pool-237-thread-1] INFO  segmented.SegmentedRaftLogWorker (SegmentedRaftLogWorker.java:lambda$new$0(128)) - 9a32c150-8a71-44f8-a6d2-35b751a73f8d@group-0714A599B78F-SegmentedRaftLogWorker: flushIndex: setUnconditionally 0 -> -1
2019-10-15 23:17:59,054 [pool-237-thread-1] INFO  server.RaftServerConfigKeys (ConfUtils.java:logGet(43)) - raft.server.snapshot.auto.trigger.enabled = true (custom)
2019-10-15 23:17:59,054 [pool-237-thread-1] INFO  server.RaftServerConfigKeys (ConfUtils.java:logGet(43)) - raft.server.snapshot.auto.trigger.threshold = 10000 (custom)
2019-10-15 23:17:59,054 [pool-237-thread-1] INFO  server.RaftServerConfigKeys (ConfUtils.java:logGet(43)) - raft.server.snapshot.retention.file.num = 5 (custom)
2019-10-15 23:17:59,054 [pool-237-thread-1] INFO  server.RaftServerConfigKeys (ConfUtils.java:logGet(43)) - raft.server.retrycache.expirytime = 600000ms (custom)
2019-10-15 23:17:59,056 [pool-237-thread-1] INFO  impl.RaftServerImpl (RaftServerImpl.java:start(181)) - 9a32c150-8a71-44f8-a6d2-35b751a73f8d@group-0714A599B78F: start as a follower, conf=-1: [9a32c150-8a71-44f8-a6d2-35b751a73f8d:192.168.157.213:38325], old=null
2019-10-15 23:17:59,056 [pool-237-thread-1] INFO  impl.RaftServerImpl (RaftServerImpl.java:setRole(170)) - 9a32c150-8a71-44f8-a6d2-35b751a73f8d@group-0714A599B78F: changes role from      null to FOLLOWER at term 0 for startAsFollower
2019-10-15 23:17:59,057 [pool-237-thread-1] INFO  impl.RoleInfo (RoleInfo.java:updateAndGet(143)) - 9a32c150-8a71-44f8-a6d2-35b751a73f8d: start FollowerState
2019-10-15 23:17:59,057 [pool-237-thread-1] INFO  util.JmxRegister (JmxRegister.java:tryRegister(44)) - Successfully registered JMX Bean with object name Ratis:service=RaftServer,group=group-0714A599B78F,id=9a32c150-8a71-44f8-a6d2-35b751a73f8d
2019-10-15 23:17:59,065 [RatisPipelineUtilsThread] INFO  pipeline.PipelineStateManager (PipelineStateManager.java:addPipeline(56)) - Created pipeline Pipeline[ Id: 6c018803-0c4d-45ab-a823-0714a599b78f, Nodes: 9a32c150-8a71-44f8-a6d2-35b751a73f8d{ip: 192.168.157.213, host: pr-hdds-2221-lrjgr-1037302595, networkLocation: /default-rack, certSerialId: null}, Type:RATIS, Factor:ONE, State:OPEN]
2019-10-15 23:17:59,072 [grpc-default-executor-5] INFO  impl.RaftServerProxy (RaftServerProxy.java:addNew(89)) - 10266a97-a68e-492c-868a-f014903942e5: addNew group-74343F53963F:[10266a97-a68e-492c-868a-f014903942e5:192.168.157.213:36499] returns group-74343F53963F:java.util.concurrent.CompletableFuture@4f960376[Not completed]
2019-10-15 23:17:59,073 [pool-247-thread-1] INFO  impl.RaftServerImpl (RaftServerImpl.java:<init>(95)) - 10266a97-a68e-492c-868a-f014903942e5: new RaftServerImpl for group-74343F53963F:[10266a97-a68e-492c-868a-f014903942e5:192.168.157.213:36499] with ContainerStateMachine:uninitialized
2019-10-15 23:17:59,073 [pool-247-thread-1] INFO  server.RaftServerConfigKeys (ConfUtils.java:logGet(43)) - raft.server.rpc.timeout.min = 5s (custom)
2019-10-15 23:17:59,074 [pool-247-thread-1] INFO  server.RaftServerConfigKeys (ConfUtils.java:logGet(43)) - raft.server.rpc.timeout.max = 5200ms (custom)
2019-10-15 23:17:59,074 [pool-247-thread-1] INFO  server.RaftServerConfigKeys (ConfUtils.java:logGet(43)) - raft.server.rpcslowness.timeout = 120s (custom)
2019-10-15 23:17:59,074 [pool-247-thread-1] INFO  server.RaftServerConfigKeys (ConfUtils.java:logGet(43)) - raft.server.sleep.deviation.threshold = 300 (default)
2019-10-15 23:17:59,074 [pool-247-thread-1] INFO  server.RaftServerConfigKeys (ConfUtils.java:logGet(43)) - raft.server.log.appender.install.snapshot.enabled = false (custom)
2019-10-15 23:17:59,074 [pool-247-thread-1] INFO  impl.RaftServerImpl (ServerState.java:<init>(103)) - 10266a97-a68e-492c-868a-f014903942e5@group-74343F53963F: ConfigurationManager, init=-1: [10266a97-a68e-492c-868a-f014903942e5:192.168.157.213:36499], old=null, confs=<EMPTY_MAP>
2019-10-15 23:17:59,074 [pool-247-thread-1] INFO  server.RaftServerConfigKeys (ConfUtils.java:logGet(43)) - raft.server.storage.dir = [/workdir/hadoop-ozone/integration-test/target/test-dir/MiniOzoneClusterImpl-f91735dc-409e-45ff-ac27-ffb842bc1089/datanode-4/data/ratis] (custom)
2019-10-15 23:17:59,075 [pool-247-thread-1] INFO  server.RaftServerConfigKeys (ConfUtils.java:logGet(43)) - raft.server.log.corruption.policy = EXCEPTION (default)
2019-10-15 23:17:59,075 [pool-247-thread-1] INFO  storage.RaftStorageDirectory (RaftStorageDirectory.java:analyzeStorage(246)) - The storage directory /workdir/hadoop-ozone/integration-test/target/test-dir/MiniOzoneClusterImpl-f91735dc-409e-45ff-ac27-ffb842bc1089/datanode-4/data/ratis/8c664b19-84e2-4c76-a910-74343f53963f does not exist. Creating ...
2019-10-15 23:17:59,088 [pool-247-thread-1] INFO  storage.RaftStorageDirectory (RaftStorageDirectory.java:tryLock(328)) - Lock on /workdir/hadoop-ozone/integration-test/target/test-dir/MiniOzoneClusterImpl-f91735dc-409e-45ff-ac27-ffb842bc1089/datanode-4/data/ratis/8c664b19-84e2-4c76-a910-74343f53963f/in_use.lock acquired by nodename 4396@pr-hdds-2221-lrjgr-1037302595
2019-10-15 23:17:59,099 [IPC Server handler 9 on 35229] INFO  net.NetworkTopology (NetworkTopologyImpl.java:add(111)) - Added a new node: /default-rack/4e22ce28-ed75-4077-ae66-0eeee3a71adc
2019-10-15 23:17:59,099 [IPC Server handler 9 on 35229] INFO  node.SCMNodeManager (SCMNodeManager.java:register(268)) - Registered Data node : 4e22ce28-ed75-4077-ae66-0eeee3a71adc{ip: 192.168.157.213, host: pr-hdds-2221-lrjgr-1037302595, networkLocation: /default-rack, certSerialId: null}
2019-10-15 23:17:59,100 [pool-247-thread-1] INFO  storage.RaftStorage (RaftStorage.java:format(84)) - Storage directory /workdir/hadoop-ozone/integration-test/target/test-dir/MiniOzoneClusterImpl-f91735dc-409e-45ff-ac27-ffb842bc1089/datanode-4/data/ratis/8c664b19-84e2-4c76-a910-74343f53963f has been successfully formatted.
2019-10-15 23:17:59,101 [pool-247-thread-1] INFO  ratis.ContainerStateMachine (ContainerStateMachine.java:loadSnapshot(231)) - group-74343F53963F: The snapshot info is null. Setting the last applied indexto:(t:0, i:~)
2019-10-15 23:17:59,101 [pool-247-thread-1] INFO  server.RaftServerConfigKeys (ConfUtils.java:logGet(43)) - raft.server.notification.no-leader.timeout = 120s (custom)
2019-10-15 23:17:59,101 [pool-247-thread-1] INFO  server.RaftServerConfigKeys (ConfUtils.java:logGet(43)) - raft.server.log.use.memory = false (default)
2019-10-15 23:17:59,101 [pool-247-thread-1] INFO  server.RaftServerConfigKeys (ConfUtils.java:logGet(43)) - raft.server.log.purge.gap = 1000000 (custom)
2019-10-15 23:17:59,101 [pool-247-thread-1] INFO  server.RaftServerConfigKeys (ConfUtils.java:logGet(43)) - raft.server.log.appender.buffer.byte-limit = 33554432 (custom)
2019-10-15 23:17:59,101 [pool-247-thread-1] INFO  server.RaftServerConfigKeys (ConfUtils.java:logGet(43)) - raft.server.log.segment.size.max = 1048576 (custom)
2019-10-15 23:17:59,103 [pool-247-thread-1] INFO  server.RaftServerConfigKeys (ConfUtils.java:logGet(43)) - raft.server.log.segment.cache.num.max = 2 (custom)
2019-10-15 23:17:59,104 [pool-247-thread-1] INFO  segmented.SegmentedRaftLogWorker (SegmentedRaftLogWorker.java:<init>(173)) - new 10266a97-a68e-492c-868a-f014903942e5@group-74343F53963F-SegmentedRaftLogWorker for RaftStorage:Storage Directory /workdir/hadoop-ozone/integration-test/target/test-dir/MiniOzoneClusterImpl-f91735dc-409e-45ff-ac27-ffb842bc1089/datanode-4/data/ratis/8c664b19-84e2-4c76-a910-74343f53963f
2019-10-15 23:17:59,104 [pool-247-thread-1] INFO  server.RaftServerConfigKeys (ConfUtils.java:logGet(43)) - raft.server.log.queue.byte-limit = 2147483647 (custom)
2019-10-15 23:17:59,104 [pool-247-thread-1] INFO  server.RaftServerConfigKeys (ConfUtils.java:logGet(43)) - raft.server.log.queue.element-limit = 1024 (custom)
2019-10-15 23:17:59,104 [pool-247-thread-1] INFO  server.RaftServerConfigKeys (ConfUtils.java:logGet(43)) - raft.server.log.segment.size.max = 1048576 (custom)
2019-10-15 23:17:59,104 [pool-247-thread-1] INFO  server.RaftServerConfigKeys (ConfUtils.java:logGet(43)) - raft.server.log.preallocated.size = 16384 (custom)
2019-10-15 23:17:59,104 [pool-247-thread-1] INFO  server.RaftServerConfigKeys (ConfUtils.java:logGet(43)) - raft.server.log.write.buffer.size = 33554432 (custom)
2019-10-15 23:17:59,104 [pool-247-thread-1] INFO  server.RaftServerConfigKeys (ConfUtils.java:logGet(43)) - raft.server.log.force.sync.num = 128 (default)
2019-10-15 23:17:59,105 [pool-247-thread-1] INFO  server.RaftServerConfigKeys (ConfUtils.java:logGet(43)) - raft.server.log.statemachine.data.sync = true (default)
2019-10-15 23:17:59,105 [pool-247-thread-1] INFO  server.RaftServerConfigKeys (ConfUtils.java:logGet(43)) - raft.server.log.statemachine.data.sync.timeout = 10s (default)
2019-10-15 23:17:59,105 [pool-247-thread-1] INFO  server.RaftServerConfigKeys (ConfUtils.java:logGet(43)) - raft.server.log.statemachine.data.sync.timeout.retry = -1 (default)
2019-10-15 23:17:59,105 [pool-247-thread-1] INFO  server.RaftServerConfigKeys (ConfUtils.java:logGet(43)) - raft.server.log.statemachine.data.caching.enabled = true (custom)
2019-10-15 23:17:59,106 [pool-247-thread-1] INFO  segmented.SegmentedRaftLogWorker (SegmentedRaftLogWorker.java:lambda$new$0(128)) - 10266a97-a68e-492c-868a-f014903942e5@group-74343F53963F-SegmentedRaftLogWorker: flushIndex: setUnconditionally 0 -> -1
2019-10-15 23:17:59,106 [pool-247-thread-1] INFO  server.RaftServerConfigKeys (ConfUtils.java:logGet(43)) - raft.server.snapshot.auto.trigger.enabled = true (custom)
2019-10-15 23:17:59,106 [pool-247-thread-1] INFO  server.RaftServerConfigKeys (ConfUtils.java:logGet(43)) - raft.server.snapshot.auto.trigger.threshold = 10000 (custom)
2019-10-15 23:17:59,106 [pool-247-thread-1] INFO  server.RaftServerConfigKeys (ConfUtils.java:logGet(43)) - raft.server.snapshot.retention.file.num = 5 (custom)
2019-10-15 23:17:59,106 [pool-247-thread-1] INFO  server.RaftServerConfigKeys (ConfUtils.java:logGet(43)) - raft.server.retrycache.expirytime = 600000ms (custom)
2019-10-15 23:17:59,108 [pool-247-thread-1] INFO  impl.RaftServerImpl (RaftServerImpl.java:start(181)) - 10266a97-a68e-492c-868a-f014903942e5@group-74343F53963F: start as a follower, conf=-1: [10266a97-a68e-492c-868a-f014903942e5:192.168.157.213:36499], old=null
2019-10-15 23:17:59,109 [pool-247-thread-1] INFO  impl.RaftServerImpl (RaftServerImpl.java:setRole(170)) - 10266a97-a68e-492c-868a-f014903942e5@group-74343F53963F: changes role from      null to FOLLOWER at term 0 for startAsFollower
2019-10-15 23:17:59,109 [pool-247-thread-1] INFO  impl.RoleInfo (RoleInfo.java:updateAndGet(143)) - 10266a97-a68e-492c-868a-f014903942e5: start FollowerState
2019-10-15 23:17:59,109 [pool-247-thread-1] INFO  util.JmxRegister (JmxRegister.java:tryRegister(44)) - Successfully registered JMX Bean with object name Ratis:service=RaftServer,group=group-74343F53963F,id=10266a97-a68e-492c-868a-f014903942e5
2019-10-15 23:17:59,116 [RatisPipelineUtilsThread] INFO  pipeline.PipelineStateManager (PipelineStateManager.java:addPipeline(56)) - Created pipeline Pipeline[ Id: 8c664b19-84e2-4c76-a910-74343f53963f, Nodes: 10266a97-a68e-492c-868a-f014903942e5{ip: 192.168.157.213, host: pr-hdds-2221-lrjgr-1037302595, networkLocation: /default-rack, certSerialId: null}, Type:RATIS, Factor:ONE, State:OPEN]
2019-10-15 23:17:59,131 [grpc-default-executor-5] INFO  impl.RaftServerProxy (RaftServerProxy.java:addNew(89)) - 4e22ce28-ed75-4077-ae66-0eeee3a71adc: addNew group-8D2F9C4FB057:[4e22ce28-ed75-4077-ae66-0eeee3a71adc:192.168.157.213:36576] returns group-8D2F9C4FB057:java.util.concurrent.CompletableFuture@1d84068[Not completed]
2019-10-15 23:17:59,133 [pool-257-thread-1] INFO  impl.RaftServerImpl (RaftServerImpl.java:<init>(95)) - 4e22ce28-ed75-4077-ae66-0eeee3a71adc: new RaftServerImpl for group-8D2F9C4FB057:[4e22ce28-ed75-4077-ae66-0eeee3a71adc:192.168.157.213:36576] with ContainerStateMachine:uninitialized
2019-10-15 23:17:59,133 [pool-257-thread-1] INFO  server.RaftServerConfigKeys (ConfUtils.java:logGet(43)) - raft.server.rpc.timeout.min = 5s (custom)
2019-10-15 23:17:59,133 [pool-257-thread-1] INFO  server.RaftServerConfigKeys (ConfUtils.java:logGet(43)) - raft.server.rpc.timeout.max = 5200ms (custom)
2019-10-15 23:17:59,133 [pool-257-thread-1] INFO  server.RaftServerConfigKeys (ConfUtils.java:logGet(43)) - raft.server.rpcslowness.timeout = 120s (custom)
2019-10-15 23:17:59,133 [pool-257-thread-1] INFO  server.RaftServerConfigKeys (ConfUtils.java:logGet(43)) - raft.server.sleep.deviation.threshold = 300 (default)
2019-10-15 23:17:59,133 [pool-257-thread-1] INFO  server.RaftServerConfigKeys (ConfUtils.java:logGet(43)) - raft.server.log.appender.install.snapshot.enabled = false (custom)
2019-10-15 23:17:59,133 [pool-257-thread-1] INFO  impl.RaftServerImpl (ServerState.java:<init>(103)) - 4e22ce28-ed75-4077-ae66-0eeee3a71adc@group-8D2F9C4FB057: ConfigurationManager, init=-1: [4e22ce28-ed75-4077-ae66-0eeee3a71adc:192.168.157.213:36576], old=null, confs=<EMPTY_MAP>
2019-10-15 23:17:59,133 [pool-257-thread-1] INFO  server.RaftServerConfigKeys (ConfUtils.java:logGet(43)) - raft.server.storage.dir = [/workdir/hadoop-ozone/integration-test/target/test-dir/MiniOzoneClusterImpl-f91735dc-409e-45ff-ac27-ffb842bc1089/datanode-5/data/ratis] (custom)
2019-10-15 23:17:59,134 [pool-257-thread-1] INFO  server.RaftServerConfigKeys (ConfUtils.java:logGet(43)) - raft.server.log.corruption.policy = EXCEPTION (default)
2019-10-15 23:17:59,134 [pool-257-thread-1] INFO  storage.RaftStorageDirectory (RaftStorageDirectory.java:analyzeStorage(246)) - The storage directory /workdir/hadoop-ozone/integration-test/target/test-dir/MiniOzoneClusterImpl-f91735dc-409e-45ff-ac27-ffb842bc1089/datanode-5/data/ratis/84aa427d-f028-49f4-95e0-8d2f9c4fb057 does not exist. Creating ...
2019-10-15 23:17:59,147 [pool-257-thread-1] INFO  storage.RaftStorageDirectory (RaftStorageDirectory.java:tryLock(328)) - Lock on /workdir/hadoop-ozone/integration-test/target/test-dir/MiniOzoneClusterImpl-f91735dc-409e-45ff-ac27-ffb842bc1089/datanode-5/data/ratis/84aa427d-f028-49f4-95e0-8d2f9c4fb057/in_use.lock acquired by nodename 4396@pr-hdds-2221-lrjgr-1037302595
2019-10-15 23:17:59,156 [main] INFO  ozone.MiniOzoneClusterImpl (MiniOzoneClusterImpl.java:lambda$waitForClusterToBeReady$0(147)) - Waiting for cluster to be ready. Got 6 of 7 DN Heartbeats.
2019-10-15 23:17:59,156 [IPC Server handler 10 on 35229] INFO  net.NetworkTopology (NetworkTopologyImpl.java:add(111)) - Added a new node: /default-rack/8784f1d6-424a-4929-9fea-052d2768b2f7
2019-10-15 23:17:59,156 [IPC Server handler 10 on 35229] INFO  node.SCMNodeManager (SCMNodeManager.java:register(268)) - Registered Data node : 8784f1d6-424a-4929-9fea-052d2768b2f7{ip: 192.168.157.213, host: pr-hdds-2221-lrjgr-1037302595, networkLocation: /default-rack, certSerialId: null}
2019-10-15 23:17:59,160 [pool-257-thread-1] INFO  storage.RaftStorage (RaftStorage.java:format(84)) - Storage directory /workdir/hadoop-ozone/integration-test/target/test-dir/MiniOzoneClusterImpl-f91735dc-409e-45ff-ac27-ffb842bc1089/datanode-5/data/ratis/84aa427d-f028-49f4-95e0-8d2f9c4fb057 has been successfully formatted.
2019-10-15 23:17:59,160 [pool-257-thread-1] INFO  ratis.ContainerStateMachine (ContainerStateMachine.java:loadSnapshot(231)) - group-8D2F9C4FB057: The snapshot info is null. Setting the last applied indexto:(t:0, i:~)
2019-10-15 23:17:59,160 [pool-257-thread-1] INFO  server.RaftServerConfigKeys (ConfUtils.java:logGet(43)) - raft.server.notification.no-leader.timeout = 120s (custom)
2019-10-15 23:17:59,160 [pool-257-thread-1] INFO  server.RaftServerConfigKeys (ConfUtils.java:logGet(43)) - raft.server.log.use.memory = false (default)
2019-10-15 23:17:59,161 [pool-257-thread-1] INFO  server.RaftServerConfigKeys (ConfUtils.java:logGet(43)) - raft.server.log.purge.gap = 1000000 (custom)
2019-10-15 23:17:59,161 [pool-257-thread-1] INFO  server.RaftServerConfigKeys (ConfUtils.java:logGet(43)) - raft.server.log.appender.buffer.byte-limit = 33554432 (custom)
2019-10-15 23:17:59,161 [pool-257-thread-1] INFO  server.RaftServerConfigKeys (ConfUtils.java:logGet(43)) - raft.server.log.segment.size.max = 1048576 (custom)
2019-10-15 23:17:59,163 [pool-257-thread-1] INFO  server.RaftServerConfigKeys (ConfUtils.java:logGet(43)) - raft.server.log.segment.cache.num.max = 2 (custom)
2019-10-15 23:17:59,163 [pool-257-thread-1] INFO  segmented.SegmentedRaftLogWorker (SegmentedRaftLogWorker.java:<init>(173)) - new 4e22ce28-ed75-4077-ae66-0eeee3a71adc@group-8D2F9C4FB057-SegmentedRaftLogWorker for RaftStorage:Storage Directory /workdir/hadoop-ozone/integration-test/target/test-dir/MiniOzoneClusterImpl-f91735dc-409e-45ff-ac27-ffb842bc1089/datanode-5/data/ratis/84aa427d-f028-49f4-95e0-8d2f9c4fb057
2019-10-15 23:17:59,163 [pool-257-thread-1] INFO  server.RaftServerConfigKeys (ConfUtils.java:logGet(43)) - raft.server.log.queue.byte-limit = 2147483647 (custom)
2019-10-15 23:17:59,163 [pool-257-thread-1] INFO  server.RaftServerConfigKeys (ConfUtils.java:logGet(43)) - raft.server.log.queue.element-limit = 1024 (custom)
2019-10-15 23:17:59,163 [pool-257-thread-1] INFO  server.RaftServerConfigKeys (ConfUtils.java:logGet(43)) - raft.server.log.segment.size.max = 1048576 (custom)
2019-10-15 23:17:59,163 [pool-257-thread-1] INFO  server.RaftServerConfigKeys (ConfUtils.java:logGet(43)) - raft.server.log.preallocated.size = 16384 (custom)
2019-10-15 23:17:59,163 [pool-257-thread-1] INFO  server.RaftServerConfigKeys (ConfUtils.java:logGet(43)) - raft.server.log.write.buffer.size = 33554432 (custom)
2019-10-15 23:17:59,163 [pool-257-thread-1] INFO  server.RaftServerConfigKeys (ConfUtils.java:logGet(43)) - raft.server.log.force.sync.num = 128 (default)
2019-10-15 23:17:59,163 [pool-257-thread-1] INFO  server.RaftServerConfigKeys (ConfUtils.java:logGet(43)) - raft.server.log.statemachine.data.sync = true (default)
2019-10-15 23:17:59,164 [pool-257-thread-1] INFO  server.RaftServerConfigKeys (ConfUtils.java:logGet(43)) - raft.server.log.statemachine.data.sync.timeout = 10s (default)
2019-10-15 23:17:59,164 [pool-257-thread-1] INFO  server.RaftServerConfigKeys (ConfUtils.java:logGet(43)) - raft.server.log.statemachine.data.sync.timeout.retry = -1 (default)
2019-10-15 23:17:59,164 [pool-257-thread-1] INFO  server.RaftServerConfigKeys (ConfUtils.java:logGet(43)) - raft.server.log.statemachine.data.caching.enabled = true (custom)
2019-10-15 23:17:59,164 [pool-257-thread-1] INFO  segmented.SegmentedRaftLogWorker (SegmentedRaftLogWorker.java:lambda$new$0(128)) - 4e22ce28-ed75-4077-ae66-0eeee3a71adc@group-8D2F9C4FB057-SegmentedRaftLogWorker: flushIndex: setUnconditionally 0 -> -1
2019-10-15 23:17:59,165 [pool-257-thread-1] INFO  server.RaftServerConfigKeys (ConfUtils.java:logGet(43)) - raft.server.snapshot.auto.trigger.enabled = true (custom)
2019-10-15 23:17:59,165 [pool-257-thread-1] INFO  server.RaftServerConfigKeys (ConfUtils.java:logGet(43)) - raft.server.snapshot.auto.trigger.threshold = 10000 (custom)
2019-10-15 23:17:59,165 [pool-257-thread-1] INFO  server.RaftServerConfigKeys (ConfUtils.java:logGet(43)) - raft.server.snapshot.retention.file.num = 5 (custom)
2019-10-15 23:17:59,165 [pool-257-thread-1] INFO  server.RaftServerConfigKeys (ConfUtils.java:logGet(43)) - raft.server.retrycache.expirytime = 600000ms (custom)
2019-10-15 23:17:59,167 [pool-257-thread-1] INFO  impl.RaftServerImpl (RaftServerImpl.java:start(181)) - 4e22ce28-ed75-4077-ae66-0eeee3a71adc@group-8D2F9C4FB057: start as a follower, conf=-1: [4e22ce28-ed75-4077-ae66-0eeee3a71adc:192.168.157.213:36576], old=null
2019-10-15 23:17:59,167 [pool-257-thread-1] INFO  impl.RaftServerImpl (RaftServerImpl.java:setRole(170)) - 4e22ce28-ed75-4077-ae66-0eeee3a71adc@group-8D2F9C4FB057: changes role from      null to FOLLOWER at term 0 for startAsFollower
2019-10-15 23:17:59,167 [pool-257-thread-1] INFO  impl.RoleInfo (RoleInfo.java:updateAndGet(143)) - 4e22ce28-ed75-4077-ae66-0eeee3a71adc: start FollowerState
2019-10-15 23:17:59,167 [pool-257-thread-1] INFO  util.JmxRegister (JmxRegister.java:tryRegister(44)) - Successfully registered JMX Bean with object name Ratis:service=RaftServer,group=group-8D2F9C4FB057,id=4e22ce28-ed75-4077-ae66-0eeee3a71adc
2019-10-15 23:17:59,174 [RatisPipelineUtilsThread] INFO  pipeline.PipelineStateManager (PipelineStateManager.java:addPipeline(56)) - Created pipeline Pipeline[ Id: 84aa427d-f028-49f4-95e0-8d2f9c4fb057, Nodes: 4e22ce28-ed75-4077-ae66-0eeee3a71adc{ip: 192.168.157.213, host: pr-hdds-2221-lrjgr-1037302595, networkLocation: /default-rack, certSerialId: null}, Type:RATIS, Factor:ONE, State:OPEN]
2019-10-15 23:17:59,183 [grpc-default-executor-5] INFO  impl.RaftServerProxy (RaftServerProxy.java:addNew(89)) - 8784f1d6-424a-4929-9fea-052d2768b2f7: addNew group-6605F0E26562:[8784f1d6-424a-4929-9fea-052d2768b2f7:192.168.157.213:42195] returns group-6605F0E26562:java.util.concurrent.CompletableFuture@6efcaa9c[Not completed]
2019-10-15 23:17:59,184 [pool-267-thread-1] INFO  impl.RaftServerImpl (RaftServerImpl.java:<init>(95)) - 8784f1d6-424a-4929-9fea-052d2768b2f7: new RaftServerImpl for group-6605F0E26562:[8784f1d6-424a-4929-9fea-052d2768b2f7:192.168.157.213:42195] with ContainerStateMachine:uninitialized
2019-10-15 23:17:59,184 [pool-267-thread-1] INFO  server.RaftServerConfigKeys (ConfUtils.java:logGet(43)) - raft.server.rpc.timeout.min = 5s (custom)
2019-10-15 23:17:59,184 [pool-267-thread-1] INFO  server.RaftServerConfigKeys (ConfUtils.java:logGet(43)) - raft.server.rpc.timeout.max = 5200ms (custom)
2019-10-15 23:17:59,184 [pool-267-thread-1] INFO  server.RaftServerConfigKeys (ConfUtils.java:logGet(43)) - raft.server.rpcslowness.timeout = 120s (custom)
2019-10-15 23:17:59,184 [pool-267-thread-1] INFO  server.RaftServerConfigKeys (ConfUtils.java:logGet(43)) - raft.server.sleep.deviation.threshold = 300 (default)
2019-10-15 23:17:59,185 [pool-267-thread-1] INFO  server.RaftServerConfigKeys (ConfUtils.java:logGet(43)) - raft.server.log.appender.install.snapshot.enabled = false (custom)
2019-10-15 23:17:59,185 [pool-267-thread-1] INFO  impl.RaftServerImpl (ServerState.java:<init>(103)) - 8784f1d6-424a-4929-9fea-052d2768b2f7@group-6605F0E26562: ConfigurationManager, init=-1: [8784f1d6-424a-4929-9fea-052d2768b2f7:192.168.157.213:42195], old=null, confs=<EMPTY_MAP>
2019-10-15 23:17:59,185 [pool-267-thread-1] INFO  server.RaftServerConfigKeys (ConfUtils.java:logGet(43)) - raft.server.storage.dir = [/workdir/hadoop-ozone/integration-test/target/test-dir/MiniOzoneClusterImpl-f91735dc-409e-45ff-ac27-ffb842bc1089/datanode-6/data/ratis] (custom)
2019-10-15 23:17:59,185 [pool-267-thread-1] INFO  server.RaftServerConfigKeys (ConfUtils.java:logGet(43)) - raft.server.log.corruption.policy = EXCEPTION (default)
2019-10-15 23:17:59,185 [pool-267-thread-1] INFO  storage.RaftStorageDirectory (RaftStorageDirectory.java:analyzeStorage(246)) - The storage directory /workdir/hadoop-ozone/integration-test/target/test-dir/MiniOzoneClusterImpl-f91735dc-409e-45ff-ac27-ffb842bc1089/datanode-6/data/ratis/a552a96e-b88b-4273-a78c-6605f0e26562 does not exist. Creating ...
2019-10-15 23:17:59,198 [pool-267-thread-1] INFO  storage.RaftStorageDirectory (RaftStorageDirectory.java:tryLock(328)) - Lock on /workdir/hadoop-ozone/integration-test/target/test-dir/MiniOzoneClusterImpl-f91735dc-409e-45ff-ac27-ffb842bc1089/datanode-6/data/ratis/a552a96e-b88b-4273-a78c-6605f0e26562/in_use.lock acquired by nodename 4396@pr-hdds-2221-lrjgr-1037302595
2019-10-15 23:17:59,211 [pool-267-thread-1] INFO  storage.RaftStorage (RaftStorage.java:format(84)) - Storage directory /workdir/hadoop-ozone/integration-test/target/test-dir/MiniOzoneClusterImpl-f91735dc-409e-45ff-ac27-ffb842bc1089/datanode-6/data/ratis/a552a96e-b88b-4273-a78c-6605f0e26562 has been successfully formatted.
2019-10-15 23:17:59,211 [pool-267-thread-1] INFO  ratis.ContainerStateMachine (ContainerStateMachine.java:loadSnapshot(231)) - group-6605F0E26562: The snapshot info is null. Setting the last applied indexto:(t:0, i:~)
2019-10-15 23:17:59,211 [pool-267-thread-1] INFO  server.RaftServerConfigKeys (ConfUtils.java:logGet(43)) - raft.server.notification.no-leader.timeout = 120s (custom)
2019-10-15 23:17:59,212 [pool-267-thread-1] INFO  server.RaftServerConfigKeys (ConfUtils.java:logGet(43)) - raft.server.log.use.memory = false (default)
2019-10-15 23:17:59,212 [pool-267-thread-1] INFO  server.RaftServerConfigKeys (ConfUtils.java:logGet(43)) - raft.server.log.purge.gap = 1000000 (custom)
2019-10-15 23:17:59,212 [pool-267-thread-1] INFO  server.RaftServerConfigKeys (ConfUtils.java:logGet(43)) - raft.server.log.appender.buffer.byte-limit = 33554432 (custom)
2019-10-15 23:17:59,212 [pool-267-thread-1] INFO  server.RaftServerConfigKeys (ConfUtils.java:logGet(43)) - raft.server.log.segment.size.max = 1048576 (custom)
2019-10-15 23:17:59,214 [pool-267-thread-1] INFO  server.RaftServerConfigKeys (ConfUtils.java:logGet(43)) - raft.server.log.segment.cache.num.max = 2 (custom)
2019-10-15 23:17:59,214 [pool-267-thread-1] INFO  segmented.SegmentedRaftLogWorker (SegmentedRaftLogWorker.java:<init>(173)) - new 8784f1d6-424a-4929-9fea-052d2768b2f7@group-6605F0E26562-SegmentedRaftLogWorker for RaftStorage:Storage Directory /workdir/hadoop-ozone/integration-test/target/test-dir/MiniOzoneClusterImpl-f91735dc-409e-45ff-ac27-ffb842bc1089/datanode-6/data/ratis/a552a96e-b88b-4273-a78c-6605f0e26562
2019-10-15 23:17:59,214 [pool-267-thread-1] INFO  server.RaftServerConfigKeys (ConfUtils.java:logGet(43)) - raft.server.log.queue.byte-limit = 2147483647 (custom)
2019-10-15 23:17:59,214 [pool-267-thread-1] INFO  server.RaftServerConfigKeys (ConfUtils.java:logGet(43)) - raft.server.log.queue.element-limit = 1024 (custom)
2019-10-15 23:17:59,214 [pool-267-thread-1] INFO  server.RaftServerConfigKeys (ConfUtils.java:logGet(43)) - raft.server.log.segment.size.max = 1048576 (custom)
2019-10-15 23:17:59,214 [pool-267-thread-1] INFO  server.RaftServerConfigKeys (ConfUtils.java:logGet(43)) - raft.server.log.preallocated.size = 16384 (custom)
2019-10-15 23:17:59,215 [pool-267-thread-1] INFO  server.RaftServerConfigKeys (ConfUtils.java:logGet(43)) - raft.server.log.write.buffer.size = 33554432 (custom)
2019-10-15 23:17:59,215 [pool-267-thread-1] INFO  server.RaftServerConfigKeys (ConfUtils.java:logGet(43)) - raft.server.log.force.sync.num = 128 (default)
2019-10-15 23:17:59,215 [pool-267-thread-1] INFO  server.RaftServerConfigKeys (ConfUtils.java:logGet(43)) - raft.server.log.statemachine.data.sync = true (default)
2019-10-15 23:17:59,215 [pool-267-thread-1] INFO  server.RaftServerConfigKeys (ConfUtils.java:logGet(43)) - raft.server.log.statemachine.data.sync.timeout = 10s (default)
2019-10-15 23:17:59,215 [pool-267-thread-1] INFO  server.RaftServerConfigKeys (ConfUtils.java:logGet(43)) - raft.server.log.statemachine.data.sync.timeout.retry = -1 (default)
2019-10-15 23:17:59,216 [pool-267-thread-1] INFO  server.RaftServerConfigKeys (ConfUtils.java:logGet(43)) - raft.server.log.statemachine.data.caching.enabled = true (custom)
2019-10-15 23:17:59,216 [pool-267-thread-1] INFO  segmented.SegmentedRaftLogWorker (SegmentedRaftLogWorker.java:lambda$new$0(128)) - 8784f1d6-424a-4929-9fea-052d2768b2f7@group-6605F0E26562-SegmentedRaftLogWorker: flushIndex: setUnconditionally 0 -> -1
2019-10-15 23:17:59,216 [pool-267-thread-1] INFO  server.RaftServerConfigKeys (ConfUtils.java:logGet(43)) - raft.server.snapshot.auto.trigger.enabled = true (custom)
2019-10-15 23:17:59,216 [pool-267-thread-1] INFO  server.RaftServerConfigKeys (ConfUtils.java:logGet(43)) - raft.server.snapshot.auto.trigger.threshold = 10000 (custom)
2019-10-15 23:17:59,216 [pool-267-thread-1] INFO  server.RaftServerConfigKeys (ConfUtils.java:logGet(43)) - raft.server.snapshot.retention.file.num = 5 (custom)
2019-10-15 23:17:59,217 [pool-267-thread-1] INFO  server.RaftServerConfigKeys (ConfUtils.java:logGet(43)) - raft.server.retrycache.expirytime = 600000ms (custom)
2019-10-15 23:17:59,218 [pool-267-thread-1] INFO  impl.RaftServerImpl (RaftServerImpl.java:start(181)) - 8784f1d6-424a-4929-9fea-052d2768b2f7@group-6605F0E26562: start as a follower, conf=-1: [8784f1d6-424a-4929-9fea-052d2768b2f7:192.168.157.213:42195], old=null
2019-10-15 23:17:59,218 [pool-267-thread-1] INFO  impl.RaftServerImpl (RaftServerImpl.java:setRole(170)) - 8784f1d6-424a-4929-9fea-052d2768b2f7@group-6605F0E26562: changes role from      null to FOLLOWER at term 0 for startAsFollower
2019-10-15 23:17:59,218 [pool-267-thread-1] INFO  impl.RoleInfo (RoleInfo.java:updateAndGet(143)) - 8784f1d6-424a-4929-9fea-052d2768b2f7: start FollowerState
2019-10-15 23:17:59,219 [pool-267-thread-1] INFO  util.JmxRegister (JmxRegister.java:tryRegister(44)) - Successfully registered JMX Bean with object name Ratis:service=RaftServer,group=group-6605F0E26562,id=8784f1d6-424a-4929-9fea-052d2768b2f7
2019-10-15 23:17:59,225 [RatisPipelineUtilsThread] INFO  pipeline.PipelineStateManager (PipelineStateManager.java:addPipeline(56)) - Created pipeline Pipeline[ Id: a552a96e-b88b-4273-a78c-6605f0e26562, Nodes: 8784f1d6-424a-4929-9fea-052d2768b2f7{ip: 192.168.157.213, host: pr-hdds-2221-lrjgr-1037302595, networkLocation: /default-rack, certSerialId: null}, Type:RATIS, Factor:ONE, State:OPEN]
2019-10-15 23:17:59,236 [grpc-default-executor-4] INFO  impl.RaftServerProxy (RaftServerProxy.java:addNew(89)) - f3358113-732e-4d1a-b7b4-0079f823154f: addNew group-8113D68F2097:[f3358113-732e-4d1a-b7b4-0079f823154f:192.168.157.213:35915, 9a32c150-8a71-44f8-a6d2-35b751a73f8d:192.168.157.213:38325, 10266a97-a68e-492c-868a-f014903942e5:192.168.157.213:36499] returns group-8113D68F2097:java.util.concurrent.CompletableFuture@43b78a1e[Not completed]
2019-10-15 23:17:59,236 [grpc-default-executor-6] INFO  impl.RaftServerProxy (RaftServerProxy.java:addNew(89)) - 10266a97-a68e-492c-868a-f014903942e5: addNew group-8113D68F2097:[f3358113-732e-4d1a-b7b4-0079f823154f:192.168.157.213:35915, 9a32c150-8a71-44f8-a6d2-35b751a73f8d:192.168.157.213:38325, 10266a97-a68e-492c-868a-f014903942e5:192.168.157.213:36499] returns group-8113D68F2097:java.util.concurrent.CompletableFuture@2713d3d1[Not completed]
2019-10-15 23:17:59,236 [grpc-default-executor-5] INFO  impl.RaftServerProxy (RaftServerProxy.java:addNew(89)) - 9a32c150-8a71-44f8-a6d2-35b751a73f8d: addNew group-8113D68F2097:[f3358113-732e-4d1a-b7b4-0079f823154f:192.168.157.213:35915, 9a32c150-8a71-44f8-a6d2-35b751a73f8d:192.168.157.213:38325, 10266a97-a68e-492c-868a-f014903942e5:192.168.157.213:36499] returns group-8113D68F2097:java.util.concurrent.CompletableFuture@1779cf[Not completed]
2019-10-15 23:17:59,237 [pool-207-thread-1] INFO  impl.RaftServerImpl (RaftServerImpl.java:<init>(95)) - f3358113-732e-4d1a-b7b4-0079f823154f: new RaftServerImpl for group-8113D68F2097:[f3358113-732e-4d1a-b7b4-0079f823154f:192.168.157.213:35915, 9a32c150-8a71-44f8-a6d2-35b751a73f8d:192.168.157.213:38325, 10266a97-a68e-492c-868a-f014903942e5:192.168.157.213:36499] with ContainerStateMachine:uninitialized
2019-10-15 23:17:59,237 [pool-207-thread-1] INFO  server.RaftServerConfigKeys (ConfUtils.java:logGet(43)) - raft.server.rpc.timeout.min = 5s (custom)
2019-10-15 23:17:59,237 [pool-207-thread-1] INFO  server.RaftServerConfigKeys (ConfUtils.java:logGet(43)) - raft.server.rpc.timeout.max = 5200ms (custom)
2019-10-15 23:17:59,238 [pool-207-thread-1] INFO  server.RaftServerConfigKeys (ConfUtils.java:logGet(43)) - raft.server.rpcslowness.timeout = 120s (custom)
2019-10-15 23:17:59,238 [pool-207-thread-1] INFO  server.RaftServerConfigKeys (ConfUtils.java:logGet(43)) - raft.server.sleep.deviation.threshold = 300 (default)
2019-10-15 23:17:59,238 [pool-237-thread-1] INFO  impl.RaftServerImpl (RaftServerImpl.java:<init>(95)) - 9a32c150-8a71-44f8-a6d2-35b751a73f8d: new RaftServerImpl for group-8113D68F2097:[f3358113-732e-4d1a-b7b4-0079f823154f:192.168.157.213:35915, 9a32c150-8a71-44f8-a6d2-35b751a73f8d:192.168.157.213:38325, 10266a97-a68e-492c-868a-f014903942e5:192.168.157.213:36499] with ContainerStateMachine:uninitialized
2019-10-15 23:17:59,238 [pool-207-thread-1] INFO  server.RaftServerConfigKeys (ConfUtils.java:logGet(43)) - raft.server.log.appender.install.snapshot.enabled = false (custom)
2019-10-15 23:17:59,238 [pool-237-thread-1] INFO  server.RaftServerConfigKeys (ConfUtils.java:logGet(43)) - raft.server.rpc.timeout.min = 5s (custom)
2019-10-15 23:17:59,238 [pool-207-thread-1] INFO  impl.RaftServerImpl (ServerState.java:<init>(103)) - f3358113-732e-4d1a-b7b4-0079f823154f@group-8113D68F2097: ConfigurationManager, init=-1: [f3358113-732e-4d1a-b7b4-0079f823154f:192.168.157.213:35915, 9a32c150-8a71-44f8-a6d2-35b751a73f8d:192.168.157.213:38325, 10266a97-a68e-492c-868a-f014903942e5:192.168.157.213:36499], old=null, confs=<EMPTY_MAP>
2019-10-15 23:17:59,238 [pool-247-thread-1] INFO  impl.RaftServerImpl (RaftServerImpl.java:<init>(95)) - 10266a97-a68e-492c-868a-f014903942e5: new RaftServerImpl for group-8113D68F2097:[f3358113-732e-4d1a-b7b4-0079f823154f:192.168.157.213:35915, 9a32c150-8a71-44f8-a6d2-35b751a73f8d:192.168.157.213:38325, 10266a97-a68e-492c-868a-f014903942e5:192.168.157.213:36499] with ContainerStateMachine:uninitialized
2019-10-15 23:17:59,238 [pool-237-thread-1] INFO  server.RaftServerConfigKeys (ConfUtils.java:logGet(43)) - raft.server.rpc.timeout.max = 5200ms (custom)
2019-10-15 23:17:59,238 [pool-247-thread-1] INFO  server.RaftServerConfigKeys (ConfUtils.java:logGet(43)) - raft.server.rpc.timeout.min = 5s (custom)
2019-10-15 23:17:59,238 [pool-207-thread-1] INFO  server.RaftServerConfigKeys (ConfUtils.java:logGet(43)) - raft.server.storage.dir = [/workdir/hadoop-ozone/integration-test/target/test-dir/MiniOzoneClusterImpl-f91735dc-409e-45ff-ac27-ffb842bc1089/datanode-0/data/ratis] (custom)
2019-10-15 23:17:59,239 [pool-247-thread-1] INFO  server.RaftServerConfigKeys (ConfUtils.java:logGet(43)) - raft.server.rpc.timeout.max = 5200ms (custom)
2019-10-15 23:17:59,238 [pool-237-thread-1] INFO  server.RaftServerConfigKeys (ConfUtils.java:logGet(43)) - raft.server.rpcslowness.timeout = 120s (custom)
2019-10-15 23:17:59,239 [pool-247-thread-1] INFO  server.RaftServerConfigKeys (ConfUtils.java:logGet(43)) - raft.server.rpcslowness.timeout = 120s (custom)
2019-10-15 23:17:59,239 [pool-237-thread-1] INFO  server.RaftServerConfigKeys (ConfUtils.java:logGet(43)) - raft.server.sleep.deviation.threshold = 300 (default)
2019-10-15 23:17:59,239 [pool-207-thread-1] INFO  server.RaftServerConfigKeys (ConfUtils.java:logGet(43)) - raft.server.log.corruption.policy = EXCEPTION (default)
2019-10-15 23:17:59,239 [pool-237-thread-1] INFO  server.RaftServerConfigKeys (ConfUtils.java:logGet(43)) - raft.server.log.appender.install.snapshot.enabled = false (custom)
2019-10-15 23:17:59,239 [pool-247-thread-1] INFO  server.RaftServerConfigKeys (ConfUtils.java:logGet(43)) - raft.server.sleep.deviation.threshold = 300 (default)
2019-10-15 23:17:59,239 [pool-237-thread-1] INFO  impl.RaftServerImpl (ServerState.java:<init>(103)) - 9a32c150-8a71-44f8-a6d2-35b751a73f8d@group-8113D68F2097: ConfigurationManager, init=-1: [f3358113-732e-4d1a-b7b4-0079f823154f:192.168.157.213:35915, 9a32c150-8a71-44f8-a6d2-35b751a73f8d:192.168.157.213:38325, 10266a97-a68e-492c-868a-f014903942e5:192.168.157.213:36499], old=null, confs=<EMPTY_MAP>
2019-10-15 23:17:59,239 [pool-207-thread-1] INFO  storage.RaftStorageDirectory (RaftStorageDirectory.java:analyzeStorage(246)) - The storage directory /workdir/hadoop-ozone/integration-test/target/test-dir/MiniOzoneClusterImpl-f91735dc-409e-45ff-ac27-ffb842bc1089/datanode-0/data/ratis/e7f01616-3149-4c99-8a20-8113d68f2097 does not exist. Creating ...
2019-10-15 23:17:59,240 [pool-237-thread-1] INFO  server.RaftServerConfigKeys (ConfUtils.java:logGet(43)) - raft.server.storage.dir = [/workdir/hadoop-ozone/integration-test/target/test-dir/MiniOzoneClusterImpl-f91735dc-409e-45ff-ac27-ffb842bc1089/datanode-3/data/ratis] (custom)
2019-10-15 23:17:59,239 [pool-247-thread-1] INFO  server.RaftServerConfigKeys (ConfUtils.java:logGet(43)) - raft.server.log.appender.install.snapshot.enabled = false (custom)
2019-10-15 23:17:59,240 [pool-247-thread-1] INFO  impl.RaftServerImpl (ServerState.java:<init>(103)) - 10266a97-a68e-492c-868a-f014903942e5@group-8113D68F2097: ConfigurationManager, init=-1: [f3358113-732e-4d1a-b7b4-0079f823154f:192.168.157.213:35915, 9a32c150-8a71-44f8-a6d2-35b751a73f8d:192.168.157.213:38325, 10266a97-a68e-492c-868a-f014903942e5:192.168.157.213:36499], old=null, confs=<EMPTY_MAP>
2019-10-15 23:17:59,240 [pool-237-thread-1] INFO  server.RaftServerConfigKeys (ConfUtils.java:logGet(43)) - raft.server.log.corruption.policy = EXCEPTION (default)
2019-10-15 23:17:59,240 [pool-247-thread-1] INFO  server.RaftServerConfigKeys (ConfUtils.java:logGet(43)) - raft.server.storage.dir = [/workdir/hadoop-ozone/integration-test/target/test-dir/MiniOzoneClusterImpl-f91735dc-409e-45ff-ac27-ffb842bc1089/datanode-4/data/ratis] (custom)
2019-10-15 23:17:59,240 [pool-237-thread-1] INFO  storage.RaftStorageDirectory (RaftStorageDirectory.java:analyzeStorage(246)) - The storage directory /workdir/hadoop-ozone/integration-test/target/test-dir/MiniOzoneClusterImpl-f91735dc-409e-45ff-ac27-ffb842bc1089/datanode-3/data/ratis/e7f01616-3149-4c99-8a20-8113d68f2097 does not exist. Creating ...
2019-10-15 23:17:59,240 [pool-247-thread-1] INFO  server.RaftServerConfigKeys (ConfUtils.java:logGet(43)) - raft.server.log.corruption.policy = EXCEPTION (default)
2019-10-15 23:17:59,241 [pool-247-thread-1] INFO  storage.RaftStorageDirectory (RaftStorageDirectory.java:analyzeStorage(246)) - The storage directory /workdir/hadoop-ozone/integration-test/target/test-dir/MiniOzoneClusterImpl-f91735dc-409e-45ff-ac27-ffb842bc1089/datanode-4/data/ratis/e7f01616-3149-4c99-8a20-8113d68f2097 does not exist. Creating ...
2019-10-15 23:17:59,253 [pool-237-thread-1] INFO  storage.RaftStorageDirectory (RaftStorageDirectory.java:tryLock(328)) - Lock on /workdir/hadoop-ozone/integration-test/target/test-dir/MiniOzoneClusterImpl-f91735dc-409e-45ff-ac27-ffb842bc1089/datanode-3/data/ratis/e7f01616-3149-4c99-8a20-8113d68f2097/in_use.lock acquired by nodename 4396@pr-hdds-2221-lrjgr-1037302595
2019-10-15 23:17:59,253 [pool-207-thread-1] INFO  storage.RaftStorageDirectory (RaftStorageDirectory.java:tryLock(328)) - Lock on /workdir/hadoop-ozone/integration-test/target/test-dir/MiniOzoneClusterImpl-f91735dc-409e-45ff-ac27-ffb842bc1089/datanode-0/data/ratis/e7f01616-3149-4c99-8a20-8113d68f2097/in_use.lock acquired by nodename 4396@pr-hdds-2221-lrjgr-1037302595
2019-10-15 23:17:59,253 [pool-247-thread-1] INFO  storage.RaftStorageDirectory (RaftStorageDirectory.java:tryLock(328)) - Lock on /workdir/hadoop-ozone/integration-test/target/test-dir/MiniOzoneClusterImpl-f91735dc-409e-45ff-ac27-ffb842bc1089/datanode-4/data/ratis/e7f01616-3149-4c99-8a20-8113d68f2097/in_use.lock acquired by nodename 4396@pr-hdds-2221-lrjgr-1037302595
2019-10-15 23:17:59,267 [pool-207-thread-1] INFO  storage.RaftStorage (RaftStorage.java:format(84)) - Storage directory /workdir/hadoop-ozone/integration-test/target/test-dir/MiniOzoneClusterImpl-f91735dc-409e-45ff-ac27-ffb842bc1089/datanode-0/data/ratis/e7f01616-3149-4c99-8a20-8113d68f2097 has been successfully formatted.
2019-10-15 23:17:59,267 [pool-237-thread-1] INFO  storage.RaftStorage (RaftStorage.java:format(84)) - Storage directory /workdir/hadoop-ozone/integration-test/target/test-dir/MiniOzoneClusterImpl-f91735dc-409e-45ff-ac27-ffb842bc1089/datanode-3/data/ratis/e7f01616-3149-4c99-8a20-8113d68f2097 has been successfully formatted.
2019-10-15 23:17:59,267 [pool-247-thread-1] INFO  storage.RaftStorage (RaftStorage.java:format(84)) - Storage directory /workdir/hadoop-ozone/integration-test/target/test-dir/MiniOzoneClusterImpl-f91735dc-409e-45ff-ac27-ffb842bc1089/datanode-4/data/ratis/e7f01616-3149-4c99-8a20-8113d68f2097 has been successfully formatted.
2019-10-15 23:17:59,268 [pool-237-thread-1] INFO  ratis.ContainerStateMachine (ContainerStateMachine.java:loadSnapshot(231)) - group-8113D68F2097: The snapshot info is null. Setting the last applied indexto:(t:0, i:~)
2019-10-15 23:17:59,268 [pool-247-thread-1] INFO  ratis.ContainerStateMachine (ContainerStateMachine.java:loadSnapshot(231)) - group-8113D68F2097: The snapshot info is null. Setting the last applied indexto:(t:0, i:~)
2019-10-15 23:17:59,267 [pool-207-thread-1] INFO  ratis.ContainerStateMachine (ContainerStateMachine.java:loadSnapshot(231)) - group-8113D68F2097: The snapshot info is null. Setting the last applied indexto:(t:0, i:~)
2019-10-15 23:17:59,268 [pool-247-thread-1] INFO  server.RaftServerConfigKeys (ConfUtils.java:logGet(43)) - raft.server.notification.no-leader.timeout = 120s (custom)
2019-10-15 23:17:59,268 [pool-247-thread-1] INFO  server.RaftServerConfigKeys (ConfUtils.java:logGet(43)) - raft.server.log.use.memory = false (default)
2019-10-15 23:17:59,268 [pool-237-thread-1] INFO  server.RaftServerConfigKeys (ConfUtils.java:logGet(43)) - raft.server.notification.no-leader.timeout = 120s (custom)
2019-10-15 23:17:59,268 [pool-247-thread-1] INFO  server.RaftServerConfigKeys (ConfUtils.java:logGet(43)) - raft.server.log.purge.gap = 1000000 (custom)
2019-10-15 23:17:59,268 [pool-207-thread-1] INFO  server.RaftServerConfigKeys (ConfUtils.java:logGet(43)) - raft.server.notification.no-leader.timeout = 120s (custom)
2019-10-15 23:17:59,269 [pool-247-thread-1] INFO  server.RaftServerConfigKeys (ConfUtils.java:logGet(43)) - raft.server.log.appender.buffer.byte-limit = 33554432 (custom)
2019-10-15 23:17:59,269 [pool-237-thread-1] INFO  server.RaftServerConfigKeys (ConfUtils.java:logGet(43)) - raft.server.log.use.memory = false (default)
2019-10-15 23:17:59,269 [pool-247-thread-1] INFO  server.RaftServerConfigKeys (ConfUtils.java:logGet(43)) - raft.server.log.segment.size.max = 1048576 (custom)
2019-10-15 23:17:59,269 [pool-207-thread-1] INFO  server.RaftServerConfigKeys (ConfUtils.java:logGet(43)) - raft.server.log.use.memory = false (default)
2019-10-15 23:17:59,269 [pool-247-thread-1] INFO  server.RaftServerConfigKeys (ConfUtils.java:logGet(43)) - raft.server.log.segment.cache.num.max = 2 (custom)
2019-10-15 23:17:59,269 [pool-237-thread-1] INFO  server.RaftServerConfigKeys (ConfUtils.java:logGet(43)) - raft.server.log.purge.gap = 1000000 (custom)
2019-10-15 23:17:59,270 [pool-247-thread-1] INFO  segmented.SegmentedRaftLogWorker (SegmentedRaftLogWorker.java:<init>(173)) - new 10266a97-a68e-492c-868a-f014903942e5@group-8113D68F2097-SegmentedRaftLogWorker for RaftStorage:Storage Directory /workdir/hadoop-ozone/integration-test/target/test-dir/MiniOzoneClusterImpl-f91735dc-409e-45ff-ac27-ffb842bc1089/datanode-4/data/ratis/e7f01616-3149-4c99-8a20-8113d68f2097
2019-10-15 23:17:59,269 [pool-207-thread-1] INFO  server.RaftServerConfigKeys (ConfUtils.java:logGet(43)) - raft.server.log.purge.gap = 1000000 (custom)
2019-10-15 23:17:59,270 [pool-247-thread-1] INFO  server.RaftServerConfigKeys (ConfUtils.java:logGet(43)) - raft.server.log.queue.byte-limit = 2147483647 (custom)
2019-10-15 23:17:59,270 [pool-237-thread-1] INFO  server.RaftServerConfigKeys (ConfUtils.java:logGet(43)) - raft.server.log.appender.buffer.byte-limit = 33554432 (custom)
2019-10-15 23:17:59,270 [pool-247-thread-1] INFO  server.RaftServerConfigKeys (ConfUtils.java:logGet(43)) - raft.server.log.queue.element-limit = 1024 (custom)
2019-10-15 23:17:59,270 [pool-207-thread-1] INFO  server.RaftServerConfigKeys (ConfUtils.java:logGet(43)) - raft.server.log.appender.buffer.byte-limit = 33554432 (custom)
2019-10-15 23:17:59,270 [pool-247-thread-1] INFO  server.RaftServerConfigKeys (ConfUtils.java:logGet(43)) - raft.server.log.segment.size.max = 1048576 (custom)
2019-10-15 23:17:59,270 [pool-237-thread-1] INFO  server.RaftServerConfigKeys (ConfUtils.java:logGet(43)) - raft.server.log.segment.size.max = 1048576 (custom)
2019-10-15 23:17:59,271 [pool-247-thread-1] INFO  server.RaftServerConfigKeys (ConfUtils.java:logGet(43)) - raft.server.log.preallocated.size = 16384 (custom)
2019-10-15 23:17:59,271 [pool-207-thread-1] INFO  server.RaftServerConfigKeys (ConfUtils.java:logGet(43)) - raft.server.log.segment.size.max = 1048576 (custom)
2019-10-15 23:17:59,271 [pool-247-thread-1] INFO  server.RaftServerConfigKeys (ConfUtils.java:logGet(43)) - raft.server.log.write.buffer.size = 33554432 (custom)
2019-10-15 23:17:59,271 [pool-237-thread-1] INFO  server.RaftServerConfigKeys (ConfUtils.java:logGet(43)) - raft.server.log.segment.cache.num.max = 2 (custom)
2019-10-15 23:17:59,271 [pool-247-thread-1] INFO  server.RaftServerConfigKeys (ConfUtils.java:logGet(43)) - raft.server.log.force.sync.num = 128 (default)
2019-10-15 23:17:59,271 [pool-207-thread-1] INFO  server.RaftServerConfigKeys (ConfUtils.java:logGet(43)) - raft.server.log.segment.cache.num.max = 2 (custom)
2019-10-15 23:17:59,271 [pool-247-thread-1] INFO  server.RaftServerConfigKeys (ConfUtils.java:logGet(43)) - raft.server.log.statemachine.data.sync = true (default)
2019-10-15 23:17:59,271 [pool-237-thread-1] INFO  segmented.SegmentedRaftLogWorker (SegmentedRaftLogWorker.java:<init>(173)) - new 9a32c150-8a71-44f8-a6d2-35b751a73f8d@group-8113D68F2097-SegmentedRaftLogWorker for RaftStorage:Storage Directory /workdir/hadoop-ozone/integration-test/target/test-dir/MiniOzoneClusterImpl-f91735dc-409e-45ff-ac27-ffb842bc1089/datanode-3/data/ratis/e7f01616-3149-4c99-8a20-8113d68f2097
2019-10-15 23:17:59,272 [pool-247-thread-1] INFO  server.RaftServerConfigKeys (ConfUtils.java:logGet(43)) - raft.server.log.statemachine.data.sync.timeout = 10s (default)
2019-10-15 23:17:59,272 [pool-207-thread-1] INFO  segmented.SegmentedRaftLogWorker (SegmentedRaftLogWorker.java:<init>(173)) - new f3358113-732e-4d1a-b7b4-0079f823154f@group-8113D68F2097-SegmentedRaftLogWorker for RaftStorage:Storage Directory /workdir/hadoop-ozone/integration-test/target/test-dir/MiniOzoneClusterImpl-f91735dc-409e-45ff-ac27-ffb842bc1089/datanode-0/data/ratis/e7f01616-3149-4c99-8a20-8113d68f2097
2019-10-15 23:17:59,272 [pool-247-thread-1] INFO  server.RaftServerConfigKeys (ConfUtils.java:logGet(43)) - raft.server.log.statemachine.data.sync.timeout.retry = -1 (default)
2019-10-15 23:17:59,272 [pool-237-thread-1] INFO  server.RaftServerConfigKeys (ConfUtils.java:logGet(43)) - raft.server.log.queue.byte-limit = 2147483647 (custom)
2019-10-15 23:17:59,272 [pool-247-thread-1] INFO  server.RaftServerConfigKeys (ConfUtils.java:logGet(43)) - raft.server.log.statemachine.data.caching.enabled = true (custom)
2019-10-15 23:17:59,272 [pool-207-thread-1] INFO  server.RaftServerConfigKeys (ConfUtils.java:logGet(43)) - raft.server.log.queue.byte-limit = 2147483647 (custom)
2019-10-15 23:17:59,273 [pool-207-thread-1] INFO  server.RaftServerConfigKeys (ConfUtils.java:logGet(43)) - raft.server.log.queue.element-limit = 1024 (custom)
2019-10-15 23:17:59,272 [pool-237-thread-1] INFO  server.RaftServerConfigKeys (ConfUtils.java:logGet(43)) - raft.server.log.queue.element-limit = 1024 (custom)
2019-10-15 23:17:59,273 [pool-207-thread-1] INFO  server.RaftServerConfigKeys (ConfUtils.java:logGet(43)) - raft.server.log.segment.size.max = 1048576 (custom)
2019-10-15 23:17:59,273 [pool-247-thread-1] INFO  segmented.SegmentedRaftLogWorker (SegmentedRaftLogWorker.java:lambda$new$0(128)) - 10266a97-a68e-492c-868a-f014903942e5@group-8113D68F2097-SegmentedRaftLogWorker: flushIndex: setUnconditionally 0 -> -1
2019-10-15 23:17:59,273 [pool-207-thread-1] INFO  server.RaftServerConfigKeys (ConfUtils.java:logGet(43)) - raft.server.log.preallocated.size = 16384 (custom)
2019-10-15 23:17:59,273 [pool-237-thread-1] INFO  server.RaftServerConfigKeys (ConfUtils.java:logGet(43)) - raft.server.log.segment.size.max = 1048576 (custom)
2019-10-15 23:17:59,274 [pool-247-thread-1] INFO  server.RaftServerConfigKeys (ConfUtils.java:logGet(43)) - raft.server.snapshot.auto.trigger.enabled = true (custom)
2019-10-15 23:17:59,273 [pool-207-thread-1] INFO  server.RaftServerConfigKeys (ConfUtils.java:logGet(43)) - raft.server.log.write.buffer.size = 33554432 (custom)
2019-10-15 23:17:59,274 [pool-247-thread-1] INFO  server.RaftServerConfigKeys (ConfUtils.java:logGet(43)) - raft.server.snapshot.auto.trigger.threshold = 10000 (custom)
2019-10-15 23:17:59,274 [pool-237-thread-1] INFO  server.RaftServerConfigKeys (ConfUtils.java:logGet(43)) - raft.server.log.preallocated.size = 16384 (custom)
2019-10-15 23:17:59,274 [pool-247-thread-1] INFO  server.RaftServerConfigKeys (ConfUtils.java:logGet(43)) - raft.server.snapshot.retention.file.num = 5 (custom)
2019-10-15 23:17:59,274 [pool-207-thread-1] INFO  server.RaftServerConfigKeys (ConfUtils.java:logGet(43)) - raft.server.log.force.sync.num = 128 (default)
2019-10-15 23:17:59,274 [pool-247-thread-1] INFO  server.RaftServerConfigKeys (ConfUtils.java:logGet(43)) - raft.server.retrycache.expirytime = 600000ms (custom)
2019-10-15 23:17:59,274 [pool-237-thread-1] INFO  server.RaftServerConfigKeys (ConfUtils.java:logGet(43)) - raft.server.log.write.buffer.size = 33554432 (custom)
2019-10-15 23:17:59,275 [pool-207-thread-1] INFO  server.RaftServerConfigKeys (ConfUtils.java:logGet(43)) - raft.server.log.statemachine.data.sync = true (default)
2019-10-15 23:17:59,275 [pool-237-thread-1] INFO  server.RaftServerConfigKeys (ConfUtils.java:logGet(43)) - raft.server.log.force.sync.num = 128 (default)
2019-10-15 23:17:59,275 [pool-207-thread-1] INFO  server.RaftServerConfigKeys (ConfUtils.java:logGet(43)) - raft.server.log.statemachine.data.sync.timeout = 10s (default)
2019-10-15 23:17:59,275 [pool-237-thread-1] INFO  server.RaftServerConfigKeys (ConfUtils.java:logGet(43)) - raft.server.log.statemachine.data.sync = true (default)
2019-10-15 23:17:59,275 [pool-207-thread-1] INFO  server.RaftServerConfigKeys (ConfUtils.java:logGet(43)) - raft.server.log.statemachine.data.sync.timeout.retry = -1 (default)
2019-10-15 23:17:59,276 [pool-237-thread-1] INFO  server.RaftServerConfigKeys (ConfUtils.java:logGet(43)) - raft.server.log.statemachine.data.sync.timeout = 10s (default)
2019-10-15 23:17:59,276 [pool-207-thread-1] INFO  server.RaftServerConfigKeys (ConfUtils.java:logGet(43)) - raft.server.log.statemachine.data.caching.enabled = true (custom)
2019-10-15 23:17:59,276 [pool-237-thread-1] INFO  server.RaftServerConfigKeys (ConfUtils.java:logGet(43)) - raft.server.log.statemachine.data.sync.timeout.retry = -1 (default)
2019-10-15 23:17:59,276 [pool-207-thread-1] INFO  segmented.SegmentedRaftLogWorker (SegmentedRaftLogWorker.java:lambda$new$0(128)) - f3358113-732e-4d1a-b7b4-0079f823154f@group-8113D68F2097-SegmentedRaftLogWorker: flushIndex: setUnconditionally 0 -> -1
2019-10-15 23:17:59,276 [pool-237-thread-1] INFO  server.RaftServerConfigKeys (ConfUtils.java:logGet(43)) - raft.server.log.statemachine.data.caching.enabled = true (custom)
2019-10-15 23:17:59,276 [pool-207-thread-1] INFO  server.RaftServerConfigKeys (ConfUtils.java:logGet(43)) - raft.server.snapshot.auto.trigger.enabled = true (custom)
2019-10-15 23:17:59,277 [pool-237-thread-1] INFO  segmented.SegmentedRaftLogWorker (SegmentedRaftLogWorker.java:lambda$new$0(128)) - 9a32c150-8a71-44f8-a6d2-35b751a73f8d@group-8113D68F2097-SegmentedRaftLogWorker: flushIndex: setUnconditionally 0 -> -1
2019-10-15 23:17:59,277 [pool-247-thread-1] INFO  impl.RaftServerImpl (RaftServerImpl.java:start(181)) - 10266a97-a68e-492c-868a-f014903942e5@group-8113D68F2097: start as a follower, conf=-1: [f3358113-732e-4d1a-b7b4-0079f823154f:192.168.157.213:35915, 9a32c150-8a71-44f8-a6d2-35b751a73f8d:192.168.157.213:38325, 10266a97-a68e-492c-868a-f014903942e5:192.168.157.213:36499], old=null
2019-10-15 23:17:59,277 [pool-207-thread-1] INFO  server.RaftServerConfigKeys (ConfUtils.java:logGet(43)) - raft.server.snapshot.auto.trigger.threshold = 10000 (custom)
2019-10-15 23:17:59,277 [pool-237-thread-1] INFO  server.RaftServerConfigKeys (ConfUtils.java:logGet(43)) - raft.server.snapshot.auto.trigger.enabled = true (custom)
2019-10-15 23:17:59,277 [pool-247-thread-1] INFO  impl.RaftServerImpl (RaftServerImpl.java:setRole(170)) - 10266a97-a68e-492c-868a-f014903942e5@group-8113D68F2097: changes role from      null to FOLLOWER at term 0 for startAsFollower
2019-10-15 23:17:59,277 [pool-237-thread-1] INFO  server.RaftServerConfigKeys (ConfUtils.java:logGet(43)) - raft.server.snapshot.auto.trigger.threshold = 10000 (custom)
2019-10-15 23:17:59,277 [pool-207-thread-1] INFO  server.RaftServerConfigKeys (ConfUtils.java:logGet(43)) - raft.server.snapshot.retention.file.num = 5 (custom)
2019-10-15 23:17:59,277 [pool-237-thread-1] INFO  server.RaftServerConfigKeys (ConfUtils.java:logGet(43)) - raft.server.snapshot.retention.file.num = 5 (custom)
2019-10-15 23:17:59,277 [pool-247-thread-1] INFO  impl.RoleInfo (RoleInfo.java:updateAndGet(143)) - 10266a97-a68e-492c-868a-f014903942e5: start FollowerState
2019-10-15 23:17:59,278 [pool-237-thread-1] INFO  server.RaftServerConfigKeys (ConfUtils.java:logGet(43)) - raft.server.retrycache.expirytime = 600000ms (custom)
2019-10-15 23:17:59,278 [pool-207-thread-1] INFO  server.RaftServerConfigKeys (ConfUtils.java:logGet(43)) - raft.server.retrycache.expirytime = 600000ms (custom)
2019-10-15 23:17:59,278 [pool-247-thread-1] INFO  util.JmxRegister (JmxRegister.java:tryRegister(44)) - Successfully registered JMX Bean with object name Ratis:service=RaftServer,group=group-8113D68F2097,id=10266a97-a68e-492c-868a-f014903942e5
2019-10-15 23:17:59,282 [pool-237-thread-1] INFO  impl.RaftServerImpl (RaftServerImpl.java:start(181)) - 9a32c150-8a71-44f8-a6d2-35b751a73f8d@group-8113D68F2097: start as a follower, conf=-1: [f3358113-732e-4d1a-b7b4-0079f823154f:192.168.157.213:35915, 9a32c150-8a71-44f8-a6d2-35b751a73f8d:192.168.157.213:38325, 10266a97-a68e-492c-868a-f014903942e5:192.168.157.213:36499], old=null
2019-10-15 23:17:59,282 [pool-237-thread-1] INFO  impl.RaftServerImpl (RaftServerImpl.java:setRole(170)) - 9a32c150-8a71-44f8-a6d2-35b751a73f8d@group-8113D68F2097: changes role from      null to FOLLOWER at term 0 for startAsFollower
2019-10-15 23:17:59,282 [pool-237-thread-1] INFO  impl.RoleInfo (RoleInfo.java:updateAndGet(143)) - 9a32c150-8a71-44f8-a6d2-35b751a73f8d: start FollowerState
2019-10-15 23:17:59,283 [pool-207-thread-1] INFO  impl.RaftServerImpl (RaftServerImpl.java:start(181)) - f3358113-732e-4d1a-b7b4-0079f823154f@group-8113D68F2097: start as a follower, conf=-1: [f3358113-732e-4d1a-b7b4-0079f823154f:192.168.157.213:35915, 9a32c150-8a71-44f8-a6d2-35b751a73f8d:192.168.157.213:38325, 10266a97-a68e-492c-868a-f014903942e5:192.168.157.213:36499], old=null
2019-10-15 23:17:59,283 [pool-207-thread-1] INFO  impl.RaftServerImpl (RaftServerImpl.java:setRole(170)) - f3358113-732e-4d1a-b7b4-0079f823154f@group-8113D68F2097: changes role from      null to FOLLOWER at term 0 for startAsFollower
2019-10-15 23:17:59,283 [pool-237-thread-1] INFO  util.JmxRegister (JmxRegister.java:tryRegister(44)) - Successfully registered JMX Bean with object name Ratis:service=RaftServer,group=group-8113D68F2097,id=9a32c150-8a71-44f8-a6d2-35b751a73f8d
2019-10-15 23:17:59,283 [pool-207-thread-1] INFO  impl.RoleInfo (RoleInfo.java:updateAndGet(143)) - f3358113-732e-4d1a-b7b4-0079f823154f: start FollowerState
2019-10-15 23:17:59,284 [pool-207-thread-1] INFO  util.JmxRegister (JmxRegister.java:tryRegister(44)) - Successfully registered JMX Bean with object name Ratis:service=RaftServer,group=group-8113D68F2097,id=f3358113-732e-4d1a-b7b4-0079f823154f
2019-10-15 23:17:59,296 [RatisPipelineUtilsThread] INFO  pipeline.PipelineStateManager (PipelineStateManager.java:addPipeline(56)) - Created pipeline Pipeline[ Id: e7f01616-3149-4c99-8a20-8113d68f2097, Nodes: 10266a97-a68e-492c-868a-f014903942e5{ip: 192.168.157.213, host: pr-hdds-2221-lrjgr-1037302595, networkLocation: /default-rack, certSerialId: null}f3358113-732e-4d1a-b7b4-0079f823154f{ip: 192.168.157.213, host: pr-hdds-2221-lrjgr-1037302595, networkLocation: /default-rack, certSerialId: null}9a32c150-8a71-44f8-a6d2-35b751a73f8d{ip: 192.168.157.213, host: pr-hdds-2221-lrjgr-1037302595, networkLocation: /default-rack, certSerialId: null}, Type:RATIS, Factor:THREE, State:OPEN]
2019-10-15 23:17:59,312 [grpc-default-executor-4] INFO  impl.RaftServerProxy (RaftServerProxy.java:addNew(89)) - 8784f1d6-424a-4929-9fea-052d2768b2f7: addNew group-CE823763D033:[48eddf45-9652-4002-81b5-fb45ffd80ba8:192.168.157.213:37627, 8784f1d6-424a-4929-9fea-052d2768b2f7:192.168.157.213:42195, f50f5d79-c925-453f-af51-4b8158da1d4f:192.168.157.213:35553] returns group-CE823763D033:java.util.concurrent.CompletableFuture@23cf4a36[Not completed]
2019-10-15 23:17:59,312 [grpc-default-executor-5] INFO  impl.RaftServerProxy (RaftServerProxy.java:addNew(89)) - 48eddf45-9652-4002-81b5-fb45ffd80ba8: addNew group-CE823763D033:[48eddf45-9652-4002-81b5-fb45ffd80ba8:192.168.157.213:37627, 8784f1d6-424a-4929-9fea-052d2768b2f7:192.168.157.213:42195, f50f5d79-c925-453f-af51-4b8158da1d4f:192.168.157.213:35553] returns group-CE823763D033:java.util.concurrent.CompletableFuture@313c6f07[Not completed]
2019-10-15 23:17:59,312 [grpc-default-executor-6] INFO  impl.RaftServerProxy (RaftServerProxy.java:addNew(89)) - f50f5d79-c925-453f-af51-4b8158da1d4f: addNew group-CE823763D033:[48eddf45-9652-4002-81b5-fb45ffd80ba8:192.168.157.213:37627, 8784f1d6-424a-4929-9fea-052d2768b2f7:192.168.157.213:42195, f50f5d79-c925-453f-af51-4b8158da1d4f:192.168.157.213:35553] returns group-CE823763D033:java.util.concurrent.CompletableFuture@43525bee[Not completed]
2019-10-15 23:17:59,316 [pool-227-thread-1] INFO  impl.RaftServerImpl (RaftServerImpl.java:<init>(95)) - f50f5d79-c925-453f-af51-4b8158da1d4f: new RaftServerImpl for group-CE823763D033:[48eddf45-9652-4002-81b5-fb45ffd80ba8:192.168.157.213:37627, 8784f1d6-424a-4929-9fea-052d2768b2f7:192.168.157.213:42195, f50f5d79-c925-453f-af51-4b8158da1d4f:192.168.157.213:35553] with ContainerStateMachine:uninitialized
2019-10-15 23:17:59,316 [pool-227-thread-1] INFO  server.RaftServerConfigKeys (ConfUtils.java:logGet(43)) - raft.server.rpc.timeout.min = 5s (custom)
2019-10-15 23:17:59,316 [pool-227-thread-1] INFO  server.RaftServerConfigKeys (ConfUtils.java:logGet(43)) - raft.server.rpc.timeout.max = 5200ms (custom)
2019-10-15 23:17:59,316 [pool-227-thread-1] INFO  server.RaftServerConfigKeys (ConfUtils.java:logGet(43)) - raft.server.rpcslowness.timeout = 120s (custom)
2019-10-15 23:17:59,316 [pool-227-thread-1] INFO  server.RaftServerConfigKeys (ConfUtils.java:logGet(43)) - raft.server.sleep.deviation.threshold = 300 (default)
2019-10-15 23:17:59,316 [pool-227-thread-1] INFO  server.RaftServerConfigKeys (ConfUtils.java:logGet(43)) - raft.server.log.appender.install.snapshot.enabled = false (custom)
2019-10-15 23:17:59,317 [pool-227-thread-1] INFO  impl.RaftServerImpl (ServerState.java:<init>(103)) - f50f5d79-c925-453f-af51-4b8158da1d4f@group-CE823763D033: ConfigurationManager, init=-1: [48eddf45-9652-4002-81b5-fb45ffd80ba8:192.168.157.213:37627, 8784f1d6-424a-4929-9fea-052d2768b2f7:192.168.157.213:42195, f50f5d79-c925-453f-af51-4b8158da1d4f:192.168.157.213:35553], old=null, confs=<EMPTY_MAP>
2019-10-15 23:17:59,317 [pool-227-thread-1] INFO  server.RaftServerConfigKeys (ConfUtils.java:logGet(43)) - raft.server.storage.dir = [/workdir/hadoop-ozone/integration-test/target/test-dir/MiniOzoneClusterImpl-f91735dc-409e-45ff-ac27-ffb842bc1089/datanode-2/data/ratis] (custom)
2019-10-15 23:17:59,317 [pool-267-thread-1] INFO  impl.RaftServerImpl (RaftServerImpl.java:<init>(95)) - 8784f1d6-424a-4929-9fea-052d2768b2f7: new RaftServerImpl for group-CE823763D033:[48eddf45-9652-4002-81b5-fb45ffd80ba8:192.168.157.213:37627, 8784f1d6-424a-4929-9fea-052d2768b2f7:192.168.157.213:42195, f50f5d79-c925-453f-af51-4b8158da1d4f:192.168.157.213:35553] with ContainerStateMachine:uninitialized
2019-10-15 23:17:59,317 [pool-267-thread-1] INFO  server.RaftServerConfigKeys (ConfUtils.java:logGet(43)) - raft.server.rpc.timeout.min = 5s (custom)
2019-10-15 23:17:59,317 [pool-227-thread-1] INFO  server.RaftServerConfigKeys (ConfUtils.java:logGet(43)) - raft.server.log.corruption.policy = EXCEPTION (default)
2019-10-15 23:17:59,317 [pool-267-thread-1] INFO  server.RaftServerConfigKeys (ConfUtils.java:logGet(43)) - raft.server.rpc.timeout.max = 5200ms (custom)
2019-10-15 23:17:59,317 [pool-227-thread-1] INFO  storage.RaftStorageDirectory (RaftStorageDirectory.java:analyzeStorage(246)) - The storage directory /workdir/hadoop-ozone/integration-test/target/test-dir/MiniOzoneClusterImpl-f91735dc-409e-45ff-ac27-ffb842bc1089/datanode-2/data/ratis/ef4b0c01-8c35-4b01-ab61-ce823763d033 does not exist. Creating ...
2019-10-15 23:17:59,318 [pool-217-thread-1] INFO  impl.RaftServerImpl (RaftServerImpl.java:<init>(95)) - 48eddf45-9652-4002-81b5-fb45ffd80ba8: new RaftServerImpl for group-CE823763D033:[48eddf45-9652-4002-81b5-fb45ffd80ba8:192.168.157.213:37627, 8784f1d6-424a-4929-9fea-052d2768b2f7:192.168.157.213:42195, f50f5d79-c925-453f-af51-4b8158da1d4f:192.168.157.213:35553] with ContainerStateMachine:uninitialized
2019-10-15 23:17:59,318 [pool-267-thread-1] INFO  server.RaftServerConfigKeys (ConfUtils.java:logGet(43)) - raft.server.rpcslowness.timeout = 120s (custom)
2019-10-15 23:17:59,318 [pool-217-thread-1] INFO  server.RaftServerConfigKeys (ConfUtils.java:logGet(43)) - raft.server.rpc.timeout.min = 5s (custom)
2019-10-15 23:17:59,318 [pool-267-thread-1] INFO  server.RaftServerConfigKeys (ConfUtils.java:logGet(43)) - raft.server.sleep.deviation.threshold = 300 (default)
2019-10-15 23:17:59,318 [pool-217-thread-1] INFO  server.RaftServerConfigKeys (ConfUtils.java:logGet(43)) - raft.server.rpc.timeout.max = 5200ms (custom)
2019-10-15 23:17:59,318 [pool-267-thread-1] INFO  server.RaftServerConfigKeys (ConfUtils.java:logGet(43)) - raft.server.log.appender.install.snapshot.enabled = false (custom)
2019-10-15 23:17:59,318 [pool-217-thread-1] INFO  server.RaftServerConfigKeys (ConfUtils.java:logGet(43)) - raft.server.rpcslowness.timeout = 120s (custom)
2019-10-15 23:17:59,318 [pool-267-thread-1] INFO  impl.RaftServerImpl (ServerState.java:<init>(103)) - 8784f1d6-424a-4929-9fea-052d2768b2f7@group-CE823763D033: ConfigurationManager, init=-1: [48eddf45-9652-4002-81b5-fb45ffd80ba8:192.168.157.213:37627, 8784f1d6-424a-4929-9fea-052d2768b2f7:192.168.157.213:42195, f50f5d79-c925-453f-af51-4b8158da1d4f:192.168.157.213:35553], old=null, confs=<EMPTY_MAP>
2019-10-15 23:17:59,319 [pool-217-thread-1] INFO  server.RaftServerConfigKeys (ConfUtils.java:logGet(43)) - raft.server.sleep.deviation.threshold = 300 (default)
2019-10-15 23:17:59,319 [pool-267-thread-1] INFO  server.RaftServerConfigKeys (ConfUtils.java:logGet(43)) - raft.server.storage.dir = [/workdir/hadoop-ozone/integration-test/target/test-dir/MiniOzoneClusterImpl-f91735dc-409e-45ff-ac27-ffb842bc1089/datanode-6/data/ratis] (custom)
2019-10-15 23:17:59,319 [pool-217-thread-1] INFO  server.RaftServerConfigKeys (ConfUtils.java:logGet(43)) - raft.server.log.appender.install.snapshot.enabled = false (custom)
2019-10-15 23:17:59,319 [pool-217-thread-1] INFO  impl.RaftServerImpl (ServerState.java:<init>(103)) - 48eddf45-9652-4002-81b5-fb45ffd80ba8@group-CE823763D033: ConfigurationManager, init=-1: [48eddf45-9652-4002-81b5-fb45ffd80ba8:192.168.157.213:37627, 8784f1d6-424a-4929-9fea-052d2768b2f7:192.168.157.213:42195, f50f5d79-c925-453f-af51-4b8158da1d4f:192.168.157.213:35553], old=null, confs=<EMPTY_MAP>
2019-10-15 23:17:59,319 [pool-267-thread-1] INFO  server.RaftServerConfigKeys (ConfUtils.java:logGet(43)) - raft.server.log.corruption.policy = EXCEPTION (default)
2019-10-15 23:17:59,319 [pool-217-thread-1] INFO  server.RaftServerConfigKeys (ConfUtils.java:logGet(43)) - raft.server.storage.dir = [/workdir/hadoop-ozone/integration-test/target/test-dir/MiniOzoneClusterImpl-f91735dc-409e-45ff-ac27-ffb842bc1089/datanode-1/data/ratis] (custom)
2019-10-15 23:17:59,319 [pool-267-thread-1] INFO  storage.RaftStorageDirectory (RaftStorageDirectory.java:analyzeStorage(246)) - The storage directory /workdir/hadoop-ozone/integration-test/target/test-dir/MiniOzoneClusterImpl-f91735dc-409e-45ff-ac27-ffb842bc1089/datanode-6/data/ratis/ef4b0c01-8c35-4b01-ab61-ce823763d033 does not exist. Creating ...
2019-10-15 23:17:59,320 [pool-217-thread-1] INFO  server.RaftServerConfigKeys (ConfUtils.java:logGet(43)) - raft.server.log.corruption.policy = EXCEPTION (default)
2019-10-15 23:17:59,320 [pool-217-thread-1] INFO  storage.RaftStorageDirectory (RaftStorageDirectory.java:analyzeStorage(246)) - The storage directory /workdir/hadoop-ozone/integration-test/target/test-dir/MiniOzoneClusterImpl-f91735dc-409e-45ff-ac27-ffb842bc1089/datanode-1/data/ratis/ef4b0c01-8c35-4b01-ab61-ce823763d033 does not exist. Creating ...
2019-10-15 23:17:59,331 [pool-227-thread-1] INFO  storage.RaftStorageDirectory (RaftStorageDirectory.java:tryLock(328)) - Lock on /workdir/hadoop-ozone/integration-test/target/test-dir/MiniOzoneClusterImpl-f91735dc-409e-45ff-ac27-ffb842bc1089/datanode-2/data/ratis/ef4b0c01-8c35-4b01-ab61-ce823763d033/in_use.lock acquired by nodename 4396@pr-hdds-2221-lrjgr-1037302595
2019-10-15 23:17:59,331 [pool-217-thread-1] INFO  storage.RaftStorageDirectory (RaftStorageDirectory.java:tryLock(328)) - Lock on /workdir/hadoop-ozone/integration-test/target/test-dir/MiniOzoneClusterImpl-f91735dc-409e-45ff-ac27-ffb842bc1089/datanode-1/data/ratis/ef4b0c01-8c35-4b01-ab61-ce823763d033/in_use.lock acquired by nodename 4396@pr-hdds-2221-lrjgr-1037302595
2019-10-15 23:17:59,331 [pool-267-thread-1] INFO  storage.RaftStorageDirectory (RaftStorageDirectory.java:tryLock(328)) - Lock on /workdir/hadoop-ozone/integration-test/target/test-dir/MiniOzoneClusterImpl-f91735dc-409e-45ff-ac27-ffb842bc1089/datanode-6/data/ratis/ef4b0c01-8c35-4b01-ab61-ce823763d033/in_use.lock acquired by nodename 4396@pr-hdds-2221-lrjgr-1037302595
2019-10-15 23:17:59,345 [pool-227-thread-1] INFO  storage.RaftStorage (RaftStorage.java:format(84)) - Storage directory /workdir/hadoop-ozone/integration-test/target/test-dir/MiniOzoneClusterImpl-f91735dc-409e-45ff-ac27-ffb842bc1089/datanode-2/data/ratis/ef4b0c01-8c35-4b01-ab61-ce823763d033 has been successfully formatted.
2019-10-15 23:17:59,345 [pool-267-thread-1] INFO  storage.RaftStorage (RaftStorage.java:format(84)) - Storage directory /workdir/hadoop-ozone/integration-test/target/test-dir/MiniOzoneClusterImpl-f91735dc-409e-45ff-ac27-ffb842bc1089/datanode-6/data/ratis/ef4b0c01-8c35-4b01-ab61-ce823763d033 has been successfully formatted.
2019-10-15 23:17:59,345 [pool-217-thread-1] INFO  storage.RaftStorage (RaftStorage.java:format(84)) - Storage directory /workdir/hadoop-ozone/integration-test/target/test-dir/MiniOzoneClusterImpl-f91735dc-409e-45ff-ac27-ffb842bc1089/datanode-1/data/ratis/ef4b0c01-8c35-4b01-ab61-ce823763d033 has been successfully formatted.
2019-10-15 23:17:59,345 [pool-267-thread-1] INFO  ratis.ContainerStateMachine (ContainerStateMachine.java:loadSnapshot(231)) - group-CE823763D033: The snapshot info is null. Setting the last applied indexto:(t:0, i:~)
2019-10-15 23:17:59,345 [pool-227-thread-1] INFO  ratis.ContainerStateMachine (ContainerStateMachine.java:loadSnapshot(231)) - group-CE823763D033: The snapshot info is null. Setting the last applied indexto:(t:0, i:~)
2019-10-15 23:17:59,346 [pool-217-thread-1] INFO  ratis.ContainerStateMachine (ContainerStateMachine.java:loadSnapshot(231)) - group-CE823763D033: The snapshot info is null. Setting the last applied indexto:(t:0, i:~)
2019-10-15 23:17:59,346 [pool-267-thread-1] INFO  server.RaftServerConfigKeys (ConfUtils.java:logGet(43)) - raft.server.notification.no-leader.timeout = 120s (custom)
2019-10-15 23:17:59,346 [pool-217-thread-1] INFO  server.RaftServerConfigKeys (ConfUtils.java:logGet(43)) - raft.server.notification.no-leader.timeout = 120s (custom)
2019-10-15 23:17:59,346 [pool-227-thread-1] INFO  server.RaftServerConfigKeys (ConfUtils.java:logGet(43)) - raft.server.notification.no-leader.timeout = 120s (custom)
2019-10-15 23:17:59,346 [pool-217-thread-1] INFO  server.RaftServerConfigKeys (ConfUtils.java:logGet(43)) - raft.server.log.use.memory = false (default)
2019-10-15 23:17:59,346 [pool-267-thread-1] INFO  server.RaftServerConfigKeys (ConfUtils.java:logGet(43)) - raft.server.log.use.memory = false (default)
2019-10-15 23:17:59,347 [pool-217-thread-1] INFO  server.RaftServerConfigKeys (ConfUtils.java:logGet(43)) - raft.server.log.purge.gap = 1000000 (custom)
2019-10-15 23:17:59,346 [pool-227-thread-1] INFO  server.RaftServerConfigKeys (ConfUtils.java:logGet(43)) - raft.server.log.use.memory = false (default)
2019-10-15 23:17:59,347 [pool-217-thread-1] INFO  server.RaftServerConfigKeys (ConfUtils.java:logGet(43)) - raft.server.log.appender.buffer.byte-limit = 33554432 (custom)
2019-10-15 23:17:59,347 [pool-267-thread-1] INFO  server.RaftServerConfigKeys (ConfUtils.java:logGet(43)) - raft.server.log.purge.gap = 1000000 (custom)
2019-10-15 23:17:59,347 [pool-217-thread-1] INFO  server.RaftServerConfigKeys (ConfUtils.java:logGet(43)) - raft.server.log.segment.size.max = 1048576 (custom)
2019-10-15 23:17:59,347 [pool-227-thread-1] INFO  server.RaftServerConfigKeys (ConfUtils.java:logGet(43)) - raft.server.log.purge.gap = 1000000 (custom)
2019-10-15 23:17:59,348 [pool-217-thread-1] INFO  server.RaftServerConfigKeys (ConfUtils.java:logGet(43)) - raft.server.log.segment.cache.num.max = 2 (custom)
2019-10-15 23:17:59,347 [pool-267-thread-1] INFO  server.RaftServerConfigKeys (ConfUtils.java:logGet(43)) - raft.server.log.appender.buffer.byte-limit = 33554432 (custom)
2019-10-15 23:17:59,348 [pool-217-thread-1] INFO  segmented.SegmentedRaftLogWorker (SegmentedRaftLogWorker.java:<init>(173)) - new 48eddf45-9652-4002-81b5-fb45ffd80ba8@group-CE823763D033-SegmentedRaftLogWorker for RaftStorage:Storage Directory /workdir/hadoop-ozone/integration-test/target/test-dir/MiniOzoneClusterImpl-f91735dc-409e-45ff-ac27-ffb842bc1089/datanode-1/data/ratis/ef4b0c01-8c35-4b01-ab61-ce823763d033
2019-10-15 23:17:59,348 [pool-227-thread-1] INFO  server.RaftServerConfigKeys (ConfUtils.java:logGet(43)) - raft.server.log.appender.buffer.byte-limit = 33554432 (custom)
2019-10-15 23:17:59,348 [pool-217-thread-1] INFO  server.RaftServerConfigKeys (ConfUtils.java:logGet(43)) - raft.server.log.queue.byte-limit = 2147483647 (custom)
2019-10-15 23:17:59,348 [pool-267-thread-1] INFO  server.RaftServerConfigKeys (ConfUtils.java:logGet(43)) - raft.server.log.segment.size.max = 1048576 (custom)
2019-10-15 23:17:59,348 [pool-217-thread-1] INFO  server.RaftServerConfigKeys (ConfUtils.java:logGet(43)) - raft.server.log.queue.element-limit = 1024 (custom)
2019-10-15 23:17:59,348 [pool-227-thread-1] INFO  server.RaftServerConfigKeys (ConfUtils.java:logGet(43)) - raft.server.log.segment.size.max = 1048576 (custom)
2019-10-15 23:17:59,349 [pool-217-thread-1] INFO  server.RaftServerConfigKeys (ConfUtils.java:logGet(43)) - raft.server.log.segment.size.max = 1048576 (custom)
2019-10-15 23:17:59,349 [pool-267-thread-1] INFO  server.RaftServerConfigKeys (ConfUtils.java:logGet(43)) - raft.server.log.segment.cache.num.max = 2 (custom)
2019-10-15 23:17:59,349 [pool-217-thread-1] INFO  server.RaftServerConfigKeys (ConfUtils.java:logGet(43)) - raft.server.log.preallocated.size = 16384 (custom)
2019-10-15 23:17:59,349 [pool-227-thread-1] INFO  server.RaftServerConfigKeys (ConfUtils.java:logGet(43)) - raft.server.log.segment.cache.num.max = 2 (custom)
2019-10-15 23:17:59,349 [pool-217-thread-1] INFO  server.RaftServerConfigKeys (ConfUtils.java:logGet(43)) - raft.server.log.write.buffer.size = 33554432 (custom)
2019-10-15 23:17:59,349 [pool-267-thread-1] INFO  segmented.SegmentedRaftLogWorker (SegmentedRaftLogWorker.java:<init>(173)) - new 8784f1d6-424a-4929-9fea-052d2768b2f7@group-CE823763D033-SegmentedRaftLogWorker for RaftStorage:Storage Directory /workdir/hadoop-ozone/integration-test/target/test-dir/MiniOzoneClusterImpl-f91735dc-409e-45ff-ac27-ffb842bc1089/datanode-6/data/ratis/ef4b0c01-8c35-4b01-ab61-ce823763d033
2019-10-15 23:17:59,350 [pool-217-thread-1] INFO  server.RaftServerConfigKeys (ConfUtils.java:logGet(43)) - raft.server.log.force.sync.num = 128 (default)
2019-10-15 23:17:59,349 [pool-227-thread-1] INFO  segmented.SegmentedRaftLogWorker (SegmentedRaftLogWorker.java:<init>(173)) - new f50f5d79-c925-453f-af51-4b8158da1d4f@group-CE823763D033-SegmentedRaftLogWorker for RaftStorage:Storage Directory /workdir/hadoop-ozone/integration-test/target/test-dir/MiniOzoneClusterImpl-f91735dc-409e-45ff-ac27-ffb842bc1089/datanode-2/data/ratis/ef4b0c01-8c35-4b01-ab61-ce823763d033
2019-10-15 23:17:59,350 [pool-217-thread-1] INFO  server.RaftServerConfigKeys (ConfUtils.java:logGet(43)) - raft.server.log.statemachine.data.sync = true (default)
2019-10-15 23:17:59,350 [pool-217-thread-1] INFO  server.RaftServerConfigKeys (ConfUtils.java:logGet(43)) - raft.server.log.statemachine.data.sync.timeout = 10s (default)
2019-10-15 23:17:59,350 [pool-267-thread-1] INFO  server.RaftServerConfigKeys (ConfUtils.java:logGet(43)) - raft.server.log.queue.byte-limit = 2147483647 (custom)
2019-10-15 23:17:59,350 [pool-217-thread-1] INFO  server.RaftServerConfigKeys (ConfUtils.java:logGet(43)) - raft.server.log.statemachine.data.sync.timeout.retry = -1 (default)
2019-10-15 23:17:59,350 [pool-227-thread-1] INFO  server.RaftServerConfigKeys (ConfUtils.java:logGet(43)) - raft.server.log.queue.byte-limit = 2147483647 (custom)
2019-10-15 23:17:59,351 [pool-217-thread-1] INFO  server.RaftServerConfigKeys (ConfUtils.java:logGet(43)) - raft.server.log.statemachine.data.caching.enabled = true (custom)
2019-10-15 23:17:59,351 [pool-267-thread-1] INFO  server.RaftServerConfigKeys (ConfUtils.java:logGet(43)) - raft.server.log.queue.element-limit = 1024 (custom)
2019-10-15 23:17:59,351 [pool-227-thread-1] INFO  server.RaftServerConfigKeys (ConfUtils.java:logGet(43)) - raft.server.log.queue.element-limit = 1024 (custom)
2019-10-15 23:17:59,351 [pool-217-thread-1] INFO  segmented.SegmentedRaftLogWorker (SegmentedRaftLogWorker.java:lambda$new$0(128)) - 48eddf45-9652-4002-81b5-fb45ffd80ba8@group-CE823763D033-SegmentedRaftLogWorker: flushIndex: setUnconditionally 0 -> -1
2019-10-15 23:17:59,351 [pool-267-thread-1] INFO  server.RaftServerConfigKeys (ConfUtils.java:logGet(43)) - raft.server.log.segment.size.max = 1048576 (custom)
2019-10-15 23:17:59,351 [pool-227-thread-1] INFO  server.RaftServerConfigKeys (ConfUtils.java:logGet(43)) - raft.server.log.segment.size.max = 1048576 (custom)
2019-10-15 23:17:59,352 [pool-217-thread-1] INFO  server.RaftServerConfigKeys (ConfUtils.java:logGet(43)) - raft.server.snapshot.auto.trigger.enabled = true (custom)
2019-10-15 23:17:59,352 [pool-267-thread-1] INFO  server.RaftServerConfigKeys (ConfUtils.java:logGet(43)) - raft.server.log.preallocated.size = 16384 (custom)
2019-10-15 23:17:59,352 [pool-217-thread-1] INFO  server.RaftServerConfigKeys (ConfUtils.java:logGet(43)) - raft.server.snapshot.auto.trigger.threshold = 10000 (custom)
2019-10-15 23:17:59,352 [pool-227-thread-1] INFO  server.RaftServerConfigKeys (ConfUtils.java:logGet(43)) - raft.server.log.preallocated.size = 16384 (custom)
2019-10-15 23:17:59,352 [pool-217-thread-1] INFO  server.RaftServerConfigKeys (ConfUtils.java:logGet(43)) - raft.server.snapshot.retention.file.num = 5 (custom)
2019-10-15 23:17:59,352 [pool-267-thread-1] INFO  server.RaftServerConfigKeys (ConfUtils.java:logGet(43)) - raft.server.log.write.buffer.size = 33554432 (custom)
2019-10-15 23:17:59,353 [pool-217-thread-1] INFO  server.RaftServerConfigKeys (ConfUtils.java:logGet(43)) - raft.server.retrycache.expirytime = 600000ms (custom)
2019-10-15 23:17:59,352 [pool-227-thread-1] INFO  server.RaftServerConfigKeys (ConfUtils.java:logGet(43)) - raft.server.log.write.buffer.size = 33554432 (custom)
2019-10-15 23:17:59,353 [pool-267-thread-1] INFO  server.RaftServerConfigKeys (ConfUtils.java:logGet(43)) - raft.server.log.force.sync.num = 128 (default)
2019-10-15 23:17:59,353 [pool-227-thread-1] INFO  server.RaftServerConfigKeys (ConfUtils.java:logGet(43)) - raft.server.log.force.sync.num = 128 (default)
2019-10-15 23:17:59,353 [pool-267-thread-1] INFO  server.RaftServerConfigKeys (ConfUtils.java:logGet(43)) - raft.server.log.statemachine.data.sync = true (default)
2019-10-15 23:17:59,353 [pool-227-thread-1] INFO  server.RaftServerConfigKeys (ConfUtils.java:logGet(43)) - raft.server.log.statemachine.data.sync = true (default)
2019-10-15 23:17:59,354 [pool-267-thread-1] INFO  server.RaftServerConfigKeys (ConfUtils.java:logGet(43)) - raft.server.log.statemachine.data.sync.timeout = 10s (default)
2019-10-15 23:17:59,354 [pool-227-thread-1] INFO  server.RaftServerConfigKeys (ConfUtils.java:logGet(43)) - raft.server.log.statemachine.data.sync.timeout = 10s (default)
2019-10-15 23:17:59,354 [pool-267-thread-1] INFO  server.RaftServerConfigKeys (ConfUtils.java:logGet(43)) - raft.server.log.statemachine.data.sync.timeout.retry = -1 (default)
2019-10-15 23:17:59,354 [pool-227-thread-1] INFO  server.RaftServerConfigKeys (ConfUtils.java:logGet(43)) - raft.server.log.statemachine.data.sync.timeout.retry = -1 (default)
2019-10-15 23:17:59,354 [pool-267-thread-1] INFO  server.RaftServerConfigKeys (ConfUtils.java:logGet(43)) - raft.server.log.statemachine.data.caching.enabled = true (custom)
2019-10-15 23:17:59,354 [pool-227-thread-1] INFO  server.RaftServerConfigKeys (ConfUtils.java:logGet(43)) - raft.server.log.statemachine.data.caching.enabled = true (custom)
2019-10-15 23:17:59,355 [pool-267-thread-1] INFO  segmented.SegmentedRaftLogWorker (SegmentedRaftLogWorker.java:lambda$new$0(128)) - 8784f1d6-424a-4929-9fea-052d2768b2f7@group-CE823763D033-SegmentedRaftLogWorker: flushIndex: setUnconditionally 0 -> -1
2019-10-15 23:17:59,355 [pool-227-thread-1] INFO  segmented.SegmentedRaftLogWorker (SegmentedRaftLogWorker.java:lambda$new$0(128)) - f50f5d79-c925-453f-af51-4b8158da1d4f@group-CE823763D033-SegmentedRaftLogWorker: flushIndex: setUnconditionally 0 -> -1
2019-10-15 23:17:59,355 [pool-267-thread-1] INFO  server.RaftServerConfigKeys (ConfUtils.java:logGet(43)) - raft.server.snapshot.auto.trigger.enabled = true (custom)
2019-10-15 23:17:59,355 [pool-227-thread-1] INFO  server.RaftServerConfigKeys (ConfUtils.java:logGet(43)) - raft.server.snapshot.auto.trigger.enabled = true (custom)
2019-10-15 23:17:59,355 [pool-267-thread-1] INFO  server.RaftServerConfigKeys (ConfUtils.java:logGet(43)) - raft.server.snapshot.auto.trigger.threshold = 10000 (custom)
2019-10-15 23:17:59,355 [pool-227-thread-1] INFO  server.RaftServerConfigKeys (ConfUtils.java:logGet(43)) - raft.server.snapshot.auto.trigger.threshold = 10000 (custom)
2019-10-15 23:17:59,355 [pool-267-thread-1] INFO  server.RaftServerConfigKeys (ConfUtils.java:logGet(43)) - raft.server.snapshot.retention.file.num = 5 (custom)
2019-10-15 23:17:59,355 [pool-227-thread-1] INFO  server.RaftServerConfigKeys (ConfUtils.java:logGet(43)) - raft.server.snapshot.retention.file.num = 5 (custom)
2019-10-15 23:17:59,356 [pool-267-thread-1] INFO  server.RaftServerConfigKeys (ConfUtils.java:logGet(43)) - raft.server.retrycache.expirytime = 600000ms (custom)
2019-10-15 23:17:59,356 [pool-217-thread-1] INFO  impl.RaftServerImpl (RaftServerImpl.java:start(181)) - 48eddf45-9652-4002-81b5-fb45ffd80ba8@group-CE823763D033: start as a follower, conf=-1: [48eddf45-9652-4002-81b5-fb45ffd80ba8:192.168.157.213:37627, 8784f1d6-424a-4929-9fea-052d2768b2f7:192.168.157.213:42195, f50f5d79-c925-453f-af51-4b8158da1d4f:192.168.157.213:35553], old=null
2019-10-15 23:17:59,356 [pool-227-thread-1] INFO  server.RaftServerConfigKeys (ConfUtils.java:logGet(43)) - raft.server.retrycache.expirytime = 600000ms (custom)
2019-10-15 23:17:59,356 [pool-217-thread-1] INFO  impl.RaftServerImpl (RaftServerImpl.java:setRole(170)) - 48eddf45-9652-4002-81b5-fb45ffd80ba8@group-CE823763D033: changes role from      null to FOLLOWER at term 0 for startAsFollower
2019-10-15 23:17:59,356 [pool-217-thread-1] INFO  impl.RoleInfo (RoleInfo.java:updateAndGet(143)) - 48eddf45-9652-4002-81b5-fb45ffd80ba8: start FollowerState
2019-10-15 23:17:59,357 [pool-217-thread-1] INFO  util.JmxRegister (JmxRegister.java:tryRegister(44)) - Successfully registered JMX Bean with object name Ratis:service=RaftServer,group=group-CE823763D033,id=48eddf45-9652-4002-81b5-fb45ffd80ba8
2019-10-15 23:17:59,360 [pool-227-thread-1] INFO  impl.RaftServerImpl (RaftServerImpl.java:start(181)) - f50f5d79-c925-453f-af51-4b8158da1d4f@group-CE823763D033: start as a follower, conf=-1: [48eddf45-9652-4002-81b5-fb45ffd80ba8:192.168.157.213:37627, 8784f1d6-424a-4929-9fea-052d2768b2f7:192.168.157.213:42195, f50f5d79-c925-453f-af51-4b8158da1d4f:192.168.157.213:35553], old=null
2019-10-15 23:17:59,360 [pool-227-thread-1] INFO  impl.RaftServerImpl (RaftServerImpl.java:setRole(170)) - f50f5d79-c925-453f-af51-4b8158da1d4f@group-CE823763D033: changes role from      null to FOLLOWER at term 0 for startAsFollower
2019-10-15 23:17:59,360 [pool-227-thread-1] INFO  impl.RoleInfo (RoleInfo.java:updateAndGet(143)) - f50f5d79-c925-453f-af51-4b8158da1d4f: start FollowerState
2019-10-15 23:17:59,360 [pool-267-thread-1] INFO  impl.RaftServerImpl (RaftServerImpl.java:start(181)) - 8784f1d6-424a-4929-9fea-052d2768b2f7@group-CE823763D033: start as a follower, conf=-1: [48eddf45-9652-4002-81b5-fb45ffd80ba8:192.168.157.213:37627, 8784f1d6-424a-4929-9fea-052d2768b2f7:192.168.157.213:42195, f50f5d79-c925-453f-af51-4b8158da1d4f:192.168.157.213:35553], old=null
2019-10-15 23:17:59,361 [pool-267-thread-1] INFO  impl.RaftServerImpl (RaftServerImpl.java:setRole(170)) - 8784f1d6-424a-4929-9fea-052d2768b2f7@group-CE823763D033: changes role from      null to FOLLOWER at term 0 for startAsFollower
2019-10-15 23:17:59,361 [pool-227-thread-1] INFO  util.JmxRegister (JmxRegister.java:tryRegister(44)) - Successfully registered JMX Bean with object name Ratis:service=RaftServer,group=group-CE823763D033,id=f50f5d79-c925-453f-af51-4b8158da1d4f
2019-10-15 23:17:59,361 [pool-267-thread-1] INFO  impl.RoleInfo (RoleInfo.java:updateAndGet(143)) - 8784f1d6-424a-4929-9fea-052d2768b2f7: start FollowerState
2019-10-15 23:17:59,361 [pool-267-thread-1] INFO  util.JmxRegister (JmxRegister.java:tryRegister(44)) - Successfully registered JMX Bean with object name Ratis:service=RaftServer,group=group-CE823763D033,id=8784f1d6-424a-4929-9fea-052d2768b2f7
2019-10-15 23:17:59,372 [RatisPipelineUtilsThread] INFO  pipeline.PipelineStateManager (PipelineStateManager.java:addPipeline(56)) - Created pipeline Pipeline[ Id: ef4b0c01-8c35-4b01-ab61-ce823763d033, Nodes: 48eddf45-9652-4002-81b5-fb45ffd80ba8{ip: 192.168.157.213, host: pr-hdds-2221-lrjgr-1037302595, networkLocation: /default-rack, certSerialId: null}f50f5d79-c925-453f-af51-4b8158da1d4f{ip: 192.168.157.213, host: pr-hdds-2221-lrjgr-1037302595, networkLocation: /default-rack, certSerialId: null}8784f1d6-424a-4929-9fea-052d2768b2f7{ip: 192.168.157.213, host: pr-hdds-2221-lrjgr-1037302595, networkLocation: /default-rack, certSerialId: null}, Type:RATIS, Factor:THREE, State:OPEN]
2019-10-15 23:18:00,156 [main] INFO  ozone.MiniOzoneClusterImpl (MiniOzoneClusterImpl.java:lambda$waitForClusterToBeReady$0(147)) - Cluster is ready. Got 7 of 7 DN Heartbeats.
2019-10-15 23:18:00,201 [main] INFO  rpc.RpcClient (RpcClient.java:createVolume(272)) - Creating Volume: watchforcommithandlingtest, with jenkins1000 as owner.
2019-10-15 23:18:00,205 [IPC Server handler 2 on 37097] INFO  volume.OMVolumeCreateRequest (OMVolumeCreateRequest.java:validateAndUpdateCache(193)) - created volume:watchforcommithandlingtest for user:jenkins1000
2019-10-15 23:18:00,219 [main] INFO  rpc.RpcClient (RpcClient.java:createBucket(411)) - Creating Bucket: watchforcommithandlingtest/watchforcommithandlingtest, with Versioning false and Storage Type set to DISK and Encryption set to false 
2019-10-15 23:18:00,224 [main] INFO  ozone.MiniOzoneClusterImpl (MiniOzoneClusterImpl.java:getStorageContainerLocationClient(234)) - Creating StorageContainerLocationProtocol RPC client with address /0.0.0.0:40835
2019-10-15 23:18:01,809 [Thread-1438] INFO  container.ReplicationManager (ReplicationManager.java:start(162)) - Starting Replication Monitor Thread.
2019-10-15 23:18:01,812 [ReplicationMonitor] INFO  container.ReplicationManager (ReplicationManager.java:run(225)) - Replication Monitor Thread took 1 milliseconds for processing 1 containers.
2019-10-15 23:18:03,981 [Thread-1440] INFO  impl.FollowerState (FollowerState.java:run(108)) - f3358113-732e-4d1a-b7b4-0079f823154f@group-1238053208E1-FollowerState: change to CANDIDATE, lastRpcTime:5115ms, electionTimeout:5115ms
2019-10-15 23:18:03,982 [Thread-1440] INFO  impl.RoleInfo (RoleInfo.java:shutdownFollowerState(121)) - f3358113-732e-4d1a-b7b4-0079f823154f: shutdown FollowerState
2019-10-15 23:18:03,982 [Thread-1440] INFO  impl.RaftServerImpl (RaftServerImpl.java:setRole(170)) - f3358113-732e-4d1a-b7b4-0079f823154f@group-1238053208E1: changes role from  FOLLOWER to CANDIDATE at term 0 for changeToCandidate
2019-10-15 23:18:03,983 [Thread-1440] INFO  impl.RoleInfo (RoleInfo.java:updateAndGet(143)) - f3358113-732e-4d1a-b7b4-0079f823154f: start LeaderElection
2019-10-15 23:18:04,004 [f3358113-732e-4d1a-b7b4-0079f823154f@group-1238053208E1-LeaderElection28] INFO  impl.LeaderElection (LeaderElection.java:askForVotes(178)) - f3358113-732e-4d1a-b7b4-0079f823154f@group-1238053208E1-LeaderElection28: begin an election at term 1 for -1: [f3358113-732e-4d1a-b7b4-0079f823154f:192.168.157.213:35915], old=null
2019-10-15 23:18:04,004 [f3358113-732e-4d1a-b7b4-0079f823154f@group-1238053208E1-LeaderElection28] INFO  impl.RoleInfo (RoleInfo.java:shutdownLeaderElection(134)) - f3358113-732e-4d1a-b7b4-0079f823154f: shutdown LeaderElection
2019-10-15 23:18:04,004 [f3358113-732e-4d1a-b7b4-0079f823154f@group-1238053208E1-LeaderElection28] INFO  impl.RaftServerImpl (RaftServerImpl.java:setRole(170)) - f3358113-732e-4d1a-b7b4-0079f823154f@group-1238053208E1: changes role from CANDIDATE to LEADER at term 1 for changeToLeader
2019-10-15 23:18:04,004 [f3358113-732e-4d1a-b7b4-0079f823154f@group-1238053208E1-LeaderElection28] INFO  impl.RaftServerImpl (ServerState.java:setLeader(255)) - f3358113-732e-4d1a-b7b4-0079f823154f@group-1238053208E1: change Leader from null to f3358113-732e-4d1a-b7b4-0079f823154f at term 1 for becomeLeader, leader elected after 5148ms
2019-10-15 23:18:04,005 [f3358113-732e-4d1a-b7b4-0079f823154f@group-1238053208E1-LeaderElection28] INFO  server.RaftServerConfigKeys (ConfUtils.java:logGet(43)) - raft.server.staging.catchup.gap = 1000 (default)
2019-10-15 23:18:04,005 [f3358113-732e-4d1a-b7b4-0079f823154f@group-1238053208E1-LeaderElection28] INFO  server.RaftServerConfigKeys (ConfUtils.java:logGet(43)) - raft.server.rpc.sleep.time = 25ms (default)
2019-10-15 23:18:04,005 [f3358113-732e-4d1a-b7b4-0079f823154f@group-1238053208E1-LeaderElection28] INFO  server.RaftServerConfigKeys (ConfUtils.java:logGet(43)) - raft.server.write.element-limit = 4096 (default)
2019-10-15 23:18:04,006 [f3358113-732e-4d1a-b7b4-0079f823154f@group-1238053208E1-LeaderElection28] INFO  server.RaftServerConfigKeys (ConfUtils.java:logGet(43)) - raft.server.watch.timeout = 10s (default)
2019-10-15 23:18:04,006 [f3358113-732e-4d1a-b7b4-0079f823154f@group-1238053208E1-LeaderElection28] INFO  server.RaftServerConfigKeys (ConfUtils.java:logGet(43)) - raft.server.watch.timeout.denomination = 1s (default)
2019-10-15 23:18:04,006 [f3358113-732e-4d1a-b7b4-0079f823154f@group-1238053208E1-LeaderElection28] INFO  server.RaftServerConfigKeys (ConfUtils.java:logGet(43)) - raft.server.watch.element-limit = 65536 (default)
2019-10-15 23:18:04,010 [f3358113-732e-4d1a-b7b4-0079f823154f@group-1238053208E1-LeaderElection28] INFO  impl.RoleInfo (RoleInfo.java:updateAndGet(143)) - f3358113-732e-4d1a-b7b4-0079f823154f: start LeaderState
2019-10-15 23:18:04,011 [f3358113-732e-4d1a-b7b4-0079f823154f@group-1238053208E1-LeaderElection28] INFO  segmented.SegmentedRaftLogWorker (SegmentedRaftLogWorker.java:startLogSegment(385)) - f3358113-732e-4d1a-b7b4-0079f823154f@group-1238053208E1-SegmentedRaftLogWorker: Starting segment from index:0
2019-10-15 23:18:04,012 [f3358113-732e-4d1a-b7b4-0079f823154f@group-1238053208E1-LeaderElection28] INFO  impl.RaftServerImpl (ServerState.java:setRaftConf(356)) - f3358113-732e-4d1a-b7b4-0079f823154f@group-1238053208E1: set configuration 0: [f3358113-732e-4d1a-b7b4-0079f823154f:192.168.157.213:35915], old=null at 0
2019-10-15 23:18:04,057 [Thread-1443] INFO  impl.FollowerState (FollowerState.java:run(108)) - 48eddf45-9652-4002-81b5-fb45ffd80ba8@group-81BBB453242A-FollowerState: change to CANDIDATE, lastRpcTime:5109ms, electionTimeout:5109ms
2019-10-15 23:18:04,058 [Thread-1443] INFO  impl.RoleInfo (RoleInfo.java:shutdownFollowerState(121)) - 48eddf45-9652-4002-81b5-fb45ffd80ba8: shutdown FollowerState
2019-10-15 23:18:04,059 [Thread-1443] INFO  impl.RaftServerImpl (RaftServerImpl.java:setRole(170)) - 48eddf45-9652-4002-81b5-fb45ffd80ba8@group-81BBB453242A: changes role from  FOLLOWER to CANDIDATE at term 0 for changeToCandidate
2019-10-15 23:18:04,059 [Thread-1443] INFO  impl.RoleInfo (RoleInfo.java:updateAndGet(143)) - 48eddf45-9652-4002-81b5-fb45ffd80ba8: start LeaderElection
2019-10-15 23:18:04,059 [f3358113-732e-4d1a-b7b4-0079f823154f@group-1238053208E1-SegmentedRaftLogWorker] INFO  segmented.SegmentedRaftLogWorker (SegmentedRaftLogWorker.java:execute(574)) - f3358113-732e-4d1a-b7b4-0079f823154f@group-1238053208E1-SegmentedRaftLogWorker: created new log segment /workdir/hadoop-ozone/integration-test/target/test-dir/MiniOzoneClusterImpl-f91735dc-409e-45ff-ac27-ffb842bc1089/datanode-0/data/ratis/0452bf0e-b452-45c6-bd2f-1238053208e1/current/log_inprogress_0
2019-10-15 23:18:04,081 [48eddf45-9652-4002-81b5-fb45ffd80ba8@group-81BBB453242A-LeaderElection29] INFO  impl.LeaderElection (LeaderElection.java:askForVotes(178)) - 48eddf45-9652-4002-81b5-fb45ffd80ba8@group-81BBB453242A-LeaderElection29: begin an election at term 1 for -1: [48eddf45-9652-4002-81b5-fb45ffd80ba8:192.168.157.213:37627], old=null
2019-10-15 23:18:04,081 [48eddf45-9652-4002-81b5-fb45ffd80ba8@group-81BBB453242A-LeaderElection29] INFO  impl.RoleInfo (RoleInfo.java:shutdownLeaderElection(134)) - 48eddf45-9652-4002-81b5-fb45ffd80ba8: shutdown LeaderElection
2019-10-15 23:18:04,082 [48eddf45-9652-4002-81b5-fb45ffd80ba8@group-81BBB453242A-LeaderElection29] INFO  impl.RaftServerImpl (RaftServerImpl.java:setRole(170)) - 48eddf45-9652-4002-81b5-fb45ffd80ba8@group-81BBB453242A: changes role from CANDIDATE to LEADER at term 1 for changeToLeader
2019-10-15 23:18:04,082 [48eddf45-9652-4002-81b5-fb45ffd80ba8@group-81BBB453242A-LeaderElection29] INFO  impl.RaftServerImpl (ServerState.java:setLeader(255)) - 48eddf45-9652-4002-81b5-fb45ffd80ba8@group-81BBB453242A: change Leader from null to 48eddf45-9652-4002-81b5-fb45ffd80ba8 at term 1 for becomeLeader, leader elected after 5143ms
2019-10-15 23:18:04,083 [48eddf45-9652-4002-81b5-fb45ffd80ba8@group-81BBB453242A-LeaderElection29] INFO  server.RaftServerConfigKeys (ConfUtils.java:logGet(43)) - raft.server.staging.catchup.gap = 1000 (default)
2019-10-15 23:18:04,083 [48eddf45-9652-4002-81b5-fb45ffd80ba8@group-81BBB453242A-LeaderElection29] INFO  server.RaftServerConfigKeys (ConfUtils.java:logGet(43)) - raft.server.rpc.sleep.time = 25ms (default)
2019-10-15 23:18:04,083 [48eddf45-9652-4002-81b5-fb45ffd80ba8@group-81BBB453242A-LeaderElection29] INFO  server.RaftServerConfigKeys (ConfUtils.java:logGet(43)) - raft.server.write.element-limit = 4096 (default)
2019-10-15 23:18:04,084 [48eddf45-9652-4002-81b5-fb45ffd80ba8@group-81BBB453242A-LeaderElection29] INFO  server.RaftServerConfigKeys (ConfUtils.java:logGet(43)) - raft.server.watch.timeout = 10s (default)
2019-10-15 23:18:04,084 [48eddf45-9652-4002-81b5-fb45ffd80ba8@group-81BBB453242A-LeaderElection29] INFO  server.RaftServerConfigKeys (ConfUtils.java:logGet(43)) - raft.server.watch.timeout.denomination = 1s (default)
2019-10-15 23:18:04,084 [48eddf45-9652-4002-81b5-fb45ffd80ba8@group-81BBB453242A-LeaderElection29] INFO  server.RaftServerConfigKeys (ConfUtils.java:logGet(43)) - raft.server.watch.element-limit = 65536 (default)
2019-10-15 23:18:04,087 [Thread-1446] INFO  impl.FollowerState (FollowerState.java:run(108)) - f50f5d79-c925-453f-af51-4b8158da1d4f@group-C662EF0DEE46-FollowerState: change to CANDIDATE, lastRpcTime:5086ms, electionTimeout:5086ms
2019-10-15 23:18:04,087 [Thread-1446] INFO  impl.RoleInfo (RoleInfo.java:shutdownFollowerState(121)) - f50f5d79-c925-453f-af51-4b8158da1d4f: shutdown FollowerState
2019-10-15 23:18:04,087 [Thread-1446] INFO  impl.RaftServerImpl (RaftServerImpl.java:setRole(170)) - f50f5d79-c925-453f-af51-4b8158da1d4f@group-C662EF0DEE46: changes role from  FOLLOWER to CANDIDATE at term 0 for changeToCandidate
2019-10-15 23:18:04,088 [Thread-1446] INFO  impl.RoleInfo (RoleInfo.java:updateAndGet(143)) - f50f5d79-c925-453f-af51-4b8158da1d4f: start LeaderElection
2019-10-15 23:18:04,111 [48eddf45-9652-4002-81b5-fb45ffd80ba8@group-81BBB453242A-LeaderElection29] INFO  impl.RoleInfo (RoleInfo.java:updateAndGet(143)) - 48eddf45-9652-4002-81b5-fb45ffd80ba8: start LeaderState
2019-10-15 23:18:04,111 [48eddf45-9652-4002-81b5-fb45ffd80ba8@group-81BBB453242A-LeaderElection29] INFO  segmented.SegmentedRaftLogWorker (SegmentedRaftLogWorker.java:startLogSegment(385)) - 48eddf45-9652-4002-81b5-fb45ffd80ba8@group-81BBB453242A-SegmentedRaftLogWorker: Starting segment from index:0
2019-10-15 23:18:04,113 [48eddf45-9652-4002-81b5-fb45ffd80ba8@group-81BBB453242A-LeaderElection29] INFO  impl.RaftServerImpl (ServerState.java:setRaftConf(356)) - 48eddf45-9652-4002-81b5-fb45ffd80ba8@group-81BBB453242A: set configuration 0: [48eddf45-9652-4002-81b5-fb45ffd80ba8:192.168.157.213:37627], old=null at 0
2019-10-15 23:18:04,123 [f50f5d79-c925-453f-af51-4b8158da1d4f@group-C662EF0DEE46-LeaderElection30] INFO  impl.LeaderElection (LeaderElection.java:askForVotes(178)) - f50f5d79-c925-453f-af51-4b8158da1d4f@group-C662EF0DEE46-LeaderElection30: begin an election at term 1 for -1: [f50f5d79-c925-453f-af51-4b8158da1d4f:192.168.157.213:35553], old=null
2019-10-15 23:18:04,123 [f50f5d79-c925-453f-af51-4b8158da1d4f@group-C662EF0DEE46-LeaderElection30] INFO  impl.RoleInfo (RoleInfo.java:shutdownLeaderElection(134)) - f50f5d79-c925-453f-af51-4b8158da1d4f: shutdown LeaderElection
2019-10-15 23:18:04,123 [f50f5d79-c925-453f-af51-4b8158da1d4f@group-C662EF0DEE46-LeaderElection30] INFO  impl.RaftServerImpl (RaftServerImpl.java:setRole(170)) - f50f5d79-c925-453f-af51-4b8158da1d4f@group-C662EF0DEE46: changes role from CANDIDATE to LEADER at term 1 for changeToLeader
2019-10-15 23:18:04,123 [f50f5d79-c925-453f-af51-4b8158da1d4f@group-C662EF0DEE46-LeaderElection30] INFO  impl.RaftServerImpl (ServerState.java:setLeader(255)) - f50f5d79-c925-453f-af51-4b8158da1d4f@group-C662EF0DEE46: change Leader from null to f50f5d79-c925-453f-af51-4b8158da1d4f at term 1 for becomeLeader, leader elected after 5132ms
2019-10-15 23:18:04,123 [f50f5d79-c925-453f-af51-4b8158da1d4f@group-C662EF0DEE46-LeaderElection30] INFO  server.RaftServerConfigKeys (ConfUtils.java:logGet(43)) - raft.server.staging.catchup.gap = 1000 (default)
2019-10-15 23:18:04,123 [f50f5d79-c925-453f-af51-4b8158da1d4f@group-C662EF0DEE46-LeaderElection30] INFO  server.RaftServerConfigKeys (ConfUtils.java:logGet(43)) - raft.server.rpc.sleep.time = 25ms (default)
2019-10-15 23:18:04,124 [f50f5d79-c925-453f-af51-4b8158da1d4f@group-C662EF0DEE46-LeaderElection30] INFO  server.RaftServerConfigKeys (ConfUtils.java:logGet(43)) - raft.server.write.element-limit = 4096 (default)
2019-10-15 23:18:04,124 [f50f5d79-c925-453f-af51-4b8158da1d4f@group-C662EF0DEE46-LeaderElection30] INFO  server.RaftServerConfigKeys (ConfUtils.java:logGet(43)) - raft.server.watch.timeout = 10s (default)
2019-10-15 23:18:04,124 [f50f5d79-c925-453f-af51-4b8158da1d4f@group-C662EF0DEE46-LeaderElection30] INFO  server.RaftServerConfigKeys (ConfUtils.java:logGet(43)) - raft.server.watch.timeout.denomination = 1s (default)
2019-10-15 23:18:04,124 [f50f5d79-c925-453f-af51-4b8158da1d4f@group-C662EF0DEE46-LeaderElection30] INFO  server.RaftServerConfigKeys (ConfUtils.java:logGet(43)) - raft.server.watch.element-limit = 65536 (default)
2019-10-15 23:18:04,126 [f50f5d79-c925-453f-af51-4b8158da1d4f@group-C662EF0DEE46-LeaderElection30] INFO  impl.RoleInfo (RoleInfo.java:updateAndGet(143)) - f50f5d79-c925-453f-af51-4b8158da1d4f: start LeaderState
2019-10-15 23:18:04,127 [f50f5d79-c925-453f-af51-4b8158da1d4f@group-C662EF0DEE46-LeaderElection30] INFO  segmented.SegmentedRaftLogWorker (SegmentedRaftLogWorker.java:startLogSegment(385)) - f50f5d79-c925-453f-af51-4b8158da1d4f@group-C662EF0DEE46-SegmentedRaftLogWorker: Starting segment from index:0
2019-10-15 23:18:04,127 [f50f5d79-c925-453f-af51-4b8158da1d4f@group-C662EF0DEE46-LeaderElection30] INFO  impl.RaftServerImpl (ServerState.java:setRaftConf(356)) - f50f5d79-c925-453f-af51-4b8158da1d4f@group-C662EF0DEE46: set configuration 0: [f50f5d79-c925-453f-af51-4b8158da1d4f:192.168.157.213:35553], old=null at 0
2019-10-15 23:18:04,157 [48eddf45-9652-4002-81b5-fb45ffd80ba8@group-81BBB453242A-SegmentedRaftLogWorker] INFO  segmented.SegmentedRaftLogWorker (SegmentedRaftLogWorker.java:execute(574)) - 48eddf45-9652-4002-81b5-fb45ffd80ba8@group-81BBB453242A-SegmentedRaftLogWorker: created new log segment /workdir/hadoop-ozone/integration-test/target/test-dir/MiniOzoneClusterImpl-f91735dc-409e-45ff-ac27-ffb842bc1089/datanode-1/data/ratis/0dff3948-c032-4132-af02-81bbb453242a/current/log_inprogress_0
2019-10-15 23:18:04,168 [f50f5d79-c925-453f-af51-4b8158da1d4f@group-C662EF0DEE46-SegmentedRaftLogWorker] INFO  segmented.SegmentedRaftLogWorker (SegmentedRaftLogWorker.java:execute(574)) - f50f5d79-c925-453f-af51-4b8158da1d4f@group-C662EF0DEE46-SegmentedRaftLogWorker: created new log segment /workdir/hadoop-ozone/integration-test/target/test-dir/MiniOzoneClusterImpl-f91735dc-409e-45ff-ac27-ffb842bc1089/datanode-2/data/ratis/f5eda4fe-189e-4ebb-bd6d-c662ef0dee46/current/log_inprogress_0
2019-10-15 23:18:04,210 [Thread-1452] INFO  impl.FollowerState (FollowerState.java:run(108)) - 10266a97-a68e-492c-868a-f014903942e5@group-74343F53963F-FollowerState: change to CANDIDATE, lastRpcTime:5101ms, electionTimeout:5101ms
2019-10-15 23:18:04,210 [Thread-1452] INFO  impl.RoleInfo (RoleInfo.java:shutdownFollowerState(121)) - 10266a97-a68e-492c-868a-f014903942e5: shutdown FollowerState
2019-10-15 23:18:04,211 [Thread-1452] INFO  impl.RaftServerImpl (RaftServerImpl.java:setRole(170)) - 10266a97-a68e-492c-868a-f014903942e5@group-74343F53963F: changes role from  FOLLOWER to CANDIDATE at term 0 for changeToCandidate
2019-10-15 23:18:04,211 [Thread-1452] INFO  impl.RoleInfo (RoleInfo.java:updateAndGet(143)) - 10266a97-a68e-492c-868a-f014903942e5: start LeaderElection
2019-10-15 23:18:04,221 [Thread-1458] INFO  impl.FollowerState (FollowerState.java:run(108)) - 8784f1d6-424a-4929-9fea-052d2768b2f7@group-6605F0E26562-FollowerState: change to CANDIDATE, lastRpcTime:5002ms, electionTimeout:5002ms
2019-10-15 23:18:04,221 [Thread-1458] INFO  impl.RoleInfo (RoleInfo.java:shutdownFollowerState(121)) - 8784f1d6-424a-4929-9fea-052d2768b2f7: shutdown FollowerState
2019-10-15 23:18:04,221 [Thread-1458] INFO  impl.RaftServerImpl (RaftServerImpl.java:setRole(170)) - 8784f1d6-424a-4929-9fea-052d2768b2f7@group-6605F0E26562: changes role from  FOLLOWER to CANDIDATE at term 0 for changeToCandidate
2019-10-15 23:18:04,221 [Thread-1458] INFO  impl.RoleInfo (RoleInfo.java:updateAndGet(143)) - 8784f1d6-424a-4929-9fea-052d2768b2f7: start LeaderElection
2019-10-15 23:18:04,244 [10266a97-a68e-492c-868a-f014903942e5@group-74343F53963F-LeaderElection31] INFO  impl.LeaderElection (LeaderElection.java:askForVotes(178)) - 10266a97-a68e-492c-868a-f014903942e5@group-74343F53963F-LeaderElection31: begin an election at term 1 for -1: [10266a97-a68e-492c-868a-f014903942e5:192.168.157.213:36499], old=null
2019-10-15 23:18:04,245 [10266a97-a68e-492c-868a-f014903942e5@group-74343F53963F-LeaderElection31] INFO  impl.RoleInfo (RoleInfo.java:shutdownLeaderElection(134)) - 10266a97-a68e-492c-868a-f014903942e5: shutdown LeaderElection
2019-10-15 23:18:04,245 [10266a97-a68e-492c-868a-f014903942e5@group-74343F53963F-LeaderElection31] INFO  impl.RaftServerImpl (RaftServerImpl.java:setRole(170)) - 10266a97-a68e-492c-868a-f014903942e5@group-74343F53963F: changes role from CANDIDATE to LEADER at term 1 for changeToLeader
2019-10-15 23:18:04,245 [10266a97-a68e-492c-868a-f014903942e5@group-74343F53963F-LeaderElection31] INFO  impl.RaftServerImpl (ServerState.java:setLeader(255)) - 10266a97-a68e-492c-868a-f014903942e5@group-74343F53963F: change Leader from null to 10266a97-a68e-492c-868a-f014903942e5 at term 1 for becomeLeader, leader elected after 5144ms
2019-10-15 23:18:04,245 [8784f1d6-424a-4929-9fea-052d2768b2f7@group-6605F0E26562-LeaderElection32] INFO  impl.LeaderElection (LeaderElection.java:askForVotes(178)) - 8784f1d6-424a-4929-9fea-052d2768b2f7@group-6605F0E26562-LeaderElection32: begin an election at term 1 for -1: [8784f1d6-424a-4929-9fea-052d2768b2f7:192.168.157.213:42195], old=null
2019-10-15 23:18:04,245 [8784f1d6-424a-4929-9fea-052d2768b2f7@group-6605F0E26562-LeaderElection32] INFO  impl.RoleInfo (RoleInfo.java:shutdownLeaderElection(134)) - 8784f1d6-424a-4929-9fea-052d2768b2f7: shutdown LeaderElection
2019-10-15 23:18:04,245 [10266a97-a68e-492c-868a-f014903942e5@group-74343F53963F-LeaderElection31] INFO  server.RaftServerConfigKeys (ConfUtils.java:logGet(43)) - raft.server.staging.catchup.gap = 1000 (default)
2019-10-15 23:18:04,245 [8784f1d6-424a-4929-9fea-052d2768b2f7@group-6605F0E26562-LeaderElection32] INFO  impl.RaftServerImpl (RaftServerImpl.java:setRole(170)) - 8784f1d6-424a-4929-9fea-052d2768b2f7@group-6605F0E26562: changes role from CANDIDATE to LEADER at term 1 for changeToLeader
2019-10-15 23:18:04,245 [10266a97-a68e-492c-868a-f014903942e5@group-74343F53963F-LeaderElection31] INFO  server.RaftServerConfigKeys (ConfUtils.java:logGet(43)) - raft.server.rpc.sleep.time = 25ms (default)
2019-10-15 23:18:04,245 [8784f1d6-424a-4929-9fea-052d2768b2f7@group-6605F0E26562-LeaderElection32] INFO  impl.RaftServerImpl (ServerState.java:setLeader(255)) - 8784f1d6-424a-4929-9fea-052d2768b2f7@group-6605F0E26562: change Leader from null to 8784f1d6-424a-4929-9fea-052d2768b2f7 at term 1 for becomeLeader, leader elected after 5034ms
2019-10-15 23:18:04,246 [8784f1d6-424a-4929-9fea-052d2768b2f7@group-6605F0E26562-LeaderElection32] INFO  server.RaftServerConfigKeys (ConfUtils.java:logGet(43)) - raft.server.staging.catchup.gap = 1000 (default)
2019-10-15 23:18:04,246 [10266a97-a68e-492c-868a-f014903942e5@group-74343F53963F-LeaderElection31] INFO  server.RaftServerConfigKeys (ConfUtils.java:logGet(43)) - raft.server.write.element-limit = 4096 (default)
2019-10-15 23:18:04,246 [8784f1d6-424a-4929-9fea-052d2768b2f7@group-6605F0E26562-LeaderElection32] INFO  server.RaftServerConfigKeys (ConfUtils.java:logGet(43)) - raft.server.rpc.sleep.time = 25ms (default)
2019-10-15 23:18:04,246 [10266a97-a68e-492c-868a-f014903942e5@group-74343F53963F-LeaderElection31] INFO  server.RaftServerConfigKeys (ConfUtils.java:logGet(43)) - raft.server.watch.timeout = 10s (default)
2019-10-15 23:18:04,246 [8784f1d6-424a-4929-9fea-052d2768b2f7@group-6605F0E26562-LeaderElection32] INFO  server.RaftServerConfigKeys (ConfUtils.java:logGet(43)) - raft.server.write.element-limit = 4096 (default)
2019-10-15 23:18:04,246 [10266a97-a68e-492c-868a-f014903942e5@group-74343F53963F-LeaderElection31] INFO  server.RaftServerConfigKeys (ConfUtils.java:logGet(43)) - raft.server.watch.timeout.denomination = 1s (default)
2019-10-15 23:18:04,246 [8784f1d6-424a-4929-9fea-052d2768b2f7@group-6605F0E26562-LeaderElection32] INFO  server.RaftServerConfigKeys (ConfUtils.java:logGet(43)) - raft.server.watch.timeout = 10s (default)
2019-10-15 23:18:04,247 [10266a97-a68e-492c-868a-f014903942e5@group-74343F53963F-LeaderElection31] INFO  server.RaftServerConfigKeys (ConfUtils.java:logGet(43)) - raft.server.watch.element-limit = 65536 (default)
2019-10-15 23:18:04,247 [8784f1d6-424a-4929-9fea-052d2768b2f7@group-6605F0E26562-LeaderElection32] INFO  server.RaftServerConfigKeys (ConfUtils.java:logGet(43)) - raft.server.watch.timeout.denomination = 1s (default)
2019-10-15 23:18:04,247 [8784f1d6-424a-4929-9fea-052d2768b2f7@group-6605F0E26562-LeaderElection32] INFO  server.RaftServerConfigKeys (ConfUtils.java:logGet(43)) - raft.server.watch.element-limit = 65536 (default)
2019-10-15 23:18:04,250 [Thread-1455] INFO  impl.FollowerState (FollowerState.java:run(108)) - 4e22ce28-ed75-4077-ae66-0eeee3a71adc@group-8D2F9C4FB057-FollowerState: change to CANDIDATE, lastRpcTime:5082ms, electionTimeout:5082ms
2019-10-15 23:18:04,250 [Thread-1455] INFO  impl.RoleInfo (RoleInfo.java:shutdownFollowerState(121)) - 4e22ce28-ed75-4077-ae66-0eeee3a71adc: shutdown FollowerState
2019-10-15 23:18:04,250 [Thread-1455] INFO  impl.RaftServerImpl (RaftServerImpl.java:setRole(170)) - 4e22ce28-ed75-4077-ae66-0eeee3a71adc@group-8D2F9C4FB057: changes role from  FOLLOWER to CANDIDATE at term 0 for changeToCandidate
2019-10-15 23:18:04,250 [10266a97-a68e-492c-868a-f014903942e5@group-74343F53963F-LeaderElection31] INFO  impl.RoleInfo (RoleInfo.java:updateAndGet(143)) - 10266a97-a68e-492c-868a-f014903942e5: start LeaderState
2019-10-15 23:18:04,250 [8784f1d6-424a-4929-9fea-052d2768b2f7@group-6605F0E26562-LeaderElection32] INFO  impl.RoleInfo (RoleInfo.java:updateAndGet(143)) - 8784f1d6-424a-4929-9fea-052d2768b2f7: start LeaderState
2019-10-15 23:18:04,250 [Thread-1455] INFO  impl.RoleInfo (RoleInfo.java:updateAndGet(143)) - 4e22ce28-ed75-4077-ae66-0eeee3a71adc: start LeaderElection
2019-10-15 23:18:04,251 [8784f1d6-424a-4929-9fea-052d2768b2f7@group-6605F0E26562-LeaderElection32] INFO  segmented.SegmentedRaftLogWorker (SegmentedRaftLogWorker.java:startLogSegment(385)) - 8784f1d6-424a-4929-9fea-052d2768b2f7@group-6605F0E26562-SegmentedRaftLogWorker: Starting segment from index:0
2019-10-15 23:18:04,255 [Thread-1449] INFO  impl.FollowerState (FollowerState.java:run(108)) - 9a32c150-8a71-44f8-a6d2-35b751a73f8d@group-0714A599B78F-FollowerState: change to CANDIDATE, lastRpcTime:5198ms, electionTimeout:5195ms
2019-10-15 23:18:04,251 [10266a97-a68e-492c-868a-f014903942e5@group-74343F53963F-LeaderElection31] INFO  segmented.SegmentedRaftLogWorker (SegmentedRaftLogWorker.java:startLogSegment(385)) - 10266a97-a68e-492c-868a-f014903942e5@group-74343F53963F-SegmentedRaftLogWorker: Starting segment from index:0
2019-10-15 23:18:04,255 [Thread-1449] INFO  impl.RoleInfo (RoleInfo.java:shutdownFollowerState(121)) - 9a32c150-8a71-44f8-a6d2-35b751a73f8d: shutdown FollowerState
2019-10-15 23:18:04,255 [8784f1d6-424a-4929-9fea-052d2768b2f7@group-6605F0E26562-LeaderElection32] INFO  impl.RaftServerImpl (ServerState.java:setRaftConf(356)) - 8784f1d6-424a-4929-9fea-052d2768b2f7@group-6605F0E26562: set configuration 0: [8784f1d6-424a-4929-9fea-052d2768b2f7:192.168.157.213:42195], old=null at 0
2019-10-15 23:18:04,255 [Thread-1449] INFO  impl.RaftServerImpl (RaftServerImpl.java:setRole(170)) - 9a32c150-8a71-44f8-a6d2-35b751a73f8d@group-0714A599B78F: changes role from  FOLLOWER to CANDIDATE at term 0 for changeToCandidate
2019-10-15 23:18:04,255 [10266a97-a68e-492c-868a-f014903942e5@group-74343F53963F-LeaderElection31] INFO  impl.RaftServerImpl (ServerState.java:setRaftConf(356)) - 10266a97-a68e-492c-868a-f014903942e5@group-74343F53963F: set configuration 0: [10266a97-a68e-492c-868a-f014903942e5:192.168.157.213:36499], old=null at 0
2019-10-15 23:18:04,255 [Thread-1449] INFO  impl.RoleInfo (RoleInfo.java:updateAndGet(143)) - 9a32c150-8a71-44f8-a6d2-35b751a73f8d: start LeaderElection
2019-10-15 23:18:04,296 [4e22ce28-ed75-4077-ae66-0eeee3a71adc@group-8D2F9C4FB057-LeaderElection33] INFO  impl.LeaderElection (LeaderElection.java:askForVotes(178)) - 4e22ce28-ed75-4077-ae66-0eeee3a71adc@group-8D2F9C4FB057-LeaderElection33: begin an election at term 1 for -1: [4e22ce28-ed75-4077-ae66-0eeee3a71adc:192.168.157.213:36576], old=null
2019-10-15 23:18:04,297 [4e22ce28-ed75-4077-ae66-0eeee3a71adc@group-8D2F9C4FB057-LeaderElection33] INFO  impl.RoleInfo (RoleInfo.java:shutdownLeaderElection(134)) - 4e22ce28-ed75-4077-ae66-0eeee3a71adc: shutdown LeaderElection
2019-10-15 23:18:04,297 [4e22ce28-ed75-4077-ae66-0eeee3a71adc@group-8D2F9C4FB057-LeaderElection33] INFO  impl.RaftServerImpl (RaftServerImpl.java:setRole(170)) - 4e22ce28-ed75-4077-ae66-0eeee3a71adc@group-8D2F9C4FB057: changes role from CANDIDATE to LEADER at term 1 for changeToLeader
2019-10-15 23:18:04,297 [4e22ce28-ed75-4077-ae66-0eeee3a71adc@group-8D2F9C4FB057-LeaderElection33] INFO  impl.RaftServerImpl (ServerState.java:setLeader(255)) - 4e22ce28-ed75-4077-ae66-0eeee3a71adc@group-8D2F9C4FB057: change Leader from null to 4e22ce28-ed75-4077-ae66-0eeee3a71adc at term 1 for becomeLeader, leader elected after 5136ms
2019-10-15 23:18:04,297 [4e22ce28-ed75-4077-ae66-0eeee3a71adc@group-8D2F9C4FB057-LeaderElection33] INFO  server.RaftServerConfigKeys (ConfUtils.java:logGet(43)) - raft.server.staging.catchup.gap = 1000 (default)
2019-10-15 23:18:04,297 [4e22ce28-ed75-4077-ae66-0eeee3a71adc@group-8D2F9C4FB057-LeaderElection33] INFO  server.RaftServerConfigKeys (ConfUtils.java:logGet(43)) - raft.server.rpc.sleep.time = 25ms (default)
2019-10-15 23:18:04,297 [Thread-1464] INFO  impl.FollowerState (FollowerState.java:run(108)) - 9a32c150-8a71-44f8-a6d2-35b751a73f8d@group-8113D68F2097-FollowerState: change to CANDIDATE, lastRpcTime:5014ms, electionTimeout:5014ms
2019-10-15 23:18:04,297 [4e22ce28-ed75-4077-ae66-0eeee3a71adc@group-8D2F9C4FB057-LeaderElection33] INFO  server.RaftServerConfigKeys (ConfUtils.java:logGet(43)) - raft.server.write.element-limit = 4096 (default)
2019-10-15 23:18:04,298 [Thread-1464] INFO  impl.RoleInfo (RoleInfo.java:shutdownFollowerState(121)) - 9a32c150-8a71-44f8-a6d2-35b751a73f8d: shutdown FollowerState
2019-10-15 23:18:04,298 [4e22ce28-ed75-4077-ae66-0eeee3a71adc@group-8D2F9C4FB057-LeaderElection33] INFO  server.RaftServerConfigKeys (ConfUtils.java:logGet(43)) - raft.server.watch.timeout = 10s (default)
2019-10-15 23:18:04,298 [Thread-1464] INFO  impl.RaftServerImpl (RaftServerImpl.java:setRole(170)) - 9a32c150-8a71-44f8-a6d2-35b751a73f8d@group-8113D68F2097: changes role from  FOLLOWER to CANDIDATE at term 0 for changeToCandidate
2019-10-15 23:18:04,298 [4e22ce28-ed75-4077-ae66-0eeee3a71adc@group-8D2F9C4FB057-LeaderElection33] INFO  server.RaftServerConfigKeys (ConfUtils.java:logGet(43)) - raft.server.watch.timeout.denomination = 1s (default)
2019-10-15 23:18:04,298 [Thread-1464] INFO  impl.RoleInfo (RoleInfo.java:updateAndGet(143)) - 9a32c150-8a71-44f8-a6d2-35b751a73f8d: start LeaderElection
2019-10-15 23:18:04,298 [4e22ce28-ed75-4077-ae66-0eeee3a71adc@group-8D2F9C4FB057-LeaderElection33] INFO  server.RaftServerConfigKeys (ConfUtils.java:logGet(43)) - raft.server.watch.element-limit = 65536 (default)
2019-10-15 23:18:04,302 [4e22ce28-ed75-4077-ae66-0eeee3a71adc@group-8D2F9C4FB057-LeaderElection33] INFO  impl.RoleInfo (RoleInfo.java:updateAndGet(143)) - 4e22ce28-ed75-4077-ae66-0eeee3a71adc: start LeaderState
2019-10-15 23:18:04,302 [4e22ce28-ed75-4077-ae66-0eeee3a71adc@group-8D2F9C4FB057-LeaderElection33] INFO  segmented.SegmentedRaftLogWorker (SegmentedRaftLogWorker.java:startLogSegment(385)) - 4e22ce28-ed75-4077-ae66-0eeee3a71adc@group-8D2F9C4FB057-SegmentedRaftLogWorker: Starting segment from index:0
2019-10-15 23:18:04,303 [4e22ce28-ed75-4077-ae66-0eeee3a71adc@group-8D2F9C4FB057-LeaderElection33] INFO  impl.RaftServerImpl (ServerState.java:setRaftConf(356)) - 4e22ce28-ed75-4077-ae66-0eeee3a71adc@group-8D2F9C4FB057: set configuration 0: [4e22ce28-ed75-4077-ae66-0eeee3a71adc:192.168.157.213:36576], old=null at 0
2019-10-15 23:18:04,310 [10266a97-a68e-492c-868a-f014903942e5@group-74343F53963F-SegmentedRaftLogWorker] INFO  segmented.SegmentedRaftLogWorker (SegmentedRaftLogWorker.java:execute(574)) - 10266a97-a68e-492c-868a-f014903942e5@group-74343F53963F-SegmentedRaftLogWorker: created new log segment /workdir/hadoop-ozone/integration-test/target/test-dir/MiniOzoneClusterImpl-f91735dc-409e-45ff-ac27-ffb842bc1089/datanode-4/data/ratis/8c664b19-84e2-4c76-a910-74343f53963f/current/log_inprogress_0
2019-10-15 23:18:04,310 [8784f1d6-424a-4929-9fea-052d2768b2f7@group-6605F0E26562-SegmentedRaftLogWorker] INFO  segmented.SegmentedRaftLogWorker (SegmentedRaftLogWorker.java:execute(574)) - 8784f1d6-424a-4929-9fea-052d2768b2f7@group-6605F0E26562-SegmentedRaftLogWorker: created new log segment /workdir/hadoop-ozone/integration-test/target/test-dir/MiniOzoneClusterImpl-f91735dc-409e-45ff-ac27-ffb842bc1089/datanode-6/data/ratis/a552a96e-b88b-4273-a78c-6605f0e26562/current/log_inprogress_0
2019-10-15 23:18:04,310 [9a32c150-8a71-44f8-a6d2-35b751a73f8d@group-8113D68F2097-LeaderElection35] INFO  impl.LeaderElection (LeaderElection.java:askForVotes(178)) - 9a32c150-8a71-44f8-a6d2-35b751a73f8d@group-8113D68F2097-LeaderElection35: begin an election at term 1 for -1: [f3358113-732e-4d1a-b7b4-0079f823154f:192.168.157.213:35915, 9a32c150-8a71-44f8-a6d2-35b751a73f8d:192.168.157.213:38325, 10266a97-a68e-492c-868a-f014903942e5:192.168.157.213:36499], old=null
2019-10-15 23:18:04,310 [9a32c150-8a71-44f8-a6d2-35b751a73f8d@group-0714A599B78F-LeaderElection34] INFO  impl.LeaderElection (LeaderElection.java:askForVotes(178)) - 9a32c150-8a71-44f8-a6d2-35b751a73f8d@group-0714A599B78F-LeaderElection34: begin an election at term 1 for -1: [9a32c150-8a71-44f8-a6d2-35b751a73f8d:192.168.157.213:38325], old=null
2019-10-15 23:18:04,310 [9a32c150-8a71-44f8-a6d2-35b751a73f8d@group-0714A599B78F-LeaderElection34] INFO  impl.RoleInfo (RoleInfo.java:shutdownLeaderElection(134)) - 9a32c150-8a71-44f8-a6d2-35b751a73f8d: shutdown LeaderElection
2019-10-15 23:18:04,311 [9a32c150-8a71-44f8-a6d2-35b751a73f8d@group-0714A599B78F-LeaderElection34] INFO  impl.RaftServerImpl (RaftServerImpl.java:setRole(170)) - 9a32c150-8a71-44f8-a6d2-35b751a73f8d@group-0714A599B78F: changes role from CANDIDATE to LEADER at term 1 for changeToLeader
2019-10-15 23:18:04,311 [9a32c150-8a71-44f8-a6d2-35b751a73f8d@group-0714A599B78F-LeaderElection34] INFO  impl.RaftServerImpl (ServerState.java:setLeader(255)) - 9a32c150-8a71-44f8-a6d2-35b751a73f8d@group-0714A599B78F: change Leader from null to 9a32c150-8a71-44f8-a6d2-35b751a73f8d at term 1 for becomeLeader, leader elected after 5262ms
2019-10-15 23:18:04,311 [9a32c150-8a71-44f8-a6d2-35b751a73f8d@group-0714A599B78F-LeaderElection34] INFO  server.RaftServerConfigKeys (ConfUtils.java:logGet(43)) - raft.server.staging.catchup.gap = 1000 (default)
2019-10-15 23:18:04,311 [9a32c150-8a71-44f8-a6d2-35b751a73f8d@group-0714A599B78F-LeaderElection34] INFO  server.RaftServerConfigKeys (ConfUtils.java:logGet(43)) - raft.server.rpc.sleep.time = 25ms (default)
2019-10-15 23:18:04,311 [9a32c150-8a71-44f8-a6d2-35b751a73f8d@group-0714A599B78F-LeaderElection34] INFO  server.RaftServerConfigKeys (ConfUtils.java:logGet(43)) - raft.server.write.element-limit = 4096 (default)
2019-10-15 23:18:04,311 [9a32c150-8a71-44f8-a6d2-35b751a73f8d@group-0714A599B78F-LeaderElection34] INFO  server.RaftServerConfigKeys (ConfUtils.java:logGet(43)) - raft.server.watch.timeout = 10s (default)
2019-10-15 23:18:04,312 [9a32c150-8a71-44f8-a6d2-35b751a73f8d@group-0714A599B78F-LeaderElection34] INFO  server.RaftServerConfigKeys (ConfUtils.java:logGet(43)) - raft.server.watch.timeout.denomination = 1s (default)
2019-10-15 23:18:04,312 [9a32c150-8a71-44f8-a6d2-35b751a73f8d@group-0714A599B78F-LeaderElection34] INFO  server.RaftServerConfigKeys (ConfUtils.java:logGet(43)) - raft.server.watch.element-limit = 65536 (default)
2019-10-15 23:18:04,315 [9a32c150-8a71-44f8-a6d2-35b751a73f8d@group-0714A599B78F-LeaderElection34] INFO  impl.RoleInfo (RoleInfo.java:updateAndGet(143)) - 9a32c150-8a71-44f8-a6d2-35b751a73f8d: start LeaderState
2019-10-15 23:18:04,315 [9a32c150-8a71-44f8-a6d2-35b751a73f8d@group-0714A599B78F-LeaderElection34] INFO  segmented.SegmentedRaftLogWorker (SegmentedRaftLogWorker.java:startLogSegment(385)) - 9a32c150-8a71-44f8-a6d2-35b751a73f8d@group-0714A599B78F-SegmentedRaftLogWorker: Starting segment from index:0
2019-10-15 23:18:04,316 [9a32c150-8a71-44f8-a6d2-35b751a73f8d@group-0714A599B78F-LeaderElection34] INFO  impl.RaftServerImpl (ServerState.java:setRaftConf(356)) - 9a32c150-8a71-44f8-a6d2-35b751a73f8d@group-0714A599B78F: set configuration 0: [9a32c150-8a71-44f8-a6d2-35b751a73f8d:192.168.157.213:38325], old=null at 0
2019-10-15 23:18:04,347 [grpc-default-executor-6] INFO  impl.RaftServerImpl (RaftServerImpl.java:setRole(170)) - f3358113-732e-4d1a-b7b4-0079f823154f@group-8113D68F2097: changes role from  FOLLOWER to FOLLOWER at term 1 for recognizeCandidate:9a32c150-8a71-44f8-a6d2-35b751a73f8d
2019-10-15 23:18:04,347 [grpc-default-executor-4] INFO  impl.RaftServerImpl (RaftServerImpl.java:setRole(170)) - 10266a97-a68e-492c-868a-f014903942e5@group-8113D68F2097: changes role from  FOLLOWER to FOLLOWER at term 1 for recognizeCandidate:9a32c150-8a71-44f8-a6d2-35b751a73f8d
2019-10-15 23:18:04,348 [grpc-default-executor-6] INFO  impl.RoleInfo (RoleInfo.java:shutdownFollowerState(121)) - f3358113-732e-4d1a-b7b4-0079f823154f: shutdown FollowerState
2019-10-15 23:18:04,348 [grpc-default-executor-4] INFO  impl.RoleInfo (RoleInfo.java:shutdownFollowerState(121)) - 10266a97-a68e-492c-868a-f014903942e5: shutdown FollowerState
2019-10-15 23:18:04,348 [grpc-default-executor-6] INFO  impl.RoleInfo (RoleInfo.java:updateAndGet(143)) - f3358113-732e-4d1a-b7b4-0079f823154f: start FollowerState
2019-10-15 23:18:04,348 [grpc-default-executor-4] INFO  impl.RoleInfo (RoleInfo.java:updateAndGet(143)) - 10266a97-a68e-492c-868a-f014903942e5: start FollowerState
2019-10-15 23:18:04,348 [Thread-1466] INFO  impl.FollowerState (FollowerState.java:run(117)) - f3358113-732e-4d1a-b7b4-0079f823154f@group-8113D68F2097-FollowerState was interrupted: java.lang.InterruptedException: sleep interrupted
2019-10-15 23:18:04,348 [Thread-1461] INFO  impl.FollowerState (FollowerState.java:run(117)) - 10266a97-a68e-492c-868a-f014903942e5@group-8113D68F2097-FollowerState was interrupted: java.lang.InterruptedException: sleep interrupted
2019-10-15 23:18:04,364 [9a32c150-8a71-44f8-a6d2-35b751a73f8d@group-0714A599B78F-SegmentedRaftLogWorker] INFO  segmented.SegmentedRaftLogWorker (SegmentedRaftLogWorker.java:execute(574)) - 9a32c150-8a71-44f8-a6d2-35b751a73f8d@group-0714A599B78F-SegmentedRaftLogWorker: created new log segment /workdir/hadoop-ozone/integration-test/target/test-dir/MiniOzoneClusterImpl-f91735dc-409e-45ff-ac27-ffb842bc1089/datanode-3/data/ratis/6c018803-0c4d-45ab-a823-0714a599b78f/current/log_inprogress_0
2019-10-15 23:18:04,364 [4e22ce28-ed75-4077-ae66-0eeee3a71adc@group-8D2F9C4FB057-SegmentedRaftLogWorker] INFO  segmented.SegmentedRaftLogWorker (SegmentedRaftLogWorker.java:execute(574)) - 4e22ce28-ed75-4077-ae66-0eeee3a71adc@group-8D2F9C4FB057-SegmentedRaftLogWorker: created new log segment /workdir/hadoop-ozone/integration-test/target/test-dir/MiniOzoneClusterImpl-f91735dc-409e-45ff-ac27-ffb842bc1089/datanode-5/data/ratis/84aa427d-f028-49f4-95e0-8d2f9c4fb057/current/log_inprogress_0
2019-10-15 23:18:04,379 [9a32c150-8a71-44f8-a6d2-35b751a73f8d@group-8113D68F2097-LeaderElection35] INFO  impl.LeaderElection (LeaderElection.java:logAndReturn(56)) - 9a32c150-8a71-44f8-a6d2-35b751a73f8d@group-8113D68F2097-LeaderElection35: Election PASSED; received 1 response(s) [9a32c150-8a71-44f8-a6d2-35b751a73f8d<-f3358113-732e-4d1a-b7b4-0079f823154f#0:OK-t1] and 0 exception(s); 9a32c150-8a71-44f8-a6d2-35b751a73f8d@group-8113D68F2097:t1, leader=null, voted=9a32c150-8a71-44f8-a6d2-35b751a73f8d, raftlog=9a32c150-8a71-44f8-a6d2-35b751a73f8d@group-8113D68F2097-SegmentedRaftLog:OPENED:c-1,f-1,i0, conf=-1: [f3358113-732e-4d1a-b7b4-0079f823154f:192.168.157.213:35915, 9a32c150-8a71-44f8-a6d2-35b751a73f8d:192.168.157.213:38325, 10266a97-a68e-492c-868a-f014903942e5:192.168.157.213:36499], old=null
2019-10-15 23:18:04,379 [9a32c150-8a71-44f8-a6d2-35b751a73f8d@group-8113D68F2097-LeaderElection35] INFO  impl.RoleInfo (RoleInfo.java:shutdownLeaderElection(134)) - 9a32c150-8a71-44f8-a6d2-35b751a73f8d: shutdown LeaderElection
2019-10-15 23:18:04,379 [9a32c150-8a71-44f8-a6d2-35b751a73f8d@group-8113D68F2097-LeaderElection35] INFO  impl.RaftServerImpl (RaftServerImpl.java:setRole(170)) - 9a32c150-8a71-44f8-a6d2-35b751a73f8d@group-8113D68F2097: changes role from CANDIDATE to LEADER at term 1 for changeToLeader
2019-10-15 23:18:04,379 [9a32c150-8a71-44f8-a6d2-35b751a73f8d@group-8113D68F2097-LeaderElection35] INFO  impl.RaftServerImpl (ServerState.java:setLeader(255)) - 9a32c150-8a71-44f8-a6d2-35b751a73f8d@group-8113D68F2097: change Leader from null to 9a32c150-8a71-44f8-a6d2-35b751a73f8d at term 1 for becomeLeader, leader elected after 5111ms
2019-10-15 23:18:04,379 [9a32c150-8a71-44f8-a6d2-35b751a73f8d@group-8113D68F2097-LeaderElection35] INFO  server.RaftServerConfigKeys (ConfUtils.java:logGet(43)) - raft.server.staging.catchup.gap = 1000 (default)
2019-10-15 23:18:04,380 [9a32c150-8a71-44f8-a6d2-35b751a73f8d@group-8113D68F2097-LeaderElection35] INFO  server.RaftServerConfigKeys (ConfUtils.java:logGet(43)) - raft.server.rpc.sleep.time = 25ms (default)
2019-10-15 23:18:04,380 [9a32c150-8a71-44f8-a6d2-35b751a73f8d@group-8113D68F2097-LeaderElection35] INFO  server.RaftServerConfigKeys (ConfUtils.java:logGet(43)) - raft.server.write.element-limit = 4096 (default)
2019-10-15 23:18:04,380 [9a32c150-8a71-44f8-a6d2-35b751a73f8d@group-8113D68F2097-LeaderElection35] INFO  server.RaftServerConfigKeys (ConfUtils.java:logGet(43)) - raft.server.watch.timeout = 10s (default)
2019-10-15 23:18:04,380 [9a32c150-8a71-44f8-a6d2-35b751a73f8d@group-8113D68F2097-LeaderElection35] INFO  server.RaftServerConfigKeys (ConfUtils.java:logGet(43)) - raft.server.watch.timeout.denomination = 1s (default)
2019-10-15 23:18:04,380 [9a32c150-8a71-44f8-a6d2-35b751a73f8d@group-8113D68F2097-LeaderElection35] INFO  server.RaftServerConfigKeys (ConfUtils.java:logGet(43)) - raft.server.watch.element-limit = 65536 (default)
2019-10-15 23:18:04,383 [9a32c150-8a71-44f8-a6d2-35b751a73f8d@group-8113D68F2097-LeaderElection35] INFO  server.RaftServerConfigKeys (ConfUtils.java:logGet(43)) - raft.server.log.appender.snapshot.chunk.size.max = 16MB (=16777216) (default)
2019-10-15 23:18:04,383 [9a32c150-8a71-44f8-a6d2-35b751a73f8d@group-8113D68F2097-LeaderElection35] INFO  server.RaftServerConfigKeys (ConfUtils.java:logGet(43)) - raft.server.log.appender.buffer.byte-limit = 33554432 (custom)
2019-10-15 23:18:04,383 [9a32c150-8a71-44f8-a6d2-35b751a73f8d@group-8113D68F2097-LeaderElection35] INFO  server.RaftServerConfigKeys (ConfUtils.java:logGet(43)) - raft.server.log.appender.buffer.element-limit = 1 (custom)
2019-10-15 23:18:04,384 [9a32c150-8a71-44f8-a6d2-35b751a73f8d@group-8113D68F2097-LeaderElection35] INFO  grpc.GrpcConfigKeys$Server (ConfUtils.java:logGet(43)) - raft.grpc.server.leader.outstanding.appends.max = 128 (default)
2019-10-15 23:18:04,384 [9a32c150-8a71-44f8-a6d2-35b751a73f8d@group-8113D68F2097-LeaderElection35] INFO  server.RaftServerConfigKeys (ConfUtils.java:logGet(43)) - raft.server.rpc.request.timeout = 3000ms (default)
2019-10-15 23:18:04,384 [9a32c150-8a71-44f8-a6d2-35b751a73f8d@group-8113D68F2097-LeaderElection35] INFO  server.RaftServerConfigKeys (ConfUtils.java:logGet(43)) - raft.server.log.appender.install.snapshot.enabled = false (custom)
2019-10-15 23:18:04,385 [9a32c150-8a71-44f8-a6d2-35b751a73f8d@group-8113D68F2097-LeaderElection35] INFO  server.RaftServerConfigKeys (ConfUtils.java:logGet(43)) - raft.server.log.appender.snapshot.chunk.size.max = 16MB (=16777216) (default)
2019-10-15 23:18:04,385 [9a32c150-8a71-44f8-a6d2-35b751a73f8d@group-8113D68F2097-LeaderElection35] INFO  server.RaftServerConfigKeys (ConfUtils.java:logGet(43)) - raft.server.log.appender.buffer.byte-limit = 33554432 (custom)
2019-10-15 23:18:04,385 [9a32c150-8a71-44f8-a6d2-35b751a73f8d@group-8113D68F2097-LeaderElection35] INFO  server.RaftServerConfigKeys (ConfUtils.java:logGet(43)) - raft.server.log.appender.buffer.element-limit = 1 (custom)
2019-10-15 23:18:04,385 [9a32c150-8a71-44f8-a6d2-35b751a73f8d@group-8113D68F2097-LeaderElection35] INFO  grpc.GrpcConfigKeys$Server (ConfUtils.java:logGet(43)) - raft.grpc.server.leader.outstanding.appends.max = 128 (default)
2019-10-15 23:18:04,385 [9a32c150-8a71-44f8-a6d2-35b751a73f8d@group-8113D68F2097-LeaderElection35] INFO  server.RaftServerConfigKeys (ConfUtils.java:logGet(43)) - raft.server.rpc.request.timeout = 3000ms (default)
2019-10-15 23:18:04,385 [9a32c150-8a71-44f8-a6d2-35b751a73f8d@group-8113D68F2097-LeaderElection35] INFO  server.RaftServerConfigKeys (ConfUtils.java:logGet(43)) - raft.server.log.appender.install.snapshot.enabled = false (custom)
2019-10-15 23:18:04,386 [9a32c150-8a71-44f8-a6d2-35b751a73f8d@group-8113D68F2097-LeaderElection35] INFO  impl.RoleInfo (RoleInfo.java:updateAndGet(143)) - 9a32c150-8a71-44f8-a6d2-35b751a73f8d: start LeaderState
2019-10-15 23:18:04,386 [9a32c150-8a71-44f8-a6d2-35b751a73f8d@group-8113D68F2097-LeaderElection35] INFO  segmented.SegmentedRaftLogWorker (SegmentedRaftLogWorker.java:startLogSegment(385)) - 9a32c150-8a71-44f8-a6d2-35b751a73f8d@group-8113D68F2097-SegmentedRaftLogWorker: Starting segment from index:0
2019-10-15 23:18:04,387 [9a32c150-8a71-44f8-a6d2-35b751a73f8d@group-8113D68F2097-LeaderElection35] INFO  impl.RaftServerImpl (ServerState.java:setRaftConf(356)) - 9a32c150-8a71-44f8-a6d2-35b751a73f8d@group-8113D68F2097: set configuration 0: [f3358113-732e-4d1a-b7b4-0079f823154f:192.168.157.213:35915, 9a32c150-8a71-44f8-a6d2-35b751a73f8d:192.168.157.213:38325, 10266a97-a68e-492c-868a-f014903942e5:192.168.157.213:36499], old=null at 0
2019-10-15 23:18:04,430 [grpc-default-executor-4] INFO  impl.RaftServerImpl (ServerState.java:setLeader(255)) - f3358113-732e-4d1a-b7b4-0079f823154f@group-8113D68F2097: change Leader from null to 9a32c150-8a71-44f8-a6d2-35b751a73f8d at term 1 for appendEntries, leader elected after 5161ms
2019-10-15 23:18:04,435 [grpc-default-executor-5] INFO  impl.RaftServerImpl (ServerState.java:setLeader(255)) - 10266a97-a68e-492c-868a-f014903942e5@group-8113D68F2097: change Leader from null to 9a32c150-8a71-44f8-a6d2-35b751a73f8d at term 1 for appendEntries, leader elected after 5166ms
2019-10-15 23:18:04,438 [grpc-default-executor-5] INFO  impl.RaftServerImpl (ServerState.java:setRaftConf(356)) - f3358113-732e-4d1a-b7b4-0079f823154f@group-8113D68F2097: set configuration 0: [f3358113-732e-4d1a-b7b4-0079f823154f:192.168.157.213:35915, 9a32c150-8a71-44f8-a6d2-35b751a73f8d:192.168.157.213:38325, 10266a97-a68e-492c-868a-f014903942e5:192.168.157.213:36499], old=null at 0
2019-10-15 23:18:04,438 [grpc-default-executor-4] INFO  impl.RaftServerImpl (ServerState.java:setRaftConf(356)) - 10266a97-a68e-492c-868a-f014903942e5@group-8113D68F2097: set configuration 0: [f3358113-732e-4d1a-b7b4-0079f823154f:192.168.157.213:35915, 9a32c150-8a71-44f8-a6d2-35b751a73f8d:192.168.157.213:38325, 10266a97-a68e-492c-868a-f014903942e5:192.168.157.213:36499], old=null at 0
2019-10-15 23:18:04,438 [grpc-default-executor-5] INFO  segmented.SegmentedRaftLogWorker (SegmentedRaftLogWorker.java:startLogSegment(385)) - f3358113-732e-4d1a-b7b4-0079f823154f@group-8113D68F2097-SegmentedRaftLogWorker: Starting segment from index:0
2019-10-15 23:18:04,438 [9a32c150-8a71-44f8-a6d2-35b751a73f8d@group-8113D68F2097-SegmentedRaftLogWorker] INFO  segmented.SegmentedRaftLogWorker (SegmentedRaftLogWorker.java:execute(574)) - 9a32c150-8a71-44f8-a6d2-35b751a73f8d@group-8113D68F2097-SegmentedRaftLogWorker: created new log segment /workdir/hadoop-ozone/integration-test/target/test-dir/MiniOzoneClusterImpl-f91735dc-409e-45ff-ac27-ffb842bc1089/datanode-3/data/ratis/e7f01616-3149-4c99-8a20-8113d68f2097/current/log_inprogress_0
2019-10-15 23:18:04,438 [grpc-default-executor-4] INFO  segmented.SegmentedRaftLogWorker (SegmentedRaftLogWorker.java:startLogSegment(385)) - 10266a97-a68e-492c-868a-f014903942e5@group-8113D68F2097-SegmentedRaftLogWorker: Starting segment from index:0
2019-10-15 23:18:04,479 [Thread-1473] INFO  impl.FollowerState (FollowerState.java:run(108)) - f50f5d79-c925-453f-af51-4b8158da1d4f@group-CE823763D033-FollowerState: change to CANDIDATE, lastRpcTime:5118ms, electionTimeout:5118ms
2019-10-15 23:18:04,479 [Thread-1472] INFO  impl.FollowerState (FollowerState.java:run(108)) - 48eddf45-9652-4002-81b5-fb45ffd80ba8@group-CE823763D033-FollowerState: change to CANDIDATE, lastRpcTime:5122ms, electionTimeout:5122ms
2019-10-15 23:18:04,479 [Thread-1473] INFO  impl.RoleInfo (RoleInfo.java:shutdownFollowerState(121)) - f50f5d79-c925-453f-af51-4b8158da1d4f: shutdown FollowerState
2019-10-15 23:18:04,479 [Thread-1472] INFO  impl.RoleInfo (RoleInfo.java:shutdownFollowerState(121)) - 48eddf45-9652-4002-81b5-fb45ffd80ba8: shutdown FollowerState
2019-10-15 23:18:04,479 [Thread-1473] INFO  impl.RaftServerImpl (RaftServerImpl.java:setRole(170)) - f50f5d79-c925-453f-af51-4b8158da1d4f@group-CE823763D033: changes role from  FOLLOWER to CANDIDATE at term 0 for changeToCandidate
2019-10-15 23:18:04,479 [Thread-1472] INFO  impl.RaftServerImpl (RaftServerImpl.java:setRole(170)) - 48eddf45-9652-4002-81b5-fb45ffd80ba8@group-CE823763D033: changes role from  FOLLOWER to CANDIDATE at term 0 for changeToCandidate
2019-10-15 23:18:04,479 [Thread-1473] INFO  impl.RoleInfo (RoleInfo.java:updateAndGet(143)) - f50f5d79-c925-453f-af51-4b8158da1d4f: start LeaderElection
2019-10-15 23:18:04,479 [Thread-1472] INFO  impl.RoleInfo (RoleInfo.java:updateAndGet(143)) - 48eddf45-9652-4002-81b5-fb45ffd80ba8: start LeaderElection
2019-10-15 23:18:04,487 [10266a97-a68e-492c-868a-f014903942e5@group-8113D68F2097-SegmentedRaftLogWorker] INFO  segmented.SegmentedRaftLogWorker (SegmentedRaftLogWorker.java:execute(574)) - 10266a97-a68e-492c-868a-f014903942e5@group-8113D68F2097-SegmentedRaftLogWorker: created new log segment /workdir/hadoop-ozone/integration-test/target/test-dir/MiniOzoneClusterImpl-f91735dc-409e-45ff-ac27-ffb842bc1089/datanode-4/data/ratis/e7f01616-3149-4c99-8a20-8113d68f2097/current/log_inprogress_0
2019-10-15 23:18:04,487 [f3358113-732e-4d1a-b7b4-0079f823154f@group-8113D68F2097-SegmentedRaftLogWorker] INFO  segmented.SegmentedRaftLogWorker (SegmentedRaftLogWorker.java:execute(574)) - f3358113-732e-4d1a-b7b4-0079f823154f@group-8113D68F2097-SegmentedRaftLogWorker: created new log segment /workdir/hadoop-ozone/integration-test/target/test-dir/MiniOzoneClusterImpl-f91735dc-409e-45ff-ac27-ffb842bc1089/datanode-0/data/ratis/e7f01616-3149-4c99-8a20-8113d68f2097/current/log_inprogress_0
2019-10-15 23:18:04,490 [f50f5d79-c925-453f-af51-4b8158da1d4f@group-CE823763D033-LeaderElection36] INFO  impl.LeaderElection (LeaderElection.java:askForVotes(178)) - f50f5d79-c925-453f-af51-4b8158da1d4f@group-CE823763D033-LeaderElection36: begin an election at term 1 for -1: [48eddf45-9652-4002-81b5-fb45ffd80ba8:192.168.157.213:37627, 8784f1d6-424a-4929-9fea-052d2768b2f7:192.168.157.213:42195, f50f5d79-c925-453f-af51-4b8158da1d4f:192.168.157.213:35553], old=null
2019-10-15 23:18:04,490 [48eddf45-9652-4002-81b5-fb45ffd80ba8@group-CE823763D033-LeaderElection37] INFO  impl.LeaderElection (LeaderElection.java:askForVotes(178)) - 48eddf45-9652-4002-81b5-fb45ffd80ba8@group-CE823763D033-LeaderElection37: begin an election at term 1 for -1: [48eddf45-9652-4002-81b5-fb45ffd80ba8:192.168.157.213:37627, 8784f1d6-424a-4929-9fea-052d2768b2f7:192.168.157.213:42195, f50f5d79-c925-453f-af51-4b8158da1d4f:192.168.157.213:35553], old=null
2019-10-15 23:18:04,502 [grpc-default-executor-5] INFO  impl.RaftServerImpl (RaftServerImpl.java:setRole(170)) - 8784f1d6-424a-4929-9fea-052d2768b2f7@group-CE823763D033: changes role from  FOLLOWER to FOLLOWER at term 1 for recognizeCandidate:f50f5d79-c925-453f-af51-4b8158da1d4f
2019-10-15 23:18:04,504 [grpc-default-executor-5] INFO  impl.RoleInfo (RoleInfo.java:shutdownFollowerState(121)) - 8784f1d6-424a-4929-9fea-052d2768b2f7: shutdown FollowerState
2019-10-15 23:18:04,506 [grpc-default-executor-5] INFO  impl.RoleInfo (RoleInfo.java:updateAndGet(143)) - 8784f1d6-424a-4929-9fea-052d2768b2f7: start FollowerState
2019-10-15 23:18:04,508 [Thread-1474] INFO  impl.FollowerState (FollowerState.java:run(117)) - 8784f1d6-424a-4929-9fea-052d2768b2f7@group-CE823763D033-FollowerState was interrupted: java.lang.InterruptedException: sleep interrupted
2019-10-15 23:18:04,524 [48eddf45-9652-4002-81b5-fb45ffd80ba8@group-CE823763D033-LeaderElection37] INFO  impl.LeaderElection (LeaderElection.java:logAndReturn(56)) - 48eddf45-9652-4002-81b5-fb45ffd80ba8@group-CE823763D033-LeaderElection37: Election REJECTED; received 2 response(s) [48eddf45-9652-4002-81b5-fb45ffd80ba8<-8784f1d6-424a-4929-9fea-052d2768b2f7#0:FAIL-t1, 48eddf45-9652-4002-81b5-fb45ffd80ba8<-f50f5d79-c925-453f-af51-4b8158da1d4f#0:FAIL-t1] and 0 exception(s); 48eddf45-9652-4002-81b5-fb45ffd80ba8@group-CE823763D033:t1, leader=null, voted=48eddf45-9652-4002-81b5-fb45ffd80ba8, raftlog=48eddf45-9652-4002-81b5-fb45ffd80ba8@group-CE823763D033-SegmentedRaftLog:OPENED:c-1,f-1,i0, conf=-1: [48eddf45-9652-4002-81b5-fb45ffd80ba8:192.168.157.213:37627, 8784f1d6-424a-4929-9fea-052d2768b2f7:192.168.157.213:42195, f50f5d79-c925-453f-af51-4b8158da1d4f:192.168.157.213:35553], old=null
2019-10-15 23:18:04,524 [f50f5d79-c925-453f-af51-4b8158da1d4f@group-CE823763D033-LeaderElection36] INFO  impl.LeaderElection (LeaderElection.java:logAndReturn(56)) - f50f5d79-c925-453f-af51-4b8158da1d4f@group-CE823763D033-LeaderElection36: Election PASSED; received 2 response(s) [f50f5d79-c925-453f-af51-4b8158da1d4f<-48eddf45-9652-4002-81b5-fb45ffd80ba8#0:FAIL-t1, f50f5d79-c925-453f-af51-4b8158da1d4f<-8784f1d6-424a-4929-9fea-052d2768b2f7#0:OK-t1] and 0 exception(s); f50f5d79-c925-453f-af51-4b8158da1d4f@group-CE823763D033:t1, leader=null, voted=f50f5d79-c925-453f-af51-4b8158da1d4f, raftlog=f50f5d79-c925-453f-af51-4b8158da1d4f@group-CE823763D033-SegmentedRaftLog:OPENED:c-1,f-1,i0, conf=-1: [48eddf45-9652-4002-81b5-fb45ffd80ba8:192.168.157.213:37627, 8784f1d6-424a-4929-9fea-052d2768b2f7:192.168.157.213:42195, f50f5d79-c925-453f-af51-4b8158da1d4f:192.168.157.213:35553], old=null
2019-10-15 23:18:04,525 [48eddf45-9652-4002-81b5-fb45ffd80ba8@group-CE823763D033-LeaderElection37] INFO  impl.RaftServerImpl (RaftServerImpl.java:setRole(170)) - 48eddf45-9652-4002-81b5-fb45ffd80ba8@group-CE823763D033: changes role from CANDIDATE to FOLLOWER at term 1 for DISCOVERED_A_NEW_TERM
2019-10-15 23:18:04,526 [f50f5d79-c925-453f-af51-4b8158da1d4f@group-CE823763D033-LeaderElection36] INFO  impl.RoleInfo (RoleInfo.java:shutdownLeaderElection(134)) - f50f5d79-c925-453f-af51-4b8158da1d4f: shutdown LeaderElection
2019-10-15 23:18:04,526 [48eddf45-9652-4002-81b5-fb45ffd80ba8@group-CE823763D033-LeaderElection37] INFO  impl.RoleInfo (RoleInfo.java:shutdownLeaderElection(134)) - 48eddf45-9652-4002-81b5-fb45ffd80ba8: shutdown LeaderElection
2019-10-15 23:18:04,528 [f50f5d79-c925-453f-af51-4b8158da1d4f@group-CE823763D033-LeaderElection36] INFO  impl.RaftServerImpl (RaftServerImpl.java:setRole(170)) - f50f5d79-c925-453f-af51-4b8158da1d4f@group-CE823763D033: changes role from CANDIDATE to LEADER at term 1 for changeToLeader
2019-10-15 23:18:04,528 [48eddf45-9652-4002-81b5-fb45ffd80ba8@group-CE823763D033-LeaderElection37] INFO  impl.RoleInfo (RoleInfo.java:updateAndGet(143)) - 48eddf45-9652-4002-81b5-fb45ffd80ba8: start FollowerState
2019-10-15 23:18:04,528 [f50f5d79-c925-453f-af51-4b8158da1d4f@group-CE823763D033-LeaderElection36] INFO  impl.RaftServerImpl (ServerState.java:setLeader(255)) - f50f5d79-c925-453f-af51-4b8158da1d4f@group-CE823763D033: change Leader from null to f50f5d79-c925-453f-af51-4b8158da1d4f at term 1 for becomeLeader, leader elected after 5182ms
2019-10-15 23:18:04,528 [f50f5d79-c925-453f-af51-4b8158da1d4f@group-CE823763D033-LeaderElection36] INFO  server.RaftServerConfigKeys (ConfUtils.java:logGet(43)) - raft.server.staging.catchup.gap = 1000 (default)
2019-10-15 23:18:04,529 [f50f5d79-c925-453f-af51-4b8158da1d4f@group-CE823763D033-LeaderElection36] INFO  server.RaftServerConfigKeys (ConfUtils.java:logGet(43)) - raft.server.rpc.sleep.time = 25ms (default)
2019-10-15 23:18:04,529 [f50f5d79-c925-453f-af51-4b8158da1d4f@group-CE823763D033-LeaderElection36] INFO  server.RaftServerConfigKeys (ConfUtils.java:logGet(43)) - raft.server.write.element-limit = 4096 (default)
2019-10-15 23:18:04,529 [f50f5d79-c925-453f-af51-4b8158da1d4f@group-CE823763D033-LeaderElection36] INFO  server.RaftServerConfigKeys (ConfUtils.java:logGet(43)) - raft.server.watch.timeout = 10s (default)
2019-10-15 23:18:04,529 [f50f5d79-c925-453f-af51-4b8158da1d4f@group-CE823763D033-LeaderElection36] INFO  server.RaftServerConfigKeys (ConfUtils.java:logGet(43)) - raft.server.watch.timeout.denomination = 1s (default)
2019-10-15 23:18:04,529 [f50f5d79-c925-453f-af51-4b8158da1d4f@group-CE823763D033-LeaderElection36] INFO  server.RaftServerConfigKeys (ConfUtils.java:logGet(43)) - raft.server.watch.element-limit = 65536 (default)
2019-10-15 23:18:04,531 [f50f5d79-c925-453f-af51-4b8158da1d4f@group-CE823763D033-LeaderElection36] INFO  server.RaftServerConfigKeys (ConfUtils.java:logGet(43)) - raft.server.log.appender.snapshot.chunk.size.max = 16MB (=16777216) (default)
2019-10-15 23:18:04,531 [f50f5d79-c925-453f-af51-4b8158da1d4f@group-CE823763D033-LeaderElection36] INFO  server.RaftServerConfigKeys (ConfUtils.java:logGet(43)) - raft.server.log.appender.buffer.byte-limit = 33554432 (custom)
2019-10-15 23:18:04,531 [f50f5d79-c925-453f-af51-4b8158da1d4f@group-CE823763D033-LeaderElection36] INFO  server.RaftServerConfigKeys (ConfUtils.java:logGet(43)) - raft.server.log.appender.buffer.element-limit = 1 (custom)
2019-10-15 23:18:04,531 [f50f5d79-c925-453f-af51-4b8158da1d4f@group-CE823763D033-LeaderElection36] INFO  grpc.GrpcConfigKeys$Server (ConfUtils.java:logGet(43)) - raft.grpc.server.leader.outstanding.appends.max = 128 (default)
2019-10-15 23:18:04,532 [f50f5d79-c925-453f-af51-4b8158da1d4f@group-CE823763D033-LeaderElection36] INFO  server.RaftServerConfigKeys (ConfUtils.java:logGet(43)) - raft.server.rpc.request.timeout = 3000ms (default)
2019-10-15 23:18:04,532 [f50f5d79-c925-453f-af51-4b8158da1d4f@group-CE823763D033-LeaderElection36] INFO  server.RaftServerConfigKeys (ConfUtils.java:logGet(43)) - raft.server.log.appender.install.snapshot.enabled = false (custom)
2019-10-15 23:18:04,532 [f50f5d79-c925-453f-af51-4b8158da1d4f@group-CE823763D033-LeaderElection36] INFO  server.RaftServerConfigKeys (ConfUtils.java:logGet(43)) - raft.server.log.appender.snapshot.chunk.size.max = 16MB (=16777216) (default)
2019-10-15 23:18:04,532 [f50f5d79-c925-453f-af51-4b8158da1d4f@group-CE823763D033-LeaderElection36] INFO  server.RaftServerConfigKeys (ConfUtils.java:logGet(43)) - raft.server.log.appender.buffer.byte-limit = 33554432 (custom)
2019-10-15 23:18:04,532 [f50f5d79-c925-453f-af51-4b8158da1d4f@group-CE823763D033-LeaderElection36] INFO  server.RaftServerConfigKeys (ConfUtils.java:logGet(43)) - raft.server.log.appender.buffer.element-limit = 1 (custom)
2019-10-15 23:18:04,532 [f50f5d79-c925-453f-af51-4b8158da1d4f@group-CE823763D033-LeaderElection36] INFO  grpc.GrpcConfigKeys$Server (ConfUtils.java:logGet(43)) - raft.grpc.server.leader.outstanding.appends.max = 128 (default)
2019-10-15 23:18:04,533 [f50f5d79-c925-453f-af51-4b8158da1d4f@group-CE823763D033-LeaderElection36] INFO  server.RaftServerConfigKeys (ConfUtils.java:logGet(43)) - raft.server.rpc.request.timeout = 3000ms (default)
2019-10-15 23:18:04,533 [f50f5d79-c925-453f-af51-4b8158da1d4f@group-CE823763D033-LeaderElection36] INFO  server.RaftServerConfigKeys (ConfUtils.java:logGet(43)) - raft.server.log.appender.install.snapshot.enabled = false (custom)
2019-10-15 23:18:04,533 [f50f5d79-c925-453f-af51-4b8158da1d4f@group-CE823763D033-LeaderElection36] INFO  impl.RoleInfo (RoleInfo.java:updateAndGet(143)) - f50f5d79-c925-453f-af51-4b8158da1d4f: start LeaderState
2019-10-15 23:18:04,533 [f50f5d79-c925-453f-af51-4b8158da1d4f@group-CE823763D033-LeaderElection36] INFO  segmented.SegmentedRaftLogWorker (SegmentedRaftLogWorker.java:startLogSegment(385)) - f50f5d79-c925-453f-af51-4b8158da1d4f@group-CE823763D033-SegmentedRaftLogWorker: Starting segment from index:0
2019-10-15 23:18:04,534 [f50f5d79-c925-453f-af51-4b8158da1d4f@group-CE823763D033-LeaderElection36] INFO  impl.RaftServerImpl (ServerState.java:setRaftConf(356)) - f50f5d79-c925-453f-af51-4b8158da1d4f@group-CE823763D033: set configuration 0: [48eddf45-9652-4002-81b5-fb45ffd80ba8:192.168.157.213:37627, 8784f1d6-424a-4929-9fea-052d2768b2f7:192.168.157.213:42195, f50f5d79-c925-453f-af51-4b8158da1d4f:192.168.157.213:35553], old=null at 0
2019-10-15 23:18:04,563 [grpc-default-executor-1] INFO  impl.RaftServerImpl (ServerState.java:setLeader(255)) - 48eddf45-9652-4002-81b5-fb45ffd80ba8@group-CE823763D033: change Leader from null to f50f5d79-c925-453f-af51-4b8158da1d4f at term 1 for appendEntries, leader elected after 5216ms
2019-10-15 23:18:04,563 [grpc-default-executor-5] INFO  impl.RaftServerImpl (ServerState.java:setLeader(255)) - 8784f1d6-424a-4929-9fea-052d2768b2f7@group-CE823763D033: change Leader from null to f50f5d79-c925-453f-af51-4b8158da1d4f at term 1 for appendEntries, leader elected after 5217ms
2019-10-15 23:18:04,565 [grpc-default-executor-5] INFO  impl.RaftServerImpl (ServerState.java:setRaftConf(356)) - 48eddf45-9652-4002-81b5-fb45ffd80ba8@group-CE823763D033: set configuration 0: [48eddf45-9652-4002-81b5-fb45ffd80ba8:192.168.157.213:37627, 8784f1d6-424a-4929-9fea-052d2768b2f7:192.168.157.213:42195, f50f5d79-c925-453f-af51-4b8158da1d4f:192.168.157.213:35553], old=null at 0
2019-10-15 23:18:04,565 [grpc-default-executor-5] INFO  segmented.SegmentedRaftLogWorker (SegmentedRaftLogWorker.java:startLogSegment(385)) - 48eddf45-9652-4002-81b5-fb45ffd80ba8@group-CE823763D033-SegmentedRaftLogWorker: Starting segment from index:0
2019-10-15 23:18:04,565 [grpc-default-executor-1] INFO  impl.RaftServerImpl (ServerState.java:setRaftConf(356)) - 8784f1d6-424a-4929-9fea-052d2768b2f7@group-CE823763D033: set configuration 0: [48eddf45-9652-4002-81b5-fb45ffd80ba8:192.168.157.213:37627, 8784f1d6-424a-4929-9fea-052d2768b2f7:192.168.157.213:42195, f50f5d79-c925-453f-af51-4b8158da1d4f:192.168.157.213:35553], old=null at 0
2019-10-15 23:18:04,566 [grpc-default-executor-1] INFO  segmented.SegmentedRaftLogWorker (SegmentedRaftLogWorker.java:startLogSegment(385)) - 8784f1d6-424a-4929-9fea-052d2768b2f7@group-CE823763D033-SegmentedRaftLogWorker: Starting segment from index:0
2019-10-15 23:18:04,574 [f50f5d79-c925-453f-af51-4b8158da1d4f@group-CE823763D033-SegmentedRaftLogWorker] INFO  segmented.SegmentedRaftLogWorker (SegmentedRaftLogWorker.java:execute(574)) - f50f5d79-c925-453f-af51-4b8158da1d4f@group-CE823763D033-SegmentedRaftLogWorker: created new log segment /workdir/hadoop-ozone/integration-test/target/test-dir/MiniOzoneClusterImpl-f91735dc-409e-45ff-ac27-ffb842bc1089/datanode-2/data/ratis/ef4b0c01-8c35-4b01-ab61-ce823763d033/current/log_inprogress_0
2019-10-15 23:18:04,605 [48eddf45-9652-4002-81b5-fb45ffd80ba8@group-CE823763D033-SegmentedRaftLogWorker] INFO  segmented.SegmentedRaftLogWorker (SegmentedRaftLogWorker.java:execute(574)) - 48eddf45-9652-4002-81b5-fb45ffd80ba8@group-CE823763D033-SegmentedRaftLogWorker: created new log segment /workdir/hadoop-ozone/integration-test/target/test-dir/MiniOzoneClusterImpl-f91735dc-409e-45ff-ac27-ffb842bc1089/datanode-1/data/ratis/ef4b0c01-8c35-4b01-ab61-ce823763d033/current/log_inprogress_0
2019-10-15 23:18:04,605 [8784f1d6-424a-4929-9fea-052d2768b2f7@group-CE823763D033-SegmentedRaftLogWorker] INFO  segmented.SegmentedRaftLogWorker (SegmentedRaftLogWorker.java:execute(574)) - 8784f1d6-424a-4929-9fea-052d2768b2f7@group-CE823763D033-SegmentedRaftLogWorker: created new log segment /workdir/hadoop-ozone/integration-test/target/test-dir/MiniOzoneClusterImpl-f91735dc-409e-45ff-ac27-ffb842bc1089/datanode-6/data/ratis/ef4b0c01-8c35-4b01-ab61-ce823763d033/current/log_inprogress_0
2019-10-15 23:18:05,543 [Datanode State Machine Thread - 0] INFO  statemachine.DatanodeStateMachine (DatanodeStateMachine.java:lambda$startDaemon$0(350)) - Ozone container server started.
2019-10-15 23:18:10,521 [main] INFO  ozoneimpl.OzoneContainer (OzoneContainer.java:stop(227)) - Attempting to stop container services.
2019-10-15 23:18:10,522 [main] INFO  impl.RaftServerProxy (RaftServerProxy.java:lambda$close$4(314)) - 10266a97-a68e-492c-868a-f014903942e5: close
2019-10-15 23:18:10,523 [main] INFO  impl.RaftServerImpl (RaftServerImpl.java:lambda$shutdown$3(247)) - 10266a97-a68e-492c-868a-f014903942e5@group-74343F53963F: shutdown
2019-10-15 23:18:10,523 [ForkJoinPool.commonPool-worker-0] INFO  impl.RaftServerImpl (RaftServerImpl.java:lambda$shutdown$3(247)) - 10266a97-a68e-492c-868a-f014903942e5@group-8113D68F2097: shutdown
2019-10-15 23:18:10,523 [main] INFO  util.JmxRegister (JmxRegister.java:unregister(73)) - Successfully un-registered JMX Bean with object name Ratis:service=RaftServer,group=group-74343F53963F,id=10266a97-a68e-492c-868a-f014903942e5
2019-10-15 23:18:10,524 [ForkJoinPool.commonPool-worker-0] INFO  util.JmxRegister (JmxRegister.java:unregister(73)) - Successfully un-registered JMX Bean with object name Ratis:service=RaftServer,group=group-8113D68F2097,id=10266a97-a68e-492c-868a-f014903942e5
2019-10-15 23:18:10,524 [main] INFO  impl.RoleInfo (RoleInfo.java:shutdownLeaderState(104)) - 10266a97-a68e-492c-868a-f014903942e5: shutdown LeaderState
2019-10-15 23:18:10,524 [ForkJoinPool.commonPool-worker-0] INFO  impl.RoleInfo (RoleInfo.java:shutdownFollowerState(121)) - 10266a97-a68e-492c-868a-f014903942e5: shutdown FollowerState
2019-10-15 23:18:10,524 [main] INFO  impl.PendingRequests (PendingRequests.java:sendNotLeaderResponses(202)) - 10266a97-a68e-492c-868a-f014903942e5@group-74343F53963F-PendingRequests: sendNotLeaderResponses
2019-10-15 23:18:10,525 [10266a97-a68e-492c-868a-f014903942e5@group-8113D68F2097-StateMachineUpdater] INFO  ratis.ContainerStateMachine (ContainerStateMachine.java:takeSnapshot(294)) - group-8113D68F2097: Taking a snapshot at:(t:1, i:1) file /workdir/hadoop-ozone/integration-test/target/test-dir/MiniOzoneClusterImpl-f91735dc-409e-45ff-ac27-ffb842bc1089/datanode-4/data/ratis/e7f01616-3149-4c99-8a20-8113d68f2097/sm/snapshot.1_1
2019-10-15 23:18:10,524 [Thread-1514] INFO  impl.FollowerState (FollowerState.java:run(117)) - 10266a97-a68e-492c-868a-f014903942e5@group-8113D68F2097-FollowerState was interrupted: java.lang.InterruptedException: sleep interrupted
2019-10-15 23:18:10,524 [ForkJoinPool.commonPool-worker-0] INFO  impl.StateMachineUpdater (StateMachineUpdater.java:stopAndJoin(136)) - 10266a97-a68e-492c-868a-f014903942e5@group-8113D68F2097-StateMachineUpdater: set stopIndex = 2
2019-10-15 23:18:10,525 [main] INFO  impl.StateMachineUpdater (StateMachineUpdater.java:stopAndJoin(136)) - 10266a97-a68e-492c-868a-f014903942e5@group-74343F53963F-StateMachineUpdater: set stopIndex = 0
2019-10-15 23:18:10,529 [main] INFO  impl.RaftServerImpl (ServerState.java:close(387)) - 10266a97-a68e-492c-868a-f014903942e5@group-74343F53963F: closes. applyIndex: 0
2019-10-15 23:18:10,529 [10266a97-a68e-492c-868a-f014903942e5@group-74343F53963F-SegmentedRaftLogWorker] INFO  segmented.SegmentedRaftLogWorker (SegmentedRaftLogWorker.java:run(316)) - 10266a97-a68e-492c-868a-f014903942e5@group-74343F53963F-SegmentedRaftLogWorker was interrupted, exiting. There are 0 tasks remaining in the queue.
2019-10-15 23:18:10,532 [main] INFO  segmented.SegmentedRaftLogWorker (SegmentedRaftLogWorker.java:close(224)) - 10266a97-a68e-492c-868a-f014903942e5@group-74343F53963F-SegmentedRaftLogWorker close()
2019-10-15 23:18:10,542 [10266a97-a68e-492c-868a-f014903942e5@group-8113D68F2097-StateMachineUpdater] INFO  ratis.ContainerStateMachine (ContainerStateMachine.java:takeSnapshot(305)) - group-8113D68F2097: Finished taking a snapshot at:(t:1, i:1) file:/workdir/hadoop-ozone/integration-test/target/test-dir/MiniOzoneClusterImpl-f91735dc-409e-45ff-ac27-ffb842bc1089/datanode-4/data/ratis/e7f01616-3149-4c99-8a20-8113d68f2097/sm/snapshot.1_1 time:17
2019-10-15 23:18:10,542 [10266a97-a68e-492c-868a-f014903942e5@group-8113D68F2097-StateMachineUpdater] INFO  impl.StateMachineUpdater (StateMachineUpdater.java:takeSnapshot(269)) - 10266a97-a68e-492c-868a-f014903942e5@group-8113D68F2097-StateMachineUpdater: Took a snapshot at index 1
2019-10-15 23:18:10,542 [10266a97-a68e-492c-868a-f014903942e5@group-8113D68F2097-StateMachineUpdater] INFO  impl.StateMachineUpdater (StateMachineUpdater.java:lambda$new$0(84)) - 10266a97-a68e-492c-868a-f014903942e5@group-8113D68F2097-StateMachineUpdater: snapshotIndex: updateIncreasingly -1 -> 1
2019-10-15 23:18:10,543 [10266a97-a68e-492c-868a-f014903942e5@group-8113D68F2097-StateMachineUpdater] INFO  ratis.ContainerStateMachine (ContainerStateMachine.java:takeSnapshot(294)) - group-8113D68F2097: Taking a snapshot at:(t:1, i:1) file /workdir/hadoop-ozone/integration-test/target/test-dir/MiniOzoneClusterImpl-f91735dc-409e-45ff-ac27-ffb842bc1089/datanode-4/data/ratis/e7f01616-3149-4c99-8a20-8113d68f2097/sm/snapshot.1_1
2019-10-15 23:18:10,555 [10266a97-a68e-492c-868a-f014903942e5@group-8113D68F2097-StateMachineUpdater] INFO  ratis.ContainerStateMachine (ContainerStateMachine.java:takeSnapshot(305)) - group-8113D68F2097: Finished taking a snapshot at:(t:1, i:1) file:/workdir/hadoop-ozone/integration-test/target/test-dir/MiniOzoneClusterImpl-f91735dc-409e-45ff-ac27-ffb842bc1089/datanode-4/data/ratis/e7f01616-3149-4c99-8a20-8113d68f2097/sm/snapshot.1_1 time:12
2019-10-15 23:18:10,556 [10266a97-a68e-492c-868a-f014903942e5@group-8113D68F2097-StateMachineUpdater] INFO  impl.StateMachineUpdater (StateMachineUpdater.java:takeSnapshot(269)) - 10266a97-a68e-492c-868a-f014903942e5@group-8113D68F2097-StateMachineUpdater: Took a snapshot at index 1
2019-10-15 23:18:10,556 [10266a97-a68e-492c-868a-f014903942e5@group-8113D68F2097-StateMachineUpdater] INFO  impl.StateMachineUpdater (StateMachineUpdater.java:lambda$new$0(84)) - 10266a97-a68e-492c-868a-f014903942e5@group-8113D68F2097-StateMachineUpdater: snapshotIndex: updateIncreasingly 1 -> 1
2019-10-15 23:18:10,556 [ForkJoinPool.commonPool-worker-0] INFO  impl.RaftServerImpl (ServerState.java:close(387)) - 10266a97-a68e-492c-868a-f014903942e5@group-8113D68F2097: closes. applyIndex: 2
2019-10-15 23:18:10,556 [10266a97-a68e-492c-868a-f014903942e5@group-8113D68F2097-SegmentedRaftLogWorker] INFO  segmented.SegmentedRaftLogWorker (SegmentedRaftLogWorker.java:run(316)) - 10266a97-a68e-492c-868a-f014903942e5@group-8113D68F2097-SegmentedRaftLogWorker was interrupted, exiting. There are 0 tasks remaining in the queue.
2019-10-15 23:18:10,558 [ForkJoinPool.commonPool-worker-0] INFO  segmented.SegmentedRaftLogWorker (SegmentedRaftLogWorker.java:close(224)) - 10266a97-a68e-492c-868a-f014903942e5@group-8113D68F2097-SegmentedRaftLogWorker close()
2019-10-15 23:18:10,562 [main] INFO  server.GrpcService (GrpcService.java:closeImpl(164)) - 10266a97-a68e-492c-868a-f014903942e5: shutdown server with port 36499 now
2019-10-15 23:18:10,563 [grpc-default-executor-1] WARN  server.GrpcServerProtocolService (LogUtils.java:warn(134)) - 10266a97-a68e-492c-868a-f014903942e5: installSnapshot onError, lastRequest: 9a32c150-8a71-44f8-a6d2-35b751a73f8d->10266a97-a68e-492c-868a-f014903942e5#5-t1, previous=(t:1, i:2), leaderCommit=2, initializing? false, entries: <empty>: org.apache.ratis.thirdparty.io.grpc.StatusRuntimeException: CANCELLED: cancelled before receiving half close
2019-10-15 23:18:10,563 [grpc-default-executor-5] WARN  server.GrpcLogAppender (LogUtils.java:warn(134)) - 9a32c150-8a71-44f8-a6d2-35b751a73f8d@group-8113D68F2097->10266a97-a68e-492c-868a-f014903942e5-AppendLogResponseHandler: Failed appendEntries: org.apache.ratis.thirdparty.io.grpc.StatusRuntimeException: CANCELLED: HTTP/2 error code: CANCEL
Received Rst Stream
2019-10-15 23:18:10,563 [main] INFO  server.GrpcService (GrpcService.java:closeImpl(172)) - 10266a97-a68e-492c-868a-f014903942e5: shutdown server with port 36499 successfully
2019-10-15 23:18:10,564 [grpc-default-executor-5] INFO  impl.FollowerInfo (FollowerInfo.java:lambda$new$0(51)) - 9a32c150-8a71-44f8-a6d2-35b751a73f8d@group-8113D68F2097->10266a97-a68e-492c-868a-f014903942e5: nextIndex: updateUnconditionally 3 -> 2
2019-10-15 23:18:10,565 [refreshUsed-/workdir/hadoop-ozone/integration-test/target/test-dir/MiniOzoneClusterImpl-f91735dc-409e-45ff-ac27-ffb842bc1089/datanode-4/data/containers] WARN  fs.CachingGetSpaceUsed (CachingGetSpaceUsed.java:run(183)) - Thread Interrupted waiting to refresh disk information: sleep interrupted
2019-10-15 23:18:10,590 [main] INFO  utils.BackgroundService (BackgroundService.java:shutdown(151)) - Shutting down service BlockDeletingService
2019-10-15 23:18:10,597 [main] INFO  statemachine.DatanodeStateMachine (DatanodeStateMachine.java:stopDaemon(395)) - Ozone container server stopped.
2019-10-15 23:18:10,600 [main] INFO  handler.ContextHandler (ContextHandler.java:doStop(910)) - Stopped o.e.j.w.WebAppContext@9accff0{/,null,UNAVAILABLE}{/hddsDatanode}
2019-10-15 23:18:10,600 [main] INFO  server.AbstractConnector (AbstractConnector.java:doStop(318)) - Stopped ServerConnector@52559a69{HTTP/1.1,[http/1.1]}{0.0.0.0:0}
2019-10-15 23:18:10,601 [main] INFO  handler.ContextHandler (ContextHandler.java:doStop(910)) - Stopped o.e.j.s.ServletContextHandler@36ef1d65{/static,jar:file:/home/user/.m2/repository/org/apache/hadoop/hadoop-hdds-container-service/0.5.0-SNAPSHOT/hadoop-hdds-container-service-0.5.0-SNAPSHOT.jar!/webapps/static,UNAVAILABLE}
2019-10-15 23:18:10,602 [main] INFO  handler.ContextHandler (ContextHandler.java:doStop(910)) - Stopped o.e.j.s.ServletContextHandler@2a2dc0a{/logs,file:///workdir/hadoop-ozone/integration-test/target/log,UNAVAILABLE}
2019-10-15 23:18:11,545 [Datanode State Machine Thread - 0] INFO  statemachine.DatanodeStateMachine (DatanodeStateMachine.java:lambda$startDaemon$0(350)) - Ozone container server started.
2019-10-15 23:18:12,943 [grpc-default-executor-1] WARN  server.GrpcLogAppender (LogUtils.java:warn(134)) - 9a32c150-8a71-44f8-a6d2-35b751a73f8d@group-8113D68F2097->10266a97-a68e-492c-868a-f014903942e5-AppendLogResponseHandler: Failed appendEntries: org.apache.ratis.thirdparty.io.grpc.StatusRuntimeException: UNAVAILABLE: io exception
2019-10-15 23:18:12,944 [grpc-default-executor-1] INFO  impl.FollowerInfo (FollowerInfo.java:lambda$new$0(51)) - 9a32c150-8a71-44f8-a6d2-35b751a73f8d@group-8113D68F2097->10266a97-a68e-492c-868a-f014903942e5: nextIndex: updateUnconditionally 2 -> 1
2019-10-15 23:18:15,444 [grpc-default-executor-6] WARN  server.GrpcLogAppender (LogUtils.java:warn(134)) - 9a32c150-8a71-44f8-a6d2-35b751a73f8d@group-8113D68F2097->10266a97-a68e-492c-868a-f014903942e5-AppendLogResponseHandler: Failed appendEntries: org.apache.ratis.thirdparty.io.grpc.StatusRuntimeException: UNAVAILABLE: io exception
2019-10-15 23:18:15,444 [grpc-default-executor-6] INFO  impl.FollowerInfo (FollowerInfo.java:lambda$new$0(51)) - 9a32c150-8a71-44f8-a6d2-35b751a73f8d@group-8113D68F2097->10266a97-a68e-492c-868a-f014903942e5: nextIndex: updateUnconditionally 1 -> 0
2019-10-15 23:18:15,603 [main] INFO  ozoneimpl.OzoneContainer (OzoneContainer.java:stop(227)) - Attempting to stop container services.
2019-10-15 23:18:15,604 [main] INFO  impl.RaftServerProxy (RaftServerProxy.java:lambda$close$4(314)) - f3358113-732e-4d1a-b7b4-0079f823154f: close
2019-10-15 23:18:15,604 [main] INFO  impl.RaftServerImpl (RaftServerImpl.java:lambda$shutdown$3(247)) - f3358113-732e-4d1a-b7b4-0079f823154f@group-1238053208E1: shutdown
2019-10-15 23:18:15,604 [main] INFO  util.JmxRegister (JmxRegister.java:unregister(73)) - Successfully un-registered JMX Bean with object name Ratis:service=RaftServer,group=group-1238053208E1,id=f3358113-732e-4d1a-b7b4-0079f823154f
2019-10-15 23:18:15,605 [main] INFO  impl.RoleInfo (RoleInfo.java:shutdownLeaderState(104)) - f3358113-732e-4d1a-b7b4-0079f823154f: shutdown LeaderState
2019-10-15 23:18:15,605 [main] INFO  impl.PendingRequests (PendingRequests.java:sendNotLeaderResponses(202)) - f3358113-732e-4d1a-b7b4-0079f823154f@group-1238053208E1-PendingRequests: sendNotLeaderResponses
2019-10-15 23:18:15,605 [main] INFO  impl.StateMachineUpdater (StateMachineUpdater.java:stopAndJoin(136)) - f3358113-732e-4d1a-b7b4-0079f823154f@group-1238053208E1-StateMachineUpdater: set stopIndex = 0
2019-10-15 23:18:15,606 [main] INFO  impl.RaftServerImpl (ServerState.java:close(387)) - f3358113-732e-4d1a-b7b4-0079f823154f@group-1238053208E1: closes. applyIndex: 0
2019-10-15 23:18:15,607 [f3358113-732e-4d1a-b7b4-0079f823154f@group-1238053208E1-SegmentedRaftLogWorker] INFO  segmented.SegmentedRaftLogWorker (SegmentedRaftLogWorker.java:run(316)) - f3358113-732e-4d1a-b7b4-0079f823154f@group-1238053208E1-SegmentedRaftLogWorker was interrupted, exiting. There are 0 tasks remaining in the queue.
2019-10-15 23:18:15,610 [main] INFO  segmented.SegmentedRaftLogWorker (SegmentedRaftLogWorker.java:close(224)) - f3358113-732e-4d1a-b7b4-0079f823154f@group-1238053208E1-SegmentedRaftLogWorker close()
2019-10-15 23:18:15,613 [main] INFO  impl.RaftServerImpl (RaftServerImpl.java:lambda$shutdown$3(247)) - f3358113-732e-4d1a-b7b4-0079f823154f@group-8113D68F2097: shutdown
2019-10-15 23:18:15,613 [main] INFO  util.JmxRegister (JmxRegister.java:unregister(73)) - Successfully un-registered JMX Bean with object name Ratis:service=RaftServer,group=group-8113D68F2097,id=f3358113-732e-4d1a-b7b4-0079f823154f
2019-10-15 23:18:15,614 [main] INFO  impl.RoleInfo (RoleInfo.java:shutdownFollowerState(121)) - f3358113-732e-4d1a-b7b4-0079f823154f: shutdown FollowerState
2019-10-15 23:18:15,614 [main] INFO  impl.StateMachineUpdater (StateMachineUpdater.java:stopAndJoin(136)) - f3358113-732e-4d1a-b7b4-0079f823154f@group-8113D68F2097-StateMachineUpdater: set stopIndex = 2
2019-10-15 23:18:15,614 [Thread-1513] INFO  impl.FollowerState (FollowerState.java:run(117)) - f3358113-732e-4d1a-b7b4-0079f823154f@group-8113D68F2097-FollowerState was interrupted: java.lang.InterruptedException: sleep interrupted
2019-10-15 23:18:15,614 [f3358113-732e-4d1a-b7b4-0079f823154f@group-8113D68F2097-StateMachineUpdater] INFO  ratis.ContainerStateMachine (ContainerStateMachine.java:takeSnapshot(294)) - group-8113D68F2097: Taking a snapshot at:(t:1, i:1) file /workdir/hadoop-ozone/integration-test/target/test-dir/MiniOzoneClusterImpl-f91735dc-409e-45ff-ac27-ffb842bc1089/datanode-0/data/ratis/e7f01616-3149-4c99-8a20-8113d68f2097/sm/snapshot.1_1
2019-10-15 23:18:15,624 [f3358113-732e-4d1a-b7b4-0079f823154f@group-8113D68F2097-StateMachineUpdater] INFO  ratis.ContainerStateMachine (ContainerStateMachine.java:takeSnapshot(305)) - group-8113D68F2097: Finished taking a snapshot at:(t:1, i:1) file:/workdir/hadoop-ozone/integration-test/target/test-dir/MiniOzoneClusterImpl-f91735dc-409e-45ff-ac27-ffb842bc1089/datanode-0/data/ratis/e7f01616-3149-4c99-8a20-8113d68f2097/sm/snapshot.1_1 time:10
2019-10-15 23:18:15,625 [f3358113-732e-4d1a-b7b4-0079f823154f@group-8113D68F2097-StateMachineUpdater] INFO  impl.StateMachineUpdater (StateMachineUpdater.java:takeSnapshot(269)) - f3358113-732e-4d1a-b7b4-0079f823154f@group-8113D68F2097-StateMachineUpdater: Took a snapshot at index 1
2019-10-15 23:18:15,625 [f3358113-732e-4d1a-b7b4-0079f823154f@group-8113D68F2097-StateMachineUpdater] INFO  impl.StateMachineUpdater (StateMachineUpdater.java:lambda$new$0(84)) - f3358113-732e-4d1a-b7b4-0079f823154f@group-8113D68F2097-StateMachineUpdater: snapshotIndex: updateIncreasingly -1 -> 1
2019-10-15 23:18:15,625 [f3358113-732e-4d1a-b7b4-0079f823154f@group-8113D68F2097-StateMachineUpdater] INFO  ratis.ContainerStateMachine (ContainerStateMachine.java:takeSnapshot(294)) - group-8113D68F2097: Taking a snapshot at:(t:1, i:1) file /workdir/hadoop-ozone/integration-test/target/test-dir/MiniOzoneClusterImpl-f91735dc-409e-45ff-ac27-ffb842bc1089/datanode-0/data/ratis/e7f01616-3149-4c99-8a20-8113d68f2097/sm/snapshot.1_1
2019-10-15 23:18:15,637 [f3358113-732e-4d1a-b7b4-0079f823154f@group-8113D68F2097-StateMachineUpdater] INFO  ratis.ContainerStateMachine (ContainerStateMachine.java:takeSnapshot(305)) - group-8113D68F2097: Finished taking a snapshot at:(t:1, i:1) file:/workdir/hadoop-ozone/integration-test/target/test-dir/MiniOzoneClusterImpl-f91735dc-409e-45ff-ac27-ffb842bc1089/datanode-0/data/ratis/e7f01616-3149-4c99-8a20-8113d68f2097/sm/snapshot.1_1 time:12
2019-10-15 23:18:15,638 [f3358113-732e-4d1a-b7b4-0079f823154f@group-8113D68F2097-StateMachineUpdater] INFO  impl.StateMachineUpdater (StateMachineUpdater.java:takeSnapshot(269)) - f3358113-732e-4d1a-b7b4-0079f823154f@group-8113D68F2097-StateMachineUpdater: Took a snapshot at index 1
2019-10-15 23:18:15,638 [f3358113-732e-4d1a-b7b4-0079f823154f@group-8113D68F2097-StateMachineUpdater] INFO  impl.StateMachineUpdater (StateMachineUpdater.java:lambda$new$0(84)) - f3358113-732e-4d1a-b7b4-0079f823154f@group-8113D68F2097-StateMachineUpdater: snapshotIndex: updateIncreasingly 1 -> 1
2019-10-15 23:18:15,638 [main] INFO  impl.RaftServerImpl (ServerState.java:close(387)) - f3358113-732e-4d1a-b7b4-0079f823154f@group-8113D68F2097: closes. applyIndex: 2
2019-10-15 23:18:15,638 [f3358113-732e-4d1a-b7b4-0079f823154f@group-8113D68F2097-SegmentedRaftLogWorker] INFO  segmented.SegmentedRaftLogWorker (SegmentedRaftLogWorker.java:run(316)) - f3358113-732e-4d1a-b7b4-0079f823154f@group-8113D68F2097-SegmentedRaftLogWorker was interrupted, exiting. There are 0 tasks remaining in the queue.
2019-10-15 23:18:15,640 [main] INFO  segmented.SegmentedRaftLogWorker (SegmentedRaftLogWorker.java:close(224)) - f3358113-732e-4d1a-b7b4-0079f823154f@group-8113D68F2097-SegmentedRaftLogWorker close()
2019-10-15 23:18:15,644 [main] INFO  server.GrpcService (GrpcService.java:closeImpl(164)) - f3358113-732e-4d1a-b7b4-0079f823154f: shutdown server with port 35915 now
2019-10-15 23:18:15,645 [grpc-default-executor-1] WARN  server.GrpcServerProtocolService (LogUtils.java:warn(134)) - f3358113-732e-4d1a-b7b4-0079f823154f: installSnapshot onError, lastRequest: 9a32c150-8a71-44f8-a6d2-35b751a73f8d->f3358113-732e-4d1a-b7b4-0079f823154f#7-t1, previous=(t:1, i:2), leaderCommit=2, initializing? false, entries: <empty>: org.apache.ratis.thirdparty.io.grpc.StatusRuntimeException: CANCELLED: cancelled before receiving half close
2019-10-15 23:18:15,645 [main] INFO  server.GrpcService (GrpcService.java:closeImpl(172)) - f3358113-732e-4d1a-b7b4-0079f823154f: shutdown server with port 35915 successfully
2019-10-15 23:18:15,645 [grpc-default-executor-6] WARN  server.GrpcLogAppender (LogUtils.java:warn(134)) - 9a32c150-8a71-44f8-a6d2-35b751a73f8d@group-8113D68F2097->f3358113-732e-4d1a-b7b4-0079f823154f-AppendLogResponseHandler: Failed appendEntries: org.apache.ratis.thirdparty.io.grpc.StatusRuntimeException: CANCELLED: HTTP/2 error code: CANCEL
Received Rst Stream
2019-10-15 23:18:15,647 [grpc-default-executor-6] INFO  impl.FollowerInfo (FollowerInfo.java:lambda$new$0(51)) - 9a32c150-8a71-44f8-a6d2-35b751a73f8d@group-8113D68F2097->f3358113-732e-4d1a-b7b4-0079f823154f: nextIndex: updateUnconditionally 3 -> 2
2019-10-15 23:18:15,648 [refreshUsed-/workdir/hadoop-ozone/integration-test/target/test-dir/MiniOzoneClusterImpl-f91735dc-409e-45ff-ac27-ffb842bc1089/datanode-0/data/containers] WARN  fs.CachingGetSpaceUsed (CachingGetSpaceUsed.java:run(183)) - Thread Interrupted waiting to refresh disk information: sleep interrupted
2019-10-15 23:18:15,665 [main] INFO  utils.BackgroundService (BackgroundService.java:shutdown(151)) - Shutting down service BlockDeletingService
2019-10-15 23:18:15,670 [main] INFO  statemachine.DatanodeStateMachine (DatanodeStateMachine.java:stopDaemon(395)) - Ozone container server stopped.
2019-10-15 23:18:15,671 [main] INFO  handler.ContextHandler (ContextHandler.java:doStop(910)) - Stopped o.e.j.w.WebAppContext@7f353a0f{/,null,UNAVAILABLE}{/hddsDatanode}
2019-10-15 23:18:15,672 [main] INFO  server.AbstractConnector (AbstractConnector.java:doStop(318)) - Stopped ServerConnector@7ea2412c{HTTP/1.1,[http/1.1]}{0.0.0.0:0}
2019-10-15 23:18:15,672 [main] INFO  handler.ContextHandler (ContextHandler.java:doStop(910)) - Stopped o.e.j.s.ServletContextHandler@8bd076a{/static,jar:file:/home/user/.m2/repository/org/apache/hadoop/hadoop-hdds-container-service/0.5.0-SNAPSHOT/hadoop-hdds-container-service-0.5.0-SNAPSHOT.jar!/webapps/static,UNAVAILABLE}
2019-10-15 23:18:15,672 [main] INFO  handler.ContextHandler (ContextHandler.java:doStop(910)) - Stopped o.e.j.s.ServletContextHandler@79eeff87{/logs,file:///workdir/hadoop-ozone/integration-test/target/log,UNAVAILABLE}
2019-10-15 23:18:17,950 [grpc-default-executor-1] WARN  server.GrpcLogAppender (LogUtils.java:warn(134)) - 9a32c150-8a71-44f8-a6d2-35b751a73f8d@group-8113D68F2097->10266a97-a68e-492c-868a-f014903942e5-AppendLogResponseHandler: Failed appendEntries: org.apache.ratis.thirdparty.io.grpc.StatusRuntimeException: UNAVAILABLE: io exception
2019-10-15 23:18:17,950 [grpc-default-executor-6] WARN  server.GrpcLogAppender (LogUtils.java:warn(134)) - 9a32c150-8a71-44f8-a6d2-35b751a73f8d@group-8113D68F2097->f3358113-732e-4d1a-b7b4-0079f823154f-AppendLogResponseHandler: Failed appendEntries: org.apache.ratis.thirdparty.io.grpc.StatusRuntimeException: UNAVAILABLE: io exception
2019-10-15 23:18:17,952 [grpc-default-executor-1] INFO  impl.FollowerInfo (FollowerInfo.java:lambda$new$0(51)) - 9a32c150-8a71-44f8-a6d2-35b751a73f8d@group-8113D68F2097->10266a97-a68e-492c-868a-f014903942e5: nextIndex: updateUnconditionally 0 -> 0
2019-10-15 23:18:17,952 [grpc-default-executor-6] INFO  impl.FollowerInfo (FollowerInfo.java:lambda$new$0(51)) - 9a32c150-8a71-44f8-a6d2-35b751a73f8d@group-8113D68F2097->f3358113-732e-4d1a-b7b4-0079f823154f: nextIndex: updateUnconditionally 2 -> 1
2019-10-15 23:18:20,448 [grpc-default-executor-1] WARN  server.GrpcLogAppender (LogUtils.java:warn(134)) - 9a32c150-8a71-44f8-a6d2-35b751a73f8d@group-8113D68F2097->10266a97-a68e-492c-868a-f014903942e5-AppendLogResponseHandler: Failed appendEntries: org.apache.ratis.thirdparty.io.grpc.StatusRuntimeException: UNAVAILABLE: io exception
2019-10-15 23:18:20,449 [grpc-default-executor-6] WARN  server.GrpcLogAppender (LogUtils.java:warn(134)) - 9a32c150-8a71-44f8-a6d2-35b751a73f8d@group-8113D68F2097->f3358113-732e-4d1a-b7b4-0079f823154f-AppendLogResponseHandler: Failed appendEntries: org.apache.ratis.thirdparty.io.grpc.StatusRuntimeException: UNAVAILABLE: io exception
2019-10-15 23:18:20,449 [grpc-default-executor-1] INFO  impl.FollowerInfo (FollowerInfo.java:lambda$new$0(51)) - 9a32c150-8a71-44f8-a6d2-35b751a73f8d@group-8113D68F2097->10266a97-a68e-492c-868a-f014903942e5: nextIndex: updateUnconditionally 0 -> 0
2019-10-15 23:18:20,449 [grpc-default-executor-6] INFO  impl.FollowerInfo (FollowerInfo.java:lambda$new$0(51)) - 9a32c150-8a71-44f8-a6d2-35b751a73f8d@group-8113D68F2097->f3358113-732e-4d1a-b7b4-0079f823154f: nextIndex: updateUnconditionally 1 -> 0
2019-10-15 23:18:22,949 [grpc-default-executor-7] WARN  server.GrpcLogAppender (LogUtils.java:warn(134)) - 9a32c150-8a71-44f8-a6d2-35b751a73f8d@group-8113D68F2097->10266a97-a68e-492c-868a-f014903942e5-AppendLogResponseHandler: Failed appendEntries: org.apache.ratis.thirdparty.io.grpc.StatusRuntimeException: UNAVAILABLE: io exception
2019-10-15 23:18:22,950 [grpc-default-executor-8] WARN  server.GrpcLogAppender (LogUtils.java:warn(134)) - 9a32c150-8a71-44f8-a6d2-35b751a73f8d@group-8113D68F2097->f3358113-732e-4d1a-b7b4-0079f823154f-AppendLogResponseHandler: Failed appendEntries: org.apache.ratis.thirdparty.io.grpc.StatusRuntimeException: UNAVAILABLE: io exception
2019-10-15 23:18:22,950 [grpc-default-executor-7] INFO  impl.FollowerInfo (FollowerInfo.java:lambda$new$0(51)) - 9a32c150-8a71-44f8-a6d2-35b751a73f8d@group-8113D68F2097->10266a97-a68e-492c-868a-f014903942e5: nextIndex: updateUnconditionally 0 -> 0
2019-10-15 23:18:22,950 [grpc-default-executor-8] INFO  impl.FollowerInfo (FollowerInfo.java:lambda$new$0(51)) - 9a32c150-8a71-44f8-a6d2-35b751a73f8d@group-8113D68F2097->f3358113-732e-4d1a-b7b4-0079f823154f: nextIndex: updateUnconditionally 0 -> 0
2019-10-15 23:18:25,451 [grpc-default-executor-7] WARN  server.GrpcLogAppender (LogUtils.java:warn(134)) - 9a32c150-8a71-44f8-a6d2-35b751a73f8d@group-8113D68F2097->10266a97-a68e-492c-868a-f014903942e5-AppendLogResponseHandler: Failed appendEntries: org.apache.ratis.thirdparty.io.grpc.StatusRuntimeException: UNAVAILABLE: io exception
2019-10-15 23:18:25,451 [grpc-default-executor-8] WARN  server.GrpcLogAppender (LogUtils.java:warn(134)) - 9a32c150-8a71-44f8-a6d2-35b751a73f8d@group-8113D68F2097->f3358113-732e-4d1a-b7b4-0079f823154f-AppendLogResponseHandler: Failed appendEntries: org.apache.ratis.thirdparty.io.grpc.StatusRuntimeException: UNAVAILABLE: io exception
2019-10-15 23:18:25,452 [grpc-default-executor-7] INFO  impl.FollowerInfo (FollowerInfo.java:lambda$new$0(51)) - 9a32c150-8a71-44f8-a6d2-35b751a73f8d@group-8113D68F2097->10266a97-a68e-492c-868a-f014903942e5: nextIndex: updateUnconditionally 0 -> 0
2019-10-15 23:18:25,452 [grpc-default-executor-8] INFO  impl.FollowerInfo (FollowerInfo.java:lambda$new$0(51)) - 9a32c150-8a71-44f8-a6d2-35b751a73f8d@group-8113D68F2097->f3358113-732e-4d1a-b7b4-0079f823154f: nextIndex: updateUnconditionally 0 -> 0
2019-10-15 23:18:26,588 [Thread-1582] INFO  client.GrpcClientProtocolService (GrpcClientProtocolService.java:lambda$processClientRequest$0(278)) - Failed RaftClientRequest:client-E83644F7E1B1->9a32c150-8a71-44f8-a6d2-35b751a73f8d@group-8113D68F2097, cid=67, seq=0, Watch-ALL_COMMITTED(21), Message:<EMPTY>, reply=RaftClientReply:client-E83644F7E1B1->9a32c150-8a71-44f8-a6d2-35b751a73f8d@group-8113D68F2097, cid=67, FAILED org.apache.ratis.protocol.NotReplicatedException: Request with call Id 67 and log index 21 is not yet replicated to ALL_COMMITTED, logIndex=21, commits[9a32c150-8a71-44f8-a6d2-35b751a73f8d:c2, f3358113-732e-4d1a-b7b4-0079f823154f:c2, 10266a97-a68e-492c-868a-f014903942e5:c2]
2019-10-15 23:18:27,952 [grpc-default-executor-7] WARN  server.GrpcLogAppender (LogUtils.java:warn(134)) - 9a32c150-8a71-44f8-a6d2-35b751a73f8d@group-8113D68F2097->f3358113-732e-4d1a-b7b4-0079f823154f-AppendLogResponseHandler: Failed appendEntries: org.apache.ratis.thirdparty.io.grpc.StatusRuntimeException: UNAVAILABLE: io exception
2019-10-15 23:18:27,952 [grpc-default-executor-8] WARN  server.GrpcLogAppender (LogUtils.java:warn(134)) - 9a32c150-8a71-44f8-a6d2-35b751a73f8d@group-8113D68F2097->10266a97-a68e-492c-868a-f014903942e5-AppendLogResponseHandler: Failed appendEntries: org.apache.ratis.thirdparty.io.grpc.StatusRuntimeException: UNAVAILABLE: io exception
2019-10-15 23:18:27,958 [grpc-default-executor-7] INFO  impl.FollowerInfo (FollowerInfo.java:lambda$new$0(51)) - 9a32c150-8a71-44f8-a6d2-35b751a73f8d@group-8113D68F2097->f3358113-732e-4d1a-b7b4-0079f823154f: nextIndex: updateUnconditionally 0 -> 0
2019-10-15 23:18:27,958 [grpc-default-executor-8] INFO  impl.FollowerInfo (FollowerInfo.java:lambda$new$0(51)) - 9a32c150-8a71-44f8-a6d2-35b751a73f8d@group-8113D68F2097->10266a97-a68e-492c-868a-f014903942e5: nextIndex: updateUnconditionally 0 -> 0
2019-10-15 23:18:30,463 [grpc-default-executor-7] WARN  server.GrpcLogAppender (LogUtils.java:warn(134)) - 9a32c150-8a71-44f8-a6d2-35b751a73f8d@group-8113D68F2097->10266a97-a68e-492c-868a-f014903942e5-AppendLogResponseHandler: Failed appendEntries: org.apache.ratis.thirdparty.io.grpc.StatusRuntimeException: UNAVAILABLE: io exception
2019-10-15 23:18:30,463 [grpc-default-executor-8] WARN  server.GrpcLogAppender (LogUtils.java:warn(134)) - 9a32c150-8a71-44f8-a6d2-35b751a73f8d@group-8113D68F2097->f3358113-732e-4d1a-b7b4-0079f823154f-AppendLogResponseHandler: Failed appendEntries: org.apache.ratis.thirdparty.io.grpc.StatusRuntimeException: UNAVAILABLE: io exception
2019-10-15 23:18:30,465 [grpc-default-executor-8] INFO  impl.FollowerInfo (FollowerInfo.java:lambda$new$0(51)) - 9a32c150-8a71-44f8-a6d2-35b751a73f8d@group-8113D68F2097->f3358113-732e-4d1a-b7b4-0079f823154f: nextIndex: updateUnconditionally 0 -> 0
2019-10-15 23:18:30,465 [grpc-default-executor-7] INFO  impl.FollowerInfo (FollowerInfo.java:lambda$new$0(51)) - 9a32c150-8a71-44f8-a6d2-35b751a73f8d@group-8113D68F2097->10266a97-a68e-492c-868a-f014903942e5: nextIndex: updateUnconditionally 0 -> 0
2019-10-15 23:18:32,964 [grpc-default-executor-8] WARN  server.GrpcLogAppender (LogUtils.java:warn(134)) - 9a32c150-8a71-44f8-a6d2-35b751a73f8d@group-8113D68F2097->10266a97-a68e-492c-868a-f014903942e5-AppendLogResponseHandler: Failed appendEntries: org.apache.ratis.thirdparty.io.grpc.StatusRuntimeException: UNAVAILABLE: io exception
2019-10-15 23:18:32,964 [grpc-default-executor-7] WARN  server.GrpcLogAppender (LogUtils.java:warn(134)) - 9a32c150-8a71-44f8-a6d2-35b751a73f8d@group-8113D68F2097->f3358113-732e-4d1a-b7b4-0079f823154f-AppendLogResponseHandler: Failed appendEntries: org.apache.ratis.thirdparty.io.grpc.StatusRuntimeException: UNAVAILABLE: io exception
2019-10-15 23:18:32,965 [grpc-default-executor-7] INFO  impl.FollowerInfo (FollowerInfo.java:lambda$new$0(51)) - 9a32c150-8a71-44f8-a6d2-35b751a73f8d@group-8113D68F2097->f3358113-732e-4d1a-b7b4-0079f823154f: nextIndex: updateUnconditionally 0 -> 0
2019-10-15 23:18:32,965 [grpc-default-executor-8] INFO  impl.FollowerInfo (FollowerInfo.java:lambda$new$0(51)) - 9a32c150-8a71-44f8-a6d2-35b751a73f8d@group-8113D68F2097->10266a97-a68e-492c-868a-f014903942e5: nextIndex: updateUnconditionally 0 -> 0
2019-10-15 23:18:35,463 [grpc-default-executor-8] WARN  server.GrpcLogAppender (LogUtils.java:warn(134)) - 9a32c150-8a71-44f8-a6d2-35b751a73f8d@group-8113D68F2097->10266a97-a68e-492c-868a-f014903942e5-AppendLogResponseHandler: Failed appendEntries: org.apache.ratis.thirdparty.io.grpc.StatusRuntimeException: UNAVAILABLE: io exception
2019-10-15 23:18:35,463 [grpc-default-executor-7] WARN  server.GrpcLogAppender (LogUtils.java:warn(134)) - 9a32c150-8a71-44f8-a6d2-35b751a73f8d@group-8113D68F2097->f3358113-732e-4d1a-b7b4-0079f823154f-AppendLogResponseHandler: Failed appendEntries: org.apache.ratis.thirdparty.io.grpc.StatusRuntimeException: UNAVAILABLE: io exception
2019-10-15 23:18:35,464 [grpc-default-executor-8] INFO  impl.FollowerInfo (FollowerInfo.java:lambda$new$0(51)) - 9a32c150-8a71-44f8-a6d2-35b751a73f8d@group-8113D68F2097->10266a97-a68e-492c-868a-f014903942e5: nextIndex: updateUnconditionally 0 -> 0
2019-10-15 23:18:35,464 [grpc-default-executor-7] INFO  impl.FollowerInfo (FollowerInfo.java:lambda$new$0(51)) - 9a32c150-8a71-44f8-a6d2-35b751a73f8d@group-8113D68F2097->f3358113-732e-4d1a-b7b4-0079f823154f: nextIndex: updateUnconditionally 0 -> 0
2019-10-15 23:18:35,675 [main] WARN  scm.XceiverClientRatis (XceiverClientRatis.java:watchForCommit(277)) - 3 way commit failed on pipeline Pipeline[ Id: e7f01616-3149-4c99-8a20-8113d68f2097, Nodes: 10266a97-a68e-492c-868a-f014903942e5{ip: 192.168.157.213, host: pr-hdds-2221-lrjgr-1037302595, networkLocation: /default-rack, certSerialId: null}f3358113-732e-4d1a-b7b4-0079f823154f{ip: 192.168.157.213, host: pr-hdds-2221-lrjgr-1037302595, networkLocation: /default-rack, certSerialId: null}9a32c150-8a71-44f8-a6d2-35b751a73f8d{ip: 192.168.157.213, host: pr-hdds-2221-lrjgr-1037302595, networkLocation: /default-rack, certSerialId: null}, Type:RATIS, Factor:THREE, State:OPEN]
java.util.concurrent.TimeoutException
	at java.util.concurrent.CompletableFuture.timedGet(CompletableFuture.java:1771)
	at java.util.concurrent.CompletableFuture.get(CompletableFuture.java:1915)
	at org.apache.hadoop.hdds.scm.XceiverClientRatis.watchForCommit(XceiverClientRatis.java:274)
	at org.apache.hadoop.ozone.client.rpc.TestWatchForCommit.testWatchForCommitForRetryfailure(TestWatchForCommit.java:345)
	at sun.reflect.NativeMethodAccessorImpl.invoke0(Native Method)
	at sun.reflect.NativeMethodAccessorImpl.invoke(NativeMethodAccessorImpl.java:62)
	at sun.reflect.DelegatingMethodAccessorImpl.invoke(DelegatingMethodAccessorImpl.java:43)
	at java.lang.reflect.Method.invoke(Method.java:498)
	at org.junit.runners.model.FrameworkMethod$1.runReflectiveCall(FrameworkMethod.java:47)
	at org.junit.internal.runners.model.ReflectiveCallable.run(ReflectiveCallable.java:12)
	at org.junit.runners.model.FrameworkMethod.invokeExplosively(FrameworkMethod.java:44)
	at org.junit.internal.runners.statements.InvokeMethod.evaluate(InvokeMethod.java:17)
	at org.junit.runners.ParentRunner.runLeaf(ParentRunner.java:271)
	at org.junit.runners.BlockJUnit4ClassRunner.runChild(BlockJUnit4ClassRunner.java:70)
	at org.junit.runners.BlockJUnit4ClassRunner.runChild(BlockJUnit4ClassRunner.java:50)
	at org.junit.runners.ParentRunner$3.run(ParentRunner.java:238)
	at org.junit.runners.ParentRunner$1.schedule(ParentRunner.java:63)
	at org.junit.runners.ParentRunner.runChildren(ParentRunner.java:236)
	at org.junit.runners.ParentRunner.access$000(ParentRunner.java:53)
	at org.junit.runners.ParentRunner$2.evaluate(ParentRunner.java:229)
	at org.junit.runners.ParentRunner.run(ParentRunner.java:309)
	at org.apache.maven.surefire.junit4.JUnit4Provider.execute(JUnit4Provider.java:365)
	at org.apache.maven.surefire.junit4.JUnit4Provider.executeWithRerun(JUnit4Provider.java:273)
	at org.apache.maven.surefire.junit4.JUnit4Provider.executeTestSet(JUnit4Provider.java:238)
	at org.apache.maven.surefire.junit4.JUnit4Provider.invoke(JUnit4Provider.java:159)
	at org.apache.maven.surefire.booter.ForkedBooter.invokeProviderInSameClassLoader(ForkedBooter.java:384)
	at org.apache.maven.surefire.booter.ForkedBooter.runSuitesInProcess(ForkedBooter.java:345)
	at org.apache.maven.surefire.booter.ForkedBooter.execute(ForkedBooter.java:126)
	at org.apache.maven.surefire.booter.ForkedBooter.main(ForkedBooter.java:418)
2019-10-15 23:18:36,585 [Thread-1597] INFO  client.GrpcClientProtocolService (GrpcClientProtocolService.java:lambda$processClientRequest$0(278)) - Failed RaftClientRequest:client-E83644F7E1B1->9a32c150-8a71-44f8-a6d2-35b751a73f8d@group-8113D68F2097, cid=67, seq=0, Watch-ALL_COMMITTED(21), Message:<EMPTY>, reply=RaftClientReply:client-E83644F7E1B1->9a32c150-8a71-44f8-a6d2-35b751a73f8d@group-8113D68F2097, cid=67, FAILED org.apache.ratis.protocol.NotReplicatedException: Request with call Id 67 and log index 21 is not yet replicated to ALL_COMMITTED, logIndex=21, commits[9a32c150-8a71-44f8-a6d2-35b751a73f8d:c2, f3358113-732e-4d1a-b7b4-0079f823154f:c2, 10266a97-a68e-492c-868a-f014903942e5:c2]
2019-10-15 23:18:37,969 [grpc-default-executor-8] WARN  server.GrpcLogAppender (LogUtils.java:warn(134)) - 9a32c150-8a71-44f8-a6d2-35b751a73f8d@group-8113D68F2097->f3358113-732e-4d1a-b7b4-0079f823154f-AppendLogResponseHandler: Failed appendEntries: org.apache.ratis.thirdparty.io.grpc.StatusRuntimeException: UNAVAILABLE: io exception
2019-10-15 23:18:37,969 [grpc-default-executor-6] WARN  server.GrpcLogAppender (LogUtils.java:warn(134)) - 9a32c150-8a71-44f8-a6d2-35b751a73f8d@group-8113D68F2097->10266a97-a68e-492c-868a-f014903942e5-AppendLogResponseHandler: Failed appendEntries: org.apache.ratis.thirdparty.io.grpc.StatusRuntimeException: UNAVAILABLE: io exception
2019-10-15 23:18:37,974 [grpc-default-executor-8] INFO  impl.FollowerInfo (FollowerInfo.java:lambda$new$0(51)) - 9a32c150-8a71-44f8-a6d2-35b751a73f8d@group-8113D68F2097->f3358113-732e-4d1a-b7b4-0079f823154f: nextIndex: updateUnconditionally 0 -> 0
2019-10-15 23:18:37,974 [grpc-default-executor-6] INFO  impl.FollowerInfo (FollowerInfo.java:lambda$new$0(51)) - 9a32c150-8a71-44f8-a6d2-35b751a73f8d@group-8113D68F2097->10266a97-a68e-492c-868a-f014903942e5: nextIndex: updateUnconditionally 0 -> 0
2019-10-15 23:18:40,466 [grpc-default-executor-1] WARN  server.GrpcLogAppender (LogUtils.java:warn(134)) - 9a32c150-8a71-44f8-a6d2-35b751a73f8d@group-8113D68F2097->f3358113-732e-4d1a-b7b4-0079f823154f-AppendLogResponseHandler: Failed appendEntries: org.apache.ratis.thirdparty.io.grpc.StatusRuntimeException: UNAVAILABLE: io exception
2019-10-15 23:18:40,466 [grpc-default-executor-4] WARN  server.GrpcLogAppender (LogUtils.java:warn(134)) - 9a32c150-8a71-44f8-a6d2-35b751a73f8d@group-8113D68F2097->10266a97-a68e-492c-868a-f014903942e5-AppendLogResponseHandler: Failed appendEntries: org.apache.ratis.thirdparty.io.grpc.StatusRuntimeException: UNAVAILABLE: io exception
2019-10-15 23:18:40,467 [grpc-default-executor-1] INFO  impl.FollowerInfo (FollowerInfo.java:lambda$new$0(51)) - 9a32c150-8a71-44f8-a6d2-35b751a73f8d@group-8113D68F2097->f3358113-732e-4d1a-b7b4-0079f823154f: nextIndex: updateUnconditionally 0 -> 0
2019-10-15 23:18:40,467 [grpc-default-executor-4] INFO  impl.FollowerInfo (FollowerInfo.java:lambda$new$0(51)) - 9a32c150-8a71-44f8-a6d2-35b751a73f8d@group-8113D68F2097->10266a97-a68e-492c-868a-f014903942e5: nextIndex: updateUnconditionally 0 -> 0
2019-10-15 23:18:42,972 [grpc-default-executor-1] WARN  server.GrpcLogAppender (LogUtils.java:warn(134)) - 9a32c150-8a71-44f8-a6d2-35b751a73f8d@group-8113D68F2097->10266a97-a68e-492c-868a-f014903942e5-AppendLogResponseHandler: Failed appendEntries: org.apache.ratis.thirdparty.io.grpc.StatusRuntimeException: UNAVAILABLE: io exception
2019-10-15 23:18:42,972 [grpc-default-executor-4] WARN  server.GrpcLogAppender (LogUtils.java:warn(134)) - 9a32c150-8a71-44f8-a6d2-35b751a73f8d@group-8113D68F2097->f3358113-732e-4d1a-b7b4-0079f823154f-AppendLogResponseHandler: Failed appendEntries: org.apache.ratis.thirdparty.io.grpc.StatusRuntimeException: UNAVAILABLE: io exception
2019-10-15 23:18:42,973 [grpc-default-executor-1] INFO  impl.FollowerInfo (FollowerInfo.java:lambda$new$0(51)) - 9a32c150-8a71-44f8-a6d2-35b751a73f8d@group-8113D68F2097->10266a97-a68e-492c-868a-f014903942e5: nextIndex: updateUnconditionally 0 -> 0
2019-10-15 23:18:42,973 [grpc-default-executor-4] INFO  impl.FollowerInfo (FollowerInfo.java:lambda$new$0(51)) - 9a32c150-8a71-44f8-a6d2-35b751a73f8d@group-8113D68F2097->f3358113-732e-4d1a-b7b4-0079f823154f: nextIndex: updateUnconditionally 0 -> 0
2019-10-15 23:18:45,475 [grpc-default-executor-6] WARN  server.GrpcLogAppender (LogUtils.java:warn(134)) - 9a32c150-8a71-44f8-a6d2-35b751a73f8d@group-8113D68F2097->f3358113-732e-4d1a-b7b4-0079f823154f-AppendLogResponseHandler: Failed appendEntries: org.apache.ratis.thirdparty.io.grpc.StatusRuntimeException: UNAVAILABLE: io exception
2019-10-15 23:18:45,475 [grpc-default-executor-4] WARN  server.GrpcLogAppender (LogUtils.java:warn(134)) - 9a32c150-8a71-44f8-a6d2-35b751a73f8d@group-8113D68F2097->10266a97-a68e-492c-868a-f014903942e5-AppendLogResponseHandler: Failed appendEntries: org.apache.ratis.thirdparty.io.grpc.StatusRuntimeException: UNAVAILABLE: io exception
2019-10-15 23:18:45,477 [grpc-default-executor-6] INFO  impl.FollowerInfo (FollowerInfo.java:lambda$new$0(51)) - 9a32c150-8a71-44f8-a6d2-35b751a73f8d@group-8113D68F2097->f3358113-732e-4d1a-b7b4-0079f823154f: nextIndex: updateUnconditionally 0 -> 0
2019-10-15 23:18:45,477 [grpc-default-executor-4] INFO  impl.FollowerInfo (FollowerInfo.java:lambda$new$0(51)) - 9a32c150-8a71-44f8-a6d2-35b751a73f8d@group-8113D68F2097->10266a97-a68e-492c-868a-f014903942e5: nextIndex: updateUnconditionally 0 -> 0
2019-10-15 23:18:46,584 [Thread-1612] INFO  client.GrpcClientProtocolService (GrpcClientProtocolService.java:lambda$processClientRequest$0(278)) - Failed RaftClientRequest:client-E83644F7E1B1->9a32c150-8a71-44f8-a6d2-35b751a73f8d@group-8113D68F2097, cid=67, seq=0, Watch-ALL_COMMITTED(21), Message:<EMPTY>, reply=RaftClientReply:client-E83644F7E1B1->9a32c150-8a71-44f8-a6d2-35b751a73f8d@group-8113D68F2097, cid=67, FAILED org.apache.ratis.protocol.NotReplicatedException: Request with call Id 67 and log index 21 is not yet replicated to ALL_COMMITTED, logIndex=21, commits[9a32c150-8a71-44f8-a6d2-35b751a73f8d:c2, f3358113-732e-4d1a-b7b4-0079f823154f:c2, 10266a97-a68e-492c-868a-f014903942e5:c2]
2019-10-15 23:18:47,584 [Thread-1615] INFO  client.GrpcClientProtocolService (GrpcClientProtocolService.java:lambda$processClientRequest$0(278)) - Failed RaftClientRequest:client-E83644F7E1B1->9a32c150-8a71-44f8-a6d2-35b751a73f8d@group-8113D68F2097, cid=68, seq=0, Watch-MAJORITY_COMMITTED(21), Message:<EMPTY>, reply=RaftClientReply:client-E83644F7E1B1->9a32c150-8a71-44f8-a6d2-35b751a73f8d@group-8113D68F2097, cid=68, FAILED org.apache.ratis.protocol.NotReplicatedException: Request with call Id 68 and log index 21 is not yet replicated to MAJORITY_COMMITTED, logIndex=21, commits[9a32c150-8a71-44f8-a6d2-35b751a73f8d:c2, f3358113-732e-4d1a-b7b4-0079f823154f:c2, 10266a97-a68e-492c-868a-f014903942e5:c2]
2019-10-15 23:18:47,979 [grpc-default-executor-4] WARN  server.GrpcLogAppender (LogUtils.java:warn(134)) - 9a32c150-8a71-44f8-a6d2-35b751a73f8d@group-8113D68F2097->f3358113-732e-4d1a-b7b4-0079f823154f-AppendLogResponseHandler: Failed appendEntries: org.apache.ratis.thirdparty.io.grpc.StatusRuntimeException: UNAVAILABLE: io exception
2019-10-15 23:18:47,979 [grpc-default-executor-1] WARN  server.GrpcLogAppender (LogUtils.java:warn(134)) - 9a32c150-8a71-44f8-a6d2-35b751a73f8d@group-8113D68F2097->10266a97-a68e-492c-868a-f014903942e5-AppendLogResponseHandler: Failed appendEntries: org.apache.ratis.thirdparty.io.grpc.StatusRuntimeException: UNAVAILABLE: io exception
2019-10-15 23:18:47,989 [grpc-default-executor-1] INFO  impl.FollowerInfo (FollowerInfo.java:lambda$new$0(51)) - 9a32c150-8a71-44f8-a6d2-35b751a73f8d@group-8113D68F2097->10266a97-a68e-492c-868a-f014903942e5: nextIndex: updateUnconditionally 0 -> 0
2019-10-15 23:18:47,989 [grpc-default-executor-4] INFO  impl.FollowerInfo (FollowerInfo.java:lambda$new$0(51)) - 9a32c150-8a71-44f8-a6d2-35b751a73f8d@group-8113D68F2097->f3358113-732e-4d1a-b7b4-0079f823154f: nextIndex: updateUnconditionally 0 -> 0
2019-10-15 23:18:50,480 [grpc-default-executor-1] WARN  server.GrpcLogAppender (LogUtils.java:warn(134)) - 9a32c150-8a71-44f8-a6d2-35b751a73f8d@group-8113D68F2097->f3358113-732e-4d1a-b7b4-0079f823154f-AppendLogResponseHandler: Failed appendEntries: org.apache.ratis.thirdparty.io.grpc.StatusRuntimeException: UNAVAILABLE: io exception
2019-10-15 23:18:50,480 [grpc-default-executor-4] WARN  server.GrpcLogAppender (LogUtils.java:warn(134)) - 9a32c150-8a71-44f8-a6d2-35b751a73f8d@group-8113D68F2097->10266a97-a68e-492c-868a-f014903942e5-AppendLogResponseHandler: Failed appendEntries: org.apache.ratis.thirdparty.io.grpc.StatusRuntimeException: UNAVAILABLE: io exception
2019-10-15 23:18:50,482 [grpc-default-executor-1] INFO  impl.FollowerInfo (FollowerInfo.java:lambda$new$0(51)) - 9a32c150-8a71-44f8-a6d2-35b751a73f8d@group-8113D68F2097->f3358113-732e-4d1a-b7b4-0079f823154f: nextIndex: updateUnconditionally 0 -> 0
2019-10-15 23:18:50,482 [grpc-default-executor-4] INFO  impl.FollowerInfo (FollowerInfo.java:lambda$new$0(51)) - 9a32c150-8a71-44f8-a6d2-35b751a73f8d@group-8113D68F2097->10266a97-a68e-492c-868a-f014903942e5: nextIndex: updateUnconditionally 0 -> 0
2019-10-15 23:18:52,984 [grpc-default-executor-4] WARN  server.GrpcLogAppender (LogUtils.java:warn(134)) - 9a32c150-8a71-44f8-a6d2-35b751a73f8d@group-8113D68F2097->f3358113-732e-4d1a-b7b4-0079f823154f-AppendLogResponseHandler: Failed appendEntries: org.apache.ratis.thirdparty.io.grpc.StatusRuntimeException: UNAVAILABLE: io exception
2019-10-15 23:18:52,984 [grpc-default-executor-1] WARN  server.GrpcLogAppender (LogUtils.java:warn(134)) - 9a32c150-8a71-44f8-a6d2-35b751a73f8d@group-8113D68F2097->10266a97-a68e-492c-868a-f014903942e5-AppendLogResponseHandler: Failed appendEntries: org.apache.ratis.thirdparty.io.grpc.StatusRuntimeException: UNAVAILABLE: io exception
2019-10-15 23:18:52,986 [grpc-default-executor-4] INFO  impl.FollowerInfo (FollowerInfo.java:lambda$new$0(51)) - 9a32c150-8a71-44f8-a6d2-35b751a73f8d@group-8113D68F2097->f3358113-732e-4d1a-b7b4-0079f823154f: nextIndex: updateUnconditionally 0 -> 0
2019-10-15 23:18:52,986 [grpc-default-executor-1] INFO  impl.FollowerInfo (FollowerInfo.java:lambda$new$0(51)) - 9a32c150-8a71-44f8-a6d2-35b751a73f8d@group-8113D68F2097->10266a97-a68e-492c-868a-f014903942e5: nextIndex: updateUnconditionally 0 -> 0
2019-10-15 23:18:55,481 [grpc-default-executor-5] WARN  server.GrpcLogAppender (LogUtils.java:warn(134)) - 9a32c150-8a71-44f8-a6d2-35b751a73f8d@group-8113D68F2097->10266a97-a68e-492c-868a-f014903942e5-AppendLogResponseHandler: Failed appendEntries: org.apache.ratis.thirdparty.io.grpc.StatusRuntimeException: UNAVAILABLE: io exception
2019-10-15 23:18:55,482 [grpc-default-executor-6] WARN  server.GrpcLogAppender (LogUtils.java:warn(134)) - 9a32c150-8a71-44f8-a6d2-35b751a73f8d@group-8113D68F2097->f3358113-732e-4d1a-b7b4-0079f823154f-AppendLogResponseHandler: Failed appendEntries: org.apache.ratis.thirdparty.io.grpc.StatusRuntimeException: UNAVAILABLE: io exception
2019-10-15 23:18:55,482 [grpc-default-executor-5] INFO  impl.FollowerInfo (FollowerInfo.java:lambda$new$0(51)) - 9a32c150-8a71-44f8-a6d2-35b751a73f8d@group-8113D68F2097->10266a97-a68e-492c-868a-f014903942e5: nextIndex: updateUnconditionally 0 -> 0
2019-10-15 23:18:55,482 [grpc-default-executor-6] INFO  impl.FollowerInfo (FollowerInfo.java:lambda$new$0(51)) - 9a32c150-8a71-44f8-a6d2-35b751a73f8d@group-8113D68F2097->f3358113-732e-4d1a-b7b4-0079f823154f: nextIndex: updateUnconditionally 0 -> 0
]]></system-out>
    <system-err><![CDATA[Oct 15, 2019 11:18:10 PM org.apache.ratis.thirdparty.io.grpc.internal.SerializingExecutor run
SEVERE: Exception while executing runnable org.apache.ratis.thirdparty.io.grpc.internal.ServerImpl$JumpToApplicationThreadServerStreamListener$1Closed@48a70c1f
org.apache.ratis.thirdparty.io.grpc.StatusRuntimeException: CANCELLED: call already cancelled
	at org.apache.ratis.thirdparty.io.grpc.Status.asRuntimeException(Status.java:517)
	at org.apache.ratis.thirdparty.io.grpc.stub.ServerCalls$ServerCallStreamObserverImpl.onCompleted(ServerCalls.java:356)
	at org.apache.ratis.grpc.server.GrpcServerProtocolService$ServerRequestStreamObserver.onError(GrpcServerProtocolService.java:121)
	at org.apache.ratis.thirdparty.io.grpc.stub.ServerCalls$StreamingServerCallHandler$StreamingServerCallListener.onCancel(ServerCalls.java:269)
	at org.apache.ratis.thirdparty.io.grpc.internal.ServerCallImpl$ServerStreamListenerImpl.closed(ServerCallImpl.java:293)
	at org.apache.ratis.thirdparty.io.grpc.internal.ServerImpl$JumpToApplicationThreadServerStreamListener$1Closed.runInContext(ServerImpl.java:741)
	at org.apache.ratis.thirdparty.io.grpc.internal.ContextRunnable.run(ContextRunnable.java:37)
	at org.apache.ratis.thirdparty.io.grpc.internal.SerializingExecutor.run(SerializingExecutor.java:123)
	at java.util.concurrent.ThreadPoolExecutor.runWorker(ThreadPoolExecutor.java:1149)
	at java.util.concurrent.ThreadPoolExecutor$Worker.run(ThreadPoolExecutor.java:624)
	at java.lang.Thread.run(Thread.java:748)

Oct 15, 2019 11:18:15 PM org.apache.ratis.thirdparty.io.grpc.internal.SerializingExecutor run
SEVERE: Exception while executing runnable org.apache.ratis.thirdparty.io.grpc.internal.ServerImpl$JumpToApplicationThreadServerStreamListener$1Closed@29678800
org.apache.ratis.thirdparty.io.grpc.StatusRuntimeException: CANCELLED: call already cancelled
	at org.apache.ratis.thirdparty.io.grpc.Status.asRuntimeException(Status.java:517)
	at org.apache.ratis.thirdparty.io.grpc.stub.ServerCalls$ServerCallStreamObserverImpl.onCompleted(ServerCalls.java:356)
	at org.apache.ratis.grpc.server.GrpcServerProtocolService$ServerRequestStreamObserver.onError(GrpcServerProtocolService.java:121)
	at org.apache.ratis.thirdparty.io.grpc.stub.ServerCalls$StreamingServerCallHandler$StreamingServerCallListener.onCancel(ServerCalls.java:269)
	at org.apache.ratis.thirdparty.io.grpc.internal.ServerCallImpl$ServerStreamListenerImpl.closed(ServerCallImpl.java:293)
	at org.apache.ratis.thirdparty.io.grpc.internal.ServerImpl$JumpToApplicationThreadServerStreamListener$1Closed.runInContext(ServerImpl.java:741)
	at org.apache.ratis.thirdparty.io.grpc.internal.ContextRunnable.run(ContextRunnable.java:37)
	at org.apache.ratis.thirdparty.io.grpc.internal.SerializingExecutor.run(SerializingExecutor.java:123)
	at java.util.concurrent.ThreadPoolExecutor.runWorker(ThreadPoolExecutor.java:1149)
	at java.util.concurrent.ThreadPoolExecutor$Worker.run(ThreadPoolExecutor.java:624)
	at java.lang.Thread.run(Thread.java:748)

]]></system-err>
  </testcase>
  <testcase name="testWatchForCommitForGroupMismatchException" classname="org.apache.hadoop.ozone.client.rpc.TestWatchForCommit" time="32.621"/>
  <testcase name="test2WayCommitForTimeoutException" classname="org.apache.hadoop.ozone.client.rpc.TestWatchForCommit" time="27.107">
    <error message="org.apache.ratis.protocol.RaftRetryFailureException: Failed RaftClientRequest:client-3E873394E8B5-&gt;d8510fed-4a1a-407a-82a8-c66d1fc8fbfe@group-5054BFC63753, cid=103, seq=2*, RW, cmdType: CloseContainer&#10;traceID: &quot;8e9dc34d74514da4:8e9dc34d74514da4:0:0&quot;&#10;containerID: 1&#10;datanodeUuid: &quot;5ed9541c-0fee-4df4-91ea-614d35c75888&quot;&#10;closeContainer {&#10;}&#10;, data.size=0 for 20 attempts with RetryLimited(maxAttempts=20, sleepTime=1000ms)" type="java.util.concurrent.ExecutionException">java.util.concurrent.ExecutionException: 
org.apache.ratis.protocol.RaftRetryFailureException: Failed RaftClientRequest:client-3E873394E8B5->d8510fed-4a1a-407a-82a8-c66d1fc8fbfe@group-5054BFC63753, cid=103, seq=2*, RW, cmdType: CloseContainer
traceID: "8e9dc34d74514da4:8e9dc34d74514da4:0:0"
containerID: 1
datanodeUuid: "5ed9541c-0fee-4df4-91ea-614d35c75888"
closeContainer {
}
, data.size=0 for 20 attempts with RetryLimited(maxAttempts=20, sleepTime=1000ms)
	at java.util.concurrent.CompletableFuture.reportGet(CompletableFuture.java:357)
	at java.util.concurrent.CompletableFuture.get(CompletableFuture.java:1895)
	at org.apache.hadoop.ozone.client.rpc.TestWatchForCommit.test2WayCommitForTimeoutException(TestWatchForCommit.java:390)
	at sun.reflect.NativeMethodAccessorImpl.invoke0(Native Method)
	at sun.reflect.NativeMethodAccessorImpl.invoke(NativeMethodAccessorImpl.java:62)
	at sun.reflect.DelegatingMethodAccessorImpl.invoke(DelegatingMethodAccessorImpl.java:43)
	at java.lang.reflect.Method.invoke(Method.java:498)
	at org.junit.runners.model.FrameworkMethod$1.runReflectiveCall(FrameworkMethod.java:47)
	at org.junit.internal.runners.model.ReflectiveCallable.run(ReflectiveCallable.java:12)
	at org.junit.runners.model.FrameworkMethod.invokeExplosively(FrameworkMethod.java:44)
	at org.junit.internal.runners.statements.InvokeMethod.evaluate(InvokeMethod.java:17)
	at org.junit.runners.ParentRunner.runLeaf(ParentRunner.java:271)
	at org.junit.runners.BlockJUnit4ClassRunner.runChild(BlockJUnit4ClassRunner.java:70)
	at org.junit.runners.BlockJUnit4ClassRunner.runChild(BlockJUnit4ClassRunner.java:50)
	at org.junit.runners.ParentRunner$3.run(ParentRunner.java:238)
	at org.junit.runners.ParentRunner$1.schedule(ParentRunner.java:63)
	at org.junit.runners.ParentRunner.runChildren(ParentRunner.java:236)
	at org.junit.runners.ParentRunner.access$000(ParentRunner.java:53)
	at org.junit.runners.ParentRunner$2.evaluate(ParentRunner.java:229)
	at org.junit.runners.ParentRunner.run(ParentRunner.java:309)
	at org.apache.maven.surefire.junit4.JUnit4Provider.execute(JUnit4Provider.java:365)
	at org.apache.maven.surefire.junit4.JUnit4Provider.executeWithRerun(JUnit4Provider.java:273)
	at org.apache.maven.surefire.junit4.JUnit4Provider.executeTestSet(JUnit4Provider.java:238)
	at org.apache.maven.surefire.junit4.JUnit4Provider.invoke(JUnit4Provider.java:159)
	at org.apache.maven.surefire.booter.ForkedBooter.invokeProviderInSameClassLoader(ForkedBooter.java:384)
	at org.apache.maven.surefire.booter.ForkedBooter.runSuitesInProcess(ForkedBooter.java:345)
	at org.apache.maven.surefire.booter.ForkedBooter.execute(ForkedBooter.java:126)
	at org.apache.maven.surefire.booter.ForkedBooter.main(ForkedBooter.java:418)
Caused by: org.apache.ratis.protocol.RaftRetryFailureException: Failed RaftClientRequest:client-3E873394E8B5->d8510fed-4a1a-407a-82a8-c66d1fc8fbfe@group-5054BFC63753, cid=103, seq=2*, RW, cmdType: CloseContainer
traceID: "8e9dc34d74514da4:8e9dc34d74514da4:0:0"
containerID: 1
datanodeUuid: "5ed9541c-0fee-4df4-91ea-614d35c75888"
closeContainer {
}
, data.size=0 for 20 attempts with RetryLimited(maxAttempts=20, sleepTime=1000ms)
	at org.apache.ratis.client.impl.RaftClientImpl.noMoreRetries(RaftClientImpl.java:271)
	at org.apache.ratis.client.impl.OrderedAsync.handleAsyncRetryFailure(OrderedAsync.java:138)
	at org.apache.ratis.client.impl.OrderedAsync.lambda$sendRequest$10(OrderedAsync.java:230)
	at java.util.concurrent.CompletableFuture.uniExceptionally(CompletableFuture.java:870)
	at java.util.concurrent.CompletableFuture$UniExceptionally.tryFire(CompletableFuture.java:852)
	at java.util.concurrent.CompletableFuture.postComplete(CompletableFuture.java:474)
	at java.util.concurrent.CompletableFuture.completeExceptionally(CompletableFuture.java:1977)
	at org.apache.ratis.grpc.client.GrpcClientProtocolClient$AsyncStreamObservers.completeReplyExceptionally(GrpcClientProtocolClient.java:345)
	at org.apache.ratis.grpc.client.GrpcClientProtocolClient$AsyncStreamObservers.access$000(GrpcClientProtocolClient.java:261)
	at org.apache.ratis.grpc.client.GrpcClientProtocolClient$AsyncStreamObservers$1.onNext(GrpcClientProtocolClient.java:273)
	at org.apache.ratis.grpc.client.GrpcClientProtocolClient$AsyncStreamObservers$1.onNext(GrpcClientProtocolClient.java:264)
	at org.apache.ratis.thirdparty.io.grpc.stub.ClientCalls$StreamObserverToCallListenerAdapter.onMessage(ClientCalls.java:421)
	at org.apache.ratis.thirdparty.io.grpc.ForwardingClientCallListener.onMessage(ForwardingClientCallListener.java:33)
	at org.apache.ratis.thirdparty.io.grpc.ForwardingClientCallListener.onMessage(ForwardingClientCallListener.java:33)
	at org.apache.ratis.thirdparty.io.grpc.internal.ClientCallImpl$ClientStreamListenerImpl$1MessagesAvailable.runInContext(ClientCallImpl.java:519)
	at org.apache.ratis.thirdparty.io.grpc.internal.ContextRunnable.run(ContextRunnable.java:37)
	at org.apache.ratis.thirdparty.io.grpc.internal.SerializingExecutor.run(SerializingExecutor.java:123)
	at java.util.concurrent.ThreadPoolExecutor.runWorker(ThreadPoolExecutor.java:1149)
	at java.util.concurrent.ThreadPoolExecutor$Worker.run(ThreadPoolExecutor.java:624)
	at java.lang.Thread.run(Thread.java:748)
Caused by: org.apache.ratis.protocol.NotLeaderException: Server d8510fed-4a1a-407a-82a8-c66d1fc8fbfe@group-5054BFC63753 is not the leader
	at org.apache.ratis.client.impl.ClientProtoUtils.toRaftClientReply(ClientProtoUtils.java:243)
	at org.apache.ratis.grpc.client.GrpcClientProtocolClient$AsyncStreamObservers$1.onNext(GrpcClientProtocolClient.java:269)
	... 10 more
</error>
    <system-out><![CDATA[2019-10-15 23:19:28,338 [main] WARN  server.ServerUtils (ServerUtils.java:getScmDbDir(145)) - ozone.scm.db.dirs is not configured. We recommend adding this setting. Falling back to ozone.metadata.dirs instead.
2019-10-15 23:19:28,363 [main] WARN  server.ServerUtils (ServerUtils.java:getScmDbDir(145)) - ozone.scm.db.dirs is not configured. We recommend adding this setting. Falling back to ozone.metadata.dirs instead.
2019-10-15 23:19:28,363 [main] WARN  server.ServerUtils (ServerUtils.java:getScmDbDir(145)) - ozone.scm.db.dirs is not configured. We recommend adding this setting. Falling back to ozone.metadata.dirs instead.
2019-10-15 23:19:28,364 [main] INFO  db.DBStoreBuilder (DBStoreBuilder.java:addTable(117)) - using custom profile for table: deletedBlocks
2019-10-15 23:19:28,364 [main] INFO  db.DBStoreBuilder (DBStoreBuilder.java:processTables(168)) - Using default column profile:DBProfile.DISK for Table:deletedBlocks
2019-10-15 23:19:28,364 [main] INFO  db.DBStoreBuilder (DBStoreBuilder.java:addTable(117)) - using custom profile for table: validCerts
2019-10-15 23:19:28,365 [main] INFO  db.DBStoreBuilder (DBStoreBuilder.java:processTables(168)) - Using default column profile:DBProfile.DISK for Table:validCerts
2019-10-15 23:19:28,365 [main] INFO  db.DBStoreBuilder (DBStoreBuilder.java:addTable(117)) - using custom profile for table: revokedCerts
2019-10-15 23:19:28,365 [main] INFO  db.DBStoreBuilder (DBStoreBuilder.java:processTables(168)) - Using default column profile:DBProfile.DISK for Table:revokedCerts
2019-10-15 23:19:28,365 [main] INFO  db.DBStoreBuilder (DBStoreBuilder.java:addTable(117)) - using custom profile for table: default
2019-10-15 23:19:28,365 [main] INFO  db.DBStoreBuilder (DBStoreBuilder.java:processTables(174)) - Using default column profile:DBProfile.DISK for Table:default
2019-10-15 23:19:28,365 [main] INFO  db.DBStoreBuilder (DBStoreBuilder.java:getDbProfile(205)) - Using default options. DBProfile.DISK
2019-10-15 23:19:28,622 [main] INFO  net.NodeSchemaLoader (NodeSchemaLoader.java:loadSchemaFromFile(125)) - Loading file from sun.misc.CompoundEnumeration@7a388990
2019-10-15 23:19:28,622 [main] INFO  net.NodeSchemaLoader (NodeSchemaLoader.java:loadSchema(171)) - Loading network topology layer schema file
2019-10-15 23:19:28,627 [main] WARN  server.ServerUtils (ServerUtils.java:sanitizeUserArgs(70)) - ozone.scm.stale.node.interval value = 300000 is larger than max = 100000 based on the key value of ozone.scm.heartbeat.thread.interval, reset to the max value 100000.
2019-10-15 23:19:28,627 [main] WARN  server.ServerUtils (ServerUtils.java:sanitizeUserArgs(70)) - ozone.scm.stale.node.interval value = 300000 is larger than max = 100000 based on the key value of ozone.scm.heartbeat.thread.interval, reset to the max value 100000.
2019-10-15 23:19:28,627 [main] INFO  node.SCMNodeManager (SCMNodeManager.java:<init>(116)) - Entering startup safe mode.
2019-10-15 23:19:28,628 [main] INFO  algorithms.ContainerPlacementPolicyFactory (ContainerPlacementPolicyFactory.java:getPolicy(57)) - Create container placement policy of type org.apache.hadoop.hdds.scm.container.placement.algorithms.SCMContainerPlacementRandom
2019-10-15 23:19:28,628 [main] WARN  server.ServerUtils (ServerUtils.java:getScmDbDir(145)) - ozone.scm.db.dirs is not configured. We recommend adding this setting. Falling back to ozone.metadata.dirs instead.
2019-10-15 23:19:28,743 [main] INFO  pipeline.SCMPipelineManager (SCMPipelineManager.java:initializePipelineState(132)) - No pipeline exists in current db
2019-10-15 23:19:28,743 [main] WARN  server.ServerUtils (ServerUtils.java:getScmDbDir(145)) - ozone.scm.db.dirs is not configured. We recommend adding this setting. Falling back to ozone.metadata.dirs instead.
2019-10-15 23:19:28,846 [main] WARN  events.EventQueue (EventQueue.java:fireEvent(183)) - No event handler registered for event TypedEvent{payloadType=SafeModeStatus, name='SafeModeStatus'}
2019-10-15 23:19:28,847 [main] INFO  ipc.CallQueueManager (CallQueueManager.java:<init>(84)) - Using callQueue: class java.util.concurrent.LinkedBlockingQueue, queueCapacity: 2000, scheduler: class org.apache.hadoop.ipc.DefaultRpcScheduler, ipcBackoff: false.
2019-10-15 23:19:28,849 [Socket Reader #1 for port 46482] INFO  ipc.Server (Server.java:run(1074)) - Starting Socket Reader #1 for port 46482
2019-10-15 23:19:28,858 [main] INFO  ipc.CallQueueManager (CallQueueManager.java:<init>(84)) - Using callQueue: class java.util.concurrent.LinkedBlockingQueue, queueCapacity: 2000, scheduler: class org.apache.hadoop.ipc.DefaultRpcScheduler, ipcBackoff: false.
2019-10-15 23:19:28,859 [Socket Reader #1 for port 39264] INFO  ipc.Server (Server.java:run(1074)) - Starting Socket Reader #1 for port 39264
2019-10-15 23:19:28,862 [main] INFO  ipc.CallQueueManager (CallQueueManager.java:<init>(84)) - Using callQueue: class java.util.concurrent.LinkedBlockingQueue, queueCapacity: 2000, scheduler: class org.apache.hadoop.ipc.DefaultRpcScheduler, ipcBackoff: false.
2019-10-15 23:19:28,863 [Socket Reader #1 for port 41554] INFO  ipc.Server (Server.java:run(1074)) - Starting Socket Reader #1 for port 41554
2019-10-15 23:19:28,867 [main] INFO  hdfs.DFSUtil (DFSUtil.java:httpServerTemplateForNNAndJN(1641)) - Starting Web-server for scm at: http://0.0.0.0:0
2019-10-15 23:19:28,870 [main] INFO  server.AuthenticationFilter (AuthenticationFilter.java:constructSecretProvider(240)) - Unable to initialize FileSignerSecretProvider, falling back to use random secrets.
2019-10-15 23:19:28,871 [main] WARN  http.HttpRequestLog (HttpRequestLog.java:getRequestLog(97)) - Jetty request log can only be enabled using Log4j
2019-10-15 23:19:28,873 [main] INFO  http.HttpServer2 (HttpServer2.java:addGlobalFilter(975)) - Added global filter 'safety' (class=org.apache.hadoop.http.HttpServer2$QuotingInputFilter)
2019-10-15 23:19:28,874 [main] INFO  http.HttpServer2 (HttpServer2.java:addFilter(948)) - Added filter static_user_filter (class=org.apache.hadoop.http.lib.StaticUserWebFilter$StaticUserFilter) to context scm
2019-10-15 23:19:28,874 [main] INFO  http.HttpServer2 (HttpServer2.java:addFilter(958)) - Added filter static_user_filter (class=org.apache.hadoop.http.lib.StaticUserWebFilter$StaticUserFilter) to context logs
2019-10-15 23:19:28,874 [main] INFO  http.HttpServer2 (HttpServer2.java:addFilter(958)) - Added filter static_user_filter (class=org.apache.hadoop.http.lib.StaticUserWebFilter$StaticUserFilter) to context static
2019-10-15 23:19:28,877 [main] INFO  server.StorageContainerManager (StorageContainerManager.java:start(772)) - StorageContainerLocationProtocol RPC server is listening at /0.0.0.0:41554
2019-10-15 23:19:28,880 [main] WARN  impl.MetricsConfig (MetricsConfig.java:loadFirst(134)) - Cannot locate configuration: tried hadoop-metrics2-storagecontainermanager.properties,hadoop-metrics2.properties
2019-10-15 23:19:28,881 [main] INFO  impl.MetricsSystemImpl (MetricsSystemImpl.java:startTimer(374)) - Scheduled Metric snapshot period at 10 second(s).
2019-10-15 23:19:28,881 [main] INFO  impl.MetricsSystemImpl (MetricsSystemImpl.java:start(191)) - StorageContainerManager metrics system started
2019-10-15 23:19:29,178 [main] WARN  impl.MetricsSystemImpl (MetricsSystemImpl.java:register(276)) - Sink prometheus already exists!
2019-10-15 23:19:29,496 [main] INFO  server.SCMClientProtocolServer (SCMClientProtocolServer.java:start(159)) - RPC server for Client  is listening at /0.0.0.0:41554
2019-10-15 23:19:29,496 [IPC Server Responder] INFO  ipc.Server (Server.java:run(1314)) - IPC Server Responder: starting
2019-10-15 23:19:29,496 [IPC Server listener on 41554] INFO  ipc.Server (Server.java:run(1153)) - IPC Server listener on 41554: starting
2019-10-15 23:19:29,502 [main] INFO  server.StorageContainerManager (StorageContainerManager.java:start(782)) - ScmBlockLocationProtocol RPC server is listening at /0.0.0.0:39264
2019-10-15 23:19:29,502 [main] INFO  server.SCMBlockProtocolServer (SCMBlockProtocolServer.java:start(146)) - RPC server for Block Protocol is listening at /0.0.0.0:39264
2019-10-15 23:19:29,503 [IPC Server Responder] INFO  ipc.Server (Server.java:run(1314)) - IPC Server Responder: starting
2019-10-15 23:19:29,503 [IPC Server listener on 39264] INFO  ipc.Server (Server.java:run(1153)) - IPC Server listener on 39264: starting
2019-10-15 23:19:29,509 [main] INFO  server.StorageContainerManager (StorageContainerManager.java:start(786)) - ScmDatanodeProtocl RPC server is listening at /0.0.0.0:46482
2019-10-15 23:19:29,510 [main] INFO  server.SCMDatanodeProtocolServer (SCMDatanodeProtocolServer.java:start(169)) - RPC server for DataNodes is listening at /0.0.0.0:46482
2019-10-15 23:19:29,510 [IPC Server Responder] INFO  ipc.Server (Server.java:run(1314)) - IPC Server Responder: starting
2019-10-15 23:19:29,510 [IPC Server listener on 46482] INFO  ipc.Server (Server.java:run(1153)) - IPC Server listener on 46482: starting
2019-10-15 23:19:29,522 [main] INFO  http.HttpServer2 (HttpServer2.java:bindListener(1191)) - Jetty bound to port 41605
2019-10-15 23:19:29,523 [main] INFO  server.Server (Server.java:doStart(351)) - jetty-9.3.25.v20180904, build timestamp: 2018-09-04T21:11:46Z, git hash: 3ce520221d0240229c862b122d2b06c12a625732
2019-10-15 23:19:29,525 [main] INFO  handler.ContextHandler (ContextHandler.java:doStart(781)) - Started o.e.j.s.ServletContextHandler@70b6db83{/logs,file:///workdir/hadoop-ozone/integration-test/target/log,AVAILABLE}
2019-10-15 23:19:29,526 [main] INFO  handler.ContextHandler (ContextHandler.java:doStart(781)) - Started o.e.j.s.ServletContextHandler@559af296{/static,file:///workdir/hadoop-ozone/integration-test/target/test-classes/webapps/static,AVAILABLE}
2019-10-15 23:19:29,533 [main] INFO  handler.ContextHandler (ContextHandler.java:doStart(781)) - Started o.e.j.w.WebAppContext@43a4a9e5{/,file:///workdir/hadoop-ozone/integration-test/target/test-classes/webapps/scm/,AVAILABLE}{/scm}
2019-10-15 23:19:29,534 [main] INFO  server.AbstractConnector (AbstractConnector.java:doStart(278)) - Started ServerConnector@764fffa0{HTTP/1.1,[http/1.1]}{0.0.0.0:41605}
2019-10-15 23:19:29,536 [main] INFO  server.Server (Server.java:doStart(419)) - Started @225115ms
2019-10-15 23:19:29,536 [main] WARN  impl.MetricsSystemImpl (MetricsSystemImpl.java:register(276)) - Sink prometheus already exists!
2019-10-15 23:19:29,537 [main] INFO  server.BaseHttpServer (BaseHttpServer.java:updateConnectorAddress(215)) - HTTP server of SCM is listening at http://0.0.0.0:41605
2019-10-15 23:19:29,538 [main] WARN  server.ServerUtils (ServerUtils.java:getDBPath(222)) - ozone.om.db.dirs is not configured. We recommend adding this setting. Falling back to ozone.metadata.dirs instead.
2019-10-15 23:19:29,538 [org.apache.hadoop.util.JvmPauseMonitor$Monitor@77524ca7] INFO  util.JvmPauseMonitor (JvmPauseMonitor.java:run(188)) - Starting JVM pause monitor
2019-10-15 23:19:29,553 [main] INFO  ha.OMHANodeDetails (OMHANodeDetails.java:loadOMHAConfig(190)) - Configuration either no ozone.om.address set. Falling back to the default OM address /127.0.0.1:0
2019-10-15 23:19:29,554 [main] INFO  ha.OMHANodeDetails (OMHANodeDetails.java:getOMNodeDetails(220)) - OM Service ID is not set. Setting it to the default ID: omServiceIdDefault
2019-10-15 23:19:29,554 [main] WARN  server.ServerUtils (ServerUtils.java:getDBPath(222)) - ozone.om.db.dirs is not configured. We recommend adding this setting. Falling back to ozone.metadata.dirs instead.
2019-10-15 23:19:29,555 [main] WARN  server.ServerUtils (ServerUtils.java:getDBPath(222)) - ozone.om.db.dirs is not configured. We recommend adding this setting. Falling back to ozone.metadata.dirs instead.
2019-10-15 23:19:29,566 [main] WARN  server.ServerUtils (ServerUtils.java:getDBPath(222)) - ozone.om.db.dirs is not configured. We recommend adding this setting. Falling back to ozone.metadata.dirs instead.
2019-10-15 23:19:29,566 [main] INFO  db.DBStoreBuilder (DBStoreBuilder.java:addTable(117)) - using custom profile for table: userTable
2019-10-15 23:19:29,567 [main] INFO  db.DBStoreBuilder (DBStoreBuilder.java:processTables(168)) - Using default column profile:DBProfile.DISK for Table:userTable
2019-10-15 23:19:29,567 [main] INFO  db.DBStoreBuilder (DBStoreBuilder.java:addTable(117)) - using custom profile for table: volumeTable
2019-10-15 23:19:29,567 [main] INFO  db.DBStoreBuilder (DBStoreBuilder.java:processTables(168)) - Using default column profile:DBProfile.DISK for Table:volumeTable
2019-10-15 23:19:29,567 [main] INFO  db.DBStoreBuilder (DBStoreBuilder.java:addTable(117)) - using custom profile for table: bucketTable
2019-10-15 23:19:29,567 [main] INFO  db.DBStoreBuilder (DBStoreBuilder.java:processTables(168)) - Using default column profile:DBProfile.DISK for Table:bucketTable
2019-10-15 23:19:29,567 [main] INFO  db.DBStoreBuilder (DBStoreBuilder.java:addTable(117)) - using custom profile for table: keyTable
2019-10-15 23:19:29,568 [main] INFO  db.DBStoreBuilder (DBStoreBuilder.java:processTables(168)) - Using default column profile:DBProfile.DISK for Table:keyTable
2019-10-15 23:19:29,568 [main] INFO  db.DBStoreBuilder (DBStoreBuilder.java:addTable(117)) - using custom profile for table: deletedTable
2019-10-15 23:19:29,568 [main] INFO  db.DBStoreBuilder (DBStoreBuilder.java:processTables(168)) - Using default column profile:DBProfile.DISK for Table:deletedTable
2019-10-15 23:19:29,568 [main] INFO  db.DBStoreBuilder (DBStoreBuilder.java:addTable(117)) - using custom profile for table: openKeyTable
2019-10-15 23:19:29,568 [main] INFO  db.DBStoreBuilder (DBStoreBuilder.java:processTables(168)) - Using default column profile:DBProfile.DISK for Table:openKeyTable
2019-10-15 23:19:29,568 [main] INFO  db.DBStoreBuilder (DBStoreBuilder.java:addTable(117)) - using custom profile for table: s3Table
2019-10-15 23:19:29,569 [main] INFO  db.DBStoreBuilder (DBStoreBuilder.java:processTables(168)) - Using default column profile:DBProfile.DISK for Table:s3Table
2019-10-15 23:19:29,569 [main] INFO  db.DBStoreBuilder (DBStoreBuilder.java:addTable(117)) - using custom profile for table: multipartInfoTable
2019-10-15 23:19:29,569 [main] INFO  db.DBStoreBuilder (DBStoreBuilder.java:processTables(168)) - Using default column profile:DBProfile.DISK for Table:multipartInfoTable
2019-10-15 23:19:29,569 [main] INFO  db.DBStoreBuilder (DBStoreBuilder.java:addTable(117)) - using custom profile for table: dTokenTable
2019-10-15 23:19:29,569 [main] INFO  db.DBStoreBuilder (DBStoreBuilder.java:processTables(168)) - Using default column profile:DBProfile.DISK for Table:dTokenTable
2019-10-15 23:19:29,570 [main] INFO  db.DBStoreBuilder (DBStoreBuilder.java:addTable(117)) - using custom profile for table: s3SecretTable
2019-10-15 23:19:29,570 [main] INFO  db.DBStoreBuilder (DBStoreBuilder.java:processTables(168)) - Using default column profile:DBProfile.DISK for Table:s3SecretTable
2019-10-15 23:19:29,570 [main] INFO  db.DBStoreBuilder (DBStoreBuilder.java:addTable(117)) - using custom profile for table: prefixTable
2019-10-15 23:19:29,570 [main] INFO  db.DBStoreBuilder (DBStoreBuilder.java:processTables(168)) - Using default column profile:DBProfile.DISK for Table:prefixTable
2019-10-15 23:19:29,570 [main] INFO  db.DBStoreBuilder (DBStoreBuilder.java:addTable(117)) - using custom profile for table: default
2019-10-15 23:19:29,570 [main] INFO  db.DBStoreBuilder (DBStoreBuilder.java:processTables(174)) - Using default column profile:DBProfile.DISK for Table:default
2019-10-15 23:19:29,571 [main] INFO  db.DBStoreBuilder (DBStoreBuilder.java:getDbProfile(205)) - Using default options. DBProfile.DISK
2019-10-15 23:19:29,983 [main] INFO  ipc.CallQueueManager (CallQueueManager.java:<init>(84)) - Using callQueue: class java.util.concurrent.LinkedBlockingQueue, queueCapacity: 2000, scheduler: class org.apache.hadoop.ipc.DefaultRpcScheduler, ipcBackoff: false.
2019-10-15 23:19:29,983 [Socket Reader #1 for port 38641] INFO  ipc.Server (Server.java:run(1074)) - Starting Socket Reader #1 for port 38641
2019-10-15 23:19:29,999 [main] INFO  om.OzoneManager (OzoneManager.java:start(1071)) - OzoneManager RPC server is listening at localhost/127.0.0.1:38641
2019-10-15 23:19:29,999 [main] INFO  impl.MetricsSystemImpl (MetricsSystemImpl.java:init(158)) - OzoneManager metrics system started (again)
2019-10-15 23:19:30,000 [IPC Server Responder] INFO  ipc.Server (Server.java:run(1314)) - IPC Server Responder: starting
2019-10-15 23:19:30,000 [IPC Server listener on 38641] INFO  ipc.Server (Server.java:run(1153)) - IPC Server listener on 38641: starting
2019-10-15 23:19:30,009 [main] INFO  hdfs.DFSUtil (DFSUtil.java:httpServerTemplateForNNAndJN(1641)) - Starting Web-server for ozoneManager at: http://0.0.0.0:0
2019-10-15 23:19:30,010 [main] INFO  server.AuthenticationFilter (AuthenticationFilter.java:constructSecretProvider(240)) - Unable to initialize FileSignerSecretProvider, falling back to use random secrets.
2019-10-15 23:19:30,010 [main] WARN  http.HttpRequestLog (HttpRequestLog.java:getRequestLog(97)) - Jetty request log can only be enabled using Log4j
2019-10-15 23:19:30,012 [main] INFO  http.HttpServer2 (HttpServer2.java:addGlobalFilter(975)) - Added global filter 'safety' (class=org.apache.hadoop.http.HttpServer2$QuotingInputFilter)
2019-10-15 23:19:30,012 [main] INFO  http.HttpServer2 (HttpServer2.java:addFilter(948)) - Added filter static_user_filter (class=org.apache.hadoop.http.lib.StaticUserWebFilter$StaticUserFilter) to context ozoneManager
2019-10-15 23:19:30,013 [main] INFO  http.HttpServer2 (HttpServer2.java:addFilter(958)) - Added filter static_user_filter (class=org.apache.hadoop.http.lib.StaticUserWebFilter$StaticUserFilter) to context logs
2019-10-15 23:19:30,013 [main] INFO  http.HttpServer2 (HttpServer2.java:addFilter(958)) - Added filter static_user_filter (class=org.apache.hadoop.http.lib.StaticUserWebFilter$StaticUserFilter) to context static
2019-10-15 23:19:30,013 [main] INFO  http.HttpServer2 (HttpServer2.java:bindListener(1191)) - Jetty bound to port 43193
2019-10-15 23:19:30,014 [main] INFO  server.Server (Server.java:doStart(351)) - jetty-9.3.25.v20180904, build timestamp: 2018-09-04T21:11:46Z, git hash: 3ce520221d0240229c862b122d2b06c12a625732
2019-10-15 23:19:30,015 [main] INFO  handler.ContextHandler (ContextHandler.java:doStart(781)) - Started o.e.j.s.ServletContextHandler@4a50c746{/logs,file:///workdir/hadoop-ozone/integration-test/target/log,AVAILABLE}
2019-10-15 23:19:30,016 [main] INFO  handler.ContextHandler (ContextHandler.java:doStart(781)) - Started o.e.j.s.ServletContextHandler@79ecc507{/static,file:///workdir/hadoop-ozone/integration-test/target/test-classes/webapps/static,AVAILABLE}
2019-10-15 23:19:30,019 [main] INFO  handler.ContextHandler (ContextHandler.java:doStart(781)) - Started o.e.j.w.WebAppContext@69796bd0{/,file:///workdir/hadoop-ozone/integration-test/target/test-classes/webapps/ozoneManager/,AVAILABLE}{/ozoneManager}
2019-10-15 23:19:30,020 [main] INFO  server.AbstractConnector (AbstractConnector.java:doStart(278)) - Started ServerConnector@40df6090{HTTP/1.1,[http/1.1]}{0.0.0.0:43193}
2019-10-15 23:19:30,021 [main] INFO  server.Server (Server.java:doStart(419)) - Started @225601ms
2019-10-15 23:19:30,022 [main] WARN  impl.MetricsSystemImpl (MetricsSystemImpl.java:register(276)) - Sink prometheus already exists!
2019-10-15 23:19:30,022 [main] INFO  server.BaseHttpServer (BaseHttpServer.java:updateConnectorAddress(215)) - HTTP server of OZONEMANAGER is listening at http://0.0.0.0:43193
2019-10-15 23:19:30,036 [main] INFO  impl.MetricsSystemImpl (MetricsSystemImpl.java:init(158)) - HddsDatanode metrics system started (again)
2019-10-15 23:19:30,054 [main] INFO  ozone.HddsDatanodeService (HddsDatanodeService.java:start(184)) - HddsDatanodeService host:pr-hdds-2221-lrjgr-1037302595 ip:192.168.157.213
2019-10-15 23:19:30,064 [main] INFO  volume.HddsVolume (HddsVolume.java:<init>(176)) - Creating Volume: /workdir/hadoop-ozone/integration-test/target/test-dir/MiniOzoneClusterImpl-98aff22c-fa5c-47da-a3ae-7692c4dcc9fe/datanode-0/data/containers/hdds of  storage type : DISK and capacity : 1482555576320
2019-10-15 23:19:30,064 [main] INFO  volume.VolumeSet (VolumeSet.java:initializeVolumeSet(170)) - Added Volume : /workdir/hadoop-ozone/integration-test/target/test-dir/MiniOzoneClusterImpl-98aff22c-fa5c-47da-a3ae-7692c4dcc9fe/datanode-0/data/containers/hdds to VolumeSet
2019-10-15 23:19:30,064 [main] INFO  volume.ThrottledAsyncChecker (ThrottledAsyncChecker.java:schedule(141)) - Scheduling a check for org.apache.hadoop.ozone.container.common.volume.HddsVolume@60b5e80d
2019-10-15 23:19:30,064 [main] INFO  volume.HddsVolumeChecker (HddsVolumeChecker.java:checkAllVolumes(204)) - Scheduled health check for volume org.apache.hadoop.ozone.container.common.volume.HddsVolume@60b5e80d
2019-10-15 23:19:30,079 [main] INFO  impl.RaftServerProxy (ConfUtils.java:logGet(43)) - raft.rpc.type = GRPC (default)
2019-10-15 23:19:30,079 [main] INFO  grpc.GrpcFactory (GrpcFactory.java:checkPooledByteBufAllocatorUseCacheForAllThreads(45)) - PERFORMANCE WARNING: useCacheForAllThreads is true that may cause Netty to create a lot garbage objects and, as a result, trigger GC.
	It is recommended to disable useCacheForAllThreads by setting -Dorg.apache.ratis.thirdparty.io.netty.allocator.useCacheForAllThreads=false in command line.
2019-10-15 23:19:30,080 [main] INFO  grpc.GrpcConfigKeys$Server (ConfUtils.java:logGet(43)) - raft.grpc.server.port = 0 (default)
2019-10-15 23:19:30,080 [main] INFO  server.GrpcService (ConfUtils.java:logGet(43)) - raft.grpc.message.size.max = 33570816 (custom)
2019-10-15 23:19:30,080 [main] INFO  server.RaftServerConfigKeys (ConfUtils.java:logGet(43)) - raft.server.log.appender.buffer.byte-limit = 33554432 (custom)
2019-10-15 23:19:30,080 [main] INFO  server.GrpcService (ConfUtils.java:logGet(43)) - raft.grpc.flow.control.window = 1MB (=1048576) (default)
2019-10-15 23:19:30,080 [main] INFO  server.RaftServerConfigKeys (ConfUtils.java:logGet(43)) - raft.server.rpc.request.timeout = 3000ms (default)
2019-10-15 23:19:30,081 [main] INFO  server.RaftServerConfigKeys (ConfUtils.java:logGet(43)) - raft.server.storage.dir = [/workdir/hadoop-ozone/integration-test/target/test-dir/MiniOzoneClusterImpl-98aff22c-fa5c-47da-a3ae-7692c4dcc9fe/datanode-0/data/ratis] (custom)
2019-10-15 23:19:30,082 [main] INFO  hdfs.DFSUtil (DFSUtil.java:httpServerTemplateForNNAndJN(1641)) - Starting Web-server for hddsDatanode at: http://0.0.0.0:0
2019-10-15 23:19:30,083 [main] INFO  server.AuthenticationFilter (AuthenticationFilter.java:constructSecretProvider(240)) - Unable to initialize FileSignerSecretProvider, falling back to use random secrets.
2019-10-15 23:19:30,084 [main] WARN  http.HttpRequestLog (HttpRequestLog.java:getRequestLog(97)) - Jetty request log can only be enabled using Log4j
2019-10-15 23:19:30,085 [main] INFO  http.HttpServer2 (HttpServer2.java:addGlobalFilter(975)) - Added global filter 'safety' (class=org.apache.hadoop.http.HttpServer2$QuotingInputFilter)
2019-10-15 23:19:30,085 [main] INFO  http.HttpServer2 (HttpServer2.java:addFilter(948)) - Added filter static_user_filter (class=org.apache.hadoop.http.lib.StaticUserWebFilter$StaticUserFilter) to context hddsDatanode
2019-10-15 23:19:30,085 [main] INFO  http.HttpServer2 (HttpServer2.java:addFilter(958)) - Added filter static_user_filter (class=org.apache.hadoop.http.lib.StaticUserWebFilter$StaticUserFilter) to context static
2019-10-15 23:19:30,085 [main] INFO  http.HttpServer2 (HttpServer2.java:addFilter(958)) - Added filter static_user_filter (class=org.apache.hadoop.http.lib.StaticUserWebFilter$StaticUserFilter) to context logs
2019-10-15 23:19:30,086 [main] INFO  http.HttpServer2 (HttpServer2.java:bindListener(1191)) - Jetty bound to port 42001
2019-10-15 23:19:30,086 [main] INFO  server.Server (Server.java:doStart(351)) - jetty-9.3.25.v20180904, build timestamp: 2018-09-04T21:11:46Z, git hash: 3ce520221d0240229c862b122d2b06c12a625732
2019-10-15 23:19:30,088 [main] INFO  handler.ContextHandler (ContextHandler.java:doStart(781)) - Started o.e.j.s.ServletContextHandler@a2b54e3{/logs,file:///workdir/hadoop-ozone/integration-test/target/log,AVAILABLE}
2019-10-15 23:19:30,088 [main] INFO  handler.ContextHandler (ContextHandler.java:doStart(781)) - Started o.e.j.s.ServletContextHandler@21f7e537{/static,jar:file:/home/user/.m2/repository/org/apache/hadoop/hadoop-hdds-container-service/0.5.0-SNAPSHOT/hadoop-hdds-container-service-0.5.0-SNAPSHOT.jar!/webapps/static,AVAILABLE}
2019-10-15 23:19:30,116 [main] INFO  handler.ContextHandler (ContextHandler.java:doStart(781)) - Started o.e.j.w.WebAppContext@355ce6a6{/,file:///tmp/jetty-0.0.0.0-42001-hddsDatanode-_-any-6501393511297223227.dir/webapp/,AVAILABLE}{/hddsDatanode}
2019-10-15 23:19:30,117 [main] INFO  server.AbstractConnector (AbstractConnector.java:doStart(278)) - Started ServerConnector@20440c6c{HTTP/1.1,[http/1.1]}{0.0.0.0:42001}
2019-10-15 23:19:30,119 [main] INFO  server.Server (Server.java:doStart(419)) - Started @225698ms
2019-10-15 23:19:30,119 [main] WARN  impl.MetricsSystemImpl (MetricsSystemImpl.java:register(276)) - Sink prometheus already exists!
2019-10-15 23:19:30,120 [main] INFO  server.BaseHttpServer (BaseHttpServer.java:updateConnectorAddress(215)) - HTTP server of HDDSDATANODE is listening at http://0.0.0.0:42001
2019-10-15 23:19:30,120 [main] INFO  impl.MetricsSystemImpl (MetricsSystemImpl.java:init(158)) - HddsDatanode metrics system started (again)
2019-10-15 23:19:30,138 [org.apache.hadoop.util.JvmPauseMonitor$Monitor@4a930d46] INFO  util.JvmPauseMonitor (JvmPauseMonitor.java:run(188)) - Starting JVM pause monitor
2019-10-15 23:19:30,139 [main] INFO  ozone.HddsDatanodeService (HddsDatanodeService.java:start(184)) - HddsDatanodeService host:pr-hdds-2221-lrjgr-1037302595 ip:192.168.157.213
2019-10-15 23:19:30,141 [Datanode State Machine Thread - 0] INFO  datanode.InitDatanodeState (InitDatanodeState.java:persistContainerDatanodeDetails(140)) - DatanodeDetails is persisted to /workdir/hadoop-ozone/integration-test/target/test-dir/MiniOzoneClusterImpl-98aff22c-fa5c-47da-a3ae-7692c4dcc9fe/datanode-0/meta/datanode.id
2019-10-15 23:19:30,147 [main] INFO  volume.HddsVolume (HddsVolume.java:<init>(176)) - Creating Volume: /workdir/hadoop-ozone/integration-test/target/test-dir/MiniOzoneClusterImpl-98aff22c-fa5c-47da-a3ae-7692c4dcc9fe/datanode-1/data/containers/hdds of  storage type : DISK and capacity : 1482555576320
2019-10-15 23:19:30,147 [main] INFO  volume.VolumeSet (VolumeSet.java:initializeVolumeSet(170)) - Added Volume : /workdir/hadoop-ozone/integration-test/target/test-dir/MiniOzoneClusterImpl-98aff22c-fa5c-47da-a3ae-7692c4dcc9fe/datanode-1/data/containers/hdds to VolumeSet
2019-10-15 23:19:30,147 [main] INFO  volume.ThrottledAsyncChecker (ThrottledAsyncChecker.java:schedule(141)) - Scheduling a check for org.apache.hadoop.ozone.container.common.volume.HddsVolume@74b00247
2019-10-15 23:19:30,148 [main] INFO  volume.HddsVolumeChecker (HddsVolumeChecker.java:checkAllVolumes(204)) - Scheduled health check for volume org.apache.hadoop.ozone.container.common.volume.HddsVolume@74b00247
2019-10-15 23:19:30,167 [main] INFO  impl.RaftServerProxy (ConfUtils.java:logGet(43)) - raft.rpc.type = GRPC (default)
2019-10-15 23:19:30,167 [main] INFO  grpc.GrpcFactory (GrpcFactory.java:checkPooledByteBufAllocatorUseCacheForAllThreads(45)) - PERFORMANCE WARNING: useCacheForAllThreads is true that may cause Netty to create a lot garbage objects and, as a result, trigger GC.
	It is recommended to disable useCacheForAllThreads by setting -Dorg.apache.ratis.thirdparty.io.netty.allocator.useCacheForAllThreads=false in command line.
2019-10-15 23:19:30,168 [main] INFO  grpc.GrpcConfigKeys$Server (ConfUtils.java:logGet(43)) - raft.grpc.server.port = 0 (default)
2019-10-15 23:19:30,168 [main] INFO  server.GrpcService (ConfUtils.java:logGet(43)) - raft.grpc.message.size.max = 33570816 (custom)
2019-10-15 23:19:30,168 [main] INFO  server.RaftServerConfigKeys (ConfUtils.java:logGet(43)) - raft.server.log.appender.buffer.byte-limit = 33554432 (custom)
2019-10-15 23:19:30,168 [main] INFO  server.GrpcService (ConfUtils.java:logGet(43)) - raft.grpc.flow.control.window = 1MB (=1048576) (default)
2019-10-15 23:19:30,168 [main] INFO  server.RaftServerConfigKeys (ConfUtils.java:logGet(43)) - raft.server.rpc.request.timeout = 3000ms (default)
2019-10-15 23:19:30,168 [main] INFO  server.RaftServerConfigKeys (ConfUtils.java:logGet(43)) - raft.server.storage.dir = [/workdir/hadoop-ozone/integration-test/target/test-dir/MiniOzoneClusterImpl-98aff22c-fa5c-47da-a3ae-7692c4dcc9fe/datanode-1/data/ratis] (custom)
2019-10-15 23:19:30,170 [main] INFO  hdfs.DFSUtil (DFSUtil.java:httpServerTemplateForNNAndJN(1641)) - Starting Web-server for hddsDatanode at: http://0.0.0.0:0
2019-10-15 23:19:30,171 [main] INFO  server.AuthenticationFilter (AuthenticationFilter.java:constructSecretProvider(240)) - Unable to initialize FileSignerSecretProvider, falling back to use random secrets.
2019-10-15 23:19:30,171 [main] WARN  http.HttpRequestLog (HttpRequestLog.java:getRequestLog(97)) - Jetty request log can only be enabled using Log4j
2019-10-15 23:19:30,172 [main] INFO  http.HttpServer2 (HttpServer2.java:addGlobalFilter(975)) - Added global filter 'safety' (class=org.apache.hadoop.http.HttpServer2$QuotingInputFilter)
2019-10-15 23:19:30,173 [main] INFO  http.HttpServer2 (HttpServer2.java:addFilter(948)) - Added filter static_user_filter (class=org.apache.hadoop.http.lib.StaticUserWebFilter$StaticUserFilter) to context hddsDatanode
2019-10-15 23:19:30,173 [main] INFO  http.HttpServer2 (HttpServer2.java:addFilter(958)) - Added filter static_user_filter (class=org.apache.hadoop.http.lib.StaticUserWebFilter$StaticUserFilter) to context static
2019-10-15 23:19:30,173 [main] INFO  http.HttpServer2 (HttpServer2.java:addFilter(958)) - Added filter static_user_filter (class=org.apache.hadoop.http.lib.StaticUserWebFilter$StaticUserFilter) to context logs
2019-10-15 23:19:30,174 [main] INFO  http.HttpServer2 (HttpServer2.java:bindListener(1191)) - Jetty bound to port 41182
2019-10-15 23:19:30,174 [main] INFO  server.Server (Server.java:doStart(351)) - jetty-9.3.25.v20180904, build timestamp: 2018-09-04T21:11:46Z, git hash: 3ce520221d0240229c862b122d2b06c12a625732
2019-10-15 23:19:30,175 [main] INFO  handler.ContextHandler (ContextHandler.java:doStart(781)) - Started o.e.j.s.ServletContextHandler@604d28c6{/logs,file:///workdir/hadoop-ozone/integration-test/target/log,AVAILABLE}
2019-10-15 23:19:30,176 [main] INFO  handler.ContextHandler (ContextHandler.java:doStart(781)) - Started o.e.j.s.ServletContextHandler@183fc2fa{/static,jar:file:/home/user/.m2/repository/org/apache/hadoop/hadoop-hdds-container-service/0.5.0-SNAPSHOT/hadoop-hdds-container-service-0.5.0-SNAPSHOT.jar!/webapps/static,AVAILABLE}
2019-10-15 23:19:30,204 [main] INFO  handler.ContextHandler (ContextHandler.java:doStart(781)) - Started o.e.j.w.WebAppContext@2416c658{/,file:///tmp/jetty-0.0.0.0-41182-hddsDatanode-_-any-4189764621313889696.dir/webapp/,AVAILABLE}{/hddsDatanode}
2019-10-15 23:19:30,204 [main] INFO  server.AbstractConnector (AbstractConnector.java:doStart(278)) - Started ServerConnector@6d5f4900{HTTP/1.1,[http/1.1]}{0.0.0.0:41182}
2019-10-15 23:19:30,207 [main] INFO  server.Server (Server.java:doStart(419)) - Started @225787ms
2019-10-15 23:19:30,207 [main] WARN  impl.MetricsSystemImpl (MetricsSystemImpl.java:register(276)) - Sink prometheus already exists!
2019-10-15 23:19:30,208 [main] INFO  server.BaseHttpServer (BaseHttpServer.java:updateConnectorAddress(215)) - HTTP server of HDDSDATANODE is listening at http://0.0.0.0:41182
2019-10-15 23:19:30,208 [main] INFO  impl.MetricsSystemImpl (MetricsSystemImpl.java:init(158)) - HddsDatanode metrics system started (again)
2019-10-15 23:19:30,226 [org.apache.hadoop.util.JvmPauseMonitor$Monitor@28cd6d88] INFO  util.JvmPauseMonitor (JvmPauseMonitor.java:run(188)) - Starting JVM pause monitor
2019-10-15 23:19:30,226 [main] INFO  ozone.HddsDatanodeService (HddsDatanodeService.java:start(184)) - HddsDatanodeService host:pr-hdds-2221-lrjgr-1037302595 ip:192.168.157.213
2019-10-15 23:19:30,227 [Datanode State Machine Thread - 0] INFO  datanode.InitDatanodeState (InitDatanodeState.java:persistContainerDatanodeDetails(140)) - DatanodeDetails is persisted to /workdir/hadoop-ozone/integration-test/target/test-dir/MiniOzoneClusterImpl-98aff22c-fa5c-47da-a3ae-7692c4dcc9fe/datanode-1/meta/datanode.id
2019-10-15 23:19:30,237 [main] INFO  volume.HddsVolume (HddsVolume.java:<init>(176)) - Creating Volume: /workdir/hadoop-ozone/integration-test/target/test-dir/MiniOzoneClusterImpl-98aff22c-fa5c-47da-a3ae-7692c4dcc9fe/datanode-2/data/containers/hdds of  storage type : DISK and capacity : 1482555576320
2019-10-15 23:19:30,237 [main] INFO  volume.VolumeSet (VolumeSet.java:initializeVolumeSet(170)) - Added Volume : /workdir/hadoop-ozone/integration-test/target/test-dir/MiniOzoneClusterImpl-98aff22c-fa5c-47da-a3ae-7692c4dcc9fe/datanode-2/data/containers/hdds to VolumeSet
2019-10-15 23:19:30,238 [main] INFO  volume.ThrottledAsyncChecker (ThrottledAsyncChecker.java:schedule(141)) - Scheduling a check for org.apache.hadoop.ozone.container.common.volume.HddsVolume@478fb7dc
2019-10-15 23:19:30,238 [main] INFO  volume.HddsVolumeChecker (HddsVolumeChecker.java:checkAllVolumes(204)) - Scheduled health check for volume org.apache.hadoop.ozone.container.common.volume.HddsVolume@478fb7dc
2019-10-15 23:19:30,254 [main] INFO  impl.RaftServerProxy (ConfUtils.java:logGet(43)) - raft.rpc.type = GRPC (default)
2019-10-15 23:19:30,254 [main] INFO  grpc.GrpcFactory (GrpcFactory.java:checkPooledByteBufAllocatorUseCacheForAllThreads(45)) - PERFORMANCE WARNING: useCacheForAllThreads is true that may cause Netty to create a lot garbage objects and, as a result, trigger GC.
	It is recommended to disable useCacheForAllThreads by setting -Dorg.apache.ratis.thirdparty.io.netty.allocator.useCacheForAllThreads=false in command line.
2019-10-15 23:19:30,254 [main] INFO  grpc.GrpcConfigKeys$Server (ConfUtils.java:logGet(43)) - raft.grpc.server.port = 0 (default)
2019-10-15 23:19:30,254 [main] INFO  server.GrpcService (ConfUtils.java:logGet(43)) - raft.grpc.message.size.max = 33570816 (custom)
2019-10-15 23:19:30,255 [main] INFO  server.RaftServerConfigKeys (ConfUtils.java:logGet(43)) - raft.server.log.appender.buffer.byte-limit = 33554432 (custom)
2019-10-15 23:19:30,255 [main] INFO  server.GrpcService (ConfUtils.java:logGet(43)) - raft.grpc.flow.control.window = 1MB (=1048576) (default)
2019-10-15 23:19:30,255 [main] INFO  server.RaftServerConfigKeys (ConfUtils.java:logGet(43)) - raft.server.rpc.request.timeout = 3000ms (default)
2019-10-15 23:19:30,255 [main] INFO  server.RaftServerConfigKeys (ConfUtils.java:logGet(43)) - raft.server.storage.dir = [/workdir/hadoop-ozone/integration-test/target/test-dir/MiniOzoneClusterImpl-98aff22c-fa5c-47da-a3ae-7692c4dcc9fe/datanode-2/data/ratis] (custom)
2019-10-15 23:19:30,257 [main] INFO  hdfs.DFSUtil (DFSUtil.java:httpServerTemplateForNNAndJN(1641)) - Starting Web-server for hddsDatanode at: http://0.0.0.0:0
2019-10-15 23:19:30,258 [main] INFO  server.AuthenticationFilter (AuthenticationFilter.java:constructSecretProvider(240)) - Unable to initialize FileSignerSecretProvider, falling back to use random secrets.
2019-10-15 23:19:30,258 [main] WARN  http.HttpRequestLog (HttpRequestLog.java:getRequestLog(97)) - Jetty request log can only be enabled using Log4j
2019-10-15 23:19:30,259 [main] INFO  http.HttpServer2 (HttpServer2.java:addGlobalFilter(975)) - Added global filter 'safety' (class=org.apache.hadoop.http.HttpServer2$QuotingInputFilter)
2019-10-15 23:19:30,260 [main] INFO  http.HttpServer2 (HttpServer2.java:addFilter(948)) - Added filter static_user_filter (class=org.apache.hadoop.http.lib.StaticUserWebFilter$StaticUserFilter) to context hddsDatanode
2019-10-15 23:19:30,260 [main] INFO  http.HttpServer2 (HttpServer2.java:addFilter(958)) - Added filter static_user_filter (class=org.apache.hadoop.http.lib.StaticUserWebFilter$StaticUserFilter) to context logs
2019-10-15 23:19:30,260 [main] INFO  http.HttpServer2 (HttpServer2.java:addFilter(958)) - Added filter static_user_filter (class=org.apache.hadoop.http.lib.StaticUserWebFilter$StaticUserFilter) to context static
2019-10-15 23:19:30,261 [main] INFO  http.HttpServer2 (HttpServer2.java:bindListener(1191)) - Jetty bound to port 45550
2019-10-15 23:19:30,261 [main] INFO  server.Server (Server.java:doStart(351)) - jetty-9.3.25.v20180904, build timestamp: 2018-09-04T21:11:46Z, git hash: 3ce520221d0240229c862b122d2b06c12a625732
2019-10-15 23:19:30,263 [main] INFO  handler.ContextHandler (ContextHandler.java:doStart(781)) - Started o.e.j.s.ServletContextHandler@5b02a984{/logs,file:///workdir/hadoop-ozone/integration-test/target/log,AVAILABLE}
2019-10-15 23:19:30,263 [main] INFO  handler.ContextHandler (ContextHandler.java:doStart(781)) - Started o.e.j.s.ServletContextHandler@391d1e33{/static,jar:file:/home/user/.m2/repository/org/apache/hadoop/hadoop-hdds-container-service/0.5.0-SNAPSHOT/hadoop-hdds-container-service-0.5.0-SNAPSHOT.jar!/webapps/static,AVAILABLE}
2019-10-15 23:19:30,292 [main] INFO  handler.ContextHandler (ContextHandler.java:doStart(781)) - Started o.e.j.w.WebAppContext@b1b471{/,file:///tmp/jetty-0.0.0.0-45550-hddsDatanode-_-any-4779578809295025082.dir/webapp/,AVAILABLE}{/hddsDatanode}
2019-10-15 23:19:30,292 [main] INFO  server.AbstractConnector (AbstractConnector.java:doStart(278)) - Started ServerConnector@526f6427{HTTP/1.1,[http/1.1]}{0.0.0.0:45550}
2019-10-15 23:19:30,295 [main] INFO  server.Server (Server.java:doStart(419)) - Started @225874ms
2019-10-15 23:19:30,295 [main] WARN  impl.MetricsSystemImpl (MetricsSystemImpl.java:register(276)) - Sink prometheus already exists!
2019-10-15 23:19:30,296 [main] INFO  server.BaseHttpServer (BaseHttpServer.java:updateConnectorAddress(215)) - HTTP server of HDDSDATANODE is listening at http://0.0.0.0:45550
2019-10-15 23:19:30,296 [main] INFO  impl.MetricsSystemImpl (MetricsSystemImpl.java:init(158)) - HddsDatanode metrics system started (again)
2019-10-15 23:19:30,314 [org.apache.hadoop.util.JvmPauseMonitor$Monitor@28071541] INFO  util.JvmPauseMonitor (JvmPauseMonitor.java:run(188)) - Starting JVM pause monitor
2019-10-15 23:19:30,315 [main] INFO  ozone.HddsDatanodeService (HddsDatanodeService.java:start(184)) - HddsDatanodeService host:pr-hdds-2221-lrjgr-1037302595 ip:192.168.157.213
2019-10-15 23:19:30,315 [Datanode State Machine Thread - 0] INFO  datanode.InitDatanodeState (InitDatanodeState.java:persistContainerDatanodeDetails(140)) - DatanodeDetails is persisted to /workdir/hadoop-ozone/integration-test/target/test-dir/MiniOzoneClusterImpl-98aff22c-fa5c-47da-a3ae-7692c4dcc9fe/datanode-2/meta/datanode.id
2019-10-15 23:19:30,324 [main] INFO  volume.HddsVolume (HddsVolume.java:<init>(176)) - Creating Volume: /workdir/hadoop-ozone/integration-test/target/test-dir/MiniOzoneClusterImpl-98aff22c-fa5c-47da-a3ae-7692c4dcc9fe/datanode-3/data/containers/hdds of  storage type : DISK and capacity : 1482555576320
2019-10-15 23:19:30,324 [main] INFO  volume.VolumeSet (VolumeSet.java:initializeVolumeSet(170)) - Added Volume : /workdir/hadoop-ozone/integration-test/target/test-dir/MiniOzoneClusterImpl-98aff22c-fa5c-47da-a3ae-7692c4dcc9fe/datanode-3/data/containers/hdds to VolumeSet
2019-10-15 23:19:30,325 [main] INFO  volume.ThrottledAsyncChecker (ThrottledAsyncChecker.java:schedule(141)) - Scheduling a check for org.apache.hadoop.ozone.container.common.volume.HddsVolume@22f02996
2019-10-15 23:19:30,325 [main] INFO  volume.HddsVolumeChecker (HddsVolumeChecker.java:checkAllVolumes(204)) - Scheduled health check for volume org.apache.hadoop.ozone.container.common.volume.HddsVolume@22f02996
2019-10-15 23:19:30,338 [main] INFO  impl.RaftServerProxy (ConfUtils.java:logGet(43)) - raft.rpc.type = GRPC (default)
2019-10-15 23:19:30,338 [main] INFO  grpc.GrpcFactory (GrpcFactory.java:checkPooledByteBufAllocatorUseCacheForAllThreads(45)) - PERFORMANCE WARNING: useCacheForAllThreads is true that may cause Netty to create a lot garbage objects and, as a result, trigger GC.
	It is recommended to disable useCacheForAllThreads by setting -Dorg.apache.ratis.thirdparty.io.netty.allocator.useCacheForAllThreads=false in command line.
2019-10-15 23:19:30,338 [main] INFO  grpc.GrpcConfigKeys$Server (ConfUtils.java:logGet(43)) - raft.grpc.server.port = 0 (default)
2019-10-15 23:19:30,338 [main] INFO  server.GrpcService (ConfUtils.java:logGet(43)) - raft.grpc.message.size.max = 33570816 (custom)
2019-10-15 23:19:30,338 [main] INFO  server.RaftServerConfigKeys (ConfUtils.java:logGet(43)) - raft.server.log.appender.buffer.byte-limit = 33554432 (custom)
2019-10-15 23:19:30,339 [main] INFO  server.GrpcService (ConfUtils.java:logGet(43)) - raft.grpc.flow.control.window = 1MB (=1048576) (default)
2019-10-15 23:19:30,339 [main] INFO  server.RaftServerConfigKeys (ConfUtils.java:logGet(43)) - raft.server.rpc.request.timeout = 3000ms (default)
2019-10-15 23:19:30,339 [main] INFO  server.RaftServerConfigKeys (ConfUtils.java:logGet(43)) - raft.server.storage.dir = [/workdir/hadoop-ozone/integration-test/target/test-dir/MiniOzoneClusterImpl-98aff22c-fa5c-47da-a3ae-7692c4dcc9fe/datanode-3/data/ratis] (custom)
2019-10-15 23:19:30,340 [main] INFO  hdfs.DFSUtil (DFSUtil.java:httpServerTemplateForNNAndJN(1641)) - Starting Web-server for hddsDatanode at: http://0.0.0.0:0
2019-10-15 23:19:30,341 [main] INFO  server.AuthenticationFilter (AuthenticationFilter.java:constructSecretProvider(240)) - Unable to initialize FileSignerSecretProvider, falling back to use random secrets.
2019-10-15 23:19:30,342 [main] WARN  http.HttpRequestLog (HttpRequestLog.java:getRequestLog(97)) - Jetty request log can only be enabled using Log4j
2019-10-15 23:19:30,343 [main] INFO  http.HttpServer2 (HttpServer2.java:addGlobalFilter(975)) - Added global filter 'safety' (class=org.apache.hadoop.http.HttpServer2$QuotingInputFilter)
2019-10-15 23:19:30,343 [main] INFO  http.HttpServer2 (HttpServer2.java:addFilter(948)) - Added filter static_user_filter (class=org.apache.hadoop.http.lib.StaticUserWebFilter$StaticUserFilter) to context hddsDatanode
2019-10-15 23:19:30,343 [main] INFO  http.HttpServer2 (HttpServer2.java:addFilter(958)) - Added filter static_user_filter (class=org.apache.hadoop.http.lib.StaticUserWebFilter$StaticUserFilter) to context static
2019-10-15 23:19:30,344 [main] INFO  http.HttpServer2 (HttpServer2.java:addFilter(958)) - Added filter static_user_filter (class=org.apache.hadoop.http.lib.StaticUserWebFilter$StaticUserFilter) to context logs
2019-10-15 23:19:30,344 [main] INFO  http.HttpServer2 (HttpServer2.java:bindListener(1191)) - Jetty bound to port 37532
2019-10-15 23:19:30,344 [main] INFO  server.Server (Server.java:doStart(351)) - jetty-9.3.25.v20180904, build timestamp: 2018-09-04T21:11:46Z, git hash: 3ce520221d0240229c862b122d2b06c12a625732
2019-10-15 23:19:30,346 [main] INFO  handler.ContextHandler (ContextHandler.java:doStart(781)) - Started o.e.j.s.ServletContextHandler@512abf25{/logs,file:///workdir/hadoop-ozone/integration-test/target/log,AVAILABLE}
2019-10-15 23:19:30,346 [main] INFO  handler.ContextHandler (ContextHandler.java:doStart(781)) - Started o.e.j.s.ServletContextHandler@6d0e45a5{/static,jar:file:/home/user/.m2/repository/org/apache/hadoop/hadoop-hdds-container-service/0.5.0-SNAPSHOT/hadoop-hdds-container-service-0.5.0-SNAPSHOT.jar!/webapps/static,AVAILABLE}
2019-10-15 23:19:30,374 [main] INFO  handler.ContextHandler (ContextHandler.java:doStart(781)) - Started o.e.j.w.WebAppContext@6a567f7b{/,file:///tmp/jetty-0.0.0.0-37532-hddsDatanode-_-any-5091171721380871487.dir/webapp/,AVAILABLE}{/hddsDatanode}
2019-10-15 23:19:30,374 [main] INFO  server.AbstractConnector (AbstractConnector.java:doStart(278)) - Started ServerConnector@28be7fec{HTTP/1.1,[http/1.1]}{0.0.0.0:37532}
2019-10-15 23:19:30,377 [main] INFO  server.Server (Server.java:doStart(419)) - Started @225956ms
2019-10-15 23:19:30,377 [main] WARN  impl.MetricsSystemImpl (MetricsSystemImpl.java:register(276)) - Sink prometheus already exists!
2019-10-15 23:19:30,378 [main] INFO  server.BaseHttpServer (BaseHttpServer.java:updateConnectorAddress(215)) - HTTP server of HDDSDATANODE is listening at http://0.0.0.0:37532
2019-10-15 23:19:30,378 [main] INFO  impl.MetricsSystemImpl (MetricsSystemImpl.java:init(158)) - HddsDatanode metrics system started (again)
2019-10-15 23:19:30,397 [org.apache.hadoop.util.JvmPauseMonitor$Monitor@5015f26f] INFO  util.JvmPauseMonitor (JvmPauseMonitor.java:run(188)) - Starting JVM pause monitor
2019-10-15 23:19:30,398 [main] INFO  ozone.HddsDatanodeService (HddsDatanodeService.java:start(184)) - HddsDatanodeService host:pr-hdds-2221-lrjgr-1037302595 ip:192.168.157.213
2019-10-15 23:19:30,398 [Datanode State Machine Thread - 0] INFO  datanode.InitDatanodeState (InitDatanodeState.java:persistContainerDatanodeDetails(140)) - DatanodeDetails is persisted to /workdir/hadoop-ozone/integration-test/target/test-dir/MiniOzoneClusterImpl-98aff22c-fa5c-47da-a3ae-7692c4dcc9fe/datanode-3/meta/datanode.id
2019-10-15 23:19:30,407 [main] INFO  volume.HddsVolume (HddsVolume.java:<init>(176)) - Creating Volume: /workdir/hadoop-ozone/integration-test/target/test-dir/MiniOzoneClusterImpl-98aff22c-fa5c-47da-a3ae-7692c4dcc9fe/datanode-4/data/containers/hdds of  storage type : DISK and capacity : 1482555576320
2019-10-15 23:19:30,407 [main] INFO  volume.VolumeSet (VolumeSet.java:initializeVolumeSet(170)) - Added Volume : /workdir/hadoop-ozone/integration-test/target/test-dir/MiniOzoneClusterImpl-98aff22c-fa5c-47da-a3ae-7692c4dcc9fe/datanode-4/data/containers/hdds to VolumeSet
2019-10-15 23:19:30,407 [main] INFO  volume.ThrottledAsyncChecker (ThrottledAsyncChecker.java:schedule(141)) - Scheduling a check for org.apache.hadoop.ozone.container.common.volume.HddsVolume@6c0b51da
2019-10-15 23:19:30,408 [main] INFO  volume.HddsVolumeChecker (HddsVolumeChecker.java:checkAllVolumes(204)) - Scheduled health check for volume org.apache.hadoop.ozone.container.common.volume.HddsVolume@6c0b51da
2019-10-15 23:19:30,424 [main] INFO  impl.RaftServerProxy (ConfUtils.java:logGet(43)) - raft.rpc.type = GRPC (default)
2019-10-15 23:19:30,424 [main] INFO  grpc.GrpcFactory (GrpcFactory.java:checkPooledByteBufAllocatorUseCacheForAllThreads(45)) - PERFORMANCE WARNING: useCacheForAllThreads is true that may cause Netty to create a lot garbage objects and, as a result, trigger GC.
	It is recommended to disable useCacheForAllThreads by setting -Dorg.apache.ratis.thirdparty.io.netty.allocator.useCacheForAllThreads=false in command line.
2019-10-15 23:19:30,424 [main] INFO  grpc.GrpcConfigKeys$Server (ConfUtils.java:logGet(43)) - raft.grpc.server.port = 0 (default)
2019-10-15 23:19:30,425 [main] INFO  server.GrpcService (ConfUtils.java:logGet(43)) - raft.grpc.message.size.max = 33570816 (custom)
2019-10-15 23:19:30,425 [main] INFO  server.RaftServerConfigKeys (ConfUtils.java:logGet(43)) - raft.server.log.appender.buffer.byte-limit = 33554432 (custom)
2019-10-15 23:19:30,425 [main] INFO  server.GrpcService (ConfUtils.java:logGet(43)) - raft.grpc.flow.control.window = 1MB (=1048576) (default)
2019-10-15 23:19:30,425 [main] INFO  server.RaftServerConfigKeys (ConfUtils.java:logGet(43)) - raft.server.rpc.request.timeout = 3000ms (default)
2019-10-15 23:19:30,425 [main] INFO  server.RaftServerConfigKeys (ConfUtils.java:logGet(43)) - raft.server.storage.dir = [/workdir/hadoop-ozone/integration-test/target/test-dir/MiniOzoneClusterImpl-98aff22c-fa5c-47da-a3ae-7692c4dcc9fe/datanode-4/data/ratis] (custom)
2019-10-15 23:19:30,427 [main] INFO  hdfs.DFSUtil (DFSUtil.java:httpServerTemplateForNNAndJN(1641)) - Starting Web-server for hddsDatanode at: http://0.0.0.0:0
2019-10-15 23:19:30,428 [main] INFO  server.AuthenticationFilter (AuthenticationFilter.java:constructSecretProvider(240)) - Unable to initialize FileSignerSecretProvider, falling back to use random secrets.
2019-10-15 23:19:30,428 [main] WARN  http.HttpRequestLog (HttpRequestLog.java:getRequestLog(97)) - Jetty request log can only be enabled using Log4j
2019-10-15 23:19:30,429 [main] INFO  http.HttpServer2 (HttpServer2.java:addGlobalFilter(975)) - Added global filter 'safety' (class=org.apache.hadoop.http.HttpServer2$QuotingInputFilter)
2019-10-15 23:19:30,430 [main] INFO  http.HttpServer2 (HttpServer2.java:addFilter(948)) - Added filter static_user_filter (class=org.apache.hadoop.http.lib.StaticUserWebFilter$StaticUserFilter) to context hddsDatanode
2019-10-15 23:19:30,430 [main] INFO  http.HttpServer2 (HttpServer2.java:addFilter(958)) - Added filter static_user_filter (class=org.apache.hadoop.http.lib.StaticUserWebFilter$StaticUserFilter) to context logs
2019-10-15 23:19:30,430 [main] INFO  http.HttpServer2 (HttpServer2.java:addFilter(958)) - Added filter static_user_filter (class=org.apache.hadoop.http.lib.StaticUserWebFilter$StaticUserFilter) to context static
2019-10-15 23:19:30,431 [main] INFO  http.HttpServer2 (HttpServer2.java:bindListener(1191)) - Jetty bound to port 33204
2019-10-15 23:19:30,431 [main] INFO  server.Server (Server.java:doStart(351)) - jetty-9.3.25.v20180904, build timestamp: 2018-09-04T21:11:46Z, git hash: 3ce520221d0240229c862b122d2b06c12a625732
2019-10-15 23:19:30,433 [main] INFO  handler.ContextHandler (ContextHandler.java:doStart(781)) - Started o.e.j.s.ServletContextHandler@2313db84{/logs,file:///workdir/hadoop-ozone/integration-test/target/log,AVAILABLE}
2019-10-15 23:19:30,433 [main] INFO  handler.ContextHandler (ContextHandler.java:doStart(781)) - Started o.e.j.s.ServletContextHandler@14b4340c{/static,jar:file:/home/user/.m2/repository/org/apache/hadoop/hadoop-hdds-container-service/0.5.0-SNAPSHOT/hadoop-hdds-container-service-0.5.0-SNAPSHOT.jar!/webapps/static,AVAILABLE}
2019-10-15 23:19:30,462 [main] INFO  handler.ContextHandler (ContextHandler.java:doStart(781)) - Started o.e.j.w.WebAppContext@723e3c17{/,file:///tmp/jetty-0.0.0.0-33204-hddsDatanode-_-any-9012149488614164840.dir/webapp/,AVAILABLE}{/hddsDatanode}
2019-10-15 23:19:30,462 [main] INFO  server.AbstractConnector (AbstractConnector.java:doStart(278)) - Started ServerConnector@4ffced4e{HTTP/1.1,[http/1.1]}{0.0.0.0:33204}
2019-10-15 23:19:30,465 [main] INFO  server.Server (Server.java:doStart(419)) - Started @226045ms
2019-10-15 23:19:30,465 [main] WARN  impl.MetricsSystemImpl (MetricsSystemImpl.java:register(276)) - Sink prometheus already exists!
2019-10-15 23:19:30,466 [main] INFO  server.BaseHttpServer (BaseHttpServer.java:updateConnectorAddress(215)) - HTTP server of HDDSDATANODE is listening at http://0.0.0.0:33204
2019-10-15 23:19:30,466 [main] INFO  impl.MetricsSystemImpl (MetricsSystemImpl.java:init(158)) - HddsDatanode metrics system started (again)
2019-10-15 23:19:30,486 [org.apache.hadoop.util.JvmPauseMonitor$Monitor@22b9fe5f] INFO  util.JvmPauseMonitor (JvmPauseMonitor.java:run(188)) - Starting JVM pause monitor
2019-10-15 23:19:30,487 [main] INFO  ozone.HddsDatanodeService (HddsDatanodeService.java:start(184)) - HddsDatanodeService host:pr-hdds-2221-lrjgr-1037302595 ip:192.168.157.213
2019-10-15 23:19:30,488 [Datanode State Machine Thread - 0] INFO  datanode.InitDatanodeState (InitDatanodeState.java:persistContainerDatanodeDetails(140)) - DatanodeDetails is persisted to /workdir/hadoop-ozone/integration-test/target/test-dir/MiniOzoneClusterImpl-98aff22c-fa5c-47da-a3ae-7692c4dcc9fe/datanode-4/meta/datanode.id
2019-10-15 23:19:30,497 [main] INFO  volume.HddsVolume (HddsVolume.java:<init>(176)) - Creating Volume: /workdir/hadoop-ozone/integration-test/target/test-dir/MiniOzoneClusterImpl-98aff22c-fa5c-47da-a3ae-7692c4dcc9fe/datanode-5/data/containers/hdds of  storage type : DISK and capacity : 1482555576320
2019-10-15 23:19:30,497 [grpc-default-executor-6] WARN  server.GrpcLogAppender (LogUtils.java:warn(134)) - 9a32c150-8a71-44f8-a6d2-35b751a73f8d@group-8113D68F2097->f3358113-732e-4d1a-b7b4-0079f823154f-AppendLogResponseHandler: Failed appendEntries: org.apache.ratis.thirdparty.io.grpc.StatusRuntimeException: UNAVAILABLE: io exception
2019-10-15 23:19:30,497 [grpc-default-executor-8] WARN  server.GrpcLogAppender (LogUtils.java:warn(134)) - 9a32c150-8a71-44f8-a6d2-35b751a73f8d@group-8113D68F2097->10266a97-a68e-492c-868a-f014903942e5-AppendLogResponseHandler: Failed appendEntries: org.apache.ratis.thirdparty.io.grpc.StatusRuntimeException: UNAVAILABLE: io exception
2019-10-15 23:19:30,497 [main] INFO  volume.VolumeSet (VolumeSet.java:initializeVolumeSet(170)) - Added Volume : /workdir/hadoop-ozone/integration-test/target/test-dir/MiniOzoneClusterImpl-98aff22c-fa5c-47da-a3ae-7692c4dcc9fe/datanode-5/data/containers/hdds to VolumeSet
2019-10-15 23:19:30,497 [grpc-default-executor-8] INFO  impl.FollowerInfo (FollowerInfo.java:lambda$new$0(51)) - 9a32c150-8a71-44f8-a6d2-35b751a73f8d@group-8113D68F2097->10266a97-a68e-492c-868a-f014903942e5: nextIndex: updateUnconditionally 0 -> 0
2019-10-15 23:19:30,497 [grpc-default-executor-6] INFO  impl.FollowerInfo (FollowerInfo.java:lambda$new$0(51)) - 9a32c150-8a71-44f8-a6d2-35b751a73f8d@group-8113D68F2097->f3358113-732e-4d1a-b7b4-0079f823154f: nextIndex: updateUnconditionally 0 -> 0
2019-10-15 23:19:30,497 [main] INFO  volume.ThrottledAsyncChecker (ThrottledAsyncChecker.java:schedule(141)) - Scheduling a check for org.apache.hadoop.ozone.container.common.volume.HddsVolume@6870cfac
2019-10-15 23:19:30,498 [main] INFO  volume.HddsVolumeChecker (HddsVolumeChecker.java:checkAllVolumes(204)) - Scheduled health check for volume org.apache.hadoop.ozone.container.common.volume.HddsVolume@6870cfac
2019-10-15 23:19:30,513 [main] INFO  impl.RaftServerProxy (ConfUtils.java:logGet(43)) - raft.rpc.type = GRPC (default)
2019-10-15 23:19:30,513 [main] INFO  grpc.GrpcFactory (GrpcFactory.java:checkPooledByteBufAllocatorUseCacheForAllThreads(45)) - PERFORMANCE WARNING: useCacheForAllThreads is true that may cause Netty to create a lot garbage objects and, as a result, trigger GC.
	It is recommended to disable useCacheForAllThreads by setting -Dorg.apache.ratis.thirdparty.io.netty.allocator.useCacheForAllThreads=false in command line.
2019-10-15 23:19:30,513 [main] INFO  grpc.GrpcConfigKeys$Server (ConfUtils.java:logGet(43)) - raft.grpc.server.port = 0 (default)
2019-10-15 23:19:30,513 [main] INFO  server.GrpcService (ConfUtils.java:logGet(43)) - raft.grpc.message.size.max = 33570816 (custom)
2019-10-15 23:19:30,513 [main] INFO  server.RaftServerConfigKeys (ConfUtils.java:logGet(43)) - raft.server.log.appender.buffer.byte-limit = 33554432 (custom)
2019-10-15 23:19:30,513 [main] INFO  server.GrpcService (ConfUtils.java:logGet(43)) - raft.grpc.flow.control.window = 1MB (=1048576) (default)
2019-10-15 23:19:30,514 [main] INFO  server.RaftServerConfigKeys (ConfUtils.java:logGet(43)) - raft.server.rpc.request.timeout = 3000ms (default)
2019-10-15 23:19:30,514 [main] INFO  server.RaftServerConfigKeys (ConfUtils.java:logGet(43)) - raft.server.storage.dir = [/workdir/hadoop-ozone/integration-test/target/test-dir/MiniOzoneClusterImpl-98aff22c-fa5c-47da-a3ae-7692c4dcc9fe/datanode-5/data/ratis] (custom)
2019-10-15 23:19:30,515 [main] INFO  hdfs.DFSUtil (DFSUtil.java:httpServerTemplateForNNAndJN(1641)) - Starting Web-server for hddsDatanode at: http://0.0.0.0:0
2019-10-15 23:19:30,516 [main] INFO  server.AuthenticationFilter (AuthenticationFilter.java:constructSecretProvider(240)) - Unable to initialize FileSignerSecretProvider, falling back to use random secrets.
2019-10-15 23:19:30,517 [main] WARN  http.HttpRequestLog (HttpRequestLog.java:getRequestLog(97)) - Jetty request log can only be enabled using Log4j
2019-10-15 23:19:30,518 [main] INFO  http.HttpServer2 (HttpServer2.java:addGlobalFilter(975)) - Added global filter 'safety' (class=org.apache.hadoop.http.HttpServer2$QuotingInputFilter)
2019-10-15 23:19:30,518 [main] INFO  http.HttpServer2 (HttpServer2.java:addFilter(948)) - Added filter static_user_filter (class=org.apache.hadoop.http.lib.StaticUserWebFilter$StaticUserFilter) to context hddsDatanode
2019-10-15 23:19:30,518 [main] INFO  http.HttpServer2 (HttpServer2.java:addFilter(958)) - Added filter static_user_filter (class=org.apache.hadoop.http.lib.StaticUserWebFilter$StaticUserFilter) to context logs
2019-10-15 23:19:30,518 [main] INFO  http.HttpServer2 (HttpServer2.java:addFilter(958)) - Added filter static_user_filter (class=org.apache.hadoop.http.lib.StaticUserWebFilter$StaticUserFilter) to context static
2019-10-15 23:19:30,519 [main] INFO  http.HttpServer2 (HttpServer2.java:bindListener(1191)) - Jetty bound to port 45097
2019-10-15 23:19:30,519 [main] INFO  server.Server (Server.java:doStart(351)) - jetty-9.3.25.v20180904, build timestamp: 2018-09-04T21:11:46Z, git hash: 3ce520221d0240229c862b122d2b06c12a625732
2019-10-15 23:19:30,521 [main] INFO  handler.ContextHandler (ContextHandler.java:doStart(781)) - Started o.e.j.s.ServletContextHandler@53314f76{/logs,file:///workdir/hadoop-ozone/integration-test/target/log,AVAILABLE}
2019-10-15 23:19:30,521 [main] INFO  handler.ContextHandler (ContextHandler.java:doStart(781)) - Started o.e.j.s.ServletContextHandler@70881123{/static,jar:file:/home/user/.m2/repository/org/apache/hadoop/hadoop-hdds-container-service/0.5.0-SNAPSHOT/hadoop-hdds-container-service-0.5.0-SNAPSHOT.jar!/webapps/static,AVAILABLE}
2019-10-15 23:19:30,552 [main] INFO  handler.ContextHandler (ContextHandler.java:doStart(781)) - Started o.e.j.w.WebAppContext@55877274{/,file:///tmp/jetty-0.0.0.0-45097-hddsDatanode-_-any-177349721197079721.dir/webapp/,AVAILABLE}{/hddsDatanode}
2019-10-15 23:19:30,552 [main] INFO  server.AbstractConnector (AbstractConnector.java:doStart(278)) - Started ServerConnector@723e2d08{HTTP/1.1,[http/1.1]}{0.0.0.0:45097}
2019-10-15 23:19:30,555 [main] INFO  server.Server (Server.java:doStart(419)) - Started @226134ms
2019-10-15 23:19:30,555 [main] WARN  impl.MetricsSystemImpl (MetricsSystemImpl.java:register(276)) - Sink prometheus already exists!
2019-10-15 23:19:30,556 [main] INFO  server.BaseHttpServer (BaseHttpServer.java:updateConnectorAddress(215)) - HTTP server of HDDSDATANODE is listening at http://0.0.0.0:45097
2019-10-15 23:19:30,556 [main] INFO  impl.MetricsSystemImpl (MetricsSystemImpl.java:init(158)) - HddsDatanode metrics system started (again)
2019-10-15 23:19:30,577 [org.apache.hadoop.util.JvmPauseMonitor$Monitor@6370405a] INFO  util.JvmPauseMonitor (JvmPauseMonitor.java:run(188)) - Starting JVM pause monitor
2019-10-15 23:19:30,577 [main] INFO  ozone.HddsDatanodeService (HddsDatanodeService.java:start(184)) - HddsDatanodeService host:pr-hdds-2221-lrjgr-1037302595 ip:192.168.157.213
2019-10-15 23:19:30,578 [Datanode State Machine Thread - 0] INFO  datanode.InitDatanodeState (InitDatanodeState.java:persistContainerDatanodeDetails(140)) - DatanodeDetails is persisted to /workdir/hadoop-ozone/integration-test/target/test-dir/MiniOzoneClusterImpl-98aff22c-fa5c-47da-a3ae-7692c4dcc9fe/datanode-5/meta/datanode.id
2019-10-15 23:19:30,587 [main] INFO  volume.HddsVolume (HddsVolume.java:<init>(176)) - Creating Volume: /workdir/hadoop-ozone/integration-test/target/test-dir/MiniOzoneClusterImpl-98aff22c-fa5c-47da-a3ae-7692c4dcc9fe/datanode-6/data/containers/hdds of  storage type : DISK and capacity : 1482555576320
2019-10-15 23:19:30,588 [main] INFO  volume.VolumeSet (VolumeSet.java:initializeVolumeSet(170)) - Added Volume : /workdir/hadoop-ozone/integration-test/target/test-dir/MiniOzoneClusterImpl-98aff22c-fa5c-47da-a3ae-7692c4dcc9fe/datanode-6/data/containers/hdds to VolumeSet
2019-10-15 23:19:30,588 [main] INFO  volume.ThrottledAsyncChecker (ThrottledAsyncChecker.java:schedule(141)) - Scheduling a check for org.apache.hadoop.ozone.container.common.volume.HddsVolume@448462f0
2019-10-15 23:19:30,588 [main] INFO  volume.HddsVolumeChecker (HddsVolumeChecker.java:checkAllVolumes(204)) - Scheduled health check for volume org.apache.hadoop.ozone.container.common.volume.HddsVolume@448462f0
2019-10-15 23:19:30,602 [main] INFO  impl.RaftServerProxy (ConfUtils.java:logGet(43)) - raft.rpc.type = GRPC (default)
2019-10-15 23:19:30,603 [main] INFO  grpc.GrpcFactory (GrpcFactory.java:checkPooledByteBufAllocatorUseCacheForAllThreads(45)) - PERFORMANCE WARNING: useCacheForAllThreads is true that may cause Netty to create a lot garbage objects and, as a result, trigger GC.
	It is recommended to disable useCacheForAllThreads by setting -Dorg.apache.ratis.thirdparty.io.netty.allocator.useCacheForAllThreads=false in command line.
2019-10-15 23:19:30,603 [main] INFO  grpc.GrpcConfigKeys$Server (ConfUtils.java:logGet(43)) - raft.grpc.server.port = 0 (default)
2019-10-15 23:19:30,603 [main] INFO  server.GrpcService (ConfUtils.java:logGet(43)) - raft.grpc.message.size.max = 33570816 (custom)
2019-10-15 23:19:30,603 [main] INFO  server.RaftServerConfigKeys (ConfUtils.java:logGet(43)) - raft.server.log.appender.buffer.byte-limit = 33554432 (custom)
2019-10-15 23:19:30,603 [main] INFO  server.GrpcService (ConfUtils.java:logGet(43)) - raft.grpc.flow.control.window = 1MB (=1048576) (default)
2019-10-15 23:19:30,603 [main] INFO  server.RaftServerConfigKeys (ConfUtils.java:logGet(43)) - raft.server.rpc.request.timeout = 3000ms (default)
2019-10-15 23:19:30,604 [main] INFO  server.RaftServerConfigKeys (ConfUtils.java:logGet(43)) - raft.server.storage.dir = [/workdir/hadoop-ozone/integration-test/target/test-dir/MiniOzoneClusterImpl-98aff22c-fa5c-47da-a3ae-7692c4dcc9fe/datanode-6/data/ratis] (custom)
2019-10-15 23:19:30,605 [main] INFO  hdfs.DFSUtil (DFSUtil.java:httpServerTemplateForNNAndJN(1641)) - Starting Web-server for hddsDatanode at: http://0.0.0.0:0
2019-10-15 23:19:30,606 [main] INFO  server.AuthenticationFilter (AuthenticationFilter.java:constructSecretProvider(240)) - Unable to initialize FileSignerSecretProvider, falling back to use random secrets.
2019-10-15 23:19:30,606 [main] WARN  http.HttpRequestLog (HttpRequestLog.java:getRequestLog(97)) - Jetty request log can only be enabled using Log4j
2019-10-15 23:19:30,607 [main] INFO  http.HttpServer2 (HttpServer2.java:addGlobalFilter(975)) - Added global filter 'safety' (class=org.apache.hadoop.http.HttpServer2$QuotingInputFilter)
2019-10-15 23:19:30,608 [main] INFO  http.HttpServer2 (HttpServer2.java:addFilter(948)) - Added filter static_user_filter (class=org.apache.hadoop.http.lib.StaticUserWebFilter$StaticUserFilter) to context hddsDatanode
2019-10-15 23:19:30,608 [main] INFO  http.HttpServer2 (HttpServer2.java:addFilter(958)) - Added filter static_user_filter (class=org.apache.hadoop.http.lib.StaticUserWebFilter$StaticUserFilter) to context static
2019-10-15 23:19:30,608 [main] INFO  http.HttpServer2 (HttpServer2.java:addFilter(958)) - Added filter static_user_filter (class=org.apache.hadoop.http.lib.StaticUserWebFilter$StaticUserFilter) to context logs
2019-10-15 23:19:30,609 [main] INFO  http.HttpServer2 (HttpServer2.java:bindListener(1191)) - Jetty bound to port 34556
2019-10-15 23:19:30,609 [main] INFO  server.Server (Server.java:doStart(351)) - jetty-9.3.25.v20180904, build timestamp: 2018-09-04T21:11:46Z, git hash: 3ce520221d0240229c862b122d2b06c12a625732
2019-10-15 23:19:30,610 [main] INFO  handler.ContextHandler (ContextHandler.java:doStart(781)) - Started o.e.j.s.ServletContextHandler@544e3679{/logs,file:///workdir/hadoop-ozone/integration-test/target/log,AVAILABLE}
2019-10-15 23:19:30,611 [main] INFO  handler.ContextHandler (ContextHandler.java:doStart(781)) - Started o.e.j.s.ServletContextHandler@231b35fb{/static,jar:file:/home/user/.m2/repository/org/apache/hadoop/hadoop-hdds-container-service/0.5.0-SNAPSHOT/hadoop-hdds-container-service-0.5.0-SNAPSHOT.jar!/webapps/static,AVAILABLE}
2019-10-15 23:19:30,639 [main] INFO  handler.ContextHandler (ContextHandler.java:doStart(781)) - Started o.e.j.w.WebAppContext@43c7fe8a{/,file:///tmp/jetty-0.0.0.0-34556-hddsDatanode-_-any-5551163702649349437.dir/webapp/,AVAILABLE}{/hddsDatanode}
2019-10-15 23:19:30,639 [main] INFO  server.AbstractConnector (AbstractConnector.java:doStart(278)) - Started ServerConnector@67f946c3{HTTP/1.1,[http/1.1]}{0.0.0.0:34556}
2019-10-15 23:19:30,642 [main] INFO  server.Server (Server.java:doStart(419)) - Started @226222ms
2019-10-15 23:19:30,642 [main] WARN  impl.MetricsSystemImpl (MetricsSystemImpl.java:register(276)) - Sink prometheus already exists!
2019-10-15 23:19:30,643 [main] INFO  server.BaseHttpServer (BaseHttpServer.java:updateConnectorAddress(215)) - HTTP server of HDDSDATANODE is listening at http://0.0.0.0:34556
2019-10-15 23:19:30,643 [main] INFO  ozone.MiniOzoneClusterImpl (MiniOzoneClusterImpl.java:lambda$waitForClusterToBeReady$0(147)) - Waiting for cluster to be ready. Got 0 of 7 DN Heartbeats.
2019-10-15 23:19:30,645 [org.apache.hadoop.util.JvmPauseMonitor$Monitor@77bb5a5a] INFO  util.JvmPauseMonitor (JvmPauseMonitor.java:run(188)) - Starting JVM pause monitor
2019-10-15 23:19:30,646 [Datanode State Machine Thread - 0] INFO  datanode.InitDatanodeState (InitDatanodeState.java:persistContainerDatanodeDetails(140)) - DatanodeDetails is persisted to /workdir/hadoop-ozone/integration-test/target/test-dir/MiniOzoneClusterImpl-98aff22c-fa5c-47da-a3ae-7692c4dcc9fe/datanode-6/meta/datanode.id
2019-10-15 23:19:31,644 [main] INFO  ozone.MiniOzoneClusterImpl (MiniOzoneClusterImpl.java:lambda$waitForClusterToBeReady$0(147)) - Waiting for cluster to be ready. Got 0 of 7 DN Heartbeats.
2019-10-15 23:19:32,217 [Datanode State Machine Thread - 0] INFO  ozoneimpl.OzoneContainer (OzoneContainer.java:start(213)) - Attempting to start container services.
2019-10-15 23:19:32,218 [Datanode State Machine Thread - 0] INFO  ozoneimpl.OzoneContainer (OzoneContainer.java:startContainerScrub(177)) - Background container scanner has been disabled.
2019-10-15 23:19:32,218 [Datanode State Machine Thread - 0] INFO  ratis.XceiverServerRatis (XceiverServerRatis.java:start(418)) - Starting XceiverServerRatis 5ed9541c-0fee-4df4-91ea-614d35c75888 at port 0
2019-10-15 23:19:32,225 [Datanode State Machine Thread - 0] INFO  impl.RaftServerProxy (RaftServerProxy.java:lambda$start$3(299)) - 5ed9541c-0fee-4df4-91ea-614d35c75888: start RPC server
2019-10-15 23:19:32,229 [Datanode State Machine Thread - 0] INFO  server.GrpcService (GrpcService.java:startImpl(158)) - 5ed9541c-0fee-4df4-91ea-614d35c75888: GrpcService started, listening on 0.0.0.0/0.0.0.0:32920
2019-10-15 23:19:32,229 [Datanode State Machine Thread - 0] INFO  ratis.XceiverServerRatis (XceiverServerRatis.java:start(428)) - XceiverServerRatis 5ed9541c-0fee-4df4-91ea-614d35c75888 is started using port 32920
2019-10-15 23:19:32,234 [Datanode State Machine Thread - 0] INFO  server.XceiverServerGrpc (XceiverServerGrpc.java:start(149)) - XceiverServerGrpc 5ed9541c-0fee-4df4-91ea-614d35c75888 is started using port 45236
2019-10-15 23:19:32,247 [Datanode State Machine Thread - 0] INFO  ozoneimpl.OzoneContainer (OzoneContainer.java:start(213)) - Attempting to start container services.
2019-10-15 23:19:32,247 [Datanode State Machine Thread - 0] INFO  ozoneimpl.OzoneContainer (OzoneContainer.java:startContainerScrub(177)) - Background container scanner has been disabled.
2019-10-15 23:19:32,248 [Datanode State Machine Thread - 0] INFO  ratis.XceiverServerRatis (XceiverServerRatis.java:start(418)) - Starting XceiverServerRatis d8510fed-4a1a-407a-82a8-c66d1fc8fbfe at port 0
2019-10-15 23:19:32,254 [Datanode State Machine Thread - 0] INFO  impl.RaftServerProxy (RaftServerProxy.java:lambda$start$3(299)) - d8510fed-4a1a-407a-82a8-c66d1fc8fbfe: start RPC server
2019-10-15 23:19:32,265 [Datanode State Machine Thread - 0] INFO  server.GrpcService (GrpcService.java:startImpl(158)) - d8510fed-4a1a-407a-82a8-c66d1fc8fbfe: GrpcService started, listening on 0.0.0.0/0.0.0.0:35892
2019-10-15 23:19:32,265 [Datanode State Machine Thread - 0] INFO  ratis.XceiverServerRatis (XceiverServerRatis.java:start(428)) - XceiverServerRatis d8510fed-4a1a-407a-82a8-c66d1fc8fbfe is started using port 35892
2019-10-15 23:19:32,267 [Datanode State Machine Thread - 0] INFO  server.XceiverServerGrpc (XceiverServerGrpc.java:start(149)) - XceiverServerGrpc d8510fed-4a1a-407a-82a8-c66d1fc8fbfe is started using port 37259
2019-10-15 23:19:32,327 [Datanode State Machine Thread - 0] INFO  ozoneimpl.OzoneContainer (OzoneContainer.java:start(213)) - Attempting to start container services.
2019-10-15 23:19:32,328 [Datanode State Machine Thread - 0] INFO  ozoneimpl.OzoneContainer (OzoneContainer.java:startContainerScrub(177)) - Background container scanner has been disabled.
2019-10-15 23:19:32,328 [Datanode State Machine Thread - 0] INFO  ratis.XceiverServerRatis (XceiverServerRatis.java:start(418)) - Starting XceiverServerRatis 38dbd1c3-faa5-48e6-bcd1-f1510de0773c at port 0
2019-10-15 23:19:32,335 [Datanode State Machine Thread - 0] INFO  impl.RaftServerProxy (RaftServerProxy.java:lambda$start$3(299)) - 38dbd1c3-faa5-48e6-bcd1-f1510de0773c: start RPC server
2019-10-15 23:19:32,336 [Datanode State Machine Thread - 0] INFO  server.GrpcService (GrpcService.java:startImpl(158)) - 38dbd1c3-faa5-48e6-bcd1-f1510de0773c: GrpcService started, listening on 0.0.0.0/0.0.0.0:43664
2019-10-15 23:19:32,336 [Datanode State Machine Thread - 0] INFO  ratis.XceiverServerRatis (XceiverServerRatis.java:start(428)) - XceiverServerRatis 38dbd1c3-faa5-48e6-bcd1-f1510de0773c is started using port 43664
2019-10-15 23:19:32,336 [Datanode State Machine Thread - 0] INFO  server.XceiverServerGrpc (XceiverServerGrpc.java:start(149)) - XceiverServerGrpc 38dbd1c3-faa5-48e6-bcd1-f1510de0773c is started using port 38714
2019-10-15 23:19:32,410 [Datanode State Machine Thread - 0] INFO  ozoneimpl.OzoneContainer (OzoneContainer.java:start(213)) - Attempting to start container services.
2019-10-15 23:19:32,410 [Datanode State Machine Thread - 0] INFO  ozoneimpl.OzoneContainer (OzoneContainer.java:startContainerScrub(177)) - Background container scanner has been disabled.
2019-10-15 23:19:32,410 [Datanode State Machine Thread - 0] INFO  ratis.XceiverServerRatis (XceiverServerRatis.java:start(418)) - Starting XceiverServerRatis b977082d-6667-4eed-949e-a30759adbdfa at port 0
2019-10-15 23:19:32,418 [Datanode State Machine Thread - 0] INFO  impl.RaftServerProxy (RaftServerProxy.java:lambda$start$3(299)) - b977082d-6667-4eed-949e-a30759adbdfa: start RPC server
2019-10-15 23:19:32,419 [Datanode State Machine Thread - 0] INFO  server.GrpcService (GrpcService.java:startImpl(158)) - b977082d-6667-4eed-949e-a30759adbdfa: GrpcService started, listening on 0.0.0.0/0.0.0.0:40604
2019-10-15 23:19:32,419 [Datanode State Machine Thread - 0] INFO  ratis.XceiverServerRatis (XceiverServerRatis.java:start(428)) - XceiverServerRatis b977082d-6667-4eed-949e-a30759adbdfa is started using port 40604
2019-10-15 23:19:32,419 [Datanode State Machine Thread - 0] INFO  server.XceiverServerGrpc (XceiverServerGrpc.java:start(149)) - XceiverServerGrpc b977082d-6667-4eed-949e-a30759adbdfa is started using port 43430
2019-10-15 23:19:32,508 [Datanode State Machine Thread - 0] INFO  ozoneimpl.OzoneContainer (OzoneContainer.java:start(213)) - Attempting to start container services.
2019-10-15 23:19:32,509 [Datanode State Machine Thread - 0] INFO  ozoneimpl.OzoneContainer (OzoneContainer.java:startContainerScrub(177)) - Background container scanner has been disabled.
2019-10-15 23:19:32,509 [Datanode State Machine Thread - 0] INFO  ratis.XceiverServerRatis (XceiverServerRatis.java:start(418)) - Starting XceiverServerRatis afe183b3-c05a-4707-85f4-a543e0790e75 at port 0
2019-10-15 23:19:32,518 [Datanode State Machine Thread - 0] INFO  impl.RaftServerProxy (RaftServerProxy.java:lambda$start$3(299)) - afe183b3-c05a-4707-85f4-a543e0790e75: start RPC server
2019-10-15 23:19:32,518 [Datanode State Machine Thread - 0] INFO  server.GrpcService (GrpcService.java:startImpl(158)) - afe183b3-c05a-4707-85f4-a543e0790e75: GrpcService started, listening on 0.0.0.0/0.0.0.0:35356
2019-10-15 23:19:32,518 [Datanode State Machine Thread - 0] INFO  ratis.XceiverServerRatis (XceiverServerRatis.java:start(428)) - XceiverServerRatis afe183b3-c05a-4707-85f4-a543e0790e75 is started using port 35356
2019-10-15 23:19:32,519 [Datanode State Machine Thread - 0] INFO  server.XceiverServerGrpc (XceiverServerGrpc.java:start(149)) - XceiverServerGrpc afe183b3-c05a-4707-85f4-a543e0790e75 is started using port 41897
2019-10-15 23:19:32,590 [Datanode State Machine Thread - 0] INFO  ozoneimpl.OzoneContainer (OzoneContainer.java:start(213)) - Attempting to start container services.
2019-10-15 23:19:32,590 [Datanode State Machine Thread - 0] INFO  ozoneimpl.OzoneContainer (OzoneContainer.java:startContainerScrub(177)) - Background container scanner has been disabled.
2019-10-15 23:19:32,590 [Datanode State Machine Thread - 0] INFO  ratis.XceiverServerRatis (XceiverServerRatis.java:start(418)) - Starting XceiverServerRatis b939edb1-32ad-4b86-9bef-59d37877c49c at port 0
2019-10-15 23:19:32,597 [Datanode State Machine Thread - 0] INFO  impl.RaftServerProxy (RaftServerProxy.java:lambda$start$3(299)) - b939edb1-32ad-4b86-9bef-59d37877c49c: start RPC server
2019-10-15 23:19:32,598 [Datanode State Machine Thread - 0] INFO  server.GrpcService (GrpcService.java:startImpl(158)) - b939edb1-32ad-4b86-9bef-59d37877c49c: GrpcService started, listening on 0.0.0.0/0.0.0.0:44075
2019-10-15 23:19:32,598 [Datanode State Machine Thread - 0] INFO  ratis.XceiverServerRatis (XceiverServerRatis.java:start(428)) - XceiverServerRatis b939edb1-32ad-4b86-9bef-59d37877c49c is started using port 44075
2019-10-15 23:19:32,598 [Datanode State Machine Thread - 0] INFO  server.XceiverServerGrpc (XceiverServerGrpc.java:start(149)) - XceiverServerGrpc b939edb1-32ad-4b86-9bef-59d37877c49c is started using port 36389
2019-10-15 23:19:32,644 [main] INFO  ozone.MiniOzoneClusterImpl (MiniOzoneClusterImpl.java:lambda$waitForClusterToBeReady$0(147)) - Waiting for cluster to be ready. Got 0 of 7 DN Heartbeats.
2019-10-15 23:19:32,658 [Datanode State Machine Thread - 0] INFO  ozoneimpl.OzoneContainer (OzoneContainer.java:start(213)) - Attempting to start container services.
2019-10-15 23:19:32,658 [Datanode State Machine Thread - 0] INFO  ozoneimpl.OzoneContainer (OzoneContainer.java:startContainerScrub(177)) - Background container scanner has been disabled.
2019-10-15 23:19:32,658 [Datanode State Machine Thread - 0] INFO  ratis.XceiverServerRatis (XceiverServerRatis.java:start(418)) - Starting XceiverServerRatis a9831cc1-a5ad-4ab6-a034-157bce7b7a69 at port 0
2019-10-15 23:19:32,665 [Datanode State Machine Thread - 0] INFO  impl.RaftServerProxy (RaftServerProxy.java:lambda$start$3(299)) - a9831cc1-a5ad-4ab6-a034-157bce7b7a69: start RPC server
2019-10-15 23:19:32,671 [Datanode State Machine Thread - 0] INFO  server.GrpcService (GrpcService.java:startImpl(158)) - a9831cc1-a5ad-4ab6-a034-157bce7b7a69: GrpcService started, listening on 0.0.0.0/0.0.0.0:33049
2019-10-15 23:19:32,671 [Datanode State Machine Thread - 0] INFO  ratis.XceiverServerRatis (XceiverServerRatis.java:start(428)) - XceiverServerRatis a9831cc1-a5ad-4ab6-a034-157bce7b7a69 is started using port 33049
2019-10-15 23:19:32,672 [Datanode State Machine Thread - 0] INFO  server.XceiverServerGrpc (XceiverServerGrpc.java:start(149)) - XceiverServerGrpc a9831cc1-a5ad-4ab6-a034-157bce7b7a69 is started using port 35891
2019-10-15 23:19:32,996 [grpc-default-executor-8] WARN  server.GrpcLogAppender (LogUtils.java:warn(134)) - 9a32c150-8a71-44f8-a6d2-35b751a73f8d@group-8113D68F2097->10266a97-a68e-492c-868a-f014903942e5-AppendLogResponseHandler: Failed appendEntries: org.apache.ratis.thirdparty.io.grpc.StatusRuntimeException: UNAVAILABLE: io exception
2019-10-15 23:19:32,996 [grpc-default-executor-6] WARN  server.GrpcLogAppender (LogUtils.java:warn(134)) - 9a32c150-8a71-44f8-a6d2-35b751a73f8d@group-8113D68F2097->f3358113-732e-4d1a-b7b4-0079f823154f-AppendLogResponseHandler: Failed appendEntries: org.apache.ratis.thirdparty.io.grpc.StatusRuntimeException: UNAVAILABLE: io exception
2019-10-15 23:19:32,997 [grpc-default-executor-8] INFO  impl.FollowerInfo (FollowerInfo.java:lambda$new$0(51)) - 9a32c150-8a71-44f8-a6d2-35b751a73f8d@group-8113D68F2097->10266a97-a68e-492c-868a-f014903942e5: nextIndex: updateUnconditionally 0 -> 0
2019-10-15 23:19:32,997 [grpc-default-executor-6] INFO  impl.FollowerInfo (FollowerInfo.java:lambda$new$0(51)) - 9a32c150-8a71-44f8-a6d2-35b751a73f8d@group-8113D68F2097->f3358113-732e-4d1a-b7b4-0079f823154f: nextIndex: updateUnconditionally 0 -> 0
2019-10-15 23:19:33,585 [Thread-2316] INFO  client.GrpcClientProtocolService (GrpcClientProtocolService.java:lambda$processClientRequest$0(278)) - Failed RaftClientRequest:client-E83644F7E1B1->9a32c150-8a71-44f8-a6d2-35b751a73f8d@group-8113D68F2097, cid=67, seq=0, Watch-ALL_COMMITTED(21), Message:<EMPTY>, reply=RaftClientReply:client-E83644F7E1B1->9a32c150-8a71-44f8-a6d2-35b751a73f8d@group-8113D68F2097, cid=67, FAILED org.apache.ratis.protocol.NotReplicatedException: Request with call Id 67 and log index 21 is not yet replicated to ALL_COMMITTED, logIndex=21, commits[9a32c150-8a71-44f8-a6d2-35b751a73f8d:c2, f3358113-732e-4d1a-b7b4-0079f823154f:c2, 10266a97-a68e-492c-868a-f014903942e5:c2]
2019-10-15 23:19:33,585 [Thread-2315] INFO  client.GrpcClientProtocolService (GrpcClientProtocolService.java:lambda$processClientRequest$0(278)) - Failed RaftClientRequest:client-E83644F7E1B1->9a32c150-8a71-44f8-a6d2-35b751a73f8d@group-8113D68F2097, cid=68, seq=0, Watch-MAJORITY_COMMITTED(21), Message:<EMPTY>, reply=RaftClientReply:client-E83644F7E1B1->9a32c150-8a71-44f8-a6d2-35b751a73f8d@group-8113D68F2097, cid=68, FAILED org.apache.ratis.protocol.NotReplicatedException: Request with call Id 68 and log index 21 is not yet replicated to MAJORITY_COMMITTED, logIndex=21, commits[9a32c150-8a71-44f8-a6d2-35b751a73f8d:c2, f3358113-732e-4d1a-b7b4-0079f823154f:c2, 10266a97-a68e-492c-868a-f014903942e5:c2]
2019-10-15 23:19:33,644 [main] INFO  ozone.MiniOzoneClusterImpl (MiniOzoneClusterImpl.java:lambda$waitForClusterToBeReady$0(147)) - Waiting for cluster to be ready. Got 0 of 7 DN Heartbeats.
2019-10-15 23:19:34,146 [IPC Server handler 3 on 46482] INFO  net.NetworkTopology (NetworkTopologyImpl.java:add(111)) - Added a new node: /default-rack/5ed9541c-0fee-4df4-91ea-614d35c75888
2019-10-15 23:19:34,150 [IPC Server handler 3 on 46482] INFO  node.SCMNodeManager (SCMNodeManager.java:register(268)) - Registered Data node : 5ed9541c-0fee-4df4-91ea-614d35c75888{ip: 192.168.157.213, host: pr-hdds-2221-lrjgr-1037302595, networkLocation: /default-rack, certSerialId: null}
2019-10-15 23:19:34,151 [EventQueue-NodeRegistrationContainerReportForDataNodeSafeModeRule] INFO  safemode.SCMSafeModeManager (DataNodeSafeModeRule.java:process(71)) - SCM in safe mode. 1 DataNodes registered, 1 required.
2019-10-15 23:19:34,154 [EventQueue-NodeRegistrationContainerReportForDataNodeSafeModeRule] INFO  safemode.SCMSafeModeManager (SCMSafeModeManager.java:validateSafeModeExitRules(177)) - ScmSafeModeManager, all rules are successfully validated
2019-10-15 23:19:34,154 [EventQueue-NodeRegistrationContainerReportForDataNodeSafeModeRule] INFO  safemode.SCMSafeModeManager (SCMSafeModeManager.java:exitSafeMode(193)) - SCM exiting safe mode.
2019-10-15 23:19:34,166 [grpc-default-executor-6] INFO  impl.RaftServerProxy (RaftServerProxy.java:addNew(89)) - 5ed9541c-0fee-4df4-91ea-614d35c75888: addNew group-116158424830:[5ed9541c-0fee-4df4-91ea-614d35c75888:192.168.157.213:32920] returns group-116158424830:java.util.concurrent.CompletableFuture@307d6dfc[Not completed]
2019-10-15 23:19:34,170 [pool-383-thread-1] INFO  impl.RaftServerImpl (RaftServerImpl.java:<init>(95)) - 5ed9541c-0fee-4df4-91ea-614d35c75888: new RaftServerImpl for group-116158424830:[5ed9541c-0fee-4df4-91ea-614d35c75888:192.168.157.213:32920] with ContainerStateMachine:uninitialized
2019-10-15 23:19:34,170 [pool-383-thread-1] INFO  server.RaftServerConfigKeys (ConfUtils.java:logGet(43)) - raft.server.rpc.timeout.min = 5s (custom)
2019-10-15 23:19:34,170 [pool-383-thread-1] INFO  server.RaftServerConfigKeys (ConfUtils.java:logGet(43)) - raft.server.rpc.timeout.max = 5200ms (custom)
2019-10-15 23:19:34,170 [pool-383-thread-1] INFO  server.RaftServerConfigKeys (ConfUtils.java:logGet(43)) - raft.server.rpcslowness.timeout = 120s (custom)
2019-10-15 23:19:34,171 [pool-383-thread-1] INFO  server.RaftServerConfigKeys (ConfUtils.java:logGet(43)) - raft.server.sleep.deviation.threshold = 300 (default)
2019-10-15 23:19:34,171 [pool-383-thread-1] INFO  server.RaftServerConfigKeys (ConfUtils.java:logGet(43)) - raft.server.log.appender.install.snapshot.enabled = false (custom)
2019-10-15 23:19:34,171 [pool-383-thread-1] INFO  impl.RaftServerImpl (ServerState.java:<init>(103)) - 5ed9541c-0fee-4df4-91ea-614d35c75888@group-116158424830: ConfigurationManager, init=-1: [5ed9541c-0fee-4df4-91ea-614d35c75888:192.168.157.213:32920], old=null, confs=<EMPTY_MAP>
2019-10-15 23:19:34,171 [pool-383-thread-1] INFO  server.RaftServerConfigKeys (ConfUtils.java:logGet(43)) - raft.server.storage.dir = [/workdir/hadoop-ozone/integration-test/target/test-dir/MiniOzoneClusterImpl-98aff22c-fa5c-47da-a3ae-7692c4dcc9fe/datanode-0/data/ratis] (custom)
2019-10-15 23:19:34,172 [pool-383-thread-1] INFO  server.RaftServerConfigKeys (ConfUtils.java:logGet(43)) - raft.server.log.corruption.policy = EXCEPTION (default)
2019-10-15 23:19:34,172 [pool-383-thread-1] INFO  storage.RaftStorageDirectory (RaftStorageDirectory.java:analyzeStorage(246)) - The storage directory /workdir/hadoop-ozone/integration-test/target/test-dir/MiniOzoneClusterImpl-98aff22c-fa5c-47da-a3ae-7692c4dcc9fe/datanode-0/data/ratis/800ad26e-f25f-4c2a-95ad-116158424830 does not exist. Creating ...
2019-10-15 23:19:34,185 [pool-383-thread-1] INFO  storage.RaftStorageDirectory (RaftStorageDirectory.java:tryLock(328)) - Lock on /workdir/hadoop-ozone/integration-test/target/test-dir/MiniOzoneClusterImpl-98aff22c-fa5c-47da-a3ae-7692c4dcc9fe/datanode-0/data/ratis/800ad26e-f25f-4c2a-95ad-116158424830/in_use.lock acquired by nodename 4396@pr-hdds-2221-lrjgr-1037302595
2019-10-15 23:19:34,207 [pool-383-thread-1] INFO  storage.RaftStorage (RaftStorage.java:format(84)) - Storage directory /workdir/hadoop-ozone/integration-test/target/test-dir/MiniOzoneClusterImpl-98aff22c-fa5c-47da-a3ae-7692c4dcc9fe/datanode-0/data/ratis/800ad26e-f25f-4c2a-95ad-116158424830 has been successfully formatted.
2019-10-15 23:19:34,207 [pool-383-thread-1] INFO  ratis.ContainerStateMachine (ContainerStateMachine.java:loadSnapshot(231)) - group-116158424830: The snapshot info is null. Setting the last applied indexto:(t:0, i:~)
2019-10-15 23:19:34,207 [pool-383-thread-1] INFO  server.RaftServerConfigKeys (ConfUtils.java:logGet(43)) - raft.server.notification.no-leader.timeout = 120s (custom)
2019-10-15 23:19:34,207 [pool-383-thread-1] INFO  server.RaftServerConfigKeys (ConfUtils.java:logGet(43)) - raft.server.log.use.memory = false (default)
2019-10-15 23:19:34,208 [pool-383-thread-1] INFO  server.RaftServerConfigKeys (ConfUtils.java:logGet(43)) - raft.server.log.purge.gap = 1000000 (custom)
2019-10-15 23:19:34,208 [pool-383-thread-1] INFO  server.RaftServerConfigKeys (ConfUtils.java:logGet(43)) - raft.server.log.appender.buffer.byte-limit = 33554432 (custom)
2019-10-15 23:19:34,208 [pool-383-thread-1] INFO  server.RaftServerConfigKeys (ConfUtils.java:logGet(43)) - raft.server.log.segment.size.max = 1048576 (custom)
2019-10-15 23:19:34,210 [pool-383-thread-1] INFO  server.RaftServerConfigKeys (ConfUtils.java:logGet(43)) - raft.server.log.segment.cache.num.max = 2 (custom)
2019-10-15 23:19:34,210 [pool-383-thread-1] INFO  segmented.SegmentedRaftLogWorker (SegmentedRaftLogWorker.java:<init>(173)) - new 5ed9541c-0fee-4df4-91ea-614d35c75888@group-116158424830-SegmentedRaftLogWorker for RaftStorage:Storage Directory /workdir/hadoop-ozone/integration-test/target/test-dir/MiniOzoneClusterImpl-98aff22c-fa5c-47da-a3ae-7692c4dcc9fe/datanode-0/data/ratis/800ad26e-f25f-4c2a-95ad-116158424830
2019-10-15 23:19:34,210 [pool-383-thread-1] INFO  server.RaftServerConfigKeys (ConfUtils.java:logGet(43)) - raft.server.log.queue.byte-limit = 2147483647 (custom)
2019-10-15 23:19:34,211 [pool-383-thread-1] INFO  server.RaftServerConfigKeys (ConfUtils.java:logGet(43)) - raft.server.log.queue.element-limit = 1024 (custom)
2019-10-15 23:19:34,211 [pool-383-thread-1] INFO  server.RaftServerConfigKeys (ConfUtils.java:logGet(43)) - raft.server.log.segment.size.max = 1048576 (custom)
2019-10-15 23:19:34,211 [pool-383-thread-1] INFO  server.RaftServerConfigKeys (ConfUtils.java:logGet(43)) - raft.server.log.preallocated.size = 16384 (custom)
2019-10-15 23:19:34,211 [pool-383-thread-1] INFO  server.RaftServerConfigKeys (ConfUtils.java:logGet(43)) - raft.server.log.write.buffer.size = 33554432 (custom)
2019-10-15 23:19:34,211 [pool-383-thread-1] INFO  server.RaftServerConfigKeys (ConfUtils.java:logGet(43)) - raft.server.log.force.sync.num = 128 (default)
2019-10-15 23:19:34,211 [pool-383-thread-1] INFO  server.RaftServerConfigKeys (ConfUtils.java:logGet(43)) - raft.server.log.statemachine.data.sync = true (default)
2019-10-15 23:19:34,211 [pool-383-thread-1] INFO  server.RaftServerConfigKeys (ConfUtils.java:logGet(43)) - raft.server.log.statemachine.data.sync.timeout = 10s (default)
2019-10-15 23:19:34,211 [pool-383-thread-1] INFO  server.RaftServerConfigKeys (ConfUtils.java:logGet(43)) - raft.server.log.statemachine.data.sync.timeout.retry = -1 (default)
2019-10-15 23:19:34,212 [pool-383-thread-1] INFO  server.RaftServerConfigKeys (ConfUtils.java:logGet(43)) - raft.server.log.statemachine.data.caching.enabled = true (custom)
2019-10-15 23:19:34,212 [pool-383-thread-1] INFO  segmented.SegmentedRaftLogWorker (SegmentedRaftLogWorker.java:lambda$new$0(128)) - 5ed9541c-0fee-4df4-91ea-614d35c75888@group-116158424830-SegmentedRaftLogWorker: flushIndex: setUnconditionally 0 -> -1
2019-10-15 23:19:34,213 [pool-383-thread-1] INFO  server.RaftServerConfigKeys (ConfUtils.java:logGet(43)) - raft.server.snapshot.auto.trigger.enabled = true (custom)
2019-10-15 23:19:34,213 [pool-383-thread-1] INFO  server.RaftServerConfigKeys (ConfUtils.java:logGet(43)) - raft.server.snapshot.auto.trigger.threshold = 10000 (custom)
2019-10-15 23:19:34,213 [pool-383-thread-1] INFO  server.RaftServerConfigKeys (ConfUtils.java:logGet(43)) - raft.server.snapshot.retention.file.num = 5 (custom)
2019-10-15 23:19:34,213 [pool-383-thread-1] INFO  server.RaftServerConfigKeys (ConfUtils.java:logGet(43)) - raft.server.retrycache.expirytime = 600000ms (custom)
2019-10-15 23:19:34,215 [pool-383-thread-1] INFO  impl.RaftServerImpl (RaftServerImpl.java:start(181)) - 5ed9541c-0fee-4df4-91ea-614d35c75888@group-116158424830: start as a follower, conf=-1: [5ed9541c-0fee-4df4-91ea-614d35c75888:192.168.157.213:32920], old=null
2019-10-15 23:19:34,215 [pool-383-thread-1] INFO  impl.RaftServerImpl (RaftServerImpl.java:setRole(170)) - 5ed9541c-0fee-4df4-91ea-614d35c75888@group-116158424830: changes role from      null to FOLLOWER at term 0 for startAsFollower
2019-10-15 23:19:34,215 [pool-383-thread-1] INFO  impl.RoleInfo (RoleInfo.java:updateAndGet(143)) - 5ed9541c-0fee-4df4-91ea-614d35c75888: start FollowerState
2019-10-15 23:19:34,216 [pool-383-thread-1] INFO  util.JmxRegister (JmxRegister.java:tryRegister(44)) - Successfully registered JMX Bean with object name Ratis:service=RaftServer,group=group-116158424830,id=5ed9541c-0fee-4df4-91ea-614d35c75888
2019-10-15 23:19:34,221 [RatisPipelineUtilsThread] INFO  pipeline.PipelineStateManager (PipelineStateManager.java:addPipeline(56)) - Created pipeline Pipeline[ Id: 800ad26e-f25f-4c2a-95ad-116158424830, Nodes: 5ed9541c-0fee-4df4-91ea-614d35c75888{ip: 192.168.157.213, host: pr-hdds-2221-lrjgr-1037302595, networkLocation: /default-rack, certSerialId: null}, Type:RATIS, Factor:ONE, State:OPEN]
2019-10-15 23:19:34,226 [IPC Server handler 4 on 46482] INFO  net.NetworkTopology (NetworkTopologyImpl.java:add(111)) - Added a new node: /default-rack/d8510fed-4a1a-407a-82a8-c66d1fc8fbfe
2019-10-15 23:19:34,226 [IPC Server handler 4 on 46482] INFO  node.SCMNodeManager (SCMNodeManager.java:register(268)) - Registered Data node : d8510fed-4a1a-407a-82a8-c66d1fc8fbfe{ip: 192.168.157.213, host: pr-hdds-2221-lrjgr-1037302595, networkLocation: /default-rack, certSerialId: null}
2019-10-15 23:19:34,235 [grpc-default-executor-6] INFO  impl.RaftServerProxy (RaftServerProxy.java:addNew(89)) - d8510fed-4a1a-407a-82a8-c66d1fc8fbfe: addNew group-611BE69400D0:[d8510fed-4a1a-407a-82a8-c66d1fc8fbfe:192.168.157.213:35892] returns group-611BE69400D0:java.util.concurrent.CompletableFuture@55117e1a[Not completed]
2019-10-15 23:19:34,236 [pool-393-thread-1] INFO  impl.RaftServerImpl (RaftServerImpl.java:<init>(95)) - d8510fed-4a1a-407a-82a8-c66d1fc8fbfe: new RaftServerImpl for group-611BE69400D0:[d8510fed-4a1a-407a-82a8-c66d1fc8fbfe:192.168.157.213:35892] with ContainerStateMachine:uninitialized
2019-10-15 23:19:34,236 [pool-393-thread-1] INFO  server.RaftServerConfigKeys (ConfUtils.java:logGet(43)) - raft.server.rpc.timeout.min = 5s (custom)
2019-10-15 23:19:34,236 [pool-393-thread-1] INFO  server.RaftServerConfigKeys (ConfUtils.java:logGet(43)) - raft.server.rpc.timeout.max = 5200ms (custom)
2019-10-15 23:19:34,236 [pool-393-thread-1] INFO  server.RaftServerConfigKeys (ConfUtils.java:logGet(43)) - raft.server.rpcslowness.timeout = 120s (custom)
2019-10-15 23:19:34,236 [pool-393-thread-1] INFO  server.RaftServerConfigKeys (ConfUtils.java:logGet(43)) - raft.server.sleep.deviation.threshold = 300 (default)
2019-10-15 23:19:34,236 [pool-393-thread-1] INFO  server.RaftServerConfigKeys (ConfUtils.java:logGet(43)) - raft.server.log.appender.install.snapshot.enabled = false (custom)
2019-10-15 23:19:34,236 [pool-393-thread-1] INFO  impl.RaftServerImpl (ServerState.java:<init>(103)) - d8510fed-4a1a-407a-82a8-c66d1fc8fbfe@group-611BE69400D0: ConfigurationManager, init=-1: [d8510fed-4a1a-407a-82a8-c66d1fc8fbfe:192.168.157.213:35892], old=null, confs=<EMPTY_MAP>
2019-10-15 23:19:34,237 [pool-393-thread-1] INFO  server.RaftServerConfigKeys (ConfUtils.java:logGet(43)) - raft.server.storage.dir = [/workdir/hadoop-ozone/integration-test/target/test-dir/MiniOzoneClusterImpl-98aff22c-fa5c-47da-a3ae-7692c4dcc9fe/datanode-1/data/ratis] (custom)
2019-10-15 23:19:34,237 [pool-393-thread-1] INFO  server.RaftServerConfigKeys (ConfUtils.java:logGet(43)) - raft.server.log.corruption.policy = EXCEPTION (default)
2019-10-15 23:19:34,237 [pool-393-thread-1] INFO  storage.RaftStorageDirectory (RaftStorageDirectory.java:analyzeStorage(246)) - The storage directory /workdir/hadoop-ozone/integration-test/target/test-dir/MiniOzoneClusterImpl-98aff22c-fa5c-47da-a3ae-7692c4dcc9fe/datanode-1/data/ratis/a2d686d1-cfe5-4841-84c8-611be69400d0 does not exist. Creating ...
2019-10-15 23:19:34,250 [pool-393-thread-1] INFO  storage.RaftStorageDirectory (RaftStorageDirectory.java:tryLock(328)) - Lock on /workdir/hadoop-ozone/integration-test/target/test-dir/MiniOzoneClusterImpl-98aff22c-fa5c-47da-a3ae-7692c4dcc9fe/datanode-1/data/ratis/a2d686d1-cfe5-4841-84c8-611be69400d0/in_use.lock acquired by nodename 4396@pr-hdds-2221-lrjgr-1037302595
2019-10-15 23:19:34,262 [pool-393-thread-1] INFO  storage.RaftStorage (RaftStorage.java:format(84)) - Storage directory /workdir/hadoop-ozone/integration-test/target/test-dir/MiniOzoneClusterImpl-98aff22c-fa5c-47da-a3ae-7692c4dcc9fe/datanode-1/data/ratis/a2d686d1-cfe5-4841-84c8-611be69400d0 has been successfully formatted.
2019-10-15 23:19:34,263 [pool-393-thread-1] INFO  ratis.ContainerStateMachine (ContainerStateMachine.java:loadSnapshot(231)) - group-611BE69400D0: The snapshot info is null. Setting the last applied indexto:(t:0, i:~)
2019-10-15 23:19:34,263 [pool-393-thread-1] INFO  server.RaftServerConfigKeys (ConfUtils.java:logGet(43)) - raft.server.notification.no-leader.timeout = 120s (custom)
2019-10-15 23:19:34,263 [pool-393-thread-1] INFO  server.RaftServerConfigKeys (ConfUtils.java:logGet(43)) - raft.server.log.use.memory = false (default)
2019-10-15 23:19:34,263 [pool-393-thread-1] INFO  server.RaftServerConfigKeys (ConfUtils.java:logGet(43)) - raft.server.log.purge.gap = 1000000 (custom)
2019-10-15 23:19:34,263 [pool-393-thread-1] INFO  server.RaftServerConfigKeys (ConfUtils.java:logGet(43)) - raft.server.log.appender.buffer.byte-limit = 33554432 (custom)
2019-10-15 23:19:34,263 [pool-393-thread-1] INFO  server.RaftServerConfigKeys (ConfUtils.java:logGet(43)) - raft.server.log.segment.size.max = 1048576 (custom)
2019-10-15 23:19:34,265 [pool-393-thread-1] INFO  server.RaftServerConfigKeys (ConfUtils.java:logGet(43)) - raft.server.log.segment.cache.num.max = 2 (custom)
2019-10-15 23:19:34,265 [pool-393-thread-1] INFO  segmented.SegmentedRaftLogWorker (SegmentedRaftLogWorker.java:<init>(173)) - new d8510fed-4a1a-407a-82a8-c66d1fc8fbfe@group-611BE69400D0-SegmentedRaftLogWorker for RaftStorage:Storage Directory /workdir/hadoop-ozone/integration-test/target/test-dir/MiniOzoneClusterImpl-98aff22c-fa5c-47da-a3ae-7692c4dcc9fe/datanode-1/data/ratis/a2d686d1-cfe5-4841-84c8-611be69400d0
2019-10-15 23:19:34,265 [pool-393-thread-1] INFO  server.RaftServerConfigKeys (ConfUtils.java:logGet(43)) - raft.server.log.queue.byte-limit = 2147483647 (custom)
2019-10-15 23:19:34,265 [pool-393-thread-1] INFO  server.RaftServerConfigKeys (ConfUtils.java:logGet(43)) - raft.server.log.queue.element-limit = 1024 (custom)
2019-10-15 23:19:34,265 [pool-393-thread-1] INFO  server.RaftServerConfigKeys (ConfUtils.java:logGet(43)) - raft.server.log.segment.size.max = 1048576 (custom)
2019-10-15 23:19:34,265 [pool-393-thread-1] INFO  server.RaftServerConfigKeys (ConfUtils.java:logGet(43)) - raft.server.log.preallocated.size = 16384 (custom)
2019-10-15 23:19:34,265 [pool-393-thread-1] INFO  server.RaftServerConfigKeys (ConfUtils.java:logGet(43)) - raft.server.log.write.buffer.size = 33554432 (custom)
2019-10-15 23:19:34,265 [pool-393-thread-1] INFO  server.RaftServerConfigKeys (ConfUtils.java:logGet(43)) - raft.server.log.force.sync.num = 128 (default)
2019-10-15 23:19:34,265 [pool-393-thread-1] INFO  server.RaftServerConfigKeys (ConfUtils.java:logGet(43)) - raft.server.log.statemachine.data.sync = true (default)
2019-10-15 23:19:34,265 [pool-393-thread-1] INFO  server.RaftServerConfigKeys (ConfUtils.java:logGet(43)) - raft.server.log.statemachine.data.sync.timeout = 10s (default)
2019-10-15 23:19:34,266 [pool-393-thread-1] INFO  server.RaftServerConfigKeys (ConfUtils.java:logGet(43)) - raft.server.log.statemachine.data.sync.timeout.retry = -1 (default)
2019-10-15 23:19:34,266 [pool-393-thread-1] INFO  server.RaftServerConfigKeys (ConfUtils.java:logGet(43)) - raft.server.log.statemachine.data.caching.enabled = true (custom)
2019-10-15 23:19:34,266 [pool-393-thread-1] INFO  segmented.SegmentedRaftLogWorker (SegmentedRaftLogWorker.java:lambda$new$0(128)) - d8510fed-4a1a-407a-82a8-c66d1fc8fbfe@group-611BE69400D0-SegmentedRaftLogWorker: flushIndex: setUnconditionally 0 -> -1
2019-10-15 23:19:34,266 [pool-393-thread-1] INFO  server.RaftServerConfigKeys (ConfUtils.java:logGet(43)) - raft.server.snapshot.auto.trigger.enabled = true (custom)
2019-10-15 23:19:34,267 [pool-393-thread-1] INFO  server.RaftServerConfigKeys (ConfUtils.java:logGet(43)) - raft.server.snapshot.auto.trigger.threshold = 10000 (custom)
2019-10-15 23:19:34,267 [pool-393-thread-1] INFO  server.RaftServerConfigKeys (ConfUtils.java:logGet(43)) - raft.server.snapshot.retention.file.num = 5 (custom)
2019-10-15 23:19:34,267 [pool-393-thread-1] INFO  server.RaftServerConfigKeys (ConfUtils.java:logGet(43)) - raft.server.retrycache.expirytime = 600000ms (custom)
2019-10-15 23:19:34,268 [pool-393-thread-1] INFO  impl.RaftServerImpl (RaftServerImpl.java:start(181)) - d8510fed-4a1a-407a-82a8-c66d1fc8fbfe@group-611BE69400D0: start as a follower, conf=-1: [d8510fed-4a1a-407a-82a8-c66d1fc8fbfe:192.168.157.213:35892], old=null
2019-10-15 23:19:34,268 [pool-393-thread-1] INFO  impl.RaftServerImpl (RaftServerImpl.java:setRole(170)) - d8510fed-4a1a-407a-82a8-c66d1fc8fbfe@group-611BE69400D0: changes role from      null to FOLLOWER at term 0 for startAsFollower
2019-10-15 23:19:34,268 [pool-393-thread-1] INFO  impl.RoleInfo (RoleInfo.java:updateAndGet(143)) - d8510fed-4a1a-407a-82a8-c66d1fc8fbfe: start FollowerState
2019-10-15 23:19:34,269 [pool-393-thread-1] INFO  util.JmxRegister (JmxRegister.java:tryRegister(44)) - Successfully registered JMX Bean with object name Ratis:service=RaftServer,group=group-611BE69400D0,id=d8510fed-4a1a-407a-82a8-c66d1fc8fbfe
2019-10-15 23:19:34,273 [RatisPipelineUtilsThread] INFO  pipeline.PipelineStateManager (PipelineStateManager.java:addPipeline(56)) - Created pipeline Pipeline[ Id: a2d686d1-cfe5-4841-84c8-611be69400d0, Nodes: d8510fed-4a1a-407a-82a8-c66d1fc8fbfe{ip: 192.168.157.213, host: pr-hdds-2221-lrjgr-1037302595, networkLocation: /default-rack, certSerialId: null}, Type:RATIS, Factor:ONE, State:OPEN]
2019-10-15 23:19:34,315 [IPC Server handler 1 on 46482] INFO  net.NetworkTopology (NetworkTopologyImpl.java:add(111)) - Added a new node: /default-rack/38dbd1c3-faa5-48e6-bcd1-f1510de0773c
2019-10-15 23:19:34,315 [IPC Server handler 1 on 46482] INFO  node.SCMNodeManager (SCMNodeManager.java:register(268)) - Registered Data node : 38dbd1c3-faa5-48e6-bcd1-f1510de0773c{ip: 192.168.157.213, host: pr-hdds-2221-lrjgr-1037302595, networkLocation: /default-rack, certSerialId: null}
2019-10-15 23:19:34,328 [grpc-default-executor-6] INFO  impl.RaftServerProxy (RaftServerProxy.java:addNew(89)) - 38dbd1c3-faa5-48e6-bcd1-f1510de0773c: addNew group-FD82501B3A24:[38dbd1c3-faa5-48e6-bcd1-f1510de0773c:192.168.157.213:43664] returns group-FD82501B3A24:java.util.concurrent.CompletableFuture@5829a70b[Not completed]
2019-10-15 23:19:34,329 [pool-403-thread-1] INFO  impl.RaftServerImpl (RaftServerImpl.java:<init>(95)) - 38dbd1c3-faa5-48e6-bcd1-f1510de0773c: new RaftServerImpl for group-FD82501B3A24:[38dbd1c3-faa5-48e6-bcd1-f1510de0773c:192.168.157.213:43664] with ContainerStateMachine:uninitialized
2019-10-15 23:19:34,329 [pool-403-thread-1] INFO  server.RaftServerConfigKeys (ConfUtils.java:logGet(43)) - raft.server.rpc.timeout.min = 5s (custom)
2019-10-15 23:19:34,329 [pool-403-thread-1] INFO  server.RaftServerConfigKeys (ConfUtils.java:logGet(43)) - raft.server.rpc.timeout.max = 5200ms (custom)
2019-10-15 23:19:34,329 [pool-403-thread-1] INFO  server.RaftServerConfigKeys (ConfUtils.java:logGet(43)) - raft.server.rpcslowness.timeout = 120s (custom)
2019-10-15 23:19:34,329 [pool-403-thread-1] INFO  server.RaftServerConfigKeys (ConfUtils.java:logGet(43)) - raft.server.sleep.deviation.threshold = 300 (default)
2019-10-15 23:19:34,330 [pool-403-thread-1] INFO  server.RaftServerConfigKeys (ConfUtils.java:logGet(43)) - raft.server.log.appender.install.snapshot.enabled = false (custom)
2019-10-15 23:19:34,330 [pool-403-thread-1] INFO  impl.RaftServerImpl (ServerState.java:<init>(103)) - 38dbd1c3-faa5-48e6-bcd1-f1510de0773c@group-FD82501B3A24: ConfigurationManager, init=-1: [38dbd1c3-faa5-48e6-bcd1-f1510de0773c:192.168.157.213:43664], old=null, confs=<EMPTY_MAP>
2019-10-15 23:19:34,330 [pool-403-thread-1] INFO  server.RaftServerConfigKeys (ConfUtils.java:logGet(43)) - raft.server.storage.dir = [/workdir/hadoop-ozone/integration-test/target/test-dir/MiniOzoneClusterImpl-98aff22c-fa5c-47da-a3ae-7692c4dcc9fe/datanode-2/data/ratis] (custom)
2019-10-15 23:19:34,330 [pool-403-thread-1] INFO  server.RaftServerConfigKeys (ConfUtils.java:logGet(43)) - raft.server.log.corruption.policy = EXCEPTION (default)
2019-10-15 23:19:34,330 [pool-403-thread-1] INFO  storage.RaftStorageDirectory (RaftStorageDirectory.java:analyzeStorage(246)) - The storage directory /workdir/hadoop-ozone/integration-test/target/test-dir/MiniOzoneClusterImpl-98aff22c-fa5c-47da-a3ae-7692c4dcc9fe/datanode-2/data/ratis/e5c6acec-a945-443c-93ae-fd82501b3a24 does not exist. Creating ...
2019-10-15 23:19:34,342 [pool-403-thread-1] INFO  storage.RaftStorageDirectory (RaftStorageDirectory.java:tryLock(328)) - Lock on /workdir/hadoop-ozone/integration-test/target/test-dir/MiniOzoneClusterImpl-98aff22c-fa5c-47da-a3ae-7692c4dcc9fe/datanode-2/data/ratis/e5c6acec-a945-443c-93ae-fd82501b3a24/in_use.lock acquired by nodename 4396@pr-hdds-2221-lrjgr-1037302595
2019-10-15 23:19:34,355 [pool-403-thread-1] INFO  storage.RaftStorage (RaftStorage.java:format(84)) - Storage directory /workdir/hadoop-ozone/integration-test/target/test-dir/MiniOzoneClusterImpl-98aff22c-fa5c-47da-a3ae-7692c4dcc9fe/datanode-2/data/ratis/e5c6acec-a945-443c-93ae-fd82501b3a24 has been successfully formatted.
2019-10-15 23:19:34,355 [pool-403-thread-1] INFO  ratis.ContainerStateMachine (ContainerStateMachine.java:loadSnapshot(231)) - group-FD82501B3A24: The snapshot info is null. Setting the last applied indexto:(t:0, i:~)
2019-10-15 23:19:34,355 [pool-403-thread-1] INFO  server.RaftServerConfigKeys (ConfUtils.java:logGet(43)) - raft.server.notification.no-leader.timeout = 120s (custom)
2019-10-15 23:19:34,355 [pool-403-thread-1] INFO  server.RaftServerConfigKeys (ConfUtils.java:logGet(43)) - raft.server.log.use.memory = false (default)
2019-10-15 23:19:34,355 [pool-403-thread-1] INFO  server.RaftServerConfigKeys (ConfUtils.java:logGet(43)) - raft.server.log.purge.gap = 1000000 (custom)
2019-10-15 23:19:34,355 [pool-403-thread-1] INFO  server.RaftServerConfigKeys (ConfUtils.java:logGet(43)) - raft.server.log.appender.buffer.byte-limit = 33554432 (custom)
2019-10-15 23:19:34,355 [pool-403-thread-1] INFO  server.RaftServerConfigKeys (ConfUtils.java:logGet(43)) - raft.server.log.segment.size.max = 1048576 (custom)
2019-10-15 23:19:34,357 [pool-403-thread-1] INFO  server.RaftServerConfigKeys (ConfUtils.java:logGet(43)) - raft.server.log.segment.cache.num.max = 2 (custom)
2019-10-15 23:19:34,357 [pool-403-thread-1] INFO  segmented.SegmentedRaftLogWorker (SegmentedRaftLogWorker.java:<init>(173)) - new 38dbd1c3-faa5-48e6-bcd1-f1510de0773c@group-FD82501B3A24-SegmentedRaftLogWorker for RaftStorage:Storage Directory /workdir/hadoop-ozone/integration-test/target/test-dir/MiniOzoneClusterImpl-98aff22c-fa5c-47da-a3ae-7692c4dcc9fe/datanode-2/data/ratis/e5c6acec-a945-443c-93ae-fd82501b3a24
2019-10-15 23:19:34,357 [pool-403-thread-1] INFO  server.RaftServerConfigKeys (ConfUtils.java:logGet(43)) - raft.server.log.queue.byte-limit = 2147483647 (custom)
2019-10-15 23:19:34,357 [pool-403-thread-1] INFO  server.RaftServerConfigKeys (ConfUtils.java:logGet(43)) - raft.server.log.queue.element-limit = 1024 (custom)
2019-10-15 23:19:34,357 [pool-403-thread-1] INFO  server.RaftServerConfigKeys (ConfUtils.java:logGet(43)) - raft.server.log.segment.size.max = 1048576 (custom)
2019-10-15 23:19:34,357 [pool-403-thread-1] INFO  server.RaftServerConfigKeys (ConfUtils.java:logGet(43)) - raft.server.log.preallocated.size = 16384 (custom)
2019-10-15 23:19:34,357 [pool-403-thread-1] INFO  server.RaftServerConfigKeys (ConfUtils.java:logGet(43)) - raft.server.log.write.buffer.size = 33554432 (custom)
2019-10-15 23:19:34,357 [pool-403-thread-1] INFO  server.RaftServerConfigKeys (ConfUtils.java:logGet(43)) - raft.server.log.force.sync.num = 128 (default)
2019-10-15 23:19:34,357 [pool-403-thread-1] INFO  server.RaftServerConfigKeys (ConfUtils.java:logGet(43)) - raft.server.log.statemachine.data.sync = true (default)
2019-10-15 23:19:34,358 [pool-403-thread-1] INFO  server.RaftServerConfigKeys (ConfUtils.java:logGet(43)) - raft.server.log.statemachine.data.sync.timeout = 10s (default)
2019-10-15 23:19:34,358 [pool-403-thread-1] INFO  server.RaftServerConfigKeys (ConfUtils.java:logGet(43)) - raft.server.log.statemachine.data.sync.timeout.retry = -1 (default)
2019-10-15 23:19:34,358 [pool-403-thread-1] INFO  server.RaftServerConfigKeys (ConfUtils.java:logGet(43)) - raft.server.log.statemachine.data.caching.enabled = true (custom)
2019-10-15 23:19:34,358 [pool-403-thread-1] INFO  segmented.SegmentedRaftLogWorker (SegmentedRaftLogWorker.java:lambda$new$0(128)) - 38dbd1c3-faa5-48e6-bcd1-f1510de0773c@group-FD82501B3A24-SegmentedRaftLogWorker: flushIndex: setUnconditionally 0 -> -1
2019-10-15 23:19:34,358 [pool-403-thread-1] INFO  server.RaftServerConfigKeys (ConfUtils.java:logGet(43)) - raft.server.snapshot.auto.trigger.enabled = true (custom)
2019-10-15 23:19:34,359 [pool-403-thread-1] INFO  server.RaftServerConfigKeys (ConfUtils.java:logGet(43)) - raft.server.snapshot.auto.trigger.threshold = 10000 (custom)
2019-10-15 23:19:34,359 [pool-403-thread-1] INFO  server.RaftServerConfigKeys (ConfUtils.java:logGet(43)) - raft.server.snapshot.retention.file.num = 5 (custom)
2019-10-15 23:19:34,359 [pool-403-thread-1] INFO  server.RaftServerConfigKeys (ConfUtils.java:logGet(43)) - raft.server.retrycache.expirytime = 600000ms (custom)
2019-10-15 23:19:34,360 [pool-403-thread-1] INFO  impl.RaftServerImpl (RaftServerImpl.java:start(181)) - 38dbd1c3-faa5-48e6-bcd1-f1510de0773c@group-FD82501B3A24: start as a follower, conf=-1: [38dbd1c3-faa5-48e6-bcd1-f1510de0773c:192.168.157.213:43664], old=null
2019-10-15 23:19:34,360 [pool-403-thread-1] INFO  impl.RaftServerImpl (RaftServerImpl.java:setRole(170)) - 38dbd1c3-faa5-48e6-bcd1-f1510de0773c@group-FD82501B3A24: changes role from      null to FOLLOWER at term 0 for startAsFollower
2019-10-15 23:19:34,360 [pool-403-thread-1] INFO  impl.RoleInfo (RoleInfo.java:updateAndGet(143)) - 38dbd1c3-faa5-48e6-bcd1-f1510de0773c: start FollowerState
2019-10-15 23:19:34,361 [pool-403-thread-1] INFO  util.JmxRegister (JmxRegister.java:tryRegister(44)) - Successfully registered JMX Bean with object name Ratis:service=RaftServer,group=group-FD82501B3A24,id=38dbd1c3-faa5-48e6-bcd1-f1510de0773c
2019-10-15 23:19:34,365 [RatisPipelineUtilsThread] INFO  pipeline.PipelineStateManager (PipelineStateManager.java:addPipeline(56)) - Created pipeline Pipeline[ Id: e5c6acec-a945-443c-93ae-fd82501b3a24, Nodes: 38dbd1c3-faa5-48e6-bcd1-f1510de0773c{ip: 192.168.157.213, host: pr-hdds-2221-lrjgr-1037302595, networkLocation: /default-rack, certSerialId: null}, Type:RATIS, Factor:ONE, State:OPEN]
2019-10-15 23:19:34,380 [grpc-default-executor-5] INFO  impl.RaftServerProxy (RaftServerProxy.java:addNew(89)) - 38dbd1c3-faa5-48e6-bcd1-f1510de0773c: addNew group-5054BFC63753:[38dbd1c3-faa5-48e6-bcd1-f1510de0773c:192.168.157.213:43664, d8510fed-4a1a-407a-82a8-c66d1fc8fbfe:192.168.157.213:35892, 5ed9541c-0fee-4df4-91ea-614d35c75888:192.168.157.213:32920] returns group-5054BFC63753:java.util.concurrent.CompletableFuture@984d738[Not completed]
2019-10-15 23:19:34,381 [grpc-default-executor-6] INFO  impl.RaftServerProxy (RaftServerProxy.java:addNew(89)) - 5ed9541c-0fee-4df4-91ea-614d35c75888: addNew group-5054BFC63753:[38dbd1c3-faa5-48e6-bcd1-f1510de0773c:192.168.157.213:43664, d8510fed-4a1a-407a-82a8-c66d1fc8fbfe:192.168.157.213:35892, 5ed9541c-0fee-4df4-91ea-614d35c75888:192.168.157.213:32920] returns group-5054BFC63753:java.util.concurrent.CompletableFuture@4fd95612[Not completed]
2019-10-15 23:19:34,381 [grpc-default-executor-5] INFO  impl.RaftServerProxy (RaftServerProxy.java:addNew(89)) - d8510fed-4a1a-407a-82a8-c66d1fc8fbfe: addNew group-5054BFC63753:[38dbd1c3-faa5-48e6-bcd1-f1510de0773c:192.168.157.213:43664, d8510fed-4a1a-407a-82a8-c66d1fc8fbfe:192.168.157.213:35892, 5ed9541c-0fee-4df4-91ea-614d35c75888:192.168.157.213:32920] returns group-5054BFC63753:java.util.concurrent.CompletableFuture@3ecb7b65[Not completed]
2019-10-15 23:19:34,381 [pool-403-thread-1] INFO  impl.RaftServerImpl (RaftServerImpl.java:<init>(95)) - 38dbd1c3-faa5-48e6-bcd1-f1510de0773c: new RaftServerImpl for group-5054BFC63753:[38dbd1c3-faa5-48e6-bcd1-f1510de0773c:192.168.157.213:43664, d8510fed-4a1a-407a-82a8-c66d1fc8fbfe:192.168.157.213:35892, 5ed9541c-0fee-4df4-91ea-614d35c75888:192.168.157.213:32920] with ContainerStateMachine:uninitialized
2019-10-15 23:19:34,382 [pool-403-thread-1] INFO  server.RaftServerConfigKeys (ConfUtils.java:logGet(43)) - raft.server.rpc.timeout.min = 5s (custom)
2019-10-15 23:19:34,382 [pool-403-thread-1] INFO  server.RaftServerConfigKeys (ConfUtils.java:logGet(43)) - raft.server.rpc.timeout.max = 5200ms (custom)
2019-10-15 23:19:34,382 [pool-403-thread-1] INFO  server.RaftServerConfigKeys (ConfUtils.java:logGet(43)) - raft.server.rpcslowness.timeout = 120s (custom)
2019-10-15 23:19:34,382 [pool-403-thread-1] INFO  server.RaftServerConfigKeys (ConfUtils.java:logGet(43)) - raft.server.sleep.deviation.threshold = 300 (default)
2019-10-15 23:19:34,382 [pool-403-thread-1] INFO  server.RaftServerConfigKeys (ConfUtils.java:logGet(43)) - raft.server.log.appender.install.snapshot.enabled = false (custom)
2019-10-15 23:19:34,382 [pool-403-thread-1] INFO  impl.RaftServerImpl (ServerState.java:<init>(103)) - 38dbd1c3-faa5-48e6-bcd1-f1510de0773c@group-5054BFC63753: ConfigurationManager, init=-1: [38dbd1c3-faa5-48e6-bcd1-f1510de0773c:192.168.157.213:43664, d8510fed-4a1a-407a-82a8-c66d1fc8fbfe:192.168.157.213:35892, 5ed9541c-0fee-4df4-91ea-614d35c75888:192.168.157.213:32920], old=null, confs=<EMPTY_MAP>
2019-10-15 23:19:34,382 [pool-403-thread-1] INFO  server.RaftServerConfigKeys (ConfUtils.java:logGet(43)) - raft.server.storage.dir = [/workdir/hadoop-ozone/integration-test/target/test-dir/MiniOzoneClusterImpl-98aff22c-fa5c-47da-a3ae-7692c4dcc9fe/datanode-2/data/ratis] (custom)
2019-10-15 23:19:34,382 [pool-393-thread-1] INFO  impl.RaftServerImpl (RaftServerImpl.java:<init>(95)) - d8510fed-4a1a-407a-82a8-c66d1fc8fbfe: new RaftServerImpl for group-5054BFC63753:[38dbd1c3-faa5-48e6-bcd1-f1510de0773c:192.168.157.213:43664, d8510fed-4a1a-407a-82a8-c66d1fc8fbfe:192.168.157.213:35892, 5ed9541c-0fee-4df4-91ea-614d35c75888:192.168.157.213:32920] with ContainerStateMachine:uninitialized
2019-10-15 23:19:34,382 [pool-403-thread-1] INFO  server.RaftServerConfigKeys (ConfUtils.java:logGet(43)) - raft.server.log.corruption.policy = EXCEPTION (default)
2019-10-15 23:19:34,383 [pool-393-thread-1] INFO  server.RaftServerConfigKeys (ConfUtils.java:logGet(43)) - raft.server.rpc.timeout.min = 5s (custom)
2019-10-15 23:19:34,383 [pool-383-thread-1] INFO  impl.RaftServerImpl (RaftServerImpl.java:<init>(95)) - 5ed9541c-0fee-4df4-91ea-614d35c75888: new RaftServerImpl for group-5054BFC63753:[38dbd1c3-faa5-48e6-bcd1-f1510de0773c:192.168.157.213:43664, d8510fed-4a1a-407a-82a8-c66d1fc8fbfe:192.168.157.213:35892, 5ed9541c-0fee-4df4-91ea-614d35c75888:192.168.157.213:32920] with ContainerStateMachine:uninitialized
2019-10-15 23:19:34,383 [pool-403-thread-1] INFO  storage.RaftStorageDirectory (RaftStorageDirectory.java:analyzeStorage(246)) - The storage directory /workdir/hadoop-ozone/integration-test/target/test-dir/MiniOzoneClusterImpl-98aff22c-fa5c-47da-a3ae-7692c4dcc9fe/datanode-2/data/ratis/6ded018b-18ba-4941-8b96-5054bfc63753 does not exist. Creating ...
2019-10-15 23:19:34,383 [pool-383-thread-1] INFO  server.RaftServerConfigKeys (ConfUtils.java:logGet(43)) - raft.server.rpc.timeout.min = 5s (custom)
2019-10-15 23:19:34,383 [pool-393-thread-1] INFO  server.RaftServerConfigKeys (ConfUtils.java:logGet(43)) - raft.server.rpc.timeout.max = 5200ms (custom)
2019-10-15 23:19:34,383 [pool-383-thread-1] INFO  server.RaftServerConfigKeys (ConfUtils.java:logGet(43)) - raft.server.rpc.timeout.max = 5200ms (custom)
2019-10-15 23:19:34,383 [pool-393-thread-1] INFO  server.RaftServerConfigKeys (ConfUtils.java:logGet(43)) - raft.server.rpcslowness.timeout = 120s (custom)
2019-10-15 23:19:34,383 [pool-383-thread-1] INFO  server.RaftServerConfigKeys (ConfUtils.java:logGet(43)) - raft.server.rpcslowness.timeout = 120s (custom)
2019-10-15 23:19:34,383 [pool-393-thread-1] INFO  server.RaftServerConfigKeys (ConfUtils.java:logGet(43)) - raft.server.sleep.deviation.threshold = 300 (default)
2019-10-15 23:19:34,383 [pool-383-thread-1] INFO  server.RaftServerConfigKeys (ConfUtils.java:logGet(43)) - raft.server.sleep.deviation.threshold = 300 (default)
2019-10-15 23:19:34,384 [pool-393-thread-1] INFO  server.RaftServerConfigKeys (ConfUtils.java:logGet(43)) - raft.server.log.appender.install.snapshot.enabled = false (custom)
2019-10-15 23:19:34,384 [pool-383-thread-1] INFO  server.RaftServerConfigKeys (ConfUtils.java:logGet(43)) - raft.server.log.appender.install.snapshot.enabled = false (custom)
2019-10-15 23:19:34,384 [pool-393-thread-1] INFO  impl.RaftServerImpl (ServerState.java:<init>(103)) - d8510fed-4a1a-407a-82a8-c66d1fc8fbfe@group-5054BFC63753: ConfigurationManager, init=-1: [38dbd1c3-faa5-48e6-bcd1-f1510de0773c:192.168.157.213:43664, d8510fed-4a1a-407a-82a8-c66d1fc8fbfe:192.168.157.213:35892, 5ed9541c-0fee-4df4-91ea-614d35c75888:192.168.157.213:32920], old=null, confs=<EMPTY_MAP>
2019-10-15 23:19:34,384 [pool-383-thread-1] INFO  impl.RaftServerImpl (ServerState.java:<init>(103)) - 5ed9541c-0fee-4df4-91ea-614d35c75888@group-5054BFC63753: ConfigurationManager, init=-1: [38dbd1c3-faa5-48e6-bcd1-f1510de0773c:192.168.157.213:43664, d8510fed-4a1a-407a-82a8-c66d1fc8fbfe:192.168.157.213:35892, 5ed9541c-0fee-4df4-91ea-614d35c75888:192.168.157.213:32920], old=null, confs=<EMPTY_MAP>
2019-10-15 23:19:34,384 [pool-393-thread-1] INFO  server.RaftServerConfigKeys (ConfUtils.java:logGet(43)) - raft.server.storage.dir = [/workdir/hadoop-ozone/integration-test/target/test-dir/MiniOzoneClusterImpl-98aff22c-fa5c-47da-a3ae-7692c4dcc9fe/datanode-1/data/ratis] (custom)
2019-10-15 23:19:34,384 [pool-383-thread-1] INFO  server.RaftServerConfigKeys (ConfUtils.java:logGet(43)) - raft.server.storage.dir = [/workdir/hadoop-ozone/integration-test/target/test-dir/MiniOzoneClusterImpl-98aff22c-fa5c-47da-a3ae-7692c4dcc9fe/datanode-0/data/ratis] (custom)
2019-10-15 23:19:34,384 [pool-393-thread-1] INFO  server.RaftServerConfigKeys (ConfUtils.java:logGet(43)) - raft.server.log.corruption.policy = EXCEPTION (default)
2019-10-15 23:19:34,384 [pool-383-thread-1] INFO  server.RaftServerConfigKeys (ConfUtils.java:logGet(43)) - raft.server.log.corruption.policy = EXCEPTION (default)
2019-10-15 23:19:34,385 [pool-393-thread-1] INFO  storage.RaftStorageDirectory (RaftStorageDirectory.java:analyzeStorage(246)) - The storage directory /workdir/hadoop-ozone/integration-test/target/test-dir/MiniOzoneClusterImpl-98aff22c-fa5c-47da-a3ae-7692c4dcc9fe/datanode-1/data/ratis/6ded018b-18ba-4941-8b96-5054bfc63753 does not exist. Creating ...
2019-10-15 23:19:34,385 [pool-383-thread-1] INFO  storage.RaftStorageDirectory (RaftStorageDirectory.java:analyzeStorage(246)) - The storage directory /workdir/hadoop-ozone/integration-test/target/test-dir/MiniOzoneClusterImpl-98aff22c-fa5c-47da-a3ae-7692c4dcc9fe/datanode-0/data/ratis/6ded018b-18ba-4941-8b96-5054bfc63753 does not exist. Creating ...
2019-10-15 23:19:34,398 [IPC Server handler 5 on 46482] INFO  net.NetworkTopology (NetworkTopologyImpl.java:add(111)) - Added a new node: /default-rack/b977082d-6667-4eed-949e-a30759adbdfa
2019-10-15 23:19:34,398 [IPC Server handler 5 on 46482] INFO  node.SCMNodeManager (SCMNodeManager.java:register(268)) - Registered Data node : b977082d-6667-4eed-949e-a30759adbdfa{ip: 192.168.157.213, host: pr-hdds-2221-lrjgr-1037302595, networkLocation: /default-rack, certSerialId: null}
2019-10-15 23:19:34,407 [pool-383-thread-1] INFO  storage.RaftStorageDirectory (RaftStorageDirectory.java:tryLock(328)) - Lock on /workdir/hadoop-ozone/integration-test/target/test-dir/MiniOzoneClusterImpl-98aff22c-fa5c-47da-a3ae-7692c4dcc9fe/datanode-0/data/ratis/6ded018b-18ba-4941-8b96-5054bfc63753/in_use.lock acquired by nodename 4396@pr-hdds-2221-lrjgr-1037302595
2019-10-15 23:19:34,407 [pool-393-thread-1] INFO  storage.RaftStorageDirectory (RaftStorageDirectory.java:tryLock(328)) - Lock on /workdir/hadoop-ozone/integration-test/target/test-dir/MiniOzoneClusterImpl-98aff22c-fa5c-47da-a3ae-7692c4dcc9fe/datanode-1/data/ratis/6ded018b-18ba-4941-8b96-5054bfc63753/in_use.lock acquired by nodename 4396@pr-hdds-2221-lrjgr-1037302595
2019-10-15 23:19:34,407 [pool-403-thread-1] INFO  storage.RaftStorageDirectory (RaftStorageDirectory.java:tryLock(328)) - Lock on /workdir/hadoop-ozone/integration-test/target/test-dir/MiniOzoneClusterImpl-98aff22c-fa5c-47da-a3ae-7692c4dcc9fe/datanode-2/data/ratis/6ded018b-18ba-4941-8b96-5054bfc63753/in_use.lock acquired by nodename 4396@pr-hdds-2221-lrjgr-1037302595
2019-10-15 23:19:34,433 [pool-383-thread-1] INFO  storage.RaftStorage (RaftStorage.java:format(84)) - Storage directory /workdir/hadoop-ozone/integration-test/target/test-dir/MiniOzoneClusterImpl-98aff22c-fa5c-47da-a3ae-7692c4dcc9fe/datanode-0/data/ratis/6ded018b-18ba-4941-8b96-5054bfc63753 has been successfully formatted.
2019-10-15 23:19:34,433 [pool-393-thread-1] INFO  storage.RaftStorage (RaftStorage.java:format(84)) - Storage directory /workdir/hadoop-ozone/integration-test/target/test-dir/MiniOzoneClusterImpl-98aff22c-fa5c-47da-a3ae-7692c4dcc9fe/datanode-1/data/ratis/6ded018b-18ba-4941-8b96-5054bfc63753 has been successfully formatted.
2019-10-15 23:19:34,433 [pool-403-thread-1] INFO  storage.RaftStorage (RaftStorage.java:format(84)) - Storage directory /workdir/hadoop-ozone/integration-test/target/test-dir/MiniOzoneClusterImpl-98aff22c-fa5c-47da-a3ae-7692c4dcc9fe/datanode-2/data/ratis/6ded018b-18ba-4941-8b96-5054bfc63753 has been successfully formatted.
2019-10-15 23:19:34,433 [pool-393-thread-1] INFO  ratis.ContainerStateMachine (ContainerStateMachine.java:loadSnapshot(231)) - group-5054BFC63753: The snapshot info is null. Setting the last applied indexto:(t:0, i:~)
2019-10-15 23:19:34,433 [pool-403-thread-1] INFO  ratis.ContainerStateMachine (ContainerStateMachine.java:loadSnapshot(231)) - group-5054BFC63753: The snapshot info is null. Setting the last applied indexto:(t:0, i:~)
2019-10-15 23:19:34,433 [pool-383-thread-1] INFO  ratis.ContainerStateMachine (ContainerStateMachine.java:loadSnapshot(231)) - group-5054BFC63753: The snapshot info is null. Setting the last applied indexto:(t:0, i:~)
2019-10-15 23:19:34,433 [pool-403-thread-1] INFO  server.RaftServerConfigKeys (ConfUtils.java:logGet(43)) - raft.server.notification.no-leader.timeout = 120s (custom)
2019-10-15 23:19:34,433 [pool-393-thread-1] INFO  server.RaftServerConfigKeys (ConfUtils.java:logGet(43)) - raft.server.notification.no-leader.timeout = 120s (custom)
2019-10-15 23:19:34,434 [pool-403-thread-1] INFO  server.RaftServerConfigKeys (ConfUtils.java:logGet(43)) - raft.server.log.use.memory = false (default)
2019-10-15 23:19:34,433 [pool-383-thread-1] INFO  server.RaftServerConfigKeys (ConfUtils.java:logGet(43)) - raft.server.notification.no-leader.timeout = 120s (custom)
2019-10-15 23:19:34,434 [pool-403-thread-1] INFO  server.RaftServerConfigKeys (ConfUtils.java:logGet(43)) - raft.server.log.purge.gap = 1000000 (custom)
2019-10-15 23:19:34,434 [pool-393-thread-1] INFO  server.RaftServerConfigKeys (ConfUtils.java:logGet(43)) - raft.server.log.use.memory = false (default)
2019-10-15 23:19:34,434 [pool-403-thread-1] INFO  server.RaftServerConfigKeys (ConfUtils.java:logGet(43)) - raft.server.log.appender.buffer.byte-limit = 33554432 (custom)
2019-10-15 23:19:34,434 [pool-383-thread-1] INFO  server.RaftServerConfigKeys (ConfUtils.java:logGet(43)) - raft.server.log.use.memory = false (default)
2019-10-15 23:19:34,434 [pool-403-thread-1] INFO  server.RaftServerConfigKeys (ConfUtils.java:logGet(43)) - raft.server.log.segment.size.max = 1048576 (custom)
2019-10-15 23:19:34,434 [pool-393-thread-1] INFO  server.RaftServerConfigKeys (ConfUtils.java:logGet(43)) - raft.server.log.purge.gap = 1000000 (custom)
2019-10-15 23:19:34,435 [pool-403-thread-1] INFO  server.RaftServerConfigKeys (ConfUtils.java:logGet(43)) - raft.server.log.segment.cache.num.max = 2 (custom)
2019-10-15 23:19:34,434 [pool-383-thread-1] INFO  server.RaftServerConfigKeys (ConfUtils.java:logGet(43)) - raft.server.log.purge.gap = 1000000 (custom)
2019-10-15 23:19:34,435 [pool-403-thread-1] INFO  segmented.SegmentedRaftLogWorker (SegmentedRaftLogWorker.java:<init>(173)) - new 38dbd1c3-faa5-48e6-bcd1-f1510de0773c@group-5054BFC63753-SegmentedRaftLogWorker for RaftStorage:Storage Directory /workdir/hadoop-ozone/integration-test/target/test-dir/MiniOzoneClusterImpl-98aff22c-fa5c-47da-a3ae-7692c4dcc9fe/datanode-2/data/ratis/6ded018b-18ba-4941-8b96-5054bfc63753
2019-10-15 23:19:34,435 [pool-393-thread-1] INFO  server.RaftServerConfigKeys (ConfUtils.java:logGet(43)) - raft.server.log.appender.buffer.byte-limit = 33554432 (custom)
2019-10-15 23:19:34,435 [pool-403-thread-1] INFO  server.RaftServerConfigKeys (ConfUtils.java:logGet(43)) - raft.server.log.queue.byte-limit = 2147483647 (custom)
2019-10-15 23:19:34,435 [pool-383-thread-1] INFO  server.RaftServerConfigKeys (ConfUtils.java:logGet(43)) - raft.server.log.appender.buffer.byte-limit = 33554432 (custom)
2019-10-15 23:19:34,435 [pool-403-thread-1] INFO  server.RaftServerConfigKeys (ConfUtils.java:logGet(43)) - raft.server.log.queue.element-limit = 1024 (custom)
2019-10-15 23:19:34,435 [pool-393-thread-1] INFO  server.RaftServerConfigKeys (ConfUtils.java:logGet(43)) - raft.server.log.segment.size.max = 1048576 (custom)
2019-10-15 23:19:34,436 [pool-403-thread-1] INFO  server.RaftServerConfigKeys (ConfUtils.java:logGet(43)) - raft.server.log.segment.size.max = 1048576 (custom)
2019-10-15 23:19:34,436 [pool-383-thread-1] INFO  server.RaftServerConfigKeys (ConfUtils.java:logGet(43)) - raft.server.log.segment.size.max = 1048576 (custom)
2019-10-15 23:19:34,436 [pool-403-thread-1] INFO  server.RaftServerConfigKeys (ConfUtils.java:logGet(43)) - raft.server.log.preallocated.size = 16384 (custom)
2019-10-15 23:19:34,436 [pool-403-thread-1] INFO  server.RaftServerConfigKeys (ConfUtils.java:logGet(43)) - raft.server.log.write.buffer.size = 33554432 (custom)
2019-10-15 23:19:34,436 [pool-393-thread-1] INFO  server.RaftServerConfigKeys (ConfUtils.java:logGet(43)) - raft.server.log.segment.cache.num.max = 2 (custom)
2019-10-15 23:19:34,436 [pool-403-thread-1] INFO  server.RaftServerConfigKeys (ConfUtils.java:logGet(43)) - raft.server.log.force.sync.num = 128 (default)
2019-10-15 23:19:34,436 [pool-383-thread-1] INFO  server.RaftServerConfigKeys (ConfUtils.java:logGet(43)) - raft.server.log.segment.cache.num.max = 2 (custom)
2019-10-15 23:19:34,436 [pool-403-thread-1] INFO  server.RaftServerConfigKeys (ConfUtils.java:logGet(43)) - raft.server.log.statemachine.data.sync = true (default)
2019-10-15 23:19:34,436 [pool-393-thread-1] INFO  segmented.SegmentedRaftLogWorker (SegmentedRaftLogWorker.java:<init>(173)) - new d8510fed-4a1a-407a-82a8-c66d1fc8fbfe@group-5054BFC63753-SegmentedRaftLogWorker for RaftStorage:Storage Directory /workdir/hadoop-ozone/integration-test/target/test-dir/MiniOzoneClusterImpl-98aff22c-fa5c-47da-a3ae-7692c4dcc9fe/datanode-1/data/ratis/6ded018b-18ba-4941-8b96-5054bfc63753
2019-10-15 23:19:34,437 [pool-403-thread-1] INFO  server.RaftServerConfigKeys (ConfUtils.java:logGet(43)) - raft.server.log.statemachine.data.sync.timeout = 10s (default)
2019-10-15 23:19:34,437 [pool-383-thread-1] INFO  segmented.SegmentedRaftLogWorker (SegmentedRaftLogWorker.java:<init>(173)) - new 5ed9541c-0fee-4df4-91ea-614d35c75888@group-5054BFC63753-SegmentedRaftLogWorker for RaftStorage:Storage Directory /workdir/hadoop-ozone/integration-test/target/test-dir/MiniOzoneClusterImpl-98aff22c-fa5c-47da-a3ae-7692c4dcc9fe/datanode-0/data/ratis/6ded018b-18ba-4941-8b96-5054bfc63753
2019-10-15 23:19:34,437 [pool-403-thread-1] INFO  server.RaftServerConfigKeys (ConfUtils.java:logGet(43)) - raft.server.log.statemachine.data.sync.timeout.retry = -1 (default)
2019-10-15 23:19:34,437 [pool-393-thread-1] INFO  server.RaftServerConfigKeys (ConfUtils.java:logGet(43)) - raft.server.log.queue.byte-limit = 2147483647 (custom)
2019-10-15 23:19:34,437 [pool-403-thread-1] INFO  server.RaftServerConfigKeys (ConfUtils.java:logGet(43)) - raft.server.log.statemachine.data.caching.enabled = true (custom)
2019-10-15 23:19:34,437 [pool-383-thread-1] INFO  server.RaftServerConfigKeys (ConfUtils.java:logGet(43)) - raft.server.log.queue.byte-limit = 2147483647 (custom)
2019-10-15 23:19:34,437 [pool-393-thread-1] INFO  server.RaftServerConfigKeys (ConfUtils.java:logGet(43)) - raft.server.log.queue.element-limit = 1024 (custom)
2019-10-15 23:19:34,438 [pool-403-thread-1] INFO  segmented.SegmentedRaftLogWorker (SegmentedRaftLogWorker.java:lambda$new$0(128)) - 38dbd1c3-faa5-48e6-bcd1-f1510de0773c@group-5054BFC63753-SegmentedRaftLogWorker: flushIndex: setUnconditionally 0 -> -1
2019-10-15 23:19:34,438 [pool-383-thread-1] INFO  server.RaftServerConfigKeys (ConfUtils.java:logGet(43)) - raft.server.log.queue.element-limit = 1024 (custom)
2019-10-15 23:19:34,438 [pool-393-thread-1] INFO  server.RaftServerConfigKeys (ConfUtils.java:logGet(43)) - raft.server.log.segment.size.max = 1048576 (custom)
2019-10-15 23:19:34,438 [pool-403-thread-1] INFO  server.RaftServerConfigKeys (ConfUtils.java:logGet(43)) - raft.server.snapshot.auto.trigger.enabled = true (custom)
2019-10-15 23:19:34,438 [pool-383-thread-1] INFO  server.RaftServerConfigKeys (ConfUtils.java:logGet(43)) - raft.server.log.segment.size.max = 1048576 (custom)
2019-10-15 23:19:34,438 [pool-403-thread-1] INFO  server.RaftServerConfigKeys (ConfUtils.java:logGet(43)) - raft.server.snapshot.auto.trigger.threshold = 10000 (custom)
2019-10-15 23:19:34,438 [pool-403-thread-1] INFO  server.RaftServerConfigKeys (ConfUtils.java:logGet(43)) - raft.server.snapshot.retention.file.num = 5 (custom)
2019-10-15 23:19:34,438 [pool-393-thread-1] INFO  server.RaftServerConfigKeys (ConfUtils.java:logGet(43)) - raft.server.log.preallocated.size = 16384 (custom)
2019-10-15 23:19:34,439 [pool-403-thread-1] INFO  server.RaftServerConfigKeys (ConfUtils.java:logGet(43)) - raft.server.retrycache.expirytime = 600000ms (custom)
2019-10-15 23:19:34,438 [pool-383-thread-1] INFO  server.RaftServerConfigKeys (ConfUtils.java:logGet(43)) - raft.server.log.preallocated.size = 16384 (custom)
2019-10-15 23:19:34,439 [pool-393-thread-1] INFO  server.RaftServerConfigKeys (ConfUtils.java:logGet(43)) - raft.server.log.write.buffer.size = 33554432 (custom)
2019-10-15 23:19:34,439 [pool-383-thread-1] INFO  server.RaftServerConfigKeys (ConfUtils.java:logGet(43)) - raft.server.log.write.buffer.size = 33554432 (custom)
2019-10-15 23:19:34,439 [pool-393-thread-1] INFO  server.RaftServerConfigKeys (ConfUtils.java:logGet(43)) - raft.server.log.force.sync.num = 128 (default)
2019-10-15 23:19:34,439 [pool-383-thread-1] INFO  server.RaftServerConfigKeys (ConfUtils.java:logGet(43)) - raft.server.log.force.sync.num = 128 (default)
2019-10-15 23:19:34,439 [pool-393-thread-1] INFO  server.RaftServerConfigKeys (ConfUtils.java:logGet(43)) - raft.server.log.statemachine.data.sync = true (default)
2019-10-15 23:19:34,439 [pool-383-thread-1] INFO  server.RaftServerConfigKeys (ConfUtils.java:logGet(43)) - raft.server.log.statemachine.data.sync = true (default)
2019-10-15 23:19:34,440 [pool-393-thread-1] INFO  server.RaftServerConfigKeys (ConfUtils.java:logGet(43)) - raft.server.log.statemachine.data.sync.timeout = 10s (default)
2019-10-15 23:19:34,440 [pool-383-thread-1] INFO  server.RaftServerConfigKeys (ConfUtils.java:logGet(43)) - raft.server.log.statemachine.data.sync.timeout = 10s (default)
2019-10-15 23:19:34,440 [pool-393-thread-1] INFO  server.RaftServerConfigKeys (ConfUtils.java:logGet(43)) - raft.server.log.statemachine.data.sync.timeout.retry = -1 (default)
2019-10-15 23:19:34,440 [pool-383-thread-1] INFO  server.RaftServerConfigKeys (ConfUtils.java:logGet(43)) - raft.server.log.statemachine.data.sync.timeout.retry = -1 (default)
2019-10-15 23:19:34,440 [pool-393-thread-1] INFO  server.RaftServerConfigKeys (ConfUtils.java:logGet(43)) - raft.server.log.statemachine.data.caching.enabled = true (custom)
2019-10-15 23:19:34,440 [pool-383-thread-1] INFO  server.RaftServerConfigKeys (ConfUtils.java:logGet(43)) - raft.server.log.statemachine.data.caching.enabled = true (custom)
2019-10-15 23:19:34,440 [pool-403-thread-1] INFO  impl.RaftServerImpl (RaftServerImpl.java:start(181)) - 38dbd1c3-faa5-48e6-bcd1-f1510de0773c@group-5054BFC63753: start as a follower, conf=-1: [38dbd1c3-faa5-48e6-bcd1-f1510de0773c:192.168.157.213:43664, d8510fed-4a1a-407a-82a8-c66d1fc8fbfe:192.168.157.213:35892, 5ed9541c-0fee-4df4-91ea-614d35c75888:192.168.157.213:32920], old=null
2019-10-15 23:19:34,440 [pool-393-thread-1] INFO  segmented.SegmentedRaftLogWorker (SegmentedRaftLogWorker.java:lambda$new$0(128)) - d8510fed-4a1a-407a-82a8-c66d1fc8fbfe@group-5054BFC63753-SegmentedRaftLogWorker: flushIndex: setUnconditionally 0 -> -1
2019-10-15 23:19:34,441 [pool-403-thread-1] INFO  impl.RaftServerImpl (RaftServerImpl.java:setRole(170)) - 38dbd1c3-faa5-48e6-bcd1-f1510de0773c@group-5054BFC63753: changes role from      null to FOLLOWER at term 0 for startAsFollower
2019-10-15 23:19:34,441 [pool-403-thread-1] INFO  impl.RoleInfo (RoleInfo.java:updateAndGet(143)) - 38dbd1c3-faa5-48e6-bcd1-f1510de0773c: start FollowerState
2019-10-15 23:19:34,441 [pool-393-thread-1] INFO  server.RaftServerConfigKeys (ConfUtils.java:logGet(43)) - raft.server.snapshot.auto.trigger.enabled = true (custom)
2019-10-15 23:19:34,441 [pool-393-thread-1] INFO  server.RaftServerConfigKeys (ConfUtils.java:logGet(43)) - raft.server.snapshot.auto.trigger.threshold = 10000 (custom)
2019-10-15 23:19:34,441 [pool-403-thread-1] INFO  util.JmxRegister (JmxRegister.java:tryRegister(44)) - Successfully registered JMX Bean with object name Ratis:service=RaftServer,group=group-5054BFC63753,id=38dbd1c3-faa5-48e6-bcd1-f1510de0773c
2019-10-15 23:19:34,441 [pool-383-thread-1] INFO  segmented.SegmentedRaftLogWorker (SegmentedRaftLogWorker.java:lambda$new$0(128)) - 5ed9541c-0fee-4df4-91ea-614d35c75888@group-5054BFC63753-SegmentedRaftLogWorker: flushIndex: setUnconditionally 0 -> -1
2019-10-15 23:19:34,441 [pool-393-thread-1] INFO  server.RaftServerConfigKeys (ConfUtils.java:logGet(43)) - raft.server.snapshot.retention.file.num = 5 (custom)
2019-10-15 23:19:34,442 [pool-383-thread-1] INFO  server.RaftServerConfigKeys (ConfUtils.java:logGet(43)) - raft.server.snapshot.auto.trigger.enabled = true (custom)
2019-10-15 23:19:34,442 [pool-393-thread-1] INFO  server.RaftServerConfigKeys (ConfUtils.java:logGet(43)) - raft.server.retrycache.expirytime = 600000ms (custom)
2019-10-15 23:19:34,442 [pool-383-thread-1] INFO  server.RaftServerConfigKeys (ConfUtils.java:logGet(43)) - raft.server.snapshot.auto.trigger.threshold = 10000 (custom)
2019-10-15 23:19:34,442 [pool-383-thread-1] INFO  server.RaftServerConfigKeys (ConfUtils.java:logGet(43)) - raft.server.snapshot.retention.file.num = 5 (custom)
2019-10-15 23:19:34,442 [pool-383-thread-1] INFO  server.RaftServerConfigKeys (ConfUtils.java:logGet(43)) - raft.server.retrycache.expirytime = 600000ms (custom)
2019-10-15 23:19:34,446 [pool-393-thread-1] INFO  impl.RaftServerImpl (RaftServerImpl.java:start(181)) - d8510fed-4a1a-407a-82a8-c66d1fc8fbfe@group-5054BFC63753: start as a follower, conf=-1: [38dbd1c3-faa5-48e6-bcd1-f1510de0773c:192.168.157.213:43664, d8510fed-4a1a-407a-82a8-c66d1fc8fbfe:192.168.157.213:35892, 5ed9541c-0fee-4df4-91ea-614d35c75888:192.168.157.213:32920], old=null
2019-10-15 23:19:34,446 [pool-393-thread-1] INFO  impl.RaftServerImpl (RaftServerImpl.java:setRole(170)) - d8510fed-4a1a-407a-82a8-c66d1fc8fbfe@group-5054BFC63753: changes role from      null to FOLLOWER at term 0 for startAsFollower
2019-10-15 23:19:34,446 [pool-383-thread-1] INFO  impl.RaftServerImpl (RaftServerImpl.java:start(181)) - 5ed9541c-0fee-4df4-91ea-614d35c75888@group-5054BFC63753: start as a follower, conf=-1: [38dbd1c3-faa5-48e6-bcd1-f1510de0773c:192.168.157.213:43664, d8510fed-4a1a-407a-82a8-c66d1fc8fbfe:192.168.157.213:35892, 5ed9541c-0fee-4df4-91ea-614d35c75888:192.168.157.213:32920], old=null
2019-10-15 23:19:34,446 [pool-393-thread-1] INFO  impl.RoleInfo (RoleInfo.java:updateAndGet(143)) - d8510fed-4a1a-407a-82a8-c66d1fc8fbfe: start FollowerState
2019-10-15 23:19:34,446 [pool-383-thread-1] INFO  impl.RaftServerImpl (RaftServerImpl.java:setRole(170)) - 5ed9541c-0fee-4df4-91ea-614d35c75888@group-5054BFC63753: changes role from      null to FOLLOWER at term 0 for startAsFollower
2019-10-15 23:19:34,446 [pool-383-thread-1] INFO  impl.RoleInfo (RoleInfo.java:updateAndGet(143)) - 5ed9541c-0fee-4df4-91ea-614d35c75888: start FollowerState
2019-10-15 23:19:34,446 [pool-393-thread-1] INFO  util.JmxRegister (JmxRegister.java:tryRegister(44)) - Successfully registered JMX Bean with object name Ratis:service=RaftServer,group=group-5054BFC63753,id=d8510fed-4a1a-407a-82a8-c66d1fc8fbfe
2019-10-15 23:19:34,446 [pool-383-thread-1] INFO  util.JmxRegister (JmxRegister.java:tryRegister(44)) - Successfully registered JMX Bean with object name Ratis:service=RaftServer,group=group-5054BFC63753,id=5ed9541c-0fee-4df4-91ea-614d35c75888
2019-10-15 23:19:34,452 [RatisPipelineUtilsThread] INFO  pipeline.PipelineStateManager (PipelineStateManager.java:addPipeline(56)) - Created pipeline Pipeline[ Id: 6ded018b-18ba-4941-8b96-5054bfc63753, Nodes: 5ed9541c-0fee-4df4-91ea-614d35c75888{ip: 192.168.157.213, host: pr-hdds-2221-lrjgr-1037302595, networkLocation: /default-rack, certSerialId: null}38dbd1c3-faa5-48e6-bcd1-f1510de0773c{ip: 192.168.157.213, host: pr-hdds-2221-lrjgr-1037302595, networkLocation: /default-rack, certSerialId: null}d8510fed-4a1a-407a-82a8-c66d1fc8fbfe{ip: 192.168.157.213, host: pr-hdds-2221-lrjgr-1037302595, networkLocation: /default-rack, certSerialId: null}, Type:RATIS, Factor:THREE, State:OPEN]
2019-10-15 23:19:34,487 [IPC Server handler 7 on 46482] INFO  net.NetworkTopology (NetworkTopologyImpl.java:add(111)) - Added a new node: /default-rack/afe183b3-c05a-4707-85f4-a543e0790e75
2019-10-15 23:19:34,487 [IPC Server handler 7 on 46482] INFO  node.SCMNodeManager (SCMNodeManager.java:register(268)) - Registered Data node : afe183b3-c05a-4707-85f4-a543e0790e75{ip: 192.168.157.213, host: pr-hdds-2221-lrjgr-1037302595, networkLocation: /default-rack, certSerialId: null}
2019-10-15 23:19:34,495 [grpc-default-executor-6] INFO  impl.RaftServerProxy (RaftServerProxy.java:addNew(89)) - afe183b3-c05a-4707-85f4-a543e0790e75: addNew group-91680198AE36:[afe183b3-c05a-4707-85f4-a543e0790e75:192.168.157.213:35356] returns group-91680198AE36:java.util.concurrent.CompletableFuture@1011f60a[Not completed]
2019-10-15 23:19:34,497 [pool-423-thread-1] INFO  impl.RaftServerImpl (RaftServerImpl.java:<init>(95)) - afe183b3-c05a-4707-85f4-a543e0790e75: new RaftServerImpl for group-91680198AE36:[afe183b3-c05a-4707-85f4-a543e0790e75:192.168.157.213:35356] with ContainerStateMachine:uninitialized
2019-10-15 23:19:34,497 [pool-423-thread-1] INFO  server.RaftServerConfigKeys (ConfUtils.java:logGet(43)) - raft.server.rpc.timeout.min = 5s (custom)
2019-10-15 23:19:34,497 [pool-423-thread-1] INFO  server.RaftServerConfigKeys (ConfUtils.java:logGet(43)) - raft.server.rpc.timeout.max = 5200ms (custom)
2019-10-15 23:19:34,497 [pool-423-thread-1] INFO  server.RaftServerConfigKeys (ConfUtils.java:logGet(43)) - raft.server.rpcslowness.timeout = 120s (custom)
2019-10-15 23:19:34,497 [pool-423-thread-1] INFO  server.RaftServerConfigKeys (ConfUtils.java:logGet(43)) - raft.server.sleep.deviation.threshold = 300 (default)
2019-10-15 23:19:34,498 [pool-423-thread-1] INFO  server.RaftServerConfigKeys (ConfUtils.java:logGet(43)) - raft.server.log.appender.install.snapshot.enabled = false (custom)
2019-10-15 23:19:34,498 [pool-423-thread-1] INFO  impl.RaftServerImpl (ServerState.java:<init>(103)) - afe183b3-c05a-4707-85f4-a543e0790e75@group-91680198AE36: ConfigurationManager, init=-1: [afe183b3-c05a-4707-85f4-a543e0790e75:192.168.157.213:35356], old=null, confs=<EMPTY_MAP>
2019-10-15 23:19:34,498 [pool-423-thread-1] INFO  server.RaftServerConfigKeys (ConfUtils.java:logGet(43)) - raft.server.storage.dir = [/workdir/hadoop-ozone/integration-test/target/test-dir/MiniOzoneClusterImpl-98aff22c-fa5c-47da-a3ae-7692c4dcc9fe/datanode-4/data/ratis] (custom)
2019-10-15 23:19:34,498 [pool-423-thread-1] INFO  server.RaftServerConfigKeys (ConfUtils.java:logGet(43)) - raft.server.log.corruption.policy = EXCEPTION (default)
2019-10-15 23:19:34,498 [pool-423-thread-1] INFO  storage.RaftStorageDirectory (RaftStorageDirectory.java:analyzeStorage(246)) - The storage directory /workdir/hadoop-ozone/integration-test/target/test-dir/MiniOzoneClusterImpl-98aff22c-fa5c-47da-a3ae-7692c4dcc9fe/datanode-4/data/ratis/46eecaf9-b87f-4744-888c-91680198ae36 does not exist. Creating ...
2019-10-15 23:19:34,511 [pool-423-thread-1] INFO  storage.RaftStorageDirectory (RaftStorageDirectory.java:tryLock(328)) - Lock on /workdir/hadoop-ozone/integration-test/target/test-dir/MiniOzoneClusterImpl-98aff22c-fa5c-47da-a3ae-7692c4dcc9fe/datanode-4/data/ratis/46eecaf9-b87f-4744-888c-91680198ae36/in_use.lock acquired by nodename 4396@pr-hdds-2221-lrjgr-1037302595
2019-10-15 23:19:34,524 [pool-423-thread-1] INFO  storage.RaftStorage (RaftStorage.java:format(84)) - Storage directory /workdir/hadoop-ozone/integration-test/target/test-dir/MiniOzoneClusterImpl-98aff22c-fa5c-47da-a3ae-7692c4dcc9fe/datanode-4/data/ratis/46eecaf9-b87f-4744-888c-91680198ae36 has been successfully formatted.
2019-10-15 23:19:34,524 [pool-423-thread-1] INFO  ratis.ContainerStateMachine (ContainerStateMachine.java:loadSnapshot(231)) - group-91680198AE36: The snapshot info is null. Setting the last applied indexto:(t:0, i:~)
2019-10-15 23:19:34,524 [pool-423-thread-1] INFO  server.RaftServerConfigKeys (ConfUtils.java:logGet(43)) - raft.server.notification.no-leader.timeout = 120s (custom)
2019-10-15 23:19:34,525 [pool-423-thread-1] INFO  server.RaftServerConfigKeys (ConfUtils.java:logGet(43)) - raft.server.log.use.memory = false (default)
2019-10-15 23:19:34,525 [pool-423-thread-1] INFO  server.RaftServerConfigKeys (ConfUtils.java:logGet(43)) - raft.server.log.purge.gap = 1000000 (custom)
2019-10-15 23:19:34,525 [pool-423-thread-1] INFO  server.RaftServerConfigKeys (ConfUtils.java:logGet(43)) - raft.server.log.appender.buffer.byte-limit = 33554432 (custom)
2019-10-15 23:19:34,525 [pool-423-thread-1] INFO  server.RaftServerConfigKeys (ConfUtils.java:logGet(43)) - raft.server.log.segment.size.max = 1048576 (custom)
2019-10-15 23:19:34,527 [pool-423-thread-1] INFO  server.RaftServerConfigKeys (ConfUtils.java:logGet(43)) - raft.server.log.segment.cache.num.max = 2 (custom)
2019-10-15 23:19:34,527 [pool-423-thread-1] INFO  segmented.SegmentedRaftLogWorker (SegmentedRaftLogWorker.java:<init>(173)) - new afe183b3-c05a-4707-85f4-a543e0790e75@group-91680198AE36-SegmentedRaftLogWorker for RaftStorage:Storage Directory /workdir/hadoop-ozone/integration-test/target/test-dir/MiniOzoneClusterImpl-98aff22c-fa5c-47da-a3ae-7692c4dcc9fe/datanode-4/data/ratis/46eecaf9-b87f-4744-888c-91680198ae36
2019-10-15 23:19:34,527 [pool-423-thread-1] INFO  server.RaftServerConfigKeys (ConfUtils.java:logGet(43)) - raft.server.log.queue.byte-limit = 2147483647 (custom)
2019-10-15 23:19:34,527 [pool-423-thread-1] INFO  server.RaftServerConfigKeys (ConfUtils.java:logGet(43)) - raft.server.log.queue.element-limit = 1024 (custom)
2019-10-15 23:19:34,527 [pool-423-thread-1] INFO  server.RaftServerConfigKeys (ConfUtils.java:logGet(43)) - raft.server.log.segment.size.max = 1048576 (custom)
2019-10-15 23:19:34,527 [pool-423-thread-1] INFO  server.RaftServerConfigKeys (ConfUtils.java:logGet(43)) - raft.server.log.preallocated.size = 16384 (custom)
2019-10-15 23:19:34,527 [pool-423-thread-1] INFO  server.RaftServerConfigKeys (ConfUtils.java:logGet(43)) - raft.server.log.write.buffer.size = 33554432 (custom)
2019-10-15 23:19:34,527 [pool-423-thread-1] INFO  server.RaftServerConfigKeys (ConfUtils.java:logGet(43)) - raft.server.log.force.sync.num = 128 (default)
2019-10-15 23:19:34,528 [pool-423-thread-1] INFO  server.RaftServerConfigKeys (ConfUtils.java:logGet(43)) - raft.server.log.statemachine.data.sync = true (default)
2019-10-15 23:19:34,528 [pool-423-thread-1] INFO  server.RaftServerConfigKeys (ConfUtils.java:logGet(43)) - raft.server.log.statemachine.data.sync.timeout = 10s (default)
2019-10-15 23:19:34,528 [pool-423-thread-1] INFO  server.RaftServerConfigKeys (ConfUtils.java:logGet(43)) - raft.server.log.statemachine.data.sync.timeout.retry = -1 (default)
2019-10-15 23:19:34,528 [pool-423-thread-1] INFO  server.RaftServerConfigKeys (ConfUtils.java:logGet(43)) - raft.server.log.statemachine.data.caching.enabled = true (custom)
2019-10-15 23:19:34,528 [pool-423-thread-1] INFO  segmented.SegmentedRaftLogWorker (SegmentedRaftLogWorker.java:lambda$new$0(128)) - afe183b3-c05a-4707-85f4-a543e0790e75@group-91680198AE36-SegmentedRaftLogWorker: flushIndex: setUnconditionally 0 -> -1
2019-10-15 23:19:34,529 [pool-423-thread-1] INFO  server.RaftServerConfigKeys (ConfUtils.java:logGet(43)) - raft.server.snapshot.auto.trigger.enabled = true (custom)
2019-10-15 23:19:34,529 [pool-423-thread-1] INFO  server.RaftServerConfigKeys (ConfUtils.java:logGet(43)) - raft.server.snapshot.auto.trigger.threshold = 10000 (custom)
2019-10-15 23:19:34,529 [pool-423-thread-1] INFO  server.RaftServerConfigKeys (ConfUtils.java:logGet(43)) - raft.server.snapshot.retention.file.num = 5 (custom)
2019-10-15 23:19:34,529 [pool-423-thread-1] INFO  server.RaftServerConfigKeys (ConfUtils.java:logGet(43)) - raft.server.retrycache.expirytime = 600000ms (custom)
2019-10-15 23:19:34,531 [pool-423-thread-1] INFO  impl.RaftServerImpl (RaftServerImpl.java:start(181)) - afe183b3-c05a-4707-85f4-a543e0790e75@group-91680198AE36: start as a follower, conf=-1: [afe183b3-c05a-4707-85f4-a543e0790e75:192.168.157.213:35356], old=null
2019-10-15 23:19:34,531 [pool-423-thread-1] INFO  impl.RaftServerImpl (RaftServerImpl.java:setRole(170)) - afe183b3-c05a-4707-85f4-a543e0790e75@group-91680198AE36: changes role from      null to FOLLOWER at term 0 for startAsFollower
2019-10-15 23:19:34,531 [pool-423-thread-1] INFO  impl.RoleInfo (RoleInfo.java:updateAndGet(143)) - afe183b3-c05a-4707-85f4-a543e0790e75: start FollowerState
2019-10-15 23:19:34,531 [pool-423-thread-1] INFO  util.JmxRegister (JmxRegister.java:tryRegister(44)) - Successfully registered JMX Bean with object name Ratis:service=RaftServer,group=group-91680198AE36,id=afe183b3-c05a-4707-85f4-a543e0790e75
2019-10-15 23:19:34,535 [RatisPipelineUtilsThread] INFO  pipeline.PipelineStateManager (PipelineStateManager.java:addPipeline(56)) - Created pipeline Pipeline[ Id: 46eecaf9-b87f-4744-888c-91680198ae36, Nodes: afe183b3-c05a-4707-85f4-a543e0790e75{ip: 192.168.157.213, host: pr-hdds-2221-lrjgr-1037302595, networkLocation: /default-rack, certSerialId: null}, Type:RATIS, Factor:ONE, State:OPEN]
2019-10-15 23:19:34,542 [grpc-default-executor-6] INFO  impl.RaftServerProxy (RaftServerProxy.java:addNew(89)) - b977082d-6667-4eed-949e-a30759adbdfa: addNew group-4232474B2103:[b977082d-6667-4eed-949e-a30759adbdfa:192.168.157.213:40604] returns group-4232474B2103:java.util.concurrent.CompletableFuture@9bdccdc[Not completed]
2019-10-15 23:19:34,543 [pool-413-thread-1] INFO  impl.RaftServerImpl (RaftServerImpl.java:<init>(95)) - b977082d-6667-4eed-949e-a30759adbdfa: new RaftServerImpl for group-4232474B2103:[b977082d-6667-4eed-949e-a30759adbdfa:192.168.157.213:40604] with ContainerStateMachine:uninitialized
2019-10-15 23:19:34,543 [pool-413-thread-1] INFO  server.RaftServerConfigKeys (ConfUtils.java:logGet(43)) - raft.server.rpc.timeout.min = 5s (custom)
2019-10-15 23:19:34,543 [pool-413-thread-1] INFO  server.RaftServerConfigKeys (ConfUtils.java:logGet(43)) - raft.server.rpc.timeout.max = 5200ms (custom)
2019-10-15 23:19:34,543 [pool-413-thread-1] INFO  server.RaftServerConfigKeys (ConfUtils.java:logGet(43)) - raft.server.rpcslowness.timeout = 120s (custom)
2019-10-15 23:19:34,543 [pool-413-thread-1] INFO  server.RaftServerConfigKeys (ConfUtils.java:logGet(43)) - raft.server.sleep.deviation.threshold = 300 (default)
2019-10-15 23:19:34,543 [pool-413-thread-1] INFO  server.RaftServerConfigKeys (ConfUtils.java:logGet(43)) - raft.server.log.appender.install.snapshot.enabled = false (custom)
2019-10-15 23:19:34,543 [pool-413-thread-1] INFO  impl.RaftServerImpl (ServerState.java:<init>(103)) - b977082d-6667-4eed-949e-a30759adbdfa@group-4232474B2103: ConfigurationManager, init=-1: [b977082d-6667-4eed-949e-a30759adbdfa:192.168.157.213:40604], old=null, confs=<EMPTY_MAP>
2019-10-15 23:19:34,543 [pool-413-thread-1] INFO  server.RaftServerConfigKeys (ConfUtils.java:logGet(43)) - raft.server.storage.dir = [/workdir/hadoop-ozone/integration-test/target/test-dir/MiniOzoneClusterImpl-98aff22c-fa5c-47da-a3ae-7692c4dcc9fe/datanode-3/data/ratis] (custom)
2019-10-15 23:19:34,543 [pool-413-thread-1] INFO  server.RaftServerConfigKeys (ConfUtils.java:logGet(43)) - raft.server.log.corruption.policy = EXCEPTION (default)
2019-10-15 23:19:34,544 [pool-413-thread-1] INFO  storage.RaftStorageDirectory (RaftStorageDirectory.java:analyzeStorage(246)) - The storage directory /workdir/hadoop-ozone/integration-test/target/test-dir/MiniOzoneClusterImpl-98aff22c-fa5c-47da-a3ae-7692c4dcc9fe/datanode-3/data/ratis/8d0ddaec-454d-475d-8927-4232474b2103 does not exist. Creating ...
2019-10-15 23:19:34,556 [pool-413-thread-1] INFO  storage.RaftStorageDirectory (RaftStorageDirectory.java:tryLock(328)) - Lock on /workdir/hadoop-ozone/integration-test/target/test-dir/MiniOzoneClusterImpl-98aff22c-fa5c-47da-a3ae-7692c4dcc9fe/datanode-3/data/ratis/8d0ddaec-454d-475d-8927-4232474b2103/in_use.lock acquired by nodename 4396@pr-hdds-2221-lrjgr-1037302595
2019-10-15 23:19:34,568 [pool-413-thread-1] INFO  storage.RaftStorage (RaftStorage.java:format(84)) - Storage directory /workdir/hadoop-ozone/integration-test/target/test-dir/MiniOzoneClusterImpl-98aff22c-fa5c-47da-a3ae-7692c4dcc9fe/datanode-3/data/ratis/8d0ddaec-454d-475d-8927-4232474b2103 has been successfully formatted.
2019-10-15 23:19:34,568 [pool-413-thread-1] INFO  ratis.ContainerStateMachine (ContainerStateMachine.java:loadSnapshot(231)) - group-4232474B2103: The snapshot info is null. Setting the last applied indexto:(t:0, i:~)
2019-10-15 23:19:34,569 [pool-413-thread-1] INFO  server.RaftServerConfigKeys (ConfUtils.java:logGet(43)) - raft.server.notification.no-leader.timeout = 120s (custom)
2019-10-15 23:19:34,569 [pool-413-thread-1] INFO  server.RaftServerConfigKeys (ConfUtils.java:logGet(43)) - raft.server.log.use.memory = false (default)
2019-10-15 23:19:34,569 [pool-413-thread-1] INFO  server.RaftServerConfigKeys (ConfUtils.java:logGet(43)) - raft.server.log.purge.gap = 1000000 (custom)
2019-10-15 23:19:34,569 [pool-413-thread-1] INFO  server.RaftServerConfigKeys (ConfUtils.java:logGet(43)) - raft.server.log.appender.buffer.byte-limit = 33554432 (custom)
2019-10-15 23:19:34,569 [pool-413-thread-1] INFO  server.RaftServerConfigKeys (ConfUtils.java:logGet(43)) - raft.server.log.segment.size.max = 1048576 (custom)
2019-10-15 23:19:34,570 [pool-413-thread-1] INFO  server.RaftServerConfigKeys (ConfUtils.java:logGet(43)) - raft.server.log.segment.cache.num.max = 2 (custom)
2019-10-15 23:19:34,570 [pool-413-thread-1] INFO  segmented.SegmentedRaftLogWorker (SegmentedRaftLogWorker.java:<init>(173)) - new b977082d-6667-4eed-949e-a30759adbdfa@group-4232474B2103-SegmentedRaftLogWorker for RaftStorage:Storage Directory /workdir/hadoop-ozone/integration-test/target/test-dir/MiniOzoneClusterImpl-98aff22c-fa5c-47da-a3ae-7692c4dcc9fe/datanode-3/data/ratis/8d0ddaec-454d-475d-8927-4232474b2103
2019-10-15 23:19:34,570 [pool-413-thread-1] INFO  server.RaftServerConfigKeys (ConfUtils.java:logGet(43)) - raft.server.log.queue.byte-limit = 2147483647 (custom)
2019-10-15 23:19:34,571 [pool-413-thread-1] INFO  server.RaftServerConfigKeys (ConfUtils.java:logGet(43)) - raft.server.log.queue.element-limit = 1024 (custom)
2019-10-15 23:19:34,571 [pool-413-thread-1] INFO  server.RaftServerConfigKeys (ConfUtils.java:logGet(43)) - raft.server.log.segment.size.max = 1048576 (custom)
2019-10-15 23:19:34,571 [pool-413-thread-1] INFO  server.RaftServerConfigKeys (ConfUtils.java:logGet(43)) - raft.server.log.preallocated.size = 16384 (custom)
2019-10-15 23:19:34,571 [pool-413-thread-1] INFO  server.RaftServerConfigKeys (ConfUtils.java:logGet(43)) - raft.server.log.write.buffer.size = 33554432 (custom)
2019-10-15 23:19:34,571 [pool-413-thread-1] INFO  server.RaftServerConfigKeys (ConfUtils.java:logGet(43)) - raft.server.log.force.sync.num = 128 (default)
2019-10-15 23:19:34,571 [pool-413-thread-1] INFO  server.RaftServerConfigKeys (ConfUtils.java:logGet(43)) - raft.server.log.statemachine.data.sync = true (default)
2019-10-15 23:19:34,571 [pool-413-thread-1] INFO  server.RaftServerConfigKeys (ConfUtils.java:logGet(43)) - raft.server.log.statemachine.data.sync.timeout = 10s (default)
2019-10-15 23:19:34,571 [pool-413-thread-1] INFO  server.RaftServerConfigKeys (ConfUtils.java:logGet(43)) - raft.server.log.statemachine.data.sync.timeout.retry = -1 (default)
2019-10-15 23:19:34,571 [pool-413-thread-1] INFO  server.RaftServerConfigKeys (ConfUtils.java:logGet(43)) - raft.server.log.statemachine.data.caching.enabled = true (custom)
2019-10-15 23:19:34,572 [pool-413-thread-1] INFO  segmented.SegmentedRaftLogWorker (SegmentedRaftLogWorker.java:lambda$new$0(128)) - b977082d-6667-4eed-949e-a30759adbdfa@group-4232474B2103-SegmentedRaftLogWorker: flushIndex: setUnconditionally 0 -> -1
2019-10-15 23:19:34,572 [pool-413-thread-1] INFO  server.RaftServerConfigKeys (ConfUtils.java:logGet(43)) - raft.server.snapshot.auto.trigger.enabled = true (custom)
2019-10-15 23:19:34,572 [pool-413-thread-1] INFO  server.RaftServerConfigKeys (ConfUtils.java:logGet(43)) - raft.server.snapshot.auto.trigger.threshold = 10000 (custom)
2019-10-15 23:19:34,572 [pool-413-thread-1] INFO  server.RaftServerConfigKeys (ConfUtils.java:logGet(43)) - raft.server.snapshot.retention.file.num = 5 (custom)
2019-10-15 23:19:34,572 [pool-413-thread-1] INFO  server.RaftServerConfigKeys (ConfUtils.java:logGet(43)) - raft.server.retrycache.expirytime = 600000ms (custom)
2019-10-15 23:19:34,574 [pool-413-thread-1] INFO  impl.RaftServerImpl (RaftServerImpl.java:start(181)) - b977082d-6667-4eed-949e-a30759adbdfa@group-4232474B2103: start as a follower, conf=-1: [b977082d-6667-4eed-949e-a30759adbdfa:192.168.157.213:40604], old=null
2019-10-15 23:19:34,574 [pool-413-thread-1] INFO  impl.RaftServerImpl (RaftServerImpl.java:setRole(170)) - b977082d-6667-4eed-949e-a30759adbdfa@group-4232474B2103: changes role from      null to FOLLOWER at term 0 for startAsFollower
2019-10-15 23:19:34,574 [pool-413-thread-1] INFO  impl.RoleInfo (RoleInfo.java:updateAndGet(143)) - b977082d-6667-4eed-949e-a30759adbdfa: start FollowerState
2019-10-15 23:19:34,574 [pool-413-thread-1] INFO  util.JmxRegister (JmxRegister.java:tryRegister(44)) - Successfully registered JMX Bean with object name Ratis:service=RaftServer,group=group-4232474B2103,id=b977082d-6667-4eed-949e-a30759adbdfa
2019-10-15 23:19:34,578 [RatisPipelineUtilsThread] INFO  pipeline.PipelineStateManager (PipelineStateManager.java:addPipeline(56)) - Created pipeline Pipeline[ Id: 8d0ddaec-454d-475d-8927-4232474b2103, Nodes: b977082d-6667-4eed-949e-a30759adbdfa{ip: 192.168.157.213, host: pr-hdds-2221-lrjgr-1037302595, networkLocation: /default-rack, certSerialId: null}, Type:RATIS, Factor:ONE, State:OPEN]
2019-10-15 23:19:34,578 [IPC Server handler 2 on 46482] INFO  net.NetworkTopology (NetworkTopologyImpl.java:add(111)) - Added a new node: /default-rack/b939edb1-32ad-4b86-9bef-59d37877c49c
2019-10-15 23:19:34,578 [IPC Server handler 2 on 46482] INFO  node.SCMNodeManager (SCMNodeManager.java:register(268)) - Registered Data node : b939edb1-32ad-4b86-9bef-59d37877c49c{ip: 192.168.157.213, host: pr-hdds-2221-lrjgr-1037302595, networkLocation: /default-rack, certSerialId: null}
2019-10-15 23:19:34,585 [grpc-default-executor-6] INFO  impl.RaftServerProxy (RaftServerProxy.java:addNew(89)) - b939edb1-32ad-4b86-9bef-59d37877c49c: addNew group-6E3FC7EAAD65:[b939edb1-32ad-4b86-9bef-59d37877c49c:192.168.157.213:44075] returns group-6E3FC7EAAD65:java.util.concurrent.CompletableFuture@7650c5f3[Not completed]
2019-10-15 23:19:34,586 [pool-433-thread-1] INFO  impl.RaftServerImpl (RaftServerImpl.java:<init>(95)) - b939edb1-32ad-4b86-9bef-59d37877c49c: new RaftServerImpl for group-6E3FC7EAAD65:[b939edb1-32ad-4b86-9bef-59d37877c49c:192.168.157.213:44075] with ContainerStateMachine:uninitialized
2019-10-15 23:19:34,586 [pool-433-thread-1] INFO  server.RaftServerConfigKeys (ConfUtils.java:logGet(43)) - raft.server.rpc.timeout.min = 5s (custom)
2019-10-15 23:19:34,586 [pool-433-thread-1] INFO  server.RaftServerConfigKeys (ConfUtils.java:logGet(43)) - raft.server.rpc.timeout.max = 5200ms (custom)
2019-10-15 23:19:34,586 [pool-433-thread-1] INFO  server.RaftServerConfigKeys (ConfUtils.java:logGet(43)) - raft.server.rpcslowness.timeout = 120s (custom)
2019-10-15 23:19:34,586 [pool-433-thread-1] INFO  server.RaftServerConfigKeys (ConfUtils.java:logGet(43)) - raft.server.sleep.deviation.threshold = 300 (default)
2019-10-15 23:19:34,586 [pool-433-thread-1] INFO  server.RaftServerConfigKeys (ConfUtils.java:logGet(43)) - raft.server.log.appender.install.snapshot.enabled = false (custom)
2019-10-15 23:19:34,587 [pool-433-thread-1] INFO  impl.RaftServerImpl (ServerState.java:<init>(103)) - b939edb1-32ad-4b86-9bef-59d37877c49c@group-6E3FC7EAAD65: ConfigurationManager, init=-1: [b939edb1-32ad-4b86-9bef-59d37877c49c:192.168.157.213:44075], old=null, confs=<EMPTY_MAP>
2019-10-15 23:19:34,587 [pool-433-thread-1] INFO  server.RaftServerConfigKeys (ConfUtils.java:logGet(43)) - raft.server.storage.dir = [/workdir/hadoop-ozone/integration-test/target/test-dir/MiniOzoneClusterImpl-98aff22c-fa5c-47da-a3ae-7692c4dcc9fe/datanode-5/data/ratis] (custom)
2019-10-15 23:19:34,587 [pool-433-thread-1] INFO  server.RaftServerConfigKeys (ConfUtils.java:logGet(43)) - raft.server.log.corruption.policy = EXCEPTION (default)
2019-10-15 23:19:34,587 [pool-433-thread-1] INFO  storage.RaftStorageDirectory (RaftStorageDirectory.java:analyzeStorage(246)) - The storage directory /workdir/hadoop-ozone/integration-test/target/test-dir/MiniOzoneClusterImpl-98aff22c-fa5c-47da-a3ae-7692c4dcc9fe/datanode-5/data/ratis/0fd6b2fa-185d-4421-8eda-6e3fc7eaad65 does not exist. Creating ...
2019-10-15 23:19:34,600 [pool-433-thread-1] INFO  storage.RaftStorageDirectory (RaftStorageDirectory.java:tryLock(328)) - Lock on /workdir/hadoop-ozone/integration-test/target/test-dir/MiniOzoneClusterImpl-98aff22c-fa5c-47da-a3ae-7692c4dcc9fe/datanode-5/data/ratis/0fd6b2fa-185d-4421-8eda-6e3fc7eaad65/in_use.lock acquired by nodename 4396@pr-hdds-2221-lrjgr-1037302595
2019-10-15 23:19:34,613 [pool-433-thread-1] INFO  storage.RaftStorage (RaftStorage.java:format(84)) - Storage directory /workdir/hadoop-ozone/integration-test/target/test-dir/MiniOzoneClusterImpl-98aff22c-fa5c-47da-a3ae-7692c4dcc9fe/datanode-5/data/ratis/0fd6b2fa-185d-4421-8eda-6e3fc7eaad65 has been successfully formatted.
2019-10-15 23:19:34,613 [pool-433-thread-1] INFO  ratis.ContainerStateMachine (ContainerStateMachine.java:loadSnapshot(231)) - group-6E3FC7EAAD65: The snapshot info is null. Setting the last applied indexto:(t:0, i:~)
2019-10-15 23:19:34,613 [pool-433-thread-1] INFO  server.RaftServerConfigKeys (ConfUtils.java:logGet(43)) - raft.server.notification.no-leader.timeout = 120s (custom)
2019-10-15 23:19:34,613 [pool-433-thread-1] INFO  server.RaftServerConfigKeys (ConfUtils.java:logGet(43)) - raft.server.log.use.memory = false (default)
2019-10-15 23:19:34,613 [pool-433-thread-1] INFO  server.RaftServerConfigKeys (ConfUtils.java:logGet(43)) - raft.server.log.purge.gap = 1000000 (custom)
2019-10-15 23:19:34,613 [pool-433-thread-1] INFO  server.RaftServerConfigKeys (ConfUtils.java:logGet(43)) - raft.server.log.appender.buffer.byte-limit = 33554432 (custom)
2019-10-15 23:19:34,613 [pool-433-thread-1] INFO  server.RaftServerConfigKeys (ConfUtils.java:logGet(43)) - raft.server.log.segment.size.max = 1048576 (custom)
2019-10-15 23:19:34,615 [pool-433-thread-1] INFO  server.RaftServerConfigKeys (ConfUtils.java:logGet(43)) - raft.server.log.segment.cache.num.max = 2 (custom)
2019-10-15 23:19:34,615 [pool-433-thread-1] INFO  segmented.SegmentedRaftLogWorker (SegmentedRaftLogWorker.java:<init>(173)) - new b939edb1-32ad-4b86-9bef-59d37877c49c@group-6E3FC7EAAD65-SegmentedRaftLogWorker for RaftStorage:Storage Directory /workdir/hadoop-ozone/integration-test/target/test-dir/MiniOzoneClusterImpl-98aff22c-fa5c-47da-a3ae-7692c4dcc9fe/datanode-5/data/ratis/0fd6b2fa-185d-4421-8eda-6e3fc7eaad65
2019-10-15 23:19:34,615 [pool-433-thread-1] INFO  server.RaftServerConfigKeys (ConfUtils.java:logGet(43)) - raft.server.log.queue.byte-limit = 2147483647 (custom)
2019-10-15 23:19:34,615 [pool-433-thread-1] INFO  server.RaftServerConfigKeys (ConfUtils.java:logGet(43)) - raft.server.log.queue.element-limit = 1024 (custom)
2019-10-15 23:19:34,615 [pool-433-thread-1] INFO  server.RaftServerConfigKeys (ConfUtils.java:logGet(43)) - raft.server.log.segment.size.max = 1048576 (custom)
2019-10-15 23:19:34,616 [pool-433-thread-1] INFO  server.RaftServerConfigKeys (ConfUtils.java:logGet(43)) - raft.server.log.preallocated.size = 16384 (custom)
2019-10-15 23:19:34,616 [pool-433-thread-1] INFO  server.RaftServerConfigKeys (ConfUtils.java:logGet(43)) - raft.server.log.write.buffer.size = 33554432 (custom)
2019-10-15 23:19:34,616 [pool-433-thread-1] INFO  server.RaftServerConfigKeys (ConfUtils.java:logGet(43)) - raft.server.log.force.sync.num = 128 (default)
2019-10-15 23:19:34,616 [pool-433-thread-1] INFO  server.RaftServerConfigKeys (ConfUtils.java:logGet(43)) - raft.server.log.statemachine.data.sync = true (default)
2019-10-15 23:19:34,616 [pool-433-thread-1] INFO  server.RaftServerConfigKeys (ConfUtils.java:logGet(43)) - raft.server.log.statemachine.data.sync.timeout = 10s (default)
2019-10-15 23:19:34,616 [pool-433-thread-1] INFO  server.RaftServerConfigKeys (ConfUtils.java:logGet(43)) - raft.server.log.statemachine.data.sync.timeout.retry = -1 (default)
2019-10-15 23:19:34,616 [pool-433-thread-1] INFO  server.RaftServerConfigKeys (ConfUtils.java:logGet(43)) - raft.server.log.statemachine.data.caching.enabled = true (custom)
2019-10-15 23:19:34,617 [pool-433-thread-1] INFO  segmented.SegmentedRaftLogWorker (SegmentedRaftLogWorker.java:lambda$new$0(128)) - b939edb1-32ad-4b86-9bef-59d37877c49c@group-6E3FC7EAAD65-SegmentedRaftLogWorker: flushIndex: setUnconditionally 0 -> -1
2019-10-15 23:19:34,617 [pool-433-thread-1] INFO  server.RaftServerConfigKeys (ConfUtils.java:logGet(43)) - raft.server.snapshot.auto.trigger.enabled = true (custom)
2019-10-15 23:19:34,617 [pool-433-thread-1] INFO  server.RaftServerConfigKeys (ConfUtils.java:logGet(43)) - raft.server.snapshot.auto.trigger.threshold = 10000 (custom)
2019-10-15 23:19:34,617 [pool-433-thread-1] INFO  server.RaftServerConfigKeys (ConfUtils.java:logGet(43)) - raft.server.snapshot.retention.file.num = 5 (custom)
2019-10-15 23:19:34,617 [pool-433-thread-1] INFO  server.RaftServerConfigKeys (ConfUtils.java:logGet(43)) - raft.server.retrycache.expirytime = 600000ms (custom)
2019-10-15 23:19:34,619 [pool-433-thread-1] INFO  impl.RaftServerImpl (RaftServerImpl.java:start(181)) - b939edb1-32ad-4b86-9bef-59d37877c49c@group-6E3FC7EAAD65: start as a follower, conf=-1: [b939edb1-32ad-4b86-9bef-59d37877c49c:192.168.157.213:44075], old=null
2019-10-15 23:19:34,619 [pool-433-thread-1] INFO  impl.RaftServerImpl (RaftServerImpl.java:setRole(170)) - b939edb1-32ad-4b86-9bef-59d37877c49c@group-6E3FC7EAAD65: changes role from      null to FOLLOWER at term 0 for startAsFollower
2019-10-15 23:19:34,619 [pool-433-thread-1] INFO  impl.RoleInfo (RoleInfo.java:updateAndGet(143)) - b939edb1-32ad-4b86-9bef-59d37877c49c: start FollowerState
2019-10-15 23:19:34,619 [pool-433-thread-1] INFO  util.JmxRegister (JmxRegister.java:tryRegister(44)) - Successfully registered JMX Bean with object name Ratis:service=RaftServer,group=group-6E3FC7EAAD65,id=b939edb1-32ad-4b86-9bef-59d37877c49c
2019-10-15 23:19:34,623 [RatisPipelineUtilsThread] INFO  pipeline.PipelineStateManager (PipelineStateManager.java:addPipeline(56)) - Created pipeline Pipeline[ Id: 0fd6b2fa-185d-4421-8eda-6e3fc7eaad65, Nodes: b939edb1-32ad-4b86-9bef-59d37877c49c{ip: 192.168.157.213, host: pr-hdds-2221-lrjgr-1037302595, networkLocation: /default-rack, certSerialId: null}, Type:RATIS, Factor:ONE, State:OPEN]
2019-10-15 23:19:34,637 [grpc-default-executor-5] INFO  impl.RaftServerProxy (RaftServerProxy.java:addNew(89)) - afe183b3-c05a-4707-85f4-a543e0790e75: addNew group-A7D1D159CB99:[afe183b3-c05a-4707-85f4-a543e0790e75:192.168.157.213:35356, b939edb1-32ad-4b86-9bef-59d37877c49c:192.168.157.213:44075, b977082d-6667-4eed-949e-a30759adbdfa:192.168.157.213:40604] returns group-A7D1D159CB99:java.util.concurrent.CompletableFuture@7d103ee6[Not completed]
2019-10-15 23:19:34,637 [grpc-default-executor-8] INFO  impl.RaftServerProxy (RaftServerProxy.java:addNew(89)) - b977082d-6667-4eed-949e-a30759adbdfa: addNew group-A7D1D159CB99:[afe183b3-c05a-4707-85f4-a543e0790e75:192.168.157.213:35356, b939edb1-32ad-4b86-9bef-59d37877c49c:192.168.157.213:44075, b977082d-6667-4eed-949e-a30759adbdfa:192.168.157.213:40604] returns group-A7D1D159CB99:java.util.concurrent.CompletableFuture@24037039[Not completed]
2019-10-15 23:19:34,638 [grpc-default-executor-8] INFO  impl.RaftServerProxy (RaftServerProxy.java:addNew(89)) - b939edb1-32ad-4b86-9bef-59d37877c49c: addNew group-A7D1D159CB99:[afe183b3-c05a-4707-85f4-a543e0790e75:192.168.157.213:35356, b939edb1-32ad-4b86-9bef-59d37877c49c:192.168.157.213:44075, b977082d-6667-4eed-949e-a30759adbdfa:192.168.157.213:40604] returns group-A7D1D159CB99:java.util.concurrent.CompletableFuture@5ee5c8b0[Not completed]
2019-10-15 23:19:34,638 [pool-423-thread-1] INFO  impl.RaftServerImpl (RaftServerImpl.java:<init>(95)) - afe183b3-c05a-4707-85f4-a543e0790e75: new RaftServerImpl for group-A7D1D159CB99:[afe183b3-c05a-4707-85f4-a543e0790e75:192.168.157.213:35356, b939edb1-32ad-4b86-9bef-59d37877c49c:192.168.157.213:44075, b977082d-6667-4eed-949e-a30759adbdfa:192.168.157.213:40604] with ContainerStateMachine:uninitialized
2019-10-15 23:19:34,638 [pool-423-thread-1] INFO  server.RaftServerConfigKeys (ConfUtils.java:logGet(43)) - raft.server.rpc.timeout.min = 5s (custom)
2019-10-15 23:19:34,638 [pool-423-thread-1] INFO  server.RaftServerConfigKeys (ConfUtils.java:logGet(43)) - raft.server.rpc.timeout.max = 5200ms (custom)
2019-10-15 23:19:34,639 [pool-423-thread-1] INFO  server.RaftServerConfigKeys (ConfUtils.java:logGet(43)) - raft.server.rpcslowness.timeout = 120s (custom)
2019-10-15 23:19:34,639 [pool-413-thread-1] INFO  impl.RaftServerImpl (RaftServerImpl.java:<init>(95)) - b977082d-6667-4eed-949e-a30759adbdfa: new RaftServerImpl for group-A7D1D159CB99:[afe183b3-c05a-4707-85f4-a543e0790e75:192.168.157.213:35356, b939edb1-32ad-4b86-9bef-59d37877c49c:192.168.157.213:44075, b977082d-6667-4eed-949e-a30759adbdfa:192.168.157.213:40604] with ContainerStateMachine:uninitialized
2019-10-15 23:19:34,639 [pool-423-thread-1] INFO  server.RaftServerConfigKeys (ConfUtils.java:logGet(43)) - raft.server.sleep.deviation.threshold = 300 (default)
2019-10-15 23:19:34,639 [pool-413-thread-1] INFO  server.RaftServerConfigKeys (ConfUtils.java:logGet(43)) - raft.server.rpc.timeout.min = 5s (custom)
2019-10-15 23:19:34,639 [pool-423-thread-1] INFO  server.RaftServerConfigKeys (ConfUtils.java:logGet(43)) - raft.server.log.appender.install.snapshot.enabled = false (custom)
2019-10-15 23:19:34,639 [pool-413-thread-1] INFO  server.RaftServerConfigKeys (ConfUtils.java:logGet(43)) - raft.server.rpc.timeout.max = 5200ms (custom)
2019-10-15 23:19:34,639 [pool-413-thread-1] INFO  server.RaftServerConfigKeys (ConfUtils.java:logGet(43)) - raft.server.rpcslowness.timeout = 120s (custom)
2019-10-15 23:19:34,639 [pool-423-thread-1] INFO  impl.RaftServerImpl (ServerState.java:<init>(103)) - afe183b3-c05a-4707-85f4-a543e0790e75@group-A7D1D159CB99: ConfigurationManager, init=-1: [afe183b3-c05a-4707-85f4-a543e0790e75:192.168.157.213:35356, b939edb1-32ad-4b86-9bef-59d37877c49c:192.168.157.213:44075, b977082d-6667-4eed-949e-a30759adbdfa:192.168.157.213:40604], old=null, confs=<EMPTY_MAP>
2019-10-15 23:19:34,639 [pool-433-thread-1] INFO  impl.RaftServerImpl (RaftServerImpl.java:<init>(95)) - b939edb1-32ad-4b86-9bef-59d37877c49c: new RaftServerImpl for group-A7D1D159CB99:[afe183b3-c05a-4707-85f4-a543e0790e75:192.168.157.213:35356, b939edb1-32ad-4b86-9bef-59d37877c49c:192.168.157.213:44075, b977082d-6667-4eed-949e-a30759adbdfa:192.168.157.213:40604] with ContainerStateMachine:uninitialized
2019-10-15 23:19:34,639 [pool-413-thread-1] INFO  server.RaftServerConfigKeys (ConfUtils.java:logGet(43)) - raft.server.sleep.deviation.threshold = 300 (default)
2019-10-15 23:19:34,640 [pool-433-thread-1] INFO  server.RaftServerConfigKeys (ConfUtils.java:logGet(43)) - raft.server.rpc.timeout.min = 5s (custom)
2019-10-15 23:19:34,639 [pool-423-thread-1] INFO  server.RaftServerConfigKeys (ConfUtils.java:logGet(43)) - raft.server.storage.dir = [/workdir/hadoop-ozone/integration-test/target/test-dir/MiniOzoneClusterImpl-98aff22c-fa5c-47da-a3ae-7692c4dcc9fe/datanode-4/data/ratis] (custom)
2019-10-15 23:19:34,640 [pool-433-thread-1] INFO  server.RaftServerConfigKeys (ConfUtils.java:logGet(43)) - raft.server.rpc.timeout.max = 5200ms (custom)
2019-10-15 23:19:34,640 [pool-413-thread-1] INFO  server.RaftServerConfigKeys (ConfUtils.java:logGet(43)) - raft.server.log.appender.install.snapshot.enabled = false (custom)
2019-10-15 23:19:34,640 [pool-433-thread-1] INFO  server.RaftServerConfigKeys (ConfUtils.java:logGet(43)) - raft.server.rpcslowness.timeout = 120s (custom)
2019-10-15 23:19:34,640 [pool-423-thread-1] INFO  server.RaftServerConfigKeys (ConfUtils.java:logGet(43)) - raft.server.log.corruption.policy = EXCEPTION (default)
2019-10-15 23:19:34,640 [pool-433-thread-1] INFO  server.RaftServerConfigKeys (ConfUtils.java:logGet(43)) - raft.server.sleep.deviation.threshold = 300 (default)
2019-10-15 23:19:34,640 [pool-413-thread-1] INFO  impl.RaftServerImpl (ServerState.java:<init>(103)) - b977082d-6667-4eed-949e-a30759adbdfa@group-A7D1D159CB99: ConfigurationManager, init=-1: [afe183b3-c05a-4707-85f4-a543e0790e75:192.168.157.213:35356, b939edb1-32ad-4b86-9bef-59d37877c49c:192.168.157.213:44075, b977082d-6667-4eed-949e-a30759adbdfa:192.168.157.213:40604], old=null, confs=<EMPTY_MAP>
2019-10-15 23:19:34,640 [pool-433-thread-1] INFO  server.RaftServerConfigKeys (ConfUtils.java:logGet(43)) - raft.server.log.appender.install.snapshot.enabled = false (custom)
2019-10-15 23:19:34,640 [pool-423-thread-1] INFO  storage.RaftStorageDirectory (RaftStorageDirectory.java:analyzeStorage(246)) - The storage directory /workdir/hadoop-ozone/integration-test/target/test-dir/MiniOzoneClusterImpl-98aff22c-fa5c-47da-a3ae-7692c4dcc9fe/datanode-4/data/ratis/d8116edd-e406-45b2-b4a2-a7d1d159cb99 does not exist. Creating ...
2019-10-15 23:19:34,641 [pool-433-thread-1] INFO  impl.RaftServerImpl (ServerState.java:<init>(103)) - b939edb1-32ad-4b86-9bef-59d37877c49c@group-A7D1D159CB99: ConfigurationManager, init=-1: [afe183b3-c05a-4707-85f4-a543e0790e75:192.168.157.213:35356, b939edb1-32ad-4b86-9bef-59d37877c49c:192.168.157.213:44075, b977082d-6667-4eed-949e-a30759adbdfa:192.168.157.213:40604], old=null, confs=<EMPTY_MAP>
2019-10-15 23:19:34,641 [pool-413-thread-1] INFO  server.RaftServerConfigKeys (ConfUtils.java:logGet(43)) - raft.server.storage.dir = [/workdir/hadoop-ozone/integration-test/target/test-dir/MiniOzoneClusterImpl-98aff22c-fa5c-47da-a3ae-7692c4dcc9fe/datanode-3/data/ratis] (custom)
2019-10-15 23:19:34,641 [pool-433-thread-1] INFO  server.RaftServerConfigKeys (ConfUtils.java:logGet(43)) - raft.server.storage.dir = [/workdir/hadoop-ozone/integration-test/target/test-dir/MiniOzoneClusterImpl-98aff22c-fa5c-47da-a3ae-7692c4dcc9fe/datanode-5/data/ratis] (custom)
2019-10-15 23:19:34,641 [pool-413-thread-1] INFO  server.RaftServerConfigKeys (ConfUtils.java:logGet(43)) - raft.server.log.corruption.policy = EXCEPTION (default)
2019-10-15 23:19:34,641 [pool-433-thread-1] INFO  server.RaftServerConfigKeys (ConfUtils.java:logGet(43)) - raft.server.log.corruption.policy = EXCEPTION (default)
2019-10-15 23:19:34,641 [pool-413-thread-1] INFO  storage.RaftStorageDirectory (RaftStorageDirectory.java:analyzeStorage(246)) - The storage directory /workdir/hadoop-ozone/integration-test/target/test-dir/MiniOzoneClusterImpl-98aff22c-fa5c-47da-a3ae-7692c4dcc9fe/datanode-3/data/ratis/d8116edd-e406-45b2-b4a2-a7d1d159cb99 does not exist. Creating ...
2019-10-15 23:19:34,641 [pool-433-thread-1] INFO  storage.RaftStorageDirectory (RaftStorageDirectory.java:analyzeStorage(246)) - The storage directory /workdir/hadoop-ozone/integration-test/target/test-dir/MiniOzoneClusterImpl-98aff22c-fa5c-47da-a3ae-7692c4dcc9fe/datanode-5/data/ratis/d8116edd-e406-45b2-b4a2-a7d1d159cb99 does not exist. Creating ...
2019-10-15 23:19:34,645 [IPC Server handler 3 on 46482] INFO  net.NetworkTopology (NetworkTopologyImpl.java:add(111)) - Added a new node: /default-rack/a9831cc1-a5ad-4ab6-a034-157bce7b7a69
2019-10-15 23:19:34,645 [IPC Server handler 3 on 46482] INFO  node.SCMNodeManager (SCMNodeManager.java:register(268)) - Registered Data node : a9831cc1-a5ad-4ab6-a034-157bce7b7a69{ip: 192.168.157.213, host: pr-hdds-2221-lrjgr-1037302595, networkLocation: /default-rack, certSerialId: null}
2019-10-15 23:19:34,645 [main] INFO  ozone.MiniOzoneClusterImpl (MiniOzoneClusterImpl.java:lambda$waitForClusterToBeReady$0(147)) - Cluster is ready. Got 7 of 7 DN Heartbeats.
2019-10-15 23:19:34,657 [pool-433-thread-1] INFO  storage.RaftStorageDirectory (RaftStorageDirectory.java:tryLock(328)) - Lock on /workdir/hadoop-ozone/integration-test/target/test-dir/MiniOzoneClusterImpl-98aff22c-fa5c-47da-a3ae-7692c4dcc9fe/datanode-5/data/ratis/d8116edd-e406-45b2-b4a2-a7d1d159cb99/in_use.lock acquired by nodename 4396@pr-hdds-2221-lrjgr-1037302595
2019-10-15 23:19:34,657 [pool-413-thread-1] INFO  storage.RaftStorageDirectory (RaftStorageDirectory.java:tryLock(328)) - Lock on /workdir/hadoop-ozone/integration-test/target/test-dir/MiniOzoneClusterImpl-98aff22c-fa5c-47da-a3ae-7692c4dcc9fe/datanode-3/data/ratis/d8116edd-e406-45b2-b4a2-a7d1d159cb99/in_use.lock acquired by nodename 4396@pr-hdds-2221-lrjgr-1037302595
2019-10-15 23:19:34,657 [pool-423-thread-1] INFO  storage.RaftStorageDirectory (RaftStorageDirectory.java:tryLock(328)) - Lock on /workdir/hadoop-ozone/integration-test/target/test-dir/MiniOzoneClusterImpl-98aff22c-fa5c-47da-a3ae-7692c4dcc9fe/datanode-4/data/ratis/d8116edd-e406-45b2-b4a2-a7d1d159cb99/in_use.lock acquired by nodename 4396@pr-hdds-2221-lrjgr-1037302595
2019-10-15 23:19:34,685 [pool-413-thread-1] INFO  storage.RaftStorage (RaftStorage.java:format(84)) - Storage directory /workdir/hadoop-ozone/integration-test/target/test-dir/MiniOzoneClusterImpl-98aff22c-fa5c-47da-a3ae-7692c4dcc9fe/datanode-3/data/ratis/d8116edd-e406-45b2-b4a2-a7d1d159cb99 has been successfully formatted.
2019-10-15 23:19:34,685 [pool-423-thread-1] INFO  storage.RaftStorage (RaftStorage.java:format(84)) - Storage directory /workdir/hadoop-ozone/integration-test/target/test-dir/MiniOzoneClusterImpl-98aff22c-fa5c-47da-a3ae-7692c4dcc9fe/datanode-4/data/ratis/d8116edd-e406-45b2-b4a2-a7d1d159cb99 has been successfully formatted.
2019-10-15 23:19:34,685 [pool-413-thread-1] INFO  ratis.ContainerStateMachine (ContainerStateMachine.java:loadSnapshot(231)) - group-A7D1D159CB99: The snapshot info is null. Setting the last applied indexto:(t:0, i:~)
2019-10-15 23:19:34,685 [pool-433-thread-1] INFO  storage.RaftStorage (RaftStorage.java:format(84)) - Storage directory /workdir/hadoop-ozone/integration-test/target/test-dir/MiniOzoneClusterImpl-98aff22c-fa5c-47da-a3ae-7692c4dcc9fe/datanode-5/data/ratis/d8116edd-e406-45b2-b4a2-a7d1d159cb99 has been successfully formatted.
2019-10-15 23:19:34,685 [pool-423-thread-1] INFO  ratis.ContainerStateMachine (ContainerStateMachine.java:loadSnapshot(231)) - group-A7D1D159CB99: The snapshot info is null. Setting the last applied indexto:(t:0, i:~)
2019-10-15 23:19:34,685 [pool-413-thread-1] INFO  server.RaftServerConfigKeys (ConfUtils.java:logGet(43)) - raft.server.notification.no-leader.timeout = 120s (custom)
2019-10-15 23:19:34,685 [pool-423-thread-1] INFO  server.RaftServerConfigKeys (ConfUtils.java:logGet(43)) - raft.server.notification.no-leader.timeout = 120s (custom)
2019-10-15 23:19:34,685 [pool-433-thread-1] INFO  ratis.ContainerStateMachine (ContainerStateMachine.java:loadSnapshot(231)) - group-A7D1D159CB99: The snapshot info is null. Setting the last applied indexto:(t:0, i:~)
2019-10-15 23:19:34,686 [pool-423-thread-1] INFO  server.RaftServerConfigKeys (ConfUtils.java:logGet(43)) - raft.server.log.use.memory = false (default)
2019-10-15 23:19:34,685 [pool-413-thread-1] INFO  server.RaftServerConfigKeys (ConfUtils.java:logGet(43)) - raft.server.log.use.memory = false (default)
2019-10-15 23:19:34,686 [pool-423-thread-1] INFO  server.RaftServerConfigKeys (ConfUtils.java:logGet(43)) - raft.server.log.purge.gap = 1000000 (custom)
2019-10-15 23:19:34,686 [pool-433-thread-1] INFO  server.RaftServerConfigKeys (ConfUtils.java:logGet(43)) - raft.server.notification.no-leader.timeout = 120s (custom)
2019-10-15 23:19:34,686 [pool-423-thread-1] INFO  server.RaftServerConfigKeys (ConfUtils.java:logGet(43)) - raft.server.log.appender.buffer.byte-limit = 33554432 (custom)
2019-10-15 23:19:34,686 [pool-413-thread-1] INFO  server.RaftServerConfigKeys (ConfUtils.java:logGet(43)) - raft.server.log.purge.gap = 1000000 (custom)
2019-10-15 23:19:34,686 [pool-423-thread-1] INFO  server.RaftServerConfigKeys (ConfUtils.java:logGet(43)) - raft.server.log.segment.size.max = 1048576 (custom)
2019-10-15 23:19:34,686 [pool-433-thread-1] INFO  server.RaftServerConfigKeys (ConfUtils.java:logGet(43)) - raft.server.log.use.memory = false (default)
2019-10-15 23:19:34,687 [pool-423-thread-1] INFO  server.RaftServerConfigKeys (ConfUtils.java:logGet(43)) - raft.server.log.segment.cache.num.max = 2 (custom)
2019-10-15 23:19:34,686 [pool-413-thread-1] INFO  server.RaftServerConfigKeys (ConfUtils.java:logGet(43)) - raft.server.log.appender.buffer.byte-limit = 33554432 (custom)
2019-10-15 23:19:34,687 [pool-423-thread-1] INFO  segmented.SegmentedRaftLogWorker (SegmentedRaftLogWorker.java:<init>(173)) - new afe183b3-c05a-4707-85f4-a543e0790e75@group-A7D1D159CB99-SegmentedRaftLogWorker for RaftStorage:Storage Directory /workdir/hadoop-ozone/integration-test/target/test-dir/MiniOzoneClusterImpl-98aff22c-fa5c-47da-a3ae-7692c4dcc9fe/datanode-4/data/ratis/d8116edd-e406-45b2-b4a2-a7d1d159cb99
2019-10-15 23:19:34,687 [pool-433-thread-1] INFO  server.RaftServerConfigKeys (ConfUtils.java:logGet(43)) - raft.server.log.purge.gap = 1000000 (custom)
2019-10-15 23:19:34,687 [pool-423-thread-1] INFO  server.RaftServerConfigKeys (ConfUtils.java:logGet(43)) - raft.server.log.queue.byte-limit = 2147483647 (custom)
2019-10-15 23:19:34,687 [pool-413-thread-1] INFO  server.RaftServerConfigKeys (ConfUtils.java:logGet(43)) - raft.server.log.segment.size.max = 1048576 (custom)
2019-10-15 23:19:34,690 [pool-423-thread-1] INFO  server.RaftServerConfigKeys (ConfUtils.java:logGet(43)) - raft.server.log.queue.element-limit = 1024 (custom)
2019-10-15 23:19:34,696 [pool-423-thread-1] INFO  server.RaftServerConfigKeys (ConfUtils.java:logGet(43)) - raft.server.log.segment.size.max = 1048576 (custom)
2019-10-15 23:19:34,690 [pool-433-thread-1] INFO  server.RaftServerConfigKeys (ConfUtils.java:logGet(43)) - raft.server.log.appender.buffer.byte-limit = 33554432 (custom)
2019-10-15 23:19:34,696 [pool-423-thread-1] INFO  server.RaftServerConfigKeys (ConfUtils.java:logGet(43)) - raft.server.log.preallocated.size = 16384 (custom)
2019-10-15 23:19:34,690 [pool-413-thread-1] INFO  server.RaftServerConfigKeys (ConfUtils.java:logGet(43)) - raft.server.log.segment.cache.num.max = 2 (custom)
2019-10-15 23:19:34,696 [pool-423-thread-1] INFO  server.RaftServerConfigKeys (ConfUtils.java:logGet(43)) - raft.server.log.write.buffer.size = 33554432 (custom)
2019-10-15 23:19:34,696 [pool-423-thread-1] INFO  server.RaftServerConfigKeys (ConfUtils.java:logGet(43)) - raft.server.log.force.sync.num = 128 (default)
2019-10-15 23:19:34,696 [pool-433-thread-1] INFO  server.RaftServerConfigKeys (ConfUtils.java:logGet(43)) - raft.server.log.segment.size.max = 1048576 (custom)
2019-10-15 23:19:34,696 [pool-423-thread-1] INFO  server.RaftServerConfigKeys (ConfUtils.java:logGet(43)) - raft.server.log.statemachine.data.sync = true (default)
2019-10-15 23:19:34,697 [pool-423-thread-1] INFO  server.RaftServerConfigKeys (ConfUtils.java:logGet(43)) - raft.server.log.statemachine.data.sync.timeout = 10s (default)
2019-10-15 23:19:34,696 [pool-413-thread-1] INFO  segmented.SegmentedRaftLogWorker (SegmentedRaftLogWorker.java:<init>(173)) - new b977082d-6667-4eed-949e-a30759adbdfa@group-A7D1D159CB99-SegmentedRaftLogWorker for RaftStorage:Storage Directory /workdir/hadoop-ozone/integration-test/target/test-dir/MiniOzoneClusterImpl-98aff22c-fa5c-47da-a3ae-7692c4dcc9fe/datanode-3/data/ratis/d8116edd-e406-45b2-b4a2-a7d1d159cb99
2019-10-15 23:19:34,697 [pool-423-thread-1] INFO  server.RaftServerConfigKeys (ConfUtils.java:logGet(43)) - raft.server.log.statemachine.data.sync.timeout.retry = -1 (default)
2019-10-15 23:19:34,696 [pool-433-thread-1] INFO  server.RaftServerConfigKeys (ConfUtils.java:logGet(43)) - raft.server.log.segment.cache.num.max = 2 (custom)
2019-10-15 23:19:34,697 [main] INFO  rpc.RpcClient (RpcClient.java:createVolume(272)) - Creating Volume: watchforcommithandlingtest, with jenkins1000 as owner.
2019-10-15 23:19:34,697 [pool-423-thread-1] INFO  server.RaftServerConfigKeys (ConfUtils.java:logGet(43)) - raft.server.log.statemachine.data.caching.enabled = true (custom)
2019-10-15 23:19:34,697 [pool-413-thread-1] INFO  server.RaftServerConfigKeys (ConfUtils.java:logGet(43)) - raft.server.log.queue.byte-limit = 2147483647 (custom)
2019-10-15 23:19:34,698 [pool-423-thread-1] INFO  segmented.SegmentedRaftLogWorker (SegmentedRaftLogWorker.java:lambda$new$0(128)) - afe183b3-c05a-4707-85f4-a543e0790e75@group-A7D1D159CB99-SegmentedRaftLogWorker: flushIndex: setUnconditionally 0 -> -1
2019-10-15 23:19:34,697 [pool-433-thread-1] INFO  segmented.SegmentedRaftLogWorker (SegmentedRaftLogWorker.java:<init>(173)) - new b939edb1-32ad-4b86-9bef-59d37877c49c@group-A7D1D159CB99-SegmentedRaftLogWorker for RaftStorage:Storage Directory /workdir/hadoop-ozone/integration-test/target/test-dir/MiniOzoneClusterImpl-98aff22c-fa5c-47da-a3ae-7692c4dcc9fe/datanode-5/data/ratis/d8116edd-e406-45b2-b4a2-a7d1d159cb99
2019-10-15 23:19:34,698 [pool-423-thread-1] INFO  server.RaftServerConfigKeys (ConfUtils.java:logGet(43)) - raft.server.snapshot.auto.trigger.enabled = true (custom)
2019-10-15 23:19:34,698 [pool-413-thread-1] INFO  server.RaftServerConfigKeys (ConfUtils.java:logGet(43)) - raft.server.log.queue.element-limit = 1024 (custom)
2019-10-15 23:19:34,698 [pool-423-thread-1] INFO  server.RaftServerConfigKeys (ConfUtils.java:logGet(43)) - raft.server.snapshot.auto.trigger.threshold = 10000 (custom)
2019-10-15 23:19:34,698 [pool-433-thread-1] INFO  server.RaftServerConfigKeys (ConfUtils.java:logGet(43)) - raft.server.log.queue.byte-limit = 2147483647 (custom)
2019-10-15 23:19:34,698 [pool-423-thread-1] INFO  server.RaftServerConfigKeys (ConfUtils.java:logGet(43)) - raft.server.snapshot.retention.file.num = 5 (custom)
2019-10-15 23:19:34,698 [pool-413-thread-1] INFO  server.RaftServerConfigKeys (ConfUtils.java:logGet(43)) - raft.server.log.segment.size.max = 1048576 (custom)
2019-10-15 23:19:34,698 [pool-423-thread-1] INFO  server.RaftServerConfigKeys (ConfUtils.java:logGet(43)) - raft.server.retrycache.expirytime = 600000ms (custom)
2019-10-15 23:19:34,698 [pool-433-thread-1] INFO  server.RaftServerConfigKeys (ConfUtils.java:logGet(43)) - raft.server.log.queue.element-limit = 1024 (custom)
2019-10-15 23:19:34,698 [pool-413-thread-1] INFO  server.RaftServerConfigKeys (ConfUtils.java:logGet(43)) - raft.server.log.preallocated.size = 16384 (custom)
2019-10-15 23:19:34,699 [pool-433-thread-1] INFO  server.RaftServerConfigKeys (ConfUtils.java:logGet(43)) - raft.server.log.segment.size.max = 1048576 (custom)
2019-10-15 23:19:34,699 [pool-413-thread-1] INFO  server.RaftServerConfigKeys (ConfUtils.java:logGet(43)) - raft.server.log.write.buffer.size = 33554432 (custom)
2019-10-15 23:19:34,699 [pool-433-thread-1] INFO  server.RaftServerConfigKeys (ConfUtils.java:logGet(43)) - raft.server.log.preallocated.size = 16384 (custom)
2019-10-15 23:19:34,699 [pool-413-thread-1] INFO  server.RaftServerConfigKeys (ConfUtils.java:logGet(43)) - raft.server.log.force.sync.num = 128 (default)
2019-10-15 23:19:34,699 [pool-433-thread-1] INFO  server.RaftServerConfigKeys (ConfUtils.java:logGet(43)) - raft.server.log.write.buffer.size = 33554432 (custom)
2019-10-15 23:19:34,699 [pool-413-thread-1] INFO  server.RaftServerConfigKeys (ConfUtils.java:logGet(43)) - raft.server.log.statemachine.data.sync = true (default)
2019-10-15 23:19:34,699 [pool-433-thread-1] INFO  server.RaftServerConfigKeys (ConfUtils.java:logGet(43)) - raft.server.log.force.sync.num = 128 (default)
2019-10-15 23:19:34,700 [IPC Server handler 3 on 38641] INFO  volume.OMVolumeCreateRequest (OMVolumeCreateRequest.java:validateAndUpdateCache(193)) - created volume:watchforcommithandlingtest for user:jenkins1000
2019-10-15 23:19:34,700 [pool-423-thread-1] INFO  impl.RaftServerImpl (RaftServerImpl.java:start(181)) - afe183b3-c05a-4707-85f4-a543e0790e75@group-A7D1D159CB99: start as a follower, conf=-1: [afe183b3-c05a-4707-85f4-a543e0790e75:192.168.157.213:35356, b939edb1-32ad-4b86-9bef-59d37877c49c:192.168.157.213:44075, b977082d-6667-4eed-949e-a30759adbdfa:192.168.157.213:40604], old=null
2019-10-15 23:19:34,700 [pool-433-thread-1] INFO  server.RaftServerConfigKeys (ConfUtils.java:logGet(43)) - raft.server.log.statemachine.data.sync = true (default)
2019-10-15 23:19:34,700 [pool-433-thread-1] INFO  server.RaftServerConfigKeys (ConfUtils.java:logGet(43)) - raft.server.log.statemachine.data.sync.timeout = 10s (default)
2019-10-15 23:19:34,700 [pool-413-thread-1] INFO  server.RaftServerConfigKeys (ConfUtils.java:logGet(43)) - raft.server.log.statemachine.data.sync.timeout = 10s (default)
2019-10-15 23:19:34,700 [pool-433-thread-1] INFO  server.RaftServerConfigKeys (ConfUtils.java:logGet(43)) - raft.server.log.statemachine.data.sync.timeout.retry = -1 (default)
2019-10-15 23:19:34,700 [pool-423-thread-1] INFO  impl.RaftServerImpl (RaftServerImpl.java:setRole(170)) - afe183b3-c05a-4707-85f4-a543e0790e75@group-A7D1D159CB99: changes role from      null to FOLLOWER at term 0 for startAsFollower
2019-10-15 23:19:34,700 [pool-413-thread-1] INFO  server.RaftServerConfigKeys (ConfUtils.java:logGet(43)) - raft.server.log.statemachine.data.sync.timeout.retry = -1 (default)
2019-10-15 23:19:34,701 [pool-433-thread-1] INFO  server.RaftServerConfigKeys (ConfUtils.java:logGet(43)) - raft.server.log.statemachine.data.caching.enabled = true (custom)
2019-10-15 23:19:34,701 [pool-413-thread-1] INFO  server.RaftServerConfigKeys (ConfUtils.java:logGet(43)) - raft.server.log.statemachine.data.caching.enabled = true (custom)
2019-10-15 23:19:34,701 [pool-423-thread-1] INFO  impl.RoleInfo (RoleInfo.java:updateAndGet(143)) - afe183b3-c05a-4707-85f4-a543e0790e75: start FollowerState
2019-10-15 23:19:34,701 [pool-433-thread-1] INFO  segmented.SegmentedRaftLogWorker (SegmentedRaftLogWorker.java:lambda$new$0(128)) - b939edb1-32ad-4b86-9bef-59d37877c49c@group-A7D1D159CB99-SegmentedRaftLogWorker: flushIndex: setUnconditionally 0 -> -1
2019-10-15 23:19:34,701 [pool-413-thread-1] INFO  segmented.SegmentedRaftLogWorker (SegmentedRaftLogWorker.java:lambda$new$0(128)) - b977082d-6667-4eed-949e-a30759adbdfa@group-A7D1D159CB99-SegmentedRaftLogWorker: flushIndex: setUnconditionally 0 -> -1
2019-10-15 23:19:34,701 [pool-423-thread-1] INFO  util.JmxRegister (JmxRegister.java:tryRegister(44)) - Successfully registered JMX Bean with object name Ratis:service=RaftServer,group=group-A7D1D159CB99,id=afe183b3-c05a-4707-85f4-a543e0790e75
2019-10-15 23:19:34,701 [pool-433-thread-1] INFO  server.RaftServerConfigKeys (ConfUtils.java:logGet(43)) - raft.server.snapshot.auto.trigger.enabled = true (custom)
2019-10-15 23:19:34,702 [pool-413-thread-1] INFO  server.RaftServerConfigKeys (ConfUtils.java:logGet(43)) - raft.server.snapshot.auto.trigger.enabled = true (custom)
2019-10-15 23:19:34,702 [pool-433-thread-1] INFO  server.RaftServerConfigKeys (ConfUtils.java:logGet(43)) - raft.server.snapshot.auto.trigger.threshold = 10000 (custom)
2019-10-15 23:19:34,705 [pool-413-thread-1] INFO  server.RaftServerConfigKeys (ConfUtils.java:logGet(43)) - raft.server.snapshot.auto.trigger.threshold = 10000 (custom)
2019-10-15 23:19:34,705 [pool-433-thread-1] INFO  server.RaftServerConfigKeys (ConfUtils.java:logGet(43)) - raft.server.snapshot.retention.file.num = 5 (custom)
2019-10-15 23:19:34,705 [pool-413-thread-1] INFO  server.RaftServerConfigKeys (ConfUtils.java:logGet(43)) - raft.server.snapshot.retention.file.num = 5 (custom)
2019-10-15 23:19:34,705 [pool-433-thread-1] INFO  server.RaftServerConfigKeys (ConfUtils.java:logGet(43)) - raft.server.retrycache.expirytime = 600000ms (custom)
2019-10-15 23:19:34,705 [pool-413-thread-1] INFO  server.RaftServerConfigKeys (ConfUtils.java:logGet(43)) - raft.server.retrycache.expirytime = 600000ms (custom)
2019-10-15 23:19:34,717 [main] INFO  rpc.RpcClient (RpcClient.java:createBucket(411)) - Creating Bucket: watchforcommithandlingtest/watchforcommithandlingtest, with Versioning false and Storage Type set to DISK and Encryption set to false 
2019-10-15 23:19:34,718 [pool-433-thread-1] INFO  impl.RaftServerImpl (RaftServerImpl.java:start(181)) - b939edb1-32ad-4b86-9bef-59d37877c49c@group-A7D1D159CB99: start as a follower, conf=-1: [afe183b3-c05a-4707-85f4-a543e0790e75:192.168.157.213:35356, b939edb1-32ad-4b86-9bef-59d37877c49c:192.168.157.213:44075, b977082d-6667-4eed-949e-a30759adbdfa:192.168.157.213:40604], old=null
2019-10-15 23:19:34,718 [pool-413-thread-1] INFO  impl.RaftServerImpl (RaftServerImpl.java:start(181)) - b977082d-6667-4eed-949e-a30759adbdfa@group-A7D1D159CB99: start as a follower, conf=-1: [afe183b3-c05a-4707-85f4-a543e0790e75:192.168.157.213:35356, b939edb1-32ad-4b86-9bef-59d37877c49c:192.168.157.213:44075, b977082d-6667-4eed-949e-a30759adbdfa:192.168.157.213:40604], old=null
2019-10-15 23:19:34,718 [pool-433-thread-1] INFO  impl.RaftServerImpl (RaftServerImpl.java:setRole(170)) - b939edb1-32ad-4b86-9bef-59d37877c49c@group-A7D1D159CB99: changes role from      null to FOLLOWER at term 0 for startAsFollower
2019-10-15 23:19:34,718 [pool-413-thread-1] INFO  impl.RaftServerImpl (RaftServerImpl.java:setRole(170)) - b977082d-6667-4eed-949e-a30759adbdfa@group-A7D1D159CB99: changes role from      null to FOLLOWER at term 0 for startAsFollower
2019-10-15 23:19:34,718 [pool-433-thread-1] INFO  impl.RoleInfo (RoleInfo.java:updateAndGet(143)) - b939edb1-32ad-4b86-9bef-59d37877c49c: start FollowerState
2019-10-15 23:19:34,719 [pool-413-thread-1] INFO  impl.RoleInfo (RoleInfo.java:updateAndGet(143)) - b977082d-6667-4eed-949e-a30759adbdfa: start FollowerState
2019-10-15 23:19:34,719 [pool-433-thread-1] INFO  util.JmxRegister (JmxRegister.java:tryRegister(44)) - Successfully registered JMX Bean with object name Ratis:service=RaftServer,group=group-A7D1D159CB99,id=b939edb1-32ad-4b86-9bef-59d37877c49c
2019-10-15 23:19:34,722 [pool-413-thread-1] INFO  util.JmxRegister (JmxRegister.java:tryRegister(44)) - Successfully registered JMX Bean with object name Ratis:service=RaftServer,group=group-A7D1D159CB99,id=b977082d-6667-4eed-949e-a30759adbdfa
2019-10-15 23:19:34,722 [main] INFO  ozone.MiniOzoneClusterImpl (MiniOzoneClusterImpl.java:getStorageContainerLocationClient(234)) - Creating StorageContainerLocationProtocol RPC client with address /0.0.0.0:41554
2019-10-15 23:19:34,728 [RatisPipelineUtilsThread] INFO  pipeline.PipelineStateManager (PipelineStateManager.java:addPipeline(56)) - Created pipeline Pipeline[ Id: d8116edd-e406-45b2-b4a2-a7d1d159cb99, Nodes: afe183b3-c05a-4707-85f4-a543e0790e75{ip: 192.168.157.213, host: pr-hdds-2221-lrjgr-1037302595, networkLocation: /default-rack, certSerialId: null}b939edb1-32ad-4b86-9bef-59d37877c49c{ip: 192.168.157.213, host: pr-hdds-2221-lrjgr-1037302595, networkLocation: /default-rack, certSerialId: null}b977082d-6667-4eed-949e-a30759adbdfa{ip: 192.168.157.213, host: pr-hdds-2221-lrjgr-1037302595, networkLocation: /default-rack, certSerialId: null}, Type:RATIS, Factor:THREE, State:OPEN]
2019-10-15 23:19:35,496 [grpc-default-executor-6] WARN  server.GrpcLogAppender (LogUtils.java:warn(134)) - 9a32c150-8a71-44f8-a6d2-35b751a73f8d@group-8113D68F2097->10266a97-a68e-492c-868a-f014903942e5-AppendLogResponseHandler: Failed appendEntries: org.apache.ratis.thirdparty.io.grpc.StatusRuntimeException: UNAVAILABLE: io exception
2019-10-15 23:19:35,496 [grpc-default-executor-7] WARN  server.GrpcLogAppender (LogUtils.java:warn(134)) - 9a32c150-8a71-44f8-a6d2-35b751a73f8d@group-8113D68F2097->f3358113-732e-4d1a-b7b4-0079f823154f-AppendLogResponseHandler: Failed appendEntries: org.apache.ratis.thirdparty.io.grpc.StatusRuntimeException: UNAVAILABLE: io exception
2019-10-15 23:19:35,497 [grpc-default-executor-6] INFO  impl.FollowerInfo (FollowerInfo.java:lambda$new$0(51)) - 9a32c150-8a71-44f8-a6d2-35b751a73f8d@group-8113D68F2097->10266a97-a68e-492c-868a-f014903942e5: nextIndex: updateUnconditionally 0 -> 0
2019-10-15 23:19:35,497 [grpc-default-executor-7] INFO  impl.FollowerInfo (FollowerInfo.java:lambda$new$0(51)) - 9a32c150-8a71-44f8-a6d2-35b751a73f8d@group-8113D68F2097->f3358113-732e-4d1a-b7b4-0079f823154f: nextIndex: updateUnconditionally 0 -> 0
2019-10-15 23:19:37,156 [Thread-2324] INFO  container.ReplicationManager (ReplicationManager.java:start(162)) - Starting Replication Monitor Thread.
2019-10-15 23:19:37,161 [ReplicationMonitor] INFO  container.ReplicationManager (ReplicationManager.java:run(225)) - Replication Monitor Thread took 0 milliseconds for processing 1 containers.
2019-10-15 23:19:37,997 [grpc-default-executor-4] WARN  server.GrpcLogAppender (LogUtils.java:warn(134)) - 9a32c150-8a71-44f8-a6d2-35b751a73f8d@group-8113D68F2097->10266a97-a68e-492c-868a-f014903942e5-AppendLogResponseHandler: Failed appendEntries: org.apache.ratis.thirdparty.io.grpc.StatusRuntimeException: UNAVAILABLE: io exception
2019-10-15 23:19:37,997 [grpc-default-executor-8] WARN  server.GrpcLogAppender (LogUtils.java:warn(134)) - 9a32c150-8a71-44f8-a6d2-35b751a73f8d@group-8113D68F2097->f3358113-732e-4d1a-b7b4-0079f823154f-AppendLogResponseHandler: Failed appendEntries: org.apache.ratis.thirdparty.io.grpc.StatusRuntimeException: UNAVAILABLE: io exception
2019-10-15 23:19:37,997 [grpc-default-executor-4] INFO  impl.FollowerInfo (FollowerInfo.java:lambda$new$0(51)) - 9a32c150-8a71-44f8-a6d2-35b751a73f8d@group-8113D68F2097->10266a97-a68e-492c-868a-f014903942e5: nextIndex: updateUnconditionally 0 -> 0
2019-10-15 23:19:37,997 [grpc-default-executor-8] INFO  impl.FollowerInfo (FollowerInfo.java:lambda$new$0(51)) - 9a32c150-8a71-44f8-a6d2-35b751a73f8d@group-8113D68F2097->f3358113-732e-4d1a-b7b4-0079f823154f: nextIndex: updateUnconditionally 0 -> 0
2019-10-15 23:19:39,255 [Thread-2326] INFO  impl.FollowerState (FollowerState.java:run(108)) - 5ed9541c-0fee-4df4-91ea-614d35c75888@group-116158424830-FollowerState: change to CANDIDATE, lastRpcTime:5039ms, electionTimeout:5039ms
2019-10-15 23:19:39,256 [Thread-2326] INFO  impl.RoleInfo (RoleInfo.java:shutdownFollowerState(121)) - 5ed9541c-0fee-4df4-91ea-614d35c75888: shutdown FollowerState
2019-10-15 23:19:39,256 [Thread-2326] INFO  impl.RaftServerImpl (RaftServerImpl.java:setRole(170)) - 5ed9541c-0fee-4df4-91ea-614d35c75888@group-116158424830: changes role from  FOLLOWER to CANDIDATE at term 0 for changeToCandidate
2019-10-15 23:19:39,256 [Thread-2326] INFO  impl.RoleInfo (RoleInfo.java:updateAndGet(143)) - 5ed9541c-0fee-4df4-91ea-614d35c75888: start LeaderElection
2019-10-15 23:19:39,277 [5ed9541c-0fee-4df4-91ea-614d35c75888@group-116158424830-LeaderElection50] INFO  impl.LeaderElection (LeaderElection.java:askForVotes(178)) - 5ed9541c-0fee-4df4-91ea-614d35c75888@group-116158424830-LeaderElection50: begin an election at term 1 for -1: [5ed9541c-0fee-4df4-91ea-614d35c75888:192.168.157.213:32920], old=null
2019-10-15 23:19:39,277 [5ed9541c-0fee-4df4-91ea-614d35c75888@group-116158424830-LeaderElection50] INFO  impl.RoleInfo (RoleInfo.java:shutdownLeaderElection(134)) - 5ed9541c-0fee-4df4-91ea-614d35c75888: shutdown LeaderElection
2019-10-15 23:19:39,277 [5ed9541c-0fee-4df4-91ea-614d35c75888@group-116158424830-LeaderElection50] INFO  impl.RaftServerImpl (RaftServerImpl.java:setRole(170)) - 5ed9541c-0fee-4df4-91ea-614d35c75888@group-116158424830: changes role from CANDIDATE to LEADER at term 1 for changeToLeader
2019-10-15 23:19:39,278 [5ed9541c-0fee-4df4-91ea-614d35c75888@group-116158424830-LeaderElection50] INFO  impl.RaftServerImpl (ServerState.java:setLeader(255)) - 5ed9541c-0fee-4df4-91ea-614d35c75888@group-116158424830: change Leader from null to 5ed9541c-0fee-4df4-91ea-614d35c75888 at term 1 for becomeLeader, leader elected after 5070ms
2019-10-15 23:19:39,278 [5ed9541c-0fee-4df4-91ea-614d35c75888@group-116158424830-LeaderElection50] INFO  server.RaftServerConfigKeys (ConfUtils.java:logGet(43)) - raft.server.staging.catchup.gap = 1000 (default)
2019-10-15 23:19:39,278 [5ed9541c-0fee-4df4-91ea-614d35c75888@group-116158424830-LeaderElection50] INFO  server.RaftServerConfigKeys (ConfUtils.java:logGet(43)) - raft.server.rpc.sleep.time = 25ms (default)
2019-10-15 23:19:39,278 [5ed9541c-0fee-4df4-91ea-614d35c75888@group-116158424830-LeaderElection50] INFO  server.RaftServerConfigKeys (ConfUtils.java:logGet(43)) - raft.server.write.element-limit = 4096 (default)
2019-10-15 23:19:39,278 [5ed9541c-0fee-4df4-91ea-614d35c75888@group-116158424830-LeaderElection50] INFO  server.RaftServerConfigKeys (ConfUtils.java:logGet(43)) - raft.server.watch.timeout = 10s (default)
2019-10-15 23:19:39,279 [5ed9541c-0fee-4df4-91ea-614d35c75888@group-116158424830-LeaderElection50] INFO  server.RaftServerConfigKeys (ConfUtils.java:logGet(43)) - raft.server.watch.timeout.denomination = 1s (default)
2019-10-15 23:19:39,279 [5ed9541c-0fee-4df4-91ea-614d35c75888@group-116158424830-LeaderElection50] INFO  server.RaftServerConfigKeys (ConfUtils.java:logGet(43)) - raft.server.watch.element-limit = 65536 (default)
2019-10-15 23:19:39,281 [5ed9541c-0fee-4df4-91ea-614d35c75888@group-116158424830-LeaderElection50] INFO  impl.RoleInfo (RoleInfo.java:updateAndGet(143)) - 5ed9541c-0fee-4df4-91ea-614d35c75888: start LeaderState
2019-10-15 23:19:39,282 [5ed9541c-0fee-4df4-91ea-614d35c75888@group-116158424830-LeaderElection50] INFO  segmented.SegmentedRaftLogWorker (SegmentedRaftLogWorker.java:startLogSegment(385)) - 5ed9541c-0fee-4df4-91ea-614d35c75888@group-116158424830-SegmentedRaftLogWorker: Starting segment from index:0
2019-10-15 23:19:39,283 [5ed9541c-0fee-4df4-91ea-614d35c75888@group-116158424830-LeaderElection50] INFO  impl.RaftServerImpl (ServerState.java:setRaftConf(356)) - 5ed9541c-0fee-4df4-91ea-614d35c75888@group-116158424830: set configuration 0: [5ed9541c-0fee-4df4-91ea-614d35c75888:192.168.157.213:32920], old=null at 0
2019-10-15 23:19:39,338 [5ed9541c-0fee-4df4-91ea-614d35c75888@group-116158424830-SegmentedRaftLogWorker] INFO  segmented.SegmentedRaftLogWorker (SegmentedRaftLogWorker.java:execute(574)) - 5ed9541c-0fee-4df4-91ea-614d35c75888@group-116158424830-SegmentedRaftLogWorker: created new log segment /workdir/hadoop-ozone/integration-test/target/test-dir/MiniOzoneClusterImpl-98aff22c-fa5c-47da-a3ae-7692c4dcc9fe/datanode-0/data/ratis/800ad26e-f25f-4c2a-95ad-116158424830/current/log_inprogress_0
2019-10-15 23:19:39,389 [Thread-2329] INFO  impl.FollowerState (FollowerState.java:run(108)) - d8510fed-4a1a-407a-82a8-c66d1fc8fbfe@group-611BE69400D0-FollowerState: change to CANDIDATE, lastRpcTime:5120ms, electionTimeout:5120ms
2019-10-15 23:19:39,389 [Thread-2329] INFO  impl.RoleInfo (RoleInfo.java:shutdownFollowerState(121)) - d8510fed-4a1a-407a-82a8-c66d1fc8fbfe: shutdown FollowerState
2019-10-15 23:19:39,389 [Thread-2329] INFO  impl.RaftServerImpl (RaftServerImpl.java:setRole(170)) - d8510fed-4a1a-407a-82a8-c66d1fc8fbfe@group-611BE69400D0: changes role from  FOLLOWER to CANDIDATE at term 0 for changeToCandidate
2019-10-15 23:19:39,389 [Thread-2329] INFO  impl.RoleInfo (RoleInfo.java:updateAndGet(143)) - d8510fed-4a1a-407a-82a8-c66d1fc8fbfe: start LeaderElection
2019-10-15 23:19:39,409 [d8510fed-4a1a-407a-82a8-c66d1fc8fbfe@group-611BE69400D0-LeaderElection51] INFO  impl.LeaderElection (LeaderElection.java:askForVotes(178)) - d8510fed-4a1a-407a-82a8-c66d1fc8fbfe@group-611BE69400D0-LeaderElection51: begin an election at term 1 for -1: [d8510fed-4a1a-407a-82a8-c66d1fc8fbfe:192.168.157.213:35892], old=null
2019-10-15 23:19:39,409 [d8510fed-4a1a-407a-82a8-c66d1fc8fbfe@group-611BE69400D0-LeaderElection51] INFO  impl.RoleInfo (RoleInfo.java:shutdownLeaderElection(134)) - d8510fed-4a1a-407a-82a8-c66d1fc8fbfe: shutdown LeaderElection
2019-10-15 23:19:39,409 [d8510fed-4a1a-407a-82a8-c66d1fc8fbfe@group-611BE69400D0-LeaderElection51] INFO  impl.RaftServerImpl (RaftServerImpl.java:setRole(170)) - d8510fed-4a1a-407a-82a8-c66d1fc8fbfe@group-611BE69400D0: changes role from CANDIDATE to LEADER at term 1 for changeToLeader
2019-10-15 23:19:39,409 [d8510fed-4a1a-407a-82a8-c66d1fc8fbfe@group-611BE69400D0-LeaderElection51] INFO  impl.RaftServerImpl (ServerState.java:setLeader(255)) - d8510fed-4a1a-407a-82a8-c66d1fc8fbfe@group-611BE69400D0: change Leader from null to d8510fed-4a1a-407a-82a8-c66d1fc8fbfe at term 1 for becomeLeader, leader elected after 5146ms
2019-10-15 23:19:39,409 [d8510fed-4a1a-407a-82a8-c66d1fc8fbfe@group-611BE69400D0-LeaderElection51] INFO  server.RaftServerConfigKeys (ConfUtils.java:logGet(43)) - raft.server.staging.catchup.gap = 1000 (default)
2019-10-15 23:19:39,409 [d8510fed-4a1a-407a-82a8-c66d1fc8fbfe@group-611BE69400D0-LeaderElection51] INFO  server.RaftServerConfigKeys (ConfUtils.java:logGet(43)) - raft.server.rpc.sleep.time = 25ms (default)
2019-10-15 23:19:39,410 [d8510fed-4a1a-407a-82a8-c66d1fc8fbfe@group-611BE69400D0-LeaderElection51] INFO  server.RaftServerConfigKeys (ConfUtils.java:logGet(43)) - raft.server.write.element-limit = 4096 (default)
2019-10-15 23:19:39,410 [d8510fed-4a1a-407a-82a8-c66d1fc8fbfe@group-611BE69400D0-LeaderElection51] INFO  server.RaftServerConfigKeys (ConfUtils.java:logGet(43)) - raft.server.watch.timeout = 10s (default)
2019-10-15 23:19:39,410 [d8510fed-4a1a-407a-82a8-c66d1fc8fbfe@group-611BE69400D0-LeaderElection51] INFO  server.RaftServerConfigKeys (ConfUtils.java:logGet(43)) - raft.server.watch.timeout.denomination = 1s (default)
2019-10-15 23:19:39,410 [d8510fed-4a1a-407a-82a8-c66d1fc8fbfe@group-611BE69400D0-LeaderElection51] INFO  server.RaftServerConfigKeys (ConfUtils.java:logGet(43)) - raft.server.watch.element-limit = 65536 (default)
2019-10-15 23:19:39,412 [d8510fed-4a1a-407a-82a8-c66d1fc8fbfe@group-611BE69400D0-LeaderElection51] INFO  impl.RoleInfo (RoleInfo.java:updateAndGet(143)) - d8510fed-4a1a-407a-82a8-c66d1fc8fbfe: start LeaderState
2019-10-15 23:19:39,412 [d8510fed-4a1a-407a-82a8-c66d1fc8fbfe@group-611BE69400D0-LeaderElection51] INFO  segmented.SegmentedRaftLogWorker (SegmentedRaftLogWorker.java:startLogSegment(385)) - d8510fed-4a1a-407a-82a8-c66d1fc8fbfe@group-611BE69400D0-SegmentedRaftLogWorker: Starting segment from index:0
2019-10-15 23:19:39,413 [d8510fed-4a1a-407a-82a8-c66d1fc8fbfe@group-611BE69400D0-LeaderElection51] INFO  impl.RaftServerImpl (ServerState.java:setRaftConf(356)) - d8510fed-4a1a-407a-82a8-c66d1fc8fbfe@group-611BE69400D0: set configuration 0: [d8510fed-4a1a-407a-82a8-c66d1fc8fbfe:192.168.157.213:35892], old=null at 0
2019-10-15 23:19:39,439 [Thread-2332] INFO  impl.FollowerState (FollowerState.java:run(108)) - 38dbd1c3-faa5-48e6-bcd1-f1510de0773c@group-FD82501B3A24-FollowerState: change to CANDIDATE, lastRpcTime:5078ms, electionTimeout:5078ms
2019-10-15 23:19:39,439 [Thread-2332] INFO  impl.RoleInfo (RoleInfo.java:shutdownFollowerState(121)) - 38dbd1c3-faa5-48e6-bcd1-f1510de0773c: shutdown FollowerState
2019-10-15 23:19:39,439 [Thread-2332] INFO  impl.RaftServerImpl (RaftServerImpl.java:setRole(170)) - 38dbd1c3-faa5-48e6-bcd1-f1510de0773c@group-FD82501B3A24: changes role from  FOLLOWER to CANDIDATE at term 0 for changeToCandidate
2019-10-15 23:19:39,440 [Thread-2332] INFO  impl.RoleInfo (RoleInfo.java:updateAndGet(143)) - 38dbd1c3-faa5-48e6-bcd1-f1510de0773c: start LeaderElection
2019-10-15 23:19:39,463 [d8510fed-4a1a-407a-82a8-c66d1fc8fbfe@group-611BE69400D0-SegmentedRaftLogWorker] INFO  segmented.SegmentedRaftLogWorker (SegmentedRaftLogWorker.java:execute(574)) - d8510fed-4a1a-407a-82a8-c66d1fc8fbfe@group-611BE69400D0-SegmentedRaftLogWorker: created new log segment /workdir/hadoop-ozone/integration-test/target/test-dir/MiniOzoneClusterImpl-98aff22c-fa5c-47da-a3ae-7692c4dcc9fe/datanode-1/data/ratis/a2d686d1-cfe5-4841-84c8-611be69400d0/current/log_inprogress_0
2019-10-15 23:19:39,463 [38dbd1c3-faa5-48e6-bcd1-f1510de0773c@group-FD82501B3A24-LeaderElection52] INFO  impl.LeaderElection (LeaderElection.java:askForVotes(178)) - 38dbd1c3-faa5-48e6-bcd1-f1510de0773c@group-FD82501B3A24-LeaderElection52: begin an election at term 1 for -1: [38dbd1c3-faa5-48e6-bcd1-f1510de0773c:192.168.157.213:43664], old=null
2019-10-15 23:19:39,463 [38dbd1c3-faa5-48e6-bcd1-f1510de0773c@group-FD82501B3A24-LeaderElection52] INFO  impl.RoleInfo (RoleInfo.java:shutdownLeaderElection(134)) - 38dbd1c3-faa5-48e6-bcd1-f1510de0773c: shutdown LeaderElection
2019-10-15 23:19:39,464 [38dbd1c3-faa5-48e6-bcd1-f1510de0773c@group-FD82501B3A24-LeaderElection52] INFO  impl.RaftServerImpl (RaftServerImpl.java:setRole(170)) - 38dbd1c3-faa5-48e6-bcd1-f1510de0773c@group-FD82501B3A24: changes role from CANDIDATE to LEADER at term 1 for changeToLeader
2019-10-15 23:19:39,464 [38dbd1c3-faa5-48e6-bcd1-f1510de0773c@group-FD82501B3A24-LeaderElection52] INFO  impl.RaftServerImpl (ServerState.java:setLeader(255)) - 38dbd1c3-faa5-48e6-bcd1-f1510de0773c@group-FD82501B3A24: change Leader from null to 38dbd1c3-faa5-48e6-bcd1-f1510de0773c at term 1 for becomeLeader, leader elected after 5108ms
2019-10-15 23:19:39,464 [38dbd1c3-faa5-48e6-bcd1-f1510de0773c@group-FD82501B3A24-LeaderElection52] INFO  server.RaftServerConfigKeys (ConfUtils.java:logGet(43)) - raft.server.staging.catchup.gap = 1000 (default)
2019-10-15 23:19:39,464 [38dbd1c3-faa5-48e6-bcd1-f1510de0773c@group-FD82501B3A24-LeaderElection52] INFO  server.RaftServerConfigKeys (ConfUtils.java:logGet(43)) - raft.server.rpc.sleep.time = 25ms (default)
2019-10-15 23:19:39,464 [38dbd1c3-faa5-48e6-bcd1-f1510de0773c@group-FD82501B3A24-LeaderElection52] INFO  server.RaftServerConfigKeys (ConfUtils.java:logGet(43)) - raft.server.write.element-limit = 4096 (default)
2019-10-15 23:19:39,464 [38dbd1c3-faa5-48e6-bcd1-f1510de0773c@group-FD82501B3A24-LeaderElection52] INFO  server.RaftServerConfigKeys (ConfUtils.java:logGet(43)) - raft.server.watch.timeout = 10s (default)
2019-10-15 23:19:39,464 [38dbd1c3-faa5-48e6-bcd1-f1510de0773c@group-FD82501B3A24-LeaderElection52] INFO  server.RaftServerConfigKeys (ConfUtils.java:logGet(43)) - raft.server.watch.timeout.denomination = 1s (default)
2019-10-15 23:19:39,465 [38dbd1c3-faa5-48e6-bcd1-f1510de0773c@group-FD82501B3A24-LeaderElection52] INFO  server.RaftServerConfigKeys (ConfUtils.java:logGet(43)) - raft.server.watch.element-limit = 65536 (default)
2019-10-15 23:19:39,466 [38dbd1c3-faa5-48e6-bcd1-f1510de0773c@group-FD82501B3A24-LeaderElection52] INFO  impl.RoleInfo (RoleInfo.java:updateAndGet(143)) - 38dbd1c3-faa5-48e6-bcd1-f1510de0773c: start LeaderState
2019-10-15 23:19:39,467 [38dbd1c3-faa5-48e6-bcd1-f1510de0773c@group-FD82501B3A24-LeaderElection52] INFO  segmented.SegmentedRaftLogWorker (SegmentedRaftLogWorker.java:startLogSegment(385)) - 38dbd1c3-faa5-48e6-bcd1-f1510de0773c@group-FD82501B3A24-SegmentedRaftLogWorker: Starting segment from index:0
2019-10-15 23:19:39,467 [38dbd1c3-faa5-48e6-bcd1-f1510de0773c@group-FD82501B3A24-LeaderElection52] INFO  impl.RaftServerImpl (ServerState.java:setRaftConf(356)) - 38dbd1c3-faa5-48e6-bcd1-f1510de0773c@group-FD82501B3A24: set configuration 0: [38dbd1c3-faa5-48e6-bcd1-f1510de0773c:192.168.157.213:43664], old=null at 0
2019-10-15 23:19:39,508 [38dbd1c3-faa5-48e6-bcd1-f1510de0773c@group-FD82501B3A24-SegmentedRaftLogWorker] INFO  segmented.SegmentedRaftLogWorker (SegmentedRaftLogWorker.java:execute(574)) - 38dbd1c3-faa5-48e6-bcd1-f1510de0773c@group-FD82501B3A24-SegmentedRaftLogWorker: created new log segment /workdir/hadoop-ozone/integration-test/target/test-dir/MiniOzoneClusterImpl-98aff22c-fa5c-47da-a3ae-7692c4dcc9fe/datanode-2/data/ratis/e5c6acec-a945-443c-93ae-fd82501b3a24/current/log_inprogress_0
2019-10-15 23:19:39,562 [Thread-2340] INFO  impl.FollowerState (FollowerState.java:run(108)) - 5ed9541c-0fee-4df4-91ea-614d35c75888@group-5054BFC63753-FollowerState: change to CANDIDATE, lastRpcTime:5115ms, electionTimeout:5115ms
2019-10-15 23:19:39,562 [Thread-2340] INFO  impl.RoleInfo (RoleInfo.java:shutdownFollowerState(121)) - 5ed9541c-0fee-4df4-91ea-614d35c75888: shutdown FollowerState
2019-10-15 23:19:39,562 [Thread-2340] INFO  impl.RaftServerImpl (RaftServerImpl.java:setRole(170)) - 5ed9541c-0fee-4df4-91ea-614d35c75888@group-5054BFC63753: changes role from  FOLLOWER to CANDIDATE at term 0 for changeToCandidate
2019-10-15 23:19:39,562 [Thread-2340] INFO  impl.RoleInfo (RoleInfo.java:updateAndGet(143)) - 5ed9541c-0fee-4df4-91ea-614d35c75888: start LeaderElection
2019-10-15 23:19:39,566 [Thread-2335] INFO  impl.FollowerState (FollowerState.java:run(108)) - 38dbd1c3-faa5-48e6-bcd1-f1510de0773c@group-5054BFC63753-FollowerState: change to CANDIDATE, lastRpcTime:5125ms, electionTimeout:5124ms
2019-10-15 23:19:39,566 [Thread-2335] INFO  impl.RoleInfo (RoleInfo.java:shutdownFollowerState(121)) - 38dbd1c3-faa5-48e6-bcd1-f1510de0773c: shutdown FollowerState
2019-10-15 23:19:39,566 [Thread-2335] INFO  impl.RaftServerImpl (RaftServerImpl.java:setRole(170)) - 38dbd1c3-faa5-48e6-bcd1-f1510de0773c@group-5054BFC63753: changes role from  FOLLOWER to CANDIDATE at term 0 for changeToCandidate
2019-10-15 23:19:39,566 [Thread-2335] INFO  impl.RoleInfo (RoleInfo.java:updateAndGet(143)) - 38dbd1c3-faa5-48e6-bcd1-f1510de0773c: start LeaderElection
2019-10-15 23:19:39,596 [38dbd1c3-faa5-48e6-bcd1-f1510de0773c@group-5054BFC63753-LeaderElection54] INFO  impl.LeaderElection (LeaderElection.java:askForVotes(178)) - 38dbd1c3-faa5-48e6-bcd1-f1510de0773c@group-5054BFC63753-LeaderElection54: begin an election at term 1 for -1: [38dbd1c3-faa5-48e6-bcd1-f1510de0773c:192.168.157.213:43664, d8510fed-4a1a-407a-82a8-c66d1fc8fbfe:192.168.157.213:35892, 5ed9541c-0fee-4df4-91ea-614d35c75888:192.168.157.213:32920], old=null
2019-10-15 23:19:39,596 [5ed9541c-0fee-4df4-91ea-614d35c75888@group-5054BFC63753-LeaderElection53] INFO  impl.LeaderElection (LeaderElection.java:askForVotes(178)) - 5ed9541c-0fee-4df4-91ea-614d35c75888@group-5054BFC63753-LeaderElection53: begin an election at term 1 for -1: [38dbd1c3-faa5-48e6-bcd1-f1510de0773c:192.168.157.213:43664, d8510fed-4a1a-407a-82a8-c66d1fc8fbfe:192.168.157.213:35892, 5ed9541c-0fee-4df4-91ea-614d35c75888:192.168.157.213:32920], old=null
2019-10-15 23:19:39,601 [grpc-default-executor-7] INFO  impl.RaftServerImpl (RaftServerImpl.java:setRole(170)) - d8510fed-4a1a-407a-82a8-c66d1fc8fbfe@group-5054BFC63753: changes role from  FOLLOWER to FOLLOWER at term 1 for recognizeCandidate:5ed9541c-0fee-4df4-91ea-614d35c75888
2019-10-15 23:19:39,601 [grpc-default-executor-7] INFO  impl.RoleInfo (RoleInfo.java:shutdownFollowerState(121)) - d8510fed-4a1a-407a-82a8-c66d1fc8fbfe: shutdown FollowerState
2019-10-15 23:19:39,605 [grpc-default-executor-7] INFO  impl.RoleInfo (RoleInfo.java:updateAndGet(143)) - d8510fed-4a1a-407a-82a8-c66d1fc8fbfe: start FollowerState
2019-10-15 23:19:39,605 [Thread-2339] INFO  impl.FollowerState (FollowerState.java:run(117)) - d8510fed-4a1a-407a-82a8-c66d1fc8fbfe@group-5054BFC63753-FollowerState was interrupted: java.lang.InterruptedException: sleep interrupted
2019-10-15 23:19:39,608 [Thread-2344] INFO  impl.FollowerState (FollowerState.java:run(108)) - afe183b3-c05a-4707-85f4-a543e0790e75@group-91680198AE36-FollowerState: change to CANDIDATE, lastRpcTime:5077ms, electionTimeout:5076ms
2019-10-15 23:19:39,608 [Thread-2344] INFO  impl.RoleInfo (RoleInfo.java:shutdownFollowerState(121)) - afe183b3-c05a-4707-85f4-a543e0790e75: shutdown FollowerState
2019-10-15 23:19:39,609 [Thread-2344] INFO  impl.RaftServerImpl (RaftServerImpl.java:setRole(170)) - afe183b3-c05a-4707-85f4-a543e0790e75@group-91680198AE36: changes role from  FOLLOWER to CANDIDATE at term 0 for changeToCandidate
2019-10-15 23:19:39,609 [Thread-2344] INFO  impl.RoleInfo (RoleInfo.java:updateAndGet(143)) - afe183b3-c05a-4707-85f4-a543e0790e75: start LeaderElection
2019-10-15 23:19:39,621 [afe183b3-c05a-4707-85f4-a543e0790e75@group-91680198AE36-LeaderElection55] INFO  impl.LeaderElection (LeaderElection.java:askForVotes(178)) - afe183b3-c05a-4707-85f4-a543e0790e75@group-91680198AE36-LeaderElection55: begin an election at term 1 for -1: [afe183b3-c05a-4707-85f4-a543e0790e75:192.168.157.213:35356], old=null
2019-10-15 23:19:39,622 [afe183b3-c05a-4707-85f4-a543e0790e75@group-91680198AE36-LeaderElection55] INFO  impl.RoleInfo (RoleInfo.java:shutdownLeaderElection(134)) - afe183b3-c05a-4707-85f4-a543e0790e75: shutdown LeaderElection
2019-10-15 23:19:39,622 [afe183b3-c05a-4707-85f4-a543e0790e75@group-91680198AE36-LeaderElection55] INFO  impl.RaftServerImpl (RaftServerImpl.java:setRole(170)) - afe183b3-c05a-4707-85f4-a543e0790e75@group-91680198AE36: changes role from CANDIDATE to LEADER at term 1 for changeToLeader
2019-10-15 23:19:39,622 [afe183b3-c05a-4707-85f4-a543e0790e75@group-91680198AE36-LeaderElection55] INFO  impl.RaftServerImpl (ServerState.java:setLeader(255)) - afe183b3-c05a-4707-85f4-a543e0790e75@group-91680198AE36: change Leader from null to afe183b3-c05a-4707-85f4-a543e0790e75 at term 1 for becomeLeader, leader elected after 5097ms
2019-10-15 23:19:39,622 [afe183b3-c05a-4707-85f4-a543e0790e75@group-91680198AE36-LeaderElection55] INFO  server.RaftServerConfigKeys (ConfUtils.java:logGet(43)) - raft.server.staging.catchup.gap = 1000 (default)
2019-10-15 23:19:39,622 [afe183b3-c05a-4707-85f4-a543e0790e75@group-91680198AE36-LeaderElection55] INFO  server.RaftServerConfigKeys (ConfUtils.java:logGet(43)) - raft.server.rpc.sleep.time = 25ms (default)
2019-10-15 23:19:39,622 [afe183b3-c05a-4707-85f4-a543e0790e75@group-91680198AE36-LeaderElection55] INFO  server.RaftServerConfigKeys (ConfUtils.java:logGet(43)) - raft.server.write.element-limit = 4096 (default)
2019-10-15 23:19:39,622 [38dbd1c3-faa5-48e6-bcd1-f1510de0773c@group-5054BFC63753-LeaderElection54] INFO  impl.LeaderElection (LeaderElection.java:logAndReturn(56)) - 38dbd1c3-faa5-48e6-bcd1-f1510de0773c@group-5054BFC63753-LeaderElection54: Election REJECTED; received 2 response(s) [38dbd1c3-faa5-48e6-bcd1-f1510de0773c<-d8510fed-4a1a-407a-82a8-c66d1fc8fbfe#0:FAIL-t1, 38dbd1c3-faa5-48e6-bcd1-f1510de0773c<-5ed9541c-0fee-4df4-91ea-614d35c75888#0:FAIL-t1] and 0 exception(s); 38dbd1c3-faa5-48e6-bcd1-f1510de0773c@group-5054BFC63753:t1, leader=null, voted=38dbd1c3-faa5-48e6-bcd1-f1510de0773c, raftlog=38dbd1c3-faa5-48e6-bcd1-f1510de0773c@group-5054BFC63753-SegmentedRaftLog:OPENED:c-1,f-1,i0, conf=-1: [38dbd1c3-faa5-48e6-bcd1-f1510de0773c:192.168.157.213:43664, d8510fed-4a1a-407a-82a8-c66d1fc8fbfe:192.168.157.213:35892, 5ed9541c-0fee-4df4-91ea-614d35c75888:192.168.157.213:32920], old=null
2019-10-15 23:19:39,622 [5ed9541c-0fee-4df4-91ea-614d35c75888@group-5054BFC63753-LeaderElection53] INFO  impl.LeaderElection (LeaderElection.java:logAndReturn(56)) - 5ed9541c-0fee-4df4-91ea-614d35c75888@group-5054BFC63753-LeaderElection53: Election PASSED; received 2 response(s) [5ed9541c-0fee-4df4-91ea-614d35c75888<-38dbd1c3-faa5-48e6-bcd1-f1510de0773c#0:FAIL-t1, 5ed9541c-0fee-4df4-91ea-614d35c75888<-d8510fed-4a1a-407a-82a8-c66d1fc8fbfe#0:OK-t1] and 0 exception(s); 5ed9541c-0fee-4df4-91ea-614d35c75888@group-5054BFC63753:t1, leader=null, voted=5ed9541c-0fee-4df4-91ea-614d35c75888, raftlog=5ed9541c-0fee-4df4-91ea-614d35c75888@group-5054BFC63753-SegmentedRaftLog:OPENED:c-1,f-1,i0, conf=-1: [38dbd1c3-faa5-48e6-bcd1-f1510de0773c:192.168.157.213:43664, d8510fed-4a1a-407a-82a8-c66d1fc8fbfe:192.168.157.213:35892, 5ed9541c-0fee-4df4-91ea-614d35c75888:192.168.157.213:32920], old=null
2019-10-15 23:19:39,622 [afe183b3-c05a-4707-85f4-a543e0790e75@group-91680198AE36-LeaderElection55] INFO  server.RaftServerConfigKeys (ConfUtils.java:logGet(43)) - raft.server.watch.timeout = 10s (default)
2019-10-15 23:19:39,623 [5ed9541c-0fee-4df4-91ea-614d35c75888@group-5054BFC63753-LeaderElection53] INFO  impl.RoleInfo (RoleInfo.java:shutdownLeaderElection(134)) - 5ed9541c-0fee-4df4-91ea-614d35c75888: shutdown LeaderElection
2019-10-15 23:19:39,622 [38dbd1c3-faa5-48e6-bcd1-f1510de0773c@group-5054BFC63753-LeaderElection54] INFO  impl.RaftServerImpl (RaftServerImpl.java:setRole(170)) - 38dbd1c3-faa5-48e6-bcd1-f1510de0773c@group-5054BFC63753: changes role from CANDIDATE to FOLLOWER at term 1 for DISCOVERED_A_NEW_TERM
2019-10-15 23:19:39,623 [5ed9541c-0fee-4df4-91ea-614d35c75888@group-5054BFC63753-LeaderElection53] INFO  impl.RaftServerImpl (RaftServerImpl.java:setRole(170)) - 5ed9541c-0fee-4df4-91ea-614d35c75888@group-5054BFC63753: changes role from CANDIDATE to LEADER at term 1 for changeToLeader
2019-10-15 23:19:39,623 [afe183b3-c05a-4707-85f4-a543e0790e75@group-91680198AE36-LeaderElection55] INFO  server.RaftServerConfigKeys (ConfUtils.java:logGet(43)) - raft.server.watch.timeout.denomination = 1s (default)
2019-10-15 23:19:39,623 [5ed9541c-0fee-4df4-91ea-614d35c75888@group-5054BFC63753-LeaderElection53] INFO  impl.RaftServerImpl (ServerState.java:setLeader(255)) - 5ed9541c-0fee-4df4-91ea-614d35c75888@group-5054BFC63753: change Leader from null to 5ed9541c-0fee-4df4-91ea-614d35c75888 at term 1 for becomeLeader, leader elected after 5189ms
2019-10-15 23:19:39,623 [38dbd1c3-faa5-48e6-bcd1-f1510de0773c@group-5054BFC63753-LeaderElection54] INFO  impl.RoleInfo (RoleInfo.java:shutdownLeaderElection(134)) - 38dbd1c3-faa5-48e6-bcd1-f1510de0773c: shutdown LeaderElection
2019-10-15 23:19:39,623 [5ed9541c-0fee-4df4-91ea-614d35c75888@group-5054BFC63753-LeaderElection53] INFO  server.RaftServerConfigKeys (ConfUtils.java:logGet(43)) - raft.server.staging.catchup.gap = 1000 (default)
2019-10-15 23:19:39,623 [afe183b3-c05a-4707-85f4-a543e0790e75@group-91680198AE36-LeaderElection55] INFO  server.RaftServerConfigKeys (ConfUtils.java:logGet(43)) - raft.server.watch.element-limit = 65536 (default)
2019-10-15 23:19:39,623 [5ed9541c-0fee-4df4-91ea-614d35c75888@group-5054BFC63753-LeaderElection53] INFO  server.RaftServerConfigKeys (ConfUtils.java:logGet(43)) - raft.server.rpc.sleep.time = 25ms (default)
2019-10-15 23:19:39,623 [38dbd1c3-faa5-48e6-bcd1-f1510de0773c@group-5054BFC63753-LeaderElection54] INFO  impl.RoleInfo (RoleInfo.java:updateAndGet(143)) - 38dbd1c3-faa5-48e6-bcd1-f1510de0773c: start FollowerState
2019-10-15 23:19:39,624 [5ed9541c-0fee-4df4-91ea-614d35c75888@group-5054BFC63753-LeaderElection53] INFO  server.RaftServerConfigKeys (ConfUtils.java:logGet(43)) - raft.server.write.element-limit = 4096 (default)
2019-10-15 23:19:39,624 [5ed9541c-0fee-4df4-91ea-614d35c75888@group-5054BFC63753-LeaderElection53] INFO  server.RaftServerConfigKeys (ConfUtils.java:logGet(43)) - raft.server.watch.timeout = 10s (default)
2019-10-15 23:19:39,624 [5ed9541c-0fee-4df4-91ea-614d35c75888@group-5054BFC63753-LeaderElection53] INFO  server.RaftServerConfigKeys (ConfUtils.java:logGet(43)) - raft.server.watch.timeout.denomination = 1s (default)
2019-10-15 23:19:39,624 [5ed9541c-0fee-4df4-91ea-614d35c75888@group-5054BFC63753-LeaderElection53] INFO  server.RaftServerConfigKeys (ConfUtils.java:logGet(43)) - raft.server.watch.element-limit = 65536 (default)
2019-10-15 23:19:39,625 [afe183b3-c05a-4707-85f4-a543e0790e75@group-91680198AE36-LeaderElection55] INFO  impl.RoleInfo (RoleInfo.java:updateAndGet(143)) - afe183b3-c05a-4707-85f4-a543e0790e75: start LeaderState
2019-10-15 23:19:39,625 [afe183b3-c05a-4707-85f4-a543e0790e75@group-91680198AE36-LeaderElection55] INFO  segmented.SegmentedRaftLogWorker (SegmentedRaftLogWorker.java:startLogSegment(385)) - afe183b3-c05a-4707-85f4-a543e0790e75@group-91680198AE36-SegmentedRaftLogWorker: Starting segment from index:0
2019-10-15 23:19:39,626 [afe183b3-c05a-4707-85f4-a543e0790e75@group-91680198AE36-LeaderElection55] INFO  impl.RaftServerImpl (ServerState.java:setRaftConf(356)) - afe183b3-c05a-4707-85f4-a543e0790e75@group-91680198AE36: set configuration 0: [afe183b3-c05a-4707-85f4-a543e0790e75:192.168.157.213:35356], old=null at 0
2019-10-15 23:19:39,626 [5ed9541c-0fee-4df4-91ea-614d35c75888@group-5054BFC63753-LeaderElection53] INFO  server.RaftServerConfigKeys (ConfUtils.java:logGet(43)) - raft.server.log.appender.snapshot.chunk.size.max = 16MB (=16777216) (default)
2019-10-15 23:19:39,626 [5ed9541c-0fee-4df4-91ea-614d35c75888@group-5054BFC63753-LeaderElection53] INFO  server.RaftServerConfigKeys (ConfUtils.java:logGet(43)) - raft.server.log.appender.buffer.byte-limit = 33554432 (custom)
2019-10-15 23:19:39,626 [5ed9541c-0fee-4df4-91ea-614d35c75888@group-5054BFC63753-LeaderElection53] INFO  server.RaftServerConfigKeys (ConfUtils.java:logGet(43)) - raft.server.log.appender.buffer.element-limit = 1 (custom)
2019-10-15 23:19:39,626 [5ed9541c-0fee-4df4-91ea-614d35c75888@group-5054BFC63753-LeaderElection53] INFO  grpc.GrpcConfigKeys$Server (ConfUtils.java:logGet(43)) - raft.grpc.server.leader.outstanding.appends.max = 128 (default)
2019-10-15 23:19:39,626 [5ed9541c-0fee-4df4-91ea-614d35c75888@group-5054BFC63753-LeaderElection53] INFO  server.RaftServerConfigKeys (ConfUtils.java:logGet(43)) - raft.server.rpc.request.timeout = 3000ms (default)
2019-10-15 23:19:39,626 [5ed9541c-0fee-4df4-91ea-614d35c75888@group-5054BFC63753-LeaderElection53] INFO  server.RaftServerConfigKeys (ConfUtils.java:logGet(43)) - raft.server.log.appender.install.snapshot.enabled = false (custom)
2019-10-15 23:19:39,626 [5ed9541c-0fee-4df4-91ea-614d35c75888@group-5054BFC63753-LeaderElection53] INFO  server.RaftServerConfigKeys (ConfUtils.java:logGet(43)) - raft.server.log.appender.snapshot.chunk.size.max = 16MB (=16777216) (default)
2019-10-15 23:19:39,627 [5ed9541c-0fee-4df4-91ea-614d35c75888@group-5054BFC63753-LeaderElection53] INFO  server.RaftServerConfigKeys (ConfUtils.java:logGet(43)) - raft.server.log.appender.buffer.byte-limit = 33554432 (custom)
2019-10-15 23:19:39,627 [5ed9541c-0fee-4df4-91ea-614d35c75888@group-5054BFC63753-LeaderElection53] INFO  server.RaftServerConfigKeys (ConfUtils.java:logGet(43)) - raft.server.log.appender.buffer.element-limit = 1 (custom)
2019-10-15 23:19:39,627 [5ed9541c-0fee-4df4-91ea-614d35c75888@group-5054BFC63753-LeaderElection53] INFO  grpc.GrpcConfigKeys$Server (ConfUtils.java:logGet(43)) - raft.grpc.server.leader.outstanding.appends.max = 128 (default)
2019-10-15 23:19:39,627 [5ed9541c-0fee-4df4-91ea-614d35c75888@group-5054BFC63753-LeaderElection53] INFO  server.RaftServerConfigKeys (ConfUtils.java:logGet(43)) - raft.server.rpc.request.timeout = 3000ms (default)
2019-10-15 23:19:39,627 [5ed9541c-0fee-4df4-91ea-614d35c75888@group-5054BFC63753-LeaderElection53] INFO  server.RaftServerConfigKeys (ConfUtils.java:logGet(43)) - raft.server.log.appender.install.snapshot.enabled = false (custom)
2019-10-15 23:19:39,627 [5ed9541c-0fee-4df4-91ea-614d35c75888@group-5054BFC63753-LeaderElection53] INFO  impl.RoleInfo (RoleInfo.java:updateAndGet(143)) - 5ed9541c-0fee-4df4-91ea-614d35c75888: start LeaderState
2019-10-15 23:19:39,627 [5ed9541c-0fee-4df4-91ea-614d35c75888@group-5054BFC63753-LeaderElection53] INFO  segmented.SegmentedRaftLogWorker (SegmentedRaftLogWorker.java:startLogSegment(385)) - 5ed9541c-0fee-4df4-91ea-614d35c75888@group-5054BFC63753-SegmentedRaftLogWorker: Starting segment from index:0
2019-10-15 23:19:39,628 [5ed9541c-0fee-4df4-91ea-614d35c75888@group-5054BFC63753-LeaderElection53] INFO  impl.RaftServerImpl (ServerState.java:setRaftConf(356)) - 5ed9541c-0fee-4df4-91ea-614d35c75888@group-5054BFC63753: set configuration 0: [38dbd1c3-faa5-48e6-bcd1-f1510de0773c:192.168.157.213:43664, d8510fed-4a1a-407a-82a8-c66d1fc8fbfe:192.168.157.213:35892, 5ed9541c-0fee-4df4-91ea-614d35c75888:192.168.157.213:32920], old=null at 0
2019-10-15 23:19:39,663 [grpc-default-executor-4] INFO  impl.RaftServerImpl (ServerState.java:setLeader(255)) - 38dbd1c3-faa5-48e6-bcd1-f1510de0773c@group-5054BFC63753: change Leader from null to 5ed9541c-0fee-4df4-91ea-614d35c75888 at term 1 for appendEntries, leader elected after 5229ms
2019-10-15 23:19:39,663 [grpc-default-executor-7] INFO  impl.RaftServerImpl (ServerState.java:setLeader(255)) - d8510fed-4a1a-407a-82a8-c66d1fc8fbfe@group-5054BFC63753: change Leader from null to 5ed9541c-0fee-4df4-91ea-614d35c75888 at term 1 for appendEntries, leader elected after 5230ms
2019-10-15 23:19:39,665 [grpc-default-executor-4] INFO  impl.RaftServerImpl (ServerState.java:setRaftConf(356)) - d8510fed-4a1a-407a-82a8-c66d1fc8fbfe@group-5054BFC63753: set configuration 0: [38dbd1c3-faa5-48e6-bcd1-f1510de0773c:192.168.157.213:43664, d8510fed-4a1a-407a-82a8-c66d1fc8fbfe:192.168.157.213:35892, 5ed9541c-0fee-4df4-91ea-614d35c75888:192.168.157.213:32920], old=null at 0
2019-10-15 23:19:39,665 [grpc-default-executor-7] INFO  impl.RaftServerImpl (ServerState.java:setRaftConf(356)) - 38dbd1c3-faa5-48e6-bcd1-f1510de0773c@group-5054BFC63753: set configuration 0: [38dbd1c3-faa5-48e6-bcd1-f1510de0773c:192.168.157.213:43664, d8510fed-4a1a-407a-82a8-c66d1fc8fbfe:192.168.157.213:35892, 5ed9541c-0fee-4df4-91ea-614d35c75888:192.168.157.213:32920], old=null at 0
2019-10-15 23:19:39,666 [grpc-default-executor-4] INFO  segmented.SegmentedRaftLogWorker (SegmentedRaftLogWorker.java:startLogSegment(385)) - d8510fed-4a1a-407a-82a8-c66d1fc8fbfe@group-5054BFC63753-SegmentedRaftLogWorker: Starting segment from index:0
2019-10-15 23:19:39,666 [grpc-default-executor-7] INFO  segmented.SegmentedRaftLogWorker (SegmentedRaftLogWorker.java:startLogSegment(385)) - 38dbd1c3-faa5-48e6-bcd1-f1510de0773c@group-5054BFC63753-SegmentedRaftLogWorker: Starting segment from index:0
2019-10-15 23:19:39,675 [afe183b3-c05a-4707-85f4-a543e0790e75@group-91680198AE36-SegmentedRaftLogWorker] INFO  segmented.SegmentedRaftLogWorker (SegmentedRaftLogWorker.java:execute(574)) - afe183b3-c05a-4707-85f4-a543e0790e75@group-91680198AE36-SegmentedRaftLogWorker: created new log segment /workdir/hadoop-ozone/integration-test/target/test-dir/MiniOzoneClusterImpl-98aff22c-fa5c-47da-a3ae-7692c4dcc9fe/datanode-4/data/ratis/46eecaf9-b87f-4744-888c-91680198ae36/current/log_inprogress_0
2019-10-15 23:19:39,675 [5ed9541c-0fee-4df4-91ea-614d35c75888@group-5054BFC63753-SegmentedRaftLogWorker] INFO  segmented.SegmentedRaftLogWorker (SegmentedRaftLogWorker.java:execute(574)) - 5ed9541c-0fee-4df4-91ea-614d35c75888@group-5054BFC63753-SegmentedRaftLogWorker: created new log segment /workdir/hadoop-ozone/integration-test/target/test-dir/MiniOzoneClusterImpl-98aff22c-fa5c-47da-a3ae-7692c4dcc9fe/datanode-0/data/ratis/6ded018b-18ba-4941-8b96-5054bfc63753/current/log_inprogress_0
2019-10-15 23:19:39,698 [Thread-2347] INFO  impl.FollowerState (FollowerState.java:run(108)) - b977082d-6667-4eed-949e-a30759adbdfa@group-4232474B2103-FollowerState: change to CANDIDATE, lastRpcTime:5124ms, electionTimeout:5124ms
2019-10-15 23:19:39,699 [Thread-2347] INFO  impl.RoleInfo (RoleInfo.java:shutdownFollowerState(121)) - b977082d-6667-4eed-949e-a30759adbdfa: shutdown FollowerState
2019-10-15 23:19:39,699 [Thread-2347] INFO  impl.RaftServerImpl (RaftServerImpl.java:setRole(170)) - b977082d-6667-4eed-949e-a30759adbdfa@group-4232474B2103: changes role from  FOLLOWER to CANDIDATE at term 0 for changeToCandidate
2019-10-15 23:19:39,699 [Thread-2347] INFO  impl.RoleInfo (RoleInfo.java:updateAndGet(143)) - b977082d-6667-4eed-949e-a30759adbdfa: start LeaderElection
2019-10-15 23:19:39,720 [d8510fed-4a1a-407a-82a8-c66d1fc8fbfe@group-5054BFC63753-SegmentedRaftLogWorker] INFO  segmented.SegmentedRaftLogWorker (SegmentedRaftLogWorker.java:execute(574)) - d8510fed-4a1a-407a-82a8-c66d1fc8fbfe@group-5054BFC63753-SegmentedRaftLogWorker: created new log segment /workdir/hadoop-ozone/integration-test/target/test-dir/MiniOzoneClusterImpl-98aff22c-fa5c-47da-a3ae-7692c4dcc9fe/datanode-1/data/ratis/6ded018b-18ba-4941-8b96-5054bfc63753/current/log_inprogress_0
2019-10-15 23:19:39,720 [b977082d-6667-4eed-949e-a30759adbdfa@group-4232474B2103-LeaderElection56] INFO  impl.LeaderElection (LeaderElection.java:askForVotes(178)) - b977082d-6667-4eed-949e-a30759adbdfa@group-4232474B2103-LeaderElection56: begin an election at term 1 for -1: [b977082d-6667-4eed-949e-a30759adbdfa:192.168.157.213:40604], old=null
2019-10-15 23:19:39,720 [38dbd1c3-faa5-48e6-bcd1-f1510de0773c@group-5054BFC63753-SegmentedRaftLogWorker] INFO  segmented.SegmentedRaftLogWorker (SegmentedRaftLogWorker.java:execute(574)) - 38dbd1c3-faa5-48e6-bcd1-f1510de0773c@group-5054BFC63753-SegmentedRaftLogWorker: created new log segment /workdir/hadoop-ozone/integration-test/target/test-dir/MiniOzoneClusterImpl-98aff22c-fa5c-47da-a3ae-7692c4dcc9fe/datanode-2/data/ratis/6ded018b-18ba-4941-8b96-5054bfc63753/current/log_inprogress_0
2019-10-15 23:19:39,720 [b977082d-6667-4eed-949e-a30759adbdfa@group-4232474B2103-LeaderElection56] INFO  impl.RoleInfo (RoleInfo.java:shutdownLeaderElection(134)) - b977082d-6667-4eed-949e-a30759adbdfa: shutdown LeaderElection
2019-10-15 23:19:39,721 [b977082d-6667-4eed-949e-a30759adbdfa@group-4232474B2103-LeaderElection56] INFO  impl.RaftServerImpl (RaftServerImpl.java:setRole(170)) - b977082d-6667-4eed-949e-a30759adbdfa@group-4232474B2103: changes role from CANDIDATE to LEADER at term 1 for changeToLeader
2019-10-15 23:19:39,721 [b977082d-6667-4eed-949e-a30759adbdfa@group-4232474B2103-LeaderElection56] INFO  impl.RaftServerImpl (ServerState.java:setLeader(255)) - b977082d-6667-4eed-949e-a30759adbdfa@group-4232474B2103: change Leader from null to b977082d-6667-4eed-949e-a30759adbdfa at term 1 for becomeLeader, leader elected after 5152ms
2019-10-15 23:19:39,721 [b977082d-6667-4eed-949e-a30759adbdfa@group-4232474B2103-LeaderElection56] INFO  server.RaftServerConfigKeys (ConfUtils.java:logGet(43)) - raft.server.staging.catchup.gap = 1000 (default)
2019-10-15 23:19:39,721 [b977082d-6667-4eed-949e-a30759adbdfa@group-4232474B2103-LeaderElection56] INFO  server.RaftServerConfigKeys (ConfUtils.java:logGet(43)) - raft.server.rpc.sleep.time = 25ms (default)
2019-10-15 23:19:39,721 [b977082d-6667-4eed-949e-a30759adbdfa@group-4232474B2103-LeaderElection56] INFO  server.RaftServerConfigKeys (ConfUtils.java:logGet(43)) - raft.server.write.element-limit = 4096 (default)
2019-10-15 23:19:39,721 [b977082d-6667-4eed-949e-a30759adbdfa@group-4232474B2103-LeaderElection56] INFO  server.RaftServerConfigKeys (ConfUtils.java:logGet(43)) - raft.server.watch.timeout = 10s (default)
2019-10-15 23:19:39,721 [b977082d-6667-4eed-949e-a30759adbdfa@group-4232474B2103-LeaderElection56] INFO  server.RaftServerConfigKeys (ConfUtils.java:logGet(43)) - raft.server.watch.timeout.denomination = 1s (default)
2019-10-15 23:19:39,721 [b977082d-6667-4eed-949e-a30759adbdfa@group-4232474B2103-LeaderElection56] INFO  server.RaftServerConfigKeys (ConfUtils.java:logGet(43)) - raft.server.watch.element-limit = 65536 (default)
2019-10-15 23:19:39,722 [b977082d-6667-4eed-949e-a30759adbdfa@group-4232474B2103-LeaderElection56] INFO  impl.RoleInfo (RoleInfo.java:updateAndGet(143)) - b977082d-6667-4eed-949e-a30759adbdfa: start LeaderState
2019-10-15 23:19:39,723 [b977082d-6667-4eed-949e-a30759adbdfa@group-4232474B2103-LeaderElection56] INFO  segmented.SegmentedRaftLogWorker (SegmentedRaftLogWorker.java:startLogSegment(385)) - b977082d-6667-4eed-949e-a30759adbdfa@group-4232474B2103-SegmentedRaftLogWorker: Starting segment from index:0
2019-10-15 23:19:39,723 [b977082d-6667-4eed-949e-a30759adbdfa@group-4232474B2103-LeaderElection56] INFO  impl.RaftServerImpl (ServerState.java:setRaftConf(356)) - b977082d-6667-4eed-949e-a30759adbdfa@group-4232474B2103: set configuration 0: [b977082d-6667-4eed-949e-a30759adbdfa:192.168.157.213:40604], old=null at 0
2019-10-15 23:19:39,742 [Thread-2355] INFO  impl.FollowerState (FollowerState.java:run(108)) - afe183b3-c05a-4707-85f4-a543e0790e75@group-A7D1D159CB99-FollowerState: change to CANDIDATE, lastRpcTime:5040ms, electionTimeout:5040ms
2019-10-15 23:19:39,742 [Thread-2355] INFO  impl.RoleInfo (RoleInfo.java:shutdownFollowerState(121)) - afe183b3-c05a-4707-85f4-a543e0790e75: shutdown FollowerState
2019-10-15 23:19:39,742 [Thread-2355] INFO  impl.RaftServerImpl (RaftServerImpl.java:setRole(170)) - afe183b3-c05a-4707-85f4-a543e0790e75@group-A7D1D159CB99: changes role from  FOLLOWER to CANDIDATE at term 0 for changeToCandidate
2019-10-15 23:19:39,742 [Thread-2355] INFO  impl.RoleInfo (RoleInfo.java:updateAndGet(143)) - afe183b3-c05a-4707-85f4-a543e0790e75: start LeaderElection
2019-10-15 23:19:39,751 [Thread-2350] INFO  impl.FollowerState (FollowerState.java:run(108)) - b939edb1-32ad-4b86-9bef-59d37877c49c@group-6E3FC7EAAD65-FollowerState: change to CANDIDATE, lastRpcTime:5131ms, electionTimeout:5131ms
2019-10-15 23:19:39,751 [Thread-2350] INFO  impl.RoleInfo (RoleInfo.java:shutdownFollowerState(121)) - b939edb1-32ad-4b86-9bef-59d37877c49c: shutdown FollowerState
2019-10-15 23:19:39,751 [Thread-2350] INFO  impl.RaftServerImpl (RaftServerImpl.java:setRole(170)) - b939edb1-32ad-4b86-9bef-59d37877c49c@group-6E3FC7EAAD65: changes role from  FOLLOWER to CANDIDATE at term 0 for changeToCandidate
2019-10-15 23:19:39,754 [Thread-2350] INFO  impl.RoleInfo (RoleInfo.java:updateAndGet(143)) - b939edb1-32ad-4b86-9bef-59d37877c49c: start LeaderElection
2019-10-15 23:19:39,762 [Thread-2360] INFO  impl.FollowerState (FollowerState.java:run(108)) - b977082d-6667-4eed-949e-a30759adbdfa@group-A7D1D159CB99-FollowerState: change to CANDIDATE, lastRpcTime:5043ms, electionTimeout:5040ms
2019-10-15 23:19:39,762 [Thread-2360] INFO  impl.RoleInfo (RoleInfo.java:shutdownFollowerState(121)) - b977082d-6667-4eed-949e-a30759adbdfa: shutdown FollowerState
2019-10-15 23:19:39,762 [Thread-2360] INFO  impl.RaftServerImpl (RaftServerImpl.java:setRole(170)) - b977082d-6667-4eed-949e-a30759adbdfa@group-A7D1D159CB99: changes role from  FOLLOWER to CANDIDATE at term 0 for changeToCandidate
2019-10-15 23:19:39,762 [Thread-2360] INFO  impl.RoleInfo (RoleInfo.java:updateAndGet(143)) - b977082d-6667-4eed-949e-a30759adbdfa: start LeaderElection
2019-10-15 23:19:39,780 [b977082d-6667-4eed-949e-a30759adbdfa@group-4232474B2103-SegmentedRaftLogWorker] INFO  segmented.SegmentedRaftLogWorker (SegmentedRaftLogWorker.java:execute(574)) - b977082d-6667-4eed-949e-a30759adbdfa@group-4232474B2103-SegmentedRaftLogWorker: created new log segment /workdir/hadoop-ozone/integration-test/target/test-dir/MiniOzoneClusterImpl-98aff22c-fa5c-47da-a3ae-7692c4dcc9fe/datanode-3/data/ratis/8d0ddaec-454d-475d-8927-4232474b2103/current/log_inprogress_0
2019-10-15 23:19:39,781 [b939edb1-32ad-4b86-9bef-59d37877c49c@group-6E3FC7EAAD65-LeaderElection58] INFO  impl.LeaderElection (LeaderElection.java:askForVotes(178)) - b939edb1-32ad-4b86-9bef-59d37877c49c@group-6E3FC7EAAD65-LeaderElection58: begin an election at term 1 for -1: [b939edb1-32ad-4b86-9bef-59d37877c49c:192.168.157.213:44075], old=null
2019-10-15 23:19:39,781 [afe183b3-c05a-4707-85f4-a543e0790e75@group-A7D1D159CB99-LeaderElection57] INFO  impl.LeaderElection (LeaderElection.java:askForVotes(178)) - afe183b3-c05a-4707-85f4-a543e0790e75@group-A7D1D159CB99-LeaderElection57: begin an election at term 1 for -1: [afe183b3-c05a-4707-85f4-a543e0790e75:192.168.157.213:35356, b939edb1-32ad-4b86-9bef-59d37877c49c:192.168.157.213:44075, b977082d-6667-4eed-949e-a30759adbdfa:192.168.157.213:40604], old=null
2019-10-15 23:19:39,781 [b939edb1-32ad-4b86-9bef-59d37877c49c@group-6E3FC7EAAD65-LeaderElection58] INFO  impl.RoleInfo (RoleInfo.java:shutdownLeaderElection(134)) - b939edb1-32ad-4b86-9bef-59d37877c49c: shutdown LeaderElection
2019-10-15 23:19:39,781 [b939edb1-32ad-4b86-9bef-59d37877c49c@group-6E3FC7EAAD65-LeaderElection58] INFO  impl.RaftServerImpl (RaftServerImpl.java:setRole(170)) - b939edb1-32ad-4b86-9bef-59d37877c49c@group-6E3FC7EAAD65: changes role from CANDIDATE to LEADER at term 1 for changeToLeader
2019-10-15 23:19:39,781 [b939edb1-32ad-4b86-9bef-59d37877c49c@group-6E3FC7EAAD65-LeaderElection58] INFO  impl.RaftServerImpl (ServerState.java:setLeader(255)) - b939edb1-32ad-4b86-9bef-59d37877c49c@group-6E3FC7EAAD65: change Leader from null to b939edb1-32ad-4b86-9bef-59d37877c49c at term 1 for becomeLeader, leader elected after 5168ms
2019-10-15 23:19:39,781 [b939edb1-32ad-4b86-9bef-59d37877c49c@group-6E3FC7EAAD65-LeaderElection58] INFO  server.RaftServerConfigKeys (ConfUtils.java:logGet(43)) - raft.server.staging.catchup.gap = 1000 (default)
2019-10-15 23:19:39,781 [b939edb1-32ad-4b86-9bef-59d37877c49c@group-6E3FC7EAAD65-LeaderElection58] INFO  server.RaftServerConfigKeys (ConfUtils.java:logGet(43)) - raft.server.rpc.sleep.time = 25ms (default)
2019-10-15 23:19:39,781 [b939edb1-32ad-4b86-9bef-59d37877c49c@group-6E3FC7EAAD65-LeaderElection58] INFO  server.RaftServerConfigKeys (ConfUtils.java:logGet(43)) - raft.server.write.element-limit = 4096 (default)
2019-10-15 23:19:39,782 [b939edb1-32ad-4b86-9bef-59d37877c49c@group-6E3FC7EAAD65-LeaderElection58] INFO  server.RaftServerConfigKeys (ConfUtils.java:logGet(43)) - raft.server.watch.timeout = 10s (default)
2019-10-15 23:19:39,782 [b939edb1-32ad-4b86-9bef-59d37877c49c@group-6E3FC7EAAD65-LeaderElection58] INFO  server.RaftServerConfigKeys (ConfUtils.java:logGet(43)) - raft.server.watch.timeout.denomination = 1s (default)
2019-10-15 23:19:39,782 [b939edb1-32ad-4b86-9bef-59d37877c49c@group-6E3FC7EAAD65-LeaderElection58] INFO  server.RaftServerConfigKeys (ConfUtils.java:logGet(43)) - raft.server.watch.element-limit = 65536 (default)
2019-10-15 23:19:39,782 [b977082d-6667-4eed-949e-a30759adbdfa@group-A7D1D159CB99-LeaderElection59] INFO  impl.LeaderElection (LeaderElection.java:askForVotes(178)) - b977082d-6667-4eed-949e-a30759adbdfa@group-A7D1D159CB99-LeaderElection59: begin an election at term 1 for -1: [afe183b3-c05a-4707-85f4-a543e0790e75:192.168.157.213:35356, b939edb1-32ad-4b86-9bef-59d37877c49c:192.168.157.213:44075, b977082d-6667-4eed-949e-a30759adbdfa:192.168.157.213:40604], old=null
2019-10-15 23:19:39,787 [b939edb1-32ad-4b86-9bef-59d37877c49c@group-6E3FC7EAAD65-LeaderElection58] INFO  impl.RoleInfo (RoleInfo.java:updateAndGet(143)) - b939edb1-32ad-4b86-9bef-59d37877c49c: start LeaderState
2019-10-15 23:19:39,790 [grpc-default-executor-7] INFO  impl.RaftServerImpl (RaftServerImpl.java:setRole(170)) - b939edb1-32ad-4b86-9bef-59d37877c49c@group-A7D1D159CB99: changes role from  FOLLOWER to FOLLOWER at term 1 for recognizeCandidate:afe183b3-c05a-4707-85f4-a543e0790e75
2019-10-15 23:19:39,790 [grpc-default-executor-7] INFO  impl.RoleInfo (RoleInfo.java:shutdownFollowerState(121)) - b939edb1-32ad-4b86-9bef-59d37877c49c: shutdown FollowerState
2019-10-15 23:19:39,790 [grpc-default-executor-7] INFO  impl.RoleInfo (RoleInfo.java:updateAndGet(143)) - b939edb1-32ad-4b86-9bef-59d37877c49c: start FollowerState
2019-10-15 23:19:39,791 [Thread-2359] INFO  impl.FollowerState (FollowerState.java:run(117)) - b939edb1-32ad-4b86-9bef-59d37877c49c@group-A7D1D159CB99-FollowerState was interrupted: java.lang.InterruptedException: sleep interrupted
2019-10-15 23:19:39,791 [b939edb1-32ad-4b86-9bef-59d37877c49c@group-6E3FC7EAAD65-LeaderElection58] INFO  segmented.SegmentedRaftLogWorker (SegmentedRaftLogWorker.java:startLogSegment(385)) - b939edb1-32ad-4b86-9bef-59d37877c49c@group-6E3FC7EAAD65-SegmentedRaftLogWorker: Starting segment from index:0
2019-10-15 23:19:39,793 [b939edb1-32ad-4b86-9bef-59d37877c49c@group-6E3FC7EAAD65-LeaderElection58] INFO  impl.RaftServerImpl (ServerState.java:setRaftConf(356)) - b939edb1-32ad-4b86-9bef-59d37877c49c@group-6E3FC7EAAD65: set configuration 0: [b939edb1-32ad-4b86-9bef-59d37877c49c:192.168.157.213:44075], old=null at 0
2019-10-15 23:19:39,834 [b939edb1-32ad-4b86-9bef-59d37877c49c@group-6E3FC7EAAD65-SegmentedRaftLogWorker] INFO  segmented.SegmentedRaftLogWorker (SegmentedRaftLogWorker.java:execute(574)) - b939edb1-32ad-4b86-9bef-59d37877c49c@group-6E3FC7EAAD65-SegmentedRaftLogWorker: created new log segment /workdir/hadoop-ozone/integration-test/target/test-dir/MiniOzoneClusterImpl-98aff22c-fa5c-47da-a3ae-7692c4dcc9fe/datanode-5/data/ratis/0fd6b2fa-185d-4421-8eda-6e3fc7eaad65/current/log_inprogress_0
2019-10-15 23:19:39,835 [afe183b3-c05a-4707-85f4-a543e0790e75@group-A7D1D159CB99-LeaderElection57] INFO  impl.LeaderElection (LeaderElection.java:logAndReturn(56)) - afe183b3-c05a-4707-85f4-a543e0790e75@group-A7D1D159CB99-LeaderElection57: Election PASSED; received 2 response(s) [afe183b3-c05a-4707-85f4-a543e0790e75<-b939edb1-32ad-4b86-9bef-59d37877c49c#0:OK-t1, afe183b3-c05a-4707-85f4-a543e0790e75<-b977082d-6667-4eed-949e-a30759adbdfa#0:FAIL-t1] and 0 exception(s); afe183b3-c05a-4707-85f4-a543e0790e75@group-A7D1D159CB99:t1, leader=null, voted=afe183b3-c05a-4707-85f4-a543e0790e75, raftlog=afe183b3-c05a-4707-85f4-a543e0790e75@group-A7D1D159CB99-SegmentedRaftLog:OPENED:c-1,f-1,i0, conf=-1: [afe183b3-c05a-4707-85f4-a543e0790e75:192.168.157.213:35356, b939edb1-32ad-4b86-9bef-59d37877c49c:192.168.157.213:44075, b977082d-6667-4eed-949e-a30759adbdfa:192.168.157.213:40604], old=null
2019-10-15 23:19:39,836 [afe183b3-c05a-4707-85f4-a543e0790e75@group-A7D1D159CB99-LeaderElection57] INFO  impl.RoleInfo (RoleInfo.java:shutdownLeaderElection(134)) - afe183b3-c05a-4707-85f4-a543e0790e75: shutdown LeaderElection
2019-10-15 23:19:39,836 [b977082d-6667-4eed-949e-a30759adbdfa@group-A7D1D159CB99-LeaderElection59] INFO  impl.LeaderElection (LeaderElection.java:logAndReturn(56)) - b977082d-6667-4eed-949e-a30759adbdfa@group-A7D1D159CB99-LeaderElection59: Election REJECTED; received 2 response(s) [b977082d-6667-4eed-949e-a30759adbdfa<-afe183b3-c05a-4707-85f4-a543e0790e75#0:FAIL-t1, b977082d-6667-4eed-949e-a30759adbdfa<-b939edb1-32ad-4b86-9bef-59d37877c49c#0:FAIL-t1] and 0 exception(s); b977082d-6667-4eed-949e-a30759adbdfa@group-A7D1D159CB99:t1, leader=null, voted=b977082d-6667-4eed-949e-a30759adbdfa, raftlog=b977082d-6667-4eed-949e-a30759adbdfa@group-A7D1D159CB99-SegmentedRaftLog:OPENED:c-1,f-1,i0, conf=-1: [afe183b3-c05a-4707-85f4-a543e0790e75:192.168.157.213:35356, b939edb1-32ad-4b86-9bef-59d37877c49c:192.168.157.213:44075, b977082d-6667-4eed-949e-a30759adbdfa:192.168.157.213:40604], old=null
2019-10-15 23:19:39,836 [afe183b3-c05a-4707-85f4-a543e0790e75@group-A7D1D159CB99-LeaderElection57] INFO  impl.RaftServerImpl (RaftServerImpl.java:setRole(170)) - afe183b3-c05a-4707-85f4-a543e0790e75@group-A7D1D159CB99: changes role from CANDIDATE to LEADER at term 1 for changeToLeader
2019-10-15 23:19:39,836 [b977082d-6667-4eed-949e-a30759adbdfa@group-A7D1D159CB99-LeaderElection59] INFO  impl.RaftServerImpl (RaftServerImpl.java:setRole(170)) - b977082d-6667-4eed-949e-a30759adbdfa@group-A7D1D159CB99: changes role from CANDIDATE to FOLLOWER at term 1 for DISCOVERED_A_NEW_TERM
2019-10-15 23:19:39,836 [afe183b3-c05a-4707-85f4-a543e0790e75@group-A7D1D159CB99-LeaderElection57] INFO  impl.RaftServerImpl (ServerState.java:setLeader(255)) - afe183b3-c05a-4707-85f4-a543e0790e75@group-A7D1D159CB99: change Leader from null to afe183b3-c05a-4707-85f4-a543e0790e75 at term 1 for becomeLeader, leader elected after 5150ms
2019-10-15 23:19:39,836 [b977082d-6667-4eed-949e-a30759adbdfa@group-A7D1D159CB99-LeaderElection59] INFO  impl.RoleInfo (RoleInfo.java:shutdownLeaderElection(134)) - b977082d-6667-4eed-949e-a30759adbdfa: shutdown LeaderElection
2019-10-15 23:19:39,836 [afe183b3-c05a-4707-85f4-a543e0790e75@group-A7D1D159CB99-LeaderElection57] INFO  server.RaftServerConfigKeys (ConfUtils.java:logGet(43)) - raft.server.staging.catchup.gap = 1000 (default)
2019-10-15 23:19:39,837 [b977082d-6667-4eed-949e-a30759adbdfa@group-A7D1D159CB99-LeaderElection59] INFO  impl.RoleInfo (RoleInfo.java:updateAndGet(143)) - b977082d-6667-4eed-949e-a30759adbdfa: start FollowerState
2019-10-15 23:19:39,837 [afe183b3-c05a-4707-85f4-a543e0790e75@group-A7D1D159CB99-LeaderElection57] INFO  server.RaftServerConfigKeys (ConfUtils.java:logGet(43)) - raft.server.rpc.sleep.time = 25ms (default)
2019-10-15 23:19:39,837 [afe183b3-c05a-4707-85f4-a543e0790e75@group-A7D1D159CB99-LeaderElection57] INFO  server.RaftServerConfigKeys (ConfUtils.java:logGet(43)) - raft.server.write.element-limit = 4096 (default)
2019-10-15 23:19:39,837 [afe183b3-c05a-4707-85f4-a543e0790e75@group-A7D1D159CB99-LeaderElection57] INFO  server.RaftServerConfigKeys (ConfUtils.java:logGet(43)) - raft.server.watch.timeout = 10s (default)
2019-10-15 23:19:39,837 [afe183b3-c05a-4707-85f4-a543e0790e75@group-A7D1D159CB99-LeaderElection57] INFO  server.RaftServerConfigKeys (ConfUtils.java:logGet(43)) - raft.server.watch.timeout.denomination = 1s (default)
2019-10-15 23:19:39,837 [afe183b3-c05a-4707-85f4-a543e0790e75@group-A7D1D159CB99-LeaderElection57] INFO  server.RaftServerConfigKeys (ConfUtils.java:logGet(43)) - raft.server.watch.element-limit = 65536 (default)
2019-10-15 23:19:39,838 [afe183b3-c05a-4707-85f4-a543e0790e75@group-A7D1D159CB99-LeaderElection57] INFO  server.RaftServerConfigKeys (ConfUtils.java:logGet(43)) - raft.server.log.appender.snapshot.chunk.size.max = 16MB (=16777216) (default)
2019-10-15 23:19:39,839 [afe183b3-c05a-4707-85f4-a543e0790e75@group-A7D1D159CB99-LeaderElection57] INFO  server.RaftServerConfigKeys (ConfUtils.java:logGet(43)) - raft.server.log.appender.buffer.byte-limit = 33554432 (custom)
2019-10-15 23:19:39,839 [afe183b3-c05a-4707-85f4-a543e0790e75@group-A7D1D159CB99-LeaderElection57] INFO  server.RaftServerConfigKeys (ConfUtils.java:logGet(43)) - raft.server.log.appender.buffer.element-limit = 1 (custom)
2019-10-15 23:19:39,839 [afe183b3-c05a-4707-85f4-a543e0790e75@group-A7D1D159CB99-LeaderElection57] INFO  grpc.GrpcConfigKeys$Server (ConfUtils.java:logGet(43)) - raft.grpc.server.leader.outstanding.appends.max = 128 (default)
2019-10-15 23:19:39,839 [afe183b3-c05a-4707-85f4-a543e0790e75@group-A7D1D159CB99-LeaderElection57] INFO  server.RaftServerConfigKeys (ConfUtils.java:logGet(43)) - raft.server.rpc.request.timeout = 3000ms (default)
2019-10-15 23:19:39,839 [afe183b3-c05a-4707-85f4-a543e0790e75@group-A7D1D159CB99-LeaderElection57] INFO  server.RaftServerConfigKeys (ConfUtils.java:logGet(43)) - raft.server.log.appender.install.snapshot.enabled = false (custom)
2019-10-15 23:19:39,839 [afe183b3-c05a-4707-85f4-a543e0790e75@group-A7D1D159CB99-LeaderElection57] INFO  server.RaftServerConfigKeys (ConfUtils.java:logGet(43)) - raft.server.log.appender.snapshot.chunk.size.max = 16MB (=16777216) (default)
2019-10-15 23:19:39,839 [afe183b3-c05a-4707-85f4-a543e0790e75@group-A7D1D159CB99-LeaderElection57] INFO  server.RaftServerConfigKeys (ConfUtils.java:logGet(43)) - raft.server.log.appender.buffer.byte-limit = 33554432 (custom)
2019-10-15 23:19:39,839 [afe183b3-c05a-4707-85f4-a543e0790e75@group-A7D1D159CB99-LeaderElection57] INFO  server.RaftServerConfigKeys (ConfUtils.java:logGet(43)) - raft.server.log.appender.buffer.element-limit = 1 (custom)
2019-10-15 23:19:39,839 [afe183b3-c05a-4707-85f4-a543e0790e75@group-A7D1D159CB99-LeaderElection57] INFO  grpc.GrpcConfigKeys$Server (ConfUtils.java:logGet(43)) - raft.grpc.server.leader.outstanding.appends.max = 128 (default)
2019-10-15 23:19:39,839 [afe183b3-c05a-4707-85f4-a543e0790e75@group-A7D1D159CB99-LeaderElection57] INFO  server.RaftServerConfigKeys (ConfUtils.java:logGet(43)) - raft.server.rpc.request.timeout = 3000ms (default)
2019-10-15 23:19:39,840 [afe183b3-c05a-4707-85f4-a543e0790e75@group-A7D1D159CB99-LeaderElection57] INFO  server.RaftServerConfigKeys (ConfUtils.java:logGet(43)) - raft.server.log.appender.install.snapshot.enabled = false (custom)
2019-10-15 23:19:39,840 [afe183b3-c05a-4707-85f4-a543e0790e75@group-A7D1D159CB99-LeaderElection57] INFO  impl.RoleInfo (RoleInfo.java:updateAndGet(143)) - afe183b3-c05a-4707-85f4-a543e0790e75: start LeaderState
2019-10-15 23:19:39,840 [afe183b3-c05a-4707-85f4-a543e0790e75@group-A7D1D159CB99-LeaderElection57] INFO  segmented.SegmentedRaftLogWorker (SegmentedRaftLogWorker.java:startLogSegment(385)) - afe183b3-c05a-4707-85f4-a543e0790e75@group-A7D1D159CB99-SegmentedRaftLogWorker: Starting segment from index:0
2019-10-15 23:19:39,840 [afe183b3-c05a-4707-85f4-a543e0790e75@group-A7D1D159CB99-LeaderElection57] INFO  impl.RaftServerImpl (ServerState.java:setRaftConf(356)) - afe183b3-c05a-4707-85f4-a543e0790e75@group-A7D1D159CB99: set configuration 0: [afe183b3-c05a-4707-85f4-a543e0790e75:192.168.157.213:35356, b939edb1-32ad-4b86-9bef-59d37877c49c:192.168.157.213:44075, b977082d-6667-4eed-949e-a30759adbdfa:192.168.157.213:40604], old=null at 0
2019-10-15 23:19:39,842 [grpc-default-executor-8] INFO  impl.RaftServerImpl (ServerState.java:setLeader(255)) - b977082d-6667-4eed-949e-a30759adbdfa@group-A7D1D159CB99: change Leader from null to afe183b3-c05a-4707-85f4-a543e0790e75 at term 1 for appendEntries, leader elected after 5156ms
2019-10-15 23:19:39,842 [grpc-default-executor-7] INFO  impl.RaftServerImpl (ServerState.java:setLeader(255)) - b939edb1-32ad-4b86-9bef-59d37877c49c@group-A7D1D159CB99: change Leader from null to afe183b3-c05a-4707-85f4-a543e0790e75 at term 1 for appendEntries, leader elected after 5155ms
2019-10-15 23:19:39,843 [grpc-default-executor-7] INFO  impl.RaftServerImpl (ServerState.java:setRaftConf(356)) - b977082d-6667-4eed-949e-a30759adbdfa@group-A7D1D159CB99: set configuration 0: [afe183b3-c05a-4707-85f4-a543e0790e75:192.168.157.213:35356, b939edb1-32ad-4b86-9bef-59d37877c49c:192.168.157.213:44075, b977082d-6667-4eed-949e-a30759adbdfa:192.168.157.213:40604], old=null at 0
2019-10-15 23:19:39,843 [grpc-default-executor-8] INFO  impl.RaftServerImpl (ServerState.java:setRaftConf(356)) - b939edb1-32ad-4b86-9bef-59d37877c49c@group-A7D1D159CB99: set configuration 0: [afe183b3-c05a-4707-85f4-a543e0790e75:192.168.157.213:35356, b939edb1-32ad-4b86-9bef-59d37877c49c:192.168.157.213:44075, b977082d-6667-4eed-949e-a30759adbdfa:192.168.157.213:40604], old=null at 0
2019-10-15 23:19:39,843 [grpc-default-executor-7] INFO  segmented.SegmentedRaftLogWorker (SegmentedRaftLogWorker.java:startLogSegment(385)) - b977082d-6667-4eed-949e-a30759adbdfa@group-A7D1D159CB99-SegmentedRaftLogWorker: Starting segment from index:0
2019-10-15 23:19:39,843 [grpc-default-executor-8] INFO  segmented.SegmentedRaftLogWorker (SegmentedRaftLogWorker.java:startLogSegment(385)) - b939edb1-32ad-4b86-9bef-59d37877c49c@group-A7D1D159CB99-SegmentedRaftLogWorker: Starting segment from index:0
2019-10-15 23:19:39,877 [b939edb1-32ad-4b86-9bef-59d37877c49c@group-A7D1D159CB99-SegmentedRaftLogWorker] INFO  segmented.SegmentedRaftLogWorker (SegmentedRaftLogWorker.java:execute(574)) - b939edb1-32ad-4b86-9bef-59d37877c49c@group-A7D1D159CB99-SegmentedRaftLogWorker: created new log segment /workdir/hadoop-ozone/integration-test/target/test-dir/MiniOzoneClusterImpl-98aff22c-fa5c-47da-a3ae-7692c4dcc9fe/datanode-5/data/ratis/d8116edd-e406-45b2-b4a2-a7d1d159cb99/current/log_inprogress_0
2019-10-15 23:19:39,877 [afe183b3-c05a-4707-85f4-a543e0790e75@group-A7D1D159CB99-SegmentedRaftLogWorker] INFO  segmented.SegmentedRaftLogWorker (SegmentedRaftLogWorker.java:execute(574)) - afe183b3-c05a-4707-85f4-a543e0790e75@group-A7D1D159CB99-SegmentedRaftLogWorker: created new log segment /workdir/hadoop-ozone/integration-test/target/test-dir/MiniOzoneClusterImpl-98aff22c-fa5c-47da-a3ae-7692c4dcc9fe/datanode-4/data/ratis/d8116edd-e406-45b2-b4a2-a7d1d159cb99/current/log_inprogress_0
2019-10-15 23:19:39,877 [b977082d-6667-4eed-949e-a30759adbdfa@group-A7D1D159CB99-SegmentedRaftLogWorker] INFO  segmented.SegmentedRaftLogWorker (SegmentedRaftLogWorker.java:execute(574)) - b977082d-6667-4eed-949e-a30759adbdfa@group-A7D1D159CB99-SegmentedRaftLogWorker: created new log segment /workdir/hadoop-ozone/integration-test/target/test-dir/MiniOzoneClusterImpl-98aff22c-fa5c-47da-a3ae-7692c4dcc9fe/datanode-3/data/ratis/d8116edd-e406-45b2-b4a2-a7d1d159cb99/current/log_inprogress_0
2019-10-15 23:19:40,497 [grpc-default-executor-4] WARN  server.GrpcLogAppender (LogUtils.java:warn(134)) - 9a32c150-8a71-44f8-a6d2-35b751a73f8d@group-8113D68F2097->10266a97-a68e-492c-868a-f014903942e5-AppendLogResponseHandler: Failed appendEntries: org.apache.ratis.thirdparty.io.grpc.StatusRuntimeException: UNAVAILABLE: io exception
2019-10-15 23:19:40,497 [grpc-default-executor-7] WARN  server.GrpcLogAppender (LogUtils.java:warn(134)) - 9a32c150-8a71-44f8-a6d2-35b751a73f8d@group-8113D68F2097->f3358113-732e-4d1a-b7b4-0079f823154f-AppendLogResponseHandler: Failed appendEntries: org.apache.ratis.thirdparty.io.grpc.StatusRuntimeException: UNAVAILABLE: io exception
2019-10-15 23:19:40,498 [grpc-default-executor-4] INFO  impl.FollowerInfo (FollowerInfo.java:lambda$new$0(51)) - 9a32c150-8a71-44f8-a6d2-35b751a73f8d@group-8113D68F2097->10266a97-a68e-492c-868a-f014903942e5: nextIndex: updateUnconditionally 0 -> 0
2019-10-15 23:19:40,498 [grpc-default-executor-7] INFO  impl.FollowerInfo (FollowerInfo.java:lambda$new$0(51)) - 9a32c150-8a71-44f8-a6d2-35b751a73f8d@group-8113D68F2097->f3358113-732e-4d1a-b7b4-0079f823154f: nextIndex: updateUnconditionally 0 -> 0
2019-10-15 23:19:40,990 [Datanode State Machine Thread - 0] INFO  statemachine.DatanodeStateMachine (DatanodeStateMachine.java:lambda$startDaemon$0(350)) - Ozone container server started.
2019-10-15 23:19:43,001 [grpc-default-executor-7] WARN  server.GrpcLogAppender (LogUtils.java:warn(134)) - 9a32c150-8a71-44f8-a6d2-35b751a73f8d@group-8113D68F2097->10266a97-a68e-492c-868a-f014903942e5-AppendLogResponseHandler: Failed appendEntries: org.apache.ratis.thirdparty.io.grpc.StatusRuntimeException: UNAVAILABLE: io exception
2019-10-15 23:19:43,001 [grpc-default-executor-5] WARN  server.GrpcLogAppender (LogUtils.java:warn(134)) - 9a32c150-8a71-44f8-a6d2-35b751a73f8d@group-8113D68F2097->f3358113-732e-4d1a-b7b4-0079f823154f-AppendLogResponseHandler: Failed appendEntries: org.apache.ratis.thirdparty.io.grpc.StatusRuntimeException: UNAVAILABLE: io exception
2019-10-15 23:19:43,002 [grpc-default-executor-7] INFO  impl.FollowerInfo (FollowerInfo.java:lambda$new$0(51)) - 9a32c150-8a71-44f8-a6d2-35b751a73f8d@group-8113D68F2097->10266a97-a68e-492c-868a-f014903942e5: nextIndex: updateUnconditionally 0 -> 0
2019-10-15 23:19:43,002 [grpc-default-executor-5] INFO  impl.FollowerInfo (FollowerInfo.java:lambda$new$0(51)) - 9a32c150-8a71-44f8-a6d2-35b751a73f8d@group-8113D68F2097->f3358113-732e-4d1a-b7b4-0079f823154f: nextIndex: updateUnconditionally 0 -> 0
2019-10-15 23:19:43,585 [Thread-2444] INFO  client.GrpcClientProtocolService (GrpcClientProtocolService.java:lambda$processClientRequest$0(278)) - Failed RaftClientRequest:client-E83644F7E1B1->9a32c150-8a71-44f8-a6d2-35b751a73f8d@group-8113D68F2097, cid=68, seq=0, Watch-MAJORITY_COMMITTED(21), Message:<EMPTY>, reply=RaftClientReply:client-E83644F7E1B1->9a32c150-8a71-44f8-a6d2-35b751a73f8d@group-8113D68F2097, cid=68, FAILED org.apache.ratis.protocol.NotReplicatedException: Request with call Id 68 and log index 21 is not yet replicated to MAJORITY_COMMITTED, logIndex=21, commits[9a32c150-8a71-44f8-a6d2-35b751a73f8d:c2, f3358113-732e-4d1a-b7b4-0079f823154f:c2, 10266a97-a68e-492c-868a-f014903942e5:c2]
2019-10-15 23:19:45,000 [main] INFO  ozoneimpl.OzoneContainer (OzoneContainer.java:stop(227)) - Attempting to stop container services.
2019-10-15 23:19:45,002 [main] INFO  impl.RaftServerProxy (RaftServerProxy.java:lambda$close$4(314)) - 5ed9541c-0fee-4df4-91ea-614d35c75888: close
2019-10-15 23:19:45,003 [main] INFO  impl.RaftServerImpl (RaftServerImpl.java:lambda$shutdown$3(247)) - 5ed9541c-0fee-4df4-91ea-614d35c75888@group-5054BFC63753: shutdown
2019-10-15 23:19:45,003 [main] INFO  util.JmxRegister (JmxRegister.java:unregister(73)) - Successfully un-registered JMX Bean with object name Ratis:service=RaftServer,group=group-5054BFC63753,id=5ed9541c-0fee-4df4-91ea-614d35c75888
2019-10-15 23:19:45,004 [main] INFO  impl.RoleInfo (RoleInfo.java:shutdownLeaderState(104)) - 5ed9541c-0fee-4df4-91ea-614d35c75888: shutdown LeaderState
2019-10-15 23:19:45,009 [main] INFO  impl.PendingRequests (PendingRequests.java:sendNotLeaderResponses(202)) - 5ed9541c-0fee-4df4-91ea-614d35c75888@group-5054BFC63753-PendingRequests: sendNotLeaderResponses
2019-10-15 23:19:45,009 [org.apache.ratis.server.impl.LogAppender$AppenderDaemon$$Lambda$436/541909661@8be1458] WARN  server.GrpcLogAppender (GrpcLogAppender.java:mayWait(143)) - 5ed9541c-0fee-4df4-91ea-614d35c75888@group-5054BFC63753->38dbd1c3-faa5-48e6-bcd1-f1510de0773c-GrpcLogAppender: Wait interrupted by java.lang.InterruptedException
2019-10-15 23:19:45,009 [org.apache.ratis.server.impl.LogAppender$AppenderDaemon$$Lambda$436/541909661@68dd3684] WARN  server.GrpcLogAppender (GrpcLogAppender.java:mayWait(143)) - 5ed9541c-0fee-4df4-91ea-614d35c75888@group-5054BFC63753->d8510fed-4a1a-407a-82a8-c66d1fc8fbfe-GrpcLogAppender: Wait interrupted by java.lang.InterruptedException
2019-10-15 23:19:45,029 [main] INFO  impl.StateMachineUpdater (StateMachineUpdater.java:stopAndJoin(136)) - 5ed9541c-0fee-4df4-91ea-614d35c75888@group-5054BFC63753-StateMachineUpdater: set stopIndex = 2
2019-10-15 23:19:45,029 [5ed9541c-0fee-4df4-91ea-614d35c75888@group-5054BFC63753-StateMachineUpdater] INFO  ratis.ContainerStateMachine (ContainerStateMachine.java:takeSnapshot(294)) - group-5054BFC63753: Taking a snapshot at:(t:1, i:2) file /workdir/hadoop-ozone/integration-test/target/test-dir/MiniOzoneClusterImpl-98aff22c-fa5c-47da-a3ae-7692c4dcc9fe/datanode-0/data/ratis/6ded018b-18ba-4941-8b96-5054bfc63753/sm/snapshot.1_2
2019-10-15 23:19:45,032 [grpc-default-executor-5] INFO  server.GrpcServerProtocolService (GrpcServerProtocolService.java:onCompleted(113)) - 38dbd1c3-faa5-48e6-bcd1-f1510de0773c: Completed APPEND_ENTRIES, lastRequest: 5ed9541c-0fee-4df4-91ea-614d35c75888->38dbd1c3-faa5-48e6-bcd1-f1510de0773c#5-t1, previous=(t:1, i:2), leaderCommit=2, initializing? false, entries: <empty>
2019-10-15 23:19:45,032 [grpc-default-executor-7] INFO  server.GrpcServerProtocolService (GrpcServerProtocolService.java:onCompleted(113)) - d8510fed-4a1a-407a-82a8-c66d1fc8fbfe: Completed APPEND_ENTRIES, lastRequest: 5ed9541c-0fee-4df4-91ea-614d35c75888->d8510fed-4a1a-407a-82a8-c66d1fc8fbfe#5-t1, previous=(t:1, i:2), leaderCommit=2, initializing? false, entries: <empty>
2019-10-15 23:19:45,032 [grpc-default-executor-7] INFO  server.GrpcLogAppender (GrpcLogAppender.java:onCompleted(293)) - 5ed9541c-0fee-4df4-91ea-614d35c75888@group-5054BFC63753->38dbd1c3-faa5-48e6-bcd1-f1510de0773c-AppendLogResponseHandler: follower responses appendEntries COMPLETED
2019-10-15 23:19:45,032 [grpc-default-executor-5] INFO  server.GrpcLogAppender (GrpcLogAppender.java:onCompleted(293)) - 5ed9541c-0fee-4df4-91ea-614d35c75888@group-5054BFC63753->d8510fed-4a1a-407a-82a8-c66d1fc8fbfe-AppendLogResponseHandler: follower responses appendEntries COMPLETED
2019-10-15 23:19:45,033 [grpc-default-executor-7] INFO  impl.FollowerInfo (FollowerInfo.java:lambda$new$0(51)) - 5ed9541c-0fee-4df4-91ea-614d35c75888@group-5054BFC63753->38dbd1c3-faa5-48e6-bcd1-f1510de0773c: nextIndex: updateUnconditionally 3 -> 2
2019-10-15 23:19:45,033 [grpc-default-executor-5] INFO  impl.FollowerInfo (FollowerInfo.java:lambda$new$0(51)) - 5ed9541c-0fee-4df4-91ea-614d35c75888@group-5054BFC63753->d8510fed-4a1a-407a-82a8-c66d1fc8fbfe: nextIndex: updateUnconditionally 3 -> 2
2019-10-15 23:19:45,046 [5ed9541c-0fee-4df4-91ea-614d35c75888@group-5054BFC63753-StateMachineUpdater] INFO  ratis.ContainerStateMachine (ContainerStateMachine.java:takeSnapshot(305)) - group-5054BFC63753: Finished taking a snapshot at:(t:1, i:2) file:/workdir/hadoop-ozone/integration-test/target/test-dir/MiniOzoneClusterImpl-98aff22c-fa5c-47da-a3ae-7692c4dcc9fe/datanode-0/data/ratis/6ded018b-18ba-4941-8b96-5054bfc63753/sm/snapshot.1_2 time:17
2019-10-15 23:19:45,047 [5ed9541c-0fee-4df4-91ea-614d35c75888@group-5054BFC63753-StateMachineUpdater] INFO  impl.StateMachineUpdater (StateMachineUpdater.java:takeSnapshot(269)) - 5ed9541c-0fee-4df4-91ea-614d35c75888@group-5054BFC63753-StateMachineUpdater: Took a snapshot at index 2
2019-10-15 23:19:45,047 [5ed9541c-0fee-4df4-91ea-614d35c75888@group-5054BFC63753-StateMachineUpdater] INFO  impl.StateMachineUpdater (StateMachineUpdater.java:lambda$new$0(84)) - 5ed9541c-0fee-4df4-91ea-614d35c75888@group-5054BFC63753-StateMachineUpdater: snapshotIndex: updateIncreasingly -1 -> 2
2019-10-15 23:19:45,048 [main] INFO  impl.RaftServerImpl (ServerState.java:close(387)) - 5ed9541c-0fee-4df4-91ea-614d35c75888@group-5054BFC63753: closes. applyIndex: 2
2019-10-15 23:19:45,048 [5ed9541c-0fee-4df4-91ea-614d35c75888@group-5054BFC63753-SegmentedRaftLogWorker] INFO  segmented.SegmentedRaftLogWorker (SegmentedRaftLogWorker.java:run(316)) - 5ed9541c-0fee-4df4-91ea-614d35c75888@group-5054BFC63753-SegmentedRaftLogWorker was interrupted, exiting. There are 0 tasks remaining in the queue.
2019-10-15 23:19:45,052 [main] INFO  segmented.SegmentedRaftLogWorker (SegmentedRaftLogWorker.java:close(224)) - 5ed9541c-0fee-4df4-91ea-614d35c75888@group-5054BFC63753-SegmentedRaftLogWorker close()
2019-10-15 23:19:45,055 [main] INFO  impl.RaftServerImpl (RaftServerImpl.java:lambda$shutdown$3(247)) - 5ed9541c-0fee-4df4-91ea-614d35c75888@group-116158424830: shutdown
2019-10-15 23:19:45,055 [main] INFO  util.JmxRegister (JmxRegister.java:unregister(73)) - Successfully un-registered JMX Bean with object name Ratis:service=RaftServer,group=group-116158424830,id=5ed9541c-0fee-4df4-91ea-614d35c75888
2019-10-15 23:19:45,056 [main] INFO  impl.RoleInfo (RoleInfo.java:shutdownLeaderState(104)) - 5ed9541c-0fee-4df4-91ea-614d35c75888: shutdown LeaderState
2019-10-15 23:19:45,056 [main] INFO  impl.PendingRequests (PendingRequests.java:sendNotLeaderResponses(202)) - 5ed9541c-0fee-4df4-91ea-614d35c75888@group-116158424830-PendingRequests: sendNotLeaderResponses
2019-10-15 23:19:45,056 [main] INFO  impl.StateMachineUpdater (StateMachineUpdater.java:stopAndJoin(136)) - 5ed9541c-0fee-4df4-91ea-614d35c75888@group-116158424830-StateMachineUpdater: set stopIndex = 0
2019-10-15 23:19:45,057 [main] INFO  impl.RaftServerImpl (ServerState.java:close(387)) - 5ed9541c-0fee-4df4-91ea-614d35c75888@group-116158424830: closes. applyIndex: 0
2019-10-15 23:19:45,057 [5ed9541c-0fee-4df4-91ea-614d35c75888@group-116158424830-SegmentedRaftLogWorker] INFO  segmented.SegmentedRaftLogWorker (SegmentedRaftLogWorker.java:run(316)) - 5ed9541c-0fee-4df4-91ea-614d35c75888@group-116158424830-SegmentedRaftLogWorker was interrupted, exiting. There are 0 tasks remaining in the queue.
2019-10-15 23:19:45,059 [main] INFO  segmented.SegmentedRaftLogWorker (SegmentedRaftLogWorker.java:close(224)) - 5ed9541c-0fee-4df4-91ea-614d35c75888@group-116158424830-SegmentedRaftLogWorker close()
2019-10-15 23:19:45,062 [main] INFO  server.GrpcService (GrpcService.java:closeImpl(164)) - 5ed9541c-0fee-4df4-91ea-614d35c75888: shutdown server with port 32920 now
2019-10-15 23:19:45,063 [main] INFO  server.GrpcService (GrpcService.java:closeImpl(172)) - 5ed9541c-0fee-4df4-91ea-614d35c75888: shutdown server with port 32920 successfully
2019-10-15 23:19:45,068 [refreshUsed-/workdir/hadoop-ozone/integration-test/target/test-dir/MiniOzoneClusterImpl-98aff22c-fa5c-47da-a3ae-7692c4dcc9fe/datanode-0/data/containers] WARN  fs.CachingGetSpaceUsed (CachingGetSpaceUsed.java:run(183)) - Thread Interrupted waiting to refresh disk information: sleep interrupted
2019-10-15 23:19:45,069 [EventQueue-StaleNodeForStaleNodeHandler] INFO  node.StaleNodeHandler (StaleNodeHandler.java:onMessage(58)) - Datanode 10266a97-a68e-492c-868a-f014903942e5{ip: 192.168.157.213, host: pr-hdds-2221-lrjgr-1037302595, networkLocation: /default-rack, certSerialId: null} moved to stale state. Finalizing its pipelines [PipelineID=8c664b19-84e2-4c76-a910-74343f53963f, PipelineID=e7f01616-3149-4c99-8a20-8113d68f2097]
2019-10-15 23:19:45,070 [EventQueue-StaleNodeForStaleNodeHandler] INFO  pipeline.SCMPipelineManager (SCMPipelineManager.java:finalizeAndDestroyPipeline(315)) - destroying pipeline:Pipeline[ Id: 8c664b19-84e2-4c76-a910-74343f53963f, Nodes: 10266a97-a68e-492c-868a-f014903942e5{ip: 192.168.157.213, host: pr-hdds-2221-lrjgr-1037302595, networkLocation: /default-rack, certSerialId: null}, Type:RATIS, Factor:ONE, State:OPEN]
2019-10-15 23:19:45,070 [EventQueue-StaleNodeForStaleNodeHandler] INFO  pipeline.PipelineStateManager (PipelineStateManager.java:finalizePipeline(123)) - Pipeline Pipeline[ Id: 8c664b19-84e2-4c76-a910-74343f53963f, Nodes: 10266a97-a68e-492c-868a-f014903942e5{ip: 192.168.157.213, host: pr-hdds-2221-lrjgr-1037302595, networkLocation: /default-rack, certSerialId: null}, Type:RATIS, Factor:ONE, State:CLOSED] moved to CLOSED state
2019-10-15 23:19:45,071 [EventQueue-StaleNodeForStaleNodeHandler] INFO  pipeline.SCMPipelineManager (SCMPipelineManager.java:finalizeAndDestroyPipeline(315)) - destroying pipeline:Pipeline[ Id: e7f01616-3149-4c99-8a20-8113d68f2097, Nodes: 10266a97-a68e-492c-868a-f014903942e5{ip: 192.168.157.213, host: pr-hdds-2221-lrjgr-1037302595, networkLocation: /default-rack, certSerialId: null}f3358113-732e-4d1a-b7b4-0079f823154f{ip: 192.168.157.213, host: pr-hdds-2221-lrjgr-1037302595, networkLocation: /default-rack, certSerialId: null}9a32c150-8a71-44f8-a6d2-35b751a73f8d{ip: 192.168.157.213, host: pr-hdds-2221-lrjgr-1037302595, networkLocation: /default-rack, certSerialId: null}, Type:RATIS, Factor:THREE, State:OPEN]
2019-10-15 23:19:45,071 [EventQueue-StaleNodeForStaleNodeHandler] INFO  pipeline.PipelineStateManager (PipelineStateManager.java:finalizePipeline(123)) - Pipeline Pipeline[ Id: e7f01616-3149-4c99-8a20-8113d68f2097, Nodes: 10266a97-a68e-492c-868a-f014903942e5{ip: 192.168.157.213, host: pr-hdds-2221-lrjgr-1037302595, networkLocation: /default-rack, certSerialId: null}f3358113-732e-4d1a-b7b4-0079f823154f{ip: 192.168.157.213, host: pr-hdds-2221-lrjgr-1037302595, networkLocation: /default-rack, certSerialId: null}9a32c150-8a71-44f8-a6d2-35b751a73f8d{ip: 192.168.157.213, host: pr-hdds-2221-lrjgr-1037302595, networkLocation: /default-rack, certSerialId: null}, Type:RATIS, Factor:THREE, State:CLOSED] moved to CLOSED state
2019-10-15 23:19:45,071 [EventQueue-CloseContainerForCloseContainerEventHandler] INFO  container.CloseContainerEventHandler (CloseContainerEventHandler.java:onMessage(61)) - Close container Event triggered for container : #1
2019-10-15 23:19:45,085 [main] INFO  utils.BackgroundService (BackgroundService.java:shutdown(151)) - Shutting down service BlockDeletingService
2019-10-15 23:19:45,092 [main] INFO  statemachine.DatanodeStateMachine (DatanodeStateMachine.java:stopDaemon(395)) - Ozone container server stopped.
2019-10-15 23:19:45,093 [main] INFO  handler.ContextHandler (ContextHandler.java:doStop(910)) - Stopped o.e.j.w.WebAppContext@355ce6a6{/,null,UNAVAILABLE}{/hddsDatanode}
2019-10-15 23:19:45,094 [main] INFO  server.AbstractConnector (AbstractConnector.java:doStop(318)) - Stopped ServerConnector@20440c6c{HTTP/1.1,[http/1.1]}{0.0.0.0:0}
2019-10-15 23:19:45,094 [main] INFO  handler.ContextHandler (ContextHandler.java:doStop(910)) - Stopped o.e.j.s.ServletContextHandler@21f7e537{/static,jar:file:/home/user/.m2/repository/org/apache/hadoop/hadoop-hdds-container-service/0.5.0-SNAPSHOT/hadoop-hdds-container-service-0.5.0-SNAPSHOT.jar!/webapps/static,UNAVAILABLE}
2019-10-15 23:19:45,095 [main] INFO  handler.ContextHandler (ContextHandler.java:doStop(910)) - Stopped o.e.j.s.ServletContextHandler@a2b54e3{/logs,file:///workdir/hadoop-ozone/integration-test/target/log,UNAVAILABLE}
2019-10-15 23:19:45,499 [grpc-default-executor-8] WARN  server.GrpcLogAppender (LogUtils.java:warn(134)) - 9a32c150-8a71-44f8-a6d2-35b751a73f8d@group-8113D68F2097->f3358113-732e-4d1a-b7b4-0079f823154f-AppendLogResponseHandler: Failed appendEntries: org.apache.ratis.thirdparty.io.grpc.StatusRuntimeException: UNAVAILABLE: io exception
2019-10-15 23:19:45,499 [grpc-default-executor-6] WARN  server.GrpcLogAppender (LogUtils.java:warn(134)) - 9a32c150-8a71-44f8-a6d2-35b751a73f8d@group-8113D68F2097->10266a97-a68e-492c-868a-f014903942e5-AppendLogResponseHandler: Failed appendEntries: org.apache.ratis.thirdparty.io.grpc.StatusRuntimeException: UNAVAILABLE: io exception
2019-10-15 23:19:45,499 [grpc-default-executor-8] INFO  impl.FollowerInfo (FollowerInfo.java:lambda$new$0(51)) - 9a32c150-8a71-44f8-a6d2-35b751a73f8d@group-8113D68F2097->f3358113-732e-4d1a-b7b4-0079f823154f: nextIndex: updateUnconditionally 0 -> 0
2019-10-15 23:19:45,500 [grpc-default-executor-6] INFO  impl.FollowerInfo (FollowerInfo.java:lambda$new$0(51)) - 9a32c150-8a71-44f8-a6d2-35b751a73f8d@group-8113D68F2097->10266a97-a68e-492c-868a-f014903942e5: nextIndex: updateUnconditionally 0 -> 0
2019-10-15 23:19:47,575 [grpc-default-executor-6] WARN  server.GrpcLogAppender (LogUtils.java:warn(134)) - 9a32c150-8a71-44f8-a6d2-35b751a73f8d@group-8113D68F2097->f3358113-732e-4d1a-b7b4-0079f823154f-AppendLogResponseHandler: Failed appendEntries: org.apache.ratis.thirdparty.io.grpc.StatusRuntimeException: UNAVAILABLE: io exception
2019-10-15 23:19:47,575 [grpc-default-executor-7] WARN  server.GrpcLogAppender (LogUtils.java:warn(134)) - 9a32c150-8a71-44f8-a6d2-35b751a73f8d@group-8113D68F2097->10266a97-a68e-492c-868a-f014903942e5-AppendLogResponseHandler: Failed appendEntries: org.apache.ratis.thirdparty.io.grpc.StatusRuntimeException: UNAVAILABLE: io exception
2019-10-15 23:19:47,576 [grpc-default-executor-6] INFO  impl.FollowerInfo (FollowerInfo.java:lambda$new$0(51)) - 9a32c150-8a71-44f8-a6d2-35b751a73f8d@group-8113D68F2097->f3358113-732e-4d1a-b7b4-0079f823154f: nextIndex: updateUnconditionally 1 -> 0
2019-10-15 23:19:47,576 [grpc-default-executor-7] INFO  impl.FollowerInfo (FollowerInfo.java:lambda$new$0(51)) - 9a32c150-8a71-44f8-a6d2-35b751a73f8d@group-8113D68F2097->10266a97-a68e-492c-868a-f014903942e5: nextIndex: updateUnconditionally 1 -> 0
2019-10-15 23:19:50,076 [grpc-default-executor-1] WARN  server.GrpcLogAppender (LogUtils.java:warn(134)) - 9a32c150-8a71-44f8-a6d2-35b751a73f8d@group-8113D68F2097->10266a97-a68e-492c-868a-f014903942e5-AppendLogResponseHandler: Failed appendEntries: org.apache.ratis.thirdparty.io.grpc.StatusRuntimeException: UNAVAILABLE: io exception
2019-10-15 23:19:50,076 [grpc-default-executor-4] WARN  server.GrpcLogAppender (LogUtils.java:warn(134)) - 9a32c150-8a71-44f8-a6d2-35b751a73f8d@group-8113D68F2097->f3358113-732e-4d1a-b7b4-0079f823154f-AppendLogResponseHandler: Failed appendEntries: org.apache.ratis.thirdparty.io.grpc.StatusRuntimeException: UNAVAILABLE: io exception
2019-10-15 23:19:50,077 [grpc-default-executor-1] INFO  impl.FollowerInfo (FollowerInfo.java:lambda$new$0(51)) - 9a32c150-8a71-44f8-a6d2-35b751a73f8d@group-8113D68F2097->10266a97-a68e-492c-868a-f014903942e5: nextIndex: updateUnconditionally 0 -> 0
2019-10-15 23:19:50,077 [grpc-default-executor-4] INFO  impl.FollowerInfo (FollowerInfo.java:lambda$new$0(51)) - 9a32c150-8a71-44f8-a6d2-35b751a73f8d@group-8113D68F2097->f3358113-732e-4d1a-b7b4-0079f823154f: nextIndex: updateUnconditionally 0 -> 0
2019-10-15 23:19:50,577 [EventQueue-StaleNodeForStaleNodeHandler] INFO  node.StaleNodeHandler (StaleNodeHandler.java:onMessage(58)) - Datanode f3358113-732e-4d1a-b7b4-0079f823154f{ip: 192.168.157.213, host: pr-hdds-2221-lrjgr-1037302595, networkLocation: /default-rack, certSerialId: null} moved to stale state. Finalizing its pipelines [PipelineID=0452bf0e-b452-45c6-bd2f-1238053208e1, PipelineID=e7f01616-3149-4c99-8a20-8113d68f2097]
2019-10-15 23:19:50,578 [EventQueue-StaleNodeForStaleNodeHandler] INFO  pipeline.SCMPipelineManager (SCMPipelineManager.java:finalizeAndDestroyPipeline(315)) - destroying pipeline:Pipeline[ Id: 0452bf0e-b452-45c6-bd2f-1238053208e1, Nodes: f3358113-732e-4d1a-b7b4-0079f823154f{ip: 192.168.157.213, host: pr-hdds-2221-lrjgr-1037302595, networkLocation: /default-rack, certSerialId: null}, Type:RATIS, Factor:ONE, State:OPEN]
2019-10-15 23:19:50,578 [EventQueue-StaleNodeForStaleNodeHandler] INFO  pipeline.PipelineStateManager (PipelineStateManager.java:finalizePipeline(123)) - Pipeline Pipeline[ Id: 0452bf0e-b452-45c6-bd2f-1238053208e1, Nodes: f3358113-732e-4d1a-b7b4-0079f823154f{ip: 192.168.157.213, host: pr-hdds-2221-lrjgr-1037302595, networkLocation: /default-rack, certSerialId: null}, Type:RATIS, Factor:ONE, State:CLOSED] moved to CLOSED state
2019-10-15 23:19:50,578 [EventQueue-StaleNodeForStaleNodeHandler] INFO  pipeline.SCMPipelineManager (SCMPipelineManager.java:finalizeAndDestroyPipeline(315)) - destroying pipeline:Pipeline[ Id: e7f01616-3149-4c99-8a20-8113d68f2097, Nodes: 10266a97-a68e-492c-868a-f014903942e5{ip: 192.168.157.213, host: pr-hdds-2221-lrjgr-1037302595, networkLocation: /default-rack, certSerialId: null}f3358113-732e-4d1a-b7b4-0079f823154f{ip: 192.168.157.213, host: pr-hdds-2221-lrjgr-1037302595, networkLocation: /default-rack, certSerialId: null}9a32c150-8a71-44f8-a6d2-35b751a73f8d{ip: 192.168.157.213, host: pr-hdds-2221-lrjgr-1037302595, networkLocation: /default-rack, certSerialId: null}, Type:RATIS, Factor:THREE, State:CLOSED]
2019-10-15 23:19:52,576 [grpc-default-executor-1] WARN  server.GrpcLogAppender (LogUtils.java:warn(134)) - 9a32c150-8a71-44f8-a6d2-35b751a73f8d@group-8113D68F2097->f3358113-732e-4d1a-b7b4-0079f823154f-AppendLogResponseHandler: Failed appendEntries: org.apache.ratis.thirdparty.io.grpc.StatusRuntimeException: UNAVAILABLE: io exception
2019-10-15 23:19:52,576 [grpc-default-executor-4] WARN  server.GrpcLogAppender (LogUtils.java:warn(134)) - 9a32c150-8a71-44f8-a6d2-35b751a73f8d@group-8113D68F2097->10266a97-a68e-492c-868a-f014903942e5-AppendLogResponseHandler: Failed appendEntries: org.apache.ratis.thirdparty.io.grpc.StatusRuntimeException: UNAVAILABLE: io exception
2019-10-15 23:19:52,577 [grpc-default-executor-1] INFO  impl.FollowerInfo (FollowerInfo.java:lambda$new$0(51)) - 9a32c150-8a71-44f8-a6d2-35b751a73f8d@group-8113D68F2097->f3358113-732e-4d1a-b7b4-0079f823154f: nextIndex: updateUnconditionally 0 -> 0
2019-10-15 23:19:52,577 [grpc-default-executor-4] INFO  impl.FollowerInfo (FollowerInfo.java:lambda$new$0(51)) - 9a32c150-8a71-44f8-a6d2-35b751a73f8d@group-8113D68F2097->10266a97-a68e-492c-868a-f014903942e5: nextIndex: updateUnconditionally 0 -> 0
2019-10-15 23:19:54,878 [Thread-2392] INFO  impl.FollowerState (FollowerState.java:run(108)) - d8510fed-4a1a-407a-82a8-c66d1fc8fbfe@group-5054BFC63753-FollowerState: change to CANDIDATE, lastRpcTime:9993ms, electionTimeout:5016ms
2019-10-15 23:19:54,879 [Thread-2392] INFO  impl.RoleInfo (RoleInfo.java:shutdownFollowerState(121)) - d8510fed-4a1a-407a-82a8-c66d1fc8fbfe: shutdown FollowerState
2019-10-15 23:19:54,879 [Thread-2392] INFO  impl.RaftServerImpl (RaftServerImpl.java:setRole(170)) - d8510fed-4a1a-407a-82a8-c66d1fc8fbfe@group-5054BFC63753: changes role from  FOLLOWER to CANDIDATE at term 1 for changeToCandidate
2019-10-15 23:19:54,880 [Thread-2392] INFO  impl.RoleInfo (RoleInfo.java:updateAndGet(143)) - d8510fed-4a1a-407a-82a8-c66d1fc8fbfe: start LeaderElection
2019-10-15 23:19:54,880 [d8510fed-4a1a-407a-82a8-c66d1fc8fbfe@group-5054BFC63753-LeaderElection60] INFO  impl.RaftServerImpl (ServerState.java:setLeader(255)) - d8510fed-4a1a-407a-82a8-c66d1fc8fbfe@group-5054BFC63753: change Leader from 5ed9541c-0fee-4df4-91ea-614d35c75888 to null at term 1 for initElection
2019-10-15 23:19:54,904 [Thread-2395] INFO  impl.FollowerState (FollowerState.java:run(108)) - 38dbd1c3-faa5-48e6-bcd1-f1510de0773c@group-5054BFC63753-FollowerState: change to CANDIDATE, lastRpcTime:10020ms, electionTimeout:5200ms
2019-10-15 23:19:54,904 [Thread-2395] INFO  impl.RoleInfo (RoleInfo.java:shutdownFollowerState(121)) - 38dbd1c3-faa5-48e6-bcd1-f1510de0773c: shutdown FollowerState
2019-10-15 23:19:54,904 [Thread-2395] INFO  impl.RaftServerImpl (RaftServerImpl.java:setRole(170)) - 38dbd1c3-faa5-48e6-bcd1-f1510de0773c@group-5054BFC63753: changes role from  FOLLOWER to CANDIDATE at term 1 for changeToCandidate
2019-10-15 23:19:54,905 [d8510fed-4a1a-407a-82a8-c66d1fc8fbfe@group-5054BFC63753-LeaderElection60] INFO  impl.LeaderElection (LeaderElection.java:askForVotes(178)) - d8510fed-4a1a-407a-82a8-c66d1fc8fbfe@group-5054BFC63753-LeaderElection60: begin an election at term 2 for 0: [38dbd1c3-faa5-48e6-bcd1-f1510de0773c:192.168.157.213:43664, d8510fed-4a1a-407a-82a8-c66d1fc8fbfe:192.168.157.213:35892, 5ed9541c-0fee-4df4-91ea-614d35c75888:192.168.157.213:32920], old=null
2019-10-15 23:19:54,905 [Thread-2395] INFO  impl.RoleInfo (RoleInfo.java:updateAndGet(143)) - 38dbd1c3-faa5-48e6-bcd1-f1510de0773c: start LeaderElection
2019-10-15 23:19:54,908 [38dbd1c3-faa5-48e6-bcd1-f1510de0773c@group-5054BFC63753-LeaderElection61] INFO  impl.RaftServerImpl (ServerState.java:setLeader(255)) - 38dbd1c3-faa5-48e6-bcd1-f1510de0773c@group-5054BFC63753: change Leader from 5ed9541c-0fee-4df4-91ea-614d35c75888 to null at term 1 for initElection
2019-10-15 23:19:54,913 [d8510fed-4a1a-407a-82a8-c66d1fc8fbfe@group-5054BFC63753-LeaderElection60] INFO  impl.LeaderElection (LogUtils.java:infoOrTrace(149)) - d8510fed-4a1a-407a-82a8-c66d1fc8fbfe@group-5054BFC63753-LeaderElection60 got exception when requesting votes: {}
java.util.concurrent.ExecutionException: org.apache.ratis.thirdparty.io.grpc.StatusRuntimeException: UNAVAILABLE: io exception
	at java.util.concurrent.FutureTask.report(FutureTask.java:122)
	at java.util.concurrent.FutureTask.get(FutureTask.java:192)
	at org.apache.ratis.server.impl.LeaderElection.waitForResults(LeaderElection.java:259)
	at org.apache.ratis.server.impl.LeaderElection.askForVotes(LeaderElection.java:197)
	at org.apache.ratis.server.impl.LeaderElection.run(LeaderElection.java:133)
	at java.lang.Thread.run(Thread.java:748)
Caused by: org.apache.ratis.thirdparty.io.grpc.StatusRuntimeException: UNAVAILABLE: io exception
	at org.apache.ratis.thirdparty.io.grpc.stub.ClientCalls.toStatusRuntimeException(ClientCalls.java:233)
	at org.apache.ratis.thirdparty.io.grpc.stub.ClientCalls.getUnchecked(ClientCalls.java:214)
	at org.apache.ratis.thirdparty.io.grpc.stub.ClientCalls.blockingUnaryCall(ClientCalls.java:139)
	at org.apache.ratis.proto.grpc.RaftServerProtocolServiceGrpc$RaftServerProtocolServiceBlockingStub.requestVote(RaftServerProtocolServiceGrpc.java:265)
	at org.apache.ratis.grpc.server.GrpcServerProtocolClient.requestVote(GrpcServerProtocolClient.java:99)
	at org.apache.ratis.grpc.server.GrpcService.requestVote(GrpcService.java:204)
	at org.apache.ratis.server.impl.LeaderElection.lambda$submitRequests$1(LeaderElection.java:234)
	at java.util.concurrent.FutureTask.run(FutureTask.java:266)
	at java.util.concurrent.Executors$RunnableAdapter.call(Executors.java:511)
	at java.util.concurrent.FutureTask.run(FutureTask.java:266)
	at java.util.concurrent.ThreadPoolExecutor.runWorker(ThreadPoolExecutor.java:1149)
	at java.util.concurrent.ThreadPoolExecutor$Worker.run(ThreadPoolExecutor.java:624)
	... 1 more
Caused by: org.apache.ratis.thirdparty.io.netty.channel.AbstractChannel$AnnotatedConnectException: Connection refused: /192.168.157.213:32920
	at sun.nio.ch.SocketChannelImpl.checkConnect(Native Method)
	at sun.nio.ch.SocketChannelImpl.finishConnect(SocketChannelImpl.java:717)
	at org.apache.ratis.thirdparty.io.netty.channel.socket.nio.NioSocketChannel.doFinishConnect(NioSocketChannel.java:327)
	at org.apache.ratis.thirdparty.io.netty.channel.nio.AbstractNioChannel$AbstractNioUnsafe.finishConnect(AbstractNioChannel.java:340)
	at org.apache.ratis.thirdparty.io.netty.channel.nio.NioEventLoop.processSelectedKey(NioEventLoop.java:632)
	at org.apache.ratis.thirdparty.io.netty.channel.nio.NioEventLoop.processSelectedKeysOptimized(NioEventLoop.java:579)
	at org.apache.ratis.thirdparty.io.netty.channel.nio.NioEventLoop.processSelectedKeys(NioEventLoop.java:496)
	at org.apache.ratis.thirdparty.io.netty.channel.nio.NioEventLoop.run(NioEventLoop.java:458)
	at org.apache.ratis.thirdparty.io.netty.util.concurrent.SingleThreadEventExecutor$5.run(SingleThreadEventExecutor.java:897)
	at org.apache.ratis.thirdparty.io.netty.util.concurrent.FastThreadLocalRunnable.run(FastThreadLocalRunnable.java:30)
	... 1 more
Caused by: java.net.ConnectException: Connection refused
	... 11 more
2019-10-15 23:19:54,921 [38dbd1c3-faa5-48e6-bcd1-f1510de0773c@group-5054BFC63753-LeaderElection61] INFO  impl.LeaderElection (LeaderElection.java:askForVotes(178)) - 38dbd1c3-faa5-48e6-bcd1-f1510de0773c@group-5054BFC63753-LeaderElection61: begin an election at term 2 for 0: [38dbd1c3-faa5-48e6-bcd1-f1510de0773c:192.168.157.213:43664, d8510fed-4a1a-407a-82a8-c66d1fc8fbfe:192.168.157.213:35892, 5ed9541c-0fee-4df4-91ea-614d35c75888:192.168.157.213:32920], old=null
2019-10-15 23:19:54,923 [d8510fed-4a1a-407a-82a8-c66d1fc8fbfe@group-5054BFC63753-LeaderElection60] INFO  impl.LeaderElection (LeaderElection.java:logAndReturn(56)) - d8510fed-4a1a-407a-82a8-c66d1fc8fbfe@group-5054BFC63753-LeaderElection60: Election REJECTED; received 1 response(s) [d8510fed-4a1a-407a-82a8-c66d1fc8fbfe<-38dbd1c3-faa5-48e6-bcd1-f1510de0773c#0:FAIL-t2] and 1 exception(s); d8510fed-4a1a-407a-82a8-c66d1fc8fbfe@group-5054BFC63753:t2, leader=null, voted=d8510fed-4a1a-407a-82a8-c66d1fc8fbfe, raftlog=d8510fed-4a1a-407a-82a8-c66d1fc8fbfe@group-5054BFC63753-SegmentedRaftLog:OPENED:c2,f2,i2, conf=0: [38dbd1c3-faa5-48e6-bcd1-f1510de0773c:192.168.157.213:43664, d8510fed-4a1a-407a-82a8-c66d1fc8fbfe:192.168.157.213:35892, 5ed9541c-0fee-4df4-91ea-614d35c75888:192.168.157.213:32920], old=null
2019-10-15 23:19:54,923 [d8510fed-4a1a-407a-82a8-c66d1fc8fbfe@group-5054BFC63753-LeaderElection60] INFO  impl.LeaderElection (LogUtils.java:infoOrTrace(149)) -   Exception 0: {}
java.util.concurrent.ExecutionException: org.apache.ratis.thirdparty.io.grpc.StatusRuntimeException: UNAVAILABLE: io exception
	at java.util.concurrent.FutureTask.report(FutureTask.java:122)
	at java.util.concurrent.FutureTask.get(FutureTask.java:192)
	at org.apache.ratis.server.impl.LeaderElection.waitForResults(LeaderElection.java:259)
	at org.apache.ratis.server.impl.LeaderElection.askForVotes(LeaderElection.java:197)
	at org.apache.ratis.server.impl.LeaderElection.run(LeaderElection.java:133)
	at java.lang.Thread.run(Thread.java:748)
Caused by: org.apache.ratis.thirdparty.io.grpc.StatusRuntimeException: UNAVAILABLE: io exception
	at org.apache.ratis.thirdparty.io.grpc.stub.ClientCalls.toStatusRuntimeException(ClientCalls.java:233)
	at org.apache.ratis.thirdparty.io.grpc.stub.ClientCalls.getUnchecked(ClientCalls.java:214)
	at org.apache.ratis.thirdparty.io.grpc.stub.ClientCalls.blockingUnaryCall(ClientCalls.java:139)
	at org.apache.ratis.proto.grpc.RaftServerProtocolServiceGrpc$RaftServerProtocolServiceBlockingStub.requestVote(RaftServerProtocolServiceGrpc.java:265)
	at org.apache.ratis.grpc.server.GrpcServerProtocolClient.requestVote(GrpcServerProtocolClient.java:99)
	at org.apache.ratis.grpc.server.GrpcService.requestVote(GrpcService.java:204)
	at org.apache.ratis.server.impl.LeaderElection.lambda$submitRequests$1(LeaderElection.java:234)
	at java.util.concurrent.FutureTask.run(FutureTask.java:266)
	at java.util.concurrent.Executors$RunnableAdapter.call(Executors.java:511)
	at java.util.concurrent.FutureTask.run(FutureTask.java:266)
	at java.util.concurrent.ThreadPoolExecutor.runWorker(ThreadPoolExecutor.java:1149)
	at java.util.concurrent.ThreadPoolExecutor$Worker.run(ThreadPoolExecutor.java:624)
	... 1 more
Caused by: org.apache.ratis.thirdparty.io.netty.channel.AbstractChannel$AnnotatedConnectException: Connection refused: /192.168.157.213:32920
	at sun.nio.ch.SocketChannelImpl.checkConnect(Native Method)
	at sun.nio.ch.SocketChannelImpl.finishConnect(SocketChannelImpl.java:717)
	at org.apache.ratis.thirdparty.io.netty.channel.socket.nio.NioSocketChannel.doFinishConnect(NioSocketChannel.java:327)
	at org.apache.ratis.thirdparty.io.netty.channel.nio.AbstractNioChannel$AbstractNioUnsafe.finishConnect(AbstractNioChannel.java:340)
	at org.apache.ratis.thirdparty.io.netty.channel.nio.NioEventLoop.processSelectedKey(NioEventLoop.java:632)
	at org.apache.ratis.thirdparty.io.netty.channel.nio.NioEventLoop.processSelectedKeysOptimized(NioEventLoop.java:579)
	at org.apache.ratis.thirdparty.io.netty.channel.nio.NioEventLoop.processSelectedKeys(NioEventLoop.java:496)
	at org.apache.ratis.thirdparty.io.netty.channel.nio.NioEventLoop.run(NioEventLoop.java:458)
	at org.apache.ratis.thirdparty.io.netty.util.concurrent.SingleThreadEventExecutor$5.run(SingleThreadEventExecutor.java:897)
	at org.apache.ratis.thirdparty.io.netty.util.concurrent.FastThreadLocalRunnable.run(FastThreadLocalRunnable.java:30)
	... 1 more
Caused by: java.net.ConnectException: Connection refused
	... 11 more
2019-10-15 23:19:54,923 [38dbd1c3-faa5-48e6-bcd1-f1510de0773c@group-5054BFC63753-LeaderElection61] INFO  impl.LeaderElection (LogUtils.java:infoOrTrace(149)) - 38dbd1c3-faa5-48e6-bcd1-f1510de0773c@group-5054BFC63753-LeaderElection61 got exception when requesting votes: {}
java.util.concurrent.ExecutionException: org.apache.ratis.thirdparty.io.grpc.StatusRuntimeException: UNAVAILABLE: io exception
	at java.util.concurrent.FutureTask.report(FutureTask.java:122)
	at java.util.concurrent.FutureTask.get(FutureTask.java:192)
	at org.apache.ratis.server.impl.LeaderElection.waitForResults(LeaderElection.java:259)
	at org.apache.ratis.server.impl.LeaderElection.askForVotes(LeaderElection.java:197)
	at org.apache.ratis.server.impl.LeaderElection.run(LeaderElection.java:133)
	at java.lang.Thread.run(Thread.java:748)
Caused by: org.apache.ratis.thirdparty.io.grpc.StatusRuntimeException: UNAVAILABLE: io exception
	at org.apache.ratis.thirdparty.io.grpc.stub.ClientCalls.toStatusRuntimeException(ClientCalls.java:233)
	at org.apache.ratis.thirdparty.io.grpc.stub.ClientCalls.getUnchecked(ClientCalls.java:214)
	at org.apache.ratis.thirdparty.io.grpc.stub.ClientCalls.blockingUnaryCall(ClientCalls.java:139)
	at org.apache.ratis.proto.grpc.RaftServerProtocolServiceGrpc$RaftServerProtocolServiceBlockingStub.requestVote(RaftServerProtocolServiceGrpc.java:265)
	at org.apache.ratis.grpc.server.GrpcServerProtocolClient.requestVote(GrpcServerProtocolClient.java:99)
	at org.apache.ratis.grpc.server.GrpcService.requestVote(GrpcService.java:204)
	at org.apache.ratis.server.impl.LeaderElection.lambda$submitRequests$1(LeaderElection.java:234)
	at java.util.concurrent.FutureTask.run(FutureTask.java:266)
	at java.util.concurrent.Executors$RunnableAdapter.call(Executors.java:511)
	at java.util.concurrent.FutureTask.run(FutureTask.java:266)
	at java.util.concurrent.ThreadPoolExecutor.runWorker(ThreadPoolExecutor.java:1149)
	at java.util.concurrent.ThreadPoolExecutor$Worker.run(ThreadPoolExecutor.java:624)
	... 1 more
Caused by: org.apache.ratis.thirdparty.io.netty.channel.AbstractChannel$AnnotatedConnectException: Connection refused: /192.168.157.213:32920
	at sun.nio.ch.SocketChannelImpl.checkConnect(Native Method)
	at sun.nio.ch.SocketChannelImpl.finishConnect(SocketChannelImpl.java:717)
	at org.apache.ratis.thirdparty.io.netty.channel.socket.nio.NioSocketChannel.doFinishConnect(NioSocketChannel.java:327)
	at org.apache.ratis.thirdparty.io.netty.channel.nio.AbstractNioChannel$AbstractNioUnsafe.finishConnect(AbstractNioChannel.java:340)
	at org.apache.ratis.thirdparty.io.netty.channel.nio.NioEventLoop.processSelectedKey(NioEventLoop.java:632)
	at org.apache.ratis.thirdparty.io.netty.channel.nio.NioEventLoop.processSelectedKeysOptimized(NioEventLoop.java:579)
	at org.apache.ratis.thirdparty.io.netty.channel.nio.NioEventLoop.processSelectedKeys(NioEventLoop.java:496)
	at org.apache.ratis.thirdparty.io.netty.channel.nio.NioEventLoop.run(NioEventLoop.java:458)
	at org.apache.ratis.thirdparty.io.netty.util.concurrent.SingleThreadEventExecutor$5.run(SingleThreadEventExecutor.java:897)
	at org.apache.ratis.thirdparty.io.netty.util.concurrent.FastThreadLocalRunnable.run(FastThreadLocalRunnable.java:30)
	... 1 more
Caused by: java.net.ConnectException: Connection refused
	... 11 more
2019-10-15 23:19:54,924 [d8510fed-4a1a-407a-82a8-c66d1fc8fbfe@group-5054BFC63753-LeaderElection60] INFO  impl.RaftServerImpl (RaftServerImpl.java:setRole(170)) - d8510fed-4a1a-407a-82a8-c66d1fc8fbfe@group-5054BFC63753: changes role from CANDIDATE to FOLLOWER at term 2 for DISCOVERED_A_NEW_TERM
2019-10-15 23:19:54,927 [d8510fed-4a1a-407a-82a8-c66d1fc8fbfe@group-5054BFC63753-LeaderElection60] INFO  impl.RoleInfo (RoleInfo.java:shutdownLeaderElection(134)) - d8510fed-4a1a-407a-82a8-c66d1fc8fbfe: shutdown LeaderElection
2019-10-15 23:19:54,927 [d8510fed-4a1a-407a-82a8-c66d1fc8fbfe@group-5054BFC63753-LeaderElection60] INFO  impl.RoleInfo (RoleInfo.java:updateAndGet(143)) - d8510fed-4a1a-407a-82a8-c66d1fc8fbfe: start FollowerState
2019-10-15 23:19:54,928 [38dbd1c3-faa5-48e6-bcd1-f1510de0773c@group-5054BFC63753-LeaderElection61] INFO  impl.LeaderElection (LeaderElection.java:logAndReturn(56)) - 38dbd1c3-faa5-48e6-bcd1-f1510de0773c@group-5054BFC63753-LeaderElection61: Election REJECTED; received 1 response(s) [38dbd1c3-faa5-48e6-bcd1-f1510de0773c<-d8510fed-4a1a-407a-82a8-c66d1fc8fbfe#0:FAIL-t2] and 1 exception(s); 38dbd1c3-faa5-48e6-bcd1-f1510de0773c@group-5054BFC63753:t2, leader=null, voted=38dbd1c3-faa5-48e6-bcd1-f1510de0773c, raftlog=38dbd1c3-faa5-48e6-bcd1-f1510de0773c@group-5054BFC63753-SegmentedRaftLog:OPENED:c2,f2,i2, conf=0: [38dbd1c3-faa5-48e6-bcd1-f1510de0773c:192.168.157.213:43664, d8510fed-4a1a-407a-82a8-c66d1fc8fbfe:192.168.157.213:35892, 5ed9541c-0fee-4df4-91ea-614d35c75888:192.168.157.213:32920], old=null
2019-10-15 23:19:54,928 [38dbd1c3-faa5-48e6-bcd1-f1510de0773c@group-5054BFC63753-LeaderElection61] INFO  impl.LeaderElection (LogUtils.java:infoOrTrace(149)) -   Exception 0: {}
java.util.concurrent.ExecutionException: org.apache.ratis.thirdparty.io.grpc.StatusRuntimeException: UNAVAILABLE: io exception
	at java.util.concurrent.FutureTask.report(FutureTask.java:122)
	at java.util.concurrent.FutureTask.get(FutureTask.java:192)
	at org.apache.ratis.server.impl.LeaderElection.waitForResults(LeaderElection.java:259)
	at org.apache.ratis.server.impl.LeaderElection.askForVotes(LeaderElection.java:197)
	at org.apache.ratis.server.impl.LeaderElection.run(LeaderElection.java:133)
	at java.lang.Thread.run(Thread.java:748)
Caused by: org.apache.ratis.thirdparty.io.grpc.StatusRuntimeException: UNAVAILABLE: io exception
	at org.apache.ratis.thirdparty.io.grpc.stub.ClientCalls.toStatusRuntimeException(ClientCalls.java:233)
	at org.apache.ratis.thirdparty.io.grpc.stub.ClientCalls.getUnchecked(ClientCalls.java:214)
	at org.apache.ratis.thirdparty.io.grpc.stub.ClientCalls.blockingUnaryCall(ClientCalls.java:139)
	at org.apache.ratis.proto.grpc.RaftServerProtocolServiceGrpc$RaftServerProtocolServiceBlockingStub.requestVote(RaftServerProtocolServiceGrpc.java:265)
	at org.apache.ratis.grpc.server.GrpcServerProtocolClient.requestVote(GrpcServerProtocolClient.java:99)
	at org.apache.ratis.grpc.server.GrpcService.requestVote(GrpcService.java:204)
	at org.apache.ratis.server.impl.LeaderElection.lambda$submitRequests$1(LeaderElection.java:234)
	at java.util.concurrent.FutureTask.run(FutureTask.java:266)
	at java.util.concurrent.Executors$RunnableAdapter.call(Executors.java:511)
	at java.util.concurrent.FutureTask.run(FutureTask.java:266)
	at java.util.concurrent.ThreadPoolExecutor.runWorker(ThreadPoolExecutor.java:1149)
	at java.util.concurrent.ThreadPoolExecutor$Worker.run(ThreadPoolExecutor.java:624)
	... 1 more
Caused by: org.apache.ratis.thirdparty.io.netty.channel.AbstractChannel$AnnotatedConnectException: Connection refused: /192.168.157.213:32920
	at sun.nio.ch.SocketChannelImpl.checkConnect(Native Method)
	at sun.nio.ch.SocketChannelImpl.finishConnect(SocketChannelImpl.java:717)
	at org.apache.ratis.thirdparty.io.netty.channel.socket.nio.NioSocketChannel.doFinishConnect(NioSocketChannel.java:327)
	at org.apache.ratis.thirdparty.io.netty.channel.nio.AbstractNioChannel$AbstractNioUnsafe.finishConnect(AbstractNioChannel.java:340)
	at org.apache.ratis.thirdparty.io.netty.channel.nio.NioEventLoop.processSelectedKey(NioEventLoop.java:632)
	at org.apache.ratis.thirdparty.io.netty.channel.nio.NioEventLoop.processSelectedKeysOptimized(NioEventLoop.java:579)
	at org.apache.ratis.thirdparty.io.netty.channel.nio.NioEventLoop.processSelectedKeys(NioEventLoop.java:496)
	at org.apache.ratis.thirdparty.io.netty.channel.nio.NioEventLoop.run(NioEventLoop.java:458)
	at org.apache.ratis.thirdparty.io.netty.util.concurrent.SingleThreadEventExecutor$5.run(SingleThreadEventExecutor.java:897)
	at org.apache.ratis.thirdparty.io.netty.util.concurrent.FastThreadLocalRunnable.run(FastThreadLocalRunnable.java:30)
	... 1 more
Caused by: java.net.ConnectException: Connection refused
	... 11 more
2019-10-15 23:19:54,929 [38dbd1c3-faa5-48e6-bcd1-f1510de0773c@group-5054BFC63753-LeaderElection61] INFO  impl.RaftServerImpl (RaftServerImpl.java:setRole(170)) - 38dbd1c3-faa5-48e6-bcd1-f1510de0773c@group-5054BFC63753: changes role from CANDIDATE to FOLLOWER at term 2 for DISCOVERED_A_NEW_TERM
2019-10-15 23:19:54,929 [38dbd1c3-faa5-48e6-bcd1-f1510de0773c@group-5054BFC63753-LeaderElection61] INFO  impl.RoleInfo (RoleInfo.java:shutdownLeaderElection(134)) - 38dbd1c3-faa5-48e6-bcd1-f1510de0773c: shutdown LeaderElection
2019-10-15 23:19:54,929 [38dbd1c3-faa5-48e6-bcd1-f1510de0773c@group-5054BFC63753-LeaderElection61] INFO  impl.RoleInfo (RoleInfo.java:updateAndGet(143)) - 38dbd1c3-faa5-48e6-bcd1-f1510de0773c: start FollowerState
2019-10-15 23:19:55,077 [grpc-default-executor-5] WARN  server.GrpcLogAppender (LogUtils.java:warn(134)) - 9a32c150-8a71-44f8-a6d2-35b751a73f8d@group-8113D68F2097->f3358113-732e-4d1a-b7b4-0079f823154f-AppendLogResponseHandler: Failed appendEntries: org.apache.ratis.thirdparty.io.grpc.StatusRuntimeException: UNAVAILABLE: io exception
2019-10-15 23:19:55,077 [grpc-default-executor-1] WARN  server.GrpcLogAppender (LogUtils.java:warn(134)) - 9a32c150-8a71-44f8-a6d2-35b751a73f8d@group-8113D68F2097->10266a97-a68e-492c-868a-f014903942e5-AppendLogResponseHandler: Failed appendEntries: org.apache.ratis.thirdparty.io.grpc.StatusRuntimeException: UNAVAILABLE: io exception
2019-10-15 23:19:55,078 [grpc-default-executor-5] INFO  impl.FollowerInfo (FollowerInfo.java:lambda$new$0(51)) - 9a32c150-8a71-44f8-a6d2-35b751a73f8d@group-8113D68F2097->f3358113-732e-4d1a-b7b4-0079f823154f: nextIndex: updateUnconditionally 0 -> 0
2019-10-15 23:19:55,078 [grpc-default-executor-1] INFO  impl.FollowerInfo (FollowerInfo.java:lambda$new$0(51)) - 9a32c150-8a71-44f8-a6d2-35b751a73f8d@group-8113D68F2097->10266a97-a68e-492c-868a-f014903942e5: nextIndex: updateUnconditionally 0 -> 0
]]></system-out>
  </testcase>
</testsuite>